LUA_PATH=/home/mdcallag/git/mytools/bench/sysbench.lua/lua/?.lua /home/mdcallag/git/mytools/bench/sysbench.lua/lua/sysbench --db-driver=pgsql --range-size=10 --table-size=10000000 --tables=8 --threads=40 --events=0 --warmup-time=5 --time=930 --pgsql_conn_id=true /home/mdcallag/git/mytools/bench/sysbench.lua/lua/oltp_read_write.lua run --pgsql-user=root --pgsql-password=pw --pgsql-host=127.0.0.1 --pgsql-db=ib --rand-type=uniform
48 CPUs
sysbench 1.1.0-9072687 (using bundled LuaJIT 2.1.0-beta3)

Running the test with following options:
Number of threads: 40
Warmup time: 5s
Initializing random number generator from current time


Initializing worker threads...

explain: for point_selects :: explain SELECT c FROM sbtest%u WHERE id=%u
explain: for point_selects :: explain SELECT c FROM sbtest%u WHERE id=%u
for point_selects
table 1 : explain SELECT c FROM sbtest1 WHERE id=9330913
	Index Scan using sbtest1_pkey on sbtest1  (cost=0.43..8.45 rows=1 width=121)
	  Index Cond: (id = 9330913)

table 2 : explain SELECT c FROM sbtest2 WHERE id=8100216
	Index Scan using sbtest2_pkey on sbtest2  (cost=0.43..8.45 rows=1 width=121)
	  Index Cond: (id = 8100216)

table 3 : explain SELECT c FROM sbtest3 WHERE id=7379746
	Index Scan using sbtest3_pkey on sbtest3  (cost=0.43..8.45 rows=1 width=121)
	  Index Cond: (id = 7379746)

table 4 : explain SELECT c FROM sbtest4 WHERE id=3303690
	Index Scan using sbtest4_pkey on sbtest4  (cost=0.43..8.45 rows=1 width=121)
	  Index Cond: (id = 3303690)

table 5 : explain SELECT c FROM sbtest5 WHERE id=2281201
	Index Scan using sbtest5_pkey on sbtest5  (cost=0.43..8.45 rows=1 width=121)
	  Index Cond: (id = 2281201)

table 6 : explain SELECT c FROM sbtest6 WHERE id=8525389
	Index Scan using sbtest6_pkey on sbtest6  (cost=0.43..8.45 rows=1 width=121)
	  Index Cond: (id = 8525389)

table 7 : explain SELECT c FROM sbtest7 WHERE id=1290169
	Index Scan using sbtest7_pkey on sbtest7  (cost=0.43..8.45 rows=1 width=121)
	  Index Cond: (id = 1290169)

table 8 : explain SELECT c FROM sbtest8 WHERE id=7373206
	Index Scan using sbtest8_pkey on sbtest8  (cost=0.43..8.45 rows=1 width=121)
	  Index Cond: (id = 7373206)

explain: for point_selects :: explain SELECT c FROM sbtest%u WHERE id=%u
explain: for point_selects :: explain SELECT c FROM sbtest%u WHERE id=%u
for point_selects
table 1 : explain SELECT c FROM sbtest1 WHERE id=5414039
	Index Scan using sbtest1_pkey on sbtest1  (cost=0.43..8.45 rows=1 width=121)
	  Index Cond: (id = 5414039)

table 2 : explain SELECT c FROM sbtest2 WHERE id=5525537
	Index Scan using sbtest2_pkey on sbtest2  (cost=0.43..8.45 rows=1 width=121)
	  Index Cond: (id = 5525537)

table 3 : explain SELECT c FROM sbtest3 WHERE id=5188043
	Index Scan using sbtest3_pkey on sbtest3  (cost=0.43..8.45 rows=1 width=121)
	  Index Cond: (id = 5188043)

table 4 : explain SELECT c FROM sbtest4 WHERE id=8116160
	Index Scan using sbtest4_pkey on sbtest4  (cost=0.43..8.45 rows=1 width=121)
	  Index Cond: (id = 8116160)

table 5 : explain SELECT c FROM sbtest5 WHERE id=6789134
	Index Scan using sbtest5_pkey on sbtest5  (cost=0.43..8.45 rows=1 width=121)
	  Index Cond: (id = 6789134)

table 6 : explain SELECT c FROM sbtest6 WHERE id=4646433
	Index Scan using sbtest6_pkey on sbtest6  (cost=0.43..8.45 rows=1 width=121)
	  Index Cond: (id = 4646433)

table 7 : explain SELECT c FROM sbtest7 WHERE id=5118347
	Index Scan using sbtest7_pkey on sbtest7  (cost=0.43..8.45 rows=1 width=121)
	  Index Cond: (id = 5118347)

table 8 : explain SELECT c FROM sbtest8 WHERE id=7032917
	Index Scan using sbtest8_pkey on sbtest8  (cost=0.43..8.45 rows=1 width=121)
	  Index Cond: (id = 7032917)

for: simple_ranges
table 1 : explain SELECT c FROM sbtest1 WHERE id BETWEEN 7886497 AND 7886506
	Index Scan using sbtest1_pkey on sbtest1  (cost=0.43..38.95 rows=10 width=121)
	  Index Cond: ((id >= 7886497) AND (id <= 7886506))

table 2 : explain SELECT c FROM sbtest2 WHERE id BETWEEN 1832922 AND 1832931
	Index Scan using sbtest2_pkey on sbtest2  (cost=0.43..39.17 rows=10 width=121)
	  Index Cond: ((id >= 1832922) AND (id <= 1832931))

table 3 : explain SELECT c FROM sbtest3 WHERE id BETWEEN 3096704 AND 3096713
	Index Scan using sbtest3_pkey on sbtest3  (cost=0.43..39.26 rows=10 width=121)
	  Index Cond: ((id >= 3096704) AND (id <= 3096713))

table 4 : explain SELECT c FROM sbtest4 WHERE id BETWEEN 7120899 AND 7120908
	Index Scan using sbtest4_pkey on sbtest4  (cost=0.43..38.68 rows=10 width=121)
	  Index Cond: ((id >= 7120899) AND (id <= 7120908))

table 5 : explain SELECT c FROM sbtest5 WHERE id BETWEEN 5011367 AND 5011376
	Index Scan using sbtest5_pkey on sbtest5  (cost=0.43..46.05 rows=12 width=121)
	  Index Cond: ((id >= 5011367) AND (id <= 5011376))

table 6 : explain SELECT c FROM sbtest6 WHERE id BETWEEN 6738794 AND 6738803
	Index Scan using sbtest6_pkey on sbtest6  (cost=0.43..39.36 rows=10 width=121)
	  Index Cond: ((id >= 6738794) AND (id <= 6738803))

table 7 : explain SELECT c FROM sbtest7 WHERE id BETWEEN 392579 AND 392588
	Index Scan using sbtest7_pkey on sbtest7  (cost=0.43..42.68 rows=11 width=121)
	  Index Cond: ((id >= 392579) AND (id <= 392588))

table 8 : explain SELECT c FROM sbtest8 WHERE id BETWEEN 9862719 AND 9862728
	Index Scan using sbtest8_pkey on sbtest8  (cost=0.43..38.57 rows=10 width=121)
	  Index Cond: ((id >= 9862719) AND (id <= 9862728))

for point_selects
table 1 : explain SELECT c FROM sbtest1 WHERE id=4138684
	Index Scan using sbtest1_pkey on sbtest1  (cost=0.43..8.45 rows=1 width=121)
	  Index Cond: (id = 4138684)

table 2 : explain SELECT c FROM sbtest2 WHERE id=9364258
	Index Scan using sbtest2_pkey on sbtest2  (cost=0.43..8.45 rows=1 width=121)
	  Index Cond: (id = 9364258)

table 3 : explain SELECT c FROM sbtest3 WHERE id=6210524
	Index Scan using sbtest3_pkey on sbtest3  (cost=0.43..8.45 rows=1 width=121)
	  Index Cond: (id = 6210524)

table 4 : explain SELECT c FROM sbtest4 WHERE id=9209078
	Index Scan using sbtest4_pkey on sbtest4  (cost=0.43..8.45 rows=1 width=121)
	  Index Cond: (id = 9209078)

table 5 : explain SELECT c FROM sbtest5 WHERE id=870632
	Index Scan using sbtest5_pkey on sbtest5  (cost=0.43..8.45 rows=1 width=121)
	  Index Cond: (id = 870632)

table 6 : explain SELECT c FROM sbtest6 WHERE id=857516
	Index Scan using sbtest6_pkey on sbtest6  (cost=0.43..8.45 rows=1 width=121)
	  Index Cond: (id = 857516)

table 7 : explain SELECT c FROM sbtest7 WHERE id=1929429
	Index Scan using sbtest7_pkey on sbtest7  (cost=0.43..8.45 rows=1 width=121)
	  Index Cond: (id = 1929429)

table 8 : explain SELECT c FROM sbtest8 WHERE id=1413919
	Index Scan using sbtest8_pkey on sbtest8  (cost=0.43..8.45 rows=1 width=121)
	  Index Cond: (id = 1413919)

for point_selects
table 1 : explain SELECT c FROM sbtest1 WHERE id=6357279
	Index Scan using sbtest1_pkey on sbtest1  (cost=0.43..8.45 rows=1 width=121)
	  Index Cond: (id = 6357279)

table 2 : explain SELECT c FROM sbtest2 WHERE id=1733850
	Index Scan using sbtest2_pkey on sbtest2  (cost=0.43..8.45 rows=1 width=121)
	  Index Cond: (id = 1733850)

table 3 : explain SELECT c FROM sbtest3 WHERE id=2933930
	Index Scan using sbtest3_pkey on sbtest3  (cost=0.43..8.45 rows=1 width=121)
	  Index Cond: (id = 2933930)

table 4 : explain SELECT c FROM sbtest4 WHERE id=5176441
	Index Scan using sbtest4_pkey on sbtest4  (cost=0.43..8.45 rows=1 width=121)
	  Index Cond: (id = 5176441)

table 5 : explain SELECT c FROM sbtest5 WHERE id=2848647
	Index Scan using sbtest5_pkey on sbtest5  (cost=0.43..8.45 rows=1 width=121)
	  Index Cond: (id = 2848647)

table 6 : explain SELECT c FROM sbtest6 WHERE id=7022628
	Index Scan using sbtest6_pkey on sbtest6  (cost=0.43..8.45 rows=1 width=121)
	  Index Cond: (id = 7022628)

table 7 : explain SELECT c FROM sbtest7 WHERE id=2073727
	Index Scan using sbtest7_pkey on sbtest7  (cost=0.43..8.45 rows=1 width=121)
	  Index Cond: (id = 2073727)

table 8 : explain SELECT c FROM sbtest8 WHERE id=9192200
	Index Scan using sbtest8_pkey on sbtest8  (cost=0.43..8.45 rows=1 width=121)
	  Index Cond: (id = 9192200)

for: simple_ranges
table 1 : explain SELECT c FROM sbtest1 WHERE id BETWEEN 9793349 AND 9793358
	Index Scan using sbtest1_pkey on sbtest1  (cost=0.43..38.95 rows=10 width=121)
	  Index Cond: ((id >= 9793349) AND (id <= 9793358))

table 2 : explain SELECT c FROM sbtest2 WHERE id BETWEEN 1790950 AND 1790959
	Index Scan using sbtest2_pkey on sbtest2  (cost=0.43..39.17 rows=10 width=121)
	  Index Cond: ((id >= 1790950) AND (id <= 1790959))

table 3 : explain SELECT c FROM sbtest3 WHERE id BETWEEN 8258221 AND 8258230
	Index Scan using sbtest3_pkey on sbtest3  (cost=0.43..42.69 rows=11 width=121)
	  Index Cond: ((id >= 8258221) AND (id <= 8258230))

table 4 : explain SELECT c FROM sbtest4 WHERE id BETWEEN 8693575 AND 8693584
	Index Scan using sbtest4_pkey on sbtest4  (cost=0.43..38.68 rows=10 width=121)
	  Index Cond: ((id >= 8693575) AND (id <= 8693584))

table 5 : explain SELECT c FROM sbtest5 WHERE id BETWEEN 1975757 AND 1975766
	Index Scan using sbtest5_pkey on sbtest5  (cost=0.43..39.22 rows=10 width=121)
	  Index Cond: ((id >= 1975757) AND (id <= 1975766))

table 6 : explain SELECT c FROM sbtest6 WHERE id BETWEEN 8938885 AND 8938894
	Index Scan using sbtest6_pkey on sbtest6  (cost=0.43..35.93 rows=9 width=121)
	  Index Cond: ((id >= 8938885) AND (id <= 8938894))

table 7 : explain SELECT c FROM sbtest7 WHERE id BETWEEN 7269790 AND 7269799
	Index Scan using sbtest7_pkey on sbtest7  (cost=0.43..39.25 rows=10 width=121)
	  Index Cond: ((id >= 7269790) AND (id <= 7269799))

table 8 : explain SELECT c FROM sbtest8 WHERE id BETWEEN 9321930 AND 9321939
	Index Scan using sbtest8_pkey on sbtest8  (cost=0.43..35.22 rows=9 width=121)
	  Index Cond: ((id >= 9321930) AND (id <= 9321939))

explain: for point_selects :: explain SELECT c FROM sbtest%u WHERE id=%u
for: simple_ranges
table 1 : explain SELECT c FROM sbtest1 WHERE id BETWEEN 669034 AND 669043
	Index Scan using sbtest1_pkey on sbtest1  (cost=0.43..42.34 rows=11 width=121)
	  Index Cond: ((id >= 669034) AND (id <= 669043))

table 2 : explain SELECT c FROM sbtest2 WHERE id BETWEEN 6267465 AND 6267474
	Index Scan using sbtest2_pkey on sbtest2  (cost=0.43..39.17 rows=10 width=121)
	  Index Cond: ((id >= 6267465) AND (id <= 6267474))

table 3 : explain SELECT c FROM sbtest3 WHERE id BETWEEN 3383688 AND 3383697
	Index Scan using sbtest3_pkey on sbtest3  (cost=0.43..42.69 rows=11 width=121)
	  Index Cond: ((id >= 3383688) AND (id <= 3383697))

table 4 : explain SELECT c FROM sbtest4 WHERE id BETWEEN 6841295 AND 6841304
	Index Scan using sbtest4_pkey on sbtest4  (cost=0.43..42.04 rows=11 width=121)
	  Index Cond: ((id >= 6841295) AND (id <= 6841304))

table 5 : explain SELECT c FROM sbtest5 WHERE id BETWEEN 7903400 AND 7903409
	Index Scan using sbtest5_pkey on sbtest5  (cost=0.43..39.22 rows=10 width=121)
	  Index Cond: ((id >= 7903400) AND (id <= 7903409))

table 6 : explain SELECT c FROM sbtest6 WHERE id BETWEEN 8965883 AND 8965892
	Index Scan using sbtest6_pkey on sbtest6  (cost=0.43..35.93 rows=9 width=121)
	  Index Cond: ((id >= 8965883) AND (id <= 8965892))

table 7 : explain SELECT c FROM sbtest7 WHERE id BETWEEN 4306579 AND 4306588
	Index Scan using sbtest7_pkey on sbtest7  (cost=0.43..39.25 rows=10 width=121)
	  Index Cond: ((id >= 4306579) AND (id <= 4306588))

table 8 : explain SELECT c FROM sbtest8 WHERE id BETWEEN 4723786 AND 4723795
	Index Scan using sbtest8_pkey on sbtest8  (cost=0.43..35.22 rows=9 width=121)
	  Index Cond: ((id >= 4723786) AND (id <= 4723795))

for: sum_ranges
table 1 : explain SELECT SUM(k) FROM sbtest1 WHERE id BETWEEN 6308558 AND 6308567
	Aggregate  (cost=42.37..42.38 rows=1 width=8)
	  ->  Index Scan using sbtest1_pkey on sbtest1  (cost=0.43..42.34 rows=11 width=4)
	        Index Cond: ((id >= 6308558) AND (id <= 6308567))

table 2 : explain SELECT SUM(k) FROM sbtest2 WHERE id BETWEEN 643897 AND 643906
	Aggregate  (cost=42.61..42.62 rows=1 width=8)
	  ->  Index Scan using sbtest2_pkey on sbtest2  (cost=0.43..42.58 rows=11 width=4)
	        Index Cond: ((id >= 643897) AND (id <= 643906))

table 3 : explain SELECT SUM(k) FROM sbtest3 WHERE id BETWEEN 9416926 AND 9416935
	Aggregate  (cost=35.86..35.87 rows=1 width=8)
	  ->  Index Scan using sbtest3_pkey on sbtest3  (cost=0.43..35.84 rows=9 width=4)
	        Index Cond: ((id >= 9416926) AND (id <= 9416935))

table 4 : explain SELECT SUM(k) FROM sbtest4 WHERE id BETWEEN 3235895 AND 3235904
	Aggregate  (cost=38.70..38.71 rows=1 width=8)
	  ->  Index Scan using sbtest4_pkey on sbtest4  (cost=0.43..38.68 rows=10 width=4)
	        Index Cond: ((id >= 3235895) AND (id <= 3235904))

table 5 : explain SELECT SUM(k) FROM sbtest5 WHERE id BETWEEN 7314574 AND 7314583
	Aggregate  (cost=39.24..39.25 rows=1 width=8)
	  ->  Index Scan using sbtest5_pkey on sbtest5  (cost=0.43..39.22 rows=10 width=4)
	        Index Cond: ((id >= 7314574) AND (id <= 7314583))

table 6 : explain SELECT SUM(k) FROM sbtest6 WHERE id BETWEEN 4946140 AND 4946149
	Aggregate  (cost=39.39..39.40 rows=1 width=8)
	  ->  Index Scan using sbtest6_pkey on sbtest6  (cost=0.43..39.36 rows=10 width=4)
	        Index Cond: ((id >= 4946140) AND (id <= 4946149))

table 7 : explain SELECT SUM(k) FROM sbtest7 WHERE id BETWEEN 2878845 AND 2878854
	Aggregate  (cost=39.28..39.29 rows=1 width=8)
	  ->  Index Scan using sbtest7_pkey on sbtest7  (cost=0.43..39.25 rows=10 width=4)
	        Index Cond: ((id >= 2878845) AND (id <= 2878854))

table 8 : explain SELECT SUM(k) FROM sbtest8 WHERE id BETWEEN 9970294 AND 9970303
	Aggregate  (cost=38.60..38.61 rows=1 width=8)
	  ->  Index Scan using sbtest8_pkey on sbtest8  (cost=0.43..38.57 rows=10 width=4)
	        Index Cond: ((id >= 9970294) AND (id <= 9970303))

for: simple_ranges
table 1 : explain SELECT c FROM sbtest1 WHERE id BETWEEN 5374111 AND 5374120
	Index Scan using sbtest1_pkey on sbtest1  (cost=0.43..38.95 rows=10 width=121)
	  Index Cond: ((id >= 5374111) AND (id <= 5374120))

table 2 : explain SELECT c FROM sbtest2 WHERE id BETWEEN 343944 AND 343953
	Index Scan using sbtest2_pkey on sbtest2  (cost=0.43..39.17 rows=10 width=121)
	  Index Cond: ((id >= 343944) AND (id <= 343953))

table 3 : explain SELECT c FROM sbtest3 WHERE id BETWEEN 6485321 AND 6485330
	Index Scan using sbtest3_pkey on sbtest3  (cost=0.43..42.69 rows=11 width=121)
	  Index Cond: ((id >= 6485321) AND (id <= 6485330))

table 4 : explain SELECT c FROM sbtest4 WHERE id BETWEEN 609464 AND 609473
	Index Scan using sbtest4_pkey on sbtest4  (cost=0.43..35.32 rows=9 width=121)
	  Index Cond: ((id >= 609464) AND (id <= 609473))

table 5 : explain SELECT c FROM sbtest5 WHERE id BETWEEN 1725963 AND 1725972
	Index Scan using sbtest5_pkey on sbtest5  (cost=0.43..39.22 rows=10 width=121)
	  Index Cond: ((id >= 1725963) AND (id <= 1725972))

table 6 : explain SELECT c FROM sbtest6 WHERE id BETWEEN 5363558 AND 5363567
	Index Scan using sbtest6_pkey on sbtest6  (cost=0.43..42.80 rows=11 width=121)
	  Index Cond: ((id >= 5363558) AND (id <= 5363567))

table 7 : explain SELECT c FROM sbtest7 WHERE id BETWEEN 4376986 AND 4376995
	Index Scan using sbtest7_pkey on sbtest7  (cost=0.43..39.25 rows=10 width=121)
	  Index Cond: ((id >= 4376986) AND (id <= 4376995))

table 8 : explain SELECT c FROM sbtest8 WHERE id BETWEEN 4697584 AND 4697593
	Index Scan using sbtest8_pkey on sbtest8  (cost=0.43..35.22 rows=9 width=121)
	  Index Cond: ((id >= 4697584) AND (id <= 4697593))

for: sum_ranges
table 1 : explain SELECT SUM(k) FROM sbtest1 WHERE id BETWEEN 2846818 AND 2846827
	Aggregate  (cost=38.98..38.99 rows=1 width=8)
	  ->  Index Scan using sbtest1_pkey on sbtest1  (cost=0.43..38.95 rows=10 width=4)
	        Index Cond: ((id >= 2846818) AND (id <= 2846827))

table 2 : explain SELECT SUM(k) FROM sbtest2 WHERE id BETWEEN 6558362 AND 6558371
	Aggregate  (cost=39.20..39.21 rows=1 width=8)
	  ->  Index Scan using sbtest2_pkey on sbtest2  (cost=0.43..39.17 rows=10 width=4)
	        Index Cond: ((id >= 6558362) AND (id <= 6558371))

table 3 : explain SELECT SUM(k) FROM sbtest3 WHERE id BETWEEN 8105052 AND 8105061
	Aggregate  (cost=39.29..39.30 rows=1 width=8)
	  ->  Index Scan using sbtest3_pkey on sbtest3  (cost=0.43..39.26 rows=10 width=4)
	        Index Cond: ((id >= 8105052) AND (id <= 8105061))

table 4 : explain SELECT SUM(k) FROM sbtest4 WHERE id BETWEEN 7328611 AND 7328620
	Aggregate  (cost=42.06..42.07 rows=1 width=8)
	  ->  Index Scan using sbtest4_pkey on sbtest4  (cost=0.43..42.04 rows=11 width=4)
	        Index Cond: ((id >= 7328611) AND (id <= 7328620))

table 5 : explain SELECT SUM(k) FROM sbtest5 WHERE id BETWEEN 7104258 AND 7104267
	Aggregate  (cost=39.24..39.25 rows=1 width=8)
	  ->  Index Scan using sbtest5_pkey on sbtest5  (cost=0.43..39.22 rows=10 width=4)
	        Index Cond: ((id >= 7104258) AND (id <= 7104267))

table 6 : explain SELECT SUM(k) FROM sbtest6 WHERE id BETWEEN 2084215 AND 2084224
	Aggregate  (cost=39.39..39.40 rows=1 width=8)
	  ->  Index Scan using sbtest6_pkey on sbtest6  (cost=0.43..39.36 rows=10 width=4)
	        Index Cond: ((id >= 2084215) AND (id <= 2084224))

table 7 : explain SELECT SUM(k) FROM sbtest7 WHERE id BETWEEN 6699296 AND 6699305
	Aggregate  (cost=39.28..39.29 rows=1 width=8)
	  ->  Index Scan using sbtest7_pkey on sbtest7  (cost=0.43..39.25 rows=10 width=4)
	        Index Cond: ((id >= 6699296) AND (id <= 6699305))

table 8 : explain SELECT SUM(k) FROM sbtest8 WHERE id BETWEEN 1768496 AND 1768505
	Aggregate  (cost=38.60..38.61 rows=1 width=8)
	  ->  Index Scan using sbtest8_pkey on sbtest8  (cost=0.43..38.57 rows=10 width=4)
	        Index Cond: ((id >= 1768496) AND (id <= 1768505))

for point_selects
table 1 : explain SELECT c FROM sbtest1 WHERE id=3623739
	Index Scan using sbtest1_pkey on sbtest1  (cost=0.43..8.45 rows=1 width=121)
	  Index Cond: (id = 3623739)

table 2 : explain SELECT c FROM sbtest2 WHERE id=6557399
	Index Scan using sbtest2_pkey on sbtest2  (cost=0.43..8.45 rows=1 width=121)
	  Index Cond: (id = 6557399)

table 3 : explain SELECT c FROM sbtest3 WHERE id=6306741
	Index Scan using sbtest3_pkey on sbtest3  (cost=0.43..8.45 rows=1 width=121)
	  Index Cond: (id = 6306741)

table 4 : explain SELECT c FROM sbtest4 WHERE id=525636
	Index Scan using sbtest4_pkey on sbtest4  (cost=0.43..8.45 rows=1 width=121)
	  Index Cond: (id = 525636)

table 5 : explain SELECT c FROM sbtest5 WHERE id=1719017
	Index Scan using sbtest5_pkey on sbtest5  (cost=0.43..8.45 rows=1 width=121)
	  Index Cond: (id = 1719017)

table 6 : explain SELECT c FROM sbtest6 WHERE id=9600968
	Index Scan using sbtest6_pkey on sbtest6  (cost=0.43..8.45 rows=1 width=121)
	  Index Cond: (id = 9600968)

table 7 : explain SELECT c FROM sbtest7 WHERE id=3905969
	Index Scan using sbtest7_pkey on sbtest7  (cost=0.43..8.45 rows=1 width=121)
	  Index Cond: (id = 3905969)

table 8 : explain SELECT c FROM sbtest8 WHERE id=1348840
	Index Scan using sbtest8_pkey on sbtest8  (cost=0.43..8.45 rows=1 width=121)
	  Index Cond: (id = 1348840)

for: sum_ranges
table 1 : explain SELECT SUM(k) FROM sbtest1 WHERE id BETWEEN 1772296 AND 1772305
	Aggregate  (cost=35.59..35.60 rows=1 width=8)
	  ->  Index Scan using sbtest1_pkey on sbtest1  (cost=0.43..35.56 rows=9 width=4)
	        Index Cond: ((id >= 1772296) AND (id <= 1772305))

table 2 : explain SELECT SUM(k) FROM sbtest2 WHERE id BETWEEN 5613841 AND 5613850
	Aggregate  (cost=39.20..39.21 rows=1 width=8)
	  ->  Index Scan using sbtest2_pkey on sbtest2  (cost=0.43..39.17 rows=10 width=4)
	        Index Cond: ((id >= 5613841) AND (id <= 5613850))

table 3 : explain SELECT SUM(k) FROM sbtest3 WHERE id BETWEEN 2441553 AND 2441562
	Aggregate  (cost=39.29..39.30 rows=1 width=8)
	  ->  Index Scan using sbtest3_pkey on sbtest3  (cost=0.43..39.26 rows=10 width=4)
	        Index Cond: ((id >= 2441553) AND (id <= 2441562))

table 4 : explain SELECT SUM(k) FROM sbtest4 WHERE id BETWEEN 7447089 AND 7447098
	Aggregate  (cost=38.70..38.71 rows=1 width=8)
	  ->  Index Scan using sbtest4_pkey on sbtest4  (cost=0.43..38.68 rows=10 width=4)
	        Index Cond: ((id >= 7447089) AND (id <= 7447098))

table 5 : explain SELECT SUM(k) FROM sbtest5 WHERE id BETWEEN 4309277 AND 4309286
	Aggregate  (cost=39.24..39.25 rows=1 width=8)
	  ->  Index Scan using sbtest5_pkey on sbtest5  (cost=0.43..39.22 rows=10 width=4)
	        Index Cond: ((id >= 4309277) AND (id <= 4309286))

table 6 : explain SELECT SUM(k) FROM sbtest6 WHERE id BETWEEN 2639741 AND 2639750
	Aggregate  (cost=39.39..39.40 rows=1 width=8)
	  ->  Index Scan using sbtest6_pkey on sbtest6  (cost=0.43..39.36 rows=10 width=4)
	        Index Cond: ((id >= 2639741) AND (id <= 2639750))

table 7 : explain SELECT SUM(k) FROM sbtest7 WHERE id BETWEEN 917536 AND 917545
	Aggregate  (cost=39.28..39.29 rows=1 width=8)
	  ->  Index Scan using sbtest7_pkey on sbtest7  (cost=0.43..39.25 rows=10 width=4)
	        Index Cond: ((id >= 917536) AND (id <= 917545))

table 8 : explain SELECT SUM(k) FROM sbtest8 WHERE id BETWEEN 8506300 AND 8506309
	Aggregate  (cost=35.25..35.26 rows=1 width=8)
	  ->  Index Scan using sbtest8_pkey on sbtest8  (cost=0.43..35.22 rows=9 width=4)
	        Index Cond: ((id >= 8506300) AND (id <= 8506309))

for: simple_ranges
table 1 : explain SELECT c FROM sbtest1 WHERE id BETWEEN 5948731 AND 5948740
	Index Scan using sbtest1_pkey on sbtest1  (cost=0.43..38.95 rows=10 width=121)
	  Index Cond: ((id >= 5948731) AND (id <= 5948740))

table 2 : explain SELECT c FROM sbtest2 WHERE id BETWEEN 3665027 AND 3665036
	Index Scan using sbtest2_pkey on sbtest2  (cost=0.43..39.17 rows=10 width=121)
	  Index Cond: ((id >= 3665027) AND (id <= 3665036))

table 3 : explain SELECT c FROM sbtest3 WHERE id BETWEEN 5319867 AND 5319876
	Index Scan using sbtest3_pkey on sbtest3  (cost=0.43..39.26 rows=10 width=121)
	  Index Cond: ((id >= 5319867) AND (id <= 5319876))

table 4 : explain SELECT c FROM sbtest4 WHERE id BETWEEN 3351094 AND 3351103
	Index Scan using sbtest4_pkey on sbtest4  (cost=0.43..38.68 rows=10 width=121)
	  Index Cond: ((id >= 3351094) AND (id <= 3351103))

table 5 : explain SELECT c FROM sbtest5 WHERE id BETWEEN 201700 AND 201709
	Index Scan using sbtest5_pkey on sbtest5  (cost=0.43..39.22 rows=10 width=121)
	  Index Cond: ((id >= 201700) AND (id <= 201709))

table 6 : explain SELECT c FROM sbtest6 WHERE id BETWEEN 9223086 AND 9223095
	Index Scan using sbtest6_pkey on sbtest6  (cost=0.43..39.36 rows=10 width=121)
	  Index Cond: ((id >= 9223086) AND (id <= 9223095))

table 7 : explain SELECT c FROM sbtest7 WHERE id BETWEEN 7753489 AND 7753498
	Index Scan using sbtest7_pkey on sbtest7  (cost=0.43..39.25 rows=10 width=121)
	  Index Cond: ((id >= 7753489) AND (id <= 7753498))

table 8 : explain SELECT c FROM sbtest8 WHERE id BETWEEN 2903316 AND 2903325
	Index Scan using sbtest8_pkey on sbtest8  (cost=0.43..38.57 rows=10 width=121)
	  Index Cond: ((id >= 2903316) AND (id <= 2903325))

explain: for point_selects :: explain SELECT c FROM sbtest%u WHERE id=%u
for: order_ranges
table 1 : explain SELECT c FROM sbtest1 WHERE id BETWEEN 6716876 AND 6716885 ORDER BY c
	Sort  (cost=42.53..42.56 rows=11 width=121)
	  Sort Key: c
	  ->  Index Scan using sbtest1_pkey on sbtest1  (cost=0.43..42.34 rows=11 width=121)
	        Index Cond: ((id >= 6716876) AND (id <= 6716885))

table 2 : explain SELECT c FROM sbtest2 WHERE id BETWEEN 231484 AND 231493 ORDER BY c
	Sort  (cost=39.34..39.36 rows=10 width=121)
	  Sort Key: c
	  ->  Index Scan using sbtest2_pkey on sbtest2  (cost=0.43..39.17 rows=10 width=121)
	        Index Cond: ((id >= 231484) AND (id <= 231493))

table 3 : explain SELECT c FROM sbtest3 WHERE id BETWEEN 5680891 AND 5680900 ORDER BY c
	Sort  (cost=39.43..39.46 rows=10 width=121)
	  Sort Key: c
	  ->  Index Scan using sbtest3_pkey on sbtest3  (cost=0.43..39.26 rows=10 width=121)
	        Index Cond: ((id >= 5680891) AND (id <= 5680900))

table 4 : explain SELECT c FROM sbtest4 WHERE id BETWEEN 7327715 AND 7327724 ORDER BY c
	Sort  (cost=42.23..42.25 rows=11 width=121)
	  Sort Key: c
	  ->  Index Scan using sbtest4_pkey on sbtest4  (cost=0.43..42.04 rows=11 width=121)
	        Index Cond: ((id >= 7327715) AND (id <= 7327724))

table 5 : explain SELECT c FROM sbtest5 WHERE id BETWEEN 2825700 AND 2825709 ORDER BY c
	Sort  (cost=39.38..39.41 rows=10 width=121)
	  Sort Key: c
	  ->  Index Scan using sbtest5_pkey on sbtest5  (cost=0.43..39.22 rows=10 width=121)
	        Index Cond: ((id >= 2825700) AND (id <= 2825709))

table 6 : explain SELECT c FROM sbtest6 WHERE id BETWEEN 5892294 AND 5892303 ORDER BY c
	Sort  (cost=39.53..39.56 rows=10 width=121)
	  Sort Key: c
	  ->  Index Scan using sbtest6_pkey on sbtest6  (cost=0.43..39.36 rows=10 width=121)
	        Index Cond: ((id >= 5892294) AND (id <= 5892303))

table 7 : explain SELECT c FROM sbtest7 WHERE id BETWEEN 7874431 AND 7874440 ORDER BY c
	Sort  (cost=35.97..36.00 rows=9 width=121)
	  Sort Key: c
	  ->  Index Scan using sbtest7_pkey on sbtest7  (cost=0.43..35.83 rows=9 width=121)
	        Index Cond: ((id >= 7874431) AND (id <= 7874440))

table 8 : explain SELECT c FROM sbtest8 WHERE id BETWEEN 5478728 AND 5478737 ORDER BY c
	Sort  (cost=42.11..42.13 rows=11 width=121)
	  Sort Key: c
	  ->  Index Scan using sbtest8_pkey on sbtest8  (cost=0.43..41.92 rows=11 width=121)
	        Index Cond: ((id >= 5478728) AND (id <= 5478737))

for: sum_ranges
table 1 : explain SELECT SUM(k) FROM sbtest1 WHERE id BETWEEN 7769394 AND 7769403
	Aggregate  (cost=38.98..38.99 rows=1 width=8)
	  ->  Index Scan using sbtest1_pkey on sbtest1  (cost=0.43..38.95 rows=10 width=4)
	        Index Cond: ((id >= 7769394) AND (id <= 7769403))

table 2 : explain SELECT SUM(k) FROM sbtest2 WHERE id BETWEEN 19307 AND 19316
	Aggregate  (cost=39.20..39.21 rows=1 width=8)
	  ->  Index Scan using sbtest2_pkey on sbtest2  (cost=0.43..39.17 rows=10 width=4)
	        Index Cond: ((id >= 19307) AND (id <= 19316))

table 3 : explain SELECT SUM(k) FROM sbtest3 WHERE id BETWEEN 672884 AND 672893
	Aggregate  (cost=39.29..39.30 rows=1 width=8)
	  ->  Index Scan using sbtest3_pkey on sbtest3  (cost=0.43..39.26 rows=10 width=4)
	        Index Cond: ((id >= 672884) AND (id <= 672893))

table 4 : explain SELECT SUM(k) FROM sbtest4 WHERE id BETWEEN 9931090 AND 9931099
	Aggregate  (cost=38.70..38.71 rows=1 width=8)
	  ->  Index Scan using sbtest4_pkey on sbtest4  (cost=0.43..38.68 rows=10 width=4)
	        Index Cond: ((id >= 9931090) AND (id <= 9931099))

table 5 : explain SELECT SUM(k) FROM sbtest5 WHERE id BETWEEN 9290195 AND 9290204
	Aggregate  (cost=39.24..39.25 rows=1 width=8)
	  ->  Index Scan using sbtest5_pkey on sbtest5  (cost=0.43..39.22 rows=10 width=4)
	        Index Cond: ((id >= 9290195) AND (id <= 9290204))

table 6 : explain SELECT SUM(k) FROM sbtest6 WHERE id BETWEEN 4512620 AND 4512629
	Aggregate  (cost=39.39..39.40 rows=1 width=8)
	  ->  Index Scan using sbtest6_pkey on sbtest6  (cost=0.43..39.36 rows=10 width=4)
	        Index Cond: ((id >= 4512620) AND (id <= 4512629))

table 7 : explain SELECT SUM(k) FROM sbtest7 WHERE id BETWEEN 4676311 AND 4676320
	Aggregate  (cost=39.28..39.29 rows=1 width=8)
	  ->  Index Scan using sbtest7_pkey on sbtest7  (cost=0.43..39.25 rows=10 width=4)
	        Index Cond: ((id >= 4676311) AND (id <= 4676320))

table 8 : explain SELECT SUM(k) FROM sbtest8 WHERE id BETWEEN 2820719 AND 2820728
	Aggregate  (cost=38.60..38.61 rows=1 width=8)
	  ->  Index Scan using sbtest8_pkey on sbtest8  (cost=0.43..38.57 rows=10 width=4)
	        Index Cond: ((id >= 2820719) AND (id <= 2820728))

for: order_ranges
table 1 : explain SELECT c FROM sbtest1 WHERE id BETWEEN 3997269 AND 3997278 ORDER BY c
	Sort  (cost=39.12..39.14 rows=10 width=121)
	  Sort Key: c
	  ->  Index Scan using sbtest1_pkey on sbtest1  (cost=0.43..38.95 rows=10 width=121)
	        Index Cond: ((id >= 3997269) AND (id <= 3997278))

table 2 : explain SELECT c FROM sbtest2 WHERE id BETWEEN 3988902 AND 3988911 ORDER BY c
	Sort  (cost=39.34..39.36 rows=10 width=121)
	  Sort Key: c
	  ->  Index Scan using sbtest2_pkey on sbtest2  (cost=0.43..39.17 rows=10 width=121)
	        Index Cond: ((id >= 3988902) AND (id <= 3988911))

table 3 : explain SELECT c FROM sbtest3 WHERE id BETWEEN 708443 AND 708452 ORDER BY c
	Sort  (cost=39.43..39.46 rows=10 width=121)
	  Sort Key: c
	  ->  Index Scan using sbtest3_pkey on sbtest3  (cost=0.43..39.26 rows=10 width=121)
	        Index Cond: ((id >= 708443) AND (id <= 708452))

table 4 : explain SELECT c FROM sbtest4 WHERE id BETWEEN 9276014 AND 9276023 ORDER BY c
	Sort  (cost=38.85..38.87 rows=10 width=121)
	  Sort Key: c
	  ->  Index Scan using sbtest4_pkey on sbtest4  (cost=0.43..38.68 rows=10 width=121)
	        Index Cond: ((id >= 9276014) AND (id <= 9276023))

table 5 : explain SELECT c FROM sbtest5 WHERE id BETWEEN 2218636 AND 2218645 ORDER BY c
	Sort  (cost=39.38..39.41 rows=10 width=121)
	  Sort Key: c
	  ->  Index Scan using sbtest5_pkey on sbtest5  (cost=0.43..39.22 rows=10 width=121)
	        Index Cond: ((id >= 2218636) AND (id <= 2218645))

table 6 : explain SELECT c FROM sbtest6 WHERE id BETWEEN 3677461 AND 3677470 ORDER BY c
	Sort  (cost=39.53..39.56 rows=10 width=121)
	  Sort Key: c
	  ->  Index Scan using sbtest6_pkey on sbtest6  (cost=0.43..39.36 rows=10 width=121)
	        Index Cond: ((id >= 3677461) AND (id <= 3677470))

table 7 : explain SELECT c FROM sbtest7 WHERE id BETWEEN 5609110 AND 5609119 ORDER BY c
	Sort  (cost=39.42..39.45 rows=10 width=121)
	  Sort Key: c
	  ->  Index Scan using sbtest7_pkey on sbtest7  (cost=0.43..39.25 rows=10 width=121)
	        Index Cond: ((id >= 5609110) AND (id <= 5609119))

table 8 : explain SELECT c FROM sbtest8 WHERE id BETWEEN 1829694 AND 1829703 ORDER BY c
	Sort  (cost=38.74..38.76 rows=10 width=121)
	  Sort Key: c
	  ->  Index Scan using sbtest8_pkey on sbtest8  (cost=0.43..38.57 rows=10 width=121)
	        Index Cond: ((id >= 1829694) AND (id <= 1829703))

explain: for point_selects :: explain SELECT c FROM sbtest%u WHERE id=%u
explain: for point_selects :: explain SELECT c FROM sbtest%u WHERE id=%u
explain: for point_selects :: explain SELECT c FROM sbtest%u WHERE id=%u
explain: for point_selects :: explain SELECT c FROM sbtest%u WHERE id=%u
for point_selects
table 1 : explain SELECT c FROM sbtest1 WHERE id=4671404
	Index Scan using sbtest1_pkey on sbtest1  (cost=0.43..8.45 rows=1 width=121)
	  Index Cond: (id = 4671404)

table 2 : explain SELECT c FROM sbtest2 WHERE id=5929194
	Index Scan using sbtest2_pkey on sbtest2  (cost=0.43..8.45 rows=1 width=121)
	  Index Cond: (id = 5929194)

table 3 : explain SELECT c FROM sbtest3 WHERE id=6459901
	Index Scan using sbtest3_pkey on sbtest3  (cost=0.43..8.45 rows=1 width=121)
	  Index Cond: (id = 6459901)

table 4 : explain SELECT c FROM sbtest4 WHERE id=9422327
	Index Scan using sbtest4_pkey on sbtest4  (cost=0.43..8.45 rows=1 width=121)
	  Index Cond: (id = 9422327)

table 5 : explain SELECT c FROM sbtest5 WHERE id=3970738
	Index Scan using sbtest5_pkey on sbtest5  (cost=0.43..8.45 rows=1 width=121)
	  Index Cond: (id = 3970738)

table 6 : explain SELECT c FROM sbtest6 WHERE id=7069879
	Index Scan using sbtest6_pkey on sbtest6  (cost=0.43..8.45 rows=1 width=121)
	  Index Cond: (id = 7069879)

table 7 : explain SELECT c FROM sbtest7 WHERE id=4754312
	Index Scan using sbtest7_pkey on sbtest7  (cost=0.43..8.45 rows=1 width=121)
	  Index Cond: (id = 4754312)

table 8 : explain SELECT c FROM sbtest8 WHERE id=1634121
	Index Scan using sbtest8_pkey on sbtest8  (cost=0.43..8.45 rows=1 width=121)
	  Index Cond: (id = 1634121)

for: order_ranges
table 1 : explain SELECT c FROM sbtest1 WHERE id BETWEEN 5139410 AND 5139419 ORDER BY c
	Sort  (cost=42.53..42.56 rows=11 width=121)
	  Sort Key: c
	  ->  Index Scan using sbtest1_pkey on sbtest1  (cost=0.43..42.34 rows=11 width=121)
	        Index Cond: ((id >= 5139410) AND (id <= 5139419))

table 2 : explain SELECT c FROM sbtest2 WHERE id BETWEEN 3576999 AND 3577008 ORDER BY c
	Sort  (cost=35.90..35.92 rows=9 width=121)
	  Sort Key: c
	  ->  Index Scan using sbtest2_pkey on sbtest2  (cost=0.43..35.76 rows=9 width=121)
	        Index Cond: ((id >= 3576999) AND (id <= 3577008))

table 3 : explain SELECT c FROM sbtest3 WHERE id BETWEEN 4021770 AND 4021779 ORDER BY c
	Sort  (cost=39.43..39.46 rows=10 width=121)
	  Sort Key: c
	  ->  Index Scan using sbtest3_pkey on sbtest3  (cost=0.43..39.26 rows=10 width=121)
	        Index Cond: ((id >= 4021770) AND (id <= 4021779))

table 4 : explain SELECT c FROM sbtest4 WHERE id BETWEEN 4900218 AND 4900227 ORDER BY c
	Sort  (cost=38.85..38.87 rows=10 width=121)
	  Sort Key: c
	  ->  Index Scan using sbtest4_pkey on sbtest4  (cost=0.43..38.68 rows=10 width=121)
	        Index Cond: ((id >= 4900218) AND (id <= 4900227))

table 5 : explain SELECT c FROM sbtest5 WHERE id BETWEEN 294519 AND 294528 ORDER BY c
	Sort  (cost=35.94..35.96 rows=9 width=121)
	  Sort Key: c
	  ->  Index Scan using sbtest5_pkey on sbtest5  (cost=0.43..35.80 rows=9 width=121)
	        Index Cond: ((id >= 294519) AND (id <= 294528))

table 6 : explain SELECT c FROM sbtest6 WHERE id BETWEEN 7973844 AND 7973853 ORDER BY c
	Sort  (cost=42.99..43.02 rows=11 width=121)
	  Sort Key: c
	  ->  Index Scan using sbtest6_pkey on sbtest6  (cost=0.43..42.80 rows=11 width=121)
	        Index Cond: ((id >= 7973844) AND (id <= 7973853))

table 7 : explain SELECT c FROM sbtest7 WHERE id BETWEEN 8117849 AND 8117858 ORDER BY c
	Sort  (cost=42.87..42.89 rows=11 width=121)
	  Sort Key: c
	  ->  Index Scan using sbtest7_pkey on sbtest7  (cost=0.43..42.68 rows=11 width=121)
	        Index Cond: ((id >= 8117849) AND (id <= 8117858))

table 8 : explain SELECT c FROM sbtest8 WHERE id BETWEEN 4913748 AND 4913757 ORDER BY c
	Sort  (cost=42.11..42.13 rows=11 width=121)
	  Sort Key: c
	  ->  Index Scan using sbtest8_pkey on sbtest8  (cost=0.43..41.92 rows=11 width=121)
	        Index Cond: ((id >= 4913748) AND (id <= 4913757))

for point_selects
table 1 : explain SELECT c FROM sbtest1 WHERE id=1932067
	Index Scan using sbtest1_pkey on sbtest1  (cost=0.43..8.45 rows=1 width=121)
	  Index Cond: (id = 1932067)

table 2 : explain SELECT c FROM sbtest2 WHERE id=8368113
	Index Scan using sbtest2_pkey on sbtest2  (cost=0.43..8.45 rows=1 width=121)
	  Index Cond: (id = 8368113)

table 3 : explain SELECT c FROM sbtest3 WHERE id=9852786
	Index Scan using sbtest3_pkey on sbtest3  (cost=0.43..8.45 rows=1 width=121)
	  Index Cond: (id = 9852786)

table 4 : explain SELECT c FROM sbtest4 WHERE id=1363857
	Index Scan using sbtest4_pkey on sbtest4  (cost=0.43..8.45 rows=1 width=121)
	  Index Cond: (id = 1363857)

table 5 : explain SELECT c FROM sbtest5 WHERE id=9776325
	Index Scan using sbtest5_pkey on sbtest5  (cost=0.43..8.45 rows=1 width=121)
	  Index Cond: (id = 9776325)

table 6 : explain SELECT c FROM sbtest6 WHERE id=471700
	Index Scan using sbtest6_pkey on sbtest6  (cost=0.43..8.45 rows=1 width=121)
	  Index Cond: (id = 471700)

table 7 : explain SELECT c FROM sbtest7 WHERE id=4034493
	Index Scan using sbtest7_pkey on sbtest7  (cost=0.43..8.45 rows=1 width=121)
	  Index Cond: (id = 4034493)

table 8 : explain SELECT c FROM sbtest8 WHERE id=9497005
	Index Scan using sbtest8_pkey on sbtest8  (cost=0.43..8.45 rows=1 width=121)
	  Index Cond: (id = 9497005)

explain: for point_selects :: explain SELECT c FROM sbtest%u WHERE id=%u
for: simple_ranges
table 1 : explain SELECT c FROM sbtest1 WHERE id BETWEEN 3781712 AND 3781721
	Index Scan using sbtest1_pkey on sbtest1  (cost=0.43..38.95 rows=10 width=121)
	  Index Cond: ((id >= 3781712) AND (id <= 3781721))

table 2 : explain SELECT c FROM sbtest2 WHERE id BETWEEN 8378850 AND 8378859
	Index Scan using sbtest2_pkey on sbtest2  (cost=0.43..42.58 rows=11 width=121)
	  Index Cond: ((id >= 8378850) AND (id <= 8378859))

table 3 : explain SELECT c FROM sbtest3 WHERE id BETWEEN 501322 AND 501331
	Index Scan using sbtest3_pkey on sbtest3  (cost=0.43..42.69 rows=11 width=121)
	  Index Cond: ((id >= 501322) AND (id <= 501331))

table 4 : explain SELECT c FROM sbtest4 WHERE id BETWEEN 7147986 AND 7147995
	Index Scan using sbtest4_pkey on sbtest4  (cost=0.43..38.68 rows=10 width=121)
	  Index Cond: ((id >= 7147986) AND (id <= 7147995))

table 5 : explain SELECT c FROM sbtest5 WHERE id BETWEEN 3354580 AND 3354589
	Index Scan using sbtest5_pkey on sbtest5  (cost=0.43..42.64 rows=11 width=121)
	  Index Cond: ((id >= 3354580) AND (id <= 3354589))

table 6 : explain SELECT c FROM sbtest6 WHERE id BETWEEN 3521551 AND 3521560
	Index Scan using sbtest6_pkey on sbtest6  (cost=0.43..42.80 rows=11 width=121)
	  Index Cond: ((id >= 3521551) AND (id <= 3521560))

table 7 : explain SELECT c FROM sbtest7 WHERE id BETWEEN 9770478 AND 9770487
	Index Scan using sbtest7_pkey on sbtest7  (cost=0.43..35.83 rows=9 width=121)
	  Index Cond: ((id >= 9770478) AND (id <= 9770487))

table 8 : explain SELECT c FROM sbtest8 WHERE id BETWEEN 8266405 AND 8266414
	Index Scan using sbtest8_pkey on sbtest8  (cost=0.43..45.26 rows=12 width=121)
	  Index Cond: ((id >= 8266405) AND (id <= 8266414))

for: simple_ranges
table 1 : explain SELECT c FROM sbtest1 WHERE id BETWEEN 5455179 AND 5455188
	Index Scan using sbtest1_pkey on sbtest1  (cost=0.43..38.95 rows=10 width=121)
	  Index Cond: ((id >= 5455179) AND (id <= 5455188))

table 2 : explain SELECT c FROM sbtest2 WHERE id BETWEEN 6474598 AND 6474607
	Index Scan using sbtest2_pkey on sbtest2  (cost=0.43..42.58 rows=11 width=121)
	  Index Cond: ((id >= 6474598) AND (id <= 6474607))

table 3 : explain SELECT c FROM sbtest3 WHERE id BETWEEN 4617077 AND 4617086
	Index Scan using sbtest3_pkey on sbtest3  (cost=0.43..39.26 rows=10 width=121)
	  Index Cond: ((id >= 4617077) AND (id <= 4617086))

table 4 : explain SELECT c FROM sbtest4 WHERE id BETWEEN 3466880 AND 3466889
	Index Scan using sbtest4_pkey on sbtest4  (cost=0.43..42.04 rows=11 width=121)
	  Index Cond: ((id >= 3466880) AND (id <= 3466889))

table 5 : explain SELECT c FROM sbtest5 WHERE id BETWEEN 8902094 AND 8902103
	Index Scan using sbtest5_pkey on sbtest5  (cost=0.43..39.22 rows=10 width=121)
	  Index Cond: ((id >= 8902094) AND (id <= 8902103))

table 6 : explain SELECT c FROM sbtest6 WHERE id BETWEEN 1060223 AND 1060232
	Index Scan using sbtest6_pkey on sbtest6  (cost=0.43..39.36 rows=10 width=121)
	  Index Cond: ((id >= 1060223) AND (id <= 1060232))

table 7 : explain SELECT c FROM sbtest7 WHERE id BETWEEN 1694375 AND 1694384
	Index Scan using sbtest7_pkey on sbtest7  (cost=0.43..35.83 rows=9 width=121)
	  Index Cond: ((id >= 1694375) AND (id <= 1694384))

table 8 : explain SELECT c FROM sbtest8 WHERE id BETWEEN 8078460 AND 8078469
	Index Scan using sbtest8_pkey on sbtest8  (cost=0.43..38.57 rows=10 width=121)
	  Index Cond: ((id >= 8078460) AND (id <= 8078469))

for point_selects
table 1 : explain SELECT c FROM sbtest1 WHERE id=5930651
	Index Scan using sbtest1_pkey on sbtest1  (cost=0.43..8.45 rows=1 width=121)
	  Index Cond: (id = 5930651)

table 2 : explain SELECT c FROM sbtest2 WHERE id=3388817
	Index Scan using sbtest2_pkey on sbtest2  (cost=0.43..8.45 rows=1 width=121)
	  Index Cond: (id = 3388817)

table 3 : explain SELECT c FROM sbtest3 WHERE id=9129192
	Index Scan using sbtest3_pkey on sbtest3  (cost=0.43..8.45 rows=1 width=121)
	  Index Cond: (id = 9129192)

table 4 : explain SELECT c FROM sbtest4 WHERE id=1209901
	Index Scan using sbtest4_pkey on sbtest4  (cost=0.43..8.45 rows=1 width=121)
	  Index Cond: (id = 1209901)

table 5 : explain SELECT c FROM sbtest5 WHERE id=3597996
	Index Scan using sbtest5_pkey on sbtest5  (cost=0.43..8.45 rows=1 width=121)
	  Index Cond: (id = 3597996)

table 6 : explain SELECT c FROM sbtest6 WHERE id=6886044
	Index Scan using sbtest6_pkey on sbtest6  (cost=0.43..8.45 rows=1 width=121)
	  Index Cond: (id = 6886044)

table 7 : explain SELECT c FROM sbtest7 WHERE id=9381747
	Index Scan using sbtest7_pkey on sbtest7  (cost=0.43..8.45 rows=1 width=121)
	  Index Cond: (id = 9381747)

table 8 : explain SELECT c FROM sbtest8 WHERE id=3405928
	Index Scan using sbtest8_pkey on sbtest8  (cost=0.43..8.45 rows=1 width=121)
	  Index Cond: (id = 3405928)

explain: for point_selects :: explain SELECT c FROM sbtest%u WHERE id=%u
for: sum_ranges
table 1 : explain SELECT SUM(k) FROM sbtest1 WHERE id BETWEEN 310095 AND 310104
	Aggregate  (cost=42.37..42.38 rows=1 width=8)
	  ->  Index Scan using sbtest1_pkey on sbtest1  (cost=0.43..42.34 rows=11 width=4)
	        Index Cond: ((id >= 310095) AND (id <= 310104))

table 2 : explain SELECT SUM(k) FROM sbtest2 WHERE id BETWEEN 5856177 AND 5856186
	Aggregate  (cost=39.20..39.21 rows=1 width=8)
	  ->  Index Scan using sbtest2_pkey on sbtest2  (cost=0.43..39.17 rows=10 width=4)
	        Index Cond: ((id >= 5856177) AND (id <= 5856186))

table 3 : explain SELECT SUM(k) FROM sbtest3 WHERE id BETWEEN 6417688 AND 6417697
	Aggregate  (cost=42.71..42.72 rows=1 width=8)
	  ->  Index Scan using sbtest3_pkey on sbtest3  (cost=0.43..42.69 rows=11 width=4)
	        Index Cond: ((id >= 6417688) AND (id <= 6417697))

table 4 : explain SELECT SUM(k) FROM sbtest4 WHERE id BETWEEN 2851689 AND 2851698
	Aggregate  (cost=42.06..42.07 rows=1 width=8)
	  ->  Index Scan using sbtest4_pkey on sbtest4  (cost=0.43..42.04 rows=11 width=4)
	        Index Cond: ((id >= 2851689) AND (id <= 2851698))

table 5 : explain SELECT SUM(k) FROM sbtest5 WHERE id BETWEEN 2519442 AND 2519451
	Aggregate  (cost=42.66..42.67 rows=1 width=8)
	  ->  Index Scan using sbtest5_pkey on sbtest5  (cost=0.43..42.64 rows=11 width=4)
	        Index Cond: ((id >= 2519442) AND (id <= 2519451))

table 6 : explain SELECT SUM(k) FROM sbtest6 WHERE id BETWEEN 8042266 AND 8042275
	Aggregate  (cost=39.39..39.40 rows=1 width=8)
	  ->  Index Scan using sbtest6_pkey on sbtest6  (cost=0.43..39.36 rows=10 width=4)
	        Index Cond: ((id >= 8042266) AND (id <= 8042275))

table 7 : explain SELECT SUM(k) FROM sbtest7 WHERE id BETWEEN 7266536 AND 7266545
	Aggregate  (cost=39.28..39.29 rows=1 width=8)
	  ->  Index Scan using sbtest7_pkey on sbtest7  (cost=0.43..39.25 rows=10 width=4)
	        Index Cond: ((id >= 7266536) AND (id <= 7266545))

table 8 : explain SELECT SUM(k) FROM sbtest8 WHERE id BETWEEN 6544446 AND 6544455
	Aggregate  (cost=38.60..38.61 rows=1 width=8)
	  ->  Index Scan using sbtest8_pkey on sbtest8  (cost=0.43..38.57 rows=10 width=4)
	        Index Cond: ((id >= 6544446) AND (id <= 6544455))

for: order_ranges
table 1 : explain SELECT c FROM sbtest1 WHERE id BETWEEN 9422933 AND 9422942 ORDER BY c
	Sort  (cost=39.12..39.14 rows=10 width=121)
	  Sort Key: c
	  ->  Index Scan using sbtest1_pkey on sbtest1  (cost=0.43..38.95 rows=10 width=121)
	        Index Cond: ((id >= 9422933) AND (id <= 9422942))

table 2 : explain SELECT c FROM sbtest2 WHERE id BETWEEN 529938 AND 529947 ORDER BY c
	Sort  (cost=39.34..39.36 rows=10 width=121)
	  Sort Key: c
	  ->  Index Scan using sbtest2_pkey on sbtest2  (cost=0.43..39.17 rows=10 width=121)
	        Index Cond: ((id >= 529938) AND (id <= 529947))

table 3 : explain SELECT c FROM sbtest3 WHERE id BETWEEN 4693697 AND 4693706 ORDER BY c
	Sort  (cost=39.43..39.46 rows=10 width=121)
	  Sort Key: c
	  ->  Index Scan using sbtest3_pkey on sbtest3  (cost=0.43..39.26 rows=10 width=121)
	        Index Cond: ((id >= 4693697) AND (id <= 4693706))

table 4 : explain SELECT c FROM sbtest4 WHERE id BETWEEN 590229 AND 590238 ORDER BY c
	Sort  (cost=35.46..35.49 rows=9 width=121)
	  Sort Key: c
	  ->  Index Scan using sbtest4_pkey on sbtest4  (cost=0.43..35.32 rows=9 width=121)
	        Index Cond: ((id >= 590229) AND (id <= 590238))

table 5 : explain SELECT c FROM sbtest5 WHERE id BETWEEN 6415426 AND 6415435 ORDER BY c
	Sort  (cost=39.38..39.41 rows=10 width=121)
	  Sort Key: c
	  ->  Index Scan using sbtest5_pkey on sbtest5  (cost=0.43..39.22 rows=10 width=121)
	        Index Cond: ((id >= 6415426) AND (id <= 6415435))

table 6 : explain SELECT c FROM sbtest6 WHERE id BETWEEN 80856 AND 80865 ORDER BY c
	Sort  (cost=39.53..39.56 rows=10 width=121)
	  Sort Key: c
	  ->  Index Scan using sbtest6_pkey on sbtest6  (cost=0.43..39.36 rows=10 width=121)
	        Index Cond: ((id >= 80856) AND (id <= 80865))

table 7 : explain SELECT c FROM sbtest7 WHERE id BETWEEN 5699165 AND 5699174 ORDER BY c
	Sort  (cost=39.42..39.45 rows=10 width=121)
	  Sort Key: c
	  ->  Index Scan using sbtest7_pkey on sbtest7  (cost=0.43..39.25 rows=10 width=121)
	        Index Cond: ((id >= 5699165) AND (id <= 5699174))

table 8 : explain SELECT c FROM sbtest8 WHERE id BETWEEN 4941426 AND 4941435 ORDER BY c
	Sort  (cost=42.11..42.13 rows=11 width=121)
	  Sort Key: c
	  ->  Index Scan using sbtest8_pkey on sbtest8  (cost=0.43..41.92 rows=11 width=121)
	        Index Cond: ((id >= 4941426) AND (id <= 4941435))

for: distinct_ranges
table 1 : explain SELECT DISTINCT c FROM sbtest1 WHERE id BETWEEN 9265350 AND 9265359 ORDER BY c
	Unique  (cost=42.53..42.59 rows=11 width=121)
	  ->  Sort  (cost=42.53..42.56 rows=11 width=121)
	        Sort Key: c
	        ->  Index Scan using sbtest1_pkey on sbtest1  (cost=0.43..42.34 rows=11 width=121)
	              Index Cond: ((id >= 9265350) AND (id <= 9265359))

table 2 : explain SELECT DISTINCT c FROM sbtest2 WHERE id BETWEEN 3948419 AND 3948428 ORDER BY c
	Unique  (cost=39.34..39.39 rows=10 width=121)
	  ->  Sort  (cost=39.34..39.36 rows=10 width=121)
	        Sort Key: c
	        ->  Index Scan using sbtest2_pkey on sbtest2  (cost=0.43..39.17 rows=10 width=121)
	              Index Cond: ((id >= 3948419) AND (id <= 3948428))

table 3 : explain SELECT DISTINCT c FROM sbtest3 WHERE id BETWEEN 4115957 AND 4115966 ORDER BY c
	Unique  (cost=39.43..39.48 rows=10 width=121)
	  ->  Sort  (cost=39.43..39.46 rows=10 width=121)
	        Sort Key: c
	        ->  Index Scan using sbtest3_pkey on sbtest3  (cost=0.43..39.26 rows=10 width=121)
	              Index Cond: ((id >= 4115957) AND (id <= 4115966))

table 4 : explain SELECT DISTINCT c FROM sbtest4 WHERE id BETWEEN 2262500 AND 2262509 ORDER BY c
	Unique  (cost=35.46..35.51 rows=9 width=121)
	  ->  Sort  (cost=35.46..35.49 rows=9 width=121)
	        Sort Key: c
	        ->  Index Scan using sbtest4_pkey on sbtest4  (cost=0.43..35.32 rows=9 width=121)
	              Index Cond: ((id >= 2262500) AND (id <= 2262509))

table 5 : explain SELECT DISTINCT c FROM sbtest5 WHERE id BETWEEN 960755 AND 960764 ORDER BY c
	Unique  (cost=35.94..35.99 rows=9 width=121)
	  ->  Sort  (cost=35.94..35.96 rows=9 width=121)
	        Sort Key: c
	        ->  Index Scan using sbtest5_pkey on sbtest5  (cost=0.43..35.80 rows=9 width=121)
	              Index Cond: ((id >= 960755) AND (id <= 960764))

table 6 : explain SELECT DISTINCT c FROM sbtest6 WHERE id BETWEEN 9223910 AND 9223919 ORDER BY c
	Unique  (cost=39.53..39.58 rows=10 width=121)
	  ->  Sort  (cost=39.53..39.56 rows=10 width=121)
	        Sort Key: c
	        ->  Index Scan using sbtest6_pkey on sbtest6  (cost=0.43..39.36 rows=10 width=121)
	              Index Cond: ((id >= 9223910) AND (id <= 9223919))

table 7 : explain SELECT DISTINCT c FROM sbtest7 WHERE id BETWEEN 9487154 AND 9487163 ORDER BY c
	Unique  (cost=42.87..42.92 rows=11 width=121)
	  ->  Sort  (cost=42.87..42.89 rows=11 width=121)
	        Sort Key: c
	        ->  Index Scan using sbtest7_pkey on sbtest7  (cost=0.43..42.68 rows=11 width=121)
	              Index Cond: ((id >= 9487154) AND (id <= 9487163))

table 8 : explain SELECT DISTINCT c FROM sbtest8 WHERE id BETWEEN 7695499 AND 7695508 ORDER BY c
	Unique  (cost=38.74..38.79 rows=10 width=121)
	  ->  Sort  (cost=38.74..38.76 rows=10 width=121)
	        Sort Key: c
	        ->  Index Scan using sbtest8_pkey on sbtest8  (cost=0.43..38.57 rows=10 width=121)
	              Index Cond: ((id >= 7695499) AND (id <= 7695508))

explain: for point_selects :: explain SELECT c FROM sbtest%u WHERE id=%u
explain: for point_selects :: explain SELECT c FROM sbtest%u WHERE id=%u
for: distinct_ranges
table 1 : explain SELECT DISTINCT c FROM sbtest1 WHERE id BETWEEN 8018919 AND 8018928 ORDER BY c
	Unique  (cost=42.53..42.59 rows=11 width=121)
	  ->  Sort  (cost=42.53..42.56 rows=11 width=121)
	        Sort Key: c
	        ->  Index Scan using sbtest1_pkey on sbtest1  (cost=0.43..42.34 rows=11 width=121)
	              Index Cond: ((id >= 8018919) AND (id <= 8018928))

table 2 : explain SELECT DISTINCT c FROM sbtest2 WHERE id BETWEEN 9859319 AND 9859328 ORDER BY c
	Unique  (cost=42.77..42.83 rows=11 width=121)
	  ->  Sort  (cost=42.77..42.80 rows=11 width=121)
	        Sort Key: c
	        ->  Index Scan using sbtest2_pkey on sbtest2  (cost=0.43..42.58 rows=11 width=121)
	              Index Cond: ((id >= 9859319) AND (id <= 9859328))

table 3 : explain SELECT DISTINCT c FROM sbtest3 WHERE id BETWEEN 7706026 AND 7706035 ORDER BY c
	Unique  (cost=39.43..39.48 rows=10 width=121)
	  ->  Sort  (cost=39.43..39.46 rows=10 width=121)
	        Sort Key: c
	        ->  Index Scan using sbtest3_pkey on sbtest3  (cost=0.43..39.26 rows=10 width=121)
	              Index Cond: ((id >= 7706026) AND (id <= 7706035))

table 4 : explain SELECT DISTINCT c FROM sbtest4 WHERE id BETWEEN 6343276 AND 6343285 ORDER BY c
	Unique  (cost=38.85..38.90 rows=10 width=121)
	  ->  Sort  (cost=38.85..38.87 rows=10 width=121)
	        Sort Key: c
	        ->  Index Scan using sbtest4_pkey on sbtest4  (cost=0.43..38.68 rows=10 width=121)
	              Index Cond: ((id >= 6343276) AND (id <= 6343285))

table 5 : explain SELECT DISTINCT c FROM sbtest5 WHERE id BETWEEN 8548733 AND 8548742 ORDER BY c
	Unique  (cost=39.38..39.43 rows=10 width=121)
	  ->  Sort  (cost=39.38..39.41 rows=10 width=121)
	        Sort Key: c
	        ->  Index Scan using sbtest5_pkey on sbtest5  (cost=0.43..39.22 rows=10 width=121)
	              Index Cond: ((id >= 8548733) AND (id <= 8548742))

table 6 : explain SELECT DISTINCT c FROM sbtest6 WHERE id BETWEEN 5259483 AND 5259492 ORDER BY c
	Unique  (cost=39.53..39.58 rows=10 width=121)
	  ->  Sort  (cost=39.53..39.56 rows=10 width=121)
	        Sort Key: c
	        ->  Index Scan using sbtest6_pkey on sbtest6  (cost=0.43..39.36 rows=10 width=121)
	              Index Cond: ((id >= 5259483) AND (id <= 5259492))

table 7 : explain SELECT DISTINCT c FROM sbtest7 WHERE id BETWEEN 7160171 AND 7160180 ORDER BY c
	Unique  (cost=35.97..36.02 rows=9 width=121)
	  ->  Sort  (cost=35.97..36.00 rows=9 width=121)
	        Sort Key: c
	        ->  Index Scan using sbtest7_pkey on sbtest7  (cost=0.43..35.83 rows=9 width=121)
	              Index Cond: ((id >= 7160171) AND (id <= 7160180))

table 8 : explain SELECT DISTINCT c FROM sbtest8 WHERE id BETWEEN 4693972 AND 4693981 ORDER BY c
	Unique  (cost=35.37..35.41 rows=9 width=121)
	  ->  Sort  (cost=35.37..35.39 rows=9 width=121)
	        Sort Key: c
	        ->  Index Scan using sbtest8_pkey on sbtest8  (cost=0.43..35.22 rows=9 width=121)
	              Index Cond: ((id >= 4693972) AND (id <= 4693981))

for: simple_ranges
table 1 : explain SELECT c FROM sbtest1 WHERE id BETWEEN 5964687 AND 5964696
	Index Scan using sbtest1_pkey on sbtest1  (cost=0.43..38.95 rows=10 width=121)
	  Index Cond: ((id >= 5964687) AND (id <= 5964696))

table 2 : explain SELECT c FROM sbtest2 WHERE id BETWEEN 2650548 AND 2650557
	Index Scan using sbtest2_pkey on sbtest2  (cost=0.43..39.17 rows=10 width=121)
	  Index Cond: ((id >= 2650548) AND (id <= 2650557))

table 3 : explain SELECT c FROM sbtest3 WHERE id BETWEEN 7275882 AND 7275891
	Index Scan using sbtest3_pkey on sbtest3  (cost=0.43..39.26 rows=10 width=121)
	  Index Cond: ((id >= 7275882) AND (id <= 7275891))

table 4 : explain SELECT c FROM sbtest4 WHERE id BETWEEN 5896045 AND 5896054
	Index Scan using sbtest4_pkey on sbtest4  (cost=0.43..42.04 rows=11 width=121)
	  Index Cond: ((id >= 5896045) AND (id <= 5896054))

table 5 : explain SELECT c FROM sbtest5 WHERE id BETWEEN 4880864 AND 4880873
	Index Scan using sbtest5_pkey on sbtest5  (cost=0.43..39.22 rows=10 width=121)
	  Index Cond: ((id >= 4880864) AND (id <= 4880873))

table 6 : explain SELECT c FROM sbtest6 WHERE id BETWEEN 8525186 AND 8525195
	Index Scan using sbtest6_pkey on sbtest6  (cost=0.43..42.80 rows=11 width=121)
	  Index Cond: ((id >= 8525186) AND (id <= 8525195))

table 7 : explain SELECT c FROM sbtest7 WHERE id BETWEEN 7392785 AND 7392794
	Index Scan using sbtest7_pkey on sbtest7  (cost=0.43..39.25 rows=10 width=121)
	  Index Cond: ((id >= 7392785) AND (id <= 7392794))

table 8 : explain SELECT c FROM sbtest8 WHERE id BETWEEN 9855110 AND 9855119
	Index Scan using sbtest8_pkey on sbtest8  (cost=0.43..38.57 rows=10 width=121)
	  Index Cond: ((id >= 9855110) AND (id <= 9855119))

for point_selects
table 1 : explain SELECT c FROM sbtest1 WHERE id=8299189
	Index Scan using sbtest1_pkey on sbtest1  (cost=0.43..8.45 rows=1 width=121)
	  Index Cond: (id = 8299189)

table 2 : explain SELECT c FROM sbtest2 WHERE id=1905885
	Index Scan using sbtest2_pkey on sbtest2  (cost=0.43..8.45 rows=1 width=121)
	  Index Cond: (id = 1905885)

table 3 : explain SELECT c FROM sbtest3 WHERE id=7649166
	Index Scan using sbtest3_pkey on sbtest3  (cost=0.43..8.45 rows=1 width=121)
	  Index Cond: (id = 7649166)

table 4 : explain SELECT c FROM sbtest4 WHERE id=8273544
	Index Scan using sbtest4_pkey on sbtest4  (cost=0.43..8.45 rows=1 width=121)
	  Index Cond: (id = 8273544)

table 5 : explain SELECT c FROM sbtest5 WHERE id=9001021
	Index Scan using sbtest5_pkey on sbtest5  (cost=0.43..8.45 rows=1 width=121)
	  Index Cond: (id = 9001021)

table 6 : explain SELECT c FROM sbtest6 WHERE id=6572033
	Index Scan using sbtest6_pkey on sbtest6  (cost=0.43..8.45 rows=1 width=121)
	  Index Cond: (id = 6572033)

table 7 : explain SELECT c FROM sbtest7 WHERE id=9126224
	Index Scan using sbtest7_pkey on sbtest7  (cost=0.43..8.45 rows=1 width=121)
	  Index Cond: (id = 9126224)

table 8 : explain SELECT c FROM sbtest8 WHERE id=4224261
	Index Scan using sbtest8_pkey on sbtest8  (cost=0.43..8.45 rows=1 width=121)
	  Index Cond: (id = 4224261)

explain: for index_updates :: explain UPDATE sbtest%u SET k=k+1 WHERE id=%u
explain: for point_selects :: explain SELECT c FROM sbtest%u WHERE id=%u
for index_updates
table 1 : explain UPDATE sbtest1 SET k=k+1 WHERE id=9981358
	Update on sbtest1  (cost=0.43..8.46 rows=0 width=0)
	  ->  Index Scan using sbtest1_pkey on sbtest1  (cost=0.43..8.46 rows=1 width=10)
	        Index Cond: (id = 9981358)

table 2 : explain UPDATE sbtest2 SET k=k+1 WHERE id=3814087
	Update on sbtest2  (cost=0.43..8.46 rows=0 width=0)
	  ->  Index Scan using sbtest2_pkey on sbtest2  (cost=0.43..8.46 rows=1 width=10)
	        Index Cond: (id = 3814087)

table 3 : explain UPDATE sbtest3 SET k=k+1 WHERE id=5881079
	Update on sbtest3  (cost=0.43..8.46 rows=0 width=0)
	  ->  Index Scan using sbtest3_pkey on sbtest3  (cost=0.43..8.46 rows=1 width=10)
	        Index Cond: (id = 5881079)

table 4 : explain UPDATE sbtest4 SET k=k+1 WHERE id=4772376
	Update on sbtest4  (cost=0.43..8.46 rows=0 width=0)
	  ->  Index Scan using sbtest4_pkey on sbtest4  (cost=0.43..8.46 rows=1 width=10)
	        Index Cond: (id = 4772376)

table 5 : explain UPDATE sbtest5 SET k=k+1 WHERE id=2621634
	Update on sbtest5  (cost=0.43..8.46 rows=0 width=0)
	  ->  Index Scan using sbtest5_pkey on sbtest5  (cost=0.43..8.46 rows=1 width=10)
	        Index Cond: (id = 2621634)

table 6 : explain UPDATE sbtest6 SET k=k+1 WHERE id=6890481
	Update on sbtest6  (cost=0.43..8.46 rows=0 width=0)
	  ->  Index Scan using sbtest6_pkey on sbtest6  (cost=0.43..8.46 rows=1 width=10)
	        Index Cond: (id = 6890481)

table 7 : explain UPDATE sbtest7 SET k=k+1 WHERE id=6186070
	Update on sbtest7  (cost=0.43..8.46 rows=0 width=0)
	  ->  Index Scan using sbtest7_pkey on sbtest7  (cost=0.43..8.46 rows=1 width=10)
	        Index Cond: (id = 6186070)

table 8 : explain UPDATE sbtest8 SET k=k+1 WHERE id=3676109
	Update on sbtest8  (cost=0.43..8.46 rows=0 width=0)
	  ->  Index Scan using sbtest8_pkey on sbtest8  (cost=0.43..8.46 rows=1 width=10)
	        Index Cond: (id = 3676109)

for point_selects
table 1 : explain SELECT c FROM sbtest1 WHERE id=9078750
	Index Scan using sbtest1_pkey on sbtest1  (cost=0.43..8.45 rows=1 width=121)
	  Index Cond: (id = 9078750)

table 2 : explain SELECT c FROM sbtest2 WHERE id=9650707
	Index Scan using sbtest2_pkey on sbtest2  (cost=0.43..8.45 rows=1 width=121)
	  Index Cond: (id = 9650707)

table 3 : explain SELECT c FROM sbtest3 WHERE id=4017244
	Index Scan using sbtest3_pkey on sbtest3  (cost=0.43..8.45 rows=1 width=121)
	  Index Cond: (id = 4017244)

table 4 : explain SELECT c FROM sbtest4 WHERE id=5221088
	Index Scan using sbtest4_pkey on sbtest4  (cost=0.43..8.45 rows=1 width=121)
	  Index Cond: (id = 5221088)

table 5 : explain SELECT c FROM sbtest5 WHERE id=4087748
	Index Scan using sbtest5_pkey on sbtest5  (cost=0.43..8.45 rows=1 width=121)
	  Index Cond: (id = 4087748)

table 6 : explain SELECT c FROM sbtest6 WHERE id=213215
	Index Scan using sbtest6_pkey on sbtest6  (cost=0.43..8.45 rows=1 width=121)
	  Index Cond: (id = 213215)

table 7 : explain SELECT c FROM sbtest7 WHERE id=1705049
	Index Scan using sbtest7_pkey on sbtest7  (cost=0.43..8.45 rows=1 width=121)
	  Index Cond: (id = 1705049)

table 8 : explain SELECT c FROM sbtest8 WHERE id=833365
	Index Scan using sbtest8_pkey on sbtest8  (cost=0.43..8.45 rows=1 width=121)
	  Index Cond: (id = 833365)

explain: for non_index_updates :: explain UPDATE sbtest%u SET c='foobar' WHERE id=%u
for: distinct_ranges
table 1 : explain SELECT DISTINCT c FROM sbtest1 WHERE id BETWEEN 1869274 AND 1869283 ORDER BY c
	Unique  (cost=39.12..39.17 rows=10 width=121)
	  ->  Sort  (cost=39.12..39.14 rows=10 width=121)
	        Sort Key: c
	        ->  Index Scan using sbtest1_pkey on sbtest1  (cost=0.43..38.95 rows=10 width=121)
	              Index Cond: ((id >= 1869274) AND (id <= 1869283))

table 2 : explain SELECT DISTINCT c FROM sbtest2 WHERE id BETWEEN 2321784 AND 2321793 ORDER BY c
	Unique  (cost=39.34..39.39 rows=10 width=121)
	  ->  Sort  (cost=39.34..39.36 rows=10 width=121)
	        Sort Key: c
	        ->  Index Scan using sbtest2_pkey on sbtest2  (cost=0.43..39.17 rows=10 width=121)
	              Index Cond: ((id >= 2321784) AND (id <= 2321793))

table 3 : explain SELECT DISTINCT c FROM sbtest3 WHERE id BETWEEN 7906634 AND 7906643 ORDER BY c
	Unique  (cost=39.43..39.48 rows=10 width=121)
	  ->  Sort  (cost=39.43..39.46 rows=10 width=121)
	        Sort Key: c
	        ->  Index Scan using sbtest3_pkey on sbtest3  (cost=0.43..39.26 rows=10 width=121)
	              Index Cond: ((id >= 7906634) AND (id <= 7906643))

table 4 : explain SELECT DISTINCT c FROM sbtest4 WHERE id BETWEEN 6269494 AND 6269503 ORDER BY c
	Unique  (cost=38.85..38.90 rows=10 width=121)
	  ->  Sort  (cost=38.85..38.87 rows=10 width=121)
	        Sort Key: c
	        ->  Index Scan using sbtest4_pkey on sbtest4  (cost=0.43..38.68 rows=10 width=121)
	              Index Cond: ((id >= 6269494) AND (id <= 6269503))

table 5 : explain SELECT DISTINCT c FROM sbtest5 WHERE id BETWEEN 4499456 AND 4499465 ORDER BY c
	Unique  (cost=35.94..35.99 rows=9 width=121)
	  ->  Sort  (cost=35.94..35.96 rows=9 width=121)
	        Sort Key: c
	        ->  Index Scan using sbtest5_pkey on sbtest5  (cost=0.43..35.80 rows=9 width=121)
	              Index Cond: ((id >= 4499456) AND (id <= 4499465))

table 6 : explain SELECT DISTINCT c FROM sbtest6 WHERE id BETWEEN 9483304 AND 9483313 ORDER BY c
	Unique  (cost=46.45..46.51 rows=12 width=121)
	  ->  Sort  (cost=46.45..46.48 rows=12 width=121)
	        Sort Key: c
	        ->  Index Scan using sbtest6_pkey on sbtest6  (cost=0.43..46.23 rows=12 width=121)
	              Index Cond: ((id >= 9483304) AND (id <= 9483313))

table 7 : explain SELECT DISTINCT c FROM sbtest7 WHERE id BETWEEN 262926 AND 262935 ORDER BY c
	Unique  (cost=39.42..39.47 rows=10 width=121)
	  ->  Sort  (cost=39.42..39.45 rows=10 width=121)
	        Sort Key: c
	        ->  Index Scan using sbtest7_pkey on sbtest7  (cost=0.43..39.25 rows=10 width=121)
	              Index Cond: ((id >= 262926) AND (id <= 262935))

table 8 : explain SELECT DISTINCT c FROM sbtest8 WHERE id BETWEEN 9633415 AND 9633424 ORDER BY c
	Unique  (cost=38.74..38.79 rows=10 width=121)
	  ->  Sort  (cost=38.74..38.76 rows=10 width=121)
	        Sort Key: c
	        ->  Index Scan using sbtest8_pkey on sbtest8  (cost=0.43..38.57 rows=10 width=121)
	              Index Cond: ((id >= 9633415) AND (id <= 9633424))

for: sum_ranges
table 1 : explain SELECT SUM(k) FROM sbtest1 WHERE id BETWEEN 6298673 AND 6298682
	Aggregate  (cost=42.37..42.38 rows=1 width=8)
	  ->  Index Scan using sbtest1_pkey on sbtest1  (cost=0.43..42.34 rows=11 width=4)
	        Index Cond: ((id >= 6298673) AND (id <= 6298682))

table 2 : explain SELECT SUM(k) FROM sbtest2 WHERE id BETWEEN 8758468 AND 8758477
	Aggregate  (cost=35.78..35.79 rows=1 width=8)
	  ->  Index Scan using sbtest2_pkey on sbtest2  (cost=0.43..35.76 rows=9 width=4)
	        Index Cond: ((id >= 8758468) AND (id <= 8758477))

table 3 : explain SELECT SUM(k) FROM sbtest3 WHERE id BETWEEN 9474437 AND 9474446
	Aggregate  (cost=35.86..35.87 rows=1 width=8)
	  ->  Index Scan using sbtest3_pkey on sbtest3  (cost=0.43..35.84 rows=9 width=4)
	        Index Cond: ((id >= 9474437) AND (id <= 9474446))

table 4 : explain SELECT SUM(k) FROM sbtest4 WHERE id BETWEEN 2322100 AND 2322109
	Aggregate  (cost=38.70..38.71 rows=1 width=8)
	  ->  Index Scan using sbtest4_pkey on sbtest4  (cost=0.43..38.68 rows=10 width=4)
	        Index Cond: ((id >= 2322100) AND (id <= 2322109))

table 5 : explain SELECT SUM(k) FROM sbtest5 WHERE id BETWEEN 6805259 AND 6805268
	Aggregate  (cost=39.24..39.25 rows=1 width=8)
	  ->  Index Scan using sbtest5_pkey on sbtest5  (cost=0.43..39.22 rows=10 width=4)
	        Index Cond: ((id >= 6805259) AND (id <= 6805268))

table 6 : explain SELECT SUM(k) FROM sbtest6 WHERE id BETWEEN 3243318 AND 3243327
	Aggregate  (cost=42.83..42.84 rows=1 width=8)
	  ->  Index Scan using sbtest6_pkey on sbtest6  (cost=0.43..42.80 rows=11 width=4)
	        Index Cond: ((id >= 3243318) AND (id <= 3243327))

table 7 : explain SELECT SUM(k) FROM sbtest7 WHERE id BETWEEN 6234790 AND 6234799
	Aggregate  (cost=39.28..39.29 rows=1 width=8)
	  ->  Index Scan using sbtest7_pkey on sbtest7  (cost=0.43..39.25 rows=10 width=4)
	        Index Cond: ((id >= 6234790) AND (id <= 6234799))

table 8 : explain SELECT SUM(k) FROM sbtest8 WHERE id BETWEEN 2179983 AND 2179992
	Aggregate  (cost=38.60..38.61 rows=1 width=8)
	  ->  Index Scan using sbtest8_pkey on sbtest8  (cost=0.43..38.57 rows=10 width=4)
	        Index Cond: ((id >= 2179983) AND (id <= 2179992))

for non_index_updates
table 1 : explain UPDATE sbtest1 SET c='foobar' WHERE id=265225
	Update on sbtest1  (cost=0.43..8.45 rows=0 width=0)
	  ->  Index Scan using sbtest1_pkey on sbtest1  (cost=0.43..8.45 rows=1 width=490)
	        Index Cond: (id = 265225)

table 2 : explain UPDATE sbtest2 SET c='foobar' WHERE id=7807713
	Update on sbtest2  (cost=0.43..8.45 rows=0 width=0)
	  ->  Index Scan using sbtest2_pkey on sbtest2  (cost=0.43..8.45 rows=1 width=490)
	        Index Cond: (id = 7807713)

table 3 : explain UPDATE sbtest3 SET c='foobar' WHERE id=2690373
	Update on sbtest3  (cost=0.43..8.45 rows=0 width=0)
	  ->  Index Scan using sbtest3_pkey on sbtest3  (cost=0.43..8.45 rows=1 width=490)
	        Index Cond: (id = 2690373)

table 4 : explain UPDATE sbtest4 SET c='foobar' WHERE id=3845987
	Update on sbtest4  (cost=0.43..8.45 rows=0 width=0)
	  ->  Index Scan using sbtest4_pkey on sbtest4  (cost=0.43..8.45 rows=1 width=490)
	        Index Cond: (id = 3845987)

table 5 : explain UPDATE sbtest5 SET c='foobar' WHERE id=6149069
	Update on sbtest5  (cost=0.43..8.45 rows=0 width=0)
	  ->  Index Scan using sbtest5_pkey on sbtest5  (cost=0.43..8.45 rows=1 width=490)
	        Index Cond: (id = 6149069)

table 6 : explain UPDATE sbtest6 SET c='foobar' WHERE id=849847
	Update on sbtest6  (cost=0.43..8.45 rows=0 width=0)
	  ->  Index Scan using sbtest6_pkey on sbtest6  (cost=0.43..8.45 rows=1 width=490)
	        Index Cond: (id = 849847)

table 7 : explain UPDATE sbtest7 SET c='foobar' WHERE id=5069261
	Update on sbtest7  (cost=0.43..8.45 rows=0 width=0)
	  ->  Index Scan using sbtest7_pkey on sbtest7  (cost=0.43..8.45 rows=1 width=490)
	        Index Cond: (id = 5069261)

table 8 : explain UPDATE sbtest8 SET c='foobar' WHERE id=7639087
	Update on sbtest8  (cost=0.43..8.45 rows=0 width=0)
	  ->  Index Scan using sbtest8_pkey on sbtest8  (cost=0.43..8.45 rows=1 width=490)
	        Index Cond: (id = 7639087)

for point_selects
table 1 : explain SELECT c FROM sbtest1 WHERE id=833318
	Index Scan using sbtest1_pkey on sbtest1  (cost=0.43..8.45 rows=1 width=121)
	  Index Cond: (id = 833318)

table 2 : explain SELECT c FROM sbtest2 WHERE id=3051193
	Index Scan using sbtest2_pkey on sbtest2  (cost=0.43..8.45 rows=1 width=121)
	  Index Cond: (id = 3051193)

table 3 : explain SELECT c FROM sbtest3 WHERE id=4821389
	Index Scan using sbtest3_pkey on sbtest3  (cost=0.43..8.45 rows=1 width=121)
	  Index Cond: (id = 4821389)

table 4 : explain SELECT c FROM sbtest4 WHERE id=8144190
	Index Scan using sbtest4_pkey on sbtest4  (cost=0.43..8.45 rows=1 width=121)
	  Index Cond: (id = 8144190)

table 5 : explain SELECT c FROM sbtest5 WHERE id=9515303
	Index Scan using sbtest5_pkey on sbtest5  (cost=0.43..8.45 rows=1 width=121)
	  Index Cond: (id = 9515303)

table 6 : explain SELECT c FROM sbtest6 WHERE id=2823971
	Index Scan using sbtest6_pkey on sbtest6  (cost=0.43..8.45 rows=1 width=121)
	  Index Cond: (id = 2823971)

table 7 : explain SELECT c FROM sbtest7 WHERE id=8646893
	Index Scan using sbtest7_pkey on sbtest7  (cost=0.43..8.45 rows=1 width=121)
	  Index Cond: (id = 8646893)

table 8 : explain SELECT c FROM sbtest8 WHERE id=6092783
	Index Scan using sbtest8_pkey on sbtest8  (cost=0.43..8.45 rows=1 width=121)
	  Index Cond: (id = 6092783)

for: simple_ranges
table 1 : explain SELECT c FROM sbtest1 WHERE id BETWEEN 623048 AND 623057
	Index Scan using sbtest1_pkey on sbtest1  (cost=0.43..42.34 rows=11 width=121)
	  Index Cond: ((id >= 623048) AND (id <= 623057))

table 2 : explain SELECT c FROM sbtest2 WHERE id BETWEEN 5850758 AND 5850767
	Index Scan using sbtest2_pkey on sbtest2  (cost=0.43..39.17 rows=10 width=121)
	  Index Cond: ((id >= 5850758) AND (id <= 5850767))

table 3 : explain SELECT c FROM sbtest3 WHERE id BETWEEN 7250232 AND 7250241
	Index Scan using sbtest3_pkey on sbtest3  (cost=0.43..39.26 rows=10 width=121)
	  Index Cond: ((id >= 7250232) AND (id <= 7250241))

table 4 : explain SELECT c FROM sbtest4 WHERE id BETWEEN 7267221 AND 7267230
	Index Scan using sbtest4_pkey on sbtest4  (cost=0.43..38.68 rows=10 width=121)
	  Index Cond: ((id >= 7267221) AND (id <= 7267230))

table 5 : explain SELECT c FROM sbtest5 WHERE id BETWEEN 9750486 AND 9750495
	Index Scan using sbtest5_pkey on sbtest5  (cost=0.43..35.80 rows=9 width=121)
	  Index Cond: ((id >= 9750486) AND (id <= 9750495))

table 6 : explain SELECT c FROM sbtest6 WHERE id BETWEEN 55529 AND 55538
	Index Scan using sbtest6_pkey on sbtest6  (cost=0.43..39.36 rows=10 width=121)
	  Index Cond: ((id >= 55529) AND (id <= 55538))

table 7 : explain SELECT c FROM sbtest7 WHERE id BETWEEN 7523570 AND 7523579
	Index Scan using sbtest7_pkey on sbtest7  (cost=0.43..35.83 rows=9 width=121)
	  Index Cond: ((id >= 7523570) AND (id <= 7523579))

table 8 : explain SELECT c FROM sbtest8 WHERE id BETWEEN 9420691 AND 9420700
	Index Scan using sbtest8_pkey on sbtest8  (cost=0.43..35.22 rows=9 width=121)
	  Index Cond: ((id >= 9420691) AND (id <= 9420700))

explain: for point_selects :: explain SELECT c FROM sbtest%u WHERE id=%u
for: simple_ranges
table 1 : explain SELECT c FROM sbtest1 WHERE id BETWEEN 1926876 AND 1926885
	Index Scan using sbtest1_pkey on sbtest1  (cost=0.43..38.95 rows=10 width=121)
	  Index Cond: ((id >= 1926876) AND (id <= 1926885))

table 2 : explain SELECT c FROM sbtest2 WHERE id BETWEEN 7270993 AND 7271002
	Index Scan using sbtest2_pkey on sbtest2  (cost=0.43..35.76 rows=9 width=121)
	  Index Cond: ((id >= 7270993) AND (id <= 7271002))

table 3 : explain SELECT c FROM sbtest3 WHERE id BETWEEN 151811 AND 151820
	Index Scan using sbtest3_pkey on sbtest3  (cost=0.43..39.26 rows=10 width=121)
	  Index Cond: ((id >= 151811) AND (id <= 151820))

table 4 : explain SELECT c FROM sbtest4 WHERE id BETWEEN 6424305 AND 6424314
	Index Scan using sbtest4_pkey on sbtest4  (cost=0.43..42.04 rows=11 width=121)
	  Index Cond: ((id >= 6424305) AND (id <= 6424314))

table 5 : explain SELECT c FROM sbtest5 WHERE id BETWEEN 3167945 AND 3167954
	Index Scan using sbtest5_pkey on sbtest5  (cost=0.43..39.22 rows=10 width=121)
	  Index Cond: ((id >= 3167945) AND (id <= 3167954))

table 6 : explain SELECT c FROM sbtest6 WHERE id BETWEEN 9456066 AND 9456075
	Index Scan using sbtest6_pkey on sbtest6  (cost=0.43..46.23 rows=12 width=121)
	  Index Cond: ((id >= 9456066) AND (id <= 9456075))

table 7 : explain SELECT c FROM sbtest7 WHERE id BETWEEN 4060930 AND 4060939
	Index Scan using sbtest7_pkey on sbtest7  (cost=0.43..35.83 rows=9 width=121)
	  Index Cond: ((id >= 4060930) AND (id <= 4060939))

table 8 : explain SELECT c FROM sbtest8 WHERE id BETWEEN 848936 AND 848945
	Index Scan using sbtest8_pkey on sbtest8  (cost=0.43..41.92 rows=11 width=121)
	  Index Cond: ((id >= 848936) AND (id <= 848945))

explain: for point_selects :: explain SELECT c FROM sbtest%u WHERE id=%u
for: distinct_ranges
table 1 : explain SELECT DISTINCT c FROM sbtest1 WHERE id BETWEEN 2540746 AND 2540755 ORDER BY c
	Unique  (cost=35.71..35.75 rows=9 width=121)
	  ->  Sort  (cost=35.71..35.73 rows=9 width=121)
	        Sort Key: c
	        ->  Index Scan using sbtest1_pkey on sbtest1  (cost=0.43..35.56 rows=9 width=121)
	              Index Cond: ((id >= 2540746) AND (id <= 2540755))

table 2 : explain SELECT DISTINCT c FROM sbtest2 WHERE id BETWEEN 6985274 AND 6985283 ORDER BY c
	Unique  (cost=39.34..39.39 rows=10 width=121)
	  ->  Sort  (cost=39.34..39.36 rows=10 width=121)
	        Sort Key: c
	        ->  Index Scan using sbtest2_pkey on sbtest2  (cost=0.43..39.17 rows=10 width=121)
	              Index Cond: ((id >= 6985274) AND (id <= 6985283))

table 3 : explain SELECT DISTINCT c FROM sbtest3 WHERE id BETWEEN 6303891 AND 6303900 ORDER BY c
	Unique  (cost=35.98..36.03 rows=9 width=121)
	  ->  Sort  (cost=35.98..36.01 rows=9 width=121)
	        Sort Key: c
	        ->  Index Scan using sbtest3_pkey on sbtest3  (cost=0.43..35.84 rows=9 width=121)
	              Index Cond: ((id >= 6303891) AND (id <= 6303900))

table 4 : explain SELECT DISTINCT c FROM sbtest4 WHERE id BETWEEN 2125957 AND 2125966 ORDER BY c
	Unique  (cost=38.85..38.90 rows=10 width=121)
	  ->  Sort  (cost=38.85..38.87 rows=10 width=121)
	        Sort Key: c
	        ->  Index Scan using sbtest4_pkey on sbtest4  (cost=0.43..38.68 rows=10 width=121)
	              Index Cond: ((id >= 2125957) AND (id <= 2125966))

table 5 : explain SELECT DISTINCT c FROM sbtest5 WHERE id BETWEEN 1348717 AND 1348726 ORDER BY c
	Unique  (cost=39.38..39.43 rows=10 width=121)
	  ->  Sort  (cost=39.38..39.41 rows=10 width=121)
	        Sort Key: c
	        ->  Index Scan using sbtest5_pkey on sbtest5  (cost=0.43..39.22 rows=10 width=121)
	              Index Cond: ((id >= 1348717) AND (id <= 1348726))

table 6 : explain SELECT DISTINCT c FROM sbtest6 WHERE id BETWEEN 5202950 AND 5202959 ORDER BY c
	Unique  (cost=39.53..39.58 rows=10 width=121)
	  ->  Sort  (cost=39.53..39.56 rows=10 width=121)
	        Sort Key: c
	        ->  Index Scan using sbtest6_pkey on sbtest6  (cost=0.43..39.36 rows=10 width=121)
	              Index Cond: ((id >= 5202950) AND (id <= 5202959))

table 7 : explain SELECT DISTINCT c FROM sbtest7 WHERE id BETWEEN 7007529 AND 7007538 ORDER BY c
	Unique  (cost=42.87..42.92 rows=11 width=121)
	  ->  Sort  (cost=42.87..42.89 rows=11 width=121)
	        Sort Key: c
	        ->  Index Scan using sbtest7_pkey on sbtest7  (cost=0.43..42.68 rows=11 width=121)
	              Index Cond: ((id >= 7007529) AND (id <= 7007538))

table 8 : explain SELECT DISTINCT c FROM sbtest8 WHERE id BETWEEN 6104769 AND 6104778 ORDER BY c
	Unique  (cost=38.74..38.79 rows=10 width=121)
	  ->  Sort  (cost=38.74..38.76 rows=10 width=121)
	        Sort Key: c
	        ->  Index Scan using sbtest8_pkey on sbtest8  (cost=0.43..38.57 rows=10 width=121)
	              Index Cond: ((id >= 6104769) AND (id <= 6104778))

explain: for index_updates :: explain UPDATE sbtest%u SET k=k+1 WHERE id=%u
explain: for deletes :: explain DELETE FROM sbtest%u WHERE id=%u
explain: for index_updates :: explain UPDATE sbtest%u SET k=k+1 WHERE id=%u
for point_selects
table 1 : explain SELECT c FROM sbtest1 WHERE id=5617514
	Index Scan using sbtest1_pkey on sbtest1  (cost=0.43..8.45 rows=1 width=121)
	  Index Cond: (id = 5617514)

table 2 : explain SELECT c FROM sbtest2 WHERE id=3751640
	Index Scan using sbtest2_pkey on sbtest2  (cost=0.43..8.45 rows=1 width=121)
	  Index Cond: (id = 3751640)

table 3 : explain SELECT c FROM sbtest3 WHERE id=5863452
	Index Scan using sbtest3_pkey on sbtest3  (cost=0.43..8.45 rows=1 width=121)
	  Index Cond: (id = 5863452)

table 4 : explain SELECT c FROM sbtest4 WHERE id=3256785
	Index Scan using sbtest4_pkey on sbtest4  (cost=0.43..8.45 rows=1 width=121)
	  Index Cond: (id = 3256785)

table 5 : explain SELECT c FROM sbtest5 WHERE id=752369
	Index Scan using sbtest5_pkey on sbtest5  (cost=0.43..8.45 rows=1 width=121)
	  Index Cond: (id = 752369)

table 6 : explain SELECT c FROM sbtest6 WHERE id=6485294
	Index Scan using sbtest6_pkey on sbtest6  (cost=0.43..8.45 rows=1 width=121)
	  Index Cond: (id = 6485294)

table 7 : explain SELECT c FROM sbtest7 WHERE id=29933
	Index Scan using sbtest7_pkey on sbtest7  (cost=0.43..8.45 rows=1 width=121)
	  Index Cond: (id = 29933)

table 8 : explain SELECT c FROM sbtest8 WHERE id=2218287
	Index Scan using sbtest8_pkey on sbtest8  (cost=0.43..8.45 rows=1 width=121)
	  Index Cond: (id = 2218287)

for: sum_ranges
table 1 : explain SELECT SUM(k) FROM sbtest1 WHERE id BETWEEN 6103968 AND 6103977
	Aggregate  (cost=42.37..42.38 rows=1 width=8)
	  ->  Index Scan using sbtest1_pkey on sbtest1  (cost=0.43..42.34 rows=11 width=4)
	        Index Cond: ((id >= 6103968) AND (id <= 6103977))

table 2 : explain SELECT SUM(k) FROM sbtest2 WHERE id BETWEEN 7249578 AND 7249587
	Aggregate  (cost=35.78..35.79 rows=1 width=8)
	  ->  Index Scan using sbtest2_pkey on sbtest2  (cost=0.43..35.76 rows=9 width=4)
	        Index Cond: ((id >= 7249578) AND (id <= 7249587))

table 3 : explain SELECT SUM(k) FROM sbtest3 WHERE id BETWEEN 6014722 AND 6014731
	Aggregate  (cost=35.86..35.87 rows=1 width=8)
	  ->  Index Scan using sbtest3_pkey on sbtest3  (cost=0.43..35.84 rows=9 width=4)
	        Index Cond: ((id >= 6014722) AND (id <= 6014731))

table 4 : explain SELECT SUM(k) FROM sbtest4 WHERE id BETWEEN 6957262 AND 6957271
	Aggregate  (cost=38.70..38.71 rows=1 width=8)
	  ->  Index Scan using sbtest4_pkey on sbtest4  (cost=0.43..38.68 rows=10 width=4)
	        Index Cond: ((id >= 6957262) AND (id <= 6957271))

table 5 : explain SELECT SUM(k) FROM sbtest5 WHERE id BETWEEN 1394356 AND 1394365
	Aggregate  (cost=39.24..39.25 rows=1 width=8)
	  ->  Index Scan using sbtest5_pkey on sbtest5  (cost=0.43..39.22 rows=10 width=4)
	        Index Cond: ((id >= 1394356) AND (id <= 1394365))

table 6 : explain SELECT SUM(k) FROM sbtest6 WHERE id BETWEEN 6465387 AND 6465396
	Aggregate  (cost=39.39..39.40 rows=1 width=8)
	  ->  Index Scan using sbtest6_pkey on sbtest6  (cost=0.43..39.36 rows=10 width=4)
	        Index Cond: ((id >= 6465387) AND (id <= 6465396))

table 7 : explain SELECT SUM(k) FROM sbtest7 WHERE id BETWEEN 5853628 AND 5853637
	Aggregate  (cost=39.28..39.29 rows=1 width=8)
	  ->  Index Scan using sbtest7_pkey on sbtest7  (cost=0.43..39.25 rows=10 width=4)
	        Index Cond: ((id >= 5853628) AND (id <= 5853637))

table 8 : explain SELECT SUM(k) FROM sbtest8 WHERE id BETWEEN 4073721 AND 4073730
	Aggregate  (cost=38.60..38.61 rows=1 width=8)
	  ->  Index Scan using sbtest8_pkey on sbtest8  (cost=0.43..38.57 rows=10 width=4)
	        Index Cond: ((id >= 4073721) AND (id <= 4073730))

explain: for index_updates :: explain UPDATE sbtest%u SET k=k+1 WHERE id=%u
for deletes
table 1 : explain DELETE FROM sbtest1 WHERE id=7584460
	Delete on sbtest1  (cost=0.43..8.45 rows=0 width=0)
	  ->  Index Scan using sbtest1_pkey on sbtest1  (cost=0.43..8.45 rows=1 width=6)
	        Index Cond: (id = 7584460)

table 2 : explain DELETE FROM sbtest2 WHERE id=4212566
	Delete on sbtest2  (cost=0.43..8.45 rows=0 width=0)
	  ->  Index Scan using sbtest2_pkey on sbtest2  (cost=0.43..8.45 rows=1 width=6)
	        Index Cond: (id = 4212566)

table 3 : explain DELETE FROM sbtest3 WHERE id=9397728
	Delete on sbtest3  (cost=0.43..8.45 rows=0 width=0)
	  ->  Index Scan using sbtest3_pkey on sbtest3  (cost=0.43..8.45 rows=1 width=6)
	        Index Cond: (id = 9397728)

table 4 : explain DELETE FROM sbtest4 WHERE id=8480977
	Delete on sbtest4  (cost=0.43..8.45 rows=0 width=0)
	  ->  Index Scan using sbtest4_pkey on sbtest4  (cost=0.43..8.45 rows=1 width=6)
	        Index Cond: (id = 8480977)

table 5 : explain DELETE FROM sbtest5 WHERE id=5209141
	Delete on sbtest5  (cost=0.43..8.45 rows=0 width=0)
	  ->  Index Scan using sbtest5_pkey on sbtest5  (cost=0.43..8.45 rows=1 width=6)
	        Index Cond: (id = 5209141)

table 6 : explain DELETE FROM sbtest6 WHERE id=869865
	Delete on sbtest6  (cost=0.43..8.45 rows=0 width=0)
	  ->  Index Scan using sbtest6_pkey on sbtest6  (cost=0.43..8.45 rows=1 width=6)
	        Index Cond: (id = 869865)

table 7 : explain DELETE FROM sbtest7 WHERE id=2650398
	Delete on sbtest7  (cost=0.43..8.45 rows=0 width=0)
	  ->  Index Scan using sbtest7_pkey on sbtest7  (cost=0.43..8.45 rows=1 width=6)
	        Index Cond: (id = 2650398)

table 8 : explain DELETE FROM sbtest8 WHERE id=8735611
	Delete on sbtest8  (cost=0.43..8.45 rows=0 width=0)
	  ->  Index Scan using sbtest8_pkey on sbtest8  (cost=0.43..8.45 rows=1 width=6)
	        Index Cond: (id = 8735611)

for index_updates
table 1 : explain UPDATE sbtest1 SET k=k+1 WHERE id=6488830
	Update on sbtest1  (cost=0.43..8.46 rows=0 width=0)
	  ->  Index Scan using sbtest1_pkey on sbtest1  (cost=0.43..8.46 rows=1 width=10)
	        Index Cond: (id = 6488830)

table 2 : explain UPDATE sbtest2 SET k=k+1 WHERE id=570670
	Update on sbtest2  (cost=0.43..8.46 rows=0 width=0)
	  ->  Index Scan using sbtest2_pkey on sbtest2  (cost=0.43..8.46 rows=1 width=10)
	        Index Cond: (id = 570670)

table 3 : explain UPDATE sbtest3 SET k=k+1 WHERE id=8321595
	Update on sbtest3  (cost=0.43..8.46 rows=0 width=0)
	  ->  Index Scan using sbtest3_pkey on sbtest3  (cost=0.43..8.46 rows=1 width=10)
	        Index Cond: (id = 8321595)

table 4 : explain UPDATE sbtest4 SET k=k+1 WHERE id=2688113
	Update on sbtest4  (cost=0.43..8.46 rows=0 width=0)
	  ->  Index Scan using sbtest4_pkey on sbtest4  (cost=0.43..8.46 rows=1 width=10)
	        Index Cond: (id = 2688113)

table 5 : explain UPDATE sbtest5 SET k=k+1 WHERE id=2460387
	Update on sbtest5  (cost=0.43..8.46 rows=0 width=0)
	  ->  Index Scan using sbtest5_pkey on sbtest5  (cost=0.43..8.46 rows=1 width=10)
	        Index Cond: (id = 2460387)

table 6 : explain UPDATE sbtest6 SET k=k+1 WHERE id=8265895
	Update on sbtest6  (cost=0.43..8.46 rows=0 width=0)
	  ->  Index Scan using sbtest6_pkey on sbtest6  (cost=0.43..8.46 rows=1 width=10)
	        Index Cond: (id = 8265895)

table 7 : explain UPDATE sbtest7 SET k=k+1 WHERE id=9874665
	Update on sbtest7  (cost=0.43..8.46 rows=0 width=0)
	  ->  Index Scan using sbtest7_pkey on sbtest7  (cost=0.43..8.46 rows=1 width=10)
	        Index Cond: (id = 9874665)

table 8 : explain UPDATE sbtest8 SET k=k+1 WHERE id=8892128
	Update on sbtest8  (cost=0.43..8.46 rows=0 width=0)
	  ->  Index Scan using sbtest8_pkey on sbtest8  (cost=0.43..8.46 rows=1 width=10)
	        Index Cond: (id = 8892128)

explain: for point_selects :: explain SELECT c FROM sbtest%u WHERE id=%u
for: simple_ranges
table 1 : explain SELECT c FROM sbtest1 WHERE id BETWEEN 9646521 AND 9646530
	Index Scan using sbtest1_pkey on sbtest1  (cost=0.43..38.95 rows=10 width=121)
	  Index Cond: ((id >= 9646521) AND (id <= 9646530))

table 2 : explain SELECT c FROM sbtest2 WHERE id BETWEEN 5236088 AND 5236097
	Index Scan using sbtest2_pkey on sbtest2  (cost=0.43..39.17 rows=10 width=121)
	  Index Cond: ((id >= 5236088) AND (id <= 5236097))

table 3 : explain SELECT c FROM sbtest3 WHERE id BETWEEN 3711152 AND 3711161
	Index Scan using sbtest3_pkey on sbtest3  (cost=0.43..39.26 rows=10 width=121)
	  Index Cond: ((id >= 3711152) AND (id <= 3711161))

table 4 : explain SELECT c FROM sbtest4 WHERE id BETWEEN 2903364 AND 2903373
	Index Scan using sbtest4_pkey on sbtest4  (cost=0.43..42.04 rows=11 width=121)
	  Index Cond: ((id >= 2903364) AND (id <= 2903373))

table 5 : explain SELECT c FROM sbtest5 WHERE id BETWEEN 3989020 AND 3989029
	Index Scan using sbtest5_pkey on sbtest5  (cost=0.43..42.64 rows=11 width=121)
	  Index Cond: ((id >= 3989020) AND (id <= 3989029))

table 6 : explain SELECT c FROM sbtest6 WHERE id BETWEEN 3287188 AND 3287197
	Index Scan using sbtest6_pkey on sbtest6  (cost=0.43..39.36 rows=10 width=121)
	  Index Cond: ((id >= 3287188) AND (id <= 3287197))

table 7 : explain SELECT c FROM sbtest7 WHERE id BETWEEN 1282453 AND 1282462
	Index Scan using sbtest7_pkey on sbtest7  (cost=0.43..42.68 rows=11 width=121)
	  Index Cond: ((id >= 1282453) AND (id <= 1282462))

table 8 : explain SELECT c FROM sbtest8 WHERE id BETWEEN 5520115 AND 5520124
	Index Scan using sbtest8_pkey on sbtest8  (cost=0.43..41.92 rows=11 width=121)
	  Index Cond: ((id >= 5520115) AND (id <= 5520124))

for index_updates
table 1 : explain UPDATE sbtest1 SET k=k+1 WHERE id=756994
	Update on sbtest1  (cost=0.43..8.46 rows=0 width=0)
	  ->  Index Scan using sbtest1_pkey on sbtest1  (cost=0.43..8.46 rows=1 width=10)
	        Index Cond: (id = 756994)

table 2 : explain UPDATE sbtest2 SET k=k+1 WHERE id=9464521
	Update on sbtest2  (cost=0.43..8.46 rows=0 width=0)
	  ->  Index Scan using sbtest2_pkey on sbtest2  (cost=0.43..8.46 rows=1 width=10)
	        Index Cond: (id = 9464521)

table 3 : explain UPDATE sbtest3 SET k=k+1 WHERE id=7709892
	Update on sbtest3  (cost=0.43..8.46 rows=0 width=0)
	  ->  Index Scan using sbtest3_pkey on sbtest3  (cost=0.43..8.46 rows=1 width=10)
	        Index Cond: (id = 7709892)

table 4 : explain UPDATE sbtest4 SET k=k+1 WHERE id=6440163
	Update on sbtest4  (cost=0.43..8.46 rows=0 width=0)
	  ->  Index Scan using sbtest4_pkey on sbtest4  (cost=0.43..8.46 rows=1 width=10)
	        Index Cond: (id = 6440163)

table 5 : explain UPDATE sbtest5 SET k=k+1 WHERE id=64448
	Update on sbtest5  (cost=0.43..8.46 rows=0 width=0)
	  ->  Index Scan using sbtest5_pkey on sbtest5  (cost=0.43..8.46 rows=1 width=10)
	        Index Cond: (id = 64448)

table 6 : explain UPDATE sbtest6 SET k=k+1 WHERE id=4376298
	Update on sbtest6  (cost=0.43..8.46 rows=0 width=0)
	  ->  Index Scan using sbtest6_pkey on sbtest6  (cost=0.43..8.46 rows=1 width=10)
	        Index Cond: (id = 4376298)

table 7 : explain UPDATE sbtest7 SET k=k+1 WHERE id=4414952
	Update on sbtest7  (cost=0.43..8.46 rows=0 width=0)
	  ->  Index Scan using sbtest7_pkey on sbtest7  (cost=0.43..8.46 rows=1 width=10)
	        Index Cond: (id = 4414952)

table 8 : explain UPDATE sbtest8 SET k=k+1 WHERE id=7458846
	Update on sbtest8  (cost=0.43..8.46 rows=0 width=0)
	  ->  Index Scan using sbtest8_pkey on sbtest8  (cost=0.43..8.46 rows=1 width=10)
	        Index Cond: (id = 7458846)

explain: for non_index_updates :: explain UPDATE sbtest%u SET c='foobar' WHERE id=%u
for: order_ranges
table 1 : explain SELECT c FROM sbtest1 WHERE id BETWEEN 9562711 AND 9562720 ORDER BY c
	Sort  (cost=35.71..35.73 rows=9 width=121)
	  Sort Key: c
	  ->  Index Scan using sbtest1_pkey on sbtest1  (cost=0.43..35.56 rows=9 width=121)
	        Index Cond: ((id >= 9562711) AND (id <= 9562720))

table 2 : explain SELECT c FROM sbtest2 WHERE id BETWEEN 2121927 AND 2121936 ORDER BY c
	Sort  (cost=35.90..35.92 rows=9 width=121)
	  Sort Key: c
	  ->  Index Scan using sbtest2_pkey on sbtest2  (cost=0.43..35.76 rows=9 width=121)
	        Index Cond: ((id >= 2121927) AND (id <= 2121936))

table 3 : explain SELECT c FROM sbtest3 WHERE id BETWEEN 3678376 AND 3678385 ORDER BY c
	Sort  (cost=39.43..39.46 rows=10 width=121)
	  Sort Key: c
	  ->  Index Scan using sbtest3_pkey on sbtest3  (cost=0.43..39.26 rows=10 width=121)
	        Index Cond: ((id >= 3678376) AND (id <= 3678385))

table 4 : explain SELECT c FROM sbtest4 WHERE id BETWEEN 2177549 AND 2177558 ORDER BY c
	Sort  (cost=38.85..38.87 rows=10 width=121)
	  Sort Key: c
	  ->  Index Scan using sbtest4_pkey on sbtest4  (cost=0.43..38.68 rows=10 width=121)
	        Index Cond: ((id >= 2177549) AND (id <= 2177558))

table 5 : explain SELECT c FROM sbtest5 WHERE id BETWEEN 3400281 AND 3400290 ORDER BY c
	Sort  (cost=42.83..42.85 rows=11 width=121)
	  Sort Key: c
	  ->  Index Scan using sbtest5_pkey on sbtest5  (cost=0.43..42.64 rows=11 width=121)
	        Index Cond: ((id >= 3400281) AND (id <= 3400290))

table 6 : explain SELECT c FROM sbtest6 WHERE id BETWEEN 1680140 AND 1680149 ORDER BY c
	Sort  (cost=39.53..39.56 rows=10 width=121)
	  Sort Key: c
	  ->  Index Scan using sbtest6_pkey on sbtest6  (cost=0.43..39.36 rows=10 width=121)
	        Index Cond: ((id >= 1680140) AND (id <= 1680149))

table 7 : explain SELECT c FROM sbtest7 WHERE id BETWEEN 6602502 AND 6602511 ORDER BY c
	Sort  (cost=39.42..39.45 rows=10 width=121)
	  Sort Key: c
	  ->  Index Scan using sbtest7_pkey on sbtest7  (cost=0.43..39.25 rows=10 width=121)
	        Index Cond: ((id >= 6602502) AND (id <= 6602511))

table 8 : explain SELECT c FROM sbtest8 WHERE id BETWEEN 3034171 AND 3034180 ORDER BY c
	Sort  (cost=38.74..38.76 rows=10 width=121)
	  Sort Key: c
	  ->  Index Scan using sbtest8_pkey on sbtest8  (cost=0.43..38.57 rows=10 width=121)
	        Index Cond: ((id >= 3034171) AND (id <= 3034180))

for: sum_ranges
table 1 : explain SELECT SUM(k) FROM sbtest1 WHERE id BETWEEN 9673690 AND 9673699
	Aggregate  (cost=38.98..38.99 rows=1 width=8)
	  ->  Index Scan using sbtest1_pkey on sbtest1  (cost=0.43..38.95 rows=10 width=4)
	        Index Cond: ((id >= 9673690) AND (id <= 9673699))

table 2 : explain SELECT SUM(k) FROM sbtest2 WHERE id BETWEEN 4796449 AND 4796458
	Aggregate  (cost=39.20..39.21 rows=1 width=8)
	  ->  Index Scan using sbtest2_pkey on sbtest2  (cost=0.43..39.17 rows=10 width=4)
	        Index Cond: ((id >= 4796449) AND (id <= 4796458))

table 3 : explain SELECT SUM(k) FROM sbtest3 WHERE id BETWEEN 1419213 AND 1419222
	Aggregate  (cost=42.71..42.72 rows=1 width=8)
	  ->  Index Scan using sbtest3_pkey on sbtest3  (cost=0.43..42.69 rows=11 width=4)
	        Index Cond: ((id >= 1419213) AND (id <= 1419222))

table 4 : explain SELECT SUM(k) FROM sbtest4 WHERE id BETWEEN 7096455 AND 7096464
	Aggregate  (cost=35.34..35.35 rows=1 width=8)
	  ->  Index Scan using sbtest4_pkey on sbtest4  (cost=0.43..35.32 rows=9 width=4)
	        Index Cond: ((id >= 7096455) AND (id <= 7096464))

table 5 : explain SELECT SUM(k) FROM sbtest5 WHERE id BETWEEN 8518685 AND 8518694
	Aggregate  (cost=39.24..39.25 rows=1 width=8)
	  ->  Index Scan using sbtest5_pkey on sbtest5  (cost=0.43..39.22 rows=10 width=4)
	        Index Cond: ((id >= 8518685) AND (id <= 8518694))

table 6 : explain SELECT SUM(k) FROM sbtest6 WHERE id BETWEEN 2666736 AND 2666745
	Aggregate  (cost=39.39..39.40 rows=1 width=8)
	  ->  Index Scan using sbtest6_pkey on sbtest6  (cost=0.43..39.36 rows=10 width=4)
	        Index Cond: ((id >= 2666736) AND (id <= 2666745))

table 7 : explain SELECT SUM(k) FROM sbtest7 WHERE id BETWEEN 5712475 AND 5712484
	Aggregate  (cost=39.28..39.29 rows=1 width=8)
	  ->  Index Scan using sbtest7_pkey on sbtest7  (cost=0.43..39.25 rows=10 width=4)
	        Index Cond: ((id >= 5712475) AND (id <= 5712484))

table 8 : explain SELECT SUM(k) FROM sbtest8 WHERE id BETWEEN 7660140 AND 7660149
	Aggregate  (cost=38.60..38.61 rows=1 width=8)
	  ->  Index Scan using sbtest8_pkey on sbtest8  (cost=0.43..38.57 rows=10 width=4)
	        Index Cond: ((id >= 7660140) AND (id <= 7660149))

explain: for inserts :: explain INSERT INTO sbtest%u (id, k, c, pad) VALUES (%u, 13, 'foobar', 'foobar')
for point_selects
table 1 : explain SELECT c FROM sbtest1 WHERE id=3599752
	Index Scan using sbtest1_pkey on sbtest1  (cost=0.43..8.45 rows=1 width=121)
	  Index Cond: (id = 3599752)

table 2 : explain SELECT c FROM sbtest2 WHERE id=6874901
	Index Scan using sbtest2_pkey on sbtest2  (cost=0.43..8.45 rows=1 width=121)
	  Index Cond: (id = 6874901)

table 3 : explain SELECT c FROM sbtest3 WHERE id=6609862
	Index Scan using sbtest3_pkey on sbtest3  (cost=0.43..8.45 rows=1 width=121)
	  Index Cond: (id = 6609862)

table 4 : explain SELECT c FROM sbtest4 WHERE id=8328736
	Index Scan using sbtest4_pkey on sbtest4  (cost=0.43..8.45 rows=1 width=121)
	  Index Cond: (id = 8328736)

table 5 : explain SELECT c FROM sbtest5 WHERE id=3187183
	Index Scan using sbtest5_pkey on sbtest5  (cost=0.43..8.45 rows=1 width=121)
	  Index Cond: (id = 3187183)

table 6 : explain SELECT c FROM sbtest6 WHERE id=3175372
	Index Scan using sbtest6_pkey on sbtest6  (cost=0.43..8.45 rows=1 width=121)
	  Index Cond: (id = 3175372)

table 7 : explain SELECT c FROM sbtest7 WHERE id=2410272
	Index Scan using sbtest7_pkey on sbtest7  (cost=0.43..8.45 rows=1 width=121)
	  Index Cond: (id = 2410272)

table 8 : explain SELECT c FROM sbtest8 WHERE id=8197392
	Index Scan using sbtest8_pkey on sbtest8  (cost=0.43..8.45 rows=1 width=121)
	  Index Cond: (id = 8197392)

for index_updates
table 1 : explain UPDATE sbtest1 SET k=k+1 WHERE id=72385
	Update on sbtest1  (cost=0.43..8.46 rows=0 width=0)
	  ->  Index Scan using sbtest1_pkey on sbtest1  (cost=0.43..8.46 rows=1 width=10)
	        Index Cond: (id = 72385)

table 2 : explain UPDATE sbtest2 SET k=k+1 WHERE id=5654729
	Update on sbtest2  (cost=0.43..8.46 rows=0 width=0)
	  ->  Index Scan using sbtest2_pkey on sbtest2  (cost=0.43..8.46 rows=1 width=10)
	        Index Cond: (id = 5654729)

table 3 : explain UPDATE sbtest3 SET k=k+1 WHERE id=8483809
	Update on sbtest3  (cost=0.43..8.46 rows=0 width=0)
	  ->  Index Scan using sbtest3_pkey on sbtest3  (cost=0.43..8.46 rows=1 width=10)
	        Index Cond: (id = 8483809)

table 4 : explain UPDATE sbtest4 SET k=k+1 WHERE id=3568249
	Update on sbtest4  (cost=0.43..8.46 rows=0 width=0)
	  ->  Index Scan using sbtest4_pkey on sbtest4  (cost=0.43..8.46 rows=1 width=10)
	        Index Cond: (id = 3568249)

table 5 : explain UPDATE sbtest5 SET k=k+1 WHERE id=5793523
	Update on sbtest5  (cost=0.43..8.46 rows=0 width=0)
	  ->  Index Scan using sbtest5_pkey on sbtest5  (cost=0.43..8.46 rows=1 width=10)
	        Index Cond: (id = 5793523)

table 6 : explain UPDATE sbtest6 SET k=k+1 WHERE id=1921138
	Update on sbtest6  (cost=0.43..8.46 rows=0 width=0)
	  ->  Index Scan using sbtest6_pkey on sbtest6  (cost=0.43..8.46 rows=1 width=10)
	        Index Cond: (id = 1921138)

table 7 : explain UPDATE sbtest7 SET k=k+1 WHERE id=5572307
	Update on sbtest7  (cost=0.43..8.46 rows=0 width=0)
	  ->  Index Scan using sbtest7_pkey on sbtest7  (cost=0.43..8.46 rows=1 width=10)
	        Index Cond: (id = 5572307)

table 8 : explain UPDATE sbtest8 SET k=k+1 WHERE id=9173470
	Update on sbtest8  (cost=0.43..8.46 rows=0 width=0)
	  ->  Index Scan using sbtest8_pkey on sbtest8  (cost=0.43..8.46 rows=1 width=10)
	        Index Cond: (id = 9173470)

explain: for point_selects :: explain SELECT c FROM sbtest%u WHERE id=%u
for non_index_updates
table 1 : explain UPDATE sbtest1 SET c='foobar' WHERE id=6614089
	Update on sbtest1  (cost=0.43..8.45 rows=0 width=0)
	  ->  Index Scan using sbtest1_pkey on sbtest1  (cost=0.43..8.45 rows=1 width=490)
	        Index Cond: (id = 6614089)

table 2 : explain UPDATE sbtest2 SET c='foobar' WHERE id=1625062
	Update on sbtest2  (cost=0.43..8.45 rows=0 width=0)
	  ->  Index Scan using sbtest2_pkey on sbtest2  (cost=0.43..8.45 rows=1 width=490)
	        Index Cond: (id = 1625062)

table 3 : explain UPDATE sbtest3 SET c='foobar' WHERE id=6147947
	Update on sbtest3  (cost=0.43..8.45 rows=0 width=0)
	  ->  Index Scan using sbtest3_pkey on sbtest3  (cost=0.43..8.45 rows=1 width=490)
	        Index Cond: (id = 6147947)

table 4 : explain UPDATE sbtest4 SET c='foobar' WHERE id=9393020
	Update on sbtest4  (cost=0.43..8.45 rows=0 width=0)
	  ->  Index Scan using sbtest4_pkey on sbtest4  (cost=0.43..8.45 rows=1 width=490)
	        Index Cond: (id = 9393020)

table 5 : explain UPDATE sbtest5 SET c='foobar' WHERE id=5789054
	Update on sbtest5  (cost=0.43..8.45 rows=0 width=0)
	  ->  Index Scan using sbtest5_pkey on sbtest5  (cost=0.43..8.45 rows=1 width=490)
	        Index Cond: (id = 5789054)

table 6 : explain UPDATE sbtest6 SET c='foobar' WHERE id=6351710
	Update on sbtest6  (cost=0.43..8.45 rows=0 width=0)
	  ->  Index Scan using sbtest6_pkey on sbtest6  (cost=0.43..8.45 rows=1 width=490)
	        Index Cond: (id = 6351710)

table 7 : explain UPDATE sbtest7 SET c='foobar' WHERE id=6757707
	Update on sbtest7  (cost=0.43..8.45 rows=0 width=0)
	  ->  Index Scan using sbtest7_pkey on sbtest7  (cost=0.43..8.45 rows=1 width=490)
	        Index Cond: (id = 6757707)

table 8 : explain UPDATE sbtest8 SET c='foobar' WHERE id=1700524
	Update on sbtest8  (cost=0.43..8.45 rows=0 width=0)
	  ->  Index Scan using sbtest8_pkey on sbtest8  (cost=0.43..8.45 rows=1 width=490)
	        Index Cond: (id = 1700524)

explain: for non_index_updates :: explain UPDATE sbtest%u SET c='foobar' WHERE id=%u
for: sum_ranges
table 1 : explain SELECT SUM(k) FROM sbtest1 WHERE id BETWEEN 2517141 AND 2517150
	Aggregate  (cost=35.59..35.60 rows=1 width=8)
	  ->  Index Scan using sbtest1_pkey on sbtest1  (cost=0.43..35.56 rows=9 width=4)
	        Index Cond: ((id >= 2517141) AND (id <= 2517150))

table 2 : explain SELECT SUM(k) FROM sbtest2 WHERE id BETWEEN 9148816 AND 9148825
	Aggregate  (cost=35.78..35.79 rows=1 width=8)
	  ->  Index Scan using sbtest2_pkey on sbtest2  (cost=0.43..35.76 rows=9 width=4)
	        Index Cond: ((id >= 9148816) AND (id <= 9148825))

table 3 : explain SELECT SUM(k) FROM sbtest3 WHERE id BETWEEN 4507049 AND 4507058
	Aggregate  (cost=39.29..39.30 rows=1 width=8)
	  ->  Index Scan using sbtest3_pkey on sbtest3  (cost=0.43..39.26 rows=10 width=4)
	        Index Cond: ((id >= 4507049) AND (id <= 4507058))

table 4 : explain SELECT SUM(k) FROM sbtest4 WHERE id BETWEEN 1198216 AND 1198225
	Aggregate  (cost=38.70..38.71 rows=1 width=8)
	  ->  Index Scan using sbtest4_pkey on sbtest4  (cost=0.43..38.68 rows=10 width=4)
	        Index Cond: ((id >= 1198216) AND (id <= 1198225))

table 5 : explain SELECT SUM(k) FROM sbtest5 WHERE id BETWEEN 2636060 AND 2636069
	Aggregate  (cost=39.24..39.25 rows=1 width=8)
	  ->  Index Scan using sbtest5_pkey on sbtest5  (cost=0.43..39.22 rows=10 width=4)
	        Index Cond: ((id >= 2636060) AND (id <= 2636069))

table 6 : explain SELECT SUM(k) FROM sbtest6 WHERE id BETWEEN 7089182 AND 7089191
	Aggregate  (cost=39.39..39.40 rows=1 width=8)
	  ->  Index Scan using sbtest6_pkey on sbtest6  (cost=0.43..39.36 rows=10 width=4)
	        Index Cond: ((id >= 7089182) AND (id <= 7089191))

table 7 : explain SELECT SUM(k) FROM sbtest7 WHERE id BETWEEN 7145236 AND 7145245
	Aggregate  (cost=35.85..35.86 rows=1 width=8)
	  ->  Index Scan using sbtest7_pkey on sbtest7  (cost=0.43..35.83 rows=9 width=4)
	        Index Cond: ((id >= 7145236) AND (id <= 7145245))

table 8 : explain SELECT SUM(k) FROM sbtest8 WHERE id BETWEEN 4704547 AND 4704556
	Aggregate  (cost=35.25..35.26 rows=1 width=8)
	  ->  Index Scan using sbtest8_pkey on sbtest8  (cost=0.43..35.22 rows=9 width=4)
	        Index Cond: ((id >= 4704547) AND (id <= 4704556))

for: simple_ranges
table 1 : explain SELECT c FROM sbtest1 WHERE id BETWEEN 2805453 AND 2805462
	Index Scan using sbtest1_pkey on sbtest1  (cost=0.43..38.95 rows=10 width=121)
	  Index Cond: ((id >= 2805453) AND (id <= 2805462))

table 2 : explain SELECT c FROM sbtest2 WHERE id BETWEEN 9576676 AND 9576685
	Index Scan using sbtest2_pkey on sbtest2  (cost=0.43..35.76 rows=9 width=121)
	  Index Cond: ((id >= 9576676) AND (id <= 9576685))

table 3 : explain SELECT c FROM sbtest3 WHERE id BETWEEN 4365837 AND 4365846
	Index Scan using sbtest3_pkey on sbtest3  (cost=0.43..39.26 rows=10 width=121)
	  Index Cond: ((id >= 4365837) AND (id <= 4365846))

table 4 : explain SELECT c FROM sbtest4 WHERE id BETWEEN 1852213 AND 1852222
	Index Scan using sbtest4_pkey on sbtest4  (cost=0.43..38.68 rows=10 width=121)
	  Index Cond: ((id >= 1852213) AND (id <= 1852222))

table 5 : explain SELECT c FROM sbtest5 WHERE id BETWEEN 9282389 AND 9282398
	Index Scan using sbtest5_pkey on sbtest5  (cost=0.43..39.22 rows=10 width=121)
	  Index Cond: ((id >= 9282389) AND (id <= 9282398))

table 6 : explain SELECT c FROM sbtest6 WHERE id BETWEEN 426504 AND 426513
	Index Scan using sbtest6_pkey on sbtest6  (cost=0.43..39.36 rows=10 width=121)
	  Index Cond: ((id >= 426504) AND (id <= 426513))

table 7 : explain SELECT c FROM sbtest7 WHERE id BETWEEN 2739393 AND 2739402
	Index Scan using sbtest7_pkey on sbtest7  (cost=0.43..42.68 rows=11 width=121)
	  Index Cond: ((id >= 2739393) AND (id <= 2739402))

table 8 : explain SELECT c FROM sbtest8 WHERE id BETWEEN 3942495 AND 3942504
	Index Scan using sbtest8_pkey on sbtest8  (cost=0.43..38.57 rows=10 width=121)
	  Index Cond: ((id >= 3942495) AND (id <= 3942504))

explain: for deletes :: explain DELETE FROM sbtest%u WHERE id=%u
for: simple_ranges
table 1 : explain SELECT c FROM sbtest1 WHERE id BETWEEN 8590273 AND 8590282
	Index Scan using sbtest1_pkey on sbtest1  (cost=0.43..35.56 rows=9 width=121)
	  Index Cond: ((id >= 8590273) AND (id <= 8590282))

table 2 : explain SELECT c FROM sbtest2 WHERE id BETWEEN 6685398 AND 6685407
	Index Scan using sbtest2_pkey on sbtest2  (cost=0.43..39.17 rows=10 width=121)
	  Index Cond: ((id >= 6685398) AND (id <= 6685407))

table 3 : explain SELECT c FROM sbtest3 WHERE id BETWEEN 5683068 AND 5683077
	Index Scan using sbtest3_pkey on sbtest3  (cost=0.43..39.26 rows=10 width=121)
	  Index Cond: ((id >= 5683068) AND (id <= 5683077))

table 4 : explain SELECT c FROM sbtest4 WHERE id BETWEEN 580597 AND 580606
	Index Scan using sbtest4_pkey on sbtest4  (cost=0.43..35.32 rows=9 width=121)
	  Index Cond: ((id >= 580597) AND (id <= 580606))

table 5 : explain SELECT c FROM sbtest5 WHERE id BETWEEN 6189247 AND 6189256
	Index Scan using sbtest5_pkey on sbtest5  (cost=0.43..39.22 rows=10 width=121)
	  Index Cond: ((id >= 6189247) AND (id <= 6189256))

table 6 : explain SELECT c FROM sbtest6 WHERE id BETWEEN 5480515 AND 5480524
	Index Scan using sbtest6_pkey on sbtest6  (cost=0.43..35.93 rows=9 width=121)
	  Index Cond: ((id >= 5480515) AND (id <= 5480524))

table 7 : explain SELECT c FROM sbtest7 WHERE id BETWEEN 2723543 AND 2723552
	Index Scan using sbtest7_pkey on sbtest7  (cost=0.43..42.68 rows=11 width=121)
	  Index Cond: ((id >= 2723543) AND (id <= 2723552))

table 8 : explain SELECT c FROM sbtest8 WHERE id BETWEEN 5342315 AND 5342324
	Index Scan using sbtest8_pkey on sbtest8  (cost=0.43..38.57 rows=10 width=121)
	  Index Cond: ((id >= 5342315) AND (id <= 5342324))

for: distinct_ranges
table 1 : explain SELECT DISTINCT c FROM sbtest1 WHERE id BETWEEN 6720133 AND 6720142 ORDER BY c
	Unique  (cost=42.53..42.59 rows=11 width=121)
	  ->  Sort  (cost=42.53..42.56 rows=11 width=121)
	        Sort Key: c
	        ->  Index Scan using sbtest1_pkey on sbtest1  (cost=0.43..42.34 rows=11 width=121)
	              Index Cond: ((id >= 6720133) AND (id <= 6720142))

table 2 : explain SELECT DISTINCT c FROM sbtest2 WHERE id BETWEEN 1694820 AND 1694829 ORDER BY c
	Unique  (cost=39.34..39.39 rows=10 width=121)
	  ->  Sort  (cost=39.34..39.36 rows=10 width=121)
	        Sort Key: c
	        ->  Index Scan using sbtest2_pkey on sbtest2  (cost=0.43..39.17 rows=10 width=121)
	              Index Cond: ((id >= 1694820) AND (id <= 1694829))

table 3 : explain SELECT DISTINCT c FROM sbtest3 WHERE id BETWEEN 6093445 AND 6093454 ORDER BY c
	Unique  (cost=35.98..36.03 rows=9 width=121)
	  ->  Sort  (cost=35.98..36.01 rows=9 width=121)
	        Sort Key: c
	        ->  Index Scan using sbtest3_pkey on sbtest3  (cost=0.43..35.84 rows=9 width=121)
	              Index Cond: ((id >= 6093445) AND (id <= 6093454))

table 4 : explain SELECT DISTINCT c FROM sbtest4 WHERE id BETWEEN 8269994 AND 8270003 ORDER BY c
	Unique  (cost=38.85..38.90 rows=10 width=121)
	  ->  Sort  (cost=38.85..38.87 rows=10 width=121)
	        Sort Key: c
	        ->  Index Scan using sbtest4_pkey on sbtest4  (cost=0.43..38.68 rows=10 width=121)
	              Index Cond: ((id >= 8269994) AND (id <= 8270003))

table 5 : explain SELECT DISTINCT c FROM sbtest5 WHERE id BETWEEN 1899530 AND 1899539 ORDER BY c
	Unique  (cost=39.38..39.43 rows=10 width=121)
	  ->  Sort  (cost=39.38..39.41 rows=10 width=121)
	        Sort Key: c
	        ->  Index Scan using sbtest5_pkey on sbtest5  (cost=0.43..39.22 rows=10 width=121)
	              Index Cond: ((id >= 1899530) AND (id <= 1899539))

table 6 : explain SELECT DISTINCT c FROM sbtest6 WHERE id BETWEEN 9765781 AND 9765790 ORDER BY c
	Unique  (cost=42.99..43.04 rows=11 width=121)
	  ->  Sort  (cost=42.99..43.02 rows=11 width=121)
	        Sort Key: c
	        ->  Index Scan using sbtest6_pkey on sbtest6  (cost=0.43..42.80 rows=11 width=121)
	              Index Cond: ((id >= 9765781) AND (id <= 9765790))

table 7 : explain SELECT DISTINCT c FROM sbtest7 WHERE id BETWEEN 999394 AND 999403 ORDER BY c
	Unique  (cost=39.42..39.47 rows=10 width=121)
	  ->  Sort  (cost=39.42..39.45 rows=10 width=121)
	        Sort Key: c
	        ->  Index Scan using sbtest7_pkey on sbtest7  (cost=0.43..39.25 rows=10 width=121)
	              Index Cond: ((id >= 999394) AND (id <= 999403))

table 8 : explain SELECT DISTINCT c FROM sbtest8 WHERE id BETWEEN 4110593 AND 4110602 ORDER BY c
	Unique  (cost=38.74..38.79 rows=10 width=121)
	  ->  Sort  (cost=38.74..38.76 rows=10 width=121)
	        Sort Key: c
	        ->  Index Scan using sbtest8_pkey on sbtest8  (cost=0.43..38.57 rows=10 width=121)
	              Index Cond: ((id >= 4110593) AND (id <= 4110602))

explain: for non_index_updates :: explain UPDATE sbtest%u SET c='foobar' WHERE id=%u
for point_selects
table 1 : explain SELECT c FROM sbtest1 WHERE id=795848
	Index Scan using sbtest1_pkey on sbtest1  (cost=0.43..8.45 rows=1 width=121)
	  Index Cond: (id = 795848)

table 2 : explain SELECT c FROM sbtest2 WHERE id=8028077
	Index Scan using sbtest2_pkey on sbtest2  (cost=0.43..8.45 rows=1 width=121)
	  Index Cond: (id = 8028077)

table 3 : explain SELECT c FROM sbtest3 WHERE id=8426276
	Index Scan using sbtest3_pkey on sbtest3  (cost=0.43..8.45 rows=1 width=121)
	  Index Cond: (id = 8426276)

table 4 : explain SELECT c FROM sbtest4 WHERE id=5777885
	Index Scan using sbtest4_pkey on sbtest4  (cost=0.43..8.45 rows=1 width=121)
	  Index Cond: (id = 5777885)

table 5 : explain SELECT c FROM sbtest5 WHERE id=7630821
	Index Scan using sbtest5_pkey on sbtest5  (cost=0.43..8.45 rows=1 width=121)
	  Index Cond: (id = 7630821)

table 6 : explain SELECT c FROM sbtest6 WHERE id=4007563
	Index Scan using sbtest6_pkey on sbtest6  (cost=0.43..8.45 rows=1 width=121)
	  Index Cond: (id = 4007563)

table 7 : explain SELECT c FROM sbtest7 WHERE id=7747162
	Index Scan using sbtest7_pkey on sbtest7  (cost=0.43..8.45 rows=1 width=121)
	  Index Cond: (id = 7747162)

table 8 : explain SELECT c FROM sbtest8 WHERE id=7124985
	Index Scan using sbtest8_pkey on sbtest8  (cost=0.43..8.45 rows=1 width=121)
	  Index Cond: (id = 7124985)

explain: for index_updates :: explain UPDATE sbtest%u SET k=k+1 WHERE id=%u
for deletes
table 1 : explain DELETE FROM sbtest1 WHERE id=3821926
	Delete on sbtest1  (cost=0.43..8.45 rows=0 width=0)
	  ->  Index Scan using sbtest1_pkey on sbtest1  (cost=0.43..8.45 rows=1 width=6)
	        Index Cond: (id = 3821926)

table 2 : explain DELETE FROM sbtest2 WHERE id=1606455
	Delete on sbtest2  (cost=0.43..8.45 rows=0 width=0)
	  ->  Index Scan using sbtest2_pkey on sbtest2  (cost=0.43..8.45 rows=1 width=6)
	        Index Cond: (id = 1606455)

table 3 : explain DELETE FROM sbtest3 WHERE id=6189312
	Delete on sbtest3  (cost=0.43..8.45 rows=0 width=0)
	  ->  Index Scan using sbtest3_pkey on sbtest3  (cost=0.43..8.45 rows=1 width=6)
	        Index Cond: (id = 6189312)

table 4 : explain DELETE FROM sbtest4 WHERE id=2263361
	Delete on sbtest4  (cost=0.43..8.45 rows=0 width=0)
	  ->  Index Scan using sbtest4_pkey on sbtest4  (cost=0.43..8.45 rows=1 width=6)
	        Index Cond: (id = 2263361)

table 5 : explain DELETE FROM sbtest5 WHERE id=6231503
	Delete on sbtest5  (cost=0.43..8.45 rows=0 width=0)
	  ->  Index Scan using sbtest5_pkey on sbtest5  (cost=0.43..8.45 rows=1 width=6)
	        Index Cond: (id = 6231503)

table 6 : explain DELETE FROM sbtest6 WHERE id=8910107
	Delete on sbtest6  (cost=0.43..8.45 rows=0 width=0)
	  ->  Index Scan using sbtest6_pkey on sbtest6  (cost=0.43..8.45 rows=1 width=6)
	        Index Cond: (id = 8910107)

table 7 : explain DELETE FROM sbtest7 WHERE id=7843634
	Delete on sbtest7  (cost=0.43..8.45 rows=0 width=0)
	  ->  Index Scan using sbtest7_pkey on sbtest7  (cost=0.43..8.45 rows=1 width=6)
	        Index Cond: (id = 7843634)

table 8 : explain DELETE FROM sbtest8 WHERE id=9829014
	Delete on sbtest8  (cost=0.43..8.45 rows=0 width=0)
	  ->  Index Scan using sbtest8_pkey on sbtest8  (cost=0.43..8.45 rows=1 width=6)
	        Index Cond: (id = 9829014)

for non_index_updates
table 1 : explain UPDATE sbtest1 SET c='foobar' WHERE id=3179461
	Update on sbtest1  (cost=0.43..8.45 rows=0 width=0)
	  ->  Index Scan using sbtest1_pkey on sbtest1  (cost=0.43..8.45 rows=1 width=490)
	        Index Cond: (id = 3179461)

table 2 : explain UPDATE sbtest2 SET c='foobar' WHERE id=3275135
	Update on sbtest2  (cost=0.43..8.45 rows=0 width=0)
	  ->  Index Scan using sbtest2_pkey on sbtest2  (cost=0.43..8.45 rows=1 width=490)
	        Index Cond: (id = 3275135)

table 3 : explain UPDATE sbtest3 SET c='foobar' WHERE id=7863722
	Update on sbtest3  (cost=0.43..8.45 rows=0 width=0)
	  ->  Index Scan using sbtest3_pkey on sbtest3  (cost=0.43..8.45 rows=1 width=490)
	        Index Cond: (id = 7863722)

table 4 : explain UPDATE sbtest4 SET c='foobar' WHERE id=7377454
	Update on sbtest4  (cost=0.43..8.45 rows=0 width=0)
	  ->  Index Scan using sbtest4_pkey on sbtest4  (cost=0.43..8.45 rows=1 width=490)
	        Index Cond: (id = 7377454)

table 5 : explain UPDATE sbtest5 SET c='foobar' WHERE id=1086365
	Update on sbtest5  (cost=0.43..8.45 rows=0 width=0)
	  ->  Index Scan using sbtest5_pkey on sbtest5  (cost=0.43..8.45 rows=1 width=490)
	        Index Cond: (id = 1086365)

table 6 : explain UPDATE sbtest6 SET c='foobar' WHERE id=7138762
	Update on sbtest6  (cost=0.43..8.45 rows=0 width=0)
	  ->  Index Scan using sbtest6_pkey on sbtest6  (cost=0.43..8.45 rows=1 width=490)
	        Index Cond: (id = 7138762)

table 7 : explain UPDATE sbtest7 SET c='foobar' WHERE id=5777567
	Update on sbtest7  (cost=0.43..8.45 rows=0 width=0)
	  ->  Index Scan using sbtest7_pkey on sbtest7  (cost=0.43..8.45 rows=1 width=490)
	        Index Cond: (id = 5777567)

table 8 : explain UPDATE sbtest8 SET c='foobar' WHERE id=6717588
	Update on sbtest8  (cost=0.43..8.45 rows=0 width=0)
	  ->  Index Scan using sbtest8_pkey on sbtest8  (cost=0.43..8.45 rows=1 width=490)
	        Index Cond: (id = 6717588)

for: order_ranges
table 1 : explain SELECT c FROM sbtest1 WHERE id BETWEEN 8489399 AND 8489408 ORDER BY c
	Sort  (cost=35.71..35.73 rows=9 width=121)
	  Sort Key: c
	  ->  Index Scan using sbtest1_pkey on sbtest1  (cost=0.43..35.56 rows=9 width=121)
	        Index Cond: ((id >= 8489399) AND (id <= 8489408))

table 2 : explain SELECT c FROM sbtest2 WHERE id BETWEEN 7293952 AND 7293961 ORDER BY c
	Sort  (cost=35.90..35.92 rows=9 width=121)
	  Sort Key: c
	  ->  Index Scan using sbtest2_pkey on sbtest2  (cost=0.43..35.76 rows=9 width=121)
	        Index Cond: ((id >= 7293952) AND (id <= 7293961))

table 3 : explain SELECT c FROM sbtest3 WHERE id BETWEEN 6131970 AND 6131979 ORDER BY c
	Sort  (cost=35.98..36.01 rows=9 width=121)
	  Sort Key: c
	  ->  Index Scan using sbtest3_pkey on sbtest3  (cost=0.43..35.84 rows=9 width=121)
	        Index Cond: ((id >= 6131970) AND (id <= 6131979))

table 4 : explain SELECT c FROM sbtest4 WHERE id BETWEEN 3784931 AND 3784940 ORDER BY c
	Sort  (cost=38.85..38.87 rows=10 width=121)
	  Sort Key: c
	  ->  Index Scan using sbtest4_pkey on sbtest4  (cost=0.43..38.68 rows=10 width=121)
	        Index Cond: ((id >= 3784931) AND (id <= 3784940))

table 5 : explain SELECT c FROM sbtest5 WHERE id BETWEEN 6515090 AND 6515099 ORDER BY c
	Sort  (cost=39.38..39.41 rows=10 width=121)
	  Sort Key: c
	  ->  Index Scan using sbtest5_pkey on sbtest5  (cost=0.43..39.22 rows=10 width=121)
	        Index Cond: ((id >= 6515090) AND (id <= 6515099))

table 6 : explain SELECT c FROM sbtest6 WHERE id BETWEEN 407143 AND 407152 ORDER BY c
	Sort  (cost=39.53..39.56 rows=10 width=121)
	  Sort Key: c
	  ->  Index Scan using sbtest6_pkey on sbtest6  (cost=0.43..39.36 rows=10 width=121)
	        Index Cond: ((id >= 407143) AND (id <= 407152))

table 7 : explain SELECT c FROM sbtest7 WHERE id BETWEEN 8324533 AND 8324542 ORDER BY c
	Sort  (cost=39.42..39.45 rows=10 width=121)
	  Sort Key: c
	  ->  Index Scan using sbtest7_pkey on sbtest7  (cost=0.43..39.25 rows=10 width=121)
	        Index Cond: ((id >= 8324533) AND (id <= 8324542))

table 8 : explain SELECT c FROM sbtest8 WHERE id BETWEEN 237330 AND 237339 ORDER BY c
	Sort  (cost=42.11..42.13 rows=11 width=121)
	  Sort Key: c
	  ->  Index Scan using sbtest8_pkey on sbtest8  (cost=0.43..41.92 rows=11 width=121)
	        Index Cond: ((id >= 237330) AND (id <= 237339))

explain: for point_selects :: explain SELECT c FROM sbtest%u WHERE id=%u
for inserts
table 1 : explain INSERT INTO sbtest1 (id, k, c, pad) VALUES (8457040, 13, 'foobar', 'foobar')
	Insert on sbtest1  (cost=0.00..0.01 rows=0 width=0)
	  ->  Result  (cost=0.00..0.01 rows=1 width=736)

table 2 : explain INSERT INTO sbtest2 (id, k, c, pad) VALUES (1810536, 13, 'foobar', 'foobar')
	Insert on sbtest2  (cost=0.00..0.01 rows=0 width=0)
	  ->  Result  (cost=0.00..0.01 rows=1 width=736)

table 3 : explain INSERT INTO sbtest3 (id, k, c, pad) VALUES (7076732, 13, 'foobar', 'foobar')
	Insert on sbtest3  (cost=0.00..0.01 rows=0 width=0)
	  ->  Result  (cost=0.00..0.01 rows=1 width=736)

table 4 : explain INSERT INTO sbtest4 (id, k, c, pad) VALUES (6323022, 13, 'foobar', 'foobar')
	Insert on sbtest4  (cost=0.00..0.01 rows=0 width=0)
	  ->  Result  (cost=0.00..0.01 rows=1 width=736)

table 5 : explain INSERT INTO sbtest5 (id, k, c, pad) VALUES (523061, 13, 'foobar', 'foobar')
	Insert on sbtest5  (cost=0.00..0.01 rows=0 width=0)
	  ->  Result  (cost=0.00..0.01 rows=1 width=736)

table 6 : explain INSERT INTO sbtest6 (id, k, c, pad) VALUES (1687226, 13, 'foobar', 'foobar')
	Insert on sbtest6  (cost=0.00..0.01 rows=0 width=0)
	  ->  Result  (cost=0.00..0.01 rows=1 width=736)

table 7 : explain INSERT INTO sbtest7 (id, k, c, pad) VALUES (6183075, 13, 'foobar', 'foobar')
	Insert on sbtest7  (cost=0.00..0.01 rows=0 width=0)
	  ->  Result  (cost=0.00..0.01 rows=1 width=736)

table 8 : explain INSERT INTO sbtest8 (id, k, c, pad) VALUES (7705135, 13, 'foobar', 'foobar')
	Insert on sbtest8  (cost=0.00..0.01 rows=0 width=0)
	  ->  Result  (cost=0.00..0.01 rows=1 width=736)

explain: for inserts :: explain INSERT INTO sbtest%u (id, k, c, pad) VALUES (%u, 13, 'foobar', 'foobar')
for index_updates
table 1 : explain UPDATE sbtest1 SET k=k+1 WHERE id=2914241
	Update on sbtest1  (cost=0.43..8.46 rows=0 width=0)
	  ->  Index Scan using sbtest1_pkey on sbtest1  (cost=0.43..8.46 rows=1 width=10)
	        Index Cond: (id = 2914241)

table 2 : explain UPDATE sbtest2 SET k=k+1 WHERE id=4201592
	Update on sbtest2  (cost=0.43..8.46 rows=0 width=0)
	  ->  Index Scan using sbtest2_pkey on sbtest2  (cost=0.43..8.46 rows=1 width=10)
	        Index Cond: (id = 4201592)

table 3 : explain UPDATE sbtest3 SET k=k+1 WHERE id=9260487
	Update on sbtest3  (cost=0.43..8.46 rows=0 width=0)
	  ->  Index Scan using sbtest3_pkey on sbtest3  (cost=0.43..8.46 rows=1 width=10)
	        Index Cond: (id = 9260487)

table 4 : explain UPDATE sbtest4 SET k=k+1 WHERE id=9118031
	Update on sbtest4  (cost=0.43..8.46 rows=0 width=0)
	  ->  Index Scan using sbtest4_pkey on sbtest4  (cost=0.43..8.46 rows=1 width=10)
	        Index Cond: (id = 9118031)

table 5 : explain UPDATE sbtest5 SET k=k+1 WHERE id=3381732
	Update on sbtest5  (cost=0.43..8.46 rows=0 width=0)
	  ->  Index Scan using sbtest5_pkey on sbtest5  (cost=0.43..8.46 rows=1 width=10)
	        Index Cond: (id = 3381732)

table 6 : explain UPDATE sbtest6 SET k=k+1 WHERE id=4622216
	Update on sbtest6  (cost=0.43..8.46 rows=0 width=0)
	  ->  Index Scan using sbtest6_pkey on sbtest6  (cost=0.43..8.46 rows=1 width=10)
	        Index Cond: (id = 4622216)

table 7 : explain UPDATE sbtest7 SET k=k+1 WHERE id=9182167
	Update on sbtest7  (cost=0.43..8.46 rows=0 width=0)
	  ->  Index Scan using sbtest7_pkey on sbtest7  (cost=0.43..8.46 rows=1 width=10)
	        Index Cond: (id = 9182167)

table 8 : explain UPDATE sbtest8 SET k=k+1 WHERE id=3006897
	Update on sbtest8  (cost=0.43..8.46 rows=0 width=0)
	  ->  Index Scan using sbtest8_pkey on sbtest8  (cost=0.43..8.46 rows=1 width=10)
	        Index Cond: (id = 3006897)

for: sum_ranges
table 1 : explain SELECT SUM(k) FROM sbtest1 WHERE id BETWEEN 1347064 AND 1347073
	Aggregate  (cost=35.59..35.60 rows=1 width=8)
	  ->  Index Scan using sbtest1_pkey on sbtest1  (cost=0.43..35.56 rows=9 width=4)
	        Index Cond: ((id >= 1347064) AND (id <= 1347073))

table 2 : explain SELECT SUM(k) FROM sbtest2 WHERE id BETWEEN 936506 AND 936515
	Aggregate  (cost=39.20..39.21 rows=1 width=8)
	  ->  Index Scan using sbtest2_pkey on sbtest2  (cost=0.43..39.17 rows=10 width=4)
	        Index Cond: ((id >= 936506) AND (id <= 936515))

table 3 : explain SELECT SUM(k) FROM sbtest3 WHERE id BETWEEN 9162613 AND 9162622
	Aggregate  (cost=39.29..39.30 rows=1 width=8)
	  ->  Index Scan using sbtest3_pkey on sbtest3  (cost=0.43..39.26 rows=10 width=4)
	        Index Cond: ((id >= 9162613) AND (id <= 9162622))

table 4 : explain SELECT SUM(k) FROM sbtest4 WHERE id BETWEEN 5205772 AND 5205781
	Aggregate  (cost=42.06..42.07 rows=1 width=8)
	  ->  Index Scan using sbtest4_pkey on sbtest4  (cost=0.43..42.04 rows=11 width=4)
	        Index Cond: ((id >= 5205772) AND (id <= 5205781))

table 5 : explain SELECT SUM(k) FROM sbtest5 WHERE id BETWEEN 730037 AND 730046
	Aggregate  (cost=39.24..39.25 rows=1 width=8)
	  ->  Index Scan using sbtest5_pkey on sbtest5  (cost=0.43..39.22 rows=10 width=4)
	        Index Cond: ((id >= 730037) AND (id <= 730046))

table 6 : explain SELECT SUM(k) FROM sbtest6 WHERE id BETWEEN 1117592 AND 1117601
	Aggregate  (cost=39.39..39.40 rows=1 width=8)
	  ->  Index Scan using sbtest6_pkey on sbtest6  (cost=0.43..39.36 rows=10 width=4)
	        Index Cond: ((id >= 1117592) AND (id <= 1117601))

table 7 : explain SELECT SUM(k) FROM sbtest7 WHERE id BETWEEN 948651 AND 948660
	Aggregate  (cost=39.28..39.29 rows=1 width=8)
	  ->  Index Scan using sbtest7_pkey on sbtest7  (cost=0.43..39.25 rows=10 width=4)
	        Index Cond: ((id >= 948651) AND (id <= 948660))

table 8 : explain SELECT SUM(k) FROM sbtest8 WHERE id BETWEEN 7353285 AND 7353294
	Aggregate  (cost=38.60..38.61 rows=1 width=8)
	  ->  Index Scan using sbtest8_pkey on sbtest8  (cost=0.43..38.57 rows=10 width=4)
	        Index Cond: ((id >= 7353285) AND (id <= 7353294))

explain: for point_selects :: explain SELECT c FROM sbtest%u WHERE id=%u
for: simple_ranges
table 1 : explain SELECT c FROM sbtest1 WHERE id BETWEEN 1985005 AND 1985014
	Index Scan using sbtest1_pkey on sbtest1  (cost=0.43..42.34 rows=11 width=121)
	  Index Cond: ((id >= 1985005) AND (id <= 1985014))

table 2 : explain SELECT c FROM sbtest2 WHERE id BETWEEN 1934436 AND 1934445
	Index Scan using sbtest2_pkey on sbtest2  (cost=0.43..39.17 rows=10 width=121)
	  Index Cond: ((id >= 1934436) AND (id <= 1934445))

table 3 : explain SELECT c FROM sbtest3 WHERE id BETWEEN 2319642 AND 2319651
	Index Scan using sbtest3_pkey on sbtest3  (cost=0.43..42.69 rows=11 width=121)
	  Index Cond: ((id >= 2319642) AND (id <= 2319651))

table 4 : explain SELECT c FROM sbtest4 WHERE id BETWEEN 4606549 AND 4606558
	Index Scan using sbtest4_pkey on sbtest4  (cost=0.43..38.68 rows=10 width=121)
	  Index Cond: ((id >= 4606549) AND (id <= 4606558))

table 5 : explain SELECT c FROM sbtest5 WHERE id BETWEEN 1701741 AND 1701750
	Index Scan using sbtest5_pkey on sbtest5  (cost=0.43..39.22 rows=10 width=121)
	  Index Cond: ((id >= 1701741) AND (id <= 1701750))

table 6 : explain SELECT c FROM sbtest6 WHERE id BETWEEN 6385682 AND 6385691
	Index Scan using sbtest6_pkey on sbtest6  (cost=0.43..42.80 rows=11 width=121)
	  Index Cond: ((id >= 6385682) AND (id <= 6385691))

table 7 : explain SELECT c FROM sbtest7 WHERE id BETWEEN 9975992 AND 9976001
	Index Scan using sbtest7_pkey on sbtest7  (cost=0.43..39.25 rows=10 width=121)
	  Index Cond: ((id >= 9975992) AND (id <= 9976001))

table 8 : explain SELECT c FROM sbtest8 WHERE id BETWEEN 8704616 AND 8704625
	Index Scan using sbtest8_pkey on sbtest8  (cost=0.43..38.57 rows=10 width=121)
	  Index Cond: ((id >= 8704616) AND (id <= 8704625))

for: order_ranges
table 1 : explain SELECT c FROM sbtest1 WHERE id BETWEEN 5808599 AND 5808608 ORDER BY c
	Sort  (cost=35.71..35.73 rows=9 width=121)
	  Sort Key: c
	  ->  Index Scan using sbtest1_pkey on sbtest1  (cost=0.43..35.56 rows=9 width=121)
	        Index Cond: ((id >= 5808599) AND (id <= 5808608))

table 2 : explain SELECT c FROM sbtest2 WHERE id BETWEEN 9350869 AND 9350878 ORDER BY c
	Sort  (cost=39.34..39.36 rows=10 width=121)
	  Sort Key: c
	  ->  Index Scan using sbtest2_pkey on sbtest2  (cost=0.43..39.17 rows=10 width=121)
	        Index Cond: ((id >= 9350869) AND (id <= 9350878))

table 3 : explain SELECT c FROM sbtest3 WHERE id BETWEEN 712565 AND 712574 ORDER BY c
	Sort  (cost=39.43..39.46 rows=10 width=121)
	  Sort Key: c
	  ->  Index Scan using sbtest3_pkey on sbtest3  (cost=0.43..39.26 rows=10 width=121)
	        Index Cond: ((id >= 712565) AND (id <= 712574))

table 4 : explain SELECT c FROM sbtest4 WHERE id BETWEEN 6299598 AND 6299607 ORDER BY c
	Sort  (cost=38.85..38.87 rows=10 width=121)
	  Sort Key: c
	  ->  Index Scan using sbtest4_pkey on sbtest4  (cost=0.43..38.68 rows=10 width=121)
	        Index Cond: ((id >= 6299598) AND (id <= 6299607))

table 5 : explain SELECT c FROM sbtest5 WHERE id BETWEEN 409116 AND 409125 ORDER BY c
	Sort  (cost=39.38..39.41 rows=10 width=121)
	  Sort Key: c
	  ->  Index Scan using sbtest5_pkey on sbtest5  (cost=0.43..39.22 rows=10 width=121)
	        Index Cond: ((id >= 409116) AND (id <= 409125))

table 6 : explain SELECT c FROM sbtest6 WHERE id BETWEEN 1405788 AND 1405797 ORDER BY c
	Sort  (cost=39.53..39.56 rows=10 width=121)
	  Sort Key: c
	  ->  Index Scan using sbtest6_pkey on sbtest6  (cost=0.43..39.36 rows=10 width=121)
	        Index Cond: ((id >= 1405788) AND (id <= 1405797))

table 7 : explain SELECT c FROM sbtest7 WHERE id BETWEEN 8668351 AND 8668360 ORDER BY c
	Sort  (cost=35.97..36.00 rows=9 width=121)
	  Sort Key: c
	  ->  Index Scan using sbtest7_pkey on sbtest7  (cost=0.43..35.83 rows=9 width=121)
	        Index Cond: ((id >= 8668351) AND (id <= 8668360))

table 8 : explain SELECT c FROM sbtest8 WHERE id BETWEEN 9748223 AND 9748232 ORDER BY c
	Sort  (cost=42.11..42.13 rows=11 width=121)
	  Sort Key: c
	  ->  Index Scan using sbtest8_pkey on sbtest8  (cost=0.43..41.92 rows=11 width=121)
	        Index Cond: ((id >= 9748223) AND (id <= 9748232))

explain: for deletes :: explain DELETE FROM sbtest%u WHERE id=%u
for inserts
table 1 : explain INSERT INTO sbtest1 (id, k, c, pad) VALUES (8689943, 13, 'foobar', 'foobar')
	Insert on sbtest1  (cost=0.00..0.01 rows=0 width=0)
	  ->  Result  (cost=0.00..0.01 rows=1 width=736)

table 2 : explain INSERT INTO sbtest2 (id, k, c, pad) VALUES (1734073, 13, 'foobar', 'foobar')
	Insert on sbtest2  (cost=0.00..0.01 rows=0 width=0)
	  ->  Result  (cost=0.00..0.01 rows=1 width=736)

table 3 : explain INSERT INTO sbtest3 (id, k, c, pad) VALUES (4334888, 13, 'foobar', 'foobar')
	Insert on sbtest3  (cost=0.00..0.01 rows=0 width=0)
	  ->  Result  (cost=0.00..0.01 rows=1 width=736)

table 4 : explain INSERT INTO sbtest4 (id, k, c, pad) VALUES (1716215, 13, 'foobar', 'foobar')
	Insert on sbtest4  (cost=0.00..0.01 rows=0 width=0)
	  ->  Result  (cost=0.00..0.01 rows=1 width=736)

table 5 : explain INSERT INTO sbtest5 (id, k, c, pad) VALUES (5340542, 13, 'foobar', 'foobar')
	Insert on sbtest5  (cost=0.00..0.01 rows=0 width=0)
	  ->  Result  (cost=0.00..0.01 rows=1 width=736)

table 6 : explain INSERT INTO sbtest6 (id, k, c, pad) VALUES (6079032, 13, 'foobar', 'foobar')
	Insert on sbtest6  (cost=0.00..0.01 rows=0 width=0)
	  ->  Result  (cost=0.00..0.01 rows=1 width=736)

table 7 : explain INSERT INTO sbtest7 (id, k, c, pad) VALUES (9164152, 13, 'foobar', 'foobar')
	Insert on sbtest7  (cost=0.00..0.01 rows=0 width=0)
	  ->  Result  (cost=0.00..0.01 rows=1 width=736)

table 8 : explain INSERT INTO sbtest8 (id, k, c, pad) VALUES (4435193, 13, 'foobar', 'foobar')
	Insert on sbtest8  (cost=0.00..0.01 rows=0 width=0)
	  ->  Result  (cost=0.00..0.01 rows=1 width=736)

for: sum_ranges
table 1 : explain SELECT SUM(k) FROM sbtest1 WHERE id BETWEEN 4665508 AND 4665517
	Aggregate  (cost=35.59..35.60 rows=1 width=8)
	  ->  Index Scan using sbtest1_pkey on sbtest1  (cost=0.43..35.56 rows=9 width=4)
	        Index Cond: ((id >= 4665508) AND (id <= 4665517))

table 2 : explain SELECT SUM(k) FROM sbtest2 WHERE id BETWEEN 3122116 AND 3122125
	Aggregate  (cost=39.20..39.21 rows=1 width=8)
	  ->  Index Scan using sbtest2_pkey on sbtest2  (cost=0.43..39.17 rows=10 width=4)
	        Index Cond: ((id >= 3122116) AND (id <= 3122125))

table 3 : explain SELECT SUM(k) FROM sbtest3 WHERE id BETWEEN 3638106 AND 3638115
	Aggregate  (cost=39.29..39.30 rows=1 width=8)
	  ->  Index Scan using sbtest3_pkey on sbtest3  (cost=0.43..39.26 rows=10 width=4)
	        Index Cond: ((id >= 3638106) AND (id <= 3638115))

table 4 : explain SELECT SUM(k) FROM sbtest4 WHERE id BETWEEN 8012861 AND 8012870
	Aggregate  (cost=35.34..35.35 rows=1 width=8)
	  ->  Index Scan using sbtest4_pkey on sbtest4  (cost=0.43..35.32 rows=9 width=4)
	        Index Cond: ((id >= 8012861) AND (id <= 8012870))

table 5 : explain SELECT SUM(k) FROM sbtest5 WHERE id BETWEEN 2572924 AND 2572933
	Aggregate  (cost=39.24..39.25 rows=1 width=8)
	  ->  Index Scan using sbtest5_pkey on sbtest5  (cost=0.43..39.22 rows=10 width=4)
	        Index Cond: ((id >= 2572924) AND (id <= 2572933))

table 6 : explain SELECT SUM(k) FROM sbtest6 WHERE id BETWEEN 222055 AND 222064
	Aggregate  (cost=35.95..35.96 rows=1 width=8)
	  ->  Index Scan using sbtest6_pkey on sbtest6  (cost=0.43..35.93 rows=9 width=4)
	        Index Cond: ((id >= 222055) AND (id <= 222064))

table 7 : explain SELECT SUM(k) FROM sbtest7 WHERE id BETWEEN 7698507 AND 7698516
	Aggregate  (cost=39.28..39.29 rows=1 width=8)
	  ->  Index Scan using sbtest7_pkey on sbtest7  (cost=0.43..39.25 rows=10 width=4)
	        Index Cond: ((id >= 7698507) AND (id <= 7698516))

table 8 : explain SELECT SUM(k) FROM sbtest8 WHERE id BETWEEN 8846625 AND 8846634
	Aggregate  (cost=41.94..41.95 rows=1 width=8)
	  ->  Index Scan using sbtest8_pkey on sbtest8  (cost=0.43..41.92 rows=11 width=4)
	        Index Cond: ((id >= 8846625) AND (id <= 8846634))

for non_index_updates
table 1 : explain UPDATE sbtest1 SET c='foobar' WHERE id=3574111
	Update on sbtest1  (cost=0.43..8.45 rows=0 width=0)
	  ->  Index Scan using sbtest1_pkey on sbtest1  (cost=0.43..8.45 rows=1 width=490)
	        Index Cond: (id = 3574111)

table 2 : explain UPDATE sbtest2 SET c='foobar' WHERE id=8685877
	Update on sbtest2  (cost=0.43..8.45 rows=0 width=0)
	  ->  Index Scan using sbtest2_pkey on sbtest2  (cost=0.43..8.45 rows=1 width=490)
	        Index Cond: (id = 8685877)

table 3 : explain UPDATE sbtest3 SET c='foobar' WHERE id=6430343
	Update on sbtest3  (cost=0.43..8.45 rows=0 width=0)
	  ->  Index Scan using sbtest3_pkey on sbtest3  (cost=0.43..8.45 rows=1 width=490)
	        Index Cond: (id = 6430343)

table 4 : explain UPDATE sbtest4 SET c='foobar' WHERE id=1352122
	Update on sbtest4  (cost=0.43..8.45 rows=0 width=0)
	  ->  Index Scan using sbtest4_pkey on sbtest4  (cost=0.43..8.45 rows=1 width=490)
	        Index Cond: (id = 1352122)

table 5 : explain UPDATE sbtest5 SET c='foobar' WHERE id=9960972
	Update on sbtest5  (cost=0.43..8.45 rows=0 width=0)
	  ->  Index Scan using sbtest5_pkey on sbtest5  (cost=0.43..8.45 rows=1 width=490)
	        Index Cond: (id = 9960972)

table 6 : explain UPDATE sbtest6 SET c='foobar' WHERE id=9298837
	Update on sbtest6  (cost=0.43..8.45 rows=0 width=0)
	  ->  Index Scan using sbtest6_pkey on sbtest6  (cost=0.43..8.45 rows=1 width=490)
	        Index Cond: (id = 9298837)

table 7 : explain UPDATE sbtest7 SET c='foobar' WHERE id=1463413
	Update on sbtest7  (cost=0.43..8.45 rows=0 width=0)
	  ->  Index Scan using sbtest7_pkey on sbtest7  (cost=0.43..8.45 rows=1 width=490)
	        Index Cond: (id = 1463413)

table 8 : explain UPDATE sbtest8 SET c='foobar' WHERE id=3278387
	Update on sbtest8  (cost=0.43..8.45 rows=0 width=0)
	  ->  Index Scan using sbtest8_pkey on sbtest8  (cost=0.43..8.45 rows=1 width=490)
	        Index Cond: (id = 3278387)

for point_selects
table 1 : explain SELECT c FROM sbtest1 WHERE id=6845281
	Index Scan using sbtest1_pkey on sbtest1  (cost=0.43..8.45 rows=1 width=121)
	  Index Cond: (id = 6845281)

table 2 : explain SELECT c FROM sbtest2 WHERE id=7184348
	Index Scan using sbtest2_pkey on sbtest2  (cost=0.43..8.45 rows=1 width=121)
	  Index Cond: (id = 7184348)

table 3 : explain SELECT c FROM sbtest3 WHERE id=5462159
	Index Scan using sbtest3_pkey on sbtest3  (cost=0.43..8.45 rows=1 width=121)
	  Index Cond: (id = 5462159)

table 4 : explain SELECT c FROM sbtest4 WHERE id=2172419
	Index Scan using sbtest4_pkey on sbtest4  (cost=0.43..8.45 rows=1 width=121)
	  Index Cond: (id = 2172419)

table 5 : explain SELECT c FROM sbtest5 WHERE id=2450409
	Index Scan using sbtest5_pkey on sbtest5  (cost=0.43..8.45 rows=1 width=121)
	  Index Cond: (id = 2450409)

table 6 : explain SELECT c FROM sbtest6 WHERE id=9933908
	Index Scan using sbtest6_pkey on sbtest6  (cost=0.43..8.45 rows=1 width=121)
	  Index Cond: (id = 9933908)

table 7 : explain SELECT c FROM sbtest7 WHERE id=9706385
	Index Scan using sbtest7_pkey on sbtest7  (cost=0.43..8.45 rows=1 width=121)
	  Index Cond: (id = 9706385)

table 8 : explain SELECT c FROM sbtest8 WHERE id=5365892
	Index Scan using sbtest8_pkey on sbtest8  (cost=0.43..8.45 rows=1 width=121)
	  Index Cond: (id = 5365892)

for: order_ranges
table 1 : explain SELECT c FROM sbtest1 WHERE id BETWEEN 4531417 AND 4531426 ORDER BY c
	Sort  (cost=42.53..42.56 rows=11 width=121)
	  Sort Key: c
	  ->  Index Scan using sbtest1_pkey on sbtest1  (cost=0.43..42.34 rows=11 width=121)
	        Index Cond: ((id >= 4531417) AND (id <= 4531426))

table 2 : explain SELECT c FROM sbtest2 WHERE id BETWEEN 809166 AND 809175 ORDER BY c
	Sort  (cost=39.34..39.36 rows=10 width=121)
	  Sort Key: c
	  ->  Index Scan using sbtest2_pkey on sbtest2  (cost=0.43..39.17 rows=10 width=121)
	        Index Cond: ((id >= 809166) AND (id <= 809175))

table 3 : explain SELECT c FROM sbtest3 WHERE id BETWEEN 5196731 AND 5196740 ORDER BY c
	Sort  (cost=39.43..39.46 rows=10 width=121)
	  Sort Key: c
	  ->  Index Scan using sbtest3_pkey on sbtest3  (cost=0.43..39.26 rows=10 width=121)
	        Index Cond: ((id >= 5196731) AND (id <= 5196740))

table 4 : explain SELECT c FROM sbtest4 WHERE id BETWEEN 7355893 AND 7355902 ORDER BY c
	Sort  (cost=42.23..42.25 rows=11 width=121)
	  Sort Key: c
	  ->  Index Scan using sbtest4_pkey on sbtest4  (cost=0.43..42.04 rows=11 width=121)
	        Index Cond: ((id >= 7355893) AND (id <= 7355902))

table 5 : explain SELECT c FROM sbtest5 WHERE id BETWEEN 2129526 AND 2129535 ORDER BY c
	Sort  (cost=39.38..39.41 rows=10 width=121)
	  Sort Key: c
	  ->  Index Scan using sbtest5_pkey on sbtest5  (cost=0.43..39.22 rows=10 width=121)
	        Index Cond: ((id >= 2129526) AND (id <= 2129535))

table 6 : explain SELECT c FROM sbtest6 WHERE id BETWEEN 1387291 AND 1387300 ORDER BY c
	Sort  (cost=39.53..39.56 rows=10 width=121)
	  Sort Key: c
	  ->  Index Scan using sbtest6_pkey on sbtest6  (cost=0.43..39.36 rows=10 width=121)
	        Index Cond: ((id >= 1387291) AND (id <= 1387300))

table 7 : explain SELECT c FROM sbtest7 WHERE id BETWEEN 4306423 AND 4306432 ORDER BY c
	Sort  (cost=39.42..39.45 rows=10 width=121)
	  Sort Key: c
	  ->  Index Scan using sbtest7_pkey on sbtest7  (cost=0.43..39.25 rows=10 width=121)
	        Index Cond: ((id >= 4306423) AND (id <= 4306432))

table 8 : explain SELECT c FROM sbtest8 WHERE id BETWEEN 3426934 AND 3426943 ORDER BY c
	Sort  (cost=42.11..42.13 rows=11 width=121)
	  Sort Key: c
	  ->  Index Scan using sbtest8_pkey on sbtest8  (cost=0.43..41.92 rows=11 width=121)
	        Index Cond: ((id >= 3426934) AND (id <= 3426943))

for point_selects
table 1 : explain SELECT c FROM sbtest1 WHERE id=4570278
	Index Scan using sbtest1_pkey on sbtest1  (cost=0.43..8.45 rows=1 width=121)
	  Index Cond: (id = 4570278)

table 2 : explain SELECT c FROM sbtest2 WHERE id=6727781
	Index Scan using sbtest2_pkey on sbtest2  (cost=0.43..8.45 rows=1 width=121)
	  Index Cond: (id = 6727781)

table 3 : explain SELECT c FROM sbtest3 WHERE id=4570234
	Index Scan using sbtest3_pkey on sbtest3  (cost=0.43..8.45 rows=1 width=121)
	  Index Cond: (id = 4570234)

table 4 : explain SELECT c FROM sbtest4 WHERE id=5705154
	Index Scan using sbtest4_pkey on sbtest4  (cost=0.43..8.45 rows=1 width=121)
	  Index Cond: (id = 5705154)

table 5 : explain SELECT c FROM sbtest5 WHERE id=6430485
	Index Scan using sbtest5_pkey on sbtest5  (cost=0.43..8.45 rows=1 width=121)
	  Index Cond: (id = 6430485)

table 6 : explain SELECT c FROM sbtest6 WHERE id=9854711
	Index Scan using sbtest6_pkey on sbtest6  (cost=0.43..8.45 rows=1 width=121)
	  Index Cond: (id = 9854711)

table 7 : explain SELECT c FROM sbtest7 WHERE id=9825556
	Index Scan using sbtest7_pkey on sbtest7  (cost=0.43..8.45 rows=1 width=121)
	  Index Cond: (id = 9825556)

table 8 : explain SELECT c FROM sbtest8 WHERE id=5439509
	Index Scan using sbtest8_pkey on sbtest8  (cost=0.43..8.45 rows=1 width=121)
	  Index Cond: (id = 5439509)

explain: for non_index_updates :: explain UPDATE sbtest%u SET c='foobar' WHERE id=%u
for: sum_ranges
table 1 : explain SELECT SUM(k) FROM sbtest1 WHERE id BETWEEN 8499214 AND 8499223
	Aggregate  (cost=35.59..35.60 rows=1 width=8)
	  ->  Index Scan using sbtest1_pkey on sbtest1  (cost=0.43..35.56 rows=9 width=4)
	        Index Cond: ((id >= 8499214) AND (id <= 8499223))

table 2 : explain SELECT SUM(k) FROM sbtest2 WHERE id BETWEEN 7959916 AND 7959925
	Aggregate  (cost=42.61..42.62 rows=1 width=8)
	  ->  Index Scan using sbtest2_pkey on sbtest2  (cost=0.43..42.58 rows=11 width=4)
	        Index Cond: ((id >= 7959916) AND (id <= 7959925))

table 3 : explain SELECT SUM(k) FROM sbtest3 WHERE id BETWEEN 4636664 AND 4636673
	Aggregate  (cost=39.29..39.30 rows=1 width=8)
	  ->  Index Scan using sbtest3_pkey on sbtest3  (cost=0.43..39.26 rows=10 width=4)
	        Index Cond: ((id >= 4636664) AND (id <= 4636673))

table 4 : explain SELECT SUM(k) FROM sbtest4 WHERE id BETWEEN 3390413 AND 3390422
	Aggregate  (cost=38.70..38.71 rows=1 width=8)
	  ->  Index Scan using sbtest4_pkey on sbtest4  (cost=0.43..38.68 rows=10 width=4)
	        Index Cond: ((id >= 3390413) AND (id <= 3390422))

table 5 : explain SELECT SUM(k) FROM sbtest5 WHERE id BETWEEN 6412517 AND 6412526
	Aggregate  (cost=39.24..39.25 rows=1 width=8)
	  ->  Index Scan using sbtest5_pkey on sbtest5  (cost=0.43..39.22 rows=10 width=4)
	        Index Cond: ((id >= 6412517) AND (id <= 6412526))

table 6 : explain SELECT SUM(k) FROM sbtest6 WHERE id BETWEEN 8711482 AND 8711491
	Aggregate  (cost=35.95..35.96 rows=1 width=8)
	  ->  Index Scan using sbtest6_pkey on sbtest6  (cost=0.43..35.93 rows=9 width=4)
	        Index Cond: ((id >= 8711482) AND (id <= 8711491))

table 7 : explain SELECT SUM(k) FROM sbtest7 WHERE id BETWEEN 8655788 AND 8655797
	Aggregate  (cost=35.85..35.86 rows=1 width=8)
	  ->  Index Scan using sbtest7_pkey on sbtest7  (cost=0.43..35.83 rows=9 width=4)
	        Index Cond: ((id >= 8655788) AND (id <= 8655797))

table 8 : explain SELECT SUM(k) FROM sbtest8 WHERE id BETWEEN 4071555 AND 4071564
	Aggregate  (cost=38.60..38.61 rows=1 width=8)
	  ->  Index Scan using sbtest8_pkey on sbtest8  (cost=0.43..38.57 rows=10 width=4)
	        Index Cond: ((id >= 4071555) AND (id <= 4071564))

for deletes
table 1 : explain DELETE FROM sbtest1 WHERE id=9695188
	Delete on sbtest1  (cost=0.43..8.45 rows=0 width=0)
	  ->  Index Scan using sbtest1_pkey on sbtest1  (cost=0.43..8.45 rows=1 width=6)
	        Index Cond: (id = 9695188)

table 2 : explain DELETE FROM sbtest2 WHERE id=4398043
	Delete on sbtest2  (cost=0.43..8.45 rows=0 width=0)
	  ->  Index Scan using sbtest2_pkey on sbtest2  (cost=0.43..8.45 rows=1 width=6)
	        Index Cond: (id = 4398043)

table 3 : explain DELETE FROM sbtest3 WHERE id=5498330
	Delete on sbtest3  (cost=0.43..8.45 rows=0 width=0)
	  ->  Index Scan using sbtest3_pkey on sbtest3  (cost=0.43..8.45 rows=1 width=6)
	        Index Cond: (id = 5498330)

table 4 : explain DELETE FROM sbtest4 WHERE id=5839474
	Delete on sbtest4  (cost=0.43..8.45 rows=0 width=0)
	  ->  Index Scan using sbtest4_pkey on sbtest4  (cost=0.43..8.45 rows=1 width=6)
	        Index Cond: (id = 5839474)

table 5 : explain DELETE FROM sbtest5 WHERE id=2482711
	Delete on sbtest5  (cost=0.43..8.45 rows=0 width=0)
	  ->  Index Scan using sbtest5_pkey on sbtest5  (cost=0.43..8.45 rows=1 width=6)
	        Index Cond: (id = 2482711)

table 6 : explain DELETE FROM sbtest6 WHERE id=7074236
	Delete on sbtest6  (cost=0.43..8.45 rows=0 width=0)
	  ->  Index Scan using sbtest6_pkey on sbtest6  (cost=0.43..8.45 rows=1 width=6)
	        Index Cond: (id = 7074236)

table 7 : explain DELETE FROM sbtest7 WHERE id=2743309
	Delete on sbtest7  (cost=0.43..8.45 rows=0 width=0)
	  ->  Index Scan using sbtest7_pkey on sbtest7  (cost=0.43..8.45 rows=1 width=6)
	        Index Cond: (id = 2743309)

table 8 : explain DELETE FROM sbtest8 WHERE id=5841036
	Delete on sbtest8  (cost=0.43..8.45 rows=0 width=0)
	  ->  Index Scan using sbtest8_pkey on sbtest8  (cost=0.43..8.45 rows=1 width=6)
	        Index Cond: (id = 5841036)

explain: for deletes :: explain DELETE FROM sbtest%u WHERE id=%u
for: distinct_ranges
table 1 : explain SELECT DISTINCT c FROM sbtest1 WHERE id BETWEEN 5268432 AND 5268441 ORDER BY c
	Unique  (cost=39.12..39.17 rows=10 width=121)
	  ->  Sort  (cost=39.12..39.14 rows=10 width=121)
	        Sort Key: c
	        ->  Index Scan using sbtest1_pkey on sbtest1  (cost=0.43..38.95 rows=10 width=121)
	              Index Cond: ((id >= 5268432) AND (id <= 5268441))

table 2 : explain SELECT DISTINCT c FROM sbtest2 WHERE id BETWEEN 4340784 AND 4340793 ORDER BY c
	Unique  (cost=39.34..39.39 rows=10 width=121)
	  ->  Sort  (cost=39.34..39.36 rows=10 width=121)
	        Sort Key: c
	        ->  Index Scan using sbtest2_pkey on sbtest2  (cost=0.43..39.17 rows=10 width=121)
	              Index Cond: ((id >= 4340784) AND (id <= 4340793))

table 3 : explain SELECT DISTINCT c FROM sbtest3 WHERE id BETWEEN 3509186 AND 3509195 ORDER BY c
	Unique  (cost=39.43..39.48 rows=10 width=121)
	  ->  Sort  (cost=39.43..39.46 rows=10 width=121)
	        Sort Key: c
	        ->  Index Scan using sbtest3_pkey on sbtest3  (cost=0.43..39.26 rows=10 width=121)
	              Index Cond: ((id >= 3509186) AND (id <= 3509195))

table 4 : explain SELECT DISTINCT c FROM sbtest4 WHERE id BETWEEN 3643491 AND 3643500 ORDER BY c
	Unique  (cost=38.85..38.90 rows=10 width=121)
	  ->  Sort  (cost=38.85..38.87 rows=10 width=121)
	        Sort Key: c
	        ->  Index Scan using sbtest4_pkey on sbtest4  (cost=0.43..38.68 rows=10 width=121)
	              Index Cond: ((id >= 3643491) AND (id <= 3643500))

table 5 : explain SELECT DISTINCT c FROM sbtest5 WHERE id BETWEEN 4365858 AND 4365867 ORDER BY c
	Unique  (cost=39.38..39.43 rows=10 width=121)
	  ->  Sort  (cost=39.38..39.41 rows=10 width=121)
	        Sort Key: c
	        ->  Index Scan using sbtest5_pkey on sbtest5  (cost=0.43..39.22 rows=10 width=121)
	              Index Cond: ((id >= 4365858) AND (id <= 4365867))

table 6 : explain SELECT DISTINCT c FROM sbtest6 WHERE id BETWEEN 4953343 AND 4953352 ORDER BY c
	Unique  (cost=39.53..39.58 rows=10 width=121)
	  ->  Sort  (cost=39.53..39.56 rows=10 width=121)
	        Sort Key: c
	        ->  Index Scan using sbtest6_pkey on sbtest6  (cost=0.43..39.36 rows=10 width=121)
	              Index Cond: ((id >= 4953343) AND (id <= 4953352))

table 7 : explain SELECT DISTINCT c FROM sbtest7 WHERE id BETWEEN 3894498 AND 3894507 ORDER BY c
	Unique  (cost=42.87..42.92 rows=11 width=121)
	  ->  Sort  (cost=42.87..42.89 rows=11 width=121)
	        Sort Key: c
	        ->  Index Scan using sbtest7_pkey on sbtest7  (cost=0.43..42.68 rows=11 width=121)
	              Index Cond: ((id >= 3894498) AND (id <= 3894507))

table 8 : explain SELECT DISTINCT c FROM sbtest8 WHERE id BETWEEN 4408246 AND 4408255 ORDER BY c
	Unique  (cost=38.74..38.79 rows=10 width=121)
	  ->  Sort  (cost=38.74..38.76 rows=10 width=121)
	        Sort Key: c
	        ->  Index Scan using sbtest8_pkey on sbtest8  (cost=0.43..38.57 rows=10 width=121)
	              Index Cond: ((id >= 4408246) AND (id <= 4408255))

for point_selects
table 1 : explain SELECT c FROM sbtest1 WHERE id=7876054
	Index Scan using sbtest1_pkey on sbtest1  (cost=0.43..8.45 rows=1 width=121)
	  Index Cond: (id = 7876054)

table 2 : explain SELECT c FROM sbtest2 WHERE id=5257985
	Index Scan using sbtest2_pkey on sbtest2  (cost=0.43..8.45 rows=1 width=121)
	  Index Cond: (id = 5257985)

table 3 : explain SELECT c FROM sbtest3 WHERE id=147494
	Index Scan using sbtest3_pkey on sbtest3  (cost=0.43..8.45 rows=1 width=121)
	  Index Cond: (id = 147494)

table 4 : explain SELECT c FROM sbtest4 WHERE id=5548188
	Index Scan using sbtest4_pkey on sbtest4  (cost=0.43..8.45 rows=1 width=121)
	  Index Cond: (id = 5548188)

table 5 : explain SELECT c FROM sbtest5 WHERE id=4247502
	Index Scan using sbtest5_pkey on sbtest5  (cost=0.43..8.45 rows=1 width=121)
	  Index Cond: (id = 4247502)

table 6 : explain SELECT c FROM sbtest6 WHERE id=4395978
	Index Scan using sbtest6_pkey on sbtest6  (cost=0.43..8.45 rows=1 width=121)
	  Index Cond: (id = 4395978)

table 7 : explain SELECT c FROM sbtest7 WHERE id=6084574
	Index Scan using sbtest7_pkey on sbtest7  (cost=0.43..8.45 rows=1 width=121)
	  Index Cond: (id = 6084574)

table 8 : explain SELECT c FROM sbtest8 WHERE id=9111092
	Index Scan using sbtest8_pkey on sbtest8  (cost=0.43..8.45 rows=1 width=121)
	  Index Cond: (id = 9111092)

for: sum_ranges
table 1 : explain SELECT SUM(k) FROM sbtest1 WHERE id BETWEEN 4685624 AND 4685633
	Aggregate  (cost=38.98..38.99 rows=1 width=8)
	  ->  Index Scan using sbtest1_pkey on sbtest1  (cost=0.43..38.95 rows=10 width=4)
	        Index Cond: ((id >= 4685624) AND (id <= 4685633))

table 2 : explain SELECT SUM(k) FROM sbtest2 WHERE id BETWEEN 9495779 AND 9495788
	Aggregate  (cost=42.61..42.62 rows=1 width=8)
	  ->  Index Scan using sbtest2_pkey on sbtest2  (cost=0.43..42.58 rows=11 width=4)
	        Index Cond: ((id >= 9495779) AND (id <= 9495788))

table 3 : explain SELECT SUM(k) FROM sbtest3 WHERE id BETWEEN 6842567 AND 6842576
	Aggregate  (cost=42.71..42.72 rows=1 width=8)
	  ->  Index Scan using sbtest3_pkey on sbtest3  (cost=0.43..42.69 rows=11 width=4)
	        Index Cond: ((id >= 6842567) AND (id <= 6842576))

table 4 : explain SELECT SUM(k) FROM sbtest4 WHERE id BETWEEN 8427381 AND 8427390
	Aggregate  (cost=42.06..42.07 rows=1 width=8)
	  ->  Index Scan using sbtest4_pkey on sbtest4  (cost=0.43..42.04 rows=11 width=4)
	        Index Cond: ((id >= 8427381) AND (id <= 8427390))

table 5 : explain SELECT SUM(k) FROM sbtest5 WHERE id BETWEEN 3049789 AND 3049798
	Aggregate  (cost=42.66..42.67 rows=1 width=8)
	  ->  Index Scan using sbtest5_pkey on sbtest5  (cost=0.43..42.64 rows=11 width=4)
	        Index Cond: ((id >= 3049789) AND (id <= 3049798))

table 6 : explain SELECT SUM(k) FROM sbtest6 WHERE id BETWEEN 2522695 AND 2522704
	Aggregate  (cost=35.95..35.96 rows=1 width=8)
	  ->  Index Scan using sbtest6_pkey on sbtest6  (cost=0.43..35.93 rows=9 width=4)
	        Index Cond: ((id >= 2522695) AND (id <= 2522704))

table 7 : explain SELECT SUM(k) FROM sbtest7 WHERE id BETWEEN 1713482 AND 1713491
	Aggregate  (cost=35.85..35.86 rows=1 width=8)
	  ->  Index Scan using sbtest7_pkey on sbtest7  (cost=0.43..35.83 rows=9 width=4)
	        Index Cond: ((id >= 1713482) AND (id <= 1713491))

table 8 : explain SELECT SUM(k) FROM sbtest8 WHERE id BETWEEN 9798862 AND 9798871
	Aggregate  (cost=38.60..38.61 rows=1 width=8)
	  ->  Index Scan using sbtest8_pkey on sbtest8  (cost=0.43..38.57 rows=10 width=4)
	        Index Cond: ((id >= 9798862) AND (id <= 9798871))

for non_index_updates
table 1 : explain UPDATE sbtest1 SET c='foobar' WHERE id=7605914
	Update on sbtest1  (cost=0.43..8.45 rows=0 width=0)
	  ->  Index Scan using sbtest1_pkey on sbtest1  (cost=0.43..8.45 rows=1 width=490)
	        Index Cond: (id = 7605914)

table 2 : explain UPDATE sbtest2 SET c='foobar' WHERE id=8833002
	Update on sbtest2  (cost=0.43..8.45 rows=0 width=0)
	  ->  Index Scan using sbtest2_pkey on sbtest2  (cost=0.43..8.45 rows=1 width=490)
	        Index Cond: (id = 8833002)

table 3 : explain UPDATE sbtest3 SET c='foobar' WHERE id=4343920
	Update on sbtest3  (cost=0.43..8.45 rows=0 width=0)
	  ->  Index Scan using sbtest3_pkey on sbtest3  (cost=0.43..8.45 rows=1 width=490)
	        Index Cond: (id = 4343920)

table 4 : explain UPDATE sbtest4 SET c='foobar' WHERE id=2872239
	Update on sbtest4  (cost=0.43..8.45 rows=0 width=0)
	  ->  Index Scan using sbtest4_pkey on sbtest4  (cost=0.43..8.45 rows=1 width=490)
	        Index Cond: (id = 2872239)

table 5 : explain UPDATE sbtest5 SET c='foobar' WHERE id=2596533
	Update on sbtest5  (cost=0.43..8.45 rows=0 width=0)
	  ->  Index Scan using sbtest5_pkey on sbtest5  (cost=0.43..8.45 rows=1 width=490)
	        Index Cond: (id = 2596533)

table 6 : explain UPDATE sbtest6 SET c='foobar' WHERE id=7266246
	Update on sbtest6  (cost=0.43..8.45 rows=0 width=0)
	  ->  Index Scan using sbtest6_pkey on sbtest6  (cost=0.43..8.45 rows=1 width=490)
	        Index Cond: (id = 7266246)

table 7 : explain UPDATE sbtest7 SET c='foobar' WHERE id=3332156
	Update on sbtest7  (cost=0.43..8.45 rows=0 width=0)
	  ->  Index Scan using sbtest7_pkey on sbtest7  (cost=0.43..8.45 rows=1 width=490)
	        Index Cond: (id = 3332156)

table 8 : explain UPDATE sbtest8 SET c='foobar' WHERE id=5155328
	Update on sbtest8  (cost=0.43..8.45 rows=0 width=0)
	  ->  Index Scan using sbtest8_pkey on sbtest8  (cost=0.43..8.45 rows=1 width=490)
	        Index Cond: (id = 5155328)

explain: for deletes :: explain DELETE FROM sbtest%u WHERE id=%u
explain: for index_updates :: explain UPDATE sbtest%u SET k=k+1 WHERE id=%u
explain: for point_selects :: explain SELECT c FROM sbtest%u WHERE id=%u
explain: for inserts :: explain INSERT INTO sbtest%u (id, k, c, pad) VALUES (%u, 13, 'foobar', 'foobar')
for: order_ranges
table 1 : explain SELECT c FROM sbtest1 WHERE id BETWEEN 1475507 AND 1475516 ORDER BY c
	Sort  (cost=39.12..39.14 rows=10 width=121)
	  Sort Key: c
	  ->  Index Scan using sbtest1_pkey on sbtest1  (cost=0.43..38.95 rows=10 width=121)
	        Index Cond: ((id >= 1475507) AND (id <= 1475516))

table 2 : explain SELECT c FROM sbtest2 WHERE id BETWEEN 1709923 AND 1709932 ORDER BY c
	Sort  (cost=39.34..39.36 rows=10 width=121)
	  Sort Key: c
	  ->  Index Scan using sbtest2_pkey on sbtest2  (cost=0.43..39.17 rows=10 width=121)
	        Index Cond: ((id >= 1709923) AND (id <= 1709932))

table 3 : explain SELECT c FROM sbtest3 WHERE id BETWEEN 2279644 AND 2279653 ORDER BY c
	Sort  (cost=39.43..39.46 rows=10 width=121)
	  Sort Key: c
	  ->  Index Scan using sbtest3_pkey on sbtest3  (cost=0.43..39.26 rows=10 width=121)
	        Index Cond: ((id >= 2279644) AND (id <= 2279653))

table 4 : explain SELECT c FROM sbtest4 WHERE id BETWEEN 940282 AND 940291 ORDER BY c
	Sort  (cost=35.46..35.49 rows=9 width=121)
	  Sort Key: c
	  ->  Index Scan using sbtest4_pkey on sbtest4  (cost=0.43..35.32 rows=9 width=121)
	        Index Cond: ((id >= 940282) AND (id <= 940291))

table 5 : explain SELECT c FROM sbtest5 WHERE id BETWEEN 5392448 AND 5392457 ORDER BY c
	Sort  (cost=39.38..39.41 rows=10 width=121)
	  Sort Key: c
	  ->  Index Scan using sbtest5_pkey on sbtest5  (cost=0.43..39.22 rows=10 width=121)
	        Index Cond: ((id >= 5392448) AND (id <= 5392457))

table 6 : explain SELECT c FROM sbtest6 WHERE id BETWEEN 5128666 AND 5128675 ORDER BY c
	Sort  (cost=39.53..39.56 rows=10 width=121)
	  Sort Key: c
	  ->  Index Scan using sbtest6_pkey on sbtest6  (cost=0.43..39.36 rows=10 width=121)
	        Index Cond: ((id >= 5128666) AND (id <= 5128675))

table 7 : explain SELECT c FROM sbtest7 WHERE id BETWEEN 6168384 AND 6168393 ORDER BY c
	Sort  (cost=35.97..36.00 rows=9 width=121)
	  Sort Key: c
	  ->  Index Scan using sbtest7_pkey on sbtest7  (cost=0.43..35.83 rows=9 width=121)
	        Index Cond: ((id >= 6168384) AND (id <= 6168393))

table 8 : explain SELECT c FROM sbtest8 WHERE id BETWEEN 6750614 AND 6750623 ORDER BY c
	Sort  (cost=38.74..38.76 rows=10 width=121)
	  Sort Key: c
	  ->  Index Scan using sbtest8_pkey on sbtest8  (cost=0.43..38.57 rows=10 width=121)
	        Index Cond: ((id >= 6750614) AND (id <= 6750623))

for deletes
table 1 : explain DELETE FROM sbtest1 WHERE id=6347110
	Delete on sbtest1  (cost=0.43..8.45 rows=0 width=0)
	  ->  Index Scan using sbtest1_pkey on sbtest1  (cost=0.43..8.45 rows=1 width=6)
	        Index Cond: (id = 6347110)

table 2 : explain DELETE FROM sbtest2 WHERE id=1279563
	Delete on sbtest2  (cost=0.43..8.45 rows=0 width=0)
	  ->  Index Scan using sbtest2_pkey on sbtest2  (cost=0.43..8.45 rows=1 width=6)
	        Index Cond: (id = 1279563)

table 3 : explain DELETE FROM sbtest3 WHERE id=559895
	Delete on sbtest3  (cost=0.43..8.45 rows=0 width=0)
	  ->  Index Scan using sbtest3_pkey on sbtest3  (cost=0.43..8.45 rows=1 width=6)
	        Index Cond: (id = 559895)

table 4 : explain DELETE FROM sbtest4 WHERE id=3133377
	Delete on sbtest4  (cost=0.43..8.45 rows=0 width=0)
	  ->  Index Scan using sbtest4_pkey on sbtest4  (cost=0.43..8.45 rows=1 width=6)
	        Index Cond: (id = 3133377)

table 5 : explain DELETE FROM sbtest5 WHERE id=1095094
	Delete on sbtest5  (cost=0.43..8.45 rows=0 width=0)
	  ->  Index Scan using sbtest5_pkey on sbtest5  (cost=0.43..8.45 rows=1 width=6)
	        Index Cond: (id = 1095094)

table 6 : explain DELETE FROM sbtest6 WHERE id=4112872
	Delete on sbtest6  (cost=0.43..8.45 rows=0 width=0)
	  ->  Index Scan using sbtest6_pkey on sbtest6  (cost=0.43..8.45 rows=1 width=6)
	        Index Cond: (id = 4112872)

table 7 : explain DELETE FROM sbtest7 WHERE id=1806051
	Delete on sbtest7  (cost=0.43..8.45 rows=0 width=0)
	  ->  Index Scan using sbtest7_pkey on sbtest7  (cost=0.43..8.45 rows=1 width=6)
	        Index Cond: (id = 1806051)

table 8 : explain DELETE FROM sbtest8 WHERE id=8731897
	Delete on sbtest8  (cost=0.43..8.45 rows=0 width=0)
	  ->  Index Scan using sbtest8_pkey on sbtest8  (cost=0.43..8.45 rows=1 width=6)
	        Index Cond: (id = 8731897)

for: distinct_ranges
table 1 : explain SELECT DISTINCT c FROM sbtest1 WHERE id BETWEEN 1639480 AND 1639489 ORDER BY c
	Unique  (cost=39.12..39.17 rows=10 width=121)
	  ->  Sort  (cost=39.12..39.14 rows=10 width=121)
	        Sort Key: c
	        ->  Index Scan using sbtest1_pkey on sbtest1  (cost=0.43..38.95 rows=10 width=121)
	              Index Cond: ((id >= 1639480) AND (id <= 1639489))

table 2 : explain SELECT DISTINCT c FROM sbtest2 WHERE id BETWEEN 4389873 AND 4389882 ORDER BY c
	Unique  (cost=39.34..39.39 rows=10 width=121)
	  ->  Sort  (cost=39.34..39.36 rows=10 width=121)
	        Sort Key: c
	        ->  Index Scan using sbtest2_pkey on sbtest2  (cost=0.43..39.17 rows=10 width=121)
	              Index Cond: ((id >= 4389873) AND (id <= 4389882))

table 3 : explain SELECT DISTINCT c FROM sbtest3 WHERE id BETWEEN 6990050 AND 6990059 ORDER BY c
	Unique  (cost=42.88..42.93 rows=11 width=121)
	  ->  Sort  (cost=42.88..42.91 rows=11 width=121)
	        Sort Key: c
	        ->  Index Scan using sbtest3_pkey on sbtest3  (cost=0.43..42.69 rows=11 width=121)
	              Index Cond: ((id >= 6990050) AND (id <= 6990059))

table 4 : explain SELECT DISTINCT c FROM sbtest4 WHERE id BETWEEN 5122490 AND 5122499 ORDER BY c
	Unique  (cost=38.85..38.90 rows=10 width=121)
	  ->  Sort  (cost=38.85..38.87 rows=10 width=121)
	        Sort Key: c
	        ->  Index Scan using sbtest4_pkey on sbtest4  (cost=0.43..38.68 rows=10 width=121)
	              Index Cond: ((id >= 5122490) AND (id <= 5122499))

table 5 : explain SELECT DISTINCT c FROM sbtest5 WHERE id BETWEEN 2137636 AND 2137645 ORDER BY c
	Unique  (cost=39.38..39.43 rows=10 width=121)
	  ->  Sort  (cost=39.38..39.41 rows=10 width=121)
	        Sort Key: c
	        ->  Index Scan using sbtest5_pkey on sbtest5  (cost=0.43..39.22 rows=10 width=121)
	              Index Cond: ((id >= 2137636) AND (id <= 2137645))

table 6 : explain SELECT DISTINCT c FROM sbtest6 WHERE id BETWEEN 7124962 AND 7124971 ORDER BY c
	Unique  (cost=39.53..39.58 rows=10 width=121)
	  ->  Sort  (cost=39.53..39.56 rows=10 width=121)
	        Sort Key: c
	        ->  Index Scan using sbtest6_pkey on sbtest6  (cost=0.43..39.36 rows=10 width=121)
	              Index Cond: ((id >= 7124962) AND (id <= 7124971))

table 7 : explain SELECT DISTINCT c FROM sbtest7 WHERE id BETWEEN 2661421 AND 2661430 ORDER BY c
	Unique  (cost=39.42..39.47 rows=10 width=121)
	  ->  Sort  (cost=39.42..39.45 rows=10 width=121)
	        Sort Key: c
	        ->  Index Scan using sbtest7_pkey on sbtest7  (cost=0.43..39.25 rows=10 width=121)
	              Index Cond: ((id >= 2661421) AND (id <= 2661430))

table 8 : explain SELECT DISTINCT c FROM sbtest8 WHERE id BETWEEN 864186 AND 864195 ORDER BY c
	Unique  (cost=42.11..42.16 rows=11 width=121)
	  ->  Sort  (cost=42.11..42.13 rows=11 width=121)
	        Sort Key: c
	        ->  Index Scan using sbtest8_pkey on sbtest8  (cost=0.43..41.92 rows=11 width=121)
	              Index Cond: ((id >= 864186) AND (id <= 864195))

for deletes
table 1 : explain DELETE FROM sbtest1 WHERE id=6296871
	Delete on sbtest1  (cost=0.43..8.45 rows=0 width=0)
	  ->  Index Scan using sbtest1_pkey on sbtest1  (cost=0.43..8.45 rows=1 width=6)
	        Index Cond: (id = 6296871)

table 2 : explain DELETE FROM sbtest2 WHERE id=464011
	Delete on sbtest2  (cost=0.43..8.45 rows=0 width=0)
	  ->  Index Scan using sbtest2_pkey on sbtest2  (cost=0.43..8.45 rows=1 width=6)
	        Index Cond: (id = 464011)

table 3 : explain DELETE FROM sbtest3 WHERE id=9623922
	Delete on sbtest3  (cost=0.43..8.45 rows=0 width=0)
	  ->  Index Scan using sbtest3_pkey on sbtest3  (cost=0.43..8.45 rows=1 width=6)
	        Index Cond: (id = 9623922)

table 4 : explain DELETE FROM sbtest4 WHERE id=8708244
	Delete on sbtest4  (cost=0.43..8.45 rows=0 width=0)
	  ->  Index Scan using sbtest4_pkey on sbtest4  (cost=0.43..8.45 rows=1 width=6)
	        Index Cond: (id = 8708244)

table 5 : explain DELETE FROM sbtest5 WHERE id=9303099
	Delete on sbtest5  (cost=0.43..8.45 rows=0 width=0)
	  ->  Index Scan using sbtest5_pkey on sbtest5  (cost=0.43..8.45 rows=1 width=6)
	        Index Cond: (id = 9303099)

table 6 : explain DELETE FROM sbtest6 WHERE id=372415
	Delete on sbtest6  (cost=0.43..8.45 rows=0 width=0)
	  ->  Index Scan using sbtest6_pkey on sbtest6  (cost=0.43..8.45 rows=1 width=6)
	        Index Cond: (id = 372415)

table 7 : explain DELETE FROM sbtest7 WHERE id=1972257
	Delete on sbtest7  (cost=0.43..8.45 rows=0 width=0)
	  ->  Index Scan using sbtest7_pkey on sbtest7  (cost=0.43..8.45 rows=1 width=6)
	        Index Cond: (id = 1972257)

table 8 : explain DELETE FROM sbtest8 WHERE id=5353645
	Delete on sbtest8  (cost=0.43..8.45 rows=0 width=0)
	  ->  Index Scan using sbtest8_pkey on sbtest8  (cost=0.43..8.45 rows=1 width=6)
	        Index Cond: (id = 5353645)

for: sum_ranges
table 1 : explain SELECT SUM(k) FROM sbtest1 WHERE id BETWEEN 412486 AND 412495
	Aggregate  (cost=35.59..35.60 rows=1 width=8)
	  ->  Index Scan using sbtest1_pkey on sbtest1  (cost=0.43..35.56 rows=9 width=4)
	        Index Cond: ((id >= 412486) AND (id <= 412495))

table 2 : explain SELECT SUM(k) FROM sbtest2 WHERE id BETWEEN 9787644 AND 9787653
	Aggregate  (cost=39.20..39.21 rows=1 width=8)
	  ->  Index Scan using sbtest2_pkey on sbtest2  (cost=0.43..39.17 rows=10 width=4)
	        Index Cond: ((id >= 9787644) AND (id <= 9787653))

table 3 : explain SELECT SUM(k) FROM sbtest3 WHERE id BETWEEN 7686973 AND 7686982
	Aggregate  (cost=39.29..39.30 rows=1 width=8)
	  ->  Index Scan using sbtest3_pkey on sbtest3  (cost=0.43..39.26 rows=10 width=4)
	        Index Cond: ((id >= 7686973) AND (id <= 7686982))

table 4 : explain SELECT SUM(k) FROM sbtest4 WHERE id BETWEEN 7025671 AND 7025680
	Aggregate  (cost=35.34..35.35 rows=1 width=8)
	  ->  Index Scan using sbtest4_pkey on sbtest4  (cost=0.43..35.32 rows=9 width=4)
	        Index Cond: ((id >= 7025671) AND (id <= 7025680))

table 5 : explain SELECT SUM(k) FROM sbtest5 WHERE id BETWEEN 9955223 AND 9955232
	Aggregate  (cost=39.24..39.25 rows=1 width=8)
	  ->  Index Scan using sbtest5_pkey on sbtest5  (cost=0.43..39.22 rows=10 width=4)
	        Index Cond: ((id >= 9955223) AND (id <= 9955232))

table 6 : explain SELECT SUM(k) FROM sbtest6 WHERE id BETWEEN 3142421 AND 3142430
	Aggregate  (cost=39.39..39.40 rows=1 width=8)
	  ->  Index Scan using sbtest6_pkey on sbtest6  (cost=0.43..39.36 rows=10 width=4)
	        Index Cond: ((id >= 3142421) AND (id <= 3142430))

table 7 : explain SELECT SUM(k) FROM sbtest7 WHERE id BETWEEN 7055767 AND 7055776
	Aggregate  (cost=42.70..42.71 rows=1 width=8)
	  ->  Index Scan using sbtest7_pkey on sbtest7  (cost=0.43..42.68 rows=11 width=4)
	        Index Cond: ((id >= 7055767) AND (id <= 7055776))

table 8 : explain SELECT SUM(k) FROM sbtest8 WHERE id BETWEEN 7672674 AND 7672683
	Aggregate  (cost=38.60..38.61 rows=1 width=8)
	  ->  Index Scan using sbtest8_pkey on sbtest8  (cost=0.43..38.57 rows=10 width=4)
	        Index Cond: ((id >= 7672674) AND (id <= 7672683))

for: order_ranges
table 1 : explain SELECT c FROM sbtest1 WHERE id BETWEEN 6489965 AND 6489974 ORDER BY c
	Sort  (cost=32.30..32.32 rows=8 width=121)
	  Sort Key: c
	  ->  Index Scan using sbtest1_pkey on sbtest1  (cost=0.43..32.18 rows=8 width=121)
	        Index Cond: ((id >= 6489965) AND (id <= 6489974))

table 2 : explain SELECT c FROM sbtest2 WHERE id BETWEEN 3272278 AND 3272287 ORDER BY c
	Sort  (cost=39.34..39.36 rows=10 width=121)
	  Sort Key: c
	  ->  Index Scan using sbtest2_pkey on sbtest2  (cost=0.43..39.17 rows=10 width=121)
	        Index Cond: ((id >= 3272278) AND (id <= 3272287))

table 3 : explain SELECT c FROM sbtest3 WHERE id BETWEEN 7669907 AND 7669916 ORDER BY c
	Sort  (cost=39.43..39.46 rows=10 width=121)
	  Sort Key: c
	  ->  Index Scan using sbtest3_pkey on sbtest3  (cost=0.43..39.26 rows=10 width=121)
	        Index Cond: ((id >= 7669907) AND (id <= 7669916))

table 4 : explain SELECT c FROM sbtest4 WHERE id BETWEEN 6949871 AND 6949880 ORDER BY c
	Sort  (cost=38.85..38.87 rows=10 width=121)
	  Sort Key: c
	  ->  Index Scan using sbtest4_pkey on sbtest4  (cost=0.43..38.68 rows=10 width=121)
	        Index Cond: ((id >= 6949871) AND (id <= 6949880))

table 5 : explain SELECT c FROM sbtest5 WHERE id BETWEEN 6376167 AND 6376176 ORDER BY c
	Sort  (cost=39.38..39.41 rows=10 width=121)
	  Sort Key: c
	  ->  Index Scan using sbtest5_pkey on sbtest5  (cost=0.43..39.22 rows=10 width=121)
	        Index Cond: ((id >= 6376167) AND (id <= 6376176))

table 6 : explain SELECT c FROM sbtest6 WHERE id BETWEEN 9061294 AND 9061303 ORDER BY c
	Sort  (cost=36.07..36.10 rows=9 width=121)
	  Sort Key: c
	  ->  Index Scan using sbtest6_pkey on sbtest6  (cost=0.43..35.93 rows=9 width=121)
	        Index Cond: ((id >= 9061294) AND (id <= 9061303))

table 7 : explain SELECT c FROM sbtest7 WHERE id BETWEEN 8096714 AND 8096723 ORDER BY c
	Sort  (cost=42.87..42.89 rows=11 width=121)
	  Sort Key: c
	  ->  Index Scan using sbtest7_pkey on sbtest7  (cost=0.43..42.68 rows=11 width=121)
	        Index Cond: ((id >= 8096714) AND (id <= 8096723))

table 8 : explain SELECT c FROM sbtest8 WHERE id BETWEEN 9257373 AND 9257382 ORDER BY c
	Sort  (cost=38.74..38.76 rows=10 width=121)
	  Sort Key: c
	  ->  Index Scan using sbtest8_pkey on sbtest8  (cost=0.43..38.57 rows=10 width=121)
	        Index Cond: ((id >= 9257373) AND (id <= 9257382))

for: order_ranges
table 1 : explain SELECT c FROM sbtest1 WHERE id BETWEEN 428153 AND 428162 ORDER BY c
	Sort  (cost=35.71..35.73 rows=9 width=121)
	  Sort Key: c
	  ->  Index Scan using sbtest1_pkey on sbtest1  (cost=0.43..35.56 rows=9 width=121)
	        Index Cond: ((id >= 428153) AND (id <= 428162))

table 2 : explain SELECT c FROM sbtest2 WHERE id BETWEEN 9991337 AND 9991346 ORDER BY c
	Sort  (cost=39.34..39.36 rows=10 width=121)
	  Sort Key: c
	  ->  Index Scan using sbtest2_pkey on sbtest2  (cost=0.43..39.17 rows=10 width=121)
	        Index Cond: ((id >= 9991337) AND (id <= 9991346))

table 3 : explain SELECT c FROM sbtest3 WHERE id BETWEEN 8852947 AND 8852956 ORDER BY c
	Sort  (cost=35.98..36.01 rows=9 width=121)
	  Sort Key: c
	  ->  Index Scan using sbtest3_pkey on sbtest3  (cost=0.43..35.84 rows=9 width=121)
	        Index Cond: ((id >= 8852947) AND (id <= 8852956))

table 4 : explain SELECT c FROM sbtest4 WHERE id BETWEEN 9657582 AND 9657591 ORDER BY c
	Sort  (cost=38.85..38.87 rows=10 width=121)
	  Sort Key: c
	  ->  Index Scan using sbtest4_pkey on sbtest4  (cost=0.43..38.68 rows=10 width=121)
	        Index Cond: ((id >= 9657582) AND (id <= 9657591))

table 5 : explain SELECT c FROM sbtest5 WHERE id BETWEEN 4884744 AND 4884753 ORDER BY c
	Sort  (cost=39.38..39.41 rows=10 width=121)
	  Sort Key: c
	  ->  Index Scan using sbtest5_pkey on sbtest5  (cost=0.43..39.22 rows=10 width=121)
	        Index Cond: ((id >= 4884744) AND (id <= 4884753))

table 6 : explain SELECT c FROM sbtest6 WHERE id BETWEEN 4693824 AND 4693833 ORDER BY c
	Sort  (cost=39.53..39.56 rows=10 width=121)
	  Sort Key: c
	  ->  Index Scan using sbtest6_pkey on sbtest6  (cost=0.43..39.36 rows=10 width=121)
	        Index Cond: ((id >= 4693824) AND (id <= 4693833))

table 7 : explain SELECT c FROM sbtest7 WHERE id BETWEEN 2129479 AND 2129488 ORDER BY c
	Sort  (cost=42.87..42.89 rows=11 width=121)
	  Sort Key: c
	  ->  Index Scan using sbtest7_pkey on sbtest7  (cost=0.43..42.68 rows=11 width=121)
	        Index Cond: ((id >= 2129479) AND (id <= 2129488))

table 8 : explain SELECT c FROM sbtest8 WHERE id BETWEEN 9689841 AND 9689850 ORDER BY c
	Sort  (cost=38.74..38.76 rows=10 width=121)
	  Sort Key: c
	  ->  Index Scan using sbtest8_pkey on sbtest8  (cost=0.43..38.57 rows=10 width=121)
	        Index Cond: ((id >= 9689841) AND (id <= 9689850))

for: simple_ranges
table 1 : explain SELECT c FROM sbtest1 WHERE id BETWEEN 1815845 AND 1815854
	Index Scan using sbtest1_pkey on sbtest1  (cost=0.43..35.56 rows=9 width=121)
	  Index Cond: ((id >= 1815845) AND (id <= 1815854))

table 2 : explain SELECT c FROM sbtest2 WHERE id BETWEEN 9126100 AND 9126109
	Index Scan using sbtest2_pkey on sbtest2  (cost=0.43..35.76 rows=9 width=121)
	  Index Cond: ((id >= 9126100) AND (id <= 9126109))

table 3 : explain SELECT c FROM sbtest3 WHERE id BETWEEN 2574579 AND 2574588
	Index Scan using sbtest3_pkey on sbtest3  (cost=0.43..39.26 rows=10 width=121)
	  Index Cond: ((id >= 2574579) AND (id <= 2574588))

table 4 : explain SELECT c FROM sbtest4 WHERE id BETWEEN 6902910 AND 6902919
	Index Scan using sbtest4_pkey on sbtest4  (cost=0.43..38.68 rows=10 width=121)
	  Index Cond: ((id >= 6902910) AND (id <= 6902919))

table 5 : explain SELECT c FROM sbtest5 WHERE id BETWEEN 9877806 AND 9877815
	Index Scan using sbtest5_pkey on sbtest5  (cost=0.43..39.22 rows=10 width=121)
	  Index Cond: ((id >= 9877806) AND (id <= 9877815))

table 6 : explain SELECT c FROM sbtest6 WHERE id BETWEEN 8503278 AND 8503287
	Index Scan using sbtest6_pkey on sbtest6  (cost=0.43..42.80 rows=11 width=121)
	  Index Cond: ((id >= 8503278) AND (id <= 8503287))

table 7 : explain SELECT c FROM sbtest7 WHERE id BETWEEN 9843490 AND 9843499
	Index Scan using sbtest7_pkey on sbtest7  (cost=0.43..42.68 rows=11 width=121)
	  Index Cond: ((id >= 9843490) AND (id <= 9843499))

table 8 : explain SELECT c FROM sbtest8 WHERE id BETWEEN 5192370 AND 5192379
	Index Scan using sbtest8_pkey on sbtest8  (cost=0.43..38.57 rows=10 width=121)
	  Index Cond: ((id >= 5192370) AND (id <= 5192379))

for: order_ranges
table 1 : explain SELECT c FROM sbtest1 WHERE id BETWEEN 5357399 AND 5357408 ORDER BY c
	Sort  (cost=39.12..39.14 rows=10 width=121)
	  Sort Key: c
	  ->  Index Scan using sbtest1_pkey on sbtest1  (cost=0.43..38.95 rows=10 width=121)
	        Index Cond: ((id >= 5357399) AND (id <= 5357408))

table 2 : explain SELECT c FROM sbtest2 WHERE id BETWEEN 1498342 AND 1498351 ORDER BY c
	Sort  (cost=39.34..39.36 rows=10 width=121)
	  Sort Key: c
	  ->  Index Scan using sbtest2_pkey on sbtest2  (cost=0.43..39.17 rows=10 width=121)
	        Index Cond: ((id >= 1498342) AND (id <= 1498351))

table 3 : explain SELECT c FROM sbtest3 WHERE id BETWEEN 772414 AND 772423 ORDER BY c
	Sort  (cost=39.43..39.46 rows=10 width=121)
	  Sort Key: c
	  ->  Index Scan using sbtest3_pkey on sbtest3  (cost=0.43..39.26 rows=10 width=121)
	        Index Cond: ((id >= 772414) AND (id <= 772423))

table 4 : explain SELECT c FROM sbtest4 WHERE id BETWEEN 8241374 AND 8241383 ORDER BY c
	Sort  (cost=38.85..38.87 rows=10 width=121)
	  Sort Key: c
	  ->  Index Scan using sbtest4_pkey on sbtest4  (cost=0.43..38.68 rows=10 width=121)
	        Index Cond: ((id >= 8241374) AND (id <= 8241383))

table 5 : explain SELECT c FROM sbtest5 WHERE id BETWEEN 3850280 AND 3850289 ORDER BY c
	Sort  (cost=39.38..39.41 rows=10 width=121)
	  Sort Key: c
	  ->  Index Scan using sbtest5_pkey on sbtest5  (cost=0.43..39.22 rows=10 width=121)
	        Index Cond: ((id >= 3850280) AND (id <= 3850289))

table 6 : explain SELECT c FROM sbtest6 WHERE id BETWEEN 7376010 AND 7376019 ORDER BY c
	Sort  (cost=39.53..39.56 rows=10 width=121)
	  Sort Key: c
	  ->  Index Scan using sbtest6_pkey on sbtest6  (cost=0.43..39.36 rows=10 width=121)
	        Index Cond: ((id >= 7376010) AND (id <= 7376019))

table 7 : explain SELECT c FROM sbtest7 WHERE id BETWEEN 8047547 AND 8047556 ORDER BY c
	Sort  (cost=39.42..39.45 rows=10 width=121)
	  Sort Key: c
	  ->  Index Scan using sbtest7_pkey on sbtest7  (cost=0.43..39.25 rows=10 width=121)
	        Index Cond: ((id >= 8047547) AND (id <= 8047556))

table 8 : explain SELECT c FROM sbtest8 WHERE id BETWEEN 8321681 AND 8321690 ORDER BY c
	Sort  (cost=38.74..38.76 rows=10 width=121)
	  Sort Key: c
	  ->  Index Scan using sbtest8_pkey on sbtest8  (cost=0.43..38.57 rows=10 width=121)
	        Index Cond: ((id >= 8321681) AND (id <= 8321690))

for inserts
table 1 : explain INSERT INTO sbtest1 (id, k, c, pad) VALUES (4836146, 13, 'foobar', 'foobar')
	Insert on sbtest1  (cost=0.00..0.01 rows=0 width=0)
	  ->  Result  (cost=0.00..0.01 rows=1 width=736)

table 2 : explain INSERT INTO sbtest2 (id, k, c, pad) VALUES (9550369, 13, 'foobar', 'foobar')
	Insert on sbtest2  (cost=0.00..0.01 rows=0 width=0)
	  ->  Result  (cost=0.00..0.01 rows=1 width=736)

table 3 : explain INSERT INTO sbtest3 (id, k, c, pad) VALUES (1900534, 13, 'foobar', 'foobar')
	Insert on sbtest3  (cost=0.00..0.01 rows=0 width=0)
	  ->  Result  (cost=0.00..0.01 rows=1 width=736)

table 4 : explain INSERT INTO sbtest4 (id, k, c, pad) VALUES (3686026, 13, 'foobar', 'foobar')
	Insert on sbtest4  (cost=0.00..0.01 rows=0 width=0)
	  ->  Result  (cost=0.00..0.01 rows=1 width=736)

table 5 : explain INSERT INTO sbtest5 (id, k, c, pad) VALUES (8521852, 13, 'foobar', 'foobar')
	Insert on sbtest5  (cost=0.00..0.01 rows=0 width=0)
	  ->  Result  (cost=0.00..0.01 rows=1 width=736)

table 6 : explain INSERT INTO sbtest6 (id, k, c, pad) VALUES (6452265, 13, 'foobar', 'foobar')
	Insert on sbtest6  (cost=0.00..0.01 rows=0 width=0)
	  ->  Result  (cost=0.00..0.01 rows=1 width=736)

table 7 : explain INSERT INTO sbtest7 (id, k, c, pad) VALUES (3828652, 13, 'foobar', 'foobar')
	Insert on sbtest7  (cost=0.00..0.01 rows=0 width=0)
	  ->  Result  (cost=0.00..0.01 rows=1 width=736)

table 8 : explain INSERT INTO sbtest8 (id, k, c, pad) VALUES (2618727, 13, 'foobar', 'foobar')
	Insert on sbtest8  (cost=0.00..0.01 rows=0 width=0)
	  ->  Result  (cost=0.00..0.01 rows=1 width=736)

explain: for index_updates :: explain UPDATE sbtest%u SET k=k+1 WHERE id=%u
explain: for inserts :: explain INSERT INTO sbtest%u (id, k, c, pad) VALUES (%u, 13, 'foobar', 'foobar')
for index_updates
table 1 : explain UPDATE sbtest1 SET k=k+1 WHERE id=3307804
	Update on sbtest1  (cost=0.43..8.46 rows=0 width=0)
	  ->  Index Scan using sbtest1_pkey on sbtest1  (cost=0.43..8.46 rows=1 width=10)
	        Index Cond: (id = 3307804)

table 2 : explain UPDATE sbtest2 SET k=k+1 WHERE id=3071733
	Update on sbtest2  (cost=0.43..8.46 rows=0 width=0)
	  ->  Index Scan using sbtest2_pkey on sbtest2  (cost=0.43..8.46 rows=1 width=10)
	        Index Cond: (id = 3071733)

table 3 : explain UPDATE sbtest3 SET k=k+1 WHERE id=9283434
	Update on sbtest3  (cost=0.43..8.46 rows=0 width=0)
	  ->  Index Scan using sbtest3_pkey on sbtest3  (cost=0.43..8.46 rows=1 width=10)
	        Index Cond: (id = 9283434)

table 4 : explain UPDATE sbtest4 SET k=k+1 WHERE id=407034
	Update on sbtest4  (cost=0.43..8.46 rows=0 width=0)
	  ->  Index Scan using sbtest4_pkey on sbtest4  (cost=0.43..8.46 rows=1 width=10)
	        Index Cond: (id = 407034)

table 5 : explain UPDATE sbtest5 SET k=k+1 WHERE id=7506600
	Update on sbtest5  (cost=0.43..8.46 rows=0 width=0)
	  ->  Index Scan using sbtest5_pkey on sbtest5  (cost=0.43..8.46 rows=1 width=10)
	        Index Cond: (id = 7506600)

table 6 : explain UPDATE sbtest6 SET k=k+1 WHERE id=4971634
	Update on sbtest6  (cost=0.43..8.46 rows=0 width=0)
	  ->  Index Scan using sbtest6_pkey on sbtest6  (cost=0.43..8.46 rows=1 width=10)
	        Index Cond: (id = 4971634)

table 7 : explain UPDATE sbtest7 SET k=k+1 WHERE id=1697435
	Update on sbtest7  (cost=0.43..8.46 rows=0 width=0)
	  ->  Index Scan using sbtest7_pkey on sbtest7  (cost=0.43..8.46 rows=1 width=10)
	        Index Cond: (id = 1697435)

table 8 : explain UPDATE sbtest8 SET k=k+1 WHERE id=9009705
	Update on sbtest8  (cost=0.43..8.46 rows=0 width=0)
	  ->  Index Scan using sbtest8_pkey on sbtest8  (cost=0.43..8.46 rows=1 width=10)
	        Index Cond: (id = 9009705)

explain: for inserts :: explain INSERT INTO sbtest%u (id, k, c, pad) VALUES (%u, 13, 'foobar', 'foobar')
for inserts
table 1 : explain INSERT INTO sbtest1 (id, k, c, pad) VALUES (5920817, 13, 'foobar', 'foobar')
	Insert on sbtest1  (cost=0.00..0.01 rows=0 width=0)
	  ->  Result  (cost=0.00..0.01 rows=1 width=736)

table 2 : explain INSERT INTO sbtest2 (id, k, c, pad) VALUES (7015440, 13, 'foobar', 'foobar')
	Insert on sbtest2  (cost=0.00..0.01 rows=0 width=0)
	  ->  Result  (cost=0.00..0.01 rows=1 width=736)

table 3 : explain INSERT INTO sbtest3 (id, k, c, pad) VALUES (9034731, 13, 'foobar', 'foobar')
	Insert on sbtest3  (cost=0.00..0.01 rows=0 width=0)
	  ->  Result  (cost=0.00..0.01 rows=1 width=736)

table 4 : explain INSERT INTO sbtest4 (id, k, c, pad) VALUES (5884632, 13, 'foobar', 'foobar')
	Insert on sbtest4  (cost=0.00..0.01 rows=0 width=0)
	  ->  Result  (cost=0.00..0.01 rows=1 width=736)

table 5 : explain INSERT INTO sbtest5 (id, k, c, pad) VALUES (8395438, 13, 'foobar', 'foobar')
	Insert on sbtest5  (cost=0.00..0.01 rows=0 width=0)
	  ->  Result  (cost=0.00..0.01 rows=1 width=736)

table 6 : explain INSERT INTO sbtest6 (id, k, c, pad) VALUES (3110658, 13, 'foobar', 'foobar')
	Insert on sbtest6  (cost=0.00..0.01 rows=0 width=0)
	  ->  Result  (cost=0.00..0.01 rows=1 width=736)

table 7 : explain INSERT INTO sbtest7 (id, k, c, pad) VALUES (8958540, 13, 'foobar', 'foobar')
	Insert on sbtest7  (cost=0.00..0.01 rows=0 width=0)
	  ->  Result  (cost=0.00..0.01 rows=1 width=736)

table 8 : explain INSERT INTO sbtest8 (id, k, c, pad) VALUES (690643, 13, 'foobar', 'foobar')
	Insert on sbtest8  (cost=0.00..0.01 rows=0 width=0)
	  ->  Result  (cost=0.00..0.01 rows=1 width=736)

for: distinct_ranges
table 1 : explain SELECT DISTINCT c FROM sbtest1 WHERE id BETWEEN 4398735 AND 4398744 ORDER BY c
	Unique  (cost=39.12..39.17 rows=10 width=121)
	  ->  Sort  (cost=39.12..39.14 rows=10 width=121)
	        Sort Key: c
	        ->  Index Scan using sbtest1_pkey on sbtest1  (cost=0.43..38.95 rows=10 width=121)
	              Index Cond: ((id >= 4398735) AND (id <= 4398744))

table 2 : explain SELECT DISTINCT c FROM sbtest2 WHERE id BETWEEN 1524095 AND 1524104 ORDER BY c
	Unique  (cost=39.34..39.39 rows=10 width=121)
	  ->  Sort  (cost=39.34..39.36 rows=10 width=121)
	        Sort Key: c
	        ->  Index Scan using sbtest2_pkey on sbtest2  (cost=0.43..39.17 rows=10 width=121)
	              Index Cond: ((id >= 1524095) AND (id <= 1524104))

table 3 : explain SELECT DISTINCT c FROM sbtest3 WHERE id BETWEEN 9728415 AND 9728424 ORDER BY c
	Unique  (cost=39.43..39.48 rows=10 width=121)
	  ->  Sort  (cost=39.43..39.46 rows=10 width=121)
	        Sort Key: c
	        ->  Index Scan using sbtest3_pkey on sbtest3  (cost=0.43..39.26 rows=10 width=121)
	              Index Cond: ((id >= 9728415) AND (id <= 9728424))

table 4 : explain SELECT DISTINCT c FROM sbtest4 WHERE id BETWEEN 581262 AND 581271 ORDER BY c
	Unique  (cost=35.46..35.51 rows=9 width=121)
	  ->  Sort  (cost=35.46..35.49 rows=9 width=121)
	        Sort Key: c
	        ->  Index Scan using sbtest4_pkey on sbtest4  (cost=0.43..35.32 rows=9 width=121)
	              Index Cond: ((id >= 581262) AND (id <= 581271))

table 5 : explain SELECT DISTINCT c FROM sbtest5 WHERE id BETWEEN 2070292 AND 2070301 ORDER BY c
	Unique  (cost=39.38..39.43 rows=10 width=121)
	  ->  Sort  (cost=39.38..39.41 rows=10 width=121)
	        Sort Key: c
	        ->  Index Scan using sbtest5_pkey on sbtest5  (cost=0.43..39.22 rows=10 width=121)
	              Index Cond: ((id >= 2070292) AND (id <= 2070301))

table 6 : explain SELECT DISTINCT c FROM sbtest6 WHERE id BETWEEN 7761243 AND 7761252 ORDER BY c
	Unique  (cost=36.07..36.12 rows=9 width=121)
	  ->  Sort  (cost=36.07..36.10 rows=9 width=121)
	        Sort Key: c
	        ->  Index Scan using sbtest6_pkey on sbtest6  (cost=0.43..35.93 rows=9 width=121)
	              Index Cond: ((id >= 7761243) AND (id <= 7761252))

table 7 : explain SELECT DISTINCT c FROM sbtest7 WHERE id BETWEEN 9627909 AND 9627918 ORDER BY c
	Unique  (cost=39.42..39.47 rows=10 width=121)
	  ->  Sort  (cost=39.42..39.45 rows=10 width=121)
	        Sort Key: c
	        ->  Index Scan using sbtest7_pkey on sbtest7  (cost=0.43..39.25 rows=10 width=121)
	              Index Cond: ((id >= 9627909) AND (id <= 9627918))

table 8 : explain SELECT DISTINCT c FROM sbtest8 WHERE id BETWEEN 815840 AND 815849 ORDER BY c
	Unique  (cost=42.11..42.16 rows=11 width=121)
	  ->  Sort  (cost=42.11..42.13 rows=11 width=121)
	        Sort Key: c
	        ->  Index Scan using sbtest8_pkey on sbtest8  (cost=0.43..41.92 rows=11 width=121)
	              Index Cond: ((id >= 815840) AND (id <= 815849))

for: distinct_ranges
table 1 : explain SELECT DISTINCT c FROM sbtest1 WHERE id BETWEEN 918779 AND 918788 ORDER BY c
	Unique  (cost=35.71..35.75 rows=9 width=121)
	  ->  Sort  (cost=35.71..35.73 rows=9 width=121)
	        Sort Key: c
	        ->  Index Scan using sbtest1_pkey on sbtest1  (cost=0.43..35.56 rows=9 width=121)
	              Index Cond: ((id >= 918779) AND (id <= 918788))

table 2 : explain SELECT DISTINCT c FROM sbtest2 WHERE id BETWEEN 2966364 AND 2966373 ORDER BY c
	Unique  (cost=35.90..35.95 rows=9 width=121)
	  ->  Sort  (cost=35.90..35.92 rows=9 width=121)
	        Sort Key: c
	        ->  Index Scan using sbtest2_pkey on sbtest2  (cost=0.43..35.76 rows=9 width=121)
	              Index Cond: ((id >= 2966364) AND (id <= 2966373))

table 3 : explain SELECT DISTINCT c FROM sbtest3 WHERE id BETWEEN 9454278 AND 9454287 ORDER BY c
	Unique  (cost=35.98..36.03 rows=9 width=121)
	  ->  Sort  (cost=35.98..36.01 rows=9 width=121)
	        Sort Key: c
	        ->  Index Scan using sbtest3_pkey on sbtest3  (cost=0.43..35.84 rows=9 width=121)
	              Index Cond: ((id >= 9454278) AND (id <= 9454287))

table 4 : explain SELECT DISTINCT c FROM sbtest4 WHERE id BETWEEN 4924879 AND 4924888 ORDER BY c
	Unique  (cost=35.46..35.51 rows=9 width=121)
	  ->  Sort  (cost=35.46..35.49 rows=9 width=121)
	        Sort Key: c
	        ->  Index Scan using sbtest4_pkey on sbtest4  (cost=0.43..35.32 rows=9 width=121)
	              Index Cond: ((id >= 4924879) AND (id <= 4924888))

table 5 : explain SELECT DISTINCT c FROM sbtest5 WHERE id BETWEEN 76539 AND 76548 ORDER BY c
	Unique  (cost=35.94..35.99 rows=9 width=121)
	  ->  Sort  (cost=35.94..35.96 rows=9 width=121)
	        Sort Key: c
	        ->  Index Scan using sbtest5_pkey on sbtest5  (cost=0.43..35.80 rows=9 width=121)
	              Index Cond: ((id >= 76539) AND (id <= 76548))

table 6 : explain SELECT DISTINCT c FROM sbtest6 WHERE id BETWEEN 7172932 AND 7172941 ORDER BY c
	Unique  (cost=39.53..39.58 rows=10 width=121)
	  ->  Sort  (cost=39.53..39.56 rows=10 width=121)
	        Sort Key: c
	        ->  Index Scan using sbtest6_pkey on sbtest6  (cost=0.43..39.36 rows=10 width=121)
	              Index Cond: ((id >= 7172932) AND (id <= 7172941))

table 7 : explain SELECT DISTINCT c FROM sbtest7 WHERE id BETWEEN 8629677 AND 8629686 ORDER BY c
	Unique  (cost=35.97..36.02 rows=9 width=121)
	  ->  Sort  (cost=35.97..36.00 rows=9 width=121)
	        Sort Key: c
	        ->  Index Scan using sbtest7_pkey on sbtest7  (cost=0.43..35.83 rows=9 width=121)
	              Index Cond: ((id >= 8629677) AND (id <= 8629686))

table 8 : explain SELECT DISTINCT c FROM sbtest8 WHERE id BETWEEN 5644765 AND 5644774 ORDER BY c
	Unique  (cost=38.74..38.79 rows=10 width=121)
	  ->  Sort  (cost=38.74..38.76 rows=10 width=121)
	        Sort Key: c
	        ->  Index Scan using sbtest8_pkey on sbtest8  (cost=0.43..38.57 rows=10 width=121)
	              Index Cond: ((id >= 5644765) AND (id <= 5644774))

explain: for non_index_updates :: explain UPDATE sbtest%u SET c='foobar' WHERE id=%u
for: order_ranges
table 1 : explain SELECT c FROM sbtest1 WHERE id BETWEEN 6441793 AND 6441802 ORDER BY c
	Sort  (cost=39.12..39.14 rows=10 width=121)
	  Sort Key: c
	  ->  Index Scan using sbtest1_pkey on sbtest1  (cost=0.43..38.95 rows=10 width=121)
	        Index Cond: ((id >= 6441793) AND (id <= 6441802))

table 2 : explain SELECT c FROM sbtest2 WHERE id BETWEEN 4047291 AND 4047300 ORDER BY c
	Sort  (cost=39.34..39.36 rows=10 width=121)
	  Sort Key: c
	  ->  Index Scan using sbtest2_pkey on sbtest2  (cost=0.43..39.17 rows=10 width=121)
	        Index Cond: ((id >= 4047291) AND (id <= 4047300))

table 3 : explain SELECT c FROM sbtest3 WHERE id BETWEEN 909688 AND 909697 ORDER BY c
	Sort  (cost=42.88..42.91 rows=11 width=121)
	  Sort Key: c
	  ->  Index Scan using sbtest3_pkey on sbtest3  (cost=0.43..42.69 rows=11 width=121)
	        Index Cond: ((id >= 909688) AND (id <= 909697))

table 4 : explain SELECT c FROM sbtest4 WHERE id BETWEEN 9441590 AND 9441599 ORDER BY c
	Sort  (cost=42.23..42.25 rows=11 width=121)
	  Sort Key: c
	  ->  Index Scan using sbtest4_pkey on sbtest4  (cost=0.43..42.04 rows=11 width=121)
	        Index Cond: ((id >= 9441590) AND (id <= 9441599))

table 5 : explain SELECT c FROM sbtest5 WHERE id BETWEEN 8569033 AND 8569042 ORDER BY c
	Sort  (cost=39.38..39.41 rows=10 width=121)
	  Sort Key: c
	  ->  Index Scan using sbtest5_pkey on sbtest5  (cost=0.43..39.22 rows=10 width=121)
	        Index Cond: ((id >= 8569033) AND (id <= 8569042))

table 6 : explain SELECT c FROM sbtest6 WHERE id BETWEEN 9111871 AND 9111880 ORDER BY c
	Sort  (cost=36.07..36.10 rows=9 width=121)
	  Sort Key: c
	  ->  Index Scan using sbtest6_pkey on sbtest6  (cost=0.43..35.93 rows=9 width=121)
	        Index Cond: ((id >= 9111871) AND (id <= 9111880))

table 7 : explain SELECT c FROM sbtest7 WHERE id BETWEEN 9143441 AND 9143450 ORDER BY c
	Sort  (cost=35.97..36.00 rows=9 width=121)
	  Sort Key: c
	  ->  Index Scan using sbtest7_pkey on sbtest7  (cost=0.43..35.83 rows=9 width=121)
	        Index Cond: ((id >= 9143441) AND (id <= 9143450))

table 8 : explain SELECT c FROM sbtest8 WHERE id BETWEEN 7130141 AND 7130150 ORDER BY c
	Sort  (cost=38.74..38.76 rows=10 width=121)
	  Sort Key: c
	  ->  Index Scan using sbtest8_pkey on sbtest8  (cost=0.43..38.57 rows=10 width=121)
	        Index Cond: ((id >= 7130141) AND (id <= 7130150))

for point_selects
table 1 : explain SELECT c FROM sbtest1 WHERE id=6169999
	Index Scan using sbtest1_pkey on sbtest1  (cost=0.43..8.45 rows=1 width=121)
	  Index Cond: (id = 6169999)

table 2 : explain SELECT c FROM sbtest2 WHERE id=4484695
	Index Scan using sbtest2_pkey on sbtest2  (cost=0.43..8.45 rows=1 width=121)
	  Index Cond: (id = 4484695)

table 3 : explain SELECT c FROM sbtest3 WHERE id=4403396
	Index Scan using sbtest3_pkey on sbtest3  (cost=0.43..8.45 rows=1 width=121)
	  Index Cond: (id = 4403396)

table 4 : explain SELECT c FROM sbtest4 WHERE id=711402
	Index Scan using sbtest4_pkey on sbtest4  (cost=0.43..8.45 rows=1 width=121)
	  Index Cond: (id = 711402)

table 5 : explain SELECT c FROM sbtest5 WHERE id=5522980
	Index Scan using sbtest5_pkey on sbtest5  (cost=0.43..8.45 rows=1 width=121)
	  Index Cond: (id = 5522980)

table 6 : explain SELECT c FROM sbtest6 WHERE id=1026307
	Index Scan using sbtest6_pkey on sbtest6  (cost=0.43..8.45 rows=1 width=121)
	  Index Cond: (id = 1026307)

table 7 : explain SELECT c FROM sbtest7 WHERE id=2103005
	Index Scan using sbtest7_pkey on sbtest7  (cost=0.43..8.45 rows=1 width=121)
	  Index Cond: (id = 2103005)

table 8 : explain SELECT c FROM sbtest8 WHERE id=2520931
	Index Scan using sbtest8_pkey on sbtest8  (cost=0.43..8.45 rows=1 width=121)
	  Index Cond: (id = 2520931)

explain: for index_updates :: explain UPDATE sbtest%u SET k=k+1 WHERE id=%u
for: distinct_ranges
table 1 : explain SELECT DISTINCT c FROM sbtest1 WHERE id BETWEEN 6109800 AND 6109809 ORDER BY c
	Unique  (cost=42.53..42.59 rows=11 width=121)
	  ->  Sort  (cost=42.53..42.56 rows=11 width=121)
	        Sort Key: c
	        ->  Index Scan using sbtest1_pkey on sbtest1  (cost=0.43..42.34 rows=11 width=121)
	              Index Cond: ((id >= 6109800) AND (id <= 6109809))

table 2 : explain SELECT DISTINCT c FROM sbtest2 WHERE id BETWEEN 1366933 AND 1366942 ORDER BY c
	Unique  (cost=39.34..39.39 rows=10 width=121)
	  ->  Sort  (cost=39.34..39.36 rows=10 width=121)
	        Sort Key: c
	        ->  Index Scan using sbtest2_pkey on sbtest2  (cost=0.43..39.17 rows=10 width=121)
	              Index Cond: ((id >= 1366933) AND (id <= 1366942))

table 3 : explain SELECT DISTINCT c FROM sbtest3 WHERE id BETWEEN 501464 AND 501473 ORDER BY c
	Unique  (cost=42.88..42.93 rows=11 width=121)
	  ->  Sort  (cost=42.88..42.91 rows=11 width=121)
	        Sort Key: c
	        ->  Index Scan using sbtest3_pkey on sbtest3  (cost=0.43..42.69 rows=11 width=121)
	              Index Cond: ((id >= 501464) AND (id <= 501473))

table 4 : explain SELECT DISTINCT c FROM sbtest4 WHERE id BETWEEN 7846105 AND 7846114 ORDER BY c
	Unique  (cost=38.85..38.90 rows=10 width=121)
	  ->  Sort  (cost=38.85..38.87 rows=10 width=121)
	        Sort Key: c
	        ->  Index Scan using sbtest4_pkey on sbtest4  (cost=0.43..38.68 rows=10 width=121)
	              Index Cond: ((id >= 7846105) AND (id <= 7846114))

table 5 : explain SELECT DISTINCT c FROM sbtest5 WHERE id BETWEEN 8196599 AND 8196608 ORDER BY c
	Unique  (cost=39.38..39.43 rows=10 width=121)
	  ->  Sort  (cost=39.38..39.41 rows=10 width=121)
	        Sort Key: c
	        ->  Index Scan using sbtest5_pkey on sbtest5  (cost=0.43..39.22 rows=10 width=121)
	              Index Cond: ((id >= 8196599) AND (id <= 8196608))

table 6 : explain SELECT DISTINCT c FROM sbtest6 WHERE id BETWEEN 4612688 AND 4612697 ORDER BY c
	Unique  (cost=39.53..39.58 rows=10 width=121)
	  ->  Sort  (cost=39.53..39.56 rows=10 width=121)
	        Sort Key: c
	        ->  Index Scan using sbtest6_pkey on sbtest6  (cost=0.43..39.36 rows=10 width=121)
	              Index Cond: ((id >= 4612688) AND (id <= 4612697))

table 7 : explain SELECT DISTINCT c FROM sbtest7 WHERE id BETWEEN 2298798 AND 2298807 ORDER BY c
	Unique  (cost=39.42..39.47 rows=10 width=121)
	  ->  Sort  (cost=39.42..39.45 rows=10 width=121)
	        Sort Key: c
	        ->  Index Scan using sbtest7_pkey on sbtest7  (cost=0.43..39.25 rows=10 width=121)
	              Index Cond: ((id >= 2298798) AND (id <= 2298807))

table 8 : explain SELECT DISTINCT c FROM sbtest8 WHERE id BETWEEN 5601096 AND 5601105 ORDER BY c
	Unique  (cost=38.74..38.79 rows=10 width=121)
	  ->  Sort  (cost=38.74..38.76 rows=10 width=121)
	        Sort Key: c
	        ->  Index Scan using sbtest8_pkey on sbtest8  (cost=0.43..38.57 rows=10 width=121)
	              Index Cond: ((id >= 5601096) AND (id <= 5601105))

for: sum_ranges
table 1 : explain SELECT SUM(k) FROM sbtest1 WHERE id BETWEEN 6304076 AND 6304085
	Aggregate  (cost=42.37..42.38 rows=1 width=8)
	  ->  Index Scan using sbtest1_pkey on sbtest1  (cost=0.43..42.34 rows=11 width=4)
	        Index Cond: ((id >= 6304076) AND (id <= 6304085))

table 2 : explain SELECT SUM(k) FROM sbtest2 WHERE id BETWEEN 7835610 AND 7835619
	Aggregate  (cost=35.78..35.79 rows=1 width=8)
	  ->  Index Scan using sbtest2_pkey on sbtest2  (cost=0.43..35.76 rows=9 width=4)
	        Index Cond: ((id >= 7835610) AND (id <= 7835619))

table 3 : explain SELECT SUM(k) FROM sbtest3 WHERE id BETWEEN 4681331 AND 4681340
	Aggregate  (cost=39.29..39.30 rows=1 width=8)
	  ->  Index Scan using sbtest3_pkey on sbtest3  (cost=0.43..39.26 rows=10 width=4)
	        Index Cond: ((id >= 4681331) AND (id <= 4681340))

table 4 : explain SELECT SUM(k) FROM sbtest4 WHERE id BETWEEN 3476551 AND 3476560
	Aggregate  (cost=42.06..42.07 rows=1 width=8)
	  ->  Index Scan using sbtest4_pkey on sbtest4  (cost=0.43..42.04 rows=11 width=4)
	        Index Cond: ((id >= 3476551) AND (id <= 3476560))

table 5 : explain SELECT SUM(k) FROM sbtest5 WHERE id BETWEEN 6493600 AND 6493609
	Aggregate  (cost=39.24..39.25 rows=1 width=8)
	  ->  Index Scan using sbtest5_pkey on sbtest5  (cost=0.43..39.22 rows=10 width=4)
	        Index Cond: ((id >= 6493600) AND (id <= 6493609))

table 6 : explain SELECT SUM(k) FROM sbtest6 WHERE id BETWEEN 1145347 AND 1145356
	Aggregate  (cost=42.83..42.84 rows=1 width=8)
	  ->  Index Scan using sbtest6_pkey on sbtest6  (cost=0.43..42.80 rows=11 width=4)
	        Index Cond: ((id >= 1145347) AND (id <= 1145356))

table 7 : explain SELECT SUM(k) FROM sbtest7 WHERE id BETWEEN 7448858 AND 7448867
	Aggregate  (cost=39.28..39.29 rows=1 width=8)
	  ->  Index Scan using sbtest7_pkey on sbtest7  (cost=0.43..39.25 rows=10 width=4)
	        Index Cond: ((id >= 7448858) AND (id <= 7448867))

table 8 : explain SELECT SUM(k) FROM sbtest8 WHERE id BETWEEN 7061499 AND 7061508
	Aggregate  (cost=38.60..38.61 rows=1 width=8)
	  ->  Index Scan using sbtest8_pkey on sbtest8  (cost=0.43..38.57 rows=10 width=4)
	        Index Cond: ((id >= 7061499) AND (id <= 7061508))

for: simple_ranges
table 1 : explain SELECT c FROM sbtest1 WHERE id BETWEEN 8073798 AND 8073807
	Index Scan using sbtest1_pkey on sbtest1  (cost=0.43..42.34 rows=11 width=121)
	  Index Cond: ((id >= 8073798) AND (id <= 8073807))

table 2 : explain SELECT c FROM sbtest2 WHERE id BETWEEN 2364360 AND 2364369
	Index Scan using sbtest2_pkey on sbtest2  (cost=0.43..39.17 rows=10 width=121)
	  Index Cond: ((id >= 2364360) AND (id <= 2364369))

table 3 : explain SELECT c FROM sbtest3 WHERE id BETWEEN 488413 AND 488422
	Index Scan using sbtest3_pkey on sbtest3  (cost=0.43..42.69 rows=11 width=121)
	  Index Cond: ((id >= 488413) AND (id <= 488422))

table 4 : explain SELECT c FROM sbtest4 WHERE id BETWEEN 9536518 AND 9536527
	Index Scan using sbtest4_pkey on sbtest4  (cost=0.43..42.04 rows=11 width=121)
	  Index Cond: ((id >= 9536518) AND (id <= 9536527))

table 5 : explain SELECT c FROM sbtest5 WHERE id BETWEEN 3215986 AND 3215995
	Index Scan using sbtest5_pkey on sbtest5  (cost=0.43..39.22 rows=10 width=121)
	  Index Cond: ((id >= 3215986) AND (id <= 3215995))

table 6 : explain SELECT c FROM sbtest6 WHERE id BETWEEN 1704440 AND 1704449
	Index Scan using sbtest6_pkey on sbtest6  (cost=0.43..39.36 rows=10 width=121)
	  Index Cond: ((id >= 1704440) AND (id <= 1704449))

table 7 : explain SELECT c FROM sbtest7 WHERE id BETWEEN 8836479 AND 8836488
	Index Scan using sbtest7_pkey on sbtest7  (cost=0.43..39.25 rows=10 width=121)
	  Index Cond: ((id >= 8836479) AND (id <= 8836488))

table 8 : explain SELECT c FROM sbtest8 WHERE id BETWEEN 3021571 AND 3021580
	Index Scan using sbtest8_pkey on sbtest8  (cost=0.43..38.57 rows=10 width=121)
	  Index Cond: ((id >= 3021571) AND (id <= 3021580))

for index_updates
table 1 : explain UPDATE sbtest1 SET k=k+1 WHERE id=918935
	Update on sbtest1  (cost=0.43..8.46 rows=0 width=0)
	  ->  Index Scan using sbtest1_pkey on sbtest1  (cost=0.43..8.46 rows=1 width=10)
	        Index Cond: (id = 918935)

table 2 : explain UPDATE sbtest2 SET k=k+1 WHERE id=9564392
	Update on sbtest2  (cost=0.43..8.46 rows=0 width=0)
	  ->  Index Scan using sbtest2_pkey on sbtest2  (cost=0.43..8.46 rows=1 width=10)
	        Index Cond: (id = 9564392)

table 3 : explain UPDATE sbtest3 SET k=k+1 WHERE id=5100133
	Update on sbtest3  (cost=0.43..8.46 rows=0 width=0)
	  ->  Index Scan using sbtest3_pkey on sbtest3  (cost=0.43..8.46 rows=1 width=10)
	        Index Cond: (id = 5100133)

table 4 : explain UPDATE sbtest4 SET k=k+1 WHERE id=3065527
	Update on sbtest4  (cost=0.43..8.46 rows=0 width=0)
	  ->  Index Scan using sbtest4_pkey on sbtest4  (cost=0.43..8.46 rows=1 width=10)
	        Index Cond: (id = 3065527)

table 5 : explain UPDATE sbtest5 SET k=k+1 WHERE id=8832079
	Update on sbtest5  (cost=0.43..8.46 rows=0 width=0)
	  ->  Index Scan using sbtest5_pkey on sbtest5  (cost=0.43..8.46 rows=1 width=10)
	        Index Cond: (id = 8832079)

table 6 : explain UPDATE sbtest6 SET k=k+1 WHERE id=7224109
	Update on sbtest6  (cost=0.43..8.46 rows=0 width=0)
	  ->  Index Scan using sbtest6_pkey on sbtest6  (cost=0.43..8.46 rows=1 width=10)
	        Index Cond: (id = 7224109)

table 7 : explain UPDATE sbtest7 SET k=k+1 WHERE id=3176903
	Update on sbtest7  (cost=0.43..8.46 rows=0 width=0)
	  ->  Index Scan using sbtest7_pkey on sbtest7  (cost=0.43..8.46 rows=1 width=10)
	        Index Cond: (id = 3176903)

table 8 : explain UPDATE sbtest8 SET k=k+1 WHERE id=4156151
	Update on sbtest8  (cost=0.43..8.46 rows=0 width=0)
	  ->  Index Scan using sbtest8_pkey on sbtest8  (cost=0.43..8.46 rows=1 width=10)
	        Index Cond: (id = 4156151)

for inserts
table 1 : explain INSERT INTO sbtest1 (id, k, c, pad) VALUES (1927201, 13, 'foobar', 'foobar')
	Insert on sbtest1  (cost=0.00..0.01 rows=0 width=0)
	  ->  Result  (cost=0.00..0.01 rows=1 width=736)

table 2 : explain INSERT INTO sbtest2 (id, k, c, pad) VALUES (7053713, 13, 'foobar', 'foobar')
	Insert on sbtest2  (cost=0.00..0.01 rows=0 width=0)
	  ->  Result  (cost=0.00..0.01 rows=1 width=736)

table 3 : explain INSERT INTO sbtest3 (id, k, c, pad) VALUES (8572524, 13, 'foobar', 'foobar')
	Insert on sbtest3  (cost=0.00..0.01 rows=0 width=0)
	  ->  Result  (cost=0.00..0.01 rows=1 width=736)

table 4 : explain INSERT INTO sbtest4 (id, k, c, pad) VALUES (4295625, 13, 'foobar', 'foobar')
	Insert on sbtest4  (cost=0.00..0.01 rows=0 width=0)
	  ->  Result  (cost=0.00..0.01 rows=1 width=736)

table 5 : explain INSERT INTO sbtest5 (id, k, c, pad) VALUES (4826467, 13, 'foobar', 'foobar')
	Insert on sbtest5  (cost=0.00..0.01 rows=0 width=0)
	  ->  Result  (cost=0.00..0.01 rows=1 width=736)

table 6 : explain INSERT INTO sbtest6 (id, k, c, pad) VALUES (4358942, 13, 'foobar', 'foobar')
	Insert on sbtest6  (cost=0.00..0.01 rows=0 width=0)
	  ->  Result  (cost=0.00..0.01 rows=1 width=736)

table 7 : explain INSERT INTO sbtest7 (id, k, c, pad) VALUES (6288847, 13, 'foobar', 'foobar')
	Insert on sbtest7  (cost=0.00..0.01 rows=0 width=0)
	  ->  Result  (cost=0.00..0.01 rows=1 width=736)

table 8 : explain INSERT INTO sbtest8 (id, k, c, pad) VALUES (8497156, 13, 'foobar', 'foobar')
	Insert on sbtest8  (cost=0.00..0.01 rows=0 width=0)
	  ->  Result  (cost=0.00..0.01 rows=1 width=736)

explain: for index_updates :: explain UPDATE sbtest%u SET k=k+1 WHERE id=%u
for index_updates
table 1 : explain UPDATE sbtest1 SET k=k+1 WHERE id=7814569
	Update on sbtest1  (cost=0.43..8.46 rows=0 width=0)
	  ->  Index Scan using sbtest1_pkey on sbtest1  (cost=0.43..8.46 rows=1 width=10)
	        Index Cond: (id = 7814569)

table 2 : explain UPDATE sbtest2 SET k=k+1 WHERE id=4104126
	Update on sbtest2  (cost=0.43..8.46 rows=0 width=0)
	  ->  Index Scan using sbtest2_pkey on sbtest2  (cost=0.43..8.46 rows=1 width=10)
	        Index Cond: (id = 4104126)

table 3 : explain UPDATE sbtest3 SET k=k+1 WHERE id=6403347
	Update on sbtest3  (cost=0.43..8.46 rows=0 width=0)
	  ->  Index Scan using sbtest3_pkey on sbtest3  (cost=0.43..8.46 rows=1 width=10)
	        Index Cond: (id = 6403347)

table 4 : explain UPDATE sbtest4 SET k=k+1 WHERE id=4038639
	Update on sbtest4  (cost=0.43..8.46 rows=0 width=0)
	  ->  Index Scan using sbtest4_pkey on sbtest4  (cost=0.43..8.46 rows=1 width=10)
	        Index Cond: (id = 4038639)

table 5 : explain UPDATE sbtest5 SET k=k+1 WHERE id=808293
	Update on sbtest5  (cost=0.43..8.46 rows=0 width=0)
	  ->  Index Scan using sbtest5_pkey on sbtest5  (cost=0.43..8.46 rows=1 width=10)
	        Index Cond: (id = 808293)

table 6 : explain UPDATE sbtest6 SET k=k+1 WHERE id=8238343
	Update on sbtest6  (cost=0.43..8.46 rows=0 width=0)
	  ->  Index Scan using sbtest6_pkey on sbtest6  (cost=0.43..8.46 rows=1 width=10)
	        Index Cond: (id = 8238343)

table 7 : explain UPDATE sbtest7 SET k=k+1 WHERE id=8162189
	Update on sbtest7  (cost=0.43..8.46 rows=0 width=0)
	  ->  Index Scan using sbtest7_pkey on sbtest7  (cost=0.43..8.46 rows=1 width=10)
	        Index Cond: (id = 8162189)

table 8 : explain UPDATE sbtest8 SET k=k+1 WHERE id=2212417
	Update on sbtest8  (cost=0.43..8.46 rows=0 width=0)
	  ->  Index Scan using sbtest8_pkey on sbtest8  (cost=0.43..8.46 rows=1 width=10)
	        Index Cond: (id = 2212417)

explain: for point_selects :: explain SELECT c FROM sbtest%u WHERE id=%u
for point_selects
table 1 : explain SELECT c FROM sbtest1 WHERE id=9707479
	Index Scan using sbtest1_pkey on sbtest1  (cost=0.43..8.45 rows=1 width=121)
	  Index Cond: (id = 9707479)

table 2 : explain SELECT c FROM sbtest2 WHERE id=1202934
	Index Scan using sbtest2_pkey on sbtest2  (cost=0.43..8.45 rows=1 width=121)
	  Index Cond: (id = 1202934)

table 3 : explain SELECT c FROM sbtest3 WHERE id=8404299
	Index Scan using sbtest3_pkey on sbtest3  (cost=0.43..8.45 rows=1 width=121)
	  Index Cond: (id = 8404299)

table 4 : explain SELECT c FROM sbtest4 WHERE id=3863572
	Index Scan using sbtest4_pkey on sbtest4  (cost=0.43..8.45 rows=1 width=121)
	  Index Cond: (id = 3863572)

table 5 : explain SELECT c FROM sbtest5 WHERE id=7197113
	Index Scan using sbtest5_pkey on sbtest5  (cost=0.43..8.45 rows=1 width=121)
	  Index Cond: (id = 7197113)

table 6 : explain SELECT c FROM sbtest6 WHERE id=8438722
	Index Scan using sbtest6_pkey on sbtest6  (cost=0.43..8.45 rows=1 width=121)
	  Index Cond: (id = 8438722)

table 7 : explain SELECT c FROM sbtest7 WHERE id=3400869
	Index Scan using sbtest7_pkey on sbtest7  (cost=0.43..8.45 rows=1 width=121)
	  Index Cond: (id = 3400869)

table 8 : explain SELECT c FROM sbtest8 WHERE id=694467
	Index Scan using sbtest8_pkey on sbtest8  (cost=0.43..8.45 rows=1 width=121)
	  Index Cond: (id = 694467)

for point_selects
table 1 : explain SELECT c FROM sbtest1 WHERE id=5654195
	Index Scan using sbtest1_pkey on sbtest1  (cost=0.43..8.45 rows=1 width=121)
	  Index Cond: (id = 5654195)

table 2 : explain SELECT c FROM sbtest2 WHERE id=9998392
	Index Scan using sbtest2_pkey on sbtest2  (cost=0.43..8.45 rows=1 width=121)
	  Index Cond: (id = 9998392)

table 3 : explain SELECT c FROM sbtest3 WHERE id=9426347
	Index Scan using sbtest3_pkey on sbtest3  (cost=0.43..8.45 rows=1 width=121)
	  Index Cond: (id = 9426347)

table 4 : explain SELECT c FROM sbtest4 WHERE id=7536173
	Index Scan using sbtest4_pkey on sbtest4  (cost=0.43..8.45 rows=1 width=121)
	  Index Cond: (id = 7536173)

table 5 : explain SELECT c FROM sbtest5 WHERE id=1195285
	Index Scan using sbtest5_pkey on sbtest5  (cost=0.43..8.45 rows=1 width=121)
	  Index Cond: (id = 1195285)

table 6 : explain SELECT c FROM sbtest6 WHERE id=5274630
	Index Scan using sbtest6_pkey on sbtest6  (cost=0.43..8.45 rows=1 width=121)
	  Index Cond: (id = 5274630)

table 7 : explain SELECT c FROM sbtest7 WHERE id=6944535
	Index Scan using sbtest7_pkey on sbtest7  (cost=0.43..8.45 rows=1 width=121)
	  Index Cond: (id = 6944535)

table 8 : explain SELECT c FROM sbtest8 WHERE id=6123992
	Index Scan using sbtest8_pkey on sbtest8  (cost=0.43..8.45 rows=1 width=121)
	  Index Cond: (id = 6123992)

explain: for index_updates :: explain UPDATE sbtest%u SET k=k+1 WHERE id=%u
for: order_ranges
table 1 : explain SELECT c FROM sbtest1 WHERE id BETWEEN 3569705 AND 3569714 ORDER BY c
	Sort  (cost=39.12..39.14 rows=10 width=121)
	  Sort Key: c
	  ->  Index Scan using sbtest1_pkey on sbtest1  (cost=0.43..38.95 rows=10 width=121)
	        Index Cond: ((id >= 3569705) AND (id <= 3569714))

table 2 : explain SELECT c FROM sbtest2 WHERE id BETWEEN 8000438 AND 8000447 ORDER BY c
	Sort  (cost=42.77..42.80 rows=11 width=121)
	  Sort Key: c
	  ->  Index Scan using sbtest2_pkey on sbtest2  (cost=0.43..42.58 rows=11 width=121)
	        Index Cond: ((id >= 8000438) AND (id <= 8000447))

table 3 : explain SELECT c FROM sbtest3 WHERE id BETWEEN 3237014 AND 3237023 ORDER BY c
	Sort  (cost=39.43..39.46 rows=10 width=121)
	  Sort Key: c
	  ->  Index Scan using sbtest3_pkey on sbtest3  (cost=0.43..39.26 rows=10 width=121)
	        Index Cond: ((id >= 3237014) AND (id <= 3237023))

table 4 : explain SELECT c FROM sbtest4 WHERE id BETWEEN 1469021 AND 1469030 ORDER BY c
	Sort  (cost=38.85..38.87 rows=10 width=121)
	  Sort Key: c
	  ->  Index Scan using sbtest4_pkey on sbtest4  (cost=0.43..38.68 rows=10 width=121)
	        Index Cond: ((id >= 1469021) AND (id <= 1469030))

table 5 : explain SELECT c FROM sbtest5 WHERE id BETWEEN 6215155 AND 6215164 ORDER BY c
	Sort  (cost=39.38..39.41 rows=10 width=121)
	  Sort Key: c
	  ->  Index Scan using sbtest5_pkey on sbtest5  (cost=0.43..39.22 rows=10 width=121)
	        Index Cond: ((id >= 6215155) AND (id <= 6215164))

table 6 : explain SELECT c FROM sbtest6 WHERE id BETWEEN 1680355 AND 1680364 ORDER BY c
	Sort  (cost=39.53..39.56 rows=10 width=121)
	  Sort Key: c
	  ->  Index Scan using sbtest6_pkey on sbtest6  (cost=0.43..39.36 rows=10 width=121)
	        Index Cond: ((id >= 1680355) AND (id <= 1680364))

table 7 : explain SELECT c FROM sbtest7 WHERE id BETWEEN 8400426 AND 8400435 ORDER BY c
	Sort  (cost=39.42..39.45 rows=10 width=121)
	  Sort Key: c
	  ->  Index Scan using sbtest7_pkey on sbtest7  (cost=0.43..39.25 rows=10 width=121)
	        Index Cond: ((id >= 8400426) AND (id <= 8400435))

table 8 : explain SELECT c FROM sbtest8 WHERE id BETWEEN 2823536 AND 2823545 ORDER BY c
	Sort  (cost=38.74..38.76 rows=10 width=121)
	  Sort Key: c
	  ->  Index Scan using sbtest8_pkey on sbtest8  (cost=0.43..38.57 rows=10 width=121)
	        Index Cond: ((id >= 2823536) AND (id <= 2823545))

for: simple_ranges
table 1 : explain SELECT c FROM sbtest1 WHERE id BETWEEN 854709 AND 854718
	Index Scan using sbtest1_pkey on sbtest1  (cost=0.43..38.95 rows=10 width=121)
	  Index Cond: ((id >= 854709) AND (id <= 854718))

table 2 : explain SELECT c FROM sbtest2 WHERE id BETWEEN 4152893 AND 4152902
	Index Scan using sbtest2_pkey on sbtest2  (cost=0.43..39.17 rows=10 width=121)
	  Index Cond: ((id >= 4152893) AND (id <= 4152902))

table 3 : explain SELECT c FROM sbtest3 WHERE id BETWEEN 1060993 AND 1061002
	Index Scan using sbtest3_pkey on sbtest3  (cost=0.43..42.69 rows=11 width=121)
	  Index Cond: ((id >= 1060993) AND (id <= 1061002))

table 4 : explain SELECT c FROM sbtest4 WHERE id BETWEEN 4852722 AND 4852731
	Index Scan using sbtest4_pkey on sbtest4  (cost=0.43..38.68 rows=10 width=121)
	  Index Cond: ((id >= 4852722) AND (id <= 4852731))

table 5 : explain SELECT c FROM sbtest5 WHERE id BETWEEN 2418502 AND 2418511
	Index Scan using sbtest5_pkey on sbtest5  (cost=0.43..35.80 rows=9 width=121)
	  Index Cond: ((id >= 2418502) AND (id <= 2418511))

table 6 : explain SELECT c FROM sbtest6 WHERE id BETWEEN 670486 AND 670495
	Index Scan using sbtest6_pkey on sbtest6  (cost=0.43..39.36 rows=10 width=121)
	  Index Cond: ((id >= 670486) AND (id <= 670495))

table 7 : explain SELECT c FROM sbtest7 WHERE id BETWEEN 5912364 AND 5912373
	Index Scan using sbtest7_pkey on sbtest7  (cost=0.43..42.68 rows=11 width=121)
	  Index Cond: ((id >= 5912364) AND (id <= 5912373))

table 8 : explain SELECT c FROM sbtest8 WHERE id BETWEEN 3805715 AND 3805724
	Index Scan using sbtest8_pkey on sbtest8  (cost=0.43..38.57 rows=10 width=121)
	  Index Cond: ((id >= 3805715) AND (id <= 3805724))

explain: for non_index_updates :: explain UPDATE sbtest%u SET c='foobar' WHERE id=%u
for: distinct_ranges
table 1 : explain SELECT DISTINCT c FROM sbtest1 WHERE id BETWEEN 2353122 AND 2353131 ORDER BY c
	Unique  (cost=39.12..39.17 rows=10 width=121)
	  ->  Sort  (cost=39.12..39.14 rows=10 width=121)
	        Sort Key: c
	        ->  Index Scan using sbtest1_pkey on sbtest1  (cost=0.43..38.95 rows=10 width=121)
	              Index Cond: ((id >= 2353122) AND (id <= 2353131))

table 2 : explain SELECT DISTINCT c FROM sbtest2 WHERE id BETWEEN 8657720 AND 8657729 ORDER BY c
	Unique  (cost=42.77..42.83 rows=11 width=121)
	  ->  Sort  (cost=42.77..42.80 rows=11 width=121)
	        Sort Key: c
	        ->  Index Scan using sbtest2_pkey on sbtest2  (cost=0.43..42.58 rows=11 width=121)
	              Index Cond: ((id >= 8657720) AND (id <= 8657729))

table 3 : explain SELECT DISTINCT c FROM sbtest3 WHERE id BETWEEN 4256372 AND 4256381 ORDER BY c
	Unique  (cost=42.88..42.93 rows=11 width=121)
	  ->  Sort  (cost=42.88..42.91 rows=11 width=121)
	        Sort Key: c
	        ->  Index Scan using sbtest3_pkey on sbtest3  (cost=0.43..42.69 rows=11 width=121)
	              Index Cond: ((id >= 4256372) AND (id <= 4256381))

table 4 : explain SELECT DISTINCT c FROM sbtest4 WHERE id BETWEEN 1462304 AND 1462313 ORDER BY c
	Unique  (cost=38.85..38.90 rows=10 width=121)
	  ->  Sort  (cost=38.85..38.87 rows=10 width=121)
	        Sort Key: c
	        ->  Index Scan using sbtest4_pkey on sbtest4  (cost=0.43..38.68 rows=10 width=121)
	              Index Cond: ((id >= 1462304) AND (id <= 1462313))

table 5 : explain SELECT DISTINCT c FROM sbtest5 WHERE id BETWEEN 1159821 AND 1159830 ORDER BY c
	Unique  (cost=35.94..35.99 rows=9 width=121)
	  ->  Sort  (cost=35.94..35.96 rows=9 width=121)
	        Sort Key: c
	        ->  Index Scan using sbtest5_pkey on sbtest5  (cost=0.43..35.80 rows=9 width=121)
	              Index Cond: ((id >= 1159821) AND (id <= 1159830))

table 6 : explain SELECT DISTINCT c FROM sbtest6 WHERE id BETWEEN 2709159 AND 2709168 ORDER BY c
	Unique  (cost=42.99..43.04 rows=11 width=121)
	  ->  Sort  (cost=42.99..43.02 rows=11 width=121)
	        Sort Key: c
	        ->  Index Scan using sbtest6_pkey on sbtest6  (cost=0.43..42.80 rows=11 width=121)
	              Index Cond: ((id >= 2709159) AND (id <= 2709168))

table 7 : explain SELECT DISTINCT c FROM sbtest7 WHERE id BETWEEN 1138254 AND 1138263 ORDER BY c
	Unique  (cost=39.42..39.47 rows=10 width=121)
	  ->  Sort  (cost=39.42..39.45 rows=10 width=121)
	        Sort Key: c
	        ->  Index Scan using sbtest7_pkey on sbtest7  (cost=0.43..39.25 rows=10 width=121)
	              Index Cond: ((id >= 1138254) AND (id <= 1138263))

table 8 : explain SELECT DISTINCT c FROM sbtest8 WHERE id BETWEEN 1636709 AND 1636718 ORDER BY c
	Unique  (cost=38.74..38.79 rows=10 width=121)
	  ->  Sort  (cost=38.74..38.76 rows=10 width=121)
	        Sort Key: c
	        ->  Index Scan using sbtest8_pkey on sbtest8  (cost=0.43..38.57 rows=10 width=121)
	              Index Cond: ((id >= 1636709) AND (id <= 1636718))

for: distinct_ranges
table 1 : explain SELECT DISTINCT c FROM sbtest1 WHERE id BETWEEN 9658813 AND 9658822 ORDER BY c
	Unique  (cost=39.12..39.17 rows=10 width=121)
	  ->  Sort  (cost=39.12..39.14 rows=10 width=121)
	        Sort Key: c
	        ->  Index Scan using sbtest1_pkey on sbtest1  (cost=0.43..38.95 rows=10 width=121)
	              Index Cond: ((id >= 9658813) AND (id <= 9658822))

table 2 : explain SELECT DISTINCT c FROM sbtest2 WHERE id BETWEEN 7381385 AND 7381394 ORDER BY c
	Unique  (cost=35.90..35.95 rows=9 width=121)
	  ->  Sort  (cost=35.90..35.92 rows=9 width=121)
	        Sort Key: c
	        ->  Index Scan using sbtest2_pkey on sbtest2  (cost=0.43..35.76 rows=9 width=121)
	              Index Cond: ((id >= 7381385) AND (id <= 7381394))

table 3 : explain SELECT DISTINCT c FROM sbtest3 WHERE id BETWEEN 1168338 AND 1168347 ORDER BY c
	Unique  (cost=39.43..39.48 rows=10 width=121)
	  ->  Sort  (cost=39.43..39.46 rows=10 width=121)
	        Sort Key: c
	        ->  Index Scan using sbtest3_pkey on sbtest3  (cost=0.43..39.26 rows=10 width=121)
	              Index Cond: ((id >= 1168338) AND (id <= 1168347))

table 4 : explain SELECT DISTINCT c FROM sbtest4 WHERE id BETWEEN 9958460 AND 9958469 ORDER BY c
	Unique  (cost=38.85..38.90 rows=10 width=121)
	  ->  Sort  (cost=38.85..38.87 rows=10 width=121)
	        Sort Key: c
	        ->  Index Scan using sbtest4_pkey on sbtest4  (cost=0.43..38.68 rows=10 width=121)
	              Index Cond: ((id >= 9958460) AND (id <= 9958469))

table 5 : explain SELECT DISTINCT c FROM sbtest5 WHERE id BETWEEN 8130240 AND 8130249 ORDER BY c
	Unique  (cost=39.38..39.43 rows=10 width=121)
	  ->  Sort  (cost=39.38..39.41 rows=10 width=121)
	        Sort Key: c
	        ->  Index Scan using sbtest5_pkey on sbtest5  (cost=0.43..39.22 rows=10 width=121)
	              Index Cond: ((id >= 8130240) AND (id <= 8130249))

table 6 : explain SELECT DISTINCT c FROM sbtest6 WHERE id BETWEEN 7873483 AND 7873492 ORDER BY c
	Unique  (cost=39.53..39.58 rows=10 width=121)
	  ->  Sort  (cost=39.53..39.56 rows=10 width=121)
	        Sort Key: c
	        ->  Index Scan using sbtest6_pkey on sbtest6  (cost=0.43..39.36 rows=10 width=121)
	              Index Cond: ((id >= 7873483) AND (id <= 7873492))

table 7 : explain SELECT DISTINCT c FROM sbtest7 WHERE id BETWEEN 448283 AND 448292 ORDER BY c
	Unique  (cost=35.97..36.02 rows=9 width=121)
	  ->  Sort  (cost=35.97..36.00 rows=9 width=121)
	        Sort Key: c
	        ->  Index Scan using sbtest7_pkey on sbtest7  (cost=0.43..35.83 rows=9 width=121)
	              Index Cond: ((id >= 448283) AND (id <= 448292))

table 8 : explain SELECT DISTINCT c FROM sbtest8 WHERE id BETWEEN 7265939 AND 7265948 ORDER BY c
	Unique  (cost=35.37..35.41 rows=9 width=121)
	  ->  Sort  (cost=35.37..35.39 rows=9 width=121)
	        Sort Key: c
	        ->  Index Scan using sbtest8_pkey on sbtest8  (cost=0.43..35.22 rows=9 width=121)
	              Index Cond: ((id >= 7265939) AND (id <= 7265948))

explain: for non_index_updates :: explain UPDATE sbtest%u SET c='foobar' WHERE id=%u
explain: for point_selects :: explain SELECT c FROM sbtest%u WHERE id=%u
for non_index_updates
table 1 : explain UPDATE sbtest1 SET c='foobar' WHERE id=8215776
	Update on sbtest1  (cost=0.43..8.45 rows=0 width=0)
	  ->  Index Scan using sbtest1_pkey on sbtest1  (cost=0.43..8.45 rows=1 width=490)
	        Index Cond: (id = 8215776)

table 2 : explain UPDATE sbtest2 SET c='foobar' WHERE id=4955273
	Update on sbtest2  (cost=0.43..8.45 rows=0 width=0)
	  ->  Index Scan using sbtest2_pkey on sbtest2  (cost=0.43..8.45 rows=1 width=490)
	        Index Cond: (id = 4955273)

table 3 : explain UPDATE sbtest3 SET c='foobar' WHERE id=6051167
	Update on sbtest3  (cost=0.43..8.45 rows=0 width=0)
	  ->  Index Scan using sbtest3_pkey on sbtest3  (cost=0.43..8.45 rows=1 width=490)
	        Index Cond: (id = 6051167)

table 4 : explain UPDATE sbtest4 SET c='foobar' WHERE id=6483033
	Update on sbtest4  (cost=0.43..8.45 rows=0 width=0)
	  ->  Index Scan using sbtest4_pkey on sbtest4  (cost=0.43..8.45 rows=1 width=490)
	        Index Cond: (id = 6483033)

table 5 : explain UPDATE sbtest5 SET c='foobar' WHERE id=9270526
	Update on sbtest5  (cost=0.43..8.45 rows=0 width=0)
	  ->  Index Scan using sbtest5_pkey on sbtest5  (cost=0.43..8.45 rows=1 width=490)
	        Index Cond: (id = 9270526)

table 6 : explain UPDATE sbtest6 SET c='foobar' WHERE id=4905329
	Update on sbtest6  (cost=0.43..8.45 rows=0 width=0)
	  ->  Index Scan using sbtest6_pkey on sbtest6  (cost=0.43..8.45 rows=1 width=490)
	        Index Cond: (id = 4905329)

table 7 : explain UPDATE sbtest7 SET c='foobar' WHERE id=8449255
	Update on sbtest7  (cost=0.43..8.45 rows=0 width=0)
	  ->  Index Scan using sbtest7_pkey on sbtest7  (cost=0.43..8.45 rows=1 width=490)
	        Index Cond: (id = 8449255)

table 8 : explain UPDATE sbtest8 SET c='foobar' WHERE id=855218
	Update on sbtest8  (cost=0.43..8.45 rows=0 width=0)
	  ->  Index Scan using sbtest8_pkey on sbtest8  (cost=0.43..8.45 rows=1 width=490)
	        Index Cond: (id = 855218)

for point_selects
table 1 : explain SELECT c FROM sbtest1 WHERE id=1319529
	Index Scan using sbtest1_pkey on sbtest1  (cost=0.43..8.45 rows=1 width=121)
	  Index Cond: (id = 1319529)

table 2 : explain SELECT c FROM sbtest2 WHERE id=9732473
	Index Scan using sbtest2_pkey on sbtest2  (cost=0.43..8.45 rows=1 width=121)
	  Index Cond: (id = 9732473)

table 3 : explain SELECT c FROM sbtest3 WHERE id=707323
	Index Scan using sbtest3_pkey on sbtest3  (cost=0.43..8.45 rows=1 width=121)
	  Index Cond: (id = 707323)

table 4 : explain SELECT c FROM sbtest4 WHERE id=2502780
	Index Scan using sbtest4_pkey on sbtest4  (cost=0.43..8.45 rows=1 width=121)
	  Index Cond: (id = 2502780)

table 5 : explain SELECT c FROM sbtest5 WHERE id=5256337
	Index Scan using sbtest5_pkey on sbtest5  (cost=0.43..8.45 rows=1 width=121)
	  Index Cond: (id = 5256337)

table 6 : explain SELECT c FROM sbtest6 WHERE id=1204471
	Index Scan using sbtest6_pkey on sbtest6  (cost=0.43..8.45 rows=1 width=121)
	  Index Cond: (id = 1204471)

table 7 : explain SELECT c FROM sbtest7 WHERE id=5801631
	Index Scan using sbtest7_pkey on sbtest7  (cost=0.43..8.45 rows=1 width=121)
	  Index Cond: (id = 5801631)

table 8 : explain SELECT c FROM sbtest8 WHERE id=1255934
	Index Scan using sbtest8_pkey on sbtest8  (cost=0.43..8.45 rows=1 width=121)
	  Index Cond: (id = 1255934)

for index_updates
table 1 : explain UPDATE sbtest1 SET k=k+1 WHERE id=7184092
	Update on sbtest1  (cost=0.43..8.46 rows=0 width=0)
	  ->  Index Scan using sbtest1_pkey on sbtest1  (cost=0.43..8.46 rows=1 width=10)
	        Index Cond: (id = 7184092)

table 2 : explain UPDATE sbtest2 SET k=k+1 WHERE id=2513686
	Update on sbtest2  (cost=0.43..8.46 rows=0 width=0)
	  ->  Index Scan using sbtest2_pkey on sbtest2  (cost=0.43..8.46 rows=1 width=10)
	        Index Cond: (id = 2513686)

table 3 : explain UPDATE sbtest3 SET k=k+1 WHERE id=6254639
	Update on sbtest3  (cost=0.43..8.46 rows=0 width=0)
	  ->  Index Scan using sbtest3_pkey on sbtest3  (cost=0.43..8.46 rows=1 width=10)
	        Index Cond: (id = 6254639)

table 4 : explain UPDATE sbtest4 SET k=k+1 WHERE id=8772291
	Update on sbtest4  (cost=0.43..8.46 rows=0 width=0)
	  ->  Index Scan using sbtest4_pkey on sbtest4  (cost=0.43..8.46 rows=1 width=10)
	        Index Cond: (id = 8772291)

table 5 : explain UPDATE sbtest5 SET k=k+1 WHERE id=5005583
	Update on sbtest5  (cost=0.43..8.46 rows=0 width=0)
	  ->  Index Scan using sbtest5_pkey on sbtest5  (cost=0.43..8.46 rows=1 width=10)
	        Index Cond: (id = 5005583)

table 6 : explain UPDATE sbtest6 SET k=k+1 WHERE id=4615889
	Update on sbtest6  (cost=0.43..8.46 rows=0 width=0)
	  ->  Index Scan using sbtest6_pkey on sbtest6  (cost=0.43..8.46 rows=1 width=10)
	        Index Cond: (id = 4615889)

table 7 : explain UPDATE sbtest7 SET k=k+1 WHERE id=8235058
	Update on sbtest7  (cost=0.43..8.46 rows=0 width=0)
	  ->  Index Scan using sbtest7_pkey on sbtest7  (cost=0.43..8.46 rows=1 width=10)
	        Index Cond: (id = 8235058)

table 8 : explain UPDATE sbtest8 SET k=k+1 WHERE id=7658032
	Update on sbtest8  (cost=0.43..8.46 rows=0 width=0)
	  ->  Index Scan using sbtest8_pkey on sbtest8  (cost=0.43..8.46 rows=1 width=10)
	        Index Cond: (id = 7658032)

for: sum_ranges
table 1 : explain SELECT SUM(k) FROM sbtest1 WHERE id BETWEEN 7731068 AND 7731077
	Aggregate  (cost=38.98..38.99 rows=1 width=8)
	  ->  Index Scan using sbtest1_pkey on sbtest1  (cost=0.43..38.95 rows=10 width=4)
	        Index Cond: ((id >= 7731068) AND (id <= 7731077))

table 2 : explain SELECT SUM(k) FROM sbtest2 WHERE id BETWEEN 8803342 AND 8803351
	Aggregate  (cost=35.78..35.79 rows=1 width=8)
	  ->  Index Scan using sbtest2_pkey on sbtest2  (cost=0.43..35.76 rows=9 width=4)
	        Index Cond: ((id >= 8803342) AND (id <= 8803351))

table 3 : explain SELECT SUM(k) FROM sbtest3 WHERE id BETWEEN 4131855 AND 4131864
	Aggregate  (cost=39.29..39.30 rows=1 width=8)
	  ->  Index Scan using sbtest3_pkey on sbtest3  (cost=0.43..39.26 rows=10 width=4)
	        Index Cond: ((id >= 4131855) AND (id <= 4131864))

table 4 : explain SELECT SUM(k) FROM sbtest4 WHERE id BETWEEN 57972 AND 57981
	Aggregate  (cost=35.34..35.35 rows=1 width=8)
	  ->  Index Scan using sbtest4_pkey on sbtest4  (cost=0.43..35.32 rows=9 width=4)
	        Index Cond: ((id >= 57972) AND (id <= 57981))

table 5 : explain SELECT SUM(k) FROM sbtest5 WHERE id BETWEEN 4552953 AND 4552962
	Aggregate  (cost=35.82..35.83 rows=1 width=8)
	  ->  Index Scan using sbtest5_pkey on sbtest5  (cost=0.43..35.80 rows=9 width=4)
	        Index Cond: ((id >= 4552953) AND (id <= 4552962))

table 6 : explain SELECT SUM(k) FROM sbtest6 WHERE id BETWEEN 886244 AND 886253
	Aggregate  (cost=35.95..35.96 rows=1 width=8)
	  ->  Index Scan using sbtest6_pkey on sbtest6  (cost=0.43..35.93 rows=9 width=4)
	        Index Cond: ((id >= 886244) AND (id <= 886253))

table 7 : explain SELECT SUM(k) FROM sbtest7 WHERE id BETWEEN 1340228 AND 1340237
	Aggregate  (cost=39.28..39.29 rows=1 width=8)
	  ->  Index Scan using sbtest7_pkey on sbtest7  (cost=0.43..39.25 rows=10 width=4)
	        Index Cond: ((id >= 1340228) AND (id <= 1340237))

table 8 : explain SELECT SUM(k) FROM sbtest8 WHERE id BETWEEN 8968841 AND 8968850
	Aggregate  (cost=35.25..35.26 rows=1 width=8)
	  ->  Index Scan using sbtest8_pkey on sbtest8  (cost=0.43..35.22 rows=9 width=4)
	        Index Cond: ((id >= 8968841) AND (id <= 8968850))

for: distinct_ranges
table 1 : explain SELECT DISTINCT c FROM sbtest1 WHERE id BETWEEN 5931064 AND 5931073 ORDER BY c
	Unique  (cost=39.12..39.17 rows=10 width=121)
	  ->  Sort  (cost=39.12..39.14 rows=10 width=121)
	        Sort Key: c
	        ->  Index Scan using sbtest1_pkey on sbtest1  (cost=0.43..38.95 rows=10 width=121)
	              Index Cond: ((id >= 5931064) AND (id <= 5931073))

table 2 : explain SELECT DISTINCT c FROM sbtest2 WHERE id BETWEEN 364666 AND 364675 ORDER BY c
	Unique  (cost=39.34..39.39 rows=10 width=121)
	  ->  Sort  (cost=39.34..39.36 rows=10 width=121)
	        Sort Key: c
	        ->  Index Scan using sbtest2_pkey on sbtest2  (cost=0.43..39.17 rows=10 width=121)
	              Index Cond: ((id >= 364666) AND (id <= 364675))

table 3 : explain SELECT DISTINCT c FROM sbtest3 WHERE id BETWEEN 2531693 AND 2531702 ORDER BY c
	Unique  (cost=39.43..39.48 rows=10 width=121)
	  ->  Sort  (cost=39.43..39.46 rows=10 width=121)
	        Sort Key: c
	        ->  Index Scan using sbtest3_pkey on sbtest3  (cost=0.43..39.26 rows=10 width=121)
	              Index Cond: ((id >= 2531693) AND (id <= 2531702))

table 4 : explain SELECT DISTINCT c FROM sbtest4 WHERE id BETWEEN 8138408 AND 8138417 ORDER BY c
	Unique  (cost=38.85..38.90 rows=10 width=121)
	  ->  Sort  (cost=38.85..38.87 rows=10 width=121)
	        Sort Key: c
	        ->  Index Scan using sbtest4_pkey on sbtest4  (cost=0.43..38.68 rows=10 width=121)
	              Index Cond: ((id >= 8138408) AND (id <= 8138417))

table 5 : explain SELECT DISTINCT c FROM sbtest5 WHERE id BETWEEN 3833318 AND 3833327 ORDER BY c
	Unique  (cost=39.38..39.43 rows=10 width=121)
	  ->  Sort  (cost=39.38..39.41 rows=10 width=121)
	        Sort Key: c
	        ->  Index Scan using sbtest5_pkey on sbtest5  (cost=0.43..39.22 rows=10 width=121)
	              Index Cond: ((id >= 3833318) AND (id <= 3833327))

table 6 : explain SELECT DISTINCT c FROM sbtest6 WHERE id BETWEEN 2596524 AND 2596533 ORDER BY c
	Unique  (cost=39.53..39.58 rows=10 width=121)
	  ->  Sort  (cost=39.53..39.56 rows=10 width=121)
	        Sort Key: c
	        ->  Index Scan using sbtest6_pkey on sbtest6  (cost=0.43..39.36 rows=10 width=121)
	              Index Cond: ((id >= 2596524) AND (id <= 2596533))

table 7 : explain SELECT DISTINCT c FROM sbtest7 WHERE id BETWEEN 9198888 AND 9198897 ORDER BY c
	Unique  (cost=35.97..36.02 rows=9 width=121)
	  ->  Sort  (cost=35.97..36.00 rows=9 width=121)
	        Sort Key: c
	        ->  Index Scan using sbtest7_pkey on sbtest7  (cost=0.43..35.83 rows=9 width=121)
	              Index Cond: ((id >= 9198888) AND (id <= 9198897))

table 8 : explain SELECT DISTINCT c FROM sbtest8 WHERE id BETWEEN 3019828 AND 3019837 ORDER BY c
	Unique  (cost=38.74..38.79 rows=10 width=121)
	  ->  Sort  (cost=38.74..38.76 rows=10 width=121)
	        Sort Key: c
	        ->  Index Scan using sbtest8_pkey on sbtest8  (cost=0.43..38.57 rows=10 width=121)
	              Index Cond: ((id >= 3019828) AND (id <= 3019837))

explain: for deletes :: explain DELETE FROM sbtest%u WHERE id=%u
explain: for index_updates :: explain UPDATE sbtest%u SET k=k+1 WHERE id=%uexplain: for index_updates :: explain UPDATE sbtest%u SET k=k+1 WHERE id=%u

for non_index_updates
table 1 : explain UPDATE sbtest1 SET c='foobar' WHERE id=271326
	Update on sbtest1  (cost=0.43..8.45 rows=0 width=0)
	  ->  Index Scan using sbtest1_pkey on sbtest1  (cost=0.43..8.45 rows=1 width=490)
	        Index Cond: (id = 271326)

table 2 : explain UPDATE sbtest2 SET c='foobar' WHERE id=5956956
	Update on sbtest2  (cost=0.43..8.45 rows=0 width=0)
	  ->  Index Scan using sbtest2_pkey on sbtest2  (cost=0.43..8.45 rows=1 width=490)
	        Index Cond: (id = 5956956)

table 3 : explain UPDATE sbtest3 SET c='foobar' WHERE id=6837663
	Update on sbtest3  (cost=0.43..8.45 rows=0 width=0)
	  ->  Index Scan using sbtest3_pkey on sbtest3  (cost=0.43..8.45 rows=1 width=490)
	        Index Cond: (id = 6837663)

table 4 : explain UPDATE sbtest4 SET c='foobar' WHERE id=6626176
	Update on sbtest4  (cost=0.43..8.45 rows=0 width=0)
	  ->  Index Scan using sbtest4_pkey on sbtest4  (cost=0.43..8.45 rows=1 width=490)
	        Index Cond: (id = 6626176)

table 5 : explain UPDATE sbtest5 SET c='foobar' WHERE id=7826817
	Update on sbtest5  (cost=0.43..8.45 rows=0 width=0)
	  ->  Index Scan using sbtest5_pkey on sbtest5  (cost=0.43..8.45 rows=1 width=490)
	        Index Cond: (id = 7826817)

table 6 : explain UPDATE sbtest6 SET c='foobar' WHERE id=4569894
	Update on sbtest6  (cost=0.43..8.45 rows=0 width=0)
	  ->  Index Scan using sbtest6_pkey on sbtest6  (cost=0.43..8.45 rows=1 width=490)
	        Index Cond: (id = 4569894)

table 7 : explain UPDATE sbtest7 SET c='foobar' WHERE id=1559706
	Update on sbtest7  (cost=0.43..8.45 rows=0 width=0)
	  ->  Index Scan using sbtest7_pkey on sbtest7  (cost=0.43..8.45 rows=1 width=490)
	        Index Cond: (id = 1559706)

table 8 : explain UPDATE sbtest8 SET c='foobar' WHERE id=4792046
	Update on sbtest8  (cost=0.43..8.45 rows=0 width=0)
	  ->  Index Scan using sbtest8_pkey on sbtest8  (cost=0.43..8.45 rows=1 width=490)
	        Index Cond: (id = 4792046)

for: order_ranges
table 1 : explain SELECT c FROM sbtest1 WHERE id BETWEEN 3143048 AND 3143057 ORDER BY c
	Sort  (cost=39.12..39.14 rows=10 width=121)
	  Sort Key: c
	  ->  Index Scan using sbtest1_pkey on sbtest1  (cost=0.43..38.95 rows=10 width=121)
	        Index Cond: ((id >= 3143048) AND (id <= 3143057))

table 2 : explain SELECT c FROM sbtest2 WHERE id BETWEEN 5831989 AND 5831998 ORDER BY c
	Sort  (cost=42.77..42.80 rows=11 width=121)
	  Sort Key: c
	  ->  Index Scan using sbtest2_pkey on sbtest2  (cost=0.43..42.58 rows=11 width=121)
	        Index Cond: ((id >= 5831989) AND (id <= 5831998))

table 3 : explain SELECT c FROM sbtest3 WHERE id BETWEEN 6906593 AND 6906602 ORDER BY c
	Sort  (cost=42.88..42.91 rows=11 width=121)
	  Sort Key: c
	  ->  Index Scan using sbtest3_pkey on sbtest3  (cost=0.43..42.69 rows=11 width=121)
	        Index Cond: ((id >= 6906593) AND (id <= 6906602))

table 4 : explain SELECT c FROM sbtest4 WHERE id BETWEEN 9939854 AND 9939863 ORDER BY c
	Sort  (cost=38.85..38.87 rows=10 width=121)
	  Sort Key: c
	  ->  Index Scan using sbtest4_pkey on sbtest4  (cost=0.43..38.68 rows=10 width=121)
	        Index Cond: ((id >= 9939854) AND (id <= 9939863))

table 5 : explain SELECT c FROM sbtest5 WHERE id BETWEEN 1278831 AND 1278840 ORDER BY c
	Sort  (cost=39.38..39.41 rows=10 width=121)
	  Sort Key: c
	  ->  Index Scan using sbtest5_pkey on sbtest5  (cost=0.43..39.22 rows=10 width=121)
	        Index Cond: ((id >= 1278831) AND (id <= 1278840))

table 6 : explain SELECT c FROM sbtest6 WHERE id BETWEEN 3754186 AND 3754195 ORDER BY c
	Sort  (cost=36.07..36.10 rows=9 width=121)
	  Sort Key: c
	  ->  Index Scan using sbtest6_pkey on sbtest6  (cost=0.43..35.93 rows=9 width=121)
	        Index Cond: ((id >= 3754186) AND (id <= 3754195))

table 7 : explain SELECT c FROM sbtest7 WHERE id BETWEEN 1203888 AND 1203897 ORDER BY c
	Sort  (cost=39.42..39.45 rows=10 width=121)
	  Sort Key: c
	  ->  Index Scan using sbtest7_pkey on sbtest7  (cost=0.43..39.25 rows=10 width=121)
	        Index Cond: ((id >= 1203888) AND (id <= 1203897))

table 8 : explain SELECT c FROM sbtest8 WHERE id BETWEEN 1934699 AND 1934708 ORDER BY c
	Sort  (cost=38.74..38.76 rows=10 width=121)
	  Sort Key: c
	  ->  Index Scan using sbtest8_pkey on sbtest8  (cost=0.43..38.57 rows=10 width=121)
	        Index Cond: ((id >= 1934699) AND (id <= 1934708))

for point_selects
table 1 : explain SELECT c FROM sbtest1 WHERE id=2987268
	Index Scan using sbtest1_pkey on sbtest1  (cost=0.43..8.45 rows=1 width=121)
	  Index Cond: (id = 2987268)

table 2 : explain SELECT c FROM sbtest2 WHERE id=8713644
	Index Scan using sbtest2_pkey on sbtest2  (cost=0.43..8.45 rows=1 width=121)
	  Index Cond: (id = 8713644)

table 3 : explain SELECT c FROM sbtest3 WHERE id=3931978
	Index Scan using sbtest3_pkey on sbtest3  (cost=0.43..8.45 rows=1 width=121)
	  Index Cond: (id = 3931978)

table 4 : explain SELECT c FROM sbtest4 WHERE id=5334515
	Index Scan using sbtest4_pkey on sbtest4  (cost=0.43..8.45 rows=1 width=121)
	  Index Cond: (id = 5334515)

table 5 : explain SELECT c FROM sbtest5 WHERE id=4265248
	Index Scan using sbtest5_pkey on sbtest5  (cost=0.43..8.45 rows=1 width=121)
	  Index Cond: (id = 4265248)

table 6 : explain SELECT c FROM sbtest6 WHERE id=3386155
	Index Scan using sbtest6_pkey on sbtest6  (cost=0.43..8.45 rows=1 width=121)
	  Index Cond: (id = 3386155)

table 7 : explain SELECT c FROM sbtest7 WHERE id=9814619
	Index Scan using sbtest7_pkey on sbtest7  (cost=0.43..8.45 rows=1 width=121)
	  Index Cond: (id = 9814619)

table 8 : explain SELECT c FROM sbtest8 WHERE id=1435162
	Index Scan using sbtest8_pkey on sbtest8  (cost=0.43..8.45 rows=1 width=121)
	  Index Cond: (id = 1435162)

explain: for index_updates :: explain UPDATE sbtest%u SET k=k+1 WHERE id=%u
for index_updates
table 1 : explain UPDATE sbtest1 SET k=k+1 WHERE id=3831753
	Update on sbtest1  (cost=0.43..8.46 rows=0 width=0)
	  ->  Index Scan using sbtest1_pkey on sbtest1  (cost=0.43..8.46 rows=1 width=10)
	        Index Cond: (id = 3831753)

table 2 : explain UPDATE sbtest2 SET k=k+1 WHERE id=7084264
	Update on sbtest2  (cost=0.43..8.46 rows=0 width=0)
	  ->  Index Scan using sbtest2_pkey on sbtest2  (cost=0.43..8.46 rows=1 width=10)
	        Index Cond: (id = 7084264)

table 3 : explain UPDATE sbtest3 SET k=k+1 WHERE id=3815273
	Update on sbtest3  (cost=0.43..8.46 rows=0 width=0)
	  ->  Index Scan using sbtest3_pkey on sbtest3  (cost=0.43..8.46 rows=1 width=10)
	        Index Cond: (id = 3815273)

table 4 : explain UPDATE sbtest4 SET k=k+1 WHERE id=6414228
	Update on sbtest4  (cost=0.43..8.46 rows=0 width=0)
	  ->  Index Scan using sbtest4_pkey on sbtest4  (cost=0.43..8.46 rows=1 width=10)
	        Index Cond: (id = 6414228)

table 5 : explain UPDATE sbtest5 SET k=k+1 WHERE id=4974196
	Update on sbtest5  (cost=0.43..8.46 rows=0 width=0)
	  ->  Index Scan using sbtest5_pkey on sbtest5  (cost=0.43..8.46 rows=1 width=10)
	        Index Cond: (id = 4974196)

table 6 : explain UPDATE sbtest6 SET k=k+1 WHERE id=9019400
	Update on sbtest6  (cost=0.43..8.46 rows=0 width=0)
	  ->  Index Scan using sbtest6_pkey on sbtest6  (cost=0.43..8.46 rows=1 width=10)
	        Index Cond: (id = 9019400)

table 7 : explain UPDATE sbtest7 SET k=k+1 WHERE id=4485859
	Update on sbtest7  (cost=0.43..8.46 rows=0 width=0)
	  ->  Index Scan using sbtest7_pkey on sbtest7  (cost=0.43..8.46 rows=1 width=10)
	        Index Cond: (id = 4485859)

table 8 : explain UPDATE sbtest8 SET k=k+1 WHERE id=2725447
	Update on sbtest8  (cost=0.43..8.46 rows=0 width=0)
	  ->  Index Scan using sbtest8_pkey on sbtest8  (cost=0.43..8.46 rows=1 width=10)
	        Index Cond: (id = 2725447)

for: simple_ranges
table 1 : explain SELECT c FROM sbtest1 WHERE id BETWEEN 6860246 AND 6860255
	Index Scan using sbtest1_pkey on sbtest1  (cost=0.43..35.56 rows=9 width=121)
	  Index Cond: ((id >= 6860246) AND (id <= 6860255))

table 2 : explain SELECT c FROM sbtest2 WHERE id BETWEEN 1445943 AND 1445952
	Index Scan using sbtest2_pkey on sbtest2  (cost=0.43..39.17 rows=10 width=121)
	  Index Cond: ((id >= 1445943) AND (id <= 1445952))

table 3 : explain SELECT c FROM sbtest3 WHERE id BETWEEN 3672739 AND 3672748
	Index Scan using sbtest3_pkey on sbtest3  (cost=0.43..39.26 rows=10 width=121)
	  Index Cond: ((id >= 3672739) AND (id <= 3672748))

table 4 : explain SELECT c FROM sbtest4 WHERE id BETWEEN 7886489 AND 7886498
	Index Scan using sbtest4_pkey on sbtest4  (cost=0.43..38.68 rows=10 width=121)
	  Index Cond: ((id >= 7886489) AND (id <= 7886498))

table 5 : explain SELECT c FROM sbtest5 WHERE id BETWEEN 1531748 AND 1531757
	Index Scan using sbtest5_pkey on sbtest5  (cost=0.43..39.22 rows=10 width=121)
	  Index Cond: ((id >= 1531748) AND (id <= 1531757))

table 6 : explain SELECT c FROM sbtest6 WHERE id BETWEEN 9376974 AND 9376983
	Index Scan using sbtest6_pkey on sbtest6  (cost=0.43..39.36 rows=10 width=121)
	  Index Cond: ((id >= 9376974) AND (id <= 9376983))

table 7 : explain SELECT c FROM sbtest7 WHERE id BETWEEN 8320533 AND 8320542
	Index Scan using sbtest7_pkey on sbtest7  (cost=0.43..39.25 rows=10 width=121)
	  Index Cond: ((id >= 8320533) AND (id <= 8320542))

table 8 : explain SELECT c FROM sbtest8 WHERE id BETWEEN 7478879 AND 7478888
	Index Scan using sbtest8_pkey on sbtest8  (cost=0.43..41.92 rows=11 width=121)
	  Index Cond: ((id >= 7478879) AND (id <= 7478888))
for deletes
table 1 : explain DELETE FROM sbtest1 WHERE id=1395326
	Delete on sbtest1  (cost=0.43..8.45 rows=0 width=0)
	  ->  Index Scan using sbtest1_pkey on sbtest1  (cost=0.43..8.45 rows=1 width=6)
	        Index Cond: (id = 1395326)

table 2 : explain DELETE FROM sbtest2 WHERE id=2850958
	Delete on sbtest2  (cost=0.43..8.45 rows=0 width=0)
	  ->  Index Scan using sbtest2_pkey on sbtest2  (cost=0.43..8.45 rows=1 width=6)
	        Index Cond: (id = 2850958)

table 3 : explain DELETE FROM sbtest3 WHERE id=7754776
	Delete on sbtest3  (cost=0.43..8.45 rows=0 width=0)
	  ->  Index Scan using sbtest3_pkey on sbtest3  (cost=0.43..8.45 rows=1 width=6)
	        Index Cond: (id = 7754776)

table 4 : explain DELETE FROM sbtest4 WHERE id=4091173
	Delete on sbtest4  (cost=0.43..8.45 rows=0 width=0)
	  ->  Index Scan using sbtest4_pkey on sbtest4  (cost=0.43..8.45 rows=1 width=6)
	        Index Cond: (id = 4091173)

table 5 : explain DELETE FROM sbtest5 WHERE id=2026174
	Delete on sbtest5  (cost=0.43..8.45 rows=0 width=0)
	  ->  Index Scan using sbtest5_pkey on sbtest5  (cost=0.43..8.45 rows=1 width=6)
	        Index Cond: (id = 2026174)

table 6 : explain DELETE FROM sbtest6 WHERE id=6201376
	Delete on sbtest6  (cost=0.43..8.45 rows=0 width=0)
	  ->  Index Scan using sbtest6_pkey on sbtest6  (cost=0.43..8.45 rows=1 width=6)
	        Index Cond: (id = 6201376)

table 7 : explain DELETE FROM sbtest7 WHERE id=6232335
	Delete on sbtest7  (cost=0.43..8.45 rows=0 width=0)
	  ->  Index Scan using sbtest7_pkey on sbtest7  (cost=0.43..8.45 rows=1 width=6)
	        Index Cond: (id = 6232335)

table 8 : explain DELETE FROM sbtest8 WHERE id=533471
	Delete on sbtest8  (cost=0.43..8.45 rows=0 width=0)
	  ->  Index Scan using sbtest8_pkey on sbtest8  (cost=0.43..8.45 rows=1 width=6)
	        Index Cond: (id = 533471)


for non_index_updates
table 1 : explain UPDATE sbtest1 SET c='foobar' WHERE id=8458379
	Update on sbtest1  (cost=0.43..8.45 rows=0 width=0)
	  ->  Index Scan using sbtest1_pkey on sbtest1  (cost=0.43..8.45 rows=1 width=490)
	        Index Cond: (id = 8458379)

table 2 : explain UPDATE sbtest2 SET c='foobar' WHERE id=2720984
	Update on sbtest2  (cost=0.43..8.45 rows=0 width=0)
	  ->  Index Scan using sbtest2_pkey on sbtest2  (cost=0.43..8.45 rows=1 width=490)
	        Index Cond: (id = 2720984)

table 3 : explain UPDATE sbtest3 SET c='foobar' WHERE id=2556769
	Update on sbtest3  (cost=0.43..8.45 rows=0 width=0)
	  ->  Index Scan using sbtest3_pkey on sbtest3  (cost=0.43..8.45 rows=1 width=490)
	        Index Cond: (id = 2556769)

table 4 : explain UPDATE sbtest4 SET c='foobar' WHERE id=1447467
	Update on sbtest4  (cost=0.43..8.45 rows=0 width=0)
	  ->  Index Scan using sbtest4_pkey on sbtest4  (cost=0.43..8.45 rows=1 width=490)
	        Index Cond: (id = 1447467)

table 5 : explain UPDATE sbtest5 SET c='foobar' WHERE id=4394625
	Update on sbtest5  (cost=0.43..8.45 rows=0 width=0)
	  ->  Index Scan using sbtest5_pkey on sbtest5  (cost=0.43..8.45 rows=1 width=490)
	        Index Cond: (id = 4394625)

table 6 : explain UPDATE sbtest6 SET c='foobar' WHERE id=1038317
	Update on sbtest6  (cost=0.43..8.45 rows=0 width=0)
	  ->  Index Scan using sbtest6_pkey on sbtest6  (cost=0.43..8.45 rows=1 width=490)
	        Index Cond: (id = 1038317)

table 7 : explain UPDATE sbtest7 SET c='foobar' WHERE id=5918912
	Update on sbtest7  (cost=0.43..8.45 rows=0 width=0)
	  ->  Index Scan using sbtest7_pkey on sbtest7  (cost=0.43..8.45 rows=1 width=490)
	        Index Cond: (id = 5918912)

table 8 : explain UPDATE sbtest8 SET c='foobar' WHERE id=2670678
	Update on sbtest8  (cost=0.43..8.45 rows=0 width=0)
	  ->  Index Scan using sbtest8_pkey on sbtest8  (cost=0.43..8.45 rows=1 width=490)
	        Index Cond: (id = 2670678)

explain: for non_index_updates :: explain UPDATE sbtest%u SET c='foobar' WHERE id=%u
for: sum_ranges
table 1 : explain SELECT SUM(k) FROM sbtest1 WHERE id BETWEEN 9940412 AND 9940421
	Aggregate  (cost=42.37..42.38 rows=1 width=8)
	  ->  Index Scan using sbtest1_pkey on sbtest1  (cost=0.43..42.34 rows=11 width=4)
	        Index Cond: ((id >= 9940412) AND (id <= 9940421))

table 2 : explain SELECT SUM(k) FROM sbtest2 WHERE id BETWEEN 1196409 AND 1196418
	Aggregate  (cost=39.20..39.21 rows=1 width=8)
	  ->  Index Scan using sbtest2_pkey on sbtest2  (cost=0.43..39.17 rows=10 width=4)
	        Index Cond: ((id >= 1196409) AND (id <= 1196418))

table 3 : explain SELECT SUM(k) FROM sbtest3 WHERE id BETWEEN 9451567 AND 9451576
	Aggregate  (cost=35.86..35.87 rows=1 width=8)
	  ->  Index Scan using sbtest3_pkey on sbtest3  (cost=0.43..35.84 rows=9 width=4)
	        Index Cond: ((id >= 9451567) AND (id <= 9451576))

table 4 : explain SELECT SUM(k) FROM sbtest4 WHERE id BETWEEN 2133004 AND 2133013
	Aggregate  (cost=38.70..38.71 rows=1 width=8)
	  ->  Index Scan using sbtest4_pkey on sbtest4  (cost=0.43..38.68 rows=10 width=4)
	        Index Cond: ((id >= 2133004) AND (id <= 2133013))

table 5 : explain SELECT SUM(k) FROM sbtest5 WHERE id BETWEEN 2404618 AND 2404627
	Aggregate  (cost=35.82..35.83 rows=1 width=8)
	  ->  Index Scan using sbtest5_pkey on sbtest5  (cost=0.43..35.80 rows=9 width=4)
	        Index Cond: ((id >= 2404618) AND (id <= 2404627))

table 6 : explain SELECT SUM(k) FROM sbtest6 WHERE id BETWEEN 9892783 AND 9892792
	Aggregate  (cost=35.95..35.96 rows=1 width=8)
	  ->  Index Scan using sbtest6_pkey on sbtest6  (cost=0.43..35.93 rows=9 width=4)
	        Index Cond: ((id >= 9892783) AND (id <= 9892792))

table 7 : explain SELECT SUM(k) FROM sbtest7 WHERE id BETWEEN 6735305 AND 6735314
	Aggregate  (cost=39.28..39.29 rows=1 width=8)
	  ->  Index Scan using sbtest7_pkey on sbtest7  (cost=0.43..39.25 rows=10 width=4)
	        Index Cond: ((id >= 6735305) AND (id <= 6735314))

table 8 : explain SELECT SUM(k) FROM sbtest8 WHERE id BETWEEN 4904764 AND 4904773
	Aggregate  (cost=41.94..41.95 rows=1 width=8)
	  ->  Index Scan using sbtest8_pkey on sbtest8  (cost=0.43..41.92 rows=11 width=4)
	        Index Cond: ((id >= 4904764) AND (id <= 4904773))

for: simple_ranges
table 1 : explain SELECT c FROM sbtest1 WHERE id BETWEEN 3171253 AND 3171262
	Index Scan using sbtest1_pkey on sbtest1  (cost=0.43..38.95 rows=10 width=121)
	  Index Cond: ((id >= 3171253) AND (id <= 3171262))

table 2 : explain SELECT c FROM sbtest2 WHERE id BETWEEN 6085024 AND 6085033
	Index Scan using sbtest2_pkey on sbtest2  (cost=0.43..35.76 rows=9 width=121)
	  Index Cond: ((id >= 6085024) AND (id <= 6085033))

table 3 : explain SELECT c FROM sbtest3 WHERE id BETWEEN 1265588 AND 1265597
	Index Scan using sbtest3_pkey on sbtest3  (cost=0.43..39.26 rows=10 width=121)
	  Index Cond: ((id >= 1265588) AND (id <= 1265597))

table 4 : explain SELECT c FROM sbtest4 WHERE id BETWEEN 3594715 AND 3594724
	Index Scan using sbtest4_pkey on sbtest4  (cost=0.43..38.68 rows=10 width=121)
	  Index Cond: ((id >= 3594715) AND (id <= 3594724))

table 5 : explain SELECT c FROM sbtest5 WHERE id BETWEEN 1376437 AND 1376446
	Index Scan using sbtest5_pkey on sbtest5  (cost=0.43..39.22 rows=10 width=121)
	  Index Cond: ((id >= 1376437) AND (id <= 1376446))

table 6 : explain SELECT c FROM sbtest6 WHERE id BETWEEN 582493 AND 582502
	Index Scan using sbtest6_pkey on sbtest6  (cost=0.43..39.36 rows=10 width=121)
	  Index Cond: ((id >= 582493) AND (id <= 582502))

table 7 : explain SELECT c FROM sbtest7 WHERE id BETWEEN 5695510 AND 5695519
	Index Scan using sbtest7_pkey on sbtest7  (cost=0.43..39.25 rows=10 width=121)
	  Index Cond: ((id >= 5695510) AND (id <= 5695519))

table 8 : explain SELECT c FROM sbtest8 WHERE id BETWEEN 2035786 AND 2035795
	Index Scan using sbtest8_pkey on sbtest8  (cost=0.43..35.22 rows=9 width=121)
	  Index Cond: ((id >= 2035786) AND (id <= 2035795))

for point_selects
table 1 : explain SELECT c FROM sbtest1 WHERE id=3210376
	Index Scan using sbtest1_pkey on sbtest1  (cost=0.43..8.45 rows=1 width=121)
	  Index Cond: (id = 3210376)

table 2 : explain SELECT c FROM sbtest2 WHERE id=9810187
	Index Scan using sbtest2_pkey on sbtest2  (cost=0.43..8.45 rows=1 width=121)
	  Index Cond: (id = 9810187)

table 3 : explain SELECT c FROM sbtest3 WHERE id=1833375
	Index Scan using sbtest3_pkey on sbtest3  (cost=0.43..8.45 rows=1 width=121)
	  Index Cond: (id = 1833375)

table 4 : explain SELECT c FROM sbtest4 WHERE id=1864388
	Index Scan using sbtest4_pkey on sbtest4  (cost=0.43..8.45 rows=1 width=121)
	  Index Cond: (id = 1864388)

table 5 : explain SELECT c FROM sbtest5 WHERE id=5974526
	Index Scan using sbtest5_pkey on sbtest5  (cost=0.43..8.45 rows=1 width=121)
	  Index Cond: (id = 5974526)

table 6 : explain SELECT c FROM sbtest6 WHERE id=6737141
	Index Scan using sbtest6_pkey on sbtest6  (cost=0.43..8.45 rows=1 width=121)
	  Index Cond: (id = 6737141)

table 7 : explain SELECT c FROM sbtest7 WHERE id=1711440
	Index Scan using sbtest7_pkey on sbtest7  (cost=0.43..8.45 rows=1 width=121)
	  Index Cond: (id = 1711440)

table 8 : explain SELECT c FROM sbtest8 WHERE id=5943882
	Index Scan using sbtest8_pkey on sbtest8  (cost=0.43..8.45 rows=1 width=121)
	  Index Cond: (id = 5943882)

explain: for deletes :: explain DELETE FROM sbtest%u WHERE id=%u
explain: for inserts :: explain INSERT INTO sbtest%u (id, k, c, pad) VALUES (%u, 13, 'foobar', 'foobar')
for index_updates
table 1 : explain UPDATE sbtest1 SET k=k+1 WHERE id=989980
	Update on sbtest1  (cost=0.43..8.46 rows=0 width=0)
	  ->  Index Scan using sbtest1_pkey on sbtest1  (cost=0.43..8.46 rows=1 width=10)
	        Index Cond: (id = 989980)

table 2 : explain UPDATE sbtest2 SET k=k+1 WHERE id=9399380
	Update on sbtest2  (cost=0.43..8.46 rows=0 width=0)
	  ->  Index Scan using sbtest2_pkey on sbtest2  (cost=0.43..8.46 rows=1 width=10)
	        Index Cond: (id = 9399380)

table 3 : explain UPDATE sbtest3 SET k=k+1 WHERE id=6726226
	Update on sbtest3  (cost=0.43..8.46 rows=0 width=0)
	  ->  Index Scan using sbtest3_pkey on sbtest3  (cost=0.43..8.46 rows=1 width=10)
	        Index Cond: (id = 6726226)

table 4 : explain UPDATE sbtest4 SET k=k+1 WHERE id=4925593
	Update on sbtest4  (cost=0.43..8.46 rows=0 width=0)
	  ->  Index Scan using sbtest4_pkey on sbtest4  (cost=0.43..8.46 rows=1 width=10)
	        Index Cond: (id = 4925593)

table 5 : explain UPDATE sbtest5 SET k=k+1 WHERE id=1809327
	Update on sbtest5  (cost=0.43..8.46 rows=0 width=0)
	  ->  Index Scan using sbtest5_pkey on sbtest5  (cost=0.43..8.46 rows=1 width=10)
	        Index Cond: (id = 1809327)

table 6 : explain UPDATE sbtest6 SET k=k+1 WHERE id=4991310
	Update on sbtest6  (cost=0.43..8.46 rows=0 width=0)
	  ->  Index Scan using sbtest6_pkey on sbtest6  (cost=0.43..8.46 rows=1 width=10)
	        Index Cond: (id = 4991310)

table 7 : explain UPDATE sbtest7 SET k=k+1 WHERE id=6808022
	Update on sbtest7  (cost=0.43..8.46 rows=0 width=0)
	  ->  Index Scan using sbtest7_pkey on sbtest7  (cost=0.43..8.46 rows=1 width=10)
	        Index Cond: (id = 6808022)

table 8 : explain UPDATE sbtest8 SET k=k+1 WHERE id=9593056
	Update on sbtest8  (cost=0.43..8.46 rows=0 width=0)
	  ->  Index Scan using sbtest8_pkey on sbtest8  (cost=0.43..8.46 rows=1 width=10)
	        Index Cond: (id = 9593056)

for: order_ranges
table 1 : explain SELECT c FROM sbtest1 WHERE id BETWEEN 6424223 AND 6424232 ORDER BY c
	Sort  (cost=39.12..39.14 rows=10 width=121)
	  Sort Key: c
	  ->  Index Scan using sbtest1_pkey on sbtest1  (cost=0.43..38.95 rows=10 width=121)
	        Index Cond: ((id >= 6424223) AND (id <= 6424232))

table 2 : explain SELECT c FROM sbtest2 WHERE id BETWEEN 2974827 AND 2974836 ORDER BY c
	Sort  (cost=35.90..35.92 rows=9 width=121)
	  Sort Key: c
	  ->  Index Scan using sbtest2_pkey on sbtest2  (cost=0.43..35.76 rows=9 width=121)
	        Index Cond: ((id >= 2974827) AND (id <= 2974836))

table 3 : explain SELECT c FROM sbtest3 WHERE id BETWEEN 2093501 AND 2093510 ORDER BY c
	Sort  (cost=39.43..39.46 rows=10 width=121)
	  Sort Key: c
	  ->  Index Scan using sbtest3_pkey on sbtest3  (cost=0.43..39.26 rows=10 width=121)
	        Index Cond: ((id >= 2093501) AND (id <= 2093510))

table 4 : explain SELECT c FROM sbtest4 WHERE id BETWEEN 5356476 AND 5356485 ORDER BY c
	Sort  (cost=38.85..38.87 rows=10 width=121)
	  Sort Key: c
	  ->  Index Scan using sbtest4_pkey on sbtest4  (cost=0.43..38.68 rows=10 width=121)
	        Index Cond: ((id >= 5356476) AND (id <= 5356485))

table 5 : explain SELECT c FROM sbtest5 WHERE id BETWEEN 5065020 AND 5065029 ORDER BY c
	Sort  (cost=39.38..39.41 rows=10 width=121)
	  Sort Key: c
	  ->  Index Scan using sbtest5_pkey on sbtest5  (cost=0.43..39.22 rows=10 width=121)
	        Index Cond: ((id >= 5065020) AND (id <= 5065029))

table 6 : explain SELECT c FROM sbtest6 WHERE id BETWEEN 2188768 AND 2188777 ORDER BY c
	Sort  (cost=39.53..39.56 rows=10 width=121)
	  Sort Key: c
	  ->  Index Scan using sbtest6_pkey on sbtest6  (cost=0.43..39.36 rows=10 width=121)
	        Index Cond: ((id >= 2188768) AND (id <= 2188777))

table 7 : explain SELECT c FROM sbtest7 WHERE id BETWEEN 9719657 AND 9719666 ORDER BY c
	Sort  (cost=35.97..36.00 rows=9 width=121)
	  Sort Key: c
	  ->  Index Scan using sbtest7_pkey on sbtest7  (cost=0.43..35.83 rows=9 width=121)
	        Index Cond: ((id >= 9719657) AND (id <= 9719666))

table 8 : explain SELECT c FROM sbtest8 WHERE id BETWEEN 519660 AND 519669 ORDER BY c
	Sort  (cost=38.74..38.76 rows=10 width=121)
	  Sort Key: c
	  ->  Index Scan using sbtest8_pkey on sbtest8  (cost=0.43..38.57 rows=10 width=121)
	        Index Cond: ((id >= 519660) AND (id <= 519669))

explain: for non_index_updates :: explain UPDATE sbtest%u SET c='foobar' WHERE id=%u
explain: for deletes :: explain DELETE FROM sbtest%u WHERE id=%u
explain: for point_selects :: explain SELECT c FROM sbtest%u WHERE id=%u
for index_updates
table 1 : explain UPDATE sbtest1 SET k=k+1 WHERE id=7208896
	Update on sbtest1  (cost=0.43..8.46 rows=0 width=0)
	  ->  Index Scan using sbtest1_pkey on sbtest1  (cost=0.43..8.46 rows=1 width=10)
	        Index Cond: (id = 7208896)

table 2 : explain UPDATE sbtest2 SET k=k+1 WHERE id=4972954
	Update on sbtest2  (cost=0.43..8.46 rows=0 width=0)
	  ->  Index Scan using sbtest2_pkey on sbtest2  (cost=0.43..8.46 rows=1 width=10)
	        Index Cond: (id = 4972954)

table 3 : explain UPDATE sbtest3 SET k=k+1 WHERE id=8088700
	Update on sbtest3  (cost=0.43..8.46 rows=0 width=0)
	  ->  Index Scan using sbtest3_pkey on sbtest3  (cost=0.43..8.46 rows=1 width=10)
	        Index Cond: (id = 8088700)

table 4 : explain UPDATE sbtest4 SET k=k+1 WHERE id=3869231
	Update on sbtest4  (cost=0.43..8.46 rows=0 width=0)
	  ->  Index Scan using sbtest4_pkey on sbtest4  (cost=0.43..8.46 rows=1 width=10)
	        Index Cond: (id = 3869231)

table 5 : explain UPDATE sbtest5 SET k=k+1 WHERE id=6088271
	Update on sbtest5  (cost=0.43..8.46 rows=0 width=0)
	  ->  Index Scan using sbtest5_pkey on sbtest5  (cost=0.43..8.46 rows=1 width=10)
	        Index Cond: (id = 6088271)

table 6 : explain UPDATE sbtest6 SET k=k+1 WHERE id=827500
	Update on sbtest6  (cost=0.43..8.46 rows=0 width=0)
	  ->  Index Scan using sbtest6_pkey on sbtest6  (cost=0.43..8.46 rows=1 width=10)
	        Index Cond: (id = 827500)

table 7 : explain UPDATE sbtest7 SET k=k+1 WHERE id=5658215
	Update on sbtest7  (cost=0.43..8.46 rows=0 width=0)
	  ->  Index Scan using sbtest7_pkey on sbtest7  (cost=0.43..8.46 rows=1 width=10)
	        Index Cond: (id = 5658215)

table 8 : explain UPDATE sbtest8 SET k=k+1 WHERE id=8677415
	Update on sbtest8  (cost=0.43..8.46 rows=0 width=0)
	  ->  Index Scan using sbtest8_pkey on sbtest8  (cost=0.43..8.46 rows=1 width=10)
	        Index Cond: (id = 8677415)

for: simple_ranges
table 1 : explain SELECT c FROM sbtest1 WHERE id BETWEEN 4605381 AND 4605390
	Index Scan using sbtest1_pkey on sbtest1  (cost=0.43..35.56 rows=9 width=121)
	  Index Cond: ((id >= 4605381) AND (id <= 4605390))

table 2 : explain SELECT c FROM sbtest2 WHERE id BETWEEN 4319529 AND 4319538
	Index Scan using sbtest2_pkey on sbtest2  (cost=0.43..39.17 rows=10 width=121)
	  Index Cond: ((id >= 4319529) AND (id <= 4319538))

table 3 : explain SELECT c FROM sbtest3 WHERE id BETWEEN 4666207 AND 4666216
	Index Scan using sbtest3_pkey on sbtest3  (cost=0.43..39.26 rows=10 width=121)
	  Index Cond: ((id >= 4666207) AND (id <= 4666216))

table 4 : explain SELECT c FROM sbtest4 WHERE id BETWEEN 2304327 AND 2304336
	Index Scan using sbtest4_pkey on sbtest4  (cost=0.43..35.32 rows=9 width=121)
	  Index Cond: ((id >= 2304327) AND (id <= 2304336))

table 5 : explain SELECT c FROM sbtest5 WHERE id BETWEEN 3232530 AND 3232539
	Index Scan using sbtest5_pkey on sbtest5  (cost=0.43..39.22 rows=10 width=121)
	  Index Cond: ((id >= 3232530) AND (id <= 3232539))

table 6 : explain SELECT c FROM sbtest6 WHERE id BETWEEN 7100504 AND 7100513
	Index Scan using sbtest6_pkey on sbtest6  (cost=0.43..39.36 rows=10 width=121)
	  Index Cond: ((id >= 7100504) AND (id <= 7100513))

table 7 : explain SELECT c FROM sbtest7 WHERE id BETWEEN 148253 AND 148262
	Index Scan using sbtest7_pkey on sbtest7  (cost=0.43..39.25 rows=10 width=121)
	  Index Cond: ((id >= 148253) AND (id <= 148262))

table 8 : explain SELECT c FROM sbtest8 WHERE id BETWEEN 6422621 AND 6422630
	Index Scan using sbtest8_pkey on sbtest8  (cost=0.43..35.22 rows=9 width=121)
	  Index Cond: ((id >= 6422621) AND (id <= 6422630))

explain: for non_index_updates :: explain UPDATE sbtest%u SET c='foobar' WHERE id=%u
for index_updates
table 1 : explain UPDATE sbtest1 SET k=k+1 WHERE id=186011
	Update on sbtest1  (cost=0.43..8.46 rows=0 width=0)
	  ->  Index Scan using sbtest1_pkey on sbtest1  (cost=0.43..8.46 rows=1 width=10)
	        Index Cond: (id = 186011)

table 2 : explain UPDATE sbtest2 SET k=k+1 WHERE id=9898976
	Update on sbtest2  (cost=0.43..8.46 rows=0 width=0)
	  ->  Index Scan using sbtest2_pkey on sbtest2  (cost=0.43..8.46 rows=1 width=10)
	        Index Cond: (id = 9898976)

table 3 : explain UPDATE sbtest3 SET k=k+1 WHERE id=1711003
	Update on sbtest3  (cost=0.43..8.46 rows=0 width=0)
	  ->  Index Scan using sbtest3_pkey on sbtest3  (cost=0.43..8.46 rows=1 width=10)
	        Index Cond: (id = 1711003)

table 4 : explain UPDATE sbtest4 SET k=k+1 WHERE id=6635867
	Update on sbtest4  (cost=0.43..8.46 rows=0 width=0)
	  ->  Index Scan using sbtest4_pkey on sbtest4  (cost=0.43..8.46 rows=1 width=10)
	        Index Cond: (id = 6635867)

table 5 : explain UPDATE sbtest5 SET k=k+1 WHERE id=3455054
	Update on sbtest5  (cost=0.43..8.46 rows=0 width=0)
	  ->  Index Scan using sbtest5_pkey on sbtest5  (cost=0.43..8.46 rows=1 width=10)
	        Index Cond: (id = 3455054)

table 6 : explain UPDATE sbtest6 SET k=k+1 WHERE id=2761457
	Update on sbtest6  (cost=0.43..8.46 rows=0 width=0)
	  ->  Index Scan using sbtest6_pkey on sbtest6  (cost=0.43..8.46 rows=1 width=10)
	        Index Cond: (id = 2761457)

table 7 : explain UPDATE sbtest7 SET k=k+1 WHERE id=2782547
	Update on sbtest7  (cost=0.43..8.46 rows=0 width=0)
	  ->  Index Scan using sbtest7_pkey on sbtest7  (cost=0.43..8.46 rows=1 width=10)
	        Index Cond: (id = 2782547)

table 8 : explain UPDATE sbtest8 SET k=k+1 WHERE id=5064702
	Update on sbtest8  (cost=0.43..8.46 rows=0 width=0)
	  ->  Index Scan using sbtest8_pkey on sbtest8  (cost=0.43..8.46 rows=1 width=10)
	        Index Cond: (id = 5064702)

for non_index_updates
table 1 : explain UPDATE sbtest1 SET c='foobar' WHERE id=7744347
	Update on sbtest1  (cost=0.43..8.45 rows=0 width=0)
	  ->  Index Scan using sbtest1_pkey on sbtest1  (cost=0.43..8.45 rows=1 width=490)
	        Index Cond: (id = 7744347)

table 2 : explain UPDATE sbtest2 SET c='foobar' WHERE id=2389440
	Update on sbtest2  (cost=0.43..8.45 rows=0 width=0)
	  ->  Index Scan using sbtest2_pkey on sbtest2  (cost=0.43..8.45 rows=1 width=490)
	        Index Cond: (id = 2389440)

table 3 : explain UPDATE sbtest3 SET c='foobar' WHERE id=7272195
	Update on sbtest3  (cost=0.43..8.45 rows=0 width=0)
	  ->  Index Scan using sbtest3_pkey on sbtest3  (cost=0.43..8.45 rows=1 width=490)
	        Index Cond: (id = 7272195)

table 4 : explain UPDATE sbtest4 SET c='foobar' WHERE id=8024988
	Update on sbtest4  (cost=0.43..8.45 rows=0 width=0)
	  ->  Index Scan using sbtest4_pkey on sbtest4  (cost=0.43..8.45 rows=1 width=490)
	        Index Cond: (id = 8024988)

table 5 : explain UPDATE sbtest5 SET c='foobar' WHERE id=8004710
	Update on sbtest5  (cost=0.43..8.45 rows=0 width=0)
	  ->  Index Scan using sbtest5_pkey on sbtest5  (cost=0.43..8.45 rows=1 width=490)
	        Index Cond: (id = 8004710)

table 6 : explain UPDATE sbtest6 SET c='foobar' WHERE id=5739993
	Update on sbtest6  (cost=0.43..8.45 rows=0 width=0)
	  ->  Index Scan using sbtest6_pkey on sbtest6  (cost=0.43..8.45 rows=1 width=490)
	        Index Cond: (id = 5739993)

table 7 : explain UPDATE sbtest7 SET c='foobar' WHERE id=6063094
	Update on sbtest7  (cost=0.43..8.45 rows=0 width=0)
	  ->  Index Scan using sbtest7_pkey on sbtest7  (cost=0.43..8.45 rows=1 width=490)
	        Index Cond: (id = 6063094)

table 8 : explain UPDATE sbtest8 SET c='foobar' WHERE id=2880218
	Update on sbtest8  (cost=0.43..8.45 rows=0 width=0)
	  ->  Index Scan using sbtest8_pkey on sbtest8  (cost=0.43..8.45 rows=1 width=490)
	        Index Cond: (id = 2880218)

explain: for point_selects :: explain SELECT c FROM sbtest%u WHERE id=%u
for: simple_ranges
table 1 : explain SELECT c FROM sbtest1 WHERE id BETWEEN 4171560 AND 4171569
	Index Scan using sbtest1_pkey on sbtest1  (cost=0.43..35.56 rows=9 width=121)
	  Index Cond: ((id >= 4171560) AND (id <= 4171569))

table 2 : explain SELECT c FROM sbtest2 WHERE id BETWEEN 3202722 AND 3202731
	Index Scan using sbtest2_pkey on sbtest2  (cost=0.43..42.58 rows=11 width=121)
	  Index Cond: ((id >= 3202722) AND (id <= 3202731))

table 3 : explain SELECT c FROM sbtest3 WHERE id BETWEEN 5752360 AND 5752369
	Index Scan using sbtest3_pkey on sbtest3  (cost=0.43..39.26 rows=10 width=121)
	  Index Cond: ((id >= 5752360) AND (id <= 5752369))

table 4 : explain SELECT c FROM sbtest4 WHERE id BETWEEN 895448 AND 895457
	Index Scan using sbtest4_pkey on sbtest4  (cost=0.43..42.04 rows=11 width=121)
	  Index Cond: ((id >= 895448) AND (id <= 895457))

table 5 : explain SELECT c FROM sbtest5 WHERE id BETWEEN 9371154 AND 9371163
	Index Scan using sbtest5_pkey on sbtest5  (cost=0.43..39.22 rows=10 width=121)
	  Index Cond: ((id >= 9371154) AND (id <= 9371163))

table 6 : explain SELECT c FROM sbtest6 WHERE id BETWEEN 7399041 AND 7399050
	Index Scan using sbtest6_pkey on sbtest6  (cost=0.43..39.36 rows=10 width=121)
	  Index Cond: ((id >= 7399041) AND (id <= 7399050))

table 7 : explain SELECT c FROM sbtest7 WHERE id BETWEEN 9616475 AND 9616484
	Index Scan using sbtest7_pkey on sbtest7  (cost=0.43..39.25 rows=10 width=121)
	  Index Cond: ((id >= 9616475) AND (id <= 9616484))

table 8 : explain SELECT c FROM sbtest8 WHERE id BETWEEN 6243314 AND 6243323
	Index Scan using sbtest8_pkey on sbtest8  (cost=0.43..38.57 rows=10 width=121)
	  Index Cond: ((id >= 6243314) AND (id <= 6243323))

for: simple_ranges
table 1 : explain SELECT c FROM sbtest1 WHERE id BETWEEN 4915812 AND 4915821
	Index Scan using sbtest1_pkey on sbtest1  (cost=0.43..42.34 rows=11 width=121)
	  Index Cond: ((id >= 4915812) AND (id <= 4915821))

table 2 : explain SELECT c FROM sbtest2 WHERE id BETWEEN 9750762 AND 9750771
	Index Scan using sbtest2_pkey on sbtest2  (cost=0.43..39.17 rows=10 width=121)
	  Index Cond: ((id >= 9750762) AND (id <= 9750771))

table 3 : explain SELECT c FROM sbtest3 WHERE id BETWEEN 679698 AND 679707
	Index Scan using sbtest3_pkey on sbtest3  (cost=0.43..39.26 rows=10 width=121)
	  Index Cond: ((id >= 679698) AND (id <= 679707))

table 4 : explain SELECT c FROM sbtest4 WHERE id BETWEEN 3300741 AND 3300750
	Index Scan using sbtest4_pkey on sbtest4  (cost=0.43..38.68 rows=10 width=121)
	  Index Cond: ((id >= 3300741) AND (id <= 3300750))

table 5 : explain SELECT c FROM sbtest5 WHERE id BETWEEN 130853 AND 130862
	Index Scan using sbtest5_pkey on sbtest5  (cost=0.43..39.22 rows=10 width=121)
	  Index Cond: ((id >= 130853) AND (id <= 130862))

table 6 : explain SELECT c FROM sbtest6 WHERE id BETWEEN 8579114 AND 8579123
	Index Scan using sbtest6_pkey on sbtest6  (cost=0.43..35.93 rows=9 width=121)
	  Index Cond: ((id >= 8579114) AND (id <= 8579123))

table 7 : explain SELECT c FROM sbtest7 WHERE id BETWEEN 4761409 AND 4761418
	Index Scan using sbtest7_pkey on sbtest7  (cost=0.43..42.68 rows=11 width=121)
	  Index Cond: ((id >= 4761409) AND (id <= 4761418))

table 8 : explain SELECT c FROM sbtest8 WHERE id BETWEEN 3100915 AND 3100924
	Index Scan using sbtest8_pkey on sbtest8  (cost=0.43..35.22 rows=9 width=121)
	  Index Cond: ((id >= 3100915) AND (id <= 3100924))

for: order_ranges
table 1 : explain SELECT c FROM sbtest1 WHERE id BETWEEN 218011 AND 218020 ORDER BY c
	Sort  (cost=39.12..39.14 rows=10 width=121)
	  Sort Key: c
	  ->  Index Scan using sbtest1_pkey on sbtest1  (cost=0.43..38.95 rows=10 width=121)
	        Index Cond: ((id >= 218011) AND (id <= 218020))

table 2 : explain SELECT c FROM sbtest2 WHERE id BETWEEN 7812360 AND 7812369 ORDER BY c
	Sort  (cost=39.34..39.36 rows=10 width=121)
	  Sort Key: c
	  ->  Index Scan using sbtest2_pkey on sbtest2  (cost=0.43..39.17 rows=10 width=121)
	        Index Cond: ((id >= 7812360) AND (id <= 7812369))

table 3 : explain SELECT c FROM sbtest3 WHERE id BETWEEN 9666913 AND 9666922 ORDER BY c
	Sort  (cost=39.43..39.46 rows=10 width=121)
	  Sort Key: c
	  ->  Index Scan using sbtest3_pkey on sbtest3  (cost=0.43..39.26 rows=10 width=121)
	        Index Cond: ((id >= 9666913) AND (id <= 9666922))

table 4 : explain SELECT c FROM sbtest4 WHERE id BETWEEN 1424647 AND 1424656 ORDER BY c
	Sort  (cost=38.85..38.87 rows=10 width=121)
	  Sort Key: c
	  ->  Index Scan using sbtest4_pkey on sbtest4  (cost=0.43..38.68 rows=10 width=121)
	        Index Cond: ((id >= 1424647) AND (id <= 1424656))

table 5 : explain SELECT c FROM sbtest5 WHERE id BETWEEN 4494970 AND 4494979 ORDER BY c
	Sort  (cost=35.94..35.96 rows=9 width=121)
	  Sort Key: c
	  ->  Index Scan using sbtest5_pkey on sbtest5  (cost=0.43..35.80 rows=9 width=121)
	        Index Cond: ((id >= 4494970) AND (id <= 4494979))

table 6 : explain SELECT c FROM sbtest6 WHERE id BETWEEN 517694 AND 517703 ORDER BY c
	Sort  (cost=39.53..39.56 rows=10 width=121)
	  Sort Key: c
	  ->  Index Scan using sbtest6_pkey on sbtest6  (cost=0.43..39.36 rows=10 width=121)
	        Index Cond: ((id >= 517694) AND (id <= 517703))

table 7 : explain SELECT c FROM sbtest7 WHERE id BETWEEN 8467770 AND 8467779 ORDER BY c
	Sort  (cost=39.42..39.45 rows=10 width=121)
	  Sort Key: c
	  ->  Index Scan using sbtest7_pkey on sbtest7  (cost=0.43..39.25 rows=10 width=121)
	        Index Cond: ((id >= 8467770) AND (id <= 8467779))

table 8 : explain SELECT c FROM sbtest8 WHERE id BETWEEN 2970145 AND 2970154 ORDER BY c
	Sort  (cost=38.74..38.76 rows=10 width=121)
	  Sort Key: c
	  ->  Index Scan using sbtest8_pkey on sbtest8  (cost=0.43..38.57 rows=10 width=121)
	        Index Cond: ((id >= 2970145) AND (id <= 2970154))

explain: for deletes :: explain DELETE FROM sbtest%u WHERE id=%u
for non_index_updates
table 1 : explain UPDATE sbtest1 SET c='foobar' WHERE id=5097822
	Update on sbtest1  (cost=0.43..8.45 rows=0 width=0)
	  ->  Index Scan using sbtest1_pkey on sbtest1  (cost=0.43..8.45 rows=1 width=490)
	        Index Cond: (id = 5097822)

table 2 : explain UPDATE sbtest2 SET c='foobar' WHERE id=5940548
	Update on sbtest2  (cost=0.43..8.45 rows=0 width=0)
	  ->  Index Scan using sbtest2_pkey on sbtest2  (cost=0.43..8.45 rows=1 width=490)
	        Index Cond: (id = 5940548)

table 3 : explain UPDATE sbtest3 SET c='foobar' WHERE id=614442
	Update on sbtest3  (cost=0.43..8.45 rows=0 width=0)
	  ->  Index Scan using sbtest3_pkey on sbtest3  (cost=0.43..8.45 rows=1 width=490)
	        Index Cond: (id = 614442)

table 4 : explain UPDATE sbtest4 SET c='foobar' WHERE id=6754875
	Update on sbtest4  (cost=0.43..8.45 rows=0 width=0)
	  ->  Index Scan using sbtest4_pkey on sbtest4  (cost=0.43..8.45 rows=1 width=490)
	        Index Cond: (id = 6754875)

table 5 : explain UPDATE sbtest5 SET c='foobar' WHERE id=3769157
	Update on sbtest5  (cost=0.43..8.45 rows=0 width=0)
	  ->  Index Scan using sbtest5_pkey on sbtest5  (cost=0.43..8.45 rows=1 width=490)
	        Index Cond: (id = 3769157)

table 6 : explain UPDATE sbtest6 SET c='foobar' WHERE id=5864093
	Update on sbtest6  (cost=0.43..8.45 rows=0 width=0)
	  ->  Index Scan using sbtest6_pkey on sbtest6  (cost=0.43..8.45 rows=1 width=490)
	        Index Cond: (id = 5864093)

table 7 : explain UPDATE sbtest7 SET c='foobar' WHERE id=7747870
	Update on sbtest7  (cost=0.43..8.45 rows=0 width=0)
	  ->  Index Scan using sbtest7_pkey on sbtest7  (cost=0.43..8.45 rows=1 width=490)
	        Index Cond: (id = 7747870)

table 8 : explain UPDATE sbtest8 SET c='foobar' WHERE id=9289121
	Update on sbtest8  (cost=0.43..8.45 rows=0 width=0)
	  ->  Index Scan using sbtest8_pkey on sbtest8  (cost=0.43..8.45 rows=1 width=490)
	        Index Cond: (id = 9289121)

for: distinct_ranges
table 1 : explain SELECT DISTINCT c FROM sbtest1 WHERE id BETWEEN 8034874 AND 8034883 ORDER BY c
	Unique  (cost=42.53..42.59 rows=11 width=121)
	  ->  Sort  (cost=42.53..42.56 rows=11 width=121)
	        Sort Key: c
	        ->  Index Scan using sbtest1_pkey on sbtest1  (cost=0.43..42.34 rows=11 width=121)
	              Index Cond: ((id >= 8034874) AND (id <= 8034883))

table 2 : explain SELECT DISTINCT c FROM sbtest2 WHERE id BETWEEN 4567554 AND 4567563 ORDER BY c
	Unique  (cost=39.34..39.39 rows=10 width=121)
	  ->  Sort  (cost=39.34..39.36 rows=10 width=121)
	        Sort Key: c
	        ->  Index Scan using sbtest2_pkey on sbtest2  (cost=0.43..39.17 rows=10 width=121)
	              Index Cond: ((id >= 4567554) AND (id <= 4567563))

table 3 : explain SELECT DISTINCT c FROM sbtest3 WHERE id BETWEEN 7207416 AND 7207425 ORDER BY c
	Unique  (cost=39.43..39.48 rows=10 width=121)
	  ->  Sort  (cost=39.43..39.46 rows=10 width=121)
	        Sort Key: c
	        ->  Index Scan using sbtest3_pkey on sbtest3  (cost=0.43..39.26 rows=10 width=121)
	              Index Cond: ((id >= 7207416) AND (id <= 7207425))

table 4 : explain SELECT DISTINCT c FROM sbtest4 WHERE id BETWEEN 9047942 AND 9047951 ORDER BY c
	Unique  (cost=38.85..38.90 rows=10 width=121)
	  ->  Sort  (cost=38.85..38.87 rows=10 width=121)
	        Sort Key: c
	        ->  Index Scan using sbtest4_pkey on sbtest4  (cost=0.43..38.68 rows=10 width=121)
	              Index Cond: ((id >= 9047942) AND (id <= 9047951))

table 5 : explain SELECT DISTINCT c FROM sbtest5 WHERE id BETWEEN 8734556 AND 8734565 ORDER BY c
	Unique  (cost=39.38..39.43 rows=10 width=121)
	  ->  Sort  (cost=39.38..39.41 rows=10 width=121)
	        Sort Key: c
	        ->  Index Scan using sbtest5_pkey on sbtest5  (cost=0.43..39.22 rows=10 width=121)
	              Index Cond: ((id >= 8734556) AND (id <= 8734565))

table 6 : explain SELECT DISTINCT c FROM sbtest6 WHERE id BETWEEN 9170687 AND 9170696 ORDER BY c
	Unique  (cost=36.07..36.12 rows=9 width=121)
	  ->  Sort  (cost=36.07..36.10 rows=9 width=121)
	        Sort Key: c
	        ->  Index Scan using sbtest6_pkey on sbtest6  (cost=0.43..35.93 rows=9 width=121)
	              Index Cond: ((id >= 9170687) AND (id <= 9170696))

table 7 : explain SELECT DISTINCT c FROM sbtest7 WHERE id BETWEEN 4260953 AND 4260962 ORDER BY c
	Unique  (cost=39.42..39.47 rows=10 width=121)
	  ->  Sort  (cost=39.42..39.45 rows=10 width=121)
	        Sort Key: c
	        ->  Index Scan using sbtest7_pkey on sbtest7  (cost=0.43..39.25 rows=10 width=121)
	              Index Cond: ((id >= 4260953) AND (id <= 4260962))

table 8 : explain SELECT DISTINCT c FROM sbtest8 WHERE id BETWEEN 8956066 AND 8956075 ORDER BY c
	Unique  (cost=35.37..35.41 rows=9 width=121)
	  ->  Sort  (cost=35.37..35.39 rows=9 width=121)
	        Sort Key: c
	        ->  Index Scan using sbtest8_pkey on sbtest8  (cost=0.43..35.22 rows=9 width=121)
	              Index Cond: ((id >= 8956066) AND (id <= 8956075))

for deletes
table 1 : explain DELETE FROM sbtest1 WHERE id=4667215
	Delete on sbtest1  (cost=0.43..8.45 rows=0 width=0)
	  ->  Index Scan using sbtest1_pkey on sbtest1  (cost=0.43..8.45 rows=1 width=6)
	        Index Cond: (id = 4667215)

table 2 : explain DELETE FROM sbtest2 WHERE id=4135363
	Delete on sbtest2  (cost=0.43..8.45 rows=0 width=0)
	  ->  Index Scan using sbtest2_pkey on sbtest2  (cost=0.43..8.45 rows=1 width=6)
	        Index Cond: (id = 4135363)

table 3 : explain DELETE FROM sbtest3 WHERE id=2556299
	Delete on sbtest3  (cost=0.43..8.45 rows=0 width=0)
	  ->  Index Scan using sbtest3_pkey on sbtest3  (cost=0.43..8.45 rows=1 width=6)
	        Index Cond: (id = 2556299)

table 4 : explain DELETE FROM sbtest4 WHERE id=9361328
	Delete on sbtest4  (cost=0.43..8.45 rows=0 width=0)
	  ->  Index Scan using sbtest4_pkey on sbtest4  (cost=0.43..8.45 rows=1 width=6)
	        Index Cond: (id = 9361328)

table 5 : explain DELETE FROM sbtest5 WHERE id=1184195
	Delete on sbtest5  (cost=0.43..8.45 rows=0 width=0)
	  ->  Index Scan using sbtest5_pkey on sbtest5  (cost=0.43..8.45 rows=1 width=6)
	        Index Cond: (id = 1184195)

table 6 : explain DELETE FROM sbtest6 WHERE id=1938323
	Delete on sbtest6  (cost=0.43..8.45 rows=0 width=0)
	  ->  Index Scan using sbtest6_pkey on sbtest6  (cost=0.43..8.45 rows=1 width=6)
	        Index Cond: (id = 1938323)

table 7 : explain DELETE FROM sbtest7 WHERE id=5012000
	Delete on sbtest7  (cost=0.43..8.45 rows=0 width=0)
	  ->  Index Scan using sbtest7_pkey on sbtest7  (cost=0.43..8.45 rows=1 width=6)
	        Index Cond: (id = 5012000)

table 8 : explain DELETE FROM sbtest8 WHERE id=2717789
	Delete on sbtest8  (cost=0.43..8.45 rows=0 width=0)
	  ->  Index Scan using sbtest8_pkey on sbtest8  (cost=0.43..8.45 rows=1 width=6)
	        Index Cond: (id = 2717789)

for deletes
table 1 : explain DELETE FROM sbtest1 WHERE id=8764749
	Delete on sbtest1  (cost=0.43..8.45 rows=0 width=0)
	  ->  Index Scan using sbtest1_pkey on sbtest1  (cost=0.43..8.45 rows=1 width=6)
	        Index Cond: (id = 8764749)

table 2 : explain DELETE FROM sbtest2 WHERE id=5398072
	Delete on sbtest2  (cost=0.43..8.45 rows=0 width=0)
	  ->  Index Scan using sbtest2_pkey on sbtest2  (cost=0.43..8.45 rows=1 width=6)
	        Index Cond: (id = 5398072)

table 3 : explain DELETE FROM sbtest3 WHERE id=1931478
	Delete on sbtest3  (cost=0.43..8.45 rows=0 width=0)
	  ->  Index Scan using sbtest3_pkey on sbtest3  (cost=0.43..8.45 rows=1 width=6)
	        Index Cond: (id = 1931478)

table 4 : explain DELETE FROM sbtest4 WHERE id=6820224
	Delete on sbtest4  (cost=0.43..8.45 rows=0 width=0)
	  ->  Index Scan using sbtest4_pkey on sbtest4  (cost=0.43..8.45 rows=1 width=6)
	        Index Cond: (id = 6820224)

table 5 : explain DELETE FROM sbtest5 WHERE id=1295330
	Delete on sbtest5  (cost=0.43..8.45 rows=0 width=0)
	  ->  Index Scan using sbtest5_pkey on sbtest5  (cost=0.43..8.45 rows=1 width=6)
	        Index Cond: (id = 1295330)

table 6 : explain DELETE FROM sbtest6 WHERE id=5168565
	Delete on sbtest6  (cost=0.43..8.45 rows=0 width=0)
	  ->  Index Scan using sbtest6_pkey on sbtest6  (cost=0.43..8.45 rows=1 width=6)
	        Index Cond: (id = 5168565)

table 7 : explain DELETE FROM sbtest7 WHERE id=3347674
	Delete on sbtest7  (cost=0.43..8.45 rows=0 width=0)
	  ->  Index Scan using sbtest7_pkey on sbtest7  (cost=0.43..8.45 rows=1 width=6)
	        Index Cond: (id = 3347674)

table 8 : explain DELETE FROM sbtest8 WHERE id=862137
	Delete on sbtest8  (cost=0.43..8.45 rows=0 width=0)
	  ->  Index Scan using sbtest8_pkey on sbtest8  (cost=0.43..8.45 rows=1 width=6)
	        Index Cond: (id = 862137)

explain: for non_index_updates :: explain UPDATE sbtest%u SET c='foobar' WHERE id=%u
for non_index_updates
table 1 : explain UPDATE sbtest1 SET c='foobar' WHERE id=8869338
	Update on sbtest1  (cost=0.43..8.45 rows=0 width=0)
	  ->  Index Scan using sbtest1_pkey on sbtest1  (cost=0.43..8.45 rows=1 width=490)
	        Index Cond: (id = 8869338)

table 2 : explain UPDATE sbtest2 SET c='foobar' WHERE id=4745363
	Update on sbtest2  (cost=0.43..8.45 rows=0 width=0)
	  ->  Index Scan using sbtest2_pkey on sbtest2  (cost=0.43..8.45 rows=1 width=490)
	        Index Cond: (id = 4745363)

table 3 : explain UPDATE sbtest3 SET c='foobar' WHERE id=7394386
	Update on sbtest3  (cost=0.43..8.45 rows=0 width=0)
	  ->  Index Scan using sbtest3_pkey on sbtest3  (cost=0.43..8.45 rows=1 width=490)
	        Index Cond: (id = 7394386)

table 4 : explain UPDATE sbtest4 SET c='foobar' WHERE id=2900842
	Update on sbtest4  (cost=0.43..8.45 rows=0 width=0)
	  ->  Index Scan using sbtest4_pkey on sbtest4  (cost=0.43..8.45 rows=1 width=490)
	        Index Cond: (id = 2900842)

table 5 : explain UPDATE sbtest5 SET c='foobar' WHERE id=8823875
	Update on sbtest5  (cost=0.43..8.45 rows=0 width=0)
	  ->  Index Scan using sbtest5_pkey on sbtest5  (cost=0.43..8.45 rows=1 width=490)
	        Index Cond: (id = 8823875)

table 6 : explain UPDATE sbtest6 SET c='foobar' WHERE id=2077788
	Update on sbtest6  (cost=0.43..8.45 rows=0 width=0)
	  ->  Index Scan using sbtest6_pkey on sbtest6  (cost=0.43..8.45 rows=1 width=490)
	        Index Cond: (id = 2077788)

table 7 : explain UPDATE sbtest7 SET c='foobar' WHERE id=5843386
	Update on sbtest7  (cost=0.43..8.45 rows=0 width=0)
	  ->  Index Scan using sbtest7_pkey on sbtest7  (cost=0.43..8.45 rows=1 width=490)
	        Index Cond: (id = 5843386)

table 8 : explain UPDATE sbtest8 SET c='foobar' WHERE id=6114543
	Update on sbtest8  (cost=0.43..8.45 rows=0 width=0)
	  ->  Index Scan using sbtest8_pkey on sbtest8  (cost=0.43..8.45 rows=1 width=490)
	        Index Cond: (id = 6114543)

explain: for deletes :: explain DELETE FROM sbtest%u WHERE id=%u
for: distinct_ranges
table 1 : explain SELECT DISTINCT c FROM sbtest1 WHERE id BETWEEN 6421206 AND 6421215 ORDER BY c
	Unique  (cost=39.12..39.17 rows=10 width=121)
	  ->  Sort  (cost=39.12..39.14 rows=10 width=121)
	        Sort Key: c
	        ->  Index Scan using sbtest1_pkey on sbtest1  (cost=0.43..38.95 rows=10 width=121)
	              Index Cond: ((id >= 6421206) AND (id <= 6421215))

table 2 : explain SELECT DISTINCT c FROM sbtest2 WHERE id BETWEEN 1992144 AND 1992153 ORDER BY c
	Unique  (cost=39.34..39.39 rows=10 width=121)
	  ->  Sort  (cost=39.34..39.36 rows=10 width=121)
	        Sort Key: c
	        ->  Index Scan using sbtest2_pkey on sbtest2  (cost=0.43..39.17 rows=10 width=121)
	              Index Cond: ((id >= 1992144) AND (id <= 1992153))

table 3 : explain SELECT DISTINCT c FROM sbtest3 WHERE id BETWEEN 9345892 AND 9345901 ORDER BY c
	Unique  (cost=39.43..39.48 rows=10 width=121)
	  ->  Sort  (cost=39.43..39.46 rows=10 width=121)
	        Sort Key: c
	        ->  Index Scan using sbtest3_pkey on sbtest3  (cost=0.43..39.26 rows=10 width=121)
	              Index Cond: ((id >= 9345892) AND (id <= 9345901))

table 4 : explain SELECT DISTINCT c FROM sbtest4 WHERE id BETWEEN 5781364 AND 5781373 ORDER BY c
	Unique  (cost=38.85..38.90 rows=10 width=121)
	  ->  Sort  (cost=38.85..38.87 rows=10 width=121)
	        Sort Key: c
	        ->  Index Scan using sbtest4_pkey on sbtest4  (cost=0.43..38.68 rows=10 width=121)
	              Index Cond: ((id >= 5781364) AND (id <= 5781373))

table 5 : explain SELECT DISTINCT c FROM sbtest5 WHERE id BETWEEN 8543620 AND 8543629 ORDER BY c
	Unique  (cost=39.38..39.43 rows=10 width=121)
	  ->  Sort  (cost=39.38..39.41 rows=10 width=121)
	        Sort Key: c
	        ->  Index Scan using sbtest5_pkey on sbtest5  (cost=0.43..39.22 rows=10 width=121)
	              Index Cond: ((id >= 8543620) AND (id <= 8543629))

table 6 : explain SELECT DISTINCT c FROM sbtest6 WHERE id BETWEEN 2916518 AND 2916527 ORDER BY c
	Unique  (cost=39.53..39.58 rows=10 width=121)
	  ->  Sort  (cost=39.53..39.56 rows=10 width=121)
	        Sort Key: c
	        ->  Index Scan using sbtest6_pkey on sbtest6  (cost=0.43..39.36 rows=10 width=121)
	              Index Cond: ((id >= 2916518) AND (id <= 2916527))

table 7 : explain SELECT DISTINCT c FROM sbtest7 WHERE id BETWEEN 3772609 AND 3772618 ORDER BY c
	Unique  (cost=39.42..39.47 rows=10 width=121)
	  ->  Sort  (cost=39.42..39.45 rows=10 width=121)
	        Sort Key: c
	        ->  Index Scan using sbtest7_pkey on sbtest7  (cost=0.43..39.25 rows=10 width=121)
	              Index Cond: ((id >= 3772609) AND (id <= 3772618))

table 8 : explain SELECT DISTINCT c FROM sbtest8 WHERE id BETWEEN 1620175 AND 1620184 ORDER BY c
	Unique  (cost=38.74..38.79 rows=10 width=121)
	  ->  Sort  (cost=38.74..38.76 rows=10 width=121)
	        Sort Key: c
	        ->  Index Scan using sbtest8_pkey on sbtest8  (cost=0.43..38.57 rows=10 width=121)
	              Index Cond: ((id >= 1620175) AND (id <= 1620184))

for: distinct_ranges
table 1 : explain SELECT DISTINCT c FROM sbtest1 WHERE id BETWEEN 4953017 AND 4953026 ORDER BY c
	Unique  (cost=42.53..42.59 rows=11 width=121)
	  ->  Sort  (cost=42.53..42.56 rows=11 width=121)
	        Sort Key: c
	        ->  Index Scan using sbtest1_pkey on sbtest1  (cost=0.43..42.34 rows=11 width=121)
	              Index Cond: ((id >= 4953017) AND (id <= 4953026))

table 2 : explain SELECT DISTINCT c FROM sbtest2 WHERE id BETWEEN 6082196 AND 6082205 ORDER BY c
	Unique  (cost=35.90..35.95 rows=9 width=121)
	  ->  Sort  (cost=35.90..35.92 rows=9 width=121)
	        Sort Key: c
	        ->  Index Scan using sbtest2_pkey on sbtest2  (cost=0.43..35.76 rows=9 width=121)
	              Index Cond: ((id >= 6082196) AND (id <= 6082205))

table 3 : explain SELECT DISTINCT c FROM sbtest3 WHERE id BETWEEN 4412978 AND 4412987 ORDER BY c
	Unique  (cost=39.43..39.48 rows=10 width=121)
	  ->  Sort  (cost=39.43..39.46 rows=10 width=121)
	        Sort Key: c
	        ->  Index Scan using sbtest3_pkey on sbtest3  (cost=0.43..39.26 rows=10 width=121)
	              Index Cond: ((id >= 4412978) AND (id <= 4412987))

table 4 : explain SELECT DISTINCT c FROM sbtest4 WHERE id BETWEEN 2158100 AND 2158109 ORDER BY c
	Unique  (cost=38.85..38.90 rows=10 width=121)
	  ->  Sort  (cost=38.85..38.87 rows=10 width=121)
	        Sort Key: c
	        ->  Index Scan using sbtest4_pkey on sbtest4  (cost=0.43..38.68 rows=10 width=121)
	              Index Cond: ((id >= 2158100) AND (id <= 2158109))

table 5 : explain SELECT DISTINCT c FROM sbtest5 WHERE id BETWEEN 5151705 AND 5151714 ORDER BY c
	Unique  (cost=35.94..35.99 rows=9 width=121)
	  ->  Sort  (cost=35.94..35.96 rows=9 width=121)
	        Sort Key: c
	        ->  Index Scan using sbtest5_pkey on sbtest5  (cost=0.43..35.80 rows=9 width=121)
	              Index Cond: ((id >= 5151705) AND (id <= 5151714))

table 6 : explain SELECT DISTINCT c FROM sbtest6 WHERE id BETWEEN 1343178 AND 1343187 ORDER BY c
	Unique  (cost=39.53..39.58 rows=10 width=121)
	  ->  Sort  (cost=39.53..39.56 rows=10 width=121)
	        Sort Key: c
	        ->  Index Scan using sbtest6_pkey on sbtest6  (cost=0.43..39.36 rows=10 width=121)
	              Index Cond: ((id >= 1343178) AND (id <= 1343187))

table 7 : explain SELECT DISTINCT c FROM sbtest7 WHERE id BETWEEN 3613935 AND 3613944 ORDER BY c
	Unique  (cost=39.42..39.47 rows=10 width=121)
	  ->  Sort  (cost=39.42..39.45 rows=10 width=121)
	        Sort Key: c
	        ->  Index Scan using sbtest7_pkey on sbtest7  (cost=0.43..39.25 rows=10 width=121)
	              Index Cond: ((id >= 3613935) AND (id <= 3613944))

table 8 : explain SELECT DISTINCT c FROM sbtest8 WHERE id BETWEEN 1894457 AND 1894466 ORDER BY c
	Unique  (cost=38.74..38.79 rows=10 width=121)
	  ->  Sort  (cost=38.74..38.76 rows=10 width=121)
	        Sort Key: c
	        ->  Index Scan using sbtest8_pkey on sbtest8  (cost=0.43..38.57 rows=10 width=121)
	              Index Cond: ((id >= 1894457) AND (id <= 1894466))

explain: for index_updates :: explain UPDATE sbtest%u SET k=k+1 WHERE id=%u
for inserts
table 1 : explain INSERT INTO sbtest1 (id, k, c, pad) VALUES (5446753, 13, 'foobar', 'foobar')
	Insert on sbtest1  (cost=0.00..0.01 rows=0 width=0)
	  ->  Result  (cost=0.00..0.01 rows=1 width=736)

table 2 : explain INSERT INTO sbtest2 (id, k, c, pad) VALUES (7373358, 13, 'foobar', 'foobar')
	Insert on sbtest2  (cost=0.00..0.01 rows=0 width=0)
	  ->  Result  (cost=0.00..0.01 rows=1 width=736)

table 3 : explain INSERT INTO sbtest3 (id, k, c, pad) VALUES (4300737, 13, 'foobar', 'foobar')
	Insert on sbtest3  (cost=0.00..0.01 rows=0 width=0)
	  ->  Result  (cost=0.00..0.01 rows=1 width=736)

table 4 : explain INSERT INTO sbtest4 (id, k, c, pad) VALUES (7492333, 13, 'foobar', 'foobar')
	Insert on sbtest4  (cost=0.00..0.01 rows=0 width=0)
	  ->  Result  (cost=0.00..0.01 rows=1 width=736)

table 5 : explain INSERT INTO sbtest5 (id, k, c, pad) VALUES (5842192, 13, 'foobar', 'foobar')
	Insert on sbtest5  (cost=0.00..0.01 rows=0 width=0)
	  ->  Result  (cost=0.00..0.01 rows=1 width=736)

table 6 : explain INSERT INTO sbtest6 (id, k, c, pad) VALUES (8255369, 13, 'foobar', 'foobar')
	Insert on sbtest6  (cost=0.00..0.01 rows=0 width=0)
	  ->  Result  (cost=0.00..0.01 rows=1 width=736)

table 7 : explain INSERT INTO sbtest7 (id, k, c, pad) VALUES (6984260, 13, 'foobar', 'foobar')
	Insert on sbtest7  (cost=0.00..0.01 rows=0 width=0)
	  ->  Result  (cost=0.00..0.01 rows=1 width=736)

table 8 : explain INSERT INTO sbtest8 (id, k, c, pad) VALUES (127822, 13, 'foobar', 'foobar')
	Insert on sbtest8  (cost=0.00..0.01 rows=0 width=0)
	  ->  Result  (cost=0.00..0.01 rows=1 width=736)

explain: for inserts :: explain INSERT INTO sbtest%u (id, k, c, pad) VALUES (%u, 13, 'foobar', 'foobar')for deletes
table 1 : explain DELETE FROM sbtest1 WHERE id=7505995
	Delete on sbtest1  (cost=0.43..8.45 rows=0 width=0)
	  ->  Index Scan using sbtest1_pkey on sbtest1  (cost=0.43..8.45 rows=1 width=6)
	        Index Cond: (id = 7505995)

table 2 : explain DELETE FROM sbtest2 WHERE id=5678745
	Delete on sbtest2  (cost=0.43..8.45 rows=0 width=0)
	  ->  Index Scan using sbtest2_pkey on sbtest2  (cost=0.43..8.45 rows=1 width=6)
	        Index Cond: (id = 5678745)

table 3 : explain DELETE FROM sbtest3 WHERE id=1865409
	Delete on sbtest3  (cost=0.43..8.45 rows=0 width=0)
	  ->  Index Scan using sbtest3_pkey on sbtest3  (cost=0.43..8.45 rows=1 width=6)
	        Index Cond: (id = 1865409)

table 4 : explain DELETE FROM sbtest4 WHERE id=8199686
	Delete on sbtest4  (cost=0.43..8.45 rows=0 width=0)
	  ->  Index Scan using sbtest4_pkey on sbtest4  (cost=0.43..8.45 rows=1 width=6)
	        Index Cond: (id = 8199686)

table 5 : explain DELETE FROM sbtest5 WHERE id=9222259
	Delete on sbtest5  (cost=0.43..8.45 rows=0 width=0)
	  ->  Index Scan using sbtest5_pkey on sbtest5  (cost=0.43..8.45 rows=1 width=6)
	        Index Cond: (id = 9222259)

table 6 : explain DELETE FROM sbtest6 WHERE id=8962544
	Delete on sbtest6  (cost=0.43..8.45 rows=0 width=0)
	  ->  Index Scan using sbtest6_pkey on sbtest6  (cost=0.43..8.45 rows=1 width=6)
	        Index Cond: (id = 8962544)

table 7 : explain DELETE FROM sbtest7 WHERE id=7335078
	Delete on sbtest7  (cost=0.43..8.45 rows=0 width=0)
	  ->  Index Scan using sbtest7_pkey on sbtest7  (cost=0.43..8.45 rows=1 width=6)
	        Index Cond: (id = 7335078)

table 8 : explain DELETE FROM sbtest8 WHERE id=2787803
	Delete on sbtest8  (cost=0.43..8.45 rows=0 width=0)
	  ->  Index Scan using sbtest8_pkey on sbtest8  (cost=0.43..8.45 rows=1 width=6)
	        Index Cond: (id = 2787803)


explain: for deletes :: explain DELETE FROM sbtest%u WHERE id=%u
for: sum_ranges
table 1 : explain SELECT SUM(k) FROM sbtest1 WHERE id BETWEEN 374505 AND 374514
	Aggregate  (cost=42.37..42.38 rows=1 width=8)
	  ->  Index Scan using sbtest1_pkey on sbtest1  (cost=0.43..42.34 rows=11 width=4)
	        Index Cond: ((id >= 374505) AND (id <= 374514))

table 2 : explain SELECT SUM(k) FROM sbtest2 WHERE id BETWEEN 6643119 AND 6643128
	Aggregate  (cost=39.20..39.21 rows=1 width=8)
	  ->  Index Scan using sbtest2_pkey on sbtest2  (cost=0.43..39.17 rows=10 width=4)
	        Index Cond: ((id >= 6643119) AND (id <= 6643128))

table 3 : explain SELECT SUM(k) FROM sbtest3 WHERE id BETWEEN 1394053 AND 1394062
	Aggregate  (cost=39.29..39.30 rows=1 width=8)
	  ->  Index Scan using sbtest3_pkey on sbtest3  (cost=0.43..39.26 rows=10 width=4)
	        Index Cond: ((id >= 1394053) AND (id <= 1394062))

table 4 : explain SELECT SUM(k) FROM sbtest4 WHERE id BETWEEN 5693779 AND 5693788
	Aggregate  (cost=42.06..42.07 rows=1 width=8)
	  ->  Index Scan using sbtest4_pkey on sbtest4  (cost=0.43..42.04 rows=11 width=4)
	        Index Cond: ((id >= 5693779) AND (id <= 5693788))

table 5 : explain SELECT SUM(k) FROM sbtest5 WHERE id BETWEEN 8083225 AND 8083234
	Aggregate  (cost=39.24..39.25 rows=1 width=8)
	  ->  Index Scan using sbtest5_pkey on sbtest5  (cost=0.43..39.22 rows=10 width=4)
	        Index Cond: ((id >= 8083225) AND (id <= 8083234))

table 6 : explain SELECT SUM(k) FROM sbtest6 WHERE id BETWEEN 3933181 AND 3933190
	Aggregate  (cost=39.39..39.40 rows=1 width=8)
	  ->  Index Scan using sbtest6_pkey on sbtest6  (cost=0.43..39.36 rows=10 width=4)
	        Index Cond: ((id >= 3933181) AND (id <= 3933190))

table 7 : explain SELECT SUM(k) FROM sbtest7 WHERE id BETWEEN 9926123 AND 9926132
	Aggregate  (cost=39.28..39.29 rows=1 width=8)
	  ->  Index Scan using sbtest7_pkey on sbtest7  (cost=0.43..39.25 rows=10 width=4)
	        Index Cond: ((id >= 9926123) AND (id <= 9926132))

table 8 : explain SELECT SUM(k) FROM sbtest8 WHERE id BETWEEN 7851263 AND 7851272
	Aggregate  (cost=38.60..38.61 rows=1 width=8)
	  ->  Index Scan using sbtest8_pkey on sbtest8  (cost=0.43..38.57 rows=10 width=4)
	        Index Cond: ((id >= 7851263) AND (id <= 7851272))

explain: for inserts :: explain INSERT INTO sbtest%u (id, k, c, pad) VALUES (%u, 13, 'foobar', 'foobar')
for: sum_ranges
table 1 : explain SELECT SUM(k) FROM sbtest1 WHERE id BETWEEN 2710673 AND 2710682
	Aggregate  (cost=35.59..35.60 rows=1 width=8)
	  ->  Index Scan using sbtest1_pkey on sbtest1  (cost=0.43..35.56 rows=9 width=4)
	        Index Cond: ((id >= 2710673) AND (id <= 2710682))

table 2 : explain SELECT SUM(k) FROM sbtest2 WHERE id BETWEEN 9410106 AND 9410115
	Aggregate  (cost=39.20..39.21 rows=1 width=8)
	  ->  Index Scan using sbtest2_pkey on sbtest2  (cost=0.43..39.17 rows=10 width=4)
	        Index Cond: ((id >= 9410106) AND (id <= 9410115))

table 3 : explain SELECT SUM(k) FROM sbtest3 WHERE id BETWEEN 3482534 AND 3482543
	Aggregate  (cost=39.29..39.30 rows=1 width=8)
	  ->  Index Scan using sbtest3_pkey on sbtest3  (cost=0.43..39.26 rows=10 width=4)
	        Index Cond: ((id >= 3482534) AND (id <= 3482543))

table 4 : explain SELECT SUM(k) FROM sbtest4 WHERE id BETWEEN 834537 AND 834546
	Aggregate  (cost=42.06..42.07 rows=1 width=8)
	  ->  Index Scan using sbtest4_pkey on sbtest4  (cost=0.43..42.04 rows=11 width=4)
	        Index Cond: ((id >= 834537) AND (id <= 834546))

table 5 : explain SELECT SUM(k) FROM sbtest5 WHERE id BETWEEN 4204241 AND 4204250
	Aggregate  (cost=42.66..42.67 rows=1 width=8)
	  ->  Index Scan using sbtest5_pkey on sbtest5  (cost=0.43..42.64 rows=11 width=4)
	        Index Cond: ((id >= 4204241) AND (id <= 4204250))

table 6 : explain SELECT SUM(k) FROM sbtest6 WHERE id BETWEEN 1883869 AND 1883878
	Aggregate  (cost=39.39..39.40 rows=1 width=8)
	  ->  Index Scan using sbtest6_pkey on sbtest6  (cost=0.43..39.36 rows=10 width=4)
	        Index Cond: ((id >= 1883869) AND (id <= 1883878))

table 7 : explain SELECT SUM(k) FROM sbtest7 WHERE id BETWEEN 3823891 AND 3823900
	Aggregate  (cost=39.28..39.29 rows=1 width=8)
	  ->  Index Scan using sbtest7_pkey on sbtest7  (cost=0.43..39.25 rows=10 width=4)
	        Index Cond: ((id >= 3823891) AND (id <= 3823900))

table 8 : explain SELECT SUM(k) FROM sbtest8 WHERE id BETWEEN 9636854 AND 9636863
	Aggregate  (cost=38.60..38.61 rows=1 width=8)
	  ->  Index Scan using sbtest8_pkey on sbtest8  (cost=0.43..38.57 rows=10 width=4)
	        Index Cond: ((id >= 9636854) AND (id <= 9636863))

for: sum_ranges
table 1 : explain SELECT SUM(k) FROM sbtest1 WHERE id BETWEEN 7819841 AND 7819850
	Aggregate  (cost=38.98..38.99 rows=1 width=8)
	  ->  Index Scan using sbtest1_pkey on sbtest1  (cost=0.43..38.95 rows=10 width=4)
	        Index Cond: ((id >= 7819841) AND (id <= 7819850))

table 2 : explain SELECT SUM(k) FROM sbtest2 WHERE id BETWEEN 3104076 AND 3104085
	Aggregate  (cost=39.20..39.21 rows=1 width=8)
	  ->  Index Scan using sbtest2_pkey on sbtest2  (cost=0.43..39.17 rows=10 width=4)
	        Index Cond: ((id >= 3104076) AND (id <= 3104085))

table 3 : explain SELECT SUM(k) FROM sbtest3 WHERE id BETWEEN 5330033 AND 5330042
	Aggregate  (cost=39.29..39.30 rows=1 width=8)
	  ->  Index Scan using sbtest3_pkey on sbtest3  (cost=0.43..39.26 rows=10 width=4)
	        Index Cond: ((id >= 5330033) AND (id <= 5330042))

table 4 : explain SELECT SUM(k) FROM sbtest4 WHERE id BETWEEN 6621024 AND 6621033
	Aggregate  (cost=42.06..42.07 rows=1 width=8)
	  ->  Index Scan using sbtest4_pkey on sbtest4  (cost=0.43..42.04 rows=11 width=4)
	        Index Cond: ((id >= 6621024) AND (id <= 6621033))

table 5 : explain SELECT SUM(k) FROM sbtest5 WHERE id BETWEEN 456857 AND 456866
	Aggregate  (cost=39.24..39.25 rows=1 width=8)
	  ->  Index Scan using sbtest5_pkey on sbtest5  (cost=0.43..39.22 rows=10 width=4)
	        Index Cond: ((id >= 456857) AND (id <= 456866))

table 6 : explain SELECT SUM(k) FROM sbtest6 WHERE id BETWEEN 723060 AND 723069
	Aggregate  (cost=39.39..39.40 rows=1 width=8)
	  ->  Index Scan using sbtest6_pkey on sbtest6  (cost=0.43..39.36 rows=10 width=4)
	        Index Cond: ((id >= 723060) AND (id <= 723069))

table 7 : explain SELECT SUM(k) FROM sbtest7 WHERE id BETWEEN 941516 AND 941525
	Aggregate  (cost=39.28..39.29 rows=1 width=8)
	  ->  Index Scan using sbtest7_pkey on sbtest7  (cost=0.43..39.25 rows=10 width=4)
	        Index Cond: ((id >= 941516) AND (id <= 941525))

table 8 : explain SELECT SUM(k) FROM sbtest8 WHERE id BETWEEN 6258264 AND 6258273
	Aggregate  (cost=38.60..38.61 rows=1 width=8)
	  ->  Index Scan using sbtest8_pkey on sbtest8  (cost=0.43..38.57 rows=10 width=4)
	        Index Cond: ((id >= 6258264) AND (id <= 6258273))

for inserts
table 1 : explain INSERT INTO sbtest1 (id, k, c, pad) VALUES (108583, 13, 'foobar', 'foobar')
	Insert on sbtest1  (cost=0.00..0.01 rows=0 width=0)
	  ->  Result  (cost=0.00..0.01 rows=1 width=736)

table 2 : explain INSERT INTO sbtest2 (id, k, c, pad) VALUES (1155776, 13, 'foobar', 'foobar')
	Insert on sbtest2  (cost=0.00..0.01 rows=0 width=0)
	  ->  Result  (cost=0.00..0.01 rows=1 width=736)

table 3 : explain INSERT INTO sbtest3 (id, k, c, pad) VALUES (7451180, 13, 'foobar', 'foobar')
	Insert on sbtest3  (cost=0.00..0.01 rows=0 width=0)
	  ->  Result  (cost=0.00..0.01 rows=1 width=736)

table 4 : explain INSERT INTO sbtest4 (id, k, c, pad) VALUES (7187221, 13, 'foobar', 'foobar')
	Insert on sbtest4  (cost=0.00..0.01 rows=0 width=0)
	  ->  Result  (cost=0.00..0.01 rows=1 width=736)

table 5 : explain INSERT INTO sbtest5 (id, k, c, pad) VALUES (5815447, 13, 'foobar', 'foobar')
	Insert on sbtest5  (cost=0.00..0.01 rows=0 width=0)
	  ->  Result  (cost=0.00..0.01 rows=1 width=736)

table 6 : explain INSERT INTO sbtest6 (id, k, c, pad) VALUES (1221458, 13, 'foobar', 'foobar')
	Insert on sbtest6  (cost=0.00..0.01 rows=0 width=0)
	  ->  Result  (cost=0.00..0.01 rows=1 width=736)

table 7 : explain INSERT INTO sbtest7 (id, k, c, pad) VALUES (4787435, 13, 'foobar', 'foobar')
	Insert on sbtest7  (cost=0.00..0.01 rows=0 width=0)
	  ->  Result  (cost=0.00..0.01 rows=1 width=736)

table 8 : explain INSERT INTO sbtest8 (id, k, c, pad) VALUES (296744, 13, 'foobar', 'foobar')
	Insert on sbtest8  (cost=0.00..0.01 rows=0 width=0)
	  ->  Result  (cost=0.00..0.01 rows=1 width=736)

for index_updates
table 1 : explain UPDATE sbtest1 SET k=k+1 WHERE id=6155676
	Update on sbtest1  (cost=0.43..8.46 rows=0 width=0)
	  ->  Index Scan using sbtest1_pkey on sbtest1  (cost=0.43..8.46 rows=1 width=10)
	        Index Cond: (id = 6155676)

table 2 : explain UPDATE sbtest2 SET k=k+1 WHERE id=6915103
	Update on sbtest2  (cost=0.43..8.46 rows=0 width=0)
	  ->  Index Scan using sbtest2_pkey on sbtest2  (cost=0.43..8.46 rows=1 width=10)
	        Index Cond: (id = 6915103)

table 3 : explain UPDATE sbtest3 SET k=k+1 WHERE id=8741919
	Update on sbtest3  (cost=0.43..8.46 rows=0 width=0)
	  ->  Index Scan using sbtest3_pkey on sbtest3  (cost=0.43..8.46 rows=1 width=10)
	        Index Cond: (id = 8741919)

table 4 : explain UPDATE sbtest4 SET k=k+1 WHERE id=7362494
	Update on sbtest4  (cost=0.43..8.46 rows=0 width=0)
	  ->  Index Scan using sbtest4_pkey on sbtest4  (cost=0.43..8.46 rows=1 width=10)
	        Index Cond: (id = 7362494)

table 5 : explain UPDATE sbtest5 SET k=k+1 WHERE id=7598038
	Update on sbtest5  (cost=0.43..8.46 rows=0 width=0)
	  ->  Index Scan using sbtest5_pkey on sbtest5  (cost=0.43..8.46 rows=1 width=10)
	        Index Cond: (id = 7598038)

table 6 : explain UPDATE sbtest6 SET k=k+1 WHERE id=8052963
	Update on sbtest6  (cost=0.43..8.46 rows=0 width=0)
	  ->  Index Scan using sbtest6_pkey on sbtest6  (cost=0.43..8.46 rows=1 width=10)
	        Index Cond: (id = 8052963)

table 7 : explain UPDATE sbtest7 SET k=k+1 WHERE id=2988739
	Update on sbtest7  (cost=0.43..8.46 rows=0 width=0)
	  ->  Index Scan using sbtest7_pkey on sbtest7  (cost=0.43..8.46 rows=1 width=10)
	        Index Cond: (id = 2988739)

table 8 : explain UPDATE sbtest8 SET k=k+1 WHERE id=4562030
	Update on sbtest8  (cost=0.43..8.46 rows=0 width=0)
	  ->  Index Scan using sbtest8_pkey on sbtest8  (cost=0.43..8.46 rows=1 width=10)
	        Index Cond: (id = 4562030)

explain: for index_updates :: explain UPDATE sbtest%u SET k=k+1 WHERE id=%u
for non_index_updates
table 1 : explain UPDATE sbtest1 SET c='foobar' WHERE id=5884241
	Update on sbtest1  (cost=0.43..8.45 rows=0 width=0)
	  ->  Index Scan using sbtest1_pkey on sbtest1  (cost=0.43..8.45 rows=1 width=490)
	        Index Cond: (id = 5884241)

table 2 : explain UPDATE sbtest2 SET c='foobar' WHERE id=3599917
	Update on sbtest2  (cost=0.43..8.45 rows=0 width=0)
	  ->  Index Scan using sbtest2_pkey on sbtest2  (cost=0.43..8.45 rows=1 width=490)
	        Index Cond: (id = 3599917)

table 3 : explain UPDATE sbtest3 SET c='foobar' WHERE id=3600030
	Update on sbtest3  (cost=0.43..8.45 rows=0 width=0)
	  ->  Index Scan using sbtest3_pkey on sbtest3  (cost=0.43..8.45 rows=1 width=490)
	        Index Cond: (id = 3600030)

table 4 : explain UPDATE sbtest4 SET c='foobar' WHERE id=5651317
	Update on sbtest4  (cost=0.43..8.45 rows=0 width=0)
	  ->  Index Scan using sbtest4_pkey on sbtest4  (cost=0.43..8.45 rows=1 width=490)
	        Index Cond: (id = 5651317)

table 5 : explain UPDATE sbtest5 SET c='foobar' WHERE id=1599364
	Update on sbtest5  (cost=0.43..8.45 rows=0 width=0)
	  ->  Index Scan using sbtest5_pkey on sbtest5  (cost=0.43..8.45 rows=1 width=490)
	        Index Cond: (id = 1599364)

table 6 : explain UPDATE sbtest6 SET c='foobar' WHERE id=1633755
	Update on sbtest6  (cost=0.43..8.45 rows=0 width=0)
	  ->  Index Scan using sbtest6_pkey on sbtest6  (cost=0.43..8.45 rows=1 width=490)
	        Index Cond: (id = 1633755)

table 7 : explain UPDATE sbtest7 SET c='foobar' WHERE id=4599832
	Update on sbtest7  (cost=0.43..8.45 rows=0 width=0)
	  ->  Index Scan using sbtest7_pkey on sbtest7  (cost=0.43..8.45 rows=1 width=490)
	        Index Cond: (id = 4599832)

table 8 : explain UPDATE sbtest8 SET c='foobar' WHERE id=943910
	Update on sbtest8  (cost=0.43..8.45 rows=0 width=0)
	  ->  Index Scan using sbtest8_pkey on sbtest8  (cost=0.43..8.45 rows=1 width=490)
	        Index Cond: (id = 943910)

explain: for inserts :: explain INSERT INTO sbtest%u (id, k, c, pad) VALUES (%u, 13, 'foobar', 'foobar')
for: distinct_ranges
table 1 : explain SELECT DISTINCT c FROM sbtest1 WHERE id BETWEEN 59337 AND 59346 ORDER BY c
	Unique  (cost=39.12..39.17 rows=10 width=121)
	  ->  Sort  (cost=39.12..39.14 rows=10 width=121)
	        Sort Key: c
	        ->  Index Scan using sbtest1_pkey on sbtest1  (cost=0.43..38.95 rows=10 width=121)
	              Index Cond: ((id >= 59337) AND (id <= 59346))

table 2 : explain SELECT DISTINCT c FROM sbtest2 WHERE id BETWEEN 5123397 AND 5123406 ORDER BY c
	Unique  (cost=39.34..39.39 rows=10 width=121)
	  ->  Sort  (cost=39.34..39.36 rows=10 width=121)
	        Sort Key: c
	        ->  Index Scan using sbtest2_pkey on sbtest2  (cost=0.43..39.17 rows=10 width=121)
	              Index Cond: ((id >= 5123397) AND (id <= 5123406))

table 3 : explain SELECT DISTINCT c FROM sbtest3 WHERE id BETWEEN 2428599 AND 2428608 ORDER BY c
	Unique  (cost=39.43..39.48 rows=10 width=121)
	  ->  Sort  (cost=39.43..39.46 rows=10 width=121)
	        Sort Key: c
	        ->  Index Scan using sbtest3_pkey on sbtest3  (cost=0.43..39.26 rows=10 width=121)
	              Index Cond: ((id >= 2428599) AND (id <= 2428608))

table 4 : explain SELECT DISTINCT c FROM sbtest4 WHERE id BETWEEN 4027813 AND 4027822 ORDER BY c
	Unique  (cost=38.85..38.90 rows=10 width=121)
	  ->  Sort  (cost=38.85..38.87 rows=10 width=121)
	        Sort Key: c
	        ->  Index Scan using sbtest4_pkey on sbtest4  (cost=0.43..38.68 rows=10 width=121)
	              Index Cond: ((id >= 4027813) AND (id <= 4027822))

table 5 : explain SELECT DISTINCT c FROM sbtest5 WHERE id BETWEEN 3974531 AND 3974540 ORDER BY c
	Unique  (cost=39.38..39.43 rows=10 width=121)
	  ->  Sort  (cost=39.38..39.41 rows=10 width=121)
	        Sort Key: c
	        ->  Index Scan using sbtest5_pkey on sbtest5  (cost=0.43..39.22 rows=10 width=121)
	              Index Cond: ((id >= 3974531) AND (id <= 3974540))

table 6 : explain SELECT DISTINCT c FROM sbtest6 WHERE id BETWEEN 7809147 AND 7809156 ORDER BY c
	Unique  (cost=39.53..39.58 rows=10 width=121)
	  ->  Sort  (cost=39.53..39.56 rows=10 width=121)
	        Sort Key: c
	        ->  Index Scan using sbtest6_pkey on sbtest6  (cost=0.43..39.36 rows=10 width=121)
	              Index Cond: ((id >= 7809147) AND (id <= 7809156))

table 7 : explain SELECT DISTINCT c FROM sbtest7 WHERE id BETWEEN 2214960 AND 2214969 ORDER BY c
	Unique  (cost=42.87..42.92 rows=11 width=121)
	  ->  Sort  (cost=42.87..42.89 rows=11 width=121)
	        Sort Key: c
	        ->  Index Scan using sbtest7_pkey on sbtest7  (cost=0.43..42.68 rows=11 width=121)
	              Index Cond: ((id >= 2214960) AND (id <= 2214969))

table 8 : explain SELECT DISTINCT c FROM sbtest8 WHERE id BETWEEN 9954330 AND 9954339 ORDER BY c
	Unique  (cost=38.74..38.79 rows=10 width=121)
	  ->  Sort  (cost=38.74..38.76 rows=10 width=121)
	        Sort Key: c
	        ->  Index Scan using sbtest8_pkey on sbtest8  (cost=0.43..38.57 rows=10 width=121)
	              Index Cond: ((id >= 9954330) AND (id <= 9954339))

explain: for index_updates :: explain UPDATE sbtest%u SET k=k+1 WHERE id=%u
explain: for index_updates :: explain UPDATE sbtest%u SET k=k+1 WHERE id=%u
for inserts
table 1 : explain INSERT INTO sbtest1 (id, k, c, pad) VALUES (8931270, 13, 'foobar', 'foobar')
	Insert on sbtest1  (cost=0.00..0.01 rows=0 width=0)
	  ->  Result  (cost=0.00..0.01 rows=1 width=736)

table 2 : explain INSERT INTO sbtest2 (id, k, c, pad) VALUES (5089623, 13, 'foobar', 'foobar')
	Insert on sbtest2  (cost=0.00..0.01 rows=0 width=0)
	  ->  Result  (cost=0.00..0.01 rows=1 width=736)

table 3 : explain INSERT INTO sbtest3 (id, k, c, pad) VALUES (2358307, 13, 'foobar', 'foobar')
	Insert on sbtest3  (cost=0.00..0.01 rows=0 width=0)
	  ->  Result  (cost=0.00..0.01 rows=1 width=736)

table 4 : explain INSERT INTO sbtest4 (id, k, c, pad) VALUES (2969897, 13, 'foobar', 'foobar')
	Insert on sbtest4  (cost=0.00..0.01 rows=0 width=0)
	  ->  Result  (cost=0.00..0.01 rows=1 width=736)

table 5 : explain INSERT INTO sbtest5 (id, k, c, pad) VALUES (8979344, 13, 'foobar', 'foobar')
	Insert on sbtest5  (cost=0.00..0.01 rows=0 width=0)
	  ->  Result  (cost=0.00..0.01 rows=1 width=736)

table 6 : explain INSERT INTO sbtest6 (id, k, c, pad) VALUES (5695010, 13, 'foobar', 'foobar')
	Insert on sbtest6  (cost=0.00..0.01 rows=0 width=0)
	  ->  Result  (cost=0.00..0.01 rows=1 width=736)

table 7 : explain INSERT INTO sbtest7 (id, k, c, pad) VALUES (1606897, 13, 'foobar', 'foobar')
	Insert on sbtest7  (cost=0.00..0.01 rows=0 width=0)
	  ->  Result  (cost=0.00..0.01 rows=1 width=736)

table 8 : explain INSERT INTO sbtest8 (id, k, c, pad) VALUES (1467721, 13, 'foobar', 'foobar')
	Insert on sbtest8  (cost=0.00..0.01 rows=0 width=0)
	  ->  Result  (cost=0.00..0.01 rows=1 width=736)

explain: for non_index_updates :: explain UPDATE sbtest%u SET c='foobar' WHERE id=%u
explain: for point_selects :: explain SELECT c FROM sbtest%u WHERE id=%u
explain: for deletes :: explain DELETE FROM sbtest%u WHERE id=%u
explain: for point_selects :: explain SELECT c FROM sbtest%u WHERE id=%u
for: simple_ranges
table 1 : explain SELECT c FROM sbtest1 WHERE id BETWEEN 5438452 AND 5438461
	Index Scan using sbtest1_pkey on sbtest1  (cost=0.43..38.95 rows=10 width=121)
	  Index Cond: ((id >= 5438452) AND (id <= 5438461))

table 2 : explain SELECT c FROM sbtest2 WHERE id BETWEEN 2174303 AND 2174312
	Index Scan using sbtest2_pkey on sbtest2  (cost=0.43..35.76 rows=9 width=121)
	  Index Cond: ((id >= 2174303) AND (id <= 2174312))

table 3 : explain SELECT c FROM sbtest3 WHERE id BETWEEN 5656600 AND 5656609
	Index Scan using sbtest3_pkey on sbtest3  (cost=0.43..39.26 rows=10 width=121)
	  Index Cond: ((id >= 5656600) AND (id <= 5656609))

table 4 : explain SELECT c FROM sbtest4 WHERE id BETWEEN 7046178 AND 7046187
	Index Scan using sbtest4_pkey on sbtest4  (cost=0.43..35.32 rows=9 width=121)
	  Index Cond: ((id >= 7046178) AND (id <= 7046187))

table 5 : explain SELECT c FROM sbtest5 WHERE id BETWEEN 461300 AND 461309
	Index Scan using sbtest5_pkey on sbtest5  (cost=0.43..39.22 rows=10 width=121)
	  Index Cond: ((id >= 461300) AND (id <= 461309))

table 6 : explain SELECT c FROM sbtest6 WHERE id BETWEEN 5783673 AND 5783682
	Index Scan using sbtest6_pkey on sbtest6  (cost=0.43..39.36 rows=10 width=121)
	  Index Cond: ((id >= 5783673) AND (id <= 5783682))

table 7 : explain SELECT c FROM sbtest7 WHERE id BETWEEN 3404367 AND 3404376
	Index Scan using sbtest7_pkey on sbtest7  (cost=0.43..39.25 rows=10 width=121)
	  Index Cond: ((id >= 3404367) AND (id <= 3404376))

table 8 : explain SELECT c FROM sbtest8 WHERE id BETWEEN 5086118 AND 5086127
	Index Scan using sbtest8_pkey on sbtest8  (cost=0.43..35.22 rows=9 width=121)
	  Index Cond: ((id >= 5086118) AND (id <= 5086127))

for inserts
table 1 : explain INSERT INTO sbtest1 (id, k, c, pad) VALUES (7574289, 13, 'foobar', 'foobar')
	Insert on sbtest1  (cost=0.00..0.01 rows=0 width=0)
	  ->  Result  (cost=0.00..0.01 rows=1 width=736)

table 2 : explain INSERT INTO sbtest2 (id, k, c, pad) VALUES (3430344, 13, 'foobar', 'foobar')
	Insert on sbtest2  (cost=0.00..0.01 rows=0 width=0)
	  ->  Result  (cost=0.00..0.01 rows=1 width=736)

table 3 : explain INSERT INTO sbtest3 (id, k, c, pad) VALUES (2261800, 13, 'foobar', 'foobar')
	Insert on sbtest3  (cost=0.00..0.01 rows=0 width=0)
	  ->  Result  (cost=0.00..0.01 rows=1 width=736)

table 4 : explain INSERT INTO sbtest4 (id, k, c, pad) VALUES (3559261, 13, 'foobar', 'foobar')
	Insert on sbtest4  (cost=0.00..0.01 rows=0 width=0)
	  ->  Result  (cost=0.00..0.01 rows=1 width=736)

table 5 : explain INSERT INTO sbtest5 (id, k, c, pad) VALUES (5707257, 13, 'foobar', 'foobar')
	Insert on sbtest5  (cost=0.00..0.01 rows=0 width=0)
	  ->  Result  (cost=0.00..0.01 rows=1 width=736)

table 6 : explain INSERT INTO sbtest6 (id, k, c, pad) VALUES (3265696, 13, 'foobar', 'foobar')
	Insert on sbtest6  (cost=0.00..0.01 rows=0 width=0)
	  ->  Result  (cost=0.00..0.01 rows=1 width=736)

table 7 : explain INSERT INTO sbtest7 (id, k, c, pad) VALUES (9918012, 13, 'foobar', 'foobar')
	Insert on sbtest7  (cost=0.00..0.01 rows=0 width=0)
	  ->  Result  (cost=0.00..0.01 rows=1 width=736)

table 8 : explain INSERT INTO sbtest8 (id, k, c, pad) VALUES (6309197, 13, 'foobar', 'foobar')
	Insert on sbtest8  (cost=0.00..0.01 rows=0 width=0)
	  ->  Result  (cost=0.00..0.01 rows=1 width=736)

explain: for point_selects :: explain SELECT c FROM sbtest%u WHERE id=%u
for point_selects
table 1 : explain SELECT c FROM sbtest1 WHERE id=1892825
	Index Scan using sbtest1_pkey on sbtest1  (cost=0.43..8.45 rows=1 width=121)
	  Index Cond: (id = 1892825)

table 2 : explain SELECT c FROM sbtest2 WHERE id=3438996
	Index Scan using sbtest2_pkey on sbtest2  (cost=0.43..8.45 rows=1 width=121)
	  Index Cond: (id = 3438996)

table 3 : explain SELECT c FROM sbtest3 WHERE id=7876357
	Index Scan using sbtest3_pkey on sbtest3  (cost=0.43..8.45 rows=1 width=121)
	  Index Cond: (id = 7876357)

table 4 : explain SELECT c FROM sbtest4 WHERE id=9940030
	Index Scan using sbtest4_pkey on sbtest4  (cost=0.43..8.45 rows=1 width=121)
	  Index Cond: (id = 9940030)

table 5 : explain SELECT c FROM sbtest5 WHERE id=3056669
	Index Scan using sbtest5_pkey on sbtest5  (cost=0.43..8.45 rows=1 width=121)
	  Index Cond: (id = 3056669)

table 6 : explain SELECT c FROM sbtest6 WHERE id=7794366
	Index Scan using sbtest6_pkey on sbtest6  (cost=0.43..8.45 rows=1 width=121)
	  Index Cond: (id = 7794366)

table 7 : explain SELECT c FROM sbtest7 WHERE id=6818233
	Index Scan using sbtest7_pkey on sbtest7  (cost=0.43..8.45 rows=1 width=121)
	  Index Cond: (id = 6818233)

table 8 : explain SELECT c FROM sbtest8 WHERE id=4997728
	Index Scan using sbtest8_pkey on sbtest8  (cost=0.43..8.45 rows=1 width=121)
	  Index Cond: (id = 4997728)

for: sum_ranges
table 1 : explain SELECT SUM(k) FROM sbtest1 WHERE id BETWEEN 5530006 AND 5530015
	Aggregate  (cost=38.98..38.99 rows=1 width=8)
	  ->  Index Scan using sbtest1_pkey on sbtest1  (cost=0.43..38.95 rows=10 width=4)
	        Index Cond: ((id >= 5530006) AND (id <= 5530015))

table 2 : explain SELECT SUM(k) FROM sbtest2 WHERE id BETWEEN 8150176 AND 8150185
	Aggregate  (cost=42.61..42.62 rows=1 width=8)
	  ->  Index Scan using sbtest2_pkey on sbtest2  (cost=0.43..42.58 rows=11 width=4)
	        Index Cond: ((id >= 8150176) AND (id <= 8150185))

table 3 : explain SELECT SUM(k) FROM sbtest3 WHERE id BETWEEN 8765563 AND 8765572
	Aggregate  (cost=39.29..39.30 rows=1 width=8)
	  ->  Index Scan using sbtest3_pkey on sbtest3  (cost=0.43..39.26 rows=10 width=4)
	        Index Cond: ((id >= 8765563) AND (id <= 8765572))

table 4 : explain SELECT SUM(k) FROM sbtest4 WHERE id BETWEEN 5117149 AND 5117158
	Aggregate  (cost=38.70..38.71 rows=1 width=8)
	  ->  Index Scan using sbtest4_pkey on sbtest4  (cost=0.43..38.68 rows=10 width=4)
	        Index Cond: ((id >= 5117149) AND (id <= 5117158))

table 5 : explain SELECT SUM(k) FROM sbtest5 WHERE id BETWEEN 6720747 AND 6720756
	Aggregate  (cost=39.24..39.25 rows=1 width=8)
	  ->  Index Scan using sbtest5_pkey on sbtest5  (cost=0.43..39.22 rows=10 width=4)
	        Index Cond: ((id >= 6720747) AND (id <= 6720756))

table 6 : explain SELECT SUM(k) FROM sbtest6 WHERE id BETWEEN 1417808 AND 1417817
	Aggregate  (cost=39.39..39.40 rows=1 width=8)
	  ->  Index Scan using sbtest6_pkey on sbtest6  (cost=0.43..39.36 rows=10 width=4)
	        Index Cond: ((id >= 1417808) AND (id <= 1417817))

table 7 : explain SELECT SUM(k) FROM sbtest7 WHERE id BETWEEN 5566286 AND 5566295
	Aggregate  (cost=39.28..39.29 rows=1 width=8)
	  ->  Index Scan using sbtest7_pkey on sbtest7  (cost=0.43..39.25 rows=10 width=4)
	        Index Cond: ((id >= 5566286) AND (id <= 5566295))

table 8 : explain SELECT SUM(k) FROM sbtest8 WHERE id BETWEEN 4247480 AND 4247489
	Aggregate  (cost=35.25..35.26 rows=1 width=8)
	  ->  Index Scan using sbtest8_pkey on sbtest8  (cost=0.43..35.22 rows=9 width=4)
	        Index Cond: ((id >= 4247480) AND (id <= 4247489))

for: sum_ranges
table 1 : explain SELECT SUM(k) FROM sbtest1 WHERE id BETWEEN 4760969 AND 4760978
	Aggregate  (cost=38.98..38.99 rows=1 width=8)
	  ->  Index Scan using sbtest1_pkey on sbtest1  (cost=0.43..38.95 rows=10 width=4)
	        Index Cond: ((id >= 4760969) AND (id <= 4760978))

table 2 : explain SELECT SUM(k) FROM sbtest2 WHERE id BETWEEN 839879 AND 839888
	Aggregate  (cost=39.20..39.21 rows=1 width=8)
	  ->  Index Scan using sbtest2_pkey on sbtest2  (cost=0.43..39.17 rows=10 width=4)
	        Index Cond: ((id >= 839879) AND (id <= 839888))

table 3 : explain SELECT SUM(k) FROM sbtest3 WHERE id BETWEEN 3963250 AND 3963259
	Aggregate  (cost=35.86..35.87 rows=1 width=8)
	  ->  Index Scan using sbtest3_pkey on sbtest3  (cost=0.43..35.84 rows=9 width=4)
	        Index Cond: ((id >= 3963250) AND (id <= 3963259))

table 4 : explain SELECT SUM(k) FROM sbtest4 WHERE id BETWEEN 6518378 AND 6518387
	Aggregate  (cost=38.70..38.71 rows=1 width=8)
	  ->  Index Scan using sbtest4_pkey on sbtest4  (cost=0.43..38.68 rows=10 width=4)
	        Index Cond: ((id >= 6518378) AND (id <= 6518387))

table 5 : explain SELECT SUM(k) FROM sbtest5 WHERE id BETWEEN 8088028 AND 8088037
	Aggregate  (cost=39.24..39.25 rows=1 width=8)
	  ->  Index Scan using sbtest5_pkey on sbtest5  (cost=0.43..39.22 rows=10 width=4)
	        Index Cond: ((id >= 8088028) AND (id <= 8088037))

table 6 : explain SELECT SUM(k) FROM sbtest6 WHERE id BETWEEN 3291947 AND 3291956
	Aggregate  (cost=39.39..39.40 rows=1 width=8)
	  ->  Index Scan using sbtest6_pkey on sbtest6  (cost=0.43..39.36 rows=10 width=4)
	        Index Cond: ((id >= 3291947) AND (id <= 3291956))

table 7 : explain SELECT SUM(k) FROM sbtest7 WHERE id BETWEEN 357608 AND 357617
	Aggregate  (cost=42.70..42.71 rows=1 width=8)
	  ->  Index Scan using sbtest7_pkey on sbtest7  (cost=0.43..42.68 rows=11 width=4)
	        Index Cond: ((id >= 357608) AND (id <= 357617))

table 8 : explain SELECT SUM(k) FROM sbtest8 WHERE id BETWEEN 5974941 AND 5974950
	Aggregate  (cost=38.60..38.61 rows=1 width=8)
	  ->  Index Scan using sbtest8_pkey on sbtest8  (cost=0.43..38.57 rows=10 width=4)
	        Index Cond: ((id >= 5974941) AND (id <= 5974950))

for index_updates
table 1 : explain UPDATE sbtest1 SET k=k+1 WHERE id=3512337
	Update on sbtest1  (cost=0.43..8.46 rows=0 width=0)
	  ->  Index Scan using sbtest1_pkey on sbtest1  (cost=0.43..8.46 rows=1 width=10)
	        Index Cond: (id = 3512337)

table 2 : explain UPDATE sbtest2 SET k=k+1 WHERE id=4593356
	Update on sbtest2  (cost=0.43..8.46 rows=0 width=0)
	  ->  Index Scan using sbtest2_pkey on sbtest2  (cost=0.43..8.46 rows=1 width=10)
	        Index Cond: (id = 4593356)

table 3 : explain UPDATE sbtest3 SET k=k+1 WHERE id=9144026
	Update on sbtest3  (cost=0.43..8.46 rows=0 width=0)
	  ->  Index Scan using sbtest3_pkey on sbtest3  (cost=0.43..8.46 rows=1 width=10)
	        Index Cond: (id = 9144026)

table 4 : explain UPDATE sbtest4 SET k=k+1 WHERE id=7276243
	Update on sbtest4  (cost=0.43..8.46 rows=0 width=0)
	  ->  Index Scan using sbtest4_pkey on sbtest4  (cost=0.43..8.46 rows=1 width=10)
	        Index Cond: (id = 7276243)

table 5 : explain UPDATE sbtest5 SET k=k+1 WHERE id=4401948
	Update on sbtest5  (cost=0.43..8.46 rows=0 width=0)
	  ->  Index Scan using sbtest5_pkey on sbtest5  (cost=0.43..8.46 rows=1 width=10)
	        Index Cond: (id = 4401948)

table 6 : explain UPDATE sbtest6 SET k=k+1 WHERE id=8395116
	Update on sbtest6  (cost=0.43..8.46 rows=0 width=0)
	  ->  Index Scan using sbtest6_pkey on sbtest6  (cost=0.43..8.46 rows=1 width=10)
	        Index Cond: (id = 8395116)

table 7 : explain UPDATE sbtest7 SET k=k+1 WHERE id=7014391
	Update on sbtest7  (cost=0.43..8.46 rows=0 width=0)
	  ->  Index Scan using sbtest7_pkey on sbtest7  (cost=0.43..8.46 rows=1 width=10)
	        Index Cond: (id = 7014391)

table 8 : explain UPDATE sbtest8 SET k=k+1 WHERE id=7051916
	Update on sbtest8  (cost=0.43..8.46 rows=0 width=0)
	  ->  Index Scan using sbtest8_pkey on sbtest8  (cost=0.43..8.46 rows=1 width=10)
	        Index Cond: (id = 7051916)

for deletes
table 1 : explain DELETE FROM sbtest1 WHERE id=3375372
	Delete on sbtest1  (cost=0.43..8.45 rows=0 width=0)
	  ->  Index Scan using sbtest1_pkey on sbtest1  (cost=0.43..8.45 rows=1 width=6)
	        Index Cond: (id = 3375372)

table 2 : explain DELETE FROM sbtest2 WHERE id=1230696
	Delete on sbtest2  (cost=0.43..8.45 rows=0 width=0)
	  ->  Index Scan using sbtest2_pkey on sbtest2  (cost=0.43..8.45 rows=1 width=6)
	        Index Cond: (id = 1230696)

table 3 : explain DELETE FROM sbtest3 WHERE id=4617503
	Delete on sbtest3  (cost=0.43..8.45 rows=0 width=0)
	  ->  Index Scan using sbtest3_pkey on sbtest3  (cost=0.43..8.45 rows=1 width=6)
	        Index Cond: (id = 4617503)

table 4 : explain DELETE FROM sbtest4 WHERE id=5260804
	Delete on sbtest4  (cost=0.43..8.45 rows=0 width=0)
	  ->  Index Scan using sbtest4_pkey on sbtest4  (cost=0.43..8.45 rows=1 width=6)
	        Index Cond: (id = 5260804)

table 5 : explain DELETE FROM sbtest5 WHERE id=7226554
	Delete on sbtest5  (cost=0.43..8.45 rows=0 width=0)
	  ->  Index Scan using sbtest5_pkey on sbtest5  (cost=0.43..8.45 rows=1 width=6)
	        Index Cond: (id = 7226554)

table 6 : explain DELETE FROM sbtest6 WHERE id=1766259
	Delete on sbtest6  (cost=0.43..8.45 rows=0 width=0)
	  ->  Index Scan using sbtest6_pkey on sbtest6  (cost=0.43..8.45 rows=1 width=6)
	        Index Cond: (id = 1766259)

table 7 : explain DELETE FROM sbtest7 WHERE id=3213947
	Delete on sbtest7  (cost=0.43..8.45 rows=0 width=0)
	  ->  Index Scan using sbtest7_pkey on sbtest7  (cost=0.43..8.45 rows=1 width=6)
	        Index Cond: (id = 3213947)

table 8 : explain DELETE FROM sbtest8 WHERE id=888009
	Delete on sbtest8  (cost=0.43..8.45 rows=0 width=0)
	  ->  Index Scan using sbtest8_pkey on sbtest8  (cost=0.43..8.45 rows=1 width=6)
	        Index Cond: (id = 888009)

explain: for point_selects :: explain SELECT c FROM sbtest%u WHERE id=%ufor non_index_updates
table 1 : explain UPDATE sbtest1 SET c='foobar' WHERE id=7990792
	Update on sbtest1  (cost=0.43..8.45 rows=0 width=0)
	  ->  Index Scan using sbtest1_pkey on sbtest1  (cost=0.43..8.45 rows=1 width=490)
	        Index Cond: (id = 7990792)

table 2 : explain UPDATE sbtest2 SET c='foobar' WHERE id=6449423
	Update on sbtest2  (cost=0.43..8.45 rows=0 width=0)
	  ->  Index Scan using sbtest2_pkey on sbtest2  (cost=0.43..8.45 rows=1 width=490)
	        Index Cond: (id = 6449423)

table 3 : explain UPDATE sbtest3 SET c='foobar' WHERE id=763909
	Update on sbtest3  (cost=0.43..8.45 rows=0 width=0)
	  ->  Index Scan using sbtest3_pkey on sbtest3  (cost=0.43..8.45 rows=1 width=490)
	        Index Cond: (id = 763909)

table 4 : explain UPDATE sbtest4 SET c='foobar' WHERE id=121334
	Update on sbtest4  (cost=0.43..8.45 rows=0 width=0)
	  ->  Index Scan using sbtest4_pkey on sbtest4  (cost=0.43..8.45 rows=1 width=490)
	        Index Cond: (id = 121334)

table 5 : explain UPDATE sbtest5 SET c='foobar' WHERE id=7059840
	Update on sbtest5  (cost=0.43..8.45 rows=0 width=0)
	  ->  Index Scan using sbtest5_pkey on sbtest5  (cost=0.43..8.45 rows=1 width=490)
	        Index Cond: (id = 7059840)

table 6 : explain UPDATE sbtest6 SET c='foobar' WHERE id=7000633
	Update on sbtest6  (cost=0.43..8.45 rows=0 width=0)
	  ->  Index Scan using sbtest6_pkey on sbtest6  (cost=0.43..8.45 rows=1 width=490)
	        Index Cond: (id = 7000633)

table 7 : explain UPDATE sbtest7 SET c='foobar' WHERE id=9567494
	Update on sbtest7  (cost=0.43..8.45 rows=0 width=0)
	  ->  Index Scan using sbtest7_pkey on sbtest7  (cost=0.43..8.45 rows=1 width=490)
	        Index Cond: (id = 9567494)

table 8 : explain UPDATE sbtest8 SET c='foobar' WHERE id=5617652
	Update on sbtest8  (cost=0.43..8.45 rows=0 width=0)
	  ->  Index Scan using sbtest8_pkey on sbtest8  (cost=0.43..8.45 rows=1 width=490)
	        Index Cond: (id = 5617652)


for: order_ranges
table 1 : explain SELECT c FROM sbtest1 WHERE id BETWEEN 4663565 AND 4663574 ORDER BY c
	Sort  (cost=35.71..35.73 rows=9 width=121)
	  Sort Key: c
	  ->  Index Scan using sbtest1_pkey on sbtest1  (cost=0.43..35.56 rows=9 width=121)
	        Index Cond: ((id >= 4663565) AND (id <= 4663574))

table 2 : explain SELECT c FROM sbtest2 WHERE id BETWEEN 8808471 AND 8808480 ORDER BY c
	Sort  (cost=35.90..35.92 rows=9 width=121)
	  Sort Key: c
	  ->  Index Scan using sbtest2_pkey on sbtest2  (cost=0.43..35.76 rows=9 width=121)
	        Index Cond: ((id >= 8808471) AND (id <= 8808480))

table 3 : explain SELECT c FROM sbtest3 WHERE id BETWEEN 6491218 AND 6491227 ORDER BY c
	Sort  (cost=42.88..42.91 rows=11 width=121)
	  Sort Key: c
	  ->  Index Scan using sbtest3_pkey on sbtest3  (cost=0.43..42.69 rows=11 width=121)
	        Index Cond: ((id >= 6491218) AND (id <= 6491227))

table 4 : explain SELECT c FROM sbtest4 WHERE id BETWEEN 613375 AND 613384 ORDER BY c
	Sort  (cost=35.46..35.49 rows=9 width=121)
	  Sort Key: c
	  ->  Index Scan using sbtest4_pkey on sbtest4  (cost=0.43..35.32 rows=9 width=121)
	        Index Cond: ((id >= 613375) AND (id <= 613384))

table 5 : explain SELECT c FROM sbtest5 WHERE id BETWEEN 8771638 AND 8771647 ORDER BY c
	Sort  (cost=39.38..39.41 rows=10 width=121)
	  Sort Key: c
	  ->  Index Scan using sbtest5_pkey on sbtest5  (cost=0.43..39.22 rows=10 width=121)
	        Index Cond: ((id >= 8771638) AND (id <= 8771647))

table 6 : explain SELECT c FROM sbtest6 WHERE id BETWEEN 3223015 AND 3223024 ORDER BY c
	Sort  (cost=42.99..43.02 rows=11 width=121)
	  Sort Key: c
	  ->  Index Scan using sbtest6_pkey on sbtest6  (cost=0.43..42.80 rows=11 width=121)
	        Index Cond: ((id >= 3223015) AND (id <= 3223024))

table 7 : explain SELECT c FROM sbtest7 WHERE id BETWEEN 2079277 AND 2079286 ORDER BY c
	Sort  (cost=39.42..39.45 rows=10 width=121)
	  Sort Key: c
	  ->  Index Scan using sbtest7_pkey on sbtest7  (cost=0.43..39.25 rows=10 width=121)
	        Index Cond: ((id >= 2079277) AND (id <= 2079286))

table 8 : explain SELECT c FROM sbtest8 WHERE id BETWEEN 1509375 AND 1509384 ORDER BY c
	Sort  (cost=38.74..38.76 rows=10 width=121)
	  Sort Key: c
	  ->  Index Scan using sbtest8_pkey on sbtest8  (cost=0.43..38.57 rows=10 width=121)
	        Index Cond: ((id >= 1509375) AND (id <= 1509384))

explain: for deletes :: explain DELETE FROM sbtest%u WHERE id=%u
explain: for non_index_updates :: explain UPDATE sbtest%u SET c='foobar' WHERE id=%u
explain: for inserts :: explain INSERT INTO sbtest%u (id, k, c, pad) VALUES (%u, 13, 'foobar', 'foobar')
explain: for point_selects :: explain SELECT c FROM sbtest%u WHERE id=%u
for deletes
table 1 : explain DELETE FROM sbtest1 WHERE id=4728342
	Delete on sbtest1  (cost=0.43..8.45 rows=0 width=0)
	  ->  Index Scan using sbtest1_pkey on sbtest1  (cost=0.43..8.45 rows=1 width=6)
	        Index Cond: (id = 4728342)

table 2 : explain DELETE FROM sbtest2 WHERE id=5681027
	Delete on sbtest2  (cost=0.43..8.45 rows=0 width=0)
	  ->  Index Scan using sbtest2_pkey on sbtest2  (cost=0.43..8.45 rows=1 width=6)
	        Index Cond: (id = 5681027)

table 3 : explain DELETE FROM sbtest3 WHERE id=3745053
	Delete on sbtest3  (cost=0.43..8.45 rows=0 width=0)
	  ->  Index Scan using sbtest3_pkey on sbtest3  (cost=0.43..8.45 rows=1 width=6)
	        Index Cond: (id = 3745053)

table 4 : explain DELETE FROM sbtest4 WHERE id=9926545
	Delete on sbtest4  (cost=0.43..8.45 rows=0 width=0)
	  ->  Index Scan using sbtest4_pkey on sbtest4  (cost=0.43..8.45 rows=1 width=6)
	        Index Cond: (id = 9926545)

table 5 : explain DELETE FROM sbtest5 WHERE id=1686370
	Delete on sbtest5  (cost=0.43..8.45 rows=0 width=0)
	  ->  Index Scan using sbtest5_pkey on sbtest5  (cost=0.43..8.45 rows=1 width=6)
	        Index Cond: (id = 1686370)

table 6 : explain DELETE FROM sbtest6 WHERE id=5639192
	Delete on sbtest6  (cost=0.43..8.45 rows=0 width=0)
	  ->  Index Scan using sbtest6_pkey on sbtest6  (cost=0.43..8.45 rows=1 width=6)
	        Index Cond: (id = 5639192)

table 7 : explain DELETE FROM sbtest7 WHERE id=3717081
	Delete on sbtest7  (cost=0.43..8.45 rows=0 width=0)
	  ->  Index Scan using sbtest7_pkey on sbtest7  (cost=0.43..8.45 rows=1 width=6)
	        Index Cond: (id = 3717081)

table 8 : explain DELETE FROM sbtest8 WHERE id=5658888
	Delete on sbtest8  (cost=0.43..8.45 rows=0 width=0)
	  ->  Index Scan using sbtest8_pkey on sbtest8  (cost=0.43..8.45 rows=1 width=6)
	        Index Cond: (id = 5658888)

for deletes
table 1 : explain DELETE FROM sbtest1 WHERE id=9044390
	Delete on sbtest1  (cost=0.43..8.45 rows=0 width=0)
	  ->  Index Scan using sbtest1_pkey on sbtest1  (cost=0.43..8.45 rows=1 width=6)
	        Index Cond: (id = 9044390)

table 2 : explain DELETE FROM sbtest2 WHERE id=9446115
	Delete on sbtest2  (cost=0.43..8.45 rows=0 width=0)
	  ->  Index Scan using sbtest2_pkey on sbtest2  (cost=0.43..8.45 rows=1 width=6)
	        Index Cond: (id = 9446115)

table 3 : explain DELETE FROM sbtest3 WHERE id=8540173
	Delete on sbtest3  (cost=0.43..8.45 rows=0 width=0)
	  ->  Index Scan using sbtest3_pkey on sbtest3  (cost=0.43..8.45 rows=1 width=6)
	        Index Cond: (id = 8540173)

table 4 : explain DELETE FROM sbtest4 WHERE id=1850182
	Delete on sbtest4  (cost=0.43..8.45 rows=0 width=0)
	  ->  Index Scan using sbtest4_pkey on sbtest4  (cost=0.43..8.45 rows=1 width=6)
	        Index Cond: (id = 1850182)

table 5 : explain DELETE FROM sbtest5 WHERE id=4781405
	Delete on sbtest5  (cost=0.43..8.45 rows=0 width=0)
	  ->  Index Scan using sbtest5_pkey on sbtest5  (cost=0.43..8.45 rows=1 width=6)
	        Index Cond: (id = 4781405)

table 6 : explain DELETE FROM sbtest6 WHERE id=2516936
	Delete on sbtest6  (cost=0.43..8.45 rows=0 width=0)
	  ->  Index Scan using sbtest6_pkey on sbtest6  (cost=0.43..8.45 rows=1 width=6)
	        Index Cond: (id = 2516936)

table 7 : explain DELETE FROM sbtest7 WHERE id=7751991
	Delete on sbtest7  (cost=0.43..8.45 rows=0 width=0)
	  ->  Index Scan using sbtest7_pkey on sbtest7  (cost=0.43..8.45 rows=1 width=6)
	        Index Cond: (id = 7751991)

table 8 : explain DELETE FROM sbtest8 WHERE id=5694313
	Delete on sbtest8  (cost=0.43..8.45 rows=0 width=0)
	  ->  Index Scan using sbtest8_pkey on sbtest8  (cost=0.43..8.45 rows=1 width=6)
	        Index Cond: (id = 5694313)

for index_updates
table 1 : explain UPDATE sbtest1 SET k=k+1 WHERE id=143901
	Update on sbtest1  (cost=0.43..8.46 rows=0 width=0)
	  ->  Index Scan using sbtest1_pkey on sbtest1  (cost=0.43..8.46 rows=1 width=10)
	        Index Cond: (id = 143901)

table 2 : explain UPDATE sbtest2 SET k=k+1 WHERE id=2553162
	Update on sbtest2  (cost=0.43..8.46 rows=0 width=0)
	  ->  Index Scan using sbtest2_pkey on sbtest2  (cost=0.43..8.46 rows=1 width=10)
	        Index Cond: (id = 2553162)

table 3 : explain UPDATE sbtest3 SET k=k+1 WHERE id=535250
	Update on sbtest3  (cost=0.43..8.46 rows=0 width=0)
	  ->  Index Scan using sbtest3_pkey on sbtest3  (cost=0.43..8.46 rows=1 width=10)
	        Index Cond: (id = 535250)

table 4 : explain UPDATE sbtest4 SET k=k+1 WHERE id=4351433
	Update on sbtest4  (cost=0.43..8.46 rows=0 width=0)
	  ->  Index Scan using sbtest4_pkey on sbtest4  (cost=0.43..8.46 rows=1 width=10)
	        Index Cond: (id = 4351433)

table 5 : explain UPDATE sbtest5 SET k=k+1 WHERE id=4258900
	Update on sbtest5  (cost=0.43..8.46 rows=0 width=0)
	  ->  Index Scan using sbtest5_pkey on sbtest5  (cost=0.43..8.46 rows=1 width=10)
	        Index Cond: (id = 4258900)

table 6 : explain UPDATE sbtest6 SET k=k+1 WHERE id=93744
	Update on sbtest6  (cost=0.43..8.46 rows=0 width=0)
	  ->  Index Scan using sbtest6_pkey on sbtest6  (cost=0.43..8.46 rows=1 width=10)
	        Index Cond: (id = 93744)

table 7 : explain UPDATE sbtest7 SET k=k+1 WHERE id=288959
	Update on sbtest7  (cost=0.43..8.46 rows=0 width=0)
	  ->  Index Scan using sbtest7_pkey on sbtest7  (cost=0.43..8.46 rows=1 width=10)
	        Index Cond: (id = 288959)

table 8 : explain UPDATE sbtest8 SET k=k+1 WHERE id=2200327
	Update on sbtest8  (cost=0.43..8.46 rows=0 width=0)
	  ->  Index Scan using sbtest8_pkey on sbtest8  (cost=0.43..8.46 rows=1 width=10)
	        Index Cond: (id = 2200327)

for non_index_updates
table 1 : explain UPDATE sbtest1 SET c='foobar' WHERE id=8603138
	Update on sbtest1  (cost=0.43..8.45 rows=0 width=0)
	  ->  Index Scan using sbtest1_pkey on sbtest1  (cost=0.43..8.45 rows=1 width=490)
	        Index Cond: (id = 8603138)

table 2 : explain UPDATE sbtest2 SET c='foobar' WHERE id=2553756
	Update on sbtest2  (cost=0.43..8.45 rows=0 width=0)
	  ->  Index Scan using sbtest2_pkey on sbtest2  (cost=0.43..8.45 rows=1 width=490)
	        Index Cond: (id = 2553756)

table 3 : explain UPDATE sbtest3 SET c='foobar' WHERE id=7366273
	Update on sbtest3  (cost=0.43..8.45 rows=0 width=0)
	  ->  Index Scan using sbtest3_pkey on sbtest3  (cost=0.43..8.45 rows=1 width=490)
	        Index Cond: (id = 7366273)

table 4 : explain UPDATE sbtest4 SET c='foobar' WHERE id=2803254
	Update on sbtest4  (cost=0.43..8.45 rows=0 width=0)
	  ->  Index Scan using sbtest4_pkey on sbtest4  (cost=0.43..8.45 rows=1 width=490)
	        Index Cond: (id = 2803254)

table 5 : explain UPDATE sbtest5 SET c='foobar' WHERE id=8967158
	Update on sbtest5  (cost=0.43..8.45 rows=0 width=0)
	  ->  Index Scan using sbtest5_pkey on sbtest5  (cost=0.43..8.45 rows=1 width=490)
	        Index Cond: (id = 8967158)

table 6 : explain UPDATE sbtest6 SET c='foobar' WHERE id=1522741
	Update on sbtest6  (cost=0.43..8.45 rows=0 width=0)
	  ->  Index Scan using sbtest6_pkey on sbtest6  (cost=0.43..8.45 rows=1 width=490)
	        Index Cond: (id = 1522741)

table 7 : explain UPDATE sbtest7 SET c='foobar' WHERE id=1157761
	Update on sbtest7  (cost=0.43..8.45 rows=0 width=0)
	  ->  Index Scan using sbtest7_pkey on sbtest7  (cost=0.43..8.45 rows=1 width=490)
	        Index Cond: (id = 1157761)

table 8 : explain UPDATE sbtest8 SET c='foobar' WHERE id=6001818
	Update on sbtest8  (cost=0.43..8.45 rows=0 width=0)
	  ->  Index Scan using sbtest8_pkey on sbtest8  (cost=0.43..8.45 rows=1 width=490)
	        Index Cond: (id = 6001818)

for: order_ranges
table 1 : explain SELECT c FROM sbtest1 WHERE id BETWEEN 1814004 AND 1814013 ORDER BY c
	Sort  (cost=35.71..35.73 rows=9 width=121)
	  Sort Key: c
	  ->  Index Scan using sbtest1_pkey on sbtest1  (cost=0.43..35.56 rows=9 width=121)
	        Index Cond: ((id >= 1814004) AND (id <= 1814013))

table 2 : explain SELECT c FROM sbtest2 WHERE id BETWEEN 3168739 AND 3168748 ORDER BY c
	Sort  (cost=42.77..42.80 rows=11 width=121)
	  Sort Key: c
	  ->  Index Scan using sbtest2_pkey on sbtest2  (cost=0.43..42.58 rows=11 width=121)
	        Index Cond: ((id >= 3168739) AND (id <= 3168748))

table 3 : explain SELECT c FROM sbtest3 WHERE id BETWEEN 2510376 AND 2510385 ORDER BY c
	Sort  (cost=39.43..39.46 rows=10 width=121)
	  Sort Key: c
	  ->  Index Scan using sbtest3_pkey on sbtest3  (cost=0.43..39.26 rows=10 width=121)
	        Index Cond: ((id >= 2510376) AND (id <= 2510385))

table 4 : explain SELECT c FROM sbtest4 WHERE id BETWEEN 8554818 AND 8554827 ORDER BY c
	Sort  (cost=38.85..38.87 rows=10 width=121)
	  Sort Key: c
	  ->  Index Scan using sbtest4_pkey on sbtest4  (cost=0.43..38.68 rows=10 width=121)
	        Index Cond: ((id >= 8554818) AND (id <= 8554827))

table 5 : explain SELECT c FROM sbtest5 WHERE id BETWEEN 7082152 AND 7082161 ORDER BY c
	Sort  (cost=35.94..35.96 rows=9 width=121)
	  Sort Key: c
	  ->  Index Scan using sbtest5_pkey on sbtest5  (cost=0.43..35.80 rows=9 width=121)
	        Index Cond: ((id >= 7082152) AND (id <= 7082161))

table 6 : explain SELECT c FROM sbtest6 WHERE id BETWEEN 3696090 AND 3696099 ORDER BY c
	Sort  (cost=39.53..39.56 rows=10 width=121)
	  Sort Key: c
	  ->  Index Scan using sbtest6_pkey on sbtest6  (cost=0.43..39.36 rows=10 width=121)
	        Index Cond: ((id >= 3696090) AND (id <= 3696099))

table 7 : explain SELECT c FROM sbtest7 WHERE id BETWEEN 4688508 AND 4688517 ORDER BY c
	Sort  (cost=39.42..39.45 rows=10 width=121)
	  Sort Key: c
	  ->  Index Scan using sbtest7_pkey on sbtest7  (cost=0.43..39.25 rows=10 width=121)
	        Index Cond: ((id >= 4688508) AND (id <= 4688517))

table 8 : explain SELECT c FROM sbtest8 WHERE id BETWEEN 4355301 AND 4355310 ORDER BY c
	Sort  (cost=38.74..38.76 rows=10 width=121)
	  Sort Key: c
	  ->  Index Scan using sbtest8_pkey on sbtest8  (cost=0.43..38.57 rows=10 width=121)
	        Index Cond: ((id >= 4355301) AND (id <= 4355310))

for: order_ranges
table 1 : explain SELECT c FROM sbtest1 WHERE id BETWEEN 9400107 AND 9400116 ORDER BY c
	Sort  (cost=39.12..39.14 rows=10 width=121)
	  Sort Key: c
	  ->  Index Scan using sbtest1_pkey on sbtest1  (cost=0.43..38.95 rows=10 width=121)
	        Index Cond: ((id >= 9400107) AND (id <= 9400116))

table 2 : explain SELECT c FROM sbtest2 WHERE id BETWEEN 902729 AND 902738 ORDER BY c
	Sort  (cost=39.34..39.36 rows=10 width=121)
	  Sort Key: c
	  ->  Index Scan using sbtest2_pkey on sbtest2  (cost=0.43..39.17 rows=10 width=121)
	        Index Cond: ((id >= 902729) AND (id <= 902738))

table 3 : explain SELECT c FROM sbtest3 WHERE id BETWEEN 2761602 AND 2761611 ORDER BY c
	Sort  (cost=39.43..39.46 rows=10 width=121)
	  Sort Key: c
	  ->  Index Scan using sbtest3_pkey on sbtest3  (cost=0.43..39.26 rows=10 width=121)
	        Index Cond: ((id >= 2761602) AND (id <= 2761611))

table 4 : explain SELECT c FROM sbtest4 WHERE id BETWEEN 8556085 AND 8556094 ORDER BY c
	Sort  (cost=38.85..38.87 rows=10 width=121)
	  Sort Key: c
	  ->  Index Scan using sbtest4_pkey on sbtest4  (cost=0.43..38.68 rows=10 width=121)
	        Index Cond: ((id >= 8556085) AND (id <= 8556094))

table 5 : explain SELECT c FROM sbtest5 WHERE id BETWEEN 4990959 AND 4990968 ORDER BY c
	Sort  (cost=46.27..46.30 rows=12 width=121)
	  Sort Key: c
	  ->  Index Scan using sbtest5_pkey on sbtest5  (cost=0.43..46.05 rows=12 width=121)
	        Index Cond: ((id >= 4990959) AND (id <= 4990968))

table 6 : explain SELECT c FROM sbtest6 WHERE id BETWEEN 8770240 AND 8770249 ORDER BY c
	Sort  (cost=36.07..36.10 rows=9 width=121)
	  Sort Key: c
	  ->  Index Scan using sbtest6_pkey on sbtest6  (cost=0.43..35.93 rows=9 width=121)
	        Index Cond: ((id >= 8770240) AND (id <= 8770249))

table 7 : explain SELECT c FROM sbtest7 WHERE id BETWEEN 4448491 AND 4448500 ORDER BY c
	Sort  (cost=35.97..36.00 rows=9 width=121)
	  Sort Key: c
	  ->  Index Scan using sbtest7_pkey on sbtest7  (cost=0.43..35.83 rows=9 width=121)
	        Index Cond: ((id >= 4448491) AND (id <= 4448500))

table 8 : explain SELECT c FROM sbtest8 WHERE id BETWEEN 6506143 AND 6506152 ORDER BY c
	Sort  (cost=38.74..38.76 rows=10 width=121)
	  Sort Key: c
	  ->  Index Scan using sbtest8_pkey on sbtest8  (cost=0.43..38.57 rows=10 width=121)
	        Index Cond: ((id >= 6506143) AND (id <= 6506152))

for inserts
table 1 : explain INSERT INTO sbtest1 (id, k, c, pad) VALUES (2443714, 13, 'foobar', 'foobar')
	Insert on sbtest1  (cost=0.00..0.01 rows=0 width=0)
	  ->  Result  (cost=0.00..0.01 rows=1 width=736)

table 2 : explain INSERT INTO sbtest2 (id, k, c, pad) VALUES (8554716, 13, 'foobar', 'foobar')
	Insert on sbtest2  (cost=0.00..0.01 rows=0 width=0)
	  ->  Result  (cost=0.00..0.01 rows=1 width=736)

table 3 : explain INSERT INTO sbtest3 (id, k, c, pad) VALUES (7424526, 13, 'foobar', 'foobar')
	Insert on sbtest3  (cost=0.00..0.01 rows=0 width=0)
	  ->  Result  (cost=0.00..0.01 rows=1 width=736)

table 4 : explain INSERT INTO sbtest4 (id, k, c, pad) VALUES (1778000, 13, 'foobar', 'foobar')
	Insert on sbtest4  (cost=0.00..0.01 rows=0 width=0)
	  ->  Result  (cost=0.00..0.01 rows=1 width=736)

table 5 : explain INSERT INTO sbtest5 (id, k, c, pad) VALUES (2843973, 13, 'foobar', 'foobar')
	Insert on sbtest5  (cost=0.00..0.01 rows=0 width=0)
	  ->  Result  (cost=0.00..0.01 rows=1 width=736)

table 6 : explain INSERT INTO sbtest6 (id, k, c, pad) VALUES (7939186, 13, 'foobar', 'foobar')
	Insert on sbtest6  (cost=0.00..0.01 rows=0 width=0)
	  ->  Result  (cost=0.00..0.01 rows=1 width=736)

table 7 : explain INSERT INTO sbtest7 (id, k, c, pad) VALUES (3618740, 13, 'foobar', 'foobar')
	Insert on sbtest7  (cost=0.00..0.01 rows=0 width=0)
	  ->  Result  (cost=0.00..0.01 rows=1 width=736)

table 8 : explain INSERT INTO sbtest8 (id, k, c, pad) VALUES (6094155, 13, 'foobar', 'foobar')
	Insert on sbtest8  (cost=0.00..0.01 rows=0 width=0)
	  ->  Result  (cost=0.00..0.01 rows=1 width=736)

explain: for inserts :: explain INSERT INTO sbtest%u (id, k, c, pad) VALUES (%u, 13, 'foobar', 'foobar')
for: distinct_ranges
table 1 : explain SELECT DISTINCT c FROM sbtest1 WHERE id BETWEEN 2028725 AND 2028734 ORDER BY c
	Unique  (cost=42.53..42.59 rows=11 width=121)
	  ->  Sort  (cost=42.53..42.56 rows=11 width=121)
	        Sort Key: c
	        ->  Index Scan using sbtest1_pkey on sbtest1  (cost=0.43..42.34 rows=11 width=121)
	              Index Cond: ((id >= 2028725) AND (id <= 2028734))

table 2 : explain SELECT DISTINCT c FROM sbtest2 WHERE id BETWEEN 8534698 AND 8534707 ORDER BY c
	Unique  (cost=39.34..39.39 rows=10 width=121)
	  ->  Sort  (cost=39.34..39.36 rows=10 width=121)
	        Sort Key: c
	        ->  Index Scan using sbtest2_pkey on sbtest2  (cost=0.43..39.17 rows=10 width=121)
	              Index Cond: ((id >= 8534698) AND (id <= 8534707))

table 3 : explain SELECT DISTINCT c FROM sbtest3 WHERE id BETWEEN 9637588 AND 9637597 ORDER BY c
	Unique  (cost=39.43..39.48 rows=10 width=121)
	  ->  Sort  (cost=39.43..39.46 rows=10 width=121)
	        Sort Key: c
	        ->  Index Scan using sbtest3_pkey on sbtest3  (cost=0.43..39.26 rows=10 width=121)
	              Index Cond: ((id >= 9637588) AND (id <= 9637597))

table 4 : explain SELECT DISTINCT c FROM sbtest4 WHERE id BETWEEN 2743648 AND 2743657 ORDER BY c
	Unique  (cost=42.23..42.28 rows=11 width=121)
	  ->  Sort  (cost=42.23..42.25 rows=11 width=121)
	        Sort Key: c
	        ->  Index Scan using sbtest4_pkey on sbtest4  (cost=0.43..42.04 rows=11 width=121)
	              Index Cond: ((id >= 2743648) AND (id <= 2743657))

table 5 : explain SELECT DISTINCT c FROM sbtest5 WHERE id BETWEEN 1280693 AND 1280702 ORDER BY c
	Unique  (cost=39.38..39.43 rows=10 width=121)
	  ->  Sort  (cost=39.38..39.41 rows=10 width=121)
	        Sort Key: c
	        ->  Index Scan using sbtest5_pkey on sbtest5  (cost=0.43..39.22 rows=10 width=121)
	              Index Cond: ((id >= 1280693) AND (id <= 1280702))

table 6 : explain SELECT DISTINCT c FROM sbtest6 WHERE id BETWEEN 8468034 AND 8468043 ORDER BY c
	Unique  (cost=42.99..43.04 rows=11 width=121)
	  ->  Sort  (cost=42.99..43.02 rows=11 width=121)
	        Sort Key: c
	        ->  Index Scan using sbtest6_pkey on sbtest6  (cost=0.43..42.80 rows=11 width=121)
	              Index Cond: ((id >= 8468034) AND (id <= 8468043))

table 7 : explain SELECT DISTINCT c FROM sbtest7 WHERE id BETWEEN 4654154 AND 4654163 ORDER BY c
	Unique  (cost=39.42..39.47 rows=10 width=121)
	  ->  Sort  (cost=39.42..39.45 rows=10 width=121)
	        Sort Key: c
	        ->  Index Scan using sbtest7_pkey on sbtest7  (cost=0.43..39.25 rows=10 width=121)
	              Index Cond: ((id >= 4654154) AND (id <= 4654163))

table 8 : explain SELECT DISTINCT c FROM sbtest8 WHERE id BETWEEN 2696142 AND 2696151 ORDER BY c
	Unique  (cost=38.74..38.79 rows=10 width=121)
	  ->  Sort  (cost=38.74..38.76 rows=10 width=121)
	        Sort Key: c
	        ->  Index Scan using sbtest8_pkey on sbtest8  (cost=0.43..38.57 rows=10 width=121)
	              Index Cond: ((id >= 2696142) AND (id <= 2696151))

for point_selects
table 1 : explain SELECT c FROM sbtest1 WHERE id=6650867
	Index Scan using sbtest1_pkey on sbtest1  (cost=0.43..8.45 rows=1 width=121)
	  Index Cond: (id = 6650867)

table 2 : explain SELECT c FROM sbtest2 WHERE id=741380
	Index Scan using sbtest2_pkey on sbtest2  (cost=0.43..8.45 rows=1 width=121)
	  Index Cond: (id = 741380)

table 3 : explain SELECT c FROM sbtest3 WHERE id=3524190
	Index Scan using sbtest3_pkey on sbtest3  (cost=0.43..8.45 rows=1 width=121)
	  Index Cond: (id = 3524190)

table 4 : explain SELECT c FROM sbtest4 WHERE id=7455485
	Index Scan using sbtest4_pkey on sbtest4  (cost=0.43..8.45 rows=1 width=121)
	  Index Cond: (id = 7455485)

table 5 : explain SELECT c FROM sbtest5 WHERE id=8203890
	Index Scan using sbtest5_pkey on sbtest5  (cost=0.43..8.45 rows=1 width=121)
	  Index Cond: (id = 8203890)

table 6 : explain SELECT c FROM sbtest6 WHERE id=9422401
	Index Scan using sbtest6_pkey on sbtest6  (cost=0.43..8.45 rows=1 width=121)
	  Index Cond: (id = 9422401)

table 7 : explain SELECT c FROM sbtest7 WHERE id=353715
	Index Scan using sbtest7_pkey on sbtest7  (cost=0.43..8.45 rows=1 width=121)
	  Index Cond: (id = 353715)

table 8 : explain SELECT c FROM sbtest8 WHERE id=1464434
	Index Scan using sbtest8_pkey on sbtest8  (cost=0.43..8.45 rows=1 width=121)
	  Index Cond: (id = 1464434)

explain: for inserts :: explain INSERT INTO sbtest%u (id, k, c, pad) VALUES (%u, 13, 'foobar', 'foobar')
for inserts
table 1 : explain INSERT INTO sbtest1 (id, k, c, pad) VALUES (8294234, 13, 'foobar', 'foobar')
	Insert on sbtest1  (cost=0.00..0.01 rows=0 width=0)
	  ->  Result  (cost=0.00..0.01 rows=1 width=736)

table 2 : explain INSERT INTO sbtest2 (id, k, c, pad) VALUES (3302599, 13, 'foobar', 'foobar')
	Insert on sbtest2  (cost=0.00..0.01 rows=0 width=0)
	  ->  Result  (cost=0.00..0.01 rows=1 width=736)

table 3 : explain INSERT INTO sbtest3 (id, k, c, pad) VALUES (2988322, 13, 'foobar', 'foobar')
	Insert on sbtest3  (cost=0.00..0.01 rows=0 width=0)
	  ->  Result  (cost=0.00..0.01 rows=1 width=736)

table 4 : explain INSERT INTO sbtest4 (id, k, c, pad) VALUES (3624625, 13, 'foobar', 'foobar')
	Insert on sbtest4  (cost=0.00..0.01 rows=0 width=0)
	  ->  Result  (cost=0.00..0.01 rows=1 width=736)

table 5 : explain INSERT INTO sbtest5 (id, k, c, pad) VALUES (3221587, 13, 'foobar', 'foobar')
	Insert on sbtest5  (cost=0.00..0.01 rows=0 width=0)
	  ->  Result  (cost=0.00..0.01 rows=1 width=736)

table 6 : explain INSERT INTO sbtest6 (id, k, c, pad) VALUES (4912072, 13, 'foobar', 'foobar')
	Insert on sbtest6  (cost=0.00..0.01 rows=0 width=0)
	  ->  Result  (cost=0.00..0.01 rows=1 width=736)

table 7 : explain INSERT INTO sbtest7 (id, k, c, pad) VALUES (3959755, 13, 'foobar', 'foobar')
	Insert on sbtest7  (cost=0.00..0.01 rows=0 width=0)
	  ->  Result  (cost=0.00..0.01 rows=1 width=736)

table 8 : explain INSERT INTO sbtest8 (id, k, c, pad) VALUES (7215643, 13, 'foobar', 'foobar')
	Insert on sbtest8  (cost=0.00..0.01 rows=0 width=0)
	  ->  Result  (cost=0.00..0.01 rows=1 width=736)

explain: for index_updates :: explain UPDATE sbtest%u SET k=k+1 WHERE id=%u
explain: for non_index_updates :: explain UPDATE sbtest%u SET c='foobar' WHERE id=%u
for: order_ranges
table 1 : explain SELECT c FROM sbtest1 WHERE id BETWEEN 2927171 AND 2927180 ORDER BY c
	Sort  (cost=45.95..45.98 rows=12 width=121)
	  Sort Key: c
	  ->  Index Scan using sbtest1_pkey on sbtest1  (cost=0.43..45.73 rows=12 width=121)
	        Index Cond: ((id >= 2927171) AND (id <= 2927180))

table 2 : explain SELECT c FROM sbtest2 WHERE id BETWEEN 1315337 AND 1315346 ORDER BY c
	Sort  (cost=35.90..35.92 rows=9 width=121)
	  Sort Key: c
	  ->  Index Scan using sbtest2_pkey on sbtest2  (cost=0.43..35.76 rows=9 width=121)
	        Index Cond: ((id >= 1315337) AND (id <= 1315346))

table 3 : explain SELECT c FROM sbtest3 WHERE id BETWEEN 7641704 AND 7641713 ORDER BY c
	Sort  (cost=39.43..39.46 rows=10 width=121)
	  Sort Key: c
	  ->  Index Scan using sbtest3_pkey on sbtest3  (cost=0.43..39.26 rows=10 width=121)
	        Index Cond: ((id >= 7641704) AND (id <= 7641713))

table 4 : explain SELECT c FROM sbtest4 WHERE id BETWEEN 4480383 AND 4480392 ORDER BY c
	Sort  (cost=42.23..42.25 rows=11 width=121)
	  Sort Key: c
	  ->  Index Scan using sbtest4_pkey on sbtest4  (cost=0.43..42.04 rows=11 width=121)
	        Index Cond: ((id >= 4480383) AND (id <= 4480392))

table 5 : explain SELECT c FROM sbtest5 WHERE id BETWEEN 5336343 AND 5336352 ORDER BY c
	Sort  (cost=39.38..39.41 rows=10 width=121)
	  Sort Key: c
	  ->  Index Scan using sbtest5_pkey on sbtest5  (cost=0.43..39.22 rows=10 width=121)
	        Index Cond: ((id >= 5336343) AND (id <= 5336352))

table 6 : explain SELECT c FROM sbtest6 WHERE id BETWEEN 8854227 AND 8854236 ORDER BY c
	Sort  (cost=39.53..39.56 rows=10 width=121)
	  Sort Key: c
	  ->  Index Scan using sbtest6_pkey on sbtest6  (cost=0.43..39.36 rows=10 width=121)
	        Index Cond: ((id >= 8854227) AND (id <= 8854236))

table 7 : explain SELECT c FROM sbtest7 WHERE id BETWEEN 6657513 AND 6657522 ORDER BY c
	Sort  (cost=39.42..39.45 rows=10 width=121)
	  Sort Key: c
	  ->  Index Scan using sbtest7_pkey on sbtest7  (cost=0.43..39.25 rows=10 width=121)
	        Index Cond: ((id >= 6657513) AND (id <= 6657522))

table 8 : explain SELECT c FROM sbtest8 WHERE id BETWEEN 7070313 AND 7070322 ORDER BY c
	Sort  (cost=38.74..38.76 rows=10 width=121)
	  Sort Key: c
	  ->  Index Scan using sbtest8_pkey on sbtest8  (cost=0.43..38.57 rows=10 width=121)
	        Index Cond: ((id >= 7070313) AND (id <= 7070322))

for point_selects
table 1 : explain SELECT c FROM sbtest1 WHERE id=6070277
	Index Scan using sbtest1_pkey on sbtest1  (cost=0.43..8.45 rows=1 width=121)
	  Index Cond: (id = 6070277)

table 2 : explain SELECT c FROM sbtest2 WHERE id=8891999
	Index Scan using sbtest2_pkey on sbtest2  (cost=0.43..8.45 rows=1 width=121)
	  Index Cond: (id = 8891999)

table 3 : explain SELECT c FROM sbtest3 WHERE id=2291805
	Index Scan using sbtest3_pkey on sbtest3  (cost=0.43..8.45 rows=1 width=121)
	  Index Cond: (id = 2291805)

table 4 : explain SELECT c FROM sbtest4 WHERE id=5269803
	Index Scan using sbtest4_pkey on sbtest4  (cost=0.43..8.45 rows=1 width=121)
	  Index Cond: (id = 5269803)

table 5 : explain SELECT c FROM sbtest5 WHERE id=5084911
	Index Scan using sbtest5_pkey on sbtest5  (cost=0.43..8.45 rows=1 width=121)
	  Index Cond: (id = 5084911)

table 6 : explain SELECT c FROM sbtest6 WHERE id=6931383
	Index Scan using sbtest6_pkey on sbtest6  (cost=0.43..8.45 rows=1 width=121)
	  Index Cond: (id = 6931383)

table 7 : explain SELECT c FROM sbtest7 WHERE id=1697851
	Index Scan using sbtest7_pkey on sbtest7  (cost=0.43..8.45 rows=1 width=121)
	  Index Cond: (id = 1697851)

table 8 : explain SELECT c FROM sbtest8 WHERE id=9465629
	Index Scan using sbtest8_pkey on sbtest8  (cost=0.43..8.45 rows=1 width=121)
	  Index Cond: (id = 9465629)

for: simple_ranges
table 1 : explain SELECT c FROM sbtest1 WHERE id BETWEEN 3813031 AND 3813040
	Index Scan using sbtest1_pkey on sbtest1  (cost=0.43..38.95 rows=10 width=121)
	  Index Cond: ((id >= 3813031) AND (id <= 3813040))

table 2 : explain SELECT c FROM sbtest2 WHERE id BETWEEN 5106072 AND 5106081
	Index Scan using sbtest2_pkey on sbtest2  (cost=0.43..39.17 rows=10 width=121)
	  Index Cond: ((id >= 5106072) AND (id <= 5106081))

table 3 : explain SELECT c FROM sbtest3 WHERE id BETWEEN 6343851 AND 6343860
	Index Scan using sbtest3_pkey on sbtest3  (cost=0.43..42.69 rows=11 width=121)
	  Index Cond: ((id >= 6343851) AND (id <= 6343860))

table 4 : explain SELECT c FROM sbtest4 WHERE id BETWEEN 2622204 AND 2622213
	Index Scan using sbtest4_pkey on sbtest4  (cost=0.43..38.68 rows=10 width=121)
	  Index Cond: ((id >= 2622204) AND (id <= 2622213))

table 5 : explain SELECT c FROM sbtest5 WHERE id BETWEEN 9236280 AND 9236289
	Index Scan using sbtest5_pkey on sbtest5  (cost=0.43..39.22 rows=10 width=121)
	  Index Cond: ((id >= 9236280) AND (id <= 9236289))

table 6 : explain SELECT c FROM sbtest6 WHERE id BETWEEN 7581224 AND 7581233
	Index Scan using sbtest6_pkey on sbtest6  (cost=0.43..39.36 rows=10 width=121)
	  Index Cond: ((id >= 7581224) AND (id <= 7581233))

table 7 : explain SELECT c FROM sbtest7 WHERE id BETWEEN 7333785 AND 7333794
	Index Scan using sbtest7_pkey on sbtest7  (cost=0.43..39.25 rows=10 width=121)
	  Index Cond: ((id >= 7333785) AND (id <= 7333794))

table 8 : explain SELECT c FROM sbtest8 WHERE id BETWEEN 6423887 AND 6423896
	Index Scan using sbtest8_pkey on sbtest8  (cost=0.43..35.22 rows=9 width=121)
	  Index Cond: ((id >= 6423887) AND (id <= 6423896))

for index_updates
table 1 : explain UPDATE sbtest1 SET k=k+1 WHERE id=508156
	Update on sbtest1  (cost=0.43..8.46 rows=0 width=0)
	  ->  Index Scan using sbtest1_pkey on sbtest1  (cost=0.43..8.46 rows=1 width=10)
	        Index Cond: (id = 508156)

table 2 : explain UPDATE sbtest2 SET k=k+1 WHERE id=5646708
	Update on sbtest2  (cost=0.43..8.46 rows=0 width=0)
	  ->  Index Scan using sbtest2_pkey on sbtest2  (cost=0.43..8.46 rows=1 width=10)
	        Index Cond: (id = 5646708)

table 3 : explain UPDATE sbtest3 SET k=k+1 WHERE id=2824622
	Update on sbtest3  (cost=0.43..8.46 rows=0 width=0)
	  ->  Index Scan using sbtest3_pkey on sbtest3  (cost=0.43..8.46 rows=1 width=10)
	        Index Cond: (id = 2824622)

table 4 : explain UPDATE sbtest4 SET k=k+1 WHERE id=113261
	Update on sbtest4  (cost=0.43..8.46 rows=0 width=0)
	  ->  Index Scan using sbtest4_pkey on sbtest4  (cost=0.43..8.46 rows=1 width=10)
	        Index Cond: (id = 113261)

table 5 : explain UPDATE sbtest5 SET k=k+1 WHERE id=3057038
	Update on sbtest5  (cost=0.43..8.46 rows=0 width=0)
	  ->  Index Scan using sbtest5_pkey on sbtest5  (cost=0.43..8.46 rows=1 width=10)
	        Index Cond: (id = 3057038)

table 6 : explain UPDATE sbtest6 SET k=k+1 WHERE id=7790631
	Update on sbtest6  (cost=0.43..8.46 rows=0 width=0)
	  ->  Index Scan using sbtest6_pkey on sbtest6  (cost=0.43..8.46 rows=1 width=10)
	        Index Cond: (id = 7790631)

table 7 : explain UPDATE sbtest7 SET k=k+1 WHERE id=743959
	Update on sbtest7  (cost=0.43..8.46 rows=0 width=0)
	  ->  Index Scan using sbtest7_pkey on sbtest7  (cost=0.43..8.46 rows=1 width=10)
	        Index Cond: (id = 743959)

table 8 : explain UPDATE sbtest8 SET k=k+1 WHERE id=345952
	Update on sbtest8  (cost=0.43..8.46 rows=0 width=0)
	  ->  Index Scan using sbtest8_pkey on sbtest8  (cost=0.43..8.46 rows=1 width=10)
	        Index Cond: (id = 345952)

for: simple_ranges
table 1 : explain SELECT c FROM sbtest1 WHERE id BETWEEN 8796487 AND 8796496
	Index Scan using sbtest1_pkey on sbtest1  (cost=0.43..35.56 rows=9 width=121)
	  Index Cond: ((id >= 8796487) AND (id <= 8796496))

table 2 : explain SELECT c FROM sbtest2 WHERE id BETWEEN 1135229 AND 1135238
	Index Scan using sbtest2_pkey on sbtest2  (cost=0.43..39.17 rows=10 width=121)
	  Index Cond: ((id >= 1135229) AND (id <= 1135238))

table 3 : explain SELECT c FROM sbtest3 WHERE id BETWEEN 9686341 AND 9686350
	Index Scan using sbtest3_pkey on sbtest3  (cost=0.43..39.26 rows=10 width=121)
	  Index Cond: ((id >= 9686341) AND (id <= 9686350))

table 4 : explain SELECT c FROM sbtest4 WHERE id BETWEEN 5738853 AND 5738862
	Index Scan using sbtest4_pkey on sbtest4  (cost=0.43..38.68 rows=10 width=121)
	  Index Cond: ((id >= 5738853) AND (id <= 5738862))

table 5 : explain SELECT c FROM sbtest5 WHERE id BETWEEN 1971520 AND 1971529
	Index Scan using sbtest5_pkey on sbtest5  (cost=0.43..39.22 rows=10 width=121)
	  Index Cond: ((id >= 1971520) AND (id <= 1971529))

table 6 : explain SELECT c FROM sbtest6 WHERE id BETWEEN 3199967 AND 3199976
	Index Scan using sbtest6_pkey on sbtest6  (cost=0.43..42.80 rows=11 width=121)
	  Index Cond: ((id >= 3199967) AND (id <= 3199976))

table 7 : explain SELECT c FROM sbtest7 WHERE id BETWEEN 1398565 AND 1398574
	Index Scan using sbtest7_pkey on sbtest7  (cost=0.43..39.25 rows=10 width=121)
	  Index Cond: ((id >= 1398565) AND (id <= 1398574))

table 8 : explain SELECT c FROM sbtest8 WHERE id BETWEEN 1536360 AND 1536369
	Index Scan using sbtest8_pkey on sbtest8  (cost=0.43..38.57 rows=10 width=121)
	  Index Cond: ((id >= 1536360) AND (id <= 1536369))

for inserts
table 1 : explain INSERT INTO sbtest1 (id, k, c, pad) VALUES (9268945, 13, 'foobar', 'foobar')
	Insert on sbtest1  (cost=0.00..0.01 rows=0 width=0)
	  ->  Result  (cost=0.00..0.01 rows=1 width=736)

table 2 : explain INSERT INTO sbtest2 (id, k, c, pad) VALUES (9323334, 13, 'foobar', 'foobar')
	Insert on sbtest2  (cost=0.00..0.01 rows=0 width=0)
	  ->  Result  (cost=0.00..0.01 rows=1 width=736)

table 3 : explain INSERT INTO sbtest3 (id, k, c, pad) VALUES (2423641, 13, 'foobar', 'foobar')
	Insert on sbtest3  (cost=0.00..0.01 rows=0 width=0)
	  ->  Result  (cost=0.00..0.01 rows=1 width=736)

table 4 : explain INSERT INTO sbtest4 (id, k, c, pad) VALUES (7119943, 13, 'foobar', 'foobar')
	Insert on sbtest4  (cost=0.00..0.01 rows=0 width=0)
	  ->  Result  (cost=0.00..0.01 rows=1 width=736)

table 5 : explain INSERT INTO sbtest5 (id, k, c, pad) VALUES (756109, 13, 'foobar', 'foobar')
	Insert on sbtest5  (cost=0.00..0.01 rows=0 width=0)
	  ->  Result  (cost=0.00..0.01 rows=1 width=736)

table 6 : explain INSERT INTO sbtest6 (id, k, c, pad) VALUES (3451201, 13, 'foobar', 'foobar')
	Insert on sbtest6  (cost=0.00..0.01 rows=0 width=0)
	  ->  Result  (cost=0.00..0.01 rows=1 width=736)

table 7 : explain INSERT INTO sbtest7 (id, k, c, pad) VALUES (5733977, 13, 'foobar', 'foobar')
	Insert on sbtest7  (cost=0.00..0.01 rows=0 width=0)
	  ->  Result  (cost=0.00..0.01 rows=1 width=736)

table 8 : explain INSERT INTO sbtest8 (id, k, c, pad) VALUES (2655962, 13, 'foobar', 'foobar')
	Insert on sbtest8  (cost=0.00..0.01 rows=0 width=0)
	  ->  Result  (cost=0.00..0.01 rows=1 width=736)

explain: for point_selects :: explain SELECT c FROM sbtest%u WHERE id=%u
for: order_ranges
table 1 : explain SELECT c FROM sbtest1 WHERE id BETWEEN 9331151 AND 9331160 ORDER BY c
	Sort  (cost=39.12..39.14 rows=10 width=121)
	  Sort Key: c
	  ->  Index Scan using sbtest1_pkey on sbtest1  (cost=0.43..38.95 rows=10 width=121)
	        Index Cond: ((id >= 9331151) AND (id <= 9331160))

table 2 : explain SELECT c FROM sbtest2 WHERE id BETWEEN 629368 AND 629377 ORDER BY c
	Sort  (cost=42.77..42.80 rows=11 width=121)
	  Sort Key: c
	  ->  Index Scan using sbtest2_pkey on sbtest2  (cost=0.43..42.58 rows=11 width=121)
	        Index Cond: ((id >= 629368) AND (id <= 629377))

table 3 : explain SELECT c FROM sbtest3 WHERE id BETWEEN 4070100 AND 4070109 ORDER BY c
	Sort  (cost=39.43..39.46 rows=10 width=121)
	  Sort Key: c
	  ->  Index Scan using sbtest3_pkey on sbtest3  (cost=0.43..39.26 rows=10 width=121)
	        Index Cond: ((id >= 4070100) AND (id <= 4070109))

table 4 : explain SELECT c FROM sbtest4 WHERE id BETWEEN 5753410 AND 5753419 ORDER BY c
	Sort  (cost=38.85..38.87 rows=10 width=121)
	  Sort Key: c
	  ->  Index Scan using sbtest4_pkey on sbtest4  (cost=0.43..38.68 rows=10 width=121)
	        Index Cond: ((id >= 5753410) AND (id <= 5753419))

table 5 : explain SELECT c FROM sbtest5 WHERE id BETWEEN 9094453 AND 9094462 ORDER BY c
	Sort  (cost=39.38..39.41 rows=10 width=121)
	  Sort Key: c
	  ->  Index Scan using sbtest5_pkey on sbtest5  (cost=0.43..39.22 rows=10 width=121)
	        Index Cond: ((id >= 9094453) AND (id <= 9094462))

table 6 : explain SELECT c FROM sbtest6 WHERE id BETWEEN 8249991 AND 8250000 ORDER BY c
	Sort  (cost=39.53..39.56 rows=10 width=121)
	  Sort Key: c
	  ->  Index Scan using sbtest6_pkey on sbtest6  (cost=0.43..39.36 rows=10 width=121)
	        Index Cond: ((id >= 8249991) AND (id <= 8250000))

table 7 : explain SELECT c FROM sbtest7 WHERE id BETWEEN 6494529 AND 6494538 ORDER BY c
	Sort  (cost=39.42..39.45 rows=10 width=121)
	  Sort Key: c
	  ->  Index Scan using sbtest7_pkey on sbtest7  (cost=0.43..39.25 rows=10 width=121)
	        Index Cond: ((id >= 6494529) AND (id <= 6494538))

table 8 : explain SELECT c FROM sbtest8 WHERE id BETWEEN 4254070 AND 4254079 ORDER BY c
	Sort  (cost=35.37..35.39 rows=9 width=121)
	  Sort Key: c
	  ->  Index Scan using sbtest8_pkey on sbtest8  (cost=0.43..35.22 rows=9 width=121)
	        Index Cond: ((id >= 4254070) AND (id <= 4254079))

explain: for non_index_updates :: explain UPDATE sbtest%u SET c='foobar' WHERE id=%u
for: distinct_ranges
table 1 : explain SELECT DISTINCT c FROM sbtest1 WHERE id BETWEEN 3218728 AND 3218737 ORDER BY c
	Unique  (cost=39.12..39.17 rows=10 width=121)
	  ->  Sort  (cost=39.12..39.14 rows=10 width=121)
	        Sort Key: c
	        ->  Index Scan using sbtest1_pkey on sbtest1  (cost=0.43..38.95 rows=10 width=121)
	              Index Cond: ((id >= 3218728) AND (id <= 3218737))

table 2 : explain SELECT DISTINCT c FROM sbtest2 WHERE id BETWEEN 2995833 AND 2995842 ORDER BY c
	Unique  (cost=35.90..35.95 rows=9 width=121)
	  ->  Sort  (cost=35.90..35.92 rows=9 width=121)
	        Sort Key: c
	        ->  Index Scan using sbtest2_pkey on sbtest2  (cost=0.43..35.76 rows=9 width=121)
	              Index Cond: ((id >= 2995833) AND (id <= 2995842))

table 3 : explain SELECT DISTINCT c FROM sbtest3 WHERE id BETWEEN 2377423 AND 2377432 ORDER BY c
	Unique  (cost=42.88..42.93 rows=11 width=121)
	  ->  Sort  (cost=42.88..42.91 rows=11 width=121)
	        Sort Key: c
	        ->  Index Scan using sbtest3_pkey on sbtest3  (cost=0.43..42.69 rows=11 width=121)
	              Index Cond: ((id >= 2377423) AND (id <= 2377432))

table 4 : explain SELECT DISTINCT c FROM sbtest4 WHERE id BETWEEN 4317658 AND 4317667 ORDER BY c
	Unique  (cost=38.85..38.90 rows=10 width=121)
	  ->  Sort  (cost=38.85..38.87 rows=10 width=121)
	        Sort Key: c
	        ->  Index Scan using sbtest4_pkey on sbtest4  (cost=0.43..38.68 rows=10 width=121)
	              Index Cond: ((id >= 4317658) AND (id <= 4317667))

table 5 : explain SELECT DISTINCT c FROM sbtest5 WHERE id BETWEEN 7169369 AND 7169378 ORDER BY c
	Unique  (cost=39.38..39.43 rows=10 width=121)
	  ->  Sort  (cost=39.38..39.41 rows=10 width=121)
	        Sort Key: c
	        ->  Index Scan using sbtest5_pkey on sbtest5  (cost=0.43..39.22 rows=10 width=121)
	              Index Cond: ((id >= 7169369) AND (id <= 7169378))

table 6 : explain SELECT DISTINCT c FROM sbtest6 WHERE id BETWEEN 1671725 AND 1671734 ORDER BY c
	Unique  (cost=39.53..39.58 rows=10 width=121)
	  ->  Sort  (cost=39.53..39.56 rows=10 width=121)
	        Sort Key: c
	        ->  Index Scan using sbtest6_pkey on sbtest6  (cost=0.43..39.36 rows=10 width=121)
	              Index Cond: ((id >= 1671725) AND (id <= 1671734))

table 7 : explain SELECT DISTINCT c FROM sbtest7 WHERE id BETWEEN 310974 AND 310983 ORDER BY c
	Unique  (cost=42.87..42.92 rows=11 width=121)
	  ->  Sort  (cost=42.87..42.89 rows=11 width=121)
	        Sort Key: c
	        ->  Index Scan using sbtest7_pkey on sbtest7  (cost=0.43..42.68 rows=11 width=121)
	              Index Cond: ((id >= 310974) AND (id <= 310983))

table 8 : explain SELECT DISTINCT c FROM sbtest8 WHERE id BETWEEN 7869497 AND 7869506 ORDER BY c
	Unique  (cost=38.74..38.79 rows=10 width=121)
	  ->  Sort  (cost=38.74..38.76 rows=10 width=121)
	        Sort Key: c
	        ->  Index Scan using sbtest8_pkey on sbtest8  (cost=0.43..38.57 rows=10 width=121)
	              Index Cond: ((id >= 7869497) AND (id <= 7869506))

explain: for point_selects :: explain SELECT c FROM sbtest%u WHERE id=%u
for index_updates
table 1 : explain UPDATE sbtest1 SET k=k+1 WHERE id=9800147
	Update on sbtest1  (cost=0.43..8.46 rows=0 width=0)
	  ->  Index Scan using sbtest1_pkey on sbtest1  (cost=0.43..8.46 rows=1 width=10)
	        Index Cond: (id = 9800147)

table 2 : explain UPDATE sbtest2 SET k=k+1 WHERE id=8809000
	Update on sbtest2  (cost=0.43..8.46 rows=0 width=0)
	  ->  Index Scan using sbtest2_pkey on sbtest2  (cost=0.43..8.46 rows=1 width=10)
	        Index Cond: (id = 8809000)

table 3 : explain UPDATE sbtest3 SET k=k+1 WHERE id=3537145
	Update on sbtest3  (cost=0.43..8.46 rows=0 width=0)
	  ->  Index Scan using sbtest3_pkey on sbtest3  (cost=0.43..8.46 rows=1 width=10)
	        Index Cond: (id = 3537145)

table 4 : explain UPDATE sbtest4 SET k=k+1 WHERE id=7168561
	Update on sbtest4  (cost=0.43..8.46 rows=0 width=0)
	  ->  Index Scan using sbtest4_pkey on sbtest4  (cost=0.43..8.46 rows=1 width=10)
	        Index Cond: (id = 7168561)

table 5 : explain UPDATE sbtest5 SET k=k+1 WHERE id=3977007
	Update on sbtest5  (cost=0.43..8.46 rows=0 width=0)
	  ->  Index Scan using sbtest5_pkey on sbtest5  (cost=0.43..8.46 rows=1 width=10)
	        Index Cond: (id = 3977007)

table 6 : explain UPDATE sbtest6 SET k=k+1 WHERE id=7195290
	Update on sbtest6  (cost=0.43..8.46 rows=0 width=0)
	  ->  Index Scan using sbtest6_pkey on sbtest6  (cost=0.43..8.46 rows=1 width=10)
	        Index Cond: (id = 7195290)

table 7 : explain UPDATE sbtest7 SET k=k+1 WHERE id=4972196
	Update on sbtest7  (cost=0.43..8.46 rows=0 width=0)
	  ->  Index Scan using sbtest7_pkey on sbtest7  (cost=0.43..8.46 rows=1 width=10)
	        Index Cond: (id = 4972196)

table 8 : explain UPDATE sbtest8 SET k=k+1 WHERE id=7352873
	Update on sbtest8  (cost=0.43..8.46 rows=0 width=0)
	  ->  Index Scan using sbtest8_pkey on sbtest8  (cost=0.43..8.46 rows=1 width=10)
	        Index Cond: (id = 7352873)

explain: for point_selects :: explain SELECT c FROM sbtest%u WHERE id=%u
for: simple_ranges
table 1 : explain SELECT c FROM sbtest1 WHERE id BETWEEN 973065 AND 973074
	Index Scan using sbtest1_pkey on sbtest1  (cost=0.43..35.56 rows=9 width=121)
	  Index Cond: ((id >= 973065) AND (id <= 973074))

table 2 : explain SELECT c FROM sbtest2 WHERE id BETWEEN 5150802 AND 5150811
	Index Scan using sbtest2_pkey on sbtest2  (cost=0.43..39.17 rows=10 width=121)
	  Index Cond: ((id >= 5150802) AND (id <= 5150811))

table 3 : explain SELECT c FROM sbtest3 WHERE id BETWEEN 6883263 AND 6883272
	Index Scan using sbtest3_pkey on sbtest3  (cost=0.43..42.69 rows=11 width=121)
	  Index Cond: ((id >= 6883263) AND (id <= 6883272))

table 4 : explain SELECT c FROM sbtest4 WHERE id BETWEEN 9169346 AND 9169355
	Index Scan using sbtest4_pkey on sbtest4  (cost=0.43..38.68 rows=10 width=121)
	  Index Cond: ((id >= 9169346) AND (id <= 9169355))

table 5 : explain SELECT c FROM sbtest5 WHERE id BETWEEN 9080824 AND 9080833
	Index Scan using sbtest5_pkey on sbtest5  (cost=0.43..39.22 rows=10 width=121)
	  Index Cond: ((id >= 9080824) AND (id <= 9080833))

table 6 : explain SELECT c FROM sbtest6 WHERE id BETWEEN 3521502 AND 3521511
	Index Scan using sbtest6_pkey on sbtest6  (cost=0.43..42.80 rows=11 width=121)
	  Index Cond: ((id >= 3521502) AND (id <= 3521511))

table 7 : explain SELECT c FROM sbtest7 WHERE id BETWEEN 191898 AND 191907
	Index Scan using sbtest7_pkey on sbtest7  (cost=0.43..39.25 rows=10 width=121)
	  Index Cond: ((id >= 191898) AND (id <= 191907))

table 8 : explain SELECT c FROM sbtest8 WHERE id BETWEEN 3713018 AND 3713027
	Index Scan using sbtest8_pkey on sbtest8  (cost=0.43..41.92 rows=11 width=121)
	  Index Cond: ((id >= 3713018) AND (id <= 3713027))

explain: for non_index_updates :: explain UPDATE sbtest%u SET c='foobar' WHERE id=%u
for: sum_ranges
table 1 : explain SELECT SUM(k) FROM sbtest1 WHERE id BETWEEN 2721940 AND 2721949
	Aggregate  (cost=35.59..35.60 rows=1 width=8)
	  ->  Index Scan using sbtest1_pkey on sbtest1  (cost=0.43..35.56 rows=9 width=4)
	        Index Cond: ((id >= 2721940) AND (id <= 2721949))

table 2 : explain SELECT SUM(k) FROM sbtest2 WHERE id BETWEEN 5525225 AND 5525234
	Aggregate  (cost=42.61..42.62 rows=1 width=8)
	  ->  Index Scan using sbtest2_pkey on sbtest2  (cost=0.43..42.58 rows=11 width=4)
	        Index Cond: ((id >= 5525225) AND (id <= 5525234))

table 3 : explain SELECT SUM(k) FROM sbtest3 WHERE id BETWEEN 8794213 AND 8794222
	Aggregate  (cost=39.29..39.30 rows=1 width=8)
	  ->  Index Scan using sbtest3_pkey on sbtest3  (cost=0.43..39.26 rows=10 width=4)
	        Index Cond: ((id >= 8794213) AND (id <= 8794222))

table 4 : explain SELECT SUM(k) FROM sbtest4 WHERE id BETWEEN 1405202 AND 1405211
	Aggregate  (cost=38.70..38.71 rows=1 width=8)
	  ->  Index Scan using sbtest4_pkey on sbtest4  (cost=0.43..38.68 rows=10 width=4)
	        Index Cond: ((id >= 1405202) AND (id <= 1405211))

table 5 : explain SELECT SUM(k) FROM sbtest5 WHERE id BETWEEN 9272992 AND 9273001
	Aggregate  (cost=39.24..39.25 rows=1 width=8)
	  ->  Index Scan using sbtest5_pkey on sbtest5  (cost=0.43..39.22 rows=10 width=4)
	        Index Cond: ((id >= 9272992) AND (id <= 9273001))

table 6 : explain SELECT SUM(k) FROM sbtest6 WHERE id BETWEEN 2197588 AND 2197597
	Aggregate  (cost=39.39..39.40 rows=1 width=8)
	  ->  Index Scan using sbtest6_pkey on sbtest6  (cost=0.43..39.36 rows=10 width=4)
	        Index Cond: ((id >= 2197588) AND (id <= 2197597))

table 7 : explain SELECT SUM(k) FROM sbtest7 WHERE id BETWEEN 8286127 AND 8286136
	Aggregate  (cost=39.28..39.29 rows=1 width=8)
	  ->  Index Scan using sbtest7_pkey on sbtest7  (cost=0.43..39.25 rows=10 width=4)
	        Index Cond: ((id >= 8286127) AND (id <= 8286136))

table 8 : explain SELECT SUM(k) FROM sbtest8 WHERE id BETWEEN 1293011 AND 1293020
	Aggregate  (cost=35.25..35.26 rows=1 width=8)
	  ->  Index Scan using sbtest8_pkey on sbtest8  (cost=0.43..35.22 rows=9 width=4)
	        Index Cond: ((id >= 1293011) AND (id <= 1293020))

for non_index_updates
table 1 : explain UPDATE sbtest1 SET c='foobar' WHERE id=1230426
	Update on sbtest1  (cost=0.43..8.45 rows=0 width=0)
	  ->  Index Scan using sbtest1_pkey on sbtest1  (cost=0.43..8.45 rows=1 width=490)
	        Index Cond: (id = 1230426)

table 2 : explain UPDATE sbtest2 SET c='foobar' WHERE id=296442
	Update on sbtest2  (cost=0.43..8.45 rows=0 width=0)
	  ->  Index Scan using sbtest2_pkey on sbtest2  (cost=0.43..8.45 rows=1 width=490)
	        Index Cond: (id = 296442)

table 3 : explain UPDATE sbtest3 SET c='foobar' WHERE id=3524502
	Update on sbtest3  (cost=0.43..8.45 rows=0 width=0)
	  ->  Index Scan using sbtest3_pkey on sbtest3  (cost=0.43..8.45 rows=1 width=490)
	        Index Cond: (id = 3524502)

table 4 : explain UPDATE sbtest4 SET c='foobar' WHERE id=5029172
	Update on sbtest4  (cost=0.43..8.45 rows=0 width=0)
	  ->  Index Scan using sbtest4_pkey on sbtest4  (cost=0.43..8.45 rows=1 width=490)
	        Index Cond: (id = 5029172)

table 5 : explain UPDATE sbtest5 SET c='foobar' WHERE id=1801061
	Update on sbtest5  (cost=0.43..8.45 rows=0 width=0)
	  ->  Index Scan using sbtest5_pkey on sbtest5  (cost=0.43..8.45 rows=1 width=490)
	        Index Cond: (id = 1801061)

table 6 : explain UPDATE sbtest6 SET c='foobar' WHERE id=742103
	Update on sbtest6  (cost=0.43..8.45 rows=0 width=0)
	  ->  Index Scan using sbtest6_pkey on sbtest6  (cost=0.43..8.45 rows=1 width=490)
	        Index Cond: (id = 742103)

table 7 : explain UPDATE sbtest7 SET c='foobar' WHERE id=2429762
	Update on sbtest7  (cost=0.43..8.45 rows=0 width=0)
	  ->  Index Scan using sbtest7_pkey on sbtest7  (cost=0.43..8.45 rows=1 width=490)
	        Index Cond: (id = 2429762)

table 8 : explain UPDATE sbtest8 SET c='foobar' WHERE id=6316767
	Update on sbtest8  (cost=0.43..8.45 rows=0 width=0)
	  ->  Index Scan using sbtest8_pkey on sbtest8  (cost=0.43..8.45 rows=1 width=490)
	        Index Cond: (id = 6316767)

for: distinct_ranges
table 1 : explain SELECT DISTINCT c FROM sbtest1 WHERE id BETWEEN 841192 AND 841201 ORDER BY c
	Unique  (cost=39.12..39.17 rows=10 width=121)
	  ->  Sort  (cost=39.12..39.14 rows=10 width=121)
	        Sort Key: c
	        ->  Index Scan using sbtest1_pkey on sbtest1  (cost=0.43..38.95 rows=10 width=121)
	              Index Cond: ((id >= 841192) AND (id <= 841201))

table 2 : explain SELECT DISTINCT c FROM sbtest2 WHERE id BETWEEN 2343309 AND 2343318 ORDER BY c
	Unique  (cost=39.34..39.39 rows=10 width=121)
	  ->  Sort  (cost=39.34..39.36 rows=10 width=121)
	        Sort Key: c
	        ->  Index Scan using sbtest2_pkey on sbtest2  (cost=0.43..39.17 rows=10 width=121)
	              Index Cond: ((id >= 2343309) AND (id <= 2343318))

table 3 : explain SELECT DISTINCT c FROM sbtest3 WHERE id BETWEEN 1452220 AND 1452229 ORDER BY c
	Unique  (cost=42.88..42.93 rows=11 width=121)
	  ->  Sort  (cost=42.88..42.91 rows=11 width=121)
	        Sort Key: c
	        ->  Index Scan using sbtest3_pkey on sbtest3  (cost=0.43..42.69 rows=11 width=121)
	              Index Cond: ((id >= 1452220) AND (id <= 1452229))

table 4 : explain SELECT DISTINCT c FROM sbtest4 WHERE id BETWEEN 7795557 AND 7795566 ORDER BY c
	Unique  (cost=42.23..42.28 rows=11 width=121)
	  ->  Sort  (cost=42.23..42.25 rows=11 width=121)
	        Sort Key: c
	        ->  Index Scan using sbtest4_pkey on sbtest4  (cost=0.43..42.04 rows=11 width=121)
	              Index Cond: ((id >= 7795557) AND (id <= 7795566))

table 5 : explain SELECT DISTINCT c FROM sbtest5 WHERE id BETWEEN 1253244 AND 1253253 ORDER BY c
	Unique  (cost=39.38..39.43 rows=10 width=121)
	  ->  Sort  (cost=39.38..39.41 rows=10 width=121)
	        Sort Key: c
	        ->  Index Scan using sbtest5_pkey on sbtest5  (cost=0.43..39.22 rows=10 width=121)
	              Index Cond: ((id >= 1253244) AND (id <= 1253253))

table 6 : explain SELECT DISTINCT c FROM sbtest6 WHERE id BETWEEN 2585926 AND 2585935 ORDER BY c
	Unique  (cost=39.53..39.58 rows=10 width=121)
	  ->  Sort  (cost=39.53..39.56 rows=10 width=121)
	        Sort Key: c
	        ->  Index Scan using sbtest6_pkey on sbtest6  (cost=0.43..39.36 rows=10 width=121)
	              Index Cond: ((id >= 2585926) AND (id <= 2585935))

table 7 : explain SELECT DISTINCT c FROM sbtest7 WHERE id BETWEEN 4359201 AND 4359210 ORDER BY c
	Unique  (cost=39.42..39.47 rows=10 width=121)
	  ->  Sort  (cost=39.42..39.45 rows=10 width=121)
	        Sort Key: c
	        ->  Index Scan using sbtest7_pkey on sbtest7  (cost=0.43..39.25 rows=10 width=121)
	              Index Cond: ((id >= 4359201) AND (id <= 4359210))

table 8 : explain SELECT DISTINCT c FROM sbtest8 WHERE id BETWEEN 3667423 AND 3667432 ORDER BY c
	Unique  (cost=42.11..42.16 rows=11 width=121)
	  ->  Sort  (cost=42.11..42.13 rows=11 width=121)
	        Sort Key: c
	        ->  Index Scan using sbtest8_pkey on sbtest8  (cost=0.43..41.92 rows=11 width=121)
	              Index Cond: ((id >= 3667423) AND (id <= 3667432))

explain: for index_updates :: explain UPDATE sbtest%u SET k=k+1 WHERE id=%u
for: sum_ranges
table 1 : explain SELECT SUM(k) FROM sbtest1 WHERE id BETWEEN 674216 AND 674225
	Aggregate  (cost=42.37..42.38 rows=1 width=8)
	  ->  Index Scan using sbtest1_pkey on sbtest1  (cost=0.43..42.34 rows=11 width=4)
	        Index Cond: ((id >= 674216) AND (id <= 674225))

table 2 : explain SELECT SUM(k) FROM sbtest2 WHERE id BETWEEN 8296821 AND 8296830
	Aggregate  (cost=39.20..39.21 rows=1 width=8)
	  ->  Index Scan using sbtest2_pkey on sbtest2  (cost=0.43..39.17 rows=10 width=4)
	        Index Cond: ((id >= 8296821) AND (id <= 8296830))

table 3 : explain SELECT SUM(k) FROM sbtest3 WHERE id BETWEEN 8955712 AND 8955721
	Aggregate  (cost=42.71..42.72 rows=1 width=8)
	  ->  Index Scan using sbtest3_pkey on sbtest3  (cost=0.43..42.69 rows=11 width=4)
	        Index Cond: ((id >= 8955712) AND (id <= 8955721))

table 4 : explain SELECT SUM(k) FROM sbtest4 WHERE id BETWEEN 5749576 AND 5749585
	Aggregate  (cost=38.70..38.71 rows=1 width=8)
	  ->  Index Scan using sbtest4_pkey on sbtest4  (cost=0.43..38.68 rows=10 width=4)
	        Index Cond: ((id >= 5749576) AND (id <= 5749585))

table 5 : explain SELECT SUM(k) FROM sbtest5 WHERE id BETWEEN 996509 AND 996518
	Aggregate  (cost=35.82..35.83 rows=1 width=8)
	  ->  Index Scan using sbtest5_pkey on sbtest5  (cost=0.43..35.80 rows=9 width=4)
	        Index Cond: ((id >= 996509) AND (id <= 996518))

table 6 : explain SELECT SUM(k) FROM sbtest6 WHERE id BETWEEN 7487482 AND 7487491
	Aggregate  (cost=35.95..35.96 rows=1 width=8)
	  ->  Index Scan using sbtest6_pkey on sbtest6  (cost=0.43..35.93 rows=9 width=4)
	        Index Cond: ((id >= 7487482) AND (id <= 7487491))

table 7 : explain SELECT SUM(k) FROM sbtest7 WHERE id BETWEEN 6960538 AND 6960547
	Aggregate  (cost=39.28..39.29 rows=1 width=8)
	  ->  Index Scan using sbtest7_pkey on sbtest7  (cost=0.43..39.25 rows=10 width=4)
	        Index Cond: ((id >= 6960538) AND (id <= 6960547))

table 8 : explain SELECT SUM(k) FROM sbtest8 WHERE id BETWEEN 6931712 AND 6931721
	Aggregate  (cost=35.25..35.26 rows=1 width=8)
	  ->  Index Scan using sbtest8_pkey on sbtest8  (cost=0.43..35.22 rows=9 width=4)
	        Index Cond: ((id >= 6931712) AND (id <= 6931721))

explain: for deletes :: explain DELETE FROM sbtest%u WHERE id=%u
explain: for non_index_updates :: explain UPDATE sbtest%u SET c='foobar' WHERE id=%u
for non_index_updates
table 1 : explain UPDATE sbtest1 SET c='foobar' WHERE id=6413971
	Update on sbtest1  (cost=0.43..8.45 rows=0 width=0)
	  ->  Index Scan using sbtest1_pkey on sbtest1  (cost=0.43..8.45 rows=1 width=490)
	        Index Cond: (id = 6413971)

table 2 : explain UPDATE sbtest2 SET c='foobar' WHERE id=1122788
	Update on sbtest2  (cost=0.43..8.45 rows=0 width=0)
	  ->  Index Scan using sbtest2_pkey on sbtest2  (cost=0.43..8.45 rows=1 width=490)
	        Index Cond: (id = 1122788)

table 3 : explain UPDATE sbtest3 SET c='foobar' WHERE id=7554561
	Update on sbtest3  (cost=0.43..8.45 rows=0 width=0)
	  ->  Index Scan using sbtest3_pkey on sbtest3  (cost=0.43..8.45 rows=1 width=490)
	        Index Cond: (id = 7554561)

table 4 : explain UPDATE sbtest4 SET c='foobar' WHERE id=1614331
	Update on sbtest4  (cost=0.43..8.45 rows=0 width=0)
	  ->  Index Scan using sbtest4_pkey on sbtest4  (cost=0.43..8.45 rows=1 width=490)
	        Index Cond: (id = 1614331)

table 5 : explain UPDATE sbtest5 SET c='foobar' WHERE id=8115822
	Update on sbtest5  (cost=0.43..8.45 rows=0 width=0)
	  ->  Index Scan using sbtest5_pkey on sbtest5  (cost=0.43..8.45 rows=1 width=490)
	        Index Cond: (id = 8115822)

table 6 : explain UPDATE sbtest6 SET c='foobar' WHERE id=9060646
	Update on sbtest6  (cost=0.43..8.45 rows=0 width=0)
	  ->  Index Scan using sbtest6_pkey on sbtest6  (cost=0.43..8.45 rows=1 width=490)
	        Index Cond: (id = 9060646)

table 7 : explain UPDATE sbtest7 SET c='foobar' WHERE id=7332137
	Update on sbtest7  (cost=0.43..8.45 rows=0 width=0)
	  ->  Index Scan using sbtest7_pkey on sbtest7  (cost=0.43..8.45 rows=1 width=490)
	        Index Cond: (id = 7332137)

table 8 : explain UPDATE sbtest8 SET c='foobar' WHERE id=314558
	Update on sbtest8  (cost=0.43..8.45 rows=0 width=0)
	  ->  Index Scan using sbtest8_pkey on sbtest8  (cost=0.43..8.45 rows=1 width=490)
	        Index Cond: (id = 314558)

for non_index_updates
table 1 : explain UPDATE sbtest1 SET c='foobar' WHERE id=6306
	Update on sbtest1  (cost=0.43..8.45 rows=0 width=0)
	  ->  Index Scan using sbtest1_pkey on sbtest1  (cost=0.43..8.45 rows=1 width=490)
	        Index Cond: (id = 6306)

table 2 : explain UPDATE sbtest2 SET c='foobar' WHERE id=9161648
	Update on sbtest2  (cost=0.43..8.45 rows=0 width=0)
	  ->  Index Scan using sbtest2_pkey on sbtest2  (cost=0.43..8.45 rows=1 width=490)
	        Index Cond: (id = 9161648)

table 3 : explain UPDATE sbtest3 SET c='foobar' WHERE id=7243242
	Update on sbtest3  (cost=0.43..8.45 rows=0 width=0)
	  ->  Index Scan using sbtest3_pkey on sbtest3  (cost=0.43..8.45 rows=1 width=490)
	        Index Cond: (id = 7243242)

table 4 : explain UPDATE sbtest4 SET c='foobar' WHERE id=457933
	Update on sbtest4  (cost=0.43..8.45 rows=0 width=0)
	  ->  Index Scan using sbtest4_pkey on sbtest4  (cost=0.43..8.45 rows=1 width=490)
	        Index Cond: (id = 457933)

table 5 : explain UPDATE sbtest5 SET c='foobar' WHERE id=2282259
	Update on sbtest5  (cost=0.43..8.45 rows=0 width=0)
	  ->  Index Scan using sbtest5_pkey on sbtest5  (cost=0.43..8.45 rows=1 width=490)
	        Index Cond: (id = 2282259)

table 6 : explain UPDATE sbtest6 SET c='foobar' WHERE id=1794365
	Update on sbtest6  (cost=0.43..8.45 rows=0 width=0)
	  ->  Index Scan using sbtest6_pkey on sbtest6  (cost=0.43..8.45 rows=1 width=490)
	        Index Cond: (id = 1794365)

table 7 : explain UPDATE sbtest7 SET c='foobar' WHERE id=132949
	Update on sbtest7  (cost=0.43..8.45 rows=0 width=0)
	  ->  Index Scan using sbtest7_pkey on sbtest7  (cost=0.43..8.45 rows=1 width=490)
	        Index Cond: (id = 132949)

table 8 : explain UPDATE sbtest8 SET c='foobar' WHERE id=164165
	Update on sbtest8  (cost=0.43..8.45 rows=0 width=0)
	  ->  Index Scan using sbtest8_pkey on sbtest8  (cost=0.43..8.45 rows=1 width=490)
	        Index Cond: (id = 164165)

explain: for index_updates :: explain UPDATE sbtest%u SET k=k+1 WHERE id=%u
explain: for deletes :: explain DELETE FROM sbtest%u WHERE id=%u
for deletes
table 1 : explain DELETE FROM sbtest1 WHERE id=6620795
	Delete on sbtest1  (cost=0.43..8.45 rows=0 width=0)
	  ->  Index Scan using sbtest1_pkey on sbtest1  (cost=0.43..8.45 rows=1 width=6)
	        Index Cond: (id = 6620795)

table 2 : explain DELETE FROM sbtest2 WHERE id=446269
	Delete on sbtest2  (cost=0.43..8.45 rows=0 width=0)
	  ->  Index Scan using sbtest2_pkey on sbtest2  (cost=0.43..8.45 rows=1 width=6)
	        Index Cond: (id = 446269)

table 3 : explain DELETE FROM sbtest3 WHERE id=5732586
	Delete on sbtest3  (cost=0.43..8.45 rows=0 width=0)
	  ->  Index Scan using sbtest3_pkey on sbtest3  (cost=0.43..8.45 rows=1 width=6)
	        Index Cond: (id = 5732586)

table 4 : explain DELETE FROM sbtest4 WHERE id=6599533
	Delete on sbtest4  (cost=0.43..8.45 rows=0 width=0)
	  ->  Index Scan using sbtest4_pkey on sbtest4  (cost=0.43..8.45 rows=1 width=6)
	        Index Cond: (id = 6599533)

table 5 : explain DELETE FROM sbtest5 WHERE id=9349408
	Delete on sbtest5  (cost=0.43..8.45 rows=0 width=0)
	  ->  Index Scan using sbtest5_pkey on sbtest5  (cost=0.43..8.45 rows=1 width=6)
	        Index Cond: (id = 9349408)

table 6 : explain DELETE FROM sbtest6 WHERE id=8895437
	Delete on sbtest6  (cost=0.43..8.45 rows=0 width=0)
	  ->  Index Scan using sbtest6_pkey on sbtest6  (cost=0.43..8.45 rows=1 width=6)
	        Index Cond: (id = 8895437)

table 7 : explain DELETE FROM sbtest7 WHERE id=858290
	Delete on sbtest7  (cost=0.43..8.45 rows=0 width=0)
	  ->  Index Scan using sbtest7_pkey on sbtest7  (cost=0.43..8.45 rows=1 width=6)
	        Index Cond: (id = 858290)

table 8 : explain DELETE FROM sbtest8 WHERE id=7386861
	Delete on sbtest8  (cost=0.43..8.45 rows=0 width=0)
	  ->  Index Scan using sbtest8_pkey on sbtest8  (cost=0.43..8.45 rows=1 width=6)
	        Index Cond: (id = 7386861)

for: distinct_ranges
table 1 : explain SELECT DISTINCT c FROM sbtest1 WHERE id BETWEEN 5630166 AND 5630175 ORDER BY c
	Unique  (cost=39.12..39.17 rows=10 width=121)
	  ->  Sort  (cost=39.12..39.14 rows=10 width=121)
	        Sort Key: c
	        ->  Index Scan using sbtest1_pkey on sbtest1  (cost=0.43..38.95 rows=10 width=121)
	              Index Cond: ((id >= 5630166) AND (id <= 5630175))

table 2 : explain SELECT DISTINCT c FROM sbtest2 WHERE id BETWEEN 1860390 AND 1860399 ORDER BY c
	Unique  (cost=39.34..39.39 rows=10 width=121)
	  ->  Sort  (cost=39.34..39.36 rows=10 width=121)
	        Sort Key: c
	        ->  Index Scan using sbtest2_pkey on sbtest2  (cost=0.43..39.17 rows=10 width=121)
	              Index Cond: ((id >= 1860390) AND (id <= 1860399))

table 3 : explain SELECT DISTINCT c FROM sbtest3 WHERE id BETWEEN 1448992 AND 1449001 ORDER BY c
	Unique  (cost=42.88..42.93 rows=11 width=121)
	  ->  Sort  (cost=42.88..42.91 rows=11 width=121)
	        Sort Key: c
	        ->  Index Scan using sbtest3_pkey on sbtest3  (cost=0.43..42.69 rows=11 width=121)
	              Index Cond: ((id >= 1448992) AND (id <= 1449001))

table 4 : explain SELECT DISTINCT c FROM sbtest4 WHERE id BETWEEN 4124052 AND 4124061 ORDER BY c
	Unique  (cost=42.23..42.28 rows=11 width=121)
	  ->  Sort  (cost=42.23..42.25 rows=11 width=121)
	        Sort Key: c
	        ->  Index Scan using sbtest4_pkey on sbtest4  (cost=0.43..42.04 rows=11 width=121)
	              Index Cond: ((id >= 4124052) AND (id <= 4124061))

table 5 : explain SELECT DISTINCT c FROM sbtest5 WHERE id BETWEEN 6292647 AND 6292656 ORDER BY c
	Unique  (cost=35.94..35.99 rows=9 width=121)
	  ->  Sort  (cost=35.94..35.96 rows=9 width=121)
	        Sort Key: c
	        ->  Index Scan using sbtest5_pkey on sbtest5  (cost=0.43..35.80 rows=9 width=121)
	              Index Cond: ((id >= 6292647) AND (id <= 6292656))

table 6 : explain SELECT DISTINCT c FROM sbtest6 WHERE id BETWEEN 731486 AND 731495 ORDER BY c
	Unique  (cost=39.53..39.58 rows=10 width=121)
	  ->  Sort  (cost=39.53..39.56 rows=10 width=121)
	        Sort Key: c
	        ->  Index Scan using sbtest6_pkey on sbtest6  (cost=0.43..39.36 rows=10 width=121)
	              Index Cond: ((id >= 731486) AND (id <= 731495))

table 7 : explain SELECT DISTINCT c FROM sbtest7 WHERE id BETWEEN 2650686 AND 2650695 ORDER BY c
	Unique  (cost=39.42..39.47 rows=10 width=121)
	  ->  Sort  (cost=39.42..39.45 rows=10 width=121)
	        Sort Key: c
	        ->  Index Scan using sbtest7_pkey on sbtest7  (cost=0.43..39.25 rows=10 width=121)
	              Index Cond: ((id >= 2650686) AND (id <= 2650695))

table 8 : explain SELECT DISTINCT c FROM sbtest8 WHERE id BETWEEN 2207628 AND 2207637 ORDER BY c
	Unique  (cost=38.74..38.79 rows=10 width=121)
	  ->  Sort  (cost=38.74..38.76 rows=10 width=121)
	        Sort Key: c
	        ->  Index Scan using sbtest8_pkey on sbtest8  (cost=0.43..38.57 rows=10 width=121)
	              Index Cond: ((id >= 2207628) AND (id <= 2207637))

for point_selects
table 1 : explain SELECT c FROM sbtest1 WHERE id=7028250
	Index Scan using sbtest1_pkey on sbtest1  (cost=0.43..8.45 rows=1 width=121)
	  Index Cond: (id = 7028250)

table 2 : explain SELECT c FROM sbtest2 WHERE id=2995045
	Index Scan using sbtest2_pkey on sbtest2  (cost=0.43..8.45 rows=1 width=121)
	  Index Cond: (id = 2995045)

table 3 : explain SELECT c FROM sbtest3 WHERE id=6514482
	Index Scan using sbtest3_pkey on sbtest3  (cost=0.43..8.45 rows=1 width=121)
	  Index Cond: (id = 6514482)

table 4 : explain SELECT c FROM sbtest4 WHERE id=1475140
	Index Scan using sbtest4_pkey on sbtest4  (cost=0.43..8.45 rows=1 width=121)
	  Index Cond: (id = 1475140)

table 5 : explain SELECT c FROM sbtest5 WHERE id=7835404
	Index Scan using sbtest5_pkey on sbtest5  (cost=0.43..8.45 rows=1 width=121)
	  Index Cond: (id = 7835404)

table 6 : explain SELECT c FROM sbtest6 WHERE id=5563737
	Index Scan using sbtest6_pkey on sbtest6  (cost=0.43..8.45 rows=1 width=121)
	  Index Cond: (id = 5563737)

table 7 : explain SELECT c FROM sbtest7 WHERE id=6920276
	Index Scan using sbtest7_pkey on sbtest7  (cost=0.43..8.45 rows=1 width=121)
	  Index Cond: (id = 6920276)

table 8 : explain SELECT c FROM sbtest8 WHERE id=2270253
	Index Scan using sbtest8_pkey on sbtest8  (cost=0.43..8.45 rows=1 width=121)
	  Index Cond: (id = 2270253)

for non_index_updates
table 1 : explain UPDATE sbtest1 SET c='foobar' WHERE id=2949226
	Update on sbtest1  (cost=0.43..8.45 rows=0 width=0)
	  ->  Index Scan using sbtest1_pkey on sbtest1  (cost=0.43..8.45 rows=1 width=490)
	        Index Cond: (id = 2949226)

table 2 : explain UPDATE sbtest2 SET c='foobar' WHERE id=9224716
	Update on sbtest2  (cost=0.43..8.45 rows=0 width=0)
	  ->  Index Scan using sbtest2_pkey on sbtest2  (cost=0.43..8.45 rows=1 width=490)
	        Index Cond: (id = 9224716)

table 3 : explain UPDATE sbtest3 SET c='foobar' WHERE id=2256576
	Update on sbtest3  (cost=0.43..8.45 rows=0 width=0)
	  ->  Index Scan using sbtest3_pkey on sbtest3  (cost=0.43..8.45 rows=1 width=490)
	        Index Cond: (id = 2256576)

table 4 : explain UPDATE sbtest4 SET c='foobar' WHERE id=4595512
	Update on sbtest4  (cost=0.43..8.45 rows=0 width=0)
	  ->  Index Scan using sbtest4_pkey on sbtest4  (cost=0.43..8.45 rows=1 width=490)
	        Index Cond: (id = 4595512)

table 5 : explain UPDATE sbtest5 SET c='foobar' WHERE id=1676724
	Update on sbtest5  (cost=0.43..8.45 rows=0 width=0)
	  ->  Index Scan using sbtest5_pkey on sbtest5  (cost=0.43..8.45 rows=1 width=490)
	        Index Cond: (id = 1676724)

table 6 : explain UPDATE sbtest6 SET c='foobar' WHERE id=4139894
	Update on sbtest6  (cost=0.43..8.45 rows=0 width=0)
	  ->  Index Scan using sbtest6_pkey on sbtest6  (cost=0.43..8.45 rows=1 width=490)
	        Index Cond: (id = 4139894)

table 7 : explain UPDATE sbtest7 SET c='foobar' WHERE id=2509164
	Update on sbtest7  (cost=0.43..8.45 rows=0 width=0)
	  ->  Index Scan using sbtest7_pkey on sbtest7  (cost=0.43..8.45 rows=1 width=490)
	        Index Cond: (id = 2509164)

table 8 : explain UPDATE sbtest8 SET c='foobar' WHERE id=3930450
	Update on sbtest8  (cost=0.43..8.45 rows=0 width=0)
	  ->  Index Scan using sbtest8_pkey on sbtest8  (cost=0.43..8.45 rows=1 width=490)
	        Index Cond: (id = 3930450)

for: order_ranges
table 1 : explain SELECT c FROM sbtest1 WHERE id BETWEEN 4588437 AND 4588446 ORDER BY c
	Sort  (cost=35.71..35.73 rows=9 width=121)
	  Sort Key: c
	  ->  Index Scan using sbtest1_pkey on sbtest1  (cost=0.43..35.56 rows=9 width=121)
	        Index Cond: ((id >= 4588437) AND (id <= 4588446))

table 2 : explain SELECT c FROM sbtest2 WHERE id BETWEEN 6954991 AND 6955000 ORDER BY c
	Sort  (cost=39.34..39.36 rows=10 width=121)
	  Sort Key: c
	  ->  Index Scan using sbtest2_pkey on sbtest2  (cost=0.43..39.17 rows=10 width=121)
	        Index Cond: ((id >= 6954991) AND (id <= 6955000))

table 3 : explain SELECT c FROM sbtest3 WHERE id BETWEEN 6546030 AND 6546039 ORDER BY c
	Sort  (cost=39.43..39.46 rows=10 width=121)
	  Sort Key: c
	  ->  Index Scan using sbtest3_pkey on sbtest3  (cost=0.43..39.26 rows=10 width=121)
	        Index Cond: ((id >= 6546030) AND (id <= 6546039))

table 4 : explain SELECT c FROM sbtest4 WHERE id BETWEEN 7379792 AND 7379801 ORDER BY c
	Sort  (cost=42.23..42.25 rows=11 width=121)
	  Sort Key: c
	  ->  Index Scan using sbtest4_pkey on sbtest4  (cost=0.43..42.04 rows=11 width=121)
	        Index Cond: ((id >= 7379792) AND (id <= 7379801))

table 5 : explain SELECT c FROM sbtest5 WHERE id BETWEEN 5468433 AND 5468442 ORDER BY c
	Sort  (cost=39.38..39.41 rows=10 width=121)
	  Sort Key: c
	  ->  Index Scan using sbtest5_pkey on sbtest5  (cost=0.43..39.22 rows=10 width=121)
	        Index Cond: ((id >= 5468433) AND (id <= 5468442))

table 6 : explain SELECT c FROM sbtest6 WHERE id BETWEEN 274491 AND 274500 ORDER BY c
	Sort  (cost=36.07..36.10 rows=9 width=121)
	  Sort Key: c
	  ->  Index Scan using sbtest6_pkey on sbtest6  (cost=0.43..35.93 rows=9 width=121)
	        Index Cond: ((id >= 274491) AND (id <= 274500))

table 7 : explain SELECT c FROM sbtest7 WHERE id BETWEEN 2871818 AND 2871827 ORDER BY c
	Sort  (cost=39.42..39.45 rows=10 width=121)
	  Sort Key: c
	  ->  Index Scan using sbtest7_pkey on sbtest7  (cost=0.43..39.25 rows=10 width=121)
	        Index Cond: ((id >= 2871818) AND (id <= 2871827))

table 8 : explain SELECT c FROM sbtest8 WHERE id BETWEEN 8720678 AND 8720687 ORDER BY c
	Sort  (cost=38.74..38.76 rows=10 width=121)
	  Sort Key: c
	  ->  Index Scan using sbtest8_pkey on sbtest8  (cost=0.43..38.57 rows=10 width=121)
	        Index Cond: ((id >= 8720678) AND (id <= 8720687))

explain: for deletes :: explain DELETE FROM sbtest%u WHERE id=%u
for point_selects
table 1 : explain SELECT c FROM sbtest1 WHERE id=7734956
	Index Scan using sbtest1_pkey on sbtest1  (cost=0.43..8.45 rows=1 width=121)
	  Index Cond: (id = 7734956)

table 2 : explain SELECT c FROM sbtest2 WHERE id=7116747
	Index Scan using sbtest2_pkey on sbtest2  (cost=0.43..8.45 rows=1 width=121)
	  Index Cond: (id = 7116747)

table 3 : explain SELECT c FROM sbtest3 WHERE id=96208
	Index Scan using sbtest3_pkey on sbtest3  (cost=0.43..8.45 rows=1 width=121)
	  Index Cond: (id = 96208)

table 4 : explain SELECT c FROM sbtest4 WHERE id=8437862
	Index Scan using sbtest4_pkey on sbtest4  (cost=0.43..8.45 rows=1 width=121)
	  Index Cond: (id = 8437862)

table 5 : explain SELECT c FROM sbtest5 WHERE id=6987850
	Index Scan using sbtest5_pkey on sbtest5  (cost=0.43..8.45 rows=1 width=121)
	  Index Cond: (id = 6987850)

table 6 : explain SELECT c FROM sbtest6 WHERE id=7426760
	Index Scan using sbtest6_pkey on sbtest6  (cost=0.43..8.45 rows=1 width=121)
	  Index Cond: (id = 7426760)

table 7 : explain SELECT c FROM sbtest7 WHERE id=8492403
	Index Scan using sbtest7_pkey on sbtest7  (cost=0.43..8.45 rows=1 width=121)
	  Index Cond: (id = 8492403)

table 8 : explain SELECT c FROM sbtest8 WHERE id=3278125
	Index Scan using sbtest8_pkey on sbtest8  (cost=0.43..8.45 rows=1 width=121)
	  Index Cond: (id = 3278125)

explain: for deletes :: explain DELETE FROM sbtest%u WHERE id=%u
for point_selects
table 1 : explain SELECT c FROM sbtest1 WHERE id=8641418
	Index Scan using sbtest1_pkey on sbtest1  (cost=0.43..8.45 rows=1 width=121)
	  Index Cond: (id = 8641418)

table 2 : explain SELECT c FROM sbtest2 WHERE id=2065882
	Index Scan using sbtest2_pkey on sbtest2  (cost=0.43..8.45 rows=1 width=121)
	  Index Cond: (id = 2065882)

table 3 : explain SELECT c FROM sbtest3 WHERE id=6956180
	Index Scan using sbtest3_pkey on sbtest3  (cost=0.43..8.45 rows=1 width=121)
	  Index Cond: (id = 6956180)

table 4 : explain SELECT c FROM sbtest4 WHERE id=7803783
	Index Scan using sbtest4_pkey on sbtest4  (cost=0.43..8.45 rows=1 width=121)
	  Index Cond: (id = 7803783)

table 5 : explain SELECT c FROM sbtest5 WHERE id=2570065
	Index Scan using sbtest5_pkey on sbtest5  (cost=0.43..8.45 rows=1 width=121)
	  Index Cond: (id = 2570065)

table 6 : explain SELECT c FROM sbtest6 WHERE id=8664794
	Index Scan using sbtest6_pkey on sbtest6  (cost=0.43..8.45 rows=1 width=121)
	  Index Cond: (id = 8664794)

table 7 : explain SELECT c FROM sbtest7 WHERE id=4486737
	Index Scan using sbtest7_pkey on sbtest7  (cost=0.43..8.45 rows=1 width=121)
	  Index Cond: (id = 4486737)

table 8 : explain SELECT c FROM sbtest8 WHERE id=4567395
	Index Scan using sbtest8_pkey on sbtest8  (cost=0.43..8.45 rows=1 width=121)
	  Index Cond: (id = 4567395)

for deletes
table 1 : explain DELETE FROM sbtest1 WHERE id=5215395
	Delete on sbtest1  (cost=0.43..8.45 rows=0 width=0)
	  ->  Index Scan using sbtest1_pkey on sbtest1  (cost=0.43..8.45 rows=1 width=6)
	        Index Cond: (id = 5215395)

table 2 : explain DELETE FROM sbtest2 WHERE id=5285662
	Delete on sbtest2  (cost=0.43..8.45 rows=0 width=0)
	  ->  Index Scan using sbtest2_pkey on sbtest2  (cost=0.43..8.45 rows=1 width=6)
	        Index Cond: (id = 5285662)

table 3 : explain DELETE FROM sbtest3 WHERE id=4657582
	Delete on sbtest3  (cost=0.43..8.45 rows=0 width=0)
	  ->  Index Scan using sbtest3_pkey on sbtest3  (cost=0.43..8.45 rows=1 width=6)
	        Index Cond: (id = 4657582)

table 4 : explain DELETE FROM sbtest4 WHERE id=2763887
	Delete on sbtest4  (cost=0.43..8.45 rows=0 width=0)
	  ->  Index Scan using sbtest4_pkey on sbtest4  (cost=0.43..8.45 rows=1 width=6)
	        Index Cond: (id = 2763887)

table 5 : explain DELETE FROM sbtest5 WHERE id=5893805
	Delete on sbtest5  (cost=0.43..8.45 rows=0 width=0)
	  ->  Index Scan using sbtest5_pkey on sbtest5  (cost=0.43..8.45 rows=1 width=6)
	        Index Cond: (id = 5893805)

table 6 : explain DELETE FROM sbtest6 WHERE id=6794054
	Delete on sbtest6  (cost=0.43..8.45 rows=0 width=0)
	  ->  Index Scan using sbtest6_pkey on sbtest6  (cost=0.43..8.45 rows=1 width=6)
	        Index Cond: (id = 6794054)

table 7 : explain DELETE FROM sbtest7 WHERE id=2314272
	Delete on sbtest7  (cost=0.43..8.45 rows=0 width=0)
	  ->  Index Scan using sbtest7_pkey on sbtest7  (cost=0.43..8.45 rows=1 width=6)
	        Index Cond: (id = 2314272)

table 8 : explain DELETE FROM sbtest8 WHERE id=7836541
	Delete on sbtest8  (cost=0.43..8.45 rows=0 width=0)
	  ->  Index Scan using sbtest8_pkey on sbtest8  (cost=0.43..8.45 rows=1 width=6)
	        Index Cond: (id = 7836541)

for index_updates
table 1 : explain UPDATE sbtest1 SET k=k+1 WHERE id=2331826
	Update on sbtest1  (cost=0.43..8.46 rows=0 width=0)
	  ->  Index Scan using sbtest1_pkey on sbtest1  (cost=0.43..8.46 rows=1 width=10)
	        Index Cond: (id = 2331826)

table 2 : explain UPDATE sbtest2 SET k=k+1 WHERE id=2506928
	Update on sbtest2  (cost=0.43..8.46 rows=0 width=0)
	  ->  Index Scan using sbtest2_pkey on sbtest2  (cost=0.43..8.46 rows=1 width=10)
	        Index Cond: (id = 2506928)

table 3 : explain UPDATE sbtest3 SET k=k+1 WHERE id=5235969
	Update on sbtest3  (cost=0.43..8.46 rows=0 width=0)
	  ->  Index Scan using sbtest3_pkey on sbtest3  (cost=0.43..8.46 rows=1 width=10)
	        Index Cond: (id = 5235969)

table 4 : explain UPDATE sbtest4 SET k=k+1 WHERE id=9293372
	Update on sbtest4  (cost=0.43..8.46 rows=0 width=0)
	  ->  Index Scan using sbtest4_pkey on sbtest4  (cost=0.43..8.46 rows=1 width=10)
	        Index Cond: (id = 9293372)

table 5 : explain UPDATE sbtest5 SET k=k+1 WHERE id=3290733
	Update on sbtest5  (cost=0.43..8.46 rows=0 width=0)
	  ->  Index Scan using sbtest5_pkey on sbtest5  (cost=0.43..8.46 rows=1 width=10)
	        Index Cond: (id = 3290733)

table 6 : explain UPDATE sbtest6 SET k=k+1 WHERE id=2830929
	Update on sbtest6  (cost=0.43..8.46 rows=0 width=0)
	  ->  Index Scan using sbtest6_pkey on sbtest6  (cost=0.43..8.46 rows=1 width=10)
	        Index Cond: (id = 2830929)

table 7 : explain UPDATE sbtest7 SET k=k+1 WHERE id=8079903
	Update on sbtest7  (cost=0.43..8.46 rows=0 width=0)
	  ->  Index Scan using sbtest7_pkey on sbtest7  (cost=0.43..8.46 rows=1 width=10)
	        Index Cond: (id = 8079903)

table 8 : explain UPDATE sbtest8 SET k=k+1 WHERE id=3770217
	Update on sbtest8  (cost=0.43..8.46 rows=0 width=0)
	  ->  Index Scan using sbtest8_pkey on sbtest8  (cost=0.43..8.46 rows=1 width=10)
	        Index Cond: (id = 3770217)

explain: for index_updates :: explain UPDATE sbtest%u SET k=k+1 WHERE id=%u
for: sum_ranges
table 1 : explain SELECT SUM(k) FROM sbtest1 WHERE id BETWEEN 2211733 AND 2211742
	Aggregate  (cost=38.98..38.99 rows=1 width=8)
	  ->  Index Scan using sbtest1_pkey on sbtest1  (cost=0.43..38.95 rows=10 width=4)
	        Index Cond: ((id >= 2211733) AND (id <= 2211742))

table 2 : explain SELECT SUM(k) FROM sbtest2 WHERE id BETWEEN 1490825 AND 1490834
	Aggregate  (cost=39.20..39.21 rows=1 width=8)
	  ->  Index Scan using sbtest2_pkey on sbtest2  (cost=0.43..39.17 rows=10 width=4)
	        Index Cond: ((id >= 1490825) AND (id <= 1490834))

table 3 : explain SELECT SUM(k) FROM sbtest3 WHERE id BETWEEN 746914 AND 746923
	Aggregate  (cost=39.29..39.30 rows=1 width=8)
	  ->  Index Scan using sbtest3_pkey on sbtest3  (cost=0.43..39.26 rows=10 width=4)
	        Index Cond: ((id >= 746914) AND (id <= 746923))

table 4 : explain SELECT SUM(k) FROM sbtest4 WHERE id BETWEEN 497457 AND 497466
	Aggregate  (cost=35.34..35.35 rows=1 width=8)
	  ->  Index Scan using sbtest4_pkey on sbtest4  (cost=0.43..35.32 rows=9 width=4)
	        Index Cond: ((id >= 497457) AND (id <= 497466))

table 5 : explain SELECT SUM(k) FROM sbtest5 WHERE id BETWEEN 4235434 AND 4235443
	Aggregate  (cost=42.66..42.67 rows=1 width=8)
	  ->  Index Scan using sbtest5_pkey on sbtest5  (cost=0.43..42.64 rows=11 width=4)
	        Index Cond: ((id >= 4235434) AND (id <= 4235443))

table 6 : explain SELECT SUM(k) FROM sbtest6 WHERE id BETWEEN 5985141 AND 5985150
	Aggregate  (cost=39.39..39.40 rows=1 width=8)
	  ->  Index Scan using sbtest6_pkey on sbtest6  (cost=0.43..39.36 rows=10 width=4)
	        Index Cond: ((id >= 5985141) AND (id <= 5985150))

table 7 : explain SELECT SUM(k) FROM sbtest7 WHERE id BETWEEN 2133548 AND 2133557
	Aggregate  (cost=42.70..42.71 rows=1 width=8)
	  ->  Index Scan using sbtest7_pkey on sbtest7  (cost=0.43..42.68 rows=11 width=4)
	        Index Cond: ((id >= 2133548) AND (id <= 2133557))

table 8 : explain SELECT SUM(k) FROM sbtest8 WHERE id BETWEEN 2277670 AND 2277679
	Aggregate  (cost=38.60..38.61 rows=1 width=8)
	  ->  Index Scan using sbtest8_pkey on sbtest8  (cost=0.43..38.57 rows=10 width=4)
	        Index Cond: ((id >= 2277670) AND (id <= 2277679))

for point_selects
table 1 : explain SELECT c FROM sbtest1 WHERE id=935022
	Index Scan using sbtest1_pkey on sbtest1  (cost=0.43..8.45 rows=1 width=121)
	  Index Cond: (id = 935022)

table 2 : explain SELECT c FROM sbtest2 WHERE id=1322332
	Index Scan using sbtest2_pkey on sbtest2  (cost=0.43..8.45 rows=1 width=121)
	  Index Cond: (id = 1322332)

table 3 : explain SELECT c FROM sbtest3 WHERE id=2889460
	Index Scan using sbtest3_pkey on sbtest3  (cost=0.43..8.45 rows=1 width=121)
	  Index Cond: (id = 2889460)

table 4 : explain SELECT c FROM sbtest4 WHERE id=4218146
	Index Scan using sbtest4_pkey on sbtest4  (cost=0.43..8.45 rows=1 width=121)
	  Index Cond: (id = 4218146)

table 5 : explain SELECT c FROM sbtest5 WHERE id=2611887
	Index Scan using sbtest5_pkey on sbtest5  (cost=0.43..8.45 rows=1 width=121)
	  Index Cond: (id = 2611887)

table 6 : explain SELECT c FROM sbtest6 WHERE id=6307879
	Index Scan using sbtest6_pkey on sbtest6  (cost=0.43..8.45 rows=1 width=121)
	  Index Cond: (id = 6307879)

table 7 : explain SELECT c FROM sbtest7 WHERE id=1324953
	Index Scan using sbtest7_pkey on sbtest7  (cost=0.43..8.45 rows=1 width=121)
	  Index Cond: (id = 1324953)

table 8 : explain SELECT c FROM sbtest8 WHERE id=1861345
	Index Scan using sbtest8_pkey on sbtest8  (cost=0.43..8.45 rows=1 width=121)
	  Index Cond: (id = 1861345)

for deletes
table 1 : explain DELETE FROM sbtest1 WHERE id=2778424
	Delete on sbtest1  (cost=0.43..8.45 rows=0 width=0)
	  ->  Index Scan using sbtest1_pkey on sbtest1  (cost=0.43..8.45 rows=1 width=6)
	        Index Cond: (id = 2778424)

table 2 : explain DELETE FROM sbtest2 WHERE id=4168937
	Delete on sbtest2  (cost=0.43..8.45 rows=0 width=0)
	  ->  Index Scan using sbtest2_pkey on sbtest2  (cost=0.43..8.45 rows=1 width=6)
	        Index Cond: (id = 4168937)

table 3 : explain DELETE FROM sbtest3 WHERE id=9161386
	Delete on sbtest3  (cost=0.43..8.45 rows=0 width=0)
	  ->  Index Scan using sbtest3_pkey on sbtest3  (cost=0.43..8.45 rows=1 width=6)
	        Index Cond: (id = 9161386)

table 4 : explain DELETE FROM sbtest4 WHERE id=8557795
	Delete on sbtest4  (cost=0.43..8.45 rows=0 width=0)
	  ->  Index Scan using sbtest4_pkey on sbtest4  (cost=0.43..8.45 rows=1 width=6)
	        Index Cond: (id = 8557795)

table 5 : explain DELETE FROM sbtest5 WHERE id=6903813
	Delete on sbtest5  (cost=0.43..8.45 rows=0 width=0)
	  ->  Index Scan using sbtest5_pkey on sbtest5  (cost=0.43..8.45 rows=1 width=6)
	        Index Cond: (id = 6903813)

table 6 : explain DELETE FROM sbtest6 WHERE id=715758
	Delete on sbtest6  (cost=0.43..8.45 rows=0 width=0)
	  ->  Index Scan using sbtest6_pkey on sbtest6  (cost=0.43..8.45 rows=1 width=6)
	        Index Cond: (id = 715758)

table 7 : explain DELETE FROM sbtest7 WHERE id=8453703
	Delete on sbtest7  (cost=0.43..8.45 rows=0 width=0)
	  ->  Index Scan using sbtest7_pkey on sbtest7  (cost=0.43..8.45 rows=1 width=6)
	        Index Cond: (id = 8453703)

table 8 : explain DELETE FROM sbtest8 WHERE id=8393528
	Delete on sbtest8  (cost=0.43..8.45 rows=0 width=0)
	  ->  Index Scan using sbtest8_pkey on sbtest8  (cost=0.43..8.45 rows=1 width=6)
	        Index Cond: (id = 8393528)

explain: for inserts :: explain INSERT INTO sbtest%u (id, k, c, pad) VALUES (%u, 13, 'foobar', 'foobar')
for index_updates
table 1 : explain UPDATE sbtest1 SET k=k+1 WHERE id=3817582
	Update on sbtest1  (cost=0.43..8.46 rows=0 width=0)
	  ->  Index Scan using sbtest1_pkey on sbtest1  (cost=0.43..8.46 rows=1 width=10)
	        Index Cond: (id = 3817582)

table 2 : explain UPDATE sbtest2 SET k=k+1 WHERE id=6368323
	Update on sbtest2  (cost=0.43..8.46 rows=0 width=0)
	  ->  Index Scan using sbtest2_pkey on sbtest2  (cost=0.43..8.46 rows=1 width=10)
	        Index Cond: (id = 6368323)

table 3 : explain UPDATE sbtest3 SET k=k+1 WHERE id=461883
	Update on sbtest3  (cost=0.43..8.46 rows=0 width=0)
	  ->  Index Scan using sbtest3_pkey on sbtest3  (cost=0.43..8.46 rows=1 width=10)
	        Index Cond: (id = 461883)

table 4 : explain UPDATE sbtest4 SET k=k+1 WHERE id=8531541
	Update on sbtest4  (cost=0.43..8.46 rows=0 width=0)
	  ->  Index Scan using sbtest4_pkey on sbtest4  (cost=0.43..8.46 rows=1 width=10)
	        Index Cond: (id = 8531541)

table 5 : explain UPDATE sbtest5 SET k=k+1 WHERE id=9808859
	Update on sbtest5  (cost=0.43..8.46 rows=0 width=0)
	  ->  Index Scan using sbtest5_pkey on sbtest5  (cost=0.43..8.46 rows=1 width=10)
	        Index Cond: (id = 9808859)

table 6 : explain UPDATE sbtest6 SET k=k+1 WHERE id=7755973
	Update on sbtest6  (cost=0.43..8.46 rows=0 width=0)
	  ->  Index Scan using sbtest6_pkey on sbtest6  (cost=0.43..8.46 rows=1 width=10)
	        Index Cond: (id = 7755973)

table 7 : explain UPDATE sbtest7 SET k=k+1 WHERE id=4351799
	Update on sbtest7  (cost=0.43..8.46 rows=0 width=0)
	  ->  Index Scan using sbtest7_pkey on sbtest7  (cost=0.43..8.46 rows=1 width=10)
	        Index Cond: (id = 4351799)

table 8 : explain UPDATE sbtest8 SET k=k+1 WHERE id=6381789
	Update on sbtest8  (cost=0.43..8.46 rows=0 width=0)
	  ->  Index Scan using sbtest8_pkey on sbtest8  (cost=0.43..8.46 rows=1 width=10)
	        Index Cond: (id = 6381789)
explain: for non_index_updates :: explain UPDATE sbtest%u SET c='foobar' WHERE id=%u

explain: for inserts :: explain INSERT INTO sbtest%u (id, k, c, pad) VALUES (%u, 13, 'foobar', 'foobar')
for: simple_ranges
table 1 : explain SELECT c FROM sbtest1 WHERE id BETWEEN 9696855 AND 9696864
	Index Scan using sbtest1_pkey on sbtest1  (cost=0.43..38.95 rows=10 width=121)
	  Index Cond: ((id >= 9696855) AND (id <= 9696864))

table 2 : explain SELECT c FROM sbtest2 WHERE id BETWEEN 6585403 AND 6585412
	Index Scan using sbtest2_pkey on sbtest2  (cost=0.43..39.17 rows=10 width=121)
	  Index Cond: ((id >= 6585403) AND (id <= 6585412))

table 3 : explain SELECT c FROM sbtest3 WHERE id BETWEEN 2403317 AND 2403326
	Index Scan using sbtest3_pkey on sbtest3  (cost=0.43..39.26 rows=10 width=121)
	  Index Cond: ((id >= 2403317) AND (id <= 2403326))

table 4 : explain SELECT c FROM sbtest4 WHERE id BETWEEN 3580767 AND 3580776
	Index Scan using sbtest4_pkey on sbtest4  (cost=0.43..38.68 rows=10 width=121)
	  Index Cond: ((id >= 3580767) AND (id <= 3580776))

table 5 : explain SELECT c FROM sbtest5 WHERE id BETWEEN 5641036 AND 5641045
	Index Scan using sbtest5_pkey on sbtest5  (cost=0.43..39.22 rows=10 width=121)
	  Index Cond: ((id >= 5641036) AND (id <= 5641045))

table 6 : explain SELECT c FROM sbtest6 WHERE id BETWEEN 1832186 AND 1832195
	Index Scan using sbtest6_pkey on sbtest6  (cost=0.43..39.36 rows=10 width=121)
	  Index Cond: ((id >= 1832186) AND (id <= 1832195))

table 7 : explain SELECT c FROM sbtest7 WHERE id BETWEEN 879153 AND 879162
	Index Scan using sbtest7_pkey on sbtest7  (cost=0.43..39.25 rows=10 width=121)
	  Index Cond: ((id >= 879153) AND (id <= 879162))

table 8 : explain SELECT c FROM sbtest8 WHERE id BETWEEN 5525716 AND 5525725
	Index Scan using sbtest8_pkey on sbtest8  (cost=0.43..41.92 rows=11 width=121)
	  Index Cond: ((id >= 5525716) AND (id <= 5525725))

for: distinct_ranges
table 1 : explain SELECT DISTINCT c FROM sbtest1 WHERE id BETWEEN 5288009 AND 5288018 ORDER BY c
	Unique  (cost=39.12..39.17 rows=10 width=121)
	  ->  Sort  (cost=39.12..39.14 rows=10 width=121)
	        Sort Key: c
	        ->  Index Scan using sbtest1_pkey on sbtest1  (cost=0.43..38.95 rows=10 width=121)
	              Index Cond: ((id >= 5288009) AND (id <= 5288018))

table 2 : explain SELECT DISTINCT c FROM sbtest2 WHERE id BETWEEN 1838904 AND 1838913 ORDER BY c
	Unique  (cost=39.34..39.39 rows=10 width=121)
	  ->  Sort  (cost=39.34..39.36 rows=10 width=121)
	        Sort Key: c
	        ->  Index Scan using sbtest2_pkey on sbtest2  (cost=0.43..39.17 rows=10 width=121)
	              Index Cond: ((id >= 1838904) AND (id <= 1838913))

table 3 : explain SELECT DISTINCT c FROM sbtest3 WHERE id BETWEEN 2585991 AND 2586000 ORDER BY c
	Unique  (cost=39.43..39.48 rows=10 width=121)
	  ->  Sort  (cost=39.43..39.46 rows=10 width=121)
	        Sort Key: c
	        ->  Index Scan using sbtest3_pkey on sbtest3  (cost=0.43..39.26 rows=10 width=121)
	              Index Cond: ((id >= 2585991) AND (id <= 2586000))

table 4 : explain SELECT DISTINCT c FROM sbtest4 WHERE id BETWEEN 1540841 AND 1540850 ORDER BY c
	Unique  (cost=38.85..38.90 rows=10 width=121)
	  ->  Sort  (cost=38.85..38.87 rows=10 width=121)
	        Sort Key: c
	        ->  Index Scan using sbtest4_pkey on sbtest4  (cost=0.43..38.68 rows=10 width=121)
	              Index Cond: ((id >= 1540841) AND (id <= 1540850))

table 5 : explain SELECT DISTINCT c FROM sbtest5 WHERE id BETWEEN 5124216 AND 5124225 ORDER BY c
	Unique  (cost=39.38..39.43 rows=10 width=121)
	  ->  Sort  (cost=39.38..39.41 rows=10 width=121)
	        Sort Key: c
	        ->  Index Scan using sbtest5_pkey on sbtest5  (cost=0.43..39.22 rows=10 width=121)
	              Index Cond: ((id >= 5124216) AND (id <= 5124225))

table 6 : explain SELECT DISTINCT c FROM sbtest6 WHERE id BETWEEN 1262103 AND 1262112 ORDER BY c
	Unique  (cost=39.53..39.58 rows=10 width=121)
	  ->  Sort  (cost=39.53..39.56 rows=10 width=121)
	        Sort Key: c
	        ->  Index Scan using sbtest6_pkey on sbtest6  (cost=0.43..39.36 rows=10 width=121)
	              Index Cond: ((id >= 1262103) AND (id <= 1262112))

table 7 : explain SELECT DISTINCT c FROM sbtest7 WHERE id BETWEEN 2669227 AND 2669236 ORDER BY c
	Unique  (cost=42.87..42.92 rows=11 width=121)
	  ->  Sort  (cost=42.87..42.89 rows=11 width=121)
	        Sort Key: c
	        ->  Index Scan using sbtest7_pkey on sbtest7  (cost=0.43..42.68 rows=11 width=121)
	              Index Cond: ((id >= 2669227) AND (id <= 2669236))

table 8 : explain SELECT DISTINCT c FROM sbtest8 WHERE id BETWEEN 2767435 AND 2767444 ORDER BY c
	Unique  (cost=38.74..38.79 rows=10 width=121)
	  ->  Sort  (cost=38.74..38.76 rows=10 width=121)
	        Sort Key: c
	        ->  Index Scan using sbtest8_pkey on sbtest8  (cost=0.43..38.57 rows=10 width=121)
	              Index Cond: ((id >= 2767435) AND (id <= 2767444))

for point_selects
table 1 : explain SELECT c FROM sbtest1 WHERE id=6160381
	Index Scan using sbtest1_pkey on sbtest1  (cost=0.43..8.45 rows=1 width=121)
	  Index Cond: (id = 6160381)

table 2 : explain SELECT c FROM sbtest2 WHERE id=203201
	Index Scan using sbtest2_pkey on sbtest2  (cost=0.43..8.45 rows=1 width=121)
	  Index Cond: (id = 203201)

table 3 : explain SELECT c FROM sbtest3 WHERE id=8544247
	Index Scan using sbtest3_pkey on sbtest3  (cost=0.43..8.45 rows=1 width=121)
	  Index Cond: (id = 8544247)

table 4 : explain SELECT c FROM sbtest4 WHERE id=8184720
	Index Scan using sbtest4_pkey on sbtest4  (cost=0.43..8.45 rows=1 width=121)
	  Index Cond: (id = 8184720)

table 5 : explain SELECT c FROM sbtest5 WHERE id=9143618
	Index Scan using sbtest5_pkey on sbtest5  (cost=0.43..8.45 rows=1 width=121)
	  Index Cond: (id = 9143618)

table 6 : explain SELECT c FROM sbtest6 WHERE id=3759973
	Index Scan using sbtest6_pkey on sbtest6  (cost=0.43..8.45 rows=1 width=121)
	  Index Cond: (id = 3759973)

table 7 : explain SELECT c FROM sbtest7 WHERE id=4243130
	Index Scan using sbtest7_pkey on sbtest7  (cost=0.43..8.45 rows=1 width=121)
	  Index Cond: (id = 4243130)

table 8 : explain SELECT c FROM sbtest8 WHERE id=1124803
	Index Scan using sbtest8_pkey on sbtest8  (cost=0.43..8.45 rows=1 width=121)
	  Index Cond: (id = 1124803)

explain: for point_selects :: explain SELECT c FROM sbtest%u WHERE id=%u
for inserts
table 1 : explain INSERT INTO sbtest1 (id, k, c, pad) VALUES (5552675, 13, 'foobar', 'foobar')
	Insert on sbtest1  (cost=0.00..0.01 rows=0 width=0)
	  ->  Result  (cost=0.00..0.01 rows=1 width=736)

table 2 : explain INSERT INTO sbtest2 (id, k, c, pad) VALUES (2116806, 13, 'foobar', 'foobar')
	Insert on sbtest2  (cost=0.00..0.01 rows=0 width=0)
	  ->  Result  (cost=0.00..0.01 rows=1 width=736)

table 3 : explain INSERT INTO sbtest3 (id, k, c, pad) VALUES (2348737, 13, 'foobar', 'foobar')
	Insert on sbtest3  (cost=0.00..0.01 rows=0 width=0)
	  ->  Result  (cost=0.00..0.01 rows=1 width=736)

table 4 : explain INSERT INTO sbtest4 (id, k, c, pad) VALUES (2146387, 13, 'foobar', 'foobar')
	Insert on sbtest4  (cost=0.00..0.01 rows=0 width=0)
	  ->  Result  (cost=0.00..0.01 rows=1 width=736)

table 5 : explain INSERT INTO sbtest5 (id, k, c, pad) VALUES (1531659, 13, 'foobar', 'foobar')
	Insert on sbtest5  (cost=0.00..0.01 rows=0 width=0)
	  ->  Result  (cost=0.00..0.01 rows=1 width=736)

table 6 : explain INSERT INTO sbtest6 (id, k, c, pad) VALUES (9781496, 13, 'foobar', 'foobar')
	Insert on sbtest6  (cost=0.00..0.01 rows=0 width=0)
	  ->  Result  (cost=0.00..0.01 rows=1 width=736)

table 7 : explain INSERT INTO sbtest7 (id, k, c, pad) VALUES (6890350, 13, 'foobar', 'foobar')
	Insert on sbtest7  (cost=0.00..0.01 rows=0 width=0)
	  ->  Result  (cost=0.00..0.01 rows=1 width=736)

table 8 : explain INSERT INTO sbtest8 (id, k, c, pad) VALUES (4440988, 13, 'foobar', 'foobar')
	Insert on sbtest8  (cost=0.00..0.01 rows=0 width=0)
	  ->  Result  (cost=0.00..0.01 rows=1 width=736)

explain: for point_selects :: explain SELECT c FROM sbtest%u WHERE id=%u
for inserts
table 1 : explain INSERT INTO sbtest1 (id, k, c, pad) VALUES (832161, 13, 'foobar', 'foobar')
	Insert on sbtest1  (cost=0.00..0.01 rows=0 width=0)
	  ->  Result  (cost=0.00..0.01 rows=1 width=736)

table 2 : explain INSERT INTO sbtest2 (id, k, c, pad) VALUES (8342816, 13, 'foobar', 'foobar')
	Insert on sbtest2  (cost=0.00..0.01 rows=0 width=0)
	  ->  Result  (cost=0.00..0.01 rows=1 width=736)

table 3 : explain INSERT INTO sbtest3 (id, k, c, pad) VALUES (3905015, 13, 'foobar', 'foobar')
	Insert on sbtest3  (cost=0.00..0.01 rows=0 width=0)
	  ->  Result  (cost=0.00..0.01 rows=1 width=736)

table 4 : explain INSERT INTO sbtest4 (id, k, c, pad) VALUES (7649689, 13, 'foobar', 'foobar')
	Insert on sbtest4  (cost=0.00..0.01 rows=0 width=0)
	  ->  Result  (cost=0.00..0.01 rows=1 width=736)

table 5 : explain INSERT INTO sbtest5 (id, k, c, pad) VALUES (1311506, 13, 'foobar', 'foobar')
	Insert on sbtest5  (cost=0.00..0.01 rows=0 width=0)
	  ->  Result  (cost=0.00..0.01 rows=1 width=736)

table 6 : explain INSERT INTO sbtest6 (id, k, c, pad) VALUES (741194, 13, 'foobar', 'foobar')
	Insert on sbtest6  (cost=0.00..0.01 rows=0 width=0)
	  ->  Result  (cost=0.00..0.01 rows=1 width=736)

table 7 : explain INSERT INTO sbtest7 (id, k, c, pad) VALUES (9974660, 13, 'foobar', 'foobar')
	Insert on sbtest7  (cost=0.00..0.01 rows=0 width=0)
	  ->  Result  (cost=0.00..0.01 rows=1 width=736)

table 8 : explain INSERT INTO sbtest8 (id, k, c, pad) VALUES (1274963, 13, 'foobar', 'foobar')
	Insert on sbtest8  (cost=0.00..0.01 rows=0 width=0)
	  ->  Result  (cost=0.00..0.01 rows=1 width=736)

explain: for index_updates :: explain UPDATE sbtest%u SET k=k+1 WHERE id=%u
for index_updates
table 1 : explain UPDATE sbtest1 SET k=k+1 WHERE id=6520036
	Update on sbtest1  (cost=0.43..8.46 rows=0 width=0)
	  ->  Index Scan using sbtest1_pkey on sbtest1  (cost=0.43..8.46 rows=1 width=10)
	        Index Cond: (id = 6520036)

table 2 : explain UPDATE sbtest2 SET k=k+1 WHERE id=4222847
	Update on sbtest2  (cost=0.43..8.46 rows=0 width=0)
	  ->  Index Scan using sbtest2_pkey on sbtest2  (cost=0.43..8.46 rows=1 width=10)
	        Index Cond: (id = 4222847)

table 3 : explain UPDATE sbtest3 SET k=k+1 WHERE id=273233
	Update on sbtest3  (cost=0.43..8.46 rows=0 width=0)
	  ->  Index Scan using sbtest3_pkey on sbtest3  (cost=0.43..8.46 rows=1 width=10)
	        Index Cond: (id = 273233)

table 4 : explain UPDATE sbtest4 SET k=k+1 WHERE id=7761222
	Update on sbtest4  (cost=0.43..8.46 rows=0 width=0)
	  ->  Index Scan using sbtest4_pkey on sbtest4  (cost=0.43..8.46 rows=1 width=10)
	        Index Cond: (id = 7761222)

table 5 : explain UPDATE sbtest5 SET k=k+1 WHERE id=3734520
	Update on sbtest5  (cost=0.43..8.46 rows=0 width=0)
	  ->  Index Scan using sbtest5_pkey on sbtest5  (cost=0.43..8.46 rows=1 width=10)
	        Index Cond: (id = 3734520)

table 6 : explain UPDATE sbtest6 SET k=k+1 WHERE id=5240788
	Update on sbtest6  (cost=0.43..8.46 rows=0 width=0)
	  ->  Index Scan using sbtest6_pkey on sbtest6  (cost=0.43..8.46 rows=1 width=10)
	        Index Cond: (id = 5240788)

table 7 : explain UPDATE sbtest7 SET k=k+1 WHERE id=842765
	Update on sbtest7  (cost=0.43..8.46 rows=0 width=0)
	  ->  Index Scan using sbtest7_pkey on sbtest7  (cost=0.43..8.46 rows=1 width=10)
	        Index Cond: (id = 842765)

table 8 : explain UPDATE sbtest8 SET k=k+1 WHERE id=7895524
	Update on sbtest8  (cost=0.43..8.46 rows=0 width=0)
	  ->  Index Scan using sbtest8_pkey on sbtest8  (cost=0.43..8.46 rows=1 width=10)
	        Index Cond: (id = 7895524)

for: simple_ranges
table 1 : explain SELECT c FROM sbtest1 WHERE id BETWEEN 1598287 AND 1598296
	Index Scan using sbtest1_pkey on sbtest1  (cost=0.43..42.34 rows=11 width=121)
	  Index Cond: ((id >= 1598287) AND (id <= 1598296))

table 2 : explain SELECT c FROM sbtest2 WHERE id BETWEEN 3996002 AND 3996011
	Index Scan using sbtest2_pkey on sbtest2  (cost=0.43..39.17 rows=10 width=121)
	  Index Cond: ((id >= 3996002) AND (id <= 3996011))

table 3 : explain SELECT c FROM sbtest3 WHERE id BETWEEN 4416652 AND 4416661
	Index Scan using sbtest3_pkey on sbtest3  (cost=0.43..39.26 rows=10 width=121)
	  Index Cond: ((id >= 4416652) AND (id <= 4416661))

table 4 : explain SELECT c FROM sbtest4 WHERE id BETWEEN 7244418 AND 7244427
	Index Scan using sbtest4_pkey on sbtest4  (cost=0.43..38.68 rows=10 width=121)
	  Index Cond: ((id >= 7244418) AND (id <= 7244427))

table 5 : explain SELECT c FROM sbtest5 WHERE id BETWEEN 7457111 AND 7457120
	Index Scan using sbtest5_pkey on sbtest5  (cost=0.43..39.22 rows=10 width=121)
	  Index Cond: ((id >= 7457111) AND (id <= 7457120))

table 6 : explain SELECT c FROM sbtest6 WHERE id BETWEEN 7274411 AND 7274420
	Index Scan using sbtest6_pkey on sbtest6  (cost=0.43..39.36 rows=10 width=121)
	  Index Cond: ((id >= 7274411) AND (id <= 7274420))

table 7 : explain SELECT c FROM sbtest7 WHERE id BETWEEN 7064693 AND 7064702
	Index Scan using sbtest7_pkey on sbtest7  (cost=0.43..42.68 rows=11 width=121)
	  Index Cond: ((id >= 7064693) AND (id <= 7064702))

table 8 : explain SELECT c FROM sbtest8 WHERE id BETWEEN 1978463 AND 1978472
	Index Scan using sbtest8_pkey on sbtest8  (cost=0.43..35.22 rows=9 width=121)
	  Index Cond: ((id >= 1978463) AND (id <= 1978472))

for deletes
table 1 : explain DELETE FROM sbtest1 WHERE id=7862745
	Delete on sbtest1  (cost=0.43..8.45 rows=0 width=0)
	  ->  Index Scan using sbtest1_pkey on sbtest1  (cost=0.43..8.45 rows=1 width=6)
	        Index Cond: (id = 7862745)

table 2 : explain DELETE FROM sbtest2 WHERE id=8983174
	Delete on sbtest2  (cost=0.43..8.45 rows=0 width=0)
	  ->  Index Scan using sbtest2_pkey on sbtest2  (cost=0.43..8.45 rows=1 width=6)
	        Index Cond: (id = 8983174)

table 3 : explain DELETE FROM sbtest3 WHERE id=4966756
	Delete on sbtest3  (cost=0.43..8.45 rows=0 width=0)
	  ->  Index Scan using sbtest3_pkey on sbtest3  (cost=0.43..8.45 rows=1 width=6)
	        Index Cond: (id = 4966756)

table 4 : explain DELETE FROM sbtest4 WHERE id=1321592
	Delete on sbtest4  (cost=0.43..8.45 rows=0 width=0)
	  ->  Index Scan using sbtest4_pkey on sbtest4  (cost=0.43..8.45 rows=1 width=6)
	        Index Cond: (id = 1321592)

table 5 : explain DELETE FROM sbtest5 WHERE id=1962918
	Delete on sbtest5  (cost=0.43..8.45 rows=0 width=0)
	  ->  Index Scan using sbtest5_pkey on sbtest5  (cost=0.43..8.45 rows=1 width=6)
	        Index Cond: (id = 1962918)

table 6 : explain DELETE FROM sbtest6 WHERE id=2901704
	Delete on sbtest6  (cost=0.43..8.45 rows=0 width=0)
	  ->  Index Scan using sbtest6_pkey on sbtest6  (cost=0.43..8.45 rows=1 width=6)
	        Index Cond: (id = 2901704)

table 7 : explain DELETE FROM sbtest7 WHERE id=1940035
	Delete on sbtest7  (cost=0.43..8.45 rows=0 width=0)
	  ->  Index Scan using sbtest7_pkey on sbtest7  (cost=0.43..8.45 rows=1 width=6)
	        Index Cond: (id = 1940035)

table 8 : explain DELETE FROM sbtest8 WHERE id=4585408
	Delete on sbtest8  (cost=0.43..8.45 rows=0 width=0)
	  ->  Index Scan using sbtest8_pkey on sbtest8  (cost=0.43..8.45 rows=1 width=6)
	        Index Cond: (id = 4585408)

for deletes
table 1 : explain DELETE FROM sbtest1 WHERE id=4064031
	Delete on sbtest1  (cost=0.43..8.45 rows=0 width=0)
	  ->  Index Scan using sbtest1_pkey on sbtest1  (cost=0.43..8.45 rows=1 width=6)
	        Index Cond: (id = 4064031)

table 2 : explain DELETE FROM sbtest2 WHERE id=716903
	Delete on sbtest2  (cost=0.43..8.45 rows=0 width=0)
	  ->  Index Scan using sbtest2_pkey on sbtest2  (cost=0.43..8.45 rows=1 width=6)
	        Index Cond: (id = 716903)

table 3 : explain DELETE FROM sbtest3 WHERE id=8014979
	Delete on sbtest3  (cost=0.43..8.45 rows=0 width=0)
	  ->  Index Scan using sbtest3_pkey on sbtest3  (cost=0.43..8.45 rows=1 width=6)
	        Index Cond: (id = 8014979)

table 4 : explain DELETE FROM sbtest4 WHERE id=1560323
	Delete on sbtest4  (cost=0.43..8.45 rows=0 width=0)
	  ->  Index Scan using sbtest4_pkey on sbtest4  (cost=0.43..8.45 rows=1 width=6)
	        Index Cond: (id = 1560323)

table 5 : explain DELETE FROM sbtest5 WHERE id=2821472
	Delete on sbtest5  (cost=0.43..8.45 rows=0 width=0)
	  ->  Index Scan using sbtest5_pkey on sbtest5  (cost=0.43..8.45 rows=1 width=6)
	        Index Cond: (id = 2821472)

table 6 : explain DELETE FROM sbtest6 WHERE id=965750
	Delete on sbtest6  (cost=0.43..8.45 rows=0 width=0)
	  ->  Index Scan using sbtest6_pkey on sbtest6  (cost=0.43..8.45 rows=1 width=6)
	        Index Cond: (id = 965750)

table 7 : explain DELETE FROM sbtest7 WHERE id=7002168
	Delete on sbtest7  (cost=0.43..8.45 rows=0 width=0)
	  ->  Index Scan using sbtest7_pkey on sbtest7  (cost=0.43..8.45 rows=1 width=6)
	        Index Cond: (id = 7002168)

table 8 : explain DELETE FROM sbtest8 WHERE id=535591
	Delete on sbtest8  (cost=0.43..8.45 rows=0 width=0)
	  ->  Index Scan using sbtest8_pkey on sbtest8  (cost=0.43..8.45 rows=1 width=6)
	        Index Cond: (id = 535591)

explain: for non_index_updates :: explain UPDATE sbtest%u SET c='foobar' WHERE id=%u
explain: for point_selects :: explain SELECT c FROM sbtest%u WHERE id=%u
for index_updates
table 1 : explain UPDATE sbtest1 SET k=k+1 WHERE id=1581309
	Update on sbtest1  (cost=0.43..8.46 rows=0 width=0)
	  ->  Index Scan using sbtest1_pkey on sbtest1  (cost=0.43..8.46 rows=1 width=10)
	        Index Cond: (id = 1581309)

table 2 : explain UPDATE sbtest2 SET k=k+1 WHERE id=585161
	Update on sbtest2  (cost=0.43..8.46 rows=0 width=0)
	  ->  Index Scan using sbtest2_pkey on sbtest2  (cost=0.43..8.46 rows=1 width=10)
	        Index Cond: (id = 585161)

table 3 : explain UPDATE sbtest3 SET k=k+1 WHERE id=4720363
	Update on sbtest3  (cost=0.43..8.46 rows=0 width=0)
	  ->  Index Scan using sbtest3_pkey on sbtest3  (cost=0.43..8.46 rows=1 width=10)
	        Index Cond: (id = 4720363)

table 4 : explain UPDATE sbtest4 SET k=k+1 WHERE id=4597932
	Update on sbtest4  (cost=0.43..8.46 rows=0 width=0)
	  ->  Index Scan using sbtest4_pkey on sbtest4  (cost=0.43..8.46 rows=1 width=10)
	        Index Cond: (id = 4597932)

table 5 : explain UPDATE sbtest5 SET k=k+1 WHERE id=1103103
	Update on sbtest5  (cost=0.43..8.46 rows=0 width=0)
	  ->  Index Scan using sbtest5_pkey on sbtest5  (cost=0.43..8.46 rows=1 width=10)
	        Index Cond: (id = 1103103)

table 6 : explain UPDATE sbtest6 SET k=k+1 WHERE id=2242894
	Update on sbtest6  (cost=0.43..8.46 rows=0 width=0)
	  ->  Index Scan using sbtest6_pkey on sbtest6  (cost=0.43..8.46 rows=1 width=10)
	        Index Cond: (id = 2242894)

table 7 : explain UPDATE sbtest7 SET k=k+1 WHERE id=4212524
	Update on sbtest7  (cost=0.43..8.46 rows=0 width=0)
	  ->  Index Scan using sbtest7_pkey on sbtest7  (cost=0.43..8.46 rows=1 width=10)
	        Index Cond: (id = 4212524)

table 8 : explain UPDATE sbtest8 SET k=k+1 WHERE id=8657614
	Update on sbtest8  (cost=0.43..8.46 rows=0 width=0)
	  ->  Index Scan using sbtest8_pkey on sbtest8  (cost=0.43..8.46 rows=1 width=10)
	        Index Cond: (id = 8657614)

explain: for inserts :: explain INSERT INTO sbtest%u (id, k, c, pad) VALUES (%u, 13, 'foobar', 'foobar')
explain: for non_index_updates :: explain UPDATE sbtest%u SET c='foobar' WHERE id=%u
for: sum_ranges
table 1 : explain SELECT SUM(k) FROM sbtest1 WHERE id BETWEEN 2248447 AND 2248456
	Aggregate  (cost=38.98..38.99 rows=1 width=8)
	  ->  Index Scan using sbtest1_pkey on sbtest1  (cost=0.43..38.95 rows=10 width=4)
	        Index Cond: ((id >= 2248447) AND (id <= 2248456))

table 2 : explain SELECT SUM(k) FROM sbtest2 WHERE id BETWEEN 8173172 AND 8173181
	Aggregate  (cost=42.61..42.62 rows=1 width=8)
	  ->  Index Scan using sbtest2_pkey on sbtest2  (cost=0.43..42.58 rows=11 width=4)
	        Index Cond: ((id >= 8173172) AND (id <= 8173181))

table 3 : explain SELECT SUM(k) FROM sbtest3 WHERE id BETWEEN 412542 AND 412551
	Aggregate  (cost=35.86..35.87 rows=1 width=8)
	  ->  Index Scan using sbtest3_pkey on sbtest3  (cost=0.43..35.84 rows=9 width=4)
	        Index Cond: ((id >= 412542) AND (id <= 412551))

table 4 : explain SELECT SUM(k) FROM sbtest4 WHERE id BETWEEN 6611922 AND 6611931
	Aggregate  (cost=38.70..38.71 rows=1 width=8)
	  ->  Index Scan using sbtest4_pkey on sbtest4  (cost=0.43..38.68 rows=10 width=4)
	        Index Cond: ((id >= 6611922) AND (id <= 6611931))

table 5 : explain SELECT SUM(k) FROM sbtest5 WHERE id BETWEEN 3056034 AND 3056043
	Aggregate  (cost=42.66..42.67 rows=1 width=8)
	  ->  Index Scan using sbtest5_pkey on sbtest5  (cost=0.43..42.64 rows=11 width=4)
	        Index Cond: ((id >= 3056034) AND (id <= 3056043))

table 6 : explain SELECT SUM(k) FROM sbtest6 WHERE id BETWEEN 9283415 AND 9283424
	Aggregate  (cost=39.39..39.40 rows=1 width=8)
	  ->  Index Scan using sbtest6_pkey on sbtest6  (cost=0.43..39.36 rows=10 width=4)
	        Index Cond: ((id >= 9283415) AND (id <= 9283424))

table 7 : explain SELECT SUM(k) FROM sbtest7 WHERE id BETWEEN 2049575 AND 2049584
	Aggregate  (cost=39.28..39.29 rows=1 width=8)
	  ->  Index Scan using sbtest7_pkey on sbtest7  (cost=0.43..39.25 rows=10 width=4)
	        Index Cond: ((id >= 2049575) AND (id <= 2049584))

table 8 : explain SELECT SUM(k) FROM sbtest8 WHERE id BETWEEN 6200723 AND 6200732
	Aggregate  (cost=38.60..38.61 rows=1 width=8)
	  ->  Index Scan using sbtest8_pkey on sbtest8  (cost=0.43..38.57 rows=10 width=4)
	        Index Cond: ((id >= 6200723) AND (id <= 6200732))
for point_selects
table 1 : explain SELECT c FROM sbtest1 WHERE id=383172
	Index Scan using sbtest1_pkey on sbtest1  (cost=0.43..8.45 rows=1 width=121)
	  Index Cond: (id = 383172)

table 2 : explain SELECT c FROM sbtest2 WHERE id=9087477
	Index Scan using sbtest2_pkey on sbtest2  (cost=0.43..8.45 rows=1 width=121)
	  Index Cond: (id = 9087477)

table 3 : explain SELECT c FROM sbtest3 WHERE id=9611001
	Index Scan using sbtest3_pkey on sbtest3  (cost=0.43..8.45 rows=1 width=121)
	  Index Cond: (id = 9611001)

table 4 : explain SELECT c FROM sbtest4 WHERE id=7760323
	Index Scan using sbtest4_pkey on sbtest4  (cost=0.43..8.45 rows=1 width=121)
	  Index Cond: (id = 7760323)

table 5 : explain SELECT c FROM sbtest5 WHERE id=4878975
	Index Scan using sbtest5_pkey on sbtest5  (cost=0.43..8.45 rows=1 width=121)
	  Index Cond: (id = 4878975)

table 6 : explain SELECT c FROM sbtest6 WHERE id=2669700
	Index Scan using sbtest6_pkey on sbtest6  (cost=0.43..8.45 rows=1 width=121)
	  Index Cond: (id = 2669700)

table 7 : explain SELECT c FROM sbtest7 WHERE id=5146540
	Index Scan using sbtest7_pkey on sbtest7  (cost=0.43..8.45 rows=1 width=121)
	  Index Cond: (id = 5146540)

table 8 : explain SELECT c FROM sbtest8 WHERE id=3750883
	Index Scan using sbtest8_pkey on sbtest8  (cost=0.43..8.45 rows=1 width=121)
	  Index Cond: (id = 3750883)


explain: for non_index_updates :: explain UPDATE sbtest%u SET c='foobar' WHERE id=%u
for inserts
table 1 : explain INSERT INTO sbtest1 (id, k, c, pad) VALUES (5206737, 13, 'foobar', 'foobar')
	Insert on sbtest1  (cost=0.00..0.01 rows=0 width=0)
	  ->  Result  (cost=0.00..0.01 rows=1 width=736)

table 2 : explain INSERT INTO sbtest2 (id, k, c, pad) VALUES (6497093, 13, 'foobar', 'foobar')
	Insert on sbtest2  (cost=0.00..0.01 rows=0 width=0)
	  ->  Result  (cost=0.00..0.01 rows=1 width=736)

table 3 : explain INSERT INTO sbtest3 (id, k, c, pad) VALUES (8095923, 13, 'foobar', 'foobar')
	Insert on sbtest3  (cost=0.00..0.01 rows=0 width=0)
	  ->  Result  (cost=0.00..0.01 rows=1 width=736)

table 4 : explain INSERT INTO sbtest4 (id, k, c, pad) VALUES (1045274, 13, 'foobar', 'foobar')
	Insert on sbtest4  (cost=0.00..0.01 rows=0 width=0)
	  ->  Result  (cost=0.00..0.01 rows=1 width=736)

table 5 : explain INSERT INTO sbtest5 (id, k, c, pad) VALUES (8448978, 13, 'foobar', 'foobar')
	Insert on sbtest5  (cost=0.00..0.01 rows=0 width=0)
	  ->  Result  (cost=0.00..0.01 rows=1 width=736)

table 6 : explain INSERT INTO sbtest6 (id, k, c, pad) VALUES (3568272, 13, 'foobar', 'foobar')
	Insert on sbtest6  (cost=0.00..0.01 rows=0 width=0)
	  ->  Result  (cost=0.00..0.01 rows=1 width=736)

table 7 : explain INSERT INTO sbtest7 (id, k, c, pad) VALUES (5054280, 13, 'foobar', 'foobar')
	Insert on sbtest7  (cost=0.00..0.01 rows=0 width=0)
	  ->  Result  (cost=0.00..0.01 rows=1 width=736)

table 8 : explain INSERT INTO sbtest8 (id, k, c, pad) VALUES (7034709, 13, 'foobar', 'foobar')
	Insert on sbtest8  (cost=0.00..0.01 rows=0 width=0)
	  ->  Result  (cost=0.00..0.01 rows=1 width=736)

explain: for inserts :: explain INSERT INTO sbtest%u (id, k, c, pad) VALUES (%u, 13, 'foobar', 'foobar')
for non_index_updates
table 1 : explain UPDATE sbtest1 SET c='foobar' WHERE id=862334
	Update on sbtest1  (cost=0.43..8.45 rows=0 width=0)
	  ->  Index Scan using sbtest1_pkey on sbtest1  (cost=0.43..8.45 rows=1 width=490)
	        Index Cond: (id = 862334)

table 2 : explain UPDATE sbtest2 SET c='foobar' WHERE id=6154753
	Update on sbtest2  (cost=0.43..8.45 rows=0 width=0)
	  ->  Index Scan using sbtest2_pkey on sbtest2  (cost=0.43..8.45 rows=1 width=490)
	        Index Cond: (id = 6154753)

table 3 : explain UPDATE sbtest3 SET c='foobar' WHERE id=8934255
	Update on sbtest3  (cost=0.43..8.45 rows=0 width=0)
	  ->  Index Scan using sbtest3_pkey on sbtest3  (cost=0.43..8.45 rows=1 width=490)
	        Index Cond: (id = 8934255)

table 4 : explain UPDATE sbtest4 SET c='foobar' WHERE id=6387333
	Update on sbtest4  (cost=0.43..8.45 rows=0 width=0)
	  ->  Index Scan using sbtest4_pkey on sbtest4  (cost=0.43..8.45 rows=1 width=490)
	        Index Cond: (id = 6387333)

table 5 : explain UPDATE sbtest5 SET c='foobar' WHERE id=5569898
	Update on sbtest5  (cost=0.43..8.45 rows=0 width=0)
	  ->  Index Scan using sbtest5_pkey on sbtest5  (cost=0.43..8.45 rows=1 width=490)
	        Index Cond: (id = 5569898)

table 6 : explain UPDATE sbtest6 SET c='foobar' WHERE id=9975029
	Update on sbtest6  (cost=0.43..8.45 rows=0 width=0)
	  ->  Index Scan using sbtest6_pkey on sbtest6  (cost=0.43..8.45 rows=1 width=490)
	        Index Cond: (id = 9975029)

table 7 : explain UPDATE sbtest7 SET c='foobar' WHERE id=5872579
	Update on sbtest7  (cost=0.43..8.45 rows=0 width=0)
	  ->  Index Scan using sbtest7_pkey on sbtest7  (cost=0.43..8.45 rows=1 width=490)
	        Index Cond: (id = 5872579)

table 8 : explain UPDATE sbtest8 SET c='foobar' WHERE id=6306178
	Update on sbtest8  (cost=0.43..8.45 rows=0 width=0)
	  ->  Index Scan using sbtest8_pkey on sbtest8  (cost=0.43..8.45 rows=1 width=490)
	        Index Cond: (id = 6306178)

for: sum_ranges
table 1 : explain SELECT SUM(k) FROM sbtest1 WHERE id BETWEEN 9513176 AND 9513185
	Aggregate  (cost=35.59..35.60 rows=1 width=8)
	  ->  Index Scan using sbtest1_pkey on sbtest1  (cost=0.43..35.56 rows=9 width=4)
	        Index Cond: ((id >= 9513176) AND (id <= 9513185))

table 2 : explain SELECT SUM(k) FROM sbtest2 WHERE id BETWEEN 3581050 AND 3581059
	Aggregate  (cost=35.78..35.79 rows=1 width=8)
	  ->  Index Scan using sbtest2_pkey on sbtest2  (cost=0.43..35.76 rows=9 width=4)
	        Index Cond: ((id >= 3581050) AND (id <= 3581059))

table 3 : explain SELECT SUM(k) FROM sbtest3 WHERE id BETWEEN 8242966 AND 8242975
	Aggregate  (cost=42.71..42.72 rows=1 width=8)
	  ->  Index Scan using sbtest3_pkey on sbtest3  (cost=0.43..42.69 rows=11 width=4)
	        Index Cond: ((id >= 8242966) AND (id <= 8242975))

table 4 : explain SELECT SUM(k) FROM sbtest4 WHERE id BETWEEN 9996456 AND 9996465
	Aggregate  (cost=38.70..38.71 rows=1 width=8)
	  ->  Index Scan using sbtest4_pkey on sbtest4  (cost=0.43..38.68 rows=10 width=4)
	        Index Cond: ((id >= 9996456) AND (id <= 9996465))

table 5 : explain SELECT SUM(k) FROM sbtest5 WHERE id BETWEEN 9327851 AND 9327860
	Aggregate  (cost=39.24..39.25 rows=1 width=8)
	  ->  Index Scan using sbtest5_pkey on sbtest5  (cost=0.43..39.22 rows=10 width=4)
	        Index Cond: ((id >= 9327851) AND (id <= 9327860))

table 6 : explain SELECT SUM(k) FROM sbtest6 WHERE id BETWEEN 8084149 AND 8084158
	Aggregate  (cost=39.39..39.40 rows=1 width=8)
	  ->  Index Scan using sbtest6_pkey on sbtest6  (cost=0.43..39.36 rows=10 width=4)
	        Index Cond: ((id >= 8084149) AND (id <= 8084158))

table 7 : explain SELECT SUM(k) FROM sbtest7 WHERE id BETWEEN 2394990 AND 2394999
	Aggregate  (cost=39.28..39.29 rows=1 width=8)
	  ->  Index Scan using sbtest7_pkey on sbtest7  (cost=0.43..39.25 rows=10 width=4)
	        Index Cond: ((id >= 2394990) AND (id <= 2394999))

table 8 : explain SELECT SUM(k) FROM sbtest8 WHERE id BETWEEN 412919 AND 412928
	Aggregate  (cost=38.60..38.61 rows=1 width=8)
	  ->  Index Scan using sbtest8_pkey on sbtest8  (cost=0.43..38.57 rows=10 width=4)
	        Index Cond: ((id >= 412919) AND (id <= 412928))

for non_index_updates
table 1 : explain UPDATE sbtest1 SET c='foobar' WHERE id=8610700
	Update on sbtest1  (cost=0.43..8.45 rows=0 width=0)
	  ->  Index Scan using sbtest1_pkey on sbtest1  (cost=0.43..8.45 rows=1 width=490)
	        Index Cond: (id = 8610700)

table 2 : explain UPDATE sbtest2 SET c='foobar' WHERE id=5678650
	Update on sbtest2  (cost=0.43..8.45 rows=0 width=0)
	  ->  Index Scan using sbtest2_pkey on sbtest2  (cost=0.43..8.45 rows=1 width=490)
	        Index Cond: (id = 5678650)

table 3 : explain UPDATE sbtest3 SET c='foobar' WHERE id=6776234
	Update on sbtest3  (cost=0.43..8.45 rows=0 width=0)
	  ->  Index Scan using sbtest3_pkey on sbtest3  (cost=0.43..8.45 rows=1 width=490)
	        Index Cond: (id = 6776234)

table 4 : explain UPDATE sbtest4 SET c='foobar' WHERE id=4698905
	Update on sbtest4  (cost=0.43..8.45 rows=0 width=0)
	  ->  Index Scan using sbtest4_pkey on sbtest4  (cost=0.43..8.45 rows=1 width=490)
	        Index Cond: (id = 4698905)

table 5 : explain UPDATE sbtest5 SET c='foobar' WHERE id=7902411
	Update on sbtest5  (cost=0.43..8.45 rows=0 width=0)
	  ->  Index Scan using sbtest5_pkey on sbtest5  (cost=0.43..8.45 rows=1 width=490)
	        Index Cond: (id = 7902411)

table 6 : explain UPDATE sbtest6 SET c='foobar' WHERE id=314783
	Update on sbtest6  (cost=0.43..8.45 rows=0 width=0)
	  ->  Index Scan using sbtest6_pkey on sbtest6  (cost=0.43..8.45 rows=1 width=490)
	        Index Cond: (id = 314783)

table 7 : explain UPDATE sbtest7 SET c='foobar' WHERE id=363072
	Update on sbtest7  (cost=0.43..8.45 rows=0 width=0)
	  ->  Index Scan using sbtest7_pkey on sbtest7  (cost=0.43..8.45 rows=1 width=490)
	        Index Cond: (id = 363072)

table 8 : explain UPDATE sbtest8 SET c='foobar' WHERE id=7139158
	Update on sbtest8  (cost=0.43..8.45 rows=0 width=0)
	  ->  Index Scan using sbtest8_pkey on sbtest8  (cost=0.43..8.45 rows=1 width=490)
	        Index Cond: (id = 7139158)

for point_selects
table 1 : explain SELECT c FROM sbtest1 WHERE id=3505907
	Index Scan using sbtest1_pkey on sbtest1  (cost=0.43..8.45 rows=1 width=121)
	  Index Cond: (id = 3505907)

table 2 : explain SELECT c FROM sbtest2 WHERE id=8036288
	Index Scan using sbtest2_pkey on sbtest2  (cost=0.43..8.45 rows=1 width=121)
	  Index Cond: (id = 8036288)

table 3 : explain SELECT c FROM sbtest3 WHERE id=4159175
	Index Scan using sbtest3_pkey on sbtest3  (cost=0.43..8.45 rows=1 width=121)
	  Index Cond: (id = 4159175)

table 4 : explain SELECT c FROM sbtest4 WHERE id=2557994
	Index Scan using sbtest4_pkey on sbtest4  (cost=0.43..8.45 rows=1 width=121)
	  Index Cond: (id = 2557994)

table 5 : explain SELECT c FROM sbtest5 WHERE id=1828860
	Index Scan using sbtest5_pkey on sbtest5  (cost=0.43..8.45 rows=1 width=121)
	  Index Cond: (id = 1828860)

table 6 : explain SELECT c FROM sbtest6 WHERE id=7753638
	Index Scan using sbtest6_pkey on sbtest6  (cost=0.43..8.45 rows=1 width=121)
	  Index Cond: (id = 7753638)

table 7 : explain SELECT c FROM sbtest7 WHERE id=572275
	Index Scan using sbtest7_pkey on sbtest7  (cost=0.43..8.45 rows=1 width=121)
	  Index Cond: (id = 572275)

table 8 : explain SELECT c FROM sbtest8 WHERE id=9390130
	Index Scan using sbtest8_pkey on sbtest8  (cost=0.43..8.45 rows=1 width=121)
	  Index Cond: (id = 9390130)

for: order_ranges
table 1 : explain SELECT c FROM sbtest1 WHERE id BETWEEN 5174458 AND 5174467 ORDER BY c
	Sort  (cost=39.12..39.14 rows=10 width=121)
	  Sort Key: c
	  ->  Index Scan using sbtest1_pkey on sbtest1  (cost=0.43..38.95 rows=10 width=121)
	        Index Cond: ((id >= 5174458) AND (id <= 5174467))

table 2 : explain SELECT c FROM sbtest2 WHERE id BETWEEN 7416901 AND 7416910 ORDER BY c
	Sort  (cost=35.90..35.92 rows=9 width=121)
	  Sort Key: c
	  ->  Index Scan using sbtest2_pkey on sbtest2  (cost=0.43..35.76 rows=9 width=121)
	        Index Cond: ((id >= 7416901) AND (id <= 7416910))

table 3 : explain SELECT c FROM sbtest3 WHERE id BETWEEN 8124097 AND 8124106 ORDER BY c
	Sort  (cost=42.88..42.91 rows=11 width=121)
	  Sort Key: c
	  ->  Index Scan using sbtest3_pkey on sbtest3  (cost=0.43..42.69 rows=11 width=121)
	        Index Cond: ((id >= 8124097) AND (id <= 8124106))

table 4 : explain SELECT c FROM sbtest4 WHERE id BETWEEN 7591514 AND 7591523 ORDER BY c
	Sort  (cost=38.85..38.87 rows=10 width=121)
	  Sort Key: c
	  ->  Index Scan using sbtest4_pkey on sbtest4  (cost=0.43..38.68 rows=10 width=121)
	        Index Cond: ((id >= 7591514) AND (id <= 7591523))

table 5 : explain SELECT c FROM sbtest5 WHERE id BETWEEN 6802890 AND 6802899 ORDER BY c
	Sort  (cost=39.38..39.41 rows=10 width=121)
	  Sort Key: c
	  ->  Index Scan using sbtest5_pkey on sbtest5  (cost=0.43..39.22 rows=10 width=121)
	        Index Cond: ((id >= 6802890) AND (id <= 6802899))

table 6 : explain SELECT c FROM sbtest6 WHERE id BETWEEN 9932475 AND 9932484 ORDER BY c
	Sort  (cost=36.07..36.10 rows=9 width=121)
	  Sort Key: c
	  ->  Index Scan using sbtest6_pkey on sbtest6  (cost=0.43..35.93 rows=9 width=121)
	        Index Cond: ((id >= 9932475) AND (id <= 9932484))

table 7 : explain SELECT c FROM sbtest7 WHERE id BETWEEN 1915443 AND 1915452 ORDER BY c
	Sort  (cost=42.87..42.89 rows=11 width=121)
	  Sort Key: c
	  ->  Index Scan using sbtest7_pkey on sbtest7  (cost=0.43..42.68 rows=11 width=121)
	        Index Cond: ((id >= 1915443) AND (id <= 1915452))

table 8 : explain SELECT c FROM sbtest8 WHERE id BETWEEN 6402121 AND 6402130 ORDER BY c
	Sort  (cost=35.37..35.39 rows=9 width=121)
	  Sort Key: c
	  ->  Index Scan using sbtest8_pkey on sbtest8  (cost=0.43..35.22 rows=9 width=121)
	        Index Cond: ((id >= 6402121) AND (id <= 6402130))

for: order_ranges
table 1 : explain SELECT c FROM sbtest1 WHERE id BETWEEN 9933266 AND 9933275 ORDER BY c
	Sort  (cost=42.53..42.56 rows=11 width=121)
	  Sort Key: c
	  ->  Index Scan using sbtest1_pkey on sbtest1  (cost=0.43..42.34 rows=11 width=121)
	        Index Cond: ((id >= 9933266) AND (id <= 9933275))

table 2 : explain SELECT c FROM sbtest2 WHERE id BETWEEN 5933212 AND 5933221 ORDER BY c
	Sort  (cost=39.34..39.36 rows=10 width=121)
	  Sort Key: c
	  ->  Index Scan using sbtest2_pkey on sbtest2  (cost=0.43..39.17 rows=10 width=121)
	        Index Cond: ((id >= 5933212) AND (id <= 5933221))

table 3 : explain SELECT c FROM sbtest3 WHERE id BETWEEN 7909926 AND 7909935 ORDER BY c
	Sort  (cost=39.43..39.46 rows=10 width=121)
	  Sort Key: c
	  ->  Index Scan using sbtest3_pkey on sbtest3  (cost=0.43..39.26 rows=10 width=121)
	        Index Cond: ((id >= 7909926) AND (id <= 7909935))

table 4 : explain SELECT c FROM sbtest4 WHERE id BETWEEN 8814055 AND 8814064 ORDER BY c
	Sort  (cost=35.46..35.49 rows=9 width=121)
	  Sort Key: c
	  ->  Index Scan using sbtest4_pkey on sbtest4  (cost=0.43..35.32 rows=9 width=121)
	        Index Cond: ((id >= 8814055) AND (id <= 8814064))

table 5 : explain SELECT c FROM sbtest5 WHERE id BETWEEN 4038565 AND 4038574 ORDER BY c
	Sort  (cost=42.83..42.85 rows=11 width=121)
	  Sort Key: c
	  ->  Index Scan using sbtest5_pkey on sbtest5  (cost=0.43..42.64 rows=11 width=121)
	        Index Cond: ((id >= 4038565) AND (id <= 4038574))

table 6 : explain SELECT c FROM sbtest6 WHERE id BETWEEN 2863091 AND 2863100 ORDER BY c
	Sort  (cost=36.07..36.10 rows=9 width=121)
	  Sort Key: c
	  ->  Index Scan using sbtest6_pkey on sbtest6  (cost=0.43..35.93 rows=9 width=121)
	        Index Cond: ((id >= 2863091) AND (id <= 2863100))

table 7 : explain SELECT c FROM sbtest7 WHERE id BETWEEN 3833229 AND 3833238 ORDER BY c
	Sort  (cost=39.42..39.45 rows=10 width=121)
	  Sort Key: c
	  ->  Index Scan using sbtest7_pkey on sbtest7  (cost=0.43..39.25 rows=10 width=121)
	        Index Cond: ((id >= 3833229) AND (id <= 3833238))

table 8 : explain SELECT c FROM sbtest8 WHERE id BETWEEN 6537489 AND 6537498 ORDER BY c
	Sort  (cost=38.74..38.76 rows=10 width=121)
	  Sort Key: c
	  ->  Index Scan using sbtest8_pkey on sbtest8  (cost=0.43..38.57 rows=10 width=121)
	        Index Cond: ((id >= 6537489) AND (id <= 6537498))

explain: for deletes :: explain DELETE FROM sbtest%u WHERE id=%u
for point_selects
table 1 : explain SELECT c FROM sbtest1 WHERE id=6282650
	Index Scan using sbtest1_pkey on sbtest1  (cost=0.43..8.45 rows=1 width=121)
	  Index Cond: (id = 6282650)

table 2 : explain SELECT c FROM sbtest2 WHERE id=4138499
	Index Scan using sbtest2_pkey on sbtest2  (cost=0.43..8.45 rows=1 width=121)
	  Index Cond: (id = 4138499)

table 3 : explain SELECT c FROM sbtest3 WHERE id=8283806
	Index Scan using sbtest3_pkey on sbtest3  (cost=0.43..8.45 rows=1 width=121)
	  Index Cond: (id = 8283806)

table 4 : explain SELECT c FROM sbtest4 WHERE id=2887756
	Index Scan using sbtest4_pkey on sbtest4  (cost=0.43..8.45 rows=1 width=121)
	  Index Cond: (id = 2887756)

table 5 : explain SELECT c FROM sbtest5 WHERE id=491592
	Index Scan using sbtest5_pkey on sbtest5  (cost=0.43..8.45 rows=1 width=121)
	  Index Cond: (id = 491592)

table 6 : explain SELECT c FROM sbtest6 WHERE id=6791926
	Index Scan using sbtest6_pkey on sbtest6  (cost=0.43..8.45 rows=1 width=121)
	  Index Cond: (id = 6791926)

table 7 : explain SELECT c FROM sbtest7 WHERE id=1875728
	Index Scan using sbtest7_pkey on sbtest7  (cost=0.43..8.45 rows=1 width=121)
	  Index Cond: (id = 1875728)

table 8 : explain SELECT c FROM sbtest8 WHERE id=2207216
	Index Scan using sbtest8_pkey on sbtest8  (cost=0.43..8.45 rows=1 width=121)
	  Index Cond: (id = 2207216)

for: simple_ranges
table 1 : explain SELECT c FROM sbtest1 WHERE id BETWEEN 6596580 AND 6596589
	Index Scan using sbtest1_pkey on sbtest1  (cost=0.43..32.18 rows=8 width=121)
	  Index Cond: ((id >= 6596580) AND (id <= 6596589))

table 2 : explain SELECT c FROM sbtest2 WHERE id BETWEEN 1301344 AND 1301353
	Index Scan using sbtest2_pkey on sbtest2  (cost=0.43..35.76 rows=9 width=121)
	  Index Cond: ((id >= 1301344) AND (id <= 1301353))

table 3 : explain SELECT c FROM sbtest3 WHERE id BETWEEN 912325 AND 912334
	Index Scan using sbtest3_pkey on sbtest3  (cost=0.43..42.69 rows=11 width=121)
	  Index Cond: ((id >= 912325) AND (id <= 912334))

table 4 : explain SELECT c FROM sbtest4 WHERE id BETWEEN 6695139 AND 6695148
	Index Scan using sbtest4_pkey on sbtest4  (cost=0.43..42.04 rows=11 width=121)
	  Index Cond: ((id >= 6695139) AND (id <= 6695148))

table 5 : explain SELECT c FROM sbtest5 WHERE id BETWEEN 8263326 AND 8263335
	Index Scan using sbtest5_pkey on sbtest5  (cost=0.43..35.80 rows=9 width=121)
	  Index Cond: ((id >= 8263326) AND (id <= 8263335))

table 6 : explain SELECT c FROM sbtest6 WHERE id BETWEEN 3018556 AND 3018565
	Index Scan using sbtest6_pkey on sbtest6  (cost=0.43..39.36 rows=10 width=121)
	  Index Cond: ((id >= 3018556) AND (id <= 3018565))

table 7 : explain SELECT c FROM sbtest7 WHERE id BETWEEN 6073387 AND 6073396
	Index Scan using sbtest7_pkey on sbtest7  (cost=0.43..39.25 rows=10 width=121)
	  Index Cond: ((id >= 6073387) AND (id <= 6073396))

table 8 : explain SELECT c FROM sbtest8 WHERE id BETWEEN 7270763 AND 7270772
	Index Scan using sbtest8_pkey on sbtest8  (cost=0.43..35.22 rows=9 width=121)
	  Index Cond: ((id >= 7270763) AND (id <= 7270772))

explain: for deletes :: explain DELETE FROM sbtest%u WHERE id=%u
for point_selects
table 1 : explain SELECT c FROM sbtest1 WHERE id=2445388
	Index Scan using sbtest1_pkey on sbtest1  (cost=0.43..8.45 rows=1 width=121)
	  Index Cond: (id = 2445388)

table 2 : explain SELECT c FROM sbtest2 WHERE id=7814480
	Index Scan using sbtest2_pkey on sbtest2  (cost=0.43..8.45 rows=1 width=121)
	  Index Cond: (id = 7814480)

table 3 : explain SELECT c FROM sbtest3 WHERE id=8616002
	Index Scan using sbtest3_pkey on sbtest3  (cost=0.43..8.45 rows=1 width=121)
	  Index Cond: (id = 8616002)

table 4 : explain SELECT c FROM sbtest4 WHERE id=9859712
	Index Scan using sbtest4_pkey on sbtest4  (cost=0.43..8.45 rows=1 width=121)
	  Index Cond: (id = 9859712)

table 5 : explain SELECT c FROM sbtest5 WHERE id=3693599
	Index Scan using sbtest5_pkey on sbtest5  (cost=0.43..8.45 rows=1 width=121)
	  Index Cond: (id = 3693599)

table 6 : explain SELECT c FROM sbtest6 WHERE id=2905218
	Index Scan using sbtest6_pkey on sbtest6  (cost=0.43..8.45 rows=1 width=121)
	  Index Cond: (id = 2905218)

table 7 : explain SELECT c FROM sbtest7 WHERE id=2155231
	Index Scan using sbtest7_pkey on sbtest7  (cost=0.43..8.45 rows=1 width=121)
	  Index Cond: (id = 2155231)

table 8 : explain SELECT c FROM sbtest8 WHERE id=6733651
	Index Scan using sbtest8_pkey on sbtest8  (cost=0.43..8.45 rows=1 width=121)
	  Index Cond: (id = 6733651)

for: simple_ranges
table 1 : explain SELECT c FROM sbtest1 WHERE id BETWEEN 4865458 AND 4865467
	Index Scan using sbtest1_pkey on sbtest1  (cost=0.43..35.56 rows=9 width=121)
	  Index Cond: ((id >= 4865458) AND (id <= 4865467))

table 2 : explain SELECT c FROM sbtest2 WHERE id BETWEEN 4892672 AND 4892681
	Index Scan using sbtest2_pkey on sbtest2  (cost=0.43..35.76 rows=9 width=121)
	  Index Cond: ((id >= 4892672) AND (id <= 4892681))

table 3 : explain SELECT c FROM sbtest3 WHERE id BETWEEN 9142899 AND 9142908
	Index Scan using sbtest3_pkey on sbtest3  (cost=0.43..39.26 rows=10 width=121)
	  Index Cond: ((id >= 9142899) AND (id <= 9142908))

table 4 : explain SELECT c FROM sbtest4 WHERE id BETWEEN 3967695 AND 3967704
	Index Scan using sbtest4_pkey on sbtest4  (cost=0.43..38.68 rows=10 width=121)
	  Index Cond: ((id >= 3967695) AND (id <= 3967704))

table 5 : explain SELECT c FROM sbtest5 WHERE id BETWEEN 8775320 AND 8775329
	Index Scan using sbtest5_pkey on sbtest5  (cost=0.43..39.22 rows=10 width=121)
	  Index Cond: ((id >= 8775320) AND (id <= 8775329))

table 6 : explain SELECT c FROM sbtest6 WHERE id BETWEEN 1272176 AND 1272185
	Index Scan using sbtest6_pkey on sbtest6  (cost=0.43..39.36 rows=10 width=121)
	  Index Cond: ((id >= 1272176) AND (id <= 1272185))

table 7 : explain SELECT c FROM sbtest7 WHERE id BETWEEN 7779843 AND 7779852
	Index Scan using sbtest7_pkey on sbtest7  (cost=0.43..39.25 rows=10 width=121)
	  Index Cond: ((id >= 7779843) AND (id <= 7779852))

table 8 : explain SELECT c FROM sbtest8 WHERE id BETWEEN 4118984 AND 4118993
	Index Scan using sbtest8_pkey on sbtest8  (cost=0.43..38.57 rows=10 width=121)
	  Index Cond: ((id >= 4118984) AND (id <= 4118993))

for deletes
table 1 : explain DELETE FROM sbtest1 WHERE id=2571948
	Delete on sbtest1  (cost=0.43..8.45 rows=0 width=0)
	  ->  Index Scan using sbtest1_pkey on sbtest1  (cost=0.43..8.45 rows=1 width=6)
	        Index Cond: (id = 2571948)

table 2 : explain DELETE FROM sbtest2 WHERE id=1662924
	Delete on sbtest2  (cost=0.43..8.45 rows=0 width=0)
	  ->  Index Scan using sbtest2_pkey on sbtest2  (cost=0.43..8.45 rows=1 width=6)
	        Index Cond: (id = 1662924)

table 3 : explain DELETE FROM sbtest3 WHERE id=7152277
	Delete on sbtest3  (cost=0.43..8.45 rows=0 width=0)
	  ->  Index Scan using sbtest3_pkey on sbtest3  (cost=0.43..8.45 rows=1 width=6)
	        Index Cond: (id = 7152277)

table 4 : explain DELETE FROM sbtest4 WHERE id=9638733
	Delete on sbtest4  (cost=0.43..8.45 rows=0 width=0)
	  ->  Index Scan using sbtest4_pkey on sbtest4  (cost=0.43..8.45 rows=1 width=6)
	        Index Cond: (id = 9638733)

table 5 : explain DELETE FROM sbtest5 WHERE id=5776618
	Delete on sbtest5  (cost=0.43..8.45 rows=0 width=0)
	  ->  Index Scan using sbtest5_pkey on sbtest5  (cost=0.43..8.45 rows=1 width=6)
	        Index Cond: (id = 5776618)

table 6 : explain DELETE FROM sbtest6 WHERE id=9989506
	Delete on sbtest6  (cost=0.43..8.45 rows=0 width=0)
	  ->  Index Scan using sbtest6_pkey on sbtest6  (cost=0.43..8.45 rows=1 width=6)
	        Index Cond: (id = 9989506)

table 7 : explain DELETE FROM sbtest7 WHERE id=2058273
	Delete on sbtest7  (cost=0.43..8.45 rows=0 width=0)
	  ->  Index Scan using sbtest7_pkey on sbtest7  (cost=0.43..8.45 rows=1 width=6)
	        Index Cond: (id = 2058273)

table 8 : explain DELETE FROM sbtest8 WHERE id=8874532
	Delete on sbtest8  (cost=0.43..8.45 rows=0 width=0)
	  ->  Index Scan using sbtest8_pkey on sbtest8  (cost=0.43..8.45 rows=1 width=6)
	        Index Cond: (id = 8874532)

for: simple_ranges
table 1 : explain SELECT c FROM sbtest1 WHERE id BETWEEN 7131398 AND 7131407
	Index Scan using sbtest1_pkey on sbtest1  (cost=0.43..38.95 rows=10 width=121)
	  Index Cond: ((id >= 7131398) AND (id <= 7131407))

table 2 : explain SELECT c FROM sbtest2 WHERE id BETWEEN 1065850 AND 1065859
	Index Scan using sbtest2_pkey on sbtest2  (cost=0.43..35.76 rows=9 width=121)
	  Index Cond: ((id >= 1065850) AND (id <= 1065859))

table 3 : explain SELECT c FROM sbtest3 WHERE id BETWEEN 4121846 AND 4121855
	Index Scan using sbtest3_pkey on sbtest3  (cost=0.43..39.26 rows=10 width=121)
	  Index Cond: ((id >= 4121846) AND (id <= 4121855))

table 4 : explain SELECT c FROM sbtest4 WHERE id BETWEEN 8735774 AND 8735783
	Index Scan using sbtest4_pkey on sbtest4  (cost=0.43..38.68 rows=10 width=121)
	  Index Cond: ((id >= 8735774) AND (id <= 8735783))

table 5 : explain SELECT c FROM sbtest5 WHERE id BETWEEN 6091182 AND 6091191
	Index Scan using sbtest5_pkey on sbtest5  (cost=0.43..39.22 rows=10 width=121)
	  Index Cond: ((id >= 6091182) AND (id <= 6091191))

table 6 : explain SELECT c FROM sbtest6 WHERE id BETWEEN 2265361 AND 2265370
	Index Scan using sbtest6_pkey on sbtest6  (cost=0.43..39.36 rows=10 width=121)
	  Index Cond: ((id >= 2265361) AND (id <= 2265370))

table 7 : explain SELECT c FROM sbtest7 WHERE id BETWEEN 1114641 AND 1114650
	Index Scan using sbtest7_pkey on sbtest7  (cost=0.43..39.25 rows=10 width=121)
	  Index Cond: ((id >= 1114641) AND (id <= 1114650))

table 8 : explain SELECT c FROM sbtest8 WHERE id BETWEEN 6894042 AND 6894051
	Index Scan using sbtest8_pkey on sbtest8  (cost=0.43..35.22 rows=9 width=121)
	  Index Cond: ((id >= 6894042) AND (id <= 6894051))

for: order_ranges
table 1 : explain SELECT c FROM sbtest1 WHERE id BETWEEN 5705386 AND 5705395 ORDER BY c
	Sort  (cost=35.71..35.73 rows=9 width=121)
	  Sort Key: c
	  ->  Index Scan using sbtest1_pkey on sbtest1  (cost=0.43..35.56 rows=9 width=121)
	        Index Cond: ((id >= 5705386) AND (id <= 5705395))

table 2 : explain SELECT c FROM sbtest2 WHERE id BETWEEN 3110593 AND 3110602 ORDER BY c
	Sort  (cost=39.34..39.36 rows=10 width=121)
	  Sort Key: c
	  ->  Index Scan using sbtest2_pkey on sbtest2  (cost=0.43..39.17 rows=10 width=121)
	        Index Cond: ((id >= 3110593) AND (id <= 3110602))

table 3 : explain SELECT c FROM sbtest3 WHERE id BETWEEN 3602589 AND 3602598 ORDER BY c
	Sort  (cost=39.43..39.46 rows=10 width=121)
	  Sort Key: c
	  ->  Index Scan using sbtest3_pkey on sbtest3  (cost=0.43..39.26 rows=10 width=121)
	        Index Cond: ((id >= 3602589) AND (id <= 3602598))

table 4 : explain SELECT c FROM sbtest4 WHERE id BETWEEN 4785990 AND 4785999 ORDER BY c
	Sort  (cost=35.46..35.49 rows=9 width=121)
	  Sort Key: c
	  ->  Index Scan using sbtest4_pkey on sbtest4  (cost=0.43..35.32 rows=9 width=121)
	        Index Cond: ((id >= 4785990) AND (id <= 4785999))

table 5 : explain SELECT c FROM sbtest5 WHERE id BETWEEN 5300588 AND 5300597 ORDER BY c
	Sort  (cost=39.38..39.41 rows=10 width=121)
	  Sort Key: c
	  ->  Index Scan using sbtest5_pkey on sbtest5  (cost=0.43..39.22 rows=10 width=121)
	        Index Cond: ((id >= 5300588) AND (id <= 5300597))

table 6 : explain SELECT c FROM sbtest6 WHERE id BETWEEN 1229201 AND 1229210 ORDER BY c
	Sort  (cost=42.99..43.02 rows=11 width=121)
	  Sort Key: c
	  ->  Index Scan using sbtest6_pkey on sbtest6  (cost=0.43..42.80 rows=11 width=121)
	        Index Cond: ((id >= 1229201) AND (id <= 1229210))

table 7 : explain SELECT c FROM sbtest7 WHERE id BETWEEN 7929767 AND 7929776 ORDER BY c
	Sort  (cost=39.42..39.45 rows=10 width=121)
	  Sort Key: c
	  ->  Index Scan using sbtest7_pkey on sbtest7  (cost=0.43..39.25 rows=10 width=121)
	        Index Cond: ((id >= 7929767) AND (id <= 7929776))

table 8 : explain SELECT c FROM sbtest8 WHERE id BETWEEN 6941192 AND 6941201 ORDER BY c
	Sort  (cost=35.37..35.39 rows=9 width=121)
	  Sort Key: c
	  ->  Index Scan using sbtest8_pkey on sbtest8  (cost=0.43..35.22 rows=9 width=121)
	        Index Cond: ((id >= 6941192) AND (id <= 6941201))

for inserts
table 1 : explain INSERT INTO sbtest1 (id, k, c, pad) VALUES (2445602, 13, 'foobar', 'foobar')
	Insert on sbtest1  (cost=0.00..0.01 rows=0 width=0)
	  ->  Result  (cost=0.00..0.01 rows=1 width=736)

table 2 : explain INSERT INTO sbtest2 (id, k, c, pad) VALUES (582766, 13, 'foobar', 'foobar')
	Insert on sbtest2  (cost=0.00..0.01 rows=0 width=0)
	  ->  Result  (cost=0.00..0.01 rows=1 width=736)

table 3 : explain INSERT INTO sbtest3 (id, k, c, pad) VALUES (6212386, 13, 'foobar', 'foobar')
	Insert on sbtest3  (cost=0.00..0.01 rows=0 width=0)
	  ->  Result  (cost=0.00..0.01 rows=1 width=736)

table 4 : explain INSERT INTO sbtest4 (id, k, c, pad) VALUES (5192276, 13, 'foobar', 'foobar')
	Insert on sbtest4  (cost=0.00..0.01 rows=0 width=0)
	  ->  Result  (cost=0.00..0.01 rows=1 width=736)

table 5 : explain INSERT INTO sbtest5 (id, k, c, pad) VALUES (2033938, 13, 'foobar', 'foobar')
	Insert on sbtest5  (cost=0.00..0.01 rows=0 width=0)
	  ->  Result  (cost=0.00..0.01 rows=1 width=736)

table 6 : explain INSERT INTO sbtest6 (id, k, c, pad) VALUES (8981949, 13, 'foobar', 'foobar')
	Insert on sbtest6  (cost=0.00..0.01 rows=0 width=0)
	  ->  Result  (cost=0.00..0.01 rows=1 width=736)

table 7 : explain INSERT INTO sbtest7 (id, k, c, pad) VALUES (6517632, 13, 'foobar', 'foobar')
	Insert on sbtest7  (cost=0.00..0.01 rows=0 width=0)
	  ->  Result  (cost=0.00..0.01 rows=1 width=736)

table 8 : explain INSERT INTO sbtest8 (id, k, c, pad) VALUES (4109563, 13, 'foobar', 'foobar')
	Insert on sbtest8  (cost=0.00..0.01 rows=0 width=0)
	  ->  Result  (cost=0.00..0.01 rows=1 width=736)

for: simple_ranges
table 1 : explain SELECT c FROM sbtest1 WHERE id BETWEEN 3913039 AND 3913048
	Index Scan using sbtest1_pkey on sbtest1  (cost=0.43..38.95 rows=10 width=121)
	  Index Cond: ((id >= 3913039) AND (id <= 3913048))

table 2 : explain SELECT c FROM sbtest2 WHERE id BETWEEN 6165336 AND 6165345
	Index Scan using sbtest2_pkey on sbtest2  (cost=0.43..39.17 rows=10 width=121)
	  Index Cond: ((id >= 6165336) AND (id <= 6165345))

table 3 : explain SELECT c FROM sbtest3 WHERE id BETWEEN 890993 AND 891002
	Index Scan using sbtest3_pkey on sbtest3  (cost=0.43..42.69 rows=11 width=121)
	  Index Cond: ((id >= 890993) AND (id <= 891002))

table 4 : explain SELECT c FROM sbtest4 WHERE id BETWEEN 8751417 AND 8751426
	Index Scan using sbtest4_pkey on sbtest4  (cost=0.43..38.68 rows=10 width=121)
	  Index Cond: ((id >= 8751417) AND (id <= 8751426))

table 5 : explain SELECT c FROM sbtest5 WHERE id BETWEEN 9914528 AND 9914537
	Index Scan using sbtest5_pkey on sbtest5  (cost=0.43..39.22 rows=10 width=121)
	  Index Cond: ((id >= 9914528) AND (id <= 9914537))

table 6 : explain SELECT c FROM sbtest6 WHERE id BETWEEN 535582 AND 535591
	Index Scan using sbtest6_pkey on sbtest6  (cost=0.43..39.36 rows=10 width=121)
	  Index Cond: ((id >= 535582) AND (id <= 535591))

table 7 : explain SELECT c FROM sbtest7 WHERE id BETWEEN 6340171 AND 6340180
	Index Scan using sbtest7_pkey on sbtest7  (cost=0.43..39.25 rows=10 width=121)
	  Index Cond: ((id >= 6340171) AND (id <= 6340180))

table 8 : explain SELECT c FROM sbtest8 WHERE id BETWEEN 594018 AND 594027
	Index Scan using sbtest8_pkey on sbtest8  (cost=0.43..41.92 rows=11 width=121)
	  Index Cond: ((id >= 594018) AND (id <= 594027))

explain: for inserts :: explain INSERT INTO sbtest%u (id, k, c, pad) VALUES (%u, 13, 'foobar', 'foobar')
for deletes
table 1 : explain DELETE FROM sbtest1 WHERE id=6485199
	Delete on sbtest1  (cost=0.43..8.45 rows=0 width=0)
	  ->  Index Scan using sbtest1_pkey on sbtest1  (cost=0.43..8.45 rows=1 width=6)
	        Index Cond: (id = 6485199)

table 2 : explain DELETE FROM sbtest2 WHERE id=164445
	Delete on sbtest2  (cost=0.43..8.45 rows=0 width=0)
	  ->  Index Scan using sbtest2_pkey on sbtest2  (cost=0.43..8.45 rows=1 width=6)
	        Index Cond: (id = 164445)

table 3 : explain DELETE FROM sbtest3 WHERE id=886528
	Delete on sbtest3  (cost=0.43..8.45 rows=0 width=0)
	  ->  Index Scan using sbtest3_pkey on sbtest3  (cost=0.43..8.45 rows=1 width=6)
	        Index Cond: (id = 886528)

table 4 : explain DELETE FROM sbtest4 WHERE id=8795220
	Delete on sbtest4  (cost=0.43..8.45 rows=0 width=0)
	  ->  Index Scan using sbtest4_pkey on sbtest4  (cost=0.43..8.45 rows=1 width=6)
	        Index Cond: (id = 8795220)

table 5 : explain DELETE FROM sbtest5 WHERE id=8097840
	Delete on sbtest5  (cost=0.43..8.45 rows=0 width=0)
	  ->  Index Scan using sbtest5_pkey on sbtest5  (cost=0.43..8.45 rows=1 width=6)
	        Index Cond: (id = 8097840)

table 6 : explain DELETE FROM sbtest6 WHERE id=3408005
	Delete on sbtest6  (cost=0.43..8.45 rows=0 width=0)
	  ->  Index Scan using sbtest6_pkey on sbtest6  (cost=0.43..8.45 rows=1 width=6)
	        Index Cond: (id = 3408005)

table 7 : explain DELETE FROM sbtest7 WHERE id=6631714
	Delete on sbtest7  (cost=0.43..8.45 rows=0 width=0)
	  ->  Index Scan using sbtest7_pkey on sbtest7  (cost=0.43..8.45 rows=1 width=6)
	        Index Cond: (id = 6631714)

table 8 : explain DELETE FROM sbtest8 WHERE id=3741042
	Delete on sbtest8  (cost=0.43..8.45 rows=0 width=0)
	  ->  Index Scan using sbtest8_pkey on sbtest8  (cost=0.43..8.45 rows=1 width=6)
	        Index Cond: (id = 3741042)

for: sum_ranges
table 1 : explain SELECT SUM(k) FROM sbtest1 WHERE id BETWEEN 8072289 AND 8072298
	Aggregate  (cost=42.37..42.38 rows=1 width=8)
	  ->  Index Scan using sbtest1_pkey on sbtest1  (cost=0.43..42.34 rows=11 width=4)
	        Index Cond: ((id >= 8072289) AND (id <= 8072298))

table 2 : explain SELECT SUM(k) FROM sbtest2 WHERE id BETWEEN 7668036 AND 7668045
	Aggregate  (cost=42.61..42.62 rows=1 width=8)
	  ->  Index Scan using sbtest2_pkey on sbtest2  (cost=0.43..42.58 rows=11 width=4)
	        Index Cond: ((id >= 7668036) AND (id <= 7668045))

table 3 : explain SELECT SUM(k) FROM sbtest3 WHERE id BETWEEN 7924963 AND 7924972
	Aggregate  (cost=39.29..39.30 rows=1 width=8)
	  ->  Index Scan using sbtest3_pkey on sbtest3  (cost=0.43..39.26 rows=10 width=4)
	        Index Cond: ((id >= 7924963) AND (id <= 7924972))

table 4 : explain SELECT SUM(k) FROM sbtest4 WHERE id BETWEEN 1442477 AND 1442486
	Aggregate  (cost=38.70..38.71 rows=1 width=8)
	  ->  Index Scan using sbtest4_pkey on sbtest4  (cost=0.43..38.68 rows=10 width=4)
	        Index Cond: ((id >= 1442477) AND (id <= 1442486))

table 5 : explain SELECT SUM(k) FROM sbtest5 WHERE id BETWEEN 5528305 AND 5528314
	Aggregate  (cost=39.24..39.25 rows=1 width=8)
	  ->  Index Scan using sbtest5_pkey on sbtest5  (cost=0.43..39.22 rows=10 width=4)
	        Index Cond: ((id >= 5528305) AND (id <= 5528314))

table 6 : explain SELECT SUM(k) FROM sbtest6 WHERE id BETWEEN 9761004 AND 9761013
	Aggregate  (cost=42.83..42.84 rows=1 width=8)
	  ->  Index Scan using sbtest6_pkey on sbtest6  (cost=0.43..42.80 rows=11 width=4)
	        Index Cond: ((id >= 9761004) AND (id <= 9761013))

table 7 : explain SELECT SUM(k) FROM sbtest7 WHERE id BETWEEN 1540311 AND 1540320
	Aggregate  (cost=39.28..39.29 rows=1 width=8)
	  ->  Index Scan using sbtest7_pkey on sbtest7  (cost=0.43..39.25 rows=10 width=4)
	        Index Cond: ((id >= 1540311) AND (id <= 1540320))

table 8 : explain SELECT SUM(k) FROM sbtest8 WHERE id BETWEEN 7484952 AND 7484961
	Aggregate  (cost=35.25..35.26 rows=1 width=8)
	  ->  Index Scan using sbtest8_pkey on sbtest8  (cost=0.43..35.22 rows=9 width=4)
	        Index Cond: ((id >= 7484952) AND (id <= 7484961))

for: order_ranges
table 1 : explain SELECT c FROM sbtest1 WHERE id BETWEEN 1490316 AND 1490325 ORDER BY c
	Sort  (cost=39.12..39.14 rows=10 width=121)
	  Sort Key: c
	  ->  Index Scan using sbtest1_pkey on sbtest1  (cost=0.43..38.95 rows=10 width=121)
	        Index Cond: ((id >= 1490316) AND (id <= 1490325))

table 2 : explain SELECT c FROM sbtest2 WHERE id BETWEEN 3110799 AND 3110808 ORDER BY c
	Sort  (cost=39.34..39.36 rows=10 width=121)
	  Sort Key: c
	  ->  Index Scan using sbtest2_pkey on sbtest2  (cost=0.43..39.17 rows=10 width=121)
	        Index Cond: ((id >= 3110799) AND (id <= 3110808))

table 3 : explain SELECT c FROM sbtest3 WHERE id BETWEEN 8842639 AND 8842648 ORDER BY c
	Sort  (cost=35.98..36.01 rows=9 width=121)
	  Sort Key: c
	  ->  Index Scan using sbtest3_pkey on sbtest3  (cost=0.43..35.84 rows=9 width=121)
	        Index Cond: ((id >= 8842639) AND (id <= 8842648))

table 4 : explain SELECT c FROM sbtest4 WHERE id BETWEEN 975842 AND 975851 ORDER BY c
	Sort  (cost=35.46..35.49 rows=9 width=121)
	  Sort Key: c
	  ->  Index Scan using sbtest4_pkey on sbtest4  (cost=0.43..35.32 rows=9 width=121)
	        Index Cond: ((id >= 975842) AND (id <= 975851))

table 5 : explain SELECT c FROM sbtest5 WHERE id BETWEEN 5620369 AND 5620378 ORDER BY c
	Sort  (cost=39.38..39.41 rows=10 width=121)
	  Sort Key: c
	  ->  Index Scan using sbtest5_pkey on sbtest5  (cost=0.43..39.22 rows=10 width=121)
	        Index Cond: ((id >= 5620369) AND (id <= 5620378))

table 6 : explain SELECT c FROM sbtest6 WHERE id BETWEEN 8431135 AND 8431144 ORDER BY c
	Sort  (cost=42.99..43.02 rows=11 width=121)
	  Sort Key: c
	  ->  Index Scan using sbtest6_pkey on sbtest6  (cost=0.43..42.80 rows=11 width=121)
	        Index Cond: ((id >= 8431135) AND (id <= 8431144))

table 7 : explain SELECT c FROM sbtest7 WHERE id BETWEEN 7972837 AND 7972846 ORDER BY c
	Sort  (cost=39.42..39.45 rows=10 width=121)
	  Sort Key: c
	  ->  Index Scan using sbtest7_pkey on sbtest7  (cost=0.43..39.25 rows=10 width=121)
	        Index Cond: ((id >= 7972837) AND (id <= 7972846))

table 8 : explain SELECT c FROM sbtest8 WHERE id BETWEEN 2793429 AND 2793438 ORDER BY c
	Sort  (cost=38.74..38.76 rows=10 width=121)
	  Sort Key: c
	  ->  Index Scan using sbtest8_pkey on sbtest8  (cost=0.43..38.57 rows=10 width=121)
	        Index Cond: ((id >= 2793429) AND (id <= 2793438))

explain: for deletes :: explain DELETE FROM sbtest%u WHERE id=%u
for: simple_ranges
table 1 : explain SELECT c FROM sbtest1 WHERE id BETWEEN 2473233 AND 2473242
	Index Scan using sbtest1_pkey on sbtest1  (cost=0.43..35.56 rows=9 width=121)
	  Index Cond: ((id >= 2473233) AND (id <= 2473242))

table 2 : explain SELECT c FROM sbtest2 WHERE id BETWEEN 1063897 AND 1063906
	Index Scan using sbtest2_pkey on sbtest2  (cost=0.43..35.76 rows=9 width=121)
	  Index Cond: ((id >= 1063897) AND (id <= 1063906))

table 3 : explain SELECT c FROM sbtest3 WHERE id BETWEEN 5616917 AND 5616926
	Index Scan using sbtest3_pkey on sbtest3  (cost=0.43..39.26 rows=10 width=121)
	  Index Cond: ((id >= 5616917) AND (id <= 5616926))

table 4 : explain SELECT c FROM sbtest4 WHERE id BETWEEN 4317337 AND 4317346
	Index Scan using sbtest4_pkey on sbtest4  (cost=0.43..38.68 rows=10 width=121)
	  Index Cond: ((id >= 4317337) AND (id <= 4317346))

table 5 : explain SELECT c FROM sbtest5 WHERE id BETWEEN 1125276 AND 1125285
	Index Scan using sbtest5_pkey on sbtest5  (cost=0.43..35.80 rows=9 width=121)
	  Index Cond: ((id >= 1125276) AND (id <= 1125285))

table 6 : explain SELECT c FROM sbtest6 WHERE id BETWEEN 4328000 AND 4328009
	Index Scan using sbtest6_pkey on sbtest6  (cost=0.43..42.80 rows=11 width=121)
	  Index Cond: ((id >= 4328000) AND (id <= 4328009))

table 7 : explain SELECT c FROM sbtest7 WHERE id BETWEEN 7533462 AND 7533471
	Index Scan using sbtest7_pkey on sbtest7  (cost=0.43..35.83 rows=9 width=121)
	  Index Cond: ((id >= 7533462) AND (id <= 7533471))

table 8 : explain SELECT c FROM sbtest8 WHERE id BETWEEN 6354917 AND 6354926
	Index Scan using sbtest8_pkey on sbtest8  (cost=0.43..38.57 rows=10 width=121)
	  Index Cond: ((id >= 6354917) AND (id <= 6354926))

for inserts
table 1 : explain INSERT INTO sbtest1 (id, k, c, pad) VALUES (3327609, 13, 'foobar', 'foobar')
	Insert on sbtest1  (cost=0.00..0.01 rows=0 width=0)
	  ->  Result  (cost=0.00..0.01 rows=1 width=736)

table 2 : explain INSERT INTO sbtest2 (id, k, c, pad) VALUES (8528071, 13, 'foobar', 'foobar')
	Insert on sbtest2  (cost=0.00..0.01 rows=0 width=0)
	  ->  Result  (cost=0.00..0.01 rows=1 width=736)

table 3 : explain INSERT INTO sbtest3 (id, k, c, pad) VALUES (8029908, 13, 'foobar', 'foobar')
	Insert on sbtest3  (cost=0.00..0.01 rows=0 width=0)
	  ->  Result  (cost=0.00..0.01 rows=1 width=736)

table 4 : explain INSERT INTO sbtest4 (id, k, c, pad) VALUES (5129259, 13, 'foobar', 'foobar')
	Insert on sbtest4  (cost=0.00..0.01 rows=0 width=0)
	  ->  Result  (cost=0.00..0.01 rows=1 width=736)

table 5 : explain INSERT INTO sbtest5 (id, k, c, pad) VALUES (3453877, 13, 'foobar', 'foobar')
	Insert on sbtest5  (cost=0.00..0.01 rows=0 width=0)
	  ->  Result  (cost=0.00..0.01 rows=1 width=736)

table 6 : explain INSERT INTO sbtest6 (id, k, c, pad) VALUES (3786782, 13, 'foobar', 'foobar')
	Insert on sbtest6  (cost=0.00..0.01 rows=0 width=0)
	  ->  Result  (cost=0.00..0.01 rows=1 width=736)

table 7 : explain INSERT INTO sbtest7 (id, k, c, pad) VALUES (2210038, 13, 'foobar', 'foobar')
	Insert on sbtest7  (cost=0.00..0.01 rows=0 width=0)
	  ->  Result  (cost=0.00..0.01 rows=1 width=736)

table 8 : explain INSERT INTO sbtest8 (id, k, c, pad) VALUES (1216988, 13, 'foobar', 'foobar')
	Insert on sbtest8  (cost=0.00..0.01 rows=0 width=0)
	  ->  Result  (cost=0.00..0.01 rows=1 width=736)

for deletes
table 1 : explain DELETE FROM sbtest1 WHERE id=6870605
	Delete on sbtest1  (cost=0.43..8.45 rows=0 width=0)
	  ->  Index Scan using sbtest1_pkey on sbtest1  (cost=0.43..8.45 rows=1 width=6)
	        Index Cond: (id = 6870605)

table 2 : explain DELETE FROM sbtest2 WHERE id=6970683
	Delete on sbtest2  (cost=0.43..8.45 rows=0 width=0)
	  ->  Index Scan using sbtest2_pkey on sbtest2  (cost=0.43..8.45 rows=1 width=6)
	        Index Cond: (id = 6970683)

table 3 : explain DELETE FROM sbtest3 WHERE id=5054539
	Delete on sbtest3  (cost=0.43..8.45 rows=0 width=0)
	  ->  Index Scan using sbtest3_pkey on sbtest3  (cost=0.43..8.45 rows=1 width=6)
	        Index Cond: (id = 5054539)

table 4 : explain DELETE FROM sbtest4 WHERE id=2948710
	Delete on sbtest4  (cost=0.43..8.45 rows=0 width=0)
	  ->  Index Scan using sbtest4_pkey on sbtest4  (cost=0.43..8.45 rows=1 width=6)
	        Index Cond: (id = 2948710)

table 5 : explain DELETE FROM sbtest5 WHERE id=6619154
	Delete on sbtest5  (cost=0.43..8.45 rows=0 width=0)
	  ->  Index Scan using sbtest5_pkey on sbtest5  (cost=0.43..8.45 rows=1 width=6)
	        Index Cond: (id = 6619154)

table 6 : explain DELETE FROM sbtest6 WHERE id=9099369
	Delete on sbtest6  (cost=0.43..8.45 rows=0 width=0)
	  ->  Index Scan using sbtest6_pkey on sbtest6  (cost=0.43..8.45 rows=1 width=6)
	        Index Cond: (id = 9099369)

table 7 : explain DELETE FROM sbtest7 WHERE id=2124713
	Delete on sbtest7  (cost=0.43..8.45 rows=0 width=0)
	  ->  Index Scan using sbtest7_pkey on sbtest7  (cost=0.43..8.45 rows=1 width=6)
	        Index Cond: (id = 2124713)

table 8 : explain DELETE FROM sbtest8 WHERE id=5193815
	Delete on sbtest8  (cost=0.43..8.45 rows=0 width=0)
	  ->  Index Scan using sbtest8_pkey on sbtest8  (cost=0.43..8.45 rows=1 width=6)
	        Index Cond: (id = 5193815)

for: sum_ranges
table 1 : explain SELECT SUM(k) FROM sbtest1 WHERE id BETWEEN 2310360 AND 2310369
	Aggregate  (cost=38.98..38.99 rows=1 width=8)
	  ->  Index Scan using sbtest1_pkey on sbtest1  (cost=0.43..38.95 rows=10 width=4)
	        Index Cond: ((id >= 2310360) AND (id <= 2310369))

table 2 : explain SELECT SUM(k) FROM sbtest2 WHERE id BETWEEN 5424371 AND 5424380
	Aggregate  (cost=39.20..39.21 rows=1 width=8)
	  ->  Index Scan using sbtest2_pkey on sbtest2  (cost=0.43..39.17 rows=10 width=4)
	        Index Cond: ((id >= 5424371) AND (id <= 5424380))

table 3 : explain SELECT SUM(k) FROM sbtest3 WHERE id BETWEEN 2002014 AND 2002023
	Aggregate  (cost=39.29..39.30 rows=1 width=8)
	  ->  Index Scan using sbtest3_pkey on sbtest3  (cost=0.43..39.26 rows=10 width=4)
	        Index Cond: ((id >= 2002014) AND (id <= 2002023))

table 4 : explain SELECT SUM(k) FROM sbtest4 WHERE id BETWEEN 6840961 AND 6840970
	Aggregate  (cost=42.06..42.07 rows=1 width=8)
	  ->  Index Scan using sbtest4_pkey on sbtest4  (cost=0.43..42.04 rows=11 width=4)
	        Index Cond: ((id >= 6840961) AND (id <= 6840970))

table 5 : explain SELECT SUM(k) FROM sbtest5 WHERE id BETWEEN 2000745 AND 2000754
	Aggregate  (cost=39.24..39.25 rows=1 width=8)
	  ->  Index Scan using sbtest5_pkey on sbtest5  (cost=0.43..39.22 rows=10 width=4)
	        Index Cond: ((id >= 2000745) AND (id <= 2000754))

table 6 : explain SELECT SUM(k) FROM sbtest6 WHERE id BETWEEN 2304706 AND 2304715
	Aggregate  (cost=39.39..39.40 rows=1 width=8)
	  ->  Index Scan using sbtest6_pkey on sbtest6  (cost=0.43..39.36 rows=10 width=4)
	        Index Cond: ((id >= 2304706) AND (id <= 2304715))

table 7 : explain SELECT SUM(k) FROM sbtest7 WHERE id BETWEEN 7658224 AND 7658233
	Aggregate  (cost=39.28..39.29 rows=1 width=8)
	  ->  Index Scan using sbtest7_pkey on sbtest7  (cost=0.43..39.25 rows=10 width=4)
	        Index Cond: ((id >= 7658224) AND (id <= 7658233))

table 8 : explain SELECT SUM(k) FROM sbtest8 WHERE id BETWEEN 4965861 AND 4965870
	Aggregate  (cost=38.60..38.61 rows=1 width=8)
	  ->  Index Scan using sbtest8_pkey on sbtest8  (cost=0.43..38.57 rows=10 width=4)
	        Index Cond: ((id >= 4965861) AND (id <= 4965870))

for: simple_ranges
table 1 : explain SELECT c FROM sbtest1 WHERE id BETWEEN 7281324 AND 7281333
	Index Scan using sbtest1_pkey on sbtest1  (cost=0.43..38.95 rows=10 width=121)
	  Index Cond: ((id >= 7281324) AND (id <= 7281333))

table 2 : explain SELECT c FROM sbtest2 WHERE id BETWEEN 5432975 AND 5432984
	Index Scan using sbtest2_pkey on sbtest2  (cost=0.43..39.17 rows=10 width=121)
	  Index Cond: ((id >= 5432975) AND (id <= 5432984))

table 3 : explain SELECT c FROM sbtest3 WHERE id BETWEEN 4015858 AND 4015867
	Index Scan using sbtest3_pkey on sbtest3  (cost=0.43..39.26 rows=10 width=121)
	  Index Cond: ((id >= 4015858) AND (id <= 4015867))

table 4 : explain SELECT c FROM sbtest4 WHERE id BETWEEN 7447276 AND 7447285
	Index Scan using sbtest4_pkey on sbtest4  (cost=0.43..38.68 rows=10 width=121)
	  Index Cond: ((id >= 7447276) AND (id <= 7447285))

table 5 : explain SELECT c FROM sbtest5 WHERE id BETWEEN 4351332 AND 4351341
	Index Scan using sbtest5_pkey on sbtest5  (cost=0.43..39.22 rows=10 width=121)
	  Index Cond: ((id >= 4351332) AND (id <= 4351341))

table 6 : explain SELECT c FROM sbtest6 WHERE id BETWEEN 4774738 AND 4774747
	Index Scan using sbtest6_pkey on sbtest6  (cost=0.43..39.36 rows=10 width=121)
	  Index Cond: ((id >= 4774738) AND (id <= 4774747))

table 7 : explain SELECT c FROM sbtest7 WHERE id BETWEEN 5158599 AND 5158608
	Index Scan using sbtest7_pkey on sbtest7  (cost=0.43..39.25 rows=10 width=121)
	  Index Cond: ((id >= 5158599) AND (id <= 5158608))

table 8 : explain SELECT c FROM sbtest8 WHERE id BETWEEN 6384928 AND 6384937
	Index Scan using sbtest8_pkey on sbtest8  (cost=0.43..35.22 rows=9 width=121)
	  Index Cond: ((id >= 6384928) AND (id <= 6384937))

for non_index_updates
table 1 : explain UPDATE sbtest1 SET c='foobar' WHERE id=2226917
	Update on sbtest1  (cost=0.43..8.45 rows=0 width=0)
	  ->  Index Scan using sbtest1_pkey on sbtest1  (cost=0.43..8.45 rows=1 width=490)
	        Index Cond: (id = 2226917)

table 2 : explain UPDATE sbtest2 SET c='foobar' WHERE id=4212627
	Update on sbtest2  (cost=0.43..8.45 rows=0 width=0)
	  ->  Index Scan using sbtest2_pkey on sbtest2  (cost=0.43..8.45 rows=1 width=490)
	        Index Cond: (id = 4212627)

table 3 : explain UPDATE sbtest3 SET c='foobar' WHERE id=5213078
	Update on sbtest3  (cost=0.43..8.45 rows=0 width=0)
	  ->  Index Scan using sbtest3_pkey on sbtest3  (cost=0.43..8.45 rows=1 width=490)
	        Index Cond: (id = 5213078)

table 4 : explain UPDATE sbtest4 SET c='foobar' WHERE id=9399027
	Update on sbtest4  (cost=0.43..8.45 rows=0 width=0)
	  ->  Index Scan using sbtest4_pkey on sbtest4  (cost=0.43..8.45 rows=1 width=490)
	        Index Cond: (id = 9399027)

table 5 : explain UPDATE sbtest5 SET c='foobar' WHERE id=7321729
	Update on sbtest5  (cost=0.43..8.45 rows=0 width=0)
	  ->  Index Scan using sbtest5_pkey on sbtest5  (cost=0.43..8.45 rows=1 width=490)
	        Index Cond: (id = 7321729)

table 6 : explain UPDATE sbtest6 SET c='foobar' WHERE id=3493694
	Update on sbtest6  (cost=0.43..8.45 rows=0 width=0)
	  ->  Index Scan using sbtest6_pkey on sbtest6  (cost=0.43..8.45 rows=1 width=490)
	        Index Cond: (id = 3493694)

table 7 : explain UPDATE sbtest7 SET c='foobar' WHERE id=7856653
	Update on sbtest7  (cost=0.43..8.45 rows=0 width=0)
	  ->  Index Scan using sbtest7_pkey on sbtest7  (cost=0.43..8.45 rows=1 width=490)
	        Index Cond: (id = 7856653)

table 8 : explain UPDATE sbtest8 SET c='foobar' WHERE id=4162430
	Update on sbtest8  (cost=0.43..8.45 rows=0 width=0)
	  ->  Index Scan using sbtest8_pkey on sbtest8  (cost=0.43..8.45 rows=1 width=490)
	        Index Cond: (id = 4162430)

for: distinct_ranges
table 1 : explain SELECT DISTINCT c FROM sbtest1 WHERE id BETWEEN 787728 AND 787737 ORDER BY c
	Unique  (cost=35.71..35.75 rows=9 width=121)
	  ->  Sort  (cost=35.71..35.73 rows=9 width=121)
	        Sort Key: c
	        ->  Index Scan using sbtest1_pkey on sbtest1  (cost=0.43..35.56 rows=9 width=121)
	              Index Cond: ((id >= 787728) AND (id <= 787737))

table 2 : explain SELECT DISTINCT c FROM sbtest2 WHERE id BETWEEN 8855898 AND 8855907 ORDER BY c
	Unique  (cost=35.90..35.95 rows=9 width=121)
	  ->  Sort  (cost=35.90..35.92 rows=9 width=121)
	        Sort Key: c
	        ->  Index Scan using sbtest2_pkey on sbtest2  (cost=0.43..35.76 rows=9 width=121)
	              Index Cond: ((id >= 8855898) AND (id <= 8855907))

table 3 : explain SELECT DISTINCT c FROM sbtest3 WHERE id BETWEEN 7393863 AND 7393872 ORDER BY c
	Unique  (cost=42.88..42.93 rows=11 width=121)
	  ->  Sort  (cost=42.88..42.91 rows=11 width=121)
	        Sort Key: c
	        ->  Index Scan using sbtest3_pkey on sbtest3  (cost=0.43..42.69 rows=11 width=121)
	              Index Cond: ((id >= 7393863) AND (id <= 7393872))

table 4 : explain SELECT DISTINCT c FROM sbtest4 WHERE id BETWEEN 6625662 AND 6625671 ORDER BY c
	Unique  (cost=42.23..42.28 rows=11 width=121)
	  ->  Sort  (cost=42.23..42.25 rows=11 width=121)
	        Sort Key: c
	        ->  Index Scan using sbtest4_pkey on sbtest4  (cost=0.43..42.04 rows=11 width=121)
	              Index Cond: ((id >= 6625662) AND (id <= 6625671))

table 5 : explain SELECT DISTINCT c FROM sbtest5 WHERE id BETWEEN 7127266 AND 7127275 ORDER BY c
	Unique  (cost=39.38..39.43 rows=10 width=121)
	  ->  Sort  (cost=39.38..39.41 rows=10 width=121)
	        Sort Key: c
	        ->  Index Scan using sbtest5_pkey on sbtest5  (cost=0.43..39.22 rows=10 width=121)
	              Index Cond: ((id >= 7127266) AND (id <= 7127275))

table 6 : explain SELECT DISTINCT c FROM sbtest6 WHERE id BETWEEN 4795962 AND 4795971 ORDER BY c
	Unique  (cost=39.53..39.58 rows=10 width=121)
	  ->  Sort  (cost=39.53..39.56 rows=10 width=121)
	        Sort Key: c
	        ->  Index Scan using sbtest6_pkey on sbtest6  (cost=0.43..39.36 rows=10 width=121)
	              Index Cond: ((id >= 4795962) AND (id <= 4795971))

table 7 : explain SELECT DISTINCT c FROM sbtest7 WHERE id BETWEEN 2574032 AND 2574041 ORDER BY c
	Unique  (cost=39.42..39.47 rows=10 width=121)
	  ->  Sort  (cost=39.42..39.45 rows=10 width=121)
	        Sort Key: c
	        ->  Index Scan using sbtest7_pkey on sbtest7  (cost=0.43..39.25 rows=10 width=121)
	              Index Cond: ((id >= 2574032) AND (id <= 2574041))

table 8 : explain SELECT DISTINCT c FROM sbtest8 WHERE id BETWEEN 2090231 AND 2090240 ORDER BY c
	Unique  (cost=42.11..42.16 rows=11 width=121)
	  ->  Sort  (cost=42.11..42.13 rows=11 width=121)
	        Sort Key: c
	        ->  Index Scan using sbtest8_pkey on sbtest8  (cost=0.43..41.92 rows=11 width=121)
	              Index Cond: ((id >= 2090231) AND (id <= 2090240))

for: sum_ranges
table 1 : explain SELECT SUM(k) FROM sbtest1 WHERE id BETWEEN 2590822 AND 2590831
	Aggregate  (cost=38.98..38.99 rows=1 width=8)
	  ->  Index Scan using sbtest1_pkey on sbtest1  (cost=0.43..38.95 rows=10 width=4)
	        Index Cond: ((id >= 2590822) AND (id <= 2590831))

table 2 : explain SELECT SUM(k) FROM sbtest2 WHERE id BETWEEN 3148571 AND 3148580
	Aggregate  (cost=39.20..39.21 rows=1 width=8)
	  ->  Index Scan using sbtest2_pkey on sbtest2  (cost=0.43..39.17 rows=10 width=4)
	        Index Cond: ((id >= 3148571) AND (id <= 3148580))

table 3 : explain SELECT SUM(k) FROM sbtest3 WHERE id BETWEEN 4203772 AND 4203781
	Aggregate  (cost=39.29..39.30 rows=1 width=8)
	  ->  Index Scan using sbtest3_pkey on sbtest3  (cost=0.43..39.26 rows=10 width=4)
	        Index Cond: ((id >= 4203772) AND (id <= 4203781))

table 4 : explain SELECT SUM(k) FROM sbtest4 WHERE id BETWEEN 9884724 AND 9884733
	Aggregate  (cost=35.34..35.35 rows=1 width=8)
	  ->  Index Scan using sbtest4_pkey on sbtest4  (cost=0.43..35.32 rows=9 width=4)
	        Index Cond: ((id >= 9884724) AND (id <= 9884733))

table 5 : explain SELECT SUM(k) FROM sbtest5 WHERE id BETWEEN 5300355 AND 5300364
	Aggregate  (cost=39.24..39.25 rows=1 width=8)
	  ->  Index Scan using sbtest5_pkey on sbtest5  (cost=0.43..39.22 rows=10 width=4)
	        Index Cond: ((id >= 5300355) AND (id <= 5300364))

table 6 : explain SELECT SUM(k) FROM sbtest6 WHERE id BETWEEN 6347945 AND 6347954
	Aggregate  (cost=42.83..42.84 rows=1 width=8)
	  ->  Index Scan using sbtest6_pkey on sbtest6  (cost=0.43..42.80 rows=11 width=4)
	        Index Cond: ((id >= 6347945) AND (id <= 6347954))

table 7 : explain SELECT SUM(k) FROM sbtest7 WHERE id BETWEEN 5440264 AND 5440273
	Aggregate  (cost=39.28..39.29 rows=1 width=8)
	  ->  Index Scan using sbtest7_pkey on sbtest7  (cost=0.43..39.25 rows=10 width=4)
	        Index Cond: ((id >= 5440264) AND (id <= 5440273))

table 8 : explain SELECT SUM(k) FROM sbtest8 WHERE id BETWEEN 9571133 AND 9571142
	Aggregate  (cost=38.60..38.61 rows=1 width=8)
	  ->  Index Scan using sbtest8_pkey on sbtest8  (cost=0.43..38.57 rows=10 width=4)
	        Index Cond: ((id >= 9571133) AND (id <= 9571142))

for point_selects
table 1 : explain SELECT c FROM sbtest1 WHERE id=9155926
	Index Scan using sbtest1_pkey on sbtest1  (cost=0.43..8.45 rows=1 width=121)
	  Index Cond: (id = 9155926)

table 2 : explain SELECT c FROM sbtest2 WHERE id=7721542
	Index Scan using sbtest2_pkey on sbtest2  (cost=0.43..8.45 rows=1 width=121)
	  Index Cond: (id = 7721542)

table 3 : explain SELECT c FROM sbtest3 WHERE id=6594147
	Index Scan using sbtest3_pkey on sbtest3  (cost=0.43..8.45 rows=1 width=121)
	  Index Cond: (id = 6594147)

table 4 : explain SELECT c FROM sbtest4 WHERE id=8206387
	Index Scan using sbtest4_pkey on sbtest4  (cost=0.43..8.45 rows=1 width=121)
	  Index Cond: (id = 8206387)

table 5 : explain SELECT c FROM sbtest5 WHERE id=4230175
	Index Scan using sbtest5_pkey on sbtest5  (cost=0.43..8.45 rows=1 width=121)
	  Index Cond: (id = 4230175)

table 6 : explain SELECT c FROM sbtest6 WHERE id=689041
	Index Scan using sbtest6_pkey on sbtest6  (cost=0.43..8.45 rows=1 width=121)
	  Index Cond: (id = 689041)

table 7 : explain SELECT c FROM sbtest7 WHERE id=4995164
	Index Scan using sbtest7_pkey on sbtest7  (cost=0.43..8.45 rows=1 width=121)
	  Index Cond: (id = 4995164)

table 8 : explain SELECT c FROM sbtest8 WHERE id=8461585
	Index Scan using sbtest8_pkey on sbtest8  (cost=0.43..8.45 rows=1 width=121)
	  Index Cond: (id = 8461585)

explain: for inserts :: explain INSERT INTO sbtest%u (id, k, c, pad) VALUES (%u, 13, 'foobar', 'foobar')
explain: for inserts :: explain INSERT INTO sbtest%u (id, k, c, pad) VALUES (%u, 13, 'foobar', 'foobar')
explain: for index_updates :: explain UPDATE sbtest%u SET k=k+1 WHERE id=%u
for: order_ranges
table 1 : explain SELECT c FROM sbtest1 WHERE id BETWEEN 8778807 AND 8778816 ORDER BY c
	Sort  (cost=42.53..42.56 rows=11 width=121)
	  Sort Key: c
	  ->  Index Scan using sbtest1_pkey on sbtest1  (cost=0.43..42.34 rows=11 width=121)
	        Index Cond: ((id >= 8778807) AND (id <= 8778816))

table 2 : explain SELECT c FROM sbtest2 WHERE id BETWEEN 9719594 AND 9719603 ORDER BY c
	Sort  (cost=39.34..39.36 rows=10 width=121)
	  Sort Key: c
	  ->  Index Scan using sbtest2_pkey on sbtest2  (cost=0.43..39.17 rows=10 width=121)
	        Index Cond: ((id >= 9719594) AND (id <= 9719603))

table 3 : explain SELECT c FROM sbtest3 WHERE id BETWEEN 8921335 AND 8921344 ORDER BY c
	Sort  (cost=42.88..42.91 rows=11 width=121)
	  Sort Key: c
	  ->  Index Scan using sbtest3_pkey on sbtest3  (cost=0.43..42.69 rows=11 width=121)
	        Index Cond: ((id >= 8921335) AND (id <= 8921344))

table 4 : explain SELECT c FROM sbtest4 WHERE id BETWEEN 4631126 AND 4631135 ORDER BY c
	Sort  (cost=38.85..38.87 rows=10 width=121)
	  Sort Key: c
	  ->  Index Scan using sbtest4_pkey on sbtest4  (cost=0.43..38.68 rows=10 width=121)
	        Index Cond: ((id >= 4631126) AND (id <= 4631135))

table 5 : explain SELECT c FROM sbtest5 WHERE id BETWEEN 6500725 AND 6500734 ORDER BY c
	Sort  (cost=39.38..39.41 rows=10 width=121)
	  Sort Key: c
	  ->  Index Scan using sbtest5_pkey on sbtest5  (cost=0.43..39.22 rows=10 width=121)
	        Index Cond: ((id >= 6500725) AND (id <= 6500734))

table 6 : explain SELECT c FROM sbtest6 WHERE id BETWEEN 8848000 AND 8848009 ORDER BY c
	Sort  (cost=39.53..39.56 rows=10 width=121)
	  Sort Key: c
	  ->  Index Scan using sbtest6_pkey on sbtest6  (cost=0.43..39.36 rows=10 width=121)
	        Index Cond: ((id >= 8848000) AND (id <= 8848009))

table 7 : explain SELECT c FROM sbtest7 WHERE id BETWEEN 6140491 AND 6140500 ORDER BY c
	Sort  (cost=35.97..36.00 rows=9 width=121)
	  Sort Key: c
	  ->  Index Scan using sbtest7_pkey on sbtest7  (cost=0.43..35.83 rows=9 width=121)
	        Index Cond: ((id >= 6140491) AND (id <= 6140500))

table 8 : explain SELECT c FROM sbtest8 WHERE id BETWEEN 7992482 AND 7992491 ORDER BY c
	Sort  (cost=35.37..35.39 rows=9 width=121)
	  Sort Key: c
	  ->  Index Scan using sbtest8_pkey on sbtest8  (cost=0.43..35.22 rows=9 width=121)
	        Index Cond: ((id >= 7992482) AND (id <= 7992491))

for: sum_ranges
table 1 : explain SELECT SUM(k) FROM sbtest1 WHERE id BETWEEN 492408 AND 492417
	Aggregate  (cost=35.59..35.60 rows=1 width=8)
	  ->  Index Scan using sbtest1_pkey on sbtest1  (cost=0.43..35.56 rows=9 width=4)
	        Index Cond: ((id >= 492408) AND (id <= 492417))

table 2 : explain SELECT SUM(k) FROM sbtest2 WHERE id BETWEEN 3058073 AND 3058082
	Aggregate  (cost=39.20..39.21 rows=1 width=8)
	  ->  Index Scan using sbtest2_pkey on sbtest2  (cost=0.43..39.17 rows=10 width=4)
	        Index Cond: ((id >= 3058073) AND (id <= 3058082))

table 3 : explain SELECT SUM(k) FROM sbtest3 WHERE id BETWEEN 8618652 AND 8618661
	Aggregate  (cost=35.86..35.87 rows=1 width=8)
	  ->  Index Scan using sbtest3_pkey on sbtest3  (cost=0.43..35.84 rows=9 width=4)
	        Index Cond: ((id >= 8618652) AND (id <= 8618661))

table 4 : explain SELECT SUM(k) FROM sbtest4 WHERE id BETWEEN 9899779 AND 9899788
	Aggregate  (cost=38.70..38.71 rows=1 width=8)
	  ->  Index Scan using sbtest4_pkey on sbtest4  (cost=0.43..38.68 rows=10 width=4)
	        Index Cond: ((id >= 9899779) AND (id <= 9899788))

table 5 : explain SELECT SUM(k) FROM sbtest5 WHERE id BETWEEN 9385137 AND 9385146
	Aggregate  (cost=39.24..39.25 rows=1 width=8)
	  ->  Index Scan using sbtest5_pkey on sbtest5  (cost=0.43..39.22 rows=10 width=4)
	        Index Cond: ((id >= 9385137) AND (id <= 9385146))

table 6 : explain SELECT SUM(k) FROM sbtest6 WHERE id BETWEEN 6682106 AND 6682115
	Aggregate  (cost=39.39..39.40 rows=1 width=8)
	  ->  Index Scan using sbtest6_pkey on sbtest6  (cost=0.43..39.36 rows=10 width=4)
	        Index Cond: ((id >= 6682106) AND (id <= 6682115))

table 7 : explain SELECT SUM(k) FROM sbtest7 WHERE id BETWEEN 8349772 AND 8349781
	Aggregate  (cost=39.28..39.29 rows=1 width=8)
	  ->  Index Scan using sbtest7_pkey on sbtest7  (cost=0.43..39.25 rows=10 width=4)
	        Index Cond: ((id >= 8349772) AND (id <= 8349781))

table 8 : explain SELECT SUM(k) FROM sbtest8 WHERE id BETWEEN 414389 AND 414398
	Aggregate  (cost=38.60..38.61 rows=1 width=8)
	  ->  Index Scan using sbtest8_pkey on sbtest8  (cost=0.43..38.57 rows=10 width=4)
	        Index Cond: ((id >= 414389) AND (id <= 414398))

for point_selects
table 1 : explain SELECT c FROM sbtest1 WHERE id=9457717
	Index Scan using sbtest1_pkey on sbtest1  (cost=0.43..8.45 rows=1 width=121)
	  Index Cond: (id = 9457717)

table 2 : explain SELECT c FROM sbtest2 WHERE id=3644095
	Index Scan using sbtest2_pkey on sbtest2  (cost=0.43..8.45 rows=1 width=121)
	  Index Cond: (id = 3644095)

table 3 : explain SELECT c FROM sbtest3 WHERE id=9150421
	Index Scan using sbtest3_pkey on sbtest3  (cost=0.43..8.45 rows=1 width=121)
	  Index Cond: (id = 9150421)

table 4 : explain SELECT c FROM sbtest4 WHERE id=557919
	Index Scan using sbtest4_pkey on sbtest4  (cost=0.43..8.45 rows=1 width=121)
	  Index Cond: (id = 557919)

table 5 : explain SELECT c FROM sbtest5 WHERE id=2463746
	Index Scan using sbtest5_pkey on sbtest5  (cost=0.43..8.45 rows=1 width=121)
	  Index Cond: (id = 2463746)

table 6 : explain SELECT c FROM sbtest6 WHERE id=1466937
	Index Scan using sbtest6_pkey on sbtest6  (cost=0.43..8.45 rows=1 width=121)
	  Index Cond: (id = 1466937)

table 7 : explain SELECT c FROM sbtest7 WHERE id=8535864
	Index Scan using sbtest7_pkey on sbtest7  (cost=0.43..8.45 rows=1 width=121)
	  Index Cond: (id = 8535864)

table 8 : explain SELECT c FROM sbtest8 WHERE id=8323922
	Index Scan using sbtest8_pkey on sbtest8  (cost=0.43..8.45 rows=1 width=121)
	  Index Cond: (id = 8323922)

for: distinct_ranges
table 1 : explain SELECT DISTINCT c FROM sbtest1 WHERE id BETWEEN 5827003 AND 5827012 ORDER BY c
	Unique  (cost=35.71..35.75 rows=9 width=121)
	  ->  Sort  (cost=35.71..35.73 rows=9 width=121)
	        Sort Key: c
	        ->  Index Scan using sbtest1_pkey on sbtest1  (cost=0.43..35.56 rows=9 width=121)
	              Index Cond: ((id >= 5827003) AND (id <= 5827012))

table 2 : explain SELECT DISTINCT c FROM sbtest2 WHERE id BETWEEN 111655 AND 111664 ORDER BY c
	Unique  (cost=35.90..35.95 rows=9 width=121)
	  ->  Sort  (cost=35.90..35.92 rows=9 width=121)
	        Sort Key: c
	        ->  Index Scan using sbtest2_pkey on sbtest2  (cost=0.43..35.76 rows=9 width=121)
	              Index Cond: ((id >= 111655) AND (id <= 111664))

table 3 : explain SELECT DISTINCT c FROM sbtest3 WHERE id BETWEEN 9123631 AND 9123640 ORDER BY c
	Unique  (cost=39.43..39.48 rows=10 width=121)
	  ->  Sort  (cost=39.43..39.46 rows=10 width=121)
	        Sort Key: c
	        ->  Index Scan using sbtest3_pkey on sbtest3  (cost=0.43..39.26 rows=10 width=121)
	              Index Cond: ((id >= 9123631) AND (id <= 9123640))

table 4 : explain SELECT DISTINCT c FROM sbtest4 WHERE id BETWEEN 1562762 AND 1562771 ORDER BY c
	Unique  (cost=38.85..38.90 rows=10 width=121)
	  ->  Sort  (cost=38.85..38.87 rows=10 width=121)
	        Sort Key: c
	        ->  Index Scan using sbtest4_pkey on sbtest4  (cost=0.43..38.68 rows=10 width=121)
	              Index Cond: ((id >= 1562762) AND (id <= 1562771))

table 5 : explain SELECT DISTINCT c FROM sbtest5 WHERE id BETWEEN 759113 AND 759122 ORDER BY c
	Unique  (cost=39.38..39.43 rows=10 width=121)
	  ->  Sort  (cost=39.38..39.41 rows=10 width=121)
	        Sort Key: c
	        ->  Index Scan using sbtest5_pkey on sbtest5  (cost=0.43..39.22 rows=10 width=121)
	              Index Cond: ((id >= 759113) AND (id <= 759122))

table 6 : explain SELECT DISTINCT c FROM sbtest6 WHERE id BETWEEN 6606968 AND 6606977 ORDER BY c
	Unique  (cost=42.99..43.04 rows=11 width=121)
	  ->  Sort  (cost=42.99..43.02 rows=11 width=121)
	        Sort Key: c
	        ->  Index Scan using sbtest6_pkey on sbtest6  (cost=0.43..42.80 rows=11 width=121)
	              Index Cond: ((id >= 6606968) AND (id <= 6606977))

table 7 : explain SELECT DISTINCT c FROM sbtest7 WHERE id BETWEEN 6291888 AND 6291897 ORDER BY c
	Unique  (cost=39.42..39.47 rows=10 width=121)
	  ->  Sort  (cost=39.42..39.45 rows=10 width=121)
	        Sort Key: c
	        ->  Index Scan using sbtest7_pkey on sbtest7  (cost=0.43..39.25 rows=10 width=121)
	              Index Cond: ((id >= 6291888) AND (id <= 6291897))

table 8 : explain SELECT DISTINCT c FROM sbtest8 WHERE id BETWEEN 2435222 AND 2435231 ORDER BY c
	Unique  (cost=38.74..38.79 rows=10 width=121)
	  ->  Sort  (cost=38.74..38.76 rows=10 width=121)
	        Sort Key: c
	        ->  Index Scan using sbtest8_pkey on sbtest8  (cost=0.43..38.57 rows=10 width=121)
	              Index Cond: ((id >= 2435222) AND (id <= 2435231))
for non_index_updates
table 1 : explain UPDATE sbtest1 SET c='foobar' WHERE id=1530428
	Update on sbtest1  (cost=0.43..8.45 rows=0 width=0)
	  ->  Index Scan using sbtest1_pkey on sbtest1  (cost=0.43..8.45 rows=1 width=490)
	        Index Cond: (id = 1530428)

table 2 : explain UPDATE sbtest2 SET c='foobar' WHERE id=8329415
	Update on sbtest2  (cost=0.43..8.45 rows=0 width=0)
	  ->  Index Scan using sbtest2_pkey on sbtest2  (cost=0.43..8.45 rows=1 width=490)
	        Index Cond: (id = 8329415)

table 3 : explain UPDATE sbtest3 SET c='foobar' WHERE id=7565893
	Update on sbtest3  (cost=0.43..8.45 rows=0 width=0)
	  ->  Index Scan using sbtest3_pkey on sbtest3  (cost=0.43..8.45 rows=1 width=490)
	        Index Cond: (id = 7565893)

table 4 : explain UPDATE sbtest4 SET c='foobar' WHERE id=5461713
	Update on sbtest4  (cost=0.43..8.45 rows=0 width=0)
	  ->  Index Scan using sbtest4_pkey on sbtest4  (cost=0.43..8.45 rows=1 width=490)
	        Index Cond: (id = 5461713)

table 5 : explain UPDATE sbtest5 SET c='foobar' WHERE id=7129499
	Update on sbtest5  (cost=0.43..8.45 rows=0 width=0)
	  ->  Index Scan using sbtest5_pkey on sbtest5  (cost=0.43..8.45 rows=1 width=490)
	        Index Cond: (id = 7129499)

table 6 : explain UPDATE sbtest6 SET c='foobar' WHERE id=8474539
	Update on sbtest6  (cost=0.43..8.45 rows=0 width=0)
	  ->  Index Scan using sbtest6_pkey on sbtest6  (cost=0.43..8.45 rows=1 width=490)
	        Index Cond: (id = 8474539)

table 7 : explain UPDATE sbtest7 SET c='foobar' WHERE id=4457126
	Update on sbtest7  (cost=0.43..8.45 rows=0 width=0)
	  ->  Index Scan using sbtest7_pkey on sbtest7  (cost=0.43..8.45 rows=1 width=490)
	        Index Cond: (id = 4457126)

table 8 : explain UPDATE sbtest8 SET c='foobar' WHERE id=2567818
	Update on sbtest8  (cost=0.43..8.45 rows=0 width=0)
	  ->  Index Scan using sbtest8_pkey on sbtest8  (cost=0.43..8.45 rows=1 width=490)
	        Index Cond: (id = 2567818)


for: distinct_ranges
table 1 : explain SELECT DISTINCT c FROM sbtest1 WHERE id BETWEEN 3265817 AND 3265826 ORDER BY c
	Unique  (cost=42.53..42.59 rows=11 width=121)
	  ->  Sort  (cost=42.53..42.56 rows=11 width=121)
	        Sort Key: c
	        ->  Index Scan using sbtest1_pkey on sbtest1  (cost=0.43..42.34 rows=11 width=121)
	              Index Cond: ((id >= 3265817) AND (id <= 3265826))

table 2 : explain SELECT DISTINCT c FROM sbtest2 WHERE id BETWEEN 2687052 AND 2687061 ORDER BY c
	Unique  (cost=39.34..39.39 rows=10 width=121)
	  ->  Sort  (cost=39.34..39.36 rows=10 width=121)
	        Sort Key: c
	        ->  Index Scan using sbtest2_pkey on sbtest2  (cost=0.43..39.17 rows=10 width=121)
	              Index Cond: ((id >= 2687052) AND (id <= 2687061))

table 3 : explain SELECT DISTINCT c FROM sbtest3 WHERE id BETWEEN 2424718 AND 2424727 ORDER BY c
	Unique  (cost=39.43..39.48 rows=10 width=121)
	  ->  Sort  (cost=39.43..39.46 rows=10 width=121)
	        Sort Key: c
	        ->  Index Scan using sbtest3_pkey on sbtest3  (cost=0.43..39.26 rows=10 width=121)
	              Index Cond: ((id >= 2424718) AND (id <= 2424727))

table 4 : explain SELECT DISTINCT c FROM sbtest4 WHERE id BETWEEN 4045931 AND 4045940 ORDER BY c
	Unique  (cost=38.85..38.90 rows=10 width=121)
	  ->  Sort  (cost=38.85..38.87 rows=10 width=121)
	        Sort Key: c
	        ->  Index Scan using sbtest4_pkey on sbtest4  (cost=0.43..38.68 rows=10 width=121)
	              Index Cond: ((id >= 4045931) AND (id <= 4045940))

table 5 : explain SELECT DISTINCT c FROM sbtest5 WHERE id BETWEEN 9542032 AND 9542041 ORDER BY c
	Unique  (cost=39.38..39.43 rows=10 width=121)
	  ->  Sort  (cost=39.38..39.41 rows=10 width=121)
	        Sort Key: c
	        ->  Index Scan using sbtest5_pkey on sbtest5  (cost=0.43..39.22 rows=10 width=121)
	              Index Cond: ((id >= 9542032) AND (id <= 9542041))

table 6 : explain SELECT DISTINCT c FROM sbtest6 WHERE id BETWEEN 1206952 AND 1206961 ORDER BY c
	Unique  (cost=42.99..43.04 rows=11 width=121)
	  ->  Sort  (cost=42.99..43.02 rows=11 width=121)
	        Sort Key: c
	        ->  Index Scan using sbtest6_pkey on sbtest6  (cost=0.43..42.80 rows=11 width=121)
	              Index Cond: ((id >= 1206952) AND (id <= 1206961))

table 7 : explain SELECT DISTINCT c FROM sbtest7 WHERE id BETWEEN 1668128 AND 1668137 ORDER BY c
	Unique  (cost=46.31..46.37 rows=12 width=121)
	  ->  Sort  (cost=46.31..46.34 rows=12 width=121)
	        Sort Key: c
	        ->  Index Scan using sbtest7_pkey on sbtest7  (cost=0.43..46.10 rows=12 width=121)
	              Index Cond: ((id >= 1668128) AND (id <= 1668137))

table 8 : explain SELECT DISTINCT c FROM sbtest8 WHERE id BETWEEN 7707286 AND 7707295 ORDER BY c
	Unique  (cost=38.74..38.79 rows=10 width=121)
	  ->  Sort  (cost=38.74..38.76 rows=10 width=121)
	        Sort Key: c
	        ->  Index Scan using sbtest8_pkey on sbtest8  (cost=0.43..38.57 rows=10 width=121)
	              Index Cond: ((id >= 7707286) AND (id <= 7707295))

for: sum_ranges
table 1 : explain SELECT SUM(k) FROM sbtest1 WHERE id BETWEEN 8145861 AND 8145870
	Aggregate  (cost=38.98..38.99 rows=1 width=8)
	  ->  Index Scan using sbtest1_pkey on sbtest1  (cost=0.43..38.95 rows=10 width=4)
	        Index Cond: ((id >= 8145861) AND (id <= 8145870))

table 2 : explain SELECT SUM(k) FROM sbtest2 WHERE id BETWEEN 3580300 AND 3580309
	Aggregate  (cost=35.78..35.79 rows=1 width=8)
	  ->  Index Scan using sbtest2_pkey on sbtest2  (cost=0.43..35.76 rows=9 width=4)
	        Index Cond: ((id >= 3580300) AND (id <= 3580309))

table 3 : explain SELECT SUM(k) FROM sbtest3 WHERE id BETWEEN 8672791 AND 8672800
	Aggregate  (cost=35.86..35.87 rows=1 width=8)
	  ->  Index Scan using sbtest3_pkey on sbtest3  (cost=0.43..35.84 rows=9 width=4)
	        Index Cond: ((id >= 8672791) AND (id <= 8672800))

table 4 : explain SELECT SUM(k) FROM sbtest4 WHERE id BETWEEN 9479630 AND 9479639
	Aggregate  (cost=42.06..42.07 rows=1 width=8)
	  ->  Index Scan using sbtest4_pkey on sbtest4  (cost=0.43..42.04 rows=11 width=4)
	        Index Cond: ((id >= 9479630) AND (id <= 9479639))

table 5 : explain SELECT SUM(k) FROM sbtest5 WHERE id BETWEEN 682641 AND 682650
	Aggregate  (cost=39.24..39.25 rows=1 width=8)
	  ->  Index Scan using sbtest5_pkey on sbtest5  (cost=0.43..39.22 rows=10 width=4)
	        Index Cond: ((id >= 682641) AND (id <= 682650))

table 6 : explain SELECT SUM(k) FROM sbtest6 WHERE id BETWEEN 953309 AND 953318
	Aggregate  (cost=39.39..39.40 rows=1 width=8)
	  ->  Index Scan using sbtest6_pkey on sbtest6  (cost=0.43..39.36 rows=10 width=4)
	        Index Cond: ((id >= 953309) AND (id <= 953318))

table 7 : explain SELECT SUM(k) FROM sbtest7 WHERE id BETWEEN 8006995 AND 8007004
	Aggregate  (cost=39.28..39.29 rows=1 width=8)
	  ->  Index Scan using sbtest7_pkey on sbtest7  (cost=0.43..39.25 rows=10 width=4)
	        Index Cond: ((id >= 8006995) AND (id <= 8007004))

table 8 : explain SELECT SUM(k) FROM sbtest8 WHERE id BETWEEN 8402522 AND 8402531
	Aggregate  (cost=35.25..35.26 rows=1 width=8)
	  ->  Index Scan using sbtest8_pkey on sbtest8  (cost=0.43..35.22 rows=9 width=4)
	        Index Cond: ((id >= 8402522) AND (id <= 8402531))

for inserts
table 1 : explain INSERT INTO sbtest1 (id, k, c, pad) VALUES (3795286, 13, 'foobar', 'foobar')
	Insert on sbtest1  (cost=0.00..0.01 rows=0 width=0)
	  ->  Result  (cost=0.00..0.01 rows=1 width=736)

table 2 : explain INSERT INTO sbtest2 (id, k, c, pad) VALUES (5960624, 13, 'foobar', 'foobar')
	Insert on sbtest2  (cost=0.00..0.01 rows=0 width=0)
	  ->  Result  (cost=0.00..0.01 rows=1 width=736)

table 3 : explain INSERT INTO sbtest3 (id, k, c, pad) VALUES (5658140, 13, 'foobar', 'foobar')
	Insert on sbtest3  (cost=0.00..0.01 rows=0 width=0)
	  ->  Result  (cost=0.00..0.01 rows=1 width=736)

table 4 : explain INSERT INTO sbtest4 (id, k, c, pad) VALUES (3509, 13, 'foobar', 'foobar')
	Insert on sbtest4  (cost=0.00..0.01 rows=0 width=0)
	  ->  Result  (cost=0.00..0.01 rows=1 width=736)

table 5 : explain INSERT INTO sbtest5 (id, k, c, pad) VALUES (829669, 13, 'foobar', 'foobar')
	Insert on sbtest5  (cost=0.00..0.01 rows=0 width=0)
	  ->  Result  (cost=0.00..0.01 rows=1 width=736)

table 6 : explain INSERT INTO sbtest6 (id, k, c, pad) VALUES (1695857, 13, 'foobar', 'foobar')
	Insert on sbtest6  (cost=0.00..0.01 rows=0 width=0)
	  ->  Result  (cost=0.00..0.01 rows=1 width=736)

table 7 : explain INSERT INTO sbtest7 (id, k, c, pad) VALUES (2231146, 13, 'foobar', 'foobar')
	Insert on sbtest7  (cost=0.00..0.01 rows=0 width=0)
	  ->  Result  (cost=0.00..0.01 rows=1 width=736)

table 8 : explain INSERT INTO sbtest8 (id, k, c, pad) VALUES (2931638, 13, 'foobar', 'foobar')
	Insert on sbtest8  (cost=0.00..0.01 rows=0 width=0)
	  ->  Result  (cost=0.00..0.01 rows=1 width=736)

for: simple_ranges
table 1 : explain SELECT c FROM sbtest1 WHERE id BETWEEN 6435584 AND 6435593
	Index Scan using sbtest1_pkey on sbtest1  (cost=0.43..38.95 rows=10 width=121)
	  Index Cond: ((id >= 6435584) AND (id <= 6435593))

table 2 : explain SELECT c FROM sbtest2 WHERE id BETWEEN 6758449 AND 6758458
	Index Scan using sbtest2_pkey on sbtest2  (cost=0.43..39.17 rows=10 width=121)
	  Index Cond: ((id >= 6758449) AND (id <= 6758458))

table 3 : explain SELECT c FROM sbtest3 WHERE id BETWEEN 2567822 AND 2567831
	Index Scan using sbtest3_pkey on sbtest3  (cost=0.43..39.26 rows=10 width=121)
	  Index Cond: ((id >= 2567822) AND (id <= 2567831))

table 4 : explain SELECT c FROM sbtest4 WHERE id BETWEEN 8803552 AND 8803561
	Index Scan using sbtest4_pkey on sbtest4  (cost=0.43..38.68 rows=10 width=121)
	  Index Cond: ((id >= 8803552) AND (id <= 8803561))

table 5 : explain SELECT c FROM sbtest5 WHERE id BETWEEN 6483749 AND 6483758
	Index Scan using sbtest5_pkey on sbtest5  (cost=0.43..39.22 rows=10 width=121)
	  Index Cond: ((id >= 6483749) AND (id <= 6483758))

table 6 : explain SELECT c FROM sbtest6 WHERE id BETWEEN 2931273 AND 2931282
	Index Scan using sbtest6_pkey on sbtest6  (cost=0.43..39.36 rows=10 width=121)
	  Index Cond: ((id >= 2931273) AND (id <= 2931282))

table 7 : explain SELECT c FROM sbtest7 WHERE id BETWEEN 1341199 AND 1341208
	Index Scan using sbtest7_pkey on sbtest7  (cost=0.43..39.25 rows=10 width=121)
	  Index Cond: ((id >= 1341199) AND (id <= 1341208))

table 8 : explain SELECT c FROM sbtest8 WHERE id BETWEEN 4836669 AND 4836678
	Index Scan using sbtest8_pkey on sbtest8  (cost=0.43..41.92 rows=11 width=121)
	  Index Cond: ((id >= 4836669) AND (id <= 4836678))

for: distinct_ranges
table 1 : explain SELECT DISTINCT c FROM sbtest1 WHERE id BETWEEN 595376 AND 595385 ORDER BY c
	Unique  (cost=39.12..39.17 rows=10 width=121)
	  ->  Sort  (cost=39.12..39.14 rows=10 width=121)
	        Sort Key: c
	        ->  Index Scan using sbtest1_pkey on sbtest1  (cost=0.43..38.95 rows=10 width=121)
	              Index Cond: ((id >= 595376) AND (id <= 595385))

table 2 : explain SELECT DISTINCT c FROM sbtest2 WHERE id BETWEEN 2529720 AND 2529729 ORDER BY c
	Unique  (cost=35.90..35.95 rows=9 width=121)
	  ->  Sort  (cost=35.90..35.92 rows=9 width=121)
	        Sort Key: c
	        ->  Index Scan using sbtest2_pkey on sbtest2  (cost=0.43..35.76 rows=9 width=121)
	              Index Cond: ((id >= 2529720) AND (id <= 2529729))

table 3 : explain SELECT DISTINCT c FROM sbtest3 WHERE id BETWEEN 4586054 AND 4586063 ORDER BY c
	Unique  (cost=39.43..39.48 rows=10 width=121)
	  ->  Sort  (cost=39.43..39.46 rows=10 width=121)
	        Sort Key: c
	        ->  Index Scan using sbtest3_pkey on sbtest3  (cost=0.43..39.26 rows=10 width=121)
	              Index Cond: ((id >= 4586054) AND (id <= 4586063))

table 4 : explain SELECT DISTINCT c FROM sbtest4 WHERE id BETWEEN 6113323 AND 6113332 ORDER BY c
	Unique  (cost=38.85..38.90 rows=10 width=121)
	  ->  Sort  (cost=38.85..38.87 rows=10 width=121)
	        Sort Key: c
	        ->  Index Scan using sbtest4_pkey on sbtest4  (cost=0.43..38.68 rows=10 width=121)
	              Index Cond: ((id >= 6113323) AND (id <= 6113332))

table 5 : explain SELECT DISTINCT c FROM sbtest5 WHERE id BETWEEN 695489 AND 695498 ORDER BY c
	Unique  (cost=39.38..39.43 rows=10 width=121)
	  ->  Sort  (cost=39.38..39.41 rows=10 width=121)
	        Sort Key: c
	        ->  Index Scan using sbtest5_pkey on sbtest5  (cost=0.43..39.22 rows=10 width=121)
	              Index Cond: ((id >= 695489) AND (id <= 695498))

table 6 : explain SELECT DISTINCT c FROM sbtest6 WHERE id BETWEEN 5367008 AND 5367017 ORDER BY c
	Unique  (cost=42.99..43.04 rows=11 width=121)
	  ->  Sort  (cost=42.99..43.02 rows=11 width=121)
	        Sort Key: c
	        ->  Index Scan using sbtest6_pkey on sbtest6  (cost=0.43..42.80 rows=11 width=121)
	              Index Cond: ((id >= 5367008) AND (id <= 5367017))

table 7 : explain SELECT DISTINCT c FROM sbtest7 WHERE id BETWEEN 3429629 AND 3429638 ORDER BY c
	Unique  (cost=39.42..39.47 rows=10 width=121)
	  ->  Sort  (cost=39.42..39.45 rows=10 width=121)
	        Sort Key: c
	        ->  Index Scan using sbtest7_pkey on sbtest7  (cost=0.43..39.25 rows=10 width=121)
	              Index Cond: ((id >= 3429629) AND (id <= 3429638))

table 8 : explain SELECT DISTINCT c FROM sbtest8 WHERE id BETWEEN 869361 AND 869370 ORDER BY c
	Unique  (cost=42.11..42.16 rows=11 width=121)
	  ->  Sort  (cost=42.11..42.13 rows=11 width=121)
	        Sort Key: c
	        ->  Index Scan using sbtest8_pkey on sbtest8  (cost=0.43..41.92 rows=11 width=121)
	              Index Cond: ((id >= 869361) AND (id <= 869370))

explain: for point_selects :: explain SELECT c FROM sbtest%u WHERE id=%u
explain: for point_selects :: explain SELECT c FROM sbtest%u WHERE id=%u
explain: for point_selects :: explain SELECT c FROM sbtest%u WHERE id=%u
explain: for deletes :: explain DELETE FROM sbtest%u WHERE id=%u
for: distinct_ranges
table 1 : explain SELECT DISTINCT c FROM sbtest1 WHERE id BETWEEN 3867487 AND 3867496 ORDER BY c
	Unique  (cost=39.12..39.17 rows=10 width=121)
	  ->  Sort  (cost=39.12..39.14 rows=10 width=121)
	        Sort Key: c
	        ->  Index Scan using sbtest1_pkey on sbtest1  (cost=0.43..38.95 rows=10 width=121)
	              Index Cond: ((id >= 3867487) AND (id <= 3867496))

table 2 : explain SELECT DISTINCT c FROM sbtest2 WHERE id BETWEEN 5259890 AND 5259899 ORDER BY c
	Unique  (cost=39.34..39.39 rows=10 width=121)
	  ->  Sort  (cost=39.34..39.36 rows=10 width=121)
	        Sort Key: c
	        ->  Index Scan using sbtest2_pkey on sbtest2  (cost=0.43..39.17 rows=10 width=121)
	              Index Cond: ((id >= 5259890) AND (id <= 5259899))

table 3 : explain SELECT DISTINCT c FROM sbtest3 WHERE id BETWEEN 3657041 AND 3657050 ORDER BY c
	Unique  (cost=39.43..39.48 rows=10 width=121)
	  ->  Sort  (cost=39.43..39.46 rows=10 width=121)
	        Sort Key: c
	        ->  Index Scan using sbtest3_pkey on sbtest3  (cost=0.43..39.26 rows=10 width=121)
	              Index Cond: ((id >= 3657041) AND (id <= 3657050))

table 4 : explain SELECT DISTINCT c FROM sbtest4 WHERE id BETWEEN 3600420 AND 3600429 ORDER BY c
	Unique  (cost=38.85..38.90 rows=10 width=121)
	  ->  Sort  (cost=38.85..38.87 rows=10 width=121)
	        Sort Key: c
	        ->  Index Scan using sbtest4_pkey on sbtest4  (cost=0.43..38.68 rows=10 width=121)
	              Index Cond: ((id >= 3600420) AND (id <= 3600429))

table 5 : explain SELECT DISTINCT c FROM sbtest5 WHERE id BETWEEN 6213110 AND 6213119 ORDER BY c
	Unique  (cost=39.38..39.43 rows=10 width=121)
	  ->  Sort  (cost=39.38..39.41 rows=10 width=121)
	        Sort Key: c
	        ->  Index Scan using sbtest5_pkey on sbtest5  (cost=0.43..39.22 rows=10 width=121)
	              Index Cond: ((id >= 6213110) AND (id <= 6213119))

table 6 : explain SELECT DISTINCT c FROM sbtest6 WHERE id BETWEEN 6044180 AND 6044189 ORDER BY c
	Unique  (cost=42.99..43.04 rows=11 width=121)
	  ->  Sort  (cost=42.99..43.02 rows=11 width=121)
	        Sort Key: c
	        ->  Index Scan using sbtest6_pkey on sbtest6  (cost=0.43..42.80 rows=11 width=121)
	              Index Cond: ((id >= 6044180) AND (id <= 6044189))

table 7 : explain SELECT DISTINCT c FROM sbtest7 WHERE id BETWEEN 5938406 AND 5938415 ORDER BY c
	Unique  (cost=42.87..42.92 rows=11 width=121)
	  ->  Sort  (cost=42.87..42.89 rows=11 width=121)
	        Sort Key: c
	        ->  Index Scan using sbtest7_pkey on sbtest7  (cost=0.43..42.68 rows=11 width=121)
	              Index Cond: ((id >= 5938406) AND (id <= 5938415))

table 8 : explain SELECT DISTINCT c FROM sbtest8 WHERE id BETWEEN 1243399 AND 1243408 ORDER BY c
	Unique  (cost=38.74..38.79 rows=10 width=121)
	  ->  Sort  (cost=38.74..38.76 rows=10 width=121)
	        Sort Key: c
	        ->  Index Scan using sbtest8_pkey on sbtest8  (cost=0.43..38.57 rows=10 width=121)
	              Index Cond: ((id >= 1243399) AND (id <= 1243408))

for index_updates
table 1 : explain UPDATE sbtest1 SET k=k+1 WHERE id=1319248
	Update on sbtest1  (cost=0.43..8.46 rows=0 width=0)
	  ->  Index Scan using sbtest1_pkey on sbtest1  (cost=0.43..8.46 rows=1 width=10)
	        Index Cond: (id = 1319248)

table 2 : explain UPDATE sbtest2 SET k=k+1 WHERE id=8205884
	Update on sbtest2  (cost=0.43..8.46 rows=0 width=0)
	  ->  Index Scan using sbtest2_pkey on sbtest2  (cost=0.43..8.46 rows=1 width=10)
	        Index Cond: (id = 8205884)

table 3 : explain UPDATE sbtest3 SET k=k+1 WHERE id=4637100
	Update on sbtest3  (cost=0.43..8.46 rows=0 width=0)
	  ->  Index Scan using sbtest3_pkey on sbtest3  (cost=0.43..8.46 rows=1 width=10)
	        Index Cond: (id = 4637100)

table 4 : explain UPDATE sbtest4 SET k=k+1 WHERE id=401942
	Update on sbtest4  (cost=0.43..8.46 rows=0 width=0)
	  ->  Index Scan using sbtest4_pkey on sbtest4  (cost=0.43..8.46 rows=1 width=10)
	        Index Cond: (id = 401942)

table 5 : explain UPDATE sbtest5 SET k=k+1 WHERE id=4268380
	Update on sbtest5  (cost=0.43..8.46 rows=0 width=0)
	  ->  Index Scan using sbtest5_pkey on sbtest5  (cost=0.43..8.46 rows=1 width=10)
	        Index Cond: (id = 4268380)

table 6 : explain UPDATE sbtest6 SET k=k+1 WHERE id=2558473
	Update on sbtest6  (cost=0.43..8.46 rows=0 width=0)
	  ->  Index Scan using sbtest6_pkey on sbtest6  (cost=0.43..8.46 rows=1 width=10)
	        Index Cond: (id = 2558473)

table 7 : explain UPDATE sbtest7 SET k=k+1 WHERE id=2262598
	Update on sbtest7  (cost=0.43..8.46 rows=0 width=0)
	  ->  Index Scan using sbtest7_pkey on sbtest7  (cost=0.43..8.46 rows=1 width=10)
	        Index Cond: (id = 2262598)

table 8 : explain UPDATE sbtest8 SET k=k+1 WHERE id=6402246
	Update on sbtest8  (cost=0.43..8.46 rows=0 width=0)
	  ->  Index Scan using sbtest8_pkey on sbtest8  (cost=0.43..8.46 rows=1 width=10)
	        Index Cond: (id = 6402246)

explain: for deletes :: explain DELETE FROM sbtest%u WHERE id=%u
explain: for index_updates :: explain UPDATE sbtest%u SET k=k+1 WHERE id=%u
for: order_ranges
table 1 : explain SELECT c FROM sbtest1 WHERE id BETWEEN 4719336 AND 4719345 ORDER BY c
	Sort  (cost=39.12..39.14 rows=10 width=121)
	  Sort Key: c
	  ->  Index Scan using sbtest1_pkey on sbtest1  (cost=0.43..38.95 rows=10 width=121)
	        Index Cond: ((id >= 4719336) AND (id <= 4719345))

table 2 : explain SELECT c FROM sbtest2 WHERE id BETWEEN 301576 AND 301585 ORDER BY c
	Sort  (cost=39.34..39.36 rows=10 width=121)
	  Sort Key: c
	  ->  Index Scan using sbtest2_pkey on sbtest2  (cost=0.43..39.17 rows=10 width=121)
	        Index Cond: ((id >= 301576) AND (id <= 301585))

table 3 : explain SELECT c FROM sbtest3 WHERE id BETWEEN 913903 AND 913912 ORDER BY c
	Sort  (cost=42.88..42.91 rows=11 width=121)
	  Sort Key: c
	  ->  Index Scan using sbtest3_pkey on sbtest3  (cost=0.43..42.69 rows=11 width=121)
	        Index Cond: ((id >= 913903) AND (id <= 913912))

table 4 : explain SELECT c FROM sbtest4 WHERE id BETWEEN 7301755 AND 7301764 ORDER BY c
	Sort  (cost=38.85..38.87 rows=10 width=121)
	  Sort Key: c
	  ->  Index Scan using sbtest4_pkey on sbtest4  (cost=0.43..38.68 rows=10 width=121)
	        Index Cond: ((id >= 7301755) AND (id <= 7301764))

table 5 : explain SELECT c FROM sbtest5 WHERE id BETWEEN 1057387 AND 1057396 ORDER BY c
	Sort  (cost=42.83..42.85 rows=11 width=121)
	  Sort Key: c
	  ->  Index Scan using sbtest5_pkey on sbtest5  (cost=0.43..42.64 rows=11 width=121)
	        Index Cond: ((id >= 1057387) AND (id <= 1057396))

table 6 : explain SELECT c FROM sbtest6 WHERE id BETWEEN 1443287 AND 1443296 ORDER BY c
	Sort  (cost=39.53..39.56 rows=10 width=121)
	  Sort Key: c
	  ->  Index Scan using sbtest6_pkey on sbtest6  (cost=0.43..39.36 rows=10 width=121)
	        Index Cond: ((id >= 1443287) AND (id <= 1443296))

table 7 : explain SELECT c FROM sbtest7 WHERE id BETWEEN 9025437 AND 9025446 ORDER BY c
	Sort  (cost=39.42..39.45 rows=10 width=121)
	  Sort Key: c
	  ->  Index Scan using sbtest7_pkey on sbtest7  (cost=0.43..39.25 rows=10 width=121)
	        Index Cond: ((id >= 9025437) AND (id <= 9025446))

table 8 : explain SELECT c FROM sbtest8 WHERE id BETWEEN 5443300 AND 5443309 ORDER BY c
	Sort  (cost=35.37..35.39 rows=9 width=121)
	  Sort Key: c
	  ->  Index Scan using sbtest8_pkey on sbtest8  (cost=0.43..35.22 rows=9 width=121)
	        Index Cond: ((id >= 5443300) AND (id <= 5443309))

for: order_ranges
table 1 : explain SELECT c FROM sbtest1 WHERE id BETWEEN 3551855 AND 3551864 ORDER BY c
	Sort  (cost=39.12..39.14 rows=10 width=121)
	  Sort Key: c
	  ->  Index Scan using sbtest1_pkey on sbtest1  (cost=0.43..38.95 rows=10 width=121)
	        Index Cond: ((id >= 3551855) AND (id <= 3551864))

table 2 : explain SELECT c FROM sbtest2 WHERE id BETWEEN 2129399 AND 2129408 ORDER BY c
	Sort  (cost=35.90..35.92 rows=9 width=121)
	  Sort Key: c
	  ->  Index Scan using sbtest2_pkey on sbtest2  (cost=0.43..35.76 rows=9 width=121)
	        Index Cond: ((id >= 2129399) AND (id <= 2129408))

table 3 : explain SELECT c FROM sbtest3 WHERE id BETWEEN 5981562 AND 5981571 ORDER BY c
	Sort  (cost=35.98..36.01 rows=9 width=121)
	  Sort Key: c
	  ->  Index Scan using sbtest3_pkey on sbtest3  (cost=0.43..35.84 rows=9 width=121)
	        Index Cond: ((id >= 5981562) AND (id <= 5981571))

table 4 : explain SELECT c FROM sbtest4 WHERE id BETWEEN 877422 AND 877431 ORDER BY c
	Sort  (cost=42.23..42.25 rows=11 width=121)
	  Sort Key: c
	  ->  Index Scan using sbtest4_pkey on sbtest4  (cost=0.43..42.04 rows=11 width=121)
	        Index Cond: ((id >= 877422) AND (id <= 877431))

table 5 : explain SELECT c FROM sbtest5 WHERE id BETWEEN 7500097 AND 7500106 ORDER BY c
	Sort  (cost=39.38..39.41 rows=10 width=121)
	  Sort Key: c
	  ->  Index Scan using sbtest5_pkey on sbtest5  (cost=0.43..39.22 rows=10 width=121)
	        Index Cond: ((id >= 7500097) AND (id <= 7500106))

table 6 : explain SELECT c FROM sbtest6 WHERE id BETWEEN 9862456 AND 9862465 ORDER BY c
	Sort  (cost=39.53..39.56 rows=10 width=121)
	  Sort Key: c
	  ->  Index Scan using sbtest6_pkey on sbtest6  (cost=0.43..39.36 rows=10 width=121)
	        Index Cond: ((id >= 9862456) AND (id <= 9862465))

table 7 : explain SELECT c FROM sbtest7 WHERE id BETWEEN 4638554 AND 4638563 ORDER BY c
	Sort  (cost=39.42..39.45 rows=10 width=121)
	  Sort Key: c
	  ->  Index Scan using sbtest7_pkey on sbtest7  (cost=0.43..39.25 rows=10 width=121)
	        Index Cond: ((id >= 4638554) AND (id <= 4638563))

table 8 : explain SELECT c FROM sbtest8 WHERE id BETWEEN 4290914 AND 4290923 ORDER BY c
	Sort  (cost=38.74..38.76 rows=10 width=121)
	  Sort Key: c
	  ->  Index Scan using sbtest8_pkey on sbtest8  (cost=0.43..38.57 rows=10 width=121)
	        Index Cond: ((id >= 4290914) AND (id <= 4290923))

for inserts
table 1 : explain INSERT INTO sbtest1 (id, k, c, pad) VALUES (8236062, 13, 'foobar', 'foobar')
	Insert on sbtest1  (cost=0.00..0.01 rows=0 width=0)
	  ->  Result  (cost=0.00..0.01 rows=1 width=736)

table 2 : explain INSERT INTO sbtest2 (id, k, c, pad) VALUES (4004111, 13, 'foobar', 'foobar')
	Insert on sbtest2  (cost=0.00..0.01 rows=0 width=0)
	  ->  Result  (cost=0.00..0.01 rows=1 width=736)

table 3 : explain INSERT INTO sbtest3 (id, k, c, pad) VALUES (6758032, 13, 'foobar', 'foobar')
	Insert on sbtest3  (cost=0.00..0.01 rows=0 width=0)
	  ->  Result  (cost=0.00..0.01 rows=1 width=736)

table 4 : explain INSERT INTO sbtest4 (id, k, c, pad) VALUES (6260861, 13, 'foobar', 'foobar')
	Insert on sbtest4  (cost=0.00..0.01 rows=0 width=0)
	  ->  Result  (cost=0.00..0.01 rows=1 width=736)

table 5 : explain INSERT INTO sbtest5 (id, k, c, pad) VALUES (2980090, 13, 'foobar', 'foobar')
	Insert on sbtest5  (cost=0.00..0.01 rows=0 width=0)
	  ->  Result  (cost=0.00..0.01 rows=1 width=736)

table 6 : explain INSERT INTO sbtest6 (id, k, c, pad) VALUES (6789707, 13, 'foobar', 'foobar')
	Insert on sbtest6  (cost=0.00..0.01 rows=0 width=0)
	  ->  Result  (cost=0.00..0.01 rows=1 width=736)

table 7 : explain INSERT INTO sbtest7 (id, k, c, pad) VALUES (6230471, 13, 'foobar', 'foobar')
	Insert on sbtest7  (cost=0.00..0.01 rows=0 width=0)
	  ->  Result  (cost=0.00..0.01 rows=1 width=736)

table 8 : explain INSERT INTO sbtest8 (id, k, c, pad) VALUES (9293677, 13, 'foobar', 'foobar')
	Insert on sbtest8  (cost=0.00..0.01 rows=0 width=0)
	  ->  Result  (cost=0.00..0.01 rows=1 width=736)

explain: for index_updates :: explain UPDATE sbtest%u SET k=k+1 WHERE id=%u
for: simple_ranges
table 1 : explain SELECT c FROM sbtest1 WHERE id BETWEEN 5254672 AND 5254681
	Index Scan using sbtest1_pkey on sbtest1  (cost=0.43..38.95 rows=10 width=121)
	  Index Cond: ((id >= 5254672) AND (id <= 5254681))

table 2 : explain SELECT c FROM sbtest2 WHERE id BETWEEN 159555 AND 159564
	Index Scan using sbtest2_pkey on sbtest2  (cost=0.43..35.76 rows=9 width=121)
	  Index Cond: ((id >= 159555) AND (id <= 159564))

table 3 : explain SELECT c FROM sbtest3 WHERE id BETWEEN 2883356 AND 2883365
	Index Scan using sbtest3_pkey on sbtest3  (cost=0.43..39.26 rows=10 width=121)
	  Index Cond: ((id >= 2883356) AND (id <= 2883365))

table 4 : explain SELECT c FROM sbtest4 WHERE id BETWEEN 9985961 AND 9985970
	Index Scan using sbtest4_pkey on sbtest4  (cost=0.43..38.68 rows=10 width=121)
	  Index Cond: ((id >= 9985961) AND (id <= 9985970))

table 5 : explain SELECT c FROM sbtest5 WHERE id BETWEEN 7192758 AND 7192767
	Index Scan using sbtest5_pkey on sbtest5  (cost=0.43..39.22 rows=10 width=121)
	  Index Cond: ((id >= 7192758) AND (id <= 7192767))

table 6 : explain SELECT c FROM sbtest6 WHERE id BETWEEN 3079413 AND 3079422
	Index Scan using sbtest6_pkey on sbtest6  (cost=0.43..39.36 rows=10 width=121)
	  Index Cond: ((id >= 3079413) AND (id <= 3079422))

table 7 : explain SELECT c FROM sbtest7 WHERE id BETWEEN 9679571 AND 9679580
	Index Scan using sbtest7_pkey on sbtest7  (cost=0.43..39.25 rows=10 width=121)
	  Index Cond: ((id >= 9679571) AND (id <= 9679580))

table 8 : explain SELECT c FROM sbtest8 WHERE id BETWEEN 8555418 AND 8555427
	Index Scan using sbtest8_pkey on sbtest8  (cost=0.43..35.22 rows=9 width=121)
	  Index Cond: ((id >= 8555418) AND (id <= 8555427))

explain: for non_index_updates :: explain UPDATE sbtest%u SET c='foobar' WHERE id=%u
for: simple_ranges
table 1 : explain SELECT c FROM sbtest1 WHERE id BETWEEN 5270284 AND 5270293
	Index Scan using sbtest1_pkey on sbtest1  (cost=0.43..38.95 rows=10 width=121)
	  Index Cond: ((id >= 5270284) AND (id <= 5270293))

table 2 : explain SELECT c FROM sbtest2 WHERE id BETWEEN 690595 AND 690604
	Index Scan using sbtest2_pkey on sbtest2  (cost=0.43..39.17 rows=10 width=121)
	  Index Cond: ((id >= 690595) AND (id <= 690604))

table 3 : explain SELECT c FROM sbtest3 WHERE id BETWEEN 9116725 AND 9116734
	Index Scan using sbtest3_pkey on sbtest3  (cost=0.43..39.26 rows=10 width=121)
	  Index Cond: ((id >= 9116725) AND (id <= 9116734))

table 4 : explain SELECT c FROM sbtest4 WHERE id BETWEEN 4191183 AND 4191192
	Index Scan using sbtest4_pkey on sbtest4  (cost=0.43..42.04 rows=11 width=121)
	  Index Cond: ((id >= 4191183) AND (id <= 4191192))

table 5 : explain SELECT c FROM sbtest5 WHERE id BETWEEN 9486026 AND 9486035
	Index Scan using sbtest5_pkey on sbtest5  (cost=0.43..42.64 rows=11 width=121)
	  Index Cond: ((id >= 9486026) AND (id <= 9486035))

table 6 : explain SELECT c FROM sbtest6 WHERE id BETWEEN 1246556 AND 1246565
	Index Scan using sbtest6_pkey on sbtest6  (cost=0.43..39.36 rows=10 width=121)
	  Index Cond: ((id >= 1246556) AND (id <= 1246565))

table 7 : explain SELECT c FROM sbtest7 WHERE id BETWEEN 4202141 AND 4202150
	Index Scan using sbtest7_pkey on sbtest7  (cost=0.43..39.25 rows=10 width=121)
	  Index Cond: ((id >= 4202141) AND (id <= 4202150))

table 8 : explain SELECT c FROM sbtest8 WHERE id BETWEEN 7079484 AND 7079493
	Index Scan using sbtest8_pkey on sbtest8  (cost=0.43..38.57 rows=10 width=121)
	  Index Cond: ((id >= 7079484) AND (id <= 7079493))

explain: for index_updates :: explain UPDATE sbtest%u SET k=k+1 WHERE id=%u
for: order_ranges
table 1 : explain SELECT c FROM sbtest1 WHERE id BETWEEN 568060 AND 568069 ORDER BY c
	Sort  (cost=39.12..39.14 rows=10 width=121)
	  Sort Key: c
	  ->  Index Scan using sbtest1_pkey on sbtest1  (cost=0.43..38.95 rows=10 width=121)
	        Index Cond: ((id >= 568060) AND (id <= 568069))

table 2 : explain SELECT c FROM sbtest2 WHERE id BETWEEN 6934452 AND 6934461 ORDER BY c
	Sort  (cost=39.34..39.36 rows=10 width=121)
	  Sort Key: c
	  ->  Index Scan using sbtest2_pkey on sbtest2  (cost=0.43..39.17 rows=10 width=121)
	        Index Cond: ((id >= 6934452) AND (id <= 6934461))

table 3 : explain SELECT c FROM sbtest3 WHERE id BETWEEN 7195611 AND 7195620 ORDER BY c
	Sort  (cost=39.43..39.46 rows=10 width=121)
	  Sort Key: c
	  ->  Index Scan using sbtest3_pkey on sbtest3  (cost=0.43..39.26 rows=10 width=121)
	        Index Cond: ((id >= 7195611) AND (id <= 7195620))

table 4 : explain SELECT c FROM sbtest4 WHERE id BETWEEN 2584420 AND 2584429 ORDER BY c
	Sort  (cost=38.85..38.87 rows=10 width=121)
	  Sort Key: c
	  ->  Index Scan using sbtest4_pkey on sbtest4  (cost=0.43..38.68 rows=10 width=121)
	        Index Cond: ((id >= 2584420) AND (id <= 2584429))

table 5 : explain SELECT c FROM sbtest5 WHERE id BETWEEN 5516080 AND 5516089 ORDER BY c
	Sort  (cost=39.38..39.41 rows=10 width=121)
	  Sort Key: c
	  ->  Index Scan using sbtest5_pkey on sbtest5  (cost=0.43..39.22 rows=10 width=121)
	        Index Cond: ((id >= 5516080) AND (id <= 5516089))

table 6 : explain SELECT c FROM sbtest6 WHERE id BETWEEN 6934756 AND 6934765 ORDER BY c
	Sort  (cost=36.07..36.10 rows=9 width=121)
	  Sort Key: c
	  ->  Index Scan using sbtest6_pkey on sbtest6  (cost=0.43..35.93 rows=9 width=121)
	        Index Cond: ((id >= 6934756) AND (id <= 6934765))

table 7 : explain SELECT c FROM sbtest7 WHERE id BETWEEN 871190 AND 871199 ORDER BY c
	Sort  (cost=39.42..39.45 rows=10 width=121)
	  Sort Key: c
	  ->  Index Scan using sbtest7_pkey on sbtest7  (cost=0.43..39.25 rows=10 width=121)
	        Index Cond: ((id >= 871190) AND (id <= 871199))

table 8 : explain SELECT c FROM sbtest8 WHERE id BETWEEN 558702 AND 558711 ORDER BY c
	Sort  (cost=38.74..38.76 rows=10 width=121)
	  Sort Key: c
	  ->  Index Scan using sbtest8_pkey on sbtest8  (cost=0.43..38.57 rows=10 width=121)
	        Index Cond: ((id >= 558702) AND (id <= 558711))

for: order_ranges
table 1 : explain SELECT c FROM sbtest1 WHERE id BETWEEN 4795074 AND 4795083 ORDER BY c
	Sort  (cost=35.71..35.73 rows=9 width=121)
	  Sort Key: c
	  ->  Index Scan using sbtest1_pkey on sbtest1  (cost=0.43..35.56 rows=9 width=121)
	        Index Cond: ((id >= 4795074) AND (id <= 4795083))

table 2 : explain SELECT c FROM sbtest2 WHERE id BETWEEN 5032420 AND 5032429 ORDER BY c
	Sort  (cost=39.34..39.36 rows=10 width=121)
	  Sort Key: c
	  ->  Index Scan using sbtest2_pkey on sbtest2  (cost=0.43..39.17 rows=10 width=121)
	        Index Cond: ((id >= 5032420) AND (id <= 5032429))

table 3 : explain SELECT c FROM sbtest3 WHERE id BETWEEN 4554013 AND 4554022 ORDER BY c
	Sort  (cost=39.43..39.46 rows=10 width=121)
	  Sort Key: c
	  ->  Index Scan using sbtest3_pkey on sbtest3  (cost=0.43..39.26 rows=10 width=121)
	        Index Cond: ((id >= 4554013) AND (id <= 4554022))

table 4 : explain SELECT c FROM sbtest4 WHERE id BETWEEN 3332123 AND 3332132 ORDER BY c
	Sort  (cost=38.85..38.87 rows=10 width=121)
	  Sort Key: c
	  ->  Index Scan using sbtest4_pkey on sbtest4  (cost=0.43..38.68 rows=10 width=121)
	        Index Cond: ((id >= 3332123) AND (id <= 3332132))

table 5 : explain SELECT c FROM sbtest5 WHERE id BETWEEN 6053201 AND 6053210 ORDER BY c
	Sort  (cost=39.38..39.41 rows=10 width=121)
	  Sort Key: c
	  ->  Index Scan using sbtest5_pkey on sbtest5  (cost=0.43..39.22 rows=10 width=121)
	        Index Cond: ((id >= 6053201) AND (id <= 6053210))

table 6 : explain SELECT c FROM sbtest6 WHERE id BETWEEN 2101745 AND 2101754 ORDER BY c
	Sort  (cost=39.53..39.56 rows=10 width=121)
	  Sort Key: c
	  ->  Index Scan using sbtest6_pkey on sbtest6  (cost=0.43..39.36 rows=10 width=121)
	        Index Cond: ((id >= 2101745) AND (id <= 2101754))

table 7 : explain SELECT c FROM sbtest7 WHERE id BETWEEN 5903778 AND 5903787 ORDER BY c
	Sort  (cost=42.87..42.89 rows=11 width=121)
	  Sort Key: c
	  ->  Index Scan using sbtest7_pkey on sbtest7  (cost=0.43..42.68 rows=11 width=121)
	        Index Cond: ((id >= 5903778) AND (id <= 5903787))

table 8 : explain SELECT c FROM sbtest8 WHERE id BETWEEN 4057834 AND 4057843 ORDER BY c
	Sort  (cost=38.74..38.76 rows=10 width=121)
	  Sort Key: c
	  ->  Index Scan using sbtest8_pkey on sbtest8  (cost=0.43..38.57 rows=10 width=121)
	        Index Cond: ((id >= 4057834) AND (id <= 4057843))

for index_updates
table 1 : explain UPDATE sbtest1 SET k=k+1 WHERE id=1339519
	Update on sbtest1  (cost=0.43..8.46 rows=0 width=0)
	  ->  Index Scan using sbtest1_pkey on sbtest1  (cost=0.43..8.46 rows=1 width=10)
	        Index Cond: (id = 1339519)

table 2 : explain UPDATE sbtest2 SET k=k+1 WHERE id=9778158
	Update on sbtest2  (cost=0.43..8.46 rows=0 width=0)
	  ->  Index Scan using sbtest2_pkey on sbtest2  (cost=0.43..8.46 rows=1 width=10)
	        Index Cond: (id = 9778158)

table 3 : explain UPDATE sbtest3 SET k=k+1 WHERE id=9115020
	Update on sbtest3  (cost=0.43..8.46 rows=0 width=0)
	  ->  Index Scan using sbtest3_pkey on sbtest3  (cost=0.43..8.46 rows=1 width=10)
	        Index Cond: (id = 9115020)

table 4 : explain UPDATE sbtest4 SET k=k+1 WHERE id=2745260
	Update on sbtest4  (cost=0.43..8.46 rows=0 width=0)
	  ->  Index Scan using sbtest4_pkey on sbtest4  (cost=0.43..8.46 rows=1 width=10)
	        Index Cond: (id = 2745260)

table 5 : explain UPDATE sbtest5 SET k=k+1 WHERE id=6290576
	Update on sbtest5  (cost=0.43..8.46 rows=0 width=0)
	  ->  Index Scan using sbtest5_pkey on sbtest5  (cost=0.43..8.46 rows=1 width=10)
	        Index Cond: (id = 6290576)

table 6 : explain UPDATE sbtest6 SET k=k+1 WHERE id=3850255
	Update on sbtest6  (cost=0.43..8.46 rows=0 width=0)
	  ->  Index Scan using sbtest6_pkey on sbtest6  (cost=0.43..8.46 rows=1 width=10)
	        Index Cond: (id = 3850255)

table 7 : explain UPDATE sbtest7 SET k=k+1 WHERE id=9240301
	Update on sbtest7  (cost=0.43..8.46 rows=0 width=0)
	  ->  Index Scan using sbtest7_pkey on sbtest7  (cost=0.43..8.46 rows=1 width=10)
	        Index Cond: (id = 9240301)

table 8 : explain UPDATE sbtest8 SET k=k+1 WHERE id=9415026
	Update on sbtest8  (cost=0.43..8.46 rows=0 width=0)
	  ->  Index Scan using sbtest8_pkey on sbtest8  (cost=0.43..8.46 rows=1 width=10)
	        Index Cond: (id = 9415026)

explain: for index_updates :: explain UPDATE sbtest%u SET k=k+1 WHERE id=%u
for: sum_ranges
table 1 : explain SELECT SUM(k) FROM sbtest1 WHERE id BETWEEN 9547664 AND 9547673
	Aggregate  (cost=35.59..35.60 rows=1 width=8)
	  ->  Index Scan using sbtest1_pkey on sbtest1  (cost=0.43..35.56 rows=9 width=4)
	        Index Cond: ((id >= 9547664) AND (id <= 9547673))

table 2 : explain SELECT SUM(k) FROM sbtest2 WHERE id BETWEEN 641581 AND 641590
	Aggregate  (cost=42.61..42.62 rows=1 width=8)
	  ->  Index Scan using sbtest2_pkey on sbtest2  (cost=0.43..42.58 rows=11 width=4)
	        Index Cond: ((id >= 641581) AND (id <= 641590))

table 3 : explain SELECT SUM(k) FROM sbtest3 WHERE id BETWEEN 3005857 AND 3005866
	Aggregate  (cost=39.29..39.30 rows=1 width=8)
	  ->  Index Scan using sbtest3_pkey on sbtest3  (cost=0.43..39.26 rows=10 width=4)
	        Index Cond: ((id >= 3005857) AND (id <= 3005866))

table 4 : explain SELECT SUM(k) FROM sbtest4 WHERE id BETWEEN 3258123 AND 3258132
	Aggregate  (cost=38.70..38.71 rows=1 width=8)
	  ->  Index Scan using sbtest4_pkey on sbtest4  (cost=0.43..38.68 rows=10 width=4)
	        Index Cond: ((id >= 3258123) AND (id <= 3258132))

table 5 : explain SELECT SUM(k) FROM sbtest5 WHERE id BETWEEN 6917875 AND 6917884
	Aggregate  (cost=35.82..35.83 rows=1 width=8)
	  ->  Index Scan using sbtest5_pkey on sbtest5  (cost=0.43..35.80 rows=9 width=4)
	        Index Cond: ((id >= 6917875) AND (id <= 6917884))

table 6 : explain SELECT SUM(k) FROM sbtest6 WHERE id BETWEEN 3670246 AND 3670255
	Aggregate  (cost=39.39..39.40 rows=1 width=8)
	  ->  Index Scan using sbtest6_pkey on sbtest6  (cost=0.43..39.36 rows=10 width=4)
	        Index Cond: ((id >= 3670246) AND (id <= 3670255))

table 7 : explain SELECT SUM(k) FROM sbtest7 WHERE id BETWEEN 5665655 AND 5665664
	Aggregate  (cost=39.28..39.29 rows=1 width=8)
	  ->  Index Scan using sbtest7_pkey on sbtest7  (cost=0.43..39.25 rows=10 width=4)
	        Index Cond: ((id >= 5665655) AND (id <= 5665664))

table 8 : explain SELECT SUM(k) FROM sbtest8 WHERE id BETWEEN 7847154 AND 7847163
	Aggregate  (cost=38.60..38.61 rows=1 width=8)
	  ->  Index Scan using sbtest8_pkey on sbtest8  (cost=0.43..38.57 rows=10 width=4)
	        Index Cond: ((id >= 7847154) AND (id <= 7847163))

explain: for inserts :: explain INSERT INTO sbtest%u (id, k, c, pad) VALUES (%u, 13, 'foobar', 'foobar')
for non_index_updates
table 1 : explain UPDATE sbtest1 SET c='foobar' WHERE id=9186126
	Update on sbtest1  (cost=0.43..8.45 rows=0 width=0)
	  ->  Index Scan using sbtest1_pkey on sbtest1  (cost=0.43..8.45 rows=1 width=490)
	        Index Cond: (id = 9186126)

table 2 : explain UPDATE sbtest2 SET c='foobar' WHERE id=942248
	Update on sbtest2  (cost=0.43..8.45 rows=0 width=0)
	  ->  Index Scan using sbtest2_pkey on sbtest2  (cost=0.43..8.45 rows=1 width=490)
	        Index Cond: (id = 942248)

table 3 : explain UPDATE sbtest3 SET c='foobar' WHERE id=5155772
	Update on sbtest3  (cost=0.43..8.45 rows=0 width=0)
	  ->  Index Scan using sbtest3_pkey on sbtest3  (cost=0.43..8.45 rows=1 width=490)
	        Index Cond: (id = 5155772)

table 4 : explain UPDATE sbtest4 SET c='foobar' WHERE id=8446162
	Update on sbtest4  (cost=0.43..8.45 rows=0 width=0)
	  ->  Index Scan using sbtest4_pkey on sbtest4  (cost=0.43..8.45 rows=1 width=490)
	        Index Cond: (id = 8446162)

table 5 : explain UPDATE sbtest5 SET c='foobar' WHERE id=2143404
	Update on sbtest5  (cost=0.43..8.45 rows=0 width=0)
	  ->  Index Scan using sbtest5_pkey on sbtest5  (cost=0.43..8.45 rows=1 width=490)
	        Index Cond: (id = 2143404)

table 6 : explain UPDATE sbtest6 SET c='foobar' WHERE id=3574604
	Update on sbtest6  (cost=0.43..8.45 rows=0 width=0)
	  ->  Index Scan using sbtest6_pkey on sbtest6  (cost=0.43..8.45 rows=1 width=490)
	        Index Cond: (id = 3574604)

table 7 : explain UPDATE sbtest7 SET c='foobar' WHERE id=7270599
	Update on sbtest7  (cost=0.43..8.45 rows=0 width=0)
	  ->  Index Scan using sbtest7_pkey on sbtest7  (cost=0.43..8.45 rows=1 width=490)
	        Index Cond: (id = 7270599)

table 8 : explain UPDATE sbtest8 SET c='foobar' WHERE id=9689725
	Update on sbtest8  (cost=0.43..8.45 rows=0 width=0)
	  ->  Index Scan using sbtest8_pkey on sbtest8  (cost=0.43..8.45 rows=1 width=490)
	        Index Cond: (id = 9689725)

for deletes
table 1 : explain DELETE FROM sbtest1 WHERE id=2301800
	Delete on sbtest1  (cost=0.43..8.45 rows=0 width=0)
	  ->  Index Scan using sbtest1_pkey on sbtest1  (cost=0.43..8.45 rows=1 width=6)
	        Index Cond: (id = 2301800)

table 2 : explain DELETE FROM sbtest2 WHERE id=7866355
	Delete on sbtest2  (cost=0.43..8.45 rows=0 width=0)
	  ->  Index Scan using sbtest2_pkey on sbtest2  (cost=0.43..8.45 rows=1 width=6)
	        Index Cond: (id = 7866355)

table 3 : explain DELETE FROM sbtest3 WHERE id=4220970
	Delete on sbtest3  (cost=0.43..8.45 rows=0 width=0)
	  ->  Index Scan using sbtest3_pkey on sbtest3  (cost=0.43..8.45 rows=1 width=6)
	        Index Cond: (id = 4220970)

table 4 : explain DELETE FROM sbtest4 WHERE id=9255063
	Delete on sbtest4  (cost=0.43..8.45 rows=0 width=0)
	  ->  Index Scan using sbtest4_pkey on sbtest4  (cost=0.43..8.45 rows=1 width=6)
	        Index Cond: (id = 9255063)

table 5 : explain DELETE FROM sbtest5 WHERE id=1596827
	Delete on sbtest5  (cost=0.43..8.45 rows=0 width=0)
	  ->  Index Scan using sbtest5_pkey on sbtest5  (cost=0.43..8.45 rows=1 width=6)
	        Index Cond: (id = 1596827)

table 6 : explain DELETE FROM sbtest6 WHERE id=8856820
	Delete on sbtest6  (cost=0.43..8.45 rows=0 width=0)
	  ->  Index Scan using sbtest6_pkey on sbtest6  (cost=0.43..8.45 rows=1 width=6)
	        Index Cond: (id = 8856820)

table 7 : explain DELETE FROM sbtest7 WHERE id=6813652
	Delete on sbtest7  (cost=0.43..8.45 rows=0 width=0)
	  ->  Index Scan using sbtest7_pkey on sbtest7  (cost=0.43..8.45 rows=1 width=6)
	        Index Cond: (id = 6813652)

table 8 : explain DELETE FROM sbtest8 WHERE id=527505
	Delete on sbtest8  (cost=0.43..8.45 rows=0 width=0)
	  ->  Index Scan using sbtest8_pkey on sbtest8  (cost=0.43..8.45 rows=1 width=6)
	        Index Cond: (id = 527505)

for index_updates
table 1 : explain UPDATE sbtest1 SET k=k+1 WHERE id=5628733
	Update on sbtest1  (cost=0.43..8.46 rows=0 width=0)
	  ->  Index Scan using sbtest1_pkey on sbtest1  (cost=0.43..8.46 rows=1 width=10)
	        Index Cond: (id = 5628733)

table 2 : explain UPDATE sbtest2 SET k=k+1 WHERE id=6988542
	Update on sbtest2  (cost=0.43..8.46 rows=0 width=0)
	  ->  Index Scan using sbtest2_pkey on sbtest2  (cost=0.43..8.46 rows=1 width=10)
	        Index Cond: (id = 6988542)

table 3 : explain UPDATE sbtest3 SET k=k+1 WHERE id=7556388
	Update on sbtest3  (cost=0.43..8.46 rows=0 width=0)
	  ->  Index Scan using sbtest3_pkey on sbtest3  (cost=0.43..8.46 rows=1 width=10)
	        Index Cond: (id = 7556388)

table 4 : explain UPDATE sbtest4 SET k=k+1 WHERE id=3057997
	Update on sbtest4  (cost=0.43..8.46 rows=0 width=0)
	  ->  Index Scan using sbtest4_pkey on sbtest4  (cost=0.43..8.46 rows=1 width=10)
	        Index Cond: (id = 3057997)

table 5 : explain UPDATE sbtest5 SET k=k+1 WHERE id=3476675
	Update on sbtest5  (cost=0.43..8.46 rows=0 width=0)
	  ->  Index Scan using sbtest5_pkey on sbtest5  (cost=0.43..8.46 rows=1 width=10)
	        Index Cond: (id = 3476675)

table 6 : explain UPDATE sbtest6 SET k=k+1 WHERE id=4319957
	Update on sbtest6  (cost=0.43..8.46 rows=0 width=0)
	  ->  Index Scan using sbtest6_pkey on sbtest6  (cost=0.43..8.46 rows=1 width=10)
	        Index Cond: (id = 4319957)

table 7 : explain UPDATE sbtest7 SET k=k+1 WHERE id=2987414
	Update on sbtest7  (cost=0.43..8.46 rows=0 width=0)
	  ->  Index Scan using sbtest7_pkey on sbtest7  (cost=0.43..8.46 rows=1 width=10)
	        Index Cond: (id = 2987414)

table 8 : explain UPDATE sbtest8 SET k=k+1 WHERE id=1701680
	Update on sbtest8  (cost=0.43..8.46 rows=0 width=0)
	  ->  Index Scan using sbtest8_pkey on sbtest8  (cost=0.43..8.46 rows=1 width=10)
	        Index Cond: (id = 1701680)

explain: for non_index_updates :: explain UPDATE sbtest%u SET c='foobar' WHERE id=%u
explain: for deletes :: explain DELETE FROM sbtest%u WHERE id=%u
for inserts
table 1 : explain INSERT INTO sbtest1 (id, k, c, pad) VALUES (4649397, 13, 'foobar', 'foobar')
	Insert on sbtest1  (cost=0.00..0.01 rows=0 width=0)
	  ->  Result  (cost=0.00..0.01 rows=1 width=736)

table 2 : explain INSERT INTO sbtest2 (id, k, c, pad) VALUES (7932671, 13, 'foobar', 'foobar')
	Insert on sbtest2  (cost=0.00..0.01 rows=0 width=0)
	  ->  Result  (cost=0.00..0.01 rows=1 width=736)

table 3 : explain INSERT INTO sbtest3 (id, k, c, pad) VALUES (176542, 13, 'foobar', 'foobar')
	Insert on sbtest3  (cost=0.00..0.01 rows=0 width=0)
	  ->  Result  (cost=0.00..0.01 rows=1 width=736)

table 4 : explain INSERT INTO sbtest4 (id, k, c, pad) VALUES (1119436, 13, 'foobar', 'foobar')
	Insert on sbtest4  (cost=0.00..0.01 rows=0 width=0)
	  ->  Result  (cost=0.00..0.01 rows=1 width=736)

table 5 : explain INSERT INTO sbtest5 (id, k, c, pad) VALUES (5736481, 13, 'foobar', 'foobar')
	Insert on sbtest5  (cost=0.00..0.01 rows=0 width=0)
	  ->  Result  (cost=0.00..0.01 rows=1 width=736)

table 6 : explain INSERT INTO sbtest6 (id, k, c, pad) VALUES (5903077, 13, 'foobar', 'foobar')
	Insert on sbtest6  (cost=0.00..0.01 rows=0 width=0)
	  ->  Result  (cost=0.00..0.01 rows=1 width=736)

table 7 : explain INSERT INTO sbtest7 (id, k, c, pad) VALUES (1310366, 13, 'foobar', 'foobar')
	Insert on sbtest7  (cost=0.00..0.01 rows=0 width=0)
	  ->  Result  (cost=0.00..0.01 rows=1 width=736)

table 8 : explain INSERT INTO sbtest8 (id, k, c, pad) VALUES (1655587, 13, 'foobar', 'foobar')
	Insert on sbtest8  (cost=0.00..0.01 rows=0 width=0)
	  ->  Result  (cost=0.00..0.01 rows=1 width=736)

for: distinct_ranges
table 1 : explain SELECT DISTINCT c FROM sbtest1 WHERE id BETWEEN 1853482 AND 1853491 ORDER BY c
	Unique  (cost=39.12..39.17 rows=10 width=121)
	  ->  Sort  (cost=39.12..39.14 rows=10 width=121)
	        Sort Key: c
	        ->  Index Scan using sbtest1_pkey on sbtest1  (cost=0.43..38.95 rows=10 width=121)
	              Index Cond: ((id >= 1853482) AND (id <= 1853491))

table 2 : explain SELECT DISTINCT c FROM sbtest2 WHERE id BETWEEN 1998523 AND 1998532 ORDER BY c
	Unique  (cost=39.34..39.39 rows=10 width=121)
	  ->  Sort  (cost=39.34..39.36 rows=10 width=121)
	        Sort Key: c
	        ->  Index Scan using sbtest2_pkey on sbtest2  (cost=0.43..39.17 rows=10 width=121)
	              Index Cond: ((id >= 1998523) AND (id <= 1998532))

table 3 : explain SELECT DISTINCT c FROM sbtest3 WHERE id BETWEEN 5776317 AND 5776326 ORDER BY c
	Unique  (cost=39.43..39.48 rows=10 width=121)
	  ->  Sort  (cost=39.43..39.46 rows=10 width=121)
	        Sort Key: c
	        ->  Index Scan using sbtest3_pkey on sbtest3  (cost=0.43..39.26 rows=10 width=121)
	              Index Cond: ((id >= 5776317) AND (id <= 5776326))

table 4 : explain SELECT DISTINCT c FROM sbtest4 WHERE id BETWEEN 5315454 AND 5315463 ORDER BY c
	Unique  (cost=38.85..38.90 rows=10 width=121)
	  ->  Sort  (cost=38.85..38.87 rows=10 width=121)
	        Sort Key: c
	        ->  Index Scan using sbtest4_pkey on sbtest4  (cost=0.43..38.68 rows=10 width=121)
	              Index Cond: ((id >= 5315454) AND (id <= 5315463))

table 5 : explain SELECT DISTINCT c FROM sbtest5 WHERE id BETWEEN 2872366 AND 2872375 ORDER BY c
	Unique  (cost=39.38..39.43 rows=10 width=121)
	  ->  Sort  (cost=39.38..39.41 rows=10 width=121)
	        Sort Key: c
	        ->  Index Scan using sbtest5_pkey on sbtest5  (cost=0.43..39.22 rows=10 width=121)
	              Index Cond: ((id >= 2872366) AND (id <= 2872375))

table 6 : explain SELECT DISTINCT c FROM sbtest6 WHERE id BETWEEN 3174240 AND 3174249 ORDER BY c
	Unique  (cost=42.99..43.04 rows=11 width=121)
	  ->  Sort  (cost=42.99..43.02 rows=11 width=121)
	        Sort Key: c
	        ->  Index Scan using sbtest6_pkey on sbtest6  (cost=0.43..42.80 rows=11 width=121)
	              Index Cond: ((id >= 3174240) AND (id <= 3174249))

table 7 : explain SELECT DISTINCT c FROM sbtest7 WHERE id BETWEEN 2255810 AND 2255819 ORDER BY c
	Unique  (cost=42.87..42.92 rows=11 width=121)
	  ->  Sort  (cost=42.87..42.89 rows=11 width=121)
	        Sort Key: c
	        ->  Index Scan using sbtest7_pkey on sbtest7  (cost=0.43..42.68 rows=11 width=121)
	              Index Cond: ((id >= 2255810) AND (id <= 2255819))

table 8 : explain SELECT DISTINCT c FROM sbtest8 WHERE id BETWEEN 4116690 AND 4116699 ORDER BY c
	Unique  (cost=38.74..38.79 rows=10 width=121)
	  ->  Sort  (cost=38.74..38.76 rows=10 width=121)
	        Sort Key: c
	        ->  Index Scan using sbtest8_pkey on sbtest8  (cost=0.43..38.57 rows=10 width=121)
	              Index Cond: ((id >= 4116690) AND (id <= 4116699))

for: distinct_ranges
table 1 : explain SELECT DISTINCT c FROM sbtest1 WHERE id BETWEEN 8611306 AND 8611315 ORDER BY c
	Unique  (cost=39.12..39.17 rows=10 width=121)
	  ->  Sort  (cost=39.12..39.14 rows=10 width=121)
	        Sort Key: c
	        ->  Index Scan using sbtest1_pkey on sbtest1  (cost=0.43..38.95 rows=10 width=121)
	              Index Cond: ((id >= 8611306) AND (id <= 8611315))

table 2 : explain SELECT DISTINCT c FROM sbtest2 WHERE id BETWEEN 5424301 AND 5424310 ORDER BY c
	Unique  (cost=39.34..39.39 rows=10 width=121)
	  ->  Sort  (cost=39.34..39.36 rows=10 width=121)
	        Sort Key: c
	        ->  Index Scan using sbtest2_pkey on sbtest2  (cost=0.43..39.17 rows=10 width=121)
	              Index Cond: ((id >= 5424301) AND (id <= 5424310))

table 3 : explain SELECT DISTINCT c FROM sbtest3 WHERE id BETWEEN 507765 AND 507774 ORDER BY c
	Unique  (cost=42.88..42.93 rows=11 width=121)
	  ->  Sort  (cost=42.88..42.91 rows=11 width=121)
	        Sort Key: c
	        ->  Index Scan using sbtest3_pkey on sbtest3  (cost=0.43..42.69 rows=11 width=121)
	              Index Cond: ((id >= 507765) AND (id <= 507774))

table 4 : explain SELECT DISTINCT c FROM sbtest4 WHERE id BETWEEN 7024568 AND 7024577 ORDER BY c
	Unique  (cost=35.46..35.51 rows=9 width=121)
	  ->  Sort  (cost=35.46..35.49 rows=9 width=121)
	        Sort Key: c
	        ->  Index Scan using sbtest4_pkey on sbtest4  (cost=0.43..35.32 rows=9 width=121)
	              Index Cond: ((id >= 7024568) AND (id <= 7024577))

table 5 : explain SELECT DISTINCT c FROM sbtest5 WHERE id BETWEEN 6066840 AND 6066849 ORDER BY c
	Unique  (cost=39.38..39.43 rows=10 width=121)
	  ->  Sort  (cost=39.38..39.41 rows=10 width=121)
	        Sort Key: c
	        ->  Index Scan using sbtest5_pkey on sbtest5  (cost=0.43..39.22 rows=10 width=121)
	              Index Cond: ((id >= 6066840) AND (id <= 6066849))

table 6 : explain SELECT DISTINCT c FROM sbtest6 WHERE id BETWEEN 2314123 AND 2314132 ORDER BY c
	Unique  (cost=39.53..39.58 rows=10 width=121)
	  ->  Sort  (cost=39.53..39.56 rows=10 width=121)
	        Sort Key: c
	        ->  Index Scan using sbtest6_pkey on sbtest6  (cost=0.43..39.36 rows=10 width=121)
	              Index Cond: ((id >= 2314123) AND (id <= 2314132))

table 7 : explain SELECT DISTINCT c FROM sbtest7 WHERE id BETWEEN 2981719 AND 2981728 ORDER BY c
	Unique  (cost=39.42..39.47 rows=10 width=121)
	  ->  Sort  (cost=39.42..39.45 rows=10 width=121)
	        Sort Key: c
	        ->  Index Scan using sbtest7_pkey on sbtest7  (cost=0.43..39.25 rows=10 width=121)
	              Index Cond: ((id >= 2981719) AND (id <= 2981728))

table 8 : explain SELECT DISTINCT c FROM sbtest8 WHERE id BETWEEN 9571790 AND 9571799 ORDER BY c
	Unique  (cost=38.74..38.79 rows=10 width=121)
	  ->  Sort  (cost=38.74..38.76 rows=10 width=121)
	        Sort Key: c
	        ->  Index Scan using sbtest8_pkey on sbtest8  (cost=0.43..38.57 rows=10 width=121)
	              Index Cond: ((id >= 9571790) AND (id <= 9571799))

explain: for non_index_updates :: explain UPDATE sbtest%u SET c='foobar' WHERE id=%u
explain: for inserts :: explain INSERT INTO sbtest%u (id, k, c, pad) VALUES (%u, 13, 'foobar', 'foobar')
for: sum_ranges
table 1 : explain SELECT SUM(k) FROM sbtest1 WHERE id BETWEEN 924103 AND 924112
	Aggregate  (cost=35.59..35.60 rows=1 width=8)
	  ->  Index Scan using sbtest1_pkey on sbtest1  (cost=0.43..35.56 rows=9 width=4)
	        Index Cond: ((id >= 924103) AND (id <= 924112))

table 2 : explain SELECT SUM(k) FROM sbtest2 WHERE id BETWEEN 1079673 AND 1079682
	Aggregate  (cost=35.78..35.79 rows=1 width=8)
	  ->  Index Scan using sbtest2_pkey on sbtest2  (cost=0.43..35.76 rows=9 width=4)
	        Index Cond: ((id >= 1079673) AND (id <= 1079682))

table 3 : explain SELECT SUM(k) FROM sbtest3 WHERE id BETWEEN 7291992 AND 7292001
	Aggregate  (cost=39.29..39.30 rows=1 width=8)
	  ->  Index Scan using sbtest3_pkey on sbtest3  (cost=0.43..39.26 rows=10 width=4)
	        Index Cond: ((id >= 7291992) AND (id <= 7292001))

table 4 : explain SELECT SUM(k) FROM sbtest4 WHERE id BETWEEN 6384675 AND 6384684
	Aggregate  (cost=38.70..38.71 rows=1 width=8)
	  ->  Index Scan using sbtest4_pkey on sbtest4  (cost=0.43..38.68 rows=10 width=4)
	        Index Cond: ((id >= 6384675) AND (id <= 6384684))

table 5 : explain SELECT SUM(k) FROM sbtest5 WHERE id BETWEEN 9577469 AND 9577478
	Aggregate  (cost=39.24..39.25 rows=1 width=8)
	  ->  Index Scan using sbtest5_pkey on sbtest5  (cost=0.43..39.22 rows=10 width=4)
	        Index Cond: ((id >= 9577469) AND (id <= 9577478))

table 6 : explain SELECT SUM(k) FROM sbtest6 WHERE id BETWEEN 7448366 AND 7448375
	Aggregate  (cost=39.39..39.40 rows=1 width=8)
	  ->  Index Scan using sbtest6_pkey on sbtest6  (cost=0.43..39.36 rows=10 width=4)
	        Index Cond: ((id >= 7448366) AND (id <= 7448375))

table 7 : explain SELECT SUM(k) FROM sbtest7 WHERE id BETWEEN 1024188 AND 1024197
	Aggregate  (cost=35.85..35.86 rows=1 width=8)
	  ->  Index Scan using sbtest7_pkey on sbtest7  (cost=0.43..35.83 rows=9 width=4)
	        Index Cond: ((id >= 1024188) AND (id <= 1024197))

table 8 : explain SELECT SUM(k) FROM sbtest8 WHERE id BETWEEN 4236848 AND 4236857
	Aggregate  (cost=35.25..35.26 rows=1 width=8)
	  ->  Index Scan using sbtest8_pkey on sbtest8  (cost=0.43..35.22 rows=9 width=4)
	        Index Cond: ((id >= 4236848) AND (id <= 4236857))

for deletes
table 1 : explain DELETE FROM sbtest1 WHERE id=1713887
	Delete on sbtest1  (cost=0.43..8.45 rows=0 width=0)
	  ->  Index Scan using sbtest1_pkey on sbtest1  (cost=0.43..8.45 rows=1 width=6)
	        Index Cond: (id = 1713887)

table 2 : explain DELETE FROM sbtest2 WHERE id=5068940
	Delete on sbtest2  (cost=0.43..8.45 rows=0 width=0)
	  ->  Index Scan using sbtest2_pkey on sbtest2  (cost=0.43..8.45 rows=1 width=6)
	        Index Cond: (id = 5068940)

table 3 : explain DELETE FROM sbtest3 WHERE id=5851629
	Delete on sbtest3  (cost=0.43..8.45 rows=0 width=0)
	  ->  Index Scan using sbtest3_pkey on sbtest3  (cost=0.43..8.45 rows=1 width=6)
	        Index Cond: (id = 5851629)

table 4 : explain DELETE FROM sbtest4 WHERE id=8721486
	Delete on sbtest4  (cost=0.43..8.45 rows=0 width=0)
	  ->  Index Scan using sbtest4_pkey on sbtest4  (cost=0.43..8.45 rows=1 width=6)
	        Index Cond: (id = 8721486)

table 5 : explain DELETE FROM sbtest5 WHERE id=3431991
	Delete on sbtest5  (cost=0.43..8.45 rows=0 width=0)
	  ->  Index Scan using sbtest5_pkey on sbtest5  (cost=0.43..8.45 rows=1 width=6)
	        Index Cond: (id = 3431991)

table 6 : explain DELETE FROM sbtest6 WHERE id=3733753
	Delete on sbtest6  (cost=0.43..8.45 rows=0 width=0)
	  ->  Index Scan using sbtest6_pkey on sbtest6  (cost=0.43..8.45 rows=1 width=6)
	        Index Cond: (id = 3733753)

table 7 : explain DELETE FROM sbtest7 WHERE id=290165
	Delete on sbtest7  (cost=0.43..8.45 rows=0 width=0)
	  ->  Index Scan using sbtest7_pkey on sbtest7  (cost=0.43..8.45 rows=1 width=6)
	        Index Cond: (id = 290165)

table 8 : explain DELETE FROM sbtest8 WHERE id=9910068
	Delete on sbtest8  (cost=0.43..8.45 rows=0 width=0)
	  ->  Index Scan using sbtest8_pkey on sbtest8  (cost=0.43..8.45 rows=1 width=6)
	        Index Cond: (id = 9910068)

for deletes
table 1 : explain DELETE FROM sbtest1 WHERE id=5162734
	Delete on sbtest1  (cost=0.43..8.45 rows=0 width=0)
	  ->  Index Scan using sbtest1_pkey on sbtest1  (cost=0.43..8.45 rows=1 width=6)
	        Index Cond: (id = 5162734)

table 2 : explain DELETE FROM sbtest2 WHERE id=4299681
	Delete on sbtest2  (cost=0.43..8.45 rows=0 width=0)
	  ->  Index Scan using sbtest2_pkey on sbtest2  (cost=0.43..8.45 rows=1 width=6)
	        Index Cond: (id = 4299681)

table 3 : explain DELETE FROM sbtest3 WHERE id=2446067
	Delete on sbtest3  (cost=0.43..8.45 rows=0 width=0)
	  ->  Index Scan using sbtest3_pkey on sbtest3  (cost=0.43..8.45 rows=1 width=6)
	        Index Cond: (id = 2446067)

table 4 : explain DELETE FROM sbtest4 WHERE id=4561505
	Delete on sbtest4  (cost=0.43..8.45 rows=0 width=0)
	  ->  Index Scan using sbtest4_pkey on sbtest4  (cost=0.43..8.45 rows=1 width=6)
	        Index Cond: (id = 4561505)

table 5 : explain DELETE FROM sbtest5 WHERE id=809881
	Delete on sbtest5  (cost=0.43..8.45 rows=0 width=0)
	  ->  Index Scan using sbtest5_pkey on sbtest5  (cost=0.43..8.45 rows=1 width=6)
	        Index Cond: (id = 809881)

table 6 : explain DELETE FROM sbtest6 WHERE id=4766900
	Delete on sbtest6  (cost=0.43..8.45 rows=0 width=0)
	  ->  Index Scan using sbtest6_pkey on sbtest6  (cost=0.43..8.45 rows=1 width=6)
	        Index Cond: (id = 4766900)

table 7 : explain DELETE FROM sbtest7 WHERE id=5157379
	Delete on sbtest7  (cost=0.43..8.45 rows=0 width=0)
	  ->  Index Scan using sbtest7_pkey on sbtest7  (cost=0.43..8.45 rows=1 width=6)
	        Index Cond: (id = 5157379)

table 8 : explain DELETE FROM sbtest8 WHERE id=4236354
	Delete on sbtest8  (cost=0.43..8.45 rows=0 width=0)
	  ->  Index Scan using sbtest8_pkey on sbtest8  (cost=0.43..8.45 rows=1 width=6)
	        Index Cond: (id = 4236354)

explain: for index_updates :: explain UPDATE sbtest%u SET k=k+1 WHERE id=%u
for: sum_ranges
table 1 : explain SELECT SUM(k) FROM sbtest1 WHERE id BETWEEN 2449373 AND 2449382
	Aggregate  (cost=35.59..35.60 rows=1 width=8)
	  ->  Index Scan using sbtest1_pkey on sbtest1  (cost=0.43..35.56 rows=9 width=4)
	        Index Cond: ((id >= 2449373) AND (id <= 2449382))

table 2 : explain SELECT SUM(k) FROM sbtest2 WHERE id BETWEEN 1387505 AND 1387514
	Aggregate  (cost=39.20..39.21 rows=1 width=8)
	  ->  Index Scan using sbtest2_pkey on sbtest2  (cost=0.43..39.17 rows=10 width=4)
	        Index Cond: ((id >= 1387505) AND (id <= 1387514))

table 3 : explain SELECT SUM(k) FROM sbtest3 WHERE id BETWEEN 3120673 AND 3120682
	Aggregate  (cost=39.29..39.30 rows=1 width=8)
	  ->  Index Scan using sbtest3_pkey on sbtest3  (cost=0.43..39.26 rows=10 width=4)
	        Index Cond: ((id >= 3120673) AND (id <= 3120682))

table 4 : explain SELECT SUM(k) FROM sbtest4 WHERE id BETWEEN 1981824 AND 1981833
	Aggregate  (cost=38.70..38.71 rows=1 width=8)
	  ->  Index Scan using sbtest4_pkey on sbtest4  (cost=0.43..38.68 rows=10 width=4)
	        Index Cond: ((id >= 1981824) AND (id <= 1981833))

table 5 : explain SELECT SUM(k) FROM sbtest5 WHERE id BETWEEN 1806413 AND 1806422
	Aggregate  (cost=39.24..39.25 rows=1 width=8)
	  ->  Index Scan using sbtest5_pkey on sbtest5  (cost=0.43..39.22 rows=10 width=4)
	        Index Cond: ((id >= 1806413) AND (id <= 1806422))

table 6 : explain SELECT SUM(k) FROM sbtest6 WHERE id BETWEEN 9552838 AND 9552847
	Aggregate  (cost=39.39..39.40 rows=1 width=8)
	  ->  Index Scan using sbtest6_pkey on sbtest6  (cost=0.43..39.36 rows=10 width=4)
	        Index Cond: ((id >= 9552838) AND (id <= 9552847))

table 7 : explain SELECT SUM(k) FROM sbtest7 WHERE id BETWEEN 3996986 AND 3996995
	Aggregate  (cost=35.85..35.86 rows=1 width=8)
	  ->  Index Scan using sbtest7_pkey on sbtest7  (cost=0.43..35.83 rows=9 width=4)
	        Index Cond: ((id >= 3996986) AND (id <= 3996995))

table 8 : explain SELECT SUM(k) FROM sbtest8 WHERE id BETWEEN 7333240 AND 7333249
	Aggregate  (cost=38.60..38.61 rows=1 width=8)
	  ->  Index Scan using sbtest8_pkey on sbtest8  (cost=0.43..38.57 rows=10 width=4)
	        Index Cond: ((id >= 7333240) AND (id <= 7333249))

for: sum_ranges
table 1 : explain SELECT SUM(k) FROM sbtest1 WHERE id BETWEEN 2027954 AND 2027963
	Aggregate  (cost=42.37..42.38 rows=1 width=8)
	  ->  Index Scan using sbtest1_pkey on sbtest1  (cost=0.43..42.34 rows=11 width=4)
	        Index Cond: ((id >= 2027954) AND (id <= 2027963))

table 2 : explain SELECT SUM(k) FROM sbtest2 WHERE id BETWEEN 5792842 AND 5792851
	Aggregate  (cost=42.61..42.62 rows=1 width=8)
	  ->  Index Scan using sbtest2_pkey on sbtest2  (cost=0.43..42.58 rows=11 width=4)
	        Index Cond: ((id >= 5792842) AND (id <= 5792851))

table 3 : explain SELECT SUM(k) FROM sbtest3 WHERE id BETWEEN 3036222 AND 3036231
	Aggregate  (cost=39.29..39.30 rows=1 width=8)
	  ->  Index Scan using sbtest3_pkey on sbtest3  (cost=0.43..39.26 rows=10 width=4)
	        Index Cond: ((id >= 3036222) AND (id <= 3036231))

table 4 : explain SELECT SUM(k) FROM sbtest4 WHERE id BETWEEN 799582 AND 799591
	Aggregate  (cost=42.06..42.07 rows=1 width=8)
	  ->  Index Scan using sbtest4_pkey on sbtest4  (cost=0.43..42.04 rows=11 width=4)
	        Index Cond: ((id >= 799582) AND (id <= 799591))

table 5 : explain SELECT SUM(k) FROM sbtest5 WHERE id BETWEEN 9162168 AND 9162177
	Aggregate  (cost=39.24..39.25 rows=1 width=8)
	  ->  Index Scan using sbtest5_pkey on sbtest5  (cost=0.43..39.22 rows=10 width=4)
	        Index Cond: ((id >= 9162168) AND (id <= 9162177))

table 6 : explain SELECT SUM(k) FROM sbtest6 WHERE id BETWEEN 5567512 AND 5567521
	Aggregate  (cost=42.83..42.84 rows=1 width=8)
	  ->  Index Scan using sbtest6_pkey on sbtest6  (cost=0.43..42.80 rows=11 width=4)
	        Index Cond: ((id >= 5567512) AND (id <= 5567521))

table 7 : explain SELECT SUM(k) FROM sbtest7 WHERE id BETWEEN 316667 AND 316676
	Aggregate  (cost=42.70..42.71 rows=1 width=8)
	  ->  Index Scan using sbtest7_pkey on sbtest7  (cost=0.43..42.68 rows=11 width=4)
	        Index Cond: ((id >= 316667) AND (id <= 316676))

table 8 : explain SELECT SUM(k) FROM sbtest8 WHERE id BETWEEN 6397218 AND 6397227
	Aggregate  (cost=35.25..35.26 rows=1 width=8)
	  ->  Index Scan using sbtest8_pkey on sbtest8  (cost=0.43..35.22 rows=9 width=4)
	        Index Cond: ((id >= 6397218) AND (id <= 6397227))

for non_index_updates
table 1 : explain UPDATE sbtest1 SET c='foobar' WHERE id=9669019
	Update on sbtest1  (cost=0.43..8.45 rows=0 width=0)
	  ->  Index Scan using sbtest1_pkey on sbtest1  (cost=0.43..8.45 rows=1 width=490)
	        Index Cond: (id = 9669019)

table 2 : explain UPDATE sbtest2 SET c='foobar' WHERE id=1249449
	Update on sbtest2  (cost=0.43..8.45 rows=0 width=0)
	  ->  Index Scan using sbtest2_pkey on sbtest2  (cost=0.43..8.45 rows=1 width=490)
	        Index Cond: (id = 1249449)

table 3 : explain UPDATE sbtest3 SET c='foobar' WHERE id=3948009
	Update on sbtest3  (cost=0.43..8.45 rows=0 width=0)
	  ->  Index Scan using sbtest3_pkey on sbtest3  (cost=0.43..8.45 rows=1 width=490)
	        Index Cond: (id = 3948009)

table 4 : explain UPDATE sbtest4 SET c='foobar' WHERE id=7417825
	Update on sbtest4  (cost=0.43..8.45 rows=0 width=0)
	  ->  Index Scan using sbtest4_pkey on sbtest4  (cost=0.43..8.45 rows=1 width=490)
	        Index Cond: (id = 7417825)

table 5 : explain UPDATE sbtest5 SET c='foobar' WHERE id=7310733
	Update on sbtest5  (cost=0.43..8.45 rows=0 width=0)
	  ->  Index Scan using sbtest5_pkey on sbtest5  (cost=0.43..8.45 rows=1 width=490)
	        Index Cond: (id = 7310733)

table 6 : explain UPDATE sbtest6 SET c='foobar' WHERE id=7561251
	Update on sbtest6  (cost=0.43..8.45 rows=0 width=0)
	  ->  Index Scan using sbtest6_pkey on sbtest6  (cost=0.43..8.45 rows=1 width=490)
	        Index Cond: (id = 7561251)

table 7 : explain UPDATE sbtest7 SET c='foobar' WHERE id=7773981
	Update on sbtest7  (cost=0.43..8.45 rows=0 width=0)
	  ->  Index Scan using sbtest7_pkey on sbtest7  (cost=0.43..8.45 rows=1 width=490)
	        Index Cond: (id = 7773981)

table 8 : explain UPDATE sbtest8 SET c='foobar' WHERE id=9518881
	Update on sbtest8  (cost=0.43..8.45 rows=0 width=0)
	  ->  Index Scan using sbtest8_pkey on sbtest8  (cost=0.43..8.45 rows=1 width=490)
	        Index Cond: (id = 9518881)

for point_selects
table 1 : explain SELECT c FROM sbtest1 WHERE id=8997885
	Index Scan using sbtest1_pkey on sbtest1  (cost=0.43..8.45 rows=1 width=121)
	  Index Cond: (id = 8997885)

table 2 : explain SELECT c FROM sbtest2 WHERE id=7962922
	Index Scan using sbtest2_pkey on sbtest2  (cost=0.43..8.45 rows=1 width=121)
	  Index Cond: (id = 7962922)

table 3 : explain SELECT c FROM sbtest3 WHERE id=6370693
	Index Scan using sbtest3_pkey on sbtest3  (cost=0.43..8.45 rows=1 width=121)
	  Index Cond: (id = 6370693)

table 4 : explain SELECT c FROM sbtest4 WHERE id=9257846
	Index Scan using sbtest4_pkey on sbtest4  (cost=0.43..8.45 rows=1 width=121)
	  Index Cond: (id = 9257846)

table 5 : explain SELECT c FROM sbtest5 WHERE id=7940286
	Index Scan using sbtest5_pkey on sbtest5  (cost=0.43..8.45 rows=1 width=121)
	  Index Cond: (id = 7940286)

table 6 : explain SELECT c FROM sbtest6 WHERE id=9963061
	Index Scan using sbtest6_pkey on sbtest6  (cost=0.43..8.45 rows=1 width=121)
	  Index Cond: (id = 9963061)

table 7 : explain SELECT c FROM sbtest7 WHERE id=7595568
	Index Scan using sbtest7_pkey on sbtest7  (cost=0.43..8.45 rows=1 width=121)
	  Index Cond: (id = 7595568)

table 8 : explain SELECT c FROM sbtest8 WHERE id=1693165
	Index Scan using sbtest8_pkey on sbtest8  (cost=0.43..8.45 rows=1 width=121)
	  Index Cond: (id = 1693165)

explain: for index_updates :: explain UPDATE sbtest%u SET k=k+1 WHERE id=%u
for point_selects
table 1 : explain SELECT c FROM sbtest1 WHERE id=9477536
	Index Scan using sbtest1_pkey on sbtest1  (cost=0.43..8.45 rows=1 width=121)
	  Index Cond: (id = 9477536)

table 2 : explain SELECT c FROM sbtest2 WHERE id=9832872
	Index Scan using sbtest2_pkey on sbtest2  (cost=0.43..8.45 rows=1 width=121)
	  Index Cond: (id = 9832872)

table 3 : explain SELECT c FROM sbtest3 WHERE id=7094462
	Index Scan using sbtest3_pkey on sbtest3  (cost=0.43..8.45 rows=1 width=121)
	  Index Cond: (id = 7094462)

table 4 : explain SELECT c FROM sbtest4 WHERE id=1492578
	Index Scan using sbtest4_pkey on sbtest4  (cost=0.43..8.45 rows=1 width=121)
	  Index Cond: (id = 1492578)

table 5 : explain SELECT c FROM sbtest5 WHERE id=800703
	Index Scan using sbtest5_pkey on sbtest5  (cost=0.43..8.45 rows=1 width=121)
	  Index Cond: (id = 800703)

table 6 : explain SELECT c FROM sbtest6 WHERE id=62451
	Index Scan using sbtest6_pkey on sbtest6  (cost=0.43..8.45 rows=1 width=121)
	  Index Cond: (id = 62451)

table 7 : explain SELECT c FROM sbtest7 WHERE id=7408355
	Index Scan using sbtest7_pkey on sbtest7  (cost=0.43..8.45 rows=1 width=121)
	  Index Cond: (id = 7408355)

table 8 : explain SELECT c FROM sbtest8 WHERE id=6919916
	Index Scan using sbtest8_pkey on sbtest8  (cost=0.43..8.45 rows=1 width=121)
	  Index Cond: (id = 6919916)

for point_selects
table 1 : explain SELECT c FROM sbtest1 WHERE id=3273545
	Index Scan using sbtest1_pkey on sbtest1  (cost=0.43..8.45 rows=1 width=121)
	  Index Cond: (id = 3273545)

table 2 : explain SELECT c FROM sbtest2 WHERE id=1563185
	Index Scan using sbtest2_pkey on sbtest2  (cost=0.43..8.45 rows=1 width=121)
	  Index Cond: (id = 1563185)

table 3 : explain SELECT c FROM sbtest3 WHERE id=8442967
	Index Scan using sbtest3_pkey on sbtest3  (cost=0.43..8.45 rows=1 width=121)
	  Index Cond: (id = 8442967)

table 4 : explain SELECT c FROM sbtest4 WHERE id=8483936
	Index Scan using sbtest4_pkey on sbtest4  (cost=0.43..8.45 rows=1 width=121)
	  Index Cond: (id = 8483936)

table 5 : explain SELECT c FROM sbtest5 WHERE id=9641593
	Index Scan using sbtest5_pkey on sbtest5  (cost=0.43..8.45 rows=1 width=121)
	  Index Cond: (id = 9641593)

table 6 : explain SELECT c FROM sbtest6 WHERE id=4437116
	Index Scan using sbtest6_pkey on sbtest6  (cost=0.43..8.45 rows=1 width=121)
	  Index Cond: (id = 4437116)

table 7 : explain SELECT c FROM sbtest7 WHERE id=1800978
	Index Scan using sbtest7_pkey on sbtest7  (cost=0.43..8.45 rows=1 width=121)
	  Index Cond: (id = 1800978)

table 8 : explain SELECT c FROM sbtest8 WHERE id=1448284
	Index Scan using sbtest8_pkey on sbtest8  (cost=0.43..8.45 rows=1 width=121)
	  Index Cond: (id = 1448284)

for inserts
table 1 : explain INSERT INTO sbtest1 (id, k, c, pad) VALUES (1461855, 13, 'foobar', 'foobar')
	Insert on sbtest1  (cost=0.00..0.01 rows=0 width=0)
	  ->  Result  (cost=0.00..0.01 rows=1 width=736)

table 2 : explain INSERT INTO sbtest2 (id, k, c, pad) VALUES (9276721, 13, 'foobar', 'foobar')
	Insert on sbtest2  (cost=0.00..0.01 rows=0 width=0)
	  ->  Result  (cost=0.00..0.01 rows=1 width=736)

table 3 : explain INSERT INTO sbtest3 (id, k, c, pad) VALUES (184331, 13, 'foobar', 'foobar')
	Insert on sbtest3  (cost=0.00..0.01 rows=0 width=0)
	  ->  Result  (cost=0.00..0.01 rows=1 width=736)

table 4 : explain INSERT INTO sbtest4 (id, k, c, pad) VALUES (9027355, 13, 'foobar', 'foobar')
	Insert on sbtest4  (cost=0.00..0.01 rows=0 width=0)
	  ->  Result  (cost=0.00..0.01 rows=1 width=736)

table 5 : explain INSERT INTO sbtest5 (id, k, c, pad) VALUES (8720969, 13, 'foobar', 'foobar')
	Insert on sbtest5  (cost=0.00..0.01 rows=0 width=0)
	  ->  Result  (cost=0.00..0.01 rows=1 width=736)

table 6 : explain INSERT INTO sbtest6 (id, k, c, pad) VALUES (3641324, 13, 'foobar', 'foobar')
	Insert on sbtest6  (cost=0.00..0.01 rows=0 width=0)
	  ->  Result  (cost=0.00..0.01 rows=1 width=736)

table 7 : explain INSERT INTO sbtest7 (id, k, c, pad) VALUES (8327953, 13, 'foobar', 'foobar')
	Insert on sbtest7  (cost=0.00..0.01 rows=0 width=0)
	  ->  Result  (cost=0.00..0.01 rows=1 width=736)

table 8 : explain INSERT INTO sbtest8 (id, k, c, pad) VALUES (8014493, 13, 'foobar', 'foobar')
	Insert on sbtest8  (cost=0.00..0.01 rows=0 width=0)
	  ->  Result  (cost=0.00..0.01 rows=1 width=736)

for: distinct_ranges
table 1 : explain SELECT DISTINCT c FROM sbtest1 WHERE id BETWEEN 5373012 AND 5373021 ORDER BY c
	Unique  (cost=39.12..39.17 rows=10 width=121)
	  ->  Sort  (cost=39.12..39.14 rows=10 width=121)
	        Sort Key: c
	        ->  Index Scan using sbtest1_pkey on sbtest1  (cost=0.43..38.95 rows=10 width=121)
	              Index Cond: ((id >= 5373012) AND (id <= 5373021))

table 2 : explain SELECT DISTINCT c FROM sbtest2 WHERE id BETWEEN 2648782 AND 2648791 ORDER BY c
	Unique  (cost=39.34..39.39 rows=10 width=121)
	  ->  Sort  (cost=39.34..39.36 rows=10 width=121)
	        Sort Key: c
	        ->  Index Scan using sbtest2_pkey on sbtest2  (cost=0.43..39.17 rows=10 width=121)
	              Index Cond: ((id >= 2648782) AND (id <= 2648791))

table 3 : explain SELECT DISTINCT c FROM sbtest3 WHERE id BETWEEN 2736714 AND 2736723 ORDER BY c
	Unique  (cost=39.43..39.48 rows=10 width=121)
	  ->  Sort  (cost=39.43..39.46 rows=10 width=121)
	        Sort Key: c
	        ->  Index Scan using sbtest3_pkey on sbtest3  (cost=0.43..39.26 rows=10 width=121)
	              Index Cond: ((id >= 2736714) AND (id <= 2736723))

table 4 : explain SELECT DISTINCT c FROM sbtest4 WHERE id BETWEEN 4852835 AND 4852844 ORDER BY c
	Unique  (cost=38.85..38.90 rows=10 width=121)
	  ->  Sort  (cost=38.85..38.87 rows=10 width=121)
	        Sort Key: c
	        ->  Index Scan using sbtest4_pkey on sbtest4  (cost=0.43..38.68 rows=10 width=121)
	              Index Cond: ((id >= 4852835) AND (id <= 4852844))

table 5 : explain SELECT DISTINCT c FROM sbtest5 WHERE id BETWEEN 6873235 AND 6873244 ORDER BY c
	Unique  (cost=35.94..35.99 rows=9 width=121)
	  ->  Sort  (cost=35.94..35.96 rows=9 width=121)
	        Sort Key: c
	        ->  Index Scan using sbtest5_pkey on sbtest5  (cost=0.43..35.80 rows=9 width=121)
	              Index Cond: ((id >= 6873235) AND (id <= 6873244))

table 6 : explain SELECT DISTINCT c FROM sbtest6 WHERE id BETWEEN 4351046 AND 4351055 ORDER BY c
	Unique  (cost=42.99..43.04 rows=11 width=121)
	  ->  Sort  (cost=42.99..43.02 rows=11 width=121)
	        Sort Key: c
	        ->  Index Scan using sbtest6_pkey on sbtest6  (cost=0.43..42.80 rows=11 width=121)
	              Index Cond: ((id >= 4351046) AND (id <= 4351055))

table 7 : explain SELECT DISTINCT c FROM sbtest7 WHERE id BETWEEN 5852311 AND 5852320 ORDER BY c
	Unique  (cost=39.42..39.47 rows=10 width=121)
	  ->  Sort  (cost=39.42..39.45 rows=10 width=121)
	        Sort Key: c
	        ->  Index Scan using sbtest7_pkey on sbtest7  (cost=0.43..39.25 rows=10 width=121)
	              Index Cond: ((id >= 5852311) AND (id <= 5852320))

table 8 : explain SELECT DISTINCT c FROM sbtest8 WHERE id BETWEEN 2028965 AND 2028974 ORDER BY c
	Unique  (cost=35.37..35.41 rows=9 width=121)
	  ->  Sort  (cost=35.37..35.39 rows=9 width=121)
	        Sort Key: c
	        ->  Index Scan using sbtest8_pkey on sbtest8  (cost=0.43..35.22 rows=9 width=121)
	              Index Cond: ((id >= 2028965) AND (id <= 2028974))

for index_updates
table 1 : explain UPDATE sbtest1 SET k=k+1 WHERE id=9605041
	Update on sbtest1  (cost=0.43..8.46 rows=0 width=0)
	  ->  Index Scan using sbtest1_pkey on sbtest1  (cost=0.43..8.46 rows=1 width=10)
	        Index Cond: (id = 9605041)

table 2 : explain UPDATE sbtest2 SET k=k+1 WHERE id=1914896
	Update on sbtest2  (cost=0.43..8.46 rows=0 width=0)
	  ->  Index Scan using sbtest2_pkey on sbtest2  (cost=0.43..8.46 rows=1 width=10)
	        Index Cond: (id = 1914896)

table 3 : explain UPDATE sbtest3 SET k=k+1 WHERE id=269466
	Update on sbtest3  (cost=0.43..8.46 rows=0 width=0)
	  ->  Index Scan using sbtest3_pkey on sbtest3  (cost=0.43..8.46 rows=1 width=10)
	        Index Cond: (id = 269466)

table 4 : explain UPDATE sbtest4 SET k=k+1 WHERE id=7159833
	Update on sbtest4  (cost=0.43..8.46 rows=0 width=0)
	  ->  Index Scan using sbtest4_pkey on sbtest4  (cost=0.43..8.46 rows=1 width=10)
	        Index Cond: (id = 7159833)

table 5 : explain UPDATE sbtest5 SET k=k+1 WHERE id=6633693
	Update on sbtest5  (cost=0.43..8.46 rows=0 width=0)
	  ->  Index Scan using sbtest5_pkey on sbtest5  (cost=0.43..8.46 rows=1 width=10)
	        Index Cond: (id = 6633693)

table 6 : explain UPDATE sbtest6 SET k=k+1 WHERE id=8431586
	Update on sbtest6  (cost=0.43..8.46 rows=0 width=0)
	  ->  Index Scan using sbtest6_pkey on sbtest6  (cost=0.43..8.46 rows=1 width=10)
	        Index Cond: (id = 8431586)

table 7 : explain UPDATE sbtest7 SET k=k+1 WHERE id=446140
	Update on sbtest7  (cost=0.43..8.46 rows=0 width=0)
	  ->  Index Scan using sbtest7_pkey on sbtest7  (cost=0.43..8.46 rows=1 width=10)
	        Index Cond: (id = 446140)

table 8 : explain UPDATE sbtest8 SET k=k+1 WHERE id=780749
	Update on sbtest8  (cost=0.43..8.46 rows=0 width=0)
	  ->  Index Scan using sbtest8_pkey on sbtest8  (cost=0.43..8.46 rows=1 width=10)
	        Index Cond: (id = 780749)

explain: for deletes :: explain DELETE FROM sbtest%u WHERE id=%u
for non_index_updates
table 1 : explain UPDATE sbtest1 SET c='foobar' WHERE id=7054758
	Update on sbtest1  (cost=0.43..8.45 rows=0 width=0)
	  ->  Index Scan using sbtest1_pkey on sbtest1  (cost=0.43..8.45 rows=1 width=490)
	        Index Cond: (id = 7054758)

table 2 : explain UPDATE sbtest2 SET c='foobar' WHERE id=6119055
	Update on sbtest2  (cost=0.43..8.45 rows=0 width=0)
	  ->  Index Scan using sbtest2_pkey on sbtest2  (cost=0.43..8.45 rows=1 width=490)
	        Index Cond: (id = 6119055)

table 3 : explain UPDATE sbtest3 SET c='foobar' WHERE id=1189406
	Update on sbtest3  (cost=0.43..8.45 rows=0 width=0)
	  ->  Index Scan using sbtest3_pkey on sbtest3  (cost=0.43..8.45 rows=1 width=490)
	        Index Cond: (id = 1189406)

table 4 : explain UPDATE sbtest4 SET c='foobar' WHERE id=486111
	Update on sbtest4  (cost=0.43..8.45 rows=0 width=0)
	  ->  Index Scan using sbtest4_pkey on sbtest4  (cost=0.43..8.45 rows=1 width=490)
	        Index Cond: (id = 486111)

table 5 : explain UPDATE sbtest5 SET c='foobar' WHERE id=8955580
	Update on sbtest5  (cost=0.43..8.45 rows=0 width=0)
	  ->  Index Scan using sbtest5_pkey on sbtest5  (cost=0.43..8.45 rows=1 width=490)
	        Index Cond: (id = 8955580)

table 6 : explain UPDATE sbtest6 SET c='foobar' WHERE id=9608505
	Update on sbtest6  (cost=0.43..8.45 rows=0 width=0)
	  ->  Index Scan using sbtest6_pkey on sbtest6  (cost=0.43..8.45 rows=1 width=490)
	        Index Cond: (id = 9608505)

table 7 : explain UPDATE sbtest7 SET c='foobar' WHERE id=2588354
	Update on sbtest7  (cost=0.43..8.45 rows=0 width=0)
	  ->  Index Scan using sbtest7_pkey on sbtest7  (cost=0.43..8.45 rows=1 width=490)
	        Index Cond: (id = 2588354)

table 8 : explain UPDATE sbtest8 SET c='foobar' WHERE id=3035078
	Update on sbtest8  (cost=0.43..8.45 rows=0 width=0)
	  ->  Index Scan using sbtest8_pkey on sbtest8  (cost=0.43..8.45 rows=1 width=490)
	        Index Cond: (id = 3035078)

explain: for inserts :: explain INSERT INTO sbtest%u (id, k, c, pad) VALUES (%u, 13, 'foobar', 'foobar')
explain: for index_updates :: explain UPDATE sbtest%u SET k=k+1 WHERE id=%u
for index_updates
table 1 : explain UPDATE sbtest1 SET k=k+1 WHERE id=8175419
	Update on sbtest1  (cost=0.43..8.46 rows=0 width=0)
	  ->  Index Scan using sbtest1_pkey on sbtest1  (cost=0.43..8.46 rows=1 width=10)
	        Index Cond: (id = 8175419)

table 2 : explain UPDATE sbtest2 SET k=k+1 WHERE id=5484372
	Update on sbtest2  (cost=0.43..8.46 rows=0 width=0)
	  ->  Index Scan using sbtest2_pkey on sbtest2  (cost=0.43..8.46 rows=1 width=10)
	        Index Cond: (id = 5484372)

table 3 : explain UPDATE sbtest3 SET k=k+1 WHERE id=5552796
	Update on sbtest3  (cost=0.43..8.46 rows=0 width=0)
	  ->  Index Scan using sbtest3_pkey on sbtest3  (cost=0.43..8.46 rows=1 width=10)
	        Index Cond: (id = 5552796)

table 4 : explain UPDATE sbtest4 SET k=k+1 WHERE id=3324291
	Update on sbtest4  (cost=0.43..8.46 rows=0 width=0)
	  ->  Index Scan using sbtest4_pkey on sbtest4  (cost=0.43..8.46 rows=1 width=10)
	        Index Cond: (id = 3324291)

table 5 : explain UPDATE sbtest5 SET k=k+1 WHERE id=300757
	Update on sbtest5  (cost=0.43..8.46 rows=0 width=0)
	  ->  Index Scan using sbtest5_pkey on sbtest5  (cost=0.43..8.46 rows=1 width=10)
	        Index Cond: (id = 300757)

table 6 : explain UPDATE sbtest6 SET k=k+1 WHERE id=4207244
	Update on sbtest6  (cost=0.43..8.46 rows=0 width=0)
	  ->  Index Scan using sbtest6_pkey on sbtest6  (cost=0.43..8.46 rows=1 width=10)
	        Index Cond: (id = 4207244)

table 7 : explain UPDATE sbtest7 SET k=k+1 WHERE id=620371
	Update on sbtest7  (cost=0.43..8.46 rows=0 width=0)
	  ->  Index Scan using sbtest7_pkey on sbtest7  (cost=0.43..8.46 rows=1 width=10)
	        Index Cond: (id = 620371)

table 8 : explain UPDATE sbtest8 SET k=k+1 WHERE id=5015523
	Update on sbtest8  (cost=0.43..8.46 rows=0 width=0)
	  ->  Index Scan using sbtest8_pkey on sbtest8  (cost=0.43..8.46 rows=1 width=10)
	        Index Cond: (id = 5015523)

explain: for deletes :: explain DELETE FROM sbtest%u WHERE id=%u
for index_updates
table 1 : explain UPDATE sbtest1 SET k=k+1 WHERE id=689972
	Update on sbtest1  (cost=0.43..8.46 rows=0 width=0)
	  ->  Index Scan using sbtest1_pkey on sbtest1  (cost=0.43..8.46 rows=1 width=10)
	        Index Cond: (id = 689972)

table 2 : explain UPDATE sbtest2 SET k=k+1 WHERE id=4887561
	Update on sbtest2  (cost=0.43..8.46 rows=0 width=0)
	  ->  Index Scan using sbtest2_pkey on sbtest2  (cost=0.43..8.46 rows=1 width=10)
	        Index Cond: (id = 4887561)

table 3 : explain UPDATE sbtest3 SET k=k+1 WHERE id=4175291
	Update on sbtest3  (cost=0.43..8.46 rows=0 width=0)
	  ->  Index Scan using sbtest3_pkey on sbtest3  (cost=0.43..8.46 rows=1 width=10)
	        Index Cond: (id = 4175291)

table 4 : explain UPDATE sbtest4 SET k=k+1 WHERE id=1755068
	Update on sbtest4  (cost=0.43..8.46 rows=0 width=0)
	  ->  Index Scan using sbtest4_pkey on sbtest4  (cost=0.43..8.46 rows=1 width=10)
	        Index Cond: (id = 1755068)

table 5 : explain UPDATE sbtest5 SET k=k+1 WHERE id=4557544
	Update on sbtest5  (cost=0.43..8.46 rows=0 width=0)
	  ->  Index Scan using sbtest5_pkey on sbtest5  (cost=0.43..8.46 rows=1 width=10)
	        Index Cond: (id = 4557544)

table 6 : explain UPDATE sbtest6 SET k=k+1 WHERE id=5833595
	Update on sbtest6  (cost=0.43..8.46 rows=0 width=0)
	  ->  Index Scan using sbtest6_pkey on sbtest6  (cost=0.43..8.46 rows=1 width=10)
	        Index Cond: (id = 5833595)

table 7 : explain UPDATE sbtest7 SET k=k+1 WHERE id=113418
	Update on sbtest7  (cost=0.43..8.46 rows=0 width=0)
	  ->  Index Scan using sbtest7_pkey on sbtest7  (cost=0.43..8.46 rows=1 width=10)
	        Index Cond: (id = 113418)

table 8 : explain UPDATE sbtest8 SET k=k+1 WHERE id=8102176
	Update on sbtest8  (cost=0.43..8.46 rows=0 width=0)
	  ->  Index Scan using sbtest8_pkey on sbtest8  (cost=0.43..8.46 rows=1 width=10)
	        Index Cond: (id = 8102176)

for deletes
table 1 : explain DELETE FROM sbtest1 WHERE id=4505669
	Delete on sbtest1  (cost=0.43..8.45 rows=0 width=0)
	  ->  Index Scan using sbtest1_pkey on sbtest1  (cost=0.43..8.45 rows=1 width=6)
	        Index Cond: (id = 4505669)

table 2 : explain DELETE FROM sbtest2 WHERE id=9046484
	Delete on sbtest2  (cost=0.43..8.45 rows=0 width=0)
	  ->  Index Scan using sbtest2_pkey on sbtest2  (cost=0.43..8.45 rows=1 width=6)
	        Index Cond: (id = 9046484)

table 3 : explain DELETE FROM sbtest3 WHERE id=2601166
	Delete on sbtest3  (cost=0.43..8.45 rows=0 width=0)
	  ->  Index Scan using sbtest3_pkey on sbtest3  (cost=0.43..8.45 rows=1 width=6)
	        Index Cond: (id = 2601166)

table 4 : explain DELETE FROM sbtest4 WHERE id=4615058
	Delete on sbtest4  (cost=0.43..8.45 rows=0 width=0)
	  ->  Index Scan using sbtest4_pkey on sbtest4  (cost=0.43..8.45 rows=1 width=6)
	        Index Cond: (id = 4615058)

table 5 : explain DELETE FROM sbtest5 WHERE id=2264707
	Delete on sbtest5  (cost=0.43..8.45 rows=0 width=0)
	  ->  Index Scan using sbtest5_pkey on sbtest5  (cost=0.43..8.45 rows=1 width=6)
	        Index Cond: (id = 2264707)

table 6 : explain DELETE FROM sbtest6 WHERE id=6266342
	Delete on sbtest6  (cost=0.43..8.45 rows=0 width=0)
	  ->  Index Scan using sbtest6_pkey on sbtest6  (cost=0.43..8.45 rows=1 width=6)
	        Index Cond: (id = 6266342)

table 7 : explain DELETE FROM sbtest7 WHERE id=9647413
	Delete on sbtest7  (cost=0.43..8.45 rows=0 width=0)
	  ->  Index Scan using sbtest7_pkey on sbtest7  (cost=0.43..8.45 rows=1 width=6)
	        Index Cond: (id = 9647413)

table 8 : explain DELETE FROM sbtest8 WHERE id=3037745
	Delete on sbtest8  (cost=0.43..8.45 rows=0 width=0)
	  ->  Index Scan using sbtest8_pkey on sbtest8  (cost=0.43..8.45 rows=1 width=6)
	        Index Cond: (id = 3037745)

for inserts
table 1 : explain INSERT INTO sbtest1 (id, k, c, pad) VALUES (1777250, 13, 'foobar', 'foobar')
	Insert on sbtest1  (cost=0.00..0.01 rows=0 width=0)
	  ->  Result  (cost=0.00..0.01 rows=1 width=736)

table 2 : explain INSERT INTO sbtest2 (id, k, c, pad) VALUES (6664554, 13, 'foobar', 'foobar')
	Insert on sbtest2  (cost=0.00..0.01 rows=0 width=0)
	  ->  Result  (cost=0.00..0.01 rows=1 width=736)

table 3 : explain INSERT INTO sbtest3 (id, k, c, pad) VALUES (209606, 13, 'foobar', 'foobar')
	Insert on sbtest3  (cost=0.00..0.01 rows=0 width=0)
	  ->  Result  (cost=0.00..0.01 rows=1 width=736)

table 4 : explain INSERT INTO sbtest4 (id, k, c, pad) VALUES (3230368, 13, 'foobar', 'foobar')
	Insert on sbtest4  (cost=0.00..0.01 rows=0 width=0)
	  ->  Result  (cost=0.00..0.01 rows=1 width=736)

table 5 : explain INSERT INTO sbtest5 (id, k, c, pad) VALUES (1554710, 13, 'foobar', 'foobar')
	Insert on sbtest5  (cost=0.00..0.01 rows=0 width=0)
	  ->  Result  (cost=0.00..0.01 rows=1 width=736)

table 6 : explain INSERT INTO sbtest6 (id, k, c, pad) VALUES (768802, 13, 'foobar', 'foobar')
	Insert on sbtest6  (cost=0.00..0.01 rows=0 width=0)
	  ->  Result  (cost=0.00..0.01 rows=1 width=736)

table 7 : explain INSERT INTO sbtest7 (id, k, c, pad) VALUES (3012, 13, 'foobar', 'foobar')
	Insert on sbtest7  (cost=0.00..0.01 rows=0 width=0)
	  ->  Result  (cost=0.00..0.01 rows=1 width=736)

table 8 : explain INSERT INTO sbtest8 (id, k, c, pad) VALUES (2417257, 13, 'foobar', 'foobar')
	Insert on sbtest8  (cost=0.00..0.01 rows=0 width=0)
	  ->  Result  (cost=0.00..0.01 rows=1 width=736)

explain: for inserts :: explain INSERT INTO sbtest%u (id, k, c, pad) VALUES (%u, 13, 'foobar', 'foobar')
explain: for non_index_updates :: explain UPDATE sbtest%u SET c='foobar' WHERE id=%u
for: order_ranges
table 1 : explain SELECT c FROM sbtest1 WHERE id BETWEEN 6551916 AND 6551925 ORDER BY c
	Sort  (cost=32.30..32.32 rows=8 width=121)
	  Sort Key: c
	  ->  Index Scan using sbtest1_pkey on sbtest1  (cost=0.43..32.18 rows=8 width=121)
	        Index Cond: ((id >= 6551916) AND (id <= 6551925))

table 2 : explain SELECT c FROM sbtest2 WHERE id BETWEEN 1067962 AND 1067971 ORDER BY c
	Sort  (cost=35.90..35.92 rows=9 width=121)
	  Sort Key: c
	  ->  Index Scan using sbtest2_pkey on sbtest2  (cost=0.43..35.76 rows=9 width=121)
	        Index Cond: ((id >= 1067962) AND (id <= 1067971))

table 3 : explain SELECT c FROM sbtest3 WHERE id BETWEEN 3071420 AND 3071429 ORDER BY c
	Sort  (cost=39.43..39.46 rows=10 width=121)
	  Sort Key: c
	  ->  Index Scan using sbtest3_pkey on sbtest3  (cost=0.43..39.26 rows=10 width=121)
	        Index Cond: ((id >= 3071420) AND (id <= 3071429))

table 4 : explain SELECT c FROM sbtest4 WHERE id BETWEEN 7971053 AND 7971062 ORDER BY c
	Sort  (cost=38.85..38.87 rows=10 width=121)
	  Sort Key: c
	  ->  Index Scan using sbtest4_pkey on sbtest4  (cost=0.43..38.68 rows=10 width=121)
	        Index Cond: ((id >= 7971053) AND (id <= 7971062))

table 5 : explain SELECT c FROM sbtest5 WHERE id BETWEEN 2331821 AND 2331830 ORDER BY c
	Sort  (cost=35.94..35.96 rows=9 width=121)
	  Sort Key: c
	  ->  Index Scan using sbtest5_pkey on sbtest5  (cost=0.43..35.80 rows=9 width=121)
	        Index Cond: ((id >= 2331821) AND (id <= 2331830))

table 6 : explain SELECT c FROM sbtest6 WHERE id BETWEEN 4062758 AND 4062767 ORDER BY c
	Sort  (cost=42.99..43.02 rows=11 width=121)
	  Sort Key: c
	  ->  Index Scan using sbtest6_pkey on sbtest6  (cost=0.43..42.80 rows=11 width=121)
	        Index Cond: ((id >= 4062758) AND (id <= 4062767))

table 7 : explain SELECT c FROM sbtest7 WHERE id BETWEEN 803240 AND 803249 ORDER BY c
	Sort  (cost=39.42..39.45 rows=10 width=121)
	  Sort Key: c
	  ->  Index Scan using sbtest7_pkey on sbtest7  (cost=0.43..39.25 rows=10 width=121)
	        Index Cond: ((id >= 803240) AND (id <= 803249))

table 8 : explain SELECT c FROM sbtest8 WHERE id BETWEEN 9547725 AND 9547734 ORDER BY c
	Sort  (cost=38.74..38.76 rows=10 width=121)
	  Sort Key: c
	  ->  Index Scan using sbtest8_pkey on sbtest8  (cost=0.43..38.57 rows=10 width=121)
	        Index Cond: ((id >= 9547725) AND (id <= 9547734))

explain: for non_index_updates :: explain UPDATE sbtest%u SET c='foobar' WHERE id=%u
for: simple_ranges
table 1 : explain SELECT c FROM sbtest1 WHERE id BETWEEN 3032564 AND 3032573
	Index Scan using sbtest1_pkey on sbtest1  (cost=0.43..38.95 rows=10 width=121)
	  Index Cond: ((id >= 3032564) AND (id <= 3032573))

table 2 : explain SELECT c FROM sbtest2 WHERE id BETWEEN 6312690 AND 6312699
	Index Scan using sbtest2_pkey on sbtest2  (cost=0.43..39.17 rows=10 width=121)
	  Index Cond: ((id >= 6312690) AND (id <= 6312699))

table 3 : explain SELECT c FROM sbtest3 WHERE id BETWEEN 5037300 AND 5037309
	Index Scan using sbtest3_pkey on sbtest3  (cost=0.43..42.69 rows=11 width=121)
	  Index Cond: ((id >= 5037300) AND (id <= 5037309))

table 4 : explain SELECT c FROM sbtest4 WHERE id BETWEEN 4758591 AND 4758600
	Index Scan using sbtest4_pkey on sbtest4  (cost=0.43..35.32 rows=9 width=121)
	  Index Cond: ((id >= 4758591) AND (id <= 4758600))

table 5 : explain SELECT c FROM sbtest5 WHERE id BETWEEN 6130834 AND 6130843
	Index Scan using sbtest5_pkey on sbtest5  (cost=0.43..39.22 rows=10 width=121)
	  Index Cond: ((id >= 6130834) AND (id <= 6130843))

table 6 : explain SELECT c FROM sbtest6 WHERE id BETWEEN 174502 AND 174511
	Index Scan using sbtest6_pkey on sbtest6  (cost=0.43..35.93 rows=9 width=121)
	  Index Cond: ((id >= 174502) AND (id <= 174511))

table 7 : explain SELECT c FROM sbtest7 WHERE id BETWEEN 9505882 AND 9505891
	Index Scan using sbtest7_pkey on sbtest7  (cost=0.43..42.68 rows=11 width=121)
	  Index Cond: ((id >= 9505882) AND (id <= 9505891))

table 8 : explain SELECT c FROM sbtest8 WHERE id BETWEEN 2299947 AND 2299956
	Index Scan using sbtest8_pkey on sbtest8  (cost=0.43..38.57 rows=10 width=121)
	  Index Cond: ((id >= 2299947) AND (id <= 2299956))

for: simple_ranges
table 1 : explain SELECT c FROM sbtest1 WHERE id BETWEEN 7375174 AND 7375183
	Index Scan using sbtest1_pkey on sbtest1  (cost=0.43..42.34 rows=11 width=121)
	  Index Cond: ((id >= 7375174) AND (id <= 7375183))

table 2 : explain SELECT c FROM sbtest2 WHERE id BETWEEN 843749 AND 843758
	Index Scan using sbtest2_pkey on sbtest2  (cost=0.43..39.17 rows=10 width=121)
	  Index Cond: ((id >= 843749) AND (id <= 843758))

table 3 : explain SELECT c FROM sbtest3 WHERE id BETWEEN 8124734 AND 8124743
	Index Scan using sbtest3_pkey on sbtest3  (cost=0.43..42.69 rows=11 width=121)
	  Index Cond: ((id >= 8124734) AND (id <= 8124743))

table 4 : explain SELECT c FROM sbtest4 WHERE id BETWEEN 8237404 AND 8237413
	Index Scan using sbtest4_pkey on sbtest4  (cost=0.43..38.68 rows=10 width=121)
	  Index Cond: ((id >= 8237404) AND (id <= 8237413))

table 5 : explain SELECT c FROM sbtest5 WHERE id BETWEEN 6246322 AND 6246331
	Index Scan using sbtest5_pkey on sbtest5  (cost=0.43..39.22 rows=10 width=121)
	  Index Cond: ((id >= 6246322) AND (id <= 6246331))

table 6 : explain SELECT c FROM sbtest6 WHERE id BETWEEN 4950879 AND 4950888
	Index Scan using sbtest6_pkey on sbtest6  (cost=0.43..39.36 rows=10 width=121)
	  Index Cond: ((id >= 4950879) AND (id <= 4950888))

table 7 : explain SELECT c FROM sbtest7 WHERE id BETWEEN 6139113 AND 6139122
	Index Scan using sbtest7_pkey on sbtest7  (cost=0.43..35.83 rows=9 width=121)
	  Index Cond: ((id >= 6139113) AND (id <= 6139122))

table 8 : explain SELECT c FROM sbtest8 WHERE id BETWEEN 9438273 AND 9438282
	Index Scan using sbtest8_pkey on sbtest8  (cost=0.43..35.22 rows=9 width=121)
	  Index Cond: ((id >= 9438273) AND (id <= 9438282))

for deletes
table 1 : explain DELETE FROM sbtest1 WHERE id=8460878
	Delete on sbtest1  (cost=0.43..8.45 rows=0 width=0)
	  ->  Index Scan using sbtest1_pkey on sbtest1  (cost=0.43..8.45 rows=1 width=6)
	        Index Cond: (id = 8460878)

table 2 : explain DELETE FROM sbtest2 WHERE id=8203380
	Delete on sbtest2  (cost=0.43..8.45 rows=0 width=0)
	  ->  Index Scan using sbtest2_pkey on sbtest2  (cost=0.43..8.45 rows=1 width=6)
	        Index Cond: (id = 8203380)

table 3 : explain DELETE FROM sbtest3 WHERE id=6410530
	Delete on sbtest3  (cost=0.43..8.45 rows=0 width=0)
	  ->  Index Scan using sbtest3_pkey on sbtest3  (cost=0.43..8.45 rows=1 width=6)
	        Index Cond: (id = 6410530)

table 4 : explain DELETE FROM sbtest4 WHERE id=8645399
	Delete on sbtest4  (cost=0.43..8.45 rows=0 width=0)
	  ->  Index Scan using sbtest4_pkey on sbtest4  (cost=0.43..8.45 rows=1 width=6)
	        Index Cond: (id = 8645399)

table 5 : explain DELETE FROM sbtest5 WHERE id=5937371
	Delete on sbtest5  (cost=0.43..8.45 rows=0 width=0)
	  ->  Index Scan using sbtest5_pkey on sbtest5  (cost=0.43..8.45 rows=1 width=6)
	        Index Cond: (id = 5937371)

table 6 : explain DELETE FROM sbtest6 WHERE id=6232001
	Delete on sbtest6  (cost=0.43..8.45 rows=0 width=0)
	  ->  Index Scan using sbtest6_pkey on sbtest6  (cost=0.43..8.45 rows=1 width=6)
	        Index Cond: (id = 6232001)

table 7 : explain DELETE FROM sbtest7 WHERE id=1727411
	Delete on sbtest7  (cost=0.43..8.45 rows=0 width=0)
	  ->  Index Scan using sbtest7_pkey on sbtest7  (cost=0.43..8.45 rows=1 width=6)
	        Index Cond: (id = 1727411)

table 8 : explain DELETE FROM sbtest8 WHERE id=9763491
	Delete on sbtest8  (cost=0.43..8.45 rows=0 width=0)
	  ->  Index Scan using sbtest8_pkey on sbtest8  (cost=0.43..8.45 rows=1 width=6)
	        Index Cond: (id = 9763491)
for index_updates
table 1 : explain UPDATE sbtest1 SET k=k+1 WHERE id=8618336
	Update on sbtest1  (cost=0.43..8.46 rows=0 width=0)
	  ->  Index Scan using sbtest1_pkey on sbtest1  (cost=0.43..8.46 rows=1 width=10)
	        Index Cond: (id = 8618336)

table 2 : explain UPDATE sbtest2 SET k=k+1 WHERE id=1384386
	Update on sbtest2  (cost=0.43..8.46 rows=0 width=0)
	  ->  Index Scan using sbtest2_pkey on sbtest2  (cost=0.43..8.46 rows=1 width=10)
	        Index Cond: (id = 1384386)

table 3 : explain UPDATE sbtest3 SET k=k+1 WHERE id=6068614
	Update on sbtest3  (cost=0.43..8.46 rows=0 width=0)
	  ->  Index Scan using sbtest3_pkey on sbtest3  (cost=0.43..8.46 rows=1 width=10)
	        Index Cond: (id = 6068614)

table 4 : explain UPDATE sbtest4 SET k=k+1 WHERE id=955265
	Update on sbtest4  (cost=0.43..8.46 rows=0 width=0)
	  ->  Index Scan using sbtest4_pkey on sbtest4  (cost=0.43..8.46 rows=1 width=10)
	        Index Cond: (id = 955265)

table 5 : explain UPDATE sbtest5 SET k=k+1 WHERE id=7047566
	Update on sbtest5  (cost=0.43..8.46 rows=0 width=0)
	  ->  Index Scan using sbtest5_pkey on sbtest5  (cost=0.43..8.46 rows=1 width=10)
	        Index Cond: (id = 7047566)

table 6 : explain UPDATE sbtest6 SET k=k+1 WHERE id=4557058
	Update on sbtest6  (cost=0.43..8.46 rows=0 width=0)
	  ->  Index Scan using sbtest6_pkey on sbtest6  (cost=0.43..8.46 rows=1 width=10)
	        Index Cond: (id = 4557058)

table 7 : explain UPDATE sbtest7 SET k=k+1 WHERE id=3530382
	Update on sbtest7  (cost=0.43..8.46 rows=0 width=0)
	  ->  Index Scan using sbtest7_pkey on sbtest7  (cost=0.43..8.46 rows=1 width=10)
	        Index Cond: (id = 3530382)

table 8 : explain UPDATE sbtest8 SET k=k+1 WHERE id=7041970
	Update on sbtest8  (cost=0.43..8.46 rows=0 width=0)
	  ->  Index Scan using sbtest8_pkey on sbtest8  (cost=0.43..8.46 rows=1 width=10)
	        Index Cond: (id = 7041970)


for: order_ranges
table 1 : explain SELECT c FROM sbtest1 WHERE id BETWEEN 5936402 AND 5936411 ORDER BY c
	Sort  (cost=39.12..39.14 rows=10 width=121)
	  Sort Key: c
	  ->  Index Scan using sbtest1_pkey on sbtest1  (cost=0.43..38.95 rows=10 width=121)
	        Index Cond: ((id >= 5936402) AND (id <= 5936411))

table 2 : explain SELECT c FROM sbtest2 WHERE id BETWEEN 6125487 AND 6125496 ORDER BY c
	Sort  (cost=35.90..35.92 rows=9 width=121)
	  Sort Key: c
	  ->  Index Scan using sbtest2_pkey on sbtest2  (cost=0.43..35.76 rows=9 width=121)
	        Index Cond: ((id >= 6125487) AND (id <= 6125496))

table 3 : explain SELECT c FROM sbtest3 WHERE id BETWEEN 9501093 AND 9501102 ORDER BY c
	Sort  (cost=35.98..36.01 rows=9 width=121)
	  Sort Key: c
	  ->  Index Scan using sbtest3_pkey on sbtest3  (cost=0.43..35.84 rows=9 width=121)
	        Index Cond: ((id >= 9501093) AND (id <= 9501102))

table 4 : explain SELECT c FROM sbtest4 WHERE id BETWEEN 4781075 AND 4781084 ORDER BY c
	Sort  (cost=35.46..35.49 rows=9 width=121)
	  Sort Key: c
	  ->  Index Scan using sbtest4_pkey on sbtest4  (cost=0.43..35.32 rows=9 width=121)
	        Index Cond: ((id >= 4781075) AND (id <= 4781084))

table 5 : explain SELECT c FROM sbtest5 WHERE id BETWEEN 6294289 AND 6294298 ORDER BY c
	Sort  (cost=35.94..35.96 rows=9 width=121)
	  Sort Key: c
	  ->  Index Scan using sbtest5_pkey on sbtest5  (cost=0.43..35.80 rows=9 width=121)
	        Index Cond: ((id >= 6294289) AND (id <= 6294298))

table 6 : explain SELECT c FROM sbtest6 WHERE id BETWEEN 4595857 AND 4595866 ORDER BY c
	Sort  (cost=39.53..39.56 rows=10 width=121)
	  Sort Key: c
	  ->  Index Scan using sbtest6_pkey on sbtest6  (cost=0.43..39.36 rows=10 width=121)
	        Index Cond: ((id >= 4595857) AND (id <= 4595866))

table 7 : explain SELECT c FROM sbtest7 WHERE id BETWEEN 1209249 AND 1209258 ORDER BY c
	Sort  (cost=39.42..39.45 rows=10 width=121)
	  Sort Key: c
	  ->  Index Scan using sbtest7_pkey on sbtest7  (cost=0.43..39.25 rows=10 width=121)
	        Index Cond: ((id >= 1209249) AND (id <= 1209258))

table 8 : explain SELECT c FROM sbtest8 WHERE id BETWEEN 7737737 AND 7737746 ORDER BY c
	Sort  (cost=38.74..38.76 rows=10 width=121)
	  Sort Key: c
	  ->  Index Scan using sbtest8_pkey on sbtest8  (cost=0.43..38.57 rows=10 width=121)
	        Index Cond: ((id >= 7737737) AND (id <= 7737746))

for: simple_ranges
table 1 : explain SELECT c FROM sbtest1 WHERE id BETWEEN 7030978 AND 7030987
	Index Scan using sbtest1_pkey on sbtest1  (cost=0.43..38.95 rows=10 width=121)
	  Index Cond: ((id >= 7030978) AND (id <= 7030987))

table 2 : explain SELECT c FROM sbtest2 WHERE id BETWEEN 2169262 AND 2169271
	Index Scan using sbtest2_pkey on sbtest2  (cost=0.43..35.76 rows=9 width=121)
	  Index Cond: ((id >= 2169262) AND (id <= 2169271))

table 3 : explain SELECT c FROM sbtest3 WHERE id BETWEEN 1251264 AND 1251273
	Index Scan using sbtest3_pkey on sbtest3  (cost=0.43..39.26 rows=10 width=121)
	  Index Cond: ((id >= 1251264) AND (id <= 1251273))

table 4 : explain SELECT c FROM sbtest4 WHERE id BETWEEN 637592 AND 637601
	Index Scan using sbtest4_pkey on sbtest4  (cost=0.43..38.68 rows=10 width=121)
	  Index Cond: ((id >= 637592) AND (id <= 637601))

table 5 : explain SELECT c FROM sbtest5 WHERE id BETWEEN 3860639 AND 3860648
	Index Scan using sbtest5_pkey on sbtest5  (cost=0.43..39.22 rows=10 width=121)
	  Index Cond: ((id >= 3860639) AND (id <= 3860648))

table 6 : explain SELECT c FROM sbtest6 WHERE id BETWEEN 1230828 AND 1230837
	Index Scan using sbtest6_pkey on sbtest6  (cost=0.43..42.80 rows=11 width=121)
	  Index Cond: ((id >= 1230828) AND (id <= 1230837))

table 7 : explain SELECT c FROM sbtest7 WHERE id BETWEEN 1244960 AND 1244969
	Index Scan using sbtest7_pkey on sbtest7  (cost=0.43..42.68 rows=11 width=121)
	  Index Cond: ((id >= 1244960) AND (id <= 1244969))

table 8 : explain SELECT c FROM sbtest8 WHERE id BETWEEN 3775556 AND 3775565
	Index Scan using sbtest8_pkey on sbtest8  (cost=0.43..38.57 rows=10 width=121)
	  Index Cond: ((id >= 3775556) AND (id <= 3775565))

explain: for non_index_updates :: explain UPDATE sbtest%u SET c='foobar' WHERE id=%u
for: order_ranges
table 1 : explain SELECT c FROM sbtest1 WHERE id BETWEEN 7840588 AND 7840597 ORDER BY c
	Sort  (cost=39.12..39.14 rows=10 width=121)
	  Sort Key: c
	  ->  Index Scan using sbtest1_pkey on sbtest1  (cost=0.43..38.95 rows=10 width=121)
	        Index Cond: ((id >= 7840588) AND (id <= 7840597))

table 2 : explain SELECT c FROM sbtest2 WHERE id BETWEEN 5544660 AND 5544669 ORDER BY c
	Sort  (cost=39.34..39.36 rows=10 width=121)
	  Sort Key: c
	  ->  Index Scan using sbtest2_pkey on sbtest2  (cost=0.43..39.17 rows=10 width=121)
	        Index Cond: ((id >= 5544660) AND (id <= 5544669))

table 3 : explain SELECT c FROM sbtest3 WHERE id BETWEEN 20363 AND 20372 ORDER BY c
	Sort  (cost=39.43..39.46 rows=10 width=121)
	  Sort Key: c
	  ->  Index Scan using sbtest3_pkey on sbtest3  (cost=0.43..39.26 rows=10 width=121)
	        Index Cond: ((id >= 20363) AND (id <= 20372))

table 4 : explain SELECT c FROM sbtest4 WHERE id BETWEEN 2319819 AND 2319828 ORDER BY c
	Sort  (cost=35.46..35.49 rows=9 width=121)
	  Sort Key: c
	  ->  Index Scan using sbtest4_pkey on sbtest4  (cost=0.43..35.32 rows=9 width=121)
	        Index Cond: ((id >= 2319819) AND (id <= 2319828))

table 5 : explain SELECT c FROM sbtest5 WHERE id BETWEEN 5679937 AND 5679946 ORDER BY c
	Sort  (cost=42.83..42.85 rows=11 width=121)
	  Sort Key: c
	  ->  Index Scan using sbtest5_pkey on sbtest5  (cost=0.43..42.64 rows=11 width=121)
	        Index Cond: ((id >= 5679937) AND (id <= 5679946))

table 6 : explain SELECT c FROM sbtest6 WHERE id BETWEEN 1365302 AND 1365311 ORDER BY c
	Sort  (cost=39.53..39.56 rows=10 width=121)
	  Sort Key: c
	  ->  Index Scan using sbtest6_pkey on sbtest6  (cost=0.43..39.36 rows=10 width=121)
	        Index Cond: ((id >= 1365302) AND (id <= 1365311))

table 7 : explain SELECT c FROM sbtest7 WHERE id BETWEEN 7526109 AND 7526118 ORDER BY c
	Sort  (cost=35.97..36.00 rows=9 width=121)
	  Sort Key: c
	  ->  Index Scan using sbtest7_pkey on sbtest7  (cost=0.43..35.83 rows=9 width=121)
	        Index Cond: ((id >= 7526109) AND (id <= 7526118))

table 8 : explain SELECT c FROM sbtest8 WHERE id BETWEEN 8469218 AND 8469227 ORDER BY c
	Sort  (cost=35.37..35.39 rows=9 width=121)
	  Sort Key: c
	  ->  Index Scan using sbtest8_pkey on sbtest8  (cost=0.43..35.22 rows=9 width=121)
	        Index Cond: ((id >= 8469218) AND (id <= 8469227))

for index_updates
table 1 : explain UPDATE sbtest1 SET k=k+1 WHERE id=6616029
	Update on sbtest1  (cost=0.43..8.46 rows=0 width=0)
	  ->  Index Scan using sbtest1_pkey on sbtest1  (cost=0.43..8.46 rows=1 width=10)
	        Index Cond: (id = 6616029)

table 2 : explain UPDATE sbtest2 SET k=k+1 WHERE id=427091
	Update on sbtest2  (cost=0.43..8.46 rows=0 width=0)
	  ->  Index Scan using sbtest2_pkey on sbtest2  (cost=0.43..8.46 rows=1 width=10)
	        Index Cond: (id = 427091)

table 3 : explain UPDATE sbtest3 SET k=k+1 WHERE id=3938818
	Update on sbtest3  (cost=0.43..8.46 rows=0 width=0)
	  ->  Index Scan using sbtest3_pkey on sbtest3  (cost=0.43..8.46 rows=1 width=10)
	        Index Cond: (id = 3938818)

table 4 : explain UPDATE sbtest4 SET k=k+1 WHERE id=3658772
	Update on sbtest4  (cost=0.43..8.46 rows=0 width=0)
	  ->  Index Scan using sbtest4_pkey on sbtest4  (cost=0.43..8.46 rows=1 width=10)
	        Index Cond: (id = 3658772)

table 5 : explain UPDATE sbtest5 SET k=k+1 WHERE id=7346437
	Update on sbtest5  (cost=0.43..8.46 rows=0 width=0)
	  ->  Index Scan using sbtest5_pkey on sbtest5  (cost=0.43..8.46 rows=1 width=10)
	        Index Cond: (id = 7346437)

table 6 : explain UPDATE sbtest6 SET k=k+1 WHERE id=8847756
	Update on sbtest6  (cost=0.43..8.46 rows=0 width=0)
	  ->  Index Scan using sbtest6_pkey on sbtest6  (cost=0.43..8.46 rows=1 width=10)
	        Index Cond: (id = 8847756)

table 7 : explain UPDATE sbtest7 SET k=k+1 WHERE id=5786484
	Update on sbtest7  (cost=0.43..8.46 rows=0 width=0)
	  ->  Index Scan using sbtest7_pkey on sbtest7  (cost=0.43..8.46 rows=1 width=10)
	        Index Cond: (id = 5786484)

table 8 : explain UPDATE sbtest8 SET k=k+1 WHERE id=6706263
	Update on sbtest8  (cost=0.43..8.46 rows=0 width=0)
	  ->  Index Scan using sbtest8_pkey on sbtest8  (cost=0.43..8.46 rows=1 width=10)
	        Index Cond: (id = 6706263)

explain: for inserts :: explain INSERT INTO sbtest%u (id, k, c, pad) VALUES (%u, 13, 'foobar', 'foobar')
for: sum_ranges
table 1 : explain SELECT SUM(k) FROM sbtest1 WHERE id BETWEEN 9725903 AND 9725912
	Aggregate  (cost=38.98..38.99 rows=1 width=8)
	  ->  Index Scan using sbtest1_pkey on sbtest1  (cost=0.43..38.95 rows=10 width=4)
	        Index Cond: ((id >= 9725903) AND (id <= 9725912))

table 2 : explain SELECT SUM(k) FROM sbtest2 WHERE id BETWEEN 9290535 AND 9290544
	Aggregate  (cost=39.20..39.21 rows=1 width=8)
	  ->  Index Scan using sbtest2_pkey on sbtest2  (cost=0.43..39.17 rows=10 width=4)
	        Index Cond: ((id >= 9290535) AND (id <= 9290544))

table 3 : explain SELECT SUM(k) FROM sbtest3 WHERE id BETWEEN 3737708 AND 3737717
	Aggregate  (cost=39.29..39.30 rows=1 width=8)
	  ->  Index Scan using sbtest3_pkey on sbtest3  (cost=0.43..39.26 rows=10 width=4)
	        Index Cond: ((id >= 3737708) AND (id <= 3737717))

table 4 : explain SELECT SUM(k) FROM sbtest4 WHERE id BETWEEN 7903958 AND 7903967
	Aggregate  (cost=38.70..38.71 rows=1 width=8)
	  ->  Index Scan using sbtest4_pkey on sbtest4  (cost=0.43..38.68 rows=10 width=4)
	        Index Cond: ((id >= 7903958) AND (id <= 7903967))

table 5 : explain SELECT SUM(k) FROM sbtest5 WHERE id BETWEEN 2742022 AND 2742031
	Aggregate  (cost=42.66..42.67 rows=1 width=8)
	  ->  Index Scan using sbtest5_pkey on sbtest5  (cost=0.43..42.64 rows=11 width=4)
	        Index Cond: ((id >= 2742022) AND (id <= 2742031))

table 6 : explain SELECT SUM(k) FROM sbtest6 WHERE id BETWEEN 1001805 AND 1001814
	Aggregate  (cost=39.39..39.40 rows=1 width=8)
	  ->  Index Scan using sbtest6_pkey on sbtest6  (cost=0.43..39.36 rows=10 width=4)
	        Index Cond: ((id >= 1001805) AND (id <= 1001814))

table 7 : explain SELECT SUM(k) FROM sbtest7 WHERE id BETWEEN 5967617 AND 5967626
	Aggregate  (cost=42.70..42.71 rows=1 width=8)
	  ->  Index Scan using sbtest7_pkey on sbtest7  (cost=0.43..42.68 rows=11 width=4)
	        Index Cond: ((id >= 5967617) AND (id <= 5967626))

table 8 : explain SELECT SUM(k) FROM sbtest8 WHERE id BETWEEN 2004789 AND 2004798
	Aggregate  (cost=35.25..35.26 rows=1 width=8)
	  ->  Index Scan using sbtest8_pkey on sbtest8  (cost=0.43..35.22 rows=9 width=4)
	        Index Cond: ((id >= 2004789) AND (id <= 2004798))

for: order_ranges
table 1 : explain SELECT c FROM sbtest1 WHERE id BETWEEN 8866927 AND 8866936 ORDER BY c
	Sort  (cost=35.71..35.73 rows=9 width=121)
	  Sort Key: c
	  ->  Index Scan using sbtest1_pkey on sbtest1  (cost=0.43..35.56 rows=9 width=121)
	        Index Cond: ((id >= 8866927) AND (id <= 8866936))

table 2 : explain SELECT c FROM sbtest2 WHERE id BETWEEN 2530596 AND 2530605 ORDER BY c
	Sort  (cost=35.90..35.92 rows=9 width=121)
	  Sort Key: c
	  ->  Index Scan using sbtest2_pkey on sbtest2  (cost=0.43..35.76 rows=9 width=121)
	        Index Cond: ((id >= 2530596) AND (id <= 2530605))

table 3 : explain SELECT c FROM sbtest3 WHERE id BETWEEN 3124251 AND 3124260 ORDER BY c
	Sort  (cost=39.43..39.46 rows=10 width=121)
	  Sort Key: c
	  ->  Index Scan using sbtest3_pkey on sbtest3  (cost=0.43..39.26 rows=10 width=121)
	        Index Cond: ((id >= 3124251) AND (id <= 3124260))

table 4 : explain SELECT c FROM sbtest4 WHERE id BETWEEN 4588833 AND 4588842 ORDER BY c
	Sort  (cost=42.23..42.25 rows=11 width=121)
	  Sort Key: c
	  ->  Index Scan using sbtest4_pkey on sbtest4  (cost=0.43..42.04 rows=11 width=121)
	        Index Cond: ((id >= 4588833) AND (id <= 4588842))

table 5 : explain SELECT c FROM sbtest5 WHERE id BETWEEN 7742413 AND 7742422 ORDER BY c
	Sort  (cost=42.83..42.85 rows=11 width=121)
	  Sort Key: c
	  ->  Index Scan using sbtest5_pkey on sbtest5  (cost=0.43..42.64 rows=11 width=121)
	        Index Cond: ((id >= 7742413) AND (id <= 7742422))

table 6 : explain SELECT c FROM sbtest6 WHERE id BETWEEN 1701953 AND 1701962 ORDER BY c
	Sort  (cost=39.53..39.56 rows=10 width=121)
	  Sort Key: c
	  ->  Index Scan using sbtest6_pkey on sbtest6  (cost=0.43..39.36 rows=10 width=121)
	        Index Cond: ((id >= 1701953) AND (id <= 1701962))

table 7 : explain SELECT c FROM sbtest7 WHERE id BETWEEN 4611493 AND 4611502 ORDER BY c
	Sort  (cost=39.42..39.45 rows=10 width=121)
	  Sort Key: c
	  ->  Index Scan using sbtest7_pkey on sbtest7  (cost=0.43..39.25 rows=10 width=121)
	        Index Cond: ((id >= 4611493) AND (id <= 4611502))

table 8 : explain SELECT c FROM sbtest8 WHERE id BETWEEN 7380012 AND 7380021 ORDER BY c
	Sort  (cost=38.74..38.76 rows=10 width=121)
	  Sort Key: c
	  ->  Index Scan using sbtest8_pkey on sbtest8  (cost=0.43..38.57 rows=10 width=121)
	        Index Cond: ((id >= 7380012) AND (id <= 7380021))

explain: for non_index_updates :: explain UPDATE sbtest%u SET c='foobar' WHERE id=%u
for non_index_updates
table 1 : explain UPDATE sbtest1 SET c='foobar' WHERE id=8043250
	Update on sbtest1  (cost=0.43..8.45 rows=0 width=0)
	  ->  Index Scan using sbtest1_pkey on sbtest1  (cost=0.43..8.45 rows=1 width=490)
	        Index Cond: (id = 8043250)

table 2 : explain UPDATE sbtest2 SET c='foobar' WHERE id=9041660
	Update on sbtest2  (cost=0.43..8.45 rows=0 width=0)
	  ->  Index Scan using sbtest2_pkey on sbtest2  (cost=0.43..8.45 rows=1 width=490)
	        Index Cond: (id = 9041660)

table 3 : explain UPDATE sbtest3 SET c='foobar' WHERE id=858100
	Update on sbtest3  (cost=0.43..8.45 rows=0 width=0)
	  ->  Index Scan using sbtest3_pkey on sbtest3  (cost=0.43..8.45 rows=1 width=490)
	        Index Cond: (id = 858100)

table 4 : explain UPDATE sbtest4 SET c='foobar' WHERE id=4121064
	Update on sbtest4  (cost=0.43..8.45 rows=0 width=0)
	  ->  Index Scan using sbtest4_pkey on sbtest4  (cost=0.43..8.45 rows=1 width=490)
	        Index Cond: (id = 4121064)

table 5 : explain UPDATE sbtest5 SET c='foobar' WHERE id=3317105
	Update on sbtest5  (cost=0.43..8.45 rows=0 width=0)
	  ->  Index Scan using sbtest5_pkey on sbtest5  (cost=0.43..8.45 rows=1 width=490)
	        Index Cond: (id = 3317105)

table 6 : explain UPDATE sbtest6 SET c='foobar' WHERE id=4768018
	Update on sbtest6  (cost=0.43..8.45 rows=0 width=0)
	  ->  Index Scan using sbtest6_pkey on sbtest6  (cost=0.43..8.45 rows=1 width=490)
	        Index Cond: (id = 4768018)

table 7 : explain UPDATE sbtest7 SET c='foobar' WHERE id=7365085
	Update on sbtest7  (cost=0.43..8.45 rows=0 width=0)
	  ->  Index Scan using sbtest7_pkey on sbtest7  (cost=0.43..8.45 rows=1 width=490)
	        Index Cond: (id = 7365085)

table 8 : explain UPDATE sbtest8 SET c='foobar' WHERE id=7717719
	Update on sbtest8  (cost=0.43..8.45 rows=0 width=0)
	  ->  Index Scan using sbtest8_pkey on sbtest8  (cost=0.43..8.45 rows=1 width=490)
	        Index Cond: (id = 7717719)

explain: for inserts :: explain INSERT INTO sbtest%u (id, k, c, pad) VALUES (%u, 13, 'foobar', 'foobar')
for inserts
table 1 : explain INSERT INTO sbtest1 (id, k, c, pad) VALUES (981539, 13, 'foobar', 'foobar')
	Insert on sbtest1  (cost=0.00..0.01 rows=0 width=0)
	  ->  Result  (cost=0.00..0.01 rows=1 width=736)

table 2 : explain INSERT INTO sbtest2 (id, k, c, pad) VALUES (2678733, 13, 'foobar', 'foobar')
	Insert on sbtest2  (cost=0.00..0.01 rows=0 width=0)
	  ->  Result  (cost=0.00..0.01 rows=1 width=736)

table 3 : explain INSERT INTO sbtest3 (id, k, c, pad) VALUES (8773097, 13, 'foobar', 'foobar')
	Insert on sbtest3  (cost=0.00..0.01 rows=0 width=0)
	  ->  Result  (cost=0.00..0.01 rows=1 width=736)

table 4 : explain INSERT INTO sbtest4 (id, k, c, pad) VALUES (6549318, 13, 'foobar', 'foobar')
	Insert on sbtest4  (cost=0.00..0.01 rows=0 width=0)
	  ->  Result  (cost=0.00..0.01 rows=1 width=736)

table 5 : explain INSERT INTO sbtest5 (id, k, c, pad) VALUES (1167612, 13, 'foobar', 'foobar')
	Insert on sbtest5  (cost=0.00..0.01 rows=0 width=0)
	  ->  Result  (cost=0.00..0.01 rows=1 width=736)

table 6 : explain INSERT INTO sbtest6 (id, k, c, pad) VALUES (1793447, 13, 'foobar', 'foobar')
	Insert on sbtest6  (cost=0.00..0.01 rows=0 width=0)
	  ->  Result  (cost=0.00..0.01 rows=1 width=736)

table 7 : explain INSERT INTO sbtest7 (id, k, c, pad) VALUES (3874964, 13, 'foobar', 'foobar')
	Insert on sbtest7  (cost=0.00..0.01 rows=0 width=0)
	  ->  Result  (cost=0.00..0.01 rows=1 width=736)

table 8 : explain INSERT INTO sbtest8 (id, k, c, pad) VALUES (103255, 13, 'foobar', 'foobar')
	Insert on sbtest8  (cost=0.00..0.01 rows=0 width=0)
	  ->  Result  (cost=0.00..0.01 rows=1 width=736)

explain: for deletes :: explain DELETE FROM sbtest%u WHERE id=%u
for non_index_updates
table 1 : explain UPDATE sbtest1 SET c='foobar' WHERE id=3861533
	Update on sbtest1  (cost=0.43..8.45 rows=0 width=0)
	  ->  Index Scan using sbtest1_pkey on sbtest1  (cost=0.43..8.45 rows=1 width=490)
	        Index Cond: (id = 3861533)

table 2 : explain UPDATE sbtest2 SET c='foobar' WHERE id=2335641
	Update on sbtest2  (cost=0.43..8.45 rows=0 width=0)
	  ->  Index Scan using sbtest2_pkey on sbtest2  (cost=0.43..8.45 rows=1 width=490)
	        Index Cond: (id = 2335641)

table 3 : explain UPDATE sbtest3 SET c='foobar' WHERE id=1336693
	Update on sbtest3  (cost=0.43..8.45 rows=0 width=0)
	  ->  Index Scan using sbtest3_pkey on sbtest3  (cost=0.43..8.45 rows=1 width=490)
	        Index Cond: (id = 1336693)

table 4 : explain UPDATE sbtest4 SET c='foobar' WHERE id=7719502
	Update on sbtest4  (cost=0.43..8.45 rows=0 width=0)
	  ->  Index Scan using sbtest4_pkey on sbtest4  (cost=0.43..8.45 rows=1 width=490)
	        Index Cond: (id = 7719502)

table 5 : explain UPDATE sbtest5 SET c='foobar' WHERE id=5004982
	Update on sbtest5  (cost=0.43..8.45 rows=0 width=0)
	  ->  Index Scan using sbtest5_pkey on sbtest5  (cost=0.43..8.45 rows=1 width=490)
	        Index Cond: (id = 5004982)

table 6 : explain UPDATE sbtest6 SET c='foobar' WHERE id=4186910
	Update on sbtest6  (cost=0.43..8.45 rows=0 width=0)
	  ->  Index Scan using sbtest6_pkey on sbtest6  (cost=0.43..8.45 rows=1 width=490)
	        Index Cond: (id = 4186910)

table 7 : explain UPDATE sbtest7 SET c='foobar' WHERE id=8216704
	Update on sbtest7  (cost=0.43..8.45 rows=0 width=0)
	  ->  Index Scan using sbtest7_pkey on sbtest7  (cost=0.43..8.45 rows=1 width=490)
	        Index Cond: (id = 8216704)

table 8 : explain UPDATE sbtest8 SET c='foobar' WHERE id=8549728
	Update on sbtest8  (cost=0.43..8.45 rows=0 width=0)
	  ->  Index Scan using sbtest8_pkey on sbtest8  (cost=0.43..8.45 rows=1 width=490)
	        Index Cond: (id = 8549728)

for inserts
table 1 : explain INSERT INTO sbtest1 (id, k, c, pad) VALUES (7263197, 13, 'foobar', 'foobar')
	Insert on sbtest1  (cost=0.00..0.01 rows=0 width=0)
	  ->  Result  (cost=0.00..0.01 rows=1 width=736)

table 2 : explain INSERT INTO sbtest2 (id, k, c, pad) VALUES (5244921, 13, 'foobar', 'foobar')
	Insert on sbtest2  (cost=0.00..0.01 rows=0 width=0)
	  ->  Result  (cost=0.00..0.01 rows=1 width=736)

table 3 : explain INSERT INTO sbtest3 (id, k, c, pad) VALUES (4909546, 13, 'foobar', 'foobar')
	Insert on sbtest3  (cost=0.00..0.01 rows=0 width=0)
	  ->  Result  (cost=0.00..0.01 rows=1 width=736)

table 4 : explain INSERT INTO sbtest4 (id, k, c, pad) VALUES (4153256, 13, 'foobar', 'foobar')
	Insert on sbtest4  (cost=0.00..0.01 rows=0 width=0)
	  ->  Result  (cost=0.00..0.01 rows=1 width=736)

table 5 : explain INSERT INTO sbtest5 (id, k, c, pad) VALUES (7387176, 13, 'foobar', 'foobar')
	Insert on sbtest5  (cost=0.00..0.01 rows=0 width=0)
	  ->  Result  (cost=0.00..0.01 rows=1 width=736)

table 6 : explain INSERT INTO sbtest6 (id, k, c, pad) VALUES (6395478, 13, 'foobar', 'foobar')
	Insert on sbtest6  (cost=0.00..0.01 rows=0 width=0)
	  ->  Result  (cost=0.00..0.01 rows=1 width=736)

table 7 : explain INSERT INTO sbtest7 (id, k, c, pad) VALUES (5460196, 13, 'foobar', 'foobar')
	Insert on sbtest7  (cost=0.00..0.01 rows=0 width=0)
	  ->  Result  (cost=0.00..0.01 rows=1 width=736)

table 8 : explain INSERT INTO sbtest8 (id, k, c, pad) VALUES (3870077, 13, 'foobar', 'foobar')
	Insert on sbtest8  (cost=0.00..0.01 rows=0 width=0)
	  ->  Result  (cost=0.00..0.01 rows=1 width=736)

explain: for deletes :: explain DELETE FROM sbtest%u WHERE id=%u
for non_index_updates
table 1 : explain UPDATE sbtest1 SET c='foobar' WHERE id=3190432
	Update on sbtest1  (cost=0.43..8.45 rows=0 width=0)
	  ->  Index Scan using sbtest1_pkey on sbtest1  (cost=0.43..8.45 rows=1 width=490)
	        Index Cond: (id = 3190432)

table 2 : explain UPDATE sbtest2 SET c='foobar' WHERE id=1868339
	Update on sbtest2  (cost=0.43..8.45 rows=0 width=0)
	  ->  Index Scan using sbtest2_pkey on sbtest2  (cost=0.43..8.45 rows=1 width=490)
	        Index Cond: (id = 1868339)

table 3 : explain UPDATE sbtest3 SET c='foobar' WHERE id=1493756
	Update on sbtest3  (cost=0.43..8.45 rows=0 width=0)
	  ->  Index Scan using sbtest3_pkey on sbtest3  (cost=0.43..8.45 rows=1 width=490)
	        Index Cond: (id = 1493756)

table 4 : explain UPDATE sbtest4 SET c='foobar' WHERE id=4267325
	Update on sbtest4  (cost=0.43..8.45 rows=0 width=0)
	  ->  Index Scan using sbtest4_pkey on sbtest4  (cost=0.43..8.45 rows=1 width=490)
	        Index Cond: (id = 4267325)

table 5 : explain UPDATE sbtest5 SET c='foobar' WHERE id=8638644
	Update on sbtest5  (cost=0.43..8.45 rows=0 width=0)
	  ->  Index Scan using sbtest5_pkey on sbtest5  (cost=0.43..8.45 rows=1 width=490)
	        Index Cond: (id = 8638644)

table 6 : explain UPDATE sbtest6 SET c='foobar' WHERE id=6735524
	Update on sbtest6  (cost=0.43..8.45 rows=0 width=0)
	  ->  Index Scan using sbtest6_pkey on sbtest6  (cost=0.43..8.45 rows=1 width=490)
	        Index Cond: (id = 6735524)

table 7 : explain UPDATE sbtest7 SET c='foobar' WHERE id=6464893
	Update on sbtest7  (cost=0.43..8.45 rows=0 width=0)
	  ->  Index Scan using sbtest7_pkey on sbtest7  (cost=0.43..8.45 rows=1 width=490)
	        Index Cond: (id = 6464893)

table 8 : explain UPDATE sbtest8 SET c='foobar' WHERE id=8214644
	Update on sbtest8  (cost=0.43..8.45 rows=0 width=0)
	  ->  Index Scan using sbtest8_pkey on sbtest8  (cost=0.43..8.45 rows=1 width=490)
	        Index Cond: (id = 8214644)

for deletes
table 1 : explain DELETE FROM sbtest1 WHERE id=7675104
	Delete on sbtest1  (cost=0.43..8.45 rows=0 width=0)
	  ->  Index Scan using sbtest1_pkey on sbtest1  (cost=0.43..8.45 rows=1 width=6)
	        Index Cond: (id = 7675104)

table 2 : explain DELETE FROM sbtest2 WHERE id=8105444
	Delete on sbtest2  (cost=0.43..8.45 rows=0 width=0)
	  ->  Index Scan using sbtest2_pkey on sbtest2  (cost=0.43..8.45 rows=1 width=6)
	        Index Cond: (id = 8105444)

table 3 : explain DELETE FROM sbtest3 WHERE id=5284768
	Delete on sbtest3  (cost=0.43..8.45 rows=0 width=0)
	  ->  Index Scan using sbtest3_pkey on sbtest3  (cost=0.43..8.45 rows=1 width=6)
	        Index Cond: (id = 5284768)

table 4 : explain DELETE FROM sbtest4 WHERE id=6877102
	Delete on sbtest4  (cost=0.43..8.45 rows=0 width=0)
	  ->  Index Scan using sbtest4_pkey on sbtest4  (cost=0.43..8.45 rows=1 width=6)
	        Index Cond: (id = 6877102)

table 5 : explain DELETE FROM sbtest5 WHERE id=3869383
	Delete on sbtest5  (cost=0.43..8.45 rows=0 width=0)
	  ->  Index Scan using sbtest5_pkey on sbtest5  (cost=0.43..8.45 rows=1 width=6)
	        Index Cond: (id = 3869383)

table 6 : explain DELETE FROM sbtest6 WHERE id=2394414
	Delete on sbtest6  (cost=0.43..8.45 rows=0 width=0)
	  ->  Index Scan using sbtest6_pkey on sbtest6  (cost=0.43..8.45 rows=1 width=6)
	        Index Cond: (id = 2394414)

table 7 : explain DELETE FROM sbtest7 WHERE id=4896508
	Delete on sbtest7  (cost=0.43..8.45 rows=0 width=0)
	  ->  Index Scan using sbtest7_pkey on sbtest7  (cost=0.43..8.45 rows=1 width=6)
	        Index Cond: (id = 4896508)

table 8 : explain DELETE FROM sbtest8 WHERE id=1440549
	Delete on sbtest8  (cost=0.43..8.45 rows=0 width=0)
	  ->  Index Scan using sbtest8_pkey on sbtest8  (cost=0.43..8.45 rows=1 width=6)
	        Index Cond: (id = 1440549)

for: sum_ranges
table 1 : explain SELECT SUM(k) FROM sbtest1 WHERE id BETWEEN 7317693 AND 7317702
	Aggregate  (cost=42.37..42.38 rows=1 width=8)
	  ->  Index Scan using sbtest1_pkey on sbtest1  (cost=0.43..42.34 rows=11 width=4)
	        Index Cond: ((id >= 7317693) AND (id <= 7317702))

table 2 : explain SELECT SUM(k) FROM sbtest2 WHERE id BETWEEN 3962808 AND 3962817
	Aggregate  (cost=39.20..39.21 rows=1 width=8)
	  ->  Index Scan using sbtest2_pkey on sbtest2  (cost=0.43..39.17 rows=10 width=4)
	        Index Cond: ((id >= 3962808) AND (id <= 3962817))

table 3 : explain SELECT SUM(k) FROM sbtest3 WHERE id BETWEEN 7403663 AND 7403672
	Aggregate  (cost=42.71..42.72 rows=1 width=8)
	  ->  Index Scan using sbtest3_pkey on sbtest3  (cost=0.43..42.69 rows=11 width=4)
	        Index Cond: ((id >= 7403663) AND (id <= 7403672))

table 4 : explain SELECT SUM(k) FROM sbtest4 WHERE id BETWEEN 5146214 AND 5146223
	Aggregate  (cost=42.06..42.07 rows=1 width=8)
	  ->  Index Scan using sbtest4_pkey on sbtest4  (cost=0.43..42.04 rows=11 width=4)
	        Index Cond: ((id >= 5146214) AND (id <= 5146223))

table 5 : explain SELECT SUM(k) FROM sbtest5 WHERE id BETWEEN 5244667 AND 5244676
	Aggregate  (cost=35.82..35.83 rows=1 width=8)
	  ->  Index Scan using sbtest5_pkey on sbtest5  (cost=0.43..35.80 rows=9 width=4)
	        Index Cond: ((id >= 5244667) AND (id <= 5244676))

table 6 : explain SELECT SUM(k) FROM sbtest6 WHERE id BETWEEN 8047262 AND 8047271
	Aggregate  (cost=39.39..39.40 rows=1 width=8)
	  ->  Index Scan using sbtest6_pkey on sbtest6  (cost=0.43..39.36 rows=10 width=4)
	        Index Cond: ((id >= 8047262) AND (id <= 8047271))

table 7 : explain SELECT SUM(k) FROM sbtest7 WHERE id BETWEEN 6036237 AND 6036246
	Aggregate  (cost=39.28..39.29 rows=1 width=8)
	  ->  Index Scan using sbtest7_pkey on sbtest7  (cost=0.43..39.25 rows=10 width=4)
	        Index Cond: ((id >= 6036237) AND (id <= 6036246))

table 8 : explain SELECT SUM(k) FROM sbtest8 WHERE id BETWEEN 9614961 AND 9614970
	Aggregate  (cost=38.60..38.61 rows=1 width=8)
	  ->  Index Scan using sbtest8_pkey on sbtest8  (cost=0.43..38.57 rows=10 width=4)
	        Index Cond: ((id >= 9614961) AND (id <= 9614970))

for: sum_ranges
table 1 : explain SELECT SUM(k) FROM sbtest1 WHERE id BETWEEN 3255059 AND 3255068
	Aggregate  (cost=42.37..42.38 rows=1 width=8)
	  ->  Index Scan using sbtest1_pkey on sbtest1  (cost=0.43..42.34 rows=11 width=4)
	        Index Cond: ((id >= 3255059) AND (id <= 3255068))

table 2 : explain SELECT SUM(k) FROM sbtest2 WHERE id BETWEEN 9162620 AND 9162629
	Aggregate  (cost=35.78..35.79 rows=1 width=8)
	  ->  Index Scan using sbtest2_pkey on sbtest2  (cost=0.43..35.76 rows=9 width=4)
	        Index Cond: ((id >= 9162620) AND (id <= 9162629))

table 3 : explain SELECT SUM(k) FROM sbtest3 WHERE id BETWEEN 2356574 AND 2356583
	Aggregate  (cost=42.71..42.72 rows=1 width=8)
	  ->  Index Scan using sbtest3_pkey on sbtest3  (cost=0.43..42.69 rows=11 width=4)
	        Index Cond: ((id >= 2356574) AND (id <= 2356583))

table 4 : explain SELECT SUM(k) FROM sbtest4 WHERE id BETWEEN 7443414 AND 7443423
	Aggregate  (cost=38.70..38.71 rows=1 width=8)
	  ->  Index Scan using sbtest4_pkey on sbtest4  (cost=0.43..38.68 rows=10 width=4)
	        Index Cond: ((id >= 7443414) AND (id <= 7443423))

table 5 : explain SELECT SUM(k) FROM sbtest5 WHERE id BETWEEN 2031010 AND 2031019
	Aggregate  (cost=39.24..39.25 rows=1 width=8)
	  ->  Index Scan using sbtest5_pkey on sbtest5  (cost=0.43..39.22 rows=10 width=4)
	        Index Cond: ((id >= 2031010) AND (id <= 2031019))

table 6 : explain SELECT SUM(k) FROM sbtest6 WHERE id BETWEEN 162054 AND 162063
	Aggregate  (cost=35.95..35.96 rows=1 width=8)
	  ->  Index Scan using sbtest6_pkey on sbtest6  (cost=0.43..35.93 rows=9 width=4)
	        Index Cond: ((id >= 162054) AND (id <= 162063))

table 7 : explain SELECT SUM(k) FROM sbtest7 WHERE id BETWEEN 6609481 AND 6609490
	Aggregate  (cost=39.28..39.29 rows=1 width=8)
	  ->  Index Scan using sbtest7_pkey on sbtest7  (cost=0.43..39.25 rows=10 width=4)
	        Index Cond: ((id >= 6609481) AND (id <= 6609490))

table 8 : explain SELECT SUM(k) FROM sbtest8 WHERE id BETWEEN 7509313 AND 7509322
	Aggregate  (cost=35.25..35.26 rows=1 width=8)
	  ->  Index Scan using sbtest8_pkey on sbtest8  (cost=0.43..35.22 rows=9 width=4)
	        Index Cond: ((id >= 7509313) AND (id <= 7509322))

explain: for non_index_updates :: explain UPDATE sbtest%u SET c='foobar' WHERE id=%u
explain: for deletes :: explain DELETE FROM sbtest%u WHERE id=%u
for: distinct_ranges
table 1 : explain SELECT DISTINCT c FROM sbtest1 WHERE id BETWEEN 6483446 AND 6483455 ORDER BY c
	Unique  (cost=32.30..32.34 rows=8 width=121)
	  ->  Sort  (cost=32.30..32.32 rows=8 width=121)
	        Sort Key: c
	        ->  Index Scan using sbtest1_pkey on sbtest1  (cost=0.43..32.18 rows=8 width=121)
	              Index Cond: ((id >= 6483446) AND (id <= 6483455))

table 2 : explain SELECT DISTINCT c FROM sbtest2 WHERE id BETWEEN 9462035 AND 9462044 ORDER BY c
	Unique  (cost=42.77..42.83 rows=11 width=121)
	  ->  Sort  (cost=42.77..42.80 rows=11 width=121)
	        Sort Key: c
	        ->  Index Scan using sbtest2_pkey on sbtest2  (cost=0.43..42.58 rows=11 width=121)
	              Index Cond: ((id >= 9462035) AND (id <= 9462044))

table 3 : explain SELECT DISTINCT c FROM sbtest3 WHERE id BETWEEN 9001106 AND 9001115 ORDER BY c
	Unique  (cost=42.88..42.93 rows=11 width=121)
	  ->  Sort  (cost=42.88..42.91 rows=11 width=121)
	        Sort Key: c
	        ->  Index Scan using sbtest3_pkey on sbtest3  (cost=0.43..42.69 rows=11 width=121)
	              Index Cond: ((id >= 9001106) AND (id <= 9001115))

table 4 : explain SELECT DISTINCT c FROM sbtest4 WHERE id BETWEEN 1128824 AND 1128833 ORDER BY c
	Unique  (cost=38.85..38.90 rows=10 width=121)
	  ->  Sort  (cost=38.85..38.87 rows=10 width=121)
	        Sort Key: c
	        ->  Index Scan using sbtest4_pkey on sbtest4  (cost=0.43..38.68 rows=10 width=121)
	              Index Cond: ((id >= 1128824) AND (id <= 1128833))

table 5 : explain SELECT DISTINCT c FROM sbtest5 WHERE id BETWEEN 7628767 AND 7628776 ORDER BY c
	Unique  (cost=39.38..39.43 rows=10 width=121)
	  ->  Sort  (cost=39.38..39.41 rows=10 width=121)
	        Sort Key: c
	        ->  Index Scan using sbtest5_pkey on sbtest5  (cost=0.43..39.22 rows=10 width=121)
	              Index Cond: ((id >= 7628767) AND (id <= 7628776))

table 6 : explain SELECT DISTINCT c FROM sbtest6 WHERE id BETWEEN 1775187 AND 1775196 ORDER BY c
	Unique  (cost=39.53..39.58 rows=10 width=121)
	  ->  Sort  (cost=39.53..39.56 rows=10 width=121)
	        Sort Key: c
	        ->  Index Scan using sbtest6_pkey on sbtest6  (cost=0.43..39.36 rows=10 width=121)
	              Index Cond: ((id >= 1775187) AND (id <= 1775196))

table 7 : explain SELECT DISTINCT c FROM sbtest7 WHERE id BETWEEN 2761211 AND 2761220 ORDER BY c
	Unique  (cost=39.42..39.47 rows=10 width=121)
	  ->  Sort  (cost=39.42..39.45 rows=10 width=121)
	        Sort Key: c
	        ->  Index Scan using sbtest7_pkey on sbtest7  (cost=0.43..39.25 rows=10 width=121)
	              Index Cond: ((id >= 2761211) AND (id <= 2761220))

table 8 : explain SELECT DISTINCT c FROM sbtest8 WHERE id BETWEEN 4860359 AND 4860368 ORDER BY c
	Unique  (cost=42.11..42.16 rows=11 width=121)
	  ->  Sort  (cost=42.11..42.13 rows=11 width=121)
	        Sort Key: c
	        ->  Index Scan using sbtest8_pkey on sbtest8  (cost=0.43..41.92 rows=11 width=121)
	              Index Cond: ((id >= 4860359) AND (id <= 4860368))

for: distinct_ranges
table 1 : explain SELECT DISTINCT c FROM sbtest1 WHERE id BETWEEN 9885661 AND 9885670 ORDER BY c
	Unique  (cost=39.12..39.17 rows=10 width=121)
	  ->  Sort  (cost=39.12..39.14 rows=10 width=121)
	        Sort Key: c
	        ->  Index Scan using sbtest1_pkey on sbtest1  (cost=0.43..38.95 rows=10 width=121)
	              Index Cond: ((id >= 9885661) AND (id <= 9885670))

table 2 : explain SELECT DISTINCT c FROM sbtest2 WHERE id BETWEEN 18539 AND 18548 ORDER BY c
	Unique  (cost=39.34..39.39 rows=10 width=121)
	  ->  Sort  (cost=39.34..39.36 rows=10 width=121)
	        Sort Key: c
	        ->  Index Scan using sbtest2_pkey on sbtest2  (cost=0.43..39.17 rows=10 width=121)
	              Index Cond: ((id >= 18539) AND (id <= 18548))

table 3 : explain SELECT DISTINCT c FROM sbtest3 WHERE id BETWEEN 2799906 AND 2799915 ORDER BY c
	Unique  (cost=39.43..39.48 rows=10 width=121)
	  ->  Sort  (cost=39.43..39.46 rows=10 width=121)
	        Sort Key: c
	        ->  Index Scan using sbtest3_pkey on sbtest3  (cost=0.43..39.26 rows=10 width=121)
	              Index Cond: ((id >= 2799906) AND (id <= 2799915))

table 4 : explain SELECT DISTINCT c FROM sbtest4 WHERE id BETWEEN 8641917 AND 8641926 ORDER BY c
	Unique  (cost=38.85..38.90 rows=10 width=121)
	  ->  Sort  (cost=38.85..38.87 rows=10 width=121)
	        Sort Key: c
	        ->  Index Scan using sbtest4_pkey on sbtest4  (cost=0.43..38.68 rows=10 width=121)
	              Index Cond: ((id >= 8641917) AND (id <= 8641926))

table 5 : explain SELECT DISTINCT c FROM sbtest5 WHERE id BETWEEN 9162356 AND 9162365 ORDER BY c
	Unique  (cost=39.38..39.43 rows=10 width=121)
	  ->  Sort  (cost=39.38..39.41 rows=10 width=121)
	        Sort Key: c
	        ->  Index Scan using sbtest5_pkey on sbtest5  (cost=0.43..39.22 rows=10 width=121)
	              Index Cond: ((id >= 9162356) AND (id <= 9162365))

table 6 : explain SELECT DISTINCT c FROM sbtest6 WHERE id BETWEEN 5229553 AND 5229562 ORDER BY c
	Unique  (cost=39.53..39.58 rows=10 width=121)
	  ->  Sort  (cost=39.53..39.56 rows=10 width=121)
	        Sort Key: c
	        ->  Index Scan using sbtest6_pkey on sbtest6  (cost=0.43..39.36 rows=10 width=121)
	              Index Cond: ((id >= 5229553) AND (id <= 5229562))

table 7 : explain SELECT DISTINCT c FROM sbtest7 WHERE id BETWEEN 2943254 AND 2943263 ORDER BY c
	Unique  (cost=39.42..39.47 rows=10 width=121)
	  ->  Sort  (cost=39.42..39.45 rows=10 width=121)
	        Sort Key: c
	        ->  Index Scan using sbtest7_pkey on sbtest7  (cost=0.43..39.25 rows=10 width=121)
	              Index Cond: ((id >= 2943254) AND (id <= 2943263))

table 8 : explain SELECT DISTINCT c FROM sbtest8 WHERE id BETWEEN 694505 AND 694514 ORDER BY c
	Unique  (cost=38.74..38.79 rows=10 width=121)
	  ->  Sort  (cost=38.74..38.76 rows=10 width=121)
	        Sort Key: c
	        ->  Index Scan using sbtest8_pkey on sbtest8  (cost=0.43..38.57 rows=10 width=121)
	              Index Cond: ((id >= 694505) AND (id <= 694514))

for inserts
table 1 : explain INSERT INTO sbtest1 (id, k, c, pad) VALUES (6085424, 13, 'foobar', 'foobar')
	Insert on sbtest1  (cost=0.00..0.01 rows=0 width=0)
	  ->  Result  (cost=0.00..0.01 rows=1 width=736)

table 2 : explain INSERT INTO sbtest2 (id, k, c, pad) VALUES (139315, 13, 'foobar', 'foobar')
	Insert on sbtest2  (cost=0.00..0.01 rows=0 width=0)
	  ->  Result  (cost=0.00..0.01 rows=1 width=736)

table 3 : explain INSERT INTO sbtest3 (id, k, c, pad) VALUES (2811657, 13, 'foobar', 'foobar')
	Insert on sbtest3  (cost=0.00..0.01 rows=0 width=0)
	  ->  Result  (cost=0.00..0.01 rows=1 width=736)

table 4 : explain INSERT INTO sbtest4 (id, k, c, pad) VALUES (2689630, 13, 'foobar', 'foobar')
	Insert on sbtest4  (cost=0.00..0.01 rows=0 width=0)
	  ->  Result  (cost=0.00..0.01 rows=1 width=736)

table 5 : explain INSERT INTO sbtest5 (id, k, c, pad) VALUES (4295401, 13, 'foobar', 'foobar')
	Insert on sbtest5  (cost=0.00..0.01 rows=0 width=0)
	  ->  Result  (cost=0.00..0.01 rows=1 width=736)

table 6 : explain INSERT INTO sbtest6 (id, k, c, pad) VALUES (3344873, 13, 'foobar', 'foobar')
	Insert on sbtest6  (cost=0.00..0.01 rows=0 width=0)
	  ->  Result  (cost=0.00..0.01 rows=1 width=736)

table 7 : explain INSERT INTO sbtest7 (id, k, c, pad) VALUES (5967151, 13, 'foobar', 'foobar')
	Insert on sbtest7  (cost=0.00..0.01 rows=0 width=0)
	  ->  Result  (cost=0.00..0.01 rows=1 width=736)

table 8 : explain INSERT INTO sbtest8 (id, k, c, pad) VALUES (744356, 13, 'foobar', 'foobar')
	Insert on sbtest8  (cost=0.00..0.01 rows=0 width=0)
	  ->  Result  (cost=0.00..0.01 rows=1 width=736)

for: sum_ranges
table 1 : explain SELECT SUM(k) FROM sbtest1 WHERE id BETWEEN 573746 AND 573755
	Aggregate  (cost=38.98..38.99 rows=1 width=8)
	  ->  Index Scan using sbtest1_pkey on sbtest1  (cost=0.43..38.95 rows=10 width=4)
	        Index Cond: ((id >= 573746) AND (id <= 573755))

table 2 : explain SELECT SUM(k) FROM sbtest2 WHERE id BETWEEN 1898088 AND 1898097
	Aggregate  (cost=39.20..39.21 rows=1 width=8)
	  ->  Index Scan using sbtest2_pkey on sbtest2  (cost=0.43..39.17 rows=10 width=4)
	        Index Cond: ((id >= 1898088) AND (id <= 1898097))

table 3 : explain SELECT SUM(k) FROM sbtest3 WHERE id BETWEEN 4232149 AND 4232158
	Aggregate  (cost=42.71..42.72 rows=1 width=8)
	  ->  Index Scan using sbtest3_pkey on sbtest3  (cost=0.43..42.69 rows=11 width=4)
	        Index Cond: ((id >= 4232149) AND (id <= 4232158))

table 4 : explain SELECT SUM(k) FROM sbtest4 WHERE id BETWEEN 3262742 AND 3262751
	Aggregate  (cost=38.70..38.71 rows=1 width=8)
	  ->  Index Scan using sbtest4_pkey on sbtest4  (cost=0.43..38.68 rows=10 width=4)
	        Index Cond: ((id >= 3262742) AND (id <= 3262751))

table 5 : explain SELECT SUM(k) FROM sbtest5 WHERE id BETWEEN 9365900 AND 9365909
	Aggregate  (cost=39.24..39.25 rows=1 width=8)
	  ->  Index Scan using sbtest5_pkey on sbtest5  (cost=0.43..39.22 rows=10 width=4)
	        Index Cond: ((id >= 9365900) AND (id <= 9365909))

table 6 : explain SELECT SUM(k) FROM sbtest6 WHERE id BETWEEN 5878456 AND 5878465
	Aggregate  (cost=39.39..39.40 rows=1 width=8)
	  ->  Index Scan using sbtest6_pkey on sbtest6  (cost=0.43..39.36 rows=10 width=4)
	        Index Cond: ((id >= 5878456) AND (id <= 5878465))

table 7 : explain SELECT SUM(k) FROM sbtest7 WHERE id BETWEEN 5116276 AND 5116285
	Aggregate  (cost=39.28..39.29 rows=1 width=8)
	  ->  Index Scan using sbtest7_pkey on sbtest7  (cost=0.43..39.25 rows=10 width=4)
	        Index Cond: ((id >= 5116276) AND (id <= 5116285))

table 8 : explain SELECT SUM(k) FROM sbtest8 WHERE id BETWEEN 1098579 AND 1098588
	Aggregate  (cost=35.25..35.26 rows=1 width=8)
	  ->  Index Scan using sbtest8_pkey on sbtest8  (cost=0.43..35.22 rows=9 width=4)
	        Index Cond: ((id >= 1098579) AND (id <= 1098588))

for non_index_updates
table 1 : explain UPDATE sbtest1 SET c='foobar' WHERE id=3958250
	Update on sbtest1  (cost=0.43..8.45 rows=0 width=0)
	  ->  Index Scan using sbtest1_pkey on sbtest1  (cost=0.43..8.45 rows=1 width=490)
	        Index Cond: (id = 3958250)

table 2 : explain UPDATE sbtest2 SET c='foobar' WHERE id=6970043
	Update on sbtest2  (cost=0.43..8.45 rows=0 width=0)
	  ->  Index Scan using sbtest2_pkey on sbtest2  (cost=0.43..8.45 rows=1 width=490)
	        Index Cond: (id = 6970043)

table 3 : explain UPDATE sbtest3 SET c='foobar' WHERE id=2574682
	Update on sbtest3  (cost=0.43..8.45 rows=0 width=0)
	  ->  Index Scan using sbtest3_pkey on sbtest3  (cost=0.43..8.45 rows=1 width=490)
	        Index Cond: (id = 2574682)

table 4 : explain UPDATE sbtest4 SET c='foobar' WHERE id=2457533
	Update on sbtest4  (cost=0.43..8.45 rows=0 width=0)
	  ->  Index Scan using sbtest4_pkey on sbtest4  (cost=0.43..8.45 rows=1 width=490)
	        Index Cond: (id = 2457533)

table 5 : explain UPDATE sbtest5 SET c='foobar' WHERE id=7418276
	Update on sbtest5  (cost=0.43..8.45 rows=0 width=0)
	  ->  Index Scan using sbtest5_pkey on sbtest5  (cost=0.43..8.45 rows=1 width=490)
	        Index Cond: (id = 7418276)

table 6 : explain UPDATE sbtest6 SET c='foobar' WHERE id=5419423
	Update on sbtest6  (cost=0.43..8.45 rows=0 width=0)
	  ->  Index Scan using sbtest6_pkey on sbtest6  (cost=0.43..8.45 rows=1 width=490)
	        Index Cond: (id = 5419423)

table 7 : explain UPDATE sbtest7 SET c='foobar' WHERE id=1813497
	Update on sbtest7  (cost=0.43..8.45 rows=0 width=0)
	  ->  Index Scan using sbtest7_pkey on sbtest7  (cost=0.43..8.45 rows=1 width=490)
	        Index Cond: (id = 1813497)

table 8 : explain UPDATE sbtest8 SET c='foobar' WHERE id=226772
	Update on sbtest8  (cost=0.43..8.45 rows=0 width=0)
	  ->  Index Scan using sbtest8_pkey on sbtest8  (cost=0.43..8.45 rows=1 width=490)
	        Index Cond: (id = 226772)

for: distinct_ranges
table 1 : explain SELECT DISTINCT c FROM sbtest1 WHERE id BETWEEN 2323634 AND 2323643 ORDER BY c
	Unique  (cost=39.12..39.17 rows=10 width=121)
	  ->  Sort  (cost=39.12..39.14 rows=10 width=121)
	        Sort Key: c
	        ->  Index Scan using sbtest1_pkey on sbtest1  (cost=0.43..38.95 rows=10 width=121)
	              Index Cond: ((id >= 2323634) AND (id <= 2323643))

table 2 : explain SELECT DISTINCT c FROM sbtest2 WHERE id BETWEEN 7741439 AND 7741448 ORDER BY c
	Unique  (cost=39.34..39.39 rows=10 width=121)
	  ->  Sort  (cost=39.34..39.36 rows=10 width=121)
	        Sort Key: c
	        ->  Index Scan using sbtest2_pkey on sbtest2  (cost=0.43..39.17 rows=10 width=121)
	              Index Cond: ((id >= 7741439) AND (id <= 7741448))

table 3 : explain SELECT DISTINCT c FROM sbtest3 WHERE id BETWEEN 765036 AND 765045 ORDER BY c
	Unique  (cost=39.43..39.48 rows=10 width=121)
	  ->  Sort  (cost=39.43..39.46 rows=10 width=121)
	        Sort Key: c
	        ->  Index Scan using sbtest3_pkey on sbtest3  (cost=0.43..39.26 rows=10 width=121)
	              Index Cond: ((id >= 765036) AND (id <= 765045))

table 4 : explain SELECT DISTINCT c FROM sbtest4 WHERE id BETWEEN 9610114 AND 9610123 ORDER BY c
	Unique  (cost=38.85..38.90 rows=10 width=121)
	  ->  Sort  (cost=38.85..38.87 rows=10 width=121)
	        Sort Key: c
	        ->  Index Scan using sbtest4_pkey on sbtest4  (cost=0.43..38.68 rows=10 width=121)
	              Index Cond: ((id >= 9610114) AND (id <= 9610123))

table 5 : explain SELECT DISTINCT c FROM sbtest5 WHERE id BETWEEN 8261762 AND 8261771 ORDER BY c
	Unique  (cost=35.94..35.99 rows=9 width=121)
	  ->  Sort  (cost=35.94..35.96 rows=9 width=121)
	        Sort Key: c
	        ->  Index Scan using sbtest5_pkey on sbtest5  (cost=0.43..35.80 rows=9 width=121)
	              Index Cond: ((id >= 8261762) AND (id <= 8261771))

table 6 : explain SELECT DISTINCT c FROM sbtest6 WHERE id BETWEEN 9850554 AND 9850563 ORDER BY c
	Unique  (cost=39.53..39.58 rows=10 width=121)
	  ->  Sort  (cost=39.53..39.56 rows=10 width=121)
	        Sort Key: c
	        ->  Index Scan using sbtest6_pkey on sbtest6  (cost=0.43..39.36 rows=10 width=121)
	              Index Cond: ((id >= 9850554) AND (id <= 9850563))

table 7 : explain SELECT DISTINCT c FROM sbtest7 WHERE id BETWEEN 8593946 AND 8593955 ORDER BY c
	Unique  (cost=35.97..36.02 rows=9 width=121)
	  ->  Sort  (cost=35.97..36.00 rows=9 width=121)
	        Sort Key: c
	        ->  Index Scan using sbtest7_pkey on sbtest7  (cost=0.43..35.83 rows=9 width=121)
	              Index Cond: ((id >= 8593946) AND (id <= 8593955))

table 8 : explain SELECT DISTINCT c FROM sbtest8 WHERE id BETWEEN 7936252 AND 7936261 ORDER BY c
	Unique  (cost=35.37..35.41 rows=9 width=121)
	  ->  Sort  (cost=35.37..35.39 rows=9 width=121)
	        Sort Key: c
	        ->  Index Scan using sbtest8_pkey on sbtest8  (cost=0.43..35.22 rows=9 width=121)
	              Index Cond: ((id >= 7936252) AND (id <= 7936261))

for deletes
table 1 : explain DELETE FROM sbtest1 WHERE id=1260592
	Delete on sbtest1  (cost=0.43..8.45 rows=0 width=0)
	  ->  Index Scan using sbtest1_pkey on sbtest1  (cost=0.43..8.45 rows=1 width=6)
	        Index Cond: (id = 1260592)

table 2 : explain DELETE FROM sbtest2 WHERE id=2814424
	Delete on sbtest2  (cost=0.43..8.45 rows=0 width=0)
	  ->  Index Scan using sbtest2_pkey on sbtest2  (cost=0.43..8.45 rows=1 width=6)
	        Index Cond: (id = 2814424)

table 3 : explain DELETE FROM sbtest3 WHERE id=9942983
	Delete on sbtest3  (cost=0.43..8.45 rows=0 width=0)
	  ->  Index Scan using sbtest3_pkey on sbtest3  (cost=0.43..8.45 rows=1 width=6)
	        Index Cond: (id = 9942983)

table 4 : explain DELETE FROM sbtest4 WHERE id=7201724
	Delete on sbtest4  (cost=0.43..8.45 rows=0 width=0)
	  ->  Index Scan using sbtest4_pkey on sbtest4  (cost=0.43..8.45 rows=1 width=6)
	        Index Cond: (id = 7201724)

table 5 : explain DELETE FROM sbtest5 WHERE id=6335511
	Delete on sbtest5  (cost=0.43..8.45 rows=0 width=0)
	  ->  Index Scan using sbtest5_pkey on sbtest5  (cost=0.43..8.45 rows=1 width=6)
	        Index Cond: (id = 6335511)

table 6 : explain DELETE FROM sbtest6 WHERE id=4287175
	Delete on sbtest6  (cost=0.43..8.45 rows=0 width=0)
	  ->  Index Scan using sbtest6_pkey on sbtest6  (cost=0.43..8.45 rows=1 width=6)
	        Index Cond: (id = 4287175)

table 7 : explain DELETE FROM sbtest7 WHERE id=9648972
	Delete on sbtest7  (cost=0.43..8.45 rows=0 width=0)
	  ->  Index Scan using sbtest7_pkey on sbtest7  (cost=0.43..8.45 rows=1 width=6)
	        Index Cond: (id = 9648972)

table 8 : explain DELETE FROM sbtest8 WHERE id=1536442
	Delete on sbtest8  (cost=0.43..8.45 rows=0 width=0)
	  ->  Index Scan using sbtest8_pkey on sbtest8  (cost=0.43..8.45 rows=1 width=6)
	        Index Cond: (id = 1536442)

explain: for index_updates :: explain UPDATE sbtest%u SET k=k+1 WHERE id=%u
explain: for index_updates :: explain UPDATE sbtest%u SET k=k+1 WHERE id=%u
explain: for inserts :: explain INSERT INTO sbtest%u (id, k, c, pad) VALUES (%u, 13, 'foobar', 'foobar')
for deletes
table 1 : explain DELETE FROM sbtest1 WHERE id=9711503
	Delete on sbtest1  (cost=0.43..8.45 rows=0 width=0)
	  ->  Index Scan using sbtest1_pkey on sbtest1  (cost=0.43..8.45 rows=1 width=6)
	        Index Cond: (id = 9711503)

table 2 : explain DELETE FROM sbtest2 WHERE id=858004
	Delete on sbtest2  (cost=0.43..8.45 rows=0 width=0)
	  ->  Index Scan using sbtest2_pkey on sbtest2  (cost=0.43..8.45 rows=1 width=6)
	        Index Cond: (id = 858004)

table 3 : explain DELETE FROM sbtest3 WHERE id=1027770
	Delete on sbtest3  (cost=0.43..8.45 rows=0 width=0)
	  ->  Index Scan using sbtest3_pkey on sbtest3  (cost=0.43..8.45 rows=1 width=6)
	        Index Cond: (id = 1027770)

table 4 : explain DELETE FROM sbtest4 WHERE id=851786
	Delete on sbtest4  (cost=0.43..8.45 rows=0 width=0)
	  ->  Index Scan using sbtest4_pkey on sbtest4  (cost=0.43..8.45 rows=1 width=6)
	        Index Cond: (id = 851786)

table 5 : explain DELETE FROM sbtest5 WHERE id=8911942
	Delete on sbtest5  (cost=0.43..8.45 rows=0 width=0)
	  ->  Index Scan using sbtest5_pkey on sbtest5  (cost=0.43..8.45 rows=1 width=6)
	        Index Cond: (id = 8911942)

table 6 : explain DELETE FROM sbtest6 WHERE id=7354779
	Delete on sbtest6  (cost=0.43..8.45 rows=0 width=0)
	  ->  Index Scan using sbtest6_pkey on sbtest6  (cost=0.43..8.45 rows=1 width=6)
	        Index Cond: (id = 7354779)

table 7 : explain DELETE FROM sbtest7 WHERE id=9157311
	Delete on sbtest7  (cost=0.43..8.45 rows=0 width=0)
	  ->  Index Scan using sbtest7_pkey on sbtest7  (cost=0.43..8.45 rows=1 width=6)
	        Index Cond: (id = 9157311)

table 8 : explain DELETE FROM sbtest8 WHERE id=8375637
	Delete on sbtest8  (cost=0.43..8.45 rows=0 width=0)
	  ->  Index Scan using sbtest8_pkey on sbtest8  (cost=0.43..8.45 rows=1 width=6)
	        Index Cond: (id = 8375637)

explain: for index_updates :: explain UPDATE sbtest%u SET k=k+1 WHERE id=%u
explain: for deletes :: explain DELETE FROM sbtest%u WHERE id=%u
explain: for inserts :: explain INSERT INTO sbtest%u (id, k, c, pad) VALUES (%u, 13, 'foobar', 'foobar')
for inserts
table 1 : explain INSERT INTO sbtest1 (id, k, c, pad) VALUES (5396776, 13, 'foobar', 'foobar')
	Insert on sbtest1  (cost=0.00..0.01 rows=0 width=0)
	  ->  Result  (cost=0.00..0.01 rows=1 width=736)

table 2 : explain INSERT INTO sbtest2 (id, k, c, pad) VALUES (4244610, 13, 'foobar', 'foobar')
	Insert on sbtest2  (cost=0.00..0.01 rows=0 width=0)
	  ->  Result  (cost=0.00..0.01 rows=1 width=736)

table 3 : explain INSERT INTO sbtest3 (id, k, c, pad) VALUES (1673045, 13, 'foobar', 'foobar')
	Insert on sbtest3  (cost=0.00..0.01 rows=0 width=0)
	  ->  Result  (cost=0.00..0.01 rows=1 width=736)

table 4 : explain INSERT INTO sbtest4 (id, k, c, pad) VALUES (6580215, 13, 'foobar', 'foobar')
	Insert on sbtest4  (cost=0.00..0.01 rows=0 width=0)
	  ->  Result  (cost=0.00..0.01 rows=1 width=736)

table 5 : explain INSERT INTO sbtest5 (id, k, c, pad) VALUES (6449340, 13, 'foobar', 'foobar')
	Insert on sbtest5  (cost=0.00..0.01 rows=0 width=0)
	  ->  Result  (cost=0.00..0.01 rows=1 width=736)

table 6 : explain INSERT INTO sbtest6 (id, k, c, pad) VALUES (8984542, 13, 'foobar', 'foobar')
	Insert on sbtest6  (cost=0.00..0.01 rows=0 width=0)
	  ->  Result  (cost=0.00..0.01 rows=1 width=736)

table 7 : explain INSERT INTO sbtest7 (id, k, c, pad) VALUES (8384173, 13, 'foobar', 'foobar')
	Insert on sbtest7  (cost=0.00..0.01 rows=0 width=0)
	  ->  Result  (cost=0.00..0.01 rows=1 width=736)

table 8 : explain INSERT INTO sbtest8 (id, k, c, pad) VALUES (2361143, 13, 'foobar', 'foobar')
	Insert on sbtest8  (cost=0.00..0.01 rows=0 width=0)
	  ->  Result  (cost=0.00..0.01 rows=1 width=736)

explain: for inserts :: explain INSERT INTO sbtest%u (id, k, c, pad) VALUES (%u, 13, 'foobar', 'foobar')
for index_updates
table 1 : explain UPDATE sbtest1 SET k=k+1 WHERE id=5033751
	Update on sbtest1  (cost=0.43..8.46 rows=0 width=0)
	  ->  Index Scan using sbtest1_pkey on sbtest1  (cost=0.43..8.46 rows=1 width=10)
	        Index Cond: (id = 5033751)

table 2 : explain UPDATE sbtest2 SET k=k+1 WHERE id=6700838
	Update on sbtest2  (cost=0.43..8.46 rows=0 width=0)
	  ->  Index Scan using sbtest2_pkey on sbtest2  (cost=0.43..8.46 rows=1 width=10)
	        Index Cond: (id = 6700838)

table 3 : explain UPDATE sbtest3 SET k=k+1 WHERE id=8649345
	Update on sbtest3  (cost=0.43..8.46 rows=0 width=0)
	  ->  Index Scan using sbtest3_pkey on sbtest3  (cost=0.43..8.46 rows=1 width=10)
	        Index Cond: (id = 8649345)

table 4 : explain UPDATE sbtest4 SET k=k+1 WHERE id=9665159
	Update on sbtest4  (cost=0.43..8.46 rows=0 width=0)
	  ->  Index Scan using sbtest4_pkey on sbtest4  (cost=0.43..8.46 rows=1 width=10)
	        Index Cond: (id = 9665159)

table 5 : explain UPDATE sbtest5 SET k=k+1 WHERE id=5452230
	Update on sbtest5  (cost=0.43..8.46 rows=0 width=0)
	  ->  Index Scan using sbtest5_pkey on sbtest5  (cost=0.43..8.46 rows=1 width=10)
	        Index Cond: (id = 5452230)

table 6 : explain UPDATE sbtest6 SET k=k+1 WHERE id=6967450
	Update on sbtest6  (cost=0.43..8.46 rows=0 width=0)
	  ->  Index Scan using sbtest6_pkey on sbtest6  (cost=0.43..8.46 rows=1 width=10)
	        Index Cond: (id = 6967450)

table 7 : explain UPDATE sbtest7 SET k=k+1 WHERE id=8660874
	Update on sbtest7  (cost=0.43..8.46 rows=0 width=0)
	  ->  Index Scan using sbtest7_pkey on sbtest7  (cost=0.43..8.46 rows=1 width=10)
	        Index Cond: (id = 8660874)

table 8 : explain UPDATE sbtest8 SET k=k+1 WHERE id=4522191
	Update on sbtest8  (cost=0.43..8.46 rows=0 width=0)
	  ->  Index Scan using sbtest8_pkey on sbtest8  (cost=0.43..8.46 rows=1 width=10)
	        Index Cond: (id = 4522191)

for index_updates
table 1 : explain UPDATE sbtest1 SET k=k+1 WHERE id=7495776
	Update on sbtest1  (cost=0.43..8.46 rows=0 width=0)
	  ->  Index Scan using sbtest1_pkey on sbtest1  (cost=0.43..8.46 rows=1 width=10)
	        Index Cond: (id = 7495776)

table 2 : explain UPDATE sbtest2 SET k=k+1 WHERE id=9501285
	Update on sbtest2  (cost=0.43..8.46 rows=0 width=0)
	  ->  Index Scan using sbtest2_pkey on sbtest2  (cost=0.43..8.46 rows=1 width=10)
	        Index Cond: (id = 9501285)

table 3 : explain UPDATE sbtest3 SET k=k+1 WHERE id=782314
	Update on sbtest3  (cost=0.43..8.46 rows=0 width=0)
	  ->  Index Scan using sbtest3_pkey on sbtest3  (cost=0.43..8.46 rows=1 width=10)
	        Index Cond: (id = 782314)

table 4 : explain UPDATE sbtest4 SET k=k+1 WHERE id=6241159
	Update on sbtest4  (cost=0.43..8.46 rows=0 width=0)
	  ->  Index Scan using sbtest4_pkey on sbtest4  (cost=0.43..8.46 rows=1 width=10)
	        Index Cond: (id = 6241159)

table 5 : explain UPDATE sbtest5 SET k=k+1 WHERE id=3121478
	Update on sbtest5  (cost=0.43..8.46 rows=0 width=0)
	  ->  Index Scan using sbtest5_pkey on sbtest5  (cost=0.43..8.46 rows=1 width=10)
	        Index Cond: (id = 3121478)

table 6 : explain UPDATE sbtest6 SET k=k+1 WHERE id=9285918
	Update on sbtest6  (cost=0.43..8.46 rows=0 width=0)
	  ->  Index Scan using sbtest6_pkey on sbtest6  (cost=0.43..8.46 rows=1 width=10)
	        Index Cond: (id = 9285918)

table 7 : explain UPDATE sbtest7 SET k=k+1 WHERE id=3112015
	Update on sbtest7  (cost=0.43..8.46 rows=0 width=0)
	  ->  Index Scan using sbtest7_pkey on sbtest7  (cost=0.43..8.46 rows=1 width=10)
	        Index Cond: (id = 3112015)

table 8 : explain UPDATE sbtest8 SET k=k+1 WHERE id=9708578
	Update on sbtest8  (cost=0.43..8.46 rows=0 width=0)
	  ->  Index Scan using sbtest8_pkey on sbtest8  (cost=0.43..8.46 rows=1 width=10)
	        Index Cond: (id = 9708578)

for: order_ranges
table 1 : explain SELECT c FROM sbtest1 WHERE id BETWEEN 1047432 AND 1047441 ORDER BY c
	Sort  (cost=39.12..39.14 rows=10 width=121)
	  Sort Key: c
	  ->  Index Scan using sbtest1_pkey on sbtest1  (cost=0.43..38.95 rows=10 width=121)
	        Index Cond: ((id >= 1047432) AND (id <= 1047441))

table 2 : explain SELECT c FROM sbtest2 WHERE id BETWEEN 6387377 AND 6387386 ORDER BY c
	Sort  (cost=39.34..39.36 rows=10 width=121)
	  Sort Key: c
	  ->  Index Scan using sbtest2_pkey on sbtest2  (cost=0.43..39.17 rows=10 width=121)
	        Index Cond: ((id >= 6387377) AND (id <= 6387386))

table 3 : explain SELECT c FROM sbtest3 WHERE id BETWEEN 7940767 AND 7940776 ORDER BY c
	Sort  (cost=39.43..39.46 rows=10 width=121)
	  Sort Key: c
	  ->  Index Scan using sbtest3_pkey on sbtest3  (cost=0.43..39.26 rows=10 width=121)
	        Index Cond: ((id >= 7940767) AND (id <= 7940776))

table 4 : explain SELECT c FROM sbtest4 WHERE id BETWEEN 5273253 AND 5273262 ORDER BY c
	Sort  (cost=38.85..38.87 rows=10 width=121)
	  Sort Key: c
	  ->  Index Scan using sbtest4_pkey on sbtest4  (cost=0.43..38.68 rows=10 width=121)
	        Index Cond: ((id >= 5273253) AND (id <= 5273262))

table 5 : explain SELECT c FROM sbtest5 WHERE id BETWEEN 3904749 AND 3904758 ORDER BY c
	Sort  (cost=39.38..39.41 rows=10 width=121)
	  Sort Key: c
	  ->  Index Scan using sbtest5_pkey on sbtest5  (cost=0.43..39.22 rows=10 width=121)
	        Index Cond: ((id >= 3904749) AND (id <= 3904758))

table 6 : explain SELECT c FROM sbtest6 WHERE id BETWEEN 5346368 AND 5346377 ORDER BY c
	Sort  (cost=42.99..43.02 rows=11 width=121)
	  Sort Key: c
	  ->  Index Scan using sbtest6_pkey on sbtest6  (cost=0.43..42.80 rows=11 width=121)
	        Index Cond: ((id >= 5346368) AND (id <= 5346377))

table 7 : explain SELECT c FROM sbtest7 WHERE id BETWEEN 3460852 AND 3460861 ORDER BY c
	Sort  (cost=39.42..39.45 rows=10 width=121)
	  Sort Key: c
	  ->  Index Scan using sbtest7_pkey on sbtest7  (cost=0.43..39.25 rows=10 width=121)
	        Index Cond: ((id >= 3460852) AND (id <= 3460861))

table 8 : explain SELECT c FROM sbtest8 WHERE id BETWEEN 4067495 AND 4067504 ORDER BY c
	Sort  (cost=38.74..38.76 rows=10 width=121)
	  Sort Key: c
	  ->  Index Scan using sbtest8_pkey on sbtest8  (cost=0.43..38.57 rows=10 width=121)
	        Index Cond: ((id >= 4067495) AND (id <= 4067504))

for: order_ranges
table 1 : explain SELECT c FROM sbtest1 WHERE id BETWEEN 7474122 AND 7474131 ORDER BY c
	Sort  (cost=39.12..39.14 rows=10 width=121)
	  Sort Key: c
	  ->  Index Scan using sbtest1_pkey on sbtest1  (cost=0.43..38.95 rows=10 width=121)
	        Index Cond: ((id >= 7474122) AND (id <= 7474131))

table 2 : explain SELECT c FROM sbtest2 WHERE id BETWEEN 809863 AND 809872 ORDER BY c
	Sort  (cost=39.34..39.36 rows=10 width=121)
	  Sort Key: c
	  ->  Index Scan using sbtest2_pkey on sbtest2  (cost=0.43..39.17 rows=10 width=121)
	        Index Cond: ((id >= 809863) AND (id <= 809872))

table 3 : explain SELECT c FROM sbtest3 WHERE id BETWEEN 6367332 AND 6367341 ORDER BY c
	Sort  (cost=42.88..42.91 rows=11 width=121)
	  Sort Key: c
	  ->  Index Scan using sbtest3_pkey on sbtest3  (cost=0.43..42.69 rows=11 width=121)
	        Index Cond: ((id >= 6367332) AND (id <= 6367341))

table 4 : explain SELECT c FROM sbtest4 WHERE id BETWEEN 8660253 AND 8660262 ORDER BY c
	Sort  (cost=38.85..38.87 rows=10 width=121)
	  Sort Key: c
	  ->  Index Scan using sbtest4_pkey on sbtest4  (cost=0.43..38.68 rows=10 width=121)
	        Index Cond: ((id >= 8660253) AND (id <= 8660262))

table 5 : explain SELECT c FROM sbtest5 WHERE id BETWEEN 4313988 AND 4313997 ORDER BY c
	Sort  (cost=39.38..39.41 rows=10 width=121)
	  Sort Key: c
	  ->  Index Scan using sbtest5_pkey on sbtest5  (cost=0.43..39.22 rows=10 width=121)
	        Index Cond: ((id >= 4313988) AND (id <= 4313997))

table 6 : explain SELECT c FROM sbtest6 WHERE id BETWEEN 1754734 AND 1754743 ORDER BY c
	Sort  (cost=39.53..39.56 rows=10 width=121)
	  Sort Key: c
	  ->  Index Scan using sbtest6_pkey on sbtest6  (cost=0.43..39.36 rows=10 width=121)
	        Index Cond: ((id >= 1754734) AND (id <= 1754743))

table 7 : explain SELECT c FROM sbtest7 WHERE id BETWEEN 8059153 AND 8059162 ORDER BY c
	Sort  (cost=39.42..39.45 rows=10 width=121)
	  Sort Key: c
	  ->  Index Scan using sbtest7_pkey on sbtest7  (cost=0.43..39.25 rows=10 width=121)
	        Index Cond: ((id >= 8059153) AND (id <= 8059162))

table 8 : explain SELECT c FROM sbtest8 WHERE id BETWEEN 7138530 AND 7138539 ORDER BY c
	Sort  (cost=38.74..38.76 rows=10 width=121)
	  Sort Key: c
	  ->  Index Scan using sbtest8_pkey on sbtest8  (cost=0.43..38.57 rows=10 width=121)
	        Index Cond: ((id >= 7138530) AND (id <= 7138539))

for inserts
table 1 : explain INSERT INTO sbtest1 (id, k, c, pad) VALUES (5795172, 13, 'foobar', 'foobar')
	Insert on sbtest1  (cost=0.00..0.01 rows=0 width=0)
	  ->  Result  (cost=0.00..0.01 rows=1 width=736)

table 2 : explain INSERT INTO sbtest2 (id, k, c, pad) VALUES (2889351, 13, 'foobar', 'foobar')
	Insert on sbtest2  (cost=0.00..0.01 rows=0 width=0)
	  ->  Result  (cost=0.00..0.01 rows=1 width=736)

table 3 : explain INSERT INTO sbtest3 (id, k, c, pad) VALUES (3909082, 13, 'foobar', 'foobar')
	Insert on sbtest3  (cost=0.00..0.01 rows=0 width=0)
	  ->  Result  (cost=0.00..0.01 rows=1 width=736)

table 4 : explain INSERT INTO sbtest4 (id, k, c, pad) VALUES (9402879, 13, 'foobar', 'foobar')
	Insert on sbtest4  (cost=0.00..0.01 rows=0 width=0)
	  ->  Result  (cost=0.00..0.01 rows=1 width=736)

table 5 : explain INSERT INTO sbtest5 (id, k, c, pad) VALUES (6270994, 13, 'foobar', 'foobar')
	Insert on sbtest5  (cost=0.00..0.01 rows=0 width=0)
	  ->  Result  (cost=0.00..0.01 rows=1 width=736)

table 6 : explain INSERT INTO sbtest6 (id, k, c, pad) VALUES (7619175, 13, 'foobar', 'foobar')
	Insert on sbtest6  (cost=0.00..0.01 rows=0 width=0)
	  ->  Result  (cost=0.00..0.01 rows=1 width=736)

table 7 : explain INSERT INTO sbtest7 (id, k, c, pad) VALUES (1771443, 13, 'foobar', 'foobar')
	Insert on sbtest7  (cost=0.00..0.01 rows=0 width=0)
	  ->  Result  (cost=0.00..0.01 rows=1 width=736)

table 8 : explain INSERT INTO sbtest8 (id, k, c, pad) VALUES (6820012, 13, 'foobar', 'foobar')
	Insert on sbtest8  (cost=0.00..0.01 rows=0 width=0)
	  ->  Result  (cost=0.00..0.01 rows=1 width=736)

for: order_ranges
table 1 : explain SELECT c FROM sbtest1 WHERE id BETWEEN 7327804 AND 7327813 ORDER BY c
	Sort  (cost=42.53..42.56 rows=11 width=121)
	  Sort Key: c
	  ->  Index Scan using sbtest1_pkey on sbtest1  (cost=0.43..42.34 rows=11 width=121)
	        Index Cond: ((id >= 7327804) AND (id <= 7327813))

table 2 : explain SELECT c FROM sbtest2 WHERE id BETWEEN 4815458 AND 4815467 ORDER BY c
	Sort  (cost=35.90..35.92 rows=9 width=121)
	  Sort Key: c
	  ->  Index Scan using sbtest2_pkey on sbtest2  (cost=0.43..35.76 rows=9 width=121)
	        Index Cond: ((id >= 4815458) AND (id <= 4815467))

table 3 : explain SELECT c FROM sbtest3 WHERE id BETWEEN 580383 AND 580392 ORDER BY c
	Sort  (cost=39.43..39.46 rows=10 width=121)
	  Sort Key: c
	  ->  Index Scan using sbtest3_pkey on sbtest3  (cost=0.43..39.26 rows=10 width=121)
	        Index Cond: ((id >= 580383) AND (id <= 580392))

table 4 : explain SELECT c FROM sbtest4 WHERE id BETWEEN 1191828 AND 1191837 ORDER BY c
	Sort  (cost=38.85..38.87 rows=10 width=121)
	  Sort Key: c
	  ->  Index Scan using sbtest4_pkey on sbtest4  (cost=0.43..38.68 rows=10 width=121)
	        Index Cond: ((id >= 1191828) AND (id <= 1191837))

table 5 : explain SELECT c FROM sbtest5 WHERE id BETWEEN 6982343 AND 6982352 ORDER BY c
	Sort  (cost=35.94..35.96 rows=9 width=121)
	  Sort Key: c
	  ->  Index Scan using sbtest5_pkey on sbtest5  (cost=0.43..35.80 rows=9 width=121)
	        Index Cond: ((id >= 6982343) AND (id <= 6982352))

table 6 : explain SELECT c FROM sbtest6 WHERE id BETWEEN 552226 AND 552235 ORDER BY c
	Sort  (cost=39.53..39.56 rows=10 width=121)
	  Sort Key: c
	  ->  Index Scan using sbtest6_pkey on sbtest6  (cost=0.43..39.36 rows=10 width=121)
	        Index Cond: ((id >= 552226) AND (id <= 552235))

table 7 : explain SELECT c FROM sbtest7 WHERE id BETWEEN 9248811 AND 9248820 ORDER BY c
	Sort  (cost=35.97..36.00 rows=9 width=121)
	  Sort Key: c
	  ->  Index Scan using sbtest7_pkey on sbtest7  (cost=0.43..35.83 rows=9 width=121)
	        Index Cond: ((id >= 9248811) AND (id <= 9248820))

table 8 : explain SELECT c FROM sbtest8 WHERE id BETWEEN 3023995 AND 3024004 ORDER BY c
	Sort  (cost=38.74..38.76 rows=10 width=121)
	  Sort Key: c
	  ->  Index Scan using sbtest8_pkey on sbtest8  (cost=0.43..38.57 rows=10 width=121)
	        Index Cond: ((id >= 3023995) AND (id <= 3024004))

for index_updates
table 1 : explain UPDATE sbtest1 SET k=k+1 WHERE id=4283267
	Update on sbtest1  (cost=0.43..8.46 rows=0 width=0)
	  ->  Index Scan using sbtest1_pkey on sbtest1  (cost=0.43..8.46 rows=1 width=10)
	        Index Cond: (id = 4283267)

table 2 : explain UPDATE sbtest2 SET k=k+1 WHERE id=2741671
	Update on sbtest2  (cost=0.43..8.46 rows=0 width=0)
	  ->  Index Scan using sbtest2_pkey on sbtest2  (cost=0.43..8.46 rows=1 width=10)
	        Index Cond: (id = 2741671)

table 3 : explain UPDATE sbtest3 SET k=k+1 WHERE id=2987901
	Update on sbtest3  (cost=0.43..8.46 rows=0 width=0)
	  ->  Index Scan using sbtest3_pkey on sbtest3  (cost=0.43..8.46 rows=1 width=10)
	        Index Cond: (id = 2987901)

table 4 : explain UPDATE sbtest4 SET k=k+1 WHERE id=9534592
	Update on sbtest4  (cost=0.43..8.46 rows=0 width=0)
	  ->  Index Scan using sbtest4_pkey on sbtest4  (cost=0.43..8.46 rows=1 width=10)
	        Index Cond: (id = 9534592)

table 5 : explain UPDATE sbtest5 SET k=k+1 WHERE id=9148730
	Update on sbtest5  (cost=0.43..8.46 rows=0 width=0)
	  ->  Index Scan using sbtest5_pkey on sbtest5  (cost=0.43..8.46 rows=1 width=10)
	        Index Cond: (id = 9148730)

table 6 : explain UPDATE sbtest6 SET k=k+1 WHERE id=6895342
	Update on sbtest6  (cost=0.43..8.46 rows=0 width=0)
	  ->  Index Scan using sbtest6_pkey on sbtest6  (cost=0.43..8.46 rows=1 width=10)
	        Index Cond: (id = 6895342)

table 7 : explain UPDATE sbtest7 SET k=k+1 WHERE id=748588
	Update on sbtest7  (cost=0.43..8.46 rows=0 width=0)
	  ->  Index Scan using sbtest7_pkey on sbtest7  (cost=0.43..8.46 rows=1 width=10)
	        Index Cond: (id = 748588)

table 8 : explain UPDATE sbtest8 SET k=k+1 WHERE id=3890609
	Update on sbtest8  (cost=0.43..8.46 rows=0 width=0)
	  ->  Index Scan using sbtest8_pkey on sbtest8  (cost=0.43..8.46 rows=1 width=10)
	        Index Cond: (id = 3890609)

for inserts
table 1 : explain INSERT INTO sbtest1 (id, k, c, pad) VALUES (9122513, 13, 'foobar', 'foobar')
	Insert on sbtest1  (cost=0.00..0.01 rows=0 width=0)
	  ->  Result  (cost=0.00..0.01 rows=1 width=736)

table 2 : explain INSERT INTO sbtest2 (id, k, c, pad) VALUES (1393064, 13, 'foobar', 'foobar')
	Insert on sbtest2  (cost=0.00..0.01 rows=0 width=0)
	  ->  Result  (cost=0.00..0.01 rows=1 width=736)

table 3 : explain INSERT INTO sbtest3 (id, k, c, pad) VALUES (7849528, 13, 'foobar', 'foobar')
	Insert on sbtest3  (cost=0.00..0.01 rows=0 width=0)
	  ->  Result  (cost=0.00..0.01 rows=1 width=736)

table 4 : explain INSERT INTO sbtest4 (id, k, c, pad) VALUES (8380495, 13, 'foobar', 'foobar')
	Insert on sbtest4  (cost=0.00..0.01 rows=0 width=0)
	  ->  Result  (cost=0.00..0.01 rows=1 width=736)

table 5 : explain INSERT INTO sbtest5 (id, k, c, pad) VALUES (5689910, 13, 'foobar', 'foobar')
	Insert on sbtest5  (cost=0.00..0.01 rows=0 width=0)
	  ->  Result  (cost=0.00..0.01 rows=1 width=736)

table 6 : explain INSERT INTO sbtest6 (id, k, c, pad) VALUES (5180635, 13, 'foobar', 'foobar')
	Insert on sbtest6  (cost=0.00..0.01 rows=0 width=0)
	  ->  Result  (cost=0.00..0.01 rows=1 width=736)

table 7 : explain INSERT INTO sbtest7 (id, k, c, pad) VALUES (6118411, 13, 'foobar', 'foobar')
	Insert on sbtest7  (cost=0.00..0.01 rows=0 width=0)
	  ->  Result  (cost=0.00..0.01 rows=1 width=736)

table 8 : explain INSERT INTO sbtest8 (id, k, c, pad) VALUES (4290589, 13, 'foobar', 'foobar')
	Insert on sbtest8  (cost=0.00..0.01 rows=0 width=0)
	  ->  Result  (cost=0.00..0.01 rows=1 width=736)

explain: for non_index_updates :: explain UPDATE sbtest%u SET c='foobar' WHERE id=%u
explain: for non_index_updates :: explain UPDATE sbtest%u SET c='foobar' WHERE id=%u
for non_index_updates
table 1 : explain UPDATE sbtest1 SET c='foobar' WHERE id=7087107
	Update on sbtest1  (cost=0.43..8.45 rows=0 width=0)
	  ->  Index Scan using sbtest1_pkey on sbtest1  (cost=0.43..8.45 rows=1 width=490)
	        Index Cond: (id = 7087107)

table 2 : explain UPDATE sbtest2 SET c='foobar' WHERE id=1348756
	Update on sbtest2  (cost=0.43..8.45 rows=0 width=0)
	  ->  Index Scan using sbtest2_pkey on sbtest2  (cost=0.43..8.45 rows=1 width=490)
	        Index Cond: (id = 1348756)

table 3 : explain UPDATE sbtest3 SET c='foobar' WHERE id=6905096
	Update on sbtest3  (cost=0.43..8.45 rows=0 width=0)
	  ->  Index Scan using sbtest3_pkey on sbtest3  (cost=0.43..8.45 rows=1 width=490)
	        Index Cond: (id = 6905096)

table 4 : explain UPDATE sbtest4 SET c='foobar' WHERE id=4056278
	Update on sbtest4  (cost=0.43..8.45 rows=0 width=0)
	  ->  Index Scan using sbtest4_pkey on sbtest4  (cost=0.43..8.45 rows=1 width=490)
	        Index Cond: (id = 4056278)

table 5 : explain UPDATE sbtest5 SET c='foobar' WHERE id=407468
	Update on sbtest5  (cost=0.43..8.45 rows=0 width=0)
	  ->  Index Scan using sbtest5_pkey on sbtest5  (cost=0.43..8.45 rows=1 width=490)
	        Index Cond: (id = 407468)

table 6 : explain UPDATE sbtest6 SET c='foobar' WHERE id=2648778
	Update on sbtest6  (cost=0.43..8.45 rows=0 width=0)
	  ->  Index Scan using sbtest6_pkey on sbtest6  (cost=0.43..8.45 rows=1 width=490)
	        Index Cond: (id = 2648778)

table 7 : explain UPDATE sbtest7 SET c='foobar' WHERE id=9335943
	Update on sbtest7  (cost=0.43..8.45 rows=0 width=0)
	  ->  Index Scan using sbtest7_pkey on sbtest7  (cost=0.43..8.45 rows=1 width=490)
	        Index Cond: (id = 9335943)

table 8 : explain UPDATE sbtest8 SET c='foobar' WHERE id=5077645
	Update on sbtest8  (cost=0.43..8.45 rows=0 width=0)
	  ->  Index Scan using sbtest8_pkey on sbtest8  (cost=0.43..8.45 rows=1 width=490)
	        Index Cond: (id = 5077645)

for: distinct_ranges
table 1 : explain SELECT DISTINCT c FROM sbtest1 WHERE id BETWEEN 3045132 AND 3045141 ORDER BY c
	Unique  (cost=42.53..42.59 rows=11 width=121)
	  ->  Sort  (cost=42.53..42.56 rows=11 width=121)
	        Sort Key: c
	        ->  Index Scan using sbtest1_pkey on sbtest1  (cost=0.43..42.34 rows=11 width=121)
	              Index Cond: ((id >= 3045132) AND (id <= 3045141))

table 2 : explain SELECT DISTINCT c FROM sbtest2 WHERE id BETWEEN 9314745 AND 9314754 ORDER BY c
	Unique  (cost=39.34..39.39 rows=10 width=121)
	  ->  Sort  (cost=39.34..39.36 rows=10 width=121)
	        Sort Key: c
	        ->  Index Scan using sbtest2_pkey on sbtest2  (cost=0.43..39.17 rows=10 width=121)
	              Index Cond: ((id >= 9314745) AND (id <= 9314754))

table 3 : explain SELECT DISTINCT c FROM sbtest3 WHERE id BETWEEN 201411 AND 201420 ORDER BY c
	Unique  (cost=39.43..39.48 rows=10 width=121)
	  ->  Sort  (cost=39.43..39.46 rows=10 width=121)
	        Sort Key: c
	        ->  Index Scan using sbtest3_pkey on sbtest3  (cost=0.43..39.26 rows=10 width=121)
	              Index Cond: ((id >= 201411) AND (id <= 201420))

table 4 : explain SELECT DISTINCT c FROM sbtest4 WHERE id BETWEEN 4096865 AND 4096874 ORDER BY c
	Unique  (cost=38.85..38.90 rows=10 width=121)
	  ->  Sort  (cost=38.85..38.87 rows=10 width=121)
	        Sort Key: c
	        ->  Index Scan using sbtest4_pkey on sbtest4  (cost=0.43..38.68 rows=10 width=121)
	              Index Cond: ((id >= 4096865) AND (id <= 4096874))

table 5 : explain SELECT DISTINCT c FROM sbtest5 WHERE id BETWEEN 1826103 AND 1826112 ORDER BY c
	Unique  (cost=39.38..39.43 rows=10 width=121)
	  ->  Sort  (cost=39.38..39.41 rows=10 width=121)
	        Sort Key: c
	        ->  Index Scan using sbtest5_pkey on sbtest5  (cost=0.43..39.22 rows=10 width=121)
	              Index Cond: ((id >= 1826103) AND (id <= 1826112))

table 6 : explain SELECT DISTINCT c FROM sbtest6 WHERE id BETWEEN 2201180 AND 2201189 ORDER BY c
	Unique  (cost=39.53..39.58 rows=10 width=121)
	  ->  Sort  (cost=39.53..39.56 rows=10 width=121)
	        Sort Key: c
	        ->  Index Scan using sbtest6_pkey on sbtest6  (cost=0.43..39.36 rows=10 width=121)
	              Index Cond: ((id >= 2201180) AND (id <= 2201189))

table 7 : explain SELECT DISTINCT c FROM sbtest7 WHERE id BETWEEN 2905501 AND 2905510 ORDER BY c
	Unique  (cost=39.42..39.47 rows=10 width=121)
	  ->  Sort  (cost=39.42..39.45 rows=10 width=121)
	        Sort Key: c
	        ->  Index Scan using sbtest7_pkey on sbtest7  (cost=0.43..39.25 rows=10 width=121)
	              Index Cond: ((id >= 2905501) AND (id <= 2905510))

table 8 : explain SELECT DISTINCT c FROM sbtest8 WHERE id BETWEEN 826291 AND 826300 ORDER BY c
	Unique  (cost=42.11..42.16 rows=11 width=121)
	  ->  Sort  (cost=42.11..42.13 rows=11 width=121)
	        Sort Key: c
	        ->  Index Scan using sbtest8_pkey on sbtest8  (cost=0.43..41.92 rows=11 width=121)
	              Index Cond: ((id >= 826291) AND (id <= 826300))

explain: for non_index_updates :: explain UPDATE sbtest%u SET c='foobar' WHERE id=%u
for deletes
table 1 : explain DELETE FROM sbtest1 WHERE id=1486016
	Delete on sbtest1  (cost=0.43..8.45 rows=0 width=0)
	  ->  Index Scan using sbtest1_pkey on sbtest1  (cost=0.43..8.45 rows=1 width=6)
	        Index Cond: (id = 1486016)

table 2 : explain DELETE FROM sbtest2 WHERE id=3433709
	Delete on sbtest2  (cost=0.43..8.45 rows=0 width=0)
	  ->  Index Scan using sbtest2_pkey on sbtest2  (cost=0.43..8.45 rows=1 width=6)
	        Index Cond: (id = 3433709)

table 3 : explain DELETE FROM sbtest3 WHERE id=1157627
	Delete on sbtest3  (cost=0.43..8.45 rows=0 width=0)
	  ->  Index Scan using sbtest3_pkey on sbtest3  (cost=0.43..8.45 rows=1 width=6)
	        Index Cond: (id = 1157627)

table 4 : explain DELETE FROM sbtest4 WHERE id=9221987
	Delete on sbtest4  (cost=0.43..8.45 rows=0 width=0)
	  ->  Index Scan using sbtest4_pkey on sbtest4  (cost=0.43..8.45 rows=1 width=6)
	        Index Cond: (id = 9221987)

table 5 : explain DELETE FROM sbtest5 WHERE id=7145734
	Delete on sbtest5  (cost=0.43..8.45 rows=0 width=0)
	  ->  Index Scan using sbtest5_pkey on sbtest5  (cost=0.43..8.45 rows=1 width=6)
	        Index Cond: (id = 7145734)

table 6 : explain DELETE FROM sbtest6 WHERE id=3947959
	Delete on sbtest6  (cost=0.43..8.45 rows=0 width=0)
	  ->  Index Scan using sbtest6_pkey on sbtest6  (cost=0.43..8.45 rows=1 width=6)
	        Index Cond: (id = 3947959)

table 7 : explain DELETE FROM sbtest7 WHERE id=6794284
	Delete on sbtest7  (cost=0.43..8.45 rows=0 width=0)
	  ->  Index Scan using sbtest7_pkey on sbtest7  (cost=0.43..8.45 rows=1 width=6)
	        Index Cond: (id = 6794284)

table 8 : explain DELETE FROM sbtest8 WHERE id=3195025
	Delete on sbtest8  (cost=0.43..8.45 rows=0 width=0)
	  ->  Index Scan using sbtest8_pkey on sbtest8  (cost=0.43..8.45 rows=1 width=6)
	        Index Cond: (id = 3195025)

for non_index_updates
table 1 : explain UPDATE sbtest1 SET c='foobar' WHERE id=4424957
	Update on sbtest1  (cost=0.43..8.45 rows=0 width=0)
	  ->  Index Scan using sbtest1_pkey on sbtest1  (cost=0.43..8.45 rows=1 width=490)
	        Index Cond: (id = 4424957)

table 2 : explain UPDATE sbtest2 SET c='foobar' WHERE id=7805686
	Update on sbtest2  (cost=0.43..8.45 rows=0 width=0)
	  ->  Index Scan using sbtest2_pkey on sbtest2  (cost=0.43..8.45 rows=1 width=490)
	        Index Cond: (id = 7805686)

table 3 : explain UPDATE sbtest3 SET c='foobar' WHERE id=9233650
	Update on sbtest3  (cost=0.43..8.45 rows=0 width=0)
	  ->  Index Scan using sbtest3_pkey on sbtest3  (cost=0.43..8.45 rows=1 width=490)
	        Index Cond: (id = 9233650)

table 4 : explain UPDATE sbtest4 SET c='foobar' WHERE id=5516788
	Update on sbtest4  (cost=0.43..8.45 rows=0 width=0)
	  ->  Index Scan using sbtest4_pkey on sbtest4  (cost=0.43..8.45 rows=1 width=490)
	        Index Cond: (id = 5516788)

table 5 : explain UPDATE sbtest5 SET c='foobar' WHERE id=5933344
	Update on sbtest5  (cost=0.43..8.45 rows=0 width=0)
	  ->  Index Scan using sbtest5_pkey on sbtest5  (cost=0.43..8.45 rows=1 width=490)
	        Index Cond: (id = 5933344)

table 6 : explain UPDATE sbtest6 SET c='foobar' WHERE id=9233299
	Update on sbtest6  (cost=0.43..8.45 rows=0 width=0)
	  ->  Index Scan using sbtest6_pkey on sbtest6  (cost=0.43..8.45 rows=1 width=490)
	        Index Cond: (id = 9233299)

table 7 : explain UPDATE sbtest7 SET c='foobar' WHERE id=8406740
	Update on sbtest7  (cost=0.43..8.45 rows=0 width=0)
	  ->  Index Scan using sbtest7_pkey on sbtest7  (cost=0.43..8.45 rows=1 width=490)
	        Index Cond: (id = 8406740)

table 8 : explain UPDATE sbtest8 SET c='foobar' WHERE id=5153485
	Update on sbtest8  (cost=0.43..8.45 rows=0 width=0)
	  ->  Index Scan using sbtest8_pkey on sbtest8  (cost=0.43..8.45 rows=1 width=490)
	        Index Cond: (id = 5153485)

explain: for deletes :: explain DELETE FROM sbtest%u WHERE id=%u
for: distinct_ranges
table 1 : explain SELECT DISTINCT c FROM sbtest1 WHERE id BETWEEN 7255159 AND 7255168 ORDER BY c
	Unique  (cost=39.12..39.17 rows=10 width=121)
	  ->  Sort  (cost=39.12..39.14 rows=10 width=121)
	        Sort Key: c
	        ->  Index Scan using sbtest1_pkey on sbtest1  (cost=0.43..38.95 rows=10 width=121)
	              Index Cond: ((id >= 7255159) AND (id <= 7255168))

table 2 : explain SELECT DISTINCT c FROM sbtest2 WHERE id BETWEEN 4333154 AND 4333163 ORDER BY c
	Unique  (cost=39.34..39.39 rows=10 width=121)
	  ->  Sort  (cost=39.34..39.36 rows=10 width=121)
	        Sort Key: c
	        ->  Index Scan using sbtest2_pkey on sbtest2  (cost=0.43..39.17 rows=10 width=121)
	              Index Cond: ((id >= 4333154) AND (id <= 4333163))

table 3 : explain SELECT DISTINCT c FROM sbtest3 WHERE id BETWEEN 5701531 AND 5701540 ORDER BY c
	Unique  (cost=39.43..39.48 rows=10 width=121)
	  ->  Sort  (cost=39.43..39.46 rows=10 width=121)
	        Sort Key: c
	        ->  Index Scan using sbtest3_pkey on sbtest3  (cost=0.43..39.26 rows=10 width=121)
	              Index Cond: ((id >= 5701531) AND (id <= 5701540))

table 4 : explain SELECT DISTINCT c FROM sbtest4 WHERE id BETWEEN 7850948 AND 7850957 ORDER BY c
	Unique  (cost=38.85..38.90 rows=10 width=121)
	  ->  Sort  (cost=38.85..38.87 rows=10 width=121)
	        Sort Key: c
	        ->  Index Scan using sbtest4_pkey on sbtest4  (cost=0.43..38.68 rows=10 width=121)
	              Index Cond: ((id >= 7850948) AND (id <= 7850957))

table 5 : explain SELECT DISTINCT c FROM sbtest5 WHERE id BETWEEN 6734750 AND 6734759 ORDER BY c
	Unique  (cost=39.38..39.43 rows=10 width=121)
	  ->  Sort  (cost=39.38..39.41 rows=10 width=121)
	        Sort Key: c
	        ->  Index Scan using sbtest5_pkey on sbtest5  (cost=0.43..39.22 rows=10 width=121)
	              Index Cond: ((id >= 6734750) AND (id <= 6734759))

table 6 : explain SELECT DISTINCT c FROM sbtest6 WHERE id BETWEEN 1480978 AND 1480987 ORDER BY c
	Unique  (cost=39.53..39.58 rows=10 width=121)
	  ->  Sort  (cost=39.53..39.56 rows=10 width=121)
	        Sort Key: c
	        ->  Index Scan using sbtest6_pkey on sbtest6  (cost=0.43..39.36 rows=10 width=121)
	              Index Cond: ((id >= 1480978) AND (id <= 1480987))

table 7 : explain SELECT DISTINCT c FROM sbtest7 WHERE id BETWEEN 9363225 AND 9363234 ORDER BY c
	Unique  (cost=39.42..39.47 rows=10 width=121)
	  ->  Sort  (cost=39.42..39.45 rows=10 width=121)
	        Sort Key: c
	        ->  Index Scan using sbtest7_pkey on sbtest7  (cost=0.43..39.25 rows=10 width=121)
	              Index Cond: ((id >= 9363225) AND (id <= 9363234))

table 8 : explain SELECT DISTINCT c FROM sbtest8 WHERE id BETWEEN 4135532 AND 4135541 ORDER BY c
	Unique  (cost=38.74..38.79 rows=10 width=121)
	  ->  Sort  (cost=38.74..38.76 rows=10 width=121)
	        Sort Key: c
	        ->  Index Scan using sbtest8_pkey on sbtest8  (cost=0.43..38.57 rows=10 width=121)
	              Index Cond: ((id >= 4135532) AND (id <= 4135541))

for: order_ranges
table 1 : explain SELECT c FROM sbtest1 WHERE id BETWEEN 9129312 AND 9129321 ORDER BY c
	Sort  (cost=39.12..39.14 rows=10 width=121)
	  Sort Key: c
	  ->  Index Scan using sbtest1_pkey on sbtest1  (cost=0.43..38.95 rows=10 width=121)
	        Index Cond: ((id >= 9129312) AND (id <= 9129321))

table 2 : explain SELECT c FROM sbtest2 WHERE id BETWEEN 4157313 AND 4157322 ORDER BY c
	Sort  (cost=39.34..39.36 rows=10 width=121)
	  Sort Key: c
	  ->  Index Scan using sbtest2_pkey on sbtest2  (cost=0.43..39.17 rows=10 width=121)
	        Index Cond: ((id >= 4157313) AND (id <= 4157322))

table 3 : explain SELECT c FROM sbtest3 WHERE id BETWEEN 9492571 AND 9492580 ORDER BY c
	Sort  (cost=35.98..36.01 rows=9 width=121)
	  Sort Key: c
	  ->  Index Scan using sbtest3_pkey on sbtest3  (cost=0.43..35.84 rows=9 width=121)
	        Index Cond: ((id >= 9492571) AND (id <= 9492580))

table 4 : explain SELECT c FROM sbtest4 WHERE id BETWEEN 2818467 AND 2818476 ORDER BY c
	Sort  (cost=42.23..42.25 rows=11 width=121)
	  Sort Key: c
	  ->  Index Scan using sbtest4_pkey on sbtest4  (cost=0.43..42.04 rows=11 width=121)
	        Index Cond: ((id >= 2818467) AND (id <= 2818476))

table 5 : explain SELECT c FROM sbtest5 WHERE id BETWEEN 5872502 AND 5872511 ORDER BY c
	Sort  (cost=39.38..39.41 rows=10 width=121)
	  Sort Key: c
	  ->  Index Scan using sbtest5_pkey on sbtest5  (cost=0.43..39.22 rows=10 width=121)
	        Index Cond: ((id >= 5872502) AND (id <= 5872511))

table 6 : explain SELECT c FROM sbtest6 WHERE id BETWEEN 8172676 AND 8172685 ORDER BY c
	Sort  (cost=39.53..39.56 rows=10 width=121)
	  Sort Key: c
	  ->  Index Scan using sbtest6_pkey on sbtest6  (cost=0.43..39.36 rows=10 width=121)
	        Index Cond: ((id >= 8172676) AND (id <= 8172685))

table 7 : explain SELECT c FROM sbtest7 WHERE id BETWEEN 740763 AND 740772 ORDER BY c
	Sort  (cost=39.42..39.45 rows=10 width=121)
	  Sort Key: c
	  ->  Index Scan using sbtest7_pkey on sbtest7  (cost=0.43..39.25 rows=10 width=121)
	        Index Cond: ((id >= 740763) AND (id <= 740772))

table 8 : explain SELECT c FROM sbtest8 WHERE id BETWEEN 6255290 AND 6255299 ORDER BY c
	Sort  (cost=38.74..38.76 rows=10 width=121)
	  Sort Key: c
	  ->  Index Scan using sbtest8_pkey on sbtest8  (cost=0.43..38.57 rows=10 width=121)
	        Index Cond: ((id >= 6255290) AND (id <= 6255299))

explain: for deletes :: explain DELETE FROM sbtest%u WHERE id=%u
for non_index_updates
table 1 : explain UPDATE sbtest1 SET c='foobar' WHERE id=3919515
	Update on sbtest1  (cost=0.43..8.45 rows=0 width=0)
	  ->  Index Scan using sbtest1_pkey on sbtest1  (cost=0.43..8.45 rows=1 width=490)
	        Index Cond: (id = 3919515)

table 2 : explain UPDATE sbtest2 SET c='foobar' WHERE id=5994703
	Update on sbtest2  (cost=0.43..8.45 rows=0 width=0)
	  ->  Index Scan using sbtest2_pkey on sbtest2  (cost=0.43..8.45 rows=1 width=490)
	        Index Cond: (id = 5994703)

table 3 : explain UPDATE sbtest3 SET c='foobar' WHERE id=4608121
	Update on sbtest3  (cost=0.43..8.45 rows=0 width=0)
	  ->  Index Scan using sbtest3_pkey on sbtest3  (cost=0.43..8.45 rows=1 width=490)
	        Index Cond: (id = 4608121)

table 4 : explain UPDATE sbtest4 SET c='foobar' WHERE id=3944197
	Update on sbtest4  (cost=0.43..8.45 rows=0 width=0)
	  ->  Index Scan using sbtest4_pkey on sbtest4  (cost=0.43..8.45 rows=1 width=490)
	        Index Cond: (id = 3944197)

table 5 : explain UPDATE sbtest5 SET c='foobar' WHERE id=5150201
	Update on sbtest5  (cost=0.43..8.45 rows=0 width=0)
	  ->  Index Scan using sbtest5_pkey on sbtest5  (cost=0.43..8.45 rows=1 width=490)
	        Index Cond: (id = 5150201)

table 6 : explain UPDATE sbtest6 SET c='foobar' WHERE id=1746571
	Update on sbtest6  (cost=0.43..8.45 rows=0 width=0)
	  ->  Index Scan using sbtest6_pkey on sbtest6  (cost=0.43..8.45 rows=1 width=490)
	        Index Cond: (id = 1746571)

table 7 : explain UPDATE sbtest7 SET c='foobar' WHERE id=5541736
	Update on sbtest7  (cost=0.43..8.45 rows=0 width=0)
	  ->  Index Scan using sbtest7_pkey on sbtest7  (cost=0.43..8.45 rows=1 width=490)
	        Index Cond: (id = 5541736)

table 8 : explain UPDATE sbtest8 SET c='foobar' WHERE id=1756091
	Update on sbtest8  (cost=0.43..8.45 rows=0 width=0)
	  ->  Index Scan using sbtest8_pkey on sbtest8  (cost=0.43..8.45 rows=1 width=490)
	        Index Cond: (id = 1756091)

explain: for index_updates :: explain UPDATE sbtest%u SET k=k+1 WHERE id=%u
for: distinct_ranges
table 1 : explain SELECT DISTINCT c FROM sbtest1 WHERE id BETWEEN 9818087 AND 9818096 ORDER BY c
	Unique  (cost=39.12..39.17 rows=10 width=121)
	  ->  Sort  (cost=39.12..39.14 rows=10 width=121)
	        Sort Key: c
	        ->  Index Scan using sbtest1_pkey on sbtest1  (cost=0.43..38.95 rows=10 width=121)
	              Index Cond: ((id >= 9818087) AND (id <= 9818096))

table 2 : explain SELECT DISTINCT c FROM sbtest2 WHERE id BETWEEN 1923757 AND 1923766 ORDER BY c
	Unique  (cost=39.34..39.39 rows=10 width=121)
	  ->  Sort  (cost=39.34..39.36 rows=10 width=121)
	        Sort Key: c
	        ->  Index Scan using sbtest2_pkey on sbtest2  (cost=0.43..39.17 rows=10 width=121)
	              Index Cond: ((id >= 1923757) AND (id <= 1923766))

table 3 : explain SELECT DISTINCT c FROM sbtest3 WHERE id BETWEEN 7247719 AND 7247728 ORDER BY c
	Unique  (cost=39.43..39.48 rows=10 width=121)
	  ->  Sort  (cost=39.43..39.46 rows=10 width=121)
	        Sort Key: c
	        ->  Index Scan using sbtest3_pkey on sbtest3  (cost=0.43..39.26 rows=10 width=121)
	              Index Cond: ((id >= 7247719) AND (id <= 7247728))

table 4 : explain SELECT DISTINCT c FROM sbtest4 WHERE id BETWEEN 5005345 AND 5005354 ORDER BY c
	Unique  (cost=35.46..35.51 rows=9 width=121)
	  ->  Sort  (cost=35.46..35.49 rows=9 width=121)
	        Sort Key: c
	        ->  Index Scan using sbtest4_pkey on sbtest4  (cost=0.43..35.32 rows=9 width=121)
	              Index Cond: ((id >= 5005345) AND (id <= 5005354))

table 5 : explain SELECT DISTINCT c FROM sbtest5 WHERE id BETWEEN 6800959 AND 6800968 ORDER BY c
	Unique  (cost=39.38..39.43 rows=10 width=121)
	  ->  Sort  (cost=39.38..39.41 rows=10 width=121)
	        Sort Key: c
	        ->  Index Scan using sbtest5_pkey on sbtest5  (cost=0.43..39.22 rows=10 width=121)
	              Index Cond: ((id >= 6800959) AND (id <= 6800968))

table 6 : explain SELECT DISTINCT c FROM sbtest6 WHERE id BETWEEN 8593917 AND 8593926 ORDER BY c
	Unique  (cost=36.07..36.12 rows=9 width=121)
	  ->  Sort  (cost=36.07..36.10 rows=9 width=121)
	        Sort Key: c
	        ->  Index Scan using sbtest6_pkey on sbtest6  (cost=0.43..35.93 rows=9 width=121)
	              Index Cond: ((id >= 8593917) AND (id <= 8593926))

table 7 : explain SELECT DISTINCT c FROM sbtest7 WHERE id BETWEEN 3151278 AND 3151287 ORDER BY c
	Unique  (cost=35.97..36.02 rows=9 width=121)
	  ->  Sort  (cost=35.97..36.00 rows=9 width=121)
	        Sort Key: c
	        ->  Index Scan using sbtest7_pkey on sbtest7  (cost=0.43..35.83 rows=9 width=121)
	              Index Cond: ((id >= 3151278) AND (id <= 3151287))

table 8 : explain SELECT DISTINCT c FROM sbtest8 WHERE id BETWEEN 4414990 AND 4414999 ORDER BY c
	Unique  (cost=38.74..38.79 rows=10 width=121)
	  ->  Sort  (cost=38.74..38.76 rows=10 width=121)
	        Sort Key: c
	        ->  Index Scan using sbtest8_pkey on sbtest8  (cost=0.43..38.57 rows=10 width=121)
	              Index Cond: ((id >= 4414990) AND (id <= 4414999))

for: distinct_ranges
table 1 : explain SELECT DISTINCT c FROM sbtest1 WHERE id BETWEEN 9194395 AND 9194404 ORDER BY c
	Unique  (cost=39.12..39.17 rows=10 width=121)
	  ->  Sort  (cost=39.12..39.14 rows=10 width=121)
	        Sort Key: c
	        ->  Index Scan using sbtest1_pkey on sbtest1  (cost=0.43..38.95 rows=10 width=121)
	              Index Cond: ((id >= 9194395) AND (id <= 9194404))

table 2 : explain SELECT DISTINCT c FROM sbtest2 WHERE id BETWEEN 6578387 AND 6578396 ORDER BY c
	Unique  (cost=39.34..39.39 rows=10 width=121)
	  ->  Sort  (cost=39.34..39.36 rows=10 width=121)
	        Sort Key: c
	        ->  Index Scan using sbtest2_pkey on sbtest2  (cost=0.43..39.17 rows=10 width=121)
	              Index Cond: ((id >= 6578387) AND (id <= 6578396))

table 3 : explain SELECT DISTINCT c FROM sbtest3 WHERE id BETWEEN 2339211 AND 2339220 ORDER BY c
	Unique  (cost=42.88..42.93 rows=11 width=121)
	  ->  Sort  (cost=42.88..42.91 rows=11 width=121)
	        Sort Key: c
	        ->  Index Scan using sbtest3_pkey on sbtest3  (cost=0.43..42.69 rows=11 width=121)
	              Index Cond: ((id >= 2339211) AND (id <= 2339220))

table 4 : explain SELECT DISTINCT c FROM sbtest4 WHERE id BETWEEN 5241986 AND 5241995 ORDER BY c
	Unique  (cost=38.85..38.90 rows=10 width=121)
	  ->  Sort  (cost=38.85..38.87 rows=10 width=121)
	        Sort Key: c
	        ->  Index Scan using sbtest4_pkey on sbtest4  (cost=0.43..38.68 rows=10 width=121)
	              Index Cond: ((id >= 5241986) AND (id <= 5241995))

table 5 : explain SELECT DISTINCT c FROM sbtest5 WHERE id BETWEEN 6027088 AND 6027097 ORDER BY c
	Unique  (cost=39.38..39.43 rows=10 width=121)
	  ->  Sort  (cost=39.38..39.41 rows=10 width=121)
	        Sort Key: c
	        ->  Index Scan using sbtest5_pkey on sbtest5  (cost=0.43..39.22 rows=10 width=121)
	              Index Cond: ((id >= 6027088) AND (id <= 6027097))

table 6 : explain SELECT DISTINCT c FROM sbtest6 WHERE id BETWEEN 5172144 AND 5172153 ORDER BY c
	Unique  (cost=39.53..39.58 rows=10 width=121)
	  ->  Sort  (cost=39.53..39.56 rows=10 width=121)
	        Sort Key: c
	        ->  Index Scan using sbtest6_pkey on sbtest6  (cost=0.43..39.36 rows=10 width=121)
	              Index Cond: ((id >= 5172144) AND (id <= 5172153))

table 7 : explain SELECT DISTINCT c FROM sbtest7 WHERE id BETWEEN 5536857 AND 5536866 ORDER BY c
	Unique  (cost=39.42..39.47 rows=10 width=121)
	  ->  Sort  (cost=39.42..39.45 rows=10 width=121)
	        Sort Key: c
	        ->  Index Scan using sbtest7_pkey on sbtest7  (cost=0.43..39.25 rows=10 width=121)
	              Index Cond: ((id >= 5536857) AND (id <= 5536866))

table 8 : explain SELECT DISTINCT c FROM sbtest8 WHERE id BETWEEN 9348817 AND 9348826 ORDER BY c
	Unique  (cost=35.37..35.41 rows=9 width=121)
	  ->  Sort  (cost=35.37..35.39 rows=9 width=121)
	        Sort Key: c
	        ->  Index Scan using sbtest8_pkey on sbtest8  (cost=0.43..35.22 rows=9 width=121)
	              Index Cond: ((id >= 9348817) AND (id <= 9348826))

explain: for index_updates :: explain UPDATE sbtest%u SET k=k+1 WHERE id=%u
explain: for deletes :: explain DELETE FROM sbtest%u WHERE id=%u
for: distinct_ranges
table 1 : explain SELECT DISTINCT c FROM sbtest1 WHERE id BETWEEN 8852648 AND 8852657 ORDER BY c
	Unique  (cost=35.71..35.75 rows=9 width=121)
	  ->  Sort  (cost=35.71..35.73 rows=9 width=121)
	        Sort Key: c
	        ->  Index Scan using sbtest1_pkey on sbtest1  (cost=0.43..35.56 rows=9 width=121)
	              Index Cond: ((id >= 8852648) AND (id <= 8852657))

table 2 : explain SELECT DISTINCT c FROM sbtest2 WHERE id BETWEEN 5977112 AND 5977121 ORDER BY c
	Unique  (cost=39.34..39.39 rows=10 width=121)
	  ->  Sort  (cost=39.34..39.36 rows=10 width=121)
	        Sort Key: c
	        ->  Index Scan using sbtest2_pkey on sbtest2  (cost=0.43..39.17 rows=10 width=121)
	              Index Cond: ((id >= 5977112) AND (id <= 5977121))

table 3 : explain SELECT DISTINCT c FROM sbtest3 WHERE id BETWEEN 6062804 AND 6062813 ORDER BY c
	Unique  (cost=35.98..36.03 rows=9 width=121)
	  ->  Sort  (cost=35.98..36.01 rows=9 width=121)
	        Sort Key: c
	        ->  Index Scan using sbtest3_pkey on sbtest3  (cost=0.43..35.84 rows=9 width=121)
	              Index Cond: ((id >= 6062804) AND (id <= 6062813))

table 4 : explain SELECT DISTINCT c FROM sbtest4 WHERE id BETWEEN 2766127 AND 2766136 ORDER BY c
	Unique  (cost=42.23..42.28 rows=11 width=121)
	  ->  Sort  (cost=42.23..42.25 rows=11 width=121)
	        Sort Key: c
	        ->  Index Scan using sbtest4_pkey on sbtest4  (cost=0.43..42.04 rows=11 width=121)
	              Index Cond: ((id >= 2766127) AND (id <= 2766136))

table 5 : explain SELECT DISTINCT c FROM sbtest5 WHERE id BETWEEN 5253587 AND 5253596 ORDER BY c
	Unique  (cost=35.94..35.99 rows=9 width=121)
	  ->  Sort  (cost=35.94..35.96 rows=9 width=121)
	        Sort Key: c
	        ->  Index Scan using sbtest5_pkey on sbtest5  (cost=0.43..35.80 rows=9 width=121)
	              Index Cond: ((id >= 5253587) AND (id <= 5253596))

table 6 : explain SELECT DISTINCT c FROM sbtest6 WHERE id BETWEEN 1437957 AND 1437966 ORDER BY c
	Unique  (cost=39.53..39.58 rows=10 width=121)
	  ->  Sort  (cost=39.53..39.56 rows=10 width=121)
	        Sort Key: c
	        ->  Index Scan using sbtest6_pkey on sbtest6  (cost=0.43..39.36 rows=10 width=121)
	              Index Cond: ((id >= 1437957) AND (id <= 1437966))

table 7 : explain SELECT DISTINCT c FROM sbtest7 WHERE id BETWEEN 3761020 AND 3761029 ORDER BY c
	Unique  (cost=39.42..39.47 rows=10 width=121)
	  ->  Sort  (cost=39.42..39.45 rows=10 width=121)
	        Sort Key: c
	        ->  Index Scan using sbtest7_pkey on sbtest7  (cost=0.43..39.25 rows=10 width=121)
	              Index Cond: ((id >= 3761020) AND (id <= 3761029))

table 8 : explain SELECT DISTINCT c FROM sbtest8 WHERE id BETWEEN 1721629 AND 1721638 ORDER BY c
	Unique  (cost=38.74..38.79 rows=10 width=121)
	  ->  Sort  (cost=38.74..38.76 rows=10 width=121)
	        Sort Key: c
	        ->  Index Scan using sbtest8_pkey on sbtest8  (cost=0.43..38.57 rows=10 width=121)
	              Index Cond: ((id >= 1721629) AND (id <= 1721638))

for deletes
table 1 : explain DELETE FROM sbtest1 WHERE id=5754205
	Delete on sbtest1  (cost=0.43..8.45 rows=0 width=0)
	  ->  Index Scan using sbtest1_pkey on sbtest1  (cost=0.43..8.45 rows=1 width=6)
	        Index Cond: (id = 5754205)

table 2 : explain DELETE FROM sbtest2 WHERE id=5743484
	Delete on sbtest2  (cost=0.43..8.45 rows=0 width=0)
	  ->  Index Scan using sbtest2_pkey on sbtest2  (cost=0.43..8.45 rows=1 width=6)
	        Index Cond: (id = 5743484)

table 3 : explain DELETE FROM sbtest3 WHERE id=6087209
	Delete on sbtest3  (cost=0.43..8.45 rows=0 width=0)
	  ->  Index Scan using sbtest3_pkey on sbtest3  (cost=0.43..8.45 rows=1 width=6)
	        Index Cond: (id = 6087209)

table 4 : explain DELETE FROM sbtest4 WHERE id=192463
	Delete on sbtest4  (cost=0.43..8.45 rows=0 width=0)
	  ->  Index Scan using sbtest4_pkey on sbtest4  (cost=0.43..8.45 rows=1 width=6)
	        Index Cond: (id = 192463)

table 5 : explain DELETE FROM sbtest5 WHERE id=9922325
	Delete on sbtest5  (cost=0.43..8.45 rows=0 width=0)
	  ->  Index Scan using sbtest5_pkey on sbtest5  (cost=0.43..8.45 rows=1 width=6)
	        Index Cond: (id = 9922325)

table 6 : explain DELETE FROM sbtest6 WHERE id=7391586
	Delete on sbtest6  (cost=0.43..8.45 rows=0 width=0)
	  ->  Index Scan using sbtest6_pkey on sbtest6  (cost=0.43..8.45 rows=1 width=6)
	        Index Cond: (id = 7391586)

table 7 : explain DELETE FROM sbtest7 WHERE id=9657443
	Delete on sbtest7  (cost=0.43..8.45 rows=0 width=0)
	  ->  Index Scan using sbtest7_pkey on sbtest7  (cost=0.43..8.45 rows=1 width=6)
	        Index Cond: (id = 9657443)

table 8 : explain DELETE FROM sbtest8 WHERE id=9251861
	Delete on sbtest8  (cost=0.43..8.45 rows=0 width=0)
	  ->  Index Scan using sbtest8_pkey on sbtest8  (cost=0.43..8.45 rows=1 width=6)
	        Index Cond: (id = 9251861)

explain: for inserts :: explain INSERT INTO sbtest%u (id, k, c, pad) VALUES (%u, 13, 'foobar', 'foobar')
explain: for index_updates :: explain UPDATE sbtest%u SET k=k+1 WHERE id=%u
explain: for index_updates :: explain UPDATE sbtest%u SET k=k+1 WHERE id=%u
explain: for index_updates :: explain UPDATE sbtest%u SET k=k+1 WHERE id=%u
for deletes
table 1 : explain DELETE FROM sbtest1 WHERE id=7120068
	Delete on sbtest1  (cost=0.43..8.45 rows=0 width=0)
	  ->  Index Scan using sbtest1_pkey on sbtest1  (cost=0.43..8.45 rows=1 width=6)
	        Index Cond: (id = 7120068)

table 2 : explain DELETE FROM sbtest2 WHERE id=9687842
	Delete on sbtest2  (cost=0.43..8.45 rows=0 width=0)
	  ->  Index Scan using sbtest2_pkey on sbtest2  (cost=0.43..8.45 rows=1 width=6)
	        Index Cond: (id = 9687842)

table 3 : explain DELETE FROM sbtest3 WHERE id=2468394
	Delete on sbtest3  (cost=0.43..8.45 rows=0 width=0)
	  ->  Index Scan using sbtest3_pkey on sbtest3  (cost=0.43..8.45 rows=1 width=6)
	        Index Cond: (id = 2468394)

table 4 : explain DELETE FROM sbtest4 WHERE id=1295580
	Delete on sbtest4  (cost=0.43..8.45 rows=0 width=0)
	  ->  Index Scan using sbtest4_pkey on sbtest4  (cost=0.43..8.45 rows=1 width=6)
	        Index Cond: (id = 1295580)

table 5 : explain DELETE FROM sbtest5 WHERE id=4667176
	Delete on sbtest5  (cost=0.43..8.45 rows=0 width=0)
	  ->  Index Scan using sbtest5_pkey on sbtest5  (cost=0.43..8.45 rows=1 width=6)
	        Index Cond: (id = 4667176)

table 6 : explain DELETE FROM sbtest6 WHERE id=4091793
	Delete on sbtest6  (cost=0.43..8.45 rows=0 width=0)
	  ->  Index Scan using sbtest6_pkey on sbtest6  (cost=0.43..8.45 rows=1 width=6)
	        Index Cond: (id = 4091793)

table 7 : explain DELETE FROM sbtest7 WHERE id=5023501
	Delete on sbtest7  (cost=0.43..8.45 rows=0 width=0)
	  ->  Index Scan using sbtest7_pkey on sbtest7  (cost=0.43..8.45 rows=1 width=6)
	        Index Cond: (id = 5023501)

table 8 : explain DELETE FROM sbtest8 WHERE id=8893119
	Delete on sbtest8  (cost=0.43..8.45 rows=0 width=0)
	  ->  Index Scan using sbtest8_pkey on sbtest8  (cost=0.43..8.45 rows=1 width=6)
	        Index Cond: (id = 8893119)

for index_updates
table 1 : explain UPDATE sbtest1 SET k=k+1 WHERE id=7009229
	Update on sbtest1  (cost=0.43..8.46 rows=0 width=0)
	  ->  Index Scan using sbtest1_pkey on sbtest1  (cost=0.43..8.46 rows=1 width=10)
	        Index Cond: (id = 7009229)

table 2 : explain UPDATE sbtest2 SET k=k+1 WHERE id=7633688
	Update on sbtest2  (cost=0.43..8.46 rows=0 width=0)
	  ->  Index Scan using sbtest2_pkey on sbtest2  (cost=0.43..8.46 rows=1 width=10)
	        Index Cond: (id = 7633688)

table 3 : explain UPDATE sbtest3 SET k=k+1 WHERE id=6253832
	Update on sbtest3  (cost=0.43..8.46 rows=0 width=0)
	  ->  Index Scan using sbtest3_pkey on sbtest3  (cost=0.43..8.46 rows=1 width=10)
	        Index Cond: (id = 6253832)

table 4 : explain UPDATE sbtest4 SET k=k+1 WHERE id=350139
	Update on sbtest4  (cost=0.43..8.46 rows=0 width=0)
	  ->  Index Scan using sbtest4_pkey on sbtest4  (cost=0.43..8.46 rows=1 width=10)
	        Index Cond: (id = 350139)

table 5 : explain UPDATE sbtest5 SET k=k+1 WHERE id=3766568
	Update on sbtest5  (cost=0.43..8.46 rows=0 width=0)
	  ->  Index Scan using sbtest5_pkey on sbtest5  (cost=0.43..8.46 rows=1 width=10)
	        Index Cond: (id = 3766568)

table 6 : explain UPDATE sbtest6 SET k=k+1 WHERE id=3442104
	Update on sbtest6  (cost=0.43..8.46 rows=0 width=0)
	  ->  Index Scan using sbtest6_pkey on sbtest6  (cost=0.43..8.46 rows=1 width=10)
	        Index Cond: (id = 3442104)

table 7 : explain UPDATE sbtest7 SET k=k+1 WHERE id=6246523
	Update on sbtest7  (cost=0.43..8.46 rows=0 width=0)
	  ->  Index Scan using sbtest7_pkey on sbtest7  (cost=0.43..8.46 rows=1 width=10)
	        Index Cond: (id = 6246523)

table 8 : explain UPDATE sbtest8 SET k=k+1 WHERE id=2494732
	Update on sbtest8  (cost=0.43..8.46 rows=0 width=0)
	  ->  Index Scan using sbtest8_pkey on sbtest8  (cost=0.43..8.46 rows=1 width=10)
	        Index Cond: (id = 2494732)

for index_updates
table 1 : explain UPDATE sbtest1 SET k=k+1 WHERE id=2771335
	Update on sbtest1  (cost=0.43..8.46 rows=0 width=0)
	  ->  Index Scan using sbtest1_pkey on sbtest1  (cost=0.43..8.46 rows=1 width=10)
	        Index Cond: (id = 2771335)

table 2 : explain UPDATE sbtest2 SET k=k+1 WHERE id=6982409
	Update on sbtest2  (cost=0.43..8.46 rows=0 width=0)
	  ->  Index Scan using sbtest2_pkey on sbtest2  (cost=0.43..8.46 rows=1 width=10)
	        Index Cond: (id = 6982409)

table 3 : explain UPDATE sbtest3 SET k=k+1 WHERE id=6705773
	Update on sbtest3  (cost=0.43..8.46 rows=0 width=0)
	  ->  Index Scan using sbtest3_pkey on sbtest3  (cost=0.43..8.46 rows=1 width=10)
	        Index Cond: (id = 6705773)

table 4 : explain UPDATE sbtest4 SET k=k+1 WHERE id=6901654
	Update on sbtest4  (cost=0.43..8.46 rows=0 width=0)
	  ->  Index Scan using sbtest4_pkey on sbtest4  (cost=0.43..8.46 rows=1 width=10)
	        Index Cond: (id = 6901654)

table 5 : explain UPDATE sbtest5 SET k=k+1 WHERE id=6518205
	Update on sbtest5  (cost=0.43..8.46 rows=0 width=0)
	  ->  Index Scan using sbtest5_pkey on sbtest5  (cost=0.43..8.46 rows=1 width=10)
	        Index Cond: (id = 6518205)

table 6 : explain UPDATE sbtest6 SET k=k+1 WHERE id=7024200
	Update on sbtest6  (cost=0.43..8.46 rows=0 width=0)
	  ->  Index Scan using sbtest6_pkey on sbtest6  (cost=0.43..8.46 rows=1 width=10)
	        Index Cond: (id = 7024200)

table 7 : explain UPDATE sbtest7 SET k=k+1 WHERE id=7936931
	Update on sbtest7  (cost=0.43..8.46 rows=0 width=0)
	  ->  Index Scan using sbtest7_pkey on sbtest7  (cost=0.43..8.46 rows=1 width=10)
	        Index Cond: (id = 7936931)

table 8 : explain UPDATE sbtest8 SET k=k+1 WHERE id=6198358
	Update on sbtest8  (cost=0.43..8.46 rows=0 width=0)
	  ->  Index Scan using sbtest8_pkey on sbtest8  (cost=0.43..8.46 rows=1 width=10)
	        Index Cond: (id = 6198358)

for deletes
table 1 : explain DELETE FROM sbtest1 WHERE id=3522405
	Delete on sbtest1  (cost=0.43..8.45 rows=0 width=0)
	  ->  Index Scan using sbtest1_pkey on sbtest1  (cost=0.43..8.45 rows=1 width=6)
	        Index Cond: (id = 3522405)

table 2 : explain DELETE FROM sbtest2 WHERE id=8226203
	Delete on sbtest2  (cost=0.43..8.45 rows=0 width=0)
	  ->  Index Scan using sbtest2_pkey on sbtest2  (cost=0.43..8.45 rows=1 width=6)
	        Index Cond: (id = 8226203)

table 3 : explain DELETE FROM sbtest3 WHERE id=8359641
	Delete on sbtest3  (cost=0.43..8.45 rows=0 width=0)
	  ->  Index Scan using sbtest3_pkey on sbtest3  (cost=0.43..8.45 rows=1 width=6)
	        Index Cond: (id = 8359641)

table 4 : explain DELETE FROM sbtest4 WHERE id=917437
	Delete on sbtest4  (cost=0.43..8.45 rows=0 width=0)
	  ->  Index Scan using sbtest4_pkey on sbtest4  (cost=0.43..8.45 rows=1 width=6)
	        Index Cond: (id = 917437)

table 5 : explain DELETE FROM sbtest5 WHERE id=1710724
	Delete on sbtest5  (cost=0.43..8.45 rows=0 width=0)
	  ->  Index Scan using sbtest5_pkey on sbtest5  (cost=0.43..8.45 rows=1 width=6)
	        Index Cond: (id = 1710724)

table 6 : explain DELETE FROM sbtest6 WHERE id=120594
	Delete on sbtest6  (cost=0.43..8.45 rows=0 width=0)
	  ->  Index Scan using sbtest6_pkey on sbtest6  (cost=0.43..8.45 rows=1 width=6)
	        Index Cond: (id = 120594)

table 7 : explain DELETE FROM sbtest7 WHERE id=9740600
	Delete on sbtest7  (cost=0.43..8.45 rows=0 width=0)
	  ->  Index Scan using sbtest7_pkey on sbtest7  (cost=0.43..8.45 rows=1 width=6)
	        Index Cond: (id = 9740600)

table 8 : explain DELETE FROM sbtest8 WHERE id=665434
	Delete on sbtest8  (cost=0.43..8.45 rows=0 width=0)
	  ->  Index Scan using sbtest8_pkey on sbtest8  (cost=0.43..8.45 rows=1 width=6)
	        Index Cond: (id = 665434)

for index_updates
table 1 : explain UPDATE sbtest1 SET k=k+1 WHERE id=6978959
	Update on sbtest1  (cost=0.43..8.46 rows=0 width=0)
	  ->  Index Scan using sbtest1_pkey on sbtest1  (cost=0.43..8.46 rows=1 width=10)
	        Index Cond: (id = 6978959)

table 2 : explain UPDATE sbtest2 SET k=k+1 WHERE id=5381868
	Update on sbtest2  (cost=0.43..8.46 rows=0 width=0)
	  ->  Index Scan using sbtest2_pkey on sbtest2  (cost=0.43..8.46 rows=1 width=10)
	        Index Cond: (id = 5381868)

table 3 : explain UPDATE sbtest3 SET k=k+1 WHERE id=5961020
	Update on sbtest3  (cost=0.43..8.46 rows=0 width=0)
	  ->  Index Scan using sbtest3_pkey on sbtest3  (cost=0.43..8.46 rows=1 width=10)
	        Index Cond: (id = 5961020)

table 4 : explain UPDATE sbtest4 SET k=k+1 WHERE id=7450588
	Update on sbtest4  (cost=0.43..8.46 rows=0 width=0)
	  ->  Index Scan using sbtest4_pkey on sbtest4  (cost=0.43..8.46 rows=1 width=10)
	        Index Cond: (id = 7450588)

table 5 : explain UPDATE sbtest5 SET k=k+1 WHERE id=321289
	Update on sbtest5  (cost=0.43..8.46 rows=0 width=0)
	  ->  Index Scan using sbtest5_pkey on sbtest5  (cost=0.43..8.46 rows=1 width=10)
	        Index Cond: (id = 321289)

table 6 : explain UPDATE sbtest6 SET k=k+1 WHERE id=122428
	Update on sbtest6  (cost=0.43..8.46 rows=0 width=0)
	  ->  Index Scan using sbtest6_pkey on sbtest6  (cost=0.43..8.46 rows=1 width=10)
	        Index Cond: (id = 122428)

table 7 : explain UPDATE sbtest7 SET k=k+1 WHERE id=9425137
	Update on sbtest7  (cost=0.43..8.46 rows=0 width=0)
	  ->  Index Scan using sbtest7_pkey on sbtest7  (cost=0.43..8.46 rows=1 width=10)
	        Index Cond: (id = 9425137)

table 8 : explain UPDATE sbtest8 SET k=k+1 WHERE id=5378018
	Update on sbtest8  (cost=0.43..8.46 rows=0 width=0)
	  ->  Index Scan using sbtest8_pkey on sbtest8  (cost=0.43..8.46 rows=1 width=10)
	        Index Cond: (id = 5378018)

for index_updates
table 1 : explain UPDATE sbtest1 SET k=k+1 WHERE id=1520497
	Update on sbtest1  (cost=0.43..8.46 rows=0 width=0)
	  ->  Index Scan using sbtest1_pkey on sbtest1  (cost=0.43..8.46 rows=1 width=10)
	        Index Cond: (id = 1520497)

table 2 : explain UPDATE sbtest2 SET k=k+1 WHERE id=9459329
	Update on sbtest2  (cost=0.43..8.46 rows=0 width=0)
	  ->  Index Scan using sbtest2_pkey on sbtest2  (cost=0.43..8.46 rows=1 width=10)
	        Index Cond: (id = 9459329)

table 3 : explain UPDATE sbtest3 SET k=k+1 WHERE id=5176656
	Update on sbtest3  (cost=0.43..8.46 rows=0 width=0)
	  ->  Index Scan using sbtest3_pkey on sbtest3  (cost=0.43..8.46 rows=1 width=10)
	        Index Cond: (id = 5176656)

table 4 : explain UPDATE sbtest4 SET k=k+1 WHERE id=34442
	Update on sbtest4  (cost=0.43..8.46 rows=0 width=0)
	  ->  Index Scan using sbtest4_pkey on sbtest4  (cost=0.43..8.46 rows=1 width=10)
	        Index Cond: (id = 34442)

table 5 : explain UPDATE sbtest5 SET k=k+1 WHERE id=6018748
	Update on sbtest5  (cost=0.43..8.46 rows=0 width=0)
	  ->  Index Scan using sbtest5_pkey on sbtest5  (cost=0.43..8.46 rows=1 width=10)
	        Index Cond: (id = 6018748)

table 6 : explain UPDATE sbtest6 SET k=k+1 WHERE id=4451533
	Update on sbtest6  (cost=0.43..8.46 rows=0 width=0)
	  ->  Index Scan using sbtest6_pkey on sbtest6  (cost=0.43..8.46 rows=1 width=10)
	        Index Cond: (id = 4451533)

table 7 : explain UPDATE sbtest7 SET k=k+1 WHERE id=7759269
	Update on sbtest7  (cost=0.43..8.46 rows=0 width=0)
	  ->  Index Scan using sbtest7_pkey on sbtest7  (cost=0.43..8.46 rows=1 width=10)
	        Index Cond: (id = 7759269)

table 8 : explain UPDATE sbtest8 SET k=k+1 WHERE id=7814693
	Update on sbtest8  (cost=0.43..8.46 rows=0 width=0)
	  ->  Index Scan using sbtest8_pkey on sbtest8  (cost=0.43..8.46 rows=1 width=10)
	        Index Cond: (id = 7814693)

explain: for non_index_updates :: explain UPDATE sbtest%u SET c='foobar' WHERE id=%u
for index_updates
table 1 : explain UPDATE sbtest1 SET k=k+1 WHERE id=401632
	Update on sbtest1  (cost=0.43..8.46 rows=0 width=0)
	  ->  Index Scan using sbtest1_pkey on sbtest1  (cost=0.43..8.46 rows=1 width=10)
	        Index Cond: (id = 401632)

table 2 : explain UPDATE sbtest2 SET k=k+1 WHERE id=1705949
	Update on sbtest2  (cost=0.43..8.46 rows=0 width=0)
	  ->  Index Scan using sbtest2_pkey on sbtest2  (cost=0.43..8.46 rows=1 width=10)
	        Index Cond: (id = 1705949)

table 3 : explain UPDATE sbtest3 SET k=k+1 WHERE id=7770559
	Update on sbtest3  (cost=0.43..8.46 rows=0 width=0)
	  ->  Index Scan using sbtest3_pkey on sbtest3  (cost=0.43..8.46 rows=1 width=10)
	        Index Cond: (id = 7770559)

table 4 : explain UPDATE sbtest4 SET k=k+1 WHERE id=1301444
	Update on sbtest4  (cost=0.43..8.46 rows=0 width=0)
	  ->  Index Scan using sbtest4_pkey on sbtest4  (cost=0.43..8.46 rows=1 width=10)
	        Index Cond: (id = 1301444)

table 5 : explain UPDATE sbtest5 SET k=k+1 WHERE id=5388745
	Update on sbtest5  (cost=0.43..8.46 rows=0 width=0)
	  ->  Index Scan using sbtest5_pkey on sbtest5  (cost=0.43..8.46 rows=1 width=10)
	        Index Cond: (id = 5388745)

table 6 : explain UPDATE sbtest6 SET k=k+1 WHERE id=3135792
	Update on sbtest6  (cost=0.43..8.46 rows=0 width=0)
	  ->  Index Scan using sbtest6_pkey on sbtest6  (cost=0.43..8.46 rows=1 width=10)
	        Index Cond: (id = 3135792)

table 7 : explain UPDATE sbtest7 SET k=k+1 WHERE id=7325912
	Update on sbtest7  (cost=0.43..8.46 rows=0 width=0)
	  ->  Index Scan using sbtest7_pkey on sbtest7  (cost=0.43..8.46 rows=1 width=10)
	        Index Cond: (id = 7325912)

table 8 : explain UPDATE sbtest8 SET k=k+1 WHERE id=4945185
	Update on sbtest8  (cost=0.43..8.46 rows=0 width=0)
	  ->  Index Scan using sbtest8_pkey on sbtest8  (cost=0.43..8.46 rows=1 width=10)
	        Index Cond: (id = 4945185)

explain: for inserts :: explain INSERT INTO sbtest%u (id, k, c, pad) VALUES (%u, 13, 'foobar', 'foobar')
explain: for non_index_updates :: explain UPDATE sbtest%u SET c='foobar' WHERE id=%u
explain: for non_index_updates :: explain UPDATE sbtest%u SET c='foobar' WHERE id=%u
explain: for inserts :: explain INSERT INTO sbtest%u (id, k, c, pad) VALUES (%u, 13, 'foobar', 'foobar')
explain: for non_index_updates :: explain UPDATE sbtest%u SET c='foobar' WHERE id=%u
explain: for non_index_updates :: explain UPDATE sbtest%u SET c='foobar' WHERE id=%u
for inserts
table 1 : explain INSERT INTO sbtest1 (id, k, c, pad) VALUES (6001100, 13, 'foobar', 'foobar')
	Insert on sbtest1  (cost=0.00..0.01 rows=0 width=0)
	  ->  Result  (cost=0.00..0.01 rows=1 width=736)

table 2 : explain INSERT INTO sbtest2 (id, k, c, pad) VALUES (4468854, 13, 'foobar', 'foobar')
	Insert on sbtest2  (cost=0.00..0.01 rows=0 width=0)
	  ->  Result  (cost=0.00..0.01 rows=1 width=736)

table 3 : explain INSERT INTO sbtest3 (id, k, c, pad) VALUES (6455060, 13, 'foobar', 'foobar')
	Insert on sbtest3  (cost=0.00..0.01 rows=0 width=0)
	  ->  Result  (cost=0.00..0.01 rows=1 width=736)

table 4 : explain INSERT INTO sbtest4 (id, k, c, pad) VALUES (611339, 13, 'foobar', 'foobar')
	Insert on sbtest4  (cost=0.00..0.01 rows=0 width=0)
	  ->  Result  (cost=0.00..0.01 rows=1 width=736)

table 5 : explain INSERT INTO sbtest5 (id, k, c, pad) VALUES (4820593, 13, 'foobar', 'foobar')
	Insert on sbtest5  (cost=0.00..0.01 rows=0 width=0)
	  ->  Result  (cost=0.00..0.01 rows=1 width=736)

table 6 : explain INSERT INTO sbtest6 (id, k, c, pad) VALUES (2957082, 13, 'foobar', 'foobar')
	Insert on sbtest6  (cost=0.00..0.01 rows=0 width=0)
	  ->  Result  (cost=0.00..0.01 rows=1 width=736)

table 7 : explain INSERT INTO sbtest7 (id, k, c, pad) VALUES (4773020, 13, 'foobar', 'foobar')
	Insert on sbtest7  (cost=0.00..0.01 rows=0 width=0)
	  ->  Result  (cost=0.00..0.01 rows=1 width=736)

table 8 : explain INSERT INTO sbtest8 (id, k, c, pad) VALUES (9272503, 13, 'foobar', 'foobar')
	Insert on sbtest8  (cost=0.00..0.01 rows=0 width=0)
	  ->  Result  (cost=0.00..0.01 rows=1 width=736)

explain: for inserts :: explain INSERT INTO sbtest%u (id, k, c, pad) VALUES (%u, 13, 'foobar', 'foobar')
for non_index_updates
table 1 : explain UPDATE sbtest1 SET c='foobar' WHERE id=6632995
	Update on sbtest1  (cost=0.43..8.45 rows=0 width=0)
	  ->  Index Scan using sbtest1_pkey on sbtest1  (cost=0.43..8.45 rows=1 width=490)
	        Index Cond: (id = 6632995)

table 2 : explain UPDATE sbtest2 SET c='foobar' WHERE id=4891461
	Update on sbtest2  (cost=0.43..8.45 rows=0 width=0)
	  ->  Index Scan using sbtest2_pkey on sbtest2  (cost=0.43..8.45 rows=1 width=490)
	        Index Cond: (id = 4891461)

table 3 : explain UPDATE sbtest3 SET c='foobar' WHERE id=3379738
	Update on sbtest3  (cost=0.43..8.45 rows=0 width=0)
	  ->  Index Scan using sbtest3_pkey on sbtest3  (cost=0.43..8.45 rows=1 width=490)
	        Index Cond: (id = 3379738)

table 4 : explain UPDATE sbtest4 SET c='foobar' WHERE id=3453413
	Update on sbtest4  (cost=0.43..8.45 rows=0 width=0)
	  ->  Index Scan using sbtest4_pkey on sbtest4  (cost=0.43..8.45 rows=1 width=490)
	        Index Cond: (id = 3453413)

table 5 : explain UPDATE sbtest5 SET c='foobar' WHERE id=8008473
	Update on sbtest5  (cost=0.43..8.45 rows=0 width=0)
	  ->  Index Scan using sbtest5_pkey on sbtest5  (cost=0.43..8.45 rows=1 width=490)
	        Index Cond: (id = 8008473)

table 6 : explain UPDATE sbtest6 SET c='foobar' WHERE id=2913826
	Update on sbtest6  (cost=0.43..8.45 rows=0 width=0)
	  ->  Index Scan using sbtest6_pkey on sbtest6  (cost=0.43..8.45 rows=1 width=490)
	        Index Cond: (id = 2913826)

table 7 : explain UPDATE sbtest7 SET c='foobar' WHERE id=6591802
	Update on sbtest7  (cost=0.43..8.45 rows=0 width=0)
	  ->  Index Scan using sbtest7_pkey on sbtest7  (cost=0.43..8.45 rows=1 width=490)
	        Index Cond: (id = 6591802)

table 8 : explain UPDATE sbtest8 SET c='foobar' WHERE id=7907092
	Update on sbtest8  (cost=0.43..8.45 rows=0 width=0)
	  ->  Index Scan using sbtest8_pkey on sbtest8  (cost=0.43..8.45 rows=1 width=490)
	        Index Cond: (id = 7907092)

for inserts
table 1 : explain INSERT INTO sbtest1 (id, k, c, pad) VALUES (9280335, 13, 'foobar', 'foobar')
	Insert on sbtest1  (cost=0.00..0.01 rows=0 width=0)
	  ->  Result  (cost=0.00..0.01 rows=1 width=736)

table 2 : explain INSERT INTO sbtest2 (id, k, c, pad) VALUES (9166836, 13, 'foobar', 'foobar')
	Insert on sbtest2  (cost=0.00..0.01 rows=0 width=0)
	  ->  Result  (cost=0.00..0.01 rows=1 width=736)

table 3 : explain INSERT INTO sbtest3 (id, k, c, pad) VALUES (3392899, 13, 'foobar', 'foobar')
	Insert on sbtest3  (cost=0.00..0.01 rows=0 width=0)
	  ->  Result  (cost=0.00..0.01 rows=1 width=736)

table 4 : explain INSERT INTO sbtest4 (id, k, c, pad) VALUES (4025357, 13, 'foobar', 'foobar')
	Insert on sbtest4  (cost=0.00..0.01 rows=0 width=0)
	  ->  Result  (cost=0.00..0.01 rows=1 width=736)

table 5 : explain INSERT INTO sbtest5 (id, k, c, pad) VALUES (3531649, 13, 'foobar', 'foobar')
	Insert on sbtest5  (cost=0.00..0.01 rows=0 width=0)
	  ->  Result  (cost=0.00..0.01 rows=1 width=736)

table 6 : explain INSERT INTO sbtest6 (id, k, c, pad) VALUES (8153356, 13, 'foobar', 'foobar')
	Insert on sbtest6  (cost=0.00..0.01 rows=0 width=0)
	  ->  Result  (cost=0.00..0.01 rows=1 width=736)

table 7 : explain INSERT INTO sbtest7 (id, k, c, pad) VALUES (9146772, 13, 'foobar', 'foobar')
	Insert on sbtest7  (cost=0.00..0.01 rows=0 width=0)
	  ->  Result  (cost=0.00..0.01 rows=1 width=736)

table 8 : explain INSERT INTO sbtest8 (id, k, c, pad) VALUES (1930198, 13, 'foobar', 'foobar')
	Insert on sbtest8  (cost=0.00..0.01 rows=0 width=0)
	  ->  Result  (cost=0.00..0.01 rows=1 width=736)

for non_index_updates
table 1 : explain UPDATE sbtest1 SET c='foobar' WHERE id=8464767
	Update on sbtest1  (cost=0.43..8.45 rows=0 width=0)
	  ->  Index Scan using sbtest1_pkey on sbtest1  (cost=0.43..8.45 rows=1 width=490)
	        Index Cond: (id = 8464767)

table 2 : explain UPDATE sbtest2 SET c='foobar' WHERE id=2139447
	Update on sbtest2  (cost=0.43..8.45 rows=0 width=0)
	  ->  Index Scan using sbtest2_pkey on sbtest2  (cost=0.43..8.45 rows=1 width=490)
	        Index Cond: (id = 2139447)

table 3 : explain UPDATE sbtest3 SET c='foobar' WHERE id=5908226
	Update on sbtest3  (cost=0.43..8.45 rows=0 width=0)
	  ->  Index Scan using sbtest3_pkey on sbtest3  (cost=0.43..8.45 rows=1 width=490)
	        Index Cond: (id = 5908226)

table 4 : explain UPDATE sbtest4 SET c='foobar' WHERE id=8837746
	Update on sbtest4  (cost=0.43..8.45 rows=0 width=0)
	  ->  Index Scan using sbtest4_pkey on sbtest4  (cost=0.43..8.45 rows=1 width=490)
	        Index Cond: (id = 8837746)

table 5 : explain UPDATE sbtest5 SET c='foobar' WHERE id=331110
	Update on sbtest5  (cost=0.43..8.45 rows=0 width=0)
	  ->  Index Scan using sbtest5_pkey on sbtest5  (cost=0.43..8.45 rows=1 width=490)
	        Index Cond: (id = 331110)

table 6 : explain UPDATE sbtest6 SET c='foobar' WHERE id=2233588
	Update on sbtest6  (cost=0.43..8.45 rows=0 width=0)
	  ->  Index Scan using sbtest6_pkey on sbtest6  (cost=0.43..8.45 rows=1 width=490)
	        Index Cond: (id = 2233588)

table 7 : explain UPDATE sbtest7 SET c='foobar' WHERE id=2081692
	Update on sbtest7  (cost=0.43..8.45 rows=0 width=0)
	  ->  Index Scan using sbtest7_pkey on sbtest7  (cost=0.43..8.45 rows=1 width=490)
	        Index Cond: (id = 2081692)

table 8 : explain UPDATE sbtest8 SET c='foobar' WHERE id=7722337
	Update on sbtest8  (cost=0.43..8.45 rows=0 width=0)
	  ->  Index Scan using sbtest8_pkey on sbtest8  (cost=0.43..8.45 rows=1 width=490)
	        Index Cond: (id = 7722337)

for non_index_updates
table 1 : explain UPDATE sbtest1 SET c='foobar' WHERE id=1636534
	Update on sbtest1  (cost=0.43..8.45 rows=0 width=0)
	  ->  Index Scan using sbtest1_pkey on sbtest1  (cost=0.43..8.45 rows=1 width=490)
	        Index Cond: (id = 1636534)

table 2 : explain UPDATE sbtest2 SET c='foobar' WHERE id=635226
	Update on sbtest2  (cost=0.43..8.45 rows=0 width=0)
	  ->  Index Scan using sbtest2_pkey on sbtest2  (cost=0.43..8.45 rows=1 width=490)
	        Index Cond: (id = 635226)

table 3 : explain UPDATE sbtest3 SET c='foobar' WHERE id=9911389
	Update on sbtest3  (cost=0.43..8.45 rows=0 width=0)
	  ->  Index Scan using sbtest3_pkey on sbtest3  (cost=0.43..8.45 rows=1 width=490)
	        Index Cond: (id = 9911389)

table 4 : explain UPDATE sbtest4 SET c='foobar' WHERE id=4638232
	Update on sbtest4  (cost=0.43..8.45 rows=0 width=0)
	  ->  Index Scan using sbtest4_pkey on sbtest4  (cost=0.43..8.45 rows=1 width=490)
	        Index Cond: (id = 4638232)

table 5 : explain UPDATE sbtest5 SET c='foobar' WHERE id=7917570
	Update on sbtest5  (cost=0.43..8.45 rows=0 width=0)
	  ->  Index Scan using sbtest5_pkey on sbtest5  (cost=0.43..8.45 rows=1 width=490)
	        Index Cond: (id = 7917570)

table 6 : explain UPDATE sbtest6 SET c='foobar' WHERE id=4310685
	Update on sbtest6  (cost=0.43..8.45 rows=0 width=0)
	  ->  Index Scan using sbtest6_pkey on sbtest6  (cost=0.43..8.45 rows=1 width=490)
	        Index Cond: (id = 4310685)

table 7 : explain UPDATE sbtest7 SET c='foobar' WHERE id=9914
	Update on sbtest7  (cost=0.43..8.45 rows=0 width=0)
	  ->  Index Scan using sbtest7_pkey on sbtest7  (cost=0.43..8.45 rows=1 width=490)
	        Index Cond: (id = 9914)

table 8 : explain UPDATE sbtest8 SET c='foobar' WHERE id=3987024
	Update on sbtest8  (cost=0.43..8.45 rows=0 width=0)
	  ->  Index Scan using sbtest8_pkey on sbtest8  (cost=0.43..8.45 rows=1 width=490)
	        Index Cond: (id = 3987024)

explain: for deletes :: explain DELETE FROM sbtest%u WHERE id=%u
for inserts
table 1 : explain INSERT INTO sbtest1 (id, k, c, pad) VALUES (2989763, 13, 'foobar', 'foobar')
	Insert on sbtest1  (cost=0.00..0.01 rows=0 width=0)
	  ->  Result  (cost=0.00..0.01 rows=1 width=736)

table 2 : explain INSERT INTO sbtest2 (id, k, c, pad) VALUES (8385825, 13, 'foobar', 'foobar')
	Insert on sbtest2  (cost=0.00..0.01 rows=0 width=0)
	  ->  Result  (cost=0.00..0.01 rows=1 width=736)

table 3 : explain INSERT INTO sbtest3 (id, k, c, pad) VALUES (4596667, 13, 'foobar', 'foobar')
	Insert on sbtest3  (cost=0.00..0.01 rows=0 width=0)
	  ->  Result  (cost=0.00..0.01 rows=1 width=736)

table 4 : explain INSERT INTO sbtest4 (id, k, c, pad) VALUES (5640659, 13, 'foobar', 'foobar')
	Insert on sbtest4  (cost=0.00..0.01 rows=0 width=0)
	  ->  Result  (cost=0.00..0.01 rows=1 width=736)

table 5 : explain INSERT INTO sbtest5 (id, k, c, pad) VALUES (3378257, 13, 'foobar', 'foobar')
	Insert on sbtest5  (cost=0.00..0.01 rows=0 width=0)
	  ->  Result  (cost=0.00..0.01 rows=1 width=736)

table 6 : explain INSERT INTO sbtest6 (id, k, c, pad) VALUES (998223, 13, 'foobar', 'foobar')
	Insert on sbtest6  (cost=0.00..0.01 rows=0 width=0)
	  ->  Result  (cost=0.00..0.01 rows=1 width=736)

table 7 : explain INSERT INTO sbtest7 (id, k, c, pad) VALUES (828785, 13, 'foobar', 'foobar')
	Insert on sbtest7  (cost=0.00..0.01 rows=0 width=0)
	  ->  Result  (cost=0.00..0.01 rows=1 width=736)

table 8 : explain INSERT INTO sbtest8 (id, k, c, pad) VALUES (4658973, 13, 'foobar', 'foobar')
	Insert on sbtest8  (cost=0.00..0.01 rows=0 width=0)
	  ->  Result  (cost=0.00..0.01 rows=1 width=736)

explain: for deletes :: explain DELETE FROM sbtest%u WHERE id=%u
for non_index_updates
table 1 : explain UPDATE sbtest1 SET c='foobar' WHERE id=8545842
	Update on sbtest1  (cost=0.43..8.45 rows=0 width=0)
	  ->  Index Scan using sbtest1_pkey on sbtest1  (cost=0.43..8.45 rows=1 width=490)
	        Index Cond: (id = 8545842)

table 2 : explain UPDATE sbtest2 SET c='foobar' WHERE id=7109704
	Update on sbtest2  (cost=0.43..8.45 rows=0 width=0)
	  ->  Index Scan using sbtest2_pkey on sbtest2  (cost=0.43..8.45 rows=1 width=490)
	        Index Cond: (id = 7109704)

table 3 : explain UPDATE sbtest3 SET c='foobar' WHERE id=3784527
	Update on sbtest3  (cost=0.43..8.45 rows=0 width=0)
	  ->  Index Scan using sbtest3_pkey on sbtest3  (cost=0.43..8.45 rows=1 width=490)
	        Index Cond: (id = 3784527)

table 4 : explain UPDATE sbtest4 SET c='foobar' WHERE id=4435661
	Update on sbtest4  (cost=0.43..8.45 rows=0 width=0)
	  ->  Index Scan using sbtest4_pkey on sbtest4  (cost=0.43..8.45 rows=1 width=490)
	        Index Cond: (id = 4435661)

table 5 : explain UPDATE sbtest5 SET c='foobar' WHERE id=4396966
	Update on sbtest5  (cost=0.43..8.45 rows=0 width=0)
	  ->  Index Scan using sbtest5_pkey on sbtest5  (cost=0.43..8.45 rows=1 width=490)
	        Index Cond: (id = 4396966)

table 6 : explain UPDATE sbtest6 SET c='foobar' WHERE id=6610172
	Update on sbtest6  (cost=0.43..8.45 rows=0 width=0)
	  ->  Index Scan using sbtest6_pkey on sbtest6  (cost=0.43..8.45 rows=1 width=490)
	        Index Cond: (id = 6610172)

table 7 : explain UPDATE sbtest7 SET c='foobar' WHERE id=3923009
	Update on sbtest7  (cost=0.43..8.45 rows=0 width=0)
	  ->  Index Scan using sbtest7_pkey on sbtest7  (cost=0.43..8.45 rows=1 width=490)
	        Index Cond: (id = 3923009)

table 8 : explain UPDATE sbtest8 SET c='foobar' WHERE id=6855151
	Update on sbtest8  (cost=0.43..8.45 rows=0 width=0)
	  ->  Index Scan using sbtest8_pkey on sbtest8  (cost=0.43..8.45 rows=1 width=490)
	        Index Cond: (id = 6855151)

for: distinct_ranges
table 1 : explain SELECT DISTINCT c FROM sbtest1 WHERE id BETWEEN 2178565 AND 2178574 ORDER BY c
	Unique  (cost=39.12..39.17 rows=10 width=121)
	  ->  Sort  (cost=39.12..39.14 rows=10 width=121)
	        Sort Key: c
	        ->  Index Scan using sbtest1_pkey on sbtest1  (cost=0.43..38.95 rows=10 width=121)
	              Index Cond: ((id >= 2178565) AND (id <= 2178574))

table 2 : explain SELECT DISTINCT c FROM sbtest2 WHERE id BETWEEN 4003905 AND 4003914 ORDER BY c
	Unique  (cost=39.34..39.39 rows=10 width=121)
	  ->  Sort  (cost=39.34..39.36 rows=10 width=121)
	        Sort Key: c
	        ->  Index Scan using sbtest2_pkey on sbtest2  (cost=0.43..39.17 rows=10 width=121)
	              Index Cond: ((id >= 4003905) AND (id <= 4003914))

table 3 : explain SELECT DISTINCT c FROM sbtest3 WHERE id BETWEEN 2936227 AND 2936236 ORDER BY c
	Unique  (cost=35.98..36.03 rows=9 width=121)
	  ->  Sort  (cost=35.98..36.01 rows=9 width=121)
	        Sort Key: c
	        ->  Index Scan using sbtest3_pkey on sbtest3  (cost=0.43..35.84 rows=9 width=121)
	              Index Cond: ((id >= 2936227) AND (id <= 2936236))

table 4 : explain SELECT DISTINCT c FROM sbtest4 WHERE id BETWEEN 5950107 AND 5950116 ORDER BY c
	Unique  (cost=35.46..35.51 rows=9 width=121)
	  ->  Sort  (cost=35.46..35.49 rows=9 width=121)
	        Sort Key: c
	        ->  Index Scan using sbtest4_pkey on sbtest4  (cost=0.43..35.32 rows=9 width=121)
	              Index Cond: ((id >= 5950107) AND (id <= 5950116))

table 5 : explain SELECT DISTINCT c FROM sbtest5 WHERE id BETWEEN 1484146 AND 1484155 ORDER BY c
	Unique  (cost=39.38..39.43 rows=10 width=121)
	  ->  Sort  (cost=39.38..39.41 rows=10 width=121)
	        Sort Key: c
	        ->  Index Scan using sbtest5_pkey on sbtest5  (cost=0.43..39.22 rows=10 width=121)
	              Index Cond: ((id >= 1484146) AND (id <= 1484155))

table 6 : explain SELECT DISTINCT c FROM sbtest6 WHERE id BETWEEN 770101 AND 770110 ORDER BY c
	Unique  (cost=42.99..43.04 rows=11 width=121)
	  ->  Sort  (cost=42.99..43.02 rows=11 width=121)
	        Sort Key: c
	        ->  Index Scan using sbtest6_pkey on sbtest6  (cost=0.43..42.80 rows=11 width=121)
	              Index Cond: ((id >= 770101) AND (id <= 770110))

table 7 : explain SELECT DISTINCT c FROM sbtest7 WHERE id BETWEEN 3082910 AND 3082919 ORDER BY c
	Unique  (cost=39.42..39.47 rows=10 width=121)
	  ->  Sort  (cost=39.42..39.45 rows=10 width=121)
	        Sort Key: c
	        ->  Index Scan using sbtest7_pkey on sbtest7  (cost=0.43..39.25 rows=10 width=121)
	              Index Cond: ((id >= 3082910) AND (id <= 3082919))

table 8 : explain SELECT DISTINCT c FROM sbtest8 WHERE id BETWEEN 204976 AND 204985 ORDER BY c
	Unique  (cost=42.11..42.16 rows=11 width=121)
	  ->  Sort  (cost=42.11..42.13 rows=11 width=121)
	        Sort Key: c
	        ->  Index Scan using sbtest8_pkey on sbtest8  (cost=0.43..41.92 rows=11 width=121)
	              Index Cond: ((id >= 204976) AND (id <= 204985))

explain: for deletes :: explain DELETE FROM sbtest%u WHERE id=%u
for non_index_updates
table 1 : explain UPDATE sbtest1 SET c='foobar' WHERE id=2314978
	Update on sbtest1  (cost=0.43..8.45 rows=0 width=0)
	  ->  Index Scan using sbtest1_pkey on sbtest1  (cost=0.43..8.45 rows=1 width=490)
	        Index Cond: (id = 2314978)

table 2 : explain UPDATE sbtest2 SET c='foobar' WHERE id=3341919
	Update on sbtest2  (cost=0.43..8.45 rows=0 width=0)
	  ->  Index Scan using sbtest2_pkey on sbtest2  (cost=0.43..8.45 rows=1 width=490)
	        Index Cond: (id = 3341919)

table 3 : explain UPDATE sbtest3 SET c='foobar' WHERE id=6129111
	Update on sbtest3  (cost=0.43..8.45 rows=0 width=0)
	  ->  Index Scan using sbtest3_pkey on sbtest3  (cost=0.43..8.45 rows=1 width=490)
	        Index Cond: (id = 6129111)

table 4 : explain UPDATE sbtest4 SET c='foobar' WHERE id=1101357
	Update on sbtest4  (cost=0.43..8.45 rows=0 width=0)
	  ->  Index Scan using sbtest4_pkey on sbtest4  (cost=0.43..8.45 rows=1 width=490)
	        Index Cond: (id = 1101357)

table 5 : explain UPDATE sbtest5 SET c='foobar' WHERE id=5066346
	Update on sbtest5  (cost=0.43..8.45 rows=0 width=0)
	  ->  Index Scan using sbtest5_pkey on sbtest5  (cost=0.43..8.45 rows=1 width=490)
	        Index Cond: (id = 5066346)

table 6 : explain UPDATE sbtest6 SET c='foobar' WHERE id=9744247
	Update on sbtest6  (cost=0.43..8.45 rows=0 width=0)
	  ->  Index Scan using sbtest6_pkey on sbtest6  (cost=0.43..8.45 rows=1 width=490)
	        Index Cond: (id = 9744247)

table 7 : explain UPDATE sbtest7 SET c='foobar' WHERE id=2718665
	Update on sbtest7  (cost=0.43..8.45 rows=0 width=0)
	  ->  Index Scan using sbtest7_pkey on sbtest7  (cost=0.43..8.45 rows=1 width=490)
	        Index Cond: (id = 2718665)

table 8 : explain UPDATE sbtest8 SET c='foobar' WHERE id=7950741
	Update on sbtest8  (cost=0.43..8.45 rows=0 width=0)
	  ->  Index Scan using sbtest8_pkey on sbtest8  (cost=0.43..8.45 rows=1 width=490)
	        Index Cond: (id = 7950741)

explain: for deletes :: explain DELETE FROM sbtest%u WHERE id=%u
explain: for deletes :: explain DELETE FROM sbtest%u WHERE id=%u
for deletes
table 1 : explain DELETE FROM sbtest1 WHERE id=6978194
	Delete on sbtest1  (cost=0.43..8.45 rows=0 width=0)
	  ->  Index Scan using sbtest1_pkey on sbtest1  (cost=0.43..8.45 rows=1 width=6)
	        Index Cond: (id = 6978194)

table 2 : explain DELETE FROM sbtest2 WHERE id=5523902
	Delete on sbtest2  (cost=0.43..8.45 rows=0 width=0)
	  ->  Index Scan using sbtest2_pkey on sbtest2  (cost=0.43..8.45 rows=1 width=6)
	        Index Cond: (id = 5523902)

table 3 : explain DELETE FROM sbtest3 WHERE id=2613902
	Delete on sbtest3  (cost=0.43..8.45 rows=0 width=0)
	  ->  Index Scan using sbtest3_pkey on sbtest3  (cost=0.43..8.45 rows=1 width=6)
	        Index Cond: (id = 2613902)

table 4 : explain DELETE FROM sbtest4 WHERE id=3268520
	Delete on sbtest4  (cost=0.43..8.45 rows=0 width=0)
	  ->  Index Scan using sbtest4_pkey on sbtest4  (cost=0.43..8.45 rows=1 width=6)
	        Index Cond: (id = 3268520)

table 5 : explain DELETE FROM sbtest5 WHERE id=5037341
	Delete on sbtest5  (cost=0.43..8.45 rows=0 width=0)
	  ->  Index Scan using sbtest5_pkey on sbtest5  (cost=0.43..8.45 rows=1 width=6)
	        Index Cond: (id = 5037341)

table 6 : explain DELETE FROM sbtest6 WHERE id=299130
	Delete on sbtest6  (cost=0.43..8.45 rows=0 width=0)
	  ->  Index Scan using sbtest6_pkey on sbtest6  (cost=0.43..8.45 rows=1 width=6)
	        Index Cond: (id = 299130)

table 7 : explain DELETE FROM sbtest7 WHERE id=3379740
	Delete on sbtest7  (cost=0.43..8.45 rows=0 width=0)
	  ->  Index Scan using sbtest7_pkey on sbtest7  (cost=0.43..8.45 rows=1 width=6)
	        Index Cond: (id = 3379740)

table 8 : explain DELETE FROM sbtest8 WHERE id=546787
	Delete on sbtest8  (cost=0.43..8.45 rows=0 width=0)
	  ->  Index Scan using sbtest8_pkey on sbtest8  (cost=0.43..8.45 rows=1 width=6)
	        Index Cond: (id = 546787)

for inserts
table 1 : explain INSERT INTO sbtest1 (id, k, c, pad) VALUES (8283123, 13, 'foobar', 'foobar')
	Insert on sbtest1  (cost=0.00..0.01 rows=0 width=0)
	  ->  Result  (cost=0.00..0.01 rows=1 width=736)

table 2 : explain INSERT INTO sbtest2 (id, k, c, pad) VALUES (4797816, 13, 'foobar', 'foobar')
	Insert on sbtest2  (cost=0.00..0.01 rows=0 width=0)
	  ->  Result  (cost=0.00..0.01 rows=1 width=736)

table 3 : explain INSERT INTO sbtest3 (id, k, c, pad) VALUES (2995095, 13, 'foobar', 'foobar')
	Insert on sbtest3  (cost=0.00..0.01 rows=0 width=0)
	  ->  Result  (cost=0.00..0.01 rows=1 width=736)

table 4 : explain INSERT INTO sbtest4 (id, k, c, pad) VALUES (6173565, 13, 'foobar', 'foobar')
	Insert on sbtest4  (cost=0.00..0.01 rows=0 width=0)
	  ->  Result  (cost=0.00..0.01 rows=1 width=736)

table 5 : explain INSERT INTO sbtest5 (id, k, c, pad) VALUES (5179097, 13, 'foobar', 'foobar')
	Insert on sbtest5  (cost=0.00..0.01 rows=0 width=0)
	  ->  Result  (cost=0.00..0.01 rows=1 width=736)

table 6 : explain INSERT INTO sbtest6 (id, k, c, pad) VALUES (6608171, 13, 'foobar', 'foobar')
	Insert on sbtest6  (cost=0.00..0.01 rows=0 width=0)
	  ->  Result  (cost=0.00..0.01 rows=1 width=736)

table 7 : explain INSERT INTO sbtest7 (id, k, c, pad) VALUES (2345064, 13, 'foobar', 'foobar')
	Insert on sbtest7  (cost=0.00..0.01 rows=0 width=0)
	  ->  Result  (cost=0.00..0.01 rows=1 width=736)

table 8 : explain INSERT INTO sbtest8 (id, k, c, pad) VALUES (3129431, 13, 'foobar', 'foobar')
	Insert on sbtest8  (cost=0.00..0.01 rows=0 width=0)
	  ->  Result  (cost=0.00..0.01 rows=1 width=736)

for deletes
table 1 : explain DELETE FROM sbtest1 WHERE id=1044026
	Delete on sbtest1  (cost=0.43..8.45 rows=0 width=0)
	  ->  Index Scan using sbtest1_pkey on sbtest1  (cost=0.43..8.45 rows=1 width=6)
	        Index Cond: (id = 1044026)

table 2 : explain DELETE FROM sbtest2 WHERE id=3154287
	Delete on sbtest2  (cost=0.43..8.45 rows=0 width=0)
	  ->  Index Scan using sbtest2_pkey on sbtest2  (cost=0.43..8.45 rows=1 width=6)
	        Index Cond: (id = 3154287)

table 3 : explain DELETE FROM sbtest3 WHERE id=5654211
	Delete on sbtest3  (cost=0.43..8.45 rows=0 width=0)
	  ->  Index Scan using sbtest3_pkey on sbtest3  (cost=0.43..8.45 rows=1 width=6)
	        Index Cond: (id = 5654211)

table 4 : explain DELETE FROM sbtest4 WHERE id=336256
	Delete on sbtest4  (cost=0.43..8.45 rows=0 width=0)
	  ->  Index Scan using sbtest4_pkey on sbtest4  (cost=0.43..8.45 rows=1 width=6)
	        Index Cond: (id = 336256)

table 5 : explain DELETE FROM sbtest5 WHERE id=6073554
	Delete on sbtest5  (cost=0.43..8.45 rows=0 width=0)
	  ->  Index Scan using sbtest5_pkey on sbtest5  (cost=0.43..8.45 rows=1 width=6)
	        Index Cond: (id = 6073554)

table 6 : explain DELETE FROM sbtest6 WHERE id=3457003
	Delete on sbtest6  (cost=0.43..8.45 rows=0 width=0)
	  ->  Index Scan using sbtest6_pkey on sbtest6  (cost=0.43..8.45 rows=1 width=6)
	        Index Cond: (id = 3457003)

table 7 : explain DELETE FROM sbtest7 WHERE id=9859516
	Delete on sbtest7  (cost=0.43..8.45 rows=0 width=0)
	  ->  Index Scan using sbtest7_pkey on sbtest7  (cost=0.43..8.45 rows=1 width=6)
	        Index Cond: (id = 9859516)

table 8 : explain DELETE FROM sbtest8 WHERE id=8387555
	Delete on sbtest8  (cost=0.43..8.45 rows=0 width=0)
	  ->  Index Scan using sbtest8_pkey on sbtest8  (cost=0.43..8.45 rows=1 width=6)
	        Index Cond: (id = 8387555)

for deletes
table 1 : explain DELETE FROM sbtest1 WHERE id=5060406
	Delete on sbtest1  (cost=0.43..8.45 rows=0 width=0)
	  ->  Index Scan using sbtest1_pkey on sbtest1  (cost=0.43..8.45 rows=1 width=6)
	        Index Cond: (id = 5060406)

table 2 : explain DELETE FROM sbtest2 WHERE id=6113740
	Delete on sbtest2  (cost=0.43..8.45 rows=0 width=0)
	  ->  Index Scan using sbtest2_pkey on sbtest2  (cost=0.43..8.45 rows=1 width=6)
	        Index Cond: (id = 6113740)

table 3 : explain DELETE FROM sbtest3 WHERE id=8185341
	Delete on sbtest3  (cost=0.43..8.45 rows=0 width=0)
	  ->  Index Scan using sbtest3_pkey on sbtest3  (cost=0.43..8.45 rows=1 width=6)
	        Index Cond: (id = 8185341)

table 4 : explain DELETE FROM sbtest4 WHERE id=4731362
	Delete on sbtest4  (cost=0.43..8.45 rows=0 width=0)
	  ->  Index Scan using sbtest4_pkey on sbtest4  (cost=0.43..8.45 rows=1 width=6)
	        Index Cond: (id = 4731362)

table 5 : explain DELETE FROM sbtest5 WHERE id=2137998
	Delete on sbtest5  (cost=0.43..8.45 rows=0 width=0)
	  ->  Index Scan using sbtest5_pkey on sbtest5  (cost=0.43..8.45 rows=1 width=6)
	        Index Cond: (id = 2137998)

table 6 : explain DELETE FROM sbtest6 WHERE id=5078907
	Delete on sbtest6  (cost=0.43..8.45 rows=0 width=0)
	  ->  Index Scan using sbtest6_pkey on sbtest6  (cost=0.43..8.45 rows=1 width=6)
	        Index Cond: (id = 5078907)

table 7 : explain DELETE FROM sbtest7 WHERE id=5366205
	Delete on sbtest7  (cost=0.43..8.45 rows=0 width=0)
	  ->  Index Scan using sbtest7_pkey on sbtest7  (cost=0.43..8.45 rows=1 width=6)
	        Index Cond: (id = 5366205)

table 8 : explain DELETE FROM sbtest8 WHERE id=7143924
	Delete on sbtest8  (cost=0.43..8.45 rows=0 width=0)
	  ->  Index Scan using sbtest8_pkey on sbtest8  (cost=0.43..8.45 rows=1 width=6)
	        Index Cond: (id = 7143924)

for deletes
table 1 : explain DELETE FROM sbtest1 WHERE id=2222173
	Delete on sbtest1  (cost=0.43..8.45 rows=0 width=0)
	  ->  Index Scan using sbtest1_pkey on sbtest1  (cost=0.43..8.45 rows=1 width=6)
	        Index Cond: (id = 2222173)

table 2 : explain DELETE FROM sbtest2 WHERE id=4777506
	Delete on sbtest2  (cost=0.43..8.45 rows=0 width=0)
	  ->  Index Scan using sbtest2_pkey on sbtest2  (cost=0.43..8.45 rows=1 width=6)
	        Index Cond: (id = 4777506)

table 3 : explain DELETE FROM sbtest3 WHERE id=9653904
	Delete on sbtest3  (cost=0.43..8.45 rows=0 width=0)
	  ->  Index Scan using sbtest3_pkey on sbtest3  (cost=0.43..8.45 rows=1 width=6)
	        Index Cond: (id = 9653904)

table 4 : explain DELETE FROM sbtest4 WHERE id=6923192
	Delete on sbtest4  (cost=0.43..8.45 rows=0 width=0)
	  ->  Index Scan using sbtest4_pkey on sbtest4  (cost=0.43..8.45 rows=1 width=6)
	        Index Cond: (id = 6923192)

table 5 : explain DELETE FROM sbtest5 WHERE id=3069050
	Delete on sbtest5  (cost=0.43..8.45 rows=0 width=0)
	  ->  Index Scan using sbtest5_pkey on sbtest5  (cost=0.43..8.45 rows=1 width=6)
	        Index Cond: (id = 3069050)

table 6 : explain DELETE FROM sbtest6 WHERE id=9140945
	Delete on sbtest6  (cost=0.43..8.45 rows=0 width=0)
	  ->  Index Scan using sbtest6_pkey on sbtest6  (cost=0.43..8.45 rows=1 width=6)
	        Index Cond: (id = 9140945)

table 7 : explain DELETE FROM sbtest7 WHERE id=7337462
	Delete on sbtest7  (cost=0.43..8.45 rows=0 width=0)
	  ->  Index Scan using sbtest7_pkey on sbtest7  (cost=0.43..8.45 rows=1 width=6)
	        Index Cond: (id = 7337462)

table 8 : explain DELETE FROM sbtest8 WHERE id=3394232
	Delete on sbtest8  (cost=0.43..8.45 rows=0 width=0)
	  ->  Index Scan using sbtest8_pkey on sbtest8  (cost=0.43..8.45 rows=1 width=6)
	        Index Cond: (id = 3394232)

explain: for index_updates :: explain UPDATE sbtest%u SET k=k+1 WHERE id=%u
for deletes
table 1 : explain DELETE FROM sbtest1 WHERE id=1081958
	Delete on sbtest1  (cost=0.43..8.45 rows=0 width=0)
	  ->  Index Scan using sbtest1_pkey on sbtest1  (cost=0.43..8.45 rows=1 width=6)
	        Index Cond: (id = 1081958)

table 2 : explain DELETE FROM sbtest2 WHERE id=5275740
	Delete on sbtest2  (cost=0.43..8.45 rows=0 width=0)
	  ->  Index Scan using sbtest2_pkey on sbtest2  (cost=0.43..8.45 rows=1 width=6)
	        Index Cond: (id = 5275740)

table 3 : explain DELETE FROM sbtest3 WHERE id=3726733
	Delete on sbtest3  (cost=0.43..8.45 rows=0 width=0)
	  ->  Index Scan using sbtest3_pkey on sbtest3  (cost=0.43..8.45 rows=1 width=6)
	        Index Cond: (id = 3726733)

table 4 : explain DELETE FROM sbtest4 WHERE id=1257999
	Delete on sbtest4  (cost=0.43..8.45 rows=0 width=0)
	  ->  Index Scan using sbtest4_pkey on sbtest4  (cost=0.43..8.45 rows=1 width=6)
	        Index Cond: (id = 1257999)

table 5 : explain DELETE FROM sbtest5 WHERE id=1504748
	Delete on sbtest5  (cost=0.43..8.45 rows=0 width=0)
	  ->  Index Scan using sbtest5_pkey on sbtest5  (cost=0.43..8.45 rows=1 width=6)
	        Index Cond: (id = 1504748)

table 6 : explain DELETE FROM sbtest6 WHERE id=4128285
	Delete on sbtest6  (cost=0.43..8.45 rows=0 width=0)
	  ->  Index Scan using sbtest6_pkey on sbtest6  (cost=0.43..8.45 rows=1 width=6)
	        Index Cond: (id = 4128285)

table 7 : explain DELETE FROM sbtest7 WHERE id=9409926
	Delete on sbtest7  (cost=0.43..8.45 rows=0 width=0)
	  ->  Index Scan using sbtest7_pkey on sbtest7  (cost=0.43..8.45 rows=1 width=6)
	        Index Cond: (id = 9409926)

table 8 : explain DELETE FROM sbtest8 WHERE id=9230018
	Delete on sbtest8  (cost=0.43..8.45 rows=0 width=0)
	  ->  Index Scan using sbtest8_pkey on sbtest8  (cost=0.43..8.45 rows=1 width=6)
	        Index Cond: (id = 9230018)

explain: for inserts :: explain INSERT INTO sbtest%u (id, k, c, pad) VALUES (%u, 13, 'foobar', 'foobar')
explain: for inserts :: explain INSERT INTO sbtest%u (id, k, c, pad) VALUES (%u, 13, 'foobar', 'foobar')
explain: for inserts :: explain INSERT INTO sbtest%u (id, k, c, pad) VALUES (%u, 13, 'foobar', 'foobar')
for: distinct_ranges
table 1 : explain SELECT DISTINCT c FROM sbtest1 WHERE id BETWEEN 7079127 AND 7079136 ORDER BY c
	Unique  (cost=39.12..39.17 rows=10 width=121)
	  ->  Sort  (cost=39.12..39.14 rows=10 width=121)
	        Sort Key: c
	        ->  Index Scan using sbtest1_pkey on sbtest1  (cost=0.43..38.95 rows=10 width=121)
	              Index Cond: ((id >= 7079127) AND (id <= 7079136))

table 2 : explain SELECT DISTINCT c FROM sbtest2 WHERE id BETWEEN 1611761 AND 1611770 ORDER BY c
	Unique  (cost=39.34..39.39 rows=10 width=121)
	  ->  Sort  (cost=39.34..39.36 rows=10 width=121)
	        Sort Key: c
	        ->  Index Scan using sbtest2_pkey on sbtest2  (cost=0.43..39.17 rows=10 width=121)
	              Index Cond: ((id >= 1611761) AND (id <= 1611770))

table 3 : explain SELECT DISTINCT c FROM sbtest3 WHERE id BETWEEN 83746 AND 83755 ORDER BY c
	Unique  (cost=39.43..39.48 rows=10 width=121)
	  ->  Sort  (cost=39.43..39.46 rows=10 width=121)
	        Sort Key: c
	        ->  Index Scan using sbtest3_pkey on sbtest3  (cost=0.43..39.26 rows=10 width=121)
	              Index Cond: ((id >= 83746) AND (id <= 83755))

table 4 : explain SELECT DISTINCT c FROM sbtest4 WHERE id BETWEEN 1284349 AND 1284358 ORDER BY c
	Unique  (cost=38.85..38.90 rows=10 width=121)
	  ->  Sort  (cost=38.85..38.87 rows=10 width=121)
	        Sort Key: c
	        ->  Index Scan using sbtest4_pkey on sbtest4  (cost=0.43..38.68 rows=10 width=121)
	              Index Cond: ((id >= 1284349) AND (id <= 1284358))

table 5 : explain SELECT DISTINCT c FROM sbtest5 WHERE id BETWEEN 5296424 AND 5296433 ORDER BY c
	Unique  (cost=39.38..39.43 rows=10 width=121)
	  ->  Sort  (cost=39.38..39.41 rows=10 width=121)
	        Sort Key: c
	        ->  Index Scan using sbtest5_pkey on sbtest5  (cost=0.43..39.22 rows=10 width=121)
	              Index Cond: ((id >= 5296424) AND (id <= 5296433))

table 6 : explain SELECT DISTINCT c FROM sbtest6 WHERE id BETWEEN 9405415 AND 9405424 ORDER BY c
	Unique  (cost=39.53..39.58 rows=10 width=121)
	  ->  Sort  (cost=39.53..39.56 rows=10 width=121)
	        Sort Key: c
	        ->  Index Scan using sbtest6_pkey on sbtest6  (cost=0.43..39.36 rows=10 width=121)
	              Index Cond: ((id >= 9405415) AND (id <= 9405424))

table 7 : explain SELECT DISTINCT c FROM sbtest7 WHERE id BETWEEN 7292 AND 7301 ORDER BY c
	Unique  (cost=39.42..39.47 rows=10 width=121)
	  ->  Sort  (cost=39.42..39.45 rows=10 width=121)
	        Sort Key: c
	        ->  Index Scan using sbtest7_pkey on sbtest7  (cost=0.43..39.25 rows=10 width=121)
	              Index Cond: ((id >= 7292) AND (id <= 7301))

table 8 : explain SELECT DISTINCT c FROM sbtest8 WHERE id BETWEEN 7189214 AND 7189223 ORDER BY c
	Unique  (cost=35.37..35.41 rows=9 width=121)
	  ->  Sort  (cost=35.37..35.39 rows=9 width=121)
	        Sort Key: c
	        ->  Index Scan using sbtest8_pkey on sbtest8  (cost=0.43..35.22 rows=9 width=121)
	              Index Cond: ((id >= 7189214) AND (id <= 7189223))

for inserts
table 1 : explain INSERT INTO sbtest1 (id, k, c, pad) VALUES (2768736, 13, 'foobar', 'foobar')
	Insert on sbtest1  (cost=0.00..0.01 rows=0 width=0)
	  ->  Result  (cost=0.00..0.01 rows=1 width=736)

table 2 : explain INSERT INTO sbtest2 (id, k, c, pad) VALUES (2213228, 13, 'foobar', 'foobar')
	Insert on sbtest2  (cost=0.00..0.01 rows=0 width=0)
	  ->  Result  (cost=0.00..0.01 rows=1 width=736)

table 3 : explain INSERT INTO sbtest3 (id, k, c, pad) VALUES (4152861, 13, 'foobar', 'foobar')
	Insert on sbtest3  (cost=0.00..0.01 rows=0 width=0)
	  ->  Result  (cost=0.00..0.01 rows=1 width=736)

table 4 : explain INSERT INTO sbtest4 (id, k, c, pad) VALUES (5621724, 13, 'foobar', 'foobar')
	Insert on sbtest4  (cost=0.00..0.01 rows=0 width=0)
	  ->  Result  (cost=0.00..0.01 rows=1 width=736)

table 5 : explain INSERT INTO sbtest5 (id, k, c, pad) VALUES (3598513, 13, 'foobar', 'foobar')
	Insert on sbtest5  (cost=0.00..0.01 rows=0 width=0)
	  ->  Result  (cost=0.00..0.01 rows=1 width=736)

table 6 : explain INSERT INTO sbtest6 (id, k, c, pad) VALUES (336686, 13, 'foobar', 'foobar')
	Insert on sbtest6  (cost=0.00..0.01 rows=0 width=0)
	  ->  Result  (cost=0.00..0.01 rows=1 width=736)

table 7 : explain INSERT INTO sbtest7 (id, k, c, pad) VALUES (9444318, 13, 'foobar', 'foobar')
	Insert on sbtest7  (cost=0.00..0.01 rows=0 width=0)
	  ->  Result  (cost=0.00..0.01 rows=1 width=736)

table 8 : explain INSERT INTO sbtest8 (id, k, c, pad) VALUES (7877982, 13, 'foobar', 'foobar')
	Insert on sbtest8  (cost=0.00..0.01 rows=0 width=0)
	  ->  Result  (cost=0.00..0.01 rows=1 width=736)

explain: for inserts :: explain INSERT INTO sbtest%u (id, k, c, pad) VALUES (%u, 13, 'foobar', 'foobar')
for inserts
table 1 : explain INSERT INTO sbtest1 (id, k, c, pad) VALUES (5927479, 13, 'foobar', 'foobar')
	Insert on sbtest1  (cost=0.00..0.01 rows=0 width=0)
	  ->  Result  (cost=0.00..0.01 rows=1 width=736)

table 2 : explain INSERT INTO sbtest2 (id, k, c, pad) VALUES (5673344, 13, 'foobar', 'foobar')
	Insert on sbtest2  (cost=0.00..0.01 rows=0 width=0)
	  ->  Result  (cost=0.00..0.01 rows=1 width=736)

table 3 : explain INSERT INTO sbtest3 (id, k, c, pad) VALUES (7732153, 13, 'foobar', 'foobar')
	Insert on sbtest3  (cost=0.00..0.01 rows=0 width=0)
	  ->  Result  (cost=0.00..0.01 rows=1 width=736)

table 4 : explain INSERT INTO sbtest4 (id, k, c, pad) VALUES (2255529, 13, 'foobar', 'foobar')
	Insert on sbtest4  (cost=0.00..0.01 rows=0 width=0)
	  ->  Result  (cost=0.00..0.01 rows=1 width=736)

table 5 : explain INSERT INTO sbtest5 (id, k, c, pad) VALUES (2988634, 13, 'foobar', 'foobar')
	Insert on sbtest5  (cost=0.00..0.01 rows=0 width=0)
	  ->  Result  (cost=0.00..0.01 rows=1 width=736)

table 6 : explain INSERT INTO sbtest6 (id, k, c, pad) VALUES (1800398, 13, 'foobar', 'foobar')
	Insert on sbtest6  (cost=0.00..0.01 rows=0 width=0)
	  ->  Result  (cost=0.00..0.01 rows=1 width=736)

table 7 : explain INSERT INTO sbtest7 (id, k, c, pad) VALUES (1697581, 13, 'foobar', 'foobar')
	Insert on sbtest7  (cost=0.00..0.01 rows=0 width=0)
	  ->  Result  (cost=0.00..0.01 rows=1 width=736)

table 8 : explain INSERT INTO sbtest8 (id, k, c, pad) VALUES (1345159, 13, 'foobar', 'foobar')
	Insert on sbtest8  (cost=0.00..0.01 rows=0 width=0)
	  ->  Result  (cost=0.00..0.01 rows=1 width=736)

for inserts
table 1 : explain INSERT INTO sbtest1 (id, k, c, pad) VALUES (3074379, 13, 'foobar', 'foobar')
	Insert on sbtest1  (cost=0.00..0.01 rows=0 width=0)
	  ->  Result  (cost=0.00..0.01 rows=1 width=736)

table 2 : explain INSERT INTO sbtest2 (id, k, c, pad) VALUES (330175, 13, 'foobar', 'foobar')
	Insert on sbtest2  (cost=0.00..0.01 rows=0 width=0)
	  ->  Result  (cost=0.00..0.01 rows=1 width=736)

table 3 : explain INSERT INTO sbtest3 (id, k, c, pad) VALUES (370571, 13, 'foobar', 'foobar')
	Insert on sbtest3  (cost=0.00..0.01 rows=0 width=0)
	  ->  Result  (cost=0.00..0.01 rows=1 width=736)

table 4 : explain INSERT INTO sbtest4 (id, k, c, pad) VALUES (5055107, 13, 'foobar', 'foobar')
	Insert on sbtest4  (cost=0.00..0.01 rows=0 width=0)
	  ->  Result  (cost=0.00..0.01 rows=1 width=736)

table 5 : explain INSERT INTO sbtest5 (id, k, c, pad) VALUES (7869876, 13, 'foobar', 'foobar')
	Insert on sbtest5  (cost=0.00..0.01 rows=0 width=0)
	  ->  Result  (cost=0.00..0.01 rows=1 width=736)

table 6 : explain INSERT INTO sbtest6 (id, k, c, pad) VALUES (3375413, 13, 'foobar', 'foobar')
	Insert on sbtest6  (cost=0.00..0.01 rows=0 width=0)
	  ->  Result  (cost=0.00..0.01 rows=1 width=736)

table 7 : explain INSERT INTO sbtest7 (id, k, c, pad) VALUES (2401077, 13, 'foobar', 'foobar')
	Insert on sbtest7  (cost=0.00..0.01 rows=0 width=0)
	  ->  Result  (cost=0.00..0.01 rows=1 width=736)

table 8 : explain INSERT INTO sbtest8 (id, k, c, pad) VALUES (5622614, 13, 'foobar', 'foobar')
	Insert on sbtest8  (cost=0.00..0.01 rows=0 width=0)
	  ->  Result  (cost=0.00..0.01 rows=1 width=736)

explain: for inserts :: explain INSERT INTO sbtest%u (id, k, c, pad) VALUES (%u, 13, 'foobar', 'foobar')
explain: for index_updates :: explain UPDATE sbtest%u SET k=k+1 WHERE id=%u
for index_updates
table 1 : explain UPDATE sbtest1 SET k=k+1 WHERE id=5171072
	Update on sbtest1  (cost=0.43..8.46 rows=0 width=0)
	  ->  Index Scan using sbtest1_pkey on sbtest1  (cost=0.43..8.46 rows=1 width=10)
	        Index Cond: (id = 5171072)

table 2 : explain UPDATE sbtest2 SET k=k+1 WHERE id=7803436
	Update on sbtest2  (cost=0.43..8.46 rows=0 width=0)
	  ->  Index Scan using sbtest2_pkey on sbtest2  (cost=0.43..8.46 rows=1 width=10)
	        Index Cond: (id = 7803436)

table 3 : explain UPDATE sbtest3 SET k=k+1 WHERE id=7853122
	Update on sbtest3  (cost=0.43..8.46 rows=0 width=0)
	  ->  Index Scan using sbtest3_pkey on sbtest3  (cost=0.43..8.46 rows=1 width=10)
	        Index Cond: (id = 7853122)

table 4 : explain UPDATE sbtest4 SET k=k+1 WHERE id=685537
	Update on sbtest4  (cost=0.43..8.46 rows=0 width=0)
	  ->  Index Scan using sbtest4_pkey on sbtest4  (cost=0.43..8.46 rows=1 width=10)
	        Index Cond: (id = 685537)

table 5 : explain UPDATE sbtest5 SET k=k+1 WHERE id=9299166
	Update on sbtest5  (cost=0.43..8.46 rows=0 width=0)
	  ->  Index Scan using sbtest5_pkey on sbtest5  (cost=0.43..8.46 rows=1 width=10)
	        Index Cond: (id = 9299166)

table 6 : explain UPDATE sbtest6 SET k=k+1 WHERE id=241455
	Update on sbtest6  (cost=0.43..8.46 rows=0 width=0)
	  ->  Index Scan using sbtest6_pkey on sbtest6  (cost=0.43..8.46 rows=1 width=10)
	        Index Cond: (id = 241455)

table 7 : explain UPDATE sbtest7 SET k=k+1 WHERE id=4383490
	Update on sbtest7  (cost=0.43..8.46 rows=0 width=0)
	  ->  Index Scan using sbtest7_pkey on sbtest7  (cost=0.43..8.46 rows=1 width=10)
	        Index Cond: (id = 4383490)

table 8 : explain UPDATE sbtest8 SET k=k+1 WHERE id=8529060
	Update on sbtest8  (cost=0.43..8.46 rows=0 width=0)
	  ->  Index Scan using sbtest8_pkey on sbtest8  (cost=0.43..8.46 rows=1 width=10)
	        Index Cond: (id = 8529060)

for inserts
table 1 : explain INSERT INTO sbtest1 (id, k, c, pad) VALUES (111277, 13, 'foobar', 'foobar')
	Insert on sbtest1  (cost=0.00..0.01 rows=0 width=0)
	  ->  Result  (cost=0.00..0.01 rows=1 width=736)

table 2 : explain INSERT INTO sbtest2 (id, k, c, pad) VALUES (442043, 13, 'foobar', 'foobar')
	Insert on sbtest2  (cost=0.00..0.01 rows=0 width=0)
	  ->  Result  (cost=0.00..0.01 rows=1 width=736)

table 3 : explain INSERT INTO sbtest3 (id, k, c, pad) VALUES (1858593, 13, 'foobar', 'foobar')
	Insert on sbtest3  (cost=0.00..0.01 rows=0 width=0)
	  ->  Result  (cost=0.00..0.01 rows=1 width=736)

table 4 : explain INSERT INTO sbtest4 (id, k, c, pad) VALUES (3668696, 13, 'foobar', 'foobar')
	Insert on sbtest4  (cost=0.00..0.01 rows=0 width=0)
	  ->  Result  (cost=0.00..0.01 rows=1 width=736)

table 5 : explain INSERT INTO sbtest5 (id, k, c, pad) VALUES (9240009, 13, 'foobar', 'foobar')
	Insert on sbtest5  (cost=0.00..0.01 rows=0 width=0)
	  ->  Result  (cost=0.00..0.01 rows=1 width=736)

table 6 : explain INSERT INTO sbtest6 (id, k, c, pad) VALUES (185169, 13, 'foobar', 'foobar')
	Insert on sbtest6  (cost=0.00..0.01 rows=0 width=0)
	  ->  Result  (cost=0.00..0.01 rows=1 width=736)

table 7 : explain INSERT INTO sbtest7 (id, k, c, pad) VALUES (4848960, 13, 'foobar', 'foobar')
	Insert on sbtest7  (cost=0.00..0.01 rows=0 width=0)
	  ->  Result  (cost=0.00..0.01 rows=1 width=736)

table 8 : explain INSERT INTO sbtest8 (id, k, c, pad) VALUES (7531130, 13, 'foobar', 'foobar')
	Insert on sbtest8  (cost=0.00..0.01 rows=0 width=0)
	  ->  Result  (cost=0.00..0.01 rows=1 width=736)

for inserts
table 1 : explain INSERT INTO sbtest1 (id, k, c, pad) VALUES (8818637, 13, 'foobar', 'foobar')
	Insert on sbtest1  (cost=0.00..0.01 rows=0 width=0)
	  ->  Result  (cost=0.00..0.01 rows=1 width=736)

table 2 : explain INSERT INTO sbtest2 (id, k, c, pad) VALUES (6879916, 13, 'foobar', 'foobar')
	Insert on sbtest2  (cost=0.00..0.01 rows=0 width=0)
	  ->  Result  (cost=0.00..0.01 rows=1 width=736)

table 3 : explain INSERT INTO sbtest3 (id, k, c, pad) VALUES (1981158, 13, 'foobar', 'foobar')
	Insert on sbtest3  (cost=0.00..0.01 rows=0 width=0)
	  ->  Result  (cost=0.00..0.01 rows=1 width=736)

table 4 : explain INSERT INTO sbtest4 (id, k, c, pad) VALUES (9159295, 13, 'foobar', 'foobar')
	Insert on sbtest4  (cost=0.00..0.01 rows=0 width=0)
	  ->  Result  (cost=0.00..0.01 rows=1 width=736)

table 5 : explain INSERT INTO sbtest5 (id, k, c, pad) VALUES (9916312, 13, 'foobar', 'foobar')
	Insert on sbtest5  (cost=0.00..0.01 rows=0 width=0)
	  ->  Result  (cost=0.00..0.01 rows=1 width=736)

table 6 : explain INSERT INTO sbtest6 (id, k, c, pad) VALUES (1261083, 13, 'foobar', 'foobar')
	Insert on sbtest6  (cost=0.00..0.01 rows=0 width=0)
	  ->  Result  (cost=0.00..0.01 rows=1 width=736)

table 7 : explain INSERT INTO sbtest7 (id, k, c, pad) VALUES (7977632, 13, 'foobar', 'foobar')
	Insert on sbtest7  (cost=0.00..0.01 rows=0 width=0)
	  ->  Result  (cost=0.00..0.01 rows=1 width=736)

table 8 : explain INSERT INTO sbtest8 (id, k, c, pad) VALUES (9296672, 13, 'foobar', 'foobar')
	Insert on sbtest8  (cost=0.00..0.01 rows=0 width=0)
	  ->  Result  (cost=0.00..0.01 rows=1 width=736)

explain: for non_index_updates :: explain UPDATE sbtest%u SET c='foobar' WHERE id=%u
for index_updates
table 1 : explain UPDATE sbtest1 SET k=k+1 WHERE id=201471
	Update on sbtest1  (cost=0.43..8.46 rows=0 width=0)
	  ->  Index Scan using sbtest1_pkey on sbtest1  (cost=0.43..8.46 rows=1 width=10)
	        Index Cond: (id = 201471)

table 2 : explain UPDATE sbtest2 SET k=k+1 WHERE id=2653381
	Update on sbtest2  (cost=0.43..8.46 rows=0 width=0)
	  ->  Index Scan using sbtest2_pkey on sbtest2  (cost=0.43..8.46 rows=1 width=10)
	        Index Cond: (id = 2653381)

table 3 : explain UPDATE sbtest3 SET k=k+1 WHERE id=8564538
	Update on sbtest3  (cost=0.43..8.46 rows=0 width=0)
	  ->  Index Scan using sbtest3_pkey on sbtest3  (cost=0.43..8.46 rows=1 width=10)
	        Index Cond: (id = 8564538)

table 4 : explain UPDATE sbtest4 SET k=k+1 WHERE id=4405057
	Update on sbtest4  (cost=0.43..8.46 rows=0 width=0)
	  ->  Index Scan using sbtest4_pkey on sbtest4  (cost=0.43..8.46 rows=1 width=10)
	        Index Cond: (id = 4405057)

table 5 : explain UPDATE sbtest5 SET k=k+1 WHERE id=7228316
	Update on sbtest5  (cost=0.43..8.46 rows=0 width=0)
	  ->  Index Scan using sbtest5_pkey on sbtest5  (cost=0.43..8.46 rows=1 width=10)
	        Index Cond: (id = 7228316)

table 6 : explain UPDATE sbtest6 SET k=k+1 WHERE id=2051112
	Update on sbtest6  (cost=0.43..8.46 rows=0 width=0)
	  ->  Index Scan using sbtest6_pkey on sbtest6  (cost=0.43..8.46 rows=1 width=10)
	        Index Cond: (id = 2051112)

table 7 : explain UPDATE sbtest7 SET k=k+1 WHERE id=4263097
	Update on sbtest7  (cost=0.43..8.46 rows=0 width=0)
	  ->  Index Scan using sbtest7_pkey on sbtest7  (cost=0.43..8.46 rows=1 width=10)
	        Index Cond: (id = 4263097)

table 8 : explain UPDATE sbtest8 SET k=k+1 WHERE id=8157167
	Update on sbtest8  (cost=0.43..8.46 rows=0 width=0)
	  ->  Index Scan using sbtest8_pkey on sbtest8  (cost=0.43..8.46 rows=1 width=10)
	        Index Cond: (id = 8157167)

explain: for non_index_updates :: explain UPDATE sbtest%u SET c='foobar' WHERE id=%u
for non_index_updates
table 1 : explain UPDATE sbtest1 SET c='foobar' WHERE id=4643405
	Update on sbtest1  (cost=0.43..8.45 rows=0 width=0)
	  ->  Index Scan using sbtest1_pkey on sbtest1  (cost=0.43..8.45 rows=1 width=490)
	        Index Cond: (id = 4643405)

table 2 : explain UPDATE sbtest2 SET c='foobar' WHERE id=8461378
	Update on sbtest2  (cost=0.43..8.45 rows=0 width=0)
	  ->  Index Scan using sbtest2_pkey on sbtest2  (cost=0.43..8.45 rows=1 width=490)
	        Index Cond: (id = 8461378)

table 3 : explain UPDATE sbtest3 SET c='foobar' WHERE id=5257651
	Update on sbtest3  (cost=0.43..8.45 rows=0 width=0)
	  ->  Index Scan using sbtest3_pkey on sbtest3  (cost=0.43..8.45 rows=1 width=490)
	        Index Cond: (id = 5257651)

table 4 : explain UPDATE sbtest4 SET c='foobar' WHERE id=9358745
	Update on sbtest4  (cost=0.43..8.45 rows=0 width=0)
	  ->  Index Scan using sbtest4_pkey on sbtest4  (cost=0.43..8.45 rows=1 width=490)
	        Index Cond: (id = 9358745)

table 5 : explain UPDATE sbtest5 SET c='foobar' WHERE id=2096665
	Update on sbtest5  (cost=0.43..8.45 rows=0 width=0)
	  ->  Index Scan using sbtest5_pkey on sbtest5  (cost=0.43..8.45 rows=1 width=490)
	        Index Cond: (id = 2096665)

table 6 : explain UPDATE sbtest6 SET c='foobar' WHERE id=7359049
	Update on sbtest6  (cost=0.43..8.45 rows=0 width=0)
	  ->  Index Scan using sbtest6_pkey on sbtest6  (cost=0.43..8.45 rows=1 width=490)
	        Index Cond: (id = 7359049)

table 7 : explain UPDATE sbtest7 SET c='foobar' WHERE id=9087151
	Update on sbtest7  (cost=0.43..8.45 rows=0 width=0)
	  ->  Index Scan using sbtest7_pkey on sbtest7  (cost=0.43..8.45 rows=1 width=490)
	        Index Cond: (id = 9087151)

table 8 : explain UPDATE sbtest8 SET c='foobar' WHERE id=8675459
	Update on sbtest8  (cost=0.43..8.45 rows=0 width=0)
	  ->  Index Scan using sbtest8_pkey on sbtest8  (cost=0.43..8.45 rows=1 width=490)
	        Index Cond: (id = 8675459)

explain: for deletes :: explain DELETE FROM sbtest%u WHERE id=%u
for non_index_updates
table 1 : explain UPDATE sbtest1 SET c='foobar' WHERE id=5716906
	Update on sbtest1  (cost=0.43..8.45 rows=0 width=0)
	  ->  Index Scan using sbtest1_pkey on sbtest1  (cost=0.43..8.45 rows=1 width=490)
	        Index Cond: (id = 5716906)

table 2 : explain UPDATE sbtest2 SET c='foobar' WHERE id=5190414
	Update on sbtest2  (cost=0.43..8.45 rows=0 width=0)
	  ->  Index Scan using sbtest2_pkey on sbtest2  (cost=0.43..8.45 rows=1 width=490)
	        Index Cond: (id = 5190414)

table 3 : explain UPDATE sbtest3 SET c='foobar' WHERE id=2368747
	Update on sbtest3  (cost=0.43..8.45 rows=0 width=0)
	  ->  Index Scan using sbtest3_pkey on sbtest3  (cost=0.43..8.45 rows=1 width=490)
	        Index Cond: (id = 2368747)

table 4 : explain UPDATE sbtest4 SET c='foobar' WHERE id=1381169
	Update on sbtest4  (cost=0.43..8.45 rows=0 width=0)
	  ->  Index Scan using sbtest4_pkey on sbtest4  (cost=0.43..8.45 rows=1 width=490)
	        Index Cond: (id = 1381169)

table 5 : explain UPDATE sbtest5 SET c='foobar' WHERE id=9334340
	Update on sbtest5  (cost=0.43..8.45 rows=0 width=0)
	  ->  Index Scan using sbtest5_pkey on sbtest5  (cost=0.43..8.45 rows=1 width=490)
	        Index Cond: (id = 9334340)

table 6 : explain UPDATE sbtest6 SET c='foobar' WHERE id=7405559
	Update on sbtest6  (cost=0.43..8.45 rows=0 width=0)
	  ->  Index Scan using sbtest6_pkey on sbtest6  (cost=0.43..8.45 rows=1 width=490)
	        Index Cond: (id = 7405559)

table 7 : explain UPDATE sbtest7 SET c='foobar' WHERE id=3798533
	Update on sbtest7  (cost=0.43..8.45 rows=0 width=0)
	  ->  Index Scan using sbtest7_pkey on sbtest7  (cost=0.43..8.45 rows=1 width=490)
	        Index Cond: (id = 3798533)

table 8 : explain UPDATE sbtest8 SET c='foobar' WHERE id=7044494
	Update on sbtest8  (cost=0.43..8.45 rows=0 width=0)
	  ->  Index Scan using sbtest8_pkey on sbtest8  (cost=0.43..8.45 rows=1 width=490)
	        Index Cond: (id = 7044494)

for deletes
table 1 : explain DELETE FROM sbtest1 WHERE id=5228622
	Delete on sbtest1  (cost=0.43..8.45 rows=0 width=0)
	  ->  Index Scan using sbtest1_pkey on sbtest1  (cost=0.43..8.45 rows=1 width=6)
	        Index Cond: (id = 5228622)

table 2 : explain DELETE FROM sbtest2 WHERE id=4478971
	Delete on sbtest2  (cost=0.43..8.45 rows=0 width=0)
	  ->  Index Scan using sbtest2_pkey on sbtest2  (cost=0.43..8.45 rows=1 width=6)
	        Index Cond: (id = 4478971)

table 3 : explain DELETE FROM sbtest3 WHERE id=481275
	Delete on sbtest3  (cost=0.43..8.45 rows=0 width=0)
	  ->  Index Scan using sbtest3_pkey on sbtest3  (cost=0.43..8.45 rows=1 width=6)
	        Index Cond: (id = 481275)

table 4 : explain DELETE FROM sbtest4 WHERE id=1220437
	Delete on sbtest4  (cost=0.43..8.45 rows=0 width=0)
	  ->  Index Scan using sbtest4_pkey on sbtest4  (cost=0.43..8.45 rows=1 width=6)
	        Index Cond: (id = 1220437)

table 5 : explain DELETE FROM sbtest5 WHERE id=2685814
	Delete on sbtest5  (cost=0.43..8.45 rows=0 width=0)
	  ->  Index Scan using sbtest5_pkey on sbtest5  (cost=0.43..8.45 rows=1 width=6)
	        Index Cond: (id = 2685814)

table 6 : explain DELETE FROM sbtest6 WHERE id=2515898
	Delete on sbtest6  (cost=0.43..8.45 rows=0 width=0)
	  ->  Index Scan using sbtest6_pkey on sbtest6  (cost=0.43..8.45 rows=1 width=6)
	        Index Cond: (id = 2515898)

table 7 : explain DELETE FROM sbtest7 WHERE id=9276255
	Delete on sbtest7  (cost=0.43..8.45 rows=0 width=0)
	  ->  Index Scan using sbtest7_pkey on sbtest7  (cost=0.43..8.45 rows=1 width=6)
	        Index Cond: (id = 9276255)

table 8 : explain DELETE FROM sbtest8 WHERE id=6603177
	Delete on sbtest8  (cost=0.43..8.45 rows=0 width=0)
	  ->  Index Scan using sbtest8_pkey on sbtest8  (cost=0.43..8.45 rows=1 width=6)
	        Index Cond: (id = 6603177)

explain: for deletes :: explain DELETE FROM sbtest%u WHERE id=%u
explain: for inserts :: explain INSERT INTO sbtest%u (id, k, c, pad) VALUES (%u, 13, 'foobar', 'foobar')
for deletes
table 1 : explain DELETE FROM sbtest1 WHERE id=220117
	Delete on sbtest1  (cost=0.43..8.45 rows=0 width=0)
	  ->  Index Scan using sbtest1_pkey on sbtest1  (cost=0.43..8.45 rows=1 width=6)
	        Index Cond: (id = 220117)

table 2 : explain DELETE FROM sbtest2 WHERE id=7834756
	Delete on sbtest2  (cost=0.43..8.45 rows=0 width=0)
	  ->  Index Scan using sbtest2_pkey on sbtest2  (cost=0.43..8.45 rows=1 width=6)
	        Index Cond: (id = 7834756)

table 3 : explain DELETE FROM sbtest3 WHERE id=4935018
	Delete on sbtest3  (cost=0.43..8.45 rows=0 width=0)
	  ->  Index Scan using sbtest3_pkey on sbtest3  (cost=0.43..8.45 rows=1 width=6)
	        Index Cond: (id = 4935018)

table 4 : explain DELETE FROM sbtest4 WHERE id=6182363
	Delete on sbtest4  (cost=0.43..8.45 rows=0 width=0)
	  ->  Index Scan using sbtest4_pkey on sbtest4  (cost=0.43..8.45 rows=1 width=6)
	        Index Cond: (id = 6182363)

table 5 : explain DELETE FROM sbtest5 WHERE id=4784497
	Delete on sbtest5  (cost=0.43..8.45 rows=0 width=0)
	  ->  Index Scan using sbtest5_pkey on sbtest5  (cost=0.43..8.45 rows=1 width=6)
	        Index Cond: (id = 4784497)

table 6 : explain DELETE FROM sbtest6 WHERE id=7872338
	Delete on sbtest6  (cost=0.43..8.45 rows=0 width=0)
	  ->  Index Scan using sbtest6_pkey on sbtest6  (cost=0.43..8.45 rows=1 width=6)
	        Index Cond: (id = 7872338)

table 7 : explain DELETE FROM sbtest7 WHERE id=8340895
	Delete on sbtest7  (cost=0.43..8.45 rows=0 width=0)
	  ->  Index Scan using sbtest7_pkey on sbtest7  (cost=0.43..8.45 rows=1 width=6)
	        Index Cond: (id = 8340895)

table 8 : explain DELETE FROM sbtest8 WHERE id=1654045
	Delete on sbtest8  (cost=0.43..8.45 rows=0 width=0)
	  ->  Index Scan using sbtest8_pkey on sbtest8  (cost=0.43..8.45 rows=1 width=6)
	        Index Cond: (id = 1654045)

for inserts
table 1 : explain INSERT INTO sbtest1 (id, k, c, pad) VALUES (7267737, 13, 'foobar', 'foobar')
	Insert on sbtest1  (cost=0.00..0.01 rows=0 width=0)
	  ->  Result  (cost=0.00..0.01 rows=1 width=736)

table 2 : explain INSERT INTO sbtest2 (id, k, c, pad) VALUES (7082777, 13, 'foobar', 'foobar')
	Insert on sbtest2  (cost=0.00..0.01 rows=0 width=0)
	  ->  Result  (cost=0.00..0.01 rows=1 width=736)

table 3 : explain INSERT INTO sbtest3 (id, k, c, pad) VALUES (3278565, 13, 'foobar', 'foobar')
	Insert on sbtest3  (cost=0.00..0.01 rows=0 width=0)
	  ->  Result  (cost=0.00..0.01 rows=1 width=736)

table 4 : explain INSERT INTO sbtest4 (id, k, c, pad) VALUES (1073269, 13, 'foobar', 'foobar')
	Insert on sbtest4  (cost=0.00..0.01 rows=0 width=0)
	  ->  Result  (cost=0.00..0.01 rows=1 width=736)

table 5 : explain INSERT INTO sbtest5 (id, k, c, pad) VALUES (1520454, 13, 'foobar', 'foobar')
	Insert on sbtest5  (cost=0.00..0.01 rows=0 width=0)
	  ->  Result  (cost=0.00..0.01 rows=1 width=736)

table 6 : explain INSERT INTO sbtest6 (id, k, c, pad) VALUES (3815006, 13, 'foobar', 'foobar')
	Insert on sbtest6  (cost=0.00..0.01 rows=0 width=0)
	  ->  Result  (cost=0.00..0.01 rows=1 width=736)

table 7 : explain INSERT INTO sbtest7 (id, k, c, pad) VALUES (4579017, 13, 'foobar', 'foobar')
	Insert on sbtest7  (cost=0.00..0.01 rows=0 width=0)
	  ->  Result  (cost=0.00..0.01 rows=1 width=736)

table 8 : explain INSERT INTO sbtest8 (id, k, c, pad) VALUES (6163524, 13, 'foobar', 'foobar')
	Insert on sbtest8  (cost=0.00..0.01 rows=0 width=0)
	  ->  Result  (cost=0.00..0.01 rows=1 width=736)

explain: for inserts :: explain INSERT INTO sbtest%u (id, k, c, pad) VALUES (%u, 13, 'foobar', 'foobar')
for inserts
table 1 : explain INSERT INTO sbtest1 (id, k, c, pad) VALUES (7120460, 13, 'foobar', 'foobar')
	Insert on sbtest1  (cost=0.00..0.01 rows=0 width=0)
	  ->  Result  (cost=0.00..0.01 rows=1 width=736)

table 2 : explain INSERT INTO sbtest2 (id, k, c, pad) VALUES (5387241, 13, 'foobar', 'foobar')
	Insert on sbtest2  (cost=0.00..0.01 rows=0 width=0)
	  ->  Result  (cost=0.00..0.01 rows=1 width=736)

table 3 : explain INSERT INTO sbtest3 (id, k, c, pad) VALUES (5842329, 13, 'foobar', 'foobar')
	Insert on sbtest3  (cost=0.00..0.01 rows=0 width=0)
	  ->  Result  (cost=0.00..0.01 rows=1 width=736)

table 4 : explain INSERT INTO sbtest4 (id, k, c, pad) VALUES (8824285, 13, 'foobar', 'foobar')
	Insert on sbtest4  (cost=0.00..0.01 rows=0 width=0)
	  ->  Result  (cost=0.00..0.01 rows=1 width=736)

table 5 : explain INSERT INTO sbtest5 (id, k, c, pad) VALUES (2558603, 13, 'foobar', 'foobar')
	Insert on sbtest5  (cost=0.00..0.01 rows=0 width=0)
	  ->  Result  (cost=0.00..0.01 rows=1 width=736)

table 6 : explain INSERT INTO sbtest6 (id, k, c, pad) VALUES (9025348, 13, 'foobar', 'foobar')
	Insert on sbtest6  (cost=0.00..0.01 rows=0 width=0)
	  ->  Result  (cost=0.00..0.01 rows=1 width=736)

table 7 : explain INSERT INTO sbtest7 (id, k, c, pad) VALUES (3312853, 13, 'foobar', 'foobar')
	Insert on sbtest7  (cost=0.00..0.01 rows=0 width=0)
	  ->  Result  (cost=0.00..0.01 rows=1 width=736)

table 8 : explain INSERT INTO sbtest8 (id, k, c, pad) VALUES (5806242, 13, 'foobar', 'foobar')
	Insert on sbtest8  (cost=0.00..0.01 rows=0 width=0)
	  ->  Result  (cost=0.00..0.01 rows=1 width=736)

for non_index_updates
table 1 : explain UPDATE sbtest1 SET c='foobar' WHERE id=7018644
	Update on sbtest1  (cost=0.43..8.45 rows=0 width=0)
	  ->  Index Scan using sbtest1_pkey on sbtest1  (cost=0.43..8.45 rows=1 width=490)
	        Index Cond: (id = 7018644)

table 2 : explain UPDATE sbtest2 SET c='foobar' WHERE id=1214323
	Update on sbtest2  (cost=0.43..8.45 rows=0 width=0)
	  ->  Index Scan using sbtest2_pkey on sbtest2  (cost=0.43..8.45 rows=1 width=490)
	        Index Cond: (id = 1214323)

table 3 : explain UPDATE sbtest3 SET c='foobar' WHERE id=1027623
	Update on sbtest3  (cost=0.43..8.45 rows=0 width=0)
	  ->  Index Scan using sbtest3_pkey on sbtest3  (cost=0.43..8.45 rows=1 width=490)
	        Index Cond: (id = 1027623)

table 4 : explain UPDATE sbtest4 SET c='foobar' WHERE id=6770895
	Update on sbtest4  (cost=0.43..8.45 rows=0 width=0)
	  ->  Index Scan using sbtest4_pkey on sbtest4  (cost=0.43..8.45 rows=1 width=490)
	        Index Cond: (id = 6770895)

table 5 : explain UPDATE sbtest5 SET c='foobar' WHERE id=8360863
	Update on sbtest5  (cost=0.43..8.45 rows=0 width=0)
	  ->  Index Scan using sbtest5_pkey on sbtest5  (cost=0.43..8.45 rows=1 width=490)
	        Index Cond: (id = 8360863)

table 6 : explain UPDATE sbtest6 SET c='foobar' WHERE id=799330
	Update on sbtest6  (cost=0.43..8.45 rows=0 width=0)
	  ->  Index Scan using sbtest6_pkey on sbtest6  (cost=0.43..8.45 rows=1 width=490)
	        Index Cond: (id = 799330)

table 7 : explain UPDATE sbtest7 SET c='foobar' WHERE id=7947686
	Update on sbtest7  (cost=0.43..8.45 rows=0 width=0)
	  ->  Index Scan using sbtest7_pkey on sbtest7  (cost=0.43..8.45 rows=1 width=490)
	        Index Cond: (id = 7947686)

table 8 : explain UPDATE sbtest8 SET c='foobar' WHERE id=3331099
	Update on sbtest8  (cost=0.43..8.45 rows=0 width=0)
	  ->  Index Scan using sbtest8_pkey on sbtest8  (cost=0.43..8.45 rows=1 width=490)
	        Index Cond: (id = 3331099)

explain: for deletes :: explain DELETE FROM sbtest%u WHERE id=%u
for deletes
table 1 : explain DELETE FROM sbtest1 WHERE id=7866728
	Delete on sbtest1  (cost=0.43..8.45 rows=0 width=0)
	  ->  Index Scan using sbtest1_pkey on sbtest1  (cost=0.43..8.45 rows=1 width=6)
	        Index Cond: (id = 7866728)

table 2 : explain DELETE FROM sbtest2 WHERE id=9330612
	Delete on sbtest2  (cost=0.43..8.45 rows=0 width=0)
	  ->  Index Scan using sbtest2_pkey on sbtest2  (cost=0.43..8.45 rows=1 width=6)
	        Index Cond: (id = 9330612)

table 3 : explain DELETE FROM sbtest3 WHERE id=5752538
	Delete on sbtest3  (cost=0.43..8.45 rows=0 width=0)
	  ->  Index Scan using sbtest3_pkey on sbtest3  (cost=0.43..8.45 rows=1 width=6)
	        Index Cond: (id = 5752538)

table 4 : explain DELETE FROM sbtest4 WHERE id=9039563
	Delete on sbtest4  (cost=0.43..8.45 rows=0 width=0)
	  ->  Index Scan using sbtest4_pkey on sbtest4  (cost=0.43..8.45 rows=1 width=6)
	        Index Cond: (id = 9039563)

table 5 : explain DELETE FROM sbtest5 WHERE id=32336
	Delete on sbtest5  (cost=0.43..8.45 rows=0 width=0)
	  ->  Index Scan using sbtest5_pkey on sbtest5  (cost=0.43..8.45 rows=1 width=6)
	        Index Cond: (id = 32336)

table 6 : explain DELETE FROM sbtest6 WHERE id=7832380
	Delete on sbtest6  (cost=0.43..8.45 rows=0 width=0)
	  ->  Index Scan using sbtest6_pkey on sbtest6  (cost=0.43..8.45 rows=1 width=6)
	        Index Cond: (id = 7832380)

table 7 : explain DELETE FROM sbtest7 WHERE id=9670365
	Delete on sbtest7  (cost=0.43..8.45 rows=0 width=0)
	  ->  Index Scan using sbtest7_pkey on sbtest7  (cost=0.43..8.45 rows=1 width=6)
	        Index Cond: (id = 9670365)

table 8 : explain DELETE FROM sbtest8 WHERE id=3932446
	Delete on sbtest8  (cost=0.43..8.45 rows=0 width=0)
	  ->  Index Scan using sbtest8_pkey on sbtest8  (cost=0.43..8.45 rows=1 width=6)
	        Index Cond: (id = 3932446)

explain: for inserts :: explain INSERT INTO sbtest%u (id, k, c, pad) VALUES (%u, 13, 'foobar', 'foobar')
for inserts
table 1 : explain INSERT INTO sbtest1 (id, k, c, pad) VALUES (3896999, 13, 'foobar', 'foobar')
	Insert on sbtest1  (cost=0.00..0.01 rows=0 width=0)
	  ->  Result  (cost=0.00..0.01 rows=1 width=736)

table 2 : explain INSERT INTO sbtest2 (id, k, c, pad) VALUES (3245940, 13, 'foobar', 'foobar')
	Insert on sbtest2  (cost=0.00..0.01 rows=0 width=0)
	  ->  Result  (cost=0.00..0.01 rows=1 width=736)

table 3 : explain INSERT INTO sbtest3 (id, k, c, pad) VALUES (5834361, 13, 'foobar', 'foobar')
	Insert on sbtest3  (cost=0.00..0.01 rows=0 width=0)
	  ->  Result  (cost=0.00..0.01 rows=1 width=736)

table 4 : explain INSERT INTO sbtest4 (id, k, c, pad) VALUES (471446, 13, 'foobar', 'foobar')
	Insert on sbtest4  (cost=0.00..0.01 rows=0 width=0)
	  ->  Result  (cost=0.00..0.01 rows=1 width=736)

table 5 : explain INSERT INTO sbtest5 (id, k, c, pad) VALUES (2065109, 13, 'foobar', 'foobar')
	Insert on sbtest5  (cost=0.00..0.01 rows=0 width=0)
	  ->  Result  (cost=0.00..0.01 rows=1 width=736)

table 6 : explain INSERT INTO sbtest6 (id, k, c, pad) VALUES (6125149, 13, 'foobar', 'foobar')
	Insert on sbtest6  (cost=0.00..0.01 rows=0 width=0)
	  ->  Result  (cost=0.00..0.01 rows=1 width=736)

table 7 : explain INSERT INTO sbtest7 (id, k, c, pad) VALUES (3201275, 13, 'foobar', 'foobar')
	Insert on sbtest7  (cost=0.00..0.01 rows=0 width=0)
	  ->  Result  (cost=0.00..0.01 rows=1 width=736)

table 8 : explain INSERT INTO sbtest8 (id, k, c, pad) VALUES (4096417, 13, 'foobar', 'foobar')
	Insert on sbtest8  (cost=0.00..0.01 rows=0 width=0)
	  ->  Result  (cost=0.00..0.01 rows=1 width=736)

Threads started!

Warming up for 5 seconds...

SQL statistics:
    queries performed:
        read:                            463122839
        write:                           132320887
        other:                           66160418
        total:                           661604144
    transactions:                        33080225 (35569.82 per sec.)
    queries:                             661604144 (711396.02 per sec.)
    ignored errors:                      3      (0.00 per sec.)
    reconnects:                          0      (0.00 per sec.)

Throughput:
    events/s (eps):                      35569.8200
    time elapsed:                        930.0083s
    total number of events:              33080225

Latency (ms):
         min:                                    0.85
         avg:                                    1.12
         max:                                   85.95
         95th percentile:                        1.55
         sum:                             37165759.03

Threads fairness:
    events (avg/stddev):           827005.2750/7391.99
    execution time (avg/stddev):   929.1440/0.01

