LUA_PATH=/home/mdcallag/git/mytools/bench/sysbench.lua/lua/?.lua /home/mdcallag/git/mytools/bench/sysbench.lua/lua/sysbench --db-driver=pgsql --range-size=10 --table-size=10000000 --tables=8 --threads=40 --events=0 --warmup-time=5 --time=630 --pgsql_conn_id=true /home/mdcallag/git/mytools/bench/sysbench.lua/lua/oltp_read_only.lua run --pgsql-user=root --pgsql-password=pw --pgsql-host=127.0.0.1 --pgsql-db=ib --rand-type=uniform
48 CPUs
sysbench 1.1.0-9072687 (using bundled LuaJIT 2.1.0-beta3)

Running the test with following options:
Number of threads: 40
Warmup time: 5s
Initializing random number generator from current time


Initializing worker threads...

explain: for point_selects :: explain SELECT c FROM sbtest%u WHERE id=%u
explain: for point_selects :: explain SELECT c FROM sbtest%u WHERE id=%u
explain: for point_selects :: explain SELECT c FROM sbtest%u WHERE id=%u
explain: for point_selects :: explain SELECT c FROM sbtest%u WHERE id=%u
explain: for point_selects :: explain SELECT c FROM sbtest%u WHERE id=%u
explain: for point_selects :: explain SELECT c FROM sbtest%u WHERE id=%u
explain: for point_selects :: explain SELECT c FROM sbtest%u WHERE id=%u
explain: for point_selects :: explain SELECT c FROM sbtest%u WHERE id=%u
explain: for point_selects :: explain SELECT c FROM sbtest%u WHERE id=%u
explain: for point_selects :: explain SELECT c FROM sbtest%u WHERE id=%u
explain: for point_selects :: explain SELECT c FROM sbtest%u WHERE id=%u
explain: for point_selects :: explain SELECT c FROM sbtest%u WHERE id=%u
explain: for point_selects :: explain SELECT c FROM sbtest%u WHERE id=%u
explain: for point_selects :: explain SELECT c FROM sbtest%u WHERE id=%u
explain: for point_selects :: explain SELECT c FROM sbtest%u WHERE id=%u
explain: for point_selects :: explain SELECT c FROM sbtest%u WHERE id=%u
explain: for point_selects :: explain SELECT c FROM sbtest%u WHERE id=%u
explain: for point_selects :: explain SELECT c FROM sbtest%u WHERE id=%u
explain: for point_selects :: explain SELECT c FROM sbtest%u WHERE id=%u
explain: for point_selects :: explain SELECT c FROM sbtest%u WHERE id=%u
explain: for point_selects :: explain SELECT c FROM sbtest%u WHERE id=%u
for point_selects
table 1 : explain SELECT c FROM sbtest1 WHERE id=2931021
	Index Scan using sbtest1_pkey on sbtest1  (cost=0.43..8.45 rows=1 width=121)
	  Index Cond: (id = 2931021)

table 2 : explain SELECT c FROM sbtest2 WHERE id=3193220
	Index Scan using sbtest2_pkey on sbtest2  (cost=0.43..8.45 rows=1 width=121)
	  Index Cond: (id = 3193220)

table 3 : explain SELECT c FROM sbtest3 WHERE id=4243003
	Index Scan using sbtest3_pkey on sbtest3  (cost=0.43..8.45 rows=1 width=121)
	  Index Cond: (id = 4243003)

table 4 : explain SELECT c FROM sbtest4 WHERE id=6923453
	Index Scan using sbtest4_pkey on sbtest4  (cost=0.43..8.45 rows=1 width=121)
	  Index Cond: (id = 6923453)

table 5 : explain SELECT c FROM sbtest5 WHERE id=6530610
	Index Scan using sbtest5_pkey on sbtest5  (cost=0.43..8.45 rows=1 width=121)
	  Index Cond: (id = 6530610)

table 6 : explain SELECT c FROM sbtest6 WHERE id=3679701
	Index Scan using sbtest6_pkey on sbtest6  (cost=0.43..8.45 rows=1 width=121)
	  Index Cond: (id = 3679701)

table 7 : explain SELECT c FROM sbtest7 WHERE id=7665285
	Index Scan using sbtest7_pkey on sbtest7  (cost=0.43..8.45 rows=1 width=121)
	  Index Cond: (id = 7665285)

table 8 : explain SELECT c FROM sbtest8 WHERE id=5164710
	Index Scan using sbtest8_pkey on sbtest8  (cost=0.43..8.45 rows=1 width=121)
	  Index Cond: (id = 5164710)

for point_selects
table 1 : explain SELECT c FROM sbtest1 WHERE id=4061592
	Index Scan using sbtest1_pkey on sbtest1  (cost=0.43..8.45 rows=1 width=121)
	  Index Cond: (id = 4061592)

table 2 : explain SELECT c FROM sbtest2 WHERE id=9038486
	Index Scan using sbtest2_pkey on sbtest2  (cost=0.43..8.45 rows=1 width=121)
	  Index Cond: (id = 9038486)

table 3 : explain SELECT c FROM sbtest3 WHERE id=657779
	Index Scan using sbtest3_pkey on sbtest3  (cost=0.43..8.45 rows=1 width=121)
	  Index Cond: (id = 657779)

table 4 : explain SELECT c FROM sbtest4 WHERE id=4238954
	Index Scan using sbtest4_pkey on sbtest4  (cost=0.43..8.45 rows=1 width=121)
	  Index Cond: (id = 4238954)

table 5 : explain SELECT c FROM sbtest5 WHERE id=7162881
	Index Scan using sbtest5_pkey on sbtest5  (cost=0.43..8.45 rows=1 width=121)
	  Index Cond: (id = 7162881)

table 6 : explain SELECT c FROM sbtest6 WHERE id=46855
	Index Scan using sbtest6_pkey on sbtest6  (cost=0.43..8.45 rows=1 width=121)
	  Index Cond: (id = 46855)

table 7 : explain SELECT c FROM sbtest7 WHERE id=8443222
	Index Scan using sbtest7_pkey on sbtest7  (cost=0.43..8.45 rows=1 width=121)
	  Index Cond: (id = 8443222)

table 8 : explain SELECT c FROM sbtest8 WHERE id=3031348
	Index Scan using sbtest8_pkey on sbtest8  (cost=0.43..8.45 rows=1 width=121)
	  Index Cond: (id = 3031348)

explain: for point_selects :: explain SELECT c FROM sbtest%u WHERE id=%u
explain: for point_selects :: explain SELECT c FROM sbtest%u WHERE id=%u
explain: for point_selects :: explain SELECT c FROM sbtest%u WHERE id=%u
explain: for point_selects :: explain SELECT c FROM sbtest%u WHERE id=%u
for point_selects
table 1 : explain SELECT c FROM sbtest1 WHERE id=1624697
	Index Scan using sbtest1_pkey on sbtest1  (cost=0.43..8.45 rows=1 width=121)
	  Index Cond: (id = 1624697)

table 2 : explain SELECT c FROM sbtest2 WHERE id=971603
	Index Scan using sbtest2_pkey on sbtest2  (cost=0.43..8.45 rows=1 width=121)
	  Index Cond: (id = 971603)

table 3 : explain SELECT c FROM sbtest3 WHERE id=5910917
	Index Scan using sbtest3_pkey on sbtest3  (cost=0.43..8.45 rows=1 width=121)
	  Index Cond: (id = 5910917)

table 4 : explain SELECT c FROM sbtest4 WHERE id=7680106
	Index Scan using sbtest4_pkey on sbtest4  (cost=0.43..8.45 rows=1 width=121)
	  Index Cond: (id = 7680106)

table 5 : explain SELECT c FROM sbtest5 WHERE id=2670295
	Index Scan using sbtest5_pkey on sbtest5  (cost=0.43..8.45 rows=1 width=121)
	  Index Cond: (id = 2670295)

table 6 : explain SELECT c FROM sbtest6 WHERE id=8850919
	Index Scan using sbtest6_pkey on sbtest6  (cost=0.43..8.45 rows=1 width=121)
	  Index Cond: (id = 8850919)

table 7 : explain SELECT c FROM sbtest7 WHERE id=6410450
	Index Scan using sbtest7_pkey on sbtest7  (cost=0.43..8.45 rows=1 width=121)
	  Index Cond: (id = 6410450)

table 8 : explain SELECT c FROM sbtest8 WHERE id=7996447
	Index Scan using sbtest8_pkey on sbtest8  (cost=0.43..8.45 rows=1 width=121)
	  Index Cond: (id = 7996447)

for point_selects
table 1 : explain SELECT c FROM sbtest1 WHERE id=3846902
	Index Scan using sbtest1_pkey on sbtest1  (cost=0.43..8.45 rows=1 width=121)
	  Index Cond: (id = 3846902)

table 2 : explain SELECT c FROM sbtest2 WHERE id=4263520
	Index Scan using sbtest2_pkey on sbtest2  (cost=0.43..8.45 rows=1 width=121)
	  Index Cond: (id = 4263520)

table 3 : explain SELECT c FROM sbtest3 WHERE id=4743892
	Index Scan using sbtest3_pkey on sbtest3  (cost=0.43..8.45 rows=1 width=121)
	  Index Cond: (id = 4743892)

table 4 : explain SELECT c FROM sbtest4 WHERE id=5273595
	Index Scan using sbtest4_pkey on sbtest4  (cost=0.43..8.45 rows=1 width=121)
	  Index Cond: (id = 5273595)

table 5 : explain SELECT c FROM sbtest5 WHERE id=6249139
	Index Scan using sbtest5_pkey on sbtest5  (cost=0.43..8.45 rows=1 width=121)
	  Index Cond: (id = 6249139)

table 6 : explain SELECT c FROM sbtest6 WHERE id=2024137
	Index Scan using sbtest6_pkey on sbtest6  (cost=0.43..8.45 rows=1 width=121)
	  Index Cond: (id = 2024137)

table 7 : explain SELECT c FROM sbtest7 WHERE id=6763183
	Index Scan using sbtest7_pkey on sbtest7  (cost=0.43..8.45 rows=1 width=121)
	  Index Cond: (id = 6763183)

table 8 : explain SELECT c FROM sbtest8 WHERE id=1153426
	Index Scan using sbtest8_pkey on sbtest8  (cost=0.43..8.45 rows=1 width=121)
	  Index Cond: (id = 1153426)

for point_selects
table 1 : explain SELECT c FROM sbtest1 WHERE id=3862594
	Index Scan using sbtest1_pkey on sbtest1  (cost=0.43..8.45 rows=1 width=121)
	  Index Cond: (id = 3862594)

table 2 : explain SELECT c FROM sbtest2 WHERE id=352760
	Index Scan using sbtest2_pkey on sbtest2  (cost=0.43..8.45 rows=1 width=121)
	  Index Cond: (id = 352760)

table 3 : explain SELECT c FROM sbtest3 WHERE id=1096846
	Index Scan using sbtest3_pkey on sbtest3  (cost=0.43..8.45 rows=1 width=121)
	  Index Cond: (id = 1096846)

table 4 : explain SELECT c FROM sbtest4 WHERE id=8980423
	Index Scan using sbtest4_pkey on sbtest4  (cost=0.43..8.45 rows=1 width=121)
	  Index Cond: (id = 8980423)

table 5 : explain SELECT c FROM sbtest5 WHERE id=2955627
	Index Scan using sbtest5_pkey on sbtest5  (cost=0.43..8.45 rows=1 width=121)
	  Index Cond: (id = 2955627)

table 6 : explain SELECT c FROM sbtest6 WHERE id=9860375
	Index Scan using sbtest6_pkey on sbtest6  (cost=0.43..8.45 rows=1 width=121)
	  Index Cond: (id = 9860375)

table 7 : explain SELECT c FROM sbtest7 WHERE id=747372
	Index Scan using sbtest7_pkey on sbtest7  (cost=0.43..8.45 rows=1 width=121)
	  Index Cond: (id = 747372)

table 8 : explain SELECT c FROM sbtest8 WHERE id=8664415
	Index Scan using sbtest8_pkey on sbtest8  (cost=0.43..8.45 rows=1 width=121)
	  Index Cond: (id = 8664415)

for point_selects
table 1 : explain SELECT c FROM sbtest1 WHERE id=6744011
	Index Scan using sbtest1_pkey on sbtest1  (cost=0.43..8.45 rows=1 width=121)
	  Index Cond: (id = 6744011)

table 2 : explain SELECT c FROM sbtest2 WHERE id=6923316
	Index Scan using sbtest2_pkey on sbtest2  (cost=0.43..8.45 rows=1 width=121)
	  Index Cond: (id = 6923316)

table 3 : explain SELECT c FROM sbtest3 WHERE id=6006727
	Index Scan using sbtest3_pkey on sbtest3  (cost=0.43..8.45 rows=1 width=121)
	  Index Cond: (id = 6006727)

table 4 : explain SELECT c FROM sbtest4 WHERE id=6525886
	Index Scan using sbtest4_pkey on sbtest4  (cost=0.43..8.45 rows=1 width=121)
	  Index Cond: (id = 6525886)

table 5 : explain SELECT c FROM sbtest5 WHERE id=7285049
	Index Scan using sbtest5_pkey on sbtest5  (cost=0.43..8.45 rows=1 width=121)
	  Index Cond: (id = 7285049)

table 6 : explain SELECT c FROM sbtest6 WHERE id=2259128
	Index Scan using sbtest6_pkey on sbtest6  (cost=0.43..8.45 rows=1 width=121)
	  Index Cond: (id = 2259128)

table 7 : explain SELECT c FROM sbtest7 WHERE id=457073
	Index Scan using sbtest7_pkey on sbtest7  (cost=0.43..8.45 rows=1 width=121)
	  Index Cond: (id = 457073)

table 8 : explain SELECT c FROM sbtest8 WHERE id=7565053
	Index Scan using sbtest8_pkey on sbtest8  (cost=0.43..8.45 rows=1 width=121)
	  Index Cond: (id = 7565053)

for point_selects
table 1 : explain SELECT c FROM sbtest1 WHERE id=4715431
	Index Scan using sbtest1_pkey on sbtest1  (cost=0.43..8.45 rows=1 width=121)
	  Index Cond: (id = 4715431)

table 2 : explain SELECT c FROM sbtest2 WHERE id=5413634
	Index Scan using sbtest2_pkey on sbtest2  (cost=0.43..8.45 rows=1 width=121)
	  Index Cond: (id = 5413634)

table 3 : explain SELECT c FROM sbtest3 WHERE id=4595695
	Index Scan using sbtest3_pkey on sbtest3  (cost=0.43..8.45 rows=1 width=121)
	  Index Cond: (id = 4595695)

table 4 : explain SELECT c FROM sbtest4 WHERE id=9672679
	Index Scan using sbtest4_pkey on sbtest4  (cost=0.43..8.45 rows=1 width=121)
	  Index Cond: (id = 9672679)

table 5 : explain SELECT c FROM sbtest5 WHERE id=1749348
	Index Scan using sbtest5_pkey on sbtest5  (cost=0.43..8.45 rows=1 width=121)
	  Index Cond: (id = 1749348)

table 6 : explain SELECT c FROM sbtest6 WHERE id=8098058
	Index Scan using sbtest6_pkey on sbtest6  (cost=0.43..8.45 rows=1 width=121)
	  Index Cond: (id = 8098058)

table 7 : explain SELECT c FROM sbtest7 WHERE id=5558943
	Index Scan using sbtest7_pkey on sbtest7  (cost=0.43..8.45 rows=1 width=121)
	  Index Cond: (id = 5558943)

table 8 : explain SELECT c FROM sbtest8 WHERE id=3891133
	Index Scan using sbtest8_pkey on sbtest8  (cost=0.43..8.45 rows=1 width=121)
	  Index Cond: (id = 3891133)
for point_selects
table 1 : explain SELECT c FROM sbtest1 WHERE id=4818956
	Index Scan using sbtest1_pkey on sbtest1  (cost=0.43..8.45 rows=1 width=121)
	  Index Cond: (id = 4818956)

table 2 : explain SELECT c FROM sbtest2 WHERE id=3970762
	Index Scan using sbtest2_pkey on sbtest2  (cost=0.43..8.45 rows=1 width=121)
	  Index Cond: (id = 3970762)

table 3 : explain SELECT c FROM sbtest3 WHERE id=6368861
	Index Scan using sbtest3_pkey on sbtest3  (cost=0.43..8.45 rows=1 width=121)
	  Index Cond: (id = 6368861)

table 4 : explain SELECT c FROM sbtest4 WHERE id=7315295
	Index Scan using sbtest4_pkey on sbtest4  (cost=0.43..8.45 rows=1 width=121)
	  Index Cond: (id = 7315295)

table 5 : explain SELECT c FROM sbtest5 WHERE id=5421557
	Index Scan using sbtest5_pkey on sbtest5  (cost=0.43..8.45 rows=1 width=121)
	  Index Cond: (id = 5421557)

table 6 : explain SELECT c FROM sbtest6 WHERE id=4887308
	Index Scan using sbtest6_pkey on sbtest6  (cost=0.43..8.45 rows=1 width=121)
	  Index Cond: (id = 4887308)

table 7 : explain SELECT c FROM sbtest7 WHERE id=1721669
	Index Scan using sbtest7_pkey on sbtest7  (cost=0.43..8.45 rows=1 width=121)
	  Index Cond: (id = 1721669)

table 8 : explain SELECT c FROM sbtest8 WHERE id=5644346
	Index Scan using sbtest8_pkey on sbtest8  (cost=0.43..8.45 rows=1 width=121)
	  Index Cond: (id = 5644346)

for point_selects
table 1 : explain SELECT c FROM sbtest1 WHERE id=992182
	Index Scan using sbtest1_pkey on sbtest1  (cost=0.43..8.45 rows=1 width=121)
	  Index Cond: (id = 992182)

table 2 : explain SELECT c FROM sbtest2 WHERE id=2396772
	Index Scan using sbtest2_pkey on sbtest2  (cost=0.43..8.45 rows=1 width=121)
	  Index Cond: (id = 2396772)

table 3 : explain SELECT c FROM sbtest3 WHERE id=8543711
	Index Scan using sbtest3_pkey on sbtest3  (cost=0.43..8.45 rows=1 width=121)
	  Index Cond: (id = 8543711)

table 4 : explain SELECT c FROM sbtest4 WHERE id=8843517
	Index Scan using sbtest4_pkey on sbtest4  (cost=0.43..8.45 rows=1 width=121)
	  Index Cond: (id = 8843517)

table 5 : explain SELECT c FROM sbtest5 WHERE id=9842163
	Index Scan using sbtest5_pkey on sbtest5  (cost=0.43..8.45 rows=1 width=121)
	  Index Cond: (id = 9842163)

table 6 : explain SELECT c FROM sbtest6 WHERE id=6411577
	Index Scan using sbtest6_pkey on sbtest6  (cost=0.43..8.45 rows=1 width=121)
	  Index Cond: (id = 6411577)

table 7 : explain SELECT c FROM sbtest7 WHERE id=789212
	Index Scan using sbtest7_pkey on sbtest7  (cost=0.43..8.45 rows=1 width=121)
	  Index Cond: (id = 789212)

table 8 : explain SELECT c FROM sbtest8 WHERE id=8021310
	Index Scan using sbtest8_pkey on sbtest8  (cost=0.43..8.45 rows=1 width=121)
	  Index Cond: (id = 8021310)
for point_selects
table 1 : explain SELECT c FROM sbtest1 WHERE id=6062205
	Index Scan using sbtest1_pkey on sbtest1  (cost=0.43..8.45 rows=1 width=121)
	  Index Cond: (id = 6062205)

table 2 : explain SELECT c FROM sbtest2 WHERE id=106254
	Index Scan using sbtest2_pkey on sbtest2  (cost=0.43..8.45 rows=1 width=121)
	  Index Cond: (id = 106254)

table 3 : explain SELECT c FROM sbtest3 WHERE id=3753580
	Index Scan using sbtest3_pkey on sbtest3  (cost=0.43..8.45 rows=1 width=121)
	  Index Cond: (id = 3753580)

table 4 : explain SELECT c FROM sbtest4 WHERE id=7019273
	Index Scan using sbtest4_pkey on sbtest4  (cost=0.43..8.45 rows=1 width=121)
	  Index Cond: (id = 7019273)

table 5 : explain SELECT c FROM sbtest5 WHERE id=1624582
	Index Scan using sbtest5_pkey on sbtest5  (cost=0.43..8.45 rows=1 width=121)
	  Index Cond: (id = 1624582)

table 6 : explain SELECT c FROM sbtest6 WHERE id=8864204
	Index Scan using sbtest6_pkey on sbtest6  (cost=0.43..8.45 rows=1 width=121)
	  Index Cond: (id = 8864204)

table 7 : explain SELECT c FROM sbtest7 WHERE id=3424849
	Index Scan using sbtest7_pkey on sbtest7  (cost=0.43..8.45 rows=1 width=121)
	  Index Cond: (id = 3424849)

table 8 : explain SELECT c FROM sbtest8 WHERE id=2350017
	Index Scan using sbtest8_pkey on sbtest8  (cost=0.43..8.45 rows=1 width=121)
	  Index Cond: (id = 2350017)

for point_selects
table 1 : explain SELECT c FROM sbtest1 WHERE id=7311306
	Index Scan using sbtest1_pkey on sbtest1  (cost=0.43..8.45 rows=1 width=121)
	  Index Cond: (id = 7311306)

table 2 : explain SELECT c FROM sbtest2 WHERE id=4156548
	Index Scan using sbtest2_pkey on sbtest2  (cost=0.43..8.45 rows=1 width=121)
	  Index Cond: (id = 4156548)

table 3 : explain SELECT c FROM sbtest3 WHERE id=4781973
	Index Scan using sbtest3_pkey on sbtest3  (cost=0.43..8.45 rows=1 width=121)
	  Index Cond: (id = 4781973)

table 4 : explain SELECT c FROM sbtest4 WHERE id=2399120
	Index Scan using sbtest4_pkey on sbtest4  (cost=0.43..8.45 rows=1 width=121)
	  Index Cond: (id = 2399120)

table 5 : explain SELECT c FROM sbtest5 WHERE id=5506730
	Index Scan using sbtest5_pkey on sbtest5  (cost=0.43..8.45 rows=1 width=121)
	  Index Cond: (id = 5506730)

table 6 : explain SELECT c FROM sbtest6 WHERE id=2009788
	Index Scan using sbtest6_pkey on sbtest6  (cost=0.43..8.45 rows=1 width=121)
	  Index Cond: (id = 2009788)

table 7 : explain SELECT c FROM sbtest7 WHERE id=1051806
	Index Scan using sbtest7_pkey on sbtest7  (cost=0.43..8.45 rows=1 width=121)
	  Index Cond: (id = 1051806)

table 8 : explain SELECT c FROM sbtest8 WHERE id=4471453
	Index Scan using sbtest8_pkey on sbtest8  (cost=0.43..8.45 rows=1 width=121)
	  Index Cond: (id = 4471453)

explain: for point_selects :: explain SELECT c FROM sbtest%u WHERE id=%u
explain: for point_selects :: explain SELECT c FROM sbtest%u WHERE id=%u


for point_selects
table 1 : explain SELECT c FROM sbtest1 WHERE id=5370572
	Index Scan using sbtest1_pkey on sbtest1  (cost=0.43..8.45 rows=1 width=121)
	  Index Cond: (id = 5370572)

table 2 : explain SELECT c FROM sbtest2 WHERE id=7006230
	Index Scan using sbtest2_pkey on sbtest2  (cost=0.43..8.45 rows=1 width=121)
	  Index Cond: (id = 7006230)

table 3 : explain SELECT c FROM sbtest3 WHERE id=6016000
	Index Scan using sbtest3_pkey on sbtest3  (cost=0.43..8.45 rows=1 width=121)
	  Index Cond: (id = 6016000)

table 4 : explain SELECT c FROM sbtest4 WHERE id=6964480
	Index Scan using sbtest4_pkey on sbtest4  (cost=0.43..8.45 rows=1 width=121)
	  Index Cond: (id = 6964480)

table 5 : explain SELECT c FROM sbtest5 WHERE id=472956
	Index Scan using sbtest5_pkey on sbtest5  (cost=0.43..8.45 rows=1 width=121)
	  Index Cond: (id = 472956)

table 6 : explain SELECT c FROM sbtest6 WHERE id=1206409
	Index Scan using sbtest6_pkey on sbtest6  (cost=0.43..8.45 rows=1 width=121)
	  Index Cond: (id = 1206409)

table 7 : explain SELECT c FROM sbtest7 WHERE id=5629468
	Index Scan using sbtest7_pkey on sbtest7  (cost=0.43..8.45 rows=1 width=121)
	  Index Cond: (id = 5629468)

table 8 : explain SELECT c FROM sbtest8 WHERE id=4590811
	Index Scan using sbtest8_pkey on sbtest8  (cost=0.43..8.45 rows=1 width=121)
	  Index Cond: (id = 4590811)

explain: for point_selects :: explain SELECT c FROM sbtest%u WHERE id=%u
explain: for point_selects :: explain SELECT c FROM sbtest%u WHERE id=%u
for point_selects
table 1 : explain SELECT c FROM sbtest1 WHERE id=8622455
	Index Scan using sbtest1_pkey on sbtest1  (cost=0.43..8.45 rows=1 width=121)
	  Index Cond: (id = 8622455)

table 2 : explain SELECT c FROM sbtest2 WHERE id=9321544
	Index Scan using sbtest2_pkey on sbtest2  (cost=0.43..8.45 rows=1 width=121)
	  Index Cond: (id = 9321544)

table 3 : explain SELECT c FROM sbtest3 WHERE id=6503981
	Index Scan using sbtest3_pkey on sbtest3  (cost=0.43..8.45 rows=1 width=121)
	  Index Cond: (id = 6503981)

table 4 : explain SELECT c FROM sbtest4 WHERE id=5625518
	Index Scan using sbtest4_pkey on sbtest4  (cost=0.43..8.45 rows=1 width=121)
	  Index Cond: (id = 5625518)

table 5 : explain SELECT c FROM sbtest5 WHERE id=5323823
	Index Scan using sbtest5_pkey on sbtest5  (cost=0.43..8.45 rows=1 width=121)
	  Index Cond: (id = 5323823)

table 6 : explain SELECT c FROM sbtest6 WHERE id=1189485
	Index Scan using sbtest6_pkey on sbtest6  (cost=0.43..8.45 rows=1 width=121)
	  Index Cond: (id = 1189485)

table 7 : explain SELECT c FROM sbtest7 WHERE id=4206907
	Index Scan using sbtest7_pkey on sbtest7  (cost=0.43..8.45 rows=1 width=121)
	  Index Cond: (id = 4206907)

table 8 : explain SELECT c FROM sbtest8 WHERE id=6394276
	Index Scan using sbtest8_pkey on sbtest8  (cost=0.43..8.45 rows=1 width=121)
	  Index Cond: (id = 6394276)

explain: for point_selects :: explain SELECT c FROM sbtest%u WHERE id=%u
for: simple_ranges
table 1 : explain SELECT c FROM sbtest1 WHERE id BETWEEN 4470187 AND 4470196
	Index Scan using sbtest1_pkey on sbtest1  (cost=0.43..43.84 rows=10 width=121)
	  Index Cond: ((id >= 4470187) AND (id <= 4470196))

table 2 : explain SELECT c FROM sbtest2 WHERE id BETWEEN 3461134 AND 3461143
	Index Scan using sbtest2_pkey on sbtest2  (cost=0.43..47.76 rows=11 width=121)
	  Index Cond: ((id >= 3461134) AND (id <= 3461143))

table 3 : explain SELECT c FROM sbtest3 WHERE id BETWEEN 5915112 AND 5915121
	Index Scan using sbtest3_pkey on sbtest3  (cost=0.43..43.76 rows=10 width=121)
	  Index Cond: ((id >= 5915112) AND (id <= 5915121))

table 4 : explain SELECT c FROM sbtest4 WHERE id BETWEEN 1348617 AND 1348626
	Index Scan using sbtest4_pkey on sbtest4  (cost=0.43..39.82 rows=9 width=121)
	  Index Cond: ((id >= 1348617) AND (id <= 1348626))

table 5 : explain SELECT c FROM sbtest5 WHERE id BETWEEN 8794812 AND 8794821
	Index Scan using sbtest5_pkey on sbtest5  (cost=0.43..43.74 rows=10 width=121)
	  Index Cond: ((id >= 8794812) AND (id <= 8794821))

table 6 : explain SELECT c FROM sbtest6 WHERE id BETWEEN 3864114 AND 3864123
	Index Scan using sbtest6_pkey on sbtest6  (cost=0.43..43.58 rows=10 width=121)
	  Index Cond: ((id >= 3864114) AND (id <= 3864123))

table 7 : explain SELECT c FROM sbtest7 WHERE id BETWEEN 3296837 AND 3296846
	Index Scan using sbtest7_pkey on sbtest7  (cost=0.43..43.87 rows=10 width=121)
	  Index Cond: ((id >= 3296837) AND (id <= 3296846))

table 8 : explain SELECT c FROM sbtest8 WHERE id BETWEEN 2578201 AND 2578210
	Index Scan using sbtest8_pkey on sbtest8  (cost=0.43..43.78 rows=10 width=121)
	  Index Cond: ((id >= 2578201) AND (id <= 2578210))

for point_selects
table 1 : explain SELECT c FROM sbtest1 WHERE id=6347861
	Index Scan using sbtest1_pkey on sbtest1  (cost=0.43..8.45 rows=1 width=121)
	  Index Cond: (id = 6347861)

table 2 : explain SELECT c FROM sbtest2 WHERE id=6231553
	Index Scan using sbtest2_pkey on sbtest2  (cost=0.43..8.45 rows=1 width=121)
	  Index Cond: (id = 6231553)

table 3 : explain SELECT c FROM sbtest3 WHERE id=3313825
	Index Scan using sbtest3_pkey on sbtest3  (cost=0.43..8.45 rows=1 width=121)
	  Index Cond: (id = 3313825)

table 4 : explain SELECT c FROM sbtest4 WHERE id=8402742
	Index Scan using sbtest4_pkey on sbtest4  (cost=0.43..8.45 rows=1 width=121)
	  Index Cond: (id = 8402742)

table 5 : explain SELECT c FROM sbtest5 WHERE id=5328174
	Index Scan using sbtest5_pkey on sbtest5  (cost=0.43..8.45 rows=1 width=121)
	  Index Cond: (id = 5328174)

table 6 : explain SELECT c FROM sbtest6 WHERE id=4977811
	Index Scan using sbtest6_pkey on sbtest6  (cost=0.43..8.45 rows=1 width=121)
	  Index Cond: (id = 4977811)

table 7 : explain SELECT c FROM sbtest7 WHERE id=6123030
	Index Scan using sbtest7_pkey on sbtest7  (cost=0.43..8.45 rows=1 width=121)
	  Index Cond: (id = 6123030)

table 8 : explain SELECT c FROM sbtest8 WHERE id=7597906
	Index Scan using sbtest8_pkey on sbtest8  (cost=0.43..8.45 rows=1 width=121)
	  Index Cond: (id = 7597906)

for point_selects
table 1 : explain SELECT c FROM sbtest1 WHERE id=4828905
	Index Scan using sbtest1_pkey on sbtest1  (cost=0.43..8.45 rows=1 width=121)
	  Index Cond: (id = 4828905)

table 2 : explain SELECT c FROM sbtest2 WHERE id=2223395
	Index Scan using sbtest2_pkey on sbtest2  (cost=0.43..8.45 rows=1 width=121)
	  Index Cond: (id = 2223395)

table 3 : explain SELECT c FROM sbtest3 WHERE id=1288479
	Index Scan using sbtest3_pkey on sbtest3  (cost=0.43..8.45 rows=1 width=121)
	  Index Cond: (id = 1288479)

table 4 : explain SELECT c FROM sbtest4 WHERE id=3976138
	Index Scan using sbtest4_pkey on sbtest4  (cost=0.43..8.45 rows=1 width=121)
	  Index Cond: (id = 3976138)

table 5 : explain SELECT c FROM sbtest5 WHERE id=8664361
	Index Scan using sbtest5_pkey on sbtest5  (cost=0.43..8.45 rows=1 width=121)
	  Index Cond: (id = 8664361)

table 6 : explain SELECT c FROM sbtest6 WHERE id=3278339
	Index Scan using sbtest6_pkey on sbtest6  (cost=0.43..8.45 rows=1 width=121)
	  Index Cond: (id = 3278339)

table 7 : explain SELECT c FROM sbtest7 WHERE id=2909932
	Index Scan using sbtest7_pkey on sbtest7  (cost=0.43..8.45 rows=1 width=121)
	  Index Cond: (id = 2909932)

table 8 : explain SELECT c FROM sbtest8 WHERE id=3418958
	Index Scan using sbtest8_pkey on sbtest8  (cost=0.43..8.45 rows=1 width=121)
	  Index Cond: (id = 3418958)

explain: for point_selects :: explain SELECT c FROM sbtest%u WHERE id=%u
for: simple_ranges
table 1 : explain SELECT c FROM sbtest1 WHERE id BETWEEN 9083543 AND 9083552
	Index Scan using sbtest1_pkey on sbtest1  (cost=0.43..43.84 rows=10 width=121)
	  Index Cond: ((id >= 9083543) AND (id <= 9083552))

table 2 : explain SELECT c FROM sbtest2 WHERE id BETWEEN 6416195 AND 6416204
	Index Scan using sbtest2_pkey on sbtest2  (cost=0.43..47.76 rows=11 width=121)
	  Index Cond: ((id >= 6416195) AND (id <= 6416204))

table 3 : explain SELECT c FROM sbtest3 WHERE id BETWEEN 7166892 AND 7166901
	Index Scan using sbtest3_pkey on sbtest3  (cost=0.43..43.76 rows=10 width=121)
	  Index Cond: ((id >= 7166892) AND (id <= 7166901))

table 4 : explain SELECT c FROM sbtest4 WHERE id BETWEEN 7241562 AND 7241571
	Index Scan using sbtest4_pkey on sbtest4  (cost=0.43..39.82 rows=9 width=121)
	  Index Cond: ((id >= 7241562) AND (id <= 7241571))

table 5 : explain SELECT c FROM sbtest5 WHERE id BETWEEN 6126166 AND 6126175
	Index Scan using sbtest5_pkey on sbtest5  (cost=0.43..43.74 rows=10 width=121)
	  Index Cond: ((id >= 6126166) AND (id <= 6126175))

table 6 : explain SELECT c FROM sbtest6 WHERE id BETWEEN 4362898 AND 4362907
	Index Scan using sbtest6_pkey on sbtest6  (cost=0.43..43.58 rows=10 width=121)
	  Index Cond: ((id >= 4362898) AND (id <= 4362907))

table 7 : explain SELECT c FROM sbtest7 WHERE id BETWEEN 2273136 AND 2273145
	Index Scan using sbtest7_pkey on sbtest7  (cost=0.43..43.87 rows=10 width=121)
	  Index Cond: ((id >= 2273136) AND (id <= 2273145))

table 8 : explain SELECT c FROM sbtest8 WHERE id BETWEEN 1286838 AND 1286847
	Index Scan using sbtest8_pkey on sbtest8  (cost=0.43..43.78 rows=10 width=121)
	  Index Cond: ((id >= 1286838) AND (id <= 1286847))

explain: for point_selects :: explain SELECT c FROM sbtest%u WHERE id=%u
for point_selects
table 1 : explain SELECT c FROM sbtest1 WHERE id=6817921
	Index Scan using sbtest1_pkey on sbtest1  (cost=0.43..8.45 rows=1 width=121)
	  Index Cond: (id = 6817921)

table 2 : explain SELECT c FROM sbtest2 WHERE id=6055780
	Index Scan using sbtest2_pkey on sbtest2  (cost=0.43..8.45 rows=1 width=121)
	  Index Cond: (id = 6055780)

table 3 : explain SELECT c FROM sbtest3 WHERE id=7622319
	Index Scan using sbtest3_pkey on sbtest3  (cost=0.43..8.45 rows=1 width=121)
	  Index Cond: (id = 7622319)

table 4 : explain SELECT c FROM sbtest4 WHERE id=7698300
	Index Scan using sbtest4_pkey on sbtest4  (cost=0.43..8.45 rows=1 width=121)
	  Index Cond: (id = 7698300)

table 5 : explain SELECT c FROM sbtest5 WHERE id=7526741
	Index Scan using sbtest5_pkey on sbtest5  (cost=0.43..8.45 rows=1 width=121)
	  Index Cond: (id = 7526741)

table 6 : explain SELECT c FROM sbtest6 WHERE id=8894546
	Index Scan using sbtest6_pkey on sbtest6  (cost=0.43..8.45 rows=1 width=121)
	  Index Cond: (id = 8894546)

table 7 : explain SELECT c FROM sbtest7 WHERE id=5930733
	Index Scan using sbtest7_pkey on sbtest7  (cost=0.43..8.45 rows=1 width=121)
	  Index Cond: (id = 5930733)

table 8 : explain SELECT c FROM sbtest8 WHERE id=7560360
	Index Scan using sbtest8_pkey on sbtest8  (cost=0.43..8.45 rows=1 width=121)
	  Index Cond: (id = 7560360)

for point_selects
table 1 : explain SELECT c FROM sbtest1 WHERE id=9964653
	Index Scan using sbtest1_pkey on sbtest1  (cost=0.43..8.45 rows=1 width=121)
	  Index Cond: (id = 9964653)

table 2 : explain SELECT c FROM sbtest2 WHERE id=9694189
	Index Scan using sbtest2_pkey on sbtest2  (cost=0.43..8.45 rows=1 width=121)
	  Index Cond: (id = 9694189)

table 3 : explain SELECT c FROM sbtest3 WHERE id=4147689
	Index Scan using sbtest3_pkey on sbtest3  (cost=0.43..8.45 rows=1 width=121)
	  Index Cond: (id = 4147689)

table 4 : explain SELECT c FROM sbtest4 WHERE id=4947647
	Index Scan using sbtest4_pkey on sbtest4  (cost=0.43..8.45 rows=1 width=121)
	  Index Cond: (id = 4947647)

table 5 : explain SELECT c FROM sbtest5 WHERE id=8057988
	Index Scan using sbtest5_pkey on sbtest5  (cost=0.43..8.45 rows=1 width=121)
	  Index Cond: (id = 8057988)

table 6 : explain SELECT c FROM sbtest6 WHERE id=8499591
	Index Scan using sbtest6_pkey on sbtest6  (cost=0.43..8.45 rows=1 width=121)
	  Index Cond: (id = 8499591)

table 7 : explain SELECT c FROM sbtest7 WHERE id=3354973
	Index Scan using sbtest7_pkey on sbtest7  (cost=0.43..8.45 rows=1 width=121)
	  Index Cond: (id = 3354973)

table 8 : explain SELECT c FROM sbtest8 WHERE id=4046722
	Index Scan using sbtest8_pkey on sbtest8  (cost=0.43..8.45 rows=1 width=121)
	  Index Cond: (id = 4046722)

explain: for point_selects :: explain SELECT c FROM sbtest%u WHERE id=%u
for point_selects
table 1 : explain SELECT c FROM sbtest1 WHERE id=2540571
	Index Scan using sbtest1_pkey on sbtest1  (cost=0.43..8.45 rows=1 width=121)
	  Index Cond: (id = 2540571)

table 2 : explain SELECT c FROM sbtest2 WHERE id=1174171
	Index Scan using sbtest2_pkey on sbtest2  (cost=0.43..8.45 rows=1 width=121)
	  Index Cond: (id = 1174171)

table 3 : explain SELECT c FROM sbtest3 WHERE id=2269226
	Index Scan using sbtest3_pkey on sbtest3  (cost=0.43..8.45 rows=1 width=121)
	  Index Cond: (id = 2269226)

table 4 : explain SELECT c FROM sbtest4 WHERE id=4001968
	Index Scan using sbtest4_pkey on sbtest4  (cost=0.43..8.45 rows=1 width=121)
	  Index Cond: (id = 4001968)

table 5 : explain SELECT c FROM sbtest5 WHERE id=9963557
	Index Scan using sbtest5_pkey on sbtest5  (cost=0.43..8.45 rows=1 width=121)
	  Index Cond: (id = 9963557)

table 6 : explain SELECT c FROM sbtest6 WHERE id=4915472
	Index Scan using sbtest6_pkey on sbtest6  (cost=0.43..8.45 rows=1 width=121)
	  Index Cond: (id = 4915472)

table 7 : explain SELECT c FROM sbtest7 WHERE id=428392
	Index Scan using sbtest7_pkey on sbtest7  (cost=0.43..8.45 rows=1 width=121)
	  Index Cond: (id = 428392)

table 8 : explain SELECT c FROM sbtest8 WHERE id=8730010
	Index Scan using sbtest8_pkey on sbtest8  (cost=0.43..8.45 rows=1 width=121)
	  Index Cond: (id = 8730010)

for point_selects
table 1 : explain SELECT c FROM sbtest1 WHERE id=8042491
	Index Scan using sbtest1_pkey on sbtest1  (cost=0.43..8.45 rows=1 width=121)
	  Index Cond: (id = 8042491)

table 2 : explain SELECT c FROM sbtest2 WHERE id=2148745
	Index Scan using sbtest2_pkey on sbtest2  (cost=0.43..8.45 rows=1 width=121)
	  Index Cond: (id = 2148745)

table 3 : explain SELECT c FROM sbtest3 WHERE id=8066492
	Index Scan using sbtest3_pkey on sbtest3  (cost=0.43..8.45 rows=1 width=121)
	  Index Cond: (id = 8066492)

table 4 : explain SELECT c FROM sbtest4 WHERE id=9201010
	Index Scan using sbtest4_pkey on sbtest4  (cost=0.43..8.45 rows=1 width=121)
	  Index Cond: (id = 9201010)

table 5 : explain SELECT c FROM sbtest5 WHERE id=3890790
	Index Scan using sbtest5_pkey on sbtest5  (cost=0.43..8.45 rows=1 width=121)
	  Index Cond: (id = 3890790)

table 6 : explain SELECT c FROM sbtest6 WHERE id=2551239
	Index Scan using sbtest6_pkey on sbtest6  (cost=0.43..8.45 rows=1 width=121)
	  Index Cond: (id = 2551239)

table 7 : explain SELECT c FROM sbtest7 WHERE id=7302047
	Index Scan using sbtest7_pkey on sbtest7  (cost=0.43..8.45 rows=1 width=121)
	  Index Cond: (id = 7302047)

table 8 : explain SELECT c FROM sbtest8 WHERE id=2252981
	Index Scan using sbtest8_pkey on sbtest8  (cost=0.43..8.45 rows=1 width=121)
	  Index Cond: (id = 2252981)

explain: for point_selects :: explain SELECT c FROM sbtest%u WHERE id=%u
for point_selects
table 1 : explain SELECT c FROM sbtest1 WHERE id=2783016
	Index Scan using sbtest1_pkey on sbtest1  (cost=0.43..8.45 rows=1 width=121)
	  Index Cond: (id = 2783016)

table 2 : explain SELECT c FROM sbtest2 WHERE id=4028285
	Index Scan using sbtest2_pkey on sbtest2  (cost=0.43..8.45 rows=1 width=121)
	  Index Cond: (id = 4028285)

table 3 : explain SELECT c FROM sbtest3 WHERE id=2088250
	Index Scan using sbtest3_pkey on sbtest3  (cost=0.43..8.45 rows=1 width=121)
	  Index Cond: (id = 2088250)

table 4 : explain SELECT c FROM sbtest4 WHERE id=633797
	Index Scan using sbtest4_pkey on sbtest4  (cost=0.43..8.45 rows=1 width=121)
	  Index Cond: (id = 633797)

table 5 : explain SELECT c FROM sbtest5 WHERE id=2861522
	Index Scan using sbtest5_pkey on sbtest5  (cost=0.43..8.45 rows=1 width=121)
	  Index Cond: (id = 2861522)

table 6 : explain SELECT c FROM sbtest6 WHERE id=256794
	Index Scan using sbtest6_pkey on sbtest6  (cost=0.43..8.45 rows=1 width=121)
	  Index Cond: (id = 256794)

table 7 : explain SELECT c FROM sbtest7 WHERE id=3828399
	Index Scan using sbtest7_pkey on sbtest7  (cost=0.43..8.45 rows=1 width=121)
	  Index Cond: (id = 3828399)

table 8 : explain SELECT c FROM sbtest8 WHERE id=8609101
	Index Scan using sbtest8_pkey on sbtest8  (cost=0.43..8.45 rows=1 width=121)
	  Index Cond: (id = 8609101)

for: simple_ranges
table 1 : explain SELECT c FROM sbtest1 WHERE id BETWEEN 509544 AND 509553
	Index Scan using sbtest1_pkey on sbtest1  (cost=0.43..39.91 rows=9 width=121)
	  Index Cond: ((id >= 509544) AND (id <= 509553))

table 2 : explain SELECT c FROM sbtest2 WHERE id BETWEEN 9207027 AND 9207036
	Index Scan using sbtest2_pkey on sbtest2  (cost=0.43..43.83 rows=10 width=121)
	  Index Cond: ((id >= 9207027) AND (id <= 9207036))

table 3 : explain SELECT c FROM sbtest3 WHERE id BETWEEN 633663 AND 633672
	Index Scan using sbtest3_pkey on sbtest3  (cost=0.43..43.76 rows=10 width=121)
	  Index Cond: ((id >= 633663) AND (id <= 633672))

table 4 : explain SELECT c FROM sbtest4 WHERE id BETWEEN 2177812 AND 2177821
	Index Scan using sbtest4_pkey on sbtest4  (cost=0.43..47.66 rows=11 width=121)
	  Index Cond: ((id >= 2177812) AND (id <= 2177821))

table 5 : explain SELECT c FROM sbtest5 WHERE id BETWEEN 9342110 AND 9342119
	Index Scan using sbtest5_pkey on sbtest5  (cost=0.43..43.74 rows=10 width=121)
	  Index Cond: ((id >= 9342110) AND (id <= 9342119))

table 6 : explain SELECT c FROM sbtest6 WHERE id BETWEEN 5198177 AND 5198186
	Index Scan using sbtest6_pkey on sbtest6  (cost=0.43..43.58 rows=10 width=121)
	  Index Cond: ((id >= 5198177) AND (id <= 5198186))

table 7 : explain SELECT c FROM sbtest7 WHERE id BETWEEN 995344 AND 995353
	Index Scan using sbtest7_pkey on sbtest7  (cost=0.43..47.81 rows=11 width=121)
	  Index Cond: ((id >= 995344) AND (id <= 995353))

table 8 : explain SELECT c FROM sbtest8 WHERE id BETWEEN 8766805 AND 8766814
	Index Scan using sbtest8_pkey on sbtest8  (cost=0.43..43.78 rows=10 width=121)
	  Index Cond: ((id >= 8766805) AND (id <= 8766814))

for: simple_ranges
table 1 : explain SELECT c FROM sbtest1 WHERE id BETWEEN 9249389 AND 9249398
	Index Scan using sbtest1_pkey on sbtest1  (cost=0.43..43.84 rows=10 width=121)
	  Index Cond: ((id >= 9249389) AND (id <= 9249398))

table 2 : explain SELECT c FROM sbtest2 WHERE id BETWEEN 4934399 AND 4934408
	Index Scan using sbtest2_pkey on sbtest2  (cost=0.43..43.83 rows=10 width=121)
	  Index Cond: ((id >= 4934399) AND (id <= 4934408))

table 3 : explain SELECT c FROM sbtest3 WHERE id BETWEEN 2323144 AND 2323153
	Index Scan using sbtest3_pkey on sbtest3  (cost=0.43..39.84 rows=9 width=121)
	  Index Cond: ((id >= 2323144) AND (id <= 2323153))

table 4 : explain SELECT c FROM sbtest4 WHERE id BETWEEN 3031976 AND 3031985
	Index Scan using sbtest4_pkey on sbtest4  (cost=0.43..43.74 rows=10 width=121)
	  Index Cond: ((id >= 3031976) AND (id <= 3031985))

table 5 : explain SELECT c FROM sbtest5 WHERE id BETWEEN 1710886 AND 1710895
	Index Scan using sbtest5_pkey on sbtest5  (cost=0.43..43.74 rows=10 width=121)
	  Index Cond: ((id >= 1710886) AND (id <= 1710895))

table 6 : explain SELECT c FROM sbtest6 WHERE id BETWEEN 9431632 AND 9431641
	Index Scan using sbtest6_pkey on sbtest6  (cost=0.43..43.58 rows=10 width=121)
	  Index Cond: ((id >= 9431632) AND (id <= 9431641))

table 7 : explain SELECT c FROM sbtest7 WHERE id BETWEEN 3189975 AND 3189984
	Index Scan using sbtest7_pkey on sbtest7  (cost=0.43..43.87 rows=10 width=121)
	  Index Cond: ((id >= 3189975) AND (id <= 3189984))

table 8 : explain SELECT c FROM sbtest8 WHERE id BETWEEN 8206833 AND 8206842
	Index Scan using sbtest8_pkey on sbtest8  (cost=0.43..43.78 rows=10 width=121)
	  Index Cond: ((id >= 8206833) AND (id <= 8206842))

for: simple_ranges
table 1 : explain SELECT c FROM sbtest1 WHERE id BETWEEN 525695 AND 525704
	Index Scan using sbtest1_pkey on sbtest1  (cost=0.43..39.91 rows=9 width=121)
	  Index Cond: ((id >= 525695) AND (id <= 525704))

table 2 : explain SELECT c FROM sbtest2 WHERE id BETWEEN 7371082 AND 7371091
	Index Scan using sbtest2_pkey on sbtest2  (cost=0.43..39.90 rows=9 width=121)
	  Index Cond: ((id >= 7371082) AND (id <= 7371091))

table 3 : explain SELECT c FROM sbtest3 WHERE id BETWEEN 4961049 AND 4961058
	Index Scan using sbtest3_pkey on sbtest3  (cost=0.43..47.68 rows=11 width=121)
	  Index Cond: ((id >= 4961049) AND (id <= 4961058))

table 4 : explain SELECT c FROM sbtest4 WHERE id BETWEEN 6136054 AND 6136063
	Index Scan using sbtest4_pkey on sbtest4  (cost=0.43..43.74 rows=10 width=121)
	  Index Cond: ((id >= 6136054) AND (id <= 6136063))

table 5 : explain SELECT c FROM sbtest5 WHERE id BETWEEN 1232635 AND 1232644
	Index Scan using sbtest5_pkey on sbtest5  (cost=0.43..43.74 rows=10 width=121)
	  Index Cond: ((id >= 1232635) AND (id <= 1232644))

table 6 : explain SELECT c FROM sbtest6 WHERE id BETWEEN 8938237 AND 8938246
	Index Scan using sbtest6_pkey on sbtest6  (cost=0.43..43.58 rows=10 width=121)
	  Index Cond: ((id >= 8938237) AND (id <= 8938246))

table 7 : explain SELECT c FROM sbtest7 WHERE id BETWEEN 5249543 AND 5249552
	Index Scan using sbtest7_pkey on sbtest7  (cost=0.43..43.87 rows=10 width=121)
	  Index Cond: ((id >= 5249543) AND (id <= 5249552))

table 8 : explain SELECT c FROM sbtest8 WHERE id BETWEEN 2042922 AND 2042931
	Index Scan using sbtest8_pkey on sbtest8  (cost=0.43..43.78 rows=10 width=121)
	  Index Cond: ((id >= 2042922) AND (id <= 2042931))

for: simple_ranges
table 1 : explain SELECT c FROM sbtest1 WHERE id BETWEEN 3200564 AND 3200573
	Index Scan using sbtest1_pkey on sbtest1  (cost=0.43..43.84 rows=10 width=121)
	  Index Cond: ((id >= 3200564) AND (id <= 3200573))

table 2 : explain SELECT c FROM sbtest2 WHERE id BETWEEN 7516138 AND 7516147
	Index Scan using sbtest2_pkey on sbtest2  (cost=0.43..43.83 rows=10 width=121)
	  Index Cond: ((id >= 7516138) AND (id <= 7516147))

table 3 : explain SELECT c FROM sbtest3 WHERE id BETWEEN 9333188 AND 9333197
	Index Scan using sbtest3_pkey on sbtest3  (cost=0.43..39.84 rows=9 width=121)
	  Index Cond: ((id >= 9333188) AND (id <= 9333197))

table 4 : explain SELECT c FROM sbtest4 WHERE id BETWEEN 7905020 AND 7905029
	Index Scan using sbtest4_pkey on sbtest4  (cost=0.43..43.74 rows=10 width=121)
	  Index Cond: ((id >= 7905020) AND (id <= 7905029))

table 5 : explain SELECT c FROM sbtest5 WHERE id BETWEEN 9605257 AND 9605266
	Index Scan using sbtest5_pkey on sbtest5  (cost=0.43..43.74 rows=10 width=121)
	  Index Cond: ((id >= 9605257) AND (id <= 9605266))

table 6 : explain SELECT c FROM sbtest6 WHERE id BETWEEN 5094877 AND 5094886
	Index Scan using sbtest6_pkey on sbtest6  (cost=0.43..43.58 rows=10 width=121)
	  Index Cond: ((id >= 5094877) AND (id <= 5094886))

table 7 : explain SELECT c FROM sbtest7 WHERE id BETWEEN 9092097 AND 9092106
	Index Scan using sbtest7_pkey on sbtest7  (cost=0.43..47.81 rows=11 width=121)
	  Index Cond: ((id >= 9092097) AND (id <= 9092106))

table 8 : explain SELECT c FROM sbtest8 WHERE id BETWEEN 340194 AND 340203
	Index Scan using sbtest8_pkey on sbtest8  (cost=0.43..43.78 rows=10 width=121)
	  Index Cond: ((id >= 340194) AND (id <= 340203))

for: simple_ranges
table 1 : explain SELECT c FROM sbtest1 WHERE id BETWEEN 3376749 AND 3376758
	Index Scan using sbtest1_pkey on sbtest1  (cost=0.43..43.84 rows=10 width=121)
	  Index Cond: ((id >= 3376749) AND (id <= 3376758))

table 2 : explain SELECT c FROM sbtest2 WHERE id BETWEEN 2020393 AND 2020402
	Index Scan using sbtest2_pkey on sbtest2  (cost=0.43..43.83 rows=10 width=121)
	  Index Cond: ((id >= 2020393) AND (id <= 2020402))

table 3 : explain SELECT c FROM sbtest3 WHERE id BETWEEN 9643287 AND 9643296
	Index Scan using sbtest3_pkey on sbtest3  (cost=0.43..43.76 rows=10 width=121)
	  Index Cond: ((id >= 9643287) AND (id <= 9643296))

table 4 : explain SELECT c FROM sbtest4 WHERE id BETWEEN 1670952 AND 1670961
	Index Scan using sbtest4_pkey on sbtest4  (cost=0.43..43.74 rows=10 width=121)
	  Index Cond: ((id >= 1670952) AND (id <= 1670961))

table 5 : explain SELECT c FROM sbtest5 WHERE id BETWEEN 7643986 AND 7643995
	Index Scan using sbtest5_pkey on sbtest5  (cost=0.43..39.82 rows=9 width=121)
	  Index Cond: ((id >= 7643986) AND (id <= 7643995))

table 6 : explain SELECT c FROM sbtest6 WHERE id BETWEEN 4974442 AND 4974451
	Index Scan using sbtest6_pkey on sbtest6  (cost=0.43..39.68 rows=9 width=121)
	  Index Cond: ((id >= 4974442) AND (id <= 4974451))

table 7 : explain SELECT c FROM sbtest7 WHERE id BETWEEN 6734056 AND 6734065
	Index Scan using sbtest7_pkey on sbtest7  (cost=0.43..43.87 rows=10 width=121)
	  Index Cond: ((id >= 6734056) AND (id <= 6734065))

table 8 : explain SELECT c FROM sbtest8 WHERE id BETWEEN 7267205 AND 7267214
	Index Scan using sbtest8_pkey on sbtest8  (cost=0.43..43.78 rows=10 width=121)
	  Index Cond: ((id >= 7267205) AND (id <= 7267214))

for: simple_ranges
table 1 : explain SELECT c FROM sbtest1 WHERE id BETWEEN 9486786 AND 9486795
	Index Scan using sbtest1_pkey on sbtest1  (cost=0.43..43.84 rows=10 width=121)
	  Index Cond: ((id >= 9486786) AND (id <= 9486795))

table 2 : explain SELECT c FROM sbtest2 WHERE id BETWEEN 4625087 AND 4625096
	Index Scan using sbtest2_pkey on sbtest2  (cost=0.43..43.83 rows=10 width=121)
	  Index Cond: ((id >= 4625087) AND (id <= 4625096))

table 3 : explain SELECT c FROM sbtest3 WHERE id BETWEEN 7450105 AND 7450114
	Index Scan using sbtest3_pkey on sbtest3  (cost=0.43..47.68 rows=11 width=121)
	  Index Cond: ((id >= 7450105) AND (id <= 7450114))

table 4 : explain SELECT c FROM sbtest4 WHERE id BETWEEN 6748452 AND 6748461
	Index Scan using sbtest4_pkey on sbtest4  (cost=0.43..43.74 rows=10 width=121)
	  Index Cond: ((id >= 6748452) AND (id <= 6748461))

table 5 : explain SELECT c FROM sbtest5 WHERE id BETWEEN 3256190 AND 3256199
	Index Scan using sbtest5_pkey on sbtest5  (cost=0.43..43.74 rows=10 width=121)
	  Index Cond: ((id >= 3256190) AND (id <= 3256199))

table 6 : explain SELECT c FROM sbtest6 WHERE id BETWEEN 324373 AND 324382
	Index Scan using sbtest6_pkey on sbtest6  (cost=0.43..43.58 rows=10 width=121)
	  Index Cond: ((id >= 324373) AND (id <= 324382))

table 7 : explain SELECT c FROM sbtest7 WHERE id BETWEEN 3184138 AND 3184147
	Index Scan using sbtest7_pkey on sbtest7  (cost=0.43..43.87 rows=10 width=121)
	  Index Cond: ((id >= 3184138) AND (id <= 3184147))

table 8 : explain SELECT c FROM sbtest8 WHERE id BETWEEN 1419839 AND 1419848
	Index Scan using sbtest8_pkey on sbtest8  (cost=0.43..43.78 rows=10 width=121)
	  Index Cond: ((id >= 1419839) AND (id <= 1419848))

for: simple_ranges
table 1 : explain SELECT c FROM sbtest1 WHERE id BETWEEN 8358263 AND 8358272
	Index Scan using sbtest1_pkey on sbtest1  (cost=0.43..43.84 rows=10 width=121)
	  Index Cond: ((id >= 8358263) AND (id <= 8358272))

table 2 : explain SELECT c FROM sbtest2 WHERE id BETWEEN 9275238 AND 9275247
	Index Scan using sbtest2_pkey on sbtest2  (cost=0.43..43.83 rows=10 width=121)
	  Index Cond: ((id >= 9275238) AND (id <= 9275247))

table 3 : explain SELECT c FROM sbtest3 WHERE id BETWEEN 4157430 AND 4157439
	Index Scan using sbtest3_pkey on sbtest3  (cost=0.43..47.68 rows=11 width=121)
	  Index Cond: ((id >= 4157430) AND (id <= 4157439))

table 4 : explain SELECT c FROM sbtest4 WHERE id BETWEEN 2647234 AND 2647243
	Index Scan using sbtest4_pkey on sbtest4  (cost=0.43..47.66 rows=11 width=121)
	  Index Cond: ((id >= 2647234) AND (id <= 2647243))

table 5 : explain SELECT c FROM sbtest5 WHERE id BETWEEN 4954910 AND 4954919
	Index Scan using sbtest5_pkey on sbtest5  (cost=0.43..43.74 rows=10 width=121)
	  Index Cond: ((id >= 4954910) AND (id <= 4954919))

table 6 : explain SELECT c FROM sbtest6 WHERE id BETWEEN 6417287 AND 6417296
	Index Scan using sbtest6_pkey on sbtest6  (cost=0.43..43.58 rows=10 width=121)
	  Index Cond: ((id >= 6417287) AND (id <= 6417296))

table 7 : explain SELECT c FROM sbtest7 WHERE id BETWEEN 1534027 AND 1534036
	Index Scan using sbtest7_pkey on sbtest7  (cost=0.43..43.87 rows=10 width=121)
	  Index Cond: ((id >= 1534027) AND (id <= 1534036))

table 8 : explain SELECT c FROM sbtest8 WHERE id BETWEEN 9249683 AND 9249692
	Index Scan using sbtest8_pkey on sbtest8  (cost=0.43..43.78 rows=10 width=121)
	  Index Cond: ((id >= 9249683) AND (id <= 9249692))

explain: for point_selects :: explain SELECT c FROM sbtest%u WHERE id=%u
for: simple_ranges
table 1 : explain SELECT c FROM sbtest1 WHERE id BETWEEN 5439732 AND 5439741
	Index Scan using sbtest1_pkey on sbtest1  (cost=0.43..47.77 rows=11 width=121)
	  Index Cond: ((id >= 5439732) AND (id <= 5439741))

table 2 : explain SELECT c FROM sbtest2 WHERE id BETWEEN 8531728 AND 8531737
	Index Scan using sbtest2_pkey on sbtest2  (cost=0.43..43.83 rows=10 width=121)
	  Index Cond: ((id >= 8531728) AND (id <= 8531737))

table 3 : explain SELECT c FROM sbtest3 WHERE id BETWEEN 9897052 AND 9897061
	Index Scan using sbtest3_pkey on sbtest3  (cost=0.43..43.76 rows=10 width=121)
	  Index Cond: ((id >= 9897052) AND (id <= 9897061))

table 4 : explain SELECT c FROM sbtest4 WHERE id BETWEEN 630337 AND 630346
	Index Scan using sbtest4_pkey on sbtest4  (cost=0.43..43.74 rows=10 width=121)
	  Index Cond: ((id >= 630337) AND (id <= 630346))

table 5 : explain SELECT c FROM sbtest5 WHERE id BETWEEN 39051 AND 39060
	Index Scan using sbtest5_pkey on sbtest5  (cost=0.43..39.82 rows=9 width=121)
	  Index Cond: ((id >= 39051) AND (id <= 39060))

table 6 : explain SELECT c FROM sbtest6 WHERE id BETWEEN 769989 AND 769998
	Index Scan using sbtest6_pkey on sbtest6  (cost=0.43..39.68 rows=9 width=121)
	  Index Cond: ((id >= 769989) AND (id <= 769998))

table 7 : explain SELECT c FROM sbtest7 WHERE id BETWEEN 5048083 AND 5048092
	Index Scan using sbtest7_pkey on sbtest7  (cost=0.43..43.87 rows=10 width=121)
	  Index Cond: ((id >= 5048083) AND (id <= 5048092))

table 8 : explain SELECT c FROM sbtest8 WHERE id BETWEEN 691033 AND 691042
	Index Scan using sbtest8_pkey on sbtest8  (cost=0.43..47.70 rows=11 width=121)
	  Index Cond: ((id >= 691033) AND (id <= 691042))

explain: for point_selects :: explain SELECT c FROM sbtest%u WHERE id=%u
for: simple_ranges
table 1 : explain SELECT c FROM sbtest1 WHERE id BETWEEN 636958 AND 636967
	Index Scan using sbtest1_pkey on sbtest1  (cost=0.43..43.84 rows=10 width=121)
	  Index Cond: ((id >= 636958) AND (id <= 636967))

table 2 : explain SELECT c FROM sbtest2 WHERE id BETWEEN 1498273 AND 1498282
	Index Scan using sbtest2_pkey on sbtest2  (cost=0.43..43.83 rows=10 width=121)
	  Index Cond: ((id >= 1498273) AND (id <= 1498282))

table 3 : explain SELECT c FROM sbtest3 WHERE id BETWEEN 1569723 AND 1569732
	Index Scan using sbtest3_pkey on sbtest3  (cost=0.43..43.76 rows=10 width=121)
	  Index Cond: ((id >= 1569723) AND (id <= 1569732))

table 4 : explain SELECT c FROM sbtest4 WHERE id BETWEEN 2622717 AND 2622726
	Index Scan using sbtest4_pkey on sbtest4  (cost=0.43..39.82 rows=9 width=121)
	  Index Cond: ((id >= 2622717) AND (id <= 2622726))

table 5 : explain SELECT c FROM sbtest5 WHERE id BETWEEN 2766564 AND 2766573
	Index Scan using sbtest5_pkey on sbtest5  (cost=0.43..43.74 rows=10 width=121)
	  Index Cond: ((id >= 2766564) AND (id <= 2766573))

table 6 : explain SELECT c FROM sbtest6 WHERE id BETWEEN 2296136 AND 2296145
	Index Scan using sbtest6_pkey on sbtest6  (cost=0.43..43.58 rows=10 width=121)
	  Index Cond: ((id >= 2296136) AND (id <= 2296145))

table 7 : explain SELECT c FROM sbtest7 WHERE id BETWEEN 57402 AND 57411
	Index Scan using sbtest7_pkey on sbtest7  (cost=0.43..39.94 rows=9 width=121)
	  Index Cond: ((id >= 57402) AND (id <= 57411))

table 8 : explain SELECT c FROM sbtest8 WHERE id BETWEEN 7955741 AND 7955750
	Index Scan using sbtest8_pkey on sbtest8  (cost=0.43..39.85 rows=9 width=121)
	  Index Cond: ((id >= 7955741) AND (id <= 7955750))

for point_selects
table 1 : explain SELECT c FROM sbtest1 WHERE id=935041
	Index Scan using sbtest1_pkey on sbtest1  (cost=0.43..8.45 rows=1 width=121)
	  Index Cond: (id = 935041)

table 2 : explain SELECT c FROM sbtest2 WHERE id=4997530
	Index Scan using sbtest2_pkey on sbtest2  (cost=0.43..8.45 rows=1 width=121)
	  Index Cond: (id = 4997530)

table 3 : explain SELECT c FROM sbtest3 WHERE id=7115689
	Index Scan using sbtest3_pkey on sbtest3  (cost=0.43..8.45 rows=1 width=121)
	  Index Cond: (id = 7115689)

table 4 : explain SELECT c FROM sbtest4 WHERE id=5023093
	Index Scan using sbtest4_pkey on sbtest4  (cost=0.43..8.45 rows=1 width=121)
	  Index Cond: (id = 5023093)

table 5 : explain SELECT c FROM sbtest5 WHERE id=5201893
	Index Scan using sbtest5_pkey on sbtest5  (cost=0.43..8.45 rows=1 width=121)
	  Index Cond: (id = 5201893)

table 6 : explain SELECT c FROM sbtest6 WHERE id=6565677
	Index Scan using sbtest6_pkey on sbtest6  (cost=0.43..8.45 rows=1 width=121)
	  Index Cond: (id = 6565677)

table 7 : explain SELECT c FROM sbtest7 WHERE id=3170728
	Index Scan using sbtest7_pkey on sbtest7  (cost=0.43..8.45 rows=1 width=121)
	  Index Cond: (id = 3170728)

table 8 : explain SELECT c FROM sbtest8 WHERE id=689277
	Index Scan using sbtest8_pkey on sbtest8  (cost=0.43..8.45 rows=1 width=121)
	  Index Cond: (id = 689277)

for point_selects
table 1 : explain SELECT c FROM sbtest1 WHERE id=4088675
	Index Scan using sbtest1_pkey on sbtest1  (cost=0.43..8.45 rows=1 width=121)
	  Index Cond: (id = 4088675)

table 2 : explain SELECT c FROM sbtest2 WHERE id=2549308
	Index Scan using sbtest2_pkey on sbtest2  (cost=0.43..8.45 rows=1 width=121)
	  Index Cond: (id = 2549308)

table 3 : explain SELECT c FROM sbtest3 WHERE id=8791837
	Index Scan using sbtest3_pkey on sbtest3  (cost=0.43..8.45 rows=1 width=121)
	  Index Cond: (id = 8791837)

table 4 : explain SELECT c FROM sbtest4 WHERE id=67454
	Index Scan using sbtest4_pkey on sbtest4  (cost=0.43..8.45 rows=1 width=121)
	  Index Cond: (id = 67454)

table 5 : explain SELECT c FROM sbtest5 WHERE id=4008076
	Index Scan using sbtest5_pkey on sbtest5  (cost=0.43..8.45 rows=1 width=121)
	  Index Cond: (id = 4008076)

table 6 : explain SELECT c FROM sbtest6 WHERE id=5170507
	Index Scan using sbtest6_pkey on sbtest6  (cost=0.43..8.45 rows=1 width=121)
	  Index Cond: (id = 5170507)

table 7 : explain SELECT c FROM sbtest7 WHERE id=3675868
	Index Scan using sbtest7_pkey on sbtest7  (cost=0.43..8.45 rows=1 width=121)
	  Index Cond: (id = 3675868)

table 8 : explain SELECT c FROM sbtest8 WHERE id=8026207
	Index Scan using sbtest8_pkey on sbtest8  (cost=0.43..8.45 rows=1 width=121)
	  Index Cond: (id = 8026207)

explain: for point_selects :: explain SELECT c FROM sbtest%u WHERE id=%u
for: simple_ranges
table 1 : explain SELECT c FROM sbtest1 WHERE id BETWEEN 1255056 AND 1255065
	Index Scan using sbtest1_pkey on sbtest1  (cost=0.43..43.84 rows=10 width=121)
	  Index Cond: ((id >= 1255056) AND (id <= 1255065))

table 2 : explain SELECT c FROM sbtest2 WHERE id BETWEEN 6384500 AND 6384509
	Index Scan using sbtest2_pkey on sbtest2  (cost=0.43..47.76 rows=11 width=121)
	  Index Cond: ((id >= 6384500) AND (id <= 6384509))

table 3 : explain SELECT c FROM sbtest3 WHERE id BETWEEN 2396443 AND 2396452
	Index Scan using sbtest3_pkey on sbtest3  (cost=0.43..39.84 rows=9 width=121)
	  Index Cond: ((id >= 2396443) AND (id <= 2396452))

table 4 : explain SELECT c FROM sbtest4 WHERE id BETWEEN 9199975 AND 9199984
	Index Scan using sbtest4_pkey on sbtest4  (cost=0.43..43.74 rows=10 width=121)
	  Index Cond: ((id >= 9199975) AND (id <= 9199984))

table 5 : explain SELECT c FROM sbtest5 WHERE id BETWEEN 3973403 AND 3973412
	Index Scan using sbtest5_pkey on sbtest5  (cost=0.43..43.74 rows=10 width=121)
	  Index Cond: ((id >= 3973403) AND (id <= 3973412))

table 6 : explain SELECT c FROM sbtest6 WHERE id BETWEEN 1079721 AND 1079730
	Index Scan using sbtest6_pkey on sbtest6  (cost=0.43..39.68 rows=9 width=121)
	  Index Cond: ((id >= 1079721) AND (id <= 1079730))

table 7 : explain SELECT c FROM sbtest7 WHERE id BETWEEN 3997373 AND 3997382
	Index Scan using sbtest7_pkey on sbtest7  (cost=0.43..43.87 rows=10 width=121)
	  Index Cond: ((id >= 3997373) AND (id <= 3997382))

table 8 : explain SELECT c FROM sbtest8 WHERE id BETWEEN 3887479 AND 3887488
	Index Scan using sbtest8_pkey on sbtest8  (cost=0.43..47.70 rows=11 width=121)
	  Index Cond: ((id >= 3887479) AND (id <= 3887488))

for: simple_ranges
table 1 : explain SELECT c FROM sbtest1 WHERE id BETWEEN 47132 AND 47141
	Index Scan using sbtest1_pkey on sbtest1  (cost=0.43..47.77 rows=11 width=121)
	  Index Cond: ((id >= 47132) AND (id <= 47141))

table 2 : explain SELECT c FROM sbtest2 WHERE id BETWEEN 1921531 AND 1921540
	Index Scan using sbtest2_pkey on sbtest2  (cost=0.43..43.83 rows=10 width=121)
	  Index Cond: ((id >= 1921531) AND (id <= 1921540))

table 3 : explain SELECT c FROM sbtest3 WHERE id BETWEEN 2403861 AND 2403870
	Index Scan using sbtest3_pkey on sbtest3  (cost=0.43..39.84 rows=9 width=121)
	  Index Cond: ((id >= 2403861) AND (id <= 2403870))

table 4 : explain SELECT c FROM sbtest4 WHERE id BETWEEN 8767397 AND 8767406
	Index Scan using sbtest4_pkey on sbtest4  (cost=0.43..43.74 rows=10 width=121)
	  Index Cond: ((id >= 8767397) AND (id <= 8767406))

table 5 : explain SELECT c FROM sbtest5 WHERE id BETWEEN 3378914 AND 3378923
	Index Scan using sbtest5_pkey on sbtest5  (cost=0.43..43.74 rows=10 width=121)
	  Index Cond: ((id >= 3378914) AND (id <= 3378923))

table 6 : explain SELECT c FROM sbtest6 WHERE id BETWEEN 2986714 AND 2986723
	Index Scan using sbtest6_pkey on sbtest6  (cost=0.43..43.58 rows=10 width=121)
	  Index Cond: ((id >= 2986714) AND (id <= 2986723))

table 7 : explain SELECT c FROM sbtest7 WHERE id BETWEEN 8766496 AND 8766505
	Index Scan using sbtest7_pkey on sbtest7  (cost=0.43..43.87 rows=10 width=121)
	  Index Cond: ((id >= 8766496) AND (id <= 8766505))

table 8 : explain SELECT c FROM sbtest8 WHERE id BETWEEN 8048368 AND 8048377
	Index Scan using sbtest8_pkey on sbtest8  (cost=0.43..43.78 rows=10 width=121)
	  Index Cond: ((id >= 8048368) AND (id <= 8048377))

explain: for point_selects :: explain SELECT c FROM sbtest%u WHERE id=%u
for: simple_ranges
table 1 : explain SELECT c FROM sbtest1 WHERE id BETWEEN 9150377 AND 9150386
	Index Scan using sbtest1_pkey on sbtest1  (cost=0.43..47.77 rows=11 width=121)
	  Index Cond: ((id >= 9150377) AND (id <= 9150386))

table 2 : explain SELECT c FROM sbtest2 WHERE id BETWEEN 7782560 AND 7782569
	Index Scan using sbtest2_pkey on sbtest2  (cost=0.43..43.83 rows=10 width=121)
	  Index Cond: ((id >= 7782560) AND (id <= 7782569))

table 3 : explain SELECT c FROM sbtest3 WHERE id BETWEEN 1627153 AND 1627162
	Index Scan using sbtest3_pkey on sbtest3  (cost=0.43..47.68 rows=11 width=121)
	  Index Cond: ((id >= 1627153) AND (id <= 1627162))

table 4 : explain SELECT c FROM sbtest4 WHERE id BETWEEN 7818357 AND 7818366
	Index Scan using sbtest4_pkey on sbtest4  (cost=0.43..43.74 rows=10 width=121)
	  Index Cond: ((id >= 7818357) AND (id <= 7818366))

table 5 : explain SELECT c FROM sbtest5 WHERE id BETWEEN 3174272 AND 3174281
	Index Scan using sbtest5_pkey on sbtest5  (cost=0.43..43.74 rows=10 width=121)
	  Index Cond: ((id >= 3174272) AND (id <= 3174281))

table 6 : explain SELECT c FROM sbtest6 WHERE id BETWEEN 7814688 AND 7814697
	Index Scan using sbtest6_pkey on sbtest6  (cost=0.43..43.58 rows=10 width=121)
	  Index Cond: ((id >= 7814688) AND (id <= 7814697))

table 7 : explain SELECT c FROM sbtest7 WHERE id BETWEEN 6488566 AND 6488575
	Index Scan using sbtest7_pkey on sbtest7  (cost=0.43..43.87 rows=10 width=121)
	  Index Cond: ((id >= 6488566) AND (id <= 6488575))

table 8 : explain SELECT c FROM sbtest8 WHERE id BETWEEN 4757708 AND 4757717
	Index Scan using sbtest8_pkey on sbtest8  (cost=0.43..39.85 rows=9 width=121)
	  Index Cond: ((id >= 4757708) AND (id <= 4757717))

for point_selects
table 1 : explain SELECT c FROM sbtest1 WHERE id=8821131
	Index Scan using sbtest1_pkey on sbtest1  (cost=0.43..8.45 rows=1 width=121)
	  Index Cond: (id = 8821131)

table 2 : explain SELECT c FROM sbtest2 WHERE id=5395482
	Index Scan using sbtest2_pkey on sbtest2  (cost=0.43..8.45 rows=1 width=121)
	  Index Cond: (id = 5395482)

table 3 : explain SELECT c FROM sbtest3 WHERE id=5086977
	Index Scan using sbtest3_pkey on sbtest3  (cost=0.43..8.45 rows=1 width=121)
	  Index Cond: (id = 5086977)

table 4 : explain SELECT c FROM sbtest4 WHERE id=5224329
	Index Scan using sbtest4_pkey on sbtest4  (cost=0.43..8.45 rows=1 width=121)
	  Index Cond: (id = 5224329)

table 5 : explain SELECT c FROM sbtest5 WHERE id=3004640
	Index Scan using sbtest5_pkey on sbtest5  (cost=0.43..8.45 rows=1 width=121)
	  Index Cond: (id = 3004640)

table 6 : explain SELECT c FROM sbtest6 WHERE id=6671070
	Index Scan using sbtest6_pkey on sbtest6  (cost=0.43..8.45 rows=1 width=121)
	  Index Cond: (id = 6671070)

table 7 : explain SELECT c FROM sbtest7 WHERE id=5388330
	Index Scan using sbtest7_pkey on sbtest7  (cost=0.43..8.45 rows=1 width=121)
	  Index Cond: (id = 5388330)

table 8 : explain SELECT c FROM sbtest8 WHERE id=5719500
	Index Scan using sbtest8_pkey on sbtest8  (cost=0.43..8.45 rows=1 width=121)
	  Index Cond: (id = 5719500)

explain: for point_selects :: explain SELECT c FROM sbtest%u WHERE id=%u
for: simple_ranges
table 1 : explain SELECT c FROM sbtest1 WHERE id BETWEEN 663009 AND 663018
	Index Scan using sbtest1_pkey on sbtest1  (cost=0.43..43.84 rows=10 width=121)
	  Index Cond: ((id >= 663009) AND (id <= 663018))

table 2 : explain SELECT c FROM sbtest2 WHERE id BETWEEN 741287 AND 741296
	Index Scan using sbtest2_pkey on sbtest2  (cost=0.43..39.90 rows=9 width=121)
	  Index Cond: ((id >= 741287) AND (id <= 741296))

table 3 : explain SELECT c FROM sbtest3 WHERE id BETWEEN 6898704 AND 6898713
	Index Scan using sbtest3_pkey on sbtest3  (cost=0.43..43.76 rows=10 width=121)
	  Index Cond: ((id >= 6898704) AND (id <= 6898713))

table 4 : explain SELECT c FROM sbtest4 WHERE id BETWEEN 2745759 AND 2745768
	Index Scan using sbtest4_pkey on sbtest4  (cost=0.43..43.74 rows=10 width=121)
	  Index Cond: ((id >= 2745759) AND (id <= 2745768))

table 5 : explain SELECT c FROM sbtest5 WHERE id BETWEEN 4127538 AND 4127547
	Index Scan using sbtest5_pkey on sbtest5  (cost=0.43..39.82 rows=9 width=121)
	  Index Cond: ((id >= 4127538) AND (id <= 4127547))

table 6 : explain SELECT c FROM sbtest6 WHERE id BETWEEN 57906 AND 57915
	Index Scan using sbtest6_pkey on sbtest6  (cost=0.43..43.58 rows=10 width=121)
	  Index Cond: ((id >= 57906) AND (id <= 57915))

table 7 : explain SELECT c FROM sbtest7 WHERE id BETWEEN 2746165 AND 2746174
	Index Scan using sbtest7_pkey on sbtest7  (cost=0.43..43.87 rows=10 width=121)
	  Index Cond: ((id >= 2746165) AND (id <= 2746174))

table 8 : explain SELECT c FROM sbtest8 WHERE id BETWEEN 5797635 AND 5797644
	Index Scan using sbtest8_pkey on sbtest8  (cost=0.43..43.78 rows=10 width=121)
	  Index Cond: ((id >= 5797635) AND (id <= 5797644))

explain: for point_selects :: explain SELECT c FROM sbtest%u WHERE id=%u
for: simple_ranges
table 1 : explain SELECT c FROM sbtest1 WHERE id BETWEEN 5151994 AND 5152003
	Index Scan using sbtest1_pkey on sbtest1  (cost=0.43..47.77 rows=11 width=121)
	  Index Cond: ((id >= 5151994) AND (id <= 5152003))

table 2 : explain SELECT c FROM sbtest2 WHERE id BETWEEN 2690185 AND 2690194
	Index Scan using sbtest2_pkey on sbtest2  (cost=0.43..43.83 rows=10 width=121)
	  Index Cond: ((id >= 2690185) AND (id <= 2690194))

table 3 : explain SELECT c FROM sbtest3 WHERE id BETWEEN 3410032 AND 3410041
	Index Scan using sbtest3_pkey on sbtest3  (cost=0.43..43.76 rows=10 width=121)
	  Index Cond: ((id >= 3410032) AND (id <= 3410041))

table 4 : explain SELECT c FROM sbtest4 WHERE id BETWEEN 3234542 AND 3234551
	Index Scan using sbtest4_pkey on sbtest4  (cost=0.43..43.74 rows=10 width=121)
	  Index Cond: ((id >= 3234542) AND (id <= 3234551))

table 5 : explain SELECT c FROM sbtest5 WHERE id BETWEEN 4126818 AND 4126827
	Index Scan using sbtest5_pkey on sbtest5  (cost=0.43..39.82 rows=9 width=121)
	  Index Cond: ((id >= 4126818) AND (id <= 4126827))

table 6 : explain SELECT c FROM sbtest6 WHERE id BETWEEN 9086745 AND 9086754
	Index Scan using sbtest6_pkey on sbtest6  (cost=0.43..43.58 rows=10 width=121)
	  Index Cond: ((id >= 9086745) AND (id <= 9086754))

table 7 : explain SELECT c FROM sbtest7 WHERE id BETWEEN 6268951 AND 6268960
	Index Scan using sbtest7_pkey on sbtest7  (cost=0.43..43.87 rows=10 width=121)
	  Index Cond: ((id >= 6268951) AND (id <= 6268960))

table 8 : explain SELECT c FROM sbtest8 WHERE id BETWEEN 7237860 AND 7237869
	Index Scan using sbtest8_pkey on sbtest8  (cost=0.43..43.78 rows=10 width=121)
	  Index Cond: ((id >= 7237860) AND (id <= 7237869))

for point_selects
table 1 : explain SELECT c FROM sbtest1 WHERE id=2164325
	Index Scan using sbtest1_pkey on sbtest1  (cost=0.43..8.45 rows=1 width=121)
	  Index Cond: (id = 2164325)

table 2 : explain SELECT c FROM sbtest2 WHERE id=1634716
	Index Scan using sbtest2_pkey on sbtest2  (cost=0.43..8.45 rows=1 width=121)
	  Index Cond: (id = 1634716)

table 3 : explain SELECT c FROM sbtest3 WHERE id=7529466
	Index Scan using sbtest3_pkey on sbtest3  (cost=0.43..8.45 rows=1 width=121)
	  Index Cond: (id = 7529466)

table 4 : explain SELECT c FROM sbtest4 WHERE id=7859393
	Index Scan using sbtest4_pkey on sbtest4  (cost=0.43..8.45 rows=1 width=121)
	  Index Cond: (id = 7859393)

table 5 : explain SELECT c FROM sbtest5 WHERE id=3138282
	Index Scan using sbtest5_pkey on sbtest5  (cost=0.43..8.45 rows=1 width=121)
	  Index Cond: (id = 3138282)

table 6 : explain SELECT c FROM sbtest6 WHERE id=1828725
	Index Scan using sbtest6_pkey on sbtest6  (cost=0.43..8.45 rows=1 width=121)
	  Index Cond: (id = 1828725)

table 7 : explain SELECT c FROM sbtest7 WHERE id=6161773
	Index Scan using sbtest7_pkey on sbtest7  (cost=0.43..8.45 rows=1 width=121)
	  Index Cond: (id = 6161773)

table 8 : explain SELECT c FROM sbtest8 WHERE id=8839763
	Index Scan using sbtest8_pkey on sbtest8  (cost=0.43..8.45 rows=1 width=121)
	  Index Cond: (id = 8839763)

for point_selects
table 1 : explain SELECT c FROM sbtest1 WHERE id=1539450
	Index Scan using sbtest1_pkey on sbtest1  (cost=0.43..8.45 rows=1 width=121)
	  Index Cond: (id = 1539450)

table 2 : explain SELECT c FROM sbtest2 WHERE id=6984847
	Index Scan using sbtest2_pkey on sbtest2  (cost=0.43..8.45 rows=1 width=121)
	  Index Cond: (id = 6984847)

table 3 : explain SELECT c FROM sbtest3 WHERE id=4282340
	Index Scan using sbtest3_pkey on sbtest3  (cost=0.43..8.45 rows=1 width=121)
	  Index Cond: (id = 4282340)

table 4 : explain SELECT c FROM sbtest4 WHERE id=5794524
	Index Scan using sbtest4_pkey on sbtest4  (cost=0.43..8.45 rows=1 width=121)
	  Index Cond: (id = 5794524)

table 5 : explain SELECT c FROM sbtest5 WHERE id=2144393
	Index Scan using sbtest5_pkey on sbtest5  (cost=0.43..8.45 rows=1 width=121)
	  Index Cond: (id = 2144393)

table 6 : explain SELECT c FROM sbtest6 WHERE id=9560801
	Index Scan using sbtest6_pkey on sbtest6  (cost=0.43..8.45 rows=1 width=121)
	  Index Cond: (id = 9560801)

table 7 : explain SELECT c FROM sbtest7 WHERE id=8435767
	Index Scan using sbtest7_pkey on sbtest7  (cost=0.43..8.45 rows=1 width=121)
	  Index Cond: (id = 8435767)

table 8 : explain SELECT c FROM sbtest8 WHERE id=1029174
	Index Scan using sbtest8_pkey on sbtest8  (cost=0.43..8.45 rows=1 width=121)
	  Index Cond: (id = 1029174)

for: simple_ranges
table 1 : explain SELECT c FROM sbtest1 WHERE id BETWEEN 8488059 AND 8488068
	Index Scan using sbtest1_pkey on sbtest1  (cost=0.43..43.84 rows=10 width=121)
	  Index Cond: ((id >= 8488059) AND (id <= 8488068))

table 2 : explain SELECT c FROM sbtest2 WHERE id BETWEEN 9445957 AND 9445966
	Index Scan using sbtest2_pkey on sbtest2  (cost=0.43..43.83 rows=10 width=121)
	  Index Cond: ((id >= 9445957) AND (id <= 9445966))

table 3 : explain SELECT c FROM sbtest3 WHERE id BETWEEN 1609961 AND 1609970
	Index Scan using sbtest3_pkey on sbtest3  (cost=0.43..47.68 rows=11 width=121)
	  Index Cond: ((id >= 1609961) AND (id <= 1609970))

table 4 : explain SELECT c FROM sbtest4 WHERE id BETWEEN 8234324 AND 8234333
	Index Scan using sbtest4_pkey on sbtest4  (cost=0.43..43.74 rows=10 width=121)
	  Index Cond: ((id >= 8234324) AND (id <= 8234333))

table 5 : explain SELECT c FROM sbtest5 WHERE id BETWEEN 545476 AND 545485
	Index Scan using sbtest5_pkey on sbtest5  (cost=0.43..43.74 rows=10 width=121)
	  Index Cond: ((id >= 545476) AND (id <= 545485))

table 6 : explain SELECT c FROM sbtest6 WHERE id BETWEEN 2104430 AND 2104439
	Index Scan using sbtest6_pkey on sbtest6  (cost=0.43..47.49 rows=11 width=121)
	  Index Cond: ((id >= 2104430) AND (id <= 2104439))

table 7 : explain SELECT c FROM sbtest7 WHERE id BETWEEN 4083932 AND 4083941
	Index Scan using sbtest7_pkey on sbtest7  (cost=0.43..43.87 rows=10 width=121)
	  Index Cond: ((id >= 4083932) AND (id <= 4083941))

table 8 : explain SELECT c FROM sbtest8 WHERE id BETWEEN 4712824 AND 4712833
	Index Scan using sbtest8_pkey on sbtest8  (cost=0.43..39.85 rows=9 width=121)
	  Index Cond: ((id >= 4712824) AND (id <= 4712833))

for: simple_ranges
table 1 : explain SELECT c FROM sbtest1 WHERE id BETWEEN 5139383 AND 5139392
	Index Scan using sbtest1_pkey on sbtest1  (cost=0.43..47.77 rows=11 width=121)
	  Index Cond: ((id >= 5139383) AND (id <= 5139392))

table 2 : explain SELECT c FROM sbtest2 WHERE id BETWEEN 4580478 AND 4580487
	Index Scan using sbtest2_pkey on sbtest2  (cost=0.43..43.83 rows=10 width=121)
	  Index Cond: ((id >= 4580478) AND (id <= 4580487))

table 3 : explain SELECT c FROM sbtest3 WHERE id BETWEEN 6294133 AND 6294142
	Index Scan using sbtest3_pkey on sbtest3  (cost=0.43..43.76 rows=10 width=121)
	  Index Cond: ((id >= 6294133) AND (id <= 6294142))

table 4 : explain SELECT c FROM sbtest4 WHERE id BETWEEN 6540958 AND 6540967
	Index Scan using sbtest4_pkey on sbtest4  (cost=0.43..43.74 rows=10 width=121)
	  Index Cond: ((id >= 6540958) AND (id <= 6540967))

table 5 : explain SELECT c FROM sbtest5 WHERE id BETWEEN 3281321 AND 3281330
	Index Scan using sbtest5_pkey on sbtest5  (cost=0.43..43.74 rows=10 width=121)
	  Index Cond: ((id >= 3281321) AND (id <= 3281330))

table 6 : explain SELECT c FROM sbtest6 WHERE id BETWEEN 1208493 AND 1208502
	Index Scan using sbtest6_pkey on sbtest6  (cost=0.43..43.58 rows=10 width=121)
	  Index Cond: ((id >= 1208493) AND (id <= 1208502))

table 7 : explain SELECT c FROM sbtest7 WHERE id BETWEEN 3759043 AND 3759052
	Index Scan using sbtest7_pkey on sbtest7  (cost=0.43..39.94 rows=9 width=121)
	  Index Cond: ((id >= 3759043) AND (id <= 3759052))

table 8 : explain SELECT c FROM sbtest8 WHERE id BETWEEN 5273878 AND 5273887
	Index Scan using sbtest8_pkey on sbtest8  (cost=0.43..43.78 rows=10 width=121)
	  Index Cond: ((id >= 5273878) AND (id <= 5273887))

for: simple_ranges
table 1 : explain SELECT c FROM sbtest1 WHERE id BETWEEN 6019757 AND 6019766
	Index Scan using sbtest1_pkey on sbtest1  (cost=0.43..43.84 rows=10 width=121)
	  Index Cond: ((id >= 6019757) AND (id <= 6019766))

table 2 : explain SELECT c FROM sbtest2 WHERE id BETWEEN 8761496 AND 8761505
	Index Scan using sbtest2_pkey on sbtest2  (cost=0.43..43.83 rows=10 width=121)
	  Index Cond: ((id >= 8761496) AND (id <= 8761505))

table 3 : explain SELECT c FROM sbtest3 WHERE id BETWEEN 5155527 AND 5155536
	Index Scan using sbtest3_pkey on sbtest3  (cost=0.43..43.76 rows=10 width=121)
	  Index Cond: ((id >= 5155527) AND (id <= 5155536))

table 4 : explain SELECT c FROM sbtest4 WHERE id BETWEEN 5372929 AND 5372938
	Index Scan using sbtest4_pkey on sbtest4  (cost=0.43..43.74 rows=10 width=121)
	  Index Cond: ((id >= 5372929) AND (id <= 5372938))

table 5 : explain SELECT c FROM sbtest5 WHERE id BETWEEN 3319195 AND 3319204
	Index Scan using sbtest5_pkey on sbtest5  (cost=0.43..43.74 rows=10 width=121)
	  Index Cond: ((id >= 3319195) AND (id <= 3319204))

table 6 : explain SELECT c FROM sbtest6 WHERE id BETWEEN 153979 AND 153988
	Index Scan using sbtest6_pkey on sbtest6  (cost=0.43..43.58 rows=10 width=121)
	  Index Cond: ((id >= 153979) AND (id <= 153988))

table 7 : explain SELECT c FROM sbtest7 WHERE id BETWEEN 1642697 AND 1642706
	Index Scan using sbtest7_pkey on sbtest7  (cost=0.43..43.87 rows=10 width=121)
	  Index Cond: ((id >= 1642697) AND (id <= 1642706))

table 8 : explain SELECT c FROM sbtest8 WHERE id BETWEEN 6124051 AND 6124060
	Index Scan using sbtest8_pkey on sbtest8  (cost=0.43..43.78 rows=10 width=121)
	  Index Cond: ((id >= 6124051) AND (id <= 6124060))

for point_selects
table 1 : explain SELECT c FROM sbtest1 WHERE id=30930
	Index Scan using sbtest1_pkey on sbtest1  (cost=0.43..8.45 rows=1 width=121)
	  Index Cond: (id = 30930)

table 2 : explain SELECT c FROM sbtest2 WHERE id=1962924
	Index Scan using sbtest2_pkey on sbtest2  (cost=0.43..8.45 rows=1 width=121)
	  Index Cond: (id = 1962924)

table 3 : explain SELECT c FROM sbtest3 WHERE id=8403961
	Index Scan using sbtest3_pkey on sbtest3  (cost=0.43..8.45 rows=1 width=121)
	  Index Cond: (id = 8403961)

table 4 : explain SELECT c FROM sbtest4 WHERE id=8235732
	Index Scan using sbtest4_pkey on sbtest4  (cost=0.43..8.45 rows=1 width=121)
	  Index Cond: (id = 8235732)

table 5 : explain SELECT c FROM sbtest5 WHERE id=8790338
	Index Scan using sbtest5_pkey on sbtest5  (cost=0.43..8.45 rows=1 width=121)
	  Index Cond: (id = 8790338)

table 6 : explain SELECT c FROM sbtest6 WHERE id=3284690
	Index Scan using sbtest6_pkey on sbtest6  (cost=0.43..8.45 rows=1 width=121)
	  Index Cond: (id = 3284690)

table 7 : explain SELECT c FROM sbtest7 WHERE id=600891
	Index Scan using sbtest7_pkey on sbtest7  (cost=0.43..8.45 rows=1 width=121)
	  Index Cond: (id = 600891)

table 8 : explain SELECT c FROM sbtest8 WHERE id=9071126
	Index Scan using sbtest8_pkey on sbtest8  (cost=0.43..8.45 rows=1 width=121)
	  Index Cond: (id = 9071126)

for: sum_ranges
table 1 : explain SELECT SUM(k) FROM sbtest1 WHERE id BETWEEN 9677723 AND 9677732
	Aggregate  (cost=47.80..47.81 rows=1 width=8)
	  ->  Index Scan using sbtest1_pkey on sbtest1  (cost=0.43..47.77 rows=11 width=4)
	        Index Cond: ((id >= 9677723) AND (id <= 9677732))

table 2 : explain SELECT SUM(k) FROM sbtest2 WHERE id BETWEEN 4617672 AND 4617681
	Aggregate  (cost=43.85..43.86 rows=1 width=8)
	  ->  Index Scan using sbtest2_pkey on sbtest2  (cost=0.43..43.83 rows=10 width=4)
	        Index Cond: ((id >= 4617672) AND (id <= 4617681))

table 3 : explain SELECT SUM(k) FROM sbtest3 WHERE id BETWEEN 2851558 AND 2851567
	Aggregate  (cost=43.78..43.79 rows=1 width=8)
	  ->  Index Scan using sbtest3_pkey on sbtest3  (cost=0.43..43.76 rows=10 width=4)
	        Index Cond: ((id >= 2851558) AND (id <= 2851567))

table 4 : explain SELECT SUM(k) FROM sbtest4 WHERE id BETWEEN 2154221 AND 2154230
	Aggregate  (cost=47.69..47.70 rows=1 width=8)
	  ->  Index Scan using sbtest4_pkey on sbtest4  (cost=0.43..47.66 rows=11 width=4)
	        Index Cond: ((id >= 2154221) AND (id <= 2154230))

table 5 : explain SELECT SUM(k) FROM sbtest5 WHERE id BETWEEN 5447861 AND 5447870
	Aggregate  (cost=43.77..43.78 rows=1 width=8)
	  ->  Index Scan using sbtest5_pkey on sbtest5  (cost=0.43..43.74 rows=10 width=4)
	        Index Cond: ((id >= 5447861) AND (id <= 5447870))

table 6 : explain SELECT SUM(k) FROM sbtest6 WHERE id BETWEEN 6455999 AND 6456008
	Aggregate  (cost=43.61..43.62 rows=1 width=8)
	  ->  Index Scan using sbtest6_pkey on sbtest6  (cost=0.43..43.58 rows=10 width=4)
	        Index Cond: ((id >= 6455999) AND (id <= 6456008))

table 7 : explain SELECT SUM(k) FROM sbtest7 WHERE id BETWEEN 64081 AND 64090
	Aggregate  (cost=39.96..39.97 rows=1 width=8)
	  ->  Index Scan using sbtest7_pkey on sbtest7  (cost=0.43..39.94 rows=9 width=4)
	        Index Cond: ((id >= 64081) AND (id <= 64090))

table 8 : explain SELECT SUM(k) FROM sbtest8 WHERE id BETWEEN 7970417 AND 7970426
	Aggregate  (cost=39.87..39.88 rows=1 width=8)
	  ->  Index Scan using sbtest8_pkey on sbtest8  (cost=0.43..39.85 rows=9 width=4)
	        Index Cond: ((id >= 7970417) AND (id <= 7970426))

for: sum_ranges
table 1 : explain SELECT SUM(k) FROM sbtest1 WHERE id BETWEEN 5659867 AND 5659876
	Aggregate  (cost=39.93..39.94 rows=1 width=8)
	  ->  Index Scan using sbtest1_pkey on sbtest1  (cost=0.43..39.91 rows=9 width=4)
	        Index Cond: ((id >= 5659867) AND (id <= 5659876))

table 2 : explain SELECT SUM(k) FROM sbtest2 WHERE id BETWEEN 2768791 AND 2768800
	Aggregate  (cost=43.85..43.86 rows=1 width=8)
	  ->  Index Scan using sbtest2_pkey on sbtest2  (cost=0.43..43.83 rows=10 width=4)
	        Index Cond: ((id >= 2768791) AND (id <= 2768800))

table 3 : explain SELECT SUM(k) FROM sbtest3 WHERE id BETWEEN 9609969 AND 9609978
	Aggregate  (cost=43.78..43.79 rows=1 width=8)
	  ->  Index Scan using sbtest3_pkey on sbtest3  (cost=0.43..43.76 rows=10 width=4)
	        Index Cond: ((id >= 9609969) AND (id <= 9609978))

table 4 : explain SELECT SUM(k) FROM sbtest4 WHERE id BETWEEN 8868041 AND 8868050
	Aggregate  (cost=43.77..43.78 rows=1 width=8)
	  ->  Index Scan using sbtest4_pkey on sbtest4  (cost=0.43..43.74 rows=10 width=4)
	        Index Cond: ((id >= 8868041) AND (id <= 8868050))

table 5 : explain SELECT SUM(k) FROM sbtest5 WHERE id BETWEEN 8631299 AND 8631308
	Aggregate  (cost=43.77..43.78 rows=1 width=8)
	  ->  Index Scan using sbtest5_pkey on sbtest5  (cost=0.43..43.74 rows=10 width=4)
	        Index Cond: ((id >= 8631299) AND (id <= 8631308))

table 6 : explain SELECT SUM(k) FROM sbtest6 WHERE id BETWEEN 806414 AND 806423
	Aggregate  (cost=43.61..43.62 rows=1 width=8)
	  ->  Index Scan using sbtest6_pkey on sbtest6  (cost=0.43..43.58 rows=10 width=4)
	        Index Cond: ((id >= 806414) AND (id <= 806423))

table 7 : explain SELECT SUM(k) FROM sbtest7 WHERE id BETWEEN 6685179 AND 6685188
	Aggregate  (cost=39.96..39.97 rows=1 width=8)
	  ->  Index Scan using sbtest7_pkey on sbtest7  (cost=0.43..39.94 rows=9 width=4)
	        Index Cond: ((id >= 6685179) AND (id <= 6685188))

table 8 : explain SELECT SUM(k) FROM sbtest8 WHERE id BETWEEN 2752473 AND 2752482
	Aggregate  (cost=39.87..39.88 rows=1 width=8)
	  ->  Index Scan using sbtest8_pkey on sbtest8  (cost=0.43..39.85 rows=9 width=4)
	        Index Cond: ((id >= 2752473) AND (id <= 2752482))

for: simple_ranges
table 1 : explain SELECT c FROM sbtest1 WHERE id BETWEEN 2266841 AND 2266850
	Index Scan using sbtest1_pkey on sbtest1  (cost=0.43..43.84 rows=10 width=121)
	  Index Cond: ((id >= 2266841) AND (id <= 2266850))

table 2 : explain SELECT c FROM sbtest2 WHERE id BETWEEN 2200521 AND 2200530
	Index Scan using sbtest2_pkey on sbtest2  (cost=0.43..43.83 rows=10 width=121)
	  Index Cond: ((id >= 2200521) AND (id <= 2200530))

table 3 : explain SELECT c FROM sbtest3 WHERE id BETWEEN 722537 AND 722546
	Index Scan using sbtest3_pkey on sbtest3  (cost=0.43..39.84 rows=9 width=121)
	  Index Cond: ((id >= 722537) AND (id <= 722546))

table 4 : explain SELECT c FROM sbtest4 WHERE id BETWEEN 7175742 AND 7175751
	Index Scan using sbtest4_pkey on sbtest4  (cost=0.43..43.74 rows=10 width=121)
	  Index Cond: ((id >= 7175742) AND (id <= 7175751))

table 5 : explain SELECT c FROM sbtest5 WHERE id BETWEEN 795655 AND 795664
	Index Scan using sbtest5_pkey on sbtest5  (cost=0.43..39.82 rows=9 width=121)
	  Index Cond: ((id >= 795655) AND (id <= 795664))

table 6 : explain SELECT c FROM sbtest6 WHERE id BETWEEN 3672846 AND 3672855
	Index Scan using sbtest6_pkey on sbtest6  (cost=0.43..43.58 rows=10 width=121)
	  Index Cond: ((id >= 3672846) AND (id <= 3672855))

table 7 : explain SELECT c FROM sbtest7 WHERE id BETWEEN 1247616 AND 1247625
	Index Scan using sbtest7_pkey on sbtest7  (cost=0.43..43.87 rows=10 width=121)
	  Index Cond: ((id >= 1247616) AND (id <= 1247625))

table 8 : explain SELECT c FROM sbtest8 WHERE id BETWEEN 8961744 AND 8961753
	Index Scan using sbtest8_pkey on sbtest8  (cost=0.43..47.70 rows=11 width=121)
	  Index Cond: ((id >= 8961744) AND (id <= 8961753))

for point_selects
table 1 : explain SELECT c FROM sbtest1 WHERE id=9369445
	Index Scan using sbtest1_pkey on sbtest1  (cost=0.43..8.45 rows=1 width=121)
	  Index Cond: (id = 9369445)

table 2 : explain SELECT c FROM sbtest2 WHERE id=4777371
	Index Scan using sbtest2_pkey on sbtest2  (cost=0.43..8.45 rows=1 width=121)
	  Index Cond: (id = 4777371)

table 3 : explain SELECT c FROM sbtest3 WHERE id=790553
	Index Scan using sbtest3_pkey on sbtest3  (cost=0.43..8.45 rows=1 width=121)
	  Index Cond: (id = 790553)

table 4 : explain SELECT c FROM sbtest4 WHERE id=1573352
	Index Scan using sbtest4_pkey on sbtest4  (cost=0.43..8.45 rows=1 width=121)
	  Index Cond: (id = 1573352)

table 5 : explain SELECT c FROM sbtest5 WHERE id=4478218
	Index Scan using sbtest5_pkey on sbtest5  (cost=0.43..8.45 rows=1 width=121)
	  Index Cond: (id = 4478218)

table 6 : explain SELECT c FROM sbtest6 WHERE id=7743957
	Index Scan using sbtest6_pkey on sbtest6  (cost=0.43..8.45 rows=1 width=121)
	  Index Cond: (id = 7743957)

table 7 : explain SELECT c FROM sbtest7 WHERE id=467624
	Index Scan using sbtest7_pkey on sbtest7  (cost=0.43..8.45 rows=1 width=121)
	  Index Cond: (id = 467624)

table 8 : explain SELECT c FROM sbtest8 WHERE id=8379439
	Index Scan using sbtest8_pkey on sbtest8  (cost=0.43..8.45 rows=1 width=121)
	  Index Cond: (id = 8379439)

for point_selects
table 1 : explain SELECT c FROM sbtest1 WHERE id=7423357
	Index Scan using sbtest1_pkey on sbtest1  (cost=0.43..8.45 rows=1 width=121)
	  Index Cond: (id = 7423357)

table 2 : explain SELECT c FROM sbtest2 WHERE id=9133094
	Index Scan using sbtest2_pkey on sbtest2  (cost=0.43..8.45 rows=1 width=121)
	  Index Cond: (id = 9133094)

table 3 : explain SELECT c FROM sbtest3 WHERE id=2074134
	Index Scan using sbtest3_pkey on sbtest3  (cost=0.43..8.45 rows=1 width=121)
	  Index Cond: (id = 2074134)

table 4 : explain SELECT c FROM sbtest4 WHERE id=2149715
	Index Scan using sbtest4_pkey on sbtest4  (cost=0.43..8.45 rows=1 width=121)
	  Index Cond: (id = 2149715)

table 5 : explain SELECT c FROM sbtest5 WHERE id=6354178
	Index Scan using sbtest5_pkey on sbtest5  (cost=0.43..8.45 rows=1 width=121)
	  Index Cond: (id = 6354178)

table 6 : explain SELECT c FROM sbtest6 WHERE id=2770588
	Index Scan using sbtest6_pkey on sbtest6  (cost=0.43..8.45 rows=1 width=121)
	  Index Cond: (id = 2770588)

table 7 : explain SELECT c FROM sbtest7 WHERE id=6756561
	Index Scan using sbtest7_pkey on sbtest7  (cost=0.43..8.45 rows=1 width=121)
	  Index Cond: (id = 6756561)

table 8 : explain SELECT c FROM sbtest8 WHERE id=2363449
	Index Scan using sbtest8_pkey on sbtest8  (cost=0.43..8.45 rows=1 width=121)
	  Index Cond: (id = 2363449)

for: sum_ranges
table 1 : explain SELECT SUM(k) FROM sbtest1 WHERE id BETWEEN 5555842 AND 5555851
	Aggregate  (cost=43.86..43.87 rows=1 width=8)
	  ->  Index Scan using sbtest1_pkey on sbtest1  (cost=0.43..43.84 rows=10 width=4)
	        Index Cond: ((id >= 5555842) AND (id <= 5555851))

table 2 : explain SELECT SUM(k) FROM sbtest2 WHERE id BETWEEN 1931163 AND 1931172
	Aggregate  (cost=43.85..43.86 rows=1 width=8)
	  ->  Index Scan using sbtest2_pkey on sbtest2  (cost=0.43..43.83 rows=10 width=4)
	        Index Cond: ((id >= 1931163) AND (id <= 1931172))

table 3 : explain SELECT SUM(k) FROM sbtest3 WHERE id BETWEEN 2108170 AND 2108179
	Aggregate  (cost=43.78..43.79 rows=1 width=8)
	  ->  Index Scan using sbtest3_pkey on sbtest3  (cost=0.43..43.76 rows=10 width=4)
	        Index Cond: ((id >= 2108170) AND (id <= 2108179))

table 4 : explain SELECT SUM(k) FROM sbtest4 WHERE id BETWEEN 7770957 AND 7770966
	Aggregate  (cost=43.77..43.78 rows=1 width=8)
	  ->  Index Scan using sbtest4_pkey on sbtest4  (cost=0.43..43.74 rows=10 width=4)
	        Index Cond: ((id >= 7770957) AND (id <= 7770966))

table 5 : explain SELECT SUM(k) FROM sbtest5 WHERE id BETWEEN 1673504 AND 1673513
	Aggregate  (cost=43.77..43.78 rows=1 width=8)
	  ->  Index Scan using sbtest5_pkey on sbtest5  (cost=0.43..43.74 rows=10 width=4)
	        Index Cond: ((id >= 1673504) AND (id <= 1673513))

table 6 : explain SELECT SUM(k) FROM sbtest6 WHERE id BETWEEN 1731717 AND 1731726
	Aggregate  (cost=43.61..43.62 rows=1 width=8)
	  ->  Index Scan using sbtest6_pkey on sbtest6  (cost=0.43..43.58 rows=10 width=4)
	        Index Cond: ((id >= 1731717) AND (id <= 1731726))

table 7 : explain SELECT SUM(k) FROM sbtest7 WHERE id BETWEEN 3157707 AND 3157716
	Aggregate  (cost=43.90..43.91 rows=1 width=8)
	  ->  Index Scan using sbtest7_pkey on sbtest7  (cost=0.43..43.87 rows=10 width=4)
	        Index Cond: ((id >= 3157707) AND (id <= 3157716))

table 8 : explain SELECT SUM(k) FROM sbtest8 WHERE id BETWEEN 7260560 AND 7260569
	Aggregate  (cost=43.80..43.81 rows=1 width=8)
	  ->  Index Scan using sbtest8_pkey on sbtest8  (cost=0.43..43.78 rows=10 width=4)
	        Index Cond: ((id >= 7260560) AND (id <= 7260569))

for point_selects
table 1 : explain SELECT c FROM sbtest1 WHERE id=779101
	Index Scan using sbtest1_pkey on sbtest1  (cost=0.43..8.45 rows=1 width=121)
	  Index Cond: (id = 779101)

table 2 : explain SELECT c FROM sbtest2 WHERE id=7372762
	Index Scan using sbtest2_pkey on sbtest2  (cost=0.43..8.45 rows=1 width=121)
	  Index Cond: (id = 7372762)

table 3 : explain SELECT c FROM sbtest3 WHERE id=8613228
	Index Scan using sbtest3_pkey on sbtest3  (cost=0.43..8.45 rows=1 width=121)
	  Index Cond: (id = 8613228)

table 4 : explain SELECT c FROM sbtest4 WHERE id=7430525
	Index Scan using sbtest4_pkey on sbtest4  (cost=0.43..8.45 rows=1 width=121)
	  Index Cond: (id = 7430525)

table 5 : explain SELECT c FROM sbtest5 WHERE id=6166414
	Index Scan using sbtest5_pkey on sbtest5  (cost=0.43..8.45 rows=1 width=121)
	  Index Cond: (id = 6166414)

table 6 : explain SELECT c FROM sbtest6 WHERE id=5793431
	Index Scan using sbtest6_pkey on sbtest6  (cost=0.43..8.45 rows=1 width=121)
	  Index Cond: (id = 5793431)

table 7 : explain SELECT c FROM sbtest7 WHERE id=383443
	Index Scan using sbtest7_pkey on sbtest7  (cost=0.43..8.45 rows=1 width=121)
	  Index Cond: (id = 383443)

table 8 : explain SELECT c FROM sbtest8 WHERE id=2573001
	Index Scan using sbtest8_pkey on sbtest8  (cost=0.43..8.45 rows=1 width=121)
	  Index Cond: (id = 2573001)

for: sum_ranges
table 1 : explain SELECT SUM(k) FROM sbtest1 WHERE id BETWEEN 4803497 AND 4803506
	Aggregate  (cost=43.86..43.87 rows=1 width=8)
	  ->  Index Scan using sbtest1_pkey on sbtest1  (cost=0.43..43.84 rows=10 width=4)
	        Index Cond: ((id >= 4803497) AND (id <= 4803506))

table 2 : explain SELECT SUM(k) FROM sbtest2 WHERE id BETWEEN 8227417 AND 8227426
	Aggregate  (cost=43.85..43.86 rows=1 width=8)
	  ->  Index Scan using sbtest2_pkey on sbtest2  (cost=0.43..43.83 rows=10 width=4)
	        Index Cond: ((id >= 8227417) AND (id <= 8227426))

table 3 : explain SELECT SUM(k) FROM sbtest3 WHERE id BETWEEN 7630905 AND 7630914
	Aggregate  (cost=43.78..43.79 rows=1 width=8)
	  ->  Index Scan using sbtest3_pkey on sbtest3  (cost=0.43..43.76 rows=10 width=4)
	        Index Cond: ((id >= 7630905) AND (id <= 7630914))

table 4 : explain SELECT SUM(k) FROM sbtest4 WHERE id BETWEEN 6501911 AND 6501920
	Aggregate  (cost=43.77..43.78 rows=1 width=8)
	  ->  Index Scan using sbtest4_pkey on sbtest4  (cost=0.43..43.74 rows=10 width=4)
	        Index Cond: ((id >= 6501911) AND (id <= 6501920))

table 5 : explain SELECT SUM(k) FROM sbtest5 WHERE id BETWEEN 9615534 AND 9615543
	Aggregate  (cost=43.77..43.78 rows=1 width=8)
	  ->  Index Scan using sbtest5_pkey on sbtest5  (cost=0.43..43.74 rows=10 width=4)
	        Index Cond: ((id >= 9615534) AND (id <= 9615543))

table 6 : explain SELECT SUM(k) FROM sbtest6 WHERE id BETWEEN 682353 AND 682362
	Aggregate  (cost=39.70..39.71 rows=1 width=8)
	  ->  Index Scan using sbtest6_pkey on sbtest6  (cost=0.43..39.68 rows=9 width=4)
	        Index Cond: ((id >= 682353) AND (id <= 682362))

table 7 : explain SELECT SUM(k) FROM sbtest7 WHERE id BETWEEN 1224054 AND 1224063
	Aggregate  (cost=43.90..43.91 rows=1 width=8)
	  ->  Index Scan using sbtest7_pkey on sbtest7  (cost=0.43..43.87 rows=10 width=4)
	        Index Cond: ((id >= 1224054) AND (id <= 1224063))

table 8 : explain SELECT SUM(k) FROM sbtest8 WHERE id BETWEEN 3599905 AND 3599914
	Aggregate  (cost=43.80..43.81 rows=1 width=8)
	  ->  Index Scan using sbtest8_pkey on sbtest8  (cost=0.43..43.78 rows=10 width=4)
	        Index Cond: ((id >= 3599905) AND (id <= 3599914))

for: simple_ranges
table 1 : explain SELECT c FROM sbtest1 WHERE id BETWEEN 8830554 AND 8830563
	Index Scan using sbtest1_pkey on sbtest1  (cost=0.43..43.84 rows=10 width=121)
	  Index Cond: ((id >= 8830554) AND (id <= 8830563))

table 2 : explain SELECT c FROM sbtest2 WHERE id BETWEEN 1422809 AND 1422818
	Index Scan using sbtest2_pkey on sbtest2  (cost=0.43..43.83 rows=10 width=121)
	  Index Cond: ((id >= 1422809) AND (id <= 1422818))

table 3 : explain SELECT c FROM sbtest3 WHERE id BETWEEN 4608027 AND 4608036
	Index Scan using sbtest3_pkey on sbtest3  (cost=0.43..43.76 rows=10 width=121)
	  Index Cond: ((id >= 4608027) AND (id <= 4608036))

table 4 : explain SELECT c FROM sbtest4 WHERE id BETWEEN 5570856 AND 5570865
	Index Scan using sbtest4_pkey on sbtest4  (cost=0.43..47.66 rows=11 width=121)
	  Index Cond: ((id >= 5570856) AND (id <= 5570865))

table 5 : explain SELECT c FROM sbtest5 WHERE id BETWEEN 3911114 AND 3911123
	Index Scan using sbtest5_pkey on sbtest5  (cost=0.43..43.74 rows=10 width=121)
	  Index Cond: ((id >= 3911114) AND (id <= 3911123))

table 6 : explain SELECT c FROM sbtest6 WHERE id BETWEEN 3024731 AND 3024740
	Index Scan using sbtest6_pkey on sbtest6  (cost=0.43..43.58 rows=10 width=121)
	  Index Cond: ((id >= 3024731) AND (id <= 3024740))

table 7 : explain SELECT c FROM sbtest7 WHERE id BETWEEN 4535842 AND 4535851
	Index Scan using sbtest7_pkey on sbtest7  (cost=0.43..43.87 rows=10 width=121)
	  Index Cond: ((id >= 4535842) AND (id <= 4535851))

table 8 : explain SELECT c FROM sbtest8 WHERE id BETWEEN 6996561 AND 6996570
	Index Scan using sbtest8_pkey on sbtest8  (cost=0.43..39.85 rows=9 width=121)
	  Index Cond: ((id >= 6996561) AND (id <= 6996570))

for point_selects
table 1 : explain SELECT c FROM sbtest1 WHERE id=488011
	Index Scan using sbtest1_pkey on sbtest1  (cost=0.43..8.45 rows=1 width=121)
	  Index Cond: (id = 488011)

table 2 : explain SELECT c FROM sbtest2 WHERE id=2175864
	Index Scan using sbtest2_pkey on sbtest2  (cost=0.43..8.45 rows=1 width=121)
	  Index Cond: (id = 2175864)

table 3 : explain SELECT c FROM sbtest3 WHERE id=7789753
	Index Scan using sbtest3_pkey on sbtest3  (cost=0.43..8.45 rows=1 width=121)
	  Index Cond: (id = 7789753)

table 4 : explain SELECT c FROM sbtest4 WHERE id=626137
	Index Scan using sbtest4_pkey on sbtest4  (cost=0.43..8.45 rows=1 width=121)
	  Index Cond: (id = 626137)

table 5 : explain SELECT c FROM sbtest5 WHERE id=5448242
	Index Scan using sbtest5_pkey on sbtest5  (cost=0.43..8.45 rows=1 width=121)
	  Index Cond: (id = 5448242)

table 6 : explain SELECT c FROM sbtest6 WHERE id=594300
	Index Scan using sbtest6_pkey on sbtest6  (cost=0.43..8.45 rows=1 width=121)
	  Index Cond: (id = 594300)

table 7 : explain SELECT c FROM sbtest7 WHERE id=6076481
	Index Scan using sbtest7_pkey on sbtest7  (cost=0.43..8.45 rows=1 width=121)
	  Index Cond: (id = 6076481)

table 8 : explain SELECT c FROM sbtest8 WHERE id=5710846
	Index Scan using sbtest8_pkey on sbtest8  (cost=0.43..8.45 rows=1 width=121)
	  Index Cond: (id = 5710846)

for: sum_ranges
table 1 : explain SELECT SUM(k) FROM sbtest1 WHERE id BETWEEN 6138817 AND 6138826
	Aggregate  (cost=39.93..39.94 rows=1 width=8)
	  ->  Index Scan using sbtest1_pkey on sbtest1  (cost=0.43..39.91 rows=9 width=4)
	        Index Cond: ((id >= 6138817) AND (id <= 6138826))

table 2 : explain SELECT SUM(k) FROM sbtest2 WHERE id BETWEEN 7690155 AND 7690164
	Aggregate  (cost=43.85..43.86 rows=1 width=8)
	  ->  Index Scan using sbtest2_pkey on sbtest2  (cost=0.43..43.83 rows=10 width=4)
	        Index Cond: ((id >= 7690155) AND (id <= 7690164))

table 3 : explain SELECT SUM(k) FROM sbtest3 WHERE id BETWEEN 5563523 AND 5563532
	Aggregate  (cost=43.78..43.79 rows=1 width=8)
	  ->  Index Scan using sbtest3_pkey on sbtest3  (cost=0.43..43.76 rows=10 width=4)
	        Index Cond: ((id >= 5563523) AND (id <= 5563532))

table 4 : explain SELECT SUM(k) FROM sbtest4 WHERE id BETWEEN 404846 AND 404855
	Aggregate  (cost=43.77..43.78 rows=1 width=8)
	  ->  Index Scan using sbtest4_pkey on sbtest4  (cost=0.43..43.74 rows=10 width=4)
	        Index Cond: ((id >= 404846) AND (id <= 404855))

table 5 : explain SELECT SUM(k) FROM sbtest5 WHERE id BETWEEN 2589156 AND 2589165
	Aggregate  (cost=39.84..39.85 rows=1 width=8)
	  ->  Index Scan using sbtest5_pkey on sbtest5  (cost=0.43..39.82 rows=9 width=4)
	        Index Cond: ((id >= 2589156) AND (id <= 2589165))

table 6 : explain SELECT SUM(k) FROM sbtest6 WHERE id BETWEEN 9959558 AND 9959567
	Aggregate  (cost=43.61..43.62 rows=1 width=8)
	  ->  Index Scan using sbtest6_pkey on sbtest6  (cost=0.43..43.58 rows=10 width=4)
	        Index Cond: ((id >= 9959558) AND (id <= 9959567))

table 7 : explain SELECT SUM(k) FROM sbtest7 WHERE id BETWEEN 2785803 AND 2785812
	Aggregate  (cost=43.90..43.91 rows=1 width=8)
	  ->  Index Scan using sbtest7_pkey on sbtest7  (cost=0.43..43.87 rows=10 width=4)
	        Index Cond: ((id >= 2785803) AND (id <= 2785812))

table 8 : explain SELECT SUM(k) FROM sbtest8 WHERE id BETWEEN 5662855 AND 5662864
	Aggregate  (cost=43.80..43.81 rows=1 width=8)
	  ->  Index Scan using sbtest8_pkey on sbtest8  (cost=0.43..43.78 rows=10 width=4)
	        Index Cond: ((id >= 5662855) AND (id <= 5662864))

for: sum_ranges
table 1 : explain SELECT SUM(k) FROM sbtest1 WHERE id BETWEEN 8492397 AND 8492406
	Aggregate  (cost=43.86..43.87 rows=1 width=8)
	  ->  Index Scan using sbtest1_pkey on sbtest1  (cost=0.43..43.84 rows=10 width=4)
	        Index Cond: ((id >= 8492397) AND (id <= 8492406))

table 2 : explain SELECT SUM(k) FROM sbtest2 WHERE id BETWEEN 8857857 AND 8857866
	Aggregate  (cost=47.78..47.79 rows=1 width=8)
	  ->  Index Scan using sbtest2_pkey on sbtest2  (cost=0.43..47.76 rows=11 width=4)
	        Index Cond: ((id >= 8857857) AND (id <= 8857866))

table 3 : explain SELECT SUM(k) FROM sbtest3 WHERE id BETWEEN 4425156 AND 4425165
	Aggregate  (cost=43.78..43.79 rows=1 width=8)
	  ->  Index Scan using sbtest3_pkey on sbtest3  (cost=0.43..43.76 rows=10 width=4)
	        Index Cond: ((id >= 4425156) AND (id <= 4425165))

table 4 : explain SELECT SUM(k) FROM sbtest4 WHERE id BETWEEN 2781695 AND 2781704
	Aggregate  (cost=43.77..43.78 rows=1 width=8)
	  ->  Index Scan using sbtest4_pkey on sbtest4  (cost=0.43..43.74 rows=10 width=4)
	        Index Cond: ((id >= 2781695) AND (id <= 2781704))

table 5 : explain SELECT SUM(k) FROM sbtest5 WHERE id BETWEEN 8377894 AND 8377903
	Aggregate  (cost=43.77..43.78 rows=1 width=8)
	  ->  Index Scan using sbtest5_pkey on sbtest5  (cost=0.43..43.74 rows=10 width=4)
	        Index Cond: ((id >= 8377894) AND (id <= 8377903))

table 6 : explain SELECT SUM(k) FROM sbtest6 WHERE id BETWEEN 4075214 AND 4075223
	Aggregate  (cost=39.70..39.71 rows=1 width=8)
	  ->  Index Scan using sbtest6_pkey on sbtest6  (cost=0.43..39.68 rows=9 width=4)
	        Index Cond: ((id >= 4075214) AND (id <= 4075223))

table 7 : explain SELECT SUM(k) FROM sbtest7 WHERE id BETWEEN 1889213 AND 1889222
	Aggregate  (cost=43.90..43.91 rows=1 width=8)
	  ->  Index Scan using sbtest7_pkey on sbtest7  (cost=0.43..43.87 rows=10 width=4)
	        Index Cond: ((id >= 1889213) AND (id <= 1889222))

table 8 : explain SELECT SUM(k) FROM sbtest8 WHERE id BETWEEN 6712771 AND 6712780
	Aggregate  (cost=39.87..39.88 rows=1 width=8)
	  ->  Index Scan using sbtest8_pkey on sbtest8  (cost=0.43..39.85 rows=9 width=4)
	        Index Cond: ((id >= 6712771) AND (id <= 6712780))

for: sum_ranges
table 1 : explain SELECT SUM(k) FROM sbtest1 WHERE id BETWEEN 2986445 AND 2986454
	Aggregate  (cost=39.93..39.94 rows=1 width=8)
	  ->  Index Scan using sbtest1_pkey on sbtest1  (cost=0.43..39.91 rows=9 width=4)
	        Index Cond: ((id >= 2986445) AND (id <= 2986454))

table 2 : explain SELECT SUM(k) FROM sbtest2 WHERE id BETWEEN 2251115 AND 2251124
	Aggregate  (cost=47.78..47.79 rows=1 width=8)
	  ->  Index Scan using sbtest2_pkey on sbtest2  (cost=0.43..47.76 rows=11 width=4)
	        Index Cond: ((id >= 2251115) AND (id <= 2251124))

table 3 : explain SELECT SUM(k) FROM sbtest3 WHERE id BETWEEN 3004189 AND 3004198
	Aggregate  (cost=47.71..47.72 rows=1 width=8)
	  ->  Index Scan using sbtest3_pkey on sbtest3  (cost=0.43..47.68 rows=11 width=4)
	        Index Cond: ((id >= 3004189) AND (id <= 3004198))

table 4 : explain SELECT SUM(k) FROM sbtest4 WHERE id BETWEEN 547346 AND 547355
	Aggregate  (cost=43.77..43.78 rows=1 width=8)
	  ->  Index Scan using sbtest4_pkey on sbtest4  (cost=0.43..43.74 rows=10 width=4)
	        Index Cond: ((id >= 547346) AND (id <= 547355))

table 5 : explain SELECT SUM(k) FROM sbtest5 WHERE id BETWEEN 2725953 AND 2725962
	Aggregate  (cost=43.77..43.78 rows=1 width=8)
	  ->  Index Scan using sbtest5_pkey on sbtest5  (cost=0.43..43.74 rows=10 width=4)
	        Index Cond: ((id >= 2725953) AND (id <= 2725962))

table 6 : explain SELECT SUM(k) FROM sbtest6 WHERE id BETWEEN 1104419 AND 1104428
	Aggregate  (cost=39.70..39.71 rows=1 width=8)
	  ->  Index Scan using sbtest6_pkey on sbtest6  (cost=0.43..39.68 rows=9 width=4)
	        Index Cond: ((id >= 1104419) AND (id <= 1104428))

table 7 : explain SELECT SUM(k) FROM sbtest7 WHERE id BETWEEN 4504048 AND 4504057
	Aggregate  (cost=43.90..43.91 rows=1 width=8)
	  ->  Index Scan using sbtest7_pkey on sbtest7  (cost=0.43..43.87 rows=10 width=4)
	        Index Cond: ((id >= 4504048) AND (id <= 4504057))

table 8 : explain SELECT SUM(k) FROM sbtest8 WHERE id BETWEEN 1748051 AND 1748060
	Aggregate  (cost=43.80..43.81 rows=1 width=8)
	  ->  Index Scan using sbtest8_pkey on sbtest8  (cost=0.43..43.78 rows=10 width=4)
	        Index Cond: ((id >= 1748051) AND (id <= 1748060))

for: sum_ranges
table 1 : explain SELECT SUM(k) FROM sbtest1 WHERE id BETWEEN 3268728 AND 3268737
	Aggregate  (cost=43.86..43.87 rows=1 width=8)
	  ->  Index Scan using sbtest1_pkey on sbtest1  (cost=0.43..43.84 rows=10 width=4)
	        Index Cond: ((id >= 3268728) AND (id <= 3268737))

table 2 : explain SELECT SUM(k) FROM sbtest2 WHERE id BETWEEN 4704306 AND 4704315
	Aggregate  (cost=43.85..43.86 rows=1 width=8)
	  ->  Index Scan using sbtest2_pkey on sbtest2  (cost=0.43..43.83 rows=10 width=4)
	        Index Cond: ((id >= 4704306) AND (id <= 4704315))

table 3 : explain SELECT SUM(k) FROM sbtest3 WHERE id BETWEEN 5810060 AND 5810069
	Aggregate  (cost=43.78..43.79 rows=1 width=8)
	  ->  Index Scan using sbtest3_pkey on sbtest3  (cost=0.43..43.76 rows=10 width=4)
	        Index Cond: ((id >= 5810060) AND (id <= 5810069))

table 4 : explain SELECT SUM(k) FROM sbtest4 WHERE id BETWEEN 3244329 AND 3244338
	Aggregate  (cost=43.77..43.78 rows=1 width=8)
	  ->  Index Scan using sbtest4_pkey on sbtest4  (cost=0.43..43.74 rows=10 width=4)
	        Index Cond: ((id >= 3244329) AND (id <= 3244338))

table 5 : explain SELECT SUM(k) FROM sbtest5 WHERE id BETWEEN 5187340 AND 5187349
	Aggregate  (cost=39.84..39.85 rows=1 width=8)
	  ->  Index Scan using sbtest5_pkey on sbtest5  (cost=0.43..39.82 rows=9 width=4)
	        Index Cond: ((id >= 5187340) AND (id <= 5187349))

table 6 : explain SELECT SUM(k) FROM sbtest6 WHERE id BETWEEN 7009968 AND 7009977
	Aggregate  (cost=43.61..43.62 rows=1 width=8)
	  ->  Index Scan using sbtest6_pkey on sbtest6  (cost=0.43..43.58 rows=10 width=4)
	        Index Cond: ((id >= 7009968) AND (id <= 7009977))

table 7 : explain SELECT SUM(k) FROM sbtest7 WHERE id BETWEEN 5080120 AND 5080129
	Aggregate  (cost=39.96..39.97 rows=1 width=8)
	  ->  Index Scan using sbtest7_pkey on sbtest7  (cost=0.43..39.94 rows=9 width=4)
	        Index Cond: ((id >= 5080120) AND (id <= 5080129))

table 8 : explain SELECT SUM(k) FROM sbtest8 WHERE id BETWEEN 3614250 AND 3614259
	Aggregate  (cost=43.80..43.81 rows=1 width=8)
	  ->  Index Scan using sbtest8_pkey on sbtest8  (cost=0.43..43.78 rows=10 width=4)
	        Index Cond: ((id >= 3614250) AND (id <= 3614259))

for: simple_ranges
table 1 : explain SELECT c FROM sbtest1 WHERE id BETWEEN 1094792 AND 1094801
	Index Scan using sbtest1_pkey on sbtest1  (cost=0.43..43.84 rows=10 width=121)
	  Index Cond: ((id >= 1094792) AND (id <= 1094801))

table 2 : explain SELECT c FROM sbtest2 WHERE id BETWEEN 5497836 AND 5497845
	Index Scan using sbtest2_pkey on sbtest2  (cost=0.43..43.83 rows=10 width=121)
	  Index Cond: ((id >= 5497836) AND (id <= 5497845))

table 3 : explain SELECT c FROM sbtest3 WHERE id BETWEEN 6874535 AND 6874544
	Index Scan using sbtest3_pkey on sbtest3  (cost=0.43..43.76 rows=10 width=121)
	  Index Cond: ((id >= 6874535) AND (id <= 6874544))

table 4 : explain SELECT c FROM sbtest4 WHERE id BETWEEN 9235867 AND 9235876
	Index Scan using sbtest4_pkey on sbtest4  (cost=0.43..43.74 rows=10 width=121)
	  Index Cond: ((id >= 9235867) AND (id <= 9235876))

table 5 : explain SELECT c FROM sbtest5 WHERE id BETWEEN 6463154 AND 6463163
	Index Scan using sbtest5_pkey on sbtest5  (cost=0.43..43.74 rows=10 width=121)
	  Index Cond: ((id >= 6463154) AND (id <= 6463163))

table 6 : explain SELECT c FROM sbtest6 WHERE id BETWEEN 6240178 AND 6240187
	Index Scan using sbtest6_pkey on sbtest6  (cost=0.43..43.58 rows=10 width=121)
	  Index Cond: ((id >= 6240178) AND (id <= 6240187))

table 7 : explain SELECT c FROM sbtest7 WHERE id BETWEEN 672977 AND 672986
	Index Scan using sbtest7_pkey on sbtest7  (cost=0.43..43.87 rows=10 width=121)
	  Index Cond: ((id >= 672977) AND (id <= 672986))

table 8 : explain SELECT c FROM sbtest8 WHERE id BETWEEN 759209 AND 759218
	Index Scan using sbtest8_pkey on sbtest8  (cost=0.43..43.78 rows=10 width=121)
	  Index Cond: ((id >= 759209) AND (id <= 759218))

for point_selects
table 1 : explain SELECT c FROM sbtest1 WHERE id=6105732
	Index Scan using sbtest1_pkey on sbtest1  (cost=0.43..8.45 rows=1 width=121)
	  Index Cond: (id = 6105732)

table 2 : explain SELECT c FROM sbtest2 WHERE id=4782742
	Index Scan using sbtest2_pkey on sbtest2  (cost=0.43..8.45 rows=1 width=121)
	  Index Cond: (id = 4782742)

table 3 : explain SELECT c FROM sbtest3 WHERE id=1048826
	Index Scan using sbtest3_pkey on sbtest3  (cost=0.43..8.45 rows=1 width=121)
	  Index Cond: (id = 1048826)

table 4 : explain SELECT c FROM sbtest4 WHERE id=488865
	Index Scan using sbtest4_pkey on sbtest4  (cost=0.43..8.45 rows=1 width=121)
	  Index Cond: (id = 488865)

table 5 : explain SELECT c FROM sbtest5 WHERE id=431644
	Index Scan using sbtest5_pkey on sbtest5  (cost=0.43..8.45 rows=1 width=121)
	  Index Cond: (id = 431644)

table 6 : explain SELECT c FROM sbtest6 WHERE id=4124807
	Index Scan using sbtest6_pkey on sbtest6  (cost=0.43..8.45 rows=1 width=121)
	  Index Cond: (id = 4124807)

table 7 : explain SELECT c FROM sbtest7 WHERE id=8687916
	Index Scan using sbtest7_pkey on sbtest7  (cost=0.43..8.45 rows=1 width=121)
	  Index Cond: (id = 8687916)

table 8 : explain SELECT c FROM sbtest8 WHERE id=6363433
	Index Scan using sbtest8_pkey on sbtest8  (cost=0.43..8.45 rows=1 width=121)
	  Index Cond: (id = 6363433)

for: sum_ranges
table 1 : explain SELECT SUM(k) FROM sbtest1 WHERE id BETWEEN 122818 AND 122827
	Aggregate  (cost=43.86..43.87 rows=1 width=8)
	  ->  Index Scan using sbtest1_pkey on sbtest1  (cost=0.43..43.84 rows=10 width=4)
	        Index Cond: ((id >= 122818) AND (id <= 122827))

table 2 : explain SELECT SUM(k) FROM sbtest2 WHERE id BETWEEN 410047 AND 410056
	Aggregate  (cost=39.92..39.93 rows=1 width=8)
	  ->  Index Scan using sbtest2_pkey on sbtest2  (cost=0.43..39.90 rows=9 width=4)
	        Index Cond: ((id >= 410047) AND (id <= 410056))

table 3 : explain SELECT SUM(k) FROM sbtest3 WHERE id BETWEEN 6378204 AND 6378213
	Aggregate  (cost=43.78..43.79 rows=1 width=8)
	  ->  Index Scan using sbtest3_pkey on sbtest3  (cost=0.43..43.76 rows=10 width=4)
	        Index Cond: ((id >= 6378204) AND (id <= 6378213))

table 4 : explain SELECT SUM(k) FROM sbtest4 WHERE id BETWEEN 6263801 AND 6263810
	Aggregate  (cost=43.77..43.78 rows=1 width=8)
	  ->  Index Scan using sbtest4_pkey on sbtest4  (cost=0.43..43.74 rows=10 width=4)
	        Index Cond: ((id >= 6263801) AND (id <= 6263810))

table 5 : explain SELECT SUM(k) FROM sbtest5 WHERE id BETWEEN 655439 AND 655448
	Aggregate  (cost=43.77..43.78 rows=1 width=8)
	  ->  Index Scan using sbtest5_pkey on sbtest5  (cost=0.43..43.74 rows=10 width=4)
	        Index Cond: ((id >= 655439) AND (id <= 655448))

table 6 : explain SELECT SUM(k) FROM sbtest6 WHERE id BETWEEN 766646 AND 766655
	Aggregate  (cost=39.70..39.71 rows=1 width=8)
	  ->  Index Scan using sbtest6_pkey on sbtest6  (cost=0.43..39.68 rows=9 width=4)
	        Index Cond: ((id >= 766646) AND (id <= 766655))

table 7 : explain SELECT SUM(k) FROM sbtest7 WHERE id BETWEEN 4869715 AND 4869724
	Aggregate  (cost=43.90..43.91 rows=1 width=8)
	  ->  Index Scan using sbtest7_pkey on sbtest7  (cost=0.43..43.87 rows=10 width=4)
	        Index Cond: ((id >= 4869715) AND (id <= 4869724))

table 8 : explain SELECT SUM(k) FROM sbtest8 WHERE id BETWEEN 5598594 AND 5598603
	Aggregate  (cost=43.80..43.81 rows=1 width=8)
	  ->  Index Scan using sbtest8_pkey on sbtest8  (cost=0.43..43.78 rows=10 width=4)
	        Index Cond: ((id >= 5598594) AND (id <= 5598603))

for: sum_ranges
table 1 : explain SELECT SUM(k) FROM sbtest1 WHERE id BETWEEN 59004 AND 59013
	Aggregate  (cost=47.80..47.81 rows=1 width=8)
	  ->  Index Scan using sbtest1_pkey on sbtest1  (cost=0.43..47.77 rows=11 width=4)
	        Index Cond: ((id >= 59004) AND (id <= 59013))

table 2 : explain SELECT SUM(k) FROM sbtest2 WHERE id BETWEEN 8479337 AND 8479346
	Aggregate  (cost=43.85..43.86 rows=1 width=8)
	  ->  Index Scan using sbtest2_pkey on sbtest2  (cost=0.43..43.83 rows=10 width=4)
	        Index Cond: ((id >= 8479337) AND (id <= 8479346))

table 3 : explain SELECT SUM(k) FROM sbtest3 WHERE id BETWEEN 9457899 AND 9457908
	Aggregate  (cost=47.71..47.72 rows=1 width=8)
	  ->  Index Scan using sbtest3_pkey on sbtest3  (cost=0.43..47.68 rows=11 width=4)
	        Index Cond: ((id >= 9457899) AND (id <= 9457908))

table 4 : explain SELECT SUM(k) FROM sbtest4 WHERE id BETWEEN 5216012 AND 5216021
	Aggregate  (cost=43.77..43.78 rows=1 width=8)
	  ->  Index Scan using sbtest4_pkey on sbtest4  (cost=0.43..43.74 rows=10 width=4)
	        Index Cond: ((id >= 5216012) AND (id <= 5216021))

table 5 : explain SELECT SUM(k) FROM sbtest5 WHERE id BETWEEN 2158110 AND 2158119
	Aggregate  (cost=43.77..43.78 rows=1 width=8)
	  ->  Index Scan using sbtest5_pkey on sbtest5  (cost=0.43..43.74 rows=10 width=4)
	        Index Cond: ((id >= 2158110) AND (id <= 2158119))

table 6 : explain SELECT SUM(k) FROM sbtest6 WHERE id BETWEEN 3609212 AND 3609221
	Aggregate  (cost=43.61..43.62 rows=1 width=8)
	  ->  Index Scan using sbtest6_pkey on sbtest6  (cost=0.43..43.58 rows=10 width=4)
	        Index Cond: ((id >= 3609212) AND (id <= 3609221))

table 7 : explain SELECT SUM(k) FROM sbtest7 WHERE id BETWEEN 9889338 AND 9889347
	Aggregate  (cost=47.84..47.85 rows=1 width=8)
	  ->  Index Scan using sbtest7_pkey on sbtest7  (cost=0.43..47.81 rows=11 width=4)
	        Index Cond: ((id >= 9889338) AND (id <= 9889347))

table 8 : explain SELECT SUM(k) FROM sbtest8 WHERE id BETWEEN 5732628 AND 5732637
	Aggregate  (cost=43.80..43.81 rows=1 width=8)
	  ->  Index Scan using sbtest8_pkey on sbtest8  (cost=0.43..43.78 rows=10 width=4)
	        Index Cond: ((id >= 5732628) AND (id <= 5732637))

for point_selects
table 1 : explain SELECT c FROM sbtest1 WHERE id=732927
	Index Scan using sbtest1_pkey on sbtest1  (cost=0.43..8.45 rows=1 width=121)
	  Index Cond: (id = 732927)

table 2 : explain SELECT c FROM sbtest2 WHERE id=4918726
	Index Scan using sbtest2_pkey on sbtest2  (cost=0.43..8.45 rows=1 width=121)
	  Index Cond: (id = 4918726)

table 3 : explain SELECT c FROM sbtest3 WHERE id=4748292
	Index Scan using sbtest3_pkey on sbtest3  (cost=0.43..8.45 rows=1 width=121)
	  Index Cond: (id = 4748292)

table 4 : explain SELECT c FROM sbtest4 WHERE id=4670121
	Index Scan using sbtest4_pkey on sbtest4  (cost=0.43..8.45 rows=1 width=121)
	  Index Cond: (id = 4670121)

table 5 : explain SELECT c FROM sbtest5 WHERE id=6212694
	Index Scan using sbtest5_pkey on sbtest5  (cost=0.43..8.45 rows=1 width=121)
	  Index Cond: (id = 6212694)

table 6 : explain SELECT c FROM sbtest6 WHERE id=2804346
	Index Scan using sbtest6_pkey on sbtest6  (cost=0.43..8.45 rows=1 width=121)
	  Index Cond: (id = 2804346)

table 7 : explain SELECT c FROM sbtest7 WHERE id=9964809
	Index Scan using sbtest7_pkey on sbtest7  (cost=0.43..8.45 rows=1 width=121)
	  Index Cond: (id = 9964809)

table 8 : explain SELECT c FROM sbtest8 WHERE id=7831969
	Index Scan using sbtest8_pkey on sbtest8  (cost=0.43..8.45 rows=1 width=121)
	  Index Cond: (id = 7831969)

for: simple_ranges
table 1 : explain SELECT c FROM sbtest1 WHERE id BETWEEN 5405150 AND 5405159
	Index Scan using sbtest1_pkey on sbtest1  (cost=0.43..47.77 rows=11 width=121)
	  Index Cond: ((id >= 5405150) AND (id <= 5405159))

table 2 : explain SELECT c FROM sbtest2 WHERE id BETWEEN 5261275 AND 5261284
	Index Scan using sbtest2_pkey on sbtest2  (cost=0.43..47.76 rows=11 width=121)
	  Index Cond: ((id >= 5261275) AND (id <= 5261284))

table 3 : explain SELECT c FROM sbtest3 WHERE id BETWEEN 7262445 AND 7262454
	Index Scan using sbtest3_pkey on sbtest3  (cost=0.43..39.84 rows=9 width=121)
	  Index Cond: ((id >= 7262445) AND (id <= 7262454))

table 4 : explain SELECT c FROM sbtest4 WHERE id BETWEEN 1876521 AND 1876530
	Index Scan using sbtest4_pkey on sbtest4  (cost=0.43..43.74 rows=10 width=121)
	  Index Cond: ((id >= 1876521) AND (id <= 1876530))

table 5 : explain SELECT c FROM sbtest5 WHERE id BETWEEN 8086724 AND 8086733
	Index Scan using sbtest5_pkey on sbtest5  (cost=0.43..43.74 rows=10 width=121)
	  Index Cond: ((id >= 8086724) AND (id <= 8086733))

table 6 : explain SELECT c FROM sbtest6 WHERE id BETWEEN 374178 AND 374187
	Index Scan using sbtest6_pkey on sbtest6  (cost=0.43..43.58 rows=10 width=121)
	  Index Cond: ((id >= 374178) AND (id <= 374187))

table 7 : explain SELECT c FROM sbtest7 WHERE id BETWEEN 6396937 AND 6396946
	Index Scan using sbtest7_pkey on sbtest7  (cost=0.43..43.87 rows=10 width=121)
	  Index Cond: ((id >= 6396937) AND (id <= 6396946))

table 8 : explain SELECT c FROM sbtest8 WHERE id BETWEEN 137332 AND 137341
	Index Scan using sbtest8_pkey on sbtest8  (cost=0.43..43.78 rows=10 width=121)
	  Index Cond: ((id >= 137332) AND (id <= 137341))

for: sum_ranges
table 1 : explain SELECT SUM(k) FROM sbtest1 WHERE id BETWEEN 4831083 AND 4831092
	Aggregate  (cost=43.86..43.87 rows=1 width=8)
	  ->  Index Scan using sbtest1_pkey on sbtest1  (cost=0.43..43.84 rows=10 width=4)
	        Index Cond: ((id >= 4831083) AND (id <= 4831092))

table 2 : explain SELECT SUM(k) FROM sbtest2 WHERE id BETWEEN 2932747 AND 2932756
	Aggregate  (cost=43.85..43.86 rows=1 width=8)
	  ->  Index Scan using sbtest2_pkey on sbtest2  (cost=0.43..43.83 rows=10 width=4)
	        Index Cond: ((id >= 2932747) AND (id <= 2932756))

table 3 : explain SELECT SUM(k) FROM sbtest3 WHERE id BETWEEN 1760545 AND 1760554
	Aggregate  (cost=43.78..43.79 rows=1 width=8)
	  ->  Index Scan using sbtest3_pkey on sbtest3  (cost=0.43..43.76 rows=10 width=4)
	        Index Cond: ((id >= 1760545) AND (id <= 1760554))

table 4 : explain SELECT SUM(k) FROM sbtest4 WHERE id BETWEEN 3240266 AND 3240275
	Aggregate  (cost=43.77..43.78 rows=1 width=8)
	  ->  Index Scan using sbtest4_pkey on sbtest4  (cost=0.43..43.74 rows=10 width=4)
	        Index Cond: ((id >= 3240266) AND (id <= 3240275))

table 5 : explain SELECT SUM(k) FROM sbtest5 WHERE id BETWEEN 1284869 AND 1284878
	Aggregate  (cost=43.77..43.78 rows=1 width=8)
	  ->  Index Scan using sbtest5_pkey on sbtest5  (cost=0.43..43.74 rows=10 width=4)
	        Index Cond: ((id >= 1284869) AND (id <= 1284878))

table 6 : explain SELECT SUM(k) FROM sbtest6 WHERE id BETWEEN 286334 AND 286343
	Aggregate  (cost=43.61..43.62 rows=1 width=8)
	  ->  Index Scan using sbtest6_pkey on sbtest6  (cost=0.43..43.58 rows=10 width=4)
	        Index Cond: ((id >= 286334) AND (id <= 286343))

table 7 : explain SELECT SUM(k) FROM sbtest7 WHERE id BETWEEN 773599 AND 773608
	Aggregate  (cost=43.90..43.91 rows=1 width=8)
	  ->  Index Scan using sbtest7_pkey on sbtest7  (cost=0.43..43.87 rows=10 width=4)
	        Index Cond: ((id >= 773599) AND (id <= 773608))

table 8 : explain SELECT SUM(k) FROM sbtest8 WHERE id BETWEEN 5679218 AND 5679227
	Aggregate  (cost=43.80..43.81 rows=1 width=8)
	  ->  Index Scan using sbtest8_pkey on sbtest8  (cost=0.43..43.78 rows=10 width=4)
	        Index Cond: ((id >= 5679218) AND (id <= 5679227))

for: sum_ranges
table 1 : explain SELECT SUM(k) FROM sbtest1 WHERE id BETWEEN 7535665 AND 7535674
	Aggregate  (cost=43.86..43.87 rows=1 width=8)
	  ->  Index Scan using sbtest1_pkey on sbtest1  (cost=0.43..43.84 rows=10 width=4)
	        Index Cond: ((id >= 7535665) AND (id <= 7535674))

table 2 : explain SELECT SUM(k) FROM sbtest2 WHERE id BETWEEN 5421461 AND 5421470
	Aggregate  (cost=43.85..43.86 rows=1 width=8)
	  ->  Index Scan using sbtest2_pkey on sbtest2  (cost=0.43..43.83 rows=10 width=4)
	        Index Cond: ((id >= 5421461) AND (id <= 5421470))

table 3 : explain SELECT SUM(k) FROM sbtest3 WHERE id BETWEEN 455334 AND 455343
	Aggregate  (cost=43.78..43.79 rows=1 width=8)
	  ->  Index Scan using sbtest3_pkey on sbtest3  (cost=0.43..43.76 rows=10 width=4)
	        Index Cond: ((id >= 455334) AND (id <= 455343))

table 4 : explain SELECT SUM(k) FROM sbtest4 WHERE id BETWEEN 2347444 AND 2347453
	Aggregate  (cost=43.77..43.78 rows=1 width=8)
	  ->  Index Scan using sbtest4_pkey on sbtest4  (cost=0.43..43.74 rows=10 width=4)
	        Index Cond: ((id >= 2347444) AND (id <= 2347453))

table 5 : explain SELECT SUM(k) FROM sbtest5 WHERE id BETWEEN 8594275 AND 8594284
	Aggregate  (cost=39.84..39.85 rows=1 width=8)
	  ->  Index Scan using sbtest5_pkey on sbtest5  (cost=0.43..39.82 rows=9 width=4)
	        Index Cond: ((id >= 8594275) AND (id <= 8594284))

table 6 : explain SELECT SUM(k) FROM sbtest6 WHERE id BETWEEN 8192742 AND 8192751
	Aggregate  (cost=43.61..43.62 rows=1 width=8)
	  ->  Index Scan using sbtest6_pkey on sbtest6  (cost=0.43..43.58 rows=10 width=4)
	        Index Cond: ((id >= 8192742) AND (id <= 8192751))

table 7 : explain SELECT SUM(k) FROM sbtest7 WHERE id BETWEEN 5427141 AND 5427150
	Aggregate  (cost=43.90..43.91 rows=1 width=8)
	  ->  Index Scan using sbtest7_pkey on sbtest7  (cost=0.43..43.87 rows=10 width=4)
	        Index Cond: ((id >= 5427141) AND (id <= 5427150))

table 8 : explain SELECT SUM(k) FROM sbtest8 WHERE id BETWEEN 8119664 AND 8119673
	Aggregate  (cost=43.80..43.81 rows=1 width=8)
	  ->  Index Scan using sbtest8_pkey on sbtest8  (cost=0.43..43.78 rows=10 width=4)
	        Index Cond: ((id >= 8119664) AND (id <= 8119673))

for: simple_ranges
table 1 : explain SELECT c FROM sbtest1 WHERE id BETWEEN 9044379 AND 9044388
	Index Scan using sbtest1_pkey on sbtest1  (cost=0.43..43.84 rows=10 width=121)
	  Index Cond: ((id >= 9044379) AND (id <= 9044388))

table 2 : explain SELECT c FROM sbtest2 WHERE id BETWEEN 3655046 AND 3655055
	Index Scan using sbtest2_pkey on sbtest2  (cost=0.43..43.83 rows=10 width=121)
	  Index Cond: ((id >= 3655046) AND (id <= 3655055))

table 3 : explain SELECT c FROM sbtest3 WHERE id BETWEEN 3336643 AND 3336652
	Index Scan using sbtest3_pkey on sbtest3  (cost=0.43..39.84 rows=9 width=121)
	  Index Cond: ((id >= 3336643) AND (id <= 3336652))

table 4 : explain SELECT c FROM sbtest4 WHERE id BETWEEN 3286471 AND 3286480
	Index Scan using sbtest4_pkey on sbtest4  (cost=0.43..43.74 rows=10 width=121)
	  Index Cond: ((id >= 3286471) AND (id <= 3286480))

table 5 : explain SELECT c FROM sbtest5 WHERE id BETWEEN 2257098 AND 2257107
	Index Scan using sbtest5_pkey on sbtest5  (cost=0.43..47.66 rows=11 width=121)
	  Index Cond: ((id >= 2257098) AND (id <= 2257107))

table 6 : explain SELECT c FROM sbtest6 WHERE id BETWEEN 1962090 AND 1962099
	Index Scan using sbtest6_pkey on sbtest6  (cost=0.43..47.49 rows=11 width=121)
	  Index Cond: ((id >= 1962090) AND (id <= 1962099))

table 7 : explain SELECT c FROM sbtest7 WHERE id BETWEEN 2649498 AND 2649507
	Index Scan using sbtest7_pkey on sbtest7  (cost=0.43..43.87 rows=10 width=121)
	  Index Cond: ((id >= 2649498) AND (id <= 2649507))

table 8 : explain SELECT c FROM sbtest8 WHERE id BETWEEN 4451016 AND 4451025
	Index Scan using sbtest8_pkey on sbtest8  (cost=0.43..43.78 rows=10 width=121)
	  Index Cond: ((id >= 4451016) AND (id <= 4451025))

for: sum_ranges
table 1 : explain SELECT SUM(k) FROM sbtest1 WHERE id BETWEEN 7191422 AND 7191431
	Aggregate  (cost=43.86..43.87 rows=1 width=8)
	  ->  Index Scan using sbtest1_pkey on sbtest1  (cost=0.43..43.84 rows=10 width=4)
	        Index Cond: ((id >= 7191422) AND (id <= 7191431))

table 2 : explain SELECT SUM(k) FROM sbtest2 WHERE id BETWEEN 3538783 AND 3538792
	Aggregate  (cost=43.85..43.86 rows=1 width=8)
	  ->  Index Scan using sbtest2_pkey on sbtest2  (cost=0.43..43.83 rows=10 width=4)
	        Index Cond: ((id >= 3538783) AND (id <= 3538792))

table 3 : explain SELECT SUM(k) FROM sbtest3 WHERE id BETWEEN 9202276 AND 9202285
	Aggregate  (cost=39.86..39.87 rows=1 width=8)
	  ->  Index Scan using sbtest3_pkey on sbtest3  (cost=0.43..39.84 rows=9 width=4)
	        Index Cond: ((id >= 9202276) AND (id <= 9202285))

table 4 : explain SELECT SUM(k) FROM sbtest4 WHERE id BETWEEN 6957611 AND 6957620
	Aggregate  (cost=43.77..43.78 rows=1 width=8)
	  ->  Index Scan using sbtest4_pkey on sbtest4  (cost=0.43..43.74 rows=10 width=4)
	        Index Cond: ((id >= 6957611) AND (id <= 6957620))

table 5 : explain SELECT SUM(k) FROM sbtest5 WHERE id BETWEEN 895296 AND 895305
	Aggregate  (cost=39.84..39.85 rows=1 width=8)
	  ->  Index Scan using sbtest5_pkey on sbtest5  (cost=0.43..39.82 rows=9 width=4)
	        Index Cond: ((id >= 895296) AND (id <= 895305))

table 6 : explain SELECT SUM(k) FROM sbtest6 WHERE id BETWEEN 5940977 AND 5940986
	Aggregate  (cost=43.61..43.62 rows=1 width=8)
	  ->  Index Scan using sbtest6_pkey on sbtest6  (cost=0.43..43.58 rows=10 width=4)
	        Index Cond: ((id >= 5940977) AND (id <= 5940986))

table 7 : explain SELECT SUM(k) FROM sbtest7 WHERE id BETWEEN 5138629 AND 5138638
	Aggregate  (cost=39.96..39.97 rows=1 width=8)
	  ->  Index Scan using sbtest7_pkey on sbtest7  (cost=0.43..39.94 rows=9 width=4)
	        Index Cond: ((id >= 5138629) AND (id <= 5138638))

table 8 : explain SELECT SUM(k) FROM sbtest8 WHERE id BETWEEN 3383077 AND 3383086
	Aggregate  (cost=39.87..39.88 rows=1 width=8)
	  ->  Index Scan using sbtest8_pkey on sbtest8  (cost=0.43..39.85 rows=9 width=4)
	        Index Cond: ((id >= 3383077) AND (id <= 3383086))

for point_selects
table 1 : explain SELECT c FROM sbtest1 WHERE id=4158820
	Index Scan using sbtest1_pkey on sbtest1  (cost=0.43..8.45 rows=1 width=121)
	  Index Cond: (id = 4158820)

table 2 : explain SELECT c FROM sbtest2 WHERE id=9423347
	Index Scan using sbtest2_pkey on sbtest2  (cost=0.43..8.45 rows=1 width=121)
	  Index Cond: (id = 9423347)

table 3 : explain SELECT c FROM sbtest3 WHERE id=9064073
	Index Scan using sbtest3_pkey on sbtest3  (cost=0.43..8.45 rows=1 width=121)
	  Index Cond: (id = 9064073)

table 4 : explain SELECT c FROM sbtest4 WHERE id=6872213
	Index Scan using sbtest4_pkey on sbtest4  (cost=0.43..8.45 rows=1 width=121)
	  Index Cond: (id = 6872213)

table 5 : explain SELECT c FROM sbtest5 WHERE id=7799257
	Index Scan using sbtest5_pkey on sbtest5  (cost=0.43..8.45 rows=1 width=121)
	  Index Cond: (id = 7799257)

table 6 : explain SELECT c FROM sbtest6 WHERE id=404321
	Index Scan using sbtest6_pkey on sbtest6  (cost=0.43..8.45 rows=1 width=121)
	  Index Cond: (id = 404321)

table 7 : explain SELECT c FROM sbtest7 WHERE id=8586202
	Index Scan using sbtest7_pkey on sbtest7  (cost=0.43..8.45 rows=1 width=121)
	  Index Cond: (id = 8586202)

table 8 : explain SELECT c FROM sbtest8 WHERE id=140579
	Index Scan using sbtest8_pkey on sbtest8  (cost=0.43..8.45 rows=1 width=121)
	  Index Cond: (id = 140579)

for point_selects
table 1 : explain SELECT c FROM sbtest1 WHERE id=4055055
	Index Scan using sbtest1_pkey on sbtest1  (cost=0.43..8.45 rows=1 width=121)
	  Index Cond: (id = 4055055)

table 2 : explain SELECT c FROM sbtest2 WHERE id=8032889
	Index Scan using sbtest2_pkey on sbtest2  (cost=0.43..8.45 rows=1 width=121)
	  Index Cond: (id = 8032889)

table 3 : explain SELECT c FROM sbtest3 WHERE id=6984065
	Index Scan using sbtest3_pkey on sbtest3  (cost=0.43..8.45 rows=1 width=121)
	  Index Cond: (id = 6984065)

table 4 : explain SELECT c FROM sbtest4 WHERE id=8589894
	Index Scan using sbtest4_pkey on sbtest4  (cost=0.43..8.45 rows=1 width=121)
	  Index Cond: (id = 8589894)

table 5 : explain SELECT c FROM sbtest5 WHERE id=9328569
	Index Scan using sbtest5_pkey on sbtest5  (cost=0.43..8.45 rows=1 width=121)
	  Index Cond: (id = 9328569)

table 6 : explain SELECT c FROM sbtest6 WHERE id=526330
	Index Scan using sbtest6_pkey on sbtest6  (cost=0.43..8.45 rows=1 width=121)
	  Index Cond: (id = 526330)

table 7 : explain SELECT c FROM sbtest7 WHERE id=2656800
	Index Scan using sbtest7_pkey on sbtest7  (cost=0.43..8.45 rows=1 width=121)
	  Index Cond: (id = 2656800)

table 8 : explain SELECT c FROM sbtest8 WHERE id=6603177
	Index Scan using sbtest8_pkey on sbtest8  (cost=0.43..8.45 rows=1 width=121)
	  Index Cond: (id = 6603177)

for: sum_ranges
table 1 : explain SELECT SUM(k) FROM sbtest1 WHERE id BETWEEN 3728152 AND 3728161
	Aggregate  (cost=43.86..43.87 rows=1 width=8)
	  ->  Index Scan using sbtest1_pkey on sbtest1  (cost=0.43..43.84 rows=10 width=4)
	        Index Cond: ((id >= 3728152) AND (id <= 3728161))

table 2 : explain SELECT SUM(k) FROM sbtest2 WHERE id BETWEEN 9005523 AND 9005532
	Aggregate  (cost=43.85..43.86 rows=1 width=8)
	  ->  Index Scan using sbtest2_pkey on sbtest2  (cost=0.43..43.83 rows=10 width=4)
	        Index Cond: ((id >= 9005523) AND (id <= 9005532))

table 3 : explain SELECT SUM(k) FROM sbtest3 WHERE id BETWEEN 366261 AND 366270
	Aggregate  (cost=43.78..43.79 rows=1 width=8)
	  ->  Index Scan using sbtest3_pkey on sbtest3  (cost=0.43..43.76 rows=10 width=4)
	        Index Cond: ((id >= 366261) AND (id <= 366270))

table 4 : explain SELECT SUM(k) FROM sbtest4 WHERE id BETWEEN 6651468 AND 6651477
	Aggregate  (cost=43.77..43.78 rows=1 width=8)
	  ->  Index Scan using sbtest4_pkey on sbtest4  (cost=0.43..43.74 rows=10 width=4)
	        Index Cond: ((id >= 6651468) AND (id <= 6651477))

table 5 : explain SELECT SUM(k) FROM sbtest5 WHERE id BETWEEN 3671550 AND 3671559
	Aggregate  (cost=43.77..43.78 rows=1 width=8)
	  ->  Index Scan using sbtest5_pkey on sbtest5  (cost=0.43..43.74 rows=10 width=4)
	        Index Cond: ((id >= 3671550) AND (id <= 3671559))

table 6 : explain SELECT SUM(k) FROM sbtest6 WHERE id BETWEEN 5750377 AND 5750386
	Aggregate  (cost=43.61..43.62 rows=1 width=8)
	  ->  Index Scan using sbtest6_pkey on sbtest6  (cost=0.43..43.58 rows=10 width=4)
	        Index Cond: ((id >= 5750377) AND (id <= 5750386))

table 7 : explain SELECT SUM(k) FROM sbtest7 WHERE id BETWEEN 2535192 AND 2535201
	Aggregate  (cost=43.90..43.91 rows=1 width=8)
	  ->  Index Scan using sbtest7_pkey on sbtest7  (cost=0.43..43.87 rows=10 width=4)
	        Index Cond: ((id >= 2535192) AND (id <= 2535201))

table 8 : explain SELECT SUM(k) FROM sbtest8 WHERE id BETWEEN 2421041 AND 2421050
	Aggregate  (cost=47.73..47.74 rows=1 width=8)
	  ->  Index Scan using sbtest8_pkey on sbtest8  (cost=0.43..47.70 rows=11 width=4)
	        Index Cond: ((id >= 2421041) AND (id <= 2421050))

for: sum_ranges
table 1 : explain SELECT SUM(k) FROM sbtest1 WHERE id BETWEEN 9414667 AND 9414676
	Aggregate  (cost=43.86..43.87 rows=1 width=8)
	  ->  Index Scan using sbtest1_pkey on sbtest1  (cost=0.43..43.84 rows=10 width=4)
	        Index Cond: ((id >= 9414667) AND (id <= 9414676))

table 2 : explain SELECT SUM(k) FROM sbtest2 WHERE id BETWEEN 173578 AND 173587
	Aggregate  (cost=43.85..43.86 rows=1 width=8)
	  ->  Index Scan using sbtest2_pkey on sbtest2  (cost=0.43..43.83 rows=10 width=4)
	        Index Cond: ((id >= 173578) AND (id <= 173587))

table 3 : explain SELECT SUM(k) FROM sbtest3 WHERE id BETWEEN 2815410 AND 2815419
	Aggregate  (cost=43.78..43.79 rows=1 width=8)
	  ->  Index Scan using sbtest3_pkey on sbtest3  (cost=0.43..43.76 rows=10 width=4)
	        Index Cond: ((id >= 2815410) AND (id <= 2815419))

table 4 : explain SELECT SUM(k) FROM sbtest4 WHERE id BETWEEN 7394693 AND 7394702
	Aggregate  (cost=43.77..43.78 rows=1 width=8)
	  ->  Index Scan using sbtest4_pkey on sbtest4  (cost=0.43..43.74 rows=10 width=4)
	        Index Cond: ((id >= 7394693) AND (id <= 7394702))

table 5 : explain SELECT SUM(k) FROM sbtest5 WHERE id BETWEEN 8858443 AND 8858452
	Aggregate  (cost=43.77..43.78 rows=1 width=8)
	  ->  Index Scan using sbtest5_pkey on sbtest5  (cost=0.43..43.74 rows=10 width=4)
	        Index Cond: ((id >= 8858443) AND (id <= 8858452))

table 6 : explain SELECT SUM(k) FROM sbtest6 WHERE id BETWEEN 3837501 AND 3837510
	Aggregate  (cost=43.61..43.62 rows=1 width=8)
	  ->  Index Scan using sbtest6_pkey on sbtest6  (cost=0.43..43.58 rows=10 width=4)
	        Index Cond: ((id >= 3837501) AND (id <= 3837510))

table 7 : explain SELECT SUM(k) FROM sbtest7 WHERE id BETWEEN 9549810 AND 9549819
	Aggregate  (cost=43.90..43.91 rows=1 width=8)
	  ->  Index Scan using sbtest7_pkey on sbtest7  (cost=0.43..43.87 rows=10 width=4)
	        Index Cond: ((id >= 9549810) AND (id <= 9549819))

table 8 : explain SELECT SUM(k) FROM sbtest8 WHERE id BETWEEN 9280719 AND 9280728
	Aggregate  (cost=43.80..43.81 rows=1 width=8)
	  ->  Index Scan using sbtest8_pkey on sbtest8  (cost=0.43..43.78 rows=10 width=4)
	        Index Cond: ((id >= 9280719) AND (id <= 9280728))

for: simple_ranges
table 1 : explain SELECT c FROM sbtest1 WHERE id BETWEEN 176425 AND 176434
	Index Scan using sbtest1_pkey on sbtest1  (cost=0.43..43.84 rows=10 width=121)
	  Index Cond: ((id >= 176425) AND (id <= 176434))

table 2 : explain SELECT c FROM sbtest2 WHERE id BETWEEN 3146871 AND 3146880
	Index Scan using sbtest2_pkey on sbtest2  (cost=0.43..43.83 rows=10 width=121)
	  Index Cond: ((id >= 3146871) AND (id <= 3146880))

table 3 : explain SELECT c FROM sbtest3 WHERE id BETWEEN 2731070 AND 2731079
	Index Scan using sbtest3_pkey on sbtest3  (cost=0.43..43.76 rows=10 width=121)
	  Index Cond: ((id >= 2731070) AND (id <= 2731079))

table 4 : explain SELECT c FROM sbtest4 WHERE id BETWEEN 2779728 AND 2779737
	Index Scan using sbtest4_pkey on sbtest4  (cost=0.43..43.74 rows=10 width=121)
	  Index Cond: ((id >= 2779728) AND (id <= 2779737))

table 5 : explain SELECT c FROM sbtest5 WHERE id BETWEEN 8333320 AND 8333329
	Index Scan using sbtest5_pkey on sbtest5  (cost=0.43..43.74 rows=10 width=121)
	  Index Cond: ((id >= 8333320) AND (id <= 8333329))

table 6 : explain SELECT c FROM sbtest6 WHERE id BETWEEN 2586347 AND 2586356
	Index Scan using sbtest6_pkey on sbtest6  (cost=0.43..39.68 rows=9 width=121)
	  Index Cond: ((id >= 2586347) AND (id <= 2586356))

table 7 : explain SELECT c FROM sbtest7 WHERE id BETWEEN 1611717 AND 1611726
	Index Scan using sbtest7_pkey on sbtest7  (cost=0.43..43.87 rows=10 width=121)
	  Index Cond: ((id >= 1611717) AND (id <= 1611726))

table 8 : explain SELECT c FROM sbtest8 WHERE id BETWEEN 4385547 AND 4385556
	Index Scan using sbtest8_pkey on sbtest8  (cost=0.43..43.78 rows=10 width=121)
	  Index Cond: ((id >= 4385547) AND (id <= 4385556))

for: sum_ranges
table 1 : explain SELECT SUM(k) FROM sbtest1 WHERE id BETWEEN 3873461 AND 3873470
	Aggregate  (cost=47.80..47.81 rows=1 width=8)
	  ->  Index Scan using sbtest1_pkey on sbtest1  (cost=0.43..47.77 rows=11 width=4)
	        Index Cond: ((id >= 3873461) AND (id <= 3873470))

table 2 : explain SELECT SUM(k) FROM sbtest2 WHERE id BETWEEN 2468953 AND 2468962
	Aggregate  (cost=43.85..43.86 rows=1 width=8)
	  ->  Index Scan using sbtest2_pkey on sbtest2  (cost=0.43..43.83 rows=10 width=4)
	        Index Cond: ((id >= 2468953) AND (id <= 2468962))

table 3 : explain SELECT SUM(k) FROM sbtest3 WHERE id BETWEEN 2853622 AND 2853631
	Aggregate  (cost=43.78..43.79 rows=1 width=8)
	  ->  Index Scan using sbtest3_pkey on sbtest3  (cost=0.43..43.76 rows=10 width=4)
	        Index Cond: ((id >= 2853622) AND (id <= 2853631))

table 4 : explain SELECT SUM(k) FROM sbtest4 WHERE id BETWEEN 898331 AND 898340
	Aggregate  (cost=39.84..39.85 rows=1 width=8)
	  ->  Index Scan using sbtest4_pkey on sbtest4  (cost=0.43..39.82 rows=9 width=4)
	        Index Cond: ((id >= 898331) AND (id <= 898340))

table 5 : explain SELECT SUM(k) FROM sbtest5 WHERE id BETWEEN 6712447 AND 6712456
	Aggregate  (cost=43.77..43.78 rows=1 width=8)
	  ->  Index Scan using sbtest5_pkey on sbtest5  (cost=0.43..43.74 rows=10 width=4)
	        Index Cond: ((id >= 6712447) AND (id <= 6712456))

table 6 : explain SELECT SUM(k) FROM sbtest6 WHERE id BETWEEN 769050 AND 769059
	Aggregate  (cost=39.70..39.71 rows=1 width=8)
	  ->  Index Scan using sbtest6_pkey on sbtest6  (cost=0.43..39.68 rows=9 width=4)
	        Index Cond: ((id >= 769050) AND (id <= 769059))

table 7 : explain SELECT SUM(k) FROM sbtest7 WHERE id BETWEEN 878285 AND 878294
	Aggregate  (cost=47.84..47.85 rows=1 width=8)
	  ->  Index Scan using sbtest7_pkey on sbtest7  (cost=0.43..47.81 rows=11 width=4)
	        Index Cond: ((id >= 878285) AND (id <= 878294))

table 8 : explain SELECT SUM(k) FROM sbtest8 WHERE id BETWEEN 3020876 AND 3020885
	Aggregate  (cost=43.80..43.81 rows=1 width=8)
	  ->  Index Scan using sbtest8_pkey on sbtest8  (cost=0.43..43.78 rows=10 width=4)
	        Index Cond: ((id >= 3020876) AND (id <= 3020885))

for point_selects
table 1 : explain SELECT c FROM sbtest1 WHERE id=9506971
	Index Scan using sbtest1_pkey on sbtest1  (cost=0.43..8.45 rows=1 width=121)
	  Index Cond: (id = 9506971)

table 2 : explain SELECT c FROM sbtest2 WHERE id=6622742
	Index Scan using sbtest2_pkey on sbtest2  (cost=0.43..8.45 rows=1 width=121)
	  Index Cond: (id = 6622742)

table 3 : explain SELECT c FROM sbtest3 WHERE id=1440129
	Index Scan using sbtest3_pkey on sbtest3  (cost=0.43..8.45 rows=1 width=121)
	  Index Cond: (id = 1440129)

table 4 : explain SELECT c FROM sbtest4 WHERE id=4747635
	Index Scan using sbtest4_pkey on sbtest4  (cost=0.43..8.45 rows=1 width=121)
	  Index Cond: (id = 4747635)

table 5 : explain SELECT c FROM sbtest5 WHERE id=1247359
	Index Scan using sbtest5_pkey on sbtest5  (cost=0.43..8.45 rows=1 width=121)
	  Index Cond: (id = 1247359)

table 6 : explain SELECT c FROM sbtest6 WHERE id=1355450
	Index Scan using sbtest6_pkey on sbtest6  (cost=0.43..8.45 rows=1 width=121)
	  Index Cond: (id = 1355450)

table 7 : explain SELECT c FROM sbtest7 WHERE id=5464024
	Index Scan using sbtest7_pkey on sbtest7  (cost=0.43..8.45 rows=1 width=121)
	  Index Cond: (id = 5464024)

table 8 : explain SELECT c FROM sbtest8 WHERE id=4151935
	Index Scan using sbtest8_pkey on sbtest8  (cost=0.43..8.45 rows=1 width=121)
	  Index Cond: (id = 4151935)

for: simple_ranges
table 1 : explain SELECT c FROM sbtest1 WHERE id BETWEEN 2418220 AND 2418229
	Index Scan using sbtest1_pkey on sbtest1  (cost=0.43..47.77 rows=11 width=121)
	  Index Cond: ((id >= 2418220) AND (id <= 2418229))

table 2 : explain SELECT c FROM sbtest2 WHERE id BETWEEN 4849088 AND 4849097
	Index Scan using sbtest2_pkey on sbtest2  (cost=0.43..43.83 rows=10 width=121)
	  Index Cond: ((id >= 4849088) AND (id <= 4849097))

table 3 : explain SELECT c FROM sbtest3 WHERE id BETWEEN 6512310 AND 6512319
	Index Scan using sbtest3_pkey on sbtest3  (cost=0.43..47.68 rows=11 width=121)
	  Index Cond: ((id >= 6512310) AND (id <= 6512319))

table 4 : explain SELECT c FROM sbtest4 WHERE id BETWEEN 2636368 AND 2636377
	Index Scan using sbtest4_pkey on sbtest4  (cost=0.43..47.66 rows=11 width=121)
	  Index Cond: ((id >= 2636368) AND (id <= 2636377))

table 5 : explain SELECT c FROM sbtest5 WHERE id BETWEEN 3851441 AND 3851450
	Index Scan using sbtest5_pkey on sbtest5  (cost=0.43..43.74 rows=10 width=121)
	  Index Cond: ((id >= 3851441) AND (id <= 3851450))

table 6 : explain SELECT c FROM sbtest6 WHERE id BETWEEN 2436099 AND 2436108
	Index Scan using sbtest6_pkey on sbtest6  (cost=0.43..39.68 rows=9 width=121)
	  Index Cond: ((id >= 2436099) AND (id <= 2436108))

table 7 : explain SELECT c FROM sbtest7 WHERE id BETWEEN 6014053 AND 6014062
	Index Scan using sbtest7_pkey on sbtest7  (cost=0.43..43.87 rows=10 width=121)
	  Index Cond: ((id >= 6014053) AND (id <= 6014062))

table 8 : explain SELECT c FROM sbtest8 WHERE id BETWEEN 3890112 AND 3890121
	Index Scan using sbtest8_pkey on sbtest8  (cost=0.43..47.70 rows=11 width=121)
	  Index Cond: ((id >= 3890112) AND (id <= 3890121))

for: order_ranges
table 1 : explain SELECT c FROM sbtest1 WHERE id BETWEEN 7253753 AND 7253762 ORDER BY c
	Sort  (cost=44.00..44.03 rows=10 width=121)
	  Sort Key: c
	  ->  Index Scan using sbtest1_pkey on sbtest1  (cost=0.43..43.84 rows=10 width=121)
	        Index Cond: ((id >= 7253753) AND (id <= 7253762))

table 2 : explain SELECT c FROM sbtest2 WHERE id BETWEEN 3807717 AND 3807726 ORDER BY c
	Sort  (cost=40.04..40.06 rows=9 width=121)
	  Sort Key: c
	  ->  Index Scan using sbtest2_pkey on sbtest2  (cost=0.43..39.90 rows=9 width=121)
	        Index Cond: ((id >= 3807717) AND (id <= 3807726))

table 3 : explain SELECT c FROM sbtest3 WHERE id BETWEEN 6856486 AND 6856495 ORDER BY c
	Sort  (cost=43.92..43.95 rows=10 width=121)
	  Sort Key: c
	  ->  Index Scan using sbtest3_pkey on sbtest3  (cost=0.43..43.76 rows=10 width=121)
	        Index Cond: ((id >= 6856486) AND (id <= 6856495))

table 4 : explain SELECT c FROM sbtest4 WHERE id BETWEEN 6990053 AND 6990062 ORDER BY c
	Sort  (cost=43.91..43.93 rows=10 width=121)
	  Sort Key: c
	  ->  Index Scan using sbtest4_pkey on sbtest4  (cost=0.43..43.74 rows=10 width=121)
	        Index Cond: ((id >= 6990053) AND (id <= 6990062))

table 5 : explain SELECT c FROM sbtest5 WHERE id BETWEEN 7894236 AND 7894245 ORDER BY c
	Sort  (cost=43.91..43.93 rows=10 width=121)
	  Sort Key: c
	  ->  Index Scan using sbtest5_pkey on sbtest5  (cost=0.43..43.74 rows=10 width=121)
	        Index Cond: ((id >= 7894236) AND (id <= 7894245))

table 6 : explain SELECT c FROM sbtest6 WHERE id BETWEEN 4846703 AND 4846712 ORDER BY c
	Sort  (cost=47.68..47.71 rows=11 width=121)
	  Sort Key: c
	  ->  Index Scan using sbtest6_pkey on sbtest6  (cost=0.43..47.49 rows=11 width=121)
	        Index Cond: ((id >= 4846703) AND (id <= 4846712))

table 7 : explain SELECT c FROM sbtest7 WHERE id BETWEEN 3429985 AND 3429994 ORDER BY c
	Sort  (cost=44.04..44.06 rows=10 width=121)
	  Sort Key: c
	  ->  Index Scan using sbtest7_pkey on sbtest7  (cost=0.43..43.87 rows=10 width=121)
	        Index Cond: ((id >= 3429985) AND (id <= 3429994))

table 8 : explain SELECT c FROM sbtest8 WHERE id BETWEEN 9719193 AND 9719202 ORDER BY c
	Sort  (cost=39.99..40.02 rows=9 width=121)
	  Sort Key: c
	  ->  Index Scan using sbtest8_pkey on sbtest8  (cost=0.43..39.85 rows=9 width=121)
	        Index Cond: ((id >= 9719193) AND (id <= 9719202))

for: simple_ranges
table 1 : explain SELECT c FROM sbtest1 WHERE id BETWEEN 5669145 AND 5669154
	Index Scan using sbtest1_pkey on sbtest1  (cost=0.43..39.91 rows=9 width=121)
	  Index Cond: ((id >= 5669145) AND (id <= 5669154))

table 2 : explain SELECT c FROM sbtest2 WHERE id BETWEEN 4743948 AND 4743957
	Index Scan using sbtest2_pkey on sbtest2  (cost=0.43..43.83 rows=10 width=121)
	  Index Cond: ((id >= 4743948) AND (id <= 4743957))

table 3 : explain SELECT c FROM sbtest3 WHERE id BETWEEN 9615524 AND 9615533
	Index Scan using sbtest3_pkey on sbtest3  (cost=0.43..43.76 rows=10 width=121)
	  Index Cond: ((id >= 9615524) AND (id <= 9615533))

table 4 : explain SELECT c FROM sbtest4 WHERE id BETWEEN 5352046 AND 5352055
	Index Scan using sbtest4_pkey on sbtest4  (cost=0.43..43.74 rows=10 width=121)
	  Index Cond: ((id >= 5352046) AND (id <= 5352055))

table 5 : explain SELECT c FROM sbtest5 WHERE id BETWEEN 7517371 AND 7517380
	Index Scan using sbtest5_pkey on sbtest5  (cost=0.43..43.74 rows=10 width=121)
	  Index Cond: ((id >= 7517371) AND (id <= 7517380))

table 6 : explain SELECT c FROM sbtest6 WHERE id BETWEEN 4552262 AND 4552271
	Index Scan using sbtest6_pkey on sbtest6  (cost=0.43..43.58 rows=10 width=121)
	  Index Cond: ((id >= 4552262) AND (id <= 4552271))

table 7 : explain SELECT c FROM sbtest7 WHERE id BETWEEN 6771622 AND 6771631
	Index Scan using sbtest7_pkey on sbtest7  (cost=0.43..43.87 rows=10 width=121)
	  Index Cond: ((id >= 6771622) AND (id <= 6771631))

table 8 : explain SELECT c FROM sbtest8 WHERE id BETWEEN 4027950 AND 4027959
	Index Scan using sbtest8_pkey on sbtest8  (cost=0.43..43.78 rows=10 width=121)
	  Index Cond: ((id >= 4027950) AND (id <= 4027959))
for: simple_ranges
table 1 : explain SELECT c FROM sbtest1 WHERE id BETWEEN 6066439 AND 6066448
	Index Scan using sbtest1_pkey on sbtest1  (cost=0.43..39.91 rows=9 width=121)
	  Index Cond: ((id >= 6066439) AND (id <= 6066448))

table 2 : explain SELECT c FROM sbtest2 WHERE id BETWEEN 4388343 AND 4388352
	Index Scan using sbtest2_pkey on sbtest2  (cost=0.43..39.90 rows=9 width=121)
	  Index Cond: ((id >= 4388343) AND (id <= 4388352))

table 3 : explain SELECT c FROM sbtest3 WHERE id BETWEEN 1025728 AND 1025737
	Index Scan using sbtest3_pkey on sbtest3  (cost=0.43..43.76 rows=10 width=121)
	  Index Cond: ((id >= 1025728) AND (id <= 1025737))

table 4 : explain SELECT c FROM sbtest4 WHERE id BETWEEN 9220061 AND 9220070
	Index Scan using sbtest4_pkey on sbtest4  (cost=0.43..43.74 rows=10 width=121)
	  Index Cond: ((id >= 9220061) AND (id <= 9220070))

table 5 : explain SELECT c FROM sbtest5 WHERE id BETWEEN 2443791 AND 2443800
	Index Scan using sbtest5_pkey on sbtest5  (cost=0.43..43.74 rows=10 width=121)
	  Index Cond: ((id >= 2443791) AND (id <= 2443800))

table 6 : explain SELECT c FROM sbtest6 WHERE id BETWEEN 4646687 AND 4646696
	Index Scan using sbtest6_pkey on sbtest6  (cost=0.43..39.68 rows=9 width=121)
	  Index Cond: ((id >= 4646687) AND (id <= 4646696))

table 7 : explain SELECT c FROM sbtest7 WHERE id BETWEEN 3285666 AND 3285675
	Index Scan using sbtest7_pkey on sbtest7  (cost=0.43..43.87 rows=10 width=121)
	  Index Cond: ((id >= 3285666) AND (id <= 3285675))

table 8 : explain SELECT c FROM sbtest8 WHERE id BETWEEN 2289286 AND 2289295
	Index Scan using sbtest8_pkey on sbtest8  (cost=0.43..47.70 rows=11 width=121)
	  Index Cond: ((id >= 2289286) AND (id <= 2289295))


for: sum_ranges
table 1 : explain SELECT SUM(k) FROM sbtest1 WHERE id BETWEEN 7916800 AND 7916809
	Aggregate  (cost=39.93..39.94 rows=1 width=8)
	  ->  Index Scan using sbtest1_pkey on sbtest1  (cost=0.43..39.91 rows=9 width=4)
	        Index Cond: ((id >= 7916800) AND (id <= 7916809))

table 2 : explain SELECT SUM(k) FROM sbtest2 WHERE id BETWEEN 4403348 AND 4403357
	Aggregate  (cost=39.92..39.93 rows=1 width=8)
	  ->  Index Scan using sbtest2_pkey on sbtest2  (cost=0.43..39.90 rows=9 width=4)
	        Index Cond: ((id >= 4403348) AND (id <= 4403357))

table 3 : explain SELECT SUM(k) FROM sbtest3 WHERE id BETWEEN 1324324 AND 1324333
	Aggregate  (cost=47.71..47.72 rows=1 width=8)
	  ->  Index Scan using sbtest3_pkey on sbtest3  (cost=0.43..47.68 rows=11 width=4)
	        Index Cond: ((id >= 1324324) AND (id <= 1324333))

table 4 : explain SELECT SUM(k) FROM sbtest4 WHERE id BETWEEN 1232204 AND 1232213
	Aggregate  (cost=43.77..43.78 rows=1 width=8)
	  ->  Index Scan using sbtest4_pkey on sbtest4  (cost=0.43..43.74 rows=10 width=4)
	        Index Cond: ((id >= 1232204) AND (id <= 1232213))

table 5 : explain SELECT SUM(k) FROM sbtest5 WHERE id BETWEEN 6690459 AND 6690468
	Aggregate  (cost=39.84..39.85 rows=1 width=8)
	  ->  Index Scan using sbtest5_pkey on sbtest5  (cost=0.43..39.82 rows=9 width=4)
	        Index Cond: ((id >= 6690459) AND (id <= 6690468))

table 6 : explain SELECT SUM(k) FROM sbtest6 WHERE id BETWEEN 374206 AND 374215
	Aggregate  (cost=43.61..43.62 rows=1 width=8)
	  ->  Index Scan using sbtest6_pkey on sbtest6  (cost=0.43..43.58 rows=10 width=4)
	        Index Cond: ((id >= 374206) AND (id <= 374215))

table 7 : explain SELECT SUM(k) FROM sbtest7 WHERE id BETWEEN 4378203 AND 4378212
	Aggregate  (cost=43.90..43.91 rows=1 width=8)
	  ->  Index Scan using sbtest7_pkey on sbtest7  (cost=0.43..43.87 rows=10 width=4)
	        Index Cond: ((id >= 4378203) AND (id <= 4378212))

table 8 : explain SELECT SUM(k) FROM sbtest8 WHERE id BETWEEN 9514212 AND 9514221
	Aggregate  (cost=43.80..43.81 rows=1 width=8)
	  ->  Index Scan using sbtest8_pkey on sbtest8  (cost=0.43..43.78 rows=10 width=4)
	        Index Cond: ((id >= 9514212) AND (id <= 9514221))

for: sum_ranges
table 1 : explain SELECT SUM(k) FROM sbtest1 WHERE id BETWEEN 2280932 AND 2280941
	Aggregate  (cost=43.86..43.87 rows=1 width=8)
	  ->  Index Scan using sbtest1_pkey on sbtest1  (cost=0.43..43.84 rows=10 width=4)
	        Index Cond: ((id >= 2280932) AND (id <= 2280941))

table 2 : explain SELECT SUM(k) FROM sbtest2 WHERE id BETWEEN 6330926 AND 6330935
	Aggregate  (cost=43.85..43.86 rows=1 width=8)
	  ->  Index Scan using sbtest2_pkey on sbtest2  (cost=0.43..43.83 rows=10 width=4)
	        Index Cond: ((id >= 6330926) AND (id <= 6330935))

table 3 : explain SELECT SUM(k) FROM sbtest3 WHERE id BETWEEN 3263850 AND 3263859
	Aggregate  (cost=43.78..43.79 rows=1 width=8)
	  ->  Index Scan using sbtest3_pkey on sbtest3  (cost=0.43..43.76 rows=10 width=4)
	        Index Cond: ((id >= 3263850) AND (id <= 3263859))

table 4 : explain SELECT SUM(k) FROM sbtest4 WHERE id BETWEEN 9876653 AND 9876662
	Aggregate  (cost=43.77..43.78 rows=1 width=8)
	  ->  Index Scan using sbtest4_pkey on sbtest4  (cost=0.43..43.74 rows=10 width=4)
	        Index Cond: ((id >= 9876653) AND (id <= 9876662))

table 5 : explain SELECT SUM(k) FROM sbtest5 WHERE id BETWEEN 9473288 AND 9473297
	Aggregate  (cost=39.84..39.85 rows=1 width=8)
	  ->  Index Scan using sbtest5_pkey on sbtest5  (cost=0.43..39.82 rows=9 width=4)
	        Index Cond: ((id >= 9473288) AND (id <= 9473297))

table 6 : explain SELECT SUM(k) FROM sbtest6 WHERE id BETWEEN 6356467 AND 6356476
	Aggregate  (cost=43.61..43.62 rows=1 width=8)
	  ->  Index Scan using sbtest6_pkey on sbtest6  (cost=0.43..43.58 rows=10 width=4)
	        Index Cond: ((id >= 6356467) AND (id <= 6356476))

table 7 : explain SELECT SUM(k) FROM sbtest7 WHERE id BETWEEN 6814054 AND 6814063
	Aggregate  (cost=43.90..43.91 rows=1 width=8)
	  ->  Index Scan using sbtest7_pkey on sbtest7  (cost=0.43..43.87 rows=10 width=4)
	        Index Cond: ((id >= 6814054) AND (id <= 6814063))

table 8 : explain SELECT SUM(k) FROM sbtest8 WHERE id BETWEEN 2247297 AND 2247306
	Aggregate  (cost=47.73..47.74 rows=1 width=8)
	  ->  Index Scan using sbtest8_pkey on sbtest8  (cost=0.43..47.70 rows=11 width=4)
	        Index Cond: ((id >= 2247297) AND (id <= 2247306))

for point_selects
table 1 : explain SELECT c FROM sbtest1 WHERE id=8267249
	Index Scan using sbtest1_pkey on sbtest1  (cost=0.43..8.45 rows=1 width=121)
	  Index Cond: (id = 8267249)

table 2 : explain SELECT c FROM sbtest2 WHERE id=3369872
	Index Scan using sbtest2_pkey on sbtest2  (cost=0.43..8.45 rows=1 width=121)
	  Index Cond: (id = 3369872)

table 3 : explain SELECT c FROM sbtest3 WHERE id=7240887
	Index Scan using sbtest3_pkey on sbtest3  (cost=0.43..8.45 rows=1 width=121)
	  Index Cond: (id = 7240887)

table 4 : explain SELECT c FROM sbtest4 WHERE id=21657
	Index Scan using sbtest4_pkey on sbtest4  (cost=0.43..8.45 rows=1 width=121)
	  Index Cond: (id = 21657)

table 5 : explain SELECT c FROM sbtest5 WHERE id=199053
	Index Scan using sbtest5_pkey on sbtest5  (cost=0.43..8.45 rows=1 width=121)
	  Index Cond: (id = 199053)

table 6 : explain SELECT c FROM sbtest6 WHERE id=1042587
	Index Scan using sbtest6_pkey on sbtest6  (cost=0.43..8.45 rows=1 width=121)
	  Index Cond: (id = 1042587)

table 7 : explain SELECT c FROM sbtest7 WHERE id=7651933
	Index Scan using sbtest7_pkey on sbtest7  (cost=0.43..8.45 rows=1 width=121)
	  Index Cond: (id = 7651933)

table 8 : explain SELECT c FROM sbtest8 WHERE id=9969112
	Index Scan using sbtest8_pkey on sbtest8  (cost=0.43..8.45 rows=1 width=121)
	  Index Cond: (id = 9969112)

for: sum_ranges
table 1 : explain SELECT SUM(k) FROM sbtest1 WHERE id BETWEEN 3984930 AND 3984939
	Aggregate  (cost=43.86..43.87 rows=1 width=8)
	  ->  Index Scan using sbtest1_pkey on sbtest1  (cost=0.43..43.84 rows=10 width=4)
	        Index Cond: ((id >= 3984930) AND (id <= 3984939))

table 2 : explain SELECT SUM(k) FROM sbtest2 WHERE id BETWEEN 3848459 AND 3848468
	Aggregate  (cost=39.92..39.93 rows=1 width=8)
	  ->  Index Scan using sbtest2_pkey on sbtest2  (cost=0.43..39.90 rows=9 width=4)
	        Index Cond: ((id >= 3848459) AND (id <= 3848468))

table 3 : explain SELECT SUM(k) FROM sbtest3 WHERE id BETWEEN 1556378 AND 1556387
	Aggregate  (cost=43.78..43.79 rows=1 width=8)
	  ->  Index Scan using sbtest3_pkey on sbtest3  (cost=0.43..43.76 rows=10 width=4)
	        Index Cond: ((id >= 1556378) AND (id <= 1556387))

table 4 : explain SELECT SUM(k) FROM sbtest4 WHERE id BETWEEN 9549328 AND 9549337
	Aggregate  (cost=43.77..43.78 rows=1 width=8)
	  ->  Index Scan using sbtest4_pkey on sbtest4  (cost=0.43..43.74 rows=10 width=4)
	        Index Cond: ((id >= 9549328) AND (id <= 9549337))

table 5 : explain SELECT SUM(k) FROM sbtest5 WHERE id BETWEEN 7628760 AND 7628769
	Aggregate  (cost=39.84..39.85 rows=1 width=8)
	  ->  Index Scan using sbtest5_pkey on sbtest5  (cost=0.43..39.82 rows=9 width=4)
	        Index Cond: ((id >= 7628760) AND (id <= 7628769))

table 6 : explain SELECT SUM(k) FROM sbtest6 WHERE id BETWEEN 3216945 AND 3216954
	Aggregate  (cost=47.52..47.53 rows=1 width=8)
	  ->  Index Scan using sbtest6_pkey on sbtest6  (cost=0.43..47.49 rows=11 width=4)
	        Index Cond: ((id >= 3216945) AND (id <= 3216954))

table 7 : explain SELECT SUM(k) FROM sbtest7 WHERE id BETWEEN 7841886 AND 7841895
	Aggregate  (cost=43.90..43.91 rows=1 width=8)
	  ->  Index Scan using sbtest7_pkey on sbtest7  (cost=0.43..43.87 rows=10 width=4)
	        Index Cond: ((id >= 7841886) AND (id <= 7841895))

table 8 : explain SELECT SUM(k) FROM sbtest8 WHERE id BETWEEN 6643030 AND 6643039
	Aggregate  (cost=39.87..39.88 rows=1 width=8)
	  ->  Index Scan using sbtest8_pkey on sbtest8  (cost=0.43..39.85 rows=9 width=4)
	        Index Cond: ((id >= 6643030) AND (id <= 6643039))

for point_selects
table 1 : explain SELECT c FROM sbtest1 WHERE id=68161
	Index Scan using sbtest1_pkey on sbtest1  (cost=0.43..8.45 rows=1 width=121)
	  Index Cond: (id = 68161)

table 2 : explain SELECT c FROM sbtest2 WHERE id=2161638
	Index Scan using sbtest2_pkey on sbtest2  (cost=0.43..8.45 rows=1 width=121)
	  Index Cond: (id = 2161638)

table 3 : explain SELECT c FROM sbtest3 WHERE id=8760190
	Index Scan using sbtest3_pkey on sbtest3  (cost=0.43..8.45 rows=1 width=121)
	  Index Cond: (id = 8760190)

table 4 : explain SELECT c FROM sbtest4 WHERE id=394364
	Index Scan using sbtest4_pkey on sbtest4  (cost=0.43..8.45 rows=1 width=121)
	  Index Cond: (id = 394364)

table 5 : explain SELECT c FROM sbtest5 WHERE id=5343089
	Index Scan using sbtest5_pkey on sbtest5  (cost=0.43..8.45 rows=1 width=121)
	  Index Cond: (id = 5343089)

table 6 : explain SELECT c FROM sbtest6 WHERE id=1323508
	Index Scan using sbtest6_pkey on sbtest6  (cost=0.43..8.45 rows=1 width=121)
	  Index Cond: (id = 1323508)

table 7 : explain SELECT c FROM sbtest7 WHERE id=1119349
	Index Scan using sbtest7_pkey on sbtest7  (cost=0.43..8.45 rows=1 width=121)
	  Index Cond: (id = 1119349)

table 8 : explain SELECT c FROM sbtest8 WHERE id=1376099
	Index Scan using sbtest8_pkey on sbtest8  (cost=0.43..8.45 rows=1 width=121)
	  Index Cond: (id = 1376099)

for: order_ranges
table 1 : explain SELECT c FROM sbtest1 WHERE id BETWEEN 1562266 AND 1562275 ORDER BY c
	Sort  (cost=44.00..44.03 rows=10 width=121)
	  Sort Key: c
	  ->  Index Scan using sbtest1_pkey on sbtest1  (cost=0.43..43.84 rows=10 width=121)
	        Index Cond: ((id >= 1562266) AND (id <= 1562275))

table 2 : explain SELECT c FROM sbtest2 WHERE id BETWEEN 9080242 AND 9080251 ORDER BY c
	Sort  (cost=43.99..44.02 rows=10 width=121)
	  Sort Key: c
	  ->  Index Scan using sbtest2_pkey on sbtest2  (cost=0.43..43.83 rows=10 width=121)
	        Index Cond: ((id >= 9080242) AND (id <= 9080251))

table 3 : explain SELECT c FROM sbtest3 WHERE id BETWEEN 2195888 AND 2195897 ORDER BY c
	Sort  (cost=39.98..40.00 rows=9 width=121)
	  Sort Key: c
	  ->  Index Scan using sbtest3_pkey on sbtest3  (cost=0.43..39.84 rows=9 width=121)
	        Index Cond: ((id >= 2195888) AND (id <= 2195897))

table 4 : explain SELECT c FROM sbtest4 WHERE id BETWEEN 9292784 AND 9292793 ORDER BY c
	Sort  (cost=43.91..43.93 rows=10 width=121)
	  Sort Key: c
	  ->  Index Scan using sbtest4_pkey on sbtest4  (cost=0.43..43.74 rows=10 width=121)
	        Index Cond: ((id >= 9292784) AND (id <= 9292793))

table 5 : explain SELECT c FROM sbtest5 WHERE id BETWEEN 406851 AND 406860 ORDER BY c
	Sort  (cost=47.85..47.88 rows=11 width=121)
	  Sort Key: c
	  ->  Index Scan using sbtest5_pkey on sbtest5  (cost=0.43..47.66 rows=11 width=121)
	        Index Cond: ((id >= 406851) AND (id <= 406860))

table 6 : explain SELECT c FROM sbtest6 WHERE id BETWEEN 3149435 AND 3149444 ORDER BY c
	Sort  (cost=47.68..47.71 rows=11 width=121)
	  Sort Key: c
	  ->  Index Scan using sbtest6_pkey on sbtest6  (cost=0.43..47.49 rows=11 width=121)
	        Index Cond: ((id >= 3149435) AND (id <= 3149444))

table 7 : explain SELECT c FROM sbtest7 WHERE id BETWEEN 4074073 AND 4074082 ORDER BY c
	Sort  (cost=44.04..44.06 rows=10 width=121)
	  Sort Key: c
	  ->  Index Scan using sbtest7_pkey on sbtest7  (cost=0.43..43.87 rows=10 width=121)
	        Index Cond: ((id >= 4074073) AND (id <= 4074082))

table 8 : explain SELECT c FROM sbtest8 WHERE id BETWEEN 1015817 AND 1015826 ORDER BY c
	Sort  (cost=47.89..47.92 rows=11 width=121)
	  Sort Key: c
	  ->  Index Scan using sbtest8_pkey on sbtest8  (cost=0.43..47.70 rows=11 width=121)
	        Index Cond: ((id >= 1015817) AND (id <= 1015826))

for: simple_ranges
table 1 : explain SELECT c FROM sbtest1 WHERE id BETWEEN 5206026 AND 5206035
	Index Scan using sbtest1_pkey on sbtest1  (cost=0.43..43.84 rows=10 width=121)
	  Index Cond: ((id >= 5206026) AND (id <= 5206035))

table 2 : explain SELECT c FROM sbtest2 WHERE id BETWEEN 2790298 AND 2790307
	Index Scan using sbtest2_pkey on sbtest2  (cost=0.43..43.83 rows=10 width=121)
	  Index Cond: ((id >= 2790298) AND (id <= 2790307))

table 3 : explain SELECT c FROM sbtest3 WHERE id BETWEEN 5223005 AND 5223014
	Index Scan using sbtest3_pkey on sbtest3  (cost=0.43..43.76 rows=10 width=121)
	  Index Cond: ((id >= 5223005) AND (id <= 5223014))

table 4 : explain SELECT c FROM sbtest4 WHERE id BETWEEN 2273970 AND 2273979
	Index Scan using sbtest4_pkey on sbtest4  (cost=0.43..43.74 rows=10 width=121)
	  Index Cond: ((id >= 2273970) AND (id <= 2273979))

table 5 : explain SELECT c FROM sbtest5 WHERE id BETWEEN 4138720 AND 4138729
	Index Scan using sbtest5_pkey on sbtest5  (cost=0.43..39.82 rows=9 width=121)
	  Index Cond: ((id >= 4138720) AND (id <= 4138729))

table 6 : explain SELECT c FROM sbtest6 WHERE id BETWEEN 8700420 AND 8700429
	Index Scan using sbtest6_pkey on sbtest6  (cost=0.43..43.58 rows=10 width=121)
	  Index Cond: ((id >= 8700420) AND (id <= 8700429))

table 7 : explain SELECT c FROM sbtest7 WHERE id BETWEEN 1991395 AND 1991404
	Index Scan using sbtest7_pkey on sbtest7  (cost=0.43..43.87 rows=10 width=121)
	  Index Cond: ((id >= 1991395) AND (id <= 1991404))

table 8 : explain SELECT c FROM sbtest8 WHERE id BETWEEN 6333464 AND 6333473
	Index Scan using sbtest8_pkey on sbtest8  (cost=0.43..39.85 rows=9 width=121)
	  Index Cond: ((id >= 6333464) AND (id <= 6333473))

for point_selects
table 1 : explain SELECT c FROM sbtest1 WHERE id=7457401
	Index Scan using sbtest1_pkey on sbtest1  (cost=0.43..8.45 rows=1 width=121)
	  Index Cond: (id = 7457401)

table 2 : explain SELECT c FROM sbtest2 WHERE id=5923622
	Index Scan using sbtest2_pkey on sbtest2  (cost=0.43..8.45 rows=1 width=121)
	  Index Cond: (id = 5923622)

table 3 : explain SELECT c FROM sbtest3 WHERE id=5958007
	Index Scan using sbtest3_pkey on sbtest3  (cost=0.43..8.45 rows=1 width=121)
	  Index Cond: (id = 5958007)

table 4 : explain SELECT c FROM sbtest4 WHERE id=3596643
	Index Scan using sbtest4_pkey on sbtest4  (cost=0.43..8.45 rows=1 width=121)
	  Index Cond: (id = 3596643)

table 5 : explain SELECT c FROM sbtest5 WHERE id=5697487
	Index Scan using sbtest5_pkey on sbtest5  (cost=0.43..8.45 rows=1 width=121)
	  Index Cond: (id = 5697487)

table 6 : explain SELECT c FROM sbtest6 WHERE id=718291
	Index Scan using sbtest6_pkey on sbtest6  (cost=0.43..8.45 rows=1 width=121)
	  Index Cond: (id = 718291)

table 7 : explain SELECT c FROM sbtest7 WHERE id=7507691
	Index Scan using sbtest7_pkey on sbtest7  (cost=0.43..8.45 rows=1 width=121)
	  Index Cond: (id = 7507691)

table 8 : explain SELECT c FROM sbtest8 WHERE id=6208907
	Index Scan using sbtest8_pkey on sbtest8  (cost=0.43..8.45 rows=1 width=121)
	  Index Cond: (id = 6208907)

for point_selects
table 1 : explain SELECT c FROM sbtest1 WHERE id=4490503
	Index Scan using sbtest1_pkey on sbtest1  (cost=0.43..8.45 rows=1 width=121)
	  Index Cond: (id = 4490503)

table 2 : explain SELECT c FROM sbtest2 WHERE id=5133917
	Index Scan using sbtest2_pkey on sbtest2  (cost=0.43..8.45 rows=1 width=121)
	  Index Cond: (id = 5133917)

table 3 : explain SELECT c FROM sbtest3 WHERE id=4010374
	Index Scan using sbtest3_pkey on sbtest3  (cost=0.43..8.45 rows=1 width=121)
	  Index Cond: (id = 4010374)

table 4 : explain SELECT c FROM sbtest4 WHERE id=8112025
	Index Scan using sbtest4_pkey on sbtest4  (cost=0.43..8.45 rows=1 width=121)
	  Index Cond: (id = 8112025)

table 5 : explain SELECT c FROM sbtest5 WHERE id=6703713
	Index Scan using sbtest5_pkey on sbtest5  (cost=0.43..8.45 rows=1 width=121)
	  Index Cond: (id = 6703713)

table 6 : explain SELECT c FROM sbtest6 WHERE id=8687717
	Index Scan using sbtest6_pkey on sbtest6  (cost=0.43..8.45 rows=1 width=121)
	  Index Cond: (id = 8687717)

table 7 : explain SELECT c FROM sbtest7 WHERE id=999379
	Index Scan using sbtest7_pkey on sbtest7  (cost=0.43..8.45 rows=1 width=121)
	  Index Cond: (id = 999379)

table 8 : explain SELECT c FROM sbtest8 WHERE id=4871895
	Index Scan using sbtest8_pkey on sbtest8  (cost=0.43..8.45 rows=1 width=121)
	  Index Cond: (id = 4871895)

for: order_ranges
table 1 : explain SELECT c FROM sbtest1 WHERE id BETWEEN 1459781 AND 1459790 ORDER BY c
	Sort  (cost=44.00..44.03 rows=10 width=121)
	  Sort Key: c
	  ->  Index Scan using sbtest1_pkey on sbtest1  (cost=0.43..43.84 rows=10 width=121)
	        Index Cond: ((id >= 1459781) AND (id <= 1459790))

table 2 : explain SELECT c FROM sbtest2 WHERE id BETWEEN 2738857 AND 2738866 ORDER BY c
	Sort  (cost=43.99..44.02 rows=10 width=121)
	  Sort Key: c
	  ->  Index Scan using sbtest2_pkey on sbtest2  (cost=0.43..43.83 rows=10 width=121)
	        Index Cond: ((id >= 2738857) AND (id <= 2738866))

table 3 : explain SELECT c FROM sbtest3 WHERE id BETWEEN 8122195 AND 8122204 ORDER BY c
	Sort  (cost=47.87..47.90 rows=11 width=121)
	  Sort Key: c
	  ->  Index Scan using sbtest3_pkey on sbtest3  (cost=0.43..47.68 rows=11 width=121)
	        Index Cond: ((id >= 8122195) AND (id <= 8122204))

table 4 : explain SELECT c FROM sbtest4 WHERE id BETWEEN 7194368 AND 7194377 ORDER BY c
	Sort  (cost=39.96..39.99 rows=9 width=121)
	  Sort Key: c
	  ->  Index Scan using sbtest4_pkey on sbtest4  (cost=0.43..39.82 rows=9 width=121)
	        Index Cond: ((id >= 7194368) AND (id <= 7194377))

table 5 : explain SELECT c FROM sbtest5 WHERE id BETWEEN 4309596 AND 4309605 ORDER BY c
	Sort  (cost=43.91..43.93 rows=10 width=121)
	  Sort Key: c
	  ->  Index Scan using sbtest5_pkey on sbtest5  (cost=0.43..43.74 rows=10 width=121)
	        Index Cond: ((id >= 4309596) AND (id <= 4309605))

table 6 : explain SELECT c FROM sbtest6 WHERE id BETWEEN 6199882 AND 6199891 ORDER BY c
	Sort  (cost=43.75..43.78 rows=10 width=121)
	  Sort Key: c
	  ->  Index Scan using sbtest6_pkey on sbtest6  (cost=0.43..43.58 rows=10 width=121)
	        Index Cond: ((id >= 6199882) AND (id <= 6199891))

table 7 : explain SELECT c FROM sbtest7 WHERE id BETWEEN 4522105 AND 4522114 ORDER BY c
	Sort  (cost=44.04..44.06 rows=10 width=121)
	  Sort Key: c
	  ->  Index Scan using sbtest7_pkey on sbtest7  (cost=0.43..43.87 rows=10 width=121)
	        Index Cond: ((id >= 4522105) AND (id <= 4522114))

table 8 : explain SELECT c FROM sbtest8 WHERE id BETWEEN 2265738 AND 2265747 ORDER BY c
	Sort  (cost=47.89..47.92 rows=11 width=121)
	  Sort Key: c
	  ->  Index Scan using sbtest8_pkey on sbtest8  (cost=0.43..47.70 rows=11 width=121)
	        Index Cond: ((id >= 2265738) AND (id <= 2265747))

for: simple_ranges
table 1 : explain SELECT c FROM sbtest1 WHERE id BETWEEN 4242707 AND 4242716
	Index Scan using sbtest1_pkey on sbtest1  (cost=0.43..43.84 rows=10 width=121)
	  Index Cond: ((id >= 4242707) AND (id <= 4242716))

table 2 : explain SELECT c FROM sbtest2 WHERE id BETWEEN 159471 AND 159480
	Index Scan using sbtest2_pkey on sbtest2  (cost=0.43..43.83 rows=10 width=121)
	  Index Cond: ((id >= 159471) AND (id <= 159480))

table 3 : explain SELECT c FROM sbtest3 WHERE id BETWEEN 502662 AND 502671
	Index Scan using sbtest3_pkey on sbtest3  (cost=0.43..43.76 rows=10 width=121)
	  Index Cond: ((id >= 502662) AND (id <= 502671))

table 4 : explain SELECT c FROM sbtest4 WHERE id BETWEEN 9620466 AND 9620475
	Index Scan using sbtest4_pkey on sbtest4  (cost=0.43..43.74 rows=10 width=121)
	  Index Cond: ((id >= 9620466) AND (id <= 9620475))

table 5 : explain SELECT c FROM sbtest5 WHERE id BETWEEN 7412003 AND 7412012
	Index Scan using sbtest5_pkey on sbtest5  (cost=0.43..43.74 rows=10 width=121)
	  Index Cond: ((id >= 7412003) AND (id <= 7412012))

table 6 : explain SELECT c FROM sbtest6 WHERE id BETWEEN 2275103 AND 2275112
	Index Scan using sbtest6_pkey on sbtest6  (cost=0.43..43.58 rows=10 width=121)
	  Index Cond: ((id >= 2275103) AND (id <= 2275112))

table 7 : explain SELECT c FROM sbtest7 WHERE id BETWEEN 6310237 AND 6310246
	Index Scan using sbtest7_pkey on sbtest7  (cost=0.43..43.87 rows=10 width=121)
	  Index Cond: ((id >= 6310237) AND (id <= 6310246))

table 8 : explain SELECT c FROM sbtest8 WHERE id BETWEEN 7589106 AND 7589115
	Index Scan using sbtest8_pkey on sbtest8  (cost=0.43..43.78 rows=10 width=121)
	  Index Cond: ((id >= 7589106) AND (id <= 7589115))

for: order_ranges
table 1 : explain SELECT c FROM sbtest1 WHERE id BETWEEN 3583311 AND 3583320 ORDER BY c
	Sort  (cost=40.05..40.07 rows=9 width=121)
	  Sort Key: c
	  ->  Index Scan using sbtest1_pkey on sbtest1  (cost=0.43..39.91 rows=9 width=121)
	        Index Cond: ((id >= 3583311) AND (id <= 3583320))

table 2 : explain SELECT c FROM sbtest2 WHERE id BETWEEN 1928981 AND 1928990 ORDER BY c
	Sort  (cost=43.99..44.02 rows=10 width=121)
	  Sort Key: c
	  ->  Index Scan using sbtest2_pkey on sbtest2  (cost=0.43..43.83 rows=10 width=121)
	        Index Cond: ((id >= 1928981) AND (id <= 1928990))

table 3 : explain SELECT c FROM sbtest3 WHERE id BETWEEN 7021527 AND 7021536 ORDER BY c
	Sort  (cost=43.92..43.95 rows=10 width=121)
	  Sort Key: c
	  ->  Index Scan using sbtest3_pkey on sbtest3  (cost=0.43..43.76 rows=10 width=121)
	        Index Cond: ((id >= 7021527) AND (id <= 7021536))

table 4 : explain SELECT c FROM sbtest4 WHERE id BETWEEN 9963964 AND 9963973 ORDER BY c
	Sort  (cost=47.85..47.88 rows=11 width=121)
	  Sort Key: c
	  ->  Index Scan using sbtest4_pkey on sbtest4  (cost=0.43..47.66 rows=11 width=121)
	        Index Cond: ((id >= 9963964) AND (id <= 9963973))

table 5 : explain SELECT c FROM sbtest5 WHERE id BETWEEN 6057879 AND 6057888 ORDER BY c
	Sort  (cost=39.96..39.99 rows=9 width=121)
	  Sort Key: c
	  ->  Index Scan using sbtest5_pkey on sbtest5  (cost=0.43..39.82 rows=9 width=121)
	        Index Cond: ((id >= 6057879) AND (id <= 6057888))

table 6 : explain SELECT c FROM sbtest6 WHERE id BETWEEN 8550526 AND 8550535 ORDER BY c
	Sort  (cost=39.82..39.85 rows=9 width=121)
	  Sort Key: c
	  ->  Index Scan using sbtest6_pkey on sbtest6  (cost=0.43..39.68 rows=9 width=121)
	        Index Cond: ((id >= 8550526) AND (id <= 8550535))

table 7 : explain SELECT c FROM sbtest7 WHERE id BETWEEN 1116765 AND 1116774 ORDER BY c
	Sort  (cost=44.04..44.06 rows=10 width=121)
	  Sort Key: c
	  ->  Index Scan using sbtest7_pkey on sbtest7  (cost=0.43..43.87 rows=10 width=121)
	        Index Cond: ((id >= 1116765) AND (id <= 1116774))

table 8 : explain SELECT c FROM sbtest8 WHERE id BETWEEN 3329022 AND 3329031 ORDER BY c
	Sort  (cost=43.94..43.97 rows=10 width=121)
	  Sort Key: c
	  ->  Index Scan using sbtest8_pkey on sbtest8  (cost=0.43..43.78 rows=10 width=121)
	        Index Cond: ((id >= 3329022) AND (id <= 3329031))

for: order_ranges
table 1 : explain SELECT c FROM sbtest1 WHERE id BETWEEN 5326945 AND 5326954 ORDER BY c
	Sort  (cost=47.96..47.99 rows=11 width=121)
	  Sort Key: c
	  ->  Index Scan using sbtest1_pkey on sbtest1  (cost=0.43..47.77 rows=11 width=121)
	        Index Cond: ((id >= 5326945) AND (id <= 5326954))

table 2 : explain SELECT c FROM sbtest2 WHERE id BETWEEN 5142361 AND 5142370 ORDER BY c
	Sort  (cost=43.99..44.02 rows=10 width=121)
	  Sort Key: c
	  ->  Index Scan using sbtest2_pkey on sbtest2  (cost=0.43..43.83 rows=10 width=121)
	        Index Cond: ((id >= 5142361) AND (id <= 5142370))

table 3 : explain SELECT c FROM sbtest3 WHERE id BETWEEN 9600709 AND 9600718 ORDER BY c
	Sort  (cost=43.92..43.95 rows=10 width=121)
	  Sort Key: c
	  ->  Index Scan using sbtest3_pkey on sbtest3  (cost=0.43..43.76 rows=10 width=121)
	        Index Cond: ((id >= 9600709) AND (id <= 9600718))

table 4 : explain SELECT c FROM sbtest4 WHERE id BETWEEN 9581237 AND 9581246 ORDER BY c
	Sort  (cost=43.91..43.93 rows=10 width=121)
	  Sort Key: c
	  ->  Index Scan using sbtest4_pkey on sbtest4  (cost=0.43..43.74 rows=10 width=121)
	        Index Cond: ((id >= 9581237) AND (id <= 9581246))

table 5 : explain SELECT c FROM sbtest5 WHERE id BETWEEN 3247096 AND 3247105 ORDER BY c
	Sort  (cost=43.91..43.93 rows=10 width=121)
	  Sort Key: c
	  ->  Index Scan using sbtest5_pkey on sbtest5  (cost=0.43..43.74 rows=10 width=121)
	        Index Cond: ((id >= 3247096) AND (id <= 3247105))

table 6 : explain SELECT c FROM sbtest6 WHERE id BETWEEN 262807 AND 262816 ORDER BY c
	Sort  (cost=47.68..47.71 rows=11 width=121)
	  Sort Key: c
	  ->  Index Scan using sbtest6_pkey on sbtest6  (cost=0.43..47.49 rows=11 width=121)
	        Index Cond: ((id >= 262807) AND (id <= 262816))

table 7 : explain SELECT c FROM sbtest7 WHERE id BETWEEN 6411905 AND 6411914 ORDER BY c
	Sort  (cost=44.04..44.06 rows=10 width=121)
	  Sort Key: c
	  ->  Index Scan using sbtest7_pkey on sbtest7  (cost=0.43..43.87 rows=10 width=121)
	        Index Cond: ((id >= 6411905) AND (id <= 6411914))

table 8 : explain SELECT c FROM sbtest8 WHERE id BETWEEN 2453448 AND 2453457 ORDER BY c
	Sort  (cost=47.89..47.92 rows=11 width=121)
	  Sort Key: c
	  ->  Index Scan using sbtest8_pkey on sbtest8  (cost=0.43..47.70 rows=11 width=121)
	        Index Cond: ((id >= 2453448) AND (id <= 2453457))

for: sum_ranges
table 1 : explain SELECT SUM(k) FROM sbtest1 WHERE id BETWEEN 9587728 AND 9587737
	Aggregate  (cost=39.93..39.94 rows=1 width=8)
	  ->  Index Scan using sbtest1_pkey on sbtest1  (cost=0.43..39.91 rows=9 width=4)
	        Index Cond: ((id >= 9587728) AND (id <= 9587737))

table 2 : explain SELECT SUM(k) FROM sbtest2 WHERE id BETWEEN 1779786 AND 1779795
	Aggregate  (cost=43.85..43.86 rows=1 width=8)
	  ->  Index Scan using sbtest2_pkey on sbtest2  (cost=0.43..43.83 rows=10 width=4)
	        Index Cond: ((id >= 1779786) AND (id <= 1779795))

table 3 : explain SELECT SUM(k) FROM sbtest3 WHERE id BETWEEN 4744855 AND 4744864
	Aggregate  (cost=43.78..43.79 rows=1 width=8)
	  ->  Index Scan using sbtest3_pkey on sbtest3  (cost=0.43..43.76 rows=10 width=4)
	        Index Cond: ((id >= 4744855) AND (id <= 4744864))

table 4 : explain SELECT SUM(k) FROM sbtest4 WHERE id BETWEEN 2688959 AND 2688968
	Aggregate  (cost=47.69..47.70 rows=1 width=8)
	  ->  Index Scan using sbtest4_pkey on sbtest4  (cost=0.43..47.66 rows=11 width=4)
	        Index Cond: ((id >= 2688959) AND (id <= 2688968))

table 5 : explain SELECT SUM(k) FROM sbtest5 WHERE id BETWEEN 8971658 AND 8971667
	Aggregate  (cost=39.84..39.85 rows=1 width=8)
	  ->  Index Scan using sbtest5_pkey on sbtest5  (cost=0.43..39.82 rows=9 width=4)
	        Index Cond: ((id >= 8971658) AND (id <= 8971667))

table 6 : explain SELECT SUM(k) FROM sbtest6 WHERE id BETWEEN 5093113 AND 5093122
	Aggregate  (cost=43.61..43.62 rows=1 width=8)
	  ->  Index Scan using sbtest6_pkey on sbtest6  (cost=0.43..43.58 rows=10 width=4)
	        Index Cond: ((id >= 5093113) AND (id <= 5093122))

table 7 : explain SELECT SUM(k) FROM sbtest7 WHERE id BETWEEN 5997872 AND 5997881
	Aggregate  (cost=43.90..43.91 rows=1 width=8)
	  ->  Index Scan using sbtest7_pkey on sbtest7  (cost=0.43..43.87 rows=10 width=4)
	        Index Cond: ((id >= 5997872) AND (id <= 5997881))

table 8 : explain SELECT SUM(k) FROM sbtest8 WHERE id BETWEEN 6219227 AND 6219236
	Aggregate  (cost=43.80..43.81 rows=1 width=8)
	  ->  Index Scan using sbtest8_pkey on sbtest8  (cost=0.43..43.78 rows=10 width=4)
	        Index Cond: ((id >= 6219227) AND (id <= 6219236))
for: order_ranges
table 1 : explain SELECT c FROM sbtest1 WHERE id BETWEEN 3721527 AND 3721536 ORDER BY c
	Sort  (cost=44.00..44.03 rows=10 width=121)
	  Sort Key: c
	  ->  Index Scan using sbtest1_pkey on sbtest1  (cost=0.43..43.84 rows=10 width=121)
	        Index Cond: ((id >= 3721527) AND (id <= 3721536))

table 2 : explain SELECT c FROM sbtest2 WHERE id BETWEEN 6097677 AND 6097686 ORDER BY c
	Sort  (cost=43.99..44.02 rows=10 width=121)
	  Sort Key: c
	  ->  Index Scan using sbtest2_pkey on sbtest2  (cost=0.43..43.83 rows=10 width=121)
	        Index Cond: ((id >= 6097677) AND (id <= 6097686))

table 3 : explain SELECT c FROM sbtest3 WHERE id BETWEEN 7738909 AND 7738918 ORDER BY c
	Sort  (cost=43.92..43.95 rows=10 width=121)
	  Sort Key: c
	  ->  Index Scan using sbtest3_pkey on sbtest3  (cost=0.43..43.76 rows=10 width=121)
	        Index Cond: ((id >= 7738909) AND (id <= 7738918))

table 4 : explain SELECT c FROM sbtest4 WHERE id BETWEEN 2636470 AND 2636479 ORDER BY c
	Sort  (cost=47.85..47.88 rows=11 width=121)
	  Sort Key: c
	  ->  Index Scan using sbtest4_pkey on sbtest4  (cost=0.43..47.66 rows=11 width=121)
	        Index Cond: ((id >= 2636470) AND (id <= 2636479))

table 5 : explain SELECT c FROM sbtest5 WHERE id BETWEEN 5930407 AND 5930416 ORDER BY c
	Sort  (cost=43.91..43.93 rows=10 width=121)
	  Sort Key: c
	  ->  Index Scan using sbtest5_pkey on sbtest5  (cost=0.43..43.74 rows=10 width=121)
	        Index Cond: ((id >= 5930407) AND (id <= 5930416))

table 6 : explain SELECT c FROM sbtest6 WHERE id BETWEEN 7369925 AND 7369934 ORDER BY c
	Sort  (cost=43.75..43.78 rows=10 width=121)
	  Sort Key: c
	  ->  Index Scan using sbtest6_pkey on sbtest6  (cost=0.43..43.58 rows=10 width=121)
	        Index Cond: ((id >= 7369925) AND (id <= 7369934))

table 7 : explain SELECT c FROM sbtest7 WHERE id BETWEEN 1495013 AND 1495022 ORDER BY c
	Sort  (cost=44.04..44.06 rows=10 width=121)
	  Sort Key: c
	  ->  Index Scan using sbtest7_pkey on sbtest7  (cost=0.43..43.87 rows=10 width=121)
	        Index Cond: ((id >= 1495013) AND (id <= 1495022))

table 8 : explain SELECT c FROM sbtest8 WHERE id BETWEEN 3977129 AND 3977138 ORDER BY c
	Sort  (cost=43.94..43.97 rows=10 width=121)
	  Sort Key: c
	  ->  Index Scan using sbtest8_pkey on sbtest8  (cost=0.43..43.78 rows=10 width=121)
	        Index Cond: ((id >= 3977129) AND (id <= 3977138))


for: simple_ranges
table 1 : explain SELECT c FROM sbtest1 WHERE id BETWEEN 9420118 AND 9420127
	Index Scan using sbtest1_pkey on sbtest1  (cost=0.43..43.84 rows=10 width=121)
	  Index Cond: ((id >= 9420118) AND (id <= 9420127))

table 2 : explain SELECT c FROM sbtest2 WHERE id BETWEEN 7009586 AND 7009595
	Index Scan using sbtest2_pkey on sbtest2  (cost=0.43..43.83 rows=10 width=121)
	  Index Cond: ((id >= 7009586) AND (id <= 7009595))

table 3 : explain SELECT c FROM sbtest3 WHERE id BETWEEN 9043821 AND 9043830
	Index Scan using sbtest3_pkey on sbtest3  (cost=0.43..43.76 rows=10 width=121)
	  Index Cond: ((id >= 9043821) AND (id <= 9043830))

table 4 : explain SELECT c FROM sbtest4 WHERE id BETWEEN 3837137 AND 3837146
	Index Scan using sbtest4_pkey on sbtest4  (cost=0.43..39.82 rows=9 width=121)
	  Index Cond: ((id >= 3837137) AND (id <= 3837146))

table 5 : explain SELECT c FROM sbtest5 WHERE id BETWEEN 1965431 AND 1965440
	Index Scan using sbtest5_pkey on sbtest5  (cost=0.43..43.74 rows=10 width=121)
	  Index Cond: ((id >= 1965431) AND (id <= 1965440))

table 6 : explain SELECT c FROM sbtest6 WHERE id BETWEEN 7653393 AND 7653402
	Index Scan using sbtest6_pkey on sbtest6  (cost=0.43..47.49 rows=11 width=121)
	  Index Cond: ((id >= 7653393) AND (id <= 7653402))

table 7 : explain SELECT c FROM sbtest7 WHERE id BETWEEN 6859608 AND 6859617
	Index Scan using sbtest7_pkey on sbtest7  (cost=0.43..43.87 rows=10 width=121)
	  Index Cond: ((id >= 6859608) AND (id <= 6859617))

table 8 : explain SELECT c FROM sbtest8 WHERE id BETWEEN 6256097 AND 6256106
	Index Scan using sbtest8_pkey on sbtest8  (cost=0.43..39.85 rows=9 width=121)
	  Index Cond: ((id >= 6256097) AND (id <= 6256106))

for point_selects
table 1 : explain SELECT c FROM sbtest1 WHERE id=9891059
	Index Scan using sbtest1_pkey on sbtest1  (cost=0.43..8.45 rows=1 width=121)
	  Index Cond: (id = 9891059)

table 2 : explain SELECT c FROM sbtest2 WHERE id=6476580
	Index Scan using sbtest2_pkey on sbtest2  (cost=0.43..8.45 rows=1 width=121)
	  Index Cond: (id = 6476580)

table 3 : explain SELECT c FROM sbtest3 WHERE id=7221219
	Index Scan using sbtest3_pkey on sbtest3  (cost=0.43..8.45 rows=1 width=121)
	  Index Cond: (id = 7221219)

table 4 : explain SELECT c FROM sbtest4 WHERE id=4774863
	Index Scan using sbtest4_pkey on sbtest4  (cost=0.43..8.45 rows=1 width=121)
	  Index Cond: (id = 4774863)

table 5 : explain SELECT c FROM sbtest5 WHERE id=8636648
	Index Scan using sbtest5_pkey on sbtest5  (cost=0.43..8.45 rows=1 width=121)
	  Index Cond: (id = 8636648)

table 6 : explain SELECT c FROM sbtest6 WHERE id=2431834
	Index Scan using sbtest6_pkey on sbtest6  (cost=0.43..8.45 rows=1 width=121)
	  Index Cond: (id = 2431834)

table 7 : explain SELECT c FROM sbtest7 WHERE id=343717
	Index Scan using sbtest7_pkey on sbtest7  (cost=0.43..8.45 rows=1 width=121)
	  Index Cond: (id = 343717)

table 8 : explain SELECT c FROM sbtest8 WHERE id=4545829
	Index Scan using sbtest8_pkey on sbtest8  (cost=0.43..8.45 rows=1 width=121)
	  Index Cond: (id = 4545829)

for: order_ranges
table 1 : explain SELECT c FROM sbtest1 WHERE id BETWEEN 5888029 AND 5888038 ORDER BY c
	Sort  (cost=47.96..47.99 rows=11 width=121)
	  Sort Key: c
	  ->  Index Scan using sbtest1_pkey on sbtest1  (cost=0.43..47.77 rows=11 width=121)
	        Index Cond: ((id >= 5888029) AND (id <= 5888038))

table 2 : explain SELECT c FROM sbtest2 WHERE id BETWEEN 2937160 AND 2937169 ORDER BY c
	Sort  (cost=43.99..44.02 rows=10 width=121)
	  Sort Key: c
	  ->  Index Scan using sbtest2_pkey on sbtest2  (cost=0.43..43.83 rows=10 width=121)
	        Index Cond: ((id >= 2937160) AND (id <= 2937169))

table 3 : explain SELECT c FROM sbtest3 WHERE id BETWEEN 4304529 AND 4304538 ORDER BY c
	Sort  (cost=43.92..43.95 rows=10 width=121)
	  Sort Key: c
	  ->  Index Scan using sbtest3_pkey on sbtest3  (cost=0.43..43.76 rows=10 width=121)
	        Index Cond: ((id >= 4304529) AND (id <= 4304538))

table 4 : explain SELECT c FROM sbtest4 WHERE id BETWEEN 8992306 AND 8992315 ORDER BY c
	Sort  (cost=43.91..43.93 rows=10 width=121)
	  Sort Key: c
	  ->  Index Scan using sbtest4_pkey on sbtest4  (cost=0.43..43.74 rows=10 width=121)
	        Index Cond: ((id >= 8992306) AND (id <= 8992315))

table 5 : explain SELECT c FROM sbtest5 WHERE id BETWEEN 8367979 AND 8367988 ORDER BY c
	Sort  (cost=43.91..43.93 rows=10 width=121)
	  Sort Key: c
	  ->  Index Scan using sbtest5_pkey on sbtest5  (cost=0.43..43.74 rows=10 width=121)
	        Index Cond: ((id >= 8367979) AND (id <= 8367988))

table 6 : explain SELECT c FROM sbtest6 WHERE id BETWEEN 1397211 AND 1397220 ORDER BY c
	Sort  (cost=43.75..43.78 rows=10 width=121)
	  Sort Key: c
	  ->  Index Scan using sbtest6_pkey on sbtest6  (cost=0.43..43.58 rows=10 width=121)
	        Index Cond: ((id >= 1397211) AND (id <= 1397220))

table 7 : explain SELECT c FROM sbtest7 WHERE id BETWEEN 2014807 AND 2014816 ORDER BY c
	Sort  (cost=44.04..44.06 rows=10 width=121)
	  Sort Key: c
	  ->  Index Scan using sbtest7_pkey on sbtest7  (cost=0.43..43.87 rows=10 width=121)
	        Index Cond: ((id >= 2014807) AND (id <= 2014816))

table 8 : explain SELECT c FROM sbtest8 WHERE id BETWEEN 4108251 AND 4108260 ORDER BY c
	Sort  (cost=43.94..43.97 rows=10 width=121)
	  Sort Key: c
	  ->  Index Scan using sbtest8_pkey on sbtest8  (cost=0.43..43.78 rows=10 width=121)
	        Index Cond: ((id >= 4108251) AND (id <= 4108260))

for: simple_ranges
table 1 : explain SELECT c FROM sbtest1 WHERE id BETWEEN 2505795 AND 2505804
	Index Scan using sbtest1_pkey on sbtest1  (cost=0.43..43.84 rows=10 width=121)
	  Index Cond: ((id >= 2505795) AND (id <= 2505804))

table 2 : explain SELECT c FROM sbtest2 WHERE id BETWEEN 7891181 AND 7891190
	Index Scan using sbtest2_pkey on sbtest2  (cost=0.43..43.83 rows=10 width=121)
	  Index Cond: ((id >= 7891181) AND (id <= 7891190))

table 3 : explain SELECT c FROM sbtest3 WHERE id BETWEEN 3934010 AND 3934019
	Index Scan using sbtest3_pkey on sbtest3  (cost=0.43..43.76 rows=10 width=121)
	  Index Cond: ((id >= 3934010) AND (id <= 3934019))

table 4 : explain SELECT c FROM sbtest4 WHERE id BETWEEN 4213036 AND 4213045
	Index Scan using sbtest4_pkey on sbtest4  (cost=0.43..39.82 rows=9 width=121)
	  Index Cond: ((id >= 4213036) AND (id <= 4213045))

table 5 : explain SELECT c FROM sbtest5 WHERE id BETWEEN 1059387 AND 1059396
	Index Scan using sbtest5_pkey on sbtest5  (cost=0.43..43.74 rows=10 width=121)
	  Index Cond: ((id >= 1059387) AND (id <= 1059396))

table 6 : explain SELECT c FROM sbtest6 WHERE id BETWEEN 6770472 AND 6770481
	Index Scan using sbtest6_pkey on sbtest6  (cost=0.43..47.49 rows=11 width=121)
	  Index Cond: ((id >= 6770472) AND (id <= 6770481))

table 7 : explain SELECT c FROM sbtest7 WHERE id BETWEEN 7948204 AND 7948213
	Index Scan using sbtest7_pkey on sbtest7  (cost=0.43..39.94 rows=9 width=121)
	  Index Cond: ((id >= 7948204) AND (id <= 7948213))

table 8 : explain SELECT c FROM sbtest8 WHERE id BETWEEN 6648417 AND 6648426
	Index Scan using sbtest8_pkey on sbtest8  (cost=0.43..39.85 rows=9 width=121)
	  Index Cond: ((id >= 6648417) AND (id <= 6648426))

for: order_ranges
table 1 : explain SELECT c FROM sbtest1 WHERE id BETWEEN 3205396 AND 3205405 ORDER BY c
	Sort  (cost=44.00..44.03 rows=10 width=121)
	  Sort Key: c
	  ->  Index Scan using sbtest1_pkey on sbtest1  (cost=0.43..43.84 rows=10 width=121)
	        Index Cond: ((id >= 3205396) AND (id <= 3205405))

table 2 : explain SELECT c FROM sbtest2 WHERE id BETWEEN 9213445 AND 9213454 ORDER BY c
	Sort  (cost=43.99..44.02 rows=10 width=121)
	  Sort Key: c
	  ->  Index Scan using sbtest2_pkey on sbtest2  (cost=0.43..43.83 rows=10 width=121)
	        Index Cond: ((id >= 9213445) AND (id <= 9213454))

table 3 : explain SELECT c FROM sbtest3 WHERE id BETWEEN 2089542 AND 2089551 ORDER BY c
	Sort  (cost=43.92..43.95 rows=10 width=121)
	  Sort Key: c
	  ->  Index Scan using sbtest3_pkey on sbtest3  (cost=0.43..43.76 rows=10 width=121)
	        Index Cond: ((id >= 2089542) AND (id <= 2089551))

table 4 : explain SELECT c FROM sbtest4 WHERE id BETWEEN 4028720 AND 4028729 ORDER BY c
	Sort  (cost=43.91..43.93 rows=10 width=121)
	  Sort Key: c
	  ->  Index Scan using sbtest4_pkey on sbtest4  (cost=0.43..43.74 rows=10 width=121)
	        Index Cond: ((id >= 4028720) AND (id <= 4028729))

table 5 : explain SELECT c FROM sbtest5 WHERE id BETWEEN 823983 AND 823992 ORDER BY c
	Sort  (cost=39.96..39.99 rows=9 width=121)
	  Sort Key: c
	  ->  Index Scan using sbtest5_pkey on sbtest5  (cost=0.43..39.82 rows=9 width=121)
	        Index Cond: ((id >= 823983) AND (id <= 823992))

table 6 : explain SELECT c FROM sbtest6 WHERE id BETWEEN 92559 AND 92568 ORDER BY c
	Sort  (cost=43.75..43.78 rows=10 width=121)
	  Sort Key: c
	  ->  Index Scan using sbtest6_pkey on sbtest6  (cost=0.43..43.58 rows=10 width=121)
	        Index Cond: ((id >= 92559) AND (id <= 92568))

table 7 : explain SELECT c FROM sbtest7 WHERE id BETWEEN 2899736 AND 2899745 ORDER BY c
	Sort  (cost=48.00..48.03 rows=11 width=121)
	  Sort Key: c
	  ->  Index Scan using sbtest7_pkey on sbtest7  (cost=0.43..47.81 rows=11 width=121)
	        Index Cond: ((id >= 2899736) AND (id <= 2899745))

table 8 : explain SELECT c FROM sbtest8 WHERE id BETWEEN 9939764 AND 9939773 ORDER BY c
	Sort  (cost=47.89..47.92 rows=11 width=121)
	  Sort Key: c
	  ->  Index Scan using sbtest8_pkey on sbtest8  (cost=0.43..47.70 rows=11 width=121)
	        Index Cond: ((id >= 9939764) AND (id <= 9939773))

for: order_ranges
table 1 : explain SELECT c FROM sbtest1 WHERE id BETWEEN 26137 AND 26146 ORDER BY c
	Sort  (cost=47.96..47.99 rows=11 width=121)
	  Sort Key: c
	  ->  Index Scan using sbtest1_pkey on sbtest1  (cost=0.43..47.77 rows=11 width=121)
	        Index Cond: ((id >= 26137) AND (id <= 26146))

table 2 : explain SELECT c FROM sbtest2 WHERE id BETWEEN 6304524 AND 6304533 ORDER BY c
	Sort  (cost=43.99..44.02 rows=10 width=121)
	  Sort Key: c
	  ->  Index Scan using sbtest2_pkey on sbtest2  (cost=0.43..43.83 rows=10 width=121)
	        Index Cond: ((id >= 6304524) AND (id <= 6304533))

table 3 : explain SELECT c FROM sbtest3 WHERE id BETWEEN 4555938 AND 4555947 ORDER BY c
	Sort  (cost=43.92..43.95 rows=10 width=121)
	  Sort Key: c
	  ->  Index Scan using sbtest3_pkey on sbtest3  (cost=0.43..43.76 rows=10 width=121)
	        Index Cond: ((id >= 4555938) AND (id <= 4555947))

table 4 : explain SELECT c FROM sbtest4 WHERE id BETWEEN 2048158 AND 2048167 ORDER BY c
	Sort  (cost=43.91..43.93 rows=10 width=121)
	  Sort Key: c
	  ->  Index Scan using sbtest4_pkey on sbtest4  (cost=0.43..43.74 rows=10 width=121)
	        Index Cond: ((id >= 2048158) AND (id <= 2048167))

table 5 : explain SELECT c FROM sbtest5 WHERE id BETWEEN 4930158 AND 4930167 ORDER BY c
	Sort  (cost=43.91..43.93 rows=10 width=121)
	  Sort Key: c
	  ->  Index Scan using sbtest5_pkey on sbtest5  (cost=0.43..43.74 rows=10 width=121)
	        Index Cond: ((id >= 4930158) AND (id <= 4930167))

table 6 : explain SELECT c FROM sbtest6 WHERE id BETWEEN 2869561 AND 2869570 ORDER BY c
	Sort  (cost=43.75..43.78 rows=10 width=121)
	  Sort Key: c
	  ->  Index Scan using sbtest6_pkey on sbtest6  (cost=0.43..43.58 rows=10 width=121)
	        Index Cond: ((id >= 2869561) AND (id <= 2869570))

table 7 : explain SELECT c FROM sbtest7 WHERE id BETWEEN 9324539 AND 9324548 ORDER BY c
	Sort  (cost=48.00..48.03 rows=11 width=121)
	  Sort Key: c
	  ->  Index Scan using sbtest7_pkey on sbtest7  (cost=0.43..47.81 rows=11 width=121)
	        Index Cond: ((id >= 9324539) AND (id <= 9324548))

table 8 : explain SELECT c FROM sbtest8 WHERE id BETWEEN 3432147 AND 3432156 ORDER BY c
	Sort  (cost=39.99..40.02 rows=9 width=121)
	  Sort Key: c
	  ->  Index Scan using sbtest8_pkey on sbtest8  (cost=0.43..39.85 rows=9 width=121)
	        Index Cond: ((id >= 3432147) AND (id <= 3432156))

for: order_ranges
table 1 : explain SELECT c FROM sbtest1 WHERE id BETWEEN 8482439 AND 8482448 ORDER BY c
	Sort  (cost=44.00..44.03 rows=10 width=121)
	  Sort Key: c
	  ->  Index Scan using sbtest1_pkey on sbtest1  (cost=0.43..43.84 rows=10 width=121)
	        Index Cond: ((id >= 8482439) AND (id <= 8482448))

table 2 : explain SELECT c FROM sbtest2 WHERE id BETWEEN 7767089 AND 7767098 ORDER BY c
	Sort  (cost=43.99..44.02 rows=10 width=121)
	  Sort Key: c
	  ->  Index Scan using sbtest2_pkey on sbtest2  (cost=0.43..43.83 rows=10 width=121)
	        Index Cond: ((id >= 7767089) AND (id <= 7767098))

table 3 : explain SELECT c FROM sbtest3 WHERE id BETWEEN 78574 AND 78583 ORDER BY c
	Sort  (cost=47.87..47.90 rows=11 width=121)
	  Sort Key: c
	  ->  Index Scan using sbtest3_pkey on sbtest3  (cost=0.43..47.68 rows=11 width=121)
	        Index Cond: ((id >= 78574) AND (id <= 78583))

table 4 : explain SELECT c FROM sbtest4 WHERE id BETWEEN 9355816 AND 9355825 ORDER BY c
	Sort  (cost=43.91..43.93 rows=10 width=121)
	  Sort Key: c
	  ->  Index Scan using sbtest4_pkey on sbtest4  (cost=0.43..43.74 rows=10 width=121)
	        Index Cond: ((id >= 9355816) AND (id <= 9355825))

table 5 : explain SELECT c FROM sbtest5 WHERE id BETWEEN 9318485 AND 9318494 ORDER BY c
	Sort  (cost=43.91..43.93 rows=10 width=121)
	  Sort Key: c
	  ->  Index Scan using sbtest5_pkey on sbtest5  (cost=0.43..43.74 rows=10 width=121)
	        Index Cond: ((id >= 9318485) AND (id <= 9318494))

table 6 : explain SELECT c FROM sbtest6 WHERE id BETWEEN 8620732 AND 8620741 ORDER BY c
	Sort  (cost=43.75..43.78 rows=10 width=121)
	  Sort Key: c
	  ->  Index Scan using sbtest6_pkey on sbtest6  (cost=0.43..43.58 rows=10 width=121)
	        Index Cond: ((id >= 8620732) AND (id <= 8620741))

table 7 : explain SELECT c FROM sbtest7 WHERE id BETWEEN 6954007 AND 6954016 ORDER BY c
	Sort  (cost=44.04..44.06 rows=10 width=121)
	  Sort Key: c
	  ->  Index Scan using sbtest7_pkey on sbtest7  (cost=0.43..43.87 rows=10 width=121)
	        Index Cond: ((id >= 6954007) AND (id <= 6954016))

table 8 : explain SELECT c FROM sbtest8 WHERE id BETWEEN 7335001 AND 7335010 ORDER BY c
	Sort  (cost=47.89..47.92 rows=11 width=121)
	  Sort Key: c
	  ->  Index Scan using sbtest8_pkey on sbtest8  (cost=0.43..47.70 rows=11 width=121)
	        Index Cond: ((id >= 7335001) AND (id <= 7335010))

for: sum_ranges
table 1 : explain SELECT SUM(k) FROM sbtest1 WHERE id BETWEEN 4853419 AND 4853428
	Aggregate  (cost=43.86..43.87 rows=1 width=8)
	  ->  Index Scan using sbtest1_pkey on sbtest1  (cost=0.43..43.84 rows=10 width=4)
	        Index Cond: ((id >= 4853419) AND (id <= 4853428))

table 2 : explain SELECT SUM(k) FROM sbtest2 WHERE id BETWEEN 4519610 AND 4519619
	Aggregate  (cost=43.85..43.86 rows=1 width=8)
	  ->  Index Scan using sbtest2_pkey on sbtest2  (cost=0.43..43.83 rows=10 width=4)
	        Index Cond: ((id >= 4519610) AND (id <= 4519619))

table 3 : explain SELECT SUM(k) FROM sbtest3 WHERE id BETWEEN 5429896 AND 5429905
	Aggregate  (cost=39.86..39.87 rows=1 width=8)
	  ->  Index Scan using sbtest3_pkey on sbtest3  (cost=0.43..39.84 rows=9 width=4)
	        Index Cond: ((id >= 5429896) AND (id <= 5429905))

table 4 : explain SELECT SUM(k) FROM sbtest4 WHERE id BETWEEN 9912453 AND 9912462
	Aggregate  (cost=47.69..47.70 rows=1 width=8)
	  ->  Index Scan using sbtest4_pkey on sbtest4  (cost=0.43..47.66 rows=11 width=4)
	        Index Cond: ((id >= 9912453) AND (id <= 9912462))

table 5 : explain SELECT SUM(k) FROM sbtest5 WHERE id BETWEEN 7704206 AND 7704215
	Aggregate  (cost=39.84..39.85 rows=1 width=8)
	  ->  Index Scan using sbtest5_pkey on sbtest5  (cost=0.43..39.82 rows=9 width=4)
	        Index Cond: ((id >= 7704206) AND (id <= 7704215))

table 6 : explain SELECT SUM(k) FROM sbtest6 WHERE id BETWEEN 3218543 AND 3218552
	Aggregate  (cost=47.52..47.53 rows=1 width=8)
	  ->  Index Scan using sbtest6_pkey on sbtest6  (cost=0.43..47.49 rows=11 width=4)
	        Index Cond: ((id >= 3218543) AND (id <= 3218552))

table 7 : explain SELECT SUM(k) FROM sbtest7 WHERE id BETWEEN 2435126 AND 2435135
	Aggregate  (cost=43.90..43.91 rows=1 width=8)
	  ->  Index Scan using sbtest7_pkey on sbtest7  (cost=0.43..43.87 rows=10 width=4)
	        Index Cond: ((id >= 2435126) AND (id <= 2435135))

table 8 : explain SELECT SUM(k) FROM sbtest8 WHERE id BETWEEN 3372587 AND 3372596
	Aggregate  (cost=39.87..39.88 rows=1 width=8)
	  ->  Index Scan using sbtest8_pkey on sbtest8  (cost=0.43..39.85 rows=9 width=4)
	        Index Cond: ((id >= 3372587) AND (id <= 3372596))

for: sum_ranges
table 1 : explain SELECT SUM(k) FROM sbtest1 WHERE id BETWEEN 5526041 AND 5526050
	Aggregate  (cost=47.80..47.81 rows=1 width=8)
	  ->  Index Scan using sbtest1_pkey on sbtest1  (cost=0.43..47.77 rows=11 width=4)
	        Index Cond: ((id >= 5526041) AND (id <= 5526050))

table 2 : explain SELECT SUM(k) FROM sbtest2 WHERE id BETWEEN 5022813 AND 5022822
	Aggregate  (cost=43.85..43.86 rows=1 width=8)
	  ->  Index Scan using sbtest2_pkey on sbtest2  (cost=0.43..43.83 rows=10 width=4)
	        Index Cond: ((id >= 5022813) AND (id <= 5022822))

table 3 : explain SELECT SUM(k) FROM sbtest3 WHERE id BETWEEN 8838237 AND 8838246
	Aggregate  (cost=43.78..43.79 rows=1 width=8)
	  ->  Index Scan using sbtest3_pkey on sbtest3  (cost=0.43..43.76 rows=10 width=4)
	        Index Cond: ((id >= 8838237) AND (id <= 8838246))

table 4 : explain SELECT SUM(k) FROM sbtest4 WHERE id BETWEEN 6434411 AND 6434420
	Aggregate  (cost=47.69..47.70 rows=1 width=8)
	  ->  Index Scan using sbtest4_pkey on sbtest4  (cost=0.43..47.66 rows=11 width=4)
	        Index Cond: ((id >= 6434411) AND (id <= 6434420))

table 5 : explain SELECT SUM(k) FROM sbtest5 WHERE id BETWEEN 8037199 AND 8037208
	Aggregate  (cost=43.77..43.78 rows=1 width=8)
	  ->  Index Scan using sbtest5_pkey on sbtest5  (cost=0.43..43.74 rows=10 width=4)
	        Index Cond: ((id >= 8037199) AND (id <= 8037208))

table 6 : explain SELECT SUM(k) FROM sbtest6 WHERE id BETWEEN 155035 AND 155044
	Aggregate  (cost=43.61..43.62 rows=1 width=8)
	  ->  Index Scan using sbtest6_pkey on sbtest6  (cost=0.43..43.58 rows=10 width=4)
	        Index Cond: ((id >= 155035) AND (id <= 155044))

table 7 : explain SELECT SUM(k) FROM sbtest7 WHERE id BETWEEN 5161218 AND 5161227
	Aggregate  (cost=39.96..39.97 rows=1 width=8)
	  ->  Index Scan using sbtest7_pkey on sbtest7  (cost=0.43..39.94 rows=9 width=4)
	        Index Cond: ((id >= 5161218) AND (id <= 5161227))

table 8 : explain SELECT SUM(k) FROM sbtest8 WHERE id BETWEEN 5856488 AND 5856497
	Aggregate  (cost=43.80..43.81 rows=1 width=8)
	  ->  Index Scan using sbtest8_pkey on sbtest8  (cost=0.43..43.78 rows=10 width=4)
	        Index Cond: ((id >= 5856488) AND (id <= 5856497))

for: simple_ranges
table 1 : explain SELECT c FROM sbtest1 WHERE id BETWEEN 4891226 AND 4891235
	Index Scan using sbtest1_pkey on sbtest1  (cost=0.43..39.91 rows=9 width=121)
	  Index Cond: ((id >= 4891226) AND (id <= 4891235))

table 2 : explain SELECT c FROM sbtest2 WHERE id BETWEEN 7562679 AND 7562688
	Index Scan using sbtest2_pkey on sbtest2  (cost=0.43..43.83 rows=10 width=121)
	  Index Cond: ((id >= 7562679) AND (id <= 7562688))

table 3 : explain SELECT c FROM sbtest3 WHERE id BETWEEN 3002544 AND 3002553
	Index Scan using sbtest3_pkey on sbtest3  (cost=0.43..47.68 rows=11 width=121)
	  Index Cond: ((id >= 3002544) AND (id <= 3002553))

table 4 : explain SELECT c FROM sbtest4 WHERE id BETWEEN 7862264 AND 7862273
	Index Scan using sbtest4_pkey on sbtest4  (cost=0.43..43.74 rows=10 width=121)
	  Index Cond: ((id >= 7862264) AND (id <= 7862273))

table 5 : explain SELECT c FROM sbtest5 WHERE id BETWEEN 2222921 AND 2222930
	Index Scan using sbtest5_pkey on sbtest5  (cost=0.43..47.66 rows=11 width=121)
	  Index Cond: ((id >= 2222921) AND (id <= 2222930))

table 6 : explain SELECT c FROM sbtest6 WHERE id BETWEEN 3553492 AND 3553501
	Index Scan using sbtest6_pkey on sbtest6  (cost=0.43..43.58 rows=10 width=121)
	  Index Cond: ((id >= 3553492) AND (id <= 3553501))

table 7 : explain SELECT c FROM sbtest7 WHERE id BETWEEN 312611 AND 312620
	Index Scan using sbtest7_pkey on sbtest7  (cost=0.43..39.94 rows=9 width=121)
	  Index Cond: ((id >= 312611) AND (id <= 312620))

table 8 : explain SELECT c FROM sbtest8 WHERE id BETWEEN 6650557 AND 6650566
	Index Scan using sbtest8_pkey on sbtest8  (cost=0.43..39.85 rows=9 width=121)
	  Index Cond: ((id >= 6650557) AND (id <= 6650566))

for: sum_ranges
table 1 : explain SELECT SUM(k) FROM sbtest1 WHERE id BETWEEN 3457043 AND 3457052
	Aggregate  (cost=43.86..43.87 rows=1 width=8)
	  ->  Index Scan using sbtest1_pkey on sbtest1  (cost=0.43..43.84 rows=10 width=4)
	        Index Cond: ((id >= 3457043) AND (id <= 3457052))

table 2 : explain SELECT SUM(k) FROM sbtest2 WHERE id BETWEEN 1776319 AND 1776328
	Aggregate  (cost=43.85..43.86 rows=1 width=8)
	  ->  Index Scan using sbtest2_pkey on sbtest2  (cost=0.43..43.83 rows=10 width=4)
	        Index Cond: ((id >= 1776319) AND (id <= 1776328))

table 3 : explain SELECT SUM(k) FROM sbtest3 WHERE id BETWEEN 2736238 AND 2736247
	Aggregate  (cost=43.78..43.79 rows=1 width=8)
	  ->  Index Scan using sbtest3_pkey on sbtest3  (cost=0.43..43.76 rows=10 width=4)
	        Index Cond: ((id >= 2736238) AND (id <= 2736247))

table 4 : explain SELECT SUM(k) FROM sbtest4 WHERE id BETWEEN 5345313 AND 5345322
	Aggregate  (cost=43.77..43.78 rows=1 width=8)
	  ->  Index Scan using sbtest4_pkey on sbtest4  (cost=0.43..43.74 rows=10 width=4)
	        Index Cond: ((id >= 5345313) AND (id <= 5345322))

table 5 : explain SELECT SUM(k) FROM sbtest5 WHERE id BETWEEN 2777931 AND 2777940
	Aggregate  (cost=43.77..43.78 rows=1 width=8)
	  ->  Index Scan using sbtest5_pkey on sbtest5  (cost=0.43..43.74 rows=10 width=4)
	        Index Cond: ((id >= 2777931) AND (id <= 2777940))

table 6 : explain SELECT SUM(k) FROM sbtest6 WHERE id BETWEEN 1416509 AND 1416518
	Aggregate  (cost=43.61..43.62 rows=1 width=8)
	  ->  Index Scan using sbtest6_pkey on sbtest6  (cost=0.43..43.58 rows=10 width=4)
	        Index Cond: ((id >= 1416509) AND (id <= 1416518))

table 7 : explain SELECT SUM(k) FROM sbtest7 WHERE id BETWEEN 7189450 AND 7189459
	Aggregate  (cost=47.84..47.85 rows=1 width=8)
	  ->  Index Scan using sbtest7_pkey on sbtest7  (cost=0.43..47.81 rows=11 width=4)
	        Index Cond: ((id >= 7189450) AND (id <= 7189459))

table 8 : explain SELECT SUM(k) FROM sbtest8 WHERE id BETWEEN 817486 AND 817495
	Aggregate  (cost=39.87..39.88 rows=1 width=8)
	  ->  Index Scan using sbtest8_pkey on sbtest8  (cost=0.43..39.85 rows=9 width=4)
	        Index Cond: ((id >= 817486) AND (id <= 817495))

for: sum_ranges
table 1 : explain SELECT SUM(k) FROM sbtest1 WHERE id BETWEEN 1766373 AND 1766382
	Aggregate  (cost=43.86..43.87 rows=1 width=8)
	  ->  Index Scan using sbtest1_pkey on sbtest1  (cost=0.43..43.84 rows=10 width=4)
	        Index Cond: ((id >= 1766373) AND (id <= 1766382))

table 2 : explain SELECT SUM(k) FROM sbtest2 WHERE id BETWEEN 8458426 AND 8458435
	Aggregate  (cost=43.85..43.86 rows=1 width=8)
	  ->  Index Scan using sbtest2_pkey on sbtest2  (cost=0.43..43.83 rows=10 width=4)
	        Index Cond: ((id >= 8458426) AND (id <= 8458435))

table 3 : explain SELECT SUM(k) FROM sbtest3 WHERE id BETWEEN 6231078 AND 6231087
	Aggregate  (cost=43.78..43.79 rows=1 width=8)
	  ->  Index Scan using sbtest3_pkey on sbtest3  (cost=0.43..43.76 rows=10 width=4)
	        Index Cond: ((id >= 6231078) AND (id <= 6231087))

table 4 : explain SELECT SUM(k) FROM sbtest4 WHERE id BETWEEN 7097212 AND 7097221
	Aggregate  (cost=43.77..43.78 rows=1 width=8)
	  ->  Index Scan using sbtest4_pkey on sbtest4  (cost=0.43..43.74 rows=10 width=4)
	        Index Cond: ((id >= 7097212) AND (id <= 7097221))

table 5 : explain SELECT SUM(k) FROM sbtest5 WHERE id BETWEEN 989254 AND 989263
	Aggregate  (cost=43.77..43.78 rows=1 width=8)
	  ->  Index Scan using sbtest5_pkey on sbtest5  (cost=0.43..43.74 rows=10 width=4)
	        Index Cond: ((id >= 989254) AND (id <= 989263))

table 6 : explain SELECT SUM(k) FROM sbtest6 WHERE id BETWEEN 2206622 AND 2206631
	Aggregate  (cost=43.61..43.62 rows=1 width=8)
	  ->  Index Scan using sbtest6_pkey on sbtest6  (cost=0.43..43.58 rows=10 width=4)
	        Index Cond: ((id >= 2206622) AND (id <= 2206631))

table 7 : explain SELECT SUM(k) FROM sbtest7 WHERE id BETWEEN 813564 AND 813573
	Aggregate  (cost=47.84..47.85 rows=1 width=8)
	  ->  Index Scan using sbtest7_pkey on sbtest7  (cost=0.43..47.81 rows=11 width=4)
	        Index Cond: ((id >= 813564) AND (id <= 813573))

table 8 : explain SELECT SUM(k) FROM sbtest8 WHERE id BETWEEN 6306223 AND 6306232
	Aggregate  (cost=39.87..39.88 rows=1 width=8)
	  ->  Index Scan using sbtest8_pkey on sbtest8  (cost=0.43..39.85 rows=9 width=4)
	        Index Cond: ((id >= 6306223) AND (id <= 6306232))

for: order_ranges
table 1 : explain SELECT c FROM sbtest1 WHERE id BETWEEN 5580251 AND 5580260 ORDER BY c
	Sort  (cost=44.00..44.03 rows=10 width=121)
	  Sort Key: c
	  ->  Index Scan using sbtest1_pkey on sbtest1  (cost=0.43..43.84 rows=10 width=121)
	        Index Cond: ((id >= 5580251) AND (id <= 5580260))

table 2 : explain SELECT c FROM sbtest2 WHERE id BETWEEN 3939485 AND 3939494 ORDER BY c
	Sort  (cost=43.99..44.02 rows=10 width=121)
	  Sort Key: c
	  ->  Index Scan using sbtest2_pkey on sbtest2  (cost=0.43..43.83 rows=10 width=121)
	        Index Cond: ((id >= 3939485) AND (id <= 3939494))

table 3 : explain SELECT c FROM sbtest3 WHERE id BETWEEN 84383 AND 84392 ORDER BY c
	Sort  (cost=47.87..47.90 rows=11 width=121)
	  Sort Key: c
	  ->  Index Scan using sbtest3_pkey on sbtest3  (cost=0.43..47.68 rows=11 width=121)
	        Index Cond: ((id >= 84383) AND (id <= 84392))

table 4 : explain SELECT c FROM sbtest4 WHERE id BETWEEN 9967554 AND 9967563 ORDER BY c
	Sort  (cost=47.85..47.88 rows=11 width=121)
	  Sort Key: c
	  ->  Index Scan using sbtest4_pkey on sbtest4  (cost=0.43..47.66 rows=11 width=121)
	        Index Cond: ((id >= 9967554) AND (id <= 9967563))

table 5 : explain SELECT c FROM sbtest5 WHERE id BETWEEN 8094859 AND 8094868 ORDER BY c
	Sort  (cost=43.91..43.93 rows=10 width=121)
	  Sort Key: c
	  ->  Index Scan using sbtest5_pkey on sbtest5  (cost=0.43..43.74 rows=10 width=121)
	        Index Cond: ((id >= 8094859) AND (id <= 8094868))

table 6 : explain SELECT c FROM sbtest6 WHERE id BETWEEN 3465263 AND 3465272 ORDER BY c
	Sort  (cost=43.75..43.78 rows=10 width=121)
	  Sort Key: c
	  ->  Index Scan using sbtest6_pkey on sbtest6  (cost=0.43..43.58 rows=10 width=121)
	        Index Cond: ((id >= 3465263) AND (id <= 3465272))

table 7 : explain SELECT c FROM sbtest7 WHERE id BETWEEN 2182088 AND 2182097 ORDER BY c
	Sort  (cost=40.08..40.10 rows=9 width=121)
	  Sort Key: c
	  ->  Index Scan using sbtest7_pkey on sbtest7  (cost=0.43..39.94 rows=9 width=121)
	        Index Cond: ((id >= 2182088) AND (id <= 2182097))

table 8 : explain SELECT c FROM sbtest8 WHERE id BETWEEN 7385038 AND 7385047 ORDER BY c
	Sort  (cost=47.89..47.92 rows=11 width=121)
	  Sort Key: c
	  ->  Index Scan using sbtest8_pkey on sbtest8  (cost=0.43..47.70 rows=11 width=121)
	        Index Cond: ((id >= 7385038) AND (id <= 7385047))

for: simple_ranges
table 1 : explain SELECT c FROM sbtest1 WHERE id BETWEEN 6512185 AND 6512194
	Index Scan using sbtest1_pkey on sbtest1  (cost=0.43..47.77 rows=11 width=121)
	  Index Cond: ((id >= 6512185) AND (id <= 6512194))

table 2 : explain SELECT c FROM sbtest2 WHERE id BETWEEN 2720720 AND 2720729
	Index Scan using sbtest2_pkey on sbtest2  (cost=0.43..43.83 rows=10 width=121)
	  Index Cond: ((id >= 2720720) AND (id <= 2720729))

table 3 : explain SELECT c FROM sbtest3 WHERE id BETWEEN 7961802 AND 7961811
	Index Scan using sbtest3_pkey on sbtest3  (cost=0.43..43.76 rows=10 width=121)
	  Index Cond: ((id >= 7961802) AND (id <= 7961811))

table 4 : explain SELECT c FROM sbtest4 WHERE id BETWEEN 541341 AND 541350
	Index Scan using sbtest4_pkey on sbtest4  (cost=0.43..43.74 rows=10 width=121)
	  Index Cond: ((id >= 541341) AND (id <= 541350))

table 5 : explain SELECT c FROM sbtest5 WHERE id BETWEEN 2994960 AND 2994969
	Index Scan using sbtest5_pkey on sbtest5  (cost=0.43..43.74 rows=10 width=121)
	  Index Cond: ((id >= 2994960) AND (id <= 2994969))

table 6 : explain SELECT c FROM sbtest6 WHERE id BETWEEN 5008932 AND 5008941
	Index Scan using sbtest6_pkey on sbtest6  (cost=0.43..39.68 rows=9 width=121)
	  Index Cond: ((id >= 5008932) AND (id <= 5008941))

table 7 : explain SELECT c FROM sbtest7 WHERE id BETWEEN 5746904 AND 5746913
	Index Scan using sbtest7_pkey on sbtest7  (cost=0.43..43.87 rows=10 width=121)
	  Index Cond: ((id >= 5746904) AND (id <= 5746913))

table 8 : explain SELECT c FROM sbtest8 WHERE id BETWEEN 4052001 AND 4052010
	Index Scan using sbtest8_pkey on sbtest8  (cost=0.43..43.78 rows=10 width=121)
	  Index Cond: ((id >= 4052001) AND (id <= 4052010))

for: simple_ranges
table 1 : explain SELECT c FROM sbtest1 WHERE id BETWEEN 6615288 AND 6615297
	Index Scan using sbtest1_pkey on sbtest1  (cost=0.43..39.91 rows=9 width=121)
	  Index Cond: ((id >= 6615288) AND (id <= 6615297))

table 2 : explain SELECT c FROM sbtest2 WHERE id BETWEEN 2388995 AND 2389004
	Index Scan using sbtest2_pkey on sbtest2  (cost=0.43..43.83 rows=10 width=121)
	  Index Cond: ((id >= 2388995) AND (id <= 2389004))

table 3 : explain SELECT c FROM sbtest3 WHERE id BETWEEN 1266064 AND 1266073
	Index Scan using sbtest3_pkey on sbtest3  (cost=0.43..43.76 rows=10 width=121)
	  Index Cond: ((id >= 1266064) AND (id <= 1266073))

table 4 : explain SELECT c FROM sbtest4 WHERE id BETWEEN 7578348 AND 7578357
	Index Scan using sbtest4_pkey on sbtest4  (cost=0.43..43.74 rows=10 width=121)
	  Index Cond: ((id >= 7578348) AND (id <= 7578357))

table 5 : explain SELECT c FROM sbtest5 WHERE id BETWEEN 7847026 AND 7847035
	Index Scan using sbtest5_pkey on sbtest5  (cost=0.43..43.74 rows=10 width=121)
	  Index Cond: ((id >= 7847026) AND (id <= 7847035))

table 6 : explain SELECT c FROM sbtest6 WHERE id BETWEEN 3832944 AND 3832953
	Index Scan using sbtest6_pkey on sbtest6  (cost=0.43..43.58 rows=10 width=121)
	  Index Cond: ((id >= 3832944) AND (id <= 3832953))

table 7 : explain SELECT c FROM sbtest7 WHERE id BETWEEN 1089008 AND 1089017
	Index Scan using sbtest7_pkey on sbtest7  (cost=0.43..39.94 rows=9 width=121)
	  Index Cond: ((id >= 1089008) AND (id <= 1089017))

table 8 : explain SELECT c FROM sbtest8 WHERE id BETWEEN 3158760 AND 3158769
	Index Scan using sbtest8_pkey on sbtest8  (cost=0.43..43.78 rows=10 width=121)
	  Index Cond: ((id >= 3158760) AND (id <= 3158769))

for: simple_ranges
table 1 : explain SELECT c FROM sbtest1 WHERE id BETWEEN 8616615 AND 8616624
	Index Scan using sbtest1_pkey on sbtest1  (cost=0.43..47.77 rows=11 width=121)
	  Index Cond: ((id >= 8616615) AND (id <= 8616624))

table 2 : explain SELECT c FROM sbtest2 WHERE id BETWEEN 974542 AND 974551
	Index Scan using sbtest2_pkey on sbtest2  (cost=0.43..43.83 rows=10 width=121)
	  Index Cond: ((id >= 974542) AND (id <= 974551))

table 3 : explain SELECT c FROM sbtest3 WHERE id BETWEEN 2708026 AND 2708035
	Index Scan using sbtest3_pkey on sbtest3  (cost=0.43..43.76 rows=10 width=121)
	  Index Cond: ((id >= 2708026) AND (id <= 2708035))

table 4 : explain SELECT c FROM sbtest4 WHERE id BETWEEN 9393997 AND 9394006
	Index Scan using sbtest4_pkey on sbtest4  (cost=0.43..43.74 rows=10 width=121)
	  Index Cond: ((id >= 9393997) AND (id <= 9394006))

table 5 : explain SELECT c FROM sbtest5 WHERE id BETWEEN 1315805 AND 1315814
	Index Scan using sbtest5_pkey on sbtest5  (cost=0.43..47.66 rows=11 width=121)
	  Index Cond: ((id >= 1315805) AND (id <= 1315814))

table 6 : explain SELECT c FROM sbtest6 WHERE id BETWEEN 1527517 AND 1527526
	Index Scan using sbtest6_pkey on sbtest6  (cost=0.43..47.49 rows=11 width=121)
	  Index Cond: ((id >= 1527517) AND (id <= 1527526))

table 7 : explain SELECT c FROM sbtest7 WHERE id BETWEEN 7406831 AND 7406840
	Index Scan using sbtest7_pkey on sbtest7  (cost=0.43..43.87 rows=10 width=121)
	  Index Cond: ((id >= 7406831) AND (id <= 7406840))

table 8 : explain SELECT c FROM sbtest8 WHERE id BETWEEN 343318 AND 343327
	Index Scan using sbtest8_pkey on sbtest8  (cost=0.43..43.78 rows=10 width=121)
	  Index Cond: ((id >= 343318) AND (id <= 343327))
for: order_ranges
table 1 : explain SELECT c FROM sbtest1 WHERE id BETWEEN 9390798 AND 9390807 ORDER BY c
	Sort  (cost=44.00..44.03 rows=10 width=121)
	  Sort Key: c
	  ->  Index Scan using sbtest1_pkey on sbtest1  (cost=0.43..43.84 rows=10 width=121)
	        Index Cond: ((id >= 9390798) AND (id <= 9390807))

table 2 : explain SELECT c FROM sbtest2 WHERE id BETWEEN 6502111 AND 6502120 ORDER BY c
	Sort  (cost=43.99..44.02 rows=10 width=121)
	  Sort Key: c
	  ->  Index Scan using sbtest2_pkey on sbtest2  (cost=0.43..43.83 rows=10 width=121)
	        Index Cond: ((id >= 6502111) AND (id <= 6502120))

table 3 : explain SELECT c FROM sbtest3 WHERE id BETWEEN 4131207 AND 4131216 ORDER BY c
	Sort  (cost=47.87..47.90 rows=11 width=121)
	  Sort Key: c
	  ->  Index Scan using sbtest3_pkey on sbtest3  (cost=0.43..47.68 rows=11 width=121)
	        Index Cond: ((id >= 4131207) AND (id <= 4131216))

table 4 : explain SELECT c FROM sbtest4 WHERE id BETWEEN 7035849 AND 7035858 ORDER BY c
	Sort  (cost=43.91..43.93 rows=10 width=121)
	  Sort Key: c
	  ->  Index Scan using sbtest4_pkey on sbtest4  (cost=0.43..43.74 rows=10 width=121)
	        Index Cond: ((id >= 7035849) AND (id <= 7035858))

table 5 : explain SELECT c FROM sbtest5 WHERE id BETWEEN 1205306 AND 1205315 ORDER BY c
	Sort  (cost=43.91..43.93 rows=10 width=121)
	  Sort Key: c
	  ->  Index Scan using sbtest5_pkey on sbtest5  (cost=0.43..43.74 rows=10 width=121)
	        Index Cond: ((id >= 1205306) AND (id <= 1205315))

table 6 : explain SELECT c FROM sbtest6 WHERE id BETWEEN 7745435 AND 7745444 ORDER BY c
	Sort  (cost=43.75..43.78 rows=10 width=121)
	  Sort Key: c
	  ->  Index Scan using sbtest6_pkey on sbtest6  (cost=0.43..43.58 rows=10 width=121)
	        Index Cond: ((id >= 7745435) AND (id <= 7745444))

table 7 : explain SELECT c FROM sbtest7 WHERE id BETWEEN 4363889 AND 4363898 ORDER BY c
	Sort  (cost=44.04..44.06 rows=10 width=121)
	  Sort Key: c
	  ->  Index Scan using sbtest7_pkey on sbtest7  (cost=0.43..43.87 rows=10 width=121)
	        Index Cond: ((id >= 4363889) AND (id <= 4363898))

table 8 : explain SELECT c FROM sbtest8 WHERE id BETWEEN 5842623 AND 5842632 ORDER BY c
	Sort  (cost=43.94..43.97 rows=10 width=121)
	  Sort Key: c
	  ->  Index Scan using sbtest8_pkey on sbtest8  (cost=0.43..43.78 rows=10 width=121)
	        Index Cond: ((id >= 5842623) AND (id <= 5842632))


for: order_ranges
table 1 : explain SELECT c FROM sbtest1 WHERE id BETWEEN 4920044 AND 4920053 ORDER BY c
	Sort  (cost=40.05..40.07 rows=9 width=121)
	  Sort Key: c
	  ->  Index Scan using sbtest1_pkey on sbtest1  (cost=0.43..39.91 rows=9 width=121)
	        Index Cond: ((id >= 4920044) AND (id <= 4920053))

table 2 : explain SELECT c FROM sbtest2 WHERE id BETWEEN 2443340 AND 2443349 ORDER BY c
	Sort  (cost=43.99..44.02 rows=10 width=121)
	  Sort Key: c
	  ->  Index Scan using sbtest2_pkey on sbtest2  (cost=0.43..43.83 rows=10 width=121)
	        Index Cond: ((id >= 2443340) AND (id <= 2443349))

table 3 : explain SELECT c FROM sbtest3 WHERE id BETWEEN 9462135 AND 9462144 ORDER BY c
	Sort  (cost=47.87..47.90 rows=11 width=121)
	  Sort Key: c
	  ->  Index Scan using sbtest3_pkey on sbtest3  (cost=0.43..47.68 rows=11 width=121)
	        Index Cond: ((id >= 9462135) AND (id <= 9462144))

table 4 : explain SELECT c FROM sbtest4 WHERE id BETWEEN 5029275 AND 5029284 ORDER BY c
	Sort  (cost=43.91..43.93 rows=10 width=121)
	  Sort Key: c
	  ->  Index Scan using sbtest4_pkey on sbtest4  (cost=0.43..43.74 rows=10 width=121)
	        Index Cond: ((id >= 5029275) AND (id <= 5029284))

table 5 : explain SELECT c FROM sbtest5 WHERE id BETWEEN 4458414 AND 4458423 ORDER BY c
	Sort  (cost=43.91..43.93 rows=10 width=121)
	  Sort Key: c
	  ->  Index Scan using sbtest5_pkey on sbtest5  (cost=0.43..43.74 rows=10 width=121)
	        Index Cond: ((id >= 4458414) AND (id <= 4458423))

table 6 : explain SELECT c FROM sbtest6 WHERE id BETWEEN 613760 AND 613769 ORDER BY c
	Sort  (cost=43.75..43.78 rows=10 width=121)
	  Sort Key: c
	  ->  Index Scan using sbtest6_pkey on sbtest6  (cost=0.43..43.58 rows=10 width=121)
	        Index Cond: ((id >= 613760) AND (id <= 613769))

table 7 : explain SELECT c FROM sbtest7 WHERE id BETWEEN 3595079 AND 3595088 ORDER BY c
	Sort  (cost=44.04..44.06 rows=10 width=121)
	  Sort Key: c
	  ->  Index Scan using sbtest7_pkey on sbtest7  (cost=0.43..43.87 rows=10 width=121)
	        Index Cond: ((id >= 3595079) AND (id <= 3595088))

table 8 : explain SELECT c FROM sbtest8 WHERE id BETWEEN 5831206 AND 5831215 ORDER BY c
	Sort  (cost=43.94..43.97 rows=10 width=121)
	  Sort Key: c
	  ->  Index Scan using sbtest8_pkey on sbtest8  (cost=0.43..43.78 rows=10 width=121)
	        Index Cond: ((id >= 5831206) AND (id <= 5831215))

for: simple_ranges
table 1 : explain SELECT c FROM sbtest1 WHERE id BETWEEN 7848971 AND 7848980
	Index Scan using sbtest1_pkey on sbtest1  (cost=0.43..39.91 rows=9 width=121)
	  Index Cond: ((id >= 7848971) AND (id <= 7848980))

table 2 : explain SELECT c FROM sbtest2 WHERE id BETWEEN 3526316 AND 3526325
	Index Scan using sbtest2_pkey on sbtest2  (cost=0.43..43.83 rows=10 width=121)
	  Index Cond: ((id >= 3526316) AND (id <= 3526325))

table 3 : explain SELECT c FROM sbtest3 WHERE id BETWEEN 3740800 AND 3740809
	Index Scan using sbtest3_pkey on sbtest3  (cost=0.43..43.76 rows=10 width=121)
	  Index Cond: ((id >= 3740800) AND (id <= 3740809))

table 4 : explain SELECT c FROM sbtest4 WHERE id BETWEEN 2353663 AND 2353672
	Index Scan using sbtest4_pkey on sbtest4  (cost=0.43..43.74 rows=10 width=121)
	  Index Cond: ((id >= 2353663) AND (id <= 2353672))

table 5 : explain SELECT c FROM sbtest5 WHERE id BETWEEN 4081856 AND 4081865
	Index Scan using sbtest5_pkey on sbtest5  (cost=0.43..43.74 rows=10 width=121)
	  Index Cond: ((id >= 4081856) AND (id <= 4081865))

table 6 : explain SELECT c FROM sbtest6 WHERE id BETWEEN 1461341 AND 1461350
	Index Scan using sbtest6_pkey on sbtest6  (cost=0.43..43.58 rows=10 width=121)
	  Index Cond: ((id >= 1461341) AND (id <= 1461350))

table 7 : explain SELECT c FROM sbtest7 WHERE id BETWEEN 5513492 AND 5513501
	Index Scan using sbtest7_pkey on sbtest7  (cost=0.43..47.81 rows=11 width=121)
	  Index Cond: ((id >= 5513492) AND (id <= 5513501))

table 8 : explain SELECT c FROM sbtest8 WHERE id BETWEEN 3028695 AND 3028704
	Index Scan using sbtest8_pkey on sbtest8  (cost=0.43..43.78 rows=10 width=121)
	  Index Cond: ((id >= 3028695) AND (id <= 3028704))

for: order_ranges
table 1 : explain SELECT c FROM sbtest1 WHERE id BETWEEN 3153361 AND 3153370 ORDER BY c
	Sort  (cost=44.00..44.03 rows=10 width=121)
	  Sort Key: c
	  ->  Index Scan using sbtest1_pkey on sbtest1  (cost=0.43..43.84 rows=10 width=121)
	        Index Cond: ((id >= 3153361) AND (id <= 3153370))

table 2 : explain SELECT c FROM sbtest2 WHERE id BETWEEN 6863624 AND 6863633 ORDER BY c
	Sort  (cost=40.04..40.06 rows=9 width=121)
	  Sort Key: c
	  ->  Index Scan using sbtest2_pkey on sbtest2  (cost=0.43..39.90 rows=9 width=121)
	        Index Cond: ((id >= 6863624) AND (id <= 6863633))

table 3 : explain SELECT c FROM sbtest3 WHERE id BETWEEN 4868353 AND 4868362 ORDER BY c
	Sort  (cost=43.92..43.95 rows=10 width=121)
	  Sort Key: c
	  ->  Index Scan using sbtest3_pkey on sbtest3  (cost=0.43..43.76 rows=10 width=121)
	        Index Cond: ((id >= 4868353) AND (id <= 4868362))

table 4 : explain SELECT c FROM sbtest4 WHERE id BETWEEN 2169033 AND 2169042 ORDER BY c
	Sort  (cost=47.85..47.88 rows=11 width=121)
	  Sort Key: c
	  ->  Index Scan using sbtest4_pkey on sbtest4  (cost=0.43..47.66 rows=11 width=121)
	        Index Cond: ((id >= 2169033) AND (id <= 2169042))

table 5 : explain SELECT c FROM sbtest5 WHERE id BETWEEN 435116 AND 435125 ORDER BY c
	Sort  (cost=47.85..47.88 rows=11 width=121)
	  Sort Key: c
	  ->  Index Scan using sbtest5_pkey on sbtest5  (cost=0.43..47.66 rows=11 width=121)
	        Index Cond: ((id >= 435116) AND (id <= 435125))

table 6 : explain SELECT c FROM sbtest6 WHERE id BETWEEN 7554864 AND 7554873 ORDER BY c
	Sort  (cost=43.75..43.78 rows=10 width=121)
	  Sort Key: c
	  ->  Index Scan using sbtest6_pkey on sbtest6  (cost=0.43..43.58 rows=10 width=121)
	        Index Cond: ((id >= 7554864) AND (id <= 7554873))

table 7 : explain SELECT c FROM sbtest7 WHERE id BETWEEN 425864 AND 425873 ORDER BY c
	Sort  (cost=48.00..48.03 rows=11 width=121)
	  Sort Key: c
	  ->  Index Scan using sbtest7_pkey on sbtest7  (cost=0.43..47.81 rows=11 width=121)
	        Index Cond: ((id >= 425864) AND (id <= 425873))

table 8 : explain SELECT c FROM sbtest8 WHERE id BETWEEN 8420916 AND 8420925 ORDER BY c
	Sort  (cost=43.94..43.97 rows=10 width=121)
	  Sort Key: c
	  ->  Index Scan using sbtest8_pkey on sbtest8  (cost=0.43..43.78 rows=10 width=121)
	        Index Cond: ((id >= 8420916) AND (id <= 8420925))

for: simple_ranges
table 1 : explain SELECT c FROM sbtest1 WHERE id BETWEEN 2013159 AND 2013168
	Index Scan using sbtest1_pkey on sbtest1  (cost=0.43..39.91 rows=9 width=121)
	  Index Cond: ((id >= 2013159) AND (id <= 2013168))

table 2 : explain SELECT c FROM sbtest2 WHERE id BETWEEN 8102961 AND 8102970
	Index Scan using sbtest2_pkey on sbtest2  (cost=0.43..43.83 rows=10 width=121)
	  Index Cond: ((id >= 8102961) AND (id <= 8102970))

table 3 : explain SELECT c FROM sbtest3 WHERE id BETWEEN 2804550 AND 2804559
	Index Scan using sbtest3_pkey on sbtest3  (cost=0.43..43.76 rows=10 width=121)
	  Index Cond: ((id >= 2804550) AND (id <= 2804559))

table 4 : explain SELECT c FROM sbtest4 WHERE id BETWEEN 3300121 AND 3300130
	Index Scan using sbtest4_pkey on sbtest4  (cost=0.43..43.74 rows=10 width=121)
	  Index Cond: ((id >= 3300121) AND (id <= 3300130))

table 5 : explain SELECT c FROM sbtest5 WHERE id BETWEEN 4822119 AND 4822128
	Index Scan using sbtest5_pkey on sbtest5  (cost=0.43..43.74 rows=10 width=121)
	  Index Cond: ((id >= 4822119) AND (id <= 4822128))

table 6 : explain SELECT c FROM sbtest6 WHERE id BETWEEN 8059899 AND 8059908
	Index Scan using sbtest6_pkey on sbtest6  (cost=0.43..43.58 rows=10 width=121)
	  Index Cond: ((id >= 8059899) AND (id <= 8059908))

table 7 : explain SELECT c FROM sbtest7 WHERE id BETWEEN 5597668 AND 5597677
	Index Scan using sbtest7_pkey on sbtest7  (cost=0.43..43.87 rows=10 width=121)
	  Index Cond: ((id >= 5597668) AND (id <= 5597677))

table 8 : explain SELECT c FROM sbtest8 WHERE id BETWEEN 4589899 AND 4589908
	Index Scan using sbtest8_pkey on sbtest8  (cost=0.43..43.78 rows=10 width=121)
	  Index Cond: ((id >= 4589899) AND (id <= 4589908))

for: order_ranges
table 1 : explain SELECT c FROM sbtest1 WHERE id BETWEEN 5919669 AND 5919678 ORDER BY c
	Sort  (cost=47.96..47.99 rows=11 width=121)
	  Sort Key: c
	  ->  Index Scan using sbtest1_pkey on sbtest1  (cost=0.43..47.77 rows=11 width=121)
	        Index Cond: ((id >= 5919669) AND (id <= 5919678))

table 2 : explain SELECT c FROM sbtest2 WHERE id BETWEEN 2561570 AND 2561579 ORDER BY c
	Sort  (cost=43.99..44.02 rows=10 width=121)
	  Sort Key: c
	  ->  Index Scan using sbtest2_pkey on sbtest2  (cost=0.43..43.83 rows=10 width=121)
	        Index Cond: ((id >= 2561570) AND (id <= 2561579))

table 3 : explain SELECT c FROM sbtest3 WHERE id BETWEEN 5770085 AND 5770094 ORDER BY c
	Sort  (cost=43.92..43.95 rows=10 width=121)
	  Sort Key: c
	  ->  Index Scan using sbtest3_pkey on sbtest3  (cost=0.43..43.76 rows=10 width=121)
	        Index Cond: ((id >= 5770085) AND (id <= 5770094))

table 4 : explain SELECT c FROM sbtest4 WHERE id BETWEEN 408795 AND 408804 ORDER BY c
	Sort  (cost=43.91..43.93 rows=10 width=121)
	  Sort Key: c
	  ->  Index Scan using sbtest4_pkey on sbtest4  (cost=0.43..43.74 rows=10 width=121)
	        Index Cond: ((id >= 408795) AND (id <= 408804))

table 5 : explain SELECT c FROM sbtest5 WHERE id BETWEEN 9357291 AND 9357300 ORDER BY c
	Sort  (cost=43.91..43.93 rows=10 width=121)
	  Sort Key: c
	  ->  Index Scan using sbtest5_pkey on sbtest5  (cost=0.43..43.74 rows=10 width=121)
	        Index Cond: ((id >= 9357291) AND (id <= 9357300))

table 6 : explain SELECT c FROM sbtest6 WHERE id BETWEEN 2456720 AND 2456729 ORDER BY c
	Sort  (cost=39.82..39.85 rows=9 width=121)
	  Sort Key: c
	  ->  Index Scan using sbtest6_pkey on sbtest6  (cost=0.43..39.68 rows=9 width=121)
	        Index Cond: ((id >= 2456720) AND (id <= 2456729))

table 7 : explain SELECT c FROM sbtest7 WHERE id BETWEEN 1226545 AND 1226554 ORDER BY c
	Sort  (cost=44.04..44.06 rows=10 width=121)
	  Sort Key: c
	  ->  Index Scan using sbtest7_pkey on sbtest7  (cost=0.43..43.87 rows=10 width=121)
	        Index Cond: ((id >= 1226545) AND (id <= 1226554))

table 8 : explain SELECT c FROM sbtest8 WHERE id BETWEEN 9523298 AND 9523307 ORDER BY c
	Sort  (cost=43.94..43.97 rows=10 width=121)
	  Sort Key: c
	  ->  Index Scan using sbtest8_pkey on sbtest8  (cost=0.43..43.78 rows=10 width=121)
	        Index Cond: ((id >= 9523298) AND (id <= 9523307))

for: simple_ranges
table 1 : explain SELECT c FROM sbtest1 WHERE id BETWEEN 5078955 AND 5078964
	Index Scan using sbtest1_pkey on sbtest1  (cost=0.43..47.77 rows=11 width=121)
	  Index Cond: ((id >= 5078955) AND (id <= 5078964))

table 2 : explain SELECT c FROM sbtest2 WHERE id BETWEEN 5503270 AND 5503279
	Index Scan using sbtest2_pkey on sbtest2  (cost=0.43..43.83 rows=10 width=121)
	  Index Cond: ((id >= 5503270) AND (id <= 5503279))

table 3 : explain SELECT c FROM sbtest3 WHERE id BETWEEN 3991565 AND 3991574
	Index Scan using sbtest3_pkey on sbtest3  (cost=0.43..43.76 rows=10 width=121)
	  Index Cond: ((id >= 3991565) AND (id <= 3991574))

table 4 : explain SELECT c FROM sbtest4 WHERE id BETWEEN 8029059 AND 8029068
	Index Scan using sbtest4_pkey on sbtest4  (cost=0.43..43.74 rows=10 width=121)
	  Index Cond: ((id >= 8029059) AND (id <= 8029068))

table 5 : explain SELECT c FROM sbtest5 WHERE id BETWEEN 6364258 AND 6364267
	Index Scan using sbtest5_pkey on sbtest5  (cost=0.43..43.74 rows=10 width=121)
	  Index Cond: ((id >= 6364258) AND (id <= 6364267))

table 6 : explain SELECT c FROM sbtest6 WHERE id BETWEEN 1696303 AND 1696312
	Index Scan using sbtest6_pkey on sbtest6  (cost=0.43..43.58 rows=10 width=121)
	  Index Cond: ((id >= 1696303) AND (id <= 1696312))

table 7 : explain SELECT c FROM sbtest7 WHERE id BETWEEN 7463765 AND 7463774
	Index Scan using sbtest7_pkey on sbtest7  (cost=0.43..39.94 rows=9 width=121)
	  Index Cond: ((id >= 7463765) AND (id <= 7463774))

table 8 : explain SELECT c FROM sbtest8 WHERE id BETWEEN 1166856 AND 1166865
	Index Scan using sbtest8_pkey on sbtest8  (cost=0.43..43.78 rows=10 width=121)
	  Index Cond: ((id >= 1166856) AND (id <= 1166865))

for: order_ranges
table 1 : explain SELECT c FROM sbtest1 WHERE id BETWEEN 8187158 AND 8187167 ORDER BY c
	Sort  (cost=44.00..44.03 rows=10 width=121)
	  Sort Key: c
	  ->  Index Scan using sbtest1_pkey on sbtest1  (cost=0.43..43.84 rows=10 width=121)
	        Index Cond: ((id >= 8187158) AND (id <= 8187167))

table 2 : explain SELECT c FROM sbtest2 WHERE id BETWEEN 4716668 AND 4716677 ORDER BY c
	Sort  (cost=43.99..44.02 rows=10 width=121)
	  Sort Key: c
	  ->  Index Scan using sbtest2_pkey on sbtest2  (cost=0.43..43.83 rows=10 width=121)
	        Index Cond: ((id >= 4716668) AND (id <= 4716677))

table 3 : explain SELECT c FROM sbtest3 WHERE id BETWEEN 2736331 AND 2736340 ORDER BY c
	Sort  (cost=43.92..43.95 rows=10 width=121)
	  Sort Key: c
	  ->  Index Scan using sbtest3_pkey on sbtest3  (cost=0.43..43.76 rows=10 width=121)
	        Index Cond: ((id >= 2736331) AND (id <= 2736340))

table 4 : explain SELECT c FROM sbtest4 WHERE id BETWEEN 53223 AND 53232 ORDER BY c
	Sort  (cost=39.96..39.99 rows=9 width=121)
	  Sort Key: c
	  ->  Index Scan using sbtest4_pkey on sbtest4  (cost=0.43..39.82 rows=9 width=121)
	        Index Cond: ((id >= 53223) AND (id <= 53232))

table 5 : explain SELECT c FROM sbtest5 WHERE id BETWEEN 3131429 AND 3131438 ORDER BY c
	Sort  (cost=43.91..43.93 rows=10 width=121)
	  Sort Key: c
	  ->  Index Scan using sbtest5_pkey on sbtest5  (cost=0.43..43.74 rows=10 width=121)
	        Index Cond: ((id >= 3131429) AND (id <= 3131438))

table 6 : explain SELECT c FROM sbtest6 WHERE id BETWEEN 3361506 AND 3361515 ORDER BY c
	Sort  (cost=47.68..47.71 rows=11 width=121)
	  Sort Key: c
	  ->  Index Scan using sbtest6_pkey on sbtest6  (cost=0.43..47.49 rows=11 width=121)
	        Index Cond: ((id >= 3361506) AND (id <= 3361515))

table 7 : explain SELECT c FROM sbtest7 WHERE id BETWEEN 8178299 AND 8178308 ORDER BY c
	Sort  (cost=44.04..44.06 rows=10 width=121)
	  Sort Key: c
	  ->  Index Scan using sbtest7_pkey on sbtest7  (cost=0.43..43.87 rows=10 width=121)
	        Index Cond: ((id >= 8178299) AND (id <= 8178308))

table 8 : explain SELECT c FROM sbtest8 WHERE id BETWEEN 6328101 AND 6328110 ORDER BY c
	Sort  (cost=39.99..40.02 rows=9 width=121)
	  Sort Key: c
	  ->  Index Scan using sbtest8_pkey on sbtest8  (cost=0.43..39.85 rows=9 width=121)
	        Index Cond: ((id >= 6328101) AND (id <= 6328110))

for: sum_ranges
table 1 : explain SELECT SUM(k) FROM sbtest1 WHERE id BETWEEN 3968038 AND 3968047
	Aggregate  (cost=43.86..43.87 rows=1 width=8)
	  ->  Index Scan using sbtest1_pkey on sbtest1  (cost=0.43..43.84 rows=10 width=4)
	        Index Cond: ((id >= 3968038) AND (id <= 3968047))

table 2 : explain SELECT SUM(k) FROM sbtest2 WHERE id BETWEEN 2593316 AND 2593325
	Aggregate  (cost=43.85..43.86 rows=1 width=8)
	  ->  Index Scan using sbtest2_pkey on sbtest2  (cost=0.43..43.83 rows=10 width=4)
	        Index Cond: ((id >= 2593316) AND (id <= 2593325))

table 3 : explain SELECT SUM(k) FROM sbtest3 WHERE id BETWEEN 2033637 AND 2033646
	Aggregate  (cost=39.86..39.87 rows=1 width=8)
	  ->  Index Scan using sbtest3_pkey on sbtest3  (cost=0.43..39.84 rows=9 width=4)
	        Index Cond: ((id >= 2033637) AND (id <= 2033646))

table 4 : explain SELECT SUM(k) FROM sbtest4 WHERE id BETWEEN 5221769 AND 5221778
	Aggregate  (cost=43.77..43.78 rows=1 width=8)
	  ->  Index Scan using sbtest4_pkey on sbtest4  (cost=0.43..43.74 rows=10 width=4)
	        Index Cond: ((id >= 5221769) AND (id <= 5221778))

table 5 : explain SELECT SUM(k) FROM sbtest5 WHERE id BETWEEN 7794815 AND 7794824
	Aggregate  (cost=43.77..43.78 rows=1 width=8)
	  ->  Index Scan using sbtest5_pkey on sbtest5  (cost=0.43..43.74 rows=10 width=4)
	        Index Cond: ((id >= 7794815) AND (id <= 7794824))

table 6 : explain SELECT SUM(k) FROM sbtest6 WHERE id BETWEEN 8516625 AND 8516634
	Aggregate  (cost=39.70..39.71 rows=1 width=8)
	  ->  Index Scan using sbtest6_pkey on sbtest6  (cost=0.43..39.68 rows=9 width=4)
	        Index Cond: ((id >= 8516625) AND (id <= 8516634))

table 7 : explain SELECT SUM(k) FROM sbtest7 WHERE id BETWEEN 7666814 AND 7666823
	Aggregate  (cost=43.90..43.91 rows=1 width=8)
	  ->  Index Scan using sbtest7_pkey on sbtest7  (cost=0.43..43.87 rows=10 width=4)
	        Index Cond: ((id >= 7666814) AND (id <= 7666823))

table 8 : explain SELECT SUM(k) FROM sbtest8 WHERE id BETWEEN 3113820 AND 3113829
	Aggregate  (cost=43.80..43.81 rows=1 width=8)
	  ->  Index Scan using sbtest8_pkey on sbtest8  (cost=0.43..43.78 rows=10 width=4)
	        Index Cond: ((id >= 3113820) AND (id <= 3113829))

for: sum_ranges
table 1 : explain SELECT SUM(k) FROM sbtest1 WHERE id BETWEEN 9766398 AND 9766407
	Aggregate  (cost=39.93..39.94 rows=1 width=8)
	  ->  Index Scan using sbtest1_pkey on sbtest1  (cost=0.43..39.91 rows=9 width=4)
	        Index Cond: ((id >= 9766398) AND (id <= 9766407))

table 2 : explain SELECT SUM(k) FROM sbtest2 WHERE id BETWEEN 503996 AND 504005
	Aggregate  (cost=39.92..39.93 rows=1 width=8)
	  ->  Index Scan using sbtest2_pkey on sbtest2  (cost=0.43..39.90 rows=9 width=4)
	        Index Cond: ((id >= 503996) AND (id <= 504005))

table 3 : explain SELECT SUM(k) FROM sbtest3 WHERE id BETWEEN 7745540 AND 7745549
	Aggregate  (cost=43.78..43.79 rows=1 width=8)
	  ->  Index Scan using sbtest3_pkey on sbtest3  (cost=0.43..43.76 rows=10 width=4)
	        Index Cond: ((id >= 7745540) AND (id <= 7745549))

table 4 : explain SELECT SUM(k) FROM sbtest4 WHERE id BETWEEN 303816 AND 303825
	Aggregate  (cost=43.77..43.78 rows=1 width=8)
	  ->  Index Scan using sbtest4_pkey on sbtest4  (cost=0.43..43.74 rows=10 width=4)
	        Index Cond: ((id >= 303816) AND (id <= 303825))

table 5 : explain SELECT SUM(k) FROM sbtest5 WHERE id BETWEEN 7021282 AND 7021291
	Aggregate  (cost=43.77..43.78 rows=1 width=8)
	  ->  Index Scan using sbtest5_pkey on sbtest5  (cost=0.43..43.74 rows=10 width=4)
	        Index Cond: ((id >= 7021282) AND (id <= 7021291))

table 6 : explain SELECT SUM(k) FROM sbtest6 WHERE id BETWEEN 8811004 AND 8811013
	Aggregate  (cost=43.61..43.62 rows=1 width=8)
	  ->  Index Scan using sbtest6_pkey on sbtest6  (cost=0.43..43.58 rows=10 width=4)
	        Index Cond: ((id >= 8811004) AND (id <= 8811013))

table 7 : explain SELECT SUM(k) FROM sbtest7 WHERE id BETWEEN 6332347 AND 6332356
	Aggregate  (cost=43.90..43.91 rows=1 width=8)
	  ->  Index Scan using sbtest7_pkey on sbtest7  (cost=0.43..43.87 rows=10 width=4)
	        Index Cond: ((id >= 6332347) AND (id <= 6332356))

table 8 : explain SELECT SUM(k) FROM sbtest8 WHERE id BETWEEN 325944 AND 325953
	Aggregate  (cost=43.80..43.81 rows=1 width=8)
	  ->  Index Scan using sbtest8_pkey on sbtest8  (cost=0.43..43.78 rows=10 width=4)
	        Index Cond: ((id >= 325944) AND (id <= 325953))

for: order_ranges
table 1 : explain SELECT c FROM sbtest1 WHERE id BETWEEN 3071179 AND 3071188 ORDER BY c
	Sort  (cost=44.00..44.03 rows=10 width=121)
	  Sort Key: c
	  ->  Index Scan using sbtest1_pkey on sbtest1  (cost=0.43..43.84 rows=10 width=121)
	        Index Cond: ((id >= 3071179) AND (id <= 3071188))

table 2 : explain SELECT c FROM sbtest2 WHERE id BETWEEN 5955482 AND 5955491 ORDER BY c
	Sort  (cost=47.95..47.97 rows=11 width=121)
	  Sort Key: c
	  ->  Index Scan using sbtest2_pkey on sbtest2  (cost=0.43..47.76 rows=11 width=121)
	        Index Cond: ((id >= 5955482) AND (id <= 5955491))

table 3 : explain SELECT c FROM sbtest3 WHERE id BETWEEN 2090083 AND 2090092 ORDER BY c
	Sort  (cost=43.92..43.95 rows=10 width=121)
	  Sort Key: c
	  ->  Index Scan using sbtest3_pkey on sbtest3  (cost=0.43..43.76 rows=10 width=121)
	        Index Cond: ((id >= 2090083) AND (id <= 2090092))

table 4 : explain SELECT c FROM sbtest4 WHERE id BETWEEN 5096197 AND 5096206 ORDER BY c
	Sort  (cost=43.91..43.93 rows=10 width=121)
	  Sort Key: c
	  ->  Index Scan using sbtest4_pkey on sbtest4  (cost=0.43..43.74 rows=10 width=121)
	        Index Cond: ((id >= 5096197) AND (id <= 5096206))

table 5 : explain SELECT c FROM sbtest5 WHERE id BETWEEN 9628896 AND 9628905 ORDER BY c
	Sort  (cost=43.91..43.93 rows=10 width=121)
	  Sort Key: c
	  ->  Index Scan using sbtest5_pkey on sbtest5  (cost=0.43..43.74 rows=10 width=121)
	        Index Cond: ((id >= 9628896) AND (id <= 9628905))

table 6 : explain SELECT c FROM sbtest6 WHERE id BETWEEN 2729323 AND 2729332 ORDER BY c
	Sort  (cost=47.68..47.71 rows=11 width=121)
	  Sort Key: c
	  ->  Index Scan using sbtest6_pkey on sbtest6  (cost=0.43..47.49 rows=11 width=121)
	        Index Cond: ((id >= 2729323) AND (id <= 2729332))

table 7 : explain SELECT c FROM sbtest7 WHERE id BETWEEN 4799524 AND 4799533 ORDER BY c
	Sort  (cost=44.04..44.06 rows=10 width=121)
	  Sort Key: c
	  ->  Index Scan using sbtest7_pkey on sbtest7  (cost=0.43..43.87 rows=10 width=121)
	        Index Cond: ((id >= 4799524) AND (id <= 4799533))

table 8 : explain SELECT c FROM sbtest8 WHERE id BETWEEN 7760034 AND 7760043 ORDER BY c
	Sort  (cost=51.84..51.87 rows=12 width=121)
	  Sort Key: c
	  ->  Index Scan using sbtest8_pkey on sbtest8  (cost=0.43..51.63 rows=12 width=121)
	        Index Cond: ((id >= 7760034) AND (id <= 7760043))

for: sum_ranges
table 1 : explain SELECT SUM(k) FROM sbtest1 WHERE id BETWEEN 4413860 AND 4413869
	Aggregate  (cost=43.86..43.87 rows=1 width=8)
	  ->  Index Scan using sbtest1_pkey on sbtest1  (cost=0.43..43.84 rows=10 width=4)
	        Index Cond: ((id >= 4413860) AND (id <= 4413869))

table 2 : explain SELECT SUM(k) FROM sbtest2 WHERE id BETWEEN 1501450 AND 1501459
	Aggregate  (cost=43.85..43.86 rows=1 width=8)
	  ->  Index Scan using sbtest2_pkey on sbtest2  (cost=0.43..43.83 rows=10 width=4)
	        Index Cond: ((id >= 1501450) AND (id <= 1501459))

table 3 : explain SELECT SUM(k) FROM sbtest3 WHERE id BETWEEN 8522772 AND 8522781
	Aggregate  (cost=43.78..43.79 rows=1 width=8)
	  ->  Index Scan using sbtest3_pkey on sbtest3  (cost=0.43..43.76 rows=10 width=4)
	        Index Cond: ((id >= 8522772) AND (id <= 8522781))

table 4 : explain SELECT SUM(k) FROM sbtest4 WHERE id BETWEEN 7301534 AND 7301543
	Aggregate  (cost=39.84..39.85 rows=1 width=8)
	  ->  Index Scan using sbtest4_pkey on sbtest4  (cost=0.43..39.82 rows=9 width=4)
	        Index Cond: ((id >= 7301534) AND (id <= 7301543))

table 5 : explain SELECT SUM(k) FROM sbtest5 WHERE id BETWEEN 7620139 AND 7620148
	Aggregate  (cost=39.84..39.85 rows=1 width=8)
	  ->  Index Scan using sbtest5_pkey on sbtest5  (cost=0.43..39.82 rows=9 width=4)
	        Index Cond: ((id >= 7620139) AND (id <= 7620148))

table 6 : explain SELECT SUM(k) FROM sbtest6 WHERE id BETWEEN 8152437 AND 8152446
	Aggregate  (cost=43.61..43.62 rows=1 width=8)
	  ->  Index Scan using sbtest6_pkey on sbtest6  (cost=0.43..43.58 rows=10 width=4)
	        Index Cond: ((id >= 8152437) AND (id <= 8152446))

table 7 : explain SELECT SUM(k) FROM sbtest7 WHERE id BETWEEN 7227530 AND 7227539
	Aggregate  (cost=43.90..43.91 rows=1 width=8)
	  ->  Index Scan using sbtest7_pkey on sbtest7  (cost=0.43..43.87 rows=10 width=4)
	        Index Cond: ((id >= 7227530) AND (id <= 7227539))

table 8 : explain SELECT SUM(k) FROM sbtest8 WHERE id BETWEEN 1706150 AND 1706159
	Aggregate  (cost=43.80..43.81 rows=1 width=8)
	  ->  Index Scan using sbtest8_pkey on sbtest8  (cost=0.43..43.78 rows=10 width=4)
	        Index Cond: ((id >= 1706150) AND (id <= 1706159))

for: sum_ranges
table 1 : explain SELECT SUM(k) FROM sbtest1 WHERE id BETWEEN 402921 AND 402930
	Aggregate  (cost=47.80..47.81 rows=1 width=8)
	  ->  Index Scan using sbtest1_pkey on sbtest1  (cost=0.43..47.77 rows=11 width=4)
	        Index Cond: ((id >= 402921) AND (id <= 402930))

table 2 : explain SELECT SUM(k) FROM sbtest2 WHERE id BETWEEN 8572520 AND 8572529
	Aggregate  (cost=43.85..43.86 rows=1 width=8)
	  ->  Index Scan using sbtest2_pkey on sbtest2  (cost=0.43..43.83 rows=10 width=4)
	        Index Cond: ((id >= 8572520) AND (id <= 8572529))

table 3 : explain SELECT SUM(k) FROM sbtest3 WHERE id BETWEEN 798492 AND 798501
	Aggregate  (cost=39.86..39.87 rows=1 width=8)
	  ->  Index Scan using sbtest3_pkey on sbtest3  (cost=0.43..39.84 rows=9 width=4)
	        Index Cond: ((id >= 798492) AND (id <= 798501))

table 4 : explain SELECT SUM(k) FROM sbtest4 WHERE id BETWEEN 6536828 AND 6536837
	Aggregate  (cost=43.77..43.78 rows=1 width=8)
	  ->  Index Scan using sbtest4_pkey on sbtest4  (cost=0.43..43.74 rows=10 width=4)
	        Index Cond: ((id >= 6536828) AND (id <= 6536837))

table 5 : explain SELECT SUM(k) FROM sbtest5 WHERE id BETWEEN 7928805 AND 7928814
	Aggregate  (cost=43.77..43.78 rows=1 width=8)
	  ->  Index Scan using sbtest5_pkey on sbtest5  (cost=0.43..43.74 rows=10 width=4)
	        Index Cond: ((id >= 7928805) AND (id <= 7928814))

table 6 : explain SELECT SUM(k) FROM sbtest6 WHERE id BETWEEN 255954 AND 255963
	Aggregate  (cost=47.52..47.53 rows=1 width=8)
	  ->  Index Scan using sbtest6_pkey on sbtest6  (cost=0.43..47.49 rows=11 width=4)
	        Index Cond: ((id >= 255954) AND (id <= 255963))

table 7 : explain SELECT SUM(k) FROM sbtest7 WHERE id BETWEEN 2159663 AND 2159672
	Aggregate  (cost=39.96..39.97 rows=1 width=8)
	  ->  Index Scan using sbtest7_pkey on sbtest7  (cost=0.43..39.94 rows=9 width=4)
	        Index Cond: ((id >= 2159663) AND (id <= 2159672))

table 8 : explain SELECT SUM(k) FROM sbtest8 WHERE id BETWEEN 7315163 AND 7315172
	Aggregate  (cost=43.80..43.81 rows=1 width=8)
	  ->  Index Scan using sbtest8_pkey on sbtest8  (cost=0.43..43.78 rows=10 width=4)
	        Index Cond: ((id >= 7315163) AND (id <= 7315172))

for: sum_ranges
table 1 : explain SELECT SUM(k) FROM sbtest1 WHERE id BETWEEN 8175666 AND 8175675
	Aggregate  (cost=43.86..43.87 rows=1 width=8)
	  ->  Index Scan using sbtest1_pkey on sbtest1  (cost=0.43..43.84 rows=10 width=4)
	        Index Cond: ((id >= 8175666) AND (id <= 8175675))

table 2 : explain SELECT SUM(k) FROM sbtest2 WHERE id BETWEEN 7996541 AND 7996550
	Aggregate  (cost=47.78..47.79 rows=1 width=8)
	  ->  Index Scan using sbtest2_pkey on sbtest2  (cost=0.43..47.76 rows=11 width=4)
	        Index Cond: ((id >= 7996541) AND (id <= 7996550))

table 3 : explain SELECT SUM(k) FROM sbtest3 WHERE id BETWEEN 9807338 AND 9807347
	Aggregate  (cost=43.78..43.79 rows=1 width=8)
	  ->  Index Scan using sbtest3_pkey on sbtest3  (cost=0.43..43.76 rows=10 width=4)
	        Index Cond: ((id >= 9807338) AND (id <= 9807347))

table 4 : explain SELECT SUM(k) FROM sbtest4 WHERE id BETWEEN 6366778 AND 6366787
	Aggregate  (cost=47.69..47.70 rows=1 width=8)
	  ->  Index Scan using sbtest4_pkey on sbtest4  (cost=0.43..47.66 rows=11 width=4)
	        Index Cond: ((id >= 6366778) AND (id <= 6366787))

table 5 : explain SELECT SUM(k) FROM sbtest5 WHERE id BETWEEN 3957561 AND 3957570
	Aggregate  (cost=43.77..43.78 rows=1 width=8)
	  ->  Index Scan using sbtest5_pkey on sbtest5  (cost=0.43..43.74 rows=10 width=4)
	        Index Cond: ((id >= 3957561) AND (id <= 3957570))

table 6 : explain SELECT SUM(k) FROM sbtest6 WHERE id BETWEEN 417922 AND 417931
	Aggregate  (cost=43.61..43.62 rows=1 width=8)
	  ->  Index Scan using sbtest6_pkey on sbtest6  (cost=0.43..43.58 rows=10 width=4)
	        Index Cond: ((id >= 417922) AND (id <= 417931))

table 7 : explain SELECT SUM(k) FROM sbtest7 WHERE id BETWEEN 8083060 AND 8083069
	Aggregate  (cost=43.90..43.91 rows=1 width=8)
	  ->  Index Scan using sbtest7_pkey on sbtest7  (cost=0.43..43.87 rows=10 width=4)
	        Index Cond: ((id >= 8083060) AND (id <= 8083069))

table 8 : explain SELECT SUM(k) FROM sbtest8 WHERE id BETWEEN 9218195 AND 9218204
	Aggregate  (cost=43.80..43.81 rows=1 width=8)
	  ->  Index Scan using sbtest8_pkey on sbtest8  (cost=0.43..43.78 rows=10 width=4)
	        Index Cond: ((id >= 9218195) AND (id <= 9218204))

for: order_ranges
table 1 : explain SELECT c FROM sbtest1 WHERE id BETWEEN 1600451 AND 1600460 ORDER BY c
	Sort  (cost=44.00..44.03 rows=10 width=121)
	  Sort Key: c
	  ->  Index Scan using sbtest1_pkey on sbtest1  (cost=0.43..43.84 rows=10 width=121)
	        Index Cond: ((id >= 1600451) AND (id <= 1600460))

table 2 : explain SELECT c FROM sbtest2 WHERE id BETWEEN 2957008 AND 2957017 ORDER BY c
	Sort  (cost=43.99..44.02 rows=10 width=121)
	  Sort Key: c
	  ->  Index Scan using sbtest2_pkey on sbtest2  (cost=0.43..43.83 rows=10 width=121)
	        Index Cond: ((id >= 2957008) AND (id <= 2957017))

table 3 : explain SELECT c FROM sbtest3 WHERE id BETWEEN 2703364 AND 2703373 ORDER BY c
	Sort  (cost=43.92..43.95 rows=10 width=121)
	  Sort Key: c
	  ->  Index Scan using sbtest3_pkey on sbtest3  (cost=0.43..43.76 rows=10 width=121)
	        Index Cond: ((id >= 2703364) AND (id <= 2703373))

table 4 : explain SELECT c FROM sbtest4 WHERE id BETWEEN 1285479 AND 1285488 ORDER BY c
	Sort  (cost=43.91..43.93 rows=10 width=121)
	  Sort Key: c
	  ->  Index Scan using sbtest4_pkey on sbtest4  (cost=0.43..43.74 rows=10 width=121)
	        Index Cond: ((id >= 1285479) AND (id <= 1285488))

table 5 : explain SELECT c FROM sbtest5 WHERE id BETWEEN 2861749 AND 2861758 ORDER BY c
	Sort  (cost=39.96..39.99 rows=9 width=121)
	  Sort Key: c
	  ->  Index Scan using sbtest5_pkey on sbtest5  (cost=0.43..39.82 rows=9 width=121)
	        Index Cond: ((id >= 2861749) AND (id <= 2861758))

table 6 : explain SELECT c FROM sbtest6 WHERE id BETWEEN 4378918 AND 4378927 ORDER BY c
	Sort  (cost=43.75..43.78 rows=10 width=121)
	  Sort Key: c
	  ->  Index Scan using sbtest6_pkey on sbtest6  (cost=0.43..43.58 rows=10 width=121)
	        Index Cond: ((id >= 4378918) AND (id <= 4378927))

table 7 : explain SELECT c FROM sbtest7 WHERE id BETWEEN 5927845 AND 5927854 ORDER BY c
	Sort  (cost=44.04..44.06 rows=10 width=121)
	  Sort Key: c
	  ->  Index Scan using sbtest7_pkey on sbtest7  (cost=0.43..43.87 rows=10 width=121)
	        Index Cond: ((id >= 5927845) AND (id <= 5927854))

table 8 : explain SELECT c FROM sbtest8 WHERE id BETWEEN 5732325 AND 5732334 ORDER BY c
	Sort  (cost=43.94..43.97 rows=10 width=121)
	  Sort Key: c
	  ->  Index Scan using sbtest8_pkey on sbtest8  (cost=0.43..43.78 rows=10 width=121)
	        Index Cond: ((id >= 5732325) AND (id <= 5732334))

for: distinct_ranges
table 1 : explain SELECT DISTINCT c FROM sbtest1 WHERE id BETWEEN 8341890 AND 8341899 ORDER BY c
	Unique  (cost=44.00..44.05 rows=10 width=121)
	  ->  Sort  (cost=44.00..44.03 rows=10 width=121)
	        Sort Key: c
	        ->  Index Scan using sbtest1_pkey on sbtest1  (cost=0.43..43.84 rows=10 width=121)
	              Index Cond: ((id >= 8341890) AND (id <= 8341899))

table 2 : explain SELECT DISTINCT c FROM sbtest2 WHERE id BETWEEN 9199403 AND 9199412 ORDER BY c
	Unique  (cost=43.99..44.04 rows=10 width=121)
	  ->  Sort  (cost=43.99..44.02 rows=10 width=121)
	        Sort Key: c
	        ->  Index Scan using sbtest2_pkey on sbtest2  (cost=0.43..43.83 rows=10 width=121)
	              Index Cond: ((id >= 9199403) AND (id <= 9199412))

table 3 : explain SELECT DISTINCT c FROM sbtest3 WHERE id BETWEEN 657632 AND 657641 ORDER BY c
	Unique  (cost=43.92..43.97 rows=10 width=121)
	  ->  Sort  (cost=43.92..43.95 rows=10 width=121)
	        Sort Key: c
	        ->  Index Scan using sbtest3_pkey on sbtest3  (cost=0.43..43.76 rows=10 width=121)
	              Index Cond: ((id >= 657632) AND (id <= 657641))

table 4 : explain SELECT DISTINCT c FROM sbtest4 WHERE id BETWEEN 2277346 AND 2277355 ORDER BY c
	Unique  (cost=43.91..43.96 rows=10 width=121)
	  ->  Sort  (cost=43.91..43.93 rows=10 width=121)
	        Sort Key: c
	        ->  Index Scan using sbtest4_pkey on sbtest4  (cost=0.43..43.74 rows=10 width=121)
	              Index Cond: ((id >= 2277346) AND (id <= 2277355))

table 5 : explain SELECT DISTINCT c FROM sbtest5 WHERE id BETWEEN 5067086 AND 5067095 ORDER BY c
	Unique  (cost=47.85..47.91 rows=11 width=121)
	  ->  Sort  (cost=47.85..47.88 rows=11 width=121)
	        Sort Key: c
	        ->  Index Scan using sbtest5_pkey on sbtest5  (cost=0.43..47.66 rows=11 width=121)
	              Index Cond: ((id >= 5067086) AND (id <= 5067095))

table 6 : explain SELECT DISTINCT c FROM sbtest6 WHERE id BETWEEN 7751112 AND 7751121 ORDER BY c
	Unique  (cost=43.75..43.80 rows=10 width=121)
	  ->  Sort  (cost=43.75..43.78 rows=10 width=121)
	        Sort Key: c
	        ->  Index Scan using sbtest6_pkey on sbtest6  (cost=0.43..43.58 rows=10 width=121)
	              Index Cond: ((id >= 7751112) AND (id <= 7751121))

table 7 : explain SELECT DISTINCT c FROM sbtest7 WHERE id BETWEEN 4296472 AND 4296481 ORDER BY c
	Unique  (cost=44.04..44.09 rows=10 width=121)
	  ->  Sort  (cost=44.04..44.06 rows=10 width=121)
	        Sort Key: c
	        ->  Index Scan using sbtest7_pkey on sbtest7  (cost=0.43..43.87 rows=10 width=121)
	              Index Cond: ((id >= 4296472) AND (id <= 4296481))

table 8 : explain SELECT DISTINCT c FROM sbtest8 WHERE id BETWEEN 5679281 AND 5679290 ORDER BY c
	Unique  (cost=43.94..43.99 rows=10 width=121)
	  ->  Sort  (cost=43.94..43.97 rows=10 width=121)
	        Sort Key: c
	        ->  Index Scan using sbtest8_pkey on sbtest8  (cost=0.43..43.78 rows=10 width=121)
	              Index Cond: ((id >= 5679281) AND (id <= 5679290))

for: simple_ranges
table 1 : explain SELECT c FROM sbtest1 WHERE id BETWEEN 3179288 AND 3179297
	Index Scan using sbtest1_pkey on sbtest1  (cost=0.43..43.84 rows=10 width=121)
	  Index Cond: ((id >= 3179288) AND (id <= 3179297))

table 2 : explain SELECT c FROM sbtest2 WHERE id BETWEEN 1059458 AND 1059467
	Index Scan using sbtest2_pkey on sbtest2  (cost=0.43..43.83 rows=10 width=121)
	  Index Cond: ((id >= 1059458) AND (id <= 1059467))

table 3 : explain SELECT c FROM sbtest3 WHERE id BETWEEN 3070820 AND 3070829
	Index Scan using sbtest3_pkey on sbtest3  (cost=0.43..47.68 rows=11 width=121)
	  Index Cond: ((id >= 3070820) AND (id <= 3070829))

table 4 : explain SELECT c FROM sbtest4 WHERE id BETWEEN 7802008 AND 7802017
	Index Scan using sbtest4_pkey on sbtest4  (cost=0.43..43.74 rows=10 width=121)
	  Index Cond: ((id >= 7802008) AND (id <= 7802017))

table 5 : explain SELECT c FROM sbtest5 WHERE id BETWEEN 5215973 AND 5215982
	Index Scan using sbtest5_pkey on sbtest5  (cost=0.43..39.82 rows=9 width=121)
	  Index Cond: ((id >= 5215973) AND (id <= 5215982))

table 6 : explain SELECT c FROM sbtest6 WHERE id BETWEEN 7621329 AND 7621338
	Index Scan using sbtest6_pkey on sbtest6  (cost=0.43..47.49 rows=11 width=121)
	  Index Cond: ((id >= 7621329) AND (id <= 7621338))

table 7 : explain SELECT c FROM sbtest7 WHERE id BETWEEN 2461695 AND 2461704
	Index Scan using sbtest7_pkey on sbtest7  (cost=0.43..43.87 rows=10 width=121)
	  Index Cond: ((id >= 2461695) AND (id <= 2461704))

table 8 : explain SELECT c FROM sbtest8 WHERE id BETWEEN 3225773 AND 3225782
	Index Scan using sbtest8_pkey on sbtest8  (cost=0.43..43.78 rows=10 width=121)
	  Index Cond: ((id >= 3225773) AND (id <= 3225782))

for: order_ranges
table 1 : explain SELECT c FROM sbtest1 WHERE id BETWEEN 1258399 AND 1258408 ORDER BY c
	Sort  (cost=44.00..44.03 rows=10 width=121)
	  Sort Key: c
	  ->  Index Scan using sbtest1_pkey on sbtest1  (cost=0.43..43.84 rows=10 width=121)
	        Index Cond: ((id >= 1258399) AND (id <= 1258408))

table 2 : explain SELECT c FROM sbtest2 WHERE id BETWEEN 9312405 AND 9312414 ORDER BY c
	Sort  (cost=43.99..44.02 rows=10 width=121)
	  Sort Key: c
	  ->  Index Scan using sbtest2_pkey on sbtest2  (cost=0.43..43.83 rows=10 width=121)
	        Index Cond: ((id >= 9312405) AND (id <= 9312414))

table 3 : explain SELECT c FROM sbtest3 WHERE id BETWEEN 7049887 AND 7049896 ORDER BY c
	Sort  (cost=43.92..43.95 rows=10 width=121)
	  Sort Key: c
	  ->  Index Scan using sbtest3_pkey on sbtest3  (cost=0.43..43.76 rows=10 width=121)
	        Index Cond: ((id >= 7049887) AND (id <= 7049896))

table 4 : explain SELECT c FROM sbtest4 WHERE id BETWEEN 6697113 AND 6697122 ORDER BY c
	Sort  (cost=43.91..43.93 rows=10 width=121)
	  Sort Key: c
	  ->  Index Scan using sbtest4_pkey on sbtest4  (cost=0.43..43.74 rows=10 width=121)
	        Index Cond: ((id >= 6697113) AND (id <= 6697122))

table 5 : explain SELECT c FROM sbtest5 WHERE id BETWEEN 1255836 AND 1255845 ORDER BY c
	Sort  (cost=43.91..43.93 rows=10 width=121)
	  Sort Key: c
	  ->  Index Scan using sbtest5_pkey on sbtest5  (cost=0.43..43.74 rows=10 width=121)
	        Index Cond: ((id >= 1255836) AND (id <= 1255845))

table 6 : explain SELECT c FROM sbtest6 WHERE id BETWEEN 6468738 AND 6468747 ORDER BY c
	Sort  (cost=43.75..43.78 rows=10 width=121)
	  Sort Key: c
	  ->  Index Scan using sbtest6_pkey on sbtest6  (cost=0.43..43.58 rows=10 width=121)
	        Index Cond: ((id >= 6468738) AND (id <= 6468747))

table 7 : explain SELECT c FROM sbtest7 WHERE id BETWEEN 8317602 AND 8317611 ORDER BY c
	Sort  (cost=40.08..40.10 rows=9 width=121)
	  Sort Key: c
	  ->  Index Scan using sbtest7_pkey on sbtest7  (cost=0.43..39.94 rows=9 width=121)
	        Index Cond: ((id >= 8317602) AND (id <= 8317611))

table 8 : explain SELECT c FROM sbtest8 WHERE id BETWEEN 8225074 AND 8225083 ORDER BY c
	Sort  (cost=43.94..43.97 rows=10 width=121)
	  Sort Key: c
	  ->  Index Scan using sbtest8_pkey on sbtest8  (cost=0.43..43.78 rows=10 width=121)
	        Index Cond: ((id >= 8225074) AND (id <= 8225083))

for: sum_ranges
table 1 : explain SELECT SUM(k) FROM sbtest1 WHERE id BETWEEN 8904450 AND 8904459
	Aggregate  (cost=47.80..47.81 rows=1 width=8)
	  ->  Index Scan using sbtest1_pkey on sbtest1  (cost=0.43..47.77 rows=11 width=4)
	        Index Cond: ((id >= 8904450) AND (id <= 8904459))

table 2 : explain SELECT SUM(k) FROM sbtest2 WHERE id BETWEEN 9613972 AND 9613981
	Aggregate  (cost=43.85..43.86 rows=1 width=8)
	  ->  Index Scan using sbtest2_pkey on sbtest2  (cost=0.43..43.83 rows=10 width=4)
	        Index Cond: ((id >= 9613972) AND (id <= 9613981))

table 3 : explain SELECT SUM(k) FROM sbtest3 WHERE id BETWEEN 5925642 AND 5925651
	Aggregate  (cost=43.78..43.79 rows=1 width=8)
	  ->  Index Scan using sbtest3_pkey on sbtest3  (cost=0.43..43.76 rows=10 width=4)
	        Index Cond: ((id >= 5925642) AND (id <= 5925651))

table 4 : explain SELECT SUM(k) FROM sbtest4 WHERE id BETWEEN 8983376 AND 8983385
	Aggregate  (cost=43.77..43.78 rows=1 width=8)
	  ->  Index Scan using sbtest4_pkey on sbtest4  (cost=0.43..43.74 rows=10 width=4)
	        Index Cond: ((id >= 8983376) AND (id <= 8983385))

table 5 : explain SELECT SUM(k) FROM sbtest5 WHERE id BETWEEN 5897679 AND 5897688
	Aggregate  (cost=43.77..43.78 rows=1 width=8)
	  ->  Index Scan using sbtest5_pkey on sbtest5  (cost=0.43..43.74 rows=10 width=4)
	        Index Cond: ((id >= 5897679) AND (id <= 5897688))

table 6 : explain SELECT SUM(k) FROM sbtest6 WHERE id BETWEEN 6556793 AND 6556802
	Aggregate  (cost=47.52..47.53 rows=1 width=8)
	  ->  Index Scan using sbtest6_pkey on sbtest6  (cost=0.43..47.49 rows=11 width=4)
	        Index Cond: ((id >= 6556793) AND (id <= 6556802))

table 7 : explain SELECT SUM(k) FROM sbtest7 WHERE id BETWEEN 51520 AND 51529
	Aggregate  (cost=39.96..39.97 rows=1 width=8)
	  ->  Index Scan using sbtest7_pkey on sbtest7  (cost=0.43..39.94 rows=9 width=4)
	        Index Cond: ((id >= 51520) AND (id <= 51529))

table 8 : explain SELECT SUM(k) FROM sbtest8 WHERE id BETWEEN 9689805 AND 9689814
	Aggregate  (cost=43.80..43.81 rows=1 width=8)
	  ->  Index Scan using sbtest8_pkey on sbtest8  (cost=0.43..43.78 rows=10 width=4)
	        Index Cond: ((id >= 9689805) AND (id <= 9689814))

for: sum_ranges
table 1 : explain SELECT SUM(k) FROM sbtest1 WHERE id BETWEEN 9630851 AND 9630860
	Aggregate  (cost=47.80..47.81 rows=1 width=8)
	  ->  Index Scan using sbtest1_pkey on sbtest1  (cost=0.43..47.77 rows=11 width=4)
	        Index Cond: ((id >= 9630851) AND (id <= 9630860))

table 2 : explain SELECT SUM(k) FROM sbtest2 WHERE id BETWEEN 1955243 AND 1955252
	Aggregate  (cost=43.85..43.86 rows=1 width=8)
	  ->  Index Scan using sbtest2_pkey on sbtest2  (cost=0.43..43.83 rows=10 width=4)
	        Index Cond: ((id >= 1955243) AND (id <= 1955252))

table 3 : explain SELECT SUM(k) FROM sbtest3 WHERE id BETWEEN 1244631 AND 1244640
	Aggregate  (cost=43.78..43.79 rows=1 width=8)
	  ->  Index Scan using sbtest3_pkey on sbtest3  (cost=0.43..43.76 rows=10 width=4)
	        Index Cond: ((id >= 1244631) AND (id <= 1244640))

table 4 : explain SELECT SUM(k) FROM sbtest4 WHERE id BETWEEN 8479000 AND 8479009
	Aggregate  (cost=43.77..43.78 rows=1 width=8)
	  ->  Index Scan using sbtest4_pkey on sbtest4  (cost=0.43..43.74 rows=10 width=4)
	        Index Cond: ((id >= 8479000) AND (id <= 8479009))

table 5 : explain SELECT SUM(k) FROM sbtest5 WHERE id BETWEEN 5260955 AND 5260964
	Aggregate  (cost=39.84..39.85 rows=1 width=8)
	  ->  Index Scan using sbtest5_pkey on sbtest5  (cost=0.43..39.82 rows=9 width=4)
	        Index Cond: ((id >= 5260955) AND (id <= 5260964))

table 6 : explain SELECT SUM(k) FROM sbtest6 WHERE id BETWEEN 8774085 AND 8774094
	Aggregate  (cost=43.61..43.62 rows=1 width=8)
	  ->  Index Scan using sbtest6_pkey on sbtest6  (cost=0.43..43.58 rows=10 width=4)
	        Index Cond: ((id >= 8774085) AND (id <= 8774094))

table 7 : explain SELECT SUM(k) FROM sbtest7 WHERE id BETWEEN 468434 AND 468443
	Aggregate  (cost=47.84..47.85 rows=1 width=8)
	  ->  Index Scan using sbtest7_pkey on sbtest7  (cost=0.43..47.81 rows=11 width=4)
	        Index Cond: ((id >= 468434) AND (id <= 468443))

table 8 : explain SELECT SUM(k) FROM sbtest8 WHERE id BETWEEN 7435201 AND 7435210
	Aggregate  (cost=43.80..43.81 rows=1 width=8)
	  ->  Index Scan using sbtest8_pkey on sbtest8  (cost=0.43..43.78 rows=10 width=4)
	        Index Cond: ((id >= 7435201) AND (id <= 7435210))

for: sum_ranges
table 1 : explain SELECT SUM(k) FROM sbtest1 WHERE id BETWEEN 1888108 AND 1888117
	Aggregate  (cost=39.93..39.94 rows=1 width=8)
	  ->  Index Scan using sbtest1_pkey on sbtest1  (cost=0.43..39.91 rows=9 width=4)
	        Index Cond: ((id >= 1888108) AND (id <= 1888117))

table 2 : explain SELECT SUM(k) FROM sbtest2 WHERE id BETWEEN 7509562 AND 7509571
	Aggregate  (cost=43.85..43.86 rows=1 width=8)
	  ->  Index Scan using sbtest2_pkey on sbtest2  (cost=0.43..43.83 rows=10 width=4)
	        Index Cond: ((id >= 7509562) AND (id <= 7509571))

table 3 : explain SELECT SUM(k) FROM sbtest3 WHERE id BETWEEN 8216642 AND 8216651
	Aggregate  (cost=39.86..39.87 rows=1 width=8)
	  ->  Index Scan using sbtest3_pkey on sbtest3  (cost=0.43..39.84 rows=9 width=4)
	        Index Cond: ((id >= 8216642) AND (id <= 8216651))

table 4 : explain SELECT SUM(k) FROM sbtest4 WHERE id BETWEEN 8945129 AND 8945138
	Aggregate  (cost=43.77..43.78 rows=1 width=8)
	  ->  Index Scan using sbtest4_pkey on sbtest4  (cost=0.43..43.74 rows=10 width=4)
	        Index Cond: ((id >= 8945129) AND (id <= 8945138))

table 5 : explain SELECT SUM(k) FROM sbtest5 WHERE id BETWEEN 6049479 AND 6049488
	Aggregate  (cost=39.84..39.85 rows=1 width=8)
	  ->  Index Scan using sbtest5_pkey on sbtest5  (cost=0.43..39.82 rows=9 width=4)
	        Index Cond: ((id >= 6049479) AND (id <= 6049488))

table 6 : explain SELECT SUM(k) FROM sbtest6 WHERE id BETWEEN 5054350 AND 5054359
	Aggregate  (cost=39.70..39.71 rows=1 width=8)
	  ->  Index Scan using sbtest6_pkey on sbtest6  (cost=0.43..39.68 rows=9 width=4)
	        Index Cond: ((id >= 5054350) AND (id <= 5054359))

table 7 : explain SELECT SUM(k) FROM sbtest7 WHERE id BETWEEN 3567457 AND 3567466
	Aggregate  (cost=43.90..43.91 rows=1 width=8)
	  ->  Index Scan using sbtest7_pkey on sbtest7  (cost=0.43..43.87 rows=10 width=4)
	        Index Cond: ((id >= 3567457) AND (id <= 3567466))

table 8 : explain SELECT SUM(k) FROM sbtest8 WHERE id BETWEEN 9087137 AND 9087146
	Aggregate  (cost=47.73..47.74 rows=1 width=8)
	  ->  Index Scan using sbtest8_pkey on sbtest8  (cost=0.43..47.70 rows=11 width=4)
	        Index Cond: ((id >= 9087137) AND (id <= 9087146))

for: distinct_ranges
table 1 : explain SELECT DISTINCT c FROM sbtest1 WHERE id BETWEEN 2569949 AND 2569958 ORDER BY c
	Unique  (cost=44.00..44.05 rows=10 width=121)
	  ->  Sort  (cost=44.00..44.03 rows=10 width=121)
	        Sort Key: c
	        ->  Index Scan using sbtest1_pkey on sbtest1  (cost=0.43..43.84 rows=10 width=121)
	              Index Cond: ((id >= 2569949) AND (id <= 2569958))

table 2 : explain SELECT DISTINCT c FROM sbtest2 WHERE id BETWEEN 7980222 AND 7980231 ORDER BY c
	Unique  (cost=43.99..44.04 rows=10 width=121)
	  ->  Sort  (cost=43.99..44.02 rows=10 width=121)
	        Sort Key: c
	        ->  Index Scan using sbtest2_pkey on sbtest2  (cost=0.43..43.83 rows=10 width=121)
	              Index Cond: ((id >= 7980222) AND (id <= 7980231))

table 3 : explain SELECT DISTINCT c FROM sbtest3 WHERE id BETWEEN 4730947 AND 4730956 ORDER BY c
	Unique  (cost=43.92..43.97 rows=10 width=121)
	  ->  Sort  (cost=43.92..43.95 rows=10 width=121)
	        Sort Key: c
	        ->  Index Scan using sbtest3_pkey on sbtest3  (cost=0.43..43.76 rows=10 width=121)
	              Index Cond: ((id >= 4730947) AND (id <= 4730956))

table 4 : explain SELECT DISTINCT c FROM sbtest4 WHERE id BETWEEN 7463124 AND 7463133 ORDER BY c
	Unique  (cost=43.91..43.96 rows=10 width=121)
	  ->  Sort  (cost=43.91..43.93 rows=10 width=121)
	        Sort Key: c
	        ->  Index Scan using sbtest4_pkey on sbtest4  (cost=0.43..43.74 rows=10 width=121)
	              Index Cond: ((id >= 7463124) AND (id <= 7463133))

table 5 : explain SELECT DISTINCT c FROM sbtest5 WHERE id BETWEEN 5861924 AND 5861933 ORDER BY c
	Unique  (cost=39.96..40.01 rows=9 width=121)
	  ->  Sort  (cost=39.96..39.99 rows=9 width=121)
	        Sort Key: c
	        ->  Index Scan using sbtest5_pkey on sbtest5  (cost=0.43..39.82 rows=9 width=121)
	              Index Cond: ((id >= 5861924) AND (id <= 5861933))

table 6 : explain SELECT DISTINCT c FROM sbtest6 WHERE id BETWEEN 3188217 AND 3188226 ORDER BY c
	Unique  (cost=47.68..47.73 rows=11 width=121)
	  ->  Sort  (cost=47.68..47.71 rows=11 width=121)
	        Sort Key: c
	        ->  Index Scan using sbtest6_pkey on sbtest6  (cost=0.43..47.49 rows=11 width=121)
	              Index Cond: ((id >= 3188217) AND (id <= 3188226))

table 7 : explain SELECT DISTINCT c FROM sbtest7 WHERE id BETWEEN 6177967 AND 6177976 ORDER BY c
	Unique  (cost=44.04..44.09 rows=10 width=121)
	  ->  Sort  (cost=44.04..44.06 rows=10 width=121)
	        Sort Key: c
	        ->  Index Scan using sbtest7_pkey on sbtest7  (cost=0.43..43.87 rows=10 width=121)
	              Index Cond: ((id >= 6177967) AND (id <= 6177976))

table 8 : explain SELECT DISTINCT c FROM sbtest8 WHERE id BETWEEN 1533488 AND 1533497 ORDER BY c
	Unique  (cost=43.94..43.99 rows=10 width=121)
	  ->  Sort  (cost=43.94..43.97 rows=10 width=121)
	        Sort Key: c
	        ->  Index Scan using sbtest8_pkey on sbtest8  (cost=0.43..43.78 rows=10 width=121)
	              Index Cond: ((id >= 1533488) AND (id <= 1533497))

for: sum_ranges
table 1 : explain SELECT SUM(k) FROM sbtest1 WHERE id BETWEEN 8656576 AND 8656585
	Aggregate  (cost=47.80..47.81 rows=1 width=8)
	  ->  Index Scan using sbtest1_pkey on sbtest1  (cost=0.43..47.77 rows=11 width=4)
	        Index Cond: ((id >= 8656576) AND (id <= 8656585))

table 2 : explain SELECT SUM(k) FROM sbtest2 WHERE id BETWEEN 340780 AND 340789
	Aggregate  (cost=43.85..43.86 rows=1 width=8)
	  ->  Index Scan using sbtest2_pkey on sbtest2  (cost=0.43..43.83 rows=10 width=4)
	        Index Cond: ((id >= 340780) AND (id <= 340789))

table 3 : explain SELECT SUM(k) FROM sbtest3 WHERE id BETWEEN 9900300 AND 9900309
	Aggregate  (cost=43.78..43.79 rows=1 width=8)
	  ->  Index Scan using sbtest3_pkey on sbtest3  (cost=0.43..43.76 rows=10 width=4)
	        Index Cond: ((id >= 9900300) AND (id <= 9900309))

table 4 : explain SELECT SUM(k) FROM sbtest4 WHERE id BETWEEN 3079426 AND 3079435
	Aggregate  (cost=43.77..43.78 rows=1 width=8)
	  ->  Index Scan using sbtest4_pkey on sbtest4  (cost=0.43..43.74 rows=10 width=4)
	        Index Cond: ((id >= 3079426) AND (id <= 3079435))

table 5 : explain SELECT SUM(k) FROM sbtest5 WHERE id BETWEEN 2344402 AND 2344411
	Aggregate  (cost=39.84..39.85 rows=1 width=8)
	  ->  Index Scan using sbtest5_pkey on sbtest5  (cost=0.43..39.82 rows=9 width=4)
	        Index Cond: ((id >= 2344402) AND (id <= 2344411))

table 6 : explain SELECT SUM(k) FROM sbtest6 WHERE id BETWEEN 4637824 AND 4637833
	Aggregate  (cost=39.70..39.71 rows=1 width=8)
	  ->  Index Scan using sbtest6_pkey on sbtest6  (cost=0.43..39.68 rows=9 width=4)
	        Index Cond: ((id >= 4637824) AND (id <= 4637833))

table 7 : explain SELECT SUM(k) FROM sbtest7 WHERE id BETWEEN 1600632 AND 1600641
	Aggregate  (cost=43.90..43.91 rows=1 width=8)
	  ->  Index Scan using sbtest7_pkey on sbtest7  (cost=0.43..43.87 rows=10 width=4)
	        Index Cond: ((id >= 1600632) AND (id <= 1600641))

table 8 : explain SELECT SUM(k) FROM sbtest8 WHERE id BETWEEN 5593953 AND 5593962
	Aggregate  (cost=43.80..43.81 rows=1 width=8)
	  ->  Index Scan using sbtest8_pkey on sbtest8  (cost=0.43..43.78 rows=10 width=4)
	        Index Cond: ((id >= 5593953) AND (id <= 5593962))

for: distinct_ranges
table 1 : explain SELECT DISTINCT c FROM sbtest1 WHERE id BETWEEN 3758463 AND 3758472 ORDER BY c
	Unique  (cost=44.00..44.05 rows=10 width=121)
	  ->  Sort  (cost=44.00..44.03 rows=10 width=121)
	        Sort Key: c
	        ->  Index Scan using sbtest1_pkey on sbtest1  (cost=0.43..43.84 rows=10 width=121)
	              Index Cond: ((id >= 3758463) AND (id <= 3758472))

table 2 : explain SELECT DISTINCT c FROM sbtest2 WHERE id BETWEEN 2099098 AND 2099107 ORDER BY c
	Unique  (cost=43.99..44.04 rows=10 width=121)
	  ->  Sort  (cost=43.99..44.02 rows=10 width=121)
	        Sort Key: c
	        ->  Index Scan using sbtest2_pkey on sbtest2  (cost=0.43..43.83 rows=10 width=121)
	              Index Cond: ((id >= 2099098) AND (id <= 2099107))

table 3 : explain SELECT DISTINCT c FROM sbtest3 WHERE id BETWEEN 1698088 AND 1698097 ORDER BY c
	Unique  (cost=43.92..43.97 rows=10 width=121)
	  ->  Sort  (cost=43.92..43.95 rows=10 width=121)
	        Sort Key: c
	        ->  Index Scan using sbtest3_pkey on sbtest3  (cost=0.43..43.76 rows=10 width=121)
	              Index Cond: ((id >= 1698088) AND (id <= 1698097))

table 4 : explain SELECT DISTINCT c FROM sbtest4 WHERE id BETWEEN 9246060 AND 9246069 ORDER BY c
	Unique  (cost=43.91..43.96 rows=10 width=121)
	  ->  Sort  (cost=43.91..43.93 rows=10 width=121)
	        Sort Key: c
	        ->  Index Scan using sbtest4_pkey on sbtest4  (cost=0.43..43.74 rows=10 width=121)
	              Index Cond: ((id >= 9246060) AND (id <= 9246069))

table 5 : explain SELECT DISTINCT c FROM sbtest5 WHERE id BETWEEN 691630 AND 691639 ORDER BY c
	Unique  (cost=39.96..40.01 rows=9 width=121)
	  ->  Sort  (cost=39.96..39.99 rows=9 width=121)
	        Sort Key: c
	        ->  Index Scan using sbtest5_pkey on sbtest5  (cost=0.43..39.82 rows=9 width=121)
	              Index Cond: ((id >= 691630) AND (id <= 691639))

table 6 : explain SELECT DISTINCT c FROM sbtest6 WHERE id BETWEEN 6577883 AND 6577892 ORDER BY c
	Unique  (cost=47.68..47.73 rows=11 width=121)
	  ->  Sort  (cost=47.68..47.71 rows=11 width=121)
	        Sort Key: c
	        ->  Index Scan using sbtest6_pkey on sbtest6  (cost=0.43..47.49 rows=11 width=121)
	              Index Cond: ((id >= 6577883) AND (id <= 6577892))

table 7 : explain SELECT DISTINCT c FROM sbtest7 WHERE id BETWEEN 9034647 AND 9034656 ORDER BY c
	Unique  (cost=48.00..48.05 rows=11 width=121)
	  ->  Sort  (cost=48.00..48.03 rows=11 width=121)
	        Sort Key: c
	        ->  Index Scan using sbtest7_pkey on sbtest7  (cost=0.43..47.81 rows=11 width=121)
	              Index Cond: ((id >= 9034647) AND (id <= 9034656))

table 8 : explain SELECT DISTINCT c FROM sbtest8 WHERE id BETWEEN 140049 AND 140058 ORDER BY c
	Unique  (cost=43.94..43.99 rows=10 width=121)
	  ->  Sort  (cost=43.94..43.97 rows=10 width=121)
	        Sort Key: c
	        ->  Index Scan using sbtest8_pkey on sbtest8  (cost=0.43..43.78 rows=10 width=121)
	              Index Cond: ((id >= 140049) AND (id <= 140058))

for: order_ranges
table 1 : explain SELECT c FROM sbtest1 WHERE id BETWEEN 83493 AND 83502 ORDER BY c
	Sort  (cost=47.96..47.99 rows=11 width=121)
	  Sort Key: c
	  ->  Index Scan using sbtest1_pkey on sbtest1  (cost=0.43..47.77 rows=11 width=121)
	        Index Cond: ((id >= 83493) AND (id <= 83502))

table 2 : explain SELECT c FROM sbtest2 WHERE id BETWEEN 2391320 AND 2391329 ORDER BY c
	Sort  (cost=43.99..44.02 rows=10 width=121)
	  Sort Key: c
	  ->  Index Scan using sbtest2_pkey on sbtest2  (cost=0.43..43.83 rows=10 width=121)
	        Index Cond: ((id >= 2391320) AND (id <= 2391329))

table 3 : explain SELECT c FROM sbtest3 WHERE id BETWEEN 946484 AND 946493 ORDER BY c
	Sort  (cost=47.87..47.90 rows=11 width=121)
	  Sort Key: c
	  ->  Index Scan using sbtest3_pkey on sbtest3  (cost=0.43..47.68 rows=11 width=121)
	        Index Cond: ((id >= 946484) AND (id <= 946493))

table 4 : explain SELECT c FROM sbtest4 WHERE id BETWEEN 7691956 AND 7691965 ORDER BY c
	Sort  (cost=43.91..43.93 rows=10 width=121)
	  Sort Key: c
	  ->  Index Scan using sbtest4_pkey on sbtest4  (cost=0.43..43.74 rows=10 width=121)
	        Index Cond: ((id >= 7691956) AND (id <= 7691965))

table 5 : explain SELECT c FROM sbtest5 WHERE id BETWEEN 6871503 AND 6871512 ORDER BY c
	Sort  (cost=39.96..39.99 rows=9 width=121)
	  Sort Key: c
	  ->  Index Scan using sbtest5_pkey on sbtest5  (cost=0.43..39.82 rows=9 width=121)
	        Index Cond: ((id >= 6871503) AND (id <= 6871512))

table 6 : explain SELECT c FROM sbtest6 WHERE id BETWEEN 7167595 AND 7167604 ORDER BY c
	Sort  (cost=43.75..43.78 rows=10 width=121)
	  Sort Key: c
	  ->  Index Scan using sbtest6_pkey on sbtest6  (cost=0.43..43.58 rows=10 width=121)
	        Index Cond: ((id >= 7167595) AND (id <= 7167604))

table 7 : explain SELECT c FROM sbtest7 WHERE id BETWEEN 1804527 AND 1804536 ORDER BY c
	Sort  (cost=44.04..44.06 rows=10 width=121)
	  Sort Key: c
	  ->  Index Scan using sbtest7_pkey on sbtest7  (cost=0.43..43.87 rows=10 width=121)
	        Index Cond: ((id >= 1804527) AND (id <= 1804536))

table 8 : explain SELECT c FROM sbtest8 WHERE id BETWEEN 3210970 AND 3210979 ORDER BY c
	Sort  (cost=43.94..43.97 rows=10 width=121)
	  Sort Key: c
	  ->  Index Scan using sbtest8_pkey on sbtest8  (cost=0.43..43.78 rows=10 width=121)
	        Index Cond: ((id >= 3210970) AND (id <= 3210979))

for: distinct_ranges
table 1 : explain SELECT DISTINCT c FROM sbtest1 WHERE id BETWEEN 3689942 AND 3689951 ORDER BY c
	Unique  (cost=44.00..44.05 rows=10 width=121)
	  ->  Sort  (cost=44.00..44.03 rows=10 width=121)
	        Sort Key: c
	        ->  Index Scan using sbtest1_pkey on sbtest1  (cost=0.43..43.84 rows=10 width=121)
	              Index Cond: ((id >= 3689942) AND (id <= 3689951))

table 2 : explain SELECT DISTINCT c FROM sbtest2 WHERE id BETWEEN 1350648 AND 1350657 ORDER BY c
	Unique  (cost=43.99..44.04 rows=10 width=121)
	  ->  Sort  (cost=43.99..44.02 rows=10 width=121)
	        Sort Key: c
	        ->  Index Scan using sbtest2_pkey on sbtest2  (cost=0.43..43.83 rows=10 width=121)
	              Index Cond: ((id >= 1350648) AND (id <= 1350657))

table 3 : explain SELECT DISTINCT c FROM sbtest3 WHERE id BETWEEN 5951867 AND 5951876 ORDER BY c
	Unique  (cost=43.92..43.97 rows=10 width=121)
	  ->  Sort  (cost=43.92..43.95 rows=10 width=121)
	        Sort Key: c
	        ->  Index Scan using sbtest3_pkey on sbtest3  (cost=0.43..43.76 rows=10 width=121)
	              Index Cond: ((id >= 5951867) AND (id <= 5951876))

table 4 : explain SELECT DISTINCT c FROM sbtest4 WHERE id BETWEEN 1565372 AND 1565381 ORDER BY c
	Unique  (cost=43.91..43.96 rows=10 width=121)
	  ->  Sort  (cost=43.91..43.93 rows=10 width=121)
	        Sort Key: c
	        ->  Index Scan using sbtest4_pkey on sbtest4  (cost=0.43..43.74 rows=10 width=121)
	              Index Cond: ((id >= 1565372) AND (id <= 1565381))

table 5 : explain SELECT DISTINCT c FROM sbtest5 WHERE id BETWEEN 4627572 AND 4627581 ORDER BY c
	Unique  (cost=47.85..47.91 rows=11 width=121)
	  ->  Sort  (cost=47.85..47.88 rows=11 width=121)
	        Sort Key: c
	        ->  Index Scan using sbtest5_pkey on sbtest5  (cost=0.43..47.66 rows=11 width=121)
	              Index Cond: ((id >= 4627572) AND (id <= 4627581))

table 6 : explain SELECT DISTINCT c FROM sbtest6 WHERE id BETWEEN 7917767 AND 7917776 ORDER BY c
	Unique  (cost=43.75..43.80 rows=10 width=121)
	  ->  Sort  (cost=43.75..43.78 rows=10 width=121)
	        Sort Key: c
	        ->  Index Scan using sbtest6_pkey on sbtest6  (cost=0.43..43.58 rows=10 width=121)
	              Index Cond: ((id >= 7917767) AND (id <= 7917776))

table 7 : explain SELECT DISTINCT c FROM sbtest7 WHERE id BETWEEN 3081027 AND 3081036 ORDER BY c
	Unique  (cost=44.04..44.09 rows=10 width=121)
	  ->  Sort  (cost=44.04..44.06 rows=10 width=121)
	        Sort Key: c
	        ->  Index Scan using sbtest7_pkey on sbtest7  (cost=0.43..43.87 rows=10 width=121)
	              Index Cond: ((id >= 3081027) AND (id <= 3081036))

table 8 : explain SELECT DISTINCT c FROM sbtest8 WHERE id BETWEEN 5204893 AND 5204902 ORDER BY c
	Unique  (cost=47.89..47.95 rows=11 width=121)
	  ->  Sort  (cost=47.89..47.92 rows=11 width=121)
	        Sort Key: c
	        ->  Index Scan using sbtest8_pkey on sbtest8  (cost=0.43..47.70 rows=11 width=121)
	              Index Cond: ((id >= 5204893) AND (id <= 5204902))

for: sum_ranges
table 1 : explain SELECT SUM(k) FROM sbtest1 WHERE id BETWEEN 7499203 AND 7499212
	Aggregate  (cost=43.86..43.87 rows=1 width=8)
	  ->  Index Scan using sbtest1_pkey on sbtest1  (cost=0.43..43.84 rows=10 width=4)
	        Index Cond: ((id >= 7499203) AND (id <= 7499212))

table 2 : explain SELECT SUM(k) FROM sbtest2 WHERE id BETWEEN 1226159 AND 1226168
	Aggregate  (cost=47.78..47.79 rows=1 width=8)
	  ->  Index Scan using sbtest2_pkey on sbtest2  (cost=0.43..47.76 rows=11 width=4)
	        Index Cond: ((id >= 1226159) AND (id <= 1226168))

table 3 : explain SELECT SUM(k) FROM sbtest3 WHERE id BETWEEN 1416016 AND 1416025
	Aggregate  (cost=43.78..43.79 rows=1 width=8)
	  ->  Index Scan using sbtest3_pkey on sbtest3  (cost=0.43..43.76 rows=10 width=4)
	        Index Cond: ((id >= 1416016) AND (id <= 1416025))

table 4 : explain SELECT SUM(k) FROM sbtest4 WHERE id BETWEEN 4058045 AND 4058054
	Aggregate  (cost=43.77..43.78 rows=1 width=8)
	  ->  Index Scan using sbtest4_pkey on sbtest4  (cost=0.43..43.74 rows=10 width=4)
	        Index Cond: ((id >= 4058045) AND (id <= 4058054))

table 5 : explain SELECT SUM(k) FROM sbtest5 WHERE id BETWEEN 7778547 AND 7778556
	Aggregate  (cost=47.69..47.70 rows=1 width=8)
	  ->  Index Scan using sbtest5_pkey on sbtest5  (cost=0.43..47.66 rows=11 width=4)
	        Index Cond: ((id >= 7778547) AND (id <= 7778556))

table 6 : explain SELECT SUM(k) FROM sbtest6 WHERE id BETWEEN 7802439 AND 7802448
	Aggregate  (cost=43.61..43.62 rows=1 width=8)
	  ->  Index Scan using sbtest6_pkey on sbtest6  (cost=0.43..43.58 rows=10 width=4)
	        Index Cond: ((id >= 7802439) AND (id <= 7802448))

table 7 : explain SELECT SUM(k) FROM sbtest7 WHERE id BETWEEN 4895062 AND 4895071
	Aggregate  (cost=47.84..47.85 rows=1 width=8)
	  ->  Index Scan using sbtest7_pkey on sbtest7  (cost=0.43..47.81 rows=11 width=4)
	        Index Cond: ((id >= 4895062) AND (id <= 4895071))

table 8 : explain SELECT SUM(k) FROM sbtest8 WHERE id BETWEEN 4190478 AND 4190487
	Aggregate  (cost=43.80..43.81 rows=1 width=8)
	  ->  Index Scan using sbtest8_pkey on sbtest8  (cost=0.43..43.78 rows=10 width=4)
	        Index Cond: ((id >= 4190478) AND (id <= 4190487))

for: distinct_ranges
table 1 : explain SELECT DISTINCT c FROM sbtest1 WHERE id BETWEEN 3737624 AND 3737633 ORDER BY c
	Unique  (cost=44.00..44.05 rows=10 width=121)
	  ->  Sort  (cost=44.00..44.03 rows=10 width=121)
	        Sort Key: c
	        ->  Index Scan using sbtest1_pkey on sbtest1  (cost=0.43..43.84 rows=10 width=121)
	              Index Cond: ((id >= 3737624) AND (id <= 3737633))

table 2 : explain SELECT DISTINCT c FROM sbtest2 WHERE id BETWEEN 233955 AND 233964 ORDER BY c
	Unique  (cost=43.99..44.04 rows=10 width=121)
	  ->  Sort  (cost=43.99..44.02 rows=10 width=121)
	        Sort Key: c
	        ->  Index Scan using sbtest2_pkey on sbtest2  (cost=0.43..43.83 rows=10 width=121)
	              Index Cond: ((id >= 233955) AND (id <= 233964))

table 3 : explain SELECT DISTINCT c FROM sbtest3 WHERE id BETWEEN 4859401 AND 4859410 ORDER BY c
	Unique  (cost=43.92..43.97 rows=10 width=121)
	  ->  Sort  (cost=43.92..43.95 rows=10 width=121)
	        Sort Key: c
	        ->  Index Scan using sbtest3_pkey on sbtest3  (cost=0.43..43.76 rows=10 width=121)
	              Index Cond: ((id >= 4859401) AND (id <= 4859410))

table 4 : explain SELECT DISTINCT c FROM sbtest4 WHERE id BETWEEN 5906059 AND 5906068 ORDER BY c
	Unique  (cost=43.91..43.96 rows=10 width=121)
	  ->  Sort  (cost=43.91..43.93 rows=10 width=121)
	        Sort Key: c
	        ->  Index Scan using sbtest4_pkey on sbtest4  (cost=0.43..43.74 rows=10 width=121)
	              Index Cond: ((id >= 5906059) AND (id <= 5906068))

table 5 : explain SELECT DISTINCT c FROM sbtest5 WHERE id BETWEEN 8425164 AND 8425173 ORDER BY c
	Unique  (cost=43.91..43.96 rows=10 width=121)
	  ->  Sort  (cost=43.91..43.93 rows=10 width=121)
	        Sort Key: c
	        ->  Index Scan using sbtest5_pkey on sbtest5  (cost=0.43..43.74 rows=10 width=121)
	              Index Cond: ((id >= 8425164) AND (id <= 8425173))

table 6 : explain SELECT DISTINCT c FROM sbtest6 WHERE id BETWEEN 358889 AND 358898 ORDER BY c
	Unique  (cost=43.75..43.80 rows=10 width=121)
	  ->  Sort  (cost=43.75..43.78 rows=10 width=121)
	        Sort Key: c
	        ->  Index Scan using sbtest6_pkey on sbtest6  (cost=0.43..43.58 rows=10 width=121)
	              Index Cond: ((id >= 358889) AND (id <= 358898))

table 7 : explain SELECT DISTINCT c FROM sbtest7 WHERE id BETWEEN 1468704 AND 1468713 ORDER BY c
	Unique  (cost=44.04..44.09 rows=10 width=121)
	  ->  Sort  (cost=44.04..44.06 rows=10 width=121)
	        Sort Key: c
	        ->  Index Scan using sbtest7_pkey on sbtest7  (cost=0.43..43.87 rows=10 width=121)
	              Index Cond: ((id >= 1468704) AND (id <= 1468713))

table 8 : explain SELECT DISTINCT c FROM sbtest8 WHERE id BETWEEN 5474879 AND 5474888 ORDER BY c
	Unique  (cost=43.94..43.99 rows=10 width=121)
	  ->  Sort  (cost=43.94..43.97 rows=10 width=121)
	        Sort Key: c
	        ->  Index Scan using sbtest8_pkey on sbtest8  (cost=0.43..43.78 rows=10 width=121)
	              Index Cond: ((id >= 5474879) AND (id <= 5474888))

for: sum_ranges
table 1 : explain SELECT SUM(k) FROM sbtest1 WHERE id BETWEEN 8214964 AND 8214973
	Aggregate  (cost=43.86..43.87 rows=1 width=8)
	  ->  Index Scan using sbtest1_pkey on sbtest1  (cost=0.43..43.84 rows=10 width=4)
	        Index Cond: ((id >= 8214964) AND (id <= 8214973))

table 2 : explain SELECT SUM(k) FROM sbtest2 WHERE id BETWEEN 8905348 AND 8905357
	Aggregate  (cost=43.85..43.86 rows=1 width=8)
	  ->  Index Scan using sbtest2_pkey on sbtest2  (cost=0.43..43.83 rows=10 width=4)
	        Index Cond: ((id >= 8905348) AND (id <= 8905357))

table 3 : explain SELECT SUM(k) FROM sbtest3 WHERE id BETWEEN 1313657 AND 1313666
	Aggregate  (cost=47.71..47.72 rows=1 width=8)
	  ->  Index Scan using sbtest3_pkey on sbtest3  (cost=0.43..47.68 rows=11 width=4)
	        Index Cond: ((id >= 1313657) AND (id <= 1313666))

table 4 : explain SELECT SUM(k) FROM sbtest4 WHERE id BETWEEN 3567613 AND 3567622
	Aggregate  (cost=43.77..43.78 rows=1 width=8)
	  ->  Index Scan using sbtest4_pkey on sbtest4  (cost=0.43..43.74 rows=10 width=4)
	        Index Cond: ((id >= 3567613) AND (id <= 3567622))

table 5 : explain SELECT SUM(k) FROM sbtest5 WHERE id BETWEEN 2640718 AND 2640727
	Aggregate  (cost=39.84..39.85 rows=1 width=8)
	  ->  Index Scan using sbtest5_pkey on sbtest5  (cost=0.43..39.82 rows=9 width=4)
	        Index Cond: ((id >= 2640718) AND (id <= 2640727))

table 6 : explain SELECT SUM(k) FROM sbtest6 WHERE id BETWEEN 9299671 AND 9299680
	Aggregate  (cost=43.61..43.62 rows=1 width=8)
	  ->  Index Scan using sbtest6_pkey on sbtest6  (cost=0.43..43.58 rows=10 width=4)
	        Index Cond: ((id >= 9299671) AND (id <= 9299680))

table 7 : explain SELECT SUM(k) FROM sbtest7 WHERE id BETWEEN 8474058 AND 8474067
	Aggregate  (cost=47.84..47.85 rows=1 width=8)
	  ->  Index Scan using sbtest7_pkey on sbtest7  (cost=0.43..47.81 rows=11 width=4)
	        Index Cond: ((id >= 8474058) AND (id <= 8474067))

table 8 : explain SELECT SUM(k) FROM sbtest8 WHERE id BETWEEN 3332613 AND 3332622
	Aggregate  (cost=43.80..43.81 rows=1 width=8)
	  ->  Index Scan using sbtest8_pkey on sbtest8  (cost=0.43..43.78 rows=10 width=4)
	        Index Cond: ((id >= 3332613) AND (id <= 3332622))

for: order_ranges
table 1 : explain SELECT c FROM sbtest1 WHERE id BETWEEN 1446023 AND 1446032 ORDER BY c
	Sort  (cost=44.00..44.03 rows=10 width=121)
	  Sort Key: c
	  ->  Index Scan using sbtest1_pkey on sbtest1  (cost=0.43..43.84 rows=10 width=121)
	        Index Cond: ((id >= 1446023) AND (id <= 1446032))

table 2 : explain SELECT c FROM sbtest2 WHERE id BETWEEN 8244099 AND 8244108 ORDER BY c
	Sort  (cost=43.99..44.02 rows=10 width=121)
	  Sort Key: c
	  ->  Index Scan using sbtest2_pkey on sbtest2  (cost=0.43..43.83 rows=10 width=121)
	        Index Cond: ((id >= 8244099) AND (id <= 8244108))

table 3 : explain SELECT c FROM sbtest3 WHERE id BETWEEN 5323568 AND 5323577 ORDER BY c
	Sort  (cost=43.92..43.95 rows=10 width=121)
	  Sort Key: c
	  ->  Index Scan using sbtest3_pkey on sbtest3  (cost=0.43..43.76 rows=10 width=121)
	        Index Cond: ((id >= 5323568) AND (id <= 5323577))

table 4 : explain SELECT c FROM sbtest4 WHERE id BETWEEN 5276467 AND 5276476 ORDER BY c
	Sort  (cost=43.91..43.93 rows=10 width=121)
	  Sort Key: c
	  ->  Index Scan using sbtest4_pkey on sbtest4  (cost=0.43..43.74 rows=10 width=121)
	        Index Cond: ((id >= 5276467) AND (id <= 5276476))

table 5 : explain SELECT c FROM sbtest5 WHERE id BETWEEN 7256449 AND 7256458 ORDER BY c
	Sort  (cost=47.85..47.88 rows=11 width=121)
	  Sort Key: c
	  ->  Index Scan using sbtest5_pkey on sbtest5  (cost=0.43..47.66 rows=11 width=121)
	        Index Cond: ((id >= 7256449) AND (id <= 7256458))

table 6 : explain SELECT c FROM sbtest6 WHERE id BETWEEN 8134815 AND 8134824 ORDER BY c
	Sort  (cost=43.75..43.78 rows=10 width=121)
	  Sort Key: c
	  ->  Index Scan using sbtest6_pkey on sbtest6  (cost=0.43..43.58 rows=10 width=121)
	        Index Cond: ((id >= 8134815) AND (id <= 8134824))

table 7 : explain SELECT c FROM sbtest7 WHERE id BETWEEN 6092788 AND 6092797 ORDER BY c
	Sort  (cost=44.04..44.06 rows=10 width=121)
	  Sort Key: c
	  ->  Index Scan using sbtest7_pkey on sbtest7  (cost=0.43..43.87 rows=10 width=121)
	        Index Cond: ((id >= 6092788) AND (id <= 6092797))

table 8 : explain SELECT c FROM sbtest8 WHERE id BETWEEN 541400 AND 541409 ORDER BY c
	Sort  (cost=43.94..43.97 rows=10 width=121)
	  Sort Key: c
	  ->  Index Scan using sbtest8_pkey on sbtest8  (cost=0.43..43.78 rows=10 width=121)
	        Index Cond: ((id >= 541400) AND (id <= 541409))

for: order_ranges
table 1 : explain SELECT c FROM sbtest1 WHERE id BETWEEN 1573566 AND 1573575 ORDER BY c
	Sort  (cost=44.00..44.03 rows=10 width=121)
	  Sort Key: c
	  ->  Index Scan using sbtest1_pkey on sbtest1  (cost=0.43..43.84 rows=10 width=121)
	        Index Cond: ((id >= 1573566) AND (id <= 1573575))

table 2 : explain SELECT c FROM sbtest2 WHERE id BETWEEN 3556920 AND 3556929 ORDER BY c
	Sort  (cost=43.99..44.02 rows=10 width=121)
	  Sort Key: c
	  ->  Index Scan using sbtest2_pkey on sbtest2  (cost=0.43..43.83 rows=10 width=121)
	        Index Cond: ((id >= 3556920) AND (id <= 3556929))

table 3 : explain SELECT c FROM sbtest3 WHERE id BETWEEN 3086951 AND 3086960 ORDER BY c
	Sort  (cost=47.87..47.90 rows=11 width=121)
	  Sort Key: c
	  ->  Index Scan using sbtest3_pkey on sbtest3  (cost=0.43..47.68 rows=11 width=121)
	        Index Cond: ((id >= 3086951) AND (id <= 3086960))

table 4 : explain SELECT c FROM sbtest4 WHERE id BETWEEN 382713 AND 382722 ORDER BY c
	Sort  (cost=43.91..43.93 rows=10 width=121)
	  Sort Key: c
	  ->  Index Scan using sbtest4_pkey on sbtest4  (cost=0.43..43.74 rows=10 width=121)
	        Index Cond: ((id >= 382713) AND (id <= 382722))

table 5 : explain SELECT c FROM sbtest5 WHERE id BETWEEN 3154404 AND 3154413 ORDER BY c
	Sort  (cost=43.91..43.93 rows=10 width=121)
	  Sort Key: c
	  ->  Index Scan using sbtest5_pkey on sbtest5  (cost=0.43..43.74 rows=10 width=121)
	        Index Cond: ((id >= 3154404) AND (id <= 3154413))

table 6 : explain SELECT c FROM sbtest6 WHERE id BETWEEN 9935577 AND 9935586 ORDER BY c
	Sort  (cost=43.75..43.78 rows=10 width=121)
	  Sort Key: c
	  ->  Index Scan using sbtest6_pkey on sbtest6  (cost=0.43..43.58 rows=10 width=121)
	        Index Cond: ((id >= 9935577) AND (id <= 9935586))

table 7 : explain SELECT c FROM sbtest7 WHERE id BETWEEN 4476932 AND 4476941 ORDER BY c
	Sort  (cost=44.04..44.06 rows=10 width=121)
	  Sort Key: c
	  ->  Index Scan using sbtest7_pkey on sbtest7  (cost=0.43..43.87 rows=10 width=121)
	        Index Cond: ((id >= 4476932) AND (id <= 4476941))

table 8 : explain SELECT c FROM sbtest8 WHERE id BETWEEN 2177669 AND 2177678 ORDER BY c
	Sort  (cost=43.94..43.97 rows=10 width=121)
	  Sort Key: c
	  ->  Index Scan using sbtest8_pkey on sbtest8  (cost=0.43..43.78 rows=10 width=121)
	        Index Cond: ((id >= 2177669) AND (id <= 2177678))

for: distinct_ranges
table 1 : explain SELECT DISTINCT c FROM sbtest1 WHERE id BETWEEN 1030116 AND 1030125 ORDER BY c
	Unique  (cost=44.00..44.05 rows=10 width=121)
	  ->  Sort  (cost=44.00..44.03 rows=10 width=121)
	        Sort Key: c
	        ->  Index Scan using sbtest1_pkey on sbtest1  (cost=0.43..43.84 rows=10 width=121)
	              Index Cond: ((id >= 1030116) AND (id <= 1030125))

table 2 : explain SELECT DISTINCT c FROM sbtest2 WHERE id BETWEEN 5244765 AND 5244774 ORDER BY c
	Unique  (cost=47.95..48.00 rows=11 width=121)
	  ->  Sort  (cost=47.95..47.97 rows=11 width=121)
	        Sort Key: c
	        ->  Index Scan using sbtest2_pkey on sbtest2  (cost=0.43..47.76 rows=11 width=121)
	              Index Cond: ((id >= 5244765) AND (id <= 5244774))

table 3 : explain SELECT DISTINCT c FROM sbtest3 WHERE id BETWEEN 2724438 AND 2724447 ORDER BY c
	Unique  (cost=43.92..43.97 rows=10 width=121)
	  ->  Sort  (cost=43.92..43.95 rows=10 width=121)
	        Sort Key: c
	        ->  Index Scan using sbtest3_pkey on sbtest3  (cost=0.43..43.76 rows=10 width=121)
	              Index Cond: ((id >= 2724438) AND (id <= 2724447))

table 4 : explain SELECT DISTINCT c FROM sbtest4 WHERE id BETWEEN 6974102 AND 6974111 ORDER BY c
	Unique  (cost=43.91..43.96 rows=10 width=121)
	  ->  Sort  (cost=43.91..43.93 rows=10 width=121)
	        Sort Key: c
	        ->  Index Scan using sbtest4_pkey on sbtest4  (cost=0.43..43.74 rows=10 width=121)
	              Index Cond: ((id >= 6974102) AND (id <= 6974111))

table 5 : explain SELECT DISTINCT c FROM sbtest5 WHERE id BETWEEN 4013071 AND 4013080 ORDER BY c
	Unique  (cost=43.91..43.96 rows=10 width=121)
	  ->  Sort  (cost=43.91..43.93 rows=10 width=121)
	        Sort Key: c
	        ->  Index Scan using sbtest5_pkey on sbtest5  (cost=0.43..43.74 rows=10 width=121)
	              Index Cond: ((id >= 4013071) AND (id <= 4013080))

table 6 : explain SELECT DISTINCT c FROM sbtest6 WHERE id BETWEEN 9312270 AND 9312279 ORDER BY c
	Unique  (cost=43.75..43.80 rows=10 width=121)
	  ->  Sort  (cost=43.75..43.78 rows=10 width=121)
	        Sort Key: c
	        ->  Index Scan using sbtest6_pkey on sbtest6  (cost=0.43..43.58 rows=10 width=121)
	              Index Cond: ((id >= 9312270) AND (id <= 9312279))

table 7 : explain SELECT DISTINCT c FROM sbtest7 WHERE id BETWEEN 7533927 AND 7533936 ORDER BY c
	Unique  (cost=44.04..44.09 rows=10 width=121)
	  ->  Sort  (cost=44.04..44.06 rows=10 width=121)
	        Sort Key: c
	        ->  Index Scan using sbtest7_pkey on sbtest7  (cost=0.43..43.87 rows=10 width=121)
	              Index Cond: ((id >= 7533927) AND (id <= 7533936))

table 8 : explain SELECT DISTINCT c FROM sbtest8 WHERE id BETWEEN 7170856 AND 7170865 ORDER BY c
	Unique  (cost=47.89..47.95 rows=11 width=121)
	  ->  Sort  (cost=47.89..47.92 rows=11 width=121)
	        Sort Key: c
	        ->  Index Scan using sbtest8_pkey on sbtest8  (cost=0.43..47.70 rows=11 width=121)
	              Index Cond: ((id >= 7170856) AND (id <= 7170865))

for: order_ranges
table 1 : explain SELECT c FROM sbtest1 WHERE id BETWEEN 7232794 AND 7232803 ORDER BY c
	Sort  (cost=44.00..44.03 rows=10 width=121)
	  Sort Key: c
	  ->  Index Scan using sbtest1_pkey on sbtest1  (cost=0.43..43.84 rows=10 width=121)
	        Index Cond: ((id >= 7232794) AND (id <= 7232803))

table 2 : explain SELECT c FROM sbtest2 WHERE id BETWEEN 7317253 AND 7317262 ORDER BY c
	Sort  (cost=40.04..40.06 rows=9 width=121)
	  Sort Key: c
	  ->  Index Scan using sbtest2_pkey on sbtest2  (cost=0.43..39.90 rows=9 width=121)
	        Index Cond: ((id >= 7317253) AND (id <= 7317262))

table 3 : explain SELECT c FROM sbtest3 WHERE id BETWEEN 6797749 AND 6797758 ORDER BY c
	Sort  (cost=43.92..43.95 rows=10 width=121)
	  Sort Key: c
	  ->  Index Scan using sbtest3_pkey on sbtest3  (cost=0.43..43.76 rows=10 width=121)
	        Index Cond: ((id >= 6797749) AND (id <= 6797758))

table 4 : explain SELECT c FROM sbtest4 WHERE id BETWEEN 3315813 AND 3315822 ORDER BY c
	Sort  (cost=43.91..43.93 rows=10 width=121)
	  Sort Key: c
	  ->  Index Scan using sbtest4_pkey on sbtest4  (cost=0.43..43.74 rows=10 width=121)
	        Index Cond: ((id >= 3315813) AND (id <= 3315822))

table 5 : explain SELECT c FROM sbtest5 WHERE id BETWEEN 9383532 AND 9383541 ORDER BY c
	Sort  (cost=43.91..43.93 rows=10 width=121)
	  Sort Key: c
	  ->  Index Scan using sbtest5_pkey on sbtest5  (cost=0.43..43.74 rows=10 width=121)
	        Index Cond: ((id >= 9383532) AND (id <= 9383541))

table 6 : explain SELECT c FROM sbtest6 WHERE id BETWEEN 1433754 AND 1433763 ORDER BY c
	Sort  (cost=43.75..43.78 rows=10 width=121)
	  Sort Key: c
	  ->  Index Scan using sbtest6_pkey on sbtest6  (cost=0.43..43.58 rows=10 width=121)
	        Index Cond: ((id >= 1433754) AND (id <= 1433763))

table 7 : explain SELECT c FROM sbtest7 WHERE id BETWEEN 1801387 AND 1801396 ORDER BY c
	Sort  (cost=44.04..44.06 rows=10 width=121)
	  Sort Key: c
	  ->  Index Scan using sbtest7_pkey on sbtest7  (cost=0.43..43.87 rows=10 width=121)
	        Index Cond: ((id >= 1801387) AND (id <= 1801396))

table 8 : explain SELECT c FROM sbtest8 WHERE id BETWEEN 7396503 AND 7396512 ORDER BY c
	Sort  (cost=47.89..47.92 rows=11 width=121)
	  Sort Key: c
	  ->  Index Scan using sbtest8_pkey on sbtest8  (cost=0.43..47.70 rows=11 width=121)
	        Index Cond: ((id >= 7396503) AND (id <= 7396512))

for: order_ranges
table 1 : explain SELECT c FROM sbtest1 WHERE id BETWEEN 6441381 AND 6441390 ORDER BY c
	Sort  (cost=44.00..44.03 rows=10 width=121)
	  Sort Key: c
	  ->  Index Scan using sbtest1_pkey on sbtest1  (cost=0.43..43.84 rows=10 width=121)
	        Index Cond: ((id >= 6441381) AND (id <= 6441390))

table 2 : explain SELECT c FROM sbtest2 WHERE id BETWEEN 1220879 AND 1220888 ORDER BY c
	Sort  (cost=47.95..47.97 rows=11 width=121)
	  Sort Key: c
	  ->  Index Scan using sbtest2_pkey on sbtest2  (cost=0.43..47.76 rows=11 width=121)
	        Index Cond: ((id >= 1220879) AND (id <= 1220888))

table 3 : explain SELECT c FROM sbtest3 WHERE id BETWEEN 454101 AND 454110 ORDER BY c
	Sort  (cost=43.92..43.95 rows=10 width=121)
	  Sort Key: c
	  ->  Index Scan using sbtest3_pkey on sbtest3  (cost=0.43..43.76 rows=10 width=121)
	        Index Cond: ((id >= 454101) AND (id <= 454110))

table 4 : explain SELECT c FROM sbtest4 WHERE id BETWEEN 5940037 AND 5940046 ORDER BY c
	Sort  (cost=43.91..43.93 rows=10 width=121)
	  Sort Key: c
	  ->  Index Scan using sbtest4_pkey on sbtest4  (cost=0.43..43.74 rows=10 width=121)
	        Index Cond: ((id >= 5940037) AND (id <= 5940046))

table 5 : explain SELECT c FROM sbtest5 WHERE id BETWEEN 9203124 AND 9203133 ORDER BY c
	Sort  (cost=43.91..43.93 rows=10 width=121)
	  Sort Key: c
	  ->  Index Scan using sbtest5_pkey on sbtest5  (cost=0.43..43.74 rows=10 width=121)
	        Index Cond: ((id >= 9203124) AND (id <= 9203133))

table 6 : explain SELECT c FROM sbtest6 WHERE id BETWEEN 9370501 AND 9370510 ORDER BY c
	Sort  (cost=43.75..43.78 rows=10 width=121)
	  Sort Key: c
	  ->  Index Scan using sbtest6_pkey on sbtest6  (cost=0.43..43.58 rows=10 width=121)
	        Index Cond: ((id >= 9370501) AND (id <= 9370510))

table 7 : explain SELECT c FROM sbtest7 WHERE id BETWEEN 6664002 AND 6664011 ORDER BY c
	Sort  (cost=40.08..40.10 rows=9 width=121)
	  Sort Key: c
	  ->  Index Scan using sbtest7_pkey on sbtest7  (cost=0.43..39.94 rows=9 width=121)
	        Index Cond: ((id >= 6664002) AND (id <= 6664011))

table 8 : explain SELECT c FROM sbtest8 WHERE id BETWEEN 1681285 AND 1681294 ORDER BY c
	Sort  (cost=43.94..43.97 rows=10 width=121)
	  Sort Key: c
	  ->  Index Scan using sbtest8_pkey on sbtest8  (cost=0.43..43.78 rows=10 width=121)
	        Index Cond: ((id >= 1681285) AND (id <= 1681294))

for: distinct_ranges
table 1 : explain SELECT DISTINCT c FROM sbtest1 WHERE id BETWEEN 1611623 AND 1611632 ORDER BY c
	Unique  (cost=44.00..44.05 rows=10 width=121)
	  ->  Sort  (cost=44.00..44.03 rows=10 width=121)
	        Sort Key: c
	        ->  Index Scan using sbtest1_pkey on sbtest1  (cost=0.43..43.84 rows=10 width=121)
	              Index Cond: ((id >= 1611623) AND (id <= 1611632))

table 2 : explain SELECT DISTINCT c FROM sbtest2 WHERE id BETWEEN 6648702 AND 6648711 ORDER BY c
	Unique  (cost=43.99..44.04 rows=10 width=121)
	  ->  Sort  (cost=43.99..44.02 rows=10 width=121)
	        Sort Key: c
	        ->  Index Scan using sbtest2_pkey on sbtest2  (cost=0.43..43.83 rows=10 width=121)
	              Index Cond: ((id >= 6648702) AND (id <= 6648711))

table 3 : explain SELECT DISTINCT c FROM sbtest3 WHERE id BETWEEN 6722185 AND 6722194 ORDER BY c
	Unique  (cost=43.92..43.97 rows=10 width=121)
	  ->  Sort  (cost=43.92..43.95 rows=10 width=121)
	        Sort Key: c
	        ->  Index Scan using sbtest3_pkey on sbtest3  (cost=0.43..43.76 rows=10 width=121)
	              Index Cond: ((id >= 6722185) AND (id <= 6722194))

table 4 : explain SELECT DISTINCT c FROM sbtest4 WHERE id BETWEEN 196621 AND 196630 ORDER BY c
	Unique  (cost=43.91..43.96 rows=10 width=121)
	  ->  Sort  (cost=43.91..43.93 rows=10 width=121)
	        Sort Key: c
	        ->  Index Scan using sbtest4_pkey on sbtest4  (cost=0.43..43.74 rows=10 width=121)
	              Index Cond: ((id >= 196621) AND (id <= 196630))

table 5 : explain SELECT DISTINCT c FROM sbtest5 WHERE id BETWEEN 3557113 AND 3557122 ORDER BY c
	Unique  (cost=39.96..40.01 rows=9 width=121)
	  ->  Sort  (cost=39.96..39.99 rows=9 width=121)
	        Sort Key: c
	        ->  Index Scan using sbtest5_pkey on sbtest5  (cost=0.43..39.82 rows=9 width=121)
	              Index Cond: ((id >= 3557113) AND (id <= 3557122))

table 6 : explain SELECT DISTINCT c FROM sbtest6 WHERE id BETWEEN 3845824 AND 3845833 ORDER BY c
	Unique  (cost=43.75..43.80 rows=10 width=121)
	  ->  Sort  (cost=43.75..43.78 rows=10 width=121)
	        Sort Key: c
	        ->  Index Scan using sbtest6_pkey on sbtest6  (cost=0.43..43.58 rows=10 width=121)
	              Index Cond: ((id >= 3845824) AND (id <= 3845833))

table 7 : explain SELECT DISTINCT c FROM sbtest7 WHERE id BETWEEN 5937906 AND 5937915 ORDER BY c
	Unique  (cost=44.04..44.09 rows=10 width=121)
	  ->  Sort  (cost=44.04..44.06 rows=10 width=121)
	        Sort Key: c
	        ->  Index Scan using sbtest7_pkey on sbtest7  (cost=0.43..43.87 rows=10 width=121)
	              Index Cond: ((id >= 5937906) AND (id <= 5937915))

table 8 : explain SELECT DISTINCT c FROM sbtest8 WHERE id BETWEEN 6230895 AND 6230904 ORDER BY c
	Unique  (cost=43.94..43.99 rows=10 width=121)
	  ->  Sort  (cost=43.94..43.97 rows=10 width=121)
	        Sort Key: c
	        ->  Index Scan using sbtest8_pkey on sbtest8  (cost=0.43..43.78 rows=10 width=121)
	              Index Cond: ((id >= 6230895) AND (id <= 6230904))

for: distinct_ranges
table 1 : explain SELECT DISTINCT c FROM sbtest1 WHERE id BETWEEN 6170016 AND 6170025 ORDER BY c
	Unique  (cost=44.00..44.05 rows=10 width=121)
	  ->  Sort  (cost=44.00..44.03 rows=10 width=121)
	        Sort Key: c
	        ->  Index Scan using sbtest1_pkey on sbtest1  (cost=0.43..43.84 rows=10 width=121)
	              Index Cond: ((id >= 6170016) AND (id <= 6170025))

table 2 : explain SELECT DISTINCT c FROM sbtest2 WHERE id BETWEEN 75157 AND 75166 ORDER BY c
	Unique  (cost=40.04..40.08 rows=9 width=121)
	  ->  Sort  (cost=40.04..40.06 rows=9 width=121)
	        Sort Key: c
	        ->  Index Scan using sbtest2_pkey on sbtest2  (cost=0.43..39.90 rows=9 width=121)
	              Index Cond: ((id >= 75157) AND (id <= 75166))

table 3 : explain SELECT DISTINCT c FROM sbtest3 WHERE id BETWEEN 4996404 AND 4996413 ORDER BY c
	Unique  (cost=43.92..43.97 rows=10 width=121)
	  ->  Sort  (cost=43.92..43.95 rows=10 width=121)
	        Sort Key: c
	        ->  Index Scan using sbtest3_pkey on sbtest3  (cost=0.43..43.76 rows=10 width=121)
	              Index Cond: ((id >= 4996404) AND (id <= 4996413))

table 4 : explain SELECT DISTINCT c FROM sbtest4 WHERE id BETWEEN 9744161 AND 9744170 ORDER BY c
	Unique  (cost=43.91..43.96 rows=10 width=121)
	  ->  Sort  (cost=43.91..43.93 rows=10 width=121)
	        Sort Key: c
	        ->  Index Scan using sbtest4_pkey on sbtest4  (cost=0.43..43.74 rows=10 width=121)
	              Index Cond: ((id >= 9744161) AND (id <= 9744170))

table 5 : explain SELECT DISTINCT c FROM sbtest5 WHERE id BETWEEN 5369086 AND 5369095 ORDER BY c
	Unique  (cost=47.85..47.91 rows=11 width=121)
	  ->  Sort  (cost=47.85..47.88 rows=11 width=121)
	        Sort Key: c
	        ->  Index Scan using sbtest5_pkey on sbtest5  (cost=0.43..47.66 rows=11 width=121)
	              Index Cond: ((id >= 5369086) AND (id <= 5369095))

table 6 : explain SELECT DISTINCT c FROM sbtest6 WHERE id BETWEEN 7443708 AND 7443717 ORDER BY c
	Unique  (cost=43.75..43.80 rows=10 width=121)
	  ->  Sort  (cost=43.75..43.78 rows=10 width=121)
	        Sort Key: c
	        ->  Index Scan using sbtest6_pkey on sbtest6  (cost=0.43..43.58 rows=10 width=121)
	              Index Cond: ((id >= 7443708) AND (id <= 7443717))

table 7 : explain SELECT DISTINCT c FROM sbtest7 WHERE id BETWEEN 438486 AND 438495 ORDER BY c
	Unique  (cost=48.00..48.05 rows=11 width=121)
	  ->  Sort  (cost=48.00..48.03 rows=11 width=121)
	        Sort Key: c
	        ->  Index Scan using sbtest7_pkey on sbtest7  (cost=0.43..47.81 rows=11 width=121)
	              Index Cond: ((id >= 438486) AND (id <= 438495))

table 8 : explain SELECT DISTINCT c FROM sbtest8 WHERE id BETWEEN 6895286 AND 6895295 ORDER BY c
	Unique  (cost=43.94..43.99 rows=10 width=121)
	  ->  Sort  (cost=43.94..43.97 rows=10 width=121)
	        Sort Key: c
	        ->  Index Scan using sbtest8_pkey on sbtest8  (cost=0.43..43.78 rows=10 width=121)
	              Index Cond: ((id >= 6895286) AND (id <= 6895295))

for: sum_ranges
table 1 : explain SELECT SUM(k) FROM sbtest1 WHERE id BETWEEN 2762119 AND 2762128
	Aggregate  (cost=39.93..39.94 rows=1 width=8)
	  ->  Index Scan using sbtest1_pkey on sbtest1  (cost=0.43..39.91 rows=9 width=4)
	        Index Cond: ((id >= 2762119) AND (id <= 2762128))

table 2 : explain SELECT SUM(k) FROM sbtest2 WHERE id BETWEEN 7137647 AND 7137656
	Aggregate  (cost=47.78..47.79 rows=1 width=8)
	  ->  Index Scan using sbtest2_pkey on sbtest2  (cost=0.43..47.76 rows=11 width=4)
	        Index Cond: ((id >= 7137647) AND (id <= 7137656))

table 3 : explain SELECT SUM(k) FROM sbtest3 WHERE id BETWEEN 4093681 AND 4093690
	Aggregate  (cost=47.71..47.72 rows=1 width=8)
	  ->  Index Scan using sbtest3_pkey on sbtest3  (cost=0.43..47.68 rows=11 width=4)
	        Index Cond: ((id >= 4093681) AND (id <= 4093690))

table 4 : explain SELECT SUM(k) FROM sbtest4 WHERE id BETWEEN 2212531 AND 2212540
	Aggregate  (cost=43.77..43.78 rows=1 width=8)
	  ->  Index Scan using sbtest4_pkey on sbtest4  (cost=0.43..43.74 rows=10 width=4)
	        Index Cond: ((id >= 2212531) AND (id <= 2212540))

table 5 : explain SELECT SUM(k) FROM sbtest5 WHERE id BETWEEN 4650018 AND 4650027
	Aggregate  (cost=47.69..47.70 rows=1 width=8)
	  ->  Index Scan using sbtest5_pkey on sbtest5  (cost=0.43..47.66 rows=11 width=4)
	        Index Cond: ((id >= 4650018) AND (id <= 4650027))

table 6 : explain SELECT SUM(k) FROM sbtest6 WHERE id BETWEEN 5739575 AND 5739584
	Aggregate  (cost=43.61..43.62 rows=1 width=8)
	  ->  Index Scan using sbtest6_pkey on sbtest6  (cost=0.43..43.58 rows=10 width=4)
	        Index Cond: ((id >= 5739575) AND (id <= 5739584))

table 7 : explain SELECT SUM(k) FROM sbtest7 WHERE id BETWEEN 2702299 AND 2702308
	Aggregate  (cost=43.90..43.91 rows=1 width=8)
	  ->  Index Scan using sbtest7_pkey on sbtest7  (cost=0.43..43.87 rows=10 width=4)
	        Index Cond: ((id >= 2702299) AND (id <= 2702308))

table 8 : explain SELECT SUM(k) FROM sbtest8 WHERE id BETWEEN 3352044 AND 3352053
	Aggregate  (cost=39.87..39.88 rows=1 width=8)
	  ->  Index Scan using sbtest8_pkey on sbtest8  (cost=0.43..39.85 rows=9 width=4)
	        Index Cond: ((id >= 3352044) AND (id <= 3352053))
for: distinct_ranges
table 1 : explain SELECT DISTINCT c FROM sbtest1 WHERE id BETWEEN 2156446 AND 2156455 ORDER BY c
	Unique  (cost=47.96..48.01 rows=11 width=121)
	  ->  Sort  (cost=47.96..47.99 rows=11 width=121)
	        Sort Key: c
	        ->  Index Scan using sbtest1_pkey on sbtest1  (cost=0.43..47.77 rows=11 width=121)
	              Index Cond: ((id >= 2156446) AND (id <= 2156455))

table 2 : explain SELECT DISTINCT c FROM sbtest2 WHERE id BETWEEN 1937173 AND 1937182 ORDER BY c
	Unique  (cost=43.99..44.04 rows=10 width=121)
	  ->  Sort  (cost=43.99..44.02 rows=10 width=121)
	        Sort Key: c
	        ->  Index Scan using sbtest2_pkey on sbtest2  (cost=0.43..43.83 rows=10 width=121)
	              Index Cond: ((id >= 1937173) AND (id <= 1937182))

table 3 : explain SELECT DISTINCT c FROM sbtest3 WHERE id BETWEEN 1327685 AND 1327694 ORDER BY c
	Unique  (cost=47.87..47.93 rows=11 width=121)
	  ->  Sort  (cost=47.87..47.90 rows=11 width=121)
	        Sort Key: c
	        ->  Index Scan using sbtest3_pkey on sbtest3  (cost=0.43..47.68 rows=11 width=121)
	              Index Cond: ((id >= 1327685) AND (id <= 1327694))

table 4 : explain SELECT DISTINCT c FROM sbtest4 WHERE id BETWEEN 2367957 AND 2367966 ORDER BY c
	Unique  (cost=43.91..43.96 rows=10 width=121)
	  ->  Sort  (cost=43.91..43.93 rows=10 width=121)
	        Sort Key: c
	        ->  Index Scan using sbtest4_pkey on sbtest4  (cost=0.43..43.74 rows=10 width=121)
	              Index Cond: ((id >= 2367957) AND (id <= 2367966))

table 5 : explain SELECT DISTINCT c FROM sbtest5 WHERE id BETWEEN 5481033 AND 5481042 ORDER BY c
	Unique  (cost=43.91..43.96 rows=10 width=121)
	  ->  Sort  (cost=43.91..43.93 rows=10 width=121)
	        Sort Key: c
	        ->  Index Scan using sbtest5_pkey on sbtest5  (cost=0.43..43.74 rows=10 width=121)
	              Index Cond: ((id >= 5481033) AND (id <= 5481042))

table 6 : explain SELECT DISTINCT c FROM sbtest6 WHERE id BETWEEN 9262366 AND 9262375 ORDER BY c
	Unique  (cost=43.75..43.80 rows=10 width=121)
	  ->  Sort  (cost=43.75..43.78 rows=10 width=121)
	        Sort Key: c
	        ->  Index Scan using sbtest6_pkey on sbtest6  (cost=0.43..43.58 rows=10 width=121)
	              Index Cond: ((id >= 9262366) AND (id <= 9262375))

table 7 : explain SELECT DISTINCT c FROM sbtest7 WHERE id BETWEEN 7184169 AND 7184178 ORDER BY c
	Unique  (cost=48.00..48.05 rows=11 width=121)
	  ->  Sort  (cost=48.00..48.03 rows=11 width=121)
	        Sort Key: c
	        ->  Index Scan using sbtest7_pkey on sbtest7  (cost=0.43..47.81 rows=11 width=121)
	              Index Cond: ((id >= 7184169) AND (id <= 7184178))

table 8 : explain SELECT DISTINCT c FROM sbtest8 WHERE id BETWEEN 2757831 AND 2757840 ORDER BY c
	Unique  (cost=39.99..40.04 rows=9 width=121)
	  ->  Sort  (cost=39.99..40.02 rows=9 width=121)
	        Sort Key: c
	        ->  Index Scan using sbtest8_pkey on sbtest8  (cost=0.43..39.85 rows=9 width=121)
	              Index Cond: ((id >= 2757831) AND (id <= 2757840))


for: distinct_ranges
table 1 : explain SELECT DISTINCT c FROM sbtest1 WHERE id BETWEEN 2032043 AND 2032052 ORDER BY c
	Unique  (cost=40.05..40.09 rows=9 width=121)
	  ->  Sort  (cost=40.05..40.07 rows=9 width=121)
	        Sort Key: c
	        ->  Index Scan using sbtest1_pkey on sbtest1  (cost=0.43..39.91 rows=9 width=121)
	              Index Cond: ((id >= 2032043) AND (id <= 2032052))

table 2 : explain SELECT DISTINCT c FROM sbtest2 WHERE id BETWEEN 4240114 AND 4240123 ORDER BY c
	Unique  (cost=43.99..44.04 rows=10 width=121)
	  ->  Sort  (cost=43.99..44.02 rows=10 width=121)
	        Sort Key: c
	        ->  Index Scan using sbtest2_pkey on sbtest2  (cost=0.43..43.83 rows=10 width=121)
	              Index Cond: ((id >= 4240114) AND (id <= 4240123))

table 3 : explain SELECT DISTINCT c FROM sbtest3 WHERE id BETWEEN 7662099 AND 7662108 ORDER BY c
	Unique  (cost=43.92..43.97 rows=10 width=121)
	  ->  Sort  (cost=43.92..43.95 rows=10 width=121)
	        Sort Key: c
	        ->  Index Scan using sbtest3_pkey on sbtest3  (cost=0.43..43.76 rows=10 width=121)
	              Index Cond: ((id >= 7662099) AND (id <= 7662108))

table 4 : explain SELECT DISTINCT c FROM sbtest4 WHERE id BETWEEN 6386832 AND 6386841 ORDER BY c
	Unique  (cost=47.85..47.91 rows=11 width=121)
	  ->  Sort  (cost=47.85..47.88 rows=11 width=121)
	        Sort Key: c
	        ->  Index Scan using sbtest4_pkey on sbtest4  (cost=0.43..47.66 rows=11 width=121)
	              Index Cond: ((id >= 6386832) AND (id <= 6386841))

table 5 : explain SELECT DISTINCT c FROM sbtest5 WHERE id BETWEEN 3881691 AND 3881700 ORDER BY c
	Unique  (cost=43.91..43.96 rows=10 width=121)
	  ->  Sort  (cost=43.91..43.93 rows=10 width=121)
	        Sort Key: c
	        ->  Index Scan using sbtest5_pkey on sbtest5  (cost=0.43..43.74 rows=10 width=121)
	              Index Cond: ((id >= 3881691) AND (id <= 3881700))

table 6 : explain SELECT DISTINCT c FROM sbtest6 WHERE id BETWEEN 8294174 AND 8294183 ORDER BY c
	Unique  (cost=43.75..43.80 rows=10 width=121)
	  ->  Sort  (cost=43.75..43.78 rows=10 width=121)
	        Sort Key: c
	        ->  Index Scan using sbtest6_pkey on sbtest6  (cost=0.43..43.58 rows=10 width=121)
	              Index Cond: ((id >= 8294174) AND (id <= 8294183))

table 7 : explain SELECT DISTINCT c FROM sbtest7 WHERE id BETWEEN 8264309 AND 8264318 ORDER BY c
	Unique  (cost=40.08..40.12 rows=9 width=121)
	  ->  Sort  (cost=40.08..40.10 rows=9 width=121)
	        Sort Key: c
	        ->  Index Scan using sbtest7_pkey on sbtest7  (cost=0.43..39.94 rows=9 width=121)
	              Index Cond: ((id >= 8264309) AND (id <= 8264318))

table 8 : explain SELECT DISTINCT c FROM sbtest8 WHERE id BETWEEN 4415713 AND 4415722 ORDER BY c
	Unique  (cost=43.94..43.99 rows=10 width=121)
	  ->  Sort  (cost=43.94..43.97 rows=10 width=121)
	        Sort Key: c
	        ->  Index Scan using sbtest8_pkey on sbtest8  (cost=0.43..43.78 rows=10 width=121)
	              Index Cond: ((id >= 4415713) AND (id <= 4415722))

for: distinct_ranges
table 1 : explain SELECT DISTINCT c FROM sbtest1 WHERE id BETWEEN 1728162 AND 1728171 ORDER BY c
	Unique  (cost=47.96..48.01 rows=11 width=121)
	  ->  Sort  (cost=47.96..47.99 rows=11 width=121)
	        Sort Key: c
	        ->  Index Scan using sbtest1_pkey on sbtest1  (cost=0.43..47.77 rows=11 width=121)
	              Index Cond: ((id >= 1728162) AND (id <= 1728171))

table 2 : explain SELECT DISTINCT c FROM sbtest2 WHERE id BETWEEN 5170271 AND 5170280 ORDER BY c
	Unique  (cost=43.99..44.04 rows=10 width=121)
	  ->  Sort  (cost=43.99..44.02 rows=10 width=121)
	        Sort Key: c
	        ->  Index Scan using sbtest2_pkey on sbtest2  (cost=0.43..43.83 rows=10 width=121)
	              Index Cond: ((id >= 5170271) AND (id <= 5170280))

table 3 : explain SELECT DISTINCT c FROM sbtest3 WHERE id BETWEEN 6582457 AND 6582466 ORDER BY c
	Unique  (cost=39.98..40.02 rows=9 width=121)
	  ->  Sort  (cost=39.98..40.00 rows=9 width=121)
	        Sort Key: c
	        ->  Index Scan using sbtest3_pkey on sbtest3  (cost=0.43..39.84 rows=9 width=121)
	              Index Cond: ((id >= 6582457) AND (id <= 6582466))

table 4 : explain SELECT DISTINCT c FROM sbtest4 WHERE id BETWEEN 3806200 AND 3806209 ORDER BY c
	Unique  (cost=39.96..40.01 rows=9 width=121)
	  ->  Sort  (cost=39.96..39.99 rows=9 width=121)
	        Sort Key: c
	        ->  Index Scan using sbtest4_pkey on sbtest4  (cost=0.43..39.82 rows=9 width=121)
	              Index Cond: ((id >= 3806200) AND (id <= 3806209))

table 5 : explain SELECT DISTINCT c FROM sbtest5 WHERE id BETWEEN 1172240 AND 1172249 ORDER BY c
	Unique  (cost=47.85..47.91 rows=11 width=121)
	  ->  Sort  (cost=47.85..47.88 rows=11 width=121)
	        Sort Key: c
	        ->  Index Scan using sbtest5_pkey on sbtest5  (cost=0.43..47.66 rows=11 width=121)
	              Index Cond: ((id >= 1172240) AND (id <= 1172249))

table 6 : explain SELECT DISTINCT c FROM sbtest6 WHERE id BETWEEN 5041937 AND 5041946 ORDER BY c
	Unique  (cost=39.82..39.87 rows=9 width=121)
	  ->  Sort  (cost=39.82..39.85 rows=9 width=121)
	        Sort Key: c
	        ->  Index Scan using sbtest6_pkey on sbtest6  (cost=0.43..39.68 rows=9 width=121)
	              Index Cond: ((id >= 5041937) AND (id <= 5041946))

table 7 : explain SELECT DISTINCT c FROM sbtest7 WHERE id BETWEEN 4482543 AND 4482552 ORDER BY c
	Unique  (cost=44.04..44.09 rows=10 width=121)
	  ->  Sort  (cost=44.04..44.06 rows=10 width=121)
	        Sort Key: c
	        ->  Index Scan using sbtest7_pkey on sbtest7  (cost=0.43..43.87 rows=10 width=121)
	              Index Cond: ((id >= 4482543) AND (id <= 4482552))

table 8 : explain SELECT DISTINCT c FROM sbtest8 WHERE id BETWEEN 2146525 AND 2146534 ORDER BY c
	Unique  (cost=43.94..43.99 rows=10 width=121)
	  ->  Sort  (cost=43.94..43.97 rows=10 width=121)
	        Sort Key: c
	        ->  Index Scan using sbtest8_pkey on sbtest8  (cost=0.43..43.78 rows=10 width=121)
	              Index Cond: ((id >= 2146525) AND (id <= 2146534))

for: distinct_ranges
table 1 : explain SELECT DISTINCT c FROM sbtest1 WHERE id BETWEEN 2787071 AND 2787080 ORDER BY c
	Unique  (cost=40.05..40.09 rows=9 width=121)
	  ->  Sort  (cost=40.05..40.07 rows=9 width=121)
	        Sort Key: c
	        ->  Index Scan using sbtest1_pkey on sbtest1  (cost=0.43..39.91 rows=9 width=121)
	              Index Cond: ((id >= 2787071) AND (id <= 2787080))

table 2 : explain SELECT DISTINCT c FROM sbtest2 WHERE id BETWEEN 7006384 AND 7006393 ORDER BY c
	Unique  (cost=43.99..44.04 rows=10 width=121)
	  ->  Sort  (cost=43.99..44.02 rows=10 width=121)
	        Sort Key: c
	        ->  Index Scan using sbtest2_pkey on sbtest2  (cost=0.43..43.83 rows=10 width=121)
	              Index Cond: ((id >= 7006384) AND (id <= 7006393))

table 3 : explain SELECT DISTINCT c FROM sbtest3 WHERE id BETWEEN 280993 AND 281002 ORDER BY c
	Unique  (cost=47.87..47.93 rows=11 width=121)
	  ->  Sort  (cost=47.87..47.90 rows=11 width=121)
	        Sort Key: c
	        ->  Index Scan using sbtest3_pkey on sbtest3  (cost=0.43..47.68 rows=11 width=121)
	              Index Cond: ((id >= 280993) AND (id <= 281002))

table 4 : explain SELECT DISTINCT c FROM sbtest4 WHERE id BETWEEN 3308743 AND 3308752 ORDER BY c
	Unique  (cost=43.91..43.96 rows=10 width=121)
	  ->  Sort  (cost=43.91..43.93 rows=10 width=121)
	        Sort Key: c
	        ->  Index Scan using sbtest4_pkey on sbtest4  (cost=0.43..43.74 rows=10 width=121)
	              Index Cond: ((id >= 3308743) AND (id <= 3308752))

table 5 : explain SELECT DISTINCT c FROM sbtest5 WHERE id BETWEEN 1322973 AND 1322982 ORDER BY c
	Unique  (cost=47.85..47.91 rows=11 width=121)
	  ->  Sort  (cost=47.85..47.88 rows=11 width=121)
	        Sort Key: c
	        ->  Index Scan using sbtest5_pkey on sbtest5  (cost=0.43..47.66 rows=11 width=121)
	              Index Cond: ((id >= 1322973) AND (id <= 1322982))

table 6 : explain SELECT DISTINCT c FROM sbtest6 WHERE id BETWEEN 7158559 AND 7158568 ORDER BY c
	Unique  (cost=43.75..43.80 rows=10 width=121)
	  ->  Sort  (cost=43.75..43.78 rows=10 width=121)
	        Sort Key: c
	        ->  Index Scan using sbtest6_pkey on sbtest6  (cost=0.43..43.58 rows=10 width=121)
	              Index Cond: ((id >= 7158559) AND (id <= 7158568))

table 7 : explain SELECT DISTINCT c FROM sbtest7 WHERE id BETWEEN 4626782 AND 4626791 ORDER BY c
	Unique  (cost=44.04..44.09 rows=10 width=121)
	  ->  Sort  (cost=44.04..44.06 rows=10 width=121)
	        Sort Key: c
	        ->  Index Scan using sbtest7_pkey on sbtest7  (cost=0.43..43.87 rows=10 width=121)
	              Index Cond: ((id >= 4626782) AND (id <= 4626791))

table 8 : explain SELECT DISTINCT c FROM sbtest8 WHERE id BETWEEN 671273 AND 671282 ORDER BY c
	Unique  (cost=47.89..47.95 rows=11 width=121)
	  ->  Sort  (cost=47.89..47.92 rows=11 width=121)
	        Sort Key: c
	        ->  Index Scan using sbtest8_pkey on sbtest8  (cost=0.43..47.70 rows=11 width=121)
	              Index Cond: ((id >= 671273) AND (id <= 671282))

for: order_ranges
table 1 : explain SELECT c FROM sbtest1 WHERE id BETWEEN 7757001 AND 7757010 ORDER BY c
	Sort  (cost=40.05..40.07 rows=9 width=121)
	  Sort Key: c
	  ->  Index Scan using sbtest1_pkey on sbtest1  (cost=0.43..39.91 rows=9 width=121)
	        Index Cond: ((id >= 7757001) AND (id <= 7757010))

table 2 : explain SELECT c FROM sbtest2 WHERE id BETWEEN 1554098 AND 1554107 ORDER BY c
	Sort  (cost=43.99..44.02 rows=10 width=121)
	  Sort Key: c
	  ->  Index Scan using sbtest2_pkey on sbtest2  (cost=0.43..43.83 rows=10 width=121)
	        Index Cond: ((id >= 1554098) AND (id <= 1554107))

table 3 : explain SELECT c FROM sbtest3 WHERE id BETWEEN 8943672 AND 8943681 ORDER BY c
	Sort  (cost=39.98..40.00 rows=9 width=121)
	  Sort Key: c
	  ->  Index Scan using sbtest3_pkey on sbtest3  (cost=0.43..39.84 rows=9 width=121)
	        Index Cond: ((id >= 8943672) AND (id <= 8943681))

table 4 : explain SELECT c FROM sbtest4 WHERE id BETWEEN 6906619 AND 6906628 ORDER BY c
	Sort  (cost=43.91..43.93 rows=10 width=121)
	  Sort Key: c
	  ->  Index Scan using sbtest4_pkey on sbtest4  (cost=0.43..43.74 rows=10 width=121)
	        Index Cond: ((id >= 6906619) AND (id <= 6906628))

table 5 : explain SELECT c FROM sbtest5 WHERE id BETWEEN 9426967 AND 9426976 ORDER BY c
	Sort  (cost=39.96..39.99 rows=9 width=121)
	  Sort Key: c
	  ->  Index Scan using sbtest5_pkey on sbtest5  (cost=0.43..39.82 rows=9 width=121)
	        Index Cond: ((id >= 9426967) AND (id <= 9426976))

table 6 : explain SELECT c FROM sbtest6 WHERE id BETWEEN 3802943 AND 3802952 ORDER BY c
	Sort  (cost=43.75..43.78 rows=10 width=121)
	  Sort Key: c
	  ->  Index Scan using sbtest6_pkey on sbtest6  (cost=0.43..43.58 rows=10 width=121)
	        Index Cond: ((id >= 3802943) AND (id <= 3802952))

table 7 : explain SELECT c FROM sbtest7 WHERE id BETWEEN 4939861 AND 4939870 ORDER BY c
	Sort  (cost=48.00..48.03 rows=11 width=121)
	  Sort Key: c
	  ->  Index Scan using sbtest7_pkey on sbtest7  (cost=0.43..47.81 rows=11 width=121)
	        Index Cond: ((id >= 4939861) AND (id <= 4939870))

table 8 : explain SELECT c FROM sbtest8 WHERE id BETWEEN 9833502 AND 9833511 ORDER BY c
	Sort  (cost=39.99..40.02 rows=9 width=121)
	  Sort Key: c
	  ->  Index Scan using sbtest8_pkey on sbtest8  (cost=0.43..39.85 rows=9 width=121)
	        Index Cond: ((id >= 9833502) AND (id <= 9833511))

for: sum_ranges
table 1 : explain SELECT SUM(k) FROM sbtest1 WHERE id BETWEEN 764181 AND 764190
	Aggregate  (cost=43.86..43.87 rows=1 width=8)
	  ->  Index Scan using sbtest1_pkey on sbtest1  (cost=0.43..43.84 rows=10 width=4)
	        Index Cond: ((id >= 764181) AND (id <= 764190))

table 2 : explain SELECT SUM(k) FROM sbtest2 WHERE id BETWEEN 9098999 AND 9099008
	Aggregate  (cost=47.78..47.79 rows=1 width=8)
	  ->  Index Scan using sbtest2_pkey on sbtest2  (cost=0.43..47.76 rows=11 width=4)
	        Index Cond: ((id >= 9098999) AND (id <= 9099008))

table 3 : explain SELECT SUM(k) FROM sbtest3 WHERE id BETWEEN 1794492 AND 1794501
	Aggregate  (cost=43.78..43.79 rows=1 width=8)
	  ->  Index Scan using sbtest3_pkey on sbtest3  (cost=0.43..43.76 rows=10 width=4)
	        Index Cond: ((id >= 1794492) AND (id <= 1794501))

table 4 : explain SELECT SUM(k) FROM sbtest4 WHERE id BETWEEN 685588 AND 685597
	Aggregate  (cost=43.77..43.78 rows=1 width=8)
	  ->  Index Scan using sbtest4_pkey on sbtest4  (cost=0.43..43.74 rows=10 width=4)
	        Index Cond: ((id >= 685588) AND (id <= 685597))

table 5 : explain SELECT SUM(k) FROM sbtest5 WHERE id BETWEEN 8593214 AND 8593223
	Aggregate  (cost=39.84..39.85 rows=1 width=8)
	  ->  Index Scan using sbtest5_pkey on sbtest5  (cost=0.43..39.82 rows=9 width=4)
	        Index Cond: ((id >= 8593214) AND (id <= 8593223))

table 6 : explain SELECT SUM(k) FROM sbtest6 WHERE id BETWEEN 3719900 AND 3719909
	Aggregate  (cost=43.61..43.62 rows=1 width=8)
	  ->  Index Scan using sbtest6_pkey on sbtest6  (cost=0.43..43.58 rows=10 width=4)
	        Index Cond: ((id >= 3719900) AND (id <= 3719909))

table 7 : explain SELECT SUM(k) FROM sbtest7 WHERE id BETWEEN 8119199 AND 8119208
	Aggregate  (cost=43.90..43.91 rows=1 width=8)
	  ->  Index Scan using sbtest7_pkey on sbtest7  (cost=0.43..43.87 rows=10 width=4)
	        Index Cond: ((id >= 8119199) AND (id <= 8119208))

table 8 : explain SELECT SUM(k) FROM sbtest8 WHERE id BETWEEN 3239203 AND 3239212
	Aggregate  (cost=43.80..43.81 rows=1 width=8)
	  ->  Index Scan using sbtest8_pkey on sbtest8  (cost=0.43..43.78 rows=10 width=4)
	        Index Cond: ((id >= 3239203) AND (id <= 3239212))

for: sum_ranges
table 1 : explain SELECT SUM(k) FROM sbtest1 WHERE id BETWEEN 5156908 AND 5156917
	Aggregate  (cost=47.80..47.81 rows=1 width=8)
	  ->  Index Scan using sbtest1_pkey on sbtest1  (cost=0.43..47.77 rows=11 width=4)
	        Index Cond: ((id >= 5156908) AND (id <= 5156917))

table 2 : explain SELECT SUM(k) FROM sbtest2 WHERE id BETWEEN 2474406 AND 2474415
	Aggregate  (cost=43.85..43.86 rows=1 width=8)
	  ->  Index Scan using sbtest2_pkey on sbtest2  (cost=0.43..43.83 rows=10 width=4)
	        Index Cond: ((id >= 2474406) AND (id <= 2474415))

table 3 : explain SELECT SUM(k) FROM sbtest3 WHERE id BETWEEN 5473428 AND 5473437
	Aggregate  (cost=43.78..43.79 rows=1 width=8)
	  ->  Index Scan using sbtest3_pkey on sbtest3  (cost=0.43..43.76 rows=10 width=4)
	        Index Cond: ((id >= 5473428) AND (id <= 5473437))

table 4 : explain SELECT SUM(k) FROM sbtest4 WHERE id BETWEEN 5413538 AND 5413547
	Aggregate  (cost=43.77..43.78 rows=1 width=8)
	  ->  Index Scan using sbtest4_pkey on sbtest4  (cost=0.43..43.74 rows=10 width=4)
	        Index Cond: ((id >= 5413538) AND (id <= 5413547))

table 5 : explain SELECT SUM(k) FROM sbtest5 WHERE id BETWEEN 8132397 AND 8132406
	Aggregate  (cost=39.84..39.85 rows=1 width=8)
	  ->  Index Scan using sbtest5_pkey on sbtest5  (cost=0.43..39.82 rows=9 width=4)
	        Index Cond: ((id >= 8132397) AND (id <= 8132406))

table 6 : explain SELECT SUM(k) FROM sbtest6 WHERE id BETWEEN 6904196 AND 6904205
	Aggregate  (cost=43.61..43.62 rows=1 width=8)
	  ->  Index Scan using sbtest6_pkey on sbtest6  (cost=0.43..43.58 rows=10 width=4)
	        Index Cond: ((id >= 6904196) AND (id <= 6904205))

table 7 : explain SELECT SUM(k) FROM sbtest7 WHERE id BETWEEN 1386696 AND 1386705
	Aggregate  (cost=47.84..47.85 rows=1 width=8)
	  ->  Index Scan using sbtest7_pkey on sbtest7  (cost=0.43..47.81 rows=11 width=4)
	        Index Cond: ((id >= 1386696) AND (id <= 1386705))

table 8 : explain SELECT SUM(k) FROM sbtest8 WHERE id BETWEEN 5551853 AND 5551862
	Aggregate  (cost=43.80..43.81 rows=1 width=8)
	  ->  Index Scan using sbtest8_pkey on sbtest8  (cost=0.43..43.78 rows=10 width=4)
	        Index Cond: ((id >= 5551853) AND (id <= 5551862))

for: distinct_ranges
table 1 : explain SELECT DISTINCT c FROM sbtest1 WHERE id BETWEEN 8770482 AND 8770491 ORDER BY c
	Unique  (cost=40.05..40.09 rows=9 width=121)
	  ->  Sort  (cost=40.05..40.07 rows=9 width=121)
	        Sort Key: c
	        ->  Index Scan using sbtest1_pkey on sbtest1  (cost=0.43..39.91 rows=9 width=121)
	              Index Cond: ((id >= 8770482) AND (id <= 8770491))

table 2 : explain SELECT DISTINCT c FROM sbtest2 WHERE id BETWEEN 3485080 AND 3485089 ORDER BY c
	Unique  (cost=47.95..48.00 rows=11 width=121)
	  ->  Sort  (cost=47.95..47.97 rows=11 width=121)
	        Sort Key: c
	        ->  Index Scan using sbtest2_pkey on sbtest2  (cost=0.43..47.76 rows=11 width=121)
	              Index Cond: ((id >= 3485080) AND (id <= 3485089))

table 3 : explain SELECT DISTINCT c FROM sbtest3 WHERE id BETWEEN 7533750 AND 7533759 ORDER BY c
	Unique  (cost=47.87..47.93 rows=11 width=121)
	  ->  Sort  (cost=47.87..47.90 rows=11 width=121)
	        Sort Key: c
	        ->  Index Scan using sbtest3_pkey on sbtest3  (cost=0.43..47.68 rows=11 width=121)
	              Index Cond: ((id >= 7533750) AND (id <= 7533759))

table 4 : explain SELECT DISTINCT c FROM sbtest4 WHERE id BETWEEN 1725138 AND 1725147 ORDER BY c
	Unique  (cost=43.91..43.96 rows=10 width=121)
	  ->  Sort  (cost=43.91..43.93 rows=10 width=121)
	        Sort Key: c
	        ->  Index Scan using sbtest4_pkey on sbtest4  (cost=0.43..43.74 rows=10 width=121)
	              Index Cond: ((id >= 1725138) AND (id <= 1725147))

table 5 : explain SELECT DISTINCT c FROM sbtest5 WHERE id BETWEEN 9843963 AND 9843972 ORDER BY c
	Unique  (cost=43.91..43.96 rows=10 width=121)
	  ->  Sort  (cost=43.91..43.93 rows=10 width=121)
	        Sort Key: c
	        ->  Index Scan using sbtest5_pkey on sbtest5  (cost=0.43..43.74 rows=10 width=121)
	              Index Cond: ((id >= 9843963) AND (id <= 9843972))

table 6 : explain SELECT DISTINCT c FROM sbtest6 WHERE id BETWEEN 5411020 AND 5411029 ORDER BY c
	Unique  (cost=43.75..43.80 rows=10 width=121)
	  ->  Sort  (cost=43.75..43.78 rows=10 width=121)
	        Sort Key: c
	        ->  Index Scan using sbtest6_pkey on sbtest6  (cost=0.43..43.58 rows=10 width=121)
	              Index Cond: ((id >= 5411020) AND (id <= 5411029))

table 7 : explain SELECT DISTINCT c FROM sbtest7 WHERE id BETWEEN 5459803 AND 5459812 ORDER BY c
	Unique  (cost=44.04..44.09 rows=10 width=121)
	  ->  Sort  (cost=44.04..44.06 rows=10 width=121)
	        Sort Key: c
	        ->  Index Scan using sbtest7_pkey on sbtest7  (cost=0.43..43.87 rows=10 width=121)
	              Index Cond: ((id >= 5459803) AND (id <= 5459812))

table 8 : explain SELECT DISTINCT c FROM sbtest8 WHERE id BETWEEN 4660227 AND 4660236 ORDER BY c
	Unique  (cost=39.99..40.04 rows=9 width=121)
	  ->  Sort  (cost=39.99..40.02 rows=9 width=121)
	        Sort Key: c
	        ->  Index Scan using sbtest8_pkey on sbtest8  (cost=0.43..39.85 rows=9 width=121)
	              Index Cond: ((id >= 4660227) AND (id <= 4660236))

for: sum_ranges
table 1 : explain SELECT SUM(k) FROM sbtest1 WHERE id BETWEEN 4617500 AND 4617509
	Aggregate  (cost=47.80..47.81 rows=1 width=8)
	  ->  Index Scan using sbtest1_pkey on sbtest1  (cost=0.43..47.77 rows=11 width=4)
	        Index Cond: ((id >= 4617500) AND (id <= 4617509))

table 2 : explain SELECT SUM(k) FROM sbtest2 WHERE id BETWEEN 4058317 AND 4058326
	Aggregate  (cost=47.78..47.79 rows=1 width=8)
	  ->  Index Scan using sbtest2_pkey on sbtest2  (cost=0.43..47.76 rows=11 width=4)
	        Index Cond: ((id >= 4058317) AND (id <= 4058326))

table 3 : explain SELECT SUM(k) FROM sbtest3 WHERE id BETWEEN 3515310 AND 3515319
	Aggregate  (cost=43.78..43.79 rows=1 width=8)
	  ->  Index Scan using sbtest3_pkey on sbtest3  (cost=0.43..43.76 rows=10 width=4)
	        Index Cond: ((id >= 3515310) AND (id <= 3515319))

table 4 : explain SELECT SUM(k) FROM sbtest4 WHERE id BETWEEN 7767789 AND 7767798
	Aggregate  (cost=43.77..43.78 rows=1 width=8)
	  ->  Index Scan using sbtest4_pkey on sbtest4  (cost=0.43..43.74 rows=10 width=4)
	        Index Cond: ((id >= 7767789) AND (id <= 7767798))

table 5 : explain SELECT SUM(k) FROM sbtest5 WHERE id BETWEEN 3979446 AND 3979455
	Aggregate  (cost=43.77..43.78 rows=1 width=8)
	  ->  Index Scan using sbtest5_pkey on sbtest5  (cost=0.43..43.74 rows=10 width=4)
	        Index Cond: ((id >= 3979446) AND (id <= 3979455))

table 6 : explain SELECT SUM(k) FROM sbtest6 WHERE id BETWEEN 497377 AND 497386
	Aggregate  (cost=43.61..43.62 rows=1 width=8)
	  ->  Index Scan using sbtest6_pkey on sbtest6  (cost=0.43..43.58 rows=10 width=4)
	        Index Cond: ((id >= 497377) AND (id <= 497386))

table 7 : explain SELECT SUM(k) FROM sbtest7 WHERE id BETWEEN 4886473 AND 4886482
	Aggregate  (cost=43.90..43.91 rows=1 width=8)
	  ->  Index Scan using sbtest7_pkey on sbtest7  (cost=0.43..43.87 rows=10 width=4)
	        Index Cond: ((id >= 4886473) AND (id <= 4886482))

table 8 : explain SELECT SUM(k) FROM sbtest8 WHERE id BETWEEN 6288479 AND 6288488
	Aggregate  (cost=39.87..39.88 rows=1 width=8)
	  ->  Index Scan using sbtest8_pkey on sbtest8  (cost=0.43..39.85 rows=9 width=4)
	        Index Cond: ((id >= 6288479) AND (id <= 6288488))

for: order_ranges
table 1 : explain SELECT c FROM sbtest1 WHERE id BETWEEN 6694571 AND 6694580 ORDER BY c
	Sort  (cost=44.00..44.03 rows=10 width=121)
	  Sort Key: c
	  ->  Index Scan using sbtest1_pkey on sbtest1  (cost=0.43..43.84 rows=10 width=121)
	        Index Cond: ((id >= 6694571) AND (id <= 6694580))

table 2 : explain SELECT c FROM sbtest2 WHERE id BETWEEN 8250903 AND 8250912 ORDER BY c
	Sort  (cost=43.99..44.02 rows=10 width=121)
	  Sort Key: c
	  ->  Index Scan using sbtest2_pkey on sbtest2  (cost=0.43..43.83 rows=10 width=121)
	        Index Cond: ((id >= 8250903) AND (id <= 8250912))

table 3 : explain SELECT c FROM sbtest3 WHERE id BETWEEN 8011759 AND 8011768 ORDER BY c
	Sort  (cost=43.92..43.95 rows=10 width=121)
	  Sort Key: c
	  ->  Index Scan using sbtest3_pkey on sbtest3  (cost=0.43..43.76 rows=10 width=121)
	        Index Cond: ((id >= 8011759) AND (id <= 8011768))

table 4 : explain SELECT c FROM sbtest4 WHERE id BETWEEN 7082236 AND 7082245 ORDER BY c
	Sort  (cost=43.91..43.93 rows=10 width=121)
	  Sort Key: c
	  ->  Index Scan using sbtest4_pkey on sbtest4  (cost=0.43..43.74 rows=10 width=121)
	        Index Cond: ((id >= 7082236) AND (id <= 7082245))

table 5 : explain SELECT c FROM sbtest5 WHERE id BETWEEN 2925567 AND 2925576 ORDER BY c
	Sort  (cost=43.91..43.93 rows=10 width=121)
	  Sort Key: c
	  ->  Index Scan using sbtest5_pkey on sbtest5  (cost=0.43..43.74 rows=10 width=121)
	        Index Cond: ((id >= 2925567) AND (id <= 2925576))

table 6 : explain SELECT c FROM sbtest6 WHERE id BETWEEN 799319 AND 799328 ORDER BY c
	Sort  (cost=43.75..43.78 rows=10 width=121)
	  Sort Key: c
	  ->  Index Scan using sbtest6_pkey on sbtest6  (cost=0.43..43.58 rows=10 width=121)
	        Index Cond: ((id >= 799319) AND (id <= 799328))

table 7 : explain SELECT c FROM sbtest7 WHERE id BETWEEN 7098914 AND 7098923 ORDER BY c
	Sort  (cost=44.04..44.06 rows=10 width=121)
	  Sort Key: c
	  ->  Index Scan using sbtest7_pkey on sbtest7  (cost=0.43..43.87 rows=10 width=121)
	        Index Cond: ((id >= 7098914) AND (id <= 7098923))

table 8 : explain SELECT c FROM sbtest8 WHERE id BETWEEN 4244050 AND 4244059 ORDER BY c
	Sort  (cost=43.94..43.97 rows=10 width=121)
	  Sort Key: c
	  ->  Index Scan using sbtest8_pkey on sbtest8  (cost=0.43..43.78 rows=10 width=121)
	        Index Cond: ((id >= 4244050) AND (id <= 4244059))

for: sum_ranges
table 1 : explain SELECT SUM(k) FROM sbtest1 WHERE id BETWEEN 8241617 AND 8241626
	Aggregate  (cost=43.86..43.87 rows=1 width=8)
	  ->  Index Scan using sbtest1_pkey on sbtest1  (cost=0.43..43.84 rows=10 width=4)
	        Index Cond: ((id >= 8241617) AND (id <= 8241626))

table 2 : explain SELECT SUM(k) FROM sbtest2 WHERE id BETWEEN 9256043 AND 9256052
	Aggregate  (cost=43.85..43.86 rows=1 width=8)
	  ->  Index Scan using sbtest2_pkey on sbtest2  (cost=0.43..43.83 rows=10 width=4)
	        Index Cond: ((id >= 9256043) AND (id <= 9256052))

table 3 : explain SELECT SUM(k) FROM sbtest3 WHERE id BETWEEN 2818446 AND 2818455
	Aggregate  (cost=43.78..43.79 rows=1 width=8)
	  ->  Index Scan using sbtest3_pkey on sbtest3  (cost=0.43..43.76 rows=10 width=4)
	        Index Cond: ((id >= 2818446) AND (id <= 2818455))

table 4 : explain SELECT SUM(k) FROM sbtest4 WHERE id BETWEEN 3149728 AND 3149737
	Aggregate  (cost=43.77..43.78 rows=1 width=8)
	  ->  Index Scan using sbtest4_pkey on sbtest4  (cost=0.43..43.74 rows=10 width=4)
	        Index Cond: ((id >= 3149728) AND (id <= 3149737))

table 5 : explain SELECT SUM(k) FROM sbtest5 WHERE id BETWEEN 5663070 AND 5663079
	Aggregate  (cost=39.84..39.85 rows=1 width=8)
	  ->  Index Scan using sbtest5_pkey on sbtest5  (cost=0.43..39.82 rows=9 width=4)
	        Index Cond: ((id >= 5663070) AND (id <= 5663079))

table 6 : explain SELECT SUM(k) FROM sbtest6 WHERE id BETWEEN 3317710 AND 3317719
	Aggregate  (cost=47.52..47.53 rows=1 width=8)
	  ->  Index Scan using sbtest6_pkey on sbtest6  (cost=0.43..47.49 rows=11 width=4)
	        Index Cond: ((id >= 3317710) AND (id <= 3317719))

table 7 : explain SELECT SUM(k) FROM sbtest7 WHERE id BETWEEN 1847736 AND 1847745
	Aggregate  (cost=43.90..43.91 rows=1 width=8)
	  ->  Index Scan using sbtest7_pkey on sbtest7  (cost=0.43..43.87 rows=10 width=4)
	        Index Cond: ((id >= 1847736) AND (id <= 1847745))

table 8 : explain SELECT SUM(k) FROM sbtest8 WHERE id BETWEEN 1136686 AND 1136695
	Aggregate  (cost=43.80..43.81 rows=1 width=8)
	  ->  Index Scan using sbtest8_pkey on sbtest8  (cost=0.43..43.78 rows=10 width=4)
	        Index Cond: ((id >= 1136686) AND (id <= 1136695))

for: order_ranges
table 1 : explain SELECT c FROM sbtest1 WHERE id BETWEEN 8240988 AND 8240997 ORDER BY c
	Sort  (cost=44.00..44.03 rows=10 width=121)
	  Sort Key: c
	  ->  Index Scan using sbtest1_pkey on sbtest1  (cost=0.43..43.84 rows=10 width=121)
	        Index Cond: ((id >= 8240988) AND (id <= 8240997))

table 2 : explain SELECT c FROM sbtest2 WHERE id BETWEEN 5097 AND 5106 ORDER BY c
	Sort  (cost=40.04..40.06 rows=9 width=121)
	  Sort Key: c
	  ->  Index Scan using sbtest2_pkey on sbtest2  (cost=0.43..39.90 rows=9 width=121)
	        Index Cond: ((id >= 5097) AND (id <= 5106))

table 3 : explain SELECT c FROM sbtest3 WHERE id BETWEEN 9371139 AND 9371148 ORDER BY c
	Sort  (cost=39.98..40.00 rows=9 width=121)
	  Sort Key: c
	  ->  Index Scan using sbtest3_pkey on sbtest3  (cost=0.43..39.84 rows=9 width=121)
	        Index Cond: ((id >= 9371139) AND (id <= 9371148))

table 4 : explain SELECT c FROM sbtest4 WHERE id BETWEEN 7934233 AND 7934242 ORDER BY c
	Sort  (cost=43.91..43.93 rows=10 width=121)
	  Sort Key: c
	  ->  Index Scan using sbtest4_pkey on sbtest4  (cost=0.43..43.74 rows=10 width=121)
	        Index Cond: ((id >= 7934233) AND (id <= 7934242))

table 5 : explain SELECT c FROM sbtest5 WHERE id BETWEEN 4273429 AND 4273438 ORDER BY c
	Sort  (cost=43.91..43.93 rows=10 width=121)
	  Sort Key: c
	  ->  Index Scan using sbtest5_pkey on sbtest5  (cost=0.43..43.74 rows=10 width=121)
	        Index Cond: ((id >= 4273429) AND (id <= 4273438))

table 6 : explain SELECT c FROM sbtest6 WHERE id BETWEEN 5165517 AND 5165526 ORDER BY c
	Sort  (cost=43.75..43.78 rows=10 width=121)
	  Sort Key: c
	  ->  Index Scan using sbtest6_pkey on sbtest6  (cost=0.43..43.58 rows=10 width=121)
	        Index Cond: ((id >= 5165517) AND (id <= 5165526))

table 7 : explain SELECT c FROM sbtest7 WHERE id BETWEEN 5518799 AND 5518808 ORDER BY c
	Sort  (cost=48.00..48.03 rows=11 width=121)
	  Sort Key: c
	  ->  Index Scan using sbtest7_pkey on sbtest7  (cost=0.43..47.81 rows=11 width=121)
	        Index Cond: ((id >= 5518799) AND (id <= 5518808))

table 8 : explain SELECT c FROM sbtest8 WHERE id BETWEEN 6708211 AND 6708220 ORDER BY c
	Sort  (cost=39.99..40.02 rows=9 width=121)
	  Sort Key: c
	  ->  Index Scan using sbtest8_pkey on sbtest8  (cost=0.43..39.85 rows=9 width=121)
	        Index Cond: ((id >= 6708211) AND (id <= 6708220))

for: order_ranges
table 1 : explain SELECT c FROM sbtest1 WHERE id BETWEEN 8298942 AND 8298951 ORDER BY c
	Sort  (cost=44.00..44.03 rows=10 width=121)
	  Sort Key: c
	  ->  Index Scan using sbtest1_pkey on sbtest1  (cost=0.43..43.84 rows=10 width=121)
	        Index Cond: ((id >= 8298942) AND (id <= 8298951))

table 2 : explain SELECT c FROM sbtest2 WHERE id BETWEEN 6940082 AND 6940091 ORDER BY c
	Sort  (cost=43.99..44.02 rows=10 width=121)
	  Sort Key: c
	  ->  Index Scan using sbtest2_pkey on sbtest2  (cost=0.43..43.83 rows=10 width=121)
	        Index Cond: ((id >= 6940082) AND (id <= 6940091))

table 3 : explain SELECT c FROM sbtest3 WHERE id BETWEEN 9483990 AND 9483999 ORDER BY c
	Sort  (cost=47.87..47.90 rows=11 width=121)
	  Sort Key: c
	  ->  Index Scan using sbtest3_pkey on sbtest3  (cost=0.43..47.68 rows=11 width=121)
	        Index Cond: ((id >= 9483990) AND (id <= 9483999))

table 4 : explain SELECT c FROM sbtest4 WHERE id BETWEEN 1405442 AND 1405451 ORDER BY c
	Sort  (cost=39.96..39.99 rows=9 width=121)
	  Sort Key: c
	  ->  Index Scan using sbtest4_pkey on sbtest4  (cost=0.43..39.82 rows=9 width=121)
	        Index Cond: ((id >= 1405442) AND (id <= 1405451))

table 5 : explain SELECT c FROM sbtest5 WHERE id BETWEEN 570954 AND 570963 ORDER BY c
	Sort  (cost=43.91..43.93 rows=10 width=121)
	  Sort Key: c
	  ->  Index Scan using sbtest5_pkey on sbtest5  (cost=0.43..43.74 rows=10 width=121)
	        Index Cond: ((id >= 570954) AND (id <= 570963))

table 6 : explain SELECT c FROM sbtest6 WHERE id BETWEEN 1154705 AND 1154714 ORDER BY c
	Sort  (cost=47.68..47.71 rows=11 width=121)
	  Sort Key: c
	  ->  Index Scan using sbtest6_pkey on sbtest6  (cost=0.43..47.49 rows=11 width=121)
	        Index Cond: ((id >= 1154705) AND (id <= 1154714))

table 7 : explain SELECT c FROM sbtest7 WHERE id BETWEEN 7978077 AND 7978086 ORDER BY c
	Sort  (cost=40.08..40.10 rows=9 width=121)
	  Sort Key: c
	  ->  Index Scan using sbtest7_pkey on sbtest7  (cost=0.43..39.94 rows=9 width=121)
	        Index Cond: ((id >= 7978077) AND (id <= 7978086))

table 8 : explain SELECT c FROM sbtest8 WHERE id BETWEEN 7402136 AND 7402145 ORDER BY c
	Sort  (cost=47.89..47.92 rows=11 width=121)
	  Sort Key: c
	  ->  Index Scan using sbtest8_pkey on sbtest8  (cost=0.43..47.70 rows=11 width=121)
	        Index Cond: ((id >= 7402136) AND (id <= 7402145))

for: order_ranges
table 1 : explain SELECT c FROM sbtest1 WHERE id BETWEEN 4618185 AND 4618194 ORDER BY c
	Sort  (cost=47.96..47.99 rows=11 width=121)
	  Sort Key: c
	  ->  Index Scan using sbtest1_pkey on sbtest1  (cost=0.43..47.77 rows=11 width=121)
	        Index Cond: ((id >= 4618185) AND (id <= 4618194))

table 2 : explain SELECT c FROM sbtest2 WHERE id BETWEEN 5186889 AND 5186898 ORDER BY c
	Sort  (cost=43.99..44.02 rows=10 width=121)
	  Sort Key: c
	  ->  Index Scan using sbtest2_pkey on sbtest2  (cost=0.43..43.83 rows=10 width=121)
	        Index Cond: ((id >= 5186889) AND (id <= 5186898))

table 3 : explain SELECT c FROM sbtest3 WHERE id BETWEEN 1432100 AND 1432109 ORDER BY c
	Sort  (cost=43.92..43.95 rows=10 width=121)
	  Sort Key: c
	  ->  Index Scan using sbtest3_pkey on sbtest3  (cost=0.43..43.76 rows=10 width=121)
	        Index Cond: ((id >= 1432100) AND (id <= 1432109))

table 4 : explain SELECT c FROM sbtest4 WHERE id BETWEEN 1886866 AND 1886875 ORDER BY c
	Sort  (cost=43.91..43.93 rows=10 width=121)
	  Sort Key: c
	  ->  Index Scan using sbtest4_pkey on sbtest4  (cost=0.43..43.74 rows=10 width=121)
	        Index Cond: ((id >= 1886866) AND (id <= 1886875))

table 5 : explain SELECT c FROM sbtest5 WHERE id BETWEEN 7297692 AND 7297701 ORDER BY c
	Sort  (cost=43.91..43.93 rows=10 width=121)
	  Sort Key: c
	  ->  Index Scan using sbtest5_pkey on sbtest5  (cost=0.43..43.74 rows=10 width=121)
	        Index Cond: ((id >= 7297692) AND (id <= 7297701))

table 6 : explain SELECT c FROM sbtest6 WHERE id BETWEEN 3380117 AND 3380126 ORDER BY c
	Sort  (cost=43.75..43.78 rows=10 width=121)
	  Sort Key: c
	  ->  Index Scan using sbtest6_pkey on sbtest6  (cost=0.43..43.58 rows=10 width=121)
	        Index Cond: ((id >= 3380117) AND (id <= 3380126))

table 7 : explain SELECT c FROM sbtest7 WHERE id BETWEEN 5075483 AND 5075492 ORDER BY c
	Sort  (cost=44.04..44.06 rows=10 width=121)
	  Sort Key: c
	  ->  Index Scan using sbtest7_pkey on sbtest7  (cost=0.43..43.87 rows=10 width=121)
	        Index Cond: ((id >= 5075483) AND (id <= 5075492))

table 8 : explain SELECT c FROM sbtest8 WHERE id BETWEEN 2605413 AND 2605422 ORDER BY c
	Sort  (cost=39.99..40.02 rows=9 width=121)
	  Sort Key: c
	  ->  Index Scan using sbtest8_pkey on sbtest8  (cost=0.43..39.85 rows=9 width=121)
	        Index Cond: ((id >= 2605413) AND (id <= 2605422))
for: distinct_ranges
table 1 : explain SELECT DISTINCT c FROM sbtest1 WHERE id BETWEEN 8971284 AND 8971293 ORDER BY c
	Unique  (cost=47.96..48.01 rows=11 width=121)
	  ->  Sort  (cost=47.96..47.99 rows=11 width=121)
	        Sort Key: c
	        ->  Index Scan using sbtest1_pkey on sbtest1  (cost=0.43..47.77 rows=11 width=121)
	              Index Cond: ((id >= 8971284) AND (id <= 8971293))

table 2 : explain SELECT DISTINCT c FROM sbtest2 WHERE id BETWEEN 6236392 AND 6236401 ORDER BY c
	Unique  (cost=43.99..44.04 rows=10 width=121)
	  ->  Sort  (cost=43.99..44.02 rows=10 width=121)
	        Sort Key: c
	        ->  Index Scan using sbtest2_pkey on sbtest2  (cost=0.43..43.83 rows=10 width=121)
	              Index Cond: ((id >= 6236392) AND (id <= 6236401))

table 3 : explain SELECT DISTINCT c FROM sbtest3 WHERE id BETWEEN 4265078 AND 4265087 ORDER BY c
	Unique  (cost=43.92..43.97 rows=10 width=121)
	  ->  Sort  (cost=43.92..43.95 rows=10 width=121)
	        Sort Key: c
	        ->  Index Scan using sbtest3_pkey on sbtest3  (cost=0.43..43.76 rows=10 width=121)
	              Index Cond: ((id >= 4265078) AND (id <= 4265087))

table 4 : explain SELECT DISTINCT c FROM sbtest4 WHERE id BETWEEN 239046 AND 239055 ORDER BY c
	Unique  (cost=43.91..43.96 rows=10 width=121)
	  ->  Sort  (cost=43.91..43.93 rows=10 width=121)
	        Sort Key: c
	        ->  Index Scan using sbtest4_pkey on sbtest4  (cost=0.43..43.74 rows=10 width=121)
	              Index Cond: ((id >= 239046) AND (id <= 239055))

table 5 : explain SELECT DISTINCT c FROM sbtest5 WHERE id BETWEEN 8432499 AND 8432508 ORDER BY c
	Unique  (cost=43.91..43.96 rows=10 width=121)
	  ->  Sort  (cost=43.91..43.93 rows=10 width=121)
	        Sort Key: c
	        ->  Index Scan using sbtest5_pkey on sbtest5  (cost=0.43..43.74 rows=10 width=121)
	              Index Cond: ((id >= 8432499) AND (id <= 8432508))

table 6 : explain SELECT DISTINCT c FROM sbtest6 WHERE id BETWEEN 4530649 AND 4530658 ORDER BY c
	Unique  (cost=43.75..43.80 rows=10 width=121)
	  ->  Sort  (cost=43.75..43.78 rows=10 width=121)
	        Sort Key: c
	        ->  Index Scan using sbtest6_pkey on sbtest6  (cost=0.43..43.58 rows=10 width=121)
	              Index Cond: ((id >= 4530649) AND (id <= 4530658))

table 7 : explain SELECT DISTINCT c FROM sbtest7 WHERE id BETWEEN 7527839 AND 7527848 ORDER BY c
	Unique  (cost=44.04..44.09 rows=10 width=121)
	  ->  Sort  (cost=44.04..44.06 rows=10 width=121)
	        Sort Key: c
	        ->  Index Scan using sbtest7_pkey on sbtest7  (cost=0.43..43.87 rows=10 width=121)
	              Index Cond: ((id >= 7527839) AND (id <= 7527848))

table 8 : explain SELECT DISTINCT c FROM sbtest8 WHERE id BETWEEN 7259812 AND 7259821 ORDER BY c
	Unique  (cost=43.94..43.99 rows=10 width=121)
	  ->  Sort  (cost=43.94..43.97 rows=10 width=121)
	        Sort Key: c
	        ->  Index Scan using sbtest8_pkey on sbtest8  (cost=0.43..43.78 rows=10 width=121)
	              Index Cond: ((id >= 7259812) AND (id <= 7259821))


for: distinct_ranges
table 1 : explain SELECT DISTINCT c FROM sbtest1 WHERE id BETWEEN 9791767 AND 9791776 ORDER BY c
	Unique  (cost=40.05..40.09 rows=9 width=121)
	  ->  Sort  (cost=40.05..40.07 rows=9 width=121)
	        Sort Key: c
	        ->  Index Scan using sbtest1_pkey on sbtest1  (cost=0.43..39.91 rows=9 width=121)
	              Index Cond: ((id >= 9791767) AND (id <= 9791776))

table 2 : explain SELECT DISTINCT c FROM sbtest2 WHERE id BETWEEN 9429334 AND 9429343 ORDER BY c
	Unique  (cost=43.99..44.04 rows=10 width=121)
	  ->  Sort  (cost=43.99..44.02 rows=10 width=121)
	        Sort Key: c
	        ->  Index Scan using sbtest2_pkey on sbtest2  (cost=0.43..43.83 rows=10 width=121)
	              Index Cond: ((id >= 9429334) AND (id <= 9429343))

table 3 : explain SELECT DISTINCT c FROM sbtest3 WHERE id BETWEEN 9615161 AND 9615170 ORDER BY c
	Unique  (cost=43.92..43.97 rows=10 width=121)
	  ->  Sort  (cost=43.92..43.95 rows=10 width=121)
	        Sort Key: c
	        ->  Index Scan using sbtest3_pkey on sbtest3  (cost=0.43..43.76 rows=10 width=121)
	              Index Cond: ((id >= 9615161) AND (id <= 9615170))

table 4 : explain SELECT DISTINCT c FROM sbtest4 WHERE id BETWEEN 1602793 AND 1602802 ORDER BY c
	Unique  (cost=43.91..43.96 rows=10 width=121)
	  ->  Sort  (cost=43.91..43.93 rows=10 width=121)
	        Sort Key: c
	        ->  Index Scan using sbtest4_pkey on sbtest4  (cost=0.43..43.74 rows=10 width=121)
	              Index Cond: ((id >= 1602793) AND (id <= 1602802))

table 5 : explain SELECT DISTINCT c FROM sbtest5 WHERE id BETWEEN 8601293 AND 8601302 ORDER BY c
	Unique  (cost=39.96..40.01 rows=9 width=121)
	  ->  Sort  (cost=39.96..39.99 rows=9 width=121)
	        Sort Key: c
	        ->  Index Scan using sbtest5_pkey on sbtest5  (cost=0.43..39.82 rows=9 width=121)
	              Index Cond: ((id >= 8601293) AND (id <= 8601302))

table 6 : explain SELECT DISTINCT c FROM sbtest6 WHERE id BETWEEN 7916982 AND 7916991 ORDER BY c
	Unique  (cost=43.75..43.80 rows=10 width=121)
	  ->  Sort  (cost=43.75..43.78 rows=10 width=121)
	        Sort Key: c
	        ->  Index Scan using sbtest6_pkey on sbtest6  (cost=0.43..43.58 rows=10 width=121)
	              Index Cond: ((id >= 7916982) AND (id <= 7916991))

table 7 : explain SELECT DISTINCT c FROM sbtest7 WHERE id BETWEEN 2245960 AND 2245969 ORDER BY c
	Unique  (cost=44.04..44.09 rows=10 width=121)
	  ->  Sort  (cost=44.04..44.06 rows=10 width=121)
	        Sort Key: c
	        ->  Index Scan using sbtest7_pkey on sbtest7  (cost=0.43..43.87 rows=10 width=121)
	              Index Cond: ((id >= 2245960) AND (id <= 2245969))

table 8 : explain SELECT DISTINCT c FROM sbtest8 WHERE id BETWEEN 5365607 AND 5365616 ORDER BY c
	Unique  (cost=47.89..47.95 rows=11 width=121)
	  ->  Sort  (cost=47.89..47.92 rows=11 width=121)
	        Sort Key: c
	        ->  Index Scan using sbtest8_pkey on sbtest8  (cost=0.43..47.70 rows=11 width=121)
	              Index Cond: ((id >= 5365607) AND (id <= 5365616))

for: order_ranges
table 1 : explain SELECT c FROM sbtest1 WHERE id BETWEEN 1686573 AND 1686582 ORDER BY c
	Sort  (cost=47.96..47.99 rows=11 width=121)
	  Sort Key: c
	  ->  Index Scan using sbtest1_pkey on sbtest1  (cost=0.43..47.77 rows=11 width=121)
	        Index Cond: ((id >= 1686573) AND (id <= 1686582))

table 2 : explain SELECT c FROM sbtest2 WHERE id BETWEEN 5876081 AND 5876090 ORDER BY c
	Sort  (cost=47.95..47.97 rows=11 width=121)
	  Sort Key: c
	  ->  Index Scan using sbtest2_pkey on sbtest2  (cost=0.43..47.76 rows=11 width=121)
	        Index Cond: ((id >= 5876081) AND (id <= 5876090))

table 3 : explain SELECT c FROM sbtest3 WHERE id BETWEEN 2165380 AND 2165389 ORDER BY c
	Sort  (cost=43.92..43.95 rows=10 width=121)
	  Sort Key: c
	  ->  Index Scan using sbtest3_pkey on sbtest3  (cost=0.43..43.76 rows=10 width=121)
	        Index Cond: ((id >= 2165380) AND (id <= 2165389))

table 4 : explain SELECT c FROM sbtest4 WHERE id BETWEEN 7793284 AND 7793293 ORDER BY c
	Sort  (cost=43.91..43.93 rows=10 width=121)
	  Sort Key: c
	  ->  Index Scan using sbtest4_pkey on sbtest4  (cost=0.43..43.74 rows=10 width=121)
	        Index Cond: ((id >= 7793284) AND (id <= 7793293))

table 5 : explain SELECT c FROM sbtest5 WHERE id BETWEEN 9414327 AND 9414336 ORDER BY c
	Sort  (cost=39.96..39.99 rows=9 width=121)
	  Sort Key: c
	  ->  Index Scan using sbtest5_pkey on sbtest5  (cost=0.43..39.82 rows=9 width=121)
	        Index Cond: ((id >= 9414327) AND (id <= 9414336))

table 6 : explain SELECT c FROM sbtest6 WHERE id BETWEEN 9317856 AND 9317865 ORDER BY c
	Sort  (cost=43.75..43.78 rows=10 width=121)
	  Sort Key: c
	  ->  Index Scan using sbtest6_pkey on sbtest6  (cost=0.43..43.58 rows=10 width=121)
	        Index Cond: ((id >= 9317856) AND (id <= 9317865))

table 7 : explain SELECT c FROM sbtest7 WHERE id BETWEEN 4548742 AND 4548751 ORDER BY c
	Sort  (cost=44.04..44.06 rows=10 width=121)
	  Sort Key: c
	  ->  Index Scan using sbtest7_pkey on sbtest7  (cost=0.43..43.87 rows=10 width=121)
	        Index Cond: ((id >= 4548742) AND (id <= 4548751))

table 8 : explain SELECT c FROM sbtest8 WHERE id BETWEEN 8431066 AND 8431075 ORDER BY c
	Sort  (cost=43.94..43.97 rows=10 width=121)
	  Sort Key: c
	  ->  Index Scan using sbtest8_pkey on sbtest8  (cost=0.43..43.78 rows=10 width=121)
	        Index Cond: ((id >= 8431066) AND (id <= 8431075))

for: distinct_ranges
table 1 : explain SELECT DISTINCT c FROM sbtest1 WHERE id BETWEEN 4768789 AND 4768798 ORDER BY c
	Unique  (cost=44.00..44.05 rows=10 width=121)
	  ->  Sort  (cost=44.00..44.03 rows=10 width=121)
	        Sort Key: c
	        ->  Index Scan using sbtest1_pkey on sbtest1  (cost=0.43..43.84 rows=10 width=121)
	              Index Cond: ((id >= 4768789) AND (id <= 4768798))

table 2 : explain SELECT DISTINCT c FROM sbtest2 WHERE id BETWEEN 25285 AND 25294 ORDER BY c
	Unique  (cost=40.04..40.08 rows=9 width=121)
	  ->  Sort  (cost=40.04..40.06 rows=9 width=121)
	        Sort Key: c
	        ->  Index Scan using sbtest2_pkey on sbtest2  (cost=0.43..39.90 rows=9 width=121)
	              Index Cond: ((id >= 25285) AND (id <= 25294))

table 3 : explain SELECT DISTINCT c FROM sbtest3 WHERE id BETWEEN 7073352 AND 7073361 ORDER BY c
	Unique  (cost=43.92..43.97 rows=10 width=121)
	  ->  Sort  (cost=43.92..43.95 rows=10 width=121)
	        Sort Key: c
	        ->  Index Scan using sbtest3_pkey on sbtest3  (cost=0.43..43.76 rows=10 width=121)
	              Index Cond: ((id >= 7073352) AND (id <= 7073361))

table 4 : explain SELECT DISTINCT c FROM sbtest4 WHERE id BETWEEN 79243 AND 79252 ORDER BY c
	Unique  (cost=39.96..40.01 rows=9 width=121)
	  ->  Sort  (cost=39.96..39.99 rows=9 width=121)
	        Sort Key: c
	        ->  Index Scan using sbtest4_pkey on sbtest4  (cost=0.43..39.82 rows=9 width=121)
	              Index Cond: ((id >= 79243) AND (id <= 79252))

table 5 : explain SELECT DISTINCT c FROM sbtest5 WHERE id BETWEEN 8334708 AND 8334717 ORDER BY c
	Unique  (cost=43.91..43.96 rows=10 width=121)
	  ->  Sort  (cost=43.91..43.93 rows=10 width=121)
	        Sort Key: c
	        ->  Index Scan using sbtest5_pkey on sbtest5  (cost=0.43..43.74 rows=10 width=121)
	              Index Cond: ((id >= 8334708) AND (id <= 8334717))

table 6 : explain SELECT DISTINCT c FROM sbtest6 WHERE id BETWEEN 6844293 AND 6844302 ORDER BY c
	Unique  (cost=43.75..43.80 rows=10 width=121)
	  ->  Sort  (cost=43.75..43.78 rows=10 width=121)
	        Sort Key: c
	        ->  Index Scan using sbtest6_pkey on sbtest6  (cost=0.43..43.58 rows=10 width=121)
	              Index Cond: ((id >= 6844293) AND (id <= 6844302))

table 7 : explain SELECT DISTINCT c FROM sbtest7 WHERE id BETWEEN 6422321 AND 6422330 ORDER BY c
	Unique  (cost=44.04..44.09 rows=10 width=121)
	  ->  Sort  (cost=44.04..44.06 rows=10 width=121)
	        Sort Key: c
	        ->  Index Scan using sbtest7_pkey on sbtest7  (cost=0.43..43.87 rows=10 width=121)
	              Index Cond: ((id >= 6422321) AND (id <= 6422330))

table 8 : explain SELECT DISTINCT c FROM sbtest8 WHERE id BETWEEN 7434066 AND 7434075 ORDER BY c
	Unique  (cost=43.94..43.99 rows=10 width=121)
	  ->  Sort  (cost=43.94..43.97 rows=10 width=121)
	        Sort Key: c
	        ->  Index Scan using sbtest8_pkey on sbtest8  (cost=0.43..43.78 rows=10 width=121)
	              Index Cond: ((id >= 7434066) AND (id <= 7434075))

for: order_ranges
table 1 : explain SELECT c FROM sbtest1 WHERE id BETWEEN 6629308 AND 6629317 ORDER BY c
	Sort  (cost=40.05..40.07 rows=9 width=121)
	  Sort Key: c
	  ->  Index Scan using sbtest1_pkey on sbtest1  (cost=0.43..39.91 rows=9 width=121)
	        Index Cond: ((id >= 6629308) AND (id <= 6629317))

table 2 : explain SELECT c FROM sbtest2 WHERE id BETWEEN 9590534 AND 9590543 ORDER BY c
	Sort  (cost=40.04..40.06 rows=9 width=121)
	  Sort Key: c
	  ->  Index Scan using sbtest2_pkey on sbtest2  (cost=0.43..39.90 rows=9 width=121)
	        Index Cond: ((id >= 9590534) AND (id <= 9590543))

table 3 : explain SELECT c FROM sbtest3 WHERE id BETWEEN 8082555 AND 8082564 ORDER BY c
	Sort  (cost=47.87..47.90 rows=11 width=121)
	  Sort Key: c
	  ->  Index Scan using sbtest3_pkey on sbtest3  (cost=0.43..47.68 rows=11 width=121)
	        Index Cond: ((id >= 8082555) AND (id <= 8082564))

table 4 : explain SELECT c FROM sbtest4 WHERE id BETWEEN 2121331 AND 2121340 ORDER BY c
	Sort  (cost=43.91..43.93 rows=10 width=121)
	  Sort Key: c
	  ->  Index Scan using sbtest4_pkey on sbtest4  (cost=0.43..43.74 rows=10 width=121)
	        Index Cond: ((id >= 2121331) AND (id <= 2121340))

table 5 : explain SELECT c FROM sbtest5 WHERE id BETWEEN 7054822 AND 7054831 ORDER BY c
	Sort  (cost=43.91..43.93 rows=10 width=121)
	  Sort Key: c
	  ->  Index Scan using sbtest5_pkey on sbtest5  (cost=0.43..43.74 rows=10 width=121)
	        Index Cond: ((id >= 7054822) AND (id <= 7054831))

table 6 : explain SELECT c FROM sbtest6 WHERE id BETWEEN 4585704 AND 4585713 ORDER BY c
	Sort  (cost=39.82..39.85 rows=9 width=121)
	  Sort Key: c
	  ->  Index Scan using sbtest6_pkey on sbtest6  (cost=0.43..39.68 rows=9 width=121)
	        Index Cond: ((id >= 4585704) AND (id <= 4585713))

table 7 : explain SELECT c FROM sbtest7 WHERE id BETWEEN 8493850 AND 8493859 ORDER BY c
	Sort  (cost=48.00..48.03 rows=11 width=121)
	  Sort Key: c
	  ->  Index Scan using sbtest7_pkey on sbtest7  (cost=0.43..47.81 rows=11 width=121)
	        Index Cond: ((id >= 8493850) AND (id <= 8493859))

table 8 : explain SELECT c FROM sbtest8 WHERE id BETWEEN 6347504 AND 6347513 ORDER BY c
	Sort  (cost=39.99..40.02 rows=9 width=121)
	  Sort Key: c
	  ->  Index Scan using sbtest8_pkey on sbtest8  (cost=0.43..39.85 rows=9 width=121)
	        Index Cond: ((id >= 6347504) AND (id <= 6347513))

for: order_ranges
table 1 : explain SELECT c FROM sbtest1 WHERE id BETWEEN 8977793 AND 8977802 ORDER BY c
	Sort  (cost=47.96..47.99 rows=11 width=121)
	  Sort Key: c
	  ->  Index Scan using sbtest1_pkey on sbtest1  (cost=0.43..47.77 rows=11 width=121)
	        Index Cond: ((id >= 8977793) AND (id <= 8977802))

table 2 : explain SELECT c FROM sbtest2 WHERE id BETWEEN 8457992 AND 8458001 ORDER BY c
	Sort  (cost=43.99..44.02 rows=10 width=121)
	  Sort Key: c
	  ->  Index Scan using sbtest2_pkey on sbtest2  (cost=0.43..43.83 rows=10 width=121)
	        Index Cond: ((id >= 8457992) AND (id <= 8458001))

table 3 : explain SELECT c FROM sbtest3 WHERE id BETWEEN 1752716 AND 1752725 ORDER BY c
	Sort  (cost=43.92..43.95 rows=10 width=121)
	  Sort Key: c
	  ->  Index Scan using sbtest3_pkey on sbtest3  (cost=0.43..43.76 rows=10 width=121)
	        Index Cond: ((id >= 1752716) AND (id <= 1752725))

table 4 : explain SELECT c FROM sbtest4 WHERE id BETWEEN 637293 AND 637302 ORDER BY c
	Sort  (cost=43.91..43.93 rows=10 width=121)
	  Sort Key: c
	  ->  Index Scan using sbtest4_pkey on sbtest4  (cost=0.43..43.74 rows=10 width=121)
	        Index Cond: ((id >= 637293) AND (id <= 637302))

table 5 : explain SELECT c FROM sbtest5 WHERE id BETWEEN 853001 AND 853010 ORDER BY c
	Sort  (cost=39.96..39.99 rows=9 width=121)
	  Sort Key: c
	  ->  Index Scan using sbtest5_pkey on sbtest5  (cost=0.43..39.82 rows=9 width=121)
	        Index Cond: ((id >= 853001) AND (id <= 853010))

table 6 : explain SELECT c FROM sbtest6 WHERE id BETWEEN 2342189 AND 2342198 ORDER BY c
	Sort  (cost=43.75..43.78 rows=10 width=121)
	  Sort Key: c
	  ->  Index Scan using sbtest6_pkey on sbtest6  (cost=0.43..43.58 rows=10 width=121)
	        Index Cond: ((id >= 2342189) AND (id <= 2342198))

table 7 : explain SELECT c FROM sbtest7 WHERE id BETWEEN 2113233 AND 2113242 ORDER BY c
	Sort  (cost=40.08..40.10 rows=9 width=121)
	  Sort Key: c
	  ->  Index Scan using sbtest7_pkey on sbtest7  (cost=0.43..39.94 rows=9 width=121)
	        Index Cond: ((id >= 2113233) AND (id <= 2113242))

table 8 : explain SELECT c FROM sbtest8 WHERE id BETWEEN 9704574 AND 9704583 ORDER BY c
	Sort  (cost=39.99..40.02 rows=9 width=121)
	  Sort Key: c
	  ->  Index Scan using sbtest8_pkey on sbtest8  (cost=0.43..39.85 rows=9 width=121)
	        Index Cond: ((id >= 9704574) AND (id <= 9704583))

for: order_ranges
table 1 : explain SELECT c FROM sbtest1 WHERE id BETWEEN 914089 AND 914098 ORDER BY c
	Sort  (cost=44.00..44.03 rows=10 width=121)
	  Sort Key: c
	  ->  Index Scan using sbtest1_pkey on sbtest1  (cost=0.43..43.84 rows=10 width=121)
	        Index Cond: ((id >= 914089) AND (id <= 914098))

table 2 : explain SELECT c FROM sbtest2 WHERE id BETWEEN 2350937 AND 2350946 ORDER BY c
	Sort  (cost=43.99..44.02 rows=10 width=121)
	  Sort Key: c
	  ->  Index Scan using sbtest2_pkey on sbtest2  (cost=0.43..43.83 rows=10 width=121)
	        Index Cond: ((id >= 2350937) AND (id <= 2350946))

table 3 : explain SELECT c FROM sbtest3 WHERE id BETWEEN 9526378 AND 9526387 ORDER BY c
	Sort  (cost=43.92..43.95 rows=10 width=121)
	  Sort Key: c
	  ->  Index Scan using sbtest3_pkey on sbtest3  (cost=0.43..43.76 rows=10 width=121)
	        Index Cond: ((id >= 9526378) AND (id <= 9526387))

table 4 : explain SELECT c FROM sbtest4 WHERE id BETWEEN 8121601 AND 8121610 ORDER BY c
	Sort  (cost=43.91..43.93 rows=10 width=121)
	  Sort Key: c
	  ->  Index Scan using sbtest4_pkey on sbtest4  (cost=0.43..43.74 rows=10 width=121)
	        Index Cond: ((id >= 8121601) AND (id <= 8121610))

table 5 : explain SELECT c FROM sbtest5 WHERE id BETWEEN 9467508 AND 9467517 ORDER BY c
	Sort  (cost=39.96..39.99 rows=9 width=121)
	  Sort Key: c
	  ->  Index Scan using sbtest5_pkey on sbtest5  (cost=0.43..39.82 rows=9 width=121)
	        Index Cond: ((id >= 9467508) AND (id <= 9467517))

table 6 : explain SELECT c FROM sbtest6 WHERE id BETWEEN 2014560 AND 2014569 ORDER BY c
	Sort  (cost=47.68..47.71 rows=11 width=121)
	  Sort Key: c
	  ->  Index Scan using sbtest6_pkey on sbtest6  (cost=0.43..47.49 rows=11 width=121)
	        Index Cond: ((id >= 2014560) AND (id <= 2014569))

table 7 : explain SELECT c FROM sbtest7 WHERE id BETWEEN 6907653 AND 6907662 ORDER BY c
	Sort  (cost=44.04..44.06 rows=10 width=121)
	  Sort Key: c
	  ->  Index Scan using sbtest7_pkey on sbtest7  (cost=0.43..43.87 rows=10 width=121)
	        Index Cond: ((id >= 6907653) AND (id <= 6907662))

table 8 : explain SELECT c FROM sbtest8 WHERE id BETWEEN 4230374 AND 4230383 ORDER BY c
	Sort  (cost=43.94..43.97 rows=10 width=121)
	  Sort Key: c
	  ->  Index Scan using sbtest8_pkey on sbtest8  (cost=0.43..43.78 rows=10 width=121)
	        Index Cond: ((id >= 4230374) AND (id <= 4230383))

for: distinct_ranges
table 1 : explain SELECT DISTINCT c FROM sbtest1 WHERE id BETWEEN 1765561 AND 1765570 ORDER BY c
	Unique  (cost=44.00..44.05 rows=10 width=121)
	  ->  Sort  (cost=44.00..44.03 rows=10 width=121)
	        Sort Key: c
	        ->  Index Scan using sbtest1_pkey on sbtest1  (cost=0.43..43.84 rows=10 width=121)
	              Index Cond: ((id >= 1765561) AND (id <= 1765570))

table 2 : explain SELECT DISTINCT c FROM sbtest2 WHERE id BETWEEN 9359427 AND 9359436 ORDER BY c
	Unique  (cost=43.99..44.04 rows=10 width=121)
	  ->  Sort  (cost=43.99..44.02 rows=10 width=121)
	        Sort Key: c
	        ->  Index Scan using sbtest2_pkey on sbtest2  (cost=0.43..43.83 rows=10 width=121)
	              Index Cond: ((id >= 9359427) AND (id <= 9359436))

table 3 : explain SELECT DISTINCT c FROM sbtest3 WHERE id BETWEEN 7235040 AND 7235049 ORDER BY c
	Unique  (cost=43.92..43.97 rows=10 width=121)
	  ->  Sort  (cost=43.92..43.95 rows=10 width=121)
	        Sort Key: c
	        ->  Index Scan using sbtest3_pkey on sbtest3  (cost=0.43..43.76 rows=10 width=121)
	              Index Cond: ((id >= 7235040) AND (id <= 7235049))

table 4 : explain SELECT DISTINCT c FROM sbtest4 WHERE id BETWEEN 7102160 AND 7102169 ORDER BY c
	Unique  (cost=43.91..43.96 rows=10 width=121)
	  ->  Sort  (cost=43.91..43.93 rows=10 width=121)
	        Sort Key: c
	        ->  Index Scan using sbtest4_pkey on sbtest4  (cost=0.43..43.74 rows=10 width=121)
	              Index Cond: ((id >= 7102160) AND (id <= 7102169))

table 5 : explain SELECT DISTINCT c FROM sbtest5 WHERE id BETWEEN 658369 AND 658378 ORDER BY c
	Unique  (cost=43.91..43.96 rows=10 width=121)
	  ->  Sort  (cost=43.91..43.93 rows=10 width=121)
	        Sort Key: c
	        ->  Index Scan using sbtest5_pkey on sbtest5  (cost=0.43..43.74 rows=10 width=121)
	              Index Cond: ((id >= 658369) AND (id <= 658378))

table 6 : explain SELECT DISTINCT c FROM sbtest6 WHERE id BETWEEN 2635775 AND 2635784 ORDER BY c
	Unique  (cost=39.82..39.87 rows=9 width=121)
	  ->  Sort  (cost=39.82..39.85 rows=9 width=121)
	        Sort Key: c
	        ->  Index Scan using sbtest6_pkey on sbtest6  (cost=0.43..39.68 rows=9 width=121)
	              Index Cond: ((id >= 2635775) AND (id <= 2635784))

table 7 : explain SELECT DISTINCT c FROM sbtest7 WHERE id BETWEEN 2704335 AND 2704344 ORDER BY c
	Unique  (cost=44.04..44.09 rows=10 width=121)
	  ->  Sort  (cost=44.04..44.06 rows=10 width=121)
	        Sort Key: c
	        ->  Index Scan using sbtest7_pkey on sbtest7  (cost=0.43..43.87 rows=10 width=121)
	              Index Cond: ((id >= 2704335) AND (id <= 2704344))

table 8 : explain SELECT DISTINCT c FROM sbtest8 WHERE id BETWEEN 3370192 AND 3370201 ORDER BY c
	Unique  (cost=39.99..40.04 rows=9 width=121)
	  ->  Sort  (cost=39.99..40.02 rows=9 width=121)
	        Sort Key: c
	        ->  Index Scan using sbtest8_pkey on sbtest8  (cost=0.43..39.85 rows=9 width=121)
	              Index Cond: ((id >= 3370192) AND (id <= 3370201))

for: distinct_ranges
table 1 : explain SELECT DISTINCT c FROM sbtest1 WHERE id BETWEEN 5431906 AND 5431915 ORDER BY c
	Unique  (cost=47.96..48.01 rows=11 width=121)
	  ->  Sort  (cost=47.96..47.99 rows=11 width=121)
	        Sort Key: c
	        ->  Index Scan using sbtest1_pkey on sbtest1  (cost=0.43..47.77 rows=11 width=121)
	              Index Cond: ((id >= 5431906) AND (id <= 5431915))

table 2 : explain SELECT DISTINCT c FROM sbtest2 WHERE id BETWEEN 9133345 AND 9133354 ORDER BY c
	Unique  (cost=47.95..48.00 rows=11 width=121)
	  ->  Sort  (cost=47.95..47.97 rows=11 width=121)
	        Sort Key: c
	        ->  Index Scan using sbtest2_pkey on sbtest2  (cost=0.43..47.76 rows=11 width=121)
	              Index Cond: ((id >= 9133345) AND (id <= 9133354))

table 3 : explain SELECT DISTINCT c FROM sbtest3 WHERE id BETWEEN 2745994 AND 2746003 ORDER BY c
	Unique  (cost=43.92..43.97 rows=10 width=121)
	  ->  Sort  (cost=43.92..43.95 rows=10 width=121)
	        Sort Key: c
	        ->  Index Scan using sbtest3_pkey on sbtest3  (cost=0.43..43.76 rows=10 width=121)
	              Index Cond: ((id >= 2745994) AND (id <= 2746003))

table 4 : explain SELECT DISTINCT c FROM sbtest4 WHERE id BETWEEN 1125824 AND 1125833 ORDER BY c
	Unique  (cost=47.85..47.91 rows=11 width=121)
	  ->  Sort  (cost=47.85..47.88 rows=11 width=121)
	        Sort Key: c
	        ->  Index Scan using sbtest4_pkey on sbtest4  (cost=0.43..47.66 rows=11 width=121)
	              Index Cond: ((id >= 1125824) AND (id <= 1125833))

table 5 : explain SELECT DISTINCT c FROM sbtest5 WHERE id BETWEEN 5311412 AND 5311421 ORDER BY c
	Unique  (cost=47.85..47.91 rows=11 width=121)
	  ->  Sort  (cost=47.85..47.88 rows=11 width=121)
	        Sort Key: c
	        ->  Index Scan using sbtest5_pkey on sbtest5  (cost=0.43..47.66 rows=11 width=121)
	              Index Cond: ((id >= 5311412) AND (id <= 5311421))

table 6 : explain SELECT DISTINCT c FROM sbtest6 WHERE id BETWEEN 7803633 AND 7803642 ORDER BY c
	Unique  (cost=43.75..43.80 rows=10 width=121)
	  ->  Sort  (cost=43.75..43.78 rows=10 width=121)
	        Sort Key: c
	        ->  Index Scan using sbtest6_pkey on sbtest6  (cost=0.43..43.58 rows=10 width=121)
	              Index Cond: ((id >= 7803633) AND (id <= 7803642))

table 7 : explain SELECT DISTINCT c FROM sbtest7 WHERE id BETWEEN 8066981 AND 8066990 ORDER BY c
	Unique  (cost=44.04..44.09 rows=10 width=121)
	  ->  Sort  (cost=44.04..44.06 rows=10 width=121)
	        Sort Key: c
	        ->  Index Scan using sbtest7_pkey on sbtest7  (cost=0.43..43.87 rows=10 width=121)
	              Index Cond: ((id >= 8066981) AND (id <= 8066990))

table 8 : explain SELECT DISTINCT c FROM sbtest8 WHERE id BETWEEN 4508674 AND 4508683 ORDER BY c
	Unique  (cost=43.94..43.99 rows=10 width=121)
	  ->  Sort  (cost=43.94..43.97 rows=10 width=121)
	        Sort Key: c
	        ->  Index Scan using sbtest8_pkey on sbtest8  (cost=0.43..43.78 rows=10 width=121)
	              Index Cond: ((id >= 4508674) AND (id <= 4508683))

for: order_ranges
table 1 : explain SELECT c FROM sbtest1 WHERE id BETWEEN 6319735 AND 6319744 ORDER BY c
	Sort  (cost=44.00..44.03 rows=10 width=121)
	  Sort Key: c
	  ->  Index Scan using sbtest1_pkey on sbtest1  (cost=0.43..43.84 rows=10 width=121)
	        Index Cond: ((id >= 6319735) AND (id <= 6319744))

table 2 : explain SELECT c FROM sbtest2 WHERE id BETWEEN 1777640 AND 1777649 ORDER BY c
	Sort  (cost=43.99..44.02 rows=10 width=121)
	  Sort Key: c
	  ->  Index Scan using sbtest2_pkey on sbtest2  (cost=0.43..43.83 rows=10 width=121)
	        Index Cond: ((id >= 1777640) AND (id <= 1777649))

table 3 : explain SELECT c FROM sbtest3 WHERE id BETWEEN 3122553 AND 3122562 ORDER BY c
	Sort  (cost=43.92..43.95 rows=10 width=121)
	  Sort Key: c
	  ->  Index Scan using sbtest3_pkey on sbtest3  (cost=0.43..43.76 rows=10 width=121)
	        Index Cond: ((id >= 3122553) AND (id <= 3122562))

table 4 : explain SELECT c FROM sbtest4 WHERE id BETWEEN 2870280 AND 2870289 ORDER BY c
	Sort  (cost=43.91..43.93 rows=10 width=121)
	  Sort Key: c
	  ->  Index Scan using sbtest4_pkey on sbtest4  (cost=0.43..43.74 rows=10 width=121)
	        Index Cond: ((id >= 2870280) AND (id <= 2870289))

table 5 : explain SELECT c FROM sbtest5 WHERE id BETWEEN 2760269 AND 2760278 ORDER BY c
	Sort  (cost=43.91..43.93 rows=10 width=121)
	  Sort Key: c
	  ->  Index Scan using sbtest5_pkey on sbtest5  (cost=0.43..43.74 rows=10 width=121)
	        Index Cond: ((id >= 2760269) AND (id <= 2760278))

table 6 : explain SELECT c FROM sbtest6 WHERE id BETWEEN 6869590 AND 6869599 ORDER BY c
	Sort  (cost=43.75..43.78 rows=10 width=121)
	  Sort Key: c
	  ->  Index Scan using sbtest6_pkey on sbtest6  (cost=0.43..43.58 rows=10 width=121)
	        Index Cond: ((id >= 6869590) AND (id <= 6869599))

table 7 : explain SELECT c FROM sbtest7 WHERE id BETWEEN 5006184 AND 5006193 ORDER BY c
	Sort  (cost=44.04..44.06 rows=10 width=121)
	  Sort Key: c
	  ->  Index Scan using sbtest7_pkey on sbtest7  (cost=0.43..43.87 rows=10 width=121)
	        Index Cond: ((id >= 5006184) AND (id <= 5006193))

table 8 : explain SELECT c FROM sbtest8 WHERE id BETWEEN 1832206 AND 1832215 ORDER BY c
	Sort  (cost=43.94..43.97 rows=10 width=121)
	  Sort Key: c
	  ->  Index Scan using sbtest8_pkey on sbtest8  (cost=0.43..43.78 rows=10 width=121)
	        Index Cond: ((id >= 1832206) AND (id <= 1832215))

for: order_ranges
table 1 : explain SELECT c FROM sbtest1 WHERE id BETWEEN 8087358 AND 8087367 ORDER BY c
	Sort  (cost=44.00..44.03 rows=10 width=121)
	  Sort Key: c
	  ->  Index Scan using sbtest1_pkey on sbtest1  (cost=0.43..43.84 rows=10 width=121)
	        Index Cond: ((id >= 8087358) AND (id <= 8087367))

table 2 : explain SELECT c FROM sbtest2 WHERE id BETWEEN 482084 AND 482093 ORDER BY c
	Sort  (cost=40.04..40.06 rows=9 width=121)
	  Sort Key: c
	  ->  Index Scan using sbtest2_pkey on sbtest2  (cost=0.43..39.90 rows=9 width=121)
	        Index Cond: ((id >= 482084) AND (id <= 482093))

table 3 : explain SELECT c FROM sbtest3 WHERE id BETWEEN 3917023 AND 3917032 ORDER BY c
	Sort  (cost=43.92..43.95 rows=10 width=121)
	  Sort Key: c
	  ->  Index Scan using sbtest3_pkey on sbtest3  (cost=0.43..43.76 rows=10 width=121)
	        Index Cond: ((id >= 3917023) AND (id <= 3917032))

table 4 : explain SELECT c FROM sbtest4 WHERE id BETWEEN 4137841 AND 4137850 ORDER BY c
	Sort  (cost=39.96..39.99 rows=9 width=121)
	  Sort Key: c
	  ->  Index Scan using sbtest4_pkey on sbtest4  (cost=0.43..39.82 rows=9 width=121)
	        Index Cond: ((id >= 4137841) AND (id <= 4137850))

table 5 : explain SELECT c FROM sbtest5 WHERE id BETWEEN 9203237 AND 9203246 ORDER BY c
	Sort  (cost=43.91..43.93 rows=10 width=121)
	  Sort Key: c
	  ->  Index Scan using sbtest5_pkey on sbtest5  (cost=0.43..43.74 rows=10 width=121)
	        Index Cond: ((id >= 9203237) AND (id <= 9203246))

table 6 : explain SELECT c FROM sbtest6 WHERE id BETWEEN 9884355 AND 9884364 ORDER BY c
	Sort  (cost=51.61..51.64 rows=12 width=121)
	  Sort Key: c
	  ->  Index Scan using sbtest6_pkey on sbtest6  (cost=0.43..51.39 rows=12 width=121)
	        Index Cond: ((id >= 9884355) AND (id <= 9884364))

table 7 : explain SELECT c FROM sbtest7 WHERE id BETWEEN 3836727 AND 3836736 ORDER BY c
	Sort  (cost=40.08..40.10 rows=9 width=121)
	  Sort Key: c
	  ->  Index Scan using sbtest7_pkey on sbtest7  (cost=0.43..39.94 rows=9 width=121)
	        Index Cond: ((id >= 3836727) AND (id <= 3836736))

table 8 : explain SELECT c FROM sbtest8 WHERE id BETWEEN 8174615 AND 8174624 ORDER BY c
	Sort  (cost=43.94..43.97 rows=10 width=121)
	  Sort Key: c
	  ->  Index Scan using sbtest8_pkey on sbtest8  (cost=0.43..43.78 rows=10 width=121)
	        Index Cond: ((id >= 8174615) AND (id <= 8174624))

for: distinct_ranges
table 1 : explain SELECT DISTINCT c FROM sbtest1 WHERE id BETWEEN 9682868 AND 9682877 ORDER BY c
	Unique  (cost=47.96..48.01 rows=11 width=121)
	  ->  Sort  (cost=47.96..47.99 rows=11 width=121)
	        Sort Key: c
	        ->  Index Scan using sbtest1_pkey on sbtest1  (cost=0.43..47.77 rows=11 width=121)
	              Index Cond: ((id >= 9682868) AND (id <= 9682877))

table 2 : explain SELECT DISTINCT c FROM sbtest2 WHERE id BETWEEN 4874462 AND 4874471 ORDER BY c
	Unique  (cost=43.99..44.04 rows=10 width=121)
	  ->  Sort  (cost=43.99..44.02 rows=10 width=121)
	        Sort Key: c
	        ->  Index Scan using sbtest2_pkey on sbtest2  (cost=0.43..43.83 rows=10 width=121)
	              Index Cond: ((id >= 4874462) AND (id <= 4874471))

table 3 : explain SELECT DISTINCT c FROM sbtest3 WHERE id BETWEEN 7136519 AND 7136528 ORDER BY c
	Unique  (cost=43.92..43.97 rows=10 width=121)
	  ->  Sort  (cost=43.92..43.95 rows=10 width=121)
	        Sort Key: c
	        ->  Index Scan using sbtest3_pkey on sbtest3  (cost=0.43..43.76 rows=10 width=121)
	              Index Cond: ((id >= 7136519) AND (id <= 7136528))

table 4 : explain SELECT DISTINCT c FROM sbtest4 WHERE id BETWEEN 9143775 AND 9143784 ORDER BY c
	Unique  (cost=43.91..43.96 rows=10 width=121)
	  ->  Sort  (cost=43.91..43.93 rows=10 width=121)
	        Sort Key: c
	        ->  Index Scan using sbtest4_pkey on sbtest4  (cost=0.43..43.74 rows=10 width=121)
	              Index Cond: ((id >= 9143775) AND (id <= 9143784))

table 5 : explain SELECT DISTINCT c FROM sbtest5 WHERE id BETWEEN 6388393 AND 6388402 ORDER BY c
	Unique  (cost=43.91..43.96 rows=10 width=121)
	  ->  Sort  (cost=43.91..43.93 rows=10 width=121)
	        Sort Key: c
	        ->  Index Scan using sbtest5_pkey on sbtest5  (cost=0.43..43.74 rows=10 width=121)
	              Index Cond: ((id >= 6388393) AND (id <= 6388402))

table 6 : explain SELECT DISTINCT c FROM sbtest6 WHERE id BETWEEN 4641301 AND 4641310 ORDER BY c
	Unique  (cost=39.82..39.87 rows=9 width=121)
	  ->  Sort  (cost=39.82..39.85 rows=9 width=121)
	        Sort Key: c
	        ->  Index Scan using sbtest6_pkey on sbtest6  (cost=0.43..39.68 rows=9 width=121)
	              Index Cond: ((id >= 4641301) AND (id <= 4641310))

table 7 : explain SELECT DISTINCT c FROM sbtest7 WHERE id BETWEEN 1191903 AND 1191912 ORDER BY c
	Unique  (cost=44.04..44.09 rows=10 width=121)
	  ->  Sort  (cost=44.04..44.06 rows=10 width=121)
	        Sort Key: c
	        ->  Index Scan using sbtest7_pkey on sbtest7  (cost=0.43..43.87 rows=10 width=121)
	              Index Cond: ((id >= 1191903) AND (id <= 1191912))

table 8 : explain SELECT DISTINCT c FROM sbtest8 WHERE id BETWEEN 6349501 AND 6349510 ORDER BY c
	Unique  (cost=43.94..43.99 rows=10 width=121)
	  ->  Sort  (cost=43.94..43.97 rows=10 width=121)
	        Sort Key: c
	        ->  Index Scan using sbtest8_pkey on sbtest8  (cost=0.43..43.78 rows=10 width=121)
	              Index Cond: ((id >= 6349501) AND (id <= 6349510))

for: distinct_ranges
table 1 : explain SELECT DISTINCT c FROM sbtest1 WHERE id BETWEEN 3536995 AND 3537004 ORDER BY c
	Unique  (cost=44.00..44.05 rows=10 width=121)
	  ->  Sort  (cost=44.00..44.03 rows=10 width=121)
	        Sort Key: c
	        ->  Index Scan using sbtest1_pkey on sbtest1  (cost=0.43..43.84 rows=10 width=121)
	              Index Cond: ((id >= 3536995) AND (id <= 3537004))

table 2 : explain SELECT DISTINCT c FROM sbtest2 WHERE id BETWEEN 322330 AND 322339 ORDER BY c
	Unique  (cost=43.99..44.04 rows=10 width=121)
	  ->  Sort  (cost=43.99..44.02 rows=10 width=121)
	        Sort Key: c
	        ->  Index Scan using sbtest2_pkey on sbtest2  (cost=0.43..43.83 rows=10 width=121)
	              Index Cond: ((id >= 322330) AND (id <= 322339))

table 3 : explain SELECT DISTINCT c FROM sbtest3 WHERE id BETWEEN 6971236 AND 6971245 ORDER BY c
	Unique  (cost=43.92..43.97 rows=10 width=121)
	  ->  Sort  (cost=43.92..43.95 rows=10 width=121)
	        Sort Key: c
	        ->  Index Scan using sbtest3_pkey on sbtest3  (cost=0.43..43.76 rows=10 width=121)
	              Index Cond: ((id >= 6971236) AND (id <= 6971245))

table 4 : explain SELECT DISTINCT c FROM sbtest4 WHERE id BETWEEN 6089540 AND 6089549 ORDER BY c
	Unique  (cost=43.91..43.96 rows=10 width=121)
	  ->  Sort  (cost=43.91..43.93 rows=10 width=121)
	        Sort Key: c
	        ->  Index Scan using sbtest4_pkey on sbtest4  (cost=0.43..43.74 rows=10 width=121)
	              Index Cond: ((id >= 6089540) AND (id <= 6089549))

table 5 : explain SELECT DISTINCT c FROM sbtest5 WHERE id BETWEEN 5249893 AND 5249902 ORDER BY c
	Unique  (cost=39.96..40.01 rows=9 width=121)
	  ->  Sort  (cost=39.96..39.99 rows=9 width=121)
	        Sort Key: c
	        ->  Index Scan using sbtest5_pkey on sbtest5  (cost=0.43..39.82 rows=9 width=121)
	              Index Cond: ((id >= 5249893) AND (id <= 5249902))

table 6 : explain SELECT DISTINCT c FROM sbtest6 WHERE id BETWEEN 8499338 AND 8499347 ORDER BY c
	Unique  (cost=39.82..39.87 rows=9 width=121)
	  ->  Sort  (cost=39.82..39.85 rows=9 width=121)
	        Sort Key: c
	        ->  Index Scan using sbtest6_pkey on sbtest6  (cost=0.43..39.68 rows=9 width=121)
	              Index Cond: ((id >= 8499338) AND (id <= 8499347))

table 7 : explain SELECT DISTINCT c FROM sbtest7 WHERE id BETWEEN 677426 AND 677435 ORDER BY c
	Unique  (cost=44.04..44.09 rows=10 width=121)
	  ->  Sort  (cost=44.04..44.06 rows=10 width=121)
	        Sort Key: c
	        ->  Index Scan using sbtest7_pkey on sbtest7  (cost=0.43..43.87 rows=10 width=121)
	              Index Cond: ((id >= 677426) AND (id <= 677435))

table 8 : explain SELECT DISTINCT c FROM sbtest8 WHERE id BETWEEN 2385444 AND 2385453 ORDER BY c
	Unique  (cost=43.94..43.99 rows=10 width=121)
	  ->  Sort  (cost=43.94..43.97 rows=10 width=121)
	        Sort Key: c
	        ->  Index Scan using sbtest8_pkey on sbtest8  (cost=0.43..43.78 rows=10 width=121)
	              Index Cond: ((id >= 2385444) AND (id <= 2385453))

for: order_ranges
table 1 : explain SELECT c FROM sbtest1 WHERE id BETWEEN 8332931 AND 8332940 ORDER BY c
	Sort  (cost=44.00..44.03 rows=10 width=121)
	  Sort Key: c
	  ->  Index Scan using sbtest1_pkey on sbtest1  (cost=0.43..43.84 rows=10 width=121)
	        Index Cond: ((id >= 8332931) AND (id <= 8332940))

table 2 : explain SELECT c FROM sbtest2 WHERE id BETWEEN 2119824 AND 2119833 ORDER BY c
	Sort  (cost=43.99..44.02 rows=10 width=121)
	  Sort Key: c
	  ->  Index Scan using sbtest2_pkey on sbtest2  (cost=0.43..43.83 rows=10 width=121)
	        Index Cond: ((id >= 2119824) AND (id <= 2119833))

table 3 : explain SELECT c FROM sbtest3 WHERE id BETWEEN 8890415 AND 8890424 ORDER BY c
	Sort  (cost=39.98..40.00 rows=9 width=121)
	  Sort Key: c
	  ->  Index Scan using sbtest3_pkey on sbtest3  (cost=0.43..39.84 rows=9 width=121)
	        Index Cond: ((id >= 8890415) AND (id <= 8890424))

table 4 : explain SELECT c FROM sbtest4 WHERE id BETWEEN 2655069 AND 2655078 ORDER BY c
	Sort  (cost=47.85..47.88 rows=11 width=121)
	  Sort Key: c
	  ->  Index Scan using sbtest4_pkey on sbtest4  (cost=0.43..47.66 rows=11 width=121)
	        Index Cond: ((id >= 2655069) AND (id <= 2655078))

table 5 : explain SELECT c FROM sbtest5 WHERE id BETWEEN 5210795 AND 5210804 ORDER BY c
	Sort  (cost=39.96..39.99 rows=9 width=121)
	  Sort Key: c
	  ->  Index Scan using sbtest5_pkey on sbtest5  (cost=0.43..39.82 rows=9 width=121)
	        Index Cond: ((id >= 5210795) AND (id <= 5210804))

table 6 : explain SELECT c FROM sbtest6 WHERE id BETWEEN 9753738 AND 9753747 ORDER BY c
	Sort  (cost=47.68..47.71 rows=11 width=121)
	  Sort Key: c
	  ->  Index Scan using sbtest6_pkey on sbtest6  (cost=0.43..47.49 rows=11 width=121)
	        Index Cond: ((id >= 9753738) AND (id <= 9753747))

table 7 : explain SELECT c FROM sbtest7 WHERE id BETWEEN 7400784 AND 7400793 ORDER BY c
	Sort  (cost=44.04..44.06 rows=10 width=121)
	  Sort Key: c
	  ->  Index Scan using sbtest7_pkey on sbtest7  (cost=0.43..43.87 rows=10 width=121)
	        Index Cond: ((id >= 7400784) AND (id <= 7400793))

table 8 : explain SELECT c FROM sbtest8 WHERE id BETWEEN 8544079 AND 8544088 ORDER BY c
	Sort  (cost=43.94..43.97 rows=10 width=121)
	  Sort Key: c
	  ->  Index Scan using sbtest8_pkey on sbtest8  (cost=0.43..43.78 rows=10 width=121)
	        Index Cond: ((id >= 8544079) AND (id <= 8544088))

for: distinct_ranges
table 1 : explain SELECT DISTINCT c FROM sbtest1 WHERE id BETWEEN 3261088 AND 3261097 ORDER BY c
	Unique  (cost=44.00..44.05 rows=10 width=121)
	  ->  Sort  (cost=44.00..44.03 rows=10 width=121)
	        Sort Key: c
	        ->  Index Scan using sbtest1_pkey on sbtest1  (cost=0.43..43.84 rows=10 width=121)
	              Index Cond: ((id >= 3261088) AND (id <= 3261097))

table 2 : explain SELECT DISTINCT c FROM sbtest2 WHERE id BETWEEN 7989773 AND 7989782 ORDER BY c
	Unique  (cost=43.99..44.04 rows=10 width=121)
	  ->  Sort  (cost=43.99..44.02 rows=10 width=121)
	        Sort Key: c
	        ->  Index Scan using sbtest2_pkey on sbtest2  (cost=0.43..43.83 rows=10 width=121)
	              Index Cond: ((id >= 7989773) AND (id <= 7989782))

table 3 : explain SELECT DISTINCT c FROM sbtest3 WHERE id BETWEEN 501979 AND 501988 ORDER BY c
	Unique  (cost=43.92..43.97 rows=10 width=121)
	  ->  Sort  (cost=43.92..43.95 rows=10 width=121)
	        Sort Key: c
	        ->  Index Scan using sbtest3_pkey on sbtest3  (cost=0.43..43.76 rows=10 width=121)
	              Index Cond: ((id >= 501979) AND (id <= 501988))

table 4 : explain SELECT DISTINCT c FROM sbtest4 WHERE id BETWEEN 2508404 AND 2508413 ORDER BY c
	Unique  (cost=43.91..43.96 rows=10 width=121)
	  ->  Sort  (cost=43.91..43.93 rows=10 width=121)
	        Sort Key: c
	        ->  Index Scan using sbtest4_pkey on sbtest4  (cost=0.43..43.74 rows=10 width=121)
	              Index Cond: ((id >= 2508404) AND (id <= 2508413))

table 5 : explain SELECT DISTINCT c FROM sbtest5 WHERE id BETWEEN 1186810 AND 1186819 ORDER BY c
	Unique  (cost=47.85..47.91 rows=11 width=121)
	  ->  Sort  (cost=47.85..47.88 rows=11 width=121)
	        Sort Key: c
	        ->  Index Scan using sbtest5_pkey on sbtest5  (cost=0.43..47.66 rows=11 width=121)
	              Index Cond: ((id >= 1186810) AND (id <= 1186819))

table 6 : explain SELECT DISTINCT c FROM sbtest6 WHERE id BETWEEN 5078200 AND 5078209 ORDER BY c
	Unique  (cost=39.82..39.87 rows=9 width=121)
	  ->  Sort  (cost=39.82..39.85 rows=9 width=121)
	        Sort Key: c
	        ->  Index Scan using sbtest6_pkey on sbtest6  (cost=0.43..39.68 rows=9 width=121)
	              Index Cond: ((id >= 5078200) AND (id <= 5078209))

table 7 : explain SELECT DISTINCT c FROM sbtest7 WHERE id BETWEEN 9683621 AND 9683630 ORDER BY c
	Unique  (cost=40.08..40.12 rows=9 width=121)
	  ->  Sort  (cost=40.08..40.10 rows=9 width=121)
	        Sort Key: c
	        ->  Index Scan using sbtest7_pkey on sbtest7  (cost=0.43..39.94 rows=9 width=121)
	              Index Cond: ((id >= 9683621) AND (id <= 9683630))

table 8 : explain SELECT DISTINCT c FROM sbtest8 WHERE id BETWEEN 6643348 AND 6643357 ORDER BY c
	Unique  (cost=39.99..40.04 rows=9 width=121)
	  ->  Sort  (cost=39.99..40.02 rows=9 width=121)
	        Sort Key: c
	        ->  Index Scan using sbtest8_pkey on sbtest8  (cost=0.43..39.85 rows=9 width=121)
	              Index Cond: ((id >= 6643348) AND (id <= 6643357))

for: distinct_ranges
table 1 : explain SELECT DISTINCT c FROM sbtest1 WHERE id BETWEEN 9945812 AND 9945821 ORDER BY c
	Unique  (cost=44.00..44.05 rows=10 width=121)
	  ->  Sort  (cost=44.00..44.03 rows=10 width=121)
	        Sort Key: c
	        ->  Index Scan using sbtest1_pkey on sbtest1  (cost=0.43..43.84 rows=10 width=121)
	              Index Cond: ((id >= 9945812) AND (id <= 9945821))

table 2 : explain SELECT DISTINCT c FROM sbtest2 WHERE id BETWEEN 8149736 AND 8149745 ORDER BY c
	Unique  (cost=43.99..44.04 rows=10 width=121)
	  ->  Sort  (cost=43.99..44.02 rows=10 width=121)
	        Sort Key: c
	        ->  Index Scan using sbtest2_pkey on sbtest2  (cost=0.43..43.83 rows=10 width=121)
	              Index Cond: ((id >= 8149736) AND (id <= 8149745))

table 3 : explain SELECT DISTINCT c FROM sbtest3 WHERE id BETWEEN 2737730 AND 2737739 ORDER BY c
	Unique  (cost=43.92..43.97 rows=10 width=121)
	  ->  Sort  (cost=43.92..43.95 rows=10 width=121)
	        Sort Key: c
	        ->  Index Scan using sbtest3_pkey on sbtest3  (cost=0.43..43.76 rows=10 width=121)
	              Index Cond: ((id >= 2737730) AND (id <= 2737739))

table 4 : explain SELECT DISTINCT c FROM sbtest4 WHERE id BETWEEN 4781197 AND 4781206 ORDER BY c
	Unique  (cost=39.96..40.01 rows=9 width=121)
	  ->  Sort  (cost=39.96..39.99 rows=9 width=121)
	        Sort Key: c
	        ->  Index Scan using sbtest4_pkey on sbtest4  (cost=0.43..39.82 rows=9 width=121)
	              Index Cond: ((id >= 4781197) AND (id <= 4781206))

table 5 : explain SELECT DISTINCT c FROM sbtest5 WHERE id BETWEEN 9899133 AND 9899142 ORDER BY c
	Unique  (cost=43.91..43.96 rows=10 width=121)
	  ->  Sort  (cost=43.91..43.93 rows=10 width=121)
	        Sort Key: c
	        ->  Index Scan using sbtest5_pkey on sbtest5  (cost=0.43..43.74 rows=10 width=121)
	              Index Cond: ((id >= 9899133) AND (id <= 9899142))

table 6 : explain SELECT DISTINCT c FROM sbtest6 WHERE id BETWEEN 5410299 AND 5410308 ORDER BY c
	Unique  (cost=43.75..43.80 rows=10 width=121)
	  ->  Sort  (cost=43.75..43.78 rows=10 width=121)
	        Sort Key: c
	        ->  Index Scan using sbtest6_pkey on sbtest6  (cost=0.43..43.58 rows=10 width=121)
	              Index Cond: ((id >= 5410299) AND (id <= 5410308))

table 7 : explain SELECT DISTINCT c FROM sbtest7 WHERE id BETWEEN 306908 AND 306917 ORDER BY c
	Unique  (cost=44.04..44.09 rows=10 width=121)
	  ->  Sort  (cost=44.04..44.06 rows=10 width=121)
	        Sort Key: c
	        ->  Index Scan using sbtest7_pkey on sbtest7  (cost=0.43..43.87 rows=10 width=121)
	              Index Cond: ((id >= 306908) AND (id <= 306917))

table 8 : explain SELECT DISTINCT c FROM sbtest8 WHERE id BETWEEN 7087572 AND 7087581 ORDER BY c
	Unique  (cost=43.94..43.99 rows=10 width=121)
	  ->  Sort  (cost=43.94..43.97 rows=10 width=121)
	        Sort Key: c
	        ->  Index Scan using sbtest8_pkey on sbtest8  (cost=0.43..43.78 rows=10 width=121)
	              Index Cond: ((id >= 7087572) AND (id <= 7087581))

for: distinct_ranges
table 1 : explain SELECT DISTINCT c FROM sbtest1 WHERE id BETWEEN 2519064 AND 2519073 ORDER BY c
	Unique  (cost=44.00..44.05 rows=10 width=121)
	  ->  Sort  (cost=44.00..44.03 rows=10 width=121)
	        Sort Key: c
	        ->  Index Scan using sbtest1_pkey on sbtest1  (cost=0.43..43.84 rows=10 width=121)
	              Index Cond: ((id >= 2519064) AND (id <= 2519073))

table 2 : explain SELECT DISTINCT c FROM sbtest2 WHERE id BETWEEN 5787046 AND 5787055 ORDER BY c
	Unique  (cost=40.04..40.08 rows=9 width=121)
	  ->  Sort  (cost=40.04..40.06 rows=9 width=121)
	        Sort Key: c
	        ->  Index Scan using sbtest2_pkey on sbtest2  (cost=0.43..39.90 rows=9 width=121)
	              Index Cond: ((id >= 5787046) AND (id <= 5787055))

table 3 : explain SELECT DISTINCT c FROM sbtest3 WHERE id BETWEEN 2651778 AND 2651787 ORDER BY c
	Unique  (cost=43.92..43.97 rows=10 width=121)
	  ->  Sort  (cost=43.92..43.95 rows=10 width=121)
	        Sort Key: c
	        ->  Index Scan using sbtest3_pkey on sbtest3  (cost=0.43..43.76 rows=10 width=121)
	              Index Cond: ((id >= 2651778) AND (id <= 2651787))

table 4 : explain SELECT DISTINCT c FROM sbtest4 WHERE id BETWEEN 8906050 AND 8906059 ORDER BY c
	Unique  (cost=43.91..43.96 rows=10 width=121)
	  ->  Sort  (cost=43.91..43.93 rows=10 width=121)
	        Sort Key: c
	        ->  Index Scan using sbtest4_pkey on sbtest4  (cost=0.43..43.74 rows=10 width=121)
	              Index Cond: ((id >= 8906050) AND (id <= 8906059))

table 5 : explain SELECT DISTINCT c FROM sbtest5 WHERE id BETWEEN 8720595 AND 8720604 ORDER BY c
	Unique  (cost=43.91..43.96 rows=10 width=121)
	  ->  Sort  (cost=43.91..43.93 rows=10 width=121)
	        Sort Key: c
	        ->  Index Scan using sbtest5_pkey on sbtest5  (cost=0.43..43.74 rows=10 width=121)
	              Index Cond: ((id >= 8720595) AND (id <= 8720604))

table 6 : explain SELECT DISTINCT c FROM sbtest6 WHERE id BETWEEN 5964241 AND 5964250 ORDER BY c
	Unique  (cost=43.75..43.80 rows=10 width=121)
	  ->  Sort  (cost=43.75..43.78 rows=10 width=121)
	        Sort Key: c
	        ->  Index Scan using sbtest6_pkey on sbtest6  (cost=0.43..43.58 rows=10 width=121)
	              Index Cond: ((id >= 5964241) AND (id <= 5964250))

table 7 : explain SELECT DISTINCT c FROM sbtest7 WHERE id BETWEEN 5130828 AND 5130837 ORDER BY c
	Unique  (cost=40.08..40.12 rows=9 width=121)
	  ->  Sort  (cost=40.08..40.10 rows=9 width=121)
	        Sort Key: c
	        ->  Index Scan using sbtest7_pkey on sbtest7  (cost=0.43..39.94 rows=9 width=121)
	              Index Cond: ((id >= 5130828) AND (id <= 5130837))

table 8 : explain SELECT DISTINCT c FROM sbtest8 WHERE id BETWEEN 6852061 AND 6852070 ORDER BY c
	Unique  (cost=43.94..43.99 rows=10 width=121)
	  ->  Sort  (cost=43.94..43.97 rows=10 width=121)
	        Sort Key: c
	        ->  Index Scan using sbtest8_pkey on sbtest8  (cost=0.43..43.78 rows=10 width=121)
	              Index Cond: ((id >= 6852061) AND (id <= 6852070))

for: order_ranges
table 1 : explain SELECT c FROM sbtest1 WHERE id BETWEEN 8794096 AND 8794105 ORDER BY c
	Sort  (cost=44.00..44.03 rows=10 width=121)
	  Sort Key: c
	  ->  Index Scan using sbtest1_pkey on sbtest1  (cost=0.43..43.84 rows=10 width=121)
	        Index Cond: ((id >= 8794096) AND (id <= 8794105))

table 2 : explain SELECT c FROM sbtest2 WHERE id BETWEEN 8233059 AND 8233068 ORDER BY c
	Sort  (cost=43.99..44.02 rows=10 width=121)
	  Sort Key: c
	  ->  Index Scan using sbtest2_pkey on sbtest2  (cost=0.43..43.83 rows=10 width=121)
	        Index Cond: ((id >= 8233059) AND (id <= 8233068))

table 3 : explain SELECT c FROM sbtest3 WHERE id BETWEEN 4882863 AND 4882872 ORDER BY c
	Sort  (cost=47.87..47.90 rows=11 width=121)
	  Sort Key: c
	  ->  Index Scan using sbtest3_pkey on sbtest3  (cost=0.43..47.68 rows=11 width=121)
	        Index Cond: ((id >= 4882863) AND (id <= 4882872))

table 4 : explain SELECT c FROM sbtest4 WHERE id BETWEEN 9395374 AND 9395383 ORDER BY c
	Sort  (cost=43.91..43.93 rows=10 width=121)
	  Sort Key: c
	  ->  Index Scan using sbtest4_pkey on sbtest4  (cost=0.43..43.74 rows=10 width=121)
	        Index Cond: ((id >= 9395374) AND (id <= 9395383))

table 5 : explain SELECT c FROM sbtest5 WHERE id BETWEEN 5896299 AND 5896308 ORDER BY c
	Sort  (cost=43.91..43.93 rows=10 width=121)
	  Sort Key: c
	  ->  Index Scan using sbtest5_pkey on sbtest5  (cost=0.43..43.74 rows=10 width=121)
	        Index Cond: ((id >= 5896299) AND (id <= 5896308))

table 6 : explain SELECT c FROM sbtest6 WHERE id BETWEEN 7754404 AND 7754413 ORDER BY c
	Sort  (cost=43.75..43.78 rows=10 width=121)
	  Sort Key: c
	  ->  Index Scan using sbtest6_pkey on sbtest6  (cost=0.43..43.58 rows=10 width=121)
	        Index Cond: ((id >= 7754404) AND (id <= 7754413))

table 7 : explain SELECT c FROM sbtest7 WHERE id BETWEEN 8626643 AND 8626652 ORDER BY c
	Sort  (cost=40.08..40.10 rows=9 width=121)
	  Sort Key: c
	  ->  Index Scan using sbtest7_pkey on sbtest7  (cost=0.43..39.94 rows=9 width=121)
	        Index Cond: ((id >= 8626643) AND (id <= 8626652))

table 8 : explain SELECT c FROM sbtest8 WHERE id BETWEEN 6797418 AND 6797427 ORDER BY c
	Sort  (cost=51.84..51.87 rows=12 width=121)
	  Sort Key: c
	  ->  Index Scan using sbtest8_pkey on sbtest8  (cost=0.43..51.63 rows=12 width=121)
	        Index Cond: ((id >= 6797418) AND (id <= 6797427))

for: distinct_ranges
table 1 : explain SELECT DISTINCT c FROM sbtest1 WHERE id BETWEEN 4655306 AND 4655315 ORDER BY c
	Unique  (cost=47.96..48.01 rows=11 width=121)
	  ->  Sort  (cost=47.96..47.99 rows=11 width=121)
	        Sort Key: c
	        ->  Index Scan using sbtest1_pkey on sbtest1  (cost=0.43..47.77 rows=11 width=121)
	              Index Cond: ((id >= 4655306) AND (id <= 4655315))

table 2 : explain SELECT DISTINCT c FROM sbtest2 WHERE id BETWEEN 4335203 AND 4335212 ORDER BY c
	Unique  (cost=40.04..40.08 rows=9 width=121)
	  ->  Sort  (cost=40.04..40.06 rows=9 width=121)
	        Sort Key: c
	        ->  Index Scan using sbtest2_pkey on sbtest2  (cost=0.43..39.90 rows=9 width=121)
	              Index Cond: ((id >= 4335203) AND (id <= 4335212))

table 3 : explain SELECT DISTINCT c FROM sbtest3 WHERE id BETWEEN 4723254 AND 4723263 ORDER BY c
	Unique  (cost=43.92..43.97 rows=10 width=121)
	  ->  Sort  (cost=43.92..43.95 rows=10 width=121)
	        Sort Key: c
	        ->  Index Scan using sbtest3_pkey on sbtest3  (cost=0.43..43.76 rows=10 width=121)
	              Index Cond: ((id >= 4723254) AND (id <= 4723263))

table 4 : explain SELECT DISTINCT c FROM sbtest4 WHERE id BETWEEN 5081500 AND 5081509 ORDER BY c
	Unique  (cost=43.91..43.96 rows=10 width=121)
	  ->  Sort  (cost=43.91..43.93 rows=10 width=121)
	        Sort Key: c
	        ->  Index Scan using sbtest4_pkey on sbtest4  (cost=0.43..43.74 rows=10 width=121)
	              Index Cond: ((id >= 5081500) AND (id <= 5081509))

table 5 : explain SELECT DISTINCT c FROM sbtest5 WHERE id BETWEEN 3641693 AND 3641702 ORDER BY c
	Unique  (cost=43.91..43.96 rows=10 width=121)
	  ->  Sort  (cost=43.91..43.93 rows=10 width=121)
	        Sort Key: c
	        ->  Index Scan using sbtest5_pkey on sbtest5  (cost=0.43..43.74 rows=10 width=121)
	              Index Cond: ((id >= 3641693) AND (id <= 3641702))

table 6 : explain SELECT DISTINCT c FROM sbtest6 WHERE id BETWEEN 2384806 AND 2384815 ORDER BY c
	Unique  (cost=39.82..39.87 rows=9 width=121)
	  ->  Sort  (cost=39.82..39.85 rows=9 width=121)
	        Sort Key: c
	        ->  Index Scan using sbtest6_pkey on sbtest6  (cost=0.43..39.68 rows=9 width=121)
	              Index Cond: ((id >= 2384806) AND (id <= 2384815))

table 7 : explain SELECT DISTINCT c FROM sbtest7 WHERE id BETWEEN 1649025 AND 1649034 ORDER BY c
	Unique  (cost=44.04..44.09 rows=10 width=121)
	  ->  Sort  (cost=44.04..44.06 rows=10 width=121)
	        Sort Key: c
	        ->  Index Scan using sbtest7_pkey on sbtest7  (cost=0.43..43.87 rows=10 width=121)
	              Index Cond: ((id >= 1649025) AND (id <= 1649034))

table 8 : explain SELECT DISTINCT c FROM sbtest8 WHERE id BETWEEN 5254042 AND 5254051 ORDER BY c
	Unique  (cost=43.94..43.99 rows=10 width=121)
	  ->  Sort  (cost=43.94..43.97 rows=10 width=121)
	        Sort Key: c
	        ->  Index Scan using sbtest8_pkey on sbtest8  (cost=0.43..43.78 rows=10 width=121)
	              Index Cond: ((id >= 5254042) AND (id <= 5254051))

for: distinct_ranges
table 1 : explain SELECT DISTINCT c FROM sbtest1 WHERE id BETWEEN 1732401 AND 1732410 ORDER BY c
	Unique  (cost=47.96..48.01 rows=11 width=121)
	  ->  Sort  (cost=47.96..47.99 rows=11 width=121)
	        Sort Key: c
	        ->  Index Scan using sbtest1_pkey on sbtest1  (cost=0.43..47.77 rows=11 width=121)
	              Index Cond: ((id >= 1732401) AND (id <= 1732410))

table 2 : explain SELECT DISTINCT c FROM sbtest2 WHERE id BETWEEN 4638200 AND 4638209 ORDER BY c
	Unique  (cost=43.99..44.04 rows=10 width=121)
	  ->  Sort  (cost=43.99..44.02 rows=10 width=121)
	        Sort Key: c
	        ->  Index Scan using sbtest2_pkey on sbtest2  (cost=0.43..43.83 rows=10 width=121)
	              Index Cond: ((id >= 4638200) AND (id <= 4638209))

table 3 : explain SELECT DISTINCT c FROM sbtest3 WHERE id BETWEEN 5408665 AND 5408674 ORDER BY c
	Unique  (cost=39.98..40.02 rows=9 width=121)
	  ->  Sort  (cost=39.98..40.00 rows=9 width=121)
	        Sort Key: c
	        ->  Index Scan using sbtest3_pkey on sbtest3  (cost=0.43..39.84 rows=9 width=121)
	              Index Cond: ((id >= 5408665) AND (id <= 5408674))

table 4 : explain SELECT DISTINCT c FROM sbtest4 WHERE id BETWEEN 6626723 AND 6626732 ORDER BY c
	Unique  (cost=43.91..43.96 rows=10 width=121)
	  ->  Sort  (cost=43.91..43.93 rows=10 width=121)
	        Sort Key: c
	        ->  Index Scan using sbtest4_pkey on sbtest4  (cost=0.43..43.74 rows=10 width=121)
	              Index Cond: ((id >= 6626723) AND (id <= 6626732))

table 5 : explain SELECT DISTINCT c FROM sbtest5 WHERE id BETWEEN 9967272 AND 9967281 ORDER BY c
	Unique  (cost=43.91..43.96 rows=10 width=121)
	  ->  Sort  (cost=43.91..43.93 rows=10 width=121)
	        Sort Key: c
	        ->  Index Scan using sbtest5_pkey on sbtest5  (cost=0.43..43.74 rows=10 width=121)
	              Index Cond: ((id >= 9967272) AND (id <= 9967281))

table 6 : explain SELECT DISTINCT c FROM sbtest6 WHERE id BETWEEN 5660005 AND 5660014 ORDER BY c
	Unique  (cost=43.75..43.80 rows=10 width=121)
	  ->  Sort  (cost=43.75..43.78 rows=10 width=121)
	        Sort Key: c
	        ->  Index Scan using sbtest6_pkey on sbtest6  (cost=0.43..43.58 rows=10 width=121)
	              Index Cond: ((id >= 5660005) AND (id <= 5660014))

table 7 : explain SELECT DISTINCT c FROM sbtest7 WHERE id BETWEEN 978768 AND 978777 ORDER BY c
	Unique  (cost=48.00..48.05 rows=11 width=121)
	  ->  Sort  (cost=48.00..48.03 rows=11 width=121)
	        Sort Key: c
	        ->  Index Scan using sbtest7_pkey on sbtest7  (cost=0.43..47.81 rows=11 width=121)
	              Index Cond: ((id >= 978768) AND (id <= 978777))

table 8 : explain SELECT DISTINCT c FROM sbtest8 WHERE id BETWEEN 5597972 AND 5597981 ORDER BY c
	Unique  (cost=43.94..43.99 rows=10 width=121)
	  ->  Sort  (cost=43.94..43.97 rows=10 width=121)
	        Sort Key: c
	        ->  Index Scan using sbtest8_pkey on sbtest8  (cost=0.43..43.78 rows=10 width=121)
	              Index Cond: ((id >= 5597972) AND (id <= 5597981))

for: order_ranges
table 1 : explain SELECT c FROM sbtest1 WHERE id BETWEEN 8224471 AND 8224480 ORDER BY c
	Sort  (cost=44.00..44.03 rows=10 width=121)
	  Sort Key: c
	  ->  Index Scan using sbtest1_pkey on sbtest1  (cost=0.43..43.84 rows=10 width=121)
	        Index Cond: ((id >= 8224471) AND (id <= 8224480))

table 2 : explain SELECT c FROM sbtest2 WHERE id BETWEEN 87944 AND 87953 ORDER BY c
	Sort  (cost=40.04..40.06 rows=9 width=121)
	  Sort Key: c
	  ->  Index Scan using sbtest2_pkey on sbtest2  (cost=0.43..39.90 rows=9 width=121)
	        Index Cond: ((id >= 87944) AND (id <= 87953))

table 3 : explain SELECT c FROM sbtest3 WHERE id BETWEEN 5241872 AND 5241881 ORDER BY c
	Sort  (cost=43.92..43.95 rows=10 width=121)
	  Sort Key: c
	  ->  Index Scan using sbtest3_pkey on sbtest3  (cost=0.43..43.76 rows=10 width=121)
	        Index Cond: ((id >= 5241872) AND (id <= 5241881))

table 4 : explain SELECT c FROM sbtest4 WHERE id BETWEEN 8047894 AND 8047903 ORDER BY c
	Sort  (cost=43.91..43.93 rows=10 width=121)
	  Sort Key: c
	  ->  Index Scan using sbtest4_pkey on sbtest4  (cost=0.43..43.74 rows=10 width=121)
	        Index Cond: ((id >= 8047894) AND (id <= 8047903))

table 5 : explain SELECT c FROM sbtest5 WHERE id BETWEEN 787779 AND 787788 ORDER BY c
	Sort  (cost=39.96..39.99 rows=9 width=121)
	  Sort Key: c
	  ->  Index Scan using sbtest5_pkey on sbtest5  (cost=0.43..39.82 rows=9 width=121)
	        Index Cond: ((id >= 787779) AND (id <= 787788))

table 6 : explain SELECT c FROM sbtest6 WHERE id BETWEEN 2859021 AND 2859030 ORDER BY c
	Sort  (cost=43.75..43.78 rows=10 width=121)
	  Sort Key: c
	  ->  Index Scan using sbtest6_pkey on sbtest6  (cost=0.43..43.58 rows=10 width=121)
	        Index Cond: ((id >= 2859021) AND (id <= 2859030))

table 7 : explain SELECT c FROM sbtest7 WHERE id BETWEEN 4618662 AND 4618671 ORDER BY c
	Sort  (cost=44.04..44.06 rows=10 width=121)
	  Sort Key: c
	  ->  Index Scan using sbtest7_pkey on sbtest7  (cost=0.43..43.87 rows=10 width=121)
	        Index Cond: ((id >= 4618662) AND (id <= 4618671))

table 8 : explain SELECT c FROM sbtest8 WHERE id BETWEEN 7028241 AND 7028250 ORDER BY c
	Sort  (cost=39.99..40.02 rows=9 width=121)
	  Sort Key: c
	  ->  Index Scan using sbtest8_pkey on sbtest8  (cost=0.43..39.85 rows=9 width=121)
	        Index Cond: ((id >= 7028241) AND (id <= 7028250))

for: order_ranges
table 1 : explain SELECT c FROM sbtest1 WHERE id BETWEEN 8186190 AND 8186199 ORDER BY c
	Sort  (cost=44.00..44.03 rows=10 width=121)
	  Sort Key: c
	  ->  Index Scan using sbtest1_pkey on sbtest1  (cost=0.43..43.84 rows=10 width=121)
	        Index Cond: ((id >= 8186190) AND (id <= 8186199))

table 2 : explain SELECT c FROM sbtest2 WHERE id BETWEEN 2860363 AND 2860372 ORDER BY c
	Sort  (cost=40.04..40.06 rows=9 width=121)
	  Sort Key: c
	  ->  Index Scan using sbtest2_pkey on sbtest2  (cost=0.43..39.90 rows=9 width=121)
	        Index Cond: ((id >= 2860363) AND (id <= 2860372))

table 3 : explain SELECT c FROM sbtest3 WHERE id BETWEEN 4441710 AND 4441719 ORDER BY c
	Sort  (cost=43.92..43.95 rows=10 width=121)
	  Sort Key: c
	  ->  Index Scan using sbtest3_pkey on sbtest3  (cost=0.43..43.76 rows=10 width=121)
	        Index Cond: ((id >= 4441710) AND (id <= 4441719))

table 4 : explain SELECT c FROM sbtest4 WHERE id BETWEEN 5862820 AND 5862829 ORDER BY c
	Sort  (cost=43.91..43.93 rows=10 width=121)
	  Sort Key: c
	  ->  Index Scan using sbtest4_pkey on sbtest4  (cost=0.43..43.74 rows=10 width=121)
	        Index Cond: ((id >= 5862820) AND (id <= 5862829))

table 5 : explain SELECT c FROM sbtest5 WHERE id BETWEEN 668829 AND 668838 ORDER BY c
	Sort  (cost=43.91..43.93 rows=10 width=121)
	  Sort Key: c
	  ->  Index Scan using sbtest5_pkey on sbtest5  (cost=0.43..43.74 rows=10 width=121)
	        Index Cond: ((id >= 668829) AND (id <= 668838))

table 6 : explain SELECT c FROM sbtest6 WHERE id BETWEEN 9196134 AND 9196143 ORDER BY c
	Sort  (cost=47.68..47.71 rows=11 width=121)
	  Sort Key: c
	  ->  Index Scan using sbtest6_pkey on sbtest6  (cost=0.43..47.49 rows=11 width=121)
	        Index Cond: ((id >= 9196134) AND (id <= 9196143))

table 7 : explain SELECT c FROM sbtest7 WHERE id BETWEEN 726718 AND 726727 ORDER BY c
	Sort  (cost=44.04..44.06 rows=10 width=121)
	  Sort Key: c
	  ->  Index Scan using sbtest7_pkey on sbtest7  (cost=0.43..43.87 rows=10 width=121)
	        Index Cond: ((id >= 726718) AND (id <= 726727))

table 8 : explain SELECT c FROM sbtest8 WHERE id BETWEEN 2824012 AND 2824021 ORDER BY c
	Sort  (cost=39.99..40.02 rows=9 width=121)
	  Sort Key: c
	  ->  Index Scan using sbtest8_pkey on sbtest8  (cost=0.43..39.85 rows=9 width=121)
	        Index Cond: ((id >= 2824012) AND (id <= 2824021))

for: distinct_ranges
table 1 : explain SELECT DISTINCT c FROM sbtest1 WHERE id BETWEEN 2016003 AND 2016012 ORDER BY c
	Unique  (cost=40.05..40.09 rows=9 width=121)
	  ->  Sort  (cost=40.05..40.07 rows=9 width=121)
	        Sort Key: c
	        ->  Index Scan using sbtest1_pkey on sbtest1  (cost=0.43..39.91 rows=9 width=121)
	              Index Cond: ((id >= 2016003) AND (id <= 2016012))

table 2 : explain SELECT DISTINCT c FROM sbtest2 WHERE id BETWEEN 3008804 AND 3008813 ORDER BY c
	Unique  (cost=43.99..44.04 rows=10 width=121)
	  ->  Sort  (cost=43.99..44.02 rows=10 width=121)
	        Sort Key: c
	        ->  Index Scan using sbtest2_pkey on sbtest2  (cost=0.43..43.83 rows=10 width=121)
	              Index Cond: ((id >= 3008804) AND (id <= 3008813))

table 3 : explain SELECT DISTINCT c FROM sbtest3 WHERE id BETWEEN 3573243 AND 3573252 ORDER BY c
	Unique  (cost=43.92..43.97 rows=10 width=121)
	  ->  Sort  (cost=43.92..43.95 rows=10 width=121)
	        Sort Key: c
	        ->  Index Scan using sbtest3_pkey on sbtest3  (cost=0.43..43.76 rows=10 width=121)
	              Index Cond: ((id >= 3573243) AND (id <= 3573252))

table 4 : explain SELECT DISTINCT c FROM sbtest4 WHERE id BETWEEN 7790624 AND 7790633 ORDER BY c
	Unique  (cost=43.91..43.96 rows=10 width=121)
	  ->  Sort  (cost=43.91..43.93 rows=10 width=121)
	        Sort Key: c
	        ->  Index Scan using sbtest4_pkey on sbtest4  (cost=0.43..43.74 rows=10 width=121)
	              Index Cond: ((id >= 7790624) AND (id <= 7790633))

table 5 : explain SELECT DISTINCT c FROM sbtest5 WHERE id BETWEEN 977596 AND 977605 ORDER BY c
	Unique  (cost=43.91..43.96 rows=10 width=121)
	  ->  Sort  (cost=43.91..43.93 rows=10 width=121)
	        Sort Key: c
	        ->  Index Scan using sbtest5_pkey on sbtest5  (cost=0.43..43.74 rows=10 width=121)
	              Index Cond: ((id >= 977596) AND (id <= 977605))

table 6 : explain SELECT DISTINCT c FROM sbtest6 WHERE id BETWEEN 7134564 AND 7134573 ORDER BY c
	Unique  (cost=43.75..43.80 rows=10 width=121)
	  ->  Sort  (cost=43.75..43.78 rows=10 width=121)
	        Sort Key: c
	        ->  Index Scan using sbtest6_pkey on sbtest6  (cost=0.43..43.58 rows=10 width=121)
	              Index Cond: ((id >= 7134564) AND (id <= 7134573))

table 7 : explain SELECT DISTINCT c FROM sbtest7 WHERE id BETWEEN 7257183 AND 7257192 ORDER BY c
	Unique  (cost=44.04..44.09 rows=10 width=121)
	  ->  Sort  (cost=44.04..44.06 rows=10 width=121)
	        Sort Key: c
	        ->  Index Scan using sbtest7_pkey on sbtest7  (cost=0.43..43.87 rows=10 width=121)
	              Index Cond: ((id >= 7257183) AND (id <= 7257192))

table 8 : explain SELECT DISTINCT c FROM sbtest8 WHERE id BETWEEN 4064803 AND 4064812 ORDER BY c
	Unique  (cost=43.94..43.99 rows=10 width=121)
	  ->  Sort  (cost=43.94..43.97 rows=10 width=121)
	        Sort Key: c
	        ->  Index Scan using sbtest8_pkey on sbtest8  (cost=0.43..43.78 rows=10 width=121)
	              Index Cond: ((id >= 4064803) AND (id <= 4064812))

for: distinct_ranges
table 1 : explain SELECT DISTINCT c FROM sbtest1 WHERE id BETWEEN 5268275 AND 5268284 ORDER BY c
	Unique  (cost=47.96..48.01 rows=11 width=121)
	  ->  Sort  (cost=47.96..47.99 rows=11 width=121)
	        Sort Key: c
	        ->  Index Scan using sbtest1_pkey on sbtest1  (cost=0.43..47.77 rows=11 width=121)
	              Index Cond: ((id >= 5268275) AND (id <= 5268284))

table 2 : explain SELECT DISTINCT c FROM sbtest2 WHERE id BETWEEN 1906816 AND 1906825 ORDER BY c
	Unique  (cost=43.99..44.04 rows=10 width=121)
	  ->  Sort  (cost=43.99..44.02 rows=10 width=121)
	        Sort Key: c
	        ->  Index Scan using sbtest2_pkey on sbtest2  (cost=0.43..43.83 rows=10 width=121)
	              Index Cond: ((id >= 1906816) AND (id <= 1906825))

table 3 : explain SELECT DISTINCT c FROM sbtest3 WHERE id BETWEEN 7170697 AND 7170706 ORDER BY c
	Unique  (cost=43.92..43.97 rows=10 width=121)
	  ->  Sort  (cost=43.92..43.95 rows=10 width=121)
	        Sort Key: c
	        ->  Index Scan using sbtest3_pkey on sbtest3  (cost=0.43..43.76 rows=10 width=121)
	              Index Cond: ((id >= 7170697) AND (id <= 7170706))

table 4 : explain SELECT DISTINCT c FROM sbtest4 WHERE id BETWEEN 2492688 AND 2492697 ORDER BY c
	Unique  (cost=43.91..43.96 rows=10 width=121)
	  ->  Sort  (cost=43.91..43.93 rows=10 width=121)
	        Sort Key: c
	        ->  Index Scan using sbtest4_pkey on sbtest4  (cost=0.43..43.74 rows=10 width=121)
	              Index Cond: ((id >= 2492688) AND (id <= 2492697))

table 5 : explain SELECT DISTINCT c FROM sbtest5 WHERE id BETWEEN 7179323 AND 7179332 ORDER BY c
	Unique  (cost=39.96..40.01 rows=9 width=121)
	  ->  Sort  (cost=39.96..39.99 rows=9 width=121)
	        Sort Key: c
	        ->  Index Scan using sbtest5_pkey on sbtest5  (cost=0.43..39.82 rows=9 width=121)
	              Index Cond: ((id >= 7179323) AND (id <= 7179332))

table 6 : explain SELECT DISTINCT c FROM sbtest6 WHERE id BETWEEN 7114439 AND 7114448 ORDER BY c
	Unique  (cost=43.75..43.80 rows=10 width=121)
	  ->  Sort  (cost=43.75..43.78 rows=10 width=121)
	        Sort Key: c
	        ->  Index Scan using sbtest6_pkey on sbtest6  (cost=0.43..43.58 rows=10 width=121)
	              Index Cond: ((id >= 7114439) AND (id <= 7114448))

table 7 : explain SELECT DISTINCT c FROM sbtest7 WHERE id BETWEEN 8746030 AND 8746039 ORDER BY c
	Unique  (cost=48.00..48.05 rows=11 width=121)
	  ->  Sort  (cost=48.00..48.03 rows=11 width=121)
	        Sort Key: c
	        ->  Index Scan using sbtest7_pkey on sbtest7  (cost=0.43..47.81 rows=11 width=121)
	              Index Cond: ((id >= 8746030) AND (id <= 8746039))

table 8 : explain SELECT DISTINCT c FROM sbtest8 WHERE id BETWEEN 5364746 AND 5364755 ORDER BY c
	Unique  (cost=47.89..47.95 rows=11 width=121)
	  ->  Sort  (cost=47.89..47.92 rows=11 width=121)
	        Sort Key: c
	        ->  Index Scan using sbtest8_pkey on sbtest8  (cost=0.43..47.70 rows=11 width=121)
	              Index Cond: ((id >= 5364746) AND (id <= 5364755))

for: order_ranges
table 1 : explain SELECT c FROM sbtest1 WHERE id BETWEEN 2979683 AND 2979692 ORDER BY c
	Sort  (cost=40.05..40.07 rows=9 width=121)
	  Sort Key: c
	  ->  Index Scan using sbtest1_pkey on sbtest1  (cost=0.43..39.91 rows=9 width=121)
	        Index Cond: ((id >= 2979683) AND (id <= 2979692))

table 2 : explain SELECT c FROM sbtest2 WHERE id BETWEEN 7962339 AND 7962348 ORDER BY c
	Sort  (cost=43.99..44.02 rows=10 width=121)
	  Sort Key: c
	  ->  Index Scan using sbtest2_pkey on sbtest2  (cost=0.43..43.83 rows=10 width=121)
	        Index Cond: ((id >= 7962339) AND (id <= 7962348))

table 3 : explain SELECT c FROM sbtest3 WHERE id BETWEEN 9824903 AND 9824912 ORDER BY c
	Sort  (cost=43.92..43.95 rows=10 width=121)
	  Sort Key: c
	  ->  Index Scan using sbtest3_pkey on sbtest3  (cost=0.43..43.76 rows=10 width=121)
	        Index Cond: ((id >= 9824903) AND (id <= 9824912))

table 4 : explain SELECT c FROM sbtest4 WHERE id BETWEEN 4555163 AND 4555172 ORDER BY c
	Sort  (cost=43.91..43.93 rows=10 width=121)
	  Sort Key: c
	  ->  Index Scan using sbtest4_pkey on sbtest4  (cost=0.43..43.74 rows=10 width=121)
	        Index Cond: ((id >= 4555163) AND (id <= 4555172))

table 5 : explain SELECT c FROM sbtest5 WHERE id BETWEEN 8908700 AND 8908709 ORDER BY c
	Sort  (cost=39.96..39.99 rows=9 width=121)
	  Sort Key: c
	  ->  Index Scan using sbtest5_pkey on sbtest5  (cost=0.43..39.82 rows=9 width=121)
	        Index Cond: ((id >= 8908700) AND (id <= 8908709))

table 6 : explain SELECT c FROM sbtest6 WHERE id BETWEEN 5635569 AND 5635578 ORDER BY c
	Sort  (cost=43.75..43.78 rows=10 width=121)
	  Sort Key: c
	  ->  Index Scan using sbtest6_pkey on sbtest6  (cost=0.43..43.58 rows=10 width=121)
	        Index Cond: ((id >= 5635569) AND (id <= 5635578))

table 7 : explain SELECT c FROM sbtest7 WHERE id BETWEEN 1579883 AND 1579892 ORDER BY c
	Sort  (cost=44.04..44.06 rows=10 width=121)
	  Sort Key: c
	  ->  Index Scan using sbtest7_pkey on sbtest7  (cost=0.43..43.87 rows=10 width=121)
	        Index Cond: ((id >= 1579883) AND (id <= 1579892))

table 8 : explain SELECT c FROM sbtest8 WHERE id BETWEEN 6192234 AND 6192243 ORDER BY c
	Sort  (cost=43.94..43.97 rows=10 width=121)
	  Sort Key: c
	  ->  Index Scan using sbtest8_pkey on sbtest8  (cost=0.43..43.78 rows=10 width=121)
	        Index Cond: ((id >= 6192234) AND (id <= 6192243))

for: distinct_ranges
table 1 : explain SELECT DISTINCT c FROM sbtest1 WHERE id BETWEEN 2201649 AND 2201658 ORDER BY c
	Unique  (cost=44.00..44.05 rows=10 width=121)
	  ->  Sort  (cost=44.00..44.03 rows=10 width=121)
	        Sort Key: c
	        ->  Index Scan using sbtest1_pkey on sbtest1  (cost=0.43..43.84 rows=10 width=121)
	              Index Cond: ((id >= 2201649) AND (id <= 2201658))

table 2 : explain SELECT DISTINCT c FROM sbtest2 WHERE id BETWEEN 5797730 AND 5797739 ORDER BY c
	Unique  (cost=40.04..40.08 rows=9 width=121)
	  ->  Sort  (cost=40.04..40.06 rows=9 width=121)
	        Sort Key: c
	        ->  Index Scan using sbtest2_pkey on sbtest2  (cost=0.43..39.90 rows=9 width=121)
	              Index Cond: ((id >= 5797730) AND (id <= 5797739))

table 3 : explain SELECT DISTINCT c FROM sbtest3 WHERE id BETWEEN 7969694 AND 7969703 ORDER BY c
	Unique  (cost=43.92..43.97 rows=10 width=121)
	  ->  Sort  (cost=43.92..43.95 rows=10 width=121)
	        Sort Key: c
	        ->  Index Scan using sbtest3_pkey on sbtest3  (cost=0.43..43.76 rows=10 width=121)
	              Index Cond: ((id >= 7969694) AND (id <= 7969703))

table 4 : explain SELECT DISTINCT c FROM sbtest4 WHERE id BETWEEN 2709612 AND 2709621 ORDER BY c
	Unique  (cost=47.85..47.91 rows=11 width=121)
	  ->  Sort  (cost=47.85..47.88 rows=11 width=121)
	        Sort Key: c
	        ->  Index Scan using sbtest4_pkey on sbtest4  (cost=0.43..47.66 rows=11 width=121)
	              Index Cond: ((id >= 2709612) AND (id <= 2709621))

table 5 : explain SELECT DISTINCT c FROM sbtest5 WHERE id BETWEEN 1090455 AND 1090464 ORDER BY c
	Unique  (cost=43.91..43.96 rows=10 width=121)
	  ->  Sort  (cost=43.91..43.93 rows=10 width=121)
	        Sort Key: c
	        ->  Index Scan using sbtest5_pkey on sbtest5  (cost=0.43..43.74 rows=10 width=121)
	              Index Cond: ((id >= 1090455) AND (id <= 1090464))

table 6 : explain SELECT DISTINCT c FROM sbtest6 WHERE id BETWEEN 5115251 AND 5115260 ORDER BY c
	Unique  (cost=43.75..43.80 rows=10 width=121)
	  ->  Sort  (cost=43.75..43.78 rows=10 width=121)
	        Sort Key: c
	        ->  Index Scan using sbtest6_pkey on sbtest6  (cost=0.43..43.58 rows=10 width=121)
	              Index Cond: ((id >= 5115251) AND (id <= 5115260))

table 7 : explain SELECT DISTINCT c FROM sbtest7 WHERE id BETWEEN 9655518 AND 9655527 ORDER BY c
	Unique  (cost=40.08..40.12 rows=9 width=121)
	  ->  Sort  (cost=40.08..40.10 rows=9 width=121)
	        Sort Key: c
	        ->  Index Scan using sbtest7_pkey on sbtest7  (cost=0.43..39.94 rows=9 width=121)
	              Index Cond: ((id >= 9655518) AND (id <= 9655527))

table 8 : explain SELECT DISTINCT c FROM sbtest8 WHERE id BETWEEN 7052573 AND 7052582 ORDER BY c
	Unique  (cost=43.94..43.99 rows=10 width=121)
	  ->  Sort  (cost=43.94..43.97 rows=10 width=121)
	        Sort Key: c
	        ->  Index Scan using sbtest8_pkey on sbtest8  (cost=0.43..43.78 rows=10 width=121)
	              Index Cond: ((id >= 7052573) AND (id <= 7052582))

for: distinct_ranges
table 1 : explain SELECT DISTINCT c FROM sbtest1 WHERE id BETWEEN 899301 AND 899310 ORDER BY c
	Unique  (cost=44.00..44.05 rows=10 width=121)
	  ->  Sort  (cost=44.00..44.03 rows=10 width=121)
	        Sort Key: c
	        ->  Index Scan using sbtest1_pkey on sbtest1  (cost=0.43..43.84 rows=10 width=121)
	              Index Cond: ((id >= 899301) AND (id <= 899310))

table 2 : explain SELECT DISTINCT c FROM sbtest2 WHERE id BETWEEN 1900104 AND 1900113 ORDER BY c
	Unique  (cost=43.99..44.04 rows=10 width=121)
	  ->  Sort  (cost=43.99..44.02 rows=10 width=121)
	        Sort Key: c
	        ->  Index Scan using sbtest2_pkey on sbtest2  (cost=0.43..43.83 rows=10 width=121)
	              Index Cond: ((id >= 1900104) AND (id <= 1900113))

table 3 : explain SELECT DISTINCT c FROM sbtest3 WHERE id BETWEEN 7033724 AND 7033733 ORDER BY c
	Unique  (cost=43.92..43.97 rows=10 width=121)
	  ->  Sort  (cost=43.92..43.95 rows=10 width=121)
	        Sort Key: c
	        ->  Index Scan using sbtest3_pkey on sbtest3  (cost=0.43..43.76 rows=10 width=121)
	              Index Cond: ((id >= 7033724) AND (id <= 7033733))

table 4 : explain SELECT DISTINCT c FROM sbtest4 WHERE id BETWEEN 5569110 AND 5569119 ORDER BY c
	Unique  (cost=47.85..47.91 rows=11 width=121)
	  ->  Sort  (cost=47.85..47.88 rows=11 width=121)
	        Sort Key: c
	        ->  Index Scan using sbtest4_pkey on sbtest4  (cost=0.43..47.66 rows=11 width=121)
	              Index Cond: ((id >= 5569110) AND (id <= 5569119))

table 5 : explain SELECT DISTINCT c FROM sbtest5 WHERE id BETWEEN 2349768 AND 2349777 ORDER BY c
	Unique  (cost=39.96..40.01 rows=9 width=121)
	  ->  Sort  (cost=39.96..39.99 rows=9 width=121)
	        Sort Key: c
	        ->  Index Scan using sbtest5_pkey on sbtest5  (cost=0.43..39.82 rows=9 width=121)
	              Index Cond: ((id >= 2349768) AND (id <= 2349777))

table 6 : explain SELECT DISTINCT c FROM sbtest6 WHERE id BETWEEN 2846294 AND 2846303 ORDER BY c
	Unique  (cost=43.75..43.80 rows=10 width=121)
	  ->  Sort  (cost=43.75..43.78 rows=10 width=121)
	        Sort Key: c
	        ->  Index Scan using sbtest6_pkey on sbtest6  (cost=0.43..43.58 rows=10 width=121)
	              Index Cond: ((id >= 2846294) AND (id <= 2846303))

table 7 : explain SELECT DISTINCT c FROM sbtest7 WHERE id BETWEEN 7831547 AND 7831556 ORDER BY c
	Unique  (cost=44.04..44.09 rows=10 width=121)
	  ->  Sort  (cost=44.04..44.06 rows=10 width=121)
	        Sort Key: c
	        ->  Index Scan using sbtest7_pkey on sbtest7  (cost=0.43..43.87 rows=10 width=121)
	              Index Cond: ((id >= 7831547) AND (id <= 7831556))

table 8 : explain SELECT DISTINCT c FROM sbtest8 WHERE id BETWEEN 9779782 AND 9779791 ORDER BY c
	Unique  (cost=39.99..40.04 rows=9 width=121)
	  ->  Sort  (cost=39.99..40.02 rows=9 width=121)
	        Sort Key: c
	        ->  Index Scan using sbtest8_pkey on sbtest8  (cost=0.43..39.85 rows=9 width=121)
	              Index Cond: ((id >= 9779782) AND (id <= 9779791))

for: distinct_ranges
table 1 : explain SELECT DISTINCT c FROM sbtest1 WHERE id BETWEEN 9665655 AND 9665664 ORDER BY c
	Unique  (cost=47.96..48.01 rows=11 width=121)
	  ->  Sort  (cost=47.96..47.99 rows=11 width=121)
	        Sort Key: c
	        ->  Index Scan using sbtest1_pkey on sbtest1  (cost=0.43..47.77 rows=11 width=121)
	              Index Cond: ((id >= 9665655) AND (id <= 9665664))

table 2 : explain SELECT DISTINCT c FROM sbtest2 WHERE id BETWEEN 769707 AND 769716 ORDER BY c
	Unique  (cost=40.04..40.08 rows=9 width=121)
	  ->  Sort  (cost=40.04..40.06 rows=9 width=121)
	        Sort Key: c
	        ->  Index Scan using sbtest2_pkey on sbtest2  (cost=0.43..39.90 rows=9 width=121)
	              Index Cond: ((id >= 769707) AND (id <= 769716))

table 3 : explain SELECT DISTINCT c FROM sbtest3 WHERE id BETWEEN 3120908 AND 3120917 ORDER BY c
	Unique  (cost=43.92..43.97 rows=10 width=121)
	  ->  Sort  (cost=43.92..43.95 rows=10 width=121)
	        Sort Key: c
	        ->  Index Scan using sbtest3_pkey on sbtest3  (cost=0.43..43.76 rows=10 width=121)
	              Index Cond: ((id >= 3120908) AND (id <= 3120917))

table 4 : explain SELECT DISTINCT c FROM sbtest4 WHERE id BETWEEN 5726816 AND 5726825 ORDER BY c
	Unique  (cost=47.85..47.91 rows=11 width=121)
	  ->  Sort  (cost=47.85..47.88 rows=11 width=121)
	        Sort Key: c
	        ->  Index Scan using sbtest4_pkey on sbtest4  (cost=0.43..47.66 rows=11 width=121)
	              Index Cond: ((id >= 5726816) AND (id <= 5726825))

table 5 : explain SELECT DISTINCT c FROM sbtest5 WHERE id BETWEEN 1427475 AND 1427484 ORDER BY c
	Unique  (cost=43.91..43.96 rows=10 width=121)
	  ->  Sort  (cost=43.91..43.93 rows=10 width=121)
	        Sort Key: c
	        ->  Index Scan using sbtest5_pkey on sbtest5  (cost=0.43..43.74 rows=10 width=121)
	              Index Cond: ((id >= 1427475) AND (id <= 1427484))

table 6 : explain SELECT DISTINCT c FROM sbtest6 WHERE id BETWEEN 6934704 AND 6934713 ORDER BY c
	Unique  (cost=43.75..43.80 rows=10 width=121)
	  ->  Sort  (cost=43.75..43.78 rows=10 width=121)
	        Sort Key: c
	        ->  Index Scan using sbtest6_pkey on sbtest6  (cost=0.43..43.58 rows=10 width=121)
	              Index Cond: ((id >= 6934704) AND (id <= 6934713))

table 7 : explain SELECT DISTINCT c FROM sbtest7 WHERE id BETWEEN 981844 AND 981853 ORDER BY c
	Unique  (cost=48.00..48.05 rows=11 width=121)
	  ->  Sort  (cost=48.00..48.03 rows=11 width=121)
	        Sort Key: c
	        ->  Index Scan using sbtest7_pkey on sbtest7  (cost=0.43..47.81 rows=11 width=121)
	              Index Cond: ((id >= 981844) AND (id <= 981853))

table 8 : explain SELECT DISTINCT c FROM sbtest8 WHERE id BETWEEN 5510604 AND 5510613 ORDER BY c
	Unique  (cost=43.94..43.99 rows=10 width=121)
	  ->  Sort  (cost=43.94..43.97 rows=10 width=121)
	        Sort Key: c
	        ->  Index Scan using sbtest8_pkey on sbtest8  (cost=0.43..43.78 rows=10 width=121)
	              Index Cond: ((id >= 5510604) AND (id <= 5510613))

for: distinct_ranges
table 1 : explain SELECT DISTINCT c FROM sbtest1 WHERE id BETWEEN 8623925 AND 8623934 ORDER BY c
	Unique  (cost=47.96..48.01 rows=11 width=121)
	  ->  Sort  (cost=47.96..47.99 rows=11 width=121)
	        Sort Key: c
	        ->  Index Scan using sbtest1_pkey on sbtest1  (cost=0.43..47.77 rows=11 width=121)
	              Index Cond: ((id >= 8623925) AND (id <= 8623934))

table 2 : explain SELECT DISTINCT c FROM sbtest2 WHERE id BETWEEN 2545956 AND 2545965 ORDER BY c
	Unique  (cost=43.99..44.04 rows=10 width=121)
	  ->  Sort  (cost=43.99..44.02 rows=10 width=121)
	        Sort Key: c
	        ->  Index Scan using sbtest2_pkey on sbtest2  (cost=0.43..43.83 rows=10 width=121)
	              Index Cond: ((id >= 2545956) AND (id <= 2545965))

table 3 : explain SELECT DISTINCT c FROM sbtest3 WHERE id BETWEEN 8923867 AND 8923876 ORDER BY c
	Unique  (cost=39.98..40.02 rows=9 width=121)
	  ->  Sort  (cost=39.98..40.00 rows=9 width=121)
	        Sort Key: c
	        ->  Index Scan using sbtest3_pkey on sbtest3  (cost=0.43..39.84 rows=9 width=121)
	              Index Cond: ((id >= 8923867) AND (id <= 8923876))

table 4 : explain SELECT DISTINCT c FROM sbtest4 WHERE id BETWEEN 3452798 AND 3452807 ORDER BY c
	Unique  (cost=47.85..47.91 rows=11 width=121)
	  ->  Sort  (cost=47.85..47.88 rows=11 width=121)
	        Sort Key: c
	        ->  Index Scan using sbtest4_pkey on sbtest4  (cost=0.43..47.66 rows=11 width=121)
	              Index Cond: ((id >= 3452798) AND (id <= 3452807))

table 5 : explain SELECT DISTINCT c FROM sbtest5 WHERE id BETWEEN 449190 AND 449199 ORDER BY c
	Unique  (cost=47.85..47.91 rows=11 width=121)
	  ->  Sort  (cost=47.85..47.88 rows=11 width=121)
	        Sort Key: c
	        ->  Index Scan using sbtest5_pkey on sbtest5  (cost=0.43..47.66 rows=11 width=121)
	              Index Cond: ((id >= 449190) AND (id <= 449199))

table 6 : explain SELECT DISTINCT c FROM sbtest6 WHERE id BETWEEN 1890835 AND 1890844 ORDER BY c
	Unique  (cost=47.68..47.73 rows=11 width=121)
	  ->  Sort  (cost=47.68..47.71 rows=11 width=121)
	        Sort Key: c
	        ->  Index Scan using sbtest6_pkey on sbtest6  (cost=0.43..47.49 rows=11 width=121)
	              Index Cond: ((id >= 1890835) AND (id <= 1890844))

table 7 : explain SELECT DISTINCT c FROM sbtest7 WHERE id BETWEEN 4937666 AND 4937675 ORDER BY c
	Unique  (cost=48.00..48.05 rows=11 width=121)
	  ->  Sort  (cost=48.00..48.03 rows=11 width=121)
	        Sort Key: c
	        ->  Index Scan using sbtest7_pkey on sbtest7  (cost=0.43..47.81 rows=11 width=121)
	              Index Cond: ((id >= 4937666) AND (id <= 4937675))

table 8 : explain SELECT DISTINCT c FROM sbtest8 WHERE id BETWEEN 3912213 AND 3912222 ORDER BY c
	Unique  (cost=47.89..47.95 rows=11 width=121)
	  ->  Sort  (cost=47.89..47.92 rows=11 width=121)
	        Sort Key: c
	        ->  Index Scan using sbtest8_pkey on sbtest8  (cost=0.43..47.70 rows=11 width=121)
	              Index Cond: ((id >= 3912213) AND (id <= 3912222))

for: distinct_ranges
table 1 : explain SELECT DISTINCT c FROM sbtest1 WHERE id BETWEEN 2779327 AND 2779336 ORDER BY c
	Unique  (cost=40.05..40.09 rows=9 width=121)
	  ->  Sort  (cost=40.05..40.07 rows=9 width=121)
	        Sort Key: c
	        ->  Index Scan using sbtest1_pkey on sbtest1  (cost=0.43..39.91 rows=9 width=121)
	              Index Cond: ((id >= 2779327) AND (id <= 2779336))

table 2 : explain SELECT DISTINCT c FROM sbtest2 WHERE id BETWEEN 7461688 AND 7461697 ORDER BY c
	Unique  (cost=43.99..44.04 rows=10 width=121)
	  ->  Sort  (cost=43.99..44.02 rows=10 width=121)
	        Sort Key: c
	        ->  Index Scan using sbtest2_pkey on sbtest2  (cost=0.43..43.83 rows=10 width=121)
	              Index Cond: ((id >= 7461688) AND (id <= 7461697))

table 3 : explain SELECT DISTINCT c FROM sbtest3 WHERE id BETWEEN 4810316 AND 4810325 ORDER BY c
	Unique  (cost=43.92..43.97 rows=10 width=121)
	  ->  Sort  (cost=43.92..43.95 rows=10 width=121)
	        Sort Key: c
	        ->  Index Scan using sbtest3_pkey on sbtest3  (cost=0.43..43.76 rows=10 width=121)
	              Index Cond: ((id >= 4810316) AND (id <= 4810325))

table 4 : explain SELECT DISTINCT c FROM sbtest4 WHERE id BETWEEN 6567872 AND 6567881 ORDER BY c
	Unique  (cost=43.91..43.96 rows=10 width=121)
	  ->  Sort  (cost=43.91..43.93 rows=10 width=121)
	        Sort Key: c
	        ->  Index Scan using sbtest4_pkey on sbtest4  (cost=0.43..43.74 rows=10 width=121)
	              Index Cond: ((id >= 6567872) AND (id <= 6567881))

table 5 : explain SELECT DISTINCT c FROM sbtest5 WHERE id BETWEEN 5494939 AND 5494948 ORDER BY c
	Unique  (cost=43.91..43.96 rows=10 width=121)
	  ->  Sort  (cost=43.91..43.93 rows=10 width=121)
	        Sort Key: c
	        ->  Index Scan using sbtest5_pkey on sbtest5  (cost=0.43..43.74 rows=10 width=121)
	              Index Cond: ((id >= 5494939) AND (id <= 5494948))

table 6 : explain SELECT DISTINCT c FROM sbtest6 WHERE id BETWEEN 5112330 AND 5112339 ORDER BY c
	Unique  (cost=43.75..43.80 rows=10 width=121)
	  ->  Sort  (cost=43.75..43.78 rows=10 width=121)
	        Sort Key: c
	        ->  Index Scan using sbtest6_pkey on sbtest6  (cost=0.43..43.58 rows=10 width=121)
	              Index Cond: ((id >= 5112330) AND (id <= 5112339))

table 7 : explain SELECT DISTINCT c FROM sbtest7 WHERE id BETWEEN 9760705 AND 9760714 ORDER BY c
	Unique  (cost=44.04..44.09 rows=10 width=121)
	  ->  Sort  (cost=44.04..44.06 rows=10 width=121)
	        Sort Key: c
	        ->  Index Scan using sbtest7_pkey on sbtest7  (cost=0.43..43.87 rows=10 width=121)
	              Index Cond: ((id >= 9760705) AND (id <= 9760714))

table 8 : explain SELECT DISTINCT c FROM sbtest8 WHERE id BETWEEN 7141330 AND 7141339 ORDER BY c
	Unique  (cost=43.94..43.99 rows=10 width=121)
	  ->  Sort  (cost=43.94..43.97 rows=10 width=121)
	        Sort Key: c
	        ->  Index Scan using sbtest8_pkey on sbtest8  (cost=0.43..43.78 rows=10 width=121)
	              Index Cond: ((id >= 7141330) AND (id <= 7141339))

for: distinct_ranges
table 1 : explain SELECT DISTINCT c FROM sbtest1 WHERE id BETWEEN 4436769 AND 4436778 ORDER BY c
	Unique  (cost=44.00..44.05 rows=10 width=121)
	  ->  Sort  (cost=44.00..44.03 rows=10 width=121)
	        Sort Key: c
	        ->  Index Scan using sbtest1_pkey on sbtest1  (cost=0.43..43.84 rows=10 width=121)
	              Index Cond: ((id >= 4436769) AND (id <= 4436778))

table 2 : explain SELECT DISTINCT c FROM sbtest2 WHERE id BETWEEN 4691848 AND 4691857 ORDER BY c
	Unique  (cost=43.99..44.04 rows=10 width=121)
	  ->  Sort  (cost=43.99..44.02 rows=10 width=121)
	        Sort Key: c
	        ->  Index Scan using sbtest2_pkey on sbtest2  (cost=0.43..43.83 rows=10 width=121)
	              Index Cond: ((id >= 4691848) AND (id <= 4691857))

table 3 : explain SELECT DISTINCT c FROM sbtest3 WHERE id BETWEEN 2888506 AND 2888515 ORDER BY c
	Unique  (cost=43.92..43.97 rows=10 width=121)
	  ->  Sort  (cost=43.92..43.95 rows=10 width=121)
	        Sort Key: c
	        ->  Index Scan using sbtest3_pkey on sbtest3  (cost=0.43..43.76 rows=10 width=121)
	              Index Cond: ((id >= 2888506) AND (id <= 2888515))

table 4 : explain SELECT DISTINCT c FROM sbtest4 WHERE id BETWEEN 1646803 AND 1646812 ORDER BY c
	Unique  (cost=43.91..43.96 rows=10 width=121)
	  ->  Sort  (cost=43.91..43.93 rows=10 width=121)
	        Sort Key: c
	        ->  Index Scan using sbtest4_pkey on sbtest4  (cost=0.43..43.74 rows=10 width=121)
	              Index Cond: ((id >= 1646803) AND (id <= 1646812))

table 5 : explain SELECT DISTINCT c FROM sbtest5 WHERE id BETWEEN 5227469 AND 5227478 ORDER BY c
	Unique  (cost=39.96..40.01 rows=9 width=121)
	  ->  Sort  (cost=39.96..39.99 rows=9 width=121)
	        Sort Key: c
	        ->  Index Scan using sbtest5_pkey on sbtest5  (cost=0.43..39.82 rows=9 width=121)
	              Index Cond: ((id >= 5227469) AND (id <= 5227478))

table 6 : explain SELECT DISTINCT c FROM sbtest6 WHERE id BETWEEN 9882357 AND 9882366 ORDER BY c
	Unique  (cost=51.61..51.67 rows=12 width=121)
	  ->  Sort  (cost=51.61..51.64 rows=12 width=121)
	        Sort Key: c
	        ->  Index Scan using sbtest6_pkey on sbtest6  (cost=0.43..51.39 rows=12 width=121)
	              Index Cond: ((id >= 9882357) AND (id <= 9882366))

table 7 : explain SELECT DISTINCT c FROM sbtest7 WHERE id BETWEEN 257491 AND 257500 ORDER BY c
	Unique  (cost=44.04..44.09 rows=10 width=121)
	  ->  Sort  (cost=44.04..44.06 rows=10 width=121)
	        Sort Key: c
	        ->  Index Scan using sbtest7_pkey on sbtest7  (cost=0.43..43.87 rows=10 width=121)
	              Index Cond: ((id >= 257491) AND (id <= 257500))

table 8 : explain SELECT DISTINCT c FROM sbtest8 WHERE id BETWEEN 36224 AND 36233 ORDER BY c
	Unique  (cost=43.94..43.99 rows=10 width=121)
	  ->  Sort  (cost=43.94..43.97 rows=10 width=121)
	        Sort Key: c
	        ->  Index Scan using sbtest8_pkey on sbtest8  (cost=0.43..43.78 rows=10 width=121)
	              Index Cond: ((id >= 36224) AND (id <= 36233))

for: distinct_ranges
table 1 : explain SELECT DISTINCT c FROM sbtest1 WHERE id BETWEEN 8543644 AND 8543653 ORDER BY c
	Unique  (cost=44.00..44.05 rows=10 width=121)
	  ->  Sort  (cost=44.00..44.03 rows=10 width=121)
	        Sort Key: c
	        ->  Index Scan using sbtest1_pkey on sbtest1  (cost=0.43..43.84 rows=10 width=121)
	              Index Cond: ((id >= 8543644) AND (id <= 8543653))

table 2 : explain SELECT DISTINCT c FROM sbtest2 WHERE id BETWEEN 6913662 AND 6913671 ORDER BY c
	Unique  (cost=43.99..44.04 rows=10 width=121)
	  ->  Sort  (cost=43.99..44.02 rows=10 width=121)
	        Sort Key: c
	        ->  Index Scan using sbtest2_pkey on sbtest2  (cost=0.43..43.83 rows=10 width=121)
	              Index Cond: ((id >= 6913662) AND (id <= 6913671))

table 3 : explain SELECT DISTINCT c FROM sbtest3 WHERE id BETWEEN 2339250 AND 2339259 ORDER BY c
	Unique  (cost=39.98..40.02 rows=9 width=121)
	  ->  Sort  (cost=39.98..40.00 rows=9 width=121)
	        Sort Key: c
	        ->  Index Scan using sbtest3_pkey on sbtest3  (cost=0.43..39.84 rows=9 width=121)
	              Index Cond: ((id >= 2339250) AND (id <= 2339259))

table 4 : explain SELECT DISTINCT c FROM sbtest4 WHERE id BETWEEN 3028328 AND 3028337 ORDER BY c
	Unique  (cost=43.91..43.96 rows=10 width=121)
	  ->  Sort  (cost=43.91..43.93 rows=10 width=121)
	        Sort Key: c
	        ->  Index Scan using sbtest4_pkey on sbtest4  (cost=0.43..43.74 rows=10 width=121)
	              Index Cond: ((id >= 3028328) AND (id <= 3028337))

table 5 : explain SELECT DISTINCT c FROM sbtest5 WHERE id BETWEEN 4103102 AND 4103111 ORDER BY c
	Unique  (cost=43.91..43.96 rows=10 width=121)
	  ->  Sort  (cost=43.91..43.93 rows=10 width=121)
	        Sort Key: c
	        ->  Index Scan using sbtest5_pkey on sbtest5  (cost=0.43..43.74 rows=10 width=121)
	              Index Cond: ((id >= 4103102) AND (id <= 4103111))

table 6 : explain SELECT DISTINCT c FROM sbtest6 WHERE id BETWEEN 7793114 AND 7793123 ORDER BY c
	Unique  (cost=43.75..43.80 rows=10 width=121)
	  ->  Sort  (cost=43.75..43.78 rows=10 width=121)
	        Sort Key: c
	        ->  Index Scan using sbtest6_pkey on sbtest6  (cost=0.43..43.58 rows=10 width=121)
	              Index Cond: ((id >= 7793114) AND (id <= 7793123))

table 7 : explain SELECT DISTINCT c FROM sbtest7 WHERE id BETWEEN 7234134 AND 7234143 ORDER BY c
	Unique  (cost=44.04..44.09 rows=10 width=121)
	  ->  Sort  (cost=44.04..44.06 rows=10 width=121)
	        Sort Key: c
	        ->  Index Scan using sbtest7_pkey on sbtest7  (cost=0.43..43.87 rows=10 width=121)
	              Index Cond: ((id >= 7234134) AND (id <= 7234143))

table 8 : explain SELECT DISTINCT c FROM sbtest8 WHERE id BETWEEN 1989280 AND 1989289 ORDER BY c
	Unique  (cost=43.94..43.99 rows=10 width=121)
	  ->  Sort  (cost=43.94..43.97 rows=10 width=121)
	        Sort Key: c
	        ->  Index Scan using sbtest8_pkey on sbtest8  (cost=0.43..43.78 rows=10 width=121)
	              Index Cond: ((id >= 1989280) AND (id <= 1989289))

for: distinct_ranges
table 1 : explain SELECT DISTINCT c FROM sbtest1 WHERE id BETWEEN 389279 AND 389288 ORDER BY c
	Unique  (cost=44.00..44.05 rows=10 width=121)
	  ->  Sort  (cost=44.00..44.03 rows=10 width=121)
	        Sort Key: c
	        ->  Index Scan using sbtest1_pkey on sbtest1  (cost=0.43..43.84 rows=10 width=121)
	              Index Cond: ((id >= 389279) AND (id <= 389288))

table 2 : explain SELECT DISTINCT c FROM sbtest2 WHERE id BETWEEN 9891306 AND 9891315 ORDER BY c
	Unique  (cost=43.99..44.04 rows=10 width=121)
	  ->  Sort  (cost=43.99..44.02 rows=10 width=121)
	        Sort Key: c
	        ->  Index Scan using sbtest2_pkey on sbtest2  (cost=0.43..43.83 rows=10 width=121)
	              Index Cond: ((id >= 9891306) AND (id <= 9891315))

table 3 : explain SELECT DISTINCT c FROM sbtest3 WHERE id BETWEEN 7360399 AND 7360408 ORDER BY c
	Unique  (cost=39.98..40.02 rows=9 width=121)
	  ->  Sort  (cost=39.98..40.00 rows=9 width=121)
	        Sort Key: c
	        ->  Index Scan using sbtest3_pkey on sbtest3  (cost=0.43..39.84 rows=9 width=121)
	              Index Cond: ((id >= 7360399) AND (id <= 7360408))

table 4 : explain SELECT DISTINCT c FROM sbtest4 WHERE id BETWEEN 5878507 AND 5878516 ORDER BY c
	Unique  (cost=43.91..43.96 rows=10 width=121)
	  ->  Sort  (cost=43.91..43.93 rows=10 width=121)
	        Sort Key: c
	        ->  Index Scan using sbtest4_pkey on sbtest4  (cost=0.43..43.74 rows=10 width=121)
	              Index Cond: ((id >= 5878507) AND (id <= 5878516))

table 5 : explain SELECT DISTINCT c FROM sbtest5 WHERE id BETWEEN 6721086 AND 6721095 ORDER BY c
	Unique  (cost=43.91..43.96 rows=10 width=121)
	  ->  Sort  (cost=43.91..43.93 rows=10 width=121)
	        Sort Key: c
	        ->  Index Scan using sbtest5_pkey on sbtest5  (cost=0.43..43.74 rows=10 width=121)
	              Index Cond: ((id >= 6721086) AND (id <= 6721095))

table 6 : explain SELECT DISTINCT c FROM sbtest6 WHERE id BETWEEN 3495087 AND 3495096 ORDER BY c
	Unique  (cost=43.75..43.80 rows=10 width=121)
	  ->  Sort  (cost=43.75..43.78 rows=10 width=121)
	        Sort Key: c
	        ->  Index Scan using sbtest6_pkey on sbtest6  (cost=0.43..43.58 rows=10 width=121)
	              Index Cond: ((id >= 3495087) AND (id <= 3495096))

table 7 : explain SELECT DISTINCT c FROM sbtest7 WHERE id BETWEEN 3523341 AND 3523350 ORDER BY c
	Unique  (cost=44.04..44.09 rows=10 width=121)
	  ->  Sort  (cost=44.04..44.06 rows=10 width=121)
	        Sort Key: c
	        ->  Index Scan using sbtest7_pkey on sbtest7  (cost=0.43..43.87 rows=10 width=121)
	              Index Cond: ((id >= 3523341) AND (id <= 3523350))

table 8 : explain SELECT DISTINCT c FROM sbtest8 WHERE id BETWEEN 538514 AND 538523 ORDER BY c
	Unique  (cost=43.94..43.99 rows=10 width=121)
	  ->  Sort  (cost=43.94..43.97 rows=10 width=121)
	        Sort Key: c
	        ->  Index Scan using sbtest8_pkey on sbtest8  (cost=0.43..43.78 rows=10 width=121)
	              Index Cond: ((id >= 538514) AND (id <= 538523))

for: distinct_ranges
table 1 : explain SELECT DISTINCT c FROM sbtest1 WHERE id BETWEEN 1118116 AND 1118125 ORDER BY c
	Unique  (cost=44.00..44.05 rows=10 width=121)
	  ->  Sort  (cost=44.00..44.03 rows=10 width=121)
	        Sort Key: c
	        ->  Index Scan using sbtest1_pkey on sbtest1  (cost=0.43..43.84 rows=10 width=121)
	              Index Cond: ((id >= 1118116) AND (id <= 1118125))

table 2 : explain SELECT DISTINCT c FROM sbtest2 WHERE id BETWEEN 9629828 AND 9629837 ORDER BY c
	Unique  (cost=43.99..44.04 rows=10 width=121)
	  ->  Sort  (cost=43.99..44.02 rows=10 width=121)
	        Sort Key: c
	        ->  Index Scan using sbtest2_pkey on sbtest2  (cost=0.43..43.83 rows=10 width=121)
	              Index Cond: ((id >= 9629828) AND (id <= 9629837))

table 3 : explain SELECT DISTINCT c FROM sbtest3 WHERE id BETWEEN 292277 AND 292286 ORDER BY c
	Unique  (cost=43.92..43.97 rows=10 width=121)
	  ->  Sort  (cost=43.92..43.95 rows=10 width=121)
	        Sort Key: c
	        ->  Index Scan using sbtest3_pkey on sbtest3  (cost=0.43..43.76 rows=10 width=121)
	              Index Cond: ((id >= 292277) AND (id <= 292286))

table 4 : explain SELECT DISTINCT c FROM sbtest4 WHERE id BETWEEN 1624172 AND 1624181 ORDER BY c
	Unique  (cost=43.91..43.96 rows=10 width=121)
	  ->  Sort  (cost=43.91..43.93 rows=10 width=121)
	        Sort Key: c
	        ->  Index Scan using sbtest4_pkey on sbtest4  (cost=0.43..43.74 rows=10 width=121)
	              Index Cond: ((id >= 1624172) AND (id <= 1624181))

table 5 : explain SELECT DISTINCT c FROM sbtest5 WHERE id BETWEEN 8689952 AND 8689961 ORDER BY c
	Unique  (cost=43.91..43.96 rows=10 width=121)
	  ->  Sort  (cost=43.91..43.93 rows=10 width=121)
	        Sort Key: c
	        ->  Index Scan using sbtest5_pkey on sbtest5  (cost=0.43..43.74 rows=10 width=121)
	              Index Cond: ((id >= 8689952) AND (id <= 8689961))

table 6 : explain SELECT DISTINCT c FROM sbtest6 WHERE id BETWEEN 7839095 AND 7839104 ORDER BY c
	Unique  (cost=43.75..43.80 rows=10 width=121)
	  ->  Sort  (cost=43.75..43.78 rows=10 width=121)
	        Sort Key: c
	        ->  Index Scan using sbtest6_pkey on sbtest6  (cost=0.43..43.58 rows=10 width=121)
	              Index Cond: ((id >= 7839095) AND (id <= 7839104))

table 7 : explain SELECT DISTINCT c FROM sbtest7 WHERE id BETWEEN 9485316 AND 9485325 ORDER BY c
	Unique  (cost=48.00..48.05 rows=11 width=121)
	  ->  Sort  (cost=48.00..48.03 rows=11 width=121)
	        Sort Key: c
	        ->  Index Scan using sbtest7_pkey on sbtest7  (cost=0.43..47.81 rows=11 width=121)
	              Index Cond: ((id >= 9485316) AND (id <= 9485325))

table 8 : explain SELECT DISTINCT c FROM sbtest8 WHERE id BETWEEN 5359730 AND 5359739 ORDER BY c
	Unique  (cost=47.89..47.95 rows=11 width=121)
	  ->  Sort  (cost=47.89..47.92 rows=11 width=121)
	        Sort Key: c
	        ->  Index Scan using sbtest8_pkey on sbtest8  (cost=0.43..47.70 rows=11 width=121)
	              Index Cond: ((id >= 5359730) AND (id <= 5359739))

for: distinct_ranges
table 1 : explain SELECT DISTINCT c FROM sbtest1 WHERE id BETWEEN 5908489 AND 5908498 ORDER BY c
	Unique  (cost=47.96..48.01 rows=11 width=121)
	  ->  Sort  (cost=47.96..47.99 rows=11 width=121)
	        Sort Key: c
	        ->  Index Scan using sbtest1_pkey on sbtest1  (cost=0.43..47.77 rows=11 width=121)
	              Index Cond: ((id >= 5908489) AND (id <= 5908498))

table 2 : explain SELECT DISTINCT c FROM sbtest2 WHERE id BETWEEN 5572792 AND 5572801 ORDER BY c
	Unique  (cost=43.99..44.04 rows=10 width=121)
	  ->  Sort  (cost=43.99..44.02 rows=10 width=121)
	        Sort Key: c
	        ->  Index Scan using sbtest2_pkey on sbtest2  (cost=0.43..43.83 rows=10 width=121)
	              Index Cond: ((id >= 5572792) AND (id <= 5572801))

table 3 : explain SELECT DISTINCT c FROM sbtest3 WHERE id BETWEEN 3625873 AND 3625882 ORDER BY c
	Unique  (cost=43.92..43.97 rows=10 width=121)
	  ->  Sort  (cost=43.92..43.95 rows=10 width=121)
	        Sort Key: c
	        ->  Index Scan using sbtest3_pkey on sbtest3  (cost=0.43..43.76 rows=10 width=121)
	              Index Cond: ((id >= 3625873) AND (id <= 3625882))

table 4 : explain SELECT DISTINCT c FROM sbtest4 WHERE id BETWEEN 2230770 AND 2230779 ORDER BY c
	Unique  (cost=43.91..43.96 rows=10 width=121)
	  ->  Sort  (cost=43.91..43.93 rows=10 width=121)
	        Sort Key: c
	        ->  Index Scan using sbtest4_pkey on sbtest4  (cost=0.43..43.74 rows=10 width=121)
	              Index Cond: ((id >= 2230770) AND (id <= 2230779))

table 5 : explain SELECT DISTINCT c FROM sbtest5 WHERE id BETWEEN 3640732 AND 3640741 ORDER BY c
	Unique  (cost=43.91..43.96 rows=10 width=121)
	  ->  Sort  (cost=43.91..43.93 rows=10 width=121)
	        Sort Key: c
	        ->  Index Scan using sbtest5_pkey on sbtest5  (cost=0.43..43.74 rows=10 width=121)
	              Index Cond: ((id >= 3640732) AND (id <= 3640741))

table 6 : explain SELECT DISTINCT c FROM sbtest6 WHERE id BETWEEN 5395143 AND 5395152 ORDER BY c
	Unique  (cost=39.82..39.87 rows=9 width=121)
	  ->  Sort  (cost=39.82..39.85 rows=9 width=121)
	        Sort Key: c
	        ->  Index Scan using sbtest6_pkey on sbtest6  (cost=0.43..39.68 rows=9 width=121)
	              Index Cond: ((id >= 5395143) AND (id <= 5395152))

table 7 : explain SELECT DISTINCT c FROM sbtest7 WHERE id BETWEEN 6448776 AND 6448785 ORDER BY c
	Unique  (cost=44.04..44.09 rows=10 width=121)
	  ->  Sort  (cost=44.04..44.06 rows=10 width=121)
	        Sort Key: c
	        ->  Index Scan using sbtest7_pkey on sbtest7  (cost=0.43..43.87 rows=10 width=121)
	              Index Cond: ((id >= 6448776) AND (id <= 6448785))

table 8 : explain SELECT DISTINCT c FROM sbtest8 WHERE id BETWEEN 1848847 AND 1848856 ORDER BY c
	Unique  (cost=43.94..43.99 rows=10 width=121)
	  ->  Sort  (cost=43.94..43.97 rows=10 width=121)
	        Sort Key: c
	        ->  Index Scan using sbtest8_pkey on sbtest8  (cost=0.43..43.78 rows=10 width=121)
	              Index Cond: ((id >= 1848847) AND (id <= 1848856))

for: distinct_ranges
table 1 : explain SELECT DISTINCT c FROM sbtest1 WHERE id BETWEEN 9638029 AND 9638038 ORDER BY c
	Unique  (cost=47.96..48.01 rows=11 width=121)
	  ->  Sort  (cost=47.96..47.99 rows=11 width=121)
	        Sort Key: c
	        ->  Index Scan using sbtest1_pkey on sbtest1  (cost=0.43..47.77 rows=11 width=121)
	              Index Cond: ((id >= 9638029) AND (id <= 9638038))

table 2 : explain SELECT DISTINCT c FROM sbtest2 WHERE id BETWEEN 6096298 AND 6096307 ORDER BY c
	Unique  (cost=43.99..44.04 rows=10 width=121)
	  ->  Sort  (cost=43.99..44.02 rows=10 width=121)
	        Sort Key: c
	        ->  Index Scan using sbtest2_pkey on sbtest2  (cost=0.43..43.83 rows=10 width=121)
	              Index Cond: ((id >= 6096298) AND (id <= 6096307))

table 3 : explain SELECT DISTINCT c FROM sbtest3 WHERE id BETWEEN 5535820 AND 5535829 ORDER BY c
	Unique  (cost=43.92..43.97 rows=10 width=121)
	  ->  Sort  (cost=43.92..43.95 rows=10 width=121)
	        Sort Key: c
	        ->  Index Scan using sbtest3_pkey on sbtest3  (cost=0.43..43.76 rows=10 width=121)
	              Index Cond: ((id >= 5535820) AND (id <= 5535829))

table 4 : explain SELECT DISTINCT c FROM sbtest4 WHERE id BETWEEN 7210101 AND 7210110 ORDER BY c
	Unique  (cost=39.96..40.01 rows=9 width=121)
	  ->  Sort  (cost=39.96..39.99 rows=9 width=121)
	        Sort Key: c
	        ->  Index Scan using sbtest4_pkey on sbtest4  (cost=0.43..39.82 rows=9 width=121)
	              Index Cond: ((id >= 7210101) AND (id <= 7210110))

table 5 : explain SELECT DISTINCT c FROM sbtest5 WHERE id BETWEEN 7248520 AND 7248529 ORDER BY c
	Unique  (cost=47.85..47.91 rows=11 width=121)
	  ->  Sort  (cost=47.85..47.88 rows=11 width=121)
	        Sort Key: c
	        ->  Index Scan using sbtest5_pkey on sbtest5  (cost=0.43..47.66 rows=11 width=121)
	              Index Cond: ((id >= 7248520) AND (id <= 7248529))

table 6 : explain SELECT DISTINCT c FROM sbtest6 WHERE id BETWEEN 492358 AND 492367 ORDER BY c
	Unique  (cost=43.75..43.80 rows=10 width=121)
	  ->  Sort  (cost=43.75..43.78 rows=10 width=121)
	        Sort Key: c
	        ->  Index Scan using sbtest6_pkey on sbtest6  (cost=0.43..43.58 rows=10 width=121)
	              Index Cond: ((id >= 492358) AND (id <= 492367))

table 7 : explain SELECT DISTINCT c FROM sbtest7 WHERE id BETWEEN 9599011 AND 9599020 ORDER BY c
	Unique  (cost=40.08..40.12 rows=9 width=121)
	  ->  Sort  (cost=40.08..40.10 rows=9 width=121)
	        Sort Key: c
	        ->  Index Scan using sbtest7_pkey on sbtest7  (cost=0.43..39.94 rows=9 width=121)
	              Index Cond: ((id >= 9599011) AND (id <= 9599020))

table 8 : explain SELECT DISTINCT c FROM sbtest8 WHERE id BETWEEN 9200953 AND 9200962 ORDER BY c
	Unique  (cost=43.94..43.99 rows=10 width=121)
	  ->  Sort  (cost=43.94..43.97 rows=10 width=121)
	        Sort Key: c
	        ->  Index Scan using sbtest8_pkey on sbtest8  (cost=0.43..43.78 rows=10 width=121)
	              Index Cond: ((id >= 9200953) AND (id <= 9200962))

for: distinct_ranges
table 1 : explain SELECT DISTINCT c FROM sbtest1 WHERE id BETWEEN 489405 AND 489414 ORDER BY c
	Unique  (cost=40.05..40.09 rows=9 width=121)
	  ->  Sort  (cost=40.05..40.07 rows=9 width=121)
	        Sort Key: c
	        ->  Index Scan using sbtest1_pkey on sbtest1  (cost=0.43..39.91 rows=9 width=121)
	              Index Cond: ((id >= 489405) AND (id <= 489414))

table 2 : explain SELECT DISTINCT c FROM sbtest2 WHERE id BETWEEN 1462224 AND 1462233 ORDER BY c
	Unique  (cost=43.99..44.04 rows=10 width=121)
	  ->  Sort  (cost=43.99..44.02 rows=10 width=121)
	        Sort Key: c
	        ->  Index Scan using sbtest2_pkey on sbtest2  (cost=0.43..43.83 rows=10 width=121)
	              Index Cond: ((id >= 1462224) AND (id <= 1462233))

table 3 : explain SELECT DISTINCT c FROM sbtest3 WHERE id BETWEEN 7856496 AND 7856505 ORDER BY c
	Unique  (cost=43.92..43.97 rows=10 width=121)
	  ->  Sort  (cost=43.92..43.95 rows=10 width=121)
	        Sort Key: c
	        ->  Index Scan using sbtest3_pkey on sbtest3  (cost=0.43..43.76 rows=10 width=121)
	              Index Cond: ((id >= 7856496) AND (id <= 7856505))

table 4 : explain SELECT DISTINCT c FROM sbtest4 WHERE id BETWEEN 9717663 AND 9717672 ORDER BY c
	Unique  (cost=43.91..43.96 rows=10 width=121)
	  ->  Sort  (cost=43.91..43.93 rows=10 width=121)
	        Sort Key: c
	        ->  Index Scan using sbtest4_pkey on sbtest4  (cost=0.43..43.74 rows=10 width=121)
	              Index Cond: ((id >= 9717663) AND (id <= 9717672))

table 5 : explain SELECT DISTINCT c FROM sbtest5 WHERE id BETWEEN 5561133 AND 5561142 ORDER BY c
	Unique  (cost=43.91..43.96 rows=10 width=121)
	  ->  Sort  (cost=43.91..43.93 rows=10 width=121)
	        Sort Key: c
	        ->  Index Scan using sbtest5_pkey on sbtest5  (cost=0.43..43.74 rows=10 width=121)
	              Index Cond: ((id >= 5561133) AND (id <= 5561142))

table 6 : explain SELECT DISTINCT c FROM sbtest6 WHERE id BETWEEN 8043406 AND 8043415 ORDER BY c
	Unique  (cost=43.75..43.80 rows=10 width=121)
	  ->  Sort  (cost=43.75..43.78 rows=10 width=121)
	        Sort Key: c
	        ->  Index Scan using sbtest6_pkey on sbtest6  (cost=0.43..43.58 rows=10 width=121)
	              Index Cond: ((id >= 8043406) AND (id <= 8043415))

table 7 : explain SELECT DISTINCT c FROM sbtest7 WHERE id BETWEEN 6219409 AND 6219418 ORDER BY c
	Unique  (cost=44.04..44.09 rows=10 width=121)
	  ->  Sort  (cost=44.04..44.06 rows=10 width=121)
	        Sort Key: c
	        ->  Index Scan using sbtest7_pkey on sbtest7  (cost=0.43..43.87 rows=10 width=121)
	              Index Cond: ((id >= 6219409) AND (id <= 6219418))

table 8 : explain SELECT DISTINCT c FROM sbtest8 WHERE id BETWEEN 7795365 AND 7795374 ORDER BY c
	Unique  (cost=51.84..51.90 rows=12 width=121)
	  ->  Sort  (cost=51.84..51.87 rows=12 width=121)
	        Sort Key: c
	        ->  Index Scan using sbtest8_pkey on sbtest8  (cost=0.43..51.63 rows=12 width=121)
	              Index Cond: ((id >= 7795365) AND (id <= 7795374))

for: distinct_ranges
table 1 : explain SELECT DISTINCT c FROM sbtest1 WHERE id BETWEEN 2471650 AND 2471659 ORDER BY c
	Unique  (cost=44.00..44.05 rows=10 width=121)
	  ->  Sort  (cost=44.00..44.03 rows=10 width=121)
	        Sort Key: c
	        ->  Index Scan using sbtest1_pkey on sbtest1  (cost=0.43..43.84 rows=10 width=121)
	              Index Cond: ((id >= 2471650) AND (id <= 2471659))

table 2 : explain SELECT DISTINCT c FROM sbtest2 WHERE id BETWEEN 8921139 AND 8921148 ORDER BY c
	Unique  (cost=43.99..44.04 rows=10 width=121)
	  ->  Sort  (cost=43.99..44.02 rows=10 width=121)
	        Sort Key: c
	        ->  Index Scan using sbtest2_pkey on sbtest2  (cost=0.43..43.83 rows=10 width=121)
	              Index Cond: ((id >= 8921139) AND (id <= 8921148))

table 3 : explain SELECT DISTINCT c FROM sbtest3 WHERE id BETWEEN 6215218 AND 6215227 ORDER BY c
	Unique  (cost=43.92..43.97 rows=10 width=121)
	  ->  Sort  (cost=43.92..43.95 rows=10 width=121)
	        Sort Key: c
	        ->  Index Scan using sbtest3_pkey on sbtest3  (cost=0.43..43.76 rows=10 width=121)
	              Index Cond: ((id >= 6215218) AND (id <= 6215227))

table 4 : explain SELECT DISTINCT c FROM sbtest4 WHERE id BETWEEN 4552879 AND 4552888 ORDER BY c
	Unique  (cost=43.91..43.96 rows=10 width=121)
	  ->  Sort  (cost=43.91..43.93 rows=10 width=121)
	        Sort Key: c
	        ->  Index Scan using sbtest4_pkey on sbtest4  (cost=0.43..43.74 rows=10 width=121)
	              Index Cond: ((id >= 4552879) AND (id <= 4552888))

table 5 : explain SELECT DISTINCT c FROM sbtest5 WHERE id BETWEEN 4169621 AND 4169630 ORDER BY c
	Unique  (cost=39.96..40.01 rows=9 width=121)
	  ->  Sort  (cost=39.96..39.99 rows=9 width=121)
	        Sort Key: c
	        ->  Index Scan using sbtest5_pkey on sbtest5  (cost=0.43..39.82 rows=9 width=121)
	              Index Cond: ((id >= 4169621) AND (id <= 4169630))

table 6 : explain SELECT DISTINCT c FROM sbtest6 WHERE id BETWEEN 8439284 AND 8439293 ORDER BY c
	Unique  (cost=39.82..39.87 rows=9 width=121)
	  ->  Sort  (cost=39.82..39.85 rows=9 width=121)
	        Sort Key: c
	        ->  Index Scan using sbtest6_pkey on sbtest6  (cost=0.43..39.68 rows=9 width=121)
	              Index Cond: ((id >= 8439284) AND (id <= 8439293))

table 7 : explain SELECT DISTINCT c FROM sbtest7 WHERE id BETWEEN 5091219 AND 5091228 ORDER BY c
	Unique  (cost=40.08..40.12 rows=9 width=121)
	  ->  Sort  (cost=40.08..40.10 rows=9 width=121)
	        Sort Key: c
	        ->  Index Scan using sbtest7_pkey on sbtest7  (cost=0.43..39.94 rows=9 width=121)
	              Index Cond: ((id >= 5091219) AND (id <= 5091228))

table 8 : explain SELECT DISTINCT c FROM sbtest8 WHERE id BETWEEN 2439910 AND 2439919 ORDER BY c
	Unique  (cost=47.89..47.95 rows=11 width=121)
	  ->  Sort  (cost=47.89..47.92 rows=11 width=121)
	        Sort Key: c
	        ->  Index Scan using sbtest8_pkey on sbtest8  (cost=0.43..47.70 rows=11 width=121)
	              Index Cond: ((id >= 2439910) AND (id <= 2439919))

Threads started!

Warming up for 5 seconds...

SQL statistics:
    queries performed:
        read:                            475624808
        write:                           0
        other:                           67946411
        total:                           543571219
    transactions:                        33973225 (53925.03 per sec.)
    queries:                             543571219 (862799.87 per sec.)
    ignored errors:                      0      (0.00 per sec.)
    reconnects:                          0      (0.00 per sec.)

Throughput:
    events/s (eps):                      53925.0298
    time elapsed:                        630.0086s
    total number of events:              33973225

Latency (ms):
         min:                                    0.65
         avg:                                    0.74
         max:                                   20.79
         95th percentile:                        0.81
         sum:                             25170549.81

Threads fairness:
    events (avg/stddev):           849329.7500/6208.96
    execution time (avg/stddev):   629.2637/0.01

