LUA_PATH=/home/mdcallag/git/mytools/bench/sysbench.lua/lua/?.lua /home/mdcallag/git/mytools/bench/sysbench.lua/lua/sysbench --db-driver=pgsql --range-size=100 --table-size=10000000 --tables=8 --threads=40 --events=0 --warmup-time=5 --time=60 --pgsql_conn_id=true /home/mdcallag/git/mytools/bench/sysbench.lua/lua/oltp_scan.lua run --pgsql-user=root --pgsql-password=pw --pgsql-host=127.0.0.1 --pgsql-db=ib --rand-type=uniform
48 CPUs
sysbench 1.1.0-9072687 (using bundled LuaJIT 2.1.0-beta3)

Running the test with following options:
Number of threads: 40
Warmup time: 5s
Initializing random number generator from current time


Initializing worker threads...

explain: for scan :: explain SELECT * from sbtest%d WHERE LENGTH(c) < 0
explain: for scan :: explain SELECT * from sbtest%d WHERE LENGTH(c) < 0
explain: for scan :: explain SELECT * from sbtest%d WHERE LENGTH(c) < 0
explain: for scan :: explain SELECT * from sbtest%d WHERE LENGTH(c) < 0
explain: for scan :: explain SELECT * from sbtest%d WHERE LENGTH(c) < 0
explain: for scan :: explain SELECT * from sbtest%d WHERE LENGTH(c) < 0
explain: for scan :: explain SELECT * from sbtest%d WHERE LENGTH(c) < 0
explain: for scan :: explain SELECT * from sbtest%d WHERE LENGTH(c) < 0
explain: for scan :: explain SELECT * from sbtest%d WHERE LENGTH(c) < 0
explain: for scan :: explain SELECT * from sbtest%d WHERE LENGTH(c) < 0
explain: for scan :: explain SELECT * from sbtest%d WHERE LENGTH(c) < 0
explain: for scan :: explain SELECT * from sbtest%d WHERE LENGTH(c) < 0
explain: for scan :: explain SELECT * from sbtest%d WHERE LENGTH(c) < 0
explain: for scan :: explain SELECT * from sbtest%d WHERE LENGTH(c) < 0
explain: for scan :: explain SELECT * from sbtest%d WHERE LENGTH(c) < 0
explain: for scan :: explain SELECT * from sbtest%d WHERE LENGTH(c) < 0
explain: for scan :: explain SELECT * from sbtest%d WHERE LENGTH(c) < 0
explain: for scan :: explain SELECT * from sbtest%d WHERE LENGTH(c) < 0
explain: for scan :: explain SELECT * from sbtest%d WHERE LENGTH(c) < 0
explain: for scan :: explain SELECT * from sbtest%d WHERE LENGTH(c) < 0
explain: for scan :: explain SELECT * from sbtest%d WHERE LENGTH(c) < 0
explain: for scan :: explain SELECT * from sbtest%d WHERE LENGTH(c) < 0
explain: for scan :: explain SELECT * from sbtest%d WHERE LENGTH(c) < 0
explain: for scan :: explain SELECT * from sbtest%d WHERE LENGTH(c) < 0
explain: for scan :: explain SELECT * from sbtest%d WHERE LENGTH(c) < 0
explain: for scan :: explain SELECT * from sbtest%d WHERE LENGTH(c) < 0
explain: for scan :: explain SELECT * from sbtest%d WHERE LENGTH(c) < 0
explain: for scan :: explain SELECT * from sbtest%d WHERE LENGTH(c) < 0
explain: for scan :: explain SELECT * from sbtest%d WHERE LENGTH(c) < 0
explain: for scan :: explain SELECT * from sbtest%d WHERE LENGTH(c) < 0
for scan
table 1 : explain SELECT * from sbtest1 WHERE LENGTH(c) < 0
	Seq Scan on sbtest1  (cost=0.00..454478.36 rows=3340075 width=190)
	  Filter: (length(c) < 0)

table 2 : explain SELECT * from sbtest2 WHERE LENGTH(c) < 0
	Seq Scan on sbtest2  (cost=0.00..456531.18 rows=3341804 width=190)
	  Filter: (length(c) < 0)

table 3 : explain SELECT * from sbtest3 WHERE LENGTH(c) < 0
	Seq Scan on sbtest3  (cost=0.00..457513.95 rows=3331154 width=190)
	  Filter: (length(c) < 0)

table 4 : explain SELECT * from sbtest4 WHERE LENGTH(c) < 0
	Seq Scan on sbtest4  (cost=0.00..483543.33 rows=3336207 width=190)
	  Filter: (length(c) < 0)

table 5 : explain SELECT * from sbtest5 WHERE LENGTH(c) < 0
	Seq Scan on sbtest5  (cost=0.00..483047.51 rows=3320589 width=190)
	  Filter: (length(c) < 0)

table 6 : explain SELECT * from sbtest6 WHERE LENGTH(c) < 0
	Seq Scan on sbtest6  (cost=0.00..459811.63 rows=3330947 width=190)
	  Filter: (length(c) < 0)

table 7 : explain SELECT * from sbtest7 WHERE LENGTH(c) < 0
	Seq Scan on sbtest7  (cost=0.00..452610.47 rows=3323722 width=190)
	  Filter: (length(c) < 0)

table 8 : explain SELECT * from sbtest8 WHERE LENGTH(c) < 0
	Seq Scan on sbtest8  (cost=0.00..455865.84 rows=3335419 width=190)
	  Filter: (length(c) < 0)

explain: for scan :: explain SELECT * from sbtest%d WHERE LENGTH(c) < 0
explain: for scan :: explain SELECT * from sbtest%d WHERE LENGTH(c) < 0
explain: for scan :: explain SELECT * from sbtest%d WHERE LENGTH(c) < 0
for scan
table 1 : explain SELECT * from sbtest1 WHERE LENGTH(c) < 0
	Seq Scan on sbtest1  (cost=0.00..454478.36 rows=3340075 width=190)
	  Filter: (length(c) < 0)

table 2 : explain SELECT * from sbtest2 WHERE LENGTH(c) < 0
	Seq Scan on sbtest2  (cost=0.00..456531.18 rows=3341804 width=190)
	  Filter: (length(c) < 0)

table 3 : explain SELECT * from sbtest3 WHERE LENGTH(c) < 0
	Seq Scan on sbtest3  (cost=0.00..457513.95 rows=3331154 width=190)
	  Filter: (length(c) < 0)

table 4 : explain SELECT * from sbtest4 WHERE LENGTH(c) < 0
	Seq Scan on sbtest4  (cost=0.00..483543.33 rows=3336207 width=190)
	  Filter: (length(c) < 0)

table 5 : explain SELECT * from sbtest5 WHERE LENGTH(c) < 0
	Seq Scan on sbtest5  (cost=0.00..483047.51 rows=3320589 width=190)
	  Filter: (length(c) < 0)

table 6 : explain SELECT * from sbtest6 WHERE LENGTH(c) < 0
	Seq Scan on sbtest6  (cost=0.00..459811.63 rows=3330947 width=190)
	  Filter: (length(c) < 0)

table 7 : explain SELECT * from sbtest7 WHERE LENGTH(c) < 0
	Seq Scan on sbtest7  (cost=0.00..452610.47 rows=3323722 width=190)
	  Filter: (length(c) < 0)

table 8 : explain SELECT * from sbtest8 WHERE LENGTH(c) < 0
	Seq Scan on sbtest8  (cost=0.00..455865.84 rows=3335419 width=190)
	  Filter: (length(c) < 0)

explain: for scan :: explain SELECT * from sbtest%d WHERE LENGTH(c) < 0
explain: for scan :: explain SELECT * from sbtest%d WHERE LENGTH(c) < 0
for scan
table 1 : explain SELECT * from sbtest1 WHERE LENGTH(c) < 0
	Seq Scan on sbtest1  (cost=0.00..454478.36 rows=3340075 width=190)
	  Filter: (length(c) < 0)

table 2 : explain SELECT * from sbtest2 WHERE LENGTH(c) < 0
	Seq Scan on sbtest2  (cost=0.00..456531.18 rows=3341804 width=190)
	  Filter: (length(c) < 0)

table 3 : explain SELECT * from sbtest3 WHERE LENGTH(c) < 0
	Seq Scan on sbtest3  (cost=0.00..457513.95 rows=3331154 width=190)
	  Filter: (length(c) < 0)

table 4 : explain SELECT * from sbtest4 WHERE LENGTH(c) < 0
	Seq Scan on sbtest4  (cost=0.00..483543.33 rows=3336207 width=190)
	  Filter: (length(c) < 0)

table 5 : explain SELECT * from sbtest5 WHERE LENGTH(c) < 0
	Seq Scan on sbtest5  (cost=0.00..483047.51 rows=3320589 width=190)
	  Filter: (length(c) < 0)

table 6 : explain SELECT * from sbtest6 WHERE LENGTH(c) < 0
	Seq Scan on sbtest6  (cost=0.00..459811.63 rows=3330947 width=190)
	  Filter: (length(c) < 0)

table 7 : explain SELECT * from sbtest7 WHERE LENGTH(c) < 0
	Seq Scan on sbtest7  (cost=0.00..452610.47 rows=3323722 width=190)
	  Filter: (length(c) < 0)

table 8 : explain SELECT * from sbtest8 WHERE LENGTH(c) < 0
	Seq Scan on sbtest8  (cost=0.00..455865.84 rows=3335419 width=190)
	  Filter: (length(c) < 0)

for scan
table 1 : explain SELECT * from sbtest1 WHERE LENGTH(c) < 0
	Seq Scan on sbtest1  (cost=0.00..454478.36 rows=3340075 width=190)
	  Filter: (length(c) < 0)

table 2 : explain SELECT * from sbtest2 WHERE LENGTH(c) < 0
	Seq Scan on sbtest2  (cost=0.00..456531.18 rows=3341804 width=190)
	  Filter: (length(c) < 0)

table 3 : explain SELECT * from sbtest3 WHERE LENGTH(c) < 0
	Seq Scan on sbtest3  (cost=0.00..457513.95 rows=3331154 width=190)
	  Filter: (length(c) < 0)

table 4 : explain SELECT * from sbtest4 WHERE LENGTH(c) < 0
	Seq Scan on sbtest4  (cost=0.00..483543.33 rows=3336207 width=190)
	  Filter: (length(c) < 0)

table 5 : explain SELECT * from sbtest5 WHERE LENGTH(c) < 0
	Seq Scan on sbtest5  (cost=0.00..483047.51 rows=3320589 width=190)
	  Filter: (length(c) < 0)

table 6 : explain SELECT * from sbtest6 WHERE LENGTH(c) < 0
	Seq Scan on sbtest6  (cost=0.00..459811.63 rows=3330947 width=190)
	  Filter: (length(c) < 0)

table 7 : explain SELECT * from sbtest7 WHERE LENGTH(c) < 0
	Seq Scan on sbtest7  (cost=0.00..452610.47 rows=3323722 width=190)
	  Filter: (length(c) < 0)

table 8 : explain SELECT * from sbtest8 WHERE LENGTH(c) < 0
	Seq Scan on sbtest8  (cost=0.00..455865.84 rows=3335419 width=190)
	  Filter: (length(c) < 0)
for scan
table 1 : explain SELECT * from sbtest1 WHERE LENGTH(c) < 0
	Seq Scan on sbtest1  (cost=0.00..454478.36 rows=3340075 width=190)
	  Filter: (length(c) < 0)

table 2 : explain SELECT * from sbtest2 WHERE LENGTH(c) < 0
	Seq Scan on sbtest2  (cost=0.00..456531.18 rows=3341804 width=190)
	  Filter: (length(c) < 0)

table 3 : explain SELECT * from sbtest3 WHERE LENGTH(c) < 0
	Seq Scan on sbtest3  (cost=0.00..457513.95 rows=3331154 width=190)
	  Filter: (length(c) < 0)

table 4 : explain SELECT * from sbtest4 WHERE LENGTH(c) < 0
	Seq Scan on sbtest4  (cost=0.00..483543.33 rows=3336207 width=190)
	  Filter: (length(c) < 0)

table 5 : explain SELECT * from sbtest5 WHERE LENGTH(c) < 0
	Seq Scan on sbtest5  (cost=0.00..483047.51 rows=3320589 width=190)
	  Filter: (length(c) < 0)

table 6 : explain SELECT * from sbtest6 WHERE LENGTH(c) < 0
	Seq Scan on sbtest6  (cost=0.00..459811.63 rows=3330947 width=190)
	  Filter: (length(c) < 0)

table 7 : explain SELECT * from sbtest7 WHERE LENGTH(c) < 0
	Seq Scan on sbtest7  (cost=0.00..452610.47 rows=3323722 width=190)
	  Filter: (length(c) < 0)

table 8 : explain SELECT * from sbtest8 WHERE LENGTH(c) < 0
	Seq Scan on sbtest8  (cost=0.00..455865.84 rows=3335419 width=190)
	  Filter: (length(c) < 0)
for scan
table 1 : explain SELECT * from sbtest1 WHERE LENGTH(c) < 0
	Seq Scan on sbtest1  (cost=0.00..454478.36 rows=3340075 width=190)
	  Filter: (length(c) < 0)

table 2 : explain SELECT * from sbtest2 WHERE LENGTH(c) < 0
	Seq Scan on sbtest2  (cost=0.00..456531.18 rows=3341804 width=190)
	  Filter: (length(c) < 0)

table 3 : explain SELECT * from sbtest3 WHERE LENGTH(c) < 0
	Seq Scan on sbtest3  (cost=0.00..457513.95 rows=3331154 width=190)
	  Filter: (length(c) < 0)

table 4 : explain SELECT * from sbtest4 WHERE LENGTH(c) < 0
	Seq Scan on sbtest4  (cost=0.00..483543.33 rows=3336207 width=190)
	  Filter: (length(c) < 0)

table 5 : explain SELECT * from sbtest5 WHERE LENGTH(c) < 0
	Seq Scan on sbtest5  (cost=0.00..483047.51 rows=3320589 width=190)
	  Filter: (length(c) < 0)

table 6 : explain SELECT * from sbtest6 WHERE LENGTH(c) < 0
	Seq Scan on sbtest6  (cost=0.00..459811.63 rows=3330947 width=190)
	  Filter: (length(c) < 0)

table 7 : explain SELECT * from sbtest7 WHERE LENGTH(c) < 0
	Seq Scan on sbtest7  (cost=0.00..452610.47 rows=3323722 width=190)
	  Filter: (length(c) < 0)

table 8 : explain SELECT * from sbtest8 WHERE LENGTH(c) < 0
	Seq Scan on sbtest8  (cost=0.00..455865.84 rows=3335419 width=190)
	  Filter: (length(c) < 0)
for scan
table 1 : explain SELECT * from sbtest1 WHERE LENGTH(c) < 0
	Seq Scan on sbtest1  (cost=0.00..454478.36 rows=3340075 width=190)
	  Filter: (length(c) < 0)

table 2 : explain SELECT * from sbtest2 WHERE LENGTH(c) < 0
	Seq Scan on sbtest2  (cost=0.00..456531.18 rows=3341804 width=190)
	  Filter: (length(c) < 0)

table 3 : explain SELECT * from sbtest3 WHERE LENGTH(c) < 0
	Seq Scan on sbtest3  (cost=0.00..457513.95 rows=3331154 width=190)
	  Filter: (length(c) < 0)

table 4 : explain SELECT * from sbtest4 WHERE LENGTH(c) < 0
	Seq Scan on sbtest4  (cost=0.00..483543.33 rows=3336207 width=190)
	  Filter: (length(c) < 0)

table 5 : explain SELECT * from sbtest5 WHERE LENGTH(c) < 0
	Seq Scan on sbtest5  (cost=0.00..483047.51 rows=3320589 width=190)
	  Filter: (length(c) < 0)

table 6 : explain SELECT * from sbtest6 WHERE LENGTH(c) < 0
	Seq Scan on sbtest6  (cost=0.00..459811.63 rows=3330947 width=190)
	  Filter: (length(c) < 0)

table 7 : explain SELECT * from sbtest7 WHERE LENGTH(c) < 0
	Seq Scan on sbtest7  (cost=0.00..452610.47 rows=3323722 width=190)
	  Filter: (length(c) < 0)

table 8 : explain SELECT * from sbtest8 WHERE LENGTH(c) < 0
	Seq Scan on sbtest8  (cost=0.00..455865.84 rows=3335419 width=190)
	  Filter: (length(c) < 0)

for scan
table 1 : explain SELECT * from sbtest1 WHERE LENGTH(c) < 0
	Seq Scan on sbtest1  (cost=0.00..454478.36 rows=3340075 width=190)
	  Filter: (length(c) < 0)

table 2 : explain SELECT * from sbtest2 WHERE LENGTH(c) < 0
	Seq Scan on sbtest2  (cost=0.00..456531.18 rows=3341804 width=190)
	  Filter: (length(c) < 0)

table 3 : explain SELECT * from sbtest3 WHERE LENGTH(c) < 0
	Seq Scan on sbtest3  (cost=0.00..457513.95 rows=3331154 width=190)
	  Filter: (length(c) < 0)

table 4 : explain SELECT * from sbtest4 WHERE LENGTH(c) < 0
	Seq Scan on sbtest4  (cost=0.00..483543.33 rows=3336207 width=190)
	  Filter: (length(c) < 0)

table 5 : explain SELECT * from sbtest5 WHERE LENGTH(c) < 0
	Seq Scan on sbtest5  (cost=0.00..483047.51 rows=3320589 width=190)
	  Filter: (length(c) < 0)

table 6 : explain SELECT * from sbtest6 WHERE LENGTH(c) < 0
	Seq Scan on sbtest6  (cost=0.00..459811.63 rows=3330947 width=190)
	  Filter: (length(c) < 0)

table 7 : explain SELECT * from sbtest7 WHERE LENGTH(c) < 0
	Seq Scan on sbtest7  (cost=0.00..452610.47 rows=3323722 width=190)
	  Filter: (length(c) < 0)

table 8 : explain SELECT * from sbtest8 WHERE LENGTH(c) < 0
	Seq Scan on sbtest8  (cost=0.00..455865.84 rows=3335419 width=190)
	  Filter: (length(c) < 0)

explain: for scan :: explain SELECT * from sbtest%d WHERE LENGTH(c) < 0
for scan
table 1 : explain SELECT * from sbtest1 WHERE LENGTH(c) < 0
	Seq Scan on sbtest1  (cost=0.00..454478.36 rows=3340075 width=190)
	  Filter: (length(c) < 0)

table 2 : explain SELECT * from sbtest2 WHERE LENGTH(c) < 0
	Seq Scan on sbtest2  (cost=0.00..456531.18 rows=3341804 width=190)
	  Filter: (length(c) < 0)

table 3 : explain SELECT * from sbtest3 WHERE LENGTH(c) < 0
	Seq Scan on sbtest3  (cost=0.00..457513.95 rows=3331154 width=190)
	  Filter: (length(c) < 0)

table 4 : explain SELECT * from sbtest4 WHERE LENGTH(c) < 0
	Seq Scan on sbtest4  (cost=0.00..483543.33 rows=3336207 width=190)
	  Filter: (length(c) < 0)

table 5 : explain SELECT * from sbtest5 WHERE LENGTH(c) < 0
	Seq Scan on sbtest5  (cost=0.00..483047.51 rows=3320589 width=190)
	  Filter: (length(c) < 0)

table 6 : explain SELECT * from sbtest6 WHERE LENGTH(c) < 0
	Seq Scan on sbtest6  (cost=0.00..459811.63 rows=3330947 width=190)
	  Filter: (length(c) < 0)

table 7 : explain SELECT * from sbtest7 WHERE LENGTH(c) < 0
	Seq Scan on sbtest7  (cost=0.00..452610.47 rows=3323722 width=190)
	  Filter: (length(c) < 0)

table 8 : explain SELECT * from sbtest8 WHERE LENGTH(c) < 0
	Seq Scan on sbtest8  (cost=0.00..455865.84 rows=3335419 width=190)
	  Filter: (length(c) < 0)



for scan
table 1 : explain SELECT * from sbtest1 WHERE LENGTH(c) < 0
	Seq Scan on sbtest1  (cost=0.00..454478.36 rows=3340075 width=190)
	  Filter: (length(c) < 0)

table 2 : explain SELECT * from sbtest2 WHERE LENGTH(c) < 0
	Seq Scan on sbtest2  (cost=0.00..456531.18 rows=3341804 width=190)
	  Filter: (length(c) < 0)

table 3 : explain SELECT * from sbtest3 WHERE LENGTH(c) < 0
	Seq Scan on sbtest3  (cost=0.00..457513.95 rows=3331154 width=190)
	  Filter: (length(c) < 0)

table 4 : explain SELECT * from sbtest4 WHERE LENGTH(c) < 0
	Seq Scan on sbtest4  (cost=0.00..483543.33 rows=3336207 width=190)
	  Filter: (length(c) < 0)

table 5 : explain SELECT * from sbtest5 WHERE LENGTH(c) < 0
	Seq Scan on sbtest5  (cost=0.00..483047.51 rows=3320589 width=190)
	  Filter: (length(c) < 0)

table 6 : explain SELECT * from sbtest6 WHERE LENGTH(c) < 0
	Seq Scan on sbtest6  (cost=0.00..459811.63 rows=3330947 width=190)
	  Filter: (length(c) < 0)

table 7 : explain SELECT * from sbtest7 WHERE LENGTH(c) < 0
	Seq Scan on sbtest7  (cost=0.00..452610.47 rows=3323722 width=190)
	  Filter: (length(c) < 0)

table 8 : explain SELECT * from sbtest8 WHERE LENGTH(c) < 0
	Seq Scan on sbtest8  (cost=0.00..455865.84 rows=3335419 width=190)
	  Filter: (length(c) < 0)


for scan
table 1 : explain SELECT * from sbtest1 WHERE LENGTH(c) < 0
	Seq Scan on sbtest1  (cost=0.00..454478.36 rows=3340075 width=190)
	  Filter: (length(c) < 0)

table 2 : explain SELECT * from sbtest2 WHERE LENGTH(c) < 0
	Seq Scan on sbtest2  (cost=0.00..456531.18 rows=3341804 width=190)
	  Filter: (length(c) < 0)

table 3 : explain SELECT * from sbtest3 WHERE LENGTH(c) < 0
	Seq Scan on sbtest3  (cost=0.00..457513.95 rows=3331154 width=190)
	  Filter: (length(c) < 0)

table 4 : explain SELECT * from sbtest4 WHERE LENGTH(c) < 0
	Seq Scan on sbtest4  (cost=0.00..483543.33 rows=3336207 width=190)
	  Filter: (length(c) < 0)

table 5 : explain SELECT * from sbtest5 WHERE LENGTH(c) < 0
	Seq Scan on sbtest5  (cost=0.00..483047.51 rows=3320589 width=190)
	  Filter: (length(c) < 0)

table 6 : explain SELECT * from sbtest6 WHERE LENGTH(c) < 0
	Seq Scan on sbtest6  (cost=0.00..459811.63 rows=3330947 width=190)
	  Filter: (length(c) < 0)

table 7 : explain SELECT * from sbtest7 WHERE LENGTH(c) < 0
	Seq Scan on sbtest7  (cost=0.00..452610.47 rows=3323722 width=190)
	  Filter: (length(c) < 0)

table 8 : explain SELECT * from sbtest8 WHERE LENGTH(c) < 0
	Seq Scan on sbtest8  (cost=0.00..455865.84 rows=3335419 width=190)
	  Filter: (length(c) < 0)

for scan
table 1 : explain SELECT * from sbtest1 WHERE LENGTH(c) < 0
	Seq Scan on sbtest1  (cost=0.00..454478.36 rows=3340075 width=190)
	  Filter: (length(c) < 0)

table 2 : explain SELECT * from sbtest2 WHERE LENGTH(c) < 0
	Seq Scan on sbtest2  (cost=0.00..456531.18 rows=3341804 width=190)
	  Filter: (length(c) < 0)

table 3 : explain SELECT * from sbtest3 WHERE LENGTH(c) < 0
	Seq Scan on sbtest3  (cost=0.00..457513.95 rows=3331154 width=190)
	  Filter: (length(c) < 0)

table 4 : explain SELECT * from sbtest4 WHERE LENGTH(c) < 0
	Seq Scan on sbtest4  (cost=0.00..483543.33 rows=3336207 width=190)
	  Filter: (length(c) < 0)

table 5 : explain SELECT * from sbtest5 WHERE LENGTH(c) < 0
	Seq Scan on sbtest5  (cost=0.00..483047.51 rows=3320589 width=190)
	  Filter: (length(c) < 0)

table 6 : explain SELECT * from sbtest6 WHERE LENGTH(c) < 0
	Seq Scan on sbtest6  (cost=0.00..459811.63 rows=3330947 width=190)
	  Filter: (length(c) < 0)

table 7 : explain SELECT * from sbtest7 WHERE LENGTH(c) < 0
	Seq Scan on sbtest7  (cost=0.00..452610.47 rows=3323722 width=190)
	  Filter: (length(c) < 0)

table 8 : explain SELECT * from sbtest8 WHERE LENGTH(c) < 0
	Seq Scan on sbtest8  (cost=0.00..455865.84 rows=3335419 width=190)
	  Filter: (length(c) < 0)

for scan
table 1 : explain SELECT * from sbtest1 WHERE LENGTH(c) < 0
	Seq Scan on sbtest1  (cost=0.00..454478.36 rows=3340075 width=190)
	  Filter: (length(c) < 0)

table 2 : explain SELECT * from sbtest2 WHERE LENGTH(c) < 0
	Seq Scan on sbtest2  (cost=0.00..456531.18 rows=3341804 width=190)
	  Filter: (length(c) < 0)

table 3 : explain SELECT * from sbtest3 WHERE LENGTH(c) < 0
	Seq Scan on sbtest3  (cost=0.00..457513.95 rows=3331154 width=190)
	  Filter: (length(c) < 0)

table 4 : explain SELECT * from sbtest4 WHERE LENGTH(c) < 0
	Seq Scan on sbtest4  (cost=0.00..483543.33 rows=3336207 width=190)
	  Filter: (length(c) < 0)

table 5 : explain SELECT * from sbtest5 WHERE LENGTH(c) < 0
	Seq Scan on sbtest5  (cost=0.00..483047.51 rows=3320589 width=190)
	  Filter: (length(c) < 0)

table 6 : explain SELECT * from sbtest6 WHERE LENGTH(c) < 0
	Seq Scan on sbtest6  (cost=0.00..459811.63 rows=3330947 width=190)
	  Filter: (length(c) < 0)

table 7 : explain SELECT * from sbtest7 WHERE LENGTH(c) < 0
	Seq Scan on sbtest7  (cost=0.00..452610.47 rows=3323722 width=190)
	  Filter: (length(c) < 0)

table 8 : explain SELECT * from sbtest8 WHERE LENGTH(c) < 0
	Seq Scan on sbtest8  (cost=0.00..455865.84 rows=3335419 width=190)
	  Filter: (length(c) < 0)

for scan
table 1 : explain SELECT * from sbtest1 WHERE LENGTH(c) < 0
	Seq Scan on sbtest1  (cost=0.00..454478.36 rows=3340075 width=190)
	  Filter: (length(c) < 0)

table 2 : explain SELECT * from sbtest2 WHERE LENGTH(c) < 0
	Seq Scan on sbtest2  (cost=0.00..456531.18 rows=3341804 width=190)
	  Filter: (length(c) < 0)

table 3 : explain SELECT * from sbtest3 WHERE LENGTH(c) < 0
	Seq Scan on sbtest3  (cost=0.00..457513.95 rows=3331154 width=190)
	  Filter: (length(c) < 0)

table 4 : explain SELECT * from sbtest4 WHERE LENGTH(c) < 0
	Seq Scan on sbtest4  (cost=0.00..483543.33 rows=3336207 width=190)
	  Filter: (length(c) < 0)

table 5 : explain SELECT * from sbtest5 WHERE LENGTH(c) < 0
	Seq Scan on sbtest5  (cost=0.00..483047.51 rows=3320589 width=190)
	  Filter: (length(c) < 0)

table 6 : explain SELECT * from sbtest6 WHERE LENGTH(c) < 0
	Seq Scan on sbtest6  (cost=0.00..459811.63 rows=3330947 width=190)
	  Filter: (length(c) < 0)

table 7 : explain SELECT * from sbtest7 WHERE LENGTH(c) < 0
	Seq Scan on sbtest7  (cost=0.00..452610.47 rows=3323722 width=190)
	  Filter: (length(c) < 0)

table 8 : explain SELECT * from sbtest8 WHERE LENGTH(c) < 0
	Seq Scan on sbtest8  (cost=0.00..455865.84 rows=3335419 width=190)
	  Filter: (length(c) < 0)

for scan
table 1 : explain SELECT * from sbtest1 WHERE LENGTH(c) < 0
	Seq Scan on sbtest1  (cost=0.00..454478.36 rows=3340075 width=190)
	  Filter: (length(c) < 0)

table 2 : explain SELECT * from sbtest2 WHERE LENGTH(c) < 0
	Seq Scan on sbtest2  (cost=0.00..456531.18 rows=3341804 width=190)
	  Filter: (length(c) < 0)

table 3 : explain SELECT * from sbtest3 WHERE LENGTH(c) < 0
	Seq Scan on sbtest3  (cost=0.00..457513.95 rows=3331154 width=190)
	  Filter: (length(c) < 0)

table 4 : explain SELECT * from sbtest4 WHERE LENGTH(c) < 0
	Seq Scan on sbtest4  (cost=0.00..483543.33 rows=3336207 width=190)
	  Filter: (length(c) < 0)

table 5 : explain SELECT * from sbtest5 WHERE LENGTH(c) < 0
	Seq Scan on sbtest5  (cost=0.00..483047.51 rows=3320589 width=190)
	  Filter: (length(c) < 0)

table 6 : explain SELECT * from sbtest6 WHERE LENGTH(c) < 0
	Seq Scan on sbtest6  (cost=0.00..459811.63 rows=3330947 width=190)
	  Filter: (length(c) < 0)

table 7 : explain SELECT * from sbtest7 WHERE LENGTH(c) < 0
	Seq Scan on sbtest7  (cost=0.00..452610.47 rows=3323722 width=190)
	  Filter: (length(c) < 0)

table 8 : explain SELECT * from sbtest8 WHERE LENGTH(c) < 0
	Seq Scan on sbtest8  (cost=0.00..455865.84 rows=3335419 width=190)
	  Filter: (length(c) < 0)

for scan
table 1 : explain SELECT * from sbtest1 WHERE LENGTH(c) < 0
	Seq Scan on sbtest1  (cost=0.00..454478.36 rows=3340075 width=190)
	  Filter: (length(c) < 0)

table 2 : explain SELECT * from sbtest2 WHERE LENGTH(c) < 0
	Seq Scan on sbtest2  (cost=0.00..456531.18 rows=3341804 width=190)
	  Filter: (length(c) < 0)

table 3 : explain SELECT * from sbtest3 WHERE LENGTH(c) < 0
	Seq Scan on sbtest3  (cost=0.00..457513.95 rows=3331154 width=190)
	  Filter: (length(c) < 0)

table 4 : explain SELECT * from sbtest4 WHERE LENGTH(c) < 0
	Seq Scan on sbtest4  (cost=0.00..483543.33 rows=3336207 width=190)
	  Filter: (length(c) < 0)

table 5 : explain SELECT * from sbtest5 WHERE LENGTH(c) < 0
	Seq Scan on sbtest5  (cost=0.00..483047.51 rows=3320589 width=190)
	  Filter: (length(c) < 0)

table 6 : explain SELECT * from sbtest6 WHERE LENGTH(c) < 0
	Seq Scan on sbtest6  (cost=0.00..459811.63 rows=3330947 width=190)
	  Filter: (length(c) < 0)

table 7 : explain SELECT * from sbtest7 WHERE LENGTH(c) < 0
	Seq Scan on sbtest7  (cost=0.00..452610.47 rows=3323722 width=190)
	  Filter: (length(c) < 0)

table 8 : explain SELECT * from sbtest8 WHERE LENGTH(c) < 0
	Seq Scan on sbtest8  (cost=0.00..455865.84 rows=3335419 width=190)
	  Filter: (length(c) < 0)

explain: for scan :: explain SELECT * from sbtest%d WHERE LENGTH(c) < 0
for scan
table 1 : explain SELECT * from sbtest1 WHERE LENGTH(c) < 0
	Seq Scan on sbtest1  (cost=0.00..454478.36 rows=3340075 width=190)
	  Filter: (length(c) < 0)

table 2 : explain SELECT * from sbtest2 WHERE LENGTH(c) < 0
	Seq Scan on sbtest2  (cost=0.00..456531.18 rows=3341804 width=190)
	  Filter: (length(c) < 0)

table 3 : explain SELECT * from sbtest3 WHERE LENGTH(c) < 0
	Seq Scan on sbtest3  (cost=0.00..457513.95 rows=3331154 width=190)
	  Filter: (length(c) < 0)

table 4 : explain SELECT * from sbtest4 WHERE LENGTH(c) < 0
	Seq Scan on sbtest4  (cost=0.00..483543.33 rows=3336207 width=190)
	  Filter: (length(c) < 0)

table 5 : explain SELECT * from sbtest5 WHERE LENGTH(c) < 0
	Seq Scan on sbtest5  (cost=0.00..483047.51 rows=3320589 width=190)
	  Filter: (length(c) < 0)

table 6 : explain SELECT * from sbtest6 WHERE LENGTH(c) < 0
	Seq Scan on sbtest6  (cost=0.00..459811.63 rows=3330947 width=190)
	  Filter: (length(c) < 0)

table 7 : explain SELECT * from sbtest7 WHERE LENGTH(c) < 0
	Seq Scan on sbtest7  (cost=0.00..452610.47 rows=3323722 width=190)
	  Filter: (length(c) < 0)

table 8 : explain SELECT * from sbtest8 WHERE LENGTH(c) < 0
	Seq Scan on sbtest8  (cost=0.00..455865.84 rows=3335419 width=190)
	  Filter: (length(c) < 0)

explain: for scan :: explain SELECT * from sbtest%d WHERE LENGTH(c) < 0
explain: for scan :: explain SELECT * from sbtest%d WHERE LENGTH(c) < 0
for scan
table 1 : explain SELECT * from sbtest1 WHERE LENGTH(c) < 0
	Seq Scan on sbtest1  (cost=0.00..454478.36 rows=3340075 width=190)
	  Filter: (length(c) < 0)

table 2 : explain SELECT * from sbtest2 WHERE LENGTH(c) < 0
	Seq Scan on sbtest2  (cost=0.00..456531.18 rows=3341804 width=190)
	  Filter: (length(c) < 0)

table 3 : explain SELECT * from sbtest3 WHERE LENGTH(c) < 0
	Seq Scan on sbtest3  (cost=0.00..457513.95 rows=3331154 width=190)
	  Filter: (length(c) < 0)

table 4 : explain SELECT * from sbtest4 WHERE LENGTH(c) < 0
	Seq Scan on sbtest4  (cost=0.00..483543.33 rows=3336207 width=190)
	  Filter: (length(c) < 0)

table 5 : explain SELECT * from sbtest5 WHERE LENGTH(c) < 0
	Seq Scan on sbtest5  (cost=0.00..483047.51 rows=3320589 width=190)
	  Filter: (length(c) < 0)

table 6 : explain SELECT * from sbtest6 WHERE LENGTH(c) < 0
	Seq Scan on sbtest6  (cost=0.00..459811.63 rows=3330947 width=190)
	  Filter: (length(c) < 0)

table 7 : explain SELECT * from sbtest7 WHERE LENGTH(c) < 0
	Seq Scan on sbtest7  (cost=0.00..452610.47 rows=3323722 width=190)
	  Filter: (length(c) < 0)

table 8 : explain SELECT * from sbtest8 WHERE LENGTH(c) < 0
	Seq Scan on sbtest8  (cost=0.00..455865.84 rows=3335419 width=190)
	  Filter: (length(c) < 0)

explain: for scan :: explain SELECT * from sbtest%d WHERE LENGTH(c) < 0
for scan
table 1 : explain SELECT * from sbtest1 WHERE LENGTH(c) < 0
	Seq Scan on sbtest1  (cost=0.00..454478.36 rows=3340075 width=190)
	  Filter: (length(c) < 0)

table 2 : explain SELECT * from sbtest2 WHERE LENGTH(c) < 0
	Seq Scan on sbtest2  (cost=0.00..456531.18 rows=3341804 width=190)
	  Filter: (length(c) < 0)

table 3 : explain SELECT * from sbtest3 WHERE LENGTH(c) < 0
	Seq Scan on sbtest3  (cost=0.00..457513.95 rows=3331154 width=190)
	  Filter: (length(c) < 0)

table 4 : explain SELECT * from sbtest4 WHERE LENGTH(c) < 0
	Seq Scan on sbtest4  (cost=0.00..483543.33 rows=3336207 width=190)
	  Filter: (length(c) < 0)

table 5 : explain SELECT * from sbtest5 WHERE LENGTH(c) < 0
	Seq Scan on sbtest5  (cost=0.00..483047.51 rows=3320589 width=190)
	  Filter: (length(c) < 0)

table 6 : explain SELECT * from sbtest6 WHERE LENGTH(c) < 0
	Seq Scan on sbtest6  (cost=0.00..459811.63 rows=3330947 width=190)
	  Filter: (length(c) < 0)

table 7 : explain SELECT * from sbtest7 WHERE LENGTH(c) < 0
	Seq Scan on sbtest7  (cost=0.00..452610.47 rows=3323722 width=190)
	  Filter: (length(c) < 0)

table 8 : explain SELECT * from sbtest8 WHERE LENGTH(c) < 0
	Seq Scan on sbtest8  (cost=0.00..455865.84 rows=3335419 width=190)
	  Filter: (length(c) < 0)

for scan
table 1 : explain SELECT * from sbtest1 WHERE LENGTH(c) < 0
	Seq Scan on sbtest1  (cost=0.00..454478.36 rows=3340075 width=190)
	  Filter: (length(c) < 0)

table 2 : explain SELECT * from sbtest2 WHERE LENGTH(c) < 0
	Seq Scan on sbtest2  (cost=0.00..456531.18 rows=3341804 width=190)
	  Filter: (length(c) < 0)

table 3 : explain SELECT * from sbtest3 WHERE LENGTH(c) < 0
	Seq Scan on sbtest3  (cost=0.00..457513.95 rows=3331154 width=190)
	  Filter: (length(c) < 0)

table 4 : explain SELECT * from sbtest4 WHERE LENGTH(c) < 0
	Seq Scan on sbtest4  (cost=0.00..483543.33 rows=3336207 width=190)
	  Filter: (length(c) < 0)

table 5 : explain SELECT * from sbtest5 WHERE LENGTH(c) < 0
	Seq Scan on sbtest5  (cost=0.00..483047.51 rows=3320589 width=190)
	  Filter: (length(c) < 0)

table 6 : explain SELECT * from sbtest6 WHERE LENGTH(c) < 0
	Seq Scan on sbtest6  (cost=0.00..459811.63 rows=3330947 width=190)
	  Filter: (length(c) < 0)

table 7 : explain SELECT * from sbtest7 WHERE LENGTH(c) < 0
	Seq Scan on sbtest7  (cost=0.00..452610.47 rows=3323722 width=190)
	  Filter: (length(c) < 0)

table 8 : explain SELECT * from sbtest8 WHERE LENGTH(c) < 0
	Seq Scan on sbtest8  (cost=0.00..455865.84 rows=3335419 width=190)
	  Filter: (length(c) < 0)

for scan
table 1 : explain SELECT * from sbtest1 WHERE LENGTH(c) < 0
	Seq Scan on sbtest1  (cost=0.00..454478.36 rows=3340075 width=190)
	  Filter: (length(c) < 0)

table 2 : explain SELECT * from sbtest2 WHERE LENGTH(c) < 0
	Seq Scan on sbtest2  (cost=0.00..456531.18 rows=3341804 width=190)
	  Filter: (length(c) < 0)

table 3 : explain SELECT * from sbtest3 WHERE LENGTH(c) < 0
	Seq Scan on sbtest3  (cost=0.00..457513.95 rows=3331154 width=190)
	  Filter: (length(c) < 0)

table 4 : explain SELECT * from sbtest4 WHERE LENGTH(c) < 0
	Seq Scan on sbtest4  (cost=0.00..483543.33 rows=3336207 width=190)
	  Filter: (length(c) < 0)

table 5 : explain SELECT * from sbtest5 WHERE LENGTH(c) < 0
	Seq Scan on sbtest5  (cost=0.00..483047.51 rows=3320589 width=190)
	  Filter: (length(c) < 0)

table 6 : explain SELECT * from sbtest6 WHERE LENGTH(c) < 0
	Seq Scan on sbtest6  (cost=0.00..459811.63 rows=3330947 width=190)
	  Filter: (length(c) < 0)

table 7 : explain SELECT * from sbtest7 WHERE LENGTH(c) < 0
	Seq Scan on sbtest7  (cost=0.00..452610.47 rows=3323722 width=190)
	  Filter: (length(c) < 0)

table 8 : explain SELECT * from sbtest8 WHERE LENGTH(c) < 0
	Seq Scan on sbtest8  (cost=0.00..455865.84 rows=3335419 width=190)
	  Filter: (length(c) < 0)

for scan
table 1 : explain SELECT * from sbtest1 WHERE LENGTH(c) < 0
	Seq Scan on sbtest1  (cost=0.00..454478.36 rows=3340075 width=190)
	  Filter: (length(c) < 0)

table 2 : explain SELECT * from sbtest2 WHERE LENGTH(c) < 0
	Seq Scan on sbtest2  (cost=0.00..456531.18 rows=3341804 width=190)
	  Filter: (length(c) < 0)

table 3 : explain SELECT * from sbtest3 WHERE LENGTH(c) < 0
	Seq Scan on sbtest3  (cost=0.00..457513.95 rows=3331154 width=190)
	  Filter: (length(c) < 0)

table 4 : explain SELECT * from sbtest4 WHERE LENGTH(c) < 0
	Seq Scan on sbtest4  (cost=0.00..483543.33 rows=3336207 width=190)
	  Filter: (length(c) < 0)

table 5 : explain SELECT * from sbtest5 WHERE LENGTH(c) < 0
	Seq Scan on sbtest5  (cost=0.00..483047.51 rows=3320589 width=190)
	  Filter: (length(c) < 0)

table 6 : explain SELECT * from sbtest6 WHERE LENGTH(c) < 0
	Seq Scan on sbtest6  (cost=0.00..459811.63 rows=3330947 width=190)
	  Filter: (length(c) < 0)

table 7 : explain SELECT * from sbtest7 WHERE LENGTH(c) < 0
	Seq Scan on sbtest7  (cost=0.00..452610.47 rows=3323722 width=190)
	  Filter: (length(c) < 0)

table 8 : explain SELECT * from sbtest8 WHERE LENGTH(c) < 0
	Seq Scan on sbtest8  (cost=0.00..455865.84 rows=3335419 width=190)
	  Filter: (length(c) < 0)

for scan
table 1 : explain SELECT * from sbtest1 WHERE LENGTH(c) < 0
	Seq Scan on sbtest1  (cost=0.00..454478.36 rows=3340075 width=190)
	  Filter: (length(c) < 0)

table 2 : explain SELECT * from sbtest2 WHERE LENGTH(c) < 0
	Seq Scan on sbtest2  (cost=0.00..456531.18 rows=3341804 width=190)
	  Filter: (length(c) < 0)

table 3 : explain SELECT * from sbtest3 WHERE LENGTH(c) < 0
	Seq Scan on sbtest3  (cost=0.00..457513.95 rows=3331154 width=190)
	  Filter: (length(c) < 0)

table 4 : explain SELECT * from sbtest4 WHERE LENGTH(c) < 0
	Seq Scan on sbtest4  (cost=0.00..483543.33 rows=3336207 width=190)
	  Filter: (length(c) < 0)

table 5 : explain SELECT * from sbtest5 WHERE LENGTH(c) < 0
	Seq Scan on sbtest5  (cost=0.00..483047.51 rows=3320589 width=190)
	  Filter: (length(c) < 0)

table 6 : explain SELECT * from sbtest6 WHERE LENGTH(c) < 0
	Seq Scan on sbtest6  (cost=0.00..459811.63 rows=3330947 width=190)
	  Filter: (length(c) < 0)

table 7 : explain SELECT * from sbtest7 WHERE LENGTH(c) < 0
	Seq Scan on sbtest7  (cost=0.00..452610.47 rows=3323722 width=190)
	  Filter: (length(c) < 0)

table 8 : explain SELECT * from sbtest8 WHERE LENGTH(c) < 0
	Seq Scan on sbtest8  (cost=0.00..455865.84 rows=3335419 width=190)
	  Filter: (length(c) < 0)

for scan
table 1 : explain SELECT * from sbtest1 WHERE LENGTH(c) < 0
	Seq Scan on sbtest1  (cost=0.00..454478.36 rows=3340075 width=190)
	  Filter: (length(c) < 0)

table 2 : explain SELECT * from sbtest2 WHERE LENGTH(c) < 0
	Seq Scan on sbtest2  (cost=0.00..456531.18 rows=3341804 width=190)
	  Filter: (length(c) < 0)

table 3 : explain SELECT * from sbtest3 WHERE LENGTH(c) < 0
	Seq Scan on sbtest3  (cost=0.00..457513.95 rows=3331154 width=190)
	  Filter: (length(c) < 0)

table 4 : explain SELECT * from sbtest4 WHERE LENGTH(c) < 0
	Seq Scan on sbtest4  (cost=0.00..483543.33 rows=3336207 width=190)
	  Filter: (length(c) < 0)

table 5 : explain SELECT * from sbtest5 WHERE LENGTH(c) < 0
	Seq Scan on sbtest5  (cost=0.00..483047.51 rows=3320589 width=190)
	  Filter: (length(c) < 0)

table 6 : explain SELECT * from sbtest6 WHERE LENGTH(c) < 0
	Seq Scan on sbtest6  (cost=0.00..459811.63 rows=3330947 width=190)
	  Filter: (length(c) < 0)

table 7 : explain SELECT * from sbtest7 WHERE LENGTH(c) < 0
	Seq Scan on sbtest7  (cost=0.00..452610.47 rows=3323722 width=190)
	  Filter: (length(c) < 0)

table 8 : explain SELECT * from sbtest8 WHERE LENGTH(c) < 0
	Seq Scan on sbtest8  (cost=0.00..455865.84 rows=3335419 width=190)
	  Filter: (length(c) < 0)

for scan
table 1 : explain SELECT * from sbtest1 WHERE LENGTH(c) < 0
	Seq Scan on sbtest1  (cost=0.00..454478.36 rows=3340075 width=190)
	  Filter: (length(c) < 0)

table 2 : explain SELECT * from sbtest2 WHERE LENGTH(c) < 0
	Seq Scan on sbtest2  (cost=0.00..456531.18 rows=3341804 width=190)
	  Filter: (length(c) < 0)

table 3 : explain SELECT * from sbtest3 WHERE LENGTH(c) < 0
	Seq Scan on sbtest3  (cost=0.00..457513.95 rows=3331154 width=190)
	  Filter: (length(c) < 0)

table 4 : explain SELECT * from sbtest4 WHERE LENGTH(c) < 0
	Seq Scan on sbtest4  (cost=0.00..483543.33 rows=3336207 width=190)
	  Filter: (length(c) < 0)

table 5 : explain SELECT * from sbtest5 WHERE LENGTH(c) < 0
	Seq Scan on sbtest5  (cost=0.00..483047.51 rows=3320589 width=190)
	  Filter: (length(c) < 0)

table 6 : explain SELECT * from sbtest6 WHERE LENGTH(c) < 0
	Seq Scan on sbtest6  (cost=0.00..459811.63 rows=3330947 width=190)
	  Filter: (length(c) < 0)

table 7 : explain SELECT * from sbtest7 WHERE LENGTH(c) < 0
	Seq Scan on sbtest7  (cost=0.00..452610.47 rows=3323722 width=190)
	  Filter: (length(c) < 0)

table 8 : explain SELECT * from sbtest8 WHERE LENGTH(c) < 0
	Seq Scan on sbtest8  (cost=0.00..455865.84 rows=3335419 width=190)
	  Filter: (length(c) < 0)

for scan
table 1 : explain SELECT * from sbtest1 WHERE LENGTH(c) < 0
	Seq Scan on sbtest1  (cost=0.00..454478.36 rows=3340075 width=190)
	  Filter: (length(c) < 0)

table 2 : explain SELECT * from sbtest2 WHERE LENGTH(c) < 0
	Seq Scan on sbtest2  (cost=0.00..456531.18 rows=3341804 width=190)
	  Filter: (length(c) < 0)

table 3 : explain SELECT * from sbtest3 WHERE LENGTH(c) < 0
	Seq Scan on sbtest3  (cost=0.00..457513.95 rows=3331154 width=190)
	  Filter: (length(c) < 0)

table 4 : explain SELECT * from sbtest4 WHERE LENGTH(c) < 0
	Seq Scan on sbtest4  (cost=0.00..483543.33 rows=3336207 width=190)
	  Filter: (length(c) < 0)

table 5 : explain SELECT * from sbtest5 WHERE LENGTH(c) < 0
	Seq Scan on sbtest5  (cost=0.00..483047.51 rows=3320589 width=190)
	  Filter: (length(c) < 0)

table 6 : explain SELECT * from sbtest6 WHERE LENGTH(c) < 0
	Seq Scan on sbtest6  (cost=0.00..459811.63 rows=3330947 width=190)
	  Filter: (length(c) < 0)

table 7 : explain SELECT * from sbtest7 WHERE LENGTH(c) < 0
	Seq Scan on sbtest7  (cost=0.00..452610.47 rows=3323722 width=190)
	  Filter: (length(c) < 0)

table 8 : explain SELECT * from sbtest8 WHERE LENGTH(c) < 0
	Seq Scan on sbtest8  (cost=0.00..455865.84 rows=3335419 width=190)
	  Filter: (length(c) < 0)

for scan
table 1 : explain SELECT * from sbtest1 WHERE LENGTH(c) < 0
	Seq Scan on sbtest1  (cost=0.00..454478.36 rows=3340075 width=190)
	  Filter: (length(c) < 0)

table 2 : explain SELECT * from sbtest2 WHERE LENGTH(c) < 0
	Seq Scan on sbtest2  (cost=0.00..456531.18 rows=3341804 width=190)
	  Filter: (length(c) < 0)

table 3 : explain SELECT * from sbtest3 WHERE LENGTH(c) < 0
	Seq Scan on sbtest3  (cost=0.00..457513.95 rows=3331154 width=190)
	  Filter: (length(c) < 0)

table 4 : explain SELECT * from sbtest4 WHERE LENGTH(c) < 0
	Seq Scan on sbtest4  (cost=0.00..483543.33 rows=3336207 width=190)
	  Filter: (length(c) < 0)

table 5 : explain SELECT * from sbtest5 WHERE LENGTH(c) < 0
	Seq Scan on sbtest5  (cost=0.00..483047.51 rows=3320589 width=190)
	  Filter: (length(c) < 0)

table 6 : explain SELECT * from sbtest6 WHERE LENGTH(c) < 0
	Seq Scan on sbtest6  (cost=0.00..459811.63 rows=3330947 width=190)
	  Filter: (length(c) < 0)

table 7 : explain SELECT * from sbtest7 WHERE LENGTH(c) < 0
	Seq Scan on sbtest7  (cost=0.00..452610.47 rows=3323722 width=190)
	  Filter: (length(c) < 0)

table 8 : explain SELECT * from sbtest8 WHERE LENGTH(c) < 0
	Seq Scan on sbtest8  (cost=0.00..455865.84 rows=3335419 width=190)
	  Filter: (length(c) < 0)

for scan
table 1 : explain SELECT * from sbtest1 WHERE LENGTH(c) < 0
	Seq Scan on sbtest1  (cost=0.00..454478.36 rows=3340075 width=190)
	  Filter: (length(c) < 0)

table 2 : explain SELECT * from sbtest2 WHERE LENGTH(c) < 0
	Seq Scan on sbtest2  (cost=0.00..456531.18 rows=3341804 width=190)
	  Filter: (length(c) < 0)

table 3 : explain SELECT * from sbtest3 WHERE LENGTH(c) < 0
	Seq Scan on sbtest3  (cost=0.00..457513.95 rows=3331154 width=190)
	  Filter: (length(c) < 0)

table 4 : explain SELECT * from sbtest4 WHERE LENGTH(c) < 0
	Seq Scan on sbtest4  (cost=0.00..483543.33 rows=3336207 width=190)
	  Filter: (length(c) < 0)

table 5 : explain SELECT * from sbtest5 WHERE LENGTH(c) < 0
	Seq Scan on sbtest5  (cost=0.00..483047.51 rows=3320589 width=190)
	  Filter: (length(c) < 0)

table 6 : explain SELECT * from sbtest6 WHERE LENGTH(c) < 0
	Seq Scan on sbtest6  (cost=0.00..459811.63 rows=3330947 width=190)
	  Filter: (length(c) < 0)

table 7 : explain SELECT * from sbtest7 WHERE LENGTH(c) < 0
	Seq Scan on sbtest7  (cost=0.00..452610.47 rows=3323722 width=190)
	  Filter: (length(c) < 0)

table 8 : explain SELECT * from sbtest8 WHERE LENGTH(c) < 0
	Seq Scan on sbtest8  (cost=0.00..455865.84 rows=3335419 width=190)
	  Filter: (length(c) < 0)

for scan
table 1 : explain SELECT * from sbtest1 WHERE LENGTH(c) < 0
	Seq Scan on sbtest1  (cost=0.00..454478.36 rows=3340075 width=190)
	  Filter: (length(c) < 0)

table 2 : explain SELECT * from sbtest2 WHERE LENGTH(c) < 0
	Seq Scan on sbtest2  (cost=0.00..456531.18 rows=3341804 width=190)
	  Filter: (length(c) < 0)

table 3 : explain SELECT * from sbtest3 WHERE LENGTH(c) < 0
	Seq Scan on sbtest3  (cost=0.00..457513.95 rows=3331154 width=190)
	  Filter: (length(c) < 0)

table 4 : explain SELECT * from sbtest4 WHERE LENGTH(c) < 0
	Seq Scan on sbtest4  (cost=0.00..483543.33 rows=3336207 width=190)
	  Filter: (length(c) < 0)

table 5 : explain SELECT * from sbtest5 WHERE LENGTH(c) < 0
	Seq Scan on sbtest5  (cost=0.00..483047.51 rows=3320589 width=190)
	  Filter: (length(c) < 0)

table 6 : explain SELECT * from sbtest6 WHERE LENGTH(c) < 0
	Seq Scan on sbtest6  (cost=0.00..459811.63 rows=3330947 width=190)
	  Filter: (length(c) < 0)

table 7 : explain SELECT * from sbtest7 WHERE LENGTH(c) < 0
	Seq Scan on sbtest7  (cost=0.00..452610.47 rows=3323722 width=190)
	  Filter: (length(c) < 0)

table 8 : explain SELECT * from sbtest8 WHERE LENGTH(c) < 0
	Seq Scan on sbtest8  (cost=0.00..455865.84 rows=3335419 width=190)
	  Filter: (length(c) < 0)

for scan
table 1 : explain SELECT * from sbtest1 WHERE LENGTH(c) < 0
	Seq Scan on sbtest1  (cost=0.00..454478.36 rows=3340075 width=190)
	  Filter: (length(c) < 0)

table 2 : explain SELECT * from sbtest2 WHERE LENGTH(c) < 0
	Seq Scan on sbtest2  (cost=0.00..456531.18 rows=3341804 width=190)
	  Filter: (length(c) < 0)

table 3 : explain SELECT * from sbtest3 WHERE LENGTH(c) < 0
	Seq Scan on sbtest3  (cost=0.00..457513.95 rows=3331154 width=190)
	  Filter: (length(c) < 0)

table 4 : explain SELECT * from sbtest4 WHERE LENGTH(c) < 0
	Seq Scan on sbtest4  (cost=0.00..483543.33 rows=3336207 width=190)
	  Filter: (length(c) < 0)

table 5 : explain SELECT * from sbtest5 WHERE LENGTH(c) < 0
	Seq Scan on sbtest5  (cost=0.00..483047.51 rows=3320589 width=190)
	  Filter: (length(c) < 0)

table 6 : explain SELECT * from sbtest6 WHERE LENGTH(c) < 0
	Seq Scan on sbtest6  (cost=0.00..459811.63 rows=3330947 width=190)
	  Filter: (length(c) < 0)

table 7 : explain SELECT * from sbtest7 WHERE LENGTH(c) < 0
	Seq Scan on sbtest7  (cost=0.00..452610.47 rows=3323722 width=190)
	  Filter: (length(c) < 0)

table 8 : explain SELECT * from sbtest8 WHERE LENGTH(c) < 0
	Seq Scan on sbtest8  (cost=0.00..455865.84 rows=3335419 width=190)
	  Filter: (length(c) < 0)

for scan
table 1 : explain SELECT * from sbtest1 WHERE LENGTH(c) < 0
	Seq Scan on sbtest1  (cost=0.00..454478.36 rows=3340075 width=190)
	  Filter: (length(c) < 0)

table 2 : explain SELECT * from sbtest2 WHERE LENGTH(c) < 0
	Seq Scan on sbtest2  (cost=0.00..456531.18 rows=3341804 width=190)
	  Filter: (length(c) < 0)

table 3 : explain SELECT * from sbtest3 WHERE LENGTH(c) < 0
	Seq Scan on sbtest3  (cost=0.00..457513.95 rows=3331154 width=190)
	  Filter: (length(c) < 0)

table 4 : explain SELECT * from sbtest4 WHERE LENGTH(c) < 0
	Seq Scan on sbtest4  (cost=0.00..483543.33 rows=3336207 width=190)
	  Filter: (length(c) < 0)

table 5 : explain SELECT * from sbtest5 WHERE LENGTH(c) < 0
	Seq Scan on sbtest5  (cost=0.00..483047.51 rows=3320589 width=190)
	  Filter: (length(c) < 0)

table 6 : explain SELECT * from sbtest6 WHERE LENGTH(c) < 0
	Seq Scan on sbtest6  (cost=0.00..459811.63 rows=3330947 width=190)
	  Filter: (length(c) < 0)

table 7 : explain SELECT * from sbtest7 WHERE LENGTH(c) < 0
	Seq Scan on sbtest7  (cost=0.00..452610.47 rows=3323722 width=190)
	  Filter: (length(c) < 0)

table 8 : explain SELECT * from sbtest8 WHERE LENGTH(c) < 0
	Seq Scan on sbtest8  (cost=0.00..455865.84 rows=3335419 width=190)
	  Filter: (length(c) < 0)

for scan
table 1 : explain SELECT * from sbtest1 WHERE LENGTH(c) < 0
	Seq Scan on sbtest1  (cost=0.00..454478.36 rows=3340075 width=190)
	  Filter: (length(c) < 0)

table 2 : explain SELECT * from sbtest2 WHERE LENGTH(c) < 0
	Seq Scan on sbtest2  (cost=0.00..456531.18 rows=3341804 width=190)
	  Filter: (length(c) < 0)

table 3 : explain SELECT * from sbtest3 WHERE LENGTH(c) < 0
	Seq Scan on sbtest3  (cost=0.00..457513.95 rows=3331154 width=190)
	  Filter: (length(c) < 0)

table 4 : explain SELECT * from sbtest4 WHERE LENGTH(c) < 0
	Seq Scan on sbtest4  (cost=0.00..483543.33 rows=3336207 width=190)
	  Filter: (length(c) < 0)

table 5 : explain SELECT * from sbtest5 WHERE LENGTH(c) < 0
	Seq Scan on sbtest5  (cost=0.00..483047.51 rows=3320589 width=190)
	  Filter: (length(c) < 0)

table 6 : explain SELECT * from sbtest6 WHERE LENGTH(c) < 0
	Seq Scan on sbtest6  (cost=0.00..459811.63 rows=3330947 width=190)
	  Filter: (length(c) < 0)

table 7 : explain SELECT * from sbtest7 WHERE LENGTH(c) < 0
	Seq Scan on sbtest7  (cost=0.00..452610.47 rows=3323722 width=190)
	  Filter: (length(c) < 0)

table 8 : explain SELECT * from sbtest8 WHERE LENGTH(c) < 0
	Seq Scan on sbtest8  (cost=0.00..455865.84 rows=3335419 width=190)
	  Filter: (length(c) < 0)

for scan
table 1 : explain SELECT * from sbtest1 WHERE LENGTH(c) < 0
	Seq Scan on sbtest1  (cost=0.00..454478.36 rows=3340075 width=190)
	  Filter: (length(c) < 0)

table 2 : explain SELECT * from sbtest2 WHERE LENGTH(c) < 0
	Seq Scan on sbtest2  (cost=0.00..456531.18 rows=3341804 width=190)
	  Filter: (length(c) < 0)

table 3 : explain SELECT * from sbtest3 WHERE LENGTH(c) < 0
	Seq Scan on sbtest3  (cost=0.00..457513.95 rows=3331154 width=190)
	  Filter: (length(c) < 0)

table 4 : explain SELECT * from sbtest4 WHERE LENGTH(c) < 0
	Seq Scan on sbtest4  (cost=0.00..483543.33 rows=3336207 width=190)
	  Filter: (length(c) < 0)

table 5 : explain SELECT * from sbtest5 WHERE LENGTH(c) < 0
	Seq Scan on sbtest5  (cost=0.00..483047.51 rows=3320589 width=190)
	  Filter: (length(c) < 0)

table 6 : explain SELECT * from sbtest6 WHERE LENGTH(c) < 0
	Seq Scan on sbtest6  (cost=0.00..459811.63 rows=3330947 width=190)
	  Filter: (length(c) < 0)

table 7 : explain SELECT * from sbtest7 WHERE LENGTH(c) < 0
	Seq Scan on sbtest7  (cost=0.00..452610.47 rows=3323722 width=190)
	  Filter: (length(c) < 0)

table 8 : explain SELECT * from sbtest8 WHERE LENGTH(c) < 0
	Seq Scan on sbtest8  (cost=0.00..455865.84 rows=3335419 width=190)
	  Filter: (length(c) < 0)

for scan
table 1 : explain SELECT * from sbtest1 WHERE LENGTH(c) < 0
	Seq Scan on sbtest1  (cost=0.00..454478.36 rows=3340075 width=190)
	  Filter: (length(c) < 0)

table 2 : explain SELECT * from sbtest2 WHERE LENGTH(c) < 0
	Seq Scan on sbtest2  (cost=0.00..456531.18 rows=3341804 width=190)
	  Filter: (length(c) < 0)

table 3 : explain SELECT * from sbtest3 WHERE LENGTH(c) < 0
	Seq Scan on sbtest3  (cost=0.00..457513.95 rows=3331154 width=190)
	  Filter: (length(c) < 0)

table 4 : explain SELECT * from sbtest4 WHERE LENGTH(c) < 0
	Seq Scan on sbtest4  (cost=0.00..483543.33 rows=3336207 width=190)
	  Filter: (length(c) < 0)

table 5 : explain SELECT * from sbtest5 WHERE LENGTH(c) < 0
	Seq Scan on sbtest5  (cost=0.00..483047.51 rows=3320589 width=190)
	  Filter: (length(c) < 0)

table 6 : explain SELECT * from sbtest6 WHERE LENGTH(c) < 0
	Seq Scan on sbtest6  (cost=0.00..459811.63 rows=3330947 width=190)
	  Filter: (length(c) < 0)

table 7 : explain SELECT * from sbtest7 WHERE LENGTH(c) < 0
	Seq Scan on sbtest7  (cost=0.00..452610.47 rows=3323722 width=190)
	  Filter: (length(c) < 0)

table 8 : explain SELECT * from sbtest8 WHERE LENGTH(c) < 0
	Seq Scan on sbtest8  (cost=0.00..455865.84 rows=3335419 width=190)
	  Filter: (length(c) < 0)

for scan
table 1 : explain SELECT * from sbtest1 WHERE LENGTH(c) < 0
	Seq Scan on sbtest1  (cost=0.00..454478.36 rows=3340075 width=190)
	  Filter: (length(c) < 0)

table 2 : explain SELECT * from sbtest2 WHERE LENGTH(c) < 0
	Seq Scan on sbtest2  (cost=0.00..456531.18 rows=3341804 width=190)
	  Filter: (length(c) < 0)

table 3 : explain SELECT * from sbtest3 WHERE LENGTH(c) < 0
	Seq Scan on sbtest3  (cost=0.00..457513.95 rows=3331154 width=190)
	  Filter: (length(c) < 0)

table 4 : explain SELECT * from sbtest4 WHERE LENGTH(c) < 0
	Seq Scan on sbtest4  (cost=0.00..483543.33 rows=3336207 width=190)
	  Filter: (length(c) < 0)

table 5 : explain SELECT * from sbtest5 WHERE LENGTH(c) < 0
	Seq Scan on sbtest5  (cost=0.00..483047.51 rows=3320589 width=190)
	  Filter: (length(c) < 0)

table 6 : explain SELECT * from sbtest6 WHERE LENGTH(c) < 0
	Seq Scan on sbtest6  (cost=0.00..459811.63 rows=3330947 width=190)
	  Filter: (length(c) < 0)

table 7 : explain SELECT * from sbtest7 WHERE LENGTH(c) < 0
	Seq Scan on sbtest7  (cost=0.00..452610.47 rows=3323722 width=190)
	  Filter: (length(c) < 0)

table 8 : explain SELECT * from sbtest8 WHERE LENGTH(c) < 0
	Seq Scan on sbtest8  (cost=0.00..455865.84 rows=3335419 width=190)
	  Filter: (length(c) < 0)

for scan
table 1 : explain SELECT * from sbtest1 WHERE LENGTH(c) < 0
	Seq Scan on sbtest1  (cost=0.00..454478.36 rows=3340075 width=190)
	  Filter: (length(c) < 0)

table 2 : explain SELECT * from sbtest2 WHERE LENGTH(c) < 0
	Seq Scan on sbtest2  (cost=0.00..456531.18 rows=3341804 width=190)
	  Filter: (length(c) < 0)

table 3 : explain SELECT * from sbtest3 WHERE LENGTH(c) < 0
	Seq Scan on sbtest3  (cost=0.00..457513.95 rows=3331154 width=190)
	  Filter: (length(c) < 0)

table 4 : explain SELECT * from sbtest4 WHERE LENGTH(c) < 0
	Seq Scan on sbtest4  (cost=0.00..483543.33 rows=3336207 width=190)
	  Filter: (length(c) < 0)

table 5 : explain SELECT * from sbtest5 WHERE LENGTH(c) < 0
	Seq Scan on sbtest5  (cost=0.00..483047.51 rows=3320589 width=190)
	  Filter: (length(c) < 0)

table 6 : explain SELECT * from sbtest6 WHERE LENGTH(c) < 0
	Seq Scan on sbtest6  (cost=0.00..459811.63 rows=3330947 width=190)
	  Filter: (length(c) < 0)

table 7 : explain SELECT * from sbtest7 WHERE LENGTH(c) < 0
	Seq Scan on sbtest7  (cost=0.00..452610.47 rows=3323722 width=190)
	  Filter: (length(c) < 0)

table 8 : explain SELECT * from sbtest8 WHERE LENGTH(c) < 0
	Seq Scan on sbtest8  (cost=0.00..455865.84 rows=3335419 width=190)
	  Filter: (length(c) < 0)

for scan
table 1 : explain SELECT * from sbtest1 WHERE LENGTH(c) < 0
	Seq Scan on sbtest1  (cost=0.00..454478.36 rows=3340075 width=190)
	  Filter: (length(c) < 0)

table 2 : explain SELECT * from sbtest2 WHERE LENGTH(c) < 0
	Seq Scan on sbtest2  (cost=0.00..456531.18 rows=3341804 width=190)
	  Filter: (length(c) < 0)

table 3 : explain SELECT * from sbtest3 WHERE LENGTH(c) < 0
	Seq Scan on sbtest3  (cost=0.00..457513.95 rows=3331154 width=190)
	  Filter: (length(c) < 0)

table 4 : explain SELECT * from sbtest4 WHERE LENGTH(c) < 0
	Seq Scan on sbtest4  (cost=0.00..483543.33 rows=3336207 width=190)
	  Filter: (length(c) < 0)

table 5 : explain SELECT * from sbtest5 WHERE LENGTH(c) < 0
	Seq Scan on sbtest5  (cost=0.00..483047.51 rows=3320589 width=190)
	  Filter: (length(c) < 0)

table 6 : explain SELECT * from sbtest6 WHERE LENGTH(c) < 0
	Seq Scan on sbtest6  (cost=0.00..459811.63 rows=3330947 width=190)
	  Filter: (length(c) < 0)

table 7 : explain SELECT * from sbtest7 WHERE LENGTH(c) < 0
	Seq Scan on sbtest7  (cost=0.00..452610.47 rows=3323722 width=190)
	  Filter: (length(c) < 0)

table 8 : explain SELECT * from sbtest8 WHERE LENGTH(c) < 0
	Seq Scan on sbtest8  (cost=0.00..455865.84 rows=3335419 width=190)
	  Filter: (length(c) < 0)

for scan
table 1 : explain SELECT * from sbtest1 WHERE LENGTH(c) < 0
	Seq Scan on sbtest1  (cost=0.00..454478.36 rows=3340075 width=190)
	  Filter: (length(c) < 0)

table 2 : explain SELECT * from sbtest2 WHERE LENGTH(c) < 0
	Seq Scan on sbtest2  (cost=0.00..456531.18 rows=3341804 width=190)
	  Filter: (length(c) < 0)

table 3 : explain SELECT * from sbtest3 WHERE LENGTH(c) < 0
	Seq Scan on sbtest3  (cost=0.00..457513.95 rows=3331154 width=190)
	  Filter: (length(c) < 0)

table 4 : explain SELECT * from sbtest4 WHERE LENGTH(c) < 0
	Seq Scan on sbtest4  (cost=0.00..483543.33 rows=3336207 width=190)
	  Filter: (length(c) < 0)

table 5 : explain SELECT * from sbtest5 WHERE LENGTH(c) < 0
	Seq Scan on sbtest5  (cost=0.00..483047.51 rows=3320589 width=190)
	  Filter: (length(c) < 0)

table 6 : explain SELECT * from sbtest6 WHERE LENGTH(c) < 0
	Seq Scan on sbtest6  (cost=0.00..459811.63 rows=3330947 width=190)
	  Filter: (length(c) < 0)

table 7 : explain SELECT * from sbtest7 WHERE LENGTH(c) < 0
	Seq Scan on sbtest7  (cost=0.00..452610.47 rows=3323722 width=190)
	  Filter: (length(c) < 0)

table 8 : explain SELECT * from sbtest8 WHERE LENGTH(c) < 0
	Seq Scan on sbtest8  (cost=0.00..455865.84 rows=3335419 width=190)
	  Filter: (length(c) < 0)

for scan
table 1 : explain SELECT * from sbtest1 WHERE LENGTH(c) < 0
	Seq Scan on sbtest1  (cost=0.00..454478.36 rows=3340075 width=190)
	  Filter: (length(c) < 0)

table 2 : explain SELECT * from sbtest2 WHERE LENGTH(c) < 0
	Seq Scan on sbtest2  (cost=0.00..456531.18 rows=3341804 width=190)
	  Filter: (length(c) < 0)

table 3 : explain SELECT * from sbtest3 WHERE LENGTH(c) < 0
	Seq Scan on sbtest3  (cost=0.00..457513.95 rows=3331154 width=190)
	  Filter: (length(c) < 0)

table 4 : explain SELECT * from sbtest4 WHERE LENGTH(c) < 0
	Seq Scan on sbtest4  (cost=0.00..483543.33 rows=3336207 width=190)
	  Filter: (length(c) < 0)

table 5 : explain SELECT * from sbtest5 WHERE LENGTH(c) < 0
	Seq Scan on sbtest5  (cost=0.00..483047.51 rows=3320589 width=190)
	  Filter: (length(c) < 0)

table 6 : explain SELECT * from sbtest6 WHERE LENGTH(c) < 0
	Seq Scan on sbtest6  (cost=0.00..459811.63 rows=3330947 width=190)
	  Filter: (length(c) < 0)

table 7 : explain SELECT * from sbtest7 WHERE LENGTH(c) < 0
	Seq Scan on sbtest7  (cost=0.00..452610.47 rows=3323722 width=190)
	  Filter: (length(c) < 0)

table 8 : explain SELECT * from sbtest8 WHERE LENGTH(c) < 0
	Seq Scan on sbtest8  (cost=0.00..455865.84 rows=3335419 width=190)
	  Filter: (length(c) < 0)

for scan
table 1 : explain SELECT * from sbtest1 WHERE LENGTH(c) < 0
	Seq Scan on sbtest1  (cost=0.00..454478.36 rows=3340075 width=190)
	  Filter: (length(c) < 0)

table 2 : explain SELECT * from sbtest2 WHERE LENGTH(c) < 0
	Seq Scan on sbtest2  (cost=0.00..456531.18 rows=3341804 width=190)
	  Filter: (length(c) < 0)

table 3 : explain SELECT * from sbtest3 WHERE LENGTH(c) < 0
	Seq Scan on sbtest3  (cost=0.00..457513.95 rows=3331154 width=190)
	  Filter: (length(c) < 0)

table 4 : explain SELECT * from sbtest4 WHERE LENGTH(c) < 0
	Seq Scan on sbtest4  (cost=0.00..483543.33 rows=3336207 width=190)
	  Filter: (length(c) < 0)

table 5 : explain SELECT * from sbtest5 WHERE LENGTH(c) < 0
	Seq Scan on sbtest5  (cost=0.00..483047.51 rows=3320589 width=190)
	  Filter: (length(c) < 0)

table 6 : explain SELECT * from sbtest6 WHERE LENGTH(c) < 0
	Seq Scan on sbtest6  (cost=0.00..459811.63 rows=3330947 width=190)
	  Filter: (length(c) < 0)

table 7 : explain SELECT * from sbtest7 WHERE LENGTH(c) < 0
	Seq Scan on sbtest7  (cost=0.00..452610.47 rows=3323722 width=190)
	  Filter: (length(c) < 0)

table 8 : explain SELECT * from sbtest8 WHERE LENGTH(c) < 0
	Seq Scan on sbtest8  (cost=0.00..455865.84 rows=3335419 width=190)
	  Filter: (length(c) < 0)

Threads started!

Warming up for 5 seconds...

SQL statistics:
    queries performed:
        read:                            787
        write:                           0
        other:                           0
        total:                           787
    transactions:                        787    (12.45 per sec.)
    queries:                             787    (12.45 per sec.)
    ignored errors:                      0      (0.00 per sec.)
    reconnects:                          0      (0.00 per sec.)

Throughput:
    events/s (eps):                      12.4547
    time elapsed:                        63.1889s
    total number of events:              787

Latency (ms):
         min:                                 3168.07
         avg:                                 3212.74
         max:                                 3282.09
         95th percentile:                     3267.19
         sum:                              2528427.03

Threads fairness:
    events (avg/stddev):           19.6750/0.47
    execution time (avg/stddev):   63.2107/1.21

