LUA_PATH=/home/mdcallag/git/mytools/bench/sysbench.lua/lua/?.lua /home/mdcallag/git/mytools/bench/sysbench.lua/lua/sysbench --db-driver=pgsql --range-size=100 --table-size=10000000 --tables=8 --threads=40 --events=0 --warmup-time=5 --time=630 --pgsql_conn_id=true /home/mdcallag/git/mytools/bench/sysbench.lua/lua/oltp_point_select.lua run --pgsql-user=root --pgsql-password=pw --pgsql-host=127.0.0.1 --pgsql-db=ib --rand-type=uniform --skip-trx
48 CPUs
sysbench 1.1.0-9072687 (using bundled LuaJIT 2.1.0-beta3)

Running the test with following options:
Number of threads: 40
Warmup time: 5s
Initializing random number generator from current time


Initializing worker threads...

explain: for point_selects :: explain SELECT c FROM sbtest%u WHERE id=%u
explain: for point_selects :: explain SELECT c FROM sbtest%u WHERE id=%u
explain: for point_selects :: explain SELECT c FROM sbtest%u WHERE id=%u
explain: for point_selects :: explain SELECT c FROM sbtest%u WHERE id=%u
for point_selects
table 1 : explain SELECT c FROM sbtest1 WHERE id=7689050
	Index Scan using sbtest1_pkey on sbtest1  (cost=0.43..8.45 rows=1 width=121)
	  Index Cond: (id = 7689050)

table 2 : explain SELECT c FROM sbtest2 WHERE id=3217965
	Index Scan using sbtest2_pkey on sbtest2  (cost=0.43..8.45 rows=1 width=121)
	  Index Cond: (id = 3217965)

table 3 : explain SELECT c FROM sbtest3 WHERE id=7665693
	Index Scan using sbtest3_pkey on sbtest3  (cost=0.43..8.45 rows=1 width=121)
	  Index Cond: (id = 7665693)

table 4 : explain SELECT c FROM sbtest4 WHERE id=4508191
	Index Scan using sbtest4_pkey on sbtest4  (cost=0.43..8.45 rows=1 width=121)
	  Index Cond: (id = 4508191)

table 5 : explain SELECT c FROM sbtest5 WHERE id=3672641
	Index Scan using sbtest5_pkey on sbtest5  (cost=0.43..8.45 rows=1 width=121)
	  Index Cond: (id = 3672641)

table 6 : explain SELECT c FROM sbtest6 WHERE id=854138
	Index Scan using sbtest6_pkey on sbtest6  (cost=0.43..8.45 rows=1 width=121)
	  Index Cond: (id = 854138)

table 7 : explain SELECT c FROM sbtest7 WHERE id=2393566
	Index Scan using sbtest7_pkey on sbtest7  (cost=0.43..8.45 rows=1 width=121)
	  Index Cond: (id = 2393566)

table 8 : explain SELECT c FROM sbtest8 WHERE id=4114885
	Index Scan using sbtest8_pkey on sbtest8  (cost=0.43..8.45 rows=1 width=121)
	  Index Cond: (id = 4114885)

for point_selects
table 1 : explain SELECT c FROM sbtest1 WHERE id=232029
	Index Scan using sbtest1_pkey on sbtest1  (cost=0.43..8.45 rows=1 width=121)
	  Index Cond: (id = 232029)

table 2 : explain SELECT c FROM sbtest2 WHERE id=6649592
	Index Scan using sbtest2_pkey on sbtest2  (cost=0.43..8.45 rows=1 width=121)
	  Index Cond: (id = 6649592)

table 3 : explain SELECT c FROM sbtest3 WHERE id=6348763
	Index Scan using sbtest3_pkey on sbtest3  (cost=0.43..8.45 rows=1 width=121)
	  Index Cond: (id = 6348763)

table 4 : explain SELECT c FROM sbtest4 WHERE id=405683
	Index Scan using sbtest4_pkey on sbtest4  (cost=0.43..8.45 rows=1 width=121)
	  Index Cond: (id = 405683)

table 5 : explain SELECT c FROM sbtest5 WHERE id=214409
	Index Scan using sbtest5_pkey on sbtest5  (cost=0.43..8.45 rows=1 width=121)
	  Index Cond: (id = 214409)

table 6 : explain SELECT c FROM sbtest6 WHERE id=2528104
	Index Scan using sbtest6_pkey on sbtest6  (cost=0.43..8.45 rows=1 width=121)
	  Index Cond: (id = 2528104)

table 7 : explain SELECT c FROM sbtest7 WHERE id=4639521
	Index Scan using sbtest7_pkey on sbtest7  (cost=0.43..8.45 rows=1 width=121)
	  Index Cond: (id = 4639521)

table 8 : explain SELECT c FROM sbtest8 WHERE id=5840817
	Index Scan using sbtest8_pkey on sbtest8  (cost=0.43..8.45 rows=1 width=121)
	  Index Cond: (id = 5840817)

for point_selects
table 1 : explain SELECT c FROM sbtest1 WHERE id=4634783
	Index Scan using sbtest1_pkey on sbtest1  (cost=0.43..8.45 rows=1 width=121)
	  Index Cond: (id = 4634783)

table 2 : explain SELECT c FROM sbtest2 WHERE id=3781006
	Index Scan using sbtest2_pkey on sbtest2  (cost=0.43..8.45 rows=1 width=121)
	  Index Cond: (id = 3781006)

table 3 : explain SELECT c FROM sbtest3 WHERE id=1858495
	Index Scan using sbtest3_pkey on sbtest3  (cost=0.43..8.45 rows=1 width=121)
	  Index Cond: (id = 1858495)

table 4 : explain SELECT c FROM sbtest4 WHERE id=6871944
	Index Scan using sbtest4_pkey on sbtest4  (cost=0.43..8.45 rows=1 width=121)
	  Index Cond: (id = 6871944)

table 5 : explain SELECT c FROM sbtest5 WHERE id=2702754
	Index Scan using sbtest5_pkey on sbtest5  (cost=0.43..8.45 rows=1 width=121)
	  Index Cond: (id = 2702754)

table 6 : explain SELECT c FROM sbtest6 WHERE id=4846933
	Index Scan using sbtest6_pkey on sbtest6  (cost=0.43..8.45 rows=1 width=121)
	  Index Cond: (id = 4846933)

table 7 : explain SELECT c FROM sbtest7 WHERE id=9594993
	Index Scan using sbtest7_pkey on sbtest7  (cost=0.43..8.45 rows=1 width=121)
	  Index Cond: (id = 9594993)

table 8 : explain SELECT c FROM sbtest8 WHERE id=858754
	Index Scan using sbtest8_pkey on sbtest8  (cost=0.43..8.45 rows=1 width=121)
	  Index Cond: (id = 858754)

for point_selects
table 1 : explain SELECT c FROM sbtest1 WHERE id=852754
	Index Scan using sbtest1_pkey on sbtest1  (cost=0.43..8.45 rows=1 width=121)
	  Index Cond: (id = 852754)

table 2 : explain SELECT c FROM sbtest2 WHERE id=7904443
	Index Scan using sbtest2_pkey on sbtest2  (cost=0.43..8.45 rows=1 width=121)
	  Index Cond: (id = 7904443)

table 3 : explain SELECT c FROM sbtest3 WHERE id=1514559
	Index Scan using sbtest3_pkey on sbtest3  (cost=0.43..8.45 rows=1 width=121)
	  Index Cond: (id = 1514559)

table 4 : explain SELECT c FROM sbtest4 WHERE id=1583349
	Index Scan using sbtest4_pkey on sbtest4  (cost=0.43..8.45 rows=1 width=121)
	  Index Cond: (id = 1583349)

table 5 : explain SELECT c FROM sbtest5 WHERE id=1240966
	Index Scan using sbtest5_pkey on sbtest5  (cost=0.43..8.45 rows=1 width=121)
	  Index Cond: (id = 1240966)

table 6 : explain SELECT c FROM sbtest6 WHERE id=4478096
	Index Scan using sbtest6_pkey on sbtest6  (cost=0.43..8.45 rows=1 width=121)
	  Index Cond: (id = 4478096)

table 7 : explain SELECT c FROM sbtest7 WHERE id=7198759
	Index Scan using sbtest7_pkey on sbtest7  (cost=0.43..8.45 rows=1 width=121)
	  Index Cond: (id = 7198759)

table 8 : explain SELECT c FROM sbtest8 WHERE id=2308199
	Index Scan using sbtest8_pkey on sbtest8  (cost=0.43..8.45 rows=1 width=121)
	  Index Cond: (id = 2308199)

explain: for point_selects :: explain SELECT c FROM sbtest%u WHERE id=%u
explain: for point_selects :: explain SELECT c FROM sbtest%u WHERE id=%u
explain: for point_selects :: explain SELECT c FROM sbtest%u WHERE id=%u
explain: for point_selects :: explain SELECT c FROM sbtest%u WHERE id=%u
explain: for point_selects :: explain SELECT c FROM sbtest%u WHERE id=%u
for point_selects
table 1 : explain SELECT c FROM sbtest1 WHERE id=7347085
	Index Scan using sbtest1_pkey on sbtest1  (cost=0.43..8.45 rows=1 width=121)
	  Index Cond: (id = 7347085)

table 2 : explain SELECT c FROM sbtest2 WHERE id=579297
	Index Scan using sbtest2_pkey on sbtest2  (cost=0.43..8.45 rows=1 width=121)
	  Index Cond: (id = 579297)

table 3 : explain SELECT c FROM sbtest3 WHERE id=5618426
	Index Scan using sbtest3_pkey on sbtest3  (cost=0.43..8.45 rows=1 width=121)
	  Index Cond: (id = 5618426)

table 4 : explain SELECT c FROM sbtest4 WHERE id=1856133
	Index Scan using sbtest4_pkey on sbtest4  (cost=0.43..8.45 rows=1 width=121)
	  Index Cond: (id = 1856133)

table 5 : explain SELECT c FROM sbtest5 WHERE id=5517184
	Index Scan using sbtest5_pkey on sbtest5  (cost=0.43..8.45 rows=1 width=121)
	  Index Cond: (id = 5517184)

table 6 : explain SELECT c FROM sbtest6 WHERE id=5466417
	Index Scan using sbtest6_pkey on sbtest6  (cost=0.43..8.45 rows=1 width=121)
	  Index Cond: (id = 5466417)

table 7 : explain SELECT c FROM sbtest7 WHERE id=2889449
	Index Scan using sbtest7_pkey on sbtest7  (cost=0.43..8.45 rows=1 width=121)
	  Index Cond: (id = 2889449)

table 8 : explain SELECT c FROM sbtest8 WHERE id=3159097
	Index Scan using sbtest8_pkey on sbtest8  (cost=0.43..8.45 rows=1 width=121)
	  Index Cond: (id = 3159097)

for point_selects
table 1 : explain SELECT c FROM sbtest1 WHERE id=3385709
	Index Scan using sbtest1_pkey on sbtest1  (cost=0.43..8.45 rows=1 width=121)
	  Index Cond: (id = 3385709)

table 2 : explain SELECT c FROM sbtest2 WHERE id=5402931
	Index Scan using sbtest2_pkey on sbtest2  (cost=0.43..8.45 rows=1 width=121)
	  Index Cond: (id = 5402931)

table 3 : explain SELECT c FROM sbtest3 WHERE id=24134
	Index Scan using sbtest3_pkey on sbtest3  (cost=0.43..8.45 rows=1 width=121)
	  Index Cond: (id = 24134)

table 4 : explain SELECT c FROM sbtest4 WHERE id=6789636
	Index Scan using sbtest4_pkey on sbtest4  (cost=0.43..8.45 rows=1 width=121)
	  Index Cond: (id = 6789636)

table 5 : explain SELECT c FROM sbtest5 WHERE id=2809243
	Index Scan using sbtest5_pkey on sbtest5  (cost=0.43..8.45 rows=1 width=121)
	  Index Cond: (id = 2809243)

table 6 : explain SELECT c FROM sbtest6 WHERE id=8809978
	Index Scan using sbtest6_pkey on sbtest6  (cost=0.43..8.45 rows=1 width=121)
	  Index Cond: (id = 8809978)

table 7 : explain SELECT c FROM sbtest7 WHERE id=7493284
	Index Scan using sbtest7_pkey on sbtest7  (cost=0.43..8.45 rows=1 width=121)
	  Index Cond: (id = 7493284)

table 8 : explain SELECT c FROM sbtest8 WHERE id=5073721
	Index Scan using sbtest8_pkey on sbtest8  (cost=0.43..8.45 rows=1 width=121)
	  Index Cond: (id = 5073721)

explain: for point_selects :: explain SELECT c FROM sbtest%u WHERE id=%u
explain: for point_selects :: explain SELECT c FROM sbtest%u WHERE id=%u
explain: for point_selects :: explain SELECT c FROM sbtest%u WHERE id=%u
for point_selects
table 1 : explain SELECT c FROM sbtest1 WHERE id=8993971
	Index Scan using sbtest1_pkey on sbtest1  (cost=0.43..8.45 rows=1 width=121)
	  Index Cond: (id = 8993971)

table 2 : explain SELECT c FROM sbtest2 WHERE id=8739388
	Index Scan using sbtest2_pkey on sbtest2  (cost=0.43..8.45 rows=1 width=121)
	  Index Cond: (id = 8739388)

table 3 : explain SELECT c FROM sbtest3 WHERE id=7086691
	Index Scan using sbtest3_pkey on sbtest3  (cost=0.43..8.45 rows=1 width=121)
	  Index Cond: (id = 7086691)

table 4 : explain SELECT c FROM sbtest4 WHERE id=7841976
	Index Scan using sbtest4_pkey on sbtest4  (cost=0.43..8.45 rows=1 width=121)
	  Index Cond: (id = 7841976)

table 5 : explain SELECT c FROM sbtest5 WHERE id=7942238
	Index Scan using sbtest5_pkey on sbtest5  (cost=0.43..8.45 rows=1 width=121)
	  Index Cond: (id = 7942238)

table 6 : explain SELECT c FROM sbtest6 WHERE id=8351823
	Index Scan using sbtest6_pkey on sbtest6  (cost=0.43..8.45 rows=1 width=121)
	  Index Cond: (id = 8351823)

table 7 : explain SELECT c FROM sbtest7 WHERE id=4854681
	Index Scan using sbtest7_pkey on sbtest7  (cost=0.43..8.45 rows=1 width=121)
	  Index Cond: (id = 4854681)

table 8 : explain SELECT c FROM sbtest8 WHERE id=5242440
	Index Scan using sbtest8_pkey on sbtest8  (cost=0.43..8.45 rows=1 width=121)
	  Index Cond: (id = 5242440)

explain: for point_selects :: explain SELECT c FROM sbtest%u WHERE id=%u
explain: for point_selects :: explain SELECT c FROM sbtest%u WHERE id=%u
explain: for point_selects :: explain SELECT c FROM sbtest%u WHERE id=%u
for point_selects
table 1 : explain SELECT c FROM sbtest1 WHERE id=1073529
	Index Scan using sbtest1_pkey on sbtest1  (cost=0.43..8.45 rows=1 width=121)
	  Index Cond: (id = 1073529)

table 2 : explain SELECT c FROM sbtest2 WHERE id=9830371
	Index Scan using sbtest2_pkey on sbtest2  (cost=0.43..8.45 rows=1 width=121)
	  Index Cond: (id = 9830371)

table 3 : explain SELECT c FROM sbtest3 WHERE id=9642283
	Index Scan using sbtest3_pkey on sbtest3  (cost=0.43..8.45 rows=1 width=121)
	  Index Cond: (id = 9642283)

table 4 : explain SELECT c FROM sbtest4 WHERE id=3443574
	Index Scan using sbtest4_pkey on sbtest4  (cost=0.43..8.45 rows=1 width=121)
	  Index Cond: (id = 3443574)

table 5 : explain SELECT c FROM sbtest5 WHERE id=53543
	Index Scan using sbtest5_pkey on sbtest5  (cost=0.43..8.45 rows=1 width=121)
	  Index Cond: (id = 53543)

table 6 : explain SELECT c FROM sbtest6 WHERE id=2415448
	Index Scan using sbtest6_pkey on sbtest6  (cost=0.43..8.45 rows=1 width=121)
	  Index Cond: (id = 2415448)

table 7 : explain SELECT c FROM sbtest7 WHERE id=2504359
	Index Scan using sbtest7_pkey on sbtest7  (cost=0.43..8.45 rows=1 width=121)
	  Index Cond: (id = 2504359)

table 8 : explain SELECT c FROM sbtest8 WHERE id=5975397
	Index Scan using sbtest8_pkey on sbtest8  (cost=0.43..8.45 rows=1 width=121)
	  Index Cond: (id = 5975397)

for point_selects
table 1 : explain SELECT c FROM sbtest1 WHERE id=1244293
	Index Scan using sbtest1_pkey on sbtest1  (cost=0.43..8.45 rows=1 width=121)
	  Index Cond: (id = 1244293)

table 2 : explain SELECT c FROM sbtest2 WHERE id=6118318
	Index Scan using sbtest2_pkey on sbtest2  (cost=0.43..8.45 rows=1 width=121)
	  Index Cond: (id = 6118318)

table 3 : explain SELECT c FROM sbtest3 WHERE id=6845556
	Index Scan using sbtest3_pkey on sbtest3  (cost=0.43..8.45 rows=1 width=121)
	  Index Cond: (id = 6845556)

table 4 : explain SELECT c FROM sbtest4 WHERE id=8654084
	Index Scan using sbtest4_pkey on sbtest4  (cost=0.43..8.45 rows=1 width=121)
	  Index Cond: (id = 8654084)

table 5 : explain SELECT c FROM sbtest5 WHERE id=548630
	Index Scan using sbtest5_pkey on sbtest5  (cost=0.43..8.45 rows=1 width=121)
	  Index Cond: (id = 548630)

table 6 : explain SELECT c FROM sbtest6 WHERE id=646279
	Index Scan using sbtest6_pkey on sbtest6  (cost=0.43..8.45 rows=1 width=121)
	  Index Cond: (id = 646279)

table 7 : explain SELECT c FROM sbtest7 WHERE id=3542220
	Index Scan using sbtest7_pkey on sbtest7  (cost=0.43..8.45 rows=1 width=121)
	  Index Cond: (id = 3542220)

table 8 : explain SELECT c FROM sbtest8 WHERE id=6154936
	Index Scan using sbtest8_pkey on sbtest8  (cost=0.43..8.45 rows=1 width=121)
	  Index Cond: (id = 6154936)

for point_selects
table 1 : explain SELECT c FROM sbtest1 WHERE id=1732427
	Index Scan using sbtest1_pkey on sbtest1  (cost=0.43..8.45 rows=1 width=121)
	  Index Cond: (id = 1732427)

table 2 : explain SELECT c FROM sbtest2 WHERE id=2207947
	Index Scan using sbtest2_pkey on sbtest2  (cost=0.43..8.45 rows=1 width=121)
	  Index Cond: (id = 2207947)

table 3 : explain SELECT c FROM sbtest3 WHERE id=8725055
	Index Scan using sbtest3_pkey on sbtest3  (cost=0.43..8.45 rows=1 width=121)
	  Index Cond: (id = 8725055)

table 4 : explain SELECT c FROM sbtest4 WHERE id=17373
	Index Scan using sbtest4_pkey on sbtest4  (cost=0.43..8.45 rows=1 width=121)
	  Index Cond: (id = 17373)

table 5 : explain SELECT c FROM sbtest5 WHERE id=7720921
	Index Scan using sbtest5_pkey on sbtest5  (cost=0.43..8.45 rows=1 width=121)
	  Index Cond: (id = 7720921)

table 6 : explain SELECT c FROM sbtest6 WHERE id=2527181
	Index Scan using sbtest6_pkey on sbtest6  (cost=0.43..8.45 rows=1 width=121)
	  Index Cond: (id = 2527181)

table 7 : explain SELECT c FROM sbtest7 WHERE id=9538406
	Index Scan using sbtest7_pkey on sbtest7  (cost=0.43..8.45 rows=1 width=121)
	  Index Cond: (id = 9538406)

table 8 : explain SELECT c FROM sbtest8 WHERE id=3961207
	Index Scan using sbtest8_pkey on sbtest8  (cost=0.43..8.45 rows=1 width=121)
	  Index Cond: (id = 3961207)

explain: for point_selects :: explain SELECT c FROM sbtest%u WHERE id=%u
for point_selects
table 1 : explain SELECT c FROM sbtest1 WHERE id=4399237
	Index Scan using sbtest1_pkey on sbtest1  (cost=0.43..8.45 rows=1 width=121)
	  Index Cond: (id = 4399237)

table 2 : explain SELECT c FROM sbtest2 WHERE id=6821779
	Index Scan using sbtest2_pkey on sbtest2  (cost=0.43..8.45 rows=1 width=121)
	  Index Cond: (id = 6821779)

table 3 : explain SELECT c FROM sbtest3 WHERE id=5555190
	Index Scan using sbtest3_pkey on sbtest3  (cost=0.43..8.45 rows=1 width=121)
	  Index Cond: (id = 5555190)

table 4 : explain SELECT c FROM sbtest4 WHERE id=6452837
	Index Scan using sbtest4_pkey on sbtest4  (cost=0.43..8.45 rows=1 width=121)
	  Index Cond: (id = 6452837)

table 5 : explain SELECT c FROM sbtest5 WHERE id=5399177
	Index Scan using sbtest5_pkey on sbtest5  (cost=0.43..8.45 rows=1 width=121)
	  Index Cond: (id = 5399177)

table 6 : explain SELECT c FROM sbtest6 WHERE id=463516
	Index Scan using sbtest6_pkey on sbtest6  (cost=0.43..8.45 rows=1 width=121)
	  Index Cond: (id = 463516)

table 7 : explain SELECT c FROM sbtest7 WHERE id=946041
	Index Scan using sbtest7_pkey on sbtest7  (cost=0.43..8.45 rows=1 width=121)
	  Index Cond: (id = 946041)

table 8 : explain SELECT c FROM sbtest8 WHERE id=636427
	Index Scan using sbtest8_pkey on sbtest8  (cost=0.43..8.45 rows=1 width=121)
	  Index Cond: (id = 636427)

for point_selects
table 1 : explain SELECT c FROM sbtest1 WHERE id=7581534
	Index Scan using sbtest1_pkey on sbtest1  (cost=0.43..8.45 rows=1 width=121)
	  Index Cond: (id = 7581534)

table 2 : explain SELECT c FROM sbtest2 WHERE id=3191436
	Index Scan using sbtest2_pkey on sbtest2  (cost=0.43..8.45 rows=1 width=121)
	  Index Cond: (id = 3191436)

table 3 : explain SELECT c FROM sbtest3 WHERE id=5743856
	Index Scan using sbtest3_pkey on sbtest3  (cost=0.43..8.45 rows=1 width=121)
	  Index Cond: (id = 5743856)

table 4 : explain SELECT c FROM sbtest4 WHERE id=2377411
	Index Scan using sbtest4_pkey on sbtest4  (cost=0.43..8.45 rows=1 width=121)
	  Index Cond: (id = 2377411)

table 5 : explain SELECT c FROM sbtest5 WHERE id=2113975
	Index Scan using sbtest5_pkey on sbtest5  (cost=0.43..8.45 rows=1 width=121)
	  Index Cond: (id = 2113975)

table 6 : explain SELECT c FROM sbtest6 WHERE id=2063973
	Index Scan using sbtest6_pkey on sbtest6  (cost=0.43..8.45 rows=1 width=121)
	  Index Cond: (id = 2063973)

table 7 : explain SELECT c FROM sbtest7 WHERE id=2357283
	Index Scan using sbtest7_pkey on sbtest7  (cost=0.43..8.45 rows=1 width=121)
	  Index Cond: (id = 2357283)

table 8 : explain SELECT c FROM sbtest8 WHERE id=5399165
	Index Scan using sbtest8_pkey on sbtest8  (cost=0.43..8.45 rows=1 width=121)
	  Index Cond: (id = 5399165)

for point_selects
table 1 : explain SELECT c FROM sbtest1 WHERE id=669800
	Index Scan using sbtest1_pkey on sbtest1  (cost=0.43..8.45 rows=1 width=121)
	  Index Cond: (id = 669800)

table 2 : explain SELECT c FROM sbtest2 WHERE id=4640013
	Index Scan using sbtest2_pkey on sbtest2  (cost=0.43..8.45 rows=1 width=121)
	  Index Cond: (id = 4640013)

table 3 : explain SELECT c FROM sbtest3 WHERE id=3955289
	Index Scan using sbtest3_pkey on sbtest3  (cost=0.43..8.45 rows=1 width=121)
	  Index Cond: (id = 3955289)

table 4 : explain SELECT c FROM sbtest4 WHERE id=9342628
	Index Scan using sbtest4_pkey on sbtest4  (cost=0.43..8.45 rows=1 width=121)
	  Index Cond: (id = 9342628)

table 5 : explain SELECT c FROM sbtest5 WHERE id=9603773
	Index Scan using sbtest5_pkey on sbtest5  (cost=0.43..8.45 rows=1 width=121)
	  Index Cond: (id = 9603773)

table 6 : explain SELECT c FROM sbtest6 WHERE id=3286731
	Index Scan using sbtest6_pkey on sbtest6  (cost=0.43..8.45 rows=1 width=121)
	  Index Cond: (id = 3286731)

table 7 : explain SELECT c FROM sbtest7 WHERE id=646147
	Index Scan using sbtest7_pkey on sbtest7  (cost=0.43..8.45 rows=1 width=121)
	  Index Cond: (id = 646147)

table 8 : explain SELECT c FROM sbtest8 WHERE id=411741
	Index Scan using sbtest8_pkey on sbtest8  (cost=0.43..8.45 rows=1 width=121)
	  Index Cond: (id = 411741)

for point_selects
table 1 : explain SELECT c FROM sbtest1 WHERE id=8037379
	Index Scan using sbtest1_pkey on sbtest1  (cost=0.43..8.45 rows=1 width=121)
	  Index Cond: (id = 8037379)

table 2 : explain SELECT c FROM sbtest2 WHERE id=8167933
	Index Scan using sbtest2_pkey on sbtest2  (cost=0.43..8.45 rows=1 width=121)
	  Index Cond: (id = 8167933)

table 3 : explain SELECT c FROM sbtest3 WHERE id=8357984
	Index Scan using sbtest3_pkey on sbtest3  (cost=0.43..8.45 rows=1 width=121)
	  Index Cond: (id = 8357984)

table 4 : explain SELECT c FROM sbtest4 WHERE id=3712464
	Index Scan using sbtest4_pkey on sbtest4  (cost=0.43..8.45 rows=1 width=121)
	  Index Cond: (id = 3712464)

table 5 : explain SELECT c FROM sbtest5 WHERE id=2521496
	Index Scan using sbtest5_pkey on sbtest5  (cost=0.43..8.45 rows=1 width=121)
	  Index Cond: (id = 2521496)

table 6 : explain SELECT c FROM sbtest6 WHERE id=244296
	Index Scan using sbtest6_pkey on sbtest6  (cost=0.43..8.45 rows=1 width=121)
	  Index Cond: (id = 244296)

table 7 : explain SELECT c FROM sbtest7 WHERE id=4475229
	Index Scan using sbtest7_pkey on sbtest7  (cost=0.43..8.45 rows=1 width=121)
	  Index Cond: (id = 4475229)

table 8 : explain SELECT c FROM sbtest8 WHERE id=18994
	Index Scan using sbtest8_pkey on sbtest8  (cost=0.43..8.45 rows=1 width=121)
	  Index Cond: (id = 18994)

for point_selects
table 1 : explain SELECT c FROM sbtest1 WHERE id=6332873
	Index Scan using sbtest1_pkey on sbtest1  (cost=0.43..8.45 rows=1 width=121)
	  Index Cond: (id = 6332873)

table 2 : explain SELECT c FROM sbtest2 WHERE id=8934129
	Index Scan using sbtest2_pkey on sbtest2  (cost=0.43..8.45 rows=1 width=121)
	  Index Cond: (id = 8934129)

table 3 : explain SELECT c FROM sbtest3 WHERE id=7136703
	Index Scan using sbtest3_pkey on sbtest3  (cost=0.43..8.45 rows=1 width=121)
	  Index Cond: (id = 7136703)

table 4 : explain SELECT c FROM sbtest4 WHERE id=9860031
	Index Scan using sbtest4_pkey on sbtest4  (cost=0.43..8.45 rows=1 width=121)
	  Index Cond: (id = 9860031)

table 5 : explain SELECT c FROM sbtest5 WHERE id=138328
	Index Scan using sbtest5_pkey on sbtest5  (cost=0.43..8.45 rows=1 width=121)
	  Index Cond: (id = 138328)

table 6 : explain SELECT c FROM sbtest6 WHERE id=945650
	Index Scan using sbtest6_pkey on sbtest6  (cost=0.43..8.45 rows=1 width=121)
	  Index Cond: (id = 945650)

table 7 : explain SELECT c FROM sbtest7 WHERE id=9321342
	Index Scan using sbtest7_pkey on sbtest7  (cost=0.43..8.45 rows=1 width=121)
	  Index Cond: (id = 9321342)

table 8 : explain SELECT c FROM sbtest8 WHERE id=3250247
	Index Scan using sbtest8_pkey on sbtest8  (cost=0.43..8.45 rows=1 width=121)
	  Index Cond: (id = 3250247)

explain: for point_selects :: explain SELECT c FROM sbtest%u WHERE id=%u
explain: for point_selects :: explain SELECT c FROM sbtest%u WHERE id=%u
for point_selects
table 1 : explain SELECT c FROM sbtest1 WHERE id=1510137
	Index Scan using sbtest1_pkey on sbtest1  (cost=0.43..8.45 rows=1 width=121)
	  Index Cond: (id = 1510137)

table 2 : explain SELECT c FROM sbtest2 WHERE id=7958178
	Index Scan using sbtest2_pkey on sbtest2  (cost=0.43..8.45 rows=1 width=121)
	  Index Cond: (id = 7958178)

table 3 : explain SELECT c FROM sbtest3 WHERE id=756479
	Index Scan using sbtest3_pkey on sbtest3  (cost=0.43..8.45 rows=1 width=121)
	  Index Cond: (id = 756479)

table 4 : explain SELECT c FROM sbtest4 WHERE id=9300235
	Index Scan using sbtest4_pkey on sbtest4  (cost=0.43..8.45 rows=1 width=121)
	  Index Cond: (id = 9300235)

table 5 : explain SELECT c FROM sbtest5 WHERE id=609403
	Index Scan using sbtest5_pkey on sbtest5  (cost=0.43..8.45 rows=1 width=121)
	  Index Cond: (id = 609403)

table 6 : explain SELECT c FROM sbtest6 WHERE id=7160445
	Index Scan using sbtest6_pkey on sbtest6  (cost=0.43..8.45 rows=1 width=121)
	  Index Cond: (id = 7160445)

table 7 : explain SELECT c FROM sbtest7 WHERE id=3370318
	Index Scan using sbtest7_pkey on sbtest7  (cost=0.43..8.45 rows=1 width=121)
	  Index Cond: (id = 3370318)

table 8 : explain SELECT c FROM sbtest8 WHERE id=6924387
	Index Scan using sbtest8_pkey on sbtest8  (cost=0.43..8.45 rows=1 width=121)
	  Index Cond: (id = 6924387)

explain: for point_selects :: explain SELECT c FROM sbtest%u WHERE id=%u
explain: for point_selects :: explain SELECT c FROM sbtest%u WHERE id=%u
explain: for point_selects :: explain SELECT c FROM sbtest%u WHERE id=%u
for point_selects
table 1 : explain SELECT c FROM sbtest1 WHERE id=3649659
	Index Scan using sbtest1_pkey on sbtest1  (cost=0.43..8.45 rows=1 width=121)
	  Index Cond: (id = 3649659)

table 2 : explain SELECT c FROM sbtest2 WHERE id=3240207
	Index Scan using sbtest2_pkey on sbtest2  (cost=0.43..8.45 rows=1 width=121)
	  Index Cond: (id = 3240207)

table 3 : explain SELECT c FROM sbtest3 WHERE id=3052336
	Index Scan using sbtest3_pkey on sbtest3  (cost=0.43..8.45 rows=1 width=121)
	  Index Cond: (id = 3052336)

table 4 : explain SELECT c FROM sbtest4 WHERE id=840798
	Index Scan using sbtest4_pkey on sbtest4  (cost=0.43..8.45 rows=1 width=121)
	  Index Cond: (id = 840798)

table 5 : explain SELECT c FROM sbtest5 WHERE id=9332824
	Index Scan using sbtest5_pkey on sbtest5  (cost=0.43..8.45 rows=1 width=121)
	  Index Cond: (id = 9332824)

table 6 : explain SELECT c FROM sbtest6 WHERE id=4796841
	Index Scan using sbtest6_pkey on sbtest6  (cost=0.43..8.45 rows=1 width=121)
	  Index Cond: (id = 4796841)

table 7 : explain SELECT c FROM sbtest7 WHERE id=9224181
	Index Scan using sbtest7_pkey on sbtest7  (cost=0.43..8.45 rows=1 width=121)
	  Index Cond: (id = 9224181)

table 8 : explain SELECT c FROM sbtest8 WHERE id=2135595
	Index Scan using sbtest8_pkey on sbtest8  (cost=0.43..8.45 rows=1 width=121)
	  Index Cond: (id = 2135595)

explain: for point_selects :: explain SELECT c FROM sbtest%u WHERE id=%u
for point_selects
table 1 : explain SELECT c FROM sbtest1 WHERE id=4023265
	Index Scan using sbtest1_pkey on sbtest1  (cost=0.43..8.45 rows=1 width=121)
	  Index Cond: (id = 4023265)

table 2 : explain SELECT c FROM sbtest2 WHERE id=1171993
	Index Scan using sbtest2_pkey on sbtest2  (cost=0.43..8.45 rows=1 width=121)
	  Index Cond: (id = 1171993)

table 3 : explain SELECT c FROM sbtest3 WHERE id=4780126
	Index Scan using sbtest3_pkey on sbtest3  (cost=0.43..8.45 rows=1 width=121)
	  Index Cond: (id = 4780126)

table 4 : explain SELECT c FROM sbtest4 WHERE id=337736
	Index Scan using sbtest4_pkey on sbtest4  (cost=0.43..8.45 rows=1 width=121)
	  Index Cond: (id = 337736)

table 5 : explain SELECT c FROM sbtest5 WHERE id=7154012
	Index Scan using sbtest5_pkey on sbtest5  (cost=0.43..8.45 rows=1 width=121)
	  Index Cond: (id = 7154012)

table 6 : explain SELECT c FROM sbtest6 WHERE id=9157128
	Index Scan using sbtest6_pkey on sbtest6  (cost=0.43..8.45 rows=1 width=121)
	  Index Cond: (id = 9157128)

table 7 : explain SELECT c FROM sbtest7 WHERE id=5255002
	Index Scan using sbtest7_pkey on sbtest7  (cost=0.43..8.45 rows=1 width=121)
	  Index Cond: (id = 5255002)

table 8 : explain SELECT c FROM sbtest8 WHERE id=420754
	Index Scan using sbtest8_pkey on sbtest8  (cost=0.43..8.45 rows=1 width=121)
	  Index Cond: (id = 420754)

for point_selects
table 1 : explain SELECT c FROM sbtest1 WHERE id=1074539
	Index Scan using sbtest1_pkey on sbtest1  (cost=0.43..8.45 rows=1 width=121)
	  Index Cond: (id = 1074539)

table 2 : explain SELECT c FROM sbtest2 WHERE id=6708653
	Index Scan using sbtest2_pkey on sbtest2  (cost=0.43..8.45 rows=1 width=121)
	  Index Cond: (id = 6708653)

table 3 : explain SELECT c FROM sbtest3 WHERE id=1721279
	Index Scan using sbtest3_pkey on sbtest3  (cost=0.43..8.45 rows=1 width=121)
	  Index Cond: (id = 1721279)

table 4 : explain SELECT c FROM sbtest4 WHERE id=5719786
	Index Scan using sbtest4_pkey on sbtest4  (cost=0.43..8.45 rows=1 width=121)
	  Index Cond: (id = 5719786)

table 5 : explain SELECT c FROM sbtest5 WHERE id=3127065
	Index Scan using sbtest5_pkey on sbtest5  (cost=0.43..8.45 rows=1 width=121)
	  Index Cond: (id = 3127065)

table 6 : explain SELECT c FROM sbtest6 WHERE id=4439732
	Index Scan using sbtest6_pkey on sbtest6  (cost=0.43..8.45 rows=1 width=121)
	  Index Cond: (id = 4439732)

table 7 : explain SELECT c FROM sbtest7 WHERE id=3006213
	Index Scan using sbtest7_pkey on sbtest7  (cost=0.43..8.45 rows=1 width=121)
	  Index Cond: (id = 3006213)

table 8 : explain SELECT c FROM sbtest8 WHERE id=9701808
	Index Scan using sbtest8_pkey on sbtest8  (cost=0.43..8.45 rows=1 width=121)
	  Index Cond: (id = 9701808)

for point_selects
table 1 : explain SELECT c FROM sbtest1 WHERE id=6726121
	Index Scan using sbtest1_pkey on sbtest1  (cost=0.43..8.45 rows=1 width=121)
	  Index Cond: (id = 6726121)

table 2 : explain SELECT c FROM sbtest2 WHERE id=7953256
	Index Scan using sbtest2_pkey on sbtest2  (cost=0.43..8.45 rows=1 width=121)
	  Index Cond: (id = 7953256)

table 3 : explain SELECT c FROM sbtest3 WHERE id=7651725
	Index Scan using sbtest3_pkey on sbtest3  (cost=0.43..8.45 rows=1 width=121)
	  Index Cond: (id = 7651725)

table 4 : explain SELECT c FROM sbtest4 WHERE id=2418231
	Index Scan using sbtest4_pkey on sbtest4  (cost=0.43..8.45 rows=1 width=121)
	  Index Cond: (id = 2418231)

table 5 : explain SELECT c FROM sbtest5 WHERE id=8508220
	Index Scan using sbtest5_pkey on sbtest5  (cost=0.43..8.45 rows=1 width=121)
	  Index Cond: (id = 8508220)

table 6 : explain SELECT c FROM sbtest6 WHERE id=8520328
	Index Scan using sbtest6_pkey on sbtest6  (cost=0.43..8.45 rows=1 width=121)
	  Index Cond: (id = 8520328)

table 7 : explain SELECT c FROM sbtest7 WHERE id=8638959
	Index Scan using sbtest7_pkey on sbtest7  (cost=0.43..8.45 rows=1 width=121)
	  Index Cond: (id = 8638959)

table 8 : explain SELECT c FROM sbtest8 WHERE id=2049740
	Index Scan using sbtest8_pkey on sbtest8  (cost=0.43..8.45 rows=1 width=121)
	  Index Cond: (id = 2049740)

for point_selects
table 1 : explain SELECT c FROM sbtest1 WHERE id=3189740
	Index Scan using sbtest1_pkey on sbtest1  (cost=0.43..8.45 rows=1 width=121)
	  Index Cond: (id = 3189740)

table 2 : explain SELECT c FROM sbtest2 WHERE id=7010087
	Index Scan using sbtest2_pkey on sbtest2  (cost=0.43..8.45 rows=1 width=121)
	  Index Cond: (id = 7010087)

table 3 : explain SELECT c FROM sbtest3 WHERE id=5807119
	Index Scan using sbtest3_pkey on sbtest3  (cost=0.43..8.45 rows=1 width=121)
	  Index Cond: (id = 5807119)

table 4 : explain SELECT c FROM sbtest4 WHERE id=831620
	Index Scan using sbtest4_pkey on sbtest4  (cost=0.43..8.45 rows=1 width=121)
	  Index Cond: (id = 831620)

table 5 : explain SELECT c FROM sbtest5 WHERE id=9756467
	Index Scan using sbtest5_pkey on sbtest5  (cost=0.43..8.45 rows=1 width=121)
	  Index Cond: (id = 9756467)

table 6 : explain SELECT c FROM sbtest6 WHERE id=6374629
	Index Scan using sbtest6_pkey on sbtest6  (cost=0.43..8.45 rows=1 width=121)
	  Index Cond: (id = 6374629)

table 7 : explain SELECT c FROM sbtest7 WHERE id=3692196
	Index Scan using sbtest7_pkey on sbtest7  (cost=0.43..8.45 rows=1 width=121)
	  Index Cond: (id = 3692196)

table 8 : explain SELECT c FROM sbtest8 WHERE id=9723785
	Index Scan using sbtest8_pkey on sbtest8  (cost=0.43..8.45 rows=1 width=121)
	  Index Cond: (id = 9723785)

explain: for point_selects :: explain SELECT c FROM sbtest%u WHERE id=%u
explain: for point_selects :: explain SELECT c FROM sbtest%u WHERE id=%u
for point_selects
table 1 : explain SELECT c FROM sbtest1 WHERE id=4299945
	Index Scan using sbtest1_pkey on sbtest1  (cost=0.43..8.45 rows=1 width=121)
	  Index Cond: (id = 4299945)

table 2 : explain SELECT c FROM sbtest2 WHERE id=2197565
	Index Scan using sbtest2_pkey on sbtest2  (cost=0.43..8.45 rows=1 width=121)
	  Index Cond: (id = 2197565)

table 3 : explain SELECT c FROM sbtest3 WHERE id=135294
	Index Scan using sbtest3_pkey on sbtest3  (cost=0.43..8.45 rows=1 width=121)
	  Index Cond: (id = 135294)

table 4 : explain SELECT c FROM sbtest4 WHERE id=8664148
	Index Scan using sbtest4_pkey on sbtest4  (cost=0.43..8.45 rows=1 width=121)
	  Index Cond: (id = 8664148)

table 5 : explain SELECT c FROM sbtest5 WHERE id=6271423
	Index Scan using sbtest5_pkey on sbtest5  (cost=0.43..8.45 rows=1 width=121)
	  Index Cond: (id = 6271423)

table 6 : explain SELECT c FROM sbtest6 WHERE id=497788
	Index Scan using sbtest6_pkey on sbtest6  (cost=0.43..8.45 rows=1 width=121)
	  Index Cond: (id = 497788)

table 7 : explain SELECT c FROM sbtest7 WHERE id=2558970
	Index Scan using sbtest7_pkey on sbtest7  (cost=0.43..8.45 rows=1 width=121)
	  Index Cond: (id = 2558970)

table 8 : explain SELECT c FROM sbtest8 WHERE id=7797427
	Index Scan using sbtest8_pkey on sbtest8  (cost=0.43..8.45 rows=1 width=121)
	  Index Cond: (id = 7797427)

explain: for point_selects :: explain SELECT c FROM sbtest%u WHERE id=%u
explain: for point_selects :: explain SELECT c FROM sbtest%u WHERE id=%u
for point_selects
table 1 : explain SELECT c FROM sbtest1 WHERE id=8339123
	Index Scan using sbtest1_pkey on sbtest1  (cost=0.43..8.45 rows=1 width=121)
	  Index Cond: (id = 8339123)

table 2 : explain SELECT c FROM sbtest2 WHERE id=7948886
	Index Scan using sbtest2_pkey on sbtest2  (cost=0.43..8.45 rows=1 width=121)
	  Index Cond: (id = 7948886)

table 3 : explain SELECT c FROM sbtest3 WHERE id=6461964
	Index Scan using sbtest3_pkey on sbtest3  (cost=0.43..8.45 rows=1 width=121)
	  Index Cond: (id = 6461964)

table 4 : explain SELECT c FROM sbtest4 WHERE id=7150289
	Index Scan using sbtest4_pkey on sbtest4  (cost=0.43..8.45 rows=1 width=121)
	  Index Cond: (id = 7150289)

table 5 : explain SELECT c FROM sbtest5 WHERE id=3925243
	Index Scan using sbtest5_pkey on sbtest5  (cost=0.43..8.45 rows=1 width=121)
	  Index Cond: (id = 3925243)

table 6 : explain SELECT c FROM sbtest6 WHERE id=1728264
	Index Scan using sbtest6_pkey on sbtest6  (cost=0.43..8.45 rows=1 width=121)
	  Index Cond: (id = 1728264)

table 7 : explain SELECT c FROM sbtest7 WHERE id=7339545
	Index Scan using sbtest7_pkey on sbtest7  (cost=0.43..8.45 rows=1 width=121)
	  Index Cond: (id = 7339545)

table 8 : explain SELECT c FROM sbtest8 WHERE id=3497125
	Index Scan using sbtest8_pkey on sbtest8  (cost=0.43..8.45 rows=1 width=121)
	  Index Cond: (id = 3497125)

for point_selects
table 1 : explain SELECT c FROM sbtest1 WHERE id=6783815
	Index Scan using sbtest1_pkey on sbtest1  (cost=0.43..8.45 rows=1 width=121)
	  Index Cond: (id = 6783815)

table 2 : explain SELECT c FROM sbtest2 WHERE id=4008261
	Index Scan using sbtest2_pkey on sbtest2  (cost=0.43..8.45 rows=1 width=121)
	  Index Cond: (id = 4008261)

table 3 : explain SELECT c FROM sbtest3 WHERE id=9662333
	Index Scan using sbtest3_pkey on sbtest3  (cost=0.43..8.45 rows=1 width=121)
	  Index Cond: (id = 9662333)

table 4 : explain SELECT c FROM sbtest4 WHERE id=5631549
	Index Scan using sbtest4_pkey on sbtest4  (cost=0.43..8.45 rows=1 width=121)
	  Index Cond: (id = 5631549)

table 5 : explain SELECT c FROM sbtest5 WHERE id=2194687
	Index Scan using sbtest5_pkey on sbtest5  (cost=0.43..8.45 rows=1 width=121)
	  Index Cond: (id = 2194687)

table 6 : explain SELECT c FROM sbtest6 WHERE id=7624460
	Index Scan using sbtest6_pkey on sbtest6  (cost=0.43..8.45 rows=1 width=121)
	  Index Cond: (id = 7624460)

table 7 : explain SELECT c FROM sbtest7 WHERE id=9324381
	Index Scan using sbtest7_pkey on sbtest7  (cost=0.43..8.45 rows=1 width=121)
	  Index Cond: (id = 9324381)

table 8 : explain SELECT c FROM sbtest8 WHERE id=9743972
	Index Scan using sbtest8_pkey on sbtest8  (cost=0.43..8.45 rows=1 width=121)
	  Index Cond: (id = 9743972)

explain: for point_selects :: explain SELECT c FROM sbtest%u WHERE id=%u
explain: for point_selects :: explain SELECT c FROM sbtest%u WHERE id=%u
for point_selects
table 1 : explain SELECT c FROM sbtest1 WHERE id=868917
	Index Scan using sbtest1_pkey on sbtest1  (cost=0.43..8.45 rows=1 width=121)
	  Index Cond: (id = 868917)

table 2 : explain SELECT c FROM sbtest2 WHERE id=3022224
	Index Scan using sbtest2_pkey on sbtest2  (cost=0.43..8.45 rows=1 width=121)
	  Index Cond: (id = 3022224)

table 3 : explain SELECT c FROM sbtest3 WHERE id=1013310
	Index Scan using sbtest3_pkey on sbtest3  (cost=0.43..8.45 rows=1 width=121)
	  Index Cond: (id = 1013310)

table 4 : explain SELECT c FROM sbtest4 WHERE id=8668332
	Index Scan using sbtest4_pkey on sbtest4  (cost=0.43..8.45 rows=1 width=121)
	  Index Cond: (id = 8668332)

table 5 : explain SELECT c FROM sbtest5 WHERE id=4008028
	Index Scan using sbtest5_pkey on sbtest5  (cost=0.43..8.45 rows=1 width=121)
	  Index Cond: (id = 4008028)

table 6 : explain SELECT c FROM sbtest6 WHERE id=5312003
	Index Scan using sbtest6_pkey on sbtest6  (cost=0.43..8.45 rows=1 width=121)
	  Index Cond: (id = 5312003)

table 7 : explain SELECT c FROM sbtest7 WHERE id=4737219
	Index Scan using sbtest7_pkey on sbtest7  (cost=0.43..8.45 rows=1 width=121)
	  Index Cond: (id = 4737219)

table 8 : explain SELECT c FROM sbtest8 WHERE id=7663455
	Index Scan using sbtest8_pkey on sbtest8  (cost=0.43..8.45 rows=1 width=121)
	  Index Cond: (id = 7663455)

explain: for point_selects :: explain SELECT c FROM sbtest%u WHERE id=%u
for point_selects
table 1 : explain SELECT c FROM sbtest1 WHERE id=8020248
	Index Scan using sbtest1_pkey on sbtest1  (cost=0.43..8.45 rows=1 width=121)
	  Index Cond: (id = 8020248)

table 2 : explain SELECT c FROM sbtest2 WHERE id=5734829
	Index Scan using sbtest2_pkey on sbtest2  (cost=0.43..8.45 rows=1 width=121)
	  Index Cond: (id = 5734829)

table 3 : explain SELECT c FROM sbtest3 WHERE id=1275933
	Index Scan using sbtest3_pkey on sbtest3  (cost=0.43..8.45 rows=1 width=121)
	  Index Cond: (id = 1275933)

table 4 : explain SELECT c FROM sbtest4 WHERE id=57553
	Index Scan using sbtest4_pkey on sbtest4  (cost=0.43..8.45 rows=1 width=121)
	  Index Cond: (id = 57553)

table 5 : explain SELECT c FROM sbtest5 WHERE id=4057838
	Index Scan using sbtest5_pkey on sbtest5  (cost=0.43..8.45 rows=1 width=121)
	  Index Cond: (id = 4057838)

table 6 : explain SELECT c FROM sbtest6 WHERE id=7522666
	Index Scan using sbtest6_pkey on sbtest6  (cost=0.43..8.45 rows=1 width=121)
	  Index Cond: (id = 7522666)

table 7 : explain SELECT c FROM sbtest7 WHERE id=8250689
	Index Scan using sbtest7_pkey on sbtest7  (cost=0.43..8.45 rows=1 width=121)
	  Index Cond: (id = 8250689)

table 8 : explain SELECT c FROM sbtest8 WHERE id=8258261
	Index Scan using sbtest8_pkey on sbtest8  (cost=0.43..8.45 rows=1 width=121)
	  Index Cond: (id = 8258261)

explain: for point_selects :: explain SELECT c FROM sbtest%u WHERE id=%u
for point_selects
table 1 : explain SELECT c FROM sbtest1 WHERE id=4231450
	Index Scan using sbtest1_pkey on sbtest1  (cost=0.43..8.45 rows=1 width=121)
	  Index Cond: (id = 4231450)

table 2 : explain SELECT c FROM sbtest2 WHERE id=2619309
	Index Scan using sbtest2_pkey on sbtest2  (cost=0.43..8.45 rows=1 width=121)
	  Index Cond: (id = 2619309)

table 3 : explain SELECT c FROM sbtest3 WHERE id=7088139
	Index Scan using sbtest3_pkey on sbtest3  (cost=0.43..8.45 rows=1 width=121)
	  Index Cond: (id = 7088139)

table 4 : explain SELECT c FROM sbtest4 WHERE id=4416844
	Index Scan using sbtest4_pkey on sbtest4  (cost=0.43..8.45 rows=1 width=121)
	  Index Cond: (id = 4416844)

table 5 : explain SELECT c FROM sbtest5 WHERE id=7095989
	Index Scan using sbtest5_pkey on sbtest5  (cost=0.43..8.45 rows=1 width=121)
	  Index Cond: (id = 7095989)

table 6 : explain SELECT c FROM sbtest6 WHERE id=641770
	Index Scan using sbtest6_pkey on sbtest6  (cost=0.43..8.45 rows=1 width=121)
	  Index Cond: (id = 641770)

table 7 : explain SELECT c FROM sbtest7 WHERE id=2691894
	Index Scan using sbtest7_pkey on sbtest7  (cost=0.43..8.45 rows=1 width=121)
	  Index Cond: (id = 2691894)

table 8 : explain SELECT c FROM sbtest8 WHERE id=4617064
	Index Scan using sbtest8_pkey on sbtest8  (cost=0.43..8.45 rows=1 width=121)
	  Index Cond: (id = 4617064)

for point_selects
table 1 : explain SELECT c FROM sbtest1 WHERE id=8347822
	Index Scan using sbtest1_pkey on sbtest1  (cost=0.43..8.45 rows=1 width=121)
	  Index Cond: (id = 8347822)

table 2 : explain SELECT c FROM sbtest2 WHERE id=8967605
	Index Scan using sbtest2_pkey on sbtest2  (cost=0.43..8.45 rows=1 width=121)
	  Index Cond: (id = 8967605)

table 3 : explain SELECT c FROM sbtest3 WHERE id=6655582
	Index Scan using sbtest3_pkey on sbtest3  (cost=0.43..8.45 rows=1 width=121)
	  Index Cond: (id = 6655582)

table 4 : explain SELECT c FROM sbtest4 WHERE id=8632951
	Index Scan using sbtest4_pkey on sbtest4  (cost=0.43..8.45 rows=1 width=121)
	  Index Cond: (id = 8632951)

table 5 : explain SELECT c FROM sbtest5 WHERE id=340610
	Index Scan using sbtest5_pkey on sbtest5  (cost=0.43..8.45 rows=1 width=121)
	  Index Cond: (id = 340610)

table 6 : explain SELECT c FROM sbtest6 WHERE id=1559053
	Index Scan using sbtest6_pkey on sbtest6  (cost=0.43..8.45 rows=1 width=121)
	  Index Cond: (id = 1559053)

table 7 : explain SELECT c FROM sbtest7 WHERE id=4758102
	Index Scan using sbtest7_pkey on sbtest7  (cost=0.43..8.45 rows=1 width=121)
	  Index Cond: (id = 4758102)

table 8 : explain SELECT c FROM sbtest8 WHERE id=6418644
	Index Scan using sbtest8_pkey on sbtest8  (cost=0.43..8.45 rows=1 width=121)
	  Index Cond: (id = 6418644)

explain: for point_selects :: explain SELECT c FROM sbtest%u WHERE id=%u
for point_selects
table 1 : explain SELECT c FROM sbtest1 WHERE id=5619571
	Index Scan using sbtest1_pkey on sbtest1  (cost=0.43..8.45 rows=1 width=121)
	  Index Cond: (id = 5619571)

table 2 : explain SELECT c FROM sbtest2 WHERE id=5437904
	Index Scan using sbtest2_pkey on sbtest2  (cost=0.43..8.45 rows=1 width=121)
	  Index Cond: (id = 5437904)

table 3 : explain SELECT c FROM sbtest3 WHERE id=7757376
	Index Scan using sbtest3_pkey on sbtest3  (cost=0.43..8.45 rows=1 width=121)
	  Index Cond: (id = 7757376)

table 4 : explain SELECT c FROM sbtest4 WHERE id=8385871
	Index Scan using sbtest4_pkey on sbtest4  (cost=0.43..8.45 rows=1 width=121)
	  Index Cond: (id = 8385871)

table 5 : explain SELECT c FROM sbtest5 WHERE id=9389350
	Index Scan using sbtest5_pkey on sbtest5  (cost=0.43..8.45 rows=1 width=121)
	  Index Cond: (id = 9389350)

table 6 : explain SELECT c FROM sbtest6 WHERE id=8988810
	Index Scan using sbtest6_pkey on sbtest6  (cost=0.43..8.45 rows=1 width=121)
	  Index Cond: (id = 8988810)

table 7 : explain SELECT c FROM sbtest7 WHERE id=5233058
	Index Scan using sbtest7_pkey on sbtest7  (cost=0.43..8.45 rows=1 width=121)
	  Index Cond: (id = 5233058)

table 8 : explain SELECT c FROM sbtest8 WHERE id=3686806
	Index Scan using sbtest8_pkey on sbtest8  (cost=0.43..8.45 rows=1 width=121)
	  Index Cond: (id = 3686806)

explain: for point_selects :: explain SELECT c FROM sbtest%u WHERE id=%u
explain: for point_selects :: explain SELECT c FROM sbtest%u WHERE id=%u
explain: for point_selects :: explain SELECT c FROM sbtest%u WHERE id=%u
explain: for point_selects :: explain SELECT c FROM sbtest%u WHERE id=%u
for point_selects
table 1 : explain SELECT c FROM sbtest1 WHERE id=9110987
	Index Scan using sbtest1_pkey on sbtest1  (cost=0.43..8.45 rows=1 width=121)
	  Index Cond: (id = 9110987)

table 2 : explain SELECT c FROM sbtest2 WHERE id=7795605
	Index Scan using sbtest2_pkey on sbtest2  (cost=0.43..8.45 rows=1 width=121)
	  Index Cond: (id = 7795605)

table 3 : explain SELECT c FROM sbtest3 WHERE id=4659199
	Index Scan using sbtest3_pkey on sbtest3  (cost=0.43..8.45 rows=1 width=121)
	  Index Cond: (id = 4659199)

table 4 : explain SELECT c FROM sbtest4 WHERE id=3784707
	Index Scan using sbtest4_pkey on sbtest4  (cost=0.43..8.45 rows=1 width=121)
	  Index Cond: (id = 3784707)

table 5 : explain SELECT c FROM sbtest5 WHERE id=2917615
	Index Scan using sbtest5_pkey on sbtest5  (cost=0.43..8.45 rows=1 width=121)
	  Index Cond: (id = 2917615)

table 6 : explain SELECT c FROM sbtest6 WHERE id=1426398
	Index Scan using sbtest6_pkey on sbtest6  (cost=0.43..8.45 rows=1 width=121)
	  Index Cond: (id = 1426398)

table 7 : explain SELECT c FROM sbtest7 WHERE id=2790702
	Index Scan using sbtest7_pkey on sbtest7  (cost=0.43..8.45 rows=1 width=121)
	  Index Cond: (id = 2790702)

table 8 : explain SELECT c FROM sbtest8 WHERE id=160444
	Index Scan using sbtest8_pkey on sbtest8  (cost=0.43..8.45 rows=1 width=121)
	  Index Cond: (id = 160444)

for point_selects
table 1 : explain SELECT c FROM sbtest1 WHERE id=37030
	Index Scan using sbtest1_pkey on sbtest1  (cost=0.43..8.45 rows=1 width=121)
	  Index Cond: (id = 37030)

table 2 : explain SELECT c FROM sbtest2 WHERE id=3167129
	Index Scan using sbtest2_pkey on sbtest2  (cost=0.43..8.45 rows=1 width=121)
	  Index Cond: (id = 3167129)

table 3 : explain SELECT c FROM sbtest3 WHERE id=9696557
	Index Scan using sbtest3_pkey on sbtest3  (cost=0.43..8.45 rows=1 width=121)
	  Index Cond: (id = 9696557)

table 4 : explain SELECT c FROM sbtest4 WHERE id=480633
	Index Scan using sbtest4_pkey on sbtest4  (cost=0.43..8.45 rows=1 width=121)
	  Index Cond: (id = 480633)

table 5 : explain SELECT c FROM sbtest5 WHERE id=6677878
	Index Scan using sbtest5_pkey on sbtest5  (cost=0.43..8.45 rows=1 width=121)
	  Index Cond: (id = 6677878)

table 6 : explain SELECT c FROM sbtest6 WHERE id=4904932
	Index Scan using sbtest6_pkey on sbtest6  (cost=0.43..8.45 rows=1 width=121)
	  Index Cond: (id = 4904932)

table 7 : explain SELECT c FROM sbtest7 WHERE id=1913918
	Index Scan using sbtest7_pkey on sbtest7  (cost=0.43..8.45 rows=1 width=121)
	  Index Cond: (id = 1913918)

table 8 : explain SELECT c FROM sbtest8 WHERE id=6023210
	Index Scan using sbtest8_pkey on sbtest8  (cost=0.43..8.45 rows=1 width=121)
	  Index Cond: (id = 6023210)

for point_selects
table 1 : explain SELECT c FROM sbtest1 WHERE id=7967161
	Index Scan using sbtest1_pkey on sbtest1  (cost=0.43..8.45 rows=1 width=121)
	  Index Cond: (id = 7967161)

table 2 : explain SELECT c FROM sbtest2 WHERE id=37153
	Index Scan using sbtest2_pkey on sbtest2  (cost=0.43..8.45 rows=1 width=121)
	  Index Cond: (id = 37153)

table 3 : explain SELECT c FROM sbtest3 WHERE id=3014698
	Index Scan using sbtest3_pkey on sbtest3  (cost=0.43..8.45 rows=1 width=121)
	  Index Cond: (id = 3014698)

table 4 : explain SELECT c FROM sbtest4 WHERE id=499184
	Index Scan using sbtest4_pkey on sbtest4  (cost=0.43..8.45 rows=1 width=121)
	  Index Cond: (id = 499184)

table 5 : explain SELECT c FROM sbtest5 WHERE id=9850684
	Index Scan using sbtest5_pkey on sbtest5  (cost=0.43..8.45 rows=1 width=121)
	  Index Cond: (id = 9850684)

table 6 : explain SELECT c FROM sbtest6 WHERE id=8602716
	Index Scan using sbtest6_pkey on sbtest6  (cost=0.43..8.45 rows=1 width=121)
	  Index Cond: (id = 8602716)

table 7 : explain SELECT c FROM sbtest7 WHERE id=3329978
	Index Scan using sbtest7_pkey on sbtest7  (cost=0.43..8.45 rows=1 width=121)
	  Index Cond: (id = 3329978)

table 8 : explain SELECT c FROM sbtest8 WHERE id=8726904
	Index Scan using sbtest8_pkey on sbtest8  (cost=0.43..8.45 rows=1 width=121)
	  Index Cond: (id = 8726904)

explain: for point_selects :: explain SELECT c FROM sbtest%u WHERE id=%u
for point_selects
table 1 : explain SELECT c FROM sbtest1 WHERE id=5655561
	Index Scan using sbtest1_pkey on sbtest1  (cost=0.43..8.45 rows=1 width=121)
	  Index Cond: (id = 5655561)

table 2 : explain SELECT c FROM sbtest2 WHERE id=5098249
	Index Scan using sbtest2_pkey on sbtest2  (cost=0.43..8.45 rows=1 width=121)
	  Index Cond: (id = 5098249)

table 3 : explain SELECT c FROM sbtest3 WHERE id=2730223
	Index Scan using sbtest3_pkey on sbtest3  (cost=0.43..8.45 rows=1 width=121)
	  Index Cond: (id = 2730223)

table 4 : explain SELECT c FROM sbtest4 WHERE id=3796352
	Index Scan using sbtest4_pkey on sbtest4  (cost=0.43..8.45 rows=1 width=121)
	  Index Cond: (id = 3796352)

table 5 : explain SELECT c FROM sbtest5 WHERE id=2860337
	Index Scan using sbtest5_pkey on sbtest5  (cost=0.43..8.45 rows=1 width=121)
	  Index Cond: (id = 2860337)

table 6 : explain SELECT c FROM sbtest6 WHERE id=9496253
	Index Scan using sbtest6_pkey on sbtest6  (cost=0.43..8.45 rows=1 width=121)
	  Index Cond: (id = 9496253)

table 7 : explain SELECT c FROM sbtest7 WHERE id=4120720
	Index Scan using sbtest7_pkey on sbtest7  (cost=0.43..8.45 rows=1 width=121)
	  Index Cond: (id = 4120720)

table 8 : explain SELECT c FROM sbtest8 WHERE id=1910603
	Index Scan using sbtest8_pkey on sbtest8  (cost=0.43..8.45 rows=1 width=121)
	  Index Cond: (id = 1910603)

explain: for point_selects :: explain SELECT c FROM sbtest%u WHERE id=%u
for point_selects
table 1 : explain SELECT c FROM sbtest1 WHERE id=7688841
	Index Scan using sbtest1_pkey on sbtest1  (cost=0.43..8.45 rows=1 width=121)
	  Index Cond: (id = 7688841)

table 2 : explain SELECT c FROM sbtest2 WHERE id=3060067
	Index Scan using sbtest2_pkey on sbtest2  (cost=0.43..8.45 rows=1 width=121)
	  Index Cond: (id = 3060067)

table 3 : explain SELECT c FROM sbtest3 WHERE id=2817186
	Index Scan using sbtest3_pkey on sbtest3  (cost=0.43..8.45 rows=1 width=121)
	  Index Cond: (id = 2817186)

table 4 : explain SELECT c FROM sbtest4 WHERE id=4391511
	Index Scan using sbtest4_pkey on sbtest4  (cost=0.43..8.45 rows=1 width=121)
	  Index Cond: (id = 4391511)

table 5 : explain SELECT c FROM sbtest5 WHERE id=4912619
	Index Scan using sbtest5_pkey on sbtest5  (cost=0.43..8.45 rows=1 width=121)
	  Index Cond: (id = 4912619)

table 6 : explain SELECT c FROM sbtest6 WHERE id=5735668
	Index Scan using sbtest6_pkey on sbtest6  (cost=0.43..8.45 rows=1 width=121)
	  Index Cond: (id = 5735668)

table 7 : explain SELECT c FROM sbtest7 WHERE id=1895953
	Index Scan using sbtest7_pkey on sbtest7  (cost=0.43..8.45 rows=1 width=121)
	  Index Cond: (id = 1895953)

table 8 : explain SELECT c FROM sbtest8 WHERE id=5836926
	Index Scan using sbtest8_pkey on sbtest8  (cost=0.43..8.45 rows=1 width=121)
	  Index Cond: (id = 5836926)

explain: for point_selects :: explain SELECT c FROM sbtest%u WHERE id=%ufor point_selects
table 1 : explain SELECT c FROM sbtest1 WHERE id=2779089
	Index Scan using sbtest1_pkey on sbtest1  (cost=0.43..8.45 rows=1 width=121)
	  Index Cond: (id = 2779089)

table 2 : explain SELECT c FROM sbtest2 WHERE id=5234377
	Index Scan using sbtest2_pkey on sbtest2  (cost=0.43..8.45 rows=1 width=121)
	  Index Cond: (id = 5234377)

table 3 : explain SELECT c FROM sbtest3 WHERE id=761442
	Index Scan using sbtest3_pkey on sbtest3  (cost=0.43..8.45 rows=1 width=121)
	  Index Cond: (id = 761442)

table 4 : explain SELECT c FROM sbtest4 WHERE id=2674318
	Index Scan using sbtest4_pkey on sbtest4  (cost=0.43..8.45 rows=1 width=121)
	  Index Cond: (id = 2674318)

table 5 : explain SELECT c FROM sbtest5 WHERE id=4446750
	Index Scan using sbtest5_pkey on sbtest5  (cost=0.43..8.45 rows=1 width=121)
	  Index Cond: (id = 4446750)

table 6 : explain SELECT c FROM sbtest6 WHERE id=1662596
	Index Scan using sbtest6_pkey on sbtest6  (cost=0.43..8.45 rows=1 width=121)
	  Index Cond: (id = 1662596)

table 7 : explain SELECT c FROM sbtest7 WHERE id=8304496
	Index Scan using sbtest7_pkey on sbtest7  (cost=0.43..8.45 rows=1 width=121)
	  Index Cond: (id = 8304496)

table 8 : explain SELECT c FROM sbtest8 WHERE id=5233145
	Index Scan using sbtest8_pkey on sbtest8  (cost=0.43..8.45 rows=1 width=121)
	  Index Cond: (id = 5233145)


explain: for point_selects :: explain SELECT c FROM sbtest%u WHERE id=%u
for point_selects
table 1 : explain SELECT c FROM sbtest1 WHERE id=3033925
	Index Scan using sbtest1_pkey on sbtest1  (cost=0.43..8.45 rows=1 width=121)
	  Index Cond: (id = 3033925)

table 2 : explain SELECT c FROM sbtest2 WHERE id=344332
	Index Scan using sbtest2_pkey on sbtest2  (cost=0.43..8.45 rows=1 width=121)
	  Index Cond: (id = 344332)

table 3 : explain SELECT c FROM sbtest3 WHERE id=8349995
	Index Scan using sbtest3_pkey on sbtest3  (cost=0.43..8.45 rows=1 width=121)
	  Index Cond: (id = 8349995)

table 4 : explain SELECT c FROM sbtest4 WHERE id=8300836
	Index Scan using sbtest4_pkey on sbtest4  (cost=0.43..8.45 rows=1 width=121)
	  Index Cond: (id = 8300836)

table 5 : explain SELECT c FROM sbtest5 WHERE id=9468815
	Index Scan using sbtest5_pkey on sbtest5  (cost=0.43..8.45 rows=1 width=121)
	  Index Cond: (id = 9468815)

table 6 : explain SELECT c FROM sbtest6 WHERE id=6960118
	Index Scan using sbtest6_pkey on sbtest6  (cost=0.43..8.45 rows=1 width=121)
	  Index Cond: (id = 6960118)

table 7 : explain SELECT c FROM sbtest7 WHERE id=8037864
	Index Scan using sbtest7_pkey on sbtest7  (cost=0.43..8.45 rows=1 width=121)
	  Index Cond: (id = 8037864)

table 8 : explain SELECT c FROM sbtest8 WHERE id=4596791
	Index Scan using sbtest8_pkey on sbtest8  (cost=0.43..8.45 rows=1 width=121)
	  Index Cond: (id = 4596791)

for point_selects
table 1 : explain SELECT c FROM sbtest1 WHERE id=7062903
	Index Scan using sbtest1_pkey on sbtest1  (cost=0.43..8.45 rows=1 width=121)
	  Index Cond: (id = 7062903)

table 2 : explain SELECT c FROM sbtest2 WHERE id=6445764
	Index Scan using sbtest2_pkey on sbtest2  (cost=0.43..8.45 rows=1 width=121)
	  Index Cond: (id = 6445764)

table 3 : explain SELECT c FROM sbtest3 WHERE id=882183
	Index Scan using sbtest3_pkey on sbtest3  (cost=0.43..8.45 rows=1 width=121)
	  Index Cond: (id = 882183)

table 4 : explain SELECT c FROM sbtest4 WHERE id=3627682
	Index Scan using sbtest4_pkey on sbtest4  (cost=0.43..8.45 rows=1 width=121)
	  Index Cond: (id = 3627682)

table 5 : explain SELECT c FROM sbtest5 WHERE id=1387054
	Index Scan using sbtest5_pkey on sbtest5  (cost=0.43..8.45 rows=1 width=121)
	  Index Cond: (id = 1387054)

table 6 : explain SELECT c FROM sbtest6 WHERE id=4764290
	Index Scan using sbtest6_pkey on sbtest6  (cost=0.43..8.45 rows=1 width=121)
	  Index Cond: (id = 4764290)

table 7 : explain SELECT c FROM sbtest7 WHERE id=307209
	Index Scan using sbtest7_pkey on sbtest7  (cost=0.43..8.45 rows=1 width=121)
	  Index Cond: (id = 307209)

table 8 : explain SELECT c FROM sbtest8 WHERE id=8565990
	Index Scan using sbtest8_pkey on sbtest8  (cost=0.43..8.45 rows=1 width=121)
	  Index Cond: (id = 8565990)

for point_selects
table 1 : explain SELECT c FROM sbtest1 WHERE id=2409621
	Index Scan using sbtest1_pkey on sbtest1  (cost=0.43..8.45 rows=1 width=121)
	  Index Cond: (id = 2409621)

table 2 : explain SELECT c FROM sbtest2 WHERE id=1247750
	Index Scan using sbtest2_pkey on sbtest2  (cost=0.43..8.45 rows=1 width=121)
	  Index Cond: (id = 1247750)

table 3 : explain SELECT c FROM sbtest3 WHERE id=9372004
	Index Scan using sbtest3_pkey on sbtest3  (cost=0.43..8.45 rows=1 width=121)
	  Index Cond: (id = 9372004)

table 4 : explain SELECT c FROM sbtest4 WHERE id=9637698
	Index Scan using sbtest4_pkey on sbtest4  (cost=0.43..8.45 rows=1 width=121)
	  Index Cond: (id = 9637698)

table 5 : explain SELECT c FROM sbtest5 WHERE id=6042685
	Index Scan using sbtest5_pkey on sbtest5  (cost=0.43..8.45 rows=1 width=121)
	  Index Cond: (id = 6042685)

table 6 : explain SELECT c FROM sbtest6 WHERE id=1827538
	Index Scan using sbtest6_pkey on sbtest6  (cost=0.43..8.45 rows=1 width=121)
	  Index Cond: (id = 1827538)

table 7 : explain SELECT c FROM sbtest7 WHERE id=1496903
	Index Scan using sbtest7_pkey on sbtest7  (cost=0.43..8.45 rows=1 width=121)
	  Index Cond: (id = 1496903)

table 8 : explain SELECT c FROM sbtest8 WHERE id=1720392
	Index Scan using sbtest8_pkey on sbtest8  (cost=0.43..8.45 rows=1 width=121)
	  Index Cond: (id = 1720392)

explain: for point_selects :: explain SELECT c FROM sbtest%u WHERE id=%u
for point_selects
table 1 : explain SELECT c FROM sbtest1 WHERE id=1647789
	Index Scan using sbtest1_pkey on sbtest1  (cost=0.43..8.45 rows=1 width=121)
	  Index Cond: (id = 1647789)

table 2 : explain SELECT c FROM sbtest2 WHERE id=9792471
	Index Scan using sbtest2_pkey on sbtest2  (cost=0.43..8.45 rows=1 width=121)
	  Index Cond: (id = 9792471)

table 3 : explain SELECT c FROM sbtest3 WHERE id=5235198
	Index Scan using sbtest3_pkey on sbtest3  (cost=0.43..8.45 rows=1 width=121)
	  Index Cond: (id = 5235198)

table 4 : explain SELECT c FROM sbtest4 WHERE id=9543861
	Index Scan using sbtest4_pkey on sbtest4  (cost=0.43..8.45 rows=1 width=121)
	  Index Cond: (id = 9543861)

table 5 : explain SELECT c FROM sbtest5 WHERE id=8813564
	Index Scan using sbtest5_pkey on sbtest5  (cost=0.43..8.45 rows=1 width=121)
	  Index Cond: (id = 8813564)

table 6 : explain SELECT c FROM sbtest6 WHERE id=6292740
	Index Scan using sbtest6_pkey on sbtest6  (cost=0.43..8.45 rows=1 width=121)
	  Index Cond: (id = 6292740)

table 7 : explain SELECT c FROM sbtest7 WHERE id=9035247
	Index Scan using sbtest7_pkey on sbtest7  (cost=0.43..8.45 rows=1 width=121)
	  Index Cond: (id = 9035247)

table 8 : explain SELECT c FROM sbtest8 WHERE id=4745296
	Index Scan using sbtest8_pkey on sbtest8  (cost=0.43..8.45 rows=1 width=121)
	  Index Cond: (id = 4745296)

for point_selects
table 1 : explain SELECT c FROM sbtest1 WHERE id=8036394
	Index Scan using sbtest1_pkey on sbtest1  (cost=0.43..8.45 rows=1 width=121)
	  Index Cond: (id = 8036394)

table 2 : explain SELECT c FROM sbtest2 WHERE id=4012461
	Index Scan using sbtest2_pkey on sbtest2  (cost=0.43..8.45 rows=1 width=121)
	  Index Cond: (id = 4012461)

table 3 : explain SELECT c FROM sbtest3 WHERE id=4997609
	Index Scan using sbtest3_pkey on sbtest3  (cost=0.43..8.45 rows=1 width=121)
	  Index Cond: (id = 4997609)

table 4 : explain SELECT c FROM sbtest4 WHERE id=2252334
	Index Scan using sbtest4_pkey on sbtest4  (cost=0.43..8.45 rows=1 width=121)
	  Index Cond: (id = 2252334)

table 5 : explain SELECT c FROM sbtest5 WHERE id=3290260
	Index Scan using sbtest5_pkey on sbtest5  (cost=0.43..8.45 rows=1 width=121)
	  Index Cond: (id = 3290260)

table 6 : explain SELECT c FROM sbtest6 WHERE id=970229
	Index Scan using sbtest6_pkey on sbtest6  (cost=0.43..8.45 rows=1 width=121)
	  Index Cond: (id = 970229)

table 7 : explain SELECT c FROM sbtest7 WHERE id=4265713
	Index Scan using sbtest7_pkey on sbtest7  (cost=0.43..8.45 rows=1 width=121)
	  Index Cond: (id = 4265713)

table 8 : explain SELECT c FROM sbtest8 WHERE id=5276821
	Index Scan using sbtest8_pkey on sbtest8  (cost=0.43..8.45 rows=1 width=121)
	  Index Cond: (id = 5276821)

Threads started!

Warming up for 5 seconds...

SQL statistics:
    queries performed:
        read:                            672565478
        write:                           0
        other:                           0
        total:                           672565478
    transactions:                        672565478 (1067536.68 per sec.)
    queries:                             672565478 (1067536.68 per sec.)
    ignored errors:                      0      (0.00 per sec.)
    reconnects:                          0      (0.00 per sec.)

Throughput:
    events/s (eps):                      1067536.6812
    time elapsed:                        630.0164s
    total number of events:              672565478

Latency (ms):
         min:                                    0.03
         avg:                                    0.04
         max:                                   20.07
         95th percentile:                        0.04
         sum:                             25026187.09

Threads fairness:
    events (avg/stddev):           16814118.4250/303731.37
    execution time (avg/stddev):   625.6547/0.10

