LUA_PATH=/home/mdcallag/git/mytools/bench/sysbench.lua/lua/?.lua /home/mdcallag/git/mytools/bench/sysbench.lua/lua/sysbench --db-driver=pgsql --range-size=1000 --table-size=10000000 --tables=8 --threads=40 --events=0 --warmup-time=5 --time=630 --pgsql_conn_id=true /home/mdcallag/git/mytools/bench/sysbench.lua/lua/oltp_read_only.lua run --pgsql-user=root --pgsql-password=pw --pgsql-host=127.0.0.1 --pgsql-db=ib --rand-type=uniform --simple-ranges=1 --sum-ranges=0 --order-ranges=0 --distinct-ranges=0
48 CPUs
sysbench 1.1.0-9072687 (using bundled LuaJIT 2.1.0-beta3)

Running the test with following options:
Number of threads: 40
Warmup time: 5s
Initializing random number generator from current time


Initializing worker threads...

explain: for point_selects :: explain SELECT c FROM sbtest%u WHERE id=%u
for point_selects
table 1 : explain SELECT c FROM sbtest1 WHERE id=5337123
	Index Scan using sbtest1_pkey on sbtest1  (cost=0.43..8.45 rows=1 width=121)
	  Index Cond: (id = 5337123)

table 2 : explain SELECT c FROM sbtest2 WHERE id=6358975
	Index Scan using sbtest2_pkey on sbtest2  (cost=0.43..8.45 rows=1 width=121)
	  Index Cond: (id = 6358975)

table 3 : explain SELECT c FROM sbtest3 WHERE id=7793487
	Index Scan using sbtest3_pkey on sbtest3  (cost=0.43..8.45 rows=1 width=121)
	  Index Cond: (id = 7793487)

table 4 : explain SELECT c FROM sbtest4 WHERE id=8491357
	Index Scan using sbtest4_pkey on sbtest4  (cost=0.43..8.45 rows=1 width=121)
	  Index Cond: (id = 8491357)

table 5 : explain SELECT c FROM sbtest5 WHERE id=4353064
	Index Scan using sbtest5_pkey on sbtest5  (cost=0.43..8.45 rows=1 width=121)
	  Index Cond: (id = 4353064)

table 6 : explain SELECT c FROM sbtest6 WHERE id=1276120
	Index Scan using sbtest6_pkey on sbtest6  (cost=0.43..8.45 rows=1 width=121)
	  Index Cond: (id = 1276120)

table 7 : explain SELECT c FROM sbtest7 WHERE id=8319895
	Index Scan using sbtest7_pkey on sbtest7  (cost=0.43..8.45 rows=1 width=121)
	  Index Cond: (id = 8319895)

table 8 : explain SELECT c FROM sbtest8 WHERE id=1577770
	Index Scan using sbtest8_pkey on sbtest8  (cost=0.43..8.45 rows=1 width=121)
	  Index Cond: (id = 1577770)

explain: for point_selects :: explain SELECT c FROM sbtest%u WHERE id=%u
explain: for point_selects :: explain SELECT c FROM sbtest%u WHERE id=%u
explain: for point_selects :: explain SELECT c FROM sbtest%u WHERE id=%u
for: simple_ranges
table 1 : explain SELECT c FROM sbtest1 WHERE id BETWEEN 3666801 AND 3667800
	Bitmap Heap Scan on sbtest1  (cost=30.10..3654.98 rows=943 width=121)
	  Recheck Cond: ((id >= 3666801) AND (id <= 3667800))
	  ->  Bitmap Index Scan on sbtest1_pkey  (cost=0.00..29.86 rows=943 width=0)
	        Index Cond: ((id >= 3666801) AND (id <= 3667800))

table 2 : explain SELECT c FROM sbtest2 WHERE id BETWEEN 3416509 AND 3417508
	Bitmap Heap Scan on sbtest2  (cost=34.28..3723.65 rows=960 width=121)
	  Recheck Cond: ((id >= 3416509) AND (id <= 3417508))
	  ->  Bitmap Index Scan on sbtest2_pkey  (cost=0.00..34.04 rows=960 width=0)
	        Index Cond: ((id >= 3416509) AND (id <= 3417508))

table 3 : explain SELECT c FROM sbtest3 WHERE id BETWEEN 2531970 AND 2532969
	Bitmap Heap Scan on sbtest3  (cost=34.59..3840.97 rows=991 width=121)
	  Recheck Cond: ((id >= 2531970) AND (id <= 2532969))
	  ->  Bitmap Index Scan on sbtest3_pkey  (cost=0.00..34.34 rows=991 width=0)
	        Index Cond: ((id >= 2531970) AND (id <= 2532969))

table 4 : explain SELECT c FROM sbtest4 WHERE id BETWEEN 2828375 AND 2829374
	Bitmap Heap Scan on sbtest4  (cost=34.70..3885.41 rows=1001 width=121)
	  Recheck Cond: ((id >= 2828375) AND (id <= 2829374))
	  ->  Bitmap Index Scan on sbtest4_pkey  (cost=0.00..34.45 rows=1001 width=0)
	        Index Cond: ((id >= 2828375) AND (id <= 2829374))

table 5 : explain SELECT c FROM sbtest5 WHERE id BETWEEN 2567574 AND 2568573
	Bitmap Heap Scan on sbtest5  (cost=34.72..3893.02 rows=1003 width=121)
	  Recheck Cond: ((id >= 2567574) AND (id <= 2568573))
	  ->  Bitmap Index Scan on sbtest5_pkey  (cost=0.00..34.47 rows=1003 width=0)
	        Index Cond: ((id >= 2567574) AND (id <= 2568573))

table 6 : explain SELECT c FROM sbtest6 WHERE id BETWEEN 8924115 AND 8925114
	Bitmap Heap Scan on sbtest6  (cost=34.33..3743.51 rows=965 width=121)
	  Recheck Cond: ((id >= 8924115) AND (id <= 8925114))
	  ->  Bitmap Index Scan on sbtest6_pkey  (cost=0.00..34.09 rows=965 width=0)
	        Index Cond: ((id >= 8924115) AND (id <= 8925114))

table 7 : explain SELECT c FROM sbtest7 WHERE id BETWEEN 1902463 AND 1903462
	Bitmap Heap Scan on sbtest7  (cost=34.57..3832.17 rows=989 width=121)
	  Recheck Cond: ((id >= 1902463) AND (id <= 1903462))
	  ->  Bitmap Index Scan on sbtest7_pkey  (cost=0.00..34.33 rows=989 width=0)
	        Index Cond: ((id >= 1902463) AND (id <= 1903462))

table 8 : explain SELECT c FROM sbtest8 WHERE id BETWEEN 3282931 AND 3283930
	Bitmap Heap Scan on sbtest8  (cost=35.02..3998.66 rows=1033 width=121)
	  Recheck Cond: ((id >= 3282931) AND (id <= 3283930))
	  ->  Bitmap Index Scan on sbtest8_pkey  (cost=0.00..34.77 rows=1033 width=0)
	        Index Cond: ((id >= 3282931) AND (id <= 3283930))

explain: for point_selects :: explain SELECT c FROM sbtest%u WHERE id=%u
explain: for point_selects :: explain SELECT c FROM sbtest%u WHERE id=%u
for point_selects
table 1 : explain SELECT c FROM sbtest1 WHERE id=1022451
	Index Scan using sbtest1_pkey on sbtest1  (cost=0.43..8.45 rows=1 width=121)
	  Index Cond: (id = 1022451)

table 2 : explain SELECT c FROM sbtest2 WHERE id=7302668
	Index Scan using sbtest2_pkey on sbtest2  (cost=0.43..8.45 rows=1 width=121)
	  Index Cond: (id = 7302668)

table 3 : explain SELECT c FROM sbtest3 WHERE id=4225612
	Index Scan using sbtest3_pkey on sbtest3  (cost=0.43..8.45 rows=1 width=121)
	  Index Cond: (id = 4225612)

table 4 : explain SELECT c FROM sbtest4 WHERE id=3996778
	Index Scan using sbtest4_pkey on sbtest4  (cost=0.43..8.45 rows=1 width=121)
	  Index Cond: (id = 3996778)

table 5 : explain SELECT c FROM sbtest5 WHERE id=8347538
	Index Scan using sbtest5_pkey on sbtest5  (cost=0.43..8.45 rows=1 width=121)
	  Index Cond: (id = 8347538)

table 6 : explain SELECT c FROM sbtest6 WHERE id=4925642
	Index Scan using sbtest6_pkey on sbtest6  (cost=0.43..8.45 rows=1 width=121)
	  Index Cond: (id = 4925642)

table 7 : explain SELECT c FROM sbtest7 WHERE id=4873409
	Index Scan using sbtest7_pkey on sbtest7  (cost=0.43..8.45 rows=1 width=121)
	  Index Cond: (id = 4873409)

table 8 : explain SELECT c FROM sbtest8 WHERE id=638555
	Index Scan using sbtest8_pkey on sbtest8  (cost=0.43..8.45 rows=1 width=121)
	  Index Cond: (id = 638555)

for point_selects
table 1 : explain SELECT c FROM sbtest1 WHERE id=4293680
	Index Scan using sbtest1_pkey on sbtest1  (cost=0.43..8.45 rows=1 width=121)
	  Index Cond: (id = 4293680)

table 2 : explain SELECT c FROM sbtest2 WHERE id=3073425
	Index Scan using sbtest2_pkey on sbtest2  (cost=0.43..8.45 rows=1 width=121)
	  Index Cond: (id = 3073425)

table 3 : explain SELECT c FROM sbtest3 WHERE id=4423806
	Index Scan using sbtest3_pkey on sbtest3  (cost=0.43..8.45 rows=1 width=121)
	  Index Cond: (id = 4423806)

table 4 : explain SELECT c FROM sbtest4 WHERE id=3243102
	Index Scan using sbtest4_pkey on sbtest4  (cost=0.43..8.45 rows=1 width=121)
	  Index Cond: (id = 3243102)

table 5 : explain SELECT c FROM sbtest5 WHERE id=2010356
	Index Scan using sbtest5_pkey on sbtest5  (cost=0.43..8.45 rows=1 width=121)
	  Index Cond: (id = 2010356)

table 6 : explain SELECT c FROM sbtest6 WHERE id=1679848
	Index Scan using sbtest6_pkey on sbtest6  (cost=0.43..8.45 rows=1 width=121)
	  Index Cond: (id = 1679848)

table 7 : explain SELECT c FROM sbtest7 WHERE id=4026738
	Index Scan using sbtest7_pkey on sbtest7  (cost=0.43..8.45 rows=1 width=121)
	  Index Cond: (id = 4026738)

table 8 : explain SELECT c FROM sbtest8 WHERE id=8130982
	Index Scan using sbtest8_pkey on sbtest8  (cost=0.43..8.45 rows=1 width=121)
	  Index Cond: (id = 8130982)

for point_selects
table 1 : explain SELECT c FROM sbtest1 WHERE id=9236919
	Index Scan using sbtest1_pkey on sbtest1  (cost=0.43..8.45 rows=1 width=121)
	  Index Cond: (id = 9236919)

table 2 : explain SELECT c FROM sbtest2 WHERE id=5736532
	Index Scan using sbtest2_pkey on sbtest2  (cost=0.43..8.45 rows=1 width=121)
	  Index Cond: (id = 5736532)

table 3 : explain SELECT c FROM sbtest3 WHERE id=5887028
	Index Scan using sbtest3_pkey on sbtest3  (cost=0.43..8.45 rows=1 width=121)
	  Index Cond: (id = 5887028)

table 4 : explain SELECT c FROM sbtest4 WHERE id=3127044
	Index Scan using sbtest4_pkey on sbtest4  (cost=0.43..8.45 rows=1 width=121)
	  Index Cond: (id = 3127044)

table 5 : explain SELECT c FROM sbtest5 WHERE id=3215436
	Index Scan using sbtest5_pkey on sbtest5  (cost=0.43..8.45 rows=1 width=121)
	  Index Cond: (id = 3215436)

table 6 : explain SELECT c FROM sbtest6 WHERE id=4493385
	Index Scan using sbtest6_pkey on sbtest6  (cost=0.43..8.45 rows=1 width=121)
	  Index Cond: (id = 4493385)

table 7 : explain SELECT c FROM sbtest7 WHERE id=7000897
	Index Scan using sbtest7_pkey on sbtest7  (cost=0.43..8.45 rows=1 width=121)
	  Index Cond: (id = 7000897)

table 8 : explain SELECT c FROM sbtest8 WHERE id=4202170
	Index Scan using sbtest8_pkey on sbtest8  (cost=0.43..8.45 rows=1 width=121)
	  Index Cond: (id = 4202170)

for: simple_ranges
table 1 : explain SELECT c FROM sbtest1 WHERE id BETWEEN 6638493 AND 6639492
	Bitmap Heap Scan on sbtest1  (cost=29.43..3409.33 rows=878 width=121)
	  Recheck Cond: ((id >= 6638493) AND (id <= 6639492))
	  ->  Bitmap Index Scan on sbtest1_pkey  (cost=0.00..29.21 rows=878 width=0)
	        Index Cond: ((id >= 6638493) AND (id <= 6639492))

table 2 : explain SELECT c FROM sbtest2 WHERE id BETWEEN 7234150 AND 7235149
	Bitmap Heap Scan on sbtest2  (cost=35.21..4066.50 rows=1051 width=121)
	  Recheck Cond: ((id >= 7234150) AND (id <= 7235149))
	  ->  Bitmap Index Scan on sbtest2_pkey  (cost=0.00..34.95 rows=1051 width=0)
	        Index Cond: ((id >= 7234150) AND (id <= 7235149))

table 3 : explain SELECT c FROM sbtest3 WHERE id BETWEEN 1058399 AND 1059398
	Bitmap Heap Scan on sbtest3  (cost=34.53..3818.35 rows=985 width=121)
	  Recheck Cond: ((id >= 1058399) AND (id <= 1059398))
	  ->  Bitmap Index Scan on sbtest3_pkey  (cost=0.00..34.29 rows=985 width=0)
	        Index Cond: ((id >= 1058399) AND (id <= 1059398))

table 4 : explain SELECT c FROM sbtest4 WHERE id BETWEEN 4076101 AND 4077100
	Bitmap Heap Scan on sbtest4  (cost=34.69..3881.63 rows=1000 width=121)
	  Recheck Cond: ((id >= 4076101) AND (id <= 4077100))
	  ->  Bitmap Index Scan on sbtest4_pkey  (cost=0.00..34.44 rows=1000 width=0)
	        Index Cond: ((id >= 4076101) AND (id <= 4077100))

table 5 : explain SELECT c FROM sbtest5 WHERE id BETWEEN 9596266 AND 9597265
	Bitmap Heap Scan on sbtest5  (cost=34.36..3760.69 rows=968 width=121)
	  Recheck Cond: ((id >= 9596266) AND (id <= 9597265))
	  ->  Bitmap Index Scan on sbtest5_pkey  (cost=0.00..34.12 rows=968 width=0)
	        Index Cond: ((id >= 9596266) AND (id <= 9597265))

table 6 : explain SELECT c FROM sbtest6 WHERE id BETWEEN 9543479 AND 9544478
	Bitmap Heap Scan on sbtest6  (cost=34.66..3867.99 rows=998 width=121)
	  Recheck Cond: ((id >= 9543479) AND (id <= 9544478))
	  ->  Bitmap Index Scan on sbtest6_pkey  (cost=0.00..34.42 rows=998 width=0)
	        Index Cond: ((id >= 9543479) AND (id <= 9544478))

table 7 : explain SELECT c FROM sbtest7 WHERE id BETWEEN 1519998 AND 1520997
	Bitmap Heap Scan on sbtest7  (cost=35.24..4076.83 rows=1054 width=121)
	  Recheck Cond: ((id >= 1519998) AND (id <= 1520997))
	  ->  Bitmap Index Scan on sbtest7_pkey  (cost=0.00..34.98 rows=1054 width=0)
	        Index Cond: ((id >= 1519998) AND (id <= 1520997))

table 8 : explain SELECT c FROM sbtest8 WHERE id BETWEEN 2970902 AND 2971901
	Bitmap Heap Scan on sbtest8  (cost=34.22..3704.69 rows=955 width=121)
	  Recheck Cond: ((id >= 2970902) AND (id <= 2971901))
	  ->  Bitmap Index Scan on sbtest8_pkey  (cost=0.00..33.98 rows=955 width=0)
	        Index Cond: ((id >= 2970902) AND (id <= 2971901))

explain: for point_selects :: explain SELECT c FROM sbtest%u WHERE id=%u
for: simple_ranges
table 1 : explain SELECT c FROM sbtest1 WHERE id BETWEEN 8341875 AND 8342874
	Bitmap Heap Scan on sbtest1  (cost=34.59..3840.02 rows=991 width=121)
	  Recheck Cond: ((id >= 8341875) AND (id <= 8342874))
	  ->  Bitmap Index Scan on sbtest1_pkey  (cost=0.00..34.34 rows=991 width=0)
	        Index Cond: ((id >= 8341875) AND (id <= 8342874))

table 2 : explain SELECT c FROM sbtest2 WHERE id BETWEEN 1621384 AND 1622383
	Bitmap Heap Scan on sbtest2  (cost=34.42..3776.47 rows=974 width=121)
	  Recheck Cond: ((id >= 1621384) AND (id <= 1622383))
	  ->  Bitmap Index Scan on sbtest2_pkey  (cost=0.00..34.18 rows=974 width=0)
	        Index Cond: ((id >= 1621384) AND (id <= 1622383))

table 3 : explain SELECT c FROM sbtest3 WHERE id BETWEEN 2642086 AND 2643085
	Bitmap Heap Scan on sbtest3  (cost=35.11..4029.31 rows=1041 width=121)
	  Recheck Cond: ((id >= 2642086) AND (id <= 2643085))
	  ->  Bitmap Index Scan on sbtest3_pkey  (cost=0.00..34.84 rows=1041 width=0)
	        Index Cond: ((id >= 2642086) AND (id <= 2643085))

table 4 : explain SELECT c FROM sbtest4 WHERE id BETWEEN 4286499 AND 4287498
	Bitmap Heap Scan on sbtest4  (cost=34.00..3628.17 rows=933 width=121)
	  Recheck Cond: ((id >= 4286499) AND (id <= 4287498))
	  ->  Bitmap Index Scan on sbtest4_pkey  (cost=0.00..33.77 rows=933 width=0)
	        Index Cond: ((id >= 4286499) AND (id <= 4287498))

table 5 : explain SELECT c FROM sbtest5 WHERE id BETWEEN 7727244 AND 7728243
	Bitmap Heap Scan on sbtest5  (cost=39.86..4319.47 rows=1115 width=121)
	  Recheck Cond: ((id >= 7727244) AND (id <= 7728243))
	  ->  Bitmap Index Scan on sbtest5_pkey  (cost=0.00..39.59 rows=1115 width=0)
	        Index Cond: ((id >= 7727244) AND (id <= 7728243))

table 6 : explain SELECT c FROM sbtest6 WHERE id BETWEEN 1407656 AND 1408655
	Bitmap Heap Scan on sbtest6  (cost=35.20..4063.86 rows=1050 width=121)
	  Recheck Cond: ((id >= 1407656) AND (id <= 1408655))
	  ->  Bitmap Index Scan on sbtest6_pkey  (cost=0.00..34.94 rows=1050 width=0)
	        Index Cond: ((id >= 1407656) AND (id <= 1408655))

table 7 : explain SELECT c FROM sbtest7 WHERE id BETWEEN 6763724 AND 6764723
	Bitmap Heap Scan on sbtest7  (cost=34.91..3956.45 rows=1022 width=121)
	  Recheck Cond: ((id >= 6763724) AND (id <= 6764723))
	  ->  Bitmap Index Scan on sbtest7_pkey  (cost=0.00..34.66 rows=1022 width=0)
	        Index Cond: ((id >= 6763724) AND (id <= 6764723))

table 8 : explain SELECT c FROM sbtest8 WHERE id BETWEEN 5630347 AND 5631346
	Bitmap Heap Scan on sbtest8  (cost=34.46..3791.45 rows=978 width=121)
	  Recheck Cond: ((id >= 5630347) AND (id <= 5631346))
	  ->  Bitmap Index Scan on sbtest8_pkey  (cost=0.00..34.22 rows=978 width=0)
	        Index Cond: ((id >= 5630347) AND (id <= 5631346))

for: simple_ranges
table 1 : explain SELECT c FROM sbtest1 WHERE id BETWEEN 5985607 AND 5986606
	Bitmap Heap Scan on sbtest1  (cost=34.24..3711.81 rows=957 width=121)
	  Recheck Cond: ((id >= 5985607) AND (id <= 5986606))
	  ->  Bitmap Index Scan on sbtest1_pkey  (cost=0.00..34.01 rows=957 width=0)
	        Index Cond: ((id >= 5985607) AND (id <= 5986606))

table 2 : explain SELECT c FROM sbtest2 WHERE id BETWEEN 3375559 AND 3376558
	Bitmap Heap Scan on sbtest2  (cost=34.28..3723.65 rows=960 width=121)
	  Recheck Cond: ((id >= 3375559) AND (id <= 3376558))
	  ->  Bitmap Index Scan on sbtest2_pkey  (cost=0.00..34.04 rows=960 width=0)
	        Index Cond: ((id >= 3375559) AND (id <= 3376558))

table 3 : explain SELECT c FROM sbtest3 WHERE id BETWEEN 6667707 AND 6668706
	Bitmap Heap Scan on sbtest3  (cost=35.08..4021.78 rows=1039 width=121)
	  Recheck Cond: ((id >= 6667707) AND (id <= 6668706))
	  ->  Bitmap Index Scan on sbtest3_pkey  (cost=0.00..34.83 rows=1039 width=0)
	        Index Cond: ((id >= 6667707) AND (id <= 6668706))

table 4 : explain SELECT c FROM sbtest4 WHERE id BETWEEN 3806558 AND 3807557
	Bitmap Heap Scan on sbtest4  (cost=29.81..3555.97 rows=915 width=121)
	  Recheck Cond: ((id >= 3806558) AND (id <= 3807557))
	  ->  Bitmap Index Scan on sbtest4_pkey  (cost=0.00..29.58 rows=915 width=0)
	        Index Cond: ((id >= 3806558) AND (id <= 3807557))

table 5 : explain SELECT c FROM sbtest5 WHERE id BETWEEN 477220 AND 478219
	Bitmap Heap Scan on sbtest5  (cost=35.30..4108.21 rows=1060 width=121)
	  Recheck Cond: ((id >= 477220) AND (id <= 478219))
	  ->  Bitmap Index Scan on sbtest5_pkey  (cost=0.00..35.04 rows=1060 width=0)
	        Index Cond: ((id >= 477220) AND (id <= 478219))

table 6 : explain SELECT c FROM sbtest6 WHERE id BETWEEN 1973331 AND 1974330
	Bitmap Heap Scan on sbtest6  (cost=35.31..4105.25 rows=1061 width=121)
	  Recheck Cond: ((id >= 1973331) AND (id <= 1974330))
	  ->  Bitmap Index Scan on sbtest6_pkey  (cost=0.00..35.05 rows=1061 width=0)
	        Index Cond: ((id >= 1973331) AND (id <= 1974330))

table 7 : explain SELECT c FROM sbtest7 WHERE id BETWEEN 9028442 AND 9029441
	Bitmap Heap Scan on sbtest7  (cost=35.27..4088.11 rows=1057 width=121)
	  Recheck Cond: ((id >= 9028442) AND (id <= 9029441))
	  ->  Bitmap Index Scan on sbtest7_pkey  (cost=0.00..35.01 rows=1057 width=0)
	        Index Cond: ((id >= 9028442) AND (id <= 9029441))

table 8 : explain SELECT c FROM sbtest8 WHERE id BETWEEN 8244735 AND 8245734
	Bitmap Heap Scan on sbtest8  (cost=35.11..4028.76 rows=1041 width=121)
	  Recheck Cond: ((id >= 8244735) AND (id <= 8245734))
	  ->  Bitmap Index Scan on sbtest8_pkey  (cost=0.00..34.84 rows=1041 width=0)
	        Index Cond: ((id >= 8244735) AND (id <= 8245734))

for point_selects
table 1 : explain SELECT c FROM sbtest1 WHERE id=7791388
	Index Scan using sbtest1_pkey on sbtest1  (cost=0.43..8.45 rows=1 width=121)
	  Index Cond: (id = 7791388)

table 2 : explain SELECT c FROM sbtest2 WHERE id=4939458
	Index Scan using sbtest2_pkey on sbtest2  (cost=0.43..8.45 rows=1 width=121)
	  Index Cond: (id = 4939458)

table 3 : explain SELECT c FROM sbtest3 WHERE id=2653294
	Index Scan using sbtest3_pkey on sbtest3  (cost=0.43..8.45 rows=1 width=121)
	  Index Cond: (id = 2653294)

table 4 : explain SELECT c FROM sbtest4 WHERE id=7280379
	Index Scan using sbtest4_pkey on sbtest4  (cost=0.43..8.45 rows=1 width=121)
	  Index Cond: (id = 7280379)

table 5 : explain SELECT c FROM sbtest5 WHERE id=4578228
	Index Scan using sbtest5_pkey on sbtest5  (cost=0.43..8.45 rows=1 width=121)
	  Index Cond: (id = 4578228)

table 6 : explain SELECT c FROM sbtest6 WHERE id=953261
	Index Scan using sbtest6_pkey on sbtest6  (cost=0.43..8.45 rows=1 width=121)
	  Index Cond: (id = 953261)

table 7 : explain SELECT c FROM sbtest7 WHERE id=7431589
	Index Scan using sbtest7_pkey on sbtest7  (cost=0.43..8.45 rows=1 width=121)
	  Index Cond: (id = 7431589)

table 8 : explain SELECT c FROM sbtest8 WHERE id=3573111
	Index Scan using sbtest8_pkey on sbtest8  (cost=0.43..8.45 rows=1 width=121)
	  Index Cond: (id = 3573111)

explain: for point_selects :: explain SELECT c FROM sbtest%u WHERE id=%u
for point_selects
table 1 : explain SELECT c FROM sbtest1 WHERE id=7292323
	Index Scan using sbtest1_pkey on sbtest1  (cost=0.43..8.45 rows=1 width=121)
	  Index Cond: (id = 7292323)

table 2 : explain SELECT c FROM sbtest2 WHERE id=3054288
	Index Scan using sbtest2_pkey on sbtest2  (cost=0.43..8.45 rows=1 width=121)
	  Index Cond: (id = 3054288)

table 3 : explain SELECT c FROM sbtest3 WHERE id=9048123
	Index Scan using sbtest3_pkey on sbtest3  (cost=0.43..8.45 rows=1 width=121)
	  Index Cond: (id = 9048123)

table 4 : explain SELECT c FROM sbtest4 WHERE id=5603730
	Index Scan using sbtest4_pkey on sbtest4  (cost=0.43..8.45 rows=1 width=121)
	  Index Cond: (id = 5603730)

table 5 : explain SELECT c FROM sbtest5 WHERE id=1520345
	Index Scan using sbtest5_pkey on sbtest5  (cost=0.43..8.45 rows=1 width=121)
	  Index Cond: (id = 1520345)

table 6 : explain SELECT c FROM sbtest6 WHERE id=4688429
	Index Scan using sbtest6_pkey on sbtest6  (cost=0.43..8.45 rows=1 width=121)
	  Index Cond: (id = 4688429)

table 7 : explain SELECT c FROM sbtest7 WHERE id=5348920
	Index Scan using sbtest7_pkey on sbtest7  (cost=0.43..8.45 rows=1 width=121)
	  Index Cond: (id = 5348920)

table 8 : explain SELECT c FROM sbtest8 WHERE id=3029089
	Index Scan using sbtest8_pkey on sbtest8  (cost=0.43..8.45 rows=1 width=121)
	  Index Cond: (id = 3029089)

for: simple_ranges
table 1 : explain SELECT c FROM sbtest1 WHERE id BETWEEN 4921703 AND 4922702
	Bitmap Heap Scan on sbtest1  (cost=29.99..3613.45 rows=932 width=121)
	  Recheck Cond: ((id >= 4921703) AND (id <= 4922702))
	  ->  Bitmap Index Scan on sbtest1_pkey  (cost=0.00..29.75 rows=932 width=0)
	        Index Cond: ((id >= 4921703) AND (id <= 4922702))

table 2 : explain SELECT c FROM sbtest2 WHERE id BETWEEN 3124959 AND 3125958
	Bitmap Heap Scan on sbtest2  (cost=34.79..3912.16 rows=1010 width=121)
	  Recheck Cond: ((id >= 3124959) AND (id <= 3125958))
	  ->  Bitmap Index Scan on sbtest2_pkey  (cost=0.00..34.54 rows=1010 width=0)
	        Index Cond: ((id >= 3124959) AND (id <= 3125958))

table 3 : explain SELECT c FROM sbtest3 WHERE id BETWEEN 8946056 AND 8947055
	Bitmap Heap Scan on sbtest3  (cost=29.38..3391.20 rows=873 width=121)
	  Recheck Cond: ((id >= 8946056) AND (id <= 8947055))
	  ->  Bitmap Index Scan on sbtest3_pkey  (cost=0.00..29.16 rows=873 width=0)
	        Index Cond: ((id >= 8946056) AND (id <= 8947055))

table 4 : explain SELECT c FROM sbtest4 WHERE id BETWEEN 4020238 AND 4021237
	Bitmap Heap Scan on sbtest4  (cost=34.69..3881.63 rows=1000 width=121)
	  Recheck Cond: ((id >= 4020238) AND (id <= 4021237))
	  ->  Bitmap Index Scan on sbtest4_pkey  (cost=0.00..34.44 rows=1000 width=0)
	        Index Cond: ((id >= 4020238) AND (id <= 4021237))

table 5 : explain SELECT c FROM sbtest5 WHERE id BETWEEN 6548317 AND 6549316
	Bitmap Heap Scan on sbtest5  (cost=34.46..3798.52 rows=978 width=121)
	  Recheck Cond: ((id >= 6548317) AND (id <= 6549316))
	  ->  Bitmap Index Scan on sbtest5_pkey  (cost=0.00..34.22 rows=978 width=0)
	        Index Cond: ((id >= 6548317) AND (id <= 6549316))

table 6 : explain SELECT c FROM sbtest6 WHERE id BETWEEN 5201948 AND 5202947
	Bitmap Heap Scan on sbtest6  (cost=34.37..3758.61 rows=969 width=121)
	  Recheck Cond: ((id >= 5201948) AND (id <= 5202947))
	  ->  Bitmap Index Scan on sbtest6_pkey  (cost=0.00..34.12 rows=969 width=0)
	        Index Cond: ((id >= 5201948) AND (id <= 5202947))

table 7 : explain SELECT c FROM sbtest7 WHERE id BETWEEN 2327625 AND 2328624
	Bitmap Heap Scan on sbtest7  (cost=34.76..3899.98 rows=1007 width=121)
	  Recheck Cond: ((id >= 2327625) AND (id <= 2328624))
	  ->  Bitmap Index Scan on sbtest7_pkey  (cost=0.00..34.51 rows=1007 width=0)
	        Index Cond: ((id >= 2327625) AND (id <= 2328624))

table 8 : explain SELECT c FROM sbtest8 WHERE id BETWEEN 4587814 AND 4588813
	Bitmap Heap Scan on sbtest8  (cost=34.13..3670.72 rows=946 width=121)
	  Recheck Cond: ((id >= 4587814) AND (id <= 4588813))
	  ->  Bitmap Index Scan on sbtest8_pkey  (cost=0.00..33.90 rows=946 width=0)
	        Index Cond: ((id >= 4587814) AND (id <= 4588813))

for: sum_ranges
table 1 : explain SELECT SUM(k) FROM sbtest1 WHERE id BETWEEN 9690118 AND 9691117
	Aggregate  (cost=4331.68..4331.69 rows=1 width=8)
	  ->  Bitmap Heap Scan on sbtest1  (cost=35.94..4328.88 rows=1122 width=4)
	        Recheck Cond: ((id >= 9690118) AND (id <= 9691117))
	        ->  Bitmap Index Scan on sbtest1_pkey  (cost=0.00..35.66 rows=1122 width=0)
	              Index Cond: ((id >= 9690118) AND (id <= 9691117))

table 2 : explain SELECT SUM(k) FROM sbtest2 WHERE id BETWEEN 9582255 AND 9583254
	Aggregate  (cost=3499.05..3499.06 rows=1 width=8)
	  ->  Bitmap Heap Scan on sbtest2  (cost=29.67..3496.79 rows=901 width=4)
	        Recheck Cond: ((id >= 9582255) AND (id <= 9583254))
	        ->  Bitmap Index Scan on sbtest2_pkey  (cost=0.00..29.44 rows=901 width=0)
	              Index Cond: ((id >= 9582255) AND (id <= 9583254))

table 3 : explain SELECT SUM(k) FROM sbtest3 WHERE id BETWEEN 6263840 AND 6264839
	Aggregate  (cost=3673.55..3673.56 rows=1 width=8)
	  ->  Bitmap Heap Scan on sbtest3  (cost=34.13..3671.19 rows=946 width=4)
	        Recheck Cond: ((id >= 6263840) AND (id <= 6264839))
	        ->  Bitmap Index Scan on sbtest3_pkey  (cost=0.00..33.90 rows=946 width=0)
	              Index Cond: ((id >= 6263840) AND (id <= 6264839))

table 4 : explain SELECT SUM(k) FROM sbtest4 WHERE id BETWEEN 3313009 AND 3314008
	Aggregate  (cost=4012.63..4012.64 rows=1 width=8)
	  ->  Bitmap Heap Scan on sbtest4  (cost=35.03..4010.05 rows=1034 width=4)
	        Recheck Cond: ((id >= 3313009) AND (id <= 3314008))
	        ->  Bitmap Index Scan on sbtest4_pkey  (cost=0.00..34.78 rows=1034 width=0)
	              Index Cond: ((id >= 3313009) AND (id <= 3314008))

table 5 : explain SELECT SUM(k) FROM sbtest5 WHERE id BETWEEN 9057824 AND 9058823
	Aggregate  (cost=4073.11..4073.12 rows=1 width=8)
	  ->  Bitmap Heap Scan on sbtest5  (cost=35.20..4070.48 rows=1050 width=4)
	        Recheck Cond: ((id >= 9057824) AND (id <= 9058823))
	        ->  Bitmap Index Scan on sbtest5_pkey  (cost=0.00..34.94 rows=1050 width=0)
	              Index Cond: ((id >= 9057824) AND (id <= 9058823))

table 6 : explain SELECT SUM(k) FROM sbtest6 WHERE id BETWEEN 1084548 AND 1085547
	Aggregate  (cost=3446.78..3446.79 rows=1 width=8)
	  ->  Index Scan using sbtest6_pkey on sbtest6  (cost=0.43..3444.58 rows=878 width=4)
	        Index Cond: ((id >= 1084548) AND (id <= 1085547))

table 7 : explain SELECT SUM(k) FROM sbtest7 WHERE id BETWEEN 8929 AND 9928
	Aggregate  (cost=3543.68..3543.69 rows=1 width=8)
	  ->  Bitmap Heap Scan on sbtest7  (cost=29.79..3541.39 rows=913 width=4)
	        Recheck Cond: ((id >= 8929) AND (id <= 9928))
	        ->  Bitmap Index Scan on sbtest7_pkey  (cost=0.00..29.57 rows=913 width=0)
	              Index Cond: ((id >= 8929) AND (id <= 9928))

table 8 : explain SELECT SUM(k) FROM sbtest8 WHERE id BETWEEN 2308729 AND 2309728
	Aggregate  (cost=4242.03..4242.04 rows=1 width=8)
	  ->  Bitmap Heap Scan on sbtest8  (cost=35.68..4239.28 rows=1097 width=4)
	        Recheck Cond: ((id >= 2308729) AND (id <= 2309728))
	        ->  Bitmap Index Scan on sbtest8_pkey  (cost=0.00..35.41 rows=1097 width=0)
	              Index Cond: ((id >= 2308729) AND (id <= 2309728))

explain: for point_selects :: explain SELECT c FROM sbtest%u WHERE id=%u
for: simple_ranges
table 1 : explain SELECT c FROM sbtest1 WHERE id BETWEEN 7124639 AND 7125638
	Bitmap Heap Scan on sbtest1  (cost=35.14..4039.57 rows=1044 width=121)
	  Recheck Cond: ((id >= 7124639) AND (id <= 7125638))
	  ->  Bitmap Index Scan on sbtest1_pkey  (cost=0.00..34.88 rows=1044 width=0)
	        Index Cond: ((id >= 7124639) AND (id <= 7125638))

table 2 : explain SELECT c FROM sbtest2 WHERE id BETWEEN 7758010 AND 7759009
	Bitmap Heap Scan on sbtest2  (cost=34.31..3734.97 rows=963 width=121)
	  Recheck Cond: ((id >= 7758010) AND (id <= 7759009))
	  ->  Bitmap Index Scan on sbtest2_pkey  (cost=0.00..34.07 rows=963 width=0)
	        Index Cond: ((id >= 7758010) AND (id <= 7759009))

table 3 : explain SELECT c FROM sbtest3 WHERE id BETWEEN 3603209 AND 3604208
	Bitmap Heap Scan on sbtest3  (cost=34.65..3863.59 rows=997 width=121)
	  Recheck Cond: ((id >= 3603209) AND (id <= 3604208))
	  ->  Bitmap Index Scan on sbtest3_pkey  (cost=0.00..34.41 rows=997 width=0)
	        Index Cond: ((id >= 3603209) AND (id <= 3604208))

table 4 : explain SELECT c FROM sbtest4 WHERE id BETWEEN 6015476 AND 6016475
	Bitmap Heap Scan on sbtest4  (cost=35.25..4089.29 rows=1055 width=121)
	  Recheck Cond: ((id >= 6015476) AND (id <= 6016475))
	  ->  Bitmap Index Scan on sbtest4_pkey  (cost=0.00..34.98 rows=1055 width=0)
	        Index Cond: ((id >= 6015476) AND (id <= 6016475))

table 5 : explain SELECT c FROM sbtest5 WHERE id BETWEEN 4172745 AND 4173744
	Bitmap Heap Scan on sbtest5  (cost=34.03..3639.57 rows=936 width=121)
	  Recheck Cond: ((id >= 4172745) AND (id <= 4173744))
	  ->  Bitmap Index Scan on sbtest5_pkey  (cost=0.00..33.80 rows=936 width=0)
	        Index Cond: ((id >= 4172745) AND (id <= 4173744))

table 6 : explain SELECT c FROM sbtest6 WHERE id BETWEEN 7448896 AND 7449895
	Bitmap Heap Scan on sbtest6  (cost=34.55..3826.51 rows=987 width=121)
	  Recheck Cond: ((id >= 7448896) AND (id <= 7449895))
	  ->  Bitmap Index Scan on sbtest6_pkey  (cost=0.00..34.31 rows=987 width=0)
	        Index Cond: ((id >= 7448896) AND (id <= 7449895))

table 7 : explain SELECT c FROM sbtest7 WHERE id BETWEEN 8582071 AND 8583070
	Bitmap Heap Scan on sbtest7  (cost=29.32..3367.44 rows=867 width=121)
	  Recheck Cond: ((id >= 8582071) AND (id <= 8583070))
	  ->  Bitmap Index Scan on sbtest7_pkey  (cost=0.00..29.11 rows=867 width=0)
	        Index Cond: ((id >= 8582071) AND (id <= 8583070))

table 8 : explain SELECT c FROM sbtest8 WHERE id BETWEEN 1213696 AND 1214695
	Bitmap Heap Scan on sbtest8  (cost=34.36..3753.74 rows=968 width=121)
	  Recheck Cond: ((id >= 1213696) AND (id <= 1214695))
	  ->  Bitmap Index Scan on sbtest8_pkey  (cost=0.00..34.12 rows=968 width=0)
	        Index Cond: ((id >= 1213696) AND (id <= 1214695))

for point_selects
table 1 : explain SELECT c FROM sbtest1 WHERE id=6524681
	Index Scan using sbtest1_pkey on sbtest1  (cost=0.43..8.45 rows=1 width=121)
	  Index Cond: (id = 6524681)

table 2 : explain SELECT c FROM sbtest2 WHERE id=6372407
	Index Scan using sbtest2_pkey on sbtest2  (cost=0.43..8.45 rows=1 width=121)
	  Index Cond: (id = 6372407)

table 3 : explain SELECT c FROM sbtest3 WHERE id=8955619
	Index Scan using sbtest3_pkey on sbtest3  (cost=0.43..8.45 rows=1 width=121)
	  Index Cond: (id = 8955619)

table 4 : explain SELECT c FROM sbtest4 WHERE id=3126615
	Index Scan using sbtest4_pkey on sbtest4  (cost=0.43..8.45 rows=1 width=121)
	  Index Cond: (id = 3126615)

table 5 : explain SELECT c FROM sbtest5 WHERE id=7790810
	Index Scan using sbtest5_pkey on sbtest5  (cost=0.43..8.45 rows=1 width=121)
	  Index Cond: (id = 7790810)

table 6 : explain SELECT c FROM sbtest6 WHERE id=4483028
	Index Scan using sbtest6_pkey on sbtest6  (cost=0.43..8.45 rows=1 width=121)
	  Index Cond: (id = 4483028)

table 7 : explain SELECT c FROM sbtest7 WHERE id=4765135
	Index Scan using sbtest7_pkey on sbtest7  (cost=0.43..8.45 rows=1 width=121)
	  Index Cond: (id = 4765135)

table 8 : explain SELECT c FROM sbtest8 WHERE id=5440927
	Index Scan using sbtest8_pkey on sbtest8  (cost=0.43..8.45 rows=1 width=121)
	  Index Cond: (id = 5440927)

for point_selects
table 1 : explain SELECT c FROM sbtest1 WHERE id=2439623
	Index Scan using sbtest1_pkey on sbtest1  (cost=0.43..8.45 rows=1 width=121)
	  Index Cond: (id = 2439623)

table 2 : explain SELECT c FROM sbtest2 WHERE id=6751125
	Index Scan using sbtest2_pkey on sbtest2  (cost=0.43..8.45 rows=1 width=121)
	  Index Cond: (id = 6751125)

table 3 : explain SELECT c FROM sbtest3 WHERE id=4406389
	Index Scan using sbtest3_pkey on sbtest3  (cost=0.43..8.45 rows=1 width=121)
	  Index Cond: (id = 4406389)

table 4 : explain SELECT c FROM sbtest4 WHERE id=6344737
	Index Scan using sbtest4_pkey on sbtest4  (cost=0.43..8.45 rows=1 width=121)
	  Index Cond: (id = 6344737)

table 5 : explain SELECT c FROM sbtest5 WHERE id=1485261
	Index Scan using sbtest5_pkey on sbtest5  (cost=0.43..8.45 rows=1 width=121)
	  Index Cond: (id = 1485261)

table 6 : explain SELECT c FROM sbtest6 WHERE id=8771824
	Index Scan using sbtest6_pkey on sbtest6  (cost=0.43..8.45 rows=1 width=121)
	  Index Cond: (id = 8771824)

table 7 : explain SELECT c FROM sbtest7 WHERE id=5754096
	Index Scan using sbtest7_pkey on sbtest7  (cost=0.43..8.45 rows=1 width=121)
	  Index Cond: (id = 5754096)

table 8 : explain SELECT c FROM sbtest8 WHERE id=3964952
	Index Scan using sbtest8_pkey on sbtest8  (cost=0.43..8.45 rows=1 width=121)
	  Index Cond: (id = 3964952)

explain: for point_selects :: explain SELECT c FROM sbtest%u WHERE id=%u
explain: for point_selects :: explain SELECT c FROM sbtest%u WHERE id=%u
explain: for point_selects :: explain SELECT c FROM sbtest%u WHERE id=%u
for: simple_ranges
table 1 : explain SELECT c FROM sbtest1 WHERE id BETWEEN 8727901 AND 8728900
	Bitmap Heap Scan on sbtest1  (cost=29.45..3416.90 rows=880 width=121)
	  Recheck Cond: ((id >= 8727901) AND (id <= 8728900))
	  ->  Bitmap Index Scan on sbtest1_pkey  (cost=0.00..29.23 rows=880 width=0)
	        Index Cond: ((id >= 8727901) AND (id <= 8728900))

table 2 : explain SELECT c FROM sbtest2 WHERE id BETWEEN 8217947 AND 8218946
	Bitmap Heap Scan on sbtest2  (cost=34.49..3802.87 rows=981 width=121)
	  Recheck Cond: ((id >= 8217947) AND (id <= 8218946))
	  ->  Bitmap Index Scan on sbtest2_pkey  (cost=0.00..34.25 rows=981 width=0)
	        Index Cond: ((id >= 8217947) AND (id <= 8218946))

table 3 : explain SELECT c FROM sbtest3 WHERE id BETWEEN 4579981 AND 4580980
	Bitmap Heap Scan on sbtest3  (cost=35.03..4002.96 rows=1034 width=121)
	  Recheck Cond: ((id >= 4579981) AND (id <= 4580980))
	  ->  Bitmap Index Scan on sbtest3_pkey  (cost=0.00..34.78 rows=1034 width=0)
	        Index Cond: ((id >= 4579981) AND (id <= 4580980))

table 4 : explain SELECT c FROM sbtest4 WHERE id BETWEEN 1893950 AND 1894949
	Bitmap Heap Scan on sbtest4  (cost=34.66..3874.08 rows=998 width=121)
	  Recheck Cond: ((id >= 1893950) AND (id <= 1894949))
	  ->  Bitmap Index Scan on sbtest4_pkey  (cost=0.00..34.42 rows=998 width=0)
	        Index Cond: ((id >= 1893950) AND (id <= 1894949))

table 5 : explain SELECT c FROM sbtest5 WHERE id BETWEEN 2327843 AND 2328842
	Bitmap Heap Scan on sbtest5  (cost=33.97..3616.85 rows=930 width=121)
	  Recheck Cond: ((id >= 2327843) AND (id <= 2328842))
	  ->  Bitmap Index Scan on sbtest5_pkey  (cost=0.00..33.73 rows=930 width=0)
	        Index Cond: ((id >= 2327843) AND (id <= 2328842))

table 6 : explain SELECT c FROM sbtest6 WHERE id BETWEEN 9069617 AND 9070616
	Bitmap Heap Scan on sbtest6  (cost=35.21..4067.62 rows=1051 width=121)
	  Recheck Cond: ((id >= 9069617) AND (id <= 9070616))
	  ->  Bitmap Index Scan on sbtest6_pkey  (cost=0.00..34.95 rows=1051 width=0)
	        Index Cond: ((id >= 9069617) AND (id <= 9070616))

table 7 : explain SELECT c FROM sbtest7 WHERE id BETWEEN 2539146 AND 2540145
	Bitmap Heap Scan on sbtest7  (cost=35.17..4050.51 rows=1047 width=121)
	  Recheck Cond: ((id >= 2539146) AND (id <= 2540145))
	  ->  Bitmap Index Scan on sbtest7_pkey  (cost=0.00..34.91 rows=1047 width=0)
	        Index Cond: ((id >= 2539146) AND (id <= 2540145))

table 8 : explain SELECT c FROM sbtest8 WHERE id BETWEEN 8678900 AND 8679899
	Bitmap Heap Scan on sbtest8  (cost=34.85..3934.65 rows=1016 width=121)
	  Recheck Cond: ((id >= 8678900) AND (id <= 8679899))
	  ->  Bitmap Index Scan on sbtest8_pkey  (cost=0.00..34.59 rows=1016 width=0)
	        Index Cond: ((id >= 8678900) AND (id <= 8679899))

explain: for point_selects :: explain SELECT c FROM sbtest%u WHERE id=%u
for: simple_ranges
table 1 : explain SELECT c FROM sbtest1 WHERE id BETWEEN 7786352 AND 7787351
	Bitmap Heap Scan on sbtest1  (cost=30.01..3621.00 rows=934 width=121)
	  Recheck Cond: ((id >= 7786352) AND (id <= 7787351))
	  ->  Bitmap Index Scan on sbtest1_pkey  (cost=0.00..29.77 rows=934 width=0)
	        Index Cond: ((id >= 7786352) AND (id <= 7787351))

table 2 : explain SELECT c FROM sbtest2 WHERE id BETWEEN 5690622 AND 5691621
	Bitmap Heap Scan on sbtest2  (cost=29.79..3542.16 rows=913 width=121)
	  Recheck Cond: ((id >= 5690622) AND (id <= 5691621))
	  ->  Bitmap Index Scan on sbtest2_pkey  (cost=0.00..29.57 rows=913 width=0)
	        Index Cond: ((id >= 5690622) AND (id <= 5691621))

table 3 : explain SELECT c FROM sbtest3 WHERE id BETWEEN 9735020 AND 9736019
	Bitmap Heap Scan on sbtest3  (cost=34.36..3754.23 rows=968 width=121)
	  Recheck Cond: ((id >= 9735020) AND (id <= 9736019))
	  ->  Bitmap Index Scan on sbtest3_pkey  (cost=0.00..34.12 rows=968 width=0)
	        Index Cond: ((id >= 9735020) AND (id <= 9736019))

table 4 : explain SELECT c FROM sbtest4 WHERE id BETWEEN 6960678 AND 6961677
	Bitmap Heap Scan on sbtest4  (cost=35.09..4032.69 rows=1040 width=121)
	  Recheck Cond: ((id >= 6960678) AND (id <= 6961677))
	  ->  Bitmap Index Scan on sbtest4_pkey  (cost=0.00..34.84 rows=1040 width=0)
	        Index Cond: ((id >= 6960678) AND (id <= 6961677))

table 5 : explain SELECT c FROM sbtest5 WHERE id BETWEEN 3166703 AND 3167702
	Bitmap Heap Scan on sbtest5  (cost=34.72..3893.02 rows=1003 width=121)
	  Recheck Cond: ((id >= 3166703) AND (id <= 3167702))
	  ->  Bitmap Index Scan on sbtest5_pkey  (cost=0.00..34.47 rows=1003 width=0)
	        Index Cond: ((id >= 3166703) AND (id <= 3167702))

table 6 : explain SELECT c FROM sbtest6 WHERE id BETWEEN 1862557 AND 1863556
	Bitmap Heap Scan on sbtest6  (cost=35.18..4056.33 rows=1048 width=121)
	  Recheck Cond: ((id >= 1862557) AND (id <= 1863556))
	  ->  Bitmap Index Scan on sbtest6_pkey  (cost=0.00..34.92 rows=1048 width=0)
	        Index Cond: ((id >= 1862557) AND (id <= 1863556))

table 7 : explain SELECT c FROM sbtest7 WHERE id BETWEEN 5192060 AND 5193059
	Bitmap Heap Scan on sbtest7  (cost=34.65..3862.31 rows=997 width=121)
	  Recheck Cond: ((id >= 5192060) AND (id <= 5193059))
	  ->  Bitmap Index Scan on sbtest7_pkey  (cost=0.00..34.41 rows=997 width=0)
	        Index Cond: ((id >= 5192060) AND (id <= 5193059))

table 8 : explain SELECT c FROM sbtest8 WHERE id BETWEEN 2722279 AND 2723278
	Bitmap Heap Scan on sbtest8  (cost=29.85..3564.74 rows=919 width=121)
	  Recheck Cond: ((id >= 2722279) AND (id <= 2723278))
	  ->  Bitmap Index Scan on sbtest8_pkey  (cost=0.00..29.62 rows=919 width=0)
	        Index Cond: ((id >= 2722279) AND (id <= 2723278))

for: sum_ranges
table 1 : explain SELECT SUM(k) FROM sbtest1 WHERE id BETWEEN 5265672 AND 5266671
	Aggregate  (cost=3883.97..3883.98 rows=1 width=8)
	  ->  Bitmap Heap Scan on sbtest1  (cost=34.71..3881.47 rows=1002 width=4)
	        Recheck Cond: ((id >= 5265672) AND (id <= 5266671))
	        ->  Bitmap Index Scan on sbtest1_pkey  (cost=0.00..34.45 rows=1002 width=0)
	              Index Cond: ((id >= 5265672) AND (id <= 5266671))

table 2 : explain SELECT SUM(k) FROM sbtest2 WHERE id BETWEEN 3527807 AND 3528806
	Aggregate  (cost=3933.53..3933.54 rows=1 width=8)
	  ->  Bitmap Heap Scan on sbtest2  (cost=34.84..3930.99 rows=1015 width=4)
	        Recheck Cond: ((id >= 3527807) AND (id <= 3528806))
	        ->  Bitmap Index Scan on sbtest2_pkey  (cost=0.00..34.59 rows=1015 width=0)
	              Index Cond: ((id >= 3527807) AND (id <= 3528806))

table 3 : explain SELECT SUM(k) FROM sbtest3 WHERE id BETWEEN 8929781 AND 8930780
	Aggregate  (cost=3393.38..3393.39 rows=1 width=8)
	  ->  Bitmap Heap Scan on sbtest3  (cost=29.38..3391.20 rows=873 width=4)
	        Recheck Cond: ((id >= 8929781) AND (id <= 8930780))
	        ->  Bitmap Index Scan on sbtest3_pkey  (cost=0.00..29.16 rows=873 width=0)
	              Index Cond: ((id >= 8929781) AND (id <= 8930780))

table 4 : explain SELECT SUM(k) FROM sbtest4 WHERE id BETWEEN 9173542 AND 9174541
	Aggregate  (cost=3955.96..3955.97 rows=1 width=8)
	  ->  Bitmap Heap Scan on sbtest4  (cost=34.88..3953.41 rows=1019 width=4)
	        Recheck Cond: ((id >= 9173542) AND (id <= 9174541))
	        ->  Bitmap Index Scan on sbtest4_pkey  (cost=0.00..34.62 rows=1019 width=0)
	              Index Cond: ((id >= 9173542) AND (id <= 9174541))

table 5 : explain SELECT SUM(k) FROM sbtest5 WHERE id BETWEEN 8056988 AND 8057987
	Aggregate  (cost=3800.96..3800.97 rows=1 width=8)
	  ->  Bitmap Heap Scan on sbtest5  (cost=34.46..3798.52 rows=978 width=4)
	        Recheck Cond: ((id >= 8056988) AND (id <= 8057987))
	        ->  Bitmap Index Scan on sbtest5_pkey  (cost=0.00..34.22 rows=978 width=0)
	              Index Cond: ((id >= 8056988) AND (id <= 8057987))

table 6 : explain SELECT SUM(k) FROM sbtest6 WHERE id BETWEEN 9293063 AND 9294062
	Aggregate  (cost=3711.93..3711.94 rows=1 width=8)
	  ->  Bitmap Heap Scan on sbtest6  (cost=34.23..3709.54 rows=956 width=4)
	        Recheck Cond: ((id >= 9293063) AND (id <= 9294062))
	        ->  Bitmap Index Scan on sbtest6_pkey  (cost=0.00..34.00 rows=956 width=0)
	              Index Cond: ((id >= 9293063) AND (id <= 9294062))

table 7 : explain SELECT SUM(k) FROM sbtest7 WHERE id BETWEEN 1332809 AND 1333808
	Aggregate  (cost=4320.29..4320.30 rows=1 width=8)
	  ->  Bitmap Heap Scan on sbtest7  (cost=39.89..4317.49 rows=1118 width=4)
	        Recheck Cond: ((id >= 1332809) AND (id <= 1333808))
	        ->  Bitmap Index Scan on sbtest7_pkey  (cost=0.00..39.62 rows=1118 width=0)
	              Index Cond: ((id >= 1332809) AND (id <= 1333808))

table 8 : explain SELECT SUM(k) FROM sbtest8 WHERE id BETWEEN 9577737 AND 9578736
	Aggregate  (cost=3959.80..3959.81 rows=1 width=8)
	  ->  Bitmap Heap Scan on sbtest8  (cost=34.91..3957.25 rows=1022 width=4)
	        Recheck Cond: ((id >= 9577737) AND (id <= 9578736))
	        ->  Bitmap Index Scan on sbtest8_pkey  (cost=0.00..34.66 rows=1022 width=0)
	              Index Cond: ((id >= 9577737) AND (id <= 9578736))

explain: for point_selects :: explain SELECT c FROM sbtest%u WHERE id=%u
for: sum_ranges
table 1 : explain SELECT SUM(k) FROM sbtest1 WHERE id BETWEEN 3522156 AND 3523155
	Aggregate  (cost=3714.21..3714.22 rows=1 width=8)
	  ->  Bitmap Heap Scan on sbtest1  (cost=34.24..3711.81 rows=957 width=4)
	        Recheck Cond: ((id >= 3522156) AND (id <= 3523155))
	        ->  Bitmap Index Scan on sbtest1_pkey  (cost=0.00..34.01 rows=957 width=0)
	              Index Cond: ((id >= 3522156) AND (id <= 3523155))

table 2 : explain SELECT SUM(k) FROM sbtest2 WHERE id BETWEEN 660714 AND 661713
	Aggregate  (cost=4110.52..4110.53 rows=1 width=8)
	  ->  Bitmap Heap Scan on sbtest2  (cost=35.32..4107.87 rows=1062 width=4)
	        Recheck Cond: ((id >= 660714) AND (id <= 661713))
	        ->  Bitmap Index Scan on sbtest2_pkey  (cost=0.00..35.06 rows=1062 width=0)
	              Index Cond: ((id >= 660714) AND (id <= 661713))

table 3 : explain SELECT SUM(k) FROM sbtest3 WHERE id BETWEEN 7003953 AND 7004952
	Aggregate  (cost=3677.33..3677.34 rows=1 width=8)
	  ->  Bitmap Heap Scan on sbtest3  (cost=34.14..3674.96 rows=947 width=4)
	        Recheck Cond: ((id >= 7003953) AND (id <= 7004952))
	        ->  Bitmap Index Scan on sbtest3_pkey  (cost=0.00..33.91 rows=947 width=0)
	              Index Cond: ((id >= 7003953) AND (id <= 7004952))

table 4 : explain SELECT SUM(k) FROM sbtest4 WHERE id BETWEEN 7597900 AND 7598899
	Aggregate  (cost=3967.30..3967.31 rows=1 width=8)
	  ->  Bitmap Heap Scan on sbtest4  (cost=34.91..3964.74 rows=1022 width=4)
	        Recheck Cond: ((id >= 7597900) AND (id <= 7598899))
	        ->  Bitmap Index Scan on sbtest4_pkey  (cost=0.00..34.66 rows=1022 width=0)
	              Index Cond: ((id >= 7597900) AND (id <= 7598899))

table 5 : explain SELECT SUM(k) FROM sbtest5 WHERE id BETWEEN 9281541 AND 9282540
	Aggregate  (cost=3982.46..3982.47 rows=1 width=8)
	  ->  Bitmap Heap Scan on sbtest5  (cost=34.95..3979.90 rows=1026 width=4)
	        Recheck Cond: ((id >= 9281541) AND (id <= 9282540))
	        ->  Bitmap Index Scan on sbtest5_pkey  (cost=0.00..34.70 rows=1026 width=0)
	              Index Cond: ((id >= 9281541) AND (id <= 9282540))

table 6 : explain SELECT SUM(k) FROM sbtest6 WHERE id BETWEEN 2009049 AND 2010048
	Aggregate  (cost=4190.69..4190.70 rows=1 width=8)
	  ->  Bitmap Heap Scan on sbtest6  (cost=35.54..4187.99 rows=1083 width=4)
	        Recheck Cond: ((id >= 2009049) AND (id <= 2010048))
	        ->  Bitmap Index Scan on sbtest6_pkey  (cost=0.00..35.27 rows=1083 width=0)
	              Index Cond: ((id >= 2009049) AND (id <= 2010048))

table 7 : explain SELECT SUM(k) FROM sbtest7 WHERE id BETWEEN 4968977 AND 4969976
	Aggregate  (cost=4154.69..4154.70 rows=1 width=8)
	  ->  Bitmap Heap Scan on sbtest7  (cost=35.44..4152.01 rows=1074 width=4)
	        Recheck Cond: ((id >= 4968977) AND (id <= 4969976))
	        ->  Bitmap Index Scan on sbtest7_pkey  (cost=0.00..35.18 rows=1074 width=0)
	              Index Cond: ((id >= 4968977) AND (id <= 4969976))

table 8 : explain SELECT SUM(k) FROM sbtest8 WHERE id BETWEEN 5368195 AND 5369194
	Aggregate  (cost=4125.46..4125.47 rows=1 width=8)
	  ->  Bitmap Heap Scan on sbtest8  (cost=35.36..4122.79 rows=1066 width=4)
	        Recheck Cond: ((id >= 5368195) AND (id <= 5369194))
	        ->  Bitmap Index Scan on sbtest8_pkey  (cost=0.00..35.09 rows=1066 width=0)
	              Index Cond: ((id >= 5368195) AND (id <= 5369194))

for: sum_ranges
table 1 : explain SELECT SUM(k) FROM sbtest1 WHERE id BETWEEN 5079682 AND 5080681
	Aggregate  (cost=4200.17..4200.18 rows=1 width=8)
	  ->  Bitmap Heap Scan on sbtest1  (cost=35.57..4197.45 rows=1086 width=4)
	        Recheck Cond: ((id >= 5079682) AND (id <= 5080681))
	        ->  Bitmap Index Scan on sbtest1_pkey  (cost=0.00..35.30 rows=1086 width=0)
	              Index Cond: ((id >= 5079682) AND (id <= 5080681))

table 2 : explain SELECT SUM(k) FROM sbtest2 WHERE id BETWEEN 8507892 AND 8508891
	Aggregate  (cost=3907.15..3907.16 rows=1 width=8)
	  ->  Bitmap Heap Scan on sbtest2  (cost=34.77..3904.63 rows=1008 width=4)
	        Recheck Cond: ((id >= 8507892) AND (id <= 8508891))
	        ->  Bitmap Index Scan on sbtest2_pkey  (cost=0.00..34.52 rows=1008 width=0)
	              Index Cond: ((id >= 8507892) AND (id <= 8508891))

table 3 : explain SELECT SUM(k) FROM sbtest3 WHERE id BETWEEN 5882132 AND 5883131
	Aggregate  (cost=3749.09..3749.10 rows=1 width=8)
	  ->  Bitmap Heap Scan on sbtest3  (cost=34.34..3746.68 rows=966 width=4)
	        Recheck Cond: ((id >= 5882132) AND (id <= 5883131))
	        ->  Bitmap Index Scan on sbtest3_pkey  (cost=0.00..34.09 rows=966 width=0)
	              Index Cond: ((id >= 5882132) AND (id <= 5883131))

table 4 : explain SELECT SUM(k) FROM sbtest4 WHERE id BETWEEN 1051827 AND 1052826
	Aggregate  (cost=3880.35..3880.36 rows=1 width=8)
	  ->  Bitmap Heap Scan on sbtest4  (cost=34.67..3877.86 rows=999 width=4)
	        Recheck Cond: ((id >= 1051827) AND (id <= 1052826))
	        ->  Bitmap Index Scan on sbtest4_pkey  (cost=0.00..34.43 rows=999 width=0)
	              Index Cond: ((id >= 1051827) AND (id <= 1052826))

table 5 : explain SELECT SUM(k) FROM sbtest5 WHERE id BETWEEN 7144967 AND 7145966
	Aggregate  (cost=3660.86..3660.87 rows=1 width=8)
	  ->  Bitmap Heap Scan on sbtest5  (cost=34.08..3658.51 rows=941 width=4)
	        Recheck Cond: ((id >= 7144967) AND (id <= 7145966))
	        ->  Bitmap Index Scan on sbtest5_pkey  (cost=0.00..33.84 rows=941 width=0)
	              Index Cond: ((id >= 7144967) AND (id <= 7145966))

table 6 : explain SELECT SUM(k) FROM sbtest6 WHERE id BETWEEN 1017770 AND 1018769
	Aggregate  (cost=3446.78..3446.79 rows=1 width=8)
	  ->  Index Scan using sbtest6_pkey on sbtest6  (cost=0.43..3444.58 rows=878 width=4)
	        Index Cond: ((id >= 1017770) AND (id <= 1018769))

table 7 : explain SELECT SUM(k) FROM sbtest7 WHERE id BETWEEN 2604565 AND 2605564
	Aggregate  (cost=3910.03..3910.04 rows=1 width=8)
	  ->  Bitmap Heap Scan on sbtest7  (cost=34.78..3907.51 rows=1009 width=4)
	        Recheck Cond: ((id >= 2604565) AND (id <= 2605564))
	        ->  Bitmap Index Scan on sbtest7_pkey  (cost=0.00..34.53 rows=1009 width=0)
	              Index Cond: ((id >= 2604565) AND (id <= 2605564))

table 8 : explain SELECT SUM(k) FROM sbtest8 WHERE id BETWEEN 4418800 AND 4419799
	Aggregate  (cost=3989.94..3989.95 rows=1 width=8)
	  ->  Bitmap Heap Scan on sbtest8  (cost=34.99..3987.36 rows=1030 width=4)
	        Recheck Cond: ((id >= 4418800) AND (id <= 4419799))
	        ->  Bitmap Index Scan on sbtest8_pkey  (cost=0.00..34.73 rows=1030 width=0)
	              Index Cond: ((id >= 4418800) AND (id <= 4419799))

for point_selects
table 1 : explain SELECT c FROM sbtest1 WHERE id=755927
	Index Scan using sbtest1_pkey on sbtest1  (cost=0.43..8.45 rows=1 width=121)
	  Index Cond: (id = 755927)

table 2 : explain SELECT c FROM sbtest2 WHERE id=8058773
	Index Scan using sbtest2_pkey on sbtest2  (cost=0.43..8.45 rows=1 width=121)
	  Index Cond: (id = 8058773)

table 3 : explain SELECT c FROM sbtest3 WHERE id=8358182
	Index Scan using sbtest3_pkey on sbtest3  (cost=0.43..8.45 rows=1 width=121)
	  Index Cond: (id = 8358182)

table 4 : explain SELECT c FROM sbtest4 WHERE id=5782252
	Index Scan using sbtest4_pkey on sbtest4  (cost=0.43..8.45 rows=1 width=121)
	  Index Cond: (id = 5782252)

table 5 : explain SELECT c FROM sbtest5 WHERE id=3740754
	Index Scan using sbtest5_pkey on sbtest5  (cost=0.43..8.45 rows=1 width=121)
	  Index Cond: (id = 3740754)

table 6 : explain SELECT c FROM sbtest6 WHERE id=6118696
	Index Scan using sbtest6_pkey on sbtest6  (cost=0.43..8.45 rows=1 width=121)
	  Index Cond: (id = 6118696)

table 7 : explain SELECT c FROM sbtest7 WHERE id=8192138
	Index Scan using sbtest7_pkey on sbtest7  (cost=0.43..8.45 rows=1 width=121)
	  Index Cond: (id = 8192138)

table 8 : explain SELECT c FROM sbtest8 WHERE id=744203
	Index Scan using sbtest8_pkey on sbtest8  (cost=0.43..8.45 rows=1 width=121)
	  Index Cond: (id = 744203)

for: sum_ranges
table 1 : explain SELECT SUM(k) FROM sbtest1 WHERE id BETWEEN 9103137 AND 9104136
	Aggregate  (cost=4170.09..4170.10 rows=1 width=8)
	  ->  Bitmap Heap Scan on sbtest1  (cost=35.48..4167.40 rows=1078 width=4)
	        Recheck Cond: ((id >= 9103137) AND (id <= 9104136))
	        ->  Bitmap Index Scan on sbtest1_pkey  (cost=0.00..35.22 rows=1078 width=0)
	              Index Cond: ((id >= 9103137) AND (id <= 9104136))

table 2 : explain SELECT SUM(k) FROM sbtest2 WHERE id BETWEEN 2185213 AND 2186212
	Aggregate  (cost=3771.36..3771.37 rows=1 width=8)
	  ->  Bitmap Heap Scan on sbtest2  (cost=34.40..3768.93 rows=972 width=4)
	        Recheck Cond: ((id >= 2185213) AND (id <= 2186212))
	        ->  Bitmap Index Scan on sbtest2_pkey  (cost=0.00..34.16 rows=972 width=0)
	              Index Cond: ((id >= 2185213) AND (id <= 2186212))

table 3 : explain SELECT SUM(k) FROM sbtest3 WHERE id BETWEEN 7760337 AND 7761336
	Aggregate  (cost=3915.10..3915.11 rows=1 width=8)
	  ->  Bitmap Heap Scan on sbtest3  (cost=34.79..3912.57 rows=1010 width=4)
	        Recheck Cond: ((id >= 7760337) AND (id <= 7761336))
	        ->  Bitmap Index Scan on sbtest3_pkey  (cost=0.00..34.54 rows=1010 width=0)
	              Index Cond: ((id >= 7760337) AND (id <= 7761336))

table 4 : explain SELECT SUM(k) FROM sbtest4 WHERE id BETWEEN 9351192 AND 9352191
	Aggregate  (cost=3933.28..3933.29 rows=1 width=8)
	  ->  Bitmap Heap Scan on sbtest4  (cost=34.82..3930.75 rows=1013 width=4)
	        Recheck Cond: ((id >= 9351192) AND (id <= 9352191))
	        ->  Bitmap Index Scan on sbtest4_pkey  (cost=0.00..34.57 rows=1013 width=0)
	              Index Cond: ((id >= 9351192) AND (id <= 9352191))

table 5 : explain SELECT SUM(k) FROM sbtest5 WHERE id BETWEEN 6614566 AND 6615565
	Aggregate  (cost=3668.44..3668.45 rows=1 width=8)
	  ->  Bitmap Heap Scan on sbtest5  (cost=34.10..3666.08 rows=943 width=4)
	        Recheck Cond: ((id >= 6614566) AND (id <= 6615565))
	        ->  Bitmap Index Scan on sbtest5_pkey  (cost=0.00..33.87 rows=943 width=0)
	              Index Cond: ((id >= 6614566) AND (id <= 6615565))

table 6 : explain SELECT SUM(k) FROM sbtest6 WHERE id BETWEEN 7447548 AND 7448547
	Aggregate  (cost=3828.98..3828.99 rows=1 width=8)
	  ->  Bitmap Heap Scan on sbtest6  (cost=34.55..3826.51 rows=987 width=4)
	        Recheck Cond: ((id >= 7447548) AND (id <= 7448547))
	        ->  Bitmap Index Scan on sbtest6_pkey  (cost=0.00..34.31 rows=987 width=0)
	              Index Cond: ((id >= 7447548) AND (id <= 7448547))

table 7 : explain SELECT SUM(k) FROM sbtest7 WHERE id BETWEEN 881320 AND 882319
	Aggregate  (cost=4248.66..4248.67 rows=1 width=8)
	  ->  Bitmap Heap Scan on sbtest7  (cost=35.70..4245.91 rows=1099 width=4)
	        Recheck Cond: ((id >= 881320) AND (id <= 882319))
	        ->  Bitmap Index Scan on sbtest7_pkey  (cost=0.00..35.43 rows=1099 width=0)
	              Index Cond: ((id >= 881320) AND (id <= 882319))

table 8 : explain SELECT SUM(k) FROM sbtest8 WHERE id BETWEEN 2679723 AND 2680722
	Aggregate  (cost=3665.53..3665.54 rows=1 width=8)
	  ->  Bitmap Heap Scan on sbtest8  (cost=34.11..3663.17 rows=944 width=4)
	        Recheck Cond: ((id >= 2679723) AND (id <= 2680722))
	        ->  Bitmap Index Scan on sbtest8_pkey  (cost=0.00..33.88 rows=944 width=0)
	              Index Cond: ((id >= 2679723) AND (id <= 2680722))

explain: for point_selects :: explain SELECT c FROM sbtest%u WHERE id=%u
for: sum_ranges
table 1 : explain SELECT SUM(k) FROM sbtest1 WHERE id BETWEEN 7057905 AND 7058904
	Aggregate  (cost=3932.96..3932.97 rows=1 width=8)
	  ->  Bitmap Heap Scan on sbtest1  (cost=34.84..3930.43 rows=1015 width=4)
	        Recheck Cond: ((id >= 7057905) AND (id <= 7058904))
	        ->  Bitmap Index Scan on sbtest1_pkey  (cost=0.00..34.59 rows=1015 width=0)
	              Index Cond: ((id >= 7057905) AND (id <= 7058904))

table 2 : explain SELECT SUM(k) FROM sbtest2 WHERE id BETWEEN 6293981 AND 6294980
	Aggregate  (cost=4001.35..4001.36 rows=1 width=8)
	  ->  Bitmap Heap Scan on sbtest2  (cost=35.02..3998.77 rows=1033 width=4)
	        Recheck Cond: ((id >= 6293981) AND (id <= 6294980))
	        ->  Bitmap Index Scan on sbtest2_pkey  (cost=0.00..34.77 rows=1033 width=0)
	              Index Cond: ((id >= 6293981) AND (id <= 6294980))

table 3 : explain SELECT SUM(k) FROM sbtest3 WHERE id BETWEEN 712101 AND 713100
	Aggregate  (cost=3571.27..3571.28 rows=1 width=8)
	  ->  Bitmap Heap Scan on sbtest3  (cost=29.87..3568.97 rows=920 width=4)
	        Recheck Cond: ((id >= 712101) AND (id <= 713100))
	        ->  Bitmap Index Scan on sbtest3_pkey  (cost=0.00..29.64 rows=920 width=0)
	              Index Cond: ((id >= 712101) AND (id <= 713100))

table 4 : explain SELECT SUM(k) FROM sbtest4 WHERE id BETWEEN 3651723 AND 3652722
	Aggregate  (cost=3891.70..3891.71 rows=1 width=8)
	  ->  Bitmap Heap Scan on sbtest4  (cost=34.71..3889.19 rows=1002 width=4)
	        Recheck Cond: ((id >= 3651723) AND (id <= 3652722))
	        ->  Bitmap Index Scan on sbtest4_pkey  (cost=0.00..34.45 rows=1002 width=0)
	              Index Cond: ((id >= 3651723) AND (id <= 3652722))

table 5 : explain SELECT SUM(k) FROM sbtest5 WHERE id BETWEEN 4954945 AND 4955944
	Aggregate  (cost=4061.78..4061.79 rows=1 width=8)
	  ->  Bitmap Heap Scan on sbtest5  (cost=35.17..4059.16 rows=1047 width=4)
	        Recheck Cond: ((id >= 4954945) AND (id <= 4955944))
	        ->  Bitmap Index Scan on sbtest5_pkey  (cost=0.00..34.91 rows=1047 width=0)
	              Index Cond: ((id >= 4954945) AND (id <= 4955944))

table 6 : explain SELECT SUM(k) FROM sbtest6 WHERE id BETWEEN 3109361 AND 3110360
	Aggregate  (cost=4367.64..4367.65 rows=1 width=8)
	  ->  Bitmap Heap Scan on sbtest6  (cost=40.02..4364.81 rows=1130 width=4)
	        Recheck Cond: ((id >= 3109361) AND (id <= 3110360))
	        ->  Bitmap Index Scan on sbtest6_pkey  (cost=0.00..39.73 rows=1130 width=0)
	              Index Cond: ((id >= 3109361) AND (id <= 3110360))

table 7 : explain SELECT SUM(k) FROM sbtest7 WHERE id BETWEEN 3286376 AND 3287375
	Aggregate  (cost=3872.34..3872.35 rows=1 width=8)
	  ->  Bitmap Heap Scan on sbtest7  (cost=34.67..3869.84 rows=999 width=4)
	        Recheck Cond: ((id >= 3286376) AND (id <= 3287375))
	        ->  Bitmap Index Scan on sbtest7_pkey  (cost=0.00..34.43 rows=999 width=0)
	              Index Cond: ((id >= 3286376) AND (id <= 3287375))

table 8 : explain SELECT SUM(k) FROM sbtest8 WHERE id BETWEEN 6372446 AND 6373445
	Aggregate  (cost=3997.47..3997.48 rows=1 width=8)
	  ->  Bitmap Heap Scan on sbtest8  (cost=35.01..3994.89 rows=1032 width=4)
	        Recheck Cond: ((id >= 6372446) AND (id <= 6373445))
	        ->  Bitmap Index Scan on sbtest8_pkey  (cost=0.00..34.76 rows=1032 width=0)
	              Index Cond: ((id >= 6372446) AND (id <= 6373445))

for: order_ranges
table 1 : explain SELECT c FROM sbtest1 WHERE id BETWEEN 8164892 AND 8165891 ORDER BY c
	Sort  (cost=3839.59..3842.04 rows=978 width=121)
	  Sort Key: c
	  ->  Bitmap Heap Scan on sbtest1  (cost=34.46..3791.02 rows=978 width=121)
	        Recheck Cond: ((id >= 8164892) AND (id <= 8165891))
	        ->  Bitmap Index Scan on sbtest1_pkey  (cost=0.00..34.22 rows=978 width=0)
	              Index Cond: ((id >= 8164892) AND (id <= 8165891))

table 2 : explain SELECT c FROM sbtest2 WHERE id BETWEEN 6481293 AND 6482292 ORDER BY c
	Sort  (cost=3759.72..3762.11 rows=957 width=121)
	  Sort Key: c
	  ->  Bitmap Heap Scan on sbtest2  (cost=34.24..3712.33 rows=957 width=121)
	        Recheck Cond: ((id >= 6481293) AND (id <= 6482292))
	        ->  Bitmap Index Scan on sbtest2_pkey  (cost=0.00..34.01 rows=957 width=0)
	              Index Cond: ((id >= 6481293) AND (id <= 6482292))

table 3 : explain SELECT c FROM sbtest3 WHERE id BETWEEN 3824637 AND 3825636 ORDER BY c
	Sort  (cost=4146.42..4149.06 rows=1058 width=121)
	  Sort Key: c
	  ->  Bitmap Heap Scan on sbtest3  (cost=35.28..4093.27 rows=1058 width=121)
	        Recheck Cond: ((id >= 3824637) AND (id <= 3825636))
	        ->  Bitmap Index Scan on sbtest3_pkey  (cost=0.00..35.02 rows=1058 width=0)
	              Index Cond: ((id >= 3824637) AND (id <= 3825636))

table 4 : explain SELECT c FROM sbtest4 WHERE id BETWEEN 3040523 AND 3041522 ORDER BY c
	Sort  (cost=3923.79..3926.29 rows=998 width=121)
	  Sort Key: c
	  ->  Bitmap Heap Scan on sbtest4  (cost=34.66..3874.08 rows=998 width=121)
	        Recheck Cond: ((id >= 3040523) AND (id <= 3041522))
	        ->  Bitmap Index Scan on sbtest4_pkey  (cost=0.00..34.42 rows=998 width=0)
	              Index Cond: ((id >= 3040523) AND (id <= 3041522))

table 5 : explain SELECT c FROM sbtest5 WHERE id BETWEEN 8022565 AND 8023564 ORDER BY c
	Sort  (cost=3847.09..3849.54 rows=978 width=121)
	  Sort Key: c
	  ->  Bitmap Heap Scan on sbtest5  (cost=34.46..3798.52 rows=978 width=121)
	        Recheck Cond: ((id >= 8022565) AND (id <= 8023564))
	        ->  Bitmap Index Scan on sbtest5_pkey  (cost=0.00..34.22 rows=978 width=0)
	              Index Cond: ((id >= 8022565) AND (id <= 8023564))

table 6 : explain SELECT c FROM sbtest6 WHERE id BETWEEN 5431092 AND 5432091 ORDER BY c
	Sort  (cost=3810.50..3812.92 rows=970 width=121)
	  Sort Key: c
	  ->  Bitmap Heap Scan on sbtest6  (cost=34.38..3762.38 rows=970 width=121)
	        Recheck Cond: ((id >= 5431092) AND (id <= 5432091))
	        ->  Bitmap Index Scan on sbtest6_pkey  (cost=0.00..34.14 rows=970 width=0)
	              Index Cond: ((id >= 5431092) AND (id <= 5432091))

table 7 : explain SELECT c FROM sbtest7 WHERE id BETWEEN 1684259 AND 1685258 ORDER BY c
	Sort  (cost=3911.97..3914.46 rows=997 width=121)
	  Sort Key: c
	  ->  Bitmap Heap Scan on sbtest7  (cost=34.65..3862.31 rows=997 width=121)
	        Recheck Cond: ((id >= 1684259) AND (id <= 1685258))
	        ->  Bitmap Index Scan on sbtest7_pkey  (cost=0.00..34.41 rows=997 width=0)
	              Index Cond: ((id >= 1684259) AND (id <= 1685258))

table 8 : explain SELECT c FROM sbtest8 WHERE id BETWEEN 3237272 AND 3238271 ORDER BY c
	Sort  (cost=3813.23..3815.66 rows=971 width=121)
	  Sort Key: c
	  ->  Bitmap Heap Scan on sbtest8  (cost=34.39..3765.05 rows=971 width=121)
	        Recheck Cond: ((id >= 3237272) AND (id <= 3238271))
	        ->  Bitmap Index Scan on sbtest8_pkey  (cost=0.00..34.15 rows=971 width=0)
	              Index Cond: ((id >= 3237272) AND (id <= 3238271))

for point_selects
table 1 : explain SELECT c FROM sbtest1 WHERE id=2108961
	Index Scan using sbtest1_pkey on sbtest1  (cost=0.43..8.45 rows=1 width=121)
	  Index Cond: (id = 2108961)

table 2 : explain SELECT c FROM sbtest2 WHERE id=5912491
	Index Scan using sbtest2_pkey on sbtest2  (cost=0.43..8.45 rows=1 width=121)
	  Index Cond: (id = 5912491)

table 3 : explain SELECT c FROM sbtest3 WHERE id=7786896
	Index Scan using sbtest3_pkey on sbtest3  (cost=0.43..8.45 rows=1 width=121)
	  Index Cond: (id = 7786896)

table 4 : explain SELECT c FROM sbtest4 WHERE id=5183188
	Index Scan using sbtest4_pkey on sbtest4  (cost=0.43..8.45 rows=1 width=121)
	  Index Cond: (id = 5183188)

table 5 : explain SELECT c FROM sbtest5 WHERE id=1745602
	Index Scan using sbtest5_pkey on sbtest5  (cost=0.43..8.45 rows=1 width=121)
	  Index Cond: (id = 1745602)

table 6 : explain SELECT c FROM sbtest6 WHERE id=8986169
	Index Scan using sbtest6_pkey on sbtest6  (cost=0.43..8.45 rows=1 width=121)
	  Index Cond: (id = 8986169)

table 7 : explain SELECT c FROM sbtest7 WHERE id=3555212
	Index Scan using sbtest7_pkey on sbtest7  (cost=0.43..8.45 rows=1 width=121)
	  Index Cond: (id = 3555212)

table 8 : explain SELECT c FROM sbtest8 WHERE id=4879558
	Index Scan using sbtest8_pkey on sbtest8  (cost=0.43..8.45 rows=1 width=121)
	  Index Cond: (id = 4879558)

for: simple_ranges
table 1 : explain SELECT c FROM sbtest1 WHERE id BETWEEN 3830066 AND 3831065
	Bitmap Heap Scan on sbtest1  (cost=35.80..4280.09 rows=1109 width=121)
	  Recheck Cond: ((id >= 3830066) AND (id <= 3831065))
	  ->  Bitmap Index Scan on sbtest1_pkey  (cost=0.00..35.53 rows=1109 width=0)
	        Index Cond: ((id >= 3830066) AND (id <= 3831065))

table 2 : explain SELECT c FROM sbtest2 WHERE id BETWEEN 8827270 AND 8828269
	Bitmap Heap Scan on sbtest2  (cost=35.45..4156.74 rows=1075 width=121)
	  Recheck Cond: ((id >= 8827270) AND (id <= 8828269))
	  ->  Bitmap Index Scan on sbtest2_pkey  (cost=0.00..35.19 rows=1075 width=0)
	        Index Cond: ((id >= 8827270) AND (id <= 8828269))

table 3 : explain SELECT c FROM sbtest3 WHERE id BETWEEN 3381935 AND 3382934
	Bitmap Heap Scan on sbtest3  (cost=33.99..3618.31 rows=932 width=121)
	  Recheck Cond: ((id >= 3381935) AND (id <= 3382934))
	  ->  Bitmap Index Scan on sbtest3_pkey  (cost=0.00..33.76 rows=932 width=0)
	        Index Cond: ((id >= 3381935) AND (id <= 3382934))

table 4 : explain SELECT c FROM sbtest4 WHERE id BETWEEN 9792377 AND 9793376
	Bitmap Heap Scan on sbtest4  (cost=34.77..3911.86 rows=1008 width=121)
	  Recheck Cond: ((id >= 9792377) AND (id <= 9793376))
	  ->  Bitmap Index Scan on sbtest4_pkey  (cost=0.00..34.52 rows=1008 width=0)
	        Index Cond: ((id >= 9792377) AND (id <= 9793376))

table 5 : explain SELECT c FROM sbtest5 WHERE id BETWEEN 4196201 AND 4197200
	Bitmap Heap Scan on sbtest5  (cost=34.03..3639.57 rows=936 width=121)
	  Recheck Cond: ((id >= 4196201) AND (id <= 4197200))
	  ->  Bitmap Index Scan on sbtest5_pkey  (cost=0.00..33.80 rows=936 width=0)
	        Index Cond: ((id >= 4196201) AND (id <= 4197200))

table 6 : explain SELECT c FROM sbtest6 WHERE id BETWEEN 6093789 AND 6094788
	Bitmap Heap Scan on sbtest6  (cost=34.00..3622.67 rows=933 width=121)
	  Recheck Cond: ((id >= 6093789) AND (id <= 6094788))
	  ->  Bitmap Index Scan on sbtest6_pkey  (cost=0.00..33.77 rows=933 width=0)
	        Index Cond: ((id >= 6093789) AND (id <= 6094788))

table 7 : explain SELECT c FROM sbtest7 WHERE id BETWEEN 31007 AND 32006
	Bitmap Heap Scan on sbtest7  (cost=29.79..3541.39 rows=913 width=121)
	  Recheck Cond: ((id >= 31007) AND (id <= 32006))
	  ->  Bitmap Index Scan on sbtest7_pkey  (cost=0.00..29.57 rows=913 width=0)
	        Index Cond: ((id >= 31007) AND (id <= 32006))

table 8 : explain SELECT c FROM sbtest8 WHERE id BETWEEN 4540572 AND 4541571
	Bitmap Heap Scan on sbtest8  (cost=34.15..3678.27 rows=948 width=121)
	  Recheck Cond: ((id >= 4540572) AND (id <= 4541571))
	  ->  Bitmap Index Scan on sbtest8_pkey  (cost=0.00..33.92 rows=948 width=0)
	        Index Cond: ((id >= 4540572) AND (id <= 4541571))

for: order_ranges
table 1 : explain SELECT c FROM sbtest1 WHERE id BETWEEN 2934076 AND 2935075 ORDER BY c
	Sort  (cost=3843.42..3845.87 rows=979 width=121)
	  Sort Key: c
	  ->  Bitmap Heap Scan on sbtest1  (cost=34.47..3794.79 rows=979 width=121)
	        Recheck Cond: ((id >= 2934076) AND (id <= 2935075))
	        ->  Bitmap Index Scan on sbtest1_pkey  (cost=0.00..34.23 rows=979 width=0)
	              Index Cond: ((id >= 2934076) AND (id <= 2935075))

table 2 : explain SELECT c FROM sbtest2 WHERE id BETWEEN 8531095 AND 8532094 ORDER BY c
	Sort  (cost=3954.91..3957.43 rows=1008 width=121)
	  Sort Key: c
	  ->  Bitmap Heap Scan on sbtest2  (cost=34.77..3904.63 rows=1008 width=121)
	        Recheck Cond: ((id >= 8531095) AND (id <= 8532094))
	        ->  Bitmap Index Scan on sbtest2_pkey  (cost=0.00..34.52 rows=1008 width=0)
	              Index Cond: ((id >= 8531095) AND (id <= 8532094))

table 3 : explain SELECT c FROM sbtest3 WHERE id BETWEEN 8748711 AND 8749710 ORDER BY c
	Sort  (cost=3717.95..3720.31 rows=946 width=121)
	  Sort Key: c
	  ->  Bitmap Heap Scan on sbtest3  (cost=34.13..3671.19 rows=946 width=121)
	        Recheck Cond: ((id >= 8748711) AND (id <= 8749710))
	        ->  Bitmap Index Scan on sbtest3_pkey  (cost=0.00..33.90 rows=946 width=0)
	              Index Cond: ((id >= 8748711) AND (id <= 8749710))

table 4 : explain SELECT c FROM sbtest4 WHERE id BETWEEN 3720845 AND 3721844 ORDER BY c
	Sort  (cost=4463.74..4466.59 rows=1138 width=121)
	  Sort Key: c
	  ->  Bitmap Heap Scan on sbtest4  (cost=40.10..4405.98 rows=1138 width=121)
	        Recheck Cond: ((id >= 3720845) AND (id <= 3721844))
	        ->  Bitmap Index Scan on sbtest4_pkey  (cost=0.00..39.82 rows=1138 width=0)
	              Index Cond: ((id >= 3720845) AND (id <= 3721844))

table 5 : explain SELECT c FROM sbtest5 WHERE id BETWEEN 9629766 AND 9630765 ORDER BY c
	Sort  (cost=3808.70..3811.12 rows=968 width=121)
	  Sort Key: c
	  ->  Bitmap Heap Scan on sbtest5  (cost=34.36..3760.69 rows=968 width=121)
	        Recheck Cond: ((id >= 9629766) AND (id <= 9630765))
	        ->  Bitmap Index Scan on sbtest5_pkey  (cost=0.00..34.12 rows=968 width=0)
	              Index Cond: ((id >= 9629766) AND (id <= 9630765))

table 6 : explain SELECT c FROM sbtest6 WHERE id BETWEEN 778525 AND 779524 ORDER BY c
	Sort  (cost=3703.20..3705.55 rows=942 width=121)
	  Sort Key: c
	  ->  Bitmap Heap Scan on sbtest6  (cost=34.09..3656.67 rows=942 width=121)
	        Recheck Cond: ((id >= 778525) AND (id <= 779524))
	        ->  Bitmap Index Scan on sbtest6_pkey  (cost=0.00..33.86 rows=942 width=0)
	              Index Cond: ((id >= 778525) AND (id <= 779524))

table 7 : explain SELECT c FROM sbtest7 WHERE id BETWEEN 2631705 AND 2632704 ORDER BY c
	Sort  (cost=3957.85..3960.37 rows=1009 width=121)
	  Sort Key: c
	  ->  Bitmap Heap Scan on sbtest7  (cost=34.78..3907.51 rows=1009 width=121)
	        Recheck Cond: ((id >= 2631705) AND (id <= 2632704))
	        ->  Bitmap Index Scan on sbtest7_pkey  (cost=0.00..34.53 rows=1009 width=0)
	              Index Cond: ((id >= 2631705) AND (id <= 2632704))

table 8 : explain SELECT c FROM sbtest8 WHERE id BETWEEN 8454878 AND 8455877 ORDER BY c
	Sort  (cost=4084.76..4087.36 rows=1042 width=121)
	  Sort Key: c
	  ->  Bitmap Heap Scan on sbtest8  (cost=35.12..4032.52 rows=1042 width=121)
	        Recheck Cond: ((id >= 8454878) AND (id <= 8455877))
	        ->  Bitmap Index Scan on sbtest8_pkey  (cost=0.00..34.86 rows=1042 width=0)
	              Index Cond: ((id >= 8454878) AND (id <= 8455877))

explain: for point_selects :: explain SELECT c FROM sbtest%u WHERE id=%u
for: order_ranges
table 1 : explain SELECT c FROM sbtest1 WHERE id BETWEEN 6767690 AND 6768689 ORDER BY c
	Sort  (cost=3847.25..3849.70 rows=980 width=121)
	  Sort Key: c
	  ->  Bitmap Heap Scan on sbtest1  (cost=34.48..3798.56 rows=980 width=121)
	        Recheck Cond: ((id >= 6767690) AND (id <= 6768689))
	        ->  Bitmap Index Scan on sbtest1_pkey  (cost=0.00..34.23 rows=980 width=0)
	              Index Cond: ((id >= 6767690) AND (id <= 6768689))

table 2 : explain SELECT c FROM sbtest2 WHERE id BETWEEN 5872218 AND 5873217 ORDER BY c
	Sort  (cost=4161.25..4163.90 rows=1062 width=121)
	  Sort Key: c
	  ->  Bitmap Heap Scan on sbtest2  (cost=35.32..4107.87 rows=1062 width=121)
	        Recheck Cond: ((id >= 5872218) AND (id <= 5873217))
	        ->  Bitmap Index Scan on sbtest2_pkey  (cost=0.00..35.06 rows=1062 width=0)
	              Index Cond: ((id >= 5872218) AND (id <= 5873217))

table 3 : explain SELECT c FROM sbtest3 WHERE id BETWEEN 2191582 AND 2192581 ORDER BY c
	Sort  (cost=3464.57..3466.77 rows=881 width=121)
	  Sort Key: c
	  ->  Bitmap Heap Scan on sbtest3  (cost=29.47..3421.48 rows=881 width=121)
	        Recheck Cond: ((id >= 2191582) AND (id <= 2192581))
	        ->  Bitmap Index Scan on sbtest3_pkey  (cost=0.00..29.25 rows=881 width=0)
	              Index Cond: ((id >= 2191582) AND (id <= 2192581))

table 4 : explain SELECT c FROM sbtest4 WHERE id BETWEEN 9111770 AND 9112769 ORDER BY c
	Sort  (cost=4004.33..4006.87 rows=1019 width=121)
	  Sort Key: c
	  ->  Bitmap Heap Scan on sbtest4  (cost=34.88..3953.41 rows=1019 width=121)
	        Recheck Cond: ((id >= 9111770) AND (id <= 9112769))
	        ->  Bitmap Index Scan on sbtest4_pkey  (cost=0.00..34.62 rows=1019 width=0)
	              Index Cond: ((id >= 9111770) AND (id <= 9112769))

table 5 : explain SELECT c FROM sbtest5 WHERE id BETWEEN 5454337 AND 5455336 ORDER BY c
	Sort  (cost=3904.66..3907.14 rows=993 width=121)
	  Sort Key: c
	  ->  Bitmap Heap Scan on sbtest5  (cost=34.61..3855.23 rows=993 width=121)
	        Recheck Cond: ((id >= 5454337) AND (id <= 5455336))
	        ->  Bitmap Index Scan on sbtest5_pkey  (cost=0.00..34.37 rows=993 width=0)
	              Index Cond: ((id >= 5454337) AND (id <= 5455336))

table 6 : explain SELECT c FROM sbtest6 WHERE id BETWEEN 1204648 AND 1205647 ORDER BY c
	Sort  (cost=4028.64..4031.21 rows=1027 width=121)
	  Sort Key: c
	  ->  Bitmap Heap Scan on sbtest6  (cost=34.96..3977.27 rows=1027 width=121)
	        Recheck Cond: ((id >= 1204648) AND (id <= 1205647))
	        ->  Bitmap Index Scan on sbtest6_pkey  (cost=0.00..34.70 rows=1027 width=0)
	              Index Cond: ((id >= 1204648) AND (id <= 1205647))

table 7 : explain SELECT c FROM sbtest7 WHERE id BETWEEN 8754588 AND 8755587 ORDER BY c
	Sort  (cost=4106.85..4109.47 rows=1048 width=121)
	  Sort Key: c
	  ->  Bitmap Heap Scan on sbtest7  (cost=35.18..4054.27 rows=1048 width=121)
	        Recheck Cond: ((id >= 8754588) AND (id <= 8755587))
	        ->  Bitmap Index Scan on sbtest7_pkey  (cost=0.00..34.92 rows=1048 width=0)
	              Index Cond: ((id >= 8754588) AND (id <= 8755587))

table 8 : explain SELECT c FROM sbtest8 WHERE id BETWEEN 6588355 AND 6589354 ORDER BY c
	Sort  (cost=4096.21..4098.83 rows=1045 width=121)
	  Sort Key: c
	  ->  Bitmap Heap Scan on sbtest8  (cost=35.15..4043.81 rows=1045 width=121)
	        Recheck Cond: ((id >= 6588355) AND (id <= 6589354))
	        ->  Bitmap Index Scan on sbtest8_pkey  (cost=0.00..34.89 rows=1045 width=0)
	              Index Cond: ((id >= 6588355) AND (id <= 6589354))

for: order_ranges
table 1 : explain SELECT c FROM sbtest1 WHERE id BETWEEN 3414254 AND 3415253 ORDER BY c
	Sort  (cost=4076.64..4079.24 rows=1040 width=121)
	  Sort Key: c
	  ->  Bitmap Heap Scan on sbtest1  (cost=35.09..4024.52 rows=1040 width=121)
	        Recheck Cond: ((id >= 3414254) AND (id <= 3415253))
	        ->  Bitmap Index Scan on sbtest1_pkey  (cost=0.00..34.84 rows=1040 width=0)
	              Index Cond: ((id >= 3414254) AND (id <= 3415253))

table 2 : explain SELECT c FROM sbtest2 WHERE id BETWEEN 8005275 AND 8006274 ORDER BY c
	Sort  (cost=4306.24..4308.99 rows=1100 width=121)
	  Sort Key: c
	  ->  Bitmap Heap Scan on sbtest2  (cost=35.71..4250.67 rows=1100 width=121)
	        Recheck Cond: ((id >= 8005275) AND (id <= 8006274))
	        ->  Bitmap Index Scan on sbtest2_pkey  (cost=0.00..35.44 rows=1100 width=0)
	              Index Cond: ((id >= 8005275) AND (id <= 8006274))

table 3 : explain SELECT c FROM sbtest3 WHERE id BETWEEN 2579784 AND 2580783 ORDER BY c
	Sort  (cost=3890.28..3892.76 rows=991 width=121)
	  Sort Key: c
	  ->  Bitmap Heap Scan on sbtest3  (cost=34.59..3840.97 rows=991 width=121)
	        Recheck Cond: ((id >= 2579784) AND (id <= 2580783))
	        ->  Bitmap Index Scan on sbtest3_pkey  (cost=0.00..34.34 rows=991 width=0)
	              Index Cond: ((id >= 2579784) AND (id <= 2580783))

table 4 : explain SELECT c FROM sbtest4 WHERE id BETWEEN 5500731 AND 5501730 ORDER BY c
	Sort  (cost=3751.04..3753.43 rows=953 width=121)
	  Sort Key: c
	  ->  Bitmap Heap Scan on sbtest4  (cost=34.20..3703.89 rows=953 width=121)
	        Recheck Cond: ((id >= 5500731) AND (id <= 5501730))
	        ->  Bitmap Index Scan on sbtest4_pkey  (cost=0.00..33.97 rows=953 width=0)
	              Index Cond: ((id >= 5500731) AND (id <= 5501730))

table 5 : explain SELECT c FROM sbtest5 WHERE id BETWEEN 1797026 AND 1798025 ORDER BY c
	Sort  (cost=4157.64..4160.29 rows=1059 width=121)
	  Sort Key: c
	  ->  Bitmap Heap Scan on sbtest5  (cost=35.29..4104.43 rows=1059 width=121)
	        Recheck Cond: ((id >= 1797026) AND (id <= 1798025))
	        ->  Bitmap Index Scan on sbtest5_pkey  (cost=0.00..35.03 rows=1059 width=0)
	              Index Cond: ((id >= 1797026) AND (id <= 1798025))

table 6 : explain SELECT c FROM sbtest6 WHERE id BETWEEN 6651884 AND 6652883 ORDER BY c
	Sort  (cost=3672.52..3674.86 rows=934 width=121)
	  Sort Key: c
	  ->  Bitmap Heap Scan on sbtest6  (cost=34.01..3626.44 rows=934 width=121)
	        Recheck Cond: ((id >= 6651884) AND (id <= 6652883))
	        ->  Bitmap Index Scan on sbtest6_pkey  (cost=0.00..33.78 rows=934 width=0)
	              Index Cond: ((id >= 6651884) AND (id <= 6652883))

table 7 : explain SELECT c FROM sbtest7 WHERE id BETWEEN 568770 AND 569769 ORDER BY c
	Sort  (cost=3724.43..3726.80 rows=948 width=121)
	  Sort Key: c
	  ->  Bitmap Heap Scan on sbtest7  (cost=34.15..3677.56 rows=948 width=121)
	        Recheck Cond: ((id >= 568770) AND (id <= 569769))
	        ->  Bitmap Index Scan on sbtest7_pkey  (cost=0.00..33.92 rows=948 width=0)
	              Index Cond: ((id >= 568770) AND (id <= 569769))

table 8 : explain SELECT c FROM sbtest8 WHERE id BETWEEN 8393022 AND 8394021 ORDER BY c
	Sort  (cost=3954.81..3957.33 rows=1008 width=121)
	  Sort Key: c
	  ->  Bitmap Heap Scan on sbtest8  (cost=34.77..3904.52 rows=1008 width=121)
	        Recheck Cond: ((id >= 8393022) AND (id <= 8394021))
	        ->  Bitmap Index Scan on sbtest8_pkey  (cost=0.00..34.52 rows=1008 width=0)
	              Index Cond: ((id >= 8393022) AND (id <= 8394021))

for: order_ranges
table 1 : explain SELECT c FROM sbtest1 WHERE id BETWEEN 659444 AND 660443 ORDER BY c
	Sort  (cost=4038.44..4041.01 rows=1030 width=121)
	  Sort Key: c
	  ->  Bitmap Heap Scan on sbtest1  (cost=34.99..3986.89 rows=1030 width=121)
	        Recheck Cond: ((id >= 659444) AND (id <= 660443))
	        ->  Bitmap Index Scan on sbtest1_pkey  (cost=0.00..34.73 rows=1030 width=0)
	              Index Cond: ((id >= 659444) AND (id <= 660443))

table 2 : explain SELECT c FROM sbtest2 WHERE id BETWEEN 9149752 AND 9150751 ORDER BY c
	Sort  (cost=4332.93..4335.70 rows=1107 width=121)
	  Sort Key: c
	  ->  Bitmap Heap Scan on sbtest2  (cost=35.78..4276.96 rows=1107 width=121)
	        Recheck Cond: ((id >= 9149752) AND (id <= 9150751))
	        ->  Bitmap Index Scan on sbtest2_pkey  (cost=0.00..35.51 rows=1107 width=0)
	              Index Cond: ((id >= 9149752) AND (id <= 9150751))

table 3 : explain SELECT c FROM sbtest3 WHERE id BETWEEN 5366517 AND 5367516 ORDER BY c
	Sort  (cost=3710.28..3712.64 rows=944 width=121)
	  Sort Key: c
	  ->  Bitmap Heap Scan on sbtest3  (cost=34.11..3663.64 rows=944 width=121)
	        Recheck Cond: ((id >= 5366517) AND (id <= 5367516))
	        ->  Bitmap Index Scan on sbtest3_pkey  (cost=0.00..33.88 rows=944 width=0)
	              Index Cond: ((id >= 5366517) AND (id <= 5367516))

table 4 : explain SELECT c FROM sbtest4 WHERE id BETWEEN 8313099 AND 8314098 ORDER BY c
	Sort  (cost=3562.51..3564.78 rows=905 width=121)
	  Sort Key: c
	  ->  Bitmap Heap Scan on sbtest4  (cost=29.71..3518.07 rows=905 width=121)
	        Recheck Cond: ((id >= 8313099) AND (id <= 8314098))
	        ->  Bitmap Index Scan on sbtest4_pkey  (cost=0.00..29.48 rows=905 width=0)
	              Index Cond: ((id >= 8313099) AND (id <= 8314098))

table 5 : explain SELECT c FROM sbtest5 WHERE id BETWEEN 9465130 AND 9466129 ORDER BY c
	Sort  (cost=3678.08..3680.41 rows=934 width=121)
	  Sort Key: c
	  ->  Bitmap Heap Scan on sbtest5  (cost=34.01..3632.00 rows=934 width=121)
	        Recheck Cond: ((id >= 9465130) AND (id <= 9466129))
	        ->  Bitmap Index Scan on sbtest5_pkey  (cost=0.00..33.78 rows=934 width=0)
	              Index Cond: ((id >= 9465130) AND (id <= 9466129))

table 6 : explain SELECT c FROM sbtest6 WHERE id BETWEEN 468446 AND 469445 ORDER BY c
	Sort  (cost=4112.73..4115.35 rows=1049 width=121)
	  Sort Key: c
	  ->  Bitmap Heap Scan on sbtest6  (cost=35.19..4060.10 rows=1049 width=121)
	        Recheck Cond: ((id >= 468446) AND (id <= 469445))
	        ->  Bitmap Index Scan on sbtest6_pkey  (cost=0.00..34.93 rows=1049 width=0)
	              Index Cond: ((id >= 468446) AND (id <= 469445))

table 7 : explain SELECT c FROM sbtest7 WHERE id BETWEEN 4924031 AND 4925030 ORDER BY c
	Sort  (cost=4206.08..4208.76 rows=1074 width=121)
	  Sort Key: c
	  ->  Bitmap Heap Scan on sbtest7  (cost=35.44..4152.01 rows=1074 width=121)
	        Recheck Cond: ((id >= 4924031) AND (id <= 4925030))
	        ->  Bitmap Index Scan on sbtest7_pkey  (cost=0.00..35.18 rows=1074 width=0)
	              Index Cond: ((id >= 4924031) AND (id <= 4925030))

table 8 : explain SELECT c FROM sbtest8 WHERE id BETWEEN 3895113 AND 3896112 ORDER BY c
	Sort  (cost=4260.35..4263.07 rows=1088 width=121)
	  Sort Key: c
	  ->  Bitmap Heap Scan on sbtest8  (cost=35.59..4205.48 rows=1088 width=121)
	        Recheck Cond: ((id >= 3895113) AND (id <= 3896112))
	        ->  Bitmap Index Scan on sbtest8_pkey  (cost=0.00..35.32 rows=1088 width=0)
	              Index Cond: ((id >= 3895113) AND (id <= 3896112))

for: distinct_ranges
table 1 : explain SELECT DISTINCT c FROM sbtest1 WHERE id BETWEEN 8457200 AND 8458199 ORDER BY c
	Unique  (cost=3778.34..3783.15 rows=962 width=121)
	  ->  Sort  (cost=3778.34..3780.75 rows=962 width=121)
	        Sort Key: c
	        ->  Bitmap Heap Scan on sbtest1  (cost=34.30..3730.68 rows=962 width=121)
	              Recheck Cond: ((id >= 8457200) AND (id <= 8458199))
	              ->  Bitmap Index Scan on sbtest1_pkey  (cost=0.00..34.06 rows=962 width=0)
	                    Index Cond: ((id >= 8457200) AND (id <= 8458199))

table 2 : explain SELECT DISTINCT c FROM sbtest2 WHERE id BETWEEN 4034907 AND 4035906 ORDER BY c
	Unique  (cost=4264.29..4269.73 rows=1089 width=121)
	  ->  Sort  (cost=4264.29..4267.01 rows=1089 width=121)
	        Sort Key: c
	        ->  Bitmap Heap Scan on sbtest2  (cost=35.60..4209.35 rows=1089 width=121)
	              Recheck Cond: ((id >= 4034907) AND (id <= 4035906))
	              ->  Bitmap Index Scan on sbtest2_pkey  (cost=0.00..35.33 rows=1089 width=0)
	                    Index Cond: ((id >= 4034907) AND (id <= 4035906))

table 3 : explain SELECT DISTINCT c FROM sbtest3 WHERE id BETWEEN 4536112 AND 4537111 ORDER BY c
	Unique  (cost=3997.39..4002.49 rows=1019 width=121)
	  ->  Sort  (cost=3997.39..3999.94 rows=1019 width=121)
	        Sort Key: c
	        ->  Bitmap Heap Scan on sbtest3  (cost=34.88..3946.48 rows=1019 width=121)
	              Recheck Cond: ((id >= 4536112) AND (id <= 4537111))
	              ->  Bitmap Index Scan on sbtest3_pkey  (cost=0.00..34.62 rows=1019 width=0)
	                    Index Cond: ((id >= 4536112) AND (id <= 4537111))

table 4 : explain SELECT DISTINCT c FROM sbtest4 WHERE id BETWEEN 2462525 AND 2463524 ORDER BY c
	Unique  (cost=3824.01..3828.87 rows=972 width=121)
	  ->  Sort  (cost=3824.01..3826.44 rows=972 width=121)
	        Sort Key: c
	        ->  Bitmap Heap Scan on sbtest4  (cost=34.40..3775.78 rows=972 width=121)
	              Recheck Cond: ((id >= 2462525) AND (id <= 2463524))
	              ->  Bitmap Index Scan on sbtest4_pkey  (cost=0.00..34.16 rows=972 width=0)
	                    Index Cond: ((id >= 2462525) AND (id <= 2463524))

table 5 : explain SELECT DISTINCT c FROM sbtest5 WHERE id BETWEEN 315414 AND 316413 ORDER BY c
	Unique  (cost=3985.21..3990.28 rows=1014 width=121)
	  ->  Sort  (cost=3985.21..3987.74 rows=1014 width=121)
	        Sort Key: c
	        ->  Bitmap Heap Scan on sbtest5  (cost=34.83..3934.58 rows=1014 width=121)
	              Recheck Cond: ((id >= 315414) AND (id <= 316413))
	              ->  Bitmap Index Scan on sbtest5_pkey  (cost=0.00..34.58 rows=1014 width=0)
	                    Index Cond: ((id >= 315414) AND (id <= 316413))

table 6 : explain SELECT DISTINCT c FROM sbtest6 WHERE id BETWEEN 225307 AND 226306 ORDER BY c
	Unique  (cost=4441.17..4446.85 rows=1135 width=121)
	  ->  Sort  (cost=4441.17..4444.01 rows=1135 width=121)
	        Sort Key: c
	        ->  Bitmap Heap Scan on sbtest6  (cost=40.07..4383.58 rows=1135 width=121)
	              Recheck Cond: ((id >= 225307) AND (id <= 226306))
	              ->  Bitmap Index Scan on sbtest6_pkey  (cost=0.00..39.79 rows=1135 width=0)
	                    Index Cond: ((id >= 225307) AND (id <= 226306))

table 7 : explain SELECT DISTINCT c FROM sbtest7 WHERE id BETWEEN 5748529 AND 5749528 ORDER BY c
	Unique  (cost=4041.92..4047.08 rows=1031 width=121)
	  ->  Sort  (cost=4041.92..4044.50 rows=1031 width=121)
	        Sort Key: c
	        ->  Bitmap Heap Scan on sbtest7  (cost=35.00..3990.32 rows=1031 width=121)
	              Recheck Cond: ((id >= 5748529) AND (id <= 5749528))
	              ->  Bitmap Index Scan on sbtest7_pkey  (cost=0.00..34.75 rows=1031 width=0)
	                    Index Cond: ((id >= 5748529) AND (id <= 5749528))

table 8 : explain SELECT DISTINCT c FROM sbtest8 WHERE id BETWEEN 9747617 AND 9748616 ORDER BY c
	Unique  (cost=3709.81..3714.53 rows=944 width=121)
	  ->  Sort  (cost=3709.81..3712.17 rows=944 width=121)
	        Sort Key: c
	        ->  Bitmap Heap Scan on sbtest8  (cost=34.11..3663.17 rows=944 width=121)
	              Recheck Cond: ((id >= 9747617) AND (id <= 9748616))
	              ->  Bitmap Index Scan on sbtest8_pkey  (cost=0.00..33.88 rows=944 width=0)
	                    Index Cond: ((id >= 9747617) AND (id <= 9748616))

for: simple_ranges
table 1 : explain SELECT c FROM sbtest1 WHERE id BETWEEN 2284378 AND 2285377
	Bitmap Heap Scan on sbtest1  (cost=35.07..4017.00 rows=1038 width=121)
	  Recheck Cond: ((id >= 2284378) AND (id <= 2285377))
	  ->  Bitmap Index Scan on sbtest1_pkey  (cost=0.00..34.82 rows=1038 width=0)
	        Index Cond: ((id >= 2284378) AND (id <= 2285377))

table 2 : explain SELECT c FROM sbtest2 WHERE id BETWEEN 3850495 AND 3851494
	Bitmap Heap Scan on sbtest2  (cost=29.88..3572.39 rows=921 width=121)
	  Recheck Cond: ((id >= 3850495) AND (id <= 3851494))
	  ->  Bitmap Index Scan on sbtest2_pkey  (cost=0.00..29.64 rows=921 width=0)
	        Index Cond: ((id >= 3850495) AND (id <= 3851494))

table 3 : explain SELECT c FROM sbtest3 WHERE id BETWEEN 7009495 AND 7010494
	Bitmap Heap Scan on sbtest3  (cost=34.14..3674.96 rows=947 width=121)
	  Recheck Cond: ((id >= 7009495) AND (id <= 7010494))
	  ->  Bitmap Index Scan on sbtest3_pkey  (cost=0.00..33.91 rows=947 width=0)
	        Index Cond: ((id >= 7009495) AND (id <= 7010494))

table 4 : explain SELECT c FROM sbtest4 WHERE id BETWEEN 5135201 AND 5136200
	Bitmap Heap Scan on sbtest4  (cost=34.94..3976.07 rows=1025 width=121)
	  Recheck Cond: ((id >= 5135201) AND (id <= 5136200))
	  ->  Bitmap Index Scan on sbtest4_pkey  (cost=0.00..34.69 rows=1025 width=0)
	        Index Cond: ((id >= 5135201) AND (id <= 5136200))

table 5 : explain SELECT c FROM sbtest5 WHERE id BETWEEN 590269 AND 591268
	Bitmap Heap Scan on sbtest5  (cost=34.74..3900.58 rows=1005 width=121)
	  Recheck Cond: ((id >= 590269) AND (id <= 591268))
	  ->  Bitmap Index Scan on sbtest5_pkey  (cost=0.00..34.48 rows=1005 width=0)
	        Index Cond: ((id >= 590269) AND (id <= 591268))

table 6 : explain SELECT c FROM sbtest6 WHERE id BETWEEN 6317493 AND 6318492
	Bitmap Heap Scan on sbtest6  (cost=35.19..4060.10 rows=1049 width=121)
	  Recheck Cond: ((id >= 6317493) AND (id <= 6318492))
	  ->  Bitmap Index Scan on sbtest6_pkey  (cost=0.00..34.93 rows=1049 width=0)
	        Index Cond: ((id >= 6317493) AND (id <= 6318492))

table 7 : explain SELECT c FROM sbtest7 WHERE id BETWEEN 9767227 AND 9768226
	Bitmap Heap Scan on sbtest7  (cost=34.37..3756.77 rows=969 width=121)
	  Recheck Cond: ((id >= 9767227) AND (id <= 9768226))
	  ->  Bitmap Index Scan on sbtest7_pkey  (cost=0.00..34.12 rows=969 width=0)
	        Index Cond: ((id >= 9767227) AND (id <= 9768226))

table 8 : explain SELECT c FROM sbtest8 WHERE id BETWEEN 1736520 AND 1737519
	Bitmap Heap Scan on sbtest8  (cost=34.65..3863.08 rows=997 width=121)
	  Recheck Cond: ((id >= 1736520) AND (id <= 1737519))
	  ->  Bitmap Index Scan on sbtest8_pkey  (cost=0.00..34.41 rows=997 width=0)
	        Index Cond: ((id >= 1736520) AND (id <= 1737519))

for: distinct_ranges
table 1 : explain SELECT DISTINCT c FROM sbtest1 WHERE id BETWEEN 4680568 AND 4681567 ORDER BY c
	Unique  (cost=3716.89..3721.63 rows=947 width=121)
	  ->  Sort  (cost=3716.89..3719.26 rows=947 width=121)
	        Sort Key: c
	        ->  Bitmap Heap Scan on sbtest1  (cost=30.14..3670.08 rows=947 width=121)
	              Recheck Cond: ((id >= 4680568) AND (id <= 4681567))
	              ->  Bitmap Index Scan on sbtest1_pkey  (cost=0.00..29.90 rows=947 width=0)
	                    Index Cond: ((id >= 4680568) AND (id <= 4681567))

table 2 : explain SELECT DISTINCT c FROM sbtest2 WHERE id BETWEEN 6788308 AND 6789307 ORDER BY c
	Unique  (cost=3663.75..3668.41 rows=933 width=121)
	  ->  Sort  (cost=3663.75..3666.08 rows=933 width=121)
	        Sort Key: c
	        ->  Bitmap Heap Scan on sbtest2  (cost=30.00..3617.72 rows=933 width=121)
	              Recheck Cond: ((id >= 6788308) AND (id <= 6789307))
	              ->  Bitmap Index Scan on sbtest2_pkey  (cost=0.00..29.76 rows=933 width=0)
	                    Index Cond: ((id >= 6788308) AND (id <= 6789307))

table 3 : explain SELECT DISTINCT c FROM sbtest3 WHERE id BETWEEN 6300349 AND 6301348 ORDER BY c
	Unique  (cost=3717.95..3722.68 rows=946 width=121)
	  ->  Sort  (cost=3717.95..3720.31 rows=946 width=121)
	        Sort Key: c
	        ->  Bitmap Heap Scan on sbtest3  (cost=34.13..3671.19 rows=946 width=121)
	              Recheck Cond: ((id >= 6300349) AND (id <= 6301348))
	              ->  Bitmap Index Scan on sbtest3_pkey  (cost=0.00..33.90 rows=946 width=0)
	                    Index Cond: ((id >= 6300349) AND (id <= 6301348))

table 4 : explain SELECT DISTINCT c FROM sbtest4 WHERE id BETWEEN 4600893 AND 4601892 ORDER BY c
	Unique  (cost=3854.72..3859.62 rows=980 width=121)
	  ->  Sort  (cost=3854.72..3857.17 rows=980 width=121)
	        Sort Key: c
	        ->  Bitmap Heap Scan on sbtest4  (cost=34.48..3806.03 rows=980 width=121)
	              Recheck Cond: ((id >= 4600893) AND (id <= 4601892))
	              ->  Bitmap Index Scan on sbtest4_pkey  (cost=0.00..34.23 rows=980 width=0)
	                    Index Cond: ((id >= 4600893) AND (id <= 4601892))

table 5 : explain SELECT DISTINCT c FROM sbtest5 WHERE id BETWEEN 7433715 AND 7434714 ORDER BY c
	Unique  (cost=3797.18..3802.01 rows=965 width=121)
	  ->  Sort  (cost=3797.18..3799.59 rows=965 width=121)
	        Sort Key: c
	        ->  Bitmap Heap Scan on sbtest5  (cost=34.33..3749.34 rows=965 width=121)
	              Recheck Cond: ((id >= 7433715) AND (id <= 7434714))
	              ->  Bitmap Index Scan on sbtest5_pkey  (cost=0.00..34.09 rows=965 width=0)
	                    Index Cond: ((id >= 7433715) AND (id <= 7434714))

table 6 : explain SELECT DISTINCT c FROM sbtest6 WHERE id BETWEEN 5945426 AND 5946425 ORDER BY c
	Unique  (cost=3856.46..3861.37 rows=982 width=121)
	  ->  Sort  (cost=3856.46..3858.91 rows=982 width=121)
	        Sort Key: c
	        ->  Bitmap Heap Scan on sbtest6  (cost=34.50..3807.65 rows=982 width=121)
	              Recheck Cond: ((id >= 5945426) AND (id <= 5946425))
	              ->  Bitmap Index Scan on sbtest6_pkey  (cost=0.00..34.26 rows=982 width=0)
	                    Index Cond: ((id >= 5945426) AND (id <= 5946425))

table 7 : explain SELECT DISTINCT c FROM sbtest7 WHERE id BETWEEN 1256667 AND 1257666 ORDER BY c
	Unique  (cost=3751.24..3756.01 rows=955 width=121)
	  ->  Sort  (cost=3751.24..3753.63 rows=955 width=121)
	        Sort Key: c
	        ->  Bitmap Heap Scan on sbtest7  (cost=34.22..3703.97 rows=955 width=121)
	              Recheck Cond: ((id >= 1256667) AND (id <= 1257666))
	              ->  Bitmap Index Scan on sbtest7_pkey  (cost=0.00..33.98 rows=955 width=0)
	                    Index Cond: ((id >= 1256667) AND (id <= 1257666))

table 8 : explain SELECT DISTINCT c FROM sbtest8 WHERE id BETWEEN 3380471 AND 3381470 ORDER BY c
	Unique  (cost=3563.94..3568.48 rows=907 width=121)
	  ->  Sort  (cost=3563.94..3566.21 rows=907 width=121)
	        Sort Key: c
	        ->  Bitmap Heap Scan on sbtest8  (cost=29.73..3519.39 rows=907 width=121)
	              Recheck Cond: ((id >= 3380471) AND (id <= 3381470))
	              ->  Bitmap Index Scan on sbtest8_pkey  (cost=0.00..29.50 rows=907 width=0)
	                    Index Cond: ((id >= 3380471) AND (id <= 3381470))

explain: for point_selects :: explain SELECT c FROM sbtest%u WHERE id=%u
for: distinct_ranges
table 1 : explain SELECT DISTINCT c FROM sbtest1 WHERE id BETWEEN 1280627 AND 1281626 ORDER BY c
	Unique  (cost=4107.19..4112.43 rows=1048 width=121)
	  ->  Sort  (cost=4107.19..4109.81 rows=1048 width=121)
	        Sort Key: c
	        ->  Bitmap Heap Scan on sbtest1  (cost=35.18..4054.62 rows=1048 width=121)
	              Recheck Cond: ((id >= 1280627) AND (id <= 1281626))
	              ->  Bitmap Index Scan on sbtest1_pkey  (cost=0.00..34.92 rows=1048 width=0)
	                    Index Cond: ((id >= 1280627) AND (id <= 1281626))

table 2 : explain SELECT DISTINCT c FROM sbtest2 WHERE id BETWEEN 3920649 AND 3921648 ORDER BY c
	Unique  (cost=4035.20..4040.34 rows=1029 width=121)
	  ->  Sort  (cost=4035.20..4037.77 rows=1029 width=121)
	        Sort Key: c
	        ->  Bitmap Heap Scan on sbtest2  (cost=34.98..3983.71 rows=1029 width=121)
	              Recheck Cond: ((id >= 3920649) AND (id <= 3921648))
	              ->  Bitmap Index Scan on sbtest2_pkey  (cost=0.00..34.73 rows=1029 width=0)
	                    Index Cond: ((id >= 3920649) AND (id <= 3921648))

table 3 : explain SELECT DISTINCT c FROM sbtest3 WHERE id BETWEEN 5449190 AND 5450189 ORDER BY c
	Unique  (cost=3710.28..3715.00 rows=944 width=121)
	  ->  Sort  (cost=3710.28..3712.64 rows=944 width=121)
	        Sort Key: c
	        ->  Bitmap Heap Scan on sbtest3  (cost=34.11..3663.64 rows=944 width=121)
	              Recheck Cond: ((id >= 5449190) AND (id <= 5450189))
	              ->  Bitmap Index Scan on sbtest3_pkey  (cost=0.00..33.88 rows=944 width=0)
	                    Index Cond: ((id >= 5449190) AND (id <= 5450189))

table 4 : explain SELECT DISTINCT c FROM sbtest4 WHERE id BETWEEN 5930269 AND 5931268 ORDER BY c
	Unique  (cost=3762.57..3767.35 rows=956 width=121)
	  ->  Sort  (cost=3762.57..3764.96 rows=956 width=121)
	        Sort Key: c
	        ->  Bitmap Heap Scan on sbtest4  (cost=34.23..3715.24 rows=956 width=121)
	              Recheck Cond: ((id >= 5930269) AND (id <= 5931268))
	              ->  Bitmap Index Scan on sbtest4_pkey  (cost=0.00..34.00 rows=956 width=0)
	                    Index Cond: ((id >= 5930269) AND (id <= 5931268))

table 5 : explain SELECT DISTINCT c FROM sbtest5 WHERE id BETWEEN 5237199 AND 5238198 ORDER BY c
	Unique  (cost=3535.62..3540.11 rows=898 width=121)
	  ->  Sort  (cost=3535.62..3537.87 rows=898 width=121)
	        Sort Key: c
	        ->  Bitmap Heap Scan on sbtest5  (cost=29.64..3491.57 rows=898 width=121)
	              Recheck Cond: ((id >= 5237199) AND (id <= 5238198))
	              ->  Bitmap Index Scan on sbtest5_pkey  (cost=0.00..29.41 rows=898 width=0)
	                    Index Cond: ((id >= 5237199) AND (id <= 5238198))

table 6 : explain SELECT DISTINCT c FROM sbtest6 WHERE id BETWEEN 8603558 AND 8604557 ORDER BY c
	Unique  (cost=3392.45..3396.72 rows=854 width=121)
	  ->  Sort  (cost=3392.45..3394.59 rows=854 width=121)
	        Sort Key: c
	        ->  Index Scan using sbtest6_pkey on sbtest6  (cost=0.43..3350.87 rows=854 width=121)
	              Index Cond: ((id >= 8603558) AND (id <= 8604557))

table 7 : explain SELECT DISTINCT c FROM sbtest7 WHERE id BETWEEN 4457132 AND 4458131 ORDER BY c
	Unique  (cost=3831.63..3836.51 rows=976 width=121)
	  ->  Sort  (cost=3831.63..3834.07 rows=976 width=121)
	        Sort Key: c
	        ->  Bitmap Heap Scan on sbtest7  (cost=34.44..3783.17 rows=976 width=121)
	              Recheck Cond: ((id >= 4457132) AND (id <= 4458131))
	              ->  Bitmap Index Scan on sbtest7_pkey  (cost=0.00..34.20 rows=976 width=0)
	                    Index Cond: ((id >= 4457132) AND (id <= 4458131))

table 8 : explain SELECT DISTINCT c FROM sbtest8 WHERE id BETWEEN 3225066 AND 3226065 ORDER BY c
	Unique  (cost=3813.23..3818.09 rows=971 width=121)
	  ->  Sort  (cost=3813.23..3815.66 rows=971 width=121)
	        Sort Key: c
	        ->  Bitmap Heap Scan on sbtest8  (cost=34.39..3765.05 rows=971 width=121)
	              Recheck Cond: ((id >= 3225066) AND (id <= 3226065))
	              ->  Bitmap Index Scan on sbtest8_pkey  (cost=0.00..34.15 rows=971 width=0)
	                    Index Cond: ((id >= 3225066) AND (id <= 3226065))

for: distinct_ranges
table 1 : explain SELECT DISTINCT c FROM sbtest1 WHERE id BETWEEN 8424249 AND 8425248 ORDER BY c
	Unique  (cost=3778.34..3783.15 rows=962 width=121)
	  ->  Sort  (cost=3778.34..3780.75 rows=962 width=121)
	        Sort Key: c
	        ->  Bitmap Heap Scan on sbtest1  (cost=34.30..3730.68 rows=962 width=121)
	              Recheck Cond: ((id >= 8424249) AND (id <= 8425248))
	              ->  Bitmap Index Scan on sbtest1_pkey  (cost=0.00..34.06 rows=962 width=0)
	                    Index Cond: ((id >= 8424249) AND (id <= 8425248))

table 2 : explain SELECT DISTINCT c FROM sbtest2 WHERE id BETWEEN 1089207 AND 1090206 ORDER BY c
	Unique  (cost=4103.97..4109.20 rows=1047 width=121)
	  ->  Sort  (cost=4103.97..4106.58 rows=1047 width=121)
	        Sort Key: c
	        ->  Bitmap Heap Scan on sbtest2  (cost=35.17..4051.45 rows=1047 width=121)
	              Recheck Cond: ((id >= 1089207) AND (id <= 1090206))
	              ->  Bitmap Index Scan on sbtest2_pkey  (cost=0.00..34.91 rows=1047 width=0)
	                    Index Cond: ((id >= 1089207) AND (id <= 1090206))

table 3 : explain SELECT DISTINCT c FROM sbtest3 WHERE id BETWEEN 4919937 AND 4920936 ORDER BY c
	Unique  (cost=4165.51..4170.83 rows=1063 width=121)
	  ->  Sort  (cost=4165.51..4168.17 rows=1063 width=121)
	        Sort Key: c
	        ->  Bitmap Heap Scan on sbtest3  (cost=35.33..4112.08 rows=1063 width=121)
	              Recheck Cond: ((id >= 4919937) AND (id <= 4920936))
	              ->  Bitmap Index Scan on sbtest3_pkey  (cost=0.00..35.07 rows=1063 width=0)
	                    Index Cond: ((id >= 4919937) AND (id <= 4920936))

table 4 : explain SELECT DISTINCT c FROM sbtest4 WHERE id BETWEEN 4364363 AND 4365362 ORDER BY c
	Unique  (cost=4356.73..4362.28 rows=1110 width=121)
	  ->  Sort  (cost=4356.73..4359.50 rows=1110 width=121)
	        Sort Key: c
	        ->  Bitmap Heap Scan on sbtest4  (cost=39.81..4300.58 rows=1110 width=121)
	              Recheck Cond: ((id >= 4364363) AND (id <= 4365362))
	              ->  Bitmap Index Scan on sbtest4_pkey  (cost=0.00..39.54 rows=1110 width=0)
	                    Index Cond: ((id >= 4364363) AND (id <= 4365362))

table 5 : explain SELECT DISTINCT c FROM sbtest5 WHERE id BETWEEN 2984665 AND 2985664 ORDER BY c
	Unique  (cost=3889.31..3894.26 rows=989 width=121)
	  ->  Sort  (cost=3889.31..3891.78 rows=989 width=121)
	        Sort Key: c
	        ->  Bitmap Heap Scan on sbtest5  (cost=34.57..3840.11 rows=989 width=121)
	              Recheck Cond: ((id >= 2984665) AND (id <= 2985664))
	              ->  Bitmap Index Scan on sbtest5_pkey  (cost=0.00..34.33 rows=989 width=0)
	                    Index Cond: ((id >= 2984665) AND (id <= 2985664))

table 6 : explain SELECT DISTINCT c FROM sbtest6 WHERE id BETWEEN 8040775 AND 8041774 ORDER BY c
	Unique  (cost=3898.57..3903.53 rows=993 width=121)
	  ->  Sort  (cost=3898.57..3901.05 rows=993 width=121)
	        Sort Key: c
	        ->  Bitmap Heap Scan on sbtest6  (cost=34.61..3849.14 rows=993 width=121)
	              Recheck Cond: ((id >= 8040775) AND (id <= 8041774))
	              ->  Bitmap Index Scan on sbtest6_pkey  (cost=0.00..34.37 rows=993 width=0)
	                    Index Cond: ((id >= 8040775) AND (id <= 8041774))

table 7 : explain SELECT DISTINCT c FROM sbtest7 WHERE id BETWEEN 9506053 AND 9507052 ORDER BY c
	Unique  (cost=3938.73..3943.75 rows=1004 width=121)
	  ->  Sort  (cost=3938.73..3941.24 rows=1004 width=121)
	        Sort Key: c
	        ->  Bitmap Heap Scan on sbtest7  (cost=34.73..3888.68 rows=1004 width=121)
	              Recheck Cond: ((id >= 9506053) AND (id <= 9507052))
	              ->  Bitmap Index Scan on sbtest7_pkey  (cost=0.00..34.48 rows=1004 width=0)
	                    Index Cond: ((id >= 9506053) AND (id <= 9507052))

table 8 : explain SELECT DISTINCT c FROM sbtest8 WHERE id BETWEEN 1354767 AND 1355766 ORDER BY c
	Unique  (cost=3736.63..3741.39 rows=951 width=121)
	  ->  Sort  (cost=3736.63..3739.01 rows=951 width=121)
	        Sort Key: c
	        ->  Bitmap Heap Scan on sbtest8  (cost=34.18..3689.59 rows=951 width=121)
	              Recheck Cond: ((id >= 1354767) AND (id <= 1355766))
	              ->  Bitmap Index Scan on sbtest8_pkey  (cost=0.00..33.95 rows=951 width=0)
	                    Index Cond: ((id >= 1354767) AND (id <= 1355766))

for: sum_ranges
table 1 : explain SELECT SUM(k) FROM sbtest1 WHERE id BETWEEN 8148372 AND 8149371
	Aggregate  (cost=3793.46..3793.47 rows=1 width=8)
	  ->  Bitmap Heap Scan on sbtest1  (cost=34.46..3791.02 rows=978 width=4)
	        Recheck Cond: ((id >= 8148372) AND (id <= 8149371))
	        ->  Bitmap Index Scan on sbtest1_pkey  (cost=0.00..34.22 rows=978 width=0)
	              Index Cond: ((id >= 8148372) AND (id <= 8149371))

table 2 : explain SELECT SUM(k) FROM sbtest2 WHERE id BETWEEN 4908311 AND 4909310
	Aggregate  (cost=3676.96..3676.97 rows=1 width=8)
	  ->  Bitmap Heap Scan on sbtest2  (cost=34.14..3674.59 rows=947 width=4)
	        Recheck Cond: ((id >= 4908311) AND (id <= 4909310))
	        ->  Bitmap Index Scan on sbtest2_pkey  (cost=0.00..33.91 rows=947 width=0)
	              Index Cond: ((id >= 4908311) AND (id <= 4909310))

table 3 : explain SELECT SUM(k) FROM sbtest3 WHERE id BETWEEN 1921552 AND 1922551
	Aggregate  (cost=4024.38..4024.39 rows=1 width=8)
	  ->  Bitmap Heap Scan on sbtest3  (cost=35.08..4021.78 rows=1039 width=4)
	        Recheck Cond: ((id >= 1921552) AND (id <= 1922551))
	        ->  Bitmap Index Scan on sbtest3_pkey  (cost=0.00..34.83 rows=1039 width=0)
	              Index Cond: ((id >= 1921552) AND (id <= 1922551))

table 4 : explain SELECT SUM(k) FROM sbtest4 WHERE id BETWEEN 2319585 AND 2320584
	Aggregate  (cost=3793.34..3793.35 rows=1 width=8)
	  ->  Bitmap Heap Scan on sbtest4  (cost=34.44..3790.90 rows=976 width=4)
	        Recheck Cond: ((id >= 2319585) AND (id <= 2320584))
	        ->  Bitmap Index Scan on sbtest4_pkey  (cost=0.00..34.20 rows=976 width=0)
	              Index Cond: ((id >= 2319585) AND (id <= 2320584))

table 5 : explain SELECT SUM(k) FROM sbtest5 WHERE id BETWEEN 9331088 AND 9332087
	Aggregate  (cost=3937.11..3937.12 rows=1 width=8)
	  ->  Bitmap Heap Scan on sbtest5  (cost=34.83..3934.58 rows=1014 width=4)
	        Recheck Cond: ((id >= 9331088) AND (id <= 9332087))
	        ->  Bitmap Index Scan on sbtest5_pkey  (cost=0.00..34.58 rows=1014 width=0)
	              Index Cond: ((id >= 9331088) AND (id <= 9332087))

table 6 : explain SELECT SUM(k) FROM sbtest6 WHERE id BETWEEN 193568 AND 194567
	Aggregate  (cost=4386.42..4386.43 rows=1 width=8)
	  ->  Bitmap Heap Scan on sbtest6  (cost=40.07..4383.58 rows=1135 width=4)
	        Recheck Cond: ((id >= 193568) AND (id <= 194567))
	        ->  Bitmap Index Scan on sbtest6_pkey  (cost=0.00..39.79 rows=1135 width=0)
	              Index Cond: ((id >= 193568) AND (id <= 194567))

table 7 : explain SELECT SUM(k) FROM sbtest7 WHERE id BETWEEN 2569151 AND 2570150
	Aggregate  (cost=4053.13..4053.14 rows=1 width=8)
	  ->  Bitmap Heap Scan on sbtest7  (cost=35.17..4050.51 rows=1047 width=4)
	        Recheck Cond: ((id >= 2569151) AND (id <= 2570150))
	        ->  Bitmap Index Scan on sbtest7_pkey  (cost=0.00..34.91 rows=1047 width=0)
	              Index Cond: ((id >= 2569151) AND (id <= 2570150))

table 8 : explain SELECT SUM(k) FROM sbtest8 WHERE id BETWEEN 1403665 AND 1404664
	Aggregate  (cost=3691.97..3691.98 rows=1 width=8)
	  ->  Bitmap Heap Scan on sbtest8  (cost=34.18..3689.59 rows=951 width=4)
	        Recheck Cond: ((id >= 1403665) AND (id <= 1404664))
	        ->  Bitmap Index Scan on sbtest8_pkey  (cost=0.00..33.95 rows=951 width=0)
	              Index Cond: ((id >= 1403665) AND (id <= 1404664))

for: sum_ranges
table 1 : explain SELECT SUM(k) FROM sbtest1 WHERE id BETWEEN 5222924 AND 5223923
	Aggregate  (cost=3729.31..3729.32 rows=1 width=8)
	  ->  Bitmap Heap Scan on sbtest1  (cost=34.29..3726.90 rows=961 width=4)
	        Recheck Cond: ((id >= 5222924) AND (id <= 5223923))
	        ->  Bitmap Index Scan on sbtest1_pkey  (cost=0.00..34.05 rows=961 width=0)
	              Index Cond: ((id >= 5222924) AND (id <= 5223923))

table 2 : explain SELECT SUM(k) FROM sbtest2 WHERE id BETWEEN 2956720 AND 2957719
	Aggregate  (cost=3824.18..3824.19 rows=1 width=8)
	  ->  Bitmap Heap Scan on sbtest2  (cost=34.54..3821.72 rows=986 width=4)
	        Recheck Cond: ((id >= 2956720) AND (id <= 2957719))
	        ->  Bitmap Index Scan on sbtest2_pkey  (cost=0.00..34.30 rows=986 width=0)
	              Index Cond: ((id >= 2956720) AND (id <= 2957719))

table 3 : explain SELECT SUM(k) FROM sbtest3 WHERE id BETWEEN 5162838 AND 5163837
	Aggregate  (cost=3696.22..3696.23 rows=1 width=8)
	  ->  Bitmap Heap Scan on sbtest3  (cost=34.19..3693.84 rows=952 width=4)
	        Recheck Cond: ((id >= 5162838) AND (id <= 5163837))
	        ->  Bitmap Index Scan on sbtest3_pkey  (cost=0.00..33.95 rows=952 width=0)
	              Index Cond: ((id >= 5162838) AND (id <= 5163837))

table 4 : explain SELECT SUM(k) FROM sbtest4 WHERE id BETWEEN 4951062 AND 4952061
	Aggregate  (cost=4110.80..4110.81 rows=1 width=8)
	  ->  Bitmap Heap Scan on sbtest4  (cost=35.30..4108.15 rows=1060 width=4)
	        Recheck Cond: ((id >= 4951062) AND (id <= 4952061))
	        ->  Bitmap Index Scan on sbtest4_pkey  (cost=0.00..35.04 rows=1060 width=0)
	              Index Cond: ((id >= 4951062) AND (id <= 4952061))

table 5 : explain SELECT SUM(k) FROM sbtest5 WHERE id BETWEEN 6168594 AND 6169593
	Aggregate  (cost=3891.75..3891.76 rows=1 width=8)
	  ->  Bitmap Heap Scan on sbtest5  (cost=34.71..3889.24 rows=1002 width=4)
	        Recheck Cond: ((id >= 6168594) AND (id <= 6169593))
	        ->  Bitmap Index Scan on sbtest5_pkey  (cost=0.00..34.45 rows=1002 width=0)
	              Index Cond: ((id >= 6168594) AND (id <= 6169593))

table 6 : explain SELECT SUM(k) FROM sbtest6 WHERE id BETWEEN 9908688 AND 9909687
	Aggregate  (cost=3719.48..3719.49 rows=1 width=8)
	  ->  Bitmap Heap Scan on sbtest6  (cost=34.25..3717.09 rows=958 width=4)
	        Recheck Cond: ((id >= 9908688) AND (id <= 9909687))
	        ->  Bitmap Index Scan on sbtest6_pkey  (cost=0.00..34.02 rows=958 width=0)
	              Index Cond: ((id >= 9908688) AND (id <= 9909687))

table 7 : explain SELECT SUM(k) FROM sbtest7 WHERE id BETWEEN 3717707 AND 3718706
	Aggregate  (cost=3403.69..3403.70 rows=1 width=8)
	  ->  Bitmap Heap Scan on sbtest7  (cost=29.41..3401.50 rows=876 width=4)
	        Recheck Cond: ((id >= 3717707) AND (id <= 3718706))
	        ->  Bitmap Index Scan on sbtest7_pkey  (cost=0.00..29.19 rows=876 width=0)
	              Index Cond: ((id >= 3717707) AND (id <= 3718706))

table 8 : explain SELECT SUM(k) FROM sbtest8 WHERE id BETWEEN 3738706 AND 3739705
	Aggregate  (cost=4117.93..4117.94 rows=1 width=8)
	  ->  Bitmap Heap Scan on sbtest8  (cost=35.34..4115.27 rows=1064 width=4)
	        Recheck Cond: ((id >= 3738706) AND (id <= 3739705))
	        ->  Bitmap Index Scan on sbtest8_pkey  (cost=0.00..35.08 rows=1064 width=0)
	              Index Cond: ((id >= 3738706) AND (id <= 3739705))

for: distinct_ranges
table 1 : explain SELECT DISTINCT c FROM sbtest1 WHERE id BETWEEN 5623533 AND 5624532 ORDER BY c
	Unique  (cost=3935.23..3940.25 rows=1003 width=121)
	  ->  Sort  (cost=3935.23..3937.74 rows=1003 width=121)
	        Sort Key: c
	        ->  Bitmap Heap Scan on sbtest1  (cost=34.72..3885.23 rows=1003 width=121)
	              Recheck Cond: ((id >= 5623533) AND (id <= 5624532))
	              ->  Bitmap Index Scan on sbtest1_pkey  (cost=0.00..34.47 rows=1003 width=0)
	                    Index Cond: ((id >= 5623533) AND (id <= 5624532))

table 2 : explain SELECT DISTINCT c FROM sbtest2 WHERE id BETWEEN 1047995 AND 1048994 ORDER BY c
	Unique  (cost=4103.97..4109.20 rows=1047 width=121)
	  ->  Sort  (cost=4103.97..4106.58 rows=1047 width=121)
	        Sort Key: c
	        ->  Bitmap Heap Scan on sbtest2  (cost=35.17..4051.45 rows=1047 width=121)
	              Recheck Cond: ((id >= 1047995) AND (id <= 1048994))
	              ->  Bitmap Index Scan on sbtest2_pkey  (cost=0.00..34.91 rows=1047 width=0)
	                    Index Cond: ((id >= 1047995) AND (id <= 1048994))

table 3 : explain SELECT DISTINCT c FROM sbtest3 WHERE id BETWEEN 5953065 AND 5954064 ORDER BY c
	Unique  (cost=3794.57..3799.40 rows=966 width=121)
	  ->  Sort  (cost=3794.57..3796.99 rows=966 width=121)
	        Sort Key: c
	        ->  Bitmap Heap Scan on sbtest3  (cost=34.34..3746.68 rows=966 width=121)
	              Recheck Cond: ((id >= 5953065) AND (id <= 5954064))
	              ->  Bitmap Index Scan on sbtest3_pkey  (cost=0.00..34.09 rows=966 width=0)
	                    Index Cond: ((id >= 5953065) AND (id <= 5954064))

table 4 : explain SELECT DISTINCT c FROM sbtest4 WHERE id BETWEEN 4360421 AND 4361420 ORDER BY c
	Unique  (cost=4356.73..4362.28 rows=1110 width=121)
	  ->  Sort  (cost=4356.73..4359.50 rows=1110 width=121)
	        Sort Key: c
	        ->  Bitmap Heap Scan on sbtest4  (cost=39.81..4300.58 rows=1110 width=121)
	              Recheck Cond: ((id >= 4360421) AND (id <= 4361420))
	              ->  Bitmap Index Scan on sbtest4_pkey  (cost=0.00..39.54 rows=1110 width=0)
	                    Index Cond: ((id >= 4360421) AND (id <= 4361420))

table 5 : explain SELECT DISTINCT c FROM sbtest5 WHERE id BETWEEN 9774789 AND 9775788 ORDER BY c
	Unique  (cost=3527.93..3532.41 rows=896 width=121)
	  ->  Sort  (cost=3527.93..3530.17 rows=896 width=121)
	        Sort Key: c
	        ->  Bitmap Heap Scan on sbtest5  (cost=29.62..3483.99 rows=896 width=121)
	              Recheck Cond: ((id >= 9774789) AND (id <= 9775788))
	              ->  Bitmap Index Scan on sbtest5_pkey  (cost=0.00..29.39 rows=896 width=0)
	                    Index Cond: ((id >= 9774789) AND (id <= 9775788))

table 6 : explain SELECT DISTINCT c FROM sbtest6 WHERE id BETWEEN 7044357 AND 7045356 ORDER BY c
	Unique  (cost=4020.99..4026.12 rows=1025 width=121)
	  ->  Sort  (cost=4020.99..4023.55 rows=1025 width=121)
	        Sort Key: c
	        ->  Bitmap Heap Scan on sbtest6  (cost=34.94..3969.73 rows=1025 width=121)
	              Recheck Cond: ((id >= 7044357) AND (id <= 7045356))
	              ->  Bitmap Index Scan on sbtest6_pkey  (cost=0.00..34.69 rows=1025 width=0)
	                    Index Cond: ((id >= 7044357) AND (id <= 7045356))

table 7 : explain SELECT DISTINCT c FROM sbtest7 WHERE id BETWEEN 6367443 AND 6368442 ORDER BY c
	Unique  (cost=3946.38..3951.41 rows=1006 width=121)
	  ->  Sort  (cost=3946.38..3948.90 rows=1006 width=121)
	        Sort Key: c
	        ->  Bitmap Heap Scan on sbtest7  (cost=34.75..3896.21 rows=1006 width=121)
	              Recheck Cond: ((id >= 6367443) AND (id <= 6368442))
	              ->  Bitmap Index Scan on sbtest7_pkey  (cost=0.00..34.50 rows=1006 width=0)
	                    Index Cond: ((id >= 6367443) AND (id <= 6368442))

table 8 : explain SELECT DISTINCT c FROM sbtest8 WHERE id BETWEEN 1475784 AND 1476783 ORDER BY c
	Unique  (cost=3813.23..3818.09 rows=971 width=121)
	  ->  Sort  (cost=3813.23..3815.66 rows=971 width=121)
	        Sort Key: c
	        ->  Bitmap Heap Scan on sbtest8  (cost=34.39..3765.05 rows=971 width=121)
	              Recheck Cond: ((id >= 1475784) AND (id <= 1476783))
	              ->  Bitmap Index Scan on sbtest8_pkey  (cost=0.00..34.15 rows=971 width=0)
	                    Index Cond: ((id >= 1475784) AND (id <= 1476783))

explain: for point_selects :: explain SELECT c FROM sbtest%u WHERE id=%u
for: sum_ranges
table 1 : explain SELECT SUM(k) FROM sbtest1 WHERE id BETWEEN 8070599 AND 8071598
	Aggregate  (cost=3793.46..3793.47 rows=1 width=8)
	  ->  Bitmap Heap Scan on sbtest1  (cost=34.46..3791.02 rows=978 width=4)
	        Recheck Cond: ((id >= 8070599) AND (id <= 8071598))
	        ->  Bitmap Index Scan on sbtest1_pkey  (cost=0.00..34.22 rows=978 width=0)
	              Index Cond: ((id >= 8070599) AND (id <= 8071598))

table 2 : explain SELECT SUM(k) FROM sbtest2 WHERE id BETWEEN 542208 AND 543207
	Aggregate  (cost=4039.01..4039.02 rows=1 width=8)
	  ->  Bitmap Heap Scan on sbtest2  (cost=35.13..4036.40 rows=1043 width=4)
	        Recheck Cond: ((id >= 542208) AND (id <= 543207))
	        ->  Bitmap Index Scan on sbtest2_pkey  (cost=0.00..34.87 rows=1043 width=0)
	              Index Cond: ((id >= 542208) AND (id <= 543207))

table 3 : explain SELECT SUM(k) FROM sbtest3 WHERE id BETWEEN 2418804 AND 2419803
	Aggregate  (cost=3888.71..3888.72 rows=1 width=8)
	  ->  Bitmap Heap Scan on sbtest3  (cost=34.72..3886.20 rows=1003 width=4)
	        Recheck Cond: ((id >= 2418804) AND (id <= 2419803))
	        ->  Bitmap Index Scan on sbtest3_pkey  (cost=0.00..34.47 rows=1003 width=0)
	              Index Cond: ((id >= 2418804) AND (id <= 2419803))

table 4 : explain SELECT SUM(k) FROM sbtest4 WHERE id BETWEEN 2493353 AND 2494352
	Aggregate  (cost=3778.21..3778.22 rows=1 width=8)
	  ->  Bitmap Heap Scan on sbtest4  (cost=34.40..3775.78 rows=972 width=4)
	        Recheck Cond: ((id >= 2493353) AND (id <= 2494352))
	        ->  Bitmap Index Scan on sbtest4_pkey  (cost=0.00..34.16 rows=972 width=0)
	              Index Cond: ((id >= 2493353) AND (id <= 2494352))

table 5 : explain SELECT SUM(k) FROM sbtest5 WHERE id BETWEEN 9139124 AND 9140123
	Aggregate  (cost=4299.65..4299.66 rows=1 width=8)
	  ->  Bitmap Heap Scan on sbtest5  (cost=39.80..4296.88 rows=1109 width=4)
	        Recheck Cond: ((id >= 9139124) AND (id <= 9140123))
	        ->  Bitmap Index Scan on sbtest5_pkey  (cost=0.00..39.53 rows=1109 width=0)
	              Index Cond: ((id >= 9139124) AND (id <= 9140123))

table 6 : explain SELECT SUM(k) FROM sbtest6 WHERE id BETWEEN 5446711 AND 5447710
	Aggregate  (cost=3764.80..3764.81 rows=1 width=8)
	  ->  Bitmap Heap Scan on sbtest6  (cost=34.38..3762.38 rows=970 width=4)
	        Recheck Cond: ((id >= 5446711) AND (id <= 5447710))
	        ->  Bitmap Index Scan on sbtest6_pkey  (cost=0.00..34.14 rows=970 width=0)
	              Index Cond: ((id >= 5446711) AND (id <= 5447710))

table 7 : explain SELECT SUM(k) FROM sbtest7 WHERE id BETWEEN 1890001 AND 1891000
	Aggregate  (cost=3679.93..3679.94 rows=1 width=8)
	  ->  Bitmap Heap Scan on sbtest7  (cost=34.15..3677.56 rows=948 width=4)
	        Recheck Cond: ((id >= 1890001) AND (id <= 1891000))
	        ->  Bitmap Index Scan on sbtest7_pkey  (cost=0.00..33.92 rows=948 width=0)
	              Index Cond: ((id >= 1890001) AND (id <= 1891000))

table 8 : explain SELECT SUM(k) FROM sbtest8 WHERE id BETWEEN 9495600 AND 9496599
	Aggregate  (cost=3971.10..3971.11 rows=1 width=8)
	  ->  Bitmap Heap Scan on sbtest8  (cost=34.94..3968.54 rows=1025 width=4)
	        Recheck Cond: ((id >= 9495600) AND (id <= 9496599))
	        ->  Bitmap Index Scan on sbtest8_pkey  (cost=0.00..34.69 rows=1025 width=0)
	              Index Cond: ((id >= 9495600) AND (id <= 9496599))

for: sum_ranges
table 1 : explain SELECT SUM(k) FROM sbtest1 WHERE id BETWEEN 8561891 AND 8562890
	Aggregate  (cost=3725.53..3725.54 rows=1 width=8)
	  ->  Bitmap Heap Scan on sbtest1  (cost=34.28..3723.13 rows=960 width=4)
	        Recheck Cond: ((id >= 8561891) AND (id <= 8562890))
	        ->  Bitmap Index Scan on sbtest1_pkey  (cost=0.00..34.04 rows=960 width=0)
	              Index Cond: ((id >= 8561891) AND (id <= 8562890))

table 2 : explain SELECT SUM(k) FROM sbtest2 WHERE id BETWEEN 4934719 AND 4935718
	Aggregate  (cost=3676.96..3676.97 rows=1 width=8)
	  ->  Bitmap Heap Scan on sbtest2  (cost=34.14..3674.59 rows=947 width=4)
	        Recheck Cond: ((id >= 4934719) AND (id <= 4935718))
	        ->  Bitmap Index Scan on sbtest2_pkey  (cost=0.00..33.91 rows=947 width=0)
	              Index Cond: ((id >= 4934719) AND (id <= 4935718))

table 3 : explain SELECT SUM(k) FROM sbtest3 WHERE id BETWEEN 8349064 AND 8350063
	Aggregate  (cost=3590.18..3590.19 rows=1 width=8)
	  ->  Bitmap Heap Scan on sbtest3  (cost=29.92..3587.87 rows=925 width=4)
	        Recheck Cond: ((id >= 8349064) AND (id <= 8350063))
	        ->  Bitmap Index Scan on sbtest3_pkey  (cost=0.00..29.68 rows=925 width=0)
	              Index Cond: ((id >= 8349064) AND (id <= 8350063))

table 4 : explain SELECT SUM(k) FROM sbtest4 WHERE id BETWEEN 2261713 AND 2262712
	Aggregate  (cost=3770.64..3770.65 rows=1 width=8)
	  ->  Bitmap Heap Scan on sbtest4  (cost=34.38..3768.21 rows=970 width=4)
	        Recheck Cond: ((id >= 2261713) AND (id <= 2262712))
	        ->  Bitmap Index Scan on sbtest4_pkey  (cost=0.00..34.14 rows=970 width=0)
	              Index Cond: ((id >= 2261713) AND (id <= 2262712))

table 5 : explain SELECT SUM(k) FROM sbtest5 WHERE id BETWEEN 8197882 AND 8198881
	Aggregate  (cost=3486.23..3486.24 rows=1 width=8)
	  ->  Bitmap Heap Scan on sbtest5  (cost=29.62..3483.99 rows=896 width=4)
	        Recheck Cond: ((id >= 8197882) AND (id <= 8198881))
	        ->  Bitmap Index Scan on sbtest5_pkey  (cost=0.00..29.39 rows=896 width=0)
	              Index Cond: ((id >= 8197882) AND (id <= 8198881))

table 6 : explain SELECT SUM(k) FROM sbtest6 WHERE id BETWEEN 5443794 AND 5444793
	Aggregate  (cost=3764.80..3764.81 rows=1 width=8)
	  ->  Bitmap Heap Scan on sbtest6  (cost=34.38..3762.38 rows=970 width=4)
	        Recheck Cond: ((id >= 5443794) AND (id <= 5444793))
	        ->  Bitmap Index Scan on sbtest6_pkey  (cost=0.00..34.14 rows=970 width=0)
	              Index Cond: ((id >= 5443794) AND (id <= 5444793))

table 7 : explain SELECT SUM(k) FROM sbtest7 WHERE id BETWEEN 3084628 AND 3085627
	Aggregate  (cost=3819.55..3819.56 rows=1 width=8)
	  ->  Bitmap Heap Scan on sbtest7  (cost=34.53..3817.09 rows=985 width=4)
	        Recheck Cond: ((id >= 3084628) AND (id <= 3085627))
	        ->  Bitmap Index Scan on sbtest7_pkey  (cost=0.00..34.29 rows=985 width=0)
	              Index Cond: ((id >= 3084628) AND (id <= 3085627))

table 8 : explain SELECT SUM(k) FROM sbtest8 WHERE id BETWEEN 1451528 AND 1452527
	Aggregate  (cost=3767.48..3767.49 rows=1 width=8)
	  ->  Bitmap Heap Scan on sbtest8  (cost=34.39..3765.05 rows=971 width=4)
	        Recheck Cond: ((id >= 1451528) AND (id <= 1452527))
	        ->  Bitmap Index Scan on sbtest8_pkey  (cost=0.00..34.15 rows=971 width=0)
	              Index Cond: ((id >= 1451528) AND (id <= 1452527))

explain: for point_selects :: explain SELECT c FROM sbtest%u WHERE id=%u
for: order_ranges
table 1 : explain SELECT c FROM sbtest1 WHERE id BETWEEN 5292153 AND 5293152 ORDER BY c
	Sort  (cost=4374.29..4377.09 rows=1119 width=121)
	  Sort Key: c
	  ->  Bitmap Heap Scan on sbtest1  (cost=35.90..4317.62 rows=1119 width=121)
	        Recheck Cond: ((id >= 5292153) AND (id <= 5293152))
	        ->  Bitmap Index Scan on sbtest1_pkey  (cost=0.00..35.62 rows=1119 width=0)
	              Index Cond: ((id >= 5292153) AND (id <= 5293152))

table 2 : explain SELECT c FROM sbtest2 WHERE id BETWEEN 8542296 AND 8543295 ORDER BY c
	Sort  (cost=3954.91..3957.43 rows=1008 width=121)
	  Sort Key: c
	  ->  Bitmap Heap Scan on sbtest2  (cost=34.77..3904.63 rows=1008 width=121)
	        Recheck Cond: ((id >= 8542296) AND (id <= 8543295))
	        ->  Bitmap Index Scan on sbtest2_pkey  (cost=0.00..34.52 rows=1008 width=0)
	              Index Cond: ((id >= 8542296) AND (id <= 8543295))

table 3 : explain SELECT c FROM sbtest3 WHERE id BETWEEN 9245615 AND 9246614 ORDER BY c
	Sort  (cost=3591.24..3593.53 rows=914 width=121)
	  Sort Key: c
	  ->  Bitmap Heap Scan on sbtest3  (cost=29.80..3546.29 rows=914 width=121)
	        Recheck Cond: ((id >= 9245615) AND (id <= 9246614))
	        ->  Bitmap Index Scan on sbtest3_pkey  (cost=0.00..29.57 rows=914 width=0)
	              Index Cond: ((id >= 9245615) AND (id <= 9246614))

table 4 : explain SELECT c FROM sbtest4 WHERE id BETWEEN 6326129 AND 6327128 ORDER BY c
	Sort  (cost=4276.24..4278.96 rows=1090 width=121)
	  Sort Key: c
	  ->  Bitmap Heap Scan on sbtest4  (cost=35.61..4221.25 rows=1090 width=121)
	        Recheck Cond: ((id >= 6326129) AND (id <= 6327128))
	        ->  Bitmap Index Scan on sbtest4_pkey  (cost=0.00..35.34 rows=1090 width=0)
	              Index Cond: ((id >= 6326129) AND (id <= 6327128))

table 5 : explain SELECT c FROM sbtest5 WHERE id BETWEEN 9960124 AND 9961123 ORDER BY c
	Sort  (cost=4123.17..4125.80 rows=1050 width=121)
	  Sort Key: c
	  ->  Bitmap Heap Scan on sbtest5  (cost=35.20..4070.48 rows=1050 width=121)
	        Recheck Cond: ((id >= 9960124) AND (id <= 9961123))
	        ->  Bitmap Index Scan on sbtest5_pkey  (cost=0.00..34.94 rows=1050 width=0)
	              Index Cond: ((id >= 9960124) AND (id <= 9961123))

table 6 : explain SELECT c FROM sbtest6 WHERE id BETWEEN 6610134 AND 6611133 ORDER BY c
	Sort  (cost=3672.52..3674.86 rows=934 width=121)
	  Sort Key: c
	  ->  Bitmap Heap Scan on sbtest6  (cost=34.01..3626.44 rows=934 width=121)
	        Recheck Cond: ((id >= 6610134) AND (id <= 6611133))
	        ->  Bitmap Index Scan on sbtest6_pkey  (cost=0.00..33.78 rows=934 width=0)
	              Index Cond: ((id >= 6610134) AND (id <= 6611133))

table 7 : explain SELECT c FROM sbtest7 WHERE id BETWEEN 1308877 AND 1309876 ORDER BY c
	Sort  (cost=3751.24..3753.63 rows=955 width=121)
	  Sort Key: c
	  ->  Bitmap Heap Scan on sbtest7  (cost=34.22..3703.97 rows=955 width=121)
	        Recheck Cond: ((id >= 1308877) AND (id <= 1309876))
	        ->  Bitmap Index Scan on sbtest7_pkey  (cost=0.00..33.98 rows=955 width=0)
	              Index Cond: ((id >= 1308877) AND (id <= 1309876))

table 8 : explain SELECT c FROM sbtest8 WHERE id BETWEEN 3477057 AND 3478056 ORDER BY c
	Sort  (cost=3667.65..3669.99 rows=933 width=121)
	  Sort Key: c
	  ->  Bitmap Heap Scan on sbtest8  (cost=34.00..3621.63 rows=933 width=121)
	        Recheck Cond: ((id >= 3477057) AND (id <= 3478056))
	        ->  Bitmap Index Scan on sbtest8_pkey  (cost=0.00..33.77 rows=933 width=0)
	              Index Cond: ((id >= 3477057) AND (id <= 3478056))

for point_selects
table 1 : explain SELECT c FROM sbtest1 WHERE id=7829348
	Index Scan using sbtest1_pkey on sbtest1  (cost=0.43..8.45 rows=1 width=121)
	  Index Cond: (id = 7829348)

table 2 : explain SELECT c FROM sbtest2 WHERE id=6888069
	Index Scan using sbtest2_pkey on sbtest2  (cost=0.43..8.45 rows=1 width=121)
	  Index Cond: (id = 6888069)

table 3 : explain SELECT c FROM sbtest3 WHERE id=9360122
	Index Scan using sbtest3_pkey on sbtest3  (cost=0.43..8.45 rows=1 width=121)
	  Index Cond: (id = 9360122)

table 4 : explain SELECT c FROM sbtest4 WHERE id=3787109
	Index Scan using sbtest4_pkey on sbtest4  (cost=0.43..8.45 rows=1 width=121)
	  Index Cond: (id = 3787109)

table 5 : explain SELECT c FROM sbtest5 WHERE id=8015378
	Index Scan using sbtest5_pkey on sbtest5  (cost=0.43..8.45 rows=1 width=121)
	  Index Cond: (id = 8015378)

table 6 : explain SELECT c FROM sbtest6 WHERE id=3806258
	Index Scan using sbtest6_pkey on sbtest6  (cost=0.43..8.45 rows=1 width=121)
	  Index Cond: (id = 3806258)

table 7 : explain SELECT c FROM sbtest7 WHERE id=1745937
	Index Scan using sbtest7_pkey on sbtest7  (cost=0.43..8.45 rows=1 width=121)
	  Index Cond: (id = 1745937)

table 8 : explain SELECT c FROM sbtest8 WHERE id=2919086
	Index Scan using sbtest8_pkey on sbtest8  (cost=0.43..8.45 rows=1 width=121)
	  Index Cond: (id = 2919086)

for: order_ranges
table 1 : explain SELECT c FROM sbtest1 WHERE id BETWEEN 3697000 AND 3697999 ORDER BY c
	Sort  (cost=3854.90..3857.36 rows=982 width=121)
	  Sort Key: c
	  ->  Bitmap Heap Scan on sbtest1  (cost=34.50..3806.10 rows=982 width=121)
	        Recheck Cond: ((id >= 3697000) AND (id <= 3697999))
	        ->  Bitmap Index Scan on sbtest1_pkey  (cost=0.00..34.26 rows=982 width=0)
	              Index Cond: ((id >= 3697000) AND (id <= 3697999))

table 2 : explain SELECT c FROM sbtest2 WHERE id BETWEEN 1681885 AND 1682884 ORDER BY c
	Sort  (cost=3824.82..3827.25 rows=974 width=121)
	  Sort Key: c
	  ->  Bitmap Heap Scan on sbtest2  (cost=34.42..3776.47 rows=974 width=121)
	        Recheck Cond: ((id >= 1681885) AND (id <= 1682884))
	        ->  Bitmap Index Scan on sbtest2_pkey  (cost=0.00..34.18 rows=974 width=0)
	              Index Cond: ((id >= 1681885) AND (id <= 1682884))

table 3 : explain SELECT c FROM sbtest3 WHERE id BETWEEN 2398354 AND 2399353 ORDER BY c
	Sort  (cost=3637.27..3639.59 rows=926 width=121)
	  Sort Key: c
	  ->  Bitmap Heap Scan on sbtest3  (cost=29.93..3591.65 rows=926 width=121)
	        Recheck Cond: ((id >= 2398354) AND (id <= 2399353))
	        ->  Bitmap Index Scan on sbtest3_pkey  (cost=0.00..29.69 rows=926 width=0)
	              Index Cond: ((id >= 2398354) AND (id <= 2399353))

table 4 : explain SELECT c FROM sbtest4 WHERE id BETWEEN 5857324 AND 5858323 ORDER BY c
	Sort  (cost=3927.63..3930.12 rows=999 width=121)
	  Sort Key: c
	  ->  Bitmap Heap Scan on sbtest4  (cost=34.67..3877.86 rows=999 width=121)
	        Recheck Cond: ((id >= 5857324) AND (id <= 5858323))
	        ->  Bitmap Index Scan on sbtest4_pkey  (cost=0.00..34.43 rows=999 width=0)
	              Index Cond: ((id >= 5857324) AND (id <= 5858323))

table 5 : explain SELECT c FROM sbtest5 WHERE id BETWEEN 6065573 AND 6066572 ORDER BY c
	Sort  (cost=3712.67..3715.03 rows=943 width=121)
	  Sort Key: c
	  ->  Bitmap Heap Scan on sbtest5  (cost=34.10..3666.08 rows=943 width=121)
	        Recheck Cond: ((id >= 6065573) AND (id <= 6066572))
	        ->  Bitmap Index Scan on sbtest5_pkey  (cost=0.00..33.87 rows=943 width=0)
	              Index Cond: ((id >= 6065573) AND (id <= 6066572))

table 6 : explain SELECT c FROM sbtest6 WHERE id BETWEEN 8881845 AND 8882844 ORDER BY c
	Sort  (cost=3741.53..3743.91 rows=952 width=121)
	  Sort Key: c
	  ->  Bitmap Heap Scan on sbtest6  (cost=34.19..3694.43 rows=952 width=121)
	        Recheck Cond: ((id >= 8881845) AND (id <= 8882844))
	        ->  Bitmap Index Scan on sbtest6_pkey  (cost=0.00..33.95 rows=952 width=0)
	              Index Cond: ((id >= 8881845) AND (id <= 8882844))

table 7 : explain SELECT c FROM sbtest7 WHERE id BETWEEN 5440015 AND 5441014 ORDER BY c
	Sort  (cost=3885.19..3887.67 rows=990 width=121)
	  Sort Key: c
	  ->  Bitmap Heap Scan on sbtest7  (cost=34.58..3835.93 rows=990 width=121)
	        Recheck Cond: ((id >= 5440015) AND (id <= 5441014))
	        ->  Bitmap Index Scan on sbtest7_pkey  (cost=0.00..34.34 rows=990 width=0)
	              Index Cond: ((id >= 5440015) AND (id <= 5441014))

table 8 : explain SELECT c FROM sbtest8 WHERE id BETWEEN 4944986 AND 4945985 ORDER BY c
	Sort  (cost=4344.52..4347.29 rows=1110 width=121)
	  Sort Key: c
	  ->  Bitmap Heap Scan on sbtest8  (cost=39.81..4288.37 rows=1110 width=121)
	        Recheck Cond: ((id >= 4944986) AND (id <= 4945985))
	        ->  Bitmap Index Scan on sbtest8_pkey  (cost=0.00..39.54 rows=1110 width=0)
	              Index Cond: ((id >= 4944986) AND (id <= 4945985))

for: order_ranges
table 1 : explain SELECT c FROM sbtest1 WHERE id BETWEEN 438785 AND 439784 ORDER BY c
	Sort  (cost=4378.10..4380.90 rows=1120 width=121)
	  Sort Key: c
	  ->  Bitmap Heap Scan on sbtest1  (cost=35.92..4321.38 rows=1120 width=121)
	        Recheck Cond: ((id >= 438785) AND (id <= 439784))
	        ->  Bitmap Index Scan on sbtest1_pkey  (cost=0.00..35.64 rows=1120 width=0)
	              Index Cond: ((id >= 438785) AND (id <= 439784))

table 2 : explain SELECT c FROM sbtest2 WHERE id BETWEEN 4497509 AND 4498508 ORDER BY c
	Sort  (cost=4061.94..4064.53 rows=1036 width=121)
	  Sort Key: c
	  ->  Bitmap Heap Scan on sbtest2  (cost=35.05..4010.06 rows=1036 width=121)
	        Recheck Cond: ((id >= 4497509) AND (id <= 4498508))
	        ->  Bitmap Index Scan on sbtest2_pkey  (cost=0.00..34.80 rows=1036 width=0)
	              Index Cond: ((id >= 4497509) AND (id <= 4498508))

table 3 : explain SELECT c FROM sbtest3 WHERE id BETWEEN 7688816 AND 7689815 ORDER BY c
	Sort  (cost=4127.32..4129.96 rows=1053 width=121)
	  Sort Key: c
	  ->  Bitmap Heap Scan on sbtest3  (cost=35.23..4074.46 rows=1053 width=121)
	        Recheck Cond: ((id >= 7688816) AND (id <= 7689815))
	        ->  Bitmap Index Scan on sbtest3_pkey  (cost=0.00..34.97 rows=1053 width=0)
	              Index Cond: ((id >= 7688816) AND (id <= 7689815))

table 4 : explain SELECT c FROM sbtest4 WHERE id BETWEEN 1162280 AND 1163279 ORDER BY c
	Sort  (cost=4440.82..4443.65 rows=1132 width=121)
	  Sort Key: c
	  ->  Bitmap Heap Scan on sbtest4  (cost=40.04..4383.40 rows=1132 width=121)
	        Recheck Cond: ((id >= 1162280) AND (id <= 1163279))
	        ->  Bitmap Index Scan on sbtest4_pkey  (cost=0.00..39.76 rows=1132 width=0)
	              Index Cond: ((id >= 1162280) AND (id <= 1163279))

table 5 : explain SELECT c FROM sbtest5 WHERE id BETWEEN 9105069 AND 9106068 ORDER BY c
	Sort  (cost=4352.97..4355.74 rows=1109 width=121)
	  Sort Key: c
	  ->  Bitmap Heap Scan on sbtest5  (cost=39.80..4296.88 rows=1109 width=121)
	        Recheck Cond: ((id >= 9105069) AND (id <= 9106068))
	        ->  Bitmap Index Scan on sbtest5_pkey  (cost=0.00..39.53 rows=1109 width=0)
	              Index Cond: ((id >= 9105069) AND (id <= 9106068))

table 6 : explain SELECT c FROM sbtest6 WHERE id BETWEEN 4102079 AND 4103078 ORDER BY c
	Sort  (cost=3710.87..3713.23 rows=944 width=121)
	  Sort Key: c
	  ->  Bitmap Heap Scan on sbtest6  (cost=34.11..3664.22 rows=944 width=121)
	        Recheck Cond: ((id >= 4102079) AND (id <= 4103078))
	        ->  Bitmap Index Scan on sbtest6_pkey  (cost=0.00..33.88 rows=944 width=0)
	              Index Cond: ((id >= 4102079) AND (id <= 4103078))

table 7 : explain SELECT c FROM sbtest7 WHERE id BETWEEN 6666684 AND 6667683 ORDER BY c
	Sort  (cost=3459.67..3461.87 rows=880 width=121)
	  Sort Key: c
	  ->  Bitmap Heap Scan on sbtest7  (cost=29.45..3416.63 rows=880 width=121)
	        Recheck Cond: ((id >= 6666684) AND (id <= 6667683))
	        ->  Bitmap Index Scan on sbtest7_pkey  (cost=0.00..29.23 rows=880 width=0)
	              Index Cond: ((id >= 6666684) AND (id <= 6667683))

table 8 : explain SELECT c FROM sbtest8 WHERE id BETWEEN 2141859 AND 2142858 ORDER BY c
	Sort  (cost=4008.33..4010.89 rows=1022 width=121)
	  Sort Key: c
	  ->  Bitmap Heap Scan on sbtest8  (cost=34.91..3957.25 rows=1022 width=121)
	        Recheck Cond: ((id >= 2141859) AND (id <= 2142858))
	        ->  Bitmap Index Scan on sbtest8_pkey  (cost=0.00..34.66 rows=1022 width=0)
	              Index Cond: ((id >= 2141859) AND (id <= 2142858))

for point_selects
table 1 : explain SELECT c FROM sbtest1 WHERE id=8554535
	Index Scan using sbtest1_pkey on sbtest1  (cost=0.43..8.45 rows=1 width=121)
	  Index Cond: (id = 8554535)

table 2 : explain SELECT c FROM sbtest2 WHERE id=5692638
	Index Scan using sbtest2_pkey on sbtest2  (cost=0.43..8.45 rows=1 width=121)
	  Index Cond: (id = 5692638)

table 3 : explain SELECT c FROM sbtest3 WHERE id=8651805
	Index Scan using sbtest3_pkey on sbtest3  (cost=0.43..8.45 rows=1 width=121)
	  Index Cond: (id = 8651805)

table 4 : explain SELECT c FROM sbtest4 WHERE id=6929670
	Index Scan using sbtest4_pkey on sbtest4  (cost=0.43..8.45 rows=1 width=121)
	  Index Cond: (id = 6929670)

table 5 : explain SELECT c FROM sbtest5 WHERE id=58446
	Index Scan using sbtest5_pkey on sbtest5  (cost=0.43..8.45 rows=1 width=121)
	  Index Cond: (id = 58446)

table 6 : explain SELECT c FROM sbtest6 WHERE id=8424125
	Index Scan using sbtest6_pkey on sbtest6  (cost=0.43..8.45 rows=1 width=121)
	  Index Cond: (id = 8424125)

table 7 : explain SELECT c FROM sbtest7 WHERE id=1578332
	Index Scan using sbtest7_pkey on sbtest7  (cost=0.43..8.45 rows=1 width=121)
	  Index Cond: (id = 1578332)

table 8 : explain SELECT c FROM sbtest8 WHERE id=3516530
	Index Scan using sbtest8_pkey on sbtest8  (cost=0.43..8.45 rows=1 width=121)
	  Index Cond: (id = 3516530)

for: order_ranges
table 1 : explain SELECT c FROM sbtest1 WHERE id BETWEEN 4843079 AND 4844078 ORDER BY c
	Sort  (cost=4053.72..4056.30 rows=1034 width=121)
	  Sort Key: c
	  ->  Bitmap Heap Scan on sbtest1  (cost=35.03..4001.95 rows=1034 width=121)
	        Recheck Cond: ((id >= 4843079) AND (id <= 4844078))
	        ->  Bitmap Index Scan on sbtest1_pkey  (cost=0.00..34.78 rows=1034 width=0)
	              Index Cond: ((id >= 4843079) AND (id <= 4844078))

table 2 : explain SELECT c FROM sbtest2 WHERE id BETWEEN 9776451 AND 9777450 ORDER BY c
	Sort  (cost=4199.42..4202.10 rows=1072 width=121)
	  Sort Key: c
	  ->  Bitmap Heap Scan on sbtest2  (cost=35.42..4145.47 rows=1072 width=121)
	        Recheck Cond: ((id >= 9776451) AND (id <= 9777450))
	        ->  Bitmap Index Scan on sbtest2_pkey  (cost=0.00..35.16 rows=1072 width=0)
	              Index Cond: ((id >= 9776451) AND (id <= 9777450))

table 3 : explain SELECT c FROM sbtest3 WHERE id BETWEEN 4861336 AND 4862335 ORDER BY c
	Sort  (cost=3901.76..3904.25 rows=994 width=121)
	  Sort Key: c
	  ->  Bitmap Heap Scan on sbtest3  (cost=34.62..3852.28 rows=994 width=121)
	        Recheck Cond: ((id >= 4861336) AND (id <= 4862335))
	        ->  Bitmap Index Scan on sbtest3_pkey  (cost=0.00..34.38 rows=994 width=0)
	              Index Cond: ((id >= 4861336) AND (id <= 4862335))

table 4 : explain SELECT c FROM sbtest4 WHERE id BETWEEN 1148905 AND 1149904 ORDER BY c
	Sort  (cost=4440.82..4443.65 rows=1132 width=121)
	  Sort Key: c
	  ->  Bitmap Heap Scan on sbtest4  (cost=40.04..4383.40 rows=1132 width=121)
	        Recheck Cond: ((id >= 1148905) AND (id <= 1149904))
	        ->  Bitmap Index Scan on sbtest4_pkey  (cost=0.00..39.76 rows=1132 width=0)
	              Index Cond: ((id >= 1148905) AND (id <= 1149904))

table 5 : explain SELECT c FROM sbtest5 WHERE id BETWEEN 1239128 AND 1240127 ORDER BY c
	Sort  (cost=3981.37..3983.91 rows=1013 width=121)
	  Sort Key: c
	  ->  Bitmap Heap Scan on sbtest5  (cost=34.82..3930.80 rows=1013 width=121)
	        Recheck Cond: ((id >= 1239128) AND (id <= 1240127))
	        ->  Bitmap Index Scan on sbtest5_pkey  (cost=0.00..34.57 rows=1013 width=0)
	              Index Cond: ((id >= 1239128) AND (id <= 1240127))

table 6 : explain SELECT c FROM sbtest6 WHERE id BETWEEN 7742902 AND 7743901 ORDER BY c
	Sort  (cost=3944.49..3947.00 rows=1005 width=121)
	  Sort Key: c
	  ->  Bitmap Heap Scan on sbtest6  (cost=34.74..3894.38 rows=1005 width=121)
	        Recheck Cond: ((id >= 7742902) AND (id <= 7743901))
	        ->  Bitmap Index Scan on sbtest6_pkey  (cost=0.00..34.48 rows=1005 width=0)
	              Index Cond: ((id >= 7742902) AND (id <= 7743901))

table 7 : explain SELECT c FROM sbtest7 WHERE id BETWEEN 5368850 AND 5369849 ORDER BY c
	Sort  (cost=3804.84..3807.26 rows=969 width=121)
	  Sort Key: c
	  ->  Bitmap Heap Scan on sbtest7  (cost=34.37..3756.77 rows=969 width=121)
	        Recheck Cond: ((id >= 5368850) AND (id <= 5369849))
	        ->  Bitmap Index Scan on sbtest7_pkey  (cost=0.00..34.12 rows=969 width=0)
	              Index Cond: ((id >= 5368850) AND (id <= 5369849))

table 8 : explain SELECT c FROM sbtest8 WHERE id BETWEEN 941449 AND 942448 ORDER BY c
	Sort  (cost=3897.43..3899.91 rows=993 width=121)
	  Sort Key: c
	  ->  Bitmap Heap Scan on sbtest8  (cost=34.61..3848.00 rows=993 width=121)
	        Recheck Cond: ((id >= 941449) AND (id <= 942448))
	        ->  Bitmap Index Scan on sbtest8_pkey  (cost=0.00..34.37 rows=993 width=0)
	              Index Cond: ((id >= 941449) AND (id <= 942448))

for point_selects
table 1 : explain SELECT c FROM sbtest1 WHERE id=5339799
	Index Scan using sbtest1_pkey on sbtest1  (cost=0.43..8.45 rows=1 width=121)
	  Index Cond: (id = 5339799)

table 2 : explain SELECT c FROM sbtest2 WHERE id=4722182
	Index Scan using sbtest2_pkey on sbtest2  (cost=0.43..8.45 rows=1 width=121)
	  Index Cond: (id = 4722182)

table 3 : explain SELECT c FROM sbtest3 WHERE id=6087573
	Index Scan using sbtest3_pkey on sbtest3  (cost=0.43..8.45 rows=1 width=121)
	  Index Cond: (id = 6087573)

table 4 : explain SELECT c FROM sbtest4 WHERE id=3485275
	Index Scan using sbtest4_pkey on sbtest4  (cost=0.43..8.45 rows=1 width=121)
	  Index Cond: (id = 3485275)

table 5 : explain SELECT c FROM sbtest5 WHERE id=8945950
	Index Scan using sbtest5_pkey on sbtest5  (cost=0.43..8.45 rows=1 width=121)
	  Index Cond: (id = 8945950)

table 6 : explain SELECT c FROM sbtest6 WHERE id=9159593
	Index Scan using sbtest6_pkey on sbtest6  (cost=0.43..8.45 rows=1 width=121)
	  Index Cond: (id = 9159593)

table 7 : explain SELECT c FROM sbtest7 WHERE id=950708
	Index Scan using sbtest7_pkey on sbtest7  (cost=0.43..8.45 rows=1 width=121)
	  Index Cond: (id = 950708)

table 8 : explain SELECT c FROM sbtest8 WHERE id=8656318
	Index Scan using sbtest8_pkey on sbtest8  (cost=0.43..8.45 rows=1 width=121)
	  Index Cond: (id = 8656318)

for point_selects
table 1 : explain SELECT c FROM sbtest1 WHERE id=3161257
	Index Scan using sbtest1_pkey on sbtest1  (cost=0.43..8.45 rows=1 width=121)
	  Index Cond: (id = 3161257)

table 2 : explain SELECT c FROM sbtest2 WHERE id=4426099
	Index Scan using sbtest2_pkey on sbtest2  (cost=0.43..8.45 rows=1 width=121)
	  Index Cond: (id = 4426099)

table 3 : explain SELECT c FROM sbtest3 WHERE id=891579
	Index Scan using sbtest3_pkey on sbtest3  (cost=0.43..8.45 rows=1 width=121)
	  Index Cond: (id = 891579)

table 4 : explain SELECT c FROM sbtest4 WHERE id=4187648
	Index Scan using sbtest4_pkey on sbtest4  (cost=0.43..8.45 rows=1 width=121)
	  Index Cond: (id = 4187648)

table 5 : explain SELECT c FROM sbtest5 WHERE id=78313
	Index Scan using sbtest5_pkey on sbtest5  (cost=0.43..8.45 rows=1 width=121)
	  Index Cond: (id = 78313)

table 6 : explain SELECT c FROM sbtest6 WHERE id=9973177
	Index Scan using sbtest6_pkey on sbtest6  (cost=0.43..8.45 rows=1 width=121)
	  Index Cond: (id = 9973177)

table 7 : explain SELECT c FROM sbtest7 WHERE id=4938050
	Index Scan using sbtest7_pkey on sbtest7  (cost=0.43..8.45 rows=1 width=121)
	  Index Cond: (id = 4938050)

table 8 : explain SELECT c FROM sbtest8 WHERE id=2125062
	Index Scan using sbtest8_pkey on sbtest8  (cost=0.43..8.45 rows=1 width=121)
	  Index Cond: (id = 2125062)

for: order_ranges
table 1 : explain SELECT c FROM sbtest1 WHERE id BETWEEN 4406711 AND 4407710 ORDER BY c
	Sort  (cost=3828.11..3830.55 rows=975 width=121)
	  Sort Key: c
	  ->  Bitmap Heap Scan on sbtest1  (cost=34.43..3779.71 rows=975 width=121)
	        Recheck Cond: ((id >= 4406711) AND (id <= 4407710))
	        ->  Bitmap Index Scan on sbtest1_pkey  (cost=0.00..34.19 rows=975 width=0)
	              Index Cond: ((id >= 4406711) AND (id <= 4407710))

table 2 : explain SELECT c FROM sbtest2 WHERE id BETWEEN 9138091 AND 9139090 ORDER BY c
	Sort  (cost=4332.93..4335.70 rows=1107 width=121)
	  Sort Key: c
	  ->  Bitmap Heap Scan on sbtest2  (cost=35.78..4276.96 rows=1107 width=121)
	        Recheck Cond: ((id >= 9138091) AND (id <= 9139090))
	        ->  Bitmap Index Scan on sbtest2_pkey  (cost=0.00..35.51 rows=1107 width=0)
	              Index Cond: ((id >= 9138091) AND (id <= 9139090))

table 3 : explain SELECT c FROM sbtest3 WHERE id BETWEEN 4797755 AND 4798754 ORDER BY c
	Sort  (cost=3901.76..3904.25 rows=994 width=121)
	  Sort Key: c
	  ->  Bitmap Heap Scan on sbtest3  (cost=34.62..3852.28 rows=994 width=121)
	        Recheck Cond: ((id >= 4797755) AND (id <= 4798754))
	        ->  Bitmap Index Scan on sbtest3_pkey  (cost=0.00..34.38 rows=994 width=0)
	              Index Cond: ((id >= 4797755) AND (id <= 4798754))

table 4 : explain SELECT c FROM sbtest4 WHERE id BETWEEN 5101513 AND 5102512 ORDER BY c
	Sort  (cost=3850.88..3853.33 rows=979 width=121)
	  Sort Key: c
	  ->  Bitmap Heap Scan on sbtest4  (cost=34.47..3802.25 rows=979 width=121)
	        Recheck Cond: ((id >= 5101513) AND (id <= 5102512))
	        ->  Bitmap Index Scan on sbtest4_pkey  (cost=0.00..34.23 rows=979 width=0)
	              Index Cond: ((id >= 5101513) AND (id <= 5102512))

table 5 : explain SELECT c FROM sbtest5 WHERE id BETWEEN 2223332 AND 2224331 ORDER BY c
	Sort  (cost=4349.14..4351.91 rows=1108 width=121)
	  Sort Key: c
	  ->  Bitmap Heap Scan on sbtest5  (cost=39.79..4293.11 rows=1108 width=121)
	        Recheck Cond: ((id >= 2223332) AND (id <= 2224331))
	        ->  Bitmap Index Scan on sbtest5_pkey  (cost=0.00..39.52 rows=1108 width=0)
	              Index Cond: ((id >= 2223332) AND (id <= 2224331))

table 6 : explain SELECT c FROM sbtest6 WHERE id BETWEEN 9992933 AND 9993932 ORDER BY c
	Sort  (cost=3764.53..3766.92 rows=958 width=121)
	  Sort Key: c
	  ->  Bitmap Heap Scan on sbtest6  (cost=34.25..3717.09 rows=958 width=121)
	        Recheck Cond: ((id >= 9992933) AND (id <= 9993932))
	        ->  Bitmap Index Scan on sbtest6_pkey  (cost=0.00..34.02 rows=958 width=0)
	              Index Cond: ((id >= 9992933) AND (id <= 9993932))

table 7 : explain SELECT c FROM sbtest7 WHERE id BETWEEN 5733096 AND 5734095 ORDER BY c
	Sort  (cost=4041.92..4044.50 rows=1031 width=121)
	  Sort Key: c
	  ->  Bitmap Heap Scan on sbtest7  (cost=35.00..3990.32 rows=1031 width=121)
	        Recheck Cond: ((id >= 5733096) AND (id <= 5734095))
	        ->  Bitmap Index Scan on sbtest7_pkey  (cost=0.00..34.75 rows=1031 width=0)
	              Index Cond: ((id >= 5733096) AND (id <= 5734095))

table 8 : explain SELECT c FROM sbtest8 WHERE id BETWEEN 8052705 AND 8053704 ORDER BY c
	Sort  (cost=4008.33..4010.89 rows=1022 width=121)
	  Sort Key: c
	  ->  Bitmap Heap Scan on sbtest8  (cost=34.91..3957.25 rows=1022 width=121)
	        Recheck Cond: ((id >= 8052705) AND (id <= 8053704))
	        ->  Bitmap Index Scan on sbtest8_pkey  (cost=0.00..34.66 rows=1022 width=0)
	              Index Cond: ((id >= 8052705) AND (id <= 8053704))

for: simple_ranges
table 1 : explain SELECT c FROM sbtest1 WHERE id BETWEEN 1542689 AND 1543688
	Bitmap Heap Scan on sbtest1  (cost=34.85..3934.19 rows=1016 width=121)
	  Recheck Cond: ((id >= 1542689) AND (id <= 1543688))
	  ->  Bitmap Index Scan on sbtest1_pkey  (cost=0.00..34.59 rows=1016 width=0)
	        Index Cond: ((id >= 1542689) AND (id <= 1543688))

table 2 : explain SELECT c FROM sbtest2 WHERE id BETWEEN 3495150 AND 3496149
	Bitmap Heap Scan on sbtest2  (cost=35.54..4186.81 rows=1083 width=121)
	  Recheck Cond: ((id >= 3495150) AND (id <= 3496149))
	  ->  Bitmap Index Scan on sbtest2_pkey  (cost=0.00..35.27 rows=1083 width=0)
	        Index Cond: ((id >= 3495150) AND (id <= 3496149))

table 3 : explain SELECT c FROM sbtest3 WHERE id BETWEEN 2860129 AND 2861128
	Bitmap Heap Scan on sbtest3  (cost=35.18..4055.65 rows=1048 width=121)
	  Recheck Cond: ((id >= 2860129) AND (id <= 2861128))
	  ->  Bitmap Index Scan on sbtest3_pkey  (cost=0.00..34.92 rows=1048 width=0)
	        Index Cond: ((id >= 2860129) AND (id <= 2861128))

table 4 : explain SELECT c FROM sbtest4 WHERE id BETWEEN 1842904 AND 1843903
	Bitmap Heap Scan on sbtest4  (cost=34.66..3874.08 rows=998 width=121)
	  Recheck Cond: ((id >= 1842904) AND (id <= 1843903))
	  ->  Bitmap Index Scan on sbtest4_pkey  (cost=0.00..34.42 rows=998 width=0)
	        Index Cond: ((id >= 1842904) AND (id <= 1843903))

table 5 : explain SELECT c FROM sbtest5 WHERE id BETWEEN 1067905 AND 1068904
	Bitmap Heap Scan on sbtest5  (cost=34.40..3775.82 rows=972 width=121)
	  Recheck Cond: ((id >= 1067905) AND (id <= 1068904))
	  ->  Bitmap Index Scan on sbtest5_pkey  (cost=0.00..34.16 rows=972 width=0)
	        Index Cond: ((id >= 1067905) AND (id <= 1068904))

table 6 : explain SELECT c FROM sbtest6 WHERE id BETWEEN 8507803 AND 8508802
	Index Scan using sbtest6_pkey on sbtest6  (cost=0.43..3350.87 rows=854 width=121)
	  Index Cond: ((id >= 8507803) AND (id <= 8508802))

table 7 : explain SELECT c FROM sbtest7 WHERE id BETWEEN 2013568 AND 2014567
	Bitmap Heap Scan on sbtest7  (cost=34.50..3805.79 rows=982 width=121)
	  Recheck Cond: ((id >= 2013568) AND (id <= 2014567))
	  ->  Bitmap Index Scan on sbtest7_pkey  (cost=0.00..34.26 rows=982 width=0)
	        Index Cond: ((id >= 2013568) AND (id <= 2014567))

table 8 : explain SELECT c FROM sbtest8 WHERE id BETWEEN 7780498 AND 7781497
	Bitmap Heap Scan on sbtest8  (cost=40.44..4517.16 rows=1171 width=121)
	  Recheck Cond: ((id >= 7780498) AND (id <= 7781497))
	  ->  Bitmap Index Scan on sbtest8_pkey  (cost=0.00..40.15 rows=1171 width=0)
	        Index Cond: ((id >= 7780498) AND (id <= 7781497))

explain: for point_selects :: explain SELECT c FROM sbtest%u WHERE id=%u
for: distinct_ranges
table 1 : explain SELECT DISTINCT c FROM sbtest1 WHERE id BETWEEN 5985017 AND 5986016 ORDER BY c
	Unique  (cost=3759.20..3763.98 rows=957 width=121)
	  ->  Sort  (cost=3759.20..3761.59 rows=957 width=121)
	        Sort Key: c
	        ->  Bitmap Heap Scan on sbtest1  (cost=34.24..3711.81 rows=957 width=121)
	              Recheck Cond: ((id >= 5985017) AND (id <= 5986016))
	              ->  Bitmap Index Scan on sbtest1_pkey  (cost=0.00..34.01 rows=957 width=0)
	                    Index Cond: ((id >= 5985017) AND (id <= 5986016))

table 2 : explain SELECT DISTINCT c FROM sbtest2 WHERE id BETWEEN 5982325 AND 5983324 ORDER BY c
	Unique  (cost=4050.48..4055.65 rows=1033 width=121)
	  ->  Sort  (cost=4050.48..4053.06 rows=1033 width=121)
	        Sort Key: c
	        ->  Bitmap Heap Scan on sbtest2  (cost=35.02..3998.77 rows=1033 width=121)
	              Recheck Cond: ((id >= 5982325) AND (id <= 5983324))
	              ->  Bitmap Index Scan on sbtest2_pkey  (cost=0.00..34.77 rows=1033 width=0)
	                    Index Cond: ((id >= 5982325) AND (id <= 5983324))

table 3 : explain SELECT DISTINCT c FROM sbtest3 WHERE id BETWEEN 5116703 AND 5117702 ORDER BY c
	Unique  (cost=3989.74..3994.83 rows=1017 width=121)
	  ->  Sort  (cost=3989.74..3992.29 rows=1017 width=121)
	        Sort Key: c
	        ->  Bitmap Heap Scan on sbtest3  (cost=34.86..3938.94 rows=1017 width=121)
	              Recheck Cond: ((id >= 5116703) AND (id <= 5117702))
	              ->  Bitmap Index Scan on sbtest3_pkey  (cost=0.00..34.61 rows=1017 width=0)
	                    Index Cond: ((id >= 5116703) AND (id <= 5117702))

table 4 : explain SELECT DISTINCT c FROM sbtest4 WHERE id BETWEEN 3059499 AND 3060498 ORDER BY c
	Unique  (cost=3923.79..3928.78 rows=998 width=121)
	  ->  Sort  (cost=3923.79..3926.29 rows=998 width=121)
	        Sort Key: c
	        ->  Bitmap Heap Scan on sbtest4  (cost=34.66..3874.08 rows=998 width=121)
	              Recheck Cond: ((id >= 3059499) AND (id <= 3060498))
	              ->  Bitmap Index Scan on sbtest4_pkey  (cost=0.00..34.42 rows=998 width=0)
	                    Index Cond: ((id >= 3059499) AND (id <= 3060498))

table 5 : explain SELECT DISTINCT c FROM sbtest5 WHERE id BETWEEN 1425365 AND 1426364 ORDER BY c
	Unique  (cost=3850.93..3855.83 rows=979 width=121)
	  ->  Sort  (cost=3850.93..3853.38 rows=979 width=121)
	        Sort Key: c
	        ->  Bitmap Heap Scan on sbtest5  (cost=34.47..3802.30 rows=979 width=121)
	              Recheck Cond: ((id >= 1425365) AND (id <= 1426364))
	              ->  Bitmap Index Scan on sbtest5_pkey  (cost=0.00..34.23 rows=979 width=0)
	                    Index Cond: ((id >= 1425365) AND (id <= 1426364))

table 6 : explain SELECT DISTINCT c FROM sbtest6 WHERE id BETWEEN 6005166 AND 6006165 ORDER BY c
	Unique  (cost=3668.69..3673.35 rows=933 width=121)
	  ->  Sort  (cost=3668.69..3671.02 rows=933 width=121)
	        Sort Key: c
	        ->  Bitmap Heap Scan on sbtest6  (cost=34.00..3622.67 rows=933 width=121)
	              Recheck Cond: ((id >= 6005166) AND (id <= 6006165))
	              ->  Bitmap Index Scan on sbtest6_pkey  (cost=0.00..33.77 rows=933 width=0)
	                    Index Cond: ((id >= 6005166) AND (id <= 6006165))

table 7 : explain SELECT DISTINCT c FROM sbtest7 WHERE id BETWEEN 3207412 AND 3208411 ORDER BY c
	Unique  (cost=3919.62..3924.61 rows=999 width=121)
	  ->  Sort  (cost=3919.62..3922.11 rows=999 width=121)
	        Sort Key: c
	        ->  Bitmap Heap Scan on sbtest7  (cost=34.67..3869.84 rows=999 width=121)
	              Recheck Cond: ((id >= 3207412) AND (id <= 3208411))
	              ->  Bitmap Index Scan on sbtest7_pkey  (cost=0.00..34.43 rows=999 width=0)
	                    Index Cond: ((id >= 3207412) AND (id <= 3208411))

table 8 : explain SELECT DISTINCT c FROM sbtest8 WHERE id BETWEEN 767880 AND 768879 ORDER BY c
	Unique  (cost=3820.89..3825.75 rows=973 width=121)
	  ->  Sort  (cost=3820.89..3823.32 rows=973 width=121)
	        Sort Key: c
	        ->  Bitmap Heap Scan on sbtest8  (cost=34.41..3772.60 rows=973 width=121)
	              Recheck Cond: ((id >= 767880) AND (id <= 768879))
	              ->  Bitmap Index Scan on sbtest8_pkey  (cost=0.00..34.17 rows=973 width=0)
	                    Index Cond: ((id >= 767880) AND (id <= 768879))

for: distinct_ranges
table 1 : explain SELECT DISTINCT c FROM sbtest1 WHERE id BETWEEN 8636206 AND 8637205 ORDER BY c
	Unique  (cost=4282.72..4288.19 rows=1094 width=121)
	  ->  Sort  (cost=4282.72..4285.46 rows=1094 width=121)
	        Sort Key: c
	        ->  Bitmap Heap Scan on sbtest1  (cost=35.65..4227.50 rows=1094 width=121)
	              Recheck Cond: ((id >= 8636206) AND (id <= 8637205))
	              ->  Bitmap Index Scan on sbtest1_pkey  (cost=0.00..35.38 rows=1094 width=0)
	                    Index Cond: ((id >= 8636206) AND (id <= 8637205))

table 2 : explain SELECT DISTINCT c FROM sbtest2 WHERE id BETWEEN 466675 AND 467674 ORDER BY c
	Unique  (cost=3656.08..3660.74 rows=931 width=121)
	  ->  Sort  (cost=3656.08..3658.41 rows=931 width=121)
	        Sort Key: c
	        ->  Bitmap Heap Scan on sbtest2  (cost=29.98..3610.17 rows=931 width=121)
	              Recheck Cond: ((id >= 466675) AND (id <= 467674))
	              ->  Bitmap Index Scan on sbtest2_pkey  (cost=0.00..29.75 rows=931 width=0)
	                    Index Cond: ((id >= 466675) AND (id <= 467674))

table 3 : explain SELECT DISTINCT c FROM sbtest3 WHERE id BETWEEN 9982563 AND 9983562 ORDER BY c
	Unique  (cost=3982.10..3987.17 rows=1015 width=121)
	  ->  Sort  (cost=3982.10..3984.63 rows=1015 width=121)
	        Sort Key: c
	        ->  Bitmap Heap Scan on sbtest3  (cost=34.84..3931.41 rows=1015 width=121)
	              Recheck Cond: ((id >= 9982563) AND (id <= 9983562))
	              ->  Bitmap Index Scan on sbtest3_pkey  (cost=0.00..34.59 rows=1015 width=0)
	                    Index Cond: ((id >= 9982563) AND (id <= 9983562))

table 4 : explain SELECT DISTINCT c FROM sbtest4 WHERE id BETWEEN 3440779 AND 3441778 ORDER BY c
	Unique  (cost=4249.45..4254.87 rows=1083 width=121)
	  ->  Sort  (cost=4249.45..4252.16 rows=1083 width=121)
	        Sort Key: c
	        ->  Bitmap Heap Scan on sbtest4  (cost=35.54..4194.87 rows=1083 width=121)
	              Recheck Cond: ((id >= 3440779) AND (id <= 3441778))
	              ->  Bitmap Index Scan on sbtest4_pkey  (cost=0.00..35.27 rows=1083 width=0)
	                    Index Cond: ((id >= 3440779) AND (id <= 3441778))

table 5 : explain SELECT DISTINCT c FROM sbtest5 WHERE id BETWEEN 4285481 AND 4286480 ORDER BY c
	Unique  (cost=4038.88..4044.02 rows=1028 width=121)
	  ->  Sort  (cost=4038.88..4041.45 rows=1028 width=121)
	        Sort Key: c
	        ->  Bitmap Heap Scan on sbtest5  (cost=34.97..3987.45 rows=1028 width=121)
	              Recheck Cond: ((id >= 4285481) AND (id <= 4286480))
	              ->  Bitmap Index Scan on sbtest5_pkey  (cost=0.00..34.72 rows=1028 width=0)
	                    Index Cond: ((id >= 4285481) AND (id <= 4286480))

table 6 : explain SELECT DISTINCT c FROM sbtest6 WHERE id BETWEEN 8013525 AND 8014524 ORDER BY c
	Unique  (cost=3898.57..3903.53 rows=993 width=121)
	  ->  Sort  (cost=3898.57..3901.05 rows=993 width=121)
	        Sort Key: c
	        ->  Bitmap Heap Scan on sbtest6  (cost=34.61..3849.14 rows=993 width=121)
	              Recheck Cond: ((id >= 8013525) AND (id <= 8014524))
	              ->  Bitmap Index Scan on sbtest6_pkey  (cost=0.00..34.37 rows=993 width=0)
	                    Index Cond: ((id >= 8013525) AND (id <= 8014524))

table 7 : explain SELECT DISTINCT c FROM sbtest7 WHERE id BETWEEN 6350802 AND 6351801 ORDER BY c
	Unique  (cost=3946.38..3951.41 rows=1006 width=121)
	  ->  Sort  (cost=3946.38..3948.90 rows=1006 width=121)
	        Sort Key: c
	        ->  Bitmap Heap Scan on sbtest7  (cost=34.75..3896.21 rows=1006 width=121)
	              Recheck Cond: ((id >= 6350802) AND (id <= 6351801))
	              ->  Bitmap Index Scan on sbtest7_pkey  (cost=0.00..34.50 rows=1006 width=0)
	                    Index Cond: ((id >= 6350802) AND (id <= 6351801))

table 8 : explain SELECT DISTINCT c FROM sbtest8 WHERE id BETWEEN 5597768 AND 5598767 ORDER BY c
	Unique  (cost=4031.26..4036.40 rows=1028 width=121)
	  ->  Sort  (cost=4031.26..4033.83 rows=1028 width=121)
	        Sort Key: c
	        ->  Bitmap Heap Scan on sbtest8  (cost=34.97..3979.83 rows=1028 width=121)
	              Recheck Cond: ((id >= 5597768) AND (id <= 5598767))
	              ->  Bitmap Index Scan on sbtest8_pkey  (cost=0.00..34.72 rows=1028 width=0)
	                    Index Cond: ((id >= 5597768) AND (id <= 5598767))

for: distinct_ranges
table 1 : explain SELECT DISTINCT c FROM sbtest1 WHERE id BETWEEN 6387858 AND 6388857 ORDER BY c
	Unique  (cost=4069.00..4074.19 rows=1038 width=121)
	  ->  Sort  (cost=4069.00..4071.59 rows=1038 width=121)
	        Sort Key: c
	        ->  Bitmap Heap Scan on sbtest1  (cost=35.07..4017.00 rows=1038 width=121)
	              Recheck Cond: ((id >= 6387858) AND (id <= 6388857))
	              ->  Bitmap Index Scan on sbtest1_pkey  (cost=0.00..34.82 rows=1038 width=0)
	                    Index Cond: ((id >= 6387858) AND (id <= 6388857))

table 2 : explain SELECT DISTINCT c FROM sbtest2 WHERE id BETWEEN 896285 AND 897284 ORDER BY c
	Unique  (cost=4348.26..4353.82 rows=1112 width=121)
	  ->  Sort  (cost=4348.26..4351.04 rows=1112 width=121)
	        Sort Key: c
	        ->  Bitmap Heap Scan on sbtest2  (cost=35.83..4292.00 rows=1112 width=121)
	              Recheck Cond: ((id >= 896285) AND (id <= 897284))
	              ->  Bitmap Index Scan on sbtest2_pkey  (cost=0.00..35.56 rows=1112 width=0)
	                    Index Cond: ((id >= 896285) AND (id <= 897284))

table 3 : explain SELECT DISTINCT c FROM sbtest3 WHERE id BETWEEN 7060093 AND 7061092 ORDER BY c
	Unique  (cost=3917.07..3922.06 rows=998 width=121)
	  ->  Sort  (cost=3917.07..3919.56 rows=998 width=121)
	        Sort Key: c
	        ->  Bitmap Heap Scan on sbtest3  (cost=34.66..3867.36 rows=998 width=121)
	              Recheck Cond: ((id >= 7060093) AND (id <= 7061092))
	              ->  Bitmap Index Scan on sbtest3_pkey  (cost=0.00..34.42 rows=998 width=0)
	                    Index Cond: ((id >= 7060093) AND (id <= 7061092))

table 4 : explain SELECT DISTINCT c FROM sbtest4 WHERE id BETWEEN 7001311 AND 7002310 ORDER BY c
	Unique  (cost=4084.81..4090.01 rows=1040 width=121)
	  ->  Sort  (cost=4084.81..4087.41 rows=1040 width=121)
	        Sort Key: c
	        ->  Bitmap Heap Scan on sbtest4  (cost=35.09..4032.69 rows=1040 width=121)
	              Recheck Cond: ((id >= 7001311) AND (id <= 7002310))
	              ->  Bitmap Index Scan on sbtest4_pkey  (cost=0.00..34.84 rows=1040 width=0)
	                    Index Cond: ((id >= 7001311) AND (id <= 7002310))

table 5 : explain SELECT DISTINCT c FROM sbtest5 WHERE id BETWEEN 1056108 AND 1057107 ORDER BY c
	Unique  (cost=3824.06..3828.92 rows=972 width=121)
	  ->  Sort  (cost=3824.06..3826.49 rows=972 width=121)
	        Sort Key: c
	        ->  Bitmap Heap Scan on sbtest5  (cost=34.40..3775.82 rows=972 width=121)
	              Recheck Cond: ((id >= 1056108) AND (id <= 1057107))
	              ->  Bitmap Index Scan on sbtest5_pkey  (cost=0.00..34.16 rows=972 width=0)
	                    Index Cond: ((id >= 1056108) AND (id <= 1057107))

table 6 : explain SELECT DISTINCT c FROM sbtest6 WHERE id BETWEEN 3634486 AND 3635485 ORDER BY c
	Unique  (cost=3902.40..3907.37 rows=994 width=121)
	  ->  Sort  (cost=3902.40..3904.88 rows=994 width=121)
	        Sort Key: c
	        ->  Bitmap Heap Scan on sbtest6  (cost=34.62..3852.91 rows=994 width=121)
	              Recheck Cond: ((id >= 3634486) AND (id <= 3635485))
	              ->  Bitmap Index Scan on sbtest6_pkey  (cost=0.00..34.38 rows=994 width=0)
	                    Index Cond: ((id >= 3634486) AND (id <= 3635485))

table 7 : explain SELECT DISTINCT c FROM sbtest7 WHERE id BETWEEN 9724768 AND 9725767 ORDER BY c
	Unique  (cost=3804.84..3809.68 rows=969 width=121)
	  ->  Sort  (cost=3804.84..3807.26 rows=969 width=121)
	        Sort Key: c
	        ->  Bitmap Heap Scan on sbtest7  (cost=34.37..3756.77 rows=969 width=121)
	              Recheck Cond: ((id >= 9724768) AND (id <= 9725767))
	              ->  Bitmap Index Scan on sbtest7_pkey  (cost=0.00..34.12 rows=969 width=0)
	                    Index Cond: ((id >= 9724768) AND (id <= 9725767))

table 8 : explain SELECT DISTINCT c FROM sbtest8 WHERE id BETWEEN 6643443 AND 6644442 ORDER BY c
	Unique  (cost=3652.32..3656.96 rows=929 width=121)
	  ->  Sort  (cost=3652.32..3654.64 rows=929 width=121)
	        Sort Key: c
	        ->  Bitmap Heap Scan on sbtest8  (cost=33.96..3606.52 rows=929 width=121)
	              Recheck Cond: ((id >= 6643443) AND (id <= 6644442))
	              ->  Bitmap Index Scan on sbtest8_pkey  (cost=0.00..33.73 rows=929 width=0)
	                    Index Cond: ((id >= 6643443) AND (id <= 6644442))

for: distinct_ranges
table 1 : explain SELECT DISTINCT c FROM sbtest1 WHERE id BETWEEN 4276626 AND 4277625 ORDER BY c
	Unique  (cost=3896.99..3901.95 rows=993 width=121)
	  ->  Sort  (cost=3896.99..3899.47 rows=993 width=121)
	        Sort Key: c
	        ->  Bitmap Heap Scan on sbtest1  (cost=34.61..3847.56 rows=993 width=121)
	              Recheck Cond: ((id >= 4276626) AND (id <= 4277625))
	              ->  Bitmap Index Scan on sbtest1_pkey  (cost=0.00..34.37 rows=993 width=0)
	                    Index Cond: ((id >= 4276626) AND (id <= 4277625))

table 2 : explain SELECT DISTINCT c FROM sbtest2 WHERE id BETWEEN 3305588 AND 3306587 ORDER BY c
	Unique  (cost=4054.30..4059.47 rows=1034 width=121)
	  ->  Sort  (cost=4054.30..4056.89 rows=1034 width=121)
	        Sort Key: c
	        ->  Bitmap Heap Scan on sbtest2  (cost=35.03..4002.53 rows=1034 width=121)
	              Recheck Cond: ((id >= 3305588) AND (id <= 3306587))
	              ->  Bitmap Index Scan on sbtest2_pkey  (cost=0.00..34.78 rows=1034 width=0)
	                    Index Cond: ((id >= 3305588) AND (id <= 3306587))

table 3 : explain SELECT DISTINCT c FROM sbtest3 WHERE id BETWEEN 1576107 AND 1577106 ORDER BY c
	Unique  (cost=3966.80..3971.85 rows=1011 width=121)
	  ->  Sort  (cost=3966.80..3969.33 rows=1011 width=121)
	        Sort Key: c
	        ->  Bitmap Heap Scan on sbtest3  (cost=34.80..3916.34 rows=1011 width=121)
	              Recheck Cond: ((id >= 1576107) AND (id <= 1577106))
	              ->  Bitmap Index Scan on sbtest3_pkey  (cost=0.00..34.55 rows=1011 width=0)
	                    Index Cond: ((id >= 1576107) AND (id <= 1577106))

table 4 : explain SELECT DISTINCT c FROM sbtest4 WHERE id BETWEEN 4254524 AND 4255523 ORDER BY c
	Unique  (cost=3674.19..3678.86 rows=933 width=121)
	  ->  Sort  (cost=3674.19..3676.52 rows=933 width=121)
	        Sort Key: c
	        ->  Bitmap Heap Scan on sbtest4  (cost=34.00..3628.17 rows=933 width=121)
	              Recheck Cond: ((id >= 4254524) AND (id <= 4255523))
	              ->  Bitmap Index Scan on sbtest4_pkey  (cost=0.00..33.77 rows=933 width=0)
	                    Index Cond: ((id >= 4254524) AND (id <= 4255523))

table 5 : explain SELECT DISTINCT c FROM sbtest5 WHERE id BETWEEN 1693053 AND 1694052 ORDER BY c
	Unique  (cost=3889.31..3894.26 rows=989 width=121)
	  ->  Sort  (cost=3889.31..3891.78 rows=989 width=121)
	        Sort Key: c
	        ->  Bitmap Heap Scan on sbtest5  (cost=34.57..3840.11 rows=989 width=121)
	              Recheck Cond: ((id >= 1693053) AND (id <= 1694052))
	              ->  Bitmap Index Scan on sbtest5_pkey  (cost=0.00..34.33 rows=989 width=0)
	                    Index Cond: ((id >= 1693053) AND (id <= 1694052))

table 6 : explain SELECT DISTINCT c FROM sbtest6 WHERE id BETWEEN 5869280 AND 5870279 ORDER BY c
	Unique  (cost=3848.80..3853.70 rows=980 width=121)
	  ->  Sort  (cost=3848.80..3851.25 rows=980 width=121)
	        Sort Key: c
	        ->  Bitmap Heap Scan on sbtest6  (cost=34.48..3800.11 rows=980 width=121)
	              Recheck Cond: ((id >= 5869280) AND (id <= 5870279))
	              ->  Bitmap Index Scan on sbtest6_pkey  (cost=0.00..34.23 rows=980 width=0)
	                    Index Cond: ((id >= 5869280) AND (id <= 5870279))

table 7 : explain SELECT DISTINCT c FROM sbtest7 WHERE id BETWEEN 3129918 AND 3130917 ORDER BY c
	Unique  (cost=3785.70..3790.52 rows=964 width=121)
	  ->  Sort  (cost=3785.70..3788.11 rows=964 width=121)
	        Sort Key: c
	        ->  Bitmap Heap Scan on sbtest7  (cost=34.32..3737.92 rows=964 width=121)
	              Recheck Cond: ((id >= 3129918) AND (id <= 3130917))
	              ->  Bitmap Index Scan on sbtest7_pkey  (cost=0.00..34.08 rows=964 width=0)
	                    Index Cond: ((id >= 3129918) AND (id <= 3130917))

table 8 : explain SELECT DISTINCT c FROM sbtest8 WHERE id BETWEEN 9819553 AND 9820552 ORDER BY c
	Unique  (cost=3629.15..3633.77 rows=924 width=121)
	  ->  Sort  (cost=3629.15..3631.46 rows=924 width=121)
	        Sort Key: c
	        ->  Bitmap Heap Scan on sbtest8  (cost=29.91..3583.63 rows=924 width=121)
	              Recheck Cond: ((id >= 9819553) AND (id <= 9820552))
	              ->  Bitmap Index Scan on sbtest8_pkey  (cost=0.00..29.68 rows=924 width=0)
	                    Index Cond: ((id >= 9819553) AND (id <= 9820552))

for point_selects
table 1 : explain SELECT c FROM sbtest1 WHERE id=8329106
	Index Scan using sbtest1_pkey on sbtest1  (cost=0.43..8.45 rows=1 width=121)
	  Index Cond: (id = 8329106)

table 2 : explain SELECT c FROM sbtest2 WHERE id=1581885
	Index Scan using sbtest2_pkey on sbtest2  (cost=0.43..8.45 rows=1 width=121)
	  Index Cond: (id = 1581885)

table 3 : explain SELECT c FROM sbtest3 WHERE id=3580137
	Index Scan using sbtest3_pkey on sbtest3  (cost=0.43..8.45 rows=1 width=121)
	  Index Cond: (id = 3580137)

table 4 : explain SELECT c FROM sbtest4 WHERE id=1649023
	Index Scan using sbtest4_pkey on sbtest4  (cost=0.43..8.45 rows=1 width=121)
	  Index Cond: (id = 1649023)

table 5 : explain SELECT c FROM sbtest5 WHERE id=6301786
	Index Scan using sbtest5_pkey on sbtest5  (cost=0.43..8.45 rows=1 width=121)
	  Index Cond: (id = 6301786)

table 6 : explain SELECT c FROM sbtest6 WHERE id=4435677
	Index Scan using sbtest6_pkey on sbtest6  (cost=0.43..8.45 rows=1 width=121)
	  Index Cond: (id = 4435677)

table 7 : explain SELECT c FROM sbtest7 WHERE id=7937671
	Index Scan using sbtest7_pkey on sbtest7  (cost=0.43..8.45 rows=1 width=121)
	  Index Cond: (id = 7937671)

table 8 : explain SELECT c FROM sbtest8 WHERE id=2084898
	Index Scan using sbtest8_pkey on sbtest8  (cost=0.43..8.45 rows=1 width=121)
	  Index Cond: (id = 2084898)

for: simple_ranges
table 1 : explain SELECT c FROM sbtest1 WHERE id BETWEEN 25050 AND 26049
	Bitmap Heap Scan on sbtest1  (cost=35.29..4095.98 rows=1059 width=121)
	  Recheck Cond: ((id >= 25050) AND (id <= 26049))
	  ->  Bitmap Index Scan on sbtest1_pkey  (cost=0.00..35.03 rows=1059 width=0)
	        Index Cond: ((id >= 25050) AND (id <= 26049))

table 2 : explain SELECT c FROM sbtest2 WHERE id BETWEEN 4619791 AND 4620790
	Bitmap Heap Scan on sbtest2  (cost=34.78..3908.39 rows=1009 width=121)
	  Recheck Cond: ((id >= 4619791) AND (id <= 4620790))
	  ->  Bitmap Index Scan on sbtest2_pkey  (cost=0.00..34.53 rows=1009 width=0)
	        Index Cond: ((id >= 4619791) AND (id <= 4620790))

table 3 : explain SELECT c FROM sbtest3 WHERE id BETWEEN 4860122 AND 4861121
	Bitmap Heap Scan on sbtest3  (cost=34.62..3852.28 rows=994 width=121)
	  Recheck Cond: ((id >= 4860122) AND (id <= 4861121))
	  ->  Bitmap Index Scan on sbtest3_pkey  (cost=0.00..34.38 rows=994 width=0)
	        Index Cond: ((id >= 4860122) AND (id <= 4861121))

table 4 : explain SELECT c FROM sbtest4 WHERE id BETWEEN 3802137 AND 3803136
	Bitmap Heap Scan on sbtest4  (cost=29.81..3555.97 rows=915 width=121)
	  Recheck Cond: ((id >= 3802137) AND (id <= 3803136))
	  ->  Bitmap Index Scan on sbtest4_pkey  (cost=0.00..29.58 rows=915 width=0)
	        Index Cond: ((id >= 3802137) AND (id <= 3803136))

table 5 : explain SELECT c FROM sbtest5 WHERE id BETWEEN 4688103 AND 4689102
	Bitmap Heap Scan on sbtest5  (cost=39.82..4304.41 rows=1111 width=121)
	  Recheck Cond: ((id >= 4688103) AND (id <= 4689102))
	  ->  Bitmap Index Scan on sbtest5_pkey  (cost=0.00..39.55 rows=1111 width=0)
	        Index Cond: ((id >= 4688103) AND (id <= 4689102))

table 6 : explain SELECT c FROM sbtest6 WHERE id BETWEEN 2775864 AND 2776863
	Bitmap Heap Scan on sbtest6  (cost=35.36..4124.06 rows=1066 width=121)
	  Recheck Cond: ((id >= 2775864) AND (id <= 2776863))
	  ->  Bitmap Index Scan on sbtest6_pkey  (cost=0.00..35.09 rows=1066 width=0)
	        Index Cond: ((id >= 2775864) AND (id <= 2776863))

table 7 : explain SELECT c FROM sbtest7 WHERE id BETWEEN 4171321 AND 4172320
	Bitmap Heap Scan on sbtest7  (cost=34.48..3798.25 rows=980 width=121)
	  Recheck Cond: ((id >= 4171321) AND (id <= 4172320))
	  ->  Bitmap Index Scan on sbtest7_pkey  (cost=0.00..34.23 rows=980 width=0)
	        Index Cond: ((id >= 4171321) AND (id <= 4172320))

table 8 : explain SELECT c FROM sbtest8 WHERE id BETWEEN 5915123 AND 5916122
	Bitmap Heap Scan on sbtest8  (cost=34.77..3904.52 rows=1008 width=121)
	  Recheck Cond: ((id >= 5915123) AND (id <= 5916122))
	  ->  Bitmap Index Scan on sbtest8_pkey  (cost=0.00..34.52 rows=1008 width=0)
	        Index Cond: ((id >= 5915123) AND (id <= 5916122))

explain: for point_selects :: explain SELECT c FROM sbtest%u WHERE id=%u
for: sum_ranges
table 1 : explain SELECT SUM(k) FROM sbtest1 WHERE id BETWEEN 6415787 AND 6416786
	Aggregate  (cost=4019.59..4019.60 rows=1 width=8)
	  ->  Bitmap Heap Scan on sbtest1  (cost=35.07..4017.00 rows=1038 width=4)
	        Recheck Cond: ((id >= 6415787) AND (id <= 6416786))
	        ->  Bitmap Index Scan on sbtest1_pkey  (cost=0.00..34.82 rows=1038 width=0)
	              Index Cond: ((id >= 6415787) AND (id <= 6416786))

table 2 : explain SELECT SUM(k) FROM sbtest2 WHERE id BETWEEN 1650726 AND 1651725
	Aggregate  (cost=3778.90..3778.91 rows=1 width=8)
	  ->  Bitmap Heap Scan on sbtest2  (cost=34.42..3776.47 rows=974 width=4)
	        Recheck Cond: ((id >= 1650726) AND (id <= 1651725))
	        ->  Bitmap Index Scan on sbtest2_pkey  (cost=0.00..34.18 rows=974 width=0)
	              Index Cond: ((id >= 1650726) AND (id <= 1651725))

table 3 : explain SELECT SUM(k) FROM sbtest3 WHERE id BETWEEN 292126 AND 293125
	Aggregate  (cost=3892.48..3892.49 rows=1 width=8)
	  ->  Bitmap Heap Scan on sbtest3  (cost=34.73..3889.97 rows=1004 width=4)
	        Recheck Cond: ((id >= 292126) AND (id <= 293125))
	        ->  Bitmap Index Scan on sbtest3_pkey  (cost=0.00..34.48 rows=1004 width=0)
	              Index Cond: ((id >= 292126) AND (id <= 293125))

table 4 : explain SELECT SUM(k) FROM sbtest4 WHERE id BETWEEN 3726099 AND 3727098
	Aggregate  (cost=4408.82..4408.83 rows=1 width=8)
	  ->  Bitmap Heap Scan on sbtest4  (cost=40.10..4405.98 rows=1138 width=4)
	        Recheck Cond: ((id >= 3726099) AND (id <= 3727098))
	        ->  Bitmap Index Scan on sbtest4_pkey  (cost=0.00..39.82 rows=1138 width=0)
	              Index Cond: ((id >= 3726099) AND (id <= 3727098))

table 5 : explain SELECT SUM(k) FROM sbtest5 WHERE id BETWEEN 1242656 AND 1243655
	Aggregate  (cost=3933.33..3933.34 rows=1 width=8)
	  ->  Bitmap Heap Scan on sbtest5  (cost=34.82..3930.80 rows=1013 width=4)
	        Recheck Cond: ((id >= 1242656) AND (id <= 1243655))
	        ->  Bitmap Index Scan on sbtest5_pkey  (cost=0.00..34.57 rows=1013 width=0)
	              Index Cond: ((id >= 1242656) AND (id <= 1243655))

table 6 : explain SELECT SUM(k) FROM sbtest6 WHERE id BETWEEN 6309455 AND 6310454
	Aggregate  (cost=3730.81..3730.82 rows=1 width=8)
	  ->  Bitmap Heap Scan on sbtest6  (cost=34.29..3728.41 rows=961 width=4)
	        Recheck Cond: ((id >= 6309455) AND (id <= 6310454))
	        ->  Bitmap Index Scan on sbtest6_pkey  (cost=0.00..34.05 rows=961 width=0)
	              Index Cond: ((id >= 6309455) AND (id <= 6310454))

table 7 : explain SELECT SUM(k) FROM sbtest7 WHERE id BETWEEN 2356240 AND 2357239
	Aggregate  (cost=3902.49..3902.50 rows=1 width=8)
	  ->  Bitmap Heap Scan on sbtest7  (cost=34.76..3899.98 rows=1007 width=4)
	        Recheck Cond: ((id >= 2356240) AND (id <= 2357239))
	        ->  Bitmap Index Scan on sbtest7_pkey  (cost=0.00..34.51 rows=1007 width=0)
	              Index Cond: ((id >= 2356240) AND (id <= 2357239))

table 8 : explain SELECT SUM(k) FROM sbtest8 WHERE id BETWEEN 8027173 AND 8028172
	Aggregate  (cost=3563.26..3563.27 rows=1 width=8)
	  ->  Bitmap Heap Scan on sbtest8  (cost=29.84..3560.96 rows=918 width=4)
	        Recheck Cond: ((id >= 8027173) AND (id <= 8028172))
	        ->  Bitmap Index Scan on sbtest8_pkey  (cost=0.00..29.61 rows=918 width=0)
	              Index Cond: ((id >= 8027173) AND (id <= 8028172))

for point_selects
table 1 : explain SELECT c FROM sbtest1 WHERE id=462331
	Index Scan using sbtest1_pkey on sbtest1  (cost=0.43..8.45 rows=1 width=121)
	  Index Cond: (id = 462331)

table 2 : explain SELECT c FROM sbtest2 WHERE id=1138686
	Index Scan using sbtest2_pkey on sbtest2  (cost=0.43..8.45 rows=1 width=121)
	  Index Cond: (id = 1138686)

table 3 : explain SELECT c FROM sbtest3 WHERE id=4777476
	Index Scan using sbtest3_pkey on sbtest3  (cost=0.43..8.45 rows=1 width=121)
	  Index Cond: (id = 4777476)

table 4 : explain SELECT c FROM sbtest4 WHERE id=985108
	Index Scan using sbtest4_pkey on sbtest4  (cost=0.43..8.45 rows=1 width=121)
	  Index Cond: (id = 985108)

table 5 : explain SELECT c FROM sbtest5 WHERE id=919545
	Index Scan using sbtest5_pkey on sbtest5  (cost=0.43..8.45 rows=1 width=121)
	  Index Cond: (id = 919545)

table 6 : explain SELECT c FROM sbtest6 WHERE id=9337672
	Index Scan using sbtest6_pkey on sbtest6  (cost=0.43..8.45 rows=1 width=121)
	  Index Cond: (id = 9337672)

table 7 : explain SELECT c FROM sbtest7 WHERE id=8735487
	Index Scan using sbtest7_pkey on sbtest7  (cost=0.43..8.45 rows=1 width=121)
	  Index Cond: (id = 8735487)

table 8 : explain SELECT c FROM sbtest8 WHERE id=3970486
	Index Scan using sbtest8_pkey on sbtest8  (cost=0.43..8.45 rows=1 width=121)
	  Index Cond: (id = 3970486)

for: simple_ranges
table 1 : explain SELECT c FROM sbtest1 WHERE id BETWEEN 4179310 AND 4180309
	Bitmap Heap Scan on sbtest1  (cost=34.65..3862.63 rows=997 width=121)
	  Recheck Cond: ((id >= 4179310) AND (id <= 4180309))
	  ->  Bitmap Index Scan on sbtest1_pkey  (cost=0.00..34.41 rows=997 width=0)
	        Index Cond: ((id >= 4179310) AND (id <= 4180309))

table 2 : explain SELECT c FROM sbtest2 WHERE id BETWEEN 7322829 AND 7323828
	Bitmap Heap Scan on sbtest2  (cost=29.78..3538.38 rows=912 width=121)
	  Recheck Cond: ((id >= 7322829) AND (id <= 7323828))
	  ->  Bitmap Index Scan on sbtest2_pkey  (cost=0.00..29.55 rows=912 width=0)
	        Index Cond: ((id >= 7322829) AND (id <= 7323828))

table 3 : explain SELECT c FROM sbtest3 WHERE id BETWEEN 7306611 AND 7307610
	Bitmap Heap Scan on sbtest3  (cost=29.90..3580.31 rows=923 width=121)
	  Recheck Cond: ((id >= 7306611) AND (id <= 7307610))
	  ->  Bitmap Index Scan on sbtest3_pkey  (cost=0.00..29.66 rows=923 width=0)
	        Index Cond: ((id >= 7306611) AND (id <= 7307610))

table 4 : explain SELECT c FROM sbtest4 WHERE id BETWEEN 4521637 AND 4522636
	Bitmap Heap Scan on sbtest4  (cost=34.48..3806.03 rows=980 width=121)
	  Recheck Cond: ((id >= 4521637) AND (id <= 4522636))
	  ->  Bitmap Index Scan on sbtest4_pkey  (cost=0.00..34.23 rows=980 width=0)
	        Index Cond: ((id >= 4521637) AND (id <= 4522636))

table 5 : explain SELECT c FROM sbtest5 WHERE id BETWEEN 9020568 AND 9021567
	Bitmap Heap Scan on sbtest5  (cost=35.20..4070.48 rows=1050 width=121)
	  Recheck Cond: ((id >= 9020568) AND (id <= 9021567))
	  ->  Bitmap Index Scan on sbtest5_pkey  (cost=0.00..34.94 rows=1050 width=0)
	        Index Cond: ((id >= 9020568) AND (id <= 9021567))

table 6 : explain SELECT c FROM sbtest6 WHERE id BETWEEN 2134069 AND 2135068
	Bitmap Heap Scan on sbtest6  (cost=35.55..4191.74 rows=1084 width=121)
	  Recheck Cond: ((id >= 2134069) AND (id <= 2135068))
	  ->  Bitmap Index Scan on sbtest6_pkey  (cost=0.00..35.28 rows=1084 width=0)
	        Index Cond: ((id >= 2134069) AND (id <= 2135068))

table 7 : explain SELECT c FROM sbtest7 WHERE id BETWEEN 5316029 AND 5317028
	Bitmap Heap Scan on sbtest7  (cost=34.37..3756.77 rows=969 width=121)
	  Recheck Cond: ((id >= 5316029) AND (id <= 5317028))
	  ->  Bitmap Index Scan on sbtest7_pkey  (cost=0.00..34.12 rows=969 width=0)
	        Index Cond: ((id >= 5316029) AND (id <= 5317028))

table 8 : explain SELECT c FROM sbtest8 WHERE id BETWEEN 115904 AND 116903
	Bitmap Heap Scan on sbtest8  (cost=34.76..3900.75 rows=1007 width=121)
	  Recheck Cond: ((id >= 115904) AND (id <= 116903))
	  ->  Bitmap Index Scan on sbtest8_pkey  (cost=0.00..34.51 rows=1007 width=0)
	        Index Cond: ((id >= 115904) AND (id <= 116903))

for: simple_ranges
table 1 : explain SELECT c FROM sbtest1 WHERE id BETWEEN 696939 AND 697938
	Bitmap Heap Scan on sbtest1  (cost=34.73..3889.00 rows=1004 width=121)
	  Recheck Cond: ((id >= 696939) AND (id <= 697938))
	  ->  Bitmap Index Scan on sbtest1_pkey  (cost=0.00..34.48 rows=1004 width=0)
	        Index Cond: ((id >= 696939) AND (id <= 697938))

table 2 : explain SELECT c FROM sbtest2 WHERE id BETWEEN 498109 AND 499108
	Bitmap Heap Scan on sbtest2  (cost=29.98..3610.17 rows=931 width=121)
	  Recheck Cond: ((id >= 498109) AND (id <= 499108))
	  ->  Bitmap Index Scan on sbtest2_pkey  (cost=0.00..29.75 rows=931 width=0)
	        Index Cond: ((id >= 498109) AND (id <= 499108))

table 3 : explain SELECT c FROM sbtest3 WHERE id BETWEEN 6940340 AND 6941339
	Bitmap Heap Scan on sbtest3  (cost=35.23..4074.46 rows=1053 width=121)
	  Recheck Cond: ((id >= 6940340) AND (id <= 6941339))
	  ->  Bitmap Index Scan on sbtest3_pkey  (cost=0.00..34.97 rows=1053 width=0)
	        Index Cond: ((id >= 6940340) AND (id <= 6941339))

table 4 : explain SELECT c FROM sbtest4 WHERE id BETWEEN 8376632 AND 8377631
	Bitmap Heap Scan on sbtest4  (cost=29.71..3518.07 rows=905 width=121)
	  Recheck Cond: ((id >= 8376632) AND (id <= 8377631))
	  ->  Bitmap Index Scan on sbtest4_pkey  (cost=0.00..29.48 rows=905 width=0)
	        Index Cond: ((id >= 8376632) AND (id <= 8377631))

table 5 : explain SELECT c FROM sbtest5 WHERE id BETWEEN 444303 AND 445302
	Bitmap Heap Scan on sbtest5  (cost=35.30..4108.21 rows=1060 width=121)
	  Recheck Cond: ((id >= 444303) AND (id <= 445302))
	  ->  Bitmap Index Scan on sbtest5_pkey  (cost=0.00..35.04 rows=1060 width=0)
	        Index Cond: ((id >= 444303) AND (id <= 445302))

table 6 : explain SELECT c FROM sbtest6 WHERE id BETWEEN 6901071 AND 6902070
	Bitmap Heap Scan on sbtest6  (cost=34.64..3860.45 rows=996 width=121)
	  Recheck Cond: ((id >= 6901071) AND (id <= 6902070))
	  ->  Bitmap Index Scan on sbtest6_pkey  (cost=0.00..34.40 rows=996 width=0)
	        Index Cond: ((id >= 6901071) AND (id <= 6902070))

table 7 : explain SELECT c FROM sbtest7 WHERE id BETWEEN 6895342 AND 6896341
	Bitmap Heap Scan on sbtest7  (cost=34.39..3764.32 rows=971 width=121)
	  Recheck Cond: ((id >= 6895342) AND (id <= 6896341))
	  ->  Bitmap Index Scan on sbtest7_pkey  (cost=0.00..34.15 rows=971 width=0)
	        Index Cond: ((id >= 6895342) AND (id <= 6896341))

table 8 : explain SELECT c FROM sbtest8 WHERE id BETWEEN 8068170 AND 8069169
	Bitmap Heap Scan on sbtest8  (cost=34.91..3957.25 rows=1022 width=121)
	  Recheck Cond: ((id >= 8068170) AND (id <= 8069169))
	  ->  Bitmap Index Scan on sbtest8_pkey  (cost=0.00..34.66 rows=1022 width=0)
	        Index Cond: ((id >= 8068170) AND (id <= 8069169))

for point_selects
table 1 : explain SELECT c FROM sbtest1 WHERE id=1244799
	Index Scan using sbtest1_pkey on sbtest1  (cost=0.43..8.45 rows=1 width=121)
	  Index Cond: (id = 1244799)

table 2 : explain SELECT c FROM sbtest2 WHERE id=8919325
	Index Scan using sbtest2_pkey on sbtest2  (cost=0.43..8.45 rows=1 width=121)
	  Index Cond: (id = 8919325)

table 3 : explain SELECT c FROM sbtest3 WHERE id=6922506
	Index Scan using sbtest3_pkey on sbtest3  (cost=0.43..8.45 rows=1 width=121)
	  Index Cond: (id = 6922506)

table 4 : explain SELECT c FROM sbtest4 WHERE id=2100937
	Index Scan using sbtest4_pkey on sbtest4  (cost=0.43..8.45 rows=1 width=121)
	  Index Cond: (id = 2100937)

table 5 : explain SELECT c FROM sbtest5 WHERE id=7032829
	Index Scan using sbtest5_pkey on sbtest5  (cost=0.43..8.45 rows=1 width=121)
	  Index Cond: (id = 7032829)

table 6 : explain SELECT c FROM sbtest6 WHERE id=8042740
	Index Scan using sbtest6_pkey on sbtest6  (cost=0.43..8.45 rows=1 width=121)
	  Index Cond: (id = 8042740)

table 7 : explain SELECT c FROM sbtest7 WHERE id=4905366
	Index Scan using sbtest7_pkey on sbtest7  (cost=0.43..8.45 rows=1 width=121)
	  Index Cond: (id = 4905366)

table 8 : explain SELECT c FROM sbtest8 WHERE id=6621933
	Index Scan using sbtest8_pkey on sbtest8  (cost=0.43..8.45 rows=1 width=121)
	  Index Cond: (id = 6621933)

for: simple_ranges
table 1 : explain SELECT c FROM sbtest1 WHERE id BETWEEN 1634626 AND 1635625
	Bitmap Heap Scan on sbtest1  (cost=34.30..3730.68 rows=962 width=121)
	  Recheck Cond: ((id >= 1634626) AND (id <= 1635625))
	  ->  Bitmap Index Scan on sbtest1_pkey  (cost=0.00..34.06 rows=962 width=0)
	        Index Cond: ((id >= 1634626) AND (id <= 1635625))

table 2 : explain SELECT c FROM sbtest2 WHERE id BETWEEN 1325839 AND 1326838
	Bitmap Heap Scan on sbtest2  (cost=34.75..3897.09 rows=1006 width=121)
	  Recheck Cond: ((id >= 1325839) AND (id <= 1326838))
	  ->  Bitmap Index Scan on sbtest2_pkey  (cost=0.00..34.50 rows=1006 width=0)
	        Index Cond: ((id >= 1325839) AND (id <= 1326838))

table 3 : explain SELECT c FROM sbtest3 WHERE id BETWEEN 745511 AND 746510
	Bitmap Heap Scan on sbtest3  (cost=29.87..3568.97 rows=920 width=121)
	  Recheck Cond: ((id >= 745511) AND (id <= 746510))
	  ->  Bitmap Index Scan on sbtest3_pkey  (cost=0.00..29.64 rows=920 width=0)
	        Index Cond: ((id >= 745511) AND (id <= 746510))

table 4 : explain SELECT c FROM sbtest4 WHERE id BETWEEN 6522048 AND 6523047
	Bitmap Heap Scan on sbtest4  (cost=35.13..4044.02 rows=1043 width=121)
	  Recheck Cond: ((id >= 6522048) AND (id <= 6523047))
	  ->  Bitmap Index Scan on sbtest4_pkey  (cost=0.00..34.87 rows=1043 width=0)
	        Index Cond: ((id >= 6522048) AND (id <= 6523047))

table 5 : explain SELECT c FROM sbtest5 WHERE id BETWEEN 2896811 AND 2897810
	Bitmap Heap Scan on sbtest5  (cost=29.88..3578.75 rows=921 width=121)
	  Recheck Cond: ((id >= 2896811) AND (id <= 2897810))
	  ->  Bitmap Index Scan on sbtest5_pkey  (cost=0.00..29.64 rows=921 width=0)
	        Index Cond: ((id >= 2896811) AND (id <= 2897810))

table 6 : explain SELECT c FROM sbtest6 WHERE id BETWEEN 9391311 AND 9392310
	Bitmap Heap Scan on sbtest6  (cost=34.51..3811.43 rows=983 width=121)
	  Recheck Cond: ((id >= 9391311) AND (id <= 9392310))
	  ->  Bitmap Index Scan on sbtest6_pkey  (cost=0.00..34.27 rows=983 width=0)
	        Index Cond: ((id >= 9391311) AND (id <= 9392310))

table 7 : explain SELECT c FROM sbtest7 WHERE id BETWEEN 7957878 AND 7958877
	Bitmap Heap Scan on sbtest7  (cost=29.35..3378.80 rows=870 width=121)
	  Recheck Cond: ((id >= 7957878) AND (id <= 7958877))
	  ->  Bitmap Index Scan on sbtest7_pkey  (cost=0.00..29.14 rows=870 width=0)
	        Index Cond: ((id >= 7957878) AND (id <= 7958877))

table 8 : explain SELECT c FROM sbtest8 WHERE id BETWEEN 6510180 AND 6511179
	Bitmap Heap Scan on sbtest8  (cost=35.21..4066.38 rows=1051 width=121)
	  Recheck Cond: ((id >= 6510180) AND (id <= 6511179))
	  ->  Bitmap Index Scan on sbtest8_pkey  (cost=0.00..34.95 rows=1051 width=0)
	        Index Cond: ((id >= 6510180) AND (id <= 6511179))

for: distinct_ranges
table 1 : explain SELECT DISTINCT c FROM sbtest1 WHERE id BETWEEN 4513604 AND 4514603 ORDER BY c
	Unique  (cost=3877.86..3882.80 rows=988 width=121)
	  ->  Sort  (cost=3877.86..3880.33 rows=988 width=121)
	        Sort Key: c
	        ->  Bitmap Heap Scan on sbtest1  (cost=34.56..3828.71 rows=988 width=121)
	              Recheck Cond: ((id >= 4513604) AND (id <= 4514603))
	              ->  Bitmap Index Scan on sbtest1_pkey  (cost=0.00..34.32 rows=988 width=0)
	                    Index Cond: ((id >= 4513604) AND (id <= 4514603))

table 2 : explain SELECT DISTINCT c FROM sbtest2 WHERE id BETWEEN 5174243 AND 5175242 ORDER BY c
	Unique  (cost=4050.48..4055.65 rows=1033 width=121)
	  ->  Sort  (cost=4050.48..4053.06 rows=1033 width=121)
	        Sort Key: c
	        ->  Bitmap Heap Scan on sbtest2  (cost=35.02..3998.77 rows=1033 width=121)
	              Recheck Cond: ((id >= 5174243) AND (id <= 5175242))
	              ->  Bitmap Index Scan on sbtest2_pkey  (cost=0.00..34.77 rows=1033 width=0)
	                    Index Cond: ((id >= 5174243) AND (id <= 5175242))

table 3 : explain SELECT DISTINCT c FROM sbtest3 WHERE id BETWEEN 476517 AND 477516 ORDER BY c
	Unique  (cost=3737.11..3741.86 rows=951 width=121)
	  ->  Sort  (cost=3737.11..3739.49 rows=951 width=121)
	        Sort Key: c
	        ->  Bitmap Heap Scan on sbtest3  (cost=34.18..3690.07 rows=951 width=121)
	              Recheck Cond: ((id >= 476517) AND (id <= 477516))
	              ->  Bitmap Index Scan on sbtest3_pkey  (cost=0.00..33.95 rows=951 width=0)
	                    Index Cond: ((id >= 476517) AND (id <= 477516))

table 4 : explain SELECT DISTINCT c FROM sbtest4 WHERE id BETWEEN 8321106 AND 8322105 ORDER BY c
	Unique  (cost=3562.51..3567.04 rows=905 width=121)
	  ->  Sort  (cost=3562.51..3564.78 rows=905 width=121)
	        Sort Key: c
	        ->  Bitmap Heap Scan on sbtest4  (cost=29.71..3518.07 rows=905 width=121)
	              Recheck Cond: ((id >= 8321106) AND (id <= 8322105))
	              ->  Bitmap Index Scan on sbtest4_pkey  (cost=0.00..29.48 rows=905 width=0)
	                    Index Cond: ((id >= 8321106) AND (id <= 8322105))

table 5 : explain SELECT DISTINCT c FROM sbtest5 WHERE id BETWEEN 3305206 AND 3306205 ORDER BY c
	Unique  (cost=3816.38..3821.23 rows=970 width=121)
	  ->  Sort  (cost=3816.38..3818.81 rows=970 width=121)
	        Sort Key: c
	        ->  Bitmap Heap Scan on sbtest5  (cost=34.38..3768.26 rows=970 width=121)
	              Recheck Cond: ((id >= 3305206) AND (id <= 3306205))
	              ->  Bitmap Index Scan on sbtest5_pkey  (cost=0.00..34.14 rows=970 width=0)
	                    Index Cond: ((id >= 3305206) AND (id <= 3306205))

table 6 : explain SELECT DISTINCT c FROM sbtest6 WHERE id BETWEEN 4238130 AND 4239129 ORDER BY c
	Unique  (cost=4085.98..4091.19 rows=1042 width=121)
	  ->  Sort  (cost=4085.98..4088.58 rows=1042 width=121)
	        Sort Key: c
	        ->  Bitmap Heap Scan on sbtest6  (cost=35.12..4033.75 rows=1042 width=121)
	              Recheck Cond: ((id >= 4238130) AND (id <= 4239129))
	              ->  Bitmap Index Scan on sbtest6_pkey  (cost=0.00..34.86 rows=1042 width=0)
	                    Index Cond: ((id >= 4238130) AND (id <= 4239129))

table 7 : explain SELECT DISTINCT c FROM sbtest7 WHERE id BETWEEN 3349185 AND 3350184 ORDER BY c
	Unique  (cost=4118.30..4123.56 rows=1051 width=121)
	  ->  Sort  (cost=4118.30..4120.93 rows=1051 width=121)
	        Sort Key: c
	        ->  Bitmap Heap Scan on sbtest7  (cost=35.21..4065.55 rows=1051 width=121)
	              Recheck Cond: ((id >= 3349185) AND (id <= 3350184))
	              ->  Bitmap Index Scan on sbtest7_pkey  (cost=0.00..34.95 rows=1051 width=0)
	                    Index Cond: ((id >= 3349185) AND (id <= 3350184))

table 8 : explain SELECT DISTINCT c FROM sbtest8 WHERE id BETWEEN 8717144 AND 8718143 ORDER BY c
	Unique  (cost=3985.39..3990.47 rows=1016 width=121)
	  ->  Sort  (cost=3985.39..3987.93 rows=1016 width=121)
	        Sort Key: c
	        ->  Bitmap Heap Scan on sbtest8  (cost=34.85..3934.65 rows=1016 width=121)
	              Recheck Cond: ((id >= 8717144) AND (id <= 8718143))
	              ->  Bitmap Index Scan on sbtest8_pkey  (cost=0.00..34.59 rows=1016 width=0)
	                    Index Cond: ((id >= 8717144) AND (id <= 8718143))

for point_selects
table 1 : explain SELECT c FROM sbtest1 WHERE id=2498375
	Index Scan using sbtest1_pkey on sbtest1  (cost=0.43..8.45 rows=1 width=121)
	  Index Cond: (id = 2498375)

table 2 : explain SELECT c FROM sbtest2 WHERE id=7157232
	Index Scan using sbtest2_pkey on sbtest2  (cost=0.43..8.45 rows=1 width=121)
	  Index Cond: (id = 7157232)

table 3 : explain SELECT c FROM sbtest3 WHERE id=5990506
	Index Scan using sbtest3_pkey on sbtest3  (cost=0.43..8.45 rows=1 width=121)
	  Index Cond: (id = 5990506)

table 4 : explain SELECT c FROM sbtest4 WHERE id=2922294
	Index Scan using sbtest4_pkey on sbtest4  (cost=0.43..8.45 rows=1 width=121)
	  Index Cond: (id = 2922294)

table 5 : explain SELECT c FROM sbtest5 WHERE id=1076884
	Index Scan using sbtest5_pkey on sbtest5  (cost=0.43..8.45 rows=1 width=121)
	  Index Cond: (id = 1076884)

table 6 : explain SELECT c FROM sbtest6 WHERE id=6064718
	Index Scan using sbtest6_pkey on sbtest6  (cost=0.43..8.45 rows=1 width=121)
	  Index Cond: (id = 6064718)

table 7 : explain SELECT c FROM sbtest7 WHERE id=3721123
	Index Scan using sbtest7_pkey on sbtest7  (cost=0.43..8.45 rows=1 width=121)
	  Index Cond: (id = 3721123)

table 8 : explain SELECT c FROM sbtest8 WHERE id=3229988
	Index Scan using sbtest8_pkey on sbtest8  (cost=0.43..8.45 rows=1 width=121)
	  Index Cond: (id = 3229988)

for point_selects
table 1 : explain SELECT c FROM sbtest1 WHERE id=3807897
	Index Scan using sbtest1_pkey on sbtest1  (cost=0.43..8.45 rows=1 width=121)
	  Index Cond: (id = 3807897)

table 2 : explain SELECT c FROM sbtest2 WHERE id=648677
	Index Scan using sbtest2_pkey on sbtest2  (cost=0.43..8.45 rows=1 width=121)
	  Index Cond: (id = 648677)

table 3 : explain SELECT c FROM sbtest3 WHERE id=7958486
	Index Scan using sbtest3_pkey on sbtest3  (cost=0.43..8.45 rows=1 width=121)
	  Index Cond: (id = 7958486)

table 4 : explain SELECT c FROM sbtest4 WHERE id=979520
	Index Scan using sbtest4_pkey on sbtest4  (cost=0.43..8.45 rows=1 width=121)
	  Index Cond: (id = 979520)

table 5 : explain SELECT c FROM sbtest5 WHERE id=5145155
	Index Scan using sbtest5_pkey on sbtest5  (cost=0.43..8.45 rows=1 width=121)
	  Index Cond: (id = 5145155)

table 6 : explain SELECT c FROM sbtest6 WHERE id=3202507
	Index Scan using sbtest6_pkey on sbtest6  (cost=0.43..8.45 rows=1 width=121)
	  Index Cond: (id = 3202507)

table 7 : explain SELECT c FROM sbtest7 WHERE id=2293
	Index Scan using sbtest7_pkey on sbtest7  (cost=0.43..8.45 rows=1 width=121)
	  Index Cond: (id = 2293)

table 8 : explain SELECT c FROM sbtest8 WHERE id=3795168
	Index Scan using sbtest8_pkey on sbtest8  (cost=0.43..8.45 rows=1 width=121)
	  Index Cond: (id = 3795168)

for: sum_ranges
table 1 : explain SELECT SUM(k) FROM sbtest1 WHERE id BETWEEN 4432655 AND 4433654
	Aggregate  (cost=3782.14..3782.15 rows=1 width=8)
	  ->  Bitmap Heap Scan on sbtest1  (cost=34.43..3779.71 rows=975 width=4)
	        Recheck Cond: ((id >= 4432655) AND (id <= 4433654))
	        ->  Bitmap Index Scan on sbtest1_pkey  (cost=0.00..34.19 rows=975 width=0)
	              Index Cond: ((id >= 4432655) AND (id <= 4433654))

table 2 : explain SELECT SUM(k) FROM sbtest2 WHERE id BETWEEN 3763571 AND 3764570
	Aggregate  (cost=4283.51..4283.52 rows=1 width=8)
	  ->  Bitmap Heap Scan on sbtest2  (cost=35.80..4280.74 rows=1109 width=4)
	        Recheck Cond: ((id >= 3763571) AND (id <= 3764570))
	        ->  Bitmap Index Scan on sbtest2_pkey  (cost=0.00..35.53 rows=1109 width=0)
	              Index Cond: ((id >= 3763571) AND (id <= 3764570))

table 3 : explain SELECT SUM(k) FROM sbtest3 WHERE id BETWEEN 241782 AND 242781
	Aggregate  (cost=4095.91..4095.92 rows=1 width=8)
	  ->  Bitmap Heap Scan on sbtest3  (cost=35.28..4093.27 rows=1058 width=4)
	        Recheck Cond: ((id >= 241782) AND (id <= 242781))
	        ->  Bitmap Index Scan on sbtest3_pkey  (cost=0.00..35.02 rows=1058 width=0)
	              Index Cond: ((id >= 241782) AND (id <= 242781))

table 4 : explain SELECT SUM(k) FROM sbtest4 WHERE id BETWEEN 5602591 AND 5603590
	Aggregate  (cost=4197.57..4197.58 rows=1 width=8)
	  ->  Bitmap Heap Scan on sbtest4  (cost=35.54..4194.87 rows=1083 width=4)
	        Recheck Cond: ((id >= 5602591) AND (id <= 5603590))
	        ->  Bitmap Index Scan on sbtest4_pkey  (cost=0.00..35.27 rows=1083 width=0)
	              Index Cond: ((id >= 5602591) AND (id <= 5603590))

table 5 : explain SELECT SUM(k) FROM sbtest5 WHERE id BETWEEN 7375564 AND 7376563
	Aggregate  (cost=3974.91..3974.92 rows=1 width=8)
	  ->  Bitmap Heap Scan on sbtest5  (cost=34.93..3972.35 rows=1024 width=4)
	        Recheck Cond: ((id >= 7375564) AND (id <= 7376563))
	        ->  Bitmap Index Scan on sbtest5_pkey  (cost=0.00..34.68 rows=1024 width=0)
	              Index Cond: ((id >= 7375564) AND (id <= 7376563))

table 6 : explain SELECT SUM(k) FROM sbtest6 WHERE id BETWEEN 4811246 AND 4812245
	Aggregate  (cost=4141.78..4141.79 rows=1 width=8)
	  ->  Bitmap Heap Scan on sbtest6  (cost=35.40..4139.10 rows=1070 width=4)
	        Recheck Cond: ((id >= 4811246) AND (id <= 4812245))
	        ->  Bitmap Index Scan on sbtest6_pkey  (cost=0.00..35.14 rows=1070 width=0)
	              Index Cond: ((id >= 4811246) AND (id <= 4812245))

table 7 : explain SELECT SUM(k) FROM sbtest7 WHERE id BETWEEN 1786757 AND 1787756
	Aggregate  (cost=4124.61..4124.62 rows=1 width=8)
	  ->  Bitmap Heap Scan on sbtest7  (cost=35.36..4121.95 rows=1066 width=4)
	        Recheck Cond: ((id >= 1786757) AND (id <= 1787756))
	        ->  Bitmap Index Scan on sbtest7_pkey  (cost=0.00..35.09 rows=1066 width=0)
	              Index Cond: ((id >= 1786757) AND (id <= 1787756))

table 8 : explain SELECT SUM(k) FROM sbtest8 WHERE id BETWEEN 4116034 AND 4117033
	Aggregate  (cost=3982.40..3982.41 rows=1 width=8)
	  ->  Bitmap Heap Scan on sbtest8  (cost=34.97..3979.83 rows=1028 width=4)
	        Recheck Cond: ((id >= 4116034) AND (id <= 4117033))
	        ->  Bitmap Index Scan on sbtest8_pkey  (cost=0.00..34.72 rows=1028 width=0)
	              Index Cond: ((id >= 4116034) AND (id <= 4117033))

for point_selects
table 1 : explain SELECT c FROM sbtest1 WHERE id=6655089
	Index Scan using sbtest1_pkey on sbtest1  (cost=0.43..8.45 rows=1 width=121)
	  Index Cond: (id = 6655089)

table 2 : explain SELECT c FROM sbtest2 WHERE id=8692267
	Index Scan using sbtest2_pkey on sbtest2  (cost=0.43..8.45 rows=1 width=121)
	  Index Cond: (id = 8692267)

table 3 : explain SELECT c FROM sbtest3 WHERE id=4904249
	Index Scan using sbtest3_pkey on sbtest3  (cost=0.43..8.45 rows=1 width=121)
	  Index Cond: (id = 4904249)

table 4 : explain SELECT c FROM sbtest4 WHERE id=7503953
	Index Scan using sbtest4_pkey on sbtest4  (cost=0.43..8.45 rows=1 width=121)
	  Index Cond: (id = 7503953)

table 5 : explain SELECT c FROM sbtest5 WHERE id=5520626
	Index Scan using sbtest5_pkey on sbtest5  (cost=0.43..8.45 rows=1 width=121)
	  Index Cond: (id = 5520626)

table 6 : explain SELECT c FROM sbtest6 WHERE id=4398476
	Index Scan using sbtest6_pkey on sbtest6  (cost=0.43..8.45 rows=1 width=121)
	  Index Cond: (id = 4398476)

table 7 : explain SELECT c FROM sbtest7 WHERE id=98163
	Index Scan using sbtest7_pkey on sbtest7  (cost=0.43..8.45 rows=1 width=121)
	  Index Cond: (id = 98163)

table 8 : explain SELECT c FROM sbtest8 WHERE id=1866682
	Index Scan using sbtest8_pkey on sbtest8  (cost=0.43..8.45 rows=1 width=121)
	  Index Cond: (id = 1866682)

explain: for point_selects :: explain SELECT c FROM sbtest%u WHERE id=%u
for: simple_ranges
table 1 : explain SELECT c FROM sbtest1 WHERE id BETWEEN 3430876 AND 3431875
	Bitmap Heap Scan on sbtest1  (cost=35.09..4024.52 rows=1040 width=121)
	  Recheck Cond: ((id >= 3430876) AND (id <= 3431875))
	  ->  Bitmap Index Scan on sbtest1_pkey  (cost=0.00..34.84 rows=1040 width=0)
	        Index Cond: ((id >= 3430876) AND (id <= 3431875))

table 2 : explain SELECT c FROM sbtest2 WHERE id BETWEEN 6034747 AND 6035746
	Bitmap Heap Scan on sbtest2  (cost=34.36..3753.84 rows=968 width=121)
	  Recheck Cond: ((id >= 6034747) AND (id <= 6035746))
	  ->  Bitmap Index Scan on sbtest2_pkey  (cost=0.00..34.12 rows=968 width=0)
	        Index Cond: ((id >= 6034747) AND (id <= 6035746))

table 3 : explain SELECT c FROM sbtest3 WHERE id BETWEEN 1573266 AND 1574265
	Bitmap Heap Scan on sbtest3  (cost=34.80..3916.34 rows=1011 width=121)
	  Recheck Cond: ((id >= 1573266) AND (id <= 1574265))
	  ->  Bitmap Index Scan on sbtest3_pkey  (cost=0.00..34.55 rows=1011 width=0)
	        Index Cond: ((id >= 1573266) AND (id <= 1574265))

table 4 : explain SELECT c FROM sbtest4 WHERE id BETWEEN 9524261 AND 9525260
	Bitmap Heap Scan on sbtest4  (cost=34.69..3881.63 rows=1000 width=121)
	  Recheck Cond: ((id >= 9524261) AND (id <= 9525260))
	  ->  Bitmap Index Scan on sbtest4_pkey  (cost=0.00..34.44 rows=1000 width=0)
	        Index Cond: ((id >= 9524261) AND (id <= 9525260))

table 5 : explain SELECT c FROM sbtest5 WHERE id BETWEEN 7794455 AND 7795454
	Bitmap Heap Scan on sbtest5  (cost=34.99..3995.00 rows=1030 width=121)
	  Recheck Cond: ((id >= 7794455) AND (id <= 7795454))
	  ->  Bitmap Index Scan on sbtest5_pkey  (cost=0.00..34.73 rows=1030 width=0)
	        Index Cond: ((id >= 7794455) AND (id <= 7795454))

table 6 : explain SELECT c FROM sbtest6 WHERE id BETWEEN 9988988 AND 9989987
	Bitmap Heap Scan on sbtest6  (cost=34.25..3717.09 rows=958 width=121)
	  Recheck Cond: ((id >= 9988988) AND (id <= 9989987))
	  ->  Bitmap Index Scan on sbtest6_pkey  (cost=0.00..34.02 rows=958 width=0)
	        Index Cond: ((id >= 9988988) AND (id <= 9989987))

table 7 : explain SELECT c FROM sbtest7 WHERE id BETWEEN 4519305 AND 4520304
	Bitmap Heap Scan on sbtest7  (cost=34.87..3941.39 rows=1018 width=121)
	  Recheck Cond: ((id >= 4519305) AND (id <= 4520304))
	  ->  Bitmap Index Scan on sbtest7_pkey  (cost=0.00..34.62 rows=1018 width=0)
	        Index Cond: ((id >= 4519305) AND (id <= 4520304))

table 8 : explain SELECT c FROM sbtest8 WHERE id BETWEEN 7610507 AND 7611506
	Bitmap Heap Scan on sbtest8  (cost=34.56..3829.15 rows=988 width=121)
	  Recheck Cond: ((id >= 7610507) AND (id <= 7611506))
	  ->  Bitmap Index Scan on sbtest8_pkey  (cost=0.00..34.32 rows=988 width=0)
	        Index Cond: ((id >= 7610507) AND (id <= 7611506))

for: simple_ranges
table 1 : explain SELECT c FROM sbtest1 WHERE id BETWEEN 2757691 AND 2758690
	Bitmap Heap Scan on sbtest1  (cost=29.99..3613.45 rows=932 width=121)
	  Recheck Cond: ((id >= 2757691) AND (id <= 2758690))
	  ->  Bitmap Index Scan on sbtest1_pkey  (cost=0.00..29.75 rows=932 width=0)
	        Index Cond: ((id >= 2757691) AND (id <= 2758690))

table 2 : explain SELECT c FROM sbtest2 WHERE id BETWEEN 4567878 AND 4568877
	Bitmap Heap Scan on sbtest2  (cost=34.98..3983.71 rows=1029 width=121)
	  Recheck Cond: ((id >= 4567878) AND (id <= 4568877))
	  ->  Bitmap Index Scan on sbtest2_pkey  (cost=0.00..34.73 rows=1029 width=0)
	        Index Cond: ((id >= 4567878) AND (id <= 4568877))

table 3 : explain SELECT c FROM sbtest3 WHERE id BETWEEN 295309 AND 296308
	Bitmap Heap Scan on sbtest3  (cost=34.73..3889.97 rows=1004 width=121)
	  Recheck Cond: ((id >= 295309) AND (id <= 296308))
	  ->  Bitmap Index Scan on sbtest3_pkey  (cost=0.00..34.48 rows=1004 width=0)
	        Index Cond: ((id >= 295309) AND (id <= 296308))

table 4 : explain SELECT c FROM sbtest4 WHERE id BETWEEN 8158059 AND 8159058
	Bitmap Heap Scan on sbtest4  (cost=34.72..3892.97 rows=1003 width=121)
	  Recheck Cond: ((id >= 8158059) AND (id <= 8159058))
	  ->  Bitmap Index Scan on sbtest4_pkey  (cost=0.00..34.47 rows=1003 width=0)
	        Index Cond: ((id >= 8158059) AND (id <= 8159058))

table 5 : explain SELECT c FROM sbtest5 WHERE id BETWEEN 2593368 AND 2594367
	Bitmap Heap Scan on sbtest5  (cost=34.04..3643.36 rows=937 width=121)
	  Recheck Cond: ((id >= 2593368) AND (id <= 2594367))
	  ->  Bitmap Index Scan on sbtest5_pkey  (cost=0.00..33.81 rows=937 width=0)
	        Index Cond: ((id >= 2593368) AND (id <= 2594367))

table 6 : explain SELECT c FROM sbtest6 WHERE id BETWEEN 3764170 AND 3765169
	Bitmap Heap Scan on sbtest6  (cost=34.47..3796.34 rows=979 width=121)
	  Recheck Cond: ((id >= 3764170) AND (id <= 3765169))
	  ->  Bitmap Index Scan on sbtest6_pkey  (cost=0.00..34.23 rows=979 width=0)
	        Index Cond: ((id >= 3764170) AND (id <= 3765169))

table 7 : explain SELECT c FROM sbtest7 WHERE id BETWEEN 4257440 AND 4258439
	Bitmap Heap Scan on sbtest7  (cost=34.97..3979.03 rows=1028 width=121)
	  Recheck Cond: ((id >= 4257440) AND (id <= 4258439))
	  ->  Bitmap Index Scan on sbtest7_pkey  (cost=0.00..34.72 rows=1028 width=0)
	        Index Cond: ((id >= 4257440) AND (id <= 4258439))

table 8 : explain SELECT c FROM sbtest8 WHERE id BETWEEN 7902148 AND 7903147
	Bitmap Heap Scan on sbtest8  (cost=34.36..3753.74 rows=968 width=121)
	  Recheck Cond: ((id >= 7902148) AND (id <= 7903147))
	  ->  Bitmap Index Scan on sbtest8_pkey  (cost=0.00..34.12 rows=968 width=0)
	        Index Cond: ((id >= 7902148) AND (id <= 7903147))

for: order_ranges
table 1 : explain SELECT c FROM sbtest1 WHERE id BETWEEN 4378922 AND 4379921 ORDER BY c
	Sort  (cost=3828.11..3830.55 rows=975 width=121)
	  Sort Key: c
	  ->  Bitmap Heap Scan on sbtest1  (cost=34.43..3779.71 rows=975 width=121)
	        Recheck Cond: ((id >= 4378922) AND (id <= 4379921))
	        ->  Bitmap Index Scan on sbtest1_pkey  (cost=0.00..34.19 rows=975 width=0)
	              Index Cond: ((id >= 4378922) AND (id <= 4379921))

table 2 : explain SELECT c FROM sbtest2 WHERE id BETWEEN 3874406 AND 3875405 ORDER BY c
	Sort  (cost=3617.74..3620.04 rows=921 width=121)
	  Sort Key: c
	  ->  Bitmap Heap Scan on sbtest2  (cost=29.88..3572.39 rows=921 width=121)
	        Recheck Cond: ((id >= 3874406) AND (id <= 3875405))
	        ->  Bitmap Index Scan on sbtest2_pkey  (cost=0.00..29.64 rows=921 width=0)
	              Index Cond: ((id >= 3874406) AND (id <= 3875405))

table 3 : explain SELECT c FROM sbtest3 WHERE id BETWEEN 4558881 AND 4559880 ORDER BY c
	Sort  (cost=3997.39..3999.94 rows=1019 width=121)
	  Sort Key: c
	  ->  Bitmap Heap Scan on sbtest3  (cost=34.88..3946.48 rows=1019 width=121)
	        Recheck Cond: ((id >= 4558881) AND (id <= 4559880))
	        ->  Bitmap Index Scan on sbtest3_pkey  (cost=0.00..34.62 rows=1019 width=0)
	              Index Cond: ((id >= 4558881) AND (id <= 4559880))

table 4 : explain SELECT c FROM sbtest4 WHERE id BETWEEN 2214666 AND 2215665 ORDER BY c
	Sort  (cost=3816.33..3818.76 rows=970 width=121)
	  Sort Key: c
	  ->  Bitmap Heap Scan on sbtest4  (cost=34.38..3768.21 rows=970 width=121)
	        Recheck Cond: ((id >= 2214666) AND (id <= 2215665))
	        ->  Bitmap Index Scan on sbtest4_pkey  (cost=0.00..34.14 rows=970 width=0)
	              Index Cond: ((id >= 2214666) AND (id <= 2215665))

table 5 : explain SELECT c FROM sbtest5 WHERE id BETWEEN 6562469 AND 6563468 ORDER BY c
	Sort  (cost=3847.09..3849.54 rows=978 width=121)
	  Sort Key: c
	  ->  Bitmap Heap Scan on sbtest5  (cost=34.46..3798.52 rows=978 width=121)
	        Recheck Cond: ((id >= 6562469) AND (id <= 6563468))
	        ->  Bitmap Index Scan on sbtest5_pkey  (cost=0.00..34.22 rows=978 width=0)
	              Index Cond: ((id >= 6562469) AND (id <= 6563468))

table 6 : explain SELECT c FROM sbtest6 WHERE id BETWEEN 4360822 AND 4361821 ORDER BY c
	Sort  (cost=3933.01..3935.52 rows=1002 width=121)
	  Sort Key: c
	  ->  Bitmap Heap Scan on sbtest6  (cost=34.71..3883.07 rows=1002 width=121)
	        Recheck Cond: ((id >= 4360822) AND (id <= 4361821))
	        ->  Bitmap Index Scan on sbtest6_pkey  (cost=0.00..34.45 rows=1002 width=0)
	              Index Cond: ((id >= 4360822) AND (id <= 4361821))

table 7 : explain SELECT c FROM sbtest7 WHERE id BETWEEN 3075334 AND 3076333 ORDER BY c
	Sort  (cost=3866.07..3868.53 rows=985 width=121)
	  Sort Key: c
	  ->  Bitmap Heap Scan on sbtest7  (cost=34.53..3817.09 rows=985 width=121)
	        Recheck Cond: ((id >= 3075334) AND (id <= 3076333))
	        ->  Bitmap Index Scan on sbtest7_pkey  (cost=0.00..34.29 rows=985 width=0)
	              Index Cond: ((id >= 3075334) AND (id <= 3076333))

table 8 : explain SELECT c FROM sbtest8 WHERE id BETWEEN 580305 AND 581304 ORDER BY c
	Sort  (cost=3740.46..3742.84 rows=952 width=121)
	  Sort Key: c
	  ->  Bitmap Heap Scan on sbtest8  (cost=34.19..3693.36 rows=952 width=121)
	        Recheck Cond: ((id >= 580305) AND (id <= 581304))
	        ->  Bitmap Index Scan on sbtest8_pkey  (cost=0.00..33.95 rows=952 width=0)
	              Index Cond: ((id >= 580305) AND (id <= 581304))

for: sum_ranges
table 1 : explain SELECT SUM(k) FROM sbtest1 WHERE id BETWEEN 144816 AND 145815
	Aggregate  (cost=3876.43..3876.44 rows=1 width=8)
	  ->  Bitmap Heap Scan on sbtest1  (cost=34.69..3873.93 rows=1000 width=4)
	        Recheck Cond: ((id >= 144816) AND (id <= 145815))
	        ->  Bitmap Index Scan on sbtest1_pkey  (cost=0.00..34.44 rows=1000 width=0)
	              Index Cond: ((id >= 144816) AND (id <= 145815))

table 2 : explain SELECT SUM(k) FROM sbtest2 WHERE id BETWEEN 4944745 AND 4945744
	Aggregate  (cost=3676.96..3676.97 rows=1 width=8)
	  ->  Bitmap Heap Scan on sbtest2  (cost=34.14..3674.59 rows=947 width=4)
	        Recheck Cond: ((id >= 4944745) AND (id <= 4945744))
	        ->  Bitmap Index Scan on sbtest2_pkey  (cost=0.00..33.91 rows=947 width=0)
	              Index Cond: ((id >= 4944745) AND (id <= 4945744))

table 3 : explain SELECT SUM(k) FROM sbtest3 WHERE id BETWEEN 7444175 AND 7445174
	Aggregate  (cost=4107.21..4107.22 rows=1 width=8)
	  ->  Bitmap Heap Scan on sbtest3  (cost=35.31..4104.55 rows=1061 width=4)
	        Recheck Cond: ((id >= 7444175) AND (id <= 7445174))
	        ->  Bitmap Index Scan on sbtest3_pkey  (cost=0.00..35.05 rows=1061 width=0)
	              Index Cond: ((id >= 7444175) AND (id <= 7445174))

table 4 : explain SELECT SUM(k) FROM sbtest4 WHERE id BETWEEN 9707432 AND 9708431
	Aggregate  (cost=3914.38..3914.39 rows=1 width=8)
	  ->  Bitmap Heap Scan on sbtest4  (cost=34.77..3911.86 rows=1008 width=4)
	        Recheck Cond: ((id >= 9707432) AND (id <= 9708431))
	        ->  Bitmap Index Scan on sbtest4_pkey  (cost=0.00..34.52 rows=1008 width=0)
	              Index Cond: ((id >= 9707432) AND (id <= 9708431))

table 5 : explain SELECT SUM(k) FROM sbtest5 WHERE id BETWEEN 7248595 AND 7249594
	Aggregate  (cost=4216.49..4216.50 rows=1 width=8)
	  ->  Bitmap Heap Scan on sbtest5  (cost=35.59..4213.77 rows=1088 width=4)
	        Recheck Cond: ((id >= 7248595) AND (id <= 7249594))
	        ->  Bitmap Index Scan on sbtest5_pkey  (cost=0.00..35.32 rows=1088 width=0)
	              Index Cond: ((id >= 7248595) AND (id <= 7249594))

table 6 : explain SELECT SUM(k) FROM sbtest6 WHERE id BETWEEN 369447 AND 370446
	Aggregate  (cost=3960.99..3961.00 rows=1 width=8)
	  ->  Bitmap Heap Scan on sbtest6  (cost=34.91..3958.43 rows=1022 width=4)
	        Recheck Cond: ((id >= 369447) AND (id <= 370446))
	        ->  Bitmap Index Scan on sbtest6_pkey  (cost=0.00..34.66 rows=1022 width=0)
	              Index Cond: ((id >= 369447) AND (id <= 370446))

table 7 : explain SELECT SUM(k) FROM sbtest7 WHERE id BETWEEN 5851695 AND 5852694
	Aggregate  (cost=3759.20..3759.21 rows=1 width=8)
	  ->  Bitmap Heap Scan on sbtest7  (cost=34.37..3756.77 rows=969 width=4)
	        Recheck Cond: ((id >= 5851695) AND (id <= 5852694))
	        ->  Bitmap Index Scan on sbtest7_pkey  (cost=0.00..34.12 rows=969 width=0)
	              Index Cond: ((id >= 5851695) AND (id <= 5852694))

table 8 : explain SELECT SUM(k) FROM sbtest8 WHERE id BETWEEN 1603712 AND 1604711
	Aggregate  (cost=3801.44..3801.45 rows=1 width=8)
	  ->  Bitmap Heap Scan on sbtest8  (cost=34.48..3798.99 rows=980 width=4)
	        Recheck Cond: ((id >= 1603712) AND (id <= 1604711))
	        ->  Bitmap Index Scan on sbtest8_pkey  (cost=0.00..34.23 rows=980 width=0)
	              Index Cond: ((id >= 1603712) AND (id <= 1604711))

for: simple_ranges
table 1 : explain SELECT c FROM sbtest1 WHERE id BETWEEN 6641237 AND 6642236
	Bitmap Heap Scan on sbtest1  (cost=29.43..3409.33 rows=878 width=121)
	  Recheck Cond: ((id >= 6641237) AND (id <= 6642236))
	  ->  Bitmap Index Scan on sbtest1_pkey  (cost=0.00..29.21 rows=878 width=0)
	        Index Cond: ((id >= 6641237) AND (id <= 6642236))

table 2 : explain SELECT c FROM sbtest2 WHERE id BETWEEN 2623450 AND 2624449
	Bitmap Heap Scan on sbtest2  (cost=34.29..3727.43 rows=961 width=121)
	  Recheck Cond: ((id >= 2623450) AND (id <= 2624449))
	  ->  Bitmap Index Scan on sbtest2_pkey  (cost=0.00..34.05 rows=961 width=0)
	        Index Cond: ((id >= 2623450) AND (id <= 2624449))

table 3 : explain SELECT c FROM sbtest3 WHERE id BETWEEN 4331391 AND 4332390
	Bitmap Heap Scan on sbtest3  (cost=35.14..4040.60 rows=1044 width=121)
	  Recheck Cond: ((id >= 4331391) AND (id <= 4332390))
	  ->  Bitmap Index Scan on sbtest3_pkey  (cost=0.00..34.88 rows=1044 width=0)
	        Index Cond: ((id >= 4331391) AND (id <= 4332390))

table 4 : explain SELECT c FROM sbtest4 WHERE id BETWEEN 2517895 AND 2518894
	Bitmap Heap Scan on sbtest4  (cost=29.82..3559.76 rows=916 width=121)
	  Recheck Cond: ((id >= 2517895) AND (id <= 2518894))
	  ->  Bitmap Index Scan on sbtest4_pkey  (cost=0.00..29.59 rows=916 width=0)
	        Index Cond: ((id >= 2517895) AND (id <= 2518894))

table 5 : explain SELECT c FROM sbtest5 WHERE id BETWEEN 2668482 AND 2669481
	Bitmap Heap Scan on sbtest5  (cost=34.04..3643.36 rows=937 width=121)
	  Recheck Cond: ((id >= 2668482) AND (id <= 2669481))
	  ->  Bitmap Index Scan on sbtest5_pkey  (cost=0.00..33.81 rows=937 width=0)
	        Index Cond: ((id >= 2668482) AND (id <= 2669481))

table 6 : explain SELECT c FROM sbtest6 WHERE id BETWEEN 1102901 AND 1103900
	Index Scan using sbtest6_pkey on sbtest6  (cost=0.43..3444.58 rows=878 width=121)
	  Index Cond: ((id >= 1102901) AND (id <= 1103900))

table 7 : explain SELECT c FROM sbtest7 WHERE id BETWEEN 437642 AND 438641
	Bitmap Heap Scan on sbtest7  (cost=40.23..4441.25 rows=1151 width=121)
	  Recheck Cond: ((id >= 437642) AND (id <= 438641))
	  ->  Bitmap Index Scan on sbtest7_pkey  (cost=0.00..39.95 rows=1151 width=0)
	        Index Cond: ((id >= 437642) AND (id <= 438641))

table 8 : explain SELECT c FROM sbtest8 WHERE id BETWEEN 5234958 AND 5235957
	Bitmap Heap Scan on sbtest8  (cost=35.30..4100.23 rows=1060 width=121)
	  Recheck Cond: ((id >= 5234958) AND (id <= 5235957))
	  ->  Bitmap Index Scan on sbtest8_pkey  (cost=0.00..35.04 rows=1060 width=0)
	        Index Cond: ((id >= 5234958) AND (id <= 5235957))

for point_selects
table 1 : explain SELECT c FROM sbtest1 WHERE id=1950603
	Index Scan using sbtest1_pkey on sbtest1  (cost=0.43..8.45 rows=1 width=121)
	  Index Cond: (id = 1950603)

table 2 : explain SELECT c FROM sbtest2 WHERE id=9736208
	Index Scan using sbtest2_pkey on sbtest2  (cost=0.43..8.45 rows=1 width=121)
	  Index Cond: (id = 9736208)

table 3 : explain SELECT c FROM sbtest3 WHERE id=3058906
	Index Scan using sbtest3_pkey on sbtest3  (cost=0.43..8.45 rows=1 width=121)
	  Index Cond: (id = 3058906)

table 4 : explain SELECT c FROM sbtest4 WHERE id=9762248
	Index Scan using sbtest4_pkey on sbtest4  (cost=0.43..8.45 rows=1 width=121)
	  Index Cond: (id = 9762248)

table 5 : explain SELECT c FROM sbtest5 WHERE id=8366622
	Index Scan using sbtest5_pkey on sbtest5  (cost=0.43..8.45 rows=1 width=121)
	  Index Cond: (id = 8366622)

table 6 : explain SELECT c FROM sbtest6 WHERE id=3744032
	Index Scan using sbtest6_pkey on sbtest6  (cost=0.43..8.45 rows=1 width=121)
	  Index Cond: (id = 3744032)

table 7 : explain SELECT c FROM sbtest7 WHERE id=9818549
	Index Scan using sbtest7_pkey on sbtest7  (cost=0.43..8.45 rows=1 width=121)
	  Index Cond: (id = 9818549)

table 8 : explain SELECT c FROM sbtest8 WHERE id=4567790
	Index Scan using sbtest8_pkey on sbtest8  (cost=0.43..8.45 rows=1 width=121)
	  Index Cond: (id = 4567790)

for: order_ranges
table 1 : explain SELECT c FROM sbtest1 WHERE id BETWEEN 4045619 AND 4046618 ORDER BY c
	Sort  (cost=3851.07..3853.53 rows=981 width=121)
	  Sort Key: c
	  ->  Bitmap Heap Scan on sbtest1  (cost=34.49..3802.33 rows=981 width=121)
	        Recheck Cond: ((id >= 4045619) AND (id <= 4046618))
	        ->  Bitmap Index Scan on sbtest1_pkey  (cost=0.00..34.25 rows=981 width=0)
	              Index Cond: ((id >= 4045619) AND (id <= 4046618))

table 2 : explain SELECT c FROM sbtest2 WHERE id BETWEEN 9590063 AND 9591062 ORDER BY c
	Sort  (cost=3541.01..3543.26 rows=901 width=121)
	  Sort Key: c
	  ->  Bitmap Heap Scan on sbtest2  (cost=29.67..3496.79 rows=901 width=121)
	        Recheck Cond: ((id >= 9590063) AND (id <= 9591062))
	        ->  Bitmap Index Scan on sbtest2_pkey  (cost=0.00..29.44 rows=901 width=0)
	              Index Cond: ((id >= 9590063) AND (id <= 9591062))

table 3 : explain SELECT c FROM sbtest3 WHERE id BETWEEN 2189572 AND 2190571 ORDER BY c
	Sort  (cost=3464.57..3466.77 rows=881 width=121)
	  Sort Key: c
	  ->  Bitmap Heap Scan on sbtest3  (cost=29.47..3421.48 rows=881 width=121)
	        Recheck Cond: ((id >= 2189572) AND (id <= 2190571))
	        ->  Bitmap Index Scan on sbtest3_pkey  (cost=0.00..29.25 rows=881 width=0)
	              Index Cond: ((id >= 2189572) AND (id <= 2190571))

table 4 : explain SELECT c FROM sbtest4 WHERE id BETWEEN 4787679 AND 4788678 ORDER BY c
	Sort  (cost=3643.44..3645.75 rows=925 width=121)
	  Sort Key: c
	  ->  Bitmap Heap Scan on sbtest4  (cost=33.92..3597.86 rows=925 width=121)
	        Recheck Cond: ((id >= 4787679) AND (id <= 4788678))
	        ->  Bitmap Index Scan on sbtest4_pkey  (cost=0.00..33.69 rows=925 width=0)
	              Index Cond: ((id >= 4787679) AND (id <= 4788678))

table 5 : explain SELECT c FROM sbtest5 WHERE id BETWEEN 2627224 AND 2628223 ORDER BY c
	Sort  (cost=3689.61..3691.95 rows=937 width=121)
	  Sort Key: c
	  ->  Bitmap Heap Scan on sbtest5  (cost=34.04..3643.36 rows=937 width=121)
	        Recheck Cond: ((id >= 2627224) AND (id <= 2628223))
	        ->  Bitmap Index Scan on sbtest5_pkey  (cost=0.00..33.81 rows=937 width=0)
	              Index Cond: ((id >= 2627224) AND (id <= 2628223))

table 6 : explain SELECT c FROM sbtest6 WHERE id BETWEEN 9957421 AND 9958420 ORDER BY c
	Sort  (cost=3764.53..3766.92 rows=958 width=121)
	  Sort Key: c
	  ->  Bitmap Heap Scan on sbtest6  (cost=34.25..3717.09 rows=958 width=121)
	        Recheck Cond: ((id >= 9957421) AND (id <= 9958420))
	        ->  Bitmap Index Scan on sbtest6_pkey  (cost=0.00..34.02 rows=958 width=0)
	              Index Cond: ((id >= 9957421) AND (id <= 9958420))

table 7 : explain SELECT c FROM sbtest7 WHERE id BETWEEN 2818085 AND 2819084 ORDER BY c
	Sort  (cost=4083.94..4086.54 rows=1042 width=121)
	  Sort Key: c
	  ->  Bitmap Heap Scan on sbtest7  (cost=35.12..4031.71 rows=1042 width=121)
	        Recheck Cond: ((id >= 2818085) AND (id <= 2819084))
	        ->  Bitmap Index Scan on sbtest7_pkey  (cost=0.00..34.86 rows=1042 width=0)
	              Index Cond: ((id >= 2818085) AND (id <= 2819084))

table 8 : explain SELECT c FROM sbtest8 WHERE id BETWEEN 4227658 AND 4228657 ORDER BY c
	Sort  (cost=3721.31..3723.67 rows=947 width=121)
	  Sort Key: c
	  ->  Bitmap Heap Scan on sbtest8  (cost=34.14..3674.49 rows=947 width=121)
	        Recheck Cond: ((id >= 4227658) AND (id <= 4228657))
	        ->  Bitmap Index Scan on sbtest8_pkey  (cost=0.00..33.91 rows=947 width=0)
	              Index Cond: ((id >= 4227658) AND (id <= 4228657))

for: simple_ranges
table 1 : explain SELECT c FROM sbtest1 WHERE id BETWEEN 1619536 AND 1620535
	Bitmap Heap Scan on sbtest1  (cost=34.30..3730.68 rows=962 width=121)
	  Recheck Cond: ((id >= 1619536) AND (id <= 1620535))
	  ->  Bitmap Index Scan on sbtest1_pkey  (cost=0.00..34.06 rows=962 width=0)
	        Index Cond: ((id >= 1619536) AND (id <= 1620535))

table 2 : explain SELECT c FROM sbtest2 WHERE id BETWEEN 7828807 AND 7829806
	Bitmap Heap Scan on sbtest2  (cost=34.66..3866.95 rows=998 width=121)
	  Recheck Cond: ((id >= 7828807) AND (id <= 7829806))
	  ->  Bitmap Index Scan on sbtest2_pkey  (cost=0.00..34.42 rows=998 width=0)
	        Index Cond: ((id >= 7828807) AND (id <= 7829806))

table 3 : explain SELECT c FROM sbtest3 WHERE id BETWEEN 2878379 AND 2879378
	Bitmap Heap Scan on sbtest3  (cost=35.18..4055.65 rows=1048 width=121)
	  Recheck Cond: ((id >= 2878379) AND (id <= 2879378))
	  ->  Bitmap Index Scan on sbtest3_pkey  (cost=0.00..34.92 rows=1048 width=0)
	        Index Cond: ((id >= 2878379) AND (id <= 2879378))

table 4 : explain SELECT c FROM sbtest4 WHERE id BETWEEN 6255493 AND 6256492
	Bitmap Heap Scan on sbtest4  (cost=35.00..3998.72 rows=1031 width=121)
	  Recheck Cond: ((id >= 6255493) AND (id <= 6256492))
	  ->  Bitmap Index Scan on sbtest4_pkey  (cost=0.00..34.75 rows=1031 width=0)
	        Index Cond: ((id >= 6255493) AND (id <= 6256492))

table 5 : explain SELECT c FROM sbtest5 WHERE id BETWEEN 1027256 AND 1028255
	Bitmap Heap Scan on sbtest5  (cost=34.40..3775.82 rows=972 width=121)
	  Recheck Cond: ((id >= 1027256) AND (id <= 1028255))
	  ->  Bitmap Index Scan on sbtest5_pkey  (cost=0.00..34.16 rows=972 width=0)
	        Index Cond: ((id >= 1027256) AND (id <= 1028255))

table 6 : explain SELECT c FROM sbtest6 WHERE id BETWEEN 1781853 AND 1782852
	Bitmap Heap Scan on sbtest6  (cost=34.35..3751.06 rows=967 width=121)
	  Recheck Cond: ((id >= 1781853) AND (id <= 1782852))
	  ->  Bitmap Index Scan on sbtest6_pkey  (cost=0.00..34.11 rows=967 width=0)
	        Index Cond: ((id >= 1781853) AND (id <= 1782852))

table 7 : explain SELECT c FROM sbtest7 WHERE id BETWEEN 6293329 AND 6294328
	Bitmap Heap Scan on sbtest7  (cost=34.75..3896.21 rows=1006 width=121)
	  Recheck Cond: ((id >= 6293329) AND (id <= 6294328))
	  ->  Bitmap Index Scan on sbtest7_pkey  (cost=0.00..34.50 rows=1006 width=0)
	        Index Cond: ((id >= 6293329) AND (id <= 6294328))

table 8 : explain SELECT c FROM sbtest8 WHERE id BETWEEN 7253723 AND 7254722
	Bitmap Heap Scan on sbtest8  (cost=34.93..3964.78 rows=1024 width=121)
	  Recheck Cond: ((id >= 7253723) AND (id <= 7254722))
	  ->  Bitmap Index Scan on sbtest8_pkey  (cost=0.00..34.68 rows=1024 width=0)
	        Index Cond: ((id >= 7253723) AND (id <= 7254722))

explain: for point_selects :: explain SELECT c FROM sbtest%u WHERE id=%u
for: simple_ranges
table 1 : explain SELECT c FROM sbtest1 WHERE id BETWEEN 7843822 AND 7844821
	Bitmap Heap Scan on sbtest1  (cost=30.01..3621.00 rows=934 width=121)
	  Recheck Cond: ((id >= 7843822) AND (id <= 7844821))
	  ->  Bitmap Index Scan on sbtest1_pkey  (cost=0.00..29.77 rows=934 width=0)
	        Index Cond: ((id >= 7843822) AND (id <= 7844821))

table 2 : explain SELECT c FROM sbtest2 WHERE id BETWEEN 5876982 AND 5877981
	Bitmap Heap Scan on sbtest2  (cost=35.32..4107.87 rows=1062 width=121)
	  Recheck Cond: ((id >= 5876982) AND (id <= 5877981))
	  ->  Bitmap Index Scan on sbtest2_pkey  (cost=0.00..35.06 rows=1062 width=0)
	        Index Cond: ((id >= 5876982) AND (id <= 5877981))

table 3 : explain SELECT c FROM sbtest3 WHERE id BETWEEN 1776113 AND 1777112
	Bitmap Heap Scan on sbtest3  (cost=34.94..3969.07 rows=1025 width=121)
	  Recheck Cond: ((id >= 1776113) AND (id <= 1777112))
	  ->  Bitmap Index Scan on sbtest3_pkey  (cost=0.00..34.69 rows=1025 width=0)
	        Index Cond: ((id >= 1776113) AND (id <= 1777112))

table 4 : explain SELECT c FROM sbtest4 WHERE id BETWEEN 8762468 AND 8763467
	Bitmap Heap Scan on sbtest4  (cost=34.87..3949.64 rows=1018 width=121)
	  Recheck Cond: ((id >= 8762468) AND (id <= 8763467))
	  ->  Bitmap Index Scan on sbtest4_pkey  (cost=0.00..34.62 rows=1018 width=0)
	        Index Cond: ((id >= 8762468) AND (id <= 8763467))

table 5 : explain SELECT c FROM sbtest5 WHERE id BETWEEN 1713076 AND 1714075
	Bitmap Heap Scan on sbtest5  (cost=34.57..3840.11 rows=989 width=121)
	  Recheck Cond: ((id >= 1713076) AND (id <= 1714075))
	  ->  Bitmap Index Scan on sbtest5_pkey  (cost=0.00..34.33 rows=989 width=0)
	        Index Cond: ((id >= 1713076) AND (id <= 1714075))

table 6 : explain SELECT c FROM sbtest6 WHERE id BETWEEN 2454843 AND 2455842
	Bitmap Heap Scan on sbtest6  (cost=34.02..3630.22 rows=935 width=121)
	  Recheck Cond: ((id >= 2454843) AND (id <= 2455842))
	  ->  Bitmap Index Scan on sbtest6_pkey  (cost=0.00..33.79 rows=935 width=0)
	        Index Cond: ((id >= 2454843) AND (id <= 2455842))

table 7 : explain SELECT c FROM sbtest7 WHERE id BETWEEN 7128594 AND 7129593
	Bitmap Heap Scan on sbtest7  (cost=39.78..4276.21 rows=1107 width=121)
	  Recheck Cond: ((id >= 7128594) AND (id <= 7129593))
	  ->  Bitmap Index Scan on sbtest7_pkey  (cost=0.00..39.51 rows=1107 width=0)
	        Index Cond: ((id >= 7128594) AND (id <= 7129593))

table 8 : explain SELECT c FROM sbtest8 WHERE id BETWEEN 2602940 AND 2603939
	Bitmap Heap Scan on sbtest8  (cost=34.11..3663.17 rows=944 width=121)
	  Recheck Cond: ((id >= 2602940) AND (id <= 2603939))
	  ->  Bitmap Index Scan on sbtest8_pkey  (cost=0.00..33.88 rows=944 width=0)
	        Index Cond: ((id >= 2602940) AND (id <= 2603939))

for: sum_ranges
table 1 : explain SELECT SUM(k) FROM sbtest1 WHERE id BETWEEN 4244250 AND 4245249
	Aggregate  (cost=3865.12..3865.13 rows=1 width=8)
	  ->  Bitmap Heap Scan on sbtest1  (cost=34.65..3862.63 rows=997 width=4)
	        Recheck Cond: ((id >= 4244250) AND (id <= 4245249))
	        ->  Bitmap Index Scan on sbtest1_pkey  (cost=0.00..34.41 rows=997 width=0)
	              Index Cond: ((id >= 4244250) AND (id <= 4245249))

table 2 : explain SELECT SUM(k) FROM sbtest2 WHERE id BETWEEN 1661502 AND 1662501
	Aggregate  (cost=3778.90..3778.91 rows=1 width=8)
	  ->  Bitmap Heap Scan on sbtest2  (cost=34.42..3776.47 rows=974 width=4)
	        Recheck Cond: ((id >= 1661502) AND (id <= 1662501))
	        ->  Bitmap Index Scan on sbtest2_pkey  (cost=0.00..34.18 rows=974 width=0)
	              Index Cond: ((id >= 1661502) AND (id <= 1662501))

table 3 : explain SELECT SUM(k) FROM sbtest3 WHERE id BETWEEN 8292174 AND 8293173
	Aggregate  (cost=3590.18..3590.19 rows=1 width=8)
	  ->  Bitmap Heap Scan on sbtest3  (cost=29.92..3587.87 rows=925 width=4)
	        Recheck Cond: ((id >= 8292174) AND (id <= 8293173))
	        ->  Bitmap Index Scan on sbtest3_pkey  (cost=0.00..29.68 rows=925 width=0)
	              Index Cond: ((id >= 8292174) AND (id <= 8293173))

table 4 : explain SELECT SUM(k) FROM sbtest4 WHERE id BETWEEN 9332363 AND 9333362
	Aggregate  (cost=3933.28..3933.29 rows=1 width=8)
	  ->  Bitmap Heap Scan on sbtest4  (cost=34.82..3930.75 rows=1013 width=4)
	        Recheck Cond: ((id >= 9332363) AND (id <= 9333362))
	        ->  Bitmap Index Scan on sbtest4_pkey  (cost=0.00..34.57 rows=1013 width=0)
	              Index Cond: ((id >= 9332363) AND (id <= 9333362))

table 5 : explain SELECT SUM(k) FROM sbtest5 WHERE id BETWEEN 6682408 AND 6683407
	Aggregate  (cost=3668.44..3668.45 rows=1 width=8)
	  ->  Bitmap Heap Scan on sbtest5  (cost=34.10..3666.08 rows=943 width=4)
	        Recheck Cond: ((id >= 6682408) AND (id <= 6683407))
	        ->  Bitmap Index Scan on sbtest5_pkey  (cost=0.00..33.87 rows=943 width=0)
	              Index Cond: ((id >= 6682408) AND (id <= 6683407))

table 6 : explain SELECT SUM(k) FROM sbtest6 WHERE id BETWEEN 8874525 AND 8875524
	Aggregate  (cost=3696.81..3696.82 rows=1 width=8)
	  ->  Bitmap Heap Scan on sbtest6  (cost=34.19..3694.43 rows=952 width=4)
	        Recheck Cond: ((id >= 8874525) AND (id <= 8875524))
	        ->  Bitmap Index Scan on sbtest6_pkey  (cost=0.00..33.95 rows=952 width=0)
	              Index Cond: ((id >= 8874525) AND (id <= 8875524))

table 7 : explain SELECT SUM(k) FROM sbtest7 WHERE id BETWEEN 177274 AND 178273
	Aggregate  (cost=3649.71..3649.72 rows=1 width=8)
	  ->  Bitmap Heap Scan on sbtest7  (cost=34.07..3647.36 rows=940 width=4)
	        Recheck Cond: ((id >= 177274) AND (id <= 178273))
	        ->  Bitmap Index Scan on sbtest7_pkey  (cost=0.00..33.84 rows=940 width=0)
	              Index Cond: ((id >= 177274) AND (id <= 178273))

table 8 : explain SELECT SUM(k) FROM sbtest8 WHERE id BETWEEN 5924995 AND 5925994
	Aggregate  (cost=3472.47..3472.48 rows=1 width=8)
	  ->  Bitmap Heap Scan on sbtest8  (cost=29.60..3470.23 rows=894 width=4)
	        Recheck Cond: ((id >= 5924995) AND (id <= 5925994))
	        ->  Bitmap Index Scan on sbtest8_pkey  (cost=0.00..29.37 rows=894 width=0)
	              Index Cond: ((id >= 5924995) AND (id <= 5925994))

for: simple_ranges
table 1 : explain SELECT c FROM sbtest1 WHERE id BETWEEN 6658288 AND 6659287
	Bitmap Heap Scan on sbtest1  (cost=29.43..3409.33 rows=878 width=121)
	  Recheck Cond: ((id >= 6658288) AND (id <= 6659287))
	  ->  Bitmap Index Scan on sbtest1_pkey  (cost=0.00..29.21 rows=878 width=0)
	        Index Cond: ((id >= 6658288) AND (id <= 6659287))

table 2 : explain SELECT c FROM sbtest2 WHERE id BETWEEN 2192011 AND 2193010
	Bitmap Heap Scan on sbtest2  (cost=34.40..3768.93 rows=972 width=121)
	  Recheck Cond: ((id >= 2192011) AND (id <= 2193010))
	  ->  Bitmap Index Scan on sbtest2_pkey  (cost=0.00..34.16 rows=972 width=0)
	        Index Cond: ((id >= 2192011) AND (id <= 2193010))

table 3 : explain SELECT c FROM sbtest3 WHERE id BETWEEN 4243384 AND 4244383
	Bitmap Heap Scan on sbtest3  (cost=34.46..3791.95 rows=978 width=121)
	  Recheck Cond: ((id >= 4243384) AND (id <= 4244383))
	  ->  Bitmap Index Scan on sbtest3_pkey  (cost=0.00..34.22 rows=978 width=0)
	        Index Cond: ((id >= 4243384) AND (id <= 4244383))

table 4 : explain SELECT c FROM sbtest4 WHERE id BETWEEN 5838139 AND 5839138
	Bitmap Heap Scan on sbtest4  (cost=34.67..3877.86 rows=999 width=121)
	  Recheck Cond: ((id >= 5838139) AND (id <= 5839138))
	  ->  Bitmap Index Scan on sbtest4_pkey  (cost=0.00..34.43 rows=999 width=0)
	        Index Cond: ((id >= 5838139) AND (id <= 5839138))

table 5 : explain SELECT c FROM sbtest5 WHERE id BETWEEN 5821063 AND 5822062
	Bitmap Heap Scan on sbtest5  (cost=33.99..3624.42 rows=932 width=121)
	  Recheck Cond: ((id >= 5821063) AND (id <= 5822062))
	  ->  Bitmap Index Scan on sbtest5_pkey  (cost=0.00..33.76 rows=932 width=0)
	        Index Cond: ((id >= 5821063) AND (id <= 5822062))

table 6 : explain SELECT c FROM sbtest6 WHERE id BETWEEN 3452728 AND 3453727
	Bitmap Heap Scan on sbtest6  (cost=34.97..3981.03 rows=1028 width=121)
	  Recheck Cond: ((id >= 3452728) AND (id <= 3453727))
	  ->  Bitmap Index Scan on sbtest6_pkey  (cost=0.00..34.72 rows=1028 width=0)
	        Index Cond: ((id >= 3452728) AND (id <= 3453727))

table 7 : explain SELECT c FROM sbtest7 WHERE id BETWEEN 6228787 AND 6229786
	Bitmap Heap Scan on sbtest7  (cost=34.71..3881.14 rows=1002 width=121)
	  Recheck Cond: ((id >= 6228787) AND (id <= 6229786))
	  ->  Bitmap Index Scan on sbtest7_pkey  (cost=0.00..34.45 rows=1002 width=0)
	        Index Cond: ((id >= 6228787) AND (id <= 6229786))

table 8 : explain SELECT c FROM sbtest8 WHERE id BETWEEN 1899845 AND 1900844
	Bitmap Heap Scan on sbtest8  (cost=34.50..3806.53 rows=982 width=121)
	  Recheck Cond: ((id >= 1899845) AND (id <= 1900844))
	  ->  Bitmap Index Scan on sbtest8_pkey  (cost=0.00..34.26 rows=982 width=0)
	        Index Cond: ((id >= 1899845) AND (id <= 1900844))

for: sum_ranges
table 1 : explain SELECT SUM(k) FROM sbtest1 WHERE id BETWEEN 3955947 AND 3956946
	Aggregate  (cost=4241.51..4241.52 rows=1 width=8)
	  ->  Bitmap Heap Scan on sbtest1  (cost=35.68..4238.77 rows=1097 width=4)
	        Recheck Cond: ((id >= 3955947) AND (id <= 3956946))
	        ->  Bitmap Index Scan on sbtest1_pkey  (cost=0.00..35.41 rows=1097 width=0)
	              Index Cond: ((id >= 3955947) AND (id <= 3956946))

table 2 : explain SELECT SUM(k) FROM sbtest2 WHERE id BETWEEN 1294427 AND 1295426
	Aggregate  (cost=3899.61..3899.62 rows=1 width=8)
	  ->  Bitmap Heap Scan on sbtest2  (cost=34.75..3897.09 rows=1006 width=4)
	        Recheck Cond: ((id >= 1294427) AND (id <= 1295426))
	        ->  Bitmap Index Scan on sbtest2_pkey  (cost=0.00..34.50 rows=1006 width=0)
	              Index Cond: ((id >= 1294427) AND (id <= 1295426))

table 3 : explain SELECT SUM(k) FROM sbtest3 WHERE id BETWEEN 8589812 AND 8590811
	Aggregate  (cost=4013.08..4013.09 rows=1 width=8)
	  ->  Bitmap Heap Scan on sbtest3  (cost=35.05..4010.49 rows=1036 width=4)
	        Recheck Cond: ((id >= 8589812) AND (id <= 8590811))
	        ->  Bitmap Index Scan on sbtest3_pkey  (cost=0.00..34.80 rows=1036 width=0)
	              Index Cond: ((id >= 8589812) AND (id <= 8590811))

table 4 : explain SELECT SUM(k) FROM sbtest4 WHERE id BETWEEN 2161104 AND 2162103
	Aggregate  (cost=4491.65..4491.66 rows=1 width=8)
	  ->  Bitmap Heap Scan on sbtest4  (cost=40.34..4488.75 rows=1161 width=4)
	        Recheck Cond: ((id >= 2161104) AND (id <= 2162103))
	        ->  Bitmap Index Scan on sbtest4_pkey  (cost=0.00..40.05 rows=1161 width=0)
	              Index Cond: ((id >= 2161104) AND (id <= 2162103))

table 5 : explain SELECT SUM(k) FROM sbtest5 WHERE id BETWEEN 7202110 AND 7203109
	Aggregate  (cost=3660.86..3660.87 rows=1 width=8)
	  ->  Bitmap Heap Scan on sbtest5  (cost=34.08..3658.51 rows=941 width=4)
	        Recheck Cond: ((id >= 7202110) AND (id <= 7203109))
	        ->  Bitmap Index Scan on sbtest5_pkey  (cost=0.00..33.84 rows=941 width=0)
	              Index Cond: ((id >= 7202110) AND (id <= 7203109))

table 6 : explain SELECT SUM(k) FROM sbtest6 WHERE id BETWEEN 712450 AND 713449
	Aggregate  (cost=3659.02..3659.03 rows=1 width=8)
	  ->  Bitmap Heap Scan on sbtest6  (cost=34.09..3656.67 rows=942 width=4)
	        Recheck Cond: ((id >= 712450) AND (id <= 713449))
	        ->  Bitmap Index Scan on sbtest6_pkey  (cost=0.00..33.86 rows=942 width=0)
	              Index Cond: ((id >= 712450) AND (id <= 713449))

table 7 : explain SELECT SUM(k) FROM sbtest7 WHERE id BETWEEN 6542532 AND 6543531
	Aggregate  (cost=3710.13..3710.14 rows=1 width=8)
	  ->  Bitmap Heap Scan on sbtest7  (cost=34.23..3707.74 rows=956 width=4)
	        Recheck Cond: ((id >= 6542532) AND (id <= 6543531))
	        ->  Bitmap Index Scan on sbtest7_pkey  (cost=0.00..34.00 rows=956 width=0)
	              Index Cond: ((id >= 6542532) AND (id <= 6543531))

table 8 : explain SELECT SUM(k) FROM sbtest8 WHERE id BETWEEN 9417027 AND 9418026
	Aggregate  (cost=4275.85..4275.86 rows=1 width=8)
	  ->  Bitmap Heap Scan on sbtest8  (cost=35.77..4273.08 rows=1106 width=4)
	        Recheck Cond: ((id >= 9417027) AND (id <= 9418026))
	        ->  Bitmap Index Scan on sbtest8_pkey  (cost=0.00..35.50 rows=1106 width=0)
	              Index Cond: ((id >= 9417027) AND (id <= 9418026))

for: distinct_ranges
table 1 : explain SELECT DISTINCT c FROM sbtest1 WHERE id BETWEEN 2694372 AND 2695371 ORDER BY c
	Unique  (cost=4187.36..4192.70 rows=1069 width=121)
	  ->  Sort  (cost=4187.36..4190.03 rows=1069 width=121)
	        Sort Key: c
	        ->  Bitmap Heap Scan on sbtest1  (cost=35.39..4133.57 rows=1069 width=121)
	              Recheck Cond: ((id >= 2694372) AND (id <= 2695371))
	              ->  Bitmap Index Scan on sbtest1_pkey  (cost=0.00..35.12 rows=1069 width=0)
	                    Index Cond: ((id >= 2694372) AND (id <= 2695371))

table 2 : explain SELECT DISTINCT c FROM sbtest2 WHERE id BETWEEN 7300585 AND 7301584 ORDER BY c
	Unique  (cost=3583.22..3587.78 rows=912 width=121)
	  ->  Sort  (cost=3583.22..3585.50 rows=912 width=121)
	        Sort Key: c
	        ->  Bitmap Heap Scan on sbtest2  (cost=29.78..3538.38 rows=912 width=121)
	              Recheck Cond: ((id >= 7300585) AND (id <= 7301584))
	              ->  Bitmap Index Scan on sbtest2_pkey  (cost=0.00..29.55 rows=912 width=0)
	                    Index Cond: ((id >= 7300585) AND (id <= 7301584))

table 3 : explain SELECT DISTINCT c FROM sbtest3 WHERE id BETWEEN 6375759 AND 6376758 ORDER BY c
	Unique  (cost=3783.08..3787.90 rows=963 width=121)
	  ->  Sort  (cost=3783.08..3785.49 rows=963 width=121)
	        Sort Key: c
	        ->  Bitmap Heap Scan on sbtest3  (cost=34.31..3735.36 rows=963 width=121)
	              Recheck Cond: ((id >= 6375759) AND (id <= 6376758))
	              ->  Bitmap Index Scan on sbtest3_pkey  (cost=0.00..34.07 rows=963 width=0)
	                    Index Cond: ((id >= 6375759) AND (id <= 6376758))

table 4 : explain SELECT DISTINCT c FROM sbtest4 WHERE id BETWEEN 7689623 AND 7690622 ORDER BY c
	Unique  (cost=4015.83..4020.94 rows=1022 width=121)
	  ->  Sort  (cost=4015.83..4018.38 rows=1022 width=121)
	        Sort Key: c
	        ->  Bitmap Heap Scan on sbtest4  (cost=34.91..3964.74 rows=1022 width=121)
	              Recheck Cond: ((id >= 7689623) AND (id <= 7690622))
	              ->  Bitmap Index Scan on sbtest4_pkey  (cost=0.00..34.66 rows=1022 width=0)
	                    Index Cond: ((id >= 7689623) AND (id <= 7690622))

table 5 : explain SELECT DISTINCT c FROM sbtest5 WHERE id BETWEEN 1986864 AND 1987863 ORDER BY c
	Unique  (cost=3820.22..3825.07 rows=971 width=121)
	  ->  Sort  (cost=3820.22..3822.65 rows=971 width=121)
	        Sort Key: c
	        ->  Bitmap Heap Scan on sbtest5  (cost=34.39..3772.04 rows=971 width=121)
	              Recheck Cond: ((id >= 1986864) AND (id <= 1987863))
	              ->  Bitmap Index Scan on sbtest5_pkey  (cost=0.00..34.15 rows=971 width=0)
	                    Index Cond: ((id >= 1986864) AND (id <= 1987863))

table 6 : explain SELECT DISTINCT c FROM sbtest6 WHERE id BETWEEN 6225417 AND 6226416 ORDER BY c
	Unique  (cost=3776.02..3780.83 rows=961 width=121)
	  ->  Sort  (cost=3776.02..3778.42 rows=961 width=121)
	        Sort Key: c
	        ->  Bitmap Heap Scan on sbtest6  (cost=34.29..3728.41 rows=961 width=121)
	              Recheck Cond: ((id >= 6225417) AND (id <= 6226416))
	              ->  Bitmap Index Scan on sbtest6_pkey  (cost=0.00..34.05 rows=961 width=0)
	                    Index Cond: ((id >= 6225417) AND (id <= 6226416))

table 7 : explain SELECT DISTINCT c FROM sbtest7 WHERE id BETWEEN 9835919 AND 9836918 ORDER BY c
	Unique  (cost=4160.29..4165.60 rows=1062 width=121)
	  ->  Sort  (cost=4160.29..4162.94 rows=1062 width=121)
	        Sort Key: c
	        ->  Bitmap Heap Scan on sbtest7  (cost=35.32..4106.91 rows=1062 width=121)
	              Recheck Cond: ((id >= 9835919) AND (id <= 9836918))
	              ->  Bitmap Index Scan on sbtest7_pkey  (cost=0.00..35.06 rows=1062 width=0)
	                    Index Cond: ((id >= 9835919) AND (id <= 9836918))

table 8 : explain SELECT DISTINCT c FROM sbtest8 WHERE id BETWEEN 826558 AND 827557 ORDER BY c
	Unique  (cost=3675.32..3679.99 rows=935 width=121)
	  ->  Sort  (cost=3675.32..3677.66 rows=935 width=121)
	        Sort Key: c
	        ->  Bitmap Heap Scan on sbtest8  (cost=34.02..3629.18 rows=935 width=121)
	              Recheck Cond: ((id >= 826558) AND (id <= 827557))
	              ->  Bitmap Index Scan on sbtest8_pkey  (cost=0.00..33.79 rows=935 width=0)
	                    Index Cond: ((id >= 826558) AND (id <= 827557))

for: distinct_ranges
table 1 : explain SELECT DISTINCT c FROM sbtest1 WHERE id BETWEEN 6376168 AND 6377167 ORDER BY c
	Unique  (cost=4069.00..4074.19 rows=1038 width=121)
	  ->  Sort  (cost=4069.00..4071.59 rows=1038 width=121)
	        Sort Key: c
	        ->  Bitmap Heap Scan on sbtest1  (cost=35.07..4017.00 rows=1038 width=121)
	              Recheck Cond: ((id >= 6376168) AND (id <= 6377167))
	              ->  Bitmap Index Scan on sbtest1_pkey  (cost=0.00..34.82 rows=1038 width=0)
	                    Index Cond: ((id >= 6376168) AND (id <= 6377167))

table 2 : explain SELECT DISTINCT c FROM sbtest2 WHERE id BETWEEN 2127422 AND 2128421 ORDER BY c
	Unique  (cost=3817.16..3822.02 rows=972 width=121)
	  ->  Sort  (cost=3817.16..3819.59 rows=972 width=121)
	        Sort Key: c
	        ->  Bitmap Heap Scan on sbtest2  (cost=34.40..3768.93 rows=972 width=121)
	              Recheck Cond: ((id >= 2127422) AND (id <= 2128421))
	              ->  Bitmap Index Scan on sbtest2_pkey  (cost=0.00..34.16 rows=972 width=0)
	                    Index Cond: ((id >= 2127422) AND (id <= 2128421))

table 3 : explain SELECT DISTINCT c FROM sbtest3 WHERE id BETWEEN 8707984 AND 8708983 ORDER BY c
	Unique  (cost=3717.95..3722.68 rows=946 width=121)
	  ->  Sort  (cost=3717.95..3720.31 rows=946 width=121)
	        Sort Key: c
	        ->  Bitmap Heap Scan on sbtest3  (cost=34.13..3671.19 rows=946 width=121)
	              Recheck Cond: ((id >= 8707984) AND (id <= 8708983))
	              ->  Bitmap Index Scan on sbtest3_pkey  (cost=0.00..33.90 rows=946 width=0)
	                    Index Cond: ((id >= 8707984) AND (id <= 8708983))

table 4 : explain SELECT DISTINCT c FROM sbtest4 WHERE id BETWEEN 6745907 AND 6746906 ORDER BY c
	Unique  (cost=3789.45..3794.27 rows=963 width=121)
	  ->  Sort  (cost=3789.45..3791.86 rows=963 width=121)
	        Sort Key: c
	        ->  Bitmap Heap Scan on sbtest4  (cost=34.31..3741.73 rows=963 width=121)
	              Recheck Cond: ((id >= 6745907) AND (id <= 6746906))
	              ->  Bitmap Index Scan on sbtest4_pkey  (cost=0.00..34.07 rows=963 width=0)
	                    Index Cond: ((id >= 6745907) AND (id <= 6746906))

table 5 : explain SELECT DISTINCT c FROM sbtest5 WHERE id BETWEEN 135280 AND 136279 ORDER BY c
	Unique  (cost=4058.04..4063.21 rows=1033 width=121)
	  ->  Sort  (cost=4058.04..4060.62 rows=1033 width=121)
	        Sort Key: c
	        ->  Bitmap Heap Scan on sbtest5  (cost=35.02..4006.33 rows=1033 width=121)
	              Recheck Cond: ((id >= 135280) AND (id <= 136279))
	              ->  Bitmap Index Scan on sbtest5_pkey  (cost=0.00..34.77 rows=1033 width=0)
	                    Index Cond: ((id >= 135280) AND (id <= 136279))

table 6 : explain SELECT DISTINCT c FROM sbtest6 WHERE id BETWEEN 252490 AND 253489 ORDER BY c
	Unique  (cost=4441.17..4446.85 rows=1135 width=121)
	  ->  Sort  (cost=4441.17..4444.01 rows=1135 width=121)
	        Sort Key: c
	        ->  Bitmap Heap Scan on sbtest6  (cost=40.07..4383.58 rows=1135 width=121)
	              Recheck Cond: ((id >= 252490) AND (id <= 253489))
	              ->  Bitmap Index Scan on sbtest6_pkey  (cost=0.00..39.79 rows=1135 width=0)
	                    Index Cond: ((id >= 252490) AND (id <= 253489))

table 7 : explain SELECT DISTINCT c FROM sbtest7 WHERE id BETWEEN 8741505 AND 8742504 ORDER BY c
	Unique  (cost=4324.56..4330.09 rows=1105 width=121)
	  ->  Sort  (cost=4324.56..4327.32 rows=1105 width=121)
	        Sort Key: c
	        ->  Bitmap Heap Scan on sbtest7  (cost=39.76..4268.70 rows=1105 width=121)
	              Recheck Cond: ((id >= 8741505) AND (id <= 8742504))
	              ->  Bitmap Index Scan on sbtest7_pkey  (cost=0.00..39.48 rows=1105 width=0)
	                    Index Cond: ((id >= 8741505) AND (id <= 8742504))

table 8 : explain SELECT DISTINCT c FROM sbtest8 WHERE id BETWEEN 9773165 AND 9774164 ORDER BY c
	Unique  (cost=3709.81..3714.53 rows=944 width=121)
	  ->  Sort  (cost=3709.81..3712.17 rows=944 width=121)
	        Sort Key: c
	        ->  Bitmap Heap Scan on sbtest8  (cost=34.11..3663.17 rows=944 width=121)
	              Recheck Cond: ((id >= 9773165) AND (id <= 9774164))
	              ->  Bitmap Index Scan on sbtest8_pkey  (cost=0.00..33.88 rows=944 width=0)
	                    Index Cond: ((id >= 9773165) AND (id <= 9774164))

explain: for point_selects :: explain SELECT c FROM sbtest%u WHERE id=%u
explain: for point_selects :: explain SELECT c FROM sbtest%u WHERE id=%u
explain: for point_selects :: explain SELECT c FROM sbtest%u WHERE id=%u
for: order_ranges
table 1 : explain SELECT c FROM sbtest1 WHERE id BETWEEN 786542 AND 787541 ORDER BY c
	Sort  (cost=3939.06..3941.57 rows=1004 width=121)
	  Sort Key: c
	  ->  Bitmap Heap Scan on sbtest1  (cost=34.73..3889.00 rows=1004 width=121)
	        Recheck Cond: ((id >= 786542) AND (id <= 787541))
	        ->  Bitmap Index Scan on sbtest1_pkey  (cost=0.00..34.48 rows=1004 width=0)
	              Index Cond: ((id >= 786542) AND (id <= 787541))

table 2 : explain SELECT c FROM sbtest2 WHERE id BETWEEN 4659528 AND 4660527 ORDER BY c
	Sort  (cost=3958.74..3961.26 rows=1009 width=121)
	  Sort Key: c
	  ->  Bitmap Heap Scan on sbtest2  (cost=34.78..3908.39 rows=1009 width=121)
	        Recheck Cond: ((id >= 4659528) AND (id <= 4660527))
	        ->  Bitmap Index Scan on sbtest2_pkey  (cost=0.00..34.53 rows=1009 width=0)
	              Index Cond: ((id >= 4659528) AND (id <= 4660527))

table 3 : explain SELECT c FROM sbtest3 WHERE id BETWEEN 1458921 AND 1459920 ORDER BY c
	Sort  (cost=4112.04..4114.67 rows=1049 width=121)
	  Sort Key: c
	  ->  Bitmap Heap Scan on sbtest3  (cost=35.19..4059.41 rows=1049 width=121)
	        Recheck Cond: ((id >= 1458921) AND (id <= 1459920))
	        ->  Bitmap Index Scan on sbtest3_pkey  (cost=0.00..34.93 rows=1049 width=0)
	              Index Cond: ((id >= 1458921) AND (id <= 1459920))

table 4 : explain SELECT c FROM sbtest4 WHERE id BETWEEN 6365064 AND 6366063 ORDER BY c
	Sort  (cost=4276.24..4278.96 rows=1090 width=121)
	  Sort Key: c
	  ->  Bitmap Heap Scan on sbtest4  (cost=35.61..4221.25 rows=1090 width=121)
	        Recheck Cond: ((id >= 6365064) AND (id <= 6366063))
	        ->  Bitmap Index Scan on sbtest4_pkey  (cost=0.00..35.34 rows=1090 width=0)
	              Index Cond: ((id >= 6365064) AND (id <= 6366063))

table 5 : explain SELECT c FROM sbtest5 WHERE id BETWEEN 1073298 AND 1074297 ORDER BY c
	Sort  (cost=3824.06..3826.49 rows=972 width=121)
	  Sort Key: c
	  ->  Bitmap Heap Scan on sbtest5  (cost=34.40..3775.82 rows=972 width=121)
	        Recheck Cond: ((id >= 1073298) AND (id <= 1074297))
	        ->  Bitmap Index Scan on sbtest5_pkey  (cost=0.00..34.16 rows=972 width=0)
	              Index Cond: ((id >= 1073298) AND (id <= 1074297))

table 6 : explain SELECT c FROM sbtest6 WHERE id BETWEEN 4763776 AND 4764775 ORDER BY c
	Sort  (cost=3806.67..3809.09 rows=969 width=121)
	  Sort Key: c
	  ->  Bitmap Heap Scan on sbtest6  (cost=34.37..3758.61 rows=969 width=121)
	        Recheck Cond: ((id >= 4763776) AND (id <= 4764775))
	        ->  Bitmap Index Scan on sbtest6_pkey  (cost=0.00..34.12 rows=969 width=0)
	              Index Cond: ((id >= 4763776) AND (id <= 4764775))

table 7 : explain SELECT c FROM sbtest7 WHERE id BETWEEN 8221843 AND 8222842 ORDER BY c
	Sort  (cost=3946.38..3948.90 rows=1006 width=121)
	  Sort Key: c
	  ->  Bitmap Heap Scan on sbtest7  (cost=34.75..3896.21 rows=1006 width=121)
	        Recheck Cond: ((id >= 8221843) AND (id <= 8222842))
	        ->  Bitmap Index Scan on sbtest7_pkey  (cost=0.00..34.50 rows=1006 width=0)
	              Index Cond: ((id >= 8221843) AND (id <= 8222842))

table 8 : explain SELECT c FROM sbtest8 WHERE id BETWEEN 2834824 AND 2835823 ORDER BY c
	Sort  (cost=3402.69..3404.85 rows=865 width=121)
	  Sort Key: c
	  ->  Bitmap Heap Scan on sbtest8  (cost=29.30..3360.49 rows=865 width=121)
	        Recheck Cond: ((id >= 2834824) AND (id <= 2835823))
	        ->  Bitmap Index Scan on sbtest8_pkey  (cost=0.00..29.08 rows=865 width=0)
	              Index Cond: ((id >= 2834824) AND (id <= 2835823))

explain: for point_selects :: explain SELECT c FROM sbtest%u WHERE id=%u
for: sum_ranges
table 1 : explain SELECT SUM(k) FROM sbtest1 WHERE id BETWEEN 5830482 AND 5831481
	Aggregate  (cost=3555.30..3555.31 rows=1 width=8)
	  ->  Bitmap Heap Scan on sbtest1  (cost=29.82..3553.01 rows=916 width=4)
	        Recheck Cond: ((id >= 5830482) AND (id <= 5831481))
	        ->  Bitmap Index Scan on sbtest1_pkey  (cost=0.00..29.59 rows=916 width=0)
	              Index Cond: ((id >= 5830482) AND (id <= 5831481))

table 2 : explain SELECT SUM(k) FROM sbtest2 WHERE id BETWEEN 2898488 AND 2899487
	Aggregate  (cost=3555.79..3555.80 rows=1 width=8)
	  ->  Bitmap Heap Scan on sbtest2  (cost=29.82..3553.50 rows=916 width=4)
	        Recheck Cond: ((id >= 2898488) AND (id <= 2899487))
	        ->  Bitmap Index Scan on sbtest2_pkey  (cost=0.00..29.59 rows=916 width=0)
	              Index Cond: ((id >= 2898488) AND (id <= 2899487))

table 3 : explain SELECT SUM(k) FROM sbtest3 WHERE id BETWEEN 6615762 AND 6616761
	Aggregate  (cost=3647.10..3647.11 rows=1 width=8)
	  ->  Bitmap Heap Scan on sbtest3  (cost=34.06..3644.75 rows=939 width=4)
	        Recheck Cond: ((id >= 6615762) AND (id <= 6616761))
	        ->  Bitmap Index Scan on sbtest3_pkey  (cost=0.00..33.83 rows=939 width=0)
	              Index Cond: ((id >= 6615762) AND (id <= 6616761))

table 4 : explain SELECT SUM(k) FROM sbtest4 WHERE id BETWEEN 7500986 AND 7501985
	Aggregate  (cost=3887.92..3887.93 rows=1 width=8)
	  ->  Bitmap Heap Scan on sbtest4  (cost=34.70..3885.41 rows=1001 width=4)
	        Recheck Cond: ((id >= 7500986) AND (id <= 7501985))
	        ->  Bitmap Index Scan on sbtest4_pkey  (cost=0.00..34.45 rows=1001 width=0)
	              Index Cond: ((id >= 7500986) AND (id <= 7501985))

table 5 : explain SELECT SUM(k) FROM sbtest5 WHERE id BETWEEN 3734537 AND 3735536
	Aggregate  (cost=4246.65..4246.66 rows=1 width=8)
	  ->  Bitmap Heap Scan on sbtest5  (cost=35.67..4243.91 rows=1096 width=4)
	        Recheck Cond: ((id >= 3734537) AND (id <= 3735536))
	        ->  Bitmap Index Scan on sbtest5_pkey  (cost=0.00..35.40 rows=1096 width=0)
	              Index Cond: ((id >= 3734537) AND (id <= 3735536))

table 6 : explain SELECT SUM(k) FROM sbtest6 WHERE id BETWEEN 8103054 AND 8104053
	Aggregate  (cost=4047.65..4047.66 rows=1 width=8)
	  ->  Bitmap Heap Scan on sbtest6  (cost=35.15..4045.04 rows=1045 width=4)
	        Recheck Cond: ((id >= 8103054) AND (id <= 8104053))
	        ->  Bitmap Index Scan on sbtest6_pkey  (cost=0.00..34.89 rows=1045 width=0)
	              Index Cond: ((id >= 8103054) AND (id <= 8104053))

table 7 : explain SELECT SUM(k) FROM sbtest7 WHERE id BETWEEN 6690699 AND 6691698
	Aggregate  (cost=3418.83..3418.84 rows=1 width=8)
	  ->  Bitmap Heap Scan on sbtest7  (cost=29.45..3416.63 rows=880 width=4)
	        Recheck Cond: ((id >= 6690699) AND (id <= 6691698))
	        ->  Bitmap Index Scan on sbtest7_pkey  (cost=0.00..29.23 rows=880 width=0)
	              Index Cond: ((id >= 6690699) AND (id <= 6691698))

table 8 : explain SELECT SUM(k) FROM sbtest8 WHERE id BETWEEN 7985374 AND 7986373
	Aggregate  (cost=3563.26..3563.27 rows=1 width=8)
	  ->  Bitmap Heap Scan on sbtest8  (cost=29.84..3560.96 rows=918 width=4)
	        Recheck Cond: ((id >= 7985374) AND (id <= 7986373))
	        ->  Bitmap Index Scan on sbtest8_pkey  (cost=0.00..29.61 rows=918 width=0)
	              Index Cond: ((id >= 7985374) AND (id <= 7986373))

for: sum_ranges
table 1 : explain SELECT SUM(k) FROM sbtest1 WHERE id BETWEEN 2321021 AND 2322020
	Aggregate  (cost=4019.59..4019.60 rows=1 width=8)
	  ->  Bitmap Heap Scan on sbtest1  (cost=35.07..4017.00 rows=1038 width=4)
	        Recheck Cond: ((id >= 2321021) AND (id <= 2322020))
	        ->  Bitmap Index Scan on sbtest1_pkey  (cost=0.00..34.82 rows=1038 width=0)
	              Index Cond: ((id >= 2321021) AND (id <= 2322020))

table 2 : explain SELECT SUM(k) FROM sbtest2 WHERE id BETWEEN 7113858 AND 7114857
	Aggregate  (cost=4287.27..4287.28 rows=1 width=8)
	  ->  Bitmap Heap Scan on sbtest2  (cost=35.81..4284.49 rows=1110 width=4)
	        Recheck Cond: ((id >= 7113858) AND (id <= 7114857))
	        ->  Bitmap Index Scan on sbtest2_pkey  (cost=0.00..35.54 rows=1110 width=0)
	              Index Cond: ((id >= 7113858) AND (id <= 7114857))

table 3 : explain SELECT SUM(k) FROM sbtest3 WHERE id BETWEEN 753433 AND 754432
	Aggregate  (cost=3571.27..3571.28 rows=1 width=8)
	  ->  Bitmap Heap Scan on sbtest3  (cost=29.87..3568.97 rows=920 width=4)
	        Recheck Cond: ((id >= 753433) AND (id <= 754432))
	        ->  Bitmap Index Scan on sbtest3_pkey  (cost=0.00..29.64 rows=920 width=0)
	              Index Cond: ((id >= 753433) AND (id <= 754432))

table 4 : explain SELECT SUM(k) FROM sbtest4 WHERE id BETWEEN 2734483 AND 2735482
	Aggregate  (cost=3903.04..3903.05 rows=1 width=8)
	  ->  Bitmap Heap Scan on sbtest4  (cost=34.74..3900.53 rows=1005 width=4)
	        Recheck Cond: ((id >= 2734483) AND (id <= 2735482))
	        ->  Bitmap Index Scan on sbtest4_pkey  (cost=0.00..34.48 rows=1005 width=0)
	              Index Cond: ((id >= 2734483) AND (id <= 2735482))

table 5 : explain SELECT SUM(k) FROM sbtest5 WHERE id BETWEEN 1222973 AND 1223972
	Aggregate  (cost=3933.33..3933.34 rows=1 width=8)
	  ->  Bitmap Heap Scan on sbtest5  (cost=34.82..3930.80 rows=1013 width=4)
	        Recheck Cond: ((id >= 1222973) AND (id <= 1223972))
	        ->  Bitmap Index Scan on sbtest5_pkey  (cost=0.00..34.57 rows=1013 width=0)
	              Index Cond: ((id >= 1222973) AND (id <= 1223972))

table 6 : explain SELECT SUM(k) FROM sbtest6 WHERE id BETWEEN 8241743 AND 8242742
	Aggregate  (cost=3945.91..3945.92 rows=1 width=8)
	  ->  Bitmap Heap Scan on sbtest6  (cost=34.87..3943.36 rows=1018 width=4)
	        Recheck Cond: ((id >= 8241743) AND (id <= 8242742))
	        ->  Bitmap Index Scan on sbtest6_pkey  (cost=0.00..34.62 rows=1018 width=0)
	              Index Cond: ((id >= 8241743) AND (id <= 8242742))

table 7 : explain SELECT SUM(k) FROM sbtest7 WHERE id BETWEEN 8681269 AND 8682268
	Aggregate  (cost=4271.47..4271.48 rows=1 width=8)
	  ->  Bitmap Heap Scan on sbtest7  (cost=39.76..4268.70 rows=1105 width=4)
	        Recheck Cond: ((id >= 8681269) AND (id <= 8682268))
	        ->  Bitmap Index Scan on sbtest7_pkey  (cost=0.00..39.48 rows=1105 width=0)
	              Index Cond: ((id >= 8681269) AND (id <= 8682268))

table 8 : explain SELECT SUM(k) FROM sbtest8 WHERE id BETWEEN 1822170 AND 1823169
	Aggregate  (cost=3808.99..3809.00 rows=1 width=8)
	  ->  Bitmap Heap Scan on sbtest8  (cost=34.50..3806.53 rows=982 width=4)
	        Recheck Cond: ((id >= 1822170) AND (id <= 1823169))
	        ->  Bitmap Index Scan on sbtest8_pkey  (cost=0.00..34.26 rows=982 width=0)
	              Index Cond: ((id >= 1822170) AND (id <= 1823169))

for: order_ranges
table 1 : explain SELECT c FROM sbtest1 WHERE id BETWEEN 8657901 AND 8658900 ORDER BY c
	Sort  (cost=4282.72..4285.46 rows=1094 width=121)
	  Sort Key: c
	  ->  Bitmap Heap Scan on sbtest1  (cost=35.65..4227.50 rows=1094 width=121)
	        Recheck Cond: ((id >= 8657901) AND (id <= 8658900))
	        ->  Bitmap Index Scan on sbtest1_pkey  (cost=0.00..35.38 rows=1094 width=0)
	              Index Cond: ((id >= 8657901) AND (id <= 8658900))

table 2 : explain SELECT c FROM sbtest2 WHERE id BETWEEN 5841729 AND 5842728 ORDER BY c
	Sort  (cost=4161.25..4163.90 rows=1062 width=121)
	  Sort Key: c
	  ->  Bitmap Heap Scan on sbtest2  (cost=35.32..4107.87 rows=1062 width=121)
	        Recheck Cond: ((id >= 5841729) AND (id <= 5842728))
	        ->  Bitmap Index Scan on sbtest2_pkey  (cost=0.00..35.06 rows=1062 width=0)
	              Index Cond: ((id >= 5841729) AND (id <= 5842728))

table 3 : explain SELECT c FROM sbtest3 WHERE id BETWEEN 1806844 AND 1807843 ORDER BY c
	Sort  (cost=4131.14..4133.78 rows=1054 width=121)
	  Sort Key: c
	  ->  Bitmap Heap Scan on sbtest3  (cost=35.24..4078.22 rows=1054 width=121)
	        Recheck Cond: ((id >= 1806844) AND (id <= 1807843))
	        ->  Bitmap Index Scan on sbtest3_pkey  (cost=0.00..34.98 rows=1054 width=0)
	              Index Cond: ((id >= 1806844) AND (id <= 1807843))

table 4 : explain SELECT c FROM sbtest4 WHERE id BETWEEN 4692056 AND 4693055 ORDER BY c
	Sort  (cost=3877.75..3880.21 rows=986 width=121)
	  Sort Key: c
	  ->  Bitmap Heap Scan on sbtest4  (cost=34.54..3828.72 rows=986 width=121)
	        Recheck Cond: ((id >= 4692056) AND (id <= 4693055))
	        ->  Bitmap Index Scan on sbtest4_pkey  (cost=0.00..34.30 rows=986 width=0)
	              Index Cond: ((id >= 4692056) AND (id <= 4693055))

table 5 : explain SELECT c FROM sbtest5 WHERE id BETWEEN 7914904 AND 7915903 ORDER BY c
	Sort  (cost=3754.93..3757.32 rows=954 width=121)
	  Sort Key: c
	  ->  Bitmap Heap Scan on sbtest5  (cost=34.21..3707.72 rows=954 width=121)
	        Recheck Cond: ((id >= 7914904) AND (id <= 7915903))
	        ->  Bitmap Index Scan on sbtest5_pkey  (cost=0.00..33.98 rows=954 width=0)
	              Index Cond: ((id >= 7914904) AND (id <= 7915903))

table 6 : explain SELECT c FROM sbtest6 WHERE id BETWEEN 6518291 AND 6519290 ORDER BY c
	Sort  (cost=4483.09..4485.95 rows=1146 width=121)
	  Sort Key: c
	  ->  Bitmap Heap Scan on sbtest6  (cost=40.18..4424.86 rows=1146 width=121)
	        Recheck Cond: ((id >= 6518291) AND (id <= 6519290))
	        ->  Bitmap Index Scan on sbtest6_pkey  (cost=0.00..39.90 rows=1146 width=0)
	              Index Cond: ((id >= 6518291) AND (id <= 6519290))

table 7 : explain SELECT c FROM sbtest7 WHERE id BETWEEN 957946 AND 958945 ORDER BY c
	Sort  (cost=4171.74..4174.40 rows=1065 width=121)
	  Sort Key: c
	  ->  Bitmap Heap Scan on sbtest7  (cost=35.35..4118.19 rows=1065 width=121)
	        Recheck Cond: ((id >= 957946) AND (id <= 958945))
	        ->  Bitmap Index Scan on sbtest7_pkey  (cost=0.00..35.09 rows=1065 width=0)
	              Index Cond: ((id >= 957946) AND (id <= 958945))

table 8 : explain SELECT c FROM sbtest8 WHERE id BETWEEN 5119728 AND 5120727 ORDER BY c
	Sort  (cost=4103.85..4106.47 rows=1047 width=121)
	  Sort Key: c
	  ->  Bitmap Heap Scan on sbtest8  (cost=35.17..4051.34 rows=1047 width=121)
	        Recheck Cond: ((id >= 5119728) AND (id <= 5120727))
	        ->  Bitmap Index Scan on sbtest8_pkey  (cost=0.00..34.91 rows=1047 width=0)
	              Index Cond: ((id >= 5119728) AND (id <= 5120727))

for point_selects
table 1 : explain SELECT c FROM sbtest1 WHERE id=4452804
	Index Scan using sbtest1_pkey on sbtest1  (cost=0.43..8.45 rows=1 width=121)
	  Index Cond: (id = 4452804)

table 2 : explain SELECT c FROM sbtest2 WHERE id=6886448
	Index Scan using sbtest2_pkey on sbtest2  (cost=0.43..8.45 rows=1 width=121)
	  Index Cond: (id = 6886448)

table 3 : explain SELECT c FROM sbtest3 WHERE id=5781034
	Index Scan using sbtest3_pkey on sbtest3  (cost=0.43..8.45 rows=1 width=121)
	  Index Cond: (id = 5781034)

table 4 : explain SELECT c FROM sbtest4 WHERE id=5916612
	Index Scan using sbtest4_pkey on sbtest4  (cost=0.43..8.45 rows=1 width=121)
	  Index Cond: (id = 5916612)

table 5 : explain SELECT c FROM sbtest5 WHERE id=4809959
	Index Scan using sbtest5_pkey on sbtest5  (cost=0.43..8.45 rows=1 width=121)
	  Index Cond: (id = 4809959)

table 6 : explain SELECT c FROM sbtest6 WHERE id=1856948
	Index Scan using sbtest6_pkey on sbtest6  (cost=0.43..8.45 rows=1 width=121)
	  Index Cond: (id = 1856948)

table 7 : explain SELECT c FROM sbtest7 WHERE id=761367
	Index Scan using sbtest7_pkey on sbtest7  (cost=0.43..8.45 rows=1 width=121)
	  Index Cond: (id = 761367)

table 8 : explain SELECT c FROM sbtest8 WHERE id=2576610
	Index Scan using sbtest8_pkey on sbtest8  (cost=0.43..8.45 rows=1 width=121)
	  Index Cond: (id = 2576610)

for: sum_ranges
table 1 : explain SELECT SUM(k) FROM sbtest1 WHERE id BETWEEN 9579226 AND 9580225
	Aggregate  (cost=3400.17..3400.18 rows=1 width=8)
	  ->  Bitmap Heap Scan on sbtest1  (cost=29.40..3397.98 rows=875 width=4)
	        Recheck Cond: ((id >= 9579226) AND (id <= 9580225))
	        ->  Bitmap Index Scan on sbtest1_pkey  (cost=0.00..29.18 rows=875 width=0)
	              Index Cond: ((id >= 9579226) AND (id <= 9580225))

table 2 : explain SELECT SUM(k) FROM sbtest2 WHERE id BETWEEN 8679077 AND 8680076
	Aggregate  (cost=4012.65..4012.66 rows=1 width=8)
	  ->  Bitmap Heap Scan on sbtest2  (cost=35.05..4010.06 rows=1036 width=4)
	        Recheck Cond: ((id >= 8679077) AND (id <= 8680076))
	        ->  Bitmap Index Scan on sbtest2_pkey  (cost=0.00..34.80 rows=1036 width=0)
	              Index Cond: ((id >= 8679077) AND (id <= 8680076))

table 3 : explain SELECT SUM(k) FROM sbtest3 WHERE id BETWEEN 6713598 AND 6714597
	Aggregate  (cost=4024.38..4024.39 rows=1 width=8)
	  ->  Bitmap Heap Scan on sbtest3  (cost=35.08..4021.78 rows=1039 width=4)
	        Recheck Cond: ((id >= 6713598) AND (id <= 6714597))
	        ->  Bitmap Index Scan on sbtest3_pkey  (cost=0.00..34.83 rows=1039 width=0)
	              Index Cond: ((id >= 6713598) AND (id <= 6714597))

table 4 : explain SELECT SUM(k) FROM sbtest4 WHERE id BETWEEN 7280363 AND 7281362
	Aggregate  (cost=3531.71..3531.72 rows=1 width=8)
	  ->  Bitmap Heap Scan on sbtest4  (cost=29.74..3529.44 rows=908 width=4)
	        Recheck Cond: ((id >= 7280363) AND (id <= 7281362))
	        ->  Bitmap Index Scan on sbtest4_pkey  (cost=0.00..29.51 rows=908 width=0)
	              Index Cond: ((id >= 7280363) AND (id <= 7281362))

table 5 : explain SELECT SUM(k) FROM sbtest5 WHERE id BETWEEN 2838377 AND 2839376
	Aggregate  (cost=3581.06..3581.07 rows=1 width=8)
	  ->  Bitmap Heap Scan on sbtest5  (cost=29.88..3578.75 rows=921 width=4)
	        Recheck Cond: ((id >= 2838377) AND (id <= 2839376))
	        ->  Bitmap Index Scan on sbtest5_pkey  (cost=0.00..29.64 rows=921 width=0)
	              Index Cond: ((id >= 2838377) AND (id <= 2839376))

table 6 : explain SELECT SUM(k) FROM sbtest6 WHERE id BETWEEN 6065377 AND 6066376
	Aggregate  (cost=3625.00..3625.01 rows=1 width=8)
	  ->  Bitmap Heap Scan on sbtest6  (cost=34.00..3622.67 rows=933 width=4)
	        Recheck Cond: ((id >= 6065377) AND (id <= 6066376))
	        ->  Bitmap Index Scan on sbtest6_pkey  (cost=0.00..33.77 rows=933 width=0)
	              Index Cond: ((id >= 6065377) AND (id <= 6066376))

table 7 : explain SELECT SUM(k) FROM sbtest7 WHERE id BETWEEN 3511520 AND 3512519
	Aggregate  (cost=3668.60..3668.61 rows=1 width=8)
	  ->  Bitmap Heap Scan on sbtest7  (cost=34.12..3666.23 rows=945 width=4)
	        Recheck Cond: ((id >= 3511520) AND (id <= 3512519))
	        ->  Bitmap Index Scan on sbtest7_pkey  (cost=0.00..33.89 rows=945 width=0)
	              Index Cond: ((id >= 3511520) AND (id <= 3512519))

table 8 : explain SELECT SUM(k) FROM sbtest8 WHERE id BETWEEN 4274266 AND 4275265
	Aggregate  (cost=3775.03..3775.04 rows=1 width=8)
	  ->  Bitmap Heap Scan on sbtest8  (cost=34.41..3772.60 rows=973 width=4)
	        Recheck Cond: ((id >= 4274266) AND (id <= 4275265))
	        ->  Bitmap Index Scan on sbtest8_pkey  (cost=0.00..34.17 rows=973 width=0)
	              Index Cond: ((id >= 4274266) AND (id <= 4275265))

for: sum_ranges
table 1 : explain SELECT SUM(k) FROM sbtest1 WHERE id BETWEEN 456 AND 1455
	Aggregate  (cost=4098.63..4098.64 rows=1 width=8)
	  ->  Bitmap Heap Scan on sbtest1  (cost=35.29..4095.98 rows=1059 width=4)
	        Recheck Cond: ((id >= 456) AND (id <= 1455))
	        ->  Bitmap Index Scan on sbtest1_pkey  (cost=0.00..35.03 rows=1059 width=0)
	              Index Cond: ((id >= 456) AND (id <= 1455))

table 2 : explain SELECT SUM(k) FROM sbtest2 WHERE id BETWEEN 5482930 AND 5483929
	Aggregate  (cost=3959.91..3959.92 rows=1 width=8)
	  ->  Bitmap Heap Scan on sbtest2  (cost=34.91..3957.35 rows=1022 width=4)
	        Recheck Cond: ((id >= 5482930) AND (id <= 5483929))
	        ->  Bitmap Index Scan on sbtest2_pkey  (cost=0.00..34.66 rows=1022 width=0)
	              Index Cond: ((id >= 5482930) AND (id <= 5483929))

table 3 : explain SELECT SUM(k) FROM sbtest3 WHERE id BETWEEN 4068970 AND 4069969
	Aggregate  (cost=4031.91..4031.92 rows=1 width=8)
	  ->  Bitmap Heap Scan on sbtest3  (cost=35.11..4029.31 rows=1041 width=4)
	        Recheck Cond: ((id >= 4068970) AND (id <= 4069969))
	        ->  Bitmap Index Scan on sbtest3_pkey  (cost=0.00..34.84 rows=1041 width=0)
	              Index Cond: ((id >= 4068970) AND (id <= 4069969))

table 4 : explain SELECT SUM(k) FROM sbtest4 WHERE id BETWEEN 2688291 AND 2689290
	Aggregate  (cost=4220.20..4220.21 rows=1 width=8)
	  ->  Bitmap Heap Scan on sbtest4  (cost=35.60..4217.48 rows=1089 width=4)
	        Recheck Cond: ((id >= 2688291) AND (id <= 2689290))
	        ->  Bitmap Index Scan on sbtest4_pkey  (cost=0.00..35.33 rows=1089 width=0)
	              Index Cond: ((id >= 2688291) AND (id <= 2689290))

table 5 : explain SELECT SUM(k) FROM sbtest5 WHERE id BETWEEN 6559013 AND 6560012
	Aggregate  (cost=3800.96..3800.97 rows=1 width=8)
	  ->  Bitmap Heap Scan on sbtest5  (cost=34.46..3798.52 rows=978 width=4)
	        Recheck Cond: ((id >= 6559013) AND (id <= 6560012))
	        ->  Bitmap Index Scan on sbtest5_pkey  (cost=0.00..34.22 rows=978 width=0)
	              Index Cond: ((id >= 6559013) AND (id <= 6560012))

table 6 : explain SELECT SUM(k) FROM sbtest6 WHERE id BETWEEN 2815668 AND 2816667
	Aggregate  (cost=3915.75..3915.76 rows=1 width=8)
	  ->  Bitmap Heap Scan on sbtest6  (cost=34.79..3913.22 rows=1010 width=4)
	        Recheck Cond: ((id >= 2815668) AND (id <= 2816667))
	        ->  Bitmap Index Scan on sbtest6_pkey  (cost=0.00..34.54 rows=1010 width=0)
	              Index Cond: ((id >= 2815668) AND (id <= 2816667))

table 7 : explain SELECT SUM(k) FROM sbtest7 WHERE id BETWEEN 1246263 AND 1247262
	Aggregate  (cost=3706.36..3706.37 rows=1 width=8)
	  ->  Bitmap Heap Scan on sbtest7  (cost=34.22..3703.97 rows=955 width=4)
	        Recheck Cond: ((id >= 1246263) AND (id <= 1247262))
	        ->  Bitmap Index Scan on sbtest7_pkey  (cost=0.00..33.98 rows=955 width=0)
	              Index Cond: ((id >= 1246263) AND (id <= 1247262))

table 8 : explain SELECT SUM(k) FROM sbtest8 WHERE id BETWEEN 8744026 AND 8745025
	Aggregate  (cost=3937.19..3937.20 rows=1 width=8)
	  ->  Bitmap Heap Scan on sbtest8  (cost=34.85..3934.65 rows=1016 width=4)
	        Recheck Cond: ((id >= 8744026) AND (id <= 8745025))
	        ->  Bitmap Index Scan on sbtest8_pkey  (cost=0.00..34.59 rows=1016 width=0)
	              Index Cond: ((id >= 8744026) AND (id <= 8745025))

for: sum_ranges
table 1 : explain SELECT SUM(k) FROM sbtest1 WHERE id BETWEEN 1220736 AND 1221735
	Aggregate  (cost=4057.24..4057.25 rows=1 width=8)
	  ->  Bitmap Heap Scan on sbtest1  (cost=35.18..4054.62 rows=1048 width=4)
	        Recheck Cond: ((id >= 1220736) AND (id <= 1221735))
	        ->  Bitmap Index Scan on sbtest1_pkey  (cost=0.00..34.92 rows=1048 width=0)
	              Index Cond: ((id >= 1220736) AND (id <= 1221735))

table 2 : explain SELECT SUM(k) FROM sbtest2 WHERE id BETWEEN 2680351 AND 2681350
	Aggregate  (cost=3729.83..3729.84 rows=1 width=8)
	  ->  Bitmap Heap Scan on sbtest2  (cost=34.29..3727.43 rows=961 width=4)
	        Recheck Cond: ((id >= 2680351) AND (id <= 2681350))
	        ->  Bitmap Index Scan on sbtest2_pkey  (cost=0.00..34.05 rows=961 width=0)
	              Index Cond: ((id >= 2680351) AND (id <= 2681350))

table 3 : explain SELECT SUM(k) FROM sbtest3 WHERE id BETWEEN 4047800 AND 4048799
	Aggregate  (cost=4031.91..4031.92 rows=1 width=8)
	  ->  Bitmap Heap Scan on sbtest3  (cost=35.11..4029.31 rows=1041 width=4)
	        Recheck Cond: ((id >= 4047800) AND (id <= 4048799))
	        ->  Bitmap Index Scan on sbtest3_pkey  (cost=0.00..34.84 rows=1041 width=0)
	              Index Cond: ((id >= 4047800) AND (id <= 4048799))

table 4 : explain SELECT SUM(k) FROM sbtest4 WHERE id BETWEEN 3193619 AND 3194618
	Aggregate  (cost=3872.79..3872.80 rows=1 width=8)
	  ->  Bitmap Heap Scan on sbtest4  (cost=34.65..3870.30 rows=997 width=4)
	        Recheck Cond: ((id >= 3193619) AND (id <= 3194618))
	        ->  Bitmap Index Scan on sbtest4_pkey  (cost=0.00..34.41 rows=997 width=0)
	              Index Cond: ((id >= 3193619) AND (id <= 3194618))

table 5 : explain SELECT SUM(k) FROM sbtest5 WHERE id BETWEEN 5780010 AND 5781009
	Aggregate  (cost=3626.75..3626.76 rows=1 width=8)
	  ->  Bitmap Heap Scan on sbtest5  (cost=33.99..3624.42 rows=932 width=4)
	        Recheck Cond: ((id >= 5780010) AND (id <= 5781009))
	        ->  Bitmap Index Scan on sbtest5_pkey  (cost=0.00..33.76 rows=932 width=0)
	              Index Cond: ((id >= 5780010) AND (id <= 5781009))

table 6 : explain SELECT SUM(k) FROM sbtest6 WHERE id BETWEEN 1572875 AND 1573874
	Aggregate  (cost=4412.70..4412.71 rows=1 width=8)
	  ->  Bitmap Heap Scan on sbtest6  (cost=40.14..4409.85 rows=1142 width=4)
	        Recheck Cond: ((id >= 1572875) AND (id <= 1573874))
	        ->  Bitmap Index Scan on sbtest6_pkey  (cost=0.00..39.86 rows=1142 width=0)
	              Index Cond: ((id >= 1572875) AND (id <= 1573874))

table 7 : explain SELECT SUM(k) FROM sbtest7 WHERE id BETWEEN 6265259 AND 6266258
	Aggregate  (cost=3883.65..3883.66 rows=1 width=8)
	  ->  Bitmap Heap Scan on sbtest7  (cost=34.71..3881.14 rows=1002 width=4)
	        Recheck Cond: ((id >= 6265259) AND (id <= 6266258))
	        ->  Bitmap Index Scan on sbtest7_pkey  (cost=0.00..34.45 rows=1002 width=0)
	              Index Cond: ((id >= 6265259) AND (id <= 6266258))

table 8 : explain SELECT SUM(k) FROM sbtest8 WHERE id BETWEEN 5259717 AND 5260716
	Aggregate  (cost=4069.01..4069.02 rows=1 width=8)
	  ->  Bitmap Heap Scan on sbtest8  (cost=35.21..4066.38 rows=1051 width=4)
	        Recheck Cond: ((id >= 5259717) AND (id <= 5260716))
	        ->  Bitmap Index Scan on sbtest8_pkey  (cost=0.00..34.95 rows=1051 width=0)
	              Index Cond: ((id >= 5259717) AND (id <= 5260716))

for: sum_ranges
table 1 : explain SELECT SUM(k) FROM sbtest1 WHERE id BETWEEN 6932907 AND 6933906
	Aggregate  (cost=3767.05..3767.06 rows=1 width=8)
	  ->  Bitmap Heap Scan on sbtest1  (cost=34.39..3764.62 rows=971 width=4)
	        Recheck Cond: ((id >= 6932907) AND (id <= 6933906))
	        ->  Bitmap Index Scan on sbtest1_pkey  (cost=0.00..34.15 rows=971 width=0)
	              Index Cond: ((id >= 6932907) AND (id <= 6933906))

table 2 : explain SELECT SUM(k) FROM sbtest2 WHERE id BETWEEN 9072559 AND 9073558
	Aggregate  (cost=3714.73..3714.74 rows=1 width=8)
	  ->  Bitmap Heap Scan on sbtest2  (cost=34.24..3712.33 rows=957 width=4)
	        Recheck Cond: ((id >= 9072559) AND (id <= 9073558))
	        ->  Bitmap Index Scan on sbtest2_pkey  (cost=0.00..34.01 rows=957 width=0)
	              Index Cond: ((id >= 9072559) AND (id <= 9073558))

table 3 : explain SELECT SUM(k) FROM sbtest3 WHERE id BETWEEN 7087421 AND 7088420
	Aggregate  (cost=3900.02..3900.03 rows=1 width=8)
	  ->  Bitmap Heap Scan on sbtest3  (cost=34.75..3897.50 rows=1006 width=4)
	        Recheck Cond: ((id >= 7087421) AND (id <= 7088420))
	        ->  Bitmap Index Scan on sbtest3_pkey  (cost=0.00..34.50 rows=1006 width=0)
	              Index Cond: ((id >= 7087421) AND (id <= 7088420))

table 4 : explain SELECT SUM(k) FROM sbtest4 WHERE id BETWEEN 6574290 AND 6575289
	Aggregate  (cost=4046.62..4046.63 rows=1 width=8)
	  ->  Bitmap Heap Scan on sbtest4  (cost=35.13..4044.02 rows=1043 width=4)
	        Recheck Cond: ((id >= 6574290) AND (id <= 6575289))
	        ->  Bitmap Index Scan on sbtest4_pkey  (cost=0.00..34.87 rows=1043 width=0)
	              Index Cond: ((id >= 6574290) AND (id <= 6575289))

table 5 : explain SELECT SUM(k) FROM sbtest5 WHERE id BETWEEN 393228 AND 394227
	Aggregate  (cost=3937.11..3937.12 rows=1 width=8)
	  ->  Bitmap Heap Scan on sbtest5  (cost=34.83..3934.58 rows=1014 width=4)
	        Recheck Cond: ((id >= 393228) AND (id <= 394227))
	        ->  Bitmap Index Scan on sbtest5_pkey  (cost=0.00..34.58 rows=1014 width=0)
	              Index Cond: ((id >= 393228) AND (id <= 394227))

table 6 : explain SELECT SUM(k) FROM sbtest6 WHERE id BETWEEN 3764192 AND 3765191
	Aggregate  (cost=3802.56..3802.57 rows=1 width=8)
	  ->  Bitmap Heap Scan on sbtest6  (cost=34.48..3800.11 rows=980 width=4)
	        Recheck Cond: ((id >= 3764192) AND (id <= 3765191))
	        ->  Bitmap Index Scan on sbtest6_pkey  (cost=0.00..34.23 rows=980 width=0)
	              Index Cond: ((id >= 3764192) AND (id <= 3765191))

table 7 : explain SELECT SUM(k) FROM sbtest7 WHERE id BETWEEN 5664502 AND 5665501
	Aggregate  (cost=3955.24..3955.25 rows=1 width=8)
	  ->  Bitmap Heap Scan on sbtest7  (cost=34.90..3952.69 rows=1021 width=4)
	        Recheck Cond: ((id >= 5664502) AND (id <= 5665501))
	        ->  Bitmap Index Scan on sbtest7_pkey  (cost=0.00..34.65 rows=1021 width=0)
	              Index Cond: ((id >= 5664502) AND (id <= 5665501))

table 8 : explain SELECT SUM(k) FROM sbtest8 WHERE id BETWEEN 3346074 AND 3347073
	Aggregate  (cost=3521.65..3521.66 rows=1 width=8)
	  ->  Bitmap Heap Scan on sbtest8  (cost=29.73..3519.39 rows=907 width=4)
	        Recheck Cond: ((id >= 3346074) AND (id <= 3347073))
	        ->  Bitmap Index Scan on sbtest8_pkey  (cost=0.00..29.50 rows=907 width=0)
	              Index Cond: ((id >= 3346074) AND (id <= 3347073))

for: distinct_ranges
table 1 : explain SELECT DISTINCT c FROM sbtest1 WHERE id BETWEEN 7440065 AND 7441064 ORDER BY c
	Unique  (cost=3954.35..3959.39 rows=1008 width=121)
	  ->  Sort  (cost=3954.35..3956.87 rows=1008 width=121)
	        Sort Key: c
	        ->  Bitmap Heap Scan on sbtest1  (cost=34.77..3904.07 rows=1008 width=121)
	              Recheck Cond: ((id >= 7440065) AND (id <= 7441064))
	              ->  Bitmap Index Scan on sbtest1_pkey  (cost=0.00..34.52 rows=1008 width=0)
	                    Index Cond: ((id >= 7440065) AND (id <= 7441064))

table 2 : explain SELECT DISTINCT c FROM sbtest2 WHERE id BETWEEN 2681443 AND 2682442 ORDER BY c
	Unique  (cost=3775.04..3779.84 rows=961 width=121)
	  ->  Sort  (cost=3775.04..3777.44 rows=961 width=121)
	        Sort Key: c
	        ->  Bitmap Heap Scan on sbtest2  (cost=34.29..3727.43 rows=961 width=121)
	              Recheck Cond: ((id >= 2681443) AND (id <= 2682442))
	              ->  Bitmap Index Scan on sbtest2_pkey  (cost=0.00..34.05 rows=961 width=0)
	                    Index Cond: ((id >= 2681443) AND (id <= 2682442))

table 3 : explain SELECT DISTINCT c FROM sbtest3 WHERE id BETWEEN 7813273 AND 7814272 ORDER BY c
	Unique  (cost=3962.97..3968.02 rows=1010 width=121)
	  ->  Sort  (cost=3962.97..3965.50 rows=1010 width=121)
	        Sort Key: c
	        ->  Bitmap Heap Scan on sbtest3  (cost=34.79..3912.57 rows=1010 width=121)
	              Recheck Cond: ((id >= 7813273) AND (id <= 7814272))
	              ->  Bitmap Index Scan on sbtest3_pkey  (cost=0.00..34.54 rows=1010 width=0)
	                    Index Cond: ((id >= 7813273) AND (id <= 7814272))

table 4 : explain SELECT DISTINCT c FROM sbtest4 WHERE id BETWEEN 7265079 AND 7266078 ORDER BY c
	Unique  (cost=3574.06..3578.60 rows=908 width=121)
	  ->  Sort  (cost=3574.06..3576.33 rows=908 width=121)
	        Sort Key: c
	        ->  Bitmap Heap Scan on sbtest4  (cost=29.74..3529.44 rows=908 width=121)
	              Recheck Cond: ((id >= 7265079) AND (id <= 7266078))
	              ->  Bitmap Index Scan on sbtest4_pkey  (cost=0.00..29.51 rows=908 width=0)
	                    Index Cond: ((id >= 7265079) AND (id <= 7266078))

table 5 : explain SELECT DISTINCT c FROM sbtest5 WHERE id BETWEEN 5972344 AND 5973343 ORDER BY c
	Unique  (cost=3958.36..3963.40 rows=1007 width=121)
	  ->  Sort  (cost=3958.36..3960.88 rows=1007 width=121)
	        Sort Key: c
	        ->  Bitmap Heap Scan on sbtest5  (cost=34.76..3908.14 rows=1007 width=121)
	              Recheck Cond: ((id >= 5972344) AND (id <= 5973343))
	              ->  Bitmap Index Scan on sbtest5_pkey  (cost=0.00..34.51 rows=1007 width=0)
	                    Index Cond: ((id >= 5972344) AND (id <= 5973343))

table 6 : explain SELECT DISTINCT c FROM sbtest6 WHERE id BETWEEN 9563679 AND 9564678 ORDER BY c
	Unique  (cost=3917.70..3922.69 rows=998 width=121)
	  ->  Sort  (cost=3917.70..3920.20 rows=998 width=121)
	        Sort Key: c
	        ->  Bitmap Heap Scan on sbtest6  (cost=34.66..3867.99 rows=998 width=121)
	              Recheck Cond: ((id >= 9563679) AND (id <= 9564678))
	              ->  Bitmap Index Scan on sbtest6_pkey  (cost=0.00..34.42 rows=998 width=0)
	                    Index Cond: ((id >= 9563679) AND (id <= 9564678))

table 7 : explain SELECT DISTINCT c FROM sbtest7 WHERE id BETWEEN 661605 AND 662604 ORDER BY c
	Unique  (cost=3969.32..3974.38 rows=1012 width=121)
	  ->  Sort  (cost=3969.32..3971.85 rows=1012 width=121)
	        Sort Key: c
	        ->  Bitmap Heap Scan on sbtest7  (cost=34.81..3918.80 rows=1012 width=121)
	              Recheck Cond: ((id >= 661605) AND (id <= 662604))
	              ->  Bitmap Index Scan on sbtest7_pkey  (cost=0.00..34.56 rows=1012 width=0)
	                    Index Cond: ((id >= 661605) AND (id <= 662604))

table 8 : explain SELECT DISTINCT c FROM sbtest8 WHERE id BETWEEN 6403203 AND 6404202 ORDER BY c
	Unique  (cost=4046.55..4051.71 rows=1032 width=121)
	  ->  Sort  (cost=4046.55..4049.13 rows=1032 width=121)
	        Sort Key: c
	        ->  Bitmap Heap Scan on sbtest8  (cost=35.01..3994.89 rows=1032 width=121)
	              Recheck Cond: ((id >= 6403203) AND (id <= 6404202))
	              ->  Bitmap Index Scan on sbtest8_pkey  (cost=0.00..34.76 rows=1032 width=0)
	                    Index Cond: ((id >= 6403203) AND (id <= 6404202))

for point_selects
table 1 : explain SELECT c FROM sbtest1 WHERE id=1157248
	Index Scan using sbtest1_pkey on sbtest1  (cost=0.43..8.45 rows=1 width=121)
	  Index Cond: (id = 1157248)

table 2 : explain SELECT c FROM sbtest2 WHERE id=644997
	Index Scan using sbtest2_pkey on sbtest2  (cost=0.43..8.45 rows=1 width=121)
	  Index Cond: (id = 644997)

table 3 : explain SELECT c FROM sbtest3 WHERE id=2458665
	Index Scan using sbtest3_pkey on sbtest3  (cost=0.43..8.45 rows=1 width=121)
	  Index Cond: (id = 2458665)

table 4 : explain SELECT c FROM sbtest4 WHERE id=5034179
	Index Scan using sbtest4_pkey on sbtest4  (cost=0.43..8.45 rows=1 width=121)
	  Index Cond: (id = 5034179)

table 5 : explain SELECT c FROM sbtest5 WHERE id=9257716
	Index Scan using sbtest5_pkey on sbtest5  (cost=0.43..8.45 rows=1 width=121)
	  Index Cond: (id = 9257716)

table 6 : explain SELECT c FROM sbtest6 WHERE id=1626685
	Index Scan using sbtest6_pkey on sbtest6  (cost=0.43..8.45 rows=1 width=121)
	  Index Cond: (id = 1626685)

table 7 : explain SELECT c FROM sbtest7 WHERE id=6705157
	Index Scan using sbtest7_pkey on sbtest7  (cost=0.43..8.45 rows=1 width=121)
	  Index Cond: (id = 6705157)

table 8 : explain SELECT c FROM sbtest8 WHERE id=4214387
	Index Scan using sbtest8_pkey on sbtest8  (cost=0.43..8.45 rows=1 width=121)
	  Index Cond: (id = 4214387)

for point_selects
table 1 : explain SELECT c FROM sbtest1 WHERE id=485013
	Index Scan using sbtest1_pkey on sbtest1  (cost=0.43..8.45 rows=1 width=121)
	  Index Cond: (id = 485013)

table 2 : explain SELECT c FROM sbtest2 WHERE id=6099464
	Index Scan using sbtest2_pkey on sbtest2  (cost=0.43..8.45 rows=1 width=121)
	  Index Cond: (id = 6099464)

table 3 : explain SELECT c FROM sbtest3 WHERE id=5270267
	Index Scan using sbtest3_pkey on sbtest3  (cost=0.43..8.45 rows=1 width=121)
	  Index Cond: (id = 5270267)

table 4 : explain SELECT c FROM sbtest4 WHERE id=1296188
	Index Scan using sbtest4_pkey on sbtest4  (cost=0.43..8.45 rows=1 width=121)
	  Index Cond: (id = 1296188)

table 5 : explain SELECT c FROM sbtest5 WHERE id=5965261
	Index Scan using sbtest5_pkey on sbtest5  (cost=0.43..8.45 rows=1 width=121)
	  Index Cond: (id = 5965261)

table 6 : explain SELECT c FROM sbtest6 WHERE id=1330739
	Index Scan using sbtest6_pkey on sbtest6  (cost=0.43..8.45 rows=1 width=121)
	  Index Cond: (id = 1330739)

table 7 : explain SELECT c FROM sbtest7 WHERE id=6596583
	Index Scan using sbtest7_pkey on sbtest7  (cost=0.43..8.45 rows=1 width=121)
	  Index Cond: (id = 6596583)

table 8 : explain SELECT c FROM sbtest8 WHERE id=8942081
	Index Scan using sbtest8_pkey on sbtest8  (cost=0.43..8.45 rows=1 width=121)
	  Index Cond: (id = 8942081)

for: distinct_ranges
table 1 : explain SELECT DISTINCT c FROM sbtest1 WHERE id BETWEEN 4351088 AND 4352087 ORDER BY c
	Unique  (cost=3896.99..3901.95 rows=993 width=121)
	  ->  Sort  (cost=3896.99..3899.47 rows=993 width=121)
	        Sort Key: c
	        ->  Bitmap Heap Scan on sbtest1  (cost=34.61..3847.56 rows=993 width=121)
	              Recheck Cond: ((id >= 4351088) AND (id <= 4352087))
	              ->  Bitmap Index Scan on sbtest1_pkey  (cost=0.00..34.37 rows=993 width=0)
	                    Index Cond: ((id >= 4351088) AND (id <= 4352087))

table 2 : explain SELECT DISTINCT c FROM sbtest2 WHERE id BETWEEN 1405135 AND 1406134 ORDER BY c
	Unique  (cost=3939.61..3944.63 rows=1004 width=121)
	  ->  Sort  (cost=3939.61..3942.12 rows=1004 width=121)
	        Sort Key: c
	        ->  Bitmap Heap Scan on sbtest2  (cost=34.73..3889.56 rows=1004 width=121)
	              Recheck Cond: ((id >= 1405135) AND (id <= 1406134))
	              ->  Bitmap Index Scan on sbtest2_pkey  (cost=0.00..34.48 rows=1004 width=0)
	                    Index Cond: ((id >= 1405135) AND (id <= 1406134))

table 3 : explain SELECT DISTINCT c FROM sbtest3 WHERE id BETWEEN 6060157 AND 6061156 ORDER BY c
	Unique  (cost=4100.58..4105.81 rows=1046 width=121)
	  ->  Sort  (cost=4100.58..4103.20 rows=1046 width=121)
	        Sort Key: c
	        ->  Bitmap Heap Scan on sbtest3  (cost=35.16..4048.12 rows=1046 width=121)
	              Recheck Cond: ((id >= 6060157) AND (id <= 6061156))
	              ->  Bitmap Index Scan on sbtest3_pkey  (cost=0.00..34.90 rows=1046 width=0)
	                    Index Cond: ((id >= 6060157) AND (id <= 6061156))

table 4 : explain SELECT DISTINCT c FROM sbtest4 WHERE id BETWEEN 2321321 AND 2322320 ORDER BY c
	Unique  (cost=3839.37..3844.25 rows=976 width=121)
	  ->  Sort  (cost=3839.37..3841.81 rows=976 width=121)
	        Sort Key: c
	        ->  Bitmap Heap Scan on sbtest4  (cost=34.44..3790.90 rows=976 width=121)
	              Recheck Cond: ((id >= 2321321) AND (id <= 2322320))
	              ->  Bitmap Index Scan on sbtest4_pkey  (cost=0.00..34.20 rows=976 width=0)
	                    Index Cond: ((id >= 2321321) AND (id <= 2322320))

table 5 : explain SELECT DISTINCT c FROM sbtest5 WHERE id BETWEEN 1200568 AND 1201567 ORDER BY c
	Unique  (cost=3981.37..3986.44 rows=1013 width=121)
	  ->  Sort  (cost=3981.37..3983.91 rows=1013 width=121)
	        Sort Key: c
	        ->  Bitmap Heap Scan on sbtest5  (cost=34.82..3930.80 rows=1013 width=121)
	              Recheck Cond: ((id >= 1200568) AND (id <= 1201567))
	              ->  Bitmap Index Scan on sbtest5_pkey  (cost=0.00..34.57 rows=1013 width=0)
	                    Index Cond: ((id >= 1200568) AND (id <= 1201567))

table 6 : explain SELECT DISTINCT c FROM sbtest6 WHERE id BETWEEN 6614809 AND 6615808 ORDER BY c
	Unique  (cost=3672.52..3677.19 rows=934 width=121)
	  ->  Sort  (cost=3672.52..3674.86 rows=934 width=121)
	        Sort Key: c
	        ->  Bitmap Heap Scan on sbtest6  (cost=34.01..3626.44 rows=934 width=121)
	              Recheck Cond: ((id >= 6614809) AND (id <= 6615808))
	              ->  Bitmap Index Scan on sbtest6_pkey  (cost=0.00..33.78 rows=934 width=0)
	                    Index Cond: ((id >= 6614809) AND (id <= 6615808))

table 7 : explain SELECT DISTINCT c FROM sbtest7 WHERE id BETWEEN 1941643 AND 1942642 ORDER BY c
	Unique  (cost=3881.37..3886.31 rows=989 width=121)
	  ->  Sort  (cost=3881.37..3883.84 rows=989 width=121)
	        Sort Key: c
	        ->  Bitmap Heap Scan on sbtest7  (cost=34.57..3832.17 rows=989 width=121)
	              Recheck Cond: ((id >= 1941643) AND (id <= 1942642))
	              ->  Bitmap Index Scan on sbtest7_pkey  (cost=0.00..34.33 rows=989 width=0)
	                    Index Cond: ((id >= 1941643) AND (id <= 1942642))

table 8 : explain SELECT DISTINCT c FROM sbtest8 WHERE id BETWEEN 9146144 AND 9147143 ORDER BY c
	Unique  (cost=3981.57..3986.65 rows=1015 width=121)
	  ->  Sort  (cost=3981.57..3984.11 rows=1015 width=121)
	        Sort Key: c
	        ->  Bitmap Heap Scan on sbtest8  (cost=34.84..3930.89 rows=1015 width=121)
	              Recheck Cond: ((id >= 9146144) AND (id <= 9147143))
	              ->  Bitmap Index Scan on sbtest8_pkey  (cost=0.00..34.59 rows=1015 width=0)
	                    Index Cond: ((id >= 9146144) AND (id <= 9147143))

for point_selects
table 1 : explain SELECT c FROM sbtest1 WHERE id=6575709
	Index Scan using sbtest1_pkey on sbtest1  (cost=0.43..8.45 rows=1 width=121)
	  Index Cond: (id = 6575709)

table 2 : explain SELECT c FROM sbtest2 WHERE id=1157733
	Index Scan using sbtest2_pkey on sbtest2  (cost=0.43..8.45 rows=1 width=121)
	  Index Cond: (id = 1157733)

table 3 : explain SELECT c FROM sbtest3 WHERE id=5362096
	Index Scan using sbtest3_pkey on sbtest3  (cost=0.43..8.45 rows=1 width=121)
	  Index Cond: (id = 5362096)

table 4 : explain SELECT c FROM sbtest4 WHERE id=414741
	Index Scan using sbtest4_pkey on sbtest4  (cost=0.43..8.45 rows=1 width=121)
	  Index Cond: (id = 414741)

table 5 : explain SELECT c FROM sbtest5 WHERE id=8708082
	Index Scan using sbtest5_pkey on sbtest5  (cost=0.43..8.45 rows=1 width=121)
	  Index Cond: (id = 8708082)

table 6 : explain SELECT c FROM sbtest6 WHERE id=1957596
	Index Scan using sbtest6_pkey on sbtest6  (cost=0.43..8.45 rows=1 width=121)
	  Index Cond: (id = 1957596)

table 7 : explain SELECT c FROM sbtest7 WHERE id=4010993
	Index Scan using sbtest7_pkey on sbtest7  (cost=0.43..8.45 rows=1 width=121)
	  Index Cond: (id = 4010993)

table 8 : explain SELECT c FROM sbtest8 WHERE id=1961446
	Index Scan using sbtest8_pkey on sbtest8  (cost=0.43..8.45 rows=1 width=121)
	  Index Cond: (id = 1961446)

for: order_ranges
table 1 : explain SELECT c FROM sbtest1 WHERE id BETWEEN 1125758 AND 1126757 ORDER BY c
	Sort  (cost=4000.22..4002.77 rows=1020 width=121)
	  Sort Key: c
	  ->  Bitmap Heap Scan on sbtest1  (cost=34.89..3949.25 rows=1020 width=121)
	        Recheck Cond: ((id >= 1125758) AND (id <= 1126757))
	        ->  Bitmap Index Scan on sbtest1_pkey  (cost=0.00..34.64 rows=1020 width=0)
	              Index Cond: ((id >= 1125758) AND (id <= 1126757))

table 2 : explain SELECT c FROM sbtest2 WHERE id BETWEEN 2068640 AND 2069639 ORDER BY c
	Sort  (cost=3809.50..3811.93 rows=970 width=121)
	  Sort Key: c
	  ->  Bitmap Heap Scan on sbtest2  (cost=34.38..3761.38 rows=970 width=121)
	        Recheck Cond: ((id >= 2068640) AND (id <= 2069639))
	        ->  Bitmap Index Scan on sbtest2_pkey  (cost=0.00..34.14 rows=970 width=0)
	              Index Cond: ((id >= 2068640) AND (id <= 2069639))

table 3 : explain SELECT c FROM sbtest3 WHERE id BETWEEN 2474638 AND 2475637 ORDER BY c
	Sort  (cost=3936.20..3938.71 rows=1003 width=121)
	  Sort Key: c
	  ->  Bitmap Heap Scan on sbtest3  (cost=34.72..3886.20 rows=1003 width=121)
	        Recheck Cond: ((id >= 2474638) AND (id <= 2475637))
	        ->  Bitmap Index Scan on sbtest3_pkey  (cost=0.00..34.47 rows=1003 width=0)
	              Index Cond: ((id >= 2474638) AND (id <= 2475637))

table 4 : explain SELECT c FROM sbtest4 WHERE id BETWEEN 9805430 AND 9806429 ORDER BY c
	Sort  (cost=3770.25..3772.64 rows=958 width=121)
	  Sort Key: c
	  ->  Bitmap Heap Scan on sbtest4  (cost=34.25..3722.81 rows=958 width=121)
	        Recheck Cond: ((id >= 9805430) AND (id <= 9806429))
	        ->  Bitmap Index Scan on sbtest4_pkey  (cost=0.00..34.02 rows=958 width=0)
	              Index Cond: ((id >= 9805430) AND (id <= 9806429))

table 5 : explain SELECT c FROM sbtest5 WHERE id BETWEEN 9337432 AND 9338431 ORDER BY c
	Sort  (cost=3985.21..3987.74 rows=1014 width=121)
	  Sort Key: c
	  ->  Bitmap Heap Scan on sbtest5  (cost=34.83..3934.58 rows=1014 width=121)
	        Recheck Cond: ((id >= 9337432) AND (id <= 9338431))
	        ->  Bitmap Index Scan on sbtest5_pkey  (cost=0.00..34.58 rows=1014 width=0)
	              Index Cond: ((id >= 9337432) AND (id <= 9338431))

table 6 : explain SELECT c FROM sbtest6 WHERE id BETWEEN 9651932 AND 9652931 ORDER BY c
	Sort  (cost=3829.65..3832.09 rows=975 width=121)
	  Sort Key: c
	  ->  Bitmap Heap Scan on sbtest6  (cost=34.43..3781.25 rows=975 width=121)
	        Recheck Cond: ((id >= 9651932) AND (id <= 9652931))
	        ->  Bitmap Index Scan on sbtest6_pkey  (cost=0.00..34.19 rows=975 width=0)
	              Index Cond: ((id >= 9651932) AND (id <= 9652931))

table 7 : explain SELECT c FROM sbtest7 WHERE id BETWEEN 6658928 AND 6659927 ORDER BY c
	Sort  (cost=3459.67..3461.87 rows=880 width=121)
	  Sort Key: c
	  ->  Bitmap Heap Scan on sbtest7  (cost=29.45..3416.63 rows=880 width=121)
	        Recheck Cond: ((id >= 6658928) AND (id <= 6659927))
	        ->  Bitmap Index Scan on sbtest7_pkey  (cost=0.00..29.23 rows=880 width=0)
	              Index Cond: ((id >= 6658928) AND (id <= 6659927))

table 8 : explain SELECT c FROM sbtest8 WHERE id BETWEEN 1253395 AND 1254394 ORDER BY c
	Sort  (cost=3801.74..3804.16 rows=968 width=121)
	  Sort Key: c
	  ->  Bitmap Heap Scan on sbtest8  (cost=34.36..3753.74 rows=968 width=121)
	        Recheck Cond: ((id >= 1253395) AND (id <= 1254394))
	        ->  Bitmap Index Scan on sbtest8_pkey  (cost=0.00..34.12 rows=968 width=0)
	              Index Cond: ((id >= 1253395) AND (id <= 1254394))

for point_selects
table 1 : explain SELECT c FROM sbtest1 WHERE id=8827519
	Index Scan using sbtest1_pkey on sbtest1  (cost=0.43..8.45 rows=1 width=121)
	  Index Cond: (id = 8827519)

table 2 : explain SELECT c FROM sbtest2 WHERE id=8235438
	Index Scan using sbtest2_pkey on sbtest2  (cost=0.43..8.45 rows=1 width=121)
	  Index Cond: (id = 8235438)

table 3 : explain SELECT c FROM sbtest3 WHERE id=6707249
	Index Scan using sbtest3_pkey on sbtest3  (cost=0.43..8.45 rows=1 width=121)
	  Index Cond: (id = 6707249)

table 4 : explain SELECT c FROM sbtest4 WHERE id=2136361
	Index Scan using sbtest4_pkey on sbtest4  (cost=0.43..8.45 rows=1 width=121)
	  Index Cond: (id = 2136361)

table 5 : explain SELECT c FROM sbtest5 WHERE id=7996119
	Index Scan using sbtest5_pkey on sbtest5  (cost=0.43..8.45 rows=1 width=121)
	  Index Cond: (id = 7996119)

table 6 : explain SELECT c FROM sbtest6 WHERE id=4173491
	Index Scan using sbtest6_pkey on sbtest6  (cost=0.43..8.45 rows=1 width=121)
	  Index Cond: (id = 4173491)

table 7 : explain SELECT c FROM sbtest7 WHERE id=5445714
	Index Scan using sbtest7_pkey on sbtest7  (cost=0.43..8.45 rows=1 width=121)
	  Index Cond: (id = 5445714)

table 8 : explain SELECT c FROM sbtest8 WHERE id=9372849
	Index Scan using sbtest8_pkey on sbtest8  (cost=0.43..8.45 rows=1 width=121)
	  Index Cond: (id = 9372849)

for: order_ranges
table 1 : explain SELECT c FROM sbtest1 WHERE id BETWEEN 8243407 AND 8244406 ORDER BY c
	Sort  (cost=3839.59..3842.04 rows=978 width=121)
	  Sort Key: c
	  ->  Bitmap Heap Scan on sbtest1  (cost=34.46..3791.02 rows=978 width=121)
	        Recheck Cond: ((id >= 8243407) AND (id <= 8244406))
	        ->  Bitmap Index Scan on sbtest1_pkey  (cost=0.00..34.22 rows=978 width=0)
	              Index Cond: ((id >= 8243407) AND (id <= 8244406))

table 2 : explain SELECT c FROM sbtest2 WHERE id BETWEEN 9559482 AND 9560481 ORDER BY c
	Sort  (cost=3541.01..3543.26 rows=901 width=121)
	  Sort Key: c
	  ->  Bitmap Heap Scan on sbtest2  (cost=29.67..3496.79 rows=901 width=121)
	        Recheck Cond: ((id >= 9559482) AND (id <= 9560481))
	        ->  Bitmap Index Scan on sbtest2_pkey  (cost=0.00..29.44 rows=901 width=0)
	              Index Cond: ((id >= 9559482) AND (id <= 9560481))

table 3 : explain SELECT c FROM sbtest3 WHERE id BETWEEN 2491528 AND 2492527 ORDER BY c
	Sort  (cost=3936.20..3938.71 rows=1003 width=121)
	  Sort Key: c
	  ->  Bitmap Heap Scan on sbtest3  (cost=34.72..3886.20 rows=1003 width=121)
	        Recheck Cond: ((id >= 2491528) AND (id <= 2492527))
	        ->  Bitmap Index Scan on sbtest3_pkey  (cost=0.00..34.47 rows=1003 width=0)
	              Index Cond: ((id >= 2491528) AND (id <= 2492527))

table 4 : explain SELECT c FROM sbtest4 WHERE id BETWEEN 7985598 AND 7986597 ORDER BY c
	Sort  (cost=4088.64..4091.24 rows=1041 width=121)
	  Sort Key: c
	  ->  Bitmap Heap Scan on sbtest4  (cost=35.11..4036.47 rows=1041 width=121)
	        Recheck Cond: ((id >= 7985598) AND (id <= 7986597))
	        ->  Bitmap Index Scan on sbtest4_pkey  (cost=0.00..34.84 rows=1041 width=0)
	              Index Cond: ((id >= 7985598) AND (id <= 7986597))

table 5 : explain SELECT c FROM sbtest5 WHERE id BETWEEN 4618084 AND 4619083 ORDER BY c
	Sort  (cost=4360.61..4363.39 rows=1111 width=121)
	  Sort Key: c
	  ->  Bitmap Heap Scan on sbtest5  (cost=39.82..4304.41 rows=1111 width=121)
	        Recheck Cond: ((id >= 4618084) AND (id <= 4619083))
	        ->  Bitmap Index Scan on sbtest5_pkey  (cost=0.00..39.55 rows=1111 width=0)
	              Index Cond: ((id >= 4618084) AND (id <= 4619083))

table 6 : explain SELECT c FROM sbtest6 WHERE id BETWEEN 4982940 AND 4983939 ORDER BY c
	Sort  (cost=3661.02..3663.35 rows=931 width=121)
	  Sort Key: c
	  ->  Bitmap Heap Scan on sbtest6  (cost=33.98..3615.11 rows=931 width=121)
	        Recheck Cond: ((id >= 4982940) AND (id <= 4983939))
	        ->  Bitmap Index Scan on sbtest6_pkey  (cost=0.00..33.75 rows=931 width=0)
	              Index Cond: ((id >= 4982940) AND (id <= 4983939))

table 7 : explain SELECT c FROM sbtest7 WHERE id BETWEEN 5643738 AND 5644737 ORDER BY c
	Sort  (cost=4003.71..4006.27 rows=1021 width=121)
	  Sort Key: c
	  ->  Bitmap Heap Scan on sbtest7  (cost=34.90..3952.69 rows=1021 width=121)
	        Recheck Cond: ((id >= 5643738) AND (id <= 5644737))
	        ->  Bitmap Index Scan on sbtest7_pkey  (cost=0.00..34.65 rows=1021 width=0)
	              Index Cond: ((id >= 5643738) AND (id <= 5644737))

table 8 : explain SELECT c FROM sbtest8 WHERE id BETWEEN 8175469 AND 8176468 ORDER BY c
	Sort  (cost=4054.19..4056.78 rows=1034 width=121)
	  Sort Key: c
	  ->  Bitmap Heap Scan on sbtest8  (cost=35.03..4002.42 rows=1034 width=121)
	        Recheck Cond: ((id >= 8175469) AND (id <= 8176468))
	        ->  Bitmap Index Scan on sbtest8_pkey  (cost=0.00..34.78 rows=1034 width=0)
	              Index Cond: ((id >= 8175469) AND (id <= 8176468))

for point_selects
table 1 : explain SELECT c FROM sbtest1 WHERE id=1314162
	Index Scan using sbtest1_pkey on sbtest1  (cost=0.43..8.45 rows=1 width=121)
	  Index Cond: (id = 1314162)

table 2 : explain SELECT c FROM sbtest2 WHERE id=1350833
	Index Scan using sbtest2_pkey on sbtest2  (cost=0.43..8.45 rows=1 width=121)
	  Index Cond: (id = 1350833)

table 3 : explain SELECT c FROM sbtest3 WHERE id=569100
	Index Scan using sbtest3_pkey on sbtest3  (cost=0.43..8.45 rows=1 width=121)
	  Index Cond: (id = 569100)

table 4 : explain SELECT c FROM sbtest4 WHERE id=5508627
	Index Scan using sbtest4_pkey on sbtest4  (cost=0.43..8.45 rows=1 width=121)
	  Index Cond: (id = 5508627)

table 5 : explain SELECT c FROM sbtest5 WHERE id=813715
	Index Scan using sbtest5_pkey on sbtest5  (cost=0.43..8.45 rows=1 width=121)
	  Index Cond: (id = 813715)

table 6 : explain SELECT c FROM sbtest6 WHERE id=9791080
	Index Scan using sbtest6_pkey on sbtest6  (cost=0.43..8.45 rows=1 width=121)
	  Index Cond: (id = 9791080)

table 7 : explain SELECT c FROM sbtest7 WHERE id=1569908
	Index Scan using sbtest7_pkey on sbtest7  (cost=0.43..8.45 rows=1 width=121)
	  Index Cond: (id = 1569908)

table 8 : explain SELECT c FROM sbtest8 WHERE id=7451735
	Index Scan using sbtest8_pkey on sbtest8  (cost=0.43..8.45 rows=1 width=121)
	  Index Cond: (id = 7451735)

for: simple_ranges
table 1 : explain SELECT c FROM sbtest1 WHERE id BETWEEN 997699 AND 998698
	Bitmap Heap Scan on sbtest1  (cost=34.67..3870.16 rows=999 width=121)
	  Recheck Cond: ((id >= 997699) AND (id <= 998698))
	  ->  Bitmap Index Scan on sbtest1_pkey  (cost=0.00..34.43 rows=999 width=0)
	        Index Cond: ((id >= 997699) AND (id <= 998698))

table 2 : explain SELECT c FROM sbtest2 WHERE id BETWEEN 6228354 AND 6229353
	Bitmap Heap Scan on sbtest2  (cost=34.66..3866.95 rows=998 width=121)
	  Recheck Cond: ((id >= 6228354) AND (id <= 6229353))
	  ->  Bitmap Index Scan on sbtest2_pkey  (cost=0.00..34.42 rows=998 width=0)
	        Index Cond: ((id >= 6228354) AND (id <= 6229353))

table 3 : explain SELECT c FROM sbtest3 WHERE id BETWEEN 2690619 AND 2691618
	Bitmap Heap Scan on sbtest3  (cost=35.11..4029.31 rows=1041 width=121)
	  Recheck Cond: ((id >= 2690619) AND (id <= 2691618))
	  ->  Bitmap Index Scan on sbtest3_pkey  (cost=0.00..34.84 rows=1041 width=0)
	        Index Cond: ((id >= 2690619) AND (id <= 2691618))

table 4 : explain SELECT c FROM sbtest4 WHERE id BETWEEN 1667452 AND 1668451
	Bitmap Heap Scan on sbtest4  (cost=35.24..4085.52 rows=1054 width=121)
	  Recheck Cond: ((id >= 1667452) AND (id <= 1668451))
	  ->  Bitmap Index Scan on sbtest4_pkey  (cost=0.00..34.98 rows=1054 width=0)
	        Index Cond: ((id >= 1667452) AND (id <= 1668451))

table 5 : explain SELECT c FROM sbtest5 WHERE id BETWEEN 8056238 AND 8057237
	Bitmap Heap Scan on sbtest5  (cost=34.46..3798.52 rows=978 width=121)
	  Recheck Cond: ((id >= 8056238) AND (id <= 8057237))
	  ->  Bitmap Index Scan on sbtest5_pkey  (cost=0.00..34.22 rows=978 width=0)
	        Index Cond: ((id >= 8056238) AND (id <= 8057237))

table 6 : explain SELECT c FROM sbtest6 WHERE id BETWEEN 8959010 AND 8960009
	Bitmap Heap Scan on sbtest6  (cost=34.33..3743.51 rows=965 width=121)
	  Recheck Cond: ((id >= 8959010) AND (id <= 8960009))
	  ->  Bitmap Index Scan on sbtest6_pkey  (cost=0.00..34.09 rows=965 width=0)
	        Index Cond: ((id >= 8959010) AND (id <= 8960009))

table 7 : explain SELECT c FROM sbtest7 WHERE id BETWEEN 7842440 AND 7843439
	Bitmap Heap Scan on sbtest7  (cost=34.25..3715.29 rows=958 width=121)
	  Recheck Cond: ((id >= 7842440) AND (id <= 7843439))
	  ->  Bitmap Index Scan on sbtest7_pkey  (cost=0.00..34.02 rows=958 width=0)
	        Index Cond: ((id >= 7842440) AND (id <= 7843439))

table 8 : explain SELECT c FROM sbtest8 WHERE id BETWEEN 7921 AND 8920
	Bitmap Heap Scan on sbtest8  (cost=34.58..3836.69 rows=990 width=121)
	  Recheck Cond: ((id >= 7921) AND (id <= 8920))
	  ->  Bitmap Index Scan on sbtest8_pkey  (cost=0.00..34.34 rows=990 width=0)
	        Index Cond: ((id >= 7921) AND (id <= 8920))

for: simple_ranges
table 1 : explain SELECT c FROM sbtest1 WHERE id BETWEEN 2514068 AND 2515067
	Bitmap Heap Scan on sbtest1  (cost=35.08..4020.76 rows=1039 width=121)
	  Recheck Cond: ((id >= 2514068) AND (id <= 2515067))
	  ->  Bitmap Index Scan on sbtest1_pkey  (cost=0.00..34.83 rows=1039 width=0)
	        Index Cond: ((id >= 2514068) AND (id <= 2515067))

table 2 : explain SELECT c FROM sbtest2 WHERE id BETWEEN 1693780 AND 1694779
	Bitmap Heap Scan on sbtest2  (cost=34.42..3776.47 rows=974 width=121)
	  Recheck Cond: ((id >= 1693780) AND (id <= 1694779))
	  ->  Bitmap Index Scan on sbtest2_pkey  (cost=0.00..34.18 rows=974 width=0)
	        Index Cond: ((id >= 1693780) AND (id <= 1694779))

table 3 : explain SELECT c FROM sbtest3 WHERE id BETWEEN 5988620 AND 5989619
	Bitmap Heap Scan on sbtest3  (cost=35.06..4014.25 rows=1037 width=121)
	  Recheck Cond: ((id >= 5988620) AND (id <= 5989619))
	  ->  Bitmap Index Scan on sbtest3_pkey  (cost=0.00..34.81 rows=1037 width=0)
	        Index Cond: ((id >= 5988620) AND (id <= 5989619))

table 4 : explain SELECT c FROM sbtest4 WHERE id BETWEEN 1624106 AND 1625105
	Bitmap Heap Scan on sbtest4  (cost=35.24..4085.52 rows=1054 width=121)
	  Recheck Cond: ((id >= 1624106) AND (id <= 1625105))
	  ->  Bitmap Index Scan on sbtest4_pkey  (cost=0.00..34.98 rows=1054 width=0)
	        Index Cond: ((id >= 1624106) AND (id <= 1625105))

table 5 : explain SELECT c FROM sbtest5 WHERE id BETWEEN 3793719 AND 3794718
	Bitmap Heap Scan on sbtest5  (cost=35.67..4243.91 rows=1096 width=121)
	  Recheck Cond: ((id >= 3793719) AND (id <= 3794718))
	  ->  Bitmap Index Scan on sbtest5_pkey  (cost=0.00..35.40 rows=1096 width=0)
	        Index Cond: ((id >= 3793719) AND (id <= 3794718))

table 6 : explain SELECT c FROM sbtest6 WHERE id BETWEEN 5397603 AND 5398602
	Bitmap Heap Scan on sbtest6  (cost=34.33..3743.51 rows=965 width=121)
	  Recheck Cond: ((id >= 5397603) AND (id <= 5398602))
	  ->  Bitmap Index Scan on sbtest6_pkey  (cost=0.00..34.09 rows=965 width=0)
	        Index Cond: ((id >= 5397603) AND (id <= 5398602))

table 7 : explain SELECT c FROM sbtest7 WHERE id BETWEEN 9767682 AND 9768681
	Bitmap Heap Scan on sbtest7  (cost=34.37..3756.77 rows=969 width=121)
	  Recheck Cond: ((id >= 9767682) AND (id <= 9768681))
	  ->  Bitmap Index Scan on sbtest7_pkey  (cost=0.00..34.12 rows=969 width=0)
	        Index Cond: ((id >= 9767682) AND (id <= 9768681))

table 8 : explain SELECT c FROM sbtest8 WHERE id BETWEEN 2811560 AND 2812559
	Bitmap Heap Scan on sbtest8  (cost=29.85..3564.74 rows=919 width=121)
	  Recheck Cond: ((id >= 2811560) AND (id <= 2812559))
	  ->  Bitmap Index Scan on sbtest8_pkey  (cost=0.00..29.62 rows=919 width=0)
	        Index Cond: ((id >= 2811560) AND (id <= 2812559))

for: simple_ranges
table 1 : explain SELECT c FROM sbtest1 WHERE id BETWEEN 7910166 AND 7911165
	Bitmap Heap Scan on sbtest1  (cost=29.72..3515.22 rows=906 width=121)
	  Recheck Cond: ((id >= 7910166) AND (id <= 7911165))
	  ->  Bitmap Index Scan on sbtest1_pkey  (cost=0.00..29.50 rows=906 width=0)
	        Index Cond: ((id >= 7910166) AND (id <= 7911165))

table 2 : explain SELECT c FROM sbtest2 WHERE id BETWEEN 4178314 AND 4179313
	Bitmap Heap Scan on sbtest2  (cost=35.49..4171.78 rows=1079 width=121)
	  Recheck Cond: ((id >= 4178314) AND (id <= 4179313))
	  ->  Bitmap Index Scan on sbtest2_pkey  (cost=0.00..35.23 rows=1079 width=0)
	        Index Cond: ((id >= 4178314) AND (id <= 4179313))

table 3 : explain SELECT c FROM sbtest3 WHERE id BETWEEN 9272434 AND 9273433
	Bitmap Heap Scan on sbtest3  (cost=29.80..3546.29 rows=914 width=121)
	  Recheck Cond: ((id >= 9272434) AND (id <= 9273433))
	  ->  Bitmap Index Scan on sbtest3_pkey  (cost=0.00..29.57 rows=914 width=0)
	        Index Cond: ((id >= 9272434) AND (id <= 9273433))

table 4 : explain SELECT c FROM sbtest4 WHERE id BETWEEN 1242516 AND 1243515
	Bitmap Heap Scan on sbtest4  (cost=35.12..4040.24 rows=1042 width=121)
	  Recheck Cond: ((id >= 1242516) AND (id <= 1243515))
	  ->  Bitmap Index Scan on sbtest4_pkey  (cost=0.00..34.86 rows=1042 width=0)
	        Index Cond: ((id >= 1242516) AND (id <= 1243515))

table 5 : explain SELECT c FROM sbtest5 WHERE id BETWEEN 2419697 AND 2420696
	Bitmap Heap Scan on sbtest5  (cost=34.60..3851.45 rows=992 width=121)
	  Recheck Cond: ((id >= 2419697) AND (id <= 2420696))
	  ->  Bitmap Index Scan on sbtest5_pkey  (cost=0.00..34.36 rows=992 width=0)
	        Index Cond: ((id >= 2419697) AND (id <= 2420696))

table 6 : explain SELECT c FROM sbtest6 WHERE id BETWEEN 6972721 AND 6973720
	Bitmap Heap Scan on sbtest6  (cost=34.96..3977.27 rows=1027 width=121)
	  Recheck Cond: ((id >= 6972721) AND (id <= 6973720))
	  ->  Bitmap Index Scan on sbtest6_pkey  (cost=0.00..34.70 rows=1027 width=0)
	        Index Cond: ((id >= 6972721) AND (id <= 6973720))

table 7 : explain SELECT c FROM sbtest7 WHERE id BETWEEN 3139904 AND 3140903
	Bitmap Heap Scan on sbtest7  (cost=34.32..3737.92 rows=964 width=121)
	  Recheck Cond: ((id >= 3139904) AND (id <= 3140903))
	  ->  Bitmap Index Scan on sbtest7_pkey  (cost=0.00..34.08 rows=964 width=0)
	        Index Cond: ((id >= 3139904) AND (id <= 3140903))

table 8 : explain SELECT c FROM sbtest8 WHERE id BETWEEN 4825453 AND 4826452
	Bitmap Heap Scan on sbtest8  (cost=35.28..4092.71 rows=1058 width=121)
	  Recheck Cond: ((id >= 4825453) AND (id <= 4826452))
	  ->  Bitmap Index Scan on sbtest8_pkey  (cost=0.00..35.02 rows=1058 width=0)
	        Index Cond: ((id >= 4825453) AND (id <= 4826452))

for: simple_ranges
table 1 : explain SELECT c FROM sbtest1 WHERE id BETWEEN 399193 AND 400192
	Bitmap Heap Scan on sbtest1  (cost=35.92..4321.38 rows=1120 width=121)
	  Recheck Cond: ((id >= 399193) AND (id <= 400192))
	  ->  Bitmap Index Scan on sbtest1_pkey  (cost=0.00..35.64 rows=1120 width=0)
	        Index Cond: ((id >= 399193) AND (id <= 400192))

table 2 : explain SELECT c FROM sbtest2 WHERE id BETWEEN 5577297 AND 5578296
	Bitmap Heap Scan on sbtest2  (cost=34.92..3961.12 rows=1023 width=121)
	  Recheck Cond: ((id >= 5577297) AND (id <= 5578296))
	  ->  Bitmap Index Scan on sbtest2_pkey  (cost=0.00..34.67 rows=1023 width=0)
	        Index Cond: ((id >= 5577297) AND (id <= 5578296))

table 3 : explain SELECT c FROM sbtest3 WHERE id BETWEEN 8307188 AND 8308187
	Bitmap Heap Scan on sbtest3  (cost=29.92..3587.87 rows=925 width=121)
	  Recheck Cond: ((id >= 8307188) AND (id <= 8308187))
	  ->  Bitmap Index Scan on sbtest3_pkey  (cost=0.00..29.68 rows=925 width=0)
	        Index Cond: ((id >= 8307188) AND (id <= 8308187))

table 4 : explain SELECT c FROM sbtest4 WHERE id BETWEEN 7333525 AND 7334524
	Bitmap Heap Scan on sbtest4  (cost=34.54..3828.72 rows=986 width=121)
	  Recheck Cond: ((id >= 7333525) AND (id <= 7334524))
	  ->  Bitmap Index Scan on sbtest4_pkey  (cost=0.00..34.30 rows=986 width=0)
	        Index Cond: ((id >= 7333525) AND (id <= 7334524))

table 5 : explain SELECT c FROM sbtest5 WHERE id BETWEEN 4646391 AND 4647390
	Bitmap Heap Scan on sbtest5  (cost=39.82..4304.41 rows=1111 width=121)
	  Recheck Cond: ((id >= 4646391) AND (id <= 4647390))
	  ->  Bitmap Index Scan on sbtest5_pkey  (cost=0.00..39.55 rows=1111 width=0)
	        Index Cond: ((id >= 4646391) AND (id <= 4647390))

table 6 : explain SELECT c FROM sbtest6 WHERE id BETWEEN 1786379 AND 1787378
	Bitmap Heap Scan on sbtest6  (cost=34.58..3837.83 rows=990 width=121)
	  Recheck Cond: ((id >= 1786379) AND (id <= 1787378))
	  ->  Bitmap Index Scan on sbtest6_pkey  (cost=0.00..34.34 rows=990 width=0)
	        Index Cond: ((id >= 1786379) AND (id <= 1787378))

table 7 : explain SELECT c FROM sbtest7 WHERE id BETWEEN 8282503 AND 8283502
	Bitmap Heap Scan on sbtest7  (cost=33.97..3609.61 rows=930 width=121)
	  Recheck Cond: ((id >= 8282503) AND (id <= 8283502))
	  ->  Bitmap Index Scan on sbtest7_pkey  (cost=0.00..33.73 rows=930 width=0)
	        Index Cond: ((id >= 8282503) AND (id <= 8283502))

table 8 : explain SELECT c FROM sbtest8 WHERE id BETWEEN 5759058 AND 5760057
	Bitmap Heap Scan on sbtest8  (cost=34.29..3727.33 rows=961 width=121)
	  Recheck Cond: ((id >= 5759058) AND (id <= 5760057))
	  ->  Bitmap Index Scan on sbtest8_pkey  (cost=0.00..34.05 rows=961 width=0)
	        Index Cond: ((id >= 5759058) AND (id <= 5760057))

for: simple_ranges
table 1 : explain SELECT c FROM sbtest1 WHERE id BETWEEN 9364305 AND 9365304
	Bitmap Heap Scan on sbtest1  (cost=34.50..3806.10 rows=982 width=121)
	  Recheck Cond: ((id >= 9364305) AND (id <= 9365304))
	  ->  Bitmap Index Scan on sbtest1_pkey  (cost=0.00..34.26 rows=982 width=0)
	        Index Cond: ((id >= 9364305) AND (id <= 9365304))

table 2 : explain SELECT c FROM sbtest2 WHERE id BETWEEN 6060520 AND 6061519
	Bitmap Heap Scan on sbtest2  (cost=34.36..3753.84 rows=968 width=121)
	  Recheck Cond: ((id >= 6060520) AND (id <= 6061519))
	  ->  Bitmap Index Scan on sbtest2_pkey  (cost=0.00..34.12 rows=968 width=0)
	        Index Cond: ((id >= 6060520) AND (id <= 6061519))

table 3 : explain SELECT c FROM sbtest3 WHERE id BETWEEN 7089959 AND 7090958
	Bitmap Heap Scan on sbtest3  (cost=34.75..3897.50 rows=1006 width=121)
	  Recheck Cond: ((id >= 7089959) AND (id <= 7090958))
	  ->  Bitmap Index Scan on sbtest3_pkey  (cost=0.00..34.50 rows=1006 width=0)
	        Index Cond: ((id >= 7089959) AND (id <= 7090958))

table 4 : explain SELECT c FROM sbtest4 WHERE id BETWEEN 5750383 AND 5751382
	Bitmap Heap Scan on sbtest4  (cost=39.94..4345.76 rows=1122 width=121)
	  Recheck Cond: ((id >= 5750383) AND (id <= 5751382))
	  ->  Bitmap Index Scan on sbtest4_pkey  (cost=0.00..39.66 rows=1122 width=0)
	        Index Cond: ((id >= 5750383) AND (id <= 5751382))

table 5 : explain SELECT c FROM sbtest5 WHERE id BETWEEN 6765858 AND 6766857
	Bitmap Heap Scan on sbtest5  (cost=34.33..3749.34 rows=965 width=121)
	  Recheck Cond: ((id >= 6765858) AND (id <= 6766857))
	  ->  Bitmap Index Scan on sbtest5_pkey  (cost=0.00..34.09 rows=965 width=0)
	        Index Cond: ((id >= 6765858) AND (id <= 6766857))

table 6 : explain SELECT c FROM sbtest6 WHERE id BETWEEN 2194194 AND 2195193
	Bitmap Heap Scan on sbtest6  (cost=34.55..3826.51 rows=987 width=121)
	  Recheck Cond: ((id >= 2194194) AND (id <= 2195193))
	  ->  Bitmap Index Scan on sbtest6_pkey  (cost=0.00..34.31 rows=987 width=0)
	        Index Cond: ((id >= 2194194) AND (id <= 2195193))

table 7 : explain SELECT c FROM sbtest7 WHERE id BETWEEN 5696840 AND 5697839
	Bitmap Heap Scan on sbtest7  (cost=35.00..3990.32 rows=1031 width=121)
	  Recheck Cond: ((id >= 5696840) AND (id <= 5697839))
	  ->  Bitmap Index Scan on sbtest7_pkey  (cost=0.00..34.75 rows=1031 width=0)
	        Index Cond: ((id >= 5696840) AND (id <= 5697839))

table 8 : explain SELECT c FROM sbtest8 WHERE id BETWEEN 2952661 AND 2953660
	Bitmap Heap Scan on sbtest8  (cost=34.22..3704.69 rows=955 width=121)
	  Recheck Cond: ((id >= 2952661) AND (id <= 2953660))
	  ->  Bitmap Index Scan on sbtest8_pkey  (cost=0.00..33.98 rows=955 width=0)
	        Index Cond: ((id >= 2952661) AND (id <= 2953660))

for: order_ranges
table 1 : explain SELECT c FROM sbtest1 WHERE id BETWEEN 9265594 AND 9266593 ORDER BY c
	Sort  (cost=3716.89..3719.26 rows=947 width=121)
	  Sort Key: c
	  ->  Bitmap Heap Scan on sbtest1  (cost=30.14..3670.08 rows=947 width=121)
	        Recheck Cond: ((id >= 9265594) AND (id <= 9266593))
	        ->  Bitmap Index Scan on sbtest1_pkey  (cost=0.00..29.90 rows=947 width=0)
	              Index Cond: ((id >= 9265594) AND (id <= 9266593))

table 2 : explain SELECT c FROM sbtest2 WHERE id BETWEEN 8585260 AND 8586259 ORDER BY c
	Sort  (cost=3954.91..3957.43 rows=1008 width=121)
	  Sort Key: c
	  ->  Bitmap Heap Scan on sbtest2  (cost=34.77..3904.63 rows=1008 width=121)
	        Recheck Cond: ((id >= 8585260) AND (id <= 8586259))
	        ->  Bitmap Index Scan on sbtest2_pkey  (cost=0.00..34.52 rows=1008 width=0)
	              Index Cond: ((id >= 8585260) AND (id <= 8586259))

table 3 : explain SELECT c FROM sbtest3 WHERE id BETWEEN 6737235 AND 6738234 ORDER BY c
	Sort  (cost=4073.84..4076.44 rows=1039 width=121)
	  Sort Key: c
	  ->  Bitmap Heap Scan on sbtest3  (cost=35.08..4021.78 rows=1039 width=121)
	        Recheck Cond: ((id >= 6737235) AND (id <= 6738234))
	        ->  Bitmap Index Scan on sbtest3_pkey  (cost=0.00..34.83 rows=1039 width=0)
	              Index Cond: ((id >= 6737235) AND (id <= 6738234))

table 4 : explain SELECT c FROM sbtest4 WHERE id BETWEEN 807747 AND 808746 ORDER BY c
	Sort  (cost=3643.44..3645.75 rows=925 width=121)
	  Sort Key: c
	  ->  Bitmap Heap Scan on sbtest4  (cost=33.92..3597.86 rows=925 width=121)
	        Recheck Cond: ((id >= 807747) AND (id <= 808746))
	        ->  Bitmap Index Scan on sbtest4_pkey  (cost=0.00..33.69 rows=925 width=0)
	              Index Cond: ((id >= 807747) AND (id <= 808746))

table 5 : explain SELECT c FROM sbtest5 WHERE id BETWEEN 7684619 AND 7685618 ORDER BY c
	Sort  (cost=3681.92..3684.26 rows=935 width=121)
	  Sort Key: c
	  ->  Bitmap Heap Scan on sbtest5  (cost=34.02..3635.79 rows=935 width=121)
	        Recheck Cond: ((id >= 7684619) AND (id <= 7685618))
	        ->  Bitmap Index Scan on sbtest5_pkey  (cost=0.00..33.79 rows=935 width=0)
	              Index Cond: ((id >= 7684619) AND (id <= 7685618))

table 6 : explain SELECT c FROM sbtest6 WHERE id BETWEEN 1631737 AND 1632736 ORDER BY c
	Sort  (cost=3871.77..3874.24 rows=986 width=121)
	  Sort Key: c
	  ->  Bitmap Heap Scan on sbtest6  (cost=34.54..3822.74 rows=986 width=121)
	        Recheck Cond: ((id >= 1631737) AND (id <= 1632736))
	        ->  Bitmap Index Scan on sbtest6_pkey  (cost=0.00..34.30 rows=986 width=0)
	              Index Cond: ((id >= 1631737) AND (id <= 1632736))

table 7 : explain SELECT c FROM sbtest7 WHERE id BETWEEN 3452789 AND 3453788 ORDER BY c
	Sort  (cost=3728.26..3730.63 rows=949 width=121)
	  Sort Key: c
	  ->  Bitmap Heap Scan on sbtest7  (cost=34.16..3681.33 rows=949 width=121)
	        Recheck Cond: ((id >= 3452789) AND (id <= 3453788))
	        ->  Bitmap Index Scan on sbtest7_pkey  (cost=0.00..33.93 rows=949 width=0)
	              Index Cond: ((id >= 3452789) AND (id <= 3453788))

table 8 : explain SELECT c FROM sbtest8 WHERE id BETWEEN 7459784 AND 7460783 ORDER BY c
	Sort  (cost=3713.64..3716.01 rows=945 width=121)
	  Sort Key: c
	  ->  Bitmap Heap Scan on sbtest8  (cost=34.12..3666.94 rows=945 width=121)
	        Recheck Cond: ((id >= 7459784) AND (id <= 7460783))
	        ->  Bitmap Index Scan on sbtest8_pkey  (cost=0.00..33.89 rows=945 width=0)
	              Index Cond: ((id >= 7459784) AND (id <= 7460783))

for: order_ranges
table 1 : explain SELECT c FROM sbtest1 WHERE id BETWEEN 7484904 AND 7485903 ORDER BY c
	Sort  (cost=3900.81..3903.30 rows=994 width=121)
	  Sort Key: c
	  ->  Bitmap Heap Scan on sbtest1  (cost=34.62..3851.32 rows=994 width=121)
	        Recheck Cond: ((id >= 7484904) AND (id <= 7485903))
	        ->  Bitmap Index Scan on sbtest1_pkey  (cost=0.00..34.38 rows=994 width=0)
	              Index Cond: ((id >= 7484904) AND (id <= 7485903))

table 2 : explain SELECT c FROM sbtest2 WHERE id BETWEEN 8947860 AND 8948859 ORDER BY c
	Sort  (cost=3763.55..3765.94 rows=958 width=121)
	  Sort Key: c
	  ->  Bitmap Heap Scan on sbtest2  (cost=34.25..3716.11 rows=958 width=121)
	        Recheck Cond: ((id >= 8947860) AND (id <= 8948859))
	        ->  Bitmap Index Scan on sbtest2_pkey  (cost=0.00..34.02 rows=958 width=0)
	              Index Cond: ((id >= 8947860) AND (id <= 8948859))

table 3 : explain SELECT c FROM sbtest3 WHERE id BETWEEN 4141062 AND 4142061 ORDER BY c
	Sort  (cost=4222.77..4225.47 rows=1078 width=121)
	  Sort Key: c
	  ->  Bitmap Heap Scan on sbtest3  (cost=35.48..4168.47 rows=1078 width=121)
	        Recheck Cond: ((id >= 4141062) AND (id <= 4142061))
	        ->  Bitmap Index Scan on sbtest3_pkey  (cost=0.00..35.22 rows=1078 width=0)
	              Index Cond: ((id >= 4141062) AND (id <= 4142061))

table 4 : explain SELECT c FROM sbtest4 WHERE id BETWEEN 8467444 AND 8468443 ORDER BY c
	Sort  (cost=3785.61..3788.02 rows=962 width=121)
	  Sort Key: c
	  ->  Bitmap Heap Scan on sbtest4  (cost=34.30..3737.95 rows=962 width=121)
	        Recheck Cond: ((id >= 8467444) AND (id <= 8468443))
	        ->  Bitmap Index Scan on sbtest4_pkey  (cost=0.00..34.06 rows=962 width=0)
	              Index Cond: ((id >= 8467444) AND (id <= 8468443))

table 5 : explain SELECT c FROM sbtest5 WHERE id BETWEEN 293896 AND 294895 ORDER BY c
	Sort  (cost=3962.20..3964.72 rows=1008 width=121)
	  Sort Key: c
	  ->  Bitmap Heap Scan on sbtest5  (cost=34.77..3911.91 rows=1008 width=121)
	        Recheck Cond: ((id >= 293896) AND (id <= 294895))
	        ->  Bitmap Index Scan on sbtest5_pkey  (cost=0.00..34.52 rows=1008 width=0)
	              Index Cond: ((id >= 293896) AND (id <= 294895))

table 6 : explain SELECT c FROM sbtest6 WHERE id BETWEEN 5824116 AND 5825115 ORDER BY c
	Sort  (cost=3848.80..3851.25 rows=980 width=121)
	  Sort Key: c
	  ->  Bitmap Heap Scan on sbtest6  (cost=34.48..3800.11 rows=980 width=121)
	        Recheck Cond: ((id >= 5824116) AND (id <= 5825115))
	        ->  Bitmap Index Scan on sbtest6_pkey  (cost=0.00..34.23 rows=980 width=0)
	              Index Cond: ((id >= 5824116) AND (id <= 5825115))

table 7 : explain SELECT c FROM sbtest7 WHERE id BETWEEN 4548173 AND 4549172 ORDER BY c
	Sort  (cost=3992.25..3994.79 rows=1018 width=121)
	  Sort Key: c
	  ->  Bitmap Heap Scan on sbtest7  (cost=34.87..3941.39 rows=1018 width=121)
	        Recheck Cond: ((id >= 4548173) AND (id <= 4549172))
	        ->  Bitmap Index Scan on sbtest7_pkey  (cost=0.00..34.62 rows=1018 width=0)
	              Index Cond: ((id >= 4548173) AND (id <= 4549172))

table 8 : explain SELECT c FROM sbtest8 WHERE id BETWEEN 575601 AND 576600 ORDER BY c
	Sort  (cost=3740.46..3742.84 rows=952 width=121)
	  Sort Key: c
	  ->  Bitmap Heap Scan on sbtest8  (cost=34.19..3693.36 rows=952 width=121)
	        Recheck Cond: ((id >= 575601) AND (id <= 576600))
	        ->  Bitmap Index Scan on sbtest8_pkey  (cost=0.00..33.95 rows=952 width=0)
	              Index Cond: ((id >= 575601) AND (id <= 576600))

for: order_ranges
table 1 : explain SELECT c FROM sbtest1 WHERE id BETWEEN 2474030 AND 2475029 ORDER BY c
	Sort  (cost=4072.82..4075.42 rows=1039 width=121)
	  Sort Key: c
	  ->  Bitmap Heap Scan on sbtest1  (cost=35.08..4020.76 rows=1039 width=121)
	        Recheck Cond: ((id >= 2474030) AND (id <= 2475029))
	        ->  Bitmap Index Scan on sbtest1_pkey  (cost=0.00..34.83 rows=1039 width=0)
	              Index Cond: ((id >= 2474030) AND (id <= 2475029))

table 2 : explain SELECT c FROM sbtest2 WHERE id BETWEEN 2756956 AND 2757955 ORDER BY c
	Sort  (cost=3771.21..3773.61 rows=960 width=121)
	  Sort Key: c
	  ->  Bitmap Heap Scan on sbtest2  (cost=34.28..3723.65 rows=960 width=121)
	        Recheck Cond: ((id >= 2756956) AND (id <= 2757955))
	        ->  Bitmap Index Scan on sbtest2_pkey  (cost=0.00..34.04 rows=960 width=0)
	              Index Cond: ((id >= 2756956) AND (id <= 2757955))

table 3 : explain SELECT c FROM sbtest3 WHERE id BETWEEN 5713516 AND 5714515 ORDER BY c
	Sort  (cost=4356.37..4359.15 rows=1114 width=121)
	  Sort Key: c
	  ->  Bitmap Heap Scan on sbtest3  (cost=35.85..4299.99 rows=1114 width=121)
	        Recheck Cond: ((id >= 5713516) AND (id <= 5714515))
	        ->  Bitmap Index Scan on sbtest3_pkey  (cost=0.00..35.58 rows=1114 width=0)
	              Index Cond: ((id >= 5713516) AND (id <= 5714515))

table 4 : explain SELECT c FROM sbtest4 WHERE id BETWEEN 2221095 AND 2222094 ORDER BY c
	Sort  (cost=3816.33..3818.76 rows=970 width=121)
	  Sort Key: c
	  ->  Bitmap Heap Scan on sbtest4  (cost=34.38..3768.21 rows=970 width=121)
	        Recheck Cond: ((id >= 2221095) AND (id <= 2222094))
	        ->  Bitmap Index Scan on sbtest4_pkey  (cost=0.00..34.14 rows=970 width=0)
	              Index Cond: ((id >= 2221095) AND (id <= 2222094))

table 5 : explain SELECT c FROM sbtest5 WHERE id BETWEEN 9668386 AND 9669385 ORDER BY c
	Sort  (cost=3808.70..3811.12 rows=968 width=121)
	  Sort Key: c
	  ->  Bitmap Heap Scan on sbtest5  (cost=34.36..3760.69 rows=968 width=121)
	        Recheck Cond: ((id >= 9668386) AND (id <= 9669385))
	        ->  Bitmap Index Scan on sbtest5_pkey  (cost=0.00..34.12 rows=968 width=0)
	              Index Cond: ((id >= 9668386) AND (id <= 9669385))

table 6 : explain SELECT c FROM sbtest6 WHERE id BETWEEN 8803546 AND 8804545 ORDER BY c
	Sort  (cost=3806.67..3809.09 rows=969 width=121)
	  Sort Key: c
	  ->  Bitmap Heap Scan on sbtest6  (cost=34.37..3758.61 rows=969 width=121)
	        Recheck Cond: ((id >= 8803546) AND (id <= 8804545))
	        ->  Bitmap Index Scan on sbtest6_pkey  (cost=0.00..34.12 rows=969 width=0)
	              Index Cond: ((id >= 8803546) AND (id <= 8804545))

table 7 : explain SELECT c FROM sbtest7 WHERE id BETWEEN 4348190 AND 4349189 ORDER BY c
	Sort  (cost=4133.57..4136.21 rows=1055 width=121)
	  Sort Key: c
	  ->  Bitmap Heap Scan on sbtest7  (cost=35.25..4080.59 rows=1055 width=121)
	        Recheck Cond: ((id >= 4348190) AND (id <= 4349189))
	        ->  Bitmap Index Scan on sbtest7_pkey  (cost=0.00..34.98 rows=1055 width=0)
	              Index Cond: ((id >= 4348190) AND (id <= 4349189))

table 8 : explain SELECT c FROM sbtest8 WHERE id BETWEEN 4447978 AND 4448977 ORDER BY c
	Sort  (cost=3725.14..3727.51 rows=948 width=121)
	  Sort Key: c
	  ->  Bitmap Heap Scan on sbtest8  (cost=34.15..3678.27 rows=948 width=121)
	        Recheck Cond: ((id >= 4447978) AND (id <= 4448977))
	        ->  Bitmap Index Scan on sbtest8_pkey  (cost=0.00..33.92 rows=948 width=0)
	              Index Cond: ((id >= 4447978) AND (id <= 4448977))

for: order_ranges
table 1 : explain SELECT c FROM sbtest1 WHERE id BETWEEN 5661823 AND 5662822 ORDER BY c
	Sort  (cost=3651.75..3654.07 rows=930 width=121)
	  Sort Key: c
	  ->  Bitmap Heap Scan on sbtest1  (cost=29.97..3605.90 rows=930 width=121)
	        Recheck Cond: ((id >= 5661823) AND (id <= 5662822))
	        ->  Bitmap Index Scan on sbtest1_pkey  (cost=0.00..29.73 rows=930 width=0)
	              Index Cond: ((id >= 5661823) AND (id <= 5662822))

table 2 : explain SELECT c FROM sbtest2 WHERE id BETWEEN 1290052 AND 1291051 ORDER BY c
	Sort  (cost=4153.61..4156.26 rows=1060 width=121)
	  Sort Key: c
	  ->  Bitmap Heap Scan on sbtest2  (cost=35.30..4100.35 rows=1060 width=121)
	        Recheck Cond: ((id >= 1290052) AND (id <= 1291051))
	        ->  Bitmap Index Scan on sbtest2_pkey  (cost=0.00..35.04 rows=1060 width=0)
	              Index Cond: ((id >= 1290052) AND (id <= 1291051))

table 3 : explain SELECT c FROM sbtest3 WHERE id BETWEEN 4120044 AND 4121043 ORDER BY c
	Sort  (cost=4222.77..4225.47 rows=1078 width=121)
	  Sort Key: c
	  ->  Bitmap Heap Scan on sbtest3  (cost=35.48..4168.47 rows=1078 width=121)
	        Recheck Cond: ((id >= 4120044) AND (id <= 4121043))
	        ->  Bitmap Index Scan on sbtest3_pkey  (cost=0.00..35.22 rows=1078 width=0)
	              Index Cond: ((id >= 4120044) AND (id <= 4121043))

table 4 : explain SELECT c FROM sbtest4 WHERE id BETWEEN 7907658 AND 7908657 ORDER BY c
	Sort  (cost=4088.64..4091.24 rows=1041 width=121)
	  Sort Key: c
	  ->  Bitmap Heap Scan on sbtest4  (cost=35.11..4036.47 rows=1041 width=121)
	        Recheck Cond: ((id >= 7907658) AND (id <= 7908657))
	        ->  Bitmap Index Scan on sbtest4_pkey  (cost=0.00..34.84 rows=1041 width=0)
	              Index Cond: ((id >= 7907658) AND (id <= 7908657))

table 5 : explain SELECT c FROM sbtest5 WHERE id BETWEEN 7760459 AND 7761458 ORDER BY c
	Sort  (cost=4375.91..4378.69 rows=1115 width=121)
	  Sort Key: c
	  ->  Bitmap Heap Scan on sbtest5  (cost=39.86..4319.47 rows=1115 width=121)
	        Recheck Cond: ((id >= 7760459) AND (id <= 7761458))
	        ->  Bitmap Index Scan on sbtest5_pkey  (cost=0.00..39.59 rows=1115 width=0)
	              Index Cond: ((id >= 7760459) AND (id <= 7761458))

table 6 : explain SELECT c FROM sbtest6 WHERE id BETWEEN 8783170 AND 8784169 ORDER BY c
	Sort  (cost=3806.67..3809.09 rows=969 width=121)
	  Sort Key: c
	  ->  Bitmap Heap Scan on sbtest6  (cost=34.37..3758.61 rows=969 width=121)
	        Recheck Cond: ((id >= 8783170) AND (id <= 8784169))
	        ->  Bitmap Index Scan on sbtest6_pkey  (cost=0.00..34.12 rows=969 width=0)
	              Index Cond: ((id >= 8783170) AND (id <= 8784169))

table 7 : explain SELECT c FROM sbtest7 WHERE id BETWEEN 5162658 AND 5163657 ORDER BY c
	Sort  (cost=3628.63..3630.94 rows=923 width=121)
	  Sort Key: c
	  ->  Bitmap Heap Scan on sbtest7  (cost=33.90..3583.17 rows=923 width=121)
	        Recheck Cond: ((id >= 5162658) AND (id <= 5163657))
	        ->  Bitmap Index Scan on sbtest7_pkey  (cost=0.00..33.67 rows=923 width=0)
	              Index Cond: ((id >= 5162658) AND (id <= 5163657))

table 8 : explain SELECT c FROM sbtest8 WHERE id BETWEEN 400504 AND 401503 ORDER BY c
	Sort  (cost=3855.34..3857.79 rows=982 width=121)
	  Sort Key: c
	  ->  Bitmap Heap Scan on sbtest8  (cost=34.50..3806.53 rows=982 width=121)
	        Recheck Cond: ((id >= 400504) AND (id <= 401503))
	        ->  Bitmap Index Scan on sbtest8_pkey  (cost=0.00..34.26 rows=982 width=0)
	              Index Cond: ((id >= 400504) AND (id <= 401503))

explain: for point_selects :: explain SELECT c FROM sbtest%u WHERE id=%u
for: sum_ranges
table 1 : explain SELECT SUM(k) FROM sbtest1 WHERE id BETWEEN 4129096 AND 4130095
	Aggregate  (cost=3963.10..3963.11 rows=1 width=8)
	  ->  Bitmap Heap Scan on sbtest1  (cost=34.92..3960.55 rows=1023 width=4)
	        Recheck Cond: ((id >= 4129096) AND (id <= 4130095))
	        ->  Bitmap Index Scan on sbtest1_pkey  (cost=0.00..34.67 rows=1023 width=0)
	              Index Cond: ((id >= 4129096) AND (id <= 4130095))

table 2 : explain SELECT SUM(k) FROM sbtest2 WHERE id BETWEEN 5044051 AND 5045050
	Aggregate  (cost=4039.01..4039.02 rows=1 width=8)
	  ->  Bitmap Heap Scan on sbtest2  (cost=35.13..4036.40 rows=1043 width=4)
	        Recheck Cond: ((id >= 5044051) AND (id <= 5045050))
	        ->  Bitmap Index Scan on sbtest2_pkey  (cost=0.00..34.87 rows=1043 width=0)
	              Index Cond: ((id >= 5044051) AND (id <= 5045050))

table 3 : explain SELECT SUM(k) FROM sbtest3 WHERE id BETWEEN 2967287 AND 2968286
	Aggregate  (cost=3726.44..3726.45 rows=1 width=8)
	  ->  Bitmap Heap Scan on sbtest3  (cost=34.28..3724.04 rows=960 width=4)
	        Recheck Cond: ((id >= 2967287) AND (id <= 2968286))
	        ->  Bitmap Index Scan on sbtest3_pkey  (cost=0.00..34.04 rows=960 width=0)
	              Index Cond: ((id >= 2967287) AND (id <= 2968286))

table 4 : explain SELECT SUM(k) FROM sbtest4 WHERE id BETWEEN 3528400 AND 3529399
	Aggregate  (cost=4031.52..4031.53 rows=1 width=8)
	  ->  Bitmap Heap Scan on sbtest4  (cost=35.08..4028.92 rows=1039 width=4)
	        Recheck Cond: ((id >= 3528400) AND (id <= 3529399))
	        ->  Bitmap Index Scan on sbtest4_pkey  (cost=0.00..34.83 rows=1039 width=0)
	              Index Cond: ((id >= 3528400) AND (id <= 3529399))

table 5 : explain SELECT SUM(k) FROM sbtest5 WHERE id BETWEEN 8779836 AND 8780835
	Aggregate  (cost=3993.80..3993.81 rows=1 width=8)
	  ->  Bitmap Heap Scan on sbtest5  (cost=34.98..3991.22 rows=1029 width=4)
	        Recheck Cond: ((id >= 8779836) AND (id <= 8780835))
	        ->  Bitmap Index Scan on sbtest5_pkey  (cost=0.00..34.73 rows=1029 width=0)
	              Index Cond: ((id >= 8779836) AND (id <= 8780835))

table 6 : explain SELECT SUM(k) FROM sbtest6 WHERE id BETWEEN 184839 AND 185838
	Aggregate  (cost=3976.07..3976.08 rows=1 width=8)
	  ->  Bitmap Heap Scan on sbtest6  (cost=34.95..3973.50 rows=1026 width=4)
	        Recheck Cond: ((id >= 184839) AND (id <= 185838))
	        ->  Bitmap Index Scan on sbtest6_pkey  (cost=0.00..34.70 rows=1026 width=0)
	              Index Cond: ((id >= 184839) AND (id <= 185838))

table 7 : explain SELECT SUM(k) FROM sbtest7 WHERE id BETWEEN 9271475 AND 9272474
	Aggregate  (cost=4030.55..4030.56 rows=1 width=8)
	  ->  Bitmap Heap Scan on sbtest7  (cost=35.11..4027.94 rows=1041 width=4)
	        Recheck Cond: ((id >= 9271475) AND (id <= 9272474))
	        ->  Bitmap Index Scan on sbtest7_pkey  (cost=0.00..34.84 rows=1041 width=0)
	              Index Cond: ((id >= 9271475) AND (id <= 9272474))

table 8 : explain SELECT SUM(k) FROM sbtest8 WHERE id BETWEEN 2223678 AND 2224677
	Aggregate  (cost=4242.03..4242.04 rows=1 width=8)
	  ->  Bitmap Heap Scan on sbtest8  (cost=35.68..4239.28 rows=1097 width=4)
	        Recheck Cond: ((id >= 2223678) AND (id <= 2224677))
	        ->  Bitmap Index Scan on sbtest8_pkey  (cost=0.00..35.41 rows=1097 width=0)
	              Index Cond: ((id >= 2223678) AND (id <= 2224677))

explain: for point_selects :: explain SELECT c FROM sbtest%u WHERE id=%u
for: distinct_ranges
table 1 : explain SELECT DISTINCT c FROM sbtest1 WHERE id BETWEEN 5926024 AND 5927023 ORDER BY c
	Unique  (cost=4217.88..4223.27 rows=1077 width=121)
	  ->  Sort  (cost=4217.88..4220.57 rows=1077 width=121)
	        Sort Key: c
	        ->  Bitmap Heap Scan on sbtest1  (cost=35.47..4163.64 rows=1077 width=121)
	              Recheck Cond: ((id >= 5926024) AND (id <= 5927023))
	              ->  Bitmap Index Scan on sbtest1_pkey  (cost=0.00..35.20 rows=1077 width=0)
	                    Index Cond: ((id >= 5926024) AND (id <= 5927023))

table 2 : explain SELECT DISTINCT c FROM sbtest2 WHERE id BETWEEN 2100506 AND 2101505 ORDER BY c
	Unique  (cost=3809.50..3814.35 rows=970 width=121)
	  ->  Sort  (cost=3809.50..3811.93 rows=970 width=121)
	        Sort Key: c
	        ->  Bitmap Heap Scan on sbtest2  (cost=34.38..3761.38 rows=970 width=121)
	              Recheck Cond: ((id >= 2100506) AND (id <= 2101505))
	              ->  Bitmap Index Scan on sbtest2_pkey  (cost=0.00..34.14 rows=970 width=0)
	                    Index Cond: ((id >= 2100506) AND (id <= 2101505))

table 3 : explain SELECT DISTINCT c FROM sbtest3 WHERE id BETWEEN 9871403 AND 9872402 ORDER BY c
	Unique  (cost=4104.40..4109.64 rows=1047 width=121)
	  ->  Sort  (cost=4104.40..4107.02 rows=1047 width=121)
	        Sort Key: c
	        ->  Bitmap Heap Scan on sbtest3  (cost=35.17..4051.89 rows=1047 width=121)
	              Recheck Cond: ((id >= 9871403) AND (id <= 9872402))
	              ->  Bitmap Index Scan on sbtest3_pkey  (cost=0.00..34.91 rows=1047 width=0)
	                    Index Cond: ((id >= 9871403) AND (id <= 9872402))

table 4 : explain SELECT DISTINCT c FROM sbtest4 WHERE id BETWEEN 4937306 AND 4938305 ORDER BY c
	Unique  (cost=4161.41..4166.71 rows=1060 width=121)
	  ->  Sort  (cost=4161.41..4164.06 rows=1060 width=121)
	        Sort Key: c
	        ->  Bitmap Heap Scan on sbtest4  (cost=35.30..4108.15 rows=1060 width=121)
	              Recheck Cond: ((id >= 4937306) AND (id <= 4938305))
	              ->  Bitmap Index Scan on sbtest4_pkey  (cost=0.00..35.04 rows=1060 width=0)
	                    Index Cond: ((id >= 4937306) AND (id <= 4938305))

table 5 : explain SELECT DISTINCT c FROM sbtest5 WHERE id BETWEEN 235843 AND 236842 ORDER BY c
	Unique  (cost=3962.20..3967.24 rows=1008 width=121)
	  ->  Sort  (cost=3962.20..3964.72 rows=1008 width=121)
	        Sort Key: c
	        ->  Bitmap Heap Scan on sbtest5  (cost=34.77..3911.91 rows=1008 width=121)
	              Recheck Cond: ((id >= 235843) AND (id <= 236842))
	              ->  Bitmap Index Scan on sbtest5_pkey  (cost=0.00..34.52 rows=1008 width=0)
	                    Index Cond: ((id >= 235843) AND (id <= 236842))

table 6 : explain SELECT DISTINCT c FROM sbtest6 WHERE id BETWEEN 4753215 AND 4754214 ORDER BY c
	Unique  (cost=3806.67..3811.51 rows=969 width=121)
	  ->  Sort  (cost=3806.67..3809.09 rows=969 width=121)
	        Sort Key: c
	        ->  Bitmap Heap Scan on sbtest6  (cost=34.37..3758.61 rows=969 width=121)
	              Recheck Cond: ((id >= 4753215) AND (id <= 4754214))
	              ->  Bitmap Index Scan on sbtest6_pkey  (cost=0.00..34.12 rows=969 width=0)
	                    Index Cond: ((id >= 4753215) AND (id <= 4754214))

table 7 : explain SELECT DISTINCT c FROM sbtest7 WHERE id BETWEEN 8431128 AND 8432127 ORDER BY c
	Unique  (cost=3524.92..3529.40 rows=897 width=121)
	  ->  Sort  (cost=3524.92..3527.16 rows=897 width=121)
	        Sort Key: c
	        ->  Bitmap Heap Scan on sbtest7  (cost=29.63..3480.92 rows=897 width=121)
	              Recheck Cond: ((id >= 8431128) AND (id <= 8432127))
	              ->  Bitmap Index Scan on sbtest7_pkey  (cost=0.00..29.40 rows=897 width=0)
	                    Index Cond: ((id >= 8431128) AND (id <= 8432127))

table 8 : explain SELECT DISTINCT c FROM sbtest8 WHERE id BETWEEN 6269115 AND 6270114 ORDER BY c
	Unique  (cost=3702.15..3706.86 rows=942 width=121)
	  ->  Sort  (cost=3702.15..3704.50 rows=942 width=121)
	        Sort Key: c
	        ->  Bitmap Heap Scan on sbtest8  (cost=34.09..3655.62 rows=942 width=121)
	              Recheck Cond: ((id >= 6269115) AND (id <= 6270114))
	              ->  Bitmap Index Scan on sbtest8_pkey  (cost=0.00..33.86 rows=942 width=0)
	                    Index Cond: ((id >= 6269115) AND (id <= 6270114))

for: simple_ranges
table 1 : explain SELECT c FROM sbtest1 WHERE id BETWEEN 7534976 AND 7535975
	Bitmap Heap Scan on sbtest1  (cost=34.62..3851.32 rows=994 width=121)
	  Recheck Cond: ((id >= 7534976) AND (id <= 7535975))
	  ->  Bitmap Index Scan on sbtest1_pkey  (cost=0.00..34.38 rows=994 width=0)
	        Index Cond: ((id >= 7534976) AND (id <= 7535975))

table 2 : explain SELECT c FROM sbtest2 WHERE id BETWEEN 9404983 AND 9405982
	Bitmap Heap Scan on sbtest2  (cost=34.40..3768.93 rows=972 width=121)
	  Recheck Cond: ((id >= 9404983) AND (id <= 9405982))
	  ->  Bitmap Index Scan on sbtest2_pkey  (cost=0.00..34.16 rows=972 width=0)
	        Index Cond: ((id >= 9404983) AND (id <= 9405982))

table 3 : explain SELECT c FROM sbtest3 WHERE id BETWEEN 2505667 AND 2506666
	Bitmap Heap Scan on sbtest3  (cost=34.59..3840.97 rows=991 width=121)
	  Recheck Cond: ((id >= 2505667) AND (id <= 2506666))
	  ->  Bitmap Index Scan on sbtest3_pkey  (cost=0.00..34.34 rows=991 width=0)
	        Index Cond: ((id >= 2505667) AND (id <= 2506666))

table 4 : explain SELECT c FROM sbtest4 WHERE id BETWEEN 4894496 AND 4895495
	Bitmap Heap Scan on sbtest4  (cost=29.80..3552.18 rows=914 width=121)
	  Recheck Cond: ((id >= 4894496) AND (id <= 4895495))
	  ->  Bitmap Index Scan on sbtest4_pkey  (cost=0.00..29.57 rows=914 width=0)
	        Index Cond: ((id >= 4894496) AND (id <= 4895495))

table 5 : explain SELECT c FROM sbtest5 WHERE id BETWEEN 2480839 AND 2481838
	Bitmap Heap Scan on sbtest5  (cost=34.72..3893.02 rows=1003 width=121)
	  Recheck Cond: ((id >= 2480839) AND (id <= 2481838))
	  ->  Bitmap Index Scan on sbtest5_pkey  (cost=0.00..34.47 rows=1003 width=0)
	        Index Cond: ((id >= 2480839) AND (id <= 2481838))

table 6 : explain SELECT c FROM sbtest6 WHERE id BETWEEN 6203938 AND 6204937
	Bitmap Heap Scan on sbtest6  (cost=34.77..3905.68 rows=1008 width=121)
	  Recheck Cond: ((id >= 6203938) AND (id <= 6204937))
	  ->  Bitmap Index Scan on sbtest6_pkey  (cost=0.00..34.52 rows=1008 width=0)
	        Index Cond: ((id >= 6203938) AND (id <= 6204937))

table 7 : explain SELECT c FROM sbtest7 WHERE id BETWEEN 2862897 AND 2863896
	Bitmap Heap Scan on sbtest7  (cost=35.12..4031.71 rows=1042 width=121)
	  Recheck Cond: ((id >= 2862897) AND (id <= 2863896))
	  ->  Bitmap Index Scan on sbtest7_pkey  (cost=0.00..34.86 rows=1042 width=0)
	        Index Cond: ((id >= 2862897) AND (id <= 2863896))

table 8 : explain SELECT c FROM sbtest8 WHERE id BETWEEN 6664424 AND 6665423
	Bitmap Heap Scan on sbtest8  (cost=33.96..3606.52 rows=929 width=121)
	  Recheck Cond: ((id >= 6664424) AND (id <= 6665423))
	  ->  Bitmap Index Scan on sbtest8_pkey  (cost=0.00..33.73 rows=929 width=0)
	        Index Cond: ((id >= 6664424) AND (id <= 6665423))

for: sum_ranges
table 1 : explain SELECT SUM(k) FROM sbtest1 WHERE id BETWEEN 8108240 AND 8109239
	Aggregate  (cost=3793.46..3793.47 rows=1 width=8)
	  ->  Bitmap Heap Scan on sbtest1  (cost=34.46..3791.02 rows=978 width=4)
	        Recheck Cond: ((id >= 8108240) AND (id <= 8109239))
	        ->  Bitmap Index Scan on sbtest1_pkey  (cost=0.00..34.22 rows=978 width=0)
	              Index Cond: ((id >= 8108240) AND (id <= 8109239))

table 2 : explain SELECT SUM(k) FROM sbtest2 WHERE id BETWEEN 6317957 AND 6318956
	Aggregate  (cost=4001.35..4001.36 rows=1 width=8)
	  ->  Bitmap Heap Scan on sbtest2  (cost=35.02..3998.77 rows=1033 width=4)
	        Recheck Cond: ((id >= 6317957) AND (id <= 6318956))
	        ->  Bitmap Index Scan on sbtest2_pkey  (cost=0.00..34.77 rows=1033 width=0)
	              Index Cond: ((id >= 6317957) AND (id <= 6318956))

table 3 : explain SELECT SUM(k) FROM sbtest3 WHERE id BETWEEN 7647345 AND 7648344
	Aggregate  (cost=4058.27..4058.28 rows=1 width=8)
	  ->  Bitmap Heap Scan on sbtest3  (cost=35.18..4055.65 rows=1048 width=4)
	        Recheck Cond: ((id >= 7647345) AND (id <= 7648344))
	        ->  Bitmap Index Scan on sbtest3_pkey  (cost=0.00..34.92 rows=1048 width=0)
	              Index Cond: ((id >= 7647345) AND (id <= 7648344))

table 4 : explain SELECT SUM(k) FROM sbtest4 WHERE id BETWEEN 2415748 AND 2416747
	Aggregate  (cost=3778.21..3778.22 rows=1 width=8)
	  ->  Bitmap Heap Scan on sbtest4  (cost=34.40..3775.78 rows=972 width=4)
	        Recheck Cond: ((id >= 2415748) AND (id <= 2416747))
	        ->  Bitmap Index Scan on sbtest4_pkey  (cost=0.00..34.16 rows=972 width=0)
	              Index Cond: ((id >= 2415748) AND (id <= 2416747))

table 5 : explain SELECT SUM(k) FROM sbtest5 WHERE id BETWEEN 7007096 AND 7008095
	Aggregate  (cost=3835.02..3835.03 rows=1 width=8)
	  ->  Bitmap Heap Scan on sbtest5  (cost=34.55..3832.55 rows=987 width=4)
	        Recheck Cond: ((id >= 7007096) AND (id <= 7008095))
	        ->  Bitmap Index Scan on sbtest5_pkey  (cost=0.00..34.31 rows=987 width=0)
	              Index Cond: ((id >= 7007096) AND (id <= 7008095))

table 6 : explain SELECT SUM(k) FROM sbtest6 WHERE id BETWEEN 370546 AND 371545
	Aggregate  (cost=3960.99..3961.00 rows=1 width=8)
	  ->  Bitmap Heap Scan on sbtest6  (cost=34.91..3958.43 rows=1022 width=4)
	        Recheck Cond: ((id >= 370546) AND (id <= 371545))
	        ->  Bitmap Index Scan on sbtest6_pkey  (cost=0.00..34.66 rows=1022 width=0)
	              Index Cond: ((id >= 370546) AND (id <= 371545))

table 7 : explain SELECT SUM(k) FROM sbtest7 WHERE id BETWEEN 5714373 AND 5715372
	Aggregate  (cost=3992.90..3992.91 rows=1 width=8)
	  ->  Bitmap Heap Scan on sbtest7  (cost=35.00..3990.32 rows=1031 width=4)
	        Recheck Cond: ((id >= 5714373) AND (id <= 5715372))
	        ->  Bitmap Index Scan on sbtest7_pkey  (cost=0.00..34.75 rows=1031 width=0)
	              Index Cond: ((id >= 5714373) AND (id <= 5715372))

table 8 : explain SELECT SUM(k) FROM sbtest8 WHERE id BETWEEN 5275252 AND 5276251
	Aggregate  (cost=4069.01..4069.02 rows=1 width=8)
	  ->  Bitmap Heap Scan on sbtest8  (cost=35.21..4066.38 rows=1051 width=4)
	        Recheck Cond: ((id >= 5275252) AND (id <= 5276251))
	        ->  Bitmap Index Scan on sbtest8_pkey  (cost=0.00..34.95 rows=1051 width=0)
	              Index Cond: ((id >= 5275252) AND (id <= 5276251))

for: distinct_ranges
table 1 : explain SELECT DISTINCT c FROM sbtest1 WHERE id BETWEEN 5360956 AND 5361955 ORDER BY c
	Unique  (cost=4477.32..4483.05 rows=1145 width=121)
	  ->  Sort  (cost=4477.32..4480.18 rows=1145 width=121)
	        Sort Key: c
	        ->  Bitmap Heap Scan on sbtest1  (cost=40.17..4419.15 rows=1145 width=121)
	              Recheck Cond: ((id >= 5360956) AND (id <= 5361955))
	              ->  Bitmap Index Scan on sbtest1_pkey  (cost=0.00..39.89 rows=1145 width=0)
	                    Index Cond: ((id >= 5360956) AND (id <= 5361955))

table 2 : explain SELECT DISTINCT c FROM sbtest2 WHERE id BETWEEN 9176220 AND 9177219 ORDER BY c
	Unique  (cost=4332.93..4338.47 rows=1107 width=121)
	  ->  Sort  (cost=4332.93..4335.70 rows=1107 width=121)
	        Sort Key: c
	        ->  Bitmap Heap Scan on sbtest2  (cost=35.78..4276.96 rows=1107 width=121)
	              Recheck Cond: ((id >= 9176220) AND (id <= 9177219))
	              ->  Bitmap Index Scan on sbtest2_pkey  (cost=0.00..35.51 rows=1107 width=0)
	                    Index Cond: ((id >= 9176220) AND (id <= 9177219))

table 3 : explain SELECT DISTINCT c FROM sbtest3 WHERE id BETWEEN 7333968 AND 7334967 ORDER BY c
	Unique  (cost=3625.77..3630.38 rows=923 width=121)
	  ->  Sort  (cost=3625.77..3628.08 rows=923 width=121)
	        Sort Key: c
	        ->  Bitmap Heap Scan on sbtest3  (cost=29.90..3580.31 rows=923 width=121)
	              Recheck Cond: ((id >= 7333968) AND (id <= 7334967))
	              ->  Bitmap Index Scan on sbtest3_pkey  (cost=0.00..29.66 rows=923 width=0)
	                    Index Cond: ((id >= 7333968) AND (id <= 7334967))

table 4 : explain SELECT DISTINCT c FROM sbtest4 WHERE id BETWEEN 4368222 AND 4369221 ORDER BY c
	Unique  (cost=4356.73..4362.28 rows=1110 width=121)
	  ->  Sort  (cost=4356.73..4359.50 rows=1110 width=121)
	        Sort Key: c
	        ->  Bitmap Heap Scan on sbtest4  (cost=39.81..4300.58 rows=1110 width=121)
	              Recheck Cond: ((id >= 4368222) AND (id <= 4369221))
	              ->  Bitmap Index Scan on sbtest4_pkey  (cost=0.00..39.54 rows=1110 width=0)
	                    Index Cond: ((id >= 4368222) AND (id <= 4369221))

table 5 : explain SELECT DISTINCT c FROM sbtest5 WHERE id BETWEEN 6440500 AND 6441499 ORDER BY c
	Unique  (cost=4107.85..4113.08 rows=1046 width=121)
	  ->  Sort  (cost=4107.85..4110.47 rows=1046 width=121)
	        Sort Key: c
	        ->  Bitmap Heap Scan on sbtest5  (cost=35.16..4055.39 rows=1046 width=121)
	              Recheck Cond: ((id >= 6440500) AND (id <= 6441499))
	              ->  Bitmap Index Scan on sbtest5_pkey  (cost=0.00..34.90 rows=1046 width=0)
	                    Index Cond: ((id >= 6440500) AND (id <= 6441499))

table 6 : explain SELECT DISTINCT c FROM sbtest6 WHERE id BETWEEN 6696714 AND 6697713 ORDER BY c
	Unique  (cost=3672.52..3677.19 rows=934 width=121)
	  ->  Sort  (cost=3672.52..3674.86 rows=934 width=121)
	        Sort Key: c
	        ->  Bitmap Heap Scan on sbtest6  (cost=34.01..3626.44 rows=934 width=121)
	              Recheck Cond: ((id >= 6696714) AND (id <= 6697713))
	              ->  Bitmap Index Scan on sbtest6_pkey  (cost=0.00..33.78 rows=934 width=0)
	                    Index Cond: ((id >= 6696714) AND (id <= 6697713))

table 7 : explain SELECT DISTINCT c FROM sbtest7 WHERE id BETWEEN 1625755 AND 1626754 ORDER BY c
	Unique  (cost=3911.97..3916.95 rows=997 width=121)
	  ->  Sort  (cost=3911.97..3914.46 rows=997 width=121)
	        Sort Key: c
	        ->  Bitmap Heap Scan on sbtest7  (cost=34.65..3862.31 rows=997 width=121)
	              Recheck Cond: ((id >= 1625755) AND (id <= 1626754))
	              ->  Bitmap Index Scan on sbtest7_pkey  (cost=0.00..34.41 rows=997 width=0)
	                    Index Cond: ((id >= 1625755) AND (id <= 1626754))

table 8 : explain SELECT DISTINCT c FROM sbtest8 WHERE id BETWEEN 6089335 AND 6090334 ORDER BY c
	Unique  (cost=3878.30..3883.24 rows=988 width=121)
	  ->  Sort  (cost=3878.30..3880.77 rows=988 width=121)
	        Sort Key: c
	        ->  Bitmap Heap Scan on sbtest8  (cost=34.56..3829.15 rows=988 width=121)
	              Recheck Cond: ((id >= 6089335) AND (id <= 6090334))
	              ->  Bitmap Index Scan on sbtest8_pkey  (cost=0.00..34.32 rows=988 width=0)
	                    Index Cond: ((id >= 6089335) AND (id <= 6090334))

explain: for point_selects :: explain SELECT c FROM sbtest%u WHERE id=%u
explain: for point_selects :: explain SELECT c FROM sbtest%u WHERE id=%u
explain: for point_selects :: explain SELECT c FROM sbtest%u WHERE id=%u
for: order_ranges
table 1 : explain SELECT c FROM sbtest1 WHERE id BETWEEN 5836658 AND 5837657 ORDER BY c
	Sort  (cost=3598.07..3600.36 rows=916 width=121)
	  Sort Key: c
	  ->  Bitmap Heap Scan on sbtest1  (cost=29.82..3553.01 rows=916 width=121)
	        Recheck Cond: ((id >= 5836658) AND (id <= 5837657))
	        ->  Bitmap Index Scan on sbtest1_pkey  (cost=0.00..29.59 rows=916 width=0)
	              Index Cond: ((id >= 5836658) AND (id <= 5837657))

table 2 : explain SELECT c FROM sbtest2 WHERE id BETWEEN 1590288 AND 1591287 ORDER BY c
	Sort  (cost=3851.61..3854.07 rows=981 width=121)
	  Sort Key: c
	  ->  Bitmap Heap Scan on sbtest2  (cost=34.49..3802.87 rows=981 width=121)
	        Recheck Cond: ((id >= 1590288) AND (id <= 1591287))
	        ->  Bitmap Index Scan on sbtest2_pkey  (cost=0.00..34.25 rows=981 width=0)
	              Index Cond: ((id >= 1590288) AND (id <= 1591287))

table 3 : explain SELECT c FROM sbtest3 WHERE id BETWEEN 2586035 AND 2587034 ORDER BY c
	Sort  (cost=3890.28..3892.76 rows=991 width=121)
	  Sort Key: c
	  ->  Bitmap Heap Scan on sbtest3  (cost=34.59..3840.97 rows=991 width=121)
	        Recheck Cond: ((id >= 2586035) AND (id <= 2587034))
	        ->  Bitmap Index Scan on sbtest3_pkey  (cost=0.00..34.34 rows=991 width=0)
	              Index Cond: ((id >= 2586035) AND (id <= 2587034))

table 4 : explain SELECT c FROM sbtest4 WHERE id BETWEEN 3423251 AND 3424250 ORDER BY c
	Sort  (cost=4249.45..4252.16 rows=1083 width=121)
	  Sort Key: c
	  ->  Bitmap Heap Scan on sbtest4  (cost=35.54..4194.87 rows=1083 width=121)
	        Recheck Cond: ((id >= 3423251) AND (id <= 3424250))
	        ->  Bitmap Index Scan on sbtest4_pkey  (cost=0.00..35.27 rows=1083 width=0)
	              Index Cond: ((id >= 3423251) AND (id <= 3424250))

table 5 : explain SELECT c FROM sbtest5 WHERE id BETWEEN 550140 AND 551139 ORDER BY c
	Sort  (cost=4100.19..4102.80 rows=1044 width=121)
	  Sort Key: c
	  ->  Bitmap Heap Scan on sbtest5  (cost=35.14..4047.84 rows=1044 width=121)
	        Recheck Cond: ((id >= 550140) AND (id <= 551139))
	        ->  Bitmap Index Scan on sbtest5_pkey  (cost=0.00..34.88 rows=1044 width=0)
	              Index Cond: ((id >= 550140) AND (id <= 551139))

table 6 : explain SELECT c FROM sbtest6 WHERE id BETWEEN 8434477 AND 8435476 ORDER BY c
	Sort  (cost=3672.52..3674.86 rows=934 width=121)
	  Sort Key: c
	  ->  Bitmap Heap Scan on sbtest6  (cost=34.01..3626.44 rows=934 width=121)
	        Recheck Cond: ((id >= 8434477) AND (id <= 8435476))
	        ->  Bitmap Index Scan on sbtest6_pkey  (cost=0.00..33.78 rows=934 width=0)
	              Index Cond: ((id >= 8434477) AND (id <= 8435476))

table 7 : explain SELECT c FROM sbtest7 WHERE id BETWEEN 419554 AND 420553 ORDER BY c
	Sort  (cost=4499.77..4502.65 rows=1151 width=121)
	  Sort Key: c
	  ->  Bitmap Heap Scan on sbtest7  (cost=40.23..4441.25 rows=1151 width=121)
	        Recheck Cond: ((id >= 419554) AND (id <= 420553))
	        ->  Bitmap Index Scan on sbtest7_pkey  (cost=0.00..39.95 rows=1151 width=0)
	              Index Cond: ((id >= 419554) AND (id <= 420553))

table 8 : explain SELECT c FROM sbtest8 WHERE id BETWEEN 9726931 AND 9727930 ORDER BY c
	Sort  (cost=3709.81..3712.17 rows=944 width=121)
	  Sort Key: c
	  ->  Bitmap Heap Scan on sbtest8  (cost=34.11..3663.17 rows=944 width=121)
	        Recheck Cond: ((id >= 9726931) AND (id <= 9727930))
	        ->  Bitmap Index Scan on sbtest8_pkey  (cost=0.00..33.88 rows=944 width=0)
	              Index Cond: ((id >= 9726931) AND (id <= 9727930))

for: sum_ranges
table 1 : explain SELECT SUM(k) FROM sbtest1 WHERE id BETWEEN 8925945 AND 8926944
	Aggregate  (cost=4222.72..4222.73 rows=1 width=8)
	  ->  Bitmap Heap Scan on sbtest1  (cost=35.63..4219.99 rows=1092 width=4)
	        Recheck Cond: ((id >= 8925945) AND (id <= 8926944))
	        ->  Bitmap Index Scan on sbtest1_pkey  (cost=0.00..35.36 rows=1092 width=0)
	              Index Cond: ((id >= 8925945) AND (id <= 8926944))

table 2 : explain SELECT SUM(k) FROM sbtest2 WHERE id BETWEEN 1829832 AND 1830831
	Aggregate  (cost=3876.99..3877.00 rows=1 width=8)
	  ->  Bitmap Heap Scan on sbtest2  (cost=34.69..3874.49 rows=1000 width=4)
	        Recheck Cond: ((id >= 1829832) AND (id <= 1830831))
	        ->  Bitmap Index Scan on sbtest2_pkey  (cost=0.00..34.44 rows=1000 width=0)
	              Index Cond: ((id >= 1829832) AND (id <= 1830831))

table 3 : explain SELECT SUM(k) FROM sbtest3 WHERE id BETWEEN 4618229 AND 4619228
	Aggregate  (cost=4005.54..4005.55 rows=1 width=8)
	  ->  Bitmap Heap Scan on sbtest3  (cost=35.03..4002.96 rows=1034 width=4)
	        Recheck Cond: ((id >= 4618229) AND (id <= 4619228))
	        ->  Bitmap Index Scan on sbtest3_pkey  (cost=0.00..34.78 rows=1034 width=0)
	              Index Cond: ((id >= 4618229) AND (id <= 4619228))

table 4 : explain SELECT SUM(k) FROM sbtest4 WHERE id BETWEEN 3236712 AND 3237711
	Aggregate  (cost=4012.63..4012.64 rows=1 width=8)
	  ->  Bitmap Heap Scan on sbtest4  (cost=35.03..4010.05 rows=1034 width=4)
	        Recheck Cond: ((id >= 3236712) AND (id <= 3237711))
	        ->  Bitmap Index Scan on sbtest4_pkey  (cost=0.00..34.78 rows=1034 width=0)
	              Index Cond: ((id >= 3236712) AND (id <= 3237711))

table 5 : explain SELECT SUM(k) FROM sbtest5 WHERE id BETWEEN 5832084 AND 5833083
	Aggregate  (cost=3626.75..3626.76 rows=1 width=8)
	  ->  Bitmap Heap Scan on sbtest5  (cost=33.99..3624.42 rows=932 width=4)
	        Recheck Cond: ((id >= 5832084) AND (id <= 5833083))
	        ->  Bitmap Index Scan on sbtest5_pkey  (cost=0.00..33.76 rows=932 width=0)
	              Index Cond: ((id >= 5832084) AND (id <= 5833083))

table 6 : explain SELECT SUM(k) FROM sbtest6 WHERE id BETWEEN 5090520 AND 5091519
	Aggregate  (cost=3753.48..3753.49 rows=1 width=8)
	  ->  Bitmap Heap Scan on sbtest6  (cost=34.35..3751.06 rows=967 width=4)
	        Recheck Cond: ((id >= 5090520) AND (id <= 5091519))
	        ->  Bitmap Index Scan on sbtest6_pkey  (cost=0.00..34.11 rows=967 width=0)
	              Index Cond: ((id >= 5090520) AND (id <= 5091519))

table 7 : explain SELECT SUM(k) FROM sbtest7 WHERE id BETWEEN 2417 AND 3416
	Aggregate  (cost=3543.68..3543.69 rows=1 width=8)
	  ->  Bitmap Heap Scan on sbtest7  (cost=29.79..3541.39 rows=913 width=4)
	        Recheck Cond: ((id >= 2417) AND (id <= 3416))
	        ->  Bitmap Index Scan on sbtest7_pkey  (cost=0.00..29.57 rows=913 width=0)
	              Index Cond: ((id >= 2417) AND (id <= 3416))

table 8 : explain SELECT SUM(k) FROM sbtest8 WHERE id BETWEEN 9448401 AND 9449400
	Aggregate  (cost=4275.85..4275.86 rows=1 width=8)
	  ->  Bitmap Heap Scan on sbtest8  (cost=35.77..4273.08 rows=1106 width=4)
	        Recheck Cond: ((id >= 9448401) AND (id <= 9449400))
	        ->  Bitmap Index Scan on sbtest8_pkey  (cost=0.00..35.50 rows=1106 width=0)
	              Index Cond: ((id >= 9448401) AND (id <= 9449400))

for: distinct_ranges
table 1 : explain SELECT DISTINCT c FROM sbtest1 WHERE id BETWEEN 6229828 AND 6230827 ORDER BY c
	Unique  (cost=4004.05..4009.15 rows=1021 width=121)
	  ->  Sort  (cost=4004.05..4006.60 rows=1021 width=121)
	        Sort Key: c
	        ->  Bitmap Heap Scan on sbtest1  (cost=34.90..3953.02 rows=1021 width=121)
	              Recheck Cond: ((id >= 6229828) AND (id <= 6230827))
	              ->  Bitmap Index Scan on sbtest1_pkey  (cost=0.00..34.65 rows=1021 width=0)
	                    Index Cond: ((id >= 6229828) AND (id <= 6230827))

table 2 : explain SELECT DISTINCT c FROM sbtest2 WHERE id BETWEEN 6579514 AND 6580513 ORDER BY c
	Unique  (cost=3786.53..3791.35 rows=964 width=121)
	  ->  Sort  (cost=3786.53..3788.94 rows=964 width=121)
	        Sort Key: c
	        ->  Bitmap Heap Scan on sbtest2  (cost=34.32..3738.75 rows=964 width=121)
	              Recheck Cond: ((id >= 6579514) AND (id <= 6580513))
	              ->  Bitmap Index Scan on sbtest2_pkey  (cost=0.00..34.08 rows=964 width=0)
	                    Index Cond: ((id >= 6579514) AND (id <= 6580513))

table 3 : explain SELECT DISTINCT c FROM sbtest3 WHERE id BETWEEN 4385388 AND 4386387 ORDER BY c
	Unique  (cost=3859.66..3864.58 rows=983 width=121)
	  ->  Sort  (cost=3859.66..3862.12 rows=983 width=121)
	        Sort Key: c
	        ->  Bitmap Heap Scan on sbtest3  (cost=34.51..3810.80 rows=983 width=121)
	              Recheck Cond: ((id >= 4385388) AND (id <= 4386387))
	              ->  Bitmap Index Scan on sbtest3_pkey  (cost=0.00..34.27 rows=983 width=0)
	                    Index Cond: ((id >= 4385388) AND (id <= 4386387))

table 4 : explain SELECT DISTINCT c FROM sbtest4 WHERE id BETWEEN 8913968 AND 8914967 ORDER BY c
	Unique  (cost=4123.12..4128.37 rows=1050 width=121)
	  ->  Sort  (cost=4123.12..4125.74 rows=1050 width=121)
	        Sort Key: c
	        ->  Bitmap Heap Scan on sbtest4  (cost=35.20..4070.43 rows=1050 width=121)
	              Recheck Cond: ((id >= 8913968) AND (id <= 8914967))
	              ->  Bitmap Index Scan on sbtest4_pkey  (cost=0.00..34.94 rows=1050 width=0)
	                    Index Cond: ((id >= 8913968) AND (id <= 8914967))

table 5 : explain SELECT DISTINCT c FROM sbtest5 WHERE id BETWEEN 4983771 AND 4984770 ORDER BY c
	Unique  (cost=4161.47..4166.77 rows=1060 width=121)
	  ->  Sort  (cost=4161.47..4164.12 rows=1060 width=121)
	        Sort Key: c
	        ->  Bitmap Heap Scan on sbtest5  (cost=35.30..4108.21 rows=1060 width=121)
	              Recheck Cond: ((id >= 4983771) AND (id <= 4984770))
	              ->  Bitmap Index Scan on sbtest5_pkey  (cost=0.00..35.04 rows=1060 width=0)
	                    Index Cond: ((id >= 4983771) AND (id <= 4984770))

table 6 : explain SELECT DISTINCT c FROM sbtest6 WHERE id BETWEEN 4473513 AND 4474512 ORDER BY c
	Unique  (cost=4066.87..4072.05 rows=1037 width=121)
	  ->  Sort  (cost=4066.87..4069.46 rows=1037 width=121)
	        Sort Key: c
	        ->  Bitmap Heap Scan on sbtest6  (cost=35.06..4014.92 rows=1037 width=121)
	              Recheck Cond: ((id >= 4473513) AND (id <= 4474512))
	              ->  Bitmap Index Scan on sbtest6_pkey  (cost=0.00..34.81 rows=1037 width=0)
	                    Index Cond: ((id >= 4473513) AND (id <= 4474512))

table 7 : explain SELECT DISTINCT c FROM sbtest7 WHERE id BETWEEN 9141531 AND 9142530 ORDER BY c
	Unique  (cost=4267.10..4272.55 rows=1090 width=121)
	  ->  Sort  (cost=4267.10..4269.83 rows=1090 width=121)
	        Sort Key: c
	        ->  Bitmap Heap Scan on sbtest7  (cost=35.61..4212.11 rows=1090 width=121)
	              Recheck Cond: ((id >= 9141531) AND (id <= 9142530))
	              ->  Bitmap Index Scan on sbtest7_pkey  (cost=0.00..35.34 rows=1090 width=0)
	                    Index Cond: ((id >= 9141531) AND (id <= 9142530))

table 8 : explain SELECT DISTINCT c FROM sbtest8 WHERE id BETWEEN 1969137 AND 1970136 ORDER BY c
	Unique  (cost=4012.15..4017.27 rows=1023 width=121)
	  ->  Sort  (cost=4012.15..4014.71 rows=1023 width=121)
	        Sort Key: c
	        ->  Bitmap Heap Scan on sbtest8  (cost=34.92..3961.01 rows=1023 width=121)
	              Recheck Cond: ((id >= 1969137) AND (id <= 1970136))
	              ->  Bitmap Index Scan on sbtest8_pkey  (cost=0.00..34.67 rows=1023 width=0)
	                    Index Cond: ((id >= 1969137) AND (id <= 1970136))

explain: for point_selects :: explain SELECT c FROM sbtest%u WHERE id=%u
for: sum_ranges
table 1 : explain SELECT SUM(k) FROM sbtest1 WHERE id BETWEEN 4122951 AND 4123950
	Aggregate  (cost=3963.10..3963.11 rows=1 width=8)
	  ->  Bitmap Heap Scan on sbtest1  (cost=34.92..3960.55 rows=1023 width=4)
	        Recheck Cond: ((id >= 4122951) AND (id <= 4123950))
	        ->  Bitmap Index Scan on sbtest1_pkey  (cost=0.00..34.67 rows=1023 width=0)
	              Index Cond: ((id >= 4122951) AND (id <= 4123950))

table 2 : explain SELECT SUM(k) FROM sbtest2 WHERE id BETWEEN 5929456 AND 5930455
	Aggregate  (cost=4298.54..4298.55 rows=1 width=8)
	  ->  Bitmap Heap Scan on sbtest2  (cost=35.84..4295.76 rows=1113 width=4)
	        Recheck Cond: ((id >= 5929456) AND (id <= 5930455))
	        ->  Bitmap Index Scan on sbtest2_pkey  (cost=0.00..35.57 rows=1113 width=0)
	              Index Cond: ((id >= 5929456) AND (id <= 5930455))

table 3 : explain SELECT SUM(k) FROM sbtest3 WHERE id BETWEEN 1701049 AND 1702048
	Aggregate  (cost=3971.64..3971.65 rows=1 width=8)
	  ->  Bitmap Heap Scan on sbtest3  (cost=34.94..3969.07 rows=1025 width=4)
	        Recheck Cond: ((id >= 1701049) AND (id <= 1702048))
	        ->  Bitmap Index Scan on sbtest3_pkey  (cost=0.00..34.69 rows=1025 width=0)
	              Index Cond: ((id >= 1701049) AND (id <= 1702048))

table 4 : explain SELECT SUM(k) FROM sbtest4 WHERE id BETWEEN 1529202 AND 1530201
	Aggregate  (cost=3918.16..3918.17 rows=1 width=8)
	  ->  Bitmap Heap Scan on sbtest4  (cost=34.78..3915.64 rows=1009 width=4)
	        Recheck Cond: ((id >= 1529202) AND (id <= 1530201))
	        ->  Bitmap Index Scan on sbtest4_pkey  (cost=0.00..34.53 rows=1009 width=0)
	              Index Cond: ((id >= 1529202) AND (id <= 1530201))

table 5 : explain SELECT SUM(k) FROM sbtest5 WHERE id BETWEEN 2793509 AND 2794508
	Aggregate  (cost=3581.06..3581.07 rows=1 width=8)
	  ->  Bitmap Heap Scan on sbtest5  (cost=29.88..3578.75 rows=921 width=4)
	        Recheck Cond: ((id >= 2793509) AND (id <= 2794508))
	        ->  Bitmap Index Scan on sbtest5_pkey  (cost=0.00..29.64 rows=921 width=0)
	              Index Cond: ((id >= 2793509) AND (id <= 2794508))

table 6 : explain SELECT SUM(k) FROM sbtest6 WHERE id BETWEEN 6773616 AND 6774615
	Aggregate  (cost=4149.31..4149.32 rows=1 width=8)
	  ->  Bitmap Heap Scan on sbtest6  (cost=35.42..4146.63 rows=1072 width=4)
	        Recheck Cond: ((id >= 6773616) AND (id <= 6774615))
	        ->  Bitmap Index Scan on sbtest6_pkey  (cost=0.00..35.16 rows=1072 width=0)
	              Index Cond: ((id >= 6773616) AND (id <= 6774615))

table 7 : explain SELECT SUM(k) FROM sbtest7 WHERE id BETWEEN 1981041 AND 1982040
	Aggregate  (cost=3834.64..3834.65 rows=1 width=8)
	  ->  Bitmap Heap Scan on sbtest7  (cost=34.57..3832.17 rows=989 width=4)
	        Recheck Cond: ((id >= 1981041) AND (id <= 1982040))
	        ->  Bitmap Index Scan on sbtest7_pkey  (cost=0.00..34.33 rows=989 width=0)
	              Index Cond: ((id >= 1981041) AND (id <= 1982040))

table 8 : explain SELECT SUM(k) FROM sbtest8 WHERE id BETWEEN 8793585 AND 8794584
	Aggregate  (cost=3937.19..3937.20 rows=1 width=8)
	  ->  Bitmap Heap Scan on sbtest8  (cost=34.85..3934.65 rows=1016 width=4)
	        Recheck Cond: ((id >= 8793585) AND (id <= 8794584))
	        ->  Bitmap Index Scan on sbtest8_pkey  (cost=0.00..34.59 rows=1016 width=0)
	              Index Cond: ((id >= 8793585) AND (id <= 8794584))

for: distinct_ranges
table 1 : explain SELECT DISTINCT c FROM sbtest1 WHERE id BETWEEN 5250518 AND 5251517 ORDER BY c
	Unique  (cost=3774.51..3779.32 rows=961 width=121)
	  ->  Sort  (cost=3774.51..3776.92 rows=961 width=121)
	        Sort Key: c
	        ->  Bitmap Heap Scan on sbtest1  (cost=34.29..3726.90 rows=961 width=121)
	              Recheck Cond: ((id >= 5250518) AND (id <= 5251517))
	              ->  Bitmap Index Scan on sbtest1_pkey  (cost=0.00..34.05 rows=961 width=0)
	                    Index Cond: ((id >= 5250518) AND (id <= 5251517))

table 2 : explain SELECT DISTINCT c FROM sbtest2 WHERE id BETWEEN 4845600 AND 4846599 ORDER BY c
	Unique  (cost=3798.02..3802.85 rows=967 width=121)
	  ->  Sort  (cost=3798.02..3800.43 rows=967 width=121)
	        Sort Key: c
	        ->  Bitmap Heap Scan on sbtest2  (cost=34.35..3750.06 rows=967 width=121)
	              Recheck Cond: ((id >= 4845600) AND (id <= 4846599))
	              ->  Bitmap Index Scan on sbtest2_pkey  (cost=0.00..34.11 rows=967 width=0)
	                    Index Cond: ((id >= 4845600) AND (id <= 4846599))

table 3 : explain SELECT DISTINCT c FROM sbtest3 WHERE id BETWEEN 8760130 AND 8761129 ORDER BY c
	Unique  (cost=3717.95..3722.68 rows=946 width=121)
	  ->  Sort  (cost=3717.95..3720.31 rows=946 width=121)
	        Sort Key: c
	        ->  Bitmap Heap Scan on sbtest3  (cost=34.13..3671.19 rows=946 width=121)
	              Recheck Cond: ((id >= 8760130) AND (id <= 8761129))
	              ->  Bitmap Index Scan on sbtest3_pkey  (cost=0.00..33.90 rows=946 width=0)
	                    Index Cond: ((id >= 8760130) AND (id <= 8761129))

table 4 : explain SELECT DISTINCT c FROM sbtest4 WHERE id BETWEEN 1408815 AND 1409814 ORDER BY c
	Unique  (cost=3589.44..3594.00 rows=912 width=121)
	  ->  Sort  (cost=3589.44..3591.72 rows=912 width=121)
	        Sort Key: c
	        ->  Bitmap Heap Scan on sbtest4  (cost=29.78..3544.60 rows=912 width=121)
	              Recheck Cond: ((id >= 1408815) AND (id <= 1409814))
	              ->  Bitmap Index Scan on sbtest4_pkey  (cost=0.00..29.55 rows=912 width=0)
	                    Index Cond: ((id >= 1408815) AND (id <= 1409814))

table 5 : explain SELECT DISTINCT c FROM sbtest5 WHERE id BETWEEN 1082222 AND 1083221 ORDER BY c
	Unique  (cost=3824.06..3828.92 rows=972 width=121)
	  ->  Sort  (cost=3824.06..3826.49 rows=972 width=121)
	        Sort Key: c
	        ->  Bitmap Heap Scan on sbtest5  (cost=34.40..3775.82 rows=972 width=121)
	              Recheck Cond: ((id >= 1082222) AND (id <= 1083221))
	              ->  Bitmap Index Scan on sbtest5_pkey  (cost=0.00..34.16 rows=972 width=0)
	                    Index Cond: ((id >= 1082222) AND (id <= 1083221))

table 6 : explain SELECT DISTINCT c FROM sbtest6 WHERE id BETWEEN 693980 AND 694979 ORDER BY c
	Unique  (cost=3703.20..3707.91 rows=942 width=121)
	  ->  Sort  (cost=3703.20..3705.55 rows=942 width=121)
	        Sort Key: c
	        ->  Bitmap Heap Scan on sbtest6  (cost=34.09..3656.67 rows=942 width=121)
	              Recheck Cond: ((id >= 693980) AND (id <= 694979))
	              ->  Bitmap Index Scan on sbtest6_pkey  (cost=0.00..33.86 rows=942 width=0)
	                    Index Cond: ((id >= 693980) AND (id <= 694979))

table 7 : explain SELECT DISTINCT c FROM sbtest7 WHERE id BETWEEN 9528554 AND 9529553 ORDER BY c
	Unique  (cost=3938.73..3943.75 rows=1004 width=121)
	  ->  Sort  (cost=3938.73..3941.24 rows=1004 width=121)
	        Sort Key: c
	        ->  Bitmap Heap Scan on sbtest7  (cost=34.73..3888.68 rows=1004 width=121)
	              Recheck Cond: ((id >= 9528554) AND (id <= 9529553))
	              ->  Bitmap Index Scan on sbtest7_pkey  (cost=0.00..34.48 rows=1004 width=0)
	                    Index Cond: ((id >= 9528554) AND (id <= 9529553))

table 8 : explain SELECT DISTINCT c FROM sbtest8 WHERE id BETWEEN 1828224 AND 1829223 ORDER BY c
	Unique  (cost=3855.34..3860.25 rows=982 width=121)
	  ->  Sort  (cost=3855.34..3857.79 rows=982 width=121)
	        Sort Key: c
	        ->  Bitmap Heap Scan on sbtest8  (cost=34.50..3806.53 rows=982 width=121)
	              Recheck Cond: ((id >= 1828224) AND (id <= 1829223))
	              ->  Bitmap Index Scan on sbtest8_pkey  (cost=0.00..34.26 rows=982 width=0)
	                    Index Cond: ((id >= 1828224) AND (id <= 1829223))

for: order_ranges
table 1 : explain SELECT c FROM sbtest1 WHERE id BETWEEN 1264463 AND 1265462 ORDER BY c
	Sort  (cost=4107.19..4109.81 rows=1048 width=121)
	  Sort Key: c
	  ->  Bitmap Heap Scan on sbtest1  (cost=35.18..4054.62 rows=1048 width=121)
	        Recheck Cond: ((id >= 1264463) AND (id <= 1265462))
	        ->  Bitmap Index Scan on sbtest1_pkey  (cost=0.00..34.92 rows=1048 width=0)
	              Index Cond: ((id >= 1264463) AND (id <= 1265462))

table 2 : explain SELECT c FROM sbtest2 WHERE id BETWEEN 5379396 AND 5380395 ORDER BY c
	Sort  (cost=3874.58..3877.04 rows=987 width=121)
	  Sort Key: c
	  ->  Bitmap Heap Scan on sbtest2  (cost=34.55..3825.49 rows=987 width=121)
	        Recheck Cond: ((id >= 5379396) AND (id <= 5380395))
	        ->  Bitmap Index Scan on sbtest2_pkey  (cost=0.00..34.31 rows=987 width=0)
	              Index Cond: ((id >= 5379396) AND (id <= 5380395))

table 3 : explain SELECT c FROM sbtest3 WHERE id BETWEEN 8851074 AND 8852073 ORDER BY c
	Sort  (cost=4104.40..4107.02 rows=1047 width=121)
	  Sort Key: c
	  ->  Bitmap Heap Scan on sbtest3  (cost=35.17..4051.89 rows=1047 width=121)
	        Recheck Cond: ((id >= 8851074) AND (id <= 8852073))
	        ->  Bitmap Index Scan on sbtest3_pkey  (cost=0.00..34.91 rows=1047 width=0)
	              Index Cond: ((id >= 8851074) AND (id <= 8852073))

table 4 : explain SELECT c FROM sbtest4 WHERE id BETWEEN 361274 AND 362273 ORDER BY c
	Sort  (cost=4046.49..4049.07 rows=1030 width=121)
	  Sort Key: c
	  ->  Bitmap Heap Scan on sbtest4  (cost=34.99..3994.95 rows=1030 width=121)
	        Recheck Cond: ((id >= 361274) AND (id <= 362273))
	        ->  Bitmap Index Scan on sbtest4_pkey  (cost=0.00..34.73 rows=1030 width=0)
	              Index Cond: ((id >= 361274) AND (id <= 362273))

table 5 : explain SELECT c FROM sbtest5 WHERE id BETWEEN 175830 AND 176829 ORDER BY c
	Sort  (cost=4058.04..4060.62 rows=1033 width=121)
	  Sort Key: c
	  ->  Bitmap Heap Scan on sbtest5  (cost=35.02..4006.33 rows=1033 width=121)
	        Recheck Cond: ((id >= 175830) AND (id <= 176829))
	        ->  Bitmap Index Scan on sbtest5_pkey  (cost=0.00..34.77 rows=1033 width=0)
	              Index Cond: ((id >= 175830) AND (id <= 176829))

table 6 : explain SELECT c FROM sbtest6 WHERE id BETWEEN 603588 AND 604587 ORDER BY c
	Sort  (cost=3848.80..3851.25 rows=980 width=121)
	  Sort Key: c
	  ->  Bitmap Heap Scan on sbtest6  (cost=34.48..3800.11 rows=980 width=121)
	        Recheck Cond: ((id >= 603588) AND (id <= 604587))
	        ->  Bitmap Index Scan on sbtest6_pkey  (cost=0.00..34.23 rows=980 width=0)
	              Index Cond: ((id >= 603588) AND (id <= 604587))

table 7 : explain SELECT c FROM sbtest7 WHERE id BETWEEN 8963765 AND 8964764 ORDER BY c
	Sort  (cost=4141.21..4143.85 rows=1057 width=121)
	  Sort Key: c
	  ->  Bitmap Heap Scan on sbtest7  (cost=35.27..4088.11 rows=1057 width=121)
	        Recheck Cond: ((id >= 8963765) AND (id <= 8964764))
	        ->  Bitmap Index Scan on sbtest7_pkey  (cost=0.00..35.01 rows=1057 width=0)
	              Index Cond: ((id >= 8963765) AND (id <= 8964764))

table 8 : explain SELECT c FROM sbtest8 WHERE id BETWEEN 3154330 AND 3155329 ORDER BY c
	Sort  (cost=3813.23..3815.66 rows=971 width=121)
	  Sort Key: c
	  ->  Bitmap Heap Scan on sbtest8  (cost=34.39..3765.05 rows=971 width=121)
	        Recheck Cond: ((id >= 3154330) AND (id <= 3155329))
	        ->  Bitmap Index Scan on sbtest8_pkey  (cost=0.00..34.15 rows=971 width=0)
	              Index Cond: ((id >= 3154330) AND (id <= 3155329))

for: distinct_ranges
table 1 : explain SELECT DISTINCT c FROM sbtest1 WHERE id BETWEEN 1067052 AND 1068051 ORDER BY c
	Unique  (cost=3919.94..3924.93 rows=999 width=121)
	  ->  Sort  (cost=3919.94..3922.43 rows=999 width=121)
	        Sort Key: c
	        ->  Bitmap Heap Scan on sbtest1  (cost=34.67..3870.16 rows=999 width=121)
	              Recheck Cond: ((id >= 1067052) AND (id <= 1068051))
	              ->  Bitmap Index Scan on sbtest1_pkey  (cost=0.00..34.43 rows=999 width=0)
	                    Index Cond: ((id >= 1067052) AND (id <= 1068051))

table 2 : explain SELECT DISTINCT c FROM sbtest2 WHERE id BETWEEN 7851960 AND 7852959 ORDER BY c
	Unique  (cost=3916.66..3921.65 rows=998 width=121)
	  ->  Sort  (cost=3916.66..3919.16 rows=998 width=121)
	        Sort Key: c
	        ->  Bitmap Heap Scan on sbtest2  (cost=34.66..3866.95 rows=998 width=121)
	              Recheck Cond: ((id >= 7851960) AND (id <= 7852959))
	              ->  Bitmap Index Scan on sbtest2_pkey  (cost=0.00..34.42 rows=998 width=0)
	                    Index Cond: ((id >= 7851960) AND (id <= 7852959))

table 3 : explain SELECT DISTINCT c FROM sbtest3 WHERE id BETWEEN 9945553 AND 9946552 ORDER BY c
	Unique  (cost=3982.10..3987.17 rows=1015 width=121)
	  ->  Sort  (cost=3982.10..3984.63 rows=1015 width=121)
	        Sort Key: c
	        ->  Bitmap Heap Scan on sbtest3  (cost=34.84..3931.41 rows=1015 width=121)
	              Recheck Cond: ((id >= 9945553) AND (id <= 9946552))
	              ->  Bitmap Index Scan on sbtest3_pkey  (cost=0.00..34.59 rows=1015 width=0)
	                    Index Cond: ((id >= 9945553) AND (id <= 9946552))

table 4 : explain SELECT DISTINCT c FROM sbtest4 WHERE id BETWEEN 8831023 AND 8832022 ORDER BY c
	Unique  (cost=3793.29..3798.11 rows=964 width=121)
	  ->  Sort  (cost=3793.29..3795.70 rows=964 width=121)
	        Sort Key: c
	        ->  Bitmap Heap Scan on sbtest4  (cost=34.32..3745.51 rows=964 width=121)
	              Recheck Cond: ((id >= 8831023) AND (id <= 8832022))
	              ->  Bitmap Index Scan on sbtest4_pkey  (cost=0.00..34.08 rows=964 width=0)
	                    Index Cond: ((id >= 8831023) AND (id <= 8832022))

table 5 : explain SELECT DISTINCT c FROM sbtest5 WHERE id BETWEEN 5413598 AND 5414597 ORDER BY c
	Unique  (cost=3904.66..3909.62 rows=993 width=121)
	  ->  Sort  (cost=3904.66..3907.14 rows=993 width=121)
	        Sort Key: c
	        ->  Bitmap Heap Scan on sbtest5  (cost=34.61..3855.23 rows=993 width=121)
	              Recheck Cond: ((id >= 5413598) AND (id <= 5414597))
	              ->  Bitmap Index Scan on sbtest5_pkey  (cost=0.00..34.37 rows=993 width=0)
	                    Index Cond: ((id >= 5413598) AND (id <= 5414597))

table 6 : explain SELECT DISTINCT c FROM sbtest6 WHERE id BETWEEN 5426273 AND 5427272 ORDER BY c
	Unique  (cost=3810.50..3815.35 rows=970 width=121)
	  ->  Sort  (cost=3810.50..3812.92 rows=970 width=121)
	        Sort Key: c
	        ->  Bitmap Heap Scan on sbtest6  (cost=34.38..3762.38 rows=970 width=121)
	              Recheck Cond: ((id >= 5426273) AND (id <= 5427272))
	              ->  Bitmap Index Scan on sbtest6_pkey  (cost=0.00..34.14 rows=970 width=0)
	                    Index Cond: ((id >= 5426273) AND (id <= 5427272))

table 7 : explain SELECT DISTINCT c FROM sbtest7 WHERE id BETWEEN 7939538 AND 7940537 ORDER BY c
	Unique  (cost=3421.28..3425.63 rows=870 width=121)
	  ->  Sort  (cost=3421.28..3423.45 rows=870 width=121)
	        Sort Key: c
	        ->  Bitmap Heap Scan on sbtest7  (cost=29.35..3378.80 rows=870 width=121)
	              Recheck Cond: ((id >= 7939538) AND (id <= 7940537))
	              ->  Bitmap Index Scan on sbtest7_pkey  (cost=0.00..29.14 rows=870 width=0)
	                    Index Cond: ((id >= 7939538) AND (id <= 7940537))

table 8 : explain SELECT DISTINCT c FROM sbtest8 WHERE id BETWEEN 9177680 AND 9178679 ORDER BY c
	Unique  (cost=3981.57..3986.65 rows=1015 width=121)
	  ->  Sort  (cost=3981.57..3984.11 rows=1015 width=121)
	        Sort Key: c
	        ->  Bitmap Heap Scan on sbtest8  (cost=34.84..3930.89 rows=1015 width=121)
	              Recheck Cond: ((id >= 9177680) AND (id <= 9178679))
	              ->  Bitmap Index Scan on sbtest8_pkey  (cost=0.00..34.59 rows=1015 width=0)
	                    Index Cond: ((id >= 9177680) AND (id <= 9178679))

for point_selects
table 1 : explain SELECT c FROM sbtest1 WHERE id=8387351
	Index Scan using sbtest1_pkey on sbtest1  (cost=0.43..8.45 rows=1 width=121)
	  Index Cond: (id = 8387351)

table 2 : explain SELECT c FROM sbtest2 WHERE id=1424004
	Index Scan using sbtest2_pkey on sbtest2  (cost=0.43..8.45 rows=1 width=121)
	  Index Cond: (id = 1424004)

table 3 : explain SELECT c FROM sbtest3 WHERE id=329758
	Index Scan using sbtest3_pkey on sbtest3  (cost=0.43..8.45 rows=1 width=121)
	  Index Cond: (id = 329758)

table 4 : explain SELECT c FROM sbtest4 WHERE id=6579265
	Index Scan using sbtest4_pkey on sbtest4  (cost=0.43..8.45 rows=1 width=121)
	  Index Cond: (id = 6579265)

table 5 : explain SELECT c FROM sbtest5 WHERE id=9520854
	Index Scan using sbtest5_pkey on sbtest5  (cost=0.43..8.45 rows=1 width=121)
	  Index Cond: (id = 9520854)

table 6 : explain SELECT c FROM sbtest6 WHERE id=3308397
	Index Scan using sbtest6_pkey on sbtest6  (cost=0.43..8.45 rows=1 width=121)
	  Index Cond: (id = 3308397)

table 7 : explain SELECT c FROM sbtest7 WHERE id=1674993
	Index Scan using sbtest7_pkey on sbtest7  (cost=0.43..8.45 rows=1 width=121)
	  Index Cond: (id = 1674993)

table 8 : explain SELECT c FROM sbtest8 WHERE id=9545671
	Index Scan using sbtest8_pkey on sbtest8  (cost=0.43..8.45 rows=1 width=121)
	  Index Cond: (id = 9545671)

for point_selects
table 1 : explain SELECT c FROM sbtest1 WHERE id=4118872
	Index Scan using sbtest1_pkey on sbtest1  (cost=0.43..8.45 rows=1 width=121)
	  Index Cond: (id = 4118872)

table 2 : explain SELECT c FROM sbtest2 WHERE id=401512
	Index Scan using sbtest2_pkey on sbtest2  (cost=0.43..8.45 rows=1 width=121)
	  Index Cond: (id = 401512)

table 3 : explain SELECT c FROM sbtest3 WHERE id=8291552
	Index Scan using sbtest3_pkey on sbtest3  (cost=0.43..8.45 rows=1 width=121)
	  Index Cond: (id = 8291552)

table 4 : explain SELECT c FROM sbtest4 WHERE id=7781525
	Index Scan using sbtest4_pkey on sbtest4  (cost=0.43..8.45 rows=1 width=121)
	  Index Cond: (id = 7781525)

table 5 : explain SELECT c FROM sbtest5 WHERE id=3749376
	Index Scan using sbtest5_pkey on sbtest5  (cost=0.43..8.45 rows=1 width=121)
	  Index Cond: (id = 3749376)

table 6 : explain SELECT c FROM sbtest6 WHERE id=3949395
	Index Scan using sbtest6_pkey on sbtest6  (cost=0.43..8.45 rows=1 width=121)
	  Index Cond: (id = 3949395)

table 7 : explain SELECT c FROM sbtest7 WHERE id=185532
	Index Scan using sbtest7_pkey on sbtest7  (cost=0.43..8.45 rows=1 width=121)
	  Index Cond: (id = 185532)

table 8 : explain SELECT c FROM sbtest8 WHERE id=7111377
	Index Scan using sbtest8_pkey on sbtest8  (cost=0.43..8.45 rows=1 width=121)
	  Index Cond: (id = 7111377)

for: distinct_ranges
table 1 : explain SELECT DISTINCT c FROM sbtest1 WHERE id BETWEEN 96181 AND 97180 ORDER BY c
	Unique  (cost=3923.76..3928.76 rows=1000 width=121)
	  ->  Sort  (cost=3923.76..3926.26 rows=1000 width=121)
	        Sort Key: c
	        ->  Bitmap Heap Scan on sbtest1  (cost=34.69..3873.93 rows=1000 width=121)
	              Recheck Cond: ((id >= 96181) AND (id <= 97180))
	              ->  Bitmap Index Scan on sbtest1_pkey  (cost=0.00..34.44 rows=1000 width=0)
	                    Index Cond: ((id >= 96181) AND (id <= 97180))

table 2 : explain SELECT DISTINCT c FROM sbtest2 WHERE id BETWEEN 5666914 AND 5667913 ORDER BY c
	Unique  (cost=4123.06..4128.32 rows=1052 width=121)
	  ->  Sort  (cost=4123.06..4125.69 rows=1052 width=121)
	        Sort Key: c
	        ->  Bitmap Heap Scan on sbtest2  (cost=35.22..4070.26 rows=1052 width=121)
	              Recheck Cond: ((id >= 5666914) AND (id <= 5667913))
	              ->  Bitmap Index Scan on sbtest2_pkey  (cost=0.00..34.95 rows=1052 width=0)
	                    Index Cond: ((id >= 5666914) AND (id <= 5667913))

table 3 : explain SELECT DISTINCT c FROM sbtest3 WHERE id BETWEEN 6362071 AND 6363070 ORDER BY c
	Unique  (cost=3783.08..3787.90 rows=963 width=121)
	  ->  Sort  (cost=3783.08..3785.49 rows=963 width=121)
	        Sort Key: c
	        ->  Bitmap Heap Scan on sbtest3  (cost=34.31..3735.36 rows=963 width=121)
	              Recheck Cond: ((id >= 6362071) AND (id <= 6363070))
	              ->  Bitmap Index Scan on sbtest3_pkey  (cost=0.00..34.07 rows=963 width=0)
	                    Index Cond: ((id >= 6362071) AND (id <= 6363070))

table 4 : explain SELECT DISTINCT c FROM sbtest4 WHERE id BETWEEN 107378 AND 108377 ORDER BY c
	Unique  (cost=3674.19..3678.86 rows=933 width=121)
	  ->  Sort  (cost=3674.19..3676.52 rows=933 width=121)
	        Sort Key: c
	        ->  Bitmap Heap Scan on sbtest4  (cost=34.00..3628.17 rows=933 width=121)
	              Recheck Cond: ((id >= 107378) AND (id <= 108377))
	              ->  Bitmap Index Scan on sbtest4_pkey  (cost=0.00..33.77 rows=933 width=0)
	                    Index Cond: ((id >= 107378) AND (id <= 108377))

table 5 : explain SELECT DISTINCT c FROM sbtest5 WHERE id BETWEEN 7093792 AND 7094791 ORDER BY c
	Unique  (cost=3881.64..3886.57 rows=987 width=121)
	  ->  Sort  (cost=3881.64..3884.10 rows=987 width=121)
	        Sort Key: c
	        ->  Bitmap Heap Scan on sbtest5  (cost=34.55..3832.55 rows=987 width=121)
	              Recheck Cond: ((id >= 7093792) AND (id <= 7094791))
	              ->  Bitmap Index Scan on sbtest5_pkey  (cost=0.00..34.31 rows=987 width=0)
	                    Index Cond: ((id >= 7093792) AND (id <= 7094791))

table 6 : explain SELECT DISTINCT c FROM sbtest6 WHERE id BETWEEN 6988227 AND 6989226 ORDER BY c
	Unique  (cost=4028.64..4033.77 rows=1027 width=121)
	  ->  Sort  (cost=4028.64..4031.21 rows=1027 width=121)
	        Sort Key: c
	        ->  Bitmap Heap Scan on sbtest6  (cost=34.96..3977.27 rows=1027 width=121)
	              Recheck Cond: ((id >= 6988227) AND (id <= 6989226))
	              ->  Bitmap Index Scan on sbtest6_pkey  (cost=0.00..34.70 rows=1027 width=0)
	                    Index Cond: ((id >= 6988227) AND (id <= 6989226))

table 7 : explain SELECT DISTINCT c FROM sbtest7 WHERE id BETWEEN 3624339 AND 3625338 ORDER BY c
	Unique  (cost=4145.02..4150.31 rows=1058 width=121)
	  ->  Sort  (cost=4145.02..4147.67 rows=1058 width=121)
	        Sort Key: c
	        ->  Bitmap Heap Scan on sbtest7  (cost=35.28..4091.87 rows=1058 width=121)
	              Recheck Cond: ((id >= 3624339) AND (id <= 3625338))
	              ->  Bitmap Index Scan on sbtest7_pkey  (cost=0.00..35.02 rows=1058 width=0)
	                    Index Cond: ((id >= 3624339) AND (id <= 3625338))

table 8 : explain SELECT DISTINCT c FROM sbtest8 WHERE id BETWEEN 5058330 AND 5059329 ORDER BY c
	Unique  (cost=4103.85..4109.09 rows=1047 width=121)
	  ->  Sort  (cost=4103.85..4106.47 rows=1047 width=121)
	        Sort Key: c
	        ->  Bitmap Heap Scan on sbtest8  (cost=35.17..4051.34 rows=1047 width=121)
	              Recheck Cond: ((id >= 5058330) AND (id <= 5059329))
	              ->  Bitmap Index Scan on sbtest8_pkey  (cost=0.00..34.91 rows=1047 width=0)
	                    Index Cond: ((id >= 5058330) AND (id <= 5059329))

for: distinct_ranges
table 1 : explain SELECT DISTINCT c FROM sbtest1 WHERE id BETWEEN 4122501 AND 4123500 ORDER BY c
	Unique  (cost=4011.69..4016.80 rows=1023 width=121)
	  ->  Sort  (cost=4011.69..4014.25 rows=1023 width=121)
	        Sort Key: c
	        ->  Bitmap Heap Scan on sbtest1  (cost=34.92..3960.55 rows=1023 width=121)
	              Recheck Cond: ((id >= 4122501) AND (id <= 4123500))
	              ->  Bitmap Index Scan on sbtest1_pkey  (cost=0.00..34.67 rows=1023 width=0)
	                    Index Cond: ((id >= 4122501) AND (id <= 4123500))

table 2 : explain SELECT DISTINCT c FROM sbtest2 WHERE id BETWEEN 2069535 AND 2070534 ORDER BY c
	Unique  (cost=3809.50..3814.35 rows=970 width=121)
	  ->  Sort  (cost=3809.50..3811.93 rows=970 width=121)
	        Sort Key: c
	        ->  Bitmap Heap Scan on sbtest2  (cost=34.38..3761.38 rows=970 width=121)
	              Recheck Cond: ((id >= 2069535) AND (id <= 2070534))
	              ->  Bitmap Index Scan on sbtest2_pkey  (cost=0.00..34.14 rows=970 width=0)
	                    Index Cond: ((id >= 2069535) AND (id <= 2070534))

table 3 : explain SELECT DISTINCT c FROM sbtest3 WHERE id BETWEEN 1530466 AND 1531465 ORDER BY c
	Unique  (cost=3966.80..3971.85 rows=1011 width=121)
	  ->  Sort  (cost=3966.80..3969.33 rows=1011 width=121)
	        Sort Key: c
	        ->  Bitmap Heap Scan on sbtest3  (cost=34.80..3916.34 rows=1011 width=121)
	              Recheck Cond: ((id >= 1530466) AND (id <= 1531465))
	              ->  Bitmap Index Scan on sbtest3_pkey  (cost=0.00..34.55 rows=1011 width=0)
	                    Index Cond: ((id >= 1530466) AND (id <= 1531465))

table 4 : explain SELECT DISTINCT c FROM sbtest4 WHERE id BETWEEN 5079486 AND 5080485 ORDER BY c
	Unique  (cost=3850.88..3855.78 rows=979 width=121)
	  ->  Sort  (cost=3850.88..3853.33 rows=979 width=121)
	        Sort Key: c
	        ->  Bitmap Heap Scan on sbtest4  (cost=34.47..3802.25 rows=979 width=121)
	              Recheck Cond: ((id >= 5079486) AND (id <= 5080485))
	              ->  Bitmap Index Scan on sbtest4_pkey  (cost=0.00..34.23 rows=979 width=0)
	                    Index Cond: ((id >= 5079486) AND (id <= 5080485))

table 5 : explain SELECT DISTINCT c FROM sbtest5 WHERE id BETWEEN 1013596 AND 1014595 ORDER BY c
	Unique  (cost=3824.06..3828.92 rows=972 width=121)
	  ->  Sort  (cost=3824.06..3826.49 rows=972 width=121)
	        Sort Key: c
	        ->  Bitmap Heap Scan on sbtest5  (cost=34.40..3775.82 rows=972 width=121)
	              Recheck Cond: ((id >= 1013596) AND (id <= 1014595))
	              ->  Bitmap Index Scan on sbtest5_pkey  (cost=0.00..34.16 rows=972 width=0)
	                    Index Cond: ((id >= 1013596) AND (id <= 1014595))

table 6 : explain SELECT DISTINCT c FROM sbtest6 WHERE id BETWEEN 1728754 AND 1729753 ORDER BY c
	Unique  (cost=3799.01..3803.84 rows=967 width=121)
	  ->  Sort  (cost=3799.01..3801.43 rows=967 width=121)
	        Sort Key: c
	        ->  Bitmap Heap Scan on sbtest6  (cost=34.35..3751.06 rows=967 width=121)
	              Recheck Cond: ((id >= 1728754) AND (id <= 1729753))
	              ->  Bitmap Index Scan on sbtest6_pkey  (cost=0.00..34.11 rows=967 width=0)
	                    Index Cond: ((id >= 1728754) AND (id <= 1729753))

table 7 : explain SELECT DISTINCT c FROM sbtest7 WHERE id BETWEEN 1070367 AND 1071366 ORDER BY c
	Unique  (cost=3355.97..3360.24 rows=853 width=121)
	  ->  Sort  (cost=3355.97..3358.10 rows=853 width=121)
	        Sort Key: c
	        ->  Bitmap Heap Scan on sbtest7  (cost=29.18..3314.45 rows=853 width=121)
	              Recheck Cond: ((id >= 1070367) AND (id <= 1071366))
	              ->  Bitmap Index Scan on sbtest7_pkey  (cost=0.00..28.96 rows=853 width=0)
	                    Index Cond: ((id >= 1070367) AND (id <= 1071366))

table 8 : explain SELECT DISTINCT c FROM sbtest8 WHERE id BETWEEN 4667498 AND 4668497 ORDER BY c
	Unique  (cost=3709.81..3714.53 rows=944 width=121)
	  ->  Sort  (cost=3709.81..3712.17 rows=944 width=121)
	        Sort Key: c
	        ->  Bitmap Heap Scan on sbtest8  (cost=34.11..3663.17 rows=944 width=121)
	              Recheck Cond: ((id >= 4667498) AND (id <= 4668497))
	              ->  Bitmap Index Scan on sbtest8_pkey  (cost=0.00..33.88 rows=944 width=0)
	                    Index Cond: ((id >= 4667498) AND (id <= 4668497))

for: order_ranges
table 1 : explain SELECT c FROM sbtest1 WHERE id BETWEEN 1713400 AND 1714399 ORDER BY c
	Sort  (cost=4332.37..4335.14 rows=1108 width=121)
	  Sort Key: c
	  ->  Bitmap Heap Scan on sbtest1  (cost=35.79..4276.34 rows=1108 width=121)
	        Recheck Cond: ((id >= 1713400) AND (id <= 1714399))
	        ->  Bitmap Index Scan on sbtest1_pkey  (cost=0.00..35.52 rows=1108 width=0)
	              Index Cond: ((id >= 1713400) AND (id <= 1714399))

table 2 : explain SELECT c FROM sbtest2 WHERE id BETWEEN 5310747 AND 5311746 ORDER BY c
	Sort  (cost=3874.58..3877.04 rows=987 width=121)
	  Sort Key: c
	  ->  Bitmap Heap Scan on sbtest2  (cost=34.55..3825.49 rows=987 width=121)
	        Recheck Cond: ((id >= 5310747) AND (id <= 5311746))
	        ->  Bitmap Index Scan on sbtest2_pkey  (cost=0.00..34.31 rows=987 width=0)
	              Index Cond: ((id >= 5310747) AND (id <= 5311746))

table 3 : explain SELECT c FROM sbtest3 WHERE id BETWEEN 3312459 AND 3313458 ORDER BY c
	Sort  (cost=3664.28..3666.61 rows=932 width=121)
	  Sort Key: c
	  ->  Bitmap Heap Scan on sbtest3  (cost=33.99..3618.31 rows=932 width=121)
	        Recheck Cond: ((id >= 3312459) AND (id <= 3313458))
	        ->  Bitmap Index Scan on sbtest3_pkey  (cost=0.00..33.76 rows=932 width=0)
	              Index Cond: ((id >= 3312459) AND (id <= 3313458))

table 4 : explain SELECT c FROM sbtest4 WHERE id BETWEEN 2521153 AND 2522152 ORDER BY c
	Sort  (cost=3597.13..3599.42 rows=914 width=121)
	  Sort Key: c
	  ->  Bitmap Heap Scan on sbtest4  (cost=29.80..3552.18 rows=914 width=121)
	        Recheck Cond: ((id >= 2521153) AND (id <= 2522152))
	        ->  Bitmap Index Scan on sbtest4_pkey  (cost=0.00..29.57 rows=914 width=0)
	              Index Cond: ((id >= 2521153) AND (id <= 2522152))

table 5 : explain SELECT c FROM sbtest5 WHERE id BETWEEN 3059598 AND 3060597 ORDER BY c
	Sort  (cost=3820.22..3822.65 rows=971 width=121)
	  Sort Key: c
	  ->  Bitmap Heap Scan on sbtest5  (cost=34.39..3772.04 rows=971 width=121)
	        Recheck Cond: ((id >= 3059598) AND (id <= 3060597))
	        ->  Bitmap Index Scan on sbtest5_pkey  (cost=0.00..34.15 rows=971 width=0)
	              Index Cond: ((id >= 3059598) AND (id <= 3060597))

table 6 : explain SELECT c FROM sbtest6 WHERE id BETWEEN 497156 AND 498155 ORDER BY c
	Sort  (cost=3890.91..3893.39 rows=991 width=121)
	  Sort Key: c
	  ->  Bitmap Heap Scan on sbtest6  (cost=34.59..3841.60 rows=991 width=121)
	        Recheck Cond: ((id >= 497156) AND (id <= 498155))
	        ->  Bitmap Index Scan on sbtest6_pkey  (cost=0.00..34.34 rows=991 width=0)
	              Index Cond: ((id >= 497156) AND (id <= 498155))

table 7 : explain SELECT c FROM sbtest7 WHERE id BETWEEN 7577974 AND 7578973 ORDER BY c
	Sort  (cost=3896.67..3899.15 rows=993 width=121)
	  Sort Key: c
	  ->  Bitmap Heap Scan on sbtest7  (cost=34.61..3847.24 rows=993 width=121)
	        Recheck Cond: ((id >= 7577974) AND (id <= 7578973))
	        ->  Bitmap Index Scan on sbtest7_pkey  (cost=0.00..34.37 rows=993 width=0)
	              Index Cond: ((id >= 7577974) AND (id <= 7578973))

table 8 : explain SELECT c FROM sbtest8 WHERE id BETWEEN 8156564 AND 8157563 ORDER BY c
	Sort  (cost=4054.19..4056.78 rows=1034 width=121)
	  Sort Key: c
	  ->  Bitmap Heap Scan on sbtest8  (cost=35.03..4002.42 rows=1034 width=121)
	        Recheck Cond: ((id >= 8156564) AND (id <= 8157563))
	        ->  Bitmap Index Scan on sbtest8_pkey  (cost=0.00..34.78 rows=1034 width=0)
	              Index Cond: ((id >= 8156564) AND (id <= 8157563))

explain: for point_selects :: explain SELECT c FROM sbtest%u WHERE id=%u
for point_selects
table 1 : explain SELECT c FROM sbtest1 WHERE id=2138888
	Index Scan using sbtest1_pkey on sbtest1  (cost=0.43..8.45 rows=1 width=121)
	  Index Cond: (id = 2138888)

table 2 : explain SELECT c FROM sbtest2 WHERE id=8125449
	Index Scan using sbtest2_pkey on sbtest2  (cost=0.43..8.45 rows=1 width=121)
	  Index Cond: (id = 8125449)

table 3 : explain SELECT c FROM sbtest3 WHERE id=6703299
	Index Scan using sbtest3_pkey on sbtest3  (cost=0.43..8.45 rows=1 width=121)
	  Index Cond: (id = 6703299)

table 4 : explain SELECT c FROM sbtest4 WHERE id=3767157
	Index Scan using sbtest4_pkey on sbtest4  (cost=0.43..8.45 rows=1 width=121)
	  Index Cond: (id = 3767157)

table 5 : explain SELECT c FROM sbtest5 WHERE id=9610812
	Index Scan using sbtest5_pkey on sbtest5  (cost=0.43..8.45 rows=1 width=121)
	  Index Cond: (id = 9610812)

table 6 : explain SELECT c FROM sbtest6 WHERE id=832635
	Index Scan using sbtest6_pkey on sbtest6  (cost=0.43..8.45 rows=1 width=121)
	  Index Cond: (id = 832635)

table 7 : explain SELECT c FROM sbtest7 WHERE id=7325740
	Index Scan using sbtest7_pkey on sbtest7  (cost=0.43..8.45 rows=1 width=121)
	  Index Cond: (id = 7325740)

table 8 : explain SELECT c FROM sbtest8 WHERE id=8577260
	Index Scan using sbtest8_pkey on sbtest8  (cost=0.43..8.45 rows=1 width=121)
	  Index Cond: (id = 8577260)

for point_selects
table 1 : explain SELECT c FROM sbtest1 WHERE id=9556293
	Index Scan using sbtest1_pkey on sbtest1  (cost=0.43..8.45 rows=1 width=121)
	  Index Cond: (id = 9556293)

table 2 : explain SELECT c FROM sbtest2 WHERE id=5125834
	Index Scan using sbtest2_pkey on sbtest2  (cost=0.43..8.45 rows=1 width=121)
	  Index Cond: (id = 5125834)

table 3 : explain SELECT c FROM sbtest3 WHERE id=2656773
	Index Scan using sbtest3_pkey on sbtest3  (cost=0.43..8.45 rows=1 width=121)
	  Index Cond: (id = 2656773)

table 4 : explain SELECT c FROM sbtest4 WHERE id=4771254
	Index Scan using sbtest4_pkey on sbtest4  (cost=0.43..8.45 rows=1 width=121)
	  Index Cond: (id = 4771254)

table 5 : explain SELECT c FROM sbtest5 WHERE id=5054722
	Index Scan using sbtest5_pkey on sbtest5  (cost=0.43..8.45 rows=1 width=121)
	  Index Cond: (id = 5054722)

table 6 : explain SELECT c FROM sbtest6 WHERE id=3266263
	Index Scan using sbtest6_pkey on sbtest6  (cost=0.43..8.45 rows=1 width=121)
	  Index Cond: (id = 3266263)

table 7 : explain SELECT c FROM sbtest7 WHERE id=9286508
	Index Scan using sbtest7_pkey on sbtest7  (cost=0.43..8.45 rows=1 width=121)
	  Index Cond: (id = 9286508)

table 8 : explain SELECT c FROM sbtest8 WHERE id=7851710
	Index Scan using sbtest8_pkey on sbtest8  (cost=0.43..8.45 rows=1 width=121)
	  Index Cond: (id = 7851710)

for point_selects
table 1 : explain SELECT c FROM sbtest1 WHERE id=508972
	Index Scan using sbtest1_pkey on sbtest1  (cost=0.43..8.45 rows=1 width=121)
	  Index Cond: (id = 508972)

table 2 : explain SELECT c FROM sbtest2 WHERE id=8602090
	Index Scan using sbtest2_pkey on sbtest2  (cost=0.43..8.45 rows=1 width=121)
	  Index Cond: (id = 8602090)

table 3 : explain SELECT c FROM sbtest3 WHERE id=2190099
	Index Scan using sbtest3_pkey on sbtest3  (cost=0.43..8.45 rows=1 width=121)
	  Index Cond: (id = 2190099)

table 4 : explain SELECT c FROM sbtest4 WHERE id=4610029
	Index Scan using sbtest4_pkey on sbtest4  (cost=0.43..8.45 rows=1 width=121)
	  Index Cond: (id = 4610029)

table 5 : explain SELECT c FROM sbtest5 WHERE id=9424344
	Index Scan using sbtest5_pkey on sbtest5  (cost=0.43..8.45 rows=1 width=121)
	  Index Cond: (id = 9424344)

table 6 : explain SELECT c FROM sbtest6 WHERE id=9973874
	Index Scan using sbtest6_pkey on sbtest6  (cost=0.43..8.45 rows=1 width=121)
	  Index Cond: (id = 9973874)

table 7 : explain SELECT c FROM sbtest7 WHERE id=1903245
	Index Scan using sbtest7_pkey on sbtest7  (cost=0.43..8.45 rows=1 width=121)
	  Index Cond: (id = 1903245)

table 8 : explain SELECT c FROM sbtest8 WHERE id=8602440
	Index Scan using sbtest8_pkey on sbtest8  (cost=0.43..8.45 rows=1 width=121)
	  Index Cond: (id = 8602440)

for: simple_ranges
table 1 : explain SELECT c FROM sbtest1 WHERE id BETWEEN 7712532 AND 7713531
	Bitmap Heap Scan on sbtest1  (cost=35.11..4028.28 rows=1041 width=121)
	  Recheck Cond: ((id >= 7712532) AND (id <= 7713531))
	  ->  Bitmap Index Scan on sbtest1_pkey  (cost=0.00..34.84 rows=1041 width=0)
	        Index Cond: ((id >= 7712532) AND (id <= 7713531))

table 2 : explain SELECT c FROM sbtest2 WHERE id BETWEEN 5525244 AND 5526243
	Bitmap Heap Scan on sbtest2  (cost=34.92..3961.12 rows=1023 width=121)
	  Recheck Cond: ((id >= 5525244) AND (id <= 5526243))
	  ->  Bitmap Index Scan on sbtest2_pkey  (cost=0.00..34.67 rows=1023 width=0)
	        Index Cond: ((id >= 5525244) AND (id <= 5526243))

table 3 : explain SELECT c FROM sbtest3 WHERE id BETWEEN 7221298 AND 7222297
	Bitmap Heap Scan on sbtest3  (cost=34.66..3867.36 rows=998 width=121)
	  Recheck Cond: ((id >= 7221298) AND (id <= 7222297))
	  ->  Bitmap Index Scan on sbtest3_pkey  (cost=0.00..34.42 rows=998 width=0)
	        Index Cond: ((id >= 7221298) AND (id <= 7222297))

table 4 : explain SELECT c FROM sbtest4 WHERE id BETWEEN 7655879 AND 7656878
	Bitmap Heap Scan on sbtest4  (cost=34.91..3964.74 rows=1022 width=121)
	  Recheck Cond: ((id >= 7655879) AND (id <= 7656878))
	  ->  Bitmap Index Scan on sbtest4_pkey  (cost=0.00..34.66 rows=1022 width=0)
	        Index Cond: ((id >= 7655879) AND (id <= 7656878))

table 5 : explain SELECT c FROM sbtest5 WHERE id BETWEEN 8815979 AND 8816978
	Bitmap Heap Scan on sbtest5  (cost=35.03..4010.10 rows=1034 width=121)
	  Recheck Cond: ((id >= 8815979) AND (id <= 8816978))
	  ->  Bitmap Index Scan on sbtest5_pkey  (cost=0.00..34.78 rows=1034 width=0)
	        Index Cond: ((id >= 8815979) AND (id <= 8816978))

table 6 : explain SELECT c FROM sbtest6 WHERE id BETWEEN 4271273 AND 4272272
	Bitmap Heap Scan on sbtest6  (cost=34.97..3981.03 rows=1028 width=121)
	  Recheck Cond: ((id >= 4271273) AND (id <= 4272272))
	  ->  Bitmap Index Scan on sbtest6_pkey  (cost=0.00..34.72 rows=1028 width=0)
	        Index Cond: ((id >= 4271273) AND (id <= 4272272))

table 7 : explain SELECT c FROM sbtest7 WHERE id BETWEEN 7545291 AND 7546290
	Bitmap Heap Scan on sbtest7  (cost=34.61..3847.24 rows=993 width=121)
	  Recheck Cond: ((id >= 7545291) AND (id <= 7546290))
	  ->  Bitmap Index Scan on sbtest7_pkey  (cost=0.00..34.37 rows=993 width=0)
	        Index Cond: ((id >= 7545291) AND (id <= 7546290))

table 8 : explain SELECT c FROM sbtest8 WHERE id BETWEEN 4915766 AND 4916765
	Bitmap Heap Scan on sbtest8  (cost=39.81..4288.37 rows=1110 width=121)
	  Recheck Cond: ((id >= 4915766) AND (id <= 4916765))
	  ->  Bitmap Index Scan on sbtest8_pkey  (cost=0.00..39.54 rows=1110 width=0)
	        Index Cond: ((id >= 4915766) AND (id <= 4916765))

for: simple_ranges
table 1 : explain SELECT c FROM sbtest1 WHERE id BETWEEN 5922543 AND 5923542
	Bitmap Heap Scan on sbtest1  (cost=35.47..4163.64 rows=1077 width=121)
	  Recheck Cond: ((id >= 5922543) AND (id <= 5923542))
	  ->  Bitmap Index Scan on sbtest1_pkey  (cost=0.00..35.20 rows=1077 width=0)
	        Index Cond: ((id >= 5922543) AND (id <= 5923542))

table 2 : explain SELECT c FROM sbtest2 WHERE id BETWEEN 7675212 AND 7676211
	Bitmap Heap Scan on sbtest2  (cost=35.06..4013.82 rows=1037 width=121)
	  Recheck Cond: ((id >= 7675212) AND (id <= 7676211))
	  ->  Bitmap Index Scan on sbtest2_pkey  (cost=0.00..34.81 rows=1037 width=0)
	        Index Cond: ((id >= 7675212) AND (id <= 7676211))

table 3 : explain SELECT c FROM sbtest3 WHERE id BETWEEN 1312028 AND 1313027
	Bitmap Heap Scan on sbtest3  (cost=35.40..4138.40 rows=1070 width=121)
	  Recheck Cond: ((id >= 1312028) AND (id <= 1313027))
	  ->  Bitmap Index Scan on sbtest3_pkey  (cost=0.00..35.14 rows=1070 width=0)
	        Index Cond: ((id >= 1312028) AND (id <= 1313027))

table 4 : explain SELECT c FROM sbtest4 WHERE id BETWEEN 7911036 AND 7912035
	Bitmap Heap Scan on sbtest4  (cost=35.11..4036.47 rows=1041 width=121)
	  Recheck Cond: ((id >= 7911036) AND (id <= 7912035))
	  ->  Bitmap Index Scan on sbtest4_pkey  (cost=0.00..34.84 rows=1041 width=0)
	        Index Cond: ((id >= 7911036) AND (id <= 7912035))

table 5 : explain SELECT c FROM sbtest5 WHERE id BETWEEN 7750560 AND 7751559
	Bitmap Heap Scan on sbtest5  (cost=39.86..4319.47 rows=1115 width=121)
	  Recheck Cond: ((id >= 7750560) AND (id <= 7751559))
	  ->  Bitmap Index Scan on sbtest5_pkey  (cost=0.00..39.59 rows=1115 width=0)
	        Index Cond: ((id >= 7750560) AND (id <= 7751559))

table 6 : explain SELECT c FROM sbtest6 WHERE id BETWEEN 3904092 AND 3905091
	Bitmap Heap Scan on sbtest6  (cost=34.18..3690.66 rows=951 width=121)
	  Recheck Cond: ((id >= 3904092) AND (id <= 3905091))
	  ->  Bitmap Index Scan on sbtest6_pkey  (cost=0.00..33.95 rows=951 width=0)
	        Index Cond: ((id >= 3904092) AND (id <= 3905091))

table 7 : explain SELECT c FROM sbtest7 WHERE id BETWEEN 9724414 AND 9725413
	Bitmap Heap Scan on sbtest7  (cost=34.37..3756.77 rows=969 width=121)
	  Recheck Cond: ((id >= 9724414) AND (id <= 9725413))
	  ->  Bitmap Index Scan on sbtest7_pkey  (cost=0.00..34.12 rows=969 width=0)
	        Index Cond: ((id >= 9724414) AND (id <= 9725413))

table 8 : explain SELECT c FROM sbtest8 WHERE id BETWEEN 9351120 AND 9352119
	Bitmap Heap Scan on sbtest8  (cost=35.07..4017.47 rows=1038 width=121)
	  Recheck Cond: ((id >= 9351120) AND (id <= 9352119))
	  ->  Bitmap Index Scan on sbtest8_pkey  (cost=0.00..34.82 rows=1038 width=0)
	        Index Cond: ((id >= 9351120) AND (id <= 9352119))

explain: for point_selects :: explain SELECT c FROM sbtest%u WHERE id=%u
explain: for point_selects :: explain SELECT c FROM sbtest%u WHERE id=%u
for point_selects
table 1 : explain SELECT c FROM sbtest1 WHERE id=810633
	Index Scan using sbtest1_pkey on sbtest1  (cost=0.43..8.45 rows=1 width=121)
	  Index Cond: (id = 810633)

table 2 : explain SELECT c FROM sbtest2 WHERE id=3640679
	Index Scan using sbtest2_pkey on sbtest2  (cost=0.43..8.45 rows=1 width=121)
	  Index Cond: (id = 3640679)

table 3 : explain SELECT c FROM sbtest3 WHERE id=4885244
	Index Scan using sbtest3_pkey on sbtest3  (cost=0.43..8.45 rows=1 width=121)
	  Index Cond: (id = 4885244)

table 4 : explain SELECT c FROM sbtest4 WHERE id=1743674
	Index Scan using sbtest4_pkey on sbtest4  (cost=0.43..8.45 rows=1 width=121)
	  Index Cond: (id = 1743674)

table 5 : explain SELECT c FROM sbtest5 WHERE id=9785090
	Index Scan using sbtest5_pkey on sbtest5  (cost=0.43..8.45 rows=1 width=121)
	  Index Cond: (id = 9785090)

table 6 : explain SELECT c FROM sbtest6 WHERE id=8517638
	Index Scan using sbtest6_pkey on sbtest6  (cost=0.43..8.45 rows=1 width=121)
	  Index Cond: (id = 8517638)

table 7 : explain SELECT c FROM sbtest7 WHERE id=8378561
	Index Scan using sbtest7_pkey on sbtest7  (cost=0.43..8.45 rows=1 width=121)
	  Index Cond: (id = 8378561)

table 8 : explain SELECT c FROM sbtest8 WHERE id=8958733
	Index Scan using sbtest8_pkey on sbtest8  (cost=0.43..8.45 rows=1 width=121)
	  Index Cond: (id = 8958733)

for: distinct_ranges
table 1 : explain SELECT DISTINCT c FROM sbtest1 WHERE id BETWEEN 9266935 AND 9267934 ORDER BY c
	Unique  (cost=3716.89..3721.63 rows=947 width=121)
	  ->  Sort  (cost=3716.89..3719.26 rows=947 width=121)
	        Sort Key: c
	        ->  Bitmap Heap Scan on sbtest1  (cost=30.14..3670.08 rows=947 width=121)
	              Recheck Cond: ((id >= 9266935) AND (id <= 9267934))
	              ->  Bitmap Index Scan on sbtest1_pkey  (cost=0.00..29.90 rows=947 width=0)
	                    Index Cond: ((id >= 9266935) AND (id <= 9267934))

table 2 : explain SELECT DISTINCT c FROM sbtest2 WHERE id BETWEEN 782137 AND 783136 ORDER BY c
	Unique  (cost=3686.91..3691.60 rows=938 width=121)
	  ->  Sort  (cost=3686.91..3689.26 rows=938 width=121)
	        Sort Key: c
	        ->  Bitmap Heap Scan on sbtest2  (cost=34.05..3640.61 rows=938 width=121)
	              Recheck Cond: ((id >= 782137) AND (id <= 783136))
	              ->  Bitmap Index Scan on sbtest2_pkey  (cost=0.00..33.82 rows=938 width=0)
	                    Index Cond: ((id >= 782137) AND (id <= 783136))

table 3 : explain SELECT DISTINCT c FROM sbtest3 WHERE id BETWEEN 4492577 AND 4493576 ORDER BY c
	Unique  (cost=3997.39..4002.49 rows=1019 width=121)
	  ->  Sort  (cost=3997.39..3999.94 rows=1019 width=121)
	        Sort Key: c
	        ->  Bitmap Heap Scan on sbtest3  (cost=34.88..3946.48 rows=1019 width=121)
	              Recheck Cond: ((id >= 4492577) AND (id <= 4493576))
	              ->  Bitmap Index Scan on sbtest3_pkey  (cost=0.00..34.62 rows=1019 width=0)
	                    Index Cond: ((id >= 4492577) AND (id <= 4493576))

table 4 : explain SELECT DISTINCT c FROM sbtest4 WHERE id BETWEEN 802386 AND 803385 ORDER BY c
	Unique  (cost=3735.68..3740.42 rows=949 width=121)
	  ->  Sort  (cost=3735.68..3738.05 rows=949 width=121)
	        Sort Key: c
	        ->  Bitmap Heap Scan on sbtest4  (cost=34.16..3688.75 rows=949 width=121)
	              Recheck Cond: ((id >= 802386) AND (id <= 803385))
	              ->  Bitmap Index Scan on sbtest4_pkey  (cost=0.00..33.93 rows=949 width=0)
	                    Index Cond: ((id >= 802386) AND (id <= 803385))

table 5 : explain SELECT DISTINCT c FROM sbtest5 WHERE id BETWEEN 425250 AND 426249 ORDER BY c
	Unique  (cost=4161.47..4166.77 rows=1060 width=121)
	  ->  Sort  (cost=4161.47..4164.12 rows=1060 width=121)
	        Sort Key: c
	        ->  Bitmap Heap Scan on sbtest5  (cost=35.30..4108.21 rows=1060 width=121)
	              Recheck Cond: ((id >= 425250) AND (id <= 426249))
	              ->  Bitmap Index Scan on sbtest5_pkey  (cost=0.00..35.04 rows=1060 width=0)
	                    Index Cond: ((id >= 425250) AND (id <= 426249))

table 6 : explain SELECT DISTINCT c FROM sbtest6 WHERE id BETWEEN 5536053 AND 5537052 ORDER BY c
	Unique  (cost=3982.75..3987.82 rows=1015 width=121)
	  ->  Sort  (cost=3982.75..3985.28 rows=1015 width=121)
	        Sort Key: c
	        ->  Bitmap Heap Scan on sbtest6  (cost=34.84..3932.06 rows=1015 width=121)
	              Recheck Cond: ((id >= 5536053) AND (id <= 5537052))
	              ->  Bitmap Index Scan on sbtest6_pkey  (cost=0.00..34.59 rows=1015 width=0)
	                    Index Cond: ((id >= 5536053) AND (id <= 5537052))

table 7 : explain SELECT DISTINCT c FROM sbtest7 WHERE id BETWEEN 162238 AND 163237 ORDER BY c
	Unique  (cost=3693.78..3698.48 rows=940 width=121)
	  ->  Sort  (cost=3693.78..3696.13 rows=940 width=121)
	        Sort Key: c
	        ->  Bitmap Heap Scan on sbtest7  (cost=34.07..3647.36 rows=940 width=121)
	              Recheck Cond: ((id >= 162238) AND (id <= 163237))
	              ->  Bitmap Index Scan on sbtest7_pkey  (cost=0.00..33.84 rows=940 width=0)
	                    Index Cond: ((id >= 162238) AND (id <= 163237))

table 8 : explain SELECT DISTINCT c FROM sbtest8 WHERE id BETWEEN 7680511 AND 7681510 ORDER BY c
	Unique  (cost=3966.28..3971.33 rows=1011 width=121)
	  ->  Sort  (cost=3966.28..3968.80 rows=1011 width=121)
	        Sort Key: c
	        ->  Bitmap Heap Scan on sbtest8  (cost=34.80..3915.82 rows=1011 width=121)
	              Recheck Cond: ((id >= 7680511) AND (id <= 7681510))
	              ->  Bitmap Index Scan on sbtest8_pkey  (cost=0.00..34.55 rows=1011 width=0)
	                    Index Cond: ((id >= 7680511) AND (id <= 7681510))

for: distinct_ranges
table 1 : explain SELECT DISTINCT c FROM sbtest1 WHERE id BETWEEN 7490782 AND 7491781 ORDER BY c
	Unique  (cost=3900.81..3905.78 rows=994 width=121)
	  ->  Sort  (cost=3900.81..3903.30 rows=994 width=121)
	        Sort Key: c
	        ->  Bitmap Heap Scan on sbtest1  (cost=34.62..3851.32 rows=994 width=121)
	              Recheck Cond: ((id >= 7490782) AND (id <= 7491781))
	              ->  Bitmap Index Scan on sbtest1_pkey  (cost=0.00..34.38 rows=994 width=0)
	                    Index Cond: ((id >= 7490782) AND (id <= 7491781))

table 2 : explain SELECT DISTINCT c FROM sbtest2 WHERE id BETWEEN 3599234 AND 3600233 ORDER BY c
	Unique  (cost=3981.68..3986.75 rows=1015 width=121)
	  ->  Sort  (cost=3981.68..3984.22 rows=1015 width=121)
	        Sort Key: c
	        ->  Bitmap Heap Scan on sbtest2  (cost=34.84..3930.99 rows=1015 width=121)
	              Recheck Cond: ((id >= 3599234) AND (id <= 3600233))
	              ->  Bitmap Index Scan on sbtest2_pkey  (cost=0.00..34.59 rows=1015 width=0)
	                    Index Cond: ((id >= 3599234) AND (id <= 3600233))

table 3 : explain SELECT DISTINCT c FROM sbtest3 WHERE id BETWEEN 6947954 AND 6948953 ORDER BY c
	Unique  (cost=4127.32..4132.59 rows=1053 width=121)
	  ->  Sort  (cost=4127.32..4129.96 rows=1053 width=121)
	        Sort Key: c
	        ->  Bitmap Heap Scan on sbtest3  (cost=35.23..4074.46 rows=1053 width=121)
	              Recheck Cond: ((id >= 6947954) AND (id <= 6948953))
	              ->  Bitmap Index Scan on sbtest3_pkey  (cost=0.00..34.97 rows=1053 width=0)
	                    Index Cond: ((id >= 6947954) AND (id <= 6948953))

table 4 : explain SELECT DISTINCT c FROM sbtest4 WHERE id BETWEEN 6882646 AND 6883645 ORDER BY c
	Unique  (cost=3643.44..3648.06 rows=925 width=121)
	  ->  Sort  (cost=3643.44..3645.75 rows=925 width=121)
	        Sort Key: c
	        ->  Bitmap Heap Scan on sbtest4  (cost=33.92..3597.86 rows=925 width=121)
	              Recheck Cond: ((id >= 6882646) AND (id <= 6883645))
	              ->  Bitmap Index Scan on sbtest4_pkey  (cost=0.00..33.69 rows=925 width=0)
	                    Index Cond: ((id >= 6882646) AND (id <= 6883645))

table 5 : explain SELECT DISTINCT c FROM sbtest5 WHERE id BETWEEN 5582664 AND 5583663 ORDER BY c
	Unique  (cost=3554.86..3559.38 rows=903 width=121)
	  ->  Sort  (cost=3554.86..3557.12 rows=903 width=121)
	        Sort Key: c
	        ->  Bitmap Heap Scan on sbtest5  (cost=29.69..3510.53 rows=903 width=121)
	              Recheck Cond: ((id >= 5582664) AND (id <= 5583663))
	              ->  Bitmap Index Scan on sbtest5_pkey  (cost=0.00..29.46 rows=903 width=0)
	                    Index Cond: ((id >= 5582664) AND (id <= 5583663))

table 6 : explain SELECT DISTINCT c FROM sbtest6 WHERE id BETWEEN 9306719 AND 9307718 ORDER BY c
	Unique  (cost=3756.86..3761.64 rows=956 width=121)
	  ->  Sort  (cost=3756.86..3759.25 rows=956 width=121)
	        Sort Key: c
	        ->  Bitmap Heap Scan on sbtest6  (cost=34.23..3709.54 rows=956 width=121)
	              Recheck Cond: ((id >= 9306719) AND (id <= 9307718))
	              ->  Bitmap Index Scan on sbtest6_pkey  (cost=0.00..34.00 rows=956 width=0)
	                    Index Cond: ((id >= 9306719) AND (id <= 9307718))

table 7 : explain SELECT DISTINCT c FROM sbtest7 WHERE id BETWEEN 4134852 AND 4135851 ORDER BY c
	Unique  (cost=3846.94..3851.84 rows=980 width=121)
	  ->  Sort  (cost=3846.94..3849.39 rows=980 width=121)
	        Sort Key: c
	        ->  Bitmap Heap Scan on sbtest7  (cost=34.48..3798.25 rows=980 width=121)
	              Recheck Cond: ((id >= 4134852) AND (id <= 4135851))
	              ->  Bitmap Index Scan on sbtest7_pkey  (cost=0.00..34.23 rows=980 width=0)
	                    Index Cond: ((id >= 4134852) AND (id <= 4135851))

table 8 : explain SELECT DISTINCT c FROM sbtest8 WHERE id BETWEEN 442661 AND 443660 ORDER BY c
	Unique  (cost=3740.46..3745.22 rows=952 width=121)
	  ->  Sort  (cost=3740.46..3742.84 rows=952 width=121)
	        Sort Key: c
	        ->  Bitmap Heap Scan on sbtest8  (cost=34.19..3693.36 rows=952 width=121)
	              Recheck Cond: ((id >= 442661) AND (id <= 443660))
	              ->  Bitmap Index Scan on sbtest8_pkey  (cost=0.00..33.95 rows=952 width=0)
	                    Index Cond: ((id >= 442661) AND (id <= 443660))

for: simple_ranges
table 1 : explain SELECT c FROM sbtest1 WHERE id BETWEEN 3524155 AND 3525154
	Bitmap Heap Scan on sbtest1  (cost=34.24..3711.81 rows=957 width=121)
	  Recheck Cond: ((id >= 3524155) AND (id <= 3525154))
	  ->  Bitmap Index Scan on sbtest1_pkey  (cost=0.00..34.01 rows=957 width=0)
	        Index Cond: ((id >= 3524155) AND (id <= 3525154))

table 2 : explain SELECT c FROM sbtest2 WHERE id BETWEEN 6510277 AND 6511276
	Bitmap Heap Scan on sbtest2  (cost=34.24..3712.33 rows=957 width=121)
	  Recheck Cond: ((id >= 6510277) AND (id <= 6511276))
	  ->  Bitmap Index Scan on sbtest2_pkey  (cost=0.00..34.01 rows=957 width=0)
	        Index Cond: ((id >= 6510277) AND (id <= 6511276))

table 3 : explain SELECT c FROM sbtest3 WHERE id BETWEEN 3015897 AND 3016896
	Bitmap Heap Scan on sbtest3  (cost=35.57..4198.54 rows=1086 width=121)
	  Recheck Cond: ((id >= 3015897) AND (id <= 3016896))
	  ->  Bitmap Index Scan on sbtest3_pkey  (cost=0.00..35.30 rows=1086 width=0)
	        Index Cond: ((id >= 3015897) AND (id <= 3016896))

table 4 : explain SELECT c FROM sbtest4 WHERE id BETWEEN 7996248 AND 7997247
	Bitmap Heap Scan on sbtest4  (cost=34.46..3798.47 rows=978 width=121)
	  Recheck Cond: ((id >= 7996248) AND (id <= 7997247))
	  ->  Bitmap Index Scan on sbtest4_pkey  (cost=0.00..34.22 rows=978 width=0)
	        Index Cond: ((id >= 7996248) AND (id <= 7997247))

table 5 : explain SELECT c FROM sbtest5 WHERE id BETWEEN 2415500 AND 2416499
	Bitmap Heap Scan on sbtest5  (cost=34.60..3851.45 rows=992 width=121)
	  Recheck Cond: ((id >= 2415500) AND (id <= 2416499))
	  ->  Bitmap Index Scan on sbtest5_pkey  (cost=0.00..34.36 rows=992 width=0)
	        Index Cond: ((id >= 2415500) AND (id <= 2416499))

table 6 : explain SELECT c FROM sbtest6 WHERE id BETWEEN 509355 AND 510354
	Bitmap Heap Scan on sbtest6  (cost=34.59..3841.60 rows=991 width=121)
	  Recheck Cond: ((id >= 509355) AND (id <= 510354))
	  ->  Bitmap Index Scan on sbtest6_pkey  (cost=0.00..34.34 rows=991 width=0)
	        Index Cond: ((id >= 509355) AND (id <= 510354))

table 7 : explain SELECT c FROM sbtest7 WHERE id BETWEEN 1248261 AND 1249260
	Bitmap Heap Scan on sbtest7  (cost=34.22..3703.97 rows=955 width=121)
	  Recheck Cond: ((id >= 1248261) AND (id <= 1249260))
	  ->  Bitmap Index Scan on sbtest7_pkey  (cost=0.00..33.98 rows=955 width=0)
	        Index Cond: ((id >= 1248261) AND (id <= 1249260))

table 8 : explain SELECT c FROM sbtest8 WHERE id BETWEEN 8791267 AND 8792266
	Bitmap Heap Scan on sbtest8  (cost=34.85..3934.65 rows=1016 width=121)
	  Recheck Cond: ((id >= 8791267) AND (id <= 8792266))
	  ->  Bitmap Index Scan on sbtest8_pkey  (cost=0.00..34.59 rows=1016 width=0)
	        Index Cond: ((id >= 8791267) AND (id <= 8792266))

for: simple_ranges
table 1 : explain SELECT c FROM sbtest1 WHERE id BETWEEN 996365 AND 997364
	Bitmap Heap Scan on sbtest1  (cost=34.67..3870.16 rows=999 width=121)
	  Recheck Cond: ((id >= 996365) AND (id <= 997364))
	  ->  Bitmap Index Scan on sbtest1_pkey  (cost=0.00..34.43 rows=999 width=0)
	        Index Cond: ((id >= 996365) AND (id <= 997364))

table 2 : explain SELECT c FROM sbtest2 WHERE id BETWEEN 1194847 AND 1195846
	Bitmap Heap Scan on sbtest2  (cost=34.88..3946.06 rows=1019 width=121)
	  Recheck Cond: ((id >= 1194847) AND (id <= 1195846))
	  ->  Bitmap Index Scan on sbtest2_pkey  (cost=0.00..34.62 rows=1019 width=0)
	        Index Cond: ((id >= 1194847) AND (id <= 1195846))

table 3 : explain SELECT c FROM sbtest3 WHERE id BETWEEN 1930162 AND 1931161
	Bitmap Heap Scan on sbtest3  (cost=35.08..4021.78 rows=1039 width=121)
	  Recheck Cond: ((id >= 1930162) AND (id <= 1931161))
	  ->  Bitmap Index Scan on sbtest3_pkey  (cost=0.00..34.83 rows=1039 width=0)
	        Index Cond: ((id >= 1930162) AND (id <= 1931161))

table 4 : explain SELECT c FROM sbtest4 WHERE id BETWEEN 6601540 AND 6602539
	Bitmap Heap Scan on sbtest4  (cost=35.06..4021.37 rows=1037 width=121)
	  Recheck Cond: ((id >= 6601540) AND (id <= 6602539))
	  ->  Bitmap Index Scan on sbtest4_pkey  (cost=0.00..34.81 rows=1037 width=0)
	        Index Cond: ((id >= 6601540) AND (id <= 6602539))

table 5 : explain SELECT c FROM sbtest5 WHERE id BETWEEN 3613692 AND 3614691
	Bitmap Heap Scan on sbtest5  (cost=29.38..3396.74 rows=873 width=121)
	  Recheck Cond: ((id >= 3613692) AND (id <= 3614691))
	  ->  Bitmap Index Scan on sbtest5_pkey  (cost=0.00..29.16 rows=873 width=0)
	        Index Cond: ((id >= 3613692) AND (id <= 3614691))

table 6 : explain SELECT c FROM sbtest6 WHERE id BETWEEN 8561435 AND 8562434
	Index Scan using sbtest6_pkey on sbtest6  (cost=0.43..3350.87 rows=854 width=121)
	  Index Cond: ((id >= 8561435) AND (id <= 8562434))

table 7 : explain SELECT c FROM sbtest7 WHERE id BETWEEN 8248995 AND 8249994
	Bitmap Heap Scan on sbtest7  (cost=33.97..3609.61 rows=930 width=121)
	  Recheck Cond: ((id >= 8248995) AND (id <= 8249994))
	  ->  Bitmap Index Scan on sbtest7_pkey  (cost=0.00..33.73 rows=930 width=0)
	        Index Cond: ((id >= 8248995) AND (id <= 8249994))

table 8 : explain SELECT c FROM sbtest8 WHERE id BETWEEN 1699892 AND 1700891
	Bitmap Heap Scan on sbtest8  (cost=34.55..3825.38 rows=987 width=121)
	  Recheck Cond: ((id >= 1699892) AND (id <= 1700891))
	  ->  Bitmap Index Scan on sbtest8_pkey  (cost=0.00..34.31 rows=987 width=0)
	        Index Cond: ((id >= 1699892) AND (id <= 1700891))

for: simple_ranges
table 1 : explain SELECT c FROM sbtest1 WHERE id BETWEEN 8695120 AND 8696119
	Bitmap Heap Scan on sbtest1  (cost=29.45..3416.90 rows=880 width=121)
	  Recheck Cond: ((id >= 8695120) AND (id <= 8696119))
	  ->  Bitmap Index Scan on sbtest1_pkey  (cost=0.00..29.23 rows=880 width=0)
	        Index Cond: ((id >= 8695120) AND (id <= 8696119))

table 2 : explain SELECT c FROM sbtest2 WHERE id BETWEEN 8021079 AND 8022078
	Bitmap Heap Scan on sbtest2  (cost=35.71..4250.67 rows=1100 width=121)
	  Recheck Cond: ((id >= 8021079) AND (id <= 8022078))
	  ->  Bitmap Index Scan on sbtest2_pkey  (cost=0.00..35.44 rows=1100 width=0)
	        Index Cond: ((id >= 8021079) AND (id <= 8022078))

table 3 : explain SELECT c FROM sbtest3 WHERE id BETWEEN 5428433 AND 5429432
	Bitmap Heap Scan on sbtest3  (cost=34.11..3663.64 rows=944 width=121)
	  Recheck Cond: ((id >= 5428433) AND (id <= 5429432))
	  ->  Bitmap Index Scan on sbtest3_pkey  (cost=0.00..33.88 rows=944 width=0)
	        Index Cond: ((id >= 5428433) AND (id <= 5429432))

table 4 : explain SELECT c FROM sbtest4 WHERE id BETWEEN 9555891 AND 9556890
	Bitmap Heap Scan on sbtest4  (cost=34.69..3881.63 rows=1000 width=121)
	  Recheck Cond: ((id >= 9555891) AND (id <= 9556890))
	  ->  Bitmap Index Scan on sbtest4_pkey  (cost=0.00..34.44 rows=1000 width=0)
	        Index Cond: ((id >= 9555891) AND (id <= 9556890))

table 5 : explain SELECT c FROM sbtest5 WHERE id BETWEEN 7494993 AND 7495992
	Bitmap Heap Scan on sbtest5  (cost=34.33..3749.34 rows=965 width=121)
	  Recheck Cond: ((id >= 7494993) AND (id <= 7495992))
	  ->  Bitmap Index Scan on sbtest5_pkey  (cost=0.00..34.09 rows=965 width=0)
	        Index Cond: ((id >= 7494993) AND (id <= 7495992))

table 6 : explain SELECT c FROM sbtest6 WHERE id BETWEEN 5505098 AND 5506097
	Bitmap Heap Scan on sbtest6  (cost=34.84..3932.06 rows=1015 width=121)
	  Recheck Cond: ((id >= 5505098) AND (id <= 5506097))
	  ->  Bitmap Index Scan on sbtest6_pkey  (cost=0.00..34.59 rows=1015 width=0)
	        Index Cond: ((id >= 5505098) AND (id <= 5506097))

table 7 : explain SELECT c FROM sbtest7 WHERE id BETWEEN 5201633 AND 5202632
	Bitmap Heap Scan on sbtest7  (cost=34.65..3862.31 rows=997 width=121)
	  Recheck Cond: ((id >= 5201633) AND (id <= 5202632))
	  ->  Bitmap Index Scan on sbtest7_pkey  (cost=0.00..34.41 rows=997 width=0)
	        Index Cond: ((id >= 5201633) AND (id <= 5202632))

table 8 : explain SELECT c FROM sbtest8 WHERE id BETWEEN 9974456 AND 9975455
	Bitmap Heap Scan on sbtest8  (cost=35.43..4149.11 rows=1073 width=121)
	  Recheck Cond: ((id >= 9974456) AND (id <= 9975455))
	  ->  Bitmap Index Scan on sbtest8_pkey  (cost=0.00..35.17 rows=1073 width=0)
	        Index Cond: ((id >= 9974456) AND (id <= 9975455))

for: sum_ranges
table 1 : explain SELECT SUM(k) FROM sbtest1 WHERE id BETWEEN 1371658 AND 1372657
	Aggregate  (cost=3981.94..3981.95 rows=1 width=8)
	  ->  Bitmap Heap Scan on sbtest1  (cost=34.97..3979.37 rows=1028 width=4)
	        Recheck Cond: ((id >= 1371658) AND (id <= 1372657))
	        ->  Bitmap Index Scan on sbtest1_pkey  (cost=0.00..34.72 rows=1028 width=0)
	              Index Cond: ((id >= 1371658) AND (id <= 1372657))

table 2 : explain SELECT SUM(k) FROM sbtest2 WHERE id BETWEEN 4351958 AND 4352957
	Aggregate  (cost=3658.07..3658.08 rows=1 width=8)
	  ->  Bitmap Heap Scan on sbtest2  (cost=34.09..3655.71 rows=942 width=4)
	        Recheck Cond: ((id >= 4351958) AND (id <= 4352957))
	        ->  Bitmap Index Scan on sbtest2_pkey  (cost=0.00..33.86 rows=942 width=0)
	              Index Cond: ((id >= 4351958) AND (id <= 4352957))

table 3 : explain SELECT SUM(k) FROM sbtest3 WHERE id BETWEEN 2272911 AND 2273910
	Aggregate  (cost=3423.68..3423.69 rows=1 width=8)
	  ->  Bitmap Heap Scan on sbtest3  (cost=29.47..3421.48 rows=881 width=4)
	        Recheck Cond: ((id >= 2272911) AND (id <= 2273910))
	        ->  Bitmap Index Scan on sbtest3_pkey  (cost=0.00..29.25 rows=881 width=0)
	              Index Cond: ((id >= 2272911) AND (id <= 2273910))

table 4 : explain SELECT SUM(k) FROM sbtest4 WHERE id BETWEEN 5943340 AND 5944339
	Aggregate  (cost=3717.63..3717.64 rows=1 width=8)
	  ->  Bitmap Heap Scan on sbtest4  (cost=34.23..3715.24 rows=956 width=4)
	        Recheck Cond: ((id >= 5943340) AND (id <= 5944339))
	        ->  Bitmap Index Scan on sbtest4_pkey  (cost=0.00..34.00 rows=956 width=0)
	              Index Cond: ((id >= 5943340) AND (id <= 5944339))

table 5 : explain SELECT SUM(k) FROM sbtest5 WHERE id BETWEEN 1421341 AND 1422340
	Aggregate  (cost=3804.75..3804.76 rows=1 width=8)
	  ->  Bitmap Heap Scan on sbtest5  (cost=34.47..3802.30 rows=979 width=4)
	        Recheck Cond: ((id >= 1421341) AND (id <= 1422340))
	        ->  Bitmap Index Scan on sbtest5_pkey  (cost=0.00..34.23 rows=979 width=0)
	              Index Cond: ((id >= 1421341) AND (id <= 1422340))

table 6 : explain SELECT SUM(k) FROM sbtest6 WHERE id BETWEEN 2780907 AND 2781906
	Aggregate  (cost=3915.75..3915.76 rows=1 width=8)
	  ->  Bitmap Heap Scan on sbtest6  (cost=34.79..3913.22 rows=1010 width=4)
	        Recheck Cond: ((id >= 2780907) AND (id <= 2781906))
	        ->  Bitmap Index Scan on sbtest6_pkey  (cost=0.00..34.54 rows=1010 width=0)
	              Index Cond: ((id >= 2780907) AND (id <= 2781906))

table 7 : explain SELECT SUM(k) FROM sbtest7 WHERE id BETWEEN 632908 AND 633907
	Aggregate  (cost=3921.33..3921.34 rows=1 width=8)
	  ->  Bitmap Heap Scan on sbtest7  (cost=34.81..3918.80 rows=1012 width=4)
	        Recheck Cond: ((id >= 632908) AND (id <= 633907))
	        ->  Bitmap Index Scan on sbtest7_pkey  (cost=0.00..34.56 rows=1012 width=0)
	              Index Cond: ((id >= 632908) AND (id <= 633907))

table 8 : explain SELECT SUM(k) FROM sbtest8 WHERE id BETWEEN 5704806 AND 5705805
	Aggregate  (cost=3793.90..3793.91 rows=1 width=8)
	  ->  Bitmap Heap Scan on sbtest8  (cost=34.46..3791.45 rows=978 width=4)
	        Recheck Cond: ((id >= 5704806) AND (id <= 5705805))
	        ->  Bitmap Index Scan on sbtest8_pkey  (cost=0.00..34.22 rows=978 width=0)
	              Index Cond: ((id >= 5704806) AND (id <= 5705805))

for: sum_ranges
table 1 : explain SELECT SUM(k) FROM sbtest1 WHERE id BETWEEN 3991944 AND 3992943
	Aggregate  (cost=3804.78..3804.79 rows=1 width=8)
	  ->  Bitmap Heap Scan on sbtest1  (cost=34.49..3802.33 rows=981 width=4)
	        Recheck Cond: ((id >= 3991944) AND (id <= 3992943))
	        ->  Bitmap Index Scan on sbtest1_pkey  (cost=0.00..34.25 rows=981 width=0)
	              Index Cond: ((id >= 3991944) AND (id <= 3992943))

table 2 : explain SELECT SUM(k) FROM sbtest2 WHERE id BETWEEN 5623603 AND 5624602
	Aggregate  (cost=4072.89..4072.90 rows=1 width=8)
	  ->  Bitmap Heap Scan on sbtest2  (cost=35.22..4070.26 rows=1052 width=4)
	        Recheck Cond: ((id >= 5623603) AND (id <= 5624602))
	        ->  Bitmap Index Scan on sbtest2_pkey  (cost=0.00..34.95 rows=1052 width=0)
	              Index Cond: ((id >= 5623603) AND (id <= 5624602))

table 3 : explain SELECT SUM(k) FROM sbtest3 WHERE id BETWEEN 7741155 AND 7742154
	Aggregate  (cost=4077.09..4077.10 rows=1 width=8)
	  ->  Bitmap Heap Scan on sbtest3  (cost=35.23..4074.46 rows=1053 width=4)
	        Recheck Cond: ((id >= 7741155) AND (id <= 7742154))
	        ->  Bitmap Index Scan on sbtest3_pkey  (cost=0.00..34.97 rows=1053 width=0)
	              Index Cond: ((id >= 7741155) AND (id <= 7742154))

table 4 : explain SELECT SUM(k) FROM sbtest4 WHERE id BETWEEN 8246407 AND 8247406
	Aggregate  (cost=3948.40..3948.41 rows=1 width=8)
	  ->  Bitmap Heap Scan on sbtest4  (cost=34.86..3945.86 rows=1017 width=4)
	        Recheck Cond: ((id >= 8246407) AND (id <= 8247406))
	        ->  Bitmap Index Scan on sbtest4_pkey  (cost=0.00..34.61 rows=1017 width=0)
	              Index Cond: ((id >= 8246407) AND (id <= 8247406))

table 5 : explain SELECT SUM(k) FROM sbtest5 WHERE id BETWEEN 4724907 AND 4725906
	Aggregate  (cost=4129.73..4129.74 rows=1 width=8)
	  ->  Bitmap Heap Scan on sbtest5  (cost=35.35..4127.06 rows=1065 width=4)
	        Recheck Cond: ((id >= 4724907) AND (id <= 4725906))
	        ->  Bitmap Index Scan on sbtest5_pkey  (cost=0.00..35.09 rows=1065 width=0)
	              Index Cond: ((id >= 4724907) AND (id <= 4725906))

table 6 : explain SELECT SUM(k) FROM sbtest6 WHERE id BETWEEN 9418039 AND 9419038
	Aggregate  (cost=3813.88..3813.89 rows=1 width=8)
	  ->  Bitmap Heap Scan on sbtest6  (cost=34.51..3811.43 rows=983 width=4)
	        Recheck Cond: ((id >= 9418039) AND (id <= 9419038))
	        ->  Bitmap Index Scan on sbtest6_pkey  (cost=0.00..34.27 rows=983 width=0)
	              Index Cond: ((id >= 9418039) AND (id <= 9419038))

table 7 : explain SELECT SUM(k) FROM sbtest7 WHERE id BETWEEN 4048508 AND 4049507
	Aggregate  (cost=3932.64..3932.65 rows=1 width=8)
	  ->  Bitmap Heap Scan on sbtest7  (cost=34.84..3930.10 rows=1015 width=4)
	        Recheck Cond: ((id >= 4048508) AND (id <= 4049507))
	        ->  Bitmap Index Scan on sbtest7_pkey  (cost=0.00..34.59 rows=1015 width=0)
	              Index Cond: ((id >= 4048508) AND (id <= 4049507))

table 8 : explain SELECT SUM(k) FROM sbtest8 WHERE id BETWEEN 3501936 AND 3502935
	Aggregate  (cost=3623.96..3623.97 rows=1 width=8)
	  ->  Bitmap Heap Scan on sbtest8  (cost=34.00..3621.63 rows=933 width=4)
	        Recheck Cond: ((id >= 3501936) AND (id <= 3502935))
	        ->  Bitmap Index Scan on sbtest8_pkey  (cost=0.00..33.77 rows=933 width=0)
	              Index Cond: ((id >= 3501936) AND (id <= 3502935))

for: sum_ranges
table 1 : explain SELECT SUM(k) FROM sbtest1 WHERE id BETWEEN 6504058 AND 6505057
	Aggregate  (cost=4290.38..4290.39 rows=1 width=8)
	  ->  Bitmap Heap Scan on sbtest1  (cost=35.82..4287.60 rows=1111 width=4)
	        Recheck Cond: ((id >= 6504058) AND (id <= 6505057))
	        ->  Bitmap Index Scan on sbtest1_pkey  (cost=0.00..35.55 rows=1111 width=0)
	              Index Cond: ((id >= 6504058) AND (id <= 6505057))

table 2 : explain SELECT SUM(k) FROM sbtest2 WHERE id BETWEEN 7436059 AND 7437058
	Aggregate  (cost=3918.46..3918.47 rows=1 width=8)
	  ->  Bitmap Heap Scan on sbtest2  (cost=34.80..3915.93 rows=1011 width=4)
	        Recheck Cond: ((id >= 7436059) AND (id <= 7437058))
	        ->  Bitmap Index Scan on sbtest2_pkey  (cost=0.00..34.55 rows=1011 width=0)
	              Index Cond: ((id >= 7436059) AND (id <= 7437058))

table 3 : explain SELECT SUM(k) FROM sbtest3 WHERE id BETWEEN 94616 AND 95615
	Aggregate  (cost=3881.16..3881.17 rows=1 width=8)
	  ->  Bitmap Heap Scan on sbtest3  (cost=34.70..3878.66 rows=1001 width=4)
	        Recheck Cond: ((id >= 94616) AND (id <= 95615))
	        ->  Bitmap Index Scan on sbtest3_pkey  (cost=0.00..34.45 rows=1001 width=0)
	              Index Cond: ((id >= 94616) AND (id <= 95615))

table 4 : explain SELECT SUM(k) FROM sbtest4 WHERE id BETWEEN 6336920 AND 6337919
	Aggregate  (cost=4223.97..4223.98 rows=1 width=8)
	  ->  Bitmap Heap Scan on sbtest4  (cost=35.61..4221.25 rows=1090 width=4)
	        Recheck Cond: ((id >= 6336920) AND (id <= 6337919))
	        ->  Bitmap Index Scan on sbtest4_pkey  (cost=0.00..35.34 rows=1090 width=0)
	              Index Cond: ((id >= 6336920) AND (id <= 6337919))

table 5 : explain SELECT SUM(k) FROM sbtest5 WHERE id BETWEEN 1278603 AND 1279602
	Aggregate  (cost=3933.33..3933.34 rows=1 width=8)
	  ->  Bitmap Heap Scan on sbtest5  (cost=34.82..3930.80 rows=1013 width=4)
	        Recheck Cond: ((id >= 1278603) AND (id <= 1279602))
	        ->  Bitmap Index Scan on sbtest5_pkey  (cost=0.00..34.57 rows=1013 width=0)
	              Index Cond: ((id >= 1278603) AND (id <= 1279602))

table 6 : explain SELECT SUM(k) FROM sbtest6 WHERE id BETWEEN 1998592 AND 1999591
	Aggregate  (cost=4190.69..4190.70 rows=1 width=8)
	  ->  Bitmap Heap Scan on sbtest6  (cost=35.54..4187.99 rows=1083 width=4)
	        Recheck Cond: ((id >= 1998592) AND (id <= 1999591))
	        ->  Bitmap Index Scan on sbtest6_pkey  (cost=0.00..35.27 rows=1083 width=0)
	              Index Cond: ((id >= 1998592) AND (id <= 1999591))

table 7 : explain SELECT SUM(k) FROM sbtest7 WHERE id BETWEEN 9184104 AND 9185103
	Aggregate  (cost=4214.84..4214.85 rows=1 width=8)
	  ->  Bitmap Heap Scan on sbtest7  (cost=35.61..4212.11 rows=1090 width=4)
	        Recheck Cond: ((id >= 9184104) AND (id <= 9185103))
	        ->  Bitmap Index Scan on sbtest7_pkey  (cost=0.00..35.34 rows=1090 width=0)
	              Index Cond: ((id >= 9184104) AND (id <= 9185103))

table 8 : explain SELECT SUM(k) FROM sbtest8 WHERE id BETWEEN 2211662 AND 2212661
	Aggregate  (cost=3959.80..3959.81 rows=1 width=8)
	  ->  Bitmap Heap Scan on sbtest8  (cost=34.91..3957.25 rows=1022 width=4)
	        Recheck Cond: ((id >= 2211662) AND (id <= 2212661))
	        ->  Bitmap Index Scan on sbtest8_pkey  (cost=0.00..34.66 rows=1022 width=0)
	              Index Cond: ((id >= 2211662) AND (id <= 2212661))

explain: for point_selects :: explain SELECT c FROM sbtest%u WHERE id=%u
explain: for point_selects :: explain SELECT c FROM sbtest%u WHERE id=%u
explain: for point_selects :: explain SELECT c FROM sbtest%u WHERE id=%u
for: order_ranges
table 1 : explain SELECT c FROM sbtest1 WHERE id BETWEEN 6857057 AND 6858056 ORDER BY c
	Sort  (cost=3847.25..3849.70 rows=980 width=121)
	  Sort Key: c
	  ->  Bitmap Heap Scan on sbtest1  (cost=34.48..3798.56 rows=980 width=121)
	        Recheck Cond: ((id >= 6857057) AND (id <= 6858056))
	        ->  Bitmap Index Scan on sbtest1_pkey  (cost=0.00..34.23 rows=980 width=0)
	              Index Cond: ((id >= 6857057) AND (id <= 6858056))

table 2 : explain SELECT c FROM sbtest2 WHERE id BETWEEN 1368580 AND 1369579 ORDER BY c
	Sort  (cost=3947.26..3949.78 rows=1006 width=121)
	  Sort Key: c
	  ->  Bitmap Heap Scan on sbtest2  (cost=34.75..3897.09 rows=1006 width=121)
	        Recheck Cond: ((id >= 1368580) AND (id <= 1369579))
	        ->  Bitmap Index Scan on sbtest2_pkey  (cost=0.00..34.50 rows=1006 width=0)
	              Index Cond: ((id >= 1368580) AND (id <= 1369579))

table 3 : explain SELECT c FROM sbtest3 WHERE id BETWEEN 1948387 AND 1949386 ORDER BY c
	Sort  (cost=4073.84..4076.44 rows=1039 width=121)
	  Sort Key: c
	  ->  Bitmap Heap Scan on sbtest3  (cost=35.08..4021.78 rows=1039 width=121)
	        Recheck Cond: ((id >= 1948387) AND (id <= 1949386))
	        ->  Bitmap Index Scan on sbtest3_pkey  (cost=0.00..34.83 rows=1039 width=0)
	              Index Cond: ((id >= 1948387) AND (id <= 1949386))

table 4 : explain SELECT c FROM sbtest4 WHERE id BETWEEN 6634090 AND 6635089 ORDER BY c
	Sort  (cost=4073.32..4075.91 rows=1037 width=121)
	  Sort Key: c
	  ->  Bitmap Heap Scan on sbtest4  (cost=35.06..4021.37 rows=1037 width=121)
	        Recheck Cond: ((id >= 6634090) AND (id <= 6635089))
	        ->  Bitmap Index Scan on sbtest4_pkey  (cost=0.00..34.81 rows=1037 width=0)
	              Index Cond: ((id >= 6634090) AND (id <= 6635089))

table 5 : explain SELECT c FROM sbtest5 WHERE id BETWEEN 7289016 AND 7290015 ORDER BY c
	Sort  (cost=4268.64..4271.36 rows=1088 width=121)
	  Sort Key: c
	  ->  Bitmap Heap Scan on sbtest5  (cost=35.59..4213.77 rows=1088 width=121)
	        Recheck Cond: ((id >= 7289016) AND (id <= 7290015))
	        ->  Bitmap Index Scan on sbtest5_pkey  (cost=0.00..35.32 rows=1088 width=0)
	              Index Cond: ((id >= 7289016) AND (id <= 7290015))

table 6 : explain SELECT c FROM sbtest6 WHERE id BETWEEN 4043451 AND 4044450 ORDER BY c
	Sort  (cost=4246.39..4249.10 rows=1084 width=121)
	  Sort Key: c
	  ->  Bitmap Heap Scan on sbtest6  (cost=35.55..4191.74 rows=1084 width=121)
	        Recheck Cond: ((id >= 4043451) AND (id <= 4044450))
	        ->  Bitmap Index Scan on sbtest6_pkey  (cost=0.00..35.28 rows=1084 width=0)
	              Index Cond: ((id >= 4043451) AND (id <= 4044450))

table 7 : explain SELECT c FROM sbtest7 WHERE id BETWEEN 498333 AND 499332 ORDER BY c
	Sort  (cost=4499.77..4502.65 rows=1151 width=121)
	  Sort Key: c
	  ->  Bitmap Heap Scan on sbtest7  (cost=40.23..4441.25 rows=1151 width=121)
	        Recheck Cond: ((id >= 498333) AND (id <= 499332))
	        ->  Bitmap Index Scan on sbtest7_pkey  (cost=0.00..39.95 rows=1151 width=0)
	              Index Cond: ((id >= 498333) AND (id <= 499332))

table 8 : explain SELECT c FROM sbtest8 WHERE id BETWEEN 3796054 AND 3797053 ORDER BY c
	Sort  (cost=3782.60..3785.00 rows=963 width=121)
	  Sort Key: c
	  ->  Bitmap Heap Scan on sbtest8  (cost=34.31..3734.87 rows=963 width=121)
	        Recheck Cond: ((id >= 3796054) AND (id <= 3797053))
	        ->  Bitmap Index Scan on sbtest8_pkey  (cost=0.00..34.07 rows=963 width=0)
	              Index Cond: ((id >= 3796054) AND (id <= 3797053))

for point_selects
table 1 : explain SELECT c FROM sbtest1 WHERE id=4178753
	Index Scan using sbtest1_pkey on sbtest1  (cost=0.43..8.45 rows=1 width=121)
	  Index Cond: (id = 4178753)

table 2 : explain SELECT c FROM sbtest2 WHERE id=1885868
	Index Scan using sbtest2_pkey on sbtest2  (cost=0.43..8.45 rows=1 width=121)
	  Index Cond: (id = 1885868)

table 3 : explain SELECT c FROM sbtest3 WHERE id=9819089
	Index Scan using sbtest3_pkey on sbtest3  (cost=0.43..8.45 rows=1 width=121)
	  Index Cond: (id = 9819089)

table 4 : explain SELECT c FROM sbtest4 WHERE id=4973140
	Index Scan using sbtest4_pkey on sbtest4  (cost=0.43..8.45 rows=1 width=121)
	  Index Cond: (id = 4973140)

table 5 : explain SELECT c FROM sbtest5 WHERE id=4008679
	Index Scan using sbtest5_pkey on sbtest5  (cost=0.43..8.45 rows=1 width=121)
	  Index Cond: (id = 4008679)

table 6 : explain SELECT c FROM sbtest6 WHERE id=1032829
	Index Scan using sbtest6_pkey on sbtest6  (cost=0.43..8.45 rows=1 width=121)
	  Index Cond: (id = 1032829)

table 7 : explain SELECT c FROM sbtest7 WHERE id=2615943
	Index Scan using sbtest7_pkey on sbtest7  (cost=0.43..8.45 rows=1 width=121)
	  Index Cond: (id = 2615943)

table 8 : explain SELECT c FROM sbtest8 WHERE id=7942902
	Index Scan using sbtest8_pkey on sbtest8  (cost=0.43..8.45 rows=1 width=121)
	  Index Cond: (id = 7942902)

for: sum_ranges
table 1 : explain SELECT SUM(k) FROM sbtest1 WHERE id BETWEEN 2448827 AND 2449826
	Aggregate  (cost=4177.61..4177.62 rows=1 width=8)
	  ->  Bitmap Heap Scan on sbtest1  (cost=35.51..4174.91 rows=1080 width=4)
	        Recheck Cond: ((id >= 2448827) AND (id <= 2449826))
	        ->  Bitmap Index Scan on sbtest1_pkey  (cost=0.00..35.23 rows=1080 width=0)
	              Index Cond: ((id >= 2448827) AND (id <= 2449826))

table 2 : explain SELECT SUM(k) FROM sbtest2 WHERE id BETWEEN 9466015 AND 9467014
	Aggregate  (cost=3771.36..3771.37 rows=1 width=8)
	  ->  Bitmap Heap Scan on sbtest2  (cost=34.40..3768.93 rows=972 width=4)
	        Recheck Cond: ((id >= 9466015) AND (id <= 9467014))
	        ->  Bitmap Index Scan on sbtest2_pkey  (cost=0.00..34.16 rows=972 width=0)
	              Index Cond: ((id >= 9466015) AND (id <= 9467014))

table 3 : explain SELECT SUM(k) FROM sbtest3 WHERE id BETWEEN 3691347 AND 3692346
	Aggregate  (cost=3873.62..3873.63 rows=1 width=8)
	  ->  Bitmap Heap Scan on sbtest3  (cost=34.67..3871.12 rows=999 width=4)
	        Recheck Cond: ((id >= 3691347) AND (id <= 3692346))
	        ->  Bitmap Index Scan on sbtest3_pkey  (cost=0.00..34.43 rows=999 width=0)
	              Index Cond: ((id >= 3691347) AND (id <= 3692346))

table 4 : explain SELECT SUM(k) FROM sbtest4 WHERE id BETWEEN 318547 AND 319546
	Aggregate  (cost=3997.52..3997.53 rows=1 width=8)
	  ->  Bitmap Heap Scan on sbtest4  (cost=34.99..3994.95 rows=1030 width=4)
	        Recheck Cond: ((id >= 318547) AND (id <= 319546))
	        ->  Bitmap Index Scan on sbtest4_pkey  (cost=0.00..34.73 rows=1030 width=0)
	              Index Cond: ((id >= 318547) AND (id <= 319546))

table 5 : explain SELECT SUM(k) FROM sbtest5 WHERE id BETWEEN 6418688 AND 6419687
	Aggregate  (cost=4058.01..4058.02 rows=1 width=8)
	  ->  Bitmap Heap Scan on sbtest5  (cost=35.16..4055.39 rows=1046 width=4)
	        Recheck Cond: ((id >= 6418688) AND (id <= 6419687))
	        ->  Bitmap Index Scan on sbtest5_pkey  (cost=0.00..34.90 rows=1046 width=0)
	              Index Cond: ((id >= 6418688) AND (id <= 6419687))

table 6 : explain SELECT SUM(k) FROM sbtest6 WHERE id BETWEEN 8941093 AND 8942092
	Aggregate  (cost=3745.92..3745.93 rows=1 width=8)
	  ->  Bitmap Heap Scan on sbtest6  (cost=34.33..3743.51 rows=965 width=4)
	        Recheck Cond: ((id >= 8941093) AND (id <= 8942092))
	        ->  Bitmap Index Scan on sbtest6_pkey  (cost=0.00..34.09 rows=965 width=0)
	              Index Cond: ((id >= 8941093) AND (id <= 8942092))

table 7 : explain SELECT SUM(k) FROM sbtest7 WHERE id BETWEEN 981413 AND 982412
	Aggregate  (cost=4120.85..4120.86 rows=1 width=8)
	  ->  Bitmap Heap Scan on sbtest7  (cost=35.35..4118.19 rows=1065 width=4)
	        Recheck Cond: ((id >= 981413) AND (id <= 982412))
	        ->  Bitmap Index Scan on sbtest7_pkey  (cost=0.00..35.09 rows=1065 width=0)
	              Index Cond: ((id >= 981413) AND (id <= 982412))

table 8 : explain SELECT SUM(k) FROM sbtest8 WHERE id BETWEEN 8050620 AND 8051619
	Aggregate  (cost=3959.80..3959.81 rows=1 width=8)
	  ->  Bitmap Heap Scan on sbtest8  (cost=34.91..3957.25 rows=1022 width=4)
	        Recheck Cond: ((id >= 8050620) AND (id <= 8051619))
	        ->  Bitmap Index Scan on sbtest8_pkey  (cost=0.00..34.66 rows=1022 width=0)
	              Index Cond: ((id >= 8050620) AND (id <= 8051619))

for: simple_ranges
table 1 : explain SELECT c FROM sbtest1 WHERE id BETWEEN 9609622 AND 9610621
	Bitmap Heap Scan on sbtest1  (cost=35.94..4328.88 rows=1122 width=121)
	  Recheck Cond: ((id >= 9609622) AND (id <= 9610621))
	  ->  Bitmap Index Scan on sbtest1_pkey  (cost=0.00..35.66 rows=1122 width=0)
	        Index Cond: ((id >= 9609622) AND (id <= 9610621))

table 2 : explain SELECT c FROM sbtest2 WHERE id BETWEEN 5927002 AND 5928001
	Bitmap Heap Scan on sbtest2  (cost=35.84..4295.76 rows=1113 width=121)
	  Recheck Cond: ((id >= 5927002) AND (id <= 5928001))
	  ->  Bitmap Index Scan on sbtest2_pkey  (cost=0.00..35.57 rows=1113 width=0)
	        Index Cond: ((id >= 5927002) AND (id <= 5928001))

table 3 : explain SELECT c FROM sbtest3 WHERE id BETWEEN 4216387 AND 4217386
	Bitmap Heap Scan on sbtest3  (cost=34.46..3791.95 rows=978 width=121)
	  Recheck Cond: ((id >= 4216387) AND (id <= 4217386))
	  ->  Bitmap Index Scan on sbtest3_pkey  (cost=0.00..34.22 rows=978 width=0)
	        Index Cond: ((id >= 4216387) AND (id <= 4217386))

table 4 : explain SELECT c FROM sbtest4 WHERE id BETWEEN 4623991 AND 4624990
	Bitmap Heap Scan on sbtest4  (cost=34.54..3828.72 rows=986 width=121)
	  Recheck Cond: ((id >= 4623991) AND (id <= 4624990))
	  ->  Bitmap Index Scan on sbtest4_pkey  (cost=0.00..34.30 rows=986 width=0)
	        Index Cond: ((id >= 4623991) AND (id <= 4624990))

table 5 : explain SELECT c FROM sbtest5 WHERE id BETWEEN 3914439 AND 3915438
	Bitmap Heap Scan on sbtest5  (cost=35.17..4059.16 rows=1047 width=121)
	  Recheck Cond: ((id >= 3914439) AND (id <= 3915438))
	  ->  Bitmap Index Scan on sbtest5_pkey  (cost=0.00..34.91 rows=1047 width=0)
	        Index Cond: ((id >= 3914439) AND (id <= 3915438))

table 6 : explain SELECT c FROM sbtest6 WHERE id BETWEEN 4420959 AND 4421958
	Bitmap Heap Scan on sbtest6  (cost=34.71..3883.07 rows=1002 width=121)
	  Recheck Cond: ((id >= 4420959) AND (id <= 4421958))
	  ->  Bitmap Index Scan on sbtest6_pkey  (cost=0.00..34.45 rows=1002 width=0)
	        Index Cond: ((id >= 4420959) AND (id <= 4421958))

table 7 : explain SELECT c FROM sbtest7 WHERE id BETWEEN 4126462 AND 4127461
	Bitmap Heap Scan on sbtest7  (cost=34.48..3798.25 rows=980 width=121)
	  Recheck Cond: ((id >= 4126462) AND (id <= 4127461))
	  ->  Bitmap Index Scan on sbtest7_pkey  (cost=0.00..34.23 rows=980 width=0)
	        Index Cond: ((id >= 4126462) AND (id <= 4127461))

table 8 : explain SELECT c FROM sbtest8 WHERE id BETWEEN 1371703 AND 1372702
	Bitmap Heap Scan on sbtest8  (cost=34.18..3689.59 rows=951 width=121)
	  Recheck Cond: ((id >= 1371703) AND (id <= 1372702))
	  ->  Bitmap Index Scan on sbtest8_pkey  (cost=0.00..33.95 rows=951 width=0)
	        Index Cond: ((id >= 1371703) AND (id <= 1372702))

for point_selects
table 1 : explain SELECT c FROM sbtest1 WHERE id=1521799
	Index Scan using sbtest1_pkey on sbtest1  (cost=0.43..8.45 rows=1 width=121)
	  Index Cond: (id = 1521799)

table 2 : explain SELECT c FROM sbtest2 WHERE id=1527004
	Index Scan using sbtest2_pkey on sbtest2  (cost=0.43..8.45 rows=1 width=121)
	  Index Cond: (id = 1527004)

table 3 : explain SELECT c FROM sbtest3 WHERE id=6448253
	Index Scan using sbtest3_pkey on sbtest3  (cost=0.43..8.45 rows=1 width=121)
	  Index Cond: (id = 6448253)

table 4 : explain SELECT c FROM sbtest4 WHERE id=1742457
	Index Scan using sbtest4_pkey on sbtest4  (cost=0.43..8.45 rows=1 width=121)
	  Index Cond: (id = 1742457)

table 5 : explain SELECT c FROM sbtest5 WHERE id=8973154
	Index Scan using sbtest5_pkey on sbtest5  (cost=0.43..8.45 rows=1 width=121)
	  Index Cond: (id = 8973154)

table 6 : explain SELECT c FROM sbtest6 WHERE id=5604624
	Index Scan using sbtest6_pkey on sbtest6  (cost=0.43..8.45 rows=1 width=121)
	  Index Cond: (id = 5604624)

table 7 : explain SELECT c FROM sbtest7 WHERE id=7562327
	Index Scan using sbtest7_pkey on sbtest7  (cost=0.43..8.45 rows=1 width=121)
	  Index Cond: (id = 7562327)

table 8 : explain SELECT c FROM sbtest8 WHERE id=6791656
	Index Scan using sbtest8_pkey on sbtest8  (cost=0.43..8.45 rows=1 width=121)
	  Index Cond: (id = 6791656)

for: sum_ranges
table 1 : explain SELECT SUM(k) FROM sbtest1 WHERE id BETWEEN 7134105 AND 7135104
	Aggregate  (cost=4042.18..4042.19 rows=1 width=8)
	  ->  Bitmap Heap Scan on sbtest1  (cost=35.14..4039.57 rows=1044 width=4)
	        Recheck Cond: ((id >= 7134105) AND (id <= 7135104))
	        ->  Bitmap Index Scan on sbtest1_pkey  (cost=0.00..34.88 rows=1044 width=0)
	              Index Cond: ((id >= 7134105) AND (id <= 7135104))

table 2 : explain SELECT SUM(k) FROM sbtest2 WHERE id BETWEEN 9387132 AND 9388131
	Aggregate  (cost=3771.36..3771.37 rows=1 width=8)
	  ->  Bitmap Heap Scan on sbtest2  (cost=34.40..3768.93 rows=972 width=4)
	        Recheck Cond: ((id >= 9387132) AND (id <= 9388131))
	        ->  Bitmap Index Scan on sbtest2_pkey  (cost=0.00..34.16 rows=972 width=0)
	              Index Cond: ((id >= 9387132) AND (id <= 9388131))

table 3 : explain SELECT SUM(k) FROM sbtest3 WHERE id BETWEEN 7689110 AND 7690109
	Aggregate  (cost=4077.09..4077.10 rows=1 width=8)
	  ->  Bitmap Heap Scan on sbtest3  (cost=35.23..4074.46 rows=1053 width=4)
	        Recheck Cond: ((id >= 7689110) AND (id <= 7690109))
	        ->  Bitmap Index Scan on sbtest3_pkey  (cost=0.00..34.97 rows=1053 width=0)
	              Index Cond: ((id >= 7689110) AND (id <= 7690109))

table 4 : explain SELECT SUM(k) FROM sbtest4 WHERE id BETWEEN 5604457 AND 5605456
	Aggregate  (cost=4197.57..4197.58 rows=1 width=8)
	  ->  Bitmap Heap Scan on sbtest4  (cost=35.54..4194.87 rows=1083 width=4)
	        Recheck Cond: ((id >= 5604457) AND (id <= 5605456))
	        ->  Bitmap Index Scan on sbtest4_pkey  (cost=0.00..35.27 rows=1083 width=0)
	              Index Cond: ((id >= 5604457) AND (id <= 5605456))

table 5 : explain SELECT SUM(k) FROM sbtest5 WHERE id BETWEEN 4788522 AND 4789521
	Aggregate  (cost=3993.80..3993.81 rows=1 width=8)
	  ->  Bitmap Heap Scan on sbtest5  (cost=34.98..3991.22 rows=1029 width=4)
	        Recheck Cond: ((id >= 4788522) AND (id <= 4789521))
	        ->  Bitmap Index Scan on sbtest5_pkey  (cost=0.00..34.73 rows=1029 width=0)
	              Index Cond: ((id >= 4788522) AND (id <= 4789521))

table 6 : explain SELECT SUM(k) FROM sbtest6 WHERE id BETWEEN 2458088 AND 2459087
	Aggregate  (cost=3632.56..3632.57 rows=1 width=8)
	  ->  Bitmap Heap Scan on sbtest6  (cost=34.02..3630.22 rows=935 width=4)
	        Recheck Cond: ((id >= 2458088) AND (id <= 2459087))
	        ->  Bitmap Index Scan on sbtest6_pkey  (cost=0.00..33.79 rows=935 width=0)
	              Index Cond: ((id >= 2458088) AND (id <= 2459087))

table 7 : explain SELECT SUM(k) FROM sbtest7 WHERE id BETWEEN 1469893 AND 1470892
	Aggregate  (cost=3955.24..3955.25 rows=1 width=8)
	  ->  Bitmap Heap Scan on sbtest7  (cost=34.90..3952.69 rows=1021 width=4)
	        Recheck Cond: ((id >= 1469893) AND (id <= 1470892))
	        ->  Bitmap Index Scan on sbtest7_pkey  (cost=0.00..34.65 rows=1021 width=0)
	              Index Cond: ((id >= 1469893) AND (id <= 1470892))

table 8 : explain SELECT SUM(k) FROM sbtest8 WHERE id BETWEEN 3141664 AND 3142663
	Aggregate  (cost=3767.48..3767.49 rows=1 width=8)
	  ->  Bitmap Heap Scan on sbtest8  (cost=34.39..3765.05 rows=971 width=4)
	        Recheck Cond: ((id >= 3141664) AND (id <= 3142663))
	        ->  Bitmap Index Scan on sbtest8_pkey  (cost=0.00..34.15 rows=971 width=0)
	              Index Cond: ((id >= 3141664) AND (id <= 3142663))

for point_selects
table 1 : explain SELECT c FROM sbtest1 WHERE id=7374459
	Index Scan using sbtest1_pkey on sbtest1  (cost=0.43..8.45 rows=1 width=121)
	  Index Cond: (id = 7374459)

table 2 : explain SELECT c FROM sbtest2 WHERE id=6604736
	Index Scan using sbtest2_pkey on sbtest2  (cost=0.43..8.45 rows=1 width=121)
	  Index Cond: (id = 6604736)

table 3 : explain SELECT c FROM sbtest3 WHERE id=6671028
	Index Scan using sbtest3_pkey on sbtest3  (cost=0.43..8.45 rows=1 width=121)
	  Index Cond: (id = 6671028)

table 4 : explain SELECT c FROM sbtest4 WHERE id=5993629
	Index Scan using sbtest4_pkey on sbtest4  (cost=0.43..8.45 rows=1 width=121)
	  Index Cond: (id = 5993629)

table 5 : explain SELECT c FROM sbtest5 WHERE id=3338919
	Index Scan using sbtest5_pkey on sbtest5  (cost=0.43..8.45 rows=1 width=121)
	  Index Cond: (id = 3338919)

table 6 : explain SELECT c FROM sbtest6 WHERE id=1893864
	Index Scan using sbtest6_pkey on sbtest6  (cost=0.43..8.45 rows=1 width=121)
	  Index Cond: (id = 1893864)

table 7 : explain SELECT c FROM sbtest7 WHERE id=9832028
	Index Scan using sbtest7_pkey on sbtest7  (cost=0.43..8.45 rows=1 width=121)
	  Index Cond: (id = 9832028)

table 8 : explain SELECT c FROM sbtest8 WHERE id=1209180
	Index Scan using sbtest8_pkey on sbtest8  (cost=0.43..8.45 rows=1 width=121)
	  Index Cond: (id = 1209180)

for: order_ranges
table 1 : explain SELECT c FROM sbtest1 WHERE id BETWEEN 7324373 AND 7325372 ORDER BY c
	Sort  (cost=3854.90..3857.36 rows=982 width=121)
	  Sort Key: c
	  ->  Bitmap Heap Scan on sbtest1  (cost=34.50..3806.10 rows=982 width=121)
	        Recheck Cond: ((id >= 7324373) AND (id <= 7325372))
	        ->  Bitmap Index Scan on sbtest1_pkey  (cost=0.00..34.26 rows=982 width=0)
	              Index Cond: ((id >= 7324373) AND (id <= 7325372))

table 2 : explain SELECT c FROM sbtest2 WHERE id BETWEEN 9657361 AND 9658360 ORDER BY c
	Sort  (cost=3901.36..3903.85 rows=994 width=121)
	  Sort Key: c
	  ->  Bitmap Heap Scan on sbtest2  (cost=34.62..3851.87 rows=994 width=121)
	        Recheck Cond: ((id >= 9657361) AND (id <= 9658360))
	        ->  Bitmap Index Scan on sbtest2_pkey  (cost=0.00..34.38 rows=994 width=0)
	              Index Cond: ((id >= 9657361) AND (id <= 9658360))

table 3 : explain SELECT c FROM sbtest3 WHERE id BETWEEN 3013048 AND 3014047 ORDER BY c
	Sort  (cost=4253.30..4256.02 rows=1086 width=121)
	  Sort Key: c
	  ->  Bitmap Heap Scan on sbtest3  (cost=35.57..4198.54 rows=1086 width=121)
	        Recheck Cond: ((id >= 3013048) AND (id <= 3014047))
	        ->  Bitmap Index Scan on sbtest3_pkey  (cost=0.00..35.30 rows=1086 width=0)
	              Index Cond: ((id >= 3013048) AND (id <= 3014047))

table 4 : explain SELECT c FROM sbtest4 WHERE id BETWEEN 1103000 AND 1103999 ORDER BY c
	Sort  (cost=3927.63..3930.12 rows=999 width=121)
	  Sort Key: c
	  ->  Bitmap Heap Scan on sbtest4  (cost=34.67..3877.86 rows=999 width=121)
	        Recheck Cond: ((id >= 1103000) AND (id <= 1103999))
	        ->  Bitmap Index Scan on sbtest4_pkey  (cost=0.00..34.43 rows=999 width=0)
	              Index Cond: ((id >= 1103000) AND (id <= 1103999))

table 5 : explain SELECT c FROM sbtest5 WHERE id BETWEEN 1111805 AND 1112804 ORDER BY c
	Sort  (cost=4264.82..4267.53 rows=1087 width=121)
	  Sort Key: c
	  ->  Bitmap Heap Scan on sbtest5  (cost=35.58..4210.00 rows=1087 width=121)
	        Recheck Cond: ((id >= 1111805) AND (id <= 1112804))
	        ->  Bitmap Index Scan on sbtest5_pkey  (cost=0.00..35.31 rows=1087 width=0)
	              Index Cond: ((id >= 1111805) AND (id <= 1112804))

table 6 : explain SELECT c FROM sbtest6 WHERE id BETWEEN 5251318 AND 5252317 ORDER BY c
	Sort  (cost=3806.67..3809.09 rows=969 width=121)
	  Sort Key: c
	  ->  Bitmap Heap Scan on sbtest6  (cost=34.37..3758.61 rows=969 width=121)
	        Recheck Cond: ((id >= 5251318) AND (id <= 5252317))
	        ->  Bitmap Index Scan on sbtest6_pkey  (cost=0.00..34.12 rows=969 width=0)
	              Index Cond: ((id >= 5251318) AND (id <= 5252317))

table 7 : explain SELECT c FROM sbtest7 WHERE id BETWEEN 2833350 AND 2834349 ORDER BY c
	Sort  (cost=4083.94..4086.54 rows=1042 width=121)
	  Sort Key: c
	  ->  Bitmap Heap Scan on sbtest7  (cost=35.12..4031.71 rows=1042 width=121)
	        Recheck Cond: ((id >= 2833350) AND (id <= 2834349))
	        ->  Bitmap Index Scan on sbtest7_pkey  (cost=0.00..34.86 rows=1042 width=0)
	              Index Cond: ((id >= 2833350) AND (id <= 2834349))

table 8 : explain SELECT c FROM sbtest8 WHERE id BETWEEN 9738891 AND 9739890 ORDER BY c
	Sort  (cost=3709.81..3712.17 rows=944 width=121)
	  Sort Key: c
	  ->  Bitmap Heap Scan on sbtest8  (cost=34.11..3663.17 rows=944 width=121)
	        Recheck Cond: ((id >= 9738891) AND (id <= 9739890))
	        ->  Bitmap Index Scan on sbtest8_pkey  (cost=0.00..33.88 rows=944 width=0)
	              Index Cond: ((id >= 9738891) AND (id <= 9739890))

for: simple_ranges
table 1 : explain SELECT c FROM sbtest1 WHERE id BETWEEN 4210284 AND 4211283
	Bitmap Heap Scan on sbtest1  (cost=34.65..3862.63 rows=997 width=121)
	  Recheck Cond: ((id >= 4210284) AND (id <= 4211283))
	  ->  Bitmap Index Scan on sbtest1_pkey  (cost=0.00..34.41 rows=997 width=0)
	        Index Cond: ((id >= 4210284) AND (id <= 4211283))

table 2 : explain SELECT c FROM sbtest2 WHERE id BETWEEN 3441671 AND 3442670
	Bitmap Heap Scan on sbtest2  (cost=35.54..4186.81 rows=1083 width=121)
	  Recheck Cond: ((id >= 3441671) AND (id <= 3442670))
	  ->  Bitmap Index Scan on sbtest2_pkey  (cost=0.00..35.27 rows=1083 width=0)
	        Index Cond: ((id >= 3441671) AND (id <= 3442670))

table 3 : explain SELECT c FROM sbtest3 WHERE id BETWEEN 7819396 AND 7820395
	Bitmap Heap Scan on sbtest3  (cost=34.79..3912.57 rows=1010 width=121)
	  Recheck Cond: ((id >= 7819396) AND (id <= 7820395))
	  ->  Bitmap Index Scan on sbtest3_pkey  (cost=0.00..34.54 rows=1010 width=0)
	        Index Cond: ((id >= 7819396) AND (id <= 7820395))

table 4 : explain SELECT c FROM sbtest4 WHERE id BETWEEN 3962036 AND 3963035
	Bitmap Heap Scan on sbtest4  (cost=39.98..4360.82 rows=1126 width=121)
	  Recheck Cond: ((id >= 3962036) AND (id <= 3963035))
	  ->  Bitmap Index Scan on sbtest4_pkey  (cost=0.00..39.70 rows=1126 width=0)
	        Index Cond: ((id >= 3962036) AND (id <= 3963035))

table 5 : explain SELECT c FROM sbtest5 WHERE id BETWEEN 5975465 AND 5976464
	Bitmap Heap Scan on sbtest5  (cost=34.76..3908.14 rows=1007 width=121)
	  Recheck Cond: ((id >= 5975465) AND (id <= 5976464))
	  ->  Bitmap Index Scan on sbtest5_pkey  (cost=0.00..34.51 rows=1007 width=0)
	        Index Cond: ((id >= 5975465) AND (id <= 5976464))

table 6 : explain SELECT c FROM sbtest6 WHERE id BETWEEN 9440725 AND 9441724
	Bitmap Heap Scan on sbtest6  (cost=34.95..3973.50 rows=1026 width=121)
	  Recheck Cond: ((id >= 9440725) AND (id <= 9441724))
	  ->  Bitmap Index Scan on sbtest6_pkey  (cost=0.00..34.70 rows=1026 width=0)
	        Index Cond: ((id >= 9440725) AND (id <= 9441724))

table 7 : explain SELECT c FROM sbtest7 WHERE id BETWEEN 5090819 AND 5091818
	Bitmap Heap Scan on sbtest7  (cost=33.90..3583.17 rows=923 width=121)
	  Recheck Cond: ((id >= 5090819) AND (id <= 5091818))
	  ->  Bitmap Index Scan on sbtest7_pkey  (cost=0.00..33.67 rows=923 width=0)
	        Index Cond: ((id >= 5090819) AND (id <= 5091818))

table 8 : explain SELECT c FROM sbtest8 WHERE id BETWEEN 7716750 AND 7717749
	Bitmap Heap Scan on sbtest8  (cost=34.80..3915.82 rows=1011 width=121)
	  Recheck Cond: ((id >= 7716750) AND (id <= 7717749))
	  ->  Bitmap Index Scan on sbtest8_pkey  (cost=0.00..34.55 rows=1011 width=0)
	        Index Cond: ((id >= 7716750) AND (id <= 7717749))

for: distinct_ranges
table 1 : explain SELECT DISTINCT c FROM sbtest1 WHERE id BETWEEN 3126450 AND 3127449 ORDER BY c
	Unique  (cost=3709.23..3713.96 rows=945 width=121)
	  ->  Sort  (cost=3709.23..3711.59 rows=945 width=121)
	        Sort Key: c
	        ->  Bitmap Heap Scan on sbtest1  (cost=30.12..3662.53 rows=945 width=121)
	              Recheck Cond: ((id >= 3126450) AND (id <= 3127449))
	              ->  Bitmap Index Scan on sbtest1_pkey  (cost=0.00..29.89 rows=945 width=0)
	                    Index Cond: ((id >= 3126450) AND (id <= 3127449))

table 2 : explain SELECT DISTINCT c FROM sbtest2 WHERE id BETWEEN 5447238 AND 5448237 ORDER BY c
	Unique  (cost=4008.44..4013.55 rows=1022 width=121)
	  ->  Sort  (cost=4008.44..4011.00 rows=1022 width=121)
	        Sort Key: c
	        ->  Bitmap Heap Scan on sbtest2  (cost=34.91..3957.35 rows=1022 width=121)
	              Recheck Cond: ((id >= 5447238) AND (id <= 5448237))
	              ->  Bitmap Index Scan on sbtest2_pkey  (cost=0.00..34.66 rows=1022 width=0)
	                    Index Cond: ((id >= 5447238) AND (id <= 5448237))

table 3 : explain SELECT DISTINCT c FROM sbtest3 WHERE id BETWEEN 7570996 AND 7571995 ORDER BY c
	Unique  (cost=4108.22..4113.46 rows=1048 width=121)
	  ->  Sort  (cost=4108.22..4110.84 rows=1048 width=121)
	        Sort Key: c
	        ->  Bitmap Heap Scan on sbtest3  (cost=35.18..4055.65 rows=1048 width=121)
	              Recheck Cond: ((id >= 7570996) AND (id <= 7571995))
	              ->  Bitmap Index Scan on sbtest3_pkey  (cost=0.00..34.92 rows=1048 width=0)
	                    Index Cond: ((id >= 7570996) AND (id <= 7571995))

table 4 : explain SELECT DISTINCT c FROM sbtest4 WHERE id BETWEEN 7962131 AND 7963130 ORDER BY c
	Unique  (cost=4088.64..4093.85 rows=1041 width=121)
	  ->  Sort  (cost=4088.64..4091.24 rows=1041 width=121)
	        Sort Key: c
	        ->  Bitmap Heap Scan on sbtest4  (cost=35.11..4036.47 rows=1041 width=121)
	              Recheck Cond: ((id >= 7962131) AND (id <= 7963130))
	              ->  Bitmap Index Scan on sbtest4_pkey  (cost=0.00..34.84 rows=1041 width=0)
	                    Index Cond: ((id >= 7962131) AND (id <= 7963130))

table 5 : explain SELECT DISTINCT c FROM sbtest5 WHERE id BETWEEN 1658553 AND 1659552 ORDER BY c
	Unique  (cost=4008.21..4013.31 rows=1020 width=121)
	  ->  Sort  (cost=4008.21..4010.76 rows=1020 width=121)
	        Sort Key: c
	        ->  Bitmap Heap Scan on sbtest5  (cost=34.89..3957.24 rows=1020 width=121)
	              Recheck Cond: ((id >= 1658553) AND (id <= 1659552))
	              ->  Bitmap Index Scan on sbtest5_pkey  (cost=0.00..34.64 rows=1020 width=0)
	                    Index Cond: ((id >= 1658553) AND (id <= 1659552))

table 6 : explain SELECT DISTINCT c FROM sbtest6 WHERE id BETWEEN 8880126 AND 8881125 ORDER BY c
	Unique  (cost=3741.53..3746.29 rows=952 width=121)
	  ->  Sort  (cost=3741.53..3743.91 rows=952 width=121)
	        Sort Key: c
	        ->  Bitmap Heap Scan on sbtest6  (cost=34.19..3694.43 rows=952 width=121)
	              Recheck Cond: ((id >= 8880126) AND (id <= 8881125))
	              ->  Bitmap Index Scan on sbtest6_pkey  (cost=0.00..33.95 rows=952 width=0)
	                    Index Cond: ((id >= 8880126) AND (id <= 8881125))

table 7 : explain SELECT DISTINCT c FROM sbtest7 WHERE id BETWEEN 3940218 AND 3941217 ORDER BY c
	Unique  (cost=3881.37..3886.31 rows=989 width=121)
	  ->  Sort  (cost=3881.37..3883.84 rows=989 width=121)
	        Sort Key: c
	        ->  Bitmap Heap Scan on sbtest7  (cost=34.57..3832.17 rows=989 width=121)
	              Recheck Cond: ((id >= 3940218) AND (id <= 3941217))
	              ->  Bitmap Index Scan on sbtest7_pkey  (cost=0.00..34.33 rows=989 width=0)
	                    Index Cond: ((id >= 3940218) AND (id <= 3941217))

table 8 : explain SELECT DISTINCT c FROM sbtest8 WHERE id BETWEEN 382698 AND 383697 ORDER BY c
	Unique  (cost=3855.34..3860.25 rows=982 width=121)
	  ->  Sort  (cost=3855.34..3857.79 rows=982 width=121)
	        Sort Key: c
	        ->  Bitmap Heap Scan on sbtest8  (cost=34.50..3806.53 rows=982 width=121)
	              Recheck Cond: ((id >= 382698) AND (id <= 383697))
	              ->  Bitmap Index Scan on sbtest8_pkey  (cost=0.00..34.26 rows=982 width=0)
	                    Index Cond: ((id >= 382698) AND (id <= 383697))

for point_selects
table 1 : explain SELECT c FROM sbtest1 WHERE id=1823500
	Index Scan using sbtest1_pkey on sbtest1  (cost=0.43..8.45 rows=1 width=121)
	  Index Cond: (id = 1823500)

table 2 : explain SELECT c FROM sbtest2 WHERE id=289220
	Index Scan using sbtest2_pkey on sbtest2  (cost=0.43..8.45 rows=1 width=121)
	  Index Cond: (id = 289220)

table 3 : explain SELECT c FROM sbtest3 WHERE id=6676888
	Index Scan using sbtest3_pkey on sbtest3  (cost=0.43..8.45 rows=1 width=121)
	  Index Cond: (id = 6676888)

table 4 : explain SELECT c FROM sbtest4 WHERE id=2949115
	Index Scan using sbtest4_pkey on sbtest4  (cost=0.43..8.45 rows=1 width=121)
	  Index Cond: (id = 2949115)

table 5 : explain SELECT c FROM sbtest5 WHERE id=3084173
	Index Scan using sbtest5_pkey on sbtest5  (cost=0.43..8.45 rows=1 width=121)
	  Index Cond: (id = 3084173)

table 6 : explain SELECT c FROM sbtest6 WHERE id=2962487
	Index Scan using sbtest6_pkey on sbtest6  (cost=0.43..8.45 rows=1 width=121)
	  Index Cond: (id = 2962487)

table 7 : explain SELECT c FROM sbtest7 WHERE id=6002666
	Index Scan using sbtest7_pkey on sbtest7  (cost=0.43..8.45 rows=1 width=121)
	  Index Cond: (id = 6002666)

table 8 : explain SELECT c FROM sbtest8 WHERE id=5146082
	Index Scan using sbtest8_pkey on sbtest8  (cost=0.43..8.45 rows=1 width=121)
	  Index Cond: (id = 5146082)

for: simple_ranges
table 1 : explain SELECT c FROM sbtest1 WHERE id BETWEEN 6807333 AND 6808332
	Bitmap Heap Scan on sbtest1  (cost=34.48..3798.56 rows=980 width=121)
	  Recheck Cond: ((id >= 6807333) AND (id <= 6808332))
	  ->  Bitmap Index Scan on sbtest1_pkey  (cost=0.00..34.23 rows=980 width=0)
	        Index Cond: ((id >= 6807333) AND (id <= 6808332))

table 2 : explain SELECT c FROM sbtest2 WHERE id BETWEEN 7945208 AND 7946207
	Bitmap Heap Scan on sbtest2  (cost=34.21..3701.01 rows=954 width=121)
	  Recheck Cond: ((id >= 7945208) AND (id <= 7946207))
	  ->  Bitmap Index Scan on sbtest2_pkey  (cost=0.00..33.98 rows=954 width=0)
	        Index Cond: ((id >= 7945208) AND (id <= 7946207))

table 3 : explain SELECT c FROM sbtest3 WHERE id BETWEEN 2388954 AND 2389953
	Bitmap Heap Scan on sbtest3  (cost=29.93..3591.65 rows=926 width=121)
	  Recheck Cond: ((id >= 2388954) AND (id <= 2389953))
	  ->  Bitmap Index Scan on sbtest3_pkey  (cost=0.00..29.69 rows=926 width=0)
	        Index Cond: ((id >= 2388954) AND (id <= 2389953))

table 4 : explain SELECT c FROM sbtest4 WHERE id BETWEEN 1937320 AND 1938319
	Bitmap Heap Scan on sbtest4  (cost=29.85..3571.13 rows=919 width=121)
	  Recheck Cond: ((id >= 1937320) AND (id <= 1938319))
	  ->  Bitmap Index Scan on sbtest4_pkey  (cost=0.00..29.62 rows=919 width=0)
	        Index Cond: ((id >= 1937320) AND (id <= 1938319))

table 5 : explain SELECT c FROM sbtest5 WHERE id BETWEEN 5463140 AND 5464139
	Bitmap Heap Scan on sbtest5  (cost=34.61..3855.23 rows=993 width=121)
	  Recheck Cond: ((id >= 5463140) AND (id <= 5464139))
	  ->  Bitmap Index Scan on sbtest5_pkey  (cost=0.00..34.37 rows=993 width=0)
	        Index Cond: ((id >= 5463140) AND (id <= 5464139))

table 6 : explain SELECT c FROM sbtest6 WHERE id BETWEEN 8141962 AND 8142961
	Bitmap Heap Scan on sbtest6  (cost=35.15..4045.04 rows=1045 width=121)
	  Recheck Cond: ((id >= 8141962) AND (id <= 8142961))
	  ->  Bitmap Index Scan on sbtest6_pkey  (cost=0.00..34.89 rows=1045 width=0)
	        Index Cond: ((id >= 8141962) AND (id <= 8142961))

table 7 : explain SELECT c FROM sbtest7 WHERE id BETWEEN 6649397 AND 6650396
	Bitmap Heap Scan on sbtest7  (cost=29.45..3416.63 rows=880 width=121)
	  Recheck Cond: ((id >= 6649397) AND (id <= 6650396))
	  ->  Bitmap Index Scan on sbtest7_pkey  (cost=0.00..29.23 rows=880 width=0)
	        Index Cond: ((id >= 6649397) AND (id <= 6650396))

table 8 : explain SELECT c FROM sbtest8 WHERE id BETWEEN 8333562 AND 8334561
	Bitmap Heap Scan on sbtest8  (cost=34.77..3904.52 rows=1008 width=121)
	  Recheck Cond: ((id >= 8333562) AND (id <= 8334561))
	  ->  Bitmap Index Scan on sbtest8_pkey  (cost=0.00..34.52 rows=1008 width=0)
	        Index Cond: ((id >= 8333562) AND (id <= 8334561))

for: sum_ranges
table 1 : explain SELECT SUM(k) FROM sbtest1 WHERE id BETWEEN 2513428 AND 2514427
	Aggregate  (cost=4023.36..4023.37 rows=1 width=8)
	  ->  Bitmap Heap Scan on sbtest1  (cost=35.08..4020.76 rows=1039 width=4)
	        Recheck Cond: ((id >= 2513428) AND (id <= 2514427))
	        ->  Bitmap Index Scan on sbtest1_pkey  (cost=0.00..34.83 rows=1039 width=0)
	              Index Cond: ((id >= 2513428) AND (id <= 2514427))

table 2 : explain SELECT SUM(k) FROM sbtest2 WHERE id BETWEEN 9170104 AND 9171103
	Aggregate  (cost=4279.73..4279.74 rows=1 width=8)
	  ->  Bitmap Heap Scan on sbtest2  (cost=35.78..4276.96 rows=1107 width=4)
	        Recheck Cond: ((id >= 9170104) AND (id <= 9171103))
	        ->  Bitmap Index Scan on sbtest2_pkey  (cost=0.00..35.51 rows=1107 width=0)
	              Index Cond: ((id >= 9170104) AND (id <= 9171103))

table 3 : explain SELECT SUM(k) FROM sbtest3 WHERE id BETWEEN 2692845 AND 2693844
	Aggregate  (cost=4031.91..4031.92 rows=1 width=8)
	  ->  Bitmap Heap Scan on sbtest3  (cost=35.11..4029.31 rows=1041 width=4)
	        Recheck Cond: ((id >= 2692845) AND (id <= 2693844))
	        ->  Bitmap Index Scan on sbtest3_pkey  (cost=0.00..34.84 rows=1041 width=0)
	              Index Cond: ((id >= 2692845) AND (id <= 2693844))

table 4 : explain SELECT SUM(k) FROM sbtest4 WHERE id BETWEEN 285359 AND 286358
	Aggregate  (cost=3952.18..3952.19 rows=1 width=8)
	  ->  Bitmap Heap Scan on sbtest4  (cost=34.87..3949.64 rows=1018 width=4)
	        Recheck Cond: ((id >= 285359) AND (id <= 286358))
	        ->  Bitmap Index Scan on sbtest4_pkey  (cost=0.00..34.62 rows=1018 width=0)
	              Index Cond: ((id >= 285359) AND (id <= 286358))

table 5 : explain SELECT SUM(k) FROM sbtest5 WHERE id BETWEEN 5508626 AND 5509625
	Aggregate  (cost=3971.13..3971.14 rows=1 width=8)
	  ->  Bitmap Heap Scan on sbtest5  (cost=34.92..3968.57 rows=1023 width=4)
	        Recheck Cond: ((id >= 5508626) AND (id <= 5509625))
	        ->  Bitmap Index Scan on sbtest5_pkey  (cost=0.00..34.67 rows=1023 width=0)
	              Index Cond: ((id >= 5508626) AND (id <= 5509625))

table 6 : explain SELECT SUM(k) FROM sbtest6 WHERE id BETWEEN 8083343 AND 8084342
	Aggregate  (cost=3851.62..3851.63 rows=1 width=8)
	  ->  Bitmap Heap Scan on sbtest6  (cost=34.61..3849.14 rows=993 width=4)
	        Recheck Cond: ((id >= 8083343) AND (id <= 8084342))
	        ->  Bitmap Index Scan on sbtest6_pkey  (cost=0.00..34.37 rows=993 width=0)
	              Index Cond: ((id >= 8083343) AND (id <= 8084342))

table 7 : explain SELECT SUM(k) FROM sbtest7 WHERE id BETWEEN 8087325 AND 8088324
	Aggregate  (cost=3921.33..3921.34 rows=1 width=8)
	  ->  Bitmap Heap Scan on sbtest7  (cost=34.81..3918.80 rows=1012 width=4)
	        Recheck Cond: ((id >= 8087325) AND (id <= 8088324))
	        ->  Bitmap Index Scan on sbtest7_pkey  (cost=0.00..34.56 rows=1012 width=0)
	              Index Cond: ((id >= 8087325) AND (id <= 8088324))

table 8 : explain SELECT SUM(k) FROM sbtest8 WHERE id BETWEEN 2730011 AND 2731010
	Aggregate  (cost=3567.04..3567.05 rows=1 width=8)
	  ->  Bitmap Heap Scan on sbtest8  (cost=29.85..3564.74 rows=919 width=4)
	        Recheck Cond: ((id >= 2730011) AND (id <= 2731010))
	        ->  Bitmap Index Scan on sbtest8_pkey  (cost=0.00..29.62 rows=919 width=0)
	              Index Cond: ((id >= 2730011) AND (id <= 2731010))

for: order_ranges
table 1 : explain SELECT c FROM sbtest1 WHERE id BETWEEN 3000771 AND 3001770 ORDER BY c
	Sort  (cost=3624.91..3627.22 rows=923 width=121)
	  Sort Key: c
	  ->  Bitmap Heap Scan on sbtest1  (cost=29.90..3579.46 rows=923 width=121)
	        Recheck Cond: ((id >= 3000771) AND (id <= 3001770))
	        ->  Bitmap Index Scan on sbtest1_pkey  (cost=0.00..29.66 rows=923 width=0)
	              Index Cond: ((id >= 3000771) AND (id <= 3001770))

table 2 : explain SELECT c FROM sbtest2 WHERE id BETWEEN 6577663 AND 6578662 ORDER BY c
	Sort  (cost=3786.53..3788.94 rows=964 width=121)
	  Sort Key: c
	  ->  Bitmap Heap Scan on sbtest2  (cost=34.32..3738.75 rows=964 width=121)
	        Recheck Cond: ((id >= 6577663) AND (id <= 6578662))
	        ->  Bitmap Index Scan on sbtest2_pkey  (cost=0.00..34.08 rows=964 width=0)
	              Index Cond: ((id >= 6577663) AND (id <= 6578662))

table 3 : explain SELECT c FROM sbtest3 WHERE id BETWEEN 1338521 AND 1339520 ORDER BY c
	Sort  (cost=4192.24..4194.91 rows=1070 width=121)
	  Sort Key: c
	  ->  Bitmap Heap Scan on sbtest3  (cost=35.40..4138.40 rows=1070 width=121)
	        Recheck Cond: ((id >= 1338521) AND (id <= 1339520))
	        ->  Bitmap Index Scan on sbtest3_pkey  (cost=0.00..35.14 rows=1070 width=0)
	              Index Cond: ((id >= 1338521) AND (id <= 1339520))

table 4 : explain SELECT c FROM sbtest4 WHERE id BETWEEN 1801322 AND 1802321 ORDER BY c
	Sort  (cost=3962.15..3964.67 rows=1008 width=121)
	  Sort Key: c
	  ->  Bitmap Heap Scan on sbtest4  (cost=34.77..3911.86 rows=1008 width=121)
	        Recheck Cond: ((id >= 1801322) AND (id <= 1802321))
	        ->  Bitmap Index Scan on sbtest4_pkey  (cost=0.00..34.52 rows=1008 width=0)
	              Index Cond: ((id >= 1801322) AND (id <= 1802321))

table 5 : explain SELECT c FROM sbtest5 WHERE id BETWEEN 1782166 AND 1783165 ORDER BY c
	Sort  (cost=3923.84..3926.34 rows=998 width=121)
	  Sort Key: c
	  ->  Bitmap Heap Scan on sbtest5  (cost=34.66..3874.13 rows=998 width=121)
	        Recheck Cond: ((id >= 1782166) AND (id <= 1783165))
	        ->  Bitmap Index Scan on sbtest5_pkey  (cost=0.00..34.42 rows=998 width=0)
	              Index Cond: ((id >= 1782166) AND (id <= 1783165))

table 6 : explain SELECT c FROM sbtest6 WHERE id BETWEEN 7305976 AND 7306975 ORDER BY c
	Sort  (cost=3998.05..4000.59 rows=1019 width=121)
	  Sort Key: c
	  ->  Bitmap Heap Scan on sbtest6  (cost=34.88..3947.13 rows=1019 width=121)
	        Recheck Cond: ((id >= 7305976) AND (id <= 7306975))
	        ->  Bitmap Index Scan on sbtest6_pkey  (cost=0.00..34.62 rows=1019 width=0)
	              Index Cond: ((id >= 7305976) AND (id <= 7306975))

table 7 : explain SELECT c FROM sbtest7 WHERE id BETWEEN 6890006 AND 6891005 ORDER BY c
	Sort  (cost=3812.49..3814.92 rows=971 width=121)
	  Sort Key: c
	  ->  Bitmap Heap Scan on sbtest7  (cost=34.39..3764.32 rows=971 width=121)
	        Recheck Cond: ((id >= 6890006) AND (id <= 6891005))
	        ->  Bitmap Index Scan on sbtest7_pkey  (cost=0.00..34.15 rows=971 width=0)
	              Index Cond: ((id >= 6890006) AND (id <= 6891005))

table 8 : explain SELECT c FROM sbtest8 WHERE id BETWEEN 7290701 AND 7291700 ORDER BY c
	Sort  (cost=4015.98..4018.54 rows=1024 width=121)
	  Sort Key: c
	  ->  Bitmap Heap Scan on sbtest8  (cost=34.93..3964.78 rows=1024 width=121)
	        Recheck Cond: ((id >= 7290701) AND (id <= 7291700))
	        ->  Bitmap Index Scan on sbtest8_pkey  (cost=0.00..34.68 rows=1024 width=0)
	              Index Cond: ((id >= 7290701) AND (id <= 7291700))

for: simple_ranges
table 1 : explain SELECT c FROM sbtest1 WHERE id BETWEEN 7072198 AND 7073197
	Bitmap Heap Scan on sbtest1  (cost=35.14..4039.57 rows=1044 width=121)
	  Recheck Cond: ((id >= 7072198) AND (id <= 7073197))
	  ->  Bitmap Index Scan on sbtest1_pkey  (cost=0.00..34.88 rows=1044 width=0)
	        Index Cond: ((id >= 7072198) AND (id <= 7073197))

table 2 : explain SELECT c FROM sbtest2 WHERE id BETWEEN 7336725 AND 7337724
	Bitmap Heap Scan on sbtest2  (cost=29.78..3538.38 rows=912 width=121)
	  Recheck Cond: ((id >= 7336725) AND (id <= 7337724))
	  ->  Bitmap Index Scan on sbtest2_pkey  (cost=0.00..29.55 rows=912 width=0)
	        Index Cond: ((id >= 7336725) AND (id <= 7337724))

table 3 : explain SELECT c FROM sbtest3 WHERE id BETWEEN 3056412 AND 3057411
	Bitmap Heap Scan on sbtest3  (cost=35.57..4198.54 rows=1086 width=121)
	  Recheck Cond: ((id >= 3056412) AND (id <= 3057411))
	  ->  Bitmap Index Scan on sbtest3_pkey  (cost=0.00..35.30 rows=1086 width=0)
	        Index Cond: ((id >= 3056412) AND (id <= 3057411))

table 4 : explain SELECT c FROM sbtest4 WHERE id BETWEEN 2740663 AND 2741662
	Bitmap Heap Scan on sbtest4  (cost=34.74..3900.53 rows=1005 width=121)
	  Recheck Cond: ((id >= 2740663) AND (id <= 2741662))
	  ->  Bitmap Index Scan on sbtest4_pkey  (cost=0.00..34.48 rows=1005 width=0)
	        Index Cond: ((id >= 2740663) AND (id <= 2741662))

table 5 : explain SELECT c FROM sbtest5 WHERE id BETWEEN 6625902 AND 6626901
	Bitmap Heap Scan on sbtest5  (cost=34.10..3666.08 rows=943 width=121)
	  Recheck Cond: ((id >= 6625902) AND (id <= 6626901))
	  ->  Bitmap Index Scan on sbtest5_pkey  (cost=0.00..33.87 rows=943 width=0)
	        Index Cond: ((id >= 6625902) AND (id <= 6626901))

table 6 : explain SELECT c FROM sbtest6 WHERE id BETWEEN 5563048 AND 5564047
	Bitmap Heap Scan on sbtest6  (cost=34.84..3932.06 rows=1015 width=121)
	  Recheck Cond: ((id >= 5563048) AND (id <= 5564047))
	  ->  Bitmap Index Scan on sbtest6_pkey  (cost=0.00..34.59 rows=1015 width=0)
	        Index Cond: ((id >= 5563048) AND (id <= 5564047))

table 7 : explain SELECT c FROM sbtest7 WHERE id BETWEEN 8787761 AND 8788760
	Bitmap Heap Scan on sbtest7  (cost=35.18..4054.27 rows=1048 width=121)
	  Recheck Cond: ((id >= 8787761) AND (id <= 8788760))
	  ->  Bitmap Index Scan on sbtest7_pkey  (cost=0.00..34.92 rows=1048 width=0)
	        Index Cond: ((id >= 8787761) AND (id <= 8788760))

table 8 : explain SELECT c FROM sbtest8 WHERE id BETWEEN 1477097 AND 1478096
	Bitmap Heap Scan on sbtest8  (cost=34.39..3765.05 rows=971 width=121)
	  Recheck Cond: ((id >= 1477097) AND (id <= 1478096))
	  ->  Bitmap Index Scan on sbtest8_pkey  (cost=0.00..34.15 rows=971 width=0)
	        Index Cond: ((id >= 1477097) AND (id <= 1478096))

for: sum_ranges
table 1 : explain SELECT SUM(k) FROM sbtest1 WHERE id BETWEEN 3262679 AND 3263678
	Aggregate  (cost=3699.10..3699.11 rows=1 width=8)
	  ->  Bitmap Heap Scan on sbtest1  (cost=34.20..3696.72 rows=953 width=4)
	        Recheck Cond: ((id >= 3262679) AND (id <= 3263678))
	        ->  Bitmap Index Scan on sbtest1_pkey  (cost=0.00..33.97 rows=953 width=0)
	              Index Cond: ((id >= 3262679) AND (id <= 3263678))

table 2 : explain SELECT SUM(k) FROM sbtest2 WHERE id BETWEEN 684090 AND 685089
	Aggregate  (cost=4110.52..4110.53 rows=1 width=8)
	  ->  Bitmap Heap Scan on sbtest2  (cost=35.32..4107.87 rows=1062 width=4)
	        Recheck Cond: ((id >= 684090) AND (id <= 685089))
	        ->  Bitmap Index Scan on sbtest2_pkey  (cost=0.00..35.06 rows=1062 width=0)
	              Index Cond: ((id >= 684090) AND (id <= 685089))

table 3 : explain SELECT SUM(k) FROM sbtest3 WHERE id BETWEEN 5500720 AND 5501719
	Aggregate  (cost=3854.76..3854.77 rows=1 width=8)
	  ->  Bitmap Heap Scan on sbtest3  (cost=34.62..3852.28 rows=994 width=4)
	        Recheck Cond: ((id >= 5500720) AND (id <= 5501719))
	        ->  Bitmap Index Scan on sbtest3_pkey  (cost=0.00..34.38 rows=994 width=0)
	              Index Cond: ((id >= 5500720) AND (id <= 5501719))

table 4 : explain SELECT SUM(k) FROM sbtest4 WHERE id BETWEEN 9737693 AND 9738692
	Aggregate  (cost=3914.38..3914.39 rows=1 width=8)
	  ->  Bitmap Heap Scan on sbtest4  (cost=34.77..3911.86 rows=1008 width=4)
	        Recheck Cond: ((id >= 9737693) AND (id <= 9738692))
	        ->  Bitmap Index Scan on sbtest4_pkey  (cost=0.00..34.52 rows=1008 width=0)
	              Index Cond: ((id >= 9737693) AND (id <= 9738692))

table 5 : explain SELECT SUM(k) FROM sbtest5 WHERE id BETWEEN 8031324 AND 8032323
	Aggregate  (cost=3800.96..3800.97 rows=1 width=8)
	  ->  Bitmap Heap Scan on sbtest5  (cost=34.46..3798.52 rows=978 width=4)
	        Recheck Cond: ((id >= 8031324) AND (id <= 8032323))
	        ->  Bitmap Index Scan on sbtest5_pkey  (cost=0.00..34.22 rows=978 width=0)
	              Index Cond: ((id >= 8031324) AND (id <= 8032323))

table 6 : explain SELECT SUM(k) FROM sbtest6 WHERE id BETWEEN 1539883 AND 1540882
	Aggregate  (cost=4412.70..4412.71 rows=1 width=8)
	  ->  Bitmap Heap Scan on sbtest6  (cost=40.14..4409.85 rows=1142 width=4)
	        Recheck Cond: ((id >= 1539883) AND (id <= 1540882))
	        ->  Bitmap Index Scan on sbtest6_pkey  (cost=0.00..39.86 rows=1142 width=0)
	              Index Cond: ((id >= 1539883) AND (id <= 1540882))

table 7 : explain SELECT SUM(k) FROM sbtest7 WHERE id BETWEEN 9571004 AND 9572003
	Aggregate  (cost=3891.19..3891.20 rows=1 width=8)
	  ->  Bitmap Heap Scan on sbtest7  (cost=34.73..3888.68 rows=1004 width=4)
	        Recheck Cond: ((id >= 9571004) AND (id <= 9572003))
	        ->  Bitmap Index Scan on sbtest7_pkey  (cost=0.00..34.48 rows=1004 width=0)
	              Index Cond: ((id >= 9571004) AND (id <= 9572003))

table 8 : explain SELECT SUM(k) FROM sbtest8 WHERE id BETWEEN 1974759 AND 1975758
	Aggregate  (cost=3963.57..3963.58 rows=1 width=8)
	  ->  Bitmap Heap Scan on sbtest8  (cost=34.92..3961.01 rows=1023 width=4)
	        Recheck Cond: ((id >= 1974759) AND (id <= 1975758))
	        ->  Bitmap Index Scan on sbtest8_pkey  (cost=0.00..34.67 rows=1023 width=0)
	              Index Cond: ((id >= 1974759) AND (id <= 1975758))

for: order_ranges
table 1 : explain SELECT c FROM sbtest1 WHERE id BETWEEN 6046676 AND 6047675 ORDER BY c
	Sort  (cost=3517.51..3519.75 rows=895 width=121)
	  Sort Key: c
	  ->  Bitmap Heap Scan on sbtest1  (cost=29.61..3473.63 rows=895 width=121)
	        Recheck Cond: ((id >= 6046676) AND (id <= 6047675))
	        ->  Bitmap Index Scan on sbtest1_pkey  (cost=0.00..29.39 rows=895 width=0)
	              Index Cond: ((id >= 6046676) AND (id <= 6047675))

table 2 : explain SELECT c FROM sbtest2 WHERE id BETWEEN 9834647 AND 9835646 ORDER BY c
	Sort  (cost=3717.57..3719.94 rows=946 width=121)
	  Sort Key: c
	  ->  Bitmap Heap Scan on sbtest2  (cost=34.13..3670.81 rows=946 width=121)
	        Recheck Cond: ((id >= 9834647) AND (id <= 9835646))
	        ->  Bitmap Index Scan on sbtest2_pkey  (cost=0.00..33.90 rows=946 width=0)
	              Index Cond: ((id >= 9834647) AND (id <= 9835646))

table 3 : explain SELECT c FROM sbtest3 WHERE id BETWEEN 9962702 AND 9963701 ORDER BY c
	Sort  (cost=3982.10..3984.63 rows=1015 width=121)
	  Sort Key: c
	  ->  Bitmap Heap Scan on sbtest3  (cost=34.84..3931.41 rows=1015 width=121)
	        Recheck Cond: ((id >= 9962702) AND (id <= 9963701))
	        ->  Bitmap Index Scan on sbtest3_pkey  (cost=0.00..34.59 rows=1015 width=0)
	              Index Cond: ((id >= 9962702) AND (id <= 9963701))

table 4 : explain SELECT c FROM sbtest4 WHERE id BETWEEN 7035130 AND 7036129 ORDER BY c
	Sort  (cost=4084.81..4087.41 rows=1040 width=121)
	  Sort Key: c
	  ->  Bitmap Heap Scan on sbtest4  (cost=35.09..4032.69 rows=1040 width=121)
	        Recheck Cond: ((id >= 7035130) AND (id <= 7036129))
	        ->  Bitmap Index Scan on sbtest4_pkey  (cost=0.00..34.84 rows=1040 width=0)
	              Index Cond: ((id >= 7035130) AND (id <= 7036129))

table 5 : explain SELECT c FROM sbtest5 WHERE id BETWEEN 983401 AND 984400 ORDER BY c
	Sort  (cost=4115.51..4118.13 rows=1048 width=121)
	  Sort Key: c
	  ->  Bitmap Heap Scan on sbtest5  (cost=35.18..4062.94 rows=1048 width=121)
	        Recheck Cond: ((id >= 983401) AND (id <= 984400))
	        ->  Bitmap Index Scan on sbtest5_pkey  (cost=0.00..34.92 rows=1048 width=0)
	              Index Cond: ((id >= 983401) AND (id <= 984400))

table 6 : explain SELECT c FROM sbtest6 WHERE id BETWEEN 846256 AND 847255 ORDER BY c
	Sort  (cost=3795.18..3797.59 rows=966 width=121)
	  Sort Key: c
	  ->  Bitmap Heap Scan on sbtest6  (cost=34.34..3747.28 rows=966 width=121)
	        Recheck Cond: ((id >= 846256) AND (id <= 847255))
	        ->  Bitmap Index Scan on sbtest6_pkey  (cost=0.00..34.09 rows=966 width=0)
	              Index Cond: ((id >= 846256) AND (id <= 847255))

table 7 : explain SELECT c FROM sbtest7 WHERE id BETWEEN 1777400 AND 1778399 ORDER BY c
	Sort  (cost=4175.55..4178.22 rows=1066 width=121)
	  Sort Key: c
	  ->  Bitmap Heap Scan on sbtest7  (cost=35.36..4121.95 rows=1066 width=121)
	        Recheck Cond: ((id >= 1777400) AND (id <= 1778399))
	        ->  Bitmap Index Scan on sbtest7_pkey  (cost=0.00..35.09 rows=1066 width=0)
	              Index Cond: ((id >= 1777400) AND (id <= 1778399))

table 8 : explain SELECT c FROM sbtest8 WHERE id BETWEEN 5145502 AND 5146501 ORDER BY c
	Sort  (cost=4168.77..4171.43 rows=1064 width=121)
	  Sort Key: c
	  ->  Bitmap Heap Scan on sbtest8  (cost=35.34..4115.27 rows=1064 width=121)
	        Recheck Cond: ((id >= 5145502) AND (id <= 5146501))
	        ->  Bitmap Index Scan on sbtest8_pkey  (cost=0.00..35.08 rows=1064 width=0)
	              Index Cond: ((id >= 5145502) AND (id <= 5146501))

for point_selects
table 1 : explain SELECT c FROM sbtest1 WHERE id=8115041
	Index Scan using sbtest1_pkey on sbtest1  (cost=0.43..8.45 rows=1 width=121)
	  Index Cond: (id = 8115041)

table 2 : explain SELECT c FROM sbtest2 WHERE id=1608671
	Index Scan using sbtest2_pkey on sbtest2  (cost=0.43..8.45 rows=1 width=121)
	  Index Cond: (id = 1608671)

table 3 : explain SELECT c FROM sbtest3 WHERE id=9570034
	Index Scan using sbtest3_pkey on sbtest3  (cost=0.43..8.45 rows=1 width=121)
	  Index Cond: (id = 9570034)

table 4 : explain SELECT c FROM sbtest4 WHERE id=6882985
	Index Scan using sbtest4_pkey on sbtest4  (cost=0.43..8.45 rows=1 width=121)
	  Index Cond: (id = 6882985)

table 5 : explain SELECT c FROM sbtest5 WHERE id=3300738
	Index Scan using sbtest5_pkey on sbtest5  (cost=0.43..8.45 rows=1 width=121)
	  Index Cond: (id = 3300738)

table 6 : explain SELECT c FROM sbtest6 WHERE id=7616398
	Index Scan using sbtest6_pkey on sbtest6  (cost=0.43..8.45 rows=1 width=121)
	  Index Cond: (id = 7616398)

table 7 : explain SELECT c FROM sbtest7 WHERE id=7051887
	Index Scan using sbtest7_pkey on sbtest7  (cost=0.43..8.45 rows=1 width=121)
	  Index Cond: (id = 7051887)

table 8 : explain SELECT c FROM sbtest8 WHERE id=4937498
	Index Scan using sbtest8_pkey on sbtest8  (cost=0.43..8.45 rows=1 width=121)
	  Index Cond: (id = 4937498)

for: order_ranges
table 1 : explain SELECT c FROM sbtest1 WHERE id BETWEEN 4797529 AND 4798528 ORDER BY c
	Sort  (cost=4053.72..4056.30 rows=1034 width=121)
	  Sort Key: c
	  ->  Bitmap Heap Scan on sbtest1  (cost=35.03..4001.95 rows=1034 width=121)
	        Recheck Cond: ((id >= 4797529) AND (id <= 4798528))
	        ->  Bitmap Index Scan on sbtest1_pkey  (cost=0.00..34.78 rows=1034 width=0)
	              Index Cond: ((id >= 4797529) AND (id <= 4798528))

table 2 : explain SELECT c FROM sbtest2 WHERE id BETWEEN 3400242 AND 3401241 ORDER BY c
	Sort  (cost=3771.21..3773.61 rows=960 width=121)
	  Sort Key: c
	  ->  Bitmap Heap Scan on sbtest2  (cost=34.28..3723.65 rows=960 width=121)
	        Recheck Cond: ((id >= 3400242) AND (id <= 3401241))
	        ->  Bitmap Index Scan on sbtest2_pkey  (cost=0.00..34.04 rows=960 width=0)
	              Index Cond: ((id >= 3400242) AND (id <= 3401241))

table 3 : explain SELECT c FROM sbtest3 WHERE id BETWEEN 359283 AND 360282 ORDER BY c
	Sort  (cost=3940.02..3942.53 rows=1004 width=121)
	  Sort Key: c
	  ->  Bitmap Heap Scan on sbtest3  (cost=34.73..3889.97 rows=1004 width=121)
	        Recheck Cond: ((id >= 359283) AND (id <= 360282))
	        ->  Bitmap Index Scan on sbtest3_pkey  (cost=0.00..34.48 rows=1004 width=0)
	              Index Cond: ((id >= 359283) AND (id <= 360282))

table 4 : explain SELECT c FROM sbtest4 WHERE id BETWEEN 4956923 AND 4957922 ORDER BY c
	Sort  (cost=4161.41..4164.06 rows=1060 width=121)
	  Sort Key: c
	  ->  Bitmap Heap Scan on sbtest4  (cost=35.30..4108.15 rows=1060 width=121)
	        Recheck Cond: ((id >= 4956923) AND (id <= 4957922))
	        ->  Bitmap Index Scan on sbtest4_pkey  (cost=0.00..35.04 rows=1060 width=0)
	              Index Cond: ((id >= 4956923) AND (id <= 4957922))

table 5 : explain SELECT c FROM sbtest5 WHERE id BETWEEN 4656315 AND 4657314 ORDER BY c
	Sort  (cost=4360.61..4363.39 rows=1111 width=121)
	  Sort Key: c
	  ->  Bitmap Heap Scan on sbtest5  (cost=39.82..4304.41 rows=1111 width=121)
	        Recheck Cond: ((id >= 4656315) AND (id <= 4657314))
	        ->  Bitmap Index Scan on sbtest5_pkey  (cost=0.00..39.55 rows=1111 width=0)
	              Index Cond: ((id >= 4656315) AND (id <= 4657314))

table 6 : explain SELECT c FROM sbtest6 WHERE id BETWEEN 5116648 AND 5117647 ORDER BY c
	Sort  (cost=3799.01..3801.43 rows=967 width=121)
	  Sort Key: c
	  ->  Bitmap Heap Scan on sbtest6  (cost=34.35..3751.06 rows=967 width=121)
	        Recheck Cond: ((id >= 5116648) AND (id <= 5117647))
	        ->  Bitmap Index Scan on sbtest6_pkey  (cost=0.00..34.11 rows=967 width=0)
	              Index Cond: ((id >= 5116648) AND (id <= 5117647))

table 7 : explain SELECT c FROM sbtest7 WHERE id BETWEEN 9178511 AND 9179510 ORDER BY c
	Sort  (cost=4267.10..4269.83 rows=1090 width=121)
	  Sort Key: c
	  ->  Bitmap Heap Scan on sbtest7  (cost=35.61..4212.11 rows=1090 width=121)
	        Recheck Cond: ((id >= 9178511) AND (id <= 9179510))
	        ->  Bitmap Index Scan on sbtest7_pkey  (cost=0.00..35.34 rows=1090 width=0)
	              Index Cond: ((id >= 9178511) AND (id <= 9179510))

table 8 : explain SELECT c FROM sbtest8 WHERE id BETWEEN 4125226 AND 4126225 ORDER BY c
	Sort  (cost=4031.26..4033.83 rows=1028 width=121)
	  Sort Key: c
	  ->  Bitmap Heap Scan on sbtest8  (cost=34.97..3979.83 rows=1028 width=121)
	        Recheck Cond: ((id >= 4125226) AND (id <= 4126225))
	        ->  Bitmap Index Scan on sbtest8_pkey  (cost=0.00..34.72 rows=1028 width=0)
	              Index Cond: ((id >= 4125226) AND (id <= 4126225))

for: distinct_ranges
table 1 : explain SELECT DISTINCT c FROM sbtest1 WHERE id BETWEEN 6732943 AND 6733942 ORDER BY c
	Unique  (cost=3977.29..3982.36 rows=1014 width=121)
	  ->  Sort  (cost=3977.29..3979.82 rows=1014 width=121)
	        Sort Key: c
	        ->  Bitmap Heap Scan on sbtest1  (cost=34.83..3926.66 rows=1014 width=121)
	              Recheck Cond: ((id >= 6732943) AND (id <= 6733942))
	              ->  Bitmap Index Scan on sbtest1_pkey  (cost=0.00..34.58 rows=1014 width=0)
	                    Index Cond: ((id >= 6732943) AND (id <= 6733942))

table 2 : explain SELECT DISTINCT c FROM sbtest2 WHERE id BETWEEN 6064803 AND 6065802 ORDER BY c
	Unique  (cost=3801.84..3806.68 rows=968 width=121)
	  ->  Sort  (cost=3801.84..3804.26 rows=968 width=121)
	        Sort Key: c
	        ->  Bitmap Heap Scan on sbtest2  (cost=34.36..3753.84 rows=968 width=121)
	              Recheck Cond: ((id >= 6064803) AND (id <= 6065802))
	              ->  Bitmap Index Scan on sbtest2_pkey  (cost=0.00..34.12 rows=968 width=0)
	                    Index Cond: ((id >= 6064803) AND (id <= 6065802))

table 3 : explain SELECT DISTINCT c FROM sbtest3 WHERE id BETWEEN 5683817 AND 5684816 ORDER BY c
	Unique  (cost=4356.37..4361.94 rows=1114 width=121)
	  ->  Sort  (cost=4356.37..4359.15 rows=1114 width=121)
	        Sort Key: c
	        ->  Bitmap Heap Scan on sbtest3  (cost=35.85..4299.99 rows=1114 width=121)
	              Recheck Cond: ((id >= 5683817) AND (id <= 5684816))
	              ->  Bitmap Index Scan on sbtest3_pkey  (cost=0.00..35.58 rows=1114 width=0)
	                    Index Cond: ((id >= 5683817) AND (id <= 5684816))

table 4 : explain SELECT DISTINCT c FROM sbtest4 WHERE id BETWEEN 3356684 AND 3357683 ORDER BY c
	Unique  (cost=4000.49..4005.58 rows=1018 width=121)
	  ->  Sort  (cost=4000.49..4003.04 rows=1018 width=121)
	        Sort Key: c
	        ->  Bitmap Heap Scan on sbtest4  (cost=34.87..3949.64 rows=1018 width=121)
	              Recheck Cond: ((id >= 3356684) AND (id <= 3357683))
	              ->  Bitmap Index Scan on sbtest4_pkey  (cost=0.00..34.62 rows=1018 width=0)
	                    Index Cond: ((id >= 3356684) AND (id <= 3357683))

table 5 : explain SELECT DISTINCT c FROM sbtest5 WHERE id BETWEEN 4393521 AND 4394520 ORDER BY c
	Unique  (cost=4165.30..4170.60 rows=1061 width=121)
	  ->  Sort  (cost=4165.30..4167.95 rows=1061 width=121)
	        Sort Key: c
	        ->  Bitmap Heap Scan on sbtest5  (cost=35.31..4111.98 rows=1061 width=121)
	              Recheck Cond: ((id >= 4393521) AND (id <= 4394520))
	              ->  Bitmap Index Scan on sbtest5_pkey  (cost=0.00..35.05 rows=1061 width=0)
	                    Index Cond: ((id >= 4393521) AND (id <= 4394520))

table 6 : explain SELECT DISTINCT c FROM sbtest6 WHERE id BETWEEN 7223809 AND 7224808 ORDER BY c
	Unique  (cost=3710.87..3715.59 rows=944 width=121)
	  ->  Sort  (cost=3710.87..3713.23 rows=944 width=121)
	        Sort Key: c
	        ->  Bitmap Heap Scan on sbtest6  (cost=34.11..3664.22 rows=944 width=121)
	              Recheck Cond: ((id >= 7223809) AND (id <= 7224808))
	              ->  Bitmap Index Scan on sbtest6_pkey  (cost=0.00..33.88 rows=944 width=0)
	                    Index Cond: ((id >= 7223809) AND (id <= 7224808))

table 7 : explain SELECT DISTINCT c FROM sbtest7 WHERE id BETWEEN 6767767 AND 6768766 ORDER BY c
	Unique  (cost=4007.54..4012.65 rows=1022 width=121)
	  ->  Sort  (cost=4007.54..4010.09 rows=1022 width=121)
	        Sort Key: c
	        ->  Bitmap Heap Scan on sbtest7  (cost=34.91..3956.45 rows=1022 width=121)
	              Recheck Cond: ((id >= 6767767) AND (id <= 6768766))
	              ->  Bitmap Index Scan on sbtest7_pkey  (cost=0.00..34.66 rows=1022 width=0)
	                    Index Cond: ((id >= 6767767) AND (id <= 6768766))

table 8 : explain SELECT DISTINCT c FROM sbtest8 WHERE id BETWEEN 1046036 AND 1047035 ORDER BY c
	Unique  (cost=4168.77..4174.09 rows=1064 width=121)
	  ->  Sort  (cost=4168.77..4171.43 rows=1064 width=121)
	        Sort Key: c
	        ->  Bitmap Heap Scan on sbtest8  (cost=35.34..4115.27 rows=1064 width=121)
	              Recheck Cond: ((id >= 1046036) AND (id <= 1047035))
	              ->  Bitmap Index Scan on sbtest8_pkey  (cost=0.00..35.08 rows=1064 width=0)
	                    Index Cond: ((id >= 1046036) AND (id <= 1047035))

for point_selects
table 1 : explain SELECT c FROM sbtest1 WHERE id=216181
	Index Scan using sbtest1_pkey on sbtest1  (cost=0.43..8.45 rows=1 width=121)
	  Index Cond: (id = 216181)

table 2 : explain SELECT c FROM sbtest2 WHERE id=1639677
	Index Scan using sbtest2_pkey on sbtest2  (cost=0.43..8.45 rows=1 width=121)
	  Index Cond: (id = 1639677)

table 3 : explain SELECT c FROM sbtest3 WHERE id=2153297
	Index Scan using sbtest3_pkey on sbtest3  (cost=0.43..8.45 rows=1 width=121)
	  Index Cond: (id = 2153297)

table 4 : explain SELECT c FROM sbtest4 WHERE id=3849409
	Index Scan using sbtest4_pkey on sbtest4  (cost=0.43..8.45 rows=1 width=121)
	  Index Cond: (id = 3849409)

table 5 : explain SELECT c FROM sbtest5 WHERE id=9421027
	Index Scan using sbtest5_pkey on sbtest5  (cost=0.43..8.45 rows=1 width=121)
	  Index Cond: (id = 9421027)

table 6 : explain SELECT c FROM sbtest6 WHERE id=2632236
	Index Scan using sbtest6_pkey on sbtest6  (cost=0.43..8.45 rows=1 width=121)
	  Index Cond: (id = 2632236)

table 7 : explain SELECT c FROM sbtest7 WHERE id=3147413
	Index Scan using sbtest7_pkey on sbtest7  (cost=0.43..8.45 rows=1 width=121)
	  Index Cond: (id = 3147413)

table 8 : explain SELECT c FROM sbtest8 WHERE id=518782
	Index Scan using sbtest8_pkey on sbtest8  (cost=0.43..8.45 rows=1 width=121)
	  Index Cond: (id = 518782)

for: order_ranges
table 1 : explain SELECT c FROM sbtest1 WHERE id BETWEEN 7108331 AND 7109330 ORDER BY c
	Sort  (cost=4091.92..4094.53 rows=1044 width=121)
	  Sort Key: c
	  ->  Bitmap Heap Scan on sbtest1  (cost=35.14..4039.57 rows=1044 width=121)
	        Recheck Cond: ((id >= 7108331) AND (id <= 7109330))
	        ->  Bitmap Index Scan on sbtest1_pkey  (cost=0.00..34.88 rows=1044 width=0)
	              Index Cond: ((id >= 7108331) AND (id <= 7109330))

table 2 : explain SELECT c FROM sbtest2 WHERE id BETWEEN 6029316 AND 6030315 ORDER BY c
	Sort  (cost=3801.84..3804.26 rows=968 width=121)
	  Sort Key: c
	  ->  Bitmap Heap Scan on sbtest2  (cost=34.36..3753.84 rows=968 width=121)
	        Recheck Cond: ((id >= 6029316) AND (id <= 6030315))
	        ->  Bitmap Index Scan on sbtest2_pkey  (cost=0.00..34.12 rows=968 width=0)
	              Index Cond: ((id >= 6029316) AND (id <= 6030315))

table 3 : explain SELECT c FROM sbtest3 WHERE id BETWEEN 1871234 AND 1872233 ORDER BY c
	Sort  (cost=4131.14..4133.78 rows=1054 width=121)
	  Sort Key: c
	  ->  Bitmap Heap Scan on sbtest3  (cost=35.24..4078.22 rows=1054 width=121)
	        Recheck Cond: ((id >= 1871234) AND (id <= 1872233))
	        ->  Bitmap Index Scan on sbtest3_pkey  (cost=0.00..34.98 rows=1054 width=0)
	              Index Cond: ((id >= 1871234) AND (id <= 1872233))

table 4 : explain SELECT c FROM sbtest4 WHERE id BETWEEN 7197662 AND 7198661 ORDER BY c
	Sort  (cost=3574.06..3576.33 rows=908 width=121)
	  Sort Key: c
	  ->  Bitmap Heap Scan on sbtest4  (cost=29.74..3529.44 rows=908 width=121)
	        Recheck Cond: ((id >= 7197662) AND (id <= 7198661))
	        ->  Bitmap Index Scan on sbtest4_pkey  (cost=0.00..29.51 rows=908 width=0)
	              Index Cond: ((id >= 7197662) AND (id <= 7198661))

table 5 : explain SELECT c FROM sbtest5 WHERE id BETWEEN 1129376 AND 1130375 ORDER BY c
	Sort  (cost=4264.82..4267.53 rows=1087 width=121)
	  Sort Key: c
	  ->  Bitmap Heap Scan on sbtest5  (cost=35.58..4210.00 rows=1087 width=121)
	        Recheck Cond: ((id >= 1129376) AND (id <= 1130375))
	        ->  Bitmap Index Scan on sbtest5_pkey  (cost=0.00..35.31 rows=1087 width=0)
	              Index Cond: ((id >= 1129376) AND (id <= 1130375))

table 6 : explain SELECT c FROM sbtest6 WHERE id BETWEEN 4295915 AND 4296914 ORDER BY c
	Sort  (cost=4032.46..4035.03 rows=1028 width=121)
	  Sort Key: c
	  ->  Bitmap Heap Scan on sbtest6  (cost=34.97..3981.03 rows=1028 width=121)
	        Recheck Cond: ((id >= 4295915) AND (id <= 4296914))
	        ->  Bitmap Index Scan on sbtest6_pkey  (cost=0.00..34.72 rows=1028 width=0)
	              Index Cond: ((id >= 4295915) AND (id <= 4296914))

table 7 : explain SELECT c FROM sbtest7 WHERE id BETWEEN 3183855 AND 3184854 ORDER BY c
	Sort  (cost=3785.70..3788.11 rows=964 width=121)
	  Sort Key: c
	  ->  Bitmap Heap Scan on sbtest7  (cost=34.32..3737.92 rows=964 width=121)
	        Recheck Cond: ((id >= 3183855) AND (id <= 3184854))
	        ->  Bitmap Index Scan on sbtest7_pkey  (cost=0.00..34.08 rows=964 width=0)
	              Index Cond: ((id >= 3183855) AND (id <= 3184854))

table 8 : explain SELECT c FROM sbtest8 WHERE id BETWEEN 2754033 AND 2755032 ORDER BY c
	Sort  (cost=3609.97..3612.27 rows=919 width=121)
	  Sort Key: c
	  ->  Bitmap Heap Scan on sbtest8  (cost=29.85..3564.74 rows=919 width=121)
	        Recheck Cond: ((id >= 2754033) AND (id <= 2755032))
	        ->  Bitmap Index Scan on sbtest8_pkey  (cost=0.00..29.62 rows=919 width=0)
	              Index Cond: ((id >= 2754033) AND (id <= 2755032))

for: simple_ranges
table 1 : explain SELECT c FROM sbtest1 WHERE id BETWEEN 6529986 AND 6530985
	Bitmap Heap Scan on sbtest1  (cost=35.82..4287.60 rows=1111 width=121)
	  Recheck Cond: ((id >= 6529986) AND (id <= 6530985))
	  ->  Bitmap Index Scan on sbtest1_pkey  (cost=0.00..35.55 rows=1111 width=0)
	        Index Cond: ((id >= 6529986) AND (id <= 6530985))

table 2 : explain SELECT c FROM sbtest2 WHERE id BETWEEN 5989096 AND 5990095
	Bitmap Heap Scan on sbtest2  (cost=34.36..3753.84 rows=968 width=121)
	  Recheck Cond: ((id >= 5989096) AND (id <= 5990095))
	  ->  Bitmap Index Scan on sbtest2_pkey  (cost=0.00..34.12 rows=968 width=0)
	        Index Cond: ((id >= 5989096) AND (id <= 5990095))

table 3 : explain SELECT c FROM sbtest3 WHERE id BETWEEN 718833 AND 719832
	Bitmap Heap Scan on sbtest3  (cost=29.87..3568.97 rows=920 width=121)
	  Recheck Cond: ((id >= 718833) AND (id <= 719832))
	  ->  Bitmap Index Scan on sbtest3_pkey  (cost=0.00..29.64 rows=920 width=0)
	        Index Cond: ((id >= 718833) AND (id <= 719832))

table 4 : explain SELECT c FROM sbtest4 WHERE id BETWEEN 6029670 AND 6030669
	Bitmap Heap Scan on sbtest4  (cost=35.25..4089.29 rows=1055 width=121)
	  Recheck Cond: ((id >= 6029670) AND (id <= 6030669))
	  ->  Bitmap Index Scan on sbtest4_pkey  (cost=0.00..34.98 rows=1055 width=0)
	        Index Cond: ((id >= 6029670) AND (id <= 6030669))

table 5 : explain SELECT c FROM sbtest5 WHERE id BETWEEN 7210771 AND 7211770
	Bitmap Heap Scan on sbtest5  (cost=35.59..4213.77 rows=1088 width=121)
	  Recheck Cond: ((id >= 7210771) AND (id <= 7211770))
	  ->  Bitmap Index Scan on sbtest5_pkey  (cost=0.00..35.32 rows=1088 width=0)
	        Index Cond: ((id >= 7210771) AND (id <= 7211770))

table 6 : explain SELECT c FROM sbtest6 WHERE id BETWEEN 1460959 AND 1461958
	Bitmap Heap Scan on sbtest6  (cost=35.20..4063.86 rows=1050 width=121)
	  Recheck Cond: ((id >= 1460959) AND (id <= 1461958))
	  ->  Bitmap Index Scan on sbtest6_pkey  (cost=0.00..34.94 rows=1050 width=0)
	        Index Cond: ((id >= 1460959) AND (id <= 1461958))

table 7 : explain SELECT c FROM sbtest7 WHERE id BETWEEN 7543493 AND 7544492
	Bitmap Heap Scan on sbtest7  (cost=34.61..3847.24 rows=993 width=121)
	  Recheck Cond: ((id >= 7543493) AND (id <= 7544492))
	  ->  Bitmap Index Scan on sbtest7_pkey  (cost=0.00..34.37 rows=993 width=0)
	        Index Cond: ((id >= 7543493) AND (id <= 7544492))

table 8 : explain SELECT c FROM sbtest8 WHERE id BETWEEN 3006546 AND 3007545
	Bitmap Heap Scan on sbtest8  (cost=34.22..3704.69 rows=955 width=121)
	  Recheck Cond: ((id >= 3006546) AND (id <= 3007545))
	  ->  Bitmap Index Scan on sbtest8_pkey  (cost=0.00..33.98 rows=955 width=0)
	        Index Cond: ((id >= 3006546) AND (id <= 3007545))

for: sum_ranges
table 1 : explain SELECT SUM(k) FROM sbtest1 WHERE id BETWEEN 9145276 AND 9146275
	Aggregate  (cost=4170.09..4170.10 rows=1 width=8)
	  ->  Bitmap Heap Scan on sbtest1  (cost=35.48..4167.40 rows=1078 width=4)
	        Recheck Cond: ((id >= 9145276) AND (id <= 9146275))
	        ->  Bitmap Index Scan on sbtest1_pkey  (cost=0.00..35.22 rows=1078 width=0)
	              Index Cond: ((id >= 9145276) AND (id <= 9146275))

table 2 : explain SELECT SUM(k) FROM sbtest2 WHERE id BETWEEN 9505088 AND 9506087
	Aggregate  (cost=3499.05..3499.06 rows=1 width=8)
	  ->  Bitmap Heap Scan on sbtest2  (cost=29.67..3496.79 rows=901 width=4)
	        Recheck Cond: ((id >= 9505088) AND (id <= 9506087))
	        ->  Bitmap Index Scan on sbtest2_pkey  (cost=0.00..29.44 rows=901 width=0)
	              Index Cond: ((id >= 9505088) AND (id <= 9506087))

table 3 : explain SELECT SUM(k) FROM sbtest3 WHERE id BETWEEN 3555692 AND 3556691
	Aggregate  (cost=3866.08..3866.09 rows=1 width=8)
	  ->  Bitmap Heap Scan on sbtest3  (cost=34.65..3863.59 rows=997 width=4)
	        Recheck Cond: ((id >= 3555692) AND (id <= 3556691))
	        ->  Bitmap Index Scan on sbtest3_pkey  (cost=0.00..34.41 rows=997 width=0)
	              Index Cond: ((id >= 3555692) AND (id <= 3556691))

table 4 : explain SELECT SUM(k) FROM sbtest4 WHERE id BETWEEN 2310067 AND 2311066
	Aggregate  (cost=3770.64..3770.65 rows=1 width=8)
	  ->  Bitmap Heap Scan on sbtest4  (cost=34.38..3768.21 rows=970 width=4)
	        Recheck Cond: ((id >= 2310067) AND (id <= 2311066))
	        ->  Bitmap Index Scan on sbtest4_pkey  (cost=0.00..34.14 rows=970 width=0)
	              Index Cond: ((id >= 2310067) AND (id <= 2311066))

table 5 : explain SELECT SUM(k) FROM sbtest5 WHERE id BETWEEN 2808322 AND 2809321
	Aggregate  (cost=3581.06..3581.07 rows=1 width=8)
	  ->  Bitmap Heap Scan on sbtest5  (cost=29.88..3578.75 rows=921 width=4)
	        Recheck Cond: ((id >= 2808322) AND (id <= 2809321))
	        ->  Bitmap Index Scan on sbtest5_pkey  (cost=0.00..29.64 rows=921 width=0)
	              Index Cond: ((id >= 2808322) AND (id <= 2809321))

table 6 : explain SELECT SUM(k) FROM sbtest6 WHERE id BETWEEN 6123853 AND 6124852
	Aggregate  (cost=3908.20..3908.21 rows=1 width=8)
	  ->  Bitmap Heap Scan on sbtest6  (cost=34.77..3905.68 rows=1008 width=4)
	        Recheck Cond: ((id >= 6123853) AND (id <= 6124852))
	        ->  Bitmap Index Scan on sbtest6_pkey  (cost=0.00..34.52 rows=1008 width=0)
	              Index Cond: ((id >= 6123853) AND (id <= 6124852))

table 7 : explain SELECT SUM(k) FROM sbtest7 WHERE id BETWEEN 5461018 AND 5462017
	Aggregate  (cost=3838.41..3838.42 rows=1 width=8)
	  ->  Bitmap Heap Scan on sbtest7  (cost=34.58..3835.93 rows=990 width=4)
	        Recheck Cond: ((id >= 5461018) AND (id <= 5462017))
	        ->  Bitmap Index Scan on sbtest7_pkey  (cost=0.00..34.34 rows=990 width=0)
	              Index Cond: ((id >= 5461018) AND (id <= 5462017))

table 8 : explain SELECT SUM(k) FROM sbtest8 WHERE id BETWEEN 6154036 AND 6155035
	Aggregate  (cost=3869.34..3869.35 rows=1 width=8)
	  ->  Bitmap Heap Scan on sbtest8  (cost=34.66..3866.84 rows=998 width=4)
	        Recheck Cond: ((id >= 6154036) AND (id <= 6155035))
	        ->  Bitmap Index Scan on sbtest8_pkey  (cost=0.00..34.42 rows=998 width=0)
	              Index Cond: ((id >= 6154036) AND (id <= 6155035))

for: distinct_ranges
table 1 : explain SELECT DISTINCT c FROM sbtest1 WHERE id BETWEEN 8692832 AND 8693831 ORDER BY c
	Unique  (cost=3459.94..3464.34 rows=880 width=121)
	  ->  Sort  (cost=3459.94..3462.14 rows=880 width=121)
	        Sort Key: c
	        ->  Bitmap Heap Scan on sbtest1  (cost=29.45..3416.90 rows=880 width=121)
	              Recheck Cond: ((id >= 8692832) AND (id <= 8693831))
	              ->  Bitmap Index Scan on sbtest1_pkey  (cost=0.00..29.23 rows=880 width=0)
	                    Index Cond: ((id >= 8692832) AND (id <= 8693831))

table 2 : explain SELECT DISTINCT c FROM sbtest2 WHERE id BETWEEN 2740055 AND 2741054 ORDER BY c
	Unique  (cost=3771.21..3776.01 rows=960 width=121)
	  ->  Sort  (cost=3771.21..3773.61 rows=960 width=121)
	        Sort Key: c
	        ->  Bitmap Heap Scan on sbtest2  (cost=34.28..3723.65 rows=960 width=121)
	              Recheck Cond: ((id >= 2740055) AND (id <= 2741054))
	              ->  Bitmap Index Scan on sbtest2_pkey  (cost=0.00..34.04 rows=960 width=0)
	                    Index Cond: ((id >= 2740055) AND (id <= 2741054))

table 3 : explain SELECT DISTINCT c FROM sbtest3 WHERE id BETWEEN 1315261 AND 1316260 ORDER BY c
	Unique  (cost=4192.24..4197.59 rows=1070 width=121)
	  ->  Sort  (cost=4192.24..4194.91 rows=1070 width=121)
	        Sort Key: c
	        ->  Bitmap Heap Scan on sbtest3  (cost=35.40..4138.40 rows=1070 width=121)
	              Recheck Cond: ((id >= 1315261) AND (id <= 1316260))
	              ->  Bitmap Index Scan on sbtest3_pkey  (cost=0.00..35.14 rows=1070 width=0)
	                    Index Cond: ((id >= 1315261) AND (id <= 1316260))

table 4 : explain SELECT DISTINCT c FROM sbtest4 WHERE id BETWEEN 9995117 AND 9996116 ORDER BY c
	Unique  (cost=4253.28..4258.70 rows=1084 width=121)
	  ->  Sort  (cost=4253.28..4255.99 rows=1084 width=121)
	        Sort Key: c
	        ->  Bitmap Heap Scan on sbtest4  (cost=35.55..4198.64 rows=1084 width=121)
	              Recheck Cond: ((id >= 9995117) AND (id <= 9996116))
	              ->  Bitmap Index Scan on sbtest4_pkey  (cost=0.00..35.28 rows=1084 width=0)
	                    Index Cond: ((id >= 9995117) AND (id <= 9996116))

table 5 : explain SELECT DISTINCT c FROM sbtest5 WHERE id BETWEEN 9287078 AND 9288077 ORDER BY c
	Unique  (cost=4031.21..4036.34 rows=1026 width=121)
	  ->  Sort  (cost=4031.21..4033.78 rows=1026 width=121)
	        Sort Key: c
	        ->  Bitmap Heap Scan on sbtest5  (cost=34.95..3979.90 rows=1026 width=121)
	              Recheck Cond: ((id >= 9287078) AND (id <= 9288077))
	              ->  Bitmap Index Scan on sbtest5_pkey  (cost=0.00..34.70 rows=1026 width=0)
	                    Index Cond: ((id >= 9287078) AND (id <= 9288077))

table 6 : explain SELECT DISTINCT c FROM sbtest6 WHERE id BETWEEN 6678194 AND 6679193 ORDER BY c
	Unique  (cost=3672.52..3677.19 rows=934 width=121)
	  ->  Sort  (cost=3672.52..3674.86 rows=934 width=121)
	        Sort Key: c
	        ->  Bitmap Heap Scan on sbtest6  (cost=34.01..3626.44 rows=934 width=121)
	              Recheck Cond: ((id >= 6678194) AND (id <= 6679193))
	              ->  Bitmap Index Scan on sbtest6_pkey  (cost=0.00..33.78 rows=934 width=0)
	                    Index Cond: ((id >= 6678194) AND (id <= 6679193))

table 7 : explain SELECT DISTINCT c FROM sbtest7 WHERE id BETWEEN 9643133 AND 9644132 ORDER BY c
	Unique  (cost=3544.10..3548.61 rows=902 width=121)
	  ->  Sort  (cost=3544.10..3546.35 rows=902 width=121)
	        Sort Key: c
	        ->  Bitmap Heap Scan on sbtest7  (cost=29.68..3499.82 rows=902 width=121)
	              Recheck Cond: ((id >= 9643133) AND (id <= 9644132))
	              ->  Bitmap Index Scan on sbtest7_pkey  (cost=0.00..29.45 rows=902 width=0)
	                    Index Cond: ((id >= 9643133) AND (id <= 9644132))

table 8 : explain SELECT DISTINCT c FROM sbtest8 WHERE id BETWEEN 4251583 AND 4252582 ORDER BY c
	Unique  (cost=3820.89..3825.75 rows=973 width=121)
	  ->  Sort  (cost=3820.89..3823.32 rows=973 width=121)
	        Sort Key: c
	        ->  Bitmap Heap Scan on sbtest8  (cost=34.41..3772.60 rows=973 width=121)
	              Recheck Cond: ((id >= 4251583) AND (id <= 4252582))
	              ->  Bitmap Index Scan on sbtest8_pkey  (cost=0.00..34.17 rows=973 width=0)
	                    Index Cond: ((id >= 4251583) AND (id <= 4252582))

for: sum_ranges
table 1 : explain SELECT SUM(k) FROM sbtest1 WHERE id BETWEEN 5037676 AND 5038675
	Aggregate  (cost=4000.77..4000.78 rows=1 width=8)
	  ->  Bitmap Heap Scan on sbtest1  (cost=35.02..3998.18 rows=1033 width=4)
	        Recheck Cond: ((id >= 5037676) AND (id <= 5038675))
	        ->  Bitmap Index Scan on sbtest1_pkey  (cost=0.00..34.77 rows=1033 width=0)
	              Index Cond: ((id >= 5037676) AND (id <= 5038675))

table 2 : explain SELECT SUM(k) FROM sbtest2 WHERE id BETWEEN 4326812 AND 4327811
	Aggregate  (cost=3658.07..3658.08 rows=1 width=8)
	  ->  Bitmap Heap Scan on sbtest2  (cost=34.09..3655.71 rows=942 width=4)
	        Recheck Cond: ((id >= 4326812) AND (id <= 4327811))
	        ->  Bitmap Index Scan on sbtest2_pkey  (cost=0.00..33.86 rows=942 width=0)
	              Index Cond: ((id >= 4326812) AND (id <= 4327811))

table 3 : explain SELECT SUM(k) FROM sbtest3 WHERE id BETWEEN 6974314 AND 6975313
	Aggregate  (cost=3677.33..3677.34 rows=1 width=8)
	  ->  Bitmap Heap Scan on sbtest3  (cost=34.14..3674.96 rows=947 width=4)
	        Recheck Cond: ((id >= 6974314) AND (id <= 6975313))
	        ->  Bitmap Index Scan on sbtest3_pkey  (cost=0.00..33.91 rows=947 width=0)
	              Index Cond: ((id >= 6974314) AND (id <= 6975313))

table 4 : explain SELECT SUM(k) FROM sbtest4 WHERE id BETWEEN 6062111 AND 6063110
	Aggregate  (cost=4091.93..4091.94 rows=1 width=8)
	  ->  Bitmap Heap Scan on sbtest4  (cost=35.25..4089.29 rows=1055 width=4)
	        Recheck Cond: ((id >= 6062111) AND (id <= 6063110))
	        ->  Bitmap Index Scan on sbtest4_pkey  (cost=0.00..34.98 rows=1055 width=0)
	              Index Cond: ((id >= 6062111) AND (id <= 6063110))

table 5 : explain SELECT SUM(k) FROM sbtest5 WHERE id BETWEEN 1252451 AND 1253450
	Aggregate  (cost=3933.33..3933.34 rows=1 width=8)
	  ->  Bitmap Heap Scan on sbtest5  (cost=34.82..3930.80 rows=1013 width=4)
	        Recheck Cond: ((id >= 1252451) AND (id <= 1253450))
	        ->  Bitmap Index Scan on sbtest5_pkey  (cost=0.00..34.57 rows=1013 width=0)
	              Index Cond: ((id >= 1252451) AND (id <= 1253450))

table 6 : explain SELECT SUM(k) FROM sbtest6 WHERE id BETWEEN 9565161 AND 9566160
	Aggregate  (cost=3870.48..3870.49 rows=1 width=8)
	  ->  Bitmap Heap Scan on sbtest6  (cost=34.66..3867.99 rows=998 width=4)
	        Recheck Cond: ((id >= 9565161) AND (id <= 9566160))
	        ->  Bitmap Index Scan on sbtest6_pkey  (cost=0.00..34.42 rows=998 width=0)
	              Index Cond: ((id >= 9565161) AND (id <= 9566160))

table 7 : explain SELECT SUM(k) FROM sbtest7 WHERE id BETWEEN 7430149 AND 7431148
	Aggregate  (cost=3593.04..3593.05 rows=1 width=8)
	  ->  Bitmap Heap Scan on sbtest7  (cost=33.92..3590.73 rows=925 width=4)
	        Recheck Cond: ((id >= 7430149) AND (id <= 7431148))
	        ->  Bitmap Index Scan on sbtest7_pkey  (cost=0.00..33.69 rows=925 width=0)
	              Index Cond: ((id >= 7430149) AND (id <= 7431148))

table 8 : explain SELECT SUM(k) FROM sbtest8 WHERE id BETWEEN 5354606 AND 5355605
	Aggregate  (cost=4125.46..4125.47 rows=1 width=8)
	  ->  Bitmap Heap Scan on sbtest8  (cost=35.36..4122.79 rows=1066 width=4)
	        Recheck Cond: ((id >= 5354606) AND (id <= 5355605))
	        ->  Bitmap Index Scan on sbtest8_pkey  (cost=0.00..35.09 rows=1066 width=0)
	              Index Cond: ((id >= 5354606) AND (id <= 5355605))

for: simple_ranges
table 1 : explain SELECT c FROM sbtest1 WHERE id BETWEEN 7186230 AND 7187229
	Bitmap Heap Scan on sbtest1  (cost=35.23..4073.42 rows=1053 width=121)
	  Recheck Cond: ((id >= 7186230) AND (id <= 7187229))
	  ->  Bitmap Index Scan on sbtest1_pkey  (cost=0.00..34.97 rows=1053 width=0)
	        Index Cond: ((id >= 7186230) AND (id <= 7187229))

table 2 : explain SELECT c FROM sbtest2 WHERE id BETWEEN 8090732 AND 8091731
	Bitmap Heap Scan on sbtest2  (cost=34.83..3927.23 rows=1014 width=121)
	  Recheck Cond: ((id >= 8090732) AND (id <= 8091731))
	  ->  Bitmap Index Scan on sbtest2_pkey  (cost=0.00..34.58 rows=1014 width=0)
	        Index Cond: ((id >= 8090732) AND (id <= 8091731))

table 3 : explain SELECT c FROM sbtest3 WHERE id BETWEEN 5054146 AND 5055145
	Bitmap Heap Scan on sbtest3  (cost=35.05..4010.49 rows=1036 width=121)
	  Recheck Cond: ((id >= 5054146) AND (id <= 5055145))
	  ->  Bitmap Index Scan on sbtest3_pkey  (cost=0.00..34.80 rows=1036 width=0)
	        Index Cond: ((id >= 5054146) AND (id <= 5055145))

table 4 : explain SELECT c FROM sbtest4 WHERE id BETWEEN 1809696 AND 1810695
	Bitmap Heap Scan on sbtest4  (cost=34.77..3911.86 rows=1008 width=121)
	  Recheck Cond: ((id >= 1809696) AND (id <= 1810695))
	  ->  Bitmap Index Scan on sbtest4_pkey  (cost=0.00..34.52 rows=1008 width=0)
	        Index Cond: ((id >= 1809696) AND (id <= 1810695))

table 5 : explain SELECT c FROM sbtest5 WHERE id BETWEEN 3441827 AND 3442826
	Bitmap Heap Scan on sbtest5  (cost=34.30..3737.99 rows=962 width=121)
	  Recheck Cond: ((id >= 3441827) AND (id <= 3442826))
	  ->  Bitmap Index Scan on sbtest5_pkey  (cost=0.00..34.06 rows=962 width=0)
	        Index Cond: ((id >= 3441827) AND (id <= 3442826))

table 6 : explain SELECT c FROM sbtest6 WHERE id BETWEEN 7478584 AND 7479583
	Bitmap Heap Scan on sbtest6  (cost=34.55..3826.51 rows=987 width=121)
	  Recheck Cond: ((id >= 7478584) AND (id <= 7479583))
	  ->  Bitmap Index Scan on sbtest6_pkey  (cost=0.00..34.31 rows=987 width=0)
	        Index Cond: ((id >= 7478584) AND (id <= 7479583))

table 7 : explain SELECT c FROM sbtest7 WHERE id BETWEEN 8851797 AND 8852796
	Bitmap Heap Scan on sbtest7  (cost=35.20..4061.79 rows=1050 width=121)
	  Recheck Cond: ((id >= 8851797) AND (id <= 8852796))
	  ->  Bitmap Index Scan on sbtest7_pkey  (cost=0.00..34.94 rows=1050 width=0)
	        Index Cond: ((id >= 8851797) AND (id <= 8852796))

table 8 : explain SELECT c FROM sbtest8 WHERE id BETWEEN 673713 AND 674712
	Bitmap Heap Scan on sbtest8  (cost=39.82..4292.12 rows=1111 width=121)
	  Recheck Cond: ((id >= 673713) AND (id <= 674712))
	  ->  Bitmap Index Scan on sbtest8_pkey  (cost=0.00..39.55 rows=1111 width=0)
	        Index Cond: ((id >= 673713) AND (id <= 674712))

for: distinct_ranges
table 1 : explain SELECT DISTINCT c FROM sbtest1 WHERE id BETWEEN 316236 AND 317235 ORDER BY c
	Unique  (cost=4072.82..4078.01 rows=1039 width=121)
	  ->  Sort  (cost=4072.82..4075.42 rows=1039 width=121)
	        Sort Key: c
	        ->  Bitmap Heap Scan on sbtest1  (cost=35.08..4020.76 rows=1039 width=121)
	              Recheck Cond: ((id >= 316236) AND (id <= 317235))
	              ->  Bitmap Index Scan on sbtest1_pkey  (cost=0.00..34.83 rows=1039 width=0)
	                    Index Cond: ((id >= 316236) AND (id <= 317235))

table 2 : explain SELECT DISTINCT c FROM sbtest2 WHERE id BETWEEN 191358 AND 192357 ORDER BY c
	Unique  (cost=3939.61..3944.63 rows=1004 width=121)
	  ->  Sort  (cost=3939.61..3942.12 rows=1004 width=121)
	        Sort Key: c
	        ->  Bitmap Heap Scan on sbtest2  (cost=34.73..3889.56 rows=1004 width=121)
	              Recheck Cond: ((id >= 191358) AND (id <= 192357))
	              ->  Bitmap Index Scan on sbtest2_pkey  (cost=0.00..34.48 rows=1004 width=0)
	                    Index Cond: ((id >= 191358) AND (id <= 192357))

table 3 : explain SELECT DISTINCT c FROM sbtest3 WHERE id BETWEEN 3326920 AND 3327919 ORDER BY c
	Unique  (cost=3664.28..3668.94 rows=932 width=121)
	  ->  Sort  (cost=3664.28..3666.61 rows=932 width=121)
	        Sort Key: c
	        ->  Bitmap Heap Scan on sbtest3  (cost=33.99..3618.31 rows=932 width=121)
	              Recheck Cond: ((id >= 3326920) AND (id <= 3327919))
	              ->  Bitmap Index Scan on sbtest3_pkey  (cost=0.00..33.76 rows=932 width=0)
	                    Index Cond: ((id >= 3326920) AND (id <= 3327919))

table 4 : explain SELECT DISTINCT c FROM sbtest4 WHERE id BETWEEN 8028071 AND 8029070 ORDER BY c
	Unique  (cost=3847.04..3851.93 rows=978 width=121)
	  ->  Sort  (cost=3847.04..3849.49 rows=978 width=121)
	        Sort Key: c
	        ->  Bitmap Heap Scan on sbtest4  (cost=34.46..3798.47 rows=978 width=121)
	              Recheck Cond: ((id >= 8028071) AND (id <= 8029070))
	              ->  Bitmap Index Scan on sbtest4_pkey  (cost=0.00..34.22 rows=978 width=0)
	                    Index Cond: ((id >= 8028071) AND (id <= 8029070))

table 5 : explain SELECT DISTINCT c FROM sbtest5 WHERE id BETWEEN 3098778 AND 3099777 ORDER BY c
	Unique  (cost=3820.22..3825.07 rows=971 width=121)
	  ->  Sort  (cost=3820.22..3822.65 rows=971 width=121)
	        Sort Key: c
	        ->  Bitmap Heap Scan on sbtest5  (cost=34.39..3772.04 rows=971 width=121)
	              Recheck Cond: ((id >= 3098778) AND (id <= 3099777))
	              ->  Bitmap Index Scan on sbtest5_pkey  (cost=0.00..34.15 rows=971 width=0)
	                    Index Cond: ((id >= 3098778) AND (id <= 3099777))

table 6 : explain SELECT DISTINCT c FROM sbtest6 WHERE id BETWEEN 3737683 AND 3738682 ORDER BY c
	Unique  (cost=3806.67..3811.51 rows=969 width=121)
	  ->  Sort  (cost=3806.67..3809.09 rows=969 width=121)
	        Sort Key: c
	        ->  Bitmap Heap Scan on sbtest6  (cost=34.37..3758.61 rows=969 width=121)
	              Recheck Cond: ((id >= 3737683) AND (id <= 3738682))
	              ->  Bitmap Index Scan on sbtest6_pkey  (cost=0.00..34.12 rows=969 width=0)
	                    Index Cond: ((id >= 3737683) AND (id <= 3738682))

table 7 : explain SELECT DISTINCT c FROM sbtest7 WHERE id BETWEEN 2728088 AND 2729087 ORDER BY c
	Unique  (cost=3843.11..3848.00 rows=979 width=121)
	  ->  Sort  (cost=3843.11..3845.56 rows=979 width=121)
	        Sort Key: c
	        ->  Bitmap Heap Scan on sbtest7  (cost=34.47..3794.48 rows=979 width=121)
	              Recheck Cond: ((id >= 2728088) AND (id <= 2729087))
	              ->  Bitmap Index Scan on sbtest7_pkey  (cost=0.00..34.23 rows=979 width=0)
	                    Index Cond: ((id >= 2728088) AND (id <= 2729087))

table 8 : explain SELECT DISTINCT c FROM sbtest8 WHERE id BETWEEN 7968030 AND 7969029 ORDER BY c
	Unique  (cost=3606.14..3610.73 rows=918 width=121)
	  ->  Sort  (cost=3606.14..3608.43 rows=918 width=121)
	        Sort Key: c
	        ->  Bitmap Heap Scan on sbtest8  (cost=29.84..3560.96 rows=918 width=121)
	              Recheck Cond: ((id >= 7968030) AND (id <= 7969029))
	              ->  Bitmap Index Scan on sbtest8_pkey  (cost=0.00..29.61 rows=918 width=0)
	                    Index Cond: ((id >= 7968030) AND (id <= 7969029))

for: simple_ranges
table 1 : explain SELECT c FROM sbtest1 WHERE id BETWEEN 5834626 AND 5835625
	Bitmap Heap Scan on sbtest1  (cost=29.82..3553.01 rows=916 width=121)
	  Recheck Cond: ((id >= 5834626) AND (id <= 5835625))
	  ->  Bitmap Index Scan on sbtest1_pkey  (cost=0.00..29.59 rows=916 width=0)
	        Index Cond: ((id >= 5834626) AND (id <= 5835625))

table 2 : explain SELECT c FROM sbtest2 WHERE id BETWEEN 7712297 AND 7713296
	Bitmap Heap Scan on sbtest2  (cost=34.31..3734.97 rows=963 width=121)
	  Recheck Cond: ((id >= 7712297) AND (id <= 7713296))
	  ->  Bitmap Index Scan on sbtest2_pkey  (cost=0.00..34.07 rows=963 width=0)
	        Index Cond: ((id >= 7712297) AND (id <= 7713296))

table 3 : explain SELECT c FROM sbtest3 WHERE id BETWEEN 6770356 AND 6771355
	Bitmap Heap Scan on sbtest3  (cost=34.50..3807.03 rows=982 width=121)
	  Recheck Cond: ((id >= 6770356) AND (id <= 6771355))
	  ->  Bitmap Index Scan on sbtest3_pkey  (cost=0.00..34.26 rows=982 width=0)
	        Index Cond: ((id >= 6770356) AND (id <= 6771355))

table 4 : explain SELECT c FROM sbtest4 WHERE id BETWEEN 1146445 AND 1147444
	Bitmap Heap Scan on sbtest4  (cost=40.04..4383.40 rows=1132 width=121)
	  Recheck Cond: ((id >= 1146445) AND (id <= 1147444))
	  ->  Bitmap Index Scan on sbtest4_pkey  (cost=0.00..39.76 rows=1132 width=0)
	        Index Cond: ((id >= 1146445) AND (id <= 1147444))

table 5 : explain SELECT c FROM sbtest5 WHERE id BETWEEN 4512633 AND 4513632
	Bitmap Heap Scan on sbtest5  (cost=34.32..3745.56 rows=964 width=121)
	  Recheck Cond: ((id >= 4512633) AND (id <= 4513632))
	  ->  Bitmap Index Scan on sbtest5_pkey  (cost=0.00..34.08 rows=964 width=0)
	        Index Cond: ((id >= 4512633) AND (id <= 4513632))

table 6 : explain SELECT c FROM sbtest6 WHERE id BETWEEN 5935234 AND 5936233
	Bitmap Heap Scan on sbtest6  (cost=34.50..3807.65 rows=982 width=121)
	  Recheck Cond: ((id >= 5935234) AND (id <= 5936233))
	  ->  Bitmap Index Scan on sbtest6_pkey  (cost=0.00..34.26 rows=982 width=0)
	        Index Cond: ((id >= 5935234) AND (id <= 5936233))

table 7 : explain SELECT c FROM sbtest7 WHERE id BETWEEN 3326124 AND 3327123
	Bitmap Heap Scan on sbtest7  (cost=35.21..4065.55 rows=1051 width=121)
	  Recheck Cond: ((id >= 3326124) AND (id <= 3327123))
	  ->  Bitmap Index Scan on sbtest7_pkey  (cost=0.00..34.95 rows=1051 width=0)
	        Index Cond: ((id >= 3326124) AND (id <= 3327123))

table 8 : explain SELECT c FROM sbtest8 WHERE id BETWEEN 2250260 AND 2251259
	Bitmap Heap Scan on sbtest8  (cost=35.68..4239.28 rows=1097 width=121)
	  Recheck Cond: ((id >= 2250260) AND (id <= 2251259))
	  ->  Bitmap Index Scan on sbtest8_pkey  (cost=0.00..35.41 rows=1097 width=0)
	        Index Cond: ((id >= 2250260) AND (id <= 2251259))

for: order_ranges
table 1 : explain SELECT c FROM sbtest1 WHERE id BETWEEN 691124 AND 692123 ORDER BY c
	Sort  (cost=4038.44..4041.01 rows=1030 width=121)
	  Sort Key: c
	  ->  Bitmap Heap Scan on sbtest1  (cost=34.99..3986.89 rows=1030 width=121)
	        Recheck Cond: ((id >= 691124) AND (id <= 692123))
	        ->  Bitmap Index Scan on sbtest1_pkey  (cost=0.00..34.73 rows=1030 width=0)
	              Index Cond: ((id >= 691124) AND (id <= 692123))

table 2 : explain SELECT c FROM sbtest2 WHERE id BETWEEN 6061413 AND 6062412 ORDER BY c
	Sort  (cost=3801.84..3804.26 rows=968 width=121)
	  Sort Key: c
	  ->  Bitmap Heap Scan on sbtest2  (cost=34.36..3753.84 rows=968 width=121)
	        Recheck Cond: ((id >= 6061413) AND (id <= 6062412))
	        ->  Bitmap Index Scan on sbtest2_pkey  (cost=0.00..34.12 rows=968 width=0)
	              Index Cond: ((id >= 6061413) AND (id <= 6062412))

table 3 : explain SELECT c FROM sbtest3 WHERE id BETWEEN 1996274 AND 1997273 ORDER BY c
	Sort  (cost=3556.71..3558.97 rows=905 width=121)
	  Sort Key: c
	  ->  Bitmap Heap Scan on sbtest3  (cost=29.71..3512.27 rows=905 width=121)
	        Recheck Cond: ((id >= 1996274) AND (id <= 1997273))
	        ->  Bitmap Index Scan on sbtest3_pkey  (cost=0.00..29.48 rows=905 width=0)
	              Index Cond: ((id >= 1996274) AND (id <= 1997273))

table 4 : explain SELECT c FROM sbtest4 WHERE id BETWEEN 8665243 AND 8666242 ORDER BY c
	Sort  (cost=3824.01..3826.44 rows=972 width=121)
	  Sort Key: c
	  ->  Bitmap Heap Scan on sbtest4  (cost=34.40..3775.78 rows=972 width=121)
	        Recheck Cond: ((id >= 8665243) AND (id <= 8666242))
	        ->  Bitmap Index Scan on sbtest4_pkey  (cost=0.00..34.16 rows=972 width=0)
	              Index Cond: ((id >= 8665243) AND (id <= 8666242))

table 5 : explain SELECT c FROM sbtest5 WHERE id BETWEEN 4625001 AND 4626000 ORDER BY c
	Sort  (cost=4360.61..4363.39 rows=1111 width=121)
	  Sort Key: c
	  ->  Bitmap Heap Scan on sbtest5  (cost=39.82..4304.41 rows=1111 width=121)
	        Recheck Cond: ((id >= 4625001) AND (id <= 4626000))
	        ->  Bitmap Index Scan on sbtest5_pkey  (cost=0.00..39.55 rows=1111 width=0)
	              Index Cond: ((id >= 4625001) AND (id <= 4626000))

table 6 : explain SELECT c FROM sbtest6 WHERE id BETWEEN 602432 AND 603431 ORDER BY c
	Sort  (cost=3848.80..3851.25 rows=980 width=121)
	  Sort Key: c
	  ->  Bitmap Heap Scan on sbtest6  (cost=34.48..3800.11 rows=980 width=121)
	        Recheck Cond: ((id >= 602432) AND (id <= 603431))
	        ->  Bitmap Index Scan on sbtest6_pkey  (cost=0.00..34.23 rows=980 width=0)
	              Index Cond: ((id >= 602432) AND (id <= 603431))

table 7 : explain SELECT c FROM sbtest7 WHERE id BETWEEN 9649354 AND 9650353 ORDER BY c
	Sort  (cost=3544.10..3546.35 rows=902 width=121)
	  Sort Key: c
	  ->  Bitmap Heap Scan on sbtest7  (cost=29.68..3499.82 rows=902 width=121)
	        Recheck Cond: ((id >= 9649354) AND (id <= 9650353))
	        ->  Bitmap Index Scan on sbtest7_pkey  (cost=0.00..29.45 rows=902 width=0)
	              Index Cond: ((id >= 9649354) AND (id <= 9650353))

table 8 : explain SELECT c FROM sbtest8 WHERE id BETWEEN 5171169 AND 5172168 ORDER BY c
	Sort  (cost=4168.77..4171.43 rows=1064 width=121)
	  Sort Key: c
	  ->  Bitmap Heap Scan on sbtest8  (cost=35.34..4115.27 rows=1064 width=121)
	        Recheck Cond: ((id >= 5171169) AND (id <= 5172168))
	        ->  Bitmap Index Scan on sbtest8_pkey  (cost=0.00..35.08 rows=1064 width=0)
	              Index Cond: ((id >= 5171169) AND (id <= 5172168))

for: sum_ranges
table 1 : explain SELECT SUM(k) FROM sbtest1 WHERE id BETWEEN 9690936 AND 9691935
	Aggregate  (cost=4331.68..4331.69 rows=1 width=8)
	  ->  Bitmap Heap Scan on sbtest1  (cost=35.94..4328.88 rows=1122 width=4)
	        Recheck Cond: ((id >= 9690936) AND (id <= 9691935))
	        ->  Bitmap Index Scan on sbtest1_pkey  (cost=0.00..35.66 rows=1122 width=0)
	              Index Cond: ((id >= 9690936) AND (id <= 9691935))

table 2 : explain SELECT SUM(k) FROM sbtest2 WHERE id BETWEEN 1731869 AND 1732868
	Aggregate  (cost=3760.03..3760.04 rows=1 width=8)
	  ->  Bitmap Heap Scan on sbtest2  (cost=34.37..3757.61 rows=969 width=4)
	        Recheck Cond: ((id >= 1731869) AND (id <= 1732868))
	        ->  Bitmap Index Scan on sbtest2_pkey  (cost=0.00..34.12 rows=969 width=0)
	              Index Cond: ((id >= 1731869) AND (id <= 1732868))

table 3 : explain SELECT SUM(k) FROM sbtest3 WHERE id BETWEEN 7655183 AND 7656182
	Aggregate  (cost=4077.09..4077.10 rows=1 width=8)
	  ->  Bitmap Heap Scan on sbtest3  (cost=35.23..4074.46 rows=1053 width=4)
	        Recheck Cond: ((id >= 7655183) AND (id <= 7656182))
	        ->  Bitmap Index Scan on sbtest3_pkey  (cost=0.00..34.97 rows=1053 width=0)
	              Index Cond: ((id >= 7655183) AND (id <= 7656182))

table 4 : explain SELECT SUM(k) FROM sbtest4 WHERE id BETWEEN 1804468 AND 1805467
	Aggregate  (cost=3914.38..3914.39 rows=1 width=8)
	  ->  Bitmap Heap Scan on sbtest4  (cost=34.77..3911.86 rows=1008 width=4)
	        Recheck Cond: ((id >= 1804468) AND (id <= 1805467))
	        ->  Bitmap Index Scan on sbtest4_pkey  (cost=0.00..34.52 rows=1008 width=0)
	              Index Cond: ((id >= 1804468) AND (id <= 1805467))

table 5 : explain SELECT SUM(k) FROM sbtest5 WHERE id BETWEEN 8064290 AND 8065289
	Aggregate  (cost=3800.96..3800.97 rows=1 width=8)
	  ->  Bitmap Heap Scan on sbtest5  (cost=34.46..3798.52 rows=978 width=4)
	        Recheck Cond: ((id >= 8064290) AND (id <= 8065289))
	        ->  Bitmap Index Scan on sbtest5_pkey  (cost=0.00..34.22 rows=978 width=0)
	              Index Cond: ((id >= 8064290) AND (id <= 8065289))

table 6 : explain SELECT SUM(k) FROM sbtest6 WHERE id BETWEEN 5409807 AND 5410806
	Aggregate  (cost=3764.80..3764.81 rows=1 width=8)
	  ->  Bitmap Heap Scan on sbtest6  (cost=34.38..3762.38 rows=970 width=4)
	        Recheck Cond: ((id >= 5409807) AND (id <= 5410806))
	        ->  Bitmap Index Scan on sbtest6_pkey  (cost=0.00..34.14 rows=970 width=0)
	              Index Cond: ((id >= 5409807) AND (id <= 5410806))

table 7 : explain SELECT SUM(k) FROM sbtest7 WHERE id BETWEEN 8110353 AND 8111352
	Aggregate  (cost=3921.33..3921.34 rows=1 width=8)
	  ->  Bitmap Heap Scan on sbtest7  (cost=34.81..3918.80 rows=1012 width=4)
	        Recheck Cond: ((id >= 8110353) AND (id <= 8111352))
	        ->  Bitmap Index Scan on sbtest7_pkey  (cost=0.00..34.56 rows=1012 width=0)
	              Index Cond: ((id >= 8110353) AND (id <= 8111352))

table 8 : explain SELECT SUM(k) FROM sbtest8 WHERE id BETWEEN 2422921 AND 2423920
	Aggregate  (cost=4253.30..4253.31 rows=1 width=8)
	  ->  Bitmap Heap Scan on sbtest8  (cost=35.71..4250.55 rows=1100 width=4)
	        Recheck Cond: ((id >= 2422921) AND (id <= 2423920))
	        ->  Bitmap Index Scan on sbtest8_pkey  (cost=0.00..35.44 rows=1100 width=0)
	              Index Cond: ((id >= 2422921) AND (id <= 2423920))

explain: for point_selects :: explain SELECT c FROM sbtest%u WHERE id=%u
for: order_ranges
table 1 : explain SELECT c FROM sbtest1 WHERE id BETWEEN 9458115 AND 9459114 ORDER BY c
	Sort  (cost=3793.66..3796.07 rows=966 width=121)
	  Sort Key: c
	  ->  Bitmap Heap Scan on sbtest1  (cost=34.34..3745.77 rows=966 width=121)
	        Recheck Cond: ((id >= 9458115) AND (id <= 9459114))
	        ->  Bitmap Index Scan on sbtest1_pkey  (cost=0.00..34.09 rows=966 width=0)
	              Index Cond: ((id >= 9458115) AND (id <= 9459114))

table 2 : explain SELECT c FROM sbtest2 WHERE id BETWEEN 4478119 AND 4479118 ORDER BY c
	Sort  (cost=4061.94..4064.53 rows=1036 width=121)
	  Sort Key: c
	  ->  Bitmap Heap Scan on sbtest2  (cost=35.05..4010.06 rows=1036 width=121)
	        Recheck Cond: ((id >= 4478119) AND (id <= 4479118))
	        ->  Bitmap Index Scan on sbtest2_pkey  (cost=0.00..34.80 rows=1036 width=0)
	              Index Cond: ((id >= 4478119) AND (id <= 4479118))

table 3 : explain SELECT c FROM sbtest3 WHERE id BETWEEN 493243 AND 494242 ORDER BY c
	Sort  (cost=3809.89..3812.32 rows=970 width=121)
	  Sort Key: c
	  ->  Bitmap Heap Scan on sbtest3  (cost=34.38..3761.77 rows=970 width=121)
	        Recheck Cond: ((id >= 493243) AND (id <= 494242))
	        ->  Bitmap Index Scan on sbtest3_pkey  (cost=0.00..34.14 rows=970 width=0)
	              Index Cond: ((id >= 493243) AND (id <= 494242))

table 4 : explain SELECT c FROM sbtest4 WHERE id BETWEEN 8745450 AND 8746449 ORDER BY c
	Sort  (cost=4000.49..4003.04 rows=1018 width=121)
	  Sort Key: c
	  ->  Bitmap Heap Scan on sbtest4  (cost=34.87..3949.64 rows=1018 width=121)
	        Recheck Cond: ((id >= 8745450) AND (id <= 8746449))
	        ->  Bitmap Index Scan on sbtest4_pkey  (cost=0.00..34.62 rows=1018 width=0)
	              Index Cond: ((id >= 8745450) AND (id <= 8746449))

table 5 : explain SELECT c FROM sbtest5 WHERE id BETWEEN 9654184 AND 9655183 ORDER BY c
	Sort  (cost=3808.70..3811.12 rows=968 width=121)
	  Sort Key: c
	  ->  Bitmap Heap Scan on sbtest5  (cost=34.36..3760.69 rows=968 width=121)
	        Recheck Cond: ((id >= 9654184) AND (id <= 9655183))
	        ->  Bitmap Index Scan on sbtest5_pkey  (cost=0.00..34.12 rows=968 width=0)
	              Index Cond: ((id >= 9654184) AND (id <= 9655183))

table 6 : explain SELECT c FROM sbtest6 WHERE id BETWEEN 5539454 AND 5540453 ORDER BY c
	Sort  (cost=3982.75..3985.28 rows=1015 width=121)
	  Sort Key: c
	  ->  Bitmap Heap Scan on sbtest6  (cost=34.84..3932.06 rows=1015 width=121)
	        Recheck Cond: ((id >= 5539454) AND (id <= 5540453))
	        ->  Bitmap Index Scan on sbtest6_pkey  (cost=0.00..34.59 rows=1015 width=0)
	              Index Cond: ((id >= 5539454) AND (id <= 5540453))

table 7 : explain SELECT c FROM sbtest7 WHERE id BETWEEN 697895 AND 698894 ORDER BY c
	Sort  (cost=3969.32..3971.85 rows=1012 width=121)
	  Sort Key: c
	  ->  Bitmap Heap Scan on sbtest7  (cost=34.81..3918.80 rows=1012 width=121)
	        Recheck Cond: ((id >= 697895) AND (id <= 698894))
	        ->  Bitmap Index Scan on sbtest7_pkey  (cost=0.00..34.56 rows=1012 width=0)
	              Index Cond: ((id >= 697895) AND (id <= 698894))

table 8 : explain SELECT c FROM sbtest8 WHERE id BETWEEN 7009864 AND 7010863 ORDER BY c
	Sort  (cost=3567.78..3570.05 rows=908 width=121)
	  Sort Key: c
	  ->  Bitmap Heap Scan on sbtest8  (cost=29.74..3523.17 rows=908 width=121)
	        Recheck Cond: ((id >= 7009864) AND (id <= 7010863))
	        ->  Bitmap Index Scan on sbtest8_pkey  (cost=0.00..29.51 rows=908 width=0)
	              Index Cond: ((id >= 7009864) AND (id <= 7010863))

for: sum_ranges
table 1 : explain SELECT SUM(k) FROM sbtest1 WHERE id BETWEEN 8981950 AND 8982949
	Aggregate  (cost=3804.78..3804.79 rows=1 width=8)
	  ->  Bitmap Heap Scan on sbtest1  (cost=34.49..3802.33 rows=981 width=4)
	        Recheck Cond: ((id >= 8981950) AND (id <= 8982949))
	        ->  Bitmap Index Scan on sbtest1_pkey  (cost=0.00..34.25 rows=981 width=0)
	              Index Cond: ((id >= 8981950) AND (id <= 8982949))

table 2 : explain SELECT SUM(k) FROM sbtest2 WHERE id BETWEEN 40662 AND 41661
	Aggregate  (cost=3506.61..3506.62 rows=1 width=8)
	  ->  Bitmap Heap Scan on sbtest2  (cost=29.69..3504.36 rows=903 width=4)
	        Recheck Cond: ((id >= 40662) AND (id <= 41661))
	        ->  Bitmap Index Scan on sbtest2_pkey  (cost=0.00..29.46 rows=903 width=0)
	              Index Cond: ((id >= 40662) AND (id <= 41661))

table 3 : explain SELECT SUM(k) FROM sbtest3 WHERE id BETWEEN 914279 AND 915278
	Aggregate  (cost=4174.93..4174.94 rows=1 width=8)
	  ->  Bitmap Heap Scan on sbtest3  (cost=35.49..4172.23 rows=1079 width=4)
	        Recheck Cond: ((id >= 914279) AND (id <= 915278))
	        ->  Bitmap Index Scan on sbtest3_pkey  (cost=0.00..35.23 rows=1079 width=0)
	              Index Cond: ((id >= 914279) AND (id <= 915278))

table 4 : explain SELECT SUM(k) FROM sbtest4 WHERE id BETWEEN 7899664 AND 7900663
	Aggregate  (cost=4039.07..4039.08 rows=1 width=8)
	  ->  Bitmap Heap Scan on sbtest4  (cost=35.11..4036.47 rows=1041 width=4)
	        Recheck Cond: ((id >= 7899664) AND (id <= 7900663))
	        ->  Bitmap Index Scan on sbtest4_pkey  (cost=0.00..34.84 rows=1041 width=0)
	              Index Cond: ((id >= 7899664) AND (id <= 7900663))

table 5 : explain SELECT SUM(k) FROM sbtest5 WHERE id BETWEEN 7068608 AND 7069607
	Aggregate  (cost=3835.02..3835.03 rows=1 width=8)
	  ->  Bitmap Heap Scan on sbtest5  (cost=34.55..3832.55 rows=987 width=4)
	        Recheck Cond: ((id >= 7068608) AND (id <= 7069607))
	        ->  Bitmap Index Scan on sbtest5_pkey  (cost=0.00..34.31 rows=987 width=0)
	              Index Cond: ((id >= 7068608) AND (id <= 7069607))

table 6 : explain SELECT SUM(k) FROM sbtest6 WHERE id BETWEEN 9673717 AND 9674716
	Aggregate  (cost=3783.68..3783.69 rows=1 width=8)
	  ->  Bitmap Heap Scan on sbtest6  (cost=34.43..3781.25 rows=975 width=4)
	        Recheck Cond: ((id >= 9673717) AND (id <= 9674716))
	        ->  Bitmap Index Scan on sbtest6_pkey  (cost=0.00..34.19 rows=975 width=0)
	              Index Cond: ((id >= 9673717) AND (id <= 9674716))

table 7 : explain SELECT SUM(k) FROM sbtest7 WHERE id BETWEEN 5449765 AND 5450764
	Aggregate  (cost=3838.41..3838.42 rows=1 width=8)
	  ->  Bitmap Heap Scan on sbtest7  (cost=34.58..3835.93 rows=990 width=4)
	        Recheck Cond: ((id >= 5449765) AND (id <= 5450764))
	        ->  Bitmap Index Scan on sbtest7_pkey  (cost=0.00..34.34 rows=990 width=0)
	              Index Cond: ((id >= 5449765) AND (id <= 5450764))

table 8 : explain SELECT SUM(k) FROM sbtest8 WHERE id BETWEEN 1065997 AND 1066996
	Aggregate  (cost=4117.93..4117.94 rows=1 width=8)
	  ->  Bitmap Heap Scan on sbtest8  (cost=35.34..4115.27 rows=1064 width=4)
	        Recheck Cond: ((id >= 1065997) AND (id <= 1066996))
	        ->  Bitmap Index Scan on sbtest8_pkey  (cost=0.00..35.08 rows=1064 width=0)
	              Index Cond: ((id >= 1065997) AND (id <= 1066996))

for: distinct_ranges
table 1 : explain SELECT DISTINCT c FROM sbtest1 WHERE id BETWEEN 2946475 AND 2947474 ORDER BY c
	Unique  (cost=3843.42..3848.32 rows=979 width=121)
	  ->  Sort  (cost=3843.42..3845.87 rows=979 width=121)
	        Sort Key: c
	        ->  Bitmap Heap Scan on sbtest1  (cost=34.47..3794.79 rows=979 width=121)
	              Recheck Cond: ((id >= 2946475) AND (id <= 2947474))
	              ->  Bitmap Index Scan on sbtest1_pkey  (cost=0.00..34.23 rows=979 width=0)
	                    Index Cond: ((id >= 2946475) AND (id <= 2947474))

table 2 : explain SELECT DISTINCT c FROM sbtest2 WHERE id BETWEEN 3077473 AND 3078472 ORDER BY c
	Unique  (cost=3874.58..3879.51 rows=987 width=121)
	  ->  Sort  (cost=3874.58..3877.04 rows=987 width=121)
	        Sort Key: c
	        ->  Bitmap Heap Scan on sbtest2  (cost=34.55..3825.49 rows=987 width=121)
	              Recheck Cond: ((id >= 3077473) AND (id <= 3078472))
	              ->  Bitmap Index Scan on sbtest2_pkey  (cost=0.00..34.31 rows=987 width=0)
	                    Index Cond: ((id >= 3077473) AND (id <= 3078472))

table 3 : explain SELECT DISTINCT c FROM sbtest3 WHERE id BETWEEN 8791308 AND 8792307 ORDER BY c
	Unique  (cost=4104.40..4109.64 rows=1047 width=121)
	  ->  Sort  (cost=4104.40..4107.02 rows=1047 width=121)
	        Sort Key: c
	        ->  Bitmap Heap Scan on sbtest3  (cost=35.17..4051.89 rows=1047 width=121)
	              Recheck Cond: ((id >= 8791308) AND (id <= 8792307))
	              ->  Bitmap Index Scan on sbtest3_pkey  (cost=0.00..34.91 rows=1047 width=0)
	                    Index Cond: ((id >= 8791308) AND (id <= 8792307))

table 4 : explain SELECT DISTINCT c FROM sbtest4 WHERE id BETWEEN 1642132 AND 1643131 ORDER BY c
	Unique  (cost=4138.44..4143.71 rows=1054 width=121)
	  ->  Sort  (cost=4138.44..4141.07 rows=1054 width=121)
	        Sort Key: c
	        ->  Bitmap Heap Scan on sbtest4  (cost=35.24..4085.52 rows=1054 width=121)
	              Recheck Cond: ((id >= 1642132) AND (id <= 1643131))
	              ->  Bitmap Index Scan on sbtest4_pkey  (cost=0.00..34.98 rows=1054 width=0)
	                    Index Cond: ((id >= 1642132) AND (id <= 1643131))

table 5 : explain SELECT DISTINCT c FROM sbtest5 WHERE id BETWEEN 4190828 AND 4191827 ORDER BY c
	Unique  (cost=3685.77..3690.45 rows=936 width=121)
	  ->  Sort  (cost=3685.77..3688.11 rows=936 width=121)
	        Sort Key: c
	        ->  Bitmap Heap Scan on sbtest5  (cost=34.03..3639.57 rows=936 width=121)
	              Recheck Cond: ((id >= 4190828) AND (id <= 4191827))
	              ->  Bitmap Index Scan on sbtest5_pkey  (cost=0.00..33.80 rows=936 width=0)
	                    Index Cond: ((id >= 4190828) AND (id <= 4191827))

table 6 : explain SELECT DISTINCT c FROM sbtest6 WHERE id BETWEEN 285454 AND 286453 ORDER BY c
	Unique  (cost=4009.52..4014.63 rows=1022 width=121)
	  ->  Sort  (cost=4009.52..4012.07 rows=1022 width=121)
	        Sort Key: c
	        ->  Bitmap Heap Scan on sbtest6  (cost=34.91..3958.43 rows=1022 width=121)
	              Recheck Cond: ((id >= 285454) AND (id <= 286453))
	              ->  Bitmap Index Scan on sbtest6_pkey  (cost=0.00..34.66 rows=1022 width=0)
	                    Index Cond: ((id >= 285454) AND (id <= 286453))

table 7 : explain SELECT DISTINCT c FROM sbtest7 WHERE id BETWEEN 3385570 AND 3386569 ORDER BY c
	Unique  (cost=3793.35..3798.18 rows=966 width=121)
	  ->  Sort  (cost=3793.35..3795.77 rows=966 width=121)
	        Sort Key: c
	        ->  Bitmap Heap Scan on sbtest7  (cost=34.34..3745.46 rows=966 width=121)
	              Recheck Cond: ((id >= 3385570) AND (id <= 3386569))
	              ->  Bitmap Index Scan on sbtest7_pkey  (cost=0.00..34.09 rows=966 width=0)
	                    Index Cond: ((id >= 3385570) AND (id <= 3386569))

table 8 : explain SELECT DISTINCT c FROM sbtest8 WHERE id BETWEEN 7077637 AND 7078636 ORDER BY c
	Unique  (cost=3759.62..3764.40 rows=957 width=121)
	  ->  Sort  (cost=3759.62..3762.01 rows=957 width=121)
	        Sort Key: c
	        ->  Bitmap Heap Scan on sbtest8  (cost=34.24..3712.23 rows=957 width=121)
	              Recheck Cond: ((id >= 7077637) AND (id <= 7078636))
	              ->  Bitmap Index Scan on sbtest8_pkey  (cost=0.00..34.01 rows=957 width=0)
	                    Index Cond: ((id >= 7077637) AND (id <= 7078636))

for: distinct_ranges
table 1 : explain SELECT DISTINCT c FROM sbtest1 WHERE id BETWEEN 8403477 AND 8404476 ORDER BY c
	Unique  (cost=3778.34..3783.15 rows=962 width=121)
	  ->  Sort  (cost=3778.34..3780.75 rows=962 width=121)
	        Sort Key: c
	        ->  Bitmap Heap Scan on sbtest1  (cost=34.30..3730.68 rows=962 width=121)
	              Recheck Cond: ((id >= 8403477) AND (id <= 8404476))
	              ->  Bitmap Index Scan on sbtest1_pkey  (cost=0.00..34.06 rows=962 width=0)
	                    Index Cond: ((id >= 8403477) AND (id <= 8404476))

table 2 : explain SELECT DISTINCT c FROM sbtest2 WHERE id BETWEEN 9674366 AND 9675365 ORDER BY c
	Unique  (cost=3901.36..3906.33 rows=994 width=121)
	  ->  Sort  (cost=3901.36..3903.85 rows=994 width=121)
	        Sort Key: c
	        ->  Bitmap Heap Scan on sbtest2  (cost=34.62..3851.87 rows=994 width=121)
	              Recheck Cond: ((id >= 9674366) AND (id <= 9675365))
	              ->  Bitmap Index Scan on sbtest2_pkey  (cost=0.00..34.38 rows=994 width=0)
	                    Index Cond: ((id >= 9674366) AND (id <= 9675365))

table 3 : explain SELECT DISTINCT c FROM sbtest3 WHERE id BETWEEN 5696678 AND 5697677 ORDER BY c
	Unique  (cost=4356.37..4361.94 rows=1114 width=121)
	  ->  Sort  (cost=4356.37..4359.15 rows=1114 width=121)
	        Sort Key: c
	        ->  Bitmap Heap Scan on sbtest3  (cost=35.85..4299.99 rows=1114 width=121)
	              Recheck Cond: ((id >= 5696678) AND (id <= 5697677))
	              ->  Bitmap Index Scan on sbtest3_pkey  (cost=0.00..35.58 rows=1114 width=0)
	                    Index Cond: ((id >= 5696678) AND (id <= 5697677))

table 4 : explain SELECT DISTINCT c FROM sbtest4 WHERE id BETWEEN 3352936 AND 3353935 ORDER BY c
	Unique  (cost=4000.49..4005.58 rows=1018 width=121)
	  ->  Sort  (cost=4000.49..4003.04 rows=1018 width=121)
	        Sort Key: c
	        ->  Bitmap Heap Scan on sbtest4  (cost=34.87..3949.64 rows=1018 width=121)
	              Recheck Cond: ((id >= 3352936) AND (id <= 3353935))
	              ->  Bitmap Index Scan on sbtest4_pkey  (cost=0.00..34.62 rows=1018 width=0)
	                    Index Cond: ((id >= 3352936) AND (id <= 3353935))

table 5 : explain SELECT DISTINCT c FROM sbtest5 WHERE id BETWEEN 3241533 AND 3242532 ORDER BY c
	Unique  (cost=4127.00..4132.26 rows=1051 width=121)
	  ->  Sort  (cost=4127.00..4129.63 rows=1051 width=121)
	        Sort Key: c
	        ->  Bitmap Heap Scan on sbtest5  (cost=35.21..4074.26 rows=1051 width=121)
	              Recheck Cond: ((id >= 3241533) AND (id <= 3242532))
	              ->  Bitmap Index Scan on sbtest5_pkey  (cost=0.00..34.95 rows=1051 width=0)
	                    Index Cond: ((id >= 3241533) AND (id <= 3242532))

table 6 : explain SELECT DISTINCT c FROM sbtest6 WHERE id BETWEEN 3807305 AND 3808304 ORDER BY c
	Unique  (cost=4105.09..4110.32 rows=1047 width=121)
	  ->  Sort  (cost=4105.09..4107.70 rows=1047 width=121)
	        Sort Key: c
	        ->  Bitmap Heap Scan on sbtest6  (cost=35.17..4052.57 rows=1047 width=121)
	              Recheck Cond: ((id >= 3807305) AND (id <= 3808304))
	              ->  Bitmap Index Scan on sbtest6_pkey  (cost=0.00..34.91 rows=1047 width=0)
	                    Index Cond: ((id >= 3807305) AND (id <= 3808304))

table 7 : explain SELECT DISTINCT c FROM sbtest7 WHERE id BETWEEN 7826140 AND 7827139 ORDER BY c
	Unique  (cost=3762.73..3767.52 rows=958 width=121)
	  ->  Sort  (cost=3762.73..3765.12 rows=958 width=121)
	        Sort Key: c
	        ->  Bitmap Heap Scan on sbtest7  (cost=34.25..3715.29 rows=958 width=121)
	              Recheck Cond: ((id >= 7826140) AND (id <= 7827139))
	              ->  Bitmap Index Scan on sbtest7_pkey  (cost=0.00..34.02 rows=958 width=0)
	                    Index Cond: ((id >= 7826140) AND (id <= 7827139))

table 8 : explain SELECT DISTINCT c FROM sbtest8 WHERE id BETWEEN 5394448 AND 5395447 ORDER BY c
	Unique  (cost=4176.40..4181.73 rows=1066 width=121)
	  ->  Sort  (cost=4176.40..4179.07 rows=1066 width=121)
	        Sort Key: c
	        ->  Bitmap Heap Scan on sbtest8  (cost=35.36..4122.79 rows=1066 width=121)
	              Recheck Cond: ((id >= 5394448) AND (id <= 5395447))
	              ->  Bitmap Index Scan on sbtest8_pkey  (cost=0.00..35.09 rows=1066 width=0)
	                    Index Cond: ((id >= 5394448) AND (id <= 5395447))

for: order_ranges
table 1 : explain SELECT c FROM sbtest1 WHERE id BETWEEN 6166251 AND 6167250 ORDER BY c
	Sort  (cost=4004.05..4006.60 rows=1021 width=121)
	  Sort Key: c
	  ->  Bitmap Heap Scan on sbtest1  (cost=34.90..3953.02 rows=1021 width=121)
	        Recheck Cond: ((id >= 6166251) AND (id <= 6167250))
	        ->  Bitmap Index Scan on sbtest1_pkey  (cost=0.00..34.65 rows=1021 width=0)
	              Index Cond: ((id >= 6166251) AND (id <= 6167250))

table 2 : explain SELECT c FROM sbtest2 WHERE id BETWEEN 263614 AND 264613 ORDER BY c
	Sort  (cost=4054.30..4056.89 rows=1034 width=121)
	  Sort Key: c
	  ->  Bitmap Heap Scan on sbtest2  (cost=35.03..4002.53 rows=1034 width=121)
	        Recheck Cond: ((id >= 263614) AND (id <= 264613))
	        ->  Bitmap Index Scan on sbtest2_pkey  (cost=0.00..34.78 rows=1034 width=0)
	              Index Cond: ((id >= 263614) AND (id <= 264613))

table 3 : explain SELECT c FROM sbtest3 WHERE id BETWEEN 8224763 AND 8225762 ORDER BY c
	Sort  (cost=3691.12..3693.46 rows=939 width=121)
	  Sort Key: c
	  ->  Bitmap Heap Scan on sbtest3  (cost=34.06..3644.75 rows=939 width=121)
	        Recheck Cond: ((id >= 8224763) AND (id <= 8225762))
	        ->  Bitmap Index Scan on sbtest3_pkey  (cost=0.00..33.83 rows=939 width=0)
	              Index Cond: ((id >= 8224763) AND (id <= 8225762))

table 4 : explain SELECT c FROM sbtest4 WHERE id BETWEEN 6385944 AND 6386943 ORDER BY c
	Sort  (cost=4276.24..4278.96 rows=1090 width=121)
	  Sort Key: c
	  ->  Bitmap Heap Scan on sbtest4  (cost=35.61..4221.25 rows=1090 width=121)
	        Recheck Cond: ((id >= 6385944) AND (id <= 6386943))
	        ->  Bitmap Index Scan on sbtest4_pkey  (cost=0.00..35.34 rows=1090 width=0)
	              Index Cond: ((id >= 6385944) AND (id <= 6386943))

table 5 : explain SELECT c FROM sbtest5 WHERE id BETWEEN 451659 AND 452658 ORDER BY c
	Sort  (cost=4161.47..4164.12 rows=1060 width=121)
	  Sort Key: c
	  ->  Bitmap Heap Scan on sbtest5  (cost=35.30..4108.21 rows=1060 width=121)
	        Recheck Cond: ((id >= 451659) AND (id <= 452658))
	        ->  Bitmap Index Scan on sbtest5_pkey  (cost=0.00..35.04 rows=1060 width=0)
	              Index Cond: ((id >= 451659) AND (id <= 452658))

table 6 : explain SELECT c FROM sbtest6 WHERE id BETWEEN 3600591 AND 3601590 ORDER BY c
	Sort  (cost=3902.40..3904.88 rows=994 width=121)
	  Sort Key: c
	  ->  Bitmap Heap Scan on sbtest6  (cost=34.62..3852.91 rows=994 width=121)
	        Recheck Cond: ((id >= 3600591) AND (id <= 3601590))
	        ->  Bitmap Index Scan on sbtest6_pkey  (cost=0.00..34.38 rows=994 width=0)
	              Index Cond: ((id >= 3600591) AND (id <= 3601590))

table 7 : explain SELECT c FROM sbtest7 WHERE id BETWEEN 5723830 AND 5724829 ORDER BY c
	Sort  (cost=4041.92..4044.50 rows=1031 width=121)
	  Sort Key: c
	  ->  Bitmap Heap Scan on sbtest7  (cost=35.00..3990.32 rows=1031 width=121)
	        Recheck Cond: ((id >= 5723830) AND (id <= 5724829))
	        ->  Bitmap Index Scan on sbtest7_pkey  (cost=0.00..34.75 rows=1031 width=0)
	              Index Cond: ((id >= 5723830) AND (id <= 5724829))

table 8 : explain SELECT c FROM sbtest8 WHERE id BETWEEN 9133785 AND 9134784 ORDER BY c
	Sort  (cost=3981.57..3984.11 rows=1015 width=121)
	  Sort Key: c
	  ->  Bitmap Heap Scan on sbtest8  (cost=34.84..3930.89 rows=1015 width=121)
	        Recheck Cond: ((id >= 9133785) AND (id <= 9134784))
	        ->  Bitmap Index Scan on sbtest8_pkey  (cost=0.00..34.59 rows=1015 width=0)
	              Index Cond: ((id >= 9133785) AND (id <= 9134784))

for: order_ranges
table 1 : explain SELECT c FROM sbtest1 WHERE id BETWEEN 4295861 AND 4296860 ORDER BY c
	Sort  (cost=3896.99..3899.47 rows=993 width=121)
	  Sort Key: c
	  ->  Bitmap Heap Scan on sbtest1  (cost=34.61..3847.56 rows=993 width=121)
	        Recheck Cond: ((id >= 4295861) AND (id <= 4296860))
	        ->  Bitmap Index Scan on sbtest1_pkey  (cost=0.00..34.37 rows=993 width=0)
	              Index Cond: ((id >= 4295861) AND (id <= 4296860))

table 2 : explain SELECT c FROM sbtest2 WHERE id BETWEEN 9689208 AND 9690207 ORDER BY c
	Sort  (cost=3901.36..3903.85 rows=994 width=121)
	  Sort Key: c
	  ->  Bitmap Heap Scan on sbtest2  (cost=34.62..3851.87 rows=994 width=121)
	        Recheck Cond: ((id >= 9689208) AND (id <= 9690207))
	        ->  Bitmap Index Scan on sbtest2_pkey  (cost=0.00..34.38 rows=994 width=0)
	              Index Cond: ((id >= 9689208) AND (id <= 9690207))

table 3 : explain SELECT c FROM sbtest3 WHERE id BETWEEN 5555858 AND 5556857 ORDER BY c
	Sort  (cost=3901.76..3904.25 rows=994 width=121)
	  Sort Key: c
	  ->  Bitmap Heap Scan on sbtest3  (cost=34.62..3852.28 rows=994 width=121)
	        Recheck Cond: ((id >= 5555858) AND (id <= 5556857))
	        ->  Bitmap Index Scan on sbtest3_pkey  (cost=0.00..34.38 rows=994 width=0)
	              Index Cond: ((id >= 5555858) AND (id <= 5556857))

table 4 : explain SELECT c FROM sbtest4 WHERE id BETWEEN 6765884 AND 6766883 ORDER BY c
	Sort  (cost=3789.45..3791.86 rows=963 width=121)
	  Sort Key: c
	  ->  Bitmap Heap Scan on sbtest4  (cost=34.31..3741.73 rows=963 width=121)
	        Recheck Cond: ((id >= 6765884) AND (id <= 6766883))
	        ->  Bitmap Index Scan on sbtest4_pkey  (cost=0.00..34.07 rows=963 width=0)
	              Index Cond: ((id >= 6765884) AND (id <= 6766883))

table 5 : explain SELECT c FROM sbtest5 WHERE id BETWEEN 6691273 AND 6692272 ORDER BY c
	Sort  (cost=3712.67..3715.03 rows=943 width=121)
	  Sort Key: c
	  ->  Bitmap Heap Scan on sbtest5  (cost=34.10..3666.08 rows=943 width=121)
	        Recheck Cond: ((id >= 6691273) AND (id <= 6692272))
	        ->  Bitmap Index Scan on sbtest5_pkey  (cost=0.00..33.87 rows=943 width=0)
	              Index Cond: ((id >= 6691273) AND (id <= 6692272))

table 6 : explain SELECT c FROM sbtest6 WHERE id BETWEEN 7169618 AND 7170617 ORDER BY c
	Sort  (cost=4013.34..4015.90 rows=1023 width=121)
	  Sort Key: c
	  ->  Bitmap Heap Scan on sbtest6  (cost=34.92..3962.20 rows=1023 width=121)
	        Recheck Cond: ((id >= 7169618) AND (id <= 7170617))
	        ->  Bitmap Index Scan on sbtest6_pkey  (cost=0.00..34.67 rows=1023 width=0)
	              Index Cond: ((id >= 7169618) AND (id <= 7170617))

table 7 : explain SELECT c FROM sbtest7 WHERE id BETWEEN 8294150 AND 8295149 ORDER BY c
	Sort  (cost=3655.46..3657.79 rows=930 width=121)
	  Sort Key: c
	  ->  Bitmap Heap Scan on sbtest7  (cost=33.97..3609.61 rows=930 width=121)
	        Recheck Cond: ((id >= 8294150) AND (id <= 8295149))
	        ->  Bitmap Index Scan on sbtest7_pkey  (cost=0.00..33.73 rows=930 width=0)
	              Index Cond: ((id >= 8294150) AND (id <= 8295149))

table 8 : explain SELECT c FROM sbtest8 WHERE id BETWEEN 4765086 AND 4766085 ORDER BY c
	Sort  (cost=4145.86..4148.51 rows=1058 width=121)
	  Sort Key: c
	  ->  Bitmap Heap Scan on sbtest8  (cost=35.28..4092.71 rows=1058 width=121)
	        Recheck Cond: ((id >= 4765086) AND (id <= 4766085))
	        ->  Bitmap Index Scan on sbtest8_pkey  (cost=0.00..35.02 rows=1058 width=0)
	              Index Cond: ((id >= 4765086) AND (id <= 4766085))

for: sum_ranges
table 1 : explain SELECT SUM(k) FROM sbtest1 WHERE id BETWEEN 1002892 AND 1003891
	Aggregate  (cost=3872.66..3872.67 rows=1 width=8)
	  ->  Bitmap Heap Scan on sbtest1  (cost=34.67..3870.16 rows=999 width=4)
	        Recheck Cond: ((id >= 1002892) AND (id <= 1003891))
	        ->  Bitmap Index Scan on sbtest1_pkey  (cost=0.00..34.43 rows=999 width=0)
	              Index Cond: ((id >= 1002892) AND (id <= 1003891))

table 2 : explain SELECT SUM(k) FROM sbtest2 WHERE id BETWEEN 4411081 AND 4412080
	Aggregate  (cost=4012.65..4012.66 rows=1 width=8)
	  ->  Bitmap Heap Scan on sbtest2  (cost=35.05..4010.06 rows=1036 width=4)
	        Recheck Cond: ((id >= 4411081) AND (id <= 4412080))
	        ->  Bitmap Index Scan on sbtest2_pkey  (cost=0.00..34.80 rows=1036 width=0)
	              Index Cond: ((id >= 4411081) AND (id <= 4412080))

table 3 : explain SELECT SUM(k) FROM sbtest3 WHERE id BETWEEN 6515580 AND 6516579
	Aggregate  (cost=4133.55..4133.56 rows=1 width=8)
	  ->  Bitmap Heap Scan on sbtest3  (cost=35.38..4130.88 rows=1068 width=4)
	        Recheck Cond: ((id >= 6515580) AND (id <= 6516579))
	        ->  Bitmap Index Scan on sbtest3_pkey  (cost=0.00..35.12 rows=1068 width=0)
	              Index Cond: ((id >= 6515580) AND (id <= 6516579))

table 4 : explain SELECT SUM(k) FROM sbtest4 WHERE id BETWEEN 5934568 AND 5935567
	Aggregate  (cost=3717.63..3717.64 rows=1 width=8)
	  ->  Bitmap Heap Scan on sbtest4  (cost=34.23..3715.24 rows=956 width=4)
	        Recheck Cond: ((id >= 5934568) AND (id <= 5935567))
	        ->  Bitmap Index Scan on sbtest4_pkey  (cost=0.00..34.00 rows=956 width=0)
	              Index Cond: ((id >= 5934568) AND (id <= 5935567))

table 5 : explain SELECT SUM(k) FROM sbtest5 WHERE id BETWEEN 7034875 AND 7035874
	Aggregate  (cost=3835.02..3835.03 rows=1 width=8)
	  ->  Bitmap Heap Scan on sbtest5  (cost=34.55..3832.55 rows=987 width=4)
	        Recheck Cond: ((id >= 7034875) AND (id <= 7035874))
	        ->  Bitmap Index Scan on sbtest5_pkey  (cost=0.00..34.31 rows=987 width=0)
	              Index Cond: ((id >= 7034875) AND (id <= 7035874))

table 6 : explain SELECT SUM(k) FROM sbtest6 WHERE id BETWEEN 8428802 AND 8429801
	Aggregate  (cost=3628.78..3628.79 rows=1 width=8)
	  ->  Bitmap Heap Scan on sbtest6  (cost=34.01..3626.44 rows=934 width=4)
	        Recheck Cond: ((id >= 8428802) AND (id <= 8429801))
	        ->  Bitmap Index Scan on sbtest6_pkey  (cost=0.00..33.78 rows=934 width=0)
	              Index Cond: ((id >= 8428802) AND (id <= 8429801))

table 7 : explain SELECT SUM(k) FROM sbtest7 WHERE id BETWEEN 3586087 AND 3587086
	Aggregate  (cost=3668.60..3668.61 rows=1 width=8)
	  ->  Bitmap Heap Scan on sbtest7  (cost=34.12..3666.23 rows=945 width=4)
	        Recheck Cond: ((id >= 3586087) AND (id <= 3587086))
	        ->  Bitmap Index Scan on sbtest7_pkey  (cost=0.00..33.89 rows=945 width=0)
	              Index Cond: ((id >= 3586087) AND (id <= 3587086))

table 8 : explain SELECT SUM(k) FROM sbtest8 WHERE id BETWEEN 2816285 AND 2817284
	Aggregate  (cost=3362.66..3362.67 rows=1 width=8)
	  ->  Bitmap Heap Scan on sbtest8  (cost=29.30..3360.49 rows=865 width=4)
	        Recheck Cond: ((id >= 2816285) AND (id <= 2817284))
	        ->  Bitmap Index Scan on sbtest8_pkey  (cost=0.00..29.08 rows=865 width=0)
	              Index Cond: ((id >= 2816285) AND (id <= 2817284))

for: order_ranges
table 1 : explain SELECT c FROM sbtest1 WHERE id BETWEEN 6286706 AND 6287705 ORDER BY c
	Sort  (cost=3824.28..3826.72 rows=974 width=121)
	  Sort Key: c
	  ->  Bitmap Heap Scan on sbtest1  (cost=34.42..3775.94 rows=974 width=121)
	        Recheck Cond: ((id >= 6286706) AND (id <= 6287705))
	        ->  Bitmap Index Scan on sbtest1_pkey  (cost=0.00..34.18 rows=974 width=0)
	              Index Cond: ((id >= 6286706) AND (id <= 6287705))

table 2 : explain SELECT c FROM sbtest2 WHERE id BETWEEN 1725209 AND 1726208 ORDER BY c
	Sort  (cost=3805.67..3808.10 rows=969 width=121)
	  Sort Key: c
	  ->  Bitmap Heap Scan on sbtest2  (cost=34.37..3757.61 rows=969 width=121)
	        Recheck Cond: ((id >= 1725209) AND (id <= 1726208))
	        ->  Bitmap Index Scan on sbtest2_pkey  (cost=0.00..34.12 rows=969 width=0)
	              Index Cond: ((id >= 1725209) AND (id <= 1726208))

table 3 : explain SELECT c FROM sbtest3 WHERE id BETWEEN 1100143 AND 1101142 ORDER BY c
	Sort  (cost=3756.27..3758.66 rows=956 width=121)
	  Sort Key: c
	  ->  Bitmap Heap Scan on sbtest3  (cost=34.23..3708.94 rows=956 width=121)
	        Recheck Cond: ((id >= 1100143) AND (id <= 1101142))
	        ->  Bitmap Index Scan on sbtest3_pkey  (cost=0.00..34.00 rows=956 width=0)
	              Index Cond: ((id >= 1100143) AND (id <= 1101142))

table 4 : explain SELECT c FROM sbtest4 WHERE id BETWEEN 3607699 AND 3608698 ORDER BY c
	Sort  (cost=3939.14..3941.64 rows=1002 width=121)
	  Sort Key: c
	  ->  Bitmap Heap Scan on sbtest4  (cost=34.71..3889.19 rows=1002 width=121)
	        Recheck Cond: ((id >= 3607699) AND (id <= 3608698))
	        ->  Bitmap Index Scan on sbtest4_pkey  (cost=0.00..34.45 rows=1002 width=0)
	              Index Cond: ((id >= 3607699) AND (id <= 3608698))

table 5 : explain SELECT c FROM sbtest5 WHERE id BETWEEN 1715089 AND 1716088 ORDER BY c
	Sort  (cost=3889.31..3891.78 rows=989 width=121)
	  Sort Key: c
	  ->  Bitmap Heap Scan on sbtest5  (cost=34.57..3840.11 rows=989 width=121)
	        Recheck Cond: ((id >= 1715089) AND (id <= 1716088))
	        ->  Bitmap Index Scan on sbtest5_pkey  (cost=0.00..34.33 rows=989 width=0)
	              Index Cond: ((id >= 1715089) AND (id <= 1716088))

table 6 : explain SELECT c FROM sbtest6 WHERE id BETWEEN 115121 AND 116120 ORDER BY c
	Sort  (cost=4024.81..4027.38 rows=1026 width=121)
	  Sort Key: c
	  ->  Bitmap Heap Scan on sbtest6  (cost=34.95..3973.50 rows=1026 width=121)
	        Recheck Cond: ((id >= 115121) AND (id <= 116120))
	        ->  Bitmap Index Scan on sbtest6_pkey  (cost=0.00..34.70 rows=1026 width=0)
	              Index Cond: ((id >= 115121) AND (id <= 116120))

table 7 : explain SELECT c FROM sbtest7 WHERE id BETWEEN 6501004 AND 6502003 ORDER BY c
	Sort  (cost=3755.07..3757.46 rows=956 width=121)
	  Sort Key: c
	  ->  Bitmap Heap Scan on sbtest7  (cost=34.23..3707.74 rows=956 width=121)
	        Recheck Cond: ((id >= 6501004) AND (id <= 6502003))
	        ->  Bitmap Index Scan on sbtest7_pkey  (cost=0.00..34.00 rows=956 width=0)
	              Index Cond: ((id >= 6501004) AND (id <= 6502003))

table 8 : explain SELECT c FROM sbtest8 WHERE id BETWEEN 301125 AND 302124 ORDER BY c
	Sort  (cost=3855.34..3857.79 rows=982 width=121)
	  Sort Key: c
	  ->  Bitmap Heap Scan on sbtest8  (cost=34.50..3806.53 rows=982 width=121)
	        Recheck Cond: ((id >= 301125) AND (id <= 302124))
	        ->  Bitmap Index Scan on sbtest8_pkey  (cost=0.00..34.26 rows=982 width=0)
	              Index Cond: ((id >= 301125) AND (id <= 302124))

for: sum_ranges
table 1 : explain SELECT SUM(k) FROM sbtest1 WHERE id BETWEEN 1456035 AND 1457034
	Aggregate  (cost=3963.10..3963.11 rows=1 width=8)
	  ->  Bitmap Heap Scan on sbtest1  (cost=34.92..3960.55 rows=1023 width=4)
	        Recheck Cond: ((id >= 1456035) AND (id <= 1457034))
	        ->  Bitmap Index Scan on sbtest1_pkey  (cost=0.00..34.67 rows=1023 width=0)
	              Index Cond: ((id >= 1456035) AND (id <= 1457034))

table 2 : explain SELECT SUM(k) FROM sbtest2 WHERE id BETWEEN 6091397 AND 6092396
	Aggregate  (cost=3922.22..3922.23 rows=1 width=8)
	  ->  Bitmap Heap Scan on sbtest2  (cost=34.81..3919.69 rows=1012 width=4)
	        Recheck Cond: ((id >= 6091397) AND (id <= 6092396))
	        ->  Bitmap Index Scan on sbtest2_pkey  (cost=0.00..34.56 rows=1012 width=0)
	              Index Cond: ((id >= 6091397) AND (id <= 6092396))

table 3 : explain SELECT SUM(k) FROM sbtest3 WHERE id BETWEEN 4564597 AND 4565596
	Aggregate  (cost=3949.02..3949.03 rows=1 width=8)
	  ->  Bitmap Heap Scan on sbtest3  (cost=34.88..3946.48 rows=1019 width=4)
	        Recheck Cond: ((id >= 4564597) AND (id <= 4565596))
	        ->  Bitmap Index Scan on sbtest3_pkey  (cost=0.00..34.62 rows=1019 width=0)
	              Index Cond: ((id >= 4564597) AND (id <= 4565596))

table 4 : explain SELECT SUM(k) FROM sbtest4 WHERE id BETWEEN 1331825 AND 1332824
	Aggregate  (cost=3546.88..3546.89 rows=1 width=8)
	  ->  Bitmap Heap Scan on sbtest4  (cost=29.78..3544.60 rows=912 width=4)
	        Recheck Cond: ((id >= 1331825) AND (id <= 1332824))
	        ->  Bitmap Index Scan on sbtest4_pkey  (cost=0.00..29.55 rows=912 width=0)
	              Index Cond: ((id >= 1331825) AND (id <= 1332824))

table 5 : explain SELECT SUM(k) FROM sbtest5 WHERE id BETWEEN 6237679 AND 6238678
	Aggregate  (cost=3509.00..3509.01 rows=1 width=8)
	  ->  Bitmap Heap Scan on sbtest5  (cost=29.68..3506.74 rows=902 width=4)
	        Recheck Cond: ((id >= 6237679) AND (id <= 6238678))
	        ->  Bitmap Index Scan on sbtest5_pkey  (cost=0.00..29.45 rows=902 width=0)
	              Index Cond: ((id >= 6237679) AND (id <= 6238678))

table 6 : explain SELECT SUM(k) FROM sbtest6 WHERE id BETWEEN 4040235 AND 4041234
	Aggregate  (cost=4194.45..4194.46 rows=1 width=8)
	  ->  Bitmap Heap Scan on sbtest6  (cost=35.55..4191.74 rows=1084 width=4)
	        Recheck Cond: ((id >= 4040235) AND (id <= 4041234))
	        ->  Bitmap Index Scan on sbtest6_pkey  (cost=0.00..35.28 rows=1084 width=0)
	              Index Cond: ((id >= 4040235) AND (id <= 4041234))

table 7 : explain SELECT SUM(k) FROM sbtest7 WHERE id BETWEEN 374872 AND 375871
	Aggregate  (cost=3645.93..3645.94 rows=1 width=8)
	  ->  Bitmap Heap Scan on sbtest7  (cost=34.06..3643.59 rows=939 width=4)
	        Recheck Cond: ((id >= 374872) AND (id <= 375871))
	        ->  Bitmap Index Scan on sbtest7_pkey  (cost=0.00..33.83 rows=939 width=0)
	              Index Cond: ((id >= 374872) AND (id <= 375871))

table 8 : explain SELECT SUM(k) FROM sbtest8 WHERE id BETWEEN 2999993 AND 3000992
	Aggregate  (cost=3707.07..3707.08 rows=1 width=8)
	  ->  Bitmap Heap Scan on sbtest8  (cost=34.22..3704.69 rows=955 width=4)
	        Recheck Cond: ((id >= 2999993) AND (id <= 3000992))
	        ->  Bitmap Index Scan on sbtest8_pkey  (cost=0.00..33.98 rows=955 width=0)
	              Index Cond: ((id >= 2999993) AND (id <= 3000992))

for: distinct_ranges
table 1 : explain SELECT DISTINCT c FROM sbtest1 WHERE id BETWEEN 2365841 AND 2366840 ORDER BY c
	Unique  (cost=4198.80..4204.16 rows=1072 width=121)
	  ->  Sort  (cost=4198.80..4201.48 rows=1072 width=121)
	        Sort Key: c
	        ->  Bitmap Heap Scan on sbtest1  (cost=35.42..4144.85 rows=1072 width=121)
	              Recheck Cond: ((id >= 2365841) AND (id <= 2366840))
	              ->  Bitmap Index Scan on sbtest1_pkey  (cost=0.00..35.16 rows=1072 width=0)
	                    Index Cond: ((id >= 2365841) AND (id <= 2366840))

table 2 : explain SELECT DISTINCT c FROM sbtest2 WHERE id BETWEEN 2125704 AND 2126703 ORDER BY c
	Unique  (cost=3817.16..3822.02 rows=972 width=121)
	  ->  Sort  (cost=3817.16..3819.59 rows=972 width=121)
	        Sort Key: c
	        ->  Bitmap Heap Scan on sbtest2  (cost=34.40..3768.93 rows=972 width=121)
	              Recheck Cond: ((id >= 2125704) AND (id <= 2126703))
	              ->  Bitmap Index Scan on sbtest2_pkey  (cost=0.00..34.16 rows=972 width=0)
	                    Index Cond: ((id >= 2125704) AND (id <= 2126703))

table 3 : explain SELECT DISTINCT c FROM sbtest3 WHERE id BETWEEN 2041359 AND 2042358 ORDER BY c
	Unique  (cost=3556.71..3561.24 rows=905 width=121)
	  ->  Sort  (cost=3556.71..3558.97 rows=905 width=121)
	        Sort Key: c
	        ->  Bitmap Heap Scan on sbtest3  (cost=29.71..3512.27 rows=905 width=121)
	              Recheck Cond: ((id >= 2041359) AND (id <= 2042358))
	              ->  Bitmap Index Scan on sbtest3_pkey  (cost=0.00..29.48 rows=905 width=0)
	                    Index Cond: ((id >= 2041359) AND (id <= 2042358))

table 4 : explain SELECT DISTINCT c FROM sbtest4 WHERE id BETWEEN 4802018 AND 4803017 ORDER BY c
	Unique  (cost=3643.44..3648.06 rows=925 width=121)
	  ->  Sort  (cost=3643.44..3645.75 rows=925 width=121)
	        Sort Key: c
	        ->  Bitmap Heap Scan on sbtest4  (cost=33.92..3597.86 rows=925 width=121)
	              Recheck Cond: ((id >= 4802018) AND (id <= 4803017))
	              ->  Bitmap Index Scan on sbtest4_pkey  (cost=0.00..33.69 rows=925 width=0)
	                    Index Cond: ((id >= 4802018) AND (id <= 4803017))

table 5 : explain SELECT DISTINCT c FROM sbtest5 WHERE id BETWEEN 4141796 AND 4142795 ORDER BY c
	Unique  (cost=3685.77..3690.45 rows=936 width=121)
	  ->  Sort  (cost=3685.77..3688.11 rows=936 width=121)
	        Sort Key: c
	        ->  Bitmap Heap Scan on sbtest5  (cost=34.03..3639.57 rows=936 width=121)
	              Recheck Cond: ((id >= 4141796) AND (id <= 4142795))
	              ->  Bitmap Index Scan on sbtest5_pkey  (cost=0.00..33.80 rows=936 width=0)
	                    Index Cond: ((id >= 4141796) AND (id <= 4142795))

table 6 : explain SELECT DISTINCT c FROM sbtest6 WHERE id BETWEEN 3567544 AND 3568543 ORDER BY c
	Unique  (cost=3902.40..3907.37 rows=994 width=121)
	  ->  Sort  (cost=3902.40..3904.88 rows=994 width=121)
	        Sort Key: c
	        ->  Bitmap Heap Scan on sbtest6  (cost=34.62..3852.91 rows=994 width=121)
	              Recheck Cond: ((id >= 3567544) AND (id <= 3568543))
	              ->  Bitmap Index Scan on sbtest6_pkey  (cost=0.00..34.38 rows=994 width=0)
	                    Index Cond: ((id >= 3567544) AND (id <= 3568543))

table 7 : explain SELECT DISTINCT c FROM sbtest7 WHERE id BETWEEN 9776961 AND 9777960 ORDER BY c
	Unique  (cost=3804.84..3809.68 rows=969 width=121)
	  ->  Sort  (cost=3804.84..3807.26 rows=969 width=121)
	        Sort Key: c
	        ->  Bitmap Heap Scan on sbtest7  (cost=34.37..3756.77 rows=969 width=121)
	              Recheck Cond: ((id >= 9776961) AND (id <= 9777960))
	              ->  Bitmap Index Scan on sbtest7_pkey  (cost=0.00..34.12 rows=969 width=0)
	                    Index Cond: ((id >= 9776961) AND (id <= 9777960))

table 8 : explain SELECT DISTINCT c FROM sbtest8 WHERE id BETWEEN 9905140 AND 9906139 ORDER BY c
	Unique  (cost=3629.15..3633.77 rows=924 width=121)
	  ->  Sort  (cost=3629.15..3631.46 rows=924 width=121)
	        Sort Key: c
	        ->  Bitmap Heap Scan on sbtest8  (cost=29.91..3583.63 rows=924 width=121)
	              Recheck Cond: ((id >= 9905140) AND (id <= 9906139))
	              ->  Bitmap Index Scan on sbtest8_pkey  (cost=0.00..29.68 rows=924 width=0)
	                    Index Cond: ((id >= 9905140) AND (id <= 9906139))

for: sum_ranges
table 1 : explain SELECT SUM(k) FROM sbtest1 WHERE id BETWEEN 5929757 AND 5930756
	Aggregate  (cost=4166.33..4166.34 rows=1 width=8)
	  ->  Bitmap Heap Scan on sbtest1  (cost=35.47..4163.64 rows=1077 width=4)
	        Recheck Cond: ((id >= 5929757) AND (id <= 5930756))
	        ->  Bitmap Index Scan on sbtest1_pkey  (cost=0.00..35.20 rows=1077 width=0)
	              Index Cond: ((id >= 5929757) AND (id <= 5930756))

table 2 : explain SELECT SUM(k) FROM sbtest2 WHERE id BETWEEN 282516 AND 283515
	Aggregate  (cost=4005.12..4005.13 rows=1 width=8)
	  ->  Bitmap Heap Scan on sbtest2  (cost=35.03..4002.53 rows=1034 width=4)
	        Recheck Cond: ((id >= 282516) AND (id <= 283515))
	        ->  Bitmap Index Scan on sbtest2_pkey  (cost=0.00..34.78 rows=1034 width=0)
	              Index Cond: ((id >= 282516) AND (id <= 283515))

table 3 : explain SELECT SUM(k) FROM sbtest3 WHERE id BETWEEN 9164290 AND 9165289
	Aggregate  (cost=3450.19..3450.20 rows=1 width=8)
	  ->  Bitmap Heap Scan on sbtest3  (cost=29.54..3447.97 rows=888 width=4)
	        Recheck Cond: ((id >= 9164290) AND (id <= 9165289))
	        ->  Bitmap Index Scan on sbtest3_pkey  (cost=0.00..29.32 rows=888 width=0)
	              Index Cond: ((id >= 9164290) AND (id <= 9165289))

table 4 : explain SELECT SUM(k) FROM sbtest4 WHERE id BETWEEN 2973830 AND 2974829
	Aggregate  (cost=3884.13..3884.14 rows=1 width=8)
	  ->  Bitmap Heap Scan on sbtest4  (cost=34.69..3881.63 rows=1000 width=4)
	        Recheck Cond: ((id >= 2973830) AND (id <= 2974829))
	        ->  Bitmap Index Scan on sbtest4_pkey  (cost=0.00..34.44 rows=1000 width=0)
	              Index Cond: ((id >= 2973830) AND (id <= 2974829))

table 5 : explain SELECT SUM(k) FROM sbtest5 WHERE id BETWEEN 7605346 AND 7606345
	Aggregate  (cost=3638.12..3638.13 rows=1 width=8)
	  ->  Bitmap Heap Scan on sbtest5  (cost=34.02..3635.79 rows=935 width=4)
	        Recheck Cond: ((id >= 7605346) AND (id <= 7606345))
	        ->  Bitmap Index Scan on sbtest5_pkey  (cost=0.00..33.79 rows=935 width=0)
	              Index Cond: ((id >= 7605346) AND (id <= 7606345))

table 6 : explain SELECT SUM(k) FROM sbtest6 WHERE id BETWEEN 2045145 AND 2046144
	Aggregate  (cost=4190.69..4190.70 rows=1 width=8)
	  ->  Bitmap Heap Scan on sbtest6  (cost=35.54..4187.99 rows=1083 width=4)
	        Recheck Cond: ((id >= 2045145) AND (id <= 2046144))
	        ->  Bitmap Index Scan on sbtest6_pkey  (cost=0.00..35.27 rows=1083 width=0)
	              Index Cond: ((id >= 2045145) AND (id <= 2046144))

table 7 : explain SELECT SUM(k) FROM sbtest7 WHERE id BETWEEN 4058963 AND 4059962
	Aggregate  (cost=3932.64..3932.65 rows=1 width=8)
	  ->  Bitmap Heap Scan on sbtest7  (cost=34.84..3930.10 rows=1015 width=4)
	        Recheck Cond: ((id >= 4058963) AND (id <= 4059962))
	        ->  Bitmap Index Scan on sbtest7_pkey  (cost=0.00..34.59 rows=1015 width=0)
	              Index Cond: ((id >= 4058963) AND (id <= 4059962))

table 8 : explain SELECT SUM(k) FROM sbtest8 WHERE id BETWEEN 8563429 AND 8564428
	Aggregate  (cost=3767.48..3767.49 rows=1 width=8)
	  ->  Bitmap Heap Scan on sbtest8  (cost=34.39..3765.05 rows=971 width=4)
	        Recheck Cond: ((id >= 8563429) AND (id <= 8564428))
	        ->  Bitmap Index Scan on sbtest8_pkey  (cost=0.00..34.15 rows=971 width=0)
	              Index Cond: ((id >= 8563429) AND (id <= 8564428))

for: distinct_ranges
table 1 : explain SELECT DISTINCT c FROM sbtest1 WHERE id BETWEEN 8571634 AND 8572633 ORDER BY c
	Unique  (cost=3770.69..3775.49 rows=960 width=121)
	  ->  Sort  (cost=3770.69..3773.09 rows=960 width=121)
	        Sort Key: c
	        ->  Bitmap Heap Scan on sbtest1  (cost=34.28..3723.13 rows=960 width=121)
	              Recheck Cond: ((id >= 8571634) AND (id <= 8572633))
	              ->  Bitmap Index Scan on sbtest1_pkey  (cost=0.00..34.04 rows=960 width=0)
	                    Index Cond: ((id >= 8571634) AND (id <= 8572633))

table 2 : explain SELECT DISTINCT c FROM sbtest2 WHERE id BETWEEN 9296445 AND 9297444 ORDER BY c
	Unique  (cost=3996.97..4002.07 rows=1019 width=121)
	  ->  Sort  (cost=3996.97..3999.52 rows=1019 width=121)
	        Sort Key: c
	        ->  Bitmap Heap Scan on sbtest2  (cost=34.88..3946.06 rows=1019 width=121)
	              Recheck Cond: ((id >= 9296445) AND (id <= 9297444))
	              ->  Bitmap Index Scan on sbtest2_pkey  (cost=0.00..34.62 rows=1019 width=0)
	                    Index Cond: ((id >= 9296445) AND (id <= 9297444))

table 3 : explain SELECT DISTINCT c FROM sbtest3 WHERE id BETWEEN 2492726 AND 2493725 ORDER BY c
	Unique  (cost=3936.20..3941.21 rows=1003 width=121)
	  ->  Sort  (cost=3936.20..3938.71 rows=1003 width=121)
	        Sort Key: c
	        ->  Bitmap Heap Scan on sbtest3  (cost=34.72..3886.20 rows=1003 width=121)
	              Recheck Cond: ((id >= 2492726) AND (id <= 2493725))
	              ->  Bitmap Index Scan on sbtest3_pkey  (cost=0.00..34.47 rows=1003 width=0)
	                    Index Cond: ((id >= 2492726) AND (id <= 2493725))

table 4 : explain SELECT DISTINCT c FROM sbtest4 WHERE id BETWEEN 3808801 AND 3809800 ORDER BY c
	Unique  (cost=3600.98..3605.56 rows=915 width=121)
	  ->  Sort  (cost=3600.98..3603.27 rows=915 width=121)
	        Sort Key: c
	        ->  Bitmap Heap Scan on sbtest4  (cost=29.81..3555.97 rows=915 width=121)
	              Recheck Cond: ((id >= 3808801) AND (id <= 3809800))
	              ->  Bitmap Index Scan on sbtest4_pkey  (cost=0.00..29.58 rows=915 width=0)
	                    Index Cond: ((id >= 3808801) AND (id <= 3809800))

table 5 : explain SELECT DISTINCT c FROM sbtest5 WHERE id BETWEEN 5468712 AND 5469711 ORDER BY c
	Unique  (cost=3904.66..3909.62 rows=993 width=121)
	  ->  Sort  (cost=3904.66..3907.14 rows=993 width=121)
	        Sort Key: c
	        ->  Bitmap Heap Scan on sbtest5  (cost=34.61..3855.23 rows=993 width=121)
	              Recheck Cond: ((id >= 5468712) AND (id <= 5469711))
	              ->  Bitmap Index Scan on sbtest5_pkey  (cost=0.00..34.37 rows=993 width=0)
	                    Index Cond: ((id >= 5468712) AND (id <= 5469711))

table 6 : explain SELECT DISTINCT c FROM sbtest6 WHERE id BETWEEN 3726770 AND 3727769 ORDER BY c
	Unique  (cost=3806.67..3811.51 rows=969 width=121)
	  ->  Sort  (cost=3806.67..3809.09 rows=969 width=121)
	        Sort Key: c
	        ->  Bitmap Heap Scan on sbtest6  (cost=34.37..3758.61 rows=969 width=121)
	              Recheck Cond: ((id >= 3726770) AND (id <= 3727769))
	              ->  Bitmap Index Scan on sbtest6_pkey  (cost=0.00..34.12 rows=969 width=0)
	                    Index Cond: ((id >= 3726770) AND (id <= 3727769))

table 7 : explain SELECT DISTINCT c FROM sbtest7 WHERE id BETWEEN 61075 AND 62074 ORDER BY c
	Unique  (cost=3586.29..3590.85 rows=913 width=121)
	  ->  Sort  (cost=3586.29..3588.57 rows=913 width=121)
	        Sort Key: c
	        ->  Bitmap Heap Scan on sbtest7  (cost=29.79..3541.39 rows=913 width=121)
	              Recheck Cond: ((id >= 61075) AND (id <= 62074))
	              ->  Bitmap Index Scan on sbtest7_pkey  (cost=0.00..29.57 rows=913 width=0)
	                    Index Cond: ((id >= 61075) AND (id <= 62074))

table 8 : explain SELECT DISTINCT c FROM sbtest8 WHERE id BETWEEN 8985489 AND 8986488 ORDER BY c
	Unique  (cost=4195.49..4200.84 rows=1071 width=121)
	  ->  Sort  (cost=4195.49..4198.16 rows=1071 width=121)
	        Sort Key: c
	        ->  Bitmap Heap Scan on sbtest8  (cost=35.41..4141.59 rows=1071 width=121)
	              Recheck Cond: ((id >= 8985489) AND (id <= 8986488))
	              ->  Bitmap Index Scan on sbtest8_pkey  (cost=0.00..35.15 rows=1071 width=0)
	                    Index Cond: ((id >= 8985489) AND (id <= 8986488))

for: distinct_ranges
table 1 : explain SELECT DISTINCT c FROM sbtest1 WHERE id BETWEEN 2879795 AND 2880794 ORDER BY c
	Unique  (cost=3843.42..3848.32 rows=979 width=121)
	  ->  Sort  (cost=3843.42..3845.87 rows=979 width=121)
	        Sort Key: c
	        ->  Bitmap Heap Scan on sbtest1  (cost=34.47..3794.79 rows=979 width=121)
	              Recheck Cond: ((id >= 2879795) AND (id <= 2880794))
	              ->  Bitmap Index Scan on sbtest1_pkey  (cost=0.00..34.23 rows=979 width=0)
	                    Index Cond: ((id >= 2879795) AND (id <= 2880794))

table 2 : explain SELECT DISTINCT c FROM sbtest2 WHERE id BETWEEN 3295447 AND 3296446 ORDER BY c
	Unique  (cost=4054.30..4059.47 rows=1034 width=121)
	  ->  Sort  (cost=4054.30..4056.89 rows=1034 width=121)
	        Sort Key: c
	        ->  Bitmap Heap Scan on sbtest2  (cost=35.03..4002.53 rows=1034 width=121)
	              Recheck Cond: ((id >= 3295447) AND (id <= 3296446))
	              ->  Bitmap Index Scan on sbtest2_pkey  (cost=0.00..34.78 rows=1034 width=0)
	                    Index Cond: ((id >= 3295447) AND (id <= 3296446))

table 3 : explain SELECT DISTINCT c FROM sbtest3 WHERE id BETWEEN 951424 AND 952423 ORDER BY c
	Unique  (cost=4226.59..4231.99 rows=1079 width=121)
	  ->  Sort  (cost=4226.59..4229.29 rows=1079 width=121)
	        Sort Key: c
	        ->  Bitmap Heap Scan on sbtest3  (cost=35.49..4172.23 rows=1079 width=121)
	              Recheck Cond: ((id >= 951424) AND (id <= 952423))
	              ->  Bitmap Index Scan on sbtest3_pkey  (cost=0.00..35.23 rows=1079 width=0)
	                    Index Cond: ((id >= 951424) AND (id <= 952423))

table 4 : explain SELECT DISTINCT c FROM sbtest4 WHERE id BETWEEN 4626170 AND 4627169 ORDER BY c
	Unique  (cost=3877.75..3882.68 rows=986 width=121)
	  ->  Sort  (cost=3877.75..3880.21 rows=986 width=121)
	        Sort Key: c
	        ->  Bitmap Heap Scan on sbtest4  (cost=34.54..3828.72 rows=986 width=121)
	              Recheck Cond: ((id >= 4626170) AND (id <= 4627169))
	              ->  Bitmap Index Scan on sbtest4_pkey  (cost=0.00..34.30 rows=986 width=0)
	                    Index Cond: ((id >= 4626170) AND (id <= 4627169))

table 5 : explain SELECT DISTINCT c FROM sbtest5 WHERE id BETWEEN 8292494 AND 8293493 ORDER BY c
	Unique  (cost=4169.13..4174.44 rows=1062 width=121)
	  ->  Sort  (cost=4169.13..4171.78 rows=1062 width=121)
	        Sort Key: c
	        ->  Bitmap Heap Scan on sbtest5  (cost=35.32..4115.75 rows=1062 width=121)
	              Recheck Cond: ((id >= 8292494) AND (id <= 8293493))
	              ->  Bitmap Index Scan on sbtest5_pkey  (cost=0.00..35.06 rows=1062 width=0)
	                    Index Cond: ((id >= 8292494) AND (id <= 8293493))

table 6 : explain SELECT DISTINCT c FROM sbtest6 WHERE id BETWEEN 5599782 AND 5600781 ORDER BY c
	Unique  (cost=3902.40..3907.37 rows=994 width=121)
	  ->  Sort  (cost=3902.40..3904.88 rows=994 width=121)
	        Sort Key: c
	        ->  Bitmap Heap Scan on sbtest6  (cost=34.62..3852.91 rows=994 width=121)
	              Recheck Cond: ((id >= 5599782) AND (id <= 5600781))
	              ->  Bitmap Index Scan on sbtest6_pkey  (cost=0.00..34.38 rows=994 width=0)
	                    Index Cond: ((id >= 5599782) AND (id <= 5600781))

table 7 : explain SELECT DISTINCT c FROM sbtest7 WHERE id BETWEEN 4172292 AND 4173291 ORDER BY c
	Unique  (cost=3846.94..3851.84 rows=980 width=121)
	  ->  Sort  (cost=3846.94..3849.39 rows=980 width=121)
	        Sort Key: c
	        ->  Bitmap Heap Scan on sbtest7  (cost=34.48..3798.25 rows=980 width=121)
	              Recheck Cond: ((id >= 4172292) AND (id <= 4173291))
	              ->  Bitmap Index Scan on sbtest7_pkey  (cost=0.00..34.23 rows=980 width=0)
	                    Index Cond: ((id >= 4172292) AND (id <= 4173291))

table 8 : explain SELECT DISTINCT c FROM sbtest8 WHERE id BETWEEN 4540969 AND 4541968 ORDER BY c
	Unique  (cost=3725.14..3729.88 rows=948 width=121)
	  ->  Sort  (cost=3725.14..3727.51 rows=948 width=121)
	        Sort Key: c
	        ->  Bitmap Heap Scan on sbtest8  (cost=34.15..3678.27 rows=948 width=121)
	              Recheck Cond: ((id >= 4540969) AND (id <= 4541968))
	              ->  Bitmap Index Scan on sbtest8_pkey  (cost=0.00..33.92 rows=948 width=0)
	                    Index Cond: ((id >= 4540969) AND (id <= 4541968))

for: distinct_ranges
table 1 : explain SELECT DISTINCT c FROM sbtest1 WHERE id BETWEEN 5908304 AND 5909303 ORDER BY c
	Unique  (cost=4217.88..4223.27 rows=1077 width=121)
	  ->  Sort  (cost=4217.88..4220.57 rows=1077 width=121)
	        Sort Key: c
	        ->  Bitmap Heap Scan on sbtest1  (cost=35.47..4163.64 rows=1077 width=121)
	              Recheck Cond: ((id >= 5908304) AND (id <= 5909303))
	              ->  Bitmap Index Scan on sbtest1_pkey  (cost=0.00..35.20 rows=1077 width=0)
	                    Index Cond: ((id >= 5908304) AND (id <= 5909303))

table 2 : explain SELECT DISTINCT c FROM sbtest2 WHERE id BETWEEN 2540737 AND 2541736 ORDER BY c
	Unique  (cost=3863.10..3868.02 rows=984 width=121)
	  ->  Sort  (cost=3863.10..3865.56 rows=984 width=121)
	        Sort Key: c
	        ->  Bitmap Heap Scan on sbtest2  (cost=34.52..3814.18 rows=984 width=121)
	              Recheck Cond: ((id >= 2540737) AND (id <= 2541736))
	              ->  Bitmap Index Scan on sbtest2_pkey  (cost=0.00..34.28 rows=984 width=0)
	                    Index Cond: ((id >= 2540737) AND (id <= 2541736))

table 3 : explain SELECT DISTINCT c FROM sbtest3 WHERE id BETWEEN 3693918 AND 3694917 ORDER BY c
	Unique  (cost=3920.90..3925.89 rows=999 width=121)
	  ->  Sort  (cost=3920.90..3923.39 rows=999 width=121)
	        Sort Key: c
	        ->  Bitmap Heap Scan on sbtest3  (cost=34.67..3871.12 rows=999 width=121)
	              Recheck Cond: ((id >= 3693918) AND (id <= 3694917))
	              ->  Bitmap Index Scan on sbtest3_pkey  (cost=0.00..34.43 rows=999 width=0)
	                    Index Cond: ((id >= 3693918) AND (id <= 3694917))

table 4 : explain SELECT DISTINCT c FROM sbtest4 WHERE id BETWEEN 1229339 AND 1230338 ORDER BY c
	Unique  (cost=4092.47..4097.68 rows=1042 width=121)
	  ->  Sort  (cost=4092.47..4095.08 rows=1042 width=121)
	        Sort Key: c
	        ->  Bitmap Heap Scan on sbtest4  (cost=35.12..4040.24 rows=1042 width=121)
	              Recheck Cond: ((id >= 1229339) AND (id <= 1230338))
	              ->  Bitmap Index Scan on sbtest4_pkey  (cost=0.00..34.86 rows=1042 width=0)
	                    Index Cond: ((id >= 1229339) AND (id <= 1230338))

table 5 : explain SELECT DISTINCT c FROM sbtest5 WHERE id BETWEEN 4936083 AND 4937082 ORDER BY c
	Unique  (cost=4111.68..4116.92 rows=1047 width=121)
	  ->  Sort  (cost=4111.68..4114.30 rows=1047 width=121)
	        Sort Key: c
	        ->  Bitmap Heap Scan on sbtest5  (cost=35.17..4059.16 rows=1047 width=121)
	              Recheck Cond: ((id >= 4936083) AND (id <= 4937082))
	              ->  Bitmap Index Scan on sbtest5_pkey  (cost=0.00..34.91 rows=1047 width=0)
	                    Index Cond: ((id >= 4936083) AND (id <= 4937082))

table 6 : explain SELECT DISTINCT c FROM sbtest6 WHERE id BETWEEN 5073958 AND 5074957 ORDER BY c
	Unique  (cost=3661.02..3665.67 rows=931 width=121)
	  ->  Sort  (cost=3661.02..3663.35 rows=931 width=121)
	        Sort Key: c
	        ->  Bitmap Heap Scan on sbtest6  (cost=33.98..3615.11 rows=931 width=121)
	              Recheck Cond: ((id >= 5073958) AND (id <= 5074957))
	              ->  Bitmap Index Scan on sbtest6_pkey  (cost=0.00..33.75 rows=931 width=0)
	                    Index Cond: ((id >= 5073958) AND (id <= 5074957))

table 7 : explain SELECT DISTINCT c FROM sbtest7 WHERE id BETWEEN 8105695 AND 8106694 ORDER BY c
	Unique  (cost=3969.32..3974.38 rows=1012 width=121)
	  ->  Sort  (cost=3969.32..3971.85 rows=1012 width=121)
	        Sort Key: c
	        ->  Bitmap Heap Scan on sbtest7  (cost=34.81..3918.80 rows=1012 width=121)
	              Recheck Cond: ((id >= 8105695) AND (id <= 8106694))
	              ->  Bitmap Index Scan on sbtest7_pkey  (cost=0.00..34.56 rows=1012 width=0)
	                    Index Cond: ((id >= 8105695) AND (id <= 8106694))

table 8 : explain SELECT DISTINCT c FROM sbtest8 WHERE id BETWEEN 2737949 AND 2738948 ORDER BY c
	Unique  (cost=3609.97..3614.57 rows=919 width=121)
	  ->  Sort  (cost=3609.97..3612.27 rows=919 width=121)
	        Sort Key: c
	        ->  Bitmap Heap Scan on sbtest8  (cost=29.85..3564.74 rows=919 width=121)
	              Recheck Cond: ((id >= 2737949) AND (id <= 2738948))
	              ->  Bitmap Index Scan on sbtest8_pkey  (cost=0.00..29.62 rows=919 width=0)
	                    Index Cond: ((id >= 2737949) AND (id <= 2738948))

for point_selects
table 1 : explain SELECT c FROM sbtest1 WHERE id=7042091
	Index Scan using sbtest1_pkey on sbtest1  (cost=0.43..8.45 rows=1 width=121)
	  Index Cond: (id = 7042091)

table 2 : explain SELECT c FROM sbtest2 WHERE id=4875318
	Index Scan using sbtest2_pkey on sbtest2  (cost=0.43..8.45 rows=1 width=121)
	  Index Cond: (id = 4875318)

table 3 : explain SELECT c FROM sbtest3 WHERE id=7433350
	Index Scan using sbtest3_pkey on sbtest3  (cost=0.43..8.45 rows=1 width=121)
	  Index Cond: (id = 7433350)

table 4 : explain SELECT c FROM sbtest4 WHERE id=7227101
	Index Scan using sbtest4_pkey on sbtest4  (cost=0.43..8.45 rows=1 width=121)
	  Index Cond: (id = 7227101)

table 5 : explain SELECT c FROM sbtest5 WHERE id=8361767
	Index Scan using sbtest5_pkey on sbtest5  (cost=0.43..8.45 rows=1 width=121)
	  Index Cond: (id = 8361767)

table 6 : explain SELECT c FROM sbtest6 WHERE id=1979544
	Index Scan using sbtest6_pkey on sbtest6  (cost=0.43..8.45 rows=1 width=121)
	  Index Cond: (id = 1979544)

table 7 : explain SELECT c FROM sbtest7 WHERE id=1508047
	Index Scan using sbtest7_pkey on sbtest7  (cost=0.43..8.45 rows=1 width=121)
	  Index Cond: (id = 1508047)

table 8 : explain SELECT c FROM sbtest8 WHERE id=4948124
	Index Scan using sbtest8_pkey on sbtest8  (cost=0.43..8.45 rows=1 width=121)
	  Index Cond: (id = 4948124)

for: order_ranges
table 1 : explain SELECT c FROM sbtest1 WHERE id BETWEEN 2430756 AND 2431755 ORDER BY c
	Sort  (cost=4229.33..4232.03 rows=1080 width=121)
	  Sort Key: c
	  ->  Bitmap Heap Scan on sbtest1  (cost=35.51..4174.91 rows=1080 width=121)
	        Recheck Cond: ((id >= 2430756) AND (id <= 2431755))
	        ->  Bitmap Index Scan on sbtest1_pkey  (cost=0.00..35.23 rows=1080 width=0)
	              Index Cond: ((id >= 2430756) AND (id <= 2431755))

table 2 : explain SELECT c FROM sbtest2 WHERE id BETWEEN 8147166 AND 8148165 ORDER BY c
	Sort  (cost=3977.86..3980.39 rows=1014 width=121)
	  Sort Key: c
	  ->  Bitmap Heap Scan on sbtest2  (cost=34.83..3927.23 rows=1014 width=121)
	        Recheck Cond: ((id >= 8147166) AND (id <= 8148165))
	        ->  Bitmap Index Scan on sbtest2_pkey  (cost=0.00..34.58 rows=1014 width=0)
	              Index Cond: ((id >= 8147166) AND (id <= 8148165))

table 3 : explain SELECT c FROM sbtest3 WHERE id BETWEEN 9290847 AND 9291846 ORDER BY c
	Sort  (cost=3591.24..3593.53 rows=914 width=121)
	  Sort Key: c
	  ->  Bitmap Heap Scan on sbtest3  (cost=29.80..3546.29 rows=914 width=121)
	        Recheck Cond: ((id >= 9290847) AND (id <= 9291846))
	        ->  Bitmap Index Scan on sbtest3_pkey  (cost=0.00..29.57 rows=914 width=0)
	              Index Cond: ((id >= 9290847) AND (id <= 9291846))

table 4 : explain SELECT c FROM sbtest4 WHERE id BETWEEN 4249341 AND 4250340 ORDER BY c
	Sort  (cost=3674.19..3676.52 rows=933 width=121)
	  Sort Key: c
	  ->  Bitmap Heap Scan on sbtest4  (cost=34.00..3628.17 rows=933 width=121)
	        Recheck Cond: ((id >= 4249341) AND (id <= 4250340))
	        ->  Bitmap Index Scan on sbtest4_pkey  (cost=0.00..33.77 rows=933 width=0)
	              Index Cond: ((id >= 4249341) AND (id <= 4250340))

table 5 : explain SELECT c FROM sbtest5 WHERE id BETWEEN 8408343 AND 8409342 ORDER BY c
	Sort  (cost=4023.55..4026.11 rows=1024 width=121)
	  Sort Key: c
	  ->  Bitmap Heap Scan on sbtest5  (cost=34.93..3972.35 rows=1024 width=121)
	        Recheck Cond: ((id >= 8408343) AND (id <= 8409342))
	        ->  Bitmap Index Scan on sbtest5_pkey  (cost=0.00..34.68 rows=1024 width=0)
	              Index Cond: ((id >= 8408343) AND (id <= 8409342))

table 6 : explain SELECT c FROM sbtest6 WHERE id BETWEEN 8472661 AND 8473660 ORDER BY c
	Sort  (cost=3672.52..3674.86 rows=934 width=121)
	  Sort Key: c
	  ->  Bitmap Heap Scan on sbtest6  (cost=34.01..3626.44 rows=934 width=121)
	        Recheck Cond: ((id >= 8472661) AND (id <= 8473660))
	        ->  Bitmap Index Scan on sbtest6_pkey  (cost=0.00..33.78 rows=934 width=0)
	              Index Cond: ((id >= 8472661) AND (id <= 8473660))

table 7 : explain SELECT c FROM sbtest7 WHERE id BETWEEN 9848279 AND 9849278 ORDER BY c
	Sort  (cost=4160.29..4162.94 rows=1062 width=121)
	  Sort Key: c
	  ->  Bitmap Heap Scan on sbtest7  (cost=35.32..4106.91 rows=1062 width=121)
	        Recheck Cond: ((id >= 9848279) AND (id <= 9849278))
	        ->  Bitmap Index Scan on sbtest7_pkey  (cost=0.00..35.06 rows=1062 width=0)
	              Index Cond: ((id >= 9848279) AND (id <= 9849278))

table 8 : explain SELECT c FROM sbtest8 WHERE id BETWEEN 3913106 AND 3914105 ORDER BY c
	Sort  (cost=4260.35..4263.07 rows=1088 width=121)
	  Sort Key: c
	  ->  Bitmap Heap Scan on sbtest8  (cost=35.59..4205.48 rows=1088 width=121)
	        Recheck Cond: ((id >= 3913106) AND (id <= 3914105))
	        ->  Bitmap Index Scan on sbtest8_pkey  (cost=0.00..35.32 rows=1088 width=0)
	              Index Cond: ((id >= 3913106) AND (id <= 3914105))

for: order_ranges
table 1 : explain SELECT c FROM sbtest1 WHERE id BETWEEN 4204936 AND 4205935 ORDER BY c
	Sort  (cost=3912.29..3914.78 rows=997 width=121)
	  Sort Key: c
	  ->  Bitmap Heap Scan on sbtest1  (cost=34.65..3862.63 rows=997 width=121)
	        Recheck Cond: ((id >= 4204936) AND (id <= 4205935))
	        ->  Bitmap Index Scan on sbtest1_pkey  (cost=0.00..34.41 rows=997 width=0)
	              Index Cond: ((id >= 4204936) AND (id <= 4205935))

table 2 : explain SELECT c FROM sbtest2 WHERE id BETWEEN 7635253 AND 7636252 ORDER BY c
	Sort  (cost=4065.77..4068.36 rows=1037 width=121)
	  Sort Key: c
	  ->  Bitmap Heap Scan on sbtest2  (cost=35.06..4013.82 rows=1037 width=121)
	        Recheck Cond: ((id >= 7635253) AND (id <= 7636252))
	        ->  Bitmap Index Scan on sbtest2_pkey  (cost=0.00..34.81 rows=1037 width=0)
	              Index Cond: ((id >= 7635253) AND (id <= 7636252))

table 3 : explain SELECT c FROM sbtest3 WHERE id BETWEEN 8241050 AND 8242049 ORDER BY c
	Sort  (cost=3691.12..3693.46 rows=939 width=121)
	  Sort Key: c
	  ->  Bitmap Heap Scan on sbtest3  (cost=34.06..3644.75 rows=939 width=121)
	        Recheck Cond: ((id >= 8241050) AND (id <= 8242049))
	        ->  Bitmap Index Scan on sbtest3_pkey  (cost=0.00..33.83 rows=939 width=0)
	              Index Cond: ((id >= 8241050) AND (id <= 8242049))

table 4 : explain SELECT c FROM sbtest4 WHERE id BETWEEN 2755914 AND 2756913 ORDER BY c
	Sort  (cost=3950.64..3953.15 rows=1005 width=121)
	  Sort Key: c
	  ->  Bitmap Heap Scan on sbtest4  (cost=34.74..3900.53 rows=1005 width=121)
	        Recheck Cond: ((id >= 2755914) AND (id <= 2756913))
	        ->  Bitmap Index Scan on sbtest4_pkey  (cost=0.00..34.48 rows=1005 width=0)
	              Index Cond: ((id >= 2755914) AND (id <= 2756913))

table 5 : explain SELECT c FROM sbtest5 WHERE id BETWEEN 6664385 AND 6665384 ORDER BY c
	Sort  (cost=3712.67..3715.03 rows=943 width=121)
	  Sort Key: c
	  ->  Bitmap Heap Scan on sbtest5  (cost=34.10..3666.08 rows=943 width=121)
	        Recheck Cond: ((id >= 6664385) AND (id <= 6665384))
	        ->  Bitmap Index Scan on sbtest5_pkey  (cost=0.00..33.87 rows=943 width=0)
	              Index Cond: ((id >= 6664385) AND (id <= 6665384))

table 6 : explain SELECT c FROM sbtest6 WHERE id BETWEEN 3011232 AND 3012231 ORDER BY c
	Sort  (cost=3783.68..3786.09 rows=963 width=121)
	  Sort Key: c
	  ->  Bitmap Heap Scan on sbtest6  (cost=34.31..3735.96 rows=963 width=121)
	        Recheck Cond: ((id >= 3011232) AND (id <= 3012231))
	        ->  Bitmap Index Scan on sbtest6_pkey  (cost=0.00..34.07 rows=963 width=0)
	              Index Cond: ((id >= 3011232) AND (id <= 3012231))

table 7 : explain SELECT c FROM sbtest7 WHERE id BETWEEN 1385402 AND 1386401 ORDER BY c
	Sort  (cost=4374.10..4376.90 rows=1118 width=121)
	  Sort Key: c
	  ->  Bitmap Heap Scan on sbtest7  (cost=39.89..4317.49 rows=1118 width=121)
	        Recheck Cond: ((id >= 1385402) AND (id <= 1386401))
	        ->  Bitmap Index Scan on sbtest7_pkey  (cost=0.00..39.62 rows=1118 width=0)
	              Index Cond: ((id >= 1385402) AND (id <= 1386401))

table 8 : explain SELECT c FROM sbtest8 WHERE id BETWEEN 802165 AND 803164 ORDER BY c
	Sort  (cost=3820.89..3823.32 rows=973 width=121)
	  Sort Key: c
	  ->  Bitmap Heap Scan on sbtest8  (cost=34.41..3772.60 rows=973 width=121)
	        Recheck Cond: ((id >= 802165) AND (id <= 803164))
	        ->  Bitmap Index Scan on sbtest8_pkey  (cost=0.00..34.17 rows=973 width=0)
	              Index Cond: ((id >= 802165) AND (id <= 803164))

for: distinct_ranges
table 1 : explain SELECT DISTINCT c FROM sbtest1 WHERE id BETWEEN 5324806 AND 5325805 ORDER BY c
	Unique  (cost=4374.29..4379.88 rows=1119 width=121)
	  ->  Sort  (cost=4374.29..4377.09 rows=1119 width=121)
	        Sort Key: c
	        ->  Bitmap Heap Scan on sbtest1  (cost=35.90..4317.62 rows=1119 width=121)
	              Recheck Cond: ((id >= 5324806) AND (id <= 5325805))
	              ->  Bitmap Index Scan on sbtest1_pkey  (cost=0.00..35.62 rows=1119 width=0)
	                    Index Cond: ((id >= 5324806) AND (id <= 5325805))

table 2 : explain SELECT DISTINCT c FROM sbtest2 WHERE id BETWEEN 976254 AND 977253 ORDER BY c
	Unique  (cost=3870.75..3875.68 rows=986 width=121)
	  ->  Sort  (cost=3870.75..3873.21 rows=986 width=121)
	        Sort Key: c
	        ->  Bitmap Heap Scan on sbtest2  (cost=34.54..3821.72 rows=986 width=121)
	              Recheck Cond: ((id >= 976254) AND (id <= 977253))
	              ->  Bitmap Index Scan on sbtest2_pkey  (cost=0.00..34.30 rows=986 width=0)
	                    Index Cond: ((id >= 976254) AND (id <= 977253))

table 3 : explain SELECT DISTINCT c FROM sbtest3 WHERE id BETWEEN 2442171 AND 2443170 ORDER BY c
	Unique  (cost=3936.20..3941.21 rows=1003 width=121)
	  ->  Sort  (cost=3936.20..3938.71 rows=1003 width=121)
	        Sort Key: c
	        ->  Bitmap Heap Scan on sbtest3  (cost=34.72..3886.20 rows=1003 width=121)
	              Recheck Cond: ((id >= 2442171) AND (id <= 2443170))
	              ->  Bitmap Index Scan on sbtest3_pkey  (cost=0.00..34.47 rows=1003 width=0)
	                    Index Cond: ((id >= 2442171) AND (id <= 2443170))

table 4 : explain SELECT DISTINCT c FROM sbtest4 WHERE id BETWEEN 6132299 AND 6133298 ORDER BY c
	Unique  (cost=3758.73..3763.50 rows=955 width=121)
	  ->  Sort  (cost=3758.73..3761.11 rows=955 width=121)
	        Sort Key: c
	        ->  Bitmap Heap Scan on sbtest4  (cost=34.22..3711.46 rows=955 width=121)
	              Recheck Cond: ((id >= 6132299) AND (id <= 6133298))
	              ->  Bitmap Index Scan on sbtest4_pkey  (cost=0.00..33.98 rows=955 width=0)
	                    Index Cond: ((id >= 6132299) AND (id <= 6133298))

table 5 : explain SELECT DISTINCT c FROM sbtest5 WHERE id BETWEEN 7095616 AND 7096615 ORDER BY c
	Unique  (cost=3881.64..3886.57 rows=987 width=121)
	  ->  Sort  (cost=3881.64..3884.10 rows=987 width=121)
	        Sort Key: c
	        ->  Bitmap Heap Scan on sbtest5  (cost=34.55..3832.55 rows=987 width=121)
	              Recheck Cond: ((id >= 7095616) AND (id <= 7096615))
	              ->  Bitmap Index Scan on sbtest5_pkey  (cost=0.00..34.31 rows=987 width=0)
	                    Index Cond: ((id >= 7095616) AND (id <= 7096615))

table 6 : explain SELECT DISTINCT c FROM sbtest6 WHERE id BETWEEN 7245805 AND 7246804 ORDER BY c
	Unique  (cost=3710.87..3715.59 rows=944 width=121)
	  ->  Sort  (cost=3710.87..3713.23 rows=944 width=121)
	        Sort Key: c
	        ->  Bitmap Heap Scan on sbtest6  (cost=34.11..3664.22 rows=944 width=121)
	              Recheck Cond: ((id >= 7245805) AND (id <= 7246804))
	              ->  Bitmap Index Scan on sbtest6_pkey  (cost=0.00..33.88 rows=944 width=0)
	                    Index Cond: ((id >= 7245805) AND (id <= 7246804))

table 7 : explain SELECT DISTINCT c FROM sbtest7 WHERE id BETWEEN 7782015 AND 7783014 ORDER BY c
	Unique  (cost=4049.56..4054.73 rows=1033 width=121)
	  ->  Sort  (cost=4049.56..4052.14 rows=1033 width=121)
	        Sort Key: c
	        ->  Bitmap Heap Scan on sbtest7  (cost=35.02..3997.85 rows=1033 width=121)
	              Recheck Cond: ((id >= 7782015) AND (id <= 7783014))
	              ->  Bitmap Index Scan on sbtest7_pkey  (cost=0.00..34.77 rows=1033 width=0)
	                    Index Cond: ((id >= 7782015) AND (id <= 7783014))

table 8 : explain SELECT DISTINCT c FROM sbtest8 WHERE id BETWEEN 6047343 AND 6048342 ORDER BY c
	Unique  (cost=3878.30..3883.24 rows=988 width=121)
	  ->  Sort  (cost=3878.30..3880.77 rows=988 width=121)
	        Sort Key: c
	        ->  Bitmap Heap Scan on sbtest8  (cost=34.56..3829.15 rows=988 width=121)
	              Recheck Cond: ((id >= 6047343) AND (id <= 6048342))
	              ->  Bitmap Index Scan on sbtest8_pkey  (cost=0.00..34.32 rows=988 width=0)
	                    Index Cond: ((id >= 6047343) AND (id <= 6048342))

for: order_ranges
table 1 : explain SELECT c FROM sbtest1 WHERE id BETWEEN 2811659 AND 2812658 ORDER BY c
	Sort  (cost=3659.42..3661.75 rows=932 width=121)
	  Sort Key: c
	  ->  Bitmap Heap Scan on sbtest1  (cost=29.99..3613.45 rows=932 width=121)
	        Recheck Cond: ((id >= 2811659) AND (id <= 2812658))
	        ->  Bitmap Index Scan on sbtest1_pkey  (cost=0.00..29.75 rows=932 width=0)
	              Index Cond: ((id >= 2811659) AND (id <= 2812658))

table 2 : explain SELECT c FROM sbtest2 WHERE id BETWEEN 6166110 AND 6167109 ORDER BY c
	Sort  (cost=3970.21..3972.74 rows=1012 width=121)
	  Sort Key: c
	  ->  Bitmap Heap Scan on sbtest2  (cost=34.81..3919.69 rows=1012 width=121)
	        Recheck Cond: ((id >= 6166110) AND (id <= 6167109))
	        ->  Bitmap Index Scan on sbtest2_pkey  (cost=0.00..34.56 rows=1012 width=0)
	              Index Cond: ((id >= 6166110) AND (id <= 6167109))

table 3 : explain SELECT c FROM sbtest3 WHERE id BETWEEN 2565534 AND 2566533 ORDER BY c
	Sort  (cost=3890.28..3892.76 rows=991 width=121)
	  Sort Key: c
	  ->  Bitmap Heap Scan on sbtest3  (cost=34.59..3840.97 rows=991 width=121)
	        Recheck Cond: ((id >= 2565534) AND (id <= 2566533))
	        ->  Bitmap Index Scan on sbtest3_pkey  (cost=0.00..34.34 rows=991 width=0)
	              Index Cond: ((id >= 2565534) AND (id <= 2566533))

table 4 : explain SELECT c FROM sbtest4 WHERE id BETWEEN 6663234 AND 6664233 ORDER BY c
	Sort  (cost=4073.32..4075.91 rows=1037 width=121)
	  Sort Key: c
	  ->  Bitmap Heap Scan on sbtest4  (cost=35.06..4021.37 rows=1037 width=121)
	        Recheck Cond: ((id >= 6663234) AND (id <= 6664233))
	        ->  Bitmap Index Scan on sbtest4_pkey  (cost=0.00..34.81 rows=1037 width=0)
	              Index Cond: ((id >= 6663234) AND (id <= 6664233))

table 5 : explain SELECT c FROM sbtest5 WHERE id BETWEEN 7006155 AND 7007154 ORDER BY c
	Sort  (cost=3881.64..3884.10 rows=987 width=121)
	  Sort Key: c
	  ->  Bitmap Heap Scan on sbtest5  (cost=34.55..3832.55 rows=987 width=121)
	        Recheck Cond: ((id >= 7006155) AND (id <= 7007154))
	        ->  Bitmap Index Scan on sbtest5_pkey  (cost=0.00..34.31 rows=987 width=0)
	              Index Cond: ((id >= 7006155) AND (id <= 7007154))

table 6 : explain SELECT c FROM sbtest6 WHERE id BETWEEN 213376 AND 214375 ORDER BY c
	Sort  (cost=4441.17..4444.01 rows=1135 width=121)
	  Sort Key: c
	  ->  Bitmap Heap Scan on sbtest6  (cost=40.07..4383.58 rows=1135 width=121)
	        Recheck Cond: ((id >= 213376) AND (id <= 214375))
	        ->  Bitmap Index Scan on sbtest6_pkey  (cost=0.00..39.79 rows=1135 width=0)
	              Index Cond: ((id >= 213376) AND (id <= 214375))

table 7 : explain SELECT c FROM sbtest7 WHERE id BETWEEN 1823586 AND 1824585 ORDER BY c
	Sort  (cost=3724.43..3726.80 rows=948 width=121)
	  Sort Key: c
	  ->  Bitmap Heap Scan on sbtest7  (cost=34.15..3677.56 rows=948 width=121)
	        Recheck Cond: ((id >= 1823586) AND (id <= 1824585))
	        ->  Bitmap Index Scan on sbtest7_pkey  (cost=0.00..33.92 rows=948 width=0)
	              Index Cond: ((id >= 1823586) AND (id <= 1824585))

table 8 : explain SELECT c FROM sbtest8 WHERE id BETWEEN 4694169 AND 4695168 ORDER BY c
	Sort  (cost=3709.81..3712.17 rows=944 width=121)
	  Sort Key: c
	  ->  Bitmap Heap Scan on sbtest8  (cost=34.11..3663.17 rows=944 width=121)
	        Recheck Cond: ((id >= 4694169) AND (id <= 4695168))
	        ->  Bitmap Index Scan on sbtest8_pkey  (cost=0.00..33.88 rows=944 width=0)
	              Index Cond: ((id >= 4694169) AND (id <= 4695168))

for: simple_ranges
table 1 : explain SELECT c FROM sbtest1 WHERE id BETWEEN 2269984 AND 2270983
	Bitmap Heap Scan on sbtest1  (cost=35.07..4017.00 rows=1038 width=121)
	  Recheck Cond: ((id >= 2269984) AND (id <= 2270983))
	  ->  Bitmap Index Scan on sbtest1_pkey  (cost=0.00..34.82 rows=1038 width=0)
	        Index Cond: ((id >= 2269984) AND (id <= 2270983))

table 2 : explain SELECT c FROM sbtest2 WHERE id BETWEEN 5011227 AND 5012226
	Bitmap Heap Scan on sbtest2  (cost=35.13..4036.40 rows=1043 width=121)
	  Recheck Cond: ((id >= 5011227) AND (id <= 5012226))
	  ->  Bitmap Index Scan on sbtest2_pkey  (cost=0.00..34.87 rows=1043 width=0)
	        Index Cond: ((id >= 5011227) AND (id <= 5012226))

table 3 : explain SELECT c FROM sbtest3 WHERE id BETWEEN 2844122 AND 2845121
	Bitmap Heap Scan on sbtest3  (cost=35.18..4055.65 rows=1048 width=121)
	  Recheck Cond: ((id >= 2844122) AND (id <= 2845121))
	  ->  Bitmap Index Scan on sbtest3_pkey  (cost=0.00..34.92 rows=1048 width=0)
	        Index Cond: ((id >= 2844122) AND (id <= 2845121))

table 4 : explain SELECT c FROM sbtest4 WHERE id BETWEEN 5461618 AND 5462617
	Bitmap Heap Scan on sbtest4  (cost=34.20..3703.89 rows=953 width=121)
	  Recheck Cond: ((id >= 5461618) AND (id <= 5462617))
	  ->  Bitmap Index Scan on sbtest4_pkey  (cost=0.00..33.97 rows=953 width=0)
	        Index Cond: ((id >= 5461618) AND (id <= 5462617))

table 5 : explain SELECT c FROM sbtest5 WHERE id BETWEEN 4234078 AND 4235077
	Bitmap Heap Scan on sbtest5  (cost=34.97..3987.45 rows=1028 width=121)
	  Recheck Cond: ((id >= 4234078) AND (id <= 4235077))
	  ->  Bitmap Index Scan on sbtest5_pkey  (cost=0.00..34.72 rows=1028 width=0)
	        Index Cond: ((id >= 4234078) AND (id <= 4235077))

table 6 : explain SELECT c FROM sbtest6 WHERE id BETWEEN 9766919 AND 9767918
	Bitmap Heap Scan on sbtest6  (cost=35.76..4270.66 rows=1105 width=121)
	  Recheck Cond: ((id >= 9766919) AND (id <= 9767918))
	  ->  Bitmap Index Scan on sbtest6_pkey  (cost=0.00..35.48 rows=1105 width=0)
	        Index Cond: ((id >= 9766919) AND (id <= 9767918))

table 7 : explain SELECT c FROM sbtest7 WHERE id BETWEEN 6489516 AND 6490515
	Bitmap Heap Scan on sbtest7  (cost=34.15..3677.56 rows=948 width=121)
	  Recheck Cond: ((id >= 6489516) AND (id <= 6490515))
	  ->  Bitmap Index Scan on sbtest7_pkey  (cost=0.00..33.92 rows=948 width=0)
	        Index Cond: ((id >= 6489516) AND (id <= 6490515))

table 8 : explain SELECT c FROM sbtest8 WHERE id BETWEEN 2100436 AND 2101435
	Bitmap Heap Scan on sbtest8  (cost=34.41..3772.60 rows=973 width=121)
	  Recheck Cond: ((id >= 2100436) AND (id <= 2101435))
	  ->  Bitmap Index Scan on sbtest8_pkey  (cost=0.00..34.17 rows=973 width=0)
	        Index Cond: ((id >= 2100436) AND (id <= 2101435))

for: distinct_ranges
table 1 : explain SELECT DISTINCT c FROM sbtest1 WHERE id BETWEEN 4907921 AND 4908920 ORDER BY c
	Unique  (cost=3659.42..3664.08 rows=932 width=121)
	  ->  Sort  (cost=3659.42..3661.75 rows=932 width=121)
	        Sort Key: c
	        ->  Bitmap Heap Scan on sbtest1  (cost=29.99..3613.45 rows=932 width=121)
	              Recheck Cond: ((id >= 4907921) AND (id <= 4908920))
	              ->  Bitmap Index Scan on sbtest1_pkey  (cost=0.00..29.75 rows=932 width=0)
	                    Index Cond: ((id >= 4907921) AND (id <= 4908920))

table 2 : explain SELECT DISTINCT c FROM sbtest2 WHERE id BETWEEN 6577972 AND 6578971 ORDER BY c
	Unique  (cost=3786.53..3791.35 rows=964 width=121)
	  ->  Sort  (cost=3786.53..3788.94 rows=964 width=121)
	        Sort Key: c
	        ->  Bitmap Heap Scan on sbtest2  (cost=34.32..3738.75 rows=964 width=121)
	              Recheck Cond: ((id >= 6577972) AND (id <= 6578971))
	              ->  Bitmap Index Scan on sbtest2_pkey  (cost=0.00..34.08 rows=964 width=0)
	                    Index Cond: ((id >= 6577972) AND (id <= 6578971))

table 3 : explain SELECT DISTINCT c FROM sbtest3 WHERE id BETWEEN 2991588 AND 2992587 ORDER BY c
	Unique  (cost=3771.59..3776.39 rows=960 width=121)
	  ->  Sort  (cost=3771.59..3773.99 rows=960 width=121)
	        Sort Key: c
	        ->  Bitmap Heap Scan on sbtest3  (cost=34.28..3724.04 rows=960 width=121)
	              Recheck Cond: ((id >= 2991588) AND (id <= 2992587))
	              ->  Bitmap Index Scan on sbtest3_pkey  (cost=0.00..34.04 rows=960 width=0)
	                    Index Cond: ((id >= 2991588) AND (id <= 2992587))

table 4 : explain SELECT DISTINCT c FROM sbtest4 WHERE id BETWEEN 1363046 AND 1364045 ORDER BY c
	Unique  (cost=3589.44..3594.00 rows=912 width=121)
	  ->  Sort  (cost=3589.44..3591.72 rows=912 width=121)
	        Sort Key: c
	        ->  Bitmap Heap Scan on sbtest4  (cost=29.78..3544.60 rows=912 width=121)
	              Recheck Cond: ((id >= 1363046) AND (id <= 1364045))
	              ->  Bitmap Index Scan on sbtest4_pkey  (cost=0.00..29.55 rows=912 width=0)
	                    Index Cond: ((id >= 1363046) AND (id <= 1364045))

table 5 : explain SELECT DISTINCT c FROM sbtest5 WHERE id BETWEEN 7064086 AND 7065085 ORDER BY c
	Unique  (cost=3881.64..3886.57 rows=987 width=121)
	  ->  Sort  (cost=3881.64..3884.10 rows=987 width=121)
	        Sort Key: c
	        ->  Bitmap Heap Scan on sbtest5  (cost=34.55..3832.55 rows=987 width=121)
	              Recheck Cond: ((id >= 7064086) AND (id <= 7065085))
	              ->  Bitmap Index Scan on sbtest5_pkey  (cost=0.00..34.31 rows=987 width=0)
	                    Index Cond: ((id >= 7064086) AND (id <= 7065085))

table 6 : explain SELECT DISTINCT c FROM sbtest6 WHERE id BETWEEN 301575 AND 302574 ORDER BY c
	Unique  (cost=4009.52..4014.63 rows=1022 width=121)
	  ->  Sort  (cost=4009.52..4012.07 rows=1022 width=121)
	        Sort Key: c
	        ->  Bitmap Heap Scan on sbtest6  (cost=34.91..3958.43 rows=1022 width=121)
	              Recheck Cond: ((id >= 301575) AND (id <= 302574))
	              ->  Bitmap Index Scan on sbtest6_pkey  (cost=0.00..34.66 rows=1022 width=0)
	                    Index Cond: ((id >= 301575) AND (id <= 302574))

table 7 : explain SELECT DISTINCT c FROM sbtest7 WHERE id BETWEEN 8541042 AND 8542041 ORDER BY c
	Unique  (cost=3459.67..3464.07 rows=880 width=121)
	  ->  Sort  (cost=3459.67..3461.87 rows=880 width=121)
	        Sort Key: c
	        ->  Bitmap Heap Scan on sbtest7  (cost=29.45..3416.63 rows=880 width=121)
	              Recheck Cond: ((id >= 8541042) AND (id <= 8542041))
	              ->  Bitmap Index Scan on sbtest7_pkey  (cost=0.00..29.23 rows=880 width=0)
	                    Index Cond: ((id >= 8541042) AND (id <= 8542041))

table 8 : explain SELECT DISTINCT c FROM sbtest8 WHERE id BETWEEN 6451414 AND 6452413 ORDER BY c
	Unique  (cost=4119.13..4124.39 rows=1051 width=121)
	  ->  Sort  (cost=4119.13..4121.76 rows=1051 width=121)
	        Sort Key: c
	        ->  Bitmap Heap Scan on sbtest8  (cost=35.21..4066.38 rows=1051 width=121)
	              Recheck Cond: ((id >= 6451414) AND (id <= 6452413))
	              ->  Bitmap Index Scan on sbtest8_pkey  (cost=0.00..34.95 rows=1051 width=0)
	                    Index Cond: ((id >= 6451414) AND (id <= 6452413))

for: distinct_ranges
table 1 : explain SELECT DISTINCT c FROM sbtest1 WHERE id BETWEEN 4751144 AND 4752143 ORDER BY c
	Unique  (cost=3716.89..3721.63 rows=947 width=121)
	  ->  Sort  (cost=3716.89..3719.26 rows=947 width=121)
	        Sort Key: c
	        ->  Bitmap Heap Scan on sbtest1  (cost=30.14..3670.08 rows=947 width=121)
	              Recheck Cond: ((id >= 4751144) AND (id <= 4752143))
	              ->  Bitmap Index Scan on sbtest1_pkey  (cost=0.00..29.90 rows=947 width=0)
	                    Index Cond: ((id >= 4751144) AND (id <= 4752143))

table 2 : explain SELECT DISTINCT c FROM sbtest2 WHERE id BETWEEN 3090730 AND 3091729 ORDER BY c
	Unique  (cost=3874.58..3879.51 rows=987 width=121)
	  ->  Sort  (cost=3874.58..3877.04 rows=987 width=121)
	        Sort Key: c
	        ->  Bitmap Heap Scan on sbtest2  (cost=34.55..3825.49 rows=987 width=121)
	              Recheck Cond: ((id >= 3090730) AND (id <= 3091729))
	              ->  Bitmap Index Scan on sbtest2_pkey  (cost=0.00..34.31 rows=987 width=0)
	                    Index Cond: ((id >= 3090730) AND (id <= 3091729))

table 3 : explain SELECT DISTINCT c FROM sbtest3 WHERE id BETWEEN 8139952 AND 8140951 ORDER BY c
	Unique  (cost=4234.22..4239.63 rows=1081 width=121)
	  ->  Sort  (cost=4234.22..4236.93 rows=1081 width=121)
	        Sort Key: c
	        ->  Bitmap Heap Scan on sbtest3  (cost=35.52..4179.75 rows=1081 width=121)
	              Recheck Cond: ((id >= 8139952) AND (id <= 8140951))
	              ->  Bitmap Index Scan on sbtest3_pkey  (cost=0.00..35.25 rows=1081 width=0)
	                    Index Cond: ((id >= 8139952) AND (id <= 8140951))

table 4 : explain SELECT DISTINCT c FROM sbtest4 WHERE id BETWEEN 3429620 AND 3430619 ORDER BY c
	Unique  (cost=4249.45..4254.87 rows=1083 width=121)
	  ->  Sort  (cost=4249.45..4252.16 rows=1083 width=121)
	        Sort Key: c
	        ->  Bitmap Heap Scan on sbtest4  (cost=35.54..4194.87 rows=1083 width=121)
	              Recheck Cond: ((id >= 3429620) AND (id <= 3430619))
	              ->  Bitmap Index Scan on sbtest4_pkey  (cost=0.00..35.27 rows=1083 width=0)
	                    Index Cond: ((id >= 3429620) AND (id <= 3430619))

table 5 : explain SELECT DISTINCT c FROM sbtest5 WHERE id BETWEEN 6921264 AND 6922263 ORDER BY c
	Unique  (cost=4479.09..4484.80 rows=1142 width=121)
	  ->  Sort  (cost=4479.09..4481.94 rows=1142 width=121)
	        Sort Key: c
	        ->  Bitmap Heap Scan on sbtest5  (cost=40.14..4421.09 rows=1142 width=121)
	              Recheck Cond: ((id >= 6921264) AND (id <= 6922263))
	              ->  Bitmap Index Scan on sbtest5_pkey  (cost=0.00..39.86 rows=1142 width=0)
	                    Index Cond: ((id >= 6921264) AND (id <= 6922263))

table 6 : explain SELECT DISTINCT c FROM sbtest6 WHERE id BETWEEN 4006422 AND 4007421 ORDER BY c
	Unique  (cost=4246.39..4251.81 rows=1084 width=121)
	  ->  Sort  (cost=4246.39..4249.10 rows=1084 width=121)
	        Sort Key: c
	        ->  Bitmap Heap Scan on sbtest6  (cost=35.55..4191.74 rows=1084 width=121)
	              Recheck Cond: ((id >= 4006422) AND (id <= 4007421))
	              ->  Bitmap Index Scan on sbtest6_pkey  (cost=0.00..35.28 rows=1084 width=0)
	                    Index Cond: ((id >= 4006422) AND (id <= 4007421))

table 7 : explain SELECT DISTINCT c FROM sbtest7 WHERE id BETWEEN 7150815 AND 7151814 ORDER BY c
	Unique  (cost=4332.18..4337.72 rows=1107 width=121)
	  ->  Sort  (cost=4332.18..4334.95 rows=1107 width=121)
	        Sort Key: c
	        ->  Bitmap Heap Scan on sbtest7  (cost=39.78..4276.21 rows=1107 width=121)
	              Recheck Cond: ((id >= 7150815) AND (id <= 7151814))
	              ->  Bitmap Index Scan on sbtest7_pkey  (cost=0.00..39.51 rows=1107 width=0)
	                    Index Cond: ((id >= 7150815) AND (id <= 7151814))

table 8 : explain SELECT DISTINCT c FROM sbtest8 WHERE id BETWEEN 8414469 AND 8415468 ORDER BY c
	Unique  (cost=3954.81..3959.85 rows=1008 width=121)
	  ->  Sort  (cost=3954.81..3957.33 rows=1008 width=121)
	        Sort Key: c
	        ->  Bitmap Heap Scan on sbtest8  (cost=34.77..3904.52 rows=1008 width=121)
	              Recheck Cond: ((id >= 8414469) AND (id <= 8415468))
	              ->  Bitmap Index Scan on sbtest8_pkey  (cost=0.00..34.52 rows=1008 width=0)
	                    Index Cond: ((id >= 8414469) AND (id <= 8415468))

for: order_ranges
table 1 : explain SELECT c FROM sbtest1 WHERE id BETWEEN 6530472 AND 6531471 ORDER BY c
	Sort  (cost=4343.80..4346.58 rows=1111 width=121)
	  Sort Key: c
	  ->  Bitmap Heap Scan on sbtest1  (cost=35.82..4287.60 rows=1111 width=121)
	        Recheck Cond: ((id >= 6530472) AND (id <= 6531471))
	        ->  Bitmap Index Scan on sbtest1_pkey  (cost=0.00..35.55 rows=1111 width=0)
	              Index Cond: ((id >= 6530472) AND (id <= 6531471))

table 2 : explain SELECT c FROM sbtest2 WHERE id BETWEEN 3590101 AND 3591100 ORDER BY c
	Sort  (cost=3981.68..3984.22 rows=1015 width=121)
	  Sort Key: c
	  ->  Bitmap Heap Scan on sbtest2  (cost=34.84..3930.99 rows=1015 width=121)
	        Recheck Cond: ((id >= 3590101) AND (id <= 3591100))
	        ->  Bitmap Index Scan on sbtest2_pkey  (cost=0.00..34.59 rows=1015 width=0)
	              Index Cond: ((id >= 3590101) AND (id <= 3591100))

table 3 : explain SELECT c FROM sbtest3 WHERE id BETWEEN 145409 AND 146408 ORDER BY c
	Sort  (cost=3928.55..3931.05 rows=1001 width=121)
	  Sort Key: c
	  ->  Bitmap Heap Scan on sbtest3  (cost=34.70..3878.66 rows=1001 width=121)
	        Recheck Cond: ((id >= 145409) AND (id <= 146408))
	        ->  Bitmap Index Scan on sbtest3_pkey  (cost=0.00..34.45 rows=1001 width=0)
	              Index Cond: ((id >= 145409) AND (id <= 146408))

table 4 : explain SELECT c FROM sbtest4 WHERE id BETWEEN 2785031 AND 2786030 ORDER BY c
	Sort  (cost=3950.64..3953.15 rows=1005 width=121)
	  Sort Key: c
	  ->  Bitmap Heap Scan on sbtest4  (cost=34.74..3900.53 rows=1005 width=121)
	        Recheck Cond: ((id >= 2785031) AND (id <= 2786030))
	        ->  Bitmap Index Scan on sbtest4_pkey  (cost=0.00..34.48 rows=1005 width=0)
	              Index Cond: ((id >= 2785031) AND (id <= 2786030))

table 5 : explain SELECT c FROM sbtest5 WHERE id BETWEEN 9590519 AND 9591518 ORDER BY c
	Sort  (cost=4023.55..4026.11 rows=1024 width=121)
	  Sort Key: c
	  ->  Bitmap Heap Scan on sbtest5  (cost=34.93..3972.35 rows=1024 width=121)
	        Recheck Cond: ((id >= 9590519) AND (id <= 9591518))
	        ->  Bitmap Index Scan on sbtest5_pkey  (cost=0.00..34.68 rows=1024 width=0)
	              Index Cond: ((id >= 9590519) AND (id <= 9591518))

table 6 : explain SELECT c FROM sbtest6 WHERE id BETWEEN 3964885 AND 3965884 ORDER BY c
	Sort  (cost=3890.91..3893.39 rows=991 width=121)
	  Sort Key: c
	  ->  Bitmap Heap Scan on sbtest6  (cost=34.59..3841.60 rows=991 width=121)
	        Recheck Cond: ((id >= 3964885) AND (id <= 3965884))
	        ->  Bitmap Index Scan on sbtest6_pkey  (cost=0.00..34.34 rows=991 width=0)
	              Index Cond: ((id >= 3964885) AND (id <= 3965884))

table 7 : explain SELECT c FROM sbtest7 WHERE id BETWEEN 8440507 AND 8441506 ORDER BY c
	Sort  (cost=3524.92..3527.16 rows=897 width=121)
	  Sort Key: c
	  ->  Bitmap Heap Scan on sbtest7  (cost=29.63..3480.92 rows=897 width=121)
	        Recheck Cond: ((id >= 8440507) AND (id <= 8441506))
	        ->  Bitmap Index Scan on sbtest7_pkey  (cost=0.00..29.40 rows=897 width=0)
	              Index Cond: ((id >= 8440507) AND (id <= 8441506))

table 8 : explain SELECT c FROM sbtest8 WHERE id BETWEEN 2836514 AND 2837513 ORDER BY c
	Sort  (cost=3402.69..3404.85 rows=865 width=121)
	  Sort Key: c
	  ->  Bitmap Heap Scan on sbtest8  (cost=29.30..3360.49 rows=865 width=121)
	        Recheck Cond: ((id >= 2836514) AND (id <= 2837513))
	        ->  Bitmap Index Scan on sbtest8_pkey  (cost=0.00..29.08 rows=865 width=0)
	              Index Cond: ((id >= 2836514) AND (id <= 2837513))

for: order_ranges
table 1 : explain SELECT c FROM sbtest1 WHERE id BETWEEN 9816810 AND 9817809 ORDER BY c
	Sort  (cost=4061.36..4063.95 rows=1036 width=121)
	  Sort Key: c
	  ->  Bitmap Heap Scan on sbtest1  (cost=35.05..4009.47 rows=1036 width=121)
	        Recheck Cond: ((id >= 9816810) AND (id <= 9817809))
	        ->  Bitmap Index Scan on sbtest1_pkey  (cost=0.00..34.80 rows=1036 width=0)
	              Index Cond: ((id >= 9816810) AND (id <= 9817809))

table 2 : explain SELECT c FROM sbtest2 WHERE id BETWEEN 8038264 AND 8039263 ORDER BY c
	Sort  (cost=4306.24..4308.99 rows=1100 width=121)
	  Sort Key: c
	  ->  Bitmap Heap Scan on sbtest2  (cost=35.71..4250.67 rows=1100 width=121)
	        Recheck Cond: ((id >= 8038264) AND (id <= 8039263))
	        ->  Bitmap Index Scan on sbtest2_pkey  (cost=0.00..35.44 rows=1100 width=0)
	              Index Cond: ((id >= 8038264) AND (id <= 8039263))

table 3 : explain SELECT c FROM sbtest3 WHERE id BETWEEN 4361339 AND 4362338 ORDER BY c
	Sort  (cost=4092.94..4095.55 rows=1044 width=121)
	  Sort Key: c
	  ->  Bitmap Heap Scan on sbtest3  (cost=35.14..4040.60 rows=1044 width=121)
	        Recheck Cond: ((id >= 4361339) AND (id <= 4362338))
	        ->  Bitmap Index Scan on sbtest3_pkey  (cost=0.00..34.88 rows=1044 width=0)
	              Index Cond: ((id >= 4361339) AND (id <= 4362338))

table 4 : explain SELECT c FROM sbtest4 WHERE id BETWEEN 4292406 AND 4293405 ORDER BY c
	Sort  (cost=3674.19..3676.52 rows=933 width=121)
	  Sort Key: c
	  ->  Bitmap Heap Scan on sbtest4  (cost=34.00..3628.17 rows=933 width=121)
	        Recheck Cond: ((id >= 4292406) AND (id <= 4293405))
	        ->  Bitmap Index Scan on sbtest4_pkey  (cost=0.00..33.77 rows=933 width=0)
	              Index Cond: ((id >= 4292406) AND (id <= 4293405))

table 5 : explain SELECT c FROM sbtest5 WHERE id BETWEEN 5277406 AND 5278405 ORDER BY c
	Sort  (cost=3535.62..3537.87 rows=898 width=121)
	  Sort Key: c
	  ->  Bitmap Heap Scan on sbtest5  (cost=29.64..3491.57 rows=898 width=121)
	        Recheck Cond: ((id >= 5277406) AND (id <= 5278405))
	        ->  Bitmap Index Scan on sbtest5_pkey  (cost=0.00..29.41 rows=898 width=0)
	              Index Cond: ((id >= 5277406) AND (id <= 5278405))

table 6 : explain SELECT c FROM sbtest6 WHERE id BETWEEN 4647281 AND 4648280 ORDER BY c
	Sort  (cost=3564.94..3567.20 rows=907 width=121)
	  Sort Key: c
	  ->  Bitmap Heap Scan on sbtest6  (cost=29.73..3520.38 rows=907 width=121)
	        Recheck Cond: ((id >= 4647281) AND (id <= 4648280))
	        ->  Bitmap Index Scan on sbtest6_pkey  (cost=0.00..29.50 rows=907 width=0)
	              Index Cond: ((id >= 4647281) AND (id <= 4648280))

table 7 : explain SELECT c FROM sbtest7 WHERE id BETWEEN 2687523 AND 2688522 ORDER BY c
	Sort  (cost=3957.85..3960.37 rows=1009 width=121)
	  Sort Key: c
	  ->  Bitmap Heap Scan on sbtest7  (cost=34.78..3907.51 rows=1009 width=121)
	        Recheck Cond: ((id >= 2687523) AND (id <= 2688522))
	        ->  Bitmap Index Scan on sbtest7_pkey  (cost=0.00..34.53 rows=1009 width=0)
	              Index Cond: ((id >= 2687523) AND (id <= 2688522))

table 8 : explain SELECT c FROM sbtest8 WHERE id BETWEEN 715970 AND 716969 ORDER BY c
	Sort  (cost=3820.89..3823.32 rows=973 width=121)
	  Sort Key: c
	  ->  Bitmap Heap Scan on sbtest8  (cost=34.41..3772.60 rows=973 width=121)
	        Recheck Cond: ((id >= 715970) AND (id <= 716969))
	        ->  Bitmap Index Scan on sbtest8_pkey  (cost=0.00..34.17 rows=973 width=0)
	              Index Cond: ((id >= 715970) AND (id <= 716969))

for: distinct_ranges
table 1 : explain SELECT DISTINCT c FROM sbtest1 WHERE id BETWEEN 9261748 AND 9262747 ORDER BY c
	Unique  (cost=3716.89..3721.63 rows=947 width=121)
	  ->  Sort  (cost=3716.89..3719.26 rows=947 width=121)
	        Sort Key: c
	        ->  Bitmap Heap Scan on sbtest1  (cost=30.14..3670.08 rows=947 width=121)
	              Recheck Cond: ((id >= 9261748) AND (id <= 9262747))
	              ->  Bitmap Index Scan on sbtest1_pkey  (cost=0.00..29.90 rows=947 width=0)
	                    Index Cond: ((id >= 9261748) AND (id <= 9262747))

table 2 : explain SELECT DISTINCT c FROM sbtest2 WHERE id BETWEEN 4059107 AND 4060106 ORDER BY c
	Unique  (cost=4264.29..4269.73 rows=1089 width=121)
	  ->  Sort  (cost=4264.29..4267.01 rows=1089 width=121)
	        Sort Key: c
	        ->  Bitmap Heap Scan on sbtest2  (cost=35.60..4209.35 rows=1089 width=121)
	              Recheck Cond: ((id >= 4059107) AND (id <= 4060106))
	              ->  Bitmap Index Scan on sbtest2_pkey  (cost=0.00..35.33 rows=1089 width=0)
	                    Index Cond: ((id >= 4059107) AND (id <= 4060106))

table 3 : explain SELECT DISTINCT c FROM sbtest3 WHERE id BETWEEN 392275 AND 393274 ORDER BY c
	Unique  (cost=3737.11..3741.86 rows=951 width=121)
	  ->  Sort  (cost=3737.11..3739.49 rows=951 width=121)
	        Sort Key: c
	        ->  Bitmap Heap Scan on sbtest3  (cost=34.18..3690.07 rows=951 width=121)
	              Recheck Cond: ((id >= 392275) AND (id <= 393274))
	              ->  Bitmap Index Scan on sbtest3_pkey  (cost=0.00..33.95 rows=951 width=0)
	                    Index Cond: ((id >= 392275) AND (id <= 393274))

table 4 : explain SELECT DISTINCT c FROM sbtest4 WHERE id BETWEEN 5881478 AND 5882477 ORDER BY c
	Unique  (cost=3927.63..3932.62 rows=999 width=121)
	  ->  Sort  (cost=3927.63..3930.12 rows=999 width=121)
	        Sort Key: c
	        ->  Bitmap Heap Scan on sbtest4  (cost=34.67..3877.86 rows=999 width=121)
	              Recheck Cond: ((id >= 5881478) AND (id <= 5882477))
	              ->  Bitmap Index Scan on sbtest4_pkey  (cost=0.00..34.43 rows=999 width=0)
	                    Index Cond: ((id >= 5881478) AND (id <= 5882477))

table 5 : explain SELECT DISTINCT c FROM sbtest5 WHERE id BETWEEN 2659453 AND 2660452 ORDER BY c
	Unique  (cost=3689.61..3694.30 rows=937 width=121)
	  ->  Sort  (cost=3689.61..3691.95 rows=937 width=121)
	        Sort Key: c
	        ->  Bitmap Heap Scan on sbtest5  (cost=34.04..3643.36 rows=937 width=121)
	              Recheck Cond: ((id >= 2659453) AND (id <= 2660452))
	              ->  Bitmap Index Scan on sbtest5_pkey  (cost=0.00..33.81 rows=937 width=0)
	                    Index Cond: ((id >= 2659453) AND (id <= 2660452))

table 6 : explain SELECT DISTINCT c FROM sbtest6 WHERE id BETWEEN 1177986 AND 1178985 ORDER BY c
	Unique  (cost=4162.39..4167.70 rows=1062 width=121)
	  ->  Sort  (cost=4162.39..4165.05 rows=1062 width=121)
	        Sort Key: c
	        ->  Bitmap Heap Scan on sbtest6  (cost=35.32..4109.01 rows=1062 width=121)
	              Recheck Cond: ((id >= 1177986) AND (id <= 1178985))
	              ->  Bitmap Index Scan on sbtest6_pkey  (cost=0.00..35.06 rows=1062 width=0)
	                    Index Cond: ((id >= 1177986) AND (id <= 1178985))

table 7 : explain SELECT DISTINCT c FROM sbtest7 WHERE id BETWEEN 7771763 AND 7772762 ORDER BY c
	Unique  (cost=4049.56..4054.73 rows=1033 width=121)
	  ->  Sort  (cost=4049.56..4052.14 rows=1033 width=121)
	        Sort Key: c
	        ->  Bitmap Heap Scan on sbtest7  (cost=35.02..3997.85 rows=1033 width=121)
	              Recheck Cond: ((id >= 7771763) AND (id <= 7772762))
	              ->  Bitmap Index Scan on sbtest7_pkey  (cost=0.00..34.77 rows=1033 width=0)
	                    Index Cond: ((id >= 7771763) AND (id <= 7772762))

table 8 : explain SELECT DISTINCT c FROM sbtest8 WHERE id BETWEEN 9667022 AND 9668021 ORDER BY c
	Unique  (cost=3970.10..3975.16 rows=1012 width=121)
	  ->  Sort  (cost=3970.10..3972.63 rows=1012 width=121)
	        Sort Key: c
	        ->  Bitmap Heap Scan on sbtest8  (cost=34.81..3919.59 rows=1012 width=121)
	              Recheck Cond: ((id >= 9667022) AND (id <= 9668021))
	              ->  Bitmap Index Scan on sbtest8_pkey  (cost=0.00..34.56 rows=1012 width=0)
	                    Index Cond: ((id >= 9667022) AND (id <= 9668021))

for: sum_ranges
table 1 : explain SELECT SUM(k) FROM sbtest1 WHERE id BETWEEN 3501479 AND 3502478
	Aggregate  (cost=3714.21..3714.22 rows=1 width=8)
	  ->  Bitmap Heap Scan on sbtest1  (cost=34.24..3711.81 rows=957 width=4)
	        Recheck Cond: ((id >= 3501479) AND (id <= 3502478))
	        ->  Bitmap Index Scan on sbtest1_pkey  (cost=0.00..34.01 rows=957 width=0)
	              Index Cond: ((id >= 3501479) AND (id <= 3502478))

table 2 : explain SELECT SUM(k) FROM sbtest2 WHERE id BETWEEN 5063376 AND 5064375
	Aggregate  (cost=4039.01..4039.02 rows=1 width=8)
	  ->  Bitmap Heap Scan on sbtest2  (cost=35.13..4036.40 rows=1043 width=4)
	        Recheck Cond: ((id >= 5063376) AND (id <= 5064375))
	        ->  Bitmap Index Scan on sbtest2_pkey  (cost=0.00..34.87 rows=1043 width=0)
	              Index Cond: ((id >= 5063376) AND (id <= 5064375))

table 3 : explain SELECT SUM(k) FROM sbtest3 WHERE id BETWEEN 999304 AND 1000303
	Aggregate  (cost=3820.81..3820.82 rows=1 width=8)
	  ->  Bitmap Heap Scan on sbtest3  (cost=34.53..3818.35 rows=985 width=4)
	        Recheck Cond: ((id >= 999304) AND (id <= 1000303))
	        ->  Bitmap Index Scan on sbtest3_pkey  (cost=0.00..34.29 rows=985 width=0)
	              Index Cond: ((id >= 999304) AND (id <= 1000303))

table 4 : explain SELECT SUM(k) FROM sbtest4 WHERE id BETWEEN 94253 AND 95252
	Aggregate  (cost=3600.18..3600.19 rows=1 width=8)
	  ->  Bitmap Heap Scan on sbtest4  (cost=33.92..3597.86 rows=925 width=4)
	        Recheck Cond: ((id >= 94253) AND (id <= 95252))
	        ->  Bitmap Index Scan on sbtest4_pkey  (cost=0.00..33.69 rows=925 width=0)
	              Index Cond: ((id >= 94253) AND (id <= 95252))

table 5 : explain SELECT SUM(k) FROM sbtest5 WHERE id BETWEEN 7884451 AND 7885450
	Aggregate  (cost=3997.58..3997.59 rows=1 width=8)
	  ->  Bitmap Heap Scan on sbtest5  (cost=34.99..3995.00 rows=1030 width=4)
	        Recheck Cond: ((id >= 7884451) AND (id <= 7885450))
	        ->  Bitmap Index Scan on sbtest5_pkey  (cost=0.00..34.73 rows=1030 width=0)
	              Index Cond: ((id >= 7884451) AND (id <= 7885450))

table 6 : explain SELECT SUM(k) FROM sbtest6 WHERE id BETWEEN 3390529 AND 3391528
	Aggregate  (cost=3983.60..3983.61 rows=1 width=8)
	  ->  Bitmap Heap Scan on sbtest6  (cost=34.97..3981.03 rows=1028 width=4)
	        Recheck Cond: ((id >= 3390529) AND (id <= 3391528))
	        ->  Bitmap Index Scan on sbtest6_pkey  (cost=0.00..34.72 rows=1028 width=0)
	              Index Cond: ((id >= 3390529) AND (id <= 3391528))

table 7 : explain SELECT SUM(k) FROM sbtest7 WHERE id BETWEEN 5721634 AND 5722633
	Aggregate  (cost=3992.90..3992.91 rows=1 width=8)
	  ->  Bitmap Heap Scan on sbtest7  (cost=35.00..3990.32 rows=1031 width=4)
	        Recheck Cond: ((id >= 5721634) AND (id <= 5722633))
	        ->  Bitmap Index Scan on sbtest7_pkey  (cost=0.00..34.75 rows=1031 width=0)
	              Index Cond: ((id >= 5721634) AND (id <= 5722633))

table 8 : explain SELECT SUM(k) FROM sbtest8 WHERE id BETWEEN 5232976 AND 5233975
	Aggregate  (cost=4117.93..4117.94 rows=1 width=8)
	  ->  Bitmap Heap Scan on sbtest8  (cost=35.34..4115.27 rows=1064 width=4)
	        Recheck Cond: ((id >= 5232976) AND (id <= 5233975))
	        ->  Bitmap Index Scan on sbtest8_pkey  (cost=0.00..35.08 rows=1064 width=0)
	              Index Cond: ((id >= 5232976) AND (id <= 5233975))

for: distinct_ranges
table 1 : explain SELECT DISTINCT c FROM sbtest1 WHERE id BETWEEN 1702813 AND 1703812 ORDER BY c
	Unique  (cost=4332.37..4337.91 rows=1108 width=121)
	  ->  Sort  (cost=4332.37..4335.14 rows=1108 width=121)
	        Sort Key: c
	        ->  Bitmap Heap Scan on sbtest1  (cost=35.79..4276.34 rows=1108 width=121)
	              Recheck Cond: ((id >= 1702813) AND (id <= 1703812))
	              ->  Bitmap Index Scan on sbtest1_pkey  (cost=0.00..35.52 rows=1108 width=0)
	                    Index Cond: ((id >= 1702813) AND (id <= 1703812))

table 2 : explain SELECT DISTINCT c FROM sbtest2 WHERE id BETWEEN 852538 AND 853537 ORDER BY c
	Unique  (cost=4348.26..4353.82 rows=1112 width=121)
	  ->  Sort  (cost=4348.26..4351.04 rows=1112 width=121)
	        Sort Key: c
	        ->  Bitmap Heap Scan on sbtest2  (cost=35.83..4292.00 rows=1112 width=121)
	              Recheck Cond: ((id >= 852538) AND (id <= 853537))
	              ->  Bitmap Index Scan on sbtest2_pkey  (cost=0.00..35.56 rows=1112 width=0)
	                    Index Cond: ((id >= 852538) AND (id <= 853537))

table 3 : explain SELECT DISTINCT c FROM sbtest3 WHERE id BETWEEN 8104215 AND 8105214 ORDER BY c
	Unique  (cost=4234.22..4239.63 rows=1081 width=121)
	  ->  Sort  (cost=4234.22..4236.93 rows=1081 width=121)
	        Sort Key: c
	        ->  Bitmap Heap Scan on sbtest3  (cost=35.52..4179.75 rows=1081 width=121)
	              Recheck Cond: ((id >= 8104215) AND (id <= 8105214))
	              ->  Bitmap Index Scan on sbtest3_pkey  (cost=0.00..35.25 rows=1081 width=0)
	                    Index Cond: ((id >= 8104215) AND (id <= 8105214))

table 4 : explain SELECT DISTINCT c FROM sbtest4 WHERE id BETWEEN 3359189 AND 3360188 ORDER BY c
	Unique  (cost=4000.49..4005.58 rows=1018 width=121)
	  ->  Sort  (cost=4000.49..4003.04 rows=1018 width=121)
	        Sort Key: c
	        ->  Bitmap Heap Scan on sbtest4  (cost=34.87..3949.64 rows=1018 width=121)
	              Recheck Cond: ((id >= 3359189) AND (id <= 3360188))
	              ->  Bitmap Index Scan on sbtest4_pkey  (cost=0.00..34.62 rows=1018 width=0)
	                    Index Cond: ((id >= 3359189) AND (id <= 3360188))

table 5 : explain SELECT DISTINCT c FROM sbtest5 WHERE id BETWEEN 7015067 AND 7016066 ORDER BY c
	Unique  (cost=3881.64..3886.57 rows=987 width=121)
	  ->  Sort  (cost=3881.64..3884.10 rows=987 width=121)
	        Sort Key: c
	        ->  Bitmap Heap Scan on sbtest5  (cost=34.55..3832.55 rows=987 width=121)
	              Recheck Cond: ((id >= 7015067) AND (id <= 7016066))
	              ->  Bitmap Index Scan on sbtest5_pkey  (cost=0.00..34.31 rows=987 width=0)
	                    Index Cond: ((id >= 7015067) AND (id <= 7016066))

table 6 : explain SELECT DISTINCT c FROM sbtest6 WHERE id BETWEEN 4762950 AND 4763949 ORDER BY c
	Unique  (cost=3806.67..3811.51 rows=969 width=121)
	  ->  Sort  (cost=3806.67..3809.09 rows=969 width=121)
	        Sort Key: c
	        ->  Bitmap Heap Scan on sbtest6  (cost=34.37..3758.61 rows=969 width=121)
	              Recheck Cond: ((id >= 4762950) AND (id <= 4763949))
	              ->  Bitmap Index Scan on sbtest6_pkey  (cost=0.00..34.12 rows=969 width=0)
	                    Index Cond: ((id >= 4762950) AND (id <= 4763949))

table 7 : explain SELECT DISTINCT c FROM sbtest7 WHERE id BETWEEN 5313446 AND 5314445 ORDER BY c
	Unique  (cost=3804.84..3809.68 rows=969 width=121)
	  ->  Sort  (cost=3804.84..3807.26 rows=969 width=121)
	        Sort Key: c
	        ->  Bitmap Heap Scan on sbtest7  (cost=34.37..3756.77 rows=969 width=121)
	              Recheck Cond: ((id >= 5313446) AND (id <= 5314445))
	              ->  Bitmap Index Scan on sbtest7_pkey  (cost=0.00..34.12 rows=969 width=0)
	                    Index Cond: ((id >= 5313446) AND (id <= 5314445))

table 8 : explain SELECT DISTINCT c FROM sbtest8 WHERE id BETWEEN 3054645 AND 3055644 ORDER BY c
	Unique  (cost=3755.79..3760.57 rows=956 width=121)
	  ->  Sort  (cost=3755.79..3758.18 rows=956 width=121)
	        Sort Key: c
	        ->  Bitmap Heap Scan on sbtest8  (cost=34.23..3708.46 rows=956 width=121)
	              Recheck Cond: ((id >= 3054645) AND (id <= 3055644))
	              ->  Bitmap Index Scan on sbtest8_pkey  (cost=0.00..34.00 rows=956 width=0)
	                    Index Cond: ((id >= 3054645) AND (id <= 3055644))

for: distinct_ranges
table 1 : explain SELECT DISTINCT c FROM sbtest1 WHERE id BETWEEN 416 AND 1415 ORDER BY c
	Unique  (cost=4149.19..4154.48 rows=1059 width=121)
	  ->  Sort  (cost=4149.19..4151.84 rows=1059 width=121)
	        Sort Key: c
	        ->  Bitmap Heap Scan on sbtest1  (cost=35.29..4095.98 rows=1059 width=121)
	              Recheck Cond: ((id >= 416) AND (id <= 1415))
	              ->  Bitmap Index Scan on sbtest1_pkey  (cost=0.00..35.03 rows=1059 width=0)
	                    Index Cond: ((id >= 416) AND (id <= 1415))

table 2 : explain SELECT DISTINCT c FROM sbtest2 WHERE id BETWEEN 7622555 AND 7623554 ORDER BY c
	Unique  (cost=4065.77..4070.95 rows=1037 width=121)
	  ->  Sort  (cost=4065.77..4068.36 rows=1037 width=121)
	        Sort Key: c
	        ->  Bitmap Heap Scan on sbtest2  (cost=35.06..4013.82 rows=1037 width=121)
	              Recheck Cond: ((id >= 7622555) AND (id <= 7623554))
	              ->  Bitmap Index Scan on sbtest2_pkey  (cost=0.00..34.81 rows=1037 width=0)
	                    Index Cond: ((id >= 7622555) AND (id <= 7623554))

table 3 : explain SELECT DISTINCT c FROM sbtest3 WHERE id BETWEEN 1482316 AND 1483315 ORDER BY c
	Unique  (cost=4112.04..4117.29 rows=1049 width=121)
	  ->  Sort  (cost=4112.04..4114.67 rows=1049 width=121)
	        Sort Key: c
	        ->  Bitmap Heap Scan on sbtest3  (cost=35.19..4059.41 rows=1049 width=121)
	              Recheck Cond: ((id >= 1482316) AND (id <= 1483315))
	              ->  Bitmap Index Scan on sbtest3_pkey  (cost=0.00..34.93 rows=1049 width=0)
	                    Index Cond: ((id >= 1482316) AND (id <= 1483315))

table 4 : explain SELECT DISTINCT c FROM sbtest4 WHERE id BETWEEN 7850144 AND 7851143 ORDER BY c
	Unique  (cost=4008.16..4013.26 rows=1020 width=121)
	  ->  Sort  (cost=4008.16..4010.71 rows=1020 width=121)
	        Sort Key: c
	        ->  Bitmap Heap Scan on sbtest4  (cost=34.89..3957.19 rows=1020 width=121)
	              Recheck Cond: ((id >= 7850144) AND (id <= 7851143))
	              ->  Bitmap Index Scan on sbtest4_pkey  (cost=0.00..34.64 rows=1020 width=0)
	                    Index Cond: ((id >= 7850144) AND (id <= 7851143))

table 5 : explain SELECT DISTINCT c FROM sbtest5 WHERE id BETWEEN 3917368 AND 3918367 ORDER BY c
	Unique  (cost=4111.68..4116.92 rows=1047 width=121)
	  ->  Sort  (cost=4111.68..4114.30 rows=1047 width=121)
	        Sort Key: c
	        ->  Bitmap Heap Scan on sbtest5  (cost=35.17..4059.16 rows=1047 width=121)
	              Recheck Cond: ((id >= 3917368) AND (id <= 3918367))
	              ->  Bitmap Index Scan on sbtest5_pkey  (cost=0.00..34.91 rows=1047 width=0)
	                    Index Cond: ((id >= 3917368) AND (id <= 3918367))

table 6 : explain SELECT DISTINCT c FROM sbtest6 WHERE id BETWEEN 1769585 AND 1770584 ORDER BY c
	Unique  (cost=3799.01..3803.84 rows=967 width=121)
	  ->  Sort  (cost=3799.01..3801.43 rows=967 width=121)
	        Sort Key: c
	        ->  Bitmap Heap Scan on sbtest6  (cost=34.35..3751.06 rows=967 width=121)
	              Recheck Cond: ((id >= 1769585) AND (id <= 1770584))
	              ->  Bitmap Index Scan on sbtest6_pkey  (cost=0.00..34.11 rows=967 width=0)
	                    Index Cond: ((id >= 1769585) AND (id <= 1770584))

table 7 : explain SELECT DISTINCT c FROM sbtest7 WHERE id BETWEEN 2515184 AND 2516183 ORDER BY c
	Unique  (cost=4103.03..4108.26 rows=1047 width=121)
	  ->  Sort  (cost=4103.03..4105.65 rows=1047 width=121)
	        Sort Key: c
	        ->  Bitmap Heap Scan on sbtest7  (cost=35.17..4050.51 rows=1047 width=121)
	              Recheck Cond: ((id >= 2515184) AND (id <= 2516183))
	              ->  Bitmap Index Scan on sbtest7_pkey  (cost=0.00..34.91 rows=1047 width=0)
	                    Index Cond: ((id >= 2515184) AND (id <= 2516183))

table 8 : explain SELECT DISTINCT c FROM sbtest8 WHERE id BETWEEN 9305346 AND 9306345 ORDER BY c
	Unique  (cost=3801.74..3806.58 rows=968 width=121)
	  ->  Sort  (cost=3801.74..3804.16 rows=968 width=121)
	        Sort Key: c
	        ->  Bitmap Heap Scan on sbtest8  (cost=34.36..3753.74 rows=968 width=121)
	              Recheck Cond: ((id >= 9305346) AND (id <= 9306345))
	              ->  Bitmap Index Scan on sbtest8_pkey  (cost=0.00..34.12 rows=968 width=0)
	                    Index Cond: ((id >= 9305346) AND (id <= 9306345))

for: order_ranges
table 1 : explain SELECT c FROM sbtest1 WHERE id BETWEEN 7488949 AND 7489948 ORDER BY c
	Sort  (cost=3900.81..3903.30 rows=994 width=121)
	  Sort Key: c
	  ->  Bitmap Heap Scan on sbtest1  (cost=34.62..3851.32 rows=994 width=121)
	        Recheck Cond: ((id >= 7488949) AND (id <= 7489948))
	        ->  Bitmap Index Scan on sbtest1_pkey  (cost=0.00..34.38 rows=994 width=0)
	              Index Cond: ((id >= 7488949) AND (id <= 7489948))

table 2 : explain SELECT c FROM sbtest2 WHERE id BETWEEN 6200219 AND 6201218 ORDER BY c
	Sort  (cost=3916.66..3919.16 rows=998 width=121)
	  Sort Key: c
	  ->  Bitmap Heap Scan on sbtest2  (cost=34.66..3866.95 rows=998 width=121)
	        Recheck Cond: ((id >= 6200219) AND (id <= 6201218))
	        ->  Bitmap Index Scan on sbtest2_pkey  (cost=0.00..34.42 rows=998 width=0)
	              Index Cond: ((id >= 6200219) AND (id <= 6201218))

table 3 : explain SELECT c FROM sbtest3 WHERE id BETWEEN 1801695 AND 1802694 ORDER BY c
	Sort  (cost=4131.14..4133.78 rows=1054 width=121)
	  Sort Key: c
	  ->  Bitmap Heap Scan on sbtest3  (cost=35.24..4078.22 rows=1054 width=121)
	        Recheck Cond: ((id >= 1801695) AND (id <= 1802694))
	        ->  Bitmap Index Scan on sbtest3_pkey  (cost=0.00..34.98 rows=1054 width=0)
	              Index Cond: ((id >= 1801695) AND (id <= 1802694))

table 4 : explain SELECT c FROM sbtest4 WHERE id BETWEEN 6129082 AND 6130081 ORDER BY c
	Sort  (cost=3758.73..3761.11 rows=955 width=121)
	  Sort Key: c
	  ->  Bitmap Heap Scan on sbtest4  (cost=34.22..3711.46 rows=955 width=121)
	        Recheck Cond: ((id >= 6129082) AND (id <= 6130081))
	        ->  Bitmap Index Scan on sbtest4_pkey  (cost=0.00..33.98 rows=955 width=0)
	              Index Cond: ((id >= 6129082) AND (id <= 6130081))

table 5 : explain SELECT c FROM sbtest5 WHERE id BETWEEN 1464201 AND 1465200 ORDER BY c
	Sort  (cost=3850.93..3853.38 rows=979 width=121)
	  Sort Key: c
	  ->  Bitmap Heap Scan on sbtest5  (cost=34.47..3802.30 rows=979 width=121)
	        Recheck Cond: ((id >= 1464201) AND (id <= 1465200))
	        ->  Bitmap Index Scan on sbtest5_pkey  (cost=0.00..34.23 rows=979 width=0)
	              Index Cond: ((id >= 1464201) AND (id <= 1465200))

table 6 : explain SELECT c FROM sbtest6 WHERE id BETWEEN 2391258 AND 2392257 ORDER BY c
	Sort  (cost=3676.36..3678.70 rows=935 width=121)
	  Sort Key: c
	  ->  Bitmap Heap Scan on sbtest6  (cost=34.02..3630.22 rows=935 width=121)
	        Recheck Cond: ((id >= 2391258) AND (id <= 2392257))
	        ->  Bitmap Index Scan on sbtest6_pkey  (cost=0.00..33.79 rows=935 width=0)
	              Index Cond: ((id >= 2391258) AND (id <= 2392257))

table 7 : explain SELECT c FROM sbtest7 WHERE id BETWEEN 9050723 AND 9051722 ORDER BY c
	Sort  (cost=4145.02..4147.67 rows=1058 width=121)
	  Sort Key: c
	  ->  Bitmap Heap Scan on sbtest7  (cost=35.28..4091.87 rows=1058 width=121)
	        Recheck Cond: ((id >= 9050723) AND (id <= 9051722))
	        ->  Bitmap Index Scan on sbtest7_pkey  (cost=0.00..35.02 rows=1058 width=0)
	              Index Cond: ((id >= 9050723) AND (id <= 9051722))

table 8 : explain SELECT c FROM sbtest8 WHERE id BETWEEN 9463236 AND 9464235 ORDER BY c
	Sort  (cost=4329.00..4331.76 rows=1106 width=121)
	  Sort Key: c
	  ->  Bitmap Heap Scan on sbtest8  (cost=35.77..4273.08 rows=1106 width=121)
	        Recheck Cond: ((id >= 9463236) AND (id <= 9464235))
	        ->  Bitmap Index Scan on sbtest8_pkey  (cost=0.00..35.50 rows=1106 width=0)
	              Index Cond: ((id >= 9463236) AND (id <= 9464235))

for: distinct_ranges
table 1 : explain SELECT DISTINCT c FROM sbtest1 WHERE id BETWEEN 9238886 AND 9239885 ORDER BY c
	Unique  (cost=3716.89..3721.63 rows=947 width=121)
	  ->  Sort  (cost=3716.89..3719.26 rows=947 width=121)
	        Sort Key: c
	        ->  Bitmap Heap Scan on sbtest1  (cost=30.14..3670.08 rows=947 width=121)
	              Recheck Cond: ((id >= 9238886) AND (id <= 9239885))
	              ->  Bitmap Index Scan on sbtest1_pkey  (cost=0.00..29.90 rows=947 width=0)
	                    Index Cond: ((id >= 9238886) AND (id <= 9239885))

table 2 : explain SELECT DISTINCT c FROM sbtest2 WHERE id BETWEEN 8343695 AND 8344694 ORDER BY c
	Unique  (cost=3759.72..3764.50 rows=957 width=121)
	  ->  Sort  (cost=3759.72..3762.11 rows=957 width=121)
	        Sort Key: c
	        ->  Bitmap Heap Scan on sbtest2  (cost=34.24..3712.33 rows=957 width=121)
	              Recheck Cond: ((id >= 8343695) AND (id <= 8344694))
	              ->  Bitmap Index Scan on sbtest2_pkey  (cost=0.00..34.01 rows=957 width=0)
	                    Index Cond: ((id >= 8343695) AND (id <= 8344694))

table 3 : explain SELECT DISTINCT c FROM sbtest3 WHERE id BETWEEN 8497411 AND 8498410 ORDER BY c
	Unique  (cost=3763.93..3768.72 rows=958 width=121)
	  ->  Sort  (cost=3763.93..3766.32 rows=958 width=121)
	        Sort Key: c
	        ->  Bitmap Heap Scan on sbtest3  (cost=34.25..3716.49 rows=958 width=121)
	              Recheck Cond: ((id >= 8497411) AND (id <= 8498410))
	              ->  Bitmap Index Scan on sbtest3_pkey  (cost=0.00..34.02 rows=958 width=0)
	                    Index Cond: ((id >= 8497411) AND (id <= 8498410))

table 4 : explain SELECT DISTINCT c FROM sbtest4 WHERE id BETWEEN 2500504 AND 2501503 ORDER BY c
	Unique  (cost=3824.01..3828.87 rows=972 width=121)
	  ->  Sort  (cost=3824.01..3826.44 rows=972 width=121)
	        Sort Key: c
	        ->  Bitmap Heap Scan on sbtest4  (cost=34.40..3775.78 rows=972 width=121)
	              Recheck Cond: ((id >= 2500504) AND (id <= 2501503))
	              ->  Bitmap Index Scan on sbtest4_pkey  (cost=0.00..34.16 rows=972 width=0)
	                    Index Cond: ((id >= 2500504) AND (id <= 2501503))

table 5 : explain SELECT DISTINCT c FROM sbtest5 WHERE id BETWEEN 6053748 AND 6054747 ORDER BY c
	Unique  (cost=3712.67..3717.38 rows=943 width=121)
	  ->  Sort  (cost=3712.67..3715.03 rows=943 width=121)
	        Sort Key: c
	        ->  Bitmap Heap Scan on sbtest5  (cost=34.10..3666.08 rows=943 width=121)
	              Recheck Cond: ((id >= 6053748) AND (id <= 6054747))
	              ->  Bitmap Index Scan on sbtest5_pkey  (cost=0.00..33.87 rows=943 width=0)
	                    Index Cond: ((id >= 6053748) AND (id <= 6054747))

table 6 : explain SELECT DISTINCT c FROM sbtest6 WHERE id BETWEEN 1064056 AND 1065055 ORDER BY c
	Unique  (cost=3487.51..3491.90 rows=878 width=121)
	  ->  Sort  (cost=3487.51..3489.70 rows=878 width=121)
	        Sort Key: c
	        ->  Index Scan using sbtest6_pkey on sbtest6  (cost=0.43..3444.58 rows=878 width=121)
	              Index Cond: ((id >= 1064056) AND (id <= 1065055))

table 7 : explain SELECT DISTINCT c FROM sbtest7 WHERE id BETWEEN 7291616 AND 7292615 ORDER BY c
	Unique  (cost=3835.46..3840.34 rows=977 width=121)
	  ->  Sort  (cost=3835.46..3837.90 rows=977 width=121)
	        Sort Key: c
	        ->  Bitmap Heap Scan on sbtest7  (cost=34.45..3786.94 rows=977 width=121)
	              Recheck Cond: ((id >= 7291616) AND (id <= 7292615))
	              ->  Bitmap Index Scan on sbtest7_pkey  (cost=0.00..34.20 rows=977 width=0)
	                    Index Cond: ((id >= 7291616) AND (id <= 7292615))

table 8 : explain SELECT DISTINCT c FROM sbtest8 WHERE id BETWEEN 8133842 AND 8134841 ORDER BY c
	Unique  (cost=4054.19..4059.36 rows=1034 width=121)
	  ->  Sort  (cost=4054.19..4056.78 rows=1034 width=121)
	        Sort Key: c
	        ->  Bitmap Heap Scan on sbtest8  (cost=35.03..4002.42 rows=1034 width=121)
	              Recheck Cond: ((id >= 8133842) AND (id <= 8134841))
	              ->  Bitmap Index Scan on sbtest8_pkey  (cost=0.00..34.78 rows=1034 width=0)
	                    Index Cond: ((id >= 8133842) AND (id <= 8134841))

Threads started!

Warming up for 5 seconds...

SQL statistics:
    queries performed:
        read:                            128488577
        write:                           0
        other:                           23361584
        total:                           151850161
    transactions:                        11680812 (18540.76 per sec.)
    queries:                             151850161 (241029.31 per sec.)
    ignored errors:                      0      (0.00 per sec.)
    reconnects:                          0      (0.00 per sec.)

Throughput:
    events/s (eps):                      18540.7643
    time elapsed:                        630.0071s
    total number of events:              11680812

Latency (ms):
         min:                                    0.48
         avg:                                    2.16
         max:                                   18.50
         95th percentile:                        2.30
         sum:                             25187099.75

Threads fairness:
    events (avg/stddev):           292020.0000/1147.11
    execution time (avg/stddev):   629.6775/0.01

