LUA_PATH=/home/mdcallag/git/mytools/bench/sysbench.lua/lua/?.lua /home/mdcallag/git/mytools/bench/sysbench.lua/lua/sysbench --db-driver=pgsql --range-size=100 --table-size=10000000 --tables=8 --threads=40 --events=0 --warmup-time=5 --time=630 --pgsql_conn_id=true /home/mdcallag/git/mytools/bench/sysbench.lua/lua/oltp_point_select.lua run --pgsql-user=root --pgsql-password=pw --pgsql-host=127.0.0.1 --pgsql-db=ib --rand-type=uniform --skip-trx
48 CPUs
sysbench 1.1.0-9072687 (using bundled LuaJIT 2.1.0-beta3)

Running the test with following options:
Number of threads: 40
Warmup time: 5s
Initializing random number generator from current time


Initializing worker threads...

explain: for point_selects :: explain SELECT c FROM sbtest%u WHERE id=%u
explain: for point_selects :: explain SELECT c FROM sbtest%u WHERE id=%uexplain: for point_selects :: explain SELECT c FROM sbtest%u WHERE id=%u
explain: for point_selects :: explain SELECT c FROM sbtest%u WHERE id=%u
explain: for point_selects :: explain SELECT c FROM sbtest%u WHERE id=%u
explain: for point_selects :: explain SELECT c FROM sbtest%u WHERE id=%u

explain: for point_selects :: explain SELECT c FROM sbtest%u WHERE id=%u
explain: for point_selects :: explain SELECT c FROM sbtest%u WHERE id=%u
explain: for point_selects :: explain SELECT c FROM sbtest%u WHERE id=%u
explain: for point_selects :: explain SELECT c FROM sbtest%u WHERE id=%u
explain: for point_selects :: explain SELECT c FROM sbtest%u WHERE id=%u
explain: for point_selects :: explain SELECT c FROM sbtest%u WHERE id=%u
explain: for point_selects :: explain SELECT c FROM sbtest%u WHERE id=%u
explain: for point_selects :: explain SELECT c FROM sbtest%u WHERE id=%u
explain: for point_selects :: explain SELECT c FROM sbtest%u WHERE id=%u
explain: for point_selects :: explain SELECT c FROM sbtest%u WHERE id=%u
explain: for point_selects :: explain SELECT c FROM sbtest%u WHERE id=%u
explain: for point_selects :: explain SELECT c FROM sbtest%u WHERE id=%u
explain: for point_selects :: explain SELECT c FROM sbtest%u WHERE id=%u
explain: for point_selects :: explain SELECT c FROM sbtest%u WHERE id=%u
for point_selects
table 1 : explain SELECT c FROM sbtest1 WHERE id=2621121
	Index Scan using sbtest1_pkey on sbtest1  (cost=0.43..8.45 rows=1 width=121)
	  Index Cond: (id = 2621121)

table 2 : explain SELECT c FROM sbtest2 WHERE id=3753649
	Index Scan using sbtest2_pkey on sbtest2  (cost=0.43..8.45 rows=1 width=121)
	  Index Cond: (id = 3753649)

table 3 : explain SELECT c FROM sbtest3 WHERE id=4897842
	Index Scan using sbtest3_pkey on sbtest3  (cost=0.43..8.45 rows=1 width=121)
	  Index Cond: (id = 4897842)

table 4 : explain SELECT c FROM sbtest4 WHERE id=4719282
	Index Scan using sbtest4_pkey on sbtest4  (cost=0.43..8.45 rows=1 width=121)
	  Index Cond: (id = 4719282)

table 5 : explain SELECT c FROM sbtest5 WHERE id=374553
	Index Scan using sbtest5_pkey on sbtest5  (cost=0.43..8.45 rows=1 width=121)
	  Index Cond: (id = 374553)

table 6 : explain SELECT c FROM sbtest6 WHERE id=7310797
	Index Scan using sbtest6_pkey on sbtest6  (cost=0.43..8.45 rows=1 width=121)
	  Index Cond: (id = 7310797)

table 7 : explain SELECT c FROM sbtest7 WHERE id=3911889
	Index Scan using sbtest7_pkey on sbtest7  (cost=0.43..8.45 rows=1 width=121)
	  Index Cond: (id = 3911889)

table 8 : explain SELECT c FROM sbtest8 WHERE id=7064798
	Index Scan using sbtest8_pkey on sbtest8  (cost=0.43..8.45 rows=1 width=121)
	  Index Cond: (id = 7064798)

explain: for point_selects :: explain SELECT c FROM sbtest%u WHERE id=%u
explain: for point_selects :: explain SELECT c FROM sbtest%u WHERE id=%u
explain: for point_selects :: explain SELECT c FROM sbtest%u WHERE id=%u
explain: for point_selects :: explain SELECT c FROM sbtest%u WHERE id=%u
for point_selects
table 1 : explain SELECT c FROM sbtest1 WHERE id=2003080
	Index Scan using sbtest1_pkey on sbtest1  (cost=0.43..8.45 rows=1 width=121)
	  Index Cond: (id = 2003080)

table 2 : explain SELECT c FROM sbtest2 WHERE id=2336198
	Index Scan using sbtest2_pkey on sbtest2  (cost=0.43..8.45 rows=1 width=121)
	  Index Cond: (id = 2336198)

table 3 : explain SELECT c FROM sbtest3 WHERE id=2181406
	Index Scan using sbtest3_pkey on sbtest3  (cost=0.43..8.45 rows=1 width=121)
	  Index Cond: (id = 2181406)

table 4 : explain SELECT c FROM sbtest4 WHERE id=7027524
	Index Scan using sbtest4_pkey on sbtest4  (cost=0.43..8.45 rows=1 width=121)
	  Index Cond: (id = 7027524)

table 5 : explain SELECT c FROM sbtest5 WHERE id=8978033
	Index Scan using sbtest5_pkey on sbtest5  (cost=0.43..8.45 rows=1 width=121)
	  Index Cond: (id = 8978033)

table 6 : explain SELECT c FROM sbtest6 WHERE id=3002535
	Index Scan using sbtest6_pkey on sbtest6  (cost=0.43..8.45 rows=1 width=121)
	  Index Cond: (id = 3002535)

table 7 : explain SELECT c FROM sbtest7 WHERE id=456197
	Index Scan using sbtest7_pkey on sbtest7  (cost=0.43..8.45 rows=1 width=121)
	  Index Cond: (id = 456197)

table 8 : explain SELECT c FROM sbtest8 WHERE id=5809626
	Index Scan using sbtest8_pkey on sbtest8  (cost=0.43..8.45 rows=1 width=121)
	  Index Cond: (id = 5809626)

for point_selects
table 1 : explain SELECT c FROM sbtest1 WHERE id=5058087
	Index Scan using sbtest1_pkey on sbtest1  (cost=0.43..8.45 rows=1 width=121)
	  Index Cond: (id = 5058087)

table 2 : explain SELECT c FROM sbtest2 WHERE id=4662511
	Index Scan using sbtest2_pkey on sbtest2  (cost=0.43..8.45 rows=1 width=121)
	  Index Cond: (id = 4662511)

table 3 : explain SELECT c FROM sbtest3 WHERE id=9373647
	Index Scan using sbtest3_pkey on sbtest3  (cost=0.43..8.45 rows=1 width=121)
	  Index Cond: (id = 9373647)

table 4 : explain SELECT c FROM sbtest4 WHERE id=9178004
	Index Scan using sbtest4_pkey on sbtest4  (cost=0.43..8.45 rows=1 width=121)
	  Index Cond: (id = 9178004)

table 5 : explain SELECT c FROM sbtest5 WHERE id=8002733
	Index Scan using sbtest5_pkey on sbtest5  (cost=0.43..8.45 rows=1 width=121)
	  Index Cond: (id = 8002733)

table 6 : explain SELECT c FROM sbtest6 WHERE id=4771669
	Index Scan using sbtest6_pkey on sbtest6  (cost=0.43..8.45 rows=1 width=121)
	  Index Cond: (id = 4771669)

table 7 : explain SELECT c FROM sbtest7 WHERE id=6688584
	Index Scan using sbtest7_pkey on sbtest7  (cost=0.43..8.45 rows=1 width=121)
	  Index Cond: (id = 6688584)

table 8 : explain SELECT c FROM sbtest8 WHERE id=5703299
	Index Scan using sbtest8_pkey on sbtest8  (cost=0.43..8.45 rows=1 width=121)
	  Index Cond: (id = 5703299)

for point_selects
table 1 : explain SELECT c FROM sbtest1 WHERE id=768889
	Index Scan using sbtest1_pkey on sbtest1  (cost=0.43..8.45 rows=1 width=121)
	  Index Cond: (id = 768889)

table 2 : explain SELECT c FROM sbtest2 WHERE id=5182167
	Index Scan using sbtest2_pkey on sbtest2  (cost=0.43..8.45 rows=1 width=121)
	  Index Cond: (id = 5182167)

table 3 : explain SELECT c FROM sbtest3 WHERE id=9606056
	Index Scan using sbtest3_pkey on sbtest3  (cost=0.43..8.45 rows=1 width=121)
	  Index Cond: (id = 9606056)

table 4 : explain SELECT c FROM sbtest4 WHERE id=7473796
	Index Scan using sbtest4_pkey on sbtest4  (cost=0.43..8.45 rows=1 width=121)
	  Index Cond: (id = 7473796)

table 5 : explain SELECT c FROM sbtest5 WHERE id=4165493
	Index Scan using sbtest5_pkey on sbtest5  (cost=0.43..8.45 rows=1 width=121)
	  Index Cond: (id = 4165493)

table 6 : explain SELECT c FROM sbtest6 WHERE id=1655788
	Index Scan using sbtest6_pkey on sbtest6  (cost=0.43..8.45 rows=1 width=121)
	  Index Cond: (id = 1655788)

table 7 : explain SELECT c FROM sbtest7 WHERE id=1712050
	Index Scan using sbtest7_pkey on sbtest7  (cost=0.43..8.45 rows=1 width=121)
	  Index Cond: (id = 1712050)

table 8 : explain SELECT c FROM sbtest8 WHERE id=6953771
	Index Scan using sbtest8_pkey on sbtest8  (cost=0.43..8.45 rows=1 width=121)
	  Index Cond: (id = 6953771)

for point_selects
table 1 : explain SELECT c FROM sbtest1 WHERE id=9661939
	Index Scan using sbtest1_pkey on sbtest1  (cost=0.43..8.45 rows=1 width=121)
	  Index Cond: (id = 9661939)

table 2 : explain SELECT c FROM sbtest2 WHERE id=6252101
	Index Scan using sbtest2_pkey on sbtest2  (cost=0.43..8.45 rows=1 width=121)
	  Index Cond: (id = 6252101)

table 3 : explain SELECT c FROM sbtest3 WHERE id=7647906
	Index Scan using sbtest3_pkey on sbtest3  (cost=0.43..8.45 rows=1 width=121)
	  Index Cond: (id = 7647906)

table 4 : explain SELECT c FROM sbtest4 WHERE id=1398590
	Index Scan using sbtest4_pkey on sbtest4  (cost=0.43..8.45 rows=1 width=121)
	  Index Cond: (id = 1398590)

table 5 : explain SELECT c FROM sbtest5 WHERE id=2297759
	Index Scan using sbtest5_pkey on sbtest5  (cost=0.43..8.45 rows=1 width=121)
	  Index Cond: (id = 2297759)

table 6 : explain SELECT c FROM sbtest6 WHERE id=3929005
	Index Scan using sbtest6_pkey on sbtest6  (cost=0.43..8.45 rows=1 width=121)
	  Index Cond: (id = 3929005)

table 7 : explain SELECT c FROM sbtest7 WHERE id=8808926
	Index Scan using sbtest7_pkey on sbtest7  (cost=0.43..8.45 rows=1 width=121)
	  Index Cond: (id = 8808926)

table 8 : explain SELECT c FROM sbtest8 WHERE id=7152243
	Index Scan using sbtest8_pkey on sbtest8  (cost=0.43..8.45 rows=1 width=121)
	  Index Cond: (id = 7152243)

for point_selects
table 1 : explain SELECT c FROM sbtest1 WHERE id=1523252
	Index Scan using sbtest1_pkey on sbtest1  (cost=0.43..8.45 rows=1 width=121)
	  Index Cond: (id = 1523252)

table 2 : explain SELECT c FROM sbtest2 WHERE id=3996502
	Index Scan using sbtest2_pkey on sbtest2  (cost=0.43..8.45 rows=1 width=121)
	  Index Cond: (id = 3996502)

table 3 : explain SELECT c FROM sbtest3 WHERE id=9697923
	Index Scan using sbtest3_pkey on sbtest3  (cost=0.43..8.45 rows=1 width=121)
	  Index Cond: (id = 9697923)

table 4 : explain SELECT c FROM sbtest4 WHERE id=665311
	Index Scan using sbtest4_pkey on sbtest4  (cost=0.43..8.45 rows=1 width=121)
	  Index Cond: (id = 665311)

table 5 : explain SELECT c FROM sbtest5 WHERE id=995329
	Index Scan using sbtest5_pkey on sbtest5  (cost=0.43..8.45 rows=1 width=121)
	  Index Cond: (id = 995329)

table 6 : explain SELECT c FROM sbtest6 WHERE id=5062305
	Index Scan using sbtest6_pkey on sbtest6  (cost=0.43..8.45 rows=1 width=121)
	  Index Cond: (id = 5062305)

table 7 : explain SELECT c FROM sbtest7 WHERE id=736252
	Index Scan using sbtest7_pkey on sbtest7  (cost=0.43..8.45 rows=1 width=121)
	  Index Cond: (id = 736252)

table 8 : explain SELECT c FROM sbtest8 WHERE id=9247656
	Index Scan using sbtest8_pkey on sbtest8  (cost=0.43..8.45 rows=1 width=121)
	  Index Cond: (id = 9247656)

for point_selects
table 1 : explain SELECT c FROM sbtest1 WHERE id=5185902
	Index Scan using sbtest1_pkey on sbtest1  (cost=0.43..8.45 rows=1 width=121)
	  Index Cond: (id = 5185902)

table 2 : explain SELECT c FROM sbtest2 WHERE id=2826499
	Index Scan using sbtest2_pkey on sbtest2  (cost=0.43..8.45 rows=1 width=121)
	  Index Cond: (id = 2826499)

table 3 : explain SELECT c FROM sbtest3 WHERE id=6143569
	Index Scan using sbtest3_pkey on sbtest3  (cost=0.43..8.45 rows=1 width=121)
	  Index Cond: (id = 6143569)

table 4 : explain SELECT c FROM sbtest4 WHERE id=7512820
	Index Scan using sbtest4_pkey on sbtest4  (cost=0.43..8.45 rows=1 width=121)
	  Index Cond: (id = 7512820)

table 5 : explain SELECT c FROM sbtest5 WHERE id=4178156
	Index Scan using sbtest5_pkey on sbtest5  (cost=0.43..8.45 rows=1 width=121)
	  Index Cond: (id = 4178156)

table 6 : explain SELECT c FROM sbtest6 WHERE id=5051661
	Index Scan using sbtest6_pkey on sbtest6  (cost=0.43..8.45 rows=1 width=121)
	  Index Cond: (id = 5051661)

table 7 : explain SELECT c FROM sbtest7 WHERE id=9875107
	Index Scan using sbtest7_pkey on sbtest7  (cost=0.43..8.45 rows=1 width=121)
	  Index Cond: (id = 9875107)

table 8 : explain SELECT c FROM sbtest8 WHERE id=8416076
	Index Scan using sbtest8_pkey on sbtest8  (cost=0.43..8.45 rows=1 width=121)
	  Index Cond: (id = 8416076)

for point_selects
table 1 : explain SELECT c FROM sbtest1 WHERE id=6199952
	Index Scan using sbtest1_pkey on sbtest1  (cost=0.43..8.45 rows=1 width=121)
	  Index Cond: (id = 6199952)

table 2 : explain SELECT c FROM sbtest2 WHERE id=9842098
	Index Scan using sbtest2_pkey on sbtest2  (cost=0.43..8.45 rows=1 width=121)
	  Index Cond: (id = 9842098)

table 3 : explain SELECT c FROM sbtest3 WHERE id=9981567
	Index Scan using sbtest3_pkey on sbtest3  (cost=0.43..8.45 rows=1 width=121)
	  Index Cond: (id = 9981567)

table 4 : explain SELECT c FROM sbtest4 WHERE id=8648467
	Index Scan using sbtest4_pkey on sbtest4  (cost=0.43..8.45 rows=1 width=121)
	  Index Cond: (id = 8648467)

table 5 : explain SELECT c FROM sbtest5 WHERE id=6712590
	Index Scan using sbtest5_pkey on sbtest5  (cost=0.43..8.45 rows=1 width=121)
	  Index Cond: (id = 6712590)

table 6 : explain SELECT c FROM sbtest6 WHERE id=9590568
	Index Scan using sbtest6_pkey on sbtest6  (cost=0.43..8.45 rows=1 width=121)
	  Index Cond: (id = 9590568)

table 7 : explain SELECT c FROM sbtest7 WHERE id=6725668
	Index Scan using sbtest7_pkey on sbtest7  (cost=0.43..8.45 rows=1 width=121)
	  Index Cond: (id = 6725668)

table 8 : explain SELECT c FROM sbtest8 WHERE id=1025167
	Index Scan using sbtest8_pkey on sbtest8  (cost=0.43..8.45 rows=1 width=121)
	  Index Cond: (id = 1025167)

for point_selects
table 1 : explain SELECT c FROM sbtest1 WHERE id=799535
	Index Scan using sbtest1_pkey on sbtest1  (cost=0.43..8.45 rows=1 width=121)
	  Index Cond: (id = 799535)

table 2 : explain SELECT c FROM sbtest2 WHERE id=6420498
	Index Scan using sbtest2_pkey on sbtest2  (cost=0.43..8.45 rows=1 width=121)
	  Index Cond: (id = 6420498)

table 3 : explain SELECT c FROM sbtest3 WHERE id=4774971
	Index Scan using sbtest3_pkey on sbtest3  (cost=0.43..8.45 rows=1 width=121)
	  Index Cond: (id = 4774971)

table 4 : explain SELECT c FROM sbtest4 WHERE id=2533432
	Index Scan using sbtest4_pkey on sbtest4  (cost=0.43..8.45 rows=1 width=121)
	  Index Cond: (id = 2533432)

table 5 : explain SELECT c FROM sbtest5 WHERE id=910413
	Index Scan using sbtest5_pkey on sbtest5  (cost=0.43..8.45 rows=1 width=121)
	  Index Cond: (id = 910413)

table 6 : explain SELECT c FROM sbtest6 WHERE id=2009554
	Index Scan using sbtest6_pkey on sbtest6  (cost=0.43..8.45 rows=1 width=121)
	  Index Cond: (id = 2009554)

table 7 : explain SELECT c FROM sbtest7 WHERE id=9668185
	Index Scan using sbtest7_pkey on sbtest7  (cost=0.43..8.45 rows=1 width=121)
	  Index Cond: (id = 9668185)

table 8 : explain SELECT c FROM sbtest8 WHERE id=8357363
	Index Scan using sbtest8_pkey on sbtest8  (cost=0.43..8.45 rows=1 width=121)
	  Index Cond: (id = 8357363)

for point_selects
table 1 : explain SELECT c FROM sbtest1 WHERE id=1014111
	Index Scan using sbtest1_pkey on sbtest1  (cost=0.43..8.45 rows=1 width=121)
	  Index Cond: (id = 1014111)

table 2 : explain SELECT c FROM sbtest2 WHERE id=601859
	Index Scan using sbtest2_pkey on sbtest2  (cost=0.43..8.45 rows=1 width=121)
	  Index Cond: (id = 601859)

table 3 : explain SELECT c FROM sbtest3 WHERE id=3051433
	Index Scan using sbtest3_pkey on sbtest3  (cost=0.43..8.45 rows=1 width=121)
	  Index Cond: (id = 3051433)

table 4 : explain SELECT c FROM sbtest4 WHERE id=4524899
	Index Scan using sbtest4_pkey on sbtest4  (cost=0.43..8.45 rows=1 width=121)
	  Index Cond: (id = 4524899)

table 5 : explain SELECT c FROM sbtest5 WHERE id=3917619
	Index Scan using sbtest5_pkey on sbtest5  (cost=0.43..8.45 rows=1 width=121)
	  Index Cond: (id = 3917619)

table 6 : explain SELECT c FROM sbtest6 WHERE id=482240
	Index Scan using sbtest6_pkey on sbtest6  (cost=0.43..8.45 rows=1 width=121)
	  Index Cond: (id = 482240)

table 7 : explain SELECT c FROM sbtest7 WHERE id=8816260
	Index Scan using sbtest7_pkey on sbtest7  (cost=0.43..8.45 rows=1 width=121)
	  Index Cond: (id = 8816260)

table 8 : explain SELECT c FROM sbtest8 WHERE id=1346411
	Index Scan using sbtest8_pkey on sbtest8  (cost=0.43..8.45 rows=1 width=121)
	  Index Cond: (id = 1346411)

for point_selects
table 1 : explain SELECT c FROM sbtest1 WHERE id=8356547
	Index Scan using sbtest1_pkey on sbtest1  (cost=0.43..8.45 rows=1 width=121)
	  Index Cond: (id = 8356547)

table 2 : explain SELECT c FROM sbtest2 WHERE id=1765405
	Index Scan using sbtest2_pkey on sbtest2  (cost=0.43..8.45 rows=1 width=121)
	  Index Cond: (id = 1765405)

table 3 : explain SELECT c FROM sbtest3 WHERE id=6097378
	Index Scan using sbtest3_pkey on sbtest3  (cost=0.43..8.45 rows=1 width=121)
	  Index Cond: (id = 6097378)

table 4 : explain SELECT c FROM sbtest4 WHERE id=2642895
	Index Scan using sbtest4_pkey on sbtest4  (cost=0.43..8.45 rows=1 width=121)
	  Index Cond: (id = 2642895)

table 5 : explain SELECT c FROM sbtest5 WHERE id=853647
	Index Scan using sbtest5_pkey on sbtest5  (cost=0.43..8.45 rows=1 width=121)
	  Index Cond: (id = 853647)

table 6 : explain SELECT c FROM sbtest6 WHERE id=9194602
	Index Scan using sbtest6_pkey on sbtest6  (cost=0.43..8.45 rows=1 width=121)
	  Index Cond: (id = 9194602)

table 7 : explain SELECT c FROM sbtest7 WHERE id=2887439
	Index Scan using sbtest7_pkey on sbtest7  (cost=0.43..8.45 rows=1 width=121)
	  Index Cond: (id = 2887439)

table 8 : explain SELECT c FROM sbtest8 WHERE id=8074604
	Index Scan using sbtest8_pkey on sbtest8  (cost=0.43..8.45 rows=1 width=121)
	  Index Cond: (id = 8074604)

explain: for point_selects :: explain SELECT c FROM sbtest%u WHERE id=%u
explain: for point_selects :: explain SELECT c FROM sbtest%u WHERE id=%u
explain: for point_selects :: explain SELECT c FROM sbtest%u WHERE id=%u
for point_selects
table 1 : explain SELECT c FROM sbtest1 WHERE id=6308701
	Index Scan using sbtest1_pkey on sbtest1  (cost=0.43..8.45 rows=1 width=121)
	  Index Cond: (id = 6308701)

table 2 : explain SELECT c FROM sbtest2 WHERE id=933228
	Index Scan using sbtest2_pkey on sbtest2  (cost=0.43..8.45 rows=1 width=121)
	  Index Cond: (id = 933228)

table 3 : explain SELECT c FROM sbtest3 WHERE id=4656479
	Index Scan using sbtest3_pkey on sbtest3  (cost=0.43..8.45 rows=1 width=121)
	  Index Cond: (id = 4656479)

table 4 : explain SELECT c FROM sbtest4 WHERE id=4199308
	Index Scan using sbtest4_pkey on sbtest4  (cost=0.43..8.45 rows=1 width=121)
	  Index Cond: (id = 4199308)

table 5 : explain SELECT c FROM sbtest5 WHERE id=8737637
	Index Scan using sbtest5_pkey on sbtest5  (cost=0.43..8.45 rows=1 width=121)
	  Index Cond: (id = 8737637)

table 6 : explain SELECT c FROM sbtest6 WHERE id=6325713
	Index Scan using sbtest6_pkey on sbtest6  (cost=0.43..8.45 rows=1 width=121)
	  Index Cond: (id = 6325713)

table 7 : explain SELECT c FROM sbtest7 WHERE id=9386114
	Index Scan using sbtest7_pkey on sbtest7  (cost=0.43..8.45 rows=1 width=121)
	  Index Cond: (id = 9386114)

table 8 : explain SELECT c FROM sbtest8 WHERE id=8115360
	Index Scan using sbtest8_pkey on sbtest8  (cost=0.43..8.45 rows=1 width=121)
	  Index Cond: (id = 8115360)

for point_selects
table 1 : explain SELECT c FROM sbtest1 WHERE id=1955808
	Index Scan using sbtest1_pkey on sbtest1  (cost=0.43..8.45 rows=1 width=121)
	  Index Cond: (id = 1955808)

table 2 : explain SELECT c FROM sbtest2 WHERE id=6793696
	Index Scan using sbtest2_pkey on sbtest2  (cost=0.43..8.45 rows=1 width=121)
	  Index Cond: (id = 6793696)

table 3 : explain SELECT c FROM sbtest3 WHERE id=3510379
	Index Scan using sbtest3_pkey on sbtest3  (cost=0.43..8.45 rows=1 width=121)
	  Index Cond: (id = 3510379)

table 4 : explain SELECT c FROM sbtest4 WHERE id=1943616
	Index Scan using sbtest4_pkey on sbtest4  (cost=0.43..8.45 rows=1 width=121)
	  Index Cond: (id = 1943616)

table 5 : explain SELECT c FROM sbtest5 WHERE id=5953088
	Index Scan using sbtest5_pkey on sbtest5  (cost=0.43..8.45 rows=1 width=121)
	  Index Cond: (id = 5953088)

table 6 : explain SELECT c FROM sbtest6 WHERE id=3732004
	Index Scan using sbtest6_pkey on sbtest6  (cost=0.43..8.45 rows=1 width=121)
	  Index Cond: (id = 3732004)

table 7 : explain SELECT c FROM sbtest7 WHERE id=9893407
	Index Scan using sbtest7_pkey on sbtest7  (cost=0.43..8.45 rows=1 width=121)
	  Index Cond: (id = 9893407)

table 8 : explain SELECT c FROM sbtest8 WHERE id=877232
	Index Scan using sbtest8_pkey on sbtest8  (cost=0.43..8.45 rows=1 width=121)
	  Index Cond: (id = 877232)

explain: for point_selects :: explain SELECT c FROM sbtest%u WHERE id=%u
explain: for point_selects :: explain SELECT c FROM sbtest%u WHERE id=%u
for point_selects
table 1 : explain SELECT c FROM sbtest1 WHERE id=8543469
	Index Scan using sbtest1_pkey on sbtest1  (cost=0.43..8.45 rows=1 width=121)
	  Index Cond: (id = 8543469)

table 2 : explain SELECT c FROM sbtest2 WHERE id=9234314
	Index Scan using sbtest2_pkey on sbtest2  (cost=0.43..8.45 rows=1 width=121)
	  Index Cond: (id = 9234314)

table 3 : explain SELECT c FROM sbtest3 WHERE id=551391
	Index Scan using sbtest3_pkey on sbtest3  (cost=0.43..8.45 rows=1 width=121)
	  Index Cond: (id = 551391)

table 4 : explain SELECT c FROM sbtest4 WHERE id=4151040
	Index Scan using sbtest4_pkey on sbtest4  (cost=0.43..8.45 rows=1 width=121)
	  Index Cond: (id = 4151040)

table 5 : explain SELECT c FROM sbtest5 WHERE id=8473271
	Index Scan using sbtest5_pkey on sbtest5  (cost=0.43..8.45 rows=1 width=121)
	  Index Cond: (id = 8473271)

table 6 : explain SELECT c FROM sbtest6 WHERE id=1303460
	Index Scan using sbtest6_pkey on sbtest6  (cost=0.43..8.45 rows=1 width=121)
	  Index Cond: (id = 1303460)

table 7 : explain SELECT c FROM sbtest7 WHERE id=9971612
	Index Scan using sbtest7_pkey on sbtest7  (cost=0.43..8.45 rows=1 width=121)
	  Index Cond: (id = 9971612)

table 8 : explain SELECT c FROM sbtest8 WHERE id=258990
	Index Scan using sbtest8_pkey on sbtest8  (cost=0.43..8.45 rows=1 width=121)
	  Index Cond: (id = 258990)

explain: for point_selects :: explain SELECT c FROM sbtest%u WHERE id=%u
for point_selects
table 1 : explain SELECT c FROM sbtest1 WHERE id=8664159
	Index Scan using sbtest1_pkey on sbtest1  (cost=0.43..8.45 rows=1 width=121)
	  Index Cond: (id = 8664159)

table 2 : explain SELECT c FROM sbtest2 WHERE id=1184822
	Index Scan using sbtest2_pkey on sbtest2  (cost=0.43..8.45 rows=1 width=121)
	  Index Cond: (id = 1184822)

table 3 : explain SELECT c FROM sbtest3 WHERE id=9985359
	Index Scan using sbtest3_pkey on sbtest3  (cost=0.43..8.45 rows=1 width=121)
	  Index Cond: (id = 9985359)

table 4 : explain SELECT c FROM sbtest4 WHERE id=7991244
	Index Scan using sbtest4_pkey on sbtest4  (cost=0.43..8.45 rows=1 width=121)
	  Index Cond: (id = 7991244)

table 5 : explain SELECT c FROM sbtest5 WHERE id=8997365
	Index Scan using sbtest5_pkey on sbtest5  (cost=0.43..8.45 rows=1 width=121)
	  Index Cond: (id = 8997365)

table 6 : explain SELECT c FROM sbtest6 WHERE id=3478545
	Index Scan using sbtest6_pkey on sbtest6  (cost=0.43..8.45 rows=1 width=121)
	  Index Cond: (id = 3478545)

table 7 : explain SELECT c FROM sbtest7 WHERE id=9277779
	Index Scan using sbtest7_pkey on sbtest7  (cost=0.43..8.45 rows=1 width=121)
	  Index Cond: (id = 9277779)

table 8 : explain SELECT c FROM sbtest8 WHERE id=8589624
	Index Scan using sbtest8_pkey on sbtest8  (cost=0.43..8.45 rows=1 width=121)
	  Index Cond: (id = 8589624)

for point_selects
table 1 : explain SELECT c FROM sbtest1 WHERE id=6539116
	Index Scan using sbtest1_pkey on sbtest1  (cost=0.43..8.45 rows=1 width=121)
	  Index Cond: (id = 6539116)

table 2 : explain SELECT c FROM sbtest2 WHERE id=3350278
	Index Scan using sbtest2_pkey on sbtest2  (cost=0.43..8.45 rows=1 width=121)
	  Index Cond: (id = 3350278)

table 3 : explain SELECT c FROM sbtest3 WHERE id=6546303
	Index Scan using sbtest3_pkey on sbtest3  (cost=0.43..8.45 rows=1 width=121)
	  Index Cond: (id = 6546303)

table 4 : explain SELECT c FROM sbtest4 WHERE id=1841511
	Index Scan using sbtest4_pkey on sbtest4  (cost=0.43..8.45 rows=1 width=121)
	  Index Cond: (id = 1841511)

table 5 : explain SELECT c FROM sbtest5 WHERE id=2764081
	Index Scan using sbtest5_pkey on sbtest5  (cost=0.43..8.45 rows=1 width=121)
	  Index Cond: (id = 2764081)

table 6 : explain SELECT c FROM sbtest6 WHERE id=9712606
	Index Scan using sbtest6_pkey on sbtest6  (cost=0.43..8.45 rows=1 width=121)
	  Index Cond: (id = 9712606)

table 7 : explain SELECT c FROM sbtest7 WHERE id=6103673
	Index Scan using sbtest7_pkey on sbtest7  (cost=0.43..8.45 rows=1 width=121)
	  Index Cond: (id = 6103673)

table 8 : explain SELECT c FROM sbtest8 WHERE id=7774997
	Index Scan using sbtest8_pkey on sbtest8  (cost=0.43..8.45 rows=1 width=121)
	  Index Cond: (id = 7774997)

for point_selects
table 1 : explain SELECT c FROM sbtest1 WHERE id=116085
	Index Scan using sbtest1_pkey on sbtest1  (cost=0.43..8.45 rows=1 width=121)
	  Index Cond: (id = 116085)

table 2 : explain SELECT c FROM sbtest2 WHERE id=5626294
	Index Scan using sbtest2_pkey on sbtest2  (cost=0.43..8.45 rows=1 width=121)
	  Index Cond: (id = 5626294)

table 3 : explain SELECT c FROM sbtest3 WHERE id=5217082
	Index Scan using sbtest3_pkey on sbtest3  (cost=0.43..8.45 rows=1 width=121)
	  Index Cond: (id = 5217082)

table 4 : explain SELECT c FROM sbtest4 WHERE id=2460060
	Index Scan using sbtest4_pkey on sbtest4  (cost=0.43..8.45 rows=1 width=121)
	  Index Cond: (id = 2460060)

table 5 : explain SELECT c FROM sbtest5 WHERE id=8649300
	Index Scan using sbtest5_pkey on sbtest5  (cost=0.43..8.45 rows=1 width=121)
	  Index Cond: (id = 8649300)

table 6 : explain SELECT c FROM sbtest6 WHERE id=5608674
	Index Scan using sbtest6_pkey on sbtest6  (cost=0.43..8.45 rows=1 width=121)
	  Index Cond: (id = 5608674)

table 7 : explain SELECT c FROM sbtest7 WHERE id=9430966
	Index Scan using sbtest7_pkey on sbtest7  (cost=0.43..8.45 rows=1 width=121)
	  Index Cond: (id = 9430966)

table 8 : explain SELECT c FROM sbtest8 WHERE id=9248123
	Index Scan using sbtest8_pkey on sbtest8  (cost=0.43..8.45 rows=1 width=121)
	  Index Cond: (id = 9248123)

explain: for point_selects :: explain SELECT c FROM sbtest%u WHERE id=%u
for point_selects
table 1 : explain SELECT c FROM sbtest1 WHERE id=8420366
	Index Scan using sbtest1_pkey on sbtest1  (cost=0.43..8.45 rows=1 width=121)
	  Index Cond: (id = 8420366)

table 2 : explain SELECT c FROM sbtest2 WHERE id=4161157
	Index Scan using sbtest2_pkey on sbtest2  (cost=0.43..8.45 rows=1 width=121)
	  Index Cond: (id = 4161157)

table 3 : explain SELECT c FROM sbtest3 WHERE id=6633847
	Index Scan using sbtest3_pkey on sbtest3  (cost=0.43..8.45 rows=1 width=121)
	  Index Cond: (id = 6633847)

table 4 : explain SELECT c FROM sbtest4 WHERE id=1536095
	Index Scan using sbtest4_pkey on sbtest4  (cost=0.43..8.45 rows=1 width=121)
	  Index Cond: (id = 1536095)

table 5 : explain SELECT c FROM sbtest5 WHERE id=8854530
	Index Scan using sbtest5_pkey on sbtest5  (cost=0.43..8.45 rows=1 width=121)
	  Index Cond: (id = 8854530)

table 6 : explain SELECT c FROM sbtest6 WHERE id=8410792
	Index Scan using sbtest6_pkey on sbtest6  (cost=0.43..8.45 rows=1 width=121)
	  Index Cond: (id = 8410792)

table 7 : explain SELECT c FROM sbtest7 WHERE id=2765217
	Index Scan using sbtest7_pkey on sbtest7  (cost=0.43..8.45 rows=1 width=121)
	  Index Cond: (id = 2765217)

table 8 : explain SELECT c FROM sbtest8 WHERE id=2193814
	Index Scan using sbtest8_pkey on sbtest8  (cost=0.43..8.45 rows=1 width=121)
	  Index Cond: (id = 2193814)

for point_selects
table 1 : explain SELECT c FROM sbtest1 WHERE id=6135285
	Index Scan using sbtest1_pkey on sbtest1  (cost=0.43..8.45 rows=1 width=121)
	  Index Cond: (id = 6135285)

table 2 : explain SELECT c FROM sbtest2 WHERE id=2839561
	Index Scan using sbtest2_pkey on sbtest2  (cost=0.43..8.45 rows=1 width=121)
	  Index Cond: (id = 2839561)

table 3 : explain SELECT c FROM sbtest3 WHERE id=9634264
	Index Scan using sbtest3_pkey on sbtest3  (cost=0.43..8.45 rows=1 width=121)
	  Index Cond: (id = 9634264)

table 4 : explain SELECT c FROM sbtest4 WHERE id=8309383
	Index Scan using sbtest4_pkey on sbtest4  (cost=0.43..8.45 rows=1 width=121)
	  Index Cond: (id = 8309383)

table 5 : explain SELECT c FROM sbtest5 WHERE id=1124413
	Index Scan using sbtest5_pkey on sbtest5  (cost=0.43..8.45 rows=1 width=121)
	  Index Cond: (id = 1124413)

table 6 : explain SELECT c FROM sbtest6 WHERE id=7142918
	Index Scan using sbtest6_pkey on sbtest6  (cost=0.43..8.45 rows=1 width=121)
	  Index Cond: (id = 7142918)

table 7 : explain SELECT c FROM sbtest7 WHERE id=7628047
	Index Scan using sbtest7_pkey on sbtest7  (cost=0.43..8.45 rows=1 width=121)
	  Index Cond: (id = 7628047)

table 8 : explain SELECT c FROM sbtest8 WHERE id=5463326
	Index Scan using sbtest8_pkey on sbtest8  (cost=0.43..8.45 rows=1 width=121)
	  Index Cond: (id = 5463326)
explain: for point_selects :: explain SELECT c FROM sbtest%u WHERE id=%u

explain: for point_selects :: explain SELECT c FROM sbtest%u WHERE id=%u
explain: for point_selects :: explain SELECT c FROM sbtest%u WHERE id=%u
for point_selects
table 1 : explain SELECT c FROM sbtest1 WHERE id=5958973
	Index Scan using sbtest1_pkey on sbtest1  (cost=0.43..8.45 rows=1 width=121)
	  Index Cond: (id = 5958973)

table 2 : explain SELECT c FROM sbtest2 WHERE id=9716536
	Index Scan using sbtest2_pkey on sbtest2  (cost=0.43..8.45 rows=1 width=121)
	  Index Cond: (id = 9716536)

table 3 : explain SELECT c FROM sbtest3 WHERE id=760005
	Index Scan using sbtest3_pkey on sbtest3  (cost=0.43..8.45 rows=1 width=121)
	  Index Cond: (id = 760005)

table 4 : explain SELECT c FROM sbtest4 WHERE id=5764440
	Index Scan using sbtest4_pkey on sbtest4  (cost=0.43..8.45 rows=1 width=121)
	  Index Cond: (id = 5764440)

table 5 : explain SELECT c FROM sbtest5 WHERE id=1872041
	Index Scan using sbtest5_pkey on sbtest5  (cost=0.43..8.45 rows=1 width=121)
	  Index Cond: (id = 1872041)

table 6 : explain SELECT c FROM sbtest6 WHERE id=6560520
	Index Scan using sbtest6_pkey on sbtest6  (cost=0.43..8.45 rows=1 width=121)
	  Index Cond: (id = 6560520)

table 7 : explain SELECT c FROM sbtest7 WHERE id=6433769
	Index Scan using sbtest7_pkey on sbtest7  (cost=0.43..8.45 rows=1 width=121)
	  Index Cond: (id = 6433769)

table 8 : explain SELECT c FROM sbtest8 WHERE id=7508494
	Index Scan using sbtest8_pkey on sbtest8  (cost=0.43..8.45 rows=1 width=121)
	  Index Cond: (id = 7508494)

explain: for point_selects :: explain SELECT c FROM sbtest%u WHERE id=%u
for point_selects
table 1 : explain SELECT c FROM sbtest1 WHERE id=4393194
	Index Scan using sbtest1_pkey on sbtest1  (cost=0.43..8.45 rows=1 width=121)
	  Index Cond: (id = 4393194)

table 2 : explain SELECT c FROM sbtest2 WHERE id=1370862
	Index Scan using sbtest2_pkey on sbtest2  (cost=0.43..8.45 rows=1 width=121)
	  Index Cond: (id = 1370862)

table 3 : explain SELECT c FROM sbtest3 WHERE id=5346008
	Index Scan using sbtest3_pkey on sbtest3  (cost=0.43..8.45 rows=1 width=121)
	  Index Cond: (id = 5346008)

table 4 : explain SELECT c FROM sbtest4 WHERE id=6278531
	Index Scan using sbtest4_pkey on sbtest4  (cost=0.43..8.45 rows=1 width=121)
	  Index Cond: (id = 6278531)

table 5 : explain SELECT c FROM sbtest5 WHERE id=3112360
	Index Scan using sbtest5_pkey on sbtest5  (cost=0.43..8.45 rows=1 width=121)
	  Index Cond: (id = 3112360)

table 6 : explain SELECT c FROM sbtest6 WHERE id=2348940
	Index Scan using sbtest6_pkey on sbtest6  (cost=0.43..8.45 rows=1 width=121)
	  Index Cond: (id = 2348940)

table 7 : explain SELECT c FROM sbtest7 WHERE id=5983559
	Index Scan using sbtest7_pkey on sbtest7  (cost=0.43..8.45 rows=1 width=121)
	  Index Cond: (id = 5983559)

table 8 : explain SELECT c FROM sbtest8 WHERE id=4897163
	Index Scan using sbtest8_pkey on sbtest8  (cost=0.43..8.45 rows=1 width=121)
	  Index Cond: (id = 4897163)

for point_selects
table 1 : explain SELECT c FROM sbtest1 WHERE id=5581448
	Index Scan using sbtest1_pkey on sbtest1  (cost=0.43..8.45 rows=1 width=121)
	  Index Cond: (id = 5581448)

table 2 : explain SELECT c FROM sbtest2 WHERE id=2888600
	Index Scan using sbtest2_pkey on sbtest2  (cost=0.43..8.45 rows=1 width=121)
	  Index Cond: (id = 2888600)

table 3 : explain SELECT c FROM sbtest3 WHERE id=3977791
	Index Scan using sbtest3_pkey on sbtest3  (cost=0.43..8.45 rows=1 width=121)
	  Index Cond: (id = 3977791)

table 4 : explain SELECT c FROM sbtest4 WHERE id=2720257
	Index Scan using sbtest4_pkey on sbtest4  (cost=0.43..8.45 rows=1 width=121)
	  Index Cond: (id = 2720257)

table 5 : explain SELECT c FROM sbtest5 WHERE id=2760622
	Index Scan using sbtest5_pkey on sbtest5  (cost=0.43..8.45 rows=1 width=121)
	  Index Cond: (id = 2760622)

table 6 : explain SELECT c FROM sbtest6 WHERE id=9960793
	Index Scan using sbtest6_pkey on sbtest6  (cost=0.43..8.45 rows=1 width=121)
	  Index Cond: (id = 9960793)

table 7 : explain SELECT c FROM sbtest7 WHERE id=7042209
	Index Scan using sbtest7_pkey on sbtest7  (cost=0.43..8.45 rows=1 width=121)
	  Index Cond: (id = 7042209)

table 8 : explain SELECT c FROM sbtest8 WHERE id=163543
	Index Scan using sbtest8_pkey on sbtest8  (cost=0.43..8.45 rows=1 width=121)
	  Index Cond: (id = 163543)

explain: for point_selects :: explain SELECT c FROM sbtest%u WHERE id=%u
explain: for point_selects :: explain SELECT c FROM sbtest%u WHERE id=%u
for point_selects
table 1 : explain SELECT c FROM sbtest1 WHERE id=3871534
	Index Scan using sbtest1_pkey on sbtest1  (cost=0.43..8.45 rows=1 width=121)
	  Index Cond: (id = 3871534)

table 2 : explain SELECT c FROM sbtest2 WHERE id=564006
	Index Scan using sbtest2_pkey on sbtest2  (cost=0.43..8.45 rows=1 width=121)
	  Index Cond: (id = 564006)

table 3 : explain SELECT c FROM sbtest3 WHERE id=4043785
	Index Scan using sbtest3_pkey on sbtest3  (cost=0.43..8.45 rows=1 width=121)
	  Index Cond: (id = 4043785)

table 4 : explain SELECT c FROM sbtest4 WHERE id=281836
	Index Scan using sbtest4_pkey on sbtest4  (cost=0.43..8.45 rows=1 width=121)
	  Index Cond: (id = 281836)

table 5 : explain SELECT c FROM sbtest5 WHERE id=8943732
	Index Scan using sbtest5_pkey on sbtest5  (cost=0.43..8.45 rows=1 width=121)
	  Index Cond: (id = 8943732)

table 6 : explain SELECT c FROM sbtest6 WHERE id=5071381
	Index Scan using sbtest6_pkey on sbtest6  (cost=0.43..8.45 rows=1 width=121)
	  Index Cond: (id = 5071381)

table 7 : explain SELECT c FROM sbtest7 WHERE id=7634436
	Index Scan using sbtest7_pkey on sbtest7  (cost=0.43..8.45 rows=1 width=121)
	  Index Cond: (id = 7634436)

table 8 : explain SELECT c FROM sbtest8 WHERE id=8038556
	Index Scan using sbtest8_pkey on sbtest8  (cost=0.43..8.45 rows=1 width=121)
	  Index Cond: (id = 8038556)

explain: for point_selects :: explain SELECT c FROM sbtest%u WHERE id=%u
for point_selects
table 1 : explain SELECT c FROM sbtest1 WHERE id=2057115
	Index Scan using sbtest1_pkey on sbtest1  (cost=0.43..8.45 rows=1 width=121)
	  Index Cond: (id = 2057115)

table 2 : explain SELECT c FROM sbtest2 WHERE id=8563478
	Index Scan using sbtest2_pkey on sbtest2  (cost=0.43..8.45 rows=1 width=121)
	  Index Cond: (id = 8563478)

table 3 : explain SELECT c FROM sbtest3 WHERE id=5659729
	Index Scan using sbtest3_pkey on sbtest3  (cost=0.43..8.45 rows=1 width=121)
	  Index Cond: (id = 5659729)

table 4 : explain SELECT c FROM sbtest4 WHERE id=7080397
	Index Scan using sbtest4_pkey on sbtest4  (cost=0.43..8.45 rows=1 width=121)
	  Index Cond: (id = 7080397)

table 5 : explain SELECT c FROM sbtest5 WHERE id=2342479
	Index Scan using sbtest5_pkey on sbtest5  (cost=0.43..8.45 rows=1 width=121)
	  Index Cond: (id = 2342479)

table 6 : explain SELECT c FROM sbtest6 WHERE id=88823
	Index Scan using sbtest6_pkey on sbtest6  (cost=0.43..8.45 rows=1 width=121)
	  Index Cond: (id = 88823)

table 7 : explain SELECT c FROM sbtest7 WHERE id=5616225
	Index Scan using sbtest7_pkey on sbtest7  (cost=0.43..8.45 rows=1 width=121)
	  Index Cond: (id = 5616225)

table 8 : explain SELECT c FROM sbtest8 WHERE id=9803225
	Index Scan using sbtest8_pkey on sbtest8  (cost=0.43..8.45 rows=1 width=121)
	  Index Cond: (id = 9803225)

explain: for point_selects :: explain SELECT c FROM sbtest%u WHERE id=%u
explain: for point_selects :: explain SELECT c FROM sbtest%u WHERE id=%u
for point_selects
table 1 : explain SELECT c FROM sbtest1 WHERE id=5968703
	Index Scan using sbtest1_pkey on sbtest1  (cost=0.43..8.45 rows=1 width=121)
	  Index Cond: (id = 5968703)

table 2 : explain SELECT c FROM sbtest2 WHERE id=9038951
	Index Scan using sbtest2_pkey on sbtest2  (cost=0.43..8.45 rows=1 width=121)
	  Index Cond: (id = 9038951)

table 3 : explain SELECT c FROM sbtest3 WHERE id=2264167
	Index Scan using sbtest3_pkey on sbtest3  (cost=0.43..8.45 rows=1 width=121)
	  Index Cond: (id = 2264167)

table 4 : explain SELECT c FROM sbtest4 WHERE id=8015647
	Index Scan using sbtest4_pkey on sbtest4  (cost=0.43..8.45 rows=1 width=121)
	  Index Cond: (id = 8015647)

table 5 : explain SELECT c FROM sbtest5 WHERE id=8701878
	Index Scan using sbtest5_pkey on sbtest5  (cost=0.43..8.45 rows=1 width=121)
	  Index Cond: (id = 8701878)

table 6 : explain SELECT c FROM sbtest6 WHERE id=5455929
	Index Scan using sbtest6_pkey on sbtest6  (cost=0.43..8.45 rows=1 width=121)
	  Index Cond: (id = 5455929)

table 7 : explain SELECT c FROM sbtest7 WHERE id=8316584
	Index Scan using sbtest7_pkey on sbtest7  (cost=0.43..8.45 rows=1 width=121)
	  Index Cond: (id = 8316584)

table 8 : explain SELECT c FROM sbtest8 WHERE id=3010194
	Index Scan using sbtest8_pkey on sbtest8  (cost=0.43..8.45 rows=1 width=121)
	  Index Cond: (id = 3010194)

for point_selects
table 1 : explain SELECT c FROM sbtest1 WHERE id=3826717
	Index Scan using sbtest1_pkey on sbtest1  (cost=0.43..8.45 rows=1 width=121)
	  Index Cond: (id = 3826717)

table 2 : explain SELECT c FROM sbtest2 WHERE id=9930789
	Index Scan using sbtest2_pkey on sbtest2  (cost=0.43..8.45 rows=1 width=121)
	  Index Cond: (id = 9930789)

table 3 : explain SELECT c FROM sbtest3 WHERE id=4656567
	Index Scan using sbtest3_pkey on sbtest3  (cost=0.43..8.45 rows=1 width=121)
	  Index Cond: (id = 4656567)

table 4 : explain SELECT c FROM sbtest4 WHERE id=8280559
	Index Scan using sbtest4_pkey on sbtest4  (cost=0.43..8.45 rows=1 width=121)
	  Index Cond: (id = 8280559)

table 5 : explain SELECT c FROM sbtest5 WHERE id=7260659
	Index Scan using sbtest5_pkey on sbtest5  (cost=0.43..8.45 rows=1 width=121)
	  Index Cond: (id = 7260659)

table 6 : explain SELECT c FROM sbtest6 WHERE id=359110
	Index Scan using sbtest6_pkey on sbtest6  (cost=0.43..8.45 rows=1 width=121)
	  Index Cond: (id = 359110)

table 7 : explain SELECT c FROM sbtest7 WHERE id=450244
	Index Scan using sbtest7_pkey on sbtest7  (cost=0.43..8.45 rows=1 width=121)
	  Index Cond: (id = 450244)

table 8 : explain SELECT c FROM sbtest8 WHERE id=6986644
	Index Scan using sbtest8_pkey on sbtest8  (cost=0.43..8.45 rows=1 width=121)
	  Index Cond: (id = 6986644)

for point_selects
table 1 : explain SELECT c FROM sbtest1 WHERE id=8322766
	Index Scan using sbtest1_pkey on sbtest1  (cost=0.43..8.45 rows=1 width=121)
	  Index Cond: (id = 8322766)

table 2 : explain SELECT c FROM sbtest2 WHERE id=2496184
	Index Scan using sbtest2_pkey on sbtest2  (cost=0.43..8.45 rows=1 width=121)
	  Index Cond: (id = 2496184)

table 3 : explain SELECT c FROM sbtest3 WHERE id=1299155
	Index Scan using sbtest3_pkey on sbtest3  (cost=0.43..8.45 rows=1 width=121)
	  Index Cond: (id = 1299155)

table 4 : explain SELECT c FROM sbtest4 WHERE id=2186711
	Index Scan using sbtest4_pkey on sbtest4  (cost=0.43..8.45 rows=1 width=121)
	  Index Cond: (id = 2186711)

table 5 : explain SELECT c FROM sbtest5 WHERE id=3723464
	Index Scan using sbtest5_pkey on sbtest5  (cost=0.43..8.45 rows=1 width=121)
	  Index Cond: (id = 3723464)

table 6 : explain SELECT c FROM sbtest6 WHERE id=6650624
	Index Scan using sbtest6_pkey on sbtest6  (cost=0.43..8.45 rows=1 width=121)
	  Index Cond: (id = 6650624)

table 7 : explain SELECT c FROM sbtest7 WHERE id=6253706
	Index Scan using sbtest7_pkey on sbtest7  (cost=0.43..8.45 rows=1 width=121)
	  Index Cond: (id = 6253706)

table 8 : explain SELECT c FROM sbtest8 WHERE id=1034845
	Index Scan using sbtest8_pkey on sbtest8  (cost=0.43..8.45 rows=1 width=121)
	  Index Cond: (id = 1034845)

for point_selects
table 1 : explain SELECT c FROM sbtest1 WHERE id=2457358
	Index Scan using sbtest1_pkey on sbtest1  (cost=0.43..8.45 rows=1 width=121)
	  Index Cond: (id = 2457358)

table 2 : explain SELECT c FROM sbtest2 WHERE id=1477470
	Index Scan using sbtest2_pkey on sbtest2  (cost=0.43..8.45 rows=1 width=121)
	  Index Cond: (id = 1477470)

table 3 : explain SELECT c FROM sbtest3 WHERE id=1182188
	Index Scan using sbtest3_pkey on sbtest3  (cost=0.43..8.45 rows=1 width=121)
	  Index Cond: (id = 1182188)

table 4 : explain SELECT c FROM sbtest4 WHERE id=7176564
	Index Scan using sbtest4_pkey on sbtest4  (cost=0.43..8.45 rows=1 width=121)
	  Index Cond: (id = 7176564)

table 5 : explain SELECT c FROM sbtest5 WHERE id=7208323
	Index Scan using sbtest5_pkey on sbtest5  (cost=0.43..8.45 rows=1 width=121)
	  Index Cond: (id = 7208323)

table 6 : explain SELECT c FROM sbtest6 WHERE id=7793375
	Index Scan using sbtest6_pkey on sbtest6  (cost=0.43..8.45 rows=1 width=121)
	  Index Cond: (id = 7793375)

table 7 : explain SELECT c FROM sbtest7 WHERE id=1381418
	Index Scan using sbtest7_pkey on sbtest7  (cost=0.43..8.45 rows=1 width=121)
	  Index Cond: (id = 1381418)

table 8 : explain SELECT c FROM sbtest8 WHERE id=8146324
	Index Scan using sbtest8_pkey on sbtest8  (cost=0.43..8.45 rows=1 width=121)
	  Index Cond: (id = 8146324)

for point_selects
table 1 : explain SELECT c FROM sbtest1 WHERE id=3380065
	Index Scan using sbtest1_pkey on sbtest1  (cost=0.43..8.45 rows=1 width=121)
	  Index Cond: (id = 3380065)

table 2 : explain SELECT c FROM sbtest2 WHERE id=1296037
	Index Scan using sbtest2_pkey on sbtest2  (cost=0.43..8.45 rows=1 width=121)
	  Index Cond: (id = 1296037)

table 3 : explain SELECT c FROM sbtest3 WHERE id=1088806
	Index Scan using sbtest3_pkey on sbtest3  (cost=0.43..8.45 rows=1 width=121)
	  Index Cond: (id = 1088806)

table 4 : explain SELECT c FROM sbtest4 WHERE id=3201618
	Index Scan using sbtest4_pkey on sbtest4  (cost=0.43..8.45 rows=1 width=121)
	  Index Cond: (id = 3201618)

table 5 : explain SELECT c FROM sbtest5 WHERE id=2105742
	Index Scan using sbtest5_pkey on sbtest5  (cost=0.43..8.45 rows=1 width=121)
	  Index Cond: (id = 2105742)

table 6 : explain SELECT c FROM sbtest6 WHERE id=6522646
	Index Scan using sbtest6_pkey on sbtest6  (cost=0.43..8.45 rows=1 width=121)
	  Index Cond: (id = 6522646)

table 7 : explain SELECT c FROM sbtest7 WHERE id=4923417
	Index Scan using sbtest7_pkey on sbtest7  (cost=0.43..8.45 rows=1 width=121)
	  Index Cond: (id = 4923417)

table 8 : explain SELECT c FROM sbtest8 WHERE id=5721098
	Index Scan using sbtest8_pkey on sbtest8  (cost=0.43..8.45 rows=1 width=121)
	  Index Cond: (id = 5721098)

for point_selects
table 1 : explain SELECT c FROM sbtest1 WHERE id=8189578
	Index Scan using sbtest1_pkey on sbtest1  (cost=0.43..8.45 rows=1 width=121)
	  Index Cond: (id = 8189578)

table 2 : explain SELECT c FROM sbtest2 WHERE id=9803178
	Index Scan using sbtest2_pkey on sbtest2  (cost=0.43..8.45 rows=1 width=121)
	  Index Cond: (id = 9803178)

table 3 : explain SELECT c FROM sbtest3 WHERE id=68051
	Index Scan using sbtest3_pkey on sbtest3  (cost=0.43..8.45 rows=1 width=121)
	  Index Cond: (id = 68051)

table 4 : explain SELECT c FROM sbtest4 WHERE id=4943136
	Index Scan using sbtest4_pkey on sbtest4  (cost=0.43..8.45 rows=1 width=121)
	  Index Cond: (id = 4943136)

table 5 : explain SELECT c FROM sbtest5 WHERE id=9876863
	Index Scan using sbtest5_pkey on sbtest5  (cost=0.43..8.45 rows=1 width=121)
	  Index Cond: (id = 9876863)

table 6 : explain SELECT c FROM sbtest6 WHERE id=3738291
	Index Scan using sbtest6_pkey on sbtest6  (cost=0.43..8.45 rows=1 width=121)
	  Index Cond: (id = 3738291)

table 7 : explain SELECT c FROM sbtest7 WHERE id=7514044
	Index Scan using sbtest7_pkey on sbtest7  (cost=0.43..8.45 rows=1 width=121)
	  Index Cond: (id = 7514044)

table 8 : explain SELECT c FROM sbtest8 WHERE id=3986074
	Index Scan using sbtest8_pkey on sbtest8  (cost=0.43..8.45 rows=1 width=121)
	  Index Cond: (id = 3986074)

for point_selects
table 1 : explain SELECT c FROM sbtest1 WHERE id=6579261
	Index Scan using sbtest1_pkey on sbtest1  (cost=0.43..8.45 rows=1 width=121)
	  Index Cond: (id = 6579261)

table 2 : explain SELECT c FROM sbtest2 WHERE id=3628625
	Index Scan using sbtest2_pkey on sbtest2  (cost=0.43..8.45 rows=1 width=121)
	  Index Cond: (id = 3628625)

table 3 : explain SELECT c FROM sbtest3 WHERE id=4334356
	Index Scan using sbtest3_pkey on sbtest3  (cost=0.43..8.45 rows=1 width=121)
	  Index Cond: (id = 4334356)

table 4 : explain SELECT c FROM sbtest4 WHERE id=5706234
	Index Scan using sbtest4_pkey on sbtest4  (cost=0.43..8.45 rows=1 width=121)
	  Index Cond: (id = 5706234)

table 5 : explain SELECT c FROM sbtest5 WHERE id=3315811
	Index Scan using sbtest5_pkey on sbtest5  (cost=0.43..8.45 rows=1 width=121)
	  Index Cond: (id = 3315811)

table 6 : explain SELECT c FROM sbtest6 WHERE id=2588199
	Index Scan using sbtest6_pkey on sbtest6  (cost=0.43..8.45 rows=1 width=121)
	  Index Cond: (id = 2588199)

table 7 : explain SELECT c FROM sbtest7 WHERE id=6216228
	Index Scan using sbtest7_pkey on sbtest7  (cost=0.43..8.45 rows=1 width=121)
	  Index Cond: (id = 6216228)

table 8 : explain SELECT c FROM sbtest8 WHERE id=1298873
	Index Scan using sbtest8_pkey on sbtest8  (cost=0.43..8.45 rows=1 width=121)
	  Index Cond: (id = 1298873)

for point_selects
table 1 : explain SELECT c FROM sbtest1 WHERE id=1452075
	Index Scan using sbtest1_pkey on sbtest1  (cost=0.43..8.45 rows=1 width=121)
	  Index Cond: (id = 1452075)

table 2 : explain SELECT c FROM sbtest2 WHERE id=5966813
	Index Scan using sbtest2_pkey on sbtest2  (cost=0.43..8.45 rows=1 width=121)
	  Index Cond: (id = 5966813)

table 3 : explain SELECT c FROM sbtest3 WHERE id=176219
	Index Scan using sbtest3_pkey on sbtest3  (cost=0.43..8.45 rows=1 width=121)
	  Index Cond: (id = 176219)

table 4 : explain SELECT c FROM sbtest4 WHERE id=5447326
	Index Scan using sbtest4_pkey on sbtest4  (cost=0.43..8.45 rows=1 width=121)
	  Index Cond: (id = 5447326)

table 5 : explain SELECT c FROM sbtest5 WHERE id=7250728
	Index Scan using sbtest5_pkey on sbtest5  (cost=0.43..8.45 rows=1 width=121)
	  Index Cond: (id = 7250728)

table 6 : explain SELECT c FROM sbtest6 WHERE id=7629011
	Index Scan using sbtest6_pkey on sbtest6  (cost=0.43..8.45 rows=1 width=121)
	  Index Cond: (id = 7629011)

table 7 : explain SELECT c FROM sbtest7 WHERE id=8759467
	Index Scan using sbtest7_pkey on sbtest7  (cost=0.43..8.45 rows=1 width=121)
	  Index Cond: (id = 8759467)

table 8 : explain SELECT c FROM sbtest8 WHERE id=2108572
	Index Scan using sbtest8_pkey on sbtest8  (cost=0.43..8.45 rows=1 width=121)
	  Index Cond: (id = 2108572)

for point_selects
table 1 : explain SELECT c FROM sbtest1 WHERE id=5827826
	Index Scan using sbtest1_pkey on sbtest1  (cost=0.43..8.45 rows=1 width=121)
	  Index Cond: (id = 5827826)

table 2 : explain SELECT c FROM sbtest2 WHERE id=4424260
	Index Scan using sbtest2_pkey on sbtest2  (cost=0.43..8.45 rows=1 width=121)
	  Index Cond: (id = 4424260)

table 3 : explain SELECT c FROM sbtest3 WHERE id=7892438
	Index Scan using sbtest3_pkey on sbtest3  (cost=0.43..8.45 rows=1 width=121)
	  Index Cond: (id = 7892438)

table 4 : explain SELECT c FROM sbtest4 WHERE id=4450707
	Index Scan using sbtest4_pkey on sbtest4  (cost=0.43..8.45 rows=1 width=121)
	  Index Cond: (id = 4450707)

table 5 : explain SELECT c FROM sbtest5 WHERE id=5921264
	Index Scan using sbtest5_pkey on sbtest5  (cost=0.43..8.45 rows=1 width=121)
	  Index Cond: (id = 5921264)

table 6 : explain SELECT c FROM sbtest6 WHERE id=5749323
	Index Scan using sbtest6_pkey on sbtest6  (cost=0.43..8.45 rows=1 width=121)
	  Index Cond: (id = 5749323)

table 7 : explain SELECT c FROM sbtest7 WHERE id=1681255
	Index Scan using sbtest7_pkey on sbtest7  (cost=0.43..8.45 rows=1 width=121)
	  Index Cond: (id = 1681255)

table 8 : explain SELECT c FROM sbtest8 WHERE id=2470916
	Index Scan using sbtest8_pkey on sbtest8  (cost=0.43..8.45 rows=1 width=121)
	  Index Cond: (id = 2470916)

for point_selects
table 1 : explain SELECT c FROM sbtest1 WHERE id=3726611
	Index Scan using sbtest1_pkey on sbtest1  (cost=0.43..8.45 rows=1 width=121)
	  Index Cond: (id = 3726611)

table 2 : explain SELECT c FROM sbtest2 WHERE id=7435575
	Index Scan using sbtest2_pkey on sbtest2  (cost=0.43..8.45 rows=1 width=121)
	  Index Cond: (id = 7435575)

table 3 : explain SELECT c FROM sbtest3 WHERE id=1639678
	Index Scan using sbtest3_pkey on sbtest3  (cost=0.43..8.45 rows=1 width=121)
	  Index Cond: (id = 1639678)

table 4 : explain SELECT c FROM sbtest4 WHERE id=7686172
	Index Scan using sbtest4_pkey on sbtest4  (cost=0.43..8.45 rows=1 width=121)
	  Index Cond: (id = 7686172)

table 5 : explain SELECT c FROM sbtest5 WHERE id=48948
	Index Scan using sbtest5_pkey on sbtest5  (cost=0.43..8.45 rows=1 width=121)
	  Index Cond: (id = 48948)

table 6 : explain SELECT c FROM sbtest6 WHERE id=2368405
	Index Scan using sbtest6_pkey on sbtest6  (cost=0.43..8.45 rows=1 width=121)
	  Index Cond: (id = 2368405)

table 7 : explain SELECT c FROM sbtest7 WHERE id=9853403
	Index Scan using sbtest7_pkey on sbtest7  (cost=0.43..8.45 rows=1 width=121)
	  Index Cond: (id = 9853403)

table 8 : explain SELECT c FROM sbtest8 WHERE id=7524979
	Index Scan using sbtest8_pkey on sbtest8  (cost=0.43..8.45 rows=1 width=121)
	  Index Cond: (id = 7524979)

for point_selects
table 1 : explain SELECT c FROM sbtest1 WHERE id=7882855
	Index Scan using sbtest1_pkey on sbtest1  (cost=0.43..8.45 rows=1 width=121)
	  Index Cond: (id = 7882855)

table 2 : explain SELECT c FROM sbtest2 WHERE id=775788
	Index Scan using sbtest2_pkey on sbtest2  (cost=0.43..8.45 rows=1 width=121)
	  Index Cond: (id = 775788)

table 3 : explain SELECT c FROM sbtest3 WHERE id=9548378
	Index Scan using sbtest3_pkey on sbtest3  (cost=0.43..8.45 rows=1 width=121)
	  Index Cond: (id = 9548378)

table 4 : explain SELECT c FROM sbtest4 WHERE id=5922760
	Index Scan using sbtest4_pkey on sbtest4  (cost=0.43..8.45 rows=1 width=121)
	  Index Cond: (id = 5922760)

table 5 : explain SELECT c FROM sbtest5 WHERE id=6824812
	Index Scan using sbtest5_pkey on sbtest5  (cost=0.43..8.45 rows=1 width=121)
	  Index Cond: (id = 6824812)

table 6 : explain SELECT c FROM sbtest6 WHERE id=785828
	Index Scan using sbtest6_pkey on sbtest6  (cost=0.43..8.45 rows=1 width=121)
	  Index Cond: (id = 785828)

table 7 : explain SELECT c FROM sbtest7 WHERE id=7651086
	Index Scan using sbtest7_pkey on sbtest7  (cost=0.43..8.45 rows=1 width=121)
	  Index Cond: (id = 7651086)

table 8 : explain SELECT c FROM sbtest8 WHERE id=8736787
	Index Scan using sbtest8_pkey on sbtest8  (cost=0.43..8.45 rows=1 width=121)
	  Index Cond: (id = 8736787)

for point_selects
table 1 : explain SELECT c FROM sbtest1 WHERE id=9445758
	Index Scan using sbtest1_pkey on sbtest1  (cost=0.43..8.45 rows=1 width=121)
	  Index Cond: (id = 9445758)

table 2 : explain SELECT c FROM sbtest2 WHERE id=3610062
	Index Scan using sbtest2_pkey on sbtest2  (cost=0.43..8.45 rows=1 width=121)
	  Index Cond: (id = 3610062)

table 3 : explain SELECT c FROM sbtest3 WHERE id=6455230
	Index Scan using sbtest3_pkey on sbtest3  (cost=0.43..8.45 rows=1 width=121)
	  Index Cond: (id = 6455230)

table 4 : explain SELECT c FROM sbtest4 WHERE id=298726
	Index Scan using sbtest4_pkey on sbtest4  (cost=0.43..8.45 rows=1 width=121)
	  Index Cond: (id = 298726)

table 5 : explain SELECT c FROM sbtest5 WHERE id=6987633
	Index Scan using sbtest5_pkey on sbtest5  (cost=0.43..8.45 rows=1 width=121)
	  Index Cond: (id = 6987633)

table 6 : explain SELECT c FROM sbtest6 WHERE id=6642817
	Index Scan using sbtest6_pkey on sbtest6  (cost=0.43..8.45 rows=1 width=121)
	  Index Cond: (id = 6642817)

table 7 : explain SELECT c FROM sbtest7 WHERE id=8201038
	Index Scan using sbtest7_pkey on sbtest7  (cost=0.43..8.45 rows=1 width=121)
	  Index Cond: (id = 8201038)

table 8 : explain SELECT c FROM sbtest8 WHERE id=8131705
	Index Scan using sbtest8_pkey on sbtest8  (cost=0.43..8.45 rows=1 width=121)
	  Index Cond: (id = 8131705)

for point_selects
table 1 : explain SELECT c FROM sbtest1 WHERE id=591363
	Index Scan using sbtest1_pkey on sbtest1  (cost=0.43..8.45 rows=1 width=121)
	  Index Cond: (id = 591363)

table 2 : explain SELECT c FROM sbtest2 WHERE id=3126008
	Index Scan using sbtest2_pkey on sbtest2  (cost=0.43..8.45 rows=1 width=121)
	  Index Cond: (id = 3126008)

table 3 : explain SELECT c FROM sbtest3 WHERE id=3787018
	Index Scan using sbtest3_pkey on sbtest3  (cost=0.43..8.45 rows=1 width=121)
	  Index Cond: (id = 3787018)

table 4 : explain SELECT c FROM sbtest4 WHERE id=9886104
	Index Scan using sbtest4_pkey on sbtest4  (cost=0.43..8.45 rows=1 width=121)
	  Index Cond: (id = 9886104)

table 5 : explain SELECT c FROM sbtest5 WHERE id=8890743
	Index Scan using sbtest5_pkey on sbtest5  (cost=0.43..8.45 rows=1 width=121)
	  Index Cond: (id = 8890743)

table 6 : explain SELECT c FROM sbtest6 WHERE id=6495278
	Index Scan using sbtest6_pkey on sbtest6  (cost=0.43..8.45 rows=1 width=121)
	  Index Cond: (id = 6495278)

table 7 : explain SELECT c FROM sbtest7 WHERE id=421636
	Index Scan using sbtest7_pkey on sbtest7  (cost=0.43..8.45 rows=1 width=121)
	  Index Cond: (id = 421636)

table 8 : explain SELECT c FROM sbtest8 WHERE id=2155386
	Index Scan using sbtest8_pkey on sbtest8  (cost=0.43..8.45 rows=1 width=121)
	  Index Cond: (id = 2155386)

for point_selects
table 1 : explain SELECT c FROM sbtest1 WHERE id=6795085
	Index Scan using sbtest1_pkey on sbtest1  (cost=0.43..8.45 rows=1 width=121)
	  Index Cond: (id = 6795085)

table 2 : explain SELECT c FROM sbtest2 WHERE id=8785113
	Index Scan using sbtest2_pkey on sbtest2  (cost=0.43..8.45 rows=1 width=121)
	  Index Cond: (id = 8785113)

table 3 : explain SELECT c FROM sbtest3 WHERE id=3895986
	Index Scan using sbtest3_pkey on sbtest3  (cost=0.43..8.45 rows=1 width=121)
	  Index Cond: (id = 3895986)

table 4 : explain SELECT c FROM sbtest4 WHERE id=8979338
	Index Scan using sbtest4_pkey on sbtest4  (cost=0.43..8.45 rows=1 width=121)
	  Index Cond: (id = 8979338)

table 5 : explain SELECT c FROM sbtest5 WHERE id=1374003
	Index Scan using sbtest5_pkey on sbtest5  (cost=0.43..8.45 rows=1 width=121)
	  Index Cond: (id = 1374003)

table 6 : explain SELECT c FROM sbtest6 WHERE id=2706541
	Index Scan using sbtest6_pkey on sbtest6  (cost=0.43..8.45 rows=1 width=121)
	  Index Cond: (id = 2706541)

table 7 : explain SELECT c FROM sbtest7 WHERE id=294255
	Index Scan using sbtest7_pkey on sbtest7  (cost=0.43..8.45 rows=1 width=121)
	  Index Cond: (id = 294255)

table 8 : explain SELECT c FROM sbtest8 WHERE id=8851551
	Index Scan using sbtest8_pkey on sbtest8  (cost=0.43..8.45 rows=1 width=121)
	  Index Cond: (id = 8851551)

for point_selects
table 1 : explain SELECT c FROM sbtest1 WHERE id=6070979
	Index Scan using sbtest1_pkey on sbtest1  (cost=0.43..8.45 rows=1 width=121)
	  Index Cond: (id = 6070979)

table 2 : explain SELECT c FROM sbtest2 WHERE id=598312
	Index Scan using sbtest2_pkey on sbtest2  (cost=0.43..8.45 rows=1 width=121)
	  Index Cond: (id = 598312)

table 3 : explain SELECT c FROM sbtest3 WHERE id=9481790
	Index Scan using sbtest3_pkey on sbtest3  (cost=0.43..8.45 rows=1 width=121)
	  Index Cond: (id = 9481790)

table 4 : explain SELECT c FROM sbtest4 WHERE id=4807284
	Index Scan using sbtest4_pkey on sbtest4  (cost=0.43..8.45 rows=1 width=121)
	  Index Cond: (id = 4807284)

table 5 : explain SELECT c FROM sbtest5 WHERE id=9024990
	Index Scan using sbtest5_pkey on sbtest5  (cost=0.43..8.45 rows=1 width=121)
	  Index Cond: (id = 9024990)

table 6 : explain SELECT c FROM sbtest6 WHERE id=2042466
	Index Scan using sbtest6_pkey on sbtest6  (cost=0.43..8.45 rows=1 width=121)
	  Index Cond: (id = 2042466)

table 7 : explain SELECT c FROM sbtest7 WHERE id=3567626
	Index Scan using sbtest7_pkey on sbtest7  (cost=0.43..8.45 rows=1 width=121)
	  Index Cond: (id = 3567626)

table 8 : explain SELECT c FROM sbtest8 WHERE id=1538953
	Index Scan using sbtest8_pkey on sbtest8  (cost=0.43..8.45 rows=1 width=121)
	  Index Cond: (id = 1538953)

for point_selects
table 1 : explain SELECT c FROM sbtest1 WHERE id=4489319
	Index Scan using sbtest1_pkey on sbtest1  (cost=0.43..8.45 rows=1 width=121)
	  Index Cond: (id = 4489319)

table 2 : explain SELECT c FROM sbtest2 WHERE id=7548223
	Index Scan using sbtest2_pkey on sbtest2  (cost=0.43..8.45 rows=1 width=121)
	  Index Cond: (id = 7548223)

table 3 : explain SELECT c FROM sbtest3 WHERE id=5613993
	Index Scan using sbtest3_pkey on sbtest3  (cost=0.43..8.45 rows=1 width=121)
	  Index Cond: (id = 5613993)

table 4 : explain SELECT c FROM sbtest4 WHERE id=5407527
	Index Scan using sbtest4_pkey on sbtest4  (cost=0.43..8.45 rows=1 width=121)
	  Index Cond: (id = 5407527)

table 5 : explain SELECT c FROM sbtest5 WHERE id=7304389
	Index Scan using sbtest5_pkey on sbtest5  (cost=0.43..8.45 rows=1 width=121)
	  Index Cond: (id = 7304389)

table 6 : explain SELECT c FROM sbtest6 WHERE id=5537953
	Index Scan using sbtest6_pkey on sbtest6  (cost=0.43..8.45 rows=1 width=121)
	  Index Cond: (id = 5537953)

table 7 : explain SELECT c FROM sbtest7 WHERE id=8988894
	Index Scan using sbtest7_pkey on sbtest7  (cost=0.43..8.45 rows=1 width=121)
	  Index Cond: (id = 8988894)

table 8 : explain SELECT c FROM sbtest8 WHERE id=9981344
	Index Scan using sbtest8_pkey on sbtest8  (cost=0.43..8.45 rows=1 width=121)
	  Index Cond: (id = 9981344)

Threads started!

Warming up for 5 seconds...

SQL statistics:
    queries performed:
        read:                            706830203
        write:                           0
        other:                           0
        total:                           706830203
    transactions:                        706830203 (1121918.17 per sec.)
    queries:                             706830203 (1121918.17 per sec.)
    ignored errors:                      0      (0.00 per sec.)
    reconnects:                          0      (0.00 per sec.)

Throughput:
    events/s (eps):                      1121918.1668
    time elapsed:                        630.0195s
    total number of events:              706830203

Latency (ms):
         min:                                    0.03
         avg:                                    0.04
         max:                                   16.86
         95th percentile:                        0.04
         sum:                             25015012.17

Threads fairness:
    events (avg/stddev):           17670729.7500/238425.36
    execution time (avg/stddev):   625.3753/0.06

