LUA_PATH=/home/mdcallag/git/mytools/bench/sysbench.lua/lua/?.lua /home/mdcallag/git/mytools/bench/sysbench.lua/lua/sysbench --db-driver=pgsql --range-size=100 --table-size=10000000 --tables=8 --threads=40 --events=0 --warmup-time=5 --time=630 --pgsql_conn_id=true /home/mdcallag/git/mytools/bench/sysbench.lua/lua/oltp_range_covered.lua run --pgsql-user=root --pgsql-password=pw --pgsql-host=127.0.0.1 --pgsql-db=ib --rand-type=uniform --random-points=100 --skip-trx --covered=false
48 CPUs
sysbench 1.1.0-9072687 (using bundled LuaJIT 2.1.0-beta3)

Running the test with following options:
Number of threads: 40
Warmup time: 5s
Initializing random number generator from current time


Initializing worker threads...

explain: for range-notcovered :: explain SELECT id, c FROM sbtest%d WHERE id BETWEEN 1935120 AND 1935220
explain: for range-notcovered :: explain SELECT id, c FROM sbtest%d WHERE id BETWEEN 5208884 AND 5208984
explain: for range-notcovered :: explain SELECT id, c FROM sbtest%d WHERE id BETWEEN 5057664 AND 5057764
explain: for range-notcovered :: explain SELECT id, c FROM sbtest%d WHERE id BETWEEN 4916640 AND 4916740
explain: for range-notcovered :: explain SELECT id, c FROM sbtest%d WHERE id BETWEEN 4909246 AND 4909346
explain: for range-notcovered :: explain SELECT id, c FROM sbtest%d WHERE id BETWEEN 2307773 AND 2307873
for range-notcovered
table 1 : explain SELECT id, c FROM sbtest1 WHERE id BETWEEN 1935120 AND 1935220
	Index Scan using sbtest1_pkey on sbtest1  (cost=0.43..370.19 rows=93 width=125)
	  Index Cond: ((id >= 1935120) AND (id <= 1935220))

table 2 : explain SELECT id, c FROM sbtest2 WHERE id BETWEEN 1935120 AND 1935220
	Index Scan using sbtest2_pkey on sbtest2  (cost=0.43..393.67 rows=99 width=125)
	  Index Cond: ((id >= 1935120) AND (id <= 1935220))

table 3 : explain SELECT id, c FROM sbtest3 WHERE id BETWEEN 1935120 AND 1935220
	Index Scan using sbtest3_pkey on sbtest3  (cost=0.43..416.47 rows=105 width=125)
	  Index Cond: ((id >= 1935120) AND (id <= 1935220))

table 4 : explain SELECT id, c FROM sbtest4 WHERE id BETWEEN 1935120 AND 1935220
	Index Scan using sbtest4_pkey on sbtest4  (cost=0.43..369.25 rows=93 width=125)
	  Index Cond: ((id >= 1935120) AND (id <= 1935220))

table 5 : explain SELECT id, c FROM sbtest5 WHERE id BETWEEN 1935120 AND 1935220
	Index Scan using sbtest5_pkey on sbtest5  (cost=0.43..388.85 rows=98 width=125)
	  Index Cond: ((id >= 1935120) AND (id <= 1935220))

table 6 : explain SELECT id, c FROM sbtest6 WHERE id BETWEEN 1935120 AND 1935220
	Index Scan using sbtest6_pkey on sbtest6  (cost=0.43..422.30 rows=107 width=125)
	  Index Cond: ((id >= 1935120) AND (id <= 1935220))

table 7 : explain SELECT id, c FROM sbtest7 WHERE id BETWEEN 1935120 AND 1935220
	Index Scan using sbtest7_pkey on sbtest7  (cost=0.43..398.11 rows=100 width=125)
	  Index Cond: ((id >= 1935120) AND (id <= 1935220))

table 8 : explain SELECT id, c FROM sbtest8 WHERE id BETWEEN 1935120 AND 1935220
	Index Scan using sbtest8_pkey on sbtest8  (cost=0.43..408.84 rows=103 width=125)
	  Index Cond: ((id >= 1935120) AND (id <= 1935220))

explain: for range-notcovered :: explain SELECT id, c FROM sbtest%d WHERE id BETWEEN 1935120 AND 1935220
for range-notcovered
table 1 : explain SELECT id, c FROM sbtest1 WHERE id BETWEEN 1935120 AND 1935220
	Index Scan using sbtest1_pkey on sbtest1  (cost=0.43..370.19 rows=93 width=125)
	  Index Cond: ((id >= 1935120) AND (id <= 1935220))

table 2 : explain SELECT id, c FROM sbtest2 WHERE id BETWEEN 1935120 AND 1935220
	Index Scan using sbtest2_pkey on sbtest2  (cost=0.43..393.67 rows=99 width=125)
	  Index Cond: ((id >= 1935120) AND (id <= 1935220))

table 3 : explain SELECT id, c FROM sbtest3 WHERE id BETWEEN 1935120 AND 1935220
	Index Scan using sbtest3_pkey on sbtest3  (cost=0.43..416.47 rows=105 width=125)
	  Index Cond: ((id >= 1935120) AND (id <= 1935220))

table 4 : explain SELECT id, c FROM sbtest4 WHERE id BETWEEN 1935120 AND 1935220
	Index Scan using sbtest4_pkey on sbtest4  (cost=0.43..369.25 rows=93 width=125)
	  Index Cond: ((id >= 1935120) AND (id <= 1935220))

table 5 : explain SELECT id, c FROM sbtest5 WHERE id BETWEEN 1935120 AND 1935220
	Index Scan using sbtest5_pkey on sbtest5  (cost=0.43..388.85 rows=98 width=125)
	  Index Cond: ((id >= 1935120) AND (id <= 1935220))

table 6 : explain SELECT id, c FROM sbtest6 WHERE id BETWEEN 1935120 AND 1935220
	Index Scan using sbtest6_pkey on sbtest6  (cost=0.43..422.30 rows=107 width=125)
	  Index Cond: ((id >= 1935120) AND (id <= 1935220))

table 7 : explain SELECT id, c FROM sbtest7 WHERE id BETWEEN 1935120 AND 1935220
	Index Scan using sbtest7_pkey on sbtest7  (cost=0.43..398.11 rows=100 width=125)
	  Index Cond: ((id >= 1935120) AND (id <= 1935220))

table 8 : explain SELECT id, c FROM sbtest8 WHERE id BETWEEN 1935120 AND 1935220
	Index Scan using sbtest8_pkey on sbtest8  (cost=0.43..408.84 rows=103 width=125)
	  Index Cond: ((id >= 1935120) AND (id <= 1935220))

explain: for range-notcovered :: explain SELECT id, c FROM sbtest%d WHERE id BETWEEN 1935120 AND 1935220
explain: for range-notcovered :: explain SELECT id, c FROM sbtest%d WHERE id BETWEEN 3393717 AND 3393817
explain: for range-notcovered :: explain SELECT id, c FROM sbtest%d WHERE id BETWEEN 8978943 AND 8979043
explain: for range-notcovered :: explain SELECT id, c FROM sbtest%d WHERE id BETWEEN 4500848 AND 4500948
explain: for range-notcovered :: explain SELECT id, c FROM sbtest%d WHERE id BETWEEN 6313208 AND 6313308
for range-notcovered
table 1 : explain SELECT id, c FROM sbtest1 WHERE id BETWEEN 1935120 AND 1935220
	Index Scan using sbtest1_pkey on sbtest1  (cost=0.43..370.19 rows=93 width=125)
	  Index Cond: ((id >= 1935120) AND (id <= 1935220))

table 2 : explain SELECT id, c FROM sbtest2 WHERE id BETWEEN 1935120 AND 1935220
	Index Scan using sbtest2_pkey on sbtest2  (cost=0.43..393.67 rows=99 width=125)
	  Index Cond: ((id >= 1935120) AND (id <= 1935220))

table 3 : explain SELECT id, c FROM sbtest3 WHERE id BETWEEN 1935120 AND 1935220
	Index Scan using sbtest3_pkey on sbtest3  (cost=0.43..416.47 rows=105 width=125)
	  Index Cond: ((id >= 1935120) AND (id <= 1935220))

table 4 : explain SELECT id, c FROM sbtest4 WHERE id BETWEEN 1935120 AND 1935220
	Index Scan using sbtest4_pkey on sbtest4  (cost=0.43..369.25 rows=93 width=125)
	  Index Cond: ((id >= 1935120) AND (id <= 1935220))

table 5 : explain SELECT id, c FROM sbtest5 WHERE id BETWEEN 1935120 AND 1935220
	Index Scan using sbtest5_pkey on sbtest5  (cost=0.43..388.85 rows=98 width=125)
	  Index Cond: ((id >= 1935120) AND (id <= 1935220))

table 6 : explain SELECT id, c FROM sbtest6 WHERE id BETWEEN 1935120 AND 1935220
	Index Scan using sbtest6_pkey on sbtest6  (cost=0.43..422.30 rows=107 width=125)
	  Index Cond: ((id >= 1935120) AND (id <= 1935220))

table 7 : explain SELECT id, c FROM sbtest7 WHERE id BETWEEN 1935120 AND 1935220
	Index Scan using sbtest7_pkey on sbtest7  (cost=0.43..398.11 rows=100 width=125)
	  Index Cond: ((id >= 1935120) AND (id <= 1935220))

table 8 : explain SELECT id, c FROM sbtest8 WHERE id BETWEEN 1935120 AND 1935220
	Index Scan using sbtest8_pkey on sbtest8  (cost=0.43..408.84 rows=103 width=125)
	  Index Cond: ((id >= 1935120) AND (id <= 1935220))

explain: for range-notcovered :: explain SELECT id, c FROM sbtest%d WHERE id BETWEEN 1935120 AND 1935220
for range-notcovered
table 1 : explain SELECT id, c FROM sbtest1 WHERE id BETWEEN 5208884 AND 5208984
	Index Scan using sbtest1_pkey on sbtest1  (cost=0.43..385.91 rows=97 width=125)
	  Index Cond: ((id >= 5208884) AND (id <= 5208984))

table 2 : explain SELECT id, c FROM sbtest2 WHERE id BETWEEN 5208884 AND 5208984
	Index Scan using sbtest2_pkey on sbtest2  (cost=0.43..429.04 rows=108 width=125)
	  Index Cond: ((id >= 5208884) AND (id <= 5208984))

table 3 : explain SELECT id, c FROM sbtest3 WHERE id BETWEEN 5208884 AND 5208984
	Index Scan using sbtest3_pkey on sbtest3  (cost=0.43..381.14 rows=96 width=125)
	  Index Cond: ((id >= 5208884) AND (id <= 5208984))

table 4 : explain SELECT id, c FROM sbtest4 WHERE id BETWEEN 5208884 AND 5208984
	Index Scan using sbtest4_pkey on sbtest4  (cost=0.43..408.46 rows=103 width=125)
	  Index Cond: ((id >= 5208884) AND (id <= 5208984))

table 5 : explain SELECT id, c FROM sbtest5 WHERE id BETWEEN 5208884 AND 5208984
	Index Scan using sbtest5_pkey on sbtest5  (cost=0.43..361.40 rows=91 width=125)
	  Index Cond: ((id >= 5208884) AND (id <= 5208984))

table 6 : explain SELECT id, c FROM sbtest6 WHERE id BETWEEN 5208884 AND 5208984
	Index Scan using sbtest6_pkey on sbtest6  (cost=0.43..387.17 rows=98 width=125)
	  Index Cond: ((id >= 5208884) AND (id <= 5208984))

table 7 : explain SELECT id, c FROM sbtest7 WHERE id BETWEEN 5208884 AND 5208984
	Index Scan using sbtest7_pkey on sbtest7  (cost=0.43..402.05 rows=101 width=125)
	  Index Cond: ((id >= 5208884) AND (id <= 5208984))

table 8 : explain SELECT id, c FROM sbtest8 WHERE id BETWEEN 5208884 AND 5208984
	Index Scan using sbtest8_pkey on sbtest8  (cost=0.43..424.53 rows=107 width=125)
	  Index Cond: ((id >= 5208884) AND (id <= 5208984))

explain: for range-notcovered :: explain SELECT id, c FROM sbtest%d WHERE id BETWEEN 5208884 AND 5208984
for range-notcovered
table 1 : explain SELECT id, c FROM sbtest1 WHERE id BETWEEN 1935120 AND 1935220
	Index Scan using sbtest1_pkey on sbtest1  (cost=0.43..370.19 rows=93 width=125)
	  Index Cond: ((id >= 1935120) AND (id <= 1935220))

table 2 : explain SELECT id, c FROM sbtest2 WHERE id BETWEEN 1935120 AND 1935220
	Index Scan using sbtest2_pkey on sbtest2  (cost=0.43..393.67 rows=99 width=125)
	  Index Cond: ((id >= 1935120) AND (id <= 1935220))

table 3 : explain SELECT id, c FROM sbtest3 WHERE id BETWEEN 1935120 AND 1935220
	Index Scan using sbtest3_pkey on sbtest3  (cost=0.43..416.47 rows=105 width=125)
	  Index Cond: ((id >= 1935120) AND (id <= 1935220))

table 4 : explain SELECT id, c FROM sbtest4 WHERE id BETWEEN 1935120 AND 1935220
	Index Scan using sbtest4_pkey on sbtest4  (cost=0.43..369.25 rows=93 width=125)
	  Index Cond: ((id >= 1935120) AND (id <= 1935220))

table 5 : explain SELECT id, c FROM sbtest5 WHERE id BETWEEN 1935120 AND 1935220
	Index Scan using sbtest5_pkey on sbtest5  (cost=0.43..388.85 rows=98 width=125)
	  Index Cond: ((id >= 1935120) AND (id <= 1935220))

table 6 : explain SELECT id, c FROM sbtest6 WHERE id BETWEEN 1935120 AND 1935220
	Index Scan using sbtest6_pkey on sbtest6  (cost=0.43..422.30 rows=107 width=125)
	  Index Cond: ((id >= 1935120) AND (id <= 1935220))

table 7 : explain SELECT id, c FROM sbtest7 WHERE id BETWEEN 1935120 AND 1935220
	Index Scan using sbtest7_pkey on sbtest7  (cost=0.43..398.11 rows=100 width=125)
	  Index Cond: ((id >= 1935120) AND (id <= 1935220))

table 8 : explain SELECT id, c FROM sbtest8 WHERE id BETWEEN 1935120 AND 1935220
	Index Scan using sbtest8_pkey on sbtest8  (cost=0.43..408.84 rows=103 width=125)
	  Index Cond: ((id >= 1935120) AND (id <= 1935220))

explain: for range-notcovered :: explain SELECT id, c FROM sbtest%d WHERE id BETWEEN 1935120 AND 1935220
for range-notcovered
table 1 : explain SELECT id, c FROM sbtest1 WHERE id BETWEEN 5208884 AND 5208984
	Index Scan using sbtest1_pkey on sbtest1  (cost=0.43..385.91 rows=97 width=125)
	  Index Cond: ((id >= 5208884) AND (id <= 5208984))

table 2 : explain SELECT id, c FROM sbtest2 WHERE id BETWEEN 5208884 AND 5208984
	Index Scan using sbtest2_pkey on sbtest2  (cost=0.43..429.04 rows=108 width=125)
	  Index Cond: ((id >= 5208884) AND (id <= 5208984))

table 3 : explain SELECT id, c FROM sbtest3 WHERE id BETWEEN 5208884 AND 5208984
	Index Scan using sbtest3_pkey on sbtest3  (cost=0.43..381.14 rows=96 width=125)
	  Index Cond: ((id >= 5208884) AND (id <= 5208984))

table 4 : explain SELECT id, c FROM sbtest4 WHERE id BETWEEN 5208884 AND 5208984
	Index Scan using sbtest4_pkey on sbtest4  (cost=0.43..408.46 rows=103 width=125)
	  Index Cond: ((id >= 5208884) AND (id <= 5208984))

table 5 : explain SELECT id, c FROM sbtest5 WHERE id BETWEEN 5208884 AND 5208984
	Index Scan using sbtest5_pkey on sbtest5  (cost=0.43..361.40 rows=91 width=125)
	  Index Cond: ((id >= 5208884) AND (id <= 5208984))

table 6 : explain SELECT id, c FROM sbtest6 WHERE id BETWEEN 5208884 AND 5208984
	Index Scan using sbtest6_pkey on sbtest6  (cost=0.43..387.17 rows=98 width=125)
	  Index Cond: ((id >= 5208884) AND (id <= 5208984))

table 7 : explain SELECT id, c FROM sbtest7 WHERE id BETWEEN 5208884 AND 5208984
	Index Scan using sbtest7_pkey on sbtest7  (cost=0.43..402.05 rows=101 width=125)
	  Index Cond: ((id >= 5208884) AND (id <= 5208984))

table 8 : explain SELECT id, c FROM sbtest8 WHERE id BETWEEN 5208884 AND 5208984
	Index Scan using sbtest8_pkey on sbtest8  (cost=0.43..424.53 rows=107 width=125)
	  Index Cond: ((id >= 5208884) AND (id <= 5208984))

explain: for range-notcovered :: explain SELECT id, c FROM sbtest%d WHERE id BETWEEN 5208884 AND 5208984
for range-notcovered
table 1 : explain SELECT id, c FROM sbtest1 WHERE id BETWEEN 5208884 AND 5208984
	Index Scan using sbtest1_pkey on sbtest1  (cost=0.43..385.91 rows=97 width=125)
	  Index Cond: ((id >= 5208884) AND (id <= 5208984))

table 2 : explain SELECT id, c FROM sbtest2 WHERE id BETWEEN 5208884 AND 5208984
	Index Scan using sbtest2_pkey on sbtest2  (cost=0.43..429.04 rows=108 width=125)
	  Index Cond: ((id >= 5208884) AND (id <= 5208984))

table 3 : explain SELECT id, c FROM sbtest3 WHERE id BETWEEN 5208884 AND 5208984
	Index Scan using sbtest3_pkey on sbtest3  (cost=0.43..381.14 rows=96 width=125)
	  Index Cond: ((id >= 5208884) AND (id <= 5208984))

table 4 : explain SELECT id, c FROM sbtest4 WHERE id BETWEEN 5208884 AND 5208984
	Index Scan using sbtest4_pkey on sbtest4  (cost=0.43..408.46 rows=103 width=125)
	  Index Cond: ((id >= 5208884) AND (id <= 5208984))

table 5 : explain SELECT id, c FROM sbtest5 WHERE id BETWEEN 5208884 AND 5208984
	Index Scan using sbtest5_pkey on sbtest5  (cost=0.43..361.40 rows=91 width=125)
	  Index Cond: ((id >= 5208884) AND (id <= 5208984))

table 6 : explain SELECT id, c FROM sbtest6 WHERE id BETWEEN 5208884 AND 5208984
	Index Scan using sbtest6_pkey on sbtest6  (cost=0.43..387.17 rows=98 width=125)
	  Index Cond: ((id >= 5208884) AND (id <= 5208984))

table 7 : explain SELECT id, c FROM sbtest7 WHERE id BETWEEN 5208884 AND 5208984
	Index Scan using sbtest7_pkey on sbtest7  (cost=0.43..402.05 rows=101 width=125)
	  Index Cond: ((id >= 5208884) AND (id <= 5208984))

table 8 : explain SELECT id, c FROM sbtest8 WHERE id BETWEEN 5208884 AND 5208984
	Index Scan using sbtest8_pkey on sbtest8  (cost=0.43..424.53 rows=107 width=125)
	  Index Cond: ((id >= 5208884) AND (id <= 5208984))

explain: for range-notcovered :: explain SELECT id, c FROM sbtest%d WHERE id BETWEEN 5208884 AND 5208984
for range-notcovered
table 1 : explain SELECT id, c FROM sbtest1 WHERE id BETWEEN 5208884 AND 5208984
	Index Scan using sbtest1_pkey on sbtest1  (cost=0.43..385.91 rows=97 width=125)
	  Index Cond: ((id >= 5208884) AND (id <= 5208984))

table 2 : explain SELECT id, c FROM sbtest2 WHERE id BETWEEN 5208884 AND 5208984
	Index Scan using sbtest2_pkey on sbtest2  (cost=0.43..429.04 rows=108 width=125)
	  Index Cond: ((id >= 5208884) AND (id <= 5208984))

table 3 : explain SELECT id, c FROM sbtest3 WHERE id BETWEEN 5208884 AND 5208984
	Index Scan using sbtest3_pkey on sbtest3  (cost=0.43..381.14 rows=96 width=125)
	  Index Cond: ((id >= 5208884) AND (id <= 5208984))

table 4 : explain SELECT id, c FROM sbtest4 WHERE id BETWEEN 5208884 AND 5208984
	Index Scan using sbtest4_pkey on sbtest4  (cost=0.43..408.46 rows=103 width=125)
	  Index Cond: ((id >= 5208884) AND (id <= 5208984))

table 5 : explain SELECT id, c FROM sbtest5 WHERE id BETWEEN 5208884 AND 5208984
	Index Scan using sbtest5_pkey on sbtest5  (cost=0.43..361.40 rows=91 width=125)
	  Index Cond: ((id >= 5208884) AND (id <= 5208984))

table 6 : explain SELECT id, c FROM sbtest6 WHERE id BETWEEN 5208884 AND 5208984
	Index Scan using sbtest6_pkey on sbtest6  (cost=0.43..387.17 rows=98 width=125)
	  Index Cond: ((id >= 5208884) AND (id <= 5208984))

table 7 : explain SELECT id, c FROM sbtest7 WHERE id BETWEEN 5208884 AND 5208984
	Index Scan using sbtest7_pkey on sbtest7  (cost=0.43..402.05 rows=101 width=125)
	  Index Cond: ((id >= 5208884) AND (id <= 5208984))

table 8 : explain SELECT id, c FROM sbtest8 WHERE id BETWEEN 5208884 AND 5208984
	Index Scan using sbtest8_pkey on sbtest8  (cost=0.43..424.53 rows=107 width=125)
	  Index Cond: ((id >= 5208884) AND (id <= 5208984))

explain: for range-notcovered :: explain SELECT id, c FROM sbtest%d WHERE id BETWEEN 5208884 AND 5208984
for range-notcovered
table 1 : explain SELECT id, c FROM sbtest1 WHERE id BETWEEN 5208884 AND 5208984
	Index Scan using sbtest1_pkey on sbtest1  (cost=0.43..385.91 rows=97 width=125)
	  Index Cond: ((id >= 5208884) AND (id <= 5208984))

table 2 : explain SELECT id, c FROM sbtest2 WHERE id BETWEEN 5208884 AND 5208984
	Index Scan using sbtest2_pkey on sbtest2  (cost=0.43..429.04 rows=108 width=125)
	  Index Cond: ((id >= 5208884) AND (id <= 5208984))

table 3 : explain SELECT id, c FROM sbtest3 WHERE id BETWEEN 5208884 AND 5208984
	Index Scan using sbtest3_pkey on sbtest3  (cost=0.43..381.14 rows=96 width=125)
	  Index Cond: ((id >= 5208884) AND (id <= 5208984))

table 4 : explain SELECT id, c FROM sbtest4 WHERE id BETWEEN 5208884 AND 5208984
	Index Scan using sbtest4_pkey on sbtest4  (cost=0.43..408.46 rows=103 width=125)
	  Index Cond: ((id >= 5208884) AND (id <= 5208984))

table 5 : explain SELECT id, c FROM sbtest5 WHERE id BETWEEN 5208884 AND 5208984
	Index Scan using sbtest5_pkey on sbtest5  (cost=0.43..361.40 rows=91 width=125)
	  Index Cond: ((id >= 5208884) AND (id <= 5208984))

table 6 : explain SELECT id, c FROM sbtest6 WHERE id BETWEEN 5208884 AND 5208984
	Index Scan using sbtest6_pkey on sbtest6  (cost=0.43..387.17 rows=98 width=125)
	  Index Cond: ((id >= 5208884) AND (id <= 5208984))

table 7 : explain SELECT id, c FROM sbtest7 WHERE id BETWEEN 5208884 AND 5208984
	Index Scan using sbtest7_pkey on sbtest7  (cost=0.43..402.05 rows=101 width=125)
	  Index Cond: ((id >= 5208884) AND (id <= 5208984))

table 8 : explain SELECT id, c FROM sbtest8 WHERE id BETWEEN 5208884 AND 5208984
	Index Scan using sbtest8_pkey on sbtest8  (cost=0.43..424.53 rows=107 width=125)
	  Index Cond: ((id >= 5208884) AND (id <= 5208984))

for range-notcovered
table 1 : explain SELECT id, c FROM sbtest1 WHERE id BETWEEN 4916640 AND 4916740
	Index Scan using sbtest1_pkey on sbtest1  (cost=0.43..374.12 rows=94 width=125)
	  Index Cond: ((id >= 4916640) AND (id <= 4916740))

table 2 : explain SELECT id, c FROM sbtest2 WHERE id BETWEEN 4916640 AND 4916740
	Index Scan using sbtest2_pkey on sbtest2  (cost=0.43..381.86 rows=96 width=125)
	  Index Cond: ((id >= 4916640) AND (id <= 4916740))

table 3 : explain SELECT id, c FROM sbtest3 WHERE id BETWEEN 4916640 AND 4916740
	Index Scan using sbtest3_pkey on sbtest3  (cost=0.43..424.32 rows=107 width=125)
	  Index Cond: ((id >= 4916640) AND (id <= 4916740))

table 4 : explain SELECT id, c FROM sbtest4 WHERE id BETWEEN 4916640 AND 4916740
	Index Scan using sbtest4_pkey on sbtest4  (cost=0.43..365.33 rows=92 width=125)
	  Index Cond: ((id >= 4916640) AND (id <= 4916740))

table 5 : explain SELECT id, c FROM sbtest5 WHERE id BETWEEN 4916640 AND 4916740
	Index Scan using sbtest5_pkey on sbtest5  (cost=0.43..420.21 rows=106 width=125)
	  Index Cond: ((id >= 4916640) AND (id <= 4916740))

table 6 : explain SELECT id, c FROM sbtest6 WHERE id BETWEEN 4916640 AND 4916740
	Index Scan using sbtest6_pkey on sbtest6  (cost=0.43..340.30 rows=86 width=125)
	  Index Cond: ((id >= 4916640) AND (id <= 4916740))

table 7 : explain SELECT id, c FROM sbtest7 WHERE id BETWEEN 4916640 AND 4916740
	Index Scan using sbtest7_pkey on sbtest7  (cost=0.43..429.59 rows=108 width=125)
	  Index Cond: ((id >= 4916640) AND (id <= 4916740))

table 8 : explain SELECT id, c FROM sbtest8 WHERE id BETWEEN 4916640 AND 4916740
	Index Scan using sbtest8_pkey on sbtest8  (cost=0.43..444.16 rows=112 width=125)
	  Index Cond: ((id >= 4916640) AND (id <= 4916740))

for range-notcovered
table 1 : explain SELECT id, c FROM sbtest1 WHERE id BETWEEN 5057664 AND 5057764
	Index Scan using sbtest1_pkey on sbtest1  (cost=0.43..413.46 rows=104 width=125)
	  Index Cond: ((id >= 5057664) AND (id <= 5057764))

table 2 : explain SELECT id, c FROM sbtest2 WHERE id BETWEEN 5057664 AND 5057764
	Index Scan using sbtest2_pkey on sbtest2  (cost=0.43..417.25 rows=105 width=125)
	  Index Cond: ((id >= 5057664) AND (id <= 5057764))

table 3 : explain SELECT id, c FROM sbtest3 WHERE id BETWEEN 5057664 AND 5057764
	Index Scan using sbtest3_pkey on sbtest3  (cost=0.43..416.47 rows=105 width=125)
	  Index Cond: ((id >= 5057664) AND (id <= 5057764))

table 4 : explain SELECT id, c FROM sbtest4 WHERE id BETWEEN 5057664 AND 5057764
	Index Scan using sbtest4_pkey on sbtest4  (cost=0.43..392.77 rows=99 width=125)
	  Index Cond: ((id >= 5057664) AND (id <= 5057764))

table 5 : explain SELECT id, c FROM sbtest5 WHERE id BETWEEN 5057664 AND 5057764
	Index Scan using sbtest5_pkey on sbtest5  (cost=0.43..424.13 rows=107 width=125)
	  Index Cond: ((id >= 5057664) AND (id <= 5057764))

table 6 : explain SELECT id, c FROM sbtest6 WHERE id BETWEEN 5057664 AND 5057764
	Index Scan using sbtest6_pkey on sbtest6  (cost=0.43..371.52 rows=94 width=125)
	  Index Cond: ((id >= 5057664) AND (id <= 5057764))

table 7 : explain SELECT id, c FROM sbtest7 WHERE id BETWEEN 5057664 AND 5057764
	Index Scan using sbtest7_pkey on sbtest7  (cost=0.43..409.92 rows=103 width=125)
	  Index Cond: ((id >= 5057664) AND (id <= 5057764))

table 8 : explain SELECT id, c FROM sbtest8 WHERE id BETWEEN 5057664 AND 5057764
	Index Scan using sbtest8_pkey on sbtest8  (cost=0.43..420.61 rows=106 width=125)
	  Index Cond: ((id >= 5057664) AND (id <= 5057764))

explain: for range-notcovered :: explain SELECT id, c FROM sbtest%d WHERE id BETWEEN 5208884 AND 5208984
explain: for range-notcovered :: explain SELECT id, c FROM sbtest%d WHERE id BETWEEN 5057664 AND 5057764
explain: for range-notcovered :: explain SELECT id, c FROM sbtest%d WHERE id BETWEEN 4642695 AND 4642795
for range-notcovered
table 1 : explain SELECT id, c FROM sbtest1 WHERE id BETWEEN 5208884 AND 5208984
	Index Scan using sbtest1_pkey on sbtest1  (cost=0.43..385.91 rows=97 width=125)
	  Index Cond: ((id >= 5208884) AND (id <= 5208984))

table 2 : explain SELECT id, c FROM sbtest2 WHERE id BETWEEN 5208884 AND 5208984
	Index Scan using sbtest2_pkey on sbtest2  (cost=0.43..429.04 rows=108 width=125)
	  Index Cond: ((id >= 5208884) AND (id <= 5208984))

table 3 : explain SELECT id, c FROM sbtest3 WHERE id BETWEEN 5208884 AND 5208984
	Index Scan using sbtest3_pkey on sbtest3  (cost=0.43..381.14 rows=96 width=125)
	  Index Cond: ((id >= 5208884) AND (id <= 5208984))

table 4 : explain SELECT id, c FROM sbtest4 WHERE id BETWEEN 5208884 AND 5208984
	Index Scan using sbtest4_pkey on sbtest4  (cost=0.43..408.46 rows=103 width=125)
	  Index Cond: ((id >= 5208884) AND (id <= 5208984))

table 5 : explain SELECT id, c FROM sbtest5 WHERE id BETWEEN 5208884 AND 5208984
	Index Scan using sbtest5_pkey on sbtest5  (cost=0.43..361.40 rows=91 width=125)
	  Index Cond: ((id >= 5208884) AND (id <= 5208984))

table 6 : explain SELECT id, c FROM sbtest6 WHERE id BETWEEN 5208884 AND 5208984
	Index Scan using sbtest6_pkey on sbtest6  (cost=0.43..387.17 rows=98 width=125)
	  Index Cond: ((id >= 5208884) AND (id <= 5208984))

table 7 : explain SELECT id, c FROM sbtest7 WHERE id BETWEEN 5208884 AND 5208984
	Index Scan using sbtest7_pkey on sbtest7  (cost=0.43..402.05 rows=101 width=125)
	  Index Cond: ((id >= 5208884) AND (id <= 5208984))

table 8 : explain SELECT id, c FROM sbtest8 WHERE id BETWEEN 5208884 AND 5208984
	Index Scan using sbtest8_pkey on sbtest8  (cost=0.43..424.53 rows=107 width=125)
	  Index Cond: ((id >= 5208884) AND (id <= 5208984))

explain: for range-notcovered :: explain SELECT id, c FROM sbtest%d WHERE id BETWEEN 5208884 AND 5208984
for range-notcovered
table 1 : explain SELECT id, c FROM sbtest1 WHERE id BETWEEN 5057664 AND 5057764
	Index Scan using sbtest1_pkey on sbtest1  (cost=0.43..413.46 rows=104 width=125)
	  Index Cond: ((id >= 5057664) AND (id <= 5057764))

table 2 : explain SELECT id, c FROM sbtest2 WHERE id BETWEEN 5057664 AND 5057764
	Index Scan using sbtest2_pkey on sbtest2  (cost=0.43..417.25 rows=105 width=125)
	  Index Cond: ((id >= 5057664) AND (id <= 5057764))

table 3 : explain SELECT id, c FROM sbtest3 WHERE id BETWEEN 5057664 AND 5057764
	Index Scan using sbtest3_pkey on sbtest3  (cost=0.43..416.47 rows=105 width=125)
	  Index Cond: ((id >= 5057664) AND (id <= 5057764))

table 4 : explain SELECT id, c FROM sbtest4 WHERE id BETWEEN 5057664 AND 5057764
	Index Scan using sbtest4_pkey on sbtest4  (cost=0.43..392.77 rows=99 width=125)
	  Index Cond: ((id >= 5057664) AND (id <= 5057764))

table 5 : explain SELECT id, c FROM sbtest5 WHERE id BETWEEN 5057664 AND 5057764
	Index Scan using sbtest5_pkey on sbtest5  (cost=0.43..424.13 rows=107 width=125)
	  Index Cond: ((id >= 5057664) AND (id <= 5057764))

table 6 : explain SELECT id, c FROM sbtest6 WHERE id BETWEEN 5057664 AND 5057764
	Index Scan using sbtest6_pkey on sbtest6  (cost=0.43..371.52 rows=94 width=125)
	  Index Cond: ((id >= 5057664) AND (id <= 5057764))

table 7 : explain SELECT id, c FROM sbtest7 WHERE id BETWEEN 5057664 AND 5057764
	Index Scan using sbtest7_pkey on sbtest7  (cost=0.43..409.92 rows=103 width=125)
	  Index Cond: ((id >= 5057664) AND (id <= 5057764))

table 8 : explain SELECT id, c FROM sbtest8 WHERE id BETWEEN 5057664 AND 5057764
	Index Scan using sbtest8_pkey on sbtest8  (cost=0.43..420.61 rows=106 width=125)
	  Index Cond: ((id >= 5057664) AND (id <= 5057764))

explain: for range-notcovered :: explain SELECT id, c FROM sbtest%d WHERE id BETWEEN 5057664 AND 5057764
explain: for range-notcovered :: explain SELECT id, c FROM sbtest%d WHERE id BETWEEN 4916640 AND 4916740
for range-notcovered
table 1 : explain SELECT id, c FROM sbtest1 WHERE id BETWEEN 5208884 AND 5208984
	Index Scan using sbtest1_pkey on sbtest1  (cost=0.43..385.91 rows=97 width=125)
	  Index Cond: ((id >= 5208884) AND (id <= 5208984))

table 2 : explain SELECT id, c FROM sbtest2 WHERE id BETWEEN 5208884 AND 5208984
	Index Scan using sbtest2_pkey on sbtest2  (cost=0.43..429.04 rows=108 width=125)
	  Index Cond: ((id >= 5208884) AND (id <= 5208984))

table 3 : explain SELECT id, c FROM sbtest3 WHERE id BETWEEN 5208884 AND 5208984
	Index Scan using sbtest3_pkey on sbtest3  (cost=0.43..381.14 rows=96 width=125)
	  Index Cond: ((id >= 5208884) AND (id <= 5208984))

table 4 : explain SELECT id, c FROM sbtest4 WHERE id BETWEEN 5208884 AND 5208984
	Index Scan using sbtest4_pkey on sbtest4  (cost=0.43..408.46 rows=103 width=125)
	  Index Cond: ((id >= 5208884) AND (id <= 5208984))

table 5 : explain SELECT id, c FROM sbtest5 WHERE id BETWEEN 5208884 AND 5208984
	Index Scan using sbtest5_pkey on sbtest5  (cost=0.43..361.40 rows=91 width=125)
	  Index Cond: ((id >= 5208884) AND (id <= 5208984))

table 6 : explain SELECT id, c FROM sbtest6 WHERE id BETWEEN 5208884 AND 5208984
	Index Scan using sbtest6_pkey on sbtest6  (cost=0.43..387.17 rows=98 width=125)
	  Index Cond: ((id >= 5208884) AND (id <= 5208984))

table 7 : explain SELECT id, c FROM sbtest7 WHERE id BETWEEN 5208884 AND 5208984
	Index Scan using sbtest7_pkey on sbtest7  (cost=0.43..402.05 rows=101 width=125)
	  Index Cond: ((id >= 5208884) AND (id <= 5208984))

table 8 : explain SELECT id, c FROM sbtest8 WHERE id BETWEEN 5208884 AND 5208984
	Index Scan using sbtest8_pkey on sbtest8  (cost=0.43..424.53 rows=107 width=125)
	  Index Cond: ((id >= 5208884) AND (id <= 5208984))

explain: for range-notcovered :: explain SELECT id, c FROM sbtest%d WHERE id BETWEEN 5208884 AND 5208984
for range-notcovered
table 1 : explain SELECT id, c FROM sbtest1 WHERE id BETWEEN 5057664 AND 5057764
	Index Scan using sbtest1_pkey on sbtest1  (cost=0.43..413.46 rows=104 width=125)
	  Index Cond: ((id >= 5057664) AND (id <= 5057764))

table 2 : explain SELECT id, c FROM sbtest2 WHERE id BETWEEN 5057664 AND 5057764
	Index Scan using sbtest2_pkey on sbtest2  (cost=0.43..417.25 rows=105 width=125)
	  Index Cond: ((id >= 5057664) AND (id <= 5057764))

table 3 : explain SELECT id, c FROM sbtest3 WHERE id BETWEEN 5057664 AND 5057764
	Index Scan using sbtest3_pkey on sbtest3  (cost=0.43..416.47 rows=105 width=125)
	  Index Cond: ((id >= 5057664) AND (id <= 5057764))

table 4 : explain SELECT id, c FROM sbtest4 WHERE id BETWEEN 5057664 AND 5057764
	Index Scan using sbtest4_pkey on sbtest4  (cost=0.43..392.77 rows=99 width=125)
	  Index Cond: ((id >= 5057664) AND (id <= 5057764))

table 5 : explain SELECT id, c FROM sbtest5 WHERE id BETWEEN 5057664 AND 5057764
	Index Scan using sbtest5_pkey on sbtest5  (cost=0.43..424.13 rows=107 width=125)
	  Index Cond: ((id >= 5057664) AND (id <= 5057764))

table 6 : explain SELECT id, c FROM sbtest6 WHERE id BETWEEN 5057664 AND 5057764
	Index Scan using sbtest6_pkey on sbtest6  (cost=0.43..371.52 rows=94 width=125)
	  Index Cond: ((id >= 5057664) AND (id <= 5057764))

table 7 : explain SELECT id, c FROM sbtest7 WHERE id BETWEEN 5057664 AND 5057764
	Index Scan using sbtest7_pkey on sbtest7  (cost=0.43..409.92 rows=103 width=125)
	  Index Cond: ((id >= 5057664) AND (id <= 5057764))

table 8 : explain SELECT id, c FROM sbtest8 WHERE id BETWEEN 5057664 AND 5057764
	Index Scan using sbtest8_pkey on sbtest8  (cost=0.43..420.61 rows=106 width=125)
	  Index Cond: ((id >= 5057664) AND (id <= 5057764))

explain: for range-notcovered :: explain SELECT id, c FROM sbtest%d WHERE id BETWEEN 5057664 AND 5057764
for range-notcovered
table 1 : explain SELECT id, c FROM sbtest1 WHERE id BETWEEN 4916640 AND 4916740
	Index Scan using sbtest1_pkey on sbtest1  (cost=0.43..374.12 rows=94 width=125)
	  Index Cond: ((id >= 4916640) AND (id <= 4916740))

table 2 : explain SELECT id, c FROM sbtest2 WHERE id BETWEEN 4916640 AND 4916740
	Index Scan using sbtest2_pkey on sbtest2  (cost=0.43..381.86 rows=96 width=125)
	  Index Cond: ((id >= 4916640) AND (id <= 4916740))

table 3 : explain SELECT id, c FROM sbtest3 WHERE id BETWEEN 4916640 AND 4916740
	Index Scan using sbtest3_pkey on sbtest3  (cost=0.43..424.32 rows=107 width=125)
	  Index Cond: ((id >= 4916640) AND (id <= 4916740))

table 4 : explain SELECT id, c FROM sbtest4 WHERE id BETWEEN 4916640 AND 4916740
	Index Scan using sbtest4_pkey on sbtest4  (cost=0.43..365.33 rows=92 width=125)
	  Index Cond: ((id >= 4916640) AND (id <= 4916740))

table 5 : explain SELECT id, c FROM sbtest5 WHERE id BETWEEN 4916640 AND 4916740
	Index Scan using sbtest5_pkey on sbtest5  (cost=0.43..420.21 rows=106 width=125)
	  Index Cond: ((id >= 4916640) AND (id <= 4916740))

table 6 : explain SELECT id, c FROM sbtest6 WHERE id BETWEEN 4916640 AND 4916740
	Index Scan using sbtest6_pkey on sbtest6  (cost=0.43..340.30 rows=86 width=125)
	  Index Cond: ((id >= 4916640) AND (id <= 4916740))

table 7 : explain SELECT id, c FROM sbtest7 WHERE id BETWEEN 4916640 AND 4916740
	Index Scan using sbtest7_pkey on sbtest7  (cost=0.43..429.59 rows=108 width=125)
	  Index Cond: ((id >= 4916640) AND (id <= 4916740))

table 8 : explain SELECT id, c FROM sbtest8 WHERE id BETWEEN 4916640 AND 4916740
	Index Scan using sbtest8_pkey on sbtest8  (cost=0.43..444.16 rows=112 width=125)
	  Index Cond: ((id >= 4916640) AND (id <= 4916740))

explain: for range-notcovered :: explain SELECT id, c FROM sbtest%d WHERE id BETWEEN 4916640 AND 4916740
for range-notcovered
table 1 : explain SELECT id, c FROM sbtest1 WHERE id BETWEEN 5057664 AND 5057764
	Index Scan using sbtest1_pkey on sbtest1  (cost=0.43..413.46 rows=104 width=125)
	  Index Cond: ((id >= 5057664) AND (id <= 5057764))

table 2 : explain SELECT id, c FROM sbtest2 WHERE id BETWEEN 5057664 AND 5057764
	Index Scan using sbtest2_pkey on sbtest2  (cost=0.43..417.25 rows=105 width=125)
	  Index Cond: ((id >= 5057664) AND (id <= 5057764))

table 3 : explain SELECT id, c FROM sbtest3 WHERE id BETWEEN 5057664 AND 5057764
	Index Scan using sbtest3_pkey on sbtest3  (cost=0.43..416.47 rows=105 width=125)
	  Index Cond: ((id >= 5057664) AND (id <= 5057764))

table 4 : explain SELECT id, c FROM sbtest4 WHERE id BETWEEN 5057664 AND 5057764
	Index Scan using sbtest4_pkey on sbtest4  (cost=0.43..392.77 rows=99 width=125)
	  Index Cond: ((id >= 5057664) AND (id <= 5057764))

table 5 : explain SELECT id, c FROM sbtest5 WHERE id BETWEEN 5057664 AND 5057764
	Index Scan using sbtest5_pkey on sbtest5  (cost=0.43..424.13 rows=107 width=125)
	  Index Cond: ((id >= 5057664) AND (id <= 5057764))

table 6 : explain SELECT id, c FROM sbtest6 WHERE id BETWEEN 5057664 AND 5057764
	Index Scan using sbtest6_pkey on sbtest6  (cost=0.43..371.52 rows=94 width=125)
	  Index Cond: ((id >= 5057664) AND (id <= 5057764))

table 7 : explain SELECT id, c FROM sbtest7 WHERE id BETWEEN 5057664 AND 5057764
	Index Scan using sbtest7_pkey on sbtest7  (cost=0.43..409.92 rows=103 width=125)
	  Index Cond: ((id >= 5057664) AND (id <= 5057764))

table 8 : explain SELECT id, c FROM sbtest8 WHERE id BETWEEN 5057664 AND 5057764
	Index Scan using sbtest8_pkey on sbtest8  (cost=0.43..420.61 rows=106 width=125)
	  Index Cond: ((id >= 5057664) AND (id <= 5057764))

explain: for range-notcovered :: explain SELECT id, c FROM sbtest%d WHERE id BETWEEN 5057664 AND 5057764
for range-notcovered
table 1 : explain SELECT id, c FROM sbtest1 WHERE id BETWEEN 4916640 AND 4916740
	Index Scan using sbtest1_pkey on sbtest1  (cost=0.43..374.12 rows=94 width=125)
	  Index Cond: ((id >= 4916640) AND (id <= 4916740))

table 2 : explain SELECT id, c FROM sbtest2 WHERE id BETWEEN 4916640 AND 4916740
	Index Scan using sbtest2_pkey on sbtest2  (cost=0.43..381.86 rows=96 width=125)
	  Index Cond: ((id >= 4916640) AND (id <= 4916740))

table 3 : explain SELECT id, c FROM sbtest3 WHERE id BETWEEN 4916640 AND 4916740
	Index Scan using sbtest3_pkey on sbtest3  (cost=0.43..424.32 rows=107 width=125)
	  Index Cond: ((id >= 4916640) AND (id <= 4916740))

table 4 : explain SELECT id, c FROM sbtest4 WHERE id BETWEEN 4916640 AND 4916740
	Index Scan using sbtest4_pkey on sbtest4  (cost=0.43..365.33 rows=92 width=125)
	  Index Cond: ((id >= 4916640) AND (id <= 4916740))

table 5 : explain SELECT id, c FROM sbtest5 WHERE id BETWEEN 4916640 AND 4916740
	Index Scan using sbtest5_pkey on sbtest5  (cost=0.43..420.21 rows=106 width=125)
	  Index Cond: ((id >= 4916640) AND (id <= 4916740))

table 6 : explain SELECT id, c FROM sbtest6 WHERE id BETWEEN 4916640 AND 4916740
	Index Scan using sbtest6_pkey on sbtest6  (cost=0.43..340.30 rows=86 width=125)
	  Index Cond: ((id >= 4916640) AND (id <= 4916740))

table 7 : explain SELECT id, c FROM sbtest7 WHERE id BETWEEN 4916640 AND 4916740
	Index Scan using sbtest7_pkey on sbtest7  (cost=0.43..429.59 rows=108 width=125)
	  Index Cond: ((id >= 4916640) AND (id <= 4916740))

table 8 : explain SELECT id, c FROM sbtest8 WHERE id BETWEEN 4916640 AND 4916740
	Index Scan using sbtest8_pkey on sbtest8  (cost=0.43..444.16 rows=112 width=125)
	  Index Cond: ((id >= 4916640) AND (id <= 4916740))

explain: for range-notcovered :: explain SELECT id, c FROM sbtest%d WHERE id BETWEEN 4916640 AND 4916740
for range-notcovered
table 1 : explain SELECT id, c FROM sbtest1 WHERE id BETWEEN 4916640 AND 4916740
	Index Scan using sbtest1_pkey on sbtest1  (cost=0.43..374.12 rows=94 width=125)
	  Index Cond: ((id >= 4916640) AND (id <= 4916740))

table 2 : explain SELECT id, c FROM sbtest2 WHERE id BETWEEN 4916640 AND 4916740
	Index Scan using sbtest2_pkey on sbtest2  (cost=0.43..381.86 rows=96 width=125)
	  Index Cond: ((id >= 4916640) AND (id <= 4916740))

table 3 : explain SELECT id, c FROM sbtest3 WHERE id BETWEEN 4916640 AND 4916740
	Index Scan using sbtest3_pkey on sbtest3  (cost=0.43..424.32 rows=107 width=125)
	  Index Cond: ((id >= 4916640) AND (id <= 4916740))

table 4 : explain SELECT id, c FROM sbtest4 WHERE id BETWEEN 4916640 AND 4916740
	Index Scan using sbtest4_pkey on sbtest4  (cost=0.43..365.33 rows=92 width=125)
	  Index Cond: ((id >= 4916640) AND (id <= 4916740))

table 5 : explain SELECT id, c FROM sbtest5 WHERE id BETWEEN 4916640 AND 4916740
	Index Scan using sbtest5_pkey on sbtest5  (cost=0.43..420.21 rows=106 width=125)
	  Index Cond: ((id >= 4916640) AND (id <= 4916740))

table 6 : explain SELECT id, c FROM sbtest6 WHERE id BETWEEN 4916640 AND 4916740
	Index Scan using sbtest6_pkey on sbtest6  (cost=0.43..340.30 rows=86 width=125)
	  Index Cond: ((id >= 4916640) AND (id <= 4916740))

table 7 : explain SELECT id, c FROM sbtest7 WHERE id BETWEEN 4916640 AND 4916740
	Index Scan using sbtest7_pkey on sbtest7  (cost=0.43..429.59 rows=108 width=125)
	  Index Cond: ((id >= 4916640) AND (id <= 4916740))

table 8 : explain SELECT id, c FROM sbtest8 WHERE id BETWEEN 4916640 AND 4916740
	Index Scan using sbtest8_pkey on sbtest8  (cost=0.43..444.16 rows=112 width=125)
	  Index Cond: ((id >= 4916640) AND (id <= 4916740))

explain: for range-notcovered :: explain SELECT id, c FROM sbtest%d WHERE id BETWEEN 4916640 AND 4916740
for range-notcovered
table 1 : explain SELECT id, c FROM sbtest1 WHERE id BETWEEN 1935120 AND 1935220
	Index Scan using sbtest1_pkey on sbtest1  (cost=0.43..370.19 rows=93 width=125)
	  Index Cond: ((id >= 1935120) AND (id <= 1935220))

table 2 : explain SELECT id, c FROM sbtest2 WHERE id BETWEEN 1935120 AND 1935220
	Index Scan using sbtest2_pkey on sbtest2  (cost=0.43..393.67 rows=99 width=125)
	  Index Cond: ((id >= 1935120) AND (id <= 1935220))

table 3 : explain SELECT id, c FROM sbtest3 WHERE id BETWEEN 1935120 AND 1935220
	Index Scan using sbtest3_pkey on sbtest3  (cost=0.43..416.47 rows=105 width=125)
	  Index Cond: ((id >= 1935120) AND (id <= 1935220))

table 4 : explain SELECT id, c FROM sbtest4 WHERE id BETWEEN 1935120 AND 1935220
	Index Scan using sbtest4_pkey on sbtest4  (cost=0.43..369.25 rows=93 width=125)
	  Index Cond: ((id >= 1935120) AND (id <= 1935220))

table 5 : explain SELECT id, c FROM sbtest5 WHERE id BETWEEN 1935120 AND 1935220
	Index Scan using sbtest5_pkey on sbtest5  (cost=0.43..388.85 rows=98 width=125)
	  Index Cond: ((id >= 1935120) AND (id <= 1935220))

table 6 : explain SELECT id, c FROM sbtest6 WHERE id BETWEEN 1935120 AND 1935220
	Index Scan using sbtest6_pkey on sbtest6  (cost=0.43..422.30 rows=107 width=125)
	  Index Cond: ((id >= 1935120) AND (id <= 1935220))

table 7 : explain SELECT id, c FROM sbtest7 WHERE id BETWEEN 1935120 AND 1935220
	Index Scan using sbtest7_pkey on sbtest7  (cost=0.43..398.11 rows=100 width=125)
	  Index Cond: ((id >= 1935120) AND (id <= 1935220))

table 8 : explain SELECT id, c FROM sbtest8 WHERE id BETWEEN 1935120 AND 1935220
	Index Scan using sbtest8_pkey on sbtest8  (cost=0.43..408.84 rows=103 width=125)
	  Index Cond: ((id >= 1935120) AND (id <= 1935220))

explain: for range-notcovered :: explain SELECT id, c FROM sbtest%d WHERE id BETWEEN 1935120 AND 1935220
for range-notcovered
table 1 : explain SELECT id, c FROM sbtest1 WHERE id BETWEEN 1935120 AND 1935220
	Index Scan using sbtest1_pkey on sbtest1  (cost=0.43..370.19 rows=93 width=125)
	  Index Cond: ((id >= 1935120) AND (id <= 1935220))

table 2 : explain SELECT id, c FROM sbtest2 WHERE id BETWEEN 1935120 AND 1935220
	Index Scan using sbtest2_pkey on sbtest2  (cost=0.43..393.67 rows=99 width=125)
	  Index Cond: ((id >= 1935120) AND (id <= 1935220))

table 3 : explain SELECT id, c FROM sbtest3 WHERE id BETWEEN 1935120 AND 1935220
	Index Scan using sbtest3_pkey on sbtest3  (cost=0.43..416.47 rows=105 width=125)
	  Index Cond: ((id >= 1935120) AND (id <= 1935220))

table 4 : explain SELECT id, c FROM sbtest4 WHERE id BETWEEN 1935120 AND 1935220
	Index Scan using sbtest4_pkey on sbtest4  (cost=0.43..369.25 rows=93 width=125)
	  Index Cond: ((id >= 1935120) AND (id <= 1935220))

table 5 : explain SELECT id, c FROM sbtest5 WHERE id BETWEEN 1935120 AND 1935220
	Index Scan using sbtest5_pkey on sbtest5  (cost=0.43..388.85 rows=98 width=125)
	  Index Cond: ((id >= 1935120) AND (id <= 1935220))

table 6 : explain SELECT id, c FROM sbtest6 WHERE id BETWEEN 1935120 AND 1935220
	Index Scan using sbtest6_pkey on sbtest6  (cost=0.43..422.30 rows=107 width=125)
	  Index Cond: ((id >= 1935120) AND (id <= 1935220))

table 7 : explain SELECT id, c FROM sbtest7 WHERE id BETWEEN 1935120 AND 1935220
	Index Scan using sbtest7_pkey on sbtest7  (cost=0.43..398.11 rows=100 width=125)
	  Index Cond: ((id >= 1935120) AND (id <= 1935220))

table 8 : explain SELECT id, c FROM sbtest8 WHERE id BETWEEN 1935120 AND 1935220
	Index Scan using sbtest8_pkey on sbtest8  (cost=0.43..408.84 rows=103 width=125)
	  Index Cond: ((id >= 1935120) AND (id <= 1935220))

explain: for range-notcovered :: explain SELECT id, c FROM sbtest%d WHERE id BETWEEN 1935120 AND 1935220
for range-notcovered
table 1 : explain SELECT id, c FROM sbtest1 WHERE id BETWEEN 1935120 AND 1935220
	Index Scan using sbtest1_pkey on sbtest1  (cost=0.43..370.19 rows=93 width=125)
	  Index Cond: ((id >= 1935120) AND (id <= 1935220))

table 2 : explain SELECT id, c FROM sbtest2 WHERE id BETWEEN 1935120 AND 1935220
	Index Scan using sbtest2_pkey on sbtest2  (cost=0.43..393.67 rows=99 width=125)
	  Index Cond: ((id >= 1935120) AND (id <= 1935220))

table 3 : explain SELECT id, c FROM sbtest3 WHERE id BETWEEN 1935120 AND 1935220
	Index Scan using sbtest3_pkey on sbtest3  (cost=0.43..416.47 rows=105 width=125)
	  Index Cond: ((id >= 1935120) AND (id <= 1935220))

table 4 : explain SELECT id, c FROM sbtest4 WHERE id BETWEEN 1935120 AND 1935220
	Index Scan using sbtest4_pkey on sbtest4  (cost=0.43..369.25 rows=93 width=125)
	  Index Cond: ((id >= 1935120) AND (id <= 1935220))

table 5 : explain SELECT id, c FROM sbtest5 WHERE id BETWEEN 1935120 AND 1935220
	Index Scan using sbtest5_pkey on sbtest5  (cost=0.43..388.85 rows=98 width=125)
	  Index Cond: ((id >= 1935120) AND (id <= 1935220))

table 6 : explain SELECT id, c FROM sbtest6 WHERE id BETWEEN 1935120 AND 1935220
	Index Scan using sbtest6_pkey on sbtest6  (cost=0.43..422.30 rows=107 width=125)
	  Index Cond: ((id >= 1935120) AND (id <= 1935220))

table 7 : explain SELECT id, c FROM sbtest7 WHERE id BETWEEN 1935120 AND 1935220
	Index Scan using sbtest7_pkey on sbtest7  (cost=0.43..398.11 rows=100 width=125)
	  Index Cond: ((id >= 1935120) AND (id <= 1935220))

table 8 : explain SELECT id, c FROM sbtest8 WHERE id BETWEEN 1935120 AND 1935220
	Index Scan using sbtest8_pkey on sbtest8  (cost=0.43..408.84 rows=103 width=125)
	  Index Cond: ((id >= 1935120) AND (id <= 1935220))

explain: for range-notcovered :: explain SELECT id, c FROM sbtest%d WHERE id BETWEEN 1935120 AND 1935220
for range-notcovered
table 1 : explain SELECT id, c FROM sbtest1 WHERE id BETWEEN 4909246 AND 4909346
	Index Scan using sbtest1_pkey on sbtest1  (cost=0.43..374.12 rows=94 width=125)
	  Index Cond: ((id >= 4909246) AND (id <= 4909346))

table 2 : explain SELECT id, c FROM sbtest2 WHERE id BETWEEN 4909246 AND 4909346
	Index Scan using sbtest2_pkey on sbtest2  (cost=0.43..381.86 rows=96 width=125)
	  Index Cond: ((id >= 4909246) AND (id <= 4909346))

table 3 : explain SELECT id, c FROM sbtest3 WHERE id BETWEEN 4909246 AND 4909346
	Index Scan using sbtest3_pkey on sbtest3  (cost=0.43..424.32 rows=107 width=125)
	  Index Cond: ((id >= 4909246) AND (id <= 4909346))

table 4 : explain SELECT id, c FROM sbtest4 WHERE id BETWEEN 4909246 AND 4909346
	Index Scan using sbtest4_pkey on sbtest4  (cost=0.43..365.33 rows=92 width=125)
	  Index Cond: ((id >= 4909246) AND (id <= 4909346))

table 5 : explain SELECT id, c FROM sbtest5 WHERE id BETWEEN 4909246 AND 4909346
	Index Scan using sbtest5_pkey on sbtest5  (cost=0.43..420.21 rows=106 width=125)
	  Index Cond: ((id >= 4909246) AND (id <= 4909346))

table 6 : explain SELECT id, c FROM sbtest6 WHERE id BETWEEN 4909246 AND 4909346
	Index Scan using sbtest6_pkey on sbtest6  (cost=0.43..340.30 rows=86 width=125)
	  Index Cond: ((id >= 4909246) AND (id <= 4909346))

table 7 : explain SELECT id, c FROM sbtest7 WHERE id BETWEEN 4909246 AND 4909346
	Index Scan using sbtest7_pkey on sbtest7  (cost=0.43..429.59 rows=108 width=125)
	  Index Cond: ((id >= 4909246) AND (id <= 4909346))

table 8 : explain SELECT id, c FROM sbtest8 WHERE id BETWEEN 4909246 AND 4909346
	Index Scan using sbtest8_pkey on sbtest8  (cost=0.43..444.16 rows=112 width=125)
	  Index Cond: ((id >= 4909246) AND (id <= 4909346))

explain: for range-notcovered :: explain SELECT id, c FROM sbtest%d WHERE id BETWEEN 4909246 AND 4909346
for range-notcovered
table 1 : explain SELECT id, c FROM sbtest1 WHERE id BETWEEN 4916640 AND 4916740
	Index Scan using sbtest1_pkey on sbtest1  (cost=0.43..374.12 rows=94 width=125)
	  Index Cond: ((id >= 4916640) AND (id <= 4916740))

table 2 : explain SELECT id, c FROM sbtest2 WHERE id BETWEEN 4916640 AND 4916740
	Index Scan using sbtest2_pkey on sbtest2  (cost=0.43..381.86 rows=96 width=125)
	  Index Cond: ((id >= 4916640) AND (id <= 4916740))

table 3 : explain SELECT id, c FROM sbtest3 WHERE id BETWEEN 4916640 AND 4916740
	Index Scan using sbtest3_pkey on sbtest3  (cost=0.43..424.32 rows=107 width=125)
	  Index Cond: ((id >= 4916640) AND (id <= 4916740))

table 4 : explain SELECT id, c FROM sbtest4 WHERE id BETWEEN 4916640 AND 4916740
	Index Scan using sbtest4_pkey on sbtest4  (cost=0.43..365.33 rows=92 width=125)
	  Index Cond: ((id >= 4916640) AND (id <= 4916740))

table 5 : explain SELECT id, c FROM sbtest5 WHERE id BETWEEN 4916640 AND 4916740
	Index Scan using sbtest5_pkey on sbtest5  (cost=0.43..420.21 rows=106 width=125)
	  Index Cond: ((id >= 4916640) AND (id <= 4916740))

table 6 : explain SELECT id, c FROM sbtest6 WHERE id BETWEEN 4916640 AND 4916740
	Index Scan using sbtest6_pkey on sbtest6  (cost=0.43..340.30 rows=86 width=125)
	  Index Cond: ((id >= 4916640) AND (id <= 4916740))

table 7 : explain SELECT id, c FROM sbtest7 WHERE id BETWEEN 4916640 AND 4916740
	Index Scan using sbtest7_pkey on sbtest7  (cost=0.43..429.59 rows=108 width=125)
	  Index Cond: ((id >= 4916640) AND (id <= 4916740))

table 8 : explain SELECT id, c FROM sbtest8 WHERE id BETWEEN 4916640 AND 4916740
	Index Scan using sbtest8_pkey on sbtest8  (cost=0.43..444.16 rows=112 width=125)
	  Index Cond: ((id >= 4916640) AND (id <= 4916740))

explain: for range-notcovered :: explain SELECT id, c FROM sbtest%d WHERE id BETWEEN 4916640 AND 4916740
for range-notcovered
table 1 : explain SELECT id, c FROM sbtest1 WHERE id BETWEEN 4909246 AND 4909346
	Index Scan using sbtest1_pkey on sbtest1  (cost=0.43..374.12 rows=94 width=125)
	  Index Cond: ((id >= 4909246) AND (id <= 4909346))

table 2 : explain SELECT id, c FROM sbtest2 WHERE id BETWEEN 4909246 AND 4909346
	Index Scan using sbtest2_pkey on sbtest2  (cost=0.43..381.86 rows=96 width=125)
	  Index Cond: ((id >= 4909246) AND (id <= 4909346))

table 3 : explain SELECT id, c FROM sbtest3 WHERE id BETWEEN 4909246 AND 4909346
	Index Scan using sbtest3_pkey on sbtest3  (cost=0.43..424.32 rows=107 width=125)
	  Index Cond: ((id >= 4909246) AND (id <= 4909346))

table 4 : explain SELECT id, c FROM sbtest4 WHERE id BETWEEN 4909246 AND 4909346
	Index Scan using sbtest4_pkey on sbtest4  (cost=0.43..365.33 rows=92 width=125)
	  Index Cond: ((id >= 4909246) AND (id <= 4909346))

table 5 : explain SELECT id, c FROM sbtest5 WHERE id BETWEEN 4909246 AND 4909346
	Index Scan using sbtest5_pkey on sbtest5  (cost=0.43..420.21 rows=106 width=125)
	  Index Cond: ((id >= 4909246) AND (id <= 4909346))

table 6 : explain SELECT id, c FROM sbtest6 WHERE id BETWEEN 4909246 AND 4909346
	Index Scan using sbtest6_pkey on sbtest6  (cost=0.43..340.30 rows=86 width=125)
	  Index Cond: ((id >= 4909246) AND (id <= 4909346))

table 7 : explain SELECT id, c FROM sbtest7 WHERE id BETWEEN 4909246 AND 4909346
	Index Scan using sbtest7_pkey on sbtest7  (cost=0.43..429.59 rows=108 width=125)
	  Index Cond: ((id >= 4909246) AND (id <= 4909346))

table 8 : explain SELECT id, c FROM sbtest8 WHERE id BETWEEN 4909246 AND 4909346
	Index Scan using sbtest8_pkey on sbtest8  (cost=0.43..444.16 rows=112 width=125)
	  Index Cond: ((id >= 4909246) AND (id <= 4909346))

explain: for range-notcovered :: explain SELECT id, c FROM sbtest%d WHERE id BETWEEN 4909246 AND 4909346
for range-notcovered
table 1 : explain SELECT id, c FROM sbtest1 WHERE id BETWEEN 4916640 AND 4916740
	Index Scan using sbtest1_pkey on sbtest1  (cost=0.43..374.12 rows=94 width=125)
	  Index Cond: ((id >= 4916640) AND (id <= 4916740))

table 2 : explain SELECT id, c FROM sbtest2 WHERE id BETWEEN 4916640 AND 4916740
	Index Scan using sbtest2_pkey on sbtest2  (cost=0.43..381.86 rows=96 width=125)
	  Index Cond: ((id >= 4916640) AND (id <= 4916740))

table 3 : explain SELECT id, c FROM sbtest3 WHERE id BETWEEN 4916640 AND 4916740
	Index Scan using sbtest3_pkey on sbtest3  (cost=0.43..424.32 rows=107 width=125)
	  Index Cond: ((id >= 4916640) AND (id <= 4916740))

table 4 : explain SELECT id, c FROM sbtest4 WHERE id BETWEEN 4916640 AND 4916740
	Index Scan using sbtest4_pkey on sbtest4  (cost=0.43..365.33 rows=92 width=125)
	  Index Cond: ((id >= 4916640) AND (id <= 4916740))

table 5 : explain SELECT id, c FROM sbtest5 WHERE id BETWEEN 4916640 AND 4916740
	Index Scan using sbtest5_pkey on sbtest5  (cost=0.43..420.21 rows=106 width=125)
	  Index Cond: ((id >= 4916640) AND (id <= 4916740))

table 6 : explain SELECT id, c FROM sbtest6 WHERE id BETWEEN 4916640 AND 4916740
	Index Scan using sbtest6_pkey on sbtest6  (cost=0.43..340.30 rows=86 width=125)
	  Index Cond: ((id >= 4916640) AND (id <= 4916740))

table 7 : explain SELECT id, c FROM sbtest7 WHERE id BETWEEN 4916640 AND 4916740
	Index Scan using sbtest7_pkey on sbtest7  (cost=0.43..429.59 rows=108 width=125)
	  Index Cond: ((id >= 4916640) AND (id <= 4916740))

table 8 : explain SELECT id, c FROM sbtest8 WHERE id BETWEEN 4916640 AND 4916740
	Index Scan using sbtest8_pkey on sbtest8  (cost=0.43..444.16 rows=112 width=125)
	  Index Cond: ((id >= 4916640) AND (id <= 4916740))

explain: for range-notcovered :: explain SELECT id, c FROM sbtest%d WHERE id BETWEEN 4916640 AND 4916740
for range-notcovered
table 1 : explain SELECT id, c FROM sbtest1 WHERE id BETWEEN 2307773 AND 2307873
	Index Scan using sbtest1_pkey on sbtest1  (cost=0.43..417.39 rows=105 width=125)
	  Index Cond: ((id >= 2307773) AND (id <= 2307873))

table 2 : explain SELECT id, c FROM sbtest2 WHERE id BETWEEN 2307773 AND 2307873
	Index Scan using sbtest2_pkey on sbtest2  (cost=0.43..393.67 rows=99 width=125)
	  Index Cond: ((id >= 2307773) AND (id <= 2307873))

table 3 : explain SELECT id, c FROM sbtest3 WHERE id BETWEEN 2307773 AND 2307873
	Index Scan using sbtest3_pkey on sbtest3  (cost=0.43..373.30 rows=94 width=125)
	  Index Cond: ((id >= 2307773) AND (id <= 2307873))

table 4 : explain SELECT id, c FROM sbtest4 WHERE id BETWEEN 2307773 AND 2307873
	Index Scan using sbtest4_pkey on sbtest4  (cost=0.43..388.85 rows=98 width=125)
	  Index Cond: ((id >= 2307773) AND (id <= 2307873))

table 5 : explain SELECT id, c FROM sbtest5 WHERE id BETWEEN 2307773 AND 2307873
	Index Scan using sbtest5_pkey on sbtest5  (cost=0.43..373.16 rows=94 width=125)
	  Index Cond: ((id >= 2307773) AND (id <= 2307873))

table 6 : explain SELECT id, c FROM sbtest6 WHERE id BETWEEN 2307773 AND 2307873
	Index Scan using sbtest6_pkey on sbtest6  (cost=0.43..398.88 rows=101 width=125)
	  Index Cond: ((id >= 2307773) AND (id <= 2307873))

table 7 : explain SELECT id, c FROM sbtest7 WHERE id BETWEEN 2307773 AND 2307873
	Index Scan using sbtest7_pkey on sbtest7  (cost=0.43..405.98 rows=102 width=125)
	  Index Cond: ((id >= 2307773) AND (id <= 2307873))

table 8 : explain SELECT id, c FROM sbtest8 WHERE id BETWEEN 2307773 AND 2307873
	Index Scan using sbtest8_pkey on sbtest8  (cost=0.43..440.23 rows=111 width=125)
	  Index Cond: ((id >= 2307773) AND (id <= 2307873))

explain: for range-notcovered :: explain SELECT id, c FROM sbtest%d WHERE id BETWEEN 2307773 AND 2307873
for range-notcovered
table 1 : explain SELECT id, c FROM sbtest1 WHERE id BETWEEN 1935120 AND 1935220
	Index Scan using sbtest1_pkey on sbtest1  (cost=0.43..370.19 rows=93 width=125)
	  Index Cond: ((id >= 1935120) AND (id <= 1935220))

table 2 : explain SELECT id, c FROM sbtest2 WHERE id BETWEEN 1935120 AND 1935220
	Index Scan using sbtest2_pkey on sbtest2  (cost=0.43..393.67 rows=99 width=125)
	  Index Cond: ((id >= 1935120) AND (id <= 1935220))

table 3 : explain SELECT id, c FROM sbtest3 WHERE id BETWEEN 1935120 AND 1935220
	Index Scan using sbtest3_pkey on sbtest3  (cost=0.43..416.47 rows=105 width=125)
	  Index Cond: ((id >= 1935120) AND (id <= 1935220))

table 4 : explain SELECT id, c FROM sbtest4 WHERE id BETWEEN 1935120 AND 1935220
	Index Scan using sbtest4_pkey on sbtest4  (cost=0.43..369.25 rows=93 width=125)
	  Index Cond: ((id >= 1935120) AND (id <= 1935220))

table 5 : explain SELECT id, c FROM sbtest5 WHERE id BETWEEN 1935120 AND 1935220
	Index Scan using sbtest5_pkey on sbtest5  (cost=0.43..388.85 rows=98 width=125)
	  Index Cond: ((id >= 1935120) AND (id <= 1935220))

table 6 : explain SELECT id, c FROM sbtest6 WHERE id BETWEEN 1935120 AND 1935220
	Index Scan using sbtest6_pkey on sbtest6  (cost=0.43..422.30 rows=107 width=125)
	  Index Cond: ((id >= 1935120) AND (id <= 1935220))

table 7 : explain SELECT id, c FROM sbtest7 WHERE id BETWEEN 1935120 AND 1935220
	Index Scan using sbtest7_pkey on sbtest7  (cost=0.43..398.11 rows=100 width=125)
	  Index Cond: ((id >= 1935120) AND (id <= 1935220))

table 8 : explain SELECT id, c FROM sbtest8 WHERE id BETWEEN 1935120 AND 1935220
	Index Scan using sbtest8_pkey on sbtest8  (cost=0.43..408.84 rows=103 width=125)
	  Index Cond: ((id >= 1935120) AND (id <= 1935220))

for range-notcovered
table 1 : explain SELECT id, c FROM sbtest1 WHERE id BETWEEN 8978943 AND 8979043
	Index Scan using sbtest1_pkey on sbtest1  (cost=0.43..437.04 rows=110 width=125)
	  Index Cond: ((id >= 8978943) AND (id <= 8979043))

table 2 : explain SELECT id, c FROM sbtest2 WHERE id BETWEEN 8978943 AND 8979043
	Index Scan using sbtest2_pkey on sbtest2  (cost=0.43..385.79 rows=97 width=125)
	  Index Cond: ((id >= 8978943) AND (id <= 8979043))

table 3 : explain SELECT id, c FROM sbtest3 WHERE id BETWEEN 8978943 AND 8979043
	Index Scan using sbtest3_pkey on sbtest3  (cost=0.43..349.76 rows=88 width=125)
	  Index Cond: ((id >= 8978943) AND (id <= 8979043))

table 4 : explain SELECT id, c FROM sbtest4 WHERE id BETWEEN 8978943 AND 8979043
	Index Scan using sbtest4_pkey on sbtest4  (cost=0.43..420.22 rows=106 width=125)
	  Index Cond: ((id >= 8978943) AND (id <= 8979043))

table 5 : explain SELECT id, c FROM sbtest5 WHERE id BETWEEN 8978943 AND 8979043
	Index Scan using sbtest5_pkey on sbtest5  (cost=0.43..369.24 rows=93 width=125)
	  Index Cond: ((id >= 8978943) AND (id <= 8979043))

table 6 : explain SELECT id, c FROM sbtest6 WHERE id BETWEEN 8978943 AND 8979043
	Index Scan using sbtest6_pkey on sbtest6  (cost=0.43..387.17 rows=98 width=125)
	  Index Cond: ((id >= 8978943) AND (id <= 8979043))

table 7 : explain SELECT id, c FROM sbtest7 WHERE id BETWEEN 8978943 AND 8979043
	Index Scan using sbtest7_pkey on sbtest7  (cost=0.43..425.66 rows=107 width=125)
	  Index Cond: ((id >= 8978943) AND (id <= 8979043))

table 8 : explain SELECT id, c FROM sbtest8 WHERE id BETWEEN 8978943 AND 8979043
	Index Scan using sbtest8_pkey on sbtest8  (cost=0.43..428.46 rows=108 width=125)
	  Index Cond: ((id >= 8978943) AND (id <= 8979043))

for range-notcovered
table 1 : explain SELECT id, c FROM sbtest1 WHERE id BETWEEN 5208884 AND 5208984
	Index Scan using sbtest1_pkey on sbtest1  (cost=0.43..385.91 rows=97 width=125)
	  Index Cond: ((id >= 5208884) AND (id <= 5208984))

table 2 : explain SELECT id, c FROM sbtest2 WHERE id BETWEEN 5208884 AND 5208984
	Index Scan using sbtest2_pkey on sbtest2  (cost=0.43..429.04 rows=108 width=125)
	  Index Cond: ((id >= 5208884) AND (id <= 5208984))

table 3 : explain SELECT id, c FROM sbtest3 WHERE id BETWEEN 5208884 AND 5208984
	Index Scan using sbtest3_pkey on sbtest3  (cost=0.43..381.14 rows=96 width=125)
	  Index Cond: ((id >= 5208884) AND (id <= 5208984))

table 4 : explain SELECT id, c FROM sbtest4 WHERE id BETWEEN 5208884 AND 5208984
	Index Scan using sbtest4_pkey on sbtest4  (cost=0.43..408.46 rows=103 width=125)
	  Index Cond: ((id >= 5208884) AND (id <= 5208984))

table 5 : explain SELECT id, c FROM sbtest5 WHERE id BETWEEN 5208884 AND 5208984
	Index Scan using sbtest5_pkey on sbtest5  (cost=0.43..361.40 rows=91 width=125)
	  Index Cond: ((id >= 5208884) AND (id <= 5208984))

table 6 : explain SELECT id, c FROM sbtest6 WHERE id BETWEEN 5208884 AND 5208984
	Index Scan using sbtest6_pkey on sbtest6  (cost=0.43..387.17 rows=98 width=125)
	  Index Cond: ((id >= 5208884) AND (id <= 5208984))

table 7 : explain SELECT id, c FROM sbtest7 WHERE id BETWEEN 5208884 AND 5208984
	Index Scan using sbtest7_pkey on sbtest7  (cost=0.43..402.05 rows=101 width=125)
	  Index Cond: ((id >= 5208884) AND (id <= 5208984))

table 8 : explain SELECT id, c FROM sbtest8 WHERE id BETWEEN 5208884 AND 5208984
	Index Scan using sbtest8_pkey on sbtest8  (cost=0.43..424.53 rows=107 width=125)
	  Index Cond: ((id >= 5208884) AND (id <= 5208984))

for range-notcovered
table 1 : explain SELECT id, c FROM sbtest1 WHERE id BETWEEN 5057664 AND 5057764
	Index Scan using sbtest1_pkey on sbtest1  (cost=0.43..413.46 rows=104 width=125)
	  Index Cond: ((id >= 5057664) AND (id <= 5057764))

table 2 : explain SELECT id, c FROM sbtest2 WHERE id BETWEEN 5057664 AND 5057764
	Index Scan using sbtest2_pkey on sbtest2  (cost=0.43..417.25 rows=105 width=125)
	  Index Cond: ((id >= 5057664) AND (id <= 5057764))

table 3 : explain SELECT id, c FROM sbtest3 WHERE id BETWEEN 5057664 AND 5057764
	Index Scan using sbtest3_pkey on sbtest3  (cost=0.43..416.47 rows=105 width=125)
	  Index Cond: ((id >= 5057664) AND (id <= 5057764))

table 4 : explain SELECT id, c FROM sbtest4 WHERE id BETWEEN 5057664 AND 5057764
	Index Scan using sbtest4_pkey on sbtest4  (cost=0.43..392.77 rows=99 width=125)
	  Index Cond: ((id >= 5057664) AND (id <= 5057764))

table 5 : explain SELECT id, c FROM sbtest5 WHERE id BETWEEN 5057664 AND 5057764
	Index Scan using sbtest5_pkey on sbtest5  (cost=0.43..424.13 rows=107 width=125)
	  Index Cond: ((id >= 5057664) AND (id <= 5057764))

table 6 : explain SELECT id, c FROM sbtest6 WHERE id BETWEEN 5057664 AND 5057764
	Index Scan using sbtest6_pkey on sbtest6  (cost=0.43..371.52 rows=94 width=125)
	  Index Cond: ((id >= 5057664) AND (id <= 5057764))

table 7 : explain SELECT id, c FROM sbtest7 WHERE id BETWEEN 5057664 AND 5057764
	Index Scan using sbtest7_pkey on sbtest7  (cost=0.43..409.92 rows=103 width=125)
	  Index Cond: ((id >= 5057664) AND (id <= 5057764))

table 8 : explain SELECT id, c FROM sbtest8 WHERE id BETWEEN 5057664 AND 5057764
	Index Scan using sbtest8_pkey on sbtest8  (cost=0.43..420.61 rows=106 width=125)
	  Index Cond: ((id >= 5057664) AND (id <= 5057764))

explain: for range-notcovered :: explain SELECT id, c FROM sbtest%d WHERE id BETWEEN 5057664 AND 5057764
for range-notcovered
table 1 : explain SELECT id, c FROM sbtest1 WHERE id BETWEEN 4916640 AND 4916740
	Index Scan using sbtest1_pkey on sbtest1  (cost=0.43..374.12 rows=94 width=125)
	  Index Cond: ((id >= 4916640) AND (id <= 4916740))

table 2 : explain SELECT id, c FROM sbtest2 WHERE id BETWEEN 4916640 AND 4916740
	Index Scan using sbtest2_pkey on sbtest2  (cost=0.43..381.86 rows=96 width=125)
	  Index Cond: ((id >= 4916640) AND (id <= 4916740))

table 3 : explain SELECT id, c FROM sbtest3 WHERE id BETWEEN 4916640 AND 4916740
	Index Scan using sbtest3_pkey on sbtest3  (cost=0.43..424.32 rows=107 width=125)
	  Index Cond: ((id >= 4916640) AND (id <= 4916740))

table 4 : explain SELECT id, c FROM sbtest4 WHERE id BETWEEN 4916640 AND 4916740
	Index Scan using sbtest4_pkey on sbtest4  (cost=0.43..365.33 rows=92 width=125)
	  Index Cond: ((id >= 4916640) AND (id <= 4916740))

table 5 : explain SELECT id, c FROM sbtest5 WHERE id BETWEEN 4916640 AND 4916740
	Index Scan using sbtest5_pkey on sbtest5  (cost=0.43..420.21 rows=106 width=125)
	  Index Cond: ((id >= 4916640) AND (id <= 4916740))

table 6 : explain SELECT id, c FROM sbtest6 WHERE id BETWEEN 4916640 AND 4916740
	Index Scan using sbtest6_pkey on sbtest6  (cost=0.43..340.30 rows=86 width=125)
	  Index Cond: ((id >= 4916640) AND (id <= 4916740))

table 7 : explain SELECT id, c FROM sbtest7 WHERE id BETWEEN 4916640 AND 4916740
	Index Scan using sbtest7_pkey on sbtest7  (cost=0.43..429.59 rows=108 width=125)
	  Index Cond: ((id >= 4916640) AND (id <= 4916740))

table 8 : explain SELECT id, c FROM sbtest8 WHERE id BETWEEN 4916640 AND 4916740
	Index Scan using sbtest8_pkey on sbtest8  (cost=0.43..444.16 rows=112 width=125)
	  Index Cond: ((id >= 4916640) AND (id <= 4916740))

explain: for range-notcovered :: explain SELECT id, c FROM sbtest%d WHERE id BETWEEN 8978943 AND 8979043
explain: for range-notcovered :: explain SELECT id, c FROM sbtest%d WHERE id BETWEEN 4916640 AND 4916740
for range-notcovered
table 1 : explain SELECT id, c FROM sbtest1 WHERE id BETWEEN 3393717 AND 3393817
	Index Scan using sbtest1_pkey on sbtest1  (cost=0.43..417.39 rows=105 width=125)
	  Index Cond: ((id >= 3393717) AND (id <= 3393817))

table 2 : explain SELECT id, c FROM sbtest2 WHERE id BETWEEN 3393717 AND 3393817
	Index Scan using sbtest2_pkey on sbtest2  (cost=0.43..385.79 rows=97 width=125)
	  Index Cond: ((id >= 3393717) AND (id <= 3393817))

table 3 : explain SELECT id, c FROM sbtest3 WHERE id BETWEEN 3393717 AND 3393817
	Index Scan using sbtest3_pkey on sbtest3  (cost=0.43..373.30 rows=94 width=125)
	  Index Cond: ((id >= 3393717) AND (id <= 3393817))

table 4 : explain SELECT id, c FROM sbtest4 WHERE id BETWEEN 3393717 AND 3393817
	Index Scan using sbtest4_pkey on sbtest4  (cost=0.43..408.46 rows=103 width=125)
	  Index Cond: ((id >= 3393717) AND (id <= 3393817))

table 5 : explain SELECT id, c FROM sbtest5 WHERE id BETWEEN 3393717 AND 3393817
	Index Scan using sbtest5_pkey on sbtest5  (cost=0.43..388.85 rows=98 width=125)
	  Index Cond: ((id >= 3393717) AND (id <= 3393817))

table 6 : explain SELECT id, c FROM sbtest6 WHERE id BETWEEN 3393717 AND 3393817
	Index Scan using sbtest6_pkey on sbtest6  (cost=0.43..410.59 rows=104 width=125)
	  Index Cond: ((id >= 3393717) AND (id <= 3393817))

table 7 : explain SELECT id, c FROM sbtest7 WHERE id BETWEEN 3393717 AND 3393817
	Index Scan using sbtest7_pkey on sbtest7  (cost=0.43..382.35 rows=96 width=125)
	  Index Cond: ((id >= 3393717) AND (id <= 3393817))

table 8 : explain SELECT id, c FROM sbtest8 WHERE id BETWEEN 3393717 AND 3393817
	Index Scan using sbtest8_pkey on sbtest8  (cost=0.43..365.64 rows=92 width=125)
	  Index Cond: ((id >= 3393717) AND (id <= 3393817))

explain: for range-notcovered :: explain SELECT id, c FROM sbtest%d WHERE id BETWEEN 3393717 AND 3393817
for range-notcovered
table 1 : explain SELECT id, c FROM sbtest1 WHERE id BETWEEN 4909246 AND 4909346
	Index Scan using sbtest1_pkey on sbtest1  (cost=0.43..374.12 rows=94 width=125)
	  Index Cond: ((id >= 4909246) AND (id <= 4909346))

table 2 : explain SELECT id, c FROM sbtest2 WHERE id BETWEEN 4909246 AND 4909346
	Index Scan using sbtest2_pkey on sbtest2  (cost=0.43..381.86 rows=96 width=125)
	  Index Cond: ((id >= 4909246) AND (id <= 4909346))

table 3 : explain SELECT id, c FROM sbtest3 WHERE id BETWEEN 4909246 AND 4909346
	Index Scan using sbtest3_pkey on sbtest3  (cost=0.43..424.32 rows=107 width=125)
	  Index Cond: ((id >= 4909246) AND (id <= 4909346))

table 4 : explain SELECT id, c FROM sbtest4 WHERE id BETWEEN 4909246 AND 4909346
	Index Scan using sbtest4_pkey on sbtest4  (cost=0.43..365.33 rows=92 width=125)
	  Index Cond: ((id >= 4909246) AND (id <= 4909346))

table 5 : explain SELECT id, c FROM sbtest5 WHERE id BETWEEN 4909246 AND 4909346
	Index Scan using sbtest5_pkey on sbtest5  (cost=0.43..420.21 rows=106 width=125)
	  Index Cond: ((id >= 4909246) AND (id <= 4909346))

table 6 : explain SELECT id, c FROM sbtest6 WHERE id BETWEEN 4909246 AND 4909346
	Index Scan using sbtest6_pkey on sbtest6  (cost=0.43..340.30 rows=86 width=125)
	  Index Cond: ((id >= 4909246) AND (id <= 4909346))

table 7 : explain SELECT id, c FROM sbtest7 WHERE id BETWEEN 4909246 AND 4909346
	Index Scan using sbtest7_pkey on sbtest7  (cost=0.43..429.59 rows=108 width=125)
	  Index Cond: ((id >= 4909246) AND (id <= 4909346))

table 8 : explain SELECT id, c FROM sbtest8 WHERE id BETWEEN 4909246 AND 4909346
	Index Scan using sbtest8_pkey on sbtest8  (cost=0.43..444.16 rows=112 width=125)
	  Index Cond: ((id >= 4909246) AND (id <= 4909346))

explain: for range-notcovered :: explain SELECT id, c FROM sbtest%d WHERE id BETWEEN 4909246 AND 4909346
for range-notcovered
table 1 : explain SELECT id, c FROM sbtest1 WHERE id BETWEEN 2307773 AND 2307873
	Index Scan using sbtest1_pkey on sbtest1  (cost=0.43..417.39 rows=105 width=125)
	  Index Cond: ((id >= 2307773) AND (id <= 2307873))

table 2 : explain SELECT id, c FROM sbtest2 WHERE id BETWEEN 2307773 AND 2307873
	Index Scan using sbtest2_pkey on sbtest2  (cost=0.43..393.67 rows=99 width=125)
	  Index Cond: ((id >= 2307773) AND (id <= 2307873))

table 3 : explain SELECT id, c FROM sbtest3 WHERE id BETWEEN 2307773 AND 2307873
	Index Scan using sbtest3_pkey on sbtest3  (cost=0.43..373.30 rows=94 width=125)
	  Index Cond: ((id >= 2307773) AND (id <= 2307873))

table 4 : explain SELECT id, c FROM sbtest4 WHERE id BETWEEN 2307773 AND 2307873
	Index Scan using sbtest4_pkey on sbtest4  (cost=0.43..388.85 rows=98 width=125)
	  Index Cond: ((id >= 2307773) AND (id <= 2307873))

table 5 : explain SELECT id, c FROM sbtest5 WHERE id BETWEEN 2307773 AND 2307873
	Index Scan using sbtest5_pkey on sbtest5  (cost=0.43..373.16 rows=94 width=125)
	  Index Cond: ((id >= 2307773) AND (id <= 2307873))

table 6 : explain SELECT id, c FROM sbtest6 WHERE id BETWEEN 2307773 AND 2307873
	Index Scan using sbtest6_pkey on sbtest6  (cost=0.43..398.88 rows=101 width=125)
	  Index Cond: ((id >= 2307773) AND (id <= 2307873))

table 7 : explain SELECT id, c FROM sbtest7 WHERE id BETWEEN 2307773 AND 2307873
	Index Scan using sbtest7_pkey on sbtest7  (cost=0.43..405.98 rows=102 width=125)
	  Index Cond: ((id >= 2307773) AND (id <= 2307873))

table 8 : explain SELECT id, c FROM sbtest8 WHERE id BETWEEN 2307773 AND 2307873
	Index Scan using sbtest8_pkey on sbtest8  (cost=0.43..440.23 rows=111 width=125)
	  Index Cond: ((id >= 2307773) AND (id <= 2307873))

explain: for range-notcovered :: explain SELECT id, c FROM sbtest%d WHERE id BETWEEN 2307773 AND 2307873
for range-notcovered
table 1 : explain SELECT id, c FROM sbtest1 WHERE id BETWEEN 5057664 AND 5057764
	Index Scan using sbtest1_pkey on sbtest1  (cost=0.43..413.46 rows=104 width=125)
	  Index Cond: ((id >= 5057664) AND (id <= 5057764))

table 2 : explain SELECT id, c FROM sbtest2 WHERE id BETWEEN 5057664 AND 5057764
	Index Scan using sbtest2_pkey on sbtest2  (cost=0.43..417.25 rows=105 width=125)
	  Index Cond: ((id >= 5057664) AND (id <= 5057764))

table 3 : explain SELECT id, c FROM sbtest3 WHERE id BETWEEN 5057664 AND 5057764
	Index Scan using sbtest3_pkey on sbtest3  (cost=0.43..416.47 rows=105 width=125)
	  Index Cond: ((id >= 5057664) AND (id <= 5057764))

table 4 : explain SELECT id, c FROM sbtest4 WHERE id BETWEEN 5057664 AND 5057764
	Index Scan using sbtest4_pkey on sbtest4  (cost=0.43..392.77 rows=99 width=125)
	  Index Cond: ((id >= 5057664) AND (id <= 5057764))

table 5 : explain SELECT id, c FROM sbtest5 WHERE id BETWEEN 5057664 AND 5057764
	Index Scan using sbtest5_pkey on sbtest5  (cost=0.43..424.13 rows=107 width=125)
	  Index Cond: ((id >= 5057664) AND (id <= 5057764))

table 6 : explain SELECT id, c FROM sbtest6 WHERE id BETWEEN 5057664 AND 5057764
	Index Scan using sbtest6_pkey on sbtest6  (cost=0.43..371.52 rows=94 width=125)
	  Index Cond: ((id >= 5057664) AND (id <= 5057764))

table 7 : explain SELECT id, c FROM sbtest7 WHERE id BETWEEN 5057664 AND 5057764
	Index Scan using sbtest7_pkey on sbtest7  (cost=0.43..409.92 rows=103 width=125)
	  Index Cond: ((id >= 5057664) AND (id <= 5057764))

table 8 : explain SELECT id, c FROM sbtest8 WHERE id BETWEEN 5057664 AND 5057764
	Index Scan using sbtest8_pkey on sbtest8  (cost=0.43..420.61 rows=106 width=125)
	  Index Cond: ((id >= 5057664) AND (id <= 5057764))

for range-notcovered
table 1 : explain SELECT id, c FROM sbtest1 WHERE id BETWEEN 8978943 AND 8979043
	Index Scan using sbtest1_pkey on sbtest1  (cost=0.43..437.04 rows=110 width=125)
	  Index Cond: ((id >= 8978943) AND (id <= 8979043))

table 2 : explain SELECT id, c FROM sbtest2 WHERE id BETWEEN 8978943 AND 8979043
	Index Scan using sbtest2_pkey on sbtest2  (cost=0.43..385.79 rows=97 width=125)
	  Index Cond: ((id >= 8978943) AND (id <= 8979043))

table 3 : explain SELECT id, c FROM sbtest3 WHERE id BETWEEN 8978943 AND 8979043
	Index Scan using sbtest3_pkey on sbtest3  (cost=0.43..349.76 rows=88 width=125)
	  Index Cond: ((id >= 8978943) AND (id <= 8979043))

table 4 : explain SELECT id, c FROM sbtest4 WHERE id BETWEEN 8978943 AND 8979043
	Index Scan using sbtest4_pkey on sbtest4  (cost=0.43..420.22 rows=106 width=125)
	  Index Cond: ((id >= 8978943) AND (id <= 8979043))

table 5 : explain SELECT id, c FROM sbtest5 WHERE id BETWEEN 8978943 AND 8979043
	Index Scan using sbtest5_pkey on sbtest5  (cost=0.43..369.24 rows=93 width=125)
	  Index Cond: ((id >= 8978943) AND (id <= 8979043))

table 6 : explain SELECT id, c FROM sbtest6 WHERE id BETWEEN 8978943 AND 8979043
	Index Scan using sbtest6_pkey on sbtest6  (cost=0.43..387.17 rows=98 width=125)
	  Index Cond: ((id >= 8978943) AND (id <= 8979043))

table 7 : explain SELECT id, c FROM sbtest7 WHERE id BETWEEN 8978943 AND 8979043
	Index Scan using sbtest7_pkey on sbtest7  (cost=0.43..425.66 rows=107 width=125)
	  Index Cond: ((id >= 8978943) AND (id <= 8979043))

table 8 : explain SELECT id, c FROM sbtest8 WHERE id BETWEEN 8978943 AND 8979043
	Index Scan using sbtest8_pkey on sbtest8  (cost=0.43..428.46 rows=108 width=125)
	  Index Cond: ((id >= 8978943) AND (id <= 8979043))

explain: for range-notcovered :: explain SELECT id, c FROM sbtest%d WHERE id BETWEEN 5057664 AND 5057764
explain: for range-notcovered :: explain SELECT id, c FROM sbtest%d WHERE id BETWEEN 8978943 AND 8979043
for range-notcovered
table 1 : explain SELECT id, c FROM sbtest1 WHERE id BETWEEN 3393717 AND 3393817
	Index Scan using sbtest1_pkey on sbtest1  (cost=0.43..417.39 rows=105 width=125)
	  Index Cond: ((id >= 3393717) AND (id <= 3393817))

table 2 : explain SELECT id, c FROM sbtest2 WHERE id BETWEEN 3393717 AND 3393817
	Index Scan using sbtest2_pkey on sbtest2  (cost=0.43..385.79 rows=97 width=125)
	  Index Cond: ((id >= 3393717) AND (id <= 3393817))

table 3 : explain SELECT id, c FROM sbtest3 WHERE id BETWEEN 3393717 AND 3393817
	Index Scan using sbtest3_pkey on sbtest3  (cost=0.43..373.30 rows=94 width=125)
	  Index Cond: ((id >= 3393717) AND (id <= 3393817))

table 4 : explain SELECT id, c FROM sbtest4 WHERE id BETWEEN 3393717 AND 3393817
	Index Scan using sbtest4_pkey on sbtest4  (cost=0.43..408.46 rows=103 width=125)
	  Index Cond: ((id >= 3393717) AND (id <= 3393817))

table 5 : explain SELECT id, c FROM sbtest5 WHERE id BETWEEN 3393717 AND 3393817
	Index Scan using sbtest5_pkey on sbtest5  (cost=0.43..388.85 rows=98 width=125)
	  Index Cond: ((id >= 3393717) AND (id <= 3393817))

table 6 : explain SELECT id, c FROM sbtest6 WHERE id BETWEEN 3393717 AND 3393817
	Index Scan using sbtest6_pkey on sbtest6  (cost=0.43..410.59 rows=104 width=125)
	  Index Cond: ((id >= 3393717) AND (id <= 3393817))

table 7 : explain SELECT id, c FROM sbtest7 WHERE id BETWEEN 3393717 AND 3393817
	Index Scan using sbtest7_pkey on sbtest7  (cost=0.43..382.35 rows=96 width=125)
	  Index Cond: ((id >= 3393717) AND (id <= 3393817))

table 8 : explain SELECT id, c FROM sbtest8 WHERE id BETWEEN 3393717 AND 3393817
	Index Scan using sbtest8_pkey on sbtest8  (cost=0.43..365.64 rows=92 width=125)
	  Index Cond: ((id >= 3393717) AND (id <= 3393817))

explain: for range-notcovered :: explain SELECT id, c FROM sbtest%d WHERE id BETWEEN 3393717 AND 3393817
for range-notcovered
table 1 : explain SELECT id, c FROM sbtest1 WHERE id BETWEEN 5057664 AND 5057764
	Index Scan using sbtest1_pkey on sbtest1  (cost=0.43..413.46 rows=104 width=125)
	  Index Cond: ((id >= 5057664) AND (id <= 5057764))

table 2 : explain SELECT id, c FROM sbtest2 WHERE id BETWEEN 5057664 AND 5057764
	Index Scan using sbtest2_pkey on sbtest2  (cost=0.43..417.25 rows=105 width=125)
	  Index Cond: ((id >= 5057664) AND (id <= 5057764))

table 3 : explain SELECT id, c FROM sbtest3 WHERE id BETWEEN 5057664 AND 5057764
	Index Scan using sbtest3_pkey on sbtest3  (cost=0.43..416.47 rows=105 width=125)
	  Index Cond: ((id >= 5057664) AND (id <= 5057764))

table 4 : explain SELECT id, c FROM sbtest4 WHERE id BETWEEN 5057664 AND 5057764
	Index Scan using sbtest4_pkey on sbtest4  (cost=0.43..392.77 rows=99 width=125)
	  Index Cond: ((id >= 5057664) AND (id <= 5057764))

table 5 : explain SELECT id, c FROM sbtest5 WHERE id BETWEEN 5057664 AND 5057764
	Index Scan using sbtest5_pkey on sbtest5  (cost=0.43..424.13 rows=107 width=125)
	  Index Cond: ((id >= 5057664) AND (id <= 5057764))

table 6 : explain SELECT id, c FROM sbtest6 WHERE id BETWEEN 5057664 AND 5057764
	Index Scan using sbtest6_pkey on sbtest6  (cost=0.43..371.52 rows=94 width=125)
	  Index Cond: ((id >= 5057664) AND (id <= 5057764))

table 7 : explain SELECT id, c FROM sbtest7 WHERE id BETWEEN 5057664 AND 5057764
	Index Scan using sbtest7_pkey on sbtest7  (cost=0.43..409.92 rows=103 width=125)
	  Index Cond: ((id >= 5057664) AND (id <= 5057764))

table 8 : explain SELECT id, c FROM sbtest8 WHERE id BETWEEN 5057664 AND 5057764
	Index Scan using sbtest8_pkey on sbtest8  (cost=0.43..420.61 rows=106 width=125)
	  Index Cond: ((id >= 5057664) AND (id <= 5057764))

for range-notcovered
table 1 : explain SELECT id, c FROM sbtest1 WHERE id BETWEEN 8978943 AND 8979043
	Index Scan using sbtest1_pkey on sbtest1  (cost=0.43..437.04 rows=110 width=125)
	  Index Cond: ((id >= 8978943) AND (id <= 8979043))

table 2 : explain SELECT id, c FROM sbtest2 WHERE id BETWEEN 8978943 AND 8979043
	Index Scan using sbtest2_pkey on sbtest2  (cost=0.43..385.79 rows=97 width=125)
	  Index Cond: ((id >= 8978943) AND (id <= 8979043))

table 3 : explain SELECT id, c FROM sbtest3 WHERE id BETWEEN 8978943 AND 8979043
	Index Scan using sbtest3_pkey on sbtest3  (cost=0.43..349.76 rows=88 width=125)
	  Index Cond: ((id >= 8978943) AND (id <= 8979043))

table 4 : explain SELECT id, c FROM sbtest4 WHERE id BETWEEN 8978943 AND 8979043
	Index Scan using sbtest4_pkey on sbtest4  (cost=0.43..420.22 rows=106 width=125)
	  Index Cond: ((id >= 8978943) AND (id <= 8979043))

table 5 : explain SELECT id, c FROM sbtest5 WHERE id BETWEEN 8978943 AND 8979043
	Index Scan using sbtest5_pkey on sbtest5  (cost=0.43..369.24 rows=93 width=125)
	  Index Cond: ((id >= 8978943) AND (id <= 8979043))

table 6 : explain SELECT id, c FROM sbtest6 WHERE id BETWEEN 8978943 AND 8979043
	Index Scan using sbtest6_pkey on sbtest6  (cost=0.43..387.17 rows=98 width=125)
	  Index Cond: ((id >= 8978943) AND (id <= 8979043))

table 7 : explain SELECT id, c FROM sbtest7 WHERE id BETWEEN 8978943 AND 8979043
	Index Scan using sbtest7_pkey on sbtest7  (cost=0.43..425.66 rows=107 width=125)
	  Index Cond: ((id >= 8978943) AND (id <= 8979043))

table 8 : explain SELECT id, c FROM sbtest8 WHERE id BETWEEN 8978943 AND 8979043
	Index Scan using sbtest8_pkey on sbtest8  (cost=0.43..428.46 rows=108 width=125)
	  Index Cond: ((id >= 8978943) AND (id <= 8979043))

explain: for range-notcovered :: explain SELECT id, c FROM sbtest%d WHERE id BETWEEN 5057664 AND 5057764
explain: for range-notcovered :: explain SELECT id, c FROM sbtest%d WHERE id BETWEEN 8978943 AND 8979043
for range-notcovered
table 1 : explain SELECT id, c FROM sbtest1 WHERE id BETWEEN 2307773 AND 2307873
	Index Scan using sbtest1_pkey on sbtest1  (cost=0.43..417.39 rows=105 width=125)
	  Index Cond: ((id >= 2307773) AND (id <= 2307873))

table 2 : explain SELECT id, c FROM sbtest2 WHERE id BETWEEN 2307773 AND 2307873
	Index Scan using sbtest2_pkey on sbtest2  (cost=0.43..393.67 rows=99 width=125)
	  Index Cond: ((id >= 2307773) AND (id <= 2307873))

table 3 : explain SELECT id, c FROM sbtest3 WHERE id BETWEEN 2307773 AND 2307873
	Index Scan using sbtest3_pkey on sbtest3  (cost=0.43..373.30 rows=94 width=125)
	  Index Cond: ((id >= 2307773) AND (id <= 2307873))

table 4 : explain SELECT id, c FROM sbtest4 WHERE id BETWEEN 2307773 AND 2307873
	Index Scan using sbtest4_pkey on sbtest4  (cost=0.43..388.85 rows=98 width=125)
	  Index Cond: ((id >= 2307773) AND (id <= 2307873))

table 5 : explain SELECT id, c FROM sbtest5 WHERE id BETWEEN 2307773 AND 2307873
	Index Scan using sbtest5_pkey on sbtest5  (cost=0.43..373.16 rows=94 width=125)
	  Index Cond: ((id >= 2307773) AND (id <= 2307873))

table 6 : explain SELECT id, c FROM sbtest6 WHERE id BETWEEN 2307773 AND 2307873
	Index Scan using sbtest6_pkey on sbtest6  (cost=0.43..398.88 rows=101 width=125)
	  Index Cond: ((id >= 2307773) AND (id <= 2307873))

table 7 : explain SELECT id, c FROM sbtest7 WHERE id BETWEEN 2307773 AND 2307873
	Index Scan using sbtest7_pkey on sbtest7  (cost=0.43..405.98 rows=102 width=125)
	  Index Cond: ((id >= 2307773) AND (id <= 2307873))

table 8 : explain SELECT id, c FROM sbtest8 WHERE id BETWEEN 2307773 AND 2307873
	Index Scan using sbtest8_pkey on sbtest8  (cost=0.43..440.23 rows=111 width=125)
	  Index Cond: ((id >= 2307773) AND (id <= 2307873))

for range-notcovered
table 1 : explain SELECT id, c FROM sbtest1 WHERE id BETWEEN 4909246 AND 4909346
	Index Scan using sbtest1_pkey on sbtest1  (cost=0.43..374.12 rows=94 width=125)
	  Index Cond: ((id >= 4909246) AND (id <= 4909346))

table 2 : explain SELECT id, c FROM sbtest2 WHERE id BETWEEN 4909246 AND 4909346
	Index Scan using sbtest2_pkey on sbtest2  (cost=0.43..381.86 rows=96 width=125)
	  Index Cond: ((id >= 4909246) AND (id <= 4909346))

table 3 : explain SELECT id, c FROM sbtest3 WHERE id BETWEEN 4909246 AND 4909346
	Index Scan using sbtest3_pkey on sbtest3  (cost=0.43..424.32 rows=107 width=125)
	  Index Cond: ((id >= 4909246) AND (id <= 4909346))

table 4 : explain SELECT id, c FROM sbtest4 WHERE id BETWEEN 4909246 AND 4909346
	Index Scan using sbtest4_pkey on sbtest4  (cost=0.43..365.33 rows=92 width=125)
	  Index Cond: ((id >= 4909246) AND (id <= 4909346))

table 5 : explain SELECT id, c FROM sbtest5 WHERE id BETWEEN 4909246 AND 4909346
	Index Scan using sbtest5_pkey on sbtest5  (cost=0.43..420.21 rows=106 width=125)
	  Index Cond: ((id >= 4909246) AND (id <= 4909346))

table 6 : explain SELECT id, c FROM sbtest6 WHERE id BETWEEN 4909246 AND 4909346
	Index Scan using sbtest6_pkey on sbtest6  (cost=0.43..340.30 rows=86 width=125)
	  Index Cond: ((id >= 4909246) AND (id <= 4909346))

table 7 : explain SELECT id, c FROM sbtest7 WHERE id BETWEEN 4909246 AND 4909346
	Index Scan using sbtest7_pkey on sbtest7  (cost=0.43..429.59 rows=108 width=125)
	  Index Cond: ((id >= 4909246) AND (id <= 4909346))

table 8 : explain SELECT id, c FROM sbtest8 WHERE id BETWEEN 4909246 AND 4909346
	Index Scan using sbtest8_pkey on sbtest8  (cost=0.43..444.16 rows=112 width=125)
	  Index Cond: ((id >= 4909246) AND (id <= 4909346))

for range-notcovered
table 1 : explain SELECT id, c FROM sbtest1 WHERE id BETWEEN 3393717 AND 3393817
	Index Scan using sbtest1_pkey on sbtest1  (cost=0.43..417.39 rows=105 width=125)
	  Index Cond: ((id >= 3393717) AND (id <= 3393817))

table 2 : explain SELECT id, c FROM sbtest2 WHERE id BETWEEN 3393717 AND 3393817
	Index Scan using sbtest2_pkey on sbtest2  (cost=0.43..385.79 rows=97 width=125)
	  Index Cond: ((id >= 3393717) AND (id <= 3393817))

table 3 : explain SELECT id, c FROM sbtest3 WHERE id BETWEEN 3393717 AND 3393817
	Index Scan using sbtest3_pkey on sbtest3  (cost=0.43..373.30 rows=94 width=125)
	  Index Cond: ((id >= 3393717) AND (id <= 3393817))

table 4 : explain SELECT id, c FROM sbtest4 WHERE id BETWEEN 3393717 AND 3393817
	Index Scan using sbtest4_pkey on sbtest4  (cost=0.43..408.46 rows=103 width=125)
	  Index Cond: ((id >= 3393717) AND (id <= 3393817))

table 5 : explain SELECT id, c FROM sbtest5 WHERE id BETWEEN 3393717 AND 3393817
	Index Scan using sbtest5_pkey on sbtest5  (cost=0.43..388.85 rows=98 width=125)
	  Index Cond: ((id >= 3393717) AND (id <= 3393817))

table 6 : explain SELECT id, c FROM sbtest6 WHERE id BETWEEN 3393717 AND 3393817
	Index Scan using sbtest6_pkey on sbtest6  (cost=0.43..410.59 rows=104 width=125)
	  Index Cond: ((id >= 3393717) AND (id <= 3393817))

table 7 : explain SELECT id, c FROM sbtest7 WHERE id BETWEEN 3393717 AND 3393817
	Index Scan using sbtest7_pkey on sbtest7  (cost=0.43..382.35 rows=96 width=125)
	  Index Cond: ((id >= 3393717) AND (id <= 3393817))

table 8 : explain SELECT id, c FROM sbtest8 WHERE id BETWEEN 3393717 AND 3393817
	Index Scan using sbtest8_pkey on sbtest8  (cost=0.43..365.64 rows=92 width=125)
	  Index Cond: ((id >= 3393717) AND (id <= 3393817))

explain: for range-notcovered :: explain SELECT id, c FROM sbtest%d WHERE id BETWEEN 2307773 AND 2307873
explain: for range-notcovered :: explain SELECT id, c FROM sbtest%d WHERE id BETWEEN 4909246 AND 4909346
explain: for range-notcovered :: explain SELECT id, c FROM sbtest%d WHERE id BETWEEN 3393717 AND 3393817
for range-notcovered
table 1 : explain SELECT id, c FROM sbtest1 WHERE id BETWEEN 4642695 AND 4642795
	Index Scan using sbtest1_pkey on sbtest1  (cost=0.43..429.18 rows=108 width=125)
	  Index Cond: ((id >= 4642695) AND (id <= 4642795))

table 2 : explain SELECT id, c FROM sbtest2 WHERE id BETWEEN 4642695 AND 4642795
	Index Scan using sbtest2_pkey on sbtest2  (cost=0.43..405.46 rows=102 width=125)
	  Index Cond: ((id >= 4642695) AND (id <= 4642795))

table 3 : explain SELECT id, c FROM sbtest3 WHERE id BETWEEN 4642695 AND 4642795
	Index Scan using sbtest3_pkey on sbtest3  (cost=0.43..412.55 rows=104 width=125)
	  Index Cond: ((id >= 4642695) AND (id <= 4642795))

table 4 : explain SELECT id, c FROM sbtest4 WHERE id BETWEEN 4642695 AND 4642795
	Index Scan using sbtest4_pkey on sbtest4  (cost=0.43..396.69 rows=100 width=125)
	  Index Cond: ((id >= 4642695) AND (id <= 4642795))

table 5 : explain SELECT id, c FROM sbtest5 WHERE id BETWEEN 4642695 AND 4642795
	Index Scan using sbtest5_pkey on sbtest5  (cost=0.43..443.74 rows=112 width=125)
	  Index Cond: ((id >= 4642695) AND (id <= 4642795))

table 6 : explain SELECT id, c FROM sbtest6 WHERE id BETWEEN 4642695 AND 4642795
	Index Scan using sbtest6_pkey on sbtest6  (cost=0.43..363.72 rows=92 width=125)
	  Index Cond: ((id >= 4642695) AND (id <= 4642795))

table 7 : explain SELECT id, c FROM sbtest7 WHERE id BETWEEN 4642695 AND 4642795
	Index Scan using sbtest7_pkey on sbtest7  (cost=0.43..413.85 rows=104 width=125)
	  Index Cond: ((id >= 4642695) AND (id <= 4642795))

table 8 : explain SELECT id, c FROM sbtest8 WHERE id BETWEEN 4642695 AND 4642795
	Index Scan using sbtest8_pkey on sbtest8  (cost=0.43..381.34 rows=96 width=125)
	  Index Cond: ((id >= 4642695) AND (id <= 4642795))

for range-notcovered
table 1 : explain SELECT id, c FROM sbtest1 WHERE id BETWEEN 6313208 AND 6313308
	Index Scan using sbtest1_pkey on sbtest1  (cost=0.43..389.85 rows=98 width=125)
	  Index Cond: ((id >= 6313208) AND (id <= 6313308))

table 2 : explain SELECT id, c FROM sbtest2 WHERE id BETWEEN 6313208 AND 6313308
	Index Scan using sbtest2_pkey on sbtest2  (cost=0.43..413.32 rows=104 width=125)
	  Index Cond: ((id >= 6313208) AND (id <= 6313308))

table 3 : explain SELECT id, c FROM sbtest3 WHERE id BETWEEN 6313208 AND 6313308
	Index Scan using sbtest3_pkey on sbtest3  (cost=0.43..381.14 rows=96 width=125)
	  Index Cond: ((id >= 6313208) AND (id <= 6313308))

table 4 : explain SELECT id, c FROM sbtest4 WHERE id BETWEEN 6313208 AND 6313308
	Index Scan using sbtest4_pkey on sbtest4  (cost=0.43..435.90 rows=110 width=125)
	  Index Cond: ((id >= 6313208) AND (id <= 6313308))

table 5 : explain SELECT id, c FROM sbtest5 WHERE id BETWEEN 6313208 AND 6313308
	Index Scan using sbtest5_pkey on sbtest5  (cost=0.43..396.69 rows=100 width=125)
	  Index Cond: ((id >= 6313208) AND (id <= 6313308))

table 6 : explain SELECT id, c FROM sbtest6 WHERE id BETWEEN 6313208 AND 6313308
	Index Scan using sbtest6_pkey on sbtest6  (cost=0.43..383.26 rows=97 width=125)
	  Index Cond: ((id >= 6313208) AND (id <= 6313308))

table 7 : explain SELECT id, c FROM sbtest7 WHERE id BETWEEN 6313208 AND 6313308
	Index Scan using sbtest7_pkey on sbtest7  (cost=0.43..405.98 rows=102 width=125)
	  Index Cond: ((id >= 6313208) AND (id <= 6313308))

table 8 : explain SELECT id, c FROM sbtest8 WHERE id BETWEEN 6313208 AND 6313308
	Index Scan using sbtest8_pkey on sbtest8  (cost=0.43..377.42 rows=95 width=125)
	  Index Cond: ((id >= 6313208) AND (id <= 6313308))

explain: for range-notcovered :: explain SELECT id, c FROM sbtest%d WHERE id BETWEEN 6313208 AND 6313308
explain: for range-notcovered :: explain SELECT id, c FROM sbtest%d WHERE id BETWEEN 4642695 AND 4642795
for range-notcovered
table 1 : explain SELECT id, c FROM sbtest1 WHERE id BETWEEN 8978943 AND 8979043
	Index Scan using sbtest1_pkey on sbtest1  (cost=0.43..437.04 rows=110 width=125)
	  Index Cond: ((id >= 8978943) AND (id <= 8979043))

table 2 : explain SELECT id, c FROM sbtest2 WHERE id BETWEEN 8978943 AND 8979043
	Index Scan using sbtest2_pkey on sbtest2  (cost=0.43..385.79 rows=97 width=125)
	  Index Cond: ((id >= 8978943) AND (id <= 8979043))

table 3 : explain SELECT id, c FROM sbtest3 WHERE id BETWEEN 8978943 AND 8979043
	Index Scan using sbtest3_pkey on sbtest3  (cost=0.43..349.76 rows=88 width=125)
	  Index Cond: ((id >= 8978943) AND (id <= 8979043))

table 4 : explain SELECT id, c FROM sbtest4 WHERE id BETWEEN 8978943 AND 8979043
	Index Scan using sbtest4_pkey on sbtest4  (cost=0.43..420.22 rows=106 width=125)
	  Index Cond: ((id >= 8978943) AND (id <= 8979043))

table 5 : explain SELECT id, c FROM sbtest5 WHERE id BETWEEN 8978943 AND 8979043
	Index Scan using sbtest5_pkey on sbtest5  (cost=0.43..369.24 rows=93 width=125)
	  Index Cond: ((id >= 8978943) AND (id <= 8979043))

table 6 : explain SELECT id, c FROM sbtest6 WHERE id BETWEEN 8978943 AND 8979043
	Index Scan using sbtest6_pkey on sbtest6  (cost=0.43..387.17 rows=98 width=125)
	  Index Cond: ((id >= 8978943) AND (id <= 8979043))

table 7 : explain SELECT id, c FROM sbtest7 WHERE id BETWEEN 8978943 AND 8979043
	Index Scan using sbtest7_pkey on sbtest7  (cost=0.43..425.66 rows=107 width=125)
	  Index Cond: ((id >= 8978943) AND (id <= 8979043))

table 8 : explain SELECT id, c FROM sbtest8 WHERE id BETWEEN 8978943 AND 8979043
	Index Scan using sbtest8_pkey on sbtest8  (cost=0.43..428.46 rows=108 width=125)
	  Index Cond: ((id >= 8978943) AND (id <= 8979043))

for range-notcovered
table 1 : explain SELECT id, c FROM sbtest1 WHERE id BETWEEN 4500848 AND 4500948
	Index Scan using sbtest1_pkey on sbtest1  (cost=0.43..397.73 rows=100 width=125)
	  Index Cond: ((id >= 4500848) AND (id <= 4500948))

table 2 : explain SELECT id, c FROM sbtest2 WHERE id BETWEEN 4500848 AND 4500948
	Index Scan using sbtest2_pkey on sbtest2  (cost=0.43..413.32 rows=104 width=125)
	  Index Cond: ((id >= 4500848) AND (id <= 4500948))

table 3 : explain SELECT id, c FROM sbtest3 WHERE id BETWEEN 4500848 AND 4500948
	Index Scan using sbtest3_pkey on sbtest3  (cost=0.43..408.63 rows=103 width=125)
	  Index Cond: ((id >= 4500848) AND (id <= 4500948))

table 4 : explain SELECT id, c FROM sbtest4 WHERE id BETWEEN 4500848 AND 4500948
	Index Scan using sbtest4_pkey on sbtest4  (cost=0.43..392.77 rows=99 width=125)
	  Index Cond: ((id >= 4500848) AND (id <= 4500948))

table 5 : explain SELECT id, c FROM sbtest5 WHERE id BETWEEN 4500848 AND 4500948
	Index Scan using sbtest5_pkey on sbtest5  (cost=0.43..412.37 rows=104 width=125)
	  Index Cond: ((id >= 4500848) AND (id <= 4500948))

table 6 : explain SELECT id, c FROM sbtest6 WHERE id BETWEEN 4500848 AND 4500948
	Index Scan using sbtest6_pkey on sbtest6  (cost=0.43..414.49 rows=105 width=125)
	  Index Cond: ((id >= 4500848) AND (id <= 4500948))

table 7 : explain SELECT id, c FROM sbtest7 WHERE id BETWEEN 4500848 AND 4500948
	Index Scan using sbtest7_pkey on sbtest7  (cost=0.43..394.16 rows=99 width=125)
	  Index Cond: ((id >= 4500848) AND (id <= 4500948))

table 8 : explain SELECT id, c FROM sbtest8 WHERE id BETWEEN 4500848 AND 4500948
	Index Scan using sbtest8_pkey on sbtest8  (cost=0.43..381.34 rows=96 width=125)
	  Index Cond: ((id >= 4500848) AND (id <= 4500948))

explain: for range-notcovered :: explain SELECT id, c FROM sbtest%d WHERE id BETWEEN 8978943 AND 8979043
explain: for range-notcovered :: explain SELECT id, c FROM sbtest%d WHERE id BETWEEN 4500848 AND 4500948
for range-notcovered
table 1 : explain SELECT id, c FROM sbtest1 WHERE id BETWEEN 3393717 AND 3393817
	Index Scan using sbtest1_pkey on sbtest1  (cost=0.43..417.39 rows=105 width=125)
	  Index Cond: ((id >= 3393717) AND (id <= 3393817))

table 2 : explain SELECT id, c FROM sbtest2 WHERE id BETWEEN 3393717 AND 3393817
	Index Scan using sbtest2_pkey on sbtest2  (cost=0.43..385.79 rows=97 width=125)
	  Index Cond: ((id >= 3393717) AND (id <= 3393817))

table 3 : explain SELECT id, c FROM sbtest3 WHERE id BETWEEN 3393717 AND 3393817
	Index Scan using sbtest3_pkey on sbtest3  (cost=0.43..373.30 rows=94 width=125)
	  Index Cond: ((id >= 3393717) AND (id <= 3393817))

table 4 : explain SELECT id, c FROM sbtest4 WHERE id BETWEEN 3393717 AND 3393817
	Index Scan using sbtest4_pkey on sbtest4  (cost=0.43..408.46 rows=103 width=125)
	  Index Cond: ((id >= 3393717) AND (id <= 3393817))

table 5 : explain SELECT id, c FROM sbtest5 WHERE id BETWEEN 3393717 AND 3393817
	Index Scan using sbtest5_pkey on sbtest5  (cost=0.43..388.85 rows=98 width=125)
	  Index Cond: ((id >= 3393717) AND (id <= 3393817))

table 6 : explain SELECT id, c FROM sbtest6 WHERE id BETWEEN 3393717 AND 3393817
	Index Scan using sbtest6_pkey on sbtest6  (cost=0.43..410.59 rows=104 width=125)
	  Index Cond: ((id >= 3393717) AND (id <= 3393817))

table 7 : explain SELECT id, c FROM sbtest7 WHERE id BETWEEN 3393717 AND 3393817
	Index Scan using sbtest7_pkey on sbtest7  (cost=0.43..382.35 rows=96 width=125)
	  Index Cond: ((id >= 3393717) AND (id <= 3393817))

table 8 : explain SELECT id, c FROM sbtest8 WHERE id BETWEEN 3393717 AND 3393817
	Index Scan using sbtest8_pkey on sbtest8  (cost=0.43..365.64 rows=92 width=125)
	  Index Cond: ((id >= 3393717) AND (id <= 3393817))

for range-notcovered
table 1 : explain SELECT id, c FROM sbtest1 WHERE id BETWEEN 4916640 AND 4916740
	Index Scan using sbtest1_pkey on sbtest1  (cost=0.43..374.12 rows=94 width=125)
	  Index Cond: ((id >= 4916640) AND (id <= 4916740))

table 2 : explain SELECT id, c FROM sbtest2 WHERE id BETWEEN 4916640 AND 4916740
	Index Scan using sbtest2_pkey on sbtest2  (cost=0.43..381.86 rows=96 width=125)
	  Index Cond: ((id >= 4916640) AND (id <= 4916740))

table 3 : explain SELECT id, c FROM sbtest3 WHERE id BETWEEN 4916640 AND 4916740
	Index Scan using sbtest3_pkey on sbtest3  (cost=0.43..424.32 rows=107 width=125)
	  Index Cond: ((id >= 4916640) AND (id <= 4916740))

table 4 : explain SELECT id, c FROM sbtest4 WHERE id BETWEEN 4916640 AND 4916740
	Index Scan using sbtest4_pkey on sbtest4  (cost=0.43..365.33 rows=92 width=125)
	  Index Cond: ((id >= 4916640) AND (id <= 4916740))

table 5 : explain SELECT id, c FROM sbtest5 WHERE id BETWEEN 4916640 AND 4916740
	Index Scan using sbtest5_pkey on sbtest5  (cost=0.43..420.21 rows=106 width=125)
	  Index Cond: ((id >= 4916640) AND (id <= 4916740))

table 6 : explain SELECT id, c FROM sbtest6 WHERE id BETWEEN 4916640 AND 4916740
	Index Scan using sbtest6_pkey on sbtest6  (cost=0.43..340.30 rows=86 width=125)
	  Index Cond: ((id >= 4916640) AND (id <= 4916740))

table 7 : explain SELECT id, c FROM sbtest7 WHERE id BETWEEN 4916640 AND 4916740
	Index Scan using sbtest7_pkey on sbtest7  (cost=0.43..429.59 rows=108 width=125)
	  Index Cond: ((id >= 4916640) AND (id <= 4916740))

table 8 : explain SELECT id, c FROM sbtest8 WHERE id BETWEEN 4916640 AND 4916740
	Index Scan using sbtest8_pkey on sbtest8  (cost=0.43..444.16 rows=112 width=125)
	  Index Cond: ((id >= 4916640) AND (id <= 4916740))

explain: for range-notcovered :: explain SELECT id, c FROM sbtest%d WHERE id BETWEEN 3393717 AND 3393817
for range-notcovered
table 1 : explain SELECT id, c FROM sbtest1 WHERE id BETWEEN 5057664 AND 5057764
	Index Scan using sbtest1_pkey on sbtest1  (cost=0.43..413.46 rows=104 width=125)
	  Index Cond: ((id >= 5057664) AND (id <= 5057764))

table 2 : explain SELECT id, c FROM sbtest2 WHERE id BETWEEN 5057664 AND 5057764
	Index Scan using sbtest2_pkey on sbtest2  (cost=0.43..417.25 rows=105 width=125)
	  Index Cond: ((id >= 5057664) AND (id <= 5057764))

table 3 : explain SELECT id, c FROM sbtest3 WHERE id BETWEEN 5057664 AND 5057764
	Index Scan using sbtest3_pkey on sbtest3  (cost=0.43..416.47 rows=105 width=125)
	  Index Cond: ((id >= 5057664) AND (id <= 5057764))

table 4 : explain SELECT id, c FROM sbtest4 WHERE id BETWEEN 5057664 AND 5057764
	Index Scan using sbtest4_pkey on sbtest4  (cost=0.43..392.77 rows=99 width=125)
	  Index Cond: ((id >= 5057664) AND (id <= 5057764))

table 5 : explain SELECT id, c FROM sbtest5 WHERE id BETWEEN 5057664 AND 5057764
	Index Scan using sbtest5_pkey on sbtest5  (cost=0.43..424.13 rows=107 width=125)
	  Index Cond: ((id >= 5057664) AND (id <= 5057764))

table 6 : explain SELECT id, c FROM sbtest6 WHERE id BETWEEN 5057664 AND 5057764
	Index Scan using sbtest6_pkey on sbtest6  (cost=0.43..371.52 rows=94 width=125)
	  Index Cond: ((id >= 5057664) AND (id <= 5057764))

table 7 : explain SELECT id, c FROM sbtest7 WHERE id BETWEEN 5057664 AND 5057764
	Index Scan using sbtest7_pkey on sbtest7  (cost=0.43..409.92 rows=103 width=125)
	  Index Cond: ((id >= 5057664) AND (id <= 5057764))

table 8 : explain SELECT id, c FROM sbtest8 WHERE id BETWEEN 5057664 AND 5057764
	Index Scan using sbtest8_pkey on sbtest8  (cost=0.43..420.61 rows=106 width=125)
	  Index Cond: ((id >= 5057664) AND (id <= 5057764))

for range-notcovered
table 1 : explain SELECT id, c FROM sbtest1 WHERE id BETWEEN 4642695 AND 4642795
	Index Scan using sbtest1_pkey on sbtest1  (cost=0.43..429.18 rows=108 width=125)
	  Index Cond: ((id >= 4642695) AND (id <= 4642795))

table 2 : explain SELECT id, c FROM sbtest2 WHERE id BETWEEN 4642695 AND 4642795
	Index Scan using sbtest2_pkey on sbtest2  (cost=0.43..405.46 rows=102 width=125)
	  Index Cond: ((id >= 4642695) AND (id <= 4642795))

table 3 : explain SELECT id, c FROM sbtest3 WHERE id BETWEEN 4642695 AND 4642795
	Index Scan using sbtest3_pkey on sbtest3  (cost=0.43..412.55 rows=104 width=125)
	  Index Cond: ((id >= 4642695) AND (id <= 4642795))

table 4 : explain SELECT id, c FROM sbtest4 WHERE id BETWEEN 4642695 AND 4642795
	Index Scan using sbtest4_pkey on sbtest4  (cost=0.43..396.69 rows=100 width=125)
	  Index Cond: ((id >= 4642695) AND (id <= 4642795))

table 5 : explain SELECT id, c FROM sbtest5 WHERE id BETWEEN 4642695 AND 4642795
	Index Scan using sbtest5_pkey on sbtest5  (cost=0.43..443.74 rows=112 width=125)
	  Index Cond: ((id >= 4642695) AND (id <= 4642795))

table 6 : explain SELECT id, c FROM sbtest6 WHERE id BETWEEN 4642695 AND 4642795
	Index Scan using sbtest6_pkey on sbtest6  (cost=0.43..363.72 rows=92 width=125)
	  Index Cond: ((id >= 4642695) AND (id <= 4642795))

table 7 : explain SELECT id, c FROM sbtest7 WHERE id BETWEEN 4642695 AND 4642795
	Index Scan using sbtest7_pkey on sbtest7  (cost=0.43..413.85 rows=104 width=125)
	  Index Cond: ((id >= 4642695) AND (id <= 4642795))

table 8 : explain SELECT id, c FROM sbtest8 WHERE id BETWEEN 4642695 AND 4642795
	Index Scan using sbtest8_pkey on sbtest8  (cost=0.43..381.34 rows=96 width=125)
	  Index Cond: ((id >= 4642695) AND (id <= 4642795))

explain: for range-notcovered :: explain SELECT id, c FROM sbtest%d WHERE id BETWEEN 4642695 AND 4642795
for range-notcovered
table 1 : explain SELECT id, c FROM sbtest1 WHERE id BETWEEN 6313208 AND 6313308
	Index Scan using sbtest1_pkey on sbtest1  (cost=0.43..389.85 rows=98 width=125)
	  Index Cond: ((id >= 6313208) AND (id <= 6313308))

table 2 : explain SELECT id, c FROM sbtest2 WHERE id BETWEEN 6313208 AND 6313308
	Index Scan using sbtest2_pkey on sbtest2  (cost=0.43..413.32 rows=104 width=125)
	  Index Cond: ((id >= 6313208) AND (id <= 6313308))

table 3 : explain SELECT id, c FROM sbtest3 WHERE id BETWEEN 6313208 AND 6313308
	Index Scan using sbtest3_pkey on sbtest3  (cost=0.43..381.14 rows=96 width=125)
	  Index Cond: ((id >= 6313208) AND (id <= 6313308))

table 4 : explain SELECT id, c FROM sbtest4 WHERE id BETWEEN 6313208 AND 6313308
	Index Scan using sbtest4_pkey on sbtest4  (cost=0.43..435.90 rows=110 width=125)
	  Index Cond: ((id >= 6313208) AND (id <= 6313308))

table 5 : explain SELECT id, c FROM sbtest5 WHERE id BETWEEN 6313208 AND 6313308
	Index Scan using sbtest5_pkey on sbtest5  (cost=0.43..396.69 rows=100 width=125)
	  Index Cond: ((id >= 6313208) AND (id <= 6313308))

table 6 : explain SELECT id, c FROM sbtest6 WHERE id BETWEEN 6313208 AND 6313308
	Index Scan using sbtest6_pkey on sbtest6  (cost=0.43..383.26 rows=97 width=125)
	  Index Cond: ((id >= 6313208) AND (id <= 6313308))

table 7 : explain SELECT id, c FROM sbtest7 WHERE id BETWEEN 6313208 AND 6313308
	Index Scan using sbtest7_pkey on sbtest7  (cost=0.43..405.98 rows=102 width=125)
	  Index Cond: ((id >= 6313208) AND (id <= 6313308))

table 8 : explain SELECT id, c FROM sbtest8 WHERE id BETWEEN 6313208 AND 6313308
	Index Scan using sbtest8_pkey on sbtest8  (cost=0.43..377.42 rows=95 width=125)
	  Index Cond: ((id >= 6313208) AND (id <= 6313308))

explain: for range-notcovered :: explain SELECT id, c FROM sbtest%d WHERE id BETWEEN 6313208 AND 6313308
for range-notcovered
table 1 : explain SELECT id, c FROM sbtest1 WHERE id BETWEEN 2307773 AND 2307873
	Index Scan using sbtest1_pkey on sbtest1  (cost=0.43..417.39 rows=105 width=125)
	  Index Cond: ((id >= 2307773) AND (id <= 2307873))

table 2 : explain SELECT id, c FROM sbtest2 WHERE id BETWEEN 2307773 AND 2307873
	Index Scan using sbtest2_pkey on sbtest2  (cost=0.43..393.67 rows=99 width=125)
	  Index Cond: ((id >= 2307773) AND (id <= 2307873))

table 3 : explain SELECT id, c FROM sbtest3 WHERE id BETWEEN 2307773 AND 2307873
	Index Scan using sbtest3_pkey on sbtest3  (cost=0.43..373.30 rows=94 width=125)
	  Index Cond: ((id >= 2307773) AND (id <= 2307873))

table 4 : explain SELECT id, c FROM sbtest4 WHERE id BETWEEN 2307773 AND 2307873
	Index Scan using sbtest4_pkey on sbtest4  (cost=0.43..388.85 rows=98 width=125)
	  Index Cond: ((id >= 2307773) AND (id <= 2307873))

table 5 : explain SELECT id, c FROM sbtest5 WHERE id BETWEEN 2307773 AND 2307873
	Index Scan using sbtest5_pkey on sbtest5  (cost=0.43..373.16 rows=94 width=125)
	  Index Cond: ((id >= 2307773) AND (id <= 2307873))

table 6 : explain SELECT id, c FROM sbtest6 WHERE id BETWEEN 2307773 AND 2307873
	Index Scan using sbtest6_pkey on sbtest6  (cost=0.43..398.88 rows=101 width=125)
	  Index Cond: ((id >= 2307773) AND (id <= 2307873))

table 7 : explain SELECT id, c FROM sbtest7 WHERE id BETWEEN 2307773 AND 2307873
	Index Scan using sbtest7_pkey on sbtest7  (cost=0.43..405.98 rows=102 width=125)
	  Index Cond: ((id >= 2307773) AND (id <= 2307873))

table 8 : explain SELECT id, c FROM sbtest8 WHERE id BETWEEN 2307773 AND 2307873
	Index Scan using sbtest8_pkey on sbtest8  (cost=0.43..440.23 rows=111 width=125)
	  Index Cond: ((id >= 2307773) AND (id <= 2307873))

for range-notcovered
table 1 : explain SELECT id, c FROM sbtest1 WHERE id BETWEEN 4500848 AND 4500948
	Index Scan using sbtest1_pkey on sbtest1  (cost=0.43..397.73 rows=100 width=125)
	  Index Cond: ((id >= 4500848) AND (id <= 4500948))

table 2 : explain SELECT id, c FROM sbtest2 WHERE id BETWEEN 4500848 AND 4500948
	Index Scan using sbtest2_pkey on sbtest2  (cost=0.43..413.32 rows=104 width=125)
	  Index Cond: ((id >= 4500848) AND (id <= 4500948))

table 3 : explain SELECT id, c FROM sbtest3 WHERE id BETWEEN 4500848 AND 4500948
	Index Scan using sbtest3_pkey on sbtest3  (cost=0.43..408.63 rows=103 width=125)
	  Index Cond: ((id >= 4500848) AND (id <= 4500948))

table 4 : explain SELECT id, c FROM sbtest4 WHERE id BETWEEN 4500848 AND 4500948
	Index Scan using sbtest4_pkey on sbtest4  (cost=0.43..392.77 rows=99 width=125)
	  Index Cond: ((id >= 4500848) AND (id <= 4500948))

table 5 : explain SELECT id, c FROM sbtest5 WHERE id BETWEEN 4500848 AND 4500948
	Index Scan using sbtest5_pkey on sbtest5  (cost=0.43..412.37 rows=104 width=125)
	  Index Cond: ((id >= 4500848) AND (id <= 4500948))

table 6 : explain SELECT id, c FROM sbtest6 WHERE id BETWEEN 4500848 AND 4500948
	Index Scan using sbtest6_pkey on sbtest6  (cost=0.43..414.49 rows=105 width=125)
	  Index Cond: ((id >= 4500848) AND (id <= 4500948))

table 7 : explain SELECT id, c FROM sbtest7 WHERE id BETWEEN 4500848 AND 4500948
	Index Scan using sbtest7_pkey on sbtest7  (cost=0.43..394.16 rows=99 width=125)
	  Index Cond: ((id >= 4500848) AND (id <= 4500948))

table 8 : explain SELECT id, c FROM sbtest8 WHERE id BETWEEN 4500848 AND 4500948
	Index Scan using sbtest8_pkey on sbtest8  (cost=0.43..381.34 rows=96 width=125)
	  Index Cond: ((id >= 4500848) AND (id <= 4500948))

for range-notcovered
table 1 : explain SELECT id, c FROM sbtest1 WHERE id BETWEEN 4642695 AND 4642795
	Index Scan using sbtest1_pkey on sbtest1  (cost=0.43..429.18 rows=108 width=125)
	  Index Cond: ((id >= 4642695) AND (id <= 4642795))

table 2 : explain SELECT id, c FROM sbtest2 WHERE id BETWEEN 4642695 AND 4642795
	Index Scan using sbtest2_pkey on sbtest2  (cost=0.43..405.46 rows=102 width=125)
	  Index Cond: ((id >= 4642695) AND (id <= 4642795))

table 3 : explain SELECT id, c FROM sbtest3 WHERE id BETWEEN 4642695 AND 4642795
	Index Scan using sbtest3_pkey on sbtest3  (cost=0.43..412.55 rows=104 width=125)
	  Index Cond: ((id >= 4642695) AND (id <= 4642795))

table 4 : explain SELECT id, c FROM sbtest4 WHERE id BETWEEN 4642695 AND 4642795
	Index Scan using sbtest4_pkey on sbtest4  (cost=0.43..396.69 rows=100 width=125)
	  Index Cond: ((id >= 4642695) AND (id <= 4642795))

table 5 : explain SELECT id, c FROM sbtest5 WHERE id BETWEEN 4642695 AND 4642795
	Index Scan using sbtest5_pkey on sbtest5  (cost=0.43..443.74 rows=112 width=125)
	  Index Cond: ((id >= 4642695) AND (id <= 4642795))

table 6 : explain SELECT id, c FROM sbtest6 WHERE id BETWEEN 4642695 AND 4642795
	Index Scan using sbtest6_pkey on sbtest6  (cost=0.43..363.72 rows=92 width=125)
	  Index Cond: ((id >= 4642695) AND (id <= 4642795))

table 7 : explain SELECT id, c FROM sbtest7 WHERE id BETWEEN 4642695 AND 4642795
	Index Scan using sbtest7_pkey on sbtest7  (cost=0.43..413.85 rows=104 width=125)
	  Index Cond: ((id >= 4642695) AND (id <= 4642795))

table 8 : explain SELECT id, c FROM sbtest8 WHERE id BETWEEN 4642695 AND 4642795
	Index Scan using sbtest8_pkey on sbtest8  (cost=0.43..381.34 rows=96 width=125)
	  Index Cond: ((id >= 4642695) AND (id <= 4642795))

explain: for range-notcovered :: explain SELECT id, c FROM sbtest%d WHERE id BETWEEN 2307773 AND 2307873
explain: for range-notcovered :: explain SELECT id, c FROM sbtest%d WHERE id BETWEEN 4642695 AND 4642795
explain: for range-notcovered :: explain SELECT id, c FROM sbtest%d WHERE id BETWEEN 4500848 AND 4500948
for range-notcovered
table 1 : explain SELECT id, c FROM sbtest1 WHERE id BETWEEN 6313208 AND 6313308
	Index Scan using sbtest1_pkey on sbtest1  (cost=0.43..389.85 rows=98 width=125)
	  Index Cond: ((id >= 6313208) AND (id <= 6313308))

table 2 : explain SELECT id, c FROM sbtest2 WHERE id BETWEEN 6313208 AND 6313308
	Index Scan using sbtest2_pkey on sbtest2  (cost=0.43..413.32 rows=104 width=125)
	  Index Cond: ((id >= 6313208) AND (id <= 6313308))

table 3 : explain SELECT id, c FROM sbtest3 WHERE id BETWEEN 6313208 AND 6313308
	Index Scan using sbtest3_pkey on sbtest3  (cost=0.43..381.14 rows=96 width=125)
	  Index Cond: ((id >= 6313208) AND (id <= 6313308))

table 4 : explain SELECT id, c FROM sbtest4 WHERE id BETWEEN 6313208 AND 6313308
	Index Scan using sbtest4_pkey on sbtest4  (cost=0.43..435.90 rows=110 width=125)
	  Index Cond: ((id >= 6313208) AND (id <= 6313308))

table 5 : explain SELECT id, c FROM sbtest5 WHERE id BETWEEN 6313208 AND 6313308
	Index Scan using sbtest5_pkey on sbtest5  (cost=0.43..396.69 rows=100 width=125)
	  Index Cond: ((id >= 6313208) AND (id <= 6313308))

table 6 : explain SELECT id, c FROM sbtest6 WHERE id BETWEEN 6313208 AND 6313308
	Index Scan using sbtest6_pkey on sbtest6  (cost=0.43..383.26 rows=97 width=125)
	  Index Cond: ((id >= 6313208) AND (id <= 6313308))

table 7 : explain SELECT id, c FROM sbtest7 WHERE id BETWEEN 6313208 AND 6313308
	Index Scan using sbtest7_pkey on sbtest7  (cost=0.43..405.98 rows=102 width=125)
	  Index Cond: ((id >= 6313208) AND (id <= 6313308))

table 8 : explain SELECT id, c FROM sbtest8 WHERE id BETWEEN 6313208 AND 6313308
	Index Scan using sbtest8_pkey on sbtest8  (cost=0.43..377.42 rows=95 width=125)
	  Index Cond: ((id >= 6313208) AND (id <= 6313308))

explain: for range-notcovered :: explain SELECT id, c FROM sbtest%d WHERE id BETWEEN 6313208 AND 6313308
for range-notcovered
table 1 : explain SELECT id, c FROM sbtest1 WHERE id BETWEEN 4642695 AND 4642795
	Index Scan using sbtest1_pkey on sbtest1  (cost=0.43..429.18 rows=108 width=125)
	  Index Cond: ((id >= 4642695) AND (id <= 4642795))

table 2 : explain SELECT id, c FROM sbtest2 WHERE id BETWEEN 4642695 AND 4642795
	Index Scan using sbtest2_pkey on sbtest2  (cost=0.43..405.46 rows=102 width=125)
	  Index Cond: ((id >= 4642695) AND (id <= 4642795))

table 3 : explain SELECT id, c FROM sbtest3 WHERE id BETWEEN 4642695 AND 4642795
	Index Scan using sbtest3_pkey on sbtest3  (cost=0.43..412.55 rows=104 width=125)
	  Index Cond: ((id >= 4642695) AND (id <= 4642795))

table 4 : explain SELECT id, c FROM sbtest4 WHERE id BETWEEN 4642695 AND 4642795
	Index Scan using sbtest4_pkey on sbtest4  (cost=0.43..396.69 rows=100 width=125)
	  Index Cond: ((id >= 4642695) AND (id <= 4642795))

table 5 : explain SELECT id, c FROM sbtest5 WHERE id BETWEEN 4642695 AND 4642795
	Index Scan using sbtest5_pkey on sbtest5  (cost=0.43..443.74 rows=112 width=125)
	  Index Cond: ((id >= 4642695) AND (id <= 4642795))

table 6 : explain SELECT id, c FROM sbtest6 WHERE id BETWEEN 4642695 AND 4642795
	Index Scan using sbtest6_pkey on sbtest6  (cost=0.43..363.72 rows=92 width=125)
	  Index Cond: ((id >= 4642695) AND (id <= 4642795))

table 7 : explain SELECT id, c FROM sbtest7 WHERE id BETWEEN 4642695 AND 4642795
	Index Scan using sbtest7_pkey on sbtest7  (cost=0.43..413.85 rows=104 width=125)
	  Index Cond: ((id >= 4642695) AND (id <= 4642795))

table 8 : explain SELECT id, c FROM sbtest8 WHERE id BETWEEN 4642695 AND 4642795
	Index Scan using sbtest8_pkey on sbtest8  (cost=0.43..381.34 rows=96 width=125)
	  Index Cond: ((id >= 4642695) AND (id <= 4642795))

explain: for range-notcovered :: explain SELECT id, c FROM sbtest%d WHERE id BETWEEN 4642695 AND 4642795
for range-notcovered
table 1 : explain SELECT id, c FROM sbtest1 WHERE id BETWEEN 6313208 AND 6313308
	Index Scan using sbtest1_pkey on sbtest1  (cost=0.43..389.85 rows=98 width=125)
	  Index Cond: ((id >= 6313208) AND (id <= 6313308))

table 2 : explain SELECT id, c FROM sbtest2 WHERE id BETWEEN 6313208 AND 6313308
	Index Scan using sbtest2_pkey on sbtest2  (cost=0.43..413.32 rows=104 width=125)
	  Index Cond: ((id >= 6313208) AND (id <= 6313308))

table 3 : explain SELECT id, c FROM sbtest3 WHERE id BETWEEN 6313208 AND 6313308
	Index Scan using sbtest3_pkey on sbtest3  (cost=0.43..381.14 rows=96 width=125)
	  Index Cond: ((id >= 6313208) AND (id <= 6313308))

table 4 : explain SELECT id, c FROM sbtest4 WHERE id BETWEEN 6313208 AND 6313308
	Index Scan using sbtest4_pkey on sbtest4  (cost=0.43..435.90 rows=110 width=125)
	  Index Cond: ((id >= 6313208) AND (id <= 6313308))

table 5 : explain SELECT id, c FROM sbtest5 WHERE id BETWEEN 6313208 AND 6313308
	Index Scan using sbtest5_pkey on sbtest5  (cost=0.43..396.69 rows=100 width=125)
	  Index Cond: ((id >= 6313208) AND (id <= 6313308))

table 6 : explain SELECT id, c FROM sbtest6 WHERE id BETWEEN 6313208 AND 6313308
	Index Scan using sbtest6_pkey on sbtest6  (cost=0.43..383.26 rows=97 width=125)
	  Index Cond: ((id >= 6313208) AND (id <= 6313308))

table 7 : explain SELECT id, c FROM sbtest7 WHERE id BETWEEN 6313208 AND 6313308
	Index Scan using sbtest7_pkey on sbtest7  (cost=0.43..405.98 rows=102 width=125)
	  Index Cond: ((id >= 6313208) AND (id <= 6313308))

table 8 : explain SELECT id, c FROM sbtest8 WHERE id BETWEEN 6313208 AND 6313308
	Index Scan using sbtest8_pkey on sbtest8  (cost=0.43..377.42 rows=95 width=125)
	  Index Cond: ((id >= 6313208) AND (id <= 6313308))

explain: for range-notcovered :: explain SELECT id, c FROM sbtest%d WHERE id BETWEEN 6313208 AND 6313308
for range-notcovered
table 1 : explain SELECT id, c FROM sbtest1 WHERE id BETWEEN 2307773 AND 2307873
	Index Scan using sbtest1_pkey on sbtest1  (cost=0.43..417.39 rows=105 width=125)
	  Index Cond: ((id >= 2307773) AND (id <= 2307873))

table 2 : explain SELECT id, c FROM sbtest2 WHERE id BETWEEN 2307773 AND 2307873
	Index Scan using sbtest2_pkey on sbtest2  (cost=0.43..393.67 rows=99 width=125)
	  Index Cond: ((id >= 2307773) AND (id <= 2307873))

table 3 : explain SELECT id, c FROM sbtest3 WHERE id BETWEEN 2307773 AND 2307873
	Index Scan using sbtest3_pkey on sbtest3  (cost=0.43..373.30 rows=94 width=125)
	  Index Cond: ((id >= 2307773) AND (id <= 2307873))

table 4 : explain SELECT id, c FROM sbtest4 WHERE id BETWEEN 2307773 AND 2307873
	Index Scan using sbtest4_pkey on sbtest4  (cost=0.43..388.85 rows=98 width=125)
	  Index Cond: ((id >= 2307773) AND (id <= 2307873))

table 5 : explain SELECT id, c FROM sbtest5 WHERE id BETWEEN 2307773 AND 2307873
	Index Scan using sbtest5_pkey on sbtest5  (cost=0.43..373.16 rows=94 width=125)
	  Index Cond: ((id >= 2307773) AND (id <= 2307873))

table 6 : explain SELECT id, c FROM sbtest6 WHERE id BETWEEN 2307773 AND 2307873
	Index Scan using sbtest6_pkey on sbtest6  (cost=0.43..398.88 rows=101 width=125)
	  Index Cond: ((id >= 2307773) AND (id <= 2307873))

table 7 : explain SELECT id, c FROM sbtest7 WHERE id BETWEEN 2307773 AND 2307873
	Index Scan using sbtest7_pkey on sbtest7  (cost=0.43..405.98 rows=102 width=125)
	  Index Cond: ((id >= 2307773) AND (id <= 2307873))

table 8 : explain SELECT id, c FROM sbtest8 WHERE id BETWEEN 2307773 AND 2307873
	Index Scan using sbtest8_pkey on sbtest8  (cost=0.43..440.23 rows=111 width=125)
	  Index Cond: ((id >= 2307773) AND (id <= 2307873))

for range-notcovered
table 1 : explain SELECT id, c FROM sbtest1 WHERE id BETWEEN 4500848 AND 4500948
	Index Scan using sbtest1_pkey on sbtest1  (cost=0.43..397.73 rows=100 width=125)
	  Index Cond: ((id >= 4500848) AND (id <= 4500948))

table 2 : explain SELECT id, c FROM sbtest2 WHERE id BETWEEN 4500848 AND 4500948
	Index Scan using sbtest2_pkey on sbtest2  (cost=0.43..413.32 rows=104 width=125)
	  Index Cond: ((id >= 4500848) AND (id <= 4500948))

table 3 : explain SELECT id, c FROM sbtest3 WHERE id BETWEEN 4500848 AND 4500948
	Index Scan using sbtest3_pkey on sbtest3  (cost=0.43..408.63 rows=103 width=125)
	  Index Cond: ((id >= 4500848) AND (id <= 4500948))

table 4 : explain SELECT id, c FROM sbtest4 WHERE id BETWEEN 4500848 AND 4500948
	Index Scan using sbtest4_pkey on sbtest4  (cost=0.43..392.77 rows=99 width=125)
	  Index Cond: ((id >= 4500848) AND (id <= 4500948))

table 5 : explain SELECT id, c FROM sbtest5 WHERE id BETWEEN 4500848 AND 4500948
	Index Scan using sbtest5_pkey on sbtest5  (cost=0.43..412.37 rows=104 width=125)
	  Index Cond: ((id >= 4500848) AND (id <= 4500948))

table 6 : explain SELECT id, c FROM sbtest6 WHERE id BETWEEN 4500848 AND 4500948
	Index Scan using sbtest6_pkey on sbtest6  (cost=0.43..414.49 rows=105 width=125)
	  Index Cond: ((id >= 4500848) AND (id <= 4500948))

table 7 : explain SELECT id, c FROM sbtest7 WHERE id BETWEEN 4500848 AND 4500948
	Index Scan using sbtest7_pkey on sbtest7  (cost=0.43..394.16 rows=99 width=125)
	  Index Cond: ((id >= 4500848) AND (id <= 4500948))

table 8 : explain SELECT id, c FROM sbtest8 WHERE id BETWEEN 4500848 AND 4500948
	Index Scan using sbtest8_pkey on sbtest8  (cost=0.43..381.34 rows=96 width=125)
	  Index Cond: ((id >= 4500848) AND (id <= 4500948))

explain: for range-notcovered :: explain SELECT id, c FROM sbtest%d WHERE id BETWEEN 7148350 AND 7148450
explain: for range-notcovered :: explain SELECT id, c FROM sbtest%d WHERE id BETWEEN 2307773 AND 2307873
for range-notcovered
table 1 : explain SELECT id, c FROM sbtest1 WHERE id BETWEEN 4909246 AND 4909346
	Index Scan using sbtest1_pkey on sbtest1  (cost=0.43..374.12 rows=94 width=125)
	  Index Cond: ((id >= 4909246) AND (id <= 4909346))

table 2 : explain SELECT id, c FROM sbtest2 WHERE id BETWEEN 4909246 AND 4909346
	Index Scan using sbtest2_pkey on sbtest2  (cost=0.43..381.86 rows=96 width=125)
	  Index Cond: ((id >= 4909246) AND (id <= 4909346))

table 3 : explain SELECT id, c FROM sbtest3 WHERE id BETWEEN 4909246 AND 4909346
	Index Scan using sbtest3_pkey on sbtest3  (cost=0.43..424.32 rows=107 width=125)
	  Index Cond: ((id >= 4909246) AND (id <= 4909346))

table 4 : explain SELECT id, c FROM sbtest4 WHERE id BETWEEN 4909246 AND 4909346
	Index Scan using sbtest4_pkey on sbtest4  (cost=0.43..365.33 rows=92 width=125)
	  Index Cond: ((id >= 4909246) AND (id <= 4909346))

table 5 : explain SELECT id, c FROM sbtest5 WHERE id BETWEEN 4909246 AND 4909346
	Index Scan using sbtest5_pkey on sbtest5  (cost=0.43..420.21 rows=106 width=125)
	  Index Cond: ((id >= 4909246) AND (id <= 4909346))

table 6 : explain SELECT id, c FROM sbtest6 WHERE id BETWEEN 4909246 AND 4909346
	Index Scan using sbtest6_pkey on sbtest6  (cost=0.43..340.30 rows=86 width=125)
	  Index Cond: ((id >= 4909246) AND (id <= 4909346))

table 7 : explain SELECT id, c FROM sbtest7 WHERE id BETWEEN 4909246 AND 4909346
	Index Scan using sbtest7_pkey on sbtest7  (cost=0.43..429.59 rows=108 width=125)
	  Index Cond: ((id >= 4909246) AND (id <= 4909346))

table 8 : explain SELECT id, c FROM sbtest8 WHERE id BETWEEN 4909246 AND 4909346
	Index Scan using sbtest8_pkey on sbtest8  (cost=0.43..444.16 rows=112 width=125)
	  Index Cond: ((id >= 4909246) AND (id <= 4909346))

explain: for range-notcovered :: explain SELECT id, c FROM sbtest%d WHERE id BETWEEN 4500848 AND 4500948
explain: for range-notcovered :: explain SELECT id, c FROM sbtest%d WHERE id BETWEEN 4909246 AND 4909346
explain: for range-notcovered :: explain SELECT id, c FROM sbtest%d WHERE id BETWEEN 4181353 AND 4181453
for range-notcovered
table 1 : explain SELECT id, c FROM sbtest1 WHERE id BETWEEN 6313208 AND 6313308
	Index Scan using sbtest1_pkey on sbtest1  (cost=0.43..389.85 rows=98 width=125)
	  Index Cond: ((id >= 6313208) AND (id <= 6313308))

table 2 : explain SELECT id, c FROM sbtest2 WHERE id BETWEEN 6313208 AND 6313308
	Index Scan using sbtest2_pkey on sbtest2  (cost=0.43..413.32 rows=104 width=125)
	  Index Cond: ((id >= 6313208) AND (id <= 6313308))

table 3 : explain SELECT id, c FROM sbtest3 WHERE id BETWEEN 6313208 AND 6313308
	Index Scan using sbtest3_pkey on sbtest3  (cost=0.43..381.14 rows=96 width=125)
	  Index Cond: ((id >= 6313208) AND (id <= 6313308))

table 4 : explain SELECT id, c FROM sbtest4 WHERE id BETWEEN 6313208 AND 6313308
	Index Scan using sbtest4_pkey on sbtest4  (cost=0.43..435.90 rows=110 width=125)
	  Index Cond: ((id >= 6313208) AND (id <= 6313308))

table 5 : explain SELECT id, c FROM sbtest5 WHERE id BETWEEN 6313208 AND 6313308
	Index Scan using sbtest5_pkey on sbtest5  (cost=0.43..396.69 rows=100 width=125)
	  Index Cond: ((id >= 6313208) AND (id <= 6313308))

table 6 : explain SELECT id, c FROM sbtest6 WHERE id BETWEEN 6313208 AND 6313308
	Index Scan using sbtest6_pkey on sbtest6  (cost=0.43..383.26 rows=97 width=125)
	  Index Cond: ((id >= 6313208) AND (id <= 6313308))

table 7 : explain SELECT id, c FROM sbtest7 WHERE id BETWEEN 6313208 AND 6313308
	Index Scan using sbtest7_pkey on sbtest7  (cost=0.43..405.98 rows=102 width=125)
	  Index Cond: ((id >= 6313208) AND (id <= 6313308))

table 8 : explain SELECT id, c FROM sbtest8 WHERE id BETWEEN 6313208 AND 6313308
	Index Scan using sbtest8_pkey on sbtest8  (cost=0.43..377.42 rows=95 width=125)
	  Index Cond: ((id >= 6313208) AND (id <= 6313308))

explain: for range-notcovered :: explain SELECT id, c FROM sbtest%d WHERE id BETWEEN 6313208 AND 6313308
for range-notcovered
table 1 : explain SELECT id, c FROM sbtest1 WHERE id BETWEEN 4909246 AND 4909346
	Index Scan using sbtest1_pkey on sbtest1  (cost=0.43..374.12 rows=94 width=125)
	  Index Cond: ((id >= 4909246) AND (id <= 4909346))

table 2 : explain SELECT id, c FROM sbtest2 WHERE id BETWEEN 4909246 AND 4909346
	Index Scan using sbtest2_pkey on sbtest2  (cost=0.43..381.86 rows=96 width=125)
	  Index Cond: ((id >= 4909246) AND (id <= 4909346))

table 3 : explain SELECT id, c FROM sbtest3 WHERE id BETWEEN 4909246 AND 4909346
	Index Scan using sbtest3_pkey on sbtest3  (cost=0.43..424.32 rows=107 width=125)
	  Index Cond: ((id >= 4909246) AND (id <= 4909346))

table 4 : explain SELECT id, c FROM sbtest4 WHERE id BETWEEN 4909246 AND 4909346
	Index Scan using sbtest4_pkey on sbtest4  (cost=0.43..365.33 rows=92 width=125)
	  Index Cond: ((id >= 4909246) AND (id <= 4909346))

table 5 : explain SELECT id, c FROM sbtest5 WHERE id BETWEEN 4909246 AND 4909346
	Index Scan using sbtest5_pkey on sbtest5  (cost=0.43..420.21 rows=106 width=125)
	  Index Cond: ((id >= 4909246) AND (id <= 4909346))

table 6 : explain SELECT id, c FROM sbtest6 WHERE id BETWEEN 4909246 AND 4909346
	Index Scan using sbtest6_pkey on sbtest6  (cost=0.43..340.30 rows=86 width=125)
	  Index Cond: ((id >= 4909246) AND (id <= 4909346))

table 7 : explain SELECT id, c FROM sbtest7 WHERE id BETWEEN 4909246 AND 4909346
	Index Scan using sbtest7_pkey on sbtest7  (cost=0.43..429.59 rows=108 width=125)
	  Index Cond: ((id >= 4909246) AND (id <= 4909346))

table 8 : explain SELECT id, c FROM sbtest8 WHERE id BETWEEN 4909246 AND 4909346
	Index Scan using sbtest8_pkey on sbtest8  (cost=0.43..444.16 rows=112 width=125)
	  Index Cond: ((id >= 4909246) AND (id <= 4909346))

explain: for range-notcovered :: explain SELECT id, c FROM sbtest%d WHERE id BETWEEN 4909246 AND 4909346
for range-notcovered
table 1 : explain SELECT id, c FROM sbtest1 WHERE id BETWEEN 6313208 AND 6313308
	Index Scan using sbtest1_pkey on sbtest1  (cost=0.43..389.85 rows=98 width=125)
	  Index Cond: ((id >= 6313208) AND (id <= 6313308))

table 2 : explain SELECT id, c FROM sbtest2 WHERE id BETWEEN 6313208 AND 6313308
	Index Scan using sbtest2_pkey on sbtest2  (cost=0.43..413.32 rows=104 width=125)
	  Index Cond: ((id >= 6313208) AND (id <= 6313308))

table 3 : explain SELECT id, c FROM sbtest3 WHERE id BETWEEN 6313208 AND 6313308
	Index Scan using sbtest3_pkey on sbtest3  (cost=0.43..381.14 rows=96 width=125)
	  Index Cond: ((id >= 6313208) AND (id <= 6313308))

table 4 : explain SELECT id, c FROM sbtest4 WHERE id BETWEEN 6313208 AND 6313308
	Index Scan using sbtest4_pkey on sbtest4  (cost=0.43..435.90 rows=110 width=125)
	  Index Cond: ((id >= 6313208) AND (id <= 6313308))

table 5 : explain SELECT id, c FROM sbtest5 WHERE id BETWEEN 6313208 AND 6313308
	Index Scan using sbtest5_pkey on sbtest5  (cost=0.43..396.69 rows=100 width=125)
	  Index Cond: ((id >= 6313208) AND (id <= 6313308))

table 6 : explain SELECT id, c FROM sbtest6 WHERE id BETWEEN 6313208 AND 6313308
	Index Scan using sbtest6_pkey on sbtest6  (cost=0.43..383.26 rows=97 width=125)
	  Index Cond: ((id >= 6313208) AND (id <= 6313308))

table 7 : explain SELECT id, c FROM sbtest7 WHERE id BETWEEN 6313208 AND 6313308
	Index Scan using sbtest7_pkey on sbtest7  (cost=0.43..405.98 rows=102 width=125)
	  Index Cond: ((id >= 6313208) AND (id <= 6313308))

table 8 : explain SELECT id, c FROM sbtest8 WHERE id BETWEEN 6313208 AND 6313308
	Index Scan using sbtest8_pkey on sbtest8  (cost=0.43..377.42 rows=95 width=125)
	  Index Cond: ((id >= 6313208) AND (id <= 6313308))

explain: for range-notcovered :: explain SELECT id, c FROM sbtest%d WHERE id BETWEEN 6313208 AND 6313308
for range-notcovered
table 1 : explain SELECT id, c FROM sbtest1 WHERE id BETWEEN 2307773 AND 2307873
	Index Scan using sbtest1_pkey on sbtest1  (cost=0.43..417.39 rows=105 width=125)
	  Index Cond: ((id >= 2307773) AND (id <= 2307873))

table 2 : explain SELECT id, c FROM sbtest2 WHERE id BETWEEN 2307773 AND 2307873
	Index Scan using sbtest2_pkey on sbtest2  (cost=0.43..393.67 rows=99 width=125)
	  Index Cond: ((id >= 2307773) AND (id <= 2307873))

table 3 : explain SELECT id, c FROM sbtest3 WHERE id BETWEEN 2307773 AND 2307873
	Index Scan using sbtest3_pkey on sbtest3  (cost=0.43..373.30 rows=94 width=125)
	  Index Cond: ((id >= 2307773) AND (id <= 2307873))

table 4 : explain SELECT id, c FROM sbtest4 WHERE id BETWEEN 2307773 AND 2307873
	Index Scan using sbtest4_pkey on sbtest4  (cost=0.43..388.85 rows=98 width=125)
	  Index Cond: ((id >= 2307773) AND (id <= 2307873))

table 5 : explain SELECT id, c FROM sbtest5 WHERE id BETWEEN 2307773 AND 2307873
	Index Scan using sbtest5_pkey on sbtest5  (cost=0.43..373.16 rows=94 width=125)
	  Index Cond: ((id >= 2307773) AND (id <= 2307873))

table 6 : explain SELECT id, c FROM sbtest6 WHERE id BETWEEN 2307773 AND 2307873
	Index Scan using sbtest6_pkey on sbtest6  (cost=0.43..398.88 rows=101 width=125)
	  Index Cond: ((id >= 2307773) AND (id <= 2307873))

table 7 : explain SELECT id, c FROM sbtest7 WHERE id BETWEEN 2307773 AND 2307873
	Index Scan using sbtest7_pkey on sbtest7  (cost=0.43..405.98 rows=102 width=125)
	  Index Cond: ((id >= 2307773) AND (id <= 2307873))

table 8 : explain SELECT id, c FROM sbtest8 WHERE id BETWEEN 2307773 AND 2307873
	Index Scan using sbtest8_pkey on sbtest8  (cost=0.43..440.23 rows=111 width=125)
	  Index Cond: ((id >= 2307773) AND (id <= 2307873))

explain: for range-notcovered :: explain SELECT id, c FROM sbtest%d WHERE id BETWEEN 2307773 AND 2307873
for range-notcovered
table 1 : explain SELECT id, c FROM sbtest1 WHERE id BETWEEN 4500848 AND 4500948
	Index Scan using sbtest1_pkey on sbtest1  (cost=0.43..397.73 rows=100 width=125)
	  Index Cond: ((id >= 4500848) AND (id <= 4500948))

table 2 : explain SELECT id, c FROM sbtest2 WHERE id BETWEEN 4500848 AND 4500948
	Index Scan using sbtest2_pkey on sbtest2  (cost=0.43..413.32 rows=104 width=125)
	  Index Cond: ((id >= 4500848) AND (id <= 4500948))

table 3 : explain SELECT id, c FROM sbtest3 WHERE id BETWEEN 4500848 AND 4500948
	Index Scan using sbtest3_pkey on sbtest3  (cost=0.43..408.63 rows=103 width=125)
	  Index Cond: ((id >= 4500848) AND (id <= 4500948))

table 4 : explain SELECT id, c FROM sbtest4 WHERE id BETWEEN 4500848 AND 4500948
	Index Scan using sbtest4_pkey on sbtest4  (cost=0.43..392.77 rows=99 width=125)
	  Index Cond: ((id >= 4500848) AND (id <= 4500948))

table 5 : explain SELECT id, c FROM sbtest5 WHERE id BETWEEN 4500848 AND 4500948
	Index Scan using sbtest5_pkey on sbtest5  (cost=0.43..412.37 rows=104 width=125)
	  Index Cond: ((id >= 4500848) AND (id <= 4500948))

table 6 : explain SELECT id, c FROM sbtest6 WHERE id BETWEEN 4500848 AND 4500948
	Index Scan using sbtest6_pkey on sbtest6  (cost=0.43..414.49 rows=105 width=125)
	  Index Cond: ((id >= 4500848) AND (id <= 4500948))

table 7 : explain SELECT id, c FROM sbtest7 WHERE id BETWEEN 4500848 AND 4500948
	Index Scan using sbtest7_pkey on sbtest7  (cost=0.43..394.16 rows=99 width=125)
	  Index Cond: ((id >= 4500848) AND (id <= 4500948))

table 8 : explain SELECT id, c FROM sbtest8 WHERE id BETWEEN 4500848 AND 4500948
	Index Scan using sbtest8_pkey on sbtest8  (cost=0.43..381.34 rows=96 width=125)
	  Index Cond: ((id >= 4500848) AND (id <= 4500948))

for range-notcovered
table 1 : explain SELECT id, c FROM sbtest1 WHERE id BETWEEN 4909246 AND 4909346
	Index Scan using sbtest1_pkey on sbtest1  (cost=0.43..374.12 rows=94 width=125)
	  Index Cond: ((id >= 4909246) AND (id <= 4909346))

table 2 : explain SELECT id, c FROM sbtest2 WHERE id BETWEEN 4909246 AND 4909346
	Index Scan using sbtest2_pkey on sbtest2  (cost=0.43..381.86 rows=96 width=125)
	  Index Cond: ((id >= 4909246) AND (id <= 4909346))

table 3 : explain SELECT id, c FROM sbtest3 WHERE id BETWEEN 4909246 AND 4909346
	Index Scan using sbtest3_pkey on sbtest3  (cost=0.43..424.32 rows=107 width=125)
	  Index Cond: ((id >= 4909246) AND (id <= 4909346))

table 4 : explain SELECT id, c FROM sbtest4 WHERE id BETWEEN 4909246 AND 4909346
	Index Scan using sbtest4_pkey on sbtest4  (cost=0.43..365.33 rows=92 width=125)
	  Index Cond: ((id >= 4909246) AND (id <= 4909346))

table 5 : explain SELECT id, c FROM sbtest5 WHERE id BETWEEN 4909246 AND 4909346
	Index Scan using sbtest5_pkey on sbtest5  (cost=0.43..420.21 rows=106 width=125)
	  Index Cond: ((id >= 4909246) AND (id <= 4909346))

table 6 : explain SELECT id, c FROM sbtest6 WHERE id BETWEEN 4909246 AND 4909346
	Index Scan using sbtest6_pkey on sbtest6  (cost=0.43..340.30 rows=86 width=125)
	  Index Cond: ((id >= 4909246) AND (id <= 4909346))

table 7 : explain SELECT id, c FROM sbtest7 WHERE id BETWEEN 4909246 AND 4909346
	Index Scan using sbtest7_pkey on sbtest7  (cost=0.43..429.59 rows=108 width=125)
	  Index Cond: ((id >= 4909246) AND (id <= 4909346))

table 8 : explain SELECT id, c FROM sbtest8 WHERE id BETWEEN 4909246 AND 4909346
	Index Scan using sbtest8_pkey on sbtest8  (cost=0.43..444.16 rows=112 width=125)
	  Index Cond: ((id >= 4909246) AND (id <= 4909346))

explain: for range-notcovered :: explain SELECT id, c FROM sbtest%d WHERE id BETWEEN 4909246 AND 4909346
explain: for range-notcovered :: explain SELECT id, c FROM sbtest%d WHERE id BETWEEN 4500848 AND 4500948
for range-notcovered
table 1 : explain SELECT id, c FROM sbtest1 WHERE id BETWEEN 6313208 AND 6313308
	Index Scan using sbtest1_pkey on sbtest1  (cost=0.43..389.85 rows=98 width=125)
	  Index Cond: ((id >= 6313208) AND (id <= 6313308))

table 2 : explain SELECT id, c FROM sbtest2 WHERE id BETWEEN 6313208 AND 6313308
	Index Scan using sbtest2_pkey on sbtest2  (cost=0.43..413.32 rows=104 width=125)
	  Index Cond: ((id >= 6313208) AND (id <= 6313308))

table 3 : explain SELECT id, c FROM sbtest3 WHERE id BETWEEN 6313208 AND 6313308
	Index Scan using sbtest3_pkey on sbtest3  (cost=0.43..381.14 rows=96 width=125)
	  Index Cond: ((id >= 6313208) AND (id <= 6313308))

table 4 : explain SELECT id, c FROM sbtest4 WHERE id BETWEEN 6313208 AND 6313308
	Index Scan using sbtest4_pkey on sbtest4  (cost=0.43..435.90 rows=110 width=125)
	  Index Cond: ((id >= 6313208) AND (id <= 6313308))

table 5 : explain SELECT id, c FROM sbtest5 WHERE id BETWEEN 6313208 AND 6313308
	Index Scan using sbtest5_pkey on sbtest5  (cost=0.43..396.69 rows=100 width=125)
	  Index Cond: ((id >= 6313208) AND (id <= 6313308))

table 6 : explain SELECT id, c FROM sbtest6 WHERE id BETWEEN 6313208 AND 6313308
	Index Scan using sbtest6_pkey on sbtest6  (cost=0.43..383.26 rows=97 width=125)
	  Index Cond: ((id >= 6313208) AND (id <= 6313308))

table 7 : explain SELECT id, c FROM sbtest7 WHERE id BETWEEN 6313208 AND 6313308
	Index Scan using sbtest7_pkey on sbtest7  (cost=0.43..405.98 rows=102 width=125)
	  Index Cond: ((id >= 6313208) AND (id <= 6313308))

table 8 : explain SELECT id, c FROM sbtest8 WHERE id BETWEEN 6313208 AND 6313308
	Index Scan using sbtest8_pkey on sbtest8  (cost=0.43..377.42 rows=95 width=125)
	  Index Cond: ((id >= 6313208) AND (id <= 6313308))

explain: for range-notcovered :: explain SELECT id, c FROM sbtest%d WHERE id BETWEEN 6313208 AND 6313308
for range-notcovered
table 1 : explain SELECT id, c FROM sbtest1 WHERE id BETWEEN 3393717 AND 3393817
	Index Scan using sbtest1_pkey on sbtest1  (cost=0.43..417.39 rows=105 width=125)
	  Index Cond: ((id >= 3393717) AND (id <= 3393817))

table 2 : explain SELECT id, c FROM sbtest2 WHERE id BETWEEN 3393717 AND 3393817
	Index Scan using sbtest2_pkey on sbtest2  (cost=0.43..385.79 rows=97 width=125)
	  Index Cond: ((id >= 3393717) AND (id <= 3393817))

table 3 : explain SELECT id, c FROM sbtest3 WHERE id BETWEEN 3393717 AND 3393817
	Index Scan using sbtest3_pkey on sbtest3  (cost=0.43..373.30 rows=94 width=125)
	  Index Cond: ((id >= 3393717) AND (id <= 3393817))

table 4 : explain SELECT id, c FROM sbtest4 WHERE id BETWEEN 3393717 AND 3393817
	Index Scan using sbtest4_pkey on sbtest4  (cost=0.43..408.46 rows=103 width=125)
	  Index Cond: ((id >= 3393717) AND (id <= 3393817))

table 5 : explain SELECT id, c FROM sbtest5 WHERE id BETWEEN 3393717 AND 3393817
	Index Scan using sbtest5_pkey on sbtest5  (cost=0.43..388.85 rows=98 width=125)
	  Index Cond: ((id >= 3393717) AND (id <= 3393817))

table 6 : explain SELECT id, c FROM sbtest6 WHERE id BETWEEN 3393717 AND 3393817
	Index Scan using sbtest6_pkey on sbtest6  (cost=0.43..410.59 rows=104 width=125)
	  Index Cond: ((id >= 3393717) AND (id <= 3393817))

table 7 : explain SELECT id, c FROM sbtest7 WHERE id BETWEEN 3393717 AND 3393817
	Index Scan using sbtest7_pkey on sbtest7  (cost=0.43..382.35 rows=96 width=125)
	  Index Cond: ((id >= 3393717) AND (id <= 3393817))

table 8 : explain SELECT id, c FROM sbtest8 WHERE id BETWEEN 3393717 AND 3393817
	Index Scan using sbtest8_pkey on sbtest8  (cost=0.43..365.64 rows=92 width=125)
	  Index Cond: ((id >= 3393717) AND (id <= 3393817))

explain: for range-notcovered :: explain SELECT id, c FROM sbtest%d WHERE id BETWEEN 3393717 AND 3393817
for range-notcovered
table 1 : explain SELECT id, c FROM sbtest1 WHERE id BETWEEN 6313208 AND 6313308
	Index Scan using sbtest1_pkey on sbtest1  (cost=0.43..389.85 rows=98 width=125)
	  Index Cond: ((id >= 6313208) AND (id <= 6313308))

table 2 : explain SELECT id, c FROM sbtest2 WHERE id BETWEEN 6313208 AND 6313308
	Index Scan using sbtest2_pkey on sbtest2  (cost=0.43..413.32 rows=104 width=125)
	  Index Cond: ((id >= 6313208) AND (id <= 6313308))

table 3 : explain SELECT id, c FROM sbtest3 WHERE id BETWEEN 6313208 AND 6313308
	Index Scan using sbtest3_pkey on sbtest3  (cost=0.43..381.14 rows=96 width=125)
	  Index Cond: ((id >= 6313208) AND (id <= 6313308))

table 4 : explain SELECT id, c FROM sbtest4 WHERE id BETWEEN 6313208 AND 6313308
	Index Scan using sbtest4_pkey on sbtest4  (cost=0.43..435.90 rows=110 width=125)
	  Index Cond: ((id >= 6313208) AND (id <= 6313308))

table 5 : explain SELECT id, c FROM sbtest5 WHERE id BETWEEN 6313208 AND 6313308
	Index Scan using sbtest5_pkey on sbtest5  (cost=0.43..396.69 rows=100 width=125)
	  Index Cond: ((id >= 6313208) AND (id <= 6313308))

table 6 : explain SELECT id, c FROM sbtest6 WHERE id BETWEEN 6313208 AND 6313308
	Index Scan using sbtest6_pkey on sbtest6  (cost=0.43..383.26 rows=97 width=125)
	  Index Cond: ((id >= 6313208) AND (id <= 6313308))

table 7 : explain SELECT id, c FROM sbtest7 WHERE id BETWEEN 6313208 AND 6313308
	Index Scan using sbtest7_pkey on sbtest7  (cost=0.43..405.98 rows=102 width=125)
	  Index Cond: ((id >= 6313208) AND (id <= 6313308))

table 8 : explain SELECT id, c FROM sbtest8 WHERE id BETWEEN 6313208 AND 6313308
	Index Scan using sbtest8_pkey on sbtest8  (cost=0.43..377.42 rows=95 width=125)
	  Index Cond: ((id >= 6313208) AND (id <= 6313308))

for range-notcovered
table 1 : explain SELECT id, c FROM sbtest1 WHERE id BETWEEN 2307773 AND 2307873
	Index Scan using sbtest1_pkey on sbtest1  (cost=0.43..417.39 rows=105 width=125)
	  Index Cond: ((id >= 2307773) AND (id <= 2307873))

table 2 : explain SELECT id, c FROM sbtest2 WHERE id BETWEEN 2307773 AND 2307873
	Index Scan using sbtest2_pkey on sbtest2  (cost=0.43..393.67 rows=99 width=125)
	  Index Cond: ((id >= 2307773) AND (id <= 2307873))

table 3 : explain SELECT id, c FROM sbtest3 WHERE id BETWEEN 2307773 AND 2307873
	Index Scan using sbtest3_pkey on sbtest3  (cost=0.43..373.30 rows=94 width=125)
	  Index Cond: ((id >= 2307773) AND (id <= 2307873))

table 4 : explain SELECT id, c FROM sbtest4 WHERE id BETWEEN 2307773 AND 2307873
	Index Scan using sbtest4_pkey on sbtest4  (cost=0.43..388.85 rows=98 width=125)
	  Index Cond: ((id >= 2307773) AND (id <= 2307873))

table 5 : explain SELECT id, c FROM sbtest5 WHERE id BETWEEN 2307773 AND 2307873
	Index Scan using sbtest5_pkey on sbtest5  (cost=0.43..373.16 rows=94 width=125)
	  Index Cond: ((id >= 2307773) AND (id <= 2307873))

table 6 : explain SELECT id, c FROM sbtest6 WHERE id BETWEEN 2307773 AND 2307873
	Index Scan using sbtest6_pkey on sbtest6  (cost=0.43..398.88 rows=101 width=125)
	  Index Cond: ((id >= 2307773) AND (id <= 2307873))

table 7 : explain SELECT id, c FROM sbtest7 WHERE id BETWEEN 2307773 AND 2307873
	Index Scan using sbtest7_pkey on sbtest7  (cost=0.43..405.98 rows=102 width=125)
	  Index Cond: ((id >= 2307773) AND (id <= 2307873))

table 8 : explain SELECT id, c FROM sbtest8 WHERE id BETWEEN 2307773 AND 2307873
	Index Scan using sbtest8_pkey on sbtest8  (cost=0.43..440.23 rows=111 width=125)
	  Index Cond: ((id >= 2307773) AND (id <= 2307873))

explain: for range-notcovered :: explain SELECT id, c FROM sbtest%d WHERE id BETWEEN 2307773 AND 2307873
for range-notcovered
table 1 : explain SELECT id, c FROM sbtest1 WHERE id BETWEEN 3393717 AND 3393817
	Index Scan using sbtest1_pkey on sbtest1  (cost=0.43..417.39 rows=105 width=125)
	  Index Cond: ((id >= 3393717) AND (id <= 3393817))

table 2 : explain SELECT id, c FROM sbtest2 WHERE id BETWEEN 3393717 AND 3393817
	Index Scan using sbtest2_pkey on sbtest2  (cost=0.43..385.79 rows=97 width=125)
	  Index Cond: ((id >= 3393717) AND (id <= 3393817))

table 3 : explain SELECT id, c FROM sbtest3 WHERE id BETWEEN 3393717 AND 3393817
	Index Scan using sbtest3_pkey on sbtest3  (cost=0.43..373.30 rows=94 width=125)
	  Index Cond: ((id >= 3393717) AND (id <= 3393817))

table 4 : explain SELECT id, c FROM sbtest4 WHERE id BETWEEN 3393717 AND 3393817
	Index Scan using sbtest4_pkey on sbtest4  (cost=0.43..408.46 rows=103 width=125)
	  Index Cond: ((id >= 3393717) AND (id <= 3393817))

table 5 : explain SELECT id, c FROM sbtest5 WHERE id BETWEEN 3393717 AND 3393817
	Index Scan using sbtest5_pkey on sbtest5  (cost=0.43..388.85 rows=98 width=125)
	  Index Cond: ((id >= 3393717) AND (id <= 3393817))

table 6 : explain SELECT id, c FROM sbtest6 WHERE id BETWEEN 3393717 AND 3393817
	Index Scan using sbtest6_pkey on sbtest6  (cost=0.43..410.59 rows=104 width=125)
	  Index Cond: ((id >= 3393717) AND (id <= 3393817))

table 7 : explain SELECT id, c FROM sbtest7 WHERE id BETWEEN 3393717 AND 3393817
	Index Scan using sbtest7_pkey on sbtest7  (cost=0.43..382.35 rows=96 width=125)
	  Index Cond: ((id >= 3393717) AND (id <= 3393817))

table 8 : explain SELECT id, c FROM sbtest8 WHERE id BETWEEN 3393717 AND 3393817
	Index Scan using sbtest8_pkey on sbtest8  (cost=0.43..365.64 rows=92 width=125)
	  Index Cond: ((id >= 3393717) AND (id <= 3393817))

explain: for range-notcovered :: explain SELECT id, c FROM sbtest%d WHERE id BETWEEN 3393717 AND 3393817
for range-notcovered
table 1 : explain SELECT id, c FROM sbtest1 WHERE id BETWEEN 8978943 AND 8979043
	Index Scan using sbtest1_pkey on sbtest1  (cost=0.43..437.04 rows=110 width=125)
	  Index Cond: ((id >= 8978943) AND (id <= 8979043))

table 2 : explain SELECT id, c FROM sbtest2 WHERE id BETWEEN 8978943 AND 8979043
	Index Scan using sbtest2_pkey on sbtest2  (cost=0.43..385.79 rows=97 width=125)
	  Index Cond: ((id >= 8978943) AND (id <= 8979043))

table 3 : explain SELECT id, c FROM sbtest3 WHERE id BETWEEN 8978943 AND 8979043
	Index Scan using sbtest3_pkey on sbtest3  (cost=0.43..349.76 rows=88 width=125)
	  Index Cond: ((id >= 8978943) AND (id <= 8979043))

table 4 : explain SELECT id, c FROM sbtest4 WHERE id BETWEEN 8978943 AND 8979043
	Index Scan using sbtest4_pkey on sbtest4  (cost=0.43..420.22 rows=106 width=125)
	  Index Cond: ((id >= 8978943) AND (id <= 8979043))

table 5 : explain SELECT id, c FROM sbtest5 WHERE id BETWEEN 8978943 AND 8979043
	Index Scan using sbtest5_pkey on sbtest5  (cost=0.43..369.24 rows=93 width=125)
	  Index Cond: ((id >= 8978943) AND (id <= 8979043))

table 6 : explain SELECT id, c FROM sbtest6 WHERE id BETWEEN 8978943 AND 8979043
	Index Scan using sbtest6_pkey on sbtest6  (cost=0.43..387.17 rows=98 width=125)
	  Index Cond: ((id >= 8978943) AND (id <= 8979043))

table 7 : explain SELECT id, c FROM sbtest7 WHERE id BETWEEN 8978943 AND 8979043
	Index Scan using sbtest7_pkey on sbtest7  (cost=0.43..425.66 rows=107 width=125)
	  Index Cond: ((id >= 8978943) AND (id <= 8979043))

table 8 : explain SELECT id, c FROM sbtest8 WHERE id BETWEEN 8978943 AND 8979043
	Index Scan using sbtest8_pkey on sbtest8  (cost=0.43..428.46 rows=108 width=125)
	  Index Cond: ((id >= 8978943) AND (id <= 8979043))

for range-notcovered
table 1 : explain SELECT id, c FROM sbtest1 WHERE id BETWEEN 4642695 AND 4642795
	Index Scan using sbtest1_pkey on sbtest1  (cost=0.43..429.18 rows=108 width=125)
	  Index Cond: ((id >= 4642695) AND (id <= 4642795))

table 2 : explain SELECT id, c FROM sbtest2 WHERE id BETWEEN 4642695 AND 4642795
	Index Scan using sbtest2_pkey on sbtest2  (cost=0.43..405.46 rows=102 width=125)
	  Index Cond: ((id >= 4642695) AND (id <= 4642795))

table 3 : explain SELECT id, c FROM sbtest3 WHERE id BETWEEN 4642695 AND 4642795
	Index Scan using sbtest3_pkey on sbtest3  (cost=0.43..412.55 rows=104 width=125)
	  Index Cond: ((id >= 4642695) AND (id <= 4642795))

table 4 : explain SELECT id, c FROM sbtest4 WHERE id BETWEEN 4642695 AND 4642795
	Index Scan using sbtest4_pkey on sbtest4  (cost=0.43..396.69 rows=100 width=125)
	  Index Cond: ((id >= 4642695) AND (id <= 4642795))

table 5 : explain SELECT id, c FROM sbtest5 WHERE id BETWEEN 4642695 AND 4642795
	Index Scan using sbtest5_pkey on sbtest5  (cost=0.43..443.74 rows=112 width=125)
	  Index Cond: ((id >= 4642695) AND (id <= 4642795))

table 6 : explain SELECT id, c FROM sbtest6 WHERE id BETWEEN 4642695 AND 4642795
	Index Scan using sbtest6_pkey on sbtest6  (cost=0.43..363.72 rows=92 width=125)
	  Index Cond: ((id >= 4642695) AND (id <= 4642795))

table 7 : explain SELECT id, c FROM sbtest7 WHERE id BETWEEN 4642695 AND 4642795
	Index Scan using sbtest7_pkey on sbtest7  (cost=0.43..413.85 rows=104 width=125)
	  Index Cond: ((id >= 4642695) AND (id <= 4642795))

table 8 : explain SELECT id, c FROM sbtest8 WHERE id BETWEEN 4642695 AND 4642795
	Index Scan using sbtest8_pkey on sbtest8  (cost=0.43..381.34 rows=96 width=125)
	  Index Cond: ((id >= 4642695) AND (id <= 4642795))

explain: for range-notcovered :: explain SELECT id, c FROM sbtest%d WHERE id BETWEEN 8978943 AND 8979043
explain: for range-notcovered :: explain SELECT id, c FROM sbtest%d WHERE id BETWEEN 4642695 AND 4642795
for range-notcovered
table 1 : explain SELECT id, c FROM sbtest1 WHERE id BETWEEN 3393717 AND 3393817
	Index Scan using sbtest1_pkey on sbtest1  (cost=0.43..417.39 rows=105 width=125)
	  Index Cond: ((id >= 3393717) AND (id <= 3393817))

table 2 : explain SELECT id, c FROM sbtest2 WHERE id BETWEEN 3393717 AND 3393817
	Index Scan using sbtest2_pkey on sbtest2  (cost=0.43..385.79 rows=97 width=125)
	  Index Cond: ((id >= 3393717) AND (id <= 3393817))

table 3 : explain SELECT id, c FROM sbtest3 WHERE id BETWEEN 3393717 AND 3393817
	Index Scan using sbtest3_pkey on sbtest3  (cost=0.43..373.30 rows=94 width=125)
	  Index Cond: ((id >= 3393717) AND (id <= 3393817))

table 4 : explain SELECT id, c FROM sbtest4 WHERE id BETWEEN 3393717 AND 3393817
	Index Scan using sbtest4_pkey on sbtest4  (cost=0.43..408.46 rows=103 width=125)
	  Index Cond: ((id >= 3393717) AND (id <= 3393817))

table 5 : explain SELECT id, c FROM sbtest5 WHERE id BETWEEN 3393717 AND 3393817
	Index Scan using sbtest5_pkey on sbtest5  (cost=0.43..388.85 rows=98 width=125)
	  Index Cond: ((id >= 3393717) AND (id <= 3393817))

table 6 : explain SELECT id, c FROM sbtest6 WHERE id BETWEEN 3393717 AND 3393817
	Index Scan using sbtest6_pkey on sbtest6  (cost=0.43..410.59 rows=104 width=125)
	  Index Cond: ((id >= 3393717) AND (id <= 3393817))

table 7 : explain SELECT id, c FROM sbtest7 WHERE id BETWEEN 3393717 AND 3393817
	Index Scan using sbtest7_pkey on sbtest7  (cost=0.43..382.35 rows=96 width=125)
	  Index Cond: ((id >= 3393717) AND (id <= 3393817))

table 8 : explain SELECT id, c FROM sbtest8 WHERE id BETWEEN 3393717 AND 3393817
	Index Scan using sbtest8_pkey on sbtest8  (cost=0.43..365.64 rows=92 width=125)
	  Index Cond: ((id >= 3393717) AND (id <= 3393817))

explain: for range-notcovered :: explain SELECT id, c FROM sbtest%d WHERE id BETWEEN 3393717 AND 3393817
for range-notcovered
table 1 : explain SELECT id, c FROM sbtest1 WHERE id BETWEEN 4500848 AND 4500948
	Index Scan using sbtest1_pkey on sbtest1  (cost=0.43..397.73 rows=100 width=125)
	  Index Cond: ((id >= 4500848) AND (id <= 4500948))

table 2 : explain SELECT id, c FROM sbtest2 WHERE id BETWEEN 4500848 AND 4500948
	Index Scan using sbtest2_pkey on sbtest2  (cost=0.43..413.32 rows=104 width=125)
	  Index Cond: ((id >= 4500848) AND (id <= 4500948))

table 3 : explain SELECT id, c FROM sbtest3 WHERE id BETWEEN 4500848 AND 4500948
	Index Scan using sbtest3_pkey on sbtest3  (cost=0.43..408.63 rows=103 width=125)
	  Index Cond: ((id >= 4500848) AND (id <= 4500948))

table 4 : explain SELECT id, c FROM sbtest4 WHERE id BETWEEN 4500848 AND 4500948
	Index Scan using sbtest4_pkey on sbtest4  (cost=0.43..392.77 rows=99 width=125)
	  Index Cond: ((id >= 4500848) AND (id <= 4500948))

table 5 : explain SELECT id, c FROM sbtest5 WHERE id BETWEEN 4500848 AND 4500948
	Index Scan using sbtest5_pkey on sbtest5  (cost=0.43..412.37 rows=104 width=125)
	  Index Cond: ((id >= 4500848) AND (id <= 4500948))

table 6 : explain SELECT id, c FROM sbtest6 WHERE id BETWEEN 4500848 AND 4500948
	Index Scan using sbtest6_pkey on sbtest6  (cost=0.43..414.49 rows=105 width=125)
	  Index Cond: ((id >= 4500848) AND (id <= 4500948))

table 7 : explain SELECT id, c FROM sbtest7 WHERE id BETWEEN 4500848 AND 4500948
	Index Scan using sbtest7_pkey on sbtest7  (cost=0.43..394.16 rows=99 width=125)
	  Index Cond: ((id >= 4500848) AND (id <= 4500948))

table 8 : explain SELECT id, c FROM sbtest8 WHERE id BETWEEN 4500848 AND 4500948
	Index Scan using sbtest8_pkey on sbtest8  (cost=0.43..381.34 rows=96 width=125)
	  Index Cond: ((id >= 4500848) AND (id <= 4500948))

explain: for range-notcovered :: explain SELECT id, c FROM sbtest%d WHERE id BETWEEN 4500848 AND 4500948
for range-notcovered
table 1 : explain SELECT id, c FROM sbtest1 WHERE id BETWEEN 8978943 AND 8979043
	Index Scan using sbtest1_pkey on sbtest1  (cost=0.43..437.04 rows=110 width=125)
	  Index Cond: ((id >= 8978943) AND (id <= 8979043))

table 2 : explain SELECT id, c FROM sbtest2 WHERE id BETWEEN 8978943 AND 8979043
	Index Scan using sbtest2_pkey on sbtest2  (cost=0.43..385.79 rows=97 width=125)
	  Index Cond: ((id >= 8978943) AND (id <= 8979043))

table 3 : explain SELECT id, c FROM sbtest3 WHERE id BETWEEN 8978943 AND 8979043
	Index Scan using sbtest3_pkey on sbtest3  (cost=0.43..349.76 rows=88 width=125)
	  Index Cond: ((id >= 8978943) AND (id <= 8979043))

table 4 : explain SELECT id, c FROM sbtest4 WHERE id BETWEEN 8978943 AND 8979043
	Index Scan using sbtest4_pkey on sbtest4  (cost=0.43..420.22 rows=106 width=125)
	  Index Cond: ((id >= 8978943) AND (id <= 8979043))

table 5 : explain SELECT id, c FROM sbtest5 WHERE id BETWEEN 8978943 AND 8979043
	Index Scan using sbtest5_pkey on sbtest5  (cost=0.43..369.24 rows=93 width=125)
	  Index Cond: ((id >= 8978943) AND (id <= 8979043))

table 6 : explain SELECT id, c FROM sbtest6 WHERE id BETWEEN 8978943 AND 8979043
	Index Scan using sbtest6_pkey on sbtest6  (cost=0.43..387.17 rows=98 width=125)
	  Index Cond: ((id >= 8978943) AND (id <= 8979043))

table 7 : explain SELECT id, c FROM sbtest7 WHERE id BETWEEN 8978943 AND 8979043
	Index Scan using sbtest7_pkey on sbtest7  (cost=0.43..425.66 rows=107 width=125)
	  Index Cond: ((id >= 8978943) AND (id <= 8979043))

table 8 : explain SELECT id, c FROM sbtest8 WHERE id BETWEEN 8978943 AND 8979043
	Index Scan using sbtest8_pkey on sbtest8  (cost=0.43..428.46 rows=108 width=125)
	  Index Cond: ((id >= 8978943) AND (id <= 8979043))

for range-notcovered
table 1 : explain SELECT id, c FROM sbtest1 WHERE id BETWEEN 4642695 AND 4642795
	Index Scan using sbtest1_pkey on sbtest1  (cost=0.43..429.18 rows=108 width=125)
	  Index Cond: ((id >= 4642695) AND (id <= 4642795))

table 2 : explain SELECT id, c FROM sbtest2 WHERE id BETWEEN 4642695 AND 4642795
	Index Scan using sbtest2_pkey on sbtest2  (cost=0.43..405.46 rows=102 width=125)
	  Index Cond: ((id >= 4642695) AND (id <= 4642795))

table 3 : explain SELECT id, c FROM sbtest3 WHERE id BETWEEN 4642695 AND 4642795
	Index Scan using sbtest3_pkey on sbtest3  (cost=0.43..412.55 rows=104 width=125)
	  Index Cond: ((id >= 4642695) AND (id <= 4642795))

table 4 : explain SELECT id, c FROM sbtest4 WHERE id BETWEEN 4642695 AND 4642795
	Index Scan using sbtest4_pkey on sbtest4  (cost=0.43..396.69 rows=100 width=125)
	  Index Cond: ((id >= 4642695) AND (id <= 4642795))

table 5 : explain SELECT id, c FROM sbtest5 WHERE id BETWEEN 4642695 AND 4642795
	Index Scan using sbtest5_pkey on sbtest5  (cost=0.43..443.74 rows=112 width=125)
	  Index Cond: ((id >= 4642695) AND (id <= 4642795))

table 6 : explain SELECT id, c FROM sbtest6 WHERE id BETWEEN 4642695 AND 4642795
	Index Scan using sbtest6_pkey on sbtest6  (cost=0.43..363.72 rows=92 width=125)
	  Index Cond: ((id >= 4642695) AND (id <= 4642795))

table 7 : explain SELECT id, c FROM sbtest7 WHERE id BETWEEN 4642695 AND 4642795
	Index Scan using sbtest7_pkey on sbtest7  (cost=0.43..413.85 rows=104 width=125)
	  Index Cond: ((id >= 4642695) AND (id <= 4642795))

table 8 : explain SELECT id, c FROM sbtest8 WHERE id BETWEEN 4642695 AND 4642795
	Index Scan using sbtest8_pkey on sbtest8  (cost=0.43..381.34 rows=96 width=125)
	  Index Cond: ((id >= 4642695) AND (id <= 4642795))

explain: for range-notcovered :: explain SELECT id, c FROM sbtest%d WHERE id BETWEEN 8978943 AND 8979043
explain: for range-notcovered :: explain SELECT id, c FROM sbtest%d WHERE id BETWEEN 4642695 AND 4642795
explain: for range-notcovered :: explain SELECT id, c FROM sbtest%d WHERE id BETWEEN 5985075 AND 5985175
for range-notcovered
table 1 : explain SELECT id, c FROM sbtest1 WHERE id BETWEEN 4500848 AND 4500948
	Index Scan using sbtest1_pkey on sbtest1  (cost=0.43..397.73 rows=100 width=125)
	  Index Cond: ((id >= 4500848) AND (id <= 4500948))

table 2 : explain SELECT id, c FROM sbtest2 WHERE id BETWEEN 4500848 AND 4500948
	Index Scan using sbtest2_pkey on sbtest2  (cost=0.43..413.32 rows=104 width=125)
	  Index Cond: ((id >= 4500848) AND (id <= 4500948))

table 3 : explain SELECT id, c FROM sbtest3 WHERE id BETWEEN 4500848 AND 4500948
	Index Scan using sbtest3_pkey on sbtest3  (cost=0.43..408.63 rows=103 width=125)
	  Index Cond: ((id >= 4500848) AND (id <= 4500948))

table 4 : explain SELECT id, c FROM sbtest4 WHERE id BETWEEN 4500848 AND 4500948
	Index Scan using sbtest4_pkey on sbtest4  (cost=0.43..392.77 rows=99 width=125)
	  Index Cond: ((id >= 4500848) AND (id <= 4500948))

table 5 : explain SELECT id, c FROM sbtest5 WHERE id BETWEEN 4500848 AND 4500948
	Index Scan using sbtest5_pkey on sbtest5  (cost=0.43..412.37 rows=104 width=125)
	  Index Cond: ((id >= 4500848) AND (id <= 4500948))

table 6 : explain SELECT id, c FROM sbtest6 WHERE id BETWEEN 4500848 AND 4500948
	Index Scan using sbtest6_pkey on sbtest6  (cost=0.43..414.49 rows=105 width=125)
	  Index Cond: ((id >= 4500848) AND (id <= 4500948))

table 7 : explain SELECT id, c FROM sbtest7 WHERE id BETWEEN 4500848 AND 4500948
	Index Scan using sbtest7_pkey on sbtest7  (cost=0.43..394.16 rows=99 width=125)
	  Index Cond: ((id >= 4500848) AND (id <= 4500948))

table 8 : explain SELECT id, c FROM sbtest8 WHERE id BETWEEN 4500848 AND 4500948
	Index Scan using sbtest8_pkey on sbtest8  (cost=0.43..381.34 rows=96 width=125)
	  Index Cond: ((id >= 4500848) AND (id <= 4500948))

explain: for range-notcovered :: explain SELECT id, c FROM sbtest%d WHERE id BETWEEN 4500848 AND 4500948
explain: for range-notcovered :: explain SELECT id, c FROM sbtest%d WHERE id BETWEEN 8466539 AND 8466639
for range-notcovered
table 1 : explain SELECT id, c FROM sbtest1 WHERE id BETWEEN 8978943 AND 8979043
	Index Scan using sbtest1_pkey on sbtest1  (cost=0.43..437.04 rows=110 width=125)
	  Index Cond: ((id >= 8978943) AND (id <= 8979043))

table 2 : explain SELECT id, c FROM sbtest2 WHERE id BETWEEN 8978943 AND 8979043
	Index Scan using sbtest2_pkey on sbtest2  (cost=0.43..385.79 rows=97 width=125)
	  Index Cond: ((id >= 8978943) AND (id <= 8979043))

table 3 : explain SELECT id, c FROM sbtest3 WHERE id BETWEEN 8978943 AND 8979043
	Index Scan using sbtest3_pkey on sbtest3  (cost=0.43..349.76 rows=88 width=125)
	  Index Cond: ((id >= 8978943) AND (id <= 8979043))

table 4 : explain SELECT id, c FROM sbtest4 WHERE id BETWEEN 8978943 AND 8979043
	Index Scan using sbtest4_pkey on sbtest4  (cost=0.43..420.22 rows=106 width=125)
	  Index Cond: ((id >= 8978943) AND (id <= 8979043))

table 5 : explain SELECT id, c FROM sbtest5 WHERE id BETWEEN 8978943 AND 8979043
	Index Scan using sbtest5_pkey on sbtest5  (cost=0.43..369.24 rows=93 width=125)
	  Index Cond: ((id >= 8978943) AND (id <= 8979043))

table 6 : explain SELECT id, c FROM sbtest6 WHERE id BETWEEN 8978943 AND 8979043
	Index Scan using sbtest6_pkey on sbtest6  (cost=0.43..387.17 rows=98 width=125)
	  Index Cond: ((id >= 8978943) AND (id <= 8979043))

table 7 : explain SELECT id, c FROM sbtest7 WHERE id BETWEEN 8978943 AND 8979043
	Index Scan using sbtest7_pkey on sbtest7  (cost=0.43..425.66 rows=107 width=125)
	  Index Cond: ((id >= 8978943) AND (id <= 8979043))

table 8 : explain SELECT id, c FROM sbtest8 WHERE id BETWEEN 8978943 AND 8979043
	Index Scan using sbtest8_pkey on sbtest8  (cost=0.43..428.46 rows=108 width=125)
	  Index Cond: ((id >= 8978943) AND (id <= 8979043))

for range-notcovered
table 1 : explain SELECT id, c FROM sbtest1 WHERE id BETWEEN 4642695 AND 4642795
	Index Scan using sbtest1_pkey on sbtest1  (cost=0.43..429.18 rows=108 width=125)
	  Index Cond: ((id >= 4642695) AND (id <= 4642795))

table 2 : explain SELECT id, c FROM sbtest2 WHERE id BETWEEN 4642695 AND 4642795
	Index Scan using sbtest2_pkey on sbtest2  (cost=0.43..405.46 rows=102 width=125)
	  Index Cond: ((id >= 4642695) AND (id <= 4642795))

table 3 : explain SELECT id, c FROM sbtest3 WHERE id BETWEEN 4642695 AND 4642795
	Index Scan using sbtest3_pkey on sbtest3  (cost=0.43..412.55 rows=104 width=125)
	  Index Cond: ((id >= 4642695) AND (id <= 4642795))

table 4 : explain SELECT id, c FROM sbtest4 WHERE id BETWEEN 4642695 AND 4642795
	Index Scan using sbtest4_pkey on sbtest4  (cost=0.43..396.69 rows=100 width=125)
	  Index Cond: ((id >= 4642695) AND (id <= 4642795))

table 5 : explain SELECT id, c FROM sbtest5 WHERE id BETWEEN 4642695 AND 4642795
	Index Scan using sbtest5_pkey on sbtest5  (cost=0.43..443.74 rows=112 width=125)
	  Index Cond: ((id >= 4642695) AND (id <= 4642795))

table 6 : explain SELECT id, c FROM sbtest6 WHERE id BETWEEN 4642695 AND 4642795
	Index Scan using sbtest6_pkey on sbtest6  (cost=0.43..363.72 rows=92 width=125)
	  Index Cond: ((id >= 4642695) AND (id <= 4642795))

table 7 : explain SELECT id, c FROM sbtest7 WHERE id BETWEEN 4642695 AND 4642795
	Index Scan using sbtest7_pkey on sbtest7  (cost=0.43..413.85 rows=104 width=125)
	  Index Cond: ((id >= 4642695) AND (id <= 4642795))

table 8 : explain SELECT id, c FROM sbtest8 WHERE id BETWEEN 4642695 AND 4642795
	Index Scan using sbtest8_pkey on sbtest8  (cost=0.43..381.34 rows=96 width=125)
	  Index Cond: ((id >= 4642695) AND (id <= 4642795))

explain: for range-notcovered :: explain SELECT id, c FROM sbtest%d WHERE id BETWEEN 8978943 AND 8979043
explain: for range-notcovered :: explain SELECT id, c FROM sbtest%d WHERE id BETWEEN 4642695 AND 4642795
for range-notcovered
table 1 : explain SELECT id, c FROM sbtest1 WHERE id BETWEEN 4500848 AND 4500948
	Index Scan using sbtest1_pkey on sbtest1  (cost=0.43..397.73 rows=100 width=125)
	  Index Cond: ((id >= 4500848) AND (id <= 4500948))

table 2 : explain SELECT id, c FROM sbtest2 WHERE id BETWEEN 4500848 AND 4500948
	Index Scan using sbtest2_pkey on sbtest2  (cost=0.43..413.32 rows=104 width=125)
	  Index Cond: ((id >= 4500848) AND (id <= 4500948))

table 3 : explain SELECT id, c FROM sbtest3 WHERE id BETWEEN 4500848 AND 4500948
	Index Scan using sbtest3_pkey on sbtest3  (cost=0.43..408.63 rows=103 width=125)
	  Index Cond: ((id >= 4500848) AND (id <= 4500948))

table 4 : explain SELECT id, c FROM sbtest4 WHERE id BETWEEN 4500848 AND 4500948
	Index Scan using sbtest4_pkey on sbtest4  (cost=0.43..392.77 rows=99 width=125)
	  Index Cond: ((id >= 4500848) AND (id <= 4500948))

table 5 : explain SELECT id, c FROM sbtest5 WHERE id BETWEEN 4500848 AND 4500948
	Index Scan using sbtest5_pkey on sbtest5  (cost=0.43..412.37 rows=104 width=125)
	  Index Cond: ((id >= 4500848) AND (id <= 4500948))

table 6 : explain SELECT id, c FROM sbtest6 WHERE id BETWEEN 4500848 AND 4500948
	Index Scan using sbtest6_pkey on sbtest6  (cost=0.43..414.49 rows=105 width=125)
	  Index Cond: ((id >= 4500848) AND (id <= 4500948))

table 7 : explain SELECT id, c FROM sbtest7 WHERE id BETWEEN 4500848 AND 4500948
	Index Scan using sbtest7_pkey on sbtest7  (cost=0.43..394.16 rows=99 width=125)
	  Index Cond: ((id >= 4500848) AND (id <= 4500948))

table 8 : explain SELECT id, c FROM sbtest8 WHERE id BETWEEN 4500848 AND 4500948
	Index Scan using sbtest8_pkey on sbtest8  (cost=0.43..381.34 rows=96 width=125)
	  Index Cond: ((id >= 4500848) AND (id <= 4500948))

explain: for range-notcovered :: explain SELECT id, c FROM sbtest%d WHERE id BETWEEN 4500848 AND 4500948
for range-notcovered
table 1 : explain SELECT id, c FROM sbtest1 WHERE id BETWEEN 8978943 AND 8979043
	Index Scan using sbtest1_pkey on sbtest1  (cost=0.43..437.04 rows=110 width=125)
	  Index Cond: ((id >= 8978943) AND (id <= 8979043))

table 2 : explain SELECT id, c FROM sbtest2 WHERE id BETWEEN 8978943 AND 8979043
	Index Scan using sbtest2_pkey on sbtest2  (cost=0.43..385.79 rows=97 width=125)
	  Index Cond: ((id >= 8978943) AND (id <= 8979043))

table 3 : explain SELECT id, c FROM sbtest3 WHERE id BETWEEN 8978943 AND 8979043
	Index Scan using sbtest3_pkey on sbtest3  (cost=0.43..349.76 rows=88 width=125)
	  Index Cond: ((id >= 8978943) AND (id <= 8979043))

table 4 : explain SELECT id, c FROM sbtest4 WHERE id BETWEEN 8978943 AND 8979043
	Index Scan using sbtest4_pkey on sbtest4  (cost=0.43..420.22 rows=106 width=125)
	  Index Cond: ((id >= 8978943) AND (id <= 8979043))

table 5 : explain SELECT id, c FROM sbtest5 WHERE id BETWEEN 8978943 AND 8979043
	Index Scan using sbtest5_pkey on sbtest5  (cost=0.43..369.24 rows=93 width=125)
	  Index Cond: ((id >= 8978943) AND (id <= 8979043))

table 6 : explain SELECT id, c FROM sbtest6 WHERE id BETWEEN 8978943 AND 8979043
	Index Scan using sbtest6_pkey on sbtest6  (cost=0.43..387.17 rows=98 width=125)
	  Index Cond: ((id >= 8978943) AND (id <= 8979043))

table 7 : explain SELECT id, c FROM sbtest7 WHERE id BETWEEN 8978943 AND 8979043
	Index Scan using sbtest7_pkey on sbtest7  (cost=0.43..425.66 rows=107 width=125)
	  Index Cond: ((id >= 8978943) AND (id <= 8979043))

table 8 : explain SELECT id, c FROM sbtest8 WHERE id BETWEEN 8978943 AND 8979043
	Index Scan using sbtest8_pkey on sbtest8  (cost=0.43..428.46 rows=108 width=125)
	  Index Cond: ((id >= 8978943) AND (id <= 8979043))

for range-notcovered
table 1 : explain SELECT id, c FROM sbtest1 WHERE id BETWEEN 4642695 AND 4642795
	Index Scan using sbtest1_pkey on sbtest1  (cost=0.43..429.18 rows=108 width=125)
	  Index Cond: ((id >= 4642695) AND (id <= 4642795))

table 2 : explain SELECT id, c FROM sbtest2 WHERE id BETWEEN 4642695 AND 4642795
	Index Scan using sbtest2_pkey on sbtest2  (cost=0.43..405.46 rows=102 width=125)
	  Index Cond: ((id >= 4642695) AND (id <= 4642795))

table 3 : explain SELECT id, c FROM sbtest3 WHERE id BETWEEN 4642695 AND 4642795
	Index Scan using sbtest3_pkey on sbtest3  (cost=0.43..412.55 rows=104 width=125)
	  Index Cond: ((id >= 4642695) AND (id <= 4642795))

table 4 : explain SELECT id, c FROM sbtest4 WHERE id BETWEEN 4642695 AND 4642795
	Index Scan using sbtest4_pkey on sbtest4  (cost=0.43..396.69 rows=100 width=125)
	  Index Cond: ((id >= 4642695) AND (id <= 4642795))

table 5 : explain SELECT id, c FROM sbtest5 WHERE id BETWEEN 4642695 AND 4642795
	Index Scan using sbtest5_pkey on sbtest5  (cost=0.43..443.74 rows=112 width=125)
	  Index Cond: ((id >= 4642695) AND (id <= 4642795))

table 6 : explain SELECT id, c FROM sbtest6 WHERE id BETWEEN 4642695 AND 4642795
	Index Scan using sbtest6_pkey on sbtest6  (cost=0.43..363.72 rows=92 width=125)
	  Index Cond: ((id >= 4642695) AND (id <= 4642795))

table 7 : explain SELECT id, c FROM sbtest7 WHERE id BETWEEN 4642695 AND 4642795
	Index Scan using sbtest7_pkey on sbtest7  (cost=0.43..413.85 rows=104 width=125)
	  Index Cond: ((id >= 4642695) AND (id <= 4642795))

table 8 : explain SELECT id, c FROM sbtest8 WHERE id BETWEEN 4642695 AND 4642795
	Index Scan using sbtest8_pkey on sbtest8  (cost=0.43..381.34 rows=96 width=125)
	  Index Cond: ((id >= 4642695) AND (id <= 4642795))

for range-notcovered
table 1 : explain SELECT id, c FROM sbtest1 WHERE id BETWEEN 4181353 AND 4181453
	Index Scan using sbtest1_pkey on sbtest1  (cost=0.43..401.66 rows=101 width=125)
	  Index Cond: ((id >= 4181353) AND (id <= 4181453))

table 2 : explain SELECT id, c FROM sbtest2 WHERE id BETWEEN 4181353 AND 4181453
	Index Scan using sbtest2_pkey on sbtest2  (cost=0.43..432.97 rows=109 width=125)
	  Index Cond: ((id >= 4181353) AND (id <= 4181453))

table 3 : explain SELECT id, c FROM sbtest3 WHERE id BETWEEN 4181353 AND 4181453
	Index Scan using sbtest3_pkey on sbtest3  (cost=0.43..392.94 rows=99 width=125)
	  Index Cond: ((id >= 4181353) AND (id <= 4181453))

table 4 : explain SELECT id, c FROM sbtest4 WHERE id BETWEEN 4181353 AND 4181453
	Index Scan using sbtest4_pkey on sbtest4  (cost=0.43..373.17 rows=94 width=125)
	  Index Cond: ((id >= 4181353) AND (id <= 4181453))

table 5 : explain SELECT id, c FROM sbtest5 WHERE id BETWEEN 4181353 AND 4181453
	Index Scan using sbtest5_pkey on sbtest5  (cost=0.43..377.08 rows=95 width=125)
	  Index Cond: ((id >= 4181353) AND (id <= 4181453))

table 6 : explain SELECT id, c FROM sbtest6 WHERE id BETWEEN 4181353 AND 4181453
	Index Scan using sbtest6_pkey on sbtest6  (cost=0.43..414.49 rows=105 width=125)
	  Index Cond: ((id >= 4181353) AND (id <= 4181453))

table 7 : explain SELECT id, c FROM sbtest7 WHERE id BETWEEN 4181353 AND 4181453
	Index Scan using sbtest7_pkey on sbtest7  (cost=0.43..394.18 rows=99 width=125)
	  Index Cond: ((id >= 4181353) AND (id <= 4181453))

table 8 : explain SELECT id, c FROM sbtest8 WHERE id BETWEEN 4181353 AND 4181453
	Index Scan using sbtest8_pkey on sbtest8  (cost=0.43..381.34 rows=96 width=125)
	  Index Cond: ((id >= 4181353) AND (id <= 4181453))

for range-notcovered
table 1 : explain SELECT id, c FROM sbtest1 WHERE id BETWEEN 7148350 AND 7148450
	Index Scan using sbtest1_pkey on sbtest1  (cost=0.43..417.39 rows=105 width=125)
	  Index Cond: ((id >= 7148350) AND (id <= 7148450))

table 2 : explain SELECT id, c FROM sbtest2 WHERE id BETWEEN 7148350 AND 7148450
	Index Scan using sbtest2_pkey on sbtest2  (cost=0.43..444.76 rows=112 width=125)
	  Index Cond: ((id >= 7148350) AND (id <= 7148450))

table 3 : explain SELECT id, c FROM sbtest3 WHERE id BETWEEN 7148350 AND 7148450
	Index Scan using sbtest3_pkey on sbtest3  (cost=0.43..404.70 rows=102 width=125)
	  Index Cond: ((id >= 7148350) AND (id <= 7148450))

table 4 : explain SELECT id, c FROM sbtest4 WHERE id BETWEEN 7148350 AND 7148450
	Index Scan using sbtest4_pkey on sbtest4  (cost=0.43..408.46 rows=103 width=125)
	  Index Cond: ((id >= 7148350) AND (id <= 7148450))

table 5 : explain SELECT id, c FROM sbtest5 WHERE id BETWEEN 7148350 AND 7148450
	Index Scan using sbtest5_pkey on sbtest5  (cost=0.43..377.08 rows=95 width=125)
	  Index Cond: ((id >= 7148350) AND (id <= 7148450))

table 6 : explain SELECT id, c FROM sbtest6 WHERE id BETWEEN 7148350 AND 7148450
	Index Scan using sbtest6_pkey on sbtest6  (cost=0.43..406.68 rows=103 width=125)
	  Index Cond: ((id >= 7148350) AND (id <= 7148450))

table 7 : explain SELECT id, c FROM sbtest7 WHERE id BETWEEN 7148350 AND 7148450
	Index Scan using sbtest7_pkey on sbtest7  (cost=0.43..445.34 rows=112 width=125)
	  Index Cond: ((id >= 7148350) AND (id <= 7148450))

table 8 : explain SELECT id, c FROM sbtest8 WHERE id BETWEEN 7148350 AND 7148450
	Index Scan using sbtest8_pkey on sbtest8  (cost=0.43..436.31 rows=110 width=125)
	  Index Cond: ((id >= 7148350) AND (id <= 7148450))

explain: for range-notcovered :: explain SELECT id, c FROM sbtest%d WHERE id BETWEEN 4181353 AND 4181453
explain: for range-notcovered :: explain SELECT id, c FROM sbtest%d WHERE id BETWEEN 7148350 AND 7148450
for range-notcovered
table 1 : explain SELECT id, c FROM sbtest1 WHERE id BETWEEN 4909246 AND 4909346
	Index Scan using sbtest1_pkey on sbtest1  (cost=0.43..374.12 rows=94 width=125)
	  Index Cond: ((id >= 4909246) AND (id <= 4909346))

table 2 : explain SELECT id, c FROM sbtest2 WHERE id BETWEEN 4909246 AND 4909346
	Index Scan using sbtest2_pkey on sbtest2  (cost=0.43..381.86 rows=96 width=125)
	  Index Cond: ((id >= 4909246) AND (id <= 4909346))

table 3 : explain SELECT id, c FROM sbtest3 WHERE id BETWEEN 4909246 AND 4909346
	Index Scan using sbtest3_pkey on sbtest3  (cost=0.43..424.32 rows=107 width=125)
	  Index Cond: ((id >= 4909246) AND (id <= 4909346))

table 4 : explain SELECT id, c FROM sbtest4 WHERE id BETWEEN 4909246 AND 4909346
	Index Scan using sbtest4_pkey on sbtest4  (cost=0.43..365.33 rows=92 width=125)
	  Index Cond: ((id >= 4909246) AND (id <= 4909346))

table 5 : explain SELECT id, c FROM sbtest5 WHERE id BETWEEN 4909246 AND 4909346
	Index Scan using sbtest5_pkey on sbtest5  (cost=0.43..420.21 rows=106 width=125)
	  Index Cond: ((id >= 4909246) AND (id <= 4909346))

table 6 : explain SELECT id, c FROM sbtest6 WHERE id BETWEEN 4909246 AND 4909346
	Index Scan using sbtest6_pkey on sbtest6  (cost=0.43..340.30 rows=86 width=125)
	  Index Cond: ((id >= 4909246) AND (id <= 4909346))

table 7 : explain SELECT id, c FROM sbtest7 WHERE id BETWEEN 4909246 AND 4909346
	Index Scan using sbtest7_pkey on sbtest7  (cost=0.43..429.59 rows=108 width=125)
	  Index Cond: ((id >= 4909246) AND (id <= 4909346))

table 8 : explain SELECT id, c FROM sbtest8 WHERE id BETWEEN 4909246 AND 4909346
	Index Scan using sbtest8_pkey on sbtest8  (cost=0.43..444.16 rows=112 width=125)
	  Index Cond: ((id >= 4909246) AND (id <= 4909346))

for range-notcovered
table 1 : explain SELECT id, c FROM sbtest1 WHERE id BETWEEN 2307773 AND 2307873
	Index Scan using sbtest1_pkey on sbtest1  (cost=0.43..417.39 rows=105 width=125)
	  Index Cond: ((id >= 2307773) AND (id <= 2307873))

table 2 : explain SELECT id, c FROM sbtest2 WHERE id BETWEEN 2307773 AND 2307873
	Index Scan using sbtest2_pkey on sbtest2  (cost=0.43..393.67 rows=99 width=125)
	  Index Cond: ((id >= 2307773) AND (id <= 2307873))

table 3 : explain SELECT id, c FROM sbtest3 WHERE id BETWEEN 2307773 AND 2307873
	Index Scan using sbtest3_pkey on sbtest3  (cost=0.43..373.30 rows=94 width=125)
	  Index Cond: ((id >= 2307773) AND (id <= 2307873))

table 4 : explain SELECT id, c FROM sbtest4 WHERE id BETWEEN 2307773 AND 2307873
	Index Scan using sbtest4_pkey on sbtest4  (cost=0.43..388.85 rows=98 width=125)
	  Index Cond: ((id >= 2307773) AND (id <= 2307873))

table 5 : explain SELECT id, c FROM sbtest5 WHERE id BETWEEN 2307773 AND 2307873
	Index Scan using sbtest5_pkey on sbtest5  (cost=0.43..373.16 rows=94 width=125)
	  Index Cond: ((id >= 2307773) AND (id <= 2307873))

table 6 : explain SELECT id, c FROM sbtest6 WHERE id BETWEEN 2307773 AND 2307873
	Index Scan using sbtest6_pkey on sbtest6  (cost=0.43..398.88 rows=101 width=125)
	  Index Cond: ((id >= 2307773) AND (id <= 2307873))

table 7 : explain SELECT id, c FROM sbtest7 WHERE id BETWEEN 2307773 AND 2307873
	Index Scan using sbtest7_pkey on sbtest7  (cost=0.43..405.98 rows=102 width=125)
	  Index Cond: ((id >= 2307773) AND (id <= 2307873))

table 8 : explain SELECT id, c FROM sbtest8 WHERE id BETWEEN 2307773 AND 2307873
	Index Scan using sbtest8_pkey on sbtest8  (cost=0.43..440.23 rows=111 width=125)
	  Index Cond: ((id >= 2307773) AND (id <= 2307873))

for range-notcovered
table 1 : explain SELECT id, c FROM sbtest1 WHERE id BETWEEN 4181353 AND 4181453
	Index Scan using sbtest1_pkey on sbtest1  (cost=0.43..401.66 rows=101 width=125)
	  Index Cond: ((id >= 4181353) AND (id <= 4181453))

table 2 : explain SELECT id, c FROM sbtest2 WHERE id BETWEEN 4181353 AND 4181453
	Index Scan using sbtest2_pkey on sbtest2  (cost=0.43..432.97 rows=109 width=125)
	  Index Cond: ((id >= 4181353) AND (id <= 4181453))

table 3 : explain SELECT id, c FROM sbtest3 WHERE id BETWEEN 4181353 AND 4181453
	Index Scan using sbtest3_pkey on sbtest3  (cost=0.43..392.94 rows=99 width=125)
	  Index Cond: ((id >= 4181353) AND (id <= 4181453))

table 4 : explain SELECT id, c FROM sbtest4 WHERE id BETWEEN 4181353 AND 4181453
	Index Scan using sbtest4_pkey on sbtest4  (cost=0.43..373.17 rows=94 width=125)
	  Index Cond: ((id >= 4181353) AND (id <= 4181453))

table 5 : explain SELECT id, c FROM sbtest5 WHERE id BETWEEN 4181353 AND 4181453
	Index Scan using sbtest5_pkey on sbtest5  (cost=0.43..377.08 rows=95 width=125)
	  Index Cond: ((id >= 4181353) AND (id <= 4181453))

table 6 : explain SELECT id, c FROM sbtest6 WHERE id BETWEEN 4181353 AND 4181453
	Index Scan using sbtest6_pkey on sbtest6  (cost=0.43..414.49 rows=105 width=125)
	  Index Cond: ((id >= 4181353) AND (id <= 4181453))

table 7 : explain SELECT id, c FROM sbtest7 WHERE id BETWEEN 4181353 AND 4181453
	Index Scan using sbtest7_pkey on sbtest7  (cost=0.43..394.18 rows=99 width=125)
	  Index Cond: ((id >= 4181353) AND (id <= 4181453))

table 8 : explain SELECT id, c FROM sbtest8 WHERE id BETWEEN 4181353 AND 4181453
	Index Scan using sbtest8_pkey on sbtest8  (cost=0.43..381.34 rows=96 width=125)
	  Index Cond: ((id >= 4181353) AND (id <= 4181453))

explain: for range-notcovered :: explain SELECT id, c FROM sbtest%d WHERE id BETWEEN 4181353 AND 4181453
for range-notcovered
table 1 : explain SELECT id, c FROM sbtest1 WHERE id BETWEEN 7148350 AND 7148450
	Index Scan using sbtest1_pkey on sbtest1  (cost=0.43..417.39 rows=105 width=125)
	  Index Cond: ((id >= 7148350) AND (id <= 7148450))

table 2 : explain SELECT id, c FROM sbtest2 WHERE id BETWEEN 7148350 AND 7148450
	Index Scan using sbtest2_pkey on sbtest2  (cost=0.43..444.76 rows=112 width=125)
	  Index Cond: ((id >= 7148350) AND (id <= 7148450))

table 3 : explain SELECT id, c FROM sbtest3 WHERE id BETWEEN 7148350 AND 7148450
	Index Scan using sbtest3_pkey on sbtest3  (cost=0.43..404.70 rows=102 width=125)
	  Index Cond: ((id >= 7148350) AND (id <= 7148450))

table 4 : explain SELECT id, c FROM sbtest4 WHERE id BETWEEN 7148350 AND 7148450
	Index Scan using sbtest4_pkey on sbtest4  (cost=0.43..408.46 rows=103 width=125)
	  Index Cond: ((id >= 7148350) AND (id <= 7148450))

table 5 : explain SELECT id, c FROM sbtest5 WHERE id BETWEEN 7148350 AND 7148450
	Index Scan using sbtest5_pkey on sbtest5  (cost=0.43..377.08 rows=95 width=125)
	  Index Cond: ((id >= 7148350) AND (id <= 7148450))

table 6 : explain SELECT id, c FROM sbtest6 WHERE id BETWEEN 7148350 AND 7148450
	Index Scan using sbtest6_pkey on sbtest6  (cost=0.43..406.68 rows=103 width=125)
	  Index Cond: ((id >= 7148350) AND (id <= 7148450))

table 7 : explain SELECT id, c FROM sbtest7 WHERE id BETWEEN 7148350 AND 7148450
	Index Scan using sbtest7_pkey on sbtest7  (cost=0.43..445.34 rows=112 width=125)
	  Index Cond: ((id >= 7148350) AND (id <= 7148450))

table 8 : explain SELECT id, c FROM sbtest8 WHERE id BETWEEN 7148350 AND 7148450
	Index Scan using sbtest8_pkey on sbtest8  (cost=0.43..436.31 rows=110 width=125)
	  Index Cond: ((id >= 7148350) AND (id <= 7148450))

explain: for range-notcovered :: explain SELECT id, c FROM sbtest%d WHERE id BETWEEN 7148350 AND 7148450
for range-notcovered
table 1 : explain SELECT id, c FROM sbtest1 WHERE id BETWEEN 3393717 AND 3393817
	Index Scan using sbtest1_pkey on sbtest1  (cost=0.43..417.39 rows=105 width=125)
	  Index Cond: ((id >= 3393717) AND (id <= 3393817))

table 2 : explain SELECT id, c FROM sbtest2 WHERE id BETWEEN 3393717 AND 3393817
	Index Scan using sbtest2_pkey on sbtest2  (cost=0.43..385.79 rows=97 width=125)
	  Index Cond: ((id >= 3393717) AND (id <= 3393817))

table 3 : explain SELECT id, c FROM sbtest3 WHERE id BETWEEN 3393717 AND 3393817
	Index Scan using sbtest3_pkey on sbtest3  (cost=0.43..373.30 rows=94 width=125)
	  Index Cond: ((id >= 3393717) AND (id <= 3393817))

table 4 : explain SELECT id, c FROM sbtest4 WHERE id BETWEEN 3393717 AND 3393817
	Index Scan using sbtest4_pkey on sbtest4  (cost=0.43..408.46 rows=103 width=125)
	  Index Cond: ((id >= 3393717) AND (id <= 3393817))

table 5 : explain SELECT id, c FROM sbtest5 WHERE id BETWEEN 3393717 AND 3393817
	Index Scan using sbtest5_pkey on sbtest5  (cost=0.43..388.85 rows=98 width=125)
	  Index Cond: ((id >= 3393717) AND (id <= 3393817))

table 6 : explain SELECT id, c FROM sbtest6 WHERE id BETWEEN 3393717 AND 3393817
	Index Scan using sbtest6_pkey on sbtest6  (cost=0.43..410.59 rows=104 width=125)
	  Index Cond: ((id >= 3393717) AND (id <= 3393817))

table 7 : explain SELECT id, c FROM sbtest7 WHERE id BETWEEN 3393717 AND 3393817
	Index Scan using sbtest7_pkey on sbtest7  (cost=0.43..382.35 rows=96 width=125)
	  Index Cond: ((id >= 3393717) AND (id <= 3393817))

table 8 : explain SELECT id, c FROM sbtest8 WHERE id BETWEEN 3393717 AND 3393817
	Index Scan using sbtest8_pkey on sbtest8  (cost=0.43..365.64 rows=92 width=125)
	  Index Cond: ((id >= 3393717) AND (id <= 3393817))

for range-notcovered
table 1 : explain SELECT id, c FROM sbtest1 WHERE id BETWEEN 4181353 AND 4181453
	Index Scan using sbtest1_pkey on sbtest1  (cost=0.43..401.66 rows=101 width=125)
	  Index Cond: ((id >= 4181353) AND (id <= 4181453))

table 2 : explain SELECT id, c FROM sbtest2 WHERE id BETWEEN 4181353 AND 4181453
	Index Scan using sbtest2_pkey on sbtest2  (cost=0.43..432.97 rows=109 width=125)
	  Index Cond: ((id >= 4181353) AND (id <= 4181453))

table 3 : explain SELECT id, c FROM sbtest3 WHERE id BETWEEN 4181353 AND 4181453
	Index Scan using sbtest3_pkey on sbtest3  (cost=0.43..392.94 rows=99 width=125)
	  Index Cond: ((id >= 4181353) AND (id <= 4181453))

table 4 : explain SELECT id, c FROM sbtest4 WHERE id BETWEEN 4181353 AND 4181453
	Index Scan using sbtest4_pkey on sbtest4  (cost=0.43..373.17 rows=94 width=125)
	  Index Cond: ((id >= 4181353) AND (id <= 4181453))

table 5 : explain SELECT id, c FROM sbtest5 WHERE id BETWEEN 4181353 AND 4181453
	Index Scan using sbtest5_pkey on sbtest5  (cost=0.43..377.08 rows=95 width=125)
	  Index Cond: ((id >= 4181353) AND (id <= 4181453))

table 6 : explain SELECT id, c FROM sbtest6 WHERE id BETWEEN 4181353 AND 4181453
	Index Scan using sbtest6_pkey on sbtest6  (cost=0.43..414.49 rows=105 width=125)
	  Index Cond: ((id >= 4181353) AND (id <= 4181453))

table 7 : explain SELECT id, c FROM sbtest7 WHERE id BETWEEN 4181353 AND 4181453
	Index Scan using sbtest7_pkey on sbtest7  (cost=0.43..394.18 rows=99 width=125)
	  Index Cond: ((id >= 4181353) AND (id <= 4181453))

table 8 : explain SELECT id, c FROM sbtest8 WHERE id BETWEEN 4181353 AND 4181453
	Index Scan using sbtest8_pkey on sbtest8  (cost=0.43..381.34 rows=96 width=125)
	  Index Cond: ((id >= 4181353) AND (id <= 4181453))

explain: for range-notcovered :: explain SELECT id, c FROM sbtest%d WHERE id BETWEEN 4181353 AND 4181453
for range-notcovered
table 1 : explain SELECT id, c FROM sbtest1 WHERE id BETWEEN 7148350 AND 7148450
	Index Scan using sbtest1_pkey on sbtest1  (cost=0.43..417.39 rows=105 width=125)
	  Index Cond: ((id >= 7148350) AND (id <= 7148450))

table 2 : explain SELECT id, c FROM sbtest2 WHERE id BETWEEN 7148350 AND 7148450
	Index Scan using sbtest2_pkey on sbtest2  (cost=0.43..444.76 rows=112 width=125)
	  Index Cond: ((id >= 7148350) AND (id <= 7148450))

table 3 : explain SELECT id, c FROM sbtest3 WHERE id BETWEEN 7148350 AND 7148450
	Index Scan using sbtest3_pkey on sbtest3  (cost=0.43..404.70 rows=102 width=125)
	  Index Cond: ((id >= 7148350) AND (id <= 7148450))

table 4 : explain SELECT id, c FROM sbtest4 WHERE id BETWEEN 7148350 AND 7148450
	Index Scan using sbtest4_pkey on sbtest4  (cost=0.43..408.46 rows=103 width=125)
	  Index Cond: ((id >= 7148350) AND (id <= 7148450))

table 5 : explain SELECT id, c FROM sbtest5 WHERE id BETWEEN 7148350 AND 7148450
	Index Scan using sbtest5_pkey on sbtest5  (cost=0.43..377.08 rows=95 width=125)
	  Index Cond: ((id >= 7148350) AND (id <= 7148450))

table 6 : explain SELECT id, c FROM sbtest6 WHERE id BETWEEN 7148350 AND 7148450
	Index Scan using sbtest6_pkey on sbtest6  (cost=0.43..406.68 rows=103 width=125)
	  Index Cond: ((id >= 7148350) AND (id <= 7148450))

table 7 : explain SELECT id, c FROM sbtest7 WHERE id BETWEEN 7148350 AND 7148450
	Index Scan using sbtest7_pkey on sbtest7  (cost=0.43..445.34 rows=112 width=125)
	  Index Cond: ((id >= 7148350) AND (id <= 7148450))

table 8 : explain SELECT id, c FROM sbtest8 WHERE id BETWEEN 7148350 AND 7148450
	Index Scan using sbtest8_pkey on sbtest8  (cost=0.43..436.31 rows=110 width=125)
	  Index Cond: ((id >= 7148350) AND (id <= 7148450))

explain: for range-notcovered :: explain SELECT id, c FROM sbtest%d WHERE id BETWEEN 7148350 AND 7148450
explain: for range-notcovered :: explain SELECT id, c FROM sbtest%d WHERE id BETWEEN 9421292 AND 9421392
for range-notcovered
table 1 : explain SELECT id, c FROM sbtest1 WHERE id BETWEEN 4181353 AND 4181453
	Index Scan using sbtest1_pkey on sbtest1  (cost=0.43..401.66 rows=101 width=125)
	  Index Cond: ((id >= 4181353) AND (id <= 4181453))

table 2 : explain SELECT id, c FROM sbtest2 WHERE id BETWEEN 4181353 AND 4181453
	Index Scan using sbtest2_pkey on sbtest2  (cost=0.43..432.97 rows=109 width=125)
	  Index Cond: ((id >= 4181353) AND (id <= 4181453))

table 3 : explain SELECT id, c FROM sbtest3 WHERE id BETWEEN 4181353 AND 4181453
	Index Scan using sbtest3_pkey on sbtest3  (cost=0.43..392.94 rows=99 width=125)
	  Index Cond: ((id >= 4181353) AND (id <= 4181453))

table 4 : explain SELECT id, c FROM sbtest4 WHERE id BETWEEN 4181353 AND 4181453
	Index Scan using sbtest4_pkey on sbtest4  (cost=0.43..373.17 rows=94 width=125)
	  Index Cond: ((id >= 4181353) AND (id <= 4181453))

table 5 : explain SELECT id, c FROM sbtest5 WHERE id BETWEEN 4181353 AND 4181453
	Index Scan using sbtest5_pkey on sbtest5  (cost=0.43..377.08 rows=95 width=125)
	  Index Cond: ((id >= 4181353) AND (id <= 4181453))

table 6 : explain SELECT id, c FROM sbtest6 WHERE id BETWEEN 4181353 AND 4181453
	Index Scan using sbtest6_pkey on sbtest6  (cost=0.43..414.49 rows=105 width=125)
	  Index Cond: ((id >= 4181353) AND (id <= 4181453))

table 7 : explain SELECT id, c FROM sbtest7 WHERE id BETWEEN 4181353 AND 4181453
	Index Scan using sbtest7_pkey on sbtest7  (cost=0.43..394.18 rows=99 width=125)
	  Index Cond: ((id >= 4181353) AND (id <= 4181453))

table 8 : explain SELECT id, c FROM sbtest8 WHERE id BETWEEN 4181353 AND 4181453
	Index Scan using sbtest8_pkey on sbtest8  (cost=0.43..381.34 rows=96 width=125)
	  Index Cond: ((id >= 4181353) AND (id <= 4181453))

explain: for range-notcovered :: explain SELECT id, c FROM sbtest%d WHERE id BETWEEN 4181353 AND 4181453
for range-notcovered
table 1 : explain SELECT id, c FROM sbtest1 WHERE id BETWEEN 4500848 AND 4500948
	Index Scan using sbtest1_pkey on sbtest1  (cost=0.43..397.73 rows=100 width=125)
	  Index Cond: ((id >= 4500848) AND (id <= 4500948))

table 2 : explain SELECT id, c FROM sbtest2 WHERE id BETWEEN 4500848 AND 4500948
	Index Scan using sbtest2_pkey on sbtest2  (cost=0.43..413.32 rows=104 width=125)
	  Index Cond: ((id >= 4500848) AND (id <= 4500948))

table 3 : explain SELECT id, c FROM sbtest3 WHERE id BETWEEN 4500848 AND 4500948
	Index Scan using sbtest3_pkey on sbtest3  (cost=0.43..408.63 rows=103 width=125)
	  Index Cond: ((id >= 4500848) AND (id <= 4500948))

table 4 : explain SELECT id, c FROM sbtest4 WHERE id BETWEEN 4500848 AND 4500948
	Index Scan using sbtest4_pkey on sbtest4  (cost=0.43..392.77 rows=99 width=125)
	  Index Cond: ((id >= 4500848) AND (id <= 4500948))

table 5 : explain SELECT id, c FROM sbtest5 WHERE id BETWEEN 4500848 AND 4500948
	Index Scan using sbtest5_pkey on sbtest5  (cost=0.43..412.37 rows=104 width=125)
	  Index Cond: ((id >= 4500848) AND (id <= 4500948))

table 6 : explain SELECT id, c FROM sbtest6 WHERE id BETWEEN 4500848 AND 4500948
	Index Scan using sbtest6_pkey on sbtest6  (cost=0.43..414.49 rows=105 width=125)
	  Index Cond: ((id >= 4500848) AND (id <= 4500948))

table 7 : explain SELECT id, c FROM sbtest7 WHERE id BETWEEN 4500848 AND 4500948
	Index Scan using sbtest7_pkey on sbtest7  (cost=0.43..394.16 rows=99 width=125)
	  Index Cond: ((id >= 4500848) AND (id <= 4500948))

table 8 : explain SELECT id, c FROM sbtest8 WHERE id BETWEEN 4500848 AND 4500948
	Index Scan using sbtest8_pkey on sbtest8  (cost=0.43..381.34 rows=96 width=125)
	  Index Cond: ((id >= 4500848) AND (id <= 4500948))

for range-notcovered
table 1 : explain SELECT id, c FROM sbtest1 WHERE id BETWEEN 7148350 AND 7148450
	Index Scan using sbtest1_pkey on sbtest1  (cost=0.43..417.39 rows=105 width=125)
	  Index Cond: ((id >= 7148350) AND (id <= 7148450))

table 2 : explain SELECT id, c FROM sbtest2 WHERE id BETWEEN 7148350 AND 7148450
	Index Scan using sbtest2_pkey on sbtest2  (cost=0.43..444.76 rows=112 width=125)
	  Index Cond: ((id >= 7148350) AND (id <= 7148450))

table 3 : explain SELECT id, c FROM sbtest3 WHERE id BETWEEN 7148350 AND 7148450
	Index Scan using sbtest3_pkey on sbtest3  (cost=0.43..404.70 rows=102 width=125)
	  Index Cond: ((id >= 7148350) AND (id <= 7148450))

table 4 : explain SELECT id, c FROM sbtest4 WHERE id BETWEEN 7148350 AND 7148450
	Index Scan using sbtest4_pkey on sbtest4  (cost=0.43..408.46 rows=103 width=125)
	  Index Cond: ((id >= 7148350) AND (id <= 7148450))

table 5 : explain SELECT id, c FROM sbtest5 WHERE id BETWEEN 7148350 AND 7148450
	Index Scan using sbtest5_pkey on sbtest5  (cost=0.43..377.08 rows=95 width=125)
	  Index Cond: ((id >= 7148350) AND (id <= 7148450))

table 6 : explain SELECT id, c FROM sbtest6 WHERE id BETWEEN 7148350 AND 7148450
	Index Scan using sbtest6_pkey on sbtest6  (cost=0.43..406.68 rows=103 width=125)
	  Index Cond: ((id >= 7148350) AND (id <= 7148450))

table 7 : explain SELECT id, c FROM sbtest7 WHERE id BETWEEN 7148350 AND 7148450
	Index Scan using sbtest7_pkey on sbtest7  (cost=0.43..445.34 rows=112 width=125)
	  Index Cond: ((id >= 7148350) AND (id <= 7148450))

table 8 : explain SELECT id, c FROM sbtest8 WHERE id BETWEEN 7148350 AND 7148450
	Index Scan using sbtest8_pkey on sbtest8  (cost=0.43..436.31 rows=110 width=125)
	  Index Cond: ((id >= 7148350) AND (id <= 7148450))

explain: for range-notcovered :: explain SELECT id, c FROM sbtest%d WHERE id BETWEEN 4288952 AND 4289052
explain: for range-notcovered :: explain SELECT id, c FROM sbtest%d WHERE id BETWEEN 7148350 AND 7148450
for range-notcovered
table 1 : explain SELECT id, c FROM sbtest1 WHERE id BETWEEN 8466539 AND 8466639
	Index Scan using sbtest1_pkey on sbtest1  (cost=0.43..385.91 rows=97 width=125)
	  Index Cond: ((id >= 8466539) AND (id <= 8466639))

table 2 : explain SELECT id, c FROM sbtest2 WHERE id BETWEEN 8466539 AND 8466639
	Index Scan using sbtest2_pkey on sbtest2  (cost=0.43..417.25 rows=105 width=125)
	  Index Cond: ((id >= 8466539) AND (id <= 8466639))

table 3 : explain SELECT id, c FROM sbtest3 WHERE id BETWEEN 8466539 AND 8466639
	Index Scan using sbtest3_pkey on sbtest3  (cost=0.43..365.45 rows=92 width=125)
	  Index Cond: ((id >= 8466539) AND (id <= 8466639))

table 4 : explain SELECT id, c FROM sbtest4 WHERE id BETWEEN 8466539 AND 8466639
	Index Scan using sbtest4_pkey on sbtest4  (cost=0.43..384.93 rows=97 width=125)
	  Index Cond: ((id >= 8466539) AND (id <= 8466639))

table 5 : explain SELECT id, c FROM sbtest5 WHERE id BETWEEN 8466539 AND 8466639
	Index Scan using sbtest5_pkey on sbtest5  (cost=0.43..408.45 rows=103 width=125)
	  Index Cond: ((id >= 8466539) AND (id <= 8466639))

table 6 : explain SELECT id, c FROM sbtest6 WHERE id BETWEEN 8466539 AND 8466639
	Index Scan using sbtest6_pkey on sbtest6  (cost=0.43..371.52 rows=94 width=125)
	  Index Cond: ((id >= 8466539) AND (id <= 8466639))

table 7 : explain SELECT id, c FROM sbtest7 WHERE id BETWEEN 8466539 AND 8466639
	Index Scan using sbtest7_pkey on sbtest7  (cost=0.43..441.40 rows=111 width=125)
	  Index Cond: ((id >= 8466539) AND (id <= 8466639))

table 8 : explain SELECT id, c FROM sbtest8 WHERE id BETWEEN 8466539 AND 8466639
	Index Scan using sbtest8_pkey on sbtest8  (cost=0.43..416.69 rows=105 width=125)
	  Index Cond: ((id >= 8466539) AND (id <= 8466639))

explain: for range-notcovered :: explain SELECT id, c FROM sbtest%d WHERE id BETWEEN 8466539 AND 8466639
for range-notcovered
table 1 : explain SELECT id, c FROM sbtest1 WHERE id BETWEEN 5985075 AND 5985175
	Index Scan using sbtest1_pkey on sbtest1  (cost=0.43..385.91 rows=97 width=125)
	  Index Cond: ((id >= 5985075) AND (id <= 5985175))

table 2 : explain SELECT id, c FROM sbtest2 WHERE id BETWEEN 5985075 AND 5985175
	Index Scan using sbtest2_pkey on sbtest2  (cost=0.43..389.72 rows=98 width=125)
	  Index Cond: ((id >= 5985075) AND (id <= 5985175))

table 3 : explain SELECT id, c FROM sbtest3 WHERE id BETWEEN 5985075 AND 5985175
	Index Scan using sbtest3_pkey on sbtest3  (cost=0.43..416.47 rows=105 width=125)
	  Index Cond: ((id >= 5985075) AND (id <= 5985175))

table 4 : explain SELECT id, c FROM sbtest4 WHERE id BETWEEN 5985075 AND 5985175
	Index Scan using sbtest4_pkey on sbtest4  (cost=0.43..384.93 rows=97 width=125)
	  Index Cond: ((id >= 5985075) AND (id <= 5985175))

table 5 : explain SELECT id, c FROM sbtest5 WHERE id BETWEEN 5985075 AND 5985175
	Index Scan using sbtest5_pkey on sbtest5  (cost=0.43..377.08 rows=95 width=125)
	  Index Cond: ((id >= 5985075) AND (id <= 5985175))

table 6 : explain SELECT id, c FROM sbtest6 WHERE id BETWEEN 5985075 AND 5985175
	Index Scan using sbtest6_pkey on sbtest6  (cost=0.43..391.07 rows=99 width=125)
	  Index Cond: ((id >= 5985075) AND (id <= 5985175))

table 7 : explain SELECT id, c FROM sbtest7 WHERE id BETWEEN 5985075 AND 5985175
	Index Scan using sbtest7_pkey on sbtest7  (cost=0.43..394.16 rows=99 width=125)
	  Index Cond: ((id >= 5985075) AND (id <= 5985175))

table 8 : explain SELECT id, c FROM sbtest8 WHERE id BETWEEN 5985075 AND 5985175
	Index Scan using sbtest8_pkey on sbtest8  (cost=0.43..346.02 rows=87 width=125)
	  Index Cond: ((id >= 5985075) AND (id <= 5985175))

explain: for range-notcovered :: explain SELECT id, c FROM sbtest%d WHERE id BETWEEN 5985075 AND 5985175
for range-notcovered
table 1 : explain SELECT id, c FROM sbtest1 WHERE id BETWEEN 8466539 AND 8466639
	Index Scan using sbtest1_pkey on sbtest1  (cost=0.43..385.91 rows=97 width=125)
	  Index Cond: ((id >= 8466539) AND (id <= 8466639))

table 2 : explain SELECT id, c FROM sbtest2 WHERE id BETWEEN 8466539 AND 8466639
	Index Scan using sbtest2_pkey on sbtest2  (cost=0.43..417.25 rows=105 width=125)
	  Index Cond: ((id >= 8466539) AND (id <= 8466639))

table 3 : explain SELECT id, c FROM sbtest3 WHERE id BETWEEN 8466539 AND 8466639
	Index Scan using sbtest3_pkey on sbtest3  (cost=0.43..365.45 rows=92 width=125)
	  Index Cond: ((id >= 8466539) AND (id <= 8466639))

table 4 : explain SELECT id, c FROM sbtest4 WHERE id BETWEEN 8466539 AND 8466639
	Index Scan using sbtest4_pkey on sbtest4  (cost=0.43..384.93 rows=97 width=125)
	  Index Cond: ((id >= 8466539) AND (id <= 8466639))

table 5 : explain SELECT id, c FROM sbtest5 WHERE id BETWEEN 8466539 AND 8466639
	Index Scan using sbtest5_pkey on sbtest5  (cost=0.43..408.45 rows=103 width=125)
	  Index Cond: ((id >= 8466539) AND (id <= 8466639))

table 6 : explain SELECT id, c FROM sbtest6 WHERE id BETWEEN 8466539 AND 8466639
	Index Scan using sbtest6_pkey on sbtest6  (cost=0.43..371.52 rows=94 width=125)
	  Index Cond: ((id >= 8466539) AND (id <= 8466639))

table 7 : explain SELECT id, c FROM sbtest7 WHERE id BETWEEN 8466539 AND 8466639
	Index Scan using sbtest7_pkey on sbtest7  (cost=0.43..441.40 rows=111 width=125)
	  Index Cond: ((id >= 8466539) AND (id <= 8466639))

table 8 : explain SELECT id, c FROM sbtest8 WHERE id BETWEEN 8466539 AND 8466639
	Index Scan using sbtest8_pkey on sbtest8  (cost=0.43..416.69 rows=105 width=125)
	  Index Cond: ((id >= 8466539) AND (id <= 8466639))

for range-notcovered
table 1 : explain SELECT id, c FROM sbtest1 WHERE id BETWEEN 4181353 AND 4181453
	Index Scan using sbtest1_pkey on sbtest1  (cost=0.43..401.66 rows=101 width=125)
	  Index Cond: ((id >= 4181353) AND (id <= 4181453))

table 2 : explain SELECT id, c FROM sbtest2 WHERE id BETWEEN 4181353 AND 4181453
	Index Scan using sbtest2_pkey on sbtest2  (cost=0.43..432.97 rows=109 width=125)
	  Index Cond: ((id >= 4181353) AND (id <= 4181453))

table 3 : explain SELECT id, c FROM sbtest3 WHERE id BETWEEN 4181353 AND 4181453
	Index Scan using sbtest3_pkey on sbtest3  (cost=0.43..392.94 rows=99 width=125)
	  Index Cond: ((id >= 4181353) AND (id <= 4181453))

table 4 : explain SELECT id, c FROM sbtest4 WHERE id BETWEEN 4181353 AND 4181453
	Index Scan using sbtest4_pkey on sbtest4  (cost=0.43..373.17 rows=94 width=125)
	  Index Cond: ((id >= 4181353) AND (id <= 4181453))

table 5 : explain SELECT id, c FROM sbtest5 WHERE id BETWEEN 4181353 AND 4181453
	Index Scan using sbtest5_pkey on sbtest5  (cost=0.43..377.08 rows=95 width=125)
	  Index Cond: ((id >= 4181353) AND (id <= 4181453))

table 6 : explain SELECT id, c FROM sbtest6 WHERE id BETWEEN 4181353 AND 4181453
	Index Scan using sbtest6_pkey on sbtest6  (cost=0.43..414.49 rows=105 width=125)
	  Index Cond: ((id >= 4181353) AND (id <= 4181453))

table 7 : explain SELECT id, c FROM sbtest7 WHERE id BETWEEN 4181353 AND 4181453
	Index Scan using sbtest7_pkey on sbtest7  (cost=0.43..394.18 rows=99 width=125)
	  Index Cond: ((id >= 4181353) AND (id <= 4181453))

table 8 : explain SELECT id, c FROM sbtest8 WHERE id BETWEEN 4181353 AND 4181453
	Index Scan using sbtest8_pkey on sbtest8  (cost=0.43..381.34 rows=96 width=125)
	  Index Cond: ((id >= 4181353) AND (id <= 4181453))

explain: for range-notcovered :: explain SELECT id, c FROM sbtest%d WHERE id BETWEEN 8466539 AND 8466639
explain: for range-notcovered :: explain SELECT id, c FROM sbtest%d WHERE id BETWEEN 4181353 AND 4181453
for range-notcovered
table 1 : explain SELECT id, c FROM sbtest1 WHERE id BETWEEN 5985075 AND 5985175
	Index Scan using sbtest1_pkey on sbtest1  (cost=0.43..385.91 rows=97 width=125)
	  Index Cond: ((id >= 5985075) AND (id <= 5985175))

table 2 : explain SELECT id, c FROM sbtest2 WHERE id BETWEEN 5985075 AND 5985175
	Index Scan using sbtest2_pkey on sbtest2  (cost=0.43..389.72 rows=98 width=125)
	  Index Cond: ((id >= 5985075) AND (id <= 5985175))

table 3 : explain SELECT id, c FROM sbtest3 WHERE id BETWEEN 5985075 AND 5985175
	Index Scan using sbtest3_pkey on sbtest3  (cost=0.43..416.47 rows=105 width=125)
	  Index Cond: ((id >= 5985075) AND (id <= 5985175))

table 4 : explain SELECT id, c FROM sbtest4 WHERE id BETWEEN 5985075 AND 5985175
	Index Scan using sbtest4_pkey on sbtest4  (cost=0.43..384.93 rows=97 width=125)
	  Index Cond: ((id >= 5985075) AND (id <= 5985175))

table 5 : explain SELECT id, c FROM sbtest5 WHERE id BETWEEN 5985075 AND 5985175
	Index Scan using sbtest5_pkey on sbtest5  (cost=0.43..377.08 rows=95 width=125)
	  Index Cond: ((id >= 5985075) AND (id <= 5985175))

table 6 : explain SELECT id, c FROM sbtest6 WHERE id BETWEEN 5985075 AND 5985175
	Index Scan using sbtest6_pkey on sbtest6  (cost=0.43..391.07 rows=99 width=125)
	  Index Cond: ((id >= 5985075) AND (id <= 5985175))

table 7 : explain SELECT id, c FROM sbtest7 WHERE id BETWEEN 5985075 AND 5985175
	Index Scan using sbtest7_pkey on sbtest7  (cost=0.43..394.16 rows=99 width=125)
	  Index Cond: ((id >= 5985075) AND (id <= 5985175))

table 8 : explain SELECT id, c FROM sbtest8 WHERE id BETWEEN 5985075 AND 5985175
	Index Scan using sbtest8_pkey on sbtest8  (cost=0.43..346.02 rows=87 width=125)
	  Index Cond: ((id >= 5985075) AND (id <= 5985175))

explain: for range-notcovered :: explain SELECT id, c FROM sbtest%d WHERE id BETWEEN 5985075 AND 5985175
for range-notcovered
table 1 : explain SELECT id, c FROM sbtest1 WHERE id BETWEEN 4181353 AND 4181453
	Index Scan using sbtest1_pkey on sbtest1  (cost=0.43..401.66 rows=101 width=125)
	  Index Cond: ((id >= 4181353) AND (id <= 4181453))

table 2 : explain SELECT id, c FROM sbtest2 WHERE id BETWEEN 4181353 AND 4181453
	Index Scan using sbtest2_pkey on sbtest2  (cost=0.43..432.97 rows=109 width=125)
	  Index Cond: ((id >= 4181353) AND (id <= 4181453))

table 3 : explain SELECT id, c FROM sbtest3 WHERE id BETWEEN 4181353 AND 4181453
	Index Scan using sbtest3_pkey on sbtest3  (cost=0.43..392.94 rows=99 width=125)
	  Index Cond: ((id >= 4181353) AND (id <= 4181453))

table 4 : explain SELECT id, c FROM sbtest4 WHERE id BETWEEN 4181353 AND 4181453
	Index Scan using sbtest4_pkey on sbtest4  (cost=0.43..373.17 rows=94 width=125)
	  Index Cond: ((id >= 4181353) AND (id <= 4181453))

table 5 : explain SELECT id, c FROM sbtest5 WHERE id BETWEEN 4181353 AND 4181453
	Index Scan using sbtest5_pkey on sbtest5  (cost=0.43..377.08 rows=95 width=125)
	  Index Cond: ((id >= 4181353) AND (id <= 4181453))

table 6 : explain SELECT id, c FROM sbtest6 WHERE id BETWEEN 4181353 AND 4181453
	Index Scan using sbtest6_pkey on sbtest6  (cost=0.43..414.49 rows=105 width=125)
	  Index Cond: ((id >= 4181353) AND (id <= 4181453))

table 7 : explain SELECT id, c FROM sbtest7 WHERE id BETWEEN 4181353 AND 4181453
	Index Scan using sbtest7_pkey on sbtest7  (cost=0.43..394.18 rows=99 width=125)
	  Index Cond: ((id >= 4181353) AND (id <= 4181453))

table 8 : explain SELECT id, c FROM sbtest8 WHERE id BETWEEN 4181353 AND 4181453
	Index Scan using sbtest8_pkey on sbtest8  (cost=0.43..381.34 rows=96 width=125)
	  Index Cond: ((id >= 4181353) AND (id <= 4181453))

explain: for range-notcovered :: explain SELECT id, c FROM sbtest%d WHERE id BETWEEN 4181353 AND 4181453
explain: for range-notcovered :: explain SELECT id, c FROM sbtest%d WHERE id BETWEEN 1164858 AND 1164958
for range-notcovered
table 1 : explain SELECT id, c FROM sbtest1 WHERE id BETWEEN 5985075 AND 5985175
	Index Scan using sbtest1_pkey on sbtest1  (cost=0.43..385.91 rows=97 width=125)
	  Index Cond: ((id >= 5985075) AND (id <= 5985175))

table 2 : explain SELECT id, c FROM sbtest2 WHERE id BETWEEN 5985075 AND 5985175
	Index Scan using sbtest2_pkey on sbtest2  (cost=0.43..389.72 rows=98 width=125)
	  Index Cond: ((id >= 5985075) AND (id <= 5985175))

table 3 : explain SELECT id, c FROM sbtest3 WHERE id BETWEEN 5985075 AND 5985175
	Index Scan using sbtest3_pkey on sbtest3  (cost=0.43..416.47 rows=105 width=125)
	  Index Cond: ((id >= 5985075) AND (id <= 5985175))

table 4 : explain SELECT id, c FROM sbtest4 WHERE id BETWEEN 5985075 AND 5985175
	Index Scan using sbtest4_pkey on sbtest4  (cost=0.43..384.93 rows=97 width=125)
	  Index Cond: ((id >= 5985075) AND (id <= 5985175))

table 5 : explain SELECT id, c FROM sbtest5 WHERE id BETWEEN 5985075 AND 5985175
	Index Scan using sbtest5_pkey on sbtest5  (cost=0.43..377.08 rows=95 width=125)
	  Index Cond: ((id >= 5985075) AND (id <= 5985175))

table 6 : explain SELECT id, c FROM sbtest6 WHERE id BETWEEN 5985075 AND 5985175
	Index Scan using sbtest6_pkey on sbtest6  (cost=0.43..391.07 rows=99 width=125)
	  Index Cond: ((id >= 5985075) AND (id <= 5985175))

table 7 : explain SELECT id, c FROM sbtest7 WHERE id BETWEEN 5985075 AND 5985175
	Index Scan using sbtest7_pkey on sbtest7  (cost=0.43..394.16 rows=99 width=125)
	  Index Cond: ((id >= 5985075) AND (id <= 5985175))

table 8 : explain SELECT id, c FROM sbtest8 WHERE id BETWEEN 5985075 AND 5985175
	Index Scan using sbtest8_pkey on sbtest8  (cost=0.43..346.02 rows=87 width=125)
	  Index Cond: ((id >= 5985075) AND (id <= 5985175))

for range-notcovered
table 1 : explain SELECT id, c FROM sbtest1 WHERE id BETWEEN 8466539 AND 8466639
	Index Scan using sbtest1_pkey on sbtest1  (cost=0.43..385.91 rows=97 width=125)
	  Index Cond: ((id >= 8466539) AND (id <= 8466639))

table 2 : explain SELECT id, c FROM sbtest2 WHERE id BETWEEN 8466539 AND 8466639
	Index Scan using sbtest2_pkey on sbtest2  (cost=0.43..417.25 rows=105 width=125)
	  Index Cond: ((id >= 8466539) AND (id <= 8466639))

table 3 : explain SELECT id, c FROM sbtest3 WHERE id BETWEEN 8466539 AND 8466639
	Index Scan using sbtest3_pkey on sbtest3  (cost=0.43..365.45 rows=92 width=125)
	  Index Cond: ((id >= 8466539) AND (id <= 8466639))

table 4 : explain SELECT id, c FROM sbtest4 WHERE id BETWEEN 8466539 AND 8466639
	Index Scan using sbtest4_pkey on sbtest4  (cost=0.43..384.93 rows=97 width=125)
	  Index Cond: ((id >= 8466539) AND (id <= 8466639))

table 5 : explain SELECT id, c FROM sbtest5 WHERE id BETWEEN 8466539 AND 8466639
	Index Scan using sbtest5_pkey on sbtest5  (cost=0.43..408.45 rows=103 width=125)
	  Index Cond: ((id >= 8466539) AND (id <= 8466639))

table 6 : explain SELECT id, c FROM sbtest6 WHERE id BETWEEN 8466539 AND 8466639
	Index Scan using sbtest6_pkey on sbtest6  (cost=0.43..371.52 rows=94 width=125)
	  Index Cond: ((id >= 8466539) AND (id <= 8466639))

table 7 : explain SELECT id, c FROM sbtest7 WHERE id BETWEEN 8466539 AND 8466639
	Index Scan using sbtest7_pkey on sbtest7  (cost=0.43..441.40 rows=111 width=125)
	  Index Cond: ((id >= 8466539) AND (id <= 8466639))

table 8 : explain SELECT id, c FROM sbtest8 WHERE id BETWEEN 8466539 AND 8466639
	Index Scan using sbtest8_pkey on sbtest8  (cost=0.43..416.69 rows=105 width=125)
	  Index Cond: ((id >= 8466539) AND (id <= 8466639))

explain: for range-notcovered :: explain SELECT id, c FROM sbtest%d WHERE id BETWEEN 5985075 AND 5985175
explain: for range-notcovered :: explain SELECT id, c FROM sbtest%d WHERE id BETWEEN 8466539 AND 8466639
for range-notcovered
table 1 : explain SELECT id, c FROM sbtest1 WHERE id BETWEEN 9421292 AND 9421392
	Index Scan using sbtest1_pkey on sbtest1  (cost=0.43..389.85 rows=98 width=125)
	  Index Cond: ((id >= 9421292) AND (id <= 9421392))

table 2 : explain SELECT id, c FROM sbtest2 WHERE id BETWEEN 9421292 AND 9421392
	Index Scan using sbtest2_pkey on sbtest2  (cost=0.43..389.72 rows=98 width=125)
	  Index Cond: ((id >= 9421292) AND (id <= 9421392))

table 3 : explain SELECT id, c FROM sbtest3 WHERE id BETWEEN 9421292 AND 9421392
	Index Scan using sbtest3_pkey on sbtest3  (cost=0.43..443.93 rows=112 width=125)
	  Index Cond: ((id >= 9421292) AND (id <= 9421392))

table 4 : explain SELECT id, c FROM sbtest4 WHERE id BETWEEN 9421292 AND 9421392
	Index Scan using sbtest4_pkey on sbtest4  (cost=0.43..424.14 rows=107 width=125)
	  Index Cond: ((id >= 9421292) AND (id <= 9421392))

table 5 : explain SELECT id, c FROM sbtest5 WHERE id BETWEEN 9421292 AND 9421392
	Index Scan using sbtest5_pkey on sbtest5  (cost=0.43..373.16 rows=94 width=125)
	  Index Cond: ((id >= 9421292) AND (id <= 9421392))

table 6 : explain SELECT id, c FROM sbtest6 WHERE id BETWEEN 9421292 AND 9421392
	Index Scan using sbtest6_pkey on sbtest6  (cost=0.43..410.59 rows=104 width=125)
	  Index Cond: ((id >= 9421292) AND (id <= 9421392))

table 7 : explain SELECT id, c FROM sbtest7 WHERE id BETWEEN 9421292 AND 9421392
	Index Scan using sbtest7_pkey on sbtest7  (cost=0.43..433.53 rows=109 width=125)
	  Index Cond: ((id >= 9421292) AND (id <= 9421392))

table 8 : explain SELECT id, c FROM sbtest8 WHERE id BETWEEN 9421292 AND 9421392
	Index Scan using sbtest8_pkey on sbtest8  (cost=0.43..444.16 rows=112 width=125)
	  Index Cond: ((id >= 9421292) AND (id <= 9421392))

for range-notcovered
table 1 : explain SELECT id, c FROM sbtest1 WHERE id BETWEEN 4181353 AND 4181453
	Index Scan using sbtest1_pkey on sbtest1  (cost=0.43..401.66 rows=101 width=125)
	  Index Cond: ((id >= 4181353) AND (id <= 4181453))

table 2 : explain SELECT id, c FROM sbtest2 WHERE id BETWEEN 4181353 AND 4181453
	Index Scan using sbtest2_pkey on sbtest2  (cost=0.43..432.97 rows=109 width=125)
	  Index Cond: ((id >= 4181353) AND (id <= 4181453))

table 3 : explain SELECT id, c FROM sbtest3 WHERE id BETWEEN 4181353 AND 4181453
	Index Scan using sbtest3_pkey on sbtest3  (cost=0.43..392.94 rows=99 width=125)
	  Index Cond: ((id >= 4181353) AND (id <= 4181453))

table 4 : explain SELECT id, c FROM sbtest4 WHERE id BETWEEN 4181353 AND 4181453
	Index Scan using sbtest4_pkey on sbtest4  (cost=0.43..373.17 rows=94 width=125)
	  Index Cond: ((id >= 4181353) AND (id <= 4181453))

table 5 : explain SELECT id, c FROM sbtest5 WHERE id BETWEEN 4181353 AND 4181453
	Index Scan using sbtest5_pkey on sbtest5  (cost=0.43..377.08 rows=95 width=125)
	  Index Cond: ((id >= 4181353) AND (id <= 4181453))

table 6 : explain SELECT id, c FROM sbtest6 WHERE id BETWEEN 4181353 AND 4181453
	Index Scan using sbtest6_pkey on sbtest6  (cost=0.43..414.49 rows=105 width=125)
	  Index Cond: ((id >= 4181353) AND (id <= 4181453))

table 7 : explain SELECT id, c FROM sbtest7 WHERE id BETWEEN 4181353 AND 4181453
	Index Scan using sbtest7_pkey on sbtest7  (cost=0.43..394.18 rows=99 width=125)
	  Index Cond: ((id >= 4181353) AND (id <= 4181453))

table 8 : explain SELECT id, c FROM sbtest8 WHERE id BETWEEN 4181353 AND 4181453
	Index Scan using sbtest8_pkey on sbtest8  (cost=0.43..381.34 rows=96 width=125)
	  Index Cond: ((id >= 4181353) AND (id <= 4181453))

explain: for range-notcovered :: explain SELECT id, c FROM sbtest%d WHERE id BETWEEN 9421292 AND 9421392
explain: for range-notcovered :: explain SELECT id, c FROM sbtest%d WHERE id BETWEEN 4181353 AND 4181453
for range-notcovered
table 1 : explain SELECT id, c FROM sbtest1 WHERE id BETWEEN 7148350 AND 7148450
	Index Scan using sbtest1_pkey on sbtest1  (cost=0.43..417.39 rows=105 width=125)
	  Index Cond: ((id >= 7148350) AND (id <= 7148450))

table 2 : explain SELECT id, c FROM sbtest2 WHERE id BETWEEN 7148350 AND 7148450
	Index Scan using sbtest2_pkey on sbtest2  (cost=0.43..444.76 rows=112 width=125)
	  Index Cond: ((id >= 7148350) AND (id <= 7148450))

table 3 : explain SELECT id, c FROM sbtest3 WHERE id BETWEEN 7148350 AND 7148450
	Index Scan using sbtest3_pkey on sbtest3  (cost=0.43..404.70 rows=102 width=125)
	  Index Cond: ((id >= 7148350) AND (id <= 7148450))

table 4 : explain SELECT id, c FROM sbtest4 WHERE id BETWEEN 7148350 AND 7148450
	Index Scan using sbtest4_pkey on sbtest4  (cost=0.43..408.46 rows=103 width=125)
	  Index Cond: ((id >= 7148350) AND (id <= 7148450))

table 5 : explain SELECT id, c FROM sbtest5 WHERE id BETWEEN 7148350 AND 7148450
	Index Scan using sbtest5_pkey on sbtest5  (cost=0.43..377.08 rows=95 width=125)
	  Index Cond: ((id >= 7148350) AND (id <= 7148450))

table 6 : explain SELECT id, c FROM sbtest6 WHERE id BETWEEN 7148350 AND 7148450
	Index Scan using sbtest6_pkey on sbtest6  (cost=0.43..406.68 rows=103 width=125)
	  Index Cond: ((id >= 7148350) AND (id <= 7148450))

table 7 : explain SELECT id, c FROM sbtest7 WHERE id BETWEEN 7148350 AND 7148450
	Index Scan using sbtest7_pkey on sbtest7  (cost=0.43..445.34 rows=112 width=125)
	  Index Cond: ((id >= 7148350) AND (id <= 7148450))

table 8 : explain SELECT id, c FROM sbtest8 WHERE id BETWEEN 7148350 AND 7148450
	Index Scan using sbtest8_pkey on sbtest8  (cost=0.43..436.31 rows=110 width=125)
	  Index Cond: ((id >= 7148350) AND (id <= 7148450))

explain: for range-notcovered :: explain SELECT id, c FROM sbtest%d WHERE id BETWEEN 7148350 AND 7148450
for range-notcovered
table 1 : explain SELECT id, c FROM sbtest1 WHERE id BETWEEN 8466539 AND 8466639
	Index Scan using sbtest1_pkey on sbtest1  (cost=0.43..385.91 rows=97 width=125)
	  Index Cond: ((id >= 8466539) AND (id <= 8466639))

table 2 : explain SELECT id, c FROM sbtest2 WHERE id BETWEEN 8466539 AND 8466639
	Index Scan using sbtest2_pkey on sbtest2  (cost=0.43..417.25 rows=105 width=125)
	  Index Cond: ((id >= 8466539) AND (id <= 8466639))

table 3 : explain SELECT id, c FROM sbtest3 WHERE id BETWEEN 8466539 AND 8466639
	Index Scan using sbtest3_pkey on sbtest3  (cost=0.43..365.45 rows=92 width=125)
	  Index Cond: ((id >= 8466539) AND (id <= 8466639))

table 4 : explain SELECT id, c FROM sbtest4 WHERE id BETWEEN 8466539 AND 8466639
	Index Scan using sbtest4_pkey on sbtest4  (cost=0.43..384.93 rows=97 width=125)
	  Index Cond: ((id >= 8466539) AND (id <= 8466639))

table 5 : explain SELECT id, c FROM sbtest5 WHERE id BETWEEN 8466539 AND 8466639
	Index Scan using sbtest5_pkey on sbtest5  (cost=0.43..408.45 rows=103 width=125)
	  Index Cond: ((id >= 8466539) AND (id <= 8466639))

table 6 : explain SELECT id, c FROM sbtest6 WHERE id BETWEEN 8466539 AND 8466639
	Index Scan using sbtest6_pkey on sbtest6  (cost=0.43..371.52 rows=94 width=125)
	  Index Cond: ((id >= 8466539) AND (id <= 8466639))

table 7 : explain SELECT id, c FROM sbtest7 WHERE id BETWEEN 8466539 AND 8466639
	Index Scan using sbtest7_pkey on sbtest7  (cost=0.43..441.40 rows=111 width=125)
	  Index Cond: ((id >= 8466539) AND (id <= 8466639))

table 8 : explain SELECT id, c FROM sbtest8 WHERE id BETWEEN 8466539 AND 8466639
	Index Scan using sbtest8_pkey on sbtest8  (cost=0.43..416.69 rows=105 width=125)
	  Index Cond: ((id >= 8466539) AND (id <= 8466639))

for range-notcovered
table 1 : explain SELECT id, c FROM sbtest1 WHERE id BETWEEN 5985075 AND 5985175
	Index Scan using sbtest1_pkey on sbtest1  (cost=0.43..385.91 rows=97 width=125)
	  Index Cond: ((id >= 5985075) AND (id <= 5985175))

table 2 : explain SELECT id, c FROM sbtest2 WHERE id BETWEEN 5985075 AND 5985175
	Index Scan using sbtest2_pkey on sbtest2  (cost=0.43..389.72 rows=98 width=125)
	  Index Cond: ((id >= 5985075) AND (id <= 5985175))

table 3 : explain SELECT id, c FROM sbtest3 WHERE id BETWEEN 5985075 AND 5985175
	Index Scan using sbtest3_pkey on sbtest3  (cost=0.43..416.47 rows=105 width=125)
	  Index Cond: ((id >= 5985075) AND (id <= 5985175))

table 4 : explain SELECT id, c FROM sbtest4 WHERE id BETWEEN 5985075 AND 5985175
	Index Scan using sbtest4_pkey on sbtest4  (cost=0.43..384.93 rows=97 width=125)
	  Index Cond: ((id >= 5985075) AND (id <= 5985175))

table 5 : explain SELECT id, c FROM sbtest5 WHERE id BETWEEN 5985075 AND 5985175
	Index Scan using sbtest5_pkey on sbtest5  (cost=0.43..377.08 rows=95 width=125)
	  Index Cond: ((id >= 5985075) AND (id <= 5985175))

table 6 : explain SELECT id, c FROM sbtest6 WHERE id BETWEEN 5985075 AND 5985175
	Index Scan using sbtest6_pkey on sbtest6  (cost=0.43..391.07 rows=99 width=125)
	  Index Cond: ((id >= 5985075) AND (id <= 5985175))

table 7 : explain SELECT id, c FROM sbtest7 WHERE id BETWEEN 5985075 AND 5985175
	Index Scan using sbtest7_pkey on sbtest7  (cost=0.43..394.16 rows=99 width=125)
	  Index Cond: ((id >= 5985075) AND (id <= 5985175))

table 8 : explain SELECT id, c FROM sbtest8 WHERE id BETWEEN 5985075 AND 5985175
	Index Scan using sbtest8_pkey on sbtest8  (cost=0.43..346.02 rows=87 width=125)
	  Index Cond: ((id >= 5985075) AND (id <= 5985175))

explain: for range-notcovered :: explain SELECT id, c FROM sbtest%d WHERE id BETWEEN 8466539 AND 8466639
explain: for range-notcovered :: explain SELECT id, c FROM sbtest%d WHERE id BETWEEN 5985075 AND 5985175
for range-notcovered
table 1 : explain SELECT id, c FROM sbtest1 WHERE id BETWEEN 7148350 AND 7148450
	Index Scan using sbtest1_pkey on sbtest1  (cost=0.43..417.39 rows=105 width=125)
	  Index Cond: ((id >= 7148350) AND (id <= 7148450))

table 2 : explain SELECT id, c FROM sbtest2 WHERE id BETWEEN 7148350 AND 7148450
	Index Scan using sbtest2_pkey on sbtest2  (cost=0.43..444.76 rows=112 width=125)
	  Index Cond: ((id >= 7148350) AND (id <= 7148450))

table 3 : explain SELECT id, c FROM sbtest3 WHERE id BETWEEN 7148350 AND 7148450
	Index Scan using sbtest3_pkey on sbtest3  (cost=0.43..404.70 rows=102 width=125)
	  Index Cond: ((id >= 7148350) AND (id <= 7148450))

table 4 : explain SELECT id, c FROM sbtest4 WHERE id BETWEEN 7148350 AND 7148450
	Index Scan using sbtest4_pkey on sbtest4  (cost=0.43..408.46 rows=103 width=125)
	  Index Cond: ((id >= 7148350) AND (id <= 7148450))

table 5 : explain SELECT id, c FROM sbtest5 WHERE id BETWEEN 7148350 AND 7148450
	Index Scan using sbtest5_pkey on sbtest5  (cost=0.43..377.08 rows=95 width=125)
	  Index Cond: ((id >= 7148350) AND (id <= 7148450))

table 6 : explain SELECT id, c FROM sbtest6 WHERE id BETWEEN 7148350 AND 7148450
	Index Scan using sbtest6_pkey on sbtest6  (cost=0.43..406.68 rows=103 width=125)
	  Index Cond: ((id >= 7148350) AND (id <= 7148450))

table 7 : explain SELECT id, c FROM sbtest7 WHERE id BETWEEN 7148350 AND 7148450
	Index Scan using sbtest7_pkey on sbtest7  (cost=0.43..445.34 rows=112 width=125)
	  Index Cond: ((id >= 7148350) AND (id <= 7148450))

table 8 : explain SELECT id, c FROM sbtest8 WHERE id BETWEEN 7148350 AND 7148450
	Index Scan using sbtest8_pkey on sbtest8  (cost=0.43..436.31 rows=110 width=125)
	  Index Cond: ((id >= 7148350) AND (id <= 7148450))

for range-notcovered
table 1 : explain SELECT id, c FROM sbtest1 WHERE id BETWEEN 9421292 AND 9421392
	Index Scan using sbtest1_pkey on sbtest1  (cost=0.43..389.85 rows=98 width=125)
	  Index Cond: ((id >= 9421292) AND (id <= 9421392))

table 2 : explain SELECT id, c FROM sbtest2 WHERE id BETWEEN 9421292 AND 9421392
	Index Scan using sbtest2_pkey on sbtest2  (cost=0.43..389.72 rows=98 width=125)
	  Index Cond: ((id >= 9421292) AND (id <= 9421392))

table 3 : explain SELECT id, c FROM sbtest3 WHERE id BETWEEN 9421292 AND 9421392
	Index Scan using sbtest3_pkey on sbtest3  (cost=0.43..443.93 rows=112 width=125)
	  Index Cond: ((id >= 9421292) AND (id <= 9421392))

table 4 : explain SELECT id, c FROM sbtest4 WHERE id BETWEEN 9421292 AND 9421392
	Index Scan using sbtest4_pkey on sbtest4  (cost=0.43..424.14 rows=107 width=125)
	  Index Cond: ((id >= 9421292) AND (id <= 9421392))

table 5 : explain SELECT id, c FROM sbtest5 WHERE id BETWEEN 9421292 AND 9421392
	Index Scan using sbtest5_pkey on sbtest5  (cost=0.43..373.16 rows=94 width=125)
	  Index Cond: ((id >= 9421292) AND (id <= 9421392))

table 6 : explain SELECT id, c FROM sbtest6 WHERE id BETWEEN 9421292 AND 9421392
	Index Scan using sbtest6_pkey on sbtest6  (cost=0.43..410.59 rows=104 width=125)
	  Index Cond: ((id >= 9421292) AND (id <= 9421392))

table 7 : explain SELECT id, c FROM sbtest7 WHERE id BETWEEN 9421292 AND 9421392
	Index Scan using sbtest7_pkey on sbtest7  (cost=0.43..433.53 rows=109 width=125)
	  Index Cond: ((id >= 9421292) AND (id <= 9421392))

table 8 : explain SELECT id, c FROM sbtest8 WHERE id BETWEEN 9421292 AND 9421392
	Index Scan using sbtest8_pkey on sbtest8  (cost=0.43..444.16 rows=112 width=125)
	  Index Cond: ((id >= 9421292) AND (id <= 9421392))

explain: for range-notcovered :: explain SELECT id, c FROM sbtest%d WHERE id BETWEEN 7148350 AND 7148450
explain: for range-notcovered :: explain SELECT id, c FROM sbtest%d WHERE id BETWEEN 9421292 AND 9421392
for range-notcovered
table 1 : explain SELECT id, c FROM sbtest1 WHERE id BETWEEN 4181353 AND 4181453
	Index Scan using sbtest1_pkey on sbtest1  (cost=0.43..401.66 rows=101 width=125)
	  Index Cond: ((id >= 4181353) AND (id <= 4181453))

table 2 : explain SELECT id, c FROM sbtest2 WHERE id BETWEEN 4181353 AND 4181453
	Index Scan using sbtest2_pkey on sbtest2  (cost=0.43..432.97 rows=109 width=125)
	  Index Cond: ((id >= 4181353) AND (id <= 4181453))

table 3 : explain SELECT id, c FROM sbtest3 WHERE id BETWEEN 4181353 AND 4181453
	Index Scan using sbtest3_pkey on sbtest3  (cost=0.43..392.94 rows=99 width=125)
	  Index Cond: ((id >= 4181353) AND (id <= 4181453))

table 4 : explain SELECT id, c FROM sbtest4 WHERE id BETWEEN 4181353 AND 4181453
	Index Scan using sbtest4_pkey on sbtest4  (cost=0.43..373.17 rows=94 width=125)
	  Index Cond: ((id >= 4181353) AND (id <= 4181453))

table 5 : explain SELECT id, c FROM sbtest5 WHERE id BETWEEN 4181353 AND 4181453
	Index Scan using sbtest5_pkey on sbtest5  (cost=0.43..377.08 rows=95 width=125)
	  Index Cond: ((id >= 4181353) AND (id <= 4181453))

table 6 : explain SELECT id, c FROM sbtest6 WHERE id BETWEEN 4181353 AND 4181453
	Index Scan using sbtest6_pkey on sbtest6  (cost=0.43..414.49 rows=105 width=125)
	  Index Cond: ((id >= 4181353) AND (id <= 4181453))

table 7 : explain SELECT id, c FROM sbtest7 WHERE id BETWEEN 4181353 AND 4181453
	Index Scan using sbtest7_pkey on sbtest7  (cost=0.43..394.18 rows=99 width=125)
	  Index Cond: ((id >= 4181353) AND (id <= 4181453))

table 8 : explain SELECT id, c FROM sbtest8 WHERE id BETWEEN 4181353 AND 4181453
	Index Scan using sbtest8_pkey on sbtest8  (cost=0.43..381.34 rows=96 width=125)
	  Index Cond: ((id >= 4181353) AND (id <= 4181453))

for range-notcovered
table 1 : explain SELECT id, c FROM sbtest1 WHERE id BETWEEN 8466539 AND 8466639
	Index Scan using sbtest1_pkey on sbtest1  (cost=0.43..385.91 rows=97 width=125)
	  Index Cond: ((id >= 8466539) AND (id <= 8466639))

table 2 : explain SELECT id, c FROM sbtest2 WHERE id BETWEEN 8466539 AND 8466639
	Index Scan using sbtest2_pkey on sbtest2  (cost=0.43..417.25 rows=105 width=125)
	  Index Cond: ((id >= 8466539) AND (id <= 8466639))

table 3 : explain SELECT id, c FROM sbtest3 WHERE id BETWEEN 8466539 AND 8466639
	Index Scan using sbtest3_pkey on sbtest3  (cost=0.43..365.45 rows=92 width=125)
	  Index Cond: ((id >= 8466539) AND (id <= 8466639))

table 4 : explain SELECT id, c FROM sbtest4 WHERE id BETWEEN 8466539 AND 8466639
	Index Scan using sbtest4_pkey on sbtest4  (cost=0.43..384.93 rows=97 width=125)
	  Index Cond: ((id >= 8466539) AND (id <= 8466639))

table 5 : explain SELECT id, c FROM sbtest5 WHERE id BETWEEN 8466539 AND 8466639
	Index Scan using sbtest5_pkey on sbtest5  (cost=0.43..408.45 rows=103 width=125)
	  Index Cond: ((id >= 8466539) AND (id <= 8466639))

table 6 : explain SELECT id, c FROM sbtest6 WHERE id BETWEEN 8466539 AND 8466639
	Index Scan using sbtest6_pkey on sbtest6  (cost=0.43..371.52 rows=94 width=125)
	  Index Cond: ((id >= 8466539) AND (id <= 8466639))

table 7 : explain SELECT id, c FROM sbtest7 WHERE id BETWEEN 8466539 AND 8466639
	Index Scan using sbtest7_pkey on sbtest7  (cost=0.43..441.40 rows=111 width=125)
	  Index Cond: ((id >= 8466539) AND (id <= 8466639))

table 8 : explain SELECT id, c FROM sbtest8 WHERE id BETWEEN 8466539 AND 8466639
	Index Scan using sbtest8_pkey on sbtest8  (cost=0.43..416.69 rows=105 width=125)
	  Index Cond: ((id >= 8466539) AND (id <= 8466639))

explain: for range-notcovered :: explain SELECT id, c FROM sbtest%d WHERE id BETWEEN 8466539 AND 8466639
explain: for range-notcovered :: explain SELECT id, c FROM sbtest%d WHERE id BETWEEN 5748088 AND 5748188
for range-notcovered
table 1 : explain SELECT id, c FROM sbtest1 WHERE id BETWEEN 9421292 AND 9421392
	Index Scan using sbtest1_pkey on sbtest1  (cost=0.43..389.85 rows=98 width=125)
	  Index Cond: ((id >= 9421292) AND (id <= 9421392))

table 2 : explain SELECT id, c FROM sbtest2 WHERE id BETWEEN 9421292 AND 9421392
	Index Scan using sbtest2_pkey on sbtest2  (cost=0.43..389.72 rows=98 width=125)
	  Index Cond: ((id >= 9421292) AND (id <= 9421392))

table 3 : explain SELECT id, c FROM sbtest3 WHERE id BETWEEN 9421292 AND 9421392
	Index Scan using sbtest3_pkey on sbtest3  (cost=0.43..443.93 rows=112 width=125)
	  Index Cond: ((id >= 9421292) AND (id <= 9421392))

table 4 : explain SELECT id, c FROM sbtest4 WHERE id BETWEEN 9421292 AND 9421392
	Index Scan using sbtest4_pkey on sbtest4  (cost=0.43..424.14 rows=107 width=125)
	  Index Cond: ((id >= 9421292) AND (id <= 9421392))

table 5 : explain SELECT id, c FROM sbtest5 WHERE id BETWEEN 9421292 AND 9421392
	Index Scan using sbtest5_pkey on sbtest5  (cost=0.43..373.16 rows=94 width=125)
	  Index Cond: ((id >= 9421292) AND (id <= 9421392))

table 6 : explain SELECT id, c FROM sbtest6 WHERE id BETWEEN 9421292 AND 9421392
	Index Scan using sbtest6_pkey on sbtest6  (cost=0.43..410.59 rows=104 width=125)
	  Index Cond: ((id >= 9421292) AND (id <= 9421392))

table 7 : explain SELECT id, c FROM sbtest7 WHERE id BETWEEN 9421292 AND 9421392
	Index Scan using sbtest7_pkey on sbtest7  (cost=0.43..433.53 rows=109 width=125)
	  Index Cond: ((id >= 9421292) AND (id <= 9421392))

table 8 : explain SELECT id, c FROM sbtest8 WHERE id BETWEEN 9421292 AND 9421392
	Index Scan using sbtest8_pkey on sbtest8  (cost=0.43..444.16 rows=112 width=125)
	  Index Cond: ((id >= 9421292) AND (id <= 9421392))

for range-notcovered
table 1 : explain SELECT id, c FROM sbtest1 WHERE id BETWEEN 7148350 AND 7148450
	Index Scan using sbtest1_pkey on sbtest1  (cost=0.43..417.39 rows=105 width=125)
	  Index Cond: ((id >= 7148350) AND (id <= 7148450))

table 2 : explain SELECT id, c FROM sbtest2 WHERE id BETWEEN 7148350 AND 7148450
	Index Scan using sbtest2_pkey on sbtest2  (cost=0.43..444.76 rows=112 width=125)
	  Index Cond: ((id >= 7148350) AND (id <= 7148450))

table 3 : explain SELECT id, c FROM sbtest3 WHERE id BETWEEN 7148350 AND 7148450
	Index Scan using sbtest3_pkey on sbtest3  (cost=0.43..404.70 rows=102 width=125)
	  Index Cond: ((id >= 7148350) AND (id <= 7148450))

table 4 : explain SELECT id, c FROM sbtest4 WHERE id BETWEEN 7148350 AND 7148450
	Index Scan using sbtest4_pkey on sbtest4  (cost=0.43..408.46 rows=103 width=125)
	  Index Cond: ((id >= 7148350) AND (id <= 7148450))

table 5 : explain SELECT id, c FROM sbtest5 WHERE id BETWEEN 7148350 AND 7148450
	Index Scan using sbtest5_pkey on sbtest5  (cost=0.43..377.08 rows=95 width=125)
	  Index Cond: ((id >= 7148350) AND (id <= 7148450))

table 6 : explain SELECT id, c FROM sbtest6 WHERE id BETWEEN 7148350 AND 7148450
	Index Scan using sbtest6_pkey on sbtest6  (cost=0.43..406.68 rows=103 width=125)
	  Index Cond: ((id >= 7148350) AND (id <= 7148450))

table 7 : explain SELECT id, c FROM sbtest7 WHERE id BETWEEN 7148350 AND 7148450
	Index Scan using sbtest7_pkey on sbtest7  (cost=0.43..445.34 rows=112 width=125)
	  Index Cond: ((id >= 7148350) AND (id <= 7148450))

table 8 : explain SELECT id, c FROM sbtest8 WHERE id BETWEEN 7148350 AND 7148450
	Index Scan using sbtest8_pkey on sbtest8  (cost=0.43..436.31 rows=110 width=125)
	  Index Cond: ((id >= 7148350) AND (id <= 7148450))

explain: for range-notcovered :: explain SELECT id, c FROM sbtest%d WHERE id BETWEEN 9421292 AND 9421392
explain: for range-notcovered :: explain SELECT id, c FROM sbtest%d WHERE id BETWEEN 7148350 AND 7148450
for range-notcovered
table 1 : explain SELECT id, c FROM sbtest1 WHERE id BETWEEN 5985075 AND 5985175
	Index Scan using sbtest1_pkey on sbtest1  (cost=0.43..385.91 rows=97 width=125)
	  Index Cond: ((id >= 5985075) AND (id <= 5985175))

table 2 : explain SELECT id, c FROM sbtest2 WHERE id BETWEEN 5985075 AND 5985175
	Index Scan using sbtest2_pkey on sbtest2  (cost=0.43..389.72 rows=98 width=125)
	  Index Cond: ((id >= 5985075) AND (id <= 5985175))

table 3 : explain SELECT id, c FROM sbtest3 WHERE id BETWEEN 5985075 AND 5985175
	Index Scan using sbtest3_pkey on sbtest3  (cost=0.43..416.47 rows=105 width=125)
	  Index Cond: ((id >= 5985075) AND (id <= 5985175))

table 4 : explain SELECT id, c FROM sbtest4 WHERE id BETWEEN 5985075 AND 5985175
	Index Scan using sbtest4_pkey on sbtest4  (cost=0.43..384.93 rows=97 width=125)
	  Index Cond: ((id >= 5985075) AND (id <= 5985175))

table 5 : explain SELECT id, c FROM sbtest5 WHERE id BETWEEN 5985075 AND 5985175
	Index Scan using sbtest5_pkey on sbtest5  (cost=0.43..377.08 rows=95 width=125)
	  Index Cond: ((id >= 5985075) AND (id <= 5985175))

table 6 : explain SELECT id, c FROM sbtest6 WHERE id BETWEEN 5985075 AND 5985175
	Index Scan using sbtest6_pkey on sbtest6  (cost=0.43..391.07 rows=99 width=125)
	  Index Cond: ((id >= 5985075) AND (id <= 5985175))

table 7 : explain SELECT id, c FROM sbtest7 WHERE id BETWEEN 5985075 AND 5985175
	Index Scan using sbtest7_pkey on sbtest7  (cost=0.43..394.16 rows=99 width=125)
	  Index Cond: ((id >= 5985075) AND (id <= 5985175))

table 8 : explain SELECT id, c FROM sbtest8 WHERE id BETWEEN 5985075 AND 5985175
	Index Scan using sbtest8_pkey on sbtest8  (cost=0.43..346.02 rows=87 width=125)
	  Index Cond: ((id >= 5985075) AND (id <= 5985175))

explain: for range-notcovered :: explain SELECT id, c FROM sbtest%d WHERE id BETWEEN 5985075 AND 5985175
for range-notcovered
table 1 : explain SELECT id, c FROM sbtest1 WHERE id BETWEEN 8466539 AND 8466639
	Index Scan using sbtest1_pkey on sbtest1  (cost=0.43..385.91 rows=97 width=125)
	  Index Cond: ((id >= 8466539) AND (id <= 8466639))

table 2 : explain SELECT id, c FROM sbtest2 WHERE id BETWEEN 8466539 AND 8466639
	Index Scan using sbtest2_pkey on sbtest2  (cost=0.43..417.25 rows=105 width=125)
	  Index Cond: ((id >= 8466539) AND (id <= 8466639))

table 3 : explain SELECT id, c FROM sbtest3 WHERE id BETWEEN 8466539 AND 8466639
	Index Scan using sbtest3_pkey on sbtest3  (cost=0.43..365.45 rows=92 width=125)
	  Index Cond: ((id >= 8466539) AND (id <= 8466639))

table 4 : explain SELECT id, c FROM sbtest4 WHERE id BETWEEN 8466539 AND 8466639
	Index Scan using sbtest4_pkey on sbtest4  (cost=0.43..384.93 rows=97 width=125)
	  Index Cond: ((id >= 8466539) AND (id <= 8466639))

table 5 : explain SELECT id, c FROM sbtest5 WHERE id BETWEEN 8466539 AND 8466639
	Index Scan using sbtest5_pkey on sbtest5  (cost=0.43..408.45 rows=103 width=125)
	  Index Cond: ((id >= 8466539) AND (id <= 8466639))

table 6 : explain SELECT id, c FROM sbtest6 WHERE id BETWEEN 8466539 AND 8466639
	Index Scan using sbtest6_pkey on sbtest6  (cost=0.43..371.52 rows=94 width=125)
	  Index Cond: ((id >= 8466539) AND (id <= 8466639))

table 7 : explain SELECT id, c FROM sbtest7 WHERE id BETWEEN 8466539 AND 8466639
	Index Scan using sbtest7_pkey on sbtest7  (cost=0.43..441.40 rows=111 width=125)
	  Index Cond: ((id >= 8466539) AND (id <= 8466639))

table 8 : explain SELECT id, c FROM sbtest8 WHERE id BETWEEN 8466539 AND 8466639
	Index Scan using sbtest8_pkey on sbtest8  (cost=0.43..416.69 rows=105 width=125)
	  Index Cond: ((id >= 8466539) AND (id <= 8466639))

explain: for range-notcovered :: explain SELECT id, c FROM sbtest%d WHERE id BETWEEN 8466539 AND 8466639
for range-notcovered
table 1 : explain SELECT id, c FROM sbtest1 WHERE id BETWEEN 4288952 AND 4289052
	Index Scan using sbtest1_pkey on sbtest1  (cost=0.43..397.73 rows=100 width=125)
	  Index Cond: ((id >= 4288952) AND (id <= 4289052))

table 2 : explain SELECT id, c FROM sbtest2 WHERE id BETWEEN 4288952 AND 4289052
	Index Scan using sbtest2_pkey on sbtest2  (cost=0.43..397.60 rows=100 width=125)
	  Index Cond: ((id >= 4288952) AND (id <= 4289052))

table 3 : explain SELECT id, c FROM sbtest3 WHERE id BETWEEN 4288952 AND 4289052
	Index Scan using sbtest3_pkey on sbtest3  (cost=0.43..416.47 rows=105 width=125)
	  Index Cond: ((id >= 4288952) AND (id <= 4289052))

table 4 : explain SELECT id, c FROM sbtest4 WHERE id BETWEEN 4288952 AND 4289052
	Index Scan using sbtest4_pkey on sbtest4  (cost=0.43..373.17 rows=94 width=125)
	  Index Cond: ((id >= 4288952) AND (id <= 4289052))

table 5 : explain SELECT id, c FROM sbtest5 WHERE id BETWEEN 4288952 AND 4289052
	Index Scan using sbtest5_pkey on sbtest5  (cost=0.43..412.37 rows=104 width=125)
	  Index Cond: ((id >= 4288952) AND (id <= 4289052))

table 6 : explain SELECT id, c FROM sbtest6 WHERE id BETWEEN 4288952 AND 4289052
	Index Scan using sbtest6_pkey on sbtest6  (cost=0.43..410.59 rows=104 width=125)
	  Index Cond: ((id >= 4288952) AND (id <= 4289052))

table 7 : explain SELECT id, c FROM sbtest7 WHERE id BETWEEN 4288952 AND 4289052
	Index Scan using sbtest7_pkey on sbtest7  (cost=0.43..413.85 rows=104 width=125)
	  Index Cond: ((id >= 4288952) AND (id <= 4289052))

table 8 : explain SELECT id, c FROM sbtest8 WHERE id BETWEEN 4288952 AND 4289052
	Index Scan using sbtest8_pkey on sbtest8  (cost=0.43..389.21 rows=98 width=125)
	  Index Cond: ((id >= 4288952) AND (id <= 4289052))

explain: for range-notcovered :: explain SELECT id, c FROM sbtest%d WHERE id BETWEEN 4288952 AND 4289052
for range-notcovered
table 1 : explain SELECT id, c FROM sbtest1 WHERE id BETWEEN 9421292 AND 9421392
	Index Scan using sbtest1_pkey on sbtest1  (cost=0.43..389.85 rows=98 width=125)
	  Index Cond: ((id >= 9421292) AND (id <= 9421392))

table 2 : explain SELECT id, c FROM sbtest2 WHERE id BETWEEN 9421292 AND 9421392
	Index Scan using sbtest2_pkey on sbtest2  (cost=0.43..389.72 rows=98 width=125)
	  Index Cond: ((id >= 9421292) AND (id <= 9421392))

table 3 : explain SELECT id, c FROM sbtest3 WHERE id BETWEEN 9421292 AND 9421392
	Index Scan using sbtest3_pkey on sbtest3  (cost=0.43..443.93 rows=112 width=125)
	  Index Cond: ((id >= 9421292) AND (id <= 9421392))

table 4 : explain SELECT id, c FROM sbtest4 WHERE id BETWEEN 9421292 AND 9421392
	Index Scan using sbtest4_pkey on sbtest4  (cost=0.43..424.14 rows=107 width=125)
	  Index Cond: ((id >= 9421292) AND (id <= 9421392))

table 5 : explain SELECT id, c FROM sbtest5 WHERE id BETWEEN 9421292 AND 9421392
	Index Scan using sbtest5_pkey on sbtest5  (cost=0.43..373.16 rows=94 width=125)
	  Index Cond: ((id >= 9421292) AND (id <= 9421392))

table 6 : explain SELECT id, c FROM sbtest6 WHERE id BETWEEN 9421292 AND 9421392
	Index Scan using sbtest6_pkey on sbtest6  (cost=0.43..410.59 rows=104 width=125)
	  Index Cond: ((id >= 9421292) AND (id <= 9421392))

table 7 : explain SELECT id, c FROM sbtest7 WHERE id BETWEEN 9421292 AND 9421392
	Index Scan using sbtest7_pkey on sbtest7  (cost=0.43..433.53 rows=109 width=125)
	  Index Cond: ((id >= 9421292) AND (id <= 9421392))

table 8 : explain SELECT id, c FROM sbtest8 WHERE id BETWEEN 9421292 AND 9421392
	Index Scan using sbtest8_pkey on sbtest8  (cost=0.43..444.16 rows=112 width=125)
	  Index Cond: ((id >= 9421292) AND (id <= 9421392))

for range-notcovered
table 1 : explain SELECT id, c FROM sbtest1 WHERE id BETWEEN 7148350 AND 7148450
	Index Scan using sbtest1_pkey on sbtest1  (cost=0.43..417.39 rows=105 width=125)
	  Index Cond: ((id >= 7148350) AND (id <= 7148450))

table 2 : explain SELECT id, c FROM sbtest2 WHERE id BETWEEN 7148350 AND 7148450
	Index Scan using sbtest2_pkey on sbtest2  (cost=0.43..444.76 rows=112 width=125)
	  Index Cond: ((id >= 7148350) AND (id <= 7148450))

table 3 : explain SELECT id, c FROM sbtest3 WHERE id BETWEEN 7148350 AND 7148450
	Index Scan using sbtest3_pkey on sbtest3  (cost=0.43..404.70 rows=102 width=125)
	  Index Cond: ((id >= 7148350) AND (id <= 7148450))

table 4 : explain SELECT id, c FROM sbtest4 WHERE id BETWEEN 7148350 AND 7148450
	Index Scan using sbtest4_pkey on sbtest4  (cost=0.43..408.46 rows=103 width=125)
	  Index Cond: ((id >= 7148350) AND (id <= 7148450))

table 5 : explain SELECT id, c FROM sbtest5 WHERE id BETWEEN 7148350 AND 7148450
	Index Scan using sbtest5_pkey on sbtest5  (cost=0.43..377.08 rows=95 width=125)
	  Index Cond: ((id >= 7148350) AND (id <= 7148450))

table 6 : explain SELECT id, c FROM sbtest6 WHERE id BETWEEN 7148350 AND 7148450
	Index Scan using sbtest6_pkey on sbtest6  (cost=0.43..406.68 rows=103 width=125)
	  Index Cond: ((id >= 7148350) AND (id <= 7148450))

table 7 : explain SELECT id, c FROM sbtest7 WHERE id BETWEEN 7148350 AND 7148450
	Index Scan using sbtest7_pkey on sbtest7  (cost=0.43..445.34 rows=112 width=125)
	  Index Cond: ((id >= 7148350) AND (id <= 7148450))

table 8 : explain SELECT id, c FROM sbtest8 WHERE id BETWEEN 7148350 AND 7148450
	Index Scan using sbtest8_pkey on sbtest8  (cost=0.43..436.31 rows=110 width=125)
	  Index Cond: ((id >= 7148350) AND (id <= 7148450))

explain: for range-notcovered :: explain SELECT id, c FROM sbtest%d WHERE id BETWEEN 9421292 AND 9421392
for range-notcovered
table 1 : explain SELECT id, c FROM sbtest1 WHERE id BETWEEN 1164858 AND 1164958
	Index Scan using sbtest1_pkey on sbtest1  (cost=0.43..409.52 rows=103 width=125)
	  Index Cond: ((id >= 1164858) AND (id <= 1164958))

table 2 : explain SELECT id, c FROM sbtest2 WHERE id BETWEEN 1164858 AND 1164958
	Index Scan using sbtest2_pkey on sbtest2  (cost=0.43..409.39 rows=103 width=125)
	  Index Cond: ((id >= 1164858) AND (id <= 1164958))

table 3 : explain SELECT id, c FROM sbtest3 WHERE id BETWEEN 1164858 AND 1164958
	Index Scan using sbtest3_pkey on sbtest3  (cost=0.43..385.07 rows=97 width=125)
	  Index Cond: ((id >= 1164858) AND (id <= 1164958))

table 4 : explain SELECT id, c FROM sbtest4 WHERE id BETWEEN 1164858 AND 1164958
	Index Scan using sbtest4_pkey on sbtest4  (cost=0.43..451.59 rows=114 width=125)
	  Index Cond: ((id >= 1164858) AND (id <= 1164958))

table 5 : explain SELECT id, c FROM sbtest5 WHERE id BETWEEN 1164858 AND 1164958
	Index Scan using sbtest5_pkey on sbtest5  (cost=0.43..435.90 rows=110 width=125)
	  Index Cond: ((id >= 1164858) AND (id <= 1164958))

table 6 : explain SELECT id, c FROM sbtest6 WHERE id BETWEEN 1164858 AND 1164958
	Index Scan using sbtest6_pkey on sbtest6  (cost=0.43..422.30 rows=107 width=125)
	  Index Cond: ((id >= 1164858) AND (id <= 1164958))

table 7 : explain SELECT id, c FROM sbtest7 WHERE id BETWEEN 1164858 AND 1164958
	Index Scan using sbtest7_pkey on sbtest7  (cost=0.43..405.98 rows=102 width=125)
	  Index Cond: ((id >= 1164858) AND (id <= 1164958))

table 8 : explain SELECT id, c FROM sbtest8 WHERE id BETWEEN 1164858 AND 1164958
	Index Scan using sbtest8_pkey on sbtest8  (cost=0.43..408.84 rows=103 width=125)
	  Index Cond: ((id >= 1164858) AND (id <= 1164958))

for range-notcovered
table 1 : explain SELECT id, c FROM sbtest1 WHERE id BETWEEN 8466539 AND 8466639
	Index Scan using sbtest1_pkey on sbtest1  (cost=0.43..385.91 rows=97 width=125)
	  Index Cond: ((id >= 8466539) AND (id <= 8466639))

table 2 : explain SELECT id, c FROM sbtest2 WHERE id BETWEEN 8466539 AND 8466639
	Index Scan using sbtest2_pkey on sbtest2  (cost=0.43..417.25 rows=105 width=125)
	  Index Cond: ((id >= 8466539) AND (id <= 8466639))

table 3 : explain SELECT id, c FROM sbtest3 WHERE id BETWEEN 8466539 AND 8466639
	Index Scan using sbtest3_pkey on sbtest3  (cost=0.43..365.45 rows=92 width=125)
	  Index Cond: ((id >= 8466539) AND (id <= 8466639))

table 4 : explain SELECT id, c FROM sbtest4 WHERE id BETWEEN 8466539 AND 8466639
	Index Scan using sbtest4_pkey on sbtest4  (cost=0.43..384.93 rows=97 width=125)
	  Index Cond: ((id >= 8466539) AND (id <= 8466639))

table 5 : explain SELECT id, c FROM sbtest5 WHERE id BETWEEN 8466539 AND 8466639
	Index Scan using sbtest5_pkey on sbtest5  (cost=0.43..408.45 rows=103 width=125)
	  Index Cond: ((id >= 8466539) AND (id <= 8466639))

table 6 : explain SELECT id, c FROM sbtest6 WHERE id BETWEEN 8466539 AND 8466639
	Index Scan using sbtest6_pkey on sbtest6  (cost=0.43..371.52 rows=94 width=125)
	  Index Cond: ((id >= 8466539) AND (id <= 8466639))

table 7 : explain SELECT id, c FROM sbtest7 WHERE id BETWEEN 8466539 AND 8466639
	Index Scan using sbtest7_pkey on sbtest7  (cost=0.43..441.40 rows=111 width=125)
	  Index Cond: ((id >= 8466539) AND (id <= 8466639))

table 8 : explain SELECT id, c FROM sbtest8 WHERE id BETWEEN 8466539 AND 8466639
	Index Scan using sbtest8_pkey on sbtest8  (cost=0.43..416.69 rows=105 width=125)
	  Index Cond: ((id >= 8466539) AND (id <= 8466639))

for range-notcovered
table 1 : explain SELECT id, c FROM sbtest1 WHERE id BETWEEN 5985075 AND 5985175
	Index Scan using sbtest1_pkey on sbtest1  (cost=0.43..385.91 rows=97 width=125)
	  Index Cond: ((id >= 5985075) AND (id <= 5985175))

table 2 : explain SELECT id, c FROM sbtest2 WHERE id BETWEEN 5985075 AND 5985175
	Index Scan using sbtest2_pkey on sbtest2  (cost=0.43..389.72 rows=98 width=125)
	  Index Cond: ((id >= 5985075) AND (id <= 5985175))

table 3 : explain SELECT id, c FROM sbtest3 WHERE id BETWEEN 5985075 AND 5985175
	Index Scan using sbtest3_pkey on sbtest3  (cost=0.43..416.47 rows=105 width=125)
	  Index Cond: ((id >= 5985075) AND (id <= 5985175))

table 4 : explain SELECT id, c FROM sbtest4 WHERE id BETWEEN 5985075 AND 5985175
	Index Scan using sbtest4_pkey on sbtest4  (cost=0.43..384.93 rows=97 width=125)
	  Index Cond: ((id >= 5985075) AND (id <= 5985175))

table 5 : explain SELECT id, c FROM sbtest5 WHERE id BETWEEN 5985075 AND 5985175
	Index Scan using sbtest5_pkey on sbtest5  (cost=0.43..377.08 rows=95 width=125)
	  Index Cond: ((id >= 5985075) AND (id <= 5985175))

table 6 : explain SELECT id, c FROM sbtest6 WHERE id BETWEEN 5985075 AND 5985175
	Index Scan using sbtest6_pkey on sbtest6  (cost=0.43..391.07 rows=99 width=125)
	  Index Cond: ((id >= 5985075) AND (id <= 5985175))

table 7 : explain SELECT id, c FROM sbtest7 WHERE id BETWEEN 5985075 AND 5985175
	Index Scan using sbtest7_pkey on sbtest7  (cost=0.43..394.16 rows=99 width=125)
	  Index Cond: ((id >= 5985075) AND (id <= 5985175))

table 8 : explain SELECT id, c FROM sbtest8 WHERE id BETWEEN 5985075 AND 5985175
	Index Scan using sbtest8_pkey on sbtest8  (cost=0.43..346.02 rows=87 width=125)
	  Index Cond: ((id >= 5985075) AND (id <= 5985175))

explain: for range-notcovered :: explain SELECT id, c FROM sbtest%d WHERE id BETWEEN 1164858 AND 1164958
explain: for range-notcovered :: explain SELECT id, c FROM sbtest%d WHERE id BETWEEN 8466539 AND 8466639
explain: for range-notcovered :: explain SELECT id, c FROM sbtest%d WHERE id BETWEEN 5985075 AND 5985175
for range-notcovered
table 1 : explain SELECT id, c FROM sbtest1 WHERE id BETWEEN 4288952 AND 4289052
	Index Scan using sbtest1_pkey on sbtest1  (cost=0.43..397.73 rows=100 width=125)
	  Index Cond: ((id >= 4288952) AND (id <= 4289052))

table 2 : explain SELECT id, c FROM sbtest2 WHERE id BETWEEN 4288952 AND 4289052
	Index Scan using sbtest2_pkey on sbtest2  (cost=0.43..397.60 rows=100 width=125)
	  Index Cond: ((id >= 4288952) AND (id <= 4289052))

table 3 : explain SELECT id, c FROM sbtest3 WHERE id BETWEEN 4288952 AND 4289052
	Index Scan using sbtest3_pkey on sbtest3  (cost=0.43..416.47 rows=105 width=125)
	  Index Cond: ((id >= 4288952) AND (id <= 4289052))

table 4 : explain SELECT id, c FROM sbtest4 WHERE id BETWEEN 4288952 AND 4289052
	Index Scan using sbtest4_pkey on sbtest4  (cost=0.43..373.17 rows=94 width=125)
	  Index Cond: ((id >= 4288952) AND (id <= 4289052))

table 5 : explain SELECT id, c FROM sbtest5 WHERE id BETWEEN 4288952 AND 4289052
	Index Scan using sbtest5_pkey on sbtest5  (cost=0.43..412.37 rows=104 width=125)
	  Index Cond: ((id >= 4288952) AND (id <= 4289052))

table 6 : explain SELECT id, c FROM sbtest6 WHERE id BETWEEN 4288952 AND 4289052
	Index Scan using sbtest6_pkey on sbtest6  (cost=0.43..410.59 rows=104 width=125)
	  Index Cond: ((id >= 4288952) AND (id <= 4289052))

table 7 : explain SELECT id, c FROM sbtest7 WHERE id BETWEEN 4288952 AND 4289052
	Index Scan using sbtest7_pkey on sbtest7  (cost=0.43..413.85 rows=104 width=125)
	  Index Cond: ((id >= 4288952) AND (id <= 4289052))

table 8 : explain SELECT id, c FROM sbtest8 WHERE id BETWEEN 4288952 AND 4289052
	Index Scan using sbtest8_pkey on sbtest8  (cost=0.43..389.21 rows=98 width=125)
	  Index Cond: ((id >= 4288952) AND (id <= 4289052))

for range-notcovered
table 1 : explain SELECT id, c FROM sbtest1 WHERE id BETWEEN 9421292 AND 9421392
	Index Scan using sbtest1_pkey on sbtest1  (cost=0.43..389.85 rows=98 width=125)
	  Index Cond: ((id >= 9421292) AND (id <= 9421392))

table 2 : explain SELECT id, c FROM sbtest2 WHERE id BETWEEN 9421292 AND 9421392
	Index Scan using sbtest2_pkey on sbtest2  (cost=0.43..389.72 rows=98 width=125)
	  Index Cond: ((id >= 9421292) AND (id <= 9421392))

table 3 : explain SELECT id, c FROM sbtest3 WHERE id BETWEEN 9421292 AND 9421392
	Index Scan using sbtest3_pkey on sbtest3  (cost=0.43..443.93 rows=112 width=125)
	  Index Cond: ((id >= 9421292) AND (id <= 9421392))

table 4 : explain SELECT id, c FROM sbtest4 WHERE id BETWEEN 9421292 AND 9421392
	Index Scan using sbtest4_pkey on sbtest4  (cost=0.43..424.14 rows=107 width=125)
	  Index Cond: ((id >= 9421292) AND (id <= 9421392))

table 5 : explain SELECT id, c FROM sbtest5 WHERE id BETWEEN 9421292 AND 9421392
	Index Scan using sbtest5_pkey on sbtest5  (cost=0.43..373.16 rows=94 width=125)
	  Index Cond: ((id >= 9421292) AND (id <= 9421392))

table 6 : explain SELECT id, c FROM sbtest6 WHERE id BETWEEN 9421292 AND 9421392
	Index Scan using sbtest6_pkey on sbtest6  (cost=0.43..410.59 rows=104 width=125)
	  Index Cond: ((id >= 9421292) AND (id <= 9421392))

table 7 : explain SELECT id, c FROM sbtest7 WHERE id BETWEEN 9421292 AND 9421392
	Index Scan using sbtest7_pkey on sbtest7  (cost=0.43..433.53 rows=109 width=125)
	  Index Cond: ((id >= 9421292) AND (id <= 9421392))

table 8 : explain SELECT id, c FROM sbtest8 WHERE id BETWEEN 9421292 AND 9421392
	Index Scan using sbtest8_pkey on sbtest8  (cost=0.43..444.16 rows=112 width=125)
	  Index Cond: ((id >= 9421292) AND (id <= 9421392))

explain: for range-notcovered :: explain SELECT id, c FROM sbtest%d WHERE id BETWEEN 4288952 AND 4289052
explain: for range-notcovered :: explain SELECT id, c FROM sbtest%d WHERE id BETWEEN 9421292 AND 9421392
for range-notcovered
table 1 : explain SELECT id, c FROM sbtest1 WHERE id BETWEEN 8466539 AND 8466639
	Index Scan using sbtest1_pkey on sbtest1  (cost=0.43..385.91 rows=97 width=125)
	  Index Cond: ((id >= 8466539) AND (id <= 8466639))

table 2 : explain SELECT id, c FROM sbtest2 WHERE id BETWEEN 8466539 AND 8466639
	Index Scan using sbtest2_pkey on sbtest2  (cost=0.43..417.25 rows=105 width=125)
	  Index Cond: ((id >= 8466539) AND (id <= 8466639))

table 3 : explain SELECT id, c FROM sbtest3 WHERE id BETWEEN 8466539 AND 8466639
	Index Scan using sbtest3_pkey on sbtest3  (cost=0.43..365.45 rows=92 width=125)
	  Index Cond: ((id >= 8466539) AND (id <= 8466639))

table 4 : explain SELECT id, c FROM sbtest4 WHERE id BETWEEN 8466539 AND 8466639
	Index Scan using sbtest4_pkey on sbtest4  (cost=0.43..384.93 rows=97 width=125)
	  Index Cond: ((id >= 8466539) AND (id <= 8466639))

table 5 : explain SELECT id, c FROM sbtest5 WHERE id BETWEEN 8466539 AND 8466639
	Index Scan using sbtest5_pkey on sbtest5  (cost=0.43..408.45 rows=103 width=125)
	  Index Cond: ((id >= 8466539) AND (id <= 8466639))

table 6 : explain SELECT id, c FROM sbtest6 WHERE id BETWEEN 8466539 AND 8466639
	Index Scan using sbtest6_pkey on sbtest6  (cost=0.43..371.52 rows=94 width=125)
	  Index Cond: ((id >= 8466539) AND (id <= 8466639))

table 7 : explain SELECT id, c FROM sbtest7 WHERE id BETWEEN 8466539 AND 8466639
	Index Scan using sbtest7_pkey on sbtest7  (cost=0.43..441.40 rows=111 width=125)
	  Index Cond: ((id >= 8466539) AND (id <= 8466639))

table 8 : explain SELECT id, c FROM sbtest8 WHERE id BETWEEN 8466539 AND 8466639
	Index Scan using sbtest8_pkey on sbtest8  (cost=0.43..416.69 rows=105 width=125)
	  Index Cond: ((id >= 8466539) AND (id <= 8466639))

for range-notcovered
table 1 : explain SELECT id, c FROM sbtest1 WHERE id BETWEEN 1164858 AND 1164958
	Index Scan using sbtest1_pkey on sbtest1  (cost=0.43..409.52 rows=103 width=125)
	  Index Cond: ((id >= 1164858) AND (id <= 1164958))

table 2 : explain SELECT id, c FROM sbtest2 WHERE id BETWEEN 1164858 AND 1164958
	Index Scan using sbtest2_pkey on sbtest2  (cost=0.43..409.39 rows=103 width=125)
	  Index Cond: ((id >= 1164858) AND (id <= 1164958))

table 3 : explain SELECT id, c FROM sbtest3 WHERE id BETWEEN 1164858 AND 1164958
	Index Scan using sbtest3_pkey on sbtest3  (cost=0.43..385.07 rows=97 width=125)
	  Index Cond: ((id >= 1164858) AND (id <= 1164958))

table 4 : explain SELECT id, c FROM sbtest4 WHERE id BETWEEN 1164858 AND 1164958
	Index Scan using sbtest4_pkey on sbtest4  (cost=0.43..451.59 rows=114 width=125)
	  Index Cond: ((id >= 1164858) AND (id <= 1164958))

table 5 : explain SELECT id, c FROM sbtest5 WHERE id BETWEEN 1164858 AND 1164958
	Index Scan using sbtest5_pkey on sbtest5  (cost=0.43..435.90 rows=110 width=125)
	  Index Cond: ((id >= 1164858) AND (id <= 1164958))

table 6 : explain SELECT id, c FROM sbtest6 WHERE id BETWEEN 1164858 AND 1164958
	Index Scan using sbtest6_pkey on sbtest6  (cost=0.43..422.30 rows=107 width=125)
	  Index Cond: ((id >= 1164858) AND (id <= 1164958))

table 7 : explain SELECT id, c FROM sbtest7 WHERE id BETWEEN 1164858 AND 1164958
	Index Scan using sbtest7_pkey on sbtest7  (cost=0.43..405.98 rows=102 width=125)
	  Index Cond: ((id >= 1164858) AND (id <= 1164958))

table 8 : explain SELECT id, c FROM sbtest8 WHERE id BETWEEN 1164858 AND 1164958
	Index Scan using sbtest8_pkey on sbtest8  (cost=0.43..408.84 rows=103 width=125)
	  Index Cond: ((id >= 1164858) AND (id <= 1164958))

for range-notcovered
table 1 : explain SELECT id, c FROM sbtest1 WHERE id BETWEEN 5985075 AND 5985175
	Index Scan using sbtest1_pkey on sbtest1  (cost=0.43..385.91 rows=97 width=125)
	  Index Cond: ((id >= 5985075) AND (id <= 5985175))

table 2 : explain SELECT id, c FROM sbtest2 WHERE id BETWEEN 5985075 AND 5985175
	Index Scan using sbtest2_pkey on sbtest2  (cost=0.43..389.72 rows=98 width=125)
	  Index Cond: ((id >= 5985075) AND (id <= 5985175))

table 3 : explain SELECT id, c FROM sbtest3 WHERE id BETWEEN 5985075 AND 5985175
	Index Scan using sbtest3_pkey on sbtest3  (cost=0.43..416.47 rows=105 width=125)
	  Index Cond: ((id >= 5985075) AND (id <= 5985175))

table 4 : explain SELECT id, c FROM sbtest4 WHERE id BETWEEN 5985075 AND 5985175
	Index Scan using sbtest4_pkey on sbtest4  (cost=0.43..384.93 rows=97 width=125)
	  Index Cond: ((id >= 5985075) AND (id <= 5985175))

table 5 : explain SELECT id, c FROM sbtest5 WHERE id BETWEEN 5985075 AND 5985175
	Index Scan using sbtest5_pkey on sbtest5  (cost=0.43..377.08 rows=95 width=125)
	  Index Cond: ((id >= 5985075) AND (id <= 5985175))

table 6 : explain SELECT id, c FROM sbtest6 WHERE id BETWEEN 5985075 AND 5985175
	Index Scan using sbtest6_pkey on sbtest6  (cost=0.43..391.07 rows=99 width=125)
	  Index Cond: ((id >= 5985075) AND (id <= 5985175))

table 7 : explain SELECT id, c FROM sbtest7 WHERE id BETWEEN 5985075 AND 5985175
	Index Scan using sbtest7_pkey on sbtest7  (cost=0.43..394.16 rows=99 width=125)
	  Index Cond: ((id >= 5985075) AND (id <= 5985175))

table 8 : explain SELECT id, c FROM sbtest8 WHERE id BETWEEN 5985075 AND 5985175
	Index Scan using sbtest8_pkey on sbtest8  (cost=0.43..346.02 rows=87 width=125)
	  Index Cond: ((id >= 5985075) AND (id <= 5985175))

explain: for range-notcovered :: explain SELECT id, c FROM sbtest%d WHERE id BETWEEN 1164858 AND 1164958
explain: for range-notcovered :: explain SELECT id, c FROM sbtest%d WHERE id BETWEEN 5985075 AND 5985175
for range-notcovered
table 1 : explain SELECT id, c FROM sbtest1 WHERE id BETWEEN 4288952 AND 4289052
	Index Scan using sbtest1_pkey on sbtest1  (cost=0.43..397.73 rows=100 width=125)
	  Index Cond: ((id >= 4288952) AND (id <= 4289052))

table 2 : explain SELECT id, c FROM sbtest2 WHERE id BETWEEN 4288952 AND 4289052
	Index Scan using sbtest2_pkey on sbtest2  (cost=0.43..397.60 rows=100 width=125)
	  Index Cond: ((id >= 4288952) AND (id <= 4289052))

table 3 : explain SELECT id, c FROM sbtest3 WHERE id BETWEEN 4288952 AND 4289052
	Index Scan using sbtest3_pkey on sbtest3  (cost=0.43..416.47 rows=105 width=125)
	  Index Cond: ((id >= 4288952) AND (id <= 4289052))

table 4 : explain SELECT id, c FROM sbtest4 WHERE id BETWEEN 4288952 AND 4289052
	Index Scan using sbtest4_pkey on sbtest4  (cost=0.43..373.17 rows=94 width=125)
	  Index Cond: ((id >= 4288952) AND (id <= 4289052))

table 5 : explain SELECT id, c FROM sbtest5 WHERE id BETWEEN 4288952 AND 4289052
	Index Scan using sbtest5_pkey on sbtest5  (cost=0.43..412.37 rows=104 width=125)
	  Index Cond: ((id >= 4288952) AND (id <= 4289052))

table 6 : explain SELECT id, c FROM sbtest6 WHERE id BETWEEN 4288952 AND 4289052
	Index Scan using sbtest6_pkey on sbtest6  (cost=0.43..410.59 rows=104 width=125)
	  Index Cond: ((id >= 4288952) AND (id <= 4289052))

table 7 : explain SELECT id, c FROM sbtest7 WHERE id BETWEEN 4288952 AND 4289052
	Index Scan using sbtest7_pkey on sbtest7  (cost=0.43..413.85 rows=104 width=125)
	  Index Cond: ((id >= 4288952) AND (id <= 4289052))

table 8 : explain SELECT id, c FROM sbtest8 WHERE id BETWEEN 4288952 AND 4289052
	Index Scan using sbtest8_pkey on sbtest8  (cost=0.43..389.21 rows=98 width=125)
	  Index Cond: ((id >= 4288952) AND (id <= 4289052))

explain: for range-notcovered :: explain SELECT id, c FROM sbtest%d WHERE id BETWEEN 4288952 AND 4289052
for range-notcovered
table 1 : explain SELECT id, c FROM sbtest1 WHERE id BETWEEN 9421292 AND 9421392
	Index Scan using sbtest1_pkey on sbtest1  (cost=0.43..389.85 rows=98 width=125)
	  Index Cond: ((id >= 9421292) AND (id <= 9421392))

table 2 : explain SELECT id, c FROM sbtest2 WHERE id BETWEEN 9421292 AND 9421392
	Index Scan using sbtest2_pkey on sbtest2  (cost=0.43..389.72 rows=98 width=125)
	  Index Cond: ((id >= 9421292) AND (id <= 9421392))

table 3 : explain SELECT id, c FROM sbtest3 WHERE id BETWEEN 9421292 AND 9421392
	Index Scan using sbtest3_pkey on sbtest3  (cost=0.43..443.93 rows=112 width=125)
	  Index Cond: ((id >= 9421292) AND (id <= 9421392))

table 4 : explain SELECT id, c FROM sbtest4 WHERE id BETWEEN 9421292 AND 9421392
	Index Scan using sbtest4_pkey on sbtest4  (cost=0.43..424.14 rows=107 width=125)
	  Index Cond: ((id >= 9421292) AND (id <= 9421392))

table 5 : explain SELECT id, c FROM sbtest5 WHERE id BETWEEN 9421292 AND 9421392
	Index Scan using sbtest5_pkey on sbtest5  (cost=0.43..373.16 rows=94 width=125)
	  Index Cond: ((id >= 9421292) AND (id <= 9421392))

table 6 : explain SELECT id, c FROM sbtest6 WHERE id BETWEEN 9421292 AND 9421392
	Index Scan using sbtest6_pkey on sbtest6  (cost=0.43..410.59 rows=104 width=125)
	  Index Cond: ((id >= 9421292) AND (id <= 9421392))

table 7 : explain SELECT id, c FROM sbtest7 WHERE id BETWEEN 9421292 AND 9421392
	Index Scan using sbtest7_pkey on sbtest7  (cost=0.43..433.53 rows=109 width=125)
	  Index Cond: ((id >= 9421292) AND (id <= 9421392))

table 8 : explain SELECT id, c FROM sbtest8 WHERE id BETWEEN 9421292 AND 9421392
	Index Scan using sbtest8_pkey on sbtest8  (cost=0.43..444.16 rows=112 width=125)
	  Index Cond: ((id >= 9421292) AND (id <= 9421392))

explain: for range-notcovered :: explain SELECT id, c FROM sbtest%d WHERE id BETWEEN 9421292 AND 9421392
explain: for range-notcovered :: explain SELECT id, c FROM sbtest%d WHERE id BETWEEN 2924772 AND 2924872
for range-notcovered
table 1 : explain SELECT id, c FROM sbtest1 WHERE id BETWEEN 5985075 AND 5985175
	Index Scan using sbtest1_pkey on sbtest1  (cost=0.43..385.91 rows=97 width=125)
	  Index Cond: ((id >= 5985075) AND (id <= 5985175))

table 2 : explain SELECT id, c FROM sbtest2 WHERE id BETWEEN 5985075 AND 5985175
	Index Scan using sbtest2_pkey on sbtest2  (cost=0.43..389.72 rows=98 width=125)
	  Index Cond: ((id >= 5985075) AND (id <= 5985175))

table 3 : explain SELECT id, c FROM sbtest3 WHERE id BETWEEN 5985075 AND 5985175
	Index Scan using sbtest3_pkey on sbtest3  (cost=0.43..416.47 rows=105 width=125)
	  Index Cond: ((id >= 5985075) AND (id <= 5985175))

table 4 : explain SELECT id, c FROM sbtest4 WHERE id BETWEEN 5985075 AND 5985175
	Index Scan using sbtest4_pkey on sbtest4  (cost=0.43..384.93 rows=97 width=125)
	  Index Cond: ((id >= 5985075) AND (id <= 5985175))

table 5 : explain SELECT id, c FROM sbtest5 WHERE id BETWEEN 5985075 AND 5985175
	Index Scan using sbtest5_pkey on sbtest5  (cost=0.43..377.08 rows=95 width=125)
	  Index Cond: ((id >= 5985075) AND (id <= 5985175))

table 6 : explain SELECT id, c FROM sbtest6 WHERE id BETWEEN 5985075 AND 5985175
	Index Scan using sbtest6_pkey on sbtest6  (cost=0.43..391.07 rows=99 width=125)
	  Index Cond: ((id >= 5985075) AND (id <= 5985175))

table 7 : explain SELECT id, c FROM sbtest7 WHERE id BETWEEN 5985075 AND 5985175
	Index Scan using sbtest7_pkey on sbtest7  (cost=0.43..394.16 rows=99 width=125)
	  Index Cond: ((id >= 5985075) AND (id <= 5985175))

table 8 : explain SELECT id, c FROM sbtest8 WHERE id BETWEEN 5985075 AND 5985175
	Index Scan using sbtest8_pkey on sbtest8  (cost=0.43..346.02 rows=87 width=125)
	  Index Cond: ((id >= 5985075) AND (id <= 5985175))

explain: for range-notcovered :: explain SELECT id, c FROM sbtest%d WHERE id BETWEEN 3480616 AND 3480716
for range-notcovered
table 1 : explain SELECT id, c FROM sbtest1 WHERE id BETWEEN 4288952 AND 4289052
	Index Scan using sbtest1_pkey on sbtest1  (cost=0.43..397.73 rows=100 width=125)
	  Index Cond: ((id >= 4288952) AND (id <= 4289052))

table 2 : explain SELECT id, c FROM sbtest2 WHERE id BETWEEN 4288952 AND 4289052
	Index Scan using sbtest2_pkey on sbtest2  (cost=0.43..397.60 rows=100 width=125)
	  Index Cond: ((id >= 4288952) AND (id <= 4289052))

table 3 : explain SELECT id, c FROM sbtest3 WHERE id BETWEEN 4288952 AND 4289052
	Index Scan using sbtest3_pkey on sbtest3  (cost=0.43..416.47 rows=105 width=125)
	  Index Cond: ((id >= 4288952) AND (id <= 4289052))

table 4 : explain SELECT id, c FROM sbtest4 WHERE id BETWEEN 4288952 AND 4289052
	Index Scan using sbtest4_pkey on sbtest4  (cost=0.43..373.17 rows=94 width=125)
	  Index Cond: ((id >= 4288952) AND (id <= 4289052))

table 5 : explain SELECT id, c FROM sbtest5 WHERE id BETWEEN 4288952 AND 4289052
	Index Scan using sbtest5_pkey on sbtest5  (cost=0.43..412.37 rows=104 width=125)
	  Index Cond: ((id >= 4288952) AND (id <= 4289052))

table 6 : explain SELECT id, c FROM sbtest6 WHERE id BETWEEN 4288952 AND 4289052
	Index Scan using sbtest6_pkey on sbtest6  (cost=0.43..410.59 rows=104 width=125)
	  Index Cond: ((id >= 4288952) AND (id <= 4289052))

table 7 : explain SELECT id, c FROM sbtest7 WHERE id BETWEEN 4288952 AND 4289052
	Index Scan using sbtest7_pkey on sbtest7  (cost=0.43..413.85 rows=104 width=125)
	  Index Cond: ((id >= 4288952) AND (id <= 4289052))

table 8 : explain SELECT id, c FROM sbtest8 WHERE id BETWEEN 4288952 AND 4289052
	Index Scan using sbtest8_pkey on sbtest8  (cost=0.43..389.21 rows=98 width=125)
	  Index Cond: ((id >= 4288952) AND (id <= 4289052))

for range-notcovered
table 1 : explain SELECT id, c FROM sbtest1 WHERE id BETWEEN 9421292 AND 9421392
	Index Scan using sbtest1_pkey on sbtest1  (cost=0.43..389.85 rows=98 width=125)
	  Index Cond: ((id >= 9421292) AND (id <= 9421392))

table 2 : explain SELECT id, c FROM sbtest2 WHERE id BETWEEN 9421292 AND 9421392
	Index Scan using sbtest2_pkey on sbtest2  (cost=0.43..389.72 rows=98 width=125)
	  Index Cond: ((id >= 9421292) AND (id <= 9421392))

table 3 : explain SELECT id, c FROM sbtest3 WHERE id BETWEEN 9421292 AND 9421392
	Index Scan using sbtest3_pkey on sbtest3  (cost=0.43..443.93 rows=112 width=125)
	  Index Cond: ((id >= 9421292) AND (id <= 9421392))

table 4 : explain SELECT id, c FROM sbtest4 WHERE id BETWEEN 9421292 AND 9421392
	Index Scan using sbtest4_pkey on sbtest4  (cost=0.43..424.14 rows=107 width=125)
	  Index Cond: ((id >= 9421292) AND (id <= 9421392))

table 5 : explain SELECT id, c FROM sbtest5 WHERE id BETWEEN 9421292 AND 9421392
	Index Scan using sbtest5_pkey on sbtest5  (cost=0.43..373.16 rows=94 width=125)
	  Index Cond: ((id >= 9421292) AND (id <= 9421392))

table 6 : explain SELECT id, c FROM sbtest6 WHERE id BETWEEN 9421292 AND 9421392
	Index Scan using sbtest6_pkey on sbtest6  (cost=0.43..410.59 rows=104 width=125)
	  Index Cond: ((id >= 9421292) AND (id <= 9421392))

table 7 : explain SELECT id, c FROM sbtest7 WHERE id BETWEEN 9421292 AND 9421392
	Index Scan using sbtest7_pkey on sbtest7  (cost=0.43..433.53 rows=109 width=125)
	  Index Cond: ((id >= 9421292) AND (id <= 9421392))

table 8 : explain SELECT id, c FROM sbtest8 WHERE id BETWEEN 9421292 AND 9421392
	Index Scan using sbtest8_pkey on sbtest8  (cost=0.43..444.16 rows=112 width=125)
	  Index Cond: ((id >= 9421292) AND (id <= 9421392))

explain: for range-notcovered :: explain SELECT id, c FROM sbtest%d WHERE id BETWEEN 4288952 AND 4289052
explain: for range-notcovered :: explain SELECT id, c FROM sbtest%d WHERE id BETWEEN 9421292 AND 9421392
explain: for range-notcovered :: explain SELECT id, c FROM sbtest%d WHERE id BETWEEN 6107031 AND 6107131
for range-notcovered
table 1 : explain SELECT id, c FROM sbtest1 WHERE id BETWEEN 5748088 AND 5748188
	Index Scan using sbtest1_pkey on sbtest1  (cost=0.43..370.19 rows=93 width=125)
	  Index Cond: ((id >= 5748088) AND (id <= 5748188))

table 2 : explain SELECT id, c FROM sbtest2 WHERE id BETWEEN 5748088 AND 5748188
	Index Scan using sbtest2_pkey on sbtest2  (cost=0.43..366.14 rows=92 width=125)
	  Index Cond: ((id >= 5748088) AND (id <= 5748188))

table 3 : explain SELECT id, c FROM sbtest3 WHERE id BETWEEN 5748088 AND 5748188
	Index Scan using sbtest3_pkey on sbtest3  (cost=0.43..443.93 rows=112 width=125)
	  Index Cond: ((id >= 5748088) AND (id <= 5748188))

table 4 : explain SELECT id, c FROM sbtest4 WHERE id BETWEEN 5748088 AND 5748188
	Index Scan using sbtest4_pkey on sbtest4  (cost=0.43..447.67 rows=113 width=125)
	  Index Cond: ((id >= 5748088) AND (id <= 5748188))

table 5 : explain SELECT id, c FROM sbtest5 WHERE id BETWEEN 5748088 AND 5748188
	Index Scan using sbtest5_pkey on sbtest5  (cost=0.43..416.29 rows=105 width=125)
	  Index Cond: ((id >= 5748088) AND (id <= 5748188))

table 6 : explain SELECT id, c FROM sbtest6 WHERE id BETWEEN 5748088 AND 5748188
	Index Scan using sbtest6_pkey on sbtest6  (cost=0.43..398.88 rows=101 width=125)
	  Index Cond: ((id >= 5748088) AND (id <= 5748188))

table 7 : explain SELECT id, c FROM sbtest7 WHERE id BETWEEN 5748088 AND 5748188
	Index Scan using sbtest7_pkey on sbtest7  (cost=0.43..413.85 rows=104 width=125)
	  Index Cond: ((id >= 5748088) AND (id <= 5748188))

table 8 : explain SELECT id, c FROM sbtest8 WHERE id BETWEEN 5748088 AND 5748188
	Index Scan using sbtest8_pkey on sbtest8  (cost=0.43..385.26 rows=97 width=125)
	  Index Cond: ((id >= 5748088) AND (id <= 5748188))

explain: for range-notcovered :: explain SELECT id, c FROM sbtest%d WHERE id BETWEEN 5748088 AND 5748188
for range-notcovered
table 1 : explain SELECT id, c FROM sbtest1 WHERE id BETWEEN 1164858 AND 1164958
	Index Scan using sbtest1_pkey on sbtest1  (cost=0.43..409.52 rows=103 width=125)
	  Index Cond: ((id >= 1164858) AND (id <= 1164958))

table 2 : explain SELECT id, c FROM sbtest2 WHERE id BETWEEN 1164858 AND 1164958
	Index Scan using sbtest2_pkey on sbtest2  (cost=0.43..409.39 rows=103 width=125)
	  Index Cond: ((id >= 1164858) AND (id <= 1164958))

table 3 : explain SELECT id, c FROM sbtest3 WHERE id BETWEEN 1164858 AND 1164958
	Index Scan using sbtest3_pkey on sbtest3  (cost=0.43..385.07 rows=97 width=125)
	  Index Cond: ((id >= 1164858) AND (id <= 1164958))

table 4 : explain SELECT id, c FROM sbtest4 WHERE id BETWEEN 1164858 AND 1164958
	Index Scan using sbtest4_pkey on sbtest4  (cost=0.43..451.59 rows=114 width=125)
	  Index Cond: ((id >= 1164858) AND (id <= 1164958))

table 5 : explain SELECT id, c FROM sbtest5 WHERE id BETWEEN 1164858 AND 1164958
	Index Scan using sbtest5_pkey on sbtest5  (cost=0.43..435.90 rows=110 width=125)
	  Index Cond: ((id >= 1164858) AND (id <= 1164958))

table 6 : explain SELECT id, c FROM sbtest6 WHERE id BETWEEN 1164858 AND 1164958
	Index Scan using sbtest6_pkey on sbtest6  (cost=0.43..422.30 rows=107 width=125)
	  Index Cond: ((id >= 1164858) AND (id <= 1164958))

table 7 : explain SELECT id, c FROM sbtest7 WHERE id BETWEEN 1164858 AND 1164958
	Index Scan using sbtest7_pkey on sbtest7  (cost=0.43..405.98 rows=102 width=125)
	  Index Cond: ((id >= 1164858) AND (id <= 1164958))

table 8 : explain SELECT id, c FROM sbtest8 WHERE id BETWEEN 1164858 AND 1164958
	Index Scan using sbtest8_pkey on sbtest8  (cost=0.43..408.84 rows=103 width=125)
	  Index Cond: ((id >= 1164858) AND (id <= 1164958))

for range-notcovered
table 1 : explain SELECT id, c FROM sbtest1 WHERE id BETWEEN 4288952 AND 4289052
	Index Scan using sbtest1_pkey on sbtest1  (cost=0.43..397.73 rows=100 width=125)
	  Index Cond: ((id >= 4288952) AND (id <= 4289052))

table 2 : explain SELECT id, c FROM sbtest2 WHERE id BETWEEN 4288952 AND 4289052
	Index Scan using sbtest2_pkey on sbtest2  (cost=0.43..397.60 rows=100 width=125)
	  Index Cond: ((id >= 4288952) AND (id <= 4289052))

table 3 : explain SELECT id, c FROM sbtest3 WHERE id BETWEEN 4288952 AND 4289052
	Index Scan using sbtest3_pkey on sbtest3  (cost=0.43..416.47 rows=105 width=125)
	  Index Cond: ((id >= 4288952) AND (id <= 4289052))

table 4 : explain SELECT id, c FROM sbtest4 WHERE id BETWEEN 4288952 AND 4289052
	Index Scan using sbtest4_pkey on sbtest4  (cost=0.43..373.17 rows=94 width=125)
	  Index Cond: ((id >= 4288952) AND (id <= 4289052))

table 5 : explain SELECT id, c FROM sbtest5 WHERE id BETWEEN 4288952 AND 4289052
	Index Scan using sbtest5_pkey on sbtest5  (cost=0.43..412.37 rows=104 width=125)
	  Index Cond: ((id >= 4288952) AND (id <= 4289052))

table 6 : explain SELECT id, c FROM sbtest6 WHERE id BETWEEN 4288952 AND 4289052
	Index Scan using sbtest6_pkey on sbtest6  (cost=0.43..410.59 rows=104 width=125)
	  Index Cond: ((id >= 4288952) AND (id <= 4289052))

table 7 : explain SELECT id, c FROM sbtest7 WHERE id BETWEEN 4288952 AND 4289052
	Index Scan using sbtest7_pkey on sbtest7  (cost=0.43..413.85 rows=104 width=125)
	  Index Cond: ((id >= 4288952) AND (id <= 4289052))

table 8 : explain SELECT id, c FROM sbtest8 WHERE id BETWEEN 4288952 AND 4289052
	Index Scan using sbtest8_pkey on sbtest8  (cost=0.43..389.21 rows=98 width=125)
	  Index Cond: ((id >= 4288952) AND (id <= 4289052))

explain: for range-notcovered :: explain SELECT id, c FROM sbtest%d WHERE id BETWEEN 1164858 AND 1164958
explain: for range-notcovered :: explain SELECT id, c FROM sbtest%d WHERE id BETWEEN 4288952 AND 4289052
for range-notcovered
table 1 : explain SELECT id, c FROM sbtest1 WHERE id BETWEEN 9421292 AND 9421392
	Index Scan using sbtest1_pkey on sbtest1  (cost=0.43..389.85 rows=98 width=125)
	  Index Cond: ((id >= 9421292) AND (id <= 9421392))

table 2 : explain SELECT id, c FROM sbtest2 WHERE id BETWEEN 9421292 AND 9421392
	Index Scan using sbtest2_pkey on sbtest2  (cost=0.43..389.72 rows=98 width=125)
	  Index Cond: ((id >= 9421292) AND (id <= 9421392))

table 3 : explain SELECT id, c FROM sbtest3 WHERE id BETWEEN 9421292 AND 9421392
	Index Scan using sbtest3_pkey on sbtest3  (cost=0.43..443.93 rows=112 width=125)
	  Index Cond: ((id >= 9421292) AND (id <= 9421392))

table 4 : explain SELECT id, c FROM sbtest4 WHERE id BETWEEN 9421292 AND 9421392
	Index Scan using sbtest4_pkey on sbtest4  (cost=0.43..424.14 rows=107 width=125)
	  Index Cond: ((id >= 9421292) AND (id <= 9421392))

table 5 : explain SELECT id, c FROM sbtest5 WHERE id BETWEEN 9421292 AND 9421392
	Index Scan using sbtest5_pkey on sbtest5  (cost=0.43..373.16 rows=94 width=125)
	  Index Cond: ((id >= 9421292) AND (id <= 9421392))

table 6 : explain SELECT id, c FROM sbtest6 WHERE id BETWEEN 9421292 AND 9421392
	Index Scan using sbtest6_pkey on sbtest6  (cost=0.43..410.59 rows=104 width=125)
	  Index Cond: ((id >= 9421292) AND (id <= 9421392))

table 7 : explain SELECT id, c FROM sbtest7 WHERE id BETWEEN 9421292 AND 9421392
	Index Scan using sbtest7_pkey on sbtest7  (cost=0.43..433.53 rows=109 width=125)
	  Index Cond: ((id >= 9421292) AND (id <= 9421392))

table 8 : explain SELECT id, c FROM sbtest8 WHERE id BETWEEN 9421292 AND 9421392
	Index Scan using sbtest8_pkey on sbtest8  (cost=0.43..444.16 rows=112 width=125)
	  Index Cond: ((id >= 9421292) AND (id <= 9421392))

explain: for range-notcovered :: explain SELECT id, c FROM sbtest%d WHERE id BETWEEN 3146289 AND 3146389for range-notcovered
table 1 : explain SELECT id, c FROM sbtest1 WHERE id BETWEEN 5748088 AND 5748188
	Index Scan using sbtest1_pkey on sbtest1  (cost=0.43..370.19 rows=93 width=125)
	  Index Cond: ((id >= 5748088) AND (id <= 5748188))

table 2 : explain SELECT id, c FROM sbtest2 WHERE id BETWEEN 5748088 AND 5748188
	Index Scan using sbtest2_pkey on sbtest2  (cost=0.43..366.14 rows=92 width=125)
	  Index Cond: ((id >= 5748088) AND (id <= 5748188))

table 3 : explain SELECT id, c FROM sbtest3 WHERE id BETWEEN 5748088 AND 5748188
	Index Scan using sbtest3_pkey on sbtest3  (cost=0.43..443.93 rows=112 width=125)
	  Index Cond: ((id >= 5748088) AND (id <= 5748188))

table 4 : explain SELECT id, c FROM sbtest4 WHERE id BETWEEN 5748088 AND 5748188
	Index Scan using sbtest4_pkey on sbtest4  (cost=0.43..447.67 rows=113 width=125)
	  Index Cond: ((id >= 5748088) AND (id <= 5748188))

table 5 : explain SELECT id, c FROM sbtest5 WHERE id BETWEEN 5748088 AND 5748188
	Index Scan using sbtest5_pkey on sbtest5  (cost=0.43..416.29 rows=105 width=125)
	  Index Cond: ((id >= 5748088) AND (id <= 5748188))

table 6 : explain SELECT id, c FROM sbtest6 WHERE id BETWEEN 5748088 AND 5748188
	Index Scan using sbtest6_pkey on sbtest6  (cost=0.43..398.88 rows=101 width=125)
	  Index Cond: ((id >= 5748088) AND (id <= 5748188))

table 7 : explain SELECT id, c FROM sbtest7 WHERE id BETWEEN 5748088 AND 5748188
	Index Scan using sbtest7_pkey on sbtest7  (cost=0.43..413.85 rows=104 width=125)
	  Index Cond: ((id >= 5748088) AND (id <= 5748188))

table 8 : explain SELECT id, c FROM sbtest8 WHERE id BETWEEN 5748088 AND 5748188
	Index Scan using sbtest8_pkey on sbtest8  (cost=0.43..385.26 rows=97 width=125)
	  Index Cond: ((id >= 5748088) AND (id <= 5748188))


explain: for range-notcovered :: explain SELECT id, c FROM sbtest%d WHERE id BETWEEN 5748088 AND 5748188
for range-notcovered
table 1 : explain SELECT id, c FROM sbtest1 WHERE id BETWEEN 1164858 AND 1164958
	Index Scan using sbtest1_pkey on sbtest1  (cost=0.43..409.52 rows=103 width=125)
	  Index Cond: ((id >= 1164858) AND (id <= 1164958))

table 2 : explain SELECT id, c FROM sbtest2 WHERE id BETWEEN 1164858 AND 1164958
	Index Scan using sbtest2_pkey on sbtest2  (cost=0.43..409.39 rows=103 width=125)
	  Index Cond: ((id >= 1164858) AND (id <= 1164958))

table 3 : explain SELECT id, c FROM sbtest3 WHERE id BETWEEN 1164858 AND 1164958
	Index Scan using sbtest3_pkey on sbtest3  (cost=0.43..385.07 rows=97 width=125)
	  Index Cond: ((id >= 1164858) AND (id <= 1164958))

table 4 : explain SELECT id, c FROM sbtest4 WHERE id BETWEEN 1164858 AND 1164958
	Index Scan using sbtest4_pkey on sbtest4  (cost=0.43..451.59 rows=114 width=125)
	  Index Cond: ((id >= 1164858) AND (id <= 1164958))

table 5 : explain SELECT id, c FROM sbtest5 WHERE id BETWEEN 1164858 AND 1164958
	Index Scan using sbtest5_pkey on sbtest5  (cost=0.43..435.90 rows=110 width=125)
	  Index Cond: ((id >= 1164858) AND (id <= 1164958))

table 6 : explain SELECT id, c FROM sbtest6 WHERE id BETWEEN 1164858 AND 1164958
	Index Scan using sbtest6_pkey on sbtest6  (cost=0.43..422.30 rows=107 width=125)
	  Index Cond: ((id >= 1164858) AND (id <= 1164958))

table 7 : explain SELECT id, c FROM sbtest7 WHERE id BETWEEN 1164858 AND 1164958
	Index Scan using sbtest7_pkey on sbtest7  (cost=0.43..405.98 rows=102 width=125)
	  Index Cond: ((id >= 1164858) AND (id <= 1164958))

table 8 : explain SELECT id, c FROM sbtest8 WHERE id BETWEEN 1164858 AND 1164958
	Index Scan using sbtest8_pkey on sbtest8  (cost=0.43..408.84 rows=103 width=125)
	  Index Cond: ((id >= 1164858) AND (id <= 1164958))

for range-notcovered
table 1 : explain SELECT id, c FROM sbtest1 WHERE id BETWEEN 4288952 AND 4289052
	Index Scan using sbtest1_pkey on sbtest1  (cost=0.43..397.73 rows=100 width=125)
	  Index Cond: ((id >= 4288952) AND (id <= 4289052))

table 2 : explain SELECT id, c FROM sbtest2 WHERE id BETWEEN 4288952 AND 4289052
	Index Scan using sbtest2_pkey on sbtest2  (cost=0.43..397.60 rows=100 width=125)
	  Index Cond: ((id >= 4288952) AND (id <= 4289052))

table 3 : explain SELECT id, c FROM sbtest3 WHERE id BETWEEN 4288952 AND 4289052
	Index Scan using sbtest3_pkey on sbtest3  (cost=0.43..416.47 rows=105 width=125)
	  Index Cond: ((id >= 4288952) AND (id <= 4289052))

table 4 : explain SELECT id, c FROM sbtest4 WHERE id BETWEEN 4288952 AND 4289052
	Index Scan using sbtest4_pkey on sbtest4  (cost=0.43..373.17 rows=94 width=125)
	  Index Cond: ((id >= 4288952) AND (id <= 4289052))

table 5 : explain SELECT id, c FROM sbtest5 WHERE id BETWEEN 4288952 AND 4289052
	Index Scan using sbtest5_pkey on sbtest5  (cost=0.43..412.37 rows=104 width=125)
	  Index Cond: ((id >= 4288952) AND (id <= 4289052))

table 6 : explain SELECT id, c FROM sbtest6 WHERE id BETWEEN 4288952 AND 4289052
	Index Scan using sbtest6_pkey on sbtest6  (cost=0.43..410.59 rows=104 width=125)
	  Index Cond: ((id >= 4288952) AND (id <= 4289052))

table 7 : explain SELECT id, c FROM sbtest7 WHERE id BETWEEN 4288952 AND 4289052
	Index Scan using sbtest7_pkey on sbtest7  (cost=0.43..413.85 rows=104 width=125)
	  Index Cond: ((id >= 4288952) AND (id <= 4289052))

table 8 : explain SELECT id, c FROM sbtest8 WHERE id BETWEEN 4288952 AND 4289052
	Index Scan using sbtest8_pkey on sbtest8  (cost=0.43..389.21 rows=98 width=125)
	  Index Cond: ((id >= 4288952) AND (id <= 4289052))

explain: for range-notcovered :: explain SELECT id, c FROM sbtest%d WHERE id BETWEEN 1164858 AND 1164958
explain: for range-notcovered :: explain SELECT id, c FROM sbtest%d WHERE id BETWEEN 4288952 AND 4289052
for range-notcovered
table 1 : explain SELECT id, c FROM sbtest1 WHERE id BETWEEN 5748088 AND 5748188
	Index Scan using sbtest1_pkey on sbtest1  (cost=0.43..370.19 rows=93 width=125)
	  Index Cond: ((id >= 5748088) AND (id <= 5748188))

table 2 : explain SELECT id, c FROM sbtest2 WHERE id BETWEEN 5748088 AND 5748188
	Index Scan using sbtest2_pkey on sbtest2  (cost=0.43..366.14 rows=92 width=125)
	  Index Cond: ((id >= 5748088) AND (id <= 5748188))

table 3 : explain SELECT id, c FROM sbtest3 WHERE id BETWEEN 5748088 AND 5748188
	Index Scan using sbtest3_pkey on sbtest3  (cost=0.43..443.93 rows=112 width=125)
	  Index Cond: ((id >= 5748088) AND (id <= 5748188))

table 4 : explain SELECT id, c FROM sbtest4 WHERE id BETWEEN 5748088 AND 5748188
	Index Scan using sbtest4_pkey on sbtest4  (cost=0.43..447.67 rows=113 width=125)
	  Index Cond: ((id >= 5748088) AND (id <= 5748188))

table 5 : explain SELECT id, c FROM sbtest5 WHERE id BETWEEN 5748088 AND 5748188
	Index Scan using sbtest5_pkey on sbtest5  (cost=0.43..416.29 rows=105 width=125)
	  Index Cond: ((id >= 5748088) AND (id <= 5748188))

table 6 : explain SELECT id, c FROM sbtest6 WHERE id BETWEEN 5748088 AND 5748188
	Index Scan using sbtest6_pkey on sbtest6  (cost=0.43..398.88 rows=101 width=125)
	  Index Cond: ((id >= 5748088) AND (id <= 5748188))

table 7 : explain SELECT id, c FROM sbtest7 WHERE id BETWEEN 5748088 AND 5748188
	Index Scan using sbtest7_pkey on sbtest7  (cost=0.43..413.85 rows=104 width=125)
	  Index Cond: ((id >= 5748088) AND (id <= 5748188))

table 8 : explain SELECT id, c FROM sbtest8 WHERE id BETWEEN 5748088 AND 5748188
	Index Scan using sbtest8_pkey on sbtest8  (cost=0.43..385.26 rows=97 width=125)
	  Index Cond: ((id >= 5748088) AND (id <= 5748188))

explain: for range-notcovered :: explain SELECT id, c FROM sbtest%d WHERE id BETWEEN 5748088 AND 5748188
explain: for range-notcovered :: explain SELECT id, c FROM sbtest%d WHERE id BETWEEN 7989946 AND 7990046
for range-notcovered
table 1 : explain SELECT id, c FROM sbtest1 WHERE id BETWEEN 1164858 AND 1164958
	Index Scan using sbtest1_pkey on sbtest1  (cost=0.43..409.52 rows=103 width=125)
	  Index Cond: ((id >= 1164858) AND (id <= 1164958))

table 2 : explain SELECT id, c FROM sbtest2 WHERE id BETWEEN 1164858 AND 1164958
	Index Scan using sbtest2_pkey on sbtest2  (cost=0.43..409.39 rows=103 width=125)
	  Index Cond: ((id >= 1164858) AND (id <= 1164958))

table 3 : explain SELECT id, c FROM sbtest3 WHERE id BETWEEN 1164858 AND 1164958
	Index Scan using sbtest3_pkey on sbtest3  (cost=0.43..385.07 rows=97 width=125)
	  Index Cond: ((id >= 1164858) AND (id <= 1164958))

table 4 : explain SELECT id, c FROM sbtest4 WHERE id BETWEEN 1164858 AND 1164958
	Index Scan using sbtest4_pkey on sbtest4  (cost=0.43..451.59 rows=114 width=125)
	  Index Cond: ((id >= 1164858) AND (id <= 1164958))

table 5 : explain SELECT id, c FROM sbtest5 WHERE id BETWEEN 1164858 AND 1164958
	Index Scan using sbtest5_pkey on sbtest5  (cost=0.43..435.90 rows=110 width=125)
	  Index Cond: ((id >= 1164858) AND (id <= 1164958))

table 6 : explain SELECT id, c FROM sbtest6 WHERE id BETWEEN 1164858 AND 1164958
	Index Scan using sbtest6_pkey on sbtest6  (cost=0.43..422.30 rows=107 width=125)
	  Index Cond: ((id >= 1164858) AND (id <= 1164958))

table 7 : explain SELECT id, c FROM sbtest7 WHERE id BETWEEN 1164858 AND 1164958
	Index Scan using sbtest7_pkey on sbtest7  (cost=0.43..405.98 rows=102 width=125)
	  Index Cond: ((id >= 1164858) AND (id <= 1164958))

table 8 : explain SELECT id, c FROM sbtest8 WHERE id BETWEEN 1164858 AND 1164958
	Index Scan using sbtest8_pkey on sbtest8  (cost=0.43..408.84 rows=103 width=125)
	  Index Cond: ((id >= 1164858) AND (id <= 1164958))

explain: for range-notcovered :: explain SELECT id, c FROM sbtest%d WHERE id BETWEEN 1164858 AND 1164958
for range-notcovered
table 1 : explain SELECT id, c FROM sbtest1 WHERE id BETWEEN 4288952 AND 4289052
	Index Scan using sbtest1_pkey on sbtest1  (cost=0.43..397.73 rows=100 width=125)
	  Index Cond: ((id >= 4288952) AND (id <= 4289052))

table 2 : explain SELECT id, c FROM sbtest2 WHERE id BETWEEN 4288952 AND 4289052
	Index Scan using sbtest2_pkey on sbtest2  (cost=0.43..397.60 rows=100 width=125)
	  Index Cond: ((id >= 4288952) AND (id <= 4289052))

table 3 : explain SELECT id, c FROM sbtest3 WHERE id BETWEEN 4288952 AND 4289052
	Index Scan using sbtest3_pkey on sbtest3  (cost=0.43..416.47 rows=105 width=125)
	  Index Cond: ((id >= 4288952) AND (id <= 4289052))

table 4 : explain SELECT id, c FROM sbtest4 WHERE id BETWEEN 4288952 AND 4289052
	Index Scan using sbtest4_pkey on sbtest4  (cost=0.43..373.17 rows=94 width=125)
	  Index Cond: ((id >= 4288952) AND (id <= 4289052))

table 5 : explain SELECT id, c FROM sbtest5 WHERE id BETWEEN 4288952 AND 4289052
	Index Scan using sbtest5_pkey on sbtest5  (cost=0.43..412.37 rows=104 width=125)
	  Index Cond: ((id >= 4288952) AND (id <= 4289052))

table 6 : explain SELECT id, c FROM sbtest6 WHERE id BETWEEN 4288952 AND 4289052
	Index Scan using sbtest6_pkey on sbtest6  (cost=0.43..410.59 rows=104 width=125)
	  Index Cond: ((id >= 4288952) AND (id <= 4289052))

table 7 : explain SELECT id, c FROM sbtest7 WHERE id BETWEEN 4288952 AND 4289052
	Index Scan using sbtest7_pkey on sbtest7  (cost=0.43..413.85 rows=104 width=125)
	  Index Cond: ((id >= 4288952) AND (id <= 4289052))

table 8 : explain SELECT id, c FROM sbtest8 WHERE id BETWEEN 4288952 AND 4289052
	Index Scan using sbtest8_pkey on sbtest8  (cost=0.43..389.21 rows=98 width=125)
	  Index Cond: ((id >= 4288952) AND (id <= 4289052))

explain: for range-notcovered :: explain SELECT id, c FROM sbtest%d WHERE id BETWEEN 4288952 AND 4289052
explain: for range-notcovered :: explain SELECT id, c FROM sbtest%d WHERE id BETWEEN 6597112 AND 6597212
for range-notcovered
table 1 : explain SELECT id, c FROM sbtest1 WHERE id BETWEEN 5748088 AND 5748188
	Index Scan using sbtest1_pkey on sbtest1  (cost=0.43..370.19 rows=93 width=125)
	  Index Cond: ((id >= 5748088) AND (id <= 5748188))

table 2 : explain SELECT id, c FROM sbtest2 WHERE id BETWEEN 5748088 AND 5748188
	Index Scan using sbtest2_pkey on sbtest2  (cost=0.43..366.14 rows=92 width=125)
	  Index Cond: ((id >= 5748088) AND (id <= 5748188))

table 3 : explain SELECT id, c FROM sbtest3 WHERE id BETWEEN 5748088 AND 5748188
	Index Scan using sbtest3_pkey on sbtest3  (cost=0.43..443.93 rows=112 width=125)
	  Index Cond: ((id >= 5748088) AND (id <= 5748188))

table 4 : explain SELECT id, c FROM sbtest4 WHERE id BETWEEN 5748088 AND 5748188
	Index Scan using sbtest4_pkey on sbtest4  (cost=0.43..447.67 rows=113 width=125)
	  Index Cond: ((id >= 5748088) AND (id <= 5748188))

table 5 : explain SELECT id, c FROM sbtest5 WHERE id BETWEEN 5748088 AND 5748188
	Index Scan using sbtest5_pkey on sbtest5  (cost=0.43..416.29 rows=105 width=125)
	  Index Cond: ((id >= 5748088) AND (id <= 5748188))

table 6 : explain SELECT id, c FROM sbtest6 WHERE id BETWEEN 5748088 AND 5748188
	Index Scan using sbtest6_pkey on sbtest6  (cost=0.43..398.88 rows=101 width=125)
	  Index Cond: ((id >= 5748088) AND (id <= 5748188))

table 7 : explain SELECT id, c FROM sbtest7 WHERE id BETWEEN 5748088 AND 5748188
	Index Scan using sbtest7_pkey on sbtest7  (cost=0.43..413.85 rows=104 width=125)
	  Index Cond: ((id >= 5748088) AND (id <= 5748188))

table 8 : explain SELECT id, c FROM sbtest8 WHERE id BETWEEN 5748088 AND 5748188
	Index Scan using sbtest8_pkey on sbtest8  (cost=0.43..385.26 rows=97 width=125)
	  Index Cond: ((id >= 5748088) AND (id <= 5748188))

explain: for range-notcovered :: explain SELECT id, c FROM sbtest%d WHERE id BETWEEN 5748088 AND 5748188
for range-notcovered
table 1 : explain SELECT id, c FROM sbtest1 WHERE id BETWEEN 2924772 AND 2924872
	Index Scan using sbtest1_pkey on sbtest1  (cost=0.43..393.80 rows=99 width=125)
	  Index Cond: ((id >= 2924772) AND (id <= 2924872))

table 2 : explain SELECT id, c FROM sbtest2 WHERE id BETWEEN 2924772 AND 2924872
	Index Scan using sbtest2_pkey on sbtest2  (cost=0.43..397.60 rows=100 width=125)
	  Index Cond: ((id >= 2924772) AND (id <= 2924872))

table 3 : explain SELECT id, c FROM sbtest3 WHERE id BETWEEN 2924772 AND 2924872
	Index Scan using sbtest3_pkey on sbtest3  (cost=0.43..385.07 rows=97 width=125)
	  Index Cond: ((id >= 2924772) AND (id <= 2924872))

table 4 : explain SELECT id, c FROM sbtest4 WHERE id BETWEEN 2924772 AND 2924872
	Index Scan using sbtest4_pkey on sbtest4  (cost=0.43..400.62 rows=101 width=125)
	  Index Cond: ((id >= 2924772) AND (id <= 2924872))

table 5 : explain SELECT id, c FROM sbtest5 WHERE id BETWEEN 2924772 AND 2924872
	Index Scan using sbtest5_pkey on sbtest5  (cost=0.43..396.69 rows=100 width=125)
	  Index Cond: ((id >= 2924772) AND (id <= 2924872))

table 6 : explain SELECT id, c FROM sbtest6 WHERE id BETWEEN 2924772 AND 2924872
	Index Scan using sbtest6_pkey on sbtest6  (cost=0.43..375.43 rows=95 width=125)
	  Index Cond: ((id >= 2924772) AND (id <= 2924872))

table 7 : explain SELECT id, c FROM sbtest7 WHERE id BETWEEN 2924772 AND 2924872
	Index Scan using sbtest7_pkey on sbtest7  (cost=0.43..437.46 rows=110 width=125)
	  Index Cond: ((id >= 2924772) AND (id <= 2924872))

table 8 : explain SELECT id, c FROM sbtest8 WHERE id BETWEEN 2924772 AND 2924872
	Index Scan using sbtest8_pkey on sbtest8  (cost=0.43..349.94 rows=88 width=125)
	  Index Cond: ((id >= 2924772) AND (id <= 2924872))

for range-notcovered
table 1 : explain SELECT id, c FROM sbtest1 WHERE id BETWEEN 3480616 AND 3480716
	Index Scan using sbtest1_pkey on sbtest1  (cost=0.43..385.91 rows=97 width=125)
	  Index Cond: ((id >= 3480616) AND (id <= 3480716))

table 2 : explain SELECT id, c FROM sbtest2 WHERE id BETWEEN 3480616 AND 3480716
	Index Scan using sbtest2_pkey on sbtest2  (cost=0.43..432.97 rows=109 width=125)
	  Index Cond: ((id >= 3480616) AND (id <= 3480716))

table 3 : explain SELECT id, c FROM sbtest3 WHERE id BETWEEN 3480616 AND 3480716
	Index Scan using sbtest3_pkey on sbtest3  (cost=0.43..392.94 rows=99 width=125)
	  Index Cond: ((id >= 3480616) AND (id <= 3480716))

table 4 : explain SELECT id, c FROM sbtest4 WHERE id BETWEEN 3480616 AND 3480716
	Index Scan using sbtest4_pkey on sbtest4  (cost=0.43..431.98 rows=109 width=125)
	  Index Cond: ((id >= 3480616) AND (id <= 3480716))

table 5 : explain SELECT id, c FROM sbtest5 WHERE id BETWEEN 3480616 AND 3480716
	Index Scan using sbtest5_pkey on sbtest5  (cost=0.43..384.93 rows=97 width=125)
	  Index Cond: ((id >= 3480616) AND (id <= 3480716))

table 6 : explain SELECT id, c FROM sbtest6 WHERE id BETWEEN 3480616 AND 3480716
	Index Scan using sbtest6_pkey on sbtest6  (cost=0.43..398.88 rows=101 width=125)
	  Index Cond: ((id >= 3480616) AND (id <= 3480716))

table 7 : explain SELECT id, c FROM sbtest7 WHERE id BETWEEN 3480616 AND 3480716
	Index Scan using sbtest7_pkey on sbtest7  (cost=0.43..382.35 rows=96 width=125)
	  Index Cond: ((id >= 3480616) AND (id <= 3480716))

table 8 : explain SELECT id, c FROM sbtest8 WHERE id BETWEEN 3480616 AND 3480716
	Index Scan using sbtest8_pkey on sbtest8  (cost=0.43..373.49 rows=94 width=125)
	  Index Cond: ((id >= 3480616) AND (id <= 3480716))

explain: for range-notcovered :: explain SELECT id, c FROM sbtest%d WHERE id BETWEEN 2924772 AND 2924872
for range-notcovered
table 1 : explain SELECT id, c FROM sbtest1 WHERE id BETWEEN 1164858 AND 1164958
	Index Scan using sbtest1_pkey on sbtest1  (cost=0.43..409.52 rows=103 width=125)
	  Index Cond: ((id >= 1164858) AND (id <= 1164958))

table 2 : explain SELECT id, c FROM sbtest2 WHERE id BETWEEN 1164858 AND 1164958
	Index Scan using sbtest2_pkey on sbtest2  (cost=0.43..409.39 rows=103 width=125)
	  Index Cond: ((id >= 1164858) AND (id <= 1164958))

table 3 : explain SELECT id, c FROM sbtest3 WHERE id BETWEEN 1164858 AND 1164958
	Index Scan using sbtest3_pkey on sbtest3  (cost=0.43..385.07 rows=97 width=125)
	  Index Cond: ((id >= 1164858) AND (id <= 1164958))

table 4 : explain SELECT id, c FROM sbtest4 WHERE id BETWEEN 1164858 AND 1164958
	Index Scan using sbtest4_pkey on sbtest4  (cost=0.43..451.59 rows=114 width=125)
	  Index Cond: ((id >= 1164858) AND (id <= 1164958))

table 5 : explain SELECT id, c FROM sbtest5 WHERE id BETWEEN 1164858 AND 1164958
	Index Scan using sbtest5_pkey on sbtest5  (cost=0.43..435.90 rows=110 width=125)
	  Index Cond: ((id >= 1164858) AND (id <= 1164958))

table 6 : explain SELECT id, c FROM sbtest6 WHERE id BETWEEN 1164858 AND 1164958
	Index Scan using sbtest6_pkey on sbtest6  (cost=0.43..422.30 rows=107 width=125)
	  Index Cond: ((id >= 1164858) AND (id <= 1164958))

table 7 : explain SELECT id, c FROM sbtest7 WHERE id BETWEEN 1164858 AND 1164958
	Index Scan using sbtest7_pkey on sbtest7  (cost=0.43..405.98 rows=102 width=125)
	  Index Cond: ((id >= 1164858) AND (id <= 1164958))

table 8 : explain SELECT id, c FROM sbtest8 WHERE id BETWEEN 1164858 AND 1164958
	Index Scan using sbtest8_pkey on sbtest8  (cost=0.43..408.84 rows=103 width=125)
	  Index Cond: ((id >= 1164858) AND (id <= 1164958))

explain: for range-notcovered :: explain SELECT id, c FROM sbtest%d WHERE id BETWEEN 3480616 AND 3480716
explain: for range-notcovered :: explain SELECT id, c FROM sbtest%d WHERE id BETWEEN 1164858 AND 1164958
for range-notcovered
table 1 : explain SELECT id, c FROM sbtest1 WHERE id BETWEEN 6107031 AND 6107131
	Index Scan using sbtest1_pkey on sbtest1  (cost=0.43..358.39 rows=90 width=125)
	  Index Cond: ((id >= 6107031) AND (id <= 6107131))

table 2 : explain SELECT id, c FROM sbtest2 WHERE id BETWEEN 6107031 AND 6107131
	Index Scan using sbtest2_pkey on sbtest2  (cost=0.43..405.46 rows=102 width=125)
	  Index Cond: ((id >= 6107031) AND (id <= 6107131))

table 3 : explain SELECT id, c FROM sbtest3 WHERE id BETWEEN 6107031 AND 6107131
	Index Scan using sbtest3_pkey on sbtest3  (cost=0.43..420.39 rows=106 width=125)
	  Index Cond: ((id >= 6107031) AND (id <= 6107131))

table 4 : explain SELECT id, c FROM sbtest4 WHERE id BETWEEN 6107031 AND 6107131
	Index Scan using sbtest4_pkey on sbtest4  (cost=0.43..420.22 rows=106 width=125)
	  Index Cond: ((id >= 6107031) AND (id <= 6107131))

table 5 : explain SELECT id, c FROM sbtest5 WHERE id BETWEEN 6107031 AND 6107131
	Index Scan using sbtest5_pkey on sbtest5  (cost=0.43..400.61 rows=101 width=125)
	  Index Cond: ((id >= 6107031) AND (id <= 6107131))

table 6 : explain SELECT id, c FROM sbtest6 WHERE id BETWEEN 6107031 AND 6107131
	Index Scan using sbtest6_pkey on sbtest6  (cost=0.43..371.52 rows=94 width=125)
	  Index Cond: ((id >= 6107031) AND (id <= 6107131))

table 7 : explain SELECT id, c FROM sbtest7 WHERE id BETWEEN 6107031 AND 6107131
	Index Scan using sbtest7_pkey on sbtest7  (cost=0.43..382.35 rows=96 width=125)
	  Index Cond: ((id >= 6107031) AND (id <= 6107131))

table 8 : explain SELECT id, c FROM sbtest8 WHERE id BETWEEN 6107031 AND 6107131
	Index Scan using sbtest8_pkey on sbtest8  (cost=0.43..397.06 rows=100 width=125)
	  Index Cond: ((id >= 6107031) AND (id <= 6107131))

explain: for range-notcovered :: explain SELECT id, c FROM sbtest%d WHERE id BETWEEN 6107031 AND 6107131
for range-notcovered
table 1 : explain SELECT id, c FROM sbtest1 WHERE id BETWEEN 5748088 AND 5748188
	Index Scan using sbtest1_pkey on sbtest1  (cost=0.43..370.19 rows=93 width=125)
	  Index Cond: ((id >= 5748088) AND (id <= 5748188))

table 2 : explain SELECT id, c FROM sbtest2 WHERE id BETWEEN 5748088 AND 5748188
	Index Scan using sbtest2_pkey on sbtest2  (cost=0.43..366.14 rows=92 width=125)
	  Index Cond: ((id >= 5748088) AND (id <= 5748188))

table 3 : explain SELECT id, c FROM sbtest3 WHERE id BETWEEN 5748088 AND 5748188
	Index Scan using sbtest3_pkey on sbtest3  (cost=0.43..443.93 rows=112 width=125)
	  Index Cond: ((id >= 5748088) AND (id <= 5748188))

table 4 : explain SELECT id, c FROM sbtest4 WHERE id BETWEEN 5748088 AND 5748188
	Index Scan using sbtest4_pkey on sbtest4  (cost=0.43..447.67 rows=113 width=125)
	  Index Cond: ((id >= 5748088) AND (id <= 5748188))

table 5 : explain SELECT id, c FROM sbtest5 WHERE id BETWEEN 5748088 AND 5748188
	Index Scan using sbtest5_pkey on sbtest5  (cost=0.43..416.29 rows=105 width=125)
	  Index Cond: ((id >= 5748088) AND (id <= 5748188))

table 6 : explain SELECT id, c FROM sbtest6 WHERE id BETWEEN 5748088 AND 5748188
	Index Scan using sbtest6_pkey on sbtest6  (cost=0.43..398.88 rows=101 width=125)
	  Index Cond: ((id >= 5748088) AND (id <= 5748188))

table 7 : explain SELECT id, c FROM sbtest7 WHERE id BETWEEN 5748088 AND 5748188
	Index Scan using sbtest7_pkey on sbtest7  (cost=0.43..413.85 rows=104 width=125)
	  Index Cond: ((id >= 5748088) AND (id <= 5748188))

table 8 : explain SELECT id, c FROM sbtest8 WHERE id BETWEEN 5748088 AND 5748188
	Index Scan using sbtest8_pkey on sbtest8  (cost=0.43..385.26 rows=97 width=125)
	  Index Cond: ((id >= 5748088) AND (id <= 5748188))

explain: for range-notcovered :: explain SELECT id, c FROM sbtest%d WHERE id BETWEEN 5748088 AND 5748188
for range-notcovered
table 1 : explain SELECT id, c FROM sbtest1 WHERE id BETWEEN 2924772 AND 2924872
	Index Scan using sbtest1_pkey on sbtest1  (cost=0.43..393.80 rows=99 width=125)
	  Index Cond: ((id >= 2924772) AND (id <= 2924872))

table 2 : explain SELECT id, c FROM sbtest2 WHERE id BETWEEN 2924772 AND 2924872
	Index Scan using sbtest2_pkey on sbtest2  (cost=0.43..397.60 rows=100 width=125)
	  Index Cond: ((id >= 2924772) AND (id <= 2924872))

table 3 : explain SELECT id, c FROM sbtest3 WHERE id BETWEEN 2924772 AND 2924872
	Index Scan using sbtest3_pkey on sbtest3  (cost=0.43..385.07 rows=97 width=125)
	  Index Cond: ((id >= 2924772) AND (id <= 2924872))

table 4 : explain SELECT id, c FROM sbtest4 WHERE id BETWEEN 2924772 AND 2924872
	Index Scan using sbtest4_pkey on sbtest4  (cost=0.43..400.62 rows=101 width=125)
	  Index Cond: ((id >= 2924772) AND (id <= 2924872))

table 5 : explain SELECT id, c FROM sbtest5 WHERE id BETWEEN 2924772 AND 2924872
	Index Scan using sbtest5_pkey on sbtest5  (cost=0.43..396.69 rows=100 width=125)
	  Index Cond: ((id >= 2924772) AND (id <= 2924872))

table 6 : explain SELECT id, c FROM sbtest6 WHERE id BETWEEN 2924772 AND 2924872
	Index Scan using sbtest6_pkey on sbtest6  (cost=0.43..375.43 rows=95 width=125)
	  Index Cond: ((id >= 2924772) AND (id <= 2924872))

table 7 : explain SELECT id, c FROM sbtest7 WHERE id BETWEEN 2924772 AND 2924872
	Index Scan using sbtest7_pkey on sbtest7  (cost=0.43..437.46 rows=110 width=125)
	  Index Cond: ((id >= 2924772) AND (id <= 2924872))

table 8 : explain SELECT id, c FROM sbtest8 WHERE id BETWEEN 2924772 AND 2924872
	Index Scan using sbtest8_pkey on sbtest8  (cost=0.43..349.94 rows=88 width=125)
	  Index Cond: ((id >= 2924772) AND (id <= 2924872))

for range-notcovered
table 1 : explain SELECT id, c FROM sbtest1 WHERE id BETWEEN 1164858 AND 1164958
	Index Scan using sbtest1_pkey on sbtest1  (cost=0.43..409.52 rows=103 width=125)
	  Index Cond: ((id >= 1164858) AND (id <= 1164958))

table 2 : explain SELECT id, c FROM sbtest2 WHERE id BETWEEN 1164858 AND 1164958
	Index Scan using sbtest2_pkey on sbtest2  (cost=0.43..409.39 rows=103 width=125)
	  Index Cond: ((id >= 1164858) AND (id <= 1164958))

table 3 : explain SELECT id, c FROM sbtest3 WHERE id BETWEEN 1164858 AND 1164958
	Index Scan using sbtest3_pkey on sbtest3  (cost=0.43..385.07 rows=97 width=125)
	  Index Cond: ((id >= 1164858) AND (id <= 1164958))

table 4 : explain SELECT id, c FROM sbtest4 WHERE id BETWEEN 1164858 AND 1164958
	Index Scan using sbtest4_pkey on sbtest4  (cost=0.43..451.59 rows=114 width=125)
	  Index Cond: ((id >= 1164858) AND (id <= 1164958))

table 5 : explain SELECT id, c FROM sbtest5 WHERE id BETWEEN 1164858 AND 1164958
	Index Scan using sbtest5_pkey on sbtest5  (cost=0.43..435.90 rows=110 width=125)
	  Index Cond: ((id >= 1164858) AND (id <= 1164958))

table 6 : explain SELECT id, c FROM sbtest6 WHERE id BETWEEN 1164858 AND 1164958
	Index Scan using sbtest6_pkey on sbtest6  (cost=0.43..422.30 rows=107 width=125)
	  Index Cond: ((id >= 1164858) AND (id <= 1164958))

table 7 : explain SELECT id, c FROM sbtest7 WHERE id BETWEEN 1164858 AND 1164958
	Index Scan using sbtest7_pkey on sbtest7  (cost=0.43..405.98 rows=102 width=125)
	  Index Cond: ((id >= 1164858) AND (id <= 1164958))

table 8 : explain SELECT id, c FROM sbtest8 WHERE id BETWEEN 1164858 AND 1164958
	Index Scan using sbtest8_pkey on sbtest8  (cost=0.43..408.84 rows=103 width=125)
	  Index Cond: ((id >= 1164858) AND (id <= 1164958))

explain: for range-notcovered :: explain SELECT id, c FROM sbtest%d WHERE id BETWEEN 2924772 AND 2924872
for range-notcovered
table 1 : explain SELECT id, c FROM sbtest1 WHERE id BETWEEN 3480616 AND 3480716
	Index Scan using sbtest1_pkey on sbtest1  (cost=0.43..385.91 rows=97 width=125)
	  Index Cond: ((id >= 3480616) AND (id <= 3480716))

table 2 : explain SELECT id, c FROM sbtest2 WHERE id BETWEEN 3480616 AND 3480716
	Index Scan using sbtest2_pkey on sbtest2  (cost=0.43..432.97 rows=109 width=125)
	  Index Cond: ((id >= 3480616) AND (id <= 3480716))

table 3 : explain SELECT id, c FROM sbtest3 WHERE id BETWEEN 3480616 AND 3480716
	Index Scan using sbtest3_pkey on sbtest3  (cost=0.43..392.94 rows=99 width=125)
	  Index Cond: ((id >= 3480616) AND (id <= 3480716))

table 4 : explain SELECT id, c FROM sbtest4 WHERE id BETWEEN 3480616 AND 3480716
	Index Scan using sbtest4_pkey on sbtest4  (cost=0.43..431.98 rows=109 width=125)
	  Index Cond: ((id >= 3480616) AND (id <= 3480716))

table 5 : explain SELECT id, c FROM sbtest5 WHERE id BETWEEN 3480616 AND 3480716
	Index Scan using sbtest5_pkey on sbtest5  (cost=0.43..384.93 rows=97 width=125)
	  Index Cond: ((id >= 3480616) AND (id <= 3480716))

table 6 : explain SELECT id, c FROM sbtest6 WHERE id BETWEEN 3480616 AND 3480716
	Index Scan using sbtest6_pkey on sbtest6  (cost=0.43..398.88 rows=101 width=125)
	  Index Cond: ((id >= 3480616) AND (id <= 3480716))

table 7 : explain SELECT id, c FROM sbtest7 WHERE id BETWEEN 3480616 AND 3480716
	Index Scan using sbtest7_pkey on sbtest7  (cost=0.43..382.35 rows=96 width=125)
	  Index Cond: ((id >= 3480616) AND (id <= 3480716))

table 8 : explain SELECT id, c FROM sbtest8 WHERE id BETWEEN 3480616 AND 3480716
	Index Scan using sbtest8_pkey on sbtest8  (cost=0.43..373.49 rows=94 width=125)
	  Index Cond: ((id >= 3480616) AND (id <= 3480716))

explain: for range-notcovered :: explain SELECT id, c FROM sbtest%d WHERE id BETWEEN 1164858 AND 1164958
explain: for range-notcovered :: explain SELECT id, c FROM sbtest%d WHERE id BETWEEN 3480616 AND 3480716
for range-notcovered
table 1 : explain SELECT id, c FROM sbtest1 WHERE id BETWEEN 6107031 AND 6107131
	Index Scan using sbtest1_pkey on sbtest1  (cost=0.43..358.39 rows=90 width=125)
	  Index Cond: ((id >= 6107031) AND (id <= 6107131))

table 2 : explain SELECT id, c FROM sbtest2 WHERE id BETWEEN 6107031 AND 6107131
	Index Scan using sbtest2_pkey on sbtest2  (cost=0.43..405.46 rows=102 width=125)
	  Index Cond: ((id >= 6107031) AND (id <= 6107131))

table 3 : explain SELECT id, c FROM sbtest3 WHERE id BETWEEN 6107031 AND 6107131
	Index Scan using sbtest3_pkey on sbtest3  (cost=0.43..420.39 rows=106 width=125)
	  Index Cond: ((id >= 6107031) AND (id <= 6107131))

table 4 : explain SELECT id, c FROM sbtest4 WHERE id BETWEEN 6107031 AND 6107131
	Index Scan using sbtest4_pkey on sbtest4  (cost=0.43..420.22 rows=106 width=125)
	  Index Cond: ((id >= 6107031) AND (id <= 6107131))

table 5 : explain SELECT id, c FROM sbtest5 WHERE id BETWEEN 6107031 AND 6107131
	Index Scan using sbtest5_pkey on sbtest5  (cost=0.43..400.61 rows=101 width=125)
	  Index Cond: ((id >= 6107031) AND (id <= 6107131))

table 6 : explain SELECT id, c FROM sbtest6 WHERE id BETWEEN 6107031 AND 6107131
	Index Scan using sbtest6_pkey on sbtest6  (cost=0.43..371.52 rows=94 width=125)
	  Index Cond: ((id >= 6107031) AND (id <= 6107131))

table 7 : explain SELECT id, c FROM sbtest7 WHERE id BETWEEN 6107031 AND 6107131
	Index Scan using sbtest7_pkey on sbtest7  (cost=0.43..382.35 rows=96 width=125)
	  Index Cond: ((id >= 6107031) AND (id <= 6107131))

table 8 : explain SELECT id, c FROM sbtest8 WHERE id BETWEEN 6107031 AND 6107131
	Index Scan using sbtest8_pkey on sbtest8  (cost=0.43..397.06 rows=100 width=125)
	  Index Cond: ((id >= 6107031) AND (id <= 6107131))

explain: for range-notcovered :: explain SELECT id, c FROM sbtest%d WHERE id BETWEEN 6107031 AND 6107131
explain: for range-notcovered :: explain SELECT id, c FROM sbtest%d WHERE id BETWEEN 6229437 AND 6229537
for range-notcovered
table 1 : explain SELECT id, c FROM sbtest1 WHERE id BETWEEN 2924772 AND 2924872
	Index Scan using sbtest1_pkey on sbtest1  (cost=0.43..393.80 rows=99 width=125)
	  Index Cond: ((id >= 2924772) AND (id <= 2924872))

table 2 : explain SELECT id, c FROM sbtest2 WHERE id BETWEEN 2924772 AND 2924872
	Index Scan using sbtest2_pkey on sbtest2  (cost=0.43..397.60 rows=100 width=125)
	  Index Cond: ((id >= 2924772) AND (id <= 2924872))

table 3 : explain SELECT id, c FROM sbtest3 WHERE id BETWEEN 2924772 AND 2924872
	Index Scan using sbtest3_pkey on sbtest3  (cost=0.43..385.07 rows=97 width=125)
	  Index Cond: ((id >= 2924772) AND (id <= 2924872))

table 4 : explain SELECT id, c FROM sbtest4 WHERE id BETWEEN 2924772 AND 2924872
	Index Scan using sbtest4_pkey on sbtest4  (cost=0.43..400.62 rows=101 width=125)
	  Index Cond: ((id >= 2924772) AND (id <= 2924872))

table 5 : explain SELECT id, c FROM sbtest5 WHERE id BETWEEN 2924772 AND 2924872
	Index Scan using sbtest5_pkey on sbtest5  (cost=0.43..396.69 rows=100 width=125)
	  Index Cond: ((id >= 2924772) AND (id <= 2924872))

table 6 : explain SELECT id, c FROM sbtest6 WHERE id BETWEEN 2924772 AND 2924872
	Index Scan using sbtest6_pkey on sbtest6  (cost=0.43..375.43 rows=95 width=125)
	  Index Cond: ((id >= 2924772) AND (id <= 2924872))

table 7 : explain SELECT id, c FROM sbtest7 WHERE id BETWEEN 2924772 AND 2924872
	Index Scan using sbtest7_pkey on sbtest7  (cost=0.43..437.46 rows=110 width=125)
	  Index Cond: ((id >= 2924772) AND (id <= 2924872))

table 8 : explain SELECT id, c FROM sbtest8 WHERE id BETWEEN 2924772 AND 2924872
	Index Scan using sbtest8_pkey on sbtest8  (cost=0.43..349.94 rows=88 width=125)
	  Index Cond: ((id >= 2924772) AND (id <= 2924872))

explain: for range-notcovered :: explain SELECT id, c FROM sbtest%d WHERE id BETWEEN 2924772 AND 2924872
for range-notcovered
table 1 : explain SELECT id, c FROM sbtest1 WHERE id BETWEEN 1164858 AND 1164958
	Index Scan using sbtest1_pkey on sbtest1  (cost=0.43..409.52 rows=103 width=125)
	  Index Cond: ((id >= 1164858) AND (id <= 1164958))

table 2 : explain SELECT id, c FROM sbtest2 WHERE id BETWEEN 1164858 AND 1164958
	Index Scan using sbtest2_pkey on sbtest2  (cost=0.43..409.39 rows=103 width=125)
	  Index Cond: ((id >= 1164858) AND (id <= 1164958))

table 3 : explain SELECT id, c FROM sbtest3 WHERE id BETWEEN 1164858 AND 1164958
	Index Scan using sbtest3_pkey on sbtest3  (cost=0.43..385.07 rows=97 width=125)
	  Index Cond: ((id >= 1164858) AND (id <= 1164958))

table 4 : explain SELECT id, c FROM sbtest4 WHERE id BETWEEN 1164858 AND 1164958
	Index Scan using sbtest4_pkey on sbtest4  (cost=0.43..451.59 rows=114 width=125)
	  Index Cond: ((id >= 1164858) AND (id <= 1164958))

table 5 : explain SELECT id, c FROM sbtest5 WHERE id BETWEEN 1164858 AND 1164958
	Index Scan using sbtest5_pkey on sbtest5  (cost=0.43..435.90 rows=110 width=125)
	  Index Cond: ((id >= 1164858) AND (id <= 1164958))

table 6 : explain SELECT id, c FROM sbtest6 WHERE id BETWEEN 1164858 AND 1164958
	Index Scan using sbtest6_pkey on sbtest6  (cost=0.43..422.30 rows=107 width=125)
	  Index Cond: ((id >= 1164858) AND (id <= 1164958))

table 7 : explain SELECT id, c FROM sbtest7 WHERE id BETWEEN 1164858 AND 1164958
	Index Scan using sbtest7_pkey on sbtest7  (cost=0.43..405.98 rows=102 width=125)
	  Index Cond: ((id >= 1164858) AND (id <= 1164958))

table 8 : explain SELECT id, c FROM sbtest8 WHERE id BETWEEN 1164858 AND 1164958
	Index Scan using sbtest8_pkey on sbtest8  (cost=0.43..408.84 rows=103 width=125)
	  Index Cond: ((id >= 1164858) AND (id <= 1164958))

for range-notcovered
table 1 : explain SELECT id, c FROM sbtest1 WHERE id BETWEEN 3480616 AND 3480716
	Index Scan using sbtest1_pkey on sbtest1  (cost=0.43..385.91 rows=97 width=125)
	  Index Cond: ((id >= 3480616) AND (id <= 3480716))

table 2 : explain SELECT id, c FROM sbtest2 WHERE id BETWEEN 3480616 AND 3480716
	Index Scan using sbtest2_pkey on sbtest2  (cost=0.43..432.97 rows=109 width=125)
	  Index Cond: ((id >= 3480616) AND (id <= 3480716))

table 3 : explain SELECT id, c FROM sbtest3 WHERE id BETWEEN 3480616 AND 3480716
	Index Scan using sbtest3_pkey on sbtest3  (cost=0.43..392.94 rows=99 width=125)
	  Index Cond: ((id >= 3480616) AND (id <= 3480716))

table 4 : explain SELECT id, c FROM sbtest4 WHERE id BETWEEN 3480616 AND 3480716
	Index Scan using sbtest4_pkey on sbtest4  (cost=0.43..431.98 rows=109 width=125)
	  Index Cond: ((id >= 3480616) AND (id <= 3480716))

table 5 : explain SELECT id, c FROM sbtest5 WHERE id BETWEEN 3480616 AND 3480716
	Index Scan using sbtest5_pkey on sbtest5  (cost=0.43..384.93 rows=97 width=125)
	  Index Cond: ((id >= 3480616) AND (id <= 3480716))

table 6 : explain SELECT id, c FROM sbtest6 WHERE id BETWEEN 3480616 AND 3480716
	Index Scan using sbtest6_pkey on sbtest6  (cost=0.43..398.88 rows=101 width=125)
	  Index Cond: ((id >= 3480616) AND (id <= 3480716))

table 7 : explain SELECT id, c FROM sbtest7 WHERE id BETWEEN 3480616 AND 3480716
	Index Scan using sbtest7_pkey on sbtest7  (cost=0.43..382.35 rows=96 width=125)
	  Index Cond: ((id >= 3480616) AND (id <= 3480716))

table 8 : explain SELECT id, c FROM sbtest8 WHERE id BETWEEN 3480616 AND 3480716
	Index Scan using sbtest8_pkey on sbtest8  (cost=0.43..373.49 rows=94 width=125)
	  Index Cond: ((id >= 3480616) AND (id <= 3480716))

explain: for range-notcovered :: explain SELECT id, c FROM sbtest%d WHERE id BETWEEN 3480616 AND 3480716
for range-notcovered
table 1 : explain SELECT id, c FROM sbtest1 WHERE id BETWEEN 6107031 AND 6107131
	Index Scan using sbtest1_pkey on sbtest1  (cost=0.43..358.39 rows=90 width=125)
	  Index Cond: ((id >= 6107031) AND (id <= 6107131))

table 2 : explain SELECT id, c FROM sbtest2 WHERE id BETWEEN 6107031 AND 6107131
	Index Scan using sbtest2_pkey on sbtest2  (cost=0.43..405.46 rows=102 width=125)
	  Index Cond: ((id >= 6107031) AND (id <= 6107131))

table 3 : explain SELECT id, c FROM sbtest3 WHERE id BETWEEN 6107031 AND 6107131
	Index Scan using sbtest3_pkey on sbtest3  (cost=0.43..420.39 rows=106 width=125)
	  Index Cond: ((id >= 6107031) AND (id <= 6107131))

table 4 : explain SELECT id, c FROM sbtest4 WHERE id BETWEEN 6107031 AND 6107131
	Index Scan using sbtest4_pkey on sbtest4  (cost=0.43..420.22 rows=106 width=125)
	  Index Cond: ((id >= 6107031) AND (id <= 6107131))

table 5 : explain SELECT id, c FROM sbtest5 WHERE id BETWEEN 6107031 AND 6107131
	Index Scan using sbtest5_pkey on sbtest5  (cost=0.43..400.61 rows=101 width=125)
	  Index Cond: ((id >= 6107031) AND (id <= 6107131))

table 6 : explain SELECT id, c FROM sbtest6 WHERE id BETWEEN 6107031 AND 6107131
	Index Scan using sbtest6_pkey on sbtest6  (cost=0.43..371.52 rows=94 width=125)
	  Index Cond: ((id >= 6107031) AND (id <= 6107131))

table 7 : explain SELECT id, c FROM sbtest7 WHERE id BETWEEN 6107031 AND 6107131
	Index Scan using sbtest7_pkey on sbtest7  (cost=0.43..382.35 rows=96 width=125)
	  Index Cond: ((id >= 6107031) AND (id <= 6107131))

table 8 : explain SELECT id, c FROM sbtest8 WHERE id BETWEEN 6107031 AND 6107131
	Index Scan using sbtest8_pkey on sbtest8  (cost=0.43..397.06 rows=100 width=125)
	  Index Cond: ((id >= 6107031) AND (id <= 6107131))

explain: for range-notcovered :: explain SELECT id, c FROM sbtest%d WHERE id BETWEEN 6107031 AND 6107131
for range-notcovered
table 1 : explain SELECT id, c FROM sbtest1 WHERE id BETWEEN 7989946 AND 7990046
	Index Scan using sbtest1_pkey on sbtest1  (cost=0.43..405.59 rows=102 width=125)
	  Index Cond: ((id >= 7989946) AND (id <= 7990046))

table 2 : explain SELECT id, c FROM sbtest2 WHERE id BETWEEN 7989946 AND 7990046
	Index Scan using sbtest2_pkey on sbtest2  (cost=0.43..381.86 rows=96 width=125)
	  Index Cond: ((id >= 7989946) AND (id <= 7990046))

table 3 : explain SELECT id, c FROM sbtest3 WHERE id BETWEEN 7989946 AND 7990046
	Index Scan using sbtest3_pkey on sbtest3  (cost=0.43..396.86 rows=100 width=125)
	  Index Cond: ((id >= 7989946) AND (id <= 7990046))

table 4 : explain SELECT id, c FROM sbtest4 WHERE id BETWEEN 7989946 AND 7990046
	Index Scan using sbtest4_pkey on sbtest4  (cost=0.43..416.30 rows=105 width=125)
	  Index Cond: ((id >= 7989946) AND (id <= 7990046))

table 5 : explain SELECT id, c FROM sbtest5 WHERE id BETWEEN 7989946 AND 7990046
	Index Scan using sbtest5_pkey on sbtest5  (cost=0.43..381.01 rows=96 width=125)
	  Index Cond: ((id >= 7989946) AND (id <= 7990046))

table 6 : explain SELECT id, c FROM sbtest6 WHERE id BETWEEN 7989946 AND 7990046
	Index Scan using sbtest6_pkey on sbtest6  (cost=0.43..414.49 rows=105 width=125)
	  Index Cond: ((id >= 7989946) AND (id <= 7990046))

table 7 : explain SELECT id, c FROM sbtest7 WHERE id BETWEEN 7989946 AND 7990046
	Index Scan using sbtest7_pkey on sbtest7  (cost=0.43..350.87 rows=88 width=125)
	  Index Cond: ((id >= 7989946) AND (id <= 7990046))

table 8 : explain SELECT id, c FROM sbtest8 WHERE id BETWEEN 7989946 AND 7990046
	Index Scan using sbtest8_pkey on sbtest8  (cost=0.43..369.57 rows=93 width=125)
	  Index Cond: ((id >= 7989946) AND (id <= 7990046))
for range-notcovered
table 1 : explain SELECT id, c FROM sbtest1 WHERE id BETWEEN 2924772 AND 2924872
	Index Scan using sbtest1_pkey on sbtest1  (cost=0.43..393.80 rows=99 width=125)
	  Index Cond: ((id >= 2924772) AND (id <= 2924872))

table 2 : explain SELECT id, c FROM sbtest2 WHERE id BETWEEN 2924772 AND 2924872
	Index Scan using sbtest2_pkey on sbtest2  (cost=0.43..397.60 rows=100 width=125)
	  Index Cond: ((id >= 2924772) AND (id <= 2924872))

table 3 : explain SELECT id, c FROM sbtest3 WHERE id BETWEEN 2924772 AND 2924872
	Index Scan using sbtest3_pkey on sbtest3  (cost=0.43..385.07 rows=97 width=125)
	  Index Cond: ((id >= 2924772) AND (id <= 2924872))

table 4 : explain SELECT id, c FROM sbtest4 WHERE id BETWEEN 2924772 AND 2924872
	Index Scan using sbtest4_pkey on sbtest4  (cost=0.43..400.62 rows=101 width=125)
	  Index Cond: ((id >= 2924772) AND (id <= 2924872))

table 5 : explain SELECT id, c FROM sbtest5 WHERE id BETWEEN 2924772 AND 2924872
	Index Scan using sbtest5_pkey on sbtest5  (cost=0.43..396.69 rows=100 width=125)
	  Index Cond: ((id >= 2924772) AND (id <= 2924872))

table 6 : explain SELECT id, c FROM sbtest6 WHERE id BETWEEN 2924772 AND 2924872
	Index Scan using sbtest6_pkey on sbtest6  (cost=0.43..375.43 rows=95 width=125)
	  Index Cond: ((id >= 2924772) AND (id <= 2924872))

table 7 : explain SELECT id, c FROM sbtest7 WHERE id BETWEEN 2924772 AND 2924872
	Index Scan using sbtest7_pkey on sbtest7  (cost=0.43..437.46 rows=110 width=125)
	  Index Cond: ((id >= 2924772) AND (id <= 2924872))

table 8 : explain SELECT id, c FROM sbtest8 WHERE id BETWEEN 2924772 AND 2924872
	Index Scan using sbtest8_pkey on sbtest8  (cost=0.43..349.94 rows=88 width=125)
	  Index Cond: ((id >= 2924772) AND (id <= 2924872))


explain: for range-notcovered :: explain SELECT id, c FROM sbtest%d WHERE id BETWEEN 2924772 AND 2924872
for range-notcovered
table 1 : explain SELECT id, c FROM sbtest1 WHERE id BETWEEN 3480616 AND 3480716
	Index Scan using sbtest1_pkey on sbtest1  (cost=0.43..385.91 rows=97 width=125)
	  Index Cond: ((id >= 3480616) AND (id <= 3480716))

table 2 : explain SELECT id, c FROM sbtest2 WHERE id BETWEEN 3480616 AND 3480716
	Index Scan using sbtest2_pkey on sbtest2  (cost=0.43..432.97 rows=109 width=125)
	  Index Cond: ((id >= 3480616) AND (id <= 3480716))

table 3 : explain SELECT id, c FROM sbtest3 WHERE id BETWEEN 3480616 AND 3480716
	Index Scan using sbtest3_pkey on sbtest3  (cost=0.43..392.94 rows=99 width=125)
	  Index Cond: ((id >= 3480616) AND (id <= 3480716))

table 4 : explain SELECT id, c FROM sbtest4 WHERE id BETWEEN 3480616 AND 3480716
	Index Scan using sbtest4_pkey on sbtest4  (cost=0.43..431.98 rows=109 width=125)
	  Index Cond: ((id >= 3480616) AND (id <= 3480716))

table 5 : explain SELECT id, c FROM sbtest5 WHERE id BETWEEN 3480616 AND 3480716
	Index Scan using sbtest5_pkey on sbtest5  (cost=0.43..384.93 rows=97 width=125)
	  Index Cond: ((id >= 3480616) AND (id <= 3480716))

table 6 : explain SELECT id, c FROM sbtest6 WHERE id BETWEEN 3480616 AND 3480716
	Index Scan using sbtest6_pkey on sbtest6  (cost=0.43..398.88 rows=101 width=125)
	  Index Cond: ((id >= 3480616) AND (id <= 3480716))

table 7 : explain SELECT id, c FROM sbtest7 WHERE id BETWEEN 3480616 AND 3480716
	Index Scan using sbtest7_pkey on sbtest7  (cost=0.43..382.35 rows=96 width=125)
	  Index Cond: ((id >= 3480616) AND (id <= 3480716))

table 8 : explain SELECT id, c FROM sbtest8 WHERE id BETWEEN 3480616 AND 3480716
	Index Scan using sbtest8_pkey on sbtest8  (cost=0.43..373.49 rows=94 width=125)
	  Index Cond: ((id >= 3480616) AND (id <= 3480716))

explain: for range-notcovered :: explain SELECT id, c FROM sbtest%d WHERE id BETWEEN 7989946 AND 7990046
for range-notcovered
table 1 : explain SELECT id, c FROM sbtest1 WHERE id BETWEEN 4288952 AND 4289052
	Index Scan using sbtest1_pkey on sbtest1  (cost=0.43..397.73 rows=100 width=125)
	  Index Cond: ((id >= 4288952) AND (id <= 4289052))

table 2 : explain SELECT id, c FROM sbtest2 WHERE id BETWEEN 4288952 AND 4289052
	Index Scan using sbtest2_pkey on sbtest2  (cost=0.43..397.60 rows=100 width=125)
	  Index Cond: ((id >= 4288952) AND (id <= 4289052))

table 3 : explain SELECT id, c FROM sbtest3 WHERE id BETWEEN 4288952 AND 4289052
	Index Scan using sbtest3_pkey on sbtest3  (cost=0.43..416.47 rows=105 width=125)
	  Index Cond: ((id >= 4288952) AND (id <= 4289052))

table 4 : explain SELECT id, c FROM sbtest4 WHERE id BETWEEN 4288952 AND 4289052
	Index Scan using sbtest4_pkey on sbtest4  (cost=0.43..373.17 rows=94 width=125)
	  Index Cond: ((id >= 4288952) AND (id <= 4289052))

table 5 : explain SELECT id, c FROM sbtest5 WHERE id BETWEEN 4288952 AND 4289052
	Index Scan using sbtest5_pkey on sbtest5  (cost=0.43..412.37 rows=104 width=125)
	  Index Cond: ((id >= 4288952) AND (id <= 4289052))

table 6 : explain SELECT id, c FROM sbtest6 WHERE id BETWEEN 4288952 AND 4289052
	Index Scan using sbtest6_pkey on sbtest6  (cost=0.43..410.59 rows=104 width=125)
	  Index Cond: ((id >= 4288952) AND (id <= 4289052))

table 7 : explain SELECT id, c FROM sbtest7 WHERE id BETWEEN 4288952 AND 4289052
	Index Scan using sbtest7_pkey on sbtest7  (cost=0.43..413.85 rows=104 width=125)
	  Index Cond: ((id >= 4288952) AND (id <= 4289052))

table 8 : explain SELECT id, c FROM sbtest8 WHERE id BETWEEN 4288952 AND 4289052
	Index Scan using sbtest8_pkey on sbtest8  (cost=0.43..389.21 rows=98 width=125)
	  Index Cond: ((id >= 4288952) AND (id <= 4289052))

explain: for range-notcovered :: explain SELECT id, c FROM sbtest%d WHERE id BETWEEN 3480616 AND 3480716
explain: for range-notcovered :: explain SELECT id, c FROM sbtest%d WHERE id BETWEEN 6370399 AND 6370499
for range-notcovered
table 1 : explain SELECT id, c FROM sbtest1 WHERE id BETWEEN 6107031 AND 6107131
	Index Scan using sbtest1_pkey on sbtest1  (cost=0.43..358.39 rows=90 width=125)
	  Index Cond: ((id >= 6107031) AND (id <= 6107131))

table 2 : explain SELECT id, c FROM sbtest2 WHERE id BETWEEN 6107031 AND 6107131
	Index Scan using sbtest2_pkey on sbtest2  (cost=0.43..405.46 rows=102 width=125)
	  Index Cond: ((id >= 6107031) AND (id <= 6107131))

table 3 : explain SELECT id, c FROM sbtest3 WHERE id BETWEEN 6107031 AND 6107131
	Index Scan using sbtest3_pkey on sbtest3  (cost=0.43..420.39 rows=106 width=125)
	  Index Cond: ((id >= 6107031) AND (id <= 6107131))

table 4 : explain SELECT id, c FROM sbtest4 WHERE id BETWEEN 6107031 AND 6107131
	Index Scan using sbtest4_pkey on sbtest4  (cost=0.43..420.22 rows=106 width=125)
	  Index Cond: ((id >= 6107031) AND (id <= 6107131))

table 5 : explain SELECT id, c FROM sbtest5 WHERE id BETWEEN 6107031 AND 6107131
	Index Scan using sbtest5_pkey on sbtest5  (cost=0.43..400.61 rows=101 width=125)
	  Index Cond: ((id >= 6107031) AND (id <= 6107131))

table 6 : explain SELECT id, c FROM sbtest6 WHERE id BETWEEN 6107031 AND 6107131
	Index Scan using sbtest6_pkey on sbtest6  (cost=0.43..371.52 rows=94 width=125)
	  Index Cond: ((id >= 6107031) AND (id <= 6107131))

table 7 : explain SELECT id, c FROM sbtest7 WHERE id BETWEEN 6107031 AND 6107131
	Index Scan using sbtest7_pkey on sbtest7  (cost=0.43..382.35 rows=96 width=125)
	  Index Cond: ((id >= 6107031) AND (id <= 6107131))

table 8 : explain SELECT id, c FROM sbtest8 WHERE id BETWEEN 6107031 AND 6107131
	Index Scan using sbtest8_pkey on sbtest8  (cost=0.43..397.06 rows=100 width=125)
	  Index Cond: ((id >= 6107031) AND (id <= 6107131))

explain: for range-notcovered :: explain SELECT id, c FROM sbtest%d WHERE id BETWEEN 6107031 AND 6107131
for range-notcovered
table 1 : explain SELECT id, c FROM sbtest1 WHERE id BETWEEN 6597112 AND 6597212
	Index Scan using sbtest1_pkey on sbtest1  (cost=0.43..354.46 rows=89 width=125)
	  Index Cond: ((id >= 6597112) AND (id <= 6597212))

table 2 : explain SELECT id, c FROM sbtest2 WHERE id BETWEEN 6597112 AND 6597212
	Index Scan using sbtest2_pkey on sbtest2  (cost=0.43..385.79 rows=97 width=125)
	  Index Cond: ((id >= 6597112) AND (id <= 6597212))

table 3 : explain SELECT id, c FROM sbtest3 WHERE id BETWEEN 6597112 AND 6597212
	Index Scan using sbtest3_pkey on sbtest3  (cost=0.43..377.22 rows=95 width=125)
	  Index Cond: ((id >= 6597112) AND (id <= 6597212))

table 4 : explain SELECT id, c FROM sbtest4 WHERE id BETWEEN 6597112 AND 6597212
	Index Scan using sbtest4_pkey on sbtest4  (cost=0.43..416.30 rows=105 width=125)
	  Index Cond: ((id >= 6597112) AND (id <= 6597212))

table 5 : explain SELECT id, c FROM sbtest5 WHERE id BETWEEN 6597112 AND 6597212
	Index Scan using sbtest5_pkey on sbtest5  (cost=0.43..377.08 rows=95 width=125)
	  Index Cond: ((id >= 6597112) AND (id <= 6597212))

table 6 : explain SELECT id, c FROM sbtest6 WHERE id BETWEEN 6597112 AND 6597212
	Index Scan using sbtest6_pkey on sbtest6  (cost=0.43..457.43 rows=116 width=125)
	  Index Cond: ((id >= 6597112) AND (id <= 6597212))

table 7 : explain SELECT id, c FROM sbtest7 WHERE id BETWEEN 6597112 AND 6597212
	Index Scan using sbtest7_pkey on sbtest7  (cost=0.43..386.28 rows=97 width=125)
	  Index Cond: ((id >= 6597112) AND (id <= 6597212))

table 8 : explain SELECT id, c FROM sbtest8 WHERE id BETWEEN 6597112 AND 6597212
	Index Scan using sbtest8_pkey on sbtest8  (cost=0.43..416.69 rows=105 width=125)
	  Index Cond: ((id >= 6597112) AND (id <= 6597212))

explain: for range-notcovered :: explain SELECT id, c FROM sbtest%d WHERE id BETWEEN 6597112 AND 6597212
for range-notcovered
table 1 : explain SELECT id, c FROM sbtest1 WHERE id BETWEEN 2924772 AND 2924872
	Index Scan using sbtest1_pkey on sbtest1  (cost=0.43..393.80 rows=99 width=125)
	  Index Cond: ((id >= 2924772) AND (id <= 2924872))

table 2 : explain SELECT id, c FROM sbtest2 WHERE id BETWEEN 2924772 AND 2924872
	Index Scan using sbtest2_pkey on sbtest2  (cost=0.43..397.60 rows=100 width=125)
	  Index Cond: ((id >= 2924772) AND (id <= 2924872))

table 3 : explain SELECT id, c FROM sbtest3 WHERE id BETWEEN 2924772 AND 2924872
	Index Scan using sbtest3_pkey on sbtest3  (cost=0.43..385.07 rows=97 width=125)
	  Index Cond: ((id >= 2924772) AND (id <= 2924872))

table 4 : explain SELECT id, c FROM sbtest4 WHERE id BETWEEN 2924772 AND 2924872
	Index Scan using sbtest4_pkey on sbtest4  (cost=0.43..400.62 rows=101 width=125)
	  Index Cond: ((id >= 2924772) AND (id <= 2924872))

table 5 : explain SELECT id, c FROM sbtest5 WHERE id BETWEEN 2924772 AND 2924872
	Index Scan using sbtest5_pkey on sbtest5  (cost=0.43..396.69 rows=100 width=125)
	  Index Cond: ((id >= 2924772) AND (id <= 2924872))

table 6 : explain SELECT id, c FROM sbtest6 WHERE id BETWEEN 2924772 AND 2924872
	Index Scan using sbtest6_pkey on sbtest6  (cost=0.43..375.43 rows=95 width=125)
	  Index Cond: ((id >= 2924772) AND (id <= 2924872))

table 7 : explain SELECT id, c FROM sbtest7 WHERE id BETWEEN 2924772 AND 2924872
	Index Scan using sbtest7_pkey on sbtest7  (cost=0.43..437.46 rows=110 width=125)
	  Index Cond: ((id >= 2924772) AND (id <= 2924872))

table 8 : explain SELECT id, c FROM sbtest8 WHERE id BETWEEN 2924772 AND 2924872
	Index Scan using sbtest8_pkey on sbtest8  (cost=0.43..349.94 rows=88 width=125)
	  Index Cond: ((id >= 2924772) AND (id <= 2924872))

for range-notcovered
table 1 : explain SELECT id, c FROM sbtest1 WHERE id BETWEEN 3480616 AND 3480716
	Index Scan using sbtest1_pkey on sbtest1  (cost=0.43..385.91 rows=97 width=125)
	  Index Cond: ((id >= 3480616) AND (id <= 3480716))

table 2 : explain SELECT id, c FROM sbtest2 WHERE id BETWEEN 3480616 AND 3480716
	Index Scan using sbtest2_pkey on sbtest2  (cost=0.43..432.97 rows=109 width=125)
	  Index Cond: ((id >= 3480616) AND (id <= 3480716))

table 3 : explain SELECT id, c FROM sbtest3 WHERE id BETWEEN 3480616 AND 3480716
	Index Scan using sbtest3_pkey on sbtest3  (cost=0.43..392.94 rows=99 width=125)
	  Index Cond: ((id >= 3480616) AND (id <= 3480716))

table 4 : explain SELECT id, c FROM sbtest4 WHERE id BETWEEN 3480616 AND 3480716
	Index Scan using sbtest4_pkey on sbtest4  (cost=0.43..431.98 rows=109 width=125)
	  Index Cond: ((id >= 3480616) AND (id <= 3480716))

table 5 : explain SELECT id, c FROM sbtest5 WHERE id BETWEEN 3480616 AND 3480716
	Index Scan using sbtest5_pkey on sbtest5  (cost=0.43..384.93 rows=97 width=125)
	  Index Cond: ((id >= 3480616) AND (id <= 3480716))

table 6 : explain SELECT id, c FROM sbtest6 WHERE id BETWEEN 3480616 AND 3480716
	Index Scan using sbtest6_pkey on sbtest6  (cost=0.43..398.88 rows=101 width=125)
	  Index Cond: ((id >= 3480616) AND (id <= 3480716))

table 7 : explain SELECT id, c FROM sbtest7 WHERE id BETWEEN 3480616 AND 3480716
	Index Scan using sbtest7_pkey on sbtest7  (cost=0.43..382.35 rows=96 width=125)
	  Index Cond: ((id >= 3480616) AND (id <= 3480716))

table 8 : explain SELECT id, c FROM sbtest8 WHERE id BETWEEN 3480616 AND 3480716
	Index Scan using sbtest8_pkey on sbtest8  (cost=0.43..373.49 rows=94 width=125)
	  Index Cond: ((id >= 3480616) AND (id <= 3480716))

explain: for range-notcovered :: explain SELECT id, c FROM sbtest%d WHERE id BETWEEN 2924772 AND 2924872
for range-notcovered
table 1 : explain SELECT id, c FROM sbtest1 WHERE id BETWEEN 7989946 AND 7990046
	Index Scan using sbtest1_pkey on sbtest1  (cost=0.43..405.59 rows=102 width=125)
	  Index Cond: ((id >= 7989946) AND (id <= 7990046))

table 2 : explain SELECT id, c FROM sbtest2 WHERE id BETWEEN 7989946 AND 7990046
	Index Scan using sbtest2_pkey on sbtest2  (cost=0.43..381.86 rows=96 width=125)
	  Index Cond: ((id >= 7989946) AND (id <= 7990046))

table 3 : explain SELECT id, c FROM sbtest3 WHERE id BETWEEN 7989946 AND 7990046
	Index Scan using sbtest3_pkey on sbtest3  (cost=0.43..396.86 rows=100 width=125)
	  Index Cond: ((id >= 7989946) AND (id <= 7990046))

table 4 : explain SELECT id, c FROM sbtest4 WHERE id BETWEEN 7989946 AND 7990046
	Index Scan using sbtest4_pkey on sbtest4  (cost=0.43..416.30 rows=105 width=125)
	  Index Cond: ((id >= 7989946) AND (id <= 7990046))

table 5 : explain SELECT id, c FROM sbtest5 WHERE id BETWEEN 7989946 AND 7990046
	Index Scan using sbtest5_pkey on sbtest5  (cost=0.43..381.01 rows=96 width=125)
	  Index Cond: ((id >= 7989946) AND (id <= 7990046))

table 6 : explain SELECT id, c FROM sbtest6 WHERE id BETWEEN 7989946 AND 7990046
	Index Scan using sbtest6_pkey on sbtest6  (cost=0.43..414.49 rows=105 width=125)
	  Index Cond: ((id >= 7989946) AND (id <= 7990046))

table 7 : explain SELECT id, c FROM sbtest7 WHERE id BETWEEN 7989946 AND 7990046
	Index Scan using sbtest7_pkey on sbtest7  (cost=0.43..350.87 rows=88 width=125)
	  Index Cond: ((id >= 7989946) AND (id <= 7990046))

table 8 : explain SELECT id, c FROM sbtest8 WHERE id BETWEEN 7989946 AND 7990046
	Index Scan using sbtest8_pkey on sbtest8  (cost=0.43..369.57 rows=93 width=125)
	  Index Cond: ((id >= 7989946) AND (id <= 7990046))

explain: for range-notcovered :: explain SELECT id, c FROM sbtest%d WHERE id BETWEEN 3480616 AND 3480716
explain: for range-notcovered :: explain SELECT id, c FROM sbtest%d WHERE id BETWEEN 7989946 AND 7990046
explain: for range-notcovered :: explain SELECT id, c FROM sbtest%d WHERE id BETWEEN 4873710 AND 4873810
explain: for range-notcovered :: explain SELECT id, c FROM sbtest%d WHERE id BETWEEN 6882148 AND 6882248
for range-notcovered
table 1 : explain SELECT id, c FROM sbtest1 WHERE id BETWEEN 6107031 AND 6107131
	Index Scan using sbtest1_pkey on sbtest1  (cost=0.43..358.39 rows=90 width=125)
	  Index Cond: ((id >= 6107031) AND (id <= 6107131))

table 2 : explain SELECT id, c FROM sbtest2 WHERE id BETWEEN 6107031 AND 6107131
	Index Scan using sbtest2_pkey on sbtest2  (cost=0.43..405.46 rows=102 width=125)
	  Index Cond: ((id >= 6107031) AND (id <= 6107131))

table 3 : explain SELECT id, c FROM sbtest3 WHERE id BETWEEN 6107031 AND 6107131
	Index Scan using sbtest3_pkey on sbtest3  (cost=0.43..420.39 rows=106 width=125)
	  Index Cond: ((id >= 6107031) AND (id <= 6107131))

table 4 : explain SELECT id, c FROM sbtest4 WHERE id BETWEEN 6107031 AND 6107131
	Index Scan using sbtest4_pkey on sbtest4  (cost=0.43..420.22 rows=106 width=125)
	  Index Cond: ((id >= 6107031) AND (id <= 6107131))

table 5 : explain SELECT id, c FROM sbtest5 WHERE id BETWEEN 6107031 AND 6107131
	Index Scan using sbtest5_pkey on sbtest5  (cost=0.43..400.61 rows=101 width=125)
	  Index Cond: ((id >= 6107031) AND (id <= 6107131))

table 6 : explain SELECT id, c FROM sbtest6 WHERE id BETWEEN 6107031 AND 6107131
	Index Scan using sbtest6_pkey on sbtest6  (cost=0.43..371.52 rows=94 width=125)
	  Index Cond: ((id >= 6107031) AND (id <= 6107131))

table 7 : explain SELECT id, c FROM sbtest7 WHERE id BETWEEN 6107031 AND 6107131
	Index Scan using sbtest7_pkey on sbtest7  (cost=0.43..382.35 rows=96 width=125)
	  Index Cond: ((id >= 6107031) AND (id <= 6107131))

table 8 : explain SELECT id, c FROM sbtest8 WHERE id BETWEEN 6107031 AND 6107131
	Index Scan using sbtest8_pkey on sbtest8  (cost=0.43..397.06 rows=100 width=125)
	  Index Cond: ((id >= 6107031) AND (id <= 6107131))

explain: for range-notcovered :: explain SELECT id, c FROM sbtest%d WHERE id BETWEEN 6107031 AND 6107131
for range-notcovered
table 1 : explain SELECT id, c FROM sbtest1 WHERE id BETWEEN 6597112 AND 6597212
	Index Scan using sbtest1_pkey on sbtest1  (cost=0.43..354.46 rows=89 width=125)
	  Index Cond: ((id >= 6597112) AND (id <= 6597212))

table 2 : explain SELECT id, c FROM sbtest2 WHERE id BETWEEN 6597112 AND 6597212
	Index Scan using sbtest2_pkey on sbtest2  (cost=0.43..385.79 rows=97 width=125)
	  Index Cond: ((id >= 6597112) AND (id <= 6597212))

table 3 : explain SELECT id, c FROM sbtest3 WHERE id BETWEEN 6597112 AND 6597212
	Index Scan using sbtest3_pkey on sbtest3  (cost=0.43..377.22 rows=95 width=125)
	  Index Cond: ((id >= 6597112) AND (id <= 6597212))

table 4 : explain SELECT id, c FROM sbtest4 WHERE id BETWEEN 6597112 AND 6597212
	Index Scan using sbtest4_pkey on sbtest4  (cost=0.43..416.30 rows=105 width=125)
	  Index Cond: ((id >= 6597112) AND (id <= 6597212))

table 5 : explain SELECT id, c FROM sbtest5 WHERE id BETWEEN 6597112 AND 6597212
	Index Scan using sbtest5_pkey on sbtest5  (cost=0.43..377.08 rows=95 width=125)
	  Index Cond: ((id >= 6597112) AND (id <= 6597212))

table 6 : explain SELECT id, c FROM sbtest6 WHERE id BETWEEN 6597112 AND 6597212
	Index Scan using sbtest6_pkey on sbtest6  (cost=0.43..457.43 rows=116 width=125)
	  Index Cond: ((id >= 6597112) AND (id <= 6597212))

table 7 : explain SELECT id, c FROM sbtest7 WHERE id BETWEEN 6597112 AND 6597212
	Index Scan using sbtest7_pkey on sbtest7  (cost=0.43..386.28 rows=97 width=125)
	  Index Cond: ((id >= 6597112) AND (id <= 6597212))

table 8 : explain SELECT id, c FROM sbtest8 WHERE id BETWEEN 6597112 AND 6597212
	Index Scan using sbtest8_pkey on sbtest8  (cost=0.43..416.69 rows=105 width=125)
	  Index Cond: ((id >= 6597112) AND (id <= 6597212))

explain: for range-notcovered :: explain SELECT id, c FROM sbtest%d WHERE id BETWEEN 6597112 AND 6597212
for range-notcovered
table 1 : explain SELECT id, c FROM sbtest1 WHERE id BETWEEN 2924772 AND 2924872
	Index Scan using sbtest1_pkey on sbtest1  (cost=0.43..393.80 rows=99 width=125)
	  Index Cond: ((id >= 2924772) AND (id <= 2924872))

table 2 : explain SELECT id, c FROM sbtest2 WHERE id BETWEEN 2924772 AND 2924872
	Index Scan using sbtest2_pkey on sbtest2  (cost=0.43..397.60 rows=100 width=125)
	  Index Cond: ((id >= 2924772) AND (id <= 2924872))

table 3 : explain SELECT id, c FROM sbtest3 WHERE id BETWEEN 2924772 AND 2924872
	Index Scan using sbtest3_pkey on sbtest3  (cost=0.43..385.07 rows=97 width=125)
	  Index Cond: ((id >= 2924772) AND (id <= 2924872))

table 4 : explain SELECT id, c FROM sbtest4 WHERE id BETWEEN 2924772 AND 2924872
	Index Scan using sbtest4_pkey on sbtest4  (cost=0.43..400.62 rows=101 width=125)
	  Index Cond: ((id >= 2924772) AND (id <= 2924872))

table 5 : explain SELECT id, c FROM sbtest5 WHERE id BETWEEN 2924772 AND 2924872
	Index Scan using sbtest5_pkey on sbtest5  (cost=0.43..396.69 rows=100 width=125)
	  Index Cond: ((id >= 2924772) AND (id <= 2924872))

table 6 : explain SELECT id, c FROM sbtest6 WHERE id BETWEEN 2924772 AND 2924872
	Index Scan using sbtest6_pkey on sbtest6  (cost=0.43..375.43 rows=95 width=125)
	  Index Cond: ((id >= 2924772) AND (id <= 2924872))

table 7 : explain SELECT id, c FROM sbtest7 WHERE id BETWEEN 2924772 AND 2924872
	Index Scan using sbtest7_pkey on sbtest7  (cost=0.43..437.46 rows=110 width=125)
	  Index Cond: ((id >= 2924772) AND (id <= 2924872))

table 8 : explain SELECT id, c FROM sbtest8 WHERE id BETWEEN 2924772 AND 2924872
	Index Scan using sbtest8_pkey on sbtest8  (cost=0.43..349.94 rows=88 width=125)
	  Index Cond: ((id >= 2924772) AND (id <= 2924872))

for range-notcovered
table 1 : explain SELECT id, c FROM sbtest1 WHERE id BETWEEN 3480616 AND 3480716
	Index Scan using sbtest1_pkey on sbtest1  (cost=0.43..385.91 rows=97 width=125)
	  Index Cond: ((id >= 3480616) AND (id <= 3480716))

table 2 : explain SELECT id, c FROM sbtest2 WHERE id BETWEEN 3480616 AND 3480716
	Index Scan using sbtest2_pkey on sbtest2  (cost=0.43..432.97 rows=109 width=125)
	  Index Cond: ((id >= 3480616) AND (id <= 3480716))

table 3 : explain SELECT id, c FROM sbtest3 WHERE id BETWEEN 3480616 AND 3480716
	Index Scan using sbtest3_pkey on sbtest3  (cost=0.43..392.94 rows=99 width=125)
	  Index Cond: ((id >= 3480616) AND (id <= 3480716))

table 4 : explain SELECT id, c FROM sbtest4 WHERE id BETWEEN 3480616 AND 3480716
	Index Scan using sbtest4_pkey on sbtest4  (cost=0.43..431.98 rows=109 width=125)
	  Index Cond: ((id >= 3480616) AND (id <= 3480716))

table 5 : explain SELECT id, c FROM sbtest5 WHERE id BETWEEN 3480616 AND 3480716
	Index Scan using sbtest5_pkey on sbtest5  (cost=0.43..384.93 rows=97 width=125)
	  Index Cond: ((id >= 3480616) AND (id <= 3480716))

table 6 : explain SELECT id, c FROM sbtest6 WHERE id BETWEEN 3480616 AND 3480716
	Index Scan using sbtest6_pkey on sbtest6  (cost=0.43..398.88 rows=101 width=125)
	  Index Cond: ((id >= 3480616) AND (id <= 3480716))

table 7 : explain SELECT id, c FROM sbtest7 WHERE id BETWEEN 3480616 AND 3480716
	Index Scan using sbtest7_pkey on sbtest7  (cost=0.43..382.35 rows=96 width=125)
	  Index Cond: ((id >= 3480616) AND (id <= 3480716))

table 8 : explain SELECT id, c FROM sbtest8 WHERE id BETWEEN 3480616 AND 3480716
	Index Scan using sbtest8_pkey on sbtest8  (cost=0.43..373.49 rows=94 width=125)
	  Index Cond: ((id >= 3480616) AND (id <= 3480716))

explain: for range-notcovered :: explain SELECT id, c FROM sbtest%d WHERE id BETWEEN 2924772 AND 2924872
explain: for range-notcovered :: explain SELECT id, c FROM sbtest%d WHERE id BETWEEN 3480616 AND 3480716
for range-notcovered
table 1 : explain SELECT id, c FROM sbtest1 WHERE id BETWEEN 7989946 AND 7990046
	Index Scan using sbtest1_pkey on sbtest1  (cost=0.43..405.59 rows=102 width=125)
	  Index Cond: ((id >= 7989946) AND (id <= 7990046))

table 2 : explain SELECT id, c FROM sbtest2 WHERE id BETWEEN 7989946 AND 7990046
	Index Scan using sbtest2_pkey on sbtest2  (cost=0.43..381.86 rows=96 width=125)
	  Index Cond: ((id >= 7989946) AND (id <= 7990046))

table 3 : explain SELECT id, c FROM sbtest3 WHERE id BETWEEN 7989946 AND 7990046
	Index Scan using sbtest3_pkey on sbtest3  (cost=0.43..396.86 rows=100 width=125)
	  Index Cond: ((id >= 7989946) AND (id <= 7990046))

table 4 : explain SELECT id, c FROM sbtest4 WHERE id BETWEEN 7989946 AND 7990046
	Index Scan using sbtest4_pkey on sbtest4  (cost=0.43..416.30 rows=105 width=125)
	  Index Cond: ((id >= 7989946) AND (id <= 7990046))

table 5 : explain SELECT id, c FROM sbtest5 WHERE id BETWEEN 7989946 AND 7990046
	Index Scan using sbtest5_pkey on sbtest5  (cost=0.43..381.01 rows=96 width=125)
	  Index Cond: ((id >= 7989946) AND (id <= 7990046))

table 6 : explain SELECT id, c FROM sbtest6 WHERE id BETWEEN 7989946 AND 7990046
	Index Scan using sbtest6_pkey on sbtest6  (cost=0.43..414.49 rows=105 width=125)
	  Index Cond: ((id >= 7989946) AND (id <= 7990046))

table 7 : explain SELECT id, c FROM sbtest7 WHERE id BETWEEN 7989946 AND 7990046
	Index Scan using sbtest7_pkey on sbtest7  (cost=0.43..350.87 rows=88 width=125)
	  Index Cond: ((id >= 7989946) AND (id <= 7990046))

table 8 : explain SELECT id, c FROM sbtest8 WHERE id BETWEEN 7989946 AND 7990046
	Index Scan using sbtest8_pkey on sbtest8  (cost=0.43..369.57 rows=93 width=125)
	  Index Cond: ((id >= 7989946) AND (id <= 7990046))

for range-notcovered
table 1 : explain SELECT id, c FROM sbtest1 WHERE id BETWEEN 3146289 AND 3146389
	Index Scan using sbtest1_pkey on sbtest1  (cost=0.43..378.05 rows=95 width=125)
	  Index Cond: ((id >= 3146289) AND (id <= 3146389))

table 2 : explain SELECT id, c FROM sbtest2 WHERE id BETWEEN 3146289 AND 3146389
	Index Scan using sbtest2_pkey on sbtest2  (cost=0.43..405.46 rows=102 width=125)
	  Index Cond: ((id >= 3146289) AND (id <= 3146389))

table 3 : explain SELECT id, c FROM sbtest3 WHERE id BETWEEN 3146289 AND 3146389
	Index Scan using sbtest3_pkey on sbtest3  (cost=0.43..389.01 rows=98 width=125)
	  Index Cond: ((id >= 3146289) AND (id <= 3146389))

table 4 : explain SELECT id, c FROM sbtest4 WHERE id BETWEEN 3146289 AND 3146389
	Index Scan using sbtest4_pkey on sbtest4  (cost=0.43..400.62 rows=101 width=125)
	  Index Cond: ((id >= 3146289) AND (id <= 3146389))

table 5 : explain SELECT id, c FROM sbtest5 WHERE id BETWEEN 3146289 AND 3146389
	Index Scan using sbtest5_pkey on sbtest5  (cost=0.43..400.61 rows=101 width=125)
	  Index Cond: ((id >= 3146289) AND (id <= 3146389))

table 6 : explain SELECT id, c FROM sbtest6 WHERE id BETWEEN 3146289 AND 3146389
	Index Scan using sbtest6_pkey on sbtest6  (cost=0.43..449.62 rows=114 width=125)
	  Index Cond: ((id >= 3146289) AND (id <= 3146389))

table 7 : explain SELECT id, c FROM sbtest7 WHERE id BETWEEN 3146289 AND 3146389
	Index Scan using sbtest7_pkey on sbtest7  (cost=0.43..386.28 rows=97 width=125)
	  Index Cond: ((id >= 3146289) AND (id <= 3146389))

table 8 : explain SELECT id, c FROM sbtest8 WHERE id BETWEEN 3146289 AND 3146389
	Index Scan using sbtest8_pkey on sbtest8  (cost=0.43..389.19 rows=98 width=125)
	  Index Cond: ((id >= 3146289) AND (id <= 3146389))

explain: for range-notcovered :: explain SELECT id, c FROM sbtest%d WHERE id BETWEEN 7989946 AND 7990046
for range-notcovered
table 1 : explain SELECT id, c FROM sbtest1 WHERE id BETWEEN 6107031 AND 6107131
	Index Scan using sbtest1_pkey on sbtest1  (cost=0.43..358.39 rows=90 width=125)
	  Index Cond: ((id >= 6107031) AND (id <= 6107131))

table 2 : explain SELECT id, c FROM sbtest2 WHERE id BETWEEN 6107031 AND 6107131
	Index Scan using sbtest2_pkey on sbtest2  (cost=0.43..405.46 rows=102 width=125)
	  Index Cond: ((id >= 6107031) AND (id <= 6107131))

table 3 : explain SELECT id, c FROM sbtest3 WHERE id BETWEEN 6107031 AND 6107131
	Index Scan using sbtest3_pkey on sbtest3  (cost=0.43..420.39 rows=106 width=125)
	  Index Cond: ((id >= 6107031) AND (id <= 6107131))

table 4 : explain SELECT id, c FROM sbtest4 WHERE id BETWEEN 6107031 AND 6107131
	Index Scan using sbtest4_pkey on sbtest4  (cost=0.43..420.22 rows=106 width=125)
	  Index Cond: ((id >= 6107031) AND (id <= 6107131))

table 5 : explain SELECT id, c FROM sbtest5 WHERE id BETWEEN 6107031 AND 6107131
	Index Scan using sbtest5_pkey on sbtest5  (cost=0.43..400.61 rows=101 width=125)
	  Index Cond: ((id >= 6107031) AND (id <= 6107131))

table 6 : explain SELECT id, c FROM sbtest6 WHERE id BETWEEN 6107031 AND 6107131
	Index Scan using sbtest6_pkey on sbtest6  (cost=0.43..371.52 rows=94 width=125)
	  Index Cond: ((id >= 6107031) AND (id <= 6107131))

table 7 : explain SELECT id, c FROM sbtest7 WHERE id BETWEEN 6107031 AND 6107131
	Index Scan using sbtest7_pkey on sbtest7  (cost=0.43..382.35 rows=96 width=125)
	  Index Cond: ((id >= 6107031) AND (id <= 6107131))

table 8 : explain SELECT id, c FROM sbtest8 WHERE id BETWEEN 6107031 AND 6107131
	Index Scan using sbtest8_pkey on sbtest8  (cost=0.43..397.06 rows=100 width=125)
	  Index Cond: ((id >= 6107031) AND (id <= 6107131))

explain: for range-notcovered :: explain SELECT id, c FROM sbtest%d WHERE id BETWEEN 6107031 AND 6107131
for range-notcovered
table 1 : explain SELECT id, c FROM sbtest1 WHERE id BETWEEN 6597112 AND 6597212
	Index Scan using sbtest1_pkey on sbtest1  (cost=0.43..354.46 rows=89 width=125)
	  Index Cond: ((id >= 6597112) AND (id <= 6597212))

table 2 : explain SELECT id, c FROM sbtest2 WHERE id BETWEEN 6597112 AND 6597212
	Index Scan using sbtest2_pkey on sbtest2  (cost=0.43..385.79 rows=97 width=125)
	  Index Cond: ((id >= 6597112) AND (id <= 6597212))

table 3 : explain SELECT id, c FROM sbtest3 WHERE id BETWEEN 6597112 AND 6597212
	Index Scan using sbtest3_pkey on sbtest3  (cost=0.43..377.22 rows=95 width=125)
	  Index Cond: ((id >= 6597112) AND (id <= 6597212))

table 4 : explain SELECT id, c FROM sbtest4 WHERE id BETWEEN 6597112 AND 6597212
	Index Scan using sbtest4_pkey on sbtest4  (cost=0.43..416.30 rows=105 width=125)
	  Index Cond: ((id >= 6597112) AND (id <= 6597212))

table 5 : explain SELECT id, c FROM sbtest5 WHERE id BETWEEN 6597112 AND 6597212
	Index Scan using sbtest5_pkey on sbtest5  (cost=0.43..377.08 rows=95 width=125)
	  Index Cond: ((id >= 6597112) AND (id <= 6597212))

table 6 : explain SELECT id, c FROM sbtest6 WHERE id BETWEEN 6597112 AND 6597212
	Index Scan using sbtest6_pkey on sbtest6  (cost=0.43..457.43 rows=116 width=125)
	  Index Cond: ((id >= 6597112) AND (id <= 6597212))

table 7 : explain SELECT id, c FROM sbtest7 WHERE id BETWEEN 6597112 AND 6597212
	Index Scan using sbtest7_pkey on sbtest7  (cost=0.43..386.28 rows=97 width=125)
	  Index Cond: ((id >= 6597112) AND (id <= 6597212))

table 8 : explain SELECT id, c FROM sbtest8 WHERE id BETWEEN 6597112 AND 6597212
	Index Scan using sbtest8_pkey on sbtest8  (cost=0.43..416.69 rows=105 width=125)
	  Index Cond: ((id >= 6597112) AND (id <= 6597212))

for range-notcovered
table 1 : explain SELECT id, c FROM sbtest1 WHERE id BETWEEN 6229437 AND 6229537
	Index Scan using sbtest1_pkey on sbtest1  (cost=0.43..409.52 rows=103 width=125)
	  Index Cond: ((id >= 6229437) AND (id <= 6229537))

table 2 : explain SELECT id, c FROM sbtest2 WHERE id BETWEEN 6229437 AND 6229537
	Index Scan using sbtest2_pkey on sbtest2  (cost=0.43..401.53 rows=101 width=125)
	  Index Cond: ((id >= 6229437) AND (id <= 6229537))

table 3 : explain SELECT id, c FROM sbtest3 WHERE id BETWEEN 6229437 AND 6229537
	Index Scan using sbtest3_pkey on sbtest3  (cost=0.43..408.63 rows=103 width=125)
	  Index Cond: ((id >= 6229437) AND (id <= 6229537))

table 4 : explain SELECT id, c FROM sbtest4 WHERE id BETWEEN 6229437 AND 6229537
	Index Scan using sbtest4_pkey on sbtest4  (cost=0.43..412.38 rows=104 width=125)
	  Index Cond: ((id >= 6229437) AND (id <= 6229537))

table 5 : explain SELECT id, c FROM sbtest5 WHERE id BETWEEN 6229437 AND 6229537
	Index Scan using sbtest5_pkey on sbtest5  (cost=0.43..361.40 rows=91 width=125)
	  Index Cond: ((id >= 6229437) AND (id <= 6229537))

table 6 : explain SELECT id, c FROM sbtest6 WHERE id BETWEEN 6229437 AND 6229537
	Index Scan using sbtest6_pkey on sbtest6  (cost=0.43..383.26 rows=97 width=125)
	  Index Cond: ((id >= 6229437) AND (id <= 6229537))

table 7 : explain SELECT id, c FROM sbtest7 WHERE id BETWEEN 6229437 AND 6229537
	Index Scan using sbtest7_pkey on sbtest7  (cost=0.43..402.05 rows=101 width=125)
	  Index Cond: ((id >= 6229437) AND (id <= 6229537))

table 8 : explain SELECT id, c FROM sbtest8 WHERE id BETWEEN 6229437 AND 6229537
	Index Scan using sbtest8_pkey on sbtest8  (cost=0.43..400.99 rows=101 width=125)
	  Index Cond: ((id >= 6229437) AND (id <= 6229537))

explain: for range-notcovered :: explain SELECT id, c FROM sbtest%d WHERE id BETWEEN 6597112 AND 6597212
explain: for range-notcovered :: explain SELECT id, c FROM sbtest%d WHERE id BETWEEN 6229437 AND 6229537
for range-notcovered
table 1 : explain SELECT id, c FROM sbtest1 WHERE id BETWEEN 2924772 AND 2924872
	Index Scan using sbtest1_pkey on sbtest1  (cost=0.43..393.80 rows=99 width=125)
	  Index Cond: ((id >= 2924772) AND (id <= 2924872))

table 2 : explain SELECT id, c FROM sbtest2 WHERE id BETWEEN 2924772 AND 2924872
	Index Scan using sbtest2_pkey on sbtest2  (cost=0.43..397.60 rows=100 width=125)
	  Index Cond: ((id >= 2924772) AND (id <= 2924872))

table 3 : explain SELECT id, c FROM sbtest3 WHERE id BETWEEN 2924772 AND 2924872
	Index Scan using sbtest3_pkey on sbtest3  (cost=0.43..385.07 rows=97 width=125)
	  Index Cond: ((id >= 2924772) AND (id <= 2924872))

table 4 : explain SELECT id, c FROM sbtest4 WHERE id BETWEEN 2924772 AND 2924872
	Index Scan using sbtest4_pkey on sbtest4  (cost=0.43..400.62 rows=101 width=125)
	  Index Cond: ((id >= 2924772) AND (id <= 2924872))

table 5 : explain SELECT id, c FROM sbtest5 WHERE id BETWEEN 2924772 AND 2924872
	Index Scan using sbtest5_pkey on sbtest5  (cost=0.43..396.69 rows=100 width=125)
	  Index Cond: ((id >= 2924772) AND (id <= 2924872))

table 6 : explain SELECT id, c FROM sbtest6 WHERE id BETWEEN 2924772 AND 2924872
	Index Scan using sbtest6_pkey on sbtest6  (cost=0.43..375.43 rows=95 width=125)
	  Index Cond: ((id >= 2924772) AND (id <= 2924872))

table 7 : explain SELECT id, c FROM sbtest7 WHERE id BETWEEN 2924772 AND 2924872
	Index Scan using sbtest7_pkey on sbtest7  (cost=0.43..437.46 rows=110 width=125)
	  Index Cond: ((id >= 2924772) AND (id <= 2924872))

table 8 : explain SELECT id, c FROM sbtest8 WHERE id BETWEEN 2924772 AND 2924872
	Index Scan using sbtest8_pkey on sbtest8  (cost=0.43..349.94 rows=88 width=125)
	  Index Cond: ((id >= 2924772) AND (id <= 2924872))

for range-notcovered
table 1 : explain SELECT id, c FROM sbtest1 WHERE id BETWEEN 3480616 AND 3480716
	Index Scan using sbtest1_pkey on sbtest1  (cost=0.43..385.91 rows=97 width=125)
	  Index Cond: ((id >= 3480616) AND (id <= 3480716))

table 2 : explain SELECT id, c FROM sbtest2 WHERE id BETWEEN 3480616 AND 3480716
	Index Scan using sbtest2_pkey on sbtest2  (cost=0.43..432.97 rows=109 width=125)
	  Index Cond: ((id >= 3480616) AND (id <= 3480716))

table 3 : explain SELECT id, c FROM sbtest3 WHERE id BETWEEN 3480616 AND 3480716
	Index Scan using sbtest3_pkey on sbtest3  (cost=0.43..392.94 rows=99 width=125)
	  Index Cond: ((id >= 3480616) AND (id <= 3480716))

table 4 : explain SELECT id, c FROM sbtest4 WHERE id BETWEEN 3480616 AND 3480716
	Index Scan using sbtest4_pkey on sbtest4  (cost=0.43..431.98 rows=109 width=125)
	  Index Cond: ((id >= 3480616) AND (id <= 3480716))

table 5 : explain SELECT id, c FROM sbtest5 WHERE id BETWEEN 3480616 AND 3480716
	Index Scan using sbtest5_pkey on sbtest5  (cost=0.43..384.93 rows=97 width=125)
	  Index Cond: ((id >= 3480616) AND (id <= 3480716))

table 6 : explain SELECT id, c FROM sbtest6 WHERE id BETWEEN 3480616 AND 3480716
	Index Scan using sbtest6_pkey on sbtest6  (cost=0.43..398.88 rows=101 width=125)
	  Index Cond: ((id >= 3480616) AND (id <= 3480716))

table 7 : explain SELECT id, c FROM sbtest7 WHERE id BETWEEN 3480616 AND 3480716
	Index Scan using sbtest7_pkey on sbtest7  (cost=0.43..382.35 rows=96 width=125)
	  Index Cond: ((id >= 3480616) AND (id <= 3480716))

table 8 : explain SELECT id, c FROM sbtest8 WHERE id BETWEEN 3480616 AND 3480716
	Index Scan using sbtest8_pkey on sbtest8  (cost=0.43..373.49 rows=94 width=125)
	  Index Cond: ((id >= 3480616) AND (id <= 3480716))

explain: for range-notcovered :: explain SELECT id, c FROM sbtest%d WHERE id BETWEEN 2924772 AND 2924872
explain: for range-notcovered :: explain SELECT id, c FROM sbtest%d WHERE id BETWEEN 3480616 AND 3480716
explain: for range-notcovered :: explain SELECT id, c FROM sbtest%d WHERE id BETWEEN 3146289 AND 3146389
for range-notcovered
table 1 : explain SELECT id, c FROM sbtest1 WHERE id BETWEEN 6107031 AND 6107131
	Index Scan using sbtest1_pkey on sbtest1  (cost=0.43..358.39 rows=90 width=125)
	  Index Cond: ((id >= 6107031) AND (id <= 6107131))

table 2 : explain SELECT id, c FROM sbtest2 WHERE id BETWEEN 6107031 AND 6107131
	Index Scan using sbtest2_pkey on sbtest2  (cost=0.43..405.46 rows=102 width=125)
	  Index Cond: ((id >= 6107031) AND (id <= 6107131))

table 3 : explain SELECT id, c FROM sbtest3 WHERE id BETWEEN 6107031 AND 6107131
	Index Scan using sbtest3_pkey on sbtest3  (cost=0.43..420.39 rows=106 width=125)
	  Index Cond: ((id >= 6107031) AND (id <= 6107131))

table 4 : explain SELECT id, c FROM sbtest4 WHERE id BETWEEN 6107031 AND 6107131
	Index Scan using sbtest4_pkey on sbtest4  (cost=0.43..420.22 rows=106 width=125)
	  Index Cond: ((id >= 6107031) AND (id <= 6107131))

table 5 : explain SELECT id, c FROM sbtest5 WHERE id BETWEEN 6107031 AND 6107131
	Index Scan using sbtest5_pkey on sbtest5  (cost=0.43..400.61 rows=101 width=125)
	  Index Cond: ((id >= 6107031) AND (id <= 6107131))

table 6 : explain SELECT id, c FROM sbtest6 WHERE id BETWEEN 6107031 AND 6107131
	Index Scan using sbtest6_pkey on sbtest6  (cost=0.43..371.52 rows=94 width=125)
	  Index Cond: ((id >= 6107031) AND (id <= 6107131))

table 7 : explain SELECT id, c FROM sbtest7 WHERE id BETWEEN 6107031 AND 6107131
	Index Scan using sbtest7_pkey on sbtest7  (cost=0.43..382.35 rows=96 width=125)
	  Index Cond: ((id >= 6107031) AND (id <= 6107131))

table 8 : explain SELECT id, c FROM sbtest8 WHERE id BETWEEN 6107031 AND 6107131
	Index Scan using sbtest8_pkey on sbtest8  (cost=0.43..397.06 rows=100 width=125)
	  Index Cond: ((id >= 6107031) AND (id <= 6107131))

for range-notcovered
table 1 : explain SELECT id, c FROM sbtest1 WHERE id BETWEEN 7989946 AND 7990046
	Index Scan using sbtest1_pkey on sbtest1  (cost=0.43..405.59 rows=102 width=125)
	  Index Cond: ((id >= 7989946) AND (id <= 7990046))

table 2 : explain SELECT id, c FROM sbtest2 WHERE id BETWEEN 7989946 AND 7990046
	Index Scan using sbtest2_pkey on sbtest2  (cost=0.43..381.86 rows=96 width=125)
	  Index Cond: ((id >= 7989946) AND (id <= 7990046))

table 3 : explain SELECT id, c FROM sbtest3 WHERE id BETWEEN 7989946 AND 7990046
	Index Scan using sbtest3_pkey on sbtest3  (cost=0.43..396.86 rows=100 width=125)
	  Index Cond: ((id >= 7989946) AND (id <= 7990046))

table 4 : explain SELECT id, c FROM sbtest4 WHERE id BETWEEN 7989946 AND 7990046
	Index Scan using sbtest4_pkey on sbtest4  (cost=0.43..416.30 rows=105 width=125)
	  Index Cond: ((id >= 7989946) AND (id <= 7990046))

table 5 : explain SELECT id, c FROM sbtest5 WHERE id BETWEEN 7989946 AND 7990046
	Index Scan using sbtest5_pkey on sbtest5  (cost=0.43..381.01 rows=96 width=125)
	  Index Cond: ((id >= 7989946) AND (id <= 7990046))

table 6 : explain SELECT id, c FROM sbtest6 WHERE id BETWEEN 7989946 AND 7990046
	Index Scan using sbtest6_pkey on sbtest6  (cost=0.43..414.49 rows=105 width=125)
	  Index Cond: ((id >= 7989946) AND (id <= 7990046))

table 7 : explain SELECT id, c FROM sbtest7 WHERE id BETWEEN 7989946 AND 7990046
	Index Scan using sbtest7_pkey on sbtest7  (cost=0.43..350.87 rows=88 width=125)
	  Index Cond: ((id >= 7989946) AND (id <= 7990046))

table 8 : explain SELECT id, c FROM sbtest8 WHERE id BETWEEN 7989946 AND 7990046
	Index Scan using sbtest8_pkey on sbtest8  (cost=0.43..369.57 rows=93 width=125)
	  Index Cond: ((id >= 7989946) AND (id <= 7990046))

explain: for range-notcovered :: explain SELECT id, c FROM sbtest%d WHERE id BETWEEN 6107031 AND 6107131
explain: for range-notcovered :: explain SELECT id, c FROM sbtest%d WHERE id BETWEEN 7989946 AND 7990046
for range-notcovered
table 1 : explain SELECT id, c FROM sbtest1 WHERE id BETWEEN 6597112 AND 6597212
	Index Scan using sbtest1_pkey on sbtest1  (cost=0.43..354.46 rows=89 width=125)
	  Index Cond: ((id >= 6597112) AND (id <= 6597212))

table 2 : explain SELECT id, c FROM sbtest2 WHERE id BETWEEN 6597112 AND 6597212
	Index Scan using sbtest2_pkey on sbtest2  (cost=0.43..385.79 rows=97 width=125)
	  Index Cond: ((id >= 6597112) AND (id <= 6597212))

table 3 : explain SELECT id, c FROM sbtest3 WHERE id BETWEEN 6597112 AND 6597212
	Index Scan using sbtest3_pkey on sbtest3  (cost=0.43..377.22 rows=95 width=125)
	  Index Cond: ((id >= 6597112) AND (id <= 6597212))

table 4 : explain SELECT id, c FROM sbtest4 WHERE id BETWEEN 6597112 AND 6597212
	Index Scan using sbtest4_pkey on sbtest4  (cost=0.43..416.30 rows=105 width=125)
	  Index Cond: ((id >= 6597112) AND (id <= 6597212))

table 5 : explain SELECT id, c FROM sbtest5 WHERE id BETWEEN 6597112 AND 6597212
	Index Scan using sbtest5_pkey on sbtest5  (cost=0.43..377.08 rows=95 width=125)
	  Index Cond: ((id >= 6597112) AND (id <= 6597212))

table 6 : explain SELECT id, c FROM sbtest6 WHERE id BETWEEN 6597112 AND 6597212
	Index Scan using sbtest6_pkey on sbtest6  (cost=0.43..457.43 rows=116 width=125)
	  Index Cond: ((id >= 6597112) AND (id <= 6597212))

table 7 : explain SELECT id, c FROM sbtest7 WHERE id BETWEEN 6597112 AND 6597212
	Index Scan using sbtest7_pkey on sbtest7  (cost=0.43..386.28 rows=97 width=125)
	  Index Cond: ((id >= 6597112) AND (id <= 6597212))

table 8 : explain SELECT id, c FROM sbtest8 WHERE id BETWEEN 6597112 AND 6597212
	Index Scan using sbtest8_pkey on sbtest8  (cost=0.43..416.69 rows=105 width=125)
	  Index Cond: ((id >= 6597112) AND (id <= 6597212))

explain: for range-notcovered :: explain SELECT id, c FROM sbtest%d WHERE id BETWEEN 6597112 AND 6597212
for range-notcovered
table 1 : explain SELECT id, c FROM sbtest1 WHERE id BETWEEN 6229437 AND 6229537
	Index Scan using sbtest1_pkey on sbtest1  (cost=0.43..409.52 rows=103 width=125)
	  Index Cond: ((id >= 6229437) AND (id <= 6229537))

table 2 : explain SELECT id, c FROM sbtest2 WHERE id BETWEEN 6229437 AND 6229537
	Index Scan using sbtest2_pkey on sbtest2  (cost=0.43..401.53 rows=101 width=125)
	  Index Cond: ((id >= 6229437) AND (id <= 6229537))

table 3 : explain SELECT id, c FROM sbtest3 WHERE id BETWEEN 6229437 AND 6229537
	Index Scan using sbtest3_pkey on sbtest3  (cost=0.43..408.63 rows=103 width=125)
	  Index Cond: ((id >= 6229437) AND (id <= 6229537))

table 4 : explain SELECT id, c FROM sbtest4 WHERE id BETWEEN 6229437 AND 6229537
	Index Scan using sbtest4_pkey on sbtest4  (cost=0.43..412.38 rows=104 width=125)
	  Index Cond: ((id >= 6229437) AND (id <= 6229537))

table 5 : explain SELECT id, c FROM sbtest5 WHERE id BETWEEN 6229437 AND 6229537
	Index Scan using sbtest5_pkey on sbtest5  (cost=0.43..361.40 rows=91 width=125)
	  Index Cond: ((id >= 6229437) AND (id <= 6229537))

table 6 : explain SELECT id, c FROM sbtest6 WHERE id BETWEEN 6229437 AND 6229537
	Index Scan using sbtest6_pkey on sbtest6  (cost=0.43..383.26 rows=97 width=125)
	  Index Cond: ((id >= 6229437) AND (id <= 6229537))

table 7 : explain SELECT id, c FROM sbtest7 WHERE id BETWEEN 6229437 AND 6229537
	Index Scan using sbtest7_pkey on sbtest7  (cost=0.43..402.05 rows=101 width=125)
	  Index Cond: ((id >= 6229437) AND (id <= 6229537))

table 8 : explain SELECT id, c FROM sbtest8 WHERE id BETWEEN 6229437 AND 6229537
	Index Scan using sbtest8_pkey on sbtest8  (cost=0.43..400.99 rows=101 width=125)
	  Index Cond: ((id >= 6229437) AND (id <= 6229537))

explain: for range-notcovered :: explain SELECT id, c FROM sbtest%d WHERE id BETWEEN 6229437 AND 6229537
for range-notcovered
table 1 : explain SELECT id, c FROM sbtest1 WHERE id BETWEEN 2924772 AND 2924872
	Index Scan using sbtest1_pkey on sbtest1  (cost=0.43..393.80 rows=99 width=125)
	  Index Cond: ((id >= 2924772) AND (id <= 2924872))

table 2 : explain SELECT id, c FROM sbtest2 WHERE id BETWEEN 2924772 AND 2924872
	Index Scan using sbtest2_pkey on sbtest2  (cost=0.43..397.60 rows=100 width=125)
	  Index Cond: ((id >= 2924772) AND (id <= 2924872))

table 3 : explain SELECT id, c FROM sbtest3 WHERE id BETWEEN 2924772 AND 2924872
	Index Scan using sbtest3_pkey on sbtest3  (cost=0.43..385.07 rows=97 width=125)
	  Index Cond: ((id >= 2924772) AND (id <= 2924872))

table 4 : explain SELECT id, c FROM sbtest4 WHERE id BETWEEN 2924772 AND 2924872
	Index Scan using sbtest4_pkey on sbtest4  (cost=0.43..400.62 rows=101 width=125)
	  Index Cond: ((id >= 2924772) AND (id <= 2924872))

table 5 : explain SELECT id, c FROM sbtest5 WHERE id BETWEEN 2924772 AND 2924872
	Index Scan using sbtest5_pkey on sbtest5  (cost=0.43..396.69 rows=100 width=125)
	  Index Cond: ((id >= 2924772) AND (id <= 2924872))

table 6 : explain SELECT id, c FROM sbtest6 WHERE id BETWEEN 2924772 AND 2924872
	Index Scan using sbtest6_pkey on sbtest6  (cost=0.43..375.43 rows=95 width=125)
	  Index Cond: ((id >= 2924772) AND (id <= 2924872))

table 7 : explain SELECT id, c FROM sbtest7 WHERE id BETWEEN 2924772 AND 2924872
	Index Scan using sbtest7_pkey on sbtest7  (cost=0.43..437.46 rows=110 width=125)
	  Index Cond: ((id >= 2924772) AND (id <= 2924872))

table 8 : explain SELECT id, c FROM sbtest8 WHERE id BETWEEN 2924772 AND 2924872
	Index Scan using sbtest8_pkey on sbtest8  (cost=0.43..349.94 rows=88 width=125)
	  Index Cond: ((id >= 2924772) AND (id <= 2924872))

for range-notcovered
table 1 : explain SELECT id, c FROM sbtest1 WHERE id BETWEEN 3480616 AND 3480716
	Index Scan using sbtest1_pkey on sbtest1  (cost=0.43..385.91 rows=97 width=125)
	  Index Cond: ((id >= 3480616) AND (id <= 3480716))

table 2 : explain SELECT id, c FROM sbtest2 WHERE id BETWEEN 3480616 AND 3480716
	Index Scan using sbtest2_pkey on sbtest2  (cost=0.43..432.97 rows=109 width=125)
	  Index Cond: ((id >= 3480616) AND (id <= 3480716))

table 3 : explain SELECT id, c FROM sbtest3 WHERE id BETWEEN 3480616 AND 3480716
	Index Scan using sbtest3_pkey on sbtest3  (cost=0.43..392.94 rows=99 width=125)
	  Index Cond: ((id >= 3480616) AND (id <= 3480716))

table 4 : explain SELECT id, c FROM sbtest4 WHERE id BETWEEN 3480616 AND 3480716
	Index Scan using sbtest4_pkey on sbtest4  (cost=0.43..431.98 rows=109 width=125)
	  Index Cond: ((id >= 3480616) AND (id <= 3480716))

table 5 : explain SELECT id, c FROM sbtest5 WHERE id BETWEEN 3480616 AND 3480716
	Index Scan using sbtest5_pkey on sbtest5  (cost=0.43..384.93 rows=97 width=125)
	  Index Cond: ((id >= 3480616) AND (id <= 3480716))

table 6 : explain SELECT id, c FROM sbtest6 WHERE id BETWEEN 3480616 AND 3480716
	Index Scan using sbtest6_pkey on sbtest6  (cost=0.43..398.88 rows=101 width=125)
	  Index Cond: ((id >= 3480616) AND (id <= 3480716))

table 7 : explain SELECT id, c FROM sbtest7 WHERE id BETWEEN 3480616 AND 3480716
	Index Scan using sbtest7_pkey on sbtest7  (cost=0.43..382.35 rows=96 width=125)
	  Index Cond: ((id >= 3480616) AND (id <= 3480716))

table 8 : explain SELECT id, c FROM sbtest8 WHERE id BETWEEN 3480616 AND 3480716
	Index Scan using sbtest8_pkey on sbtest8  (cost=0.43..373.49 rows=94 width=125)
	  Index Cond: ((id >= 3480616) AND (id <= 3480716))

for range-notcovered
table 1 : explain SELECT id, c FROM sbtest1 WHERE id BETWEEN 6370399 AND 6370499
	Index Scan using sbtest1_pkey on sbtest1  (cost=0.43..417.39 rows=105 width=125)
	  Index Cond: ((id >= 6370399) AND (id <= 6370499))

table 2 : explain SELECT id, c FROM sbtest2 WHERE id BETWEEN 6370399 AND 6370499
	Index Scan using sbtest2_pkey on sbtest2  (cost=0.43..413.32 rows=104 width=125)
	  Index Cond: ((id >= 6370399) AND (id <= 6370499))

table 3 : explain SELECT id, c FROM sbtest3 WHERE id BETWEEN 6370399 AND 6370499
	Index Scan using sbtest3_pkey on sbtest3  (cost=0.43..385.07 rows=97 width=125)
	  Index Cond: ((id >= 6370399) AND (id <= 6370499))

table 4 : explain SELECT id, c FROM sbtest4 WHERE id BETWEEN 6370399 AND 6370499
	Index Scan using sbtest4_pkey on sbtest4  (cost=0.43..435.90 rows=110 width=125)
	  Index Cond: ((id >= 6370399) AND (id <= 6370499))

table 5 : explain SELECT id, c FROM sbtest5 WHERE id BETWEEN 6370399 AND 6370499
	Index Scan using sbtest5_pkey on sbtest5  (cost=0.43..396.69 rows=100 width=125)
	  Index Cond: ((id >= 6370399) AND (id <= 6370499))

table 6 : explain SELECT id, c FROM sbtest6 WHERE id BETWEEN 6370399 AND 6370499
	Index Scan using sbtest6_pkey on sbtest6  (cost=0.43..418.39 rows=106 width=125)
	  Index Cond: ((id >= 6370399) AND (id <= 6370499))

table 7 : explain SELECT id, c FROM sbtest7 WHERE id BETWEEN 6370399 AND 6370499
	Index Scan using sbtest7_pkey on sbtest7  (cost=0.43..405.98 rows=102 width=125)
	  Index Cond: ((id >= 6370399) AND (id <= 6370499))

table 8 : explain SELECT id, c FROM sbtest8 WHERE id BETWEEN 6370399 AND 6370499
	Index Scan using sbtest8_pkey on sbtest8  (cost=0.43..412.76 rows=104 width=125)
	  Index Cond: ((id >= 6370399) AND (id <= 6370499))

explain: for range-notcovered :: explain SELECT id, c FROM sbtest%d WHERE id BETWEEN 6370399 AND 6370499
for range-notcovered
table 1 : explain SELECT id, c FROM sbtest1 WHERE id BETWEEN 6107031 AND 6107131
	Index Scan using sbtest1_pkey on sbtest1  (cost=0.43..358.39 rows=90 width=125)
	  Index Cond: ((id >= 6107031) AND (id <= 6107131))

table 2 : explain SELECT id, c FROM sbtest2 WHERE id BETWEEN 6107031 AND 6107131
	Index Scan using sbtest2_pkey on sbtest2  (cost=0.43..405.46 rows=102 width=125)
	  Index Cond: ((id >= 6107031) AND (id <= 6107131))

table 3 : explain SELECT id, c FROM sbtest3 WHERE id BETWEEN 6107031 AND 6107131
	Index Scan using sbtest3_pkey on sbtest3  (cost=0.43..420.39 rows=106 width=125)
	  Index Cond: ((id >= 6107031) AND (id <= 6107131))

table 4 : explain SELECT id, c FROM sbtest4 WHERE id BETWEEN 6107031 AND 6107131
	Index Scan using sbtest4_pkey on sbtest4  (cost=0.43..420.22 rows=106 width=125)
	  Index Cond: ((id >= 6107031) AND (id <= 6107131))

table 5 : explain SELECT id, c FROM sbtest5 WHERE id BETWEEN 6107031 AND 6107131
	Index Scan using sbtest5_pkey on sbtest5  (cost=0.43..400.61 rows=101 width=125)
	  Index Cond: ((id >= 6107031) AND (id <= 6107131))

table 6 : explain SELECT id, c FROM sbtest6 WHERE id BETWEEN 6107031 AND 6107131
	Index Scan using sbtest6_pkey on sbtest6  (cost=0.43..371.52 rows=94 width=125)
	  Index Cond: ((id >= 6107031) AND (id <= 6107131))

table 7 : explain SELECT id, c FROM sbtest7 WHERE id BETWEEN 6107031 AND 6107131
	Index Scan using sbtest7_pkey on sbtest7  (cost=0.43..382.35 rows=96 width=125)
	  Index Cond: ((id >= 6107031) AND (id <= 6107131))

table 8 : explain SELECT id, c FROM sbtest8 WHERE id BETWEEN 6107031 AND 6107131
	Index Scan using sbtest8_pkey on sbtest8  (cost=0.43..397.06 rows=100 width=125)
	  Index Cond: ((id >= 6107031) AND (id <= 6107131))

for range-notcovered
table 1 : explain SELECT id, c FROM sbtest1 WHERE id BETWEEN 7989946 AND 7990046
	Index Scan using sbtest1_pkey on sbtest1  (cost=0.43..405.59 rows=102 width=125)
	  Index Cond: ((id >= 7989946) AND (id <= 7990046))

table 2 : explain SELECT id, c FROM sbtest2 WHERE id BETWEEN 7989946 AND 7990046
	Index Scan using sbtest2_pkey on sbtest2  (cost=0.43..381.86 rows=96 width=125)
	  Index Cond: ((id >= 7989946) AND (id <= 7990046))

table 3 : explain SELECT id, c FROM sbtest3 WHERE id BETWEEN 7989946 AND 7990046
	Index Scan using sbtest3_pkey on sbtest3  (cost=0.43..396.86 rows=100 width=125)
	  Index Cond: ((id >= 7989946) AND (id <= 7990046))

table 4 : explain SELECT id, c FROM sbtest4 WHERE id BETWEEN 7989946 AND 7990046
	Index Scan using sbtest4_pkey on sbtest4  (cost=0.43..416.30 rows=105 width=125)
	  Index Cond: ((id >= 7989946) AND (id <= 7990046))

table 5 : explain SELECT id, c FROM sbtest5 WHERE id BETWEEN 7989946 AND 7990046
	Index Scan using sbtest5_pkey on sbtest5  (cost=0.43..381.01 rows=96 width=125)
	  Index Cond: ((id >= 7989946) AND (id <= 7990046))

table 6 : explain SELECT id, c FROM sbtest6 WHERE id BETWEEN 7989946 AND 7990046
	Index Scan using sbtest6_pkey on sbtest6  (cost=0.43..414.49 rows=105 width=125)
	  Index Cond: ((id >= 7989946) AND (id <= 7990046))

table 7 : explain SELECT id, c FROM sbtest7 WHERE id BETWEEN 7989946 AND 7990046
	Index Scan using sbtest7_pkey on sbtest7  (cost=0.43..350.87 rows=88 width=125)
	  Index Cond: ((id >= 7989946) AND (id <= 7990046))

table 8 : explain SELECT id, c FROM sbtest8 WHERE id BETWEEN 7989946 AND 7990046
	Index Scan using sbtest8_pkey on sbtest8  (cost=0.43..369.57 rows=93 width=125)
	  Index Cond: ((id >= 7989946) AND (id <= 7990046))

for range-notcovered
table 1 : explain SELECT id, c FROM sbtest1 WHERE id BETWEEN 6597112 AND 6597212
	Index Scan using sbtest1_pkey on sbtest1  (cost=0.43..354.46 rows=89 width=125)
	  Index Cond: ((id >= 6597112) AND (id <= 6597212))

table 2 : explain SELECT id, c FROM sbtest2 WHERE id BETWEEN 6597112 AND 6597212
	Index Scan using sbtest2_pkey on sbtest2  (cost=0.43..385.79 rows=97 width=125)
	  Index Cond: ((id >= 6597112) AND (id <= 6597212))

table 3 : explain SELECT id, c FROM sbtest3 WHERE id BETWEEN 6597112 AND 6597212
	Index Scan using sbtest3_pkey on sbtest3  (cost=0.43..377.22 rows=95 width=125)
	  Index Cond: ((id >= 6597112) AND (id <= 6597212))

table 4 : explain SELECT id, c FROM sbtest4 WHERE id BETWEEN 6597112 AND 6597212
	Index Scan using sbtest4_pkey on sbtest4  (cost=0.43..416.30 rows=105 width=125)
	  Index Cond: ((id >= 6597112) AND (id <= 6597212))

table 5 : explain SELECT id, c FROM sbtest5 WHERE id BETWEEN 6597112 AND 6597212
	Index Scan using sbtest5_pkey on sbtest5  (cost=0.43..377.08 rows=95 width=125)
	  Index Cond: ((id >= 6597112) AND (id <= 6597212))

table 6 : explain SELECT id, c FROM sbtest6 WHERE id BETWEEN 6597112 AND 6597212
	Index Scan using sbtest6_pkey on sbtest6  (cost=0.43..457.43 rows=116 width=125)
	  Index Cond: ((id >= 6597112) AND (id <= 6597212))

table 7 : explain SELECT id, c FROM sbtest7 WHERE id BETWEEN 6597112 AND 6597212
	Index Scan using sbtest7_pkey on sbtest7  (cost=0.43..386.28 rows=97 width=125)
	  Index Cond: ((id >= 6597112) AND (id <= 6597212))

table 8 : explain SELECT id, c FROM sbtest8 WHERE id BETWEEN 6597112 AND 6597212
	Index Scan using sbtest8_pkey on sbtest8  (cost=0.43..416.69 rows=105 width=125)
	  Index Cond: ((id >= 6597112) AND (id <= 6597212))

explain: for range-notcovered :: explain SELECT id, c FROM sbtest%d WHERE id BETWEEN 7989946 AND 7990046
explain: for range-notcovered :: explain SELECT id, c FROM sbtest%d WHERE id BETWEEN 6597112 AND 6597212
for range-notcovered
table 1 : explain SELECT id, c FROM sbtest1 WHERE id BETWEEN 6229437 AND 6229537
	Index Scan using sbtest1_pkey on sbtest1  (cost=0.43..409.52 rows=103 width=125)
	  Index Cond: ((id >= 6229437) AND (id <= 6229537))

table 2 : explain SELECT id, c FROM sbtest2 WHERE id BETWEEN 6229437 AND 6229537
	Index Scan using sbtest2_pkey on sbtest2  (cost=0.43..401.53 rows=101 width=125)
	  Index Cond: ((id >= 6229437) AND (id <= 6229537))

table 3 : explain SELECT id, c FROM sbtest3 WHERE id BETWEEN 6229437 AND 6229537
	Index Scan using sbtest3_pkey on sbtest3  (cost=0.43..408.63 rows=103 width=125)
	  Index Cond: ((id >= 6229437) AND (id <= 6229537))

table 4 : explain SELECT id, c FROM sbtest4 WHERE id BETWEEN 6229437 AND 6229537
	Index Scan using sbtest4_pkey on sbtest4  (cost=0.43..412.38 rows=104 width=125)
	  Index Cond: ((id >= 6229437) AND (id <= 6229537))

table 5 : explain SELECT id, c FROM sbtest5 WHERE id BETWEEN 6229437 AND 6229537
	Index Scan using sbtest5_pkey on sbtest5  (cost=0.43..361.40 rows=91 width=125)
	  Index Cond: ((id >= 6229437) AND (id <= 6229537))

table 6 : explain SELECT id, c FROM sbtest6 WHERE id BETWEEN 6229437 AND 6229537
	Index Scan using sbtest6_pkey on sbtest6  (cost=0.43..383.26 rows=97 width=125)
	  Index Cond: ((id >= 6229437) AND (id <= 6229537))

table 7 : explain SELECT id, c FROM sbtest7 WHERE id BETWEEN 6229437 AND 6229537
	Index Scan using sbtest7_pkey on sbtest7  (cost=0.43..402.05 rows=101 width=125)
	  Index Cond: ((id >= 6229437) AND (id <= 6229537))

table 8 : explain SELECT id, c FROM sbtest8 WHERE id BETWEEN 6229437 AND 6229537
	Index Scan using sbtest8_pkey on sbtest8  (cost=0.43..400.99 rows=101 width=125)
	  Index Cond: ((id >= 6229437) AND (id <= 6229537))

explain: for range-notcovered :: explain SELECT id, c FROM sbtest%d WHERE id BETWEEN 6229437 AND 6229537
for range-notcovered
table 1 : explain SELECT id, c FROM sbtest1 WHERE id BETWEEN 6370399 AND 6370499
	Index Scan using sbtest1_pkey on sbtest1  (cost=0.43..417.39 rows=105 width=125)
	  Index Cond: ((id >= 6370399) AND (id <= 6370499))

table 2 : explain SELECT id, c FROM sbtest2 WHERE id BETWEEN 6370399 AND 6370499
	Index Scan using sbtest2_pkey on sbtest2  (cost=0.43..413.32 rows=104 width=125)
	  Index Cond: ((id >= 6370399) AND (id <= 6370499))

table 3 : explain SELECT id, c FROM sbtest3 WHERE id BETWEEN 6370399 AND 6370499
	Index Scan using sbtest3_pkey on sbtest3  (cost=0.43..385.07 rows=97 width=125)
	  Index Cond: ((id >= 6370399) AND (id <= 6370499))

table 4 : explain SELECT id, c FROM sbtest4 WHERE id BETWEEN 6370399 AND 6370499
	Index Scan using sbtest4_pkey on sbtest4  (cost=0.43..435.90 rows=110 width=125)
	  Index Cond: ((id >= 6370399) AND (id <= 6370499))

table 5 : explain SELECT id, c FROM sbtest5 WHERE id BETWEEN 6370399 AND 6370499
	Index Scan using sbtest5_pkey on sbtest5  (cost=0.43..396.69 rows=100 width=125)
	  Index Cond: ((id >= 6370399) AND (id <= 6370499))

table 6 : explain SELECT id, c FROM sbtest6 WHERE id BETWEEN 6370399 AND 6370499
	Index Scan using sbtest6_pkey on sbtest6  (cost=0.43..418.39 rows=106 width=125)
	  Index Cond: ((id >= 6370399) AND (id <= 6370499))

table 7 : explain SELECT id, c FROM sbtest7 WHERE id BETWEEN 6370399 AND 6370499
	Index Scan using sbtest7_pkey on sbtest7  (cost=0.43..405.98 rows=102 width=125)
	  Index Cond: ((id >= 6370399) AND (id <= 6370499))

table 8 : explain SELECT id, c FROM sbtest8 WHERE id BETWEEN 6370399 AND 6370499
	Index Scan using sbtest8_pkey on sbtest8  (cost=0.43..412.76 rows=104 width=125)
	  Index Cond: ((id >= 6370399) AND (id <= 6370499))

for range-notcovered
table 1 : explain SELECT id, c FROM sbtest1 WHERE id BETWEEN 6882148 AND 6882248
	Index Scan using sbtest1_pkey on sbtest1  (cost=0.43..389.85 rows=98 width=125)
	  Index Cond: ((id >= 6882148) AND (id <= 6882248))

table 2 : explain SELECT id, c FROM sbtest2 WHERE id BETWEEN 6882148 AND 6882248
	Index Scan using sbtest2_pkey on sbtest2  (cost=0.43..374.00 rows=94 width=125)
	  Index Cond: ((id >= 6882148) AND (id <= 6882248))

table 3 : explain SELECT id, c FROM sbtest3 WHERE id BETWEEN 6882148 AND 6882248
	Index Scan using sbtest3_pkey on sbtest3  (cost=0.43..420.39 rows=106 width=125)
	  Index Cond: ((id >= 6882148) AND (id <= 6882248))

table 4 : explain SELECT id, c FROM sbtest4 WHERE id BETWEEN 6882148 AND 6882248
	Index Scan using sbtest4_pkey on sbtest4  (cost=0.43..373.17 rows=94 width=125)
	  Index Cond: ((id >= 6882148) AND (id <= 6882248))

table 5 : explain SELECT id, c FROM sbtest5 WHERE id BETWEEN 6882148 AND 6882248
	Index Scan using sbtest5_pkey on sbtest5  (cost=0.43..369.24 rows=93 width=125)
	  Index Cond: ((id >= 6882148) AND (id <= 6882248))

table 6 : explain SELECT id, c FROM sbtest6 WHERE id BETWEEN 6882148 AND 6882248
	Index Scan using sbtest6_pkey on sbtest6  (cost=0.43..398.88 rows=101 width=125)
	  Index Cond: ((id >= 6882148) AND (id <= 6882248))

table 7 : explain SELECT id, c FROM sbtest7 WHERE id BETWEEN 6882148 AND 6882248
	Index Scan using sbtest7_pkey on sbtest7  (cost=0.43..390.22 rows=98 width=125)
	  Index Cond: ((id >= 6882148) AND (id <= 6882248))

table 8 : explain SELECT id, c FROM sbtest8 WHERE id BETWEEN 6882148 AND 6882248
	Index Scan using sbtest8_pkey on sbtest8  (cost=0.43..412.76 rows=104 width=125)
	  Index Cond: ((id >= 6882148) AND (id <= 6882248))

explain: for range-notcovered :: explain SELECT id, c FROM sbtest%d WHERE id BETWEEN 6370399 AND 6370499
explain: for range-notcovered :: explain SELECT id, c FROM sbtest%d WHERE id BETWEEN 6882148 AND 6882248
explain: for range-notcovered :: explain SELECT id, c FROM sbtest%d WHERE id BETWEEN 4374508 AND 4374608
for range-notcovered
table 1 : explain SELECT id, c FROM sbtest1 WHERE id BETWEEN 5748088 AND 5748188
	Index Scan using sbtest1_pkey on sbtest1  (cost=0.43..370.19 rows=93 width=125)
	  Index Cond: ((id >= 5748088) AND (id <= 5748188))

table 2 : explain SELECT id, c FROM sbtest2 WHERE id BETWEEN 5748088 AND 5748188
	Index Scan using sbtest2_pkey on sbtest2  (cost=0.43..366.14 rows=92 width=125)
	  Index Cond: ((id >= 5748088) AND (id <= 5748188))

table 3 : explain SELECT id, c FROM sbtest3 WHERE id BETWEEN 5748088 AND 5748188
	Index Scan using sbtest3_pkey on sbtest3  (cost=0.43..443.93 rows=112 width=125)
	  Index Cond: ((id >= 5748088) AND (id <= 5748188))

table 4 : explain SELECT id, c FROM sbtest4 WHERE id BETWEEN 5748088 AND 5748188
	Index Scan using sbtest4_pkey on sbtest4  (cost=0.43..447.67 rows=113 width=125)
	  Index Cond: ((id >= 5748088) AND (id <= 5748188))

table 5 : explain SELECT id, c FROM sbtest5 WHERE id BETWEEN 5748088 AND 5748188
	Index Scan using sbtest5_pkey on sbtest5  (cost=0.43..416.29 rows=105 width=125)
	  Index Cond: ((id >= 5748088) AND (id <= 5748188))

table 6 : explain SELECT id, c FROM sbtest6 WHERE id BETWEEN 5748088 AND 5748188
	Index Scan using sbtest6_pkey on sbtest6  (cost=0.43..398.88 rows=101 width=125)
	  Index Cond: ((id >= 5748088) AND (id <= 5748188))

table 7 : explain SELECT id, c FROM sbtest7 WHERE id BETWEEN 5748088 AND 5748188
	Index Scan using sbtest7_pkey on sbtest7  (cost=0.43..413.85 rows=104 width=125)
	  Index Cond: ((id >= 5748088) AND (id <= 5748188))

table 8 : explain SELECT id, c FROM sbtest8 WHERE id BETWEEN 5748088 AND 5748188
	Index Scan using sbtest8_pkey on sbtest8  (cost=0.43..385.26 rows=97 width=125)
	  Index Cond: ((id >= 5748088) AND (id <= 5748188))

for range-notcovered
table 1 : explain SELECT id, c FROM sbtest1 WHERE id BETWEEN 6597112 AND 6597212
	Index Scan using sbtest1_pkey on sbtest1  (cost=0.43..354.46 rows=89 width=125)
	  Index Cond: ((id >= 6597112) AND (id <= 6597212))

table 2 : explain SELECT id, c FROM sbtest2 WHERE id BETWEEN 6597112 AND 6597212
	Index Scan using sbtest2_pkey on sbtest2  (cost=0.43..385.79 rows=97 width=125)
	  Index Cond: ((id >= 6597112) AND (id <= 6597212))

table 3 : explain SELECT id, c FROM sbtest3 WHERE id BETWEEN 6597112 AND 6597212
	Index Scan using sbtest3_pkey on sbtest3  (cost=0.43..377.22 rows=95 width=125)
	  Index Cond: ((id >= 6597112) AND (id <= 6597212))

table 4 : explain SELECT id, c FROM sbtest4 WHERE id BETWEEN 6597112 AND 6597212
	Index Scan using sbtest4_pkey on sbtest4  (cost=0.43..416.30 rows=105 width=125)
	  Index Cond: ((id >= 6597112) AND (id <= 6597212))

table 5 : explain SELECT id, c FROM sbtest5 WHERE id BETWEEN 6597112 AND 6597212
	Index Scan using sbtest5_pkey on sbtest5  (cost=0.43..377.08 rows=95 width=125)
	  Index Cond: ((id >= 6597112) AND (id <= 6597212))

table 6 : explain SELECT id, c FROM sbtest6 WHERE id BETWEEN 6597112 AND 6597212
	Index Scan using sbtest6_pkey on sbtest6  (cost=0.43..457.43 rows=116 width=125)
	  Index Cond: ((id >= 6597112) AND (id <= 6597212))

table 7 : explain SELECT id, c FROM sbtest7 WHERE id BETWEEN 6597112 AND 6597212
	Index Scan using sbtest7_pkey on sbtest7  (cost=0.43..386.28 rows=97 width=125)
	  Index Cond: ((id >= 6597112) AND (id <= 6597212))

table 8 : explain SELECT id, c FROM sbtest8 WHERE id BETWEEN 6597112 AND 6597212
	Index Scan using sbtest8_pkey on sbtest8  (cost=0.43..416.69 rows=105 width=125)
	  Index Cond: ((id >= 6597112) AND (id <= 6597212))

for range-notcovered
table 1 : explain SELECT id, c FROM sbtest1 WHERE id BETWEEN 7989946 AND 7990046
	Index Scan using sbtest1_pkey on sbtest1  (cost=0.43..405.59 rows=102 width=125)
	  Index Cond: ((id >= 7989946) AND (id <= 7990046))

table 2 : explain SELECT id, c FROM sbtest2 WHERE id BETWEEN 7989946 AND 7990046
	Index Scan using sbtest2_pkey on sbtest2  (cost=0.43..381.86 rows=96 width=125)
	  Index Cond: ((id >= 7989946) AND (id <= 7990046))

table 3 : explain SELECT id, c FROM sbtest3 WHERE id BETWEEN 7989946 AND 7990046
	Index Scan using sbtest3_pkey on sbtest3  (cost=0.43..396.86 rows=100 width=125)
	  Index Cond: ((id >= 7989946) AND (id <= 7990046))

table 4 : explain SELECT id, c FROM sbtest4 WHERE id BETWEEN 7989946 AND 7990046
	Index Scan using sbtest4_pkey on sbtest4  (cost=0.43..416.30 rows=105 width=125)
	  Index Cond: ((id >= 7989946) AND (id <= 7990046))

table 5 : explain SELECT id, c FROM sbtest5 WHERE id BETWEEN 7989946 AND 7990046
	Index Scan using sbtest5_pkey on sbtest5  (cost=0.43..381.01 rows=96 width=125)
	  Index Cond: ((id >= 7989946) AND (id <= 7990046))

table 6 : explain SELECT id, c FROM sbtest6 WHERE id BETWEEN 7989946 AND 7990046
	Index Scan using sbtest6_pkey on sbtest6  (cost=0.43..414.49 rows=105 width=125)
	  Index Cond: ((id >= 7989946) AND (id <= 7990046))

table 7 : explain SELECT id, c FROM sbtest7 WHERE id BETWEEN 7989946 AND 7990046
	Index Scan using sbtest7_pkey on sbtest7  (cost=0.43..350.87 rows=88 width=125)
	  Index Cond: ((id >= 7989946) AND (id <= 7990046))

table 8 : explain SELECT id, c FROM sbtest8 WHERE id BETWEEN 7989946 AND 7990046
	Index Scan using sbtest8_pkey on sbtest8  (cost=0.43..369.57 rows=93 width=125)
	  Index Cond: ((id >= 7989946) AND (id <= 7990046))

explain: for range-notcovered :: explain SELECT id, c FROM sbtest%d WHERE id BETWEEN 5748088 AND 5748188
for range-notcovered
table 1 : explain SELECT id, c FROM sbtest1 WHERE id BETWEEN 6229437 AND 6229537
	Index Scan using sbtest1_pkey on sbtest1  (cost=0.43..409.52 rows=103 width=125)
	  Index Cond: ((id >= 6229437) AND (id <= 6229537))

table 2 : explain SELECT id, c FROM sbtest2 WHERE id BETWEEN 6229437 AND 6229537
	Index Scan using sbtest2_pkey on sbtest2  (cost=0.43..401.53 rows=101 width=125)
	  Index Cond: ((id >= 6229437) AND (id <= 6229537))

table 3 : explain SELECT id, c FROM sbtest3 WHERE id BETWEEN 6229437 AND 6229537
	Index Scan using sbtest3_pkey on sbtest3  (cost=0.43..408.63 rows=103 width=125)
	  Index Cond: ((id >= 6229437) AND (id <= 6229537))

table 4 : explain SELECT id, c FROM sbtest4 WHERE id BETWEEN 6229437 AND 6229537
	Index Scan using sbtest4_pkey on sbtest4  (cost=0.43..412.38 rows=104 width=125)
	  Index Cond: ((id >= 6229437) AND (id <= 6229537))

table 5 : explain SELECT id, c FROM sbtest5 WHERE id BETWEEN 6229437 AND 6229537
	Index Scan using sbtest5_pkey on sbtest5  (cost=0.43..361.40 rows=91 width=125)
	  Index Cond: ((id >= 6229437) AND (id <= 6229537))

table 6 : explain SELECT id, c FROM sbtest6 WHERE id BETWEEN 6229437 AND 6229537
	Index Scan using sbtest6_pkey on sbtest6  (cost=0.43..383.26 rows=97 width=125)
	  Index Cond: ((id >= 6229437) AND (id <= 6229537))

table 7 : explain SELECT id, c FROM sbtest7 WHERE id BETWEEN 6229437 AND 6229537
	Index Scan using sbtest7_pkey on sbtest7  (cost=0.43..402.05 rows=101 width=125)
	  Index Cond: ((id >= 6229437) AND (id <= 6229537))

table 8 : explain SELECT id, c FROM sbtest8 WHERE id BETWEEN 6229437 AND 6229537
	Index Scan using sbtest8_pkey on sbtest8  (cost=0.43..400.99 rows=101 width=125)
	  Index Cond: ((id >= 6229437) AND (id <= 6229537))

explain: for range-notcovered :: explain SELECT id, c FROM sbtest%d WHERE id BETWEEN 7989946 AND 7990046
explain: for range-notcovered :: explain SELECT id, c FROM sbtest%d WHERE id BETWEEN 6229437 AND 6229537
for range-notcovered
table 1 : explain SELECT id, c FROM sbtest1 WHERE id BETWEEN 4873710 AND 4873810
	Index Scan using sbtest1_pkey on sbtest1  (cost=0.43..374.12 rows=94 width=125)
	  Index Cond: ((id >= 4873710) AND (id <= 4873810))

table 2 : explain SELECT id, c FROM sbtest2 WHERE id BETWEEN 4873710 AND 4873810
	Index Scan using sbtest2_pkey on sbtest2  (cost=0.43..389.72 rows=98 width=125)
	  Index Cond: ((id >= 4873710) AND (id <= 4873810))

table 3 : explain SELECT id, c FROM sbtest3 WHERE id BETWEEN 4873710 AND 4873810
	Index Scan using sbtest3_pkey on sbtest3  (cost=0.43..424.32 rows=107 width=125)
	  Index Cond: ((id >= 4873710) AND (id <= 4873810))

table 4 : explain SELECT id, c FROM sbtest4 WHERE id BETWEEN 4873710 AND 4873810
	Index Scan using sbtest4_pkey on sbtest4  (cost=0.43..365.33 rows=92 width=125)
	  Index Cond: ((id >= 4873710) AND (id <= 4873810))

table 5 : explain SELECT id, c FROM sbtest5 WHERE id BETWEEN 4873710 AND 4873810
	Index Scan using sbtest5_pkey on sbtest5  (cost=0.43..412.37 rows=104 width=125)
	  Index Cond: ((id >= 4873710) AND (id <= 4873810))

table 6 : explain SELECT id, c FROM sbtest6 WHERE id BETWEEN 4873710 AND 4873810
	Index Scan using sbtest6_pkey on sbtest6  (cost=0.43..340.30 rows=86 width=125)
	  Index Cond: ((id >= 4873710) AND (id <= 4873810))

table 7 : explain SELECT id, c FROM sbtest7 WHERE id BETWEEN 4873710 AND 4873810
	Index Scan using sbtest7_pkey on sbtest7  (cost=0.43..413.85 rows=104 width=125)
	  Index Cond: ((id >= 4873710) AND (id <= 4873810))

table 8 : explain SELECT id, c FROM sbtest8 WHERE id BETWEEN 4873710 AND 4873810
	Index Scan using sbtest8_pkey on sbtest8  (cost=0.43..444.16 rows=112 width=125)
	  Index Cond: ((id >= 4873710) AND (id <= 4873810))

explain: for range-notcovered :: explain SELECT id, c FROM sbtest%d WHERE id BETWEEN 4873710 AND 4873810
for range-notcovered
table 1 : explain SELECT id, c FROM sbtest1 WHERE id BETWEEN 6370399 AND 6370499
	Index Scan using sbtest1_pkey on sbtest1  (cost=0.43..417.39 rows=105 width=125)
	  Index Cond: ((id >= 6370399) AND (id <= 6370499))

table 2 : explain SELECT id, c FROM sbtest2 WHERE id BETWEEN 6370399 AND 6370499
	Index Scan using sbtest2_pkey on sbtest2  (cost=0.43..413.32 rows=104 width=125)
	  Index Cond: ((id >= 6370399) AND (id <= 6370499))

table 3 : explain SELECT id, c FROM sbtest3 WHERE id BETWEEN 6370399 AND 6370499
	Index Scan using sbtest3_pkey on sbtest3  (cost=0.43..385.07 rows=97 width=125)
	  Index Cond: ((id >= 6370399) AND (id <= 6370499))

table 4 : explain SELECT id, c FROM sbtest4 WHERE id BETWEEN 6370399 AND 6370499
	Index Scan using sbtest4_pkey on sbtest4  (cost=0.43..435.90 rows=110 width=125)
	  Index Cond: ((id >= 6370399) AND (id <= 6370499))

table 5 : explain SELECT id, c FROM sbtest5 WHERE id BETWEEN 6370399 AND 6370499
	Index Scan using sbtest5_pkey on sbtest5  (cost=0.43..396.69 rows=100 width=125)
	  Index Cond: ((id >= 6370399) AND (id <= 6370499))

table 6 : explain SELECT id, c FROM sbtest6 WHERE id BETWEEN 6370399 AND 6370499
	Index Scan using sbtest6_pkey on sbtest6  (cost=0.43..418.39 rows=106 width=125)
	  Index Cond: ((id >= 6370399) AND (id <= 6370499))

table 7 : explain SELECT id, c FROM sbtest7 WHERE id BETWEEN 6370399 AND 6370499
	Index Scan using sbtest7_pkey on sbtest7  (cost=0.43..405.98 rows=102 width=125)
	  Index Cond: ((id >= 6370399) AND (id <= 6370499))

table 8 : explain SELECT id, c FROM sbtest8 WHERE id BETWEEN 6370399 AND 6370499
	Index Scan using sbtest8_pkey on sbtest8  (cost=0.43..412.76 rows=104 width=125)
	  Index Cond: ((id >= 6370399) AND (id <= 6370499))

explain: for range-notcovered :: explain SELECT id, c FROM sbtest%d WHERE id BETWEEN 6370399 AND 6370499
for range-notcovered
table 1 : explain SELECT id, c FROM sbtest1 WHERE id BETWEEN 6882148 AND 6882248
	Index Scan using sbtest1_pkey on sbtest1  (cost=0.43..389.85 rows=98 width=125)
	  Index Cond: ((id >= 6882148) AND (id <= 6882248))

table 2 : explain SELECT id, c FROM sbtest2 WHERE id BETWEEN 6882148 AND 6882248
	Index Scan using sbtest2_pkey on sbtest2  (cost=0.43..374.00 rows=94 width=125)
	  Index Cond: ((id >= 6882148) AND (id <= 6882248))

table 3 : explain SELECT id, c FROM sbtest3 WHERE id BETWEEN 6882148 AND 6882248
	Index Scan using sbtest3_pkey on sbtest3  (cost=0.43..420.39 rows=106 width=125)
	  Index Cond: ((id >= 6882148) AND (id <= 6882248))

table 4 : explain SELECT id, c FROM sbtest4 WHERE id BETWEEN 6882148 AND 6882248
	Index Scan using sbtest4_pkey on sbtest4  (cost=0.43..373.17 rows=94 width=125)
	  Index Cond: ((id >= 6882148) AND (id <= 6882248))

table 5 : explain SELECT id, c FROM sbtest5 WHERE id BETWEEN 6882148 AND 6882248
	Index Scan using sbtest5_pkey on sbtest5  (cost=0.43..369.24 rows=93 width=125)
	  Index Cond: ((id >= 6882148) AND (id <= 6882248))

table 6 : explain SELECT id, c FROM sbtest6 WHERE id BETWEEN 6882148 AND 6882248
	Index Scan using sbtest6_pkey on sbtest6  (cost=0.43..398.88 rows=101 width=125)
	  Index Cond: ((id >= 6882148) AND (id <= 6882248))

table 7 : explain SELECT id, c FROM sbtest7 WHERE id BETWEEN 6882148 AND 6882248
	Index Scan using sbtest7_pkey on sbtest7  (cost=0.43..390.22 rows=98 width=125)
	  Index Cond: ((id >= 6882148) AND (id <= 6882248))

table 8 : explain SELECT id, c FROM sbtest8 WHERE id BETWEEN 6882148 AND 6882248
	Index Scan using sbtest8_pkey on sbtest8  (cost=0.43..412.76 rows=104 width=125)
	  Index Cond: ((id >= 6882148) AND (id <= 6882248))

explain: for range-notcovered :: explain SELECT id, c FROM sbtest%d WHERE id BETWEEN 6882148 AND 6882248
for range-notcovered
table 1 : explain SELECT id, c FROM sbtest1 WHERE id BETWEEN 3146289 AND 3146389
	Index Scan using sbtest1_pkey on sbtest1  (cost=0.43..378.05 rows=95 width=125)
	  Index Cond: ((id >= 3146289) AND (id <= 3146389))

table 2 : explain SELECT id, c FROM sbtest2 WHERE id BETWEEN 3146289 AND 3146389
	Index Scan using sbtest2_pkey on sbtest2  (cost=0.43..405.46 rows=102 width=125)
	  Index Cond: ((id >= 3146289) AND (id <= 3146389))

table 3 : explain SELECT id, c FROM sbtest3 WHERE id BETWEEN 3146289 AND 3146389
	Index Scan using sbtest3_pkey on sbtest3  (cost=0.43..389.01 rows=98 width=125)
	  Index Cond: ((id >= 3146289) AND (id <= 3146389))

table 4 : explain SELECT id, c FROM sbtest4 WHERE id BETWEEN 3146289 AND 3146389
	Index Scan using sbtest4_pkey on sbtest4  (cost=0.43..400.62 rows=101 width=125)
	  Index Cond: ((id >= 3146289) AND (id <= 3146389))

table 5 : explain SELECT id, c FROM sbtest5 WHERE id BETWEEN 3146289 AND 3146389
	Index Scan using sbtest5_pkey on sbtest5  (cost=0.43..400.61 rows=101 width=125)
	  Index Cond: ((id >= 3146289) AND (id <= 3146389))

table 6 : explain SELECT id, c FROM sbtest6 WHERE id BETWEEN 3146289 AND 3146389
	Index Scan using sbtest6_pkey on sbtest6  (cost=0.43..449.62 rows=114 width=125)
	  Index Cond: ((id >= 3146289) AND (id <= 3146389))

table 7 : explain SELECT id, c FROM sbtest7 WHERE id BETWEEN 3146289 AND 3146389
	Index Scan using sbtest7_pkey on sbtest7  (cost=0.43..386.28 rows=97 width=125)
	  Index Cond: ((id >= 3146289) AND (id <= 3146389))

table 8 : explain SELECT id, c FROM sbtest8 WHERE id BETWEEN 3146289 AND 3146389
	Index Scan using sbtest8_pkey on sbtest8  (cost=0.43..389.19 rows=98 width=125)
	  Index Cond: ((id >= 3146289) AND (id <= 3146389))

for range-notcovered
table 1 : explain SELECT id, c FROM sbtest1 WHERE id BETWEEN 5748088 AND 5748188
	Index Scan using sbtest1_pkey on sbtest1  (cost=0.43..370.19 rows=93 width=125)
	  Index Cond: ((id >= 5748088) AND (id <= 5748188))

table 2 : explain SELECT id, c FROM sbtest2 WHERE id BETWEEN 5748088 AND 5748188
	Index Scan using sbtest2_pkey on sbtest2  (cost=0.43..366.14 rows=92 width=125)
	  Index Cond: ((id >= 5748088) AND (id <= 5748188))

table 3 : explain SELECT id, c FROM sbtest3 WHERE id BETWEEN 5748088 AND 5748188
	Index Scan using sbtest3_pkey on sbtest3  (cost=0.43..443.93 rows=112 width=125)
	  Index Cond: ((id >= 5748088) AND (id <= 5748188))

table 4 : explain SELECT id, c FROM sbtest4 WHERE id BETWEEN 5748088 AND 5748188
	Index Scan using sbtest4_pkey on sbtest4  (cost=0.43..447.67 rows=113 width=125)
	  Index Cond: ((id >= 5748088) AND (id <= 5748188))

table 5 : explain SELECT id, c FROM sbtest5 WHERE id BETWEEN 5748088 AND 5748188
	Index Scan using sbtest5_pkey on sbtest5  (cost=0.43..416.29 rows=105 width=125)
	  Index Cond: ((id >= 5748088) AND (id <= 5748188))

table 6 : explain SELECT id, c FROM sbtest6 WHERE id BETWEEN 5748088 AND 5748188
	Index Scan using sbtest6_pkey on sbtest6  (cost=0.43..398.88 rows=101 width=125)
	  Index Cond: ((id >= 5748088) AND (id <= 5748188))

table 7 : explain SELECT id, c FROM sbtest7 WHERE id BETWEEN 5748088 AND 5748188
	Index Scan using sbtest7_pkey on sbtest7  (cost=0.43..413.85 rows=104 width=125)
	  Index Cond: ((id >= 5748088) AND (id <= 5748188))

table 8 : explain SELECT id, c FROM sbtest8 WHERE id BETWEEN 5748088 AND 5748188
	Index Scan using sbtest8_pkey on sbtest8  (cost=0.43..385.26 rows=97 width=125)
	  Index Cond: ((id >= 5748088) AND (id <= 5748188))

explain: for range-notcovered :: explain SELECT id, c FROM sbtest%d WHERE id BETWEEN 5748088 AND 5748188
for range-notcovered
table 1 : explain SELECT id, c FROM sbtest1 WHERE id BETWEEN 6229437 AND 6229537
	Index Scan using sbtest1_pkey on sbtest1  (cost=0.43..409.52 rows=103 width=125)
	  Index Cond: ((id >= 6229437) AND (id <= 6229537))

table 2 : explain SELECT id, c FROM sbtest2 WHERE id BETWEEN 6229437 AND 6229537
	Index Scan using sbtest2_pkey on sbtest2  (cost=0.43..401.53 rows=101 width=125)
	  Index Cond: ((id >= 6229437) AND (id <= 6229537))

table 3 : explain SELECT id, c FROM sbtest3 WHERE id BETWEEN 6229437 AND 6229537
	Index Scan using sbtest3_pkey on sbtest3  (cost=0.43..408.63 rows=103 width=125)
	  Index Cond: ((id >= 6229437) AND (id <= 6229537))

table 4 : explain SELECT id, c FROM sbtest4 WHERE id BETWEEN 6229437 AND 6229537
	Index Scan using sbtest4_pkey on sbtest4  (cost=0.43..412.38 rows=104 width=125)
	  Index Cond: ((id >= 6229437) AND (id <= 6229537))

table 5 : explain SELECT id, c FROM sbtest5 WHERE id BETWEEN 6229437 AND 6229537
	Index Scan using sbtest5_pkey on sbtest5  (cost=0.43..361.40 rows=91 width=125)
	  Index Cond: ((id >= 6229437) AND (id <= 6229537))

table 6 : explain SELECT id, c FROM sbtest6 WHERE id BETWEEN 6229437 AND 6229537
	Index Scan using sbtest6_pkey on sbtest6  (cost=0.43..383.26 rows=97 width=125)
	  Index Cond: ((id >= 6229437) AND (id <= 6229537))

table 7 : explain SELECT id, c FROM sbtest7 WHERE id BETWEEN 6229437 AND 6229537
	Index Scan using sbtest7_pkey on sbtest7  (cost=0.43..402.05 rows=101 width=125)
	  Index Cond: ((id >= 6229437) AND (id <= 6229537))

table 8 : explain SELECT id, c FROM sbtest8 WHERE id BETWEEN 6229437 AND 6229537
	Index Scan using sbtest8_pkey on sbtest8  (cost=0.43..400.99 rows=101 width=125)
	  Index Cond: ((id >= 6229437) AND (id <= 6229537))

for range-notcovered
table 1 : explain SELECT id, c FROM sbtest1 WHERE id BETWEEN 7989946 AND 7990046
	Index Scan using sbtest1_pkey on sbtest1  (cost=0.43..405.59 rows=102 width=125)
	  Index Cond: ((id >= 7989946) AND (id <= 7990046))

table 2 : explain SELECT id, c FROM sbtest2 WHERE id BETWEEN 7989946 AND 7990046
	Index Scan using sbtest2_pkey on sbtest2  (cost=0.43..381.86 rows=96 width=125)
	  Index Cond: ((id >= 7989946) AND (id <= 7990046))

table 3 : explain SELECT id, c FROM sbtest3 WHERE id BETWEEN 7989946 AND 7990046
	Index Scan using sbtest3_pkey on sbtest3  (cost=0.43..396.86 rows=100 width=125)
	  Index Cond: ((id >= 7989946) AND (id <= 7990046))

table 4 : explain SELECT id, c FROM sbtest4 WHERE id BETWEEN 7989946 AND 7990046
	Index Scan using sbtest4_pkey on sbtest4  (cost=0.43..416.30 rows=105 width=125)
	  Index Cond: ((id >= 7989946) AND (id <= 7990046))

table 5 : explain SELECT id, c FROM sbtest5 WHERE id BETWEEN 7989946 AND 7990046
	Index Scan using sbtest5_pkey on sbtest5  (cost=0.43..381.01 rows=96 width=125)
	  Index Cond: ((id >= 7989946) AND (id <= 7990046))

table 6 : explain SELECT id, c FROM sbtest6 WHERE id BETWEEN 7989946 AND 7990046
	Index Scan using sbtest6_pkey on sbtest6  (cost=0.43..414.49 rows=105 width=125)
	  Index Cond: ((id >= 7989946) AND (id <= 7990046))

table 7 : explain SELECT id, c FROM sbtest7 WHERE id BETWEEN 7989946 AND 7990046
	Index Scan using sbtest7_pkey on sbtest7  (cost=0.43..350.87 rows=88 width=125)
	  Index Cond: ((id >= 7989946) AND (id <= 7990046))

table 8 : explain SELECT id, c FROM sbtest8 WHERE id BETWEEN 7989946 AND 7990046
	Index Scan using sbtest8_pkey on sbtest8  (cost=0.43..369.57 rows=93 width=125)
	  Index Cond: ((id >= 7989946) AND (id <= 7990046))

explain: for range-notcovered :: explain SELECT id, c FROM sbtest%d WHERE id BETWEEN 6229437 AND 6229537
explain: for range-notcovered :: explain SELECT id, c FROM sbtest%d WHERE id BETWEEN 7989946 AND 7990046
for range-notcovered
table 1 : explain SELECT id, c FROM sbtest1 WHERE id BETWEEN 4873710 AND 4873810
	Index Scan using sbtest1_pkey on sbtest1  (cost=0.43..374.12 rows=94 width=125)
	  Index Cond: ((id >= 4873710) AND (id <= 4873810))

table 2 : explain SELECT id, c FROM sbtest2 WHERE id BETWEEN 4873710 AND 4873810
	Index Scan using sbtest2_pkey on sbtest2  (cost=0.43..389.72 rows=98 width=125)
	  Index Cond: ((id >= 4873710) AND (id <= 4873810))

table 3 : explain SELECT id, c FROM sbtest3 WHERE id BETWEEN 4873710 AND 4873810
	Index Scan using sbtest3_pkey on sbtest3  (cost=0.43..424.32 rows=107 width=125)
	  Index Cond: ((id >= 4873710) AND (id <= 4873810))

table 4 : explain SELECT id, c FROM sbtest4 WHERE id BETWEEN 4873710 AND 4873810
	Index Scan using sbtest4_pkey on sbtest4  (cost=0.43..365.33 rows=92 width=125)
	  Index Cond: ((id >= 4873710) AND (id <= 4873810))

table 5 : explain SELECT id, c FROM sbtest5 WHERE id BETWEEN 4873710 AND 4873810
	Index Scan using sbtest5_pkey on sbtest5  (cost=0.43..412.37 rows=104 width=125)
	  Index Cond: ((id >= 4873710) AND (id <= 4873810))

table 6 : explain SELECT id, c FROM sbtest6 WHERE id BETWEEN 4873710 AND 4873810
	Index Scan using sbtest6_pkey on sbtest6  (cost=0.43..340.30 rows=86 width=125)
	  Index Cond: ((id >= 4873710) AND (id <= 4873810))

table 7 : explain SELECT id, c FROM sbtest7 WHERE id BETWEEN 4873710 AND 4873810
	Index Scan using sbtest7_pkey on sbtest7  (cost=0.43..413.85 rows=104 width=125)
	  Index Cond: ((id >= 4873710) AND (id <= 4873810))

table 8 : explain SELECT id, c FROM sbtest8 WHERE id BETWEEN 4873710 AND 4873810
	Index Scan using sbtest8_pkey on sbtest8  (cost=0.43..444.16 rows=112 width=125)
	  Index Cond: ((id >= 4873710) AND (id <= 4873810))

explain: for range-notcovered :: explain SELECT id, c FROM sbtest%d WHERE id BETWEEN 4873710 AND 4873810
for range-notcovered
table 1 : explain SELECT id, c FROM sbtest1 WHERE id BETWEEN 6370399 AND 6370499
	Index Scan using sbtest1_pkey on sbtest1  (cost=0.43..417.39 rows=105 width=125)
	  Index Cond: ((id >= 6370399) AND (id <= 6370499))

table 2 : explain SELECT id, c FROM sbtest2 WHERE id BETWEEN 6370399 AND 6370499
	Index Scan using sbtest2_pkey on sbtest2  (cost=0.43..413.32 rows=104 width=125)
	  Index Cond: ((id >= 6370399) AND (id <= 6370499))

table 3 : explain SELECT id, c FROM sbtest3 WHERE id BETWEEN 6370399 AND 6370499
	Index Scan using sbtest3_pkey on sbtest3  (cost=0.43..385.07 rows=97 width=125)
	  Index Cond: ((id >= 6370399) AND (id <= 6370499))

table 4 : explain SELECT id, c FROM sbtest4 WHERE id BETWEEN 6370399 AND 6370499
	Index Scan using sbtest4_pkey on sbtest4  (cost=0.43..435.90 rows=110 width=125)
	  Index Cond: ((id >= 6370399) AND (id <= 6370499))

table 5 : explain SELECT id, c FROM sbtest5 WHERE id BETWEEN 6370399 AND 6370499
	Index Scan using sbtest5_pkey on sbtest5  (cost=0.43..396.69 rows=100 width=125)
	  Index Cond: ((id >= 6370399) AND (id <= 6370499))

table 6 : explain SELECT id, c FROM sbtest6 WHERE id BETWEEN 6370399 AND 6370499
	Index Scan using sbtest6_pkey on sbtest6  (cost=0.43..418.39 rows=106 width=125)
	  Index Cond: ((id >= 6370399) AND (id <= 6370499))

table 7 : explain SELECT id, c FROM sbtest7 WHERE id BETWEEN 6370399 AND 6370499
	Index Scan using sbtest7_pkey on sbtest7  (cost=0.43..405.98 rows=102 width=125)
	  Index Cond: ((id >= 6370399) AND (id <= 6370499))

table 8 : explain SELECT id, c FROM sbtest8 WHERE id BETWEEN 6370399 AND 6370499
	Index Scan using sbtest8_pkey on sbtest8  (cost=0.43..412.76 rows=104 width=125)
	  Index Cond: ((id >= 6370399) AND (id <= 6370499))

explain: for range-notcovered :: explain SELECT id, c FROM sbtest%d WHERE id BETWEEN 6370399 AND 6370499
for range-notcovered
table 1 : explain SELECT id, c FROM sbtest1 WHERE id BETWEEN 6882148 AND 6882248
	Index Scan using sbtest1_pkey on sbtest1  (cost=0.43..389.85 rows=98 width=125)
	  Index Cond: ((id >= 6882148) AND (id <= 6882248))

table 2 : explain SELECT id, c FROM sbtest2 WHERE id BETWEEN 6882148 AND 6882248
	Index Scan using sbtest2_pkey on sbtest2  (cost=0.43..374.00 rows=94 width=125)
	  Index Cond: ((id >= 6882148) AND (id <= 6882248))

table 3 : explain SELECT id, c FROM sbtest3 WHERE id BETWEEN 6882148 AND 6882248
	Index Scan using sbtest3_pkey on sbtest3  (cost=0.43..420.39 rows=106 width=125)
	  Index Cond: ((id >= 6882148) AND (id <= 6882248))

table 4 : explain SELECT id, c FROM sbtest4 WHERE id BETWEEN 6882148 AND 6882248
	Index Scan using sbtest4_pkey on sbtest4  (cost=0.43..373.17 rows=94 width=125)
	  Index Cond: ((id >= 6882148) AND (id <= 6882248))

table 5 : explain SELECT id, c FROM sbtest5 WHERE id BETWEEN 6882148 AND 6882248
	Index Scan using sbtest5_pkey on sbtest5  (cost=0.43..369.24 rows=93 width=125)
	  Index Cond: ((id >= 6882148) AND (id <= 6882248))

table 6 : explain SELECT id, c FROM sbtest6 WHERE id BETWEEN 6882148 AND 6882248
	Index Scan using sbtest6_pkey on sbtest6  (cost=0.43..398.88 rows=101 width=125)
	  Index Cond: ((id >= 6882148) AND (id <= 6882248))

table 7 : explain SELECT id, c FROM sbtest7 WHERE id BETWEEN 6882148 AND 6882248
	Index Scan using sbtest7_pkey on sbtest7  (cost=0.43..390.22 rows=98 width=125)
	  Index Cond: ((id >= 6882148) AND (id <= 6882248))

table 8 : explain SELECT id, c FROM sbtest8 WHERE id BETWEEN 6882148 AND 6882248
	Index Scan using sbtest8_pkey on sbtest8  (cost=0.43..412.76 rows=104 width=125)
	  Index Cond: ((id >= 6882148) AND (id <= 6882248))

explain: for range-notcovered :: explain SELECT id, c FROM sbtest%d WHERE id BETWEEN 6882148 AND 6882248
for range-notcovered
table 1 : explain SELECT id, c FROM sbtest1 WHERE id BETWEEN 5748088 AND 5748188
	Index Scan using sbtest1_pkey on sbtest1  (cost=0.43..370.19 rows=93 width=125)
	  Index Cond: ((id >= 5748088) AND (id <= 5748188))

table 2 : explain SELECT id, c FROM sbtest2 WHERE id BETWEEN 5748088 AND 5748188
	Index Scan using sbtest2_pkey on sbtest2  (cost=0.43..366.14 rows=92 width=125)
	  Index Cond: ((id >= 5748088) AND (id <= 5748188))

table 3 : explain SELECT id, c FROM sbtest3 WHERE id BETWEEN 5748088 AND 5748188
	Index Scan using sbtest3_pkey on sbtest3  (cost=0.43..443.93 rows=112 width=125)
	  Index Cond: ((id >= 5748088) AND (id <= 5748188))

table 4 : explain SELECT id, c FROM sbtest4 WHERE id BETWEEN 5748088 AND 5748188
	Index Scan using sbtest4_pkey on sbtest4  (cost=0.43..447.67 rows=113 width=125)
	  Index Cond: ((id >= 5748088) AND (id <= 5748188))

table 5 : explain SELECT id, c FROM sbtest5 WHERE id BETWEEN 5748088 AND 5748188
	Index Scan using sbtest5_pkey on sbtest5  (cost=0.43..416.29 rows=105 width=125)
	  Index Cond: ((id >= 5748088) AND (id <= 5748188))

table 6 : explain SELECT id, c FROM sbtest6 WHERE id BETWEEN 5748088 AND 5748188
	Index Scan using sbtest6_pkey on sbtest6  (cost=0.43..398.88 rows=101 width=125)
	  Index Cond: ((id >= 5748088) AND (id <= 5748188))

table 7 : explain SELECT id, c FROM sbtest7 WHERE id BETWEEN 5748088 AND 5748188
	Index Scan using sbtest7_pkey on sbtest7  (cost=0.43..413.85 rows=104 width=125)
	  Index Cond: ((id >= 5748088) AND (id <= 5748188))

table 8 : explain SELECT id, c FROM sbtest8 WHERE id BETWEEN 5748088 AND 5748188
	Index Scan using sbtest8_pkey on sbtest8  (cost=0.43..385.26 rows=97 width=125)
	  Index Cond: ((id >= 5748088) AND (id <= 5748188))

for range-notcovered
table 1 : explain SELECT id, c FROM sbtest1 WHERE id BETWEEN 6229437 AND 6229537
	Index Scan using sbtest1_pkey on sbtest1  (cost=0.43..409.52 rows=103 width=125)
	  Index Cond: ((id >= 6229437) AND (id <= 6229537))

table 2 : explain SELECT id, c FROM sbtest2 WHERE id BETWEEN 6229437 AND 6229537
	Index Scan using sbtest2_pkey on sbtest2  (cost=0.43..401.53 rows=101 width=125)
	  Index Cond: ((id >= 6229437) AND (id <= 6229537))

table 3 : explain SELECT id, c FROM sbtest3 WHERE id BETWEEN 6229437 AND 6229537
	Index Scan using sbtest3_pkey on sbtest3  (cost=0.43..408.63 rows=103 width=125)
	  Index Cond: ((id >= 6229437) AND (id <= 6229537))

table 4 : explain SELECT id, c FROM sbtest4 WHERE id BETWEEN 6229437 AND 6229537
	Index Scan using sbtest4_pkey on sbtest4  (cost=0.43..412.38 rows=104 width=125)
	  Index Cond: ((id >= 6229437) AND (id <= 6229537))

table 5 : explain SELECT id, c FROM sbtest5 WHERE id BETWEEN 6229437 AND 6229537
	Index Scan using sbtest5_pkey on sbtest5  (cost=0.43..361.40 rows=91 width=125)
	  Index Cond: ((id >= 6229437) AND (id <= 6229537))

table 6 : explain SELECT id, c FROM sbtest6 WHERE id BETWEEN 6229437 AND 6229537
	Index Scan using sbtest6_pkey on sbtest6  (cost=0.43..383.26 rows=97 width=125)
	  Index Cond: ((id >= 6229437) AND (id <= 6229537))

table 7 : explain SELECT id, c FROM sbtest7 WHERE id BETWEEN 6229437 AND 6229537
	Index Scan using sbtest7_pkey on sbtest7  (cost=0.43..402.05 rows=101 width=125)
	  Index Cond: ((id >= 6229437) AND (id <= 6229537))

table 8 : explain SELECT id, c FROM sbtest8 WHERE id BETWEEN 6229437 AND 6229537
	Index Scan using sbtest8_pkey on sbtest8  (cost=0.43..400.99 rows=101 width=125)
	  Index Cond: ((id >= 6229437) AND (id <= 6229537))

explain: for range-notcovered :: explain SELECT id, c FROM sbtest%d WHERE id BETWEEN 6229437 AND 6229537
for range-notcovered
table 1 : explain SELECT id, c FROM sbtest1 WHERE id BETWEEN 7989946 AND 7990046
	Index Scan using sbtest1_pkey on sbtest1  (cost=0.43..405.59 rows=102 width=125)
	  Index Cond: ((id >= 7989946) AND (id <= 7990046))

table 2 : explain SELECT id, c FROM sbtest2 WHERE id BETWEEN 7989946 AND 7990046
	Index Scan using sbtest2_pkey on sbtest2  (cost=0.43..381.86 rows=96 width=125)
	  Index Cond: ((id >= 7989946) AND (id <= 7990046))

table 3 : explain SELECT id, c FROM sbtest3 WHERE id BETWEEN 7989946 AND 7990046
	Index Scan using sbtest3_pkey on sbtest3  (cost=0.43..396.86 rows=100 width=125)
	  Index Cond: ((id >= 7989946) AND (id <= 7990046))

table 4 : explain SELECT id, c FROM sbtest4 WHERE id BETWEEN 7989946 AND 7990046
	Index Scan using sbtest4_pkey on sbtest4  (cost=0.43..416.30 rows=105 width=125)
	  Index Cond: ((id >= 7989946) AND (id <= 7990046))

table 5 : explain SELECT id, c FROM sbtest5 WHERE id BETWEEN 7989946 AND 7990046
	Index Scan using sbtest5_pkey on sbtest5  (cost=0.43..381.01 rows=96 width=125)
	  Index Cond: ((id >= 7989946) AND (id <= 7990046))

table 6 : explain SELECT id, c FROM sbtest6 WHERE id BETWEEN 7989946 AND 7990046
	Index Scan using sbtest6_pkey on sbtest6  (cost=0.43..414.49 rows=105 width=125)
	  Index Cond: ((id >= 7989946) AND (id <= 7990046))

table 7 : explain SELECT id, c FROM sbtest7 WHERE id BETWEEN 7989946 AND 7990046
	Index Scan using sbtest7_pkey on sbtest7  (cost=0.43..350.87 rows=88 width=125)
	  Index Cond: ((id >= 7989946) AND (id <= 7990046))

table 8 : explain SELECT id, c FROM sbtest8 WHERE id BETWEEN 7989946 AND 7990046
	Index Scan using sbtest8_pkey on sbtest8  (cost=0.43..369.57 rows=93 width=125)
	  Index Cond: ((id >= 7989946) AND (id <= 7990046))

for range-notcovered
table 1 : explain SELECT id, c FROM sbtest1 WHERE id BETWEEN 4873710 AND 4873810
	Index Scan using sbtest1_pkey on sbtest1  (cost=0.43..374.12 rows=94 width=125)
	  Index Cond: ((id >= 4873710) AND (id <= 4873810))

table 2 : explain SELECT id, c FROM sbtest2 WHERE id BETWEEN 4873710 AND 4873810
	Index Scan using sbtest2_pkey on sbtest2  (cost=0.43..389.72 rows=98 width=125)
	  Index Cond: ((id >= 4873710) AND (id <= 4873810))

table 3 : explain SELECT id, c FROM sbtest3 WHERE id BETWEEN 4873710 AND 4873810
	Index Scan using sbtest3_pkey on sbtest3  (cost=0.43..424.32 rows=107 width=125)
	  Index Cond: ((id >= 4873710) AND (id <= 4873810))

table 4 : explain SELECT id, c FROM sbtest4 WHERE id BETWEEN 4873710 AND 4873810
	Index Scan using sbtest4_pkey on sbtest4  (cost=0.43..365.33 rows=92 width=125)
	  Index Cond: ((id >= 4873710) AND (id <= 4873810))

table 5 : explain SELECT id, c FROM sbtest5 WHERE id BETWEEN 4873710 AND 4873810
	Index Scan using sbtest5_pkey on sbtest5  (cost=0.43..412.37 rows=104 width=125)
	  Index Cond: ((id >= 4873710) AND (id <= 4873810))

table 6 : explain SELECT id, c FROM sbtest6 WHERE id BETWEEN 4873710 AND 4873810
	Index Scan using sbtest6_pkey on sbtest6  (cost=0.43..340.30 rows=86 width=125)
	  Index Cond: ((id >= 4873710) AND (id <= 4873810))

table 7 : explain SELECT id, c FROM sbtest7 WHERE id BETWEEN 4873710 AND 4873810
	Index Scan using sbtest7_pkey on sbtest7  (cost=0.43..413.85 rows=104 width=125)
	  Index Cond: ((id >= 4873710) AND (id <= 4873810))

table 8 : explain SELECT id, c FROM sbtest8 WHERE id BETWEEN 4873710 AND 4873810
	Index Scan using sbtest8_pkey on sbtest8  (cost=0.43..444.16 rows=112 width=125)
	  Index Cond: ((id >= 4873710) AND (id <= 4873810))

explain: for range-notcovered :: explain SELECT id, c FROM sbtest%d WHERE id BETWEEN 4873710 AND 4873810
for range-notcovered
table 1 : explain SELECT id, c FROM sbtest1 WHERE id BETWEEN 6882148 AND 6882248
	Index Scan using sbtest1_pkey on sbtest1  (cost=0.43..389.85 rows=98 width=125)
	  Index Cond: ((id >= 6882148) AND (id <= 6882248))

table 2 : explain SELECT id, c FROM sbtest2 WHERE id BETWEEN 6882148 AND 6882248
	Index Scan using sbtest2_pkey on sbtest2  (cost=0.43..374.00 rows=94 width=125)
	  Index Cond: ((id >= 6882148) AND (id <= 6882248))

table 3 : explain SELECT id, c FROM sbtest3 WHERE id BETWEEN 6882148 AND 6882248
	Index Scan using sbtest3_pkey on sbtest3  (cost=0.43..420.39 rows=106 width=125)
	  Index Cond: ((id >= 6882148) AND (id <= 6882248))

table 4 : explain SELECT id, c FROM sbtest4 WHERE id BETWEEN 6882148 AND 6882248
	Index Scan using sbtest4_pkey on sbtest4  (cost=0.43..373.17 rows=94 width=125)
	  Index Cond: ((id >= 6882148) AND (id <= 6882248))

table 5 : explain SELECT id, c FROM sbtest5 WHERE id BETWEEN 6882148 AND 6882248
	Index Scan using sbtest5_pkey on sbtest5  (cost=0.43..369.24 rows=93 width=125)
	  Index Cond: ((id >= 6882148) AND (id <= 6882248))

table 6 : explain SELECT id, c FROM sbtest6 WHERE id BETWEEN 6882148 AND 6882248
	Index Scan using sbtest6_pkey on sbtest6  (cost=0.43..398.88 rows=101 width=125)
	  Index Cond: ((id >= 6882148) AND (id <= 6882248))

table 7 : explain SELECT id, c FROM sbtest7 WHERE id BETWEEN 6882148 AND 6882248
	Index Scan using sbtest7_pkey on sbtest7  (cost=0.43..390.22 rows=98 width=125)
	  Index Cond: ((id >= 6882148) AND (id <= 6882248))

table 8 : explain SELECT id, c FROM sbtest8 WHERE id BETWEEN 6882148 AND 6882248
	Index Scan using sbtest8_pkey on sbtest8  (cost=0.43..412.76 rows=104 width=125)
	  Index Cond: ((id >= 6882148) AND (id <= 6882248))

explain: for range-notcovered :: explain SELECT id, c FROM sbtest%d WHERE id BETWEEN 6597112 AND 6597212
explain: for range-notcovered :: explain SELECT id, c FROM sbtest%d WHERE id BETWEEN 6882148 AND 6882248
for range-notcovered
table 1 : explain SELECT id, c FROM sbtest1 WHERE id BETWEEN 6229437 AND 6229537
	Index Scan using sbtest1_pkey on sbtest1  (cost=0.43..409.52 rows=103 width=125)
	  Index Cond: ((id >= 6229437) AND (id <= 6229537))

table 2 : explain SELECT id, c FROM sbtest2 WHERE id BETWEEN 6229437 AND 6229537
	Index Scan using sbtest2_pkey on sbtest2  (cost=0.43..401.53 rows=101 width=125)
	  Index Cond: ((id >= 6229437) AND (id <= 6229537))

table 3 : explain SELECT id, c FROM sbtest3 WHERE id BETWEEN 6229437 AND 6229537
	Index Scan using sbtest3_pkey on sbtest3  (cost=0.43..408.63 rows=103 width=125)
	  Index Cond: ((id >= 6229437) AND (id <= 6229537))

table 4 : explain SELECT id, c FROM sbtest4 WHERE id BETWEEN 6229437 AND 6229537
	Index Scan using sbtest4_pkey on sbtest4  (cost=0.43..412.38 rows=104 width=125)
	  Index Cond: ((id >= 6229437) AND (id <= 6229537))

table 5 : explain SELECT id, c FROM sbtest5 WHERE id BETWEEN 6229437 AND 6229537
	Index Scan using sbtest5_pkey on sbtest5  (cost=0.43..361.40 rows=91 width=125)
	  Index Cond: ((id >= 6229437) AND (id <= 6229537))

table 6 : explain SELECT id, c FROM sbtest6 WHERE id BETWEEN 6229437 AND 6229537
	Index Scan using sbtest6_pkey on sbtest6  (cost=0.43..383.26 rows=97 width=125)
	  Index Cond: ((id >= 6229437) AND (id <= 6229537))

table 7 : explain SELECT id, c FROM sbtest7 WHERE id BETWEEN 6229437 AND 6229537
	Index Scan using sbtest7_pkey on sbtest7  (cost=0.43..402.05 rows=101 width=125)
	  Index Cond: ((id >= 6229437) AND (id <= 6229537))

table 8 : explain SELECT id, c FROM sbtest8 WHERE id BETWEEN 6229437 AND 6229537
	Index Scan using sbtest8_pkey on sbtest8  (cost=0.43..400.99 rows=101 width=125)
	  Index Cond: ((id >= 6229437) AND (id <= 6229537))

explain: for range-notcovered :: explain SELECT id, c FROM sbtest%d WHERE id BETWEEN 6229437 AND 6229537
for range-notcovered
table 1 : explain SELECT id, c FROM sbtest1 WHERE id BETWEEN 4873710 AND 4873810
	Index Scan using sbtest1_pkey on sbtest1  (cost=0.43..374.12 rows=94 width=125)
	  Index Cond: ((id >= 4873710) AND (id <= 4873810))

table 2 : explain SELECT id, c FROM sbtest2 WHERE id BETWEEN 4873710 AND 4873810
	Index Scan using sbtest2_pkey on sbtest2  (cost=0.43..389.72 rows=98 width=125)
	  Index Cond: ((id >= 4873710) AND (id <= 4873810))

table 3 : explain SELECT id, c FROM sbtest3 WHERE id BETWEEN 4873710 AND 4873810
	Index Scan using sbtest3_pkey on sbtest3  (cost=0.43..424.32 rows=107 width=125)
	  Index Cond: ((id >= 4873710) AND (id <= 4873810))

table 4 : explain SELECT id, c FROM sbtest4 WHERE id BETWEEN 4873710 AND 4873810
	Index Scan using sbtest4_pkey on sbtest4  (cost=0.43..365.33 rows=92 width=125)
	  Index Cond: ((id >= 4873710) AND (id <= 4873810))

table 5 : explain SELECT id, c FROM sbtest5 WHERE id BETWEEN 4873710 AND 4873810
	Index Scan using sbtest5_pkey on sbtest5  (cost=0.43..412.37 rows=104 width=125)
	  Index Cond: ((id >= 4873710) AND (id <= 4873810))

table 6 : explain SELECT id, c FROM sbtest6 WHERE id BETWEEN 4873710 AND 4873810
	Index Scan using sbtest6_pkey on sbtest6  (cost=0.43..340.30 rows=86 width=125)
	  Index Cond: ((id >= 4873710) AND (id <= 4873810))

table 7 : explain SELECT id, c FROM sbtest7 WHERE id BETWEEN 4873710 AND 4873810
	Index Scan using sbtest7_pkey on sbtest7  (cost=0.43..413.85 rows=104 width=125)
	  Index Cond: ((id >= 4873710) AND (id <= 4873810))

table 8 : explain SELECT id, c FROM sbtest8 WHERE id BETWEEN 4873710 AND 4873810
	Index Scan using sbtest8_pkey on sbtest8  (cost=0.43..444.16 rows=112 width=125)
	  Index Cond: ((id >= 4873710) AND (id <= 4873810))

explain: for range-notcovered :: explain SELECT id, c FROM sbtest%d WHERE id BETWEEN 4873710 AND 4873810
for range-notcovered
table 1 : explain SELECT id, c FROM sbtest1 WHERE id BETWEEN 6597112 AND 6597212
	Index Scan using sbtest1_pkey on sbtest1  (cost=0.43..354.46 rows=89 width=125)
	  Index Cond: ((id >= 6597112) AND (id <= 6597212))

table 2 : explain SELECT id, c FROM sbtest2 WHERE id BETWEEN 6597112 AND 6597212
	Index Scan using sbtest2_pkey on sbtest2  (cost=0.43..385.79 rows=97 width=125)
	  Index Cond: ((id >= 6597112) AND (id <= 6597212))

table 3 : explain SELECT id, c FROM sbtest3 WHERE id BETWEEN 6597112 AND 6597212
	Index Scan using sbtest3_pkey on sbtest3  (cost=0.43..377.22 rows=95 width=125)
	  Index Cond: ((id >= 6597112) AND (id <= 6597212))

table 4 : explain SELECT id, c FROM sbtest4 WHERE id BETWEEN 6597112 AND 6597212
	Index Scan using sbtest4_pkey on sbtest4  (cost=0.43..416.30 rows=105 width=125)
	  Index Cond: ((id >= 6597112) AND (id <= 6597212))

table 5 : explain SELECT id, c FROM sbtest5 WHERE id BETWEEN 6597112 AND 6597212
	Index Scan using sbtest5_pkey on sbtest5  (cost=0.43..377.08 rows=95 width=125)
	  Index Cond: ((id >= 6597112) AND (id <= 6597212))

table 6 : explain SELECT id, c FROM sbtest6 WHERE id BETWEEN 6597112 AND 6597212
	Index Scan using sbtest6_pkey on sbtest6  (cost=0.43..457.43 rows=116 width=125)
	  Index Cond: ((id >= 6597112) AND (id <= 6597212))

table 7 : explain SELECT id, c FROM sbtest7 WHERE id BETWEEN 6597112 AND 6597212
	Index Scan using sbtest7_pkey on sbtest7  (cost=0.43..386.28 rows=97 width=125)
	  Index Cond: ((id >= 6597112) AND (id <= 6597212))

table 8 : explain SELECT id, c FROM sbtest8 WHERE id BETWEEN 6597112 AND 6597212
	Index Scan using sbtest8_pkey on sbtest8  (cost=0.43..416.69 rows=105 width=125)
	  Index Cond: ((id >= 6597112) AND (id <= 6597212))

for range-notcovered
table 1 : explain SELECT id, c FROM sbtest1 WHERE id BETWEEN 6882148 AND 6882248
	Index Scan using sbtest1_pkey on sbtest1  (cost=0.43..389.85 rows=98 width=125)
	  Index Cond: ((id >= 6882148) AND (id <= 6882248))

table 2 : explain SELECT id, c FROM sbtest2 WHERE id BETWEEN 6882148 AND 6882248
	Index Scan using sbtest2_pkey on sbtest2  (cost=0.43..374.00 rows=94 width=125)
	  Index Cond: ((id >= 6882148) AND (id <= 6882248))

table 3 : explain SELECT id, c FROM sbtest3 WHERE id BETWEEN 6882148 AND 6882248
	Index Scan using sbtest3_pkey on sbtest3  (cost=0.43..420.39 rows=106 width=125)
	  Index Cond: ((id >= 6882148) AND (id <= 6882248))

table 4 : explain SELECT id, c FROM sbtest4 WHERE id BETWEEN 6882148 AND 6882248
	Index Scan using sbtest4_pkey on sbtest4  (cost=0.43..373.17 rows=94 width=125)
	  Index Cond: ((id >= 6882148) AND (id <= 6882248))

table 5 : explain SELECT id, c FROM sbtest5 WHERE id BETWEEN 6882148 AND 6882248
	Index Scan using sbtest5_pkey on sbtest5  (cost=0.43..369.24 rows=93 width=125)
	  Index Cond: ((id >= 6882148) AND (id <= 6882248))

table 6 : explain SELECT id, c FROM sbtest6 WHERE id BETWEEN 6882148 AND 6882248
	Index Scan using sbtest6_pkey on sbtest6  (cost=0.43..398.88 rows=101 width=125)
	  Index Cond: ((id >= 6882148) AND (id <= 6882248))

table 7 : explain SELECT id, c FROM sbtest7 WHERE id BETWEEN 6882148 AND 6882248
	Index Scan using sbtest7_pkey on sbtest7  (cost=0.43..390.22 rows=98 width=125)
	  Index Cond: ((id >= 6882148) AND (id <= 6882248))

table 8 : explain SELECT id, c FROM sbtest8 WHERE id BETWEEN 6882148 AND 6882248
	Index Scan using sbtest8_pkey on sbtest8  (cost=0.43..412.76 rows=104 width=125)
	  Index Cond: ((id >= 6882148) AND (id <= 6882248))

explain: for range-notcovered :: explain SELECT id, c FROM sbtest%d WHERE id BETWEEN 6597112 AND 6597212
for range-notcovered
table 1 : explain SELECT id, c FROM sbtest1 WHERE id BETWEEN 4374508 AND 4374608
	Index Scan using sbtest1_pkey on sbtest1  (cost=0.43..389.85 rows=98 width=125)
	  Index Cond: ((id >= 4374508) AND (id <= 4374608))

table 2 : explain SELECT id, c FROM sbtest2 WHERE id BETWEEN 4374508 AND 4374608
	Index Scan using sbtest2_pkey on sbtest2  (cost=0.43..377.93 rows=95 width=125)
	  Index Cond: ((id >= 4374508) AND (id <= 4374608))

table 3 : explain SELECT id, c FROM sbtest3 WHERE id BETWEEN 4374508 AND 4374608
	Index Scan using sbtest3_pkey on sbtest3  (cost=0.43..416.47 rows=105 width=125)
	  Index Cond: ((id >= 4374508) AND (id <= 4374608))

table 4 : explain SELECT id, c FROM sbtest4 WHERE id BETWEEN 4374508 AND 4374608
	Index Scan using sbtest4_pkey on sbtest4  (cost=0.43..443.75 rows=112 width=125)
	  Index Cond: ((id >= 4374508) AND (id <= 4374608))

table 5 : explain SELECT id, c FROM sbtest5 WHERE id BETWEEN 4374508 AND 4374608
	Index Scan using sbtest5_pkey on sbtest5  (cost=0.43..424.13 rows=107 width=125)
	  Index Cond: ((id >= 4374508) AND (id <= 4374608))

table 6 : explain SELECT id, c FROM sbtest6 WHERE id BETWEEN 4374508 AND 4374608
	Index Scan using sbtest6_pkey on sbtest6  (cost=0.43..398.88 rows=101 width=125)
	  Index Cond: ((id >= 4374508) AND (id <= 4374608))

table 7 : explain SELECT id, c FROM sbtest7 WHERE id BETWEEN 4374508 AND 4374608
	Index Scan using sbtest7_pkey on sbtest7  (cost=0.43..425.66 rows=107 width=125)
	  Index Cond: ((id >= 4374508) AND (id <= 4374608))

table 8 : explain SELECT id, c FROM sbtest8 WHERE id BETWEEN 4374508 AND 4374608
	Index Scan using sbtest8_pkey on sbtest8  (cost=0.43..412.76 rows=104 width=125)
	  Index Cond: ((id >= 4374508) AND (id <= 4374608))

explain: for range-notcovered :: explain SELECT id, c FROM sbtest%d WHERE id BETWEEN 6882148 AND 6882248
explain: for range-notcovered :: explain SELECT id, c FROM sbtest%d WHERE id BETWEEN 4374508 AND 4374608
for range-notcovered
table 1 : explain SELECT id, c FROM sbtest1 WHERE id BETWEEN 6370399 AND 6370499
	Index Scan using sbtest1_pkey on sbtest1  (cost=0.43..417.39 rows=105 width=125)
	  Index Cond: ((id >= 6370399) AND (id <= 6370499))

table 2 : explain SELECT id, c FROM sbtest2 WHERE id BETWEEN 6370399 AND 6370499
	Index Scan using sbtest2_pkey on sbtest2  (cost=0.43..413.32 rows=104 width=125)
	  Index Cond: ((id >= 6370399) AND (id <= 6370499))

table 3 : explain SELECT id, c FROM sbtest3 WHERE id BETWEEN 6370399 AND 6370499
	Index Scan using sbtest3_pkey on sbtest3  (cost=0.43..385.07 rows=97 width=125)
	  Index Cond: ((id >= 6370399) AND (id <= 6370499))

table 4 : explain SELECT id, c FROM sbtest4 WHERE id BETWEEN 6370399 AND 6370499
	Index Scan using sbtest4_pkey on sbtest4  (cost=0.43..435.90 rows=110 width=125)
	  Index Cond: ((id >= 6370399) AND (id <= 6370499))

table 5 : explain SELECT id, c FROM sbtest5 WHERE id BETWEEN 6370399 AND 6370499
	Index Scan using sbtest5_pkey on sbtest5  (cost=0.43..396.69 rows=100 width=125)
	  Index Cond: ((id >= 6370399) AND (id <= 6370499))

table 6 : explain SELECT id, c FROM sbtest6 WHERE id BETWEEN 6370399 AND 6370499
	Index Scan using sbtest6_pkey on sbtest6  (cost=0.43..418.39 rows=106 width=125)
	  Index Cond: ((id >= 6370399) AND (id <= 6370499))

table 7 : explain SELECT id, c FROM sbtest7 WHERE id BETWEEN 6370399 AND 6370499
	Index Scan using sbtest7_pkey on sbtest7  (cost=0.43..405.98 rows=102 width=125)
	  Index Cond: ((id >= 6370399) AND (id <= 6370499))

table 8 : explain SELECT id, c FROM sbtest8 WHERE id BETWEEN 6370399 AND 6370499
	Index Scan using sbtest8_pkey on sbtest8  (cost=0.43..412.76 rows=104 width=125)
	  Index Cond: ((id >= 6370399) AND (id <= 6370499))

for range-notcovered
table 1 : explain SELECT id, c FROM sbtest1 WHERE id BETWEEN 6229437 AND 6229537
	Index Scan using sbtest1_pkey on sbtest1  (cost=0.43..409.52 rows=103 width=125)
	  Index Cond: ((id >= 6229437) AND (id <= 6229537))

table 2 : explain SELECT id, c FROM sbtest2 WHERE id BETWEEN 6229437 AND 6229537
	Index Scan using sbtest2_pkey on sbtest2  (cost=0.43..401.53 rows=101 width=125)
	  Index Cond: ((id >= 6229437) AND (id <= 6229537))

table 3 : explain SELECT id, c FROM sbtest3 WHERE id BETWEEN 6229437 AND 6229537
	Index Scan using sbtest3_pkey on sbtest3  (cost=0.43..408.63 rows=103 width=125)
	  Index Cond: ((id >= 6229437) AND (id <= 6229537))

table 4 : explain SELECT id, c FROM sbtest4 WHERE id BETWEEN 6229437 AND 6229537
	Index Scan using sbtest4_pkey on sbtest4  (cost=0.43..412.38 rows=104 width=125)
	  Index Cond: ((id >= 6229437) AND (id <= 6229537))

table 5 : explain SELECT id, c FROM sbtest5 WHERE id BETWEEN 6229437 AND 6229537
	Index Scan using sbtest5_pkey on sbtest5  (cost=0.43..361.40 rows=91 width=125)
	  Index Cond: ((id >= 6229437) AND (id <= 6229537))

table 6 : explain SELECT id, c FROM sbtest6 WHERE id BETWEEN 6229437 AND 6229537
	Index Scan using sbtest6_pkey on sbtest6  (cost=0.43..383.26 rows=97 width=125)
	  Index Cond: ((id >= 6229437) AND (id <= 6229537))

table 7 : explain SELECT id, c FROM sbtest7 WHERE id BETWEEN 6229437 AND 6229537
	Index Scan using sbtest7_pkey on sbtest7  (cost=0.43..402.05 rows=101 width=125)
	  Index Cond: ((id >= 6229437) AND (id <= 6229537))

table 8 : explain SELECT id, c FROM sbtest8 WHERE id BETWEEN 6229437 AND 6229537
	Index Scan using sbtest8_pkey on sbtest8  (cost=0.43..400.99 rows=101 width=125)
	  Index Cond: ((id >= 6229437) AND (id <= 6229537))

explain: for range-notcovered :: explain SELECT id, c FROM sbtest%d WHERE id BETWEEN 6370399 AND 6370499
for range-notcovered
table 1 : explain SELECT id, c FROM sbtest1 WHERE id BETWEEN 4873710 AND 4873810
	Index Scan using sbtest1_pkey on sbtest1  (cost=0.43..374.12 rows=94 width=125)
	  Index Cond: ((id >= 4873710) AND (id <= 4873810))

table 2 : explain SELECT id, c FROM sbtest2 WHERE id BETWEEN 4873710 AND 4873810
	Index Scan using sbtest2_pkey on sbtest2  (cost=0.43..389.72 rows=98 width=125)
	  Index Cond: ((id >= 4873710) AND (id <= 4873810))

table 3 : explain SELECT id, c FROM sbtest3 WHERE id BETWEEN 4873710 AND 4873810
	Index Scan using sbtest3_pkey on sbtest3  (cost=0.43..424.32 rows=107 width=125)
	  Index Cond: ((id >= 4873710) AND (id <= 4873810))

table 4 : explain SELECT id, c FROM sbtest4 WHERE id BETWEEN 4873710 AND 4873810
	Index Scan using sbtest4_pkey on sbtest4  (cost=0.43..365.33 rows=92 width=125)
	  Index Cond: ((id >= 4873710) AND (id <= 4873810))

table 5 : explain SELECT id, c FROM sbtest5 WHERE id BETWEEN 4873710 AND 4873810
	Index Scan using sbtest5_pkey on sbtest5  (cost=0.43..412.37 rows=104 width=125)
	  Index Cond: ((id >= 4873710) AND (id <= 4873810))

table 6 : explain SELECT id, c FROM sbtest6 WHERE id BETWEEN 4873710 AND 4873810
	Index Scan using sbtest6_pkey on sbtest6  (cost=0.43..340.30 rows=86 width=125)
	  Index Cond: ((id >= 4873710) AND (id <= 4873810))

table 7 : explain SELECT id, c FROM sbtest7 WHERE id BETWEEN 4873710 AND 4873810
	Index Scan using sbtest7_pkey on sbtest7  (cost=0.43..413.85 rows=104 width=125)
	  Index Cond: ((id >= 4873710) AND (id <= 4873810))

table 8 : explain SELECT id, c FROM sbtest8 WHERE id BETWEEN 4873710 AND 4873810
	Index Scan using sbtest8_pkey on sbtest8  (cost=0.43..444.16 rows=112 width=125)
	  Index Cond: ((id >= 4873710) AND (id <= 4873810))

explain: for range-notcovered :: explain SELECT id, c FROM sbtest%d WHERE id BETWEEN 4873710 AND 4873810
for range-notcovered
table 1 : explain SELECT id, c FROM sbtest1 WHERE id BETWEEN 6882148 AND 6882248
	Index Scan using sbtest1_pkey on sbtest1  (cost=0.43..389.85 rows=98 width=125)
	  Index Cond: ((id >= 6882148) AND (id <= 6882248))

table 2 : explain SELECT id, c FROM sbtest2 WHERE id BETWEEN 6882148 AND 6882248
	Index Scan using sbtest2_pkey on sbtest2  (cost=0.43..374.00 rows=94 width=125)
	  Index Cond: ((id >= 6882148) AND (id <= 6882248))

table 3 : explain SELECT id, c FROM sbtest3 WHERE id BETWEEN 6882148 AND 6882248
	Index Scan using sbtest3_pkey on sbtest3  (cost=0.43..420.39 rows=106 width=125)
	  Index Cond: ((id >= 6882148) AND (id <= 6882248))

table 4 : explain SELECT id, c FROM sbtest4 WHERE id BETWEEN 6882148 AND 6882248
	Index Scan using sbtest4_pkey on sbtest4  (cost=0.43..373.17 rows=94 width=125)
	  Index Cond: ((id >= 6882148) AND (id <= 6882248))

table 5 : explain SELECT id, c FROM sbtest5 WHERE id BETWEEN 6882148 AND 6882248
	Index Scan using sbtest5_pkey on sbtest5  (cost=0.43..369.24 rows=93 width=125)
	  Index Cond: ((id >= 6882148) AND (id <= 6882248))

table 6 : explain SELECT id, c FROM sbtest6 WHERE id BETWEEN 6882148 AND 6882248
	Index Scan using sbtest6_pkey on sbtest6  (cost=0.43..398.88 rows=101 width=125)
	  Index Cond: ((id >= 6882148) AND (id <= 6882248))

table 7 : explain SELECT id, c FROM sbtest7 WHERE id BETWEEN 6882148 AND 6882248
	Index Scan using sbtest7_pkey on sbtest7  (cost=0.43..390.22 rows=98 width=125)
	  Index Cond: ((id >= 6882148) AND (id <= 6882248))

table 8 : explain SELECT id, c FROM sbtest8 WHERE id BETWEEN 6882148 AND 6882248
	Index Scan using sbtest8_pkey on sbtest8  (cost=0.43..412.76 rows=104 width=125)
	  Index Cond: ((id >= 6882148) AND (id <= 6882248))

explain: for range-notcovered :: explain SELECT id, c FROM sbtest%d WHERE id BETWEEN 6882148 AND 6882248
explain: for range-notcovered :: explain SELECT id, c FROM sbtest%d WHERE id BETWEEN 2501610 AND 2501710
for range-notcovered
table 1 : explain SELECT id, c FROM sbtest1 WHERE id BETWEEN 6370399 AND 6370499
	Index Scan using sbtest1_pkey on sbtest1  (cost=0.43..417.39 rows=105 width=125)
	  Index Cond: ((id >= 6370399) AND (id <= 6370499))

table 2 : explain SELECT id, c FROM sbtest2 WHERE id BETWEEN 6370399 AND 6370499
	Index Scan using sbtest2_pkey on sbtest2  (cost=0.43..413.32 rows=104 width=125)
	  Index Cond: ((id >= 6370399) AND (id <= 6370499))

table 3 : explain SELECT id, c FROM sbtest3 WHERE id BETWEEN 6370399 AND 6370499
	Index Scan using sbtest3_pkey on sbtest3  (cost=0.43..385.07 rows=97 width=125)
	  Index Cond: ((id >= 6370399) AND (id <= 6370499))

table 4 : explain SELECT id, c FROM sbtest4 WHERE id BETWEEN 6370399 AND 6370499
	Index Scan using sbtest4_pkey on sbtest4  (cost=0.43..435.90 rows=110 width=125)
	  Index Cond: ((id >= 6370399) AND (id <= 6370499))

table 5 : explain SELECT id, c FROM sbtest5 WHERE id BETWEEN 6370399 AND 6370499
	Index Scan using sbtest5_pkey on sbtest5  (cost=0.43..396.69 rows=100 width=125)
	  Index Cond: ((id >= 6370399) AND (id <= 6370499))

table 6 : explain SELECT id, c FROM sbtest6 WHERE id BETWEEN 6370399 AND 6370499
	Index Scan using sbtest6_pkey on sbtest6  (cost=0.43..418.39 rows=106 width=125)
	  Index Cond: ((id >= 6370399) AND (id <= 6370499))

table 7 : explain SELECT id, c FROM sbtest7 WHERE id BETWEEN 6370399 AND 6370499
	Index Scan using sbtest7_pkey on sbtest7  (cost=0.43..405.98 rows=102 width=125)
	  Index Cond: ((id >= 6370399) AND (id <= 6370499))

table 8 : explain SELECT id, c FROM sbtest8 WHERE id BETWEEN 6370399 AND 6370499
	Index Scan using sbtest8_pkey on sbtest8  (cost=0.43..412.76 rows=104 width=125)
	  Index Cond: ((id >= 6370399) AND (id <= 6370499))

explain: for range-notcovered :: explain SELECT id, c FROM sbtest%d WHERE id BETWEEN 6370399 AND 6370499
for range-notcovered
table 1 : explain SELECT id, c FROM sbtest1 WHERE id BETWEEN 4873710 AND 4873810
	Index Scan using sbtest1_pkey on sbtest1  (cost=0.43..374.12 rows=94 width=125)
	  Index Cond: ((id >= 4873710) AND (id <= 4873810))

table 2 : explain SELECT id, c FROM sbtest2 WHERE id BETWEEN 4873710 AND 4873810
	Index Scan using sbtest2_pkey on sbtest2  (cost=0.43..389.72 rows=98 width=125)
	  Index Cond: ((id >= 4873710) AND (id <= 4873810))

table 3 : explain SELECT id, c FROM sbtest3 WHERE id BETWEEN 4873710 AND 4873810
	Index Scan using sbtest3_pkey on sbtest3  (cost=0.43..424.32 rows=107 width=125)
	  Index Cond: ((id >= 4873710) AND (id <= 4873810))

table 4 : explain SELECT id, c FROM sbtest4 WHERE id BETWEEN 4873710 AND 4873810
	Index Scan using sbtest4_pkey on sbtest4  (cost=0.43..365.33 rows=92 width=125)
	  Index Cond: ((id >= 4873710) AND (id <= 4873810))

table 5 : explain SELECT id, c FROM sbtest5 WHERE id BETWEEN 4873710 AND 4873810
	Index Scan using sbtest5_pkey on sbtest5  (cost=0.43..412.37 rows=104 width=125)
	  Index Cond: ((id >= 4873710) AND (id <= 4873810))

table 6 : explain SELECT id, c FROM sbtest6 WHERE id BETWEEN 4873710 AND 4873810
	Index Scan using sbtest6_pkey on sbtest6  (cost=0.43..340.30 rows=86 width=125)
	  Index Cond: ((id >= 4873710) AND (id <= 4873810))

table 7 : explain SELECT id, c FROM sbtest7 WHERE id BETWEEN 4873710 AND 4873810
	Index Scan using sbtest7_pkey on sbtest7  (cost=0.43..413.85 rows=104 width=125)
	  Index Cond: ((id >= 4873710) AND (id <= 4873810))

table 8 : explain SELECT id, c FROM sbtest8 WHERE id BETWEEN 4873710 AND 4873810
	Index Scan using sbtest8_pkey on sbtest8  (cost=0.43..444.16 rows=112 width=125)
	  Index Cond: ((id >= 4873710) AND (id <= 4873810))

explain: for range-notcovered :: explain SELECT id, c FROM sbtest%d WHERE id BETWEEN 4873710 AND 4873810
for range-notcovered
table 1 : explain SELECT id, c FROM sbtest1 WHERE id BETWEEN 6882148 AND 6882248
	Index Scan using sbtest1_pkey on sbtest1  (cost=0.43..389.85 rows=98 width=125)
	  Index Cond: ((id >= 6882148) AND (id <= 6882248))

table 2 : explain SELECT id, c FROM sbtest2 WHERE id BETWEEN 6882148 AND 6882248
	Index Scan using sbtest2_pkey on sbtest2  (cost=0.43..374.00 rows=94 width=125)
	  Index Cond: ((id >= 6882148) AND (id <= 6882248))

table 3 : explain SELECT id, c FROM sbtest3 WHERE id BETWEEN 6882148 AND 6882248
	Index Scan using sbtest3_pkey on sbtest3  (cost=0.43..420.39 rows=106 width=125)
	  Index Cond: ((id >= 6882148) AND (id <= 6882248))

table 4 : explain SELECT id, c FROM sbtest4 WHERE id BETWEEN 6882148 AND 6882248
	Index Scan using sbtest4_pkey on sbtest4  (cost=0.43..373.17 rows=94 width=125)
	  Index Cond: ((id >= 6882148) AND (id <= 6882248))

table 5 : explain SELECT id, c FROM sbtest5 WHERE id BETWEEN 6882148 AND 6882248
	Index Scan using sbtest5_pkey on sbtest5  (cost=0.43..369.24 rows=93 width=125)
	  Index Cond: ((id >= 6882148) AND (id <= 6882248))

table 6 : explain SELECT id, c FROM sbtest6 WHERE id BETWEEN 6882148 AND 6882248
	Index Scan using sbtest6_pkey on sbtest6  (cost=0.43..398.88 rows=101 width=125)
	  Index Cond: ((id >= 6882148) AND (id <= 6882248))

table 7 : explain SELECT id, c FROM sbtest7 WHERE id BETWEEN 6882148 AND 6882248
	Index Scan using sbtest7_pkey on sbtest7  (cost=0.43..390.22 rows=98 width=125)
	  Index Cond: ((id >= 6882148) AND (id <= 6882248))

table 8 : explain SELECT id, c FROM sbtest8 WHERE id BETWEEN 6882148 AND 6882248
	Index Scan using sbtest8_pkey on sbtest8  (cost=0.43..412.76 rows=104 width=125)
	  Index Cond: ((id >= 6882148) AND (id <= 6882248))

explain: for range-notcovered :: explain SELECT id, c FROM sbtest%d WHERE id BETWEEN 6882148 AND 6882248
for range-notcovered
table 1 : explain SELECT id, c FROM sbtest1 WHERE id BETWEEN 6597112 AND 6597212
	Index Scan using sbtest1_pkey on sbtest1  (cost=0.43..354.46 rows=89 width=125)
	  Index Cond: ((id >= 6597112) AND (id <= 6597212))

table 2 : explain SELECT id, c FROM sbtest2 WHERE id BETWEEN 6597112 AND 6597212
	Index Scan using sbtest2_pkey on sbtest2  (cost=0.43..385.79 rows=97 width=125)
	  Index Cond: ((id >= 6597112) AND (id <= 6597212))

table 3 : explain SELECT id, c FROM sbtest3 WHERE id BETWEEN 6597112 AND 6597212
	Index Scan using sbtest3_pkey on sbtest3  (cost=0.43..377.22 rows=95 width=125)
	  Index Cond: ((id >= 6597112) AND (id <= 6597212))

table 4 : explain SELECT id, c FROM sbtest4 WHERE id BETWEEN 6597112 AND 6597212
	Index Scan using sbtest4_pkey on sbtest4  (cost=0.43..416.30 rows=105 width=125)
	  Index Cond: ((id >= 6597112) AND (id <= 6597212))

table 5 : explain SELECT id, c FROM sbtest5 WHERE id BETWEEN 6597112 AND 6597212
	Index Scan using sbtest5_pkey on sbtest5  (cost=0.43..377.08 rows=95 width=125)
	  Index Cond: ((id >= 6597112) AND (id <= 6597212))

table 6 : explain SELECT id, c FROM sbtest6 WHERE id BETWEEN 6597112 AND 6597212
	Index Scan using sbtest6_pkey on sbtest6  (cost=0.43..457.43 rows=116 width=125)
	  Index Cond: ((id >= 6597112) AND (id <= 6597212))

table 7 : explain SELECT id, c FROM sbtest7 WHERE id BETWEEN 6597112 AND 6597212
	Index Scan using sbtest7_pkey on sbtest7  (cost=0.43..386.28 rows=97 width=125)
	  Index Cond: ((id >= 6597112) AND (id <= 6597212))

table 8 : explain SELECT id, c FROM sbtest8 WHERE id BETWEEN 6597112 AND 6597212
	Index Scan using sbtest8_pkey on sbtest8  (cost=0.43..416.69 rows=105 width=125)
	  Index Cond: ((id >= 6597112) AND (id <= 6597212))

for range-notcovered
table 1 : explain SELECT id, c FROM sbtest1 WHERE id BETWEEN 4374508 AND 4374608
	Index Scan using sbtest1_pkey on sbtest1  (cost=0.43..389.85 rows=98 width=125)
	  Index Cond: ((id >= 4374508) AND (id <= 4374608))

table 2 : explain SELECT id, c FROM sbtest2 WHERE id BETWEEN 4374508 AND 4374608
	Index Scan using sbtest2_pkey on sbtest2  (cost=0.43..377.93 rows=95 width=125)
	  Index Cond: ((id >= 4374508) AND (id <= 4374608))

table 3 : explain SELECT id, c FROM sbtest3 WHERE id BETWEEN 4374508 AND 4374608
	Index Scan using sbtest3_pkey on sbtest3  (cost=0.43..416.47 rows=105 width=125)
	  Index Cond: ((id >= 4374508) AND (id <= 4374608))

table 4 : explain SELECT id, c FROM sbtest4 WHERE id BETWEEN 4374508 AND 4374608
	Index Scan using sbtest4_pkey on sbtest4  (cost=0.43..443.75 rows=112 width=125)
	  Index Cond: ((id >= 4374508) AND (id <= 4374608))

table 5 : explain SELECT id, c FROM sbtest5 WHERE id BETWEEN 4374508 AND 4374608
	Index Scan using sbtest5_pkey on sbtest5  (cost=0.43..424.13 rows=107 width=125)
	  Index Cond: ((id >= 4374508) AND (id <= 4374608))

table 6 : explain SELECT id, c FROM sbtest6 WHERE id BETWEEN 4374508 AND 4374608
	Index Scan using sbtest6_pkey on sbtest6  (cost=0.43..398.88 rows=101 width=125)
	  Index Cond: ((id >= 4374508) AND (id <= 4374608))

table 7 : explain SELECT id, c FROM sbtest7 WHERE id BETWEEN 4374508 AND 4374608
	Index Scan using sbtest7_pkey on sbtest7  (cost=0.43..425.66 rows=107 width=125)
	  Index Cond: ((id >= 4374508) AND (id <= 4374608))

table 8 : explain SELECT id, c FROM sbtest8 WHERE id BETWEEN 4374508 AND 4374608
	Index Scan using sbtest8_pkey on sbtest8  (cost=0.43..412.76 rows=104 width=125)
	  Index Cond: ((id >= 4374508) AND (id <= 4374608))

for range-notcovered
table 1 : explain SELECT id, c FROM sbtest1 WHERE id BETWEEN 6370399 AND 6370499
	Index Scan using sbtest1_pkey on sbtest1  (cost=0.43..417.39 rows=105 width=125)
	  Index Cond: ((id >= 6370399) AND (id <= 6370499))

table 2 : explain SELECT id, c FROM sbtest2 WHERE id BETWEEN 6370399 AND 6370499
	Index Scan using sbtest2_pkey on sbtest2  (cost=0.43..413.32 rows=104 width=125)
	  Index Cond: ((id >= 6370399) AND (id <= 6370499))

table 3 : explain SELECT id, c FROM sbtest3 WHERE id BETWEEN 6370399 AND 6370499
	Index Scan using sbtest3_pkey on sbtest3  (cost=0.43..385.07 rows=97 width=125)
	  Index Cond: ((id >= 6370399) AND (id <= 6370499))

table 4 : explain SELECT id, c FROM sbtest4 WHERE id BETWEEN 6370399 AND 6370499
	Index Scan using sbtest4_pkey on sbtest4  (cost=0.43..435.90 rows=110 width=125)
	  Index Cond: ((id >= 6370399) AND (id <= 6370499))

table 5 : explain SELECT id, c FROM sbtest5 WHERE id BETWEEN 6370399 AND 6370499
	Index Scan using sbtest5_pkey on sbtest5  (cost=0.43..396.69 rows=100 width=125)
	  Index Cond: ((id >= 6370399) AND (id <= 6370499))

table 6 : explain SELECT id, c FROM sbtest6 WHERE id BETWEEN 6370399 AND 6370499
	Index Scan using sbtest6_pkey on sbtest6  (cost=0.43..418.39 rows=106 width=125)
	  Index Cond: ((id >= 6370399) AND (id <= 6370499))

table 7 : explain SELECT id, c FROM sbtest7 WHERE id BETWEEN 6370399 AND 6370499
	Index Scan using sbtest7_pkey on sbtest7  (cost=0.43..405.98 rows=102 width=125)
	  Index Cond: ((id >= 6370399) AND (id <= 6370499))

table 8 : explain SELECT id, c FROM sbtest8 WHERE id BETWEEN 6370399 AND 6370499
	Index Scan using sbtest8_pkey on sbtest8  (cost=0.43..412.76 rows=104 width=125)
	  Index Cond: ((id >= 6370399) AND (id <= 6370499))

explain: for range-notcovered :: explain SELECT id, c FROM sbtest%d WHERE id BETWEEN 6370399 AND 6370499
for range-notcovered
table 1 : explain SELECT id, c FROM sbtest1 WHERE id BETWEEN 4873710 AND 4873810
	Index Scan using sbtest1_pkey on sbtest1  (cost=0.43..374.12 rows=94 width=125)
	  Index Cond: ((id >= 4873710) AND (id <= 4873810))

table 2 : explain SELECT id, c FROM sbtest2 WHERE id BETWEEN 4873710 AND 4873810
	Index Scan using sbtest2_pkey on sbtest2  (cost=0.43..389.72 rows=98 width=125)
	  Index Cond: ((id >= 4873710) AND (id <= 4873810))

table 3 : explain SELECT id, c FROM sbtest3 WHERE id BETWEEN 4873710 AND 4873810
	Index Scan using sbtest3_pkey on sbtest3  (cost=0.43..424.32 rows=107 width=125)
	  Index Cond: ((id >= 4873710) AND (id <= 4873810))

table 4 : explain SELECT id, c FROM sbtest4 WHERE id BETWEEN 4873710 AND 4873810
	Index Scan using sbtest4_pkey on sbtest4  (cost=0.43..365.33 rows=92 width=125)
	  Index Cond: ((id >= 4873710) AND (id <= 4873810))

table 5 : explain SELECT id, c FROM sbtest5 WHERE id BETWEEN 4873710 AND 4873810
	Index Scan using sbtest5_pkey on sbtest5  (cost=0.43..412.37 rows=104 width=125)
	  Index Cond: ((id >= 4873710) AND (id <= 4873810))

table 6 : explain SELECT id, c FROM sbtest6 WHERE id BETWEEN 4873710 AND 4873810
	Index Scan using sbtest6_pkey on sbtest6  (cost=0.43..340.30 rows=86 width=125)
	  Index Cond: ((id >= 4873710) AND (id <= 4873810))

table 7 : explain SELECT id, c FROM sbtest7 WHERE id BETWEEN 4873710 AND 4873810
	Index Scan using sbtest7_pkey on sbtest7  (cost=0.43..413.85 rows=104 width=125)
	  Index Cond: ((id >= 4873710) AND (id <= 4873810))

table 8 : explain SELECT id, c FROM sbtest8 WHERE id BETWEEN 4873710 AND 4873810
	Index Scan using sbtest8_pkey on sbtest8  (cost=0.43..444.16 rows=112 width=125)
	  Index Cond: ((id >= 4873710) AND (id <= 4873810))

explain: for range-notcovered :: explain SELECT id, c FROM sbtest%d WHERE id BETWEEN 4374508 AND 4374608
explain: for range-notcovered :: explain SELECT id, c FROM sbtest%d WHERE id BETWEEN 4873710 AND 4873810
for range-notcovered
table 1 : explain SELECT id, c FROM sbtest1 WHERE id BETWEEN 6882148 AND 6882248
	Index Scan using sbtest1_pkey on sbtest1  (cost=0.43..389.85 rows=98 width=125)
	  Index Cond: ((id >= 6882148) AND (id <= 6882248))

table 2 : explain SELECT id, c FROM sbtest2 WHERE id BETWEEN 6882148 AND 6882248
	Index Scan using sbtest2_pkey on sbtest2  (cost=0.43..374.00 rows=94 width=125)
	  Index Cond: ((id >= 6882148) AND (id <= 6882248))

table 3 : explain SELECT id, c FROM sbtest3 WHERE id BETWEEN 6882148 AND 6882248
	Index Scan using sbtest3_pkey on sbtest3  (cost=0.43..420.39 rows=106 width=125)
	  Index Cond: ((id >= 6882148) AND (id <= 6882248))

table 4 : explain SELECT id, c FROM sbtest4 WHERE id BETWEEN 6882148 AND 6882248
	Index Scan using sbtest4_pkey on sbtest4  (cost=0.43..373.17 rows=94 width=125)
	  Index Cond: ((id >= 6882148) AND (id <= 6882248))

table 5 : explain SELECT id, c FROM sbtest5 WHERE id BETWEEN 6882148 AND 6882248
	Index Scan using sbtest5_pkey on sbtest5  (cost=0.43..369.24 rows=93 width=125)
	  Index Cond: ((id >= 6882148) AND (id <= 6882248))

table 6 : explain SELECT id, c FROM sbtest6 WHERE id BETWEEN 6882148 AND 6882248
	Index Scan using sbtest6_pkey on sbtest6  (cost=0.43..398.88 rows=101 width=125)
	  Index Cond: ((id >= 6882148) AND (id <= 6882248))

table 7 : explain SELECT id, c FROM sbtest7 WHERE id BETWEEN 6882148 AND 6882248
	Index Scan using sbtest7_pkey on sbtest7  (cost=0.43..390.22 rows=98 width=125)
	  Index Cond: ((id >= 6882148) AND (id <= 6882248))

table 8 : explain SELECT id, c FROM sbtest8 WHERE id BETWEEN 6882148 AND 6882248
	Index Scan using sbtest8_pkey on sbtest8  (cost=0.43..412.76 rows=104 width=125)
	  Index Cond: ((id >= 6882148) AND (id <= 6882248))

for range-notcovered
table 1 : explain SELECT id, c FROM sbtest1 WHERE id BETWEEN 6370399 AND 6370499
	Index Scan using sbtest1_pkey on sbtest1  (cost=0.43..417.39 rows=105 width=125)
	  Index Cond: ((id >= 6370399) AND (id <= 6370499))

table 2 : explain SELECT id, c FROM sbtest2 WHERE id BETWEEN 6370399 AND 6370499
	Index Scan using sbtest2_pkey on sbtest2  (cost=0.43..413.32 rows=104 width=125)
	  Index Cond: ((id >= 6370399) AND (id <= 6370499))

table 3 : explain SELECT id, c FROM sbtest3 WHERE id BETWEEN 6370399 AND 6370499
	Index Scan using sbtest3_pkey on sbtest3  (cost=0.43..385.07 rows=97 width=125)
	  Index Cond: ((id >= 6370399) AND (id <= 6370499))

table 4 : explain SELECT id, c FROM sbtest4 WHERE id BETWEEN 6370399 AND 6370499
	Index Scan using sbtest4_pkey on sbtest4  (cost=0.43..435.90 rows=110 width=125)
	  Index Cond: ((id >= 6370399) AND (id <= 6370499))

table 5 : explain SELECT id, c FROM sbtest5 WHERE id BETWEEN 6370399 AND 6370499
	Index Scan using sbtest5_pkey on sbtest5  (cost=0.43..396.69 rows=100 width=125)
	  Index Cond: ((id >= 6370399) AND (id <= 6370499))

table 6 : explain SELECT id, c FROM sbtest6 WHERE id BETWEEN 6370399 AND 6370499
	Index Scan using sbtest6_pkey on sbtest6  (cost=0.43..418.39 rows=106 width=125)
	  Index Cond: ((id >= 6370399) AND (id <= 6370499))

table 7 : explain SELECT id, c FROM sbtest7 WHERE id BETWEEN 6370399 AND 6370499
	Index Scan using sbtest7_pkey on sbtest7  (cost=0.43..405.98 rows=102 width=125)
	  Index Cond: ((id >= 6370399) AND (id <= 6370499))

table 8 : explain SELECT id, c FROM sbtest8 WHERE id BETWEEN 6370399 AND 6370499
	Index Scan using sbtest8_pkey on sbtest8  (cost=0.43..412.76 rows=104 width=125)
	  Index Cond: ((id >= 6370399) AND (id <= 6370499))

for range-notcovered
table 1 : explain SELECT id, c FROM sbtest1 WHERE id BETWEEN 4374508 AND 4374608
	Index Scan using sbtest1_pkey on sbtest1  (cost=0.43..389.85 rows=98 width=125)
	  Index Cond: ((id >= 4374508) AND (id <= 4374608))

table 2 : explain SELECT id, c FROM sbtest2 WHERE id BETWEEN 4374508 AND 4374608
	Index Scan using sbtest2_pkey on sbtest2  (cost=0.43..377.93 rows=95 width=125)
	  Index Cond: ((id >= 4374508) AND (id <= 4374608))

table 3 : explain SELECT id, c FROM sbtest3 WHERE id BETWEEN 4374508 AND 4374608
	Index Scan using sbtest3_pkey on sbtest3  (cost=0.43..416.47 rows=105 width=125)
	  Index Cond: ((id >= 4374508) AND (id <= 4374608))

table 4 : explain SELECT id, c FROM sbtest4 WHERE id BETWEEN 4374508 AND 4374608
	Index Scan using sbtest4_pkey on sbtest4  (cost=0.43..443.75 rows=112 width=125)
	  Index Cond: ((id >= 4374508) AND (id <= 4374608))

table 5 : explain SELECT id, c FROM sbtest5 WHERE id BETWEEN 4374508 AND 4374608
	Index Scan using sbtest5_pkey on sbtest5  (cost=0.43..424.13 rows=107 width=125)
	  Index Cond: ((id >= 4374508) AND (id <= 4374608))

table 6 : explain SELECT id, c FROM sbtest6 WHERE id BETWEEN 4374508 AND 4374608
	Index Scan using sbtest6_pkey on sbtest6  (cost=0.43..398.88 rows=101 width=125)
	  Index Cond: ((id >= 4374508) AND (id <= 4374608))

table 7 : explain SELECT id, c FROM sbtest7 WHERE id BETWEEN 4374508 AND 4374608
	Index Scan using sbtest7_pkey on sbtest7  (cost=0.43..425.66 rows=107 width=125)
	  Index Cond: ((id >= 4374508) AND (id <= 4374608))

table 8 : explain SELECT id, c FROM sbtest8 WHERE id BETWEEN 4374508 AND 4374608
	Index Scan using sbtest8_pkey on sbtest8  (cost=0.43..412.76 rows=104 width=125)
	  Index Cond: ((id >= 4374508) AND (id <= 4374608))

for range-notcovered
table 1 : explain SELECT id, c FROM sbtest1 WHERE id BETWEEN 4873710 AND 4873810
	Index Scan using sbtest1_pkey on sbtest1  (cost=0.43..374.12 rows=94 width=125)
	  Index Cond: ((id >= 4873710) AND (id <= 4873810))

table 2 : explain SELECT id, c FROM sbtest2 WHERE id BETWEEN 4873710 AND 4873810
	Index Scan using sbtest2_pkey on sbtest2  (cost=0.43..389.72 rows=98 width=125)
	  Index Cond: ((id >= 4873710) AND (id <= 4873810))

table 3 : explain SELECT id, c FROM sbtest3 WHERE id BETWEEN 4873710 AND 4873810
	Index Scan using sbtest3_pkey on sbtest3  (cost=0.43..424.32 rows=107 width=125)
	  Index Cond: ((id >= 4873710) AND (id <= 4873810))

table 4 : explain SELECT id, c FROM sbtest4 WHERE id BETWEEN 4873710 AND 4873810
	Index Scan using sbtest4_pkey on sbtest4  (cost=0.43..365.33 rows=92 width=125)
	  Index Cond: ((id >= 4873710) AND (id <= 4873810))

table 5 : explain SELECT id, c FROM sbtest5 WHERE id BETWEEN 4873710 AND 4873810
	Index Scan using sbtest5_pkey on sbtest5  (cost=0.43..412.37 rows=104 width=125)
	  Index Cond: ((id >= 4873710) AND (id <= 4873810))

table 6 : explain SELECT id, c FROM sbtest6 WHERE id BETWEEN 4873710 AND 4873810
	Index Scan using sbtest6_pkey on sbtest6  (cost=0.43..340.30 rows=86 width=125)
	  Index Cond: ((id >= 4873710) AND (id <= 4873810))

table 7 : explain SELECT id, c FROM sbtest7 WHERE id BETWEEN 4873710 AND 4873810
	Index Scan using sbtest7_pkey on sbtest7  (cost=0.43..413.85 rows=104 width=125)
	  Index Cond: ((id >= 4873710) AND (id <= 4873810))

table 8 : explain SELECT id, c FROM sbtest8 WHERE id BETWEEN 4873710 AND 4873810
	Index Scan using sbtest8_pkey on sbtest8  (cost=0.43..444.16 rows=112 width=125)
	  Index Cond: ((id >= 4873710) AND (id <= 4873810))

explain: for range-notcovered :: explain SELECT id, c FROM sbtest%d WHERE id BETWEEN 4374508 AND 4374608
for range-notcovered
table 1 : explain SELECT id, c FROM sbtest1 WHERE id BETWEEN 4374508 AND 4374608
	Index Scan using sbtest1_pkey on sbtest1  (cost=0.43..389.85 rows=98 width=125)
	  Index Cond: ((id >= 4374508) AND (id <= 4374608))

table 2 : explain SELECT id, c FROM sbtest2 WHERE id BETWEEN 4374508 AND 4374608
	Index Scan using sbtest2_pkey on sbtest2  (cost=0.43..377.93 rows=95 width=125)
	  Index Cond: ((id >= 4374508) AND (id <= 4374608))

table 3 : explain SELECT id, c FROM sbtest3 WHERE id BETWEEN 4374508 AND 4374608
	Index Scan using sbtest3_pkey on sbtest3  (cost=0.43..416.47 rows=105 width=125)
	  Index Cond: ((id >= 4374508) AND (id <= 4374608))

table 4 : explain SELECT id, c FROM sbtest4 WHERE id BETWEEN 4374508 AND 4374608
	Index Scan using sbtest4_pkey on sbtest4  (cost=0.43..443.75 rows=112 width=125)
	  Index Cond: ((id >= 4374508) AND (id <= 4374608))

table 5 : explain SELECT id, c FROM sbtest5 WHERE id BETWEEN 4374508 AND 4374608
	Index Scan using sbtest5_pkey on sbtest5  (cost=0.43..424.13 rows=107 width=125)
	  Index Cond: ((id >= 4374508) AND (id <= 4374608))

table 6 : explain SELECT id, c FROM sbtest6 WHERE id BETWEEN 4374508 AND 4374608
	Index Scan using sbtest6_pkey on sbtest6  (cost=0.43..398.88 rows=101 width=125)
	  Index Cond: ((id >= 4374508) AND (id <= 4374608))

table 7 : explain SELECT id, c FROM sbtest7 WHERE id BETWEEN 4374508 AND 4374608
	Index Scan using sbtest7_pkey on sbtest7  (cost=0.43..425.66 rows=107 width=125)
	  Index Cond: ((id >= 4374508) AND (id <= 4374608))

table 8 : explain SELECT id, c FROM sbtest8 WHERE id BETWEEN 4374508 AND 4374608
	Index Scan using sbtest8_pkey on sbtest8  (cost=0.43..412.76 rows=104 width=125)
	  Index Cond: ((id >= 4374508) AND (id <= 4374608))

explain: for range-notcovered :: explain SELECT id, c FROM sbtest%d WHERE id BETWEEN 4374508 AND 4374608
for range-notcovered
table 1 : explain SELECT id, c FROM sbtest1 WHERE id BETWEEN 2501610 AND 2501710
	Index Scan using sbtest1_pkey on sbtest1  (cost=0.43..417.39 rows=105 width=125)
	  Index Cond: ((id >= 2501610) AND (id <= 2501710))

table 2 : explain SELECT id, c FROM sbtest2 WHERE id BETWEEN 2501610 AND 2501710
	Index Scan using sbtest2_pkey on sbtest2  (cost=0.43..393.67 rows=99 width=125)
	  Index Cond: ((id >= 2501610) AND (id <= 2501710))

table 3 : explain SELECT id, c FROM sbtest3 WHERE id BETWEEN 2501610 AND 2501710
	Index Scan using sbtest3_pkey on sbtest3  (cost=0.43..400.78 rows=101 width=125)
	  Index Cond: ((id >= 2501610) AND (id <= 2501710))

table 4 : explain SELECT id, c FROM sbtest4 WHERE id BETWEEN 2501610 AND 2501710
	Index Scan using sbtest4_pkey on sbtest4  (cost=0.43..388.85 rows=98 width=125)
	  Index Cond: ((id >= 2501610) AND (id <= 2501710))

table 5 : explain SELECT id, c FROM sbtest5 WHERE id BETWEEN 2501610 AND 2501710
	Index Scan using sbtest5_pkey on sbtest5  (cost=0.43..400.61 rows=101 width=125)
	  Index Cond: ((id >= 2501610) AND (id <= 2501710))

table 6 : explain SELECT id, c FROM sbtest6 WHERE id BETWEEN 2501610 AND 2501710
	Index Scan using sbtest6_pkey on sbtest6  (cost=0.43..367.62 rows=93 width=125)
	  Index Cond: ((id >= 2501610) AND (id <= 2501710))

table 7 : explain SELECT id, c FROM sbtest7 WHERE id BETWEEN 2501610 AND 2501710
	Index Scan using sbtest7_pkey on sbtest7  (cost=0.43..398.11 rows=100 width=125)
	  Index Cond: ((id >= 2501610) AND (id <= 2501710))

table 8 : explain SELECT id, c FROM sbtest8 WHERE id BETWEEN 2501610 AND 2501710
	Index Scan using sbtest8_pkey on sbtest8  (cost=0.43..440.23 rows=111 width=125)
	  Index Cond: ((id >= 2501610) AND (id <= 2501710))

explain: for range-notcovered :: explain SELECT id, c FROM sbtest%d WHERE id BETWEEN 2501610 AND 2501710
for range-notcovered
table 1 : explain SELECT id, c FROM sbtest1 WHERE id BETWEEN 4374508 AND 4374608
	Index Scan using sbtest1_pkey on sbtest1  (cost=0.43..389.85 rows=98 width=125)
	  Index Cond: ((id >= 4374508) AND (id <= 4374608))

table 2 : explain SELECT id, c FROM sbtest2 WHERE id BETWEEN 4374508 AND 4374608
	Index Scan using sbtest2_pkey on sbtest2  (cost=0.43..377.93 rows=95 width=125)
	  Index Cond: ((id >= 4374508) AND (id <= 4374608))

table 3 : explain SELECT id, c FROM sbtest3 WHERE id BETWEEN 4374508 AND 4374608
	Index Scan using sbtest3_pkey on sbtest3  (cost=0.43..416.47 rows=105 width=125)
	  Index Cond: ((id >= 4374508) AND (id <= 4374608))

table 4 : explain SELECT id, c FROM sbtest4 WHERE id BETWEEN 4374508 AND 4374608
	Index Scan using sbtest4_pkey on sbtest4  (cost=0.43..443.75 rows=112 width=125)
	  Index Cond: ((id >= 4374508) AND (id <= 4374608))

table 5 : explain SELECT id, c FROM sbtest5 WHERE id BETWEEN 4374508 AND 4374608
	Index Scan using sbtest5_pkey on sbtest5  (cost=0.43..424.13 rows=107 width=125)
	  Index Cond: ((id >= 4374508) AND (id <= 4374608))

table 6 : explain SELECT id, c FROM sbtest6 WHERE id BETWEEN 4374508 AND 4374608
	Index Scan using sbtest6_pkey on sbtest6  (cost=0.43..398.88 rows=101 width=125)
	  Index Cond: ((id >= 4374508) AND (id <= 4374608))

table 7 : explain SELECT id, c FROM sbtest7 WHERE id BETWEEN 4374508 AND 4374608
	Index Scan using sbtest7_pkey on sbtest7  (cost=0.43..425.66 rows=107 width=125)
	  Index Cond: ((id >= 4374508) AND (id <= 4374608))

table 8 : explain SELECT id, c FROM sbtest8 WHERE id BETWEEN 4374508 AND 4374608
	Index Scan using sbtest8_pkey on sbtest8  (cost=0.43..412.76 rows=104 width=125)
	  Index Cond: ((id >= 4374508) AND (id <= 4374608))

explain: for range-notcovered :: explain SELECT id, c FROM sbtest%d WHERE id BETWEEN 4374508 AND 4374608
for range-notcovered
table 1 : explain SELECT id, c FROM sbtest1 WHERE id BETWEEN 4374508 AND 4374608
	Index Scan using sbtest1_pkey on sbtest1  (cost=0.43..389.85 rows=98 width=125)
	  Index Cond: ((id >= 4374508) AND (id <= 4374608))

table 2 : explain SELECT id, c FROM sbtest2 WHERE id BETWEEN 4374508 AND 4374608
	Index Scan using sbtest2_pkey on sbtest2  (cost=0.43..377.93 rows=95 width=125)
	  Index Cond: ((id >= 4374508) AND (id <= 4374608))

table 3 : explain SELECT id, c FROM sbtest3 WHERE id BETWEEN 4374508 AND 4374608
	Index Scan using sbtest3_pkey on sbtest3  (cost=0.43..416.47 rows=105 width=125)
	  Index Cond: ((id >= 4374508) AND (id <= 4374608))

table 4 : explain SELECT id, c FROM sbtest4 WHERE id BETWEEN 4374508 AND 4374608
	Index Scan using sbtest4_pkey on sbtest4  (cost=0.43..443.75 rows=112 width=125)
	  Index Cond: ((id >= 4374508) AND (id <= 4374608))

table 5 : explain SELECT id, c FROM sbtest5 WHERE id BETWEEN 4374508 AND 4374608
	Index Scan using sbtest5_pkey on sbtest5  (cost=0.43..424.13 rows=107 width=125)
	  Index Cond: ((id >= 4374508) AND (id <= 4374608))

table 6 : explain SELECT id, c FROM sbtest6 WHERE id BETWEEN 4374508 AND 4374608
	Index Scan using sbtest6_pkey on sbtest6  (cost=0.43..398.88 rows=101 width=125)
	  Index Cond: ((id >= 4374508) AND (id <= 4374608))

table 7 : explain SELECT id, c FROM sbtest7 WHERE id BETWEEN 4374508 AND 4374608
	Index Scan using sbtest7_pkey on sbtest7  (cost=0.43..425.66 rows=107 width=125)
	  Index Cond: ((id >= 4374508) AND (id <= 4374608))

table 8 : explain SELECT id, c FROM sbtest8 WHERE id BETWEEN 4374508 AND 4374608
	Index Scan using sbtest8_pkey on sbtest8  (cost=0.43..412.76 rows=104 width=125)
	  Index Cond: ((id >= 4374508) AND (id <= 4374608))

for range-notcovered
table 1 : explain SELECT id, c FROM sbtest1 WHERE id BETWEEN 2501610 AND 2501710
	Index Scan using sbtest1_pkey on sbtest1  (cost=0.43..417.39 rows=105 width=125)
	  Index Cond: ((id >= 2501610) AND (id <= 2501710))

table 2 : explain SELECT id, c FROM sbtest2 WHERE id BETWEEN 2501610 AND 2501710
	Index Scan using sbtest2_pkey on sbtest2  (cost=0.43..393.67 rows=99 width=125)
	  Index Cond: ((id >= 2501610) AND (id <= 2501710))

table 3 : explain SELECT id, c FROM sbtest3 WHERE id BETWEEN 2501610 AND 2501710
	Index Scan using sbtest3_pkey on sbtest3  (cost=0.43..400.78 rows=101 width=125)
	  Index Cond: ((id >= 2501610) AND (id <= 2501710))

table 4 : explain SELECT id, c FROM sbtest4 WHERE id BETWEEN 2501610 AND 2501710
	Index Scan using sbtest4_pkey on sbtest4  (cost=0.43..388.85 rows=98 width=125)
	  Index Cond: ((id >= 2501610) AND (id <= 2501710))

table 5 : explain SELECT id, c FROM sbtest5 WHERE id BETWEEN 2501610 AND 2501710
	Index Scan using sbtest5_pkey on sbtest5  (cost=0.43..400.61 rows=101 width=125)
	  Index Cond: ((id >= 2501610) AND (id <= 2501710))

table 6 : explain SELECT id, c FROM sbtest6 WHERE id BETWEEN 2501610 AND 2501710
	Index Scan using sbtest6_pkey on sbtest6  (cost=0.43..367.62 rows=93 width=125)
	  Index Cond: ((id >= 2501610) AND (id <= 2501710))

table 7 : explain SELECT id, c FROM sbtest7 WHERE id BETWEEN 2501610 AND 2501710
	Index Scan using sbtest7_pkey on sbtest7  (cost=0.43..398.11 rows=100 width=125)
	  Index Cond: ((id >= 2501610) AND (id <= 2501710))

table 8 : explain SELECT id, c FROM sbtest8 WHERE id BETWEEN 2501610 AND 2501710
	Index Scan using sbtest8_pkey on sbtest8  (cost=0.43..440.23 rows=111 width=125)
	  Index Cond: ((id >= 2501610) AND (id <= 2501710))

explain: for range-notcovered :: explain SELECT id, c FROM sbtest%d WHERE id BETWEEN 4374508 AND 4374608
explain: for range-notcovered :: explain SELECT id, c FROM sbtest%d WHERE id BETWEEN 2501610 AND 2501710
explain: for range-notcovered :: explain SELECT id, c FROM sbtest%d WHERE id BETWEEN 3514013 AND 3514113
explain: for range-notcovered :: explain SELECT id, c FROM sbtest%d WHERE id BETWEEN 5984460 AND 5984560
for range-notcovered
table 1 : explain SELECT id, c FROM sbtest1 WHERE id BETWEEN 4374508 AND 4374608
	Index Scan using sbtest1_pkey on sbtest1  (cost=0.43..389.85 rows=98 width=125)
	  Index Cond: ((id >= 4374508) AND (id <= 4374608))

table 2 : explain SELECT id, c FROM sbtest2 WHERE id BETWEEN 4374508 AND 4374608
	Index Scan using sbtest2_pkey on sbtest2  (cost=0.43..377.93 rows=95 width=125)
	  Index Cond: ((id >= 4374508) AND (id <= 4374608))

table 3 : explain SELECT id, c FROM sbtest3 WHERE id BETWEEN 4374508 AND 4374608
	Index Scan using sbtest3_pkey on sbtest3  (cost=0.43..416.47 rows=105 width=125)
	  Index Cond: ((id >= 4374508) AND (id <= 4374608))

table 4 : explain SELECT id, c FROM sbtest4 WHERE id BETWEEN 4374508 AND 4374608
	Index Scan using sbtest4_pkey on sbtest4  (cost=0.43..443.75 rows=112 width=125)
	  Index Cond: ((id >= 4374508) AND (id <= 4374608))

table 5 : explain SELECT id, c FROM sbtest5 WHERE id BETWEEN 4374508 AND 4374608
	Index Scan using sbtest5_pkey on sbtest5  (cost=0.43..424.13 rows=107 width=125)
	  Index Cond: ((id >= 4374508) AND (id <= 4374608))

table 6 : explain SELECT id, c FROM sbtest6 WHERE id BETWEEN 4374508 AND 4374608
	Index Scan using sbtest6_pkey on sbtest6  (cost=0.43..398.88 rows=101 width=125)
	  Index Cond: ((id >= 4374508) AND (id <= 4374608))

table 7 : explain SELECT id, c FROM sbtest7 WHERE id BETWEEN 4374508 AND 4374608
	Index Scan using sbtest7_pkey on sbtest7  (cost=0.43..425.66 rows=107 width=125)
	  Index Cond: ((id >= 4374508) AND (id <= 4374608))

table 8 : explain SELECT id, c FROM sbtest8 WHERE id BETWEEN 4374508 AND 4374608
	Index Scan using sbtest8_pkey on sbtest8  (cost=0.43..412.76 rows=104 width=125)
	  Index Cond: ((id >= 4374508) AND (id <= 4374608))

explain: for range-notcovered :: explain SELECT id, c FROM sbtest%d WHERE id BETWEEN 4374508 AND 4374608
explain: for range-notcovered :: explain SELECT id, c FROM sbtest%d WHERE id BETWEEN 4106831 AND 4106931
for range-notcovered
table 1 : explain SELECT id, c FROM sbtest1 WHERE id BETWEEN 4374508 AND 4374608
	Index Scan using sbtest1_pkey on sbtest1  (cost=0.43..389.85 rows=98 width=125)
	  Index Cond: ((id >= 4374508) AND (id <= 4374608))

table 2 : explain SELECT id, c FROM sbtest2 WHERE id BETWEEN 4374508 AND 4374608
	Index Scan using sbtest2_pkey on sbtest2  (cost=0.43..377.93 rows=95 width=125)
	  Index Cond: ((id >= 4374508) AND (id <= 4374608))

table 3 : explain SELECT id, c FROM sbtest3 WHERE id BETWEEN 4374508 AND 4374608
	Index Scan using sbtest3_pkey on sbtest3  (cost=0.43..416.47 rows=105 width=125)
	  Index Cond: ((id >= 4374508) AND (id <= 4374608))

table 4 : explain SELECT id, c FROM sbtest4 WHERE id BETWEEN 4374508 AND 4374608
	Index Scan using sbtest4_pkey on sbtest4  (cost=0.43..443.75 rows=112 width=125)
	  Index Cond: ((id >= 4374508) AND (id <= 4374608))

table 5 : explain SELECT id, c FROM sbtest5 WHERE id BETWEEN 4374508 AND 4374608
	Index Scan using sbtest5_pkey on sbtest5  (cost=0.43..424.13 rows=107 width=125)
	  Index Cond: ((id >= 4374508) AND (id <= 4374608))

table 6 : explain SELECT id, c FROM sbtest6 WHERE id BETWEEN 4374508 AND 4374608
	Index Scan using sbtest6_pkey on sbtest6  (cost=0.43..398.88 rows=101 width=125)
	  Index Cond: ((id >= 4374508) AND (id <= 4374608))

table 7 : explain SELECT id, c FROM sbtest7 WHERE id BETWEEN 4374508 AND 4374608
	Index Scan using sbtest7_pkey on sbtest7  (cost=0.43..425.66 rows=107 width=125)
	  Index Cond: ((id >= 4374508) AND (id <= 4374608))

table 8 : explain SELECT id, c FROM sbtest8 WHERE id BETWEEN 4374508 AND 4374608
	Index Scan using sbtest8_pkey on sbtest8  (cost=0.43..412.76 rows=104 width=125)
	  Index Cond: ((id >= 4374508) AND (id <= 4374608))

for range-notcovered
table 1 : explain SELECT id, c FROM sbtest1 WHERE id BETWEEN 2501610 AND 2501710
	Index Scan using sbtest1_pkey on sbtest1  (cost=0.43..417.39 rows=105 width=125)
	  Index Cond: ((id >= 2501610) AND (id <= 2501710))

table 2 : explain SELECT id, c FROM sbtest2 WHERE id BETWEEN 2501610 AND 2501710
	Index Scan using sbtest2_pkey on sbtest2  (cost=0.43..393.67 rows=99 width=125)
	  Index Cond: ((id >= 2501610) AND (id <= 2501710))

table 3 : explain SELECT id, c FROM sbtest3 WHERE id BETWEEN 2501610 AND 2501710
	Index Scan using sbtest3_pkey on sbtest3  (cost=0.43..400.78 rows=101 width=125)
	  Index Cond: ((id >= 2501610) AND (id <= 2501710))

table 4 : explain SELECT id, c FROM sbtest4 WHERE id BETWEEN 2501610 AND 2501710
	Index Scan using sbtest4_pkey on sbtest4  (cost=0.43..388.85 rows=98 width=125)
	  Index Cond: ((id >= 2501610) AND (id <= 2501710))

table 5 : explain SELECT id, c FROM sbtest5 WHERE id BETWEEN 2501610 AND 2501710
	Index Scan using sbtest5_pkey on sbtest5  (cost=0.43..400.61 rows=101 width=125)
	  Index Cond: ((id >= 2501610) AND (id <= 2501710))

table 6 : explain SELECT id, c FROM sbtest6 WHERE id BETWEEN 2501610 AND 2501710
	Index Scan using sbtest6_pkey on sbtest6  (cost=0.43..367.62 rows=93 width=125)
	  Index Cond: ((id >= 2501610) AND (id <= 2501710))

table 7 : explain SELECT id, c FROM sbtest7 WHERE id BETWEEN 2501610 AND 2501710
	Index Scan using sbtest7_pkey on sbtest7  (cost=0.43..398.11 rows=100 width=125)
	  Index Cond: ((id >= 2501610) AND (id <= 2501710))

table 8 : explain SELECT id, c FROM sbtest8 WHERE id BETWEEN 2501610 AND 2501710
	Index Scan using sbtest8_pkey on sbtest8  (cost=0.43..440.23 rows=111 width=125)
	  Index Cond: ((id >= 2501610) AND (id <= 2501710))

explain: for range-notcovered :: explain SELECT id, c FROM sbtest%d WHERE id BETWEEN 2501610 AND 2501710
for range-notcovered
table 1 : explain SELECT id, c FROM sbtest1 WHERE id BETWEEN 2501610 AND 2501710
	Index Scan using sbtest1_pkey on sbtest1  (cost=0.43..417.39 rows=105 width=125)
	  Index Cond: ((id >= 2501610) AND (id <= 2501710))

table 2 : explain SELECT id, c FROM sbtest2 WHERE id BETWEEN 2501610 AND 2501710
	Index Scan using sbtest2_pkey on sbtest2  (cost=0.43..393.67 rows=99 width=125)
	  Index Cond: ((id >= 2501610) AND (id <= 2501710))

table 3 : explain SELECT id, c FROM sbtest3 WHERE id BETWEEN 2501610 AND 2501710
	Index Scan using sbtest3_pkey on sbtest3  (cost=0.43..400.78 rows=101 width=125)
	  Index Cond: ((id >= 2501610) AND (id <= 2501710))

table 4 : explain SELECT id, c FROM sbtest4 WHERE id BETWEEN 2501610 AND 2501710
	Index Scan using sbtest4_pkey on sbtest4  (cost=0.43..388.85 rows=98 width=125)
	  Index Cond: ((id >= 2501610) AND (id <= 2501710))

table 5 : explain SELECT id, c FROM sbtest5 WHERE id BETWEEN 2501610 AND 2501710
	Index Scan using sbtest5_pkey on sbtest5  (cost=0.43..400.61 rows=101 width=125)
	  Index Cond: ((id >= 2501610) AND (id <= 2501710))

table 6 : explain SELECT id, c FROM sbtest6 WHERE id BETWEEN 2501610 AND 2501710
	Index Scan using sbtest6_pkey on sbtest6  (cost=0.43..367.62 rows=93 width=125)
	  Index Cond: ((id >= 2501610) AND (id <= 2501710))

table 7 : explain SELECT id, c FROM sbtest7 WHERE id BETWEEN 2501610 AND 2501710
	Index Scan using sbtest7_pkey on sbtest7  (cost=0.43..398.11 rows=100 width=125)
	  Index Cond: ((id >= 2501610) AND (id <= 2501710))

table 8 : explain SELECT id, c FROM sbtest8 WHERE id BETWEEN 2501610 AND 2501710
	Index Scan using sbtest8_pkey on sbtest8  (cost=0.43..440.23 rows=111 width=125)
	  Index Cond: ((id >= 2501610) AND (id <= 2501710))

explain: for range-notcovered :: explain SELECT id, c FROM sbtest%d WHERE id BETWEEN 2501610 AND 2501710
explain: for range-notcovered :: explain SELECT id, c FROM sbtest%d WHERE id BETWEEN 7849706 AND 7849806
explain: for range-notcovered :: explain SELECT id, c FROM sbtest%d WHERE id BETWEEN 2450941 AND 2451041
for range-notcovered
table 1 : explain SELECT id, c FROM sbtest1 WHERE id BETWEEN 3514013 AND 3514113
	Index Scan using sbtest1_pkey on sbtest1  (cost=0.43..385.91 rows=97 width=125)
	  Index Cond: ((id >= 3514013) AND (id <= 3514113))

table 2 : explain SELECT id, c FROM sbtest2 WHERE id BETWEEN 3514013 AND 3514113
	Index Scan using sbtest2_pkey on sbtest2  (cost=0.43..432.97 rows=109 width=125)
	  Index Cond: ((id >= 3514013) AND (id <= 3514113))

table 3 : explain SELECT id, c FROM sbtest3 WHERE id BETWEEN 3514013 AND 3514113
	Index Scan using sbtest3_pkey on sbtest3  (cost=0.43..400.78 rows=101 width=125)
	  Index Cond: ((id >= 3514013) AND (id <= 3514113))

table 4 : explain SELECT id, c FROM sbtest4 WHERE id BETWEEN 3514013 AND 3514113
	Index Scan using sbtest4_pkey on sbtest4  (cost=0.43..416.30 rows=105 width=125)
	  Index Cond: ((id >= 3514013) AND (id <= 3514113))

table 5 : explain SELECT id, c FROM sbtest5 WHERE id BETWEEN 3514013 AND 3514113
	Index Scan using sbtest5_pkey on sbtest5  (cost=0.43..349.61 rows=88 width=125)
	  Index Cond: ((id >= 3514013) AND (id <= 3514113))

table 6 : explain SELECT id, c FROM sbtest6 WHERE id BETWEEN 3514013 AND 3514113
	Index Scan using sbtest6_pkey on sbtest6  (cost=0.43..398.88 rows=101 width=125)
	  Index Cond: ((id >= 3514013) AND (id <= 3514113))

table 7 : explain SELECT id, c FROM sbtest7 WHERE id BETWEEN 3514013 AND 3514113
	Index Scan using sbtest7_pkey on sbtest7  (cost=0.43..382.35 rows=96 width=125)
	  Index Cond: ((id >= 3514013) AND (id <= 3514113))

table 8 : explain SELECT id, c FROM sbtest8 WHERE id BETWEEN 3514013 AND 3514113
	Index Scan using sbtest8_pkey on sbtest8  (cost=0.43..373.49 rows=94 width=125)
	  Index Cond: ((id >= 3514013) AND (id <= 3514113))

for range-notcovered
table 1 : explain SELECT id, c FROM sbtest1 WHERE id BETWEEN 5984460 AND 5984560
	Index Scan using sbtest1_pkey on sbtest1  (cost=0.43..385.91 rows=97 width=125)
	  Index Cond: ((id >= 5984460) AND (id <= 5984560))

table 2 : explain SELECT id, c FROM sbtest2 WHERE id BETWEEN 5984460 AND 5984560
	Index Scan using sbtest2_pkey on sbtest2  (cost=0.43..389.72 rows=98 width=125)
	  Index Cond: ((id >= 5984460) AND (id <= 5984560))

table 3 : explain SELECT id, c FROM sbtest3 WHERE id BETWEEN 5984460 AND 5984560
	Index Scan using sbtest3_pkey on sbtest3  (cost=0.43..416.47 rows=105 width=125)
	  Index Cond: ((id >= 5984460) AND (id <= 5984560))

table 4 : explain SELECT id, c FROM sbtest4 WHERE id BETWEEN 5984460 AND 5984560
	Index Scan using sbtest4_pkey on sbtest4  (cost=0.43..384.93 rows=97 width=125)
	  Index Cond: ((id >= 5984460) AND (id <= 5984560))

table 5 : explain SELECT id, c FROM sbtest5 WHERE id BETWEEN 5984460 AND 5984560
	Index Scan using sbtest5_pkey on sbtest5  (cost=0.43..377.08 rows=95 width=125)
	  Index Cond: ((id >= 5984460) AND (id <= 5984560))

table 6 : explain SELECT id, c FROM sbtest6 WHERE id BETWEEN 5984460 AND 5984560
	Index Scan using sbtest6_pkey on sbtest6  (cost=0.43..391.07 rows=99 width=125)
	  Index Cond: ((id >= 5984460) AND (id <= 5984560))

table 7 : explain SELECT id, c FROM sbtest7 WHERE id BETWEEN 5984460 AND 5984560
	Index Scan using sbtest7_pkey on sbtest7  (cost=0.43..394.16 rows=99 width=125)
	  Index Cond: ((id >= 5984460) AND (id <= 5984560))

table 8 : explain SELECT id, c FROM sbtest8 WHERE id BETWEEN 5984460 AND 5984560
	Index Scan using sbtest8_pkey on sbtest8  (cost=0.43..346.02 rows=87 width=125)
	  Index Cond: ((id >= 5984460) AND (id <= 5984560))

explain: for range-notcovered :: explain SELECT id, c FROM sbtest%d WHERE id BETWEEN 3514013 AND 3514113
explain: for range-notcovered :: explain SELECT id, c FROM sbtest%d WHERE id BETWEEN 5984460 AND 5984560
for range-notcovered
table 1 : explain SELECT id, c FROM sbtest1 WHERE id BETWEEN 2501610 AND 2501710
	Index Scan using sbtest1_pkey on sbtest1  (cost=0.43..417.39 rows=105 width=125)
	  Index Cond: ((id >= 2501610) AND (id <= 2501710))

table 2 : explain SELECT id, c FROM sbtest2 WHERE id BETWEEN 2501610 AND 2501710
	Index Scan using sbtest2_pkey on sbtest2  (cost=0.43..393.67 rows=99 width=125)
	  Index Cond: ((id >= 2501610) AND (id <= 2501710))

table 3 : explain SELECT id, c FROM sbtest3 WHERE id BETWEEN 2501610 AND 2501710
	Index Scan using sbtest3_pkey on sbtest3  (cost=0.43..400.78 rows=101 width=125)
	  Index Cond: ((id >= 2501610) AND (id <= 2501710))

table 4 : explain SELECT id, c FROM sbtest4 WHERE id BETWEEN 2501610 AND 2501710
	Index Scan using sbtest4_pkey on sbtest4  (cost=0.43..388.85 rows=98 width=125)
	  Index Cond: ((id >= 2501610) AND (id <= 2501710))

table 5 : explain SELECT id, c FROM sbtest5 WHERE id BETWEEN 2501610 AND 2501710
	Index Scan using sbtest5_pkey on sbtest5  (cost=0.43..400.61 rows=101 width=125)
	  Index Cond: ((id >= 2501610) AND (id <= 2501710))

table 6 : explain SELECT id, c FROM sbtest6 WHERE id BETWEEN 2501610 AND 2501710
	Index Scan using sbtest6_pkey on sbtest6  (cost=0.43..367.62 rows=93 width=125)
	  Index Cond: ((id >= 2501610) AND (id <= 2501710))

table 7 : explain SELECT id, c FROM sbtest7 WHERE id BETWEEN 2501610 AND 2501710
	Index Scan using sbtest7_pkey on sbtest7  (cost=0.43..398.11 rows=100 width=125)
	  Index Cond: ((id >= 2501610) AND (id <= 2501710))

table 8 : explain SELECT id, c FROM sbtest8 WHERE id BETWEEN 2501610 AND 2501710
	Index Scan using sbtest8_pkey on sbtest8  (cost=0.43..440.23 rows=111 width=125)
	  Index Cond: ((id >= 2501610) AND (id <= 2501710))

explain: for range-notcovered :: explain SELECT id, c FROM sbtest%d WHERE id BETWEEN 2501610 AND 2501710
explain: for range-notcovered :: explain SELECT id, c FROM sbtest%d WHERE id BETWEEN 3146289 AND 3146389
for range-notcovered
table 1 : explain SELECT id, c FROM sbtest1 WHERE id BETWEEN 4106831 AND 4106931
	Index Scan using sbtest1_pkey on sbtest1  (cost=0.43..409.52 rows=103 width=125)
	  Index Cond: ((id >= 4106831) AND (id <= 4106931))

table 2 : explain SELECT id, c FROM sbtest2 WHERE id BETWEEN 4106831 AND 4106931
	Index Scan using sbtest2_pkey on sbtest2  (cost=0.43..432.97 rows=109 width=125)
	  Index Cond: ((id >= 4106831) AND (id <= 4106931))

table 3 : explain SELECT id, c FROM sbtest3 WHERE id BETWEEN 4106831 AND 4106931
	Index Scan using sbtest3_pkey on sbtest3  (cost=0.43..432.16 rows=109 width=125)
	  Index Cond: ((id >= 4106831) AND (id <= 4106931))

table 4 : explain SELECT id, c FROM sbtest4 WHERE id BETWEEN 4106831 AND 4106931
	Index Scan using sbtest4_pkey on sbtest4  (cost=0.43..373.17 rows=94 width=125)
	  Index Cond: ((id >= 4106831) AND (id <= 4106931))

table 5 : explain SELECT id, c FROM sbtest5 WHERE id BETWEEN 4106831 AND 4106931
	Index Scan using sbtest5_pkey on sbtest5  (cost=0.43..404.53 rows=102 width=125)
	  Index Cond: ((id >= 4106831) AND (id <= 4106931))

table 6 : explain SELECT id, c FROM sbtest6 WHERE id BETWEEN 4106831 AND 4106931
	Index Scan using sbtest6_pkey on sbtest6  (cost=0.43..375.43 rows=95 width=125)
	  Index Cond: ((id >= 4106831) AND (id <= 4106931))

table 7 : explain SELECT id, c FROM sbtest7 WHERE id BETWEEN 4106831 AND 4106931
	Index Scan using sbtest7_pkey on sbtest7  (cost=0.43..409.92 rows=103 width=125)
	  Index Cond: ((id >= 4106831) AND (id <= 4106931))

table 8 : explain SELECT id, c FROM sbtest8 WHERE id BETWEEN 4106831 AND 4106931
	Index Scan using sbtest8_pkey on sbtest8  (cost=0.43..412.76 rows=104 width=125)
	  Index Cond: ((id >= 4106831) AND (id <= 4106931))

for range-notcovered
table 1 : explain SELECT id, c FROM sbtest1 WHERE id BETWEEN 3514013 AND 3514113
	Index Scan using sbtest1_pkey on sbtest1  (cost=0.43..385.91 rows=97 width=125)
	  Index Cond: ((id >= 3514013) AND (id <= 3514113))

table 2 : explain SELECT id, c FROM sbtest2 WHERE id BETWEEN 3514013 AND 3514113
	Index Scan using sbtest2_pkey on sbtest2  (cost=0.43..432.97 rows=109 width=125)
	  Index Cond: ((id >= 3514013) AND (id <= 3514113))

table 3 : explain SELECT id, c FROM sbtest3 WHERE id BETWEEN 3514013 AND 3514113
	Index Scan using sbtest3_pkey on sbtest3  (cost=0.43..400.78 rows=101 width=125)
	  Index Cond: ((id >= 3514013) AND (id <= 3514113))

table 4 : explain SELECT id, c FROM sbtest4 WHERE id BETWEEN 3514013 AND 3514113
	Index Scan using sbtest4_pkey on sbtest4  (cost=0.43..416.30 rows=105 width=125)
	  Index Cond: ((id >= 3514013) AND (id <= 3514113))

table 5 : explain SELECT id, c FROM sbtest5 WHERE id BETWEEN 3514013 AND 3514113
	Index Scan using sbtest5_pkey on sbtest5  (cost=0.43..349.61 rows=88 width=125)
	  Index Cond: ((id >= 3514013) AND (id <= 3514113))

table 6 : explain SELECT id, c FROM sbtest6 WHERE id BETWEEN 3514013 AND 3514113
	Index Scan using sbtest6_pkey on sbtest6  (cost=0.43..398.88 rows=101 width=125)
	  Index Cond: ((id >= 3514013) AND (id <= 3514113))

table 7 : explain SELECT id, c FROM sbtest7 WHERE id BETWEEN 3514013 AND 3514113
	Index Scan using sbtest7_pkey on sbtest7  (cost=0.43..382.35 rows=96 width=125)
	  Index Cond: ((id >= 3514013) AND (id <= 3514113))

table 8 : explain SELECT id, c FROM sbtest8 WHERE id BETWEEN 3514013 AND 3514113
	Index Scan using sbtest8_pkey on sbtest8  (cost=0.43..373.49 rows=94 width=125)
	  Index Cond: ((id >= 3514013) AND (id <= 3514113))

for range-notcovered
table 1 : explain SELECT id, c FROM sbtest1 WHERE id BETWEEN 5984460 AND 5984560
	Index Scan using sbtest1_pkey on sbtest1  (cost=0.43..385.91 rows=97 width=125)
	  Index Cond: ((id >= 5984460) AND (id <= 5984560))

table 2 : explain SELECT id, c FROM sbtest2 WHERE id BETWEEN 5984460 AND 5984560
	Index Scan using sbtest2_pkey on sbtest2  (cost=0.43..389.72 rows=98 width=125)
	  Index Cond: ((id >= 5984460) AND (id <= 5984560))

table 3 : explain SELECT id, c FROM sbtest3 WHERE id BETWEEN 5984460 AND 5984560
	Index Scan using sbtest3_pkey on sbtest3  (cost=0.43..416.47 rows=105 width=125)
	  Index Cond: ((id >= 5984460) AND (id <= 5984560))

table 4 : explain SELECT id, c FROM sbtest4 WHERE id BETWEEN 5984460 AND 5984560
	Index Scan using sbtest4_pkey on sbtest4  (cost=0.43..384.93 rows=97 width=125)
	  Index Cond: ((id >= 5984460) AND (id <= 5984560))

table 5 : explain SELECT id, c FROM sbtest5 WHERE id BETWEEN 5984460 AND 5984560
	Index Scan using sbtest5_pkey on sbtest5  (cost=0.43..377.08 rows=95 width=125)
	  Index Cond: ((id >= 5984460) AND (id <= 5984560))

table 6 : explain SELECT id, c FROM sbtest6 WHERE id BETWEEN 5984460 AND 5984560
	Index Scan using sbtest6_pkey on sbtest6  (cost=0.43..391.07 rows=99 width=125)
	  Index Cond: ((id >= 5984460) AND (id <= 5984560))

table 7 : explain SELECT id, c FROM sbtest7 WHERE id BETWEEN 5984460 AND 5984560
	Index Scan using sbtest7_pkey on sbtest7  (cost=0.43..394.16 rows=99 width=125)
	  Index Cond: ((id >= 5984460) AND (id <= 5984560))

table 8 : explain SELECT id, c FROM sbtest8 WHERE id BETWEEN 5984460 AND 5984560
	Index Scan using sbtest8_pkey on sbtest8  (cost=0.43..346.02 rows=87 width=125)
	  Index Cond: ((id >= 5984460) AND (id <= 5984560))

explain: for range-notcovered :: explain SELECT id, c FROM sbtest%d WHERE id BETWEEN 3514013 AND 3514113
explain: for range-notcovered :: explain SELECT id, c FROM sbtest%d WHERE id BETWEEN 4106831 AND 4106931
explain: for range-notcovered :: explain SELECT id, c FROM sbtest%d WHERE id BETWEEN 5984460 AND 5984560
for range-notcovered
table 1 : explain SELECT id, c FROM sbtest1 WHERE id BETWEEN 2501610 AND 2501710
	Index Scan using sbtest1_pkey on sbtest1  (cost=0.43..417.39 rows=105 width=125)
	  Index Cond: ((id >= 2501610) AND (id <= 2501710))

table 2 : explain SELECT id, c FROM sbtest2 WHERE id BETWEEN 2501610 AND 2501710
	Index Scan using sbtest2_pkey on sbtest2  (cost=0.43..393.67 rows=99 width=125)
	  Index Cond: ((id >= 2501610) AND (id <= 2501710))

table 3 : explain SELECT id, c FROM sbtest3 WHERE id BETWEEN 2501610 AND 2501710
	Index Scan using sbtest3_pkey on sbtest3  (cost=0.43..400.78 rows=101 width=125)
	  Index Cond: ((id >= 2501610) AND (id <= 2501710))

table 4 : explain SELECT id, c FROM sbtest4 WHERE id BETWEEN 2501610 AND 2501710
	Index Scan using sbtest4_pkey on sbtest4  (cost=0.43..388.85 rows=98 width=125)
	  Index Cond: ((id >= 2501610) AND (id <= 2501710))

table 5 : explain SELECT id, c FROM sbtest5 WHERE id BETWEEN 2501610 AND 2501710
	Index Scan using sbtest5_pkey on sbtest5  (cost=0.43..400.61 rows=101 width=125)
	  Index Cond: ((id >= 2501610) AND (id <= 2501710))

table 6 : explain SELECT id, c FROM sbtest6 WHERE id BETWEEN 2501610 AND 2501710
	Index Scan using sbtest6_pkey on sbtest6  (cost=0.43..367.62 rows=93 width=125)
	  Index Cond: ((id >= 2501610) AND (id <= 2501710))

table 7 : explain SELECT id, c FROM sbtest7 WHERE id BETWEEN 2501610 AND 2501710
	Index Scan using sbtest7_pkey on sbtest7  (cost=0.43..398.11 rows=100 width=125)
	  Index Cond: ((id >= 2501610) AND (id <= 2501710))

table 8 : explain SELECT id, c FROM sbtest8 WHERE id BETWEEN 2501610 AND 2501710
	Index Scan using sbtest8_pkey on sbtest8  (cost=0.43..440.23 rows=111 width=125)
	  Index Cond: ((id >= 2501610) AND (id <= 2501710))

explain: for range-notcovered :: explain SELECT id, c FROM sbtest%d WHERE id BETWEEN 2501610 AND 2501710
explain: for range-notcovered :: explain SELECT id, c FROM sbtest%d WHERE id BETWEEN 4792605 AND 4792705
explain: for range-notcovered :: explain SELECT id, c FROM sbtest%d WHERE id BETWEEN 4587456 AND 4587556
explain: for range-notcovered :: explain SELECT id, c FROM sbtest%d WHERE id BETWEEN 3895122 AND 3895222
for range-notcovered
table 1 : explain SELECT id, c FROM sbtest1 WHERE id BETWEEN 3146289 AND 3146389
	Index Scan using sbtest1_pkey on sbtest1  (cost=0.43..378.05 rows=95 width=125)
	  Index Cond: ((id >= 3146289) AND (id <= 3146389))

table 2 : explain SELECT id, c FROM sbtest2 WHERE id BETWEEN 3146289 AND 3146389
	Index Scan using sbtest2_pkey on sbtest2  (cost=0.43..405.46 rows=102 width=125)
	  Index Cond: ((id >= 3146289) AND (id <= 3146389))

table 3 : explain SELECT id, c FROM sbtest3 WHERE id BETWEEN 3146289 AND 3146389
	Index Scan using sbtest3_pkey on sbtest3  (cost=0.43..389.01 rows=98 width=125)
	  Index Cond: ((id >= 3146289) AND (id <= 3146389))

table 4 : explain SELECT id, c FROM sbtest4 WHERE id BETWEEN 3146289 AND 3146389
	Index Scan using sbtest4_pkey on sbtest4  (cost=0.43..400.62 rows=101 width=125)
	  Index Cond: ((id >= 3146289) AND (id <= 3146389))

table 5 : explain SELECT id, c FROM sbtest5 WHERE id BETWEEN 3146289 AND 3146389
	Index Scan using sbtest5_pkey on sbtest5  (cost=0.43..400.61 rows=101 width=125)
	  Index Cond: ((id >= 3146289) AND (id <= 3146389))

table 6 : explain SELECT id, c FROM sbtest6 WHERE id BETWEEN 3146289 AND 3146389
	Index Scan using sbtest6_pkey on sbtest6  (cost=0.43..449.62 rows=114 width=125)
	  Index Cond: ((id >= 3146289) AND (id <= 3146389))

table 7 : explain SELECT id, c FROM sbtest7 WHERE id BETWEEN 3146289 AND 3146389
	Index Scan using sbtest7_pkey on sbtest7  (cost=0.43..386.28 rows=97 width=125)
	  Index Cond: ((id >= 3146289) AND (id <= 3146389))

table 8 : explain SELECT id, c FROM sbtest8 WHERE id BETWEEN 3146289 AND 3146389
	Index Scan using sbtest8_pkey on sbtest8  (cost=0.43..389.19 rows=98 width=125)
	  Index Cond: ((id >= 3146289) AND (id <= 3146389))

explain: for range-notcovered :: explain SELECT id, c FROM sbtest%d WHERE id BETWEEN 3146289 AND 3146389
for range-notcovered
table 1 : explain SELECT id, c FROM sbtest1 WHERE id BETWEEN 3514013 AND 3514113
	Index Scan using sbtest1_pkey on sbtest1  (cost=0.43..385.91 rows=97 width=125)
	  Index Cond: ((id >= 3514013) AND (id <= 3514113))

table 2 : explain SELECT id, c FROM sbtest2 WHERE id BETWEEN 3514013 AND 3514113
	Index Scan using sbtest2_pkey on sbtest2  (cost=0.43..432.97 rows=109 width=125)
	  Index Cond: ((id >= 3514013) AND (id <= 3514113))

table 3 : explain SELECT id, c FROM sbtest3 WHERE id BETWEEN 3514013 AND 3514113
	Index Scan using sbtest3_pkey on sbtest3  (cost=0.43..400.78 rows=101 width=125)
	  Index Cond: ((id >= 3514013) AND (id <= 3514113))

table 4 : explain SELECT id, c FROM sbtest4 WHERE id BETWEEN 3514013 AND 3514113
	Index Scan using sbtest4_pkey on sbtest4  (cost=0.43..416.30 rows=105 width=125)
	  Index Cond: ((id >= 3514013) AND (id <= 3514113))

table 5 : explain SELECT id, c FROM sbtest5 WHERE id BETWEEN 3514013 AND 3514113
	Index Scan using sbtest5_pkey on sbtest5  (cost=0.43..349.61 rows=88 width=125)
	  Index Cond: ((id >= 3514013) AND (id <= 3514113))

table 6 : explain SELECT id, c FROM sbtest6 WHERE id BETWEEN 3514013 AND 3514113
	Index Scan using sbtest6_pkey on sbtest6  (cost=0.43..398.88 rows=101 width=125)
	  Index Cond: ((id >= 3514013) AND (id <= 3514113))

table 7 : explain SELECT id, c FROM sbtest7 WHERE id BETWEEN 3514013 AND 3514113
	Index Scan using sbtest7_pkey on sbtest7  (cost=0.43..382.35 rows=96 width=125)
	  Index Cond: ((id >= 3514013) AND (id <= 3514113))

table 8 : explain SELECT id, c FROM sbtest8 WHERE id BETWEEN 3514013 AND 3514113
	Index Scan using sbtest8_pkey on sbtest8  (cost=0.43..373.49 rows=94 width=125)
	  Index Cond: ((id >= 3514013) AND (id <= 3514113))

for range-notcovered
table 1 : explain SELECT id, c FROM sbtest1 WHERE id BETWEEN 5984460 AND 5984560
	Index Scan using sbtest1_pkey on sbtest1  (cost=0.43..385.91 rows=97 width=125)
	  Index Cond: ((id >= 5984460) AND (id <= 5984560))

table 2 : explain SELECT id, c FROM sbtest2 WHERE id BETWEEN 5984460 AND 5984560
	Index Scan using sbtest2_pkey on sbtest2  (cost=0.43..389.72 rows=98 width=125)
	  Index Cond: ((id >= 5984460) AND (id <= 5984560))

table 3 : explain SELECT id, c FROM sbtest3 WHERE id BETWEEN 5984460 AND 5984560
	Index Scan using sbtest3_pkey on sbtest3  (cost=0.43..416.47 rows=105 width=125)
	  Index Cond: ((id >= 5984460) AND (id <= 5984560))

table 4 : explain SELECT id, c FROM sbtest4 WHERE id BETWEEN 5984460 AND 5984560
	Index Scan using sbtest4_pkey on sbtest4  (cost=0.43..384.93 rows=97 width=125)
	  Index Cond: ((id >= 5984460) AND (id <= 5984560))

table 5 : explain SELECT id, c FROM sbtest5 WHERE id BETWEEN 5984460 AND 5984560
	Index Scan using sbtest5_pkey on sbtest5  (cost=0.43..377.08 rows=95 width=125)
	  Index Cond: ((id >= 5984460) AND (id <= 5984560))

table 6 : explain SELECT id, c FROM sbtest6 WHERE id BETWEEN 5984460 AND 5984560
	Index Scan using sbtest6_pkey on sbtest6  (cost=0.43..391.07 rows=99 width=125)
	  Index Cond: ((id >= 5984460) AND (id <= 5984560))

table 7 : explain SELECT id, c FROM sbtest7 WHERE id BETWEEN 5984460 AND 5984560
	Index Scan using sbtest7_pkey on sbtest7  (cost=0.43..394.16 rows=99 width=125)
	  Index Cond: ((id >= 5984460) AND (id <= 5984560))

table 8 : explain SELECT id, c FROM sbtest8 WHERE id BETWEEN 5984460 AND 5984560
	Index Scan using sbtest8_pkey on sbtest8  (cost=0.43..346.02 rows=87 width=125)
	  Index Cond: ((id >= 5984460) AND (id <= 5984560))

for range-notcovered
table 1 : explain SELECT id, c FROM sbtest1 WHERE id BETWEEN 4106831 AND 4106931
	Index Scan using sbtest1_pkey on sbtest1  (cost=0.43..409.52 rows=103 width=125)
	  Index Cond: ((id >= 4106831) AND (id <= 4106931))

table 2 : explain SELECT id, c FROM sbtest2 WHERE id BETWEEN 4106831 AND 4106931
	Index Scan using sbtest2_pkey on sbtest2  (cost=0.43..432.97 rows=109 width=125)
	  Index Cond: ((id >= 4106831) AND (id <= 4106931))

table 3 : explain SELECT id, c FROM sbtest3 WHERE id BETWEEN 4106831 AND 4106931
	Index Scan using sbtest3_pkey on sbtest3  (cost=0.43..432.16 rows=109 width=125)
	  Index Cond: ((id >= 4106831) AND (id <= 4106931))

table 4 : explain SELECT id, c FROM sbtest4 WHERE id BETWEEN 4106831 AND 4106931
	Index Scan using sbtest4_pkey on sbtest4  (cost=0.43..373.17 rows=94 width=125)
	  Index Cond: ((id >= 4106831) AND (id <= 4106931))

table 5 : explain SELECT id, c FROM sbtest5 WHERE id BETWEEN 4106831 AND 4106931
	Index Scan using sbtest5_pkey on sbtest5  (cost=0.43..404.53 rows=102 width=125)
	  Index Cond: ((id >= 4106831) AND (id <= 4106931))

table 6 : explain SELECT id, c FROM sbtest6 WHERE id BETWEEN 4106831 AND 4106931
	Index Scan using sbtest6_pkey on sbtest6  (cost=0.43..375.43 rows=95 width=125)
	  Index Cond: ((id >= 4106831) AND (id <= 4106931))

table 7 : explain SELECT id, c FROM sbtest7 WHERE id BETWEEN 4106831 AND 4106931
	Index Scan using sbtest7_pkey on sbtest7  (cost=0.43..409.92 rows=103 width=125)
	  Index Cond: ((id >= 4106831) AND (id <= 4106931))

table 8 : explain SELECT id, c FROM sbtest8 WHERE id BETWEEN 4106831 AND 4106931
	Index Scan using sbtest8_pkey on sbtest8  (cost=0.43..412.76 rows=104 width=125)
	  Index Cond: ((id >= 4106831) AND (id <= 4106931))

explain: for range-notcovered :: explain SELECT id, c FROM sbtest%d WHERE id BETWEEN 5984460 AND 5984560
explain: for range-notcovered :: explain SELECT id, c FROM sbtest%d WHERE id BETWEEN 3514013 AND 3514113
explain: for range-notcovered :: explain SELECT id, c FROM sbtest%d WHERE id BETWEEN 4106831 AND 4106931
for range-notcovered
table 1 : explain SELECT id, c FROM sbtest1 WHERE id BETWEEN 2501610 AND 2501710
	Index Scan using sbtest1_pkey on sbtest1  (cost=0.43..417.39 rows=105 width=125)
	  Index Cond: ((id >= 2501610) AND (id <= 2501710))

table 2 : explain SELECT id, c FROM sbtest2 WHERE id BETWEEN 2501610 AND 2501710
	Index Scan using sbtest2_pkey on sbtest2  (cost=0.43..393.67 rows=99 width=125)
	  Index Cond: ((id >= 2501610) AND (id <= 2501710))

table 3 : explain SELECT id, c FROM sbtest3 WHERE id BETWEEN 2501610 AND 2501710
	Index Scan using sbtest3_pkey on sbtest3  (cost=0.43..400.78 rows=101 width=125)
	  Index Cond: ((id >= 2501610) AND (id <= 2501710))

table 4 : explain SELECT id, c FROM sbtest4 WHERE id BETWEEN 2501610 AND 2501710
	Index Scan using sbtest4_pkey on sbtest4  (cost=0.43..388.85 rows=98 width=125)
	  Index Cond: ((id >= 2501610) AND (id <= 2501710))

table 5 : explain SELECT id, c FROM sbtest5 WHERE id BETWEEN 2501610 AND 2501710
	Index Scan using sbtest5_pkey on sbtest5  (cost=0.43..400.61 rows=101 width=125)
	  Index Cond: ((id >= 2501610) AND (id <= 2501710))

table 6 : explain SELECT id, c FROM sbtest6 WHERE id BETWEEN 2501610 AND 2501710
	Index Scan using sbtest6_pkey on sbtest6  (cost=0.43..367.62 rows=93 width=125)
	  Index Cond: ((id >= 2501610) AND (id <= 2501710))

table 7 : explain SELECT id, c FROM sbtest7 WHERE id BETWEEN 2501610 AND 2501710
	Index Scan using sbtest7_pkey on sbtest7  (cost=0.43..398.11 rows=100 width=125)
	  Index Cond: ((id >= 2501610) AND (id <= 2501710))

table 8 : explain SELECT id, c FROM sbtest8 WHERE id BETWEEN 2501610 AND 2501710
	Index Scan using sbtest8_pkey on sbtest8  (cost=0.43..440.23 rows=111 width=125)
	  Index Cond: ((id >= 2501610) AND (id <= 2501710))

explain: for range-notcovered :: explain SELECT id, c FROM sbtest%d WHERE id BETWEEN 2501610 AND 2501710
for range-notcovered
table 1 : explain SELECT id, c FROM sbtest1 WHERE id BETWEEN 3146289 AND 3146389
	Index Scan using sbtest1_pkey on sbtest1  (cost=0.43..378.05 rows=95 width=125)
	  Index Cond: ((id >= 3146289) AND (id <= 3146389))

table 2 : explain SELECT id, c FROM sbtest2 WHERE id BETWEEN 3146289 AND 3146389
	Index Scan using sbtest2_pkey on sbtest2  (cost=0.43..405.46 rows=102 width=125)
	  Index Cond: ((id >= 3146289) AND (id <= 3146389))

table 3 : explain SELECT id, c FROM sbtest3 WHERE id BETWEEN 3146289 AND 3146389
	Index Scan using sbtest3_pkey on sbtest3  (cost=0.43..389.01 rows=98 width=125)
	  Index Cond: ((id >= 3146289) AND (id <= 3146389))

table 4 : explain SELECT id, c FROM sbtest4 WHERE id BETWEEN 3146289 AND 3146389
	Index Scan using sbtest4_pkey on sbtest4  (cost=0.43..400.62 rows=101 width=125)
	  Index Cond: ((id >= 3146289) AND (id <= 3146389))

table 5 : explain SELECT id, c FROM sbtest5 WHERE id BETWEEN 3146289 AND 3146389
	Index Scan using sbtest5_pkey on sbtest5  (cost=0.43..400.61 rows=101 width=125)
	  Index Cond: ((id >= 3146289) AND (id <= 3146389))

table 6 : explain SELECT id, c FROM sbtest6 WHERE id BETWEEN 3146289 AND 3146389
	Index Scan using sbtest6_pkey on sbtest6  (cost=0.43..449.62 rows=114 width=125)
	  Index Cond: ((id >= 3146289) AND (id <= 3146389))

table 7 : explain SELECT id, c FROM sbtest7 WHERE id BETWEEN 3146289 AND 3146389
	Index Scan using sbtest7_pkey on sbtest7  (cost=0.43..386.28 rows=97 width=125)
	  Index Cond: ((id >= 3146289) AND (id <= 3146389))

table 8 : explain SELECT id, c FROM sbtest8 WHERE id BETWEEN 3146289 AND 3146389
	Index Scan using sbtest8_pkey on sbtest8  (cost=0.43..389.19 rows=98 width=125)
	  Index Cond: ((id >= 3146289) AND (id <= 3146389))

explain: for range-notcovered :: explain SELECT id, c FROM sbtest%d WHERE id BETWEEN 3146289 AND 3146389for range-notcovered
table 1 : explain SELECT id, c FROM sbtest1 WHERE id BETWEEN 5984460 AND 5984560
	Index Scan using sbtest1_pkey on sbtest1  (cost=0.43..385.91 rows=97 width=125)
	  Index Cond: ((id >= 5984460) AND (id <= 5984560))

table 2 : explain SELECT id, c FROM sbtest2 WHERE id BETWEEN 5984460 AND 5984560
	Index Scan using sbtest2_pkey on sbtest2  (cost=0.43..389.72 rows=98 width=125)
	  Index Cond: ((id >= 5984460) AND (id <= 5984560))

table 3 : explain SELECT id, c FROM sbtest3 WHERE id BETWEEN 5984460 AND 5984560
	Index Scan using sbtest3_pkey on sbtest3  (cost=0.43..416.47 rows=105 width=125)
	  Index Cond: ((id >= 5984460) AND (id <= 5984560))

table 4 : explain SELECT id, c FROM sbtest4 WHERE id BETWEEN 5984460 AND 5984560
	Index Scan using sbtest4_pkey on sbtest4  (cost=0.43..384.93 rows=97 width=125)
	  Index Cond: ((id >= 5984460) AND (id <= 5984560))

table 5 : explain SELECT id, c FROM sbtest5 WHERE id BETWEEN 5984460 AND 5984560
	Index Scan using sbtest5_pkey on sbtest5  (cost=0.43..377.08 rows=95 width=125)
	  Index Cond: ((id >= 5984460) AND (id <= 5984560))

table 6 : explain SELECT id, c FROM sbtest6 WHERE id BETWEEN 5984460 AND 5984560
	Index Scan using sbtest6_pkey on sbtest6  (cost=0.43..391.07 rows=99 width=125)
	  Index Cond: ((id >= 5984460) AND (id <= 5984560))

table 7 : explain SELECT id, c FROM sbtest7 WHERE id BETWEEN 5984460 AND 5984560
	Index Scan using sbtest7_pkey on sbtest7  (cost=0.43..394.16 rows=99 width=125)
	  Index Cond: ((id >= 5984460) AND (id <= 5984560))

table 8 : explain SELECT id, c FROM sbtest8 WHERE id BETWEEN 5984460 AND 5984560
	Index Scan using sbtest8_pkey on sbtest8  (cost=0.43..346.02 rows=87 width=125)
	  Index Cond: ((id >= 5984460) AND (id <= 5984560))


for range-notcovered
table 1 : explain SELECT id, c FROM sbtest1 WHERE id BETWEEN 3514013 AND 3514113
	Index Scan using sbtest1_pkey on sbtest1  (cost=0.43..385.91 rows=97 width=125)
	  Index Cond: ((id >= 3514013) AND (id <= 3514113))

table 2 : explain SELECT id, c FROM sbtest2 WHERE id BETWEEN 3514013 AND 3514113
	Index Scan using sbtest2_pkey on sbtest2  (cost=0.43..432.97 rows=109 width=125)
	  Index Cond: ((id >= 3514013) AND (id <= 3514113))

table 3 : explain SELECT id, c FROM sbtest3 WHERE id BETWEEN 3514013 AND 3514113
	Index Scan using sbtest3_pkey on sbtest3  (cost=0.43..400.78 rows=101 width=125)
	  Index Cond: ((id >= 3514013) AND (id <= 3514113))

table 4 : explain SELECT id, c FROM sbtest4 WHERE id BETWEEN 3514013 AND 3514113
	Index Scan using sbtest4_pkey on sbtest4  (cost=0.43..416.30 rows=105 width=125)
	  Index Cond: ((id >= 3514013) AND (id <= 3514113))

table 5 : explain SELECT id, c FROM sbtest5 WHERE id BETWEEN 3514013 AND 3514113
	Index Scan using sbtest5_pkey on sbtest5  (cost=0.43..349.61 rows=88 width=125)
	  Index Cond: ((id >= 3514013) AND (id <= 3514113))

table 6 : explain SELECT id, c FROM sbtest6 WHERE id BETWEEN 3514013 AND 3514113
	Index Scan using sbtest6_pkey on sbtest6  (cost=0.43..398.88 rows=101 width=125)
	  Index Cond: ((id >= 3514013) AND (id <= 3514113))

table 7 : explain SELECT id, c FROM sbtest7 WHERE id BETWEEN 3514013 AND 3514113
	Index Scan using sbtest7_pkey on sbtest7  (cost=0.43..382.35 rows=96 width=125)
	  Index Cond: ((id >= 3514013) AND (id <= 3514113))

table 8 : explain SELECT id, c FROM sbtest8 WHERE id BETWEEN 3514013 AND 3514113
	Index Scan using sbtest8_pkey on sbtest8  (cost=0.43..373.49 rows=94 width=125)
	  Index Cond: ((id >= 3514013) AND (id <= 3514113))

explain: for range-notcovered :: explain SELECT id, c FROM sbtest%d WHERE id BETWEEN 5984460 AND 5984560
for range-notcovered
table 1 : explain SELECT id, c FROM sbtest1 WHERE id BETWEEN 4106831 AND 4106931
	Index Scan using sbtest1_pkey on sbtest1  (cost=0.43..409.52 rows=103 width=125)
	  Index Cond: ((id >= 4106831) AND (id <= 4106931))

table 2 : explain SELECT id, c FROM sbtest2 WHERE id BETWEEN 4106831 AND 4106931
	Index Scan using sbtest2_pkey on sbtest2  (cost=0.43..432.97 rows=109 width=125)
	  Index Cond: ((id >= 4106831) AND (id <= 4106931))

table 3 : explain SELECT id, c FROM sbtest3 WHERE id BETWEEN 4106831 AND 4106931
	Index Scan using sbtest3_pkey on sbtest3  (cost=0.43..432.16 rows=109 width=125)
	  Index Cond: ((id >= 4106831) AND (id <= 4106931))

table 4 : explain SELECT id, c FROM sbtest4 WHERE id BETWEEN 4106831 AND 4106931
	Index Scan using sbtest4_pkey on sbtest4  (cost=0.43..373.17 rows=94 width=125)
	  Index Cond: ((id >= 4106831) AND (id <= 4106931))

table 5 : explain SELECT id, c FROM sbtest5 WHERE id BETWEEN 4106831 AND 4106931
	Index Scan using sbtest5_pkey on sbtest5  (cost=0.43..404.53 rows=102 width=125)
	  Index Cond: ((id >= 4106831) AND (id <= 4106931))

table 6 : explain SELECT id, c FROM sbtest6 WHERE id BETWEEN 4106831 AND 4106931
	Index Scan using sbtest6_pkey on sbtest6  (cost=0.43..375.43 rows=95 width=125)
	  Index Cond: ((id >= 4106831) AND (id <= 4106931))

table 7 : explain SELECT id, c FROM sbtest7 WHERE id BETWEEN 4106831 AND 4106931
	Index Scan using sbtest7_pkey on sbtest7  (cost=0.43..409.92 rows=103 width=125)
	  Index Cond: ((id >= 4106831) AND (id <= 4106931))

table 8 : explain SELECT id, c FROM sbtest8 WHERE id BETWEEN 4106831 AND 4106931
	Index Scan using sbtest8_pkey on sbtest8  (cost=0.43..412.76 rows=104 width=125)
	  Index Cond: ((id >= 4106831) AND (id <= 4106931))

explain: for range-notcovered :: explain SELECT id, c FROM sbtest%d WHERE id BETWEEN 3514013 AND 3514113
explain: for range-notcovered :: explain SELECT id, c FROM sbtest%d WHERE id BETWEEN 4106831 AND 4106931
for range-notcovered
table 1 : explain SELECT id, c FROM sbtest1 WHERE id BETWEEN 2501610 AND 2501710
	Index Scan using sbtest1_pkey on sbtest1  (cost=0.43..417.39 rows=105 width=125)
	  Index Cond: ((id >= 2501610) AND (id <= 2501710))

table 2 : explain SELECT id, c FROM sbtest2 WHERE id BETWEEN 2501610 AND 2501710
	Index Scan using sbtest2_pkey on sbtest2  (cost=0.43..393.67 rows=99 width=125)
	  Index Cond: ((id >= 2501610) AND (id <= 2501710))

table 3 : explain SELECT id, c FROM sbtest3 WHERE id BETWEEN 2501610 AND 2501710
	Index Scan using sbtest3_pkey on sbtest3  (cost=0.43..400.78 rows=101 width=125)
	  Index Cond: ((id >= 2501610) AND (id <= 2501710))

table 4 : explain SELECT id, c FROM sbtest4 WHERE id BETWEEN 2501610 AND 2501710
	Index Scan using sbtest4_pkey on sbtest4  (cost=0.43..388.85 rows=98 width=125)
	  Index Cond: ((id >= 2501610) AND (id <= 2501710))

table 5 : explain SELECT id, c FROM sbtest5 WHERE id BETWEEN 2501610 AND 2501710
	Index Scan using sbtest5_pkey on sbtest5  (cost=0.43..400.61 rows=101 width=125)
	  Index Cond: ((id >= 2501610) AND (id <= 2501710))

table 6 : explain SELECT id, c FROM sbtest6 WHERE id BETWEEN 2501610 AND 2501710
	Index Scan using sbtest6_pkey on sbtest6  (cost=0.43..367.62 rows=93 width=125)
	  Index Cond: ((id >= 2501610) AND (id <= 2501710))

table 7 : explain SELECT id, c FROM sbtest7 WHERE id BETWEEN 2501610 AND 2501710
	Index Scan using sbtest7_pkey on sbtest7  (cost=0.43..398.11 rows=100 width=125)
	  Index Cond: ((id >= 2501610) AND (id <= 2501710))

table 8 : explain SELECT id, c FROM sbtest8 WHERE id BETWEEN 2501610 AND 2501710
	Index Scan using sbtest8_pkey on sbtest8  (cost=0.43..440.23 rows=111 width=125)
	  Index Cond: ((id >= 2501610) AND (id <= 2501710))

for range-notcovered
table 1 : explain SELECT id, c FROM sbtest1 WHERE id BETWEEN 7849706 AND 7849806
	Index Scan using sbtest1_pkey on sbtest1  (cost=0.43..374.12 rows=94 width=125)
	  Index Cond: ((id >= 7849706) AND (id <= 7849806))

table 2 : explain SELECT id, c FROM sbtest2 WHERE id BETWEEN 7849706 AND 7849806
	Index Scan using sbtest2_pkey on sbtest2  (cost=0.43..401.53 rows=101 width=125)
	  Index Cond: ((id >= 7849706) AND (id <= 7849806))

table 3 : explain SELECT id, c FROM sbtest3 WHERE id BETWEEN 7849706 AND 7849806
	Index Scan using sbtest3_pkey on sbtest3  (cost=0.43..385.07 rows=97 width=125)
	  Index Cond: ((id >= 7849706) AND (id <= 7849806))

table 4 : explain SELECT id, c FROM sbtest4 WHERE id BETWEEN 7849706 AND 7849806
	Index Scan using sbtest4_pkey on sbtest4  (cost=0.43..408.46 rows=103 width=125)
	  Index Cond: ((id >= 7849706) AND (id <= 7849806))

table 5 : explain SELECT id, c FROM sbtest5 WHERE id BETWEEN 7849706 AND 7849806
	Index Scan using sbtest5_pkey on sbtest5  (cost=0.43..412.37 rows=104 width=125)
	  Index Cond: ((id >= 7849706) AND (id <= 7849806))

table 6 : explain SELECT id, c FROM sbtest6 WHERE id BETWEEN 7849706 AND 7849806
	Index Scan using sbtest6_pkey on sbtest6  (cost=0.43..387.17 rows=98 width=125)
	  Index Cond: ((id >= 7849706) AND (id <= 7849806))

table 7 : explain SELECT id, c FROM sbtest7 WHERE id BETWEEN 7849706 AND 7849806
	Index Scan using sbtest7_pkey on sbtest7  (cost=0.43..386.28 rows=97 width=125)
	  Index Cond: ((id >= 7849706) AND (id <= 7849806))

table 8 : explain SELECT id, c FROM sbtest8 WHERE id BETWEEN 7849706 AND 7849806
	Index Scan using sbtest8_pkey on sbtest8  (cost=0.43..389.19 rows=98 width=125)
	  Index Cond: ((id >= 7849706) AND (id <= 7849806))

for range-notcovered
table 1 : explain SELECT id, c FROM sbtest1 WHERE id BETWEEN 2450941 AND 2451041
	Index Scan using sbtest1_pkey on sbtest1  (cost=0.43..433.11 rows=109 width=125)
	  Index Cond: ((id >= 2450941) AND (id <= 2451041))

table 2 : explain SELECT id, c FROM sbtest2 WHERE id BETWEEN 2450941 AND 2451041
	Index Scan using sbtest2_pkey on sbtest2  (cost=0.43..413.32 rows=104 width=125)
	  Index Cond: ((id >= 2450941) AND (id <= 2451041))

table 3 : explain SELECT id, c FROM sbtest3 WHERE id BETWEEN 2450941 AND 2451041
	Index Scan using sbtest3_pkey on sbtest3  (cost=0.43..400.78 rows=101 width=125)
	  Index Cond: ((id >= 2450941) AND (id <= 2451041))

table 4 : explain SELECT id, c FROM sbtest4 WHERE id BETWEEN 2450941 AND 2451041
	Index Scan using sbtest4_pkey on sbtest4  (cost=0.43..388.85 rows=98 width=125)
	  Index Cond: ((id >= 2450941) AND (id <= 2451041))

table 5 : explain SELECT id, c FROM sbtest5 WHERE id BETWEEN 2450941 AND 2451041
	Index Scan using sbtest5_pkey on sbtest5  (cost=0.43..396.69 rows=100 width=125)
	  Index Cond: ((id >= 2450941) AND (id <= 2451041))

table 6 : explain SELECT id, c FROM sbtest6 WHERE id BETWEEN 2450941 AND 2451041
	Index Scan using sbtest6_pkey on sbtest6  (cost=0.43..371.52 rows=94 width=125)
	  Index Cond: ((id >= 2450941) AND (id <= 2451041))

table 7 : explain SELECT id, c FROM sbtest7 WHERE id BETWEEN 2450941 AND 2451041
	Index Scan using sbtest7_pkey on sbtest7  (cost=0.43..398.11 rows=100 width=125)
	  Index Cond: ((id >= 2450941) AND (id <= 2451041))

table 8 : explain SELECT id, c FROM sbtest8 WHERE id BETWEEN 2450941 AND 2451041
	Index Scan using sbtest8_pkey on sbtest8  (cost=0.43..440.23 rows=111 width=125)
	  Index Cond: ((id >= 2450941) AND (id <= 2451041))

explain: for range-notcovered :: explain SELECT id, c FROM sbtest%d WHERE id BETWEEN 7849706 AND 7849806
explain: for range-notcovered :: explain SELECT id, c FROM sbtest%d WHERE id BETWEEN 2474615 AND 2474715
explain: for range-notcovered :: explain SELECT id, c FROM sbtest%d WHERE id BETWEEN 2450941 AND 2451041
for range-notcovered
table 1 : explain SELECT id, c FROM sbtest1 WHERE id BETWEEN 3146289 AND 3146389
	Index Scan using sbtest1_pkey on sbtest1  (cost=0.43..378.05 rows=95 width=125)
	  Index Cond: ((id >= 3146289) AND (id <= 3146389))

table 2 : explain SELECT id, c FROM sbtest2 WHERE id BETWEEN 3146289 AND 3146389
	Index Scan using sbtest2_pkey on sbtest2  (cost=0.43..405.46 rows=102 width=125)
	  Index Cond: ((id >= 3146289) AND (id <= 3146389))

table 3 : explain SELECT id, c FROM sbtest3 WHERE id BETWEEN 3146289 AND 3146389
	Index Scan using sbtest3_pkey on sbtest3  (cost=0.43..389.01 rows=98 width=125)
	  Index Cond: ((id >= 3146289) AND (id <= 3146389))

table 4 : explain SELECT id, c FROM sbtest4 WHERE id BETWEEN 3146289 AND 3146389
	Index Scan using sbtest4_pkey on sbtest4  (cost=0.43..400.62 rows=101 width=125)
	  Index Cond: ((id >= 3146289) AND (id <= 3146389))

table 5 : explain SELECT id, c FROM sbtest5 WHERE id BETWEEN 3146289 AND 3146389
	Index Scan using sbtest5_pkey on sbtest5  (cost=0.43..400.61 rows=101 width=125)
	  Index Cond: ((id >= 3146289) AND (id <= 3146389))

table 6 : explain SELECT id, c FROM sbtest6 WHERE id BETWEEN 3146289 AND 3146389
	Index Scan using sbtest6_pkey on sbtest6  (cost=0.43..449.62 rows=114 width=125)
	  Index Cond: ((id >= 3146289) AND (id <= 3146389))

table 7 : explain SELECT id, c FROM sbtest7 WHERE id BETWEEN 3146289 AND 3146389
	Index Scan using sbtest7_pkey on sbtest7  (cost=0.43..386.28 rows=97 width=125)
	  Index Cond: ((id >= 3146289) AND (id <= 3146389))

table 8 : explain SELECT id, c FROM sbtest8 WHERE id BETWEEN 3146289 AND 3146389
	Index Scan using sbtest8_pkey on sbtest8  (cost=0.43..389.19 rows=98 width=125)
	  Index Cond: ((id >= 3146289) AND (id <= 3146389))

for range-notcovered
table 1 : explain SELECT id, c FROM sbtest1 WHERE id BETWEEN 5984460 AND 5984560
	Index Scan using sbtest1_pkey on sbtest1  (cost=0.43..385.91 rows=97 width=125)
	  Index Cond: ((id >= 5984460) AND (id <= 5984560))

table 2 : explain SELECT id, c FROM sbtest2 WHERE id BETWEEN 5984460 AND 5984560
	Index Scan using sbtest2_pkey on sbtest2  (cost=0.43..389.72 rows=98 width=125)
	  Index Cond: ((id >= 5984460) AND (id <= 5984560))

table 3 : explain SELECT id, c FROM sbtest3 WHERE id BETWEEN 5984460 AND 5984560
	Index Scan using sbtest3_pkey on sbtest3  (cost=0.43..416.47 rows=105 width=125)
	  Index Cond: ((id >= 5984460) AND (id <= 5984560))

table 4 : explain SELECT id, c FROM sbtest4 WHERE id BETWEEN 5984460 AND 5984560
	Index Scan using sbtest4_pkey on sbtest4  (cost=0.43..384.93 rows=97 width=125)
	  Index Cond: ((id >= 5984460) AND (id <= 5984560))

table 5 : explain SELECT id, c FROM sbtest5 WHERE id BETWEEN 5984460 AND 5984560
	Index Scan using sbtest5_pkey on sbtest5  (cost=0.43..377.08 rows=95 width=125)
	  Index Cond: ((id >= 5984460) AND (id <= 5984560))

table 6 : explain SELECT id, c FROM sbtest6 WHERE id BETWEEN 5984460 AND 5984560
	Index Scan using sbtest6_pkey on sbtest6  (cost=0.43..391.07 rows=99 width=125)
	  Index Cond: ((id >= 5984460) AND (id <= 5984560))

table 7 : explain SELECT id, c FROM sbtest7 WHERE id BETWEEN 5984460 AND 5984560
	Index Scan using sbtest7_pkey on sbtest7  (cost=0.43..394.16 rows=99 width=125)
	  Index Cond: ((id >= 5984460) AND (id <= 5984560))

table 8 : explain SELECT id, c FROM sbtest8 WHERE id BETWEEN 5984460 AND 5984560
	Index Scan using sbtest8_pkey on sbtest8  (cost=0.43..346.02 rows=87 width=125)
	  Index Cond: ((id >= 5984460) AND (id <= 5984560))

for range-notcovered
table 1 : explain SELECT id, c FROM sbtest1 WHERE id BETWEEN 3514013 AND 3514113
	Index Scan using sbtest1_pkey on sbtest1  (cost=0.43..385.91 rows=97 width=125)
	  Index Cond: ((id >= 3514013) AND (id <= 3514113))

table 2 : explain SELECT id, c FROM sbtest2 WHERE id BETWEEN 3514013 AND 3514113
	Index Scan using sbtest2_pkey on sbtest2  (cost=0.43..432.97 rows=109 width=125)
	  Index Cond: ((id >= 3514013) AND (id <= 3514113))

table 3 : explain SELECT id, c FROM sbtest3 WHERE id BETWEEN 3514013 AND 3514113
	Index Scan using sbtest3_pkey on sbtest3  (cost=0.43..400.78 rows=101 width=125)
	  Index Cond: ((id >= 3514013) AND (id <= 3514113))

table 4 : explain SELECT id, c FROM sbtest4 WHERE id BETWEEN 3514013 AND 3514113
	Index Scan using sbtest4_pkey on sbtest4  (cost=0.43..416.30 rows=105 width=125)
	  Index Cond: ((id >= 3514013) AND (id <= 3514113))

table 5 : explain SELECT id, c FROM sbtest5 WHERE id BETWEEN 3514013 AND 3514113
	Index Scan using sbtest5_pkey on sbtest5  (cost=0.43..349.61 rows=88 width=125)
	  Index Cond: ((id >= 3514013) AND (id <= 3514113))

table 6 : explain SELECT id, c FROM sbtest6 WHERE id BETWEEN 3514013 AND 3514113
	Index Scan using sbtest6_pkey on sbtest6  (cost=0.43..398.88 rows=101 width=125)
	  Index Cond: ((id >= 3514013) AND (id <= 3514113))

table 7 : explain SELECT id, c FROM sbtest7 WHERE id BETWEEN 3514013 AND 3514113
	Index Scan using sbtest7_pkey on sbtest7  (cost=0.43..382.35 rows=96 width=125)
	  Index Cond: ((id >= 3514013) AND (id <= 3514113))

table 8 : explain SELECT id, c FROM sbtest8 WHERE id BETWEEN 3514013 AND 3514113
	Index Scan using sbtest8_pkey on sbtest8  (cost=0.43..373.49 rows=94 width=125)
	  Index Cond: ((id >= 3514013) AND (id <= 3514113))

explain: for range-notcovered :: explain SELECT id, c FROM sbtest%d WHERE id BETWEEN 3146289 AND 3146389explain: for range-notcovered :: explain SELECT id, c FROM sbtest%d WHERE id BETWEEN 5984460 AND 5984560
for range-notcovered
table 1 : explain SELECT id, c FROM sbtest1 WHERE id BETWEEN 4106831 AND 4106931
	Index Scan using sbtest1_pkey on sbtest1  (cost=0.43..409.52 rows=103 width=125)
	  Index Cond: ((id >= 4106831) AND (id <= 4106931))

table 2 : explain SELECT id, c FROM sbtest2 WHERE id BETWEEN 4106831 AND 4106931
	Index Scan using sbtest2_pkey on sbtest2  (cost=0.43..432.97 rows=109 width=125)
	  Index Cond: ((id >= 4106831) AND (id <= 4106931))

table 3 : explain SELECT id, c FROM sbtest3 WHERE id BETWEEN 4106831 AND 4106931
	Index Scan using sbtest3_pkey on sbtest3  (cost=0.43..432.16 rows=109 width=125)
	  Index Cond: ((id >= 4106831) AND (id <= 4106931))

table 4 : explain SELECT id, c FROM sbtest4 WHERE id BETWEEN 4106831 AND 4106931
	Index Scan using sbtest4_pkey on sbtest4  (cost=0.43..373.17 rows=94 width=125)
	  Index Cond: ((id >= 4106831) AND (id <= 4106931))

table 5 : explain SELECT id, c FROM sbtest5 WHERE id BETWEEN 4106831 AND 4106931
	Index Scan using sbtest5_pkey on sbtest5  (cost=0.43..404.53 rows=102 width=125)
	  Index Cond: ((id >= 4106831) AND (id <= 4106931))

table 6 : explain SELECT id, c FROM sbtest6 WHERE id BETWEEN 4106831 AND 4106931
	Index Scan using sbtest6_pkey on sbtest6  (cost=0.43..375.43 rows=95 width=125)
	  Index Cond: ((id >= 4106831) AND (id <= 4106931))

table 7 : explain SELECT id, c FROM sbtest7 WHERE id BETWEEN 4106831 AND 4106931
	Index Scan using sbtest7_pkey on sbtest7  (cost=0.43..409.92 rows=103 width=125)
	  Index Cond: ((id >= 4106831) AND (id <= 4106931))

table 8 : explain SELECT id, c FROM sbtest8 WHERE id BETWEEN 4106831 AND 4106931
	Index Scan using sbtest8_pkey on sbtest8  (cost=0.43..412.76 rows=104 width=125)
	  Index Cond: ((id >= 4106831) AND (id <= 4106931))

explain: for range-notcovered :: explain SELECT id, c FROM sbtest%d WHERE id BETWEEN 3514013 AND 3514113

explain: for range-notcovered :: explain SELECT id, c FROM sbtest%d WHERE id BETWEEN 4106831 AND 4106931
for range-notcovered
table 1 : explain SELECT id, c FROM sbtest1 WHERE id BETWEEN 7849706 AND 7849806
	Index Scan using sbtest1_pkey on sbtest1  (cost=0.43..374.12 rows=94 width=125)
	  Index Cond: ((id >= 7849706) AND (id <= 7849806))

table 2 : explain SELECT id, c FROM sbtest2 WHERE id BETWEEN 7849706 AND 7849806
	Index Scan using sbtest2_pkey on sbtest2  (cost=0.43..401.53 rows=101 width=125)
	  Index Cond: ((id >= 7849706) AND (id <= 7849806))

table 3 : explain SELECT id, c FROM sbtest3 WHERE id BETWEEN 7849706 AND 7849806
	Index Scan using sbtest3_pkey on sbtest3  (cost=0.43..385.07 rows=97 width=125)
	  Index Cond: ((id >= 7849706) AND (id <= 7849806))

table 4 : explain SELECT id, c FROM sbtest4 WHERE id BETWEEN 7849706 AND 7849806
	Index Scan using sbtest4_pkey on sbtest4  (cost=0.43..408.46 rows=103 width=125)
	  Index Cond: ((id >= 7849706) AND (id <= 7849806))

table 5 : explain SELECT id, c FROM sbtest5 WHERE id BETWEEN 7849706 AND 7849806
	Index Scan using sbtest5_pkey on sbtest5  (cost=0.43..412.37 rows=104 width=125)
	  Index Cond: ((id >= 7849706) AND (id <= 7849806))

table 6 : explain SELECT id, c FROM sbtest6 WHERE id BETWEEN 7849706 AND 7849806
	Index Scan using sbtest6_pkey on sbtest6  (cost=0.43..387.17 rows=98 width=125)
	  Index Cond: ((id >= 7849706) AND (id <= 7849806))

table 7 : explain SELECT id, c FROM sbtest7 WHERE id BETWEEN 7849706 AND 7849806
	Index Scan using sbtest7_pkey on sbtest7  (cost=0.43..386.28 rows=97 width=125)
	  Index Cond: ((id >= 7849706) AND (id <= 7849806))

table 8 : explain SELECT id, c FROM sbtest8 WHERE id BETWEEN 7849706 AND 7849806
	Index Scan using sbtest8_pkey on sbtest8  (cost=0.43..389.19 rows=98 width=125)
	  Index Cond: ((id >= 7849706) AND (id <= 7849806))

for range-notcovered
table 1 : explain SELECT id, c FROM sbtest1 WHERE id BETWEEN 2450941 AND 2451041
	Index Scan using sbtest1_pkey on sbtest1  (cost=0.43..433.11 rows=109 width=125)
	  Index Cond: ((id >= 2450941) AND (id <= 2451041))

table 2 : explain SELECT id, c FROM sbtest2 WHERE id BETWEEN 2450941 AND 2451041
	Index Scan using sbtest2_pkey on sbtest2  (cost=0.43..413.32 rows=104 width=125)
	  Index Cond: ((id >= 2450941) AND (id <= 2451041))

table 3 : explain SELECT id, c FROM sbtest3 WHERE id BETWEEN 2450941 AND 2451041
	Index Scan using sbtest3_pkey on sbtest3  (cost=0.43..400.78 rows=101 width=125)
	  Index Cond: ((id >= 2450941) AND (id <= 2451041))

table 4 : explain SELECT id, c FROM sbtest4 WHERE id BETWEEN 2450941 AND 2451041
	Index Scan using sbtest4_pkey on sbtest4  (cost=0.43..388.85 rows=98 width=125)
	  Index Cond: ((id >= 2450941) AND (id <= 2451041))

table 5 : explain SELECT id, c FROM sbtest5 WHERE id BETWEEN 2450941 AND 2451041
	Index Scan using sbtest5_pkey on sbtest5  (cost=0.43..396.69 rows=100 width=125)
	  Index Cond: ((id >= 2450941) AND (id <= 2451041))

table 6 : explain SELECT id, c FROM sbtest6 WHERE id BETWEEN 2450941 AND 2451041
	Index Scan using sbtest6_pkey on sbtest6  (cost=0.43..371.52 rows=94 width=125)
	  Index Cond: ((id >= 2450941) AND (id <= 2451041))

table 7 : explain SELECT id, c FROM sbtest7 WHERE id BETWEEN 2450941 AND 2451041
	Index Scan using sbtest7_pkey on sbtest7  (cost=0.43..398.11 rows=100 width=125)
	  Index Cond: ((id >= 2450941) AND (id <= 2451041))

table 8 : explain SELECT id, c FROM sbtest8 WHERE id BETWEEN 2450941 AND 2451041
	Index Scan using sbtest8_pkey on sbtest8  (cost=0.43..440.23 rows=111 width=125)
	  Index Cond: ((id >= 2450941) AND (id <= 2451041))

explain: for range-notcovered :: explain SELECT id, c FROM sbtest%d WHERE id BETWEEN 7849706 AND 7849806
explain: for range-notcovered :: explain SELECT id, c FROM sbtest%d WHERE id BETWEEN 2450941 AND 2451041
for range-notcovered
table 1 : explain SELECT id, c FROM sbtest1 WHERE id BETWEEN 5984460 AND 5984560
	Index Scan using sbtest1_pkey on sbtest1  (cost=0.43..385.91 rows=97 width=125)
	  Index Cond: ((id >= 5984460) AND (id <= 5984560))

table 2 : explain SELECT id, c FROM sbtest2 WHERE id BETWEEN 5984460 AND 5984560
	Index Scan using sbtest2_pkey on sbtest2  (cost=0.43..389.72 rows=98 width=125)
	  Index Cond: ((id >= 5984460) AND (id <= 5984560))

table 3 : explain SELECT id, c FROM sbtest3 WHERE id BETWEEN 5984460 AND 5984560
	Index Scan using sbtest3_pkey on sbtest3  (cost=0.43..416.47 rows=105 width=125)
	  Index Cond: ((id >= 5984460) AND (id <= 5984560))

table 4 : explain SELECT id, c FROM sbtest4 WHERE id BETWEEN 5984460 AND 5984560
	Index Scan using sbtest4_pkey on sbtest4  (cost=0.43..384.93 rows=97 width=125)
	  Index Cond: ((id >= 5984460) AND (id <= 5984560))

table 5 : explain SELECT id, c FROM sbtest5 WHERE id BETWEEN 5984460 AND 5984560
	Index Scan using sbtest5_pkey on sbtest5  (cost=0.43..377.08 rows=95 width=125)
	  Index Cond: ((id >= 5984460) AND (id <= 5984560))

table 6 : explain SELECT id, c FROM sbtest6 WHERE id BETWEEN 5984460 AND 5984560
	Index Scan using sbtest6_pkey on sbtest6  (cost=0.43..391.07 rows=99 width=125)
	  Index Cond: ((id >= 5984460) AND (id <= 5984560))

table 7 : explain SELECT id, c FROM sbtest7 WHERE id BETWEEN 5984460 AND 5984560
	Index Scan using sbtest7_pkey on sbtest7  (cost=0.43..394.16 rows=99 width=125)
	  Index Cond: ((id >= 5984460) AND (id <= 5984560))

table 8 : explain SELECT id, c FROM sbtest8 WHERE id BETWEEN 5984460 AND 5984560
	Index Scan using sbtest8_pkey on sbtest8  (cost=0.43..346.02 rows=87 width=125)
	  Index Cond: ((id >= 5984460) AND (id <= 5984560))

for range-notcovered
table 1 : explain SELECT id, c FROM sbtest1 WHERE id BETWEEN 3514013 AND 3514113
	Index Scan using sbtest1_pkey on sbtest1  (cost=0.43..385.91 rows=97 width=125)
	  Index Cond: ((id >= 3514013) AND (id <= 3514113))

table 2 : explain SELECT id, c FROM sbtest2 WHERE id BETWEEN 3514013 AND 3514113
	Index Scan using sbtest2_pkey on sbtest2  (cost=0.43..432.97 rows=109 width=125)
	  Index Cond: ((id >= 3514013) AND (id <= 3514113))

table 3 : explain SELECT id, c FROM sbtest3 WHERE id BETWEEN 3514013 AND 3514113
	Index Scan using sbtest3_pkey on sbtest3  (cost=0.43..400.78 rows=101 width=125)
	  Index Cond: ((id >= 3514013) AND (id <= 3514113))

table 4 : explain SELECT id, c FROM sbtest4 WHERE id BETWEEN 3514013 AND 3514113
	Index Scan using sbtest4_pkey on sbtest4  (cost=0.43..416.30 rows=105 width=125)
	  Index Cond: ((id >= 3514013) AND (id <= 3514113))

table 5 : explain SELECT id, c FROM sbtest5 WHERE id BETWEEN 3514013 AND 3514113
	Index Scan using sbtest5_pkey on sbtest5  (cost=0.43..349.61 rows=88 width=125)
	  Index Cond: ((id >= 3514013) AND (id <= 3514113))

table 6 : explain SELECT id, c FROM sbtest6 WHERE id BETWEEN 3514013 AND 3514113
	Index Scan using sbtest6_pkey on sbtest6  (cost=0.43..398.88 rows=101 width=125)
	  Index Cond: ((id >= 3514013) AND (id <= 3514113))

table 7 : explain SELECT id, c FROM sbtest7 WHERE id BETWEEN 3514013 AND 3514113
	Index Scan using sbtest7_pkey on sbtest7  (cost=0.43..382.35 rows=96 width=125)
	  Index Cond: ((id >= 3514013) AND (id <= 3514113))

table 8 : explain SELECT id, c FROM sbtest8 WHERE id BETWEEN 3514013 AND 3514113
	Index Scan using sbtest8_pkey on sbtest8  (cost=0.43..373.49 rows=94 width=125)
	  Index Cond: ((id >= 3514013) AND (id <= 3514113))

explain: for range-notcovered :: explain SELECT id, c FROM sbtest%d WHERE id BETWEEN 5984460 AND 5984560
explain: for range-notcovered :: explain SELECT id, c FROM sbtest%d WHERE id BETWEEN 3514013 AND 3514113
for range-notcovered
table 1 : explain SELECT id, c FROM sbtest1 WHERE id BETWEEN 4106831 AND 4106931
	Index Scan using sbtest1_pkey on sbtest1  (cost=0.43..409.52 rows=103 width=125)
	  Index Cond: ((id >= 4106831) AND (id <= 4106931))

table 2 : explain SELECT id, c FROM sbtest2 WHERE id BETWEEN 4106831 AND 4106931
	Index Scan using sbtest2_pkey on sbtest2  (cost=0.43..432.97 rows=109 width=125)
	  Index Cond: ((id >= 4106831) AND (id <= 4106931))

table 3 : explain SELECT id, c FROM sbtest3 WHERE id BETWEEN 4106831 AND 4106931
	Index Scan using sbtest3_pkey on sbtest3  (cost=0.43..432.16 rows=109 width=125)
	  Index Cond: ((id >= 4106831) AND (id <= 4106931))

table 4 : explain SELECT id, c FROM sbtest4 WHERE id BETWEEN 4106831 AND 4106931
	Index Scan using sbtest4_pkey on sbtest4  (cost=0.43..373.17 rows=94 width=125)
	  Index Cond: ((id >= 4106831) AND (id <= 4106931))

table 5 : explain SELECT id, c FROM sbtest5 WHERE id BETWEEN 4106831 AND 4106931
	Index Scan using sbtest5_pkey on sbtest5  (cost=0.43..404.53 rows=102 width=125)
	  Index Cond: ((id >= 4106831) AND (id <= 4106931))

table 6 : explain SELECT id, c FROM sbtest6 WHERE id BETWEEN 4106831 AND 4106931
	Index Scan using sbtest6_pkey on sbtest6  (cost=0.43..375.43 rows=95 width=125)
	  Index Cond: ((id >= 4106831) AND (id <= 4106931))

table 7 : explain SELECT id, c FROM sbtest7 WHERE id BETWEEN 4106831 AND 4106931
	Index Scan using sbtest7_pkey on sbtest7  (cost=0.43..409.92 rows=103 width=125)
	  Index Cond: ((id >= 4106831) AND (id <= 4106931))

table 8 : explain SELECT id, c FROM sbtest8 WHERE id BETWEEN 4106831 AND 4106931
	Index Scan using sbtest8_pkey on sbtest8  (cost=0.43..412.76 rows=104 width=125)
	  Index Cond: ((id >= 4106831) AND (id <= 4106931))

for range-notcovered
table 1 : explain SELECT id, c FROM sbtest1 WHERE id BETWEEN 3146289 AND 3146389
	Index Scan using sbtest1_pkey on sbtest1  (cost=0.43..378.05 rows=95 width=125)
	  Index Cond: ((id >= 3146289) AND (id <= 3146389))

table 2 : explain SELECT id, c FROM sbtest2 WHERE id BETWEEN 3146289 AND 3146389
	Index Scan using sbtest2_pkey on sbtest2  (cost=0.43..405.46 rows=102 width=125)
	  Index Cond: ((id >= 3146289) AND (id <= 3146389))

table 3 : explain SELECT id, c FROM sbtest3 WHERE id BETWEEN 3146289 AND 3146389
	Index Scan using sbtest3_pkey on sbtest3  (cost=0.43..389.01 rows=98 width=125)
	  Index Cond: ((id >= 3146289) AND (id <= 3146389))

table 4 : explain SELECT id, c FROM sbtest4 WHERE id BETWEEN 3146289 AND 3146389
	Index Scan using sbtest4_pkey on sbtest4  (cost=0.43..400.62 rows=101 width=125)
	  Index Cond: ((id >= 3146289) AND (id <= 3146389))

table 5 : explain SELECT id, c FROM sbtest5 WHERE id BETWEEN 3146289 AND 3146389
	Index Scan using sbtest5_pkey on sbtest5  (cost=0.43..400.61 rows=101 width=125)
	  Index Cond: ((id >= 3146289) AND (id <= 3146389))

table 6 : explain SELECT id, c FROM sbtest6 WHERE id BETWEEN 3146289 AND 3146389
	Index Scan using sbtest6_pkey on sbtest6  (cost=0.43..449.62 rows=114 width=125)
	  Index Cond: ((id >= 3146289) AND (id <= 3146389))

table 7 : explain SELECT id, c FROM sbtest7 WHERE id BETWEEN 3146289 AND 3146389
	Index Scan using sbtest7_pkey on sbtest7  (cost=0.43..386.28 rows=97 width=125)
	  Index Cond: ((id >= 3146289) AND (id <= 3146389))

table 8 : explain SELECT id, c FROM sbtest8 WHERE id BETWEEN 3146289 AND 3146389
	Index Scan using sbtest8_pkey on sbtest8  (cost=0.43..389.19 rows=98 width=125)
	  Index Cond: ((id >= 3146289) AND (id <= 3146389))

explain: for range-notcovered :: explain SELECT id, c FROM sbtest%d WHERE id BETWEEN 4106831 AND 4106931
explain: for range-notcovered :: explain SELECT id, c FROM sbtest%d WHERE id BETWEEN 3146289 AND 3146389
for range-notcovered
table 1 : explain SELECT id, c FROM sbtest1 WHERE id BETWEEN 4792605 AND 4792705
	Index Scan using sbtest1_pkey on sbtest1  (cost=0.43..413.46 rows=104 width=125)
	  Index Cond: ((id >= 4792605) AND (id <= 4792705))

table 2 : explain SELECT id, c FROM sbtest2 WHERE id BETWEEN 4792605 AND 4792705
	Index Scan using sbtest2_pkey on sbtest2  (cost=0.43..393.67 rows=99 width=125)
	  Index Cond: ((id >= 4792605) AND (id <= 4792705))

table 3 : explain SELECT id, c FROM sbtest3 WHERE id BETWEEN 4792605 AND 4792705
	Index Scan using sbtest3_pkey on sbtest3  (cost=0.43..396.86 rows=100 width=125)
	  Index Cond: ((id >= 4792605) AND (id <= 4792705))

table 4 : explain SELECT id, c FROM sbtest4 WHERE id BETWEEN 4792605 AND 4792705
	Index Scan using sbtest4_pkey on sbtest4  (cost=0.43..373.17 rows=94 width=125)
	  Index Cond: ((id >= 4792605) AND (id <= 4792705))

table 5 : explain SELECT id, c FROM sbtest5 WHERE id BETWEEN 4792605 AND 4792705
	Index Scan using sbtest5_pkey on sbtest5  (cost=0.43..412.37 rows=104 width=125)
	  Index Cond: ((id >= 4792605) AND (id <= 4792705))

table 6 : explain SELECT id, c FROM sbtest6 WHERE id BETWEEN 4792605 AND 4792705
	Index Scan using sbtest6_pkey on sbtest6  (cost=0.43..426.20 rows=108 width=125)
	  Index Cond: ((id >= 4792605) AND (id <= 4792705))

table 7 : explain SELECT id, c FROM sbtest7 WHERE id BETWEEN 4792605 AND 4792705
	Index Scan using sbtest7_pkey on sbtest7  (cost=0.43..413.85 rows=104 width=125)
	  Index Cond: ((id >= 4792605) AND (id <= 4792705))

table 8 : explain SELECT id, c FROM sbtest8 WHERE id BETWEEN 4792605 AND 4792705
	Index Scan using sbtest8_pkey on sbtest8  (cost=0.43..424.53 rows=107 width=125)
	  Index Cond: ((id >= 4792605) AND (id <= 4792705))

explain: for range-notcovered :: explain SELECT id, c FROM sbtest%d WHERE id BETWEEN 4792605 AND 4792705for range-notcovered
table 1 : explain SELECT id, c FROM sbtest1 WHERE id BETWEEN 7849706 AND 7849806
	Index Scan using sbtest1_pkey on sbtest1  (cost=0.43..374.12 rows=94 width=125)
	  Index Cond: ((id >= 7849706) AND (id <= 7849806))

table 2 : explain SELECT id, c FROM sbtest2 WHERE id BETWEEN 7849706 AND 7849806
	Index Scan using sbtest2_pkey on sbtest2  (cost=0.43..401.53 rows=101 width=125)
	  Index Cond: ((id >= 7849706) AND (id <= 7849806))

table 3 : explain SELECT id, c FROM sbtest3 WHERE id BETWEEN 7849706 AND 7849806
	Index Scan using sbtest3_pkey on sbtest3  (cost=0.43..385.07 rows=97 width=125)
	  Index Cond: ((id >= 7849706) AND (id <= 7849806))

table 4 : explain SELECT id, c FROM sbtest4 WHERE id BETWEEN 7849706 AND 7849806
	Index Scan using sbtest4_pkey on sbtest4  (cost=0.43..408.46 rows=103 width=125)
	  Index Cond: ((id >= 7849706) AND (id <= 7849806))

table 5 : explain SELECT id, c FROM sbtest5 WHERE id BETWEEN 7849706 AND 7849806
	Index Scan using sbtest5_pkey on sbtest5  (cost=0.43..412.37 rows=104 width=125)
	  Index Cond: ((id >= 7849706) AND (id <= 7849806))

table 6 : explain SELECT id, c FROM sbtest6 WHERE id BETWEEN 7849706 AND 7849806
	Index Scan using sbtest6_pkey on sbtest6  (cost=0.43..387.17 rows=98 width=125)
	  Index Cond: ((id >= 7849706) AND (id <= 7849806))

table 7 : explain SELECT id, c FROM sbtest7 WHERE id BETWEEN 7849706 AND 7849806
	Index Scan using sbtest7_pkey on sbtest7  (cost=0.43..386.28 rows=97 width=125)
	  Index Cond: ((id >= 7849706) AND (id <= 7849806))

table 8 : explain SELECT id, c FROM sbtest8 WHERE id BETWEEN 7849706 AND 7849806
	Index Scan using sbtest8_pkey on sbtest8  (cost=0.43..389.19 rows=98 width=125)
	  Index Cond: ((id >= 7849706) AND (id <= 7849806))
for range-notcovered
table 1 : explain SELECT id, c FROM sbtest1 WHERE id BETWEEN 2450941 AND 2451041
	Index Scan using sbtest1_pkey on sbtest1  (cost=0.43..433.11 rows=109 width=125)
	  Index Cond: ((id >= 2450941) AND (id <= 2451041))

table 2 : explain SELECT id, c FROM sbtest2 WHERE id BETWEEN 2450941 AND 2451041
	Index Scan using sbtest2_pkey on sbtest2  (cost=0.43..413.32 rows=104 width=125)
	  Index Cond: ((id >= 2450941) AND (id <= 2451041))

table 3 : explain SELECT id, c FROM sbtest3 WHERE id BETWEEN 2450941 AND 2451041
	Index Scan using sbtest3_pkey on sbtest3  (cost=0.43..400.78 rows=101 width=125)
	  Index Cond: ((id >= 2450941) AND (id <= 2451041))

table 4 : explain SELECT id, c FROM sbtest4 WHERE id BETWEEN 2450941 AND 2451041
	Index Scan using sbtest4_pkey on sbtest4  (cost=0.43..388.85 rows=98 width=125)
	  Index Cond: ((id >= 2450941) AND (id <= 2451041))

table 5 : explain SELECT id, c FROM sbtest5 WHERE id BETWEEN 2450941 AND 2451041
	Index Scan using sbtest5_pkey on sbtest5  (cost=0.43..396.69 rows=100 width=125)
	  Index Cond: ((id >= 2450941) AND (id <= 2451041))

table 6 : explain SELECT id, c FROM sbtest6 WHERE id BETWEEN 2450941 AND 2451041
	Index Scan using sbtest6_pkey on sbtest6  (cost=0.43..371.52 rows=94 width=125)
	  Index Cond: ((id >= 2450941) AND (id <= 2451041))

table 7 : explain SELECT id, c FROM sbtest7 WHERE id BETWEEN 2450941 AND 2451041
	Index Scan using sbtest7_pkey on sbtest7  (cost=0.43..398.11 rows=100 width=125)
	  Index Cond: ((id >= 2450941) AND (id <= 2451041))

table 8 : explain SELECT id, c FROM sbtest8 WHERE id BETWEEN 2450941 AND 2451041
	Index Scan using sbtest8_pkey on sbtest8  (cost=0.43..440.23 rows=111 width=125)
	  Index Cond: ((id >= 2450941) AND (id <= 2451041))
for range-notcovered
table 1 : explain SELECT id, c FROM sbtest1 WHERE id BETWEEN 4587456 AND 4587556
	Index Scan using sbtest1_pkey on sbtest1  (cost=0.43..429.18 rows=108 width=125)
	  Index Cond: ((id >= 4587456) AND (id <= 4587556))

table 2 : explain SELECT id, c FROM sbtest2 WHERE id BETWEEN 4587456 AND 4587556
	Index Scan using sbtest2_pkey on sbtest2  (cost=0.43..413.32 rows=104 width=125)
	  Index Cond: ((id >= 4587456) AND (id <= 4587556))

table 3 : explain SELECT id, c FROM sbtest3 WHERE id BETWEEN 4587456 AND 4587556
	Index Scan using sbtest3_pkey on sbtest3  (cost=0.43..412.55 rows=104 width=125)
	  Index Cond: ((id >= 4587456) AND (id <= 4587556))

table 4 : explain SELECT id, c FROM sbtest4 WHERE id BETWEEN 4587456 AND 4587556
	Index Scan using sbtest4_pkey on sbtest4  (cost=0.43..392.77 rows=99 width=125)
	  Index Cond: ((id >= 4587456) AND (id <= 4587556))

table 5 : explain SELECT id, c FROM sbtest5 WHERE id BETWEEN 4587456 AND 4587556
	Index Scan using sbtest5_pkey on sbtest5  (cost=0.43..384.93 rows=97 width=125)
	  Index Cond: ((id >= 4587456) AND (id <= 4587556))

table 6 : explain SELECT id, c FROM sbtest6 WHERE id BETWEEN 4587456 AND 4587556
	Index Scan using sbtest6_pkey on sbtest6  (cost=0.43..363.72 rows=92 width=125)
	  Index Cond: ((id >= 4587456) AND (id <= 4587556))

table 7 : explain SELECT id, c FROM sbtest7 WHERE id BETWEEN 4587456 AND 4587556
	Index Scan using sbtest7_pkey on sbtest7  (cost=0.43..409.92 rows=103 width=125)
	  Index Cond: ((id >= 4587456) AND (id <= 4587556))

table 8 : explain SELECT id, c FROM sbtest8 WHERE id BETWEEN 4587456 AND 4587556
	Index Scan using sbtest8_pkey on sbtest8  (cost=0.43..381.34 rows=96 width=125)
	  Index Cond: ((id >= 4587456) AND (id <= 4587556))




explain: for range-notcovered :: explain SELECT id, c FROM sbtest%d WHERE id BETWEEN 2450941 AND 2451041
explain: for range-notcovered :: explain SELECT id, c FROM sbtest%d WHERE id BETWEEN 4587456 AND 4587556
explain: for range-notcovered :: explain SELECT id, c FROM sbtest%d WHERE id BETWEEN 7849706 AND 7849806
for range-notcovered
table 1 : explain SELECT id, c FROM sbtest1 WHERE id BETWEEN 3895122 AND 3895222
	Index Scan using sbtest1_pkey on sbtest1  (cost=0.43..440.98 rows=111 width=125)
	  Index Cond: ((id >= 3895122) AND (id <= 3895222))

table 2 : explain SELECT id, c FROM sbtest2 WHERE id BETWEEN 3895122 AND 3895222
	Index Scan using sbtest2_pkey on sbtest2  (cost=0.43..370.07 rows=93 width=125)
	  Index Cond: ((id >= 3895122) AND (id <= 3895222))

table 3 : explain SELECT id, c FROM sbtest3 WHERE id BETWEEN 3895122 AND 3895222
	Index Scan using sbtest3_pkey on sbtest3  (cost=0.43..424.32 rows=107 width=125)
	  Index Cond: ((id >= 3895122) AND (id <= 3895222))

table 4 : explain SELECT id, c FROM sbtest4 WHERE id BETWEEN 3895122 AND 3895222
	Index Scan using sbtest4_pkey on sbtest4  (cost=0.43..369.25 rows=93 width=125)
	  Index Cond: ((id >= 3895122) AND (id <= 3895222))

table 5 : explain SELECT id, c FROM sbtest5 WHERE id BETWEEN 3895122 AND 3895222
	Index Scan using sbtest5_pkey on sbtest5  (cost=0.43..384.93 rows=97 width=125)
	  Index Cond: ((id >= 3895122) AND (id <= 3895222))

table 6 : explain SELECT id, c FROM sbtest6 WHERE id BETWEEN 3895122 AND 3895222
	Index Scan using sbtest6_pkey on sbtest6  (cost=0.43..379.33 rows=96 width=125)
	  Index Cond: ((id >= 3895122) AND (id <= 3895222))

table 7 : explain SELECT id, c FROM sbtest7 WHERE id BETWEEN 3895122 AND 3895222
	Index Scan using sbtest7_pkey on sbtest7  (cost=0.43..374.48 rows=94 width=125)
	  Index Cond: ((id >= 3895122) AND (id <= 3895222))

table 8 : explain SELECT id, c FROM sbtest8 WHERE id BETWEEN 3895122 AND 3895222
	Index Scan using sbtest8_pkey on sbtest8  (cost=0.43..436.31 rows=110 width=125)
	  Index Cond: ((id >= 3895122) AND (id <= 3895222))

explain: for range-notcovered :: explain SELECT id, c FROM sbtest%d WHERE id BETWEEN 3895122 AND 3895222
for range-notcovered
table 1 : explain SELECT id, c FROM sbtest1 WHERE id BETWEEN 5984460 AND 5984560
	Index Scan using sbtest1_pkey on sbtest1  (cost=0.43..385.91 rows=97 width=125)
	  Index Cond: ((id >= 5984460) AND (id <= 5984560))

table 2 : explain SELECT id, c FROM sbtest2 WHERE id BETWEEN 5984460 AND 5984560
	Index Scan using sbtest2_pkey on sbtest2  (cost=0.43..389.72 rows=98 width=125)
	  Index Cond: ((id >= 5984460) AND (id <= 5984560))

table 3 : explain SELECT id, c FROM sbtest3 WHERE id BETWEEN 5984460 AND 5984560
	Index Scan using sbtest3_pkey on sbtest3  (cost=0.43..416.47 rows=105 width=125)
	  Index Cond: ((id >= 5984460) AND (id <= 5984560))

table 4 : explain SELECT id, c FROM sbtest4 WHERE id BETWEEN 5984460 AND 5984560
	Index Scan using sbtest4_pkey on sbtest4  (cost=0.43..384.93 rows=97 width=125)
	  Index Cond: ((id >= 5984460) AND (id <= 5984560))

table 5 : explain SELECT id, c FROM sbtest5 WHERE id BETWEEN 5984460 AND 5984560
	Index Scan using sbtest5_pkey on sbtest5  (cost=0.43..377.08 rows=95 width=125)
	  Index Cond: ((id >= 5984460) AND (id <= 5984560))

table 6 : explain SELECT id, c FROM sbtest6 WHERE id BETWEEN 5984460 AND 5984560
	Index Scan using sbtest6_pkey on sbtest6  (cost=0.43..391.07 rows=99 width=125)
	  Index Cond: ((id >= 5984460) AND (id <= 5984560))

table 7 : explain SELECT id, c FROM sbtest7 WHERE id BETWEEN 5984460 AND 5984560
	Index Scan using sbtest7_pkey on sbtest7  (cost=0.43..394.16 rows=99 width=125)
	  Index Cond: ((id >= 5984460) AND (id <= 5984560))

table 8 : explain SELECT id, c FROM sbtest8 WHERE id BETWEEN 5984460 AND 5984560
	Index Scan using sbtest8_pkey on sbtest8  (cost=0.43..346.02 rows=87 width=125)
	  Index Cond: ((id >= 5984460) AND (id <= 5984560))

for range-notcovered
table 1 : explain SELECT id, c FROM sbtest1 WHERE id BETWEEN 3514013 AND 3514113
	Index Scan using sbtest1_pkey on sbtest1  (cost=0.43..385.91 rows=97 width=125)
	  Index Cond: ((id >= 3514013) AND (id <= 3514113))

table 2 : explain SELECT id, c FROM sbtest2 WHERE id BETWEEN 3514013 AND 3514113
	Index Scan using sbtest2_pkey on sbtest2  (cost=0.43..432.97 rows=109 width=125)
	  Index Cond: ((id >= 3514013) AND (id <= 3514113))

table 3 : explain SELECT id, c FROM sbtest3 WHERE id BETWEEN 3514013 AND 3514113
	Index Scan using sbtest3_pkey on sbtest3  (cost=0.43..400.78 rows=101 width=125)
	  Index Cond: ((id >= 3514013) AND (id <= 3514113))

table 4 : explain SELECT id, c FROM sbtest4 WHERE id BETWEEN 3514013 AND 3514113
	Index Scan using sbtest4_pkey on sbtest4  (cost=0.43..416.30 rows=105 width=125)
	  Index Cond: ((id >= 3514013) AND (id <= 3514113))

table 5 : explain SELECT id, c FROM sbtest5 WHERE id BETWEEN 3514013 AND 3514113
	Index Scan using sbtest5_pkey on sbtest5  (cost=0.43..349.61 rows=88 width=125)
	  Index Cond: ((id >= 3514013) AND (id <= 3514113))

table 6 : explain SELECT id, c FROM sbtest6 WHERE id BETWEEN 3514013 AND 3514113
	Index Scan using sbtest6_pkey on sbtest6  (cost=0.43..398.88 rows=101 width=125)
	  Index Cond: ((id >= 3514013) AND (id <= 3514113))

table 7 : explain SELECT id, c FROM sbtest7 WHERE id BETWEEN 3514013 AND 3514113
	Index Scan using sbtest7_pkey on sbtest7  (cost=0.43..382.35 rows=96 width=125)
	  Index Cond: ((id >= 3514013) AND (id <= 3514113))

table 8 : explain SELECT id, c FROM sbtest8 WHERE id BETWEEN 3514013 AND 3514113
	Index Scan using sbtest8_pkey on sbtest8  (cost=0.43..373.49 rows=94 width=125)
	  Index Cond: ((id >= 3514013) AND (id <= 3514113))

explain: for range-notcovered :: explain SELECT id, c FROM sbtest%d WHERE id BETWEEN 5984460 AND 5984560
explain: for range-notcovered :: explain SELECT id, c FROM sbtest%d WHERE id BETWEEN 3514013 AND 3514113
for range-notcovered
table 1 : explain SELECT id, c FROM sbtest1 WHERE id BETWEEN 3146289 AND 3146389
	Index Scan using sbtest1_pkey on sbtest1  (cost=0.43..378.05 rows=95 width=125)
	  Index Cond: ((id >= 3146289) AND (id <= 3146389))

table 2 : explain SELECT id, c FROM sbtest2 WHERE id BETWEEN 3146289 AND 3146389
	Index Scan using sbtest2_pkey on sbtest2  (cost=0.43..405.46 rows=102 width=125)
	  Index Cond: ((id >= 3146289) AND (id <= 3146389))

table 3 : explain SELECT id, c FROM sbtest3 WHERE id BETWEEN 3146289 AND 3146389
	Index Scan using sbtest3_pkey on sbtest3  (cost=0.43..389.01 rows=98 width=125)
	  Index Cond: ((id >= 3146289) AND (id <= 3146389))

table 4 : explain SELECT id, c FROM sbtest4 WHERE id BETWEEN 3146289 AND 3146389
	Index Scan using sbtest4_pkey on sbtest4  (cost=0.43..400.62 rows=101 width=125)
	  Index Cond: ((id >= 3146289) AND (id <= 3146389))

table 5 : explain SELECT id, c FROM sbtest5 WHERE id BETWEEN 3146289 AND 3146389
	Index Scan using sbtest5_pkey on sbtest5  (cost=0.43..400.61 rows=101 width=125)
	  Index Cond: ((id >= 3146289) AND (id <= 3146389))

table 6 : explain SELECT id, c FROM sbtest6 WHERE id BETWEEN 3146289 AND 3146389
	Index Scan using sbtest6_pkey on sbtest6  (cost=0.43..449.62 rows=114 width=125)
	  Index Cond: ((id >= 3146289) AND (id <= 3146389))

table 7 : explain SELECT id, c FROM sbtest7 WHERE id BETWEEN 3146289 AND 3146389
	Index Scan using sbtest7_pkey on sbtest7  (cost=0.43..386.28 rows=97 width=125)
	  Index Cond: ((id >= 3146289) AND (id <= 3146389))

table 8 : explain SELECT id, c FROM sbtest8 WHERE id BETWEEN 3146289 AND 3146389
	Index Scan using sbtest8_pkey on sbtest8  (cost=0.43..389.19 rows=98 width=125)
	  Index Cond: ((id >= 3146289) AND (id <= 3146389))

for range-notcovered
table 1 : explain SELECT id, c FROM sbtest1 WHERE id BETWEEN 4106831 AND 4106931
	Index Scan using sbtest1_pkey on sbtest1  (cost=0.43..409.52 rows=103 width=125)
	  Index Cond: ((id >= 4106831) AND (id <= 4106931))

table 2 : explain SELECT id, c FROM sbtest2 WHERE id BETWEEN 4106831 AND 4106931
	Index Scan using sbtest2_pkey on sbtest2  (cost=0.43..432.97 rows=109 width=125)
	  Index Cond: ((id >= 4106831) AND (id <= 4106931))

table 3 : explain SELECT id, c FROM sbtest3 WHERE id BETWEEN 4106831 AND 4106931
	Index Scan using sbtest3_pkey on sbtest3  (cost=0.43..432.16 rows=109 width=125)
	  Index Cond: ((id >= 4106831) AND (id <= 4106931))

table 4 : explain SELECT id, c FROM sbtest4 WHERE id BETWEEN 4106831 AND 4106931
	Index Scan using sbtest4_pkey on sbtest4  (cost=0.43..373.17 rows=94 width=125)
	  Index Cond: ((id >= 4106831) AND (id <= 4106931))

table 5 : explain SELECT id, c FROM sbtest5 WHERE id BETWEEN 4106831 AND 4106931
	Index Scan using sbtest5_pkey on sbtest5  (cost=0.43..404.53 rows=102 width=125)
	  Index Cond: ((id >= 4106831) AND (id <= 4106931))

table 6 : explain SELECT id, c FROM sbtest6 WHERE id BETWEEN 4106831 AND 4106931
	Index Scan using sbtest6_pkey on sbtest6  (cost=0.43..375.43 rows=95 width=125)
	  Index Cond: ((id >= 4106831) AND (id <= 4106931))

table 7 : explain SELECT id, c FROM sbtest7 WHERE id BETWEEN 4106831 AND 4106931
	Index Scan using sbtest7_pkey on sbtest7  (cost=0.43..409.92 rows=103 width=125)
	  Index Cond: ((id >= 4106831) AND (id <= 4106931))

table 8 : explain SELECT id, c FROM sbtest8 WHERE id BETWEEN 4106831 AND 4106931
	Index Scan using sbtest8_pkey on sbtest8  (cost=0.43..412.76 rows=104 width=125)
	  Index Cond: ((id >= 4106831) AND (id <= 4106931))

explain: for range-notcovered :: explain SELECT id, c FROM sbtest%d WHERE id BETWEEN 3146289 AND 3146389
explain: for range-notcovered :: explain SELECT id, c FROM sbtest%d WHERE id BETWEEN 4106831 AND 4106931
for range-notcovered
table 1 : explain SELECT id, c FROM sbtest1 WHERE id BETWEEN 2450941 AND 2451041
	Index Scan using sbtest1_pkey on sbtest1  (cost=0.43..433.11 rows=109 width=125)
	  Index Cond: ((id >= 2450941) AND (id <= 2451041))

table 2 : explain SELECT id, c FROM sbtest2 WHERE id BETWEEN 2450941 AND 2451041
	Index Scan using sbtest2_pkey on sbtest2  (cost=0.43..413.32 rows=104 width=125)
	  Index Cond: ((id >= 2450941) AND (id <= 2451041))

table 3 : explain SELECT id, c FROM sbtest3 WHERE id BETWEEN 2450941 AND 2451041
	Index Scan using sbtest3_pkey on sbtest3  (cost=0.43..400.78 rows=101 width=125)
	  Index Cond: ((id >= 2450941) AND (id <= 2451041))

table 4 : explain SELECT id, c FROM sbtest4 WHERE id BETWEEN 2450941 AND 2451041
	Index Scan using sbtest4_pkey on sbtest4  (cost=0.43..388.85 rows=98 width=125)
	  Index Cond: ((id >= 2450941) AND (id <= 2451041))

table 5 : explain SELECT id, c FROM sbtest5 WHERE id BETWEEN 2450941 AND 2451041
	Index Scan using sbtest5_pkey on sbtest5  (cost=0.43..396.69 rows=100 width=125)
	  Index Cond: ((id >= 2450941) AND (id <= 2451041))

table 6 : explain SELECT id, c FROM sbtest6 WHERE id BETWEEN 2450941 AND 2451041
	Index Scan using sbtest6_pkey on sbtest6  (cost=0.43..371.52 rows=94 width=125)
	  Index Cond: ((id >= 2450941) AND (id <= 2451041))

table 7 : explain SELECT id, c FROM sbtest7 WHERE id BETWEEN 2450941 AND 2451041
	Index Scan using sbtest7_pkey on sbtest7  (cost=0.43..398.11 rows=100 width=125)
	  Index Cond: ((id >= 2450941) AND (id <= 2451041))

table 8 : explain SELECT id, c FROM sbtest8 WHERE id BETWEEN 2450941 AND 2451041
	Index Scan using sbtest8_pkey on sbtest8  (cost=0.43..440.23 rows=111 width=125)
	  Index Cond: ((id >= 2450941) AND (id <= 2451041))

for range-notcovered
table 1 : explain SELECT id, c FROM sbtest1 WHERE id BETWEEN 4792605 AND 4792705
	Index Scan using sbtest1_pkey on sbtest1  (cost=0.43..413.46 rows=104 width=125)
	  Index Cond: ((id >= 4792605) AND (id <= 4792705))

table 2 : explain SELECT id, c FROM sbtest2 WHERE id BETWEEN 4792605 AND 4792705
	Index Scan using sbtest2_pkey on sbtest2  (cost=0.43..393.67 rows=99 width=125)
	  Index Cond: ((id >= 4792605) AND (id <= 4792705))

table 3 : explain SELECT id, c FROM sbtest3 WHERE id BETWEEN 4792605 AND 4792705
	Index Scan using sbtest3_pkey on sbtest3  (cost=0.43..396.86 rows=100 width=125)
	  Index Cond: ((id >= 4792605) AND (id <= 4792705))

table 4 : explain SELECT id, c FROM sbtest4 WHERE id BETWEEN 4792605 AND 4792705
	Index Scan using sbtest4_pkey on sbtest4  (cost=0.43..373.17 rows=94 width=125)
	  Index Cond: ((id >= 4792605) AND (id <= 4792705))

table 5 : explain SELECT id, c FROM sbtest5 WHERE id BETWEEN 4792605 AND 4792705
	Index Scan using sbtest5_pkey on sbtest5  (cost=0.43..412.37 rows=104 width=125)
	  Index Cond: ((id >= 4792605) AND (id <= 4792705))

table 6 : explain SELECT id, c FROM sbtest6 WHERE id BETWEEN 4792605 AND 4792705
	Index Scan using sbtest6_pkey on sbtest6  (cost=0.43..426.20 rows=108 width=125)
	  Index Cond: ((id >= 4792605) AND (id <= 4792705))

table 7 : explain SELECT id, c FROM sbtest7 WHERE id BETWEEN 4792605 AND 4792705
	Index Scan using sbtest7_pkey on sbtest7  (cost=0.43..413.85 rows=104 width=125)
	  Index Cond: ((id >= 4792605) AND (id <= 4792705))

table 8 : explain SELECT id, c FROM sbtest8 WHERE id BETWEEN 4792605 AND 4792705
	Index Scan using sbtest8_pkey on sbtest8  (cost=0.43..424.53 rows=107 width=125)
	  Index Cond: ((id >= 4792605) AND (id <= 4792705))

for range-notcovered
table 1 : explain SELECT id, c FROM sbtest1 WHERE id BETWEEN 7849706 AND 7849806
	Index Scan using sbtest1_pkey on sbtest1  (cost=0.43..374.12 rows=94 width=125)
	  Index Cond: ((id >= 7849706) AND (id <= 7849806))

table 2 : explain SELECT id, c FROM sbtest2 WHERE id BETWEEN 7849706 AND 7849806
	Index Scan using sbtest2_pkey on sbtest2  (cost=0.43..401.53 rows=101 width=125)
	  Index Cond: ((id >= 7849706) AND (id <= 7849806))

table 3 : explain SELECT id, c FROM sbtest3 WHERE id BETWEEN 7849706 AND 7849806
	Index Scan using sbtest3_pkey on sbtest3  (cost=0.43..385.07 rows=97 width=125)
	  Index Cond: ((id >= 7849706) AND (id <= 7849806))

table 4 : explain SELECT id, c FROM sbtest4 WHERE id BETWEEN 7849706 AND 7849806
	Index Scan using sbtest4_pkey on sbtest4  (cost=0.43..408.46 rows=103 width=125)
	  Index Cond: ((id >= 7849706) AND (id <= 7849806))

table 5 : explain SELECT id, c FROM sbtest5 WHERE id BETWEEN 7849706 AND 7849806
	Index Scan using sbtest5_pkey on sbtest5  (cost=0.43..412.37 rows=104 width=125)
	  Index Cond: ((id >= 7849706) AND (id <= 7849806))

table 6 : explain SELECT id, c FROM sbtest6 WHERE id BETWEEN 7849706 AND 7849806
	Index Scan using sbtest6_pkey on sbtest6  (cost=0.43..387.17 rows=98 width=125)
	  Index Cond: ((id >= 7849706) AND (id <= 7849806))

table 7 : explain SELECT id, c FROM sbtest7 WHERE id BETWEEN 7849706 AND 7849806
	Index Scan using sbtest7_pkey on sbtest7  (cost=0.43..386.28 rows=97 width=125)
	  Index Cond: ((id >= 7849706) AND (id <= 7849806))

table 8 : explain SELECT id, c FROM sbtest8 WHERE id BETWEEN 7849706 AND 7849806
	Index Scan using sbtest8_pkey on sbtest8  (cost=0.43..389.19 rows=98 width=125)
	  Index Cond: ((id >= 7849706) AND (id <= 7849806))

explain: for range-notcovered :: explain SELECT id, c FROM sbtest%d WHERE id BETWEEN 2450941 AND 2451041
for range-notcovered
table 1 : explain SELECT id, c FROM sbtest1 WHERE id BETWEEN 4587456 AND 4587556
	Index Scan using sbtest1_pkey on sbtest1  (cost=0.43..429.18 rows=108 width=125)
	  Index Cond: ((id >= 4587456) AND (id <= 4587556))

table 2 : explain SELECT id, c FROM sbtest2 WHERE id BETWEEN 4587456 AND 4587556
	Index Scan using sbtest2_pkey on sbtest2  (cost=0.43..413.32 rows=104 width=125)
	  Index Cond: ((id >= 4587456) AND (id <= 4587556))

table 3 : explain SELECT id, c FROM sbtest3 WHERE id BETWEEN 4587456 AND 4587556
	Index Scan using sbtest3_pkey on sbtest3  (cost=0.43..412.55 rows=104 width=125)
	  Index Cond: ((id >= 4587456) AND (id <= 4587556))

table 4 : explain SELECT id, c FROM sbtest4 WHERE id BETWEEN 4587456 AND 4587556
	Index Scan using sbtest4_pkey on sbtest4  (cost=0.43..392.77 rows=99 width=125)
	  Index Cond: ((id >= 4587456) AND (id <= 4587556))

table 5 : explain SELECT id, c FROM sbtest5 WHERE id BETWEEN 4587456 AND 4587556
	Index Scan using sbtest5_pkey on sbtest5  (cost=0.43..384.93 rows=97 width=125)
	  Index Cond: ((id >= 4587456) AND (id <= 4587556))

table 6 : explain SELECT id, c FROM sbtest6 WHERE id BETWEEN 4587456 AND 4587556
	Index Scan using sbtest6_pkey on sbtest6  (cost=0.43..363.72 rows=92 width=125)
	  Index Cond: ((id >= 4587456) AND (id <= 4587556))

table 7 : explain SELECT id, c FROM sbtest7 WHERE id BETWEEN 4587456 AND 4587556
	Index Scan using sbtest7_pkey on sbtest7  (cost=0.43..409.92 rows=103 width=125)
	  Index Cond: ((id >= 4587456) AND (id <= 4587556))

table 8 : explain SELECT id, c FROM sbtest8 WHERE id BETWEEN 4587456 AND 4587556
	Index Scan using sbtest8_pkey on sbtest8  (cost=0.43..381.34 rows=96 width=125)
	  Index Cond: ((id >= 4587456) AND (id <= 4587556))

explain: for range-notcovered :: explain SELECT id, c FROM sbtest%d WHERE id BETWEEN 4792605 AND 4792705
explain: for range-notcovered :: explain SELECT id, c FROM sbtest%d WHERE id BETWEEN 7849706 AND 7849806
explain: for range-notcovered :: explain SELECT id, c FROM sbtest%d WHERE id BETWEEN 4587456 AND 4587556
for range-notcovered
table 1 : explain SELECT id, c FROM sbtest1 WHERE id BETWEEN 3895122 AND 3895222
	Index Scan using sbtest1_pkey on sbtest1  (cost=0.43..440.98 rows=111 width=125)
	  Index Cond: ((id >= 3895122) AND (id <= 3895222))

table 2 : explain SELECT id, c FROM sbtest2 WHERE id BETWEEN 3895122 AND 3895222
	Index Scan using sbtest2_pkey on sbtest2  (cost=0.43..370.07 rows=93 width=125)
	  Index Cond: ((id >= 3895122) AND (id <= 3895222))

table 3 : explain SELECT id, c FROM sbtest3 WHERE id BETWEEN 3895122 AND 3895222
	Index Scan using sbtest3_pkey on sbtest3  (cost=0.43..424.32 rows=107 width=125)
	  Index Cond: ((id >= 3895122) AND (id <= 3895222))

table 4 : explain SELECT id, c FROM sbtest4 WHERE id BETWEEN 3895122 AND 3895222
	Index Scan using sbtest4_pkey on sbtest4  (cost=0.43..369.25 rows=93 width=125)
	  Index Cond: ((id >= 3895122) AND (id <= 3895222))

table 5 : explain SELECT id, c FROM sbtest5 WHERE id BETWEEN 3895122 AND 3895222
	Index Scan using sbtest5_pkey on sbtest5  (cost=0.43..384.93 rows=97 width=125)
	  Index Cond: ((id >= 3895122) AND (id <= 3895222))

table 6 : explain SELECT id, c FROM sbtest6 WHERE id BETWEEN 3895122 AND 3895222
	Index Scan using sbtest6_pkey on sbtest6  (cost=0.43..379.33 rows=96 width=125)
	  Index Cond: ((id >= 3895122) AND (id <= 3895222))

table 7 : explain SELECT id, c FROM sbtest7 WHERE id BETWEEN 3895122 AND 3895222
	Index Scan using sbtest7_pkey on sbtest7  (cost=0.43..374.48 rows=94 width=125)
	  Index Cond: ((id >= 3895122) AND (id <= 3895222))

table 8 : explain SELECT id, c FROM sbtest8 WHERE id BETWEEN 3895122 AND 3895222
	Index Scan using sbtest8_pkey on sbtest8  (cost=0.43..436.31 rows=110 width=125)
	  Index Cond: ((id >= 3895122) AND (id <= 3895222))

for range-notcovered
table 1 : explain SELECT id, c FROM sbtest1 WHERE id BETWEEN 5984460 AND 5984560
	Index Scan using sbtest1_pkey on sbtest1  (cost=0.43..385.91 rows=97 width=125)
	  Index Cond: ((id >= 5984460) AND (id <= 5984560))

table 2 : explain SELECT id, c FROM sbtest2 WHERE id BETWEEN 5984460 AND 5984560
	Index Scan using sbtest2_pkey on sbtest2  (cost=0.43..389.72 rows=98 width=125)
	  Index Cond: ((id >= 5984460) AND (id <= 5984560))

table 3 : explain SELECT id, c FROM sbtest3 WHERE id BETWEEN 5984460 AND 5984560
	Index Scan using sbtest3_pkey on sbtest3  (cost=0.43..416.47 rows=105 width=125)
	  Index Cond: ((id >= 5984460) AND (id <= 5984560))

table 4 : explain SELECT id, c FROM sbtest4 WHERE id BETWEEN 5984460 AND 5984560
	Index Scan using sbtest4_pkey on sbtest4  (cost=0.43..384.93 rows=97 width=125)
	  Index Cond: ((id >= 5984460) AND (id <= 5984560))

table 5 : explain SELECT id, c FROM sbtest5 WHERE id BETWEEN 5984460 AND 5984560
	Index Scan using sbtest5_pkey on sbtest5  (cost=0.43..377.08 rows=95 width=125)
	  Index Cond: ((id >= 5984460) AND (id <= 5984560))

table 6 : explain SELECT id, c FROM sbtest6 WHERE id BETWEEN 5984460 AND 5984560
	Index Scan using sbtest6_pkey on sbtest6  (cost=0.43..391.07 rows=99 width=125)
	  Index Cond: ((id >= 5984460) AND (id <= 5984560))

table 7 : explain SELECT id, c FROM sbtest7 WHERE id BETWEEN 5984460 AND 5984560
	Index Scan using sbtest7_pkey on sbtest7  (cost=0.43..394.16 rows=99 width=125)
	  Index Cond: ((id >= 5984460) AND (id <= 5984560))

table 8 : explain SELECT id, c FROM sbtest8 WHERE id BETWEEN 5984460 AND 5984560
	Index Scan using sbtest8_pkey on sbtest8  (cost=0.43..346.02 rows=87 width=125)
	  Index Cond: ((id >= 5984460) AND (id <= 5984560))

explain: for range-notcovered :: explain SELECT id, c FROM sbtest%d WHERE id BETWEEN 3895122 AND 3895222
for range-notcovered
table 1 : explain SELECT id, c FROM sbtest1 WHERE id BETWEEN 3514013 AND 3514113
	Index Scan using sbtest1_pkey on sbtest1  (cost=0.43..385.91 rows=97 width=125)
	  Index Cond: ((id >= 3514013) AND (id <= 3514113))

table 2 : explain SELECT id, c FROM sbtest2 WHERE id BETWEEN 3514013 AND 3514113
	Index Scan using sbtest2_pkey on sbtest2  (cost=0.43..432.97 rows=109 width=125)
	  Index Cond: ((id >= 3514013) AND (id <= 3514113))

table 3 : explain SELECT id, c FROM sbtest3 WHERE id BETWEEN 3514013 AND 3514113
	Index Scan using sbtest3_pkey on sbtest3  (cost=0.43..400.78 rows=101 width=125)
	  Index Cond: ((id >= 3514013) AND (id <= 3514113))

table 4 : explain SELECT id, c FROM sbtest4 WHERE id BETWEEN 3514013 AND 3514113
	Index Scan using sbtest4_pkey on sbtest4  (cost=0.43..416.30 rows=105 width=125)
	  Index Cond: ((id >= 3514013) AND (id <= 3514113))

table 5 : explain SELECT id, c FROM sbtest5 WHERE id BETWEEN 3514013 AND 3514113
	Index Scan using sbtest5_pkey on sbtest5  (cost=0.43..349.61 rows=88 width=125)
	  Index Cond: ((id >= 3514013) AND (id <= 3514113))

table 6 : explain SELECT id, c FROM sbtest6 WHERE id BETWEEN 3514013 AND 3514113
	Index Scan using sbtest6_pkey on sbtest6  (cost=0.43..398.88 rows=101 width=125)
	  Index Cond: ((id >= 3514013) AND (id <= 3514113))

table 7 : explain SELECT id, c FROM sbtest7 WHERE id BETWEEN 3514013 AND 3514113
	Index Scan using sbtest7_pkey on sbtest7  (cost=0.43..382.35 rows=96 width=125)
	  Index Cond: ((id >= 3514013) AND (id <= 3514113))

table 8 : explain SELECT id, c FROM sbtest8 WHERE id BETWEEN 3514013 AND 3514113
	Index Scan using sbtest8_pkey on sbtest8  (cost=0.43..373.49 rows=94 width=125)
	  Index Cond: ((id >= 3514013) AND (id <= 3514113))

for range-notcovered
table 1 : explain SELECT id, c FROM sbtest1 WHERE id BETWEEN 2474615 AND 2474715
	Index Scan using sbtest1_pkey on sbtest1  (cost=0.43..417.39 rows=105 width=125)
	  Index Cond: ((id >= 2474615) AND (id <= 2474715))

table 2 : explain SELECT id, c FROM sbtest2 WHERE id BETWEEN 2474615 AND 2474715
	Index Scan using sbtest2_pkey on sbtest2  (cost=0.43..413.32 rows=104 width=125)
	  Index Cond: ((id >= 2474615) AND (id <= 2474715))

table 3 : explain SELECT id, c FROM sbtest3 WHERE id BETWEEN 2474615 AND 2474715
	Index Scan using sbtest3_pkey on sbtest3  (cost=0.43..400.78 rows=101 width=125)
	  Index Cond: ((id >= 2474615) AND (id <= 2474715))

table 4 : explain SELECT id, c FROM sbtest4 WHERE id BETWEEN 2474615 AND 2474715
	Index Scan using sbtest4_pkey on sbtest4  (cost=0.43..388.85 rows=98 width=125)
	  Index Cond: ((id >= 2474615) AND (id <= 2474715))

table 5 : explain SELECT id, c FROM sbtest5 WHERE id BETWEEN 2474615 AND 2474715
	Index Scan using sbtest5_pkey on sbtest5  (cost=0.43..396.69 rows=100 width=125)
	  Index Cond: ((id >= 2474615) AND (id <= 2474715))

table 6 : explain SELECT id, c FROM sbtest6 WHERE id BETWEEN 2474615 AND 2474715
	Index Scan using sbtest6_pkey on sbtest6  (cost=0.43..367.62 rows=93 width=125)
	  Index Cond: ((id >= 2474615) AND (id <= 2474715))

table 7 : explain SELECT id, c FROM sbtest7 WHERE id BETWEEN 2474615 AND 2474715
	Index Scan using sbtest7_pkey on sbtest7  (cost=0.43..398.11 rows=100 width=125)
	  Index Cond: ((id >= 2474615) AND (id <= 2474715))

table 8 : explain SELECT id, c FROM sbtest8 WHERE id BETWEEN 2474615 AND 2474715
	Index Scan using sbtest8_pkey on sbtest8  (cost=0.43..440.23 rows=111 width=125)
	  Index Cond: ((id >= 2474615) AND (id <= 2474715))

explain: for range-notcovered :: explain SELECT id, c FROM sbtest%d WHERE id BETWEEN 2474615 AND 2474715
for range-notcovered
table 1 : explain SELECT id, c FROM sbtest1 WHERE id BETWEEN 4106831 AND 4106931
	Index Scan using sbtest1_pkey on sbtest1  (cost=0.43..409.52 rows=103 width=125)
	  Index Cond: ((id >= 4106831) AND (id <= 4106931))

table 2 : explain SELECT id, c FROM sbtest2 WHERE id BETWEEN 4106831 AND 4106931
	Index Scan using sbtest2_pkey on sbtest2  (cost=0.43..432.97 rows=109 width=125)
	  Index Cond: ((id >= 4106831) AND (id <= 4106931))

table 3 : explain SELECT id, c FROM sbtest3 WHERE id BETWEEN 4106831 AND 4106931
	Index Scan using sbtest3_pkey on sbtest3  (cost=0.43..432.16 rows=109 width=125)
	  Index Cond: ((id >= 4106831) AND (id <= 4106931))

table 4 : explain SELECT id, c FROM sbtest4 WHERE id BETWEEN 4106831 AND 4106931
	Index Scan using sbtest4_pkey on sbtest4  (cost=0.43..373.17 rows=94 width=125)
	  Index Cond: ((id >= 4106831) AND (id <= 4106931))

table 5 : explain SELECT id, c FROM sbtest5 WHERE id BETWEEN 4106831 AND 4106931
	Index Scan using sbtest5_pkey on sbtest5  (cost=0.43..404.53 rows=102 width=125)
	  Index Cond: ((id >= 4106831) AND (id <= 4106931))

table 6 : explain SELECT id, c FROM sbtest6 WHERE id BETWEEN 4106831 AND 4106931
	Index Scan using sbtest6_pkey on sbtest6  (cost=0.43..375.43 rows=95 width=125)
	  Index Cond: ((id >= 4106831) AND (id <= 4106931))

table 7 : explain SELECT id, c FROM sbtest7 WHERE id BETWEEN 4106831 AND 4106931
	Index Scan using sbtest7_pkey on sbtest7  (cost=0.43..409.92 rows=103 width=125)
	  Index Cond: ((id >= 4106831) AND (id <= 4106931))

table 8 : explain SELECT id, c FROM sbtest8 WHERE id BETWEEN 4106831 AND 4106931
	Index Scan using sbtest8_pkey on sbtest8  (cost=0.43..412.76 rows=104 width=125)
	  Index Cond: ((id >= 4106831) AND (id <= 4106931))

for range-notcovered
table 1 : explain SELECT id, c FROM sbtest1 WHERE id BETWEEN 3146289 AND 3146389
	Index Scan using sbtest1_pkey on sbtest1  (cost=0.43..378.05 rows=95 width=125)
	  Index Cond: ((id >= 3146289) AND (id <= 3146389))

table 2 : explain SELECT id, c FROM sbtest2 WHERE id BETWEEN 3146289 AND 3146389
	Index Scan using sbtest2_pkey on sbtest2  (cost=0.43..405.46 rows=102 width=125)
	  Index Cond: ((id >= 3146289) AND (id <= 3146389))

table 3 : explain SELECT id, c FROM sbtest3 WHERE id BETWEEN 3146289 AND 3146389
	Index Scan using sbtest3_pkey on sbtest3  (cost=0.43..389.01 rows=98 width=125)
	  Index Cond: ((id >= 3146289) AND (id <= 3146389))

table 4 : explain SELECT id, c FROM sbtest4 WHERE id BETWEEN 3146289 AND 3146389
	Index Scan using sbtest4_pkey on sbtest4  (cost=0.43..400.62 rows=101 width=125)
	  Index Cond: ((id >= 3146289) AND (id <= 3146389))

table 5 : explain SELECT id, c FROM sbtest5 WHERE id BETWEEN 3146289 AND 3146389
	Index Scan using sbtest5_pkey on sbtest5  (cost=0.43..400.61 rows=101 width=125)
	  Index Cond: ((id >= 3146289) AND (id <= 3146389))

table 6 : explain SELECT id, c FROM sbtest6 WHERE id BETWEEN 3146289 AND 3146389
	Index Scan using sbtest6_pkey on sbtest6  (cost=0.43..449.62 rows=114 width=125)
	  Index Cond: ((id >= 3146289) AND (id <= 3146389))

table 7 : explain SELECT id, c FROM sbtest7 WHERE id BETWEEN 3146289 AND 3146389
	Index Scan using sbtest7_pkey on sbtest7  (cost=0.43..386.28 rows=97 width=125)
	  Index Cond: ((id >= 3146289) AND (id <= 3146389))

table 8 : explain SELECT id, c FROM sbtest8 WHERE id BETWEEN 3146289 AND 3146389
	Index Scan using sbtest8_pkey on sbtest8  (cost=0.43..389.19 rows=98 width=125)
	  Index Cond: ((id >= 3146289) AND (id <= 3146389))

explain: for range-notcovered :: explain SELECT id, c FROM sbtest%d WHERE id BETWEEN 4106831 AND 4106931
for range-notcovered
table 1 : explain SELECT id, c FROM sbtest1 WHERE id BETWEEN 2450941 AND 2451041
	Index Scan using sbtest1_pkey on sbtest1  (cost=0.43..433.11 rows=109 width=125)
	  Index Cond: ((id >= 2450941) AND (id <= 2451041))

table 2 : explain SELECT id, c FROM sbtest2 WHERE id BETWEEN 2450941 AND 2451041
	Index Scan using sbtest2_pkey on sbtest2  (cost=0.43..413.32 rows=104 width=125)
	  Index Cond: ((id >= 2450941) AND (id <= 2451041))

table 3 : explain SELECT id, c FROM sbtest3 WHERE id BETWEEN 2450941 AND 2451041
	Index Scan using sbtest3_pkey on sbtest3  (cost=0.43..400.78 rows=101 width=125)
	  Index Cond: ((id >= 2450941) AND (id <= 2451041))

table 4 : explain SELECT id, c FROM sbtest4 WHERE id BETWEEN 2450941 AND 2451041
	Index Scan using sbtest4_pkey on sbtest4  (cost=0.43..388.85 rows=98 width=125)
	  Index Cond: ((id >= 2450941) AND (id <= 2451041))

table 5 : explain SELECT id, c FROM sbtest5 WHERE id BETWEEN 2450941 AND 2451041
	Index Scan using sbtest5_pkey on sbtest5  (cost=0.43..396.69 rows=100 width=125)
	  Index Cond: ((id >= 2450941) AND (id <= 2451041))

table 6 : explain SELECT id, c FROM sbtest6 WHERE id BETWEEN 2450941 AND 2451041
	Index Scan using sbtest6_pkey on sbtest6  (cost=0.43..371.52 rows=94 width=125)
	  Index Cond: ((id >= 2450941) AND (id <= 2451041))

table 7 : explain SELECT id, c FROM sbtest7 WHERE id BETWEEN 2450941 AND 2451041
	Index Scan using sbtest7_pkey on sbtest7  (cost=0.43..398.11 rows=100 width=125)
	  Index Cond: ((id >= 2450941) AND (id <= 2451041))

table 8 : explain SELECT id, c FROM sbtest8 WHERE id BETWEEN 2450941 AND 2451041
	Index Scan using sbtest8_pkey on sbtest8  (cost=0.43..440.23 rows=111 width=125)
	  Index Cond: ((id >= 2450941) AND (id <= 2451041))

for range-notcovered
table 1 : explain SELECT id, c FROM sbtest1 WHERE id BETWEEN 4792605 AND 4792705
	Index Scan using sbtest1_pkey on sbtest1  (cost=0.43..413.46 rows=104 width=125)
	  Index Cond: ((id >= 4792605) AND (id <= 4792705))

table 2 : explain SELECT id, c FROM sbtest2 WHERE id BETWEEN 4792605 AND 4792705
	Index Scan using sbtest2_pkey on sbtest2  (cost=0.43..393.67 rows=99 width=125)
	  Index Cond: ((id >= 4792605) AND (id <= 4792705))

table 3 : explain SELECT id, c FROM sbtest3 WHERE id BETWEEN 4792605 AND 4792705
	Index Scan using sbtest3_pkey on sbtest3  (cost=0.43..396.86 rows=100 width=125)
	  Index Cond: ((id >= 4792605) AND (id <= 4792705))

table 4 : explain SELECT id, c FROM sbtest4 WHERE id BETWEEN 4792605 AND 4792705
	Index Scan using sbtest4_pkey on sbtest4  (cost=0.43..373.17 rows=94 width=125)
	  Index Cond: ((id >= 4792605) AND (id <= 4792705))

table 5 : explain SELECT id, c FROM sbtest5 WHERE id BETWEEN 4792605 AND 4792705
	Index Scan using sbtest5_pkey on sbtest5  (cost=0.43..412.37 rows=104 width=125)
	  Index Cond: ((id >= 4792605) AND (id <= 4792705))

table 6 : explain SELECT id, c FROM sbtest6 WHERE id BETWEEN 4792605 AND 4792705
	Index Scan using sbtest6_pkey on sbtest6  (cost=0.43..426.20 rows=108 width=125)
	  Index Cond: ((id >= 4792605) AND (id <= 4792705))

table 7 : explain SELECT id, c FROM sbtest7 WHERE id BETWEEN 4792605 AND 4792705
	Index Scan using sbtest7_pkey on sbtest7  (cost=0.43..413.85 rows=104 width=125)
	  Index Cond: ((id >= 4792605) AND (id <= 4792705))

table 8 : explain SELECT id, c FROM sbtest8 WHERE id BETWEEN 4792605 AND 4792705
	Index Scan using sbtest8_pkey on sbtest8  (cost=0.43..424.53 rows=107 width=125)
	  Index Cond: ((id >= 4792605) AND (id <= 4792705))

explain: for range-notcovered :: explain SELECT id, c FROM sbtest%d WHERE id BETWEEN 2450941 AND 2451041
for range-notcovered
table 1 : explain SELECT id, c FROM sbtest1 WHERE id BETWEEN 4587456 AND 4587556
	Index Scan using sbtest1_pkey on sbtest1  (cost=0.43..429.18 rows=108 width=125)
	  Index Cond: ((id >= 4587456) AND (id <= 4587556))

table 2 : explain SELECT id, c FROM sbtest2 WHERE id BETWEEN 4587456 AND 4587556
	Index Scan using sbtest2_pkey on sbtest2  (cost=0.43..413.32 rows=104 width=125)
	  Index Cond: ((id >= 4587456) AND (id <= 4587556))

table 3 : explain SELECT id, c FROM sbtest3 WHERE id BETWEEN 4587456 AND 4587556
	Index Scan using sbtest3_pkey on sbtest3  (cost=0.43..412.55 rows=104 width=125)
	  Index Cond: ((id >= 4587456) AND (id <= 4587556))

table 4 : explain SELECT id, c FROM sbtest4 WHERE id BETWEEN 4587456 AND 4587556
	Index Scan using sbtest4_pkey on sbtest4  (cost=0.43..392.77 rows=99 width=125)
	  Index Cond: ((id >= 4587456) AND (id <= 4587556))

table 5 : explain SELECT id, c FROM sbtest5 WHERE id BETWEEN 4587456 AND 4587556
	Index Scan using sbtest5_pkey on sbtest5  (cost=0.43..384.93 rows=97 width=125)
	  Index Cond: ((id >= 4587456) AND (id <= 4587556))

table 6 : explain SELECT id, c FROM sbtest6 WHERE id BETWEEN 4587456 AND 4587556
	Index Scan using sbtest6_pkey on sbtest6  (cost=0.43..363.72 rows=92 width=125)
	  Index Cond: ((id >= 4587456) AND (id <= 4587556))

table 7 : explain SELECT id, c FROM sbtest7 WHERE id BETWEEN 4587456 AND 4587556
	Index Scan using sbtest7_pkey on sbtest7  (cost=0.43..409.92 rows=103 width=125)
	  Index Cond: ((id >= 4587456) AND (id <= 4587556))

table 8 : explain SELECT id, c FROM sbtest8 WHERE id BETWEEN 4587456 AND 4587556
	Index Scan using sbtest8_pkey on sbtest8  (cost=0.43..381.34 rows=96 width=125)
	  Index Cond: ((id >= 4587456) AND (id <= 4587556))

for range-notcovered
table 1 : explain SELECT id, c FROM sbtest1 WHERE id BETWEEN 7849706 AND 7849806
	Index Scan using sbtest1_pkey on sbtest1  (cost=0.43..374.12 rows=94 width=125)
	  Index Cond: ((id >= 7849706) AND (id <= 7849806))

table 2 : explain SELECT id, c FROM sbtest2 WHERE id BETWEEN 7849706 AND 7849806
	Index Scan using sbtest2_pkey on sbtest2  (cost=0.43..401.53 rows=101 width=125)
	  Index Cond: ((id >= 7849706) AND (id <= 7849806))

table 3 : explain SELECT id, c FROM sbtest3 WHERE id BETWEEN 7849706 AND 7849806
	Index Scan using sbtest3_pkey on sbtest3  (cost=0.43..385.07 rows=97 width=125)
	  Index Cond: ((id >= 7849706) AND (id <= 7849806))

table 4 : explain SELECT id, c FROM sbtest4 WHERE id BETWEEN 7849706 AND 7849806
	Index Scan using sbtest4_pkey on sbtest4  (cost=0.43..408.46 rows=103 width=125)
	  Index Cond: ((id >= 7849706) AND (id <= 7849806))

table 5 : explain SELECT id, c FROM sbtest5 WHERE id BETWEEN 7849706 AND 7849806
	Index Scan using sbtest5_pkey on sbtest5  (cost=0.43..412.37 rows=104 width=125)
	  Index Cond: ((id >= 7849706) AND (id <= 7849806))

table 6 : explain SELECT id, c FROM sbtest6 WHERE id BETWEEN 7849706 AND 7849806
	Index Scan using sbtest6_pkey on sbtest6  (cost=0.43..387.17 rows=98 width=125)
	  Index Cond: ((id >= 7849706) AND (id <= 7849806))

table 7 : explain SELECT id, c FROM sbtest7 WHERE id BETWEEN 7849706 AND 7849806
	Index Scan using sbtest7_pkey on sbtest7  (cost=0.43..386.28 rows=97 width=125)
	  Index Cond: ((id >= 7849706) AND (id <= 7849806))

table 8 : explain SELECT id, c FROM sbtest8 WHERE id BETWEEN 7849706 AND 7849806
	Index Scan using sbtest8_pkey on sbtest8  (cost=0.43..389.19 rows=98 width=125)
	  Index Cond: ((id >= 7849706) AND (id <= 7849806))

explain: for range-notcovered :: explain SELECT id, c FROM sbtest%d WHERE id BETWEEN 4792605 AND 4792705
explain: for range-notcovered :: explain SELECT id, c FROM sbtest%d WHERE id BETWEEN 4587456 AND 4587556
explain: for range-notcovered :: explain SELECT id, c FROM sbtest%d WHERE id BETWEEN 7849706 AND 7849806
for range-notcovered
table 1 : explain SELECT id, c FROM sbtest1 WHERE id BETWEEN 3895122 AND 3895222
	Index Scan using sbtest1_pkey on sbtest1  (cost=0.43..440.98 rows=111 width=125)
	  Index Cond: ((id >= 3895122) AND (id <= 3895222))

table 2 : explain SELECT id, c FROM sbtest2 WHERE id BETWEEN 3895122 AND 3895222
	Index Scan using sbtest2_pkey on sbtest2  (cost=0.43..370.07 rows=93 width=125)
	  Index Cond: ((id >= 3895122) AND (id <= 3895222))

table 3 : explain SELECT id, c FROM sbtest3 WHERE id BETWEEN 3895122 AND 3895222
	Index Scan using sbtest3_pkey on sbtest3  (cost=0.43..424.32 rows=107 width=125)
	  Index Cond: ((id >= 3895122) AND (id <= 3895222))

table 4 : explain SELECT id, c FROM sbtest4 WHERE id BETWEEN 3895122 AND 3895222
	Index Scan using sbtest4_pkey on sbtest4  (cost=0.43..369.25 rows=93 width=125)
	  Index Cond: ((id >= 3895122) AND (id <= 3895222))

table 5 : explain SELECT id, c FROM sbtest5 WHERE id BETWEEN 3895122 AND 3895222
	Index Scan using sbtest5_pkey on sbtest5  (cost=0.43..384.93 rows=97 width=125)
	  Index Cond: ((id >= 3895122) AND (id <= 3895222))

table 6 : explain SELECT id, c FROM sbtest6 WHERE id BETWEEN 3895122 AND 3895222
	Index Scan using sbtest6_pkey on sbtest6  (cost=0.43..379.33 rows=96 width=125)
	  Index Cond: ((id >= 3895122) AND (id <= 3895222))

table 7 : explain SELECT id, c FROM sbtest7 WHERE id BETWEEN 3895122 AND 3895222
	Index Scan using sbtest7_pkey on sbtest7  (cost=0.43..374.48 rows=94 width=125)
	  Index Cond: ((id >= 3895122) AND (id <= 3895222))

table 8 : explain SELECT id, c FROM sbtest8 WHERE id BETWEEN 3895122 AND 3895222
	Index Scan using sbtest8_pkey on sbtest8  (cost=0.43..436.31 rows=110 width=125)
	  Index Cond: ((id >= 3895122) AND (id <= 3895222))

explain: for range-notcovered :: explain SELECT id, c FROM sbtest%d WHERE id BETWEEN 3895122 AND 3895222
for range-notcovered
table 1 : explain SELECT id, c FROM sbtest1 WHERE id BETWEEN 2474615 AND 2474715
	Index Scan using sbtest1_pkey on sbtest1  (cost=0.43..417.39 rows=105 width=125)
	  Index Cond: ((id >= 2474615) AND (id <= 2474715))

table 2 : explain SELECT id, c FROM sbtest2 WHERE id BETWEEN 2474615 AND 2474715
	Index Scan using sbtest2_pkey on sbtest2  (cost=0.43..413.32 rows=104 width=125)
	  Index Cond: ((id >= 2474615) AND (id <= 2474715))

table 3 : explain SELECT id, c FROM sbtest3 WHERE id BETWEEN 2474615 AND 2474715
	Index Scan using sbtest3_pkey on sbtest3  (cost=0.43..400.78 rows=101 width=125)
	  Index Cond: ((id >= 2474615) AND (id <= 2474715))

table 4 : explain SELECT id, c FROM sbtest4 WHERE id BETWEEN 2474615 AND 2474715
	Index Scan using sbtest4_pkey on sbtest4  (cost=0.43..388.85 rows=98 width=125)
	  Index Cond: ((id >= 2474615) AND (id <= 2474715))

table 5 : explain SELECT id, c FROM sbtest5 WHERE id BETWEEN 2474615 AND 2474715
	Index Scan using sbtest5_pkey on sbtest5  (cost=0.43..396.69 rows=100 width=125)
	  Index Cond: ((id >= 2474615) AND (id <= 2474715))

table 6 : explain SELECT id, c FROM sbtest6 WHERE id BETWEEN 2474615 AND 2474715
	Index Scan using sbtest6_pkey on sbtest6  (cost=0.43..367.62 rows=93 width=125)
	  Index Cond: ((id >= 2474615) AND (id <= 2474715))

table 7 : explain SELECT id, c FROM sbtest7 WHERE id BETWEEN 2474615 AND 2474715
	Index Scan using sbtest7_pkey on sbtest7  (cost=0.43..398.11 rows=100 width=125)
	  Index Cond: ((id >= 2474615) AND (id <= 2474715))

table 8 : explain SELECT id, c FROM sbtest8 WHERE id BETWEEN 2474615 AND 2474715
	Index Scan using sbtest8_pkey on sbtest8  (cost=0.43..440.23 rows=111 width=125)
	  Index Cond: ((id >= 2474615) AND (id <= 2474715))

explain: for range-notcovered :: explain SELECT id, c FROM sbtest%d WHERE id BETWEEN 2474615 AND 2474715
for range-notcovered
table 1 : explain SELECT id, c FROM sbtest1 WHERE id BETWEEN 4106831 AND 4106931
	Index Scan using sbtest1_pkey on sbtest1  (cost=0.43..409.52 rows=103 width=125)
	  Index Cond: ((id >= 4106831) AND (id <= 4106931))

table 2 : explain SELECT id, c FROM sbtest2 WHERE id BETWEEN 4106831 AND 4106931
	Index Scan using sbtest2_pkey on sbtest2  (cost=0.43..432.97 rows=109 width=125)
	  Index Cond: ((id >= 4106831) AND (id <= 4106931))

table 3 : explain SELECT id, c FROM sbtest3 WHERE id BETWEEN 4106831 AND 4106931
	Index Scan using sbtest3_pkey on sbtest3  (cost=0.43..432.16 rows=109 width=125)
	  Index Cond: ((id >= 4106831) AND (id <= 4106931))

table 4 : explain SELECT id, c FROM sbtest4 WHERE id BETWEEN 4106831 AND 4106931
	Index Scan using sbtest4_pkey on sbtest4  (cost=0.43..373.17 rows=94 width=125)
	  Index Cond: ((id >= 4106831) AND (id <= 4106931))

table 5 : explain SELECT id, c FROM sbtest5 WHERE id BETWEEN 4106831 AND 4106931
	Index Scan using sbtest5_pkey on sbtest5  (cost=0.43..404.53 rows=102 width=125)
	  Index Cond: ((id >= 4106831) AND (id <= 4106931))

table 6 : explain SELECT id, c FROM sbtest6 WHERE id BETWEEN 4106831 AND 4106931
	Index Scan using sbtest6_pkey on sbtest6  (cost=0.43..375.43 rows=95 width=125)
	  Index Cond: ((id >= 4106831) AND (id <= 4106931))

table 7 : explain SELECT id, c FROM sbtest7 WHERE id BETWEEN 4106831 AND 4106931
	Index Scan using sbtest7_pkey on sbtest7  (cost=0.43..409.92 rows=103 width=125)
	  Index Cond: ((id >= 4106831) AND (id <= 4106931))

table 8 : explain SELECT id, c FROM sbtest8 WHERE id BETWEEN 4106831 AND 4106931
	Index Scan using sbtest8_pkey on sbtest8  (cost=0.43..412.76 rows=104 width=125)
	  Index Cond: ((id >= 4106831) AND (id <= 4106931))

for range-notcovered
table 1 : explain SELECT id, c FROM sbtest1 WHERE id BETWEEN 2450941 AND 2451041
	Index Scan using sbtest1_pkey on sbtest1  (cost=0.43..433.11 rows=109 width=125)
	  Index Cond: ((id >= 2450941) AND (id <= 2451041))

table 2 : explain SELECT id, c FROM sbtest2 WHERE id BETWEEN 2450941 AND 2451041
	Index Scan using sbtest2_pkey on sbtest2  (cost=0.43..413.32 rows=104 width=125)
	  Index Cond: ((id >= 2450941) AND (id <= 2451041))

table 3 : explain SELECT id, c FROM sbtest3 WHERE id BETWEEN 2450941 AND 2451041
	Index Scan using sbtest3_pkey on sbtest3  (cost=0.43..400.78 rows=101 width=125)
	  Index Cond: ((id >= 2450941) AND (id <= 2451041))

table 4 : explain SELECT id, c FROM sbtest4 WHERE id BETWEEN 2450941 AND 2451041
	Index Scan using sbtest4_pkey on sbtest4  (cost=0.43..388.85 rows=98 width=125)
	  Index Cond: ((id >= 2450941) AND (id <= 2451041))

table 5 : explain SELECT id, c FROM sbtest5 WHERE id BETWEEN 2450941 AND 2451041
	Index Scan using sbtest5_pkey on sbtest5  (cost=0.43..396.69 rows=100 width=125)
	  Index Cond: ((id >= 2450941) AND (id <= 2451041))

table 6 : explain SELECT id, c FROM sbtest6 WHERE id BETWEEN 2450941 AND 2451041
	Index Scan using sbtest6_pkey on sbtest6  (cost=0.43..371.52 rows=94 width=125)
	  Index Cond: ((id >= 2450941) AND (id <= 2451041))

table 7 : explain SELECT id, c FROM sbtest7 WHERE id BETWEEN 2450941 AND 2451041
	Index Scan using sbtest7_pkey on sbtest7  (cost=0.43..398.11 rows=100 width=125)
	  Index Cond: ((id >= 2450941) AND (id <= 2451041))

table 8 : explain SELECT id, c FROM sbtest8 WHERE id BETWEEN 2450941 AND 2451041
	Index Scan using sbtest8_pkey on sbtest8  (cost=0.43..440.23 rows=111 width=125)
	  Index Cond: ((id >= 2450941) AND (id <= 2451041))

for range-notcovered
table 1 : explain SELECT id, c FROM sbtest1 WHERE id BETWEEN 4792605 AND 4792705
	Index Scan using sbtest1_pkey on sbtest1  (cost=0.43..413.46 rows=104 width=125)
	  Index Cond: ((id >= 4792605) AND (id <= 4792705))

table 2 : explain SELECT id, c FROM sbtest2 WHERE id BETWEEN 4792605 AND 4792705
	Index Scan using sbtest2_pkey on sbtest2  (cost=0.43..393.67 rows=99 width=125)
	  Index Cond: ((id >= 4792605) AND (id <= 4792705))

table 3 : explain SELECT id, c FROM sbtest3 WHERE id BETWEEN 4792605 AND 4792705
	Index Scan using sbtest3_pkey on sbtest3  (cost=0.43..396.86 rows=100 width=125)
	  Index Cond: ((id >= 4792605) AND (id <= 4792705))

table 4 : explain SELECT id, c FROM sbtest4 WHERE id BETWEEN 4792605 AND 4792705
	Index Scan using sbtest4_pkey on sbtest4  (cost=0.43..373.17 rows=94 width=125)
	  Index Cond: ((id >= 4792605) AND (id <= 4792705))

table 5 : explain SELECT id, c FROM sbtest5 WHERE id BETWEEN 4792605 AND 4792705
	Index Scan using sbtest5_pkey on sbtest5  (cost=0.43..412.37 rows=104 width=125)
	  Index Cond: ((id >= 4792605) AND (id <= 4792705))

table 6 : explain SELECT id, c FROM sbtest6 WHERE id BETWEEN 4792605 AND 4792705
	Index Scan using sbtest6_pkey on sbtest6  (cost=0.43..426.20 rows=108 width=125)
	  Index Cond: ((id >= 4792605) AND (id <= 4792705))

table 7 : explain SELECT id, c FROM sbtest7 WHERE id BETWEEN 4792605 AND 4792705
	Index Scan using sbtest7_pkey on sbtest7  (cost=0.43..413.85 rows=104 width=125)
	  Index Cond: ((id >= 4792605) AND (id <= 4792705))

table 8 : explain SELECT id, c FROM sbtest8 WHERE id BETWEEN 4792605 AND 4792705
	Index Scan using sbtest8_pkey on sbtest8  (cost=0.43..424.53 rows=107 width=125)
	  Index Cond: ((id >= 4792605) AND (id <= 4792705))

for range-notcovered
table 1 : explain SELECT id, c FROM sbtest1 WHERE id BETWEEN 4587456 AND 4587556
	Index Scan using sbtest1_pkey on sbtest1  (cost=0.43..429.18 rows=108 width=125)
	  Index Cond: ((id >= 4587456) AND (id <= 4587556))

table 2 : explain SELECT id, c FROM sbtest2 WHERE id BETWEEN 4587456 AND 4587556
	Index Scan using sbtest2_pkey on sbtest2  (cost=0.43..413.32 rows=104 width=125)
	  Index Cond: ((id >= 4587456) AND (id <= 4587556))

table 3 : explain SELECT id, c FROM sbtest3 WHERE id BETWEEN 4587456 AND 4587556
	Index Scan using sbtest3_pkey on sbtest3  (cost=0.43..412.55 rows=104 width=125)
	  Index Cond: ((id >= 4587456) AND (id <= 4587556))

table 4 : explain SELECT id, c FROM sbtest4 WHERE id BETWEEN 4587456 AND 4587556
	Index Scan using sbtest4_pkey on sbtest4  (cost=0.43..392.77 rows=99 width=125)
	  Index Cond: ((id >= 4587456) AND (id <= 4587556))

table 5 : explain SELECT id, c FROM sbtest5 WHERE id BETWEEN 4587456 AND 4587556
	Index Scan using sbtest5_pkey on sbtest5  (cost=0.43..384.93 rows=97 width=125)
	  Index Cond: ((id >= 4587456) AND (id <= 4587556))

table 6 : explain SELECT id, c FROM sbtest6 WHERE id BETWEEN 4587456 AND 4587556
	Index Scan using sbtest6_pkey on sbtest6  (cost=0.43..363.72 rows=92 width=125)
	  Index Cond: ((id >= 4587456) AND (id <= 4587556))

table 7 : explain SELECT id, c FROM sbtest7 WHERE id BETWEEN 4587456 AND 4587556
	Index Scan using sbtest7_pkey on sbtest7  (cost=0.43..409.92 rows=103 width=125)
	  Index Cond: ((id >= 4587456) AND (id <= 4587556))

table 8 : explain SELECT id, c FROM sbtest8 WHERE id BETWEEN 4587456 AND 4587556
	Index Scan using sbtest8_pkey on sbtest8  (cost=0.43..381.34 rows=96 width=125)
	  Index Cond: ((id >= 4587456) AND (id <= 4587556))

explain: for range-notcovered :: explain SELECT id, c FROM sbtest%d WHERE id BETWEEN 2450941 AND 2451041
explain: for range-notcovered :: explain SELECT id, c FROM sbtest%d WHERE id BETWEEN 4792605 AND 4792705
explain: for range-notcovered :: explain SELECT id, c FROM sbtest%d WHERE id BETWEEN 4587456 AND 4587556
for range-notcovered
table 1 : explain SELECT id, c FROM sbtest1 WHERE id BETWEEN 7849706 AND 7849806
	Index Scan using sbtest1_pkey on sbtest1  (cost=0.43..374.12 rows=94 width=125)
	  Index Cond: ((id >= 7849706) AND (id <= 7849806))

table 2 : explain SELECT id, c FROM sbtest2 WHERE id BETWEEN 7849706 AND 7849806
	Index Scan using sbtest2_pkey on sbtest2  (cost=0.43..401.53 rows=101 width=125)
	  Index Cond: ((id >= 7849706) AND (id <= 7849806))

table 3 : explain SELECT id, c FROM sbtest3 WHERE id BETWEEN 7849706 AND 7849806
	Index Scan using sbtest3_pkey on sbtest3  (cost=0.43..385.07 rows=97 width=125)
	  Index Cond: ((id >= 7849706) AND (id <= 7849806))

table 4 : explain SELECT id, c FROM sbtest4 WHERE id BETWEEN 7849706 AND 7849806
	Index Scan using sbtest4_pkey on sbtest4  (cost=0.43..408.46 rows=103 width=125)
	  Index Cond: ((id >= 7849706) AND (id <= 7849806))

table 5 : explain SELECT id, c FROM sbtest5 WHERE id BETWEEN 7849706 AND 7849806
	Index Scan using sbtest5_pkey on sbtest5  (cost=0.43..412.37 rows=104 width=125)
	  Index Cond: ((id >= 7849706) AND (id <= 7849806))

table 6 : explain SELECT id, c FROM sbtest6 WHERE id BETWEEN 7849706 AND 7849806
	Index Scan using sbtest6_pkey on sbtest6  (cost=0.43..387.17 rows=98 width=125)
	  Index Cond: ((id >= 7849706) AND (id <= 7849806))

table 7 : explain SELECT id, c FROM sbtest7 WHERE id BETWEEN 7849706 AND 7849806
	Index Scan using sbtest7_pkey on sbtest7  (cost=0.43..386.28 rows=97 width=125)
	  Index Cond: ((id >= 7849706) AND (id <= 7849806))

table 8 : explain SELECT id, c FROM sbtest8 WHERE id BETWEEN 7849706 AND 7849806
	Index Scan using sbtest8_pkey on sbtest8  (cost=0.43..389.19 rows=98 width=125)
	  Index Cond: ((id >= 7849706) AND (id <= 7849806))

for range-notcovered
table 1 : explain SELECT id, c FROM sbtest1 WHERE id BETWEEN 3895122 AND 3895222
	Index Scan using sbtest1_pkey on sbtest1  (cost=0.43..440.98 rows=111 width=125)
	  Index Cond: ((id >= 3895122) AND (id <= 3895222))

table 2 : explain SELECT id, c FROM sbtest2 WHERE id BETWEEN 3895122 AND 3895222
	Index Scan using sbtest2_pkey on sbtest2  (cost=0.43..370.07 rows=93 width=125)
	  Index Cond: ((id >= 3895122) AND (id <= 3895222))

table 3 : explain SELECT id, c FROM sbtest3 WHERE id BETWEEN 3895122 AND 3895222
	Index Scan using sbtest3_pkey on sbtest3  (cost=0.43..424.32 rows=107 width=125)
	  Index Cond: ((id >= 3895122) AND (id <= 3895222))

table 4 : explain SELECT id, c FROM sbtest4 WHERE id BETWEEN 3895122 AND 3895222
	Index Scan using sbtest4_pkey on sbtest4  (cost=0.43..369.25 rows=93 width=125)
	  Index Cond: ((id >= 3895122) AND (id <= 3895222))

table 5 : explain SELECT id, c FROM sbtest5 WHERE id BETWEEN 3895122 AND 3895222
	Index Scan using sbtest5_pkey on sbtest5  (cost=0.43..384.93 rows=97 width=125)
	  Index Cond: ((id >= 3895122) AND (id <= 3895222))

table 6 : explain SELECT id, c FROM sbtest6 WHERE id BETWEEN 3895122 AND 3895222
	Index Scan using sbtest6_pkey on sbtest6  (cost=0.43..379.33 rows=96 width=125)
	  Index Cond: ((id >= 3895122) AND (id <= 3895222))

table 7 : explain SELECT id, c FROM sbtest7 WHERE id BETWEEN 3895122 AND 3895222
	Index Scan using sbtest7_pkey on sbtest7  (cost=0.43..374.48 rows=94 width=125)
	  Index Cond: ((id >= 3895122) AND (id <= 3895222))

table 8 : explain SELECT id, c FROM sbtest8 WHERE id BETWEEN 3895122 AND 3895222
	Index Scan using sbtest8_pkey on sbtest8  (cost=0.43..436.31 rows=110 width=125)
	  Index Cond: ((id >= 3895122) AND (id <= 3895222))

explain: for range-notcovered :: explain SELECT id, c FROM sbtest%d WHERE id BETWEEN 7849706 AND 7849806
explain: for range-notcovered :: explain SELECT id, c FROM sbtest%d WHERE id BETWEEN 3895122 AND 3895222
for range-notcovered
table 1 : explain SELECT id, c FROM sbtest1 WHERE id BETWEEN 2474615 AND 2474715
	Index Scan using sbtest1_pkey on sbtest1  (cost=0.43..417.39 rows=105 width=125)
	  Index Cond: ((id >= 2474615) AND (id <= 2474715))

table 2 : explain SELECT id, c FROM sbtest2 WHERE id BETWEEN 2474615 AND 2474715
	Index Scan using sbtest2_pkey on sbtest2  (cost=0.43..413.32 rows=104 width=125)
	  Index Cond: ((id >= 2474615) AND (id <= 2474715))

table 3 : explain SELECT id, c FROM sbtest3 WHERE id BETWEEN 2474615 AND 2474715
	Index Scan using sbtest3_pkey on sbtest3  (cost=0.43..400.78 rows=101 width=125)
	  Index Cond: ((id >= 2474615) AND (id <= 2474715))

table 4 : explain SELECT id, c FROM sbtest4 WHERE id BETWEEN 2474615 AND 2474715
	Index Scan using sbtest4_pkey on sbtest4  (cost=0.43..388.85 rows=98 width=125)
	  Index Cond: ((id >= 2474615) AND (id <= 2474715))

table 5 : explain SELECT id, c FROM sbtest5 WHERE id BETWEEN 2474615 AND 2474715
	Index Scan using sbtest5_pkey on sbtest5  (cost=0.43..396.69 rows=100 width=125)
	  Index Cond: ((id >= 2474615) AND (id <= 2474715))

table 6 : explain SELECT id, c FROM sbtest6 WHERE id BETWEEN 2474615 AND 2474715
	Index Scan using sbtest6_pkey on sbtest6  (cost=0.43..367.62 rows=93 width=125)
	  Index Cond: ((id >= 2474615) AND (id <= 2474715))

table 7 : explain SELECT id, c FROM sbtest7 WHERE id BETWEEN 2474615 AND 2474715
	Index Scan using sbtest7_pkey on sbtest7  (cost=0.43..398.11 rows=100 width=125)
	  Index Cond: ((id >= 2474615) AND (id <= 2474715))

table 8 : explain SELECT id, c FROM sbtest8 WHERE id BETWEEN 2474615 AND 2474715
	Index Scan using sbtest8_pkey on sbtest8  (cost=0.43..440.23 rows=111 width=125)
	  Index Cond: ((id >= 2474615) AND (id <= 2474715))

explain: for range-notcovered :: explain SELECT id, c FROM sbtest%d WHERE id BETWEEN 2474615 AND 2474715
for range-notcovered
table 1 : explain SELECT id, c FROM sbtest1 WHERE id BETWEEN 2450941 AND 2451041
	Index Scan using sbtest1_pkey on sbtest1  (cost=0.43..433.11 rows=109 width=125)
	  Index Cond: ((id >= 2450941) AND (id <= 2451041))

table 2 : explain SELECT id, c FROM sbtest2 WHERE id BETWEEN 2450941 AND 2451041
	Index Scan using sbtest2_pkey on sbtest2  (cost=0.43..413.32 rows=104 width=125)
	  Index Cond: ((id >= 2450941) AND (id <= 2451041))

table 3 : explain SELECT id, c FROM sbtest3 WHERE id BETWEEN 2450941 AND 2451041
	Index Scan using sbtest3_pkey on sbtest3  (cost=0.43..400.78 rows=101 width=125)
	  Index Cond: ((id >= 2450941) AND (id <= 2451041))

table 4 : explain SELECT id, c FROM sbtest4 WHERE id BETWEEN 2450941 AND 2451041
	Index Scan using sbtest4_pkey on sbtest4  (cost=0.43..388.85 rows=98 width=125)
	  Index Cond: ((id >= 2450941) AND (id <= 2451041))

table 5 : explain SELECT id, c FROM sbtest5 WHERE id BETWEEN 2450941 AND 2451041
	Index Scan using sbtest5_pkey on sbtest5  (cost=0.43..396.69 rows=100 width=125)
	  Index Cond: ((id >= 2450941) AND (id <= 2451041))

table 6 : explain SELECT id, c FROM sbtest6 WHERE id BETWEEN 2450941 AND 2451041
	Index Scan using sbtest6_pkey on sbtest6  (cost=0.43..371.52 rows=94 width=125)
	  Index Cond: ((id >= 2450941) AND (id <= 2451041))

table 7 : explain SELECT id, c FROM sbtest7 WHERE id BETWEEN 2450941 AND 2451041
	Index Scan using sbtest7_pkey on sbtest7  (cost=0.43..398.11 rows=100 width=125)
	  Index Cond: ((id >= 2450941) AND (id <= 2451041))

table 8 : explain SELECT id, c FROM sbtest8 WHERE id BETWEEN 2450941 AND 2451041
	Index Scan using sbtest8_pkey on sbtest8  (cost=0.43..440.23 rows=111 width=125)
	  Index Cond: ((id >= 2450941) AND (id <= 2451041))

explain: for range-notcovered :: explain SELECT id, c FROM sbtest%d WHERE id BETWEEN 2450941 AND 2451041
for range-notcovered
table 1 : explain SELECT id, c FROM sbtest1 WHERE id BETWEEN 4587456 AND 4587556
	Index Scan using sbtest1_pkey on sbtest1  (cost=0.43..429.18 rows=108 width=125)
	  Index Cond: ((id >= 4587456) AND (id <= 4587556))

table 2 : explain SELECT id, c FROM sbtest2 WHERE id BETWEEN 4587456 AND 4587556
	Index Scan using sbtest2_pkey on sbtest2  (cost=0.43..413.32 rows=104 width=125)
	  Index Cond: ((id >= 4587456) AND (id <= 4587556))

table 3 : explain SELECT id, c FROM sbtest3 WHERE id BETWEEN 4587456 AND 4587556
	Index Scan using sbtest3_pkey on sbtest3  (cost=0.43..412.55 rows=104 width=125)
	  Index Cond: ((id >= 4587456) AND (id <= 4587556))

table 4 : explain SELECT id, c FROM sbtest4 WHERE id BETWEEN 4587456 AND 4587556
	Index Scan using sbtest4_pkey on sbtest4  (cost=0.43..392.77 rows=99 width=125)
	  Index Cond: ((id >= 4587456) AND (id <= 4587556))

table 5 : explain SELECT id, c FROM sbtest5 WHERE id BETWEEN 4587456 AND 4587556
	Index Scan using sbtest5_pkey on sbtest5  (cost=0.43..384.93 rows=97 width=125)
	  Index Cond: ((id >= 4587456) AND (id <= 4587556))

table 6 : explain SELECT id, c FROM sbtest6 WHERE id BETWEEN 4587456 AND 4587556
	Index Scan using sbtest6_pkey on sbtest6  (cost=0.43..363.72 rows=92 width=125)
	  Index Cond: ((id >= 4587456) AND (id <= 4587556))

table 7 : explain SELECT id, c FROM sbtest7 WHERE id BETWEEN 4587456 AND 4587556
	Index Scan using sbtest7_pkey on sbtest7  (cost=0.43..409.92 rows=103 width=125)
	  Index Cond: ((id >= 4587456) AND (id <= 4587556))

table 8 : explain SELECT id, c FROM sbtest8 WHERE id BETWEEN 4587456 AND 4587556
	Index Scan using sbtest8_pkey on sbtest8  (cost=0.43..381.34 rows=96 width=125)
	  Index Cond: ((id >= 4587456) AND (id <= 4587556))

for range-notcovered
table 1 : explain SELECT id, c FROM sbtest1 WHERE id BETWEEN 4792605 AND 4792705
	Index Scan using sbtest1_pkey on sbtest1  (cost=0.43..413.46 rows=104 width=125)
	  Index Cond: ((id >= 4792605) AND (id <= 4792705))

table 2 : explain SELECT id, c FROM sbtest2 WHERE id BETWEEN 4792605 AND 4792705
	Index Scan using sbtest2_pkey on sbtest2  (cost=0.43..393.67 rows=99 width=125)
	  Index Cond: ((id >= 4792605) AND (id <= 4792705))

table 3 : explain SELECT id, c FROM sbtest3 WHERE id BETWEEN 4792605 AND 4792705
	Index Scan using sbtest3_pkey on sbtest3  (cost=0.43..396.86 rows=100 width=125)
	  Index Cond: ((id >= 4792605) AND (id <= 4792705))

table 4 : explain SELECT id, c FROM sbtest4 WHERE id BETWEEN 4792605 AND 4792705
	Index Scan using sbtest4_pkey on sbtest4  (cost=0.43..373.17 rows=94 width=125)
	  Index Cond: ((id >= 4792605) AND (id <= 4792705))

table 5 : explain SELECT id, c FROM sbtest5 WHERE id BETWEEN 4792605 AND 4792705
	Index Scan using sbtest5_pkey on sbtest5  (cost=0.43..412.37 rows=104 width=125)
	  Index Cond: ((id >= 4792605) AND (id <= 4792705))

table 6 : explain SELECT id, c FROM sbtest6 WHERE id BETWEEN 4792605 AND 4792705
	Index Scan using sbtest6_pkey on sbtest6  (cost=0.43..426.20 rows=108 width=125)
	  Index Cond: ((id >= 4792605) AND (id <= 4792705))

table 7 : explain SELECT id, c FROM sbtest7 WHERE id BETWEEN 4792605 AND 4792705
	Index Scan using sbtest7_pkey on sbtest7  (cost=0.43..413.85 rows=104 width=125)
	  Index Cond: ((id >= 4792605) AND (id <= 4792705))

table 8 : explain SELECT id, c FROM sbtest8 WHERE id BETWEEN 4792605 AND 4792705
	Index Scan using sbtest8_pkey on sbtest8  (cost=0.43..424.53 rows=107 width=125)
	  Index Cond: ((id >= 4792605) AND (id <= 4792705))

for range-notcovered
table 1 : explain SELECT id, c FROM sbtest1 WHERE id BETWEEN 3895122 AND 3895222
	Index Scan using sbtest1_pkey on sbtest1  (cost=0.43..440.98 rows=111 width=125)
	  Index Cond: ((id >= 3895122) AND (id <= 3895222))

table 2 : explain SELECT id, c FROM sbtest2 WHERE id BETWEEN 3895122 AND 3895222
	Index Scan using sbtest2_pkey on sbtest2  (cost=0.43..370.07 rows=93 width=125)
	  Index Cond: ((id >= 3895122) AND (id <= 3895222))

table 3 : explain SELECT id, c FROM sbtest3 WHERE id BETWEEN 3895122 AND 3895222
	Index Scan using sbtest3_pkey on sbtest3  (cost=0.43..424.32 rows=107 width=125)
	  Index Cond: ((id >= 3895122) AND (id <= 3895222))

table 4 : explain SELECT id, c FROM sbtest4 WHERE id BETWEEN 3895122 AND 3895222
	Index Scan using sbtest4_pkey on sbtest4  (cost=0.43..369.25 rows=93 width=125)
	  Index Cond: ((id >= 3895122) AND (id <= 3895222))

table 5 : explain SELECT id, c FROM sbtest5 WHERE id BETWEEN 3895122 AND 3895222
	Index Scan using sbtest5_pkey on sbtest5  (cost=0.43..384.93 rows=97 width=125)
	  Index Cond: ((id >= 3895122) AND (id <= 3895222))

table 6 : explain SELECT id, c FROM sbtest6 WHERE id BETWEEN 3895122 AND 3895222
	Index Scan using sbtest6_pkey on sbtest6  (cost=0.43..379.33 rows=96 width=125)
	  Index Cond: ((id >= 3895122) AND (id <= 3895222))

table 7 : explain SELECT id, c FROM sbtest7 WHERE id BETWEEN 3895122 AND 3895222
	Index Scan using sbtest7_pkey on sbtest7  (cost=0.43..374.48 rows=94 width=125)
	  Index Cond: ((id >= 3895122) AND (id <= 3895222))

table 8 : explain SELECT id, c FROM sbtest8 WHERE id BETWEEN 3895122 AND 3895222
	Index Scan using sbtest8_pkey on sbtest8  (cost=0.43..436.31 rows=110 width=125)
	  Index Cond: ((id >= 3895122) AND (id <= 3895222))

explain: for range-notcovered :: explain SELECT id, c FROM sbtest%d WHERE id BETWEEN 4587456 AND 4587556
for range-notcovered
table 1 : explain SELECT id, c FROM sbtest1 WHERE id BETWEEN 7849706 AND 7849806
	Index Scan using sbtest1_pkey on sbtest1  (cost=0.43..374.12 rows=94 width=125)
	  Index Cond: ((id >= 7849706) AND (id <= 7849806))

table 2 : explain SELECT id, c FROM sbtest2 WHERE id BETWEEN 7849706 AND 7849806
	Index Scan using sbtest2_pkey on sbtest2  (cost=0.43..401.53 rows=101 width=125)
	  Index Cond: ((id >= 7849706) AND (id <= 7849806))

table 3 : explain SELECT id, c FROM sbtest3 WHERE id BETWEEN 7849706 AND 7849806
	Index Scan using sbtest3_pkey on sbtest3  (cost=0.43..385.07 rows=97 width=125)
	  Index Cond: ((id >= 7849706) AND (id <= 7849806))

table 4 : explain SELECT id, c FROM sbtest4 WHERE id BETWEEN 7849706 AND 7849806
	Index Scan using sbtest4_pkey on sbtest4  (cost=0.43..408.46 rows=103 width=125)
	  Index Cond: ((id >= 7849706) AND (id <= 7849806))

table 5 : explain SELECT id, c FROM sbtest5 WHERE id BETWEEN 7849706 AND 7849806
	Index Scan using sbtest5_pkey on sbtest5  (cost=0.43..412.37 rows=104 width=125)
	  Index Cond: ((id >= 7849706) AND (id <= 7849806))

table 6 : explain SELECT id, c FROM sbtest6 WHERE id BETWEEN 7849706 AND 7849806
	Index Scan using sbtest6_pkey on sbtest6  (cost=0.43..387.17 rows=98 width=125)
	  Index Cond: ((id >= 7849706) AND (id <= 7849806))

table 7 : explain SELECT id, c FROM sbtest7 WHERE id BETWEEN 7849706 AND 7849806
	Index Scan using sbtest7_pkey on sbtest7  (cost=0.43..386.28 rows=97 width=125)
	  Index Cond: ((id >= 7849706) AND (id <= 7849806))

table 8 : explain SELECT id, c FROM sbtest8 WHERE id BETWEEN 7849706 AND 7849806
	Index Scan using sbtest8_pkey on sbtest8  (cost=0.43..389.19 rows=98 width=125)
	  Index Cond: ((id >= 7849706) AND (id <= 7849806))

explain: for range-notcovered :: explain SELECT id, c FROM sbtest%d WHERE id BETWEEN 4792605 AND 4792705
explain: for range-notcovered :: explain SELECT id, c FROM sbtest%d WHERE id BETWEEN 3895122 AND 3895222
explain: for range-notcovered :: explain SELECT id, c FROM sbtest%d WHERE id BETWEEN 7849706 AND 7849806
for range-notcovered
table 1 : explain SELECT id, c FROM sbtest1 WHERE id BETWEEN 2474615 AND 2474715
	Index Scan using sbtest1_pkey on sbtest1  (cost=0.43..417.39 rows=105 width=125)
	  Index Cond: ((id >= 2474615) AND (id <= 2474715))

table 2 : explain SELECT id, c FROM sbtest2 WHERE id BETWEEN 2474615 AND 2474715
	Index Scan using sbtest2_pkey on sbtest2  (cost=0.43..413.32 rows=104 width=125)
	  Index Cond: ((id >= 2474615) AND (id <= 2474715))

table 3 : explain SELECT id, c FROM sbtest3 WHERE id BETWEEN 2474615 AND 2474715
	Index Scan using sbtest3_pkey on sbtest3  (cost=0.43..400.78 rows=101 width=125)
	  Index Cond: ((id >= 2474615) AND (id <= 2474715))

table 4 : explain SELECT id, c FROM sbtest4 WHERE id BETWEEN 2474615 AND 2474715
	Index Scan using sbtest4_pkey on sbtest4  (cost=0.43..388.85 rows=98 width=125)
	  Index Cond: ((id >= 2474615) AND (id <= 2474715))

table 5 : explain SELECT id, c FROM sbtest5 WHERE id BETWEEN 2474615 AND 2474715
	Index Scan using sbtest5_pkey on sbtest5  (cost=0.43..396.69 rows=100 width=125)
	  Index Cond: ((id >= 2474615) AND (id <= 2474715))

table 6 : explain SELECT id, c FROM sbtest6 WHERE id BETWEEN 2474615 AND 2474715
	Index Scan using sbtest6_pkey on sbtest6  (cost=0.43..367.62 rows=93 width=125)
	  Index Cond: ((id >= 2474615) AND (id <= 2474715))

table 7 : explain SELECT id, c FROM sbtest7 WHERE id BETWEEN 2474615 AND 2474715
	Index Scan using sbtest7_pkey on sbtest7  (cost=0.43..398.11 rows=100 width=125)
	  Index Cond: ((id >= 2474615) AND (id <= 2474715))

table 8 : explain SELECT id, c FROM sbtest8 WHERE id BETWEEN 2474615 AND 2474715
	Index Scan using sbtest8_pkey on sbtest8  (cost=0.43..440.23 rows=111 width=125)
	  Index Cond: ((id >= 2474615) AND (id <= 2474715))

explain: for range-notcovered :: explain SELECT id, c FROM sbtest%d WHERE id BETWEEN 2474615 AND 2474715
for range-notcovered
table 1 : explain SELECT id, c FROM sbtest1 WHERE id BETWEEN 2450941 AND 2451041
	Index Scan using sbtest1_pkey on sbtest1  (cost=0.43..433.11 rows=109 width=125)
	  Index Cond: ((id >= 2450941) AND (id <= 2451041))

table 2 : explain SELECT id, c FROM sbtest2 WHERE id BETWEEN 2450941 AND 2451041
	Index Scan using sbtest2_pkey on sbtest2  (cost=0.43..413.32 rows=104 width=125)
	  Index Cond: ((id >= 2450941) AND (id <= 2451041))

table 3 : explain SELECT id, c FROM sbtest3 WHERE id BETWEEN 2450941 AND 2451041
	Index Scan using sbtest3_pkey on sbtest3  (cost=0.43..400.78 rows=101 width=125)
	  Index Cond: ((id >= 2450941) AND (id <= 2451041))

table 4 : explain SELECT id, c FROM sbtest4 WHERE id BETWEEN 2450941 AND 2451041
	Index Scan using sbtest4_pkey on sbtest4  (cost=0.43..388.85 rows=98 width=125)
	  Index Cond: ((id >= 2450941) AND (id <= 2451041))

table 5 : explain SELECT id, c FROM sbtest5 WHERE id BETWEEN 2450941 AND 2451041
	Index Scan using sbtest5_pkey on sbtest5  (cost=0.43..396.69 rows=100 width=125)
	  Index Cond: ((id >= 2450941) AND (id <= 2451041))

table 6 : explain SELECT id, c FROM sbtest6 WHERE id BETWEEN 2450941 AND 2451041
	Index Scan using sbtest6_pkey on sbtest6  (cost=0.43..371.52 rows=94 width=125)
	  Index Cond: ((id >= 2450941) AND (id <= 2451041))

table 7 : explain SELECT id, c FROM sbtest7 WHERE id BETWEEN 2450941 AND 2451041
	Index Scan using sbtest7_pkey on sbtest7  (cost=0.43..398.11 rows=100 width=125)
	  Index Cond: ((id >= 2450941) AND (id <= 2451041))

table 8 : explain SELECT id, c FROM sbtest8 WHERE id BETWEEN 2450941 AND 2451041
	Index Scan using sbtest8_pkey on sbtest8  (cost=0.43..440.23 rows=111 width=125)
	  Index Cond: ((id >= 2450941) AND (id <= 2451041))

for range-notcovered
table 1 : explain SELECT id, c FROM sbtest1 WHERE id BETWEEN 4587456 AND 4587556
	Index Scan using sbtest1_pkey on sbtest1  (cost=0.43..429.18 rows=108 width=125)
	  Index Cond: ((id >= 4587456) AND (id <= 4587556))

table 2 : explain SELECT id, c FROM sbtest2 WHERE id BETWEEN 4587456 AND 4587556
	Index Scan using sbtest2_pkey on sbtest2  (cost=0.43..413.32 rows=104 width=125)
	  Index Cond: ((id >= 4587456) AND (id <= 4587556))

table 3 : explain SELECT id, c FROM sbtest3 WHERE id BETWEEN 4587456 AND 4587556
	Index Scan using sbtest3_pkey on sbtest3  (cost=0.43..412.55 rows=104 width=125)
	  Index Cond: ((id >= 4587456) AND (id <= 4587556))

table 4 : explain SELECT id, c FROM sbtest4 WHERE id BETWEEN 4587456 AND 4587556
	Index Scan using sbtest4_pkey on sbtest4  (cost=0.43..392.77 rows=99 width=125)
	  Index Cond: ((id >= 4587456) AND (id <= 4587556))

table 5 : explain SELECT id, c FROM sbtest5 WHERE id BETWEEN 4587456 AND 4587556
	Index Scan using sbtest5_pkey on sbtest5  (cost=0.43..384.93 rows=97 width=125)
	  Index Cond: ((id >= 4587456) AND (id <= 4587556))

table 6 : explain SELECT id, c FROM sbtest6 WHERE id BETWEEN 4587456 AND 4587556
	Index Scan using sbtest6_pkey on sbtest6  (cost=0.43..363.72 rows=92 width=125)
	  Index Cond: ((id >= 4587456) AND (id <= 4587556))

table 7 : explain SELECT id, c FROM sbtest7 WHERE id BETWEEN 4587456 AND 4587556
	Index Scan using sbtest7_pkey on sbtest7  (cost=0.43..409.92 rows=103 width=125)
	  Index Cond: ((id >= 4587456) AND (id <= 4587556))

table 8 : explain SELECT id, c FROM sbtest8 WHERE id BETWEEN 4587456 AND 4587556
	Index Scan using sbtest8_pkey on sbtest8  (cost=0.43..381.34 rows=96 width=125)
	  Index Cond: ((id >= 4587456) AND (id <= 4587556))

for range-notcovered
table 1 : explain SELECT id, c FROM sbtest1 WHERE id BETWEEN 3895122 AND 3895222
	Index Scan using sbtest1_pkey on sbtest1  (cost=0.43..440.98 rows=111 width=125)
	  Index Cond: ((id >= 3895122) AND (id <= 3895222))

table 2 : explain SELECT id, c FROM sbtest2 WHERE id BETWEEN 3895122 AND 3895222
	Index Scan using sbtest2_pkey on sbtest2  (cost=0.43..370.07 rows=93 width=125)
	  Index Cond: ((id >= 3895122) AND (id <= 3895222))

table 3 : explain SELECT id, c FROM sbtest3 WHERE id BETWEEN 3895122 AND 3895222
	Index Scan using sbtest3_pkey on sbtest3  (cost=0.43..424.32 rows=107 width=125)
	  Index Cond: ((id >= 3895122) AND (id <= 3895222))

table 4 : explain SELECT id, c FROM sbtest4 WHERE id BETWEEN 3895122 AND 3895222
	Index Scan using sbtest4_pkey on sbtest4  (cost=0.43..369.25 rows=93 width=125)
	  Index Cond: ((id >= 3895122) AND (id <= 3895222))

table 5 : explain SELECT id, c FROM sbtest5 WHERE id BETWEEN 3895122 AND 3895222
	Index Scan using sbtest5_pkey on sbtest5  (cost=0.43..384.93 rows=97 width=125)
	  Index Cond: ((id >= 3895122) AND (id <= 3895222))

table 6 : explain SELECT id, c FROM sbtest6 WHERE id BETWEEN 3895122 AND 3895222
	Index Scan using sbtest6_pkey on sbtest6  (cost=0.43..379.33 rows=96 width=125)
	  Index Cond: ((id >= 3895122) AND (id <= 3895222))

table 7 : explain SELECT id, c FROM sbtest7 WHERE id BETWEEN 3895122 AND 3895222
	Index Scan using sbtest7_pkey on sbtest7  (cost=0.43..374.48 rows=94 width=125)
	  Index Cond: ((id >= 3895122) AND (id <= 3895222))

table 8 : explain SELECT id, c FROM sbtest8 WHERE id BETWEEN 3895122 AND 3895222
	Index Scan using sbtest8_pkey on sbtest8  (cost=0.43..436.31 rows=110 width=125)
	  Index Cond: ((id >= 3895122) AND (id <= 3895222))

for range-notcovered
table 1 : explain SELECT id, c FROM sbtest1 WHERE id BETWEEN 4792605 AND 4792705
	Index Scan using sbtest1_pkey on sbtest1  (cost=0.43..413.46 rows=104 width=125)
	  Index Cond: ((id >= 4792605) AND (id <= 4792705))

table 2 : explain SELECT id, c FROM sbtest2 WHERE id BETWEEN 4792605 AND 4792705
	Index Scan using sbtest2_pkey on sbtest2  (cost=0.43..393.67 rows=99 width=125)
	  Index Cond: ((id >= 4792605) AND (id <= 4792705))

table 3 : explain SELECT id, c FROM sbtest3 WHERE id BETWEEN 4792605 AND 4792705
	Index Scan using sbtest3_pkey on sbtest3  (cost=0.43..396.86 rows=100 width=125)
	  Index Cond: ((id >= 4792605) AND (id <= 4792705))

table 4 : explain SELECT id, c FROM sbtest4 WHERE id BETWEEN 4792605 AND 4792705
	Index Scan using sbtest4_pkey on sbtest4  (cost=0.43..373.17 rows=94 width=125)
	  Index Cond: ((id >= 4792605) AND (id <= 4792705))

table 5 : explain SELECT id, c FROM sbtest5 WHERE id BETWEEN 4792605 AND 4792705
	Index Scan using sbtest5_pkey on sbtest5  (cost=0.43..412.37 rows=104 width=125)
	  Index Cond: ((id >= 4792605) AND (id <= 4792705))

table 6 : explain SELECT id, c FROM sbtest6 WHERE id BETWEEN 4792605 AND 4792705
	Index Scan using sbtest6_pkey on sbtest6  (cost=0.43..426.20 rows=108 width=125)
	  Index Cond: ((id >= 4792605) AND (id <= 4792705))

table 7 : explain SELECT id, c FROM sbtest7 WHERE id BETWEEN 4792605 AND 4792705
	Index Scan using sbtest7_pkey on sbtest7  (cost=0.43..413.85 rows=104 width=125)
	  Index Cond: ((id >= 4792605) AND (id <= 4792705))

table 8 : explain SELECT id, c FROM sbtest8 WHERE id BETWEEN 4792605 AND 4792705
	Index Scan using sbtest8_pkey on sbtest8  (cost=0.43..424.53 rows=107 width=125)
	  Index Cond: ((id >= 4792605) AND (id <= 4792705))

explain: for range-notcovered :: explain SELECT id, c FROM sbtest%d WHERE id BETWEEN 4587456 AND 4587556
for range-notcovered
table 1 : explain SELECT id, c FROM sbtest1 WHERE id BETWEEN 7849706 AND 7849806
	Index Scan using sbtest1_pkey on sbtest1  (cost=0.43..374.12 rows=94 width=125)
	  Index Cond: ((id >= 7849706) AND (id <= 7849806))

table 2 : explain SELECT id, c FROM sbtest2 WHERE id BETWEEN 7849706 AND 7849806
	Index Scan using sbtest2_pkey on sbtest2  (cost=0.43..401.53 rows=101 width=125)
	  Index Cond: ((id >= 7849706) AND (id <= 7849806))

table 3 : explain SELECT id, c FROM sbtest3 WHERE id BETWEEN 7849706 AND 7849806
	Index Scan using sbtest3_pkey on sbtest3  (cost=0.43..385.07 rows=97 width=125)
	  Index Cond: ((id >= 7849706) AND (id <= 7849806))

table 4 : explain SELECT id, c FROM sbtest4 WHERE id BETWEEN 7849706 AND 7849806
	Index Scan using sbtest4_pkey on sbtest4  (cost=0.43..408.46 rows=103 width=125)
	  Index Cond: ((id >= 7849706) AND (id <= 7849806))

table 5 : explain SELECT id, c FROM sbtest5 WHERE id BETWEEN 7849706 AND 7849806
	Index Scan using sbtest5_pkey on sbtest5  (cost=0.43..412.37 rows=104 width=125)
	  Index Cond: ((id >= 7849706) AND (id <= 7849806))

table 6 : explain SELECT id, c FROM sbtest6 WHERE id BETWEEN 7849706 AND 7849806
	Index Scan using sbtest6_pkey on sbtest6  (cost=0.43..387.17 rows=98 width=125)
	  Index Cond: ((id >= 7849706) AND (id <= 7849806))

table 7 : explain SELECT id, c FROM sbtest7 WHERE id BETWEEN 7849706 AND 7849806
	Index Scan using sbtest7_pkey on sbtest7  (cost=0.43..386.28 rows=97 width=125)
	  Index Cond: ((id >= 7849706) AND (id <= 7849806))

table 8 : explain SELECT id, c FROM sbtest8 WHERE id BETWEEN 7849706 AND 7849806
	Index Scan using sbtest8_pkey on sbtest8  (cost=0.43..389.19 rows=98 width=125)
	  Index Cond: ((id >= 7849706) AND (id <= 7849806))

explain: for range-notcovered :: explain SELECT id, c FROM sbtest%d WHERE id BETWEEN 3895122 AND 3895222
explain: for range-notcovered :: explain SELECT id, c FROM sbtest%d WHERE id BETWEEN 4792605 AND 4792705
for range-notcovered
table 1 : explain SELECT id, c FROM sbtest1 WHERE id BETWEEN 2474615 AND 2474715
	Index Scan using sbtest1_pkey on sbtest1  (cost=0.43..417.39 rows=105 width=125)
	  Index Cond: ((id >= 2474615) AND (id <= 2474715))

table 2 : explain SELECT id, c FROM sbtest2 WHERE id BETWEEN 2474615 AND 2474715
	Index Scan using sbtest2_pkey on sbtest2  (cost=0.43..413.32 rows=104 width=125)
	  Index Cond: ((id >= 2474615) AND (id <= 2474715))

table 3 : explain SELECT id, c FROM sbtest3 WHERE id BETWEEN 2474615 AND 2474715
	Index Scan using sbtest3_pkey on sbtest3  (cost=0.43..400.78 rows=101 width=125)
	  Index Cond: ((id >= 2474615) AND (id <= 2474715))

table 4 : explain SELECT id, c FROM sbtest4 WHERE id BETWEEN 2474615 AND 2474715
	Index Scan using sbtest4_pkey on sbtest4  (cost=0.43..388.85 rows=98 width=125)
	  Index Cond: ((id >= 2474615) AND (id <= 2474715))

table 5 : explain SELECT id, c FROM sbtest5 WHERE id BETWEEN 2474615 AND 2474715
	Index Scan using sbtest5_pkey on sbtest5  (cost=0.43..396.69 rows=100 width=125)
	  Index Cond: ((id >= 2474615) AND (id <= 2474715))

table 6 : explain SELECT id, c FROM sbtest6 WHERE id BETWEEN 2474615 AND 2474715
	Index Scan using sbtest6_pkey on sbtest6  (cost=0.43..367.62 rows=93 width=125)
	  Index Cond: ((id >= 2474615) AND (id <= 2474715))

table 7 : explain SELECT id, c FROM sbtest7 WHERE id BETWEEN 2474615 AND 2474715
	Index Scan using sbtest7_pkey on sbtest7  (cost=0.43..398.11 rows=100 width=125)
	  Index Cond: ((id >= 2474615) AND (id <= 2474715))

table 8 : explain SELECT id, c FROM sbtest8 WHERE id BETWEEN 2474615 AND 2474715
	Index Scan using sbtest8_pkey on sbtest8  (cost=0.43..440.23 rows=111 width=125)
	  Index Cond: ((id >= 2474615) AND (id <= 2474715))

explain: for range-notcovered :: explain SELECT id, c FROM sbtest%d WHERE id BETWEEN 2474615 AND 2474715
for range-notcovered
table 1 : explain SELECT id, c FROM sbtest1 WHERE id BETWEEN 4587456 AND 4587556
	Index Scan using sbtest1_pkey on sbtest1  (cost=0.43..429.18 rows=108 width=125)
	  Index Cond: ((id >= 4587456) AND (id <= 4587556))

table 2 : explain SELECT id, c FROM sbtest2 WHERE id BETWEEN 4587456 AND 4587556
	Index Scan using sbtest2_pkey on sbtest2  (cost=0.43..413.32 rows=104 width=125)
	  Index Cond: ((id >= 4587456) AND (id <= 4587556))

table 3 : explain SELECT id, c FROM sbtest3 WHERE id BETWEEN 4587456 AND 4587556
	Index Scan using sbtest3_pkey on sbtest3  (cost=0.43..412.55 rows=104 width=125)
	  Index Cond: ((id >= 4587456) AND (id <= 4587556))

table 4 : explain SELECT id, c FROM sbtest4 WHERE id BETWEEN 4587456 AND 4587556
	Index Scan using sbtest4_pkey on sbtest4  (cost=0.43..392.77 rows=99 width=125)
	  Index Cond: ((id >= 4587456) AND (id <= 4587556))

table 5 : explain SELECT id, c FROM sbtest5 WHERE id BETWEEN 4587456 AND 4587556
	Index Scan using sbtest5_pkey on sbtest5  (cost=0.43..384.93 rows=97 width=125)
	  Index Cond: ((id >= 4587456) AND (id <= 4587556))

table 6 : explain SELECT id, c FROM sbtest6 WHERE id BETWEEN 4587456 AND 4587556
	Index Scan using sbtest6_pkey on sbtest6  (cost=0.43..363.72 rows=92 width=125)
	  Index Cond: ((id >= 4587456) AND (id <= 4587556))

table 7 : explain SELECT id, c FROM sbtest7 WHERE id BETWEEN 4587456 AND 4587556
	Index Scan using sbtest7_pkey on sbtest7  (cost=0.43..409.92 rows=103 width=125)
	  Index Cond: ((id >= 4587456) AND (id <= 4587556))

table 8 : explain SELECT id, c FROM sbtest8 WHERE id BETWEEN 4587456 AND 4587556
	Index Scan using sbtest8_pkey on sbtest8  (cost=0.43..381.34 rows=96 width=125)
	  Index Cond: ((id >= 4587456) AND (id <= 4587556))

for range-notcovered
table 1 : explain SELECT id, c FROM sbtest1 WHERE id BETWEEN 3895122 AND 3895222
	Index Scan using sbtest1_pkey on sbtest1  (cost=0.43..440.98 rows=111 width=125)
	  Index Cond: ((id >= 3895122) AND (id <= 3895222))

table 2 : explain SELECT id, c FROM sbtest2 WHERE id BETWEEN 3895122 AND 3895222
	Index Scan using sbtest2_pkey on sbtest2  (cost=0.43..370.07 rows=93 width=125)
	  Index Cond: ((id >= 3895122) AND (id <= 3895222))

table 3 : explain SELECT id, c FROM sbtest3 WHERE id BETWEEN 3895122 AND 3895222
	Index Scan using sbtest3_pkey on sbtest3  (cost=0.43..424.32 rows=107 width=125)
	  Index Cond: ((id >= 3895122) AND (id <= 3895222))

table 4 : explain SELECT id, c FROM sbtest4 WHERE id BETWEEN 3895122 AND 3895222
	Index Scan using sbtest4_pkey on sbtest4  (cost=0.43..369.25 rows=93 width=125)
	  Index Cond: ((id >= 3895122) AND (id <= 3895222))

table 5 : explain SELECT id, c FROM sbtest5 WHERE id BETWEEN 3895122 AND 3895222
	Index Scan using sbtest5_pkey on sbtest5  (cost=0.43..384.93 rows=97 width=125)
	  Index Cond: ((id >= 3895122) AND (id <= 3895222))

table 6 : explain SELECT id, c FROM sbtest6 WHERE id BETWEEN 3895122 AND 3895222
	Index Scan using sbtest6_pkey on sbtest6  (cost=0.43..379.33 rows=96 width=125)
	  Index Cond: ((id >= 3895122) AND (id <= 3895222))

table 7 : explain SELECT id, c FROM sbtest7 WHERE id BETWEEN 3895122 AND 3895222
	Index Scan using sbtest7_pkey on sbtest7  (cost=0.43..374.48 rows=94 width=125)
	  Index Cond: ((id >= 3895122) AND (id <= 3895222))

table 8 : explain SELECT id, c FROM sbtest8 WHERE id BETWEEN 3895122 AND 3895222
	Index Scan using sbtest8_pkey on sbtest8  (cost=0.43..436.31 rows=110 width=125)
	  Index Cond: ((id >= 3895122) AND (id <= 3895222))

for range-notcovered
table 1 : explain SELECT id, c FROM sbtest1 WHERE id BETWEEN 4792605 AND 4792705
	Index Scan using sbtest1_pkey on sbtest1  (cost=0.43..413.46 rows=104 width=125)
	  Index Cond: ((id >= 4792605) AND (id <= 4792705))

table 2 : explain SELECT id, c FROM sbtest2 WHERE id BETWEEN 4792605 AND 4792705
	Index Scan using sbtest2_pkey on sbtest2  (cost=0.43..393.67 rows=99 width=125)
	  Index Cond: ((id >= 4792605) AND (id <= 4792705))

table 3 : explain SELECT id, c FROM sbtest3 WHERE id BETWEEN 4792605 AND 4792705
	Index Scan using sbtest3_pkey on sbtest3  (cost=0.43..396.86 rows=100 width=125)
	  Index Cond: ((id >= 4792605) AND (id <= 4792705))

table 4 : explain SELECT id, c FROM sbtest4 WHERE id BETWEEN 4792605 AND 4792705
	Index Scan using sbtest4_pkey on sbtest4  (cost=0.43..373.17 rows=94 width=125)
	  Index Cond: ((id >= 4792605) AND (id <= 4792705))

table 5 : explain SELECT id, c FROM sbtest5 WHERE id BETWEEN 4792605 AND 4792705
	Index Scan using sbtest5_pkey on sbtest5  (cost=0.43..412.37 rows=104 width=125)
	  Index Cond: ((id >= 4792605) AND (id <= 4792705))

table 6 : explain SELECT id, c FROM sbtest6 WHERE id BETWEEN 4792605 AND 4792705
	Index Scan using sbtest6_pkey on sbtest6  (cost=0.43..426.20 rows=108 width=125)
	  Index Cond: ((id >= 4792605) AND (id <= 4792705))

table 7 : explain SELECT id, c FROM sbtest7 WHERE id BETWEEN 4792605 AND 4792705
	Index Scan using sbtest7_pkey on sbtest7  (cost=0.43..413.85 rows=104 width=125)
	  Index Cond: ((id >= 4792605) AND (id <= 4792705))

table 8 : explain SELECT id, c FROM sbtest8 WHERE id BETWEEN 4792605 AND 4792705
	Index Scan using sbtest8_pkey on sbtest8  (cost=0.43..424.53 rows=107 width=125)
	  Index Cond: ((id >= 4792605) AND (id <= 4792705))

explain: for range-notcovered :: explain SELECT id, c FROM sbtest%d WHERE id BETWEEN 4587456 AND 4587556
explain: for range-notcovered :: explain SELECT id, c FROM sbtest%d WHERE id BETWEEN 3895122 AND 3895222
explain: for range-notcovered :: explain SELECT id, c FROM sbtest%d WHERE id BETWEEN 4792605 AND 4792705
for range-notcovered
table 1 : explain SELECT id, c FROM sbtest1 WHERE id BETWEEN 2474615 AND 2474715
	Index Scan using sbtest1_pkey on sbtest1  (cost=0.43..417.39 rows=105 width=125)
	  Index Cond: ((id >= 2474615) AND (id <= 2474715))

table 2 : explain SELECT id, c FROM sbtest2 WHERE id BETWEEN 2474615 AND 2474715
	Index Scan using sbtest2_pkey on sbtest2  (cost=0.43..413.32 rows=104 width=125)
	  Index Cond: ((id >= 2474615) AND (id <= 2474715))

table 3 : explain SELECT id, c FROM sbtest3 WHERE id BETWEEN 2474615 AND 2474715
	Index Scan using sbtest3_pkey on sbtest3  (cost=0.43..400.78 rows=101 width=125)
	  Index Cond: ((id >= 2474615) AND (id <= 2474715))

table 4 : explain SELECT id, c FROM sbtest4 WHERE id BETWEEN 2474615 AND 2474715
	Index Scan using sbtest4_pkey on sbtest4  (cost=0.43..388.85 rows=98 width=125)
	  Index Cond: ((id >= 2474615) AND (id <= 2474715))

table 5 : explain SELECT id, c FROM sbtest5 WHERE id BETWEEN 2474615 AND 2474715
	Index Scan using sbtest5_pkey on sbtest5  (cost=0.43..396.69 rows=100 width=125)
	  Index Cond: ((id >= 2474615) AND (id <= 2474715))

table 6 : explain SELECT id, c FROM sbtest6 WHERE id BETWEEN 2474615 AND 2474715
	Index Scan using sbtest6_pkey on sbtest6  (cost=0.43..367.62 rows=93 width=125)
	  Index Cond: ((id >= 2474615) AND (id <= 2474715))

table 7 : explain SELECT id, c FROM sbtest7 WHERE id BETWEEN 2474615 AND 2474715
	Index Scan using sbtest7_pkey on sbtest7  (cost=0.43..398.11 rows=100 width=125)
	  Index Cond: ((id >= 2474615) AND (id <= 2474715))

table 8 : explain SELECT id, c FROM sbtest8 WHERE id BETWEEN 2474615 AND 2474715
	Index Scan using sbtest8_pkey on sbtest8  (cost=0.43..440.23 rows=111 width=125)
	  Index Cond: ((id >= 2474615) AND (id <= 2474715))

explain: for range-notcovered :: explain SELECT id, c FROM sbtest%d WHERE id BETWEEN 2474615 AND 2474715
for range-notcovered
table 1 : explain SELECT id, c FROM sbtest1 WHERE id BETWEEN 4587456 AND 4587556
	Index Scan using sbtest1_pkey on sbtest1  (cost=0.43..429.18 rows=108 width=125)
	  Index Cond: ((id >= 4587456) AND (id <= 4587556))

table 2 : explain SELECT id, c FROM sbtest2 WHERE id BETWEEN 4587456 AND 4587556
	Index Scan using sbtest2_pkey on sbtest2  (cost=0.43..413.32 rows=104 width=125)
	  Index Cond: ((id >= 4587456) AND (id <= 4587556))

table 3 : explain SELECT id, c FROM sbtest3 WHERE id BETWEEN 4587456 AND 4587556
	Index Scan using sbtest3_pkey on sbtest3  (cost=0.43..412.55 rows=104 width=125)
	  Index Cond: ((id >= 4587456) AND (id <= 4587556))

table 4 : explain SELECT id, c FROM sbtest4 WHERE id BETWEEN 4587456 AND 4587556
	Index Scan using sbtest4_pkey on sbtest4  (cost=0.43..392.77 rows=99 width=125)
	  Index Cond: ((id >= 4587456) AND (id <= 4587556))

table 5 : explain SELECT id, c FROM sbtest5 WHERE id BETWEEN 4587456 AND 4587556
	Index Scan using sbtest5_pkey on sbtest5  (cost=0.43..384.93 rows=97 width=125)
	  Index Cond: ((id >= 4587456) AND (id <= 4587556))

table 6 : explain SELECT id, c FROM sbtest6 WHERE id BETWEEN 4587456 AND 4587556
	Index Scan using sbtest6_pkey on sbtest6  (cost=0.43..363.72 rows=92 width=125)
	  Index Cond: ((id >= 4587456) AND (id <= 4587556))

table 7 : explain SELECT id, c FROM sbtest7 WHERE id BETWEEN 4587456 AND 4587556
	Index Scan using sbtest7_pkey on sbtest7  (cost=0.43..409.92 rows=103 width=125)
	  Index Cond: ((id >= 4587456) AND (id <= 4587556))

table 8 : explain SELECT id, c FROM sbtest8 WHERE id BETWEEN 4587456 AND 4587556
	Index Scan using sbtest8_pkey on sbtest8  (cost=0.43..381.34 rows=96 width=125)
	  Index Cond: ((id >= 4587456) AND (id <= 4587556))

for range-notcovered
table 1 : explain SELECT id, c FROM sbtest1 WHERE id BETWEEN 3895122 AND 3895222
	Index Scan using sbtest1_pkey on sbtest1  (cost=0.43..440.98 rows=111 width=125)
	  Index Cond: ((id >= 3895122) AND (id <= 3895222))

table 2 : explain SELECT id, c FROM sbtest2 WHERE id BETWEEN 3895122 AND 3895222
	Index Scan using sbtest2_pkey on sbtest2  (cost=0.43..370.07 rows=93 width=125)
	  Index Cond: ((id >= 3895122) AND (id <= 3895222))

table 3 : explain SELECT id, c FROM sbtest3 WHERE id BETWEEN 3895122 AND 3895222
	Index Scan using sbtest3_pkey on sbtest3  (cost=0.43..424.32 rows=107 width=125)
	  Index Cond: ((id >= 3895122) AND (id <= 3895222))

table 4 : explain SELECT id, c FROM sbtest4 WHERE id BETWEEN 3895122 AND 3895222
	Index Scan using sbtest4_pkey on sbtest4  (cost=0.43..369.25 rows=93 width=125)
	  Index Cond: ((id >= 3895122) AND (id <= 3895222))

table 5 : explain SELECT id, c FROM sbtest5 WHERE id BETWEEN 3895122 AND 3895222
	Index Scan using sbtest5_pkey on sbtest5  (cost=0.43..384.93 rows=97 width=125)
	  Index Cond: ((id >= 3895122) AND (id <= 3895222))

table 6 : explain SELECT id, c FROM sbtest6 WHERE id BETWEEN 3895122 AND 3895222
	Index Scan using sbtest6_pkey on sbtest6  (cost=0.43..379.33 rows=96 width=125)
	  Index Cond: ((id >= 3895122) AND (id <= 3895222))

table 7 : explain SELECT id, c FROM sbtest7 WHERE id BETWEEN 3895122 AND 3895222
	Index Scan using sbtest7_pkey on sbtest7  (cost=0.43..374.48 rows=94 width=125)
	  Index Cond: ((id >= 3895122) AND (id <= 3895222))

table 8 : explain SELECT id, c FROM sbtest8 WHERE id BETWEEN 3895122 AND 3895222
	Index Scan using sbtest8_pkey on sbtest8  (cost=0.43..436.31 rows=110 width=125)
	  Index Cond: ((id >= 3895122) AND (id <= 3895222))

for range-notcovered
table 1 : explain SELECT id, c FROM sbtest1 WHERE id BETWEEN 4792605 AND 4792705
	Index Scan using sbtest1_pkey on sbtest1  (cost=0.43..413.46 rows=104 width=125)
	  Index Cond: ((id >= 4792605) AND (id <= 4792705))

table 2 : explain SELECT id, c FROM sbtest2 WHERE id BETWEEN 4792605 AND 4792705
	Index Scan using sbtest2_pkey on sbtest2  (cost=0.43..393.67 rows=99 width=125)
	  Index Cond: ((id >= 4792605) AND (id <= 4792705))

table 3 : explain SELECT id, c FROM sbtest3 WHERE id BETWEEN 4792605 AND 4792705
	Index Scan using sbtest3_pkey on sbtest3  (cost=0.43..396.86 rows=100 width=125)
	  Index Cond: ((id >= 4792605) AND (id <= 4792705))

table 4 : explain SELECT id, c FROM sbtest4 WHERE id BETWEEN 4792605 AND 4792705
	Index Scan using sbtest4_pkey on sbtest4  (cost=0.43..373.17 rows=94 width=125)
	  Index Cond: ((id >= 4792605) AND (id <= 4792705))

table 5 : explain SELECT id, c FROM sbtest5 WHERE id BETWEEN 4792605 AND 4792705
	Index Scan using sbtest5_pkey on sbtest5  (cost=0.43..412.37 rows=104 width=125)
	  Index Cond: ((id >= 4792605) AND (id <= 4792705))

table 6 : explain SELECT id, c FROM sbtest6 WHERE id BETWEEN 4792605 AND 4792705
	Index Scan using sbtest6_pkey on sbtest6  (cost=0.43..426.20 rows=108 width=125)
	  Index Cond: ((id >= 4792605) AND (id <= 4792705))

table 7 : explain SELECT id, c FROM sbtest7 WHERE id BETWEEN 4792605 AND 4792705
	Index Scan using sbtest7_pkey on sbtest7  (cost=0.43..413.85 rows=104 width=125)
	  Index Cond: ((id >= 4792605) AND (id <= 4792705))

table 8 : explain SELECT id, c FROM sbtest8 WHERE id BETWEEN 4792605 AND 4792705
	Index Scan using sbtest8_pkey on sbtest8  (cost=0.43..424.53 rows=107 width=125)
	  Index Cond: ((id >= 4792605) AND (id <= 4792705))

for range-notcovered
table 1 : explain SELECT id, c FROM sbtest1 WHERE id BETWEEN 2474615 AND 2474715
	Index Scan using sbtest1_pkey on sbtest1  (cost=0.43..417.39 rows=105 width=125)
	  Index Cond: ((id >= 2474615) AND (id <= 2474715))

table 2 : explain SELECT id, c FROM sbtest2 WHERE id BETWEEN 2474615 AND 2474715
	Index Scan using sbtest2_pkey on sbtest2  (cost=0.43..413.32 rows=104 width=125)
	  Index Cond: ((id >= 2474615) AND (id <= 2474715))

table 3 : explain SELECT id, c FROM sbtest3 WHERE id BETWEEN 2474615 AND 2474715
	Index Scan using sbtest3_pkey on sbtest3  (cost=0.43..400.78 rows=101 width=125)
	  Index Cond: ((id >= 2474615) AND (id <= 2474715))

table 4 : explain SELECT id, c FROM sbtest4 WHERE id BETWEEN 2474615 AND 2474715
	Index Scan using sbtest4_pkey on sbtest4  (cost=0.43..388.85 rows=98 width=125)
	  Index Cond: ((id >= 2474615) AND (id <= 2474715))

table 5 : explain SELECT id, c FROM sbtest5 WHERE id BETWEEN 2474615 AND 2474715
	Index Scan using sbtest5_pkey on sbtest5  (cost=0.43..396.69 rows=100 width=125)
	  Index Cond: ((id >= 2474615) AND (id <= 2474715))

table 6 : explain SELECT id, c FROM sbtest6 WHERE id BETWEEN 2474615 AND 2474715
	Index Scan using sbtest6_pkey on sbtest6  (cost=0.43..367.62 rows=93 width=125)
	  Index Cond: ((id >= 2474615) AND (id <= 2474715))

table 7 : explain SELECT id, c FROM sbtest7 WHERE id BETWEEN 2474615 AND 2474715
	Index Scan using sbtest7_pkey on sbtest7  (cost=0.43..398.11 rows=100 width=125)
	  Index Cond: ((id >= 2474615) AND (id <= 2474715))

table 8 : explain SELECT id, c FROM sbtest8 WHERE id BETWEEN 2474615 AND 2474715
	Index Scan using sbtest8_pkey on sbtest8  (cost=0.43..440.23 rows=111 width=125)
	  Index Cond: ((id >= 2474615) AND (id <= 2474715))

explain: for range-notcovered :: explain SELECT id, c FROM sbtest%d WHERE id BETWEEN 2474615 AND 2474715
for range-notcovered
table 1 : explain SELECT id, c FROM sbtest1 WHERE id BETWEEN 2474615 AND 2474715
	Index Scan using sbtest1_pkey on sbtest1  (cost=0.43..417.39 rows=105 width=125)
	  Index Cond: ((id >= 2474615) AND (id <= 2474715))

table 2 : explain SELECT id, c FROM sbtest2 WHERE id BETWEEN 2474615 AND 2474715
	Index Scan using sbtest2_pkey on sbtest2  (cost=0.43..413.32 rows=104 width=125)
	  Index Cond: ((id >= 2474615) AND (id <= 2474715))

table 3 : explain SELECT id, c FROM sbtest3 WHERE id BETWEEN 2474615 AND 2474715
	Index Scan using sbtest3_pkey on sbtest3  (cost=0.43..400.78 rows=101 width=125)
	  Index Cond: ((id >= 2474615) AND (id <= 2474715))

table 4 : explain SELECT id, c FROM sbtest4 WHERE id BETWEEN 2474615 AND 2474715
	Index Scan using sbtest4_pkey on sbtest4  (cost=0.43..388.85 rows=98 width=125)
	  Index Cond: ((id >= 2474615) AND (id <= 2474715))

table 5 : explain SELECT id, c FROM sbtest5 WHERE id BETWEEN 2474615 AND 2474715
	Index Scan using sbtest5_pkey on sbtest5  (cost=0.43..396.69 rows=100 width=125)
	  Index Cond: ((id >= 2474615) AND (id <= 2474715))

table 6 : explain SELECT id, c FROM sbtest6 WHERE id BETWEEN 2474615 AND 2474715
	Index Scan using sbtest6_pkey on sbtest6  (cost=0.43..367.62 rows=93 width=125)
	  Index Cond: ((id >= 2474615) AND (id <= 2474715))

table 7 : explain SELECT id, c FROM sbtest7 WHERE id BETWEEN 2474615 AND 2474715
	Index Scan using sbtest7_pkey on sbtest7  (cost=0.43..398.11 rows=100 width=125)
	  Index Cond: ((id >= 2474615) AND (id <= 2474715))

table 8 : explain SELECT id, c FROM sbtest8 WHERE id BETWEEN 2474615 AND 2474715
	Index Scan using sbtest8_pkey on sbtest8  (cost=0.43..440.23 rows=111 width=125)
	  Index Cond: ((id >= 2474615) AND (id <= 2474715))

Threads started!

Warming up for 5 seconds...

SQL statistics:
    queries performed:
        read:                            119969469
        write:                           0
        other:                           0
        total:                           119969469
    transactions:                        119969469 (190425.89 per sec.)
    queries:                             119969469 (190425.89 per sec.)
    ignored errors:                      0      (0.00 per sec.)
    reconnects:                          0      (0.00 per sec.)

Throughput:
    events/s (eps):                      190425.8873
    time elapsed:                        630.0062s
    total number of events:              119969469

Latency (ms):
         min:                                    0.07
         avg:                                    0.21
         max:                                   16.29
         95th percentile:                        0.22
         sum:                             25155482.39

Threads fairness:
    events (avg/stddev):           2999232.4750/11689.00
    execution time (avg/stddev):   628.8871/0.03

