LUA_PATH=/home/mdcallag/git/mytools/bench/sysbench.lua/lua/?.lua /home/mdcallag/git/mytools/bench/sysbench.lua/lua/sysbench --db-driver=pgsql --range-size=1000 --table-size=10000000 --tables=8 --threads=40 --events=0 --warmup-time=5 --time=630 --pgsql_conn_id=true /home/mdcallag/git/mytools/bench/sysbench.lua/lua/oltp_read_only_count.lua run --pgsql-user=root --pgsql-password=pw --pgsql-host=127.0.0.1 --pgsql-db=ib --rand-type=uniform --skip-trx
48 CPUs
sysbench 1.1.0-9072687 (using bundled LuaJIT 2.1.0-beta3)

Running the test with following options:
Number of threads: 40
Warmup time: 5s
Initializing random number generator from current time


Initializing worker threads...

for: count_ranges
table 1 : explain SELECT count(c) FROM sbtest1 WHERE id BETWEEN 7402004 AND 7403003
	Aggregate  (cost=3906.59..3906.60 rows=1 width=8)
	  ->  Bitmap Heap Scan on sbtest1  (cost=34.77..3904.07 rows=1008 width=121)
	        Recheck Cond: ((id >= 7402004) AND (id <= 7403003))
	        ->  Bitmap Index Scan on sbtest1_pkey  (cost=0.00..34.52 rows=1008 width=0)
	              Index Cond: ((id >= 7402004) AND (id <= 7403003))

table 2 : explain SELECT count(c) FROM sbtest2 WHERE id BETWEEN 3755838 AND 3756837
	Aggregate  (cost=4283.51..4283.52 rows=1 width=8)
	  ->  Bitmap Heap Scan on sbtest2  (cost=35.80..4280.74 rows=1109 width=121)
	        Recheck Cond: ((id >= 3755838) AND (id <= 3756837))
	        ->  Bitmap Index Scan on sbtest2_pkey  (cost=0.00..35.53 rows=1109 width=0)
	              Index Cond: ((id >= 3755838) AND (id <= 3756837))

table 3 : explain SELECT count(c) FROM sbtest3 WHERE id BETWEEN 7590581 AND 7591580
	Aggregate  (cost=4058.27..4058.28 rows=1 width=8)
	  ->  Bitmap Heap Scan on sbtest3  (cost=35.18..4055.65 rows=1048 width=121)
	        Recheck Cond: ((id >= 7590581) AND (id <= 7591580))
	        ->  Bitmap Index Scan on sbtest3_pkey  (cost=0.00..34.92 rows=1048 width=0)
	              Index Cond: ((id >= 7590581) AND (id <= 7591580))

table 4 : explain SELECT count(c) FROM sbtest4 WHERE id BETWEEN 8870725 AND 8871724
	Aggregate  (cost=3747.92..3747.93 rows=1 width=8)
	  ->  Bitmap Heap Scan on sbtest4  (cost=34.32..3745.51 rows=964 width=121)
	        Recheck Cond: ((id >= 8870725) AND (id <= 8871724))
	        ->  Bitmap Index Scan on sbtest4_pkey  (cost=0.00..34.08 rows=964 width=0)
	              Index Cond: ((id >= 8870725) AND (id <= 8871724))

table 5 : explain SELECT count(c) FROM sbtest5 WHERE id BETWEEN 8927487 AND 8928486
	Aggregate  (cost=3596.43..3596.44 rows=1 width=8)
	  ->  Bitmap Heap Scan on sbtest5  (cost=33.91..3594.12 rows=924 width=121)
	        Recheck Cond: ((id >= 8927487) AND (id <= 8928486))
	        ->  Bitmap Index Scan on sbtest5_pkey  (cost=0.00..33.68 rows=924 width=0)
	              Index Cond: ((id >= 8927487) AND (id <= 8928486))

table 6 : explain SELECT count(c) FROM sbtest6 WHERE id BETWEEN 8876298 AND 8877297
	Aggregate  (cost=3696.81..3696.82 rows=1 width=8)
	  ->  Bitmap Heap Scan on sbtest6  (cost=34.19..3694.43 rows=952 width=121)
	        Recheck Cond: ((id >= 8876298) AND (id <= 8877297))
	        ->  Bitmap Index Scan on sbtest6_pkey  (cost=0.00..33.95 rows=952 width=0)
	              Index Cond: ((id >= 8876298) AND (id <= 8877297))

table 7 : explain SELECT count(c) FROM sbtest7 WHERE id BETWEEN 5354129 AND 5355128
	Aggregate  (cost=3759.20..3759.21 rows=1 width=8)
	  ->  Bitmap Heap Scan on sbtest7  (cost=34.37..3756.77 rows=969 width=121)
	        Recheck Cond: ((id >= 5354129) AND (id <= 5355128))
	        ->  Bitmap Index Scan on sbtest7_pkey  (cost=0.00..34.12 rows=969 width=0)
	              Index Cond: ((id >= 5354129) AND (id <= 5355128))

table 8 : explain SELECT count(c) FROM sbtest8 WHERE id BETWEEN 4829820 AND 4830819
	Aggregate  (cost=4095.36..4095.37 rows=1 width=8)
	  ->  Bitmap Heap Scan on sbtest8  (cost=35.28..4092.71 rows=1058 width=121)
	        Recheck Cond: ((id >= 4829820) AND (id <= 4830819))
	        ->  Bitmap Index Scan on sbtest8_pkey  (cost=0.00..35.02 rows=1058 width=0)
	              Index Cond: ((id >= 4829820) AND (id <= 4830819))

for: count_ranges
table 1 : explain SELECT count(c) FROM sbtest1 WHERE id BETWEEN 6159555 AND 6160554
	Aggregate  (cost=3955.57..3955.58 rows=1 width=8)
	  ->  Bitmap Heap Scan on sbtest1  (cost=34.90..3953.02 rows=1021 width=121)
	        Recheck Cond: ((id >= 6159555) AND (id <= 6160554))
	        ->  Bitmap Index Scan on sbtest1_pkey  (cost=0.00..34.65 rows=1021 width=0)
	              Index Cond: ((id >= 6159555) AND (id <= 6160554))

table 2 : explain SELECT count(c) FROM sbtest2 WHERE id BETWEEN 7270052 AND 7271051
	Aggregate  (cost=4069.13..4069.14 rows=1 width=8)
	  ->  Bitmap Heap Scan on sbtest2  (cost=35.21..4066.50 rows=1051 width=121)
	        Recheck Cond: ((id >= 7270052) AND (id <= 7271051))
	        ->  Bitmap Index Scan on sbtest2_pkey  (cost=0.00..34.95 rows=1051 width=0)
	              Index Cond: ((id >= 7270052) AND (id <= 7271051))

table 3 : explain SELECT count(c) FROM sbtest3 WHERE id BETWEEN 7244060 AND 7245059
	Aggregate  (cost=3869.85..3869.86 rows=1 width=8)
	  ->  Bitmap Heap Scan on sbtest3  (cost=34.66..3867.36 rows=998 width=121)
	        Recheck Cond: ((id >= 7244060) AND (id <= 7245059))
	        ->  Bitmap Index Scan on sbtest3_pkey  (cost=0.00..34.42 rows=998 width=0)
	              Index Cond: ((id >= 7244060) AND (id <= 7245059))

table 4 : explain SELECT count(c) FROM sbtest4 WHERE id BETWEEN 3543912 AND 3544911
	Aggregate  (cost=4031.52..4031.53 rows=1 width=8)
	  ->  Bitmap Heap Scan on sbtest4  (cost=35.08..4028.92 rows=1039 width=121)
	        Recheck Cond: ((id >= 3543912) AND (id <= 3544911))
	        ->  Bitmap Index Scan on sbtest4_pkey  (cost=0.00..34.83 rows=1039 width=0)
	              Index Cond: ((id >= 3543912) AND (id <= 3544911))

table 5 : explain SELECT count(c) FROM sbtest5 WHERE id BETWEEN 1540636 AND 1541635
	Aggregate  (cost=3967.35..3967.36 rows=1 width=8)
	  ->  Bitmap Heap Scan on sbtest5  (cost=34.91..3964.79 rows=1022 width=121)
	        Recheck Cond: ((id >= 1540636) AND (id <= 1541635))
	        ->  Bitmap Index Scan on sbtest5_pkey  (cost=0.00..34.66 rows=1022 width=0)
	              Index Cond: ((id >= 1540636) AND (id <= 1541635))

table 6 : explain SELECT count(c) FROM sbtest6 WHERE id BETWEEN 8009560 AND 8010559
	Aggregate  (cost=3851.62..3851.63 rows=1 width=8)
	  ->  Bitmap Heap Scan on sbtest6  (cost=34.61..3849.14 rows=993 width=121)
	        Recheck Cond: ((id >= 8009560) AND (id <= 8010559))
	        ->  Bitmap Index Scan on sbtest6_pkey  (cost=0.00..34.37 rows=993 width=0)
	              Index Cond: ((id >= 8009560) AND (id <= 8010559))

table 7 : explain SELECT count(c) FROM sbtest7 WHERE id BETWEEN 695868 AND 696867
	Aggregate  (cost=3921.33..3921.34 rows=1 width=8)
	  ->  Bitmap Heap Scan on sbtest7  (cost=34.81..3918.80 rows=1012 width=121)
	        Recheck Cond: ((id >= 695868) AND (id <= 696867))
	        ->  Bitmap Index Scan on sbtest7_pkey  (cost=0.00..34.56 rows=1012 width=0)
	              Index Cond: ((id >= 695868) AND (id <= 696867))

table 8 : explain SELECT count(c) FROM sbtest8 WHERE id BETWEEN 202062 AND 203061
	Aggregate  (cost=3873.11..3873.12 rows=1 width=8)
	  ->  Bitmap Heap Scan on sbtest8  (cost=34.67..3870.61 rows=999 width=121)
	        Recheck Cond: ((id >= 202062) AND (id <= 203061))
	        ->  Bitmap Index Scan on sbtest8_pkey  (cost=0.00..34.43 rows=999 width=0)
	              Index Cond: ((id >= 202062) AND (id <= 203061))

for: count_ranges
table 1 : explain SELECT count(c) FROM sbtest1 WHERE id BETWEEN 6486384 AND 6487383
	Aggregate  (cost=4290.38..4290.39 rows=1 width=8)
	  ->  Bitmap Heap Scan on sbtest1  (cost=35.82..4287.60 rows=1111 width=121)
	        Recheck Cond: ((id >= 6486384) AND (id <= 6487383))
	        ->  Bitmap Index Scan on sbtest1_pkey  (cost=0.00..35.55 rows=1111 width=0)
	              Index Cond: ((id >= 6486384) AND (id <= 6487383))

table 2 : explain SELECT count(c) FROM sbtest2 WHERE id BETWEEN 4850081 AND 4851080
	Aggregate  (cost=3752.48..3752.49 rows=1 width=8)
	  ->  Bitmap Heap Scan on sbtest2  (cost=34.35..3750.06 rows=967 width=121)
	        Recheck Cond: ((id >= 4850081) AND (id <= 4851080))
	        ->  Bitmap Index Scan on sbtest2_pkey  (cost=0.00..34.11 rows=967 width=0)
	              Index Cond: ((id >= 4850081) AND (id <= 4851080))

table 3 : explain SELECT count(c) FROM sbtest3 WHERE id BETWEEN 3190987 AND 3191986
	Aggregate  (cost=3752.87..3752.88 rows=1 width=8)
	  ->  Bitmap Heap Scan on sbtest3  (cost=34.35..3750.45 rows=967 width=121)
	        Recheck Cond: ((id >= 3190987) AND (id <= 3191986))
	        ->  Bitmap Index Scan on sbtest3_pkey  (cost=0.00..34.11 rows=967 width=0)
	              Index Cond: ((id >= 3190987) AND (id <= 3191986))

table 4 : explain SELECT count(c) FROM sbtest4 WHERE id BETWEEN 8356972 AND 8357971
	Aggregate  (cost=3520.33..3520.34 rows=1 width=8)
	  ->  Bitmap Heap Scan on sbtest4  (cost=29.71..3518.07 rows=905 width=121)
	        Recheck Cond: ((id >= 8356972) AND (id <= 8357971))
	        ->  Bitmap Index Scan on sbtest4_pkey  (cost=0.00..29.48 rows=905 width=0)
	              Index Cond: ((id >= 8356972) AND (id <= 8357971))

table 5 : explain SELECT count(c) FROM sbtest5 WHERE id BETWEEN 932609 AND 933608
	Aggregate  (cost=4065.56..4065.57 rows=1 width=8)
	  ->  Bitmap Heap Scan on sbtest5  (cost=35.18..4062.94 rows=1048 width=121)
	        Recheck Cond: ((id >= 932609) AND (id <= 933608))
	        ->  Bitmap Index Scan on sbtest5_pkey  (cost=0.00..34.92 rows=1048 width=0)
	              Index Cond: ((id >= 932609) AND (id <= 933608))

table 6 : explain SELECT count(c) FROM sbtest6 WHERE id BETWEEN 8816707 AND 8817706
	Aggregate  (cost=3696.81..3696.82 rows=1 width=8)
	  ->  Bitmap Heap Scan on sbtest6  (cost=34.19..3694.43 rows=952 width=121)
	        Recheck Cond: ((id >= 8816707) AND (id <= 8817706))
	        ->  Bitmap Index Scan on sbtest6_pkey  (cost=0.00..33.95 rows=952 width=0)
	              Index Cond: ((id >= 8816707) AND (id <= 8817706))

table 7 : explain SELECT count(c) FROM sbtest7 WHERE id BETWEEN 8859087 AND 8860086
	Aggregate  (cost=4064.42..4064.43 rows=1 width=8)
	  ->  Bitmap Heap Scan on sbtest7  (cost=35.20..4061.79 rows=1050 width=121)
	        Recheck Cond: ((id >= 8859087) AND (id <= 8860086))
	        ->  Bitmap Index Scan on sbtest7_pkey  (cost=0.00..34.94 rows=1050 width=0)
	              Index Cond: ((id >= 8859087) AND (id <= 8860086))

table 8 : explain SELECT count(c) FROM sbtest8 WHERE id BETWEEN 7670536 AND 7671535
	Aggregate  (cost=3918.35..3918.36 rows=1 width=8)
	  ->  Bitmap Heap Scan on sbtest8  (cost=34.80..3915.82 rows=1011 width=121)
	        Recheck Cond: ((id >= 7670536) AND (id <= 7671535))
	        ->  Bitmap Index Scan on sbtest8_pkey  (cost=0.00..34.55 rows=1011 width=0)
	              Index Cond: ((id >= 7670536) AND (id <= 7671535))

for: count_ranges
table 1 : explain SELECT count(c) FROM sbtest1 WHERE id BETWEEN 7542198 AND 7543197
	Aggregate  (cost=3853.81..3853.82 rows=1 width=8)
	  ->  Bitmap Heap Scan on sbtest1  (cost=34.62..3851.32 rows=994 width=121)
	        Recheck Cond: ((id >= 7542198) AND (id <= 7543197))
	        ->  Bitmap Index Scan on sbtest1_pkey  (cost=0.00..34.38 rows=994 width=0)
	              Index Cond: ((id >= 7542198) AND (id <= 7543197))

table 2 : explain SELECT count(c) FROM sbtest2 WHERE id BETWEEN 2925761 AND 2926760
	Aggregate  (cost=3824.18..3824.19 rows=1 width=8)
	  ->  Bitmap Heap Scan on sbtest2  (cost=34.54..3821.72 rows=986 width=121)
	        Recheck Cond: ((id >= 2925761) AND (id <= 2926760))
	        ->  Bitmap Index Scan on sbtest2_pkey  (cost=0.00..34.30 rows=986 width=0)
	              Index Cond: ((id >= 2925761) AND (id <= 2926760))

table 3 : explain SELECT count(c) FROM sbtest3 WHERE id BETWEEN 5510600 AND 5511599
	Aggregate  (cost=3854.76..3854.77 rows=1 width=8)
	  ->  Bitmap Heap Scan on sbtest3  (cost=34.62..3852.28 rows=994 width=121)
	        Recheck Cond: ((id >= 5510600) AND (id <= 5511599))
	        ->  Bitmap Index Scan on sbtest3_pkey  (cost=0.00..34.38 rows=994 width=0)
	              Index Cond: ((id >= 5510600) AND (id <= 5511599))

table 4 : explain SELECT count(c) FROM sbtest4 WHERE id BETWEEN 7924207 AND 7925206
	Aggregate  (cost=4039.07..4039.08 rows=1 width=8)
	  ->  Bitmap Heap Scan on sbtest4  (cost=35.11..4036.47 rows=1041 width=121)
	        Recheck Cond: ((id >= 7924207) AND (id <= 7925206))
	        ->  Bitmap Index Scan on sbtest4_pkey  (cost=0.00..34.84 rows=1041 width=0)
	              Index Cond: ((id >= 7924207) AND (id <= 7925206))

table 5 : explain SELECT count(c) FROM sbtest5 WHERE id BETWEEN 7029144 AND 7030143
	Aggregate  (cost=3835.02..3835.03 rows=1 width=8)
	  ->  Bitmap Heap Scan on sbtest5  (cost=34.55..3832.55 rows=987 width=121)
	        Recheck Cond: ((id >= 7029144) AND (id <= 7030143))
	        ->  Bitmap Index Scan on sbtest5_pkey  (cost=0.00..34.31 rows=987 width=0)
	              Index Cond: ((id >= 7029144) AND (id <= 7030143))

table 6 : explain SELECT count(c) FROM sbtest6 WHERE id BETWEEN 7609996 AND 7610995
	Aggregate  (cost=4149.31..4149.32 rows=1 width=8)
	  ->  Bitmap Heap Scan on sbtest6  (cost=35.42..4146.63 rows=1072 width=121)
	        Recheck Cond: ((id >= 7609996) AND (id <= 7610995))
	        ->  Bitmap Index Scan on sbtest6_pkey  (cost=0.00..35.16 rows=1072 width=0)
	              Index Cond: ((id >= 7609996) AND (id <= 7610995))

table 7 : explain SELECT count(c) FROM sbtest7 WHERE id BETWEEN 7718704 AND 7719703
	Aggregate  (cost=3992.90..3992.91 rows=1 width=8)
	  ->  Bitmap Heap Scan on sbtest7  (cost=35.00..3990.32 rows=1031 width=121)
	        Recheck Cond: ((id >= 7718704) AND (id <= 7719703))
	        ->  Bitmap Index Scan on sbtest7_pkey  (cost=0.00..34.75 rows=1031 width=0)
	              Index Cond: ((id >= 7718704) AND (id <= 7719703))

table 8 : explain SELECT count(c) FROM sbtest8 WHERE id BETWEEN 4330805 AND 4331804
	Aggregate  (cost=3775.03..3775.04 rows=1 width=8)
	  ->  Bitmap Heap Scan on sbtest8  (cost=34.41..3772.60 rows=973 width=121)
	        Recheck Cond: ((id >= 4330805) AND (id <= 4331804))
	        ->  Bitmap Index Scan on sbtest8_pkey  (cost=0.00..34.17 rows=973 width=0)
	              Index Cond: ((id >= 4330805) AND (id <= 4331804))

for: count_ranges
table 1 : explain SELECT count(c) FROM sbtest1 WHERE id BETWEEN 9644154 AND 9645153
	Aggregate  (cost=4331.68..4331.69 rows=1 width=8)
	  ->  Bitmap Heap Scan on sbtest1  (cost=35.94..4328.88 rows=1122 width=121)
	        Recheck Cond: ((id >= 9644154) AND (id <= 9645153))
	        ->  Bitmap Index Scan on sbtest1_pkey  (cost=0.00..35.66 rows=1122 width=0)
	              Index Cond: ((id >= 9644154) AND (id <= 9645153))

table 2 : explain SELECT count(c) FROM sbtest2 WHERE id BETWEEN 9333710 AND 9334709
	Aggregate  (cost=3948.61..3948.62 rows=1 width=8)
	  ->  Bitmap Heap Scan on sbtest2  (cost=34.88..3946.06 rows=1019 width=121)
	        Recheck Cond: ((id >= 9333710) AND (id <= 9334709))
	        ->  Bitmap Index Scan on sbtest2_pkey  (cost=0.00..34.62 rows=1019 width=0)
	              Index Cond: ((id >= 9333710) AND (id <= 9334709))

table 3 : explain SELECT count(c) FROM sbtest3 WHERE id BETWEEN 7772586 AND 7773585
	Aggregate  (cost=3915.10..3915.11 rows=1 width=8)
	  ->  Bitmap Heap Scan on sbtest3  (cost=34.79..3912.57 rows=1010 width=121)
	        Recheck Cond: ((id >= 7772586) AND (id <= 7773585))
	        ->  Bitmap Index Scan on sbtest3_pkey  (cost=0.00..34.54 rows=1010 width=0)
	              Index Cond: ((id >= 7772586) AND (id <= 7773585))

table 4 : explain SELECT count(c) FROM sbtest4 WHERE id BETWEEN 9024837 AND 9025836
	Aggregate  (cost=4031.52..4031.53 rows=1 width=8)
	  ->  Bitmap Heap Scan on sbtest4  (cost=35.08..4028.92 rows=1039 width=121)
	        Recheck Cond: ((id >= 9024837) AND (id <= 9025836))
	        ->  Bitmap Index Scan on sbtest4_pkey  (cost=0.00..34.83 rows=1039 width=0)
	              Index Cond: ((id >= 9024837) AND (id <= 9025836))

table 5 : explain SELECT count(c) FROM sbtest5 WHERE id BETWEEN 1180259 AND 1181258
	Aggregate  (cost=4212.72..4212.73 rows=1 width=8)
	  ->  Bitmap Heap Scan on sbtest5  (cost=35.58..4210.00 rows=1087 width=121)
	        Recheck Cond: ((id >= 1180259) AND (id <= 1181258))
	        ->  Bitmap Index Scan on sbtest5_pkey  (cost=0.00..35.31 rows=1087 width=0)
	              Index Cond: ((id >= 1180259) AND (id <= 1181258))

table 6 : explain SELECT count(c) FROM sbtest6 WHERE id BETWEEN 2551463 AND 2552462
	Aggregate  (cost=3564.27..3564.28 rows=1 width=8)
	  ->  Bitmap Heap Scan on sbtest6  (cost=29.84..3561.97 rows=918 width=121)
	        Recheck Cond: ((id >= 2551463) AND (id <= 2552462))
	        ->  Bitmap Index Scan on sbtest6_pkey  (cost=0.00..29.61 rows=918 width=0)
	              Index Cond: ((id >= 2551463) AND (id <= 2552462))

table 7 : explain SELECT count(c) FROM sbtest7 WHERE id BETWEEN 6219991 AND 6220990
	Aggregate  (cost=3883.65..3883.66 rows=1 width=8)
	  ->  Bitmap Heap Scan on sbtest7  (cost=34.71..3881.14 rows=1002 width=121)
	        Recheck Cond: ((id >= 6219991) AND (id <= 6220990))
	        ->  Bitmap Index Scan on sbtest7_pkey  (cost=0.00..34.45 rows=1002 width=0)
	              Index Cond: ((id >= 6219991) AND (id <= 6220990))

table 8 : explain SELECT count(c) FROM sbtest8 WHERE id BETWEEN 7777181 AND 7778180
	Aggregate  (cost=4520.09..4520.10 rows=1 width=8)
	  ->  Bitmap Heap Scan on sbtest8  (cost=40.44..4517.16 rows=1171 width=121)
	        Recheck Cond: ((id >= 7777181) AND (id <= 7778180))
	        ->  Bitmap Index Scan on sbtest8_pkey  (cost=0.00..40.15 rows=1171 width=0)
	              Index Cond: ((id >= 7777181) AND (id <= 7778180))

for: count_ranges
table 1 : explain SELECT count(c) FROM sbtest1 WHERE id BETWEEN 6726232 AND 6727231
	Aggregate  (cost=3929.20..3929.21 rows=1 width=8)
	  ->  Bitmap Heap Scan on sbtest1  (cost=34.83..3926.66 rows=1014 width=121)
	        Recheck Cond: ((id >= 6726232) AND (id <= 6727231))
	        ->  Bitmap Index Scan on sbtest1_pkey  (cost=0.00..34.58 rows=1014 width=0)
	              Index Cond: ((id >= 6726232) AND (id <= 6727231))

table 2 : explain SELECT count(c) FROM sbtest2 WHERE id BETWEEN 7113769 AND 7114768
	Aggregate  (cost=4287.27..4287.28 rows=1 width=8)
	  ->  Bitmap Heap Scan on sbtest2  (cost=35.81..4284.49 rows=1110 width=121)
	        Recheck Cond: ((id >= 7113769) AND (id <= 7114768))
	        ->  Bitmap Index Scan on sbtest2_pkey  (cost=0.00..35.54 rows=1110 width=0)
	              Index Cond: ((id >= 7113769) AND (id <= 7114768))

table 3 : explain SELECT count(c) FROM sbtest3 WHERE id BETWEEN 1612315 AND 1613314
	Aggregate  (cost=4129.79..4129.80 rows=1 width=8)
	  ->  Bitmap Heap Scan on sbtest3  (cost=35.37..4127.12 rows=1067 width=121)
	        Recheck Cond: ((id >= 1612315) AND (id <= 1613314))
	        ->  Bitmap Index Scan on sbtest3_pkey  (cost=0.00..35.11 rows=1067 width=0)
	              Index Cond: ((id >= 1612315) AND (id <= 1613314))

table 4 : explain SELECT count(c) FROM sbtest4 WHERE id BETWEEN 2386202 AND 2387201
	Aggregate  (cost=3793.34..3793.35 rows=1 width=8)
	  ->  Bitmap Heap Scan on sbtest4  (cost=34.44..3790.90 rows=976 width=121)
	        Recheck Cond: ((id >= 2386202) AND (id <= 2387201))
	        ->  Bitmap Index Scan on sbtest4_pkey  (cost=0.00..34.20 rows=976 width=0)
	              Index Cond: ((id >= 2386202) AND (id <= 2387201))

table 5 : explain SELECT count(c) FROM sbtest5 WHERE id BETWEEN 1955919 AND 1956918
	Aggregate  (cost=3770.68..3770.69 rows=1 width=8)
	  ->  Bitmap Heap Scan on sbtest5  (cost=34.38..3768.26 rows=970 width=121)
	        Recheck Cond: ((id >= 1955919) AND (id <= 1956918))
	        ->  Bitmap Index Scan on sbtest5_pkey  (cost=0.00..34.14 rows=970 width=0)
	              Index Cond: ((id >= 1955919) AND (id <= 1956918))

table 6 : explain SELECT count(c) FROM sbtest6 WHERE id BETWEEN 5571338 AND 5572337
	Aggregate  (cost=3934.60..3934.61 rows=1 width=8)
	  ->  Bitmap Heap Scan on sbtest6  (cost=34.84..3932.06 rows=1015 width=121)
	        Recheck Cond: ((id >= 5571338) AND (id <= 5572337))
	        ->  Bitmap Index Scan on sbtest6_pkey  (cost=0.00..34.59 rows=1015 width=0)
	              Index Cond: ((id >= 5571338) AND (id <= 5572337))

table 7 : explain SELECT count(c) FROM sbtest7 WHERE id BETWEEN 5078182 AND 5079181
	Aggregate  (cost=3951.47..3951.48 rows=1 width=8)
	  ->  Bitmap Heap Scan on sbtest7  (cost=34.89..3948.92 rows=1020 width=121)
	        Recheck Cond: ((id >= 5078182) AND (id <= 5079181))
	        ->  Bitmap Index Scan on sbtest7_pkey  (cost=0.00..34.64 rows=1020 width=0)
	              Index Cond: ((id >= 5078182) AND (id <= 5079181))

table 8 : explain SELECT count(c) FROM sbtest8 WHERE id BETWEEN 4001268 AND 4002267
	Aggregate  (cost=4057.72..4057.73 rows=1 width=8)
	  ->  Bitmap Heap Scan on sbtest8  (cost=35.18..4055.10 rows=1048 width=121)
	        Recheck Cond: ((id >= 4001268) AND (id <= 4002267))
	        ->  Bitmap Index Scan on sbtest8_pkey  (cost=0.00..34.92 rows=1048 width=0)
	              Index Cond: ((id >= 4001268) AND (id <= 4002267))

for: count_ranges
table 1 : explain SELECT count(c) FROM sbtest1 WHERE id BETWEEN 2215706 AND 2216705
	Aggregate  (cost=3846.27..3846.28 rows=1 width=8)
	  ->  Bitmap Heap Scan on sbtest1  (cost=34.60..3843.79 rows=992 width=121)
	        Recheck Cond: ((id >= 2215706) AND (id <= 2216705))
	        ->  Bitmap Index Scan on sbtest1_pkey  (cost=0.00..34.36 rows=992 width=0)
	              Index Cond: ((id >= 2215706) AND (id <= 2216705))

table 2 : explain SELECT count(c) FROM sbtest2 WHERE id BETWEEN 153744 AND 154743
	Aggregate  (cost=3892.07..3892.08 rows=1 width=8)
	  ->  Bitmap Heap Scan on sbtest2  (cost=34.73..3889.56 rows=1004 width=121)
	        Recheck Cond: ((id >= 153744) AND (id <= 154743))
	        ->  Bitmap Index Scan on sbtest2_pkey  (cost=0.00..34.48 rows=1004 width=0)
	              Index Cond: ((id >= 153744) AND (id <= 154743))

table 3 : explain SELECT count(c) FROM sbtest3 WHERE id BETWEEN 4352461 AND 4353460
	Aggregate  (cost=4043.21..4043.22 rows=1 width=8)
	  ->  Bitmap Heap Scan on sbtest3  (cost=35.14..4040.60 rows=1044 width=121)
	        Recheck Cond: ((id >= 4352461) AND (id <= 4353460))
	        ->  Bitmap Index Scan on sbtest3_pkey  (cost=0.00..34.88 rows=1044 width=0)
	              Index Cond: ((id >= 4352461) AND (id <= 4353460))

table 4 : explain SELECT count(c) FROM sbtest4 WHERE id BETWEEN 6932499 AND 6933498
	Aggregate  (cost=4035.29..4035.30 rows=1 width=8)
	  ->  Bitmap Heap Scan on sbtest4  (cost=35.09..4032.69 rows=1040 width=121)
	        Recheck Cond: ((id >= 6932499) AND (id <= 6933498))
	        ->  Bitmap Index Scan on sbtest4_pkey  (cost=0.00..34.84 rows=1040 width=0)
	              Index Cond: ((id >= 6932499) AND (id <= 6933498))

table 5 : explain SELECT count(c) FROM sbtest5 WHERE id BETWEEN 4161652 AND 4162651
	Aggregate  (cost=3641.91..3641.92 rows=1 width=8)
	  ->  Bitmap Heap Scan on sbtest5  (cost=34.03..3639.57 rows=936 width=121)
	        Recheck Cond: ((id >= 4161652) AND (id <= 4162651))
	        ->  Bitmap Index Scan on sbtest5_pkey  (cost=0.00..33.80 rows=936 width=0)
	              Index Cond: ((id >= 4161652) AND (id <= 4162651))

table 6 : explain SELECT count(c) FROM sbtest6 WHERE id BETWEEN 1996233 AND 1997232
	Aggregate  (cost=4190.69..4190.70 rows=1 width=8)
	  ->  Bitmap Heap Scan on sbtest6  (cost=35.54..4187.99 rows=1083 width=121)
	        Recheck Cond: ((id >= 1996233) AND (id <= 1997232))
	        ->  Bitmap Index Scan on sbtest6_pkey  (cost=0.00..35.27 rows=1083 width=0)
	              Index Cond: ((id >= 1996233) AND (id <= 1997232))

table 7 : explain SELECT count(c) FROM sbtest7 WHERE id BETWEEN 7589992 AND 7590991
	Aggregate  (cost=3849.72..3849.73 rows=1 width=8)
	  ->  Bitmap Heap Scan on sbtest7  (cost=34.61..3847.24 rows=993 width=121)
	        Recheck Cond: ((id >= 7589992) AND (id <= 7590991))
	        ->  Bitmap Index Scan on sbtest7_pkey  (cost=0.00..34.37 rows=993 width=0)
	              Index Cond: ((id >= 7589992) AND (id <= 7590991))

table 8 : explain SELECT count(c) FROM sbtest8 WHERE id BETWEEN 224761 AND 225760
	Aggregate  (cost=3873.11..3873.12 rows=1 width=8)
	  ->  Bitmap Heap Scan on sbtest8  (cost=34.67..3870.61 rows=999 width=121)
	        Recheck Cond: ((id >= 224761) AND (id <= 225760))
	        ->  Bitmap Index Scan on sbtest8_pkey  (cost=0.00..34.43 rows=999 width=0)
	              Index Cond: ((id >= 224761) AND (id <= 225760))

for: count_ranges
table 1 : explain SELECT count(c) FROM sbtest1 WHERE id BETWEEN 8502749 AND 8503748
	Aggregate  (cost=3725.53..3725.54 rows=1 width=8)
	  ->  Bitmap Heap Scan on sbtest1  (cost=34.28..3723.13 rows=960 width=121)
	        Recheck Cond: ((id >= 8502749) AND (id <= 8503748))
	        ->  Bitmap Index Scan on sbtest1_pkey  (cost=0.00..34.04 rows=960 width=0)
	              Index Cond: ((id >= 8502749) AND (id <= 8503748))

table 2 : explain SELECT count(c) FROM sbtest2 WHERE id BETWEEN 4541892 AND 4542891
	Aggregate  (cost=3986.28..3986.29 rows=1 width=8)
	  ->  Bitmap Heap Scan on sbtest2  (cost=34.98..3983.71 rows=1029 width=121)
	        Recheck Cond: ((id >= 4541892) AND (id <= 4542891))
	        ->  Bitmap Index Scan on sbtest2_pkey  (cost=0.00..34.73 rows=1029 width=0)
	              Index Cond: ((id >= 4541892) AND (id <= 4542891))

table 3 : explain SELECT count(c) FROM sbtest3 WHERE id BETWEEN 2378053 AND 2379052
	Aggregate  (cost=3593.96..3593.97 rows=1 width=8)
	  ->  Bitmap Heap Scan on sbtest3  (cost=29.93..3591.65 rows=926 width=121)
	        Recheck Cond: ((id >= 2378053) AND (id <= 2379052))
	        ->  Bitmap Index Scan on sbtest3_pkey  (cost=0.00..29.69 rows=926 width=0)
	              Index Cond: ((id >= 2378053) AND (id <= 2379052))

table 4 : explain SELECT count(c) FROM sbtest4 WHERE id BETWEEN 6103360 AND 6104359
	Aggregate  (cost=4091.93..4091.94 rows=1 width=8)
	  ->  Bitmap Heap Scan on sbtest4  (cost=35.25..4089.29 rows=1055 width=121)
	        Recheck Cond: ((id >= 6103360) AND (id <= 6104359))
	        ->  Bitmap Index Scan on sbtest4_pkey  (cost=0.00..34.98 rows=1055 width=0)
	              Index Cond: ((id >= 6103360) AND (id <= 6104359))

table 5 : explain SELECT count(c) FROM sbtest5 WHERE id BETWEEN 8846750 AND 8847749
	Aggregate  (cost=4012.69..4012.70 rows=1 width=8)
	  ->  Bitmap Heap Scan on sbtest5  (cost=35.03..4010.10 rows=1034 width=121)
	        Recheck Cond: ((id >= 8846750) AND (id <= 8847749))
	        ->  Bitmap Index Scan on sbtest5_pkey  (cost=0.00..34.78 rows=1034 width=0)
	              Index Cond: ((id >= 8846750) AND (id <= 8847749))

table 6 : explain SELECT count(c) FROM sbtest6 WHERE id BETWEEN 9710453 AND 9711452
	Aggregate  (cost=3783.68..3783.69 rows=1 width=8)
	  ->  Bitmap Heap Scan on sbtest6  (cost=34.43..3781.25 rows=975 width=121)
	        Recheck Cond: ((id >= 9710453) AND (id <= 9711452))
	        ->  Bitmap Index Scan on sbtest6_pkey  (cost=0.00..34.19 rows=975 width=0)
	              Index Cond: ((id >= 9710453) AND (id <= 9711452))

table 7 : explain SELECT count(c) FROM sbtest7 WHERE id BETWEEN 5570218 AND 5571217
	Aggregate  (cost=4169.73..4169.74 rows=1 width=8)
	  ->  Bitmap Heap Scan on sbtest7  (cost=35.48..4167.04 rows=1078 width=121)
	        Recheck Cond: ((id >= 5570218) AND (id <= 5571217))
	        ->  Bitmap Index Scan on sbtest7_pkey  (cost=0.00..35.22 rows=1078 width=0)
	              Index Cond: ((id >= 5570218) AND (id <= 5571217))

table 8 : explain SELECT count(c) FROM sbtest8 WHERE id BETWEEN 3450372 AND 3451371
	Aggregate  (cost=3623.96..3623.97 rows=1 width=8)
	  ->  Bitmap Heap Scan on sbtest8  (cost=34.00..3621.63 rows=933 width=121)
	        Recheck Cond: ((id >= 3450372) AND (id <= 3451371))
	        ->  Bitmap Index Scan on sbtest8_pkey  (cost=0.00..33.77 rows=933 width=0)
	              Index Cond: ((id >= 3450372) AND (id <= 3451371))

for: count_ranges
table 1 : explain SELECT count(c) FROM sbtest1 WHERE id BETWEEN 2235774 AND 2236773
	Aggregate  (cost=3846.27..3846.28 rows=1 width=8)
	  ->  Bitmap Heap Scan on sbtest1  (cost=34.60..3843.79 rows=992 width=121)
	        Recheck Cond: ((id >= 2235774) AND (id <= 2236773))
	        ->  Bitmap Index Scan on sbtest1_pkey  (cost=0.00..34.36 rows=992 width=0)
	              Index Cond: ((id >= 2235774) AND (id <= 2236773))

table 2 : explain SELECT count(c) FROM sbtest2 WHERE id BETWEEN 539061 AND 540060
	Aggregate  (cost=4039.01..4039.02 rows=1 width=8)
	  ->  Bitmap Heap Scan on sbtest2  (cost=35.13..4036.40 rows=1043 width=121)
	        Recheck Cond: ((id >= 539061) AND (id <= 540060))
	        ->  Bitmap Index Scan on sbtest2_pkey  (cost=0.00..34.87 rows=1043 width=0)
	              Index Cond: ((id >= 539061) AND (id <= 540060))

table 3 : explain SELECT count(c) FROM sbtest3 WHERE id BETWEEN 1168769 AND 1169768
	Aggregate  (cost=3711.33..3711.34 rows=1 width=8)
	  ->  Bitmap Heap Scan on sbtest3  (cost=34.23..3708.94 rows=956 width=121)
	        Recheck Cond: ((id >= 1168769) AND (id <= 1169768))
	        ->  Bitmap Index Scan on sbtest3_pkey  (cost=0.00..34.00 rows=956 width=0)
	              Index Cond: ((id >= 1168769) AND (id <= 1169768))

table 4 : explain SELECT count(c) FROM sbtest4 WHERE id BETWEEN 7742061 AND 7743060
	Aggregate  (cost=3887.92..3887.93 rows=1 width=8)
	  ->  Bitmap Heap Scan on sbtest4  (cost=34.70..3885.41 rows=1001 width=121)
	        Recheck Cond: ((id >= 7742061) AND (id <= 7743060))
	        ->  Bitmap Index Scan on sbtest4_pkey  (cost=0.00..34.45 rows=1001 width=0)
	              Index Cond: ((id >= 7742061) AND (id <= 7743060))

table 5 : explain SELECT count(c) FROM sbtest5 WHERE id BETWEEN 7751778 AND 7752777
	Aggregate  (cost=4322.26..4322.27 rows=1 width=8)
	  ->  Bitmap Heap Scan on sbtest5  (cost=39.86..4319.47 rows=1115 width=121)
	        Recheck Cond: ((id >= 7751778) AND (id <= 7752777))
	        ->  Bitmap Index Scan on sbtest5_pkey  (cost=0.00..39.59 rows=1115 width=0)
	              Index Cond: ((id >= 7751778) AND (id <= 7752777))

table 6 : explain SELECT count(c) FROM sbtest6 WHERE id BETWEEN 79253 AND 80252
	Aggregate  (cost=4032.59..4032.60 rows=1 width=8)
	  ->  Bitmap Heap Scan on sbtest6  (cost=35.11..4029.98 rows=1041 width=121)
	        Recheck Cond: ((id >= 79253) AND (id <= 80252))
	        ->  Bitmap Index Scan on sbtest6_pkey  (cost=0.00..34.84 rows=1041 width=0)
	              Index Cond: ((id >= 79253) AND (id <= 80252))

table 7 : explain SELECT count(c) FROM sbtest7 WHERE id BETWEEN 739646 AND 740645
	Aggregate  (cost=3695.03..3695.04 rows=1 width=8)
	  ->  Bitmap Heap Scan on sbtest7  (cost=34.19..3692.65 rows=952 width=121)
	        Recheck Cond: ((id >= 739646) AND (id <= 740645))
	        ->  Bitmap Index Scan on sbtest7_pkey  (cost=0.00..33.95 rows=952 width=0)
	              Index Cond: ((id >= 739646) AND (id <= 740645))

table 8 : explain SELECT count(c) FROM sbtest8 WHERE id BETWEEN 1685887 AND 1686886
	Aggregate  (cost=3827.85..3827.86 rows=1 width=8)
	  ->  Bitmap Heap Scan on sbtest8  (cost=34.55..3825.38 rows=987 width=121)
	        Recheck Cond: ((id >= 1685887) AND (id <= 1686886))
	        ->  Bitmap Index Scan on sbtest8_pkey  (cost=0.00..34.31 rows=987 width=0)
	              Index Cond: ((id >= 1685887) AND (id <= 1686886))

for: count_ranges
table 1 : explain SELECT count(c) FROM sbtest1 WHERE id BETWEEN 4462637 AND 4463636
	Aggregate  (cost=3782.14..3782.15 rows=1 width=8)
	  ->  Bitmap Heap Scan on sbtest1  (cost=34.43..3779.71 rows=975 width=121)
	        Recheck Cond: ((id >= 4462637) AND (id <= 4463636))
	        ->  Bitmap Index Scan on sbtest1_pkey  (cost=0.00..34.19 rows=975 width=0)
	              Index Cond: ((id >= 4462637) AND (id <= 4463636))

table 2 : explain SELECT count(c) FROM sbtest2 WHERE id BETWEEN 4013071 AND 4014070
	Aggregate  (cost=4212.08..4212.09 rows=1 width=8)
	  ->  Bitmap Heap Scan on sbtest2  (cost=35.60..4209.35 rows=1089 width=121)
	        Recheck Cond: ((id >= 4013071) AND (id <= 4014070))
	        ->  Bitmap Index Scan on sbtest2_pkey  (cost=0.00..35.33 rows=1089 width=0)
	              Index Cond: ((id >= 4013071) AND (id <= 4014070))

table 3 : explain SELECT count(c) FROM sbtest3 WHERE id BETWEEN 8438341 AND 8439340
	Aggregate  (cost=3522.10..3522.11 rows=1 width=8)
	  ->  Bitmap Heap Scan on sbtest3  (cost=29.73..3519.83 rows=907 width=121)
	        Recheck Cond: ((id >= 8438341) AND (id <= 8439340))
	        ->  Bitmap Index Scan on sbtest3_pkey  (cost=0.00..29.50 rows=907 width=0)
	              Index Cond: ((id >= 8438341) AND (id <= 8439340))

table 4 : explain SELECT count(c) FROM sbtest4 WHERE id BETWEEN 681261 AND 682260
	Aggregate  (cost=4091.93..4091.94 rows=1 width=8)
	  ->  Bitmap Heap Scan on sbtest4  (cost=35.25..4089.29 rows=1055 width=121)
	        Recheck Cond: ((id >= 681261) AND (id <= 682260))
	        ->  Bitmap Index Scan on sbtest4_pkey  (cost=0.00..34.98 rows=1055 width=0)
	              Index Cond: ((id >= 681261) AND (id <= 682260))

table 5 : explain SELECT count(c) FROM sbtest5 WHERE id BETWEEN 8873246 AND 8874245
	Aggregate  (cost=4012.69..4012.70 rows=1 width=8)
	  ->  Bitmap Heap Scan on sbtest5  (cost=35.03..4010.10 rows=1034 width=121)
	        Recheck Cond: ((id >= 8873246) AND (id <= 8874245))
	        ->  Bitmap Index Scan on sbtest5_pkey  (cost=0.00..34.78 rows=1034 width=0)
	              Index Cond: ((id >= 8873246) AND (id <= 8874245))

table 6 : explain SELECT count(c) FROM sbtest6 WHERE id BETWEEN 9969034 AND 9970033
	Aggregate  (cost=3719.48..3719.49 rows=1 width=8)
	  ->  Bitmap Heap Scan on sbtest6  (cost=34.25..3717.09 rows=958 width=121)
	        Recheck Cond: ((id >= 9969034) AND (id <= 9970033))
	        ->  Bitmap Index Scan on sbtest6_pkey  (cost=0.00..34.02 rows=958 width=0)
	              Index Cond: ((id >= 9969034) AND (id <= 9970033))

table 7 : explain SELECT count(c) FROM sbtest7 WHERE id BETWEEN 240684 AND 241683
	Aggregate  (cost=4007.96..4007.97 rows=1 width=8)
	  ->  Bitmap Heap Scan on sbtest7  (cost=35.04..4005.37 rows=1035 width=121)
	        Recheck Cond: ((id >= 240684) AND (id <= 241683))
	        ->  Bitmap Index Scan on sbtest7_pkey  (cost=0.00..34.79 rows=1035 width=0)
	              Index Cond: ((id >= 240684) AND (id <= 241683))

table 8 : explain SELECT count(c) FROM sbtest8 WHERE id BETWEEN 891977 AND 892976
	Aggregate  (cost=3631.52..3631.53 rows=1 width=8)
	  ->  Bitmap Heap Scan on sbtest8  (cost=34.02..3629.18 rows=935 width=121)
	        Recheck Cond: ((id >= 891977) AND (id <= 892976))
	        ->  Bitmap Index Scan on sbtest8_pkey  (cost=0.00..33.79 rows=935 width=0)
	              Index Cond: ((id >= 891977) AND (id <= 892976))

for: count_ranges
table 1 : explain SELECT count(c) FROM sbtest1 WHERE id BETWEEN 116788 AND 117787
	Aggregate  (cost=3876.43..3876.44 rows=1 width=8)
	  ->  Bitmap Heap Scan on sbtest1  (cost=34.69..3873.93 rows=1000 width=121)
	        Recheck Cond: ((id >= 116788) AND (id <= 117787))
	        ->  Bitmap Index Scan on sbtest1_pkey  (cost=0.00..34.44 rows=1000 width=0)
	              Index Cond: ((id >= 116788) AND (id <= 117787))

table 2 : explain SELECT count(c) FROM sbtest2 WHERE id BETWEEN 3198647 AND 3199646
	Aggregate  (cost=3914.69..3914.70 rows=1 width=8)
	  ->  Bitmap Heap Scan on sbtest2  (cost=34.79..3912.16 rows=1010 width=121)
	        Recheck Cond: ((id >= 3198647) AND (id <= 3199646))
	        ->  Bitmap Index Scan on sbtest2_pkey  (cost=0.00..34.54 rows=1010 width=0)
	              Index Cond: ((id >= 3198647) AND (id <= 3199646))

table 3 : explain SELECT count(c) FROM sbtest3 WHERE id BETWEEN 5058005 AND 5059004
	Aggregate  (cost=4013.08..4013.09 rows=1 width=8)
	  ->  Bitmap Heap Scan on sbtest3  (cost=35.05..4010.49 rows=1036 width=121)
	        Recheck Cond: ((id >= 5058005) AND (id <= 5059004))
	        ->  Bitmap Index Scan on sbtest3_pkey  (cost=0.00..34.80 rows=1036 width=0)
	              Index Cond: ((id >= 5058005) AND (id <= 5059004))

table 4 : explain SELECT count(c) FROM sbtest4 WHERE id BETWEEN 942585 AND 943584
	Aggregate  (cost=3505.16..3505.17 rows=1 width=8)
	  ->  Bitmap Heap Scan on sbtest4  (cost=29.67..3502.91 rows=901 width=121)
	        Recheck Cond: ((id >= 942585) AND (id <= 943584))
	        ->  Bitmap Index Scan on sbtest4_pkey  (cost=0.00..29.44 rows=901 width=0)
	              Index Cond: ((id >= 942585) AND (id <= 943584))

table 5 : explain SELECT count(c) FROM sbtest5 WHERE id BETWEEN 378584 AND 379583
	Aggregate  (cost=3937.11..3937.12 rows=1 width=8)
	  ->  Bitmap Heap Scan on sbtest5  (cost=34.83..3934.58 rows=1014 width=121)
	        Recheck Cond: ((id >= 378584) AND (id <= 379583))
	        ->  Bitmap Index Scan on sbtest5_pkey  (cost=0.00..34.58 rows=1014 width=0)
	              Index Cond: ((id >= 378584) AND (id <= 379583))

table 6 : explain SELECT count(c) FROM sbtest6 WHERE id BETWEEN 3193882 AND 3194881
	Aggregate  (cost=4145.54..4145.55 rows=1 width=8)
	  ->  Bitmap Heap Scan on sbtest6  (cost=35.41..4142.86 rows=1071 width=121)
	        Recheck Cond: ((id >= 3193882) AND (id <= 3194881))
	        ->  Bitmap Index Scan on sbtest6_pkey  (cost=0.00..35.15 rows=1071 width=0)
	              Index Cond: ((id >= 3193882) AND (id <= 3194881))

table 7 : explain SELECT count(c) FROM sbtest7 WHERE id BETWEEN 4070615 AND 4071614
	Aggregate  (cost=3932.64..3932.65 rows=1 width=8)
	  ->  Bitmap Heap Scan on sbtest7  (cost=34.84..3930.10 rows=1015 width=121)
	        Recheck Cond: ((id >= 4070615) AND (id <= 4071614))
	        ->  Bitmap Index Scan on sbtest7_pkey  (cost=0.00..34.59 rows=1015 width=0)
	              Index Cond: ((id >= 4070615) AND (id <= 4071614))

table 8 : explain SELECT count(c) FROM sbtest8 WHERE id BETWEEN 735204 AND 736203
	Aggregate  (cost=3775.03..3775.04 rows=1 width=8)
	  ->  Bitmap Heap Scan on sbtest8  (cost=34.41..3772.60 rows=973 width=121)
	        Recheck Cond: ((id >= 735204) AND (id <= 736203))
	        ->  Bitmap Index Scan on sbtest8_pkey  (cost=0.00..34.17 rows=973 width=0)
	              Index Cond: ((id >= 735204) AND (id <= 736203))

for: count_ranges
table 1 : explain SELECT count(c) FROM sbtest1 WHERE id BETWEEN 5025478 AND 5026477
	Aggregate  (cost=4000.77..4000.78 rows=1 width=8)
	  ->  Bitmap Heap Scan on sbtest1  (cost=35.02..3998.18 rows=1033 width=121)
	        Recheck Cond: ((id >= 5025478) AND (id <= 5026477))
	        ->  Bitmap Index Scan on sbtest1_pkey  (cost=0.00..34.77 rows=1033 width=0)
	              Index Cond: ((id >= 5025478) AND (id <= 5026477))

table 2 : explain SELECT count(c) FROM sbtest2 WHERE id BETWEEN 1072807 AND 1073806
	Aggregate  (cost=4054.07..4054.08 rows=1 width=8)
	  ->  Bitmap Heap Scan on sbtest2  (cost=35.17..4051.45 rows=1047 width=121)
	        Recheck Cond: ((id >= 1072807) AND (id <= 1073806))
	        ->  Bitmap Index Scan on sbtest2_pkey  (cost=0.00..34.91 rows=1047 width=0)
	              Index Cond: ((id >= 1072807) AND (id <= 1073806))

table 3 : explain SELECT count(c) FROM sbtest3 WHERE id BETWEEN 8787416 AND 8788415
	Aggregate  (cost=4054.50..4054.51 rows=1 width=8)
	  ->  Bitmap Heap Scan on sbtest3  (cost=35.17..4051.89 rows=1047 width=121)
	        Recheck Cond: ((id >= 8787416) AND (id <= 8788415))
	        ->  Bitmap Index Scan on sbtest3_pkey  (cost=0.00..34.91 rows=1047 width=0)
	              Index Cond: ((id >= 8787416) AND (id <= 8788415))

table 4 : explain SELECT count(c) FROM sbtest4 WHERE id BETWEEN 7834707 AND 7835706
	Aggregate  (cost=3959.74..3959.75 rows=1 width=8)
	  ->  Bitmap Heap Scan on sbtest4  (cost=34.89..3957.19 rows=1020 width=121)
	        Recheck Cond: ((id >= 7834707) AND (id <= 7835706))
	        ->  Bitmap Index Scan on sbtest4_pkey  (cost=0.00..34.64 rows=1020 width=0)
	              Index Cond: ((id >= 7834707) AND (id <= 7835706))

table 5 : explain SELECT count(c) FROM sbtest5 WHERE id BETWEEN 3010856 AND 3011855
	Aggregate  (cost=3774.47..3774.48 rows=1 width=8)
	  ->  Bitmap Heap Scan on sbtest5  (cost=34.39..3772.04 rows=971 width=121)
	        Recheck Cond: ((id >= 3010856) AND (id <= 3011855))
	        ->  Bitmap Index Scan on sbtest5_pkey  (cost=0.00..34.15 rows=971 width=0)
	              Index Cond: ((id >= 3010856) AND (id <= 3011855))

table 6 : explain SELECT count(c) FROM sbtest6 WHERE id BETWEEN 5467014 AND 5468013
	Aggregate  (cost=3764.80..3764.81 rows=1 width=8)
	  ->  Bitmap Heap Scan on sbtest6  (cost=34.38..3762.38 rows=970 width=121)
	        Recheck Cond: ((id >= 5467014) AND (id <= 5468013))
	        ->  Bitmap Index Scan on sbtest6_pkey  (cost=0.00..34.14 rows=970 width=0)
	              Index Cond: ((id >= 5467014) AND (id <= 5468013))

table 7 : explain SELECT count(c) FROM sbtest7 WHERE id BETWEEN 157967 AND 158966
	Aggregate  (cost=3649.71..3649.72 rows=1 width=8)
	  ->  Bitmap Heap Scan on sbtest7  (cost=34.07..3647.36 rows=940 width=121)
	        Recheck Cond: ((id >= 157967) AND (id <= 158966))
	        ->  Bitmap Index Scan on sbtest7_pkey  (cost=0.00..33.84 rows=940 width=0)
	              Index Cond: ((id >= 157967) AND (id <= 158966))

table 8 : explain SELECT count(c) FROM sbtest8 WHERE id BETWEEN 2187780 AND 2188779
	Aggregate  (cost=3959.80..3959.81 rows=1 width=8)
	  ->  Bitmap Heap Scan on sbtest8  (cost=34.91..3957.25 rows=1022 width=121)
	        Recheck Cond: ((id >= 2187780) AND (id <= 2188779))
	        ->  Bitmap Index Scan on sbtest8_pkey  (cost=0.00..34.66 rows=1022 width=0)
	              Index Cond: ((id >= 2187780) AND (id <= 2188779))

for: count_ranges
table 1 : explain SELECT count(c) FROM sbtest1 WHERE id BETWEEN 9174806 AND 9175805
	Aggregate  (cost=4170.09..4170.10 rows=1 width=8)
	  ->  Bitmap Heap Scan on sbtest1  (cost=35.48..4167.40 rows=1078 width=121)
	        Recheck Cond: ((id >= 9174806) AND (id <= 9175805))
	        ->  Bitmap Index Scan on sbtest1_pkey  (cost=0.00..35.22 rows=1078 width=0)
	              Index Cond: ((id >= 9174806) AND (id <= 9175805))

table 2 : explain SELECT count(c) FROM sbtest2 WHERE id BETWEEN 4452868 AND 4453867
	Aggregate  (cost=4012.65..4012.66 rows=1 width=8)
	  ->  Bitmap Heap Scan on sbtest2  (cost=35.05..4010.06 rows=1036 width=121)
	        Recheck Cond: ((id >= 4452868) AND (id <= 4453867))
	        ->  Bitmap Index Scan on sbtest2_pkey  (cost=0.00..34.80 rows=1036 width=0)
	              Index Cond: ((id >= 4452868) AND (id <= 4453867))

table 3 : explain SELECT count(c) FROM sbtest3 WHERE id BETWEEN 850781 AND 851780
	Aggregate  (cost=3903.79..3903.80 rows=1 width=8)
	  ->  Bitmap Heap Scan on sbtest3  (cost=34.76..3901.27 rows=1007 width=121)
	        Recheck Cond: ((id >= 850781) AND (id <= 851780))
	        ->  Bitmap Index Scan on sbtest3_pkey  (cost=0.00..34.51 rows=1007 width=0)
	              Index Cond: ((id >= 850781) AND (id <= 851780))

table 4 : explain SELECT count(c) FROM sbtest4 WHERE id BETWEEN 6664903 AND 6665902
	Aggregate  (cost=4023.96..4023.97 rows=1 width=8)
	  ->  Bitmap Heap Scan on sbtest4  (cost=35.06..4021.37 rows=1037 width=121)
	        Recheck Cond: ((id >= 6664903) AND (id <= 6665902))
	        ->  Bitmap Index Scan on sbtest4_pkey  (cost=0.00..34.81 rows=1037 width=0)
	              Index Cond: ((id >= 6664903) AND (id <= 6665902))

table 5 : explain SELECT count(c) FROM sbtest5 WHERE id BETWEEN 2624954 AND 2625953
	Aggregate  (cost=3645.70..3645.71 rows=1 width=8)
	  ->  Bitmap Heap Scan on sbtest5  (cost=34.04..3643.36 rows=937 width=121)
	        Recheck Cond: ((id >= 2624954) AND (id <= 2625953))
	        ->  Bitmap Index Scan on sbtest5_pkey  (cost=0.00..33.81 rows=937 width=0)
	              Index Cond: ((id >= 2624954) AND (id <= 2625953))

table 6 : explain SELECT count(c) FROM sbtest6 WHERE id BETWEEN 2610373 AND 2611372
	Aggregate  (cost=3560.49..3560.50 rows=1 width=8)
	  ->  Bitmap Heap Scan on sbtest6  (cost=29.83..3558.19 rows=917 width=121)
	        Recheck Cond: ((id >= 2610373) AND (id <= 2611372))
	        ->  Bitmap Index Scan on sbtest6_pkey  (cost=0.00..29.61 rows=917 width=0)
	              Index Cond: ((id >= 2610373) AND (id <= 2611372))

table 7 : explain SELECT count(c) FROM sbtest7 WHERE id BETWEEN 4657542 AND 4658541
	Aggregate  (cost=3977.84..3977.85 rows=1 width=8)
	  ->  Bitmap Heap Scan on sbtest7  (cost=34.96..3975.27 rows=1027 width=121)
	        Recheck Cond: ((id >= 4657542) AND (id <= 4658541))
	        ->  Bitmap Index Scan on sbtest7_pkey  (cost=0.00..34.70 rows=1027 width=0)
	              Index Cond: ((id >= 4657542) AND (id <= 4658541))

table 8 : explain SELECT count(c) FROM sbtest8 WHERE id BETWEEN 1594355 AND 1595354
	Aggregate  (cost=3801.44..3801.45 rows=1 width=8)
	  ->  Bitmap Heap Scan on sbtest8  (cost=34.48..3798.99 rows=980 width=121)
	        Recheck Cond: ((id >= 1594355) AND (id <= 1595354))
	        ->  Bitmap Index Scan on sbtest8_pkey  (cost=0.00..34.23 rows=980 width=0)
	              Index Cond: ((id >= 1594355) AND (id <= 1595354))

for: count_ranges
table 1 : explain SELECT count(c) FROM sbtest1 WHERE id BETWEEN 9161253 AND 9162252
	Aggregate  (cost=4170.09..4170.10 rows=1 width=8)
	  ->  Bitmap Heap Scan on sbtest1  (cost=35.48..4167.40 rows=1078 width=121)
	        Recheck Cond: ((id >= 9161253) AND (id <= 9162252))
	        ->  Bitmap Index Scan on sbtest1_pkey  (cost=0.00..35.22 rows=1078 width=0)
	              Index Cond: ((id >= 9161253) AND (id <= 9162252))

table 2 : explain SELECT count(c) FROM sbtest2 WHERE id BETWEEN 6761074 AND 6762073
	Aggregate  (cost=3710.95..3710.96 rows=1 width=8)
	  ->  Bitmap Heap Scan on sbtest2  (cost=34.23..3708.56 rows=956 width=121)
	        Recheck Cond: ((id >= 6761074) AND (id <= 6762073))
	        ->  Bitmap Index Scan on sbtest2_pkey  (cost=0.00..34.00 rows=956 width=0)
	              Index Cond: ((id >= 6761074) AND (id <= 6762073))

table 3 : explain SELECT count(c) FROM sbtest3 WHERE id BETWEEN 1519766 AND 1520765
	Aggregate  (cost=3918.87..3918.88 rows=1 width=8)
	  ->  Bitmap Heap Scan on sbtest3  (cost=34.80..3916.34 rows=1011 width=121)
	        Recheck Cond: ((id >= 1519766) AND (id <= 1520765))
	        ->  Bitmap Index Scan on sbtest3_pkey  (cost=0.00..34.55 rows=1011 width=0)
	              Index Cond: ((id >= 1519766) AND (id <= 1520765))

table 4 : explain SELECT count(c) FROM sbtest4 WHERE id BETWEEN 9833546 AND 9834545
	Aggregate  (cost=3725.21..3725.22 rows=1 width=8)
	  ->  Bitmap Heap Scan on sbtest4  (cost=34.25..3722.81 rows=958 width=121)
	        Recheck Cond: ((id >= 9833546) AND (id <= 9834545))
	        ->  Bitmap Index Scan on sbtest4_pkey  (cost=0.00..34.02 rows=958 width=0)
	              Index Cond: ((id >= 9833546) AND (id <= 9834545))

table 5 : explain SELECT count(c) FROM sbtest5 WHERE id BETWEEN 3765217 AND 3766216
	Aggregate  (cost=4246.65..4246.66 rows=1 width=8)
	  ->  Bitmap Heap Scan on sbtest5  (cost=35.67..4243.91 rows=1096 width=121)
	        Recheck Cond: ((id >= 3765217) AND (id <= 3766216))
	        ->  Bitmap Index Scan on sbtest5_pkey  (cost=0.00..35.40 rows=1096 width=0)
	              Index Cond: ((id >= 3765217) AND (id <= 3766216))

table 6 : explain SELECT count(c) FROM sbtest6 WHERE id BETWEEN 9886725 AND 9887724
	Aggregate  (cost=4551.55..4551.56 rows=1 width=8)
	  ->  Bitmap Heap Scan on sbtest6  (cost=40.52..4548.60 rows=1179 width=121)
	        Recheck Cond: ((id >= 9886725) AND (id <= 9887724))
	        ->  Bitmap Index Scan on sbtest6_pkey  (cost=0.00..40.23 rows=1179 width=0)
	              Index Cond: ((id >= 9886725) AND (id <= 9887724))

table 7 : explain SELECT count(c) FROM sbtest7 WHERE id BETWEEN 5822885 AND 5823884
	Aggregate  (cost=3759.20..3759.21 rows=1 width=8)
	  ->  Bitmap Heap Scan on sbtest7  (cost=34.37..3756.77 rows=969 width=121)
	        Recheck Cond: ((id >= 5822885) AND (id <= 5823884))
	        ->  Bitmap Index Scan on sbtest7_pkey  (cost=0.00..34.12 rows=969 width=0)
	              Index Cond: ((id >= 5822885) AND (id <= 5823884))

table 8 : explain SELECT count(c) FROM sbtest8 WHERE id BETWEEN 4984743 AND 4985742
	Aggregate  (cost=4020.07..4020.08 rows=1 width=8)
	  ->  Bitmap Heap Scan on sbtest8  (cost=35.07..4017.47 rows=1038 width=121)
	        Recheck Cond: ((id >= 4984743) AND (id <= 4985742))
	        ->  Bitmap Index Scan on sbtest8_pkey  (cost=0.00..34.82 rows=1038 width=0)
	              Index Cond: ((id >= 4984743) AND (id <= 4985742))

for: count_ranges
table 1 : explain SELECT count(c) FROM sbtest1 WHERE id BETWEEN 3540482 AND 3541481
	Aggregate  (cost=3714.21..3714.22 rows=1 width=8)
	  ->  Bitmap Heap Scan on sbtest1  (cost=34.24..3711.81 rows=957 width=121)
	        Recheck Cond: ((id >= 3540482) AND (id <= 3541481))
	        ->  Bitmap Index Scan on sbtest1_pkey  (cost=0.00..34.01 rows=957 width=0)
	              Index Cond: ((id >= 3540482) AND (id <= 3541481))

table 2 : explain SELECT count(c) FROM sbtest2 WHERE id BETWEEN 4281549 AND 4282548
	Aggregate  (cost=3835.50..3835.51 rows=1 width=8)
	  ->  Bitmap Heap Scan on sbtest2  (cost=34.57..3833.03 rows=989 width=121)
	        Recheck Cond: ((id >= 4281549) AND (id <= 4282548))
	        ->  Bitmap Index Scan on sbtest2_pkey  (cost=0.00..34.33 rows=989 width=0)
	              Index Cond: ((id >= 4281549) AND (id <= 4282548))

table 3 : explain SELECT count(c) FROM sbtest3 WHERE id BETWEEN 4636156 AND 4637155
	Aggregate  (cost=4005.54..4005.55 rows=1 width=8)
	  ->  Bitmap Heap Scan on sbtest3  (cost=35.03..4002.96 rows=1034 width=121)
	        Recheck Cond: ((id >= 4636156) AND (id <= 4637155))
	        ->  Bitmap Index Scan on sbtest3_pkey  (cost=0.00..34.78 rows=1034 width=0)
	              Index Cond: ((id >= 4636156) AND (id <= 4637155))

table 4 : explain SELECT count(c) FROM sbtest4 WHERE id BETWEEN 3707040 AND 3708039
	Aggregate  (cost=4408.82..4408.83 rows=1 width=8)
	  ->  Bitmap Heap Scan on sbtest4  (cost=40.10..4405.98 rows=1138 width=121)
	        Recheck Cond: ((id >= 3707040) AND (id <= 3708039))
	        ->  Bitmap Index Scan on sbtest4_pkey  (cost=0.00..39.82 rows=1138 width=0)
	              Index Cond: ((id >= 3707040) AND (id <= 3708039))

table 5 : explain SELECT count(c) FROM sbtest5 WHERE id BETWEEN 2104469 AND 2105468
	Aggregate  (cost=3835.02..3835.03 rows=1 width=8)
	  ->  Bitmap Heap Scan on sbtest5  (cost=34.55..3832.55 rows=987 width=121)
	        Recheck Cond: ((id >= 2104469) AND (id <= 2105468))
	        ->  Bitmap Index Scan on sbtest5_pkey  (cost=0.00..34.31 rows=987 width=0)
	              Index Cond: ((id >= 2104469) AND (id <= 2105468))

table 6 : explain SELECT count(c) FROM sbtest6 WHERE id BETWEEN 7169083 AND 7170082
	Aggregate  (cost=3964.76..3964.77 rows=1 width=8)
	  ->  Bitmap Heap Scan on sbtest6  (cost=34.92..3962.20 rows=1023 width=121)
	        Recheck Cond: ((id >= 7169083) AND (id <= 7170082))
	        ->  Bitmap Index Scan on sbtest6_pkey  (cost=0.00..34.67 rows=1023 width=0)
	              Index Cond: ((id >= 7169083) AND (id <= 7170082))

table 7 : explain SELECT count(c) FROM sbtest7 WHERE id BETWEEN 8182024 AND 8183023
	Aggregate  (cost=3898.72..3898.73 rows=1 width=8)
	  ->  Bitmap Heap Scan on sbtest7  (cost=34.75..3896.21 rows=1006 width=121)
	        Recheck Cond: ((id >= 8182024) AND (id <= 8183023))
	        ->  Bitmap Index Scan on sbtest7_pkey  (cost=0.00..34.50 rows=1006 width=0)
	              Index Cond: ((id >= 8182024) AND (id <= 8183023))

table 8 : explain SELECT count(c) FROM sbtest8 WHERE id BETWEEN 9563714 AND 9564713
	Aggregate  (cost=3959.80..3959.81 rows=1 width=8)
	  ->  Bitmap Heap Scan on sbtest8  (cost=34.91..3957.25 rows=1022 width=121)
	        Recheck Cond: ((id >= 9563714) AND (id <= 9564713))
	        ->  Bitmap Index Scan on sbtest8_pkey  (cost=0.00..34.66 rows=1022 width=0)
	              Index Cond: ((id >= 9563714) AND (id <= 9564713))

for: count_ranges
table 1 : explain SELECT count(c) FROM sbtest1 WHERE id BETWEEN 8779717 AND 8780716
	Aggregate  (cost=3419.10..3419.11 rows=1 width=8)
	  ->  Bitmap Heap Scan on sbtest1  (cost=29.45..3416.90 rows=880 width=121)
	        Recheck Cond: ((id >= 8779717) AND (id <= 8780716))
	        ->  Bitmap Index Scan on sbtest1_pkey  (cost=0.00..29.23 rows=880 width=0)
	              Index Cond: ((id >= 8779717) AND (id <= 8780716))

table 2 : explain SELECT count(c) FROM sbtest2 WHERE id BETWEEN 5373677 AND 5374676
	Aggregate  (cost=3827.96..3827.97 rows=1 width=8)
	  ->  Bitmap Heap Scan on sbtest2  (cost=34.55..3825.49 rows=987 width=121)
	        Recheck Cond: ((id >= 5373677) AND (id <= 5374676))
	        ->  Bitmap Index Scan on sbtest2_pkey  (cost=0.00..34.31 rows=987 width=0)
	              Index Cond: ((id >= 5373677) AND (id <= 5374676))

table 3 : explain SELECT count(c) FROM sbtest3 WHERE id BETWEEN 3455910 AND 3456909
	Aggregate  (cost=3817.04..3817.05 rows=1 width=8)
	  ->  Bitmap Heap Scan on sbtest3  (cost=34.52..3814.58 rows=984 width=121)
	        Recheck Cond: ((id >= 3455910) AND (id <= 3456909))
	        ->  Bitmap Index Scan on sbtest3_pkey  (cost=0.00..34.28 rows=984 width=0)
	              Index Cond: ((id >= 3455910) AND (id <= 3456909))

table 4 : explain SELECT count(c) FROM sbtest4 WHERE id BETWEEN 5219398 AND 5220397
	Aggregate  (cost=3759.28..3759.29 rows=1 width=8)
	  ->  Bitmap Heap Scan on sbtest4  (cost=34.35..3756.86 rows=967 width=121)
	        Recheck Cond: ((id >= 5219398) AND (id <= 5220397))
	        ->  Bitmap Index Scan on sbtest4_pkey  (cost=0.00..34.11 rows=967 width=0)
	              Index Cond: ((id >= 5219398) AND (id <= 5220397))

table 5 : explain SELECT count(c) FROM sbtest5 WHERE id BETWEEN 8594010 AND 8595009
	Aggregate  (cost=3554.51..3554.52 rows=1 width=8)
	  ->  Bitmap Heap Scan on sbtest5  (cost=29.80..3552.23 rows=914 width=121)
	        Recheck Cond: ((id >= 8594010) AND (id <= 8595009))
	        ->  Bitmap Index Scan on sbtest5_pkey  (cost=0.00..29.57 rows=914 width=0)
	              Index Cond: ((id >= 8594010) AND (id <= 8595009))

table 6 : explain SELECT count(c) FROM sbtest6 WHERE id BETWEEN 6438418 AND 6439417
	Aggregate  (cost=3674.14..3674.15 rows=1 width=8)
	  ->  Bitmap Heap Scan on sbtest6  (cost=34.13..3671.77 rows=946 width=121)
	        Recheck Cond: ((id >= 6438418) AND (id <= 6439417))
	        ->  Bitmap Index Scan on sbtest6_pkey  (cost=0.00..33.90 rows=946 width=0)
	              Index Cond: ((id >= 6438418) AND (id <= 6439417))

table 7 : explain SELECT count(c) FROM sbtest7 WHERE id BETWEEN 938025 AND 939024
	Aggregate  (cost=4120.85..4120.86 rows=1 width=8)
	  ->  Bitmap Heap Scan on sbtest7  (cost=35.35..4118.19 rows=1065 width=121)
	        Recheck Cond: ((id >= 938025) AND (id <= 939024))
	        ->  Bitmap Index Scan on sbtest7_pkey  (cost=0.00..35.09 rows=1065 width=0)
	              Index Cond: ((id >= 938025) AND (id <= 939024))

table 8 : explain SELECT count(c) FROM sbtest8 WHERE id BETWEEN 3631691 AND 3632690
	Aggregate  (cost=3820.31..3820.32 rows=1 width=8)
	  ->  Bitmap Heap Scan on sbtest8  (cost=34.53..3817.84 rows=985 width=121)
	        Recheck Cond: ((id >= 3631691) AND (id <= 3632690))
	        ->  Bitmap Index Scan on sbtest8_pkey  (cost=0.00..34.29 rows=985 width=0)
	              Index Cond: ((id >= 3631691) AND (id <= 3632690))

for: count_ranges
table 1 : explain SELECT count(c) FROM sbtest1 WHERE id BETWEEN 8084100 AND 8085099
	Aggregate  (cost=3793.46..3793.47 rows=1 width=8)
	  ->  Bitmap Heap Scan on sbtest1  (cost=34.46..3791.02 rows=978 width=121)
	        Recheck Cond: ((id >= 8084100) AND (id <= 8085099))
	        ->  Bitmap Index Scan on sbtest1_pkey  (cost=0.00..34.22 rows=978 width=0)
	              Index Cond: ((id >= 8084100) AND (id <= 8085099))

table 2 : explain SELECT count(c) FROM sbtest2 WHERE id BETWEEN 195365 AND 196364
	Aggregate  (cost=3892.07..3892.08 rows=1 width=8)
	  ->  Bitmap Heap Scan on sbtest2  (cost=34.73..3889.56 rows=1004 width=121)
	        Recheck Cond: ((id >= 195365) AND (id <= 196364))
	        ->  Bitmap Index Scan on sbtest2_pkey  (cost=0.00..34.48 rows=1004 width=0)
	              Index Cond: ((id >= 195365) AND (id <= 196364))

table 3 : explain SELECT count(c) FROM sbtest3 WHERE id BETWEEN 3416933 AND 3417932
	Aggregate  (cost=3817.04..3817.05 rows=1 width=8)
	  ->  Bitmap Heap Scan on sbtest3  (cost=34.52..3814.58 rows=984 width=121)
	        Recheck Cond: ((id >= 3416933) AND (id <= 3417932))
	        ->  Bitmap Index Scan on sbtest3_pkey  (cost=0.00..34.28 rows=984 width=0)
	              Index Cond: ((id >= 3416933) AND (id <= 3417932))

table 4 : explain SELECT count(c) FROM sbtest4 WHERE id BETWEEN 8553316 AND 8554315
	Aggregate  (cost=3971.07..3971.08 rows=1 width=8)
	  ->  Bitmap Heap Scan on sbtest4  (cost=34.92..3968.52 rows=1023 width=121)
	        Recheck Cond: ((id >= 8553316) AND (id <= 8554315))
	        ->  Bitmap Index Scan on sbtest4_pkey  (cost=0.00..34.67 rows=1023 width=0)
	              Index Cond: ((id >= 8553316) AND (id <= 8554315))

table 5 : explain SELECT count(c) FROM sbtest5 WHERE id BETWEEN 4580825 AND 4581824
	Aggregate  (cost=3747.97..3747.98 rows=1 width=8)
	  ->  Bitmap Heap Scan on sbtest5  (cost=34.32..3745.56 rows=964 width=121)
	        Recheck Cond: ((id >= 4580825) AND (id <= 4581824))
	        ->  Bitmap Index Scan on sbtest5_pkey  (cost=0.00..34.08 rows=964 width=0)
	              Index Cond: ((id >= 4580825) AND (id <= 4581824))

table 6 : explain SELECT count(c) FROM sbtest6 WHERE id BETWEEN 819204 AND 820203
	Aggregate  (cost=3749.70..3749.71 rows=1 width=8)
	  ->  Bitmap Heap Scan on sbtest6  (cost=34.34..3747.28 rows=966 width=121)
	        Recheck Cond: ((id >= 819204) AND (id <= 820203))
	        ->  Bitmap Index Scan on sbtest6_pkey  (cost=0.00..34.09 rows=966 width=0)
	              Index Cond: ((id >= 819204) AND (id <= 820203))

table 7 : explain SELECT count(c) FROM sbtest7 WHERE id BETWEEN 3213683 AND 3214682
	Aggregate  (cost=3872.34..3872.35 rows=1 width=8)
	  ->  Bitmap Heap Scan on sbtest7  (cost=34.67..3869.84 rows=999 width=121)
	        Recheck Cond: ((id >= 3213683) AND (id <= 3214682))
	        ->  Bitmap Index Scan on sbtest7_pkey  (cost=0.00..34.43 rows=999 width=0)
	              Index Cond: ((id >= 3213683) AND (id <= 3214682))

table 8 : explain SELECT count(c) FROM sbtest8 WHERE id BETWEEN 6004945 AND 6005944
	Aggregate  (cost=3355.08..3355.09 rows=1 width=8)
	  ->  Bitmap Heap Scan on sbtest8  (cost=29.28..3352.92 rows=863 width=121)
	        Recheck Cond: ((id >= 6004945) AND (id <= 6005944))
	        ->  Bitmap Index Scan on sbtest8_pkey  (cost=0.00..29.07 rows=863 width=0)
	              Index Cond: ((id >= 6004945) AND (id <= 6005944))

for: count_ranges
table 1 : explain SELECT count(c) FROM sbtest1 WHERE id BETWEEN 5055328 AND 5056327
	Aggregate  (cost=4000.77..4000.78 rows=1 width=8)
	  ->  Bitmap Heap Scan on sbtest1  (cost=35.02..3998.18 rows=1033 width=121)
	        Recheck Cond: ((id >= 5055328) AND (id <= 5056327))
	        ->  Bitmap Index Scan on sbtest1_pkey  (cost=0.00..34.77 rows=1033 width=0)
	              Index Cond: ((id >= 5055328) AND (id <= 5056327))

table 2 : explain SELECT count(c) FROM sbtest2 WHERE id BETWEEN 6495396 AND 6496395
	Aggregate  (cost=3714.73..3714.74 rows=1 width=8)
	  ->  Bitmap Heap Scan on sbtest2  (cost=34.24..3712.33 rows=957 width=121)
	        Recheck Cond: ((id >= 6495396) AND (id <= 6496395))
	        ->  Bitmap Index Scan on sbtest2_pkey  (cost=0.00..34.01 rows=957 width=0)
	              Index Cond: ((id >= 6495396) AND (id <= 6496395))

table 3 : explain SELECT count(c) FROM sbtest3 WHERE id BETWEEN 1133345 AND 1134344
	Aggregate  (cost=3711.33..3711.34 rows=1 width=8)
	  ->  Bitmap Heap Scan on sbtest3  (cost=34.23..3708.94 rows=956 width=121)
	        Recheck Cond: ((id >= 1133345) AND (id <= 1134344))
	        ->  Bitmap Index Scan on sbtest3_pkey  (cost=0.00..34.00 rows=956 width=0)
	              Index Cond: ((id >= 1133345) AND (id <= 1134344))

table 4 : explain SELECT count(c) FROM sbtest4 WHERE id BETWEEN 5345100 AND 5346099
	Aggregate  (cost=3827.40..3827.41 rows=1 width=8)
	  ->  Bitmap Heap Scan on sbtest4  (cost=34.53..3824.94 rows=985 width=121)
	        Recheck Cond: ((id >= 5345100) AND (id <= 5346099))
	        ->  Bitmap Index Scan on sbtest4_pkey  (cost=0.00..34.29 rows=985 width=0)
	              Index Cond: ((id >= 5345100) AND (id <= 5346099))

table 5 : explain SELECT count(c) FROM sbtest5 WHERE id BETWEEN 2173260 AND 2174259
	Aggregate  (cost=3835.02..3835.03 rows=1 width=8)
	  ->  Bitmap Heap Scan on sbtest5  (cost=34.55..3832.55 rows=987 width=121)
	        Recheck Cond: ((id >= 2173260) AND (id <= 2174259))
	        ->  Bitmap Index Scan on sbtest5_pkey  (cost=0.00..34.31 rows=987 width=0)
	              Index Cond: ((id >= 2173260) AND (id <= 2174259))

table 6 : explain SELECT count(c) FROM sbtest6 WHERE id BETWEEN 6596713 AND 6597712
	Aggregate  (cost=4427.72..4427.73 rows=1 width=8)
	  ->  Bitmap Heap Scan on sbtest6  (cost=40.18..4424.86 rows=1146 width=121)
	        Recheck Cond: ((id >= 6596713) AND (id <= 6597712))
	        ->  Bitmap Index Scan on sbtest6_pkey  (cost=0.00..39.90 rows=1146 width=0)
	              Index Cond: ((id >= 6596713) AND (id <= 6597712))

table 7 : explain SELECT count(c) FROM sbtest7 WHERE id BETWEEN 7127160 AND 7128159
	Aggregate  (cost=4278.98..4278.99 rows=1 width=8)
	  ->  Bitmap Heap Scan on sbtest7  (cost=39.78..4276.21 rows=1107 width=121)
	        Recheck Cond: ((id >= 7127160) AND (id <= 7128159))
	        ->  Bitmap Index Scan on sbtest7_pkey  (cost=0.00..39.51 rows=1107 width=0)
	              Index Cond: ((id >= 7127160) AND (id <= 7128159))

table 8 : explain SELECT count(c) FROM sbtest8 WHERE id BETWEEN 6354675 AND 6355674
	Aggregate  (cost=3997.47..3997.48 rows=1 width=8)
	  ->  Bitmap Heap Scan on sbtest8  (cost=35.01..3994.89 rows=1032 width=121)
	        Recheck Cond: ((id >= 6354675) AND (id <= 6355674))
	        ->  Bitmap Index Scan on sbtest8_pkey  (cost=0.00..34.76 rows=1032 width=0)
	              Index Cond: ((id >= 6354675) AND (id <= 6355674))

for: count_ranges
table 1 : explain SELECT count(c) FROM sbtest1 WHERE id BETWEEN 7225329 AND 7226328
	Aggregate  (cost=4076.05..4076.06 rows=1 width=8)
	  ->  Bitmap Heap Scan on sbtest1  (cost=35.23..4073.42 rows=1053 width=121)
	        Recheck Cond: ((id >= 7225329) AND (id <= 7226328))
	        ->  Bitmap Index Scan on sbtest1_pkey  (cost=0.00..34.97 rows=1053 width=0)
	              Index Cond: ((id >= 7225329) AND (id <= 7226328))

table 2 : explain SELECT count(c) FROM sbtest2 WHERE id BETWEEN 1427785 AND 1428784
	Aggregate  (cost=3892.07..3892.08 rows=1 width=8)
	  ->  Bitmap Heap Scan on sbtest2  (cost=34.73..3889.56 rows=1004 width=121)
	        Recheck Cond: ((id >= 1427785) AND (id <= 1428784))
	        ->  Bitmap Index Scan on sbtest2_pkey  (cost=0.00..34.48 rows=1004 width=0)
	              Index Cond: ((id >= 1427785) AND (id <= 1428784))

table 3 : explain SELECT count(c) FROM sbtest3 WHERE id BETWEEN 125029 AND 126028
	Aggregate  (cost=3881.16..3881.17 rows=1 width=8)
	  ->  Bitmap Heap Scan on sbtest3  (cost=34.70..3878.66 rows=1001 width=121)
	        Recheck Cond: ((id >= 125029) AND (id <= 126028))
	        ->  Bitmap Index Scan on sbtest3_pkey  (cost=0.00..34.45 rows=1001 width=0)
	              Index Cond: ((id >= 125029) AND (id <= 126028))

table 4 : explain SELECT count(c) FROM sbtest4 WHERE id BETWEEN 6628797 AND 6629796
	Aggregate  (cost=4023.96..4023.97 rows=1 width=8)
	  ->  Bitmap Heap Scan on sbtest4  (cost=35.06..4021.37 rows=1037 width=121)
	        Recheck Cond: ((id >= 6628797) AND (id <= 6629796))
	        ->  Bitmap Index Scan on sbtest4_pkey  (cost=0.00..34.81 rows=1037 width=0)
	              Index Cond: ((id >= 6628797) AND (id <= 6629796))

table 5 : explain SELECT count(c) FROM sbtest5 WHERE id BETWEEN 295095 AND 296094
	Aggregate  (cost=3914.43..3914.44 rows=1 width=8)
	  ->  Bitmap Heap Scan on sbtest5  (cost=34.77..3911.91 rows=1008 width=121)
	        Recheck Cond: ((id >= 295095) AND (id <= 296094))
	        ->  Bitmap Index Scan on sbtest5_pkey  (cost=0.00..34.52 rows=1008 width=0)
	              Index Cond: ((id >= 295095) AND (id <= 296094))

table 6 : explain SELECT count(c) FROM sbtest6 WHERE id BETWEEN 5761098 AND 5762097
	Aggregate  (cost=3893.12..3893.13 rows=1 width=8)
	  ->  Bitmap Heap Scan on sbtest6  (cost=34.73..3890.61 rows=1004 width=121)
	        Recheck Cond: ((id >= 5761098) AND (id <= 5762097))
	        ->  Bitmap Index Scan on sbtest6_pkey  (cost=0.00..34.48 rows=1004 width=0)
	              Index Cond: ((id >= 5761098) AND (id <= 5762097))

table 7 : explain SELECT count(c) FROM sbtest7 WHERE id BETWEEN 5846558 AND 5847557
	Aggregate  (cost=3759.20..3759.21 rows=1 width=8)
	  ->  Bitmap Heap Scan on sbtest7  (cost=34.37..3756.77 rows=969 width=121)
	        Recheck Cond: ((id >= 5846558) AND (id <= 5847557))
	        ->  Bitmap Index Scan on sbtest7_pkey  (cost=0.00..34.12 rows=969 width=0)
	              Index Cond: ((id >= 5846558) AND (id <= 5847557))

table 8 : explain SELECT count(c) FROM sbtest8 WHERE id BETWEEN 1928913 AND 1929912
	Aggregate  (cost=3963.57..3963.58 rows=1 width=8)
	  ->  Bitmap Heap Scan on sbtest8  (cost=34.92..3961.01 rows=1023 width=121)
	        Recheck Cond: ((id >= 1928913) AND (id <= 1929912))
	        ->  Bitmap Index Scan on sbtest8_pkey  (cost=0.00..34.67 rows=1023 width=0)
	              Index Cond: ((id >= 1928913) AND (id <= 1929912))

for: count_ranges
table 1 : explain SELECT count(c) FROM sbtest1 WHERE id BETWEEN 2403006 AND 2404005
	Aggregate  (cost=4177.61..4177.62 rows=1 width=8)
	  ->  Bitmap Heap Scan on sbtest1  (cost=35.51..4174.91 rows=1080 width=121)
	        Recheck Cond: ((id >= 2403006) AND (id <= 2404005))
	        ->  Bitmap Index Scan on sbtest1_pkey  (cost=0.00..35.23 rows=1080 width=0)
	              Index Cond: ((id >= 2403006) AND (id <= 2404005))

table 2 : explain SELECT count(c) FROM sbtest2 WHERE id BETWEEN 516265 AND 517264
	Aggregate  (cost=4039.01..4039.02 rows=1 width=8)
	  ->  Bitmap Heap Scan on sbtest2  (cost=35.13..4036.40 rows=1043 width=121)
	        Recheck Cond: ((id >= 516265) AND (id <= 517264))
	        ->  Bitmap Index Scan on sbtest2_pkey  (cost=0.00..34.87 rows=1043 width=0)
	              Index Cond: ((id >= 516265) AND (id <= 517264))

table 3 : explain SELECT count(c) FROM sbtest3 WHERE id BETWEEN 9547530 AND 9548529
	Aggregate  (cost=3990.47..3990.48 rows=1 width=8)
	  ->  Bitmap Heap Scan on sbtest3  (cost=34.99..3987.90 rows=1030 width=121)
	        Recheck Cond: ((id >= 9547530) AND (id <= 9548529))
	        ->  Bitmap Index Scan on sbtest3_pkey  (cost=0.00..34.73 rows=1030 width=0)
	              Index Cond: ((id >= 9547530) AND (id <= 9548529))

table 4 : explain SELECT count(c) FROM sbtest4 WHERE id BETWEEN 5217717 AND 5218716
	Aggregate  (cost=3759.28..3759.29 rows=1 width=8)
	  ->  Bitmap Heap Scan on sbtest4  (cost=34.35..3756.86 rows=967 width=121)
	        Recheck Cond: ((id >= 5217717) AND (id <= 5218716))
	        ->  Bitmap Index Scan on sbtest4_pkey  (cost=0.00..34.11 rows=967 width=0)
	              Index Cond: ((id >= 5217717) AND (id <= 5218716))

table 5 : explain SELECT count(c) FROM sbtest5 WHERE id BETWEEN 8113729 AND 8114728
	Aggregate  (cost=3486.23..3486.24 rows=1 width=8)
	  ->  Bitmap Heap Scan on sbtest5  (cost=29.62..3483.99 rows=896 width=121)
	        Recheck Cond: ((id >= 8113729) AND (id <= 8114728))
	        ->  Bitmap Index Scan on sbtest5_pkey  (cost=0.00..29.39 rows=896 width=0)
	              Index Cond: ((id >= 8113729) AND (id <= 8114728))

table 6 : explain SELECT count(c) FROM sbtest6 WHERE id BETWEEN 582397 AND 583396
	Aggregate  (cost=3802.56..3802.57 rows=1 width=8)
	  ->  Bitmap Heap Scan on sbtest6  (cost=34.48..3800.11 rows=980 width=121)
	        Recheck Cond: ((id >= 582397) AND (id <= 583396))
	        ->  Bitmap Index Scan on sbtest6_pkey  (cost=0.00..34.23 rows=980 width=0)
	              Index Cond: ((id >= 582397) AND (id <= 583396))

table 7 : explain SELECT count(c) FROM sbtest7 WHERE id BETWEEN 9620388 AND 9621387
	Aggregate  (cost=3502.08..3502.09 rows=1 width=8)
	  ->  Bitmap Heap Scan on sbtest7  (cost=29.68..3499.82 rows=902 width=121)
	        Recheck Cond: ((id >= 9620388) AND (id <= 9621387))
	        ->  Bitmap Index Scan on sbtest7_pkey  (cost=0.00..29.45 rows=902 width=0)
	              Index Cond: ((id >= 9620388) AND (id <= 9621387))

table 8 : explain SELECT count(c) FROM sbtest8 WHERE id BETWEEN 535426 AND 536425
	Aggregate  (cost=3695.74..3695.75 rows=1 width=8)
	  ->  Bitmap Heap Scan on sbtest8  (cost=34.19..3693.36 rows=952 width=121)
	        Recheck Cond: ((id >= 535426) AND (id <= 536425))
	        ->  Bitmap Index Scan on sbtest8_pkey  (cost=0.00..33.95 rows=952 width=0)
	              Index Cond: ((id >= 535426) AND (id <= 536425))

for: count_ranges
table 1 : explain SELECT count(c) FROM sbtest1 WHERE id BETWEEN 2709128 AND 2710127
	Aggregate  (cost=4136.25..4136.26 rows=1 width=8)
	  ->  Bitmap Heap Scan on sbtest1  (cost=35.39..4133.57 rows=1069 width=121)
	        Recheck Cond: ((id >= 2709128) AND (id <= 2710127))
	        ->  Bitmap Index Scan on sbtest1_pkey  (cost=0.00..35.12 rows=1069 width=0)
	              Index Cond: ((id >= 2709128) AND (id <= 2710127))

table 2 : explain SELECT count(c) FROM sbtest2 WHERE id BETWEEN 6446948 AND 6447947
	Aggregate  (cost=4291.02..4291.03 rows=1 width=8)
	  ->  Bitmap Heap Scan on sbtest2  (cost=35.82..4288.25 rows=1111 width=121)
	        Recheck Cond: ((id >= 6446948) AND (id <= 6447947))
	        ->  Bitmap Index Scan on sbtest2_pkey  (cost=0.00..35.55 rows=1111 width=0)
	              Index Cond: ((id >= 6446948) AND (id <= 6447947))

table 3 : explain SELECT count(c) FROM sbtest3 WHERE id BETWEEN 2659652 AND 2660651
	Aggregate  (cost=4031.91..4031.92 rows=1 width=8)
	  ->  Bitmap Heap Scan on sbtest3  (cost=35.11..4029.31 rows=1041 width=121)
	        Recheck Cond: ((id >= 2659652) AND (id <= 2660651))
	        ->  Bitmap Index Scan on sbtest3_pkey  (cost=0.00..34.84 rows=1041 width=0)
	              Index Cond: ((id >= 2659652) AND (id <= 2660651))

table 4 : explain SELECT count(c) FROM sbtest4 WHERE id BETWEEN 695469 AND 696468
	Aggregate  (cost=4091.93..4091.94 rows=1 width=8)
	  ->  Bitmap Heap Scan on sbtest4  (cost=35.25..4089.29 rows=1055 width=121)
	        Recheck Cond: ((id >= 695469) AND (id <= 696468))
	        ->  Bitmap Index Scan on sbtest4_pkey  (cost=0.00..34.98 rows=1055 width=0)
	              Index Cond: ((id >= 695469) AND (id <= 696468))

table 5 : explain SELECT count(c) FROM sbtest5 WHERE id BETWEEN 1674360 AND 1675359
	Aggregate  (cost=3959.79..3959.80 rows=1 width=8)
	  ->  Bitmap Heap Scan on sbtest5  (cost=34.89..3957.24 rows=1020 width=121)
	        Recheck Cond: ((id >= 1674360) AND (id <= 1675359))
	        ->  Bitmap Index Scan on sbtest5_pkey  (cost=0.00..34.64 rows=1020 width=0)
	              Index Cond: ((id >= 1674360) AND (id <= 1675359))

table 6 : explain SELECT count(c) FROM sbtest6 WHERE id BETWEEN 5242095 AND 5243094
	Aggregate  (cost=3761.03..3761.04 rows=1 width=8)
	  ->  Bitmap Heap Scan on sbtest6  (cost=34.37..3758.61 rows=969 width=121)
	        Recheck Cond: ((id >= 5242095) AND (id <= 5243094))
	        ->  Bitmap Index Scan on sbtest6_pkey  (cost=0.00..34.12 rows=969 width=0)
	              Index Cond: ((id >= 5242095) AND (id <= 5243094))

table 7 : explain SELECT count(c) FROM sbtest7 WHERE id BETWEEN 7360131 AND 7361130
	Aggregate  (cost=3808.24..3808.25 rows=1 width=8)
	  ->  Bitmap Heap Scan on sbtest7  (cost=34.50..3805.79 rows=982 width=121)
	        Recheck Cond: ((id >= 7360131) AND (id <= 7361130))
	        ->  Bitmap Index Scan on sbtest7_pkey  (cost=0.00..34.26 rows=982 width=0)
	              Index Cond: ((id >= 7360131) AND (id <= 7361130))

table 8 : explain SELECT count(c) FROM sbtest8 WHERE id BETWEEN 806081 AND 807080
	Aggregate  (cost=3631.52..3631.53 rows=1 width=8)
	  ->  Bitmap Heap Scan on sbtest8  (cost=34.02..3629.18 rows=935 width=121)
	        Recheck Cond: ((id >= 806081) AND (id <= 807080))
	        ->  Bitmap Index Scan on sbtest8_pkey  (cost=0.00..33.79 rows=935 width=0)
	              Index Cond: ((id >= 806081) AND (id <= 807080))

for: count_ranges
table 1 : explain SELECT count(c) FROM sbtest1 WHERE id BETWEEN 9937152 AND 9938151
	Aggregate  (cost=3808.55..3808.56 rows=1 width=8)
	  ->  Bitmap Heap Scan on sbtest1  (cost=34.50..3806.10 rows=982 width=121)
	        Recheck Cond: ((id >= 9937152) AND (id <= 9938151))
	        ->  Bitmap Index Scan on sbtest1_pkey  (cost=0.00..34.26 rows=982 width=0)
	              Index Cond: ((id >= 9937152) AND (id <= 9938151))

table 2 : explain SELECT count(c) FROM sbtest2 WHERE id BETWEEN 8818525 AND 8819524
	Aggregate  (cost=4159.43..4159.44 rows=1 width=8)
	  ->  Bitmap Heap Scan on sbtest2  (cost=35.45..4156.74 rows=1075 width=121)
	        Recheck Cond: ((id >= 8818525) AND (id <= 8819524))
	        ->  Bitmap Index Scan on sbtest2_pkey  (cost=0.00..35.19 rows=1075 width=0)
	              Index Cond: ((id >= 8818525) AND (id <= 8819524))

table 3 : explain SELECT count(c) FROM sbtest3 WHERE id BETWEEN 5872568 AND 5873567
	Aggregate  (cost=3749.09..3749.10 rows=1 width=8)
	  ->  Bitmap Heap Scan on sbtest3  (cost=34.34..3746.68 rows=966 width=121)
	        Recheck Cond: ((id >= 5872568) AND (id <= 5873567))
	        ->  Bitmap Index Scan on sbtest3_pkey  (cost=0.00..34.09 rows=966 width=0)
	              Index Cond: ((id >= 5872568) AND (id <= 5873567))

table 4 : explain SELECT count(c) FROM sbtest4 WHERE id BETWEEN 9685909 AND 9686908
	Aggregate  (cost=3706.27..3706.28 rows=1 width=8)
	  ->  Bitmap Heap Scan on sbtest4  (cost=34.20..3703.89 rows=953 width=121)
	        Recheck Cond: ((id >= 9685909) AND (id <= 9686908))
	        ->  Bitmap Index Scan on sbtest4_pkey  (cost=0.00..33.97 rows=953 width=0)
	              Index Cond: ((id >= 9685909) AND (id <= 9686908))

table 5 : explain SELECT count(c) FROM sbtest5 WHERE id BETWEEN 5541065 AND 5542064
	Aggregate  (cost=3971.13..3971.14 rows=1 width=8)
	  ->  Bitmap Heap Scan on sbtest5  (cost=34.92..3968.57 rows=1023 width=121)
	        Recheck Cond: ((id >= 5541065) AND (id <= 5542064))
	        ->  Bitmap Index Scan on sbtest5_pkey  (cost=0.00..34.67 rows=1023 width=0)
	              Index Cond: ((id >= 5541065) AND (id <= 5542064))

table 6 : explain SELECT count(c) FROM sbtest6 WHERE id BETWEEN 3704222 AND 3705221
	Aggregate  (cost=3761.03..3761.04 rows=1 width=8)
	  ->  Bitmap Heap Scan on sbtest6  (cost=34.37..3758.61 rows=969 width=121)
	        Recheck Cond: ((id >= 3704222) AND (id <= 3705221))
	        ->  Bitmap Index Scan on sbtest6_pkey  (cost=0.00..34.12 rows=969 width=0)
	              Index Cond: ((id >= 3704222) AND (id <= 3705221))

table 7 : explain SELECT count(c) FROM sbtest7 WHERE id BETWEEN 716275 AND 717274
	Aggregate  (cost=3695.03..3695.04 rows=1 width=8)
	  ->  Bitmap Heap Scan on sbtest7  (cost=34.19..3692.65 rows=952 width=121)
	        Recheck Cond: ((id >= 716275) AND (id <= 717274))
	        ->  Bitmap Index Scan on sbtest7_pkey  (cost=0.00..33.95 rows=952 width=0)
	              Index Cond: ((id >= 716275) AND (id <= 717274))

table 8 : explain SELECT count(c) FROM sbtest8 WHERE id BETWEEN 9282382 AND 9283381
	Aggregate  (cost=3756.16..3756.17 rows=1 width=8)
	  ->  Bitmap Heap Scan on sbtest8  (cost=34.36..3753.74 rows=968 width=121)
	        Recheck Cond: ((id >= 9282382) AND (id <= 9283381))
	        ->  Bitmap Index Scan on sbtest8_pkey  (cost=0.00..34.12 rows=968 width=0)
	              Index Cond: ((id >= 9282382) AND (id <= 9283381))

for: count_ranges
table 1 : explain SELECT count(c) FROM sbtest1 WHERE id BETWEEN 6973906 AND 6974905
	Aggregate  (cost=3932.96..3932.97 rows=1 width=8)
	  ->  Bitmap Heap Scan on sbtest1  (cost=34.84..3930.43 rows=1015 width=121)
	        Recheck Cond: ((id >= 6973906) AND (id <= 6974905))
	        ->  Bitmap Index Scan on sbtest1_pkey  (cost=0.00..34.59 rows=1015 width=0)
	              Index Cond: ((id >= 6973906) AND (id <= 6974905))

table 2 : explain SELECT count(c) FROM sbtest2 WHERE id BETWEEN 3001161 AND 3002160
	Aggregate  (cost=3824.18..3824.19 rows=1 width=8)
	  ->  Bitmap Heap Scan on sbtest2  (cost=34.54..3821.72 rows=986 width=121)
	        Recheck Cond: ((id >= 3001161) AND (id <= 3002160))
	        ->  Bitmap Index Scan on sbtest2_pkey  (cost=0.00..34.30 rows=986 width=0)
	              Index Cond: ((id >= 3001161) AND (id <= 3002160))

table 3 : explain SELECT count(c) FROM sbtest3 WHERE id BETWEEN 5160122 AND 5161121
	Aggregate  (cost=3733.99..3734.00 rows=1 width=8)
	  ->  Bitmap Heap Scan on sbtest3  (cost=34.30..3731.59 rows=962 width=121)
	        Recheck Cond: ((id >= 5160122) AND (id <= 5161121))
	        ->  Bitmap Index Scan on sbtest3_pkey  (cost=0.00..34.06 rows=962 width=0)
	              Index Cond: ((id >= 5160122) AND (id <= 5161121))

table 4 : explain SELECT count(c) FROM sbtest4 WHERE id BETWEEN 7601265 AND 7602264
	Aggregate  (cost=3967.30..3967.31 rows=1 width=8)
	  ->  Bitmap Heap Scan on sbtest4  (cost=34.91..3964.74 rows=1022 width=121)
	        Recheck Cond: ((id >= 7601265) AND (id <= 7602264))
	        ->  Bitmap Index Scan on sbtest4_pkey  (cost=0.00..34.66 rows=1022 width=0)
	              Index Cond: ((id >= 7601265) AND (id <= 7602264))

table 5 : explain SELECT count(c) FROM sbtest5 WHERE id BETWEEN 5830620 AND 5831619
	Aggregate  (cost=3626.75..3626.76 rows=1 width=8)
	  ->  Bitmap Heap Scan on sbtest5  (cost=33.99..3624.42 rows=932 width=121)
	        Recheck Cond: ((id >= 5830620) AND (id <= 5831619))
	        ->  Bitmap Index Scan on sbtest5_pkey  (cost=0.00..33.76 rows=932 width=0)
	              Index Cond: ((id >= 5830620) AND (id <= 5831619))

table 6 : explain SELECT count(c) FROM sbtest6 WHERE id BETWEEN 582672 AND 583671
	Aggregate  (cost=3802.56..3802.57 rows=1 width=8)
	  ->  Bitmap Heap Scan on sbtest6  (cost=34.48..3800.11 rows=980 width=121)
	        Recheck Cond: ((id >= 582672) AND (id <= 583671))
	        ->  Bitmap Index Scan on sbtest6_pkey  (cost=0.00..34.23 rows=980 width=0)
	              Index Cond: ((id >= 582672) AND (id <= 583671))

table 7 : explain SELECT count(c) FROM sbtest7 WHERE id BETWEEN 7245660 AND 7246659
	Aggregate  (cost=3789.38..3789.39 rows=1 width=8)
	  ->  Bitmap Heap Scan on sbtest7  (cost=34.45..3786.94 rows=977 width=121)
	        Recheck Cond: ((id >= 7245660) AND (id <= 7246659))
	        ->  Bitmap Index Scan on sbtest7_pkey  (cost=0.00..34.20 rows=977 width=0)
	              Index Cond: ((id >= 7245660) AND (id <= 7246659))

table 8 : explain SELECT count(c) FROM sbtest8 WHERE id BETWEEN 138058 AND 139057
	Aggregate  (cost=3903.27..3903.28 rows=1 width=8)
	  ->  Bitmap Heap Scan on sbtest8  (cost=34.76..3900.75 rows=1007 width=121)
	        Recheck Cond: ((id >= 138058) AND (id <= 139057))
	        ->  Bitmap Index Scan on sbtest8_pkey  (cost=0.00..34.51 rows=1007 width=0)
	              Index Cond: ((id >= 138058) AND (id <= 139057))

for: count_ranges
table 1 : explain SELECT count(c) FROM sbtest1 WHERE id BETWEEN 8736759 AND 8737758
	Aggregate  (cost=3419.10..3419.11 rows=1 width=8)
	  ->  Bitmap Heap Scan on sbtest1  (cost=29.45..3416.90 rows=880 width=121)
	        Recheck Cond: ((id >= 8736759) AND (id <= 8737758))
	        ->  Bitmap Index Scan on sbtest1_pkey  (cost=0.00..29.23 rows=880 width=0)
	              Index Cond: ((id >= 8736759) AND (id <= 8737758))

table 2 : explain SELECT count(c) FROM sbtest2 WHERE id BETWEEN 8906320 AND 8907319
	Aggregate  (cost=3718.50..3718.51 rows=1 width=8)
	  ->  Bitmap Heap Scan on sbtest2  (cost=34.25..3716.11 rows=958 width=121)
	        Recheck Cond: ((id >= 8906320) AND (id <= 8907319))
	        ->  Bitmap Index Scan on sbtest2_pkey  (cost=0.00..34.02 rows=958 width=0)
	              Index Cond: ((id >= 8906320) AND (id <= 8907319))

table 3 : explain SELECT count(c) FROM sbtest3 WHERE id BETWEEN 7262601 AND 7263600
	Aggregate  (cost=3582.62..3582.63 rows=1 width=8)
	  ->  Bitmap Heap Scan on sbtest3  (cost=29.90..3580.31 rows=923 width=121)
	        Recheck Cond: ((id >= 7262601) AND (id <= 7263600))
	        ->  Bitmap Index Scan on sbtest3_pkey  (cost=0.00..29.66 rows=923 width=0)
	              Index Cond: ((id >= 7262601) AND (id <= 7263600))

table 4 : explain SELECT count(c) FROM sbtest4 WHERE id BETWEEN 2128645 AND 2129644
	Aggregate  (cost=4491.65..4491.66 rows=1 width=8)
	  ->  Bitmap Heap Scan on sbtest4  (cost=40.34..4488.75 rows=1161 width=121)
	        Recheck Cond: ((id >= 2128645) AND (id <= 2129644))
	        ->  Bitmap Index Scan on sbtest4_pkey  (cost=0.00..40.05 rows=1161 width=0)
	              Index Cond: ((id >= 2128645) AND (id <= 2129644))

table 5 : explain SELECT count(c) FROM sbtest5 WHERE id BETWEEN 6942610 AND 6943609
	Aggregate  (cost=4423.94..4423.95 rows=1 width=8)
	  ->  Bitmap Heap Scan on sbtest5  (cost=40.14..4421.09 rows=1142 width=121)
	        Recheck Cond: ((id >= 6942610) AND (id <= 6943609))
	        ->  Bitmap Index Scan on sbtest5_pkey  (cost=0.00..39.86 rows=1142 width=0)
	              Index Cond: ((id >= 6942610) AND (id <= 6943609))

table 6 : explain SELECT count(c) FROM sbtest6 WHERE id BETWEEN 9858616 AND 9859615
	Aggregate  (cost=4551.55..4551.56 rows=1 width=8)
	  ->  Bitmap Heap Scan on sbtest6  (cost=40.52..4548.60 rows=1179 width=121)
	        Recheck Cond: ((id >= 9858616) AND (id <= 9859615))
	        ->  Bitmap Index Scan on sbtest6_pkey  (cost=0.00..40.23 rows=1179 width=0)
	              Index Cond: ((id >= 9858616) AND (id <= 9859615))

table 7 : explain SELECT count(c) FROM sbtest7 WHERE id BETWEEN 6385232 AND 6386231
	Aggregate  (cost=3898.72..3898.73 rows=1 width=8)
	  ->  Bitmap Heap Scan on sbtest7  (cost=34.75..3896.21 rows=1006 width=121)
	        Recheck Cond: ((id >= 6385232) AND (id <= 6386231))
	        ->  Bitmap Index Scan on sbtest7_pkey  (cost=0.00..34.50 rows=1006 width=0)
	              Index Cond: ((id >= 6385232) AND (id <= 6386231))

table 8 : explain SELECT count(c) FROM sbtest8 WHERE id BETWEEN 1463995 AND 1464994
	Aggregate  (cost=3767.48..3767.49 rows=1 width=8)
	  ->  Bitmap Heap Scan on sbtest8  (cost=34.39..3765.05 rows=971 width=121)
	        Recheck Cond: ((id >= 1463995) AND (id <= 1464994))
	        ->  Bitmap Index Scan on sbtest8_pkey  (cost=0.00..34.15 rows=971 width=0)
	              Index Cond: ((id >= 1463995) AND (id <= 1464994))

for: count_ranges
table 1 : explain SELECT count(c) FROM sbtest1 WHERE id BETWEEN 7870696 AND 7871695
	Aggregate  (cost=3517.48..3517.49 rows=1 width=8)
	  ->  Bitmap Heap Scan on sbtest1  (cost=29.72..3515.22 rows=906 width=121)
	        Recheck Cond: ((id >= 7870696) AND (id <= 7871695))
	        ->  Bitmap Index Scan on sbtest1_pkey  (cost=0.00..29.50 rows=906 width=0)
	              Index Cond: ((id >= 7870696) AND (id <= 7871695))

table 2 : explain SELECT count(c) FROM sbtest2 WHERE id BETWEEN 8162748 AND 8163747
	Aggregate  (cost=3929.76..3929.77 rows=1 width=8)
	  ->  Bitmap Heap Scan on sbtest2  (cost=34.83..3927.23 rows=1014 width=121)
	        Recheck Cond: ((id >= 8162748) AND (id <= 8163747))
	        ->  Bitmap Index Scan on sbtest2_pkey  (cost=0.00..34.58 rows=1014 width=0)
	              Index Cond: ((id >= 8162748) AND (id <= 8163747))

table 3 : explain SELECT count(c) FROM sbtest3 WHERE id BETWEEN 3067406 AND 3068405
	Aggregate  (cost=4201.26..4201.27 rows=1 width=8)
	  ->  Bitmap Heap Scan on sbtest3  (cost=35.57..4198.54 rows=1086 width=121)
	        Recheck Cond: ((id >= 3067406) AND (id <= 3068405))
	        ->  Bitmap Index Scan on sbtest3_pkey  (cost=0.00..35.30 rows=1086 width=0)
	              Index Cond: ((id >= 3067406) AND (id <= 3068405))

table 4 : explain SELECT count(c) FROM sbtest4 WHERE id BETWEEN 763352 AND 764351
	Aggregate  (cost=3865.23..3865.24 rows=1 width=8)
	  ->  Bitmap Heap Scan on sbtest4  (cost=34.63..3862.74 rows=995 width=121)
	        Recheck Cond: ((id >= 763352) AND (id <= 764351))
	        ->  Bitmap Index Scan on sbtest4_pkey  (cost=0.00..34.39 rows=995 width=0)
	              Index Cond: ((id >= 763352) AND (id <= 764351))

table 5 : explain SELECT count(c) FROM sbtest5 WHERE id BETWEEN 9639637 AND 9640636
	Aggregate  (cost=3763.11..3763.12 rows=1 width=8)
	  ->  Bitmap Heap Scan on sbtest5  (cost=34.36..3760.69 rows=968 width=121)
	        Recheck Cond: ((id >= 9639637) AND (id <= 9640636))
	        ->  Bitmap Index Scan on sbtest5_pkey  (cost=0.00..34.12 rows=968 width=0)
	              Index Cond: ((id >= 9639637) AND (id <= 9640636))

table 6 : explain SELECT count(c) FROM sbtest6 WHERE id BETWEEN 5196410 AND 5197409
	Aggregate  (cost=3761.03..3761.04 rows=1 width=8)
	  ->  Bitmap Heap Scan on sbtest6  (cost=34.37..3758.61 rows=969 width=121)
	        Recheck Cond: ((id >= 5196410) AND (id <= 5197409))
	        ->  Bitmap Index Scan on sbtest6_pkey  (cost=0.00..34.12 rows=969 width=0)
	              Index Cond: ((id >= 5196410) AND (id <= 5197409))

table 7 : explain SELECT count(c) FROM sbtest7 WHERE id BETWEEN 4661048 AND 4662047
	Aggregate  (cost=3977.84..3977.85 rows=1 width=8)
	  ->  Bitmap Heap Scan on sbtest7  (cost=34.96..3975.27 rows=1027 width=121)
	        Recheck Cond: ((id >= 4661048) AND (id <= 4662047))
	        ->  Bitmap Index Scan on sbtest7_pkey  (cost=0.00..34.70 rows=1027 width=0)
	              Index Cond: ((id >= 4661048) AND (id <= 4662047))

table 8 : explain SELECT count(c) FROM sbtest8 WHERE id BETWEEN 4641931 AND 4642930
	Aggregate  (cost=3673.08..3673.09 rows=1 width=8)
	  ->  Bitmap Heap Scan on sbtest8  (cost=34.13..3670.72 rows=946 width=121)
	        Recheck Cond: ((id >= 4641931) AND (id <= 4642930))
	        ->  Bitmap Index Scan on sbtest8_pkey  (cost=0.00..33.90 rows=946 width=0)
	              Index Cond: ((id >= 4641931) AND (id <= 4642930))

for: count_ranges
table 1 : explain SELECT count(c) FROM sbtest1 WHERE id BETWEEN 7322499 AND 7323498
	Aggregate  (cost=3808.55..3808.56 rows=1 width=8)
	  ->  Bitmap Heap Scan on sbtest1  (cost=34.50..3806.10 rows=982 width=121)
	        Recheck Cond: ((id >= 7322499) AND (id <= 7323498))
	        ->  Bitmap Index Scan on sbtest1_pkey  (cost=0.00..34.26 rows=982 width=0)
	              Index Cond: ((id >= 7322499) AND (id <= 7323498))

table 2 : explain SELECT count(c) FROM sbtest2 WHERE id BETWEEN 2905041 AND 2906040
	Aggregate  (cost=3555.79..3555.80 rows=1 width=8)
	  ->  Bitmap Heap Scan on sbtest2  (cost=29.82..3553.50 rows=916 width=121)
	        Recheck Cond: ((id >= 2905041) AND (id <= 2906040))
	        ->  Bitmap Index Scan on sbtest2_pkey  (cost=0.00..29.59 rows=916 width=0)
	              Index Cond: ((id >= 2905041) AND (id <= 2906040))

table 3 : explain SELECT count(c) FROM sbtest3 WHERE id BETWEEN 2911853 AND 2912852
	Aggregate  (cost=3726.44..3726.45 rows=1 width=8)
	  ->  Bitmap Heap Scan on sbtest3  (cost=34.28..3724.04 rows=960 width=121)
	        Recheck Cond: ((id >= 2911853) AND (id <= 2912852))
	        ->  Bitmap Index Scan on sbtest3_pkey  (cost=0.00..34.04 rows=960 width=0)
	              Index Cond: ((id >= 2911853) AND (id <= 2912852))

table 4 : explain SELECT count(c) FROM sbtest4 WHERE id BETWEEN 2174464 AND 2175463
	Aggregate  (cost=4491.65..4491.66 rows=1 width=8)
	  ->  Bitmap Heap Scan on sbtest4  (cost=40.34..4488.75 rows=1161 width=121)
	        Recheck Cond: ((id >= 2174464) AND (id <= 2175463))
	        ->  Bitmap Index Scan on sbtest4_pkey  (cost=0.00..40.05 rows=1161 width=0)
	              Index Cond: ((id >= 2174464) AND (id <= 2175463))

table 5 : explain SELECT count(c) FROM sbtest5 WHERE id BETWEEN 2875750 AND 2876749
	Aggregate  (cost=3581.06..3581.07 rows=1 width=8)
	  ->  Bitmap Heap Scan on sbtest5  (cost=29.88..3578.75 rows=921 width=121)
	        Recheck Cond: ((id >= 2875750) AND (id <= 2876749))
	        ->  Bitmap Index Scan on sbtest5_pkey  (cost=0.00..29.64 rows=921 width=0)
	              Index Cond: ((id >= 2875750) AND (id <= 2876749))

table 6 : explain SELECT count(c) FROM sbtest6 WHERE id BETWEEN 710607 AND 711606
	Aggregate  (cost=3659.02..3659.03 rows=1 width=8)
	  ->  Bitmap Heap Scan on sbtest6  (cost=34.09..3656.67 rows=942 width=121)
	        Recheck Cond: ((id >= 710607) AND (id <= 711606))
	        ->  Bitmap Index Scan on sbtest6_pkey  (cost=0.00..33.86 rows=942 width=0)
	              Index Cond: ((id >= 710607) AND (id <= 711606))

table 7 : explain SELECT count(c) FROM sbtest7 WHERE id BETWEEN 2128951 AND 2129950
	Aggregate  (cost=3649.71..3649.72 rows=1 width=8)
	  ->  Bitmap Heap Scan on sbtest7  (cost=34.07..3647.36 rows=940 width=121)
	        Recheck Cond: ((id >= 2128951) AND (id <= 2129950))
	        ->  Bitmap Index Scan on sbtest7_pkey  (cost=0.00..33.84 rows=940 width=0)
	              Index Cond: ((id >= 2128951) AND (id <= 2129950))

table 8 : explain SELECT count(c) FROM sbtest8 WHERE id BETWEEN 9165842 AND 9166841
	Aggregate  (cost=3933.42..3933.43 rows=1 width=8)
	  ->  Bitmap Heap Scan on sbtest8  (cost=34.84..3930.89 rows=1015 width=121)
	        Recheck Cond: ((id >= 9165842) AND (id <= 9166841))
	        ->  Bitmap Index Scan on sbtest8_pkey  (cost=0.00..34.59 rows=1015 width=0)
	              Index Cond: ((id >= 9165842) AND (id <= 9166841))

for: count_ranges
table 1 : explain SELECT count(c) FROM sbtest1 WHERE id BETWEEN 2584948 AND 2585947
	Aggregate  (cost=3948.03..3948.04 rows=1 width=8)
	  ->  Bitmap Heap Scan on sbtest1  (cost=34.88..3945.49 rows=1019 width=121)
	        Recheck Cond: ((id >= 2584948) AND (id <= 2585947))
	        ->  Bitmap Index Scan on sbtest1_pkey  (cost=0.00..34.62 rows=1019 width=0)
	              Index Cond: ((id >= 2584948) AND (id <= 2585947))

table 2 : explain SELECT count(c) FROM sbtest2 WHERE id BETWEEN 9156390 AND 9157389
	Aggregate  (cost=4279.73..4279.74 rows=1 width=8)
	  ->  Bitmap Heap Scan on sbtest2  (cost=35.78..4276.96 rows=1107 width=121)
	        Recheck Cond: ((id >= 9156390) AND (id <= 9157389))
	        ->  Bitmap Index Scan on sbtest2_pkey  (cost=0.00..35.51 rows=1107 width=0)
	              Index Cond: ((id >= 9156390) AND (id <= 9157389))

table 3 : explain SELECT count(c) FROM sbtest3 WHERE id BETWEEN 7731729 AND 7732728
	Aggregate  (cost=4077.09..4077.10 rows=1 width=8)
	  ->  Bitmap Heap Scan on sbtest3  (cost=35.23..4074.46 rows=1053 width=121)
	        Recheck Cond: ((id >= 7731729) AND (id <= 7732728))
	        ->  Bitmap Index Scan on sbtest3_pkey  (cost=0.00..34.97 rows=1053 width=0)
	              Index Cond: ((id >= 7731729) AND (id <= 7732728))

table 4 : explain SELECT count(c) FROM sbtest4 WHERE id BETWEEN 2569398 AND 2570397
	Aggregate  (cost=3554.47..3554.48 rows=1 width=8)
	  ->  Bitmap Heap Scan on sbtest4  (cost=29.80..3552.18 rows=914 width=121)
	        Recheck Cond: ((id >= 2569398) AND (id <= 2570397))
	        ->  Bitmap Index Scan on sbtest4_pkey  (cost=0.00..29.57 rows=914 width=0)
	              Index Cond: ((id >= 2569398) AND (id <= 2570397))

table 5 : explain SELECT count(c) FROM sbtest5 WHERE id BETWEEN 6976477 AND 6977476
	Aggregate  (cost=4423.94..4423.95 rows=1 width=8)
	  ->  Bitmap Heap Scan on sbtest5  (cost=40.14..4421.09 rows=1142 width=121)
	        Recheck Cond: ((id >= 6976477) AND (id <= 6977476))
	        ->  Bitmap Index Scan on sbtest5_pkey  (cost=0.00..39.86 rows=1142 width=0)
	              Index Cond: ((id >= 6976477) AND (id <= 6977476))

table 6 : explain SELECT count(c) FROM sbtest6 WHERE id BETWEEN 4864382 AND 4865381
	Aggregate  (cost=3325.67..3325.68 rows=1 width=8)
	  ->  Index Scan using sbtest6_pkey on sbtest6  (cost=0.43..3323.55 rows=847 width=121)
	        Index Cond: ((id >= 4864382) AND (id <= 4865381))

table 7 : explain SELECT count(c) FROM sbtest7 WHERE id BETWEEN 1962709 AND 1963708
	Aggregate  (cost=3834.64..3834.65 rows=1 width=8)
	  ->  Bitmap Heap Scan on sbtest7  (cost=34.57..3832.17 rows=989 width=121)
	        Recheck Cond: ((id >= 1962709) AND (id <= 1963708))
	        ->  Bitmap Index Scan on sbtest7_pkey  (cost=0.00..34.33 rows=989 width=0)
	              Index Cond: ((id >= 1962709) AND (id <= 1963708))

table 8 : explain SELECT count(c) FROM sbtest8 WHERE id BETWEEN 4547119 AND 4548118
	Aggregate  (cost=3680.64..3680.65 rows=1 width=8)
	  ->  Bitmap Heap Scan on sbtest8  (cost=34.15..3678.27 rows=948 width=121)
	        Recheck Cond: ((id >= 4547119) AND (id <= 4548118))
	        ->  Bitmap Index Scan on sbtest8_pkey  (cost=0.00..33.92 rows=948 width=0)
	              Index Cond: ((id >= 4547119) AND (id <= 4548118))

for: count_ranges
table 1 : explain SELECT count(c) FROM sbtest1 WHERE id BETWEEN 9624750 AND 9625749
	Aggregate  (cost=4331.68..4331.69 rows=1 width=8)
	  ->  Bitmap Heap Scan on sbtest1  (cost=35.94..4328.88 rows=1122 width=121)
	        Recheck Cond: ((id >= 9624750) AND (id <= 9625749))
	        ->  Bitmap Index Scan on sbtest1_pkey  (cost=0.00..35.66 rows=1122 width=0)
	              Index Cond: ((id >= 9624750) AND (id <= 9625749))

table 2 : explain SELECT count(c) FROM sbtest2 WHERE id BETWEEN 7216140 AND 7217139
	Aggregate  (cost=4069.13..4069.14 rows=1 width=8)
	  ->  Bitmap Heap Scan on sbtest2  (cost=35.21..4066.50 rows=1051 width=121)
	        Recheck Cond: ((id >= 7216140) AND (id <= 7217139))
	        ->  Bitmap Index Scan on sbtest2_pkey  (cost=0.00..34.95 rows=1051 width=0)
	              Index Cond: ((id >= 7216140) AND (id <= 7217139))

table 3 : explain SELECT count(c) FROM sbtest3 WHERE id BETWEEN 2664877 AND 2665876
	Aggregate  (cost=4031.91..4031.92 rows=1 width=8)
	  ->  Bitmap Heap Scan on sbtest3  (cost=35.11..4029.31 rows=1041 width=121)
	        Recheck Cond: ((id >= 2664877) AND (id <= 2665876))
	        ->  Bitmap Index Scan on sbtest3_pkey  (cost=0.00..34.84 rows=1041 width=0)
	              Index Cond: ((id >= 2664877) AND (id <= 2665876))

table 4 : explain SELECT count(c) FROM sbtest4 WHERE id BETWEEN 4311854 AND 4312853
	Aggregate  (cost=4303.36..4303.37 rows=1 width=8)
	  ->  Bitmap Heap Scan on sbtest4  (cost=39.81..4300.58 rows=1110 width=121)
	        Recheck Cond: ((id >= 4311854) AND (id <= 4312853))
	        ->  Bitmap Index Scan on sbtest4_pkey  (cost=0.00..39.54 rows=1110 width=0)
	              Index Cond: ((id >= 4311854) AND (id <= 4312853))

table 5 : explain SELECT count(c) FROM sbtest5 WHERE id BETWEEN 4647911 AND 4648910
	Aggregate  (cost=4307.19..4307.20 rows=1 width=8)
	  ->  Bitmap Heap Scan on sbtest5  (cost=39.82..4304.41 rows=1111 width=121)
	        Recheck Cond: ((id >= 4647911) AND (id <= 4648910))
	        ->  Bitmap Index Scan on sbtest5_pkey  (cost=0.00..39.55 rows=1111 width=0)
	              Index Cond: ((id >= 4647911) AND (id <= 4648910))

table 6 : explain SELECT count(c) FROM sbtest6 WHERE id BETWEEN 5169293 AND 5170292
	Aggregate  (cost=3753.48..3753.49 rows=1 width=8)
	  ->  Bitmap Heap Scan on sbtest6  (cost=34.35..3751.06 rows=967 width=121)
	        Recheck Cond: ((id >= 5169293) AND (id <= 5170292))
	        ->  Bitmap Index Scan on sbtest6_pkey  (cost=0.00..34.11 rows=967 width=0)
	              Index Cond: ((id >= 5169293) AND (id <= 5170292))

table 7 : explain SELECT count(c) FROM sbtest7 WHERE id BETWEEN 9399190 AND 9400189
	Aggregate  (cost=4346.57..4346.58 rows=1 width=8)
	  ->  Bitmap Heap Scan on sbtest7  (cost=39.97..4343.75 rows=1125 width=121)
	        Recheck Cond: ((id >= 9399190) AND (id <= 9400189))
	        ->  Bitmap Index Scan on sbtest7_pkey  (cost=0.00..39.69 rows=1125 width=0)
	              Index Cond: ((id >= 9399190) AND (id <= 9400189))

table 8 : explain SELECT count(c) FROM sbtest8 WHERE id BETWEEN 2863535 AND 2864534
	Aggregate  (cost=3362.66..3362.67 rows=1 width=8)
	  ->  Bitmap Heap Scan on sbtest8  (cost=29.30..3360.49 rows=865 width=121)
	        Recheck Cond: ((id >= 2863535) AND (id <= 2864534))
	        ->  Bitmap Index Scan on sbtest8_pkey  (cost=0.00..29.08 rows=865 width=0)
	              Index Cond: ((id >= 2863535) AND (id <= 2864534))

for: count_ranges
table 1 : explain SELECT count(c) FROM sbtest1 WHERE id BETWEEN 9941517 AND 9942516
	Aggregate  (cost=3808.55..3808.56 rows=1 width=8)
	  ->  Bitmap Heap Scan on sbtest1  (cost=34.50..3806.10 rows=982 width=121)
	        Recheck Cond: ((id >= 9941517) AND (id <= 9942516))
	        ->  Bitmap Index Scan on sbtest1_pkey  (cost=0.00..34.26 rows=982 width=0)
	              Index Cond: ((id >= 9941517) AND (id <= 9942516))

table 2 : explain SELECT count(c) FROM sbtest2 WHERE id BETWEEN 7568808 AND 7569807
	Aggregate  (cost=3775.13..3775.14 rows=1 width=8)
	  ->  Bitmap Heap Scan on sbtest2  (cost=34.41..3772.70 rows=973 width=121)
	        Recheck Cond: ((id >= 7568808) AND (id <= 7569807))
	        ->  Bitmap Index Scan on sbtest2_pkey  (cost=0.00..34.17 rows=973 width=0)
	              Index Cond: ((id >= 7568808) AND (id <= 7569807))

table 3 : explain SELECT count(c) FROM sbtest3 WHERE id BETWEEN 3563518 AND 3564517
	Aggregate  (cost=3866.08..3866.09 rows=1 width=8)
	  ->  Bitmap Heap Scan on sbtest3  (cost=34.65..3863.59 rows=997 width=121)
	        Recheck Cond: ((id >= 3563518) AND (id <= 3564517))
	        ->  Bitmap Index Scan on sbtest3_pkey  (cost=0.00..34.41 rows=997 width=0)
	              Index Cond: ((id >= 3563518) AND (id <= 3564517))

table 4 : explain SELECT count(c) FROM sbtest4 WHERE id BETWEEN 2359659 AND 2360658
	Aggregate  (cost=3793.34..3793.35 rows=1 width=8)
	  ->  Bitmap Heap Scan on sbtest4  (cost=34.44..3790.90 rows=976 width=121)
	        Recheck Cond: ((id >= 2359659) AND (id <= 2360658))
	        ->  Bitmap Index Scan on sbtest4_pkey  (cost=0.00..34.20 rows=976 width=0)
	              Index Cond: ((id >= 2359659) AND (id <= 2360658))

table 5 : explain SELECT count(c) FROM sbtest5 WHERE id BETWEEN 8230643 AND 8231642
	Aggregate  (cost=4118.40..4118.41 rows=1 width=8)
	  ->  Bitmap Heap Scan on sbtest5  (cost=35.32..4115.75 rows=1062 width=121)
	        Recheck Cond: ((id >= 8230643) AND (id <= 8231642))
	        ->  Bitmap Index Scan on sbtest5_pkey  (cost=0.00..35.06 rows=1062 width=0)
	              Index Cond: ((id >= 8230643) AND (id <= 8231642))

table 6 : explain SELECT count(c) FROM sbtest6 WHERE id BETWEEN 1100504 AND 1101503
	Aggregate  (cost=3446.78..3446.79 rows=1 width=8)
	  ->  Index Scan using sbtest6_pkey on sbtest6  (cost=0.43..3444.58 rows=878 width=121)
	        Index Cond: ((id >= 1100504) AND (id <= 1101503))

table 7 : explain SELECT count(c) FROM sbtest7 WHERE id BETWEEN 4042270 AND 4043269
	Aggregate  (cost=3932.64..3932.65 rows=1 width=8)
	  ->  Bitmap Heap Scan on sbtest7  (cost=34.84..3930.10 rows=1015 width=121)
	        Recheck Cond: ((id >= 4042270) AND (id <= 4043269))
	        ->  Bitmap Index Scan on sbtest7_pkey  (cost=0.00..34.59 rows=1015 width=0)
	              Index Cond: ((id >= 4042270) AND (id <= 4043269))

table 8 : explain SELECT count(c) FROM sbtest8 WHERE id BETWEEN 4582271 AND 4583270
	Aggregate  (cost=3673.08..3673.09 rows=1 width=8)
	  ->  Bitmap Heap Scan on sbtest8  (cost=34.13..3670.72 rows=946 width=121)
	        Recheck Cond: ((id >= 4582271) AND (id <= 4583270))
	        ->  Bitmap Index Scan on sbtest8_pkey  (cost=0.00..33.90 rows=946 width=0)
	              Index Cond: ((id >= 4582271) AND (id <= 4583270))

for: count_ranges
table 1 : explain SELECT count(c) FROM sbtest1 WHERE id BETWEEN 2602512 AND 2603511
	Aggregate  (cost=3948.03..3948.04 rows=1 width=8)
	  ->  Bitmap Heap Scan on sbtest1  (cost=34.88..3945.49 rows=1019 width=121)
	        Recheck Cond: ((id >= 2602512) AND (id <= 2603511))
	        ->  Bitmap Index Scan on sbtest1_pkey  (cost=0.00..34.62 rows=1019 width=0)
	              Index Cond: ((id >= 2602512) AND (id <= 2603511))

table 2 : explain SELECT count(c) FROM sbtest2 WHERE id BETWEEN 7338210 AND 7339209
	Aggregate  (cost=3540.66..3540.67 rows=1 width=8)
	  ->  Bitmap Heap Scan on sbtest2  (cost=29.78..3538.38 rows=912 width=121)
	        Recheck Cond: ((id >= 7338210) AND (id <= 7339209))
	        ->  Bitmap Index Scan on sbtest2_pkey  (cost=0.00..29.55 rows=912 width=0)
	              Index Cond: ((id >= 7338210) AND (id <= 7339209))

table 3 : explain SELECT count(c) FROM sbtest3 WHERE id BETWEEN 2918838 AND 2919837
	Aggregate  (cost=3726.44..3726.45 rows=1 width=8)
	  ->  Bitmap Heap Scan on sbtest3  (cost=34.28..3724.04 rows=960 width=121)
	        Recheck Cond: ((id >= 2918838) AND (id <= 2919837))
	        ->  Bitmap Index Scan on sbtest3_pkey  (cost=0.00..34.04 rows=960 width=0)
	              Index Cond: ((id >= 2918838) AND (id <= 2919837))

table 4 : explain SELECT count(c) FROM sbtest4 WHERE id BETWEEN 7136681 AND 7137680
	Aggregate  (cost=3940.84..3940.85 rows=1 width=8)
	  ->  Bitmap Heap Scan on sbtest4  (cost=34.84..3938.30 rows=1015 width=121)
	        Recheck Cond: ((id >= 7136681) AND (id <= 7137680))
	        ->  Bitmap Index Scan on sbtest4_pkey  (cost=0.00..34.59 rows=1015 width=0)
	              Index Cond: ((id >= 7136681) AND (id <= 7137680))

table 5 : explain SELECT count(c) FROM sbtest5 WHERE id BETWEEN 441569 AND 442568
	Aggregate  (cost=4110.86..4110.87 rows=1 width=8)
	  ->  Bitmap Heap Scan on sbtest5  (cost=35.30..4108.21 rows=1060 width=121)
	        Recheck Cond: ((id >= 441569) AND (id <= 442568))
	        ->  Bitmap Index Scan on sbtest5_pkey  (cost=0.00..35.04 rows=1060 width=0)
	              Index Cond: ((id >= 441569) AND (id <= 442568))

table 6 : explain SELECT count(c) FROM sbtest6 WHERE id BETWEEN 7395239 AND 7396238
	Aggregate  (cost=3949.68..3949.69 rows=1 width=8)
	  ->  Bitmap Heap Scan on sbtest6  (cost=34.88..3947.13 rows=1019 width=121)
	        Recheck Cond: ((id >= 7395239) AND (id <= 7396238))
	        ->  Bitmap Index Scan on sbtest6_pkey  (cost=0.00..34.62 rows=1019 width=0)
	              Index Cond: ((id >= 7395239) AND (id <= 7396238))

table 7 : explain SELECT count(c) FROM sbtest7 WHERE id BETWEEN 9525654 AND 9526653
	Aggregate  (cost=3891.19..3891.20 rows=1 width=8)
	  ->  Bitmap Heap Scan on sbtest7  (cost=34.73..3888.68 rows=1004 width=121)
	        Recheck Cond: ((id >= 9525654) AND (id <= 9526653))
	        ->  Bitmap Index Scan on sbtest7_pkey  (cost=0.00..34.48 rows=1004 width=0)
	              Index Cond: ((id >= 9525654) AND (id <= 9526653))

table 8 : explain SELECT count(c) FROM sbtest8 WHERE id BETWEEN 6458480 AND 6459479
	Aggregate  (cost=4069.01..4069.02 rows=1 width=8)
	  ->  Bitmap Heap Scan on sbtest8  (cost=35.21..4066.38 rows=1051 width=121)
	        Recheck Cond: ((id >= 6458480) AND (id <= 6459479))
	        ->  Bitmap Index Scan on sbtest8_pkey  (cost=0.00..34.95 rows=1051 width=0)
	              Index Cond: ((id >= 6458480) AND (id <= 6459479))

for: count_ranges
table 1 : explain SELECT count(c) FROM sbtest1 WHERE id BETWEEN 8227537 AND 8228536
	Aggregate  (cost=3793.46..3793.47 rows=1 width=8)
	  ->  Bitmap Heap Scan on sbtest1  (cost=34.46..3791.02 rows=978 width=121)
	        Recheck Cond: ((id >= 8227537) AND (id <= 8228536))
	        ->  Bitmap Index Scan on sbtest1_pkey  (cost=0.00..34.22 rows=978 width=0)
	              Index Cond: ((id >= 8227537) AND (id <= 8228536))

table 2 : explain SELECT count(c) FROM sbtest2 WHERE id BETWEEN 8937119 AND 8938118
	Aggregate  (cost=3718.50..3718.51 rows=1 width=8)
	  ->  Bitmap Heap Scan on sbtest2  (cost=34.25..3716.11 rows=958 width=121)
	        Recheck Cond: ((id >= 8937119) AND (id <= 8938118))
	        ->  Bitmap Index Scan on sbtest2_pkey  (cost=0.00..34.02 rows=958 width=0)
	              Index Cond: ((id >= 8937119) AND (id <= 8938118))

table 3 : explain SELECT count(c) FROM sbtest3 WHERE id BETWEEN 318373 AND 319372
	Aggregate  (cost=3892.48..3892.49 rows=1 width=8)
	  ->  Bitmap Heap Scan on sbtest3  (cost=34.73..3889.97 rows=1004 width=121)
	        Recheck Cond: ((id >= 318373) AND (id <= 319372))
	        ->  Bitmap Index Scan on sbtest3_pkey  (cost=0.00..34.48 rows=1004 width=0)
	              Index Cond: ((id >= 318373) AND (id <= 319372))

table 4 : explain SELECT count(c) FROM sbtest4 WHERE id BETWEEN 7588487 AND 7589486
	Aggregate  (cost=3967.30..3967.31 rows=1 width=8)
	  ->  Bitmap Heap Scan on sbtest4  (cost=34.91..3964.74 rows=1022 width=121)
	        Recheck Cond: ((id >= 7588487) AND (id <= 7589486))
	        ->  Bitmap Index Scan on sbtest4_pkey  (cost=0.00..34.66 rows=1022 width=0)
	              Index Cond: ((id >= 7588487) AND (id <= 7589486))

table 5 : explain SELECT count(c) FROM sbtest5 WHERE id BETWEEN 9166374 AND 9167373
	Aggregate  (cost=4299.65..4299.66 rows=1 width=8)
	  ->  Bitmap Heap Scan on sbtest5  (cost=39.80..4296.88 rows=1109 width=121)
	        Recheck Cond: ((id >= 9166374) AND (id <= 9167373))
	        ->  Bitmap Index Scan on sbtest5_pkey  (cost=0.00..39.53 rows=1109 width=0)
	              Index Cond: ((id >= 9166374) AND (id <= 9167373))

table 6 : explain SELECT count(c) FROM sbtest6 WHERE id BETWEEN 3252608 AND 3253607
	Aggregate  (cost=4145.54..4145.55 rows=1 width=8)
	  ->  Bitmap Heap Scan on sbtest6  (cost=35.41..4142.86 rows=1071 width=121)
	        Recheck Cond: ((id >= 3252608) AND (id <= 3253607))
	        ->  Bitmap Index Scan on sbtest6_pkey  (cost=0.00..35.15 rows=1071 width=0)
	              Index Cond: ((id >= 3252608) AND (id <= 3253607))

table 7 : explain SELECT count(c) FROM sbtest7 WHERE id BETWEEN 5352169 AND 5353168
	Aggregate  (cost=3759.20..3759.21 rows=1 width=8)
	  ->  Bitmap Heap Scan on sbtest7  (cost=34.37..3756.77 rows=969 width=121)
	        Recheck Cond: ((id >= 5352169) AND (id <= 5353168))
	        ->  Bitmap Index Scan on sbtest7_pkey  (cost=0.00..34.12 rows=969 width=0)
	              Index Cond: ((id >= 5352169) AND (id <= 5353168))

table 8 : explain SELECT count(c) FROM sbtest8 WHERE id BETWEEN 6152543 AND 6153542
	Aggregate  (cost=3869.34..3869.35 rows=1 width=8)
	  ->  Bitmap Heap Scan on sbtest8  (cost=34.66..3866.84 rows=998 width=121)
	        Recheck Cond: ((id >= 6152543) AND (id <= 6153542))
	        ->  Bitmap Index Scan on sbtest8_pkey  (cost=0.00..34.42 rows=998 width=0)
	              Index Cond: ((id >= 6152543) AND (id <= 6153542))

for: count_ranges
table 1 : explain SELECT count(c) FROM sbtest1 WHERE id BETWEEN 4650414 AND 4651413
	Aggregate  (cost=4155.05..4155.06 rows=1 width=8)
	  ->  Bitmap Heap Scan on sbtest1  (cost=35.44..4152.37 rows=1074 width=121)
	        Recheck Cond: ((id >= 4650414) AND (id <= 4651413))
	        ->  Bitmap Index Scan on sbtest1_pkey  (cost=0.00..35.18 rows=1074 width=0)
	              Index Cond: ((id >= 4650414) AND (id <= 4651413))

table 2 : explain SELECT count(c) FROM sbtest2 WHERE id BETWEEN 7131902 AND 7132901
	Aggregate  (cost=4287.27..4287.28 rows=1 width=8)
	  ->  Bitmap Heap Scan on sbtest2  (cost=35.81..4284.49 rows=1110 width=121)
	        Recheck Cond: ((id >= 7131902) AND (id <= 7132901))
	        ->  Bitmap Index Scan on sbtest2_pkey  (cost=0.00..35.54 rows=1110 width=0)
	              Index Cond: ((id >= 7131902) AND (id <= 7132901))

table 3 : explain SELECT count(c) FROM sbtest3 WHERE id BETWEEN 74746 AND 75745
	Aggregate  (cost=4167.41..4167.42 rows=1 width=8)
	  ->  Bitmap Heap Scan on sbtest3  (cost=35.47..4164.72 rows=1077 width=121)
	        Recheck Cond: ((id >= 74746) AND (id <= 75745))
	        ->  Bitmap Index Scan on sbtest3_pkey  (cost=0.00..35.20 rows=1077 width=0)
	              Index Cond: ((id >= 74746) AND (id <= 75745))

table 4 : explain SELECT count(c) FROM sbtest4 WHERE id BETWEEN 1738551 AND 1739550
	Aggregate  (cost=3914.38..3914.39 rows=1 width=8)
	  ->  Bitmap Heap Scan on sbtest4  (cost=34.77..3911.86 rows=1008 width=121)
	        Recheck Cond: ((id >= 1738551) AND (id <= 1739550))
	        ->  Bitmap Index Scan on sbtest4_pkey  (cost=0.00..34.52 rows=1008 width=0)
	              Index Cond: ((id >= 1738551) AND (id <= 1739550))

table 5 : explain SELECT count(c) FROM sbtest5 WHERE id BETWEEN 7352030 AND 7353029
	Aggregate  (cost=3974.91..3974.92 rows=1 width=8)
	  ->  Bitmap Heap Scan on sbtest5  (cost=34.93..3972.35 rows=1024 width=121)
	        Recheck Cond: ((id >= 7352030) AND (id <= 7353029))
	        ->  Bitmap Index Scan on sbtest5_pkey  (cost=0.00..34.68 rows=1024 width=0)
	              Index Cond: ((id >= 7352030) AND (id <= 7353029))

table 6 : explain SELECT count(c) FROM sbtest6 WHERE id BETWEEN 4837950 AND 4838949
	Aggregate  (cost=4141.78..4141.79 rows=1 width=8)
	  ->  Bitmap Heap Scan on sbtest6  (cost=35.40..4139.10 rows=1070 width=121)
	        Recheck Cond: ((id >= 4837950) AND (id <= 4838949))
	        ->  Bitmap Index Scan on sbtest6_pkey  (cost=0.00..35.14 rows=1070 width=0)
	              Index Cond: ((id >= 4837950) AND (id <= 4838949))

table 7 : explain SELECT count(c) FROM sbtest7 WHERE id BETWEEN 9742431 AND 9743430
	Aggregate  (cost=3759.20..3759.21 rows=1 width=8)
	  ->  Bitmap Heap Scan on sbtest7  (cost=34.37..3756.77 rows=969 width=121)
	        Recheck Cond: ((id >= 9742431) AND (id <= 9743430))
	        ->  Bitmap Index Scan on sbtest7_pkey  (cost=0.00..34.12 rows=969 width=0)
	              Index Cond: ((id >= 9742431) AND (id <= 9743430))

table 8 : explain SELECT count(c) FROM sbtest8 WHERE id BETWEEN 4273917 AND 4274916
	Aggregate  (cost=3775.03..3775.04 rows=1 width=8)
	  ->  Bitmap Heap Scan on sbtest8  (cost=34.41..3772.60 rows=973 width=121)
	        Recheck Cond: ((id >= 4273917) AND (id <= 4274916))
	        ->  Bitmap Index Scan on sbtest8_pkey  (cost=0.00..34.17 rows=973 width=0)
	              Index Cond: ((id >= 4273917) AND (id <= 4274916))

for: count_ranges
table 1 : explain SELECT count(c) FROM sbtest1 WHERE id BETWEEN 382892 AND 383891
	Aggregate  (cost=4023.36..4023.37 rows=1 width=8)
	  ->  Bitmap Heap Scan on sbtest1  (cost=35.08..4020.76 rows=1039 width=121)
	        Recheck Cond: ((id >= 382892) AND (id <= 383891))
	        ->  Bitmap Index Scan on sbtest1_pkey  (cost=0.00..34.83 rows=1039 width=0)
	              Index Cond: ((id >= 382892) AND (id <= 383891))

table 2 : explain SELECT count(c) FROM sbtest2 WHERE id BETWEEN 9721654 AND 9722653
	Aggregate  (cost=4148.15..4148.16 rows=1 width=8)
	  ->  Bitmap Heap Scan on sbtest2  (cost=35.42..4145.47 rows=1072 width=121)
	        Recheck Cond: ((id >= 9721654) AND (id <= 9722653))
	        ->  Bitmap Index Scan on sbtest2_pkey  (cost=0.00..35.16 rows=1072 width=0)
	              Index Cond: ((id >= 9721654) AND (id <= 9722653))

table 3 : explain SELECT count(c) FROM sbtest3 WHERE id BETWEEN 7305485 AND 7306484
	Aggregate  (cost=3582.62..3582.63 rows=1 width=8)
	  ->  Bitmap Heap Scan on sbtest3  (cost=29.90..3580.31 rows=923 width=121)
	        Recheck Cond: ((id >= 7305485) AND (id <= 7306484))
	        ->  Bitmap Index Scan on sbtest3_pkey  (cost=0.00..29.66 rows=923 width=0)
	              Index Cond: ((id >= 7305485) AND (id <= 7306484))

table 4 : explain SELECT count(c) FROM sbtest4 WHERE id BETWEEN 5998409 AND 5999408
	Aggregate  (cost=3717.63..3717.64 rows=1 width=8)
	  ->  Bitmap Heap Scan on sbtest4  (cost=34.23..3715.24 rows=956 width=121)
	        Recheck Cond: ((id >= 5998409) AND (id <= 5999408))
	        ->  Bitmap Index Scan on sbtest4_pkey  (cost=0.00..34.00 rows=956 width=0)
	              Index Cond: ((id >= 5998409) AND (id <= 5999408))

table 5 : explain SELECT count(c) FROM sbtest5 WHERE id BETWEEN 6266512 AND 6267511
	Aggregate  (cost=3509.00..3509.01 rows=1 width=8)
	  ->  Bitmap Heap Scan on sbtest5  (cost=29.68..3506.74 rows=902 width=121)
	        Recheck Cond: ((id >= 6266512) AND (id <= 6267511))
	        ->  Bitmap Index Scan on sbtest5_pkey  (cost=0.00..29.45 rows=902 width=0)
	              Index Cond: ((id >= 6266512) AND (id <= 6267511))

table 6 : explain SELECT count(c) FROM sbtest6 WHERE id BETWEEN 2231402 AND 2232401
	Aggregate  (cost=3828.98..3828.99 rows=1 width=8)
	  ->  Bitmap Heap Scan on sbtest6  (cost=34.55..3826.51 rows=987 width=121)
	        Recheck Cond: ((id >= 2231402) AND (id <= 2232401))
	        ->  Bitmap Index Scan on sbtest6_pkey  (cost=0.00..34.31 rows=987 width=0)
	              Index Cond: ((id >= 2231402) AND (id <= 2232401))

table 7 : explain SELECT count(c) FROM sbtest7 WHERE id BETWEEN 2929209 AND 2930208
	Aggregate  (cost=4203.56..4203.57 rows=1 width=8)
	  ->  Bitmap Heap Scan on sbtest7  (cost=35.58..4200.85 rows=1087 width=121)
	        Recheck Cond: ((id >= 2929209) AND (id <= 2930208))
	        ->  Bitmap Index Scan on sbtest7_pkey  (cost=0.00..35.31 rows=1087 width=0)
	              Index Cond: ((id >= 2929209) AND (id <= 2930208))

table 8 : explain SELECT count(c) FROM sbtest8 WHERE id BETWEEN 7770327 AND 7771326
	Aggregate  (cost=4520.09..4520.10 rows=1 width=8)
	  ->  Bitmap Heap Scan on sbtest8  (cost=40.44..4517.16 rows=1171 width=121)
	        Recheck Cond: ((id >= 7770327) AND (id <= 7771326))
	        ->  Bitmap Index Scan on sbtest8_pkey  (cost=0.00..40.15 rows=1171 width=0)
	              Index Cond: ((id >= 7770327) AND (id <= 7771326))

for: count_ranges
table 1 : explain SELECT count(c) FROM sbtest1 WHERE id BETWEEN 5683006 AND 5684005
	Aggregate  (cost=3608.22..3608.23 rows=1 width=8)
	  ->  Bitmap Heap Scan on sbtest1  (cost=29.97..3605.90 rows=930 width=121)
	        Recheck Cond: ((id >= 5683006) AND (id <= 5684005))
	        ->  Bitmap Index Scan on sbtest1_pkey  (cost=0.00..29.73 rows=930 width=0)
	              Index Cond: ((id >= 5683006) AND (id <= 5684005))

table 2 : explain SELECT count(c) FROM sbtest2 WHERE id BETWEEN 663987 AND 664986
	Aggregate  (cost=4110.52..4110.53 rows=1 width=8)
	  ->  Bitmap Heap Scan on sbtest2  (cost=35.32..4107.87 rows=1062 width=121)
	        Recheck Cond: ((id >= 663987) AND (id <= 664986))
	        ->  Bitmap Index Scan on sbtest2_pkey  (cost=0.00..35.06 rows=1062 width=0)
	              Index Cond: ((id >= 663987) AND (id <= 664986))

table 3 : explain SELECT count(c) FROM sbtest3 WHERE id BETWEEN 7283202 AND 7284201
	Aggregate  (cost=3582.62..3582.63 rows=1 width=8)
	  ->  Bitmap Heap Scan on sbtest3  (cost=29.90..3580.31 rows=923 width=121)
	        Recheck Cond: ((id >= 7283202) AND (id <= 7284201))
	        ->  Bitmap Index Scan on sbtest3_pkey  (cost=0.00..29.66 rows=923 width=0)
	              Index Cond: ((id >= 7283202) AND (id <= 7284201))

table 4 : explain SELECT count(c) FROM sbtest4 WHERE id BETWEEN 9361729 AND 9362728
	Aggregate  (cost=3933.28..3933.29 rows=1 width=8)
	  ->  Bitmap Heap Scan on sbtest4  (cost=34.82..3930.75 rows=1013 width=121)
	        Recheck Cond: ((id >= 9361729) AND (id <= 9362728))
	        ->  Bitmap Index Scan on sbtest4_pkey  (cost=0.00..34.57 rows=1013 width=0)
	              Index Cond: ((id >= 9361729) AND (id <= 9362728))

table 5 : explain SELECT count(c) FROM sbtest5 WHERE id BETWEEN 1699247 AND 1700246
	Aggregate  (cost=3842.58..3842.59 rows=1 width=8)
	  ->  Bitmap Heap Scan on sbtest5  (cost=34.57..3840.11 rows=989 width=121)
	        Recheck Cond: ((id >= 1699247) AND (id <= 1700246))
	        ->  Bitmap Index Scan on sbtest5_pkey  (cost=0.00..34.33 rows=989 width=0)
	              Index Cond: ((id >= 1699247) AND (id <= 1700246))

table 6 : explain SELECT count(c) FROM sbtest6 WHERE id BETWEEN 467799 AND 468798
	Aggregate  (cost=4062.72..4062.73 rows=1 width=8)
	  ->  Bitmap Heap Scan on sbtest6  (cost=35.19..4060.10 rows=1049 width=121)
	        Recheck Cond: ((id >= 467799) AND (id <= 468798))
	        ->  Bitmap Index Scan on sbtest6_pkey  (cost=0.00..34.93 rows=1049 width=0)
	              Index Cond: ((id >= 467799) AND (id <= 468798))

table 7 : explain SELECT count(c) FROM sbtest7 WHERE id BETWEEN 8918826 AND 8919825
	Aggregate  (cost=4064.42..4064.43 rows=1 width=8)
	  ->  Bitmap Heap Scan on sbtest7  (cost=35.20..4061.79 rows=1050 width=121)
	        Recheck Cond: ((id >= 8918826) AND (id <= 8919825))
	        ->  Bitmap Index Scan on sbtest7_pkey  (cost=0.00..34.94 rows=1050 width=0)
	              Index Cond: ((id >= 8918826) AND (id <= 8919825))

table 8 : explain SELECT count(c) FROM sbtest8 WHERE id BETWEEN 3254099 AND 3255098
	Aggregate  (cost=4001.24..4001.25 rows=1 width=8)
	  ->  Bitmap Heap Scan on sbtest8  (cost=35.02..3998.66 rows=1033 width=121)
	        Recheck Cond: ((id >= 3254099) AND (id <= 3255098))
	        ->  Bitmap Index Scan on sbtest8_pkey  (cost=0.00..34.77 rows=1033 width=0)
	              Index Cond: ((id >= 3254099) AND (id <= 3255098))

for: count_ranges
table 1 : explain SELECT count(c) FROM sbtest1 WHERE id BETWEEN 7998 AND 8997
	Aggregate  (cost=4098.63..4098.64 rows=1 width=8)
	  ->  Bitmap Heap Scan on sbtest1  (cost=35.29..4095.98 rows=1059 width=121)
	        Recheck Cond: ((id >= 7998) AND (id <= 8997))
	        ->  Bitmap Index Scan on sbtest1_pkey  (cost=0.00..35.03 rows=1059 width=0)
	              Index Cond: ((id >= 7998) AND (id <= 8997))

table 2 : explain SELECT count(c) FROM sbtest2 WHERE id BETWEEN 7164703 AND 7165702
	Aggregate  (cost=4287.27..4287.28 rows=1 width=8)
	  ->  Bitmap Heap Scan on sbtest2  (cost=35.81..4284.49 rows=1110 width=121)
	        Recheck Cond: ((id >= 7164703) AND (id <= 7165702))
	        ->  Bitmap Index Scan on sbtest2_pkey  (cost=0.00..35.54 rows=1110 width=0)
	              Index Cond: ((id >= 7164703) AND (id <= 7165702))

table 3 : explain SELECT count(c) FROM sbtest3 WHERE id BETWEEN 5296660 AND 5297659
	Aggregate  (cost=3964.10..3964.11 rows=1 width=8)
	  ->  Bitmap Heap Scan on sbtest3  (cost=34.92..3961.54 rows=1023 width=121)
	        Recheck Cond: ((id >= 5296660) AND (id <= 5297659))
	        ->  Bitmap Index Scan on sbtest3_pkey  (cost=0.00..34.67 rows=1023 width=0)
	              Index Cond: ((id >= 5296660) AND (id <= 5297659))

table 4 : explain SELECT count(c) FROM sbtest4 WHERE id BETWEEN 3108335 AND 3109334
	Aggregate  (cost=3876.57..3876.58 rows=1 width=8)
	  ->  Bitmap Heap Scan on sbtest4  (cost=34.66..3874.08 rows=998 width=121)
	        Recheck Cond: ((id >= 3108335) AND (id <= 3109334))
	        ->  Bitmap Index Scan on sbtest4_pkey  (cost=0.00..34.42 rows=998 width=0)
	              Index Cond: ((id >= 3108335) AND (id <= 3109334))

table 5 : explain SELECT count(c) FROM sbtest5 WHERE id BETWEEN 9315458 AND 9316457
	Aggregate  (cost=3937.11..3937.12 rows=1 width=8)
	  ->  Bitmap Heap Scan on sbtest5  (cost=34.83..3934.58 rows=1014 width=121)
	        Recheck Cond: ((id >= 9315458) AND (id <= 9316457))
	        ->  Bitmap Index Scan on sbtest5_pkey  (cost=0.00..34.58 rows=1014 width=0)
	              Index Cond: ((id >= 9315458) AND (id <= 9316457))

table 6 : explain SELECT count(c) FROM sbtest6 WHERE id BETWEEN 2194932 AND 2195931
	Aggregate  (cost=3828.98..3828.99 rows=1 width=8)
	  ->  Bitmap Heap Scan on sbtest6  (cost=34.55..3826.51 rows=987 width=121)
	        Recheck Cond: ((id >= 2194932) AND (id <= 2195931))
	        ->  Bitmap Index Scan on sbtest6_pkey  (cost=0.00..34.31 rows=987 width=0)
	              Index Cond: ((id >= 2194932) AND (id <= 2195931))

table 7 : explain SELECT count(c) FROM sbtest7 WHERE id BETWEEN 5133665 AND 5134664
	Aggregate  (cost=3585.48..3585.49 rows=1 width=8)
	  ->  Bitmap Heap Scan on sbtest7  (cost=33.90..3583.17 rows=923 width=121)
	        Recheck Cond: ((id >= 5133665) AND (id <= 5134664))
	        ->  Bitmap Index Scan on sbtest7_pkey  (cost=0.00..33.67 rows=923 width=0)
	              Index Cond: ((id >= 5133665) AND (id <= 5134664))

table 8 : explain SELECT count(c) FROM sbtest8 WHERE id BETWEEN 7444293 AND 7445292
	Aggregate  (cost=3669.30..3669.31 rows=1 width=8)
	  ->  Bitmap Heap Scan on sbtest8  (cost=34.12..3666.94 rows=945 width=121)
	        Recheck Cond: ((id >= 7444293) AND (id <= 7445292))
	        ->  Bitmap Index Scan on sbtest8_pkey  (cost=0.00..33.89 rows=945 width=0)
	              Index Cond: ((id >= 7444293) AND (id <= 7445292))

for: count_ranges
table 1 : explain SELECT count(c) FROM sbtest1 WHERE id BETWEEN 5612120 AND 5613119
	Aggregate  (cost=3887.74..3887.75 rows=1 width=8)
	  ->  Bitmap Heap Scan on sbtest1  (cost=34.72..3885.23 rows=1003 width=121)
	        Recheck Cond: ((id >= 5612120) AND (id <= 5613119))
	        ->  Bitmap Index Scan on sbtest1_pkey  (cost=0.00..34.47 rows=1003 width=0)
	              Index Cond: ((id >= 5612120) AND (id <= 5613119))

table 2 : explain SELECT count(c) FROM sbtest2 WHERE id BETWEEN 2158470 AND 2159469
	Aggregate  (cost=3771.36..3771.37 rows=1 width=8)
	  ->  Bitmap Heap Scan on sbtest2  (cost=34.40..3768.93 rows=972 width=121)
	        Recheck Cond: ((id >= 2158470) AND (id <= 2159469))
	        ->  Bitmap Index Scan on sbtest2_pkey  (cost=0.00..34.16 rows=972 width=0)
	              Index Cond: ((id >= 2158470) AND (id <= 2159469))

table 3 : explain SELECT count(c) FROM sbtest3 WHERE id BETWEEN 1999951 AND 2000950
	Aggregate  (cost=3514.53..3514.54 rows=1 width=8)
	  ->  Bitmap Heap Scan on sbtest3  (cost=29.71..3512.27 rows=905 width=121)
	        Recheck Cond: ((id >= 1999951) AND (id <= 2000950))
	        ->  Bitmap Index Scan on sbtest3_pkey  (cost=0.00..29.48 rows=905 width=0)
	              Index Cond: ((id >= 1999951) AND (id <= 2000950))

table 4 : explain SELECT count(c) FROM sbtest4 WHERE id BETWEEN 8025622 AND 8026621
	Aggregate  (cost=3800.91..3800.92 rows=1 width=8)
	  ->  Bitmap Heap Scan on sbtest4  (cost=34.46..3798.47 rows=978 width=121)
	        Recheck Cond: ((id >= 8025622) AND (id <= 8026621))
	        ->  Bitmap Index Scan on sbtest4_pkey  (cost=0.00..34.22 rows=978 width=0)
	              Index Cond: ((id >= 8025622) AND (id <= 8026621))

table 5 : explain SELECT count(c) FROM sbtest5 WHERE id BETWEEN 5490015 AND 5491014
	Aggregate  (cost=3971.13..3971.14 rows=1 width=8)
	  ->  Bitmap Heap Scan on sbtest5  (cost=34.92..3968.57 rows=1023 width=121)
	        Recheck Cond: ((id >= 5490015) AND (id <= 5491014))
	        ->  Bitmap Index Scan on sbtest5_pkey  (cost=0.00..34.67 rows=1023 width=0)
	              Index Cond: ((id >= 5490015) AND (id <= 5491014))

table 6 : explain SELECT count(c) FROM sbtest6 WHERE id BETWEEN 6610031 AND 6611030
	Aggregate  (cost=3628.78..3628.79 rows=1 width=8)
	  ->  Bitmap Heap Scan on sbtest6  (cost=34.01..3626.44 rows=934 width=121)
	        Recheck Cond: ((id >= 6610031) AND (id <= 6611030))
	        ->  Bitmap Index Scan on sbtest6_pkey  (cost=0.00..33.78 rows=934 width=0)
	              Index Cond: ((id >= 6610031) AND (id <= 6611030))

table 7 : explain SELECT count(c) FROM sbtest7 WHERE id BETWEEN 8674918 AND 8675917
	Aggregate  (cost=4271.47..4271.48 rows=1 width=8)
	  ->  Bitmap Heap Scan on sbtest7  (cost=39.76..4268.70 rows=1105 width=121)
	        Recheck Cond: ((id >= 8674918) AND (id <= 8675917))
	        ->  Bitmap Index Scan on sbtest7_pkey  (cost=0.00..39.48 rows=1105 width=0)
	              Index Cond: ((id >= 8674918) AND (id <= 8675917))

table 8 : explain SELECT count(c) FROM sbtest8 WHERE id BETWEEN 3224260 AND 3225259
	Aggregate  (cost=3767.48..3767.49 rows=1 width=8)
	  ->  Bitmap Heap Scan on sbtest8  (cost=34.39..3765.05 rows=971 width=121)
	        Recheck Cond: ((id >= 3224260) AND (id <= 3225259))
	        ->  Bitmap Index Scan on sbtest8_pkey  (cost=0.00..34.15 rows=971 width=0)
	              Index Cond: ((id >= 3224260) AND (id <= 3225259))

for: count_ranges
table 1 : explain SELECT count(c) FROM sbtest1 WHERE id BETWEEN 7368456 AND 7369455
	Aggregate  (cost=3906.59..3906.60 rows=1 width=8)
	  ->  Bitmap Heap Scan on sbtest1  (cost=34.77..3904.07 rows=1008 width=121)
	        Recheck Cond: ((id >= 7368456) AND (id <= 7369455))
	        ->  Bitmap Index Scan on sbtest1_pkey  (cost=0.00..34.52 rows=1008 width=0)
	              Index Cond: ((id >= 7368456) AND (id <= 7369455))

table 2 : explain SELECT count(c) FROM sbtest2 WHERE id BETWEEN 7008156 AND 7009155
	Aggregate  (cost=4001.35..4001.36 rows=1 width=8)
	  ->  Bitmap Heap Scan on sbtest2  (cost=35.02..3998.77 rows=1033 width=121)
	        Recheck Cond: ((id >= 7008156) AND (id <= 7009155))
	        ->  Bitmap Index Scan on sbtest2_pkey  (cost=0.00..34.77 rows=1033 width=0)
	              Index Cond: ((id >= 7008156) AND (id <= 7009155))

table 3 : explain SELECT count(c) FROM sbtest3 WHERE id BETWEEN 4832890 AND 4833889
	Aggregate  (cost=3854.76..3854.77 rows=1 width=8)
	  ->  Bitmap Heap Scan on sbtest3  (cost=34.62..3852.28 rows=994 width=121)
	        Recheck Cond: ((id >= 4832890) AND (id <= 4833889))
	        ->  Bitmap Index Scan on sbtest3_pkey  (cost=0.00..34.38 rows=994 width=0)
	              Index Cond: ((id >= 4832890) AND (id <= 4833889))

table 4 : explain SELECT count(c) FROM sbtest4 WHERE id BETWEEN 3549033 AND 3550032
	Aggregate  (cost=4031.52..4031.53 rows=1 width=8)
	  ->  Bitmap Heap Scan on sbtest4  (cost=35.08..4028.92 rows=1039 width=121)
	        Recheck Cond: ((id >= 3549033) AND (id <= 3550032))
	        ->  Bitmap Index Scan on sbtest4_pkey  (cost=0.00..34.83 rows=1039 width=0)
	              Index Cond: ((id >= 3549033) AND (id <= 3550032))

table 5 : explain SELECT count(c) FROM sbtest5 WHERE id BETWEEN 5184339 AND 5185338
	Aggregate  (cost=3493.82..3493.83 rows=1 width=8)
	  ->  Bitmap Heap Scan on sbtest5  (cost=29.64..3491.57 rows=898 width=121)
	        Recheck Cond: ((id >= 5184339) AND (id <= 5185338))
	        ->  Bitmap Index Scan on sbtest5_pkey  (cost=0.00..29.41 rows=898 width=0)
	              Index Cond: ((id >= 5184339) AND (id <= 5185338))

table 6 : explain SELECT count(c) FROM sbtest6 WHERE id BETWEEN 4796152 AND 4797151
	Aggregate  (cost=4141.78..4141.79 rows=1 width=8)
	  ->  Bitmap Heap Scan on sbtest6  (cost=35.40..4139.10 rows=1070 width=121)
	        Recheck Cond: ((id >= 4796152) AND (id <= 4797151))
	        ->  Bitmap Index Scan on sbtest6_pkey  (cost=0.00..35.14 rows=1070 width=0)
	              Index Cond: ((id >= 4796152) AND (id <= 4797151))

table 7 : explain SELECT count(c) FROM sbtest7 WHERE id BETWEEN 71167 AND 72166
	Aggregate  (cost=3543.68..3543.69 rows=1 width=8)
	  ->  Bitmap Heap Scan on sbtest7  (cost=29.79..3541.39 rows=913 width=121)
	        Recheck Cond: ((id >= 71167) AND (id <= 72166))
	        ->  Bitmap Index Scan on sbtest7_pkey  (cost=0.00..29.57 rows=913 width=0)
	              Index Cond: ((id >= 71167) AND (id <= 72166))

table 8 : explain SELECT count(c) FROM sbtest8 WHERE id BETWEEN 2376495 AND 2377494
	Aggregate  (cost=3865.57..3865.58 rows=1 width=8)
	  ->  Bitmap Heap Scan on sbtest8  (cost=34.65..3863.08 rows=997 width=121)
	        Recheck Cond: ((id >= 2376495) AND (id <= 2377494))
	        ->  Bitmap Index Scan on sbtest8_pkey  (cost=0.00..34.41 rows=997 width=0)
	              Index Cond: ((id >= 2376495) AND (id <= 2377494))

for: count_ranges
table 1 : explain SELECT count(c) FROM sbtest1 WHERE id BETWEEN 5848546 AND 5849545
	Aggregate  (cost=4166.33..4166.34 rows=1 width=8)
	  ->  Bitmap Heap Scan on sbtest1  (cost=35.47..4163.64 rows=1077 width=121)
	        Recheck Cond: ((id >= 5848546) AND (id <= 5849545))
	        ->  Bitmap Index Scan on sbtest1_pkey  (cost=0.00..35.20 rows=1077 width=0)
	              Index Cond: ((id >= 5848546) AND (id <= 5849545))

table 2 : explain SELECT count(c) FROM sbtest2 WHERE id BETWEEN 4554857 AND 4555856
	Aggregate  (cost=3986.28..3986.29 rows=1 width=8)
	  ->  Bitmap Heap Scan on sbtest2  (cost=34.98..3983.71 rows=1029 width=121)
	        Recheck Cond: ((id >= 4554857) AND (id <= 4555856))
	        ->  Bitmap Index Scan on sbtest2_pkey  (cost=0.00..34.73 rows=1029 width=0)
	              Index Cond: ((id >= 4554857) AND (id <= 4555856))

table 3 : explain SELECT count(c) FROM sbtest3 WHERE id BETWEEN 4305839 AND 4306838
	Aggregate  (cost=4043.21..4043.22 rows=1 width=8)
	  ->  Bitmap Heap Scan on sbtest3  (cost=35.14..4040.60 rows=1044 width=121)
	        Recheck Cond: ((id >= 4305839) AND (id <= 4306838))
	        ->  Bitmap Index Scan on sbtest3_pkey  (cost=0.00..34.88 rows=1044 width=0)
	              Index Cond: ((id >= 4305839) AND (id <= 4306838))

table 4 : explain SELECT count(c) FROM sbtest4 WHERE id BETWEEN 9280019 AND 9281018
	Aggregate  (cost=3781.99..3782.00 rows=1 width=8)
	  ->  Bitmap Heap Scan on sbtest4  (cost=34.41..3779.56 rows=973 width=121)
	        Recheck Cond: ((id >= 9280019) AND (id <= 9281018))
	        ->  Bitmap Index Scan on sbtest4_pkey  (cost=0.00..34.17 rows=973 width=0)
	              Index Cond: ((id >= 9280019) AND (id <= 9281018))

table 5 : explain SELECT count(c) FROM sbtest5 WHERE id BETWEEN 7863084 AND 7864083
	Aggregate  (cost=3997.58..3997.59 rows=1 width=8)
	  ->  Bitmap Heap Scan on sbtest5  (cost=34.99..3995.00 rows=1030 width=121)
	        Recheck Cond: ((id >= 7863084) AND (id <= 7864083))
	        ->  Bitmap Index Scan on sbtest5_pkey  (cost=0.00..34.73 rows=1030 width=0)
	              Index Cond: ((id >= 7863084) AND (id <= 7864083))

table 6 : explain SELECT count(c) FROM sbtest6 WHERE id BETWEEN 6464141 AND 6465140
	Aggregate  (cost=3674.14..3674.15 rows=1 width=8)
	  ->  Bitmap Heap Scan on sbtest6  (cost=34.13..3671.77 rows=946 width=121)
	        Recheck Cond: ((id >= 6464141) AND (id <= 6465140))
	        ->  Bitmap Index Scan on sbtest6_pkey  (cost=0.00..33.90 rows=946 width=0)
	              Index Cond: ((id >= 6464141) AND (id <= 6465140))

table 7 : explain SELECT count(c) FROM sbtest7 WHERE id BETWEEN 8221867 AND 8222866
	Aggregate  (cost=3898.72..3898.73 rows=1 width=8)
	  ->  Bitmap Heap Scan on sbtest7  (cost=34.75..3896.21 rows=1006 width=121)
	        Recheck Cond: ((id >= 8221867) AND (id <= 8222866))
	        ->  Bitmap Index Scan on sbtest7_pkey  (cost=0.00..34.50 rows=1006 width=0)
	              Index Cond: ((id >= 8221867) AND (id <= 8222866))

table 8 : explain SELECT count(c) FROM sbtest8 WHERE id BETWEEN 795043 AND 796042
	Aggregate  (cost=3775.03..3775.04 rows=1 width=8)
	  ->  Bitmap Heap Scan on sbtest8  (cost=34.41..3772.60 rows=973 width=121)
	        Recheck Cond: ((id >= 795043) AND (id <= 796042))
	        ->  Bitmap Index Scan on sbtest8_pkey  (cost=0.00..34.17 rows=973 width=0)
	              Index Cond: ((id >= 795043) AND (id <= 796042))

for: count_ranges
table 1 : explain SELECT count(c) FROM sbtest1 WHERE id BETWEEN 1183804 AND 1184803
	Aggregate  (cost=3951.80..3951.81 rows=1 width=8)
	  ->  Bitmap Heap Scan on sbtest1  (cost=34.89..3949.25 rows=1020 width=121)
	        Recheck Cond: ((id >= 1183804) AND (id <= 1184803))
	        ->  Bitmap Index Scan on sbtest1_pkey  (cost=0.00..34.64 rows=1020 width=0)
	              Index Cond: ((id >= 1183804) AND (id <= 1184803))

table 2 : explain SELECT count(c) FROM sbtest2 WHERE id BETWEEN 5641094 AND 5642093
	Aggregate  (cost=4072.89..4072.90 rows=1 width=8)
	  ->  Bitmap Heap Scan on sbtest2  (cost=35.22..4070.26 rows=1052 width=121)
	        Recheck Cond: ((id >= 5641094) AND (id <= 5642093))
	        ->  Bitmap Index Scan on sbtest2_pkey  (cost=0.00..34.95 rows=1052 width=0)
	              Index Cond: ((id >= 5641094) AND (id <= 5642093))

table 3 : explain SELECT count(c) FROM sbtest3 WHERE id BETWEEN 8359529 AND 8360528
	Aggregate  (cost=3522.10..3522.11 rows=1 width=8)
	  ->  Bitmap Heap Scan on sbtest3  (cost=29.73..3519.83 rows=907 width=121)
	        Recheck Cond: ((id >= 8359529) AND (id <= 8360528))
	        ->  Bitmap Index Scan on sbtest3_pkey  (cost=0.00..29.50 rows=907 width=0)
	              Index Cond: ((id >= 8359529) AND (id <= 8360528))

table 4 : explain SELECT count(c) FROM sbtest4 WHERE id BETWEEN 7396324 AND 7397323
	Aggregate  (cost=3831.18..3831.19 rows=1 width=8)
	  ->  Bitmap Heap Scan on sbtest4  (cost=34.54..3828.72 rows=986 width=121)
	        Recheck Cond: ((id >= 7396324) AND (id <= 7397323))
	        ->  Bitmap Index Scan on sbtest4_pkey  (cost=0.00..34.30 rows=986 width=0)
	              Index Cond: ((id >= 7396324) AND (id <= 7397323))

table 5 : explain SELECT count(c) FROM sbtest5 WHERE id BETWEEN 8045651 AND 8046650
	Aggregate  (cost=3800.96..3800.97 rows=1 width=8)
	  ->  Bitmap Heap Scan on sbtest5  (cost=34.46..3798.52 rows=978 width=121)
	        Recheck Cond: ((id >= 8045651) AND (id <= 8046650))
	        ->  Bitmap Index Scan on sbtest5_pkey  (cost=0.00..34.22 rows=978 width=0)
	              Index Cond: ((id >= 8045651) AND (id <= 8046650))

table 6 : explain SELECT count(c) FROM sbtest6 WHERE id BETWEEN 1294502 AND 1295501
	Aggregate  (cost=3953.45..3953.46 rows=1 width=8)
	  ->  Bitmap Heap Scan on sbtest6  (cost=34.89..3950.90 rows=1020 width=121)
	        Recheck Cond: ((id >= 1294502) AND (id <= 1295501))
	        ->  Bitmap Index Scan on sbtest6_pkey  (cost=0.00..34.64 rows=1020 width=0)
	              Index Cond: ((id >= 1294502) AND (id <= 1295501))

table 7 : explain SELECT count(c) FROM sbtest7 WHERE id BETWEEN 6179317 AND 6180316
	Aggregate  (cost=3695.03..3695.04 rows=1 width=8)
	  ->  Bitmap Heap Scan on sbtest7  (cost=34.19..3692.65 rows=952 width=121)
	        Recheck Cond: ((id >= 6179317) AND (id <= 6180316))
	        ->  Bitmap Index Scan on sbtest7_pkey  (cost=0.00..33.95 rows=952 width=0)
	              Index Cond: ((id >= 6179317) AND (id <= 6180316))

table 8 : explain SELECT count(c) FROM sbtest8 WHERE id BETWEEN 6790990 AND 6791989
	Aggregate  (cost=4512.59..4512.60 rows=1 width=8)
	  ->  Bitmap Heap Scan on sbtest8  (cost=40.42..4509.67 rows=1169 width=121)
	        Recheck Cond: ((id >= 6790990) AND (id <= 6791989))
	        ->  Bitmap Index Scan on sbtest8_pkey  (cost=0.00..40.12 rows=1169 width=0)
	              Index Cond: ((id >= 6790990) AND (id <= 6791989))

for: count_ranges
table 1 : explain SELECT count(c) FROM sbtest1 WHERE id BETWEEN 673759 AND 674758
	Aggregate  (cost=3989.47..3989.48 rows=1 width=8)
	  ->  Bitmap Heap Scan on sbtest1  (cost=34.99..3986.89 rows=1030 width=121)
	        Recheck Cond: ((id >= 673759) AND (id <= 674758))
	        ->  Bitmap Index Scan on sbtest1_pkey  (cost=0.00..34.73 rows=1030 width=0)
	              Index Cond: ((id >= 673759) AND (id <= 674758))

table 2 : explain SELECT count(c) FROM sbtest2 WHERE id BETWEEN 5538507 AND 5539506
	Aggregate  (cost=3963.68..3963.69 rows=1 width=8)
	  ->  Bitmap Heap Scan on sbtest2  (cost=34.92..3961.12 rows=1023 width=121)
	        Recheck Cond: ((id >= 5538507) AND (id <= 5539506))
	        ->  Bitmap Index Scan on sbtest2_pkey  (cost=0.00..34.67 rows=1023 width=0)
	              Index Cond: ((id >= 5538507) AND (id <= 5539506))

table 3 : explain SELECT count(c) FROM sbtest3 WHERE id BETWEEN 6820124 AND 6821123
	Aggregate  (cost=3809.49..3809.50 rows=1 width=8)
	  ->  Bitmap Heap Scan on sbtest3  (cost=34.50..3807.03 rows=982 width=121)
	        Recheck Cond: ((id >= 6820124) AND (id <= 6821123))
	        ->  Bitmap Index Scan on sbtest3_pkey  (cost=0.00..34.26 rows=982 width=0)
	              Index Cond: ((id >= 6820124) AND (id <= 6821123))

table 4 : explain SELECT count(c) FROM sbtest4 WHERE id BETWEEN 9950610 AND 9951609
	Aggregate  (cost=4201.35..4201.36 rows=1 width=8)
	  ->  Bitmap Heap Scan on sbtest4  (cost=35.55..4198.64 rows=1084 width=121)
	        Recheck Cond: ((id >= 9950610) AND (id <= 9951609))
	        ->  Bitmap Index Scan on sbtest4_pkey  (cost=0.00..35.28 rows=1084 width=0)
	              Index Cond: ((id >= 9950610) AND (id <= 9951609))

table 5 : explain SELECT count(c) FROM sbtest5 WHERE id BETWEEN 6550960 AND 6551959
	Aggregate  (cost=3800.96..3800.97 rows=1 width=8)
	  ->  Bitmap Heap Scan on sbtest5  (cost=34.46..3798.52 rows=978 width=121)
	        Recheck Cond: ((id >= 6550960) AND (id <= 6551959))
	        ->  Bitmap Index Scan on sbtest5_pkey  (cost=0.00..34.22 rows=978 width=0)
	              Index Cond: ((id >= 6550960) AND (id <= 6551959))

table 6 : explain SELECT count(c) FROM sbtest6 WHERE id BETWEEN 8804458 AND 8805457
	Aggregate  (cost=3761.03..3761.04 rows=1 width=8)
	  ->  Bitmap Heap Scan on sbtest6  (cost=34.37..3758.61 rows=969 width=121)
	        Recheck Cond: ((id >= 8804458) AND (id <= 8805457))
	        ->  Bitmap Index Scan on sbtest6_pkey  (cost=0.00..34.12 rows=969 width=0)
	              Index Cond: ((id >= 8804458) AND (id <= 8805457))

table 7 : explain SELECT count(c) FROM sbtest7 WHERE id BETWEEN 2413974 AND 2414973
	Aggregate  (cost=3849.72..3849.73 rows=1 width=8)
	  ->  Bitmap Heap Scan on sbtest7  (cost=34.61..3847.24 rows=993 width=121)
	        Recheck Cond: ((id >= 2413974) AND (id <= 2414973))
	        ->  Bitmap Index Scan on sbtest7_pkey  (cost=0.00..34.37 rows=993 width=0)
	              Index Cond: ((id >= 2413974) AND (id <= 2414973))

table 8 : explain SELECT count(c) FROM sbtest8 WHERE id BETWEEN 3030610 AND 3031609
	Aggregate  (cost=3707.07..3707.08 rows=1 width=8)
	  ->  Bitmap Heap Scan on sbtest8  (cost=34.22..3704.69 rows=955 width=121)
	        Recheck Cond: ((id >= 3030610) AND (id <= 3031609))
	        ->  Bitmap Index Scan on sbtest8_pkey  (cost=0.00..33.98 rows=955 width=0)
	              Index Cond: ((id >= 3030610) AND (id <= 3031609))

Threads started!

Warming up for 5 seconds...

SQL statistics:
    queries performed:
        read:                            18939197
        write:                           0
        other:                           0
        total:                           18939197
    transactions:                        18939197 (30061.92 per sec.)
    queries:                             18939197 (30061.92 per sec.)
    ignored errors:                      0      (0.00 per sec.)
    reconnects:                          0      (0.00 per sec.)

Throughput:
    events/s (eps):                      30061.9188
    time elapsed:                        630.0064s
    total number of events:              18939197

Latency (ms):
         min:                                    0.09
         avg:                                    1.33
         max:                                    9.50
         95th percentile:                        1.44
         sum:                             25190049.87

Threads fairness:
    events (avg/stddev):           473479.2500/950.67
    execution time (avg/stddev):   629.7512/0.00

