LUA_PATH=/home/mdcallag/git/mytools/bench/sysbench.lua/lua/?.lua /home/mdcallag/git/mytools/bench/sysbench.lua/lua/sysbench --db-driver=pgsql --range-size=100 --table-size=10000000 --tables=8 --threads=40 --events=0 --warmup-time=5 --time=930 --pgsql_conn_id=true /home/mdcallag/git/mytools/bench/sysbench.lua/lua/oltp_inlist_update.lua run --pgsql-user=root --pgsql-password=pw --pgsql-host=127.0.0.1 --pgsql-db=ib --rand-type=uniform
48 CPUs
sysbench 1.1.0-9072687 (using bundled LuaJIT 2.1.0-beta3)

Running the test with following options:
Number of threads: 40
Warmup time: 5s
Initializing random number generator from current time


Initializing worker threads...

explain: for update-inlist :: explain UPDATE sbtest%d set c=7 WHERE id IN ( 9899653, 9730711, 1850965, 4968111, 9082755, 4977711, 2892284, 8246539, 1753696, 5109643)
explain: for update-inlist :: explain UPDATE sbtest%d set c=7 WHERE id IN ( 9444692, 4784932, 1121580, 633987, 5848223, 3165254, 9753317, 363643, 7191840, 717960)
for update-inlist
table 1 : explain UPDATE sbtest1 set c=7 WHERE id IN ( 9899653, 9730711, 1850965, 4968111, 9082755, 4977711, 2892284, 8246539, 1753696, 5109643)
	Update on sbtest1  (cost=0.43..48.53 rows=0 width=0)
	  ->  Index Scan using sbtest1_pkey on sbtest1  (cost=0.43..48.53 rows=10 width=490)
	        Index Cond: (id = ANY ('{9899653,9730711,1850965,4968111,9082755,4977711,2892284,8246539,1753696,5109643}'::integer[]))

table 2 : explain UPDATE sbtest2 set c=7 WHERE id IN ( 9899653, 9730711, 1850965, 4968111, 9082755, 4977711, 2892284, 8246539, 1753696, 5109643)
	Update on sbtest2  (cost=0.43..48.53 rows=0 width=0)
	  ->  Index Scan using sbtest2_pkey on sbtest2  (cost=0.43..48.53 rows=10 width=490)
	        Index Cond: (id = ANY ('{9899653,9730711,1850965,4968111,9082755,4977711,2892284,8246539,1753696,5109643}'::integer[]))

table 3 : explain UPDATE sbtest3 set c=7 WHERE id IN ( 9899653, 9730711, 1850965, 4968111, 9082755, 4977711, 2892284, 8246539, 1753696, 5109643)
	Update on sbtest3  (cost=0.43..48.53 rows=0 width=0)
	  ->  Index Scan using sbtest3_pkey on sbtest3  (cost=0.43..48.53 rows=10 width=490)
	        Index Cond: (id = ANY ('{9899653,9730711,1850965,4968111,9082755,4977711,2892284,8246539,1753696,5109643}'::integer[]))

table 4 : explain UPDATE sbtest4 set c=7 WHERE id IN ( 9899653, 9730711, 1850965, 4968111, 9082755, 4977711, 2892284, 8246539, 1753696, 5109643)
	Update on sbtest4  (cost=0.43..48.53 rows=0 width=0)
	  ->  Index Scan using sbtest4_pkey on sbtest4  (cost=0.43..48.53 rows=10 width=490)
	        Index Cond: (id = ANY ('{9899653,9730711,1850965,4968111,9082755,4977711,2892284,8246539,1753696,5109643}'::integer[]))

table 5 : explain UPDATE sbtest5 set c=7 WHERE id IN ( 9899653, 9730711, 1850965, 4968111, 9082755, 4977711, 2892284, 8246539, 1753696, 5109643)
	Update on sbtest5  (cost=0.43..48.53 rows=0 width=0)
	  ->  Index Scan using sbtest5_pkey on sbtest5  (cost=0.43..48.53 rows=10 width=490)
	        Index Cond: (id = ANY ('{9899653,9730711,1850965,4968111,9082755,4977711,2892284,8246539,1753696,5109643}'::integer[]))

table 6 : explain UPDATE sbtest6 set c=7 WHERE id IN ( 9899653, 9730711, 1850965, 4968111, 9082755, 4977711, 2892284, 8246539, 1753696, 5109643)
	Update on sbtest6  (cost=0.43..48.53 rows=0 width=0)
	  ->  Index Scan using sbtest6_pkey on sbtest6  (cost=0.43..48.53 rows=10 width=490)
	        Index Cond: (id = ANY ('{9899653,9730711,1850965,4968111,9082755,4977711,2892284,8246539,1753696,5109643}'::integer[]))

table 7 : explain UPDATE sbtest7 set c=7 WHERE id IN ( 9899653, 9730711, 1850965, 4968111, 9082755, 4977711, 2892284, 8246539, 1753696, 5109643)
	Update on sbtest7  (cost=0.43..48.53 rows=0 width=0)
	  ->  Index Scan using sbtest7_pkey on sbtest7  (cost=0.43..48.53 rows=10 width=490)
	        Index Cond: (id = ANY ('{9899653,9730711,1850965,4968111,9082755,4977711,2892284,8246539,1753696,5109643}'::integer[]))

table 8 : explain UPDATE sbtest8 set c=7 WHERE id IN ( 9899653, 9730711, 1850965, 4968111, 9082755, 4977711, 2892284, 8246539, 1753696, 5109643)
	Update on sbtest8  (cost=0.43..48.53 rows=0 width=0)
	  ->  Index Scan using sbtest8_pkey on sbtest8  (cost=0.43..48.53 rows=10 width=490)
	        Index Cond: (id = ANY ('{9899653,9730711,1850965,4968111,9082755,4977711,2892284,8246539,1753696,5109643}'::integer[]))

explain: for update-inlist :: explain UPDATE sbtest%d set c=7 WHERE id IN ( 5893, 6187993, 662387, 7886621, 59831, 7588527, 8538568, 7797353, 4681407, 1435949)
explain: for update-inlist :: explain UPDATE sbtest%d set c=7 WHERE id IN ( 4812327, 5951961, 593358, 1325743, 8470113, 3851749, 8106967, 8866802, 1351082, 6316897)
for update-inlist
table 1 : explain UPDATE sbtest1 set c=7 WHERE id IN ( 9444692, 4784932, 1121580, 633987, 5848223, 3165254, 9753317, 363643, 7191840, 717960)
	Update on sbtest1  (cost=0.43..48.53 rows=0 width=0)
	  ->  Index Scan using sbtest1_pkey on sbtest1  (cost=0.43..48.53 rows=10 width=490)
	        Index Cond: (id = ANY ('{9444692,4784932,1121580,633987,5848223,3165254,9753317,363643,7191840,717960}'::integer[]))

table 2 : explain UPDATE sbtest2 set c=7 WHERE id IN ( 9444692, 4784932, 1121580, 633987, 5848223, 3165254, 9753317, 363643, 7191840, 717960)
	Update on sbtest2  (cost=0.43..48.53 rows=0 width=0)
	  ->  Index Scan using sbtest2_pkey on sbtest2  (cost=0.43..48.53 rows=10 width=490)
	        Index Cond: (id = ANY ('{9444692,4784932,1121580,633987,5848223,3165254,9753317,363643,7191840,717960}'::integer[]))

table 3 : explain UPDATE sbtest3 set c=7 WHERE id IN ( 9444692, 4784932, 1121580, 633987, 5848223, 3165254, 9753317, 363643, 7191840, 717960)
	Update on sbtest3  (cost=0.43..48.53 rows=0 width=0)
	  ->  Index Scan using sbtest3_pkey on sbtest3  (cost=0.43..48.53 rows=10 width=490)
	        Index Cond: (id = ANY ('{9444692,4784932,1121580,633987,5848223,3165254,9753317,363643,7191840,717960}'::integer[]))

table 4 : explain UPDATE sbtest4 set c=7 WHERE id IN ( 9444692, 4784932, 1121580, 633987, 5848223, 3165254, 9753317, 363643, 7191840, 717960)
	Update on sbtest4  (cost=0.43..48.53 rows=0 width=0)
	  ->  Index Scan using sbtest4_pkey on sbtest4  (cost=0.43..48.53 rows=10 width=490)
	        Index Cond: (id = ANY ('{9444692,4784932,1121580,633987,5848223,3165254,9753317,363643,7191840,717960}'::integer[]))

table 5 : explain UPDATE sbtest5 set c=7 WHERE id IN ( 9444692, 4784932, 1121580, 633987, 5848223, 3165254, 9753317, 363643, 7191840, 717960)
	Update on sbtest5  (cost=0.43..48.53 rows=0 width=0)
	  ->  Index Scan using sbtest5_pkey on sbtest5  (cost=0.43..48.53 rows=10 width=490)
	        Index Cond: (id = ANY ('{9444692,4784932,1121580,633987,5848223,3165254,9753317,363643,7191840,717960}'::integer[]))

table 6 : explain UPDATE sbtest6 set c=7 WHERE id IN ( 9444692, 4784932, 1121580, 633987, 5848223, 3165254, 9753317, 363643, 7191840, 717960)
	Update on sbtest6  (cost=0.43..48.53 rows=0 width=0)
	  ->  Index Scan using sbtest6_pkey on sbtest6  (cost=0.43..48.53 rows=10 width=490)
	        Index Cond: (id = ANY ('{9444692,4784932,1121580,633987,5848223,3165254,9753317,363643,7191840,717960}'::integer[]))

table 7 : explain UPDATE sbtest7 set c=7 WHERE id IN ( 9444692, 4784932, 1121580, 633987, 5848223, 3165254, 9753317, 363643, 7191840, 717960)
	Update on sbtest7  (cost=0.43..48.53 rows=0 width=0)
	  ->  Index Scan using sbtest7_pkey on sbtest7  (cost=0.43..48.53 rows=10 width=490)
	        Index Cond: (id = ANY ('{9444692,4784932,1121580,633987,5848223,3165254,9753317,363643,7191840,717960}'::integer[]))

table 8 : explain UPDATE sbtest8 set c=7 WHERE id IN ( 9444692, 4784932, 1121580, 633987, 5848223, 3165254, 9753317, 363643, 7191840, 717960)
	Update on sbtest8  (cost=0.43..48.53 rows=0 width=0)
	  ->  Index Scan using sbtest8_pkey on sbtest8  (cost=0.43..48.53 rows=10 width=490)
	        Index Cond: (id = ANY ('{9444692,4784932,1121580,633987,5848223,3165254,9753317,363643,7191840,717960}'::integer[]))

explain: for update-inlist :: explain UPDATE sbtest%d set c=7 WHERE id IN ( 329640, 593162, 5252455, 7119967, 481657, 1071720, 1001350, 6336422, 644822, 2455266)
for update-inlist
table 1 : explain UPDATE sbtest1 set c=7 WHERE id IN ( 5893, 6187993, 662387, 7886621, 59831, 7588527, 8538568, 7797353, 4681407, 1435949)
	Update on sbtest1  (cost=0.43..48.53 rows=0 width=0)
	  ->  Index Scan using sbtest1_pkey on sbtest1  (cost=0.43..48.53 rows=10 width=490)
	        Index Cond: (id = ANY ('{5893,6187993,662387,7886621,59831,7588527,8538568,7797353,4681407,1435949}'::integer[]))

table 2 : explain UPDATE sbtest2 set c=7 WHERE id IN ( 5893, 6187993, 662387, 7886621, 59831, 7588527, 8538568, 7797353, 4681407, 1435949)
	Update on sbtest2  (cost=0.43..48.53 rows=0 width=0)
	  ->  Index Scan using sbtest2_pkey on sbtest2  (cost=0.43..48.53 rows=10 width=490)
	        Index Cond: (id = ANY ('{5893,6187993,662387,7886621,59831,7588527,8538568,7797353,4681407,1435949}'::integer[]))

table 3 : explain UPDATE sbtest3 set c=7 WHERE id IN ( 5893, 6187993, 662387, 7886621, 59831, 7588527, 8538568, 7797353, 4681407, 1435949)
	Update on sbtest3  (cost=0.43..48.53 rows=0 width=0)
	  ->  Index Scan using sbtest3_pkey on sbtest3  (cost=0.43..48.53 rows=10 width=490)
	        Index Cond: (id = ANY ('{5893,6187993,662387,7886621,59831,7588527,8538568,7797353,4681407,1435949}'::integer[]))

table 4 : explain UPDATE sbtest4 set c=7 WHERE id IN ( 5893, 6187993, 662387, 7886621, 59831, 7588527, 8538568, 7797353, 4681407, 1435949)
	Update on sbtest4  (cost=0.43..48.53 rows=0 width=0)
	  ->  Index Scan using sbtest4_pkey on sbtest4  (cost=0.43..48.53 rows=10 width=490)
	        Index Cond: (id = ANY ('{5893,6187993,662387,7886621,59831,7588527,8538568,7797353,4681407,1435949}'::integer[]))

table 5 : explain UPDATE sbtest5 set c=7 WHERE id IN ( 5893, 6187993, 662387, 7886621, 59831, 7588527, 8538568, 7797353, 4681407, 1435949)
	Update on sbtest5  (cost=0.43..48.53 rows=0 width=0)
	  ->  Index Scan using sbtest5_pkey on sbtest5  (cost=0.43..48.53 rows=10 width=490)
	        Index Cond: (id = ANY ('{5893,6187993,662387,7886621,59831,7588527,8538568,7797353,4681407,1435949}'::integer[]))

table 6 : explain UPDATE sbtest6 set c=7 WHERE id IN ( 5893, 6187993, 662387, 7886621, 59831, 7588527, 8538568, 7797353, 4681407, 1435949)
	Update on sbtest6  (cost=0.43..48.53 rows=0 width=0)
	  ->  Index Scan using sbtest6_pkey on sbtest6  (cost=0.43..48.53 rows=10 width=490)
	        Index Cond: (id = ANY ('{5893,6187993,662387,7886621,59831,7588527,8538568,7797353,4681407,1435949}'::integer[]))

table 7 : explain UPDATE sbtest7 set c=7 WHERE id IN ( 5893, 6187993, 662387, 7886621, 59831, 7588527, 8538568, 7797353, 4681407, 1435949)
	Update on sbtest7  (cost=0.43..48.53 rows=0 width=0)
	  ->  Index Scan using sbtest7_pkey on sbtest7  (cost=0.43..48.53 rows=10 width=490)
	        Index Cond: (id = ANY ('{5893,6187993,662387,7886621,59831,7588527,8538568,7797353,4681407,1435949}'::integer[]))

table 8 : explain UPDATE sbtest8 set c=7 WHERE id IN ( 5893, 6187993, 662387, 7886621, 59831, 7588527, 8538568, 7797353, 4681407, 1435949)
	Update on sbtest8  (cost=0.43..48.53 rows=0 width=0)
	  ->  Index Scan using sbtest8_pkey on sbtest8  (cost=0.43..48.53 rows=10 width=490)
	        Index Cond: (id = ANY ('{5893,6187993,662387,7886621,59831,7588527,8538568,7797353,4681407,1435949}'::integer[]))

for update-inlist
table 1 : explain UPDATE sbtest1 set c=7 WHERE id IN ( 4812327, 5951961, 593358, 1325743, 8470113, 3851749, 8106967, 8866802, 1351082, 6316897)
	Update on sbtest1  (cost=0.43..48.53 rows=0 width=0)
	  ->  Index Scan using sbtest1_pkey on sbtest1  (cost=0.43..48.53 rows=10 width=490)
	        Index Cond: (id = ANY ('{4812327,5951961,593358,1325743,8470113,3851749,8106967,8866802,1351082,6316897}'::integer[]))

table 2 : explain UPDATE sbtest2 set c=7 WHERE id IN ( 4812327, 5951961, 593358, 1325743, 8470113, 3851749, 8106967, 8866802, 1351082, 6316897)
	Update on sbtest2  (cost=0.43..48.53 rows=0 width=0)
	  ->  Index Scan using sbtest2_pkey on sbtest2  (cost=0.43..48.53 rows=10 width=490)
	        Index Cond: (id = ANY ('{4812327,5951961,593358,1325743,8470113,3851749,8106967,8866802,1351082,6316897}'::integer[]))

table 3 : explain UPDATE sbtest3 set c=7 WHERE id IN ( 4812327, 5951961, 593358, 1325743, 8470113, 3851749, 8106967, 8866802, 1351082, 6316897)
	Update on sbtest3  (cost=0.43..48.53 rows=0 width=0)
	  ->  Index Scan using sbtest3_pkey on sbtest3  (cost=0.43..48.53 rows=10 width=490)
	        Index Cond: (id = ANY ('{4812327,5951961,593358,1325743,8470113,3851749,8106967,8866802,1351082,6316897}'::integer[]))

table 4 : explain UPDATE sbtest4 set c=7 WHERE id IN ( 4812327, 5951961, 593358, 1325743, 8470113, 3851749, 8106967, 8866802, 1351082, 6316897)
	Update on sbtest4  (cost=0.43..48.53 rows=0 width=0)
	  ->  Index Scan using sbtest4_pkey on sbtest4  (cost=0.43..48.53 rows=10 width=490)
	        Index Cond: (id = ANY ('{4812327,5951961,593358,1325743,8470113,3851749,8106967,8866802,1351082,6316897}'::integer[]))

table 5 : explain UPDATE sbtest5 set c=7 WHERE id IN ( 4812327, 5951961, 593358, 1325743, 8470113, 3851749, 8106967, 8866802, 1351082, 6316897)
	Update on sbtest5  (cost=0.43..48.53 rows=0 width=0)
	  ->  Index Scan using sbtest5_pkey on sbtest5  (cost=0.43..48.53 rows=10 width=490)
	        Index Cond: (id = ANY ('{4812327,5951961,593358,1325743,8470113,3851749,8106967,8866802,1351082,6316897}'::integer[]))

table 6 : explain UPDATE sbtest6 set c=7 WHERE id IN ( 4812327, 5951961, 593358, 1325743, 8470113, 3851749, 8106967, 8866802, 1351082, 6316897)
	Update on sbtest6  (cost=0.43..48.53 rows=0 width=0)
	  ->  Index Scan using sbtest6_pkey on sbtest6  (cost=0.43..48.53 rows=10 width=490)
	        Index Cond: (id = ANY ('{4812327,5951961,593358,1325743,8470113,3851749,8106967,8866802,1351082,6316897}'::integer[]))

table 7 : explain UPDATE sbtest7 set c=7 WHERE id IN ( 4812327, 5951961, 593358, 1325743, 8470113, 3851749, 8106967, 8866802, 1351082, 6316897)
	Update on sbtest7  (cost=0.43..48.53 rows=0 width=0)
	  ->  Index Scan using sbtest7_pkey on sbtest7  (cost=0.43..48.53 rows=10 width=490)
	        Index Cond: (id = ANY ('{4812327,5951961,593358,1325743,8470113,3851749,8106967,8866802,1351082,6316897}'::integer[]))

table 8 : explain UPDATE sbtest8 set c=7 WHERE id IN ( 4812327, 5951961, 593358, 1325743, 8470113, 3851749, 8106967, 8866802, 1351082, 6316897)
	Update on sbtest8  (cost=0.43..48.53 rows=0 width=0)
	  ->  Index Scan using sbtest8_pkey on sbtest8  (cost=0.43..48.53 rows=10 width=490)
	        Index Cond: (id = ANY ('{4812327,5951961,593358,1325743,8470113,3851749,8106967,8866802,1351082,6316897}'::integer[]))

for update-inlist
table 1 : explain UPDATE sbtest1 set c=7 WHERE id IN ( 329640, 593162, 5252455, 7119967, 481657, 1071720, 1001350, 6336422, 644822, 2455266)
	Update on sbtest1  (cost=0.43..48.53 rows=0 width=0)
	  ->  Index Scan using sbtest1_pkey on sbtest1  (cost=0.43..48.53 rows=10 width=490)
	        Index Cond: (id = ANY ('{329640,593162,5252455,7119967,481657,1071720,1001350,6336422,644822,2455266}'::integer[]))

table 2 : explain UPDATE sbtest2 set c=7 WHERE id IN ( 329640, 593162, 5252455, 7119967, 481657, 1071720, 1001350, 6336422, 644822, 2455266)
	Update on sbtest2  (cost=0.43..48.53 rows=0 width=0)
	  ->  Index Scan using sbtest2_pkey on sbtest2  (cost=0.43..48.53 rows=10 width=490)
	        Index Cond: (id = ANY ('{329640,593162,5252455,7119967,481657,1071720,1001350,6336422,644822,2455266}'::integer[]))

table 3 : explain UPDATE sbtest3 set c=7 WHERE id IN ( 329640, 593162, 5252455, 7119967, 481657, 1071720, 1001350, 6336422, 644822, 2455266)
	Update on sbtest3  (cost=0.43..48.53 rows=0 width=0)
	  ->  Index Scan using sbtest3_pkey on sbtest3  (cost=0.43..48.53 rows=10 width=490)
	        Index Cond: (id = ANY ('{329640,593162,5252455,7119967,481657,1071720,1001350,6336422,644822,2455266}'::integer[]))

table 4 : explain UPDATE sbtest4 set c=7 WHERE id IN ( 329640, 593162, 5252455, 7119967, 481657, 1071720, 1001350, 6336422, 644822, 2455266)
	Update on sbtest4  (cost=0.43..48.53 rows=0 width=0)
	  ->  Index Scan using sbtest4_pkey on sbtest4  (cost=0.43..48.53 rows=10 width=490)
	        Index Cond: (id = ANY ('{329640,593162,5252455,7119967,481657,1071720,1001350,6336422,644822,2455266}'::integer[]))

table 5 : explain UPDATE sbtest5 set c=7 WHERE id IN ( 329640, 593162, 5252455, 7119967, 481657, 1071720, 1001350, 6336422, 644822, 2455266)
	Update on sbtest5  (cost=0.43..48.53 rows=0 width=0)
	  ->  Index Scan using sbtest5_pkey on sbtest5  (cost=0.43..48.53 rows=10 width=490)
	        Index Cond: (id = ANY ('{329640,593162,5252455,7119967,481657,1071720,1001350,6336422,644822,2455266}'::integer[]))

table 6 : explain UPDATE sbtest6 set c=7 WHERE id IN ( 329640, 593162, 5252455, 7119967, 481657, 1071720, 1001350, 6336422, 644822, 2455266)
	Update on sbtest6  (cost=0.43..48.53 rows=0 width=0)
	  ->  Index Scan using sbtest6_pkey on sbtest6  (cost=0.43..48.53 rows=10 width=490)
	        Index Cond: (id = ANY ('{329640,593162,5252455,7119967,481657,1071720,1001350,6336422,644822,2455266}'::integer[]))

table 7 : explain UPDATE sbtest7 set c=7 WHERE id IN ( 329640, 593162, 5252455, 7119967, 481657, 1071720, 1001350, 6336422, 644822, 2455266)
	Update on sbtest7  (cost=0.43..48.53 rows=0 width=0)
	  ->  Index Scan using sbtest7_pkey on sbtest7  (cost=0.43..48.53 rows=10 width=490)
	        Index Cond: (id = ANY ('{329640,593162,5252455,7119967,481657,1071720,1001350,6336422,644822,2455266}'::integer[]))

table 8 : explain UPDATE sbtest8 set c=7 WHERE id IN ( 329640, 593162, 5252455, 7119967, 481657, 1071720, 1001350, 6336422, 644822, 2455266)
	Update on sbtest8  (cost=0.43..48.53 rows=0 width=0)
	  ->  Index Scan using sbtest8_pkey on sbtest8  (cost=0.43..48.53 rows=10 width=490)
	        Index Cond: (id = ANY ('{329640,593162,5252455,7119967,481657,1071720,1001350,6336422,644822,2455266}'::integer[]))

explain: for update-inlist :: explain UPDATE sbtest%d set c=7 WHERE id IN ( 4790179, 4488563, 9831891, 121156, 5347319, 5137962, 7360997, 6913560, 7248031, 7783872)
explain: for update-inlist :: explain UPDATE sbtest%d set c=7 WHERE id IN ( 4690691, 3383632, 8183875, 5752967, 569345, 2727568, 3023387, 5782593, 6609036, 4780972)
explain: for update-inlist :: explain UPDATE sbtest%d set c=7 WHERE id IN ( 2146114, 3259231, 8381340, 6180796, 324645, 5126720, 7059230, 6160628, 4921610, 163540)
explain: for update-inlist :: explain UPDATE sbtest%d set c=7 WHERE id IN ( 483696, 6570980, 3159985, 2198267, 9395928, 4105969, 5924283, 3318844, 8883058, 438028)
for update-inlist
table 1 : explain UPDATE sbtest1 set c=7 WHERE id IN ( 4790179, 4488563, 9831891, 121156, 5347319, 5137962, 7360997, 6913560, 7248031, 7783872)
	Update on sbtest1  (cost=0.43..48.53 rows=0 width=0)
	  ->  Index Scan using sbtest1_pkey on sbtest1  (cost=0.43..48.53 rows=10 width=490)
	        Index Cond: (id = ANY ('{4790179,4488563,9831891,121156,5347319,5137962,7360997,6913560,7248031,7783872}'::integer[]))

table 2 : explain UPDATE sbtest2 set c=7 WHERE id IN ( 4790179, 4488563, 9831891, 121156, 5347319, 5137962, 7360997, 6913560, 7248031, 7783872)
	Update on sbtest2  (cost=0.43..48.53 rows=0 width=0)
	  ->  Index Scan using sbtest2_pkey on sbtest2  (cost=0.43..48.53 rows=10 width=490)
	        Index Cond: (id = ANY ('{4790179,4488563,9831891,121156,5347319,5137962,7360997,6913560,7248031,7783872}'::integer[]))

table 3 : explain UPDATE sbtest3 set c=7 WHERE id IN ( 4790179, 4488563, 9831891, 121156, 5347319, 5137962, 7360997, 6913560, 7248031, 7783872)
	Update on sbtest3  (cost=0.43..48.53 rows=0 width=0)
	  ->  Index Scan using sbtest3_pkey on sbtest3  (cost=0.43..48.53 rows=10 width=490)
	        Index Cond: (id = ANY ('{4790179,4488563,9831891,121156,5347319,5137962,7360997,6913560,7248031,7783872}'::integer[]))

table 4 : explain UPDATE sbtest4 set c=7 WHERE id IN ( 4790179, 4488563, 9831891, 121156, 5347319, 5137962, 7360997, 6913560, 7248031, 7783872)
	Update on sbtest4  (cost=0.43..48.53 rows=0 width=0)
	  ->  Index Scan using sbtest4_pkey on sbtest4  (cost=0.43..48.53 rows=10 width=490)
	        Index Cond: (id = ANY ('{4790179,4488563,9831891,121156,5347319,5137962,7360997,6913560,7248031,7783872}'::integer[]))

table 5 : explain UPDATE sbtest5 set c=7 WHERE id IN ( 4790179, 4488563, 9831891, 121156, 5347319, 5137962, 7360997, 6913560, 7248031, 7783872)
	Update on sbtest5  (cost=0.43..48.53 rows=0 width=0)
	  ->  Index Scan using sbtest5_pkey on sbtest5  (cost=0.43..48.53 rows=10 width=490)
	        Index Cond: (id = ANY ('{4790179,4488563,9831891,121156,5347319,5137962,7360997,6913560,7248031,7783872}'::integer[]))

table 6 : explain UPDATE sbtest6 set c=7 WHERE id IN ( 4790179, 4488563, 9831891, 121156, 5347319, 5137962, 7360997, 6913560, 7248031, 7783872)
	Update on sbtest6  (cost=0.43..48.53 rows=0 width=0)
	  ->  Index Scan using sbtest6_pkey on sbtest6  (cost=0.43..48.53 rows=10 width=490)
	        Index Cond: (id = ANY ('{4790179,4488563,9831891,121156,5347319,5137962,7360997,6913560,7248031,7783872}'::integer[]))

table 7 : explain UPDATE sbtest7 set c=7 WHERE id IN ( 4790179, 4488563, 9831891, 121156, 5347319, 5137962, 7360997, 6913560, 7248031, 7783872)
	Update on sbtest7  (cost=0.43..48.53 rows=0 width=0)
	  ->  Index Scan using sbtest7_pkey on sbtest7  (cost=0.43..48.53 rows=10 width=490)
	        Index Cond: (id = ANY ('{4790179,4488563,9831891,121156,5347319,5137962,7360997,6913560,7248031,7783872}'::integer[]))

table 8 : explain UPDATE sbtest8 set c=7 WHERE id IN ( 4790179, 4488563, 9831891, 121156, 5347319, 5137962, 7360997, 6913560, 7248031, 7783872)
	Update on sbtest8  (cost=0.43..48.53 rows=0 width=0)
	  ->  Index Scan using sbtest8_pkey on sbtest8  (cost=0.43..48.53 rows=10 width=490)
	        Index Cond: (id = ANY ('{4790179,4488563,9831891,121156,5347319,5137962,7360997,6913560,7248031,7783872}'::integer[]))

explain: for update-inlist :: explain UPDATE sbtest%d set c=7 WHERE id IN ( 2254970, 919173, 4597031, 4219498, 8530021, 6656635, 488376, 2740649, 1175911, 3247519)
for update-inlist
table 1 : explain UPDATE sbtest1 set c=7 WHERE id IN ( 483696, 6570980, 3159985, 2198267, 9395928, 4105969, 5924283, 3318844, 8883058, 438028)
	Update on sbtest1  (cost=0.43..48.53 rows=0 width=0)
	  ->  Index Scan using sbtest1_pkey on sbtest1  (cost=0.43..48.53 rows=10 width=490)
	        Index Cond: (id = ANY ('{483696,6570980,3159985,2198267,9395928,4105969,5924283,3318844,8883058,438028}'::integer[]))

table 2 : explain UPDATE sbtest2 set c=7 WHERE id IN ( 483696, 6570980, 3159985, 2198267, 9395928, 4105969, 5924283, 3318844, 8883058, 438028)
	Update on sbtest2  (cost=0.43..48.53 rows=0 width=0)
	  ->  Index Scan using sbtest2_pkey on sbtest2  (cost=0.43..48.53 rows=10 width=490)
	        Index Cond: (id = ANY ('{483696,6570980,3159985,2198267,9395928,4105969,5924283,3318844,8883058,438028}'::integer[]))

table 3 : explain UPDATE sbtest3 set c=7 WHERE id IN ( 483696, 6570980, 3159985, 2198267, 9395928, 4105969, 5924283, 3318844, 8883058, 438028)
	Update on sbtest3  (cost=0.43..48.53 rows=0 width=0)
	  ->  Index Scan using sbtest3_pkey on sbtest3  (cost=0.43..48.53 rows=10 width=490)
	        Index Cond: (id = ANY ('{483696,6570980,3159985,2198267,9395928,4105969,5924283,3318844,8883058,438028}'::integer[]))

table 4 : explain UPDATE sbtest4 set c=7 WHERE id IN ( 483696, 6570980, 3159985, 2198267, 9395928, 4105969, 5924283, 3318844, 8883058, 438028)
	Update on sbtest4  (cost=0.43..48.53 rows=0 width=0)
	  ->  Index Scan using sbtest4_pkey on sbtest4  (cost=0.43..48.53 rows=10 width=490)
	        Index Cond: (id = ANY ('{483696,6570980,3159985,2198267,9395928,4105969,5924283,3318844,8883058,438028}'::integer[]))

table 5 : explain UPDATE sbtest5 set c=7 WHERE id IN ( 483696, 6570980, 3159985, 2198267, 9395928, 4105969, 5924283, 3318844, 8883058, 438028)
	Update on sbtest5  (cost=0.43..48.53 rows=0 width=0)
	  ->  Index Scan using sbtest5_pkey on sbtest5  (cost=0.43..48.53 rows=10 width=490)
	        Index Cond: (id = ANY ('{483696,6570980,3159985,2198267,9395928,4105969,5924283,3318844,8883058,438028}'::integer[]))

table 6 : explain UPDATE sbtest6 set c=7 WHERE id IN ( 483696, 6570980, 3159985, 2198267, 9395928, 4105969, 5924283, 3318844, 8883058, 438028)
	Update on sbtest6  (cost=0.43..48.53 rows=0 width=0)
	  ->  Index Scan using sbtest6_pkey on sbtest6  (cost=0.43..48.53 rows=10 width=490)
	        Index Cond: (id = ANY ('{483696,6570980,3159985,2198267,9395928,4105969,5924283,3318844,8883058,438028}'::integer[]))

table 7 : explain UPDATE sbtest7 set c=7 WHERE id IN ( 483696, 6570980, 3159985, 2198267, 9395928, 4105969, 5924283, 3318844, 8883058, 438028)
	Update on sbtest7  (cost=0.43..48.53 rows=0 width=0)
	  ->  Index Scan using sbtest7_pkey on sbtest7  (cost=0.43..48.53 rows=10 width=490)
	        Index Cond: (id = ANY ('{483696,6570980,3159985,2198267,9395928,4105969,5924283,3318844,8883058,438028}'::integer[]))

table 8 : explain UPDATE sbtest8 set c=7 WHERE id IN ( 483696, 6570980, 3159985, 2198267, 9395928, 4105969, 5924283, 3318844, 8883058, 438028)
	Update on sbtest8  (cost=0.43..48.53 rows=0 width=0)
	  ->  Index Scan using sbtest8_pkey on sbtest8  (cost=0.43..48.53 rows=10 width=490)
	        Index Cond: (id = ANY ('{483696,6570980,3159985,2198267,9395928,4105969,5924283,3318844,8883058,438028}'::integer[]))

for update-inlist
table 1 : explain UPDATE sbtest1 set c=7 WHERE id IN ( 4690691, 3383632, 8183875, 5752967, 569345, 2727568, 3023387, 5782593, 6609036, 4780972)
	Update on sbtest1  (cost=0.43..48.53 rows=0 width=0)
	  ->  Index Scan using sbtest1_pkey on sbtest1  (cost=0.43..48.53 rows=10 width=490)
	        Index Cond: (id = ANY ('{4690691,3383632,8183875,5752967,569345,2727568,3023387,5782593,6609036,4780972}'::integer[]))

table 2 : explain UPDATE sbtest2 set c=7 WHERE id IN ( 4690691, 3383632, 8183875, 5752967, 569345, 2727568, 3023387, 5782593, 6609036, 4780972)
	Update on sbtest2  (cost=0.43..48.53 rows=0 width=0)
	  ->  Index Scan using sbtest2_pkey on sbtest2  (cost=0.43..48.53 rows=10 width=490)
	        Index Cond: (id = ANY ('{4690691,3383632,8183875,5752967,569345,2727568,3023387,5782593,6609036,4780972}'::integer[]))

table 3 : explain UPDATE sbtest3 set c=7 WHERE id IN ( 4690691, 3383632, 8183875, 5752967, 569345, 2727568, 3023387, 5782593, 6609036, 4780972)
	Update on sbtest3  (cost=0.43..48.53 rows=0 width=0)
	  ->  Index Scan using sbtest3_pkey on sbtest3  (cost=0.43..48.53 rows=10 width=490)
	        Index Cond: (id = ANY ('{4690691,3383632,8183875,5752967,569345,2727568,3023387,5782593,6609036,4780972}'::integer[]))

table 4 : explain UPDATE sbtest4 set c=7 WHERE id IN ( 4690691, 3383632, 8183875, 5752967, 569345, 2727568, 3023387, 5782593, 6609036, 4780972)
	Update on sbtest4  (cost=0.43..48.53 rows=0 width=0)
	  ->  Index Scan using sbtest4_pkey on sbtest4  (cost=0.43..48.53 rows=10 width=490)
	        Index Cond: (id = ANY ('{4690691,3383632,8183875,5752967,569345,2727568,3023387,5782593,6609036,4780972}'::integer[]))

table 5 : explain UPDATE sbtest5 set c=7 WHERE id IN ( 4690691, 3383632, 8183875, 5752967, 569345, 2727568, 3023387, 5782593, 6609036, 4780972)
	Update on sbtest5  (cost=0.43..48.53 rows=0 width=0)
	  ->  Index Scan using sbtest5_pkey on sbtest5  (cost=0.43..48.53 rows=10 width=490)
	        Index Cond: (id = ANY ('{4690691,3383632,8183875,5752967,569345,2727568,3023387,5782593,6609036,4780972}'::integer[]))

table 6 : explain UPDATE sbtest6 set c=7 WHERE id IN ( 4690691, 3383632, 8183875, 5752967, 569345, 2727568, 3023387, 5782593, 6609036, 4780972)
	Update on sbtest6  (cost=0.43..48.53 rows=0 width=0)
	  ->  Index Scan using sbtest6_pkey on sbtest6  (cost=0.43..48.53 rows=10 width=490)
	        Index Cond: (id = ANY ('{4690691,3383632,8183875,5752967,569345,2727568,3023387,5782593,6609036,4780972}'::integer[]))

table 7 : explain UPDATE sbtest7 set c=7 WHERE id IN ( 4690691, 3383632, 8183875, 5752967, 569345, 2727568, 3023387, 5782593, 6609036, 4780972)
	Update on sbtest7  (cost=0.43..48.53 rows=0 width=0)
	  ->  Index Scan using sbtest7_pkey on sbtest7  (cost=0.43..48.53 rows=10 width=490)
	        Index Cond: (id = ANY ('{4690691,3383632,8183875,5752967,569345,2727568,3023387,5782593,6609036,4780972}'::integer[]))

table 8 : explain UPDATE sbtest8 set c=7 WHERE id IN ( 4690691, 3383632, 8183875, 5752967, 569345, 2727568, 3023387, 5782593, 6609036, 4780972)
	Update on sbtest8  (cost=0.43..48.53 rows=0 width=0)
	  ->  Index Scan using sbtest8_pkey on sbtest8  (cost=0.43..48.53 rows=10 width=490)
	        Index Cond: (id = ANY ('{4690691,3383632,8183875,5752967,569345,2727568,3023387,5782593,6609036,4780972}'::integer[]))

explain: for update-inlist :: explain UPDATE sbtest%d set c=7 WHERE id IN ( 4024359, 9453426, 1974768, 3914574, 1132011, 8311968, 7457743, 3166031, 5292244, 5685230)
explain: for update-inlist :: explain UPDATE sbtest%d set c=7 WHERE id IN ( 1370673, 945939, 9077287, 1487579, 5638784, 2080002, 4419462, 1351178, 3827589, 7644002)
explain: for update-inlist :: explain UPDATE sbtest%d set c=7 WHERE id IN ( 2492101, 3404727, 6167268, 3207045, 3441111, 1134014, 4993774, 3927196, 6515534, 4410978)
explain: for update-inlist :: explain UPDATE sbtest%d set c=7 WHERE id IN ( 4071777, 9087564, 1789717, 4735013, 3501743, 2417872, 4400801, 7673477, 8603315, 4791190)
for update-inlist
table 1 : explain UPDATE sbtest1 set c=7 WHERE id IN ( 2254970, 919173, 4597031, 4219498, 8530021, 6656635, 488376, 2740649, 1175911, 3247519)
	Update on sbtest1  (cost=0.43..48.53 rows=0 width=0)
	  ->  Index Scan using sbtest1_pkey on sbtest1  (cost=0.43..48.53 rows=10 width=490)
	        Index Cond: (id = ANY ('{2254970,919173,4597031,4219498,8530021,6656635,488376,2740649,1175911,3247519}'::integer[]))

table 2 : explain UPDATE sbtest2 set c=7 WHERE id IN ( 2254970, 919173, 4597031, 4219498, 8530021, 6656635, 488376, 2740649, 1175911, 3247519)
	Update on sbtest2  (cost=0.43..48.53 rows=0 width=0)
	  ->  Index Scan using sbtest2_pkey on sbtest2  (cost=0.43..48.53 rows=10 width=490)
	        Index Cond: (id = ANY ('{2254970,919173,4597031,4219498,8530021,6656635,488376,2740649,1175911,3247519}'::integer[]))

table 3 : explain UPDATE sbtest3 set c=7 WHERE id IN ( 2254970, 919173, 4597031, 4219498, 8530021, 6656635, 488376, 2740649, 1175911, 3247519)
	Update on sbtest3  (cost=0.43..48.53 rows=0 width=0)
	  ->  Index Scan using sbtest3_pkey on sbtest3  (cost=0.43..48.53 rows=10 width=490)
	        Index Cond: (id = ANY ('{2254970,919173,4597031,4219498,8530021,6656635,488376,2740649,1175911,3247519}'::integer[]))

table 4 : explain UPDATE sbtest4 set c=7 WHERE id IN ( 2254970, 919173, 4597031, 4219498, 8530021, 6656635, 488376, 2740649, 1175911, 3247519)
	Update on sbtest4  (cost=0.43..48.53 rows=0 width=0)
	  ->  Index Scan using sbtest4_pkey on sbtest4  (cost=0.43..48.53 rows=10 width=490)
	        Index Cond: (id = ANY ('{2254970,919173,4597031,4219498,8530021,6656635,488376,2740649,1175911,3247519}'::integer[]))

table 5 : explain UPDATE sbtest5 set c=7 WHERE id IN ( 2254970, 919173, 4597031, 4219498, 8530021, 6656635, 488376, 2740649, 1175911, 3247519)
	Update on sbtest5  (cost=0.43..48.53 rows=0 width=0)
	  ->  Index Scan using sbtest5_pkey on sbtest5  (cost=0.43..48.53 rows=10 width=490)
	        Index Cond: (id = ANY ('{2254970,919173,4597031,4219498,8530021,6656635,488376,2740649,1175911,3247519}'::integer[]))

table 6 : explain UPDATE sbtest6 set c=7 WHERE id IN ( 2254970, 919173, 4597031, 4219498, 8530021, 6656635, 488376, 2740649, 1175911, 3247519)
	Update on sbtest6  (cost=0.43..48.53 rows=0 width=0)
	  ->  Index Scan using sbtest6_pkey on sbtest6  (cost=0.43..48.53 rows=10 width=490)
	        Index Cond: (id = ANY ('{2254970,919173,4597031,4219498,8530021,6656635,488376,2740649,1175911,3247519}'::integer[]))

table 7 : explain UPDATE sbtest7 set c=7 WHERE id IN ( 2254970, 919173, 4597031, 4219498, 8530021, 6656635, 488376, 2740649, 1175911, 3247519)
	Update on sbtest7  (cost=0.43..48.53 rows=0 width=0)
	  ->  Index Scan using sbtest7_pkey on sbtest7  (cost=0.43..48.53 rows=10 width=490)
	        Index Cond: (id = ANY ('{2254970,919173,4597031,4219498,8530021,6656635,488376,2740649,1175911,3247519}'::integer[]))

table 8 : explain UPDATE sbtest8 set c=7 WHERE id IN ( 2254970, 919173, 4597031, 4219498, 8530021, 6656635, 488376, 2740649, 1175911, 3247519)
	Update on sbtest8  (cost=0.43..48.53 rows=0 width=0)
	  ->  Index Scan using sbtest8_pkey on sbtest8  (cost=0.43..48.53 rows=10 width=490)
	        Index Cond: (id = ANY ('{2254970,919173,4597031,4219498,8530021,6656635,488376,2740649,1175911,3247519}'::integer[]))

explain: for update-inlist :: explain UPDATE sbtest%d set c=7 WHERE id IN ( 8607271, 3416188, 4209320, 6349658, 9638744, 2879435, 142908, 8986121, 1251247, 731902)
for update-inlist
table 1 : explain UPDATE sbtest1 set c=7 WHERE id IN ( 2146114, 3259231, 8381340, 6180796, 324645, 5126720, 7059230, 6160628, 4921610, 163540)
	Update on sbtest1  (cost=0.43..48.53 rows=0 width=0)
	  ->  Index Scan using sbtest1_pkey on sbtest1  (cost=0.43..48.53 rows=10 width=490)
	        Index Cond: (id = ANY ('{2146114,3259231,8381340,6180796,324645,5126720,7059230,6160628,4921610,163540}'::integer[]))

table 2 : explain UPDATE sbtest2 set c=7 WHERE id IN ( 2146114, 3259231, 8381340, 6180796, 324645, 5126720, 7059230, 6160628, 4921610, 163540)
	Update on sbtest2  (cost=0.43..48.53 rows=0 width=0)
	  ->  Index Scan using sbtest2_pkey on sbtest2  (cost=0.43..48.53 rows=10 width=490)
	        Index Cond: (id = ANY ('{2146114,3259231,8381340,6180796,324645,5126720,7059230,6160628,4921610,163540}'::integer[]))

table 3 : explain UPDATE sbtest3 set c=7 WHERE id IN ( 2146114, 3259231, 8381340, 6180796, 324645, 5126720, 7059230, 6160628, 4921610, 163540)
	Update on sbtest3  (cost=0.43..48.53 rows=0 width=0)
	  ->  Index Scan using sbtest3_pkey on sbtest3  (cost=0.43..48.53 rows=10 width=490)
	        Index Cond: (id = ANY ('{2146114,3259231,8381340,6180796,324645,5126720,7059230,6160628,4921610,163540}'::integer[]))

table 4 : explain UPDATE sbtest4 set c=7 WHERE id IN ( 2146114, 3259231, 8381340, 6180796, 324645, 5126720, 7059230, 6160628, 4921610, 163540)
	Update on sbtest4  (cost=0.43..48.53 rows=0 width=0)
	  ->  Index Scan using sbtest4_pkey on sbtest4  (cost=0.43..48.53 rows=10 width=490)
	        Index Cond: (id = ANY ('{2146114,3259231,8381340,6180796,324645,5126720,7059230,6160628,4921610,163540}'::integer[]))

table 5 : explain UPDATE sbtest5 set c=7 WHERE id IN ( 2146114, 3259231, 8381340, 6180796, 324645, 5126720, 7059230, 6160628, 4921610, 163540)
	Update on sbtest5  (cost=0.43..48.53 rows=0 width=0)
	  ->  Index Scan using sbtest5_pkey on sbtest5  (cost=0.43..48.53 rows=10 width=490)
	        Index Cond: (id = ANY ('{2146114,3259231,8381340,6180796,324645,5126720,7059230,6160628,4921610,163540}'::integer[]))

table 6 : explain UPDATE sbtest6 set c=7 WHERE id IN ( 2146114, 3259231, 8381340, 6180796, 324645, 5126720, 7059230, 6160628, 4921610, 163540)
	Update on sbtest6  (cost=0.43..48.53 rows=0 width=0)
	  ->  Index Scan using sbtest6_pkey on sbtest6  (cost=0.43..48.53 rows=10 width=490)
	        Index Cond: (id = ANY ('{2146114,3259231,8381340,6180796,324645,5126720,7059230,6160628,4921610,163540}'::integer[]))

table 7 : explain UPDATE sbtest7 set c=7 WHERE id IN ( 2146114, 3259231, 8381340, 6180796, 324645, 5126720, 7059230, 6160628, 4921610, 163540)
	Update on sbtest7  (cost=0.43..48.53 rows=0 width=0)
	  ->  Index Scan using sbtest7_pkey on sbtest7  (cost=0.43..48.53 rows=10 width=490)
	        Index Cond: (id = ANY ('{2146114,3259231,8381340,6180796,324645,5126720,7059230,6160628,4921610,163540}'::integer[]))

table 8 : explain UPDATE sbtest8 set c=7 WHERE id IN ( 2146114, 3259231, 8381340, 6180796, 324645, 5126720, 7059230, 6160628, 4921610, 163540)
	Update on sbtest8  (cost=0.43..48.53 rows=0 width=0)
	  ->  Index Scan using sbtest8_pkey on sbtest8  (cost=0.43..48.53 rows=10 width=490)
	        Index Cond: (id = ANY ('{2146114,3259231,8381340,6180796,324645,5126720,7059230,6160628,4921610,163540}'::integer[]))

for update-inlist
table 1 : explain UPDATE sbtest1 set c=7 WHERE id IN ( 1370673, 945939, 9077287, 1487579, 5638784, 2080002, 4419462, 1351178, 3827589, 7644002)
	Update on sbtest1  (cost=0.43..48.53 rows=0 width=0)
	  ->  Index Scan using sbtest1_pkey on sbtest1  (cost=0.43..48.53 rows=10 width=490)
	        Index Cond: (id = ANY ('{1370673,945939,9077287,1487579,5638784,2080002,4419462,1351178,3827589,7644002}'::integer[]))

table 2 : explain UPDATE sbtest2 set c=7 WHERE id IN ( 1370673, 945939, 9077287, 1487579, 5638784, 2080002, 4419462, 1351178, 3827589, 7644002)
	Update on sbtest2  (cost=0.43..48.53 rows=0 width=0)
	  ->  Index Scan using sbtest2_pkey on sbtest2  (cost=0.43..48.53 rows=10 width=490)
	        Index Cond: (id = ANY ('{1370673,945939,9077287,1487579,5638784,2080002,4419462,1351178,3827589,7644002}'::integer[]))

table 3 : explain UPDATE sbtest3 set c=7 WHERE id IN ( 1370673, 945939, 9077287, 1487579, 5638784, 2080002, 4419462, 1351178, 3827589, 7644002)
	Update on sbtest3  (cost=0.43..48.53 rows=0 width=0)
	  ->  Index Scan using sbtest3_pkey on sbtest3  (cost=0.43..48.53 rows=10 width=490)
	        Index Cond: (id = ANY ('{1370673,945939,9077287,1487579,5638784,2080002,4419462,1351178,3827589,7644002}'::integer[]))

table 4 : explain UPDATE sbtest4 set c=7 WHERE id IN ( 1370673, 945939, 9077287, 1487579, 5638784, 2080002, 4419462, 1351178, 3827589, 7644002)
	Update on sbtest4  (cost=0.43..48.53 rows=0 width=0)
	  ->  Index Scan using sbtest4_pkey on sbtest4  (cost=0.43..48.53 rows=10 width=490)
	        Index Cond: (id = ANY ('{1370673,945939,9077287,1487579,5638784,2080002,4419462,1351178,3827589,7644002}'::integer[]))

table 5 : explain UPDATE sbtest5 set c=7 WHERE id IN ( 1370673, 945939, 9077287, 1487579, 5638784, 2080002, 4419462, 1351178, 3827589, 7644002)
	Update on sbtest5  (cost=0.43..48.53 rows=0 width=0)
	  ->  Index Scan using sbtest5_pkey on sbtest5  (cost=0.43..48.53 rows=10 width=490)
	        Index Cond: (id = ANY ('{1370673,945939,9077287,1487579,5638784,2080002,4419462,1351178,3827589,7644002}'::integer[]))

table 6 : explain UPDATE sbtest6 set c=7 WHERE id IN ( 1370673, 945939, 9077287, 1487579, 5638784, 2080002, 4419462, 1351178, 3827589, 7644002)
	Update on sbtest6  (cost=0.43..48.53 rows=0 width=0)
	  ->  Index Scan using sbtest6_pkey on sbtest6  (cost=0.43..48.53 rows=10 width=490)
	        Index Cond: (id = ANY ('{1370673,945939,9077287,1487579,5638784,2080002,4419462,1351178,3827589,7644002}'::integer[]))

table 7 : explain UPDATE sbtest7 set c=7 WHERE id IN ( 1370673, 945939, 9077287, 1487579, 5638784, 2080002, 4419462, 1351178, 3827589, 7644002)
	Update on sbtest7  (cost=0.43..48.53 rows=0 width=0)
	  ->  Index Scan using sbtest7_pkey on sbtest7  (cost=0.43..48.53 rows=10 width=490)
	        Index Cond: (id = ANY ('{1370673,945939,9077287,1487579,5638784,2080002,4419462,1351178,3827589,7644002}'::integer[]))

table 8 : explain UPDATE sbtest8 set c=7 WHERE id IN ( 1370673, 945939, 9077287, 1487579, 5638784, 2080002, 4419462, 1351178, 3827589, 7644002)
	Update on sbtest8  (cost=0.43..48.53 rows=0 width=0)
	  ->  Index Scan using sbtest8_pkey on sbtest8  (cost=0.43..48.53 rows=10 width=490)
	        Index Cond: (id = ANY ('{1370673,945939,9077287,1487579,5638784,2080002,4419462,1351178,3827589,7644002}'::integer[]))

for update-inlist
table 1 : explain UPDATE sbtest1 set c=7 WHERE id IN ( 2492101, 3404727, 6167268, 3207045, 3441111, 1134014, 4993774, 3927196, 6515534, 4410978)
	Update on sbtest1  (cost=0.43..48.53 rows=0 width=0)
	  ->  Index Scan using sbtest1_pkey on sbtest1  (cost=0.43..48.53 rows=10 width=490)
	        Index Cond: (id = ANY ('{2492101,3404727,6167268,3207045,3441111,1134014,4993774,3927196,6515534,4410978}'::integer[]))

table 2 : explain UPDATE sbtest2 set c=7 WHERE id IN ( 2492101, 3404727, 6167268, 3207045, 3441111, 1134014, 4993774, 3927196, 6515534, 4410978)
	Update on sbtest2  (cost=0.43..48.53 rows=0 width=0)
	  ->  Index Scan using sbtest2_pkey on sbtest2  (cost=0.43..48.53 rows=10 width=490)
	        Index Cond: (id = ANY ('{2492101,3404727,6167268,3207045,3441111,1134014,4993774,3927196,6515534,4410978}'::integer[]))

table 3 : explain UPDATE sbtest3 set c=7 WHERE id IN ( 2492101, 3404727, 6167268, 3207045, 3441111, 1134014, 4993774, 3927196, 6515534, 4410978)
	Update on sbtest3  (cost=0.43..48.53 rows=0 width=0)
	  ->  Index Scan using sbtest3_pkey on sbtest3  (cost=0.43..48.53 rows=10 width=490)
	        Index Cond: (id = ANY ('{2492101,3404727,6167268,3207045,3441111,1134014,4993774,3927196,6515534,4410978}'::integer[]))

table 4 : explain UPDATE sbtest4 set c=7 WHERE id IN ( 2492101, 3404727, 6167268, 3207045, 3441111, 1134014, 4993774, 3927196, 6515534, 4410978)
	Update on sbtest4  (cost=0.43..48.53 rows=0 width=0)
	  ->  Index Scan using sbtest4_pkey on sbtest4  (cost=0.43..48.53 rows=10 width=490)
	        Index Cond: (id = ANY ('{2492101,3404727,6167268,3207045,3441111,1134014,4993774,3927196,6515534,4410978}'::integer[]))

table 5 : explain UPDATE sbtest5 set c=7 WHERE id IN ( 2492101, 3404727, 6167268, 3207045, 3441111, 1134014, 4993774, 3927196, 6515534, 4410978)
	Update on sbtest5  (cost=0.43..48.53 rows=0 width=0)
	  ->  Index Scan using sbtest5_pkey on sbtest5  (cost=0.43..48.53 rows=10 width=490)
	        Index Cond: (id = ANY ('{2492101,3404727,6167268,3207045,3441111,1134014,4993774,3927196,6515534,4410978}'::integer[]))

table 6 : explain UPDATE sbtest6 set c=7 WHERE id IN ( 2492101, 3404727, 6167268, 3207045, 3441111, 1134014, 4993774, 3927196, 6515534, 4410978)
	Update on sbtest6  (cost=0.43..48.53 rows=0 width=0)
	  ->  Index Scan using sbtest6_pkey on sbtest6  (cost=0.43..48.53 rows=10 width=490)
	        Index Cond: (id = ANY ('{2492101,3404727,6167268,3207045,3441111,1134014,4993774,3927196,6515534,4410978}'::integer[]))

table 7 : explain UPDATE sbtest7 set c=7 WHERE id IN ( 2492101, 3404727, 6167268, 3207045, 3441111, 1134014, 4993774, 3927196, 6515534, 4410978)
	Update on sbtest7  (cost=0.43..48.53 rows=0 width=0)
	  ->  Index Scan using sbtest7_pkey on sbtest7  (cost=0.43..48.53 rows=10 width=490)
	        Index Cond: (id = ANY ('{2492101,3404727,6167268,3207045,3441111,1134014,4993774,3927196,6515534,4410978}'::integer[]))

table 8 : explain UPDATE sbtest8 set c=7 WHERE id IN ( 2492101, 3404727, 6167268, 3207045, 3441111, 1134014, 4993774, 3927196, 6515534, 4410978)
	Update on sbtest8  (cost=0.43..48.53 rows=0 width=0)
	  ->  Index Scan using sbtest8_pkey on sbtest8  (cost=0.43..48.53 rows=10 width=490)
	        Index Cond: (id = ANY ('{2492101,3404727,6167268,3207045,3441111,1134014,4993774,3927196,6515534,4410978}'::integer[]))

for update-inlist
table 1 : explain UPDATE sbtest1 set c=7 WHERE id IN ( 4024359, 9453426, 1974768, 3914574, 1132011, 8311968, 7457743, 3166031, 5292244, 5685230)
	Update on sbtest1  (cost=0.43..48.53 rows=0 width=0)
	  ->  Index Scan using sbtest1_pkey on sbtest1  (cost=0.43..48.53 rows=10 width=490)
	        Index Cond: (id = ANY ('{4024359,9453426,1974768,3914574,1132011,8311968,7457743,3166031,5292244,5685230}'::integer[]))

table 2 : explain UPDATE sbtest2 set c=7 WHERE id IN ( 4024359, 9453426, 1974768, 3914574, 1132011, 8311968, 7457743, 3166031, 5292244, 5685230)
	Update on sbtest2  (cost=0.43..48.53 rows=0 width=0)
	  ->  Index Scan using sbtest2_pkey on sbtest2  (cost=0.43..48.53 rows=10 width=490)
	        Index Cond: (id = ANY ('{4024359,9453426,1974768,3914574,1132011,8311968,7457743,3166031,5292244,5685230}'::integer[]))

table 3 : explain UPDATE sbtest3 set c=7 WHERE id IN ( 4024359, 9453426, 1974768, 3914574, 1132011, 8311968, 7457743, 3166031, 5292244, 5685230)
	Update on sbtest3  (cost=0.43..48.53 rows=0 width=0)
	  ->  Index Scan using sbtest3_pkey on sbtest3  (cost=0.43..48.53 rows=10 width=490)
	        Index Cond: (id = ANY ('{4024359,9453426,1974768,3914574,1132011,8311968,7457743,3166031,5292244,5685230}'::integer[]))

table 4 : explain UPDATE sbtest4 set c=7 WHERE id IN ( 4024359, 9453426, 1974768, 3914574, 1132011, 8311968, 7457743, 3166031, 5292244, 5685230)
	Update on sbtest4  (cost=0.43..48.53 rows=0 width=0)
	  ->  Index Scan using sbtest4_pkey on sbtest4  (cost=0.43..48.53 rows=10 width=490)
	        Index Cond: (id = ANY ('{4024359,9453426,1974768,3914574,1132011,8311968,7457743,3166031,5292244,5685230}'::integer[]))

table 5 : explain UPDATE sbtest5 set c=7 WHERE id IN ( 4024359, 9453426, 1974768, 3914574, 1132011, 8311968, 7457743, 3166031, 5292244, 5685230)
	Update on sbtest5  (cost=0.43..48.53 rows=0 width=0)
	  ->  Index Scan using sbtest5_pkey on sbtest5  (cost=0.43..48.53 rows=10 width=490)
	        Index Cond: (id = ANY ('{4024359,9453426,1974768,3914574,1132011,8311968,7457743,3166031,5292244,5685230}'::integer[]))

table 6 : explain UPDATE sbtest6 set c=7 WHERE id IN ( 4024359, 9453426, 1974768, 3914574, 1132011, 8311968, 7457743, 3166031, 5292244, 5685230)
	Update on sbtest6  (cost=0.43..48.53 rows=0 width=0)
	  ->  Index Scan using sbtest6_pkey on sbtest6  (cost=0.43..48.53 rows=10 width=490)
	        Index Cond: (id = ANY ('{4024359,9453426,1974768,3914574,1132011,8311968,7457743,3166031,5292244,5685230}'::integer[]))

table 7 : explain UPDATE sbtest7 set c=7 WHERE id IN ( 4024359, 9453426, 1974768, 3914574, 1132011, 8311968, 7457743, 3166031, 5292244, 5685230)
	Update on sbtest7  (cost=0.43..48.53 rows=0 width=0)
	  ->  Index Scan using sbtest7_pkey on sbtest7  (cost=0.43..48.53 rows=10 width=490)
	        Index Cond: (id = ANY ('{4024359,9453426,1974768,3914574,1132011,8311968,7457743,3166031,5292244,5685230}'::integer[]))

table 8 : explain UPDATE sbtest8 set c=7 WHERE id IN ( 4024359, 9453426, 1974768, 3914574, 1132011, 8311968, 7457743, 3166031, 5292244, 5685230)
	Update on sbtest8  (cost=0.43..48.53 rows=0 width=0)
	  ->  Index Scan using sbtest8_pkey on sbtest8  (cost=0.43..48.53 rows=10 width=490)
	        Index Cond: (id = ANY ('{4024359,9453426,1974768,3914574,1132011,8311968,7457743,3166031,5292244,5685230}'::integer[]))

explain: for update-inlist :: explain UPDATE sbtest%d set c=7 WHERE id IN ( 1703765, 3151508, 6728514, 5967675, 8805954, 7431123, 4322703, 7203959, 4717525, 1594663)
for update-inlist
table 1 : explain UPDATE sbtest1 set c=7 WHERE id IN ( 8607271, 3416188, 4209320, 6349658, 9638744, 2879435, 142908, 8986121, 1251247, 731902)
	Update on sbtest1  (cost=0.43..48.53 rows=0 width=0)
	  ->  Index Scan using sbtest1_pkey on sbtest1  (cost=0.43..48.53 rows=10 width=490)
	        Index Cond: (id = ANY ('{8607271,3416188,4209320,6349658,9638744,2879435,142908,8986121,1251247,731902}'::integer[]))

table 2 : explain UPDATE sbtest2 set c=7 WHERE id IN ( 8607271, 3416188, 4209320, 6349658, 9638744, 2879435, 142908, 8986121, 1251247, 731902)
	Update on sbtest2  (cost=0.43..48.53 rows=0 width=0)
	  ->  Index Scan using sbtest2_pkey on sbtest2  (cost=0.43..48.53 rows=10 width=490)
	        Index Cond: (id = ANY ('{8607271,3416188,4209320,6349658,9638744,2879435,142908,8986121,1251247,731902}'::integer[]))

table 3 : explain UPDATE sbtest3 set c=7 WHERE id IN ( 8607271, 3416188, 4209320, 6349658, 9638744, 2879435, 142908, 8986121, 1251247, 731902)
	Update on sbtest3  (cost=0.43..48.53 rows=0 width=0)
	  ->  Index Scan using sbtest3_pkey on sbtest3  (cost=0.43..48.53 rows=10 width=490)
	        Index Cond: (id = ANY ('{8607271,3416188,4209320,6349658,9638744,2879435,142908,8986121,1251247,731902}'::integer[]))

table 4 : explain UPDATE sbtest4 set c=7 WHERE id IN ( 8607271, 3416188, 4209320, 6349658, 9638744, 2879435, 142908, 8986121, 1251247, 731902)
	Update on sbtest4  (cost=0.43..48.53 rows=0 width=0)
	  ->  Index Scan using sbtest4_pkey on sbtest4  (cost=0.43..48.53 rows=10 width=490)
	        Index Cond: (id = ANY ('{8607271,3416188,4209320,6349658,9638744,2879435,142908,8986121,1251247,731902}'::integer[]))

table 5 : explain UPDATE sbtest5 set c=7 WHERE id IN ( 8607271, 3416188, 4209320, 6349658, 9638744, 2879435, 142908, 8986121, 1251247, 731902)
	Update on sbtest5  (cost=0.43..48.53 rows=0 width=0)
	  ->  Index Scan using sbtest5_pkey on sbtest5  (cost=0.43..48.53 rows=10 width=490)
	        Index Cond: (id = ANY ('{8607271,3416188,4209320,6349658,9638744,2879435,142908,8986121,1251247,731902}'::integer[]))

table 6 : explain UPDATE sbtest6 set c=7 WHERE id IN ( 8607271, 3416188, 4209320, 6349658, 9638744, 2879435, 142908, 8986121, 1251247, 731902)
	Update on sbtest6  (cost=0.43..48.53 rows=0 width=0)
	  ->  Index Scan using sbtest6_pkey on sbtest6  (cost=0.43..48.53 rows=10 width=490)
	        Index Cond: (id = ANY ('{8607271,3416188,4209320,6349658,9638744,2879435,142908,8986121,1251247,731902}'::integer[]))

table 7 : explain UPDATE sbtest7 set c=7 WHERE id IN ( 8607271, 3416188, 4209320, 6349658, 9638744, 2879435, 142908, 8986121, 1251247, 731902)
	Update on sbtest7  (cost=0.43..48.53 rows=0 width=0)
	  ->  Index Scan using sbtest7_pkey on sbtest7  (cost=0.43..48.53 rows=10 width=490)
	        Index Cond: (id = ANY ('{8607271,3416188,4209320,6349658,9638744,2879435,142908,8986121,1251247,731902}'::integer[]))

table 8 : explain UPDATE sbtest8 set c=7 WHERE id IN ( 8607271, 3416188, 4209320, 6349658, 9638744, 2879435, 142908, 8986121, 1251247, 731902)
	Update on sbtest8  (cost=0.43..48.53 rows=0 width=0)
	  ->  Index Scan using sbtest8_pkey on sbtest8  (cost=0.43..48.53 rows=10 width=490)
	        Index Cond: (id = ANY ('{8607271,3416188,4209320,6349658,9638744,2879435,142908,8986121,1251247,731902}'::integer[]))

for update-inlist
table 1 : explain UPDATE sbtest1 set c=7 WHERE id IN ( 4071777, 9087564, 1789717, 4735013, 3501743, 2417872, 4400801, 7673477, 8603315, 4791190)
	Update on sbtest1  (cost=0.43..48.53 rows=0 width=0)
	  ->  Index Scan using sbtest1_pkey on sbtest1  (cost=0.43..48.53 rows=10 width=490)
	        Index Cond: (id = ANY ('{4071777,9087564,1789717,4735013,3501743,2417872,4400801,7673477,8603315,4791190}'::integer[]))

table 2 : explain UPDATE sbtest2 set c=7 WHERE id IN ( 4071777, 9087564, 1789717, 4735013, 3501743, 2417872, 4400801, 7673477, 8603315, 4791190)
	Update on sbtest2  (cost=0.43..48.53 rows=0 width=0)
	  ->  Index Scan using sbtest2_pkey on sbtest2  (cost=0.43..48.53 rows=10 width=490)
	        Index Cond: (id = ANY ('{4071777,9087564,1789717,4735013,3501743,2417872,4400801,7673477,8603315,4791190}'::integer[]))

table 3 : explain UPDATE sbtest3 set c=7 WHERE id IN ( 4071777, 9087564, 1789717, 4735013, 3501743, 2417872, 4400801, 7673477, 8603315, 4791190)
	Update on sbtest3  (cost=0.43..48.53 rows=0 width=0)
	  ->  Index Scan using sbtest3_pkey on sbtest3  (cost=0.43..48.53 rows=10 width=490)
	        Index Cond: (id = ANY ('{4071777,9087564,1789717,4735013,3501743,2417872,4400801,7673477,8603315,4791190}'::integer[]))

table 4 : explain UPDATE sbtest4 set c=7 WHERE id IN ( 4071777, 9087564, 1789717, 4735013, 3501743, 2417872, 4400801, 7673477, 8603315, 4791190)
	Update on sbtest4  (cost=0.43..48.53 rows=0 width=0)
	  ->  Index Scan using sbtest4_pkey on sbtest4  (cost=0.43..48.53 rows=10 width=490)
	        Index Cond: (id = ANY ('{4071777,9087564,1789717,4735013,3501743,2417872,4400801,7673477,8603315,4791190}'::integer[]))

table 5 : explain UPDATE sbtest5 set c=7 WHERE id IN ( 4071777, 9087564, 1789717, 4735013, 3501743, 2417872, 4400801, 7673477, 8603315, 4791190)
	Update on sbtest5  (cost=0.43..48.53 rows=0 width=0)
	  ->  Index Scan using sbtest5_pkey on sbtest5  (cost=0.43..48.53 rows=10 width=490)
	        Index Cond: (id = ANY ('{4071777,9087564,1789717,4735013,3501743,2417872,4400801,7673477,8603315,4791190}'::integer[]))

table 6 : explain UPDATE sbtest6 set c=7 WHERE id IN ( 4071777, 9087564, 1789717, 4735013, 3501743, 2417872, 4400801, 7673477, 8603315, 4791190)
	Update on sbtest6  (cost=0.43..48.53 rows=0 width=0)
	  ->  Index Scan using sbtest6_pkey on sbtest6  (cost=0.43..48.53 rows=10 width=490)
	        Index Cond: (id = ANY ('{4071777,9087564,1789717,4735013,3501743,2417872,4400801,7673477,8603315,4791190}'::integer[]))

table 7 : explain UPDATE sbtest7 set c=7 WHERE id IN ( 4071777, 9087564, 1789717, 4735013, 3501743, 2417872, 4400801, 7673477, 8603315, 4791190)
	Update on sbtest7  (cost=0.43..48.53 rows=0 width=0)
	  ->  Index Scan using sbtest7_pkey on sbtest7  (cost=0.43..48.53 rows=10 width=490)
	        Index Cond: (id = ANY ('{4071777,9087564,1789717,4735013,3501743,2417872,4400801,7673477,8603315,4791190}'::integer[]))

table 8 : explain UPDATE sbtest8 set c=7 WHERE id IN ( 4071777, 9087564, 1789717, 4735013, 3501743, 2417872, 4400801, 7673477, 8603315, 4791190)
	Update on sbtest8  (cost=0.43..48.53 rows=0 width=0)
	  ->  Index Scan using sbtest8_pkey on sbtest8  (cost=0.43..48.53 rows=10 width=490)
	        Index Cond: (id = ANY ('{4071777,9087564,1789717,4735013,3501743,2417872,4400801,7673477,8603315,4791190}'::integer[]))

explain: for update-inlist :: explain UPDATE sbtest%d set c=7 WHERE id IN ( 8534179, 195800, 4937473, 3316572, 3889198, 3599175, 1223176, 1195631, 7234907, 5587499)
explain: for update-inlist :: explain UPDATE sbtest%d set c=7 WHERE id IN ( 9555058, 229192, 812849, 9337203, 3323306, 484785, 4329019, 9266287, 4710081, 9065134)
explain: for update-inlist :: explain UPDATE sbtest%d set c=7 WHERE id IN ( 6051786, 2164384, 7912433, 613125, 9736439, 9080547, 3662833, 8023532, 2846308, 500527)
explain: for update-inlist :: explain UPDATE sbtest%d set c=7 WHERE id IN ( 2511021, 3283790, 6918793, 1101595, 7264800, 735861, 2589982, 753646, 4774412, 2334817)
explain: for update-inlist :: explain UPDATE sbtest%d set c=7 WHERE id IN ( 6933475, 7464778, 5765317, 757943, 7407229, 5564574, 8298, 7656468, 8677396, 3692575)
explain: for update-inlist :: explain UPDATE sbtest%d set c=7 WHERE id IN ( 6434944, 8955569, 8344408, 8407919, 4282999, 7022976, 1834066, 5640770, 1848597, 4002349)
for update-inlist
table 1 : explain UPDATE sbtest1 set c=7 WHERE id IN ( 1703765, 3151508, 6728514, 5967675, 8805954, 7431123, 4322703, 7203959, 4717525, 1594663)
	Update on sbtest1  (cost=0.43..48.53 rows=0 width=0)
	  ->  Index Scan using sbtest1_pkey on sbtest1  (cost=0.43..48.53 rows=10 width=490)
	        Index Cond: (id = ANY ('{1703765,3151508,6728514,5967675,8805954,7431123,4322703,7203959,4717525,1594663}'::integer[]))

table 2 : explain UPDATE sbtest2 set c=7 WHERE id IN ( 1703765, 3151508, 6728514, 5967675, 8805954, 7431123, 4322703, 7203959, 4717525, 1594663)
	Update on sbtest2  (cost=0.43..48.53 rows=0 width=0)
	  ->  Index Scan using sbtest2_pkey on sbtest2  (cost=0.43..48.53 rows=10 width=490)
	        Index Cond: (id = ANY ('{1703765,3151508,6728514,5967675,8805954,7431123,4322703,7203959,4717525,1594663}'::integer[]))

table 3 : explain UPDATE sbtest3 set c=7 WHERE id IN ( 1703765, 3151508, 6728514, 5967675, 8805954, 7431123, 4322703, 7203959, 4717525, 1594663)
	Update on sbtest3  (cost=0.43..48.53 rows=0 width=0)
	  ->  Index Scan using sbtest3_pkey on sbtest3  (cost=0.43..48.53 rows=10 width=490)
	        Index Cond: (id = ANY ('{1703765,3151508,6728514,5967675,8805954,7431123,4322703,7203959,4717525,1594663}'::integer[]))

table 4 : explain UPDATE sbtest4 set c=7 WHERE id IN ( 1703765, 3151508, 6728514, 5967675, 8805954, 7431123, 4322703, 7203959, 4717525, 1594663)
	Update on sbtest4  (cost=0.43..48.53 rows=0 width=0)
	  ->  Index Scan using sbtest4_pkey on sbtest4  (cost=0.43..48.53 rows=10 width=490)
	        Index Cond: (id = ANY ('{1703765,3151508,6728514,5967675,8805954,7431123,4322703,7203959,4717525,1594663}'::integer[]))

table 5 : explain UPDATE sbtest5 set c=7 WHERE id IN ( 1703765, 3151508, 6728514, 5967675, 8805954, 7431123, 4322703, 7203959, 4717525, 1594663)
	Update on sbtest5  (cost=0.43..48.53 rows=0 width=0)
	  ->  Index Scan using sbtest5_pkey on sbtest5  (cost=0.43..48.53 rows=10 width=490)
	        Index Cond: (id = ANY ('{1703765,3151508,6728514,5967675,8805954,7431123,4322703,7203959,4717525,1594663}'::integer[]))

table 6 : explain UPDATE sbtest6 set c=7 WHERE id IN ( 1703765, 3151508, 6728514, 5967675, 8805954, 7431123, 4322703, 7203959, 4717525, 1594663)
	Update on sbtest6  (cost=0.43..48.53 rows=0 width=0)
	  ->  Index Scan using sbtest6_pkey on sbtest6  (cost=0.43..48.53 rows=10 width=490)
	        Index Cond: (id = ANY ('{1703765,3151508,6728514,5967675,8805954,7431123,4322703,7203959,4717525,1594663}'::integer[]))

table 7 : explain UPDATE sbtest7 set c=7 WHERE id IN ( 1703765, 3151508, 6728514, 5967675, 8805954, 7431123, 4322703, 7203959, 4717525, 1594663)
	Update on sbtest7  (cost=0.43..48.53 rows=0 width=0)
	  ->  Index Scan using sbtest7_pkey on sbtest7  (cost=0.43..48.53 rows=10 width=490)
	        Index Cond: (id = ANY ('{1703765,3151508,6728514,5967675,8805954,7431123,4322703,7203959,4717525,1594663}'::integer[]))

table 8 : explain UPDATE sbtest8 set c=7 WHERE id IN ( 1703765, 3151508, 6728514, 5967675, 8805954, 7431123, 4322703, 7203959, 4717525, 1594663)
	Update on sbtest8  (cost=0.43..48.53 rows=0 width=0)
	  ->  Index Scan using sbtest8_pkey on sbtest8  (cost=0.43..48.53 rows=10 width=490)
	        Index Cond: (id = ANY ('{1703765,3151508,6728514,5967675,8805954,7431123,4322703,7203959,4717525,1594663}'::integer[]))

for update-inlist
table 1 : explain UPDATE sbtest1 set c=7 WHERE id IN ( 8534179, 195800, 4937473, 3316572, 3889198, 3599175, 1223176, 1195631, 7234907, 5587499)
	Update on sbtest1  (cost=0.43..48.53 rows=0 width=0)
	  ->  Index Scan using sbtest1_pkey on sbtest1  (cost=0.43..48.53 rows=10 width=490)
	        Index Cond: (id = ANY ('{8534179,195800,4937473,3316572,3889198,3599175,1223176,1195631,7234907,5587499}'::integer[]))

table 2 : explain UPDATE sbtest2 set c=7 WHERE id IN ( 8534179, 195800, 4937473, 3316572, 3889198, 3599175, 1223176, 1195631, 7234907, 5587499)
	Update on sbtest2  (cost=0.43..48.53 rows=0 width=0)
	  ->  Index Scan using sbtest2_pkey on sbtest2  (cost=0.43..48.53 rows=10 width=490)
	        Index Cond: (id = ANY ('{8534179,195800,4937473,3316572,3889198,3599175,1223176,1195631,7234907,5587499}'::integer[]))

table 3 : explain UPDATE sbtest3 set c=7 WHERE id IN ( 8534179, 195800, 4937473, 3316572, 3889198, 3599175, 1223176, 1195631, 7234907, 5587499)
	Update on sbtest3  (cost=0.43..48.53 rows=0 width=0)
	  ->  Index Scan using sbtest3_pkey on sbtest3  (cost=0.43..48.53 rows=10 width=490)
	        Index Cond: (id = ANY ('{8534179,195800,4937473,3316572,3889198,3599175,1223176,1195631,7234907,5587499}'::integer[]))

table 4 : explain UPDATE sbtest4 set c=7 WHERE id IN ( 8534179, 195800, 4937473, 3316572, 3889198, 3599175, 1223176, 1195631, 7234907, 5587499)
	Update on sbtest4  (cost=0.43..48.53 rows=0 width=0)
	  ->  Index Scan using sbtest4_pkey on sbtest4  (cost=0.43..48.53 rows=10 width=490)
	        Index Cond: (id = ANY ('{8534179,195800,4937473,3316572,3889198,3599175,1223176,1195631,7234907,5587499}'::integer[]))

table 5 : explain UPDATE sbtest5 set c=7 WHERE id IN ( 8534179, 195800, 4937473, 3316572, 3889198, 3599175, 1223176, 1195631, 7234907, 5587499)
	Update on sbtest5  (cost=0.43..48.53 rows=0 width=0)
	  ->  Index Scan using sbtest5_pkey on sbtest5  (cost=0.43..48.53 rows=10 width=490)
	        Index Cond: (id = ANY ('{8534179,195800,4937473,3316572,3889198,3599175,1223176,1195631,7234907,5587499}'::integer[]))

table 6 : explain UPDATE sbtest6 set c=7 WHERE id IN ( 8534179, 195800, 4937473, 3316572, 3889198, 3599175, 1223176, 1195631, 7234907, 5587499)
	Update on sbtest6  (cost=0.43..48.53 rows=0 width=0)
	  ->  Index Scan using sbtest6_pkey on sbtest6  (cost=0.43..48.53 rows=10 width=490)
	        Index Cond: (id = ANY ('{8534179,195800,4937473,3316572,3889198,3599175,1223176,1195631,7234907,5587499}'::integer[]))

table 7 : explain UPDATE sbtest7 set c=7 WHERE id IN ( 8534179, 195800, 4937473, 3316572, 3889198, 3599175, 1223176, 1195631, 7234907, 5587499)
	Update on sbtest7  (cost=0.43..48.53 rows=0 width=0)
	  ->  Index Scan using sbtest7_pkey on sbtest7  (cost=0.43..48.53 rows=10 width=490)
	        Index Cond: (id = ANY ('{8534179,195800,4937473,3316572,3889198,3599175,1223176,1195631,7234907,5587499}'::integer[]))

table 8 : explain UPDATE sbtest8 set c=7 WHERE id IN ( 8534179, 195800, 4937473, 3316572, 3889198, 3599175, 1223176, 1195631, 7234907, 5587499)
	Update on sbtest8  (cost=0.43..48.53 rows=0 width=0)
	  ->  Index Scan using sbtest8_pkey on sbtest8  (cost=0.43..48.53 rows=10 width=490)
	        Index Cond: (id = ANY ('{8534179,195800,4937473,3316572,3889198,3599175,1223176,1195631,7234907,5587499}'::integer[]))

for update-inlist
table 1 : explain UPDATE sbtest1 set c=7 WHERE id IN ( 9555058, 229192, 812849, 9337203, 3323306, 484785, 4329019, 9266287, 4710081, 9065134)
	Update on sbtest1  (cost=0.43..48.53 rows=0 width=0)
	  ->  Index Scan using sbtest1_pkey on sbtest1  (cost=0.43..48.53 rows=10 width=490)
	        Index Cond: (id = ANY ('{9555058,229192,812849,9337203,3323306,484785,4329019,9266287,4710081,9065134}'::integer[]))

table 2 : explain UPDATE sbtest2 set c=7 WHERE id IN ( 9555058, 229192, 812849, 9337203, 3323306, 484785, 4329019, 9266287, 4710081, 9065134)
	Update on sbtest2  (cost=0.43..48.53 rows=0 width=0)
	  ->  Index Scan using sbtest2_pkey on sbtest2  (cost=0.43..48.53 rows=10 width=490)
	        Index Cond: (id = ANY ('{9555058,229192,812849,9337203,3323306,484785,4329019,9266287,4710081,9065134}'::integer[]))

table 3 : explain UPDATE sbtest3 set c=7 WHERE id IN ( 9555058, 229192, 812849, 9337203, 3323306, 484785, 4329019, 9266287, 4710081, 9065134)
	Update on sbtest3  (cost=0.43..48.53 rows=0 width=0)
	  ->  Index Scan using sbtest3_pkey on sbtest3  (cost=0.43..48.53 rows=10 width=490)
	        Index Cond: (id = ANY ('{9555058,229192,812849,9337203,3323306,484785,4329019,9266287,4710081,9065134}'::integer[]))

table 4 : explain UPDATE sbtest4 set c=7 WHERE id IN ( 9555058, 229192, 812849, 9337203, 3323306, 484785, 4329019, 9266287, 4710081, 9065134)
	Update on sbtest4  (cost=0.43..48.53 rows=0 width=0)
	  ->  Index Scan using sbtest4_pkey on sbtest4  (cost=0.43..48.53 rows=10 width=490)
	        Index Cond: (id = ANY ('{9555058,229192,812849,9337203,3323306,484785,4329019,9266287,4710081,9065134}'::integer[]))

table 5 : explain UPDATE sbtest5 set c=7 WHERE id IN ( 9555058, 229192, 812849, 9337203, 3323306, 484785, 4329019, 9266287, 4710081, 9065134)
	Update on sbtest5  (cost=0.43..48.53 rows=0 width=0)
	  ->  Index Scan using sbtest5_pkey on sbtest5  (cost=0.43..48.53 rows=10 width=490)
	        Index Cond: (id = ANY ('{9555058,229192,812849,9337203,3323306,484785,4329019,9266287,4710081,9065134}'::integer[]))

table 6 : explain UPDATE sbtest6 set c=7 WHERE id IN ( 9555058, 229192, 812849, 9337203, 3323306, 484785, 4329019, 9266287, 4710081, 9065134)
	Update on sbtest6  (cost=0.43..48.53 rows=0 width=0)
	  ->  Index Scan using sbtest6_pkey on sbtest6  (cost=0.43..48.53 rows=10 width=490)
	        Index Cond: (id = ANY ('{9555058,229192,812849,9337203,3323306,484785,4329019,9266287,4710081,9065134}'::integer[]))

table 7 : explain UPDATE sbtest7 set c=7 WHERE id IN ( 9555058, 229192, 812849, 9337203, 3323306, 484785, 4329019, 9266287, 4710081, 9065134)
	Update on sbtest7  (cost=0.43..48.53 rows=0 width=0)
	  ->  Index Scan using sbtest7_pkey on sbtest7  (cost=0.43..48.53 rows=10 width=490)
	        Index Cond: (id = ANY ('{9555058,229192,812849,9337203,3323306,484785,4329019,9266287,4710081,9065134}'::integer[]))

table 8 : explain UPDATE sbtest8 set c=7 WHERE id IN ( 9555058, 229192, 812849, 9337203, 3323306, 484785, 4329019, 9266287, 4710081, 9065134)
	Update on sbtest8  (cost=0.43..48.53 rows=0 width=0)
	  ->  Index Scan using sbtest8_pkey on sbtest8  (cost=0.43..48.53 rows=10 width=490)
	        Index Cond: (id = ANY ('{9555058,229192,812849,9337203,3323306,484785,4329019,9266287,4710081,9065134}'::integer[]))

for update-inlist
table 1 : explain UPDATE sbtest1 set c=7 WHERE id IN ( 6933475, 7464778, 5765317, 757943, 7407229, 5564574, 8298, 7656468, 8677396, 3692575)
	Update on sbtest1  (cost=0.43..48.53 rows=0 width=0)
	  ->  Index Scan using sbtest1_pkey on sbtest1  (cost=0.43..48.53 rows=10 width=490)
	        Index Cond: (id = ANY ('{6933475,7464778,5765317,757943,7407229,5564574,8298,7656468,8677396,3692575}'::integer[]))

table 2 : explain UPDATE sbtest2 set c=7 WHERE id IN ( 6933475, 7464778, 5765317, 757943, 7407229, 5564574, 8298, 7656468, 8677396, 3692575)
	Update on sbtest2  (cost=0.43..48.53 rows=0 width=0)
	  ->  Index Scan using sbtest2_pkey on sbtest2  (cost=0.43..48.53 rows=10 width=490)
	        Index Cond: (id = ANY ('{6933475,7464778,5765317,757943,7407229,5564574,8298,7656468,8677396,3692575}'::integer[]))

table 3 : explain UPDATE sbtest3 set c=7 WHERE id IN ( 6933475, 7464778, 5765317, 757943, 7407229, 5564574, 8298, 7656468, 8677396, 3692575)
	Update on sbtest3  (cost=0.43..48.53 rows=0 width=0)
	  ->  Index Scan using sbtest3_pkey on sbtest3  (cost=0.43..48.53 rows=10 width=490)
	        Index Cond: (id = ANY ('{6933475,7464778,5765317,757943,7407229,5564574,8298,7656468,8677396,3692575}'::integer[]))

table 4 : explain UPDATE sbtest4 set c=7 WHERE id IN ( 6933475, 7464778, 5765317, 757943, 7407229, 5564574, 8298, 7656468, 8677396, 3692575)
	Update on sbtest4  (cost=0.43..48.53 rows=0 width=0)
	  ->  Index Scan using sbtest4_pkey on sbtest4  (cost=0.43..48.53 rows=10 width=490)
	        Index Cond: (id = ANY ('{6933475,7464778,5765317,757943,7407229,5564574,8298,7656468,8677396,3692575}'::integer[]))

table 5 : explain UPDATE sbtest5 set c=7 WHERE id IN ( 6933475, 7464778, 5765317, 757943, 7407229, 5564574, 8298, 7656468, 8677396, 3692575)
	Update on sbtest5  (cost=0.43..48.53 rows=0 width=0)
	  ->  Index Scan using sbtest5_pkey on sbtest5  (cost=0.43..48.53 rows=10 width=490)
	        Index Cond: (id = ANY ('{6933475,7464778,5765317,757943,7407229,5564574,8298,7656468,8677396,3692575}'::integer[]))

table 6 : explain UPDATE sbtest6 set c=7 WHERE id IN ( 6933475, 7464778, 5765317, 757943, 7407229, 5564574, 8298, 7656468, 8677396, 3692575)
	Update on sbtest6  (cost=0.43..48.53 rows=0 width=0)
	  ->  Index Scan using sbtest6_pkey on sbtest6  (cost=0.43..48.53 rows=10 width=490)
	        Index Cond: (id = ANY ('{6933475,7464778,5765317,757943,7407229,5564574,8298,7656468,8677396,3692575}'::integer[]))

table 7 : explain UPDATE sbtest7 set c=7 WHERE id IN ( 6933475, 7464778, 5765317, 757943, 7407229, 5564574, 8298, 7656468, 8677396, 3692575)
	Update on sbtest7  (cost=0.43..48.53 rows=0 width=0)
	  ->  Index Scan using sbtest7_pkey on sbtest7  (cost=0.43..48.53 rows=10 width=490)
	        Index Cond: (id = ANY ('{6933475,7464778,5765317,757943,7407229,5564574,8298,7656468,8677396,3692575}'::integer[]))

table 8 : explain UPDATE sbtest8 set c=7 WHERE id IN ( 6933475, 7464778, 5765317, 757943, 7407229, 5564574, 8298, 7656468, 8677396, 3692575)
	Update on sbtest8  (cost=0.43..48.53 rows=0 width=0)
	  ->  Index Scan using sbtest8_pkey on sbtest8  (cost=0.43..48.53 rows=10 width=490)
	        Index Cond: (id = ANY ('{6933475,7464778,5765317,757943,7407229,5564574,8298,7656468,8677396,3692575}'::integer[]))

explain: for update-inlist :: explain UPDATE sbtest%d set c=7 WHERE id IN ( 3047487, 3104962, 4583433, 7680657, 1785854, 1468038, 133239, 7432064, 6086404, 3696375)
for update-inlist
table 1 : explain UPDATE sbtest1 set c=7 WHERE id IN ( 6434944, 8955569, 8344408, 8407919, 4282999, 7022976, 1834066, 5640770, 1848597, 4002349)
	Update on sbtest1  (cost=0.43..48.53 rows=0 width=0)
	  ->  Index Scan using sbtest1_pkey on sbtest1  (cost=0.43..48.53 rows=10 width=490)
	        Index Cond: (id = ANY ('{6434944,8955569,8344408,8407919,4282999,7022976,1834066,5640770,1848597,4002349}'::integer[]))

table 2 : explain UPDATE sbtest2 set c=7 WHERE id IN ( 6434944, 8955569, 8344408, 8407919, 4282999, 7022976, 1834066, 5640770, 1848597, 4002349)
	Update on sbtest2  (cost=0.43..48.53 rows=0 width=0)
	  ->  Index Scan using sbtest2_pkey on sbtest2  (cost=0.43..48.53 rows=10 width=490)
	        Index Cond: (id = ANY ('{6434944,8955569,8344408,8407919,4282999,7022976,1834066,5640770,1848597,4002349}'::integer[]))

table 3 : explain UPDATE sbtest3 set c=7 WHERE id IN ( 6434944, 8955569, 8344408, 8407919, 4282999, 7022976, 1834066, 5640770, 1848597, 4002349)
	Update on sbtest3  (cost=0.43..48.53 rows=0 width=0)
	  ->  Index Scan using sbtest3_pkey on sbtest3  (cost=0.43..48.53 rows=10 width=490)
	        Index Cond: (id = ANY ('{6434944,8955569,8344408,8407919,4282999,7022976,1834066,5640770,1848597,4002349}'::integer[]))

table 4 : explain UPDATE sbtest4 set c=7 WHERE id IN ( 6434944, 8955569, 8344408, 8407919, 4282999, 7022976, 1834066, 5640770, 1848597, 4002349)
	Update on sbtest4  (cost=0.43..48.53 rows=0 width=0)
	  ->  Index Scan using sbtest4_pkey on sbtest4  (cost=0.43..48.53 rows=10 width=490)
	        Index Cond: (id = ANY ('{6434944,8955569,8344408,8407919,4282999,7022976,1834066,5640770,1848597,4002349}'::integer[]))

table 5 : explain UPDATE sbtest5 set c=7 WHERE id IN ( 6434944, 8955569, 8344408, 8407919, 4282999, 7022976, 1834066, 5640770, 1848597, 4002349)
	Update on sbtest5  (cost=0.43..48.53 rows=0 width=0)
	  ->  Index Scan using sbtest5_pkey on sbtest5  (cost=0.43..48.53 rows=10 width=490)
	        Index Cond: (id = ANY ('{6434944,8955569,8344408,8407919,4282999,7022976,1834066,5640770,1848597,4002349}'::integer[]))

table 6 : explain UPDATE sbtest6 set c=7 WHERE id IN ( 6434944, 8955569, 8344408, 8407919, 4282999, 7022976, 1834066, 5640770, 1848597, 4002349)
	Update on sbtest6  (cost=0.43..48.53 rows=0 width=0)
	  ->  Index Scan using sbtest6_pkey on sbtest6  (cost=0.43..48.53 rows=10 width=490)
	        Index Cond: (id = ANY ('{6434944,8955569,8344408,8407919,4282999,7022976,1834066,5640770,1848597,4002349}'::integer[]))

table 7 : explain UPDATE sbtest7 set c=7 WHERE id IN ( 6434944, 8955569, 8344408, 8407919, 4282999, 7022976, 1834066, 5640770, 1848597, 4002349)
	Update on sbtest7  (cost=0.43..48.53 rows=0 width=0)
	  ->  Index Scan using sbtest7_pkey on sbtest7  (cost=0.43..48.53 rows=10 width=490)
	        Index Cond: (id = ANY ('{6434944,8955569,8344408,8407919,4282999,7022976,1834066,5640770,1848597,4002349}'::integer[]))

table 8 : explain UPDATE sbtest8 set c=7 WHERE id IN ( 6434944, 8955569, 8344408, 8407919, 4282999, 7022976, 1834066, 5640770, 1848597, 4002349)
	Update on sbtest8  (cost=0.43..48.53 rows=0 width=0)
	  ->  Index Scan using sbtest8_pkey on sbtest8  (cost=0.43..48.53 rows=10 width=490)
	        Index Cond: (id = ANY ('{6434944,8955569,8344408,8407919,4282999,7022976,1834066,5640770,1848597,4002349}'::integer[]))
explain: for update-inlist :: explain UPDATE sbtest%d set c=7 WHERE id IN ( 8542355, 7121883, 1872601, 1133024, 2059140, 6555797, 9058070, 3617017, 9104182, 8037829)

explain: for update-inlist :: explain UPDATE sbtest%d set c=7 WHERE id IN ( 8668476, 4481475, 5974863, 9647364, 6238266, 4280161, 8825878, 2424232, 3021110, 4104027)
explain: for update-inlist :: explain UPDATE sbtest%d set c=7 WHERE id IN ( 259008, 9409675, 1180415, 2290652, 1748455, 4321227, 4379523, 5256401, 6422187, 4238909)
explain: for update-inlist :: explain UPDATE sbtest%d set c=7 WHERE id IN ( 4371976, 7009657, 6859335, 843936, 3458134, 8370545, 6799598, 1231980, 1149338, 9404308)
for update-inlist
table 1 : explain UPDATE sbtest1 set c=7 WHERE id IN ( 6051786, 2164384, 7912433, 613125, 9736439, 9080547, 3662833, 8023532, 2846308, 500527)
	Update on sbtest1  (cost=0.43..48.53 rows=0 width=0)
	  ->  Index Scan using sbtest1_pkey on sbtest1  (cost=0.43..48.53 rows=10 width=490)
	        Index Cond: (id = ANY ('{6051786,2164384,7912433,613125,9736439,9080547,3662833,8023532,2846308,500527}'::integer[]))

table 2 : explain UPDATE sbtest2 set c=7 WHERE id IN ( 6051786, 2164384, 7912433, 613125, 9736439, 9080547, 3662833, 8023532, 2846308, 500527)
	Update on sbtest2  (cost=0.43..48.53 rows=0 width=0)
	  ->  Index Scan using sbtest2_pkey on sbtest2  (cost=0.43..48.53 rows=10 width=490)
	        Index Cond: (id = ANY ('{6051786,2164384,7912433,613125,9736439,9080547,3662833,8023532,2846308,500527}'::integer[]))

table 3 : explain UPDATE sbtest3 set c=7 WHERE id IN ( 6051786, 2164384, 7912433, 613125, 9736439, 9080547, 3662833, 8023532, 2846308, 500527)
	Update on sbtest3  (cost=0.43..48.53 rows=0 width=0)
	  ->  Index Scan using sbtest3_pkey on sbtest3  (cost=0.43..48.53 rows=10 width=490)
	        Index Cond: (id = ANY ('{6051786,2164384,7912433,613125,9736439,9080547,3662833,8023532,2846308,500527}'::integer[]))

table 4 : explain UPDATE sbtest4 set c=7 WHERE id IN ( 6051786, 2164384, 7912433, 613125, 9736439, 9080547, 3662833, 8023532, 2846308, 500527)
	Update on sbtest4  (cost=0.43..48.53 rows=0 width=0)
	  ->  Index Scan using sbtest4_pkey on sbtest4  (cost=0.43..48.53 rows=10 width=490)
	        Index Cond: (id = ANY ('{6051786,2164384,7912433,613125,9736439,9080547,3662833,8023532,2846308,500527}'::integer[]))

table 5 : explain UPDATE sbtest5 set c=7 WHERE id IN ( 6051786, 2164384, 7912433, 613125, 9736439, 9080547, 3662833, 8023532, 2846308, 500527)
	Update on sbtest5  (cost=0.43..48.53 rows=0 width=0)
	  ->  Index Scan using sbtest5_pkey on sbtest5  (cost=0.43..48.53 rows=10 width=490)
	        Index Cond: (id = ANY ('{6051786,2164384,7912433,613125,9736439,9080547,3662833,8023532,2846308,500527}'::integer[]))

table 6 : explain UPDATE sbtest6 set c=7 WHERE id IN ( 6051786, 2164384, 7912433, 613125, 9736439, 9080547, 3662833, 8023532, 2846308, 500527)
	Update on sbtest6  (cost=0.43..48.53 rows=0 width=0)
	  ->  Index Scan using sbtest6_pkey on sbtest6  (cost=0.43..48.53 rows=10 width=490)
	        Index Cond: (id = ANY ('{6051786,2164384,7912433,613125,9736439,9080547,3662833,8023532,2846308,500527}'::integer[]))

table 7 : explain UPDATE sbtest7 set c=7 WHERE id IN ( 6051786, 2164384, 7912433, 613125, 9736439, 9080547, 3662833, 8023532, 2846308, 500527)
	Update on sbtest7  (cost=0.43..48.53 rows=0 width=0)
	  ->  Index Scan using sbtest7_pkey on sbtest7  (cost=0.43..48.53 rows=10 width=490)
	        Index Cond: (id = ANY ('{6051786,2164384,7912433,613125,9736439,9080547,3662833,8023532,2846308,500527}'::integer[]))

table 8 : explain UPDATE sbtest8 set c=7 WHERE id IN ( 6051786, 2164384, 7912433, 613125, 9736439, 9080547, 3662833, 8023532, 2846308, 500527)
	Update on sbtest8  (cost=0.43..48.53 rows=0 width=0)
	  ->  Index Scan using sbtest8_pkey on sbtest8  (cost=0.43..48.53 rows=10 width=490)
	        Index Cond: (id = ANY ('{6051786,2164384,7912433,613125,9736439,9080547,3662833,8023532,2846308,500527}'::integer[]))

for update-inlist
table 1 : explain UPDATE sbtest1 set c=7 WHERE id IN ( 2511021, 3283790, 6918793, 1101595, 7264800, 735861, 2589982, 753646, 4774412, 2334817)
	Update on sbtest1  (cost=0.43..48.53 rows=0 width=0)
	  ->  Index Scan using sbtest1_pkey on sbtest1  (cost=0.43..48.53 rows=10 width=490)
	        Index Cond: (id = ANY ('{2511021,3283790,6918793,1101595,7264800,735861,2589982,753646,4774412,2334817}'::integer[]))

table 2 : explain UPDATE sbtest2 set c=7 WHERE id IN ( 2511021, 3283790, 6918793, 1101595, 7264800, 735861, 2589982, 753646, 4774412, 2334817)
	Update on sbtest2  (cost=0.43..48.53 rows=0 width=0)
	  ->  Index Scan using sbtest2_pkey on sbtest2  (cost=0.43..48.53 rows=10 width=490)
	        Index Cond: (id = ANY ('{2511021,3283790,6918793,1101595,7264800,735861,2589982,753646,4774412,2334817}'::integer[]))

table 3 : explain UPDATE sbtest3 set c=7 WHERE id IN ( 2511021, 3283790, 6918793, 1101595, 7264800, 735861, 2589982, 753646, 4774412, 2334817)
	Update on sbtest3  (cost=0.43..48.53 rows=0 width=0)
	  ->  Index Scan using sbtest3_pkey on sbtest3  (cost=0.43..48.53 rows=10 width=490)
	        Index Cond: (id = ANY ('{2511021,3283790,6918793,1101595,7264800,735861,2589982,753646,4774412,2334817}'::integer[]))

table 4 : explain UPDATE sbtest4 set c=7 WHERE id IN ( 2511021, 3283790, 6918793, 1101595, 7264800, 735861, 2589982, 753646, 4774412, 2334817)
	Update on sbtest4  (cost=0.43..48.53 rows=0 width=0)
	  ->  Index Scan using sbtest4_pkey on sbtest4  (cost=0.43..48.53 rows=10 width=490)
	        Index Cond: (id = ANY ('{2511021,3283790,6918793,1101595,7264800,735861,2589982,753646,4774412,2334817}'::integer[]))

table 5 : explain UPDATE sbtest5 set c=7 WHERE id IN ( 2511021, 3283790, 6918793, 1101595, 7264800, 735861, 2589982, 753646, 4774412, 2334817)
	Update on sbtest5  (cost=0.43..48.53 rows=0 width=0)
	  ->  Index Scan using sbtest5_pkey on sbtest5  (cost=0.43..48.53 rows=10 width=490)
	        Index Cond: (id = ANY ('{2511021,3283790,6918793,1101595,7264800,735861,2589982,753646,4774412,2334817}'::integer[]))

table 6 : explain UPDATE sbtest6 set c=7 WHERE id IN ( 2511021, 3283790, 6918793, 1101595, 7264800, 735861, 2589982, 753646, 4774412, 2334817)
	Update on sbtest6  (cost=0.43..48.53 rows=0 width=0)
	  ->  Index Scan using sbtest6_pkey on sbtest6  (cost=0.43..48.53 rows=10 width=490)
	        Index Cond: (id = ANY ('{2511021,3283790,6918793,1101595,7264800,735861,2589982,753646,4774412,2334817}'::integer[]))

table 7 : explain UPDATE sbtest7 set c=7 WHERE id IN ( 2511021, 3283790, 6918793, 1101595, 7264800, 735861, 2589982, 753646, 4774412, 2334817)
	Update on sbtest7  (cost=0.43..48.53 rows=0 width=0)
	  ->  Index Scan using sbtest7_pkey on sbtest7  (cost=0.43..48.53 rows=10 width=490)
	        Index Cond: (id = ANY ('{2511021,3283790,6918793,1101595,7264800,735861,2589982,753646,4774412,2334817}'::integer[]))

table 8 : explain UPDATE sbtest8 set c=7 WHERE id IN ( 2511021, 3283790, 6918793, 1101595, 7264800, 735861, 2589982, 753646, 4774412, 2334817)
	Update on sbtest8  (cost=0.43..48.53 rows=0 width=0)
	  ->  Index Scan using sbtest8_pkey on sbtest8  (cost=0.43..48.53 rows=10 width=490)
	        Index Cond: (id = ANY ('{2511021,3283790,6918793,1101595,7264800,735861,2589982,753646,4774412,2334817}'::integer[]))

explain: for update-inlist :: explain UPDATE sbtest%d set c=7 WHERE id IN ( 9023350, 1060907, 9296006, 5694359, 1403624, 9166298, 9497979, 1261977, 5038865, 8568575)
for update-inlist
table 1 : explain UPDATE sbtest1 set c=7 WHERE id IN ( 8542355, 7121883, 1872601, 1133024, 2059140, 6555797, 9058070, 3617017, 9104182, 8037829)
	Update on sbtest1  (cost=0.43..48.53 rows=0 width=0)
	  ->  Index Scan using sbtest1_pkey on sbtest1  (cost=0.43..48.53 rows=10 width=490)
	        Index Cond: (id = ANY ('{8542355,7121883,1872601,1133024,2059140,6555797,9058070,3617017,9104182,8037829}'::integer[]))

table 2 : explain UPDATE sbtest2 set c=7 WHERE id IN ( 8542355, 7121883, 1872601, 1133024, 2059140, 6555797, 9058070, 3617017, 9104182, 8037829)
	Update on sbtest2  (cost=0.43..48.53 rows=0 width=0)
	  ->  Index Scan using sbtest2_pkey on sbtest2  (cost=0.43..48.53 rows=10 width=490)
	        Index Cond: (id = ANY ('{8542355,7121883,1872601,1133024,2059140,6555797,9058070,3617017,9104182,8037829}'::integer[]))

table 3 : explain UPDATE sbtest3 set c=7 WHERE id IN ( 8542355, 7121883, 1872601, 1133024, 2059140, 6555797, 9058070, 3617017, 9104182, 8037829)
	Update on sbtest3  (cost=0.43..48.53 rows=0 width=0)
	  ->  Index Scan using sbtest3_pkey on sbtest3  (cost=0.43..48.53 rows=10 width=490)
	        Index Cond: (id = ANY ('{8542355,7121883,1872601,1133024,2059140,6555797,9058070,3617017,9104182,8037829}'::integer[]))

table 4 : explain UPDATE sbtest4 set c=7 WHERE id IN ( 8542355, 7121883, 1872601, 1133024, 2059140, 6555797, 9058070, 3617017, 9104182, 8037829)
	Update on sbtest4  (cost=0.43..48.53 rows=0 width=0)
	  ->  Index Scan using sbtest4_pkey on sbtest4  (cost=0.43..48.53 rows=10 width=490)
	        Index Cond: (id = ANY ('{8542355,7121883,1872601,1133024,2059140,6555797,9058070,3617017,9104182,8037829}'::integer[]))

table 5 : explain UPDATE sbtest5 set c=7 WHERE id IN ( 8542355, 7121883, 1872601, 1133024, 2059140, 6555797, 9058070, 3617017, 9104182, 8037829)
	Update on sbtest5  (cost=0.43..48.53 rows=0 width=0)
	  ->  Index Scan using sbtest5_pkey on sbtest5  (cost=0.43..48.53 rows=10 width=490)
	        Index Cond: (id = ANY ('{8542355,7121883,1872601,1133024,2059140,6555797,9058070,3617017,9104182,8037829}'::integer[]))

table 6 : explain UPDATE sbtest6 set c=7 WHERE id IN ( 8542355, 7121883, 1872601, 1133024, 2059140, 6555797, 9058070, 3617017, 9104182, 8037829)
	Update on sbtest6  (cost=0.43..48.53 rows=0 width=0)
	  ->  Index Scan using sbtest6_pkey on sbtest6  (cost=0.43..48.53 rows=10 width=490)
	        Index Cond: (id = ANY ('{8542355,7121883,1872601,1133024,2059140,6555797,9058070,3617017,9104182,8037829}'::integer[]))

table 7 : explain UPDATE sbtest7 set c=7 WHERE id IN ( 8542355, 7121883, 1872601, 1133024, 2059140, 6555797, 9058070, 3617017, 9104182, 8037829)
	Update on sbtest7  (cost=0.43..48.53 rows=0 width=0)
	  ->  Index Scan using sbtest7_pkey on sbtest7  (cost=0.43..48.53 rows=10 width=490)
	        Index Cond: (id = ANY ('{8542355,7121883,1872601,1133024,2059140,6555797,9058070,3617017,9104182,8037829}'::integer[]))

table 8 : explain UPDATE sbtest8 set c=7 WHERE id IN ( 8542355, 7121883, 1872601, 1133024, 2059140, 6555797, 9058070, 3617017, 9104182, 8037829)
	Update on sbtest8  (cost=0.43..48.53 rows=0 width=0)
	  ->  Index Scan using sbtest8_pkey on sbtest8  (cost=0.43..48.53 rows=10 width=490)
	        Index Cond: (id = ANY ('{8542355,7121883,1872601,1133024,2059140,6555797,9058070,3617017,9104182,8037829}'::integer[]))

for update-inlist
table 1 : explain UPDATE sbtest1 set c=7 WHERE id IN ( 259008, 9409675, 1180415, 2290652, 1748455, 4321227, 4379523, 5256401, 6422187, 4238909)
	Update on sbtest1  (cost=0.43..48.53 rows=0 width=0)
	  ->  Index Scan using sbtest1_pkey on sbtest1  (cost=0.43..48.53 rows=10 width=490)
	        Index Cond: (id = ANY ('{259008,9409675,1180415,2290652,1748455,4321227,4379523,5256401,6422187,4238909}'::integer[]))

table 2 : explain UPDATE sbtest2 set c=7 WHERE id IN ( 259008, 9409675, 1180415, 2290652, 1748455, 4321227, 4379523, 5256401, 6422187, 4238909)
	Update on sbtest2  (cost=0.43..48.53 rows=0 width=0)
	  ->  Index Scan using sbtest2_pkey on sbtest2  (cost=0.43..48.53 rows=10 width=490)
	        Index Cond: (id = ANY ('{259008,9409675,1180415,2290652,1748455,4321227,4379523,5256401,6422187,4238909}'::integer[]))

table 3 : explain UPDATE sbtest3 set c=7 WHERE id IN ( 259008, 9409675, 1180415, 2290652, 1748455, 4321227, 4379523, 5256401, 6422187, 4238909)
	Update on sbtest3  (cost=0.43..48.53 rows=0 width=0)
	  ->  Index Scan using sbtest3_pkey on sbtest3  (cost=0.43..48.53 rows=10 width=490)
	        Index Cond: (id = ANY ('{259008,9409675,1180415,2290652,1748455,4321227,4379523,5256401,6422187,4238909}'::integer[]))

table 4 : explain UPDATE sbtest4 set c=7 WHERE id IN ( 259008, 9409675, 1180415, 2290652, 1748455, 4321227, 4379523, 5256401, 6422187, 4238909)
	Update on sbtest4  (cost=0.43..48.53 rows=0 width=0)
	  ->  Index Scan using sbtest4_pkey on sbtest4  (cost=0.43..48.53 rows=10 width=490)
	        Index Cond: (id = ANY ('{259008,9409675,1180415,2290652,1748455,4321227,4379523,5256401,6422187,4238909}'::integer[]))

table 5 : explain UPDATE sbtest5 set c=7 WHERE id IN ( 259008, 9409675, 1180415, 2290652, 1748455, 4321227, 4379523, 5256401, 6422187, 4238909)
	Update on sbtest5  (cost=0.43..48.53 rows=0 width=0)
	  ->  Index Scan using sbtest5_pkey on sbtest5  (cost=0.43..48.53 rows=10 width=490)
	        Index Cond: (id = ANY ('{259008,9409675,1180415,2290652,1748455,4321227,4379523,5256401,6422187,4238909}'::integer[]))

table 6 : explain UPDATE sbtest6 set c=7 WHERE id IN ( 259008, 9409675, 1180415, 2290652, 1748455, 4321227, 4379523, 5256401, 6422187, 4238909)
	Update on sbtest6  (cost=0.43..48.53 rows=0 width=0)
	  ->  Index Scan using sbtest6_pkey on sbtest6  (cost=0.43..48.53 rows=10 width=490)
	        Index Cond: (id = ANY ('{259008,9409675,1180415,2290652,1748455,4321227,4379523,5256401,6422187,4238909}'::integer[]))

table 7 : explain UPDATE sbtest7 set c=7 WHERE id IN ( 259008, 9409675, 1180415, 2290652, 1748455, 4321227, 4379523, 5256401, 6422187, 4238909)
	Update on sbtest7  (cost=0.43..48.53 rows=0 width=0)
	  ->  Index Scan using sbtest7_pkey on sbtest7  (cost=0.43..48.53 rows=10 width=490)
	        Index Cond: (id = ANY ('{259008,9409675,1180415,2290652,1748455,4321227,4379523,5256401,6422187,4238909}'::integer[]))

table 8 : explain UPDATE sbtest8 set c=7 WHERE id IN ( 259008, 9409675, 1180415, 2290652, 1748455, 4321227, 4379523, 5256401, 6422187, 4238909)
	Update on sbtest8  (cost=0.43..48.53 rows=0 width=0)
	  ->  Index Scan using sbtest8_pkey on sbtest8  (cost=0.43..48.53 rows=10 width=490)
	        Index Cond: (id = ANY ('{259008,9409675,1180415,2290652,1748455,4321227,4379523,5256401,6422187,4238909}'::integer[]))

for update-inlist
table 1 : explain UPDATE sbtest1 set c=7 WHERE id IN ( 8668476, 4481475, 5974863, 9647364, 6238266, 4280161, 8825878, 2424232, 3021110, 4104027)
	Update on sbtest1  (cost=0.43..48.53 rows=0 width=0)
	  ->  Index Scan using sbtest1_pkey on sbtest1  (cost=0.43..48.53 rows=10 width=490)
	        Index Cond: (id = ANY ('{8668476,4481475,5974863,9647364,6238266,4280161,8825878,2424232,3021110,4104027}'::integer[]))

table 2 : explain UPDATE sbtest2 set c=7 WHERE id IN ( 8668476, 4481475, 5974863, 9647364, 6238266, 4280161, 8825878, 2424232, 3021110, 4104027)
	Update on sbtest2  (cost=0.43..48.53 rows=0 width=0)
	  ->  Index Scan using sbtest2_pkey on sbtest2  (cost=0.43..48.53 rows=10 width=490)
	        Index Cond: (id = ANY ('{8668476,4481475,5974863,9647364,6238266,4280161,8825878,2424232,3021110,4104027}'::integer[]))

table 3 : explain UPDATE sbtest3 set c=7 WHERE id IN ( 8668476, 4481475, 5974863, 9647364, 6238266, 4280161, 8825878, 2424232, 3021110, 4104027)
	Update on sbtest3  (cost=0.43..48.53 rows=0 width=0)
	  ->  Index Scan using sbtest3_pkey on sbtest3  (cost=0.43..48.53 rows=10 width=490)
	        Index Cond: (id = ANY ('{8668476,4481475,5974863,9647364,6238266,4280161,8825878,2424232,3021110,4104027}'::integer[]))

table 4 : explain UPDATE sbtest4 set c=7 WHERE id IN ( 8668476, 4481475, 5974863, 9647364, 6238266, 4280161, 8825878, 2424232, 3021110, 4104027)
	Update on sbtest4  (cost=0.43..48.53 rows=0 width=0)
	  ->  Index Scan using sbtest4_pkey on sbtest4  (cost=0.43..48.53 rows=10 width=490)
	        Index Cond: (id = ANY ('{8668476,4481475,5974863,9647364,6238266,4280161,8825878,2424232,3021110,4104027}'::integer[]))

table 5 : explain UPDATE sbtest5 set c=7 WHERE id IN ( 8668476, 4481475, 5974863, 9647364, 6238266, 4280161, 8825878, 2424232, 3021110, 4104027)
	Update on sbtest5  (cost=0.43..48.53 rows=0 width=0)
	  ->  Index Scan using sbtest5_pkey on sbtest5  (cost=0.43..48.53 rows=10 width=490)
	        Index Cond: (id = ANY ('{8668476,4481475,5974863,9647364,6238266,4280161,8825878,2424232,3021110,4104027}'::integer[]))

table 6 : explain UPDATE sbtest6 set c=7 WHERE id IN ( 8668476, 4481475, 5974863, 9647364, 6238266, 4280161, 8825878, 2424232, 3021110, 4104027)
	Update on sbtest6  (cost=0.43..48.53 rows=0 width=0)
	  ->  Index Scan using sbtest6_pkey on sbtest6  (cost=0.43..48.53 rows=10 width=490)
	        Index Cond: (id = ANY ('{8668476,4481475,5974863,9647364,6238266,4280161,8825878,2424232,3021110,4104027}'::integer[]))

table 7 : explain UPDATE sbtest7 set c=7 WHERE id IN ( 8668476, 4481475, 5974863, 9647364, 6238266, 4280161, 8825878, 2424232, 3021110, 4104027)
	Update on sbtest7  (cost=0.43..48.53 rows=0 width=0)
	  ->  Index Scan using sbtest7_pkey on sbtest7  (cost=0.43..48.53 rows=10 width=490)
	        Index Cond: (id = ANY ('{8668476,4481475,5974863,9647364,6238266,4280161,8825878,2424232,3021110,4104027}'::integer[]))

table 8 : explain UPDATE sbtest8 set c=7 WHERE id IN ( 8668476, 4481475, 5974863, 9647364, 6238266, 4280161, 8825878, 2424232, 3021110, 4104027)
	Update on sbtest8  (cost=0.43..48.53 rows=0 width=0)
	  ->  Index Scan using sbtest8_pkey on sbtest8  (cost=0.43..48.53 rows=10 width=490)
	        Index Cond: (id = ANY ('{8668476,4481475,5974863,9647364,6238266,4280161,8825878,2424232,3021110,4104027}'::integer[]))

explain: for update-inlist :: explain UPDATE sbtest%d set c=7 WHERE id IN ( 2639378, 7092663, 413198, 3163325, 302297, 8888404, 1522386, 7765255, 7886525, 5419436)
explain: for update-inlist :: explain UPDATE sbtest%d set c=7 WHERE id IN ( 5617455, 3808630, 713426, 7229846, 6112374, 9237963, 6998254, 427944, 5290856, 4689291)
for update-inlist
table 1 : explain UPDATE sbtest1 set c=7 WHERE id IN ( 3047487, 3104962, 4583433, 7680657, 1785854, 1468038, 133239, 7432064, 6086404, 3696375)
	Update on sbtest1  (cost=0.43..48.53 rows=0 width=0)
	  ->  Index Scan using sbtest1_pkey on sbtest1  (cost=0.43..48.53 rows=10 width=490)
	        Index Cond: (id = ANY ('{3047487,3104962,4583433,7680657,1785854,1468038,133239,7432064,6086404,3696375}'::integer[]))

table 2 : explain UPDATE sbtest2 set c=7 WHERE id IN ( 3047487, 3104962, 4583433, 7680657, 1785854, 1468038, 133239, 7432064, 6086404, 3696375)
	Update on sbtest2  (cost=0.43..48.53 rows=0 width=0)
	  ->  Index Scan using sbtest2_pkey on sbtest2  (cost=0.43..48.53 rows=10 width=490)
	        Index Cond: (id = ANY ('{3047487,3104962,4583433,7680657,1785854,1468038,133239,7432064,6086404,3696375}'::integer[]))

table 3 : explain UPDATE sbtest3 set c=7 WHERE id IN ( 3047487, 3104962, 4583433, 7680657, 1785854, 1468038, 133239, 7432064, 6086404, 3696375)
	Update on sbtest3  (cost=0.43..48.53 rows=0 width=0)
	  ->  Index Scan using sbtest3_pkey on sbtest3  (cost=0.43..48.53 rows=10 width=490)
	        Index Cond: (id = ANY ('{3047487,3104962,4583433,7680657,1785854,1468038,133239,7432064,6086404,3696375}'::integer[]))

table 4 : explain UPDATE sbtest4 set c=7 WHERE id IN ( 3047487, 3104962, 4583433, 7680657, 1785854, 1468038, 133239, 7432064, 6086404, 3696375)
	Update on sbtest4  (cost=0.43..48.53 rows=0 width=0)
	  ->  Index Scan using sbtest4_pkey on sbtest4  (cost=0.43..48.53 rows=10 width=490)
	        Index Cond: (id = ANY ('{3047487,3104962,4583433,7680657,1785854,1468038,133239,7432064,6086404,3696375}'::integer[]))

table 5 : explain UPDATE sbtest5 set c=7 WHERE id IN ( 3047487, 3104962, 4583433, 7680657, 1785854, 1468038, 133239, 7432064, 6086404, 3696375)
	Update on sbtest5  (cost=0.43..48.53 rows=0 width=0)
	  ->  Index Scan using sbtest5_pkey on sbtest5  (cost=0.43..48.53 rows=10 width=490)
	        Index Cond: (id = ANY ('{3047487,3104962,4583433,7680657,1785854,1468038,133239,7432064,6086404,3696375}'::integer[]))

table 6 : explain UPDATE sbtest6 set c=7 WHERE id IN ( 3047487, 3104962, 4583433, 7680657, 1785854, 1468038, 133239, 7432064, 6086404, 3696375)
	Update on sbtest6  (cost=0.43..48.53 rows=0 width=0)
	  ->  Index Scan using sbtest6_pkey on sbtest6  (cost=0.43..48.53 rows=10 width=490)
	        Index Cond: (id = ANY ('{3047487,3104962,4583433,7680657,1785854,1468038,133239,7432064,6086404,3696375}'::integer[]))

table 7 : explain UPDATE sbtest7 set c=7 WHERE id IN ( 3047487, 3104962, 4583433, 7680657, 1785854, 1468038, 133239, 7432064, 6086404, 3696375)
	Update on sbtest7  (cost=0.43..48.53 rows=0 width=0)
	  ->  Index Scan using sbtest7_pkey on sbtest7  (cost=0.43..48.53 rows=10 width=490)
	        Index Cond: (id = ANY ('{3047487,3104962,4583433,7680657,1785854,1468038,133239,7432064,6086404,3696375}'::integer[]))

table 8 : explain UPDATE sbtest8 set c=7 WHERE id IN ( 3047487, 3104962, 4583433, 7680657, 1785854, 1468038, 133239, 7432064, 6086404, 3696375)
	Update on sbtest8  (cost=0.43..48.53 rows=0 width=0)
	  ->  Index Scan using sbtest8_pkey on sbtest8  (cost=0.43..48.53 rows=10 width=490)
	        Index Cond: (id = ANY ('{3047487,3104962,4583433,7680657,1785854,1468038,133239,7432064,6086404,3696375}'::integer[]))

for update-inlist
table 1 : explain UPDATE sbtest1 set c=7 WHERE id IN ( 9023350, 1060907, 9296006, 5694359, 1403624, 9166298, 9497979, 1261977, 5038865, 8568575)
	Update on sbtest1  (cost=0.43..48.53 rows=0 width=0)
	  ->  Index Scan using sbtest1_pkey on sbtest1  (cost=0.43..48.53 rows=10 width=490)
	        Index Cond: (id = ANY ('{9023350,1060907,9296006,5694359,1403624,9166298,9497979,1261977,5038865,8568575}'::integer[]))

table 2 : explain UPDATE sbtest2 set c=7 WHERE id IN ( 9023350, 1060907, 9296006, 5694359, 1403624, 9166298, 9497979, 1261977, 5038865, 8568575)
	Update on sbtest2  (cost=0.43..48.53 rows=0 width=0)
	  ->  Index Scan using sbtest2_pkey on sbtest2  (cost=0.43..48.53 rows=10 width=490)
	        Index Cond: (id = ANY ('{9023350,1060907,9296006,5694359,1403624,9166298,9497979,1261977,5038865,8568575}'::integer[]))

table 3 : explain UPDATE sbtest3 set c=7 WHERE id IN ( 9023350, 1060907, 9296006, 5694359, 1403624, 9166298, 9497979, 1261977, 5038865, 8568575)
	Update on sbtest3  (cost=0.43..48.53 rows=0 width=0)
	  ->  Index Scan using sbtest3_pkey on sbtest3  (cost=0.43..48.53 rows=10 width=490)
	        Index Cond: (id = ANY ('{9023350,1060907,9296006,5694359,1403624,9166298,9497979,1261977,5038865,8568575}'::integer[]))

table 4 : explain UPDATE sbtest4 set c=7 WHERE id IN ( 9023350, 1060907, 9296006, 5694359, 1403624, 9166298, 9497979, 1261977, 5038865, 8568575)
	Update on sbtest4  (cost=0.43..48.53 rows=0 width=0)
	  ->  Index Scan using sbtest4_pkey on sbtest4  (cost=0.43..48.53 rows=10 width=490)
	        Index Cond: (id = ANY ('{9023350,1060907,9296006,5694359,1403624,9166298,9497979,1261977,5038865,8568575}'::integer[]))

table 5 : explain UPDATE sbtest5 set c=7 WHERE id IN ( 9023350, 1060907, 9296006, 5694359, 1403624, 9166298, 9497979, 1261977, 5038865, 8568575)
	Update on sbtest5  (cost=0.43..48.53 rows=0 width=0)
	  ->  Index Scan using sbtest5_pkey on sbtest5  (cost=0.43..48.53 rows=10 width=490)
	        Index Cond: (id = ANY ('{9023350,1060907,9296006,5694359,1403624,9166298,9497979,1261977,5038865,8568575}'::integer[]))

table 6 : explain UPDATE sbtest6 set c=7 WHERE id IN ( 9023350, 1060907, 9296006, 5694359, 1403624, 9166298, 9497979, 1261977, 5038865, 8568575)
	Update on sbtest6  (cost=0.43..48.53 rows=0 width=0)
	  ->  Index Scan using sbtest6_pkey on sbtest6  (cost=0.43..48.53 rows=10 width=490)
	        Index Cond: (id = ANY ('{9023350,1060907,9296006,5694359,1403624,9166298,9497979,1261977,5038865,8568575}'::integer[]))

table 7 : explain UPDATE sbtest7 set c=7 WHERE id IN ( 9023350, 1060907, 9296006, 5694359, 1403624, 9166298, 9497979, 1261977, 5038865, 8568575)
	Update on sbtest7  (cost=0.43..48.53 rows=0 width=0)
	  ->  Index Scan using sbtest7_pkey on sbtest7  (cost=0.43..48.53 rows=10 width=490)
	        Index Cond: (id = ANY ('{9023350,1060907,9296006,5694359,1403624,9166298,9497979,1261977,5038865,8568575}'::integer[]))

table 8 : explain UPDATE sbtest8 set c=7 WHERE id IN ( 9023350, 1060907, 9296006, 5694359, 1403624, 9166298, 9497979, 1261977, 5038865, 8568575)
	Update on sbtest8  (cost=0.43..48.53 rows=0 width=0)
	  ->  Index Scan using sbtest8_pkey on sbtest8  (cost=0.43..48.53 rows=10 width=490)
	        Index Cond: (id = ANY ('{9023350,1060907,9296006,5694359,1403624,9166298,9497979,1261977,5038865,8568575}'::integer[]))

for update-inlist
table 1 : explain UPDATE sbtest1 set c=7 WHERE id IN ( 4371976, 7009657, 6859335, 843936, 3458134, 8370545, 6799598, 1231980, 1149338, 9404308)
	Update on sbtest1  (cost=0.43..48.53 rows=0 width=0)
	  ->  Index Scan using sbtest1_pkey on sbtest1  (cost=0.43..48.53 rows=10 width=490)
	        Index Cond: (id = ANY ('{4371976,7009657,6859335,843936,3458134,8370545,6799598,1231980,1149338,9404308}'::integer[]))

table 2 : explain UPDATE sbtest2 set c=7 WHERE id IN ( 4371976, 7009657, 6859335, 843936, 3458134, 8370545, 6799598, 1231980, 1149338, 9404308)
	Update on sbtest2  (cost=0.43..48.53 rows=0 width=0)
	  ->  Index Scan using sbtest2_pkey on sbtest2  (cost=0.43..48.53 rows=10 width=490)
	        Index Cond: (id = ANY ('{4371976,7009657,6859335,843936,3458134,8370545,6799598,1231980,1149338,9404308}'::integer[]))

table 3 : explain UPDATE sbtest3 set c=7 WHERE id IN ( 4371976, 7009657, 6859335, 843936, 3458134, 8370545, 6799598, 1231980, 1149338, 9404308)
	Update on sbtest3  (cost=0.43..48.53 rows=0 width=0)
	  ->  Index Scan using sbtest3_pkey on sbtest3  (cost=0.43..48.53 rows=10 width=490)
	        Index Cond: (id = ANY ('{4371976,7009657,6859335,843936,3458134,8370545,6799598,1231980,1149338,9404308}'::integer[]))

table 4 : explain UPDATE sbtest4 set c=7 WHERE id IN ( 4371976, 7009657, 6859335, 843936, 3458134, 8370545, 6799598, 1231980, 1149338, 9404308)
	Update on sbtest4  (cost=0.43..48.53 rows=0 width=0)
	  ->  Index Scan using sbtest4_pkey on sbtest4  (cost=0.43..48.53 rows=10 width=490)
	        Index Cond: (id = ANY ('{4371976,7009657,6859335,843936,3458134,8370545,6799598,1231980,1149338,9404308}'::integer[]))

table 5 : explain UPDATE sbtest5 set c=7 WHERE id IN ( 4371976, 7009657, 6859335, 843936, 3458134, 8370545, 6799598, 1231980, 1149338, 9404308)
	Update on sbtest5  (cost=0.43..48.53 rows=0 width=0)
	  ->  Index Scan using sbtest5_pkey on sbtest5  (cost=0.43..48.53 rows=10 width=490)
	        Index Cond: (id = ANY ('{4371976,7009657,6859335,843936,3458134,8370545,6799598,1231980,1149338,9404308}'::integer[]))

table 6 : explain UPDATE sbtest6 set c=7 WHERE id IN ( 4371976, 7009657, 6859335, 843936, 3458134, 8370545, 6799598, 1231980, 1149338, 9404308)
	Update on sbtest6  (cost=0.43..48.53 rows=0 width=0)
	  ->  Index Scan using sbtest6_pkey on sbtest6  (cost=0.43..48.53 rows=10 width=490)
	        Index Cond: (id = ANY ('{4371976,7009657,6859335,843936,3458134,8370545,6799598,1231980,1149338,9404308}'::integer[]))

table 7 : explain UPDATE sbtest7 set c=7 WHERE id IN ( 4371976, 7009657, 6859335, 843936, 3458134, 8370545, 6799598, 1231980, 1149338, 9404308)
	Update on sbtest7  (cost=0.43..48.53 rows=0 width=0)
	  ->  Index Scan using sbtest7_pkey on sbtest7  (cost=0.43..48.53 rows=10 width=490)
	        Index Cond: (id = ANY ('{4371976,7009657,6859335,843936,3458134,8370545,6799598,1231980,1149338,9404308}'::integer[]))

table 8 : explain UPDATE sbtest8 set c=7 WHERE id IN ( 4371976, 7009657, 6859335, 843936, 3458134, 8370545, 6799598, 1231980, 1149338, 9404308)
	Update on sbtest8  (cost=0.43..48.53 rows=0 width=0)
	  ->  Index Scan using sbtest8_pkey on sbtest8  (cost=0.43..48.53 rows=10 width=490)
	        Index Cond: (id = ANY ('{4371976,7009657,6859335,843936,3458134,8370545,6799598,1231980,1149338,9404308}'::integer[]))

for update-inlist
table 1 : explain UPDATE sbtest1 set c=7 WHERE id IN ( 2639378, 7092663, 413198, 3163325, 302297, 8888404, 1522386, 7765255, 7886525, 5419436)
	Update on sbtest1  (cost=0.43..48.53 rows=0 width=0)
	  ->  Index Scan using sbtest1_pkey on sbtest1  (cost=0.43..48.53 rows=10 width=490)
	        Index Cond: (id = ANY ('{2639378,7092663,413198,3163325,302297,8888404,1522386,7765255,7886525,5419436}'::integer[]))

table 2 : explain UPDATE sbtest2 set c=7 WHERE id IN ( 2639378, 7092663, 413198, 3163325, 302297, 8888404, 1522386, 7765255, 7886525, 5419436)
	Update on sbtest2  (cost=0.43..48.53 rows=0 width=0)
	  ->  Index Scan using sbtest2_pkey on sbtest2  (cost=0.43..48.53 rows=10 width=490)
	        Index Cond: (id = ANY ('{2639378,7092663,413198,3163325,302297,8888404,1522386,7765255,7886525,5419436}'::integer[]))

table 3 : explain UPDATE sbtest3 set c=7 WHERE id IN ( 2639378, 7092663, 413198, 3163325, 302297, 8888404, 1522386, 7765255, 7886525, 5419436)
	Update on sbtest3  (cost=0.43..48.53 rows=0 width=0)
	  ->  Index Scan using sbtest3_pkey on sbtest3  (cost=0.43..48.53 rows=10 width=490)
	        Index Cond: (id = ANY ('{2639378,7092663,413198,3163325,302297,8888404,1522386,7765255,7886525,5419436}'::integer[]))

table 4 : explain UPDATE sbtest4 set c=7 WHERE id IN ( 2639378, 7092663, 413198, 3163325, 302297, 8888404, 1522386, 7765255, 7886525, 5419436)
	Update on sbtest4  (cost=0.43..48.53 rows=0 width=0)
	  ->  Index Scan using sbtest4_pkey on sbtest4  (cost=0.43..48.53 rows=10 width=490)
	        Index Cond: (id = ANY ('{2639378,7092663,413198,3163325,302297,8888404,1522386,7765255,7886525,5419436}'::integer[]))

table 5 : explain UPDATE sbtest5 set c=7 WHERE id IN ( 2639378, 7092663, 413198, 3163325, 302297, 8888404, 1522386, 7765255, 7886525, 5419436)
	Update on sbtest5  (cost=0.43..48.53 rows=0 width=0)
	  ->  Index Scan using sbtest5_pkey on sbtest5  (cost=0.43..48.53 rows=10 width=490)
	        Index Cond: (id = ANY ('{2639378,7092663,413198,3163325,302297,8888404,1522386,7765255,7886525,5419436}'::integer[]))

table 6 : explain UPDATE sbtest6 set c=7 WHERE id IN ( 2639378, 7092663, 413198, 3163325, 302297, 8888404, 1522386, 7765255, 7886525, 5419436)
	Update on sbtest6  (cost=0.43..48.53 rows=0 width=0)
	  ->  Index Scan using sbtest6_pkey on sbtest6  (cost=0.43..48.53 rows=10 width=490)
	        Index Cond: (id = ANY ('{2639378,7092663,413198,3163325,302297,8888404,1522386,7765255,7886525,5419436}'::integer[]))

table 7 : explain UPDATE sbtest7 set c=7 WHERE id IN ( 2639378, 7092663, 413198, 3163325, 302297, 8888404, 1522386, 7765255, 7886525, 5419436)
	Update on sbtest7  (cost=0.43..48.53 rows=0 width=0)
	  ->  Index Scan using sbtest7_pkey on sbtest7  (cost=0.43..48.53 rows=10 width=490)
	        Index Cond: (id = ANY ('{2639378,7092663,413198,3163325,302297,8888404,1522386,7765255,7886525,5419436}'::integer[]))

table 8 : explain UPDATE sbtest8 set c=7 WHERE id IN ( 2639378, 7092663, 413198, 3163325, 302297, 8888404, 1522386, 7765255, 7886525, 5419436)
	Update on sbtest8  (cost=0.43..48.53 rows=0 width=0)
	  ->  Index Scan using sbtest8_pkey on sbtest8  (cost=0.43..48.53 rows=10 width=490)
	        Index Cond: (id = ANY ('{2639378,7092663,413198,3163325,302297,8888404,1522386,7765255,7886525,5419436}'::integer[]))

explain: for update-inlist :: explain UPDATE sbtest%d set c=7 WHERE id IN ( 8394234, 7960390, 2533315, 6793621, 7481036, 6494728, 3655332, 7973235, 3365735, 5092149)
for update-inlist
table 1 : explain UPDATE sbtest1 set c=7 WHERE id IN ( 5617455, 3808630, 713426, 7229846, 6112374, 9237963, 6998254, 427944, 5290856, 4689291)
	Update on sbtest1  (cost=0.43..48.53 rows=0 width=0)
	  ->  Index Scan using sbtest1_pkey on sbtest1  (cost=0.43..48.53 rows=10 width=490)
	        Index Cond: (id = ANY ('{5617455,3808630,713426,7229846,6112374,9237963,6998254,427944,5290856,4689291}'::integer[]))

table 2 : explain UPDATE sbtest2 set c=7 WHERE id IN ( 5617455, 3808630, 713426, 7229846, 6112374, 9237963, 6998254, 427944, 5290856, 4689291)
	Update on sbtest2  (cost=0.43..48.53 rows=0 width=0)
	  ->  Index Scan using sbtest2_pkey on sbtest2  (cost=0.43..48.53 rows=10 width=490)
	        Index Cond: (id = ANY ('{5617455,3808630,713426,7229846,6112374,9237963,6998254,427944,5290856,4689291}'::integer[]))

table 3 : explain UPDATE sbtest3 set c=7 WHERE id IN ( 5617455, 3808630, 713426, 7229846, 6112374, 9237963, 6998254, 427944, 5290856, 4689291)
	Update on sbtest3  (cost=0.43..48.53 rows=0 width=0)
	  ->  Index Scan using sbtest3_pkey on sbtest3  (cost=0.43..48.53 rows=10 width=490)
	        Index Cond: (id = ANY ('{5617455,3808630,713426,7229846,6112374,9237963,6998254,427944,5290856,4689291}'::integer[]))

table 4 : explain UPDATE sbtest4 set c=7 WHERE id IN ( 5617455, 3808630, 713426, 7229846, 6112374, 9237963, 6998254, 427944, 5290856, 4689291)
	Update on sbtest4  (cost=0.43..48.53 rows=0 width=0)
	  ->  Index Scan using sbtest4_pkey on sbtest4  (cost=0.43..48.53 rows=10 width=490)
	        Index Cond: (id = ANY ('{5617455,3808630,713426,7229846,6112374,9237963,6998254,427944,5290856,4689291}'::integer[]))

table 5 : explain UPDATE sbtest5 set c=7 WHERE id IN ( 5617455, 3808630, 713426, 7229846, 6112374, 9237963, 6998254, 427944, 5290856, 4689291)
	Update on sbtest5  (cost=0.43..48.53 rows=0 width=0)
	  ->  Index Scan using sbtest5_pkey on sbtest5  (cost=0.43..48.53 rows=10 width=490)
	        Index Cond: (id = ANY ('{5617455,3808630,713426,7229846,6112374,9237963,6998254,427944,5290856,4689291}'::integer[]))

table 6 : explain UPDATE sbtest6 set c=7 WHERE id IN ( 5617455, 3808630, 713426, 7229846, 6112374, 9237963, 6998254, 427944, 5290856, 4689291)
	Update on sbtest6  (cost=0.43..48.53 rows=0 width=0)
	  ->  Index Scan using sbtest6_pkey on sbtest6  (cost=0.43..48.53 rows=10 width=490)
	        Index Cond: (id = ANY ('{5617455,3808630,713426,7229846,6112374,9237963,6998254,427944,5290856,4689291}'::integer[]))

table 7 : explain UPDATE sbtest7 set c=7 WHERE id IN ( 5617455, 3808630, 713426, 7229846, 6112374, 9237963, 6998254, 427944, 5290856, 4689291)
	Update on sbtest7  (cost=0.43..48.53 rows=0 width=0)
	  ->  Index Scan using sbtest7_pkey on sbtest7  (cost=0.43..48.53 rows=10 width=490)
	        Index Cond: (id = ANY ('{5617455,3808630,713426,7229846,6112374,9237963,6998254,427944,5290856,4689291}'::integer[]))

table 8 : explain UPDATE sbtest8 set c=7 WHERE id IN ( 5617455, 3808630, 713426, 7229846, 6112374, 9237963, 6998254, 427944, 5290856, 4689291)
	Update on sbtest8  (cost=0.43..48.53 rows=0 width=0)
	  ->  Index Scan using sbtest8_pkey on sbtest8  (cost=0.43..48.53 rows=10 width=490)
	        Index Cond: (id = ANY ('{5617455,3808630,713426,7229846,6112374,9237963,6998254,427944,5290856,4689291}'::integer[]))

explain: for update-inlist :: explain UPDATE sbtest%d set c=7 WHERE id IN ( 8490996, 4821209, 5876682, 1209561, 4681392, 9556493, 9675829, 9341961, 258242, 7962745)
for update-inlist
table 1 : explain UPDATE sbtest1 set c=7 WHERE id IN ( 8394234, 7960390, 2533315, 6793621, 7481036, 6494728, 3655332, 7973235, 3365735, 5092149)
	Update on sbtest1  (cost=0.43..48.53 rows=0 width=0)
	  ->  Index Scan using sbtest1_pkey on sbtest1  (cost=0.43..48.53 rows=10 width=490)
	        Index Cond: (id = ANY ('{8394234,7960390,2533315,6793621,7481036,6494728,3655332,7973235,3365735,5092149}'::integer[]))

table 2 : explain UPDATE sbtest2 set c=7 WHERE id IN ( 8394234, 7960390, 2533315, 6793621, 7481036, 6494728, 3655332, 7973235, 3365735, 5092149)
	Update on sbtest2  (cost=0.43..48.53 rows=0 width=0)
	  ->  Index Scan using sbtest2_pkey on sbtest2  (cost=0.43..48.53 rows=10 width=490)
	        Index Cond: (id = ANY ('{8394234,7960390,2533315,6793621,7481036,6494728,3655332,7973235,3365735,5092149}'::integer[]))

table 3 : explain UPDATE sbtest3 set c=7 WHERE id IN ( 8394234, 7960390, 2533315, 6793621, 7481036, 6494728, 3655332, 7973235, 3365735, 5092149)
	Update on sbtest3  (cost=0.43..48.53 rows=0 width=0)
	  ->  Index Scan using sbtest3_pkey on sbtest3  (cost=0.43..48.53 rows=10 width=490)
	        Index Cond: (id = ANY ('{8394234,7960390,2533315,6793621,7481036,6494728,3655332,7973235,3365735,5092149}'::integer[]))

table 4 : explain UPDATE sbtest4 set c=7 WHERE id IN ( 8394234, 7960390, 2533315, 6793621, 7481036, 6494728, 3655332, 7973235, 3365735, 5092149)
	Update on sbtest4  (cost=0.43..48.53 rows=0 width=0)
	  ->  Index Scan using sbtest4_pkey on sbtest4  (cost=0.43..48.53 rows=10 width=490)
	        Index Cond: (id = ANY ('{8394234,7960390,2533315,6793621,7481036,6494728,3655332,7973235,3365735,5092149}'::integer[]))

table 5 : explain UPDATE sbtest5 set c=7 WHERE id IN ( 8394234, 7960390, 2533315, 6793621, 7481036, 6494728, 3655332, 7973235, 3365735, 5092149)
	Update on sbtest5  (cost=0.43..48.53 rows=0 width=0)
	  ->  Index Scan using sbtest5_pkey on sbtest5  (cost=0.43..48.53 rows=10 width=490)
	        Index Cond: (id = ANY ('{8394234,7960390,2533315,6793621,7481036,6494728,3655332,7973235,3365735,5092149}'::integer[]))

table 6 : explain UPDATE sbtest6 set c=7 WHERE id IN ( 8394234, 7960390, 2533315, 6793621, 7481036, 6494728, 3655332, 7973235, 3365735, 5092149)
	Update on sbtest6  (cost=0.43..48.53 rows=0 width=0)
	  ->  Index Scan using sbtest6_pkey on sbtest6  (cost=0.43..48.53 rows=10 width=490)
	        Index Cond: (id = ANY ('{8394234,7960390,2533315,6793621,7481036,6494728,3655332,7973235,3365735,5092149}'::integer[]))

table 7 : explain UPDATE sbtest7 set c=7 WHERE id IN ( 8394234, 7960390, 2533315, 6793621, 7481036, 6494728, 3655332, 7973235, 3365735, 5092149)
	Update on sbtest7  (cost=0.43..48.53 rows=0 width=0)
	  ->  Index Scan using sbtest7_pkey on sbtest7  (cost=0.43..48.53 rows=10 width=490)
	        Index Cond: (id = ANY ('{8394234,7960390,2533315,6793621,7481036,6494728,3655332,7973235,3365735,5092149}'::integer[]))

table 8 : explain UPDATE sbtest8 set c=7 WHERE id IN ( 8394234, 7960390, 2533315, 6793621, 7481036, 6494728, 3655332, 7973235, 3365735, 5092149)
	Update on sbtest8  (cost=0.43..48.53 rows=0 width=0)
	  ->  Index Scan using sbtest8_pkey on sbtest8  (cost=0.43..48.53 rows=10 width=490)
	        Index Cond: (id = ANY ('{8394234,7960390,2533315,6793621,7481036,6494728,3655332,7973235,3365735,5092149}'::integer[]))

explain: for update-inlist :: explain UPDATE sbtest%d set c=7 WHERE id IN ( 978306, 2760419, 6297212, 7712027, 9972191, 7143704, 7155482, 3893672, 9661131, 9114147)
explain: for update-inlist :: explain UPDATE sbtest%d set c=7 WHERE id IN ( 1881729, 846372, 4081942, 8996015, 8387471, 7730213, 6079611, 1035222, 5388647, 7536946)
for update-inlist
table 1 : explain UPDATE sbtest1 set c=7 WHERE id IN ( 8490996, 4821209, 5876682, 1209561, 4681392, 9556493, 9675829, 9341961, 258242, 7962745)
	Update on sbtest1  (cost=0.43..48.53 rows=0 width=0)
	  ->  Index Scan using sbtest1_pkey on sbtest1  (cost=0.43..48.53 rows=10 width=490)
	        Index Cond: (id = ANY ('{8490996,4821209,5876682,1209561,4681392,9556493,9675829,9341961,258242,7962745}'::integer[]))

table 2 : explain UPDATE sbtest2 set c=7 WHERE id IN ( 8490996, 4821209, 5876682, 1209561, 4681392, 9556493, 9675829, 9341961, 258242, 7962745)
	Update on sbtest2  (cost=0.43..48.53 rows=0 width=0)
	  ->  Index Scan using sbtest2_pkey on sbtest2  (cost=0.43..48.53 rows=10 width=490)
	        Index Cond: (id = ANY ('{8490996,4821209,5876682,1209561,4681392,9556493,9675829,9341961,258242,7962745}'::integer[]))

table 3 : explain UPDATE sbtest3 set c=7 WHERE id IN ( 8490996, 4821209, 5876682, 1209561, 4681392, 9556493, 9675829, 9341961, 258242, 7962745)
	Update on sbtest3  (cost=0.43..48.53 rows=0 width=0)
	  ->  Index Scan using sbtest3_pkey on sbtest3  (cost=0.43..48.53 rows=10 width=490)
	        Index Cond: (id = ANY ('{8490996,4821209,5876682,1209561,4681392,9556493,9675829,9341961,258242,7962745}'::integer[]))

table 4 : explain UPDATE sbtest4 set c=7 WHERE id IN ( 8490996, 4821209, 5876682, 1209561, 4681392, 9556493, 9675829, 9341961, 258242, 7962745)
	Update on sbtest4  (cost=0.43..48.53 rows=0 width=0)
	  ->  Index Scan using sbtest4_pkey on sbtest4  (cost=0.43..48.53 rows=10 width=490)
	        Index Cond: (id = ANY ('{8490996,4821209,5876682,1209561,4681392,9556493,9675829,9341961,258242,7962745}'::integer[]))

table 5 : explain UPDATE sbtest5 set c=7 WHERE id IN ( 8490996, 4821209, 5876682, 1209561, 4681392, 9556493, 9675829, 9341961, 258242, 7962745)
	Update on sbtest5  (cost=0.43..48.53 rows=0 width=0)
	  ->  Index Scan using sbtest5_pkey on sbtest5  (cost=0.43..48.53 rows=10 width=490)
	        Index Cond: (id = ANY ('{8490996,4821209,5876682,1209561,4681392,9556493,9675829,9341961,258242,7962745}'::integer[]))

table 6 : explain UPDATE sbtest6 set c=7 WHERE id IN ( 8490996, 4821209, 5876682, 1209561, 4681392, 9556493, 9675829, 9341961, 258242, 7962745)
	Update on sbtest6  (cost=0.43..48.53 rows=0 width=0)
	  ->  Index Scan using sbtest6_pkey on sbtest6  (cost=0.43..48.53 rows=10 width=490)
	        Index Cond: (id = ANY ('{8490996,4821209,5876682,1209561,4681392,9556493,9675829,9341961,258242,7962745}'::integer[]))

table 7 : explain UPDATE sbtest7 set c=7 WHERE id IN ( 8490996, 4821209, 5876682, 1209561, 4681392, 9556493, 9675829, 9341961, 258242, 7962745)
	Update on sbtest7  (cost=0.43..48.53 rows=0 width=0)
	  ->  Index Scan using sbtest7_pkey on sbtest7  (cost=0.43..48.53 rows=10 width=490)
	        Index Cond: (id = ANY ('{8490996,4821209,5876682,1209561,4681392,9556493,9675829,9341961,258242,7962745}'::integer[]))

table 8 : explain UPDATE sbtest8 set c=7 WHERE id IN ( 8490996, 4821209, 5876682, 1209561, 4681392, 9556493, 9675829, 9341961, 258242, 7962745)
	Update on sbtest8  (cost=0.43..48.53 rows=0 width=0)
	  ->  Index Scan using sbtest8_pkey on sbtest8  (cost=0.43..48.53 rows=10 width=490)
	        Index Cond: (id = ANY ('{8490996,4821209,5876682,1209561,4681392,9556493,9675829,9341961,258242,7962745}'::integer[]))

explain: for update-inlist :: explain UPDATE sbtest%d set c=7 WHERE id IN ( 9619725, 5252215, 886151, 1802271, 2027777, 9656712, 9765437, 2005473, 3650506, 1464309)
explain: for update-inlist :: explain UPDATE sbtest%d set c=7 WHERE id IN ( 6673843, 7046637, 3592733, 4279118, 2142342, 1194555, 3159219, 8167076, 2051163, 294225)
for update-inlist
table 1 : explain UPDATE sbtest1 set c=7 WHERE id IN ( 978306, 2760419, 6297212, 7712027, 9972191, 7143704, 7155482, 3893672, 9661131, 9114147)
	Update on sbtest1  (cost=0.43..48.53 rows=0 width=0)
	  ->  Index Scan using sbtest1_pkey on sbtest1  (cost=0.43..48.53 rows=10 width=490)
	        Index Cond: (id = ANY ('{978306,2760419,6297212,7712027,9972191,7143704,7155482,3893672,9661131,9114147}'::integer[]))

table 2 : explain UPDATE sbtest2 set c=7 WHERE id IN ( 978306, 2760419, 6297212, 7712027, 9972191, 7143704, 7155482, 3893672, 9661131, 9114147)
	Update on sbtest2  (cost=0.43..48.53 rows=0 width=0)
	  ->  Index Scan using sbtest2_pkey on sbtest2  (cost=0.43..48.53 rows=10 width=490)
	        Index Cond: (id = ANY ('{978306,2760419,6297212,7712027,9972191,7143704,7155482,3893672,9661131,9114147}'::integer[]))

table 3 : explain UPDATE sbtest3 set c=7 WHERE id IN ( 978306, 2760419, 6297212, 7712027, 9972191, 7143704, 7155482, 3893672, 9661131, 9114147)
	Update on sbtest3  (cost=0.43..48.53 rows=0 width=0)
	  ->  Index Scan using sbtest3_pkey on sbtest3  (cost=0.43..48.53 rows=10 width=490)
	        Index Cond: (id = ANY ('{978306,2760419,6297212,7712027,9972191,7143704,7155482,3893672,9661131,9114147}'::integer[]))

table 4 : explain UPDATE sbtest4 set c=7 WHERE id IN ( 978306, 2760419, 6297212, 7712027, 9972191, 7143704, 7155482, 3893672, 9661131, 9114147)
	Update on sbtest4  (cost=0.43..48.53 rows=0 width=0)
	  ->  Index Scan using sbtest4_pkey on sbtest4  (cost=0.43..48.53 rows=10 width=490)
	        Index Cond: (id = ANY ('{978306,2760419,6297212,7712027,9972191,7143704,7155482,3893672,9661131,9114147}'::integer[]))

table 5 : explain UPDATE sbtest5 set c=7 WHERE id IN ( 978306, 2760419, 6297212, 7712027, 9972191, 7143704, 7155482, 3893672, 9661131, 9114147)
	Update on sbtest5  (cost=0.43..48.53 rows=0 width=0)
	  ->  Index Scan using sbtest5_pkey on sbtest5  (cost=0.43..48.53 rows=10 width=490)
	        Index Cond: (id = ANY ('{978306,2760419,6297212,7712027,9972191,7143704,7155482,3893672,9661131,9114147}'::integer[]))

table 6 : explain UPDATE sbtest6 set c=7 WHERE id IN ( 978306, 2760419, 6297212, 7712027, 9972191, 7143704, 7155482, 3893672, 9661131, 9114147)
	Update on sbtest6  (cost=0.43..48.53 rows=0 width=0)
	  ->  Index Scan using sbtest6_pkey on sbtest6  (cost=0.43..48.53 rows=10 width=490)
	        Index Cond: (id = ANY ('{978306,2760419,6297212,7712027,9972191,7143704,7155482,3893672,9661131,9114147}'::integer[]))

table 7 : explain UPDATE sbtest7 set c=7 WHERE id IN ( 978306, 2760419, 6297212, 7712027, 9972191, 7143704, 7155482, 3893672, 9661131, 9114147)
	Update on sbtest7  (cost=0.43..48.53 rows=0 width=0)
	  ->  Index Scan using sbtest7_pkey on sbtest7  (cost=0.43..48.53 rows=10 width=490)
	        Index Cond: (id = ANY ('{978306,2760419,6297212,7712027,9972191,7143704,7155482,3893672,9661131,9114147}'::integer[]))

table 8 : explain UPDATE sbtest8 set c=7 WHERE id IN ( 978306, 2760419, 6297212, 7712027, 9972191, 7143704, 7155482, 3893672, 9661131, 9114147)
	Update on sbtest8  (cost=0.43..48.53 rows=0 width=0)
	  ->  Index Scan using sbtest8_pkey on sbtest8  (cost=0.43..48.53 rows=10 width=490)
	        Index Cond: (id = ANY ('{978306,2760419,6297212,7712027,9972191,7143704,7155482,3893672,9661131,9114147}'::integer[]))

for update-inlist
table 1 : explain UPDATE sbtest1 set c=7 WHERE id IN ( 1881729, 846372, 4081942, 8996015, 8387471, 7730213, 6079611, 1035222, 5388647, 7536946)
	Update on sbtest1  (cost=0.43..48.53 rows=0 width=0)
	  ->  Index Scan using sbtest1_pkey on sbtest1  (cost=0.43..48.53 rows=10 width=490)
	        Index Cond: (id = ANY ('{1881729,846372,4081942,8996015,8387471,7730213,6079611,1035222,5388647,7536946}'::integer[]))

table 2 : explain UPDATE sbtest2 set c=7 WHERE id IN ( 1881729, 846372, 4081942, 8996015, 8387471, 7730213, 6079611, 1035222, 5388647, 7536946)
	Update on sbtest2  (cost=0.43..48.53 rows=0 width=0)
	  ->  Index Scan using sbtest2_pkey on sbtest2  (cost=0.43..48.53 rows=10 width=490)
	        Index Cond: (id = ANY ('{1881729,846372,4081942,8996015,8387471,7730213,6079611,1035222,5388647,7536946}'::integer[]))

table 3 : explain UPDATE sbtest3 set c=7 WHERE id IN ( 1881729, 846372, 4081942, 8996015, 8387471, 7730213, 6079611, 1035222, 5388647, 7536946)
	Update on sbtest3  (cost=0.43..48.53 rows=0 width=0)
	  ->  Index Scan using sbtest3_pkey on sbtest3  (cost=0.43..48.53 rows=10 width=490)
	        Index Cond: (id = ANY ('{1881729,846372,4081942,8996015,8387471,7730213,6079611,1035222,5388647,7536946}'::integer[]))

table 4 : explain UPDATE sbtest4 set c=7 WHERE id IN ( 1881729, 846372, 4081942, 8996015, 8387471, 7730213, 6079611, 1035222, 5388647, 7536946)
	Update on sbtest4  (cost=0.43..48.53 rows=0 width=0)
	  ->  Index Scan using sbtest4_pkey on sbtest4  (cost=0.43..48.53 rows=10 width=490)
	        Index Cond: (id = ANY ('{1881729,846372,4081942,8996015,8387471,7730213,6079611,1035222,5388647,7536946}'::integer[]))

table 5 : explain UPDATE sbtest5 set c=7 WHERE id IN ( 1881729, 846372, 4081942, 8996015, 8387471, 7730213, 6079611, 1035222, 5388647, 7536946)
	Update on sbtest5  (cost=0.43..48.53 rows=0 width=0)
	  ->  Index Scan using sbtest5_pkey on sbtest5  (cost=0.43..48.53 rows=10 width=490)
	        Index Cond: (id = ANY ('{1881729,846372,4081942,8996015,8387471,7730213,6079611,1035222,5388647,7536946}'::integer[]))

table 6 : explain UPDATE sbtest6 set c=7 WHERE id IN ( 1881729, 846372, 4081942, 8996015, 8387471, 7730213, 6079611, 1035222, 5388647, 7536946)
	Update on sbtest6  (cost=0.43..48.53 rows=0 width=0)
	  ->  Index Scan using sbtest6_pkey on sbtest6  (cost=0.43..48.53 rows=10 width=490)
	        Index Cond: (id = ANY ('{1881729,846372,4081942,8996015,8387471,7730213,6079611,1035222,5388647,7536946}'::integer[]))

table 7 : explain UPDATE sbtest7 set c=7 WHERE id IN ( 1881729, 846372, 4081942, 8996015, 8387471, 7730213, 6079611, 1035222, 5388647, 7536946)
	Update on sbtest7  (cost=0.43..48.53 rows=0 width=0)
	  ->  Index Scan using sbtest7_pkey on sbtest7  (cost=0.43..48.53 rows=10 width=490)
	        Index Cond: (id = ANY ('{1881729,846372,4081942,8996015,8387471,7730213,6079611,1035222,5388647,7536946}'::integer[]))

table 8 : explain UPDATE sbtest8 set c=7 WHERE id IN ( 1881729, 846372, 4081942, 8996015, 8387471, 7730213, 6079611, 1035222, 5388647, 7536946)
	Update on sbtest8  (cost=0.43..48.53 rows=0 width=0)
	  ->  Index Scan using sbtest8_pkey on sbtest8  (cost=0.43..48.53 rows=10 width=490)
	        Index Cond: (id = ANY ('{1881729,846372,4081942,8996015,8387471,7730213,6079611,1035222,5388647,7536946}'::integer[]))

for update-inlist
table 1 : explain UPDATE sbtest1 set c=7 WHERE id IN ( 9619725, 5252215, 886151, 1802271, 2027777, 9656712, 9765437, 2005473, 3650506, 1464309)
	Update on sbtest1  (cost=0.43..48.53 rows=0 width=0)
	  ->  Index Scan using sbtest1_pkey on sbtest1  (cost=0.43..48.53 rows=10 width=490)
	        Index Cond: (id = ANY ('{9619725,5252215,886151,1802271,2027777,9656712,9765437,2005473,3650506,1464309}'::integer[]))

table 2 : explain UPDATE sbtest2 set c=7 WHERE id IN ( 9619725, 5252215, 886151, 1802271, 2027777, 9656712, 9765437, 2005473, 3650506, 1464309)
	Update on sbtest2  (cost=0.43..48.53 rows=0 width=0)
	  ->  Index Scan using sbtest2_pkey on sbtest2  (cost=0.43..48.53 rows=10 width=490)
	        Index Cond: (id = ANY ('{9619725,5252215,886151,1802271,2027777,9656712,9765437,2005473,3650506,1464309}'::integer[]))

table 3 : explain UPDATE sbtest3 set c=7 WHERE id IN ( 9619725, 5252215, 886151, 1802271, 2027777, 9656712, 9765437, 2005473, 3650506, 1464309)
	Update on sbtest3  (cost=0.43..48.53 rows=0 width=0)
	  ->  Index Scan using sbtest3_pkey on sbtest3  (cost=0.43..48.53 rows=10 width=490)
	        Index Cond: (id = ANY ('{9619725,5252215,886151,1802271,2027777,9656712,9765437,2005473,3650506,1464309}'::integer[]))

table 4 : explain UPDATE sbtest4 set c=7 WHERE id IN ( 9619725, 5252215, 886151, 1802271, 2027777, 9656712, 9765437, 2005473, 3650506, 1464309)
	Update on sbtest4  (cost=0.43..48.53 rows=0 width=0)
	  ->  Index Scan using sbtest4_pkey on sbtest4  (cost=0.43..48.53 rows=10 width=490)
	        Index Cond: (id = ANY ('{9619725,5252215,886151,1802271,2027777,9656712,9765437,2005473,3650506,1464309}'::integer[]))

table 5 : explain UPDATE sbtest5 set c=7 WHERE id IN ( 9619725, 5252215, 886151, 1802271, 2027777, 9656712, 9765437, 2005473, 3650506, 1464309)
	Update on sbtest5  (cost=0.43..48.53 rows=0 width=0)
	  ->  Index Scan using sbtest5_pkey on sbtest5  (cost=0.43..48.53 rows=10 width=490)
	        Index Cond: (id = ANY ('{9619725,5252215,886151,1802271,2027777,9656712,9765437,2005473,3650506,1464309}'::integer[]))

table 6 : explain UPDATE sbtest6 set c=7 WHERE id IN ( 9619725, 5252215, 886151, 1802271, 2027777, 9656712, 9765437, 2005473, 3650506, 1464309)
	Update on sbtest6  (cost=0.43..48.53 rows=0 width=0)
	  ->  Index Scan using sbtest6_pkey on sbtest6  (cost=0.43..48.53 rows=10 width=490)
	        Index Cond: (id = ANY ('{9619725,5252215,886151,1802271,2027777,9656712,9765437,2005473,3650506,1464309}'::integer[]))

table 7 : explain UPDATE sbtest7 set c=7 WHERE id IN ( 9619725, 5252215, 886151, 1802271, 2027777, 9656712, 9765437, 2005473, 3650506, 1464309)
	Update on sbtest7  (cost=0.43..48.53 rows=0 width=0)
	  ->  Index Scan using sbtest7_pkey on sbtest7  (cost=0.43..48.53 rows=10 width=490)
	        Index Cond: (id = ANY ('{9619725,5252215,886151,1802271,2027777,9656712,9765437,2005473,3650506,1464309}'::integer[]))

table 8 : explain UPDATE sbtest8 set c=7 WHERE id IN ( 9619725, 5252215, 886151, 1802271, 2027777, 9656712, 9765437, 2005473, 3650506, 1464309)
	Update on sbtest8  (cost=0.43..48.53 rows=0 width=0)
	  ->  Index Scan using sbtest8_pkey on sbtest8  (cost=0.43..48.53 rows=10 width=490)
	        Index Cond: (id = ANY ('{9619725,5252215,886151,1802271,2027777,9656712,9765437,2005473,3650506,1464309}'::integer[]))

for update-inlist
table 1 : explain UPDATE sbtest1 set c=7 WHERE id IN ( 6673843, 7046637, 3592733, 4279118, 2142342, 1194555, 3159219, 8167076, 2051163, 294225)
	Update on sbtest1  (cost=0.43..48.53 rows=0 width=0)
	  ->  Index Scan using sbtest1_pkey on sbtest1  (cost=0.43..48.53 rows=10 width=490)
	        Index Cond: (id = ANY ('{6673843,7046637,3592733,4279118,2142342,1194555,3159219,8167076,2051163,294225}'::integer[]))

table 2 : explain UPDATE sbtest2 set c=7 WHERE id IN ( 6673843, 7046637, 3592733, 4279118, 2142342, 1194555, 3159219, 8167076, 2051163, 294225)
	Update on sbtest2  (cost=0.43..48.53 rows=0 width=0)
	  ->  Index Scan using sbtest2_pkey on sbtest2  (cost=0.43..48.53 rows=10 width=490)
	        Index Cond: (id = ANY ('{6673843,7046637,3592733,4279118,2142342,1194555,3159219,8167076,2051163,294225}'::integer[]))

table 3 : explain UPDATE sbtest3 set c=7 WHERE id IN ( 6673843, 7046637, 3592733, 4279118, 2142342, 1194555, 3159219, 8167076, 2051163, 294225)
	Update on sbtest3  (cost=0.43..48.53 rows=0 width=0)
	  ->  Index Scan using sbtest3_pkey on sbtest3  (cost=0.43..48.53 rows=10 width=490)
	        Index Cond: (id = ANY ('{6673843,7046637,3592733,4279118,2142342,1194555,3159219,8167076,2051163,294225}'::integer[]))

table 4 : explain UPDATE sbtest4 set c=7 WHERE id IN ( 6673843, 7046637, 3592733, 4279118, 2142342, 1194555, 3159219, 8167076, 2051163, 294225)
	Update on sbtest4  (cost=0.43..48.53 rows=0 width=0)
	  ->  Index Scan using sbtest4_pkey on sbtest4  (cost=0.43..48.53 rows=10 width=490)
	        Index Cond: (id = ANY ('{6673843,7046637,3592733,4279118,2142342,1194555,3159219,8167076,2051163,294225}'::integer[]))

table 5 : explain UPDATE sbtest5 set c=7 WHERE id IN ( 6673843, 7046637, 3592733, 4279118, 2142342, 1194555, 3159219, 8167076, 2051163, 294225)
	Update on sbtest5  (cost=0.43..48.53 rows=0 width=0)
	  ->  Index Scan using sbtest5_pkey on sbtest5  (cost=0.43..48.53 rows=10 width=490)
	        Index Cond: (id = ANY ('{6673843,7046637,3592733,4279118,2142342,1194555,3159219,8167076,2051163,294225}'::integer[]))

table 6 : explain UPDATE sbtest6 set c=7 WHERE id IN ( 6673843, 7046637, 3592733, 4279118, 2142342, 1194555, 3159219, 8167076, 2051163, 294225)
	Update on sbtest6  (cost=0.43..48.53 rows=0 width=0)
	  ->  Index Scan using sbtest6_pkey on sbtest6  (cost=0.43..48.53 rows=10 width=490)
	        Index Cond: (id = ANY ('{6673843,7046637,3592733,4279118,2142342,1194555,3159219,8167076,2051163,294225}'::integer[]))

table 7 : explain UPDATE sbtest7 set c=7 WHERE id IN ( 6673843, 7046637, 3592733, 4279118, 2142342, 1194555, 3159219, 8167076, 2051163, 294225)
	Update on sbtest7  (cost=0.43..48.53 rows=0 width=0)
	  ->  Index Scan using sbtest7_pkey on sbtest7  (cost=0.43..48.53 rows=10 width=490)
	        Index Cond: (id = ANY ('{6673843,7046637,3592733,4279118,2142342,1194555,3159219,8167076,2051163,294225}'::integer[]))

table 8 : explain UPDATE sbtest8 set c=7 WHERE id IN ( 6673843, 7046637, 3592733, 4279118, 2142342, 1194555, 3159219, 8167076, 2051163, 294225)
	Update on sbtest8  (cost=0.43..48.53 rows=0 width=0)
	  ->  Index Scan using sbtest8_pkey on sbtest8  (cost=0.43..48.53 rows=10 width=490)
	        Index Cond: (id = ANY ('{6673843,7046637,3592733,4279118,2142342,1194555,3159219,8167076,2051163,294225}'::integer[]))

explain: for update-inlist :: explain UPDATE sbtest%d set c=7 WHERE id IN ( 1180757, 6664158, 2831926, 9318117, 2523074, 9553660, 1958581, 7687877, 8259516, 2041453)
explain: for update-inlist :: explain UPDATE sbtest%d set c=7 WHERE id IN ( 9761157, 9680822, 6414156, 5629311, 9781402, 1537080, 4248435, 157641, 7181274, 2783453)
for update-inlist
table 1 : explain UPDATE sbtest1 set c=7 WHERE id IN ( 1180757, 6664158, 2831926, 9318117, 2523074, 9553660, 1958581, 7687877, 8259516, 2041453)
	Update on sbtest1  (cost=0.43..48.53 rows=0 width=0)
	  ->  Index Scan using sbtest1_pkey on sbtest1  (cost=0.43..48.53 rows=10 width=490)
	        Index Cond: (id = ANY ('{1180757,6664158,2831926,9318117,2523074,9553660,1958581,7687877,8259516,2041453}'::integer[]))

table 2 : explain UPDATE sbtest2 set c=7 WHERE id IN ( 1180757, 6664158, 2831926, 9318117, 2523074, 9553660, 1958581, 7687877, 8259516, 2041453)
	Update on sbtest2  (cost=0.43..48.53 rows=0 width=0)
	  ->  Index Scan using sbtest2_pkey on sbtest2  (cost=0.43..48.53 rows=10 width=490)
	        Index Cond: (id = ANY ('{1180757,6664158,2831926,9318117,2523074,9553660,1958581,7687877,8259516,2041453}'::integer[]))

table 3 : explain UPDATE sbtest3 set c=7 WHERE id IN ( 1180757, 6664158, 2831926, 9318117, 2523074, 9553660, 1958581, 7687877, 8259516, 2041453)
	Update on sbtest3  (cost=0.43..48.53 rows=0 width=0)
	  ->  Index Scan using sbtest3_pkey on sbtest3  (cost=0.43..48.53 rows=10 width=490)
	        Index Cond: (id = ANY ('{1180757,6664158,2831926,9318117,2523074,9553660,1958581,7687877,8259516,2041453}'::integer[]))

table 4 : explain UPDATE sbtest4 set c=7 WHERE id IN ( 1180757, 6664158, 2831926, 9318117, 2523074, 9553660, 1958581, 7687877, 8259516, 2041453)
	Update on sbtest4  (cost=0.43..48.53 rows=0 width=0)
	  ->  Index Scan using sbtest4_pkey on sbtest4  (cost=0.43..48.53 rows=10 width=490)
	        Index Cond: (id = ANY ('{1180757,6664158,2831926,9318117,2523074,9553660,1958581,7687877,8259516,2041453}'::integer[]))

table 5 : explain UPDATE sbtest5 set c=7 WHERE id IN ( 1180757, 6664158, 2831926, 9318117, 2523074, 9553660, 1958581, 7687877, 8259516, 2041453)
	Update on sbtest5  (cost=0.43..48.53 rows=0 width=0)
	  ->  Index Scan using sbtest5_pkey on sbtest5  (cost=0.43..48.53 rows=10 width=490)
	        Index Cond: (id = ANY ('{1180757,6664158,2831926,9318117,2523074,9553660,1958581,7687877,8259516,2041453}'::integer[]))

table 6 : explain UPDATE sbtest6 set c=7 WHERE id IN ( 1180757, 6664158, 2831926, 9318117, 2523074, 9553660, 1958581, 7687877, 8259516, 2041453)
	Update on sbtest6  (cost=0.43..48.53 rows=0 width=0)
	  ->  Index Scan using sbtest6_pkey on sbtest6  (cost=0.43..48.53 rows=10 width=490)
	        Index Cond: (id = ANY ('{1180757,6664158,2831926,9318117,2523074,9553660,1958581,7687877,8259516,2041453}'::integer[]))

table 7 : explain UPDATE sbtest7 set c=7 WHERE id IN ( 1180757, 6664158, 2831926, 9318117, 2523074, 9553660, 1958581, 7687877, 8259516, 2041453)
	Update on sbtest7  (cost=0.43..48.53 rows=0 width=0)
	  ->  Index Scan using sbtest7_pkey on sbtest7  (cost=0.43..48.53 rows=10 width=490)
	        Index Cond: (id = ANY ('{1180757,6664158,2831926,9318117,2523074,9553660,1958581,7687877,8259516,2041453}'::integer[]))

table 8 : explain UPDATE sbtest8 set c=7 WHERE id IN ( 1180757, 6664158, 2831926, 9318117, 2523074, 9553660, 1958581, 7687877, 8259516, 2041453)
	Update on sbtest8  (cost=0.43..48.53 rows=0 width=0)
	  ->  Index Scan using sbtest8_pkey on sbtest8  (cost=0.43..48.53 rows=10 width=490)
	        Index Cond: (id = ANY ('{1180757,6664158,2831926,9318117,2523074,9553660,1958581,7687877,8259516,2041453}'::integer[]))

explain: for update-inlist :: explain UPDATE sbtest%d set c=7 WHERE id IN ( 5281938, 4949813, 1461575, 9931473, 1231837, 7220370, 6799202, 172714, 9099064, 6169316)
explain: for update-inlist :: explain UPDATE sbtest%d set c=7 WHERE id IN ( 9392248, 7200896, 7977965, 651300, 3361671, 2029159, 7356131, 6345514, 9067478, 6579922)
for update-inlist
table 1 : explain UPDATE sbtest1 set c=7 WHERE id IN ( 9761157, 9680822, 6414156, 5629311, 9781402, 1537080, 4248435, 157641, 7181274, 2783453)
	Update on sbtest1  (cost=0.43..48.53 rows=0 width=0)
	  ->  Index Scan using sbtest1_pkey on sbtest1  (cost=0.43..48.53 rows=10 width=490)
	        Index Cond: (id = ANY ('{9761157,9680822,6414156,5629311,9781402,1537080,4248435,157641,7181274,2783453}'::integer[]))

table 2 : explain UPDATE sbtest2 set c=7 WHERE id IN ( 9761157, 9680822, 6414156, 5629311, 9781402, 1537080, 4248435, 157641, 7181274, 2783453)
	Update on sbtest2  (cost=0.43..48.53 rows=0 width=0)
	  ->  Index Scan using sbtest2_pkey on sbtest2  (cost=0.43..48.53 rows=10 width=490)
	        Index Cond: (id = ANY ('{9761157,9680822,6414156,5629311,9781402,1537080,4248435,157641,7181274,2783453}'::integer[]))

table 3 : explain UPDATE sbtest3 set c=7 WHERE id IN ( 9761157, 9680822, 6414156, 5629311, 9781402, 1537080, 4248435, 157641, 7181274, 2783453)
	Update on sbtest3  (cost=0.43..48.53 rows=0 width=0)
	  ->  Index Scan using sbtest3_pkey on sbtest3  (cost=0.43..48.53 rows=10 width=490)
	        Index Cond: (id = ANY ('{9761157,9680822,6414156,5629311,9781402,1537080,4248435,157641,7181274,2783453}'::integer[]))

table 4 : explain UPDATE sbtest4 set c=7 WHERE id IN ( 9761157, 9680822, 6414156, 5629311, 9781402, 1537080, 4248435, 157641, 7181274, 2783453)
	Update on sbtest4  (cost=0.43..48.53 rows=0 width=0)
	  ->  Index Scan using sbtest4_pkey on sbtest4  (cost=0.43..48.53 rows=10 width=490)
	        Index Cond: (id = ANY ('{9761157,9680822,6414156,5629311,9781402,1537080,4248435,157641,7181274,2783453}'::integer[]))

table 5 : explain UPDATE sbtest5 set c=7 WHERE id IN ( 9761157, 9680822, 6414156, 5629311, 9781402, 1537080, 4248435, 157641, 7181274, 2783453)
	Update on sbtest5  (cost=0.43..48.53 rows=0 width=0)
	  ->  Index Scan using sbtest5_pkey on sbtest5  (cost=0.43..48.53 rows=10 width=490)
	        Index Cond: (id = ANY ('{9761157,9680822,6414156,5629311,9781402,1537080,4248435,157641,7181274,2783453}'::integer[]))

table 6 : explain UPDATE sbtest6 set c=7 WHERE id IN ( 9761157, 9680822, 6414156, 5629311, 9781402, 1537080, 4248435, 157641, 7181274, 2783453)
	Update on sbtest6  (cost=0.43..48.53 rows=0 width=0)
	  ->  Index Scan using sbtest6_pkey on sbtest6  (cost=0.43..48.53 rows=10 width=490)
	        Index Cond: (id = ANY ('{9761157,9680822,6414156,5629311,9781402,1537080,4248435,157641,7181274,2783453}'::integer[]))

table 7 : explain UPDATE sbtest7 set c=7 WHERE id IN ( 9761157, 9680822, 6414156, 5629311, 9781402, 1537080, 4248435, 157641, 7181274, 2783453)
	Update on sbtest7  (cost=0.43..48.53 rows=0 width=0)
	  ->  Index Scan using sbtest7_pkey on sbtest7  (cost=0.43..48.53 rows=10 width=490)
	        Index Cond: (id = ANY ('{9761157,9680822,6414156,5629311,9781402,1537080,4248435,157641,7181274,2783453}'::integer[]))

table 8 : explain UPDATE sbtest8 set c=7 WHERE id IN ( 9761157, 9680822, 6414156, 5629311, 9781402, 1537080, 4248435, 157641, 7181274, 2783453)
	Update on sbtest8  (cost=0.43..48.53 rows=0 width=0)
	  ->  Index Scan using sbtest8_pkey on sbtest8  (cost=0.43..48.53 rows=10 width=490)
	        Index Cond: (id = ANY ('{9761157,9680822,6414156,5629311,9781402,1537080,4248435,157641,7181274,2783453}'::integer[]))

for update-inlist
table 1 : explain UPDATE sbtest1 set c=7 WHERE id IN ( 5281938, 4949813, 1461575, 9931473, 1231837, 7220370, 6799202, 172714, 9099064, 6169316)
	Update on sbtest1  (cost=0.43..48.53 rows=0 width=0)
	  ->  Index Scan using sbtest1_pkey on sbtest1  (cost=0.43..48.53 rows=10 width=490)
	        Index Cond: (id = ANY ('{5281938,4949813,1461575,9931473,1231837,7220370,6799202,172714,9099064,6169316}'::integer[]))

table 2 : explain UPDATE sbtest2 set c=7 WHERE id IN ( 5281938, 4949813, 1461575, 9931473, 1231837, 7220370, 6799202, 172714, 9099064, 6169316)
	Update on sbtest2  (cost=0.43..48.53 rows=0 width=0)
	  ->  Index Scan using sbtest2_pkey on sbtest2  (cost=0.43..48.53 rows=10 width=490)
	        Index Cond: (id = ANY ('{5281938,4949813,1461575,9931473,1231837,7220370,6799202,172714,9099064,6169316}'::integer[]))

table 3 : explain UPDATE sbtest3 set c=7 WHERE id IN ( 5281938, 4949813, 1461575, 9931473, 1231837, 7220370, 6799202, 172714, 9099064, 6169316)
	Update on sbtest3  (cost=0.43..48.53 rows=0 width=0)
	  ->  Index Scan using sbtest3_pkey on sbtest3  (cost=0.43..48.53 rows=10 width=490)
	        Index Cond: (id = ANY ('{5281938,4949813,1461575,9931473,1231837,7220370,6799202,172714,9099064,6169316}'::integer[]))

table 4 : explain UPDATE sbtest4 set c=7 WHERE id IN ( 5281938, 4949813, 1461575, 9931473, 1231837, 7220370, 6799202, 172714, 9099064, 6169316)
	Update on sbtest4  (cost=0.43..48.53 rows=0 width=0)
	  ->  Index Scan using sbtest4_pkey on sbtest4  (cost=0.43..48.53 rows=10 width=490)
	        Index Cond: (id = ANY ('{5281938,4949813,1461575,9931473,1231837,7220370,6799202,172714,9099064,6169316}'::integer[]))

table 5 : explain UPDATE sbtest5 set c=7 WHERE id IN ( 5281938, 4949813, 1461575, 9931473, 1231837, 7220370, 6799202, 172714, 9099064, 6169316)
	Update on sbtest5  (cost=0.43..48.53 rows=0 width=0)
	  ->  Index Scan using sbtest5_pkey on sbtest5  (cost=0.43..48.53 rows=10 width=490)
	        Index Cond: (id = ANY ('{5281938,4949813,1461575,9931473,1231837,7220370,6799202,172714,9099064,6169316}'::integer[]))

table 6 : explain UPDATE sbtest6 set c=7 WHERE id IN ( 5281938, 4949813, 1461575, 9931473, 1231837, 7220370, 6799202, 172714, 9099064, 6169316)
	Update on sbtest6  (cost=0.43..48.53 rows=0 width=0)
	  ->  Index Scan using sbtest6_pkey on sbtest6  (cost=0.43..48.53 rows=10 width=490)
	        Index Cond: (id = ANY ('{5281938,4949813,1461575,9931473,1231837,7220370,6799202,172714,9099064,6169316}'::integer[]))

table 7 : explain UPDATE sbtest7 set c=7 WHERE id IN ( 5281938, 4949813, 1461575, 9931473, 1231837, 7220370, 6799202, 172714, 9099064, 6169316)
	Update on sbtest7  (cost=0.43..48.53 rows=0 width=0)
	  ->  Index Scan using sbtest7_pkey on sbtest7  (cost=0.43..48.53 rows=10 width=490)
	        Index Cond: (id = ANY ('{5281938,4949813,1461575,9931473,1231837,7220370,6799202,172714,9099064,6169316}'::integer[]))

table 8 : explain UPDATE sbtest8 set c=7 WHERE id IN ( 5281938, 4949813, 1461575, 9931473, 1231837, 7220370, 6799202, 172714, 9099064, 6169316)
	Update on sbtest8  (cost=0.43..48.53 rows=0 width=0)
	  ->  Index Scan using sbtest8_pkey on sbtest8  (cost=0.43..48.53 rows=10 width=490)
	        Index Cond: (id = ANY ('{5281938,4949813,1461575,9931473,1231837,7220370,6799202,172714,9099064,6169316}'::integer[]))

for update-inlist
table 1 : explain UPDATE sbtest1 set c=7 WHERE id IN ( 9392248, 7200896, 7977965, 651300, 3361671, 2029159, 7356131, 6345514, 9067478, 6579922)
	Update on sbtest1  (cost=0.43..48.53 rows=0 width=0)
	  ->  Index Scan using sbtest1_pkey on sbtest1  (cost=0.43..48.53 rows=10 width=490)
	        Index Cond: (id = ANY ('{9392248,7200896,7977965,651300,3361671,2029159,7356131,6345514,9067478,6579922}'::integer[]))

table 2 : explain UPDATE sbtest2 set c=7 WHERE id IN ( 9392248, 7200896, 7977965, 651300, 3361671, 2029159, 7356131, 6345514, 9067478, 6579922)
	Update on sbtest2  (cost=0.43..48.53 rows=0 width=0)
	  ->  Index Scan using sbtest2_pkey on sbtest2  (cost=0.43..48.53 rows=10 width=490)
	        Index Cond: (id = ANY ('{9392248,7200896,7977965,651300,3361671,2029159,7356131,6345514,9067478,6579922}'::integer[]))

table 3 : explain UPDATE sbtest3 set c=7 WHERE id IN ( 9392248, 7200896, 7977965, 651300, 3361671, 2029159, 7356131, 6345514, 9067478, 6579922)
	Update on sbtest3  (cost=0.43..48.53 rows=0 width=0)
	  ->  Index Scan using sbtest3_pkey on sbtest3  (cost=0.43..48.53 rows=10 width=490)
	        Index Cond: (id = ANY ('{9392248,7200896,7977965,651300,3361671,2029159,7356131,6345514,9067478,6579922}'::integer[]))

table 4 : explain UPDATE sbtest4 set c=7 WHERE id IN ( 9392248, 7200896, 7977965, 651300, 3361671, 2029159, 7356131, 6345514, 9067478, 6579922)
	Update on sbtest4  (cost=0.43..48.53 rows=0 width=0)
	  ->  Index Scan using sbtest4_pkey on sbtest4  (cost=0.43..48.53 rows=10 width=490)
	        Index Cond: (id = ANY ('{9392248,7200896,7977965,651300,3361671,2029159,7356131,6345514,9067478,6579922}'::integer[]))

table 5 : explain UPDATE sbtest5 set c=7 WHERE id IN ( 9392248, 7200896, 7977965, 651300, 3361671, 2029159, 7356131, 6345514, 9067478, 6579922)
	Update on sbtest5  (cost=0.43..48.53 rows=0 width=0)
	  ->  Index Scan using sbtest5_pkey on sbtest5  (cost=0.43..48.53 rows=10 width=490)
	        Index Cond: (id = ANY ('{9392248,7200896,7977965,651300,3361671,2029159,7356131,6345514,9067478,6579922}'::integer[]))

table 6 : explain UPDATE sbtest6 set c=7 WHERE id IN ( 9392248, 7200896, 7977965, 651300, 3361671, 2029159, 7356131, 6345514, 9067478, 6579922)
	Update on sbtest6  (cost=0.43..48.53 rows=0 width=0)
	  ->  Index Scan using sbtest6_pkey on sbtest6  (cost=0.43..48.53 rows=10 width=490)
	        Index Cond: (id = ANY ('{9392248,7200896,7977965,651300,3361671,2029159,7356131,6345514,9067478,6579922}'::integer[]))

table 7 : explain UPDATE sbtest7 set c=7 WHERE id IN ( 9392248, 7200896, 7977965, 651300, 3361671, 2029159, 7356131, 6345514, 9067478, 6579922)
	Update on sbtest7  (cost=0.43..48.53 rows=0 width=0)
	  ->  Index Scan using sbtest7_pkey on sbtest7  (cost=0.43..48.53 rows=10 width=490)
	        Index Cond: (id = ANY ('{9392248,7200896,7977965,651300,3361671,2029159,7356131,6345514,9067478,6579922}'::integer[]))

table 8 : explain UPDATE sbtest8 set c=7 WHERE id IN ( 9392248, 7200896, 7977965, 651300, 3361671, 2029159, 7356131, 6345514, 9067478, 6579922)
	Update on sbtest8  (cost=0.43..48.53 rows=0 width=0)
	  ->  Index Scan using sbtest8_pkey on sbtest8  (cost=0.43..48.53 rows=10 width=490)
	        Index Cond: (id = ANY ('{9392248,7200896,7977965,651300,3361671,2029159,7356131,6345514,9067478,6579922}'::integer[]))

Threads started!

Warming up for 5 seconds...

SQL statistics:
    queries performed:
        read:                            0
        write:                           106374862
        other:                           0
        total:                           106374862
    transactions:                        106374862 (114380.41 per sec.)
    queries:                             106374862 (114380.41 per sec.)
    ignored errors:                      0      (0.00 per sec.)
    reconnects:                          0      (0.00 per sec.)

Throughput:
    events/s (eps):                      114380.4070
    time elapsed:                        930.0096s
    total number of events:              106374862

Latency (ms):
         min:                                    0.11
         avg:                                    0.35
         max:                                  216.15
         95th percentile:                        0.53
         sum:                             37129820.46

Threads fairness:
    events (avg/stddev):           2659371.5500/18663.24
    execution time (avg/stddev):   928.2455/0.03

