LUA_PATH=/home/mdcallag/git/mytools/bench/sysbench.lua/lua/?.lua /home/mdcallag/git/mytools/bench/sysbench.lua/lua/sysbench --db-driver=pgsql --range-size=10000 --table-size=10000000 --tables=8 --threads=40 --events=0 --warmup-time=5 --time=630 --pgsql_conn_id=true /home/mdcallag/git/mytools/bench/sysbench.lua/lua/oltp_read_only.lua run --pgsql-user=root --pgsql-password=pw --pgsql-host=127.0.0.1 --pgsql-db=ib --rand-type=uniform
48 CPUs
sysbench 1.1.0-9072687 (using bundled LuaJIT 2.1.0-beta3)

Running the test with following options:
Number of threads: 40
Warmup time: 5s
Initializing random number generator from current time


Initializing worker threads...

explain: for point_selects :: explain SELECT c FROM sbtest%u WHERE id=%u
explain: for point_selects :: explain SELECT c FROM sbtest%u WHERE id=%u
explain: for point_selects :: explain SELECT c FROM sbtest%u WHERE id=%u
explain: for point_selects :: explain SELECT c FROM sbtest%u WHERE id=%u
explain: for point_selects :: explain SELECT c FROM sbtest%u WHERE id=%u
for point_selects
table 1 : explain SELECT c FROM sbtest1 WHERE id=2179883
	Index Scan using sbtest1_pkey on sbtest1  (cost=0.43..8.45 rows=1 width=121)
	  Index Cond: (id = 2179883)

table 2 : explain SELECT c FROM sbtest2 WHERE id=4295833
	Index Scan using sbtest2_pkey on sbtest2  (cost=0.43..8.45 rows=1 width=121)
	  Index Cond: (id = 4295833)

table 3 : explain SELECT c FROM sbtest3 WHERE id=9659045
	Index Scan using sbtest3_pkey on sbtest3  (cost=0.43..8.45 rows=1 width=121)
	  Index Cond: (id = 9659045)

table 4 : explain SELECT c FROM sbtest4 WHERE id=6067868
	Index Scan using sbtest4_pkey on sbtest4  (cost=0.43..8.45 rows=1 width=121)
	  Index Cond: (id = 6067868)

table 5 : explain SELECT c FROM sbtest5 WHERE id=7922011
	Index Scan using sbtest5_pkey on sbtest5  (cost=0.43..8.45 rows=1 width=121)
	  Index Cond: (id = 7922011)

table 6 : explain SELECT c FROM sbtest6 WHERE id=3880797
	Index Scan using sbtest6_pkey on sbtest6  (cost=0.43..8.45 rows=1 width=121)
	  Index Cond: (id = 3880797)

table 7 : explain SELECT c FROM sbtest7 WHERE id=2652376
	Index Scan using sbtest7_pkey on sbtest7  (cost=0.43..8.45 rows=1 width=121)
	  Index Cond: (id = 2652376)

table 8 : explain SELECT c FROM sbtest8 WHERE id=2079754
	Index Scan using sbtest8_pkey on sbtest8  (cost=0.43..8.45 rows=1 width=121)
	  Index Cond: (id = 2079754)

explain: for point_selects :: explain SELECT c FROM sbtest%u WHERE id=%u
for point_selects
table 1 : explain SELECT c FROM sbtest1 WHERE id=3192593
	Index Scan using sbtest1_pkey on sbtest1  (cost=0.43..8.45 rows=1 width=121)
	  Index Cond: (id = 3192593)

table 2 : explain SELECT c FROM sbtest2 WHERE id=5190697
	Index Scan using sbtest2_pkey on sbtest2  (cost=0.43..8.45 rows=1 width=121)
	  Index Cond: (id = 5190697)

table 3 : explain SELECT c FROM sbtest3 WHERE id=994984
	Index Scan using sbtest3_pkey on sbtest3  (cost=0.43..8.45 rows=1 width=121)
	  Index Cond: (id = 994984)

table 4 : explain SELECT c FROM sbtest4 WHERE id=5670452
	Index Scan using sbtest4_pkey on sbtest4  (cost=0.43..8.45 rows=1 width=121)
	  Index Cond: (id = 5670452)

table 5 : explain SELECT c FROM sbtest5 WHERE id=8872343
	Index Scan using sbtest5_pkey on sbtest5  (cost=0.43..8.45 rows=1 width=121)
	  Index Cond: (id = 8872343)

table 6 : explain SELECT c FROM sbtest6 WHERE id=5335816
	Index Scan using sbtest6_pkey on sbtest6  (cost=0.43..8.45 rows=1 width=121)
	  Index Cond: (id = 5335816)

table 7 : explain SELECT c FROM sbtest7 WHERE id=9236962
	Index Scan using sbtest7_pkey on sbtest7  (cost=0.43..8.45 rows=1 width=121)
	  Index Cond: (id = 9236962)

table 8 : explain SELECT c FROM sbtest8 WHERE id=656209
	Index Scan using sbtest8_pkey on sbtest8  (cost=0.43..8.45 rows=1 width=121)
	  Index Cond: (id = 656209)

explain: for point_selects :: explain SELECT c FROM sbtest%u WHERE id=%u
for: simple_ranges
table 1 : explain SELECT c FROM sbtest1 WHERE id BETWEEN 6680236 AND 6690235
	Bitmap Heap Scan on sbtest1  (cost=320.41..34963.01 rows=10144 width=121)
	  Recheck Cond: ((id >= 6680236) AND (id <= 6690235))
	  ->  Bitmap Index Scan on sbtest1_pkey  (cost=0.00..317.88 rows=10144 width=0)
	        Index Cond: ((id >= 6680236) AND (id <= 6690235))

table 2 : explain SELECT c FROM sbtest2 WHERE id BETWEEN 8224047 AND 8234046
	Bitmap Heap Scan on sbtest2  (cost=313.01..33946.01 rows=9812 width=121)
	  Recheck Cond: ((id >= 8224047) AND (id <= 8234046))
	  ->  Bitmap Index Scan on sbtest2_pkey  (cost=0.00..310.56 rows=9812 width=0)
	        Index Cond: ((id >= 8224047) AND (id <= 8234046))

table 3 : explain SELECT c FROM sbtest3 WHERE id BETWEEN 6456149 AND 6466148
	Bitmap Heap Scan on sbtest3  (cost=323.75..34804.32 rows=10080 width=121)
	  Recheck Cond: ((id >= 6456149) AND (id <= 6466148))
	  ->  Bitmap Index Scan on sbtest3_pkey  (cost=0.00..321.24 rows=10080 width=0)
	        Index Cond: ((id >= 6456149) AND (id <= 6466148))

table 4 : explain SELECT c FROM sbtest4 WHERE id BETWEEN 8525680 AND 8535679
	Bitmap Heap Scan on sbtest4  (cost=329.29..35531.88 rows=10230 width=121)
	  Recheck Cond: ((id >= 8525680) AND (id <= 8535679))
	  ->  Bitmap Index Scan on sbtest4_pkey  (cost=0.00..326.74 rows=10230 width=0)
	        Index Cond: ((id >= 8525680) AND (id <= 8535679))

table 5 : explain SELECT c FROM sbtest5 WHERE id BETWEEN 1556875 AND 1566874
	Bitmap Heap Scan on sbtest5  (cost=329.19..35501.07 rows=10220 width=121)
	  Recheck Cond: ((id >= 1556875) AND (id <= 1566874))
	  ->  Bitmap Index Scan on sbtest5_pkey  (cost=0.00..326.63 rows=10220 width=0)
	        Index Cond: ((id >= 1556875) AND (id <= 1566874))

table 6 : explain SELECT c FROM sbtest6 WHERE id BETWEEN 3197301 AND 3207300
	Bitmap Heap Scan on sbtest6  (cost=342.20..36793.59 rows=10709 width=121)
	  Recheck Cond: ((id >= 3197301) AND (id <= 3207300))
	  ->  Bitmap Index Scan on sbtest6_pkey  (cost=0.00..339.53 rows=10709 width=0)
	        Index Cond: ((id >= 3197301) AND (id <= 3207300))

table 7 : explain SELECT c FROM sbtest7 WHERE id BETWEEN 4231250 AND 4241249
	Bitmap Heap Scan on sbtest7  (cost=329.78..35374.60 rows=10278 width=121)
	  Recheck Cond: ((id >= 4231250) AND (id <= 4241249))
	  ->  Bitmap Index Scan on sbtest7_pkey  (cost=0.00..327.21 rows=10278 width=0)
	        Index Cond: ((id >= 4231250) AND (id <= 4241249))

table 8 : explain SELECT c FROM sbtest8 WHERE id BETWEEN 5626479 AND 5636478
	Bitmap Heap Scan on sbtest8  (cost=312.71..33849.27 rows=9783 width=121)
	  Recheck Cond: ((id >= 5626479) AND (id <= 5636478))
	  ->  Bitmap Index Scan on sbtest8_pkey  (cost=0.00..310.26 rows=9783 width=0)
	        Index Cond: ((id >= 5626479) AND (id <= 5636478))

for: simple_ranges
table 1 : explain SELECT c FROM sbtest1 WHERE id BETWEEN 649073 AND 659072
	Bitmap Heap Scan on sbtest1  (cost=325.97..35438.59 rows=10296 width=121)
	  Recheck Cond: ((id >= 649073) AND (id <= 659072))
	  ->  Bitmap Index Scan on sbtest1_pkey  (cost=0.00..323.40 rows=10296 width=0)
	        Index Cond: ((id >= 649073) AND (id <= 659072))

table 2 : explain SELECT c FROM sbtest2 WHERE id BETWEEN 4309334 AND 4319333
	Bitmap Heap Scan on sbtest2  (cost=300.96..32699.10 rows=9417 width=121)
	  Recheck Cond: ((id >= 4309334) AND (id <= 4319333))
	  ->  Bitmap Index Scan on sbtest2_pkey  (cost=0.00..298.61 rows=9417 width=0)
	        Index Cond: ((id >= 4309334) AND (id <= 4319333))

table 3 : explain SELECT c FROM sbtest3 WHERE id BETWEEN 152265 AND 162264
	Bitmap Heap Scan on sbtest3  (cost=319.00..34568.52 rows=10006 width=121)
	  Recheck Cond: ((id >= 152265) AND (id <= 162264))
	  ->  Bitmap Index Scan on sbtest3_pkey  (cost=0.00..316.50 rows=10006 width=0)
	        Index Cond: ((id >= 152265) AND (id <= 162264))

table 4 : explain SELECT c FROM sbtest4 WHERE id BETWEEN 4329117 AND 4339116
	Bitmap Heap Scan on sbtest4  (cost=358.26..38288.83 rows=11105 width=121)
	  Recheck Cond: ((id >= 4329117) AND (id <= 4339116))
	  ->  Bitmap Index Scan on sbtest4_pkey  (cost=0.00..355.49 rows=11105 width=0)
	        Index Cond: ((id >= 4329117) AND (id <= 4339116))

table 5 : explain SELECT c FROM sbtest5 WHERE id BETWEEN 9920338 AND 9930337
	Bitmap Heap Scan on sbtest5  (cost=336.06..36386.10 rows=10500 width=121)
	  Recheck Cond: ((id >= 9920338) AND (id <= 9930337))
	  ->  Bitmap Index Scan on sbtest5_pkey  (cost=0.00..333.44 rows=10500 width=0)
	        Index Cond: ((id >= 9920338) AND (id <= 9930337))

table 6 : explain SELECT c FROM sbtest6 WHERE id BETWEEN 8081990 AND 8091989
	Bitmap Heap Scan on sbtest6  (cost=318.21..34352.72 rows=9929 width=121)
	  Recheck Cond: ((id >= 8081990) AND (id <= 8091989))
	  ->  Bitmap Index Scan on sbtest6_pkey  (cost=0.00..315.73 rows=9929 width=0)
	        Index Cond: ((id >= 8081990) AND (id <= 8091989))

table 7 : explain SELECT c FROM sbtest7 WHERE id BETWEEN 1697341 AND 1707340
	Bitmap Heap Scan on sbtest7  (cost=340.78..36284.61 rows=10570 width=121)
	  Recheck Cond: ((id >= 1697341) AND (id <= 1707340))
	  ->  Bitmap Index Scan on sbtest7_pkey  (cost=0.00..338.13 rows=10570 width=0)
	        Index Cond: ((id >= 1697341) AND (id <= 1707340))

table 8 : explain SELECT c FROM sbtest8 WHERE id BETWEEN 5950992 AND 5960991
	Bitmap Heap Scan on sbtest8  (cost=276.84..30174.13 rows=8625 width=121)
	  Recheck Cond: ((id >= 5950992) AND (id <= 5960991))
	  ->  Bitmap Index Scan on sbtest8_pkey  (cost=0.00..274.69 rows=8625 width=0)
	        Index Cond: ((id >= 5950992) AND (id <= 5960991))

for point_selects
table 1 : explain SELECT c FROM sbtest1 WHERE id=1457453
	Index Scan using sbtest1_pkey on sbtest1  (cost=0.43..8.45 rows=1 width=121)
	  Index Cond: (id = 1457453)

table 2 : explain SELECT c FROM sbtest2 WHERE id=405531
	Index Scan using sbtest2_pkey on sbtest2  (cost=0.43..8.45 rows=1 width=121)
	  Index Cond: (id = 405531)

table 3 : explain SELECT c FROM sbtest3 WHERE id=6993321
	Index Scan using sbtest3_pkey on sbtest3  (cost=0.43..8.45 rows=1 width=121)
	  Index Cond: (id = 6993321)

table 4 : explain SELECT c FROM sbtest4 WHERE id=7461178
	Index Scan using sbtest4_pkey on sbtest4  (cost=0.43..8.45 rows=1 width=121)
	  Index Cond: (id = 7461178)

table 5 : explain SELECT c FROM sbtest5 WHERE id=827107
	Index Scan using sbtest5_pkey on sbtest5  (cost=0.43..8.45 rows=1 width=121)
	  Index Cond: (id = 827107)

table 6 : explain SELECT c FROM sbtest6 WHERE id=1125930
	Index Scan using sbtest6_pkey on sbtest6  (cost=0.43..8.45 rows=1 width=121)
	  Index Cond: (id = 1125930)

table 7 : explain SELECT c FROM sbtest7 WHERE id=2377702
	Index Scan using sbtest7_pkey on sbtest7  (cost=0.43..8.45 rows=1 width=121)
	  Index Cond: (id = 2377702)

table 8 : explain SELECT c FROM sbtest8 WHERE id=4813497
	Index Scan using sbtest8_pkey on sbtest8  (cost=0.43..8.45 rows=1 width=121)
	  Index Cond: (id = 4813497)

for point_selects
table 1 : explain SELECT c FROM sbtest1 WHERE id=8226548
	Index Scan using sbtest1_pkey on sbtest1  (cost=0.43..8.45 rows=1 width=121)
	  Index Cond: (id = 8226548)

table 2 : explain SELECT c FROM sbtest2 WHERE id=1850081
	Index Scan using sbtest2_pkey on sbtest2  (cost=0.43..8.45 rows=1 width=121)
	  Index Cond: (id = 1850081)

table 3 : explain SELECT c FROM sbtest3 WHERE id=6893741
	Index Scan using sbtest3_pkey on sbtest3  (cost=0.43..8.45 rows=1 width=121)
	  Index Cond: (id = 6893741)

table 4 : explain SELECT c FROM sbtest4 WHERE id=1761670
	Index Scan using sbtest4_pkey on sbtest4  (cost=0.43..8.45 rows=1 width=121)
	  Index Cond: (id = 1761670)

table 5 : explain SELECT c FROM sbtest5 WHERE id=4955645
	Index Scan using sbtest5_pkey on sbtest5  (cost=0.43..8.45 rows=1 width=121)
	  Index Cond: (id = 4955645)

table 6 : explain SELECT c FROM sbtest6 WHERE id=7073371
	Index Scan using sbtest6_pkey on sbtest6  (cost=0.43..8.45 rows=1 width=121)
	  Index Cond: (id = 7073371)

table 7 : explain SELECT c FROM sbtest7 WHERE id=6645989
	Index Scan using sbtest7_pkey on sbtest7  (cost=0.43..8.45 rows=1 width=121)
	  Index Cond: (id = 6645989)

table 8 : explain SELECT c FROM sbtest8 WHERE id=9735774
	Index Scan using sbtest8_pkey on sbtest8  (cost=0.43..8.45 rows=1 width=121)
	  Index Cond: (id = 9735774)

for: simple_ranges
table 1 : explain SELECT c FROM sbtest1 WHERE id BETWEEN 7857646 AND 7867645
	Bitmap Heap Scan on sbtest1  (cost=285.26..31531.47 rows=9056 width=121)
	  Recheck Cond: ((id >= 7857646) AND (id <= 7867645))
	  ->  Bitmap Index Scan on sbtest1_pkey  (cost=0.00..283.00 rows=9056 width=0)
	        Index Cond: ((id >= 7857646) AND (id <= 7867645))

table 2 : explain SELECT c FROM sbtest2 WHERE id BETWEEN 1955663 AND 1965662
	Bitmap Heap Scan on sbtest2  (cost=313.26..34023.45 rows=9837 width=121)
	  Recheck Cond: ((id >= 1955663) AND (id <= 1965662))
	  ->  Bitmap Index Scan on sbtest2_pkey  (cost=0.00..310.81 rows=9837 width=0)
	        Index Cond: ((id >= 1955663) AND (id <= 1965662))

table 3 : explain SELECT c FROM sbtest3 WHERE id BETWEEN 1900597 AND 1910596
	Bitmap Heap Scan on sbtest3  (cost=330.96..35781.53 rows=10393 width=121)
	  Recheck Cond: ((id >= 1900597) AND (id <= 1910596))
	  ->  Bitmap Index Scan on sbtest3_pkey  (cost=0.00..328.37 rows=10393 width=0)
	        Index Cond: ((id >= 1900597) AND (id <= 1910596))

table 4 : explain SELECT c FROM sbtest4 WHERE id BETWEEN 2997386 AND 3007385
	Bitmap Heap Scan on sbtest4  (cost=322.95..34806.80 rows=10001 width=121)
	  Recheck Cond: ((id >= 2997386) AND (id <= 3007385))
	  ->  Bitmap Index Scan on sbtest4_pkey  (cost=0.00..320.44 rows=10001 width=0)
	        Index Cond: ((id >= 2997386) AND (id <= 3007385))

table 5 : explain SELECT c FROM sbtest5 WHERE id BETWEEN 6456601 AND 6466600
	Bitmap Heap Scan on sbtest5  (cost=335.63..36253.49 rows=10458 width=121)
	  Recheck Cond: ((id >= 6456601) AND (id <= 6466600))
	  ->  Bitmap Index Scan on sbtest5_pkey  (cost=0.00..333.01 rows=10458 width=0)
	        Index Cond: ((id >= 6456601) AND (id <= 6466600))

table 6 : explain SELECT c FROM sbtest6 WHERE id BETWEEN 727602 AND 737601
	Bitmap Heap Scan on sbtest6  (cost=300.99..32741.60 rows=9420 width=121)
	  Recheck Cond: ((id >= 727602) AND (id <= 737601))
	  ->  Bitmap Index Scan on sbtest6_pkey  (cost=0.00..298.63 rows=9420 width=0)
	        Index Cond: ((id >= 727602) AND (id <= 737601))

table 7 : explain SELECT c FROM sbtest7 WHERE id BETWEEN 3392466 AND 3402465
	Bitmap Heap Scan on sbtest7  (cost=305.73..32908.22 rows=9492 width=121)
	  Recheck Cond: ((id >= 3392466) AND (id <= 3402465))
	  ->  Bitmap Index Scan on sbtest7_pkey  (cost=0.00..303.36 rows=9492 width=0)
	        Index Cond: ((id >= 3392466) AND (id <= 3402465))

table 8 : explain SELECT c FROM sbtest8 WHERE id BETWEEN 2720858 AND 2730857
	Bitmap Heap Scan on sbtest8  (cost=294.59..31964.76 rows=9186 width=121)
	  Recheck Cond: ((id >= 2720858) AND (id <= 2730857))
	  ->  Bitmap Index Scan on sbtest8_pkey  (cost=0.00..292.30 rows=9186 width=0)
	        Index Cond: ((id >= 2720858) AND (id <= 2730857))

for: simple_ranges
table 1 : explain SELECT c FROM sbtest1 WHERE id BETWEEN 5986529 AND 5996528
	Bitmap Heap Scan on sbtest1  (cost=302.53..33159.29 rows=9570 width=121)
	  Recheck Cond: ((id >= 5986529) AND (id <= 5996528))
	  ->  Bitmap Index Scan on sbtest1_pkey  (cost=0.00..300.13 rows=9570 width=0)
	        Index Cond: ((id >= 5986529) AND (id <= 5996528))

table 2 : explain SELECT c FROM sbtest2 WHERE id BETWEEN 7114271 AND 7124270
	Bitmap Heap Scan on sbtest2  (cost=354.17..37947.33 rows=11096 width=121)
	  Recheck Cond: ((id >= 7114271) AND (id <= 7124270))
	  ->  Bitmap Index Scan on sbtest2_pkey  (cost=0.00..351.40 rows=11096 width=0)
	        Index Cond: ((id >= 7114271) AND (id <= 7124270))

table 3 : explain SELECT c FROM sbtest3 WHERE id BETWEEN 440109 AND 450108
	Bitmap Heap Scan on sbtest3  (cost=305.94..33019.41 rows=9513 width=121)
	  Recheck Cond: ((id >= 440109) AND (id <= 450108))
	  ->  Bitmap Index Scan on sbtest3_pkey  (cost=0.00..303.56 rows=9513 width=0)
	        Index Cond: ((id >= 440109) AND (id <= 450108))

table 4 : explain SELECT c FROM sbtest4 WHERE id BETWEEN 9348007 AND 9358006
	Bitmap Heap Scan on sbtest4  (cost=324.22..35196.82 rows=10125 width=121)
	  Recheck Cond: ((id >= 9348007) AND (id <= 9358006))
	  ->  Bitmap Index Scan on sbtest4_pkey  (cost=0.00..321.69 rows=10125 width=0)
	        Index Cond: ((id >= 9348007) AND (id <= 9358006))

table 5 : explain SELECT c FROM sbtest5 WHERE id BETWEEN 4188794 AND 4198793
	Bitmap Heap Scan on sbtest5  (cost=300.38..32758.31 rows=9360 width=121)
	  Recheck Cond: ((id >= 4188794) AND (id <= 4198793))
	  ->  Bitmap Index Scan on sbtest5_pkey  (cost=0.00..298.04 rows=9360 width=0)
	        Index Cond: ((id >= 4188794) AND (id <= 4198793))

table 6 : explain SELECT c FROM sbtest6 WHERE id BETWEEN 5719966 AND 5729965
	Bitmap Heap Scan on sbtest6  (cost=319.31..34691.32 rows=10037 width=121)
	  Recheck Cond: ((id >= 5719966) AND (id <= 5729965))
	  ->  Bitmap Index Scan on sbtest6_pkey  (cost=0.00..316.81 rows=10037 width=0)
	        Index Cond: ((id >= 5719966) AND (id <= 5729965))

table 7 : explain SELECT c FROM sbtest7 WHERE id BETWEEN 6115967 AND 6125966
	Bitmap Heap Scan on sbtest7  (cost=306.05..33005.28 rows=9523 width=121)
	  Recheck Cond: ((id >= 6115967) AND (id <= 6125966))
	  ->  Bitmap Index Scan on sbtest7_pkey  (cost=0.00..303.67 rows=9523 width=0)
	        Index Cond: ((id >= 6115967) AND (id <= 6125966))

table 8 : explain SELECT c FROM sbtest8 WHERE id BETWEEN 492359 AND 502358
	Bitmap Heap Scan on sbtest8  (cost=305.97..33011.17 rows=9516 width=121)
	  Recheck Cond: ((id >= 492359) AND (id <= 502358))
	  ->  Bitmap Index Scan on sbtest8_pkey  (cost=0.00..303.59 rows=9516 width=0)
	        Index Cond: ((id >= 492359) AND (id <= 502358))

for point_selects
table 1 : explain SELECT c FROM sbtest1 WHERE id=2097260
	Index Scan using sbtest1_pkey on sbtest1  (cost=0.43..8.45 rows=1 width=121)
	  Index Cond: (id = 2097260)

table 2 : explain SELECT c FROM sbtest2 WHERE id=850970
	Index Scan using sbtest2_pkey on sbtest2  (cost=0.43..8.45 rows=1 width=121)
	  Index Cond: (id = 850970)

table 3 : explain SELECT c FROM sbtest3 WHERE id=937251
	Index Scan using sbtest3_pkey on sbtest3  (cost=0.43..8.45 rows=1 width=121)
	  Index Cond: (id = 937251)

table 4 : explain SELECT c FROM sbtest4 WHERE id=7622575
	Index Scan using sbtest4_pkey on sbtest4  (cost=0.43..8.45 rows=1 width=121)
	  Index Cond: (id = 7622575)

table 5 : explain SELECT c FROM sbtest5 WHERE id=835771
	Index Scan using sbtest5_pkey on sbtest5  (cost=0.43..8.45 rows=1 width=121)
	  Index Cond: (id = 835771)

table 6 : explain SELECT c FROM sbtest6 WHERE id=3924056
	Index Scan using sbtest6_pkey on sbtest6  (cost=0.43..8.45 rows=1 width=121)
	  Index Cond: (id = 3924056)

table 7 : explain SELECT c FROM sbtest7 WHERE id=9238492
	Index Scan using sbtest7_pkey on sbtest7  (cost=0.43..8.45 rows=1 width=121)
	  Index Cond: (id = 9238492)

table 8 : explain SELECT c FROM sbtest8 WHERE id=4485844
	Index Scan using sbtest8_pkey on sbtest8  (cost=0.43..8.45 rows=1 width=121)
	  Index Cond: (id = 4485844)

explain: for point_selects :: explain SELECT c FROM sbtest%u WHERE id=%u
for point_selects
table 1 : explain SELECT c FROM sbtest1 WHERE id=9824497
	Index Scan using sbtest1_pkey on sbtest1  (cost=0.43..8.45 rows=1 width=121)
	  Index Cond: (id = 9824497)

table 2 : explain SELECT c FROM sbtest2 WHERE id=2057512
	Index Scan using sbtest2_pkey on sbtest2  (cost=0.43..8.45 rows=1 width=121)
	  Index Cond: (id = 2057512)

table 3 : explain SELECT c FROM sbtest3 WHERE id=5429766
	Index Scan using sbtest3_pkey on sbtest3  (cost=0.43..8.45 rows=1 width=121)
	  Index Cond: (id = 5429766)

table 4 : explain SELECT c FROM sbtest4 WHERE id=4477492
	Index Scan using sbtest4_pkey on sbtest4  (cost=0.43..8.45 rows=1 width=121)
	  Index Cond: (id = 4477492)

table 5 : explain SELECT c FROM sbtest5 WHERE id=4920554
	Index Scan using sbtest5_pkey on sbtest5  (cost=0.43..8.45 rows=1 width=121)
	  Index Cond: (id = 4920554)

table 6 : explain SELECT c FROM sbtest6 WHERE id=9747220
	Index Scan using sbtest6_pkey on sbtest6  (cost=0.43..8.45 rows=1 width=121)
	  Index Cond: (id = 9747220)

table 7 : explain SELECT c FROM sbtest7 WHERE id=149858
	Index Scan using sbtest7_pkey on sbtest7  (cost=0.43..8.45 rows=1 width=121)
	  Index Cond: (id = 149858)

table 8 : explain SELECT c FROM sbtest8 WHERE id=3435532
	Index Scan using sbtest8_pkey on sbtest8  (cost=0.43..8.45 rows=1 width=121)
	  Index Cond: (id = 3435532)

for point_selects
table 1 : explain SELECT c FROM sbtest1 WHERE id=3429829
	Index Scan using sbtest1_pkey on sbtest1  (cost=0.43..8.45 rows=1 width=121)
	  Index Cond: (id = 3429829)

table 2 : explain SELECT c FROM sbtest2 WHERE id=436548
	Index Scan using sbtest2_pkey on sbtest2  (cost=0.43..8.45 rows=1 width=121)
	  Index Cond: (id = 436548)

table 3 : explain SELECT c FROM sbtest3 WHERE id=6440238
	Index Scan using sbtest3_pkey on sbtest3  (cost=0.43..8.45 rows=1 width=121)
	  Index Cond: (id = 6440238)

table 4 : explain SELECT c FROM sbtest4 WHERE id=4259353
	Index Scan using sbtest4_pkey on sbtest4  (cost=0.43..8.45 rows=1 width=121)
	  Index Cond: (id = 4259353)

table 5 : explain SELECT c FROM sbtest5 WHERE id=1722229
	Index Scan using sbtest5_pkey on sbtest5  (cost=0.43..8.45 rows=1 width=121)
	  Index Cond: (id = 1722229)

table 6 : explain SELECT c FROM sbtest6 WHERE id=3084981
	Index Scan using sbtest6_pkey on sbtest6  (cost=0.43..8.45 rows=1 width=121)
	  Index Cond: (id = 3084981)

table 7 : explain SELECT c FROM sbtest7 WHERE id=3452662
	Index Scan using sbtest7_pkey on sbtest7  (cost=0.43..8.45 rows=1 width=121)
	  Index Cond: (id = 3452662)

table 8 : explain SELECT c FROM sbtest8 WHERE id=506494
	Index Scan using sbtest8_pkey on sbtest8  (cost=0.43..8.45 rows=1 width=121)
	  Index Cond: (id = 506494)

explain: for point_selects :: explain SELECT c FROM sbtest%u WHERE id=%u
explain: for point_selects :: explain SELECT c FROM sbtest%u WHERE id=%u
for: simple_ranges
table 1 : explain SELECT c FROM sbtest1 WHERE id BETWEEN 8833784 AND 8843783
	Bitmap Heap Scan on sbtest1  (cost=308.68..33822.16 rows=9780 width=121)
	  Recheck Cond: ((id >= 8833784) AND (id <= 8843783))
	  ->  Bitmap Index Scan on sbtest1_pkey  (cost=0.00..306.24 rows=9780 width=0)
	        Index Cond: ((id >= 8833784) AND (id <= 8843783))

table 2 : explain SELECT c FROM sbtest2 WHERE id BETWEEN 9513558 AND 9523557
	Bitmap Heap Scan on sbtest2  (cost=288.78..31403.63 rows=9009 width=121)
	  Recheck Cond: ((id >= 9513558) AND (id <= 9523557))
	  ->  Bitmap Index Scan on sbtest2_pkey  (cost=0.00..286.53 rows=9009 width=0)
	        Index Cond: ((id >= 9513558) AND (id <= 9523557))

table 3 : explain SELECT c FROM sbtest3 WHERE id BETWEEN 5078008 AND 5088007
	Bitmap Heap Scan on sbtest3  (cost=324.70..35090.56 rows=10172 width=121)
	  Recheck Cond: ((id >= 5078008) AND (id <= 5088007))
	  ->  Bitmap Index Scan on sbtest3_pkey  (cost=0.00..322.16 rows=10172 width=0)
	        Index Cond: ((id >= 5078008) AND (id <= 5088007))

table 4 : explain SELECT c FROM sbtest4 WHERE id BETWEEN 8793555 AND 8803554
	Bitmap Heap Scan on sbtest4  (cost=328.81..35382.63 rows=10183 width=121)
	  Recheck Cond: ((id >= 8793555) AND (id <= 8803554))
	  ->  Bitmap Index Scan on sbtest4_pkey  (cost=0.00..326.26 rows=10183 width=0)
	        Index Cond: ((id >= 8793555) AND (id <= 8803554))

table 5 : explain SELECT c FROM sbtest5 WHERE id BETWEEN 5434703 AND 5444702
	Bitmap Heap Scan on sbtest5  (cost=318.20..34573.35 rows=9928 width=121)
	  Recheck Cond: ((id >= 5434703) AND (id <= 5444702))
	  ->  Bitmap Index Scan on sbtest5_pkey  (cost=0.00..315.71 rows=9928 width=0)
	        Index Cond: ((id >= 5434703) AND (id <= 5444702))

table 6 : explain SELECT c FROM sbtest6 WHERE id BETWEEN 4262669 AND 4272668
	Bitmap Heap Scan on sbtest6  (cost=329.76..35442.69 rows=10276 width=121)
	  Recheck Cond: ((id >= 4262669) AND (id <= 4272668))
	  ->  Bitmap Index Scan on sbtest6_pkey  (cost=0.00..327.19 rows=10276 width=0)
	        Index Cond: ((id >= 4262669) AND (id <= 4272668))

table 7 : explain SELECT c FROM sbtest7 WHERE id BETWEEN 7068888 AND 7078887
	Bitmap Heap Scan on sbtest7  (cost=311.25..33377.73 rows=9640 width=121)
	  Recheck Cond: ((id >= 7068888) AND (id <= 7078887))
	  ->  Bitmap Index Scan on sbtest7_pkey  (cost=0.00..308.83 rows=9640 width=0)
	        Index Cond: ((id >= 7068888) AND (id <= 7078887))

table 8 : explain SELECT c FROM sbtest8 WHERE id BETWEEN 506978 AND 516977
	Bitmap Heap Scan on sbtest8  (cost=305.98..33014.41 rows=9517 width=121)
	  Recheck Cond: ((id >= 506978) AND (id <= 516977))
	  ->  Bitmap Index Scan on sbtest8_pkey  (cost=0.00..303.61 rows=9517 width=0)
	        Index Cond: ((id >= 506978) AND (id <= 516977))

for: simple_ranges
table 1 : explain SELECT c FROM sbtest1 WHERE id BETWEEN 1107623 AND 1117622
	Bitmap Heap Scan on sbtest1  (cost=320.96..35129.93 rows=10198 width=121)
	  Recheck Cond: ((id >= 1107623) AND (id <= 1117622))
	  ->  Bitmap Index Scan on sbtest1_pkey  (cost=0.00..318.42 rows=10198 width=0)
	        Index Cond: ((id >= 1107623) AND (id <= 1117622))

table 2 : explain SELECT c FROM sbtest2 WHERE id BETWEEN 6235636 AND 6245635
	Bitmap Heap Scan on sbtest2  (cost=318.75..34478.67 rows=9982 width=121)
	  Recheck Cond: ((id >= 6235636) AND (id <= 6245635))
	  ->  Bitmap Index Scan on sbtest2_pkey  (cost=0.00..316.25 rows=9982 width=0)
	        Index Cond: ((id >= 6235636) AND (id <= 6245635))

table 3 : explain SELECT c FROM sbtest3 WHERE id BETWEEN 5684571 AND 5694570
	Bitmap Heap Scan on sbtest3  (cost=354.64..38105.02 rows=11142 width=121)
	  Recheck Cond: ((id >= 5684571) AND (id <= 5694570))
	  ->  Bitmap Index Scan on sbtest3_pkey  (cost=0.00..351.86 rows=11142 width=0)
	        Index Cond: ((id >= 5684571) AND (id <= 5694570))

table 4 : explain SELECT c FROM sbtest4 WHERE id BETWEEN 6289893 AND 6299892
	Bitmap Heap Scan on sbtest4  (cost=330.07..35771.80 rows=10306 width=121)
	  Recheck Cond: ((id >= 6289893) AND (id <= 6299892))
	  ->  Bitmap Index Scan on sbtest4_pkey  (cost=0.00..327.50 rows=10306 width=0)
	        Index Cond: ((id >= 6289893) AND (id <= 6299892))

table 5 : explain SELECT c FROM sbtest5 WHERE id BETWEEN 9046017 AND 9056016
	Bitmap Heap Scan on sbtest5  (cost=336.09..36395.80 rows=10503 width=121)
	  Recheck Cond: ((id >= 9046017) AND (id <= 9056016))
	  ->  Bitmap Index Scan on sbtest5_pkey  (cost=0.00..333.46 rows=10503 width=0)
	        Index Cond: ((id >= 9046017) AND (id <= 9056016))

table 6 : explain SELECT c FROM sbtest6 WHERE id BETWEEN 1640677 AND 1650676
	Bitmap Heap Scan on sbtest6  (cost=313.50..34132.43 rows=9860 width=121)
	  Recheck Cond: ((id >= 1640677) AND (id <= 1650676))
	  ->  Bitmap Index Scan on sbtest6_pkey  (cost=0.00..311.04 rows=9860 width=0)
	        Index Cond: ((id >= 1640677) AND (id <= 1650676))

table 7 : explain SELECT c FROM sbtest7 WHERE id BETWEEN 5223897 AND 5233896
	Bitmap Heap Scan on sbtest7  (cost=322.63..34413.91 rows=9970 width=121)
	  Recheck Cond: ((id >= 5223897) AND (id <= 5233896))
	  ->  Bitmap Index Scan on sbtest7_pkey  (cost=0.00..320.13 rows=9970 width=0)
	        Index Cond: ((id >= 5223897) AND (id <= 5233896))

table 8 : explain SELECT c FROM sbtest8 WHERE id BETWEEN 1803568 AND 1813567
	Bitmap Heap Scan on sbtest8  (cost=318.64..34443.19 rows=9971 width=121)
	  Recheck Cond: ((id >= 1803568) AND (id <= 1813567))
	  ->  Bitmap Index Scan on sbtest8_pkey  (cost=0.00..316.15 rows=9971 width=0)
	        Index Cond: ((id >= 1803568) AND (id <= 1813567))

for: simple_ranges
table 1 : explain SELECT c FROM sbtest1 WHERE id BETWEEN 3646479 AND 3656478
	Bitmap Heap Scan on sbtest1  (cost=297.08..32715.06 rows=9429 width=121)
	  Recheck Cond: ((id >= 3646479) AND (id <= 3656478))
	  ->  Bitmap Index Scan on sbtest1_pkey  (cost=0.00..294.73 rows=9429 width=0)
	        Index Cond: ((id >= 3646479) AND (id <= 3656478))

table 2 : explain SELECT c FROM sbtest2 WHERE id BETWEEN 8684541 AND 8694540
	Bitmap Heap Scan on sbtest2  (cost=312.72..33858.87 rows=9784 width=121)
	  Recheck Cond: ((id >= 8684541) AND (id <= 8694540))
	  ->  Bitmap Index Scan on sbtest2_pkey  (cost=0.00..310.28 rows=9784 width=0)
	        Index Cond: ((id >= 8684541) AND (id <= 8694540))

table 3 : explain SELECT c FROM sbtest3 WHERE id BETWEEN 1868123 AND 1878122
	Bitmap Heap Scan on sbtest3  (cost=336.44..36230.76 rows=10537 width=121)
	  Recheck Cond: ((id >= 1868123) AND (id <= 1878122))
	  ->  Bitmap Index Scan on sbtest3_pkey  (cost=0.00..333.81 rows=10537 width=0)
	        Index Cond: ((id >= 1868123) AND (id <= 1878122))

table 4 : explain SELECT c FROM sbtest4 WHERE id BETWEEN 7710513 AND 7720512
	Bitmap Heap Scan on sbtest4  (cost=323.08..34845.84 rows=10014 width=121)
	  Recheck Cond: ((id >= 7710513) AND (id <= 7720512))
	  ->  Bitmap Index Scan on sbtest4_pkey  (cost=0.00..320.57 rows=10014 width=0)
	        Index Cond: ((id >= 7710513) AND (id <= 7720512))

table 5 : explain SELECT c FROM sbtest5 WHERE id BETWEEN 6629567 AND 6639566
	Bitmap Heap Scan on sbtest5  (cost=305.08..32981.81 rows=9429 width=121)
	  Recheck Cond: ((id >= 6629567) AND (id <= 6639566))
	  ->  Bitmap Index Scan on sbtest5_pkey  (cost=0.00..302.73 rows=9429 width=0)
	        Index Cond: ((id >= 6629567) AND (id <= 6639566))

table 6 : explain SELECT c FROM sbtest6 WHERE id BETWEEN 3744286 AND 3754285
	Bitmap Heap Scan on sbtest6  (cost=311.75..33595.74 rows=9689 width=121)
	  Recheck Cond: ((id >= 3744286) AND (id <= 3754285))
	  ->  Bitmap Index Scan on sbtest6_pkey  (cost=0.00..309.32 rows=9689 width=0)
	        Index Cond: ((id >= 3744286) AND (id <= 3754285))

table 7 : explain SELECT c FROM sbtest7 WHERE id BETWEEN 6847248 AND 6857247
	Bitmap Heap Scan on sbtest7  (cost=311.92..33584.34 rows=9706 width=121)
	  Recheck Cond: ((id >= 6847248) AND (id <= 6857247))
	  ->  Bitmap Index Scan on sbtest7_pkey  (cost=0.00..309.50 rows=9706 width=0)
	        Index Cond: ((id >= 6847248) AND (id <= 6857247))

table 8 : explain SELECT c FROM sbtest8 WHERE id BETWEEN 2581057 AND 2591056
	Bitmap Heap Scan on sbtest8  (cost=335.63..35967.29 rows=10458 width=121)
	  Recheck Cond: ((id >= 2581057) AND (id <= 2591056))
	  ->  Bitmap Index Scan on sbtest8_pkey  (cost=0.00..333.01 rows=10458 width=0)
	        Index Cond: ((id >= 2581057) AND (id <= 2591056))

for point_selects
table 1 : explain SELECT c FROM sbtest1 WHERE id=1675232
	Index Scan using sbtest1_pkey on sbtest1  (cost=0.43..8.45 rows=1 width=121)
	  Index Cond: (id = 1675232)

table 2 : explain SELECT c FROM sbtest2 WHERE id=4729765
	Index Scan using sbtest2_pkey on sbtest2  (cost=0.43..8.45 rows=1 width=121)
	  Index Cond: (id = 4729765)

table 3 : explain SELECT c FROM sbtest3 WHERE id=8114854
	Index Scan using sbtest3_pkey on sbtest3  (cost=0.43..8.45 rows=1 width=121)
	  Index Cond: (id = 8114854)

table 4 : explain SELECT c FROM sbtest4 WHERE id=3743581
	Index Scan using sbtest4_pkey on sbtest4  (cost=0.43..8.45 rows=1 width=121)
	  Index Cond: (id = 3743581)

table 5 : explain SELECT c FROM sbtest5 WHERE id=6331600
	Index Scan using sbtest5_pkey on sbtest5  (cost=0.43..8.45 rows=1 width=121)
	  Index Cond: (id = 6331600)

table 6 : explain SELECT c FROM sbtest6 WHERE id=3305928
	Index Scan using sbtest6_pkey on sbtest6  (cost=0.43..8.45 rows=1 width=121)
	  Index Cond: (id = 3305928)

table 7 : explain SELECT c FROM sbtest7 WHERE id=2116017
	Index Scan using sbtest7_pkey on sbtest7  (cost=0.43..8.45 rows=1 width=121)
	  Index Cond: (id = 2116017)

table 8 : explain SELECT c FROM sbtest8 WHERE id=4402771
	Index Scan using sbtest8_pkey on sbtest8  (cost=0.43..8.45 rows=1 width=121)
	  Index Cond: (id = 4402771)

explain: for point_selects :: explain SELECT c FROM sbtest%u WHERE id=%u
for point_selects
table 1 : explain SELECT c FROM sbtest1 WHERE id=1682435
	Index Scan using sbtest1_pkey on sbtest1  (cost=0.43..8.45 rows=1 width=121)
	  Index Cond: (id = 1682435)

table 2 : explain SELECT c FROM sbtest2 WHERE id=7501085
	Index Scan using sbtest2_pkey on sbtest2  (cost=0.43..8.45 rows=1 width=121)
	  Index Cond: (id = 7501085)

table 3 : explain SELECT c FROM sbtest3 WHERE id=5682166
	Index Scan using sbtest3_pkey on sbtest3  (cost=0.43..8.45 rows=1 width=121)
	  Index Cond: (id = 5682166)

table 4 : explain SELECT c FROM sbtest4 WHERE id=7254985
	Index Scan using sbtest4_pkey on sbtest4  (cost=0.43..8.45 rows=1 width=121)
	  Index Cond: (id = 7254985)

table 5 : explain SELECT c FROM sbtest5 WHERE id=5018362
	Index Scan using sbtest5_pkey on sbtest5  (cost=0.43..8.45 rows=1 width=121)
	  Index Cond: (id = 5018362)

table 6 : explain SELECT c FROM sbtest6 WHERE id=2502275
	Index Scan using sbtest6_pkey on sbtest6  (cost=0.43..8.45 rows=1 width=121)
	  Index Cond: (id = 2502275)

table 7 : explain SELECT c FROM sbtest7 WHERE id=2242987
	Index Scan using sbtest7_pkey on sbtest7  (cost=0.43..8.45 rows=1 width=121)
	  Index Cond: (id = 2242987)

table 8 : explain SELECT c FROM sbtest8 WHERE id=9306408
	Index Scan using sbtest8_pkey on sbtest8  (cost=0.43..8.45 rows=1 width=121)
	  Index Cond: (id = 9306408)

explain: for point_selects :: explain SELECT c FROM sbtest%u WHERE id=%u
for: simple_ranges
table 1 : explain SELECT c FROM sbtest1 WHERE id BETWEEN 2766895 AND 2776894
	Bitmap Heap Scan on sbtest1  (cost=291.96..32367.41 rows=9320 width=121)
	  Recheck Cond: ((id >= 2766895) AND (id <= 2776894))
	  ->  Bitmap Index Scan on sbtest1_pkey  (cost=0.00..289.63 rows=9320 width=0)
	        Index Cond: ((id >= 2766895) AND (id <= 2776894))

table 2 : explain SELECT c FROM sbtest2 WHERE id BETWEEN 8579277 AND 8589276
	Bitmap Heap Scan on sbtest2  (cost=319.83..34806.89 rows=10087 width=121)
	  Recheck Cond: ((id >= 8579277) AND (id <= 8589276))
	  ->  Bitmap Index Scan on sbtest2_pkey  (cost=0.00..317.31 rows=10087 width=0)
	        Index Cond: ((id >= 8579277) AND (id <= 8589276))

table 3 : explain SELECT c FROM sbtest3 WHERE id BETWEEN 379025 AND 389024
	Bitmap Heap Scan on sbtest3  (cost=318.06..34284.91 rows=9915 width=121)
	  Recheck Cond: ((id >= 379025) AND (id <= 389024))
	  ->  Bitmap Index Scan on sbtest3_pkey  (cost=0.00..315.58 rows=9915 width=0)
	        Index Cond: ((id >= 379025) AND (id <= 389024))

table 4 : explain SELECT c FROM sbtest4 WHERE id BETWEEN 526448 AND 536447
	Bitmap Heap Scan on sbtest4  (cost=312.59..34069.30 rows=9771 width=121)
	  Recheck Cond: ((id >= 526448) AND (id <= 536447))
	  ->  Bitmap Index Scan on sbtest4_pkey  (cost=0.00..310.15 rows=9771 width=0)
	        Index Cond: ((id >= 526448) AND (id <= 536447))

table 5 : explain SELECT c FROM sbtest5 WHERE id BETWEEN 4804074 AND 4814073
	Bitmap Heap Scan on sbtest5  (cost=329.92..35724.84 rows=10291 width=121)
	  Recheck Cond: ((id >= 4804074) AND (id <= 4814073))
	  ->  Bitmap Index Scan on sbtest5_pkey  (cost=0.00..327.34 rows=10291 width=0)
	        Index Cond: ((id >= 4804074) AND (id <= 4814073))

table 6 : explain SELECT c FROM sbtest6 WHERE id BETWEEN 4348697 AND 4358696
	Bitmap Heap Scan on sbtest6  (cost=325.26..35284.42 rows=10227 width=121)
	  Recheck Cond: ((id >= 4348697) AND (id <= 4358696))
	  ->  Bitmap Index Scan on sbtest6_pkey  (cost=0.00..322.70 rows=10227 width=0)
	        Index Cond: ((id >= 4348697) AND (id <= 4358696))

table 7 : explain SELECT c FROM sbtest7 WHERE id BETWEEN 4944788 AND 4954787
	Bitmap Heap Scan on sbtest7  (cost=346.48..36802.14 rows=10736 width=121)
	  Recheck Cond: ((id >= 4944788) AND (id <= 4954787))
	  ->  Bitmap Index Scan on sbtest7_pkey  (cost=0.00..343.80 rows=10736 width=0)
	        Index Cond: ((id >= 4944788) AND (id <= 4954787))

table 8 : explain SELECT c FROM sbtest8 WHERE id BETWEEN 3998082 AND 4008081
	Bitmap Heap Scan on sbtest8  (cost=335.90..36047.30 rows=10484 width=121)
	  Recheck Cond: ((id >= 3998082) AND (id <= 4008081))
	  ->  Bitmap Index Scan on sbtest8_pkey  (cost=0.00..333.28 rows=10484 width=0)
	        Index Cond: ((id >= 3998082) AND (id <= 4008081))

explain: for point_selects :: explain SELECT c FROM sbtest%u WHERE id=%u
for: sum_ranges
table 1 : explain SELECT SUM(k) FROM sbtest1 WHERE id BETWEEN 5959800 AND 5969799
	Aggregate  (cost=33183.22..33183.23 rows=1 width=8)
	  ->  Bitmap Heap Scan on sbtest1  (cost=302.53..33159.29 rows=9570 width=4)
	        Recheck Cond: ((id >= 5959800) AND (id <= 5969799))
	        ->  Bitmap Index Scan on sbtest1_pkey  (cost=0.00..300.13 rows=9570 width=0)
	              Index Cond: ((id >= 5959800) AND (id <= 5969799))

table 2 : explain SELECT SUM(k) FROM sbtest2 WHERE id BETWEEN 3220947 AND 3230946
	Aggregate  (cost=35637.03..35637.04 rows=1 width=8)
	  ->  Bitmap Heap Scan on sbtest2  (cost=330.45..35611.18 rows=10343 width=4)
	        Recheck Cond: ((id >= 3220947) AND (id <= 3230946))
	        ->  Bitmap Index Scan on sbtest2_pkey  (cost=0.00..327.87 rows=10343 width=0)
	              Index Cond: ((id >= 3220947) AND (id <= 3230946))

table 3 : explain SELECT SUM(k) FROM sbtest3 WHERE id BETWEEN 4126884 AND 4136883
	Aggregate  (cost=37022.26..37022.27 rows=1 width=8)
	  ->  Bitmap Heap Scan on sbtest3  (cost=342.96..36995.30 rows=10783 width=4)
	        Recheck Cond: ((id >= 4126884) AND (id <= 4136883))
	        ->  Bitmap Index Scan on sbtest3_pkey  (cost=0.00..340.26 rows=10783 width=0)
	              Index Cond: ((id >= 4126884) AND (id <= 4136883))

table 4 : explain SELECT SUM(k) FROM sbtest4 WHERE id BETWEEN 1392730 AND 1402729
	Aggregate  (cost=31994.53..31994.54 rows=1 width=8)
	  ->  Bitmap Heap Scan on sbtest4  (cost=293.86..31971.75 rows=9115 width=4)
	        Recheck Cond: ((id >= 1392730) AND (id <= 1402729))
	        ->  Bitmap Index Scan on sbtest4_pkey  (cost=0.00..291.58 rows=9115 width=0)
	              Index Cond: ((id >= 1392730) AND (id <= 1402729))

table 5 : explain SELECT SUM(k) FROM sbtest5 WHERE id BETWEEN 6782284 AND 6792283
	Aggregate  (cost=33713.07..33713.08 rows=1 width=8)
	  ->  Bitmap Heap Scan on sbtest5  (cost=311.35..33688.94 rows=9650 width=4)
	        Recheck Cond: ((id >= 6782284) AND (id <= 6792283))
	        ->  Bitmap Index Scan on sbtest5_pkey  (cost=0.00..308.94 rows=9650 width=0)
	              Index Cond: ((id >= 6782284) AND (id <= 6792283))

table 6 : explain SELECT SUM(k) FROM sbtest6 WHERE id BETWEEN 7081682 AND 7091681
	Aggregate  (cost=35404.05..35404.06 rows=1 width=8)
	  ->  Bitmap Heap Scan on sbtest6  (cost=329.55..35378.41 rows=10255 width=4)
	        Recheck Cond: ((id >= 7081682) AND (id <= 7091681))
	        ->  Bitmap Index Scan on sbtest6_pkey  (cost=0.00..326.99 rows=10255 width=0)
	              Index Cond: ((id >= 7081682) AND (id <= 7091681))

table 7 : explain SELECT SUM(k) FROM sbtest7 WHERE id BETWEEN 4612646 AND 4622645
	Aggregate  (cost=35384.26..35384.27 rows=1 width=8)
	  ->  Bitmap Heap Scan on sbtest7  (cost=329.73..35358.58 rows=10273 width=4)
	        Recheck Cond: ((id >= 4612646) AND (id <= 4622645))
	        ->  Bitmap Index Scan on sbtest7_pkey  (cost=0.00..327.17 rows=10273 width=0)
	              Index Cond: ((id >= 4612646) AND (id <= 4622645))

table 8 : explain SELECT SUM(k) FROM sbtest8 WHERE id BETWEEN 2693599 AND 2703598
	Aggregate  (cost=32788.55..32788.56 rows=1 width=8)
	  ->  Bitmap Heap Scan on sbtest8  (cost=305.17..32764.95 rows=9438 width=4)
	        Recheck Cond: ((id >= 2693599) AND (id <= 2703598))
	        ->  Bitmap Index Scan on sbtest8_pkey  (cost=0.00..302.81 rows=9438 width=0)
	              Index Cond: ((id >= 2693599) AND (id <= 2703598))

explain: for point_selects :: explain SELECT c FROM sbtest%u WHERE id=%u
for: sum_ranges
table 1 : explain SELECT SUM(k) FROM sbtest1 WHERE id BETWEEN 8198851 AND 8208850
	Aggregate  (cost=33849.84..33849.85 rows=1 width=8)
	  ->  Bitmap Heap Scan on sbtest1  (cost=308.69..33825.38 rows=9781 width=4)
	        Recheck Cond: ((id >= 8198851) AND (id <= 8208850))
	        ->  Bitmap Index Scan on sbtest1_pkey  (cost=0.00..306.25 rows=9781 width=0)
	              Index Cond: ((id >= 8198851) AND (id <= 8208850))

table 2 : explain SELECT SUM(k) FROM sbtest2 WHERE id BETWEEN 3109507 AND 3119506
	Aggregate  (cost=34141.65..34141.66 rows=1 width=8)
	  ->  Bitmap Heap Scan on sbtest2  (cost=313.57..34116.98 rows=9867 width=4)
	        Recheck Cond: ((id >= 3109507) AND (id <= 3119506))
	        ->  Bitmap Index Scan on sbtest2_pkey  (cost=0.00..311.11 rows=9867 width=0)
	              Index Cond: ((id >= 3109507) AND (id <= 3119506))

table 3 : explain SELECT SUM(k) FROM sbtest3 WHERE id BETWEEN 856116 AND 866115
	Aggregate  (cost=34813.42..34813.43 rows=1 width=8)
	  ->  Bitmap Heap Scan on sbtest3  (cost=323.70..34788.23 rows=10075 width=4)
	        Recheck Cond: ((id >= 856116) AND (id <= 866115))
	        ->  Bitmap Index Scan on sbtest3_pkey  (cost=0.00..321.19 rows=10075 width=0)
	              Index Cond: ((id >= 856116) AND (id <= 866115))

table 4 : explain SELECT SUM(k) FROM sbtest4 WHERE id BETWEEN 697625 AND 707624
	Aggregate  (cost=35537.98..35537.99 rows=1 width=8)
	  ->  Bitmap Heap Scan on sbtest4  (cost=329.23..35512.42 rows=10224 width=4)
	        Recheck Cond: ((id >= 697625) AND (id <= 707624))
	        ->  Bitmap Index Scan on sbtest4_pkey  (cost=0.00..326.68 rows=10224 width=0)
	              Index Cond: ((id >= 697625) AND (id <= 707624))

table 5 : explain SELECT SUM(k) FROM sbtest5 WHERE id BETWEEN 8106805 AND 8116804
	Aggregate  (cost=31501.29..31501.30 rows=1 width=8)
	  ->  Bitmap Heap Scan on sbtest5  (cost=288.30..31478.89 rows=8962 width=4)
	        Recheck Cond: ((id >= 8106805) AND (id <= 8116804))
	        ->  Bitmap Index Scan on sbtest5_pkey  (cost=0.00..286.06 rows=8962 width=0)
	              Index Cond: ((id >= 8106805) AND (id <= 8116804))

table 6 : explain SELECT SUM(k) FROM sbtest6 WHERE id BETWEEN 8468033 AND 8478032
	Aggregate  (cost=32524.52..32524.53 rows=1 width=8)
	  ->  Bitmap Heap Scan on sbtest6  (cost=300.20..32501.16 rows=9343 width=4)
	        Recheck Cond: ((id >= 8468033) AND (id <= 8478032))
	        ->  Bitmap Index Scan on sbtest6_pkey  (cost=0.00..297.87 rows=9343 width=0)
	              Index Cond: ((id >= 8468033) AND (id <= 8478032))

table 7 : explain SELECT SUM(k) FROM sbtest7 WHERE id BETWEEN 2677035 AND 2687034
	Aggregate  (cost=34802.33..34802.34 rows=1 width=8)
	  ->  Bitmap Heap Scan on sbtest7  (cost=323.83..34777.11 rows=10087 width=4)
	        Recheck Cond: ((id >= 2677035) AND (id <= 2687034))
	        ->  Bitmap Index Scan on sbtest7_pkey  (cost=0.00..321.31 rows=10087 width=0)
	              Index Cond: ((id >= 2677035) AND (id <= 2687034))

table 8 : explain SELECT SUM(k) FROM sbtest8 WHERE id BETWEEN 7795016 AND 7805015
	Aggregate  (cost=39853.11..39853.12 rows=1 width=8)
	  ->  Bitmap Heap Scan on sbtest8  (cost=376.43..39823.84 rows=11707 width=4)
	        Recheck Cond: ((id >= 7795016) AND (id <= 7805015))
	        ->  Bitmap Index Scan on sbtest8_pkey  (cost=0.00..373.50 rows=11707 width=0)
	              Index Cond: ((id >= 7795016) AND (id <= 7805015))

explain: for point_selects :: explain SELECT c FROM sbtest%u WHERE id=%u
for: sum_ranges
table 1 : explain SELECT SUM(k) FROM sbtest1 WHERE id BETWEEN 5626833 AND 5636832
	Aggregate  (cost=33196.16..33196.17 rows=1 width=8)
	  ->  Bitmap Heap Scan on sbtest1  (cost=302.57..33172.23 rows=9574 width=4)
	        Recheck Cond: ((id >= 5626833) AND (id <= 5636832))
	        ->  Bitmap Index Scan on sbtest1_pkey  (cost=0.00..300.18 rows=9574 width=0)
	              Index Cond: ((id >= 5626833) AND (id <= 5636832))

table 2 : explain SELECT SUM(k) FROM sbtest2 WHERE id BETWEEN 5973320 AND 5983319
	Aggregate  (cost=37824.76..37824.77 rows=1 width=8)
	  ->  Bitmap Heap Scan on sbtest2  (cost=349.68..37797.14 rows=11048 width=4)
	        Recheck Cond: ((id >= 5973320) AND (id <= 5983319))
	        ->  Bitmap Index Scan on sbtest2_pkey  (cost=0.00..346.92 rows=11048 width=0)
	              Index Cond: ((id >= 5973320) AND (id <= 5983319))

table 3 : explain SELECT SUM(k) FROM sbtest3 WHERE id BETWEEN 4693325 AND 4703324
	Aggregate  (cost=35228.56..35228.57 rows=1 width=8)
	  ->  Bitmap Heap Scan on sbtest3  (cost=325.07..35203.04 rows=10208 width=4)
	        Recheck Cond: ((id >= 4693325) AND (id <= 4703324))
	        ->  Bitmap Index Scan on sbtest3_pkey  (cost=0.00..322.51 rows=10208 width=0)
	              Index Cond: ((id >= 4693325) AND (id <= 4703324))

table 4 : explain SELECT SUM(k) FROM sbtest4 WHERE id BETWEEN 114470 AND 124469
	Aggregate  (cost=34238.02..34238.03 rows=1 width=8)
	  ->  Bitmap Heap Scan on sbtest4  (cost=317.04..34213.49 rows=9815 width=4)
	        Recheck Cond: ((id >= 114470) AND (id <= 124469))
	        ->  Bitmap Index Scan on sbtest4_pkey  (cost=0.00..314.58 rows=9815 width=0)
	              Index Cond: ((id >= 114470) AND (id <= 124469))

table 5 : explain SELECT SUM(k) FROM sbtest5 WHERE id BETWEEN 2260166 AND 2270165
	Aggregate  (cost=38234.84..38234.85 rows=1 width=8)
	  ->  Bitmap Heap Scan on sbtest5  (cost=357.98..38207.14 rows=11078 width=4)
	        Recheck Cond: ((id >= 2260166) AND (id <= 2270165))
	        ->  Bitmap Index Scan on sbtest5_pkey  (cost=0.00..355.21 rows=11078 width=0)
	              Index Cond: ((id >= 2260166) AND (id <= 2270165))

table 6 : explain SELECT SUM(k) FROM sbtest6 WHERE id BETWEEN 6617135 AND 6627134
	Aggregate  (cost=32501.75..32501.76 rows=1 width=8)
	  ->  Bitmap Heap Scan on sbtest6  (cost=300.13..32478.41 rows=9336 width=4)
	        Recheck Cond: ((id >= 6617135) AND (id <= 6627134))
	        ->  Bitmap Index Scan on sbtest6_pkey  (cost=0.00..297.80 rows=9336 width=0)
	              Index Cond: ((id >= 6617135) AND (id <= 6627134))

table 7 : explain SELECT SUM(k) FROM sbtest7 WHERE id BETWEEN 935864 AND 945863
	Aggregate  (cost=36547.38..36547.39 rows=1 width=8)
	  ->  Bitmap Heap Scan on sbtest7  (cost=341.56..36520.76 rows=10646 width=4)
	        Recheck Cond: ((id >= 935864) AND (id <= 945863))
	        ->  Bitmap Index Scan on sbtest7_pkey  (cost=0.00..338.90 rows=10646 width=0)
	              Index Cond: ((id >= 935864) AND (id <= 945863))

table 8 : explain SELECT SUM(k) FROM sbtest8 WHERE id BETWEEN 7993427 AND 8003426
	Aggregate  (cost=31958.45..31958.46 rows=1 width=8)
	  ->  Bitmap Heap Scan on sbtest8  (cost=294.50..31935.50 rows=9177 width=4)
	        Recheck Cond: ((id >= 7993427) AND (id <= 8003426))
	        ->  Bitmap Index Scan on sbtest8_pkey  (cost=0.00..292.20 rows=9177 width=0)
	              Index Cond: ((id >= 7993427) AND (id <= 8003426))

explain: for point_selects :: explain SELECT c FROM sbtest%u WHERE id=%u
for: sum_ranges
table 1 : explain SELECT SUM(k) FROM sbtest1 WHERE id BETWEEN 8090159 AND 8100158
	Aggregate  (cost=33833.70..33833.71 rows=1 width=8)
	  ->  Bitmap Heap Scan on sbtest1  (cost=308.64..33809.26 rows=9776 width=4)
	        Recheck Cond: ((id >= 8090159) AND (id <= 8100158))
	        ->  Bitmap Index Scan on sbtest1_pkey  (cost=0.00..306.19 rows=9776 width=0)
	              Index Cond: ((id >= 8090159) AND (id <= 8100158))

table 2 : explain SELECT SUM(k) FROM sbtest2 WHERE id BETWEEN 2441539 AND 2451538
	Aggregate  (cost=35630.62..35630.63 rows=1 width=8)
	  ->  Bitmap Heap Scan on sbtest2  (cost=330.43..35604.77 rows=10341 width=4)
	        Recheck Cond: ((id >= 2441539) AND (id <= 2451538))
	        ->  Bitmap Index Scan on sbtest2_pkey  (cost=0.00..327.84 rows=10341 width=0)
	              Index Cond: ((id >= 2441539) AND (id <= 2451538))

table 3 : explain SELECT SUM(k) FROM sbtest3 WHERE id BETWEEN 9528523 AND 9538522
	Aggregate  (cost=35528.23..35528.24 rows=1 width=8)
	  ->  Bitmap Heap Scan on sbtest3  (cost=330.04..35502.47 rows=10303 width=4)
	        Recheck Cond: ((id >= 9528523) AND (id <= 9538522))
	        ->  Bitmap Index Scan on sbtest3_pkey  (cost=0.00..327.46 rows=10303 width=0)
	              Index Cond: ((id >= 9528523) AND (id <= 9538522))

table 4 : explain SELECT SUM(k) FROM sbtest4 WHERE id BETWEEN 1752077 AND 1762076
	Aggregate  (cost=35095.34..35095.35 rows=1 width=8)
	  ->  Bitmap Heap Scan on sbtest4  (cost=323.81..35070.13 rows=10085 width=4)
	        Recheck Cond: ((id >= 1752077) AND (id <= 1762076))
	        ->  Bitmap Index Scan on sbtest4_pkey  (cost=0.00..321.29 rows=10085 width=0)
	              Index Cond: ((id >= 1752077) AND (id <= 1762076))

table 5 : explain SELECT SUM(k) FROM sbtest5 WHERE id BETWEEN 7443977 AND 7453976
	Aggregate  (cost=33706.53..33706.54 rows=1 width=8)
	  ->  Bitmap Heap Scan on sbtest5  (cost=311.33..33682.41 rows=9648 width=4)
	        Recheck Cond: ((id >= 7443977) AND (id <= 7453976))
	        ->  Bitmap Index Scan on sbtest5_pkey  (cost=0.00..308.92 rows=9648 width=0)
	              Index Cond: ((id >= 7443977) AND (id <= 7453976))

table 6 : explain SELECT SUM(k) FROM sbtest6 WHERE id BETWEEN 2129755 AND 2139754
	Aggregate  (cost=37220.80..37220.81 rows=1 width=8)
	  ->  Bitmap Heap Scan on sbtest6  (cost=347.52..37193.70 rows=10838 width=4)
	        Recheck Cond: ((id >= 2129755) AND (id <= 2139754))
	        ->  Bitmap Index Scan on sbtest6_pkey  (cost=0.00..344.81 rows=10838 width=0)
	              Index Cond: ((id >= 2129755) AND (id <= 2139754))

table 7 : explain SELECT SUM(k) FROM sbtest7 WHERE id BETWEEN 7248692 AND 7258691
	Aggregate  (cost=33819.24..33819.25 rows=1 width=8)
	  ->  Bitmap Heap Scan on sbtest7  (cost=316.61..33794.81 rows=9773 width=4)
	        Recheck Cond: ((id >= 7248692) AND (id <= 7258691))
	        ->  Bitmap Index Scan on sbtest7_pkey  (cost=0.00..314.17 rows=9773 width=0)
	              Index Cond: ((id >= 7248692) AND (id <= 7258691))

table 8 : explain SELECT SUM(k) FROM sbtest8 WHERE id BETWEEN 5711877 AND 5721876
	Aggregate  (cost=33870.50..33870.51 rows=1 width=8)
	  ->  Bitmap Heap Scan on sbtest8  (cost=312.70..33846.05 rows=9782 width=4)
	        Recheck Cond: ((id >= 5711877) AND (id <= 5721876))
	        ->  Bitmap Index Scan on sbtest8_pkey  (cost=0.00..310.25 rows=9782 width=0)
	              Index Cond: ((id >= 5711877) AND (id <= 5721876))

for point_selects
table 1 : explain SELECT c FROM sbtest1 WHERE id=6651944
	Index Scan using sbtest1_pkey on sbtest1  (cost=0.43..8.45 rows=1 width=121)
	  Index Cond: (id = 6651944)

table 2 : explain SELECT c FROM sbtest2 WHERE id=3689934
	Index Scan using sbtest2_pkey on sbtest2  (cost=0.43..8.45 rows=1 width=121)
	  Index Cond: (id = 3689934)

table 3 : explain SELECT c FROM sbtest3 WHERE id=6860608
	Index Scan using sbtest3_pkey on sbtest3  (cost=0.43..8.45 rows=1 width=121)
	  Index Cond: (id = 6860608)

table 4 : explain SELECT c FROM sbtest4 WHERE id=569748
	Index Scan using sbtest4_pkey on sbtest4  (cost=0.43..8.45 rows=1 width=121)
	  Index Cond: (id = 569748)

table 5 : explain SELECT c FROM sbtest5 WHERE id=6776707
	Index Scan using sbtest5_pkey on sbtest5  (cost=0.43..8.45 rows=1 width=121)
	  Index Cond: (id = 6776707)

table 6 : explain SELECT c FROM sbtest6 WHERE id=2878252
	Index Scan using sbtest6_pkey on sbtest6  (cost=0.43..8.45 rows=1 width=121)
	  Index Cond: (id = 2878252)

table 7 : explain SELECT c FROM sbtest7 WHERE id=7861372
	Index Scan using sbtest7_pkey on sbtest7  (cost=0.43..8.45 rows=1 width=121)
	  Index Cond: (id = 7861372)

table 8 : explain SELECT c FROM sbtest8 WHERE id=855693
	Index Scan using sbtest8_pkey on sbtest8  (cost=0.43..8.45 rows=1 width=121)
	  Index Cond: (id = 855693)

for: simple_ranges
table 1 : explain SELECT c FROM sbtest1 WHERE id BETWEEN 6423645 AND 6433644
	Bitmap Heap Scan on sbtest1  (cost=326.86..35707.68 rows=10383 width=121)
	  Recheck Cond: ((id >= 6423645) AND (id <= 6433644))
	  ->  Bitmap Index Scan on sbtest1_pkey  (cost=0.00..324.26 rows=10383 width=0)
	        Index Cond: ((id >= 6423645) AND (id <= 6433644))

table 2 : explain SELECT c FROM sbtest2 WHERE id BETWEEN 8974633 AND 8984632
	Bitmap Heap Scan on sbtest2  (cost=306.58..33198.76 rows=9575 width=121)
	  Recheck Cond: ((id >= 8974633) AND (id <= 8984632))
	  ->  Bitmap Index Scan on sbtest2_pkey  (cost=0.00..304.19 rows=9575 width=0)
	        Index Cond: ((id >= 8974633) AND (id <= 8984632))

table 3 : explain SELECT c FROM sbtest3 WHERE id BETWEEN 9502804 AND 9512803
	Bitmap Heap Scan on sbtest3  (cost=341.92..36679.22 rows=10681 width=121)
	  Recheck Cond: ((id >= 9502804) AND (id <= 9512803))
	  ->  Bitmap Index Scan on sbtest3_pkey  (cost=0.00..339.25 rows=10681 width=0)
	        Index Cond: ((id >= 9502804) AND (id <= 9512803))

table 4 : explain SELECT c FROM sbtest4 WHERE id BETWEEN 3049570 AND 3059569
	Bitmap Heap Scan on sbtest4  (cost=318.68..34718.25 rows=9975 width=121)
	  Recheck Cond: ((id >= 3049570) AND (id <= 3059569))
	  ->  Bitmap Index Scan on sbtest4_pkey  (cost=0.00..316.19 rows=9975 width=0)
	        Index Cond: ((id >= 3049570) AND (id <= 3059569))

table 5 : explain SELECT c FROM sbtest5 WHERE id BETWEEN 3157553 AND 3167552
	Bitmap Heap Scan on sbtest5  (cost=323.20..34886.44 rows=10026 width=121)
	  Recheck Cond: ((id >= 3157553) AND (id <= 3167552))
	  ->  Bitmap Index Scan on sbtest5_pkey  (cost=0.00..320.69 rows=10026 width=0)
	        Index Cond: ((id >= 3157553) AND (id <= 3167552))

table 6 : explain SELECT c FROM sbtest6 WHERE id BETWEEN 8441316 AND 8451315
	Bitmap Heap Scan on sbtest6  (cost=300.20..32501.16 rows=9343 width=121)
	  Recheck Cond: ((id >= 8441316) AND (id <= 8451315))
	  ->  Bitmap Index Scan on sbtest6_pkey  (cost=0.00..297.87 rows=9343 width=0)
	        Index Cond: ((id >= 8441316) AND (id <= 8451315))

table 7 : explain SELECT c FROM sbtest7 WHERE id BETWEEN 3746189 AND 3756188
	Bitmap Heap Scan on sbtest7  (cost=282.21..30580.77 rows=8759 width=121)
	  Recheck Cond: ((id >= 3746189) AND (id <= 3756188))
	  ->  Bitmap Index Scan on sbtest7_pkey  (cost=0.00..280.03 rows=8759 width=0)
	        Index Cond: ((id >= 3746189) AND (id <= 3756188))

table 8 : explain SELECT c FROM sbtest8 WHERE id BETWEEN 7394174 AND 7404173
	Bitmap Heap Scan on sbtest8  (cost=341.55..36546.82 rows=10645 width=121)
	  Recheck Cond: ((id >= 7394174) AND (id <= 7404173))
	  ->  Bitmap Index Scan on sbtest8_pkey  (cost=0.00..338.88 rows=10645 width=0)
	        Index Cond: ((id >= 7394174) AND (id <= 7404173))

for point_selects
table 1 : explain SELECT c FROM sbtest1 WHERE id=9961130
	Index Scan using sbtest1_pkey on sbtest1  (cost=0.43..8.45 rows=1 width=121)
	  Index Cond: (id = 9961130)

table 2 : explain SELECT c FROM sbtest2 WHERE id=7668796
	Index Scan using sbtest2_pkey on sbtest2  (cost=0.43..8.45 rows=1 width=121)
	  Index Cond: (id = 7668796)

table 3 : explain SELECT c FROM sbtest3 WHERE id=6506070
	Index Scan using sbtest3_pkey on sbtest3  (cost=0.43..8.45 rows=1 width=121)
	  Index Cond: (id = 6506070)

table 4 : explain SELECT c FROM sbtest4 WHERE id=8446686
	Index Scan using sbtest4_pkey on sbtest4  (cost=0.43..8.45 rows=1 width=121)
	  Index Cond: (id = 8446686)

table 5 : explain SELECT c FROM sbtest5 WHERE id=9556792
	Index Scan using sbtest5_pkey on sbtest5  (cost=0.43..8.45 rows=1 width=121)
	  Index Cond: (id = 9556792)

table 6 : explain SELECT c FROM sbtest6 WHERE id=2510440
	Index Scan using sbtest6_pkey on sbtest6  (cost=0.43..8.45 rows=1 width=121)
	  Index Cond: (id = 2510440)

table 7 : explain SELECT c FROM sbtest7 WHERE id=2418793
	Index Scan using sbtest7_pkey on sbtest7  (cost=0.43..8.45 rows=1 width=121)
	  Index Cond: (id = 2418793)

table 8 : explain SELECT c FROM sbtest8 WHERE id=3527922
	Index Scan using sbtest8_pkey on sbtest8  (cost=0.43..8.45 rows=1 width=121)
	  Index Cond: (id = 3527922)

for: simple_ranges
table 1 : explain SELECT c FROM sbtest1 WHERE id BETWEEN 5987821 AND 5997820
	Bitmap Heap Scan on sbtest1  (cost=302.53..33159.29 rows=9570 width=121)
	  Recheck Cond: ((id >= 5987821) AND (id <= 5997820))
	  ->  Bitmap Index Scan on sbtest1_pkey  (cost=0.00..300.13 rows=9570 width=0)
	        Index Cond: ((id >= 5987821) AND (id <= 5997820))

table 2 : explain SELECT c FROM sbtest2 WHERE id BETWEEN 8916781 AND 8926780
	Bitmap Heap Scan on sbtest2  (cost=306.58..33198.76 rows=9575 width=121)
	  Recheck Cond: ((id >= 8916781) AND (id <= 8926780))
	  ->  Bitmap Index Scan on sbtest2_pkey  (cost=0.00..304.19 rows=9575 width=0)
	        Index Cond: ((id >= 8916781) AND (id <= 8926780))

table 3 : explain SELECT c FROM sbtest3 WHERE id BETWEEN 7284829 AND 7294828
	Bitmap Heap Scan on sbtest3  (cost=294.99..32102.38 rows=9225 width=121)
	  Recheck Cond: ((id >= 7284829) AND (id <= 7294828))
	  ->  Bitmap Index Scan on sbtest3_pkey  (cost=0.00..292.69 rows=9225 width=0)
	        Index Cond: ((id >= 7284829) AND (id <= 7294828))

table 4 : explain SELECT c FROM sbtest4 WHERE id BETWEEN 1632739 AND 1642738
	Bitmap Heap Scan on sbtest4  (cost=336.44..36500.79 rows=10537 width=121)
	  Recheck Cond: ((id >= 1632739) AND (id <= 1642738))
	  ->  Bitmap Index Scan on sbtest4_pkey  (cost=0.00..333.81 rows=10537 width=0)
	        Index Cond: ((id >= 1632739) AND (id <= 1642738))

table 5 : explain SELECT c FROM sbtest5 WHERE id BETWEEN 1463220 AND 1473219
	Bitmap Heap Scan on sbtest5  (cost=316.78..34136.77 rows=9790 width=121)
	  Recheck Cond: ((id >= 1463220) AND (id <= 1473219))
	  ->  Bitmap Index Scan on sbtest5_pkey  (cost=0.00..314.33 rows=9790 width=0)
	        Index Cond: ((id >= 1463220) AND (id <= 1473219))

table 6 : explain SELECT c FROM sbtest6 WHERE id BETWEEN 739628 AND 749627
	Bitmap Heap Scan on sbtest6  (cost=300.99..32741.60 rows=9420 width=121)
	  Recheck Cond: ((id >= 739628) AND (id <= 749627))
	  ->  Bitmap Index Scan on sbtest6_pkey  (cost=0.00..298.63 rows=9420 width=0)
	        Index Cond: ((id >= 739628) AND (id <= 749627))

table 7 : explain SELECT c FROM sbtest7 WHERE id BETWEEN 1645593 AND 1655592
	Bitmap Heap Scan on sbtest7  (cost=322.60..34404.26 rows=9967 width=121)
	  Recheck Cond: ((id >= 1645593) AND (id <= 1655592))
	  ->  Bitmap Index Scan on sbtest7_pkey  (cost=0.00..320.11 rows=9967 width=0)
	        Index Cond: ((id >= 1645593) AND (id <= 1655592))

table 8 : explain SELECT c FROM sbtest8 WHERE id BETWEEN 2680990 AND 2690989
	Bitmap Heap Scan on sbtest8  (cost=305.17..32764.95 rows=9438 width=121)
	  Recheck Cond: ((id >= 2680990) AND (id <= 2690989))
	  ->  Bitmap Index Scan on sbtest8_pkey  (cost=0.00..302.81 rows=9438 width=0)
	        Index Cond: ((id >= 2680990) AND (id <= 2690989))

for: sum_ranges
table 1 : explain SELECT SUM(k) FROM sbtest1 WHERE id BETWEEN 1856736 AND 1866735
	Aggregate  (cost=33374.11..33374.12 rows=1 width=8)
	  ->  Bitmap Heap Scan on sbtest1  (cost=303.15..33350.03 rows=9631 width=4)
	        Recheck Cond: ((id >= 1856736) AND (id <= 1866735))
	        ->  Bitmap Index Scan on sbtest1_pkey  (cost=0.00..300.75 rows=9631 width=0)
	              Index Cond: ((id >= 1856736) AND (id <= 1866735))

table 2 : explain SELECT SUM(k) FROM sbtest2 WHERE id BETWEEN 3137046 AND 3147045
	Aggregate  (cost=34880.37..34880.38 rows=1 width=8)
	  ->  Bitmap Heap Scan on sbtest2  (cost=319.98..34855.11 rows=10102 width=4)
	        Recheck Cond: ((id >= 3137046) AND (id <= 3147045))
	        ->  Bitmap Index Scan on sbtest2_pkey  (cost=0.00..317.45 rows=10102 width=0)
	              Index Cond: ((id >= 3137046) AND (id <= 3147045))

table 3 : explain SELECT SUM(k) FROM sbtest3 WHERE id BETWEEN 1357819 AND 1367818
	Aggregate  (cost=36779.46..36779.47 rows=1 width=8)
	  ->  Bitmap Heap Scan on sbtest3  (cost=342.16..36752.70 rows=10705 width=4)
	        Recheck Cond: ((id >= 1357819) AND (id <= 1367818))
	        ->  Bitmap Index Scan on sbtest3_pkey  (cost=0.00..339.49 rows=10705 width=0)
	              Index Cond: ((id >= 1357819) AND (id <= 1367818))

table 4 : explain SELECT SUM(k) FROM sbtest4 WHERE id BETWEEN 8579254 AND 8589253
	Aggregate  (cost=35557.45..35557.46 rows=1 width=8)
	  ->  Bitmap Heap Scan on sbtest4  (cost=329.29..35531.88 rows=10230 width=4)
	        Recheck Cond: ((id >= 8579254) AND (id <= 8589253))
	        ->  Bitmap Index Scan on sbtest4_pkey  (cost=0.00..326.74 rows=10230 width=0)
	              Index Cond: ((id >= 8579254) AND (id <= 8589253))

table 5 : explain SELECT SUM(k) FROM sbtest5 WHERE id BETWEEN 9216697 AND 9226696
	Aggregate  (cost=35669.44..35669.45 rows=1 width=8)
	  ->  Bitmap Heap Scan on sbtest5  (cost=329.65..35643.78 rows=10265 width=4)
	        Recheck Cond: ((id >= 9216697) AND (id <= 9226696))
	        ->  Bitmap Index Scan on sbtest5_pkey  (cost=0.00..327.08 rows=10265 width=0)
	              Index Cond: ((id >= 9216697) AND (id <= 9226696))

table 6 : explain SELECT SUM(k) FROM sbtest6 WHERE id BETWEEN 6749454 AND 6759453
	Aggregate  (cost=36858.77..36858.78 rows=1 width=8)
	  ->  Bitmap Heap Scan on sbtest6  (cost=342.34..36831.96 rows=10722 width=4)
	        Recheck Cond: ((id >= 6749454) AND (id <= 6759453))
	        ->  Bitmap Index Scan on sbtest6_pkey  (cost=0.00..339.66 rows=10722 width=0)
	              Index Cond: ((id >= 6749454) AND (id <= 6759453))

table 7 : explain SELECT SUM(k) FROM sbtest7 WHERE id BETWEEN 2259186 AND 2269185
	Aggregate  (cost=35133.98..35133.99 rows=1 width=8)
	  ->  Bitmap Heap Scan on sbtest7  (cost=328.90..35108.50 rows=10192 width=4)
	        Recheck Cond: ((id >= 2259186) AND (id <= 2269185))
	        ->  Bitmap Index Scan on sbtest7_pkey  (cost=0.00..326.36 rows=10192 width=0)
	              Index Cond: ((id >= 2259186) AND (id <= 2269185))

table 8 : explain SELECT SUM(k) FROM sbtest8 WHERE id BETWEEN 5821763 AND 5831762
	Aggregate  (cost=34190.85..34190.86 rows=1 width=8)
	  ->  Bitmap Heap Scan on sbtest8  (cost=317.74..34166.14 rows=9883 width=4)
	        Recheck Cond: ((id >= 5821763) AND (id <= 5831762))
	        ->  Bitmap Index Scan on sbtest8_pkey  (cost=0.00..315.26 rows=9883 width=0)
	              Index Cond: ((id >= 5821763) AND (id <= 5831762))

for: order_ranges
table 1 : explain SELECT c FROM sbtest1 WHERE id BETWEEN 3521340 AND 3531339 ORDER BY c
	Sort  (cost=33805.30..33829.24 rows=9574 width=121)
	  Sort Key: c
	  ->  Bitmap Heap Scan on sbtest1  (cost=302.57..33172.23 rows=9574 width=121)
	        Recheck Cond: ((id >= 3521340) AND (id <= 3531339))
	        ->  Bitmap Index Scan on sbtest1_pkey  (cost=0.00..300.18 rows=9574 width=0)
	              Index Cond: ((id >= 3521340) AND (id <= 3531339))

table 2 : explain SELECT c FROM sbtest2 WHERE id BETWEEN 3804405 AND 3814404 ORDER BY c
	Sort  (cost=32911.51..32934.74 rows=9291 width=121)
	  Sort Key: c
	  ->  Bitmap Heap Scan on sbtest2  (cost=295.67..32299.16 rows=9291 width=121)
	        Recheck Cond: ((id >= 3804405) AND (id <= 3814404))
	        ->  Bitmap Index Scan on sbtest2_pkey  (cost=0.00..293.34 rows=9291 width=0)
	              Index Cond: ((id >= 3804405) AND (id <= 3814404))

table 3 : explain SELECT c FROM sbtest3 WHERE id BETWEEN 439065 AND 449064 ORDER BY c
	Sort  (cost=33648.01..33671.79 rows=9513 width=121)
	  Sort Key: c
	  ->  Bitmap Heap Scan on sbtest3  (cost=305.94..33019.41 rows=9513 width=121)
	        Recheck Cond: ((id >= 439065) AND (id <= 449064))
	        ->  Bitmap Index Scan on sbtest3_pkey  (cost=0.00..303.56 rows=9513 width=0)
	              Index Cond: ((id >= 439065) AND (id <= 449064))

table 4 : explain SELECT c FROM sbtest4 WHERE id BETWEEN 404695 AND 414694 ORDER BY c
	Sort  (cost=35813.86..35839.13 rows=10107 width=121)
	  Sort Key: c
	  ->  Bitmap Heap Scan on sbtest4  (cost=324.03..35141.59 rows=10107 width=121)
	        Recheck Cond: ((id >= 404695) AND (id <= 414694))
	        ->  Bitmap Index Scan on sbtest4_pkey  (cost=0.00..321.50 rows=10107 width=0)
	              Index Cond: ((id >= 404695) AND (id <= 414694))

table 5 : explain SELECT c FROM sbtest5 WHERE id BETWEEN 6736272 AND 6746271 ORDER BY c
	Sort  (cost=34327.60..34351.72 rows=9650 width=121)
	  Sort Key: c
	  ->  Bitmap Heap Scan on sbtest5  (cost=311.35..33688.94 rows=9650 width=121)
	        Recheck Cond: ((id >= 6736272) AND (id <= 6746271))
	        ->  Bitmap Index Scan on sbtest5_pkey  (cost=0.00..308.94 rows=9650 width=0)
	              Index Cond: ((id >= 6736272) AND (id <= 6746271))

table 6 : explain SELECT c FROM sbtest6 WHERE id BETWEEN 4343503 AND 4353502 ORDER BY c
	Sort  (cost=36127.43..36153.12 rows=10276 width=121)
	  Sort Key: c
	  ->  Bitmap Heap Scan on sbtest6  (cost=329.76..35442.69 rows=10276 width=121)
	        Recheck Cond: ((id >= 4343503) AND (id <= 4353502))
	        ->  Bitmap Index Scan on sbtest6_pkey  (cost=0.00..327.19 rows=10276 width=0)
	              Index Cond: ((id >= 4343503) AND (id <= 4353502))

table 7 : explain SELECT c FROM sbtest7 WHERE id BETWEEN 2754649 AND 2764648 ORDER BY c
	Sort  (cost=34491.95..34516.42 rows=9788 width=121)
	  Sort Key: c
	  ->  Bitmap Heap Scan on sbtest7  (cost=316.76..33843.16 rows=9788 width=121)
	        Recheck Cond: ((id >= 2754649) AND (id <= 2764648))
	        ->  Bitmap Index Scan on sbtest7_pkey  (cost=0.00..314.31 rows=9788 width=0)
	              Index Cond: ((id >= 2754649) AND (id <= 2764648))

table 8 : explain SELECT c FROM sbtest8 WHERE id BETWEEN 301287 AND 311286 ORDER BY c
	Sort  (cost=34623.87..34648.42 rows=9821 width=121)
	  Sort Key: c
	  ->  Bitmap Heap Scan on sbtest8  (cost=317.10..33972.66 rows=9821 width=121)
	        Recheck Cond: ((id >= 301287) AND (id <= 311286))
	        ->  Bitmap Index Scan on sbtest8_pkey  (cost=0.00..314.65 rows=9821 width=0)
	              Index Cond: ((id >= 301287) AND (id <= 311286))

for point_selects
table 1 : explain SELECT c FROM sbtest1 WHERE id=1185392
	Index Scan using sbtest1_pkey on sbtest1  (cost=0.43..8.45 rows=1 width=121)
	  Index Cond: (id = 1185392)

table 2 : explain SELECT c FROM sbtest2 WHERE id=5543928
	Index Scan using sbtest2_pkey on sbtest2  (cost=0.43..8.45 rows=1 width=121)
	  Index Cond: (id = 5543928)

table 3 : explain SELECT c FROM sbtest3 WHERE id=1577498
	Index Scan using sbtest3_pkey on sbtest3  (cost=0.43..8.45 rows=1 width=121)
	  Index Cond: (id = 1577498)

table 4 : explain SELECT c FROM sbtest4 WHERE id=6181023
	Index Scan using sbtest4_pkey on sbtest4  (cost=0.43..8.45 rows=1 width=121)
	  Index Cond: (id = 6181023)

table 5 : explain SELECT c FROM sbtest5 WHERE id=2722723
	Index Scan using sbtest5_pkey on sbtest5  (cost=0.43..8.45 rows=1 width=121)
	  Index Cond: (id = 2722723)

table 6 : explain SELECT c FROM sbtest6 WHERE id=3128483
	Index Scan using sbtest6_pkey on sbtest6  (cost=0.43..8.45 rows=1 width=121)
	  Index Cond: (id = 3128483)

table 7 : explain SELECT c FROM sbtest7 WHERE id=9395577
	Index Scan using sbtest7_pkey on sbtest7  (cost=0.43..8.45 rows=1 width=121)
	  Index Cond: (id = 9395577)

table 8 : explain SELECT c FROM sbtest8 WHERE id=1647079
	Index Scan using sbtest8_pkey on sbtest8  (cost=0.43..8.45 rows=1 width=121)
	  Index Cond: (id = 1647079)

for: sum_ranges
table 1 : explain SELECT SUM(k) FROM sbtest1 WHERE id BETWEEN 1584634 AND 1594633
	Aggregate  (cost=33325.58..33325.59 rows=1 width=8)
	  ->  Bitmap Heap Scan on sbtest1  (cost=302.99..33301.54 rows=9615 width=4)
	        Recheck Cond: ((id >= 1584634) AND (id <= 1594633))
	        ->  Bitmap Index Scan on sbtest1_pkey  (cost=0.00..300.58 rows=9615 width=0)
	              Index Cond: ((id >= 1584634) AND (id <= 1594633))

table 2 : explain SELECT SUM(k) FROM sbtest2 WHERE id BETWEEN 4818219 AND 4828218
	Aggregate  (cost=33530.20..33530.21 rows=1 width=8)
	  ->  Bitmap Heap Scan on sbtest2  (cost=307.58..33506.02 rows=9673 width=4)
	        Recheck Cond: ((id >= 4818219) AND (id <= 4828218))
	        ->  Bitmap Index Scan on sbtest2_pkey  (cost=0.00..305.17 rows=9673 width=0)
	              Index Cond: ((id >= 4818219) AND (id <= 4828218))

table 3 : explain SELECT SUM(k) FROM sbtest3 WHERE id BETWEEN 2837068 AND 2847067
	Aggregate  (cost=36087.29..36087.30 rows=1 width=8)
	  ->  Bitmap Heap Scan on sbtest3  (cost=335.88..36061.08 rows=10482 width=4)
	        Recheck Cond: ((id >= 2837068) AND (id <= 2847067))
	        ->  Bitmap Index Scan on sbtest3_pkey  (cost=0.00..333.25 rows=10482 width=0)
	              Index Cond: ((id >= 2837068) AND (id <= 2847067))

table 4 : explain SELECT SUM(k) FROM sbtest4 WHERE id BETWEEN 666773 AND 676772
	Aggregate  (cost=36579.67..36579.68 rows=1 width=8)
	  ->  Bitmap Heap Scan on sbtest4  (cost=340.60..36553.29 rows=10553 width=4)
	        Recheck Cond: ((id >= 666773) AND (id <= 676772))
	        ->  Bitmap Index Scan on sbtest4_pkey  (cost=0.00..337.96 rows=10553 width=0)
	              Index Cond: ((id >= 666773) AND (id <= 676772))

table 5 : explain SELECT SUM(k) FROM sbtest5 WHERE id BETWEEN 9494048 AND 9504047
	Aggregate  (cost=35298.50..35298.51 rows=1 width=8)
	  ->  Bitmap Heap Scan on sbtest5  (cost=324.46..35273.12 rows=10149 width=4)
	        Recheck Cond: ((id >= 9494048) AND (id <= 9504047))
	        ->  Bitmap Index Scan on sbtest5_pkey  (cost=0.00..321.93 rows=10149 width=0)
	              Index Cond: ((id >= 9494048) AND (id <= 9504047))

table 6 : explain SELECT SUM(k) FROM sbtest6 WHERE id BETWEEN 7978623 AND 7988622
	Aggregate  (cost=35915.02..35915.03 rows=1 width=8)
	  ->  Bitmap Heap Scan on sbtest6  (cost=331.24..35888.97 rows=10420 width=4)
	        Recheck Cond: ((id >= 7978623) AND (id <= 7988622))
	        ->  Bitmap Index Scan on sbtest6_pkey  (cost=0.00..328.63 rows=10420 width=0)
	              Index Cond: ((id >= 7978623) AND (id <= 7988622))

table 7 : explain SELECT SUM(k) FROM sbtest7 WHERE id BETWEEN 2644674 AND 2654673
	Aggregate  (cost=34802.33..34802.34 rows=1 width=8)
	  ->  Bitmap Heap Scan on sbtest7  (cost=323.83..34777.11 rows=10087 width=4)
	        Recheck Cond: ((id >= 2644674) AND (id <= 2654673))
	        ->  Bitmap Index Scan on sbtest7_pkey  (cost=0.00..321.31 rows=10087 width=0)
	              Index Cond: ((id >= 2644674) AND (id <= 2654673))

table 8 : explain SELECT SUM(k) FROM sbtest8 WHERE id BETWEEN 8826531 AND 8836530
	Aggregate  (cost=32940.96..32940.97 rows=1 width=8)
	  ->  Bitmap Heap Scan on sbtest8  (cost=305.67..32917.24 rows=9486 width=4)
	        Recheck Cond: ((id >= 8826531) AND (id <= 8836530))
	        ->  Bitmap Index Scan on sbtest8_pkey  (cost=0.00..303.30 rows=9486 width=0)
	              Index Cond: ((id >= 8826531) AND (id <= 8836530))

for: order_ranges
table 1 : explain SELECT c FROM sbtest1 WHERE id BETWEEN 4162470 AND 4172469 ORDER BY c
	Sort  (cost=35186.52..35211.52 rows=10003 width=121)
	  Sort Key: c
	  ->  Bitmap Heap Scan on sbtest1  (cost=314.97..34521.91 rows=10003 width=121)
	        Recheck Cond: ((id >= 4162470) AND (id <= 4172469))
	        ->  Bitmap Index Scan on sbtest1_pkey  (cost=0.00..312.46 rows=10003 width=0)
	              Index Cond: ((id >= 4162470) AND (id <= 4172469))

table 2 : explain SELECT c FROM sbtest2 WHERE id BETWEEN 5968699 AND 5978698 ORDER BY c
	Sort  (cost=38790.46..38818.28 rows=11127 width=121)
	  Sort Key: c
	  ->  Bitmap Heap Scan on sbtest2  (cost=354.49..38042.63 rows=11127 width=121)
	        Recheck Cond: ((id >= 5968699) AND (id <= 5978698))
	        ->  Bitmap Index Scan on sbtest2_pkey  (cost=0.00..351.70 rows=11127 width=0)
	              Index Cond: ((id >= 5968699) AND (id <= 5978698))

table 3 : explain SELECT c FROM sbtest3 WHERE id BETWEEN 39439 AND 49438 ORDER BY c
	Sort  (cost=37675.13..37702.06 rows=10770 width=121)
	  Sort Key: c
	  ->  Bitmap Heap Scan on sbtest3  (cost=342.83..36953.83 rows=10770 width=121)
	        Recheck Cond: ((id >= 39439) AND (id <= 49438))
	        ->  Bitmap Index Scan on sbtest3_pkey  (cost=0.00..340.13 rows=10770 width=0)
	              Index Cond: ((id >= 39439) AND (id <= 49438))

table 4 : explain SELECT c FROM sbtest4 WHERE id BETWEEN 8129738 AND 8139737 ORDER BY c
	Sort  (cost=35564.45..35589.53 rows=10030 width=121)
	  Sort Key: c
	  ->  Bitmap Heap Scan on sbtest4  (cost=323.24..34897.86 rows=10030 width=121)
	        Recheck Cond: ((id >= 8129738) AND (id <= 8139737))
	        ->  Bitmap Index Scan on sbtest4_pkey  (cost=0.00..320.74 rows=10030 width=0)
	              Index Cond: ((id >= 8129738) AND (id <= 8139737))

table 5 : explain SELECT c FROM sbtest5 WHERE id BETWEEN 5820119 AND 5830118 ORDER BY c
	Sort  (cost=33248.29..33271.59 rows=9321 width=121)
	  Sort Key: c
	  ->  Bitmap Heap Scan on sbtest5  (cost=299.98..32633.74 rows=9321 width=121)
	        Recheck Cond: ((id >= 5820119) AND (id <= 5830118))
	        ->  Bitmap Index Scan on sbtest5_pkey  (cost=0.00..297.65 rows=9321 width=0)
	              Index Cond: ((id >= 5820119) AND (id <= 5830118))

table 6 : explain SELECT c FROM sbtest6 WHERE id BETWEEN 5640166 AND 5650165 ORDER BY c
	Sort  (cost=35048.18..35073.03 rows=9940 width=121)
	  Sort Key: c
	  ->  Bitmap Heap Scan on sbtest6  (cost=318.32..34388.21 rows=9940 width=121)
	        Recheck Cond: ((id >= 5640166) AND (id <= 5650165))
	        ->  Bitmap Index Scan on sbtest6_pkey  (cost=0.00..315.83 rows=9940 width=0)
	              Index Cond: ((id >= 5640166) AND (id <= 5650165))

table 7 : explain SELECT c FROM sbtest7 WHERE id BETWEEN 5778440 AND 5788439 ORDER BY c
	Sort  (cost=34161.10..34185.32 rows=9686 width=121)
	  Sort Key: c
	  ->  Bitmap Heap Scan on sbtest7  (cost=311.72..33519.81 rows=9686 width=121)
	        Recheck Cond: ((id >= 5778440) AND (id <= 5788439))
	        ->  Bitmap Index Scan on sbtest7_pkey  (cost=0.00..309.30 rows=9686 width=0)
	              Index Cond: ((id >= 5778440) AND (id <= 5788439))

table 8 : explain SELECT c FROM sbtest8 WHERE id BETWEEN 8149118 AND 8159117 ORDER BY c
	Sort  (cost=36297.53..36323.39 rows=10344 width=121)
	  Sort Key: c
	  ->  Bitmap Heap Scan on sbtest8  (cost=330.46..35607.77 rows=10344 width=121)
	        Recheck Cond: ((id >= 8149118) AND (id <= 8159117))
	        ->  Bitmap Index Scan on sbtest8_pkey  (cost=0.00..327.88 rows=10344 width=0)
	              Index Cond: ((id >= 8149118) AND (id <= 8159117))

for: distinct_ranges
table 1 : explain SELECT DISTINCT c FROM sbtest1 WHERE id BETWEEN 1572305 AND 1582304 ORDER BY c
	Unique  (cost=33937.63..33985.70 rows=9615 width=121)
	  ->  Sort  (cost=33937.63..33961.66 rows=9615 width=121)
	        Sort Key: c
	        ->  Bitmap Heap Scan on sbtest1  (cost=302.99..33301.54 rows=9615 width=121)
	              Recheck Cond: ((id >= 1572305) AND (id <= 1582304))
	              ->  Bitmap Index Scan on sbtest1_pkey  (cost=0.00..300.58 rows=9615 width=0)
	                    Index Cond: ((id >= 1572305) AND (id <= 1582304))

table 2 : explain SELECT DISTINCT c FROM sbtest2 WHERE id BETWEEN 1995145 AND 2005144 ORDER BY c
	Unique  (cost=34530.56..34579.52 rows=9792 width=121)
	  ->  Sort  (cost=34530.56..34555.04 rows=9792 width=121)
	        Sort Key: c
	        ->  Bitmap Heap Scan on sbtest2  (cost=312.80..33881.48 rows=9792 width=121)
	              Recheck Cond: ((id >= 1995145) AND (id <= 2005144))
	              ->  Bitmap Index Scan on sbtest2_pkey  (cost=0.00..310.36 rows=9792 width=0)
	                    Index Cond: ((id >= 1995145) AND (id <= 2005144))

table 3 : explain SELECT DISTINCT c FROM sbtest3 WHERE id BETWEEN 9245735 AND 9255734 ORDER BY c
	Unique  (cost=32446.82..32492.54 rows=9143 width=121)
	  ->  Sort  (cost=32446.82..32469.68 rows=9143 width=121)
	        Sort Key: c
	        ->  Bitmap Heap Scan on sbtest3  (cost=294.15..31845.28 rows=9143 width=121)
	              Recheck Cond: ((id >= 9245735) AND (id <= 9255734))
	              ->  Bitmap Index Scan on sbtest3_pkey  (cost=0.00..291.87 rows=9143 width=0)
	                    Index Cond: ((id >= 9245735) AND (id <= 9255734))

table 4 : explain SELECT DISTINCT c FROM sbtest4 WHERE id BETWEEN 1724749 AND 1734748 ORDER BY c
	Unique  (cost=35740.78..35791.21 rows=10085 width=121)
	  ->  Sort  (cost=35740.78..35765.99 rows=10085 width=121)
	        Sort Key: c
	        ->  Bitmap Heap Scan on sbtest4  (cost=323.81..35070.13 rows=10085 width=121)
	              Recheck Cond: ((id >= 1724749) AND (id <= 1734748))
	              ->  Bitmap Index Scan on sbtest4_pkey  (cost=0.00..321.29 rows=10085 width=0)
	                    Index Cond: ((id >= 1724749) AND (id <= 1734748))

table 5 : explain SELECT DISTINCT c FROM sbtest5 WHERE id BETWEEN 5180116 AND 5190115 ORDER BY c
	Unique  (cost=32111.07..32155.95 rows=8976 width=121)
	  ->  Sort  (cost=32111.07..32133.51 rows=8976 width=121)
	        Sort Key: c
	        ->  Bitmap Heap Scan on sbtest5  (cost=288.44..31521.71 rows=8976 width=121)
	              Recheck Cond: ((id >= 5180116) AND (id <= 5190115))
	              ->  Bitmap Index Scan on sbtest5_pkey  (cost=0.00..286.19 rows=8976 width=0)
	                    Index Cond: ((id >= 5180116) AND (id <= 5190115))

table 6 : explain SELECT DISTINCT c FROM sbtest6 WHERE id BETWEEN 4927768 AND 4937767 ORDER BY c
	Unique  (cost=30241.91..30284.24 rows=8465 width=121)
	  ->  Sort  (cost=30241.91..30263.08 rows=8465 width=121)
	        Sort Key: c
	        ->  Bitmap Heap Scan on sbtest6  (cost=271.20..29689.69 rows=8465 width=121)
	              Recheck Cond: ((id >= 4927768) AND (id <= 4937767))
	              ->  Bitmap Index Scan on sbtest6_pkey  (cost=0.00..269.08 rows=8465 width=0)
	                    Index Cond: ((id >= 4927768) AND (id <= 4937767))

table 7 : explain SELECT DISTINCT c FROM sbtest7 WHERE id BETWEEN 9539240 AND 9549239 ORDER BY c
	Unique  (cost=35306.43..35356.64 rows=10042 width=121)
	  ->  Sort  (cost=35306.43..35331.54 rows=10042 width=121)
	        Sort Key: c
	        ->  Bitmap Heap Scan on sbtest7  (cost=323.37..34638.95 rows=10042 width=121)
	              Recheck Cond: ((id >= 9539240) AND (id <= 9549239))
	              ->  Bitmap Index Scan on sbtest7_pkey  (cost=0.00..320.86 rows=10042 width=0)
	                    Index Cond: ((id >= 9539240) AND (id <= 9549239))

table 8 : explain SELECT DISTINCT c FROM sbtest8 WHERE id BETWEEN 8489024 AND 8499023 ORDER BY c
	Unique  (cost=36557.32..36609.44 rows=10424 width=121)
	  ->  Sort  (cost=36557.32..36583.38 rows=10424 width=121)
	        Sort Key: c
	        ->  Bitmap Heap Scan on sbtest8  (cost=335.28..35861.64 rows=10424 width=121)
	              Recheck Cond: ((id >= 8489024) AND (id <= 8499023))
	              ->  Bitmap Index Scan on sbtest8_pkey  (cost=0.00..332.68 rows=10424 width=0)
	                    Index Cond: ((id >= 8489024) AND (id <= 8499023))

for: sum_ranges
table 1 : explain SELECT SUM(k) FROM sbtest1 WHERE id BETWEEN 9638071 AND 9648070
	Aggregate  (cost=38316.22..38316.23 rows=1 width=8)
	  ->  Bitmap Heap Scan on sbtest1  (cost=351.41..38288.18 rows=11217 width=4)
	        Recheck Cond: ((id >= 9638071) AND (id <= 9648070))
	        ->  Bitmap Index Scan on sbtest1_pkey  (cost=0.00..348.61 rows=11217 width=0)
	              Index Cond: ((id >= 9638071) AND (id <= 9648070))

table 2 : explain SELECT SUM(k) FROM sbtest2 WHERE id BETWEEN 1850780 AND 1860779
	Aggregate  (cost=34555.16..34555.17 rows=1 width=8)
	  ->  Bitmap Heap Scan on sbtest2  (cost=318.91..34530.17 rows=9998 width=4)
	        Recheck Cond: ((id >= 1850780) AND (id <= 1860779))
	        ->  Bitmap Index Scan on sbtest2_pkey  (cost=0.00..316.42 rows=9998 width=0)
	              Index Cond: ((id >= 1850780) AND (id <= 1860779))

table 3 : explain SELECT SUM(k) FROM sbtest3 WHERE id BETWEEN 3754318 AND 3764317
	Aggregate  (cost=36087.29..36087.30 rows=1 width=8)
	  ->  Bitmap Heap Scan on sbtest3  (cost=335.88..36061.08 rows=10482 width=4)
	        Recheck Cond: ((id >= 3754318) AND (id <= 3764317))
	        ->  Bitmap Index Scan on sbtest3_pkey  (cost=0.00..333.25 rows=10482 width=0)
	              Index Cond: ((id >= 3754318) AND (id <= 3764317))

table 4 : explain SELECT SUM(k) FROM sbtest4 WHERE id BETWEEN 1443191 AND 1453190
	Aggregate  (cost=33517.93..33517.94 rows=1 width=8)
	  ->  Bitmap Heap Scan on sbtest4  (cost=306.73..33493.95 rows=9590 width=4)
	        Recheck Cond: ((id >= 1443191) AND (id <= 1453190))
	        ->  Bitmap Index Scan on sbtest4_pkey  (cost=0.00..304.33 rows=9590 width=0)
	              Index Cond: ((id >= 1443191) AND (id <= 1453190))

table 5 : explain SELECT SUM(k) FROM sbtest5 WHERE id BETWEEN 6423617 AND 6433616
	Aggregate  (cost=36279.63..36279.64 rows=1 width=8)
	  ->  Bitmap Heap Scan on sbtest5  (cost=335.63..36253.49 rows=10458 width=4)
	        Recheck Cond: ((id >= 6423617) AND (id <= 6433616))
	        ->  Bitmap Index Scan on sbtest5_pkey  (cost=0.00..333.01 rows=10458 width=0)
	              Index Cond: ((id >= 6423617) AND (id <= 6433616))

table 6 : explain SELECT SUM(k) FROM sbtest6 WHERE id BETWEEN 1048542 AND 1058541
	Aggregate  (cost=30707.09..30707.10 rows=1 width=8)
	  ->  Bitmap Heap Scan on sbtest6  (cost=282.37..30685.15 rows=8774 width=4)
	        Recheck Cond: ((id >= 1048542) AND (id <= 1058541))
	        ->  Bitmap Index Scan on sbtest6_pkey  (cost=0.00..280.18 rows=8774 width=0)
	              Index Cond: ((id >= 1048542) AND (id <= 1058541))

table 7 : explain SELECT SUM(k) FROM sbtest7 WHERE id BETWEEN 6474168 AND 6484167
	Aggregate  (cost=32896.31..32896.32 rows=1 width=8)
	  ->  Bitmap Heap Scan on sbtest7  (cost=305.61..32872.61 rows=9480 width=4)
	        Recheck Cond: ((id >= 6474168) AND (id <= 6484167))
	        ->  Bitmap Index Scan on sbtest7_pkey  (cost=0.00..303.24 rows=9480 width=0)
	              Index Cond: ((id >= 6474168) AND (id <= 6484167))

table 8 : explain SELECT SUM(k) FROM sbtest8 WHERE id BETWEEN 8351765 AND 8361764
	Aggregate  (cost=34826.36..34826.37 rows=1 width=8)
	  ->  Bitmap Heap Scan on sbtest8  (cost=323.81..34801.15 rows=10085 width=4)
	        Recheck Cond: ((id >= 8351765) AND (id <= 8361764))
	        ->  Bitmap Index Scan on sbtest8_pkey  (cost=0.00..321.29 rows=10085 width=0)
	              Index Cond: ((id >= 8351765) AND (id <= 8361764))

for point_selects
table 1 : explain SELECT c FROM sbtest1 WHERE id=4835236
	Index Scan using sbtest1_pkey on sbtest1  (cost=0.43..8.45 rows=1 width=121)
	  Index Cond: (id = 4835236)

table 2 : explain SELECT c FROM sbtest2 WHERE id=1061737
	Index Scan using sbtest2_pkey on sbtest2  (cost=0.43..8.45 rows=1 width=121)
	  Index Cond: (id = 1061737)

table 3 : explain SELECT c FROM sbtest3 WHERE id=6086954
	Index Scan using sbtest3_pkey on sbtest3  (cost=0.43..8.45 rows=1 width=121)
	  Index Cond: (id = 6086954)

table 4 : explain SELECT c FROM sbtest4 WHERE id=8868694
	Index Scan using sbtest4_pkey on sbtest4  (cost=0.43..8.45 rows=1 width=121)
	  Index Cond: (id = 8868694)

table 5 : explain SELECT c FROM sbtest5 WHERE id=6647388
	Index Scan using sbtest5_pkey on sbtest5  (cost=0.43..8.45 rows=1 width=121)
	  Index Cond: (id = 6647388)

table 6 : explain SELECT c FROM sbtest6 WHERE id=9451455
	Index Scan using sbtest6_pkey on sbtest6  (cost=0.43..8.45 rows=1 width=121)
	  Index Cond: (id = 9451455)

table 7 : explain SELECT c FROM sbtest7 WHERE id=9349575
	Index Scan using sbtest7_pkey on sbtest7  (cost=0.43..8.45 rows=1 width=121)
	  Index Cond: (id = 9349575)

table 8 : explain SELECT c FROM sbtest8 WHERE id=3761898
	Index Scan using sbtest8_pkey on sbtest8  (cost=0.43..8.45 rows=1 width=121)
	  Index Cond: (id = 3761898)

for point_selects
table 1 : explain SELECT c FROM sbtest1 WHERE id=3484703
	Index Scan using sbtest1_pkey on sbtest1  (cost=0.43..8.45 rows=1 width=121)
	  Index Cond: (id = 3484703)

table 2 : explain SELECT c FROM sbtest2 WHERE id=7795024
	Index Scan using sbtest2_pkey on sbtest2  (cost=0.43..8.45 rows=1 width=121)
	  Index Cond: (id = 7795024)

table 3 : explain SELECT c FROM sbtest3 WHERE id=7226025
	Index Scan using sbtest3_pkey on sbtest3  (cost=0.43..8.45 rows=1 width=121)
	  Index Cond: (id = 7226025)

table 4 : explain SELECT c FROM sbtest4 WHERE id=678790
	Index Scan using sbtest4_pkey on sbtest4  (cost=0.43..8.45 rows=1 width=121)
	  Index Cond: (id = 678790)

table 5 : explain SELECT c FROM sbtest5 WHERE id=5292220
	Index Scan using sbtest5_pkey on sbtest5  (cost=0.43..8.45 rows=1 width=121)
	  Index Cond: (id = 5292220)

table 6 : explain SELECT c FROM sbtest6 WHERE id=8419224
	Index Scan using sbtest6_pkey on sbtest6  (cost=0.43..8.45 rows=1 width=121)
	  Index Cond: (id = 8419224)

table 7 : explain SELECT c FROM sbtest7 WHERE id=7636609
	Index Scan using sbtest7_pkey on sbtest7  (cost=0.43..8.45 rows=1 width=121)
	  Index Cond: (id = 7636609)

table 8 : explain SELECT c FROM sbtest8 WHERE id=7411369
	Index Scan using sbtest8_pkey on sbtest8  (cost=0.43..8.45 rows=1 width=121)
	  Index Cond: (id = 7411369)

for: sum_ranges
table 1 : explain SELECT SUM(k) FROM sbtest1 WHERE id BETWEEN 9740889 AND 9750888
	Aggregate  (cost=32505.08..32505.09 rows=1 width=8)
	  ->  Bitmap Heap Scan on sbtest1  (cost=296.32..32481.69 rows=9355 width=4)
	        Recheck Cond: ((id >= 9740889) AND (id <= 9750888))
	        ->  Bitmap Index Scan on sbtest1_pkey  (cost=0.00..293.99 rows=9355 width=0)
	              Index Cond: ((id >= 9740889) AND (id <= 9750888))

table 2 : explain SELECT SUM(k) FROM sbtest2 WHERE id BETWEEN 679370 AND 689369
	Aggregate  (cost=36509.07..36509.08 rows=1 width=8)
	  ->  Bitmap Heap Scan on sbtest2  (cost=337.33..36482.51 rows=10624 width=4)
	        Recheck Cond: ((id >= 679370) AND (id <= 689369))
	        ->  Bitmap Index Scan on sbtest2_pkey  (cost=0.00..334.68 rows=10624 width=0)
	              Index Cond: ((id >= 679370) AND (id <= 689369))

table 3 : explain SELECT SUM(k) FROM sbtest3 WHERE id BETWEEN 2874352 AND 2884351
	Aggregate  (cost=36087.29..36087.30 rows=1 width=8)
	  ->  Bitmap Heap Scan on sbtest3  (cost=335.88..36061.08 rows=10482 width=4)
	        Recheck Cond: ((id >= 2874352) AND (id <= 2884351))
	        ->  Bitmap Index Scan on sbtest3_pkey  (cost=0.00..333.25 rows=10482 width=0)
	              Index Cond: ((id >= 2874352) AND (id <= 2884351))

table 4 : explain SELECT SUM(k) FROM sbtest4 WHERE id BETWEEN 6856303 AND 6866302
	Aggregate  (cost=32429.11..32429.12 rows=1 width=8)
	  ->  Bitmap Heap Scan on sbtest4  (cost=299.25..32405.99 rows=9250 width=4)
	        Recheck Cond: ((id >= 6856303) AND (id <= 6866302))
	        ->  Bitmap Index Scan on sbtest4_pkey  (cost=0.00..296.94 rows=9250 width=0)
	              Index Cond: ((id >= 6856303) AND (id <= 6866302))

table 5 : explain SELECT SUM(k) FROM sbtest5 WHERE id BETWEEN 396179 AND 406178
	Aggregate  (cost=36198.67..36198.68 rows=1 width=8)
	  ->  Bitmap Heap Scan on sbtest5  (cost=335.36..36172.59 rows=10432 width=4)
	        Recheck Cond: ((id >= 396179) AND (id <= 406178))
	        ->  Bitmap Index Scan on sbtest5_pkey  (cost=0.00..332.75 rows=10432 width=0)
	              Index Cond: ((id >= 396179) AND (id <= 406178))

table 6 : explain SELECT SUM(k) FROM sbtest6 WHERE id BETWEEN 7213214 AND 7223213
	Aggregate  (cost=32817.13..32817.14 rows=1 width=8)
	  ->  Bitmap Heap Scan on sbtest6  (cost=301.15..32793.54 rows=9436 width=4)
	        Recheck Cond: ((id >= 7213214) AND (id <= 7223213))
	        ->  Bitmap Index Scan on sbtest6_pkey  (cost=0.00..298.80 rows=9436 width=0)
	              Index Cond: ((id >= 7213214) AND (id <= 7223213))

table 7 : explain SELECT SUM(k) FROM sbtest7 WHERE id BETWEEN 2148569 AND 2158568
	Aggregate  (cost=32633.84..32633.85 rows=1 width=8)
	  ->  Bitmap Heap Scan on sbtest7  (cost=304.75..32610.35 rows=9397 width=4)
	        Recheck Cond: ((id >= 2148569) AND (id <= 2158568))
	        ->  Bitmap Index Scan on sbtest7_pkey  (cost=0.00..302.41 rows=9397 width=0)
	              Index Cond: ((id >= 2148569) AND (id <= 2158568))

table 8 : explain SELECT SUM(k) FROM sbtest8 WHERE id BETWEEN 6856063 AND 6866062
	Aggregate  (cost=35524.51..35524.52 rows=1 width=8)
	  ->  Bitmap Heap Scan on sbtest8  (cost=330.09..35498.74 rows=10308 width=4)
	        Recheck Cond: ((id >= 6856063) AND (id <= 6866062))
	        ->  Bitmap Index Scan on sbtest8_pkey  (cost=0.00..327.51 rows=10308 width=0)
	              Index Cond: ((id >= 6856063) AND (id <= 6866062))

for: simple_ranges
table 1 : explain SELECT c FROM sbtest1 WHERE id BETWEEN 2396056 AND 2406055
	Bitmap Heap Scan on sbtest1  (cost=339.16..37009.09 rows=10802 width=121)
	  Recheck Cond: ((id >= 2396056) AND (id <= 2406055))
	  ->  Bitmap Index Scan on sbtest1_pkey  (cost=0.00..336.45 rows=10802 width=0)
	        Index Cond: ((id >= 2396056) AND (id <= 2406055))

table 2 : explain SELECT c FROM sbtest2 WHERE id BETWEEN 2937729 AND 2947728
	Bitmap Heap Scan on sbtest2  (cost=313.51..34097.63 rows=9861 width=121)
	  Recheck Cond: ((id >= 2937729) AND (id <= 2947728))
	  ->  Bitmap Index Scan on sbtest2_pkey  (cost=0.00..311.05 rows=9861 width=0)
	        Index Cond: ((id >= 2937729) AND (id <= 2947728))

table 3 : explain SELECT c FROM sbtest3 WHERE id BETWEEN 9712721 AND 9722720
	Bitmap Heap Scan on sbtest3  (cost=311.71..33560.81 rows=9685 width=121)
	  Recheck Cond: ((id >= 9712721) AND (id <= 9722720))
	  ->  Bitmap Index Scan on sbtest3_pkey  (cost=0.00..309.29 rows=9685 width=0)
	        Index Cond: ((id >= 9712721) AND (id <= 9722720))

table 4 : explain SELECT c FROM sbtest4 WHERE id BETWEEN 8503033 AND 8513032
	Bitmap Heap Scan on sbtest4  (cost=317.23..34275.40 rows=9834 width=121)
	  Recheck Cond: ((id >= 8503033) AND (id <= 8513032))
	  ->  Bitmap Index Scan on sbtest4_pkey  (cost=0.00..314.78 rows=9834 width=0)
	        Index Cond: ((id >= 8503033) AND (id <= 8513032))

table 5 : explain SELECT c FROM sbtest5 WHERE id BETWEEN 5602485 AND 5612484
	Bitmap Heap Scan on sbtest5  (cost=288.98..31692.87 rows=9029 width=121)
	  Recheck Cond: ((id >= 5602485) AND (id <= 5612484))
	  ->  Bitmap Index Scan on sbtest5_pkey  (cost=0.00..286.73 rows=9029 width=0)
	        Index Cond: ((id >= 5602485) AND (id <= 5612484))

table 6 : explain SELECT c FROM sbtest6 WHERE id BETWEEN 8831647 AND 8841646
	Bitmap Heap Scan on sbtest6  (cost=306.04..33066.88 rows=9522 width=121)
	  Recheck Cond: ((id >= 8831647) AND (id <= 8841646))
	  ->  Bitmap Index Scan on sbtest6_pkey  (cost=0.00..303.66 rows=9522 width=0)
	        Index Cond: ((id >= 8831647) AND (id <= 8841646))

table 7 : explain SELECT c FROM sbtest7 WHERE id BETWEEN 1701841 AND 1711840
	Bitmap Heap Scan on sbtest7  (cost=341.67..36552.68 rows=10657 width=121)
	  Recheck Cond: ((id >= 1701841) AND (id <= 1711840))
	  ->  Bitmap Index Scan on sbtest7_pkey  (cost=0.00..339.00 rows=10657 width=0)
	        Index Cond: ((id >= 1701841) AND (id <= 1711840))

table 8 : explain SELECT c FROM sbtest8 WHERE id BETWEEN 5015353 AND 5025352
	Bitmap Heap Scan on sbtest8  (cost=334.79..35711.11 rows=10376 width=121)
	  Recheck Cond: ((id >= 5015353) AND (id <= 5025352))
	  ->  Bitmap Index Scan on sbtest8_pkey  (cost=0.00..332.19 rows=10376 width=0)
	        Index Cond: ((id >= 5015353) AND (id <= 5025352))

explain: for point_selects :: explain SELECT c FROM sbtest%u WHERE id=%u
for: distinct_ranges
table 1 : explain SELECT DISTINCT c FROM sbtest1 WHERE id BETWEEN 9157125 AND 9167124 ORDER BY c
	Unique  (cost=37651.18..37705.06 rows=10776 width=121)
	  ->  Sort  (cost=37651.18..37678.12 rows=10776 width=121)
	        Sort Key: c
	        ->  Bitmap Heap Scan on sbtest1  (cost=338.89..36929.43 rows=10776 width=121)
	              Recheck Cond: ((id >= 9157125) AND (id <= 9167124))
	              ->  Bitmap Index Scan on sbtest1_pkey  (cost=0.00..336.19 rows=10776 width=0)
	                    Index Cond: ((id >= 9157125) AND (id <= 9167124))

table 2 : explain SELECT DISTINCT c FROM sbtest2 WHERE id BETWEEN 7923585 AND 7933584 ORDER BY c
	Unique  (cost=33711.97..33759.66 rows=9539 width=121)
	  ->  Sort  (cost=33711.97..33735.82 rows=9539 width=121)
	        Sort Key: c
	        ->  Bitmap Heap Scan on sbtest2  (cost=302.21..33081.46 rows=9539 width=121)
	              Recheck Cond: ((id >= 7923585) AND (id <= 7933584))
	              ->  Bitmap Index Scan on sbtest2_pkey  (cost=0.00..299.82 rows=9539 width=0)
	                    Index Cond: ((id >= 7923585) AND (id <= 7933584))

table 3 : explain SELECT DISTINCT c FROM sbtest3 WHERE id BETWEEN 7153518 AND 7163517 ORDER BY c
	Unique  (cost=35309.09..35359.24 rows=10029 width=121)
	  ->  Sort  (cost=35309.09..35334.17 rows=10029 width=121)
	        Sort Key: c
	        ->  Bitmap Heap Scan on sbtest3  (cost=319.23..34642.57 rows=10029 width=121)
	              Recheck Cond: ((id >= 7153518) AND (id <= 7163517))
	              ->  Bitmap Index Scan on sbtest3_pkey  (cost=0.00..316.73 rows=10029 width=0)
	                    Index Cond: ((id >= 7153518) AND (id <= 7163517))

table 4 : explain SELECT DISTINCT c FROM sbtest4 WHERE id BETWEEN 3677741 AND 3687740 ORDER BY c
	Unique  (cost=35514.59..35564.66 rows=10015 width=121)
	  ->  Sort  (cost=35514.59..35539.62 rows=10015 width=121)
	        Sort Key: c
	        ->  Bitmap Heap Scan on sbtest4  (cost=323.09..34849.10 rows=10015 width=121)
	              Recheck Cond: ((id >= 3677741) AND (id <= 3687740))
	              ->  Bitmap Index Scan on sbtest4_pkey  (cost=0.00..320.58 rows=10015 width=0)
	                    Index Cond: ((id >= 3677741) AND (id <= 3687740))

table 5 : explain SELECT DISTINCT c FROM sbtest5 WHERE id BETWEEN 8730035 AND 8740034 ORDER BY c
	Unique  (cost=36397.43..36448.86 rows=10287 width=121)
	  ->  Sort  (cost=36397.43..36423.15 rows=10287 width=121)
	        Sort Key: c
	        ->  Bitmap Heap Scan on sbtest5  (cost=329.88..35711.88 rows=10287 width=121)
	              Recheck Cond: ((id >= 8730035) AND (id <= 8740034))
	              ->  Bitmap Index Scan on sbtest5_pkey  (cost=0.00..327.31 rows=10287 width=0)
	                    Index Cond: ((id >= 8730035) AND (id <= 8740034))

table 6 : explain SELECT DISTINCT c FROM sbtest6 WHERE id BETWEEN 1968774 AND 1978773 ORDER BY c
	Unique  (cost=37336.91..37390.18 rows=10655 width=121)
	  ->  Sort  (cost=37336.91..37363.55 rows=10655 width=121)
	        Sort Key: c
	        ->  Bitmap Heap Scan on sbtest6  (cost=341.65..36624.13 rows=10655 width=121)
	              Recheck Cond: ((id >= 1968774) AND (id <= 1978773))
	              ->  Bitmap Index Scan on sbtest6_pkey  (cost=0.00..338.99 rows=10655 width=0)
	                    Index Cond: ((id >= 1968774) AND (id <= 1978773))

table 7 : explain SELECT DISTINCT c FROM sbtest7 WHERE id BETWEEN 3636898 AND 3646897 ORDER BY c
	Unique  (cost=37027.02..37079.92 rows=10581 width=121)
	  ->  Sort  (cost=37027.02..37053.47 rows=10581 width=121)
	        Sort Key: c
	        ->  Bitmap Heap Scan on sbtest7  (cost=340.89..36319.72 rows=10581 width=121)
	              Recheck Cond: ((id >= 3636898) AND (id <= 3646897))
	              ->  Bitmap Index Scan on sbtest7_pkey  (cost=0.00..338.25 rows=10581 width=0)
	                    Index Cond: ((id >= 3636898) AND (id <= 3646897))

table 8 : explain SELECT DISTINCT c FROM sbtest8 WHERE id BETWEEN 1672316 AND 1682315 ORDER BY c
	Unique  (cost=34765.77..34815.10 rows=9865 width=121)
	  ->  Sort  (cost=34765.77..34790.44 rows=9865 width=121)
	        Sort Key: c
	        ->  Bitmap Heap Scan on sbtest8  (cost=317.55..34111.33 rows=9865 width=121)
	              Recheck Cond: ((id >= 1672316) AND (id <= 1682315))
	              ->  Bitmap Index Scan on sbtest8_pkey  (cost=0.00..315.08 rows=9865 width=0)
	                    Index Cond: ((id >= 1672316) AND (id <= 1682315))

for: order_ranges
table 1 : explain SELECT c FROM sbtest1 WHERE id BETWEEN 9526030 AND 9536029 ORDER BY c
	Sort  (cost=31110.96..31132.82 rows=8745 width=121)
	  Sort Key: c
	  ->  Bitmap Heap Scan on sbtest1  (cost=274.07..30538.41 rows=8745 width=121)
	        Recheck Cond: ((id >= 9526030) AND (id <= 9536029))
	        ->  Bitmap Index Scan on sbtest1_pkey  (cost=0.00..271.88 rows=8745 width=0)
	              Index Cond: ((id >= 9526030) AND (id <= 9536029))

table 2 : explain SELECT c FROM sbtest2 WHERE id BETWEEN 7546096 AND 7556095 ORDER BY c
	Sort  (cost=34321.67..34345.99 rows=9728 width=121)
	  Sort Key: c
	  ->  Bitmap Heap Scan on sbtest2  (cost=308.15..33677.29 rows=9728 width=121)
	        Recheck Cond: ((id >= 7546096) AND (id <= 7556095))
	        ->  Bitmap Index Scan on sbtest2_pkey  (cost=0.00..305.71 rows=9728 width=0)
	              Index Cond: ((id >= 7546096) AND (id <= 7556095))

table 3 : explain SELECT c FROM sbtest3 WHERE id BETWEEN 9668341 AND 9678340 ORDER BY c
	Sort  (cost=35784.07..35809.51 rows=10177 width=121)
	  Sort Key: c
	  ->  Bitmap Heap Scan on sbtest3  (cost=324.75..35106.63 rows=10177 width=121)
	        Recheck Cond: ((id >= 9668341) AND (id <= 9678340))
	        ->  Bitmap Index Scan on sbtest3_pkey  (cost=0.00..322.20 rows=10177 width=0)
	              Index Cond: ((id >= 9668341) AND (id <= 9678340))

table 4 : explain SELECT c FROM sbtest4 WHERE id BETWEEN 5071659 AND 5081658 ORDER BY c
	Sort  (cost=34766.84..34791.30 rows=9786 width=121)
	  Sort Key: c
	  ->  Bitmap Heap Scan on sbtest4  (cost=312.74..34118.20 rows=9786 width=121)
	        Recheck Cond: ((id >= 5071659) AND (id <= 5081658))
	        ->  Bitmap Index Scan on sbtest4_pkey  (cost=0.00..310.30 rows=9786 width=0)
	              Index Cond: ((id >= 5071659) AND (id <= 5081658))

table 5 : explain SELECT c FROM sbtest5 WHERE id BETWEEN 7921767 AND 7931766 ORDER BY c
	Sort  (cost=33979.20..34003.06 rows=9544 width=121)
	  Sort Key: c
	  ->  Bitmap Heap Scan on sbtest5  (cost=306.26..33348.32 rows=9544 width=121)
	        Recheck Cond: ((id >= 7921767) AND (id <= 7931766))
	        ->  Bitmap Index Scan on sbtest5_pkey  (cost=0.00..303.88 rows=9544 width=0)
	              Index Cond: ((id >= 7921767) AND (id <= 7931766))

table 6 : explain SELECT c FROM sbtest6 WHERE id BETWEEN 9477902 AND 9487901 ORDER BY c
	Sort  (cost=36087.99..36113.65 rows=10264 width=121)
	  Sort Key: c
	  ->  Bitmap Heap Scan on sbtest6  (cost=329.64..35404.14 rows=10264 width=121)
	        Recheck Cond: ((id >= 9477902) AND (id <= 9487901))
	        ->  Bitmap Index Scan on sbtest6_pkey  (cost=0.00..327.07 rows=10264 width=0)
	              Index Cond: ((id >= 9477902) AND (id <= 9487901))

table 7 : explain SELECT c FROM sbtest7 WHERE id BETWEEN 5935097 AND 5945096 ORDER BY c
	Sort  (cost=34366.55..34390.93 rows=9749 width=121)
	  Sort Key: c
	  ->  Bitmap Heap Scan on sbtest7  (cost=316.36..33720.63 rows=9749 width=121)
	        Recheck Cond: ((id >= 5935097) AND (id <= 5945096))
	        ->  Bitmap Index Scan on sbtest7_pkey  (cost=0.00..313.93 rows=9749 width=0)
	              Index Cond: ((id >= 5935097) AND (id <= 5945096))

table 8 : explain SELECT c FROM sbtest8 WHERE id BETWEEN 4278256 AND 4288255 ORDER BY c
	Sort  (cost=34322.53..34346.85 rows=9728 width=121)
	  Sort Key: c
	  ->  Bitmap Heap Scan on sbtest8  (cost=312.15..33678.15 rows=9728 width=121)
	        Recheck Cond: ((id >= 4278256) AND (id <= 4288255))
	        ->  Bitmap Index Scan on sbtest8_pkey  (cost=0.00..309.71 rows=9728 width=0)
	              Index Cond: ((id >= 4278256) AND (id <= 4288255))

for point_selects
table 1 : explain SELECT c FROM sbtest1 WHERE id=573728
	Index Scan using sbtest1_pkey on sbtest1  (cost=0.43..8.45 rows=1 width=121)
	  Index Cond: (id = 573728)

table 2 : explain SELECT c FROM sbtest2 WHERE id=1936
	Index Scan using sbtest2_pkey on sbtest2  (cost=0.43..8.45 rows=1 width=121)
	  Index Cond: (id = 1936)

table 3 : explain SELECT c FROM sbtest3 WHERE id=5609965
	Index Scan using sbtest3_pkey on sbtest3  (cost=0.43..8.45 rows=1 width=121)
	  Index Cond: (id = 5609965)

table 4 : explain SELECT c FROM sbtest4 WHERE id=4712519
	Index Scan using sbtest4_pkey on sbtest4  (cost=0.43..8.45 rows=1 width=121)
	  Index Cond: (id = 4712519)

table 5 : explain SELECT c FROM sbtest5 WHERE id=3316810
	Index Scan using sbtest5_pkey on sbtest5  (cost=0.43..8.45 rows=1 width=121)
	  Index Cond: (id = 3316810)

table 6 : explain SELECT c FROM sbtest6 WHERE id=4364231
	Index Scan using sbtest6_pkey on sbtest6  (cost=0.43..8.45 rows=1 width=121)
	  Index Cond: (id = 4364231)

table 7 : explain SELECT c FROM sbtest7 WHERE id=3791074
	Index Scan using sbtest7_pkey on sbtest7  (cost=0.43..8.45 rows=1 width=121)
	  Index Cond: (id = 3791074)

table 8 : explain SELECT c FROM sbtest8 WHERE id=5146357
	Index Scan using sbtest8_pkey on sbtest8  (cost=0.43..8.45 rows=1 width=121)
	  Index Cond: (id = 5146357)

for: simple_ranges
table 1 : explain SELECT c FROM sbtest1 WHERE id BETWEEN 3045514 AND 3055513
	Bitmap Heap Scan on sbtest1  (cost=290.99..32068.75 rows=9225 width=121)
	  Recheck Cond: ((id >= 3045514) AND (id <= 3055513))
	  ->  Bitmap Index Scan on sbtest1_pkey  (cost=0.00..288.69 rows=9225 width=0)
	        Index Cond: ((id >= 3045514) AND (id <= 3055513))

table 2 : explain SELECT c FROM sbtest2 WHERE id BETWEEN 5288741 AND 5298740
	Bitmap Heap Scan on sbtest2  (cost=331.48..35918.77 rows=10443 width=121)
	  Recheck Cond: ((id >= 5288741) AND (id <= 5298740))
	  ->  Bitmap Index Scan on sbtest2_pkey  (cost=0.00..328.87 rows=10443 width=0)
	        Index Cond: ((id >= 5288741) AND (id <= 5298740))

table 3 : explain SELECT c FROM sbtest3 WHERE id BETWEEN 1970025 AND 1980024
	Bitmap Heap Scan on sbtest3  (cost=312.92..33932.40 rows=9803 width=121)
	  Recheck Cond: ((id >= 1970025) AND (id <= 1980024))
	  ->  Bitmap Index Scan on sbtest3_pkey  (cost=0.00..310.46 rows=9803 width=0)
	        Index Cond: ((id >= 1970025) AND (id <= 1980024))

table 4 : explain SELECT c FROM sbtest4 WHERE id BETWEEN 9059139 AND 9069138
	Bitmap Heap Scan on sbtest4  (cost=334.88..36022.01 rows=10385 width=121)
	  Recheck Cond: ((id >= 9059139) AND (id <= 9069138))
	  ->  Bitmap Index Scan on sbtest4_pkey  (cost=0.00..332.29 rows=10385 width=0)
	        Index Cond: ((id >= 9059139) AND (id <= 9069138))

table 5 : explain SELECT c FROM sbtest5 WHERE id BETWEEN 5660501 AND 5670500
	Bitmap Heap Scan on sbtest5  (cost=288.98..31692.87 rows=9029 width=121)
	  Recheck Cond: ((id >= 5660501) AND (id <= 5670500))
	  ->  Bitmap Index Scan on sbtest5_pkey  (cost=0.00..286.73 rows=9029 width=0)
	        Index Cond: ((id >= 5660501) AND (id <= 5670500))

table 6 : explain SELECT c FROM sbtest6 WHERE id BETWEEN 7346694 AND 7356693
	Bitmap Heap Scan on sbtest6  (cost=324.91..35181.49 rows=10193 width=121)
	  Recheck Cond: ((id >= 7346694) AND (id <= 7356693))
	  ->  Bitmap Index Scan on sbtest6_pkey  (cost=0.00..322.37 rows=10193 width=0)
	        Index Cond: ((id >= 7346694) AND (id <= 7356693))

table 7 : explain SELECT c FROM sbtest7 WHERE id BETWEEN 640680 AND 650679
	Bitmap Heap Scan on sbtest7  (cost=328.13..34874.24 rows=10117 width=121)
	  Recheck Cond: ((id >= 640680) AND (id <= 650679))
	  ->  Bitmap Index Scan on sbtest7_pkey  (cost=0.00..325.61 rows=10117 width=0)
	        Index Cond: ((id >= 640680) AND (id <= 650679))

table 8 : explain SELECT c FROM sbtest8 WHERE id BETWEEN 4966205 AND 4976204
	Bitmap Heap Scan on sbtest8  (cost=334.79..35711.11 rows=10376 width=121)
	  Recheck Cond: ((id >= 4966205) AND (id <= 4976204))
	  ->  Bitmap Index Scan on sbtest8_pkey  (cost=0.00..332.19 rows=10376 width=0)
	        Index Cond: ((id >= 4966205) AND (id <= 4976204))

explain: for point_selects :: explain SELECT c FROM sbtest%u WHERE id=%u
for: simple_ranges
table 1 : explain SELECT c FROM sbtest1 WHERE id BETWEEN 6432757 AND 6442756
	Bitmap Heap Scan on sbtest1  (cost=326.86..35707.68 rows=10383 width=121)
	  Recheck Cond: ((id >= 6432757) AND (id <= 6442756))
	  ->  Bitmap Index Scan on sbtest1_pkey  (cost=0.00..324.26 rows=10383 width=0)
	        Index Cond: ((id >= 6432757) AND (id <= 6442756))

table 2 : explain SELECT c FROM sbtest2 WHERE id BETWEEN 1948519 AND 1958518
	Bitmap Heap Scan on sbtest2  (cost=313.26..34023.45 rows=9837 width=121)
	  Recheck Cond: ((id >= 1948519) AND (id <= 1958518))
	  ->  Bitmap Index Scan on sbtest2_pkey  (cost=0.00..310.81 rows=9837 width=0)
	        Index Cond: ((id >= 1948519) AND (id <= 1958518))

table 3 : explain SELECT c FROM sbtest3 WHERE id BETWEEN 5357007 AND 5367006
	Bitmap Heap Scan on sbtest3  (cost=318.00..34265.57 rows=9909 width=121)
	  Recheck Cond: ((id >= 5357007) AND (id <= 5367006))
	  ->  Bitmap Index Scan on sbtest3_pkey  (cost=0.00..315.53 rows=9909 width=0)
	        Index Cond: ((id >= 5357007) AND (id <= 5367006))

table 4 : explain SELECT c FROM sbtest4 WHERE id BETWEEN 5615652 AND 5625651
	Bitmap Heap Scan on sbtest4  (cost=329.49..35590.27 rows=10249 width=121)
	  Recheck Cond: ((id >= 5615652) AND (id <= 5625651))
	  ->  Bitmap Index Scan on sbtest4_pkey  (cost=0.00..326.93 rows=10249 width=0)
	        Index Cond: ((id >= 5615652) AND (id <= 5625651))

table 5 : explain SELECT c FROM sbtest5 WHERE id BETWEEN 8709773 AND 8719772
	Bitmap Heap Scan on sbtest5  (cost=329.88..35711.88 rows=10287 width=121)
	  Recheck Cond: ((id >= 8709773) AND (id <= 8719772))
	  ->  Bitmap Index Scan on sbtest5_pkey  (cost=0.00..327.31 rows=10287 width=0)
	        Index Cond: ((id >= 8709773) AND (id <= 8719772))

table 6 : explain SELECT c FROM sbtest6 WHERE id BETWEEN 7954755 AND 7964754
	Bitmap Heap Scan on sbtest6  (cost=331.24..35888.97 rows=10420 width=121)
	  Recheck Cond: ((id >= 7954755) AND (id <= 7964754))
	  ->  Bitmap Index Scan on sbtest6_pkey  (cost=0.00..328.63 rows=10420 width=0)
	        Index Cond: ((id >= 7954755) AND (id <= 7964754))

table 7 : explain SELECT c FROM sbtest7 WHERE id BETWEEN 6150326 AND 6160325
	Bitmap Heap Scan on sbtest7  (cost=306.05..33005.28 rows=9523 width=121)
	  Recheck Cond: ((id >= 6150326) AND (id <= 6160325))
	  ->  Bitmap Index Scan on sbtest7_pkey  (cost=0.00..303.67 rows=9523 width=0)
	        Index Cond: ((id >= 6150326) AND (id <= 6160325))

table 8 : explain SELECT c FROM sbtest8 WHERE id BETWEEN 1863128 AND 1873127
	Bitmap Heap Scan on sbtest8  (cost=317.10..33972.66 rows=9821 width=121)
	  Recheck Cond: ((id >= 1863128) AND (id <= 1873127))
	  ->  Bitmap Index Scan on sbtest8_pkey  (cost=0.00..314.65 rows=9821 width=0)
	        Index Cond: ((id >= 1863128) AND (id <= 1873127))

for: order_ranges
table 1 : explain SELECT c FROM sbtest1 WHERE id BETWEEN 1360383 AND 1370382 ORDER BY c
	Sort  (cost=39019.91..39047.93 rows=11209 width=121)
	  Sort Key: c
	  ->  Bitmap Heap Scan on sbtest1  (cost=351.33..38265.97 rows=11209 width=121)
	        Recheck Cond: ((id >= 1360383) AND (id <= 1370382))
	        ->  Bitmap Index Scan on sbtest1_pkey  (cost=0.00..348.53 rows=11209 width=0)
	              Index Cond: ((id >= 1360383) AND (id <= 1370382))

table 2 : explain SELECT c FROM sbtest2 WHERE id BETWEEN 7700354 AND 7710353 ORDER BY c
	Sort  (cost=34010.72..34034.80 rows=9631 width=121)
	  Sort Key: c
	  ->  Bitmap Heap Scan on sbtest2  (cost=307.15..33373.47 rows=9631 width=121)
	        Recheck Cond: ((id >= 7700354) AND (id <= 7710353))
	        ->  Bitmap Index Scan on sbtest2_pkey  (cost=0.00..304.75 rows=9631 width=0)
	              Index Cond: ((id >= 7700354) AND (id <= 7710353))

table 3 : explain SELECT c FROM sbtest3 WHERE id BETWEEN 1737780 AND 1747779 ORDER BY c
	Sort  (cost=36008.42..36034.03 rows=10246 width=121)
	  Sort Key: c
	  ->  Bitmap Heap Scan on sbtest3  (cost=329.46..35325.89 rows=10246 width=121)
	        Recheck Cond: ((id >= 1737780) AND (id <= 1747779))
	        ->  Bitmap Index Scan on sbtest3_pkey  (cost=0.00..326.90 rows=10246 width=0)
	              Index Cond: ((id >= 1737780) AND (id <= 1747779))

table 4 : explain SELECT c FROM sbtest4 WHERE id BETWEEN 5086600 AND 5096599 ORDER BY c
	Sort  (cost=34766.84..34791.30 rows=9786 width=121)
	  Sort Key: c
	  ->  Bitmap Heap Scan on sbtest4  (cost=312.74..34118.20 rows=9786 width=121)
	        Recheck Cond: ((id >= 5086600) AND (id <= 5096599))
	        ->  Bitmap Index Scan on sbtest4_pkey  (cost=0.00..310.30 rows=9786 width=0)
	              Index Cond: ((id >= 5086600) AND (id <= 5096599))

table 5 : explain SELECT c FROM sbtest5 WHERE id BETWEEN 5016384 AND 5026383 ORDER BY c
	Sort  (cost=37428.83..37455.34 rows=10605 width=121)
	  Sort Key: c
	  ->  Bitmap Heap Scan on sbtest5  (cost=341.14..36719.76 rows=10605 width=121)
	        Recheck Cond: ((id >= 5016384) AND (id <= 5026383))
	        ->  Bitmap Index Scan on sbtest5_pkey  (cost=0.00..338.49 rows=10605 width=0)
	              Index Cond: ((id >= 5016384) AND (id <= 5026383))

table 6 : explain SELECT c FROM sbtest6 WHERE id BETWEEN 7238010 AND 7248009 ORDER BY c
	Sort  (cost=33416.50..33440.09 rows=9436 width=121)
	  Sort Key: c
	  ->  Bitmap Heap Scan on sbtest6  (cost=301.15..32793.54 rows=9436 width=121)
	        Recheck Cond: ((id >= 7238010) AND (id <= 7248009))
	        ->  Bitmap Index Scan on sbtest6_pkey  (cost=0.00..298.80 rows=9436 width=0)
	              Index Cond: ((id >= 7238010) AND (id <= 7248009))

table 7 : explain SELECT c FROM sbtest7 WHERE id BETWEEN 6297098 AND 6307097 ORDER BY c
	Sort  (cost=35368.96..35394.12 rows=10062 width=121)
	  Sort Key: c
	  ->  Bitmap Heap Scan on sbtest7  (cost=323.57..34700.01 rows=10062 width=121)
	        Recheck Cond: ((id >= 6297098) AND (id <= 6307097))
	        ->  Bitmap Index Scan on sbtest7_pkey  (cost=0.00..321.06 rows=10062 width=0)
	              Index Cond: ((id >= 6297098) AND (id <= 6307097))

table 8 : explain SELECT c FROM sbtest8 WHERE id BETWEEN 7751386 AND 7761385 ORDER BY c
	Sort  (cost=40614.95..40644.22 rows=11707 width=121)
	  Sort Key: c
	  ->  Bitmap Heap Scan on sbtest8  (cost=376.43..39823.84 rows=11707 width=121)
	        Recheck Cond: ((id >= 7751386) AND (id <= 7761385))
	        ->  Bitmap Index Scan on sbtest8_pkey  (cost=0.00..373.50 rows=11707 width=0)
	              Index Cond: ((id >= 7751386) AND (id <= 7761385))

for: simple_ranges
table 1 : explain SELECT c FROM sbtest1 WHERE id BETWEEN 3580549 AND 3590548
	Bitmap Heap Scan on sbtest1  (cost=297.08..32715.06 rows=9429 width=121)
	  Recheck Cond: ((id >= 3580549) AND (id <= 3590548))
	  ->  Bitmap Index Scan on sbtest1_pkey  (cost=0.00..294.73 rows=9429 width=0)
	        Index Cond: ((id >= 3580549) AND (id <= 3590548))

table 2 : explain SELECT c FROM sbtest2 WHERE id BETWEEN 2271363 AND 2281362
	Bitmap Heap Scan on sbtest2  (cost=354.23..37966.39 rows=11102 width=121)
	  Recheck Cond: ((id >= 2271363) AND (id <= 2281362))
	  ->  Bitmap Index Scan on sbtest2_pkey  (cost=0.00..351.45 rows=11102 width=0)
	        Index Cond: ((id >= 2271363) AND (id <= 2281362))

table 3 : explain SELECT c FROM sbtest3 WHERE id BETWEEN 9842428 AND 9852427
	Bitmap Heap Scan on sbtest3  (cost=335.72..36013.06 rows=10467 width=121)
	  Recheck Cond: ((id >= 9842428) AND (id <= 9852427))
	  ->  Bitmap Index Scan on sbtest3_pkey  (cost=0.00..333.11 rows=10467 width=0)
	        Index Cond: ((id >= 9842428) AND (id <= 9852427))

table 4 : explain SELECT c FROM sbtest4 WHERE id BETWEEN 8628426 AND 8638425
	Bitmap Heap Scan on sbtest4  (cost=312.11..33922.48 rows=9724 width=121)
	  Recheck Cond: ((id >= 8628426) AND (id <= 8638425))
	  ->  Bitmap Index Scan on sbtest4_pkey  (cost=0.00..309.68 rows=9724 width=0)
	        Index Cond: ((id >= 8628426) AND (id <= 8638425))

table 5 : explain SELECT c FROM sbtest5 WHERE id BETWEEN 2790101 AND 2800100
	Bitmap Heap Scan on sbtest5  (cost=299.24..32404.11 rows=9249 width=121)
	  Recheck Cond: ((id >= 2790101) AND (id <= 2800100))
	  ->  Bitmap Index Scan on sbtest5_pkey  (cost=0.00..296.93 rows=9249 width=0)
	        Index Cond: ((id >= 2790101) AND (id <= 2800100))

table 6 : explain SELECT c FROM sbtest6 WHERE id BETWEEN 8095388 AND 8105387
	Bitmap Heap Scan on sbtest6  (cost=335.58..35995.60 rows=10453 width=121)
	  Recheck Cond: ((id >= 8095388) AND (id <= 8105387))
	  ->  Bitmap Index Scan on sbtest6_pkey  (cost=0.00..332.96 rows=10453 width=0)
	        Index Cond: ((id >= 8095388) AND (id <= 8105387))

table 7 : explain SELECT c FROM sbtest7 WHERE id BETWEEN 1465001 AND 1475000
	Bitmap Heap Scan on sbtest7  (cost=329.14..35179.06 rows=10215 width=121)
	  Recheck Cond: ((id >= 1465001) AND (id <= 1475000))
	  ->  Bitmap Index Scan on sbtest7_pkey  (cost=0.00..326.58 rows=10215 width=0)
	        Index Cond: ((id >= 1465001) AND (id <= 1475000))

table 8 : explain SELECT c FROM sbtest8 WHERE id BETWEEN 7779940 AND 7789939
	Bitmap Heap Scan on sbtest8  (cost=376.43..39823.84 rows=11707 width=121)
	  Recheck Cond: ((id >= 7779940) AND (id <= 7789939))
	  ->  Bitmap Index Scan on sbtest8_pkey  (cost=0.00..373.50 rows=11707 width=0)
	        Index Cond: ((id >= 7779940) AND (id <= 7789939))

explain: for point_selects :: explain SELECT c FROM sbtest%u WHERE id=%u
explain: for point_selects :: explain SELECT c FROM sbtest%u WHERE id=%u
for: simple_ranges
table 1 : explain SELECT c FROM sbtest1 WHERE id BETWEEN 1594841 AND 1604840
	Bitmap Heap Scan on sbtest1  (cost=302.99..33301.54 rows=9615 width=121)
	  Recheck Cond: ((id >= 1594841) AND (id <= 1604840))
	  ->  Bitmap Index Scan on sbtest1_pkey  (cost=0.00..300.58 rows=9615 width=0)
	        Index Cond: ((id >= 1594841) AND (id <= 1604840))

table 2 : explain SELECT c FROM sbtest2 WHERE id BETWEEN 5119501 AND 5129500
	Bitmap Heap Scan on sbtest2  (cost=330.32..35569.51 rows=10330 width=121)
	  Recheck Cond: ((id >= 5119501) AND (id <= 5129500))
	  ->  Bitmap Index Scan on sbtest2_pkey  (cost=0.00..327.74 rows=10330 width=0)
	        Index Cond: ((id >= 5119501) AND (id <= 5129500))

table 3 : explain SELECT c FROM sbtest3 WHERE id BETWEEN 6705596 AND 6715595
	Bitmap Heap Scan on sbtest3  (cost=330.98..35787.94 rows=10395 width=121)
	  Recheck Cond: ((id >= 6705596) AND (id <= 6715595))
	  ->  Bitmap Index Scan on sbtest3_pkey  (cost=0.00..328.38 rows=10395 width=0)
	        Index Cond: ((id >= 6705596) AND (id <= 6715595))

table 4 : explain SELECT c FROM sbtest4 WHERE id BETWEEN 4893152 AND 4903151
	Bitmap Heap Scan on sbtest4  (cost=294.11..32047.34 rows=9139 width=121)
	  Recheck Cond: ((id >= 4893152) AND (id <= 4903151))
	  ->  Bitmap Index Scan on sbtest4_pkey  (cost=0.00..291.82 rows=9139 width=0)
	        Index Cond: ((id >= 4893152) AND (id <= 4903151))

table 5 : explain SELECT c FROM sbtest5 WHERE id BETWEEN 6200285 AND 6210284
	Bitmap Heap Scan on sbtest5  (cost=288.93..31676.42 rows=9024 width=121)
	  Recheck Cond: ((id >= 6200285) AND (id <= 6210284))
	  ->  Bitmap Index Scan on sbtest5_pkey  (cost=0.00..286.68 rows=9024 width=0)
	        Index Cond: ((id >= 6200285) AND (id <= 6210284))

table 6 : explain SELECT c FROM sbtest6 WHERE id BETWEEN 9256752 AND 9266751
	Bitmap Heap Scan on sbtest6  (cost=306.41..33183.61 rows=9559 width=121)
	  Recheck Cond: ((id >= 9256752) AND (id <= 9266751))
	  ->  Bitmap Index Scan on sbtest6_pkey  (cost=0.00..304.03 rows=9559 width=0)
	        Index Cond: ((id >= 9256752) AND (id <= 9266751))

table 7 : explain SELECT c FROM sbtest7 WHERE id BETWEEN 2146377 AND 2156376
	Bitmap Heap Scan on sbtest7  (cost=304.75..32610.35 rows=9397 width=121)
	  Recheck Cond: ((id >= 2146377) AND (id <= 2156376))
	  ->  Bitmap Index Scan on sbtest7_pkey  (cost=0.00..302.41 rows=9397 width=0)
	        Index Cond: ((id >= 2146377) AND (id <= 2156376))

table 8 : explain SELECT c FROM sbtest8 WHERE id BETWEEN 3583190 AND 3593189
	Bitmap Heap Scan on sbtest8  (cost=317.38..34056.52 rows=9848 width=121)
	  Recheck Cond: ((id >= 3583190) AND (id <= 3593189))
	  ->  Bitmap Index Scan on sbtest8_pkey  (cost=0.00..314.92 rows=9848 width=0)
	        Index Cond: ((id >= 3583190) AND (id <= 3593189))

for: order_ranges
table 1 : explain SELECT c FROM sbtest1 WHERE id BETWEEN 6876553 AND 6886552 ORDER BY c
	Sort  (cost=34242.49..34266.76 rows=9709 width=121)
	  Sort Key: c
	  ->  Bitmap Heap Scan on sbtest1  (cost=307.95..33599.50 rows=9709 width=121)
	        Recheck Cond: ((id >= 6876553) AND (id <= 6886552))
	        ->  Bitmap Index Scan on sbtest1_pkey  (cost=0.00..305.53 rows=9709 width=0)
	              Index Cond: ((id >= 6876553) AND (id <= 6886552))

table 2 : explain SELECT c FROM sbtest2 WHERE id BETWEEN 5616180 AND 5626179 ORDER BY c
	Sort  (cost=36868.85..36895.15 rows=10521 width=121)
	  Sort Key: c
	  ->  Bitmap Heap Scan on sbtest2  (cost=336.28..36165.99 rows=10521 width=121)
	        Recheck Cond: ((id >= 5616180) AND (id <= 5626179))
	        ->  Bitmap Index Scan on sbtest2_pkey  (cost=0.00..333.65 rows=10521 width=0)
	              Index Cond: ((id >= 5616180) AND (id <= 5626179))

table 3 : explain SELECT c FROM sbtest3 WHERE id BETWEEN 3426644 AND 3436643 ORDER BY c
	Sort  (cost=34707.83..34732.43 rows=9842 width=121)
	  Sort Key: c
	  ->  Bitmap Heap Scan on sbtest3  (cost=313.32..34055.07 rows=9842 width=121)
	        Recheck Cond: ((id >= 3426644) AND (id <= 3436643))
	        ->  Bitmap Index Scan on sbtest3_pkey  (cost=0.00..310.86 rows=9842 width=0)
	              Index Cond: ((id >= 3426644) AND (id <= 3436643))

table 4 : explain SELECT c FROM sbtest4 WHERE id BETWEEN 7681358 AND 7691357 ORDER BY c
	Sort  (cost=36186.69..36212.24 rows=10222 width=121)
	  Sort Key: c
	  ->  Bitmap Heap Scan on sbtest4  (cost=329.21..35505.93 rows=10222 width=121)
	        Recheck Cond: ((id >= 7681358) AND (id <= 7691357))
	        ->  Bitmap Index Scan on sbtest4_pkey  (cost=0.00..326.66 rows=10222 width=0)
	              Index Cond: ((id >= 7681358) AND (id <= 7691357))

table 5 : explain SELECT c FROM sbtest5 WHERE id BETWEEN 7022311 AND 7032310 ORDER BY c
	Sort  (cost=35032.47..35057.13 rows=9866 width=121)
	  Sort Key: c
	  ->  Bitmap Heap Scan on sbtest5  (cost=317.56..34377.95 rows=9866 width=121)
	        Recheck Cond: ((id >= 7022311) AND (id <= 7032310))
	        ->  Bitmap Index Scan on sbtest5_pkey  (cost=0.00..315.09 rows=9866 width=0)
	              Index Cond: ((id >= 7022311) AND (id <= 7032310))

table 6 : explain SELECT c FROM sbtest6 WHERE id BETWEEN 9886829 AND 9896828 ORDER BY c
	Sort  (cost=40123.31..40152.15 rows=11535 width=121)
	  Sort Key: c
	  ->  Bitmap Heap Scan on sbtest6  (cost=366.67..39345.06 rows=11535 width=121)
	        Recheck Cond: ((id >= 9886829) AND (id <= 9896828))
	        ->  Bitmap Index Scan on sbtest6_pkey  (cost=0.00..363.79 rows=11535 width=0)
	              Index Cond: ((id >= 9886829) AND (id <= 9896828))

table 7 : explain SELECT c FROM sbtest7 WHERE id BETWEEN 7864829 AND 7874828 ORDER BY c
	Sort  (cost=33830.55..33854.51 rows=9583 width=121)
	  Sort Key: c
	  ->  Bitmap Heap Scan on sbtest7  (cost=310.66..33196.82 rows=9583 width=121)
	        Recheck Cond: ((id >= 7864829) AND (id <= 7874828))
	        ->  Bitmap Index Scan on sbtest7_pkey  (cost=0.00..308.26 rows=9583 width=0)
	              Index Cond: ((id >= 7864829) AND (id <= 7874828))

table 8 : explain SELECT c FROM sbtest8 WHERE id BETWEEN 2724591 AND 2734590 ORDER BY c
	Sort  (cost=32569.44..32592.41 rows=9186 width=121)
	  Sort Key: c
	  ->  Bitmap Heap Scan on sbtest8  (cost=294.59..31964.76 rows=9186 width=121)
	        Recheck Cond: ((id >= 2724591) AND (id <= 2734590))
	        ->  Bitmap Index Scan on sbtest8_pkey  (cost=0.00..292.30 rows=9186 width=0)
	              Index Cond: ((id >= 2724591) AND (id <= 2734590))

for: order_ranges
table 1 : explain SELECT c FROM sbtest1 WHERE id BETWEEN 5980898 AND 5990897 ORDER BY c
	Sort  (cost=33792.08..33816.00 rows=9570 width=121)
	  Sort Key: c
	  ->  Bitmap Heap Scan on sbtest1  (cost=302.53..33159.29 rows=9570 width=121)
	        Recheck Cond: ((id >= 5980898) AND (id <= 5990897))
	        ->  Bitmap Index Scan on sbtest1_pkey  (cost=0.00..300.13 rows=9570 width=0)
	              Index Cond: ((id >= 5980898) AND (id <= 5990897))

table 2 : explain SELECT c FROM sbtest2 WHERE id BETWEEN 4100057 AND 4110056 ORDER BY c
	Sort  (cost=37827.73..37854.79 rows=10824 width=121)
	  Sort Key: c
	  ->  Bitmap Heap Scan on sbtest2  (cost=343.38..37102.42 rows=10824 width=121)
	        Recheck Cond: ((id >= 4100057) AND (id <= 4110056))
	        ->  Bitmap Index Scan on sbtest2_pkey  (cost=0.00..340.68 rows=10824 width=0)
	              Index Cond: ((id >= 4100057) AND (id <= 4110056))

table 3 : explain SELECT c FROM sbtest3 WHERE id BETWEEN 5377033 AND 5387032 ORDER BY c
	Sort  (cost=33401.84..33425.44 rows=9438 width=121)
	  Sort Key: c
	  ->  Bitmap Heap Scan on sbtest3  (cost=301.17..32778.73 rows=9438 width=121)
	        Recheck Cond: ((id >= 5377033) AND (id <= 5387032))
	        ->  Bitmap Index Scan on sbtest3_pkey  (cost=0.00..298.81 rows=9438 width=0)
	              Index Cond: ((id >= 5377033) AND (id <= 5387032))

table 4 : explain SELECT c FROM sbtest4 WHERE id BETWEEN 2356719 AND 2366718 ORDER BY c
	Sort  (cost=34680.06..34704.46 rows=9759 width=121)
	  Sort Key: c
	  ->  Bitmap Heap Scan on sbtest4  (cost=312.46..34033.40 rows=9759 width=121)
	        Recheck Cond: ((id >= 2356719) AND (id <= 2366718))
	        ->  Bitmap Index Scan on sbtest4_pkey  (cost=0.00..310.03 rows=9759 width=0)
	              Index Cond: ((id >= 2356719) AND (id <= 2366718))

table 5 : explain SELECT c FROM sbtest5 WHERE id BETWEEN 7706659 AND 7716658 ORDER BY c
	Sort  (cost=39188.15..39216.03 rows=11153 width=121)
	  Sort Key: c
	  ->  Bitmap Heap Scan on sbtest5  (cost=358.75..38438.38 rows=11153 width=121)
	        Recheck Cond: ((id >= 7706659) AND (id <= 7716658))
	        ->  Bitmap Index Scan on sbtest5_pkey  (cost=0.00..355.96 rows=11153 width=0)
	              Index Cond: ((id >= 7706659) AND (id <= 7716658))

table 6 : explain SELECT c FROM sbtest6 WHERE id BETWEEN 1194086 AND 1204085 ORDER BY c
	Sort  (cost=37235.26..37261.81 rows=10622 width=121)
	  Sort Key: c
	  ->  Bitmap Heap Scan on sbtest6  (cost=341.31..36524.92 rows=10622 width=121)
	        Recheck Cond: ((id >= 1194086) AND (id <= 1204085))
	        ->  Bitmap Index Scan on sbtest6_pkey  (cost=0.00..338.66 rows=10622 width=0)
	              Index Cond: ((id >= 1194086) AND (id <= 1204085))

table 7 : explain SELECT c FROM sbtest7 WHERE id BETWEEN 5097531 AND 5107530 ORDER BY c
	Sort  (cost=32682.22..32705.29 rows=9228 width=121)
	  Sort Key: c
	  ->  Bitmap Heap Scan on sbtest7  (cost=299.02..32074.47 rows=9228 width=121)
	        Recheck Cond: ((id >= 5097531) AND (id <= 5107530))
	        ->  Bitmap Index Scan on sbtest7_pkey  (cost=0.00..296.71 rows=9228 width=0)
	              Index Cond: ((id >= 5097531) AND (id <= 5107530))

table 8 : explain SELECT c FROM sbtest8 WHERE id BETWEEN 5195430 AND 5205429 ORDER BY c
	Sort  (cost=37239.16..37265.76 rows=10638 width=121)
	  Sort Key: c
	  ->  Bitmap Heap Scan on sbtest8  (cost=341.47..36527.64 rows=10638 width=121)
	        Recheck Cond: ((id >= 5195430) AND (id <= 5205429))
	        ->  Bitmap Index Scan on sbtest8_pkey  (cost=0.00..338.81 rows=10638 width=0)
	              Index Cond: ((id >= 5195430) AND (id <= 5205429))

for: order_ranges
table 1 : explain SELECT c FROM sbtest1 WHERE id BETWEEN 9449552 AND 9459551 ORDER BY c
	Sort  (cost=34083.10..34107.25 rows=9660 width=121)
	  Sort Key: c
	  ->  Bitmap Heap Scan on sbtest1  (cost=303.45..33443.71 rows=9660 width=121)
	        Recheck Cond: ((id >= 9449552) AND (id <= 9459551))
	        ->  Bitmap Index Scan on sbtest1_pkey  (cost=0.00..301.04 rows=9660 width=0)
	              Index Cond: ((id >= 9449552) AND (id <= 9459551))

table 2 : explain SELECT c FROM sbtest2 WHERE id BETWEEN 9136322 AND 9146321 ORDER BY c
	Sort  (cost=38621.24..38648.92 rows=11073 width=121)
	  Sort Key: c
	  ->  Bitmap Heap Scan on sbtest2  (cost=353.93..37877.42 rows=11073 width=121)
	        Recheck Cond: ((id >= 9136322) AND (id <= 9146321))
	        ->  Bitmap Index Scan on sbtest2_pkey  (cost=0.00..351.17 rows=11073 width=0)
	              Index Cond: ((id >= 9136322) AND (id <= 9146321))

table 3 : explain SELECT c FROM sbtest3 WHERE id BETWEEN 6320045 AND 6330044 ORDER BY c
	Sort  (cost=33478.20..33501.86 rows=9462 width=121)
	  Sort Key: c
	  ->  Bitmap Heap Scan on sbtest3  (cost=301.42..32853.33 rows=9462 width=121)
	        Recheck Cond: ((id >= 6320045) AND (id <= 6330044))
	        ->  Bitmap Index Scan on sbtest3_pkey  (cost=0.00..299.06 rows=9462 width=0)
	              Index Cond: ((id >= 6320045) AND (id <= 6330044))

table 4 : explain SELECT c FROM sbtest4 WHERE id BETWEEN 5158371 AND 5168370 ORDER BY c
	Sort  (cost=36263.07..36288.68 rows=10246 width=121)
	  Sort Key: c
	  ->  Bitmap Heap Scan on sbtest4  (cost=329.46..35580.54 rows=10246 width=121)
	        Recheck Cond: ((id >= 5158371) AND (id <= 5168370))
	        ->  Bitmap Index Scan on sbtest4_pkey  (cost=0.00..326.90 rows=10246 width=0)
	              Index Cond: ((id >= 5158371) AND (id <= 5168370))

table 5 : explain SELECT c FROM sbtest5 WHERE id BETWEEN 9463224 AND 9473223 ORDER BY c
	Sort  (cost=33318.66..33342.01 rows=9342 width=121)
	  Sort Key: c
	  ->  Bitmap Heap Scan on sbtest5  (cost=300.19..32702.58 rows=9342 width=121)
	        Recheck Cond: ((id >= 9463224) AND (id <= 9473223))
	        ->  Bitmap Index Scan on sbtest5_pkey  (cost=0.00..297.86 rows=9342 width=0)
	              Index Cond: ((id >= 9463224) AND (id <= 9473223))

table 6 : explain SELECT c FROM sbtest6 WHERE id BETWEEN 8345654 AND 8355653 ORDER BY c
	Sort  (cost=36443.04..36468.98 rows=10375 width=121)
	  Sort Key: c
	  ->  Bitmap Heap Scan on sbtest6  (cost=330.78..35750.99 rows=10375 width=121)
	        Recheck Cond: ((id >= 8345654) AND (id <= 8355653))
	        ->  Bitmap Index Scan on sbtest6_pkey  (cost=0.00..328.19 rows=10375 width=0)
	              Index Cond: ((id >= 8345654) AND (id <= 8355653))

table 7 : explain SELECT c FROM sbtest7 WHERE id BETWEEN 8343910 AND 8353909 ORDER BY c
	Sort  (cost=31849.04..31871.47 rows=8972 width=121)
	  Sort Key: c
	  ->  Bitmap Heap Scan on sbtest7  (cost=288.40..31259.97 rows=8972 width=121)
	        Recheck Cond: ((id >= 8343910) AND (id <= 8353909))
	        ->  Bitmap Index Scan on sbtest7_pkey  (cost=0.00..286.16 rows=8972 width=0)
	              Index Cond: ((id >= 8343910) AND (id <= 8353909))

table 8 : explain SELECT c FROM sbtest8 WHERE id BETWEEN 9352582 AND 9362581 ORDER BY c
	Sort  (cost=36419.62..36445.58 rows=10381 width=121)
	  Sort Key: c
	  ->  Bitmap Heap Scan on sbtest8  (cost=334.84..35727.13 rows=10381 width=121)
	        Recheck Cond: ((id >= 9352582) AND (id <= 9362581))
	        ->  Bitmap Index Scan on sbtest8_pkey  (cost=0.00..332.25 rows=10381 width=0)
	              Index Cond: ((id >= 9352582) AND (id <= 9362581))

for: order_ranges
table 1 : explain SELECT c FROM sbtest1 WHERE id BETWEEN 9831830 AND 9841829 ORDER BY c
	Sort  (cost=36338.00..36363.91 rows=10363 width=121)
	  Sort Key: c
	  ->  Bitmap Heap Scan on sbtest1  (cost=326.66..35646.83 rows=10363 width=121)
	        Recheck Cond: ((id >= 9831830) AND (id <= 9841829))
	        ->  Bitmap Index Scan on sbtest1_pkey  (cost=0.00..324.06 rows=10363 width=0)
	              Index Cond: ((id >= 9831830) AND (id <= 9841829))

table 2 : explain SELECT c FROM sbtest2 WHERE id BETWEEN 451374 AND 461373 ORDER BY c
	Sort  (cost=32961.41..32984.67 rows=9307 width=121)
	  Sort Key: c
	  ->  Bitmap Heap Scan on sbtest2  (cost=295.83..32347.89 rows=9307 width=121)
	        Recheck Cond: ((id >= 451374) AND (id <= 461373))
	        ->  Bitmap Index Scan on sbtest2_pkey  (cost=0.00..293.50 rows=9307 width=0)
	              Index Cond: ((id >= 451374) AND (id <= 461373))

table 3 : explain SELECT c FROM sbtest3 WHERE id BETWEEN 4168310 AND 4178309 ORDER BY c
	Sort  (cost=37717.57..37744.53 rows=10783 width=121)
	  Sort Key: c
	  ->  Bitmap Heap Scan on sbtest3  (cost=342.96..36995.30 rows=10783 width=121)
	        Recheck Cond: ((id >= 4168310) AND (id <= 4178309))
	        ->  Bitmap Index Scan on sbtest3_pkey  (cost=0.00..340.26 rows=10783 width=0)
	              Index Cond: ((id >= 4168310) AND (id <= 4178309))

table 4 : explain SELECT c FROM sbtest4 WHERE id BETWEEN 2295327 AND 2305326 ORDER BY c
	Sort  (cost=34489.84..34514.09 rows=9701 width=121)
	  Sort Key: c
	  ->  Bitmap Heap Scan on sbtest4  (cost=311.87..33847.44 rows=9701 width=121)
	        Recheck Cond: ((id >= 2295327) AND (id <= 2305326))
	        ->  Bitmap Index Scan on sbtest4_pkey  (cost=0.00..309.44 rows=9701 width=0)
	              Index Cond: ((id >= 2295327) AND (id <= 2305326))

table 5 : explain SELECT c FROM sbtest5 WHERE id BETWEEN 9433215 AND 9443214 ORDER BY c
	Sort  (cost=33318.66..33342.01 rows=9342 width=121)
	  Sort Key: c
	  ->  Bitmap Heap Scan on sbtest5  (cost=300.19..32702.58 rows=9342 width=121)
	        Recheck Cond: ((id >= 9433215) AND (id <= 9443214))
	        ->  Bitmap Index Scan on sbtest5_pkey  (cost=0.00..297.86 rows=9342 width=0)
	              Index Cond: ((id >= 9433215) AND (id <= 9443214))

table 6 : explain SELECT c FROM sbtest6 WHERE id BETWEEN 5268280 AND 5278279 ORDER BY c
	Sort  (cost=34233.95..34258.17 rows=9688 width=121)
	  Sort Key: c
	  ->  Bitmap Heap Scan on sbtest6  (cost=311.74..33592.51 rows=9688 width=121)
	        Recheck Cond: ((id >= 5268280) AND (id <= 5278279))
	        ->  Bitmap Index Scan on sbtest6_pkey  (cost=0.00..309.31 rows=9688 width=0)
	              Index Cond: ((id >= 5268280) AND (id <= 5278279))

table 7 : explain SELECT c FROM sbtest7 WHERE id BETWEEN 3816872 AND 3826871 ORDER BY c
	Sort  (cost=32844.90..32868.09 rows=9278 width=121)
	  Sort Key: c
	  ->  Bitmap Heap Scan on sbtest7  (cost=299.53..32233.50 rows=9278 width=121)
	        Recheck Cond: ((id >= 3816872) AND (id <= 3826871))
	        ->  Bitmap Index Scan on sbtest7_pkey  (cost=0.00..297.21 rows=9278 width=0)
	              Index Cond: ((id >= 3816872) AND (id <= 3826871))

table 8 : explain SELECT c FROM sbtest8 WHERE id BETWEEN 9083618 AND 9093617 ORDER BY c
	Sort  (cost=37916.17..37943.30 rows=10852 width=121)
	  Sort Key: c
	  ->  Bitmap Heap Scan on sbtest8  (cost=347.67..37188.77 rows=10852 width=121)
	        Recheck Cond: ((id >= 9083618) AND (id <= 9093617))
	        ->  Bitmap Index Scan on sbtest8_pkey  (cost=0.00..344.95 rows=10852 width=0)
	              Index Cond: ((id >= 9083618) AND (id <= 9093617))

for point_selects
table 1 : explain SELECT c FROM sbtest1 WHERE id=4895959
	Index Scan using sbtest1_pkey on sbtest1  (cost=0.43..8.45 rows=1 width=121)
	  Index Cond: (id = 4895959)

table 2 : explain SELECT c FROM sbtest2 WHERE id=6222651
	Index Scan using sbtest2_pkey on sbtest2  (cost=0.43..8.45 rows=1 width=121)
	  Index Cond: (id = 6222651)

table 3 : explain SELECT c FROM sbtest3 WHERE id=7553391
	Index Scan using sbtest3_pkey on sbtest3  (cost=0.43..8.45 rows=1 width=121)
	  Index Cond: (id = 7553391)

table 4 : explain SELECT c FROM sbtest4 WHERE id=1804384
	Index Scan using sbtest4_pkey on sbtest4  (cost=0.43..8.45 rows=1 width=121)
	  Index Cond: (id = 1804384)

table 5 : explain SELECT c FROM sbtest5 WHERE id=421034
	Index Scan using sbtest5_pkey on sbtest5  (cost=0.43..8.45 rows=1 width=121)
	  Index Cond: (id = 421034)

table 6 : explain SELECT c FROM sbtest6 WHERE id=3701630
	Index Scan using sbtest6_pkey on sbtest6  (cost=0.43..8.45 rows=1 width=121)
	  Index Cond: (id = 3701630)

table 7 : explain SELECT c FROM sbtest7 WHERE id=9353967
	Index Scan using sbtest7_pkey on sbtest7  (cost=0.43..8.45 rows=1 width=121)
	  Index Cond: (id = 9353967)

table 8 : explain SELECT c FROM sbtest8 WHERE id=9978403
	Index Scan using sbtest8_pkey on sbtest8  (cost=0.43..8.45 rows=1 width=121)
	  Index Cond: (id = 9978403)

for: distinct_ranges
table 1 : explain SELECT DISTINCT c FROM sbtest1 WHERE id BETWEEN 9785173 AND 9795172 ORDER BY c
	Unique  (cost=33098.72..33145.50 rows=9355 width=121)
	  ->  Sort  (cost=33098.72..33122.11 rows=9355 width=121)
	        Sort Key: c
	        ->  Bitmap Heap Scan on sbtest1  (cost=296.32..32481.69 rows=9355 width=121)
	              Recheck Cond: ((id >= 9785173) AND (id <= 9795172))
	              ->  Bitmap Index Scan on sbtest1_pkey  (cost=0.00..293.99 rows=9355 width=0)
	                    Index Cond: ((id >= 9785173) AND (id <= 9795172))

table 2 : explain SELECT DISTINCT c FROM sbtest2 WHERE id BETWEEN 9085948 AND 9095947 ORDER BY c
	Unique  (cost=35840.32..35891.32 rows=10200 width=121)
	  ->  Sort  (cost=35840.32..35865.82 rows=10200 width=121)
	        Sort Key: c
	        ->  Bitmap Heap Scan on sbtest2  (cost=324.99..35161.19 rows=10200 width=121)
	              Recheck Cond: ((id >= 9085948) AND (id <= 9095947))
	              ->  Bitmap Index Scan on sbtest2_pkey  (cost=0.00..322.44 rows=10200 width=0)
	                    Index Cond: ((id >= 9085948) AND (id <= 9095947))

table 3 : explain SELECT DISTINCT c FROM sbtest3 WHERE id BETWEEN 1065712 AND 1075711 ORDER BY c
	Unique  (cost=34734.33..34783.58 rows=9851 width=121)
	  ->  Sort  (cost=34734.33..34758.95 rows=9851 width=121)
	        Sort Key: c
	        ->  Bitmap Heap Scan on sbtest3  (cost=313.41..34080.91 rows=9851 width=121)
	              Recheck Cond: ((id >= 1065712) AND (id <= 1075711))
	              ->  Bitmap Index Scan on sbtest3_pkey  (cost=0.00..310.94 rows=9851 width=0)
	                    Index Cond: ((id >= 1065712) AND (id <= 1075711))

table 4 : explain SELECT DISTINCT c FROM sbtest4 WHERE id BETWEEN 4492187 AND 4502186 ORDER BY c
	Unique  (cost=33653.02..33700.24 rows=9444 width=121)
	  ->  Sort  (cost=33653.02..33676.63 rows=9444 width=121)
	        Sort Key: c
	        ->  Bitmap Heap Scan on sbtest4  (cost=305.24..33029.47 rows=9444 width=121)
	              Recheck Cond: ((id >= 4492187) AND (id <= 4502186))
	              ->  Bitmap Index Scan on sbtest4_pkey  (cost=0.00..302.88 rows=9444 width=0)
	                    Index Cond: ((id >= 4492187) AND (id <= 4502186))

table 5 : explain SELECT DISTINCT c FROM sbtest5 WHERE id BETWEEN 8343025 AND 8353024 ORDER BY c
	Unique  (cost=35205.80..35255.40 rows=9920 width=121)
	  ->  Sort  (cost=35205.80..35230.60 rows=9920 width=121)
	        Sort Key: c
	        ->  Bitmap Heap Scan on sbtest5  (cost=318.12..34547.31 rows=9920 width=121)
	              Recheck Cond: ((id >= 8343025) AND (id <= 8353024))
	              ->  Bitmap Index Scan on sbtest5_pkey  (cost=0.00..315.63 rows=9920 width=0)
	                    Index Cond: ((id >= 8343025) AND (id <= 8353024))

table 6 : explain SELECT DISTINCT c FROM sbtest6 WHERE id BETWEEN 9639345 AND 9649344 ORDER BY c
	Unique  (cost=34435.83..34484.58 rows=9750 width=121)
	  ->  Sort  (cost=34435.83..34460.21 rows=9750 width=121)
	        Sort Key: c
	        ->  Bitmap Heap Scan on sbtest6  (cost=312.37..33789.84 rows=9750 width=121)
	              Recheck Cond: ((id >= 9639345) AND (id <= 9649344))
	              ->  Bitmap Index Scan on sbtest6_pkey  (cost=0.00..309.94 rows=9750 width=0)
	                    Index Cond: ((id >= 9639345) AND (id <= 9649344))

table 7 : explain SELECT DISTINCT c FROM sbtest7 WHERE id BETWEEN 9151443 AND 9161442 ORDER BY c
	Unique  (cost=38046.59..38101.10 rows=10902 width=121)
	  ->  Sort  (cost=38046.59..38073.84 rows=10902 width=121)
	        Sort Key: c
	        ->  Bitmap Heap Scan on sbtest7  (cost=352.18..37315.48 rows=10902 width=121)
	              Recheck Cond: ((id >= 9151443) AND (id <= 9161442))
	              ->  Bitmap Index Scan on sbtest7_pkey  (cost=0.00..349.45 rows=10902 width=0)
	                    Index Cond: ((id >= 9151443) AND (id <= 9161442))

table 8 : explain SELECT DISTINCT c FROM sbtest8 WHERE id BETWEEN 1149367 AND 1159366 ORDER BY c
	Unique  (cost=35788.31..35839.22 rows=10183 width=121)
	  ->  Sort  (cost=35788.31..35813.77 rows=10183 width=121)
	        Sort Key: c
	        ->  Bitmap Heap Scan on sbtest8  (cost=328.81..35110.43 rows=10183 width=121)
	              Recheck Cond: ((id >= 1149367) AND (id <= 1159366))
	              ->  Bitmap Index Scan on sbtest8_pkey  (cost=0.00..326.26 rows=10183 width=0)
	                    Index Cond: ((id >= 1149367) AND (id <= 1159366))

for point_selects
table 1 : explain SELECT c FROM sbtest1 WHERE id=2425788
	Index Scan using sbtest1_pkey on sbtest1  (cost=0.43..8.45 rows=1 width=121)
	  Index Cond: (id = 2425788)

table 2 : explain SELECT c FROM sbtest2 WHERE id=6256739
	Index Scan using sbtest2_pkey on sbtest2  (cost=0.43..8.45 rows=1 width=121)
	  Index Cond: (id = 6256739)

table 3 : explain SELECT c FROM sbtest3 WHERE id=2304719
	Index Scan using sbtest3_pkey on sbtest3  (cost=0.43..8.45 rows=1 width=121)
	  Index Cond: (id = 2304719)

table 4 : explain SELECT c FROM sbtest4 WHERE id=5756676
	Index Scan using sbtest4_pkey on sbtest4  (cost=0.43..8.45 rows=1 width=121)
	  Index Cond: (id = 5756676)

table 5 : explain SELECT c FROM sbtest5 WHERE id=8153065
	Index Scan using sbtest5_pkey on sbtest5  (cost=0.43..8.45 rows=1 width=121)
	  Index Cond: (id = 8153065)

table 6 : explain SELECT c FROM sbtest6 WHERE id=2535778
	Index Scan using sbtest6_pkey on sbtest6  (cost=0.43..8.45 rows=1 width=121)
	  Index Cond: (id = 2535778)

table 7 : explain SELECT c FROM sbtest7 WHERE id=4283149
	Index Scan using sbtest7_pkey on sbtest7  (cost=0.43..8.45 rows=1 width=121)
	  Index Cond: (id = 4283149)

table 8 : explain SELECT c FROM sbtest8 WHERE id=8792291
	Index Scan using sbtest8_pkey on sbtest8  (cost=0.43..8.45 rows=1 width=121)
	  Index Cond: (id = 8792291)

for point_selects
table 1 : explain SELECT c FROM sbtest1 WHERE id=1906730
	Index Scan using sbtest1_pkey on sbtest1  (cost=0.43..8.45 rows=1 width=121)
	  Index Cond: (id = 1906730)

table 2 : explain SELECT c FROM sbtest2 WHERE id=7181964
	Index Scan using sbtest2_pkey on sbtest2  (cost=0.43..8.45 rows=1 width=121)
	  Index Cond: (id = 7181964)

table 3 : explain SELECT c FROM sbtest3 WHERE id=1403171
	Index Scan using sbtest3_pkey on sbtest3  (cost=0.43..8.45 rows=1 width=121)
	  Index Cond: (id = 1403171)

table 4 : explain SELECT c FROM sbtest4 WHERE id=8964812
	Index Scan using sbtest4_pkey on sbtest4  (cost=0.43..8.45 rows=1 width=121)
	  Index Cond: (id = 8964812)

table 5 : explain SELECT c FROM sbtest5 WHERE id=6683118
	Index Scan using sbtest5_pkey on sbtest5  (cost=0.43..8.45 rows=1 width=121)
	  Index Cond: (id = 6683118)

table 6 : explain SELECT c FROM sbtest6 WHERE id=4794680
	Index Scan using sbtest6_pkey on sbtest6  (cost=0.43..8.45 rows=1 width=121)
	  Index Cond: (id = 4794680)

table 7 : explain SELECT c FROM sbtest7 WHERE id=659109
	Index Scan using sbtest7_pkey on sbtest7  (cost=0.43..8.45 rows=1 width=121)
	  Index Cond: (id = 659109)

table 8 : explain SELECT c FROM sbtest8 WHERE id=3984028
	Index Scan using sbtest8_pkey on sbtest8  (cost=0.43..8.45 rows=1 width=121)
	  Index Cond: (id = 3984028)

for point_selects
table 1 : explain SELECT c FROM sbtest1 WHERE id=2885853
	Index Scan using sbtest1_pkey on sbtest1  (cost=0.43..8.45 rows=1 width=121)
	  Index Cond: (id = 2885853)

table 2 : explain SELECT c FROM sbtest2 WHERE id=8885877
	Index Scan using sbtest2_pkey on sbtest2  (cost=0.43..8.45 rows=1 width=121)
	  Index Cond: (id = 8885877)

table 3 : explain SELECT c FROM sbtest3 WHERE id=9976201
	Index Scan using sbtest3_pkey on sbtest3  (cost=0.43..8.45 rows=1 width=121)
	  Index Cond: (id = 9976201)

table 4 : explain SELECT c FROM sbtest4 WHERE id=4662055
	Index Scan using sbtest4_pkey on sbtest4  (cost=0.43..8.45 rows=1 width=121)
	  Index Cond: (id = 4662055)

table 5 : explain SELECT c FROM sbtest5 WHERE id=5494308
	Index Scan using sbtest5_pkey on sbtest5  (cost=0.43..8.45 rows=1 width=121)
	  Index Cond: (id = 5494308)

table 6 : explain SELECT c FROM sbtest6 WHERE id=8742919
	Index Scan using sbtest6_pkey on sbtest6  (cost=0.43..8.45 rows=1 width=121)
	  Index Cond: (id = 8742919)

table 7 : explain SELECT c FROM sbtest7 WHERE id=4989012
	Index Scan using sbtest7_pkey on sbtest7  (cost=0.43..8.45 rows=1 width=121)
	  Index Cond: (id = 4989012)

table 8 : explain SELECT c FROM sbtest8 WHERE id=1529284
	Index Scan using sbtest8_pkey on sbtest8  (cost=0.43..8.45 rows=1 width=121)
	  Index Cond: (id = 1529284)

for: distinct_ranges
table 1 : explain SELECT DISTINCT c FROM sbtest1 WHERE id BETWEEN 9094629 AND 9104628 ORDER BY c
	Unique  (cost=37651.18..37705.06 rows=10776 width=121)
	  ->  Sort  (cost=37651.18..37678.12 rows=10776 width=121)
	        Sort Key: c
	        ->  Bitmap Heap Scan on sbtest1  (cost=338.89..36929.43 rows=10776 width=121)
	              Recheck Cond: ((id >= 9094629) AND (id <= 9104628))
	              ->  Bitmap Index Scan on sbtest1_pkey  (cost=0.00..336.19 rows=10776 width=0)
	                    Index Cond: ((id >= 9094629) AND (id <= 9104628))

table 2 : explain SELECT DISTINCT c FROM sbtest2 WHERE id BETWEEN 4526813 AND 4536812 ORDER BY c
	Unique  (cost=36119.65..36171.09 rows=10288 width=121)
	  ->  Sort  (cost=36119.65..36145.37 rows=10288 width=121)
	        Sort Key: c
	        ->  Bitmap Heap Scan on sbtest2  (cost=325.89..35434.02 rows=10288 width=121)
	              Recheck Cond: ((id >= 4526813) AND (id <= 4536812))
	              ->  Bitmap Index Scan on sbtest2_pkey  (cost=0.00..323.31 rows=10288 width=0)
	                    Index Cond: ((id >= 4526813) AND (id <= 4536812))

table 3 : explain SELECT DISTINCT c FROM sbtest3 WHERE id BETWEEN 7091384 AND 7101383 ORDER BY c
	Unique  (cost=35411.96..35462.26 rows=10060 width=121)
	  ->  Sort  (cost=35411.96..35437.11 rows=10060 width=121)
	        Sort Key: c
	        ->  Bitmap Heap Scan on sbtest3  (cost=323.55..34743.16 rows=10060 width=121)
	              Recheck Cond: ((id >= 7091384) AND (id <= 7101383))
	              ->  Bitmap Index Scan on sbtest3_pkey  (cost=0.00..321.04 rows=10060 width=0)
	                    Index Cond: ((id >= 7091384) AND (id <= 7101383))

table 4 : explain SELECT DISTINCT c FROM sbtest4 WHERE id BETWEEN 7617340 AND 7627339 ORDER BY c
	Unique  (cost=36186.69..36237.80 rows=10222 width=121)
	  ->  Sort  (cost=36186.69..36212.24 rows=10222 width=121)
	        Sort Key: c
	        ->  Bitmap Heap Scan on sbtest4  (cost=329.21..35505.93 rows=10222 width=121)
	              Recheck Cond: ((id >= 7617340) AND (id <= 7627339))
	              ->  Bitmap Index Scan on sbtest4_pkey  (cost=0.00..326.66 rows=10222 width=0)
	                    Index Cond: ((id >= 7617340) AND (id <= 7627339))

table 5 : explain SELECT DISTINCT c FROM sbtest5 WHERE id BETWEEN 5716658 AND 5726657 ORDER BY c
	Unique  (cost=36805.87..36857.93 rows=10412 width=121)
	  ->  Sort  (cost=36805.87..36831.90 rows=10412 width=121)
	        Sort Key: c
	        ->  Bitmap Heap Scan on sbtest5  (cost=335.16..36111.08 rows=10412 width=121)
	              Recheck Cond: ((id >= 5716658) AND (id <= 5726657))
	              ->  Bitmap Index Scan on sbtest5_pkey  (cost=0.00..332.56 rows=10412 width=0)
	                    Index Cond: ((id >= 5716658) AND (id <= 5726657))

table 6 : explain SELECT DISTINCT c FROM sbtest6 WHERE id BETWEEN 3203199 AND 3213198 ORDER BY c
	Unique  (cost=37510.37..37563.92 rows=10709 width=121)
	  ->  Sort  (cost=37510.37..37537.15 rows=10709 width=121)
	        Sort Key: c
	        ->  Bitmap Heap Scan on sbtest6  (cost=342.20..36793.59 rows=10709 width=121)
	              Recheck Cond: ((id >= 3203199) AND (id <= 3213198))
	              ->  Bitmap Index Scan on sbtest6_pkey  (cost=0.00..339.53 rows=10709 width=0)
	                    Index Cond: ((id >= 3203199) AND (id <= 3213198))

table 7 : explain SELECT DISTINCT c FROM sbtest7 WHERE id BETWEEN 5784227 AND 5794226 ORDER BY c
	Unique  (cost=34161.10..34209.53 rows=9686 width=121)
	  ->  Sort  (cost=34161.10..34185.32 rows=9686 width=121)
	        Sort Key: c
	        ->  Bitmap Heap Scan on sbtest7  (cost=311.72..33519.81 rows=9686 width=121)
	              Recheck Cond: ((id >= 5784227) AND (id <= 5794226))
	              ->  Bitmap Index Scan on sbtest7_pkey  (cost=0.00..309.30 rows=9686 width=0)
	                    Index Cond: ((id >= 5784227) AND (id <= 5794226))

table 8 : explain SELECT DISTINCT c FROM sbtest8 WHERE id BETWEEN 1274294 AND 1284293 ORDER BY c
	Unique  (cost=34173.68..34222.09 rows=9681 width=121)
	  ->  Sort  (cost=34173.68..34197.89 rows=9681 width=121)
	        Sort Key: c
	        ->  Bitmap Heap Scan on sbtest8  (cost=311.67..33532.76 rows=9681 width=121)
	              Recheck Cond: ((id >= 1274294) AND (id <= 1284293))
	              ->  Bitmap Index Scan on sbtest8_pkey  (cost=0.00..309.25 rows=9681 width=0)
	                    Index Cond: ((id >= 1274294) AND (id <= 1284293))

for: distinct_ranges
table 1 : explain SELECT DISTINCT c FROM sbtest1 WHERE id BETWEEN 7920576 AND 7930575 ORDER BY c
	Unique  (cost=32126.66..32171.94 rows=9056 width=121)
	  ->  Sort  (cost=32126.66..32149.30 rows=9056 width=121)
	        Sort Key: c
	        ->  Bitmap Heap Scan on sbtest1  (cost=285.26..31531.47 rows=9056 width=121)
	              Recheck Cond: ((id >= 7920576) AND (id <= 7930575))
	              ->  Bitmap Index Scan on sbtest1_pkey  (cost=0.00..283.00 rows=9056 width=0)
	                    Index Cond: ((id >= 7920576) AND (id <= 7930575))

table 2 : explain SELECT DISTINCT c FROM sbtest2 WHERE id BETWEEN 1063024 AND 1073023 ORDER BY c
	Unique  (cost=36714.19..36766.56 rows=10474 width=121)
	  ->  Sort  (cost=36714.19..36740.38 rows=10474 width=121)
	        Sort Key: c
	        ->  Bitmap Heap Scan on sbtest2  (cost=331.79..36014.81 rows=10474 width=121)
	              Recheck Cond: ((id >= 1063024) AND (id <= 1073023))
	              ->  Bitmap Index Scan on sbtest2_pkey  (cost=0.00..329.18 rows=10474 width=0)
	                    Index Cond: ((id >= 1063024) AND (id <= 1073023))

table 3 : explain SELECT DISTINCT c FROM sbtest3 WHERE id BETWEEN 5989725 AND 5999724 ORDER BY c
	Unique  (cost=36396.11..36447.95 rows=10368 width=121)
	  ->  Sort  (cost=36396.11..36422.03 rows=10368 width=121)
	        Sort Key: c
	        ->  Bitmap Heap Scan on sbtest3  (cost=330.71..35704.57 rows=10368 width=121)
	              Recheck Cond: ((id >= 5989725) AND (id <= 5999724))
	              ->  Bitmap Index Scan on sbtest3_pkey  (cost=0.00..328.12 rows=10368 width=0)
	                    Index Cond: ((id >= 5989725) AND (id <= 5999724))

table 4 : explain SELECT DISTINCT c FROM sbtest4 WHERE id BETWEEN 323093 AND 333092 ORDER BY c
	Unique  (cost=36435.56..36487.05 rows=10299 width=121)
	  ->  Sort  (cost=36435.56..36461.31 rows=10299 width=121)
	        Sort Key: c
	        ->  Bitmap Heap Scan on sbtest4  (cost=330.00..35749.12 rows=10299 width=121)
	              Recheck Cond: ((id >= 323093) AND (id <= 333092))
	              ->  Bitmap Index Scan on sbtest4_pkey  (cost=0.00..327.43 rows=10299 width=0)
	                    Index Cond: ((id >= 323093) AND (id <= 333092))

table 5 : explain SELECT DISTINCT c FROM sbtest5 WHERE id BETWEEN 4710532 AND 4720531 ORDER BY c
	Unique  (cost=37580.94..37634.21 rows=10653 width=121)
	  ->  Sort  (cost=37580.94..37607.57 rows=10653 width=121)
	        Sort Key: c
	        ->  Bitmap Heap Scan on sbtest5  (cost=341.63..36868.31 rows=10653 width=121)
	              Recheck Cond: ((id >= 4710532) AND (id <= 4720531))
	              ->  Bitmap Index Scan on sbtest5_pkey  (cost=0.00..338.96 rows=10653 width=0)
	                    Index Cond: ((id >= 4710532) AND (id <= 4720531))

table 6 : explain SELECT DISTINCT c FROM sbtest6 WHERE id BETWEEN 5295121 AND 5305120 ORDER BY c
	Unique  (cost=33260.36..33307.30 rows=9388 width=121)
	  ->  Sort  (cost=33260.36..33283.83 rows=9388 width=121)
	        Sort Key: c
	        ->  Bitmap Heap Scan on sbtest6  (cost=300.66..32640.91 rows=9388 width=121)
	              Recheck Cond: ((id >= 5295121) AND (id <= 5305120))
	              ->  Bitmap Index Scan on sbtest6_pkey  (cost=0.00..298.31 rows=9388 width=0)
	                    Index Cond: ((id >= 5295121) AND (id <= 5305120))

table 7 : explain SELECT DISTINCT c FROM sbtest7 WHERE id BETWEEN 6212333 AND 6222332 ORDER BY c
	Unique  (cost=35227.44..35277.53 rows=10017 width=121)
	  ->  Sort  (cost=35227.44..35252.49 rows=10017 width=121)
	        Sort Key: c
	        ->  Bitmap Heap Scan on sbtest7  (cost=323.11..34561.81 rows=10017 width=121)
	              Recheck Cond: ((id >= 6212333) AND (id <= 6222332))
	              ->  Bitmap Index Scan on sbtest7_pkey  (cost=0.00..320.61 rows=10017 width=0)
	                    Index Cond: ((id >= 6212333) AND (id <= 6222332))

table 8 : explain SELECT DISTINCT c FROM sbtest8 WHERE id BETWEEN 1798594 AND 1808593 ORDER BY c
	Unique  (cost=35105.44..35155.30 rows=9971 width=121)
	  ->  Sort  (cost=35105.44..35130.37 rows=9971 width=121)
	        Sort Key: c
	        ->  Bitmap Heap Scan on sbtest8  (cost=318.64..34443.19 rows=9971 width=121)
	              Recheck Cond: ((id >= 1798594) AND (id <= 1808593))
	              ->  Bitmap Index Scan on sbtest8_pkey  (cost=0.00..316.15 rows=9971 width=0)
	                    Index Cond: ((id >= 1798594) AND (id <= 1808593))

for: distinct_ranges
table 1 : explain SELECT DISTINCT c FROM sbtest1 WHERE id BETWEEN 9437234 AND 9447233 ORDER BY c
	Unique  (cost=34083.10..34131.40 rows=9660 width=121)
	  ->  Sort  (cost=34083.10..34107.25 rows=9660 width=121)
	        Sort Key: c
	        ->  Bitmap Heap Scan on sbtest1  (cost=303.45..33443.71 rows=9660 width=121)
	              Recheck Cond: ((id >= 9437234) AND (id <= 9447233))
	              ->  Bitmap Index Scan on sbtest1_pkey  (cost=0.00..301.04 rows=9660 width=0)
	                    Index Cond: ((id >= 9437234) AND (id <= 9447233))

table 2 : explain SELECT DISTINCT c FROM sbtest2 WHERE id BETWEEN 3065360 AND 3075359 ORDER BY c
	Unique  (cost=34771.57..34820.91 rows=9867 width=121)
	  ->  Sort  (cost=34771.57..34796.24 rows=9867 width=121)
	        Sort Key: c
	        ->  Bitmap Heap Scan on sbtest2  (cost=313.57..34116.98 rows=9867 width=121)
	              Recheck Cond: ((id >= 3065360) AND (id <= 3075359))
	              ->  Bitmap Index Scan on sbtest2_pkey  (cost=0.00..311.11 rows=9867 width=0)
	                    Index Cond: ((id >= 3065360) AND (id <= 3075359))

table 3 : explain SELECT DISTINCT c FROM sbtest3 WHERE id BETWEEN 156620 AND 166619 ORDER BY c
	Unique  (cost=35233.35..35283.38 rows=10006 width=121)
	  ->  Sort  (cost=35233.35..35258.36 rows=10006 width=121)
	        Sort Key: c
	        ->  Bitmap Heap Scan on sbtest3  (cost=319.00..34568.52 rows=10006 width=121)
	              Recheck Cond: ((id >= 156620) AND (id <= 166619))
	              ->  Bitmap Index Scan on sbtest3_pkey  (cost=0.00..316.50 rows=10006 width=0)
	                    Index Cond: ((id >= 156620) AND (id <= 166619))

table 4 : explain SELECT DISTINCT c FROM sbtest4 WHERE id BETWEEN 8999685 AND 9009684 ORDER BY c
	Unique  (cost=37003.03..37055.40 rows=10475 width=121)
	  ->  Sort  (cost=37003.03..37029.21 rows=10475 width=121)
	        Sort Key: c
	        ->  Bitmap Heap Scan on sbtest4  (cost=335.80..36303.58 rows=10475 width=121)
	              Recheck Cond: ((id >= 8999685) AND (id <= 9009684))
	              ->  Bitmap Index Scan on sbtest4_pkey  (cost=0.00..333.19 rows=10475 width=0)
	                    Index Cond: ((id >= 8999685) AND (id <= 9009684))

table 5 : explain SELECT DISTINCT c FROM sbtest5 WHERE id BETWEEN 6426665 AND 6436664 ORDER BY c
	Unique  (cost=36951.68..37003.97 rows=10458 width=121)
	  ->  Sort  (cost=36951.68..36977.83 rows=10458 width=121)
	        Sort Key: c
	        ->  Bitmap Heap Scan on sbtest5  (cost=335.63..36253.49 rows=10458 width=121)
	              Recheck Cond: ((id >= 6426665) AND (id <= 6436664))
	              ->  Bitmap Index Scan on sbtest5_pkey  (cost=0.00..333.01 rows=10458 width=0)
	                    Index Cond: ((id >= 6426665) AND (id <= 6436664))

table 6 : explain SELECT DISTINCT c FROM sbtest6 WHERE id BETWEEN 1152736 AND 1162735 ORDER BY c
	Unique  (cost=37235.26..37288.37 rows=10622 width=121)
	  ->  Sort  (cost=37235.26..37261.81 rows=10622 width=121)
	        Sort Key: c
	        ->  Bitmap Heap Scan on sbtest6  (cost=341.31..36524.92 rows=10622 width=121)
	              Recheck Cond: ((id >= 1152736) AND (id <= 1162735))
	              ->  Bitmap Index Scan on sbtest6_pkey  (cost=0.00..338.66 rows=10622 width=0)
	                    Index Cond: ((id >= 1152736) AND (id <= 1162735))

table 7 : explain SELECT DISTINCT c FROM sbtest7 WHERE id BETWEEN 8404320 AND 8414319 ORDER BY c
	Unique  (cost=31849.04..31893.90 rows=8972 width=121)
	  ->  Sort  (cost=31849.04..31871.47 rows=8972 width=121)
	        Sort Key: c
	        ->  Bitmap Heap Scan on sbtest7  (cost=288.40..31259.97 rows=8972 width=121)
	              Recheck Cond: ((id >= 8404320) AND (id <= 8414319))
	              ->  Bitmap Index Scan on sbtest7_pkey  (cost=0.00..286.16 rows=8972 width=0)
	                    Index Cond: ((id >= 8404320) AND (id <= 8414319))

table 8 : explain SELECT DISTINCT c FROM sbtest8 WHERE id BETWEEN 5077607 AND 5087606 ORDER BY c
	Unique  (cost=36688.50..36740.83 rows=10466 width=121)
	  ->  Sort  (cost=36688.50..36714.67 rows=10466 width=121)
	        Sort Key: c
	        ->  Bitmap Heap Scan on sbtest8  (cost=335.71..35989.72 rows=10466 width=121)
	              Recheck Cond: ((id >= 5077607) AND (id <= 5087606))
	              ->  Bitmap Index Scan on sbtest8_pkey  (cost=0.00..333.09 rows=10466 width=0)
	                    Index Cond: ((id >= 5077607) AND (id <= 5087606))

for: sum_ranges
table 1 : explain SELECT SUM(k) FROM sbtest1 WHERE id BETWEEN 9354691 AND 9364690
	Aggregate  (cost=33966.02..33966.03 rows=1 width=8)
	  ->  Bitmap Heap Scan on sbtest1  (cost=309.07..33941.47 rows=9818 width=4)
	        Recheck Cond: ((id >= 9354691) AND (id <= 9364690))
	        ->  Bitmap Index Scan on sbtest1_pkey  (cost=0.00..306.62 rows=9818 width=0)
	              Index Cond: ((id >= 9354691) AND (id <= 9364690))

table 2 : explain SELECT SUM(k) FROM sbtest2 WHERE id BETWEEN 6987442 AND 6997441
	Aggregate  (cost=34751.63..34751.64 rows=1 width=8)
	  ->  Bitmap Heap Scan on sbtest2  (cost=319.56..34726.48 rows=10061 width=4)
	        Recheck Cond: ((id >= 6987442) AND (id <= 6997441))
	        ->  Bitmap Index Scan on sbtest2_pkey  (cost=0.00..317.05 rows=10061 width=0)
	              Index Cond: ((id >= 6987442) AND (id <= 6997441))

table 3 : explain SELECT SUM(k) FROM sbtest3 WHERE id BETWEEN 7708167 AND 7718166
	Aggregate  (cost=36247.50..36247.51 rows=1 width=8)
	  ->  Bitmap Heap Scan on sbtest3  (cost=336.41..36221.16 rows=10534 width=4)
	        Recheck Cond: ((id >= 7708167) AND (id <= 7718166))
	        ->  Bitmap Index Scan on sbtest3_pkey  (cost=0.00..333.78 rows=10534 width=0)
	              Index Cond: ((id >= 7708167) AND (id <= 7718166))

table 4 : explain SELECT SUM(k) FROM sbtest4 WHERE id BETWEEN 8970459 AND 8980458
	Aggregate  (cost=36397.72..36397.73 rows=1 width=8)
	  ->  Bitmap Heap Scan on sbtest4  (cost=336.02..36371.48 rows=10496 width=4)
	        Recheck Cond: ((id >= 8970459) AND (id <= 8980458))
	        ->  Bitmap Index Scan on sbtest4_pkey  (cost=0.00..333.40 rows=10496 width=0)
	              Index Cond: ((id >= 8970459) AND (id <= 8980458))

table 5 : explain SELECT SUM(k) FROM sbtest5 WHERE id BETWEEN 4244135 AND 4254134
	Aggregate  (cost=35727.86..35727.87 rows=1 width=8)
	  ->  Bitmap Heap Scan on sbtest5  (cost=329.85..35702.15 rows=10284 width=4)
	        Recheck Cond: ((id >= 4244135) AND (id <= 4254134))
	        ->  Bitmap Index Scan on sbtest5_pkey  (cost=0.00..327.28 rows=10284 width=0)
	              Index Cond: ((id >= 4244135) AND (id <= 4254134))

table 6 : explain SELECT SUM(k) FROM sbtest6 WHERE id BETWEEN 4118314 AND 4128313
	Aggregate  (cost=32843.11..32843.12 rows=1 width=8)
	  ->  Bitmap Heap Scan on sbtest6  (cost=301.24..32819.50 rows=9444 width=4)
	        Recheck Cond: ((id >= 4118314) AND (id <= 4128313))
	        ->  Bitmap Index Scan on sbtest6_pkey  (cost=0.00..298.88 rows=9444 width=0)
	              Index Cond: ((id >= 4118314) AND (id <= 4128313))

table 7 : explain SELECT SUM(k) FROM sbtest7 WHERE id BETWEEN 2807232 AND 2817231
	Aggregate  (cost=35843.26..35843.27 rows=1 width=8)
	  ->  Bitmap Heap Scan on sbtest7  (cost=335.24..35817.21 rows=10420 width=4)
	        Recheck Cond: ((id >= 2807232) AND (id <= 2817231))
	        ->  Bitmap Index Scan on sbtest7_pkey  (cost=0.00..332.63 rows=10420 width=0)
	              Index Cond: ((id >= 2807232) AND (id <= 2817231))

table 8 : explain SELECT SUM(k) FROM sbtest8 WHERE id BETWEEN 568975 AND 578974
	Aggregate  (cost=33038.20..33038.21 rows=1 width=8)
	  ->  Bitmap Heap Scan on sbtest8  (cost=305.98..33014.41 rows=9517 width=4)
	        Recheck Cond: ((id >= 568975) AND (id <= 578974))
	        ->  Bitmap Index Scan on sbtest8_pkey  (cost=0.00..303.61 rows=9517 width=0)
	              Index Cond: ((id >= 568975) AND (id <= 578974))

for: distinct_ranges
table 1 : explain SELECT DISTINCT c FROM sbtest1 WHERE id BETWEEN 8255741 AND 8265740 ORDER BY c
	Unique  (cost=34473.66..34522.56 rows=9781 width=121)
	  ->  Sort  (cost=34473.66..34498.11 rows=9781 width=121)
	        Sort Key: c
	        ->  Bitmap Heap Scan on sbtest1  (cost=308.69..33825.38 rows=9781 width=121)
	              Recheck Cond: ((id >= 8255741) AND (id <= 8265740))
	              ->  Bitmap Index Scan on sbtest1_pkey  (cost=0.00..306.25 rows=9781 width=0)
	                    Index Cond: ((id >= 8255741) AND (id <= 8265740))

table 2 : explain SELECT DISTINCT c FROM sbtest2 WHERE id BETWEEN 1884026 AND 1894025 ORDER BY c
	Unique  (cost=35194.41..35244.40 rows=9998 width=121)
	  ->  Sort  (cost=35194.41..35219.40 rows=9998 width=121)
	        Sort Key: c
	        ->  Bitmap Heap Scan on sbtest2  (cost=318.91..34530.17 rows=9998 width=121)
	              Recheck Cond: ((id >= 1884026) AND (id <= 1894025))
	              ->  Bitmap Index Scan on sbtest2_pkey  (cost=0.00..316.42 rows=9998 width=0)
	                    Index Cond: ((id >= 1884026) AND (id <= 1894025))

table 3 : explain SELECT DISTINCT c FROM sbtest3 WHERE id BETWEEN 6168403 AND 6178402 ORDER BY c
	Unique  (cost=35915.62..35966.71 rows=10218 width=121)
	  ->  Sort  (cost=35915.62..35941.17 rows=10218 width=121)
	        Sort Key: c
	        ->  Bitmap Heap Scan on sbtest3  (cost=325.17..35235.16 rows=10218 width=121)
	              Recheck Cond: ((id >= 6168403) AND (id <= 6178402))
	              ->  Bitmap Index Scan on sbtest3_pkey  (cost=0.00..322.62 rows=10218 width=0)
	                    Index Cond: ((id >= 6168403) AND (id <= 6178402))

table 4 : explain SELECT DISTINCT c FROM sbtest4 WHERE id BETWEEN 9819686 AND 9829685 ORDER BY c
	Unique  (cost=34078.09..34125.96 rows=9575 width=121)
	  ->  Sort  (cost=34078.09..34102.02 rows=9575 width=121)
	        Sort Key: c
	        ->  Bitmap Heap Scan on sbtest4  (cost=306.58..33444.94 rows=9575 width=121)
	              Recheck Cond: ((id >= 9819686) AND (id <= 9829685))
	              ->  Bitmap Index Scan on sbtest4_pkey  (cost=0.00..304.19 rows=9575 width=0)
	                    Index Cond: ((id >= 9819686) AND (id <= 9829685))

table 5 : explain SELECT DISTINCT c FROM sbtest5 WHERE id BETWEEN 8857648 AND 8867647 ORDER BY c
	Unique  (cost=36570.54..36622.24 rows=10339 width=121)
	  ->  Sort  (cost=36570.54..36596.39 rows=10339 width=121)
	        Sort Key: c
	        ->  Bitmap Heap Scan on sbtest5  (cost=334.41..35881.15 rows=10339 width=121)
	              Recheck Cond: ((id >= 8857648) AND (id <= 8867647))
	              ->  Bitmap Index Scan on sbtest5_pkey  (cost=0.00..331.82 rows=10339 width=0)
	                    Index Cond: ((id >= 8857648) AND (id <= 8867647))

table 6 : explain SELECT DISTINCT c FROM sbtest6 WHERE id BETWEEN 5325378 AND 5335377 ORDER BY c
	Unique  (cost=33260.36..33307.30 rows=9388 width=121)
	  ->  Sort  (cost=33260.36..33283.83 rows=9388 width=121)
	        Sort Key: c
	        ->  Bitmap Heap Scan on sbtest6  (cost=300.66..32640.91 rows=9388 width=121)
	              Recheck Cond: ((id >= 5325378) AND (id <= 5335377))
	              ->  Bitmap Index Scan on sbtest6_pkey  (cost=0.00..298.31 rows=9388 width=0)
	                    Index Cond: ((id >= 5325378) AND (id <= 5335377))

table 7 : explain SELECT DISTINCT c FROM sbtest7 WHERE id BETWEEN 6533373 AND 6543372 ORDER BY c
	Unique  (cost=33760.35..33808.16 rows=9562 width=121)
	  ->  Sort  (cost=33760.35..33784.26 rows=9562 width=121)
	        Sort Key: c
	        ->  Bitmap Heap Scan on sbtest7  (cost=306.45..33128.16 rows=9562 width=121)
	              Recheck Cond: ((id >= 6533373) AND (id <= 6543372))
	              ->  Bitmap Index Scan on sbtest7_pkey  (cost=0.00..304.06 rows=9562 width=0)
	                    Index Cond: ((id >= 6533373) AND (id <= 6543372))

table 8 : explain SELECT DISTINCT c FROM sbtest8 WHERE id BETWEEN 8882245 AND 8892244 ORDER BY c
	Unique  (cost=33543.87..33591.30 rows=9486 width=121)
	  ->  Sort  (cost=33543.87..33567.58 rows=9486 width=121)
	        Sort Key: c
	        ->  Bitmap Heap Scan on sbtest8  (cost=305.67..32917.24 rows=9486 width=121)
	              Recheck Cond: ((id >= 8882245) AND (id <= 8892244))
	              ->  Bitmap Index Scan on sbtest8_pkey  (cost=0.00..303.30 rows=9486 width=0)
	                    Index Cond: ((id >= 8882245) AND (id <= 8892244))
for: sum_ranges
table 1 : explain SELECT SUM(k) FROM sbtest1 WHERE id BETWEEN 2886971 AND 2896970
	Aggregate  (cost=33872.45..33872.46 rows=1 width=8)
	  ->  Bitmap Heap Scan on sbtest1  (cost=308.77..33847.98 rows=9789 width=4)
	        Recheck Cond: ((id >= 2886971) AND (id <= 2896970))
	        ->  Bitmap Index Scan on sbtest1_pkey  (cost=0.00..306.32 rows=9789 width=0)
	              Index Cond: ((id >= 2886971) AND (id <= 2896970))

table 2 : explain SELECT SUM(k) FROM sbtest2 WHERE id BETWEEN 535264 AND 545263
	Aggregate  (cost=35906.41..35906.42 rows=1 width=8)
	  ->  Bitmap Heap Scan on sbtest2  (cost=331.34..35880.33 rows=10430 width=4)
	        Recheck Cond: ((id >= 535264) AND (id <= 545263))
	        ->  Bitmap Index Scan on sbtest2_pkey  (cost=0.00..328.74 rows=10430 width=0)
	              Index Cond: ((id >= 535264) AND (id <= 545263))

table 3 : explain SELECT SUM(k) FROM sbtest3 WHERE id BETWEEN 6089528 AND 6099527
	Aggregate  (cost=36029.58..36029.59 rows=1 width=8)
	  ->  Bitmap Heap Scan on sbtest3  (cost=335.68..36003.43 rows=10463 width=4)
	        Recheck Cond: ((id >= 6089528) AND (id <= 6099527))
	        ->  Bitmap Index Scan on sbtest3_pkey  (cost=0.00..333.06 rows=10463 width=0)
	              Index Cond: ((id >= 6089528) AND (id <= 6099527))

table 4 : explain SELECT SUM(k) FROM sbtest4 WHERE id BETWEEN 9949180 AND 9959179
	Aggregate  (cost=37471.67..37471.68 rows=1 width=8)
	  ->  Bitmap Heap Scan on sbtest4  (cost=347.51..37444.57 rows=10837 width=4)
	        Recheck Cond: ((id >= 9949180) AND (id <= 9959179))
	        ->  Bitmap Index Scan on sbtest4_pkey  (cost=0.00..344.81 rows=10837 width=0)
	              Index Cond: ((id >= 9949180) AND (id <= 9959179))

table 5 : explain SELECT SUM(k) FROM sbtest5 WHERE id BETWEEN 3117132 AND 3127131
	Aggregate  (cost=34911.50..34911.51 rows=1 width=8)
	  ->  Bitmap Heap Scan on sbtest5  (cost=323.20..34886.44 rows=10026 width=4)
	        Recheck Cond: ((id >= 3117132) AND (id <= 3127131))
	        ->  Bitmap Index Scan on sbtest5_pkey  (cost=0.00..320.69 rows=10026 width=0)
	              Index Cond: ((id >= 3117132) AND (id <= 3127131))

table 6 : explain SELECT SUM(k) FROM sbtest6 WHERE id BETWEEN 5490544 AND 5500543
	Aggregate  (cost=33642.63..33642.64 rows=1 width=8)
	  ->  Bitmap Heap Scan on sbtest6  (cost=311.82..33618.39 rows=9696 width=4)
	        Recheck Cond: ((id >= 5490544) AND (id <= 5500543))
	        ->  Bitmap Index Scan on sbtest6_pkey  (cost=0.00..309.40 rows=9696 width=0)
	              Index Cond: ((id >= 5490544) AND (id <= 5500543))

table 7 : explain SELECT SUM(k) FROM sbtest7 WHERE id BETWEEN 8029926 AND 8039925
	Aggregate  (cost=33087.33..33087.34 rows=1 width=8)
	  ->  Bitmap Heap Scan on sbtest7  (cost=306.23..33063.48 rows=9541 width=4)
	        Recheck Cond: ((id >= 8029926) AND (id <= 8039925))
	        ->  Bitmap Index Scan on sbtest7_pkey  (cost=0.00..303.84 rows=9541 width=0)
	              Index Cond: ((id >= 8029926) AND (id <= 8039925))

table 8 : explain SELECT SUM(k) FROM sbtest8 WHERE id BETWEEN 2401541 AND 2411540
	Aggregate  (cost=34471.37..34471.38 rows=1 width=8)
	  ->  Bitmap Heap Scan on sbtest8  (cost=318.66..34446.44 rows=9973 width=4)
	        Recheck Cond: ((id >= 2401541) AND (id <= 2411540))
	        ->  Bitmap Index Scan on sbtest8_pkey  (cost=0.00..316.17 rows=9973 width=0)
	              Index Cond: ((id >= 2401541) AND (id <= 2411540))


for: simple_ranges
table 1 : explain SELECT c FROM sbtest1 WHERE id BETWEEN 1253925 AND 1263924
	Bitmap Heap Scan on sbtest1  (cost=331.83..36006.07 rows=10478 width=121)
	  Recheck Cond: ((id >= 1253925) AND (id <= 1263924))
	  ->  Bitmap Index Scan on sbtest1_pkey  (cost=0.00..329.21 rows=10478 width=0)
	        Index Cond: ((id >= 1253925) AND (id <= 1263924))

table 2 : explain SELECT c FROM sbtest2 WHERE id BETWEEN 9997064 AND 10007063
	Bitmap Heap Scan on sbtest2  (cost=93.81..10722.56 rows=2866 width=121)
	  Recheck Cond: ((id >= 9997064) AND (id <= 10007063))
	  ->  Bitmap Index Scan on sbtest2_pkey  (cost=0.00..93.09 rows=2866 width=0)
	        Index Cond: ((id >= 9997064) AND (id <= 10007063))

table 3 : explain SELECT c FROM sbtest3 WHERE id BETWEEN 1579113 AND 1589112
	Bitmap Heap Scan on sbtest3  (cost=324.04..34891.19 rows=10108 width=121)
	  Recheck Cond: ((id >= 1579113) AND (id <= 1589112))
	  ->  Bitmap Index Scan on sbtest3_pkey  (cost=0.00..321.51 rows=10108 width=0)
	        Index Cond: ((id >= 1579113) AND (id <= 1589112))

table 4 : explain SELECT c FROM sbtest4 WHERE id BETWEEN 1338922 AND 1348921
	Bitmap Heap Scan on sbtest4  (cost=293.86..31971.75 rows=9115 width=121)
	  Recheck Cond: ((id >= 1338922) AND (id <= 1348921))
	  ->  Bitmap Index Scan on sbtest4_pkey  (cost=0.00..291.58 rows=9115 width=0)
	        Index Cond: ((id >= 1338922) AND (id <= 1348921))

table 5 : explain SELECT c FROM sbtest5 WHERE id BETWEEN 1786980 AND 1796979
	Bitmap Heap Scan on sbtest5  (cost=340.95..36661.63 rows=10587 width=121)
	  Recheck Cond: ((id >= 1786980) AND (id <= 1796979))
	  ->  Bitmap Index Scan on sbtest5_pkey  (cost=0.00..338.31 rows=10587 width=0)
	        Index Cond: ((id >= 1786980) AND (id <= 1796979))

table 6 : explain SELECT c FROM sbtest6 WHERE id BETWEEN 9572882 AND 9582881
	Bitmap Heap Scan on sbtest6  (cost=318.74..34514.03 rows=9981 width=121)
	  Recheck Cond: ((id >= 9572882) AND (id <= 9582881))
	  ->  Bitmap Index Scan on sbtest6_pkey  (cost=0.00..316.25 rows=9981 width=0)
	        Index Cond: ((id >= 9572882) AND (id <= 9582881))

table 7 : explain SELECT c FROM sbtest7 WHERE id BETWEEN 9248147 AND 9258146
	Bitmap Heap Scan on sbtest7  (cost=335.13..35785.21 rows=10409 width=121)
	  Recheck Cond: ((id >= 9248147) AND (id <= 9258146))
	  ->  Bitmap Index Scan on sbtest7_pkey  (cost=0.00..332.53 rows=10409 width=0)
	        Index Cond: ((id >= 9248147) AND (id <= 9258146))

table 8 : explain SELECT c FROM sbtest8 WHERE id BETWEEN 9256003 AND 9266002
	Bitmap Heap Scan on sbtest8  (cost=311.64..33526.29 rows=9679 width=121)
	  Recheck Cond: ((id >= 9256003) AND (id <= 9266002))
	  ->  Bitmap Index Scan on sbtest8_pkey  (cost=0.00..309.23 rows=9679 width=0)
	        Index Cond: ((id >= 9256003) AND (id <= 9266002))

for: distinct_ranges
table 1 : explain SELECT DISTINCT c FROM sbtest1 WHERE id BETWEEN 4778169 AND 4788168 ORDER BY c
	Unique  (cost=36282.21..36333.94 rows=10345 width=121)
	  ->  Sort  (cost=36282.21..36308.08 rows=10345 width=121)
	        Sort Key: c
	        ->  Bitmap Heap Scan on sbtest1  (cost=326.47..35592.38 rows=10345 width=121)
	              Recheck Cond: ((id >= 4778169) AND (id <= 4788168))
	              ->  Bitmap Index Scan on sbtest1_pkey  (cost=0.00..323.88 rows=10345 width=0)
	                    Index Cond: ((id >= 4778169) AND (id <= 4788168))

table 2 : explain SELECT DISTINCT c FROM sbtest2 WHERE id BETWEEN 4548462 AND 4558461 ORDER BY c
	Unique  (cost=36119.65..36171.09 rows=10288 width=121)
	  ->  Sort  (cost=36119.65..36145.37 rows=10288 width=121)
	        Sort Key: c
	        ->  Bitmap Heap Scan on sbtest2  (cost=325.89..35434.02 rows=10288 width=121)
	              Recheck Cond: ((id >= 4548462) AND (id <= 4558461))
	              ->  Bitmap Index Scan on sbtest2_pkey  (cost=0.00..323.31 rows=10288 width=0)
	                    Index Cond: ((id >= 4548462) AND (id <= 4558461))

table 3 : explain SELECT DISTINCT c FROM sbtest3 WHERE id BETWEEN 1664394 AND 1674393 ORDER BY c
	Unique  (cost=37351.34..37404.68 rows=10667 width=121)
	  ->  Sort  (cost=37351.34..37378.01 rows=10667 width=121)
	        Sort Key: c
	        ->  Bitmap Heap Scan on sbtest3  (cost=341.77..36637.67 rows=10667 width=121)
	              Recheck Cond: ((id >= 1664394) AND (id <= 1674393))
	              ->  Bitmap Index Scan on sbtest3_pkey  (cost=0.00..339.11 rows=10667 width=0)
	                    Index Cond: ((id >= 1664394) AND (id <= 1674393))

table 4 : explain SELECT DISTINCT c FROM sbtest4 WHERE id BETWEEN 2305944 AND 2315943 ORDER BY c
	Unique  (cost=34556.56..34605.17 rows=9721 width=121)
	  ->  Sort  (cost=34556.56..34580.87 rows=9721 width=121)
	        Sort Key: c
	        ->  Bitmap Heap Scan on sbtest4  (cost=312.08..33912.70 rows=9721 width=121)
	              Recheck Cond: ((id >= 2305944) AND (id <= 2315943))
	              ->  Bitmap Index Scan on sbtest4_pkey  (cost=0.00..309.65 rows=9721 width=0)
	                    Index Cond: ((id >= 2305944) AND (id <= 2315943))

table 5 : explain SELECT DISTINCT c FROM sbtest5 WHERE id BETWEEN 6032220 AND 6042219 ORDER BY c
	Unique  (cost=33607.61..33654.76 rows=9430 width=121)
	  ->  Sort  (cost=33607.61..33631.18 rows=9430 width=121)
	        Sort Key: c
	        ->  Bitmap Heap Scan on sbtest5  (cost=305.09..32985.08 rows=9430 width=121)
	              Recheck Cond: ((id >= 6032220) AND (id <= 6042219))
	              ->  Bitmap Index Scan on sbtest5_pkey  (cost=0.00..302.74 rows=9430 width=0)
	                    Index Cond: ((id >= 6032220) AND (id <= 6042219))

table 6 : explain SELECT DISTINCT c FROM sbtest6 WHERE id BETWEEN 6369755 AND 6379754 ORDER BY c
	Unique  (cost=36805.01..36857.45 rows=10488 width=121)
	  ->  Sort  (cost=36805.01..36831.23 rows=10488 width=121)
	        Sort Key: c
	        ->  Bitmap Heap Scan on sbtest6  (cost=335.94..36104.60 rows=10488 width=121)
	              Recheck Cond: ((id >= 6369755) AND (id <= 6379754))
	              ->  Bitmap Index Scan on sbtest6_pkey  (cost=0.00..333.31 rows=10488 width=0)
	                    Index Cond: ((id >= 6369755) AND (id <= 6379754))

table 7 : explain SELECT DISTINCT c FROM sbtest7 WHERE id BETWEEN 295453 AND 305452 ORDER BY c
	Unique  (cost=36283.17..36334.91 rows=10347 width=121)
	  ->  Sort  (cost=36283.17..36309.04 rows=10347 width=121)
	        Sort Key: c
	        ->  Bitmap Heap Scan on sbtest7  (cost=334.49..35593.19 rows=10347 width=121)
	              Recheck Cond: ((id >= 295453) AND (id <= 305452))
	              ->  Bitmap Index Scan on sbtest7_pkey  (cost=0.00..331.91 rows=10347 width=0)
	                    Index Cond: ((id >= 295453) AND (id <= 305452))

table 8 : explain SELECT DISTINCT c FROM sbtest8 WHERE id BETWEEN 9515897 AND 9525896 ORDER BY c
	Unique  (cost=35906.72..35957.83 rows=10221 width=121)
	  ->  Sort  (cost=35906.72..35932.28 rows=10221 width=121)
	        Sort Key: c
	        ->  Bitmap Heap Scan on sbtest8  (cost=329.20..35226.04 rows=10221 width=121)
	              Recheck Cond: ((id >= 9515897) AND (id <= 9525896))
	              ->  Bitmap Index Scan on sbtest8_pkey  (cost=0.00..326.65 rows=10221 width=0)
	                    Index Cond: ((id >= 9515897) AND (id <= 9525896))

for: simple_ranges
table 1 : explain SELECT c FROM sbtest1 WHERE id BETWEEN 6594055 AND 6604054
	Bitmap Heap Scan on sbtest1  (cost=278.44..30656.78 rows=8781 width=121)
	  Recheck Cond: ((id >= 6594055) AND (id <= 6604054))
	  ->  Bitmap Index Scan on sbtest1_pkey  (cost=0.00..276.25 rows=8781 width=0)
	        Index Cond: ((id >= 6594055) AND (id <= 6604054))

table 2 : explain SELECT c FROM sbtest2 WHERE id BETWEEN 1915841 AND 1925840
	Bitmap Heap Scan on sbtest2  (cost=313.26..34023.45 rows=9837 width=121)
	  Recheck Cond: ((id >= 1915841) AND (id <= 1925840))
	  ->  Bitmap Index Scan on sbtest2_pkey  (cost=0.00..310.81 rows=9837 width=0)
	        Index Cond: ((id >= 1915841) AND (id <= 1925840))

table 3 : explain SELECT c FROM sbtest3 WHERE id BETWEEN 7695953 AND 7705952
	Bitmap Heap Scan on sbtest3  (cost=336.41..36221.16 rows=10534 width=121)
	  Recheck Cond: ((id >= 7695953) AND (id <= 7705952))
	  ->  Bitmap Index Scan on sbtest3_pkey  (cost=0.00..333.78 rows=10534 width=0)
	        Index Cond: ((id >= 7695953) AND (id <= 7705952))

table 4 : explain SELECT c FROM sbtest4 WHERE id BETWEEN 9457399 AND 9467398
	Bitmap Heap Scan on sbtest4  (cost=340.81..36614.69 rows=10573 width=121)
	  Recheck Cond: ((id >= 9457399) AND (id <= 9467398))
	  ->  Bitmap Index Scan on sbtest4_pkey  (cost=0.00..338.17 rows=10573 width=0)
	        Index Cond: ((id >= 9457399) AND (id <= 9467398))

table 5 : explain SELECT c FROM sbtest5 WHERE id BETWEEN 4752365 AND 4762364
	Bitmap Heap Scan on sbtest5  (cost=341.63..36868.31 rows=10653 width=121)
	  Recheck Cond: ((id >= 4752365) AND (id <= 4762364))
	  ->  Bitmap Index Scan on sbtest5_pkey  (cost=0.00..338.96 rows=10653 width=0)
	        Index Cond: ((id >= 4752365) AND (id <= 4762364))

table 6 : explain SELECT c FROM sbtest6 WHERE id BETWEEN 3883855 AND 3893854
	Bitmap Heap Scan on sbtest6  (cost=305.91..33031.19 rows=9510 width=121)
	  Recheck Cond: ((id >= 3883855) AND (id <= 3893854))
	  ->  Bitmap Index Scan on sbtest6_pkey  (cost=0.00..303.54 rows=9510 width=0)
	        Index Cond: ((id >= 3883855) AND (id <= 3893854))

table 7 : explain SELECT c FROM sbtest7 WHERE id BETWEEN 4933317 AND 4943316
	Bitmap Heap Scan on sbtest7  (cost=346.48..36802.14 rows=10736 width=121)
	  Recheck Cond: ((id >= 4933317) AND (id <= 4943316))
	  ->  Bitmap Index Scan on sbtest7_pkey  (cost=0.00..343.80 rows=10736 width=0)
	        Index Cond: ((id >= 4933317) AND (id <= 4943316))

table 8 : explain SELECT c FROM sbtest8 WHERE id BETWEEN 2606413 AND 2616412
	Bitmap Heap Scan on sbtest8  (cost=305.17..32764.95 rows=9438 width=121)
	  Recheck Cond: ((id >= 2606413) AND (id <= 2616412))
	  ->  Bitmap Index Scan on sbtest8_pkey  (cost=0.00..302.81 rows=9438 width=0)
	        Index Cond: ((id >= 2606413) AND (id <= 2616412))

explain: for point_selects :: explain SELECT c FROM sbtest%u WHERE id=%u
explain: for point_selects :: explain SELECT c FROM sbtest%u WHERE id=%u
for point_selects
table 1 : explain SELECT c FROM sbtest1 WHERE id=5350386
	Index Scan using sbtest1_pkey on sbtest1  (cost=0.43..8.45 rows=1 width=121)
	  Index Cond: (id = 5350386)

table 2 : explain SELECT c FROM sbtest2 WHERE id=3653935
	Index Scan using sbtest2_pkey on sbtest2  (cost=0.43..8.45 rows=1 width=121)
	  Index Cond: (id = 3653935)

table 3 : explain SELECT c FROM sbtest3 WHERE id=8266394
	Index Scan using sbtest3_pkey on sbtest3  (cost=0.43..8.45 rows=1 width=121)
	  Index Cond: (id = 8266394)

table 4 : explain SELECT c FROM sbtest4 WHERE id=6623055
	Index Scan using sbtest4_pkey on sbtest4  (cost=0.43..8.45 rows=1 width=121)
	  Index Cond: (id = 6623055)

table 5 : explain SELECT c FROM sbtest5 WHERE id=9641686
	Index Scan using sbtest5_pkey on sbtest5  (cost=0.43..8.45 rows=1 width=121)
	  Index Cond: (id = 9641686)

table 6 : explain SELECT c FROM sbtest6 WHERE id=4275185
	Index Scan using sbtest6_pkey on sbtest6  (cost=0.43..8.45 rows=1 width=121)
	  Index Cond: (id = 4275185)

table 7 : explain SELECT c FROM sbtest7 WHERE id=7742636
	Index Scan using sbtest7_pkey on sbtest7  (cost=0.43..8.45 rows=1 width=121)
	  Index Cond: (id = 7742636)

table 8 : explain SELECT c FROM sbtest8 WHERE id=3860730
	Index Scan using sbtest8_pkey on sbtest8  (cost=0.43..8.45 rows=1 width=121)
	  Index Cond: (id = 3860730)

for: order_ranges
table 1 : explain SELECT c FROM sbtest1 WHERE id BETWEEN 6882806 AND 6892805 ORDER BY c
	Sort  (cost=34242.49..34266.76 rows=9709 width=121)
	  Sort Key: c
	  ->  Bitmap Heap Scan on sbtest1  (cost=307.95..33599.50 rows=9709 width=121)
	        Recheck Cond: ((id >= 6882806) AND (id <= 6892805))
	        ->  Bitmap Index Scan on sbtest1_pkey  (cost=0.00..305.53 rows=9709 width=0)
	              Index Cond: ((id >= 6882806) AND (id <= 6892805))

table 2 : explain SELECT c FROM sbtest2 WHERE id BETWEEN 3457214 AND 3467213 ORDER BY c
	Sort  (cost=37853.81..37880.89 rows=10832 width=121)
	  Sort Key: c
	  ->  Bitmap Heap Scan on sbtest2  (cost=343.46..37127.91 rows=10832 width=121)
	        Recheck Cond: ((id >= 3457214) AND (id <= 3467213))
	        ->  Bitmap Index Scan on sbtest2_pkey  (cost=0.00..340.75 rows=10832 width=0)
	              Index Cond: ((id >= 3457214) AND (id <= 3467213))

table 3 : explain SELECT c FROM sbtest3 WHERE id BETWEEN 4897200 AND 4907199 ORDER BY c
	Sort  (cost=37230.28..37256.85 rows=10629 width=121)
	  Sort Key: c
	  ->  Bitmap Heap Scan on sbtest3  (cost=341.38..36519.43 rows=10629 width=121)
	        Recheck Cond: ((id >= 4897200) AND (id <= 4907199))
	        ->  Bitmap Index Scan on sbtest3_pkey  (cost=0.00..338.73 rows=10629 width=0)
	              Index Cond: ((id >= 4897200) AND (id <= 4907199))

table 4 : explain SELECT c FROM sbtest4 WHERE id BETWEEN 9761429 AND 9771428 ORDER BY c
	Sort  (cost=35730.81..35756.02 rows=10082 width=121)
	  Sort Key: c
	  ->  Bitmap Heap Scan on sbtest4  (cost=323.78..35060.39 rows=10082 width=121)
	        Recheck Cond: ((id >= 9761429) AND (id <= 9771428))
	        ->  Bitmap Index Scan on sbtest4_pkey  (cost=0.00..321.25 rows=10082 width=0)
	              Index Cond: ((id >= 9761429) AND (id <= 9771428))

table 5 : explain SELECT c FROM sbtest5 WHERE id BETWEEN 5215308 AND 5225307 ORDER BY c
	Sort  (cost=32111.07..32133.51 rows=8976 width=121)
	  Sort Key: c
	  ->  Bitmap Heap Scan on sbtest5  (cost=288.44..31521.71 rows=8976 width=121)
	        Recheck Cond: ((id >= 5215308) AND (id <= 5225307))
	        ->  Bitmap Index Scan on sbtest5_pkey  (cost=0.00..286.19 rows=8976 width=0)
	              Index Cond: ((id >= 5215308) AND (id <= 5225307))

table 6 : explain SELECT c FROM sbtest6 WHERE id BETWEEN 1255188 AND 1265187 ORDER BY c
	Sort  (cost=35866.78..35892.27 rows=10196 width=121)
	  Sort Key: c
	  ->  Bitmap Heap Scan on sbtest6  (cost=324.94..35187.94 rows=10196 width=121)
	        Recheck Cond: ((id >= 1255188) AND (id <= 1265187))
	        ->  Bitmap Index Scan on sbtest6_pkey  (cost=0.00..322.40 rows=10196 width=0)
	              Index Cond: ((id >= 1255188) AND (id <= 1265187))

table 7 : explain SELECT c FROM sbtest7 WHERE id BETWEEN 9589076 AND 9599075 ORDER BY c
	Sort  (cost=33083.90..33107.28 rows=9353 width=121)
	  Sort Key: c
	  ->  Bitmap Heap Scan on sbtest7  (cost=300.30..32467.01 rows=9353 width=121)
	        Recheck Cond: ((id >= 9589076) AND (id <= 9599075))
	        ->  Bitmap Index Scan on sbtest7_pkey  (cost=0.00..297.96 rows=9353 width=0)
	              Index Cond: ((id >= 9589076) AND (id <= 9599075))

table 8 : explain SELECT c FROM sbtest8 WHERE id BETWEEN 1357991 AND 1367990 ORDER BY c
	Sort  (cost=33613.51..33637.28 rows=9508 width=121)
	  Sort Key: c
	  ->  Bitmap Heap Scan on sbtest8  (cost=305.89..32985.27 rows=9508 width=121)
	        Recheck Cond: ((id >= 1357991) AND (id <= 1367990))
	        ->  Bitmap Index Scan on sbtest8_pkey  (cost=0.00..303.51 rows=9508 width=0)
	              Index Cond: ((id >= 1357991) AND (id <= 1367990))

for: order_ranges
table 1 : explain SELECT c FROM sbtest1 WHERE id BETWEEN 243824 AND 253823 ORDER BY c
	Sort  (cost=35466.98..35492.21 rows=10090 width=121)
	  Sort Key: c
	  ->  Bitmap Heap Scan on sbtest1  (cost=319.86..34795.97 rows=10090 width=121)
	        Recheck Cond: ((id >= 243824) AND (id <= 253823))
	        ->  Bitmap Index Scan on sbtest1_pkey  (cost=0.00..317.33 rows=10090 width=0)
	              Index Cond: ((id >= 243824) AND (id <= 253823))

table 2 : explain SELECT c FROM sbtest2 WHERE id BETWEEN 4887142 AND 4897141 ORDER BY c
	Sort  (cost=34146.36..34170.54 rows=9673 width=121)
	  Sort Key: c
	  ->  Bitmap Heap Scan on sbtest2  (cost=307.58..33506.02 rows=9673 width=121)
	        Recheck Cond: ((id >= 4887142) AND (id <= 4897141))
	        ->  Bitmap Index Scan on sbtest2_pkey  (cost=0.00..305.17 rows=9673 width=0)
	              Index Cond: ((id >= 4887142) AND (id <= 4897141))

table 3 : explain SELECT c FROM sbtest3 WHERE id BETWEEN 9212870 AND 9222869 ORDER BY c
	Sort  (cost=32446.82..32469.68 rows=9143 width=121)
	  Sort Key: c
	  ->  Bitmap Heap Scan on sbtest3  (cost=294.15..31845.28 rows=9143 width=121)
	        Recheck Cond: ((id >= 9212870) AND (id <= 9222869))
	        ->  Bitmap Index Scan on sbtest3_pkey  (cost=0.00..291.87 rows=9143 width=0)
	              Index Cond: ((id >= 9212870) AND (id <= 9222869))

table 4 : explain SELECT c FROM sbtest4 WHERE id BETWEEN 5342870 AND 5352869 ORDER BY c
	Sort  (cost=34970.97..34995.59 rows=9848 width=121)
	  Sort Key: c
	  ->  Bitmap Heap Scan on sbtest4  (cost=317.38..34317.77 rows=9848 width=121)
	        Recheck Cond: ((id >= 5342870) AND (id <= 5352869))
	        ->  Bitmap Index Scan on sbtest4_pkey  (cost=0.00..314.92 rows=9848 width=0)
	              Index Cond: ((id >= 5342870) AND (id <= 5352869))

table 5 : explain SELECT c FROM sbtest5 WHERE id BETWEEN 6336779 AND 6346778 ORDER BY c
	Sort  (cost=35282.35..35307.21 rows=9943 width=121)
	  Sort Key: c
	  ->  Bitmap Heap Scan on sbtest5  (cost=318.35..34622.16 rows=9943 width=121)
	        Recheck Cond: ((id >= 6336779) AND (id <= 6346778))
	        ->  Bitmap Index Scan on sbtest5_pkey  (cost=0.00..315.87 rows=9943 width=0)
	              Index Cond: ((id >= 6336779) AND (id <= 6346778))

table 6 : explain SELECT c FROM sbtest6 WHERE id BETWEEN 7030131 AND 7040130 ORDER BY c
	Sort  (cost=36061.60..36087.24 rows=10255 width=121)
	  Sort Key: c
	  ->  Bitmap Heap Scan on sbtest6  (cost=329.55..35378.41 rows=10255 width=121)
	        Recheck Cond: ((id >= 7030131) AND (id <= 7040130))
	        ->  Bitmap Index Scan on sbtest6_pkey  (cost=0.00..326.99 rows=10255 width=0)
	              Index Cond: ((id >= 7030131) AND (id <= 7040130))

table 7 : explain SELECT c FROM sbtest7 WHERE id BETWEEN 1700306 AND 1710305 ORDER BY c
	Sort  (cost=37265.61..37292.25 rows=10657 width=121)
	  Sort Key: c
	  ->  Bitmap Heap Scan on sbtest7  (cost=341.67..36552.68 rows=10657 width=121)
	        Recheck Cond: ((id >= 1700306) AND (id <= 1710305))
	        ->  Bitmap Index Scan on sbtest7_pkey  (cost=0.00..339.00 rows=10657 width=0)
	              Index Cond: ((id >= 1700306) AND (id <= 1710305))

table 8 : explain SELECT c FROM sbtest8 WHERE id BETWEEN 3102930 AND 3112929 ORDER BY c
	Sort  (cost=33765.87..33789.76 rows=9555 width=121)
	  Sort Key: c
	  ->  Bitmap Heap Scan on sbtest8  (cost=306.37..33134.19 rows=9555 width=121)
	        Recheck Cond: ((id >= 3102930) AND (id <= 3112929))
	        ->  Bitmap Index Scan on sbtest8_pkey  (cost=0.00..303.99 rows=9555 width=0)
	              Index Cond: ((id >= 3102930) AND (id <= 3112929))

for: sum_ranges
table 1 : explain SELECT SUM(k) FROM sbtest1 WHERE id BETWEEN 3742649 AND 3752648
	Aggregate  (cost=33956.34..33956.35 rows=1 width=8)
	  ->  Bitmap Heap Scan on sbtest1  (cost=309.04..33931.80 rows=9815 width=4)
	        Recheck Cond: ((id >= 3742649) AND (id <= 3752648))
	        ->  Bitmap Index Scan on sbtest1_pkey  (cost=0.00..306.58 rows=9815 width=0)
	              Index Cond: ((id >= 3742649) AND (id <= 3752648))

table 2 : explain SELECT SUM(k) FROM sbtest2 WHERE id BETWEEN 8742096 AND 8752095
	Aggregate  (cost=33633.70..33633.71 rows=1 width=8)
	  ->  Bitmap Heap Scan on sbtest2  (cost=307.92..33609.44 rows=9706 width=4)
	        Recheck Cond: ((id >= 8742096) AND (id <= 8752095))
	        ->  Bitmap Index Scan on sbtest2_pkey  (cost=0.00..305.50 rows=9706 width=0)
	              Index Cond: ((id >= 8742096) AND (id <= 8752095))

table 3 : explain SELECT SUM(k) FROM sbtest3 WHERE id BETWEEN 1851474 AND 1861473
	Aggregate  (cost=36257.10..36257.11 rows=1 width=8)
	  ->  Bitmap Heap Scan on sbtest3  (cost=336.44..36230.76 rows=10537 width=4)
	        Recheck Cond: ((id >= 1851474) AND (id <= 1861473))
	        ->  Bitmap Index Scan on sbtest3_pkey  (cost=0.00..333.81 rows=10537 width=0)
	              Index Cond: ((id >= 1851474) AND (id <= 1861473))

table 4 : explain SELECT SUM(k) FROM sbtest4 WHERE id BETWEEN 8375225 AND 8385224
	Aggregate  (cost=31760.20..31760.21 rows=1 width=8)
	  ->  Bitmap Heap Scan on sbtest4  (cost=289.14..31737.59 rows=9044 width=4)
	        Recheck Cond: ((id >= 8375225) AND (id <= 8385224))
	        ->  Bitmap Index Scan on sbtest4_pkey  (cost=0.00..286.88 rows=9044 width=0)
	              Index Cond: ((id >= 8375225) AND (id <= 8385224))

table 5 : explain SELECT SUM(k) FROM sbtest5 WHERE id BETWEEN 6256037 AND 6266036
	Aggregate  (cost=31698.98..31698.99 rows=1 width=8)
	  ->  Bitmap Heap Scan on sbtest5  (cost=288.93..31676.42 rows=9024 width=4)
	        Recheck Cond: ((id >= 6256037) AND (id <= 6266036))
	        ->  Bitmap Index Scan on sbtest5_pkey  (cost=0.00..286.68 rows=9024 width=0)
	              Index Cond: ((id >= 6256037) AND (id <= 6266036))

table 6 : explain SELECT SUM(k) FROM sbtest6 WHERE id BETWEEN 7164577 AND 7174576
	Aggregate  (cost=35326.07..35326.08 rows=1 width=8)
	  ->  Bitmap Heap Scan on sbtest6  (cost=325.31..35300.49 rows=10232 width=4)
	        Recheck Cond: ((id >= 7164577) AND (id <= 7174576))
	        ->  Bitmap Index Scan on sbtest6_pkey  (cost=0.00..322.75 rows=10232 width=0)
	              Index Cond: ((id >= 7164577) AND (id <= 7174576))

table 7 : explain SELECT SUM(k) FROM sbtest7 WHERE id BETWEEN 5387870 AND 5397869
	Aggregate  (cost=34067.58..34067.59 rows=1 width=8)
	  ->  Bitmap Heap Scan on sbtest7  (cost=317.42..34042.95 rows=9852 width=4)
	        Recheck Cond: ((id >= 5387870) AND (id <= 5397869))
	        ->  Bitmap Index Scan on sbtest7_pkey  (cost=0.00..314.95 rows=9852 width=0)
	              Index Cond: ((id >= 5387870) AND (id <= 5397869))

table 8 : explain SELECT SUM(k) FROM sbtest8 WHERE id BETWEEN 7704659 AND 7714658
	Aggregate  (cost=34919.67..34919.68 rows=1 width=8)
	  ->  Bitmap Heap Scan on sbtest8  (cost=324.11..34894.38 rows=10115 width=4)
	        Recheck Cond: ((id >= 7704659) AND (id <= 7714658))
	        ->  Bitmap Index Scan on sbtest8_pkey  (cost=0.00..321.58 rows=10115 width=0)
	              Index Cond: ((id >= 7704659) AND (id <= 7714658))

for: simple_ranges
table 1 : explain SELECT c FROM sbtest1 WHERE id BETWEEN 8668973 AND 8678972
	Bitmap Heap Scan on sbtest1  (cost=309.36..34028.51 rows=9846 width=121)
	  Recheck Cond: ((id >= 8668973) AND (id <= 8678972))
	  ->  Bitmap Index Scan on sbtest1_pkey  (cost=0.00..306.90 rows=9846 width=0)
	        Index Cond: ((id >= 8668973) AND (id <= 8678972))

table 2 : explain SELECT c FROM sbtest2 WHERE id BETWEEN 3509043 AND 3519042
	Bitmap Heap Scan on sbtest2  (cost=336.09..36108.42 rows=10503 width=121)
	  Recheck Cond: ((id >= 3509043) AND (id <= 3519042))
	  ->  Bitmap Index Scan on sbtest2_pkey  (cost=0.00..333.46 rows=10503 width=0)
	        Index Cond: ((id >= 3509043) AND (id <= 3519042))

table 3 : explain SELECT c FROM sbtest3 WHERE id BETWEEN 3685661 AND 3695660
	Bitmap Heap Scan on sbtest3  (cost=318.79..34507.30 rows=9986 width=121)
	  Recheck Cond: ((id >= 3685661) AND (id <= 3695660))
	  ->  Bitmap Index Scan on sbtest3_pkey  (cost=0.00..316.30 rows=9986 width=0)
	        Index Cond: ((id >= 3685661) AND (id <= 3695660))

table 4 : explain SELECT c FROM sbtest4 WHERE id BETWEEN 6097820 AND 6107819
	Bitmap Heap Scan on sbtest4  (cost=340.53..36530.67 rows=10546 width=121)
	  Recheck Cond: ((id >= 6097820) AND (id <= 6107819))
	  ->  Bitmap Index Scan on sbtest4_pkey  (cost=0.00..337.90 rows=10546 width=0)
	        Index Cond: ((id >= 6097820) AND (id <= 6107819))

table 5 : explain SELECT c FROM sbtest5 WHERE id BETWEEN 6394026 AND 6404025
	Bitmap Heap Scan on sbtest5  (cost=329.94..35731.32 rows=10293 width=121)
	  Recheck Cond: ((id >= 6394026) AND (id <= 6404025))
	  ->  Bitmap Index Scan on sbtest5_pkey  (cost=0.00..327.37 rows=10293 width=0)
	        Index Cond: ((id >= 6394026) AND (id <= 6404025))

table 6 : explain SELECT c FROM sbtest6 WHERE id BETWEEN 328698 AND 338697
	Bitmap Heap Scan on sbtest6  (cost=325.24..35281.18 rows=10225 width=121)
	  Recheck Cond: ((id >= 328698) AND (id <= 338697))
	  ->  Bitmap Index Scan on sbtest6_pkey  (cost=0.00..322.69 rows=10225 width=0)
	        Index Cond: ((id >= 328698) AND (id <= 338697))

table 7 : explain SELECT c FROM sbtest7 WHERE id BETWEEN 8105536 AND 8115535
	Bitmap Heap Scan on sbtest7  (cost=328.15..34880.66 rows=10119 width=121)
	  Recheck Cond: ((id >= 8105536) AND (id <= 8115535))
	  ->  Bitmap Index Scan on sbtest7_pkey  (cost=0.00..325.62 rows=10119 width=0)
	        Index Cond: ((id >= 8105536) AND (id <= 8115535))

table 8 : explain SELECT c FROM sbtest8 WHERE id BETWEEN 4603007 AND 4613006
	Bitmap Heap Scan on sbtest8  (cost=305.35..32820.04 rows=9455 width=121)
	  Recheck Cond: ((id >= 4603007) AND (id <= 4613006))
	  ->  Bitmap Index Scan on sbtest8_pkey  (cost=0.00..302.99 rows=9455 width=0)
	        Index Cond: ((id >= 4603007) AND (id <= 4613006))

for: distinct_ranges
table 1 : explain SELECT DISTINCT c FROM sbtest1 WHERE id BETWEEN 6996846 AND 7006845 ORDER BY c
	Unique  (cost=35664.27..35715.03 rows=10152 width=121)
	  ->  Sort  (cost=35664.27..35689.65 rows=10152 width=121)
	        Sort Key: c
	        ->  Bitmap Heap Scan on sbtest1  (cost=320.49..34988.69 rows=10152 width=121)
	              Recheck Cond: ((id >= 6996846) AND (id <= 7006845))
	              ->  Bitmap Index Scan on sbtest1_pkey  (cost=0.00..317.95 rows=10152 width=0)
	                    Index Cond: ((id >= 6996846) AND (id <= 7006845))

table 2 : explain SELECT DISTINCT c FROM sbtest2 WHERE id BETWEEN 4588406 AND 4598405 ORDER BY c
	Unique  (cost=36106.43..36157.84 rows=10283 width=121)
	  ->  Sort  (cost=36106.43..36132.13 rows=10283 width=121)
	        Sort Key: c
	        ->  Bitmap Heap Scan on sbtest2  (cost=325.84..35421.17 rows=10283 width=121)
	              Recheck Cond: ((id >= 4588406) AND (id <= 4598405))
	              ->  Bitmap Index Scan on sbtest2_pkey  (cost=0.00..323.26 rows=10283 width=0)
	                    Index Cond: ((id >= 4588406) AND (id <= 4598405))

table 3 : explain SELECT DISTINCT c FROM sbtest3 WHERE id BETWEEN 1018061 AND 1028060 ORDER BY c
	Unique  (cost=34734.33..34783.58 rows=9851 width=121)
	  ->  Sort  (cost=34734.33..34758.95 rows=9851 width=121)
	        Sort Key: c
	        ->  Bitmap Heap Scan on sbtest3  (cost=313.41..34080.91 rows=9851 width=121)
	              Recheck Cond: ((id >= 1018061) AND (id <= 1028060))
	              ->  Bitmap Index Scan on sbtest3_pkey  (cost=0.00..310.94 rows=9851 width=0)
	                    Index Cond: ((id >= 1018061) AND (id <= 1028060))

table 4 : explain SELECT DISTINCT c FROM sbtest4 WHERE id BETWEEN 4608690 AND 4618689 ORDER BY c
	Unique  (cost=35004.28..35053.57 rows=9858 width=121)
	  ->  Sort  (cost=35004.28..35028.92 rows=9858 width=121)
	        Sort Key: c
	        ->  Bitmap Heap Scan on sbtest4  (cost=317.48..34350.34 rows=9858 width=121)
	              Recheck Cond: ((id >= 4608690) AND (id <= 4618689))
	              ->  Bitmap Index Scan on sbtest4_pkey  (cost=0.00..315.01 rows=9858 width=0)
	                    Index Cond: ((id >= 4608690) AND (id <= 4618689))

table 5 : explain SELECT DISTINCT c FROM sbtest5 WHERE id BETWEEN 5365569 AND 5375568 ORDER BY c
	Unique  (cost=37372.67..37425.61 rows=10588 width=121)
	  ->  Sort  (cost=37372.67..37399.14 rows=10588 width=121)
	        Sort Key: c
	        ->  Bitmap Heap Scan on sbtest5  (cost=340.96..36664.86 rows=10588 width=121)
	              Recheck Cond: ((id >= 5365569) AND (id <= 5375568))
	              ->  Bitmap Index Scan on sbtest5_pkey  (cost=0.00..338.31 rows=10588 width=0)
	                    Index Cond: ((id >= 5365569) AND (id <= 5375568))

table 6 : explain SELECT DISTINCT c FROM sbtest6 WHERE id BETWEEN 28713 AND 38712 ORDER BY c
	Unique  (cost=36551.45..36603.49 rows=10409 width=121)
	  ->  Sort  (cost=36551.45..36577.47 rows=10409 width=121)
	        Sort Key: c
	        ->  Bitmap Heap Scan on sbtest6  (cost=331.13..35856.88 rows=10409 width=121)
	              Recheck Cond: ((id >= 28713) AND (id <= 38712))
	              ->  Bitmap Index Scan on sbtest6_pkey  (cost=0.00..328.53 rows=10409 width=0)
	                    Index Cond: ((id >= 28713) AND (id <= 38712))

table 7 : explain SELECT DISTINCT c FROM sbtest7 WHERE id BETWEEN 7451166 AND 7461165 ORDER BY c
	Unique  (cost=32748.59..32794.83 rows=9248 width=121)
	  ->  Sort  (cost=32748.59..32771.71 rows=9248 width=121)
	        Sort Key: c
	        ->  Bitmap Heap Scan on sbtest7  (cost=299.23..32139.38 rows=9248 width=121)
	              Recheck Cond: ((id >= 7451166) AND (id <= 7461165))
	              ->  Bitmap Index Scan on sbtest7_pkey  (cost=0.00..296.92 rows=9248 width=0)
	                    Index Cond: ((id >= 7451166) AND (id <= 7461165))

table 8 : explain SELECT DISTINCT c FROM sbtest8 WHERE id BETWEEN 9150789 AND 9160788 ORDER BY c
	Unique  (cost=35665.94..35716.67 rows=10146 width=121)
	  ->  Sort  (cost=35665.94..35691.30 rows=10146 width=121)
	        Sort Key: c
	        ->  Bitmap Heap Scan on sbtest8  (cost=324.43..34990.79 rows=10146 width=121)
	              Recheck Cond: ((id >= 9150789) AND (id <= 9160788))
	              ->  Bitmap Index Scan on sbtest8_pkey  (cost=0.00..321.90 rows=10146 width=0)
	                    Index Cond: ((id >= 9150789) AND (id <= 9160788))

for: distinct_ranges
table 1 : explain SELECT DISTINCT c FROM sbtest1 WHERE id BETWEEN 2018102 AND 2028101 ORDER BY c
	Unique  (cost=31853.47..31898.33 rows=8972 width=121)
	  ->  Sort  (cost=31853.47..31875.90 rows=8972 width=121)
	        Sort Key: c
	        ->  Bitmap Heap Scan on sbtest1  (cost=284.40..31264.41 rows=8972 width=121)
	              Recheck Cond: ((id >= 2018102) AND (id <= 2028101))
	              ->  Bitmap Index Scan on sbtest1_pkey  (cost=0.00..282.16 rows=8972 width=0)
	                    Index Cond: ((id >= 2018102) AND (id <= 2028101))

table 2 : explain SELECT DISTINCT c FROM sbtest2 WHERE id BETWEEN 1572168 AND 1582167 ORDER BY c
	Unique  (cost=34596.56..34645.62 rows=9812 width=121)
	  ->  Sort  (cost=34596.56..34621.09 rows=9812 width=121)
	        Sort Key: c
	        ->  Bitmap Heap Scan on sbtest2  (cost=313.01..33946.01 rows=9812 width=121)
	              Recheck Cond: ((id >= 1572168) AND (id <= 1582167))
	              ->  Bitmap Index Scan on sbtest2_pkey  (cost=0.00..310.56 rows=9812 width=0)
	                    Index Cond: ((id >= 1572168) AND (id <= 1582167))

table 3 : explain SELECT DISTINCT c FROM sbtest3 WHERE id BETWEEN 3279488 AND 3289487 ORDER BY c
	Unique  (cost=34857.19..34906.63 rows=9888 width=121)
	  ->  Sort  (cost=34857.19..34881.91 rows=9888 width=121)
	        Sort Key: c
	        ->  Bitmap Heap Scan on sbtest3  (cost=317.79..34201.05 rows=9888 width=121)
	              Recheck Cond: ((id >= 3279488) AND (id <= 3289487))
	              ->  Bitmap Index Scan on sbtest3_pkey  (cost=0.00..315.31 rows=9888 width=0)
	                    Index Cond: ((id >= 3279488) AND (id <= 3289487))

table 4 : explain SELECT DISTINCT c FROM sbtest4 WHERE id BETWEEN 9076315 AND 9086314 ORDER BY c
	Unique  (cost=36714.81..36766.73 rows=10385 width=121)
	  ->  Sort  (cost=36714.81..36740.77 rows=10385 width=121)
	        Sort Key: c
	        ->  Bitmap Heap Scan on sbtest4  (cost=334.88..36022.01 rows=10385 width=121)
	              Recheck Cond: ((id >= 9076315) AND (id <= 9086314))
	              ->  Bitmap Index Scan on sbtest4_pkey  (cost=0.00..332.29 rows=10385 width=0)
	                    Index Cond: ((id >= 9076315) AND (id <= 9086314))

table 5 : explain SELECT DISTINCT c FROM sbtest5 WHERE id BETWEEN 2691455 AND 2701454 ORDER BY c
	Unique  (cost=33728.18..33775.51 rows=9467 width=121)
	  ->  Sort  (cost=33728.18..33751.85 rows=9467 width=121)
	        Sort Key: c
	        ->  Bitmap Heap Scan on sbtest5  (cost=305.47..33102.95 rows=9467 width=121)
	              Recheck Cond: ((id >= 2691455) AND (id <= 2701454))
	              ->  Bitmap Index Scan on sbtest5_pkey  (cost=0.00..303.11 rows=9467 width=0)
	                    Index Cond: ((id >= 2691455) AND (id <= 2701454))

table 6 : explain SELECT DISTINCT c FROM sbtest6 WHERE id BETWEEN 7117008 AND 7127007 ORDER BY c
	Unique  (cost=35981.98..36033.14 rows=10232 width=121)
	  ->  Sort  (cost=35981.98..36007.56 rows=10232 width=121)
	        Sort Key: c
	        ->  Bitmap Heap Scan on sbtest6  (cost=325.31..35300.49 rows=10232 width=121)
	              Recheck Cond: ((id >= 7117008) AND (id <= 7127007))
	              ->  Bitmap Index Scan on sbtest6_pkey  (cost=0.00..322.75 rows=10232 width=0)
	                    Index Cond: ((id >= 7117008) AND (id <= 7127007))

table 7 : explain SELECT DISTINCT c FROM sbtest7 WHERE id BETWEEN 2385842 AND 2395841 ORDER BY c
	Unique  (cost=35398.53..35448.89 rows=10071 width=121)
	  ->  Sort  (cost=35398.53..35423.71 rows=10071 width=121)
	        Sort Key: c
	        ->  Bitmap Heap Scan on sbtest7  (cost=323.66..34728.92 rows=10071 width=121)
	              Recheck Cond: ((id >= 2385842) AND (id <= 2395841))
	              ->  Bitmap Index Scan on sbtest7_pkey  (cost=0.00..321.15 rows=10071 width=0)
	                    Index Cond: ((id >= 2385842) AND (id <= 2395841))

table 8 : explain SELECT DISTINCT c FROM sbtest8 WHERE id BETWEEN 9122092 AND 9132091 ORDER BY c
	Unique  (cost=35665.94..35716.67 rows=10146 width=121)
	  ->  Sort  (cost=35665.94..35691.30 rows=10146 width=121)
	        Sort Key: c
	        ->  Bitmap Heap Scan on sbtest8  (cost=324.43..34990.79 rows=10146 width=121)
	              Recheck Cond: ((id >= 9122092) AND (id <= 9132091))
	              ->  Bitmap Index Scan on sbtest8_pkey  (cost=0.00..321.90 rows=10146 width=0)
	                    Index Cond: ((id >= 9122092) AND (id <= 9132091))

for: sum_ranges
table 1 : explain SELECT SUM(k) FROM sbtest1 WHERE id BETWEEN 4997830 AND 5007829
	Aggregate  (cost=35566.96..35566.97 rows=1 width=8)
	  ->  Bitmap Heap Scan on sbtest1  (cost=326.31..35541.13 rows=10329 width=4)
	        Recheck Cond: ((id >= 4997830) AND (id <= 5007829))
	        ->  Bitmap Index Scan on sbtest1_pkey  (cost=0.00..323.73 rows=10329 width=0)
	              Index Cond: ((id >= 4997830) AND (id <= 5007829))

table 2 : explain SELECT SUM(k) FROM sbtest2 WHERE id BETWEEN 4336599 AND 4346598
	Aggregate  (cost=32722.64..32722.65 rows=1 width=8)
	  ->  Bitmap Heap Scan on sbtest2  (cost=300.96..32699.10 rows=9417 width=4)
	        Recheck Cond: ((id >= 4336599) AND (id <= 4346598))
	        ->  Bitmap Index Scan on sbtest2_pkey  (cost=0.00..298.61 rows=9417 width=0)
	              Index Cond: ((id >= 4336599) AND (id <= 4346598))

table 3 : explain SELECT SUM(k) FROM sbtest3 WHERE id BETWEEN 5904939 AND 5914938
	Aggregate  (cost=33487.15..33487.16 rows=1 width=8)
	  ->  Bitmap Heap Scan on sbtest3  (cost=307.40..33463.01 rows=9655 width=4)
	        Recheck Cond: ((id >= 5904939) AND (id <= 5914938))
	        ->  Bitmap Index Scan on sbtest3_pkey  (cost=0.00..304.99 rows=9655 width=0)
	              Index Cond: ((id >= 5904939) AND (id <= 5914938))

table 4 : explain SELECT SUM(k) FROM sbtest4 WHERE id BETWEEN 6245589 AND 6255588
	Aggregate  (cost=35797.57..35797.58 rows=1 width=8)
	  ->  Bitmap Heap Scan on sbtest4  (cost=330.07..35771.80 rows=10306 width=4)
	        Recheck Cond: ((id >= 6245589) AND (id <= 6255588))
	        ->  Bitmap Index Scan on sbtest4_pkey  (cost=0.00..327.50 rows=10306 width=0)
	              Index Cond: ((id >= 6245589) AND (id <= 6255588))

table 5 : explain SELECT SUM(k) FROM sbtest5 WHERE id BETWEEN 5196555 AND 5206554
	Aggregate  (cost=31544.15..31544.16 rows=1 width=8)
	  ->  Bitmap Heap Scan on sbtest5  (cost=288.44..31521.71 rows=8976 width=4)
	        Recheck Cond: ((id >= 5196555) AND (id <= 5206554))
	        ->  Bitmap Index Scan on sbtest5_pkey  (cost=0.00..286.19 rows=8976 width=0)
	              Index Cond: ((id >= 5196555) AND (id <= 5206554))

table 6 : explain SELECT SUM(k) FROM sbtest6 WHERE id BETWEEN 6627219 AND 6637218
	Aggregate  (cost=32501.75..32501.76 rows=1 width=8)
	  ->  Bitmap Heap Scan on sbtest6  (cost=300.13..32478.41 rows=9336 width=4)
	        Recheck Cond: ((id >= 6627219) AND (id <= 6637218))
	        ->  Bitmap Index Scan on sbtest6_pkey  (cost=0.00..297.80 rows=9336 width=0)
	              Index Cond: ((id >= 6627219) AND (id <= 6637218))

table 7 : explain SELECT SUM(k) FROM sbtest7 WHERE id BETWEEN 749371 AND 759370
	Aggregate  (cost=33022.61..33022.62 rows=1 width=8)
	  ->  Bitmap Heap Scan on sbtest7  (cost=306.03..32998.81 rows=9521 width=4)
	        Recheck Cond: ((id >= 749371) AND (id <= 759370))
	        ->  Bitmap Index Scan on sbtest7_pkey  (cost=0.00..303.65 rows=9521 width=0)
	              Index Cond: ((id >= 749371) AND (id <= 759370))

table 8 : explain SELECT SUM(k) FROM sbtest8 WHERE id BETWEEN 3689113 AND 3699112
	Aggregate  (cost=36551.04..36551.05 rows=1 width=8)
	  ->  Bitmap Heap Scan on sbtest8  (cost=341.46..36524.45 rows=10637 width=4)
	        Recheck Cond: ((id >= 3689113) AND (id <= 3699112))
	        ->  Bitmap Index Scan on sbtest8_pkey  (cost=0.00..338.81 rows=10637 width=0)
	              Index Cond: ((id >= 3689113) AND (id <= 3699112))

for point_selects
table 1 : explain SELECT c FROM sbtest1 WHERE id=9664338
	Index Scan using sbtest1_pkey on sbtest1  (cost=0.43..8.45 rows=1 width=121)
	  Index Cond: (id = 9664338)

table 2 : explain SELECT c FROM sbtest2 WHERE id=6051989
	Index Scan using sbtest2_pkey on sbtest2  (cost=0.43..8.45 rows=1 width=121)
	  Index Cond: (id = 6051989)

table 3 : explain SELECT c FROM sbtest3 WHERE id=898065
	Index Scan using sbtest3_pkey on sbtest3  (cost=0.43..8.45 rows=1 width=121)
	  Index Cond: (id = 898065)

table 4 : explain SELECT c FROM sbtest4 WHERE id=761968
	Index Scan using sbtest4_pkey on sbtest4  (cost=0.43..8.45 rows=1 width=121)
	  Index Cond: (id = 761968)

table 5 : explain SELECT c FROM sbtest5 WHERE id=6933262
	Index Scan using sbtest5_pkey on sbtest5  (cost=0.43..8.45 rows=1 width=121)
	  Index Cond: (id = 6933262)

table 6 : explain SELECT c FROM sbtest6 WHERE id=1780624
	Index Scan using sbtest6_pkey on sbtest6  (cost=0.43..8.45 rows=1 width=121)
	  Index Cond: (id = 1780624)

table 7 : explain SELECT c FROM sbtest7 WHERE id=8077797
	Index Scan using sbtest7_pkey on sbtest7  (cost=0.43..8.45 rows=1 width=121)
	  Index Cond: (id = 8077797)

table 8 : explain SELECT c FROM sbtest8 WHERE id=4361464
	Index Scan using sbtest8_pkey on sbtest8  (cost=0.43..8.45 rows=1 width=121)
	  Index Cond: (id = 4361464)

for point_selects
table 1 : explain SELECT c FROM sbtest1 WHERE id=820540
	Index Scan using sbtest1_pkey on sbtest1  (cost=0.43..8.45 rows=1 width=121)
	  Index Cond: (id = 820540)

table 2 : explain SELECT c FROM sbtest2 WHERE id=992431
	Index Scan using sbtest2_pkey on sbtest2  (cost=0.43..8.45 rows=1 width=121)
	  Index Cond: (id = 992431)

table 3 : explain SELECT c FROM sbtest3 WHERE id=788927
	Index Scan using sbtest3_pkey on sbtest3  (cost=0.43..8.45 rows=1 width=121)
	  Index Cond: (id = 788927)

table 4 : explain SELECT c FROM sbtest4 WHERE id=8812219
	Index Scan using sbtest4_pkey on sbtest4  (cost=0.43..8.45 rows=1 width=121)
	  Index Cond: (id = 8812219)

table 5 : explain SELECT c FROM sbtest5 WHERE id=1992128
	Index Scan using sbtest5_pkey on sbtest5  (cost=0.43..8.45 rows=1 width=121)
	  Index Cond: (id = 1992128)

table 6 : explain SELECT c FROM sbtest6 WHERE id=2521749
	Index Scan using sbtest6_pkey on sbtest6  (cost=0.43..8.45 rows=1 width=121)
	  Index Cond: (id = 2521749)

table 7 : explain SELECT c FROM sbtest7 WHERE id=1040011
	Index Scan using sbtest7_pkey on sbtest7  (cost=0.43..8.45 rows=1 width=121)
	  Index Cond: (id = 1040011)

table 8 : explain SELECT c FROM sbtest8 WHERE id=9914911
	Index Scan using sbtest8_pkey on sbtest8  (cost=0.43..8.45 rows=1 width=121)
	  Index Cond: (id = 9914911)

for: sum_ranges
table 1 : explain SELECT SUM(k) FROM sbtest1 WHERE id BETWEEN 5637985 AND 5647984
	Aggregate  (cost=32322.53..32322.54 rows=1 width=8)
	  ->  Bitmap Heap Scan on sbtest1  (cost=291.75..32299.29 rows=9299 width=4)
	        Recheck Cond: ((id >= 5637985) AND (id <= 5647984))
	        ->  Bitmap Index Scan on sbtest1_pkey  (cost=0.00..289.43 rows=9299 width=0)
	              Index Cond: ((id >= 5637985) AND (id <= 5647984))

table 2 : explain SELECT SUM(k) FROM sbtest2 WHERE id BETWEEN 141468 AND 151467
	Aggregate  (cost=34700.13..34700.14 rows=1 width=8)
	  ->  Bitmap Heap Scan on sbtest2  (cost=319.40..34675.01 rows=10045 width=4)
	        Recheck Cond: ((id >= 141468) AND (id <= 151467))
	        ->  Bitmap Index Scan on sbtest2_pkey  (cost=0.00..316.88 rows=10045 width=0)
	              Index Cond: ((id >= 141468) AND (id <= 151467))

table 3 : explain SELECT SUM(k) FROM sbtest3 WHERE id BETWEEN 38553 AND 48552
	Aggregate  (cost=36980.75..36980.76 rows=1 width=8)
	  ->  Bitmap Heap Scan on sbtest3  (cost=342.83..36953.83 rows=10770 width=4)
	        Recheck Cond: ((id >= 38553) AND (id <= 48552))
	        ->  Bitmap Index Scan on sbtest3_pkey  (cost=0.00..340.13 rows=10770 width=0)
	              Index Cond: ((id >= 38553) AND (id <= 48552))

table 4 : explain SELECT SUM(k) FROM sbtest4 WHERE id BETWEEN 1859085 AND 1869084
	Aggregate  (cost=34769.22..34769.23 rows=1 width=8)
	  ->  Bitmap Heap Scan on sbtest4  (cost=318.76..34744.27 rows=9983 width=4)
	        Recheck Cond: ((id >= 1859085) AND (id <= 1869084))
	        ->  Bitmap Index Scan on sbtest4_pkey  (cost=0.00..316.26 rows=9983 width=0)
	              Index Cond: ((id >= 1859085) AND (id <= 1869084))

table 5 : explain SELECT SUM(k) FROM sbtest5 WHERE id BETWEEN 7296761 AND 7306760
	Aggregate  (cost=35633.75..35633.76 rows=1 width=8)
	  ->  Bitmap Heap Scan on sbtest5  (cost=329.54..35608.12 rows=10254 width=4)
	        Recheck Cond: ((id >= 7296761) AND (id <= 7306760))
	        ->  Bitmap Index Scan on sbtest5_pkey  (cost=0.00..326.98 rows=10254 width=0)
	              Index Cond: ((id >= 7296761) AND (id <= 7306760))

table 6 : explain SELECT SUM(k) FROM sbtest6 WHERE id BETWEEN 3360745 AND 3370744
	Aggregate  (cost=35996.07..35996.08 rows=1 width=8)
	  ->  Bitmap Heap Scan on sbtest6  (cost=335.50..35969.95 rows=10445 width=4)
	        Recheck Cond: ((id >= 3360745) AND (id <= 3370744))
	        ->  Bitmap Index Scan on sbtest6_pkey  (cost=0.00..332.88 rows=10445 width=0)
	              Index Cond: ((id >= 3360745) AND (id <= 3370744))

table 7 : explain SELECT SUM(k) FROM sbtest7 WHERE id BETWEEN 5345618 AND 5355617
	Aggregate  (cost=33569.86..33569.87 rows=1 width=8)
	  ->  Bitmap Heap Scan on sbtest7  (cost=311.80..33545.62 rows=9694 width=4)
	        Recheck Cond: ((id >= 5345618) AND (id <= 5355617))
	        ->  Bitmap Index Scan on sbtest7_pkey  (cost=0.00..309.38 rows=9694 width=0)
	              Index Cond: ((id >= 5345618) AND (id <= 5355617))

table 8 : explain SELECT SUM(k) FROM sbtest8 WHERE id BETWEEN 5733254 AND 5743253
	Aggregate  (cost=33320.00..33320.01 rows=1 width=8)
	  ->  Bitmap Heap Scan on sbtest8  (cost=306.91..33295.98 rows=9607 width=4)
	        Recheck Cond: ((id >= 5733254) AND (id <= 5743253))
	        ->  Bitmap Index Scan on sbtest8_pkey  (cost=0.00..304.50 rows=9607 width=0)
	              Index Cond: ((id >= 5733254) AND (id <= 5743253))

for: sum_ranges
table 1 : explain SELECT SUM(k) FROM sbtest1 WHERE id BETWEEN 4007715 AND 4017714
	Aggregate  (cost=33949.89..33949.90 rows=1 width=8)
	  ->  Bitmap Heap Scan on sbtest1  (cost=309.02..33925.35 rows=9813 width=4)
	        Recheck Cond: ((id >= 4007715) AND (id <= 4017714))
	        ->  Bitmap Index Scan on sbtest1_pkey  (cost=0.00..306.56 rows=9813 width=0)
	              Index Cond: ((id >= 4007715) AND (id <= 4017714))

table 2 : explain SELECT SUM(k) FROM sbtest2 WHERE id BETWEEN 4661557 AND 4671556
	Aggregate  (cost=34851.41..34851.42 rows=1 width=8)
	  ->  Bitmap Heap Scan on sbtest2  (cost=319.89..34826.18 rows=10093 width=4)
	        Recheck Cond: ((id >= 4661557) AND (id <= 4671556))
	        ->  Bitmap Index Scan on sbtest2_pkey  (cost=0.00..317.37 rows=10093 width=0)
	              Index Cond: ((id >= 4661557) AND (id <= 4671556))

table 3 : explain SELECT SUM(k) FROM sbtest3 WHERE id BETWEEN 6868287 AND 6878286
	Aggregate  (cost=36250.70..36250.71 rows=1 width=8)
	  ->  Bitmap Heap Scan on sbtest3  (cost=336.42..36224.36 rows=10535 width=4)
	        Recheck Cond: ((id >= 6868287) AND (id <= 6878286))
	        ->  Bitmap Index Scan on sbtest3_pkey  (cost=0.00..333.79 rows=10535 width=0)
	              Index Cond: ((id >= 6868287) AND (id <= 6878286))

table 4 : explain SELECT SUM(k) FROM sbtest4 WHERE id BETWEEN 5522673 AND 5532672
	Aggregate  (cost=35768.38..35768.39 rows=1 width=8)
	  ->  Bitmap Heap Scan on sbtest4  (cost=329.98..35742.64 rows=10297 width=4)
	        Recheck Cond: ((id >= 5522673) AND (id <= 5532672))
	        ->  Bitmap Index Scan on sbtest4_pkey  (cost=0.00..327.41 rows=10297 width=0)
	              Index Cond: ((id >= 5522673) AND (id <= 5532672))

table 5 : explain SELECT SUM(k) FROM sbtest5 WHERE id BETWEEN 4930530 AND 4940529
	Aggregate  (cost=36308.77..36308.78 rows=1 width=8)
	  ->  Bitmap Heap Scan on sbtest5  (cost=335.72..36282.60 rows=10467 width=4)
	        Recheck Cond: ((id >= 4930530) AND (id <= 4940529))
	        ->  Bitmap Index Scan on sbtest5_pkey  (cost=0.00..333.11 rows=10467 width=0)
	              Index Cond: ((id >= 4930530) AND (id <= 4940529))

table 6 : explain SELECT SUM(k) FROM sbtest6 WHERE id BETWEEN 9028971 AND 9038970
	Aggregate  (cost=36201.38..36201.39 rows=1 width=8)
	  ->  Bitmap Heap Scan on sbtest6  (cost=336.17..36175.11 rows=10511 width=4)
	        Recheck Cond: ((id >= 9028971) AND (id <= 9038970))
	        ->  Bitmap Index Scan on sbtest6_pkey  (cost=0.00..333.55 rows=10511 width=0)
	              Index Cond: ((id >= 9028971) AND (id <= 9038970))

table 7 : explain SELECT SUM(k) FROM sbtest7 WHERE id BETWEEN 954595 AND 964594
	Aggregate  (cost=36547.38..36547.39 rows=1 width=8)
	  ->  Bitmap Heap Scan on sbtest7  (cost=341.56..36520.76 rows=10646 width=4)
	        Recheck Cond: ((id >= 954595) AND (id <= 964594))
	        ->  Bitmap Index Scan on sbtest7_pkey  (cost=0.00..338.90 rows=10646 width=0)
	              Index Cond: ((id >= 954595) AND (id <= 964594))

table 8 : explain SELECT SUM(k) FROM sbtest8 WHERE id BETWEEN 6750363 AND 6760362
	Aggregate  (cost=39818.40..39818.41 rows=1 width=8)
	  ->  Bitmap Heap Scan on sbtest8  (cost=376.32..39789.16 rows=11696 width=4)
	        Recheck Cond: ((id >= 6750363) AND (id <= 6760362))
	        ->  Bitmap Index Scan on sbtest8_pkey  (cost=0.00..373.40 rows=11696 width=0)
	              Index Cond: ((id >= 6750363) AND (id <= 6760362))

for: sum_ranges
table 1 : explain SELECT SUM(k) FROM sbtest1 WHERE id BETWEEN 9115360 AND 9125359
	Aggregate  (cost=36956.37..36956.38 rows=1 width=8)
	  ->  Bitmap Heap Scan on sbtest1  (cost=338.89..36929.43 rows=10776 width=4)
	        Recheck Cond: ((id >= 9115360) AND (id <= 9125359))
	        ->  Bitmap Index Scan on sbtest1_pkey  (cost=0.00..336.19 rows=10776 width=0)
	              Index Cond: ((id >= 9115360) AND (id <= 9125359))

table 2 : explain SELECT SUM(k) FROM sbtest2 WHERE id BETWEEN 8876347 AND 8886346
	Aggregate  (cost=35421.20..35421.21 rows=1 width=8)
	  ->  Bitmap Heap Scan on sbtest2  (cost=325.75..35395.51 rows=10275 width=4)
	        Recheck Cond: ((id >= 8876347) AND (id <= 8886346))
	        ->  Bitmap Index Scan on sbtest2_pkey  (cost=0.00..323.19 rows=10275 width=0)
	              Index Cond: ((id >= 8876347) AND (id <= 8886346))

table 3 : explain SELECT SUM(k) FROM sbtest3 WHERE id BETWEEN 6682088 AND 6692087
	Aggregate  (cost=35813.93..35813.94 rows=1 width=8)
	  ->  Bitmap Heap Scan on sbtest3  (cost=330.98..35787.94 rows=10395 width=4)
	        Recheck Cond: ((id >= 6682088) AND (id <= 6692087))
	        ->  Bitmap Index Scan on sbtest3_pkey  (cost=0.00..328.38 rows=10395 width=0)
	              Index Cond: ((id >= 6682088) AND (id <= 6692087))

table 4 : explain SELECT SUM(k) FROM sbtest4 WHERE id BETWEEN 7304837 AND 7314836
	Aggregate  (cost=34384.77..34384.78 rows=1 width=8)
	  ->  Bitmap Heap Scan on sbtest4  (cost=317.51..34360.12 rows=9861 width=4)
	        Recheck Cond: ((id >= 7304837) AND (id <= 7314836))
	        ->  Bitmap Index Scan on sbtest4_pkey  (cost=0.00..315.05 rows=9861 width=0)
	              Index Cond: ((id >= 7304837) AND (id <= 7314836))

table 5 : explain SELECT SUM(k) FROM sbtest5 WHERE id BETWEEN 9812679 AND 9822678
	Aggregate  (cost=35129.45..35129.46 rows=1 width=8)
	  ->  Bitmap Heap Scan on sbtest5  (cost=323.91..35104.21 rows=10095 width=4)
	        Recheck Cond: ((id >= 9812679) AND (id <= 9822678))
	        ->  Bitmap Index Scan on sbtest5_pkey  (cost=0.00..321.38 rows=10095 width=0)
	              Index Cond: ((id >= 9812679) AND (id <= 9822678))

table 6 : explain SELECT SUM(k) FROM sbtest6 WHERE id BETWEEN 1578083 AND 1588082
	Aggregate  (cost=36265.50..36265.51 rows=1 width=8)
	  ->  Bitmap Heap Scan on sbtest6  (cost=336.38..36239.17 rows=10531 width=4)
	        Recheck Cond: ((id >= 1578083) AND (id <= 1588082))
	        ->  Bitmap Index Scan on sbtest6_pkey  (cost=0.00..333.75 rows=10531 width=0)
	              Index Cond: ((id >= 1578083) AND (id <= 1588082))

table 7 : explain SELECT SUM(k) FROM sbtest7 WHERE id BETWEEN 7679187 AND 7689186
	Aggregate  (cost=34702.66..34702.67 rows=1 width=8)
	  ->  Bitmap Heap Scan on sbtest7  (cost=323.50..34677.53 rows=10055 width=4)
	        Recheck Cond: ((id >= 7679187) AND (id <= 7689186))
	        ->  Bitmap Index Scan on sbtest7_pkey  (cost=0.00..320.99 rows=10055 width=0)
	              Index Cond: ((id >= 7679187) AND (id <= 7689186))

table 8 : explain SELECT SUM(k) FROM sbtest8 WHERE id BETWEEN 1337057 AND 1347056
	Aggregate  (cost=33009.04..33009.05 rows=1 width=8)
	  ->  Bitmap Heap Scan on sbtest8  (cost=305.89..32985.27 rows=9508 width=4)
	        Recheck Cond: ((id >= 1337057) AND (id <= 1347056))
	        ->  Bitmap Index Scan on sbtest8_pkey  (cost=0.00..303.51 rows=9508 width=0)
	              Index Cond: ((id >= 1337057) AND (id <= 1347056))

explain: for point_selects :: explain SELECT c FROM sbtest%u WHERE id=%u
for: simple_ranges
table 1 : explain SELECT c FROM sbtest1 WHERE id BETWEEN 7101247 AND 7111246
	Bitmap Heap Scan on sbtest1  (cost=327.49..35896.51 rows=10444 width=121)
	  Recheck Cond: ((id >= 7101247) AND (id <= 7111246))
	  ->  Bitmap Index Scan on sbtest1_pkey  (cost=0.00..324.88 rows=10444 width=0)
	        Index Cond: ((id >= 7101247) AND (id <= 7111246))

table 2 : explain SELECT c FROM sbtest2 WHERE id BETWEEN 1938583 AND 1948582
	Bitmap Heap Scan on sbtest2  (cost=313.26..34023.45 rows=9837 width=121)
	  Recheck Cond: ((id >= 1938583) AND (id <= 1948582))
	  ->  Bitmap Index Scan on sbtest2_pkey  (cost=0.00..310.81 rows=9837 width=0)
	        Index Cond: ((id >= 1938583) AND (id <= 1948582))

table 3 : explain SELECT c FROM sbtest3 WHERE id BETWEEN 4874751 AND 4884750
	Bitmap Heap Scan on sbtest3  (cost=341.38..36519.43 rows=10629 width=121)
	  Recheck Cond: ((id >= 4874751) AND (id <= 4884750))
	  ->  Bitmap Index Scan on sbtest3_pkey  (cost=0.00..338.73 rows=10629 width=0)
	        Index Cond: ((id >= 4874751) AND (id <= 4884750))

table 4 : explain SELECT c FROM sbtest4 WHERE id BETWEEN 7836852 AND 7846851
	Bitmap Heap Scan on sbtest4  (cost=328.99..35437.79 rows=10200 width=121)
	  Recheck Cond: ((id >= 7836852) AND (id <= 7846851))
	  ->  Bitmap Index Scan on sbtest4_pkey  (cost=0.00..326.44 rows=10200 width=0)
	        Index Cond: ((id >= 7836852) AND (id <= 7846851))

table 5 : explain SELECT c FROM sbtest5 WHERE id BETWEEN 4214076 AND 4224075
	Bitmap Heap Scan on sbtest5  (cost=329.85..35702.15 rows=10284 width=121)
	  Recheck Cond: ((id >= 4214076) AND (id <= 4224075))
	  ->  Bitmap Index Scan on sbtest5_pkey  (cost=0.00..327.28 rows=10284 width=0)
	        Index Cond: ((id >= 4214076) AND (id <= 4224075))

table 6 : explain SELECT c FROM sbtest6 WHERE id BETWEEN 2695746 AND 2705745
	Bitmap Heap Scan on sbtest6  (cost=341.66..36627.33 rows=10656 width=121)
	  Recheck Cond: ((id >= 2695746) AND (id <= 2705745))
	  ->  Bitmap Index Scan on sbtest6_pkey  (cost=0.00..339.00 rows=10656 width=0)
	        Index Cond: ((id >= 2695746) AND (id <= 2705745))

table 7 : explain SELECT c FROM sbtest7 WHERE id BETWEEN 4057529 AND 4067528
	Bitmap Heap Scan on sbtest7  (cost=328.48..34980.17 rows=10151 width=121)
	  Recheck Cond: ((id >= 4057529) AND (id <= 4067528))
	  ->  Bitmap Index Scan on sbtest7_pkey  (cost=0.00..325.94 rows=10151 width=0)
	        Index Cond: ((id >= 4057529) AND (id <= 4067528))

table 8 : explain SELECT c FROM sbtest8 WHERE id BETWEEN 6299940 AND 6309939
	Bitmap Heap Scan on sbtest8  (cost=301.03..32715.58 rows=9424 width=121)
	  Recheck Cond: ((id >= 6299940) AND (id <= 6309939))
	  ->  Bitmap Index Scan on sbtest8_pkey  (cost=0.00..298.68 rows=9424 width=0)
	        Index Cond: ((id >= 6299940) AND (id <= 6309939))

for: simple_ranges
table 1 : explain SELECT c FROM sbtest1 WHERE id BETWEEN 9087713 AND 9097712
	Bitmap Heap Scan on sbtest1  (cost=338.89..36929.43 rows=10776 width=121)
	  Recheck Cond: ((id >= 9087713) AND (id <= 9097712))
	  ->  Bitmap Index Scan on sbtest1_pkey  (cost=0.00..336.19 rows=10776 width=0)
	        Index Cond: ((id >= 9087713) AND (id <= 9097712))

table 2 : explain SELECT c FROM sbtest2 WHERE id BETWEEN 8144823 AND 8154822
	Bitmap Heap Scan on sbtest2  (cost=324.40..34984.50 rows=10143 width=121)
	  Recheck Cond: ((id >= 8144823) AND (id <= 8154822))
	  ->  Bitmap Index Scan on sbtest2_pkey  (cost=0.00..321.87 rows=10143 width=0)
	        Index Cond: ((id >= 8144823) AND (id <= 8154822))

table 3 : explain SELECT c FROM sbtest3 WHERE id BETWEEN 8577396 AND 8587395
	Bitmap Heap Scan on sbtest3  (cost=330.59..35669.30 rows=10357 width=121)
	  Recheck Cond: ((id >= 8577396) AND (id <= 8587395))
	  ->  Bitmap Index Scan on sbtest3_pkey  (cost=0.00..328.00 rows=10357 width=0)
	        Index Cond: ((id >= 8577396) AND (id <= 8587395))

table 4 : explain SELECT c FROM sbtest4 WHERE id BETWEEN 5194695 AND 5204694
	Bitmap Heap Scan on sbtest4  (cost=329.46..35580.54 rows=10246 width=121)
	  Recheck Cond: ((id >= 5194695) AND (id <= 5204694))
	  ->  Bitmap Index Scan on sbtest4_pkey  (cost=0.00..326.90 rows=10246 width=0)
	        Index Cond: ((id >= 5194695) AND (id <= 5204694))

table 5 : explain SELECT c FROM sbtest5 WHERE id BETWEEN 1071931 AND 1081930
	Bitmap Heap Scan on sbtest5  (cost=312.04..33904.42 rows=9718 width=121)
	  Recheck Cond: ((id >= 1071931) AND (id <= 1081930))
	  ->  Bitmap Index Scan on sbtest5_pkey  (cost=0.00..309.62 rows=9718 width=0)
	        Index Cond: ((id >= 1071931) AND (id <= 1081930))

table 6 : explain SELECT c FROM sbtest6 WHERE id BETWEEN 103331 AND 113330
	Bitmap Heap Scan on sbtest6  (cost=329.59..35388.07 rows=10259 width=121)
	  Recheck Cond: ((id >= 103331) AND (id <= 113330))
	  ->  Bitmap Index Scan on sbtest6_pkey  (cost=0.00..327.03 rows=10259 width=0)
	        Index Cond: ((id >= 103331) AND (id <= 113330))

table 7 : explain SELECT c FROM sbtest7 WHERE id BETWEEN 9709667 AND 9719666
	Bitmap Heap Scan on sbtest7  (cost=311.76..33532.72 rows=9690 width=121)
	  Recheck Cond: ((id >= 9709667) AND (id <= 9719666))
	  ->  Bitmap Index Scan on sbtest7_pkey  (cost=0.00..309.33 rows=9690 width=0)
	        Index Cond: ((id >= 9709667) AND (id <= 9719666))

table 8 : explain SELECT c FROM sbtest8 WHERE id BETWEEN 1993153 AND 2003152
	Bitmap Heap Scan on sbtest8  (cost=329.33..35267.76 rows=10234 width=121)
	  Recheck Cond: ((id >= 1993153) AND (id <= 2003152))
	  ->  Bitmap Index Scan on sbtest8_pkey  (cost=0.00..326.78 rows=10234 width=0)
	        Index Cond: ((id >= 1993153) AND (id <= 2003152))

for: simple_ranges
table 1 : explain SELECT c FROM sbtest1 WHERE id BETWEEN 4416975 AND 4426974
	Bitmap Heap Scan on sbtest1  (cost=308.36..33725.37 rows=9749 width=121)
	  Recheck Cond: ((id >= 4416975) AND (id <= 4426974))
	  ->  Bitmap Index Scan on sbtest1_pkey  (cost=0.00..305.93 rows=9749 width=0)
	        Index Cond: ((id >= 4416975) AND (id <= 4426974))

table 2 : explain SELECT c FROM sbtest2 WHERE id BETWEEN 3007525 AND 3017524
	Bitmap Heap Scan on sbtest2  (cost=313.51..34097.63 rows=9861 width=121)
	  Recheck Cond: ((id >= 3007525) AND (id <= 3017524))
	  ->  Bitmap Index Scan on sbtest2_pkey  (cost=0.00..311.05 rows=9861 width=0)
	        Index Cond: ((id >= 3007525) AND (id <= 3017524))

table 3 : explain SELECT c FROM sbtest3 WHERE id BETWEEN 9645422 AND 9655421
	Bitmap Heap Scan on sbtest3  (cost=324.75..35106.63 rows=10177 width=121)
	  Recheck Cond: ((id >= 9645422) AND (id <= 9655421))
	  ->  Bitmap Index Scan on sbtest3_pkey  (cost=0.00..322.20 rows=10177 width=0)
	        Index Cond: ((id >= 9645422) AND (id <= 9655421))

table 4 : explain SELECT c FROM sbtest4 WHERE id BETWEEN 6723074 AND 6733073
	Bitmap Heap Scan on sbtest4  (cost=311.09..33609.05 rows=9625 width=121)
	  Recheck Cond: ((id >= 6723074) AND (id <= 6733073))
	  ->  Bitmap Index Scan on sbtest4_pkey  (cost=0.00..308.69 rows=9625 width=0)
	        Index Cond: ((id >= 6723074) AND (id <= 6733073))

table 5 : explain SELECT c FROM sbtest5 WHERE id BETWEEN 9181211 AND 9191210
	Bitmap Heap Scan on sbtest5  (cost=358.11..38242.50 rows=11090 width=121)
	  Recheck Cond: ((id >= 9181211) AND (id <= 9191210))
	  ->  Bitmap Index Scan on sbtest5_pkey  (cost=0.00..355.33 rows=11090 width=0)
	        Index Cond: ((id >= 9181211) AND (id <= 9191210))

table 6 : explain SELECT c FROM sbtest6 WHERE id BETWEEN 7099259 AND 7109258
	Bitmap Heap Scan on sbtest6  (cost=325.31..35300.49 rows=10232 width=121)
	  Recheck Cond: ((id >= 7099259) AND (id <= 7109258))
	  ->  Bitmap Index Scan on sbtest6_pkey  (cost=0.00..322.75 rows=10232 width=0)
	        Index Cond: ((id >= 7099259) AND (id <= 7109258))

table 7 : explain SELECT c FROM sbtest7 WHERE id BETWEEN 1070133 AND 1080132
	Bitmap Heap Scan on sbtest7  (cost=275.87..29847.28 rows=8530 width=121)
	  Recheck Cond: ((id >= 1070133) AND (id <= 1080132))
	  ->  Bitmap Index Scan on sbtest7_pkey  (cost=0.00..273.74 rows=8530 width=0)
	        Index Cond: ((id >= 1070133) AND (id <= 1080132))

table 8 : explain SELECT c FROM sbtest8 WHERE id BETWEEN 3055009 AND 3065008
	Bitmap Heap Scan on sbtest8  (cost=306.37..33134.19 rows=9555 width=121)
	  Recheck Cond: ((id >= 3055009) AND (id <= 3065008))
	  ->  Bitmap Index Scan on sbtest8_pkey  (cost=0.00..303.99 rows=9555 width=0)
	        Index Cond: ((id >= 3055009) AND (id <= 3065008))

for: simple_ranges
table 1 : explain SELECT c FROM sbtest1 WHERE id BETWEEN 8956147 AND 8966146
	Bitmap Heap Scan on sbtest1  (cost=344.33..37366.44 rows=10917 width=121)
	  Recheck Cond: ((id >= 8956147) AND (id <= 8966146))
	  ->  Bitmap Index Scan on sbtest1_pkey  (cost=0.00..341.61 rows=10917 width=0)
	        Index Cond: ((id >= 8956147) AND (id <= 8966146))

table 2 : explain SELECT c FROM sbtest2 WHERE id BETWEEN 9612489 AND 9622488
	Bitmap Heap Scan on sbtest2  (cost=318.27..34333.71 rows=9935 width=121)
	  Recheck Cond: ((id >= 9612489) AND (id <= 9622488))
	  ->  Bitmap Index Scan on sbtest2_pkey  (cost=0.00..315.79 rows=9935 width=0)
	        Index Cond: ((id >= 9612489) AND (id <= 9622488))

table 3 : explain SELECT c FROM sbtest3 WHERE id BETWEEN 9823116 AND 9833115
	Bitmap Heap Scan on sbtest3  (cost=335.72..36013.06 rows=10467 width=121)
	  Recheck Cond: ((id >= 9823116) AND (id <= 9833115))
	  ->  Bitmap Index Scan on sbtest3_pkey  (cost=0.00..333.11 rows=10467 width=0)
	        Index Cond: ((id >= 9823116) AND (id <= 9833115))

table 4 : explain SELECT c FROM sbtest4 WHERE id BETWEEN 8115511 AND 8125510
	Bitmap Heap Scan on sbtest4  (cost=323.24..34897.86 rows=10030 width=121)
	  Recheck Cond: ((id >= 8115511) AND (id <= 8125510))
	  ->  Bitmap Index Scan on sbtest4_pkey  (cost=0.00..320.74 rows=10030 width=0)
	        Index Cond: ((id >= 8115511) AND (id <= 8125510))

table 5 : explain SELECT c FROM sbtest5 WHERE id BETWEEN 4733808 AND 4743807
	Bitmap Heap Scan on sbtest5  (cost=341.63..36868.31 rows=10653 width=121)
	  Recheck Cond: ((id >= 4733808) AND (id <= 4743807))
	  ->  Bitmap Index Scan on sbtest5_pkey  (cost=0.00..338.96 rows=10653 width=0)
	        Index Cond: ((id >= 4733808) AND (id <= 4743807))

table 6 : explain SELECT c FROM sbtest6 WHERE id BETWEEN 2008134 AND 2018133
	Bitmap Heap Scan on sbtest6  (cost=347.45..37171.36 rows=10831 width=121)
	  Recheck Cond: ((id >= 2008134) AND (id <= 2018133))
	  ->  Bitmap Index Scan on sbtest6_pkey  (cost=0.00..344.75 rows=10831 width=0)
	        Index Cond: ((id >= 2008134) AND (id <= 2018133))

table 7 : explain SELECT c FROM sbtest7 WHERE id BETWEEN 7158788 AND 7168787
	Bitmap Heap Scan on sbtest7  (cost=357.90..37834.16 rows=11070 width=121)
	  Recheck Cond: ((id >= 7158788) AND (id <= 7168787))
	  ->  Bitmap Index Scan on sbtest7_pkey  (cost=0.00..355.13 rows=11070 width=0)
	        Index Cond: ((id >= 7158788) AND (id <= 7168787))

table 8 : explain SELECT c FROM sbtest8 WHERE id BETWEEN 6059413 AND 6069412
	Bitmap Heap Scan on sbtest8  (cost=317.72..34159.70 rows=9881 width=121)
	  Recheck Cond: ((id >= 6059413) AND (id <= 6069412))
	  ->  Bitmap Index Scan on sbtest8_pkey  (cost=0.00..315.25 rows=9881 width=0)
	        Index Cond: ((id >= 6059413) AND (id <= 6069412))

for: order_ranges
table 1 : explain SELECT c FROM sbtest1 WHERE id BETWEEN 6468293 AND 6478292 ORDER BY c
	Sort  (cost=38708.04..38735.81 rows=11110 width=121)
	  Sort Key: c
	  ->  Bitmap Heap Scan on sbtest1  (cost=350.31..37961.47 rows=11110 width=121)
	        Recheck Cond: ((id >= 6468293) AND (id <= 6478292))
	        ->  Bitmap Index Scan on sbtest1_pkey  (cost=0.00..347.54 rows=11110 width=0)
	              Index Cond: ((id >= 6468293) AND (id <= 6478292))

table 2 : explain SELECT c FROM sbtest2 WHERE id BETWEEN 3708134 AND 3718133 ORDER BY c
	Sort  (cost=36222.16..36247.96 rows=10319 width=121)
	  Sort Key: c
	  ->  Bitmap Heap Scan on sbtest2  (cost=330.20..35534.25 rows=10319 width=121)
	        Recheck Cond: ((id >= 3708134) AND (id <= 3718133))
	        ->  Bitmap Index Scan on sbtest2_pkey  (cost=0.00..327.62 rows=10319 width=0)
	              Index Cond: ((id >= 3708134) AND (id <= 3718133))

table 3 : explain SELECT c FROM sbtest3 WHERE id BETWEEN 6782312 AND 6792311 ORDER BY c
	Sort  (cost=34641.82..34666.37 rows=9822 width=121)
	  Sort Key: c
	  ->  Bitmap Heap Scan on sbtest3  (cost=313.11..33990.53 rows=9822 width=121)
	        Recheck Cond: ((id >= 6782312) AND (id <= 6792311))
	        ->  Bitmap Index Scan on sbtest3_pkey  (cost=0.00..310.66 rows=9822 width=0)
	              Index Cond: ((id >= 6782312) AND (id <= 6792311))

table 4 : explain SELECT c FROM sbtest4 WHERE id BETWEEN 4415203 AND 4425202 ORDER BY c
	Sort  (cost=33464.81..33488.28 rows=9388 width=121)
	  Sort Key: c
	  ->  Bitmap Heap Scan on sbtest4  (cost=300.66..32845.36 rows=9388 width=121)
	        Recheck Cond: ((id >= 4415203) AND (id <= 4425202))
	        ->  Bitmap Index Scan on sbtest4_pkey  (cost=0.00..298.31 rows=9388 width=0)
	              Index Cond: ((id >= 4415203) AND (id <= 4425202))

table 5 : explain SELECT c FROM sbtest5 WHERE id BETWEEN 3921599 AND 3931598 ORDER BY c
	Sort  (cost=36998.00..37024.18 rows=10472 width=121)
	  Sort Key: c
	  ->  Bitmap Heap Scan on sbtest5  (cost=335.77..36298.77 rows=10472 width=121)
	        Recheck Cond: ((id >= 3921599) AND (id <= 3931598))
	        ->  Bitmap Index Scan on sbtest5_pkey  (cost=0.00..333.16 rows=10472 width=0)
	              Index Cond: ((id >= 3921599) AND (id <= 3931598))

table 6 : explain SELECT c FROM sbtest6 WHERE id BETWEEN 8505263 AND 8515262 ORDER BY c
	Sort  (cost=30473.68..30495.02 rows=8535 width=121)
	  Sort Key: c
	  ->  Bitmap Heap Scan on sbtest6  (cost=271.92..29916.38 rows=8535 width=121)
	        Recheck Cond: ((id >= 8505263) AND (id <= 8515262))
	        ->  Bitmap Index Scan on sbtest6_pkey  (cost=0.00..269.79 rows=8535 width=0)
	              Index Cond: ((id >= 8505263) AND (id <= 8515262))

table 7 : explain SELECT c FROM sbtest7 WHERE id BETWEEN 5179492 AND 5189491 ORDER BY c
	Sort  (cost=33200.65..33224.12 rows=9388 width=121)
	  Sort Key: c
	  ->  Bitmap Heap Scan on sbtest7  (cost=304.66..32581.20 rows=9388 width=121)
	        Recheck Cond: ((id >= 5179492) AND (id <= 5189491))
	        ->  Bitmap Index Scan on sbtest7_pkey  (cost=0.00..302.31 rows=9388 width=0)
	              Index Cond: ((id >= 5179492) AND (id <= 5189491))

table 8 : explain SELECT c FROM sbtest8 WHERE id BETWEEN 4921416 AND 4931415 ORDER BY c
	Sort  (cost=38719.15..38746.91 rows=11105 width=121)
	  Sort Key: c
	  ->  Bitmap Heap Scan on sbtest8  (cost=358.26..37972.95 rows=11105 width=121)
	        Recheck Cond: ((id >= 4921416) AND (id <= 4931415))
	        ->  Bitmap Index Scan on sbtest8_pkey  (cost=0.00..355.49 rows=11105 width=0)
	              Index Cond: ((id >= 4921416) AND (id <= 4931415))

for: order_ranges
table 1 : explain SELECT c FROM sbtest1 WHERE id BETWEEN 1838028 AND 1848027 ORDER BY c
	Sort  (cost=35920.58..35946.16 rows=10233 width=121)
	  Sort Key: c
	  ->  Bitmap Heap Scan on sbtest1  (cost=321.32..35239.01 rows=10233 width=121)
	        Recheck Cond: ((id >= 1838028) AND (id <= 1848027))
	        ->  Bitmap Index Scan on sbtest1_pkey  (cost=0.00..318.76 rows=10233 width=0)
	              Index Cond: ((id >= 1838028) AND (id <= 1848027))

table 2 : explain SELECT c FROM sbtest2 WHERE id BETWEEN 7980517 AND 7990516 ORDER BY c
	Sort  (cost=33711.97..33735.82 rows=9539 width=121)
	  Sort Key: c
	  ->  Bitmap Heap Scan on sbtest2  (cost=302.21..33081.46 rows=9539 width=121)
	        Recheck Cond: ((id >= 7980517) AND (id <= 7990516))
	        ->  Bitmap Index Scan on sbtest2_pkey  (cost=0.00..299.82 rows=9539 width=0)
	              Index Cond: ((id >= 7980517) AND (id <= 7990516))

table 3 : explain SELECT c FROM sbtest3 WHERE id BETWEEN 7488041 AND 7498040 ORDER BY c
	Sort  (cost=37439.68..37466.41 rows=10695 width=121)
	  Sort Key: c
	  ->  Bitmap Heap Scan on sbtest3  (cost=342.06..36723.93 rows=10695 width=121)
	        Recheck Cond: ((id >= 7488041) AND (id <= 7498040))
	        ->  Bitmap Index Scan on sbtest3_pkey  (cost=0.00..339.38 rows=10695 width=0)
	              Index Cond: ((id >= 7488041) AND (id <= 7498040))

table 4 : explain SELECT c FROM sbtest4 WHERE id BETWEEN 616162 AND 626161 ORDER BY c
	Sort  (cost=37258.51..37284.89 rows=10553 width=121)
	  Sort Key: c
	  ->  Bitmap Heap Scan on sbtest4  (cost=340.60..36553.29 rows=10553 width=121)
	        Recheck Cond: ((id >= 616162) AND (id <= 626161))
	        ->  Bitmap Index Scan on sbtest4_pkey  (cost=0.00..337.96 rows=10553 width=0)
	              Index Cond: ((id >= 616162) AND (id <= 626161))

table 5 : explain SELECT c FROM sbtest5 WHERE id BETWEEN 2459902 AND 2469901 ORDER BY c
	Sort  (cost=35212.46..35237.27 rows=9922 width=121)
	  Sort Key: c
	  ->  Bitmap Heap Scan on sbtest5  (cost=318.14..34553.82 rows=9922 width=121)
	        Recheck Cond: ((id >= 2459902) AND (id <= 2469901))
	        ->  Bitmap Index Scan on sbtest5_pkey  (cost=0.00..315.66 rows=9922 width=0)
	              Index Cond: ((id >= 2459902) AND (id <= 2469901))

table 6 : explain SELECT c FROM sbtest6 WHERE id BETWEEN 2484482 AND 2494481 ORDER BY c
	Sort  (cost=32573.97..32596.91 rows=9176 width=121)
	  Sort Key: c
	  ->  Bitmap Heap Scan on sbtest6  (cost=294.49..31970.02 rows=9176 width=121)
	        Recheck Cond: ((id >= 2484482) AND (id <= 2494481))
	        ->  Bitmap Index Scan on sbtest6_pkey  (cost=0.00..292.19 rows=9176 width=0)
	              Index Cond: ((id >= 2484482) AND (id <= 2494481))

table 7 : explain SELECT c FROM sbtest7 WHERE id BETWEEN 6269311 AND 6279310 ORDER BY c
	Sort  (cost=35227.44..35252.49 rows=10017 width=121)
	  Sort Key: c
	  ->  Bitmap Heap Scan on sbtest7  (cost=323.11..34561.81 rows=10017 width=121)
	        Recheck Cond: ((id >= 6269311) AND (id <= 6279310))
	        ->  Bitmap Index Scan on sbtest7_pkey  (cost=0.00..320.61 rows=10017 width=0)
	              Index Cond: ((id >= 6269311) AND (id <= 6279310))

table 8 : explain SELECT c FROM sbtest8 WHERE id BETWEEN 1499949 AND 1509948 ORDER BY c
	Sort  (cost=34276.19..34300.47 rows=9713 width=121)
	  Sort Key: c
	  ->  Bitmap Heap Scan on sbtest8  (cost=311.99..33632.91 rows=9713 width=121)
	        Recheck Cond: ((id >= 1499949) AND (id <= 1509948))
	        ->  Bitmap Index Scan on sbtest8_pkey  (cost=0.00..309.56 rows=9713 width=0)
	              Index Cond: ((id >= 1499949) AND (id <= 1509948))

for: order_ranges
table 1 : explain SELECT c FROM sbtest1 WHERE id BETWEEN 6770462 AND 6780461 ORDER BY c
	Sort  (cost=34539.71..34564.22 rows=9802 width=121)
	  Sort Key: c
	  ->  Bitmap Heap Scan on sbtest1  (cost=308.91..33889.89 rows=9802 width=121)
	        Recheck Cond: ((id >= 6770462) AND (id <= 6780461))
	        ->  Bitmap Index Scan on sbtest1_pkey  (cost=0.00..306.45 rows=9802 width=0)
	              Index Cond: ((id >= 6770462) AND (id <= 6780461))

table 2 : explain SELECT c FROM sbtest2 WHERE id BETWEEN 5543556 AND 5553555 ORDER BY c
	Sort  (cost=35925.80..35951.37 rows=10227 width=121)
	  Sort Key: c
	  ->  Bitmap Heap Scan on sbtest2  (cost=325.26..35244.68 rows=10227 width=121)
	        Recheck Cond: ((id >= 5543556) AND (id <= 5553555))
	        ->  Bitmap Index Scan on sbtest2_pkey  (cost=0.00..322.70 rows=10227 width=0)
	              Index Cond: ((id >= 5543556) AND (id <= 5553555))

table 3 : explain SELECT c FROM sbtest3 WHERE id BETWEEN 7912325 AND 7922324 ORDER BY c
	Sort  (cost=33787.33..33811.22 rows=9557 width=121)
	  Sort Key: c
	  ->  Bitmap Heap Scan on sbtest3  (cost=306.39..33155.50 rows=9557 width=121)
	        Recheck Cond: ((id >= 7912325) AND (id <= 7922324))
	        ->  Bitmap Index Scan on sbtest3_pkey  (cost=0.00..304.00 rows=9557 width=0)
	              Index Cond: ((id >= 7912325) AND (id <= 7922324))

table 4 : explain SELECT c FROM sbtest4 WHERE id BETWEEN 7525561 AND 7535560 ORDER BY c
	Sort  (cost=36180.05..36205.60 rows=10220 width=121)
	  Sort Key: c
	  ->  Bitmap Heap Scan on sbtest4  (cost=329.19..35499.45 rows=10220 width=121)
	        Recheck Cond: ((id >= 7525561) AND (id <= 7535560))
	        ->  Bitmap Index Scan on sbtest4_pkey  (cost=0.00..326.63 rows=10220 width=0)
	              Index Cond: ((id >= 7525561) AND (id <= 7535560))

table 5 : explain SELECT c FROM sbtest5 WHERE id BETWEEN 45776 AND 55775 ORDER BY c
	Sort  (cost=33425.95..33449.39 rows=9375 width=121)
	  Sort Key: c
	  ->  Bitmap Heap Scan on sbtest5  (cost=300.53..32807.46 rows=9375 width=121)
	        Recheck Cond: ((id >= 45776) AND (id <= 55775))
	        ->  Bitmap Index Scan on sbtest5_pkey  (cost=0.00..298.19 rows=9375 width=0)
	              Index Cond: ((id >= 45776) AND (id <= 55775))

table 6 : explain SELECT c FROM sbtest6 WHERE id BETWEEN 4292905 AND 4302904 ORDER BY c
	Sort  (cost=36127.43..36153.12 rows=10276 width=121)
	  Sort Key: c
	  ->  Bitmap Heap Scan on sbtest6  (cost=329.76..35442.69 rows=10276 width=121)
	        Recheck Cond: ((id >= 4292905) AND (id <= 4302904))
	        ->  Bitmap Index Scan on sbtest6_pkey  (cost=0.00..327.19 rows=10276 width=0)
	              Index Cond: ((id >= 4292905) AND (id <= 4302904))

table 7 : explain SELECT c FROM sbtest7 WHERE id BETWEEN 5203342 AND 5213341 ORDER BY c
	Sort  (cost=35076.08..35101.01 rows=9970 width=121)
	  Sort Key: c
	  ->  Bitmap Heap Scan on sbtest7  (cost=322.63..34413.91 rows=9970 width=121)
	        Recheck Cond: ((id >= 5203342) AND (id <= 5213341))
	        ->  Bitmap Index Scan on sbtest7_pkey  (cost=0.00..320.13 rows=9970 width=0)
	              Index Cond: ((id >= 5203342) AND (id <= 5213341))

table 8 : explain SELECT c FROM sbtest8 WHERE id BETWEEN 9328077 AND 9338076 ORDER BY c
	Sort  (cost=36419.62..36445.58 rows=10381 width=121)
	  Sort Key: c
	  ->  Bitmap Heap Scan on sbtest8  (cost=334.84..35727.13 rows=10381 width=121)
	        Recheck Cond: ((id >= 9328077) AND (id <= 9338076))
	        ->  Bitmap Index Scan on sbtest8_pkey  (cost=0.00..332.25 rows=10381 width=0)
	              Index Cond: ((id >= 9328077) AND (id <= 9338076))

for: order_ranges
table 1 : explain SELECT c FROM sbtest1 WHERE id BETWEEN 3867084 AND 3877083 ORDER BY c
	Sort  (cost=38483.58..38511.17 rows=11038 width=121)
	  Sort Key: c
	  ->  Bitmap Heap Scan on sbtest1  (cost=349.57..37742.36 rows=11038 width=121)
	        Recheck Cond: ((id >= 3867084) AND (id <= 3877083))
	        ->  Bitmap Index Scan on sbtest1_pkey  (cost=0.00..346.81 rows=11038 width=0)
	              Index Cond: ((id >= 3867084) AND (id <= 3877083))

table 2 : explain SELECT c FROM sbtest2 WHERE id BETWEEN 3438811 AND 3448810 ORDER BY c
	Sort  (cost=37853.81..37880.89 rows=10832 width=121)
	  Sort Key: c
	  ->  Bitmap Heap Scan on sbtest2  (cost=343.46..37127.91 rows=10832 width=121)
	        Recheck Cond: ((id >= 3438811) AND (id <= 3448810))
	        ->  Bitmap Index Scan on sbtest2_pkey  (cost=0.00..340.75 rows=10832 width=0)
	              Index Cond: ((id >= 3438811) AND (id <= 3448810))

table 3 : explain SELECT c FROM sbtest3 WHERE id BETWEEN 7331966 AND 7341965 ORDER BY c
	Sort  (cost=32709.91..32732.97 rows=9225 width=121)
	  Sort Key: c
	  ->  Bitmap Heap Scan on sbtest3  (cost=294.99..32102.38 rows=9225 width=121)
	        Recheck Cond: ((id >= 7331966) AND (id <= 7341965))
	        ->  Bitmap Index Scan on sbtest3_pkey  (cost=0.00..292.69 rows=9225 width=0)
	              Index Cond: ((id >= 7331966) AND (id <= 7341965))

table 4 : explain SELECT c FROM sbtest4 WHERE id BETWEEN 5471877 AND 5481876 ORDER BY c
	Sort  (cost=33914.21..33938.02 rows=9525 width=121)
	  Sort Key: c
	  ->  Bitmap Heap Scan on sbtest4  (cost=306.07..33284.73 rows=9525 width=121)
	        Recheck Cond: ((id >= 5471877) AND (id <= 5481876))
	        ->  Bitmap Index Scan on sbtest4_pkey  (cost=0.00..303.69 rows=9525 width=0)
	              Index Cond: ((id >= 5471877) AND (id <= 5481876))

table 5 : explain SELECT c FROM sbtest5 WHERE id BETWEEN 5777316 AND 5787315 ORDER BY c
	Sort  (cost=33248.29..33271.59 rows=9321 width=121)
	  Sort Key: c
	  ->  Bitmap Heap Scan on sbtest5  (cost=299.98..32633.74 rows=9321 width=121)
	        Recheck Cond: ((id >= 5777316) AND (id <= 5787315))
	        ->  Bitmap Index Scan on sbtest5_pkey  (cost=0.00..297.65 rows=9321 width=0)
	              Index Cond: ((id >= 5777316) AND (id <= 5787315))

table 6 : explain SELECT c FROM sbtest6 WHERE id BETWEEN 1317106 AND 1327105 ORDER BY c
	Sort  (cost=36226.11..36251.87 rows=10307 width=121)
	  Sort Key: c
	  ->  Bitmap Heap Scan on sbtest6  (cost=330.08..35539.08 rows=10307 width=121)
	        Recheck Cond: ((id >= 1317106) AND (id <= 1327105))
	        ->  Bitmap Index Scan on sbtest6_pkey  (cost=0.00..327.50 rows=10307 width=0)
	              Index Cond: ((id >= 1317106) AND (id <= 1327105))

table 7 : explain SELECT c FROM sbtest7 WHERE id BETWEEN 1151802 AND 1161801 ORDER BY c
	Sort  (cost=35539.96..35565.25 rows=10116 width=121)
	  Sort Key: c
	  ->  Bitmap Heap Scan on sbtest7  (cost=324.12..34867.03 rows=10116 width=121)
	        Recheck Cond: ((id >= 1151802) AND (id <= 1161801))
	        ->  Bitmap Index Scan on sbtest7_pkey  (cost=0.00..321.59 rows=10116 width=0)
	              Index Cond: ((id >= 1151802) AND (id <= 1161801))

table 8 : explain SELECT c FROM sbtest8 WHERE id BETWEEN 3816636 AND 3826635 ORDER BY c
	Sort  (cost=34011.63..34035.71 rows=9631 width=121)
	  Sort Key: c
	  ->  Bitmap Heap Scan on sbtest8  (cost=311.15..33374.37 rows=9631 width=121)
	        Recheck Cond: ((id >= 3816636) AND (id <= 3826635))
	        ->  Bitmap Index Scan on sbtest8_pkey  (cost=0.00..308.75 rows=9631 width=0)
	              Index Cond: ((id >= 3816636) AND (id <= 3826635))

for: sum_ranges
table 1 : explain SELECT SUM(k) FROM sbtest1 WHERE id BETWEEN 3026850 AND 3036849
	Aggregate  (cost=32091.81..32091.82 rows=1 width=8)
	  ->  Bitmap Heap Scan on sbtest1  (cost=290.99..32068.75 rows=9225 width=4)
	        Recheck Cond: ((id >= 3026850) AND (id <= 3036849))
	        ->  Bitmap Index Scan on sbtest1_pkey  (cost=0.00..288.69 rows=9225 width=0)
	              Index Cond: ((id >= 3026850) AND (id <= 3036849))

table 2 : explain SELECT SUM(k) FROM sbtest2 WHERE id BETWEEN 9940553 AND 9950552
	Aggregate  (cost=33796.11..33796.12 rows=1 width=8)
	  ->  Bitmap Heap Scan on sbtest2  (cost=312.44..33771.72 rows=9757 width=4)
	        Recheck Cond: ((id >= 9940553) AND (id <= 9950552))
	        ->  Bitmap Index Scan on sbtest2_pkey  (cost=0.00..310.00 rows=9757 width=0)
	              Index Cond: ((id >= 9940553) AND (id <= 9950552))

table 3 : explain SELECT SUM(k) FROM sbtest3 WHERE id BETWEEN 4121390 AND 4131389
	Aggregate  (cost=37022.26..37022.27 rows=1 width=8)
	  ->  Bitmap Heap Scan on sbtest3  (cost=342.96..36995.30 rows=10783 width=4)
	        Recheck Cond: ((id >= 4121390) AND (id <= 4131389))
	        ->  Bitmap Index Scan on sbtest3_pkey  (cost=0.00..340.26 rows=10783 width=0)
	              Index Cond: ((id >= 4121390) AND (id <= 4131389))

table 4 : explain SELECT SUM(k) FROM sbtest4 WHERE id BETWEEN 8888074 AND 8898073
	Aggregate  (cost=33669.09..33669.10 rows=1 width=8)
	  ->  Bitmap Heap Scan on sbtest4  (cost=311.21..33645.00 rows=9637 width=4)
	        Recheck Cond: ((id >= 8888074) AND (id <= 8898073))
	        ->  Bitmap Index Scan on sbtest4_pkey  (cost=0.00..308.81 rows=9637 width=0)
	              Index Cond: ((id >= 8888074) AND (id <= 8898073))

table 5 : explain SELECT SUM(k) FROM sbtest5 WHERE id BETWEEN 2275112 AND 2285111
	Aggregate  (cost=32584.83..32584.84 rows=1 width=8)
	  ->  Bitmap Heap Scan on sbtest5  (cost=299.74..32561.58 rows=9298 width=4)
	        Recheck Cond: ((id >= 2275112) AND (id <= 2285111))
	        ->  Bitmap Index Scan on sbtest5_pkey  (cost=0.00..297.42 rows=9298 width=0)
	              Index Cond: ((id >= 2275112) AND (id <= 2285111))

table 6 : explain SELECT SUM(k) FROM sbtest6 WHERE id BETWEEN 8761428 AND 8771427
	Aggregate  (cost=33616.73..33616.74 rows=1 width=8)
	  ->  Bitmap Heap Scan on sbtest6  (cost=311.74..33592.51 rows=9688 width=4)
	        Recheck Cond: ((id >= 8761428) AND (id <= 8771427))
	        ->  Bitmap Index Scan on sbtest6_pkey  (cost=0.00..309.31 rows=9688 width=0)
	              Index Cond: ((id >= 8761428) AND (id <= 8771427))

table 7 : explain SELECT SUM(k) FROM sbtest7 WHERE id BETWEEN 2458621 AND 2468620
	Aggregate  (cost=34302.80..34302.81 rows=1 width=8)
	  ->  Bitmap Heap Scan on sbtest7  (cost=318.19..34277.98 rows=9927 width=4)
	        Recheck Cond: ((id >= 2458621) AND (id <= 2468620))
	        ->  Bitmap Index Scan on sbtest7_pkey  (cost=0.00..315.70 rows=9927 width=0)
	              Index Cond: ((id >= 2458621) AND (id <= 2468620))

table 8 : explain SELECT SUM(k) FROM sbtest8 WHERE id BETWEEN 5248807 AND 5258806
	Aggregate  (cost=36156.77..36156.78 rows=1 width=8)
	  ->  Bitmap Heap Scan on sbtest8  (cost=336.17..36130.49 rows=10511 width=4)
	        Recheck Cond: ((id >= 5248807) AND (id <= 5258806))
	        ->  Bitmap Index Scan on sbtest8_pkey  (cost=0.00..333.55 rows=10511 width=0)
	              Index Cond: ((id >= 5248807) AND (id <= 5258806))

explain: for point_selects :: explain SELECT c FROM sbtest%u WHERE id=%u
for point_selects
table 1 : explain SELECT c FROM sbtest1 WHERE id=1612513
	Index Scan using sbtest1_pkey on sbtest1  (cost=0.43..8.45 rows=1 width=121)
	  Index Cond: (id = 1612513)

table 2 : explain SELECT c FROM sbtest2 WHERE id=1865530
	Index Scan using sbtest2_pkey on sbtest2  (cost=0.43..8.45 rows=1 width=121)
	  Index Cond: (id = 1865530)

table 3 : explain SELECT c FROM sbtest3 WHERE id=6526920
	Index Scan using sbtest3_pkey on sbtest3  (cost=0.43..8.45 rows=1 width=121)
	  Index Cond: (id = 6526920)

table 4 : explain SELECT c FROM sbtest4 WHERE id=9781267
	Index Scan using sbtest4_pkey on sbtest4  (cost=0.43..8.45 rows=1 width=121)
	  Index Cond: (id = 9781267)

table 5 : explain SELECT c FROM sbtest5 WHERE id=3689415
	Index Scan using sbtest5_pkey on sbtest5  (cost=0.43..8.45 rows=1 width=121)
	  Index Cond: (id = 3689415)

table 6 : explain SELECT c FROM sbtest6 WHERE id=4529698
	Index Scan using sbtest6_pkey on sbtest6  (cost=0.43..8.45 rows=1 width=121)
	  Index Cond: (id = 4529698)

table 7 : explain SELECT c FROM sbtest7 WHERE id=9681540
	Index Scan using sbtest7_pkey on sbtest7  (cost=0.43..8.45 rows=1 width=121)
	  Index Cond: (id = 9681540)

table 8 : explain SELECT c FROM sbtest8 WHERE id=51420
	Index Scan using sbtest8_pkey on sbtest8  (cost=0.43..8.45 rows=1 width=121)
	  Index Cond: (id = 51420)

for: distinct_ranges
table 1 : explain SELECT DISTINCT c FROM sbtest1 WHERE id BETWEEN 4734243 AND 4744242 ORDER BY c
	Unique  (cost=33480.09..33527.46 rows=9474 width=121)
	  ->  Sort  (cost=33480.09..33503.78 rows=9474 width=121)
	        Sort Key: c
	        ->  Bitmap Heap Scan on sbtest1  (cost=297.54..32854.34 rows=9474 width=121)
	              Recheck Cond: ((id >= 4734243) AND (id <= 4744242))
	              ->  Bitmap Index Scan on sbtest1_pkey  (cost=0.00..295.18 rows=9474 width=0)
	                    Index Cond: ((id >= 4734243) AND (id <= 4744242))

table 2 : explain SELECT DISTINCT c FROM sbtest2 WHERE id BETWEEN 6187749 AND 6197748 ORDER BY c
	Unique  (cost=35141.73..35191.64 rows=9982 width=121)
	  ->  Sort  (cost=35141.73..35166.68 rows=9982 width=121)
	        Sort Key: c
	        ->  Bitmap Heap Scan on sbtest2  (cost=318.75..34478.67 rows=9982 width=121)
	              Recheck Cond: ((id >= 6187749) AND (id <= 6197748))
	              ->  Bitmap Index Scan on sbtest2_pkey  (cost=0.00..316.25 rows=9982 width=0)
	                    Index Cond: ((id >= 6187749) AND (id <= 6197748))

table 3 : explain SELECT DISTINCT c FROM sbtest3 WHERE id BETWEEN 8267047 AND 8277046 ORDER BY c
	Unique  (cost=32799.76..32846.02 rows=9253 width=121)
	  ->  Sort  (cost=32799.76..32822.89 rows=9253 width=121)
	        Sort Key: c
	        ->  Bitmap Heap Scan on sbtest3  (cost=295.28..32190.19 rows=9253 width=121)
	              Recheck Cond: ((id >= 8267047) AND (id <= 8277046))
	              ->  Bitmap Index Scan on sbtest3_pkey  (cost=0.00..292.96 rows=9253 width=0)
	                    Index Cond: ((id >= 8267047) AND (id <= 8277046))

table 4 : explain SELECT DISTINCT c FROM sbtest4 WHERE id BETWEEN 9582232 AND 9592231 ORDER BY c
	Unique  (cost=35484.56..35534.59 rows=10005 width=121)
	  ->  Sort  (cost=35484.56..35509.57 rows=10005 width=121)
	        Sort Key: c
	        ->  Bitmap Heap Scan on sbtest4  (cost=322.99..34819.81 rows=10005 width=121)
	              Recheck Cond: ((id >= 9582232) AND (id <= 9592231))
	              ->  Bitmap Index Scan on sbtest4_pkey  (cost=0.00..320.49 rows=10005 width=0)
	                    Index Cond: ((id >= 9582232) AND (id <= 9592231))

table 5 : explain SELECT DISTINCT c FROM sbtest5 WHERE id BETWEEN 8180927 AND 8190926 ORDER BY c
	Unique  (cost=32067.22..32112.03 rows=8962 width=121)
	  ->  Sort  (cost=32067.22..32089.63 rows=8962 width=121)
	        Sort Key: c
	        ->  Bitmap Heap Scan on sbtest5  (cost=288.30..31478.89 rows=8962 width=121)
	              Recheck Cond: ((id >= 8180927) AND (id <= 8190926))
	              ->  Bitmap Index Scan on sbtest5_pkey  (cost=0.00..286.06 rows=8962 width=0)
	                    Index Cond: ((id >= 8180927) AND (id <= 8190926))

table 6 : explain SELECT DISTINCT c FROM sbtest6 WHERE id BETWEEN 1523510 AND 1533509 ORDER BY c
	Unique  (cost=39779.29..39836.42 rows=11425 width=121)
	  ->  Sort  (cost=39779.29..39807.86 rows=11425 width=121)
	        Sort Key: c
	        ->  Bitmap Heap Scan on sbtest6  (cost=365.54..39009.25 rows=11425 width=121)
	              Recheck Cond: ((id >= 1523510) AND (id <= 1533509))
	              ->  Bitmap Index Scan on sbtest6_pkey  (cost=0.00..362.69 rows=11425 width=0)
	                    Index Cond: ((id >= 1523510) AND (id <= 1533509))

table 7 : explain SELECT DISTINCT c FROM sbtest7 WHERE id BETWEEN 8827601 AND 8837600 ORDER BY c
	Unique  (cost=36705.76..36758.17 rows=10481 width=121)
	  ->  Sort  (cost=36705.76..36731.97 rows=10481 width=121)
	        Sort Key: c
	        ->  Bitmap Heap Scan on sbtest7  (cost=335.87..36005.87 rows=10481 width=121)
	              Recheck Cond: ((id >= 8827601) AND (id <= 8837600))
	              ->  Bitmap Index Scan on sbtest7_pkey  (cost=0.00..333.25 rows=10481 width=0)
	                    Index Cond: ((id >= 8827601) AND (id <= 8837600))

table 8 : explain SELECT DISTINCT c FROM sbtest8 WHERE id BETWEEN 9954705 AND 9964704 ORDER BY c
	Unique  (cost=37540.71..37594.37 rows=10733 width=121)
	  ->  Sort  (cost=37540.71..37567.54 rows=10733 width=121)
	        Sort Key: c
	        ->  Bitmap Heap Scan on sbtest8  (cost=346.45..36822.15 rows=10733 width=121)
	              Recheck Cond: ((id >= 9954705) AND (id <= 9964704))
	              ->  Bitmap Index Scan on sbtest8_pkey  (cost=0.00..343.76 rows=10733 width=0)
	                    Index Cond: ((id >= 9954705) AND (id <= 9964704))

for: distinct_ranges
table 1 : explain SELECT DISTINCT c FROM sbtest1 WHERE id BETWEEN 1607660 AND 1617659 ORDER BY c
	Unique  (cost=33937.63..33985.70 rows=9615 width=121)
	  ->  Sort  (cost=33937.63..33961.66 rows=9615 width=121)
	        Sort Key: c
	        ->  Bitmap Heap Scan on sbtest1  (cost=302.99..33301.54 rows=9615 width=121)
	              Recheck Cond: ((id >= 1607660) AND (id <= 1617659))
	              ->  Bitmap Index Scan on sbtest1_pkey  (cost=0.00..300.58 rows=9615 width=0)
	                    Index Cond: ((id >= 1607660) AND (id <= 1617659))

table 2 : explain SELECT DISTINCT c FROM sbtest2 WHERE id BETWEEN 38606 AND 48605 ORDER BY c
	Unique  (cost=32048.79..32093.92 rows=9026 width=121)
	  ->  Sort  (cost=32048.79..32071.36 rows=9026 width=121)
	        Sort Key: c
	        ->  Bitmap Heap Scan on sbtest2  (cost=288.95..31455.79 rows=9026 width=121)
	              Recheck Cond: ((id >= 38606) AND (id <= 48605))
	              ->  Bitmap Index Scan on sbtest2_pkey  (cost=0.00..286.69 rows=9026 width=0)
	                    Index Cond: ((id >= 38606) AND (id <= 48605))

table 3 : explain SELECT DISTINCT c FROM sbtest3 WHERE id BETWEEN 1697026 AND 1707025 ORDER BY c
	Unique  (cost=36008.42..36059.65 rows=10246 width=121)
	  ->  Sort  (cost=36008.42..36034.03 rows=10246 width=121)
	        Sort Key: c
	        ->  Bitmap Heap Scan on sbtest3  (cost=329.46..35325.89 rows=10246 width=121)
	              Recheck Cond: ((id >= 1697026) AND (id <= 1707025))
	              ->  Bitmap Index Scan on sbtest3_pkey  (cost=0.00..326.90 rows=10246 width=0)
	                    Index Cond: ((id >= 1697026) AND (id <= 1707025))

table 4 : explain SELECT DISTINCT c FROM sbtest4 WHERE id BETWEEN 2851627 AND 2861626 ORDER BY c
	Unique  (cost=35507.94..35558.00 rows=10013 width=121)
	  ->  Sort  (cost=35507.94..35532.97 rows=10013 width=121)
	        Sort Key: c
	        ->  Bitmap Heap Scan on sbtest4  (cost=323.07..34842.59 rows=10013 width=121)
	              Recheck Cond: ((id >= 2851627) AND (id <= 2861626))
	              ->  Bitmap Index Scan on sbtest4_pkey  (cost=0.00..320.56 rows=10013 width=0)
	                    Index Cond: ((id >= 2851627) AND (id <= 2861626))

table 5 : explain SELECT DISTINCT c FROM sbtest5 WHERE id BETWEEN 4194018 AND 4204017 ORDER BY c
	Unique  (cost=33375.71..33422.51 rows=9360 width=121)
	  ->  Sort  (cost=33375.71..33399.11 rows=9360 width=121)
	        Sort Key: c
	        ->  Bitmap Heap Scan on sbtest5  (cost=300.38..32758.31 rows=9360 width=121)
	              Recheck Cond: ((id >= 4194018) AND (id <= 4204017))
	              ->  Bitmap Index Scan on sbtest5_pkey  (cost=0.00..298.04 rows=9360 width=0)
	                    Index Cond: ((id >= 4194018) AND (id <= 4204017))

table 6 : explain SELECT DISTINCT c FROM sbtest6 WHERE id BETWEEN 105997 AND 115996 ORDER BY c
	Unique  (cost=36071.56..36122.86 rows=10259 width=121)
	  ->  Sort  (cost=36071.56..36097.21 rows=10259 width=121)
	        Sort Key: c
	        ->  Bitmap Heap Scan on sbtest6  (cost=329.59..35388.07 rows=10259 width=121)
	              Recheck Cond: ((id >= 105997) AND (id <= 115996))
	              ->  Bitmap Index Scan on sbtest6_pkey  (cost=0.00..327.03 rows=10259 width=0)
	                    Index Cond: ((id >= 105997) AND (id <= 115996))

table 7 : explain SELECT DISTINCT c FROM sbtest7 WHERE id BETWEEN 7831281 AND 7841280 ORDER BY c
	Unique  (cost=33830.55..33878.47 rows=9583 width=121)
	  ->  Sort  (cost=33830.55..33854.51 rows=9583 width=121)
	        Sort Key: c
	        ->  Bitmap Heap Scan on sbtest7  (cost=310.66..33196.82 rows=9583 width=121)
	              Recheck Cond: ((id >= 7831281) AND (id <= 7841280))
	              ->  Bitmap Index Scan on sbtest7_pkey  (cost=0.00..308.26 rows=9583 width=0)
	                    Index Cond: ((id >= 7831281) AND (id <= 7841280))

table 8 : explain SELECT DISTINCT c FROM sbtest8 WHERE id BETWEEN 5864210 AND 5874209 ORDER BY c
	Unique  (cost=35468.51..35518.93 rows=10084 width=121)
	  ->  Sort  (cost=35468.51..35493.72 rows=10084 width=121)
	        Sort Key: c
	        ->  Bitmap Heap Scan on sbtest8  (cost=323.80..34797.94 rows=10084 width=121)
	              Recheck Cond: ((id >= 5864210) AND (id <= 5874209))
	              ->  Bitmap Index Scan on sbtest8_pkey  (cost=0.00..321.28 rows=10084 width=0)
	                    Index Cond: ((id >= 5864210) AND (id <= 5874209))

for: distinct_ranges
table 1 : explain SELECT DISTINCT c FROM sbtest1 WHERE id BETWEEN 3233570 AND 3243569 ORDER BY c
	Unique  (cost=33666.20..33713.85 rows=9530 width=121)
	  ->  Sort  (cost=33666.20..33690.02 rows=9530 width=121)
	        Sort Key: c
	        ->  Bitmap Heap Scan on sbtest1  (cost=302.12..33036.35 rows=9530 width=121)
	              Recheck Cond: ((id >= 3233570) AND (id <= 3243569))
	              ->  Bitmap Index Scan on sbtest1_pkey  (cost=0.00..299.74 rows=9530 width=0)
	                    Index Cond: ((id >= 3233570) AND (id <= 3243569))

table 2 : explain SELECT DISTINCT c FROM sbtest2 WHERE id BETWEEN 1831337 AND 1841336 ORDER BY c
	Unique  (cost=35194.41..35244.40 rows=9998 width=121)
	  ->  Sort  (cost=35194.41..35219.40 rows=9998 width=121)
	        Sort Key: c
	        ->  Bitmap Heap Scan on sbtest2  (cost=318.91..34530.17 rows=9998 width=121)
	              Recheck Cond: ((id >= 1831337) AND (id <= 1841336))
	              ->  Bitmap Index Scan on sbtest2_pkey  (cost=0.00..316.42 rows=9998 width=0)
	                    Index Cond: ((id >= 1831337) AND (id <= 1841336))

table 3 : explain SELECT DISTINCT c FROM sbtest3 WHERE id BETWEEN 6539891 AND 6549890 ORDER BY c
	Unique  (cost=37403.73..37457.15 rows=10684 width=121)
	  ->  Sort  (cost=37403.73..37430.44 rows=10684 width=121)
	        Sort Key: c
	        ->  Bitmap Heap Scan on sbtest3  (cost=341.95..36688.80 rows=10684 width=121)
	              Recheck Cond: ((id >= 6539891) AND (id <= 6549890))
	              ->  Bitmap Index Scan on sbtest3_pkey  (cost=0.00..339.28 rows=10684 width=0)
	                    Index Cond: ((id >= 6539891) AND (id <= 6549890))

table 4 : explain SELECT DISTINCT c FROM sbtest4 WHERE id BETWEEN 4743060 AND 4753059 ORDER BY c
	Unique  (cost=33022.05..33068.31 rows=9252 width=121)
	  ->  Sort  (cost=33022.05..33045.18 rows=9252 width=121)
	        Sort Key: c
	        ->  Bitmap Heap Scan on sbtest4  (cost=299.27..32412.55 rows=9252 width=121)
	              Recheck Cond: ((id >= 4743060) AND (id <= 4753059))
	              ->  Bitmap Index Scan on sbtest4_pkey  (cost=0.00..296.95 rows=9252 width=0)
	                    Index Cond: ((id >= 4743060) AND (id <= 4753059))

table 5 : explain SELECT DISTINCT c FROM sbtest5 WHERE id BETWEEN 4408011 AND 4418010 ORDER BY c
	Unique  (cost=36357.55..36408.92 rows=10274 width=121)
	  ->  Sort  (cost=36357.55..36383.23 rows=10274 width=121)
	        Sort Key: c
	        ->  Bitmap Heap Scan on sbtest5  (cost=329.74..35672.96 rows=10274 width=121)
	              Recheck Cond: ((id >= 4408011) AND (id <= 4418010))
	              ->  Bitmap Index Scan on sbtest5_pkey  (cost=0.00..327.18 rows=10274 width=0)
	                    Index Cond: ((id >= 4408011) AND (id <= 4418010))

table 6 : explain SELECT DISTINCT c FROM sbtest6 WHERE id BETWEEN 2250364 AND 2260363 ORDER BY c
	Unique  (cost=34823.53..34872.88 rows=9870 width=121)
	  ->  Sort  (cost=34823.53..34848.21 rows=9870 width=121)
	        Sort Key: c
	        ->  Bitmap Heap Scan on sbtest6  (cost=317.60..34168.72 rows=9870 width=121)
	              Recheck Cond: ((id >= 2250364) AND (id <= 2260363))
	              ->  Bitmap Index Scan on sbtest6_pkey  (cost=0.00..315.13 rows=9870 width=0)
	                    Index Cond: ((id >= 2250364) AND (id <= 2260363))

table 7 : explain SELECT DISTINCT c FROM sbtest7 WHERE id BETWEEN 9026363 AND 9036362 ORDER BY c
	Unique  (cost=37017.22..37070.11 rows=10578 width=121)
	  ->  Sort  (cost=37017.22..37043.67 rows=10578 width=121)
	        Sort Key: c
	        ->  Bitmap Heap Scan on sbtest7  (cost=340.86..36310.15 rows=10578 width=121)
	              Recheck Cond: ((id >= 9026363) AND (id <= 9036362))
	              ->  Bitmap Index Scan on sbtest7_pkey  (cost=0.00..338.21 rows=10578 width=0)
	                    Index Cond: ((id >= 9026363) AND (id <= 9036362))

table 8 : explain SELECT DISTINCT c FROM sbtest8 WHERE id BETWEEN 2875252 AND 2885251 ORDER BY c
	Unique  (cost=30821.73..30864.98 rows=8651 width=121)
	  ->  Sort  (cost=30821.73..30843.35 rows=8651 width=121)
	        Sort Key: c
	        ->  Bitmap Heap Scan on sbtest8  (cost=277.11..30256.01 rows=8651 width=121)
	              Recheck Cond: ((id >= 2875252) AND (id <= 2885251))
	              ->  Bitmap Index Scan on sbtest8_pkey  (cost=0.00..274.94 rows=8651 width=0)
	                    Index Cond: ((id >= 2875252) AND (id <= 2885251))

for: order_ranges
table 1 : explain SELECT c FROM sbtest1 WHERE id BETWEEN 6586008 AND 6596007 ORDER BY c
	Sort  (cost=31231.94..31253.89 rows=8781 width=121)
	  Sort Key: c
	  ->  Bitmap Heap Scan on sbtest1  (cost=278.44..30656.78 rows=8781 width=121)
	        Recheck Cond: ((id >= 6586008) AND (id <= 6596007))
	        ->  Bitmap Index Scan on sbtest1_pkey  (cost=0.00..276.25 rows=8781 width=0)
	              Index Cond: ((id >= 6586008) AND (id <= 6596007))

table 2 : explain SELECT c FROM sbtest2 WHERE id BETWEEN 8446554 AND 8456553 ORDER BY c
	Sort  (cost=36415.80..36441.75 rows=10380 width=121)
	  Sort Key: c
	  ->  Bitmap Heap Scan on sbtest2  (cost=330.83..35723.38 rows=10380 width=121)
	        Recheck Cond: ((id >= 8446554) AND (id <= 8456553))
	        ->  Bitmap Index Scan on sbtest2_pkey  (cost=0.00..328.24 rows=10380 width=0)
	              Index Cond: ((id >= 8446554) AND (id <= 8456553))

table 3 : explain SELECT c FROM sbtest3 WHERE id BETWEEN 6310106 AND 6320105 ORDER BY c
	Sort  (cost=33478.20..33501.86 rows=9462 width=121)
	  Sort Key: c
	  ->  Bitmap Heap Scan on sbtest3  (cost=301.42..32853.33 rows=9462 width=121)
	        Recheck Cond: ((id >= 6310106) AND (id <= 6320105))
	        ->  Bitmap Index Scan on sbtest3_pkey  (cost=0.00..299.06 rows=9462 width=0)
	              Index Cond: ((id >= 6310106) AND (id <= 6320105))

table 4 : explain SELECT c FROM sbtest4 WHERE id BETWEEN 5193268 AND 5203267 ORDER BY c
	Sort  (cost=36263.07..36288.68 rows=10246 width=121)
	  Sort Key: c
	  ->  Bitmap Heap Scan on sbtest4  (cost=329.46..35580.54 rows=10246 width=121)
	        Recheck Cond: ((id >= 5193268) AND (id <= 5203267))
	        ->  Bitmap Index Scan on sbtest4_pkey  (cost=0.00..326.90 rows=10246 width=0)
	              Index Cond: ((id >= 5193268) AND (id <= 5203267))

table 5 : explain SELECT c FROM sbtest5 WHERE id BETWEEN 1930782 AND 1940781 ORDER BY c
	Sort  (cost=34491.25..34515.50 rows=9700 width=121)
	  Sort Key: c
	  ->  Bitmap Heap Scan on sbtest5  (cost=311.86..33848.92 rows=9700 width=121)
	        Recheck Cond: ((id >= 1930782) AND (id <= 1940781))
	        ->  Bitmap Index Scan on sbtest5_pkey  (cost=0.00..309.44 rows=9700 width=0)
	              Index Cond: ((id >= 1930782) AND (id <= 1940781))

table 6 : explain SELECT c FROM sbtest6 WHERE id BETWEEN 7541694 AND 7551693 ORDER BY c
	Sort  (cost=33997.91..34021.95 rows=9615 width=121)
	  Sort Key: c
	  ->  Bitmap Heap Scan on sbtest6  (cost=306.99..33361.82 rows=9615 width=121)
	        Recheck Cond: ((id >= 7541694) AND (id <= 7551693))
	        ->  Bitmap Index Scan on sbtest6_pkey  (cost=0.00..304.58 rows=9615 width=0)
	              Index Cond: ((id >= 7541694) AND (id <= 7551693))

table 7 : explain SELECT c FROM sbtest7 WHERE id BETWEEN 2584461 AND 2594460 ORDER BY c
	Sort  (cost=36686.05..36712.23 rows=10474 width=121)
	  Sort Key: c
	  ->  Bitmap Heap Scan on sbtest7  (cost=335.79..35986.67 rows=10474 width=121)
	        Recheck Cond: ((id >= 2584461) AND (id <= 2594460))
	        ->  Bitmap Index Scan on sbtest7_pkey  (cost=0.00..333.18 rows=10474 width=0)
	              Index Cond: ((id >= 2584461) AND (id <= 2594460))

table 8 : explain SELECT c FROM sbtest8 WHERE id BETWEEN 2525425 AND 2535424 ORDER BY c
	Sort  (cost=36665.48..36691.63 rows=10458 width=121)
	  Sort Key: c
	  ->  Bitmap Heap Scan on sbtest8  (cost=335.63..35967.29 rows=10458 width=121)
	        Recheck Cond: ((id >= 2525425) AND (id <= 2535424))
	        ->  Bitmap Index Scan on sbtest8_pkey  (cost=0.00..333.01 rows=10458 width=0)
	              Index Cond: ((id >= 2525425) AND (id <= 2535424))

for: order_ranges
table 1 : explain SELECT c FROM sbtest1 WHERE id BETWEEN 6727272 AND 6737271 ORDER BY c
	Sort  (cost=35638.00..35663.36 rows=10144 width=121)
	  Sort Key: c
	  ->  Bitmap Heap Scan on sbtest1  (cost=320.41..34963.01 rows=10144 width=121)
	        Recheck Cond: ((id >= 6727272) AND (id <= 6737271))
	        ->  Bitmap Index Scan on sbtest1_pkey  (cost=0.00..317.88 rows=10144 width=0)
	              Index Cond: ((id >= 6727272) AND (id <= 6737271))

table 2 : explain SELECT c FROM sbtest2 WHERE id BETWEEN 3832298 AND 3842297 ORDER BY c
	Sort  (cost=32638.91..32661.93 rows=9207 width=121)
	  Sort Key: c
	  ->  Bitmap Heap Scan on sbtest2  (cost=294.81..32032.70 rows=9207 width=121)
	        Recheck Cond: ((id >= 3832298) AND (id <= 3842297))
	        ->  Bitmap Index Scan on sbtest2_pkey  (cost=0.00..292.50 rows=9207 width=0)
	              Index Cond: ((id >= 3832298) AND (id <= 3842297))

table 3 : explain SELECT c FROM sbtest3 WHERE id BETWEEN 20660 AND 30659 ORDER BY c
	Sort  (cost=37675.13..37702.06 rows=10770 width=121)
	  Sort Key: c
	  ->  Bitmap Heap Scan on sbtest3  (cost=342.83..36953.83 rows=10770 width=121)
	        Recheck Cond: ((id >= 20660) AND (id <= 30659))
	        ->  Bitmap Index Scan on sbtest3_pkey  (cost=0.00..340.13 rows=10770 width=0)
	              Index Cond: ((id >= 20660) AND (id <= 30659))

table 4 : explain SELECT c FROM sbtest4 WHERE id BETWEEN 1186588 AND 1196587 ORDER BY c
	Sort  (cost=39725.51..39753.82 rows=11321 width=121)
	  Sort Key: c
	  ->  Bitmap Heap Scan on sbtest4  (cost=364.48..38963.23 rows=11321 width=121)
	        Recheck Cond: ((id >= 1186588) AND (id <= 1196587))
	        ->  Bitmap Index Scan on sbtest4_pkey  (cost=0.00..361.65 rows=11321 width=0)
	              Index Cond: ((id >= 1186588) AND (id <= 1196587))

table 5 : explain SELECT c FROM sbtest5 WHERE id BETWEEN 3910169 AND 3920168 ORDER BY c
	Sort  (cost=35965.77..35991.15 rows=10153 width=121)
	  Sort Key: c
	  ->  Bitmap Heap Scan on sbtest5  (cost=328.50..35290.11 rows=10153 width=121)
	        Recheck Cond: ((id >= 3910169) AND (id <= 3920168))
	        ->  Bitmap Index Scan on sbtest5_pkey  (cost=0.00..325.96 rows=10153 width=0)
	              Index Cond: ((id >= 3910169) AND (id <= 3920168))

table 6 : explain SELECT c FROM sbtest6 WHERE id BETWEEN 812808 AND 822807 ORDER BY c
	Sort  (cost=34147.11..34171.26 rows=9662 width=121)
	  Sort Key: c
	  ->  Bitmap Heap Scan on sbtest6  (cost=307.47..33507.57 rows=9662 width=121)
	        Recheck Cond: ((id >= 812808) AND (id <= 822807))
	        ->  Bitmap Index Scan on sbtest6_pkey  (cost=0.00..305.06 rows=9662 width=0)
	              Index Cond: ((id >= 812808) AND (id <= 822807))

table 7 : explain SELECT c FROM sbtest7 WHERE id BETWEEN 4168419 AND 4178418 ORDER BY c
	Sort  (cost=34521.61..34546.11 rows=9797 width=121)
	  Sort Key: c
	  ->  Bitmap Heap Scan on sbtest7  (cost=316.85..33872.16 rows=9797 width=121)
	        Recheck Cond: ((id >= 4168419) AND (id <= 4178418))
	        ->  Bitmap Index Scan on sbtest7_pkey  (cost=0.00..314.41 rows=9797 width=0)
	              Index Cond: ((id >= 4168419) AND (id <= 4178418))

table 8 : explain SELECT c FROM sbtest8 WHERE id BETWEEN 7896596 AND 7906595 ORDER BY c
	Sort  (cost=34180.29..34204.50 rows=9683 width=121)
	  Sort Key: c
	  ->  Bitmap Heap Scan on sbtest8  (cost=311.69..33539.22 rows=9683 width=121)
	        Recheck Cond: ((id >= 7896596) AND (id <= 7906595))
	        ->  Bitmap Index Scan on sbtest8_pkey  (cost=0.00..309.26 rows=9683 width=0)
	              Index Cond: ((id >= 7896596) AND (id <= 7906595))

for: simple_ranges
table 1 : explain SELECT c FROM sbtest1 WHERE id BETWEEN 142340 AND 152339
	Bitmap Heap Scan on sbtest1  (cost=314.99..34528.34 rows=10005 width=121)
	  Recheck Cond: ((id >= 142340) AND (id <= 152339))
	  ->  Bitmap Index Scan on sbtest1_pkey  (cost=0.00..312.49 rows=10005 width=0)
	        Index Cond: ((id >= 142340) AND (id <= 152339))

table 2 : explain SELECT c FROM sbtest2 WHERE id BETWEEN 3888752 AND 3898751
	Bitmap Heap Scan on sbtest2  (cost=294.81..32032.70 rows=9207 width=121)
	  Recheck Cond: ((id >= 3888752) AND (id <= 3898751))
	  ->  Bitmap Index Scan on sbtest2_pkey  (cost=0.00..292.50 rows=9207 width=0)
	        Index Cond: ((id >= 3888752) AND (id <= 3898751))

table 3 : explain SELECT c FROM sbtest3 WHERE id BETWEEN 1893078 AND 1903077
	Bitmap Heap Scan on sbtest3  (cost=330.96..35781.53 rows=10393 width=121)
	  Recheck Cond: ((id >= 1893078) AND (id <= 1903077))
	  ->  Bitmap Index Scan on sbtest3_pkey  (cost=0.00..328.37 rows=10393 width=0)
	        Index Cond: ((id >= 1893078) AND (id <= 1903077))

table 4 : explain SELECT c FROM sbtest4 WHERE id BETWEEN 1611364 AND 1621363
	Bitmap Heap Scan on sbtest4  (cost=324.48..35278.00 rows=10151 width=121)
	  Recheck Cond: ((id >= 1611364) AND (id <= 1621363))
	  ->  Bitmap Index Scan on sbtest4_pkey  (cost=0.00..321.94 rows=10151 width=0)
	        Index Cond: ((id >= 1611364) AND (id <= 1621363))

table 5 : explain SELECT c FROM sbtest5 WHERE id BETWEEN 1738986 AND 1748985
	Bitmap Heap Scan on sbtest5  (cost=317.78..34443.10 rows=9887 width=121)
	  Recheck Cond: ((id >= 1738986) AND (id <= 1748985))
	  ->  Bitmap Index Scan on sbtest5_pkey  (cost=0.00..315.31 rows=9887 width=0)
	        Index Cond: ((id >= 1738986) AND (id <= 1748985))

table 6 : explain SELECT c FROM sbtest6 WHERE id BETWEEN 4942422 AND 4952421
	Bitmap Heap Scan on sbtest6  (cost=271.20..29689.69 rows=8465 width=121)
	  Recheck Cond: ((id >= 4942422) AND (id <= 4952421))
	  ->  Bitmap Index Scan on sbtest6_pkey  (cost=0.00..269.08 rows=8465 width=0)
	        Index Cond: ((id >= 4942422) AND (id <= 4952421))

table 7 : explain SELECT c FROM sbtest7 WHERE id BETWEEN 4633167 AND 4643166
	Bitmap Heap Scan on sbtest7  (cost=329.73..35358.58 rows=10273 width=121)
	  Recheck Cond: ((id >= 4633167) AND (id <= 4643166))
	  ->  Bitmap Index Scan on sbtest7_pkey  (cost=0.00..327.17 rows=10273 width=0)
	        Index Cond: ((id >= 4633167) AND (id <= 4643166))

table 8 : explain SELECT c FROM sbtest8 WHERE id BETWEEN 2719012 AND 2729011
	Bitmap Heap Scan on sbtest8  (cost=294.59..31964.76 rows=9186 width=121)
	  Recheck Cond: ((id >= 2719012) AND (id <= 2729011))
	  ->  Bitmap Index Scan on sbtest8_pkey  (cost=0.00..292.30 rows=9186 width=0)
	        Index Cond: ((id >= 2719012) AND (id <= 2729011))

for: distinct_ranges
table 1 : explain SELECT DISTINCT c FROM sbtest1 WHERE id BETWEEN 9812091 AND 9822090 ORDER BY c
	Unique  (cost=36338.00..36389.82 rows=10363 width=121)
	  ->  Sort  (cost=36338.00..36363.91 rows=10363 width=121)
	        Sort Key: c
	        ->  Bitmap Heap Scan on sbtest1  (cost=326.66..35646.83 rows=10363 width=121)
	              Recheck Cond: ((id >= 9812091) AND (id <= 9822090))
	              ->  Bitmap Index Scan on sbtest1_pkey  (cost=0.00..324.06 rows=10363 width=0)
	                    Index Cond: ((id >= 9812091) AND (id <= 9822090))

table 2 : explain SELECT DISTINCT c FROM sbtest2 WHERE id BETWEEN 6159392 AND 6169391 ORDER BY c
	Unique  (cost=35596.87..35647.48 rows=10123 width=121)
	  ->  Sort  (cost=35596.87..35622.18 rows=10123 width=121)
	        Sort Key: c
	        ->  Bitmap Heap Scan on sbtest2  (cost=324.20..34923.42 rows=10123 width=121)
	              Recheck Cond: ((id >= 6159392) AND (id <= 6169391))
	              ->  Bitmap Index Scan on sbtest2_pkey  (cost=0.00..321.67 rows=10123 width=0)
	                    Index Cond: ((id >= 6159392) AND (id <= 6169391))

table 3 : explain SELECT DISTINCT c FROM sbtest3 WHERE id BETWEEN 1042601 AND 1052600 ORDER BY c
	Unique  (cost=34734.33..34783.58 rows=9851 width=121)
	  ->  Sort  (cost=34734.33..34758.95 rows=9851 width=121)
	        Sort Key: c
	        ->  Bitmap Heap Scan on sbtest3  (cost=313.41..34080.91 rows=9851 width=121)
	              Recheck Cond: ((id >= 1042601) AND (id <= 1052600))
	              ->  Bitmap Index Scan on sbtest3_pkey  (cost=0.00..310.94 rows=9851 width=0)
	                    Index Cond: ((id >= 1042601) AND (id <= 1052600))

table 4 : explain SELECT DISTINCT c FROM sbtest4 WHERE id BETWEEN 8544764 AND 8554763 ORDER BY c
	Unique  (cost=36213.22..36264.37 rows=10230 width=121)
	  ->  Sort  (cost=36213.22..36238.80 rows=10230 width=121)
	        Sort Key: c
	        ->  Bitmap Heap Scan on sbtest4  (cost=329.29..35531.88 rows=10230 width=121)
	              Recheck Cond: ((id >= 8544764) AND (id <= 8554763))
	              ->  Bitmap Index Scan on sbtest4_pkey  (cost=0.00..326.74 rows=10230 width=0)
	                    Index Cond: ((id >= 8544764) AND (id <= 8554763))

table 5 : explain SELECT DISTINCT c FROM sbtest5 WHERE id BETWEEN 5532665 AND 5542664 ORDER BY c
	Unique  (cost=36228.12..36279.29 rows=10234 width=121)
	  ->  Sort  (cost=36228.12..36253.71 rows=10234 width=121)
	        Sort Key: c
	        ->  Bitmap Heap Scan on sbtest5  (cost=329.33..35546.48 rows=10234 width=121)
	              Recheck Cond: ((id >= 5532665) AND (id <= 5542664))
	              ->  Bitmap Index Scan on sbtest5_pkey  (cost=0.00..326.78 rows=10234 width=0)
	                    Index Cond: ((id >= 5532665) AND (id <= 5542664))

table 6 : explain SELECT DISTINCT c FROM sbtest6 WHERE id BETWEEN 9012059 AND 9022058 ORDER BY c
	Unique  (cost=34120.62..34168.89 rows=9654 width=121)
	  ->  Sort  (cost=34120.62..34144.76 rows=9654 width=121)
	        Sort Key: c
	        ->  Bitmap Heap Scan on sbtest6  (cost=307.39..33481.68 rows=9654 width=121)
	              Recheck Cond: ((id >= 9012059) AND (id <= 9022058))
	              ->  Bitmap Index Scan on sbtest6_pkey  (cost=0.00..304.98 rows=9654 width=0)
	                    Index Cond: ((id >= 9012059) AND (id <= 9022058))

table 7 : explain SELECT DISTINCT c FROM sbtest7 WHERE id BETWEEN 9835953 AND 9845952 ORDER BY c
	Unique  (cost=37144.66..37197.75 rows=10618 width=121)
	  ->  Sort  (cost=37144.66..37171.20 rows=10618 width=121)
	        Sort Key: c
	        ->  Bitmap Heap Scan on sbtest7  (cost=341.27..36434.62 rows=10618 width=121)
	              Recheck Cond: ((id >= 9835953) AND (id <= 9845952))
	              ->  Bitmap Index Scan on sbtest7_pkey  (cost=0.00..338.62 rows=10618 width=0)
	                    Index Cond: ((id >= 9835953) AND (id <= 9845952))

table 8 : explain SELECT DISTINCT c FROM sbtest8 WHERE id BETWEEN 9549 AND 19548 ORDER BY c
	Unique  (cost=34868.06..34917.54 rows=9897 width=121)
	  ->  Sort  (cost=34868.06..34892.80 rows=9897 width=121)
	        Sort Key: c
	        ->  Bitmap Heap Scan on sbtest8  (cost=317.88..34211.26 rows=9897 width=121)
	              Recheck Cond: ((id >= 9549) AND (id <= 19548))
	              ->  Bitmap Index Scan on sbtest8_pkey  (cost=0.00..315.41 rows=9897 width=0)
	                    Index Cond: ((id >= 9549) AND (id <= 19548))

for: distinct_ranges
table 1 : explain SELECT DISTINCT c FROM sbtest1 WHERE id BETWEEN 991770 AND 1001769 ORDER BY c
	Unique  (cost=35130.59..35180.52 rows=9986 width=121)
	  ->  Sort  (cost=35130.59..35155.56 rows=9986 width=121)
	        Sort Key: c
	        ->  Bitmap Heap Scan on sbtest1  (cost=314.79..34467.24 rows=9986 width=121)
	              Recheck Cond: ((id >= 991770) AND (id <= 1001769))
	              ->  Bitmap Index Scan on sbtest1_pkey  (cost=0.00..312.30 rows=9986 width=0)
	                    Index Cond: ((id >= 991770) AND (id <= 1001769))

table 2 : explain SELECT DISTINCT c FROM sbtest2 WHERE id BETWEEN 7655140 AND 7665139 ORDER BY c
	Unique  (cost=36386.20..36438.05 rows=10370 width=121)
	  ->  Sort  (cost=36386.20..36412.13 rows=10370 width=121)
	        Sort Key: c
	        ->  Bitmap Heap Scan on sbtest2  (cost=330.73..35694.52 rows=10370 width=121)
	              Recheck Cond: ((id >= 7655140) AND (id <= 7665139))
	              ->  Bitmap Index Scan on sbtest2_pkey  (cost=0.00..328.13 rows=10370 width=0)
	                    Index Cond: ((id >= 7655140) AND (id <= 7665139))

table 3 : explain SELECT DISTINCT c FROM sbtest3 WHERE id BETWEEN 3164381 AND 3174380 ORDER BY c
	Unique  (cost=34151.64..34199.99 rows=9670 width=121)
	  ->  Sort  (cost=34151.64..34175.81 rows=9670 width=121)
	        Sort Key: c
	        ->  Bitmap Heap Scan on sbtest3  (cost=307.55..33511.52 rows=9670 width=121)
	              Recheck Cond: ((id >= 3164381) AND (id <= 3174380))
	              ->  Bitmap Index Scan on sbtest3_pkey  (cost=0.00..305.13 rows=9670 width=0)
	                    Index Cond: ((id >= 3164381) AND (id <= 3174380))

table 4 : explain SELECT DISTINCT c FROM sbtest4 WHERE id BETWEEN 1445504 AND 1455503 ORDER BY c
	Unique  (cost=34128.20..34176.15 rows=9590 width=121)
	  ->  Sort  (cost=34128.20..34152.18 rows=9590 width=121)
	        Sort Key: c
	        ->  Bitmap Heap Scan on sbtest4  (cost=306.73..33493.95 rows=9590 width=121)
	              Recheck Cond: ((id >= 1445504) AND (id <= 1455503))
	              ->  Bitmap Index Scan on sbtest4_pkey  (cost=0.00..304.33 rows=9590 width=0)
	                    Index Cond: ((id >= 1445504) AND (id <= 1455503))

table 5 : explain SELECT DISTINCT c FROM sbtest5 WHERE id BETWEEN 7442121 AND 7452120 ORDER BY c
	Unique  (cost=34320.92..34369.16 rows=9648 width=121)
	  ->  Sort  (cost=34320.92..34345.04 rows=9648 width=121)
	        Sort Key: c
	        ->  Bitmap Heap Scan on sbtest5  (cost=311.33..33682.41 rows=9648 width=121)
	              Recheck Cond: ((id >= 7442121) AND (id <= 7452120))
	              ->  Bitmap Index Scan on sbtest5_pkey  (cost=0.00..308.92 rows=9648 width=0)
	                    Index Cond: ((id >= 7442121) AND (id <= 7452120))

table 6 : explain SELECT DISTINCT c FROM sbtest6 WHERE id BETWEEN 1421229 AND 1431228 ORDER BY c
	Unique  (cost=36854.28..36906.80 rows=10504 width=121)
	  ->  Sort  (cost=36854.28..36880.54 rows=10504 width=121)
	        Sort Key: c
	        ->  Bitmap Heap Scan on sbtest6  (cost=336.10..36152.68 rows=10504 width=121)
	              Recheck Cond: ((id >= 1421229) AND (id <= 1431228))
	              ->  Bitmap Index Scan on sbtest6_pkey  (cost=0.00..333.48 rows=10504 width=0)
	                    Index Cond: ((id >= 1421229) AND (id <= 1431228))

table 7 : explain SELECT DISTINCT c FROM sbtest7 WHERE id BETWEEN 4583943 AND 4593942 ORDER BY c
	Unique  (cost=35757.51..35808.42 rows=10183 width=121)
	  ->  Sort  (cost=35757.51..35782.97 rows=10183 width=121)
	        Sort Key: c
	        ->  Bitmap Heap Scan on sbtest7  (cost=328.81..35079.63 rows=10183 width=121)
	              Recheck Cond: ((id >= 4583943) AND (id <= 4593942))
	              ->  Bitmap Index Scan on sbtest7_pkey  (cost=0.00..326.26 rows=10183 width=0)
	                    Index Cond: ((id >= 4583943) AND (id <= 4593942))

table 8 : explain SELECT DISTINCT c FROM sbtest8 WHERE id BETWEEN 9036274 AND 9046273 ORDER BY c
	Unique  (cost=37916.17..37970.43 rows=10852 width=121)
	  ->  Sort  (cost=37916.17..37943.30 rows=10852 width=121)
	        Sort Key: c
	        ->  Bitmap Heap Scan on sbtest8  (cost=347.67..37188.77 rows=10852 width=121)
	              Recheck Cond: ((id >= 9036274) AND (id <= 9046273))
	              ->  Bitmap Index Scan on sbtest8_pkey  (cost=0.00..344.95 rows=10852 width=0)
	                    Index Cond: ((id >= 9036274) AND (id <= 9046273))

for: distinct_ranges
table 1 : explain SELECT DISTINCT c FROM sbtest1 WHERE id BETWEEN 9518140 AND 9528139 ORDER BY c
	Unique  (cost=31110.96..31154.68 rows=8745 width=121)
	  ->  Sort  (cost=31110.96..31132.82 rows=8745 width=121)
	        Sort Key: c
	        ->  Bitmap Heap Scan on sbtest1  (cost=274.07..30538.41 rows=8745 width=121)
	              Recheck Cond: ((id >= 9518140) AND (id <= 9528139))
	              ->  Bitmap Index Scan on sbtest1_pkey  (cost=0.00..271.88 rows=8745 width=0)
	                    Index Cond: ((id >= 9518140) AND (id <= 9528139))

table 2 : explain SELECT DISTINCT c FROM sbtest2 WHERE id BETWEEN 3676875 AND 3686874 ORDER BY c
	Unique  (cost=34794.66..34844.03 rows=9874 width=121)
	  ->  Sort  (cost=34794.66..34819.34 rows=9874 width=121)
	        Sort Key: c
	        ->  Bitmap Heap Scan on sbtest2  (cost=313.64..34139.54 rows=9874 width=121)
	              Recheck Cond: ((id >= 3676875) AND (id <= 3686874))
	              ->  Bitmap Index Scan on sbtest2_pkey  (cost=0.00..311.18 rows=9874 width=0)
	                    Index Cond: ((id >= 3676875) AND (id <= 3686874))

table 3 : explain SELECT DISTINCT c FROM sbtest3 WHERE id BETWEEN 1072464 AND 1082463 ORDER BY c
	Unique  (cost=34734.33..34783.58 rows=9851 width=121)
	  ->  Sort  (cost=34734.33..34758.95 rows=9851 width=121)
	        Sort Key: c
	        ->  Bitmap Heap Scan on sbtest3  (cost=313.41..34080.91 rows=9851 width=121)
	              Recheck Cond: ((id >= 1072464) AND (id <= 1082463))
	              ->  Bitmap Index Scan on sbtest3_pkey  (cost=0.00..310.94 rows=9851 width=0)
	                    Index Cond: ((id >= 1072464) AND (id <= 1082463))

table 4 : explain SELECT DISTINCT c FROM sbtest4 WHERE id BETWEEN 4954454 AND 4964453 ORDER BY c
	Unique  (cost=37410.60..37463.60 rows=10600 width=121)
	  ->  Sort  (cost=37410.60..37437.10 rows=10600 width=121)
	        Sort Key: c
	        ->  Bitmap Heap Scan on sbtest4  (cost=341.08..36701.89 rows=10600 width=121)
	              Recheck Cond: ((id >= 4954454) AND (id <= 4964453))
	              ->  Bitmap Index Scan on sbtest4_pkey  (cost=0.00..338.44 rows=10600 width=0)
	                    Index Cond: ((id >= 4954454) AND (id <= 4964453))

table 5 : explain SELECT DISTINCT c FROM sbtest5 WHERE id BETWEEN 9667870 AND 9677869 ORDER BY c
	Unique  (cost=34424.50..34472.90 rows=9680 width=121)
	  ->  Sort  (cost=34424.50..34448.70 rows=9680 width=121)
	        Sort Key: c
	        ->  Bitmap Heap Scan on sbtest5  (cost=311.66..33783.65 rows=9680 width=121)
	              Recheck Cond: ((id >= 9667870) AND (id <= 9677869))
	              ->  Bitmap Index Scan on sbtest5_pkey  (cost=0.00..309.24 rows=9680 width=0)
	                    Index Cond: ((id >= 9667870) AND (id <= 9677869))

table 6 : explain SELECT DISTINCT c FROM sbtest6 WHERE id BETWEEN 1115429 AND 1125428 ORDER BY c
	Unique  (cost=37235.26..37288.37 rows=10622 width=121)
	  ->  Sort  (cost=37235.26..37261.81 rows=10622 width=121)
	        Sort Key: c
	        ->  Bitmap Heap Scan on sbtest6  (cost=341.31..36524.92 rows=10622 width=121)
	              Recheck Cond: ((id >= 1115429) AND (id <= 1125428))
	              ->  Bitmap Index Scan on sbtest6_pkey  (cost=0.00..338.66 rows=10622 width=0)
	                    Index Cond: ((id >= 1115429) AND (id <= 1125428))

table 7 : explain SELECT DISTINCT c FROM sbtest7 WHERE id BETWEEN 8039408 AND 8049407 ORDER BY c
	Unique  (cost=35553.81..35604.41 rows=10119 width=121)
	  ->  Sort  (cost=35553.81..35579.11 rows=10119 width=121)
	        Sort Key: c
	        ->  Bitmap Heap Scan on sbtest7  (cost=328.15..34880.66 rows=10119 width=121)
	              Recheck Cond: ((id >= 8039408) AND (id <= 8049407))
	              ->  Bitmap Index Scan on sbtest7_pkey  (cost=0.00..325.62 rows=10119 width=0)
	                    Index Cond: ((id >= 8039408) AND (id <= 8049407))

table 8 : explain SELECT DISTINCT c FROM sbtest8 WHERE id BETWEEN 8934556 AND 8944555 ORDER BY c
	Unique  (cost=37468.06..37521.62 rows=10711 width=121)
	  ->  Sort  (cost=37468.06..37494.84 rows=10711 width=121)
	        Sort Key: c
	        ->  Bitmap Heap Scan on sbtest8  (cost=342.22..36751.13 rows=10711 width=121)
	              Recheck Cond: ((id >= 8934556) AND (id <= 8944555))
	              ->  Bitmap Index Scan on sbtest8_pkey  (cost=0.00..339.55 rows=10711 width=0)
	                    Index Cond: ((id >= 8934556) AND (id <= 8944555))

explain: for point_selects :: explain SELECT c FROM sbtest%u WHERE id=%u
explain: for point_selects :: explain SELECT c FROM sbtest%u WHERE id=%u
for: sum_ranges
table 1 : explain SELECT SUM(k) FROM sbtest1 WHERE id BETWEEN 6269402 AND 6279401
	Aggregate  (cost=33717.46..33717.47 rows=1 width=8)
	  ->  Bitmap Heap Scan on sbtest1  (cost=308.26..33693.11 rows=9739 width=4)
	        Recheck Cond: ((id >= 6269402) AND (id <= 6279401))
	        ->  Bitmap Index Scan on sbtest1_pkey  (cost=0.00..305.82 rows=9739 width=0)
	              Index Cond: ((id >= 6269402) AND (id <= 6279401))

table 2 : explain SELECT SUM(k) FROM sbtest2 WHERE id BETWEEN 2938505 AND 2948504
	Aggregate  (cost=34122.29..34122.30 rows=1 width=8)
	  ->  Bitmap Heap Scan on sbtest2  (cost=313.51..34097.63 rows=9861 width=4)
	        Recheck Cond: ((id >= 2938505) AND (id <= 2948504))
	        ->  Bitmap Index Scan on sbtest2_pkey  (cost=0.00..311.05 rows=9861 width=0)
	              Index Cond: ((id >= 2938505) AND (id <= 2948504))

table 3 : explain SELECT SUM(k) FROM sbtest3 WHERE id BETWEEN 5971061 AND 5981060
	Aggregate  (cost=35730.49..35730.50 rows=1 width=8)
	  ->  Bitmap Heap Scan on sbtest3  (cost=330.71..35704.57 rows=10368 width=4)
	        Recheck Cond: ((id >= 5971061) AND (id <= 5981060))
	        ->  Bitmap Index Scan on sbtest3_pkey  (cost=0.00..328.12 rows=10368 width=0)
	              Index Cond: ((id >= 5971061) AND (id <= 5981060))

table 4 : explain SELECT SUM(k) FROM sbtest4 WHERE id BETWEEN 8545742 AND 8555741
	Aggregate  (cost=35557.45..35557.46 rows=1 width=8)
	  ->  Bitmap Heap Scan on sbtest4  (cost=329.29..35531.88 rows=10230 width=4)
	        Recheck Cond: ((id >= 8545742) AND (id <= 8555741))
	        ->  Bitmap Index Scan on sbtest4_pkey  (cost=0.00..326.74 rows=10230 width=0)
	              Index Cond: ((id >= 8545742) AND (id <= 8555741))

table 5 : explain SELECT SUM(k) FROM sbtest5 WHERE id BETWEEN 8337251 AND 8347250
	Aggregate  (cost=34572.11..34572.12 rows=1 width=8)
	  ->  Bitmap Heap Scan on sbtest5  (cost=318.12..34547.31 rows=9920 width=4)
	        Recheck Cond: ((id >= 8337251) AND (id <= 8347250))
	        ->  Bitmap Index Scan on sbtest5_pkey  (cost=0.00..315.63 rows=9920 width=0)
	              Index Cond: ((id >= 8337251) AND (id <= 8347250))

table 6 : explain SELECT SUM(k) FROM sbtest6 WHERE id BETWEEN 5080835 AND 5090834
	Aggregate  (cost=33113.40..33113.41 rows=1 width=8)
	  ->  Bitmap Heap Scan on sbtest6  (cost=306.11..33089.58 rows=9529 width=4)
	        Recheck Cond: ((id >= 5080835) AND (id <= 5090834))
	        ->  Bitmap Index Scan on sbtest6_pkey  (cost=0.00..303.73 rows=9529 width=0)
	              Index Cond: ((id >= 5080835) AND (id <= 5090834))

table 7 : explain SELECT SUM(k) FROM sbtest7 WHERE id BETWEEN 159113 AND 169112
	Aggregate  (cost=32646.81..32646.82 rows=1 width=8)
	  ->  Bitmap Heap Scan on sbtest7  (cost=304.80..32623.31 rows=9401 width=4)
	        Recheck Cond: ((id >= 159113) AND (id <= 169112))
	        ->  Bitmap Index Scan on sbtest7_pkey  (cost=0.00..302.44 rows=9401 width=0)
	              Index Cond: ((id >= 159113) AND (id <= 169112))

table 8 : explain SELECT SUM(k) FROM sbtest8 WHERE id BETWEEN 9548391 AND 9558390
	Aggregate  (cost=35251.60..35251.61 rows=1 width=8)
	  ->  Bitmap Heap Scan on sbtest8  (cost=329.20..35226.04 rows=10221 width=4)
	        Recheck Cond: ((id >= 9548391) AND (id <= 9558390))
	        ->  Bitmap Index Scan on sbtest8_pkey  (cost=0.00..326.65 rows=10221 width=0)
	              Index Cond: ((id >= 9548391) AND (id <= 9558390))

explain: for point_selects :: explain SELECT c FROM sbtest%u WHERE id=%u
for point_selects
table 1 : explain SELECT c FROM sbtest1 WHERE id=9325880
	Index Scan using sbtest1_pkey on sbtest1  (cost=0.43..8.45 rows=1 width=121)
	  Index Cond: (id = 9325880)

table 2 : explain SELECT c FROM sbtest2 WHERE id=9484164
	Index Scan using sbtest2_pkey on sbtest2  (cost=0.43..8.45 rows=1 width=121)
	  Index Cond: (id = 9484164)

table 3 : explain SELECT c FROM sbtest3 WHERE id=2714836
	Index Scan using sbtest3_pkey on sbtest3  (cost=0.43..8.45 rows=1 width=121)
	  Index Cond: (id = 2714836)

table 4 : explain SELECT c FROM sbtest4 WHERE id=9320333
	Index Scan using sbtest4_pkey on sbtest4  (cost=0.43..8.45 rows=1 width=121)
	  Index Cond: (id = 9320333)

table 5 : explain SELECT c FROM sbtest5 WHERE id=5292848
	Index Scan using sbtest5_pkey on sbtest5  (cost=0.43..8.45 rows=1 width=121)
	  Index Cond: (id = 5292848)

table 6 : explain SELECT c FROM sbtest6 WHERE id=3224068
	Index Scan using sbtest6_pkey on sbtest6  (cost=0.43..8.45 rows=1 width=121)
	  Index Cond: (id = 3224068)

table 7 : explain SELECT c FROM sbtest7 WHERE id=4350876
	Index Scan using sbtest7_pkey on sbtest7  (cost=0.43..8.45 rows=1 width=121)
	  Index Cond: (id = 4350876)

table 8 : explain SELECT c FROM sbtest8 WHERE id=4343645
	Index Scan using sbtest8_pkey on sbtest8  (cost=0.43..8.45 rows=1 width=121)
	  Index Cond: (id = 4343645)

for: sum_ranges
table 1 : explain SELECT SUM(k) FROM sbtest1 WHERE id BETWEEN 8582460 AND 8592459
	Aggregate  (cost=37451.04..37451.05 rows=1 width=8)
	  ->  Bitmap Heap Scan on sbtest1  (cost=344.53..37423.70 rows=10936 width=4)
	        Recheck Cond: ((id >= 8582460) AND (id <= 8592459))
	        ->  Bitmap Index Scan on sbtest1_pkey  (cost=0.00..341.80 rows=10936 width=0)
	              Index Cond: ((id >= 8582460) AND (id <= 8592459))

table 2 : explain SELECT SUM(k) FROM sbtest2 WHERE id BETWEEN 73295 AND 83294
	Aggregate  (cost=31478.36..31478.37 rows=1 width=8)
	  ->  Bitmap Heap Scan on sbtest2  (cost=288.95..31455.79 rows=9026 width=4)
	        Recheck Cond: ((id >= 73295) AND (id <= 83294))
	        ->  Bitmap Index Scan on sbtest2_pkey  (cost=0.00..286.69 rows=9026 width=0)
	              Index Cond: ((id >= 73295) AND (id <= 83294))

table 3 : explain SELECT SUM(k) FROM sbtest3 WHERE id BETWEEN 2884715 AND 2894714
	Aggregate  (cost=36087.29..36087.30 rows=1 width=8)
	  ->  Bitmap Heap Scan on sbtest3  (cost=335.88..36061.08 rows=10482 width=4)
	        Recheck Cond: ((id >= 2884715) AND (id <= 2894714))
	        ->  Bitmap Index Scan on sbtest3_pkey  (cost=0.00..333.25 rows=10482 width=0)
	              Index Cond: ((id >= 2884715) AND (id <= 2894714))

table 4 : explain SELECT SUM(k) FROM sbtest4 WHERE id BETWEEN 3555324 AND 3565323
	Aggregate  (cost=36080.37..36080.38 rows=1 width=8)
	  ->  Bitmap Heap Scan on sbtest4  (cost=334.98..36054.38 rows=10395 width=4)
	        Recheck Cond: ((id >= 3555324) AND (id <= 3565323))
	        ->  Bitmap Index Scan on sbtest4_pkey  (cost=0.00..332.38 rows=10395 width=0)
	              Index Cond: ((id >= 3555324) AND (id <= 3565323))

table 5 : explain SELECT SUM(k) FROM sbtest5 WHERE id BETWEEN 642954 AND 652953
	Aggregate  (cost=34999.36..34999.37 rows=1 width=8)
	  ->  Bitmap Heap Scan on sbtest5  (cost=323.49..34974.22 rows=10054 width=4)
	        Recheck Cond: ((id >= 642954) AND (id <= 652953))
	        ->  Bitmap Index Scan on sbtest5_pkey  (cost=0.00..320.98 rows=10054 width=0)
	              Index Cond: ((id >= 642954) AND (id <= 652953))

table 6 : explain SELECT SUM(k) FROM sbtest6 WHERE id BETWEEN 2893426 AND 2903425
	Aggregate  (cost=32654.60..32654.61 rows=1 width=8)
	  ->  Bitmap Heap Scan on sbtest6  (cost=300.62..32631.14 rows=9384 width=4)
	        Recheck Cond: ((id >= 2893426) AND (id <= 2903425))
	        ->  Bitmap Index Scan on sbtest6_pkey  (cost=0.00..298.28 rows=9384 width=0)
	              Index Cond: ((id >= 2893426) AND (id <= 2903425))

table 7 : explain SELECT SUM(k) FROM sbtest7 WHERE id BETWEEN 9333711 AND 9343710
	Aggregate  (cost=38408.42..38408.43 rows=1 width=8)
	  ->  Bitmap Heap Scan on sbtest7  (cost=363.72..38380.31 rows=11247 width=4)
	        Recheck Cond: ((id >= 9333711) AND (id <= 9343710))
	        ->  Bitmap Index Scan on sbtest7_pkey  (cost=0.00..360.91 rows=11247 width=0)
	              Index Cond: ((id >= 9333711) AND (id <= 9343710))

table 8 : explain SELECT SUM(k) FROM sbtest8 WHERE id BETWEEN 4856548 AND 4866547
	Aggregate  (cost=37528.98..37528.99 rows=1 width=8)
	  ->  Bitmap Heap Scan on sbtest8  (cost=352.69..37501.60 rows=10952 width=4)
	        Recheck Cond: ((id >= 4856548) AND (id <= 4866547))
	        ->  Bitmap Index Scan on sbtest8_pkey  (cost=0.00..349.95 rows=10952 width=0)
	              Index Cond: ((id >= 4856548) AND (id <= 4866547))

for: order_ranges
table 1 : explain SELECT c FROM sbtest1 WHERE id BETWEEN 1957087 AND 1967086 ORDER BY c
	Sort  (cost=32623.15..32646.17 rows=9209 width=121)
	  Sort Key: c
	  ->  Bitmap Heap Scan on sbtest1  (cost=290.83..32016.79 rows=9209 width=121)
	        Recheck Cond: ((id >= 1957087) AND (id <= 1967086))
	        ->  Bitmap Index Scan on sbtest1_pkey  (cost=0.00..288.53 rows=9209 width=0)
	              Index Cond: ((id >= 1957087) AND (id <= 1967086))

table 2 : explain SELECT c FROM sbtest2 WHERE id BETWEEN 9089770 AND 9099769 ORDER BY c
	Sort  (cost=37670.97..37697.91 rows=10774 width=121)
	  Sort Key: c
	  ->  Bitmap Heap Scan on sbtest2  (cost=342.87..36949.37 rows=10774 width=121)
	        Recheck Cond: ((id >= 9089770) AND (id <= 9099769))
	        ->  Bitmap Index Scan on sbtest2_pkey  (cost=0.00..340.18 rows=10774 width=0)
	              Index Cond: ((id >= 9089770) AND (id <= 9099769))

table 3 : explain SELECT c FROM sbtest3 WHERE id BETWEEN 9196887 AND 9206886 ORDER BY c
	Sort  (cost=32282.93..32305.66 rows=9094 width=121)
	  Sort Key: c
	  ->  Bitmap Heap Scan on sbtest3  (cost=289.65..31684.96 rows=9094 width=121)
	        Recheck Cond: ((id >= 9196887) AND (id <= 9206886))
	        ->  Bitmap Index Scan on sbtest3_pkey  (cost=0.00..287.38 rows=9094 width=0)
	              Index Cond: ((id >= 9196887) AND (id <= 9206886))

table 4 : explain SELECT c FROM sbtest4 WHERE id BETWEEN 4994162 AND 5004161 ORDER BY c
	Sort  (cost=37410.60..37437.10 rows=10600 width=121)
	  Sort Key: c
	  ->  Bitmap Heap Scan on sbtest4  (cost=341.08..36701.89 rows=10600 width=121)
	        Recheck Cond: ((id >= 4994162) AND (id <= 5004161))
	        ->  Bitmap Index Scan on sbtest4_pkey  (cost=0.00..338.44 rows=10600 width=0)
	              Index Cond: ((id >= 4994162) AND (id <= 5004161))

table 5 : explain SELECT c FROM sbtest5 WHERE id BETWEEN 2741185 AND 2751184 ORDER BY c
	Sort  (cost=33728.18..33751.85 rows=9467 width=121)
	  Sort Key: c
	  ->  Bitmap Heap Scan on sbtest5  (cost=305.47..33102.95 rows=9467 width=121)
	        Recheck Cond: ((id >= 2741185) AND (id <= 2751184))
	        ->  Bitmap Index Scan on sbtest5_pkey  (cost=0.00..303.11 rows=9467 width=0)
	              Index Cond: ((id >= 2741185) AND (id <= 2751184))

table 6 : explain SELECT c FROM sbtest6 WHERE id BETWEEN 7919531 AND 7929530 ORDER BY c
	Sort  (cost=36584.36..36610.41 rows=10420 width=121)
	  Sort Key: c
	  ->  Bitmap Heap Scan on sbtest6  (cost=331.24..35888.97 rows=10420 width=121)
	        Recheck Cond: ((id >= 7919531) AND (id <= 7929530))
	        ->  Bitmap Index Scan on sbtest6_pkey  (cost=0.00..328.63 rows=10420 width=0)
	              Index Cond: ((id >= 7919531) AND (id <= 7929530))

table 7 : explain SELECT c FROM sbtest7 WHERE id BETWEEN 7403844 AND 7413843 ORDER BY c
	Sort  (cost=34128.10..34152.29 rows=9676 width=121)
	  Sort Key: c
	  ->  Bitmap Heap Scan on sbtest7  (cost=311.61..33487.54 rows=9676 width=121)
	        Recheck Cond: ((id >= 7403844) AND (id <= 7413843))
	        ->  Bitmap Index Scan on sbtest7_pkey  (cost=0.00..309.19 rows=9676 width=0)
	              Index Cond: ((id >= 7403844) AND (id <= 7413843))

table 8 : explain SELECT c FROM sbtest8 WHERE id BETWEEN 6584613 AND 6594612 ORDER BY c
	Sort  (cost=36626.19..36652.31 rows=10446 width=121)
	  Sort Key: c
	  ->  Bitmap Heap Scan on sbtest8  (cost=335.51..35928.89 rows=10446 width=121)
	        Recheck Cond: ((id >= 6584613) AND (id <= 6594612))
	        ->  Bitmap Index Scan on sbtest8_pkey  (cost=0.00..332.90 rows=10446 width=0)
	              Index Cond: ((id >= 6584613) AND (id <= 6594612))

for: simple_ranges
table 1 : explain SELECT c FROM sbtest1 WHERE id BETWEEN 5601344 AND 5611343
	Bitmap Heap Scan on sbtest1  (cost=315.22..34599.10 rows=10028 width=121)
	  Recheck Cond: ((id >= 5601344) AND (id <= 5611343))
	  ->  Bitmap Index Scan on sbtest1_pkey  (cost=0.00..312.71 rows=10028 width=0)
	        Index Cond: ((id >= 5601344) AND (id <= 5611343))

table 2 : explain SELECT c FROM sbtest2 WHERE id BETWEEN 3651074 AND 3661073
	Bitmap Heap Scan on sbtest2  (cost=313.64..34139.54 rows=9874 width=121)
	  Recheck Cond: ((id >= 3651074) AND (id <= 3661073))
	  ->  Bitmap Index Scan on sbtest2_pkey  (cost=0.00..311.18 rows=9874 width=0)
	        Index Cond: ((id >= 3651074) AND (id <= 3661073))

table 3 : explain SELECT c FROM sbtest3 WHERE id BETWEEN 6883528 AND 6893527
	Bitmap Heap Scan on sbtest3  (cost=336.42..36224.36 rows=10535 width=121)
	  Recheck Cond: ((id >= 6883528) AND (id <= 6893527))
	  ->  Bitmap Index Scan on sbtest3_pkey  (cost=0.00..333.79 rows=10535 width=0)
	        Index Cond: ((id >= 6883528) AND (id <= 6893527))

table 4 : explain SELECT c FROM sbtest4 WHERE id BETWEEN 2230622 AND 2240621
	Bitmap Heap Scan on sbtest4  (cost=311.87..33847.44 rows=9701 width=121)
	  Recheck Cond: ((id >= 2230622) AND (id <= 2240621))
	  ->  Bitmap Index Scan on sbtest4_pkey  (cost=0.00..309.44 rows=9701 width=0)
	        Index Cond: ((id >= 2230622) AND (id <= 2240621))

table 5 : explain SELECT c FROM sbtest5 WHERE id BETWEEN 8942677 AND 8952676
	Bitmap Heap Scan on sbtest5  (cost=299.14..32374.58 rows=9240 width=121)
	  Recheck Cond: ((id >= 8942677) AND (id <= 8952676))
	  ->  Bitmap Index Scan on sbtest5_pkey  (cost=0.00..296.83 rows=9240 width=0)
	        Index Cond: ((id >= 8942677) AND (id <= 8952676))

table 6 : explain SELECT c FROM sbtest6 WHERE id BETWEEN 5091463 AND 5101462
	Bitmap Heap Scan on sbtest6  (cost=307.59..33546.41 rows=9674 width=121)
	  Recheck Cond: ((id >= 5091463) AND (id <= 5101462))
	  ->  Bitmap Index Scan on sbtest6_pkey  (cost=0.00..305.18 rows=9674 width=0)
	        Index Cond: ((id >= 5091463) AND (id <= 5101462))

table 7 : explain SELECT c FROM sbtest7 WHERE id BETWEEN 5696181 AND 5706180
	Bitmap Heap Scan on sbtest7  (cost=334.13..35484.31 rows=10312 width=121)
	  Recheck Cond: ((id >= 5696181) AND (id <= 5706180))
	  ->  Bitmap Index Scan on sbtest7_pkey  (cost=0.00..331.56 rows=10312 width=0)
	        Index Cond: ((id >= 5696181) AND (id <= 5706180))

table 8 : explain SELECT c FROM sbtest8 WHERE id BETWEEN 7944748 AND 7954747
	Bitmap Heap Scan on sbtest8  (cost=294.50..31935.50 rows=9177 width=121)
	  Recheck Cond: ((id >= 7944748) AND (id <= 7954747))
	  ->  Bitmap Index Scan on sbtest8_pkey  (cost=0.00..292.20 rows=9177 width=0)
	        Index Cond: ((id >= 7944748) AND (id <= 7954747))

explain: for point_selects :: explain SELECT c FROM sbtest%u WHERE id=%u
for point_selects
table 1 : explain SELECT c FROM sbtest1 WHERE id=1330721
	Index Scan using sbtest1_pkey on sbtest1  (cost=0.43..8.45 rows=1 width=121)
	  Index Cond: (id = 1330721)

table 2 : explain SELECT c FROM sbtest2 WHERE id=563921
	Index Scan using sbtest2_pkey on sbtest2  (cost=0.43..8.45 rows=1 width=121)
	  Index Cond: (id = 563921)

table 3 : explain SELECT c FROM sbtest3 WHERE id=3748586
	Index Scan using sbtest3_pkey on sbtest3  (cost=0.43..8.45 rows=1 width=121)
	  Index Cond: (id = 3748586)

table 4 : explain SELECT c FROM sbtest4 WHERE id=560375
	Index Scan using sbtest4_pkey on sbtest4  (cost=0.43..8.45 rows=1 width=121)
	  Index Cond: (id = 560375)

table 5 : explain SELECT c FROM sbtest5 WHERE id=1488991
	Index Scan using sbtest5_pkey on sbtest5  (cost=0.43..8.45 rows=1 width=121)
	  Index Cond: (id = 1488991)

table 6 : explain SELECT c FROM sbtest6 WHERE id=5192502
	Index Scan using sbtest6_pkey on sbtest6  (cost=0.43..8.45 rows=1 width=121)
	  Index Cond: (id = 5192502)

table 7 : explain SELECT c FROM sbtest7 WHERE id=5232614
	Index Scan using sbtest7_pkey on sbtest7  (cost=0.43..8.45 rows=1 width=121)
	  Index Cond: (id = 5232614)

table 8 : explain SELECT c FROM sbtest8 WHERE id=3677168
	Index Scan using sbtest8_pkey on sbtest8  (cost=0.43..8.45 rows=1 width=121)
	  Index Cond: (id = 3677168)

for point_selects
table 1 : explain SELECT c FROM sbtest1 WHERE id=9459602
	Index Scan using sbtest1_pkey on sbtest1  (cost=0.43..8.45 rows=1 width=121)
	  Index Cond: (id = 9459602)

table 2 : explain SELECT c FROM sbtest2 WHERE id=3767028
	Index Scan using sbtest2_pkey on sbtest2  (cost=0.43..8.45 rows=1 width=121)
	  Index Cond: (id = 3767028)

table 3 : explain SELECT c FROM sbtest3 WHERE id=3020976
	Index Scan using sbtest3_pkey on sbtest3  (cost=0.43..8.45 rows=1 width=121)
	  Index Cond: (id = 3020976)

table 4 : explain SELECT c FROM sbtest4 WHERE id=1039043
	Index Scan using sbtest4_pkey on sbtest4  (cost=0.43..8.45 rows=1 width=121)
	  Index Cond: (id = 1039043)

table 5 : explain SELECT c FROM sbtest5 WHERE id=8976634
	Index Scan using sbtest5_pkey on sbtest5  (cost=0.43..8.45 rows=1 width=121)
	  Index Cond: (id = 8976634)

table 6 : explain SELECT c FROM sbtest6 WHERE id=4637513
	Index Scan using sbtest6_pkey on sbtest6  (cost=0.43..8.45 rows=1 width=121)
	  Index Cond: (id = 4637513)

table 7 : explain SELECT c FROM sbtest7 WHERE id=4533413
	Index Scan using sbtest7_pkey on sbtest7  (cost=0.43..8.45 rows=1 width=121)
	  Index Cond: (id = 4533413)

table 8 : explain SELECT c FROM sbtest8 WHERE id=1318602
	Index Scan using sbtest8_pkey on sbtest8  (cost=0.43..8.45 rows=1 width=121)
	  Index Cond: (id = 1318602)

explain: for point_selects :: explain SELECT c FROM sbtest%u WHERE id=%u
explain: for point_selects :: explain SELECT c FROM sbtest%u WHERE id=%u
for point_selects
table 1 : explain SELECT c FROM sbtest1 WHERE id=1589619
	Index Scan using sbtest1_pkey on sbtest1  (cost=0.43..8.45 rows=1 width=121)
	  Index Cond: (id = 1589619)

table 2 : explain SELECT c FROM sbtest2 WHERE id=1992837
	Index Scan using sbtest2_pkey on sbtest2  (cost=0.43..8.45 rows=1 width=121)
	  Index Cond: (id = 1992837)

table 3 : explain SELECT c FROM sbtest3 WHERE id=6843138
	Index Scan using sbtest3_pkey on sbtest3  (cost=0.43..8.45 rows=1 width=121)
	  Index Cond: (id = 6843138)

table 4 : explain SELECT c FROM sbtest4 WHERE id=1423455
	Index Scan using sbtest4_pkey on sbtest4  (cost=0.43..8.45 rows=1 width=121)
	  Index Cond: (id = 1423455)

table 5 : explain SELECT c FROM sbtest5 WHERE id=177850
	Index Scan using sbtest5_pkey on sbtest5  (cost=0.43..8.45 rows=1 width=121)
	  Index Cond: (id = 177850)

table 6 : explain SELECT c FROM sbtest6 WHERE id=6394866
	Index Scan using sbtest6_pkey on sbtest6  (cost=0.43..8.45 rows=1 width=121)
	  Index Cond: (id = 6394866)

table 7 : explain SELECT c FROM sbtest7 WHERE id=1101836
	Index Scan using sbtest7_pkey on sbtest7  (cost=0.43..8.45 rows=1 width=121)
	  Index Cond: (id = 1101836)

table 8 : explain SELECT c FROM sbtest8 WHERE id=5683888
	Index Scan using sbtest8_pkey on sbtest8  (cost=0.43..8.45 rows=1 width=121)
	  Index Cond: (id = 5683888)

for: order_ranges
table 1 : explain SELECT c FROM sbtest1 WHERE id BETWEEN 4292305 AND 4302304 ORDER BY c
	Sort  (cost=34949.37..34974.20 rows=9929 width=121)
	  Sort Key: c
	  ->  Bitmap Heap Scan on sbtest1  (cost=314.21..34290.22 rows=9929 width=121)
	        Recheck Cond: ((id >= 4292305) AND (id <= 4302304))
	        ->  Bitmap Index Scan on sbtest1_pkey  (cost=0.00..311.73 rows=9929 width=0)
	              Index Cond: ((id >= 4292305) AND (id <= 4302304))

table 2 : explain SELECT c FROM sbtest2 WHERE id BETWEEN 2453638 AND 2463637 ORDER BY c
	Sort  (cost=36294.31..36320.16 rows=10341 width=121)
	  Sort Key: c
	  ->  Bitmap Heap Scan on sbtest2  (cost=330.43..35604.77 rows=10341 width=121)
	        Recheck Cond: ((id >= 2453638) AND (id <= 2463637))
	        ->  Bitmap Index Scan on sbtest2_pkey  (cost=0.00..327.84 rows=10341 width=0)
	              Index Cond: ((id >= 2453638) AND (id <= 2463637))

table 3 : explain SELECT c FROM sbtest3 WHERE id BETWEEN 9175526 AND 9185525 ORDER BY c
	Sort  (cost=31571.40..31593.59 rows=8876 width=121)
	  Sort Key: c
	  ->  Bitmap Heap Scan on sbtest3  (cost=283.41..30989.33 rows=8876 width=121)
	        Recheck Cond: ((id >= 9175526) AND (id <= 9185525))
	        ->  Bitmap Index Scan on sbtest3_pkey  (cost=0.00..281.19 rows=8876 width=0)
	              Index Cond: ((id >= 9175526) AND (id <= 9185525))

table 4 : explain SELECT c FROM sbtest4 WHERE id BETWEEN 2837058 AND 2847057 ORDER BY c
	Sort  (cost=35507.94..35532.97 rows=10013 width=121)
	  Sort Key: c
	  ->  Bitmap Heap Scan on sbtest4  (cost=323.07..34842.59 rows=10013 width=121)
	        Recheck Cond: ((id >= 2837058) AND (id <= 2847057))
	        ->  Bitmap Index Scan on sbtest4_pkey  (cost=0.00..320.56 rows=10013 width=0)
	              Index Cond: ((id >= 2837058) AND (id <= 2847057))

table 5 : explain SELECT c FROM sbtest5 WHERE id BETWEEN 7970345 AND 7980344 ORDER BY c
	Sort  (cost=33979.20..34003.06 rows=9544 width=121)
	  Sort Key: c
	  ->  Bitmap Heap Scan on sbtest5  (cost=306.26..33348.32 rows=9544 width=121)
	        Recheck Cond: ((id >= 7970345) AND (id <= 7980344))
	        ->  Bitmap Index Scan on sbtest5_pkey  (cost=0.00..303.88 rows=9544 width=0)
	              Index Cond: ((id >= 7970345) AND (id <= 7980344))

table 6 : explain SELECT c FROM sbtest6 WHERE id BETWEEN 2689010 AND 2699009 ORDER BY c
	Sort  (cost=37340.18..37366.82 rows=10656 width=121)
	  Sort Key: c
	  ->  Bitmap Heap Scan on sbtest6  (cost=341.66..36627.33 rows=10656 width=121)
	        Recheck Cond: ((id >= 2689010) AND (id <= 2699009))
	        ->  Bitmap Index Scan on sbtest6_pkey  (cost=0.00..339.00 rows=10656 width=0)
	              Index Cond: ((id >= 2689010) AND (id <= 2699009))

table 7 : explain SELECT c FROM sbtest7 WHERE id BETWEEN 270574 AND 280573 ORDER BY c
	Sort  (cost=36283.17..36309.04 rows=10347 width=121)
	  Sort Key: c
	  ->  Bitmap Heap Scan on sbtest7  (cost=334.49..35593.19 rows=10347 width=121)
	        Recheck Cond: ((id >= 270574) AND (id <= 280573))
	        ->  Bitmap Index Scan on sbtest7_pkey  (cost=0.00..331.91 rows=10347 width=0)
	              Index Cond: ((id >= 270574) AND (id <= 280573))

table 8 : explain SELECT c FROM sbtest8 WHERE id BETWEEN 4698269 AND 4708268 ORDER BY c
	Sort  (cost=33388.06..33411.66 rows=9438 width=121)
	  Sort Key: c
	  ->  Bitmap Heap Scan on sbtest8  (cost=305.17..32764.95 rows=9438 width=121)
	        Recheck Cond: ((id >= 4698269) AND (id <= 4708268))
	        ->  Bitmap Index Scan on sbtest8_pkey  (cost=0.00..302.81 rows=9438 width=0)
	              Index Cond: ((id >= 4698269) AND (id <= 4708268))

for: distinct_ranges
table 1 : explain SELECT DISTINCT c FROM sbtest1 WHERE id BETWEEN 8127450 AND 8137449 ORDER BY c
	Unique  (cost=34457.17..34506.05 rows=9776 width=121)
	  ->  Sort  (cost=34457.17..34481.61 rows=9776 width=121)
	        Sort Key: c
	        ->  Bitmap Heap Scan on sbtest1  (cost=308.64..33809.26 rows=9776 width=121)
	              Recheck Cond: ((id >= 8127450) AND (id <= 8137449))
	              ->  Bitmap Index Scan on sbtest1_pkey  (cost=0.00..306.19 rows=9776 width=0)
	                    Index Cond: ((id >= 8127450) AND (id <= 8137449))

table 2 : explain SELECT DISTINCT c FROM sbtest2 WHERE id BETWEEN 9199477 AND 9209476 ORDER BY c
	Unique  (cost=34745.19..34794.49 rows=9859 width=121)
	  ->  Sort  (cost=34745.19..34769.84 rows=9859 width=121)
	        Sort Key: c
	        ->  Bitmap Heap Scan on sbtest2  (cost=313.49..34091.19 rows=9859 width=121)
	              Recheck Cond: ((id >= 9199477) AND (id <= 9209476))
	              ->  Bitmap Index Scan on sbtest2_pkey  (cost=0.00..311.03 rows=9859 width=0)
	                    Index Cond: ((id >= 9199477) AND (id <= 9209476))

table 3 : explain SELECT DISTINCT c FROM sbtest3 WHERE id BETWEEN 3179404 AND 3189403 ORDER BY c
	Unique  (cost=34151.64..34199.99 rows=9670 width=121)
	  ->  Sort  (cost=34151.64..34175.81 rows=9670 width=121)
	        Sort Key: c
	        ->  Bitmap Heap Scan on sbtest3  (cost=307.55..33511.52 rows=9670 width=121)
	              Recheck Cond: ((id >= 3179404) AND (id <= 3189403))
	              ->  Bitmap Index Scan on sbtest3_pkey  (cost=0.00..305.13 rows=9670 width=0)
	                    Index Cond: ((id >= 3179404) AND (id <= 3189403))

table 4 : explain SELECT DISTINCT c FROM sbtest4 WHERE id BETWEEN 2033168 AND 2043167 ORDER BY c
	Unique  (cost=35650.97..35701.25 rows=10057 width=121)
	  ->  Sort  (cost=35650.97..35676.11 rows=10057 width=121)
	        Sort Key: c
	        ->  Bitmap Heap Scan on sbtest4  (cost=323.52..34982.38 rows=10057 width=121)
	              Recheck Cond: ((id >= 2033168) AND (id <= 2043167))
	              ->  Bitmap Index Scan on sbtest4_pkey  (cost=0.00..321.00 rows=10057 width=0)
	                    Index Cond: ((id >= 2033168) AND (id <= 2043167))

table 5 : explain SELECT DISTINCT c FROM sbtest5 WHERE id BETWEEN 9849198 AND 9859197 ORDER BY c
	Unique  (cost=35775.60..35826.07 rows=10095 width=121)
	  ->  Sort  (cost=35775.60..35800.84 rows=10095 width=121)
	        Sort Key: c
	        ->  Bitmap Heap Scan on sbtest5  (cost=323.91..35104.21 rows=10095 width=121)
	              Recheck Cond: ((id >= 9849198) AND (id <= 9859197))
	              ->  Bitmap Index Scan on sbtest5_pkey  (cost=0.00..321.38 rows=10095 width=0)
	                    Index Cond: ((id >= 9849198) AND (id <= 9859197))

table 6 : explain SELECT DISTINCT c FROM sbtest6 WHERE id BETWEEN 4509733 AND 4519732 ORDER BY c
	Unique  (cost=36433.19..36485.05 rows=10372 width=121)
	  ->  Sort  (cost=36433.19..36459.12 rows=10372 width=121)
	        Sort Key: c
	        ->  Bitmap Heap Scan on sbtest6  (cost=330.75..35741.36 rows=10372 width=121)
	              Recheck Cond: ((id >= 4509733) AND (id <= 4519732))
	              ->  Bitmap Index Scan on sbtest6_pkey  (cost=0.00..328.16 rows=10372 width=0)
	                    Index Cond: ((id >= 4509733) AND (id <= 4519732))

table 7 : explain SELECT DISTINCT c FROM sbtest7 WHERE id BETWEEN 9936724 AND 9946723 ORDER BY c
	Unique  (cost=34957.54..35007.21 rows=9933 width=121)
	  ->  Sort  (cost=34957.54..34982.38 rows=9933 width=121)
	        Sort Key: c
	        ->  Bitmap Heap Scan on sbtest7  (cost=322.25..34298.09 rows=9933 width=121)
	              Recheck Cond: ((id >= 9936724) AND (id <= 9946723))
	              ->  Bitmap Index Scan on sbtest7_pkey  (cost=0.00..319.76 rows=9933 width=0)
	                    Index Cond: ((id >= 9936724) AND (id <= 9946723))

table 8 : explain SELECT DISTINCT c FROM sbtest8 WHERE id BETWEEN 3217337 AND 3227336 ORDER BY c
	Unique  (cost=34276.19..34324.76 rows=9713 width=121)
	  ->  Sort  (cost=34276.19..34300.47 rows=9713 width=121)
	        Sort Key: c
	        ->  Bitmap Heap Scan on sbtest8  (cost=311.99..33632.91 rows=9713 width=121)
	              Recheck Cond: ((id >= 3217337) AND (id <= 3227336))
	              ->  Bitmap Index Scan on sbtest8_pkey  (cost=0.00..309.56 rows=9713 width=0)
	                    Index Cond: ((id >= 3217337) AND (id <= 3227336))

for: simple_ranges
table 1 : explain SELECT c FROM sbtest1 WHERE id BETWEEN 8493143 AND 8503142
	Bitmap Heap Scan on sbtest1  (cost=302.79..33240.14 rows=9596 width=121)
	  Recheck Cond: ((id >= 8493143) AND (id <= 8503142))
	  ->  Bitmap Index Scan on sbtest1_pkey  (cost=0.00..300.40 rows=9596 width=0)
	        Index Cond: ((id >= 8493143) AND (id <= 8503142))

table 2 : explain SELECT c FROM sbtest2 WHERE id BETWEEN 4727573 AND 4737572
	Bitmap Heap Scan on sbtest2  (cost=313.37..34055.69 rows=9847 width=121)
	  Recheck Cond: ((id >= 4727573) AND (id <= 4737572))
	  ->  Bitmap Index Scan on sbtest2_pkey  (cost=0.00..310.91 rows=9847 width=0)
	        Index Cond: ((id >= 4727573) AND (id <= 4737572))

table 3 : explain SELECT c FROM sbtest3 WHERE id BETWEEN 9288905 AND 9298904
	Bitmap Heap Scan on sbtest3  (cost=294.15..31845.28 rows=9143 width=121)
	  Recheck Cond: ((id >= 9288905) AND (id <= 9298904))
	  ->  Bitmap Index Scan on sbtest3_pkey  (cost=0.00..291.87 rows=9143 width=0)
	        Index Cond: ((id >= 9288905) AND (id <= 9298904))

table 4 : explain SELECT c FROM sbtest4 WHERE id BETWEEN 1761613 AND 1771612
	Bitmap Heap Scan on sbtest4  (cost=323.81..35070.13 rows=10085 width=121)
	  Recheck Cond: ((id >= 1761613) AND (id <= 1771612))
	  ->  Bitmap Index Scan on sbtest4_pkey  (cost=0.00..321.29 rows=10085 width=0)
	        Index Cond: ((id >= 1761613) AND (id <= 1771612))

table 5 : explain SELECT c FROM sbtest5 WHERE id BETWEEN 9748726 AND 9758725
	Bitmap Heap Scan on sbtest5  (cost=288.26..31469.01 rows=8959 width=121)
	  Recheck Cond: ((id >= 9748726) AND (id <= 9758725))
	  ->  Bitmap Index Scan on sbtest5_pkey  (cost=0.00..286.03 rows=8959 width=0)
	        Index Cond: ((id >= 9748726) AND (id <= 9758725))

table 6 : explain SELECT c FROM sbtest6 WHERE id BETWEEN 2582040 AND 2592039
	Bitmap Heap Scan on sbtest6  (cost=294.41..31943.97 rows=9168 width=121)
	  Recheck Cond: ((id >= 2582040) AND (id <= 2592039))
	  ->  Bitmap Index Scan on sbtest6_pkey  (cost=0.00..292.12 rows=9168 width=0)
	        Index Cond: ((id >= 2582040) AND (id <= 2592039))

table 7 : explain SELECT c FROM sbtest7 WHERE id BETWEEN 1921069 AND 1931068
	Bitmap Heap Scan on sbtest7  (cost=317.77..34149.23 rows=9886 width=121)
	  Recheck Cond: ((id >= 1921069) AND (id <= 1931068))
	  ->  Bitmap Index Scan on sbtest7_pkey  (cost=0.00..315.30 rows=9886 width=0)
	        Index Cond: ((id >= 1921069) AND (id <= 1931068))

table 8 : explain SELECT c FROM sbtest8 WHERE id BETWEEN 2019141 AND 2029140
	Bitmap Heap Scan on sbtest8  (cost=317.02..33950.05 rows=9813 width=121)
	  Recheck Cond: ((id >= 2019141) AND (id <= 2029140))
	  ->  Bitmap Index Scan on sbtest8_pkey  (cost=0.00..314.56 rows=9813 width=0)
	        Index Cond: ((id >= 2019141) AND (id <= 2029140))

for: sum_ranges
table 1 : explain SELECT SUM(k) FROM sbtest1 WHERE id BETWEEN 6424318 AND 6434317
	Aggregate  (cost=35733.64..35733.65 rows=1 width=8)
	  ->  Bitmap Heap Scan on sbtest1  (cost=326.86..35707.68 rows=10383 width=4)
	        Recheck Cond: ((id >= 6424318) AND (id <= 6434317))
	        ->  Bitmap Index Scan on sbtest1_pkey  (cost=0.00..324.26 rows=10383 width=0)
	              Index Cond: ((id >= 6424318) AND (id <= 6434317))

table 2 : explain SELECT SUM(k) FROM sbtest2 WHERE id BETWEEN 7094886 AND 7104885
	Aggregate  (cost=37975.07..37975.08 rows=1 width=8)
	  ->  Bitmap Heap Scan on sbtest2  (cost=354.17..37947.33 rows=11096 width=4)
	        Recheck Cond: ((id >= 7094886) AND (id <= 7104885))
	        ->  Bitmap Index Scan on sbtest2_pkey  (cost=0.00..351.40 rows=11096 width=0)
	              Index Cond: ((id >= 7094886) AND (id <= 7104885))

table 3 : explain SELECT SUM(k) FROM sbtest3 WHERE id BETWEEN 4880110 AND 4890109
	Aggregate  (cost=36546.00..36546.01 rows=1 width=8)
	  ->  Bitmap Heap Scan on sbtest3  (cost=341.38..36519.43 rows=10629 width=4)
	        Recheck Cond: ((id >= 4880110) AND (id <= 4890109))
	        ->  Bitmap Index Scan on sbtest3_pkey  (cost=0.00..338.73 rows=10629 width=0)
	              Index Cond: ((id >= 4880110) AND (id <= 4890109))

table 4 : explain SELECT SUM(k) FROM sbtest4 WHERE id BETWEEN 1360285 AND 1370284
	Aggregate  (cost=31994.53..31994.54 rows=1 width=8)
	  ->  Bitmap Heap Scan on sbtest4  (cost=293.86..31971.75 rows=9115 width=4)
	        Recheck Cond: ((id >= 1360285) AND (id <= 1370284))
	        ->  Bitmap Index Scan on sbtest4_pkey  (cost=0.00..291.58 rows=9115 width=0)
	              Index Cond: ((id >= 1360285) AND (id <= 1370284))

table 5 : explain SELECT SUM(k) FROM sbtest5 WHERE id BETWEEN 1807999 AND 1817998
	Aggregate  (cost=36688.09..36688.10 rows=1 width=8)
	  ->  Bitmap Heap Scan on sbtest5  (cost=340.95..36661.63 rows=10587 width=4)
	        Recheck Cond: ((id >= 1807999) AND (id <= 1817998))
	        ->  Bitmap Index Scan on sbtest5_pkey  (cost=0.00..338.31 rows=10587 width=0)
	              Index Cond: ((id >= 1807999) AND (id <= 1817998))

table 6 : explain SELECT SUM(k) FROM sbtest6 WHERE id BETWEEN 2061182 AND 2071181
	Aggregate  (cost=37204.83..37204.84 rows=1 width=8)
	  ->  Bitmap Heap Scan on sbtest6  (cost=347.47..37177.75 rows=10833 width=4)
	        Recheck Cond: ((id >= 2061182) AND (id <= 2071181))
	        ->  Bitmap Index Scan on sbtest6_pkey  (cost=0.00..344.76 rows=10833 width=0)
	              Index Cond: ((id >= 2061182) AND (id <= 2071181))

table 7 : explain SELECT SUM(k) FROM sbtest7 WHERE id BETWEEN 9834452 AND 9844451
	Aggregate  (cost=36461.16..36461.17 rows=1 width=8)
	  ->  Bitmap Heap Scan on sbtest7  (cost=341.27..36434.62 rows=10618 width=4)
	        Recheck Cond: ((id >= 9834452) AND (id <= 9844451))
	        ->  Bitmap Index Scan on sbtest7_pkey  (cost=0.00..338.62 rows=10618 width=0)
	              Index Cond: ((id >= 9834452) AND (id <= 9844451))

table 8 : explain SELECT SUM(k) FROM sbtest8 WHERE id BETWEEN 4320034 AND 4330033
	Aggregate  (cost=33702.47..33702.48 rows=1 width=8)
	  ->  Bitmap Heap Scan on sbtest8  (cost=312.15..33678.15 rows=9728 width=4)
	        Recheck Cond: ((id >= 4320034) AND (id <= 4330033))
	        ->  Bitmap Index Scan on sbtest8_pkey  (cost=0.00..309.71 rows=9728 width=0)
	              Index Cond: ((id >= 4320034) AND (id <= 4330033))

for: simple_ranges
table 1 : explain SELECT c FROM sbtest1 WHERE id BETWEEN 5599023 AND 5609022
	Bitmap Heap Scan on sbtest1  (cost=315.22..34599.10 rows=10028 width=121)
	  Recheck Cond: ((id >= 5599023) AND (id <= 5609022))
	  ->  Bitmap Index Scan on sbtest1_pkey  (cost=0.00..312.71 rows=10028 width=0)
	        Index Cond: ((id >= 5599023) AND (id <= 5609022))

table 2 : explain SELECT c FROM sbtest2 WHERE id BETWEEN 1219823 AND 1229822
	Bitmap Heap Scan on sbtest2  (cost=337.05..36399.42 rows=10597 width=121)
	  Recheck Cond: ((id >= 1219823) AND (id <= 1229822))
	  ->  Bitmap Index Scan on sbtest2_pkey  (cost=0.00..334.41 rows=10597 width=0)
	        Index Cond: ((id >= 1219823) AND (id <= 1229822))

table 3 : explain SELECT c FROM sbtest3 WHERE id BETWEEN 4334400 AND 4344399
	Bitmap Heap Scan on sbtest3  (cost=335.46..35932.97 rows=10441 width=121)
	  Recheck Cond: ((id >= 4334400) AND (id <= 4344399))
	  ->  Bitmap Index Scan on sbtest3_pkey  (cost=0.00..332.84 rows=10441 width=0)
	        Index Cond: ((id >= 4334400) AND (id <= 4344399))

table 4 : explain SELECT c FROM sbtest4 WHERE id BETWEEN 8444441 AND 8454440
	Bitmap Heap Scan on sbtest4  (cost=311.05..33595.98 rows=9621 width=121)
	  Recheck Cond: ((id >= 8444441) AND (id <= 8454440))
	  ->  Bitmap Index Scan on sbtest4_pkey  (cost=0.00..308.65 rows=9621 width=0)
	        Index Cond: ((id >= 8444441) AND (id <= 8454440))

table 5 : explain SELECT c FROM sbtest5 WHERE id BETWEEN 9800668 AND 9810667
	Bitmap Heap Scan on sbtest5  (cost=305.17..33011.28 rows=9438 width=121)
	  Recheck Cond: ((id >= 9800668) AND (id <= 9810667))
	  ->  Bitmap Index Scan on sbtest5_pkey  (cost=0.00..302.81 rows=9438 width=0)
	        Index Cond: ((id >= 9800668) AND (id <= 9810667))

table 6 : explain SELECT c FROM sbtest6 WHERE id BETWEEN 8366494 AND 8376493
	Bitmap Heap Scan on sbtest6  (cost=330.78..35750.99 rows=10375 width=121)
	  Recheck Cond: ((id >= 8366494) AND (id <= 8376493))
	  ->  Bitmap Index Scan on sbtest6_pkey  (cost=0.00..328.19 rows=10375 width=0)
	        Index Cond: ((id >= 8366494) AND (id <= 8376493))

table 7 : explain SELECT c FROM sbtest7 WHERE id BETWEEN 1913267 AND 1923266
	Bitmap Heap Scan on sbtest7  (cost=317.77..34149.23 rows=9886 width=121)
	  Recheck Cond: ((id >= 1913267) AND (id <= 1923266))
	  ->  Bitmap Index Scan on sbtest7_pkey  (cost=0.00..315.30 rows=9886 width=0)
	        Index Cond: ((id >= 1913267) AND (id <= 1923266))

table 8 : explain SELECT c FROM sbtest8 WHERE id BETWEEN 1954047 AND 1964046
	Bitmap Heap Scan on sbtest8  (cost=329.33..35267.76 rows=10234 width=121)
	  Recheck Cond: ((id >= 1954047) AND (id <= 1964046))
	  ->  Bitmap Index Scan on sbtest8_pkey  (cost=0.00..326.78 rows=10234 width=0)
	        Index Cond: ((id >= 1954047) AND (id <= 1964046))

for: simple_ranges
table 1 : explain SELECT c FROM sbtest1 WHERE id BETWEEN 5960832 AND 5970831
	Bitmap Heap Scan on sbtest1  (cost=302.53..33159.29 rows=9570 width=121)
	  Recheck Cond: ((id >= 5960832) AND (id <= 5970831))
	  ->  Bitmap Index Scan on sbtest1_pkey  (cost=0.00..300.13 rows=9570 width=0)
	        Index Cond: ((id >= 5960832) AND (id <= 5970831))

table 2 : explain SELECT c FROM sbtest2 WHERE id BETWEEN 7777139 AND 7787138
	Bitmap Heap Scan on sbtest2  (cost=307.15..33373.47 rows=9631 width=121)
	  Recheck Cond: ((id >= 7777139) AND (id <= 7787138))
	  ->  Bitmap Index Scan on sbtest2_pkey  (cost=0.00..304.75 rows=9631 width=0)
	        Index Cond: ((id >= 7777139) AND (id <= 7787138))

table 3 : explain SELECT c FROM sbtest3 WHERE id BETWEEN 97044 AND 107043
	Bitmap Heap Scan on sbtest3  (cost=319.00..34568.52 rows=10006 width=121)
	  Recheck Cond: ((id >= 97044) AND (id <= 107043))
	  ->  Bitmap Index Scan on sbtest3_pkey  (cost=0.00..316.50 rows=10006 width=0)
	        Index Cond: ((id >= 97044) AND (id <= 107043))

table 4 : explain SELECT c FROM sbtest4 WHERE id BETWEEN 773462 AND 783461
	Bitmap Heap Scan on sbtest4  (cost=318.44..34646.65 rows=9952 width=121)
	  Recheck Cond: ((id >= 773462) AND (id <= 783461))
	  ->  Bitmap Index Scan on sbtest4_pkey  (cost=0.00..315.95 rows=9952 width=0)
	        Index Cond: ((id >= 773462) AND (id <= 783461))

table 5 : explain SELECT c FROM sbtest5 WHERE id BETWEEN 1176064 AND 1186063
	Bitmap Heap Scan on sbtest5  (cost=347.83..37542.98 rows=10868 width=121)
	  Recheck Cond: ((id >= 1176064) AND (id <= 1186063))
	  ->  Bitmap Index Scan on sbtest5_pkey  (cost=0.00..345.12 rows=10868 width=0)
	        Index Cond: ((id >= 1176064) AND (id <= 1186063))

table 6 : explain SELECT c FROM sbtest6 WHERE id BETWEEN 5041827 AND 5051826
	Bitmap Heap Scan on sbtest6  (cost=299.90..32410.12 rows=9314 width=121)
	  Recheck Cond: ((id >= 5041827) AND (id <= 5051826))
	  ->  Bitmap Index Scan on sbtest6_pkey  (cost=0.00..297.57 rows=9314 width=0)
	        Index Cond: ((id >= 5041827) AND (id <= 5051826))

table 7 : explain SELECT c FROM sbtest7 WHERE id BETWEEN 7869289 AND 7879288
	Bitmap Heap Scan on sbtest7  (cost=310.66..33196.82 rows=9583 width=121)
	  Recheck Cond: ((id >= 7869289) AND (id <= 7879288))
	  ->  Bitmap Index Scan on sbtest7_pkey  (cost=0.00..308.26 rows=9583 width=0)
	        Index Cond: ((id >= 7869289) AND (id <= 7879288))

table 8 : explain SELECT c FROM sbtest8 WHERE id BETWEEN 1704618 AND 1714617
	Bitmap Heap Scan on sbtest8  (cost=317.55..34111.33 rows=9865 width=121)
	  Recheck Cond: ((id >= 1704618) AND (id <= 1714617))
	  ->  Bitmap Index Scan on sbtest8_pkey  (cost=0.00..315.08 rows=9865 width=0)
	        Index Cond: ((id >= 1704618) AND (id <= 1714617))

explain: for point_selects :: explain SELECT c FROM sbtest%u WHERE id=%u
explain: for point_selects :: explain SELECT c FROM sbtest%u WHERE id=%u
for: distinct_ranges
table 1 : explain SELECT DISTINCT c FROM sbtest1 WHERE id BETWEEN 2199155 AND 2209154 ORDER BY c
	Unique  (cost=34913.16..34962.75 rows=9918 width=121)
	  ->  Sort  (cost=34913.16..34937.95 rows=9918 width=121)
	        Sort Key: c
	        ->  Bitmap Heap Scan on sbtest1  (cost=314.09..34254.81 rows=9918 width=121)
	              Recheck Cond: ((id >= 2199155) AND (id <= 2209154))
	              ->  Bitmap Index Scan on sbtest1_pkey  (cost=0.00..311.62 rows=9918 width=0)
	                    Index Cond: ((id >= 2199155) AND (id <= 2209154))

table 2 : explain SELECT DISTINCT c FROM sbtest2 WHERE id BETWEEN 1147056 AND 1157055 ORDER BY c
	Unique  (cost=35823.80..35874.77 rows=10194 width=121)
	  ->  Sort  (cost=35823.80..35849.29 rows=10194 width=121)
	        Sort Key: c
	        ->  Bitmap Heap Scan on sbtest2  (cost=324.92..35145.11 rows=10194 width=121)
	              Recheck Cond: ((id >= 1147056) AND (id <= 1157055))
	              ->  Bitmap Index Scan on sbtest2_pkey  (cost=0.00..322.38 rows=10194 width=0)
	                    Index Cond: ((id >= 1147056) AND (id <= 1157055))

table 3 : explain SELECT DISTINCT c FROM sbtest3 WHERE id BETWEEN 3717894 AND 3727893 ORDER BY c
	Unique  (cost=36761.05..36813.46 rows=10482 width=121)
	  ->  Sort  (cost=36761.05..36787.26 rows=10482 width=121)
	        Sort Key: c
	        ->  Bitmap Heap Scan on sbtest3  (cost=335.88..36061.08 rows=10482 width=121)
	              Recheck Cond: ((id >= 3717894) AND (id <= 3727893))
	              ->  Bitmap Index Scan on sbtest3_pkey  (cost=0.00..333.25 rows=10482 width=0)
	                    Index Cond: ((id >= 3717894) AND (id <= 3727893))

table 4 : explain SELECT DISTINCT c FROM sbtest4 WHERE id BETWEEN 7633507 AND 7643506 ORDER BY c
	Unique  (cost=36186.69..36237.80 rows=10222 width=121)
	  ->  Sort  (cost=36186.69..36212.24 rows=10222 width=121)
	        Sort Key: c
	        ->  Bitmap Heap Scan on sbtest4  (cost=329.21..35505.93 rows=10222 width=121)
	              Recheck Cond: ((id >= 7633507) AND (id <= 7643506))
	              ->  Bitmap Index Scan on sbtest4_pkey  (cost=0.00..326.66 rows=10222 width=0)
	                    Index Cond: ((id >= 7633507) AND (id <= 7643506))

table 5 : explain SELECT DISTINCT c FROM sbtest5 WHERE id BETWEEN 4983056 AND 4993055 ORDER BY c
	Unique  (cost=37428.83..37481.86 rows=10605 width=121)
	  ->  Sort  (cost=37428.83..37455.34 rows=10605 width=121)
	        Sort Key: c
	        ->  Bitmap Heap Scan on sbtest5  (cost=341.14..36719.76 rows=10605 width=121)
	              Recheck Cond: ((id >= 4983056) AND (id <= 4993055))
	              ->  Bitmap Index Scan on sbtest5_pkey  (cost=0.00..338.49 rows=10605 width=0)
	                    Index Cond: ((id >= 4983056) AND (id <= 4993055))

table 6 : explain SELECT DISTINCT c FROM sbtest6 WHERE id BETWEEN 3860156 AND 3870155 ORDER BY c
	Unique  (cost=33765.77..33813.48 rows=9543 width=121)
	  ->  Sort  (cost=33765.77..33789.63 rows=9543 width=121)
	        Sort Key: c
	        ->  Bitmap Heap Scan on sbtest6  (cost=306.25..33134.96 rows=9543 width=121)
	              Recheck Cond: ((id >= 3860156) AND (id <= 3870155))
	              ->  Bitmap Index Scan on sbtest6_pkey  (cost=0.00..303.87 rows=9543 width=0)
	                    Index Cond: ((id >= 3860156) AND (id <= 3870155))

table 7 : explain SELECT DISTINCT c FROM sbtest7 WHERE id BETWEEN 3867471 AND 3877470 ORDER BY c
	Unique  (cost=32844.90..32891.29 rows=9278 width=121)
	  ->  Sort  (cost=32844.90..32868.09 rows=9278 width=121)
	        Sort Key: c
	        ->  Bitmap Heap Scan on sbtest7  (cost=299.53..32233.50 rows=9278 width=121)
	              Recheck Cond: ((id >= 3867471) AND (id <= 3877470))
	              ->  Bitmap Index Scan on sbtest7_pkey  (cost=0.00..297.21 rows=9278 width=0)
	                    Index Cond: ((id >= 3867471) AND (id <= 3877470))

table 8 : explain SELECT DISTINCT c FROM sbtest8 WHERE id BETWEEN 2860927 AND 2870926 ORDER BY c
	Unique  (cost=30821.73..30864.98 rows=8651 width=121)
	  ->  Sort  (cost=30821.73..30843.35 rows=8651 width=121)
	        Sort Key: c
	        ->  Bitmap Heap Scan on sbtest8  (cost=277.11..30256.01 rows=8651 width=121)
	              Recheck Cond: ((id >= 2860927) AND (id <= 2870926))
	              ->  Bitmap Index Scan on sbtest8_pkey  (cost=0.00..274.94 rows=8651 width=0)
	                    Index Cond: ((id >= 2860927) AND (id <= 2870926))

for point_selects
table 1 : explain SELECT c FROM sbtest1 WHERE id=2080253
	Index Scan using sbtest1_pkey on sbtest1  (cost=0.43..8.45 rows=1 width=121)
	  Index Cond: (id = 2080253)

table 2 : explain SELECT c FROM sbtest2 WHERE id=2701902
	Index Scan using sbtest2_pkey on sbtest2  (cost=0.43..8.45 rows=1 width=121)
	  Index Cond: (id = 2701902)

table 3 : explain SELECT c FROM sbtest3 WHERE id=2777932
	Index Scan using sbtest3_pkey on sbtest3  (cost=0.43..8.45 rows=1 width=121)
	  Index Cond: (id = 2777932)

table 4 : explain SELECT c FROM sbtest4 WHERE id=1723104
	Index Scan using sbtest4_pkey on sbtest4  (cost=0.43..8.45 rows=1 width=121)
	  Index Cond: (id = 1723104)

table 5 : explain SELECT c FROM sbtest5 WHERE id=2995724
	Index Scan using sbtest5_pkey on sbtest5  (cost=0.43..8.45 rows=1 width=121)
	  Index Cond: (id = 2995724)

table 6 : explain SELECT c FROM sbtest6 WHERE id=3703628
	Index Scan using sbtest6_pkey on sbtest6  (cost=0.43..8.45 rows=1 width=121)
	  Index Cond: (id = 3703628)

table 7 : explain SELECT c FROM sbtest7 WHERE id=9948996
	Index Scan using sbtest7_pkey on sbtest7  (cost=0.43..8.45 rows=1 width=121)
	  Index Cond: (id = 9948996)

table 8 : explain SELECT c FROM sbtest8 WHERE id=5388408
	Index Scan using sbtest8_pkey on sbtest8  (cost=0.43..8.45 rows=1 width=121)
	  Index Cond: (id = 5388408)

for point_selects
table 1 : explain SELECT c FROM sbtest1 WHERE id=9084552
	Index Scan using sbtest1_pkey on sbtest1  (cost=0.43..8.45 rows=1 width=121)
	  Index Cond: (id = 9084552)

table 2 : explain SELECT c FROM sbtest2 WHERE id=6810612
	Index Scan using sbtest2_pkey on sbtest2  (cost=0.43..8.45 rows=1 width=121)
	  Index Cond: (id = 6810612)

table 3 : explain SELECT c FROM sbtest3 WHERE id=762211
	Index Scan using sbtest3_pkey on sbtest3  (cost=0.43..8.45 rows=1 width=121)
	  Index Cond: (id = 762211)

table 4 : explain SELECT c FROM sbtest4 WHERE id=9938287
	Index Scan using sbtest4_pkey on sbtest4  (cost=0.43..8.45 rows=1 width=121)
	  Index Cond: (id = 9938287)

table 5 : explain SELECT c FROM sbtest5 WHERE id=4606987
	Index Scan using sbtest5_pkey on sbtest5  (cost=0.43..8.45 rows=1 width=121)
	  Index Cond: (id = 4606987)

table 6 : explain SELECT c FROM sbtest6 WHERE id=416575
	Index Scan using sbtest6_pkey on sbtest6  (cost=0.43..8.45 rows=1 width=121)
	  Index Cond: (id = 416575)

table 7 : explain SELECT c FROM sbtest7 WHERE id=3233480
	Index Scan using sbtest7_pkey on sbtest7  (cost=0.43..8.45 rows=1 width=121)
	  Index Cond: (id = 3233480)

table 8 : explain SELECT c FROM sbtest8 WHERE id=2383392
	Index Scan using sbtest8_pkey on sbtest8  (cost=0.43..8.45 rows=1 width=121)
	  Index Cond: (id = 2383392)

for: sum_ranges
table 1 : explain SELECT SUM(k) FROM sbtest1 WHERE id BETWEEN 4199523 AND 4209522
	Aggregate  (cost=34434.22..34434.23 rows=1 width=8)
	  ->  Bitmap Heap Scan on sbtest1  (cost=314.60..34409.31 rows=9967 width=4)
	        Recheck Cond: ((id >= 4199523) AND (id <= 4209522))
	        ->  Bitmap Index Scan on sbtest1_pkey  (cost=0.00..312.11 rows=9967 width=0)
	              Index Cond: ((id >= 4199523) AND (id <= 4209522))

table 2 : explain SELECT SUM(k) FROM sbtest2 WHERE id BETWEEN 1313760 AND 1323759
	Aggregate  (cost=34748.41..34748.42 rows=1 width=8)
	  ->  Bitmap Heap Scan on sbtest2  (cost=319.55..34723.26 rows=10060 width=4)
	        Recheck Cond: ((id >= 1313760) AND (id <= 1323759))
	        ->  Bitmap Index Scan on sbtest2_pkey  (cost=0.00..317.04 rows=10060 width=0)
	              Index Cond: ((id >= 1313760) AND (id <= 1323759))

table 3 : explain SELECT SUM(k) FROM sbtest3 WHERE id BETWEEN 5890043 AND 5900042
	Aggregate  (cost=33487.15..33487.16 rows=1 width=8)
	  ->  Bitmap Heap Scan on sbtest3  (cost=307.40..33463.01 rows=9655 width=4)
	        Recheck Cond: ((id >= 5890043) AND (id <= 5900042))
	        ->  Bitmap Index Scan on sbtest3_pkey  (cost=0.00..304.99 rows=9655 width=0)
	              Index Cond: ((id >= 5890043) AND (id <= 5900042))

table 4 : explain SELECT SUM(k) FROM sbtest4 WHERE id BETWEEN 770569 AND 780568
	Aggregate  (cost=34671.53..34671.54 rows=1 width=8)
	  ->  Bitmap Heap Scan on sbtest4  (cost=318.44..34646.65 rows=9952 width=4)
	        Recheck Cond: ((id >= 770569) AND (id <= 780568))
	        ->  Bitmap Index Scan on sbtest4_pkey  (cost=0.00..315.95 rows=9952 width=0)
	              Index Cond: ((id >= 770569) AND (id <= 780568))

table 5 : explain SELECT SUM(k) FROM sbtest5 WHERE id BETWEEN 3172148 AND 3182147
	Aggregate  (cost=34911.50..34911.51 rows=1 width=8)
	  ->  Bitmap Heap Scan on sbtest5  (cost=323.20..34886.44 rows=10026 width=4)
	        Recheck Cond: ((id >= 3172148) AND (id <= 3182147))
	        ->  Bitmap Index Scan on sbtest5_pkey  (cost=0.00..320.69 rows=10026 width=0)
	              Index Cond: ((id >= 3172148) AND (id <= 3182147))

table 6 : explain SELECT SUM(k) FROM sbtest6 WHERE id BETWEEN 3771407 AND 3781406
	Aggregate  (cost=36073.06..36073.07 rows=1 width=8)
	  ->  Bitmap Heap Scan on sbtest6  (cost=335.74..36046.89 rows=10469 width=4)
	        Recheck Cond: ((id >= 3771407) AND (id <= 3781406))
	        ->  Bitmap Index Scan on sbtest6_pkey  (cost=0.00..333.12 rows=10469 width=0)
	              Index Cond: ((id >= 3771407) AND (id <= 3781406))

table 7 : explain SELECT SUM(k) FROM sbtest7 WHERE id BETWEEN 8451355 AND 8461354
	Aggregate  (cost=37498.65..37498.66 rows=1 width=8)
	  ->  Bitmap Heap Scan on sbtest7  (cost=352.70..37471.27 rows=10953 width=4)
	        Recheck Cond: ((id >= 8451355) AND (id <= 8461354))
	        ->  Bitmap Index Scan on sbtest7_pkey  (cost=0.00..349.96 rows=10953 width=0)
	              Index Cond: ((id >= 8451355) AND (id <= 8461354))

table 8 : explain SELECT SUM(k) FROM sbtest8 WHERE id BETWEEN 883223 AND 893222
	Aggregate  (cost=32511.89..32511.90 rows=1 width=8)
	  ->  Bitmap Heap Scan on sbtest8  (cost=300.28..32488.51 rows=9351 width=4)
	        Recheck Cond: ((id >= 883223) AND (id <= 893222))
	        ->  Bitmap Index Scan on sbtest8_pkey  (cost=0.00..297.94 rows=9351 width=0)
	              Index Cond: ((id >= 883223) AND (id <= 893222))

for: order_ranges
table 1 : explain SELECT c FROM sbtest1 WHERE id BETWEEN 9438163 AND 9448162 ORDER BY c
	Sort  (cost=34083.10..34107.25 rows=9660 width=121)
	  Sort Key: c
	  ->  Bitmap Heap Scan on sbtest1  (cost=303.45..33443.71 rows=9660 width=121)
	        Recheck Cond: ((id >= 9438163) AND (id <= 9448162))
	        ->  Bitmap Index Scan on sbtest1_pkey  (cost=0.00..301.04 rows=9660 width=0)
	              Index Cond: ((id >= 9438163) AND (id <= 9448162))

table 2 : explain SELECT c FROM sbtest2 WHERE id BETWEEN 1800690 AND 1810689 ORDER BY c
	Sort  (cost=35194.41..35219.40 rows=9998 width=121)
	  Sort Key: c
	  ->  Bitmap Heap Scan on sbtest2  (cost=318.91..34530.17 rows=9998 width=121)
	        Recheck Cond: ((id >= 1800690) AND (id <= 1810689))
	        ->  Bitmap Index Scan on sbtest2_pkey  (cost=0.00..316.42 rows=9998 width=0)
	              Index Cond: ((id >= 1800690) AND (id <= 1810689))

table 3 : explain SELECT c FROM sbtest3 WHERE id BETWEEN 1802536 AND 1812535 ORDER BY c
	Sort  (cost=36934.80..36961.14 rows=10537 width=121)
	  Sort Key: c
	  ->  Bitmap Heap Scan on sbtest3  (cost=336.44..36230.76 rows=10537 width=121)
	        Recheck Cond: ((id >= 1802536) AND (id <= 1812535))
	        ->  Bitmap Index Scan on sbtest3_pkey  (cost=0.00..333.81 rows=10537 width=0)
	              Index Cond: ((id >= 1802536) AND (id <= 1812535))

table 4 : explain SELECT c FROM sbtest4 WHERE id BETWEEN 5482666 AND 5492665 ORDER BY c
	Sort  (cost=33914.21..33938.02 rows=9525 width=121)
	  Sort Key: c
	  ->  Bitmap Heap Scan on sbtest4  (cost=306.07..33284.73 rows=9525 width=121)
	        Recheck Cond: ((id >= 5482666) AND (id <= 5492665))
	        ->  Bitmap Index Scan on sbtest4_pkey  (cost=0.00..303.69 rows=9525 width=0)
	              Index Cond: ((id >= 5482666) AND (id <= 5492665))

table 5 : explain SELECT c FROM sbtest5 WHERE id BETWEEN 8010200 AND 8020199 ORDER BY c
	Sort  (cost=34762.37..34786.82 rows=9783 width=121)
	  Sort Key: c
	  ->  Bitmap Heap Scan on sbtest5  (cost=316.71..34113.95 rows=9783 width=121)
	        Recheck Cond: ((id >= 8010200) AND (id <= 8020199))
	        ->  Bitmap Index Scan on sbtest5_pkey  (cost=0.00..314.26 rows=9783 width=0)
	              Index Cond: ((id >= 8010200) AND (id <= 8020199))

table 6 : explain SELECT c FROM sbtest6 WHERE id BETWEEN 6337951 AND 6347950 ORDER BY c
	Sort  (cost=36805.01..36831.23 rows=10488 width=121)
	  Sort Key: c
	  ->  Bitmap Heap Scan on sbtest6  (cost=335.94..36104.60 rows=10488 width=121)
	        Recheck Cond: ((id >= 6337951) AND (id <= 6347950))
	        ->  Bitmap Index Scan on sbtest6_pkey  (cost=0.00..333.31 rows=10488 width=0)
	              Index Cond: ((id >= 6337951) AND (id <= 6347950))

table 7 : explain SELECT c FROM sbtest7 WHERE id BETWEEN 7499892 AND 7509891 ORDER BY c
	Sort  (cost=32748.59..32771.71 rows=9248 width=121)
	  Sort Key: c
	  ->  Bitmap Heap Scan on sbtest7  (cost=299.23..32139.38 rows=9248 width=121)
	        Recheck Cond: ((id >= 7499892) AND (id <= 7509891))
	        ->  Bitmap Index Scan on sbtest7_pkey  (cost=0.00..296.92 rows=9248 width=0)
	              Index Cond: ((id >= 7499892) AND (id <= 7509891))

table 8 : explain SELECT c FROM sbtest8 WHERE id BETWEEN 3467550 AND 3477549 ORDER BY c
	Sort  (cost=33038.89..33062.22 rows=9331 width=121)
	  Sort Key: c
	  ->  Bitmap Heap Scan on sbtest8  (cost=300.08..32423.62 rows=9331 width=121)
	        Recheck Cond: ((id >= 3467550) AND (id <= 3477549))
	        ->  Bitmap Index Scan on sbtest8_pkey  (cost=0.00..297.75 rows=9331 width=0)
	              Index Cond: ((id >= 3467550) AND (id <= 3477549))

for: sum_ranges
table 1 : explain SELECT SUM(k) FROM sbtest1 WHERE id BETWEEN 3775809 AND 3785808
	Aggregate  (cost=35432.24..35432.25 rows=1 width=8)
	  ->  Bitmap Heap Scan on sbtest1  (cost=325.86..35406.52 rows=10285 width=4)
	        Recheck Cond: ((id >= 3775809) AND (id <= 3785808))
	        ->  Bitmap Index Scan on sbtest1_pkey  (cost=0.00..323.29 rows=10285 width=0)
	              Index Cond: ((id >= 3775809) AND (id <= 3785808))

table 2 : explain SELECT SUM(k) FROM sbtest2 WHERE id BETWEEN 3492790 AND 3502789
	Aggregate  (cost=37154.99..37155.00 rows=1 width=8)
	  ->  Bitmap Heap Scan on sbtest2  (cost=343.46..37127.91 rows=10832 width=4)
	        Recheck Cond: ((id >= 3492790) AND (id <= 3502789))
	        ->  Bitmap Index Scan on sbtest2_pkey  (cost=0.00..340.75 rows=10832 width=0)
	              Index Cond: ((id >= 3492790) AND (id <= 3502789))

table 3 : explain SELECT SUM(k) FROM sbtest3 WHERE id BETWEEN 9583223 AND 9593222
	Aggregate  (cost=35528.23..35528.24 rows=1 width=8)
	  ->  Bitmap Heap Scan on sbtest3  (cost=330.04..35502.47 rows=10303 width=4)
	        Recheck Cond: ((id >= 9583223) AND (id <= 9593222))
	        ->  Bitmap Index Scan on sbtest3_pkey  (cost=0.00..327.46 rows=10303 width=0)
	              Index Cond: ((id >= 9583223) AND (id <= 9593222))

table 4 : explain SELECT SUM(k) FROM sbtest4 WHERE id BETWEEN 1087623 AND 1097622
	Aggregate  (cost=34775.73..34775.74 rows=1 width=8)
	  ->  Bitmap Heap Scan on sbtest4  (cost=318.78..34750.77 rows=9985 width=4)
	        Recheck Cond: ((id >= 1087623) AND (id <= 1097622))
	        ->  Bitmap Index Scan on sbtest4_pkey  (cost=0.00..316.29 rows=9985 width=0)
	              Index Cond: ((id >= 1087623) AND (id <= 1097622))

table 5 : explain SELECT SUM(k) FROM sbtest5 WHERE id BETWEEN 4979176 AND 4989175
	Aggregate  (cost=36730.11..36730.12 rows=1 width=8)
	  ->  Bitmap Heap Scan on sbtest5  (cost=341.08..36703.61 rows=10600 width=4)
	        Recheck Cond: ((id >= 4979176) AND (id <= 4989175))
	        ->  Bitmap Index Scan on sbtest5_pkey  (cost=0.00..338.44 rows=10600 width=0)
	              Index Cond: ((id >= 4979176) AND (id <= 4989175))

table 6 : explain SELECT SUM(k) FROM sbtest6 WHERE id BETWEEN 5094180 AND 5104179
	Aggregate  (cost=33570.60..33570.61 rows=1 width=8)
	  ->  Bitmap Heap Scan on sbtest6  (cost=307.59..33546.41 rows=9674 width=4)
	        Recheck Cond: ((id >= 5094180) AND (id <= 5104179))
	        ->  Bitmap Index Scan on sbtest6_pkey  (cost=0.00..305.18 rows=9674 width=0)
	              Index Cond: ((id >= 5094180) AND (id <= 5104179))

table 7 : explain SELECT SUM(k) FROM sbtest7 WHERE id BETWEEN 2093462 AND 2103461
	Aggregate  (cost=33482.63..33482.64 rows=1 width=8)
	  ->  Bitmap Heap Scan on sbtest7  (cost=311.51..33458.46 rows=9666 width=4)
	        Recheck Cond: ((id >= 2093462) AND (id <= 2103461))
	        ->  Bitmap Index Scan on sbtest7_pkey  (cost=0.00..309.09 rows=9666 width=0)
	              Index Cond: ((id >= 2093462) AND (id <= 2103461))

table 8 : explain SELECT SUM(k) FROM sbtest8 WHERE id BETWEEN 8853963 AND 8863962
	Aggregate  (cost=32940.96..32940.97 rows=1 width=8)
	  ->  Bitmap Heap Scan on sbtest8  (cost=305.67..32917.24 rows=9486 width=4)
	        Recheck Cond: ((id >= 8853963) AND (id <= 8863962))
	        ->  Bitmap Index Scan on sbtest8_pkey  (cost=0.00..303.30 rows=9486 width=0)
	              Index Cond: ((id >= 8853963) AND (id <= 8863962))

for point_selects
table 1 : explain SELECT c FROM sbtest1 WHERE id=6611528
	Index Scan using sbtest1_pkey on sbtest1  (cost=0.43..8.45 rows=1 width=121)
	  Index Cond: (id = 6611528)

table 2 : explain SELECT c FROM sbtest2 WHERE id=1504771
	Index Scan using sbtest2_pkey on sbtest2  (cost=0.43..8.45 rows=1 width=121)
	  Index Cond: (id = 1504771)

table 3 : explain SELECT c FROM sbtest3 WHERE id=2292156
	Index Scan using sbtest3_pkey on sbtest3  (cost=0.43..8.45 rows=1 width=121)
	  Index Cond: (id = 2292156)

table 4 : explain SELECT c FROM sbtest4 WHERE id=946397
	Index Scan using sbtest4_pkey on sbtest4  (cost=0.43..8.45 rows=1 width=121)
	  Index Cond: (id = 946397)

table 5 : explain SELECT c FROM sbtest5 WHERE id=5730655
	Index Scan using sbtest5_pkey on sbtest5  (cost=0.43..8.45 rows=1 width=121)
	  Index Cond: (id = 5730655)

table 6 : explain SELECT c FROM sbtest6 WHERE id=2621881
	Index Scan using sbtest6_pkey on sbtest6  (cost=0.43..8.45 rows=1 width=121)
	  Index Cond: (id = 2621881)

table 7 : explain SELECT c FROM sbtest7 WHERE id=5200343
	Index Scan using sbtest7_pkey on sbtest7  (cost=0.43..8.45 rows=1 width=121)
	  Index Cond: (id = 5200343)

table 8 : explain SELECT c FROM sbtest8 WHERE id=7532941
	Index Scan using sbtest8_pkey on sbtest8  (cost=0.43..8.45 rows=1 width=121)
	  Index Cond: (id = 7532941)

for: sum_ranges
table 1 : explain SELECT SUM(k) FROM sbtest1 WHERE id BETWEEN 8358025 AND 8368024
	Aggregate  (cost=34247.35..34247.36 rows=1 width=8)
	  ->  Bitmap Heap Scan on sbtest1  (cost=313.98..34222.59 rows=9907 width=4)
	        Recheck Cond: ((id >= 8358025) AND (id <= 8368024))
	        ->  Bitmap Index Scan on sbtest1_pkey  (cost=0.00..311.50 rows=9907 width=0)
	              Index Cond: ((id >= 8358025) AND (id <= 8368024))

table 2 : explain SELECT SUM(k) FROM sbtest2 WHERE id BETWEEN 1390692 AND 1400691
	Aggregate  (cost=34696.91..34696.92 rows=1 width=8)
	  ->  Bitmap Heap Scan on sbtest2  (cost=319.39..34671.80 rows=10044 width=4)
	        Recheck Cond: ((id >= 1390692) AND (id <= 1400691))
	        ->  Bitmap Index Scan on sbtest2_pkey  (cost=0.00..316.88 rows=10044 width=0)
	              Index Cond: ((id >= 1390692) AND (id <= 1400691))

table 3 : explain SELECT SUM(k) FROM sbtest3 WHERE id BETWEEN 869214 AND 879213
	Aggregate  (cost=34813.42..34813.43 rows=1 width=8)
	  ->  Bitmap Heap Scan on sbtest3  (cost=323.70..34788.23 rows=10075 width=4)
	        Recheck Cond: ((id >= 869214) AND (id <= 879213))
	        ->  Bitmap Index Scan on sbtest3_pkey  (cost=0.00..321.19 rows=10075 width=0)
	              Index Cond: ((id >= 869214) AND (id <= 879213))

table 4 : explain SELECT SUM(k) FROM sbtest4 WHERE id BETWEEN 3813327 AND 3823326
	Aggregate  (cost=32119.50..32119.51 rows=1 width=8)
	  ->  Bitmap Heap Scan on sbtest4  (cost=294.26..32096.62 rows=9154 width=4)
	        Recheck Cond: ((id >= 3813327) AND (id <= 3823326))
	        ->  Bitmap Index Scan on sbtest4_pkey  (cost=0.00..291.98 rows=9154 width=0)
	              Index Cond: ((id >= 3813327) AND (id <= 3823326))

table 5 : explain SELECT SUM(k) FROM sbtest5 WHERE id BETWEEN 4253919 AND 4263918
	Aggregate  (cost=35727.86..35727.87 rows=1 width=8)
	  ->  Bitmap Heap Scan on sbtest5  (cost=329.85..35702.15 rows=10284 width=4)
	        Recheck Cond: ((id >= 4253919) AND (id <= 4263918))
	        ->  Bitmap Index Scan on sbtest5_pkey  (cost=0.00..327.28 rows=10284 width=0)
	              Index Cond: ((id >= 4253919) AND (id <= 4263918))

table 6 : explain SELECT SUM(k) FROM sbtest6 WHERE id BETWEEN 8627688 AND 8637687
	Aggregate  (cost=33415.06..33415.07 rows=1 width=8)
	  ->  Bitmap Heap Scan on sbtest6  (cost=307.09..33391.00 rows=9625 width=4)
	        Recheck Cond: ((id >= 8627688) AND (id <= 8637687))
	        ->  Bitmap Index Scan on sbtest6_pkey  (cost=0.00..304.69 rows=9625 width=0)
	              Index Cond: ((id >= 8627688) AND (id <= 8637687))

table 7 : explain SELECT SUM(k) FROM sbtest7 WHERE id BETWEEN 6161409 AND 6171408
	Aggregate  (cost=33029.09..33029.10 rows=1 width=8)
	  ->  Bitmap Heap Scan on sbtest7  (cost=306.05..33005.28 rows=9523 width=4)
	        Recheck Cond: ((id >= 6161409) AND (id <= 6171408))
	        ->  Bitmap Index Scan on sbtest7_pkey  (cost=0.00..303.67 rows=9523 width=0)
	              Index Cond: ((id >= 6161409) AND (id <= 6171408))

table 8 : explain SELECT SUM(k) FROM sbtest8 WHERE id BETWEEN 2979990 AND 2989989
	Aggregate  (cost=33135.41..33135.42 rows=1 width=8)
	  ->  Bitmap Heap Scan on sbtest8  (cost=306.30..33111.54 rows=9548 width=4)
	        Recheck Cond: ((id >= 2979990) AND (id <= 2989989))
	        ->  Bitmap Index Scan on sbtest8_pkey  (cost=0.00..303.92 rows=9548 width=0)
	              Index Cond: ((id >= 2979990) AND (id <= 2989989))

explain: for point_selects :: explain SELECT c FROM sbtest%u WHERE id=%u
for: sum_ranges
table 1 : explain SELECT SUM(k) FROM sbtest1 WHERE id BETWEEN 788485 AND 798484
	Aggregate  (cost=35762.47..35762.48 rows=1 width=8)
	  ->  Bitmap Heap Scan on sbtest1  (cost=326.95..35736.49 rows=10392 width=4)
	        Recheck Cond: ((id >= 788485) AND (id <= 798484))
	        ->  Bitmap Index Scan on sbtest1_pkey  (cost=0.00..324.36 rows=10392 width=0)
	              Index Cond: ((id >= 788485) AND (id <= 798484))

table 2 : explain SELECT SUM(k) FROM sbtest2 WHERE id BETWEEN 917715 AND 927714
	Aggregate  (cost=34109.38..34109.39 rows=1 width=8)
	  ->  Bitmap Heap Scan on sbtest2  (cost=313.47..34084.74 rows=9857 width=4)
	        Recheck Cond: ((id >= 917715) AND (id <= 927714))
	        ->  Bitmap Index Scan on sbtest2_pkey  (cost=0.00..311.00 rows=9857 width=0)
	              Index Cond: ((id >= 917715) AND (id <= 927714))

table 3 : explain SELECT SUM(k) FROM sbtest3 WHERE id BETWEEN 9791825 AND 9801824
	Aggregate  (cost=33585.02..33585.03 rows=1 width=8)
	  ->  Bitmap Heap Scan on sbtest3  (cost=311.71..33560.81 rows=9685 width=4)
	        Recheck Cond: ((id >= 9791825) AND (id <= 9801824))
	        ->  Bitmap Index Scan on sbtest3_pkey  (cost=0.00..309.29 rows=9685 width=0)
	              Index Cond: ((id >= 9791825) AND (id <= 9801824))

table 4 : explain SELECT SUM(k) FROM sbtest4 WHERE id BETWEEN 8669910 AND 8679909
	Aggregate  (cost=33946.79..33946.80 rows=1 width=8)
	  ->  Bitmap Heap Scan on sbtest4  (cost=312.11..33922.48 rows=9724 width=4)
	        Recheck Cond: ((id >= 8669910) AND (id <= 8679909))
	        ->  Bitmap Index Scan on sbtest4_pkey  (cost=0.00..309.68 rows=9724 width=0)
	              Index Cond: ((id >= 8669910) AND (id <= 8679909))

table 5 : explain SELECT SUM(k) FROM sbtest5 WHERE id BETWEEN 7747083 AND 7757082
	Aggregate  (cost=38466.26..38466.27 rows=1 width=8)
	  ->  Bitmap Heap Scan on sbtest5  (cost=358.75..38438.38 rows=11153 width=4)
	        Recheck Cond: ((id >= 7747083) AND (id <= 7757082))
	        ->  Bitmap Index Scan on sbtest5_pkey  (cost=0.00..355.96 rows=11153 width=0)
	              Index Cond: ((id >= 7747083) AND (id <= 7757082))

table 6 : explain SELECT SUM(k) FROM sbtest6 WHERE id BETWEEN 8734623 AND 8744622
	Aggregate  (cost=33616.73..33616.74 rows=1 width=8)
	  ->  Bitmap Heap Scan on sbtest6  (cost=311.74..33592.51 rows=9688 width=4)
	        Recheck Cond: ((id >= 8734623) AND (id <= 8744622))
	        ->  Bitmap Index Scan on sbtest6_pkey  (cost=0.00..309.31 rows=9688 width=0)
	              Index Cond: ((id >= 8734623) AND (id <= 8744622))

table 7 : explain SELECT SUM(k) FROM sbtest7 WHERE id BETWEEN 1164770 AND 1174769
	Aggregate  (cost=34892.32..34892.33 rows=1 width=8)
	  ->  Bitmap Heap Scan on sbtest7  (cost=324.12..34867.03 rows=10116 width=4)
	        Recheck Cond: ((id >= 1164770) AND (id <= 1174769))
	        ->  Bitmap Index Scan on sbtest7_pkey  (cost=0.00..321.59 rows=10116 width=0)
	              Index Cond: ((id >= 1164770) AND (id <= 1174769))

table 8 : explain SELECT SUM(k) FROM sbtest8 WHERE id BETWEEN 4632182 AND 4642181
	Aggregate  (cost=32843.67..32843.68 rows=1 width=8)
	  ->  Bitmap Heap Scan on sbtest8  (cost=305.35..32820.04 rows=9455 width=4)
	        Recheck Cond: ((id >= 4632182) AND (id <= 4642181))
	        ->  Bitmap Index Scan on sbtest8_pkey  (cost=0.00..302.99 rows=9455 width=0)
	              Index Cond: ((id >= 4632182) AND (id <= 4642181))

for: simple_ranges
table 1 : explain SELECT c FROM sbtest1 WHERE id BETWEEN 4962132 AND 4972131
	Bitmap Heap Scan on sbtest1  (cost=291.94..32360.92 rows=9318 width=121)
	  Recheck Cond: ((id >= 4962132) AND (id <= 4972131))
	  ->  Bitmap Index Scan on sbtest1_pkey  (cost=0.00..289.62 rows=9318 width=0)
	        Index Cond: ((id >= 4962132) AND (id <= 4972131))

table 2 : explain SELECT c FROM sbtest2 WHERE id BETWEEN 943093 AND 953092
	Bitmap Heap Scan on sbtest2  (cost=313.47..34084.74 rows=9857 width=121)
	  Recheck Cond: ((id >= 943093) AND (id <= 953092))
	  ->  Bitmap Index Scan on sbtest2_pkey  (cost=0.00..311.00 rows=9857 width=0)
	        Index Cond: ((id >= 943093) AND (id <= 953092))

table 3 : explain SELECT c FROM sbtest3 WHERE id BETWEEN 1950124 AND 1960123
	Bitmap Heap Scan on sbtest3  (cost=330.96..35781.53 rows=10393 width=121)
	  Recheck Cond: ((id >= 1950124) AND (id <= 1960123))
	  ->  Bitmap Index Scan on sbtest3_pkey  (cost=0.00..328.37 rows=10393 width=0)
	        Index Cond: ((id >= 1950124) AND (id <= 1960123))

table 4 : explain SELECT c FROM sbtest4 WHERE id BETWEEN 8904379 AND 8914378
	Bitmap Heap Scan on sbtest4  (cost=316.93..34177.64 rows=9804 width=121)
	  Recheck Cond: ((id >= 8904379) AND (id <= 8914378))
	  ->  Bitmap Index Scan on sbtest4_pkey  (cost=0.00..314.48 rows=9804 width=0)
	        Index Cond: ((id >= 8904379) AND (id <= 8914378))

table 5 : explain SELECT c FROM sbtest5 WHERE id BETWEEN 3439674 AND 3449673
	Bitmap Heap Scan on sbtest5  (cost=311.05..33597.47 rows=9621 width=121)
	  Recheck Cond: ((id >= 3439674) AND (id <= 3449673))
	  ->  Bitmap Index Scan on sbtest5_pkey  (cost=0.00..308.65 rows=9621 width=0)
	        Index Cond: ((id >= 3439674) AND (id <= 3449673))

table 6 : explain SELECT c FROM sbtest6 WHERE id BETWEEN 94107 AND 104106
	Bitmap Heap Scan on sbtest6  (cost=329.88..35478.03 rows=10287 width=121)
	  Recheck Cond: ((id >= 94107) AND (id <= 104106))
	  ->  Bitmap Index Scan on sbtest6_pkey  (cost=0.00..327.31 rows=10287 width=0)
	        Index Cond: ((id >= 94107) AND (id <= 104106))

table 7 : explain SELECT c FROM sbtest7 WHERE id BETWEEN 6372460 AND 6382459
	Bitmap Heap Scan on sbtest7  (cost=323.57..34700.01 rows=10062 width=121)
	  Recheck Cond: ((id >= 6372460) AND (id <= 6382459))
	  ->  Bitmap Index Scan on sbtest7_pkey  (cost=0.00..321.06 rows=10062 width=0)
	        Index Cond: ((id >= 6372460) AND (id <= 6382459))

table 8 : explain SELECT c FROM sbtest8 WHERE id BETWEEN 9747861 AND 9757860
	Bitmap Heap Scan on sbtest8  (cost=305.14..32755.23 rows=9435 width=121)
	  Recheck Cond: ((id >= 9747861) AND (id <= 9757860))
	  ->  Bitmap Index Scan on sbtest8_pkey  (cost=0.00..302.79 rows=9435 width=0)
	        Index Cond: ((id >= 9747861) AND (id <= 9757860))

for: simple_ranges
table 1 : explain SELECT c FROM sbtest1 WHERE id BETWEEN 6205473 AND 6215472
	Bitmap Heap Scan on sbtest1  (cost=321.12..35178.05 rows=10213 width=121)
	  Recheck Cond: ((id >= 6205473) AND (id <= 6215472))
	  ->  Bitmap Index Scan on sbtest1_pkey  (cost=0.00..318.56 rows=10213 width=0)
	        Index Cond: ((id >= 6205473) AND (id <= 6215472))

table 2 : explain SELECT c FROM sbtest2 WHERE id BETWEEN 4017195 AND 4027194
	Bitmap Heap Scan on sbtest2  (cost=348.03..37300.77 rows=10887 width=121)
	  Recheck Cond: ((id >= 4017195) AND (id <= 4027194))
	  ->  Bitmap Index Scan on sbtest2_pkey  (cost=0.00..345.31 rows=10887 width=0)
	        Index Cond: ((id >= 4017195) AND (id <= 4027194))

table 3 : explain SELECT c FROM sbtest3 WHERE id BETWEEN 1288147 AND 1298146
	Bitmap Heap Scan on sbtest3  (cost=312.43..33783.84 rows=9756 width=121)
	  Recheck Cond: ((id >= 1288147) AND (id <= 1298146))
	  ->  Bitmap Index Scan on sbtest3_pkey  (cost=0.00..310.00 rows=9756 width=0)
	        Index Cond: ((id >= 1288147) AND (id <= 1298146))

table 4 : explain SELECT c FROM sbtest4 WHERE id BETWEEN 6980393 AND 6990392
	Bitmap Heap Scan on sbtest4  (cost=335.07..36080.28 rows=10403 width=121)
	  Recheck Cond: ((id >= 6980393) AND (id <= 6990392))
	  ->  Bitmap Index Scan on sbtest4_pkey  (cost=0.00..332.46 rows=10403 width=0)
	        Index Cond: ((id >= 6980393) AND (id <= 6990392))

table 5 : explain SELECT c FROM sbtest5 WHERE id BETWEEN 4210607 AND 4220606
	Bitmap Heap Scan on sbtest5  (cost=323.19..34883.19 rows=10025 width=121)
	  Recheck Cond: ((id >= 4210607) AND (id <= 4220606))
	  ->  Bitmap Index Scan on sbtest5_pkey  (cost=0.00..320.69 rows=10025 width=0)
	        Index Cond: ((id >= 4210607) AND (id <= 4220606))

table 6 : explain SELECT c FROM sbtest6 WHERE id BETWEEN 3692267 AND 3702266
	Bitmap Heap Scan on sbtest6  (cost=311.75..33595.74 rows=9689 width=121)
	  Recheck Cond: ((id >= 3692267) AND (id <= 3702266))
	  ->  Bitmap Index Scan on sbtest6_pkey  (cost=0.00..309.32 rows=9689 width=0)
	        Index Cond: ((id >= 3692267) AND (id <= 3702266))

table 7 : explain SELECT c FROM sbtest7 WHERE id BETWEEN 1762462 AND 1772461
	Bitmap Heap Scan on sbtest7  (cost=341.67..36552.68 rows=10657 width=121)
	  Recheck Cond: ((id >= 1762462) AND (id <= 1772461))
	  ->  Bitmap Index Scan on sbtest7_pkey  (cost=0.00..339.00 rows=10657 width=0)
	        Index Cond: ((id >= 1762462) AND (id <= 1772461))

table 8 : explain SELECT c FROM sbtest8 WHERE id BETWEEN 7177041 AND 7187040
	Bitmap Heap Scan on sbtest8  (cost=347.94..37271.59 rows=10879 width=121)
	  Recheck Cond: ((id >= 7177041) AND (id <= 7187040))
	  ->  Bitmap Index Scan on sbtest8_pkey  (cost=0.00..345.23 rows=10879 width=0)
	        Index Cond: ((id >= 7177041) AND (id <= 7187040))

explain: for point_selects :: explain SELECT c FROM sbtest%u WHERE id=%u
for: distinct_ranges
table 1 : explain SELECT DISTINCT c FROM sbtest1 WHERE id BETWEEN 690173 AND 700172 ORDER BY c
	Unique  (cost=35591.93..35642.57 rows=10129 width=121)
	  ->  Sort  (cost=35591.93..35617.25 rows=10129 width=121)
	        Sort Key: c
	        ->  Bitmap Heap Scan on sbtest1  (cost=320.26..34918.03 rows=10129 width=121)
	              Recheck Cond: ((id >= 690173) AND (id <= 700172))
	              ->  Bitmap Index Scan on sbtest1_pkey  (cost=0.00..317.73 rows=10129 width=0)
	                    Index Cond: ((id >= 690173) AND (id <= 700172))

table 2 : explain SELECT DISTINCT c FROM sbtest2 WHERE id BETWEEN 5432573 AND 5442572 ORDER BY c
	Unique  (cost=35896.15..35947.24 rows=10217 width=121)
	  ->  Sort  (cost=35896.15..35921.69 rows=10217 width=121)
	        Sort Key: c
	        ->  Bitmap Heap Scan on sbtest2  (cost=325.16..35215.77 rows=10217 width=121)
	              Recheck Cond: ((id >= 5432573) AND (id <= 5442572))
	              ->  Bitmap Index Scan on sbtest2_pkey  (cost=0.00..322.61 rows=10217 width=0)
	                    Index Cond: ((id >= 5432573) AND (id <= 5442572))

table 3 : explain SELECT DISTINCT c FROM sbtest3 WHERE id BETWEEN 213320 AND 223319 ORDER BY c
	Unique  (cost=37078.89..37131.80 rows=10582 width=121)
	  ->  Sort  (cost=37078.89..37105.35 rows=10582 width=121)
	        Sort Key: c
	        ->  Bitmap Heap Scan on sbtest3  (cost=336.90..36371.52 rows=10582 width=121)
	              Recheck Cond: ((id >= 213320) AND (id <= 223319))
	              ->  Bitmap Index Scan on sbtest3_pkey  (cost=0.00..334.25 rows=10582 width=0)
	                    Index Cond: ((id >= 213320) AND (id <= 223319))

table 4 : explain SELECT DISTINCT c FROM sbtest4 WHERE id BETWEEN 3045949 AND 3055948 ORDER BY c
	Unique  (cost=35380.79..35430.67 rows=9975 width=121)
	  ->  Sort  (cost=35380.79..35405.73 rows=9975 width=121)
	        Sort Key: c
	        ->  Bitmap Heap Scan on sbtest4  (cost=318.68..34718.25 rows=9975 width=121)
	              Recheck Cond: ((id >= 3045949) AND (id <= 3055948))
	              ->  Bitmap Index Scan on sbtest4_pkey  (cost=0.00..316.19 rows=9975 width=0)
	                    Index Cond: ((id >= 3045949) AND (id <= 3055948))

table 5 : explain SELECT DISTINCT c FROM sbtest5 WHERE id BETWEEN 9311345 AND 9321344 ORDER BY c
	Unique  (cost=35911.87..35962.55 rows=10137 width=121)
	  ->  Sort  (cost=35911.87..35937.21 rows=10137 width=121)
	        Sort Key: c
	        ->  Bitmap Heap Scan on sbtest5  (cost=324.34..35237.39 rows=10137 width=121)
	              Recheck Cond: ((id >= 9311345) AND (id <= 9321344))
	              ->  Bitmap Index Scan on sbtest5_pkey  (cost=0.00..321.81 rows=10137 width=0)
	                    Index Cond: ((id >= 9311345) AND (id <= 9321344))

table 6 : explain SELECT DISTINCT c FROM sbtest6 WHERE id BETWEEN 5974367 AND 5984366 ORDER BY c
	Unique  (cost=34670.80..34719.92 rows=9824 width=121)
	  ->  Sort  (cost=34670.80..34695.36 rows=9824 width=121)
	        Sort Key: c
	        ->  Bitmap Heap Scan on sbtest6  (cost=313.13..34019.37 rows=9824 width=121)
	              Recheck Cond: ((id >= 5974367) AND (id <= 5984366))
	              ->  Bitmap Index Scan on sbtest6_pkey  (cost=0.00..310.68 rows=9824 width=0)
	                    Index Cond: ((id >= 5974367) AND (id <= 5984366))

table 7 : explain SELECT DISTINCT c FROM sbtest7 WHERE id BETWEEN 5637834 AND 5647833 ORDER BY c
	Unique  (cost=35842.90..35893.95 rows=10210 width=121)
	  ->  Sort  (cost=35842.90..35868.42 rows=10210 width=121)
	        Sort Key: c
	        ->  Bitmap Heap Scan on sbtest7  (cost=329.09..35163.03 rows=10210 width=121)
	              Recheck Cond: ((id >= 5637834) AND (id <= 5647833))
	              ->  Bitmap Index Scan on sbtest7_pkey  (cost=0.00..326.54 rows=10210 width=0)
	                    Index Cond: ((id >= 5637834) AND (id <= 5647833))

table 8 : explain SELECT DISTINCT c FROM sbtest8 WHERE id BETWEEN 6167710 AND 6177709 ORDER BY c
	Unique  (cost=35131.88..35181.78 rows=9980 width=121)
	  ->  Sort  (cost=35131.88..35156.83 rows=9980 width=121)
	        Sort Key: c
	        ->  Bitmap Heap Scan on sbtest8  (cost=318.73..34468.97 rows=9980 width=121)
	              Recheck Cond: ((id >= 6167710) AND (id <= 6177709))
	              ->  Bitmap Index Scan on sbtest8_pkey  (cost=0.00..316.24 rows=9980 width=0)
	                    Index Cond: ((id >= 6167710) AND (id <= 6177709))

for point_selects
table 1 : explain SELECT c FROM sbtest1 WHERE id=1657940
	Index Scan using sbtest1_pkey on sbtest1  (cost=0.43..8.45 rows=1 width=121)
	  Index Cond: (id = 1657940)

table 2 : explain SELECT c FROM sbtest2 WHERE id=6800614
	Index Scan using sbtest2_pkey on sbtest2  (cost=0.43..8.45 rows=1 width=121)
	  Index Cond: (id = 6800614)

table 3 : explain SELECT c FROM sbtest3 WHERE id=3340714
	Index Scan using sbtest3_pkey on sbtest3  (cost=0.43..8.45 rows=1 width=121)
	  Index Cond: (id = 3340714)

table 4 : explain SELECT c FROM sbtest4 WHERE id=9355002
	Index Scan using sbtest4_pkey on sbtest4  (cost=0.43..8.45 rows=1 width=121)
	  Index Cond: (id = 9355002)

table 5 : explain SELECT c FROM sbtest5 WHERE id=4282166
	Index Scan using sbtest5_pkey on sbtest5  (cost=0.43..8.45 rows=1 width=121)
	  Index Cond: (id = 4282166)

table 6 : explain SELECT c FROM sbtest6 WHERE id=4343034
	Index Scan using sbtest6_pkey on sbtest6  (cost=0.43..8.45 rows=1 width=121)
	  Index Cond: (id = 4343034)

table 7 : explain SELECT c FROM sbtest7 WHERE id=9282132
	Index Scan using sbtest7_pkey on sbtest7  (cost=0.43..8.45 rows=1 width=121)
	  Index Cond: (id = 9282132)

table 8 : explain SELECT c FROM sbtest8 WHERE id=8871917
	Index Scan using sbtest8_pkey on sbtest8  (cost=0.43..8.45 rows=1 width=121)
	  Index Cond: (id = 8871917)

for: sum_ranges
table 1 : explain SELECT SUM(k) FROM sbtest1 WHERE id BETWEEN 7490733 AND 7500732
	Aggregate  (cost=34363.35..34363.36 rows=1 width=8)
	  ->  Bitmap Heap Scan on sbtest1  (cost=314.36..34338.49 rows=9944 width=4)
	        Recheck Cond: ((id >= 7490733) AND (id <= 7500732))
	        ->  Bitmap Index Scan on sbtest1_pkey  (cost=0.00..311.88 rows=9944 width=0)
	              Index Cond: ((id >= 7490733) AND (id <= 7500732))

table 2 : explain SELECT SUM(k) FROM sbtest2 WHERE id BETWEEN 8417318 AND 8427317
	Aggregate  (cost=35749.33..35749.34 rows=1 width=8)
	  ->  Bitmap Heap Scan on sbtest2  (cost=330.83..35723.38 rows=10380 width=4)
	        Recheck Cond: ((id >= 8417318) AND (id <= 8427317))
	        ->  Bitmap Index Scan on sbtest2_pkey  (cost=0.00..328.24 rows=10380 width=0)
	              Index Cond: ((id >= 8417318) AND (id <= 8427317))

table 3 : explain SELECT SUM(k) FROM sbtest3 WHERE id BETWEEN 4272243 AND 4282242
	Aggregate  (cost=34148.28..34148.29 rows=1 width=8)
	  ->  Bitmap Heap Scan on sbtest3  (cost=317.53..34123.62 rows=9863 width=4)
	        Recheck Cond: ((id >= 4272243) AND (id <= 4282242))
	        ->  Bitmap Index Scan on sbtest3_pkey  (cost=0.00..315.06 rows=9863 width=0)
	              Index Cond: ((id >= 4272243) AND (id <= 4282242))

table 4 : explain SELECT SUM(k) FROM sbtest4 WHERE id BETWEEN 8580745 AND 8590744
	Aggregate  (cost=35557.45..35557.46 rows=1 width=8)
	  ->  Bitmap Heap Scan on sbtest4  (cost=329.29..35531.88 rows=10230 width=4)
	        Recheck Cond: ((id >= 8580745) AND (id <= 8590744))
	        ->  Bitmap Index Scan on sbtest4_pkey  (cost=0.00..326.74 rows=10230 width=0)
	              Index Cond: ((id >= 8580745) AND (id <= 8590744))

table 5 : explain SELECT SUM(k) FROM sbtest5 WHERE id BETWEEN 6294350 AND 6304349
	Aggregate  (cost=33860.11..33860.12 rows=1 width=8)
	  ->  Bitmap Heap Scan on sbtest5  (cost=311.82..33835.87 rows=9696 width=4)
	        Recheck Cond: ((id >= 6294350) AND (id <= 6304349))
	        ->  Bitmap Index Scan on sbtest5_pkey  (cost=0.00..309.40 rows=9696 width=0)
	              Index Cond: ((id >= 6294350) AND (id <= 6304349))

table 6 : explain SELECT SUM(k) FROM sbtest6 WHERE id BETWEEN 8677459 AND 8687458
	Aggregate  (cost=33415.06..33415.07 rows=1 width=8)
	  ->  Bitmap Heap Scan on sbtest6  (cost=307.09..33391.00 rows=9625 width=4)
	        Recheck Cond: ((id >= 8677459) AND (id <= 8687458))
	        ->  Bitmap Index Scan on sbtest6_pkey  (cost=0.00..304.69 rows=9625 width=0)
	              Index Cond: ((id >= 8677459) AND (id <= 8687458))

table 7 : explain SELECT SUM(k) FROM sbtest7 WHERE id BETWEEN 1356041 AND 1366040
	Aggregate  (cost=38201.49..38201.50 rows=1 width=8)
	  ->  Bitmap Heap Scan on sbtest7  (cost=359.04..38173.54 rows=11181 width=4)
	        Recheck Cond: ((id >= 1356041) AND (id <= 1366040))
	        ->  Bitmap Index Scan on sbtest7_pkey  (cost=0.00..356.25 rows=11181 width=0)
	              Index Cond: ((id >= 1356041) AND (id <= 1366040))

table 8 : explain SELECT SUM(k) FROM sbtest8 WHERE id BETWEEN 2626506 AND 2636505
	Aggregate  (cost=32788.55..32788.56 rows=1 width=8)
	  ->  Bitmap Heap Scan on sbtest8  (cost=305.17..32764.95 rows=9438 width=4)
	        Recheck Cond: ((id >= 2626506) AND (id <= 2636505))
	        ->  Bitmap Index Scan on sbtest8_pkey  (cost=0.00..302.81 rows=9438 width=0)
	              Index Cond: ((id >= 2626506) AND (id <= 2636505))

for: sum_ranges
table 1 : explain SELECT SUM(k) FROM sbtest1 WHERE id BETWEEN 9098668 AND 9108667
	Aggregate  (cost=36956.37..36956.38 rows=1 width=8)
	  ->  Bitmap Heap Scan on sbtest1  (cost=338.89..36929.43 rows=10776 width=4)
	        Recheck Cond: ((id >= 9098668) AND (id <= 9108667))
	        ->  Bitmap Index Scan on sbtest1_pkey  (cost=0.00..336.19 rows=10776 width=0)
	              Index Cond: ((id >= 9098668) AND (id <= 9108667))

table 2 : explain SELECT SUM(k) FROM sbtest2 WHERE id BETWEEN 2857029 AND 2867028
	Aggregate  (cost=31892.20..31892.21 rows=1 width=8)
	  ->  Bitmap Heap Scan on sbtest2  (cost=290.28..31869.31 rows=9156 width=4)
	        Recheck Cond: ((id >= 2857029) AND (id <= 2867028))
	        ->  Bitmap Index Scan on sbtest2_pkey  (cost=0.00..288.00 rows=9156 width=0)
	              Index Cond: ((id >= 2857029) AND (id <= 2867028))

table 3 : explain SELECT SUM(k) FROM sbtest3 WHERE id BETWEEN 3121032 AND 3131031
	Aggregate  (cost=33535.69..33535.70 rows=1 width=8)
	  ->  Bitmap Heap Scan on sbtest3  (cost=307.55..33511.52 rows=9670 width=4)
	        Recheck Cond: ((id >= 3121032) AND (id <= 3131031))
	        ->  Bitmap Index Scan on sbtest3_pkey  (cost=0.00..305.13 rows=9670 width=0)
	              Index Cond: ((id >= 3121032) AND (id <= 3131031))

table 4 : explain SELECT SUM(k) FROM sbtest4 WHERE id BETWEEN 8901700 AND 8911699
	Aggregate  (cost=33669.09..33669.10 rows=1 width=8)
	  ->  Bitmap Heap Scan on sbtest4  (cost=311.21..33645.00 rows=9637 width=4)
	        Recheck Cond: ((id >= 8901700) AND (id <= 8911699))
	        ->  Bitmap Index Scan on sbtest4_pkey  (cost=0.00..308.81 rows=9637 width=0)
	              Index Cond: ((id >= 8901700) AND (id <= 8911699))

table 5 : explain SELECT SUM(k) FROM sbtest5 WHERE id BETWEEN 3391668 AND 3401667
	Aggregate  (cost=33824.18..33824.19 rows=1 width=8)
	  ->  Bitmap Heap Scan on sbtest5  (cost=311.71..33799.97 rows=9685 width=4)
	        Recheck Cond: ((id >= 3391668) AND (id <= 3401667))
	        ->  Bitmap Index Scan on sbtest5_pkey  (cost=0.00..309.29 rows=9685 width=0)
	              Index Cond: ((id >= 3391668) AND (id <= 3401667))

table 6 : explain SELECT SUM(k) FROM sbtest6 WHERE id BETWEEN 9054227 AND 9064226
	Aggregate  (cost=36201.38..36201.39 rows=1 width=8)
	  ->  Bitmap Heap Scan on sbtest6  (cost=336.17..36175.11 rows=10511 width=4)
	        Recheck Cond: ((id >= 9054227) AND (id <= 9064226))
	        ->  Bitmap Index Scan on sbtest6_pkey  (cost=0.00..333.55 rows=10511 width=0)
	              Index Cond: ((id >= 9054227) AND (id <= 9064226))

table 7 : explain SELECT SUM(k) FROM sbtest7 WHERE id BETWEEN 6336021 AND 6346020
	Aggregate  (cost=34725.17..34725.18 rows=1 width=8)
	  ->  Bitmap Heap Scan on sbtest7  (cost=323.57..34700.01 rows=10062 width=4)
	        Recheck Cond: ((id >= 6336021) AND (id <= 6346020))
	        ->  Bitmap Index Scan on sbtest7_pkey  (cost=0.00..321.06 rows=10062 width=0)
	              Index Cond: ((id >= 6336021) AND (id <= 6346020))

table 8 : explain SELECT SUM(k) FROM sbtest8 WHERE id BETWEEN 3688402 AND 3698401
	Aggregate  (cost=36551.04..36551.05 rows=1 width=8)
	  ->  Bitmap Heap Scan on sbtest8  (cost=341.46..36524.45 rows=10637 width=4)
	        Recheck Cond: ((id >= 3688402) AND (id <= 3698401))
	        ->  Bitmap Index Scan on sbtest8_pkey  (cost=0.00..338.81 rows=10637 width=0)
	              Index Cond: ((id >= 3688402) AND (id <= 3698401))

explain: for point_selects :: explain SELECT c FROM sbtest%u WHERE id=%u
for: sum_ranges
table 1 : explain SELECT SUM(k) FROM sbtest1 WHERE id BETWEEN 634258 AND 644257
	Aggregate  (cost=35464.33..35464.34 rows=1 width=8)
	  ->  Bitmap Heap Scan on sbtest1  (cost=325.97..35438.59 rows=10296 width=4)
	        Recheck Cond: ((id >= 634258) AND (id <= 644257))
	        ->  Bitmap Index Scan on sbtest1_pkey  (cost=0.00..323.40 rows=10296 width=0)
	              Index Cond: ((id >= 634258) AND (id <= 644257))

table 2 : explain SELECT SUM(k) FROM sbtest2 WHERE id BETWEEN 7240528 AND 7250527
	Aggregate  (cost=36150.68..36150.69 rows=1 width=8)
	  ->  Bitmap Heap Scan on sbtest2  (cost=336.14..36124.41 rows=10508 width=4)
	        Recheck Cond: ((id >= 7240528) AND (id <= 7250527))
	        ->  Bitmap Index Scan on sbtest2_pkey  (cost=0.00..333.51 rows=10508 width=0)
	              Index Cond: ((id >= 7240528) AND (id <= 7250527))

table 3 : explain SELECT SUM(k) FROM sbtest3 WHERE id BETWEEN 8188956 AND 8198955
	Aggregate  (cost=32643.22..32643.23 rows=1 width=8)
	  ->  Bitmap Heap Scan on sbtest3  (cost=300.66..32619.75 rows=9388 width=4)
	        Recheck Cond: ((id >= 8188956) AND (id <= 8198955))
	        ->  Bitmap Index Scan on sbtest3_pkey  (cost=0.00..298.31 rows=9388 width=0)
	              Index Cond: ((id >= 8188956) AND (id <= 8198955))

table 4 : explain SELECT SUM(k) FROM sbtest4 WHERE id BETWEEN 7616279 AND 7626278
	Aggregate  (cost=35531.49..35531.50 rows=1 width=8)
	  ->  Bitmap Heap Scan on sbtest4  (cost=329.21..35505.93 rows=10222 width=4)
	        Recheck Cond: ((id >= 7616279) AND (id <= 7626278))
	        ->  Bitmap Index Scan on sbtest4_pkey  (cost=0.00..326.66 rows=10222 width=0)
	              Index Cond: ((id >= 7616279) AND (id <= 7626278))

table 5 : explain SELECT SUM(k) FROM sbtest5 WHERE id BETWEEN 1972642 AND 1982641
	Aggregate  (cost=33876.47..33876.48 rows=1 width=8)
	  ->  Bitmap Heap Scan on sbtest5  (cost=311.88..33852.21 rows=9702 width=4)
	        Recheck Cond: ((id >= 1972642) AND (id <= 1982641))
	        ->  Bitmap Index Scan on sbtest5_pkey  (cost=0.00..309.45 rows=9702 width=0)
	              Index Cond: ((id >= 1972642) AND (id <= 1982641))

table 6 : explain SELECT SUM(k) FROM sbtest6 WHERE id BETWEEN 5646390 AND 5656389
	Aggregate  (cost=34413.06..34413.07 rows=1 width=8)
	  ->  Bitmap Heap Scan on sbtest6  (cost=318.32..34388.21 rows=9940 width=4)
	        Recheck Cond: ((id >= 5646390) AND (id <= 5656389))
	        ->  Bitmap Index Scan on sbtest6_pkey  (cost=0.00..315.83 rows=9940 width=0)
	              Index Cond: ((id >= 5646390) AND (id <= 5656389))

table 7 : explain SELECT SUM(k) FROM sbtest7 WHERE id BETWEEN 9667606 AND 9677605
	Aggregate  (cost=31449.35..31449.36 rows=1 width=8)
	  ->  Bitmap Heap Scan on sbtest7  (cost=292.93..31426.79 rows=9024 width=4)
	        Recheck Cond: ((id >= 9667606) AND (id <= 9677605))
	        ->  Bitmap Index Scan on sbtest7_pkey  (cost=0.00..290.68 rows=9024 width=0)
	              Index Cond: ((id >= 9667606) AND (id <= 9677605))

table 8 : explain SELECT SUM(k) FROM sbtest8 WHERE id BETWEEN 3972719 AND 3982718
	Aggregate  (cost=36073.51..36073.52 rows=1 width=8)
	  ->  Bitmap Heap Scan on sbtest8  (cost=335.90..36047.30 rows=10484 width=4)
	        Recheck Cond: ((id >= 3972719) AND (id <= 3982718))
	        ->  Bitmap Index Scan on sbtest8_pkey  (cost=0.00..333.28 rows=10484 width=0)
	              Index Cond: ((id >= 3972719) AND (id <= 3982718))

for: order_ranges
table 1 : explain SELECT c FROM sbtest1 WHERE id BETWEEN 3995752 AND 4005751 ORDER BY c
	Sort  (cost=34575.98..34600.51 rows=9813 width=121)
	  Sort Key: c
	  ->  Bitmap Heap Scan on sbtest1  (cost=309.02..33925.35 rows=9813 width=121)
	        Recheck Cond: ((id >= 3995752) AND (id <= 4005751))
	        ->  Bitmap Index Scan on sbtest1_pkey  (cost=0.00..306.56 rows=9813 width=0)
	              Index Cond: ((id >= 3995752) AND (id <= 4005751))

table 2 : explain SELECT c FROM sbtest2 WHERE id BETWEEN 2442026 AND 2452025 ORDER BY c
	Sort  (cost=36294.31..36320.16 rows=10341 width=121)
	  Sort Key: c
	  ->  Bitmap Heap Scan on sbtest2  (cost=330.43..35604.77 rows=10341 width=121)
	        Recheck Cond: ((id >= 2442026) AND (id <= 2452025))
	        ->  Bitmap Index Scan on sbtest2_pkey  (cost=0.00..327.84 rows=10341 width=0)
	              Index Cond: ((id >= 2442026) AND (id <= 2452025))

table 3 : explain SELECT c FROM sbtest3 WHERE id BETWEEN 4850682 AND 4860681 ORDER BY c
	Sort  (cost=35018.87..35043.71 rows=9938 width=121)
	  Sort Key: c
	  ->  Bitmap Heap Scan on sbtest3  (cost=318.30..34359.05 rows=9938 width=121)
	        Recheck Cond: ((id >= 4850682) AND (id <= 4860681))
	        ->  Bitmap Index Scan on sbtest3_pkey  (cost=0.00..315.81 rows=9938 width=0)
	              Index Cond: ((id >= 4850682) AND (id <= 4860681))

table 4 : explain SELECT c FROM sbtest4 WHERE id BETWEEN 7619392 AND 7629391 ORDER BY c
	Sort  (cost=36186.69..36212.24 rows=10222 width=121)
	  Sort Key: c
	  ->  Bitmap Heap Scan on sbtest4  (cost=329.21..35505.93 rows=10222 width=121)
	        Recheck Cond: ((id >= 7619392) AND (id <= 7629391))
	        ->  Bitmap Index Scan on sbtest4_pkey  (cost=0.00..326.66 rows=10222 width=0)
	              Index Cond: ((id >= 7619392) AND (id <= 7629391))

table 5 : explain SELECT c FROM sbtest5 WHERE id BETWEEN 4389492 AND 4399491 ORDER BY c
	Sort  (cost=37458.66..37485.20 rows=10615 width=121)
	  Sort Key: c
	  ->  Bitmap Heap Scan on sbtest5  (cost=341.24..36748.84 rows=10615 width=121)
	        Recheck Cond: ((id >= 4389492) AND (id <= 4399491))
	        ->  Bitmap Index Scan on sbtest5_pkey  (cost=0.00..338.58 rows=10615 width=0)
	              Index Cond: ((id >= 4389492) AND (id <= 4399491))

table 6 : explain SELECT c FROM sbtest6 WHERE id BETWEEN 4784278 AND 4794277 ORDER BY c
	Sort  (cost=37494.02..37520.78 rows=10704 width=121)
	  Sort Key: c
	  ->  Bitmap Heap Scan on sbtest6  (cost=342.15..36777.61 rows=10704 width=121)
	        Recheck Cond: ((id >= 4784278) AND (id <= 4794277))
	        ->  Bitmap Index Scan on sbtest6_pkey  (cost=0.00..339.48 rows=10704 width=0)
	              Index Cond: ((id >= 4784278) AND (id <= 4794277))

table 7 : explain SELECT c FROM sbtest7 WHERE id BETWEEN 7543331 AND 7553330 ORDER BY c
	Sort  (cost=34936.99..34961.81 rows=9927 width=121)
	  Sort Key: c
	  ->  Bitmap Heap Scan on sbtest7  (cost=318.19..34277.98 rows=9927 width=121)
	        Recheck Cond: ((id >= 7543331) AND (id <= 7553330))
	        ->  Bitmap Index Scan on sbtest7_pkey  (cost=0.00..315.70 rows=9927 width=0)
	              Index Cond: ((id >= 7543331) AND (id <= 7553330))

table 8 : explain SELECT c FROM sbtest8 WHERE id BETWEEN 3781515 AND 3791514 ORDER BY c
	Sort  (cost=34011.63..34035.71 rows=9631 width=121)
	  Sort Key: c
	  ->  Bitmap Heap Scan on sbtest8  (cost=311.15..33374.37 rows=9631 width=121)
	        Recheck Cond: ((id >= 3781515) AND (id <= 3791514))
	        ->  Bitmap Index Scan on sbtest8_pkey  (cost=0.00..308.75 rows=9631 width=0)
	              Index Cond: ((id >= 3781515) AND (id <= 3791514))

for: simple_ranges
table 1 : explain SELECT c FROM sbtest1 WHERE id BETWEEN 56110 AND 66109
	Bitmap Heap Scan on sbtest1  (cost=333.00..36357.61 rows=10592 width=121)
	  Recheck Cond: ((id >= 56110) AND (id <= 66109))
	  ->  Bitmap Index Scan on sbtest1_pkey  (cost=0.00..330.36 rows=10592 width=0)
	        Index Cond: ((id >= 56110) AND (id <= 66109))

table 2 : explain SELECT c FROM sbtest2 WHERE id BETWEEN 8238066 AND 8248065
	Bitmap Heap Scan on sbtest2  (cost=313.01..33946.01 rows=9812 width=121)
	  Recheck Cond: ((id >= 8238066) AND (id <= 8248065))
	  ->  Bitmap Index Scan on sbtest2_pkey  (cost=0.00..310.56 rows=9812 width=0)
	        Index Cond: ((id >= 8238066) AND (id <= 8248065))

table 3 : explain SELECT c FROM sbtest3 WHERE id BETWEEN 6830319 AND 6840318
	Bitmap Heap Scan on sbtest3  (cost=313.11..33990.53 rows=9822 width=121)
	  Recheck Cond: ((id >= 6830319) AND (id <= 6840318))
	  ->  Bitmap Index Scan on sbtest3_pkey  (cost=0.00..310.66 rows=9822 width=0)
	        Index Cond: ((id >= 6830319) AND (id <= 6840318))

table 4 : explain SELECT c FROM sbtest4 WHERE id BETWEEN 7846914 AND 7856913
	Bitmap Heap Scan on sbtest4  (cost=328.99..35437.79 rows=10200 width=121)
	  Recheck Cond: ((id >= 7846914) AND (id <= 7856913))
	  ->  Bitmap Index Scan on sbtest4_pkey  (cost=0.00..326.44 rows=10200 width=0)
	        Index Cond: ((id >= 7846914) AND (id <= 7856913))

table 5 : explain SELECT c FROM sbtest5 WHERE id BETWEEN 8265448 AND 8275447
	Bitmap Heap Scan on sbtest5  (cost=341.34..36781.13 rows=10625 width=121)
	  Recheck Cond: ((id >= 8265448) AND (id <= 8275447))
	  ->  Bitmap Index Scan on sbtest5_pkey  (cost=0.00..338.69 rows=10625 width=0)
	        Index Cond: ((id >= 8265448) AND (id <= 8275447))

table 6 : explain SELECT c FROM sbtest6 WHERE id BETWEEN 7895131 AND 7905130
	Bitmap Heap Scan on sbtest6  (cost=324.74..35126.81 rows=10176 width=121)
	  Recheck Cond: ((id >= 7895131) AND (id <= 7905130))
	  ->  Bitmap Index Scan on sbtest6_pkey  (cost=0.00..322.19 rows=10176 width=0)
	        Index Cond: ((id >= 7895131) AND (id <= 7905130))

table 7 : explain SELECT c FROM sbtest7 WHERE id BETWEEN 7096464 AND 7106463
	Bitmap Heap Scan on sbtest7  (cost=311.25..33377.73 rows=9640 width=121)
	  Recheck Cond: ((id >= 7096464) AND (id <= 7106463))
	  ->  Bitmap Index Scan on sbtest7_pkey  (cost=0.00..308.83 rows=9640 width=0)
	        Index Cond: ((id >= 7096464) AND (id <= 7106463))

table 8 : explain SELECT c FROM sbtest8 WHERE id BETWEEN 2448467 AND 2458466
	Bitmap Heap Scan on sbtest8  (cost=353.17..37644.76 rows=10999 width=121)
	  Recheck Cond: ((id >= 2448467) AND (id <= 2458466))
	  ->  Bitmap Index Scan on sbtest8_pkey  (cost=0.00..350.43 rows=10999 width=0)
	        Index Cond: ((id >= 2448467) AND (id <= 2458466))

for: sum_ranges
table 1 : explain SELECT SUM(k) FROM sbtest1 WHERE id BETWEEN 2571933 AND 2581932
	Aggregate  (cost=35126.50..35126.51 rows=1 width=8)
	  ->  Bitmap Heap Scan on sbtest1  (cost=320.86..35101.03 rows=10188 width=4)
	        Recheck Cond: ((id >= 2571933) AND (id <= 2581932))
	        ->  Bitmap Index Scan on sbtest1_pkey  (cost=0.00..318.31 rows=10188 width=0)
	              Index Cond: ((id >= 2571933) AND (id <= 2581932))

table 2 : explain SELECT SUM(k) FROM sbtest2 WHERE id BETWEEN 7594161 AND 7604160
	Aggregate  (cost=35720.44..35720.45 rows=1 width=8)
	  ->  Bitmap Heap Scan on sbtest2  (cost=330.73..35694.52 rows=10370 width=4)
	        Recheck Cond: ((id >= 7594161) AND (id <= 7604160))
	        ->  Bitmap Index Scan on sbtest2_pkey  (cost=0.00..328.13 rows=10370 width=0)
	              Index Cond: ((id >= 7594161) AND (id <= 7604160))

table 3 : explain SELECT SUM(k) FROM sbtest3 WHERE id BETWEEN 5665458 AND 5675457
	Aggregate  (cost=37147.60..37147.61 rows=1 width=8)
	  ->  Bitmap Heap Scan on sbtest3  (cost=347.37..37120.54 rows=10823 width=4)
	        Recheck Cond: ((id >= 5665458) AND (id <= 5675457))
	        ->  Bitmap Index Scan on sbtest3_pkey  (cost=0.00..344.67 rows=10823 width=0)
	              Index Cond: ((id >= 5665458) AND (id <= 5675457))

table 4 : explain SELECT SUM(k) FROM sbtest4 WHERE id BETWEEN 7789989 AND 7799988
	Aggregate  (cost=34870.88..34870.89 rows=1 width=8)
	  ->  Bitmap Heap Scan on sbtest4  (cost=323.08..34845.84 rows=10014 width=4)
	        Recheck Cond: ((id >= 7789989) AND (id <= 7799988))
	        ->  Bitmap Index Scan on sbtest4_pkey  (cost=0.00..320.57 rows=10014 width=0)
	              Index Cond: ((id >= 7789989) AND (id <= 7799988))

table 5 : explain SELECT SUM(k) FROM sbtest5 WHERE id BETWEEN 3330048 AND 3340047
	Aggregate  (cost=33863.38..33863.39 rows=1 width=8)
	  ->  Bitmap Heap Scan on sbtest5  (cost=311.83..33839.13 rows=9697 width=4)
	        Recheck Cond: ((id >= 3330048) AND (id <= 3340047))
	        ->  Bitmap Index Scan on sbtest5_pkey  (cost=0.00..309.41 rows=9697 width=0)
	              Index Cond: ((id >= 3330048) AND (id <= 3340047))

table 6 : explain SELECT SUM(k) FROM sbtest6 WHERE id BETWEEN 7742498 AND 7752497
	Aggregate  (cost=34775.25..34775.26 rows=1 width=8)
	  ->  Bitmap Heap Scan on sbtest6  (cost=323.50..34750.11 rows=10055 width=4)
	        Recheck Cond: ((id >= 7742498) AND (id <= 7752497))
	        ->  Bitmap Index Scan on sbtest6_pkey  (cost=0.00..320.99 rows=10055 width=0)
	              Index Cond: ((id >= 7742498) AND (id <= 7752497))

table 7 : explain SELECT SUM(k) FROM sbtest7 WHERE id BETWEEN 9628492 AND 9638491
	Aggregate  (cost=31449.35..31449.36 rows=1 width=8)
	  ->  Bitmap Heap Scan on sbtest7  (cost=292.93..31426.79 rows=9024 width=4)
	        Recheck Cond: ((id >= 9628492) AND (id <= 9638491))
	        ->  Bitmap Index Scan on sbtest7_pkey  (cost=0.00..290.68 rows=9024 width=0)
	              Index Cond: ((id >= 9628492) AND (id <= 9638491))

table 8 : explain SELECT SUM(k) FROM sbtest8 WHERE id BETWEEN 2856515 AND 2866514
	Aggregate  (cost=30277.64..30277.65 rows=1 width=8)
	  ->  Bitmap Heap Scan on sbtest8  (cost=277.11..30256.01 rows=8651 width=4)
	        Recheck Cond: ((id >= 2856515) AND (id <= 2866514))
	        ->  Bitmap Index Scan on sbtest8_pkey  (cost=0.00..274.94 rows=8651 width=0)
	              Index Cond: ((id >= 2856515) AND (id <= 2866514))

for: sum_ranges
table 1 : explain SELECT SUM(k) FROM sbtest1 WHERE id BETWEEN 4453789 AND 4463788
	Aggregate  (cost=33749.75..33749.76 rows=1 width=8)
	  ->  Bitmap Heap Scan on sbtest1  (cost=308.36..33725.37 rows=9749 width=4)
	        Recheck Cond: ((id >= 4453789) AND (id <= 4463788))
	        ->  Bitmap Index Scan on sbtest1_pkey  (cost=0.00..305.93 rows=9749 width=0)
	              Index Cond: ((id >= 4453789) AND (id <= 4463788))

table 2 : explain SELECT SUM(k) FROM sbtest2 WHERE id BETWEEN 8897609 AND 8907608
	Aggregate  (cost=33222.69..33222.70 rows=1 width=8)
	  ->  Bitmap Heap Scan on sbtest2  (cost=306.58..33198.76 rows=9575 width=4)
	        Recheck Cond: ((id >= 8897609) AND (id <= 8907608))
	        ->  Bitmap Index Scan on sbtest2_pkey  (cost=0.00..304.19 rows=9575 width=0)
	              Index Cond: ((id >= 8897609) AND (id <= 8907608))

table 3 : explain SELECT SUM(k) FROM sbtest3 WHERE id BETWEEN 9250061 AND 9260060
	Aggregate  (cost=31868.14..31868.15 rows=1 width=8)
	  ->  Bitmap Heap Scan on sbtest3  (cost=294.15..31845.28 rows=9143 width=4)
	        Recheck Cond: ((id >= 9250061) AND (id <= 9260060))
	        ->  Bitmap Index Scan on sbtest3_pkey  (cost=0.00..291.87 rows=9143 width=0)
	              Index Cond: ((id >= 9250061) AND (id <= 9260060))

table 4 : explain SELECT SUM(k) FROM sbtest4 WHERE id BETWEEN 4608832 AND 4618831
	Aggregate  (cost=34374.99..34375.00 rows=1 width=8)
	  ->  Bitmap Heap Scan on sbtest4  (cost=317.48..34350.34 rows=9858 width=4)
	        Recheck Cond: ((id >= 4608832) AND (id <= 4618831))
	        ->  Bitmap Index Scan on sbtest4_pkey  (cost=0.00..315.01 rows=9858 width=0)
	              Index Cond: ((id >= 4608832) AND (id <= 4618831))

table 5 : explain SELECT SUM(k) FROM sbtest5 WHERE id BETWEEN 6290751 AND 6300750
	Aggregate  (cost=32798.11..32798.12 rows=1 width=8)
	  ->  Bitmap Heap Scan on sbtest5  (cost=300.43..32774.69 rows=9365 width=4)
	        Recheck Cond: ((id >= 6290751) AND (id <= 6300750))
	        ->  Bitmap Index Scan on sbtest5_pkey  (cost=0.00..298.08 rows=9365 width=0)
	              Index Cond: ((id >= 6290751) AND (id <= 6300750))

table 6 : explain SELECT SUM(k) FROM sbtest6 WHERE id BETWEEN 381531 AND 391530
	Aggregate  (cost=36134.02..36134.03 rows=1 width=8)
	  ->  Bitmap Heap Scan on sbtest6  (cost=335.95..36107.80 rows=10489 width=4)
	        Recheck Cond: ((id >= 381531) AND (id <= 391530))
	        ->  Bitmap Index Scan on sbtest6_pkey  (cost=0.00..333.32 rows=10489 width=0)
	              Index Cond: ((id >= 381531) AND (id <= 391530))

table 7 : explain SELECT SUM(k) FROM sbtest7 WHERE id BETWEEN 8957485 AND 8967484
	Aggregate  (cost=36304.65..36304.66 rows=1 width=8)
	  ->  Bitmap Heap Scan on sbtest7  (cost=340.76..36278.23 rows=10568 width=4)
	        Recheck Cond: ((id >= 8957485) AND (id <= 8967484))
	        ->  Bitmap Index Scan on sbtest7_pkey  (cost=0.00..338.12 rows=10568 width=0)
	              Index Cond: ((id >= 8957485) AND (id <= 8967484))

table 8 : explain SELECT SUM(k) FROM sbtest8 WHERE id BETWEEN 4503063 AND 4513062
	Aggregate  (cost=32924.75..32924.76 rows=1 width=8)
	  ->  Bitmap Heap Scan on sbtest8  (cost=305.62..32901.05 rows=9481 width=4)
	        Recheck Cond: ((id >= 4503063) AND (id <= 4513062))
	        ->  Bitmap Index Scan on sbtest8_pkey  (cost=0.00..303.25 rows=9481 width=0)
	              Index Cond: ((id >= 4503063) AND (id <= 4513062))

for: order_ranges
table 1 : explain SELECT c FROM sbtest1 WHERE id BETWEEN 7790687 AND 7800686 ORDER BY c
	Sort  (cost=33035.72..33059.06 rows=9336 width=121)
	  Sort Key: c
	  ->  Bitmap Heap Scan on sbtest1  (cost=296.13..32420.08 rows=9336 width=121)
	        Recheck Cond: ((id >= 7790687) AND (id <= 7800686))
	        ->  Bitmap Index Scan on sbtest1_pkey  (cost=0.00..293.80 rows=9336 width=0)
	              Index Cond: ((id >= 7790687) AND (id <= 7800686))

table 2 : explain SELECT c FROM sbtest2 WHERE id BETWEEN 2273717 AND 2283716 ORDER BY c
	Sort  (cost=38712.36..38740.12 rows=11102 width=121)
	  Sort Key: c
	  ->  Bitmap Heap Scan on sbtest2  (cost=354.23..37966.39 rows=11102 width=121)
	        Recheck Cond: ((id >= 2273717) AND (id <= 2283716))
	        ->  Bitmap Index Scan on sbtest2_pkey  (cost=0.00..351.45 rows=11102 width=0)
	              Index Cond: ((id >= 2273717) AND (id <= 2283716))

table 3 : explain SELECT c FROM sbtest3 WHERE id BETWEEN 9809742 AND 9819741 ORDER BY c
	Sort  (cost=36711.92..36738.08 rows=10467 width=121)
	  Sort Key: c
	  ->  Bitmap Heap Scan on sbtest3  (cost=335.72..36013.06 rows=10467 width=121)
	        Recheck Cond: ((id >= 9809742) AND (id <= 9819741))
	        ->  Bitmap Index Scan on sbtest3_pkey  (cost=0.00..333.11 rows=10467 width=0)
	              Index Cond: ((id >= 9809742) AND (id <= 9819741))

table 4 : explain SELECT c FROM sbtest4 WHERE id BETWEEN 2507851 AND 2517850 ORDER BY c
	Sort  (cost=34556.56..34580.87 rows=9721 width=121)
	  Sort Key: c
	  ->  Bitmap Heap Scan on sbtest4  (cost=312.08..33912.70 rows=9721 width=121)
	        Recheck Cond: ((id >= 2507851) AND (id <= 2517850))
	        ->  Bitmap Index Scan on sbtest4_pkey  (cost=0.00..309.65 rows=9721 width=0)
	              Index Cond: ((id >= 2507851) AND (id <= 2517850))

table 5 : explain SELECT c FROM sbtest5 WHERE id BETWEEN 3089859 AND 3099858 ORDER BY c
	Sort  (cost=34524.71..34548.99 rows=9711 width=121)
	  Sort Key: c
	  ->  Bitmap Heap Scan on sbtest5  (cost=311.97..33881.58 rows=9711 width=121)
	        Recheck Cond: ((id >= 3089859) AND (id <= 3099858))
	        ->  Bitmap Index Scan on sbtest5_pkey  (cost=0.00..309.55 rows=9711 width=0)
	              Index Cond: ((id >= 3089859) AND (id <= 3099858))

table 6 : explain SELECT c FROM sbtest6 WHERE id BETWEEN 955567 AND 965566 ORDER BY c
	Sort  (cost=32263.27..32285.98 rows=9082 width=121)
	  Sort Key: c
	  ->  Bitmap Heap Scan on sbtest6  (cost=289.53..31666.19 rows=9082 width=121)
	        Recheck Cond: ((id >= 955567) AND (id <= 965566))
	        ->  Bitmap Index Scan on sbtest6_pkey  (cost=0.00..287.25 rows=9082 width=0)
	              Index Cond: ((id >= 955567) AND (id <= 965566))

table 7 : explain SELECT c FROM sbtest7 WHERE id BETWEEN 5042020 AND 5052019 ORDER BY c
	Sort  (cost=35829.68..35855.19 rows=10205 width=121)
	  Sort Key: c
	  ->  Bitmap Heap Scan on sbtest7  (cost=329.04..35150.18 rows=10205 width=121)
	        Recheck Cond: ((id >= 5042020) AND (id <= 5052019))
	        ->  Bitmap Index Scan on sbtest7_pkey  (cost=0.00..326.49 rows=10205 width=0)
	              Index Cond: ((id >= 5042020) AND (id <= 5052019))

table 8 : explain SELECT c FROM sbtest8 WHERE id BETWEEN 9258275 AND 9268274 ORDER BY c
	Sort  (cost=34167.07..34191.27 rows=9679 width=121)
	  Sort Key: c
	  ->  Bitmap Heap Scan on sbtest8  (cost=311.64..33526.29 rows=9679 width=121)
	        Recheck Cond: ((id >= 9258275) AND (id <= 9268274))
	        ->  Bitmap Index Scan on sbtest8_pkey  (cost=0.00..309.23 rows=9679 width=0)
	              Index Cond: ((id >= 9258275) AND (id <= 9268274))

for: simple_ranges
table 1 : explain SELECT c FROM sbtest1 WHERE id BETWEEN 135029 AND 145028
	Bitmap Heap Scan on sbtest1  (cost=314.99..34528.34 rows=10005 width=121)
	  Recheck Cond: ((id >= 135029) AND (id <= 145028))
	  ->  Bitmap Index Scan on sbtest1_pkey  (cost=0.00..312.49 rows=10005 width=0)
	        Index Cond: ((id >= 135029) AND (id <= 145028))

table 2 : explain SELECT c FROM sbtest2 WHERE id BETWEEN 7475657 AND 7485656
	Bitmap Heap Scan on sbtest2  (cost=320.07..34880.85 rows=10111 width=121)
	  Recheck Cond: ((id >= 7475657) AND (id <= 7485656))
	  ->  Bitmap Index Scan on sbtest2_pkey  (cost=0.00..317.55 rows=10111 width=0)
	        Index Cond: ((id >= 7475657) AND (id <= 7485656))

table 3 : explain SELECT c FROM sbtest3 WHERE id BETWEEN 8411166 AND 8421165
	Bitmap Heap Scan on sbtest3  (cost=289.38..31603.50 rows=9068 width=121)
	  Recheck Cond: ((id >= 8411166) AND (id <= 8421165))
	  ->  Bitmap Index Scan on sbtest3_pkey  (cost=0.00..287.12 rows=9068 width=0)
	        Index Cond: ((id >= 8411166) AND (id <= 8421165))

table 4 : explain SELECT c FROM sbtest4 WHERE id BETWEEN 6133524 AND 6143523
	Bitmap Heap Scan on sbtest4  (cost=306.29..33356.66 rows=9547 width=121)
	  Recheck Cond: ((id >= 6133524) AND (id <= 6143523))
	  ->  Bitmap Index Scan on sbtest4_pkey  (cost=0.00..303.91 rows=9547 width=0)
	        Index Cond: ((id >= 6133524) AND (id <= 6143523))

table 5 : explain SELECT c FROM sbtest5 WHERE id BETWEEN 8527180 AND 8537179
	Bitmap Heap Scan on sbtest5  (cost=294.12..32052.01 rows=9140 width=121)
	  Recheck Cond: ((id >= 8527180) AND (id <= 8537179))
	  ->  Bitmap Index Scan on sbtest5_pkey  (cost=0.00..291.83 rows=9140 width=0)
	        Index Cond: ((id >= 8527180) AND (id <= 8537179))

table 6 : explain SELECT c FROM sbtest6 WHERE id BETWEEN 9971867 AND 9981866
	Bitmap Heap Scan on sbtest6  (cost=306.61..33245.18 rows=9578 width=121)
	  Recheck Cond: ((id >= 9971867) AND (id <= 9981866))
	  ->  Bitmap Index Scan on sbtest6_pkey  (cost=0.00..304.21 rows=9578 width=0)
	        Index Cond: ((id >= 9971867) AND (id <= 9981866))

table 7 : explain SELECT c FROM sbtest7 WHERE id BETWEEN 4528104 AND 4538103
	Bitmap Heap Scan on sbtest7  (cost=328.81..35079.63 rows=10183 width=121)
	  Recheck Cond: ((id >= 4528104) AND (id <= 4538103))
	  ->  Bitmap Index Scan on sbtest7_pkey  (cost=0.00..326.26 rows=10183 width=0)
	        Index Cond: ((id >= 4528104) AND (id <= 4538103))

table 8 : explain SELECT c FROM sbtest8 WHERE id BETWEEN 3474176 AND 3484175
	Bitmap Heap Scan on sbtest8  (cost=300.08..32423.62 rows=9331 width=121)
	  Recheck Cond: ((id >= 3474176) AND (id <= 3484175))
	  ->  Bitmap Index Scan on sbtest8_pkey  (cost=0.00..297.75 rows=9331 width=0)
	        Index Cond: ((id >= 3474176) AND (id <= 3484175))

for point_selects
table 1 : explain SELECT c FROM sbtest1 WHERE id=3802757
	Index Scan using sbtest1_pkey on sbtest1  (cost=0.43..8.45 rows=1 width=121)
	  Index Cond: (id = 3802757)

table 2 : explain SELECT c FROM sbtest2 WHERE id=4214775
	Index Scan using sbtest2_pkey on sbtest2  (cost=0.43..8.45 rows=1 width=121)
	  Index Cond: (id = 4214775)

table 3 : explain SELECT c FROM sbtest3 WHERE id=7795897
	Index Scan using sbtest3_pkey on sbtest3  (cost=0.43..8.45 rows=1 width=121)
	  Index Cond: (id = 7795897)

table 4 : explain SELECT c FROM sbtest4 WHERE id=607678
	Index Scan using sbtest4_pkey on sbtest4  (cost=0.43..8.45 rows=1 width=121)
	  Index Cond: (id = 607678)

table 5 : explain SELECT c FROM sbtest5 WHERE id=9388477
	Index Scan using sbtest5_pkey on sbtest5  (cost=0.43..8.45 rows=1 width=121)
	  Index Cond: (id = 9388477)

table 6 : explain SELECT c FROM sbtest6 WHERE id=2736185
	Index Scan using sbtest6_pkey on sbtest6  (cost=0.43..8.45 rows=1 width=121)
	  Index Cond: (id = 2736185)

table 7 : explain SELECT c FROM sbtest7 WHERE id=6860100
	Index Scan using sbtest7_pkey on sbtest7  (cost=0.43..8.45 rows=1 width=121)
	  Index Cond: (id = 6860100)

table 8 : explain SELECT c FROM sbtest8 WHERE id=5107667
	Index Scan using sbtest8_pkey on sbtest8  (cost=0.43..8.45 rows=1 width=121)
	  Index Cond: (id = 5107667)

explain: for point_selects :: explain SELECT c FROM sbtest%u WHERE id=%u
for point_selects
table 1 : explain SELECT c FROM sbtest1 WHERE id=9832461
	Index Scan using sbtest1_pkey on sbtest1  (cost=0.43..8.45 rows=1 width=121)
	  Index Cond: (id = 9832461)

table 2 : explain SELECT c FROM sbtest2 WHERE id=1264181
	Index Scan using sbtest2_pkey on sbtest2  (cost=0.43..8.45 rows=1 width=121)
	  Index Cond: (id = 1264181)

table 3 : explain SELECT c FROM sbtest3 WHERE id=2621621
	Index Scan using sbtest3_pkey on sbtest3  (cost=0.43..8.45 rows=1 width=121)
	  Index Cond: (id = 2621621)

table 4 : explain SELECT c FROM sbtest4 WHERE id=206412
	Index Scan using sbtest4_pkey on sbtest4  (cost=0.43..8.45 rows=1 width=121)
	  Index Cond: (id = 206412)

table 5 : explain SELECT c FROM sbtest5 WHERE id=7449328
	Index Scan using sbtest5_pkey on sbtest5  (cost=0.43..8.45 rows=1 width=121)
	  Index Cond: (id = 7449328)

table 6 : explain SELECT c FROM sbtest6 WHERE id=4726452
	Index Scan using sbtest6_pkey on sbtest6  (cost=0.43..8.45 rows=1 width=121)
	  Index Cond: (id = 4726452)

table 7 : explain SELECT c FROM sbtest7 WHERE id=5268686
	Index Scan using sbtest7_pkey on sbtest7  (cost=0.43..8.45 rows=1 width=121)
	  Index Cond: (id = 5268686)

table 8 : explain SELECT c FROM sbtest8 WHERE id=330837
	Index Scan using sbtest8_pkey on sbtest8  (cost=0.43..8.45 rows=1 width=121)
	  Index Cond: (id = 330837)

for: distinct_ranges
table 1 : explain SELECT DISTINCT c FROM sbtest1 WHERE id BETWEEN 8789224 AND 8799223 ORDER BY c
	Unique  (cost=34470.36..34519.26 rows=9780 width=121)
	  ->  Sort  (cost=34470.36..34494.81 rows=9780 width=121)
	        Sort Key: c
	        ->  Bitmap Heap Scan on sbtest1  (cost=308.68..33822.16 rows=9780 width=121)
	              Recheck Cond: ((id >= 8789224) AND (id <= 8799223))
	              ->  Bitmap Index Scan on sbtest1_pkey  (cost=0.00..306.24 rows=9780 width=0)
	                    Index Cond: ((id >= 8789224) AND (id <= 8799223))

table 2 : explain SELECT DISTINCT c FROM sbtest2 WHERE id BETWEEN 6569727 AND 6579726 ORDER BY c
	Unique  (cost=33874.92..33922.86 rows=9588 width=121)
	  ->  Sort  (cost=33874.92..33898.89 rows=9588 width=121)
	        Sort Key: c
	        ->  Bitmap Heap Scan on sbtest2  (cost=306.71..33240.81 rows=9588 width=121)
	              Recheck Cond: ((id >= 6569727) AND (id <= 6579726))
	              ->  Bitmap Index Scan on sbtest2_pkey  (cost=0.00..304.31 rows=9588 width=0)
	                    Index Cond: ((id >= 6569727) AND (id <= 6579726))

table 3 : explain SELECT DISTINCT c FROM sbtest3 WHERE id BETWEEN 6734939 AND 6744938 ORDER BY c
	Unique  (cost=36481.47..36533.45 rows=10395 width=121)
	  ->  Sort  (cost=36481.47..36507.46 rows=10395 width=121)
	        Sort Key: c
	        ->  Bitmap Heap Scan on sbtest3  (cost=330.98..35787.94 rows=10395 width=121)
	              Recheck Cond: ((id >= 6734939) AND (id <= 6744938))
	              ->  Bitmap Index Scan on sbtest3_pkey  (cost=0.00..328.38 rows=10395 width=0)
	                    Index Cond: ((id >= 6734939) AND (id <= 6744938))

table 4 : explain SELECT DISTINCT c FROM sbtest4 WHERE id BETWEEN 9022270 AND 9032269 ORDER BY c
	Unique  (cost=36714.81..36766.73 rows=10385 width=121)
	  ->  Sort  (cost=36714.81..36740.77 rows=10385 width=121)
	        Sort Key: c
	        ->  Bitmap Heap Scan on sbtest4  (cost=334.88..36022.01 rows=10385 width=121)
	              Recheck Cond: ((id >= 9022270) AND (id <= 9032269))
	              ->  Bitmap Index Scan on sbtest4_pkey  (cost=0.00..332.29 rows=10385 width=0)
	                    Index Cond: ((id >= 9022270) AND (id <= 9032269))

table 5 : explain SELECT DISTINCT c FROM sbtest5 WHERE id BETWEEN 6913838 AND 6923837 ORDER BY c
	Unique  (cost=40058.68..40115.81 rows=11426 width=121)
	  ->  Sort  (cost=40058.68..40087.24 rows=11426 width=121)
	        Sort Key: c
	        ->  Bitmap Heap Scan on sbtest5  (cost=365.55..39288.56 rows=11426 width=121)
	              Recheck Cond: ((id >= 6913838) AND (id <= 6923837))
	              ->  Bitmap Index Scan on sbtest5_pkey  (cost=0.00..362.69 rows=11426 width=0)
	                    Index Cond: ((id >= 6913838) AND (id <= 6923837))

table 6 : explain SELECT DISTINCT c FROM sbtest6 WHERE id BETWEEN 1224879 AND 1234878 ORDER BY c
	Unique  (cost=35866.78..35917.76 rows=10196 width=121)
	  ->  Sort  (cost=35866.78..35892.27 rows=10196 width=121)
	        Sort Key: c
	        ->  Bitmap Heap Scan on sbtest6  (cost=324.94..35187.94 rows=10196 width=121)
	              Recheck Cond: ((id >= 1224879) AND (id <= 1234878))
	              ->  Bitmap Index Scan on sbtest6_pkey  (cost=0.00..322.40 rows=10196 width=0)
	                    Index Cond: ((id >= 1224879) AND (id <= 1234878))

table 7 : explain SELECT DISTINCT c FROM sbtest7 WHERE id BETWEEN 7296551 AND 7306550 ORDER BY c
	Unique  (cost=34442.50..34491.36 rows=9773 width=121)
	  ->  Sort  (cost=34442.50..34466.93 rows=9773 width=121)
	        Sort Key: c
	        ->  Bitmap Heap Scan on sbtest7  (cost=316.61..33794.81 rows=9773 width=121)
	              Recheck Cond: ((id >= 7296551) AND (id <= 7306550))
	              ->  Bitmap Index Scan on sbtest7_pkey  (cost=0.00..314.17 rows=9773 width=0)
	                    Index Cond: ((id >= 7296551) AND (id <= 7306550))

table 8 : explain SELECT DISTINCT c FROM sbtest8 WHERE id BETWEEN 8927380 AND 8937379 ORDER BY c
	Unique  (cost=37468.06..37521.62 rows=10711 width=121)
	  ->  Sort  (cost=37468.06..37494.84 rows=10711 width=121)
	        Sort Key: c
	        ->  Bitmap Heap Scan on sbtest8  (cost=342.22..36751.13 rows=10711 width=121)
	              Recheck Cond: ((id >= 8927380) AND (id <= 8937379))
	              ->  Bitmap Index Scan on sbtest8_pkey  (cost=0.00..339.55 rows=10711 width=0)
	                    Index Cond: ((id >= 8927380) AND (id <= 8937379))

for: order_ranges
table 1 : explain SELECT c FROM sbtest1 WHERE id BETWEEN 1716963 AND 1726962 ORDER BY c
	Sort  (cost=38626.74..38654.45 rows=11084 width=121)
	  Sort Key: c
	  ->  Bitmap Heap Scan on sbtest1  (cost=350.05..37882.11 rows=11084 width=121)
	        Recheck Cond: ((id >= 1716963) AND (id <= 1726962))
	        ->  Bitmap Index Scan on sbtest1_pkey  (cost=0.00..347.28 rows=11084 width=0)
	              Index Cond: ((id >= 1716963) AND (id <= 1726962))

table 2 : explain SELECT c FROM sbtest2 WHERE id BETWEEN 1192121 AND 1202120 ORDER BY c
	Sort  (cost=36487.90..36513.90 rows=10402 width=121)
	  Sort Key: c
	  ->  Bitmap Heap Scan on sbtest2  (cost=331.06..35793.85 rows=10402 width=121)
	        Recheck Cond: ((id >= 1192121) AND (id <= 1202120))
	        ->  Bitmap Index Scan on sbtest2_pkey  (cost=0.00..328.45 rows=10402 width=0)
	              Index Cond: ((id >= 1192121) AND (id <= 1202120))

table 3 : explain SELECT c FROM sbtest3 WHERE id BETWEEN 7941976 AND 7951975 ORDER BY c
	Sort  (cost=34058.93..34083.03 rows=9641 width=121)
	  Sort Key: c
	  ->  Bitmap Heap Scan on sbtest3  (cost=307.26..33420.94 rows=9641 width=121)
	        Recheck Cond: ((id >= 7941976) AND (id <= 7951975))
	        ->  Bitmap Index Scan on sbtest3_pkey  (cost=0.00..304.84 rows=9641 width=0)
	              Index Cond: ((id >= 7941976) AND (id <= 7951975))

table 4 : explain SELECT c FROM sbtest4 WHERE id BETWEEN 3006588 AND 3016587 ORDER BY c
	Sort  (cost=35471.26..35496.26 rows=10001 width=121)
	  Sort Key: c
	  ->  Bitmap Heap Scan on sbtest4  (cost=322.95..34806.80 rows=10001 width=121)
	        Recheck Cond: ((id >= 3006588) AND (id <= 3016587))
	        ->  Bitmap Index Scan on sbtest4_pkey  (cost=0.00..320.44 rows=10001 width=0)
	              Index Cond: ((id >= 3006588) AND (id <= 3016587))

table 5 : explain SELECT c FROM sbtest5 WHERE id BETWEEN 6744794 AND 6754793 ORDER BY c
	Sort  (cost=34327.60..34351.72 rows=9650 width=121)
	  Sort Key: c
	  ->  Bitmap Heap Scan on sbtest5  (cost=311.35..33688.94 rows=9650 width=121)
	        Recheck Cond: ((id >= 6744794) AND (id <= 6754793))
	        ->  Bitmap Index Scan on sbtest5_pkey  (cost=0.00..308.94 rows=9650 width=0)
	              Index Cond: ((id >= 6744794) AND (id <= 6754793))

table 6 : explain SELECT c FROM sbtest6 WHERE id BETWEEN 3989498 AND 3999497 ORDER BY c
	Sort  (cost=37926.58..37953.68 rows=10840 width=121)
	  Sort Key: c
	  ->  Bitmap Heap Scan on sbtest6  (cost=347.54..37200.08 rows=10840 width=121)
	        Recheck Cond: ((id >= 3989498) AND (id <= 3999497))
	        ->  Bitmap Index Scan on sbtest6_pkey  (cost=0.00..344.83 rows=10840 width=0)
	              Index Cond: ((id >= 3989498) AND (id <= 3999497))

table 7 : explain SELECT c FROM sbtest7 WHERE id BETWEEN 21127 AND 31126 ORDER BY c
	Sort  (cost=32345.82..32368.63 rows=9125 width=121)
	  Sort Key: c
	  ->  Bitmap Heap Scan on sbtest7  (cost=293.97..31745.60 rows=9125 width=121)
	        Recheck Cond: ((id >= 21127) AND (id <= 31126))
	        ->  Bitmap Index Scan on sbtest7_pkey  (cost=0.00..291.69 rows=9125 width=0)
	              Index Cond: ((id >= 21127) AND (id <= 31126))

table 8 : explain SELECT c FROM sbtest8 WHERE id BETWEEN 8337596 AND 8347595 ORDER BY c
	Sort  (cost=35471.80..35497.01 rows=10085 width=121)
	  Sort Key: c
	  ->  Bitmap Heap Scan on sbtest8  (cost=323.81..34801.15 rows=10085 width=121)
	        Recheck Cond: ((id >= 8337596) AND (id <= 8347595))
	        ->  Bitmap Index Scan on sbtest8_pkey  (cost=0.00..321.29 rows=10085 width=0)
	              Index Cond: ((id >= 8337596) AND (id <= 8347595))

for: order_ranges
table 1 : explain SELECT c FROM sbtest1 WHERE id BETWEEN 8366571 AND 8376570 ORDER BY c
	Sort  (cost=34605.75..34630.31 rows=9823 width=121)
	  Sort Key: c
	  ->  Bitmap Heap Scan on sbtest1  (cost=309.12..33954.39 rows=9823 width=121)
	        Recheck Cond: ((id >= 8366571) AND (id <= 8376570))
	        ->  Bitmap Index Scan on sbtest1_pkey  (cost=0.00..306.67 rows=9823 width=0)
	              Index Cond: ((id >= 8366571) AND (id <= 8376570))

table 2 : explain SELECT c FROM sbtest2 WHERE id BETWEEN 9809409 AND 9819408 ORDER BY c
	Sort  (cost=33453.34..33476.99 rows=9458 width=121)
	  Sort Key: c
	  ->  Bitmap Heap Scan on sbtest2  (cost=301.38..32828.77 rows=9458 width=121)
	        Recheck Cond: ((id >= 9809409) AND (id <= 9819408))
	        ->  Bitmap Index Scan on sbtest2_pkey  (cost=0.00..299.01 rows=9458 width=0)
	              Index Cond: ((id >= 9809409) AND (id <= 9819408))

table 3 : explain SELECT c FROM sbtest3 WHERE id BETWEEN 6051862 AND 6061861 ORDER BY c
	Sort  (cost=36474.91..36500.90 rows=10393 width=121)
	  Sort Key: c
	  ->  Bitmap Heap Scan on sbtest3  (cost=330.96..35781.53 rows=10393 width=121)
	        Recheck Cond: ((id >= 6051862) AND (id <= 6061861))
	        ->  Bitmap Index Scan on sbtest3_pkey  (cost=0.00..328.37 rows=10393 width=0)
	              Index Cond: ((id >= 6051862) AND (id <= 6061861))

table 4 : explain SELECT c FROM sbtest4 WHERE id BETWEEN 1780797 AND 1790796 ORDER BY c
	Sort  (cost=35740.78..35765.99 rows=10085 width=121)
	  Sort Key: c
	  ->  Bitmap Heap Scan on sbtest4  (cost=323.81..35070.13 rows=10085 width=121)
	        Recheck Cond: ((id >= 1780797) AND (id <= 1790796))
	        ->  Bitmap Index Scan on sbtest4_pkey  (cost=0.00..321.29 rows=10085 width=0)
	              Index Cond: ((id >= 1780797) AND (id <= 1790796))

table 5 : explain SELECT c FROM sbtest5 WHERE id BETWEEN 9195379 AND 9205378 ORDER BY c
	Sort  (cost=36327.71..36353.37 rows=10265 width=121)
	  Sort Key: c
	  ->  Bitmap Heap Scan on sbtest5  (cost=329.65..35643.78 rows=10265 width=121)
	        Recheck Cond: ((id >= 9195379) AND (id <= 9205378))
	        ->  Bitmap Index Scan on sbtest5_pkey  (cost=0.00..327.08 rows=10265 width=0)
	              Index Cond: ((id >= 9195379) AND (id <= 9205378))

table 6 : explain SELECT c FROM sbtest6 WHERE id BETWEEN 8228934 AND 8238933 ORDER BY c
	Sort  (cost=35807.46..35832.91 rows=10177 width=121)
	  Sort Key: c
	  ->  Bitmap Heap Scan on sbtest6  (cost=324.75..35130.03 rows=10177 width=121)
	        Recheck Cond: ((id >= 8228934) AND (id <= 8238933))
	        ->  Bitmap Index Scan on sbtest6_pkey  (cost=0.00..322.20 rows=10177 width=0)
	              Index Cond: ((id >= 8228934) AND (id <= 8238933))

table 7 : explain SELECT c FROM sbtest7 WHERE id BETWEEN 1479665 AND 1489664 ORDER BY c
	Sort  (cost=35859.30..35884.84 rows=10215 width=121)
	  Sort Key: c
	  ->  Bitmap Heap Scan on sbtest7  (cost=329.14..35179.06 rows=10215 width=121)
	        Recheck Cond: ((id >= 1479665) AND (id <= 1489664))
	        ->  Bitmap Index Scan on sbtest7_pkey  (cost=0.00..326.58 rows=10215 width=0)
	              Index Cond: ((id >= 1479665) AND (id <= 1489664))

table 8 : explain SELECT c FROM sbtest8 WHERE id BETWEEN 1443249 AND 1453248 ORDER BY c
	Sort  (cost=34276.19..34300.47 rows=9713 width=121)
	  Sort Key: c
	  ->  Bitmap Heap Scan on sbtest8  (cost=311.99..33632.91 rows=9713 width=121)
	        Recheck Cond: ((id >= 1443249) AND (id <= 1453248))
	        ->  Bitmap Index Scan on sbtest8_pkey  (cost=0.00..309.56 rows=9713 width=0)
	              Index Cond: ((id >= 1443249) AND (id <= 1453248))

explain: for point_selects :: explain SELECT c FROM sbtest%u WHERE id=%u
for: order_ranges
table 1 : explain SELECT c FROM sbtest1 WHERE id BETWEEN 1992319 AND 2002318 ORDER BY c
	Sort  (cost=31853.47..31875.90 rows=8972 width=121)
	  Sort Key: c
	  ->  Bitmap Heap Scan on sbtest1  (cost=284.40..31264.41 rows=8972 width=121)
	        Recheck Cond: ((id >= 1992319) AND (id <= 2002318))
	        ->  Bitmap Index Scan on sbtest1_pkey  (cost=0.00..282.16 rows=8972 width=0)
	              Index Cond: ((id >= 1992319) AND (id <= 2002318))

table 2 : explain SELECT c FROM sbtest2 WHERE id BETWEEN 7523264 AND 7533263 ORDER BY c
	Sort  (cost=34321.67..34345.99 rows=9728 width=121)
	  Sort Key: c
	  ->  Bitmap Heap Scan on sbtest2  (cost=308.15..33677.29 rows=9728 width=121)
	        Recheck Cond: ((id >= 7523264) AND (id <= 7533263))
	        ->  Bitmap Index Scan on sbtest2_pkey  (cost=0.00..305.71 rows=9728 width=0)
	              Index Cond: ((id >= 7523264) AND (id <= 7533263))

table 3 : explain SELECT c FROM sbtest3 WHERE id BETWEEN 6928639 AND 6938638 ORDER BY c
	Sort  (cost=36928.25..36954.59 rows=10535 width=121)
	  Sort Key: c
	  ->  Bitmap Heap Scan on sbtest3  (cost=336.42..36224.36 rows=10535 width=121)
	        Recheck Cond: ((id >= 6928639) AND (id <= 6938638))
	        ->  Bitmap Index Scan on sbtest3_pkey  (cost=0.00..333.79 rows=10535 width=0)
	              Index Cond: ((id >= 6928639) AND (id <= 6938638))

table 4 : explain SELECT c FROM sbtest4 WHERE id BETWEEN 9136669 AND 9146668 ORDER BY c
	Sort  (cost=36100.33..36125.82 rows=10195 width=121)
	  Sort Key: c
	  ->  Bitmap Heap Scan on sbtest4  (cost=328.93..35421.57 rows=10195 width=121)
	        Recheck Cond: ((id >= 9136669) AND (id <= 9146668))
	        ->  Bitmap Index Scan on sbtest4_pkey  (cost=0.00..326.38 rows=10195 width=0)
	              Index Cond: ((id >= 9136669) AND (id <= 9146668))

table 5 : explain SELECT c FROM sbtest5 WHERE id BETWEEN 1989879 AND 1999878 ORDER BY c
	Sort  (cost=34514.70..34538.97 rows=9708 width=121)
	  Sort Key: c
	  ->  Bitmap Heap Scan on sbtest5  (cost=311.94..33871.79 rows=9708 width=121)
	        Recheck Cond: ((id >= 1989879) AND (id <= 1999878))
	        ->  Bitmap Index Scan on sbtest5_pkey  (cost=0.00..309.51 rows=9708 width=0)
	              Index Cond: ((id >= 1989879) AND (id <= 1999878))

table 6 : explain SELECT c FROM sbtest6 WHERE id BETWEEN 340263 AND 350262 ORDER BY c
	Sort  (cost=35962.16..35987.72 rows=10225 width=121)
	  Sort Key: c
	  ->  Bitmap Heap Scan on sbtest6  (cost=325.24..35281.18 rows=10225 width=121)
	        Recheck Cond: ((id >= 340263) AND (id <= 350262))
	        ->  Bitmap Index Scan on sbtest6_pkey  (cost=0.00..322.69 rows=10225 width=0)
	              Index Cond: ((id >= 340263) AND (id <= 350262))

table 7 : explain SELECT c FROM sbtest7 WHERE id BETWEEN 1112148 AND 1122147 ORDER BY c
	Sort  (cost=34475.46..34499.92 rows=9783 width=121)
	  Sort Key: c
	  ->  Bitmap Heap Scan on sbtest7  (cost=316.71..33827.04 rows=9783 width=121)
	        Recheck Cond: ((id >= 1112148) AND (id <= 1122147))
	        ->  Bitmap Index Scan on sbtest7_pkey  (cost=0.00..314.26 rows=9783 width=0)
	              Index Cond: ((id >= 1112148) AND (id <= 1122147))

table 8 : explain SELECT c FROM sbtest8 WHERE id BETWEEN 7576654 AND 7586653 ORDER BY c
	Sort  (cost=34805.43..34830.13 rows=9878 width=121)
	  Sort Key: c
	  ->  Bitmap Heap Scan on sbtest8  (cost=317.68..34150.03 rows=9878 width=121)
	        Recheck Cond: ((id >= 7576654) AND (id <= 7586653))
	        ->  Bitmap Index Scan on sbtest8_pkey  (cost=0.00..315.21 rows=9878 width=0)
	              Index Cond: ((id >= 7576654) AND (id <= 7586653))

for: simple_ranges
table 1 : explain SELECT c FROM sbtest1 WHERE id BETWEEN 30489 AND 40488
	Bitmap Heap Scan on sbtest1  (cost=333.00..36357.61 rows=10592 width=121)
	  Recheck Cond: ((id >= 30489) AND (id <= 40488))
	  ->  Bitmap Index Scan on sbtest1_pkey  (cost=0.00..330.36 rows=10592 width=0)
	        Index Cond: ((id >= 30489) AND (id <= 40488))

table 2 : explain SELECT c FROM sbtest2 WHERE id BETWEEN 501149 AND 511148
	Bitmap Heap Scan on sbtest2  (cost=295.83..32347.89 rows=9307 width=121)
	  Recheck Cond: ((id >= 501149) AND (id <= 511148))
	  ->  Bitmap Index Scan on sbtest2_pkey  (cost=0.00..293.50 rows=9307 width=0)
	        Index Cond: ((id >= 501149) AND (id <= 511148))

table 3 : explain SELECT c FROM sbtest3 WHERE id BETWEEN 5022767 AND 5032766
	Bitmap Heap Scan on sbtest3  (cost=330.66..35688.54 rows=10363 width=121)
	  Recheck Cond: ((id >= 5022767) AND (id <= 5032766))
	  ->  Bitmap Index Scan on sbtest3_pkey  (cost=0.00..328.06 rows=10363 width=0)
	        Index Cond: ((id >= 5022767) AND (id <= 5032766))

table 4 : explain SELECT c FROM sbtest4 WHERE id BETWEEN 3001454 AND 3011453
	Bitmap Heap Scan on sbtest4  (cost=322.95..34806.80 rows=10001 width=121)
	  Recheck Cond: ((id >= 3001454) AND (id <= 3011453))
	  ->  Bitmap Index Scan on sbtest4_pkey  (cost=0.00..320.44 rows=10001 width=0)
	        Index Cond: ((id >= 3001454) AND (id <= 3011453))

table 5 : explain SELECT c FROM sbtest5 WHERE id BETWEEN 8357480 AND 8367479
	Bitmap Heap Scan on sbtest5  (cost=318.12..34547.31 rows=9920 width=121)
	  Recheck Cond: ((id >= 8357480) AND (id <= 8367479))
	  ->  Bitmap Index Scan on sbtest5_pkey  (cost=0.00..315.63 rows=9920 width=0)
	        Index Cond: ((id >= 8357480) AND (id <= 8367479))

table 6 : explain SELECT c FROM sbtest6 WHERE id BETWEEN 8023053 AND 8033052
	Bitmap Heap Scan on sbtest6  (cost=318.21..34352.72 rows=9929 width=121)
	  Recheck Cond: ((id >= 8023053) AND (id <= 8033052))
	  ->  Bitmap Index Scan on sbtest6_pkey  (cost=0.00..315.73 rows=9929 width=0)
	        Index Cond: ((id >= 8023053) AND (id <= 8033052))

table 7 : explain SELECT c FROM sbtest7 WHERE id BETWEEN 7972373 AND 7982372
	Bitmap Heap Scan on sbtest7  (cost=281.58..30381.46 rows=8697 width=121)
	  Recheck Cond: ((id >= 7972373) AND (id <= 7982372))
	  ->  Bitmap Index Scan on sbtest7_pkey  (cost=0.00..279.41 rows=8697 width=0)
	        Index Cond: ((id >= 7972373) AND (id <= 7982372))

table 8 : explain SELECT c FROM sbtest8 WHERE id BETWEEN 2915270 AND 2925269
	Bitmap Heap Scan on sbtest8  (cost=277.11..30256.01 rows=8651 width=121)
	  Recheck Cond: ((id >= 2915270) AND (id <= 2925269))
	  ->  Bitmap Index Scan on sbtest8_pkey  (cost=0.00..274.94 rows=8651 width=0)
	        Index Cond: ((id >= 2915270) AND (id <= 2925269))

for point_selects
table 1 : explain SELECT c FROM sbtest1 WHERE id=2248472
	Index Scan using sbtest1_pkey on sbtest1  (cost=0.43..8.45 rows=1 width=121)
	  Index Cond: (id = 2248472)

table 2 : explain SELECT c FROM sbtest2 WHERE id=2673617
	Index Scan using sbtest2_pkey on sbtest2  (cost=0.43..8.45 rows=1 width=121)
	  Index Cond: (id = 2673617)

table 3 : explain SELECT c FROM sbtest3 WHERE id=3408085
	Index Scan using sbtest3_pkey on sbtest3  (cost=0.43..8.45 rows=1 width=121)
	  Index Cond: (id = 3408085)

table 4 : explain SELECT c FROM sbtest4 WHERE id=4576079
	Index Scan using sbtest4_pkey on sbtest4  (cost=0.43..8.45 rows=1 width=121)
	  Index Cond: (id = 4576079)

table 5 : explain SELECT c FROM sbtest5 WHERE id=3574948
	Index Scan using sbtest5_pkey on sbtest5  (cost=0.43..8.45 rows=1 width=121)
	  Index Cond: (id = 3574948)

table 6 : explain SELECT c FROM sbtest6 WHERE id=7209341
	Index Scan using sbtest6_pkey on sbtest6  (cost=0.43..8.45 rows=1 width=121)
	  Index Cond: (id = 7209341)

table 7 : explain SELECT c FROM sbtest7 WHERE id=5162997
	Index Scan using sbtest7_pkey on sbtest7  (cost=0.43..8.45 rows=1 width=121)
	  Index Cond: (id = 5162997)

table 8 : explain SELECT c FROM sbtest8 WHERE id=6637028
	Index Scan using sbtest8_pkey on sbtest8  (cost=0.43..8.45 rows=1 width=121)
	  Index Cond: (id = 6637028)

for: simple_ranges
table 1 : explain SELECT c FROM sbtest1 WHERE id BETWEEN 7389085 AND 7399084
	Bitmap Heap Scan on sbtest1  (cost=315.74..34756.63 rows=10079 width=121)
	  Recheck Cond: ((id >= 7389085) AND (id <= 7399084))
	  ->  Bitmap Index Scan on sbtest1_pkey  (cost=0.00..313.23 rows=10079 width=0)
	        Index Cond: ((id >= 7389085) AND (id <= 7399084))

table 2 : explain SELECT c FROM sbtest2 WHERE id BETWEEN 2827110 AND 2837109
	Bitmap Heap Scan on sbtest2  (cost=290.28..31869.31 rows=9156 width=121)
	  Recheck Cond: ((id >= 2827110) AND (id <= 2837109))
	  ->  Bitmap Index Scan on sbtest2_pkey  (cost=0.00..288.00 rows=9156 width=0)
	        Index Cond: ((id >= 2827110) AND (id <= 2837109))

table 3 : explain SELECT c FROM sbtest3 WHERE id BETWEEN 2216215 AND 2226214
	Bitmap Heap Scan on sbtest3  (cost=282.69..30763.80 rows=8805 width=121)
	  Recheck Cond: ((id >= 2216215) AND (id <= 2226214))
	  ->  Bitmap Index Scan on sbtest3_pkey  (cost=0.00..280.49 rows=8805 width=0)
	        Index Cond: ((id >= 2216215) AND (id <= 2226214))

table 4 : explain SELECT c FROM sbtest4 WHERE id BETWEEN 3602751 AND 3612750
	Bitmap Heap Scan on sbtest4  (cost=323.37..34936.86 rows=10042 width=121)
	  Recheck Cond: ((id >= 3602751) AND (id <= 3612750))
	  ->  Bitmap Index Scan on sbtest4_pkey  (cost=0.00..320.86 rows=10042 width=0)
	        Index Cond: ((id >= 3602751) AND (id <= 3612750))

table 5 : explain SELECT c FROM sbtest5 WHERE id BETWEEN 9065290 AND 9075289
	Bitmap Heap Scan on sbtest5  (cost=336.09..36395.80 rows=10503 width=121)
	  Recheck Cond: ((id >= 9065290) AND (id <= 9075289))
	  ->  Bitmap Index Scan on sbtest5_pkey  (cost=0.00..333.46 rows=10503 width=0)
	        Index Cond: ((id >= 9065290) AND (id <= 9075289))

table 6 : explain SELECT c FROM sbtest6 WHERE id BETWEEN 2749719 AND 2759718
	Bitmap Heap Scan on sbtest6  (cost=341.66..36627.33 rows=10656 width=121)
	  Recheck Cond: ((id >= 2749719) AND (id <= 2759718))
	  ->  Bitmap Index Scan on sbtest6_pkey  (cost=0.00..339.00 rows=10656 width=0)
	        Index Cond: ((id >= 2749719) AND (id <= 2759718))

table 7 : explain SELECT c FROM sbtest7 WHERE id BETWEEN 3233431 AND 3243430
	Bitmap Heap Scan on sbtest7  (cost=322.87..34487.88 rows=9994 width=121)
	  Recheck Cond: ((id >= 3233431) AND (id <= 3243430))
	  ->  Bitmap Index Scan on sbtest7_pkey  (cost=0.00..320.38 rows=9994 width=0)
	        Index Cond: ((id >= 3233431) AND (id <= 3243430))

table 8 : explain SELECT c FROM sbtest8 WHERE id BETWEEN 1615942 AND 1625941
	Bitmap Heap Scan on sbtest8  (cost=317.33..34043.60 rows=9843 width=121)
	  Recheck Cond: ((id >= 1615942) AND (id <= 1625941))
	  ->  Bitmap Index Scan on sbtest8_pkey  (cost=0.00..314.87 rows=9843 width=0)
	        Index Cond: ((id >= 1615942) AND (id <= 1625941))

for: order_ranges
table 1 : explain SELECT c FROM sbtest1 WHERE id BETWEEN 1788519 AND 1798518 ORDER BY c
	Sort  (cost=35920.58..35946.16 rows=10233 width=121)
	  Sort Key: c
	  ->  Bitmap Heap Scan on sbtest1  (cost=321.32..35239.01 rows=10233 width=121)
	        Recheck Cond: ((id >= 1788519) AND (id <= 1798518))
	        ->  Bitmap Index Scan on sbtest1_pkey  (cost=0.00..318.76 rows=10233 width=0)
	              Index Cond: ((id >= 1788519) AND (id <= 1798518))

table 2 : explain SELECT c FROM sbtest2 WHERE id BETWEEN 5566879 AND 5576878 ORDER BY c
	Sort  (cost=35925.80..35951.37 rows=10227 width=121)
	  Sort Key: c
	  ->  Bitmap Heap Scan on sbtest2  (cost=325.26..35244.68 rows=10227 width=121)
	        Recheck Cond: ((id >= 5566879) AND (id <= 5576878))
	        ->  Bitmap Index Scan on sbtest2_pkey  (cost=0.00..322.70 rows=10227 width=0)
	              Index Cond: ((id >= 5566879) AND (id <= 5576878))

table 3 : explain SELECT c FROM sbtest3 WHERE id BETWEEN 1514781 AND 1524780 ORDER BY c
	Sort  (cost=35563.54..35588.81 rows=10108 width=121)
	  Sort Key: c
	  ->  Bitmap Heap Scan on sbtest3  (cost=324.04..34891.19 rows=10108 width=121)
	        Recheck Cond: ((id >= 1514781) AND (id <= 1524780))
	        ->  Bitmap Index Scan on sbtest3_pkey  (cost=0.00..321.51 rows=10108 width=0)
	              Index Cond: ((id >= 1514781) AND (id <= 1524780))

table 4 : explain SELECT c FROM sbtest4 WHERE id BETWEEN 1215419 AND 1225418 ORDER BY c
	Sort  (cost=36814.22..36840.26 rows=10416 width=121)
	  Sort Key: c
	  ->  Bitmap Heap Scan on sbtest4  (cost=335.20..36119.14 rows=10416 width=121)
	        Recheck Cond: ((id >= 1215419) AND (id <= 1225418))
	        ->  Bitmap Index Scan on sbtest4_pkey  (cost=0.00..332.59 rows=10416 width=0)
	              Index Cond: ((id >= 1215419) AND (id <= 1225418))

table 5 : explain SELECT c FROM sbtest5 WHERE id BETWEEN 4528953 AND 4538952 ORDER BY c
	Sort  (cost=34304.22..34328.33 rows=9643 width=121)
	  Sort Key: c
	  ->  Bitmap Heap Scan on sbtest5  (cost=311.28..33666.08 rows=9643 width=121)
	        Recheck Cond: ((id >= 4528953) AND (id <= 4538952))
	        ->  Bitmap Index Scan on sbtest5_pkey  (cost=0.00..308.87 rows=9643 width=0)
	              Index Cond: ((id >= 4528953) AND (id <= 4538952))

table 6 : explain SELECT c FROM sbtest6 WHERE id BETWEEN 3752078 AND 3762077 ORDER BY c
	Sort  (cost=34237.26..34261.48 rows=9689 width=121)
	  Sort Key: c
	  ->  Bitmap Heap Scan on sbtest6  (cost=311.75..33595.74 rows=9689 width=121)
	        Recheck Cond: ((id >= 3752078) AND (id <= 3762077))
	        ->  Bitmap Index Scan on sbtest6_pkey  (cost=0.00..309.32 rows=9689 width=0)
	              Index Cond: ((id >= 3752078) AND (id <= 3762077))

table 7 : explain SELECT c FROM sbtest7 WHERE id BETWEEN 1707722 AND 1717721 ORDER BY c
	Sort  (cost=37265.61..37292.25 rows=10657 width=121)
	  Sort Key: c
	  ->  Bitmap Heap Scan on sbtest7  (cost=341.67..36552.68 rows=10657 width=121)
	        Recheck Cond: ((id >= 1707722) AND (id <= 1717721))
	        ->  Bitmap Index Scan on sbtest7_pkey  (cost=0.00..339.00 rows=10657 width=0)
	              Index Cond: ((id >= 1707722) AND (id <= 1717721))

table 8 : explain SELECT c FROM sbtest8 WHERE id BETWEEN 8949417 AND 8959416 ORDER BY c
	Sort  (cost=37468.06..37494.84 rows=10711 width=121)
	  Sort Key: c
	  ->  Bitmap Heap Scan on sbtest8  (cost=342.22..36751.13 rows=10711 width=121)
	        Recheck Cond: ((id >= 8949417) AND (id <= 8959416))
	        ->  Bitmap Index Scan on sbtest8_pkey  (cost=0.00..339.55 rows=10711 width=0)
	              Index Cond: ((id >= 8949417) AND (id <= 8959416))

for: order_ranges
table 1 : explain SELECT c FROM sbtest1 WHERE id BETWEEN 3699196 AND 3709195 ORDER BY c
	Sort  (cost=34582.57..34607.11 rows=9815 width=121)
	  Sort Key: c
	  ->  Bitmap Heap Scan on sbtest1  (cost=309.04..33931.80 rows=9815 width=121)
	        Recheck Cond: ((id >= 3699196) AND (id <= 3709195))
	        ->  Bitmap Index Scan on sbtest1_pkey  (cost=0.00..306.58 rows=9815 width=0)
	              Index Cond: ((id >= 3699196) AND (id <= 3709195))

table 2 : explain SELECT c FROM sbtest2 WHERE id BETWEEN 3351453 AND 3361452 ORDER BY c
	Sort  (cost=33908.10..33932.10 rows=9599 width=121)
	  Sort Key: c
	  ->  Bitmap Heap Scan on sbtest2  (cost=306.82..33273.19 rows=9599 width=121)
	        Recheck Cond: ((id >= 3351453) AND (id <= 3361452))
	        ->  Bitmap Index Scan on sbtest2_pkey  (cost=0.00..304.43 rows=9599 width=0)
	              Index Cond: ((id >= 3351453) AND (id <= 3361452))

table 3 : explain SELECT c FROM sbtest3 WHERE id BETWEEN 2143733 AND 2153732 ORDER BY c
	Sort  (cost=35928.86..35954.42 rows=10223 width=121)
	  Sort Key: c
	  ->  Bitmap Heap Scan on sbtest3  (cost=325.22..35248.03 rows=10223 width=121)
	        Recheck Cond: ((id >= 2143733) AND (id <= 2153732))
	        ->  Bitmap Index Scan on sbtest3_pkey  (cost=0.00..322.67 rows=10223 width=0)
	              Index Cond: ((id >= 2143733) AND (id <= 2153732))

table 4 : explain SELECT c FROM sbtest4 WHERE id BETWEEN 6066411 AND 6076410 ORDER BY c
	Sort  (cost=37235.37..37261.74 rows=10546 width=121)
	  Sort Key: c
	  ->  Bitmap Heap Scan on sbtest4  (cost=340.53..36530.67 rows=10546 width=121)
	        Recheck Cond: ((id >= 6066411) AND (id <= 6076410))
	        ->  Bitmap Index Scan on sbtest4_pkey  (cost=0.00..337.90 rows=10546 width=0)
	              Index Cond: ((id >= 6066411) AND (id <= 6076410))

table 5 : explain SELECT c FROM sbtest5 WHERE id BETWEEN 790916 AND 800915 ORDER BY c
	Sort  (cost=32703.70..32726.59 rows=9155 width=121)
	  Sort Key: c
	  ->  Bitmap Heap Scan on sbtest5  (cost=294.27..32101.29 rows=9155 width=121)
	        Recheck Cond: ((id >= 790916) AND (id <= 800915))
	        ->  Bitmap Index Scan on sbtest5_pkey  (cost=0.00..291.99 rows=9155 width=0)
	              Index Cond: ((id >= 790916) AND (id <= 800915))

table 6 : explain SELECT c FROM sbtest6 WHERE id BETWEEN 502227 AND 512226 ORDER BY c
	Sort  (cost=34955.68..34980.46 rows=9911 width=121)
	  Sort Key: c
	  ->  Bitmap Heap Scan on sbtest6  (cost=318.02..34297.85 rows=9911 width=121)
	        Recheck Cond: ((id >= 502227) AND (id <= 512226))
	        ->  Bitmap Index Scan on sbtest6_pkey  (cost=0.00..315.55 rows=9911 width=0)
	              Index Cond: ((id >= 502227) AND (id <= 512226))

table 7 : explain SELECT c FROM sbtest7 WHERE id BETWEEN 8936176 AND 8946175 ORDER BY c
	Sort  (cost=36981.29..37007.71 rows=10567 width=121)
	  Sort Key: c
	  ->  Bitmap Heap Scan on sbtest7  (cost=340.75..36275.03 rows=10567 width=121)
	        Recheck Cond: ((id >= 8936176) AND (id <= 8946175))
	        ->  Bitmap Index Scan on sbtest7_pkey  (cost=0.00..338.11 rows=10567 width=0)
	              Index Cond: ((id >= 8936176) AND (id <= 8946175))

table 8 : explain SELECT c FROM sbtest8 WHERE id BETWEEN 1522964 AND 1532963 ORDER BY c
	Sort  (cost=34564.39..34588.89 rows=9802 width=121)
	  Sort Key: c
	  ->  Bitmap Heap Scan on sbtest8  (cost=316.91..33914.57 rows=9802 width=121)
	        Recheck Cond: ((id >= 1522964) AND (id <= 1532963))
	        ->  Bitmap Index Scan on sbtest8_pkey  (cost=0.00..314.45 rows=9802 width=0)
	              Index Cond: ((id >= 1522964) AND (id <= 1532963))

for: sum_ranges
table 1 : explain SELECT SUM(k) FROM sbtest1 WHERE id BETWEEN 7840569 AND 7850568
	Aggregate  (cost=32443.42..32443.43 rows=1 width=8)
	  ->  Bitmap Heap Scan on sbtest1  (cost=296.13..32420.08 rows=9336 width=4)
	        Recheck Cond: ((id >= 7840569) AND (id <= 7850568))
	        ->  Bitmap Index Scan on sbtest1_pkey  (cost=0.00..293.80 rows=9336 width=0)
	              Index Cond: ((id >= 7840569) AND (id <= 7850568))

table 2 : explain SELECT SUM(k) FROM sbtest2 WHERE id BETWEEN 1810513 AND 1820512
	Aggregate  (cost=34555.16..34555.17 rows=1 width=8)
	  ->  Bitmap Heap Scan on sbtest2  (cost=318.91..34530.17 rows=9998 width=4)
	        Recheck Cond: ((id >= 1810513) AND (id <= 1820512))
	        ->  Bitmap Index Scan on sbtest2_pkey  (cost=0.00..316.42 rows=9998 width=0)
	              Index Cond: ((id >= 1810513) AND (id <= 1820512))

table 3 : explain SELECT SUM(k) FROM sbtest3 WHERE id BETWEEN 8048511 AND 8058510
	Aggregate  (cost=36539.60..36539.61 rows=1 width=8)
	  ->  Bitmap Heap Scan on sbtest3  (cost=341.36..36513.04 rows=10627 width=4)
	        Recheck Cond: ((id >= 8048511) AND (id <= 8058510))
	        ->  Bitmap Index Scan on sbtest3_pkey  (cost=0.00..338.70 rows=10627 width=0)
	              Index Cond: ((id >= 8048511) AND (id <= 8058510))

table 4 : explain SELECT SUM(k) FROM sbtest4 WHERE id BETWEEN 931532 AND 941531
	Aggregate  (cost=31638.35..31638.36 rows=1 width=8)
	  ->  Bitmap Heap Scan on sbtest4  (cost=288.75..31615.84 rows=9006 width=4)
	        Recheck Cond: ((id >= 931532) AND (id <= 941531))
	        ->  Bitmap Index Scan on sbtest4_pkey  (cost=0.00..286.50 rows=9006 width=0)
	              Index Cond: ((id >= 931532) AND (id <= 941531))

table 5 : explain SELECT SUM(k) FROM sbtest5 WHERE id BETWEEN 8356668 AND 8366667
	Aggregate  (cost=34572.11..34572.12 rows=1 width=8)
	  ->  Bitmap Heap Scan on sbtest5  (cost=318.12..34547.31 rows=9920 width=4)
	        Recheck Cond: ((id >= 8356668) AND (id <= 8366667))
	        ->  Bitmap Index Scan on sbtest5_pkey  (cost=0.00..315.63 rows=9920 width=0)
	              Index Cond: ((id >= 8356668) AND (id <= 8366667))

table 6 : explain SELECT SUM(k) FROM sbtest6 WHERE id BETWEEN 4785890 AND 4795889
	Aggregate  (cost=36804.37..36804.38 rows=1 width=8)
	  ->  Bitmap Heap Scan on sbtest6  (cost=342.15..36777.61 rows=10704 width=4)
	        Recheck Cond: ((id >= 4785890) AND (id <= 4795889))
	        ->  Bitmap Index Scan on sbtest6_pkey  (cost=0.00..339.48 rows=10704 width=0)
	              Index Cond: ((id >= 4785890) AND (id <= 4795889))

table 7 : explain SELECT SUM(k) FROM sbtest7 WHERE id BETWEEN 6797936 AND 6807935
	Aggregate  (cost=35207.81..35207.82 rows=1 width=8)
	  ->  Bitmap Heap Scan on sbtest7  (cost=329.15..35182.27 rows=10216 width=4)
	        Recheck Cond: ((id >= 6797936) AND (id <= 6807935))
	        ->  Bitmap Index Scan on sbtest7_pkey  (cost=0.00..326.59 rows=10216 width=0)
	              Index Cond: ((id >= 6797936) AND (id <= 6807935))

table 8 : explain SELECT SUM(k) FROM sbtest8 WHERE id BETWEEN 781890 AND 791889
	Aggregate  (cost=33721.86..33721.87 rows=1 width=8)
	  ->  Bitmap Heap Scan on sbtest8  (cost=312.21..33697.52 rows=9734 width=4)
	        Recheck Cond: ((id >= 781890) AND (id <= 791889))
	        ->  Bitmap Index Scan on sbtest8_pkey  (cost=0.00..309.78 rows=9734 width=0)
	              Index Cond: ((id >= 781890) AND (id <= 791889))

explain: for point_selects :: explain SELECT c FROM sbtest%u WHERE id=%u
for: distinct_ranges
table 1 : explain SELECT DISTINCT c FROM sbtest1 WHERE id BETWEEN 7686436 AND 7696435 ORDER BY c
	Unique  (cost=36495.38..36547.45 rows=10413 width=121)
	  ->  Sort  (cost=36495.38..36521.41 rows=10413 width=121)
	        Sort Key: c
	        ->  Bitmap Heap Scan on sbtest1  (cost=327.17..35800.52 rows=10413 width=121)
	              Recheck Cond: ((id >= 7686436) AND (id <= 7696435))
	              ->  Bitmap Index Scan on sbtest1_pkey  (cost=0.00..324.56 rows=10413 width=0)
	                    Index Cond: ((id >= 7686436) AND (id <= 7696435))

table 2 : explain SELECT DISTINCT c FROM sbtest2 WHERE id BETWEEN 7790855 AND 7800854 ORDER BY c
	Unique  (cost=35138.43..35188.34 rows=9981 width=121)
	  ->  Sort  (cost=35138.43..35163.39 rows=9981 width=121)
	        Sort Key: c
	        ->  Bitmap Heap Scan on sbtest2  (cost=318.74..34475.45 rows=9981 width=121)
	              Recheck Cond: ((id >= 7790855) AND (id <= 7800854))
	              ->  Bitmap Index Scan on sbtest2_pkey  (cost=0.00..316.25 rows=9981 width=0)
	                    Index Cond: ((id >= 7790855) AND (id <= 7800854))

table 3 : explain SELECT DISTINCT c FROM sbtest3 WHERE id BETWEEN 6908431 AND 6918430 ORDER BY c
	Unique  (cost=36928.25..36980.93 rows=10535 width=121)
	  ->  Sort  (cost=36928.25..36954.59 rows=10535 width=121)
	        Sort Key: c
	        ->  Bitmap Heap Scan on sbtest3  (cost=336.42..36224.36 rows=10535 width=121)
	              Recheck Cond: ((id >= 6908431) AND (id <= 6918430))
	              ->  Bitmap Index Scan on sbtest3_pkey  (cost=0.00..333.79 rows=10535 width=0)
	                    Index Cond: ((id >= 6908431) AND (id <= 6918430))

table 4 : explain SELECT DISTINCT c FROM sbtest4 WHERE id BETWEEN 9204249 AND 9214248 ORDER BY c
	Unique  (cost=34583.25..34631.89 rows=9729 width=121)
	  ->  Sort  (cost=34583.25..34607.57 rows=9729 width=121)
	        Sort Key: c
	        ->  Bitmap Heap Scan on sbtest4  (cost=312.16..33938.80 rows=9729 width=121)
	              Recheck Cond: ((id >= 9204249) AND (id <= 9214248))
	              ->  Bitmap Index Scan on sbtest4_pkey  (cost=0.00..309.73 rows=9729 width=0)
	                    Index Cond: ((id >= 9204249) AND (id <= 9214248))

table 5 : explain SELECT DISTINCT c FROM sbtest5 WHERE id BETWEEN 8021011 AND 8031010 ORDER BY c
	Unique  (cost=34762.37..34811.28 rows=9783 width=121)
	  ->  Sort  (cost=34762.37..34786.82 rows=9783 width=121)
	        Sort Key: c
	        ->  Bitmap Heap Scan on sbtest5  (cost=316.71..34113.95 rows=9783 width=121)
	              Recheck Cond: ((id >= 8021011) AND (id <= 8031010))
	              ->  Bitmap Index Scan on sbtest5_pkey  (cost=0.00..314.26 rows=9783 width=0)
	                    Index Cond: ((id >= 8021011) AND (id <= 8031010))

table 6 : explain SELECT DISTINCT c FROM sbtest6 WHERE id BETWEEN 5217720 AND 5227719 ORDER BY c
	Unique  (cost=34233.95..34282.39 rows=9688 width=121)
	  ->  Sort  (cost=34233.95..34258.17 rows=9688 width=121)
	        Sort Key: c
	        ->  Bitmap Heap Scan on sbtest6  (cost=311.74..33592.51 rows=9688 width=121)
	              Recheck Cond: ((id >= 5217720) AND (id <= 5227719))
	              ->  Bitmap Index Scan on sbtest6_pkey  (cost=0.00..309.31 rows=9688 width=0)
	                    Index Cond: ((id >= 5217720) AND (id <= 5227719))

table 7 : explain SELECT DISTINCT c FROM sbtest7 WHERE id BETWEEN 126092 AND 136091 ORDER BY c
	Unique  (cost=33243.71..33290.71 rows=9401 width=121)
	  ->  Sort  (cost=33243.71..33267.21 rows=9401 width=121)
	        Sort Key: c
	        ->  Bitmap Heap Scan on sbtest7  (cost=304.80..32623.31 rows=9401 width=121)
	              Recheck Cond: ((id >= 126092) AND (id <= 136091))
	              ->  Bitmap Index Scan on sbtest7_pkey  (cost=0.00..302.44 rows=9401 width=0)
	                    Index Cond: ((id >= 126092) AND (id <= 136091))

table 8 : explain SELECT DISTINCT c FROM sbtest8 WHERE id BETWEEN 2419547 AND 2429546 ORDER BY c
	Unique  (cost=38383.07..38438.07 rows=10999 width=121)
	  ->  Sort  (cost=38383.07..38410.57 rows=10999 width=121)
	        Sort Key: c
	        ->  Bitmap Heap Scan on sbtest8  (cost=353.17..37644.76 rows=10999 width=121)
	              Recheck Cond: ((id >= 2419547) AND (id <= 2429546))
	              ->  Bitmap Index Scan on sbtest8_pkey  (cost=0.00..350.43 rows=10999 width=0)
	                    Index Cond: ((id >= 2419547) AND (id <= 2429546))

for: sum_ranges
table 1 : explain SELECT SUM(k) FROM sbtest1 WHERE id BETWEEN 8134250 AND 8144249
	Aggregate  (cost=33833.70..33833.71 rows=1 width=8)
	  ->  Bitmap Heap Scan on sbtest1  (cost=308.64..33809.26 rows=9776 width=4)
	        Recheck Cond: ((id >= 8134250) AND (id <= 8144249))
	        ->  Bitmap Index Scan on sbtest1_pkey  (cost=0.00..306.19 rows=9776 width=0)
	              Index Cond: ((id >= 8134250) AND (id <= 8144249))

table 2 : explain SELECT SUM(k) FROM sbtest2 WHERE id BETWEEN 6102715 AND 6112714
	Aggregate  (cost=34948.73..34948.74 rows=1 width=8)
	  ->  Bitmap Heap Scan on sbtest2  (cost=324.20..34923.42 rows=10123 width=4)
	        Recheck Cond: ((id >= 6102715) AND (id <= 6112714))
	        ->  Bitmap Index Scan on sbtest2_pkey  (cost=0.00..321.67 rows=10123 width=0)
	              Index Cond: ((id >= 6102715) AND (id <= 6112714))

table 3 : explain SELECT SUM(k) FROM sbtest3 WHERE id BETWEEN 9576514 AND 9586513
	Aggregate  (cost=35528.23..35528.24 rows=1 width=8)
	  ->  Bitmap Heap Scan on sbtest3  (cost=330.04..35502.47 rows=10303 width=4)
	        Recheck Cond: ((id >= 9576514) AND (id <= 9586513))
	        ->  Bitmap Index Scan on sbtest3_pkey  (cost=0.00..327.46 rows=10303 width=0)
	              Index Cond: ((id >= 9576514) AND (id <= 9586513))

table 4 : explain SELECT SUM(k) FROM sbtest4 WHERE id BETWEEN 2593761 AND 2603760
	Aggregate  (cost=32063.62..32063.63 rows=1 width=8)
	  ->  Bitmap Heap Scan on sbtest4  (cost=294.09..32040.77 rows=9137 width=4)
	        Recheck Cond: ((id >= 2593761) AND (id <= 2603760))
	        ->  Bitmap Index Scan on sbtest4_pkey  (cost=0.00..291.81 rows=9137 width=0)
	              Index Cond: ((id >= 2593761) AND (id <= 2603760))

table 5 : explain SELECT SUM(k) FROM sbtest5 WHERE id BETWEEN 464732 AND 474731
	Aggregate  (cost=36733.34..36733.35 rows=1 width=8)
	  ->  Bitmap Heap Scan on sbtest5  (cost=341.10..36706.84 rows=10601 width=4)
	        Recheck Cond: ((id >= 464732) AND (id <= 474731))
	        ->  Bitmap Index Scan on sbtest5_pkey  (cost=0.00..338.44 rows=10601 width=0)
	              Index Cond: ((id >= 464732) AND (id <= 474731))

table 6 : explain SELECT SUM(k) FROM sbtest6 WHERE id BETWEEN 6229188 AND 6239187
	Aggregate  (cost=33363.17..33363.18 rows=1 width=8)
	  ->  Bitmap Heap Scan on sbtest6  (cost=306.92..33339.15 rows=9608 width=4)
	        Recheck Cond: ((id >= 6229188) AND (id <= 6239187))
	        ->  Bitmap Index Scan on sbtest6_pkey  (cost=0.00..304.51 rows=9608 width=0)
	              Index Cond: ((id >= 6229188) AND (id <= 6239187))

table 7 : explain SELECT SUM(k) FROM sbtest7 WHERE id BETWEEN 4184541 AND 4194540
	Aggregate  (cost=33896.66..33896.67 rows=1 width=8)
	  ->  Bitmap Heap Scan on sbtest7  (cost=316.85..33872.16 rows=9797 width=4)
	        Recheck Cond: ((id >= 4184541) AND (id <= 4194540))
	        ->  Bitmap Index Scan on sbtest7_pkey  (cost=0.00..314.41 rows=9797 width=0)
	              Index Cond: ((id >= 4184541) AND (id <= 4194540))

table 8 : explain SELECT SUM(k) FROM sbtest8 WHERE id BETWEEN 8991782 AND 9001781
	Aggregate  (cost=36777.91..36777.92 rows=1 width=8)
	  ->  Bitmap Heap Scan on sbtest8  (cost=342.22..36751.13 rows=10711 width=4)
	        Recheck Cond: ((id >= 8991782) AND (id <= 9001781))
	        ->  Bitmap Index Scan on sbtest8_pkey  (cost=0.00..339.55 rows=10711 width=0)
	              Index Cond: ((id >= 8991782) AND (id <= 9001781))

for: distinct_ranges
table 1 : explain SELECT DISTINCT c FROM sbtest1 WHERE id BETWEEN 6750926 AND 6760925 ORDER BY c
	Unique  (cost=35328.12..35378.36 rows=10048 width=121)
	  ->  Sort  (cost=35328.12..35353.24 rows=10048 width=121)
	        Sort Key: c
	        ->  Bitmap Heap Scan on sbtest1  (cost=315.43..34660.20 rows=10048 width=121)
	              Recheck Cond: ((id >= 6750926) AND (id <= 6760925))
	              ->  Bitmap Index Scan on sbtest1_pkey  (cost=0.00..312.92 rows=10048 width=0)
	                    Index Cond: ((id >= 6750926) AND (id <= 6760925))

table 2 : explain SELECT DISTINCT c FROM sbtest2 WHERE id BETWEEN 2219910 AND 2229909 ORDER BY c
	Unique  (cost=38712.36..38767.87 rows=11102 width=121)
	  ->  Sort  (cost=38712.36..38740.12 rows=11102 width=121)
	        Sort Key: c
	        ->  Bitmap Heap Scan on sbtest2  (cost=354.23..37966.39 rows=11102 width=121)
	              Recheck Cond: ((id >= 2219910) AND (id <= 2229909))
	              ->  Bitmap Index Scan on sbtest2_pkey  (cost=0.00..351.45 rows=11102 width=0)
	                    Index Cond: ((id >= 2219910) AND (id <= 2229909))

table 3 : explain SELECT DISTINCT c FROM sbtest3 WHERE id BETWEEN 5643374 AND 5653373 ORDER BY c
	Unique  (cost=35500.92..35551.36 rows=10088 width=121)
	  ->  Sort  (cost=35500.92..35526.14 rows=10088 width=121)
	        Sort Key: c
	        ->  Bitmap Heap Scan on sbtest3  (cost=323.84..34830.05 rows=10088 width=121)
	              Recheck Cond: ((id >= 5643374) AND (id <= 5653373))
	              ->  Bitmap Index Scan on sbtest3_pkey  (cost=0.00..321.31 rows=10088 width=0)
	                    Index Cond: ((id >= 5643374) AND (id <= 5653373))

table 4 : explain SELECT DISTINCT c FROM sbtest4 WHERE id BETWEEN 7735545 AND 7745544 ORDER BY c
	Unique  (cost=35511.26..35561.33 rows=10014 width=121)
	  ->  Sort  (cost=35511.26..35536.30 rows=10014 width=121)
	        Sort Key: c
	        ->  Bitmap Heap Scan on sbtest4  (cost=323.08..34845.84 rows=10014 width=121)
	              Recheck Cond: ((id >= 7735545) AND (id <= 7745544))
	              ->  Bitmap Index Scan on sbtest4_pkey  (cost=0.00..320.57 rows=10014 width=0)
	                    Index Cond: ((id >= 7735545) AND (id <= 7745544))

table 5 : explain SELECT DISTINCT c FROM sbtest5 WHERE id BETWEEN 5471802 AND 5481801 ORDER BY c
	Unique  (cost=36164.99..36216.06 rows=10214 width=121)
	  ->  Sort  (cost=36164.99..36190.53 rows=10214 width=121)
	        Sort Key: c
	        ->  Bitmap Heap Scan on sbtest5  (cost=329.13..35484.83 rows=10214 width=121)
	              Recheck Cond: ((id >= 5471802) AND (id <= 5481801))
	              ->  Bitmap Index Scan on sbtest5_pkey  (cost=0.00..326.57 rows=10214 width=0)
	                    Index Cond: ((id >= 5471802) AND (id <= 5481801))

table 6 : explain SELECT DISTINCT c FROM sbtest6 WHERE id BETWEEN 9376977 AND 9386976 ORDER BY c
	Unique  (cost=34693.93..34743.08 rows=9831 width=121)
	  ->  Sort  (cost=34693.93..34718.51 rows=9831 width=121)
	        Sort Key: c
	        ->  Bitmap Heap Scan on sbtest6  (cost=313.20..34041.98 rows=9831 width=121)
	              Recheck Cond: ((id >= 9376977) AND (id <= 9386976))
	              ->  Bitmap Index Scan on sbtest6_pkey  (cost=0.00..310.75 rows=9831 width=0)
	                    Index Cond: ((id >= 9376977) AND (id <= 9386976))

table 7 : explain SELECT DISTINCT c FROM sbtest7 WHERE id BETWEEN 4948119 AND 4958118 ORDER BY c
	Unique  (cost=37520.92..37574.60 rows=10736 width=121)
	  ->  Sort  (cost=37520.92..37547.76 rows=10736 width=121)
	        Sort Key: c
	        ->  Bitmap Heap Scan on sbtest7  (cost=346.48..36802.14 rows=10736 width=121)
	              Recheck Cond: ((id >= 4948119) AND (id <= 4958118))
	              ->  Bitmap Index Scan on sbtest7_pkey  (cost=0.00..343.80 rows=10736 width=0)
	                    Index Cond: ((id >= 4948119) AND (id <= 4958118))

table 8 : explain SELECT DISTINCT c FROM sbtest8 WHERE id BETWEEN 5480099 AND 5490098 ORDER BY c
	Unique  (cost=36051.24..36102.57 rows=10266 width=121)
	  ->  Sort  (cost=36051.24..36076.91 rows=10266 width=121)
	        Sort Key: c
	        ->  Bitmap Heap Scan on sbtest8  (cost=329.66..35367.24 rows=10266 width=121)
	              Recheck Cond: ((id >= 5480099) AND (id <= 5490098))
	              ->  Bitmap Index Scan on sbtest8_pkey  (cost=0.00..327.09 rows=10266 width=0)
	                    Index Cond: ((id >= 5480099) AND (id <= 5490098))

for point_selects
table 1 : explain SELECT c FROM sbtest1 WHERE id=5417438
	Index Scan using sbtest1_pkey on sbtest1  (cost=0.43..8.45 rows=1 width=121)
	  Index Cond: (id = 5417438)

table 2 : explain SELECT c FROM sbtest2 WHERE id=739227
	Index Scan using sbtest2_pkey on sbtest2  (cost=0.43..8.45 rows=1 width=121)
	  Index Cond: (id = 739227)

table 3 : explain SELECT c FROM sbtest3 WHERE id=6116153
	Index Scan using sbtest3_pkey on sbtest3  (cost=0.43..8.45 rows=1 width=121)
	  Index Cond: (id = 6116153)

table 4 : explain SELECT c FROM sbtest4 WHERE id=8090557
	Index Scan using sbtest4_pkey on sbtest4  (cost=0.43..8.45 rows=1 width=121)
	  Index Cond: (id = 8090557)

table 5 : explain SELECT c FROM sbtest5 WHERE id=2530304
	Index Scan using sbtest5_pkey on sbtest5  (cost=0.43..8.45 rows=1 width=121)
	  Index Cond: (id = 2530304)

table 6 : explain SELECT c FROM sbtest6 WHERE id=9516600
	Index Scan using sbtest6_pkey on sbtest6  (cost=0.43..8.45 rows=1 width=121)
	  Index Cond: (id = 9516600)

table 7 : explain SELECT c FROM sbtest7 WHERE id=2237494
	Index Scan using sbtest7_pkey on sbtest7  (cost=0.43..8.45 rows=1 width=121)
	  Index Cond: (id = 2237494)

table 8 : explain SELECT c FROM sbtest8 WHERE id=4189595
	Index Scan using sbtest8_pkey on sbtest8  (cost=0.43..8.45 rows=1 width=121)
	  Index Cond: (id = 4189595)

for: distinct_ranges
table 1 : explain SELECT DISTINCT c FROM sbtest1 WHERE id BETWEEN 833095 AND 843094 ORDER BY c
	Unique  (cost=37533.71..37587.40 rows=10739 width=121)
	  ->  Sort  (cost=37533.71..37560.55 rows=10739 width=121)
	        Sort Key: c
	        ->  Bitmap Heap Scan on sbtest1  (cost=338.51..36814.70 rows=10739 width=121)
	              Recheck Cond: ((id >= 833095) AND (id <= 843094))
	              ->  Bitmap Index Scan on sbtest1_pkey  (cost=0.00..335.82 rows=10739 width=0)
	                    Index Cond: ((id >= 833095) AND (id <= 843094))

table 2 : explain SELECT DISTINCT c FROM sbtest2 WHERE id BETWEEN 7901947 AND 7911946 ORDER BY c
	Unique  (cost=33711.97..33759.66 rows=9539 width=121)
	  ->  Sort  (cost=33711.97..33735.82 rows=9539 width=121)
	        Sort Key: c
	        ->  Bitmap Heap Scan on sbtest2  (cost=302.21..33081.46 rows=9539 width=121)
	              Recheck Cond: ((id >= 7901947) AND (id <= 7911946))
	              ->  Bitmap Index Scan on sbtest2_pkey  (cost=0.00..299.82 rows=9539 width=0)
	                    Index Cond: ((id >= 7901947) AND (id <= 7911946))

table 3 : explain SELECT DISTINCT c FROM sbtest3 WHERE id BETWEEN 4797949 AND 4807948 ORDER BY c
	Unique  (cost=35018.87..35068.56 rows=9938 width=121)
	  ->  Sort  (cost=35018.87..35043.71 rows=9938 width=121)
	        Sort Key: c
	        ->  Bitmap Heap Scan on sbtest3  (cost=318.30..34359.05 rows=9938 width=121)
	              Recheck Cond: ((id >= 4797949) AND (id <= 4807948))
	              ->  Bitmap Index Scan on sbtest3_pkey  (cost=0.00..315.81 rows=9938 width=0)
	                    Index Cond: ((id >= 4797949) AND (id <= 4807948))

table 4 : explain SELECT DISTINCT c FROM sbtest4 WHERE id BETWEEN 8090434 AND 8100433 ORDER BY c
	Unique  (cost=35060.99..35110.37 rows=9876 width=121)
	  ->  Sort  (cost=35060.99..35085.68 rows=9876 width=121)
	        Sort Key: c
	        ->  Bitmap Heap Scan on sbtest4  (cost=317.66..34405.73 rows=9876 width=121)
	              Recheck Cond: ((id >= 8090434) AND (id <= 8100433))
	              ->  Bitmap Index Scan on sbtest4_pkey  (cost=0.00..315.19 rows=9876 width=0)
	                    Index Cond: ((id >= 8090434) AND (id <= 8100433))

table 5 : explain SELECT DISTINCT c FROM sbtest5 WHERE id BETWEEN 5432696 AND 5442695 ORDER BY c
	Unique  (cost=35232.43..35282.07 rows=9928 width=121)
	  ->  Sort  (cost=35232.43..35257.25 rows=9928 width=121)
	        Sort Key: c
	        ->  Bitmap Heap Scan on sbtest5  (cost=318.20..34573.35 rows=9928 width=121)
	              Recheck Cond: ((id >= 5432696) AND (id <= 5442695))
	              ->  Bitmap Index Scan on sbtest5_pkey  (cost=0.00..315.71 rows=9928 width=0)
	                    Index Cond: ((id >= 5432696) AND (id <= 5442695))

table 6 : explain SELECT DISTINCT c FROM sbtest6 WHERE id BETWEEN 6350724 AND 6360723 ORDER BY c
	Unique  (cost=36805.01..36857.45 rows=10488 width=121)
	  ->  Sort  (cost=36805.01..36831.23 rows=10488 width=121)
	        Sort Key: c
	        ->  Bitmap Heap Scan on sbtest6  (cost=335.94..36104.60 rows=10488 width=121)
	              Recheck Cond: ((id >= 6350724) AND (id <= 6360723))
	              ->  Bitmap Index Scan on sbtest6_pkey  (cost=0.00..333.31 rows=10488 width=0)
	                    Index Cond: ((id >= 6350724) AND (id <= 6360723))

table 7 : explain SELECT DISTINCT c FROM sbtest7 WHERE id BETWEEN 4081276 AND 4091275 ORDER BY c
	Unique  (cost=35655.68..35706.44 rows=10151 width=121)
	  ->  Sort  (cost=35655.68..35681.06 rows=10151 width=121)
	        Sort Key: c
	        ->  Bitmap Heap Scan on sbtest7  (cost=328.48..34980.17 rows=10151 width=121)
	              Recheck Cond: ((id >= 4081276) AND (id <= 4091275))
	              ->  Bitmap Index Scan on sbtest7_pkey  (cost=0.00..325.94 rows=10151 width=0)
	                    Index Cond: ((id >= 4081276) AND (id <= 4091275))

table 8 : explain SELECT DISTINCT c FROM sbtest8 WHERE id BETWEEN 4238893 AND 4248892 ORDER BY c
	Unique  (cost=33596.95..33644.47 rows=9503 width=121)
	  ->  Sort  (cost=33596.95..33620.71 rows=9503 width=121)
	        Sort Key: c
	        ->  Bitmap Heap Scan on sbtest8  (cost=305.84..32969.08 rows=9503 width=121)
	              Recheck Cond: ((id >= 4238893) AND (id <= 4248892))
	              ->  Bitmap Index Scan on sbtest8_pkey  (cost=0.00..303.46 rows=9503 width=0)
	                    Index Cond: ((id >= 4238893) AND (id <= 4248892))

for: simple_ranges
table 1 : explain SELECT c FROM sbtest1 WHERE id BETWEEN 2952750 AND 2962749
	Bitmap Heap Scan on sbtest1  (cost=297.52..32847.87 rows=9472 width=121)
	  Recheck Cond: ((id >= 2952750) AND (id <= 2962749))
	  ->  Bitmap Index Scan on sbtest1_pkey  (cost=0.00..295.16 rows=9472 width=0)
	        Index Cond: ((id >= 2952750) AND (id <= 2962749))

table 2 : explain SELECT c FROM sbtest2 WHERE id BETWEEN 6328876 AND 6338875
	Bitmap Heap Scan on sbtest2  (cost=330.37..35585.54 rows=10335 width=121)
	  Recheck Cond: ((id >= 6328876) AND (id <= 6338875))
	  ->  Bitmap Index Scan on sbtest2_pkey  (cost=0.00..327.79 rows=10335 width=0)
	        Index Cond: ((id >= 6328876) AND (id <= 6338875))

table 3 : explain SELECT c FROM sbtest3 WHERE id BETWEEN 7679908 AND 7689907
	Bitmap Heap Scan on sbtest3  (cost=336.41..36221.16 rows=10534 width=121)
	  Recheck Cond: ((id >= 7679908) AND (id <= 7689907))
	  ->  Bitmap Index Scan on sbtest3_pkey  (cost=0.00..333.78 rows=10534 width=0)
	        Index Cond: ((id >= 7679908) AND (id <= 7689907))

table 4 : explain SELECT c FROM sbtest4 WHERE id BETWEEN 6892144 AND 6902143
	Bitmap Heap Scan on sbtest4  (cost=300.05..32655.27 rows=9328 width=121)
	  Recheck Cond: ((id >= 6892144) AND (id <= 6902143))
	  ->  Bitmap Index Scan on sbtest4_pkey  (cost=0.00..297.71 rows=9328 width=0)
	        Index Cond: ((id >= 6892144) AND (id <= 6902143))

table 5 : explain SELECT c FROM sbtest5 WHERE id BETWEEN 3059303 AND 3069302
	Bitmap Heap Scan on sbtest5  (cost=311.97..33881.58 rows=9711 width=121)
	  Recheck Cond: ((id >= 3059303) AND (id <= 3069302))
	  ->  Bitmap Index Scan on sbtest5_pkey  (cost=0.00..309.55 rows=9711 width=0)
	        Index Cond: ((id >= 3059303) AND (id <= 3069302))

table 6 : explain SELECT c FROM sbtest6 WHERE id BETWEEN 8997056 AND 9007055
	Bitmap Heap Scan on sbtest6  (cost=307.39..33481.68 rows=9654 width=121)
	  Recheck Cond: ((id >= 8997056) AND (id <= 9007055))
	  ->  Bitmap Index Scan on sbtest6_pkey  (cost=0.00..304.98 rows=9654 width=0)
	        Index Cond: ((id >= 8997056) AND (id <= 9007055))

table 7 : explain SELECT c FROM sbtest7 WHERE id BETWEEN 8151482 AND 8161481
	Bitmap Heap Scan on sbtest7  (cost=323.51..34680.74 rows=10056 width=121)
	  Recheck Cond: ((id >= 8151482) AND (id <= 8161481))
	  ->  Bitmap Index Scan on sbtest7_pkey  (cost=0.00..321.00 rows=10056 width=0)
	        Index Cond: ((id >= 8151482) AND (id <= 8161481))

table 8 : explain SELECT c FROM sbtest8 WHERE id BETWEEN 1780657 AND 1790656
	Bitmap Heap Scan on sbtest8  (cost=318.64..34443.19 rows=9971 width=121)
	  Recheck Cond: ((id >= 1780657) AND (id <= 1790656))
	  ->  Bitmap Index Scan on sbtest8_pkey  (cost=0.00..316.15 rows=9971 width=0)
	        Index Cond: ((id >= 1780657) AND (id <= 1790656))

for: distinct_ranges
table 1 : explain SELECT DISTINCT c FROM sbtest1 WHERE id BETWEEN 7941645 AND 7951644 ORDER BY c
	Unique  (cost=32126.66..32171.94 rows=9056 width=121)
	  ->  Sort  (cost=32126.66..32149.30 rows=9056 width=121)
	        Sort Key: c
	        ->  Bitmap Heap Scan on sbtest1  (cost=285.26..31531.47 rows=9056 width=121)
	              Recheck Cond: ((id >= 7941645) AND (id <= 7951644))
	              ->  Bitmap Index Scan on sbtest1_pkey  (cost=0.00..283.00 rows=9056 width=0)
	                    Index Cond: ((id >= 7941645) AND (id <= 7951644))

table 2 : explain SELECT DISTINCT c FROM sbtest2 WHERE id BETWEEN 7760072 AND 7770071 ORDER BY c
	Unique  (cost=34010.72..34058.88 rows=9631 width=121)
	  ->  Sort  (cost=34010.72..34034.80 rows=9631 width=121)
	        Sort Key: c
	        ->  Bitmap Heap Scan on sbtest2  (cost=307.15..33373.47 rows=9631 width=121)
	              Recheck Cond: ((id >= 7760072) AND (id <= 7770071))
	              ->  Bitmap Index Scan on sbtest2_pkey  (cost=0.00..304.75 rows=9631 width=0)
	                    Index Cond: ((id >= 7760072) AND (id <= 7770071))

table 3 : explain SELECT DISTINCT c FROM sbtest3 WHERE id BETWEEN 5016523 AND 5026522 ORDER BY c
	Unique  (cost=36379.71..36431.53 rows=10363 width=121)
	  ->  Sort  (cost=36379.71..36405.62 rows=10363 width=121)
	        Sort Key: c
	        ->  Bitmap Heap Scan on sbtest3  (cost=330.66..35688.54 rows=10363 width=121)
	              Recheck Cond: ((id >= 5016523) AND (id <= 5026522))
	              ->  Bitmap Index Scan on sbtest3_pkey  (cost=0.00..328.06 rows=10363 width=0)
	                    Index Cond: ((id >= 5016523) AND (id <= 5026522))

table 4 : explain SELECT DISTINCT c FROM sbtest4 WHERE id BETWEEN 1995916 AND 2005915 ORDER BY c
	Unique  (cost=32809.84..32855.78 rows=9188 width=121)
	  ->  Sort  (cost=32809.84..32832.81 rows=9188 width=121)
	        Sort Key: c
	        ->  Bitmap Heap Scan on sbtest4  (cost=294.61..32205.01 rows=9188 width=121)
	              Recheck Cond: ((id >= 1995916) AND (id <= 2005915))
	              ->  Bitmap Index Scan on sbtest4_pkey  (cost=0.00..292.31 rows=9188 width=0)
	                    Index Cond: ((id >= 1995916) AND (id <= 2005915))

table 5 : explain SELECT DISTINCT c FROM sbtest5 WHERE id BETWEEN 1332364 AND 1342363 ORDER BY c
	Unique  (cost=38274.85..38329.20 rows=10869 width=121)
	  ->  Sort  (cost=38274.85..38302.03 rows=10869 width=121)
	        Sort Key: c
	        ->  Bitmap Heap Scan on sbtest5  (cost=347.84..37546.20 rows=10869 width=121)
	              Recheck Cond: ((id >= 1332364) AND (id <= 1342363))
	              ->  Bitmap Index Scan on sbtest5_pkey  (cost=0.00..345.12 rows=10869 width=0)
	                    Index Cond: ((id >= 1332364) AND (id <= 1342363))

table 6 : explain SELECT DISTINCT c FROM sbtest6 WHERE id BETWEEN 5449708 AND 5459707 ORDER BY c
	Unique  (cost=34260.42..34308.90 rows=9696 width=121)
	  ->  Sort  (cost=34260.42..34284.66 rows=9696 width=121)
	        Sort Key: c
	        ->  Bitmap Heap Scan on sbtest6  (cost=311.82..33618.39 rows=9696 width=121)
	              Recheck Cond: ((id >= 5449708) AND (id <= 5459707))
	              ->  Bitmap Index Scan on sbtest6_pkey  (cost=0.00..309.40 rows=9696 width=0)
	                    Index Cond: ((id >= 5449708) AND (id <= 5459707))

table 7 : explain SELECT DISTINCT c FROM sbtest7 WHERE id BETWEEN 4258409 AND 4268408 ORDER BY c
	Unique  (cost=36059.49..36110.88 rows=10278 width=121)
	  ->  Sort  (cost=36059.49..36085.18 rows=10278 width=121)
	        Sort Key: c
	        ->  Bitmap Heap Scan on sbtest7  (cost=329.78..35374.60 rows=10278 width=121)
	              Recheck Cond: ((id >= 4258409) AND (id <= 4268408))
	              ->  Bitmap Index Scan on sbtest7_pkey  (cost=0.00..327.21 rows=10278 width=0)
	                    Index Cond: ((id >= 4258409) AND (id <= 4268408))

table 8 : explain SELECT DISTINCT c FROM sbtest8 WHERE id BETWEEN 6822786 AND 6832785 ORDER BY c
	Unique  (cost=39444.45..39501.13 rows=11335 width=121)
	  ->  Sort  (cost=39444.45..39472.79 rows=11335 width=121)
	        Sort Key: c
	        ->  Bitmap Heap Scan on sbtest8  (cost=364.62..38681.13 rows=11335 width=121)
	              Recheck Cond: ((id >= 6822786) AND (id <= 6832785))
	              ->  Bitmap Index Scan on sbtest8_pkey  (cost=0.00..361.79 rows=11335 width=0)
	                    Index Cond: ((id >= 6822786) AND (id <= 6832785))

for: sum_ranges
table 1 : explain SELECT SUM(k) FROM sbtest1 WHERE id BETWEEN 1720475 AND 1730474
	Aggregate  (cost=37909.82..37909.83 rows=1 width=8)
	  ->  Bitmap Heap Scan on sbtest1  (cost=350.05..37882.11 rows=11084 width=4)
	        Recheck Cond: ((id >= 1720475) AND (id <= 1730474))
	        ->  Bitmap Index Scan on sbtest1_pkey  (cost=0.00..347.28 rows=11084 width=0)
	              Index Cond: ((id >= 1720475) AND (id <= 1730474))

table 2 : explain SELECT SUM(k) FROM sbtest2 WHERE id BETWEEN 2949252 AND 2959251
	Aggregate  (cost=34122.29..34122.30 rows=1 width=8)
	  ->  Bitmap Heap Scan on sbtest2  (cost=313.51..34097.63 rows=9861 width=4)
	        Recheck Cond: ((id >= 2949252) AND (id <= 2959251))
	        ->  Bitmap Index Scan on sbtest2_pkey  (cost=0.00..311.05 rows=9861 width=0)
	              Index Cond: ((id >= 2949252) AND (id <= 2959251))

table 3 : explain SELECT SUM(k) FROM sbtest3 WHERE id BETWEEN 4052111 AND 4062110
	Aggregate  (cost=35871.68..35871.69 rows=1 width=8)
	  ->  Bitmap Heap Scan on sbtest3  (cost=331.18..35845.65 rows=10414 width=4)
	        Recheck Cond: ((id >= 4052111) AND (id <= 4062110))
	        ->  Bitmap Index Scan on sbtest3_pkey  (cost=0.00..328.57 rows=10414 width=0)
	              Index Cond: ((id >= 4052111) AND (id <= 4062110))

table 4 : explain SELECT SUM(k) FROM sbtest4 WHERE id BETWEEN 4116609 AND 4126608
	Aggregate  (cost=32711.39..32711.40 rows=1 width=8)
	  ->  Bitmap Heap Scan on sbtest4  (cost=300.15..32688.04 rows=9338 width=4)
	        Recheck Cond: ((id >= 4116609) AND (id <= 4126608))
	        ->  Bitmap Index Scan on sbtest4_pkey  (cost=0.00..297.81 rows=9338 width=0)
	              Index Cond: ((id >= 4116609) AND (id <= 4126608))

table 5 : explain SELECT SUM(k) FROM sbtest5 WHERE id BETWEEN 730941 AND 740940
	Aggregate  (cost=32288.55..32288.56 rows=1 width=8)
	  ->  Bitmap Heap Scan on sbtest5  (cost=294.81..32265.53 rows=9207 width=4)
	        Recheck Cond: ((id >= 730941) AND (id <= 740940))
	        ->  Bitmap Index Scan on sbtest5_pkey  (cost=0.00..292.50 rows=9207 width=0)
	              Index Cond: ((id >= 730941) AND (id <= 740940))

table 6 : explain SELECT SUM(k) FROM sbtest6 WHERE id BETWEEN 7155216 AND 7165215
	Aggregate  (cost=35326.07..35326.08 rows=1 width=8)
	  ->  Bitmap Heap Scan on sbtest6  (cost=325.31..35300.49 rows=10232 width=4)
	        Recheck Cond: ((id >= 7155216) AND (id <= 7165215))
	        ->  Bitmap Index Scan on sbtest6_pkey  (cost=0.00..322.75 rows=10232 width=0)
	              Index Cond: ((id >= 7155216) AND (id <= 7165215))

table 7 : explain SELECT SUM(k) FROM sbtest7 WHERE id BETWEEN 796484 AND 806483
	Aggregate  (cost=33022.61..33022.62 rows=1 width=8)
	  ->  Bitmap Heap Scan on sbtest7  (cost=306.03..32998.81 rows=9521 width=4)
	        Recheck Cond: ((id >= 796484) AND (id <= 806483))
	        ->  Bitmap Index Scan on sbtest7_pkey  (cost=0.00..303.65 rows=9521 width=0)
	              Index Cond: ((id >= 796484) AND (id <= 806483))

table 8 : explain SELECT SUM(k) FROM sbtest8 WHERE id BETWEEN 6939988 AND 6949987
	Aggregate  (cost=31632.76..31632.77 rows=1 width=8)
	  ->  Bitmap Heap Scan on sbtest8  (cost=293.44..31610.07 rows=9074 width=4)
	        Recheck Cond: ((id >= 6939988) AND (id <= 6949987))
	        ->  Bitmap Index Scan on sbtest8_pkey  (cost=0.00..291.18 rows=9074 width=0)
	              Index Cond: ((id >= 6939988) AND (id <= 6949987))

for: sum_ranges
table 1 : explain SELECT SUM(k) FROM sbtest1 WHERE id BETWEEN 8118777 AND 8128776
	Aggregate  (cost=33833.70..33833.71 rows=1 width=8)
	  ->  Bitmap Heap Scan on sbtest1  (cost=308.64..33809.26 rows=9776 width=4)
	        Recheck Cond: ((id >= 8118777) AND (id <= 8128776))
	        ->  Bitmap Index Scan on sbtest1_pkey  (cost=0.00..306.19 rows=9776 width=0)
	              Index Cond: ((id >= 8118777) AND (id <= 8128776))

table 2 : explain SELECT SUM(k) FROM sbtest2 WHERE id BETWEEN 9295291 AND 9305290
	Aggregate  (cost=35148.10..35148.11 rows=1 width=8)
	  ->  Bitmap Heap Scan on sbtest2  (cost=324.85..35122.64 rows=10187 width=4)
	        Recheck Cond: ((id >= 9295291) AND (id <= 9305290))
	        ->  Bitmap Index Scan on sbtest2_pkey  (cost=0.00..322.31 rows=10187 width=0)
	              Index Cond: ((id >= 9295291) AND (id <= 9305290))

table 3 : explain SELECT SUM(k) FROM sbtest3 WHERE id BETWEEN 6365318 AND 6375317
	Aggregate  (cost=33422.38..33422.39 rows=1 width=8)
	  ->  Bitmap Heap Scan on sbtest3  (cost=307.18..33398.29 rows=9634 width=4)
	        Recheck Cond: ((id >= 6365318) AND (id <= 6375317))
	        ->  Bitmap Index Scan on sbtest3_pkey  (cost=0.00..304.78 rows=9634 width=0)
	              Index Cond: ((id >= 6365318) AND (id <= 6375317))

table 4 : explain SELECT SUM(k) FROM sbtest4 WHERE id BETWEEN 7814087 AND 7824086
	Aggregate  (cost=35463.29..35463.30 rows=1 width=8)
	  ->  Bitmap Heap Scan on sbtest4  (cost=328.99..35437.79 rows=10200 width=4)
	        Recheck Cond: ((id >= 7814087) AND (id <= 7824086))
	        ->  Bitmap Index Scan on sbtest4_pkey  (cost=0.00..326.44 rows=10200 width=0)
	              Index Cond: ((id >= 7814087) AND (id <= 7824086))

table 5 : explain SELECT SUM(k) FROM sbtest5 WHERE id BETWEEN 6581642 AND 6591641
	Aggregate  (cost=34124.61..34124.62 rows=1 width=8)
	  ->  Bitmap Heap Scan on sbtest5  (cost=312.68..34100.16 rows=9780 width=4)
	        Recheck Cond: ((id >= 6581642) AND (id <= 6591641))
	        ->  Bitmap Index Scan on sbtest5_pkey  (cost=0.00..310.24 rows=9780 width=0)
	              Index Cond: ((id >= 6581642) AND (id <= 6591641))

table 6 : explain SELECT SUM(k) FROM sbtest6 WHERE id BETWEEN 6497389 AND 6507388
	Aggregate  (cost=32888.61..32888.62 rows=1 width=8)
	  ->  Bitmap Heap Scan on sbtest6  (cost=301.39..32864.96 rows=9459 width=4)
	        Recheck Cond: ((id >= 6497389) AND (id <= 6507388))
	        ->  Bitmap Index Scan on sbtest6_pkey  (cost=0.00..299.03 rows=9459 width=0)
	              Index Cond: ((id >= 6497389) AND (id <= 6507388))

table 7 : explain SELECT SUM(k) FROM sbtest7 WHERE id BETWEEN 7123408 AND 7133407
	Aggregate  (cost=37861.84..37861.85 rows=1 width=8)
	  ->  Bitmap Heap Scan on sbtest7  (cost=357.90..37834.16 rows=11070 width=4)
	        Recheck Cond: ((id >= 7123408) AND (id <= 7133407))
	        ->  Bitmap Index Scan on sbtest7_pkey  (cost=0.00..355.13 rows=11070 width=0)
	              Index Cond: ((id >= 7123408) AND (id <= 7133407))

table 8 : explain SELECT SUM(k) FROM sbtest8 WHERE id BETWEEN 578482 AND 588481
	Aggregate  (cost=33038.20..33038.21 rows=1 width=8)
	  ->  Bitmap Heap Scan on sbtest8  (cost=305.98..33014.41 rows=9517 width=4)
	        Recheck Cond: ((id >= 578482) AND (id <= 588481))
	        ->  Bitmap Index Scan on sbtest8_pkey  (cost=0.00..303.61 rows=9517 width=0)
	              Index Cond: ((id >= 578482) AND (id <= 588481))

for: order_ranges
table 1 : explain SELECT c FROM sbtest1 WHERE id BETWEEN 6326763 AND 6336762 ORDER BY c
	Sort  (cost=34338.30..34362.65 rows=9739 width=121)
	  Sort Key: c
	  ->  Bitmap Heap Scan on sbtest1  (cost=308.26..33693.11 rows=9739 width=121)
	        Recheck Cond: ((id >= 6326763) AND (id <= 6336762))
	        ->  Bitmap Index Scan on sbtest1_pkey  (cost=0.00..305.82 rows=9739 width=0)
	              Index Cond: ((id >= 6326763) AND (id <= 6336762))

table 2 : explain SELECT c FROM sbtest2 WHERE id BETWEEN 7508864 AND 7518863 ORDER BY c
	Sort  (cost=34321.67..34345.99 rows=9728 width=121)
	  Sort Key: c
	  ->  Bitmap Heap Scan on sbtest2  (cost=308.15..33677.29 rows=9728 width=121)
	        Recheck Cond: ((id >= 7508864) AND (id <= 7518863))
	        ->  Bitmap Index Scan on sbtest2_pkey  (cost=0.00..305.71 rows=9728 width=0)
	              Index Cond: ((id >= 7508864) AND (id <= 7518863))

table 3 : explain SELECT c FROM sbtest3 WHERE id BETWEEN 2318937 AND 2328936 ORDER BY c
	Sort  (cost=32819.70..32842.85 rows=9259 width=121)
	  Sort Key: c
	  ->  Bitmap Heap Scan on sbtest3  (cost=295.34..32209.69 rows=9259 width=121)
	        Recheck Cond: ((id >= 2318937) AND (id <= 2328936))
	        ->  Bitmap Index Scan on sbtest3_pkey  (cost=0.00..293.03 rows=9259 width=0)
	              Index Cond: ((id >= 2318937) AND (id <= 2328936))

table 4 : explain SELECT c FROM sbtest4 WHERE id BETWEEN 3564177 AND 3574176 ORDER BY c
	Sort  (cost=36747.92..36773.90 rows=10395 width=121)
	  Sort Key: c
	  ->  Bitmap Heap Scan on sbtest4  (cost=334.98..36054.38 rows=10395 width=121)
	        Recheck Cond: ((id >= 3564177) AND (id <= 3574176))
	        ->  Bitmap Index Scan on sbtest4_pkey  (cost=0.00..332.38 rows=10395 width=0)
	              Index Cond: ((id >= 3564177) AND (id <= 3574176))

table 5 : explain SELECT c FROM sbtest5 WHERE id BETWEEN 103788 AND 113787 ORDER BY c
	Sort  (cost=35765.63..35790.86 rows=10092 width=121)
	  Sort Key: c
	  ->  Bitmap Heap Scan on sbtest5  (cost=323.88..35094.47 rows=10092 width=121)
	        Recheck Cond: ((id >= 103788) AND (id <= 113787))
	        ->  Bitmap Index Scan on sbtest5_pkey  (cost=0.00..321.36 rows=10092 width=0)
	              Index Cond: ((id >= 103788) AND (id <= 113787))

table 6 : explain SELECT c FROM sbtest6 WHERE id BETWEEN 8135457 AND 8145456 ORDER BY c
	Sort  (cost=36693.42..36719.56 rows=10453 width=121)
	  Sort Key: c
	  ->  Bitmap Heap Scan on sbtest6  (cost=335.58..35995.60 rows=10453 width=121)
	        Recheck Cond: ((id >= 8135457) AND (id <= 8145456))
	        ->  Bitmap Index Scan on sbtest6_pkey  (cost=0.00..332.96 rows=10453 width=0)
	              Index Cond: ((id >= 8135457) AND (id <= 8145456))

table 7 : explain SELECT c FROM sbtest7 WHERE id BETWEEN 4476843 AND 4486842 ORDER BY c
	Sort  (cost=34409.42..34433.83 rows=9762 width=121)
	  Sort Key: c
	  ->  Bitmap Heap Scan on sbtest7  (cost=316.50..33762.55 rows=9762 width=121)
	        Recheck Cond: ((id >= 4476843) AND (id <= 4486842))
	        ->  Bitmap Index Scan on sbtest7_pkey  (cost=0.00..314.06 rows=9762 width=0)
	              Index Cond: ((id >= 4476843) AND (id <= 4486842))

table 8 : explain SELECT c FROM sbtest8 WHERE id BETWEEN 7902073 AND 7912072 ORDER BY c
	Sort  (cost=34180.29..34204.50 rows=9683 width=121)
	  Sort Key: c
	  ->  Bitmap Heap Scan on sbtest8  (cost=311.69..33539.22 rows=9683 width=121)
	        Recheck Cond: ((id >= 7902073) AND (id <= 7912072))
	        ->  Bitmap Index Scan on sbtest8_pkey  (cost=0.00..309.26 rows=9683 width=0)
	              Index Cond: ((id >= 7902073) AND (id <= 7912072))

for: order_ranges
table 1 : explain SELECT c FROM sbtest1 WHERE id BETWEEN 941497 AND 951496 ORDER BY c
	Sort  (cost=34813.55..34838.27 rows=9888 width=121)
	  Sort Key: c
	  ->  Bitmap Heap Scan on sbtest1  (cost=309.79..34157.41 rows=9888 width=121)
	        Recheck Cond: ((id >= 941497) AND (id <= 951496))
	        ->  Bitmap Index Scan on sbtest1_pkey  (cost=0.00..307.31 rows=9888 width=0)
	              Index Cond: ((id >= 941497) AND (id <= 951496))

table 2 : explain SELECT c FROM sbtest2 WHERE id BETWEEN 8313438 AND 8323437 ORDER BY c
	Sort  (cost=33825.29..33849.22 rows=9573 width=121)
	  Sort Key: c
	  ->  Bitmap Heap Scan on sbtest2  (cost=306.56..33192.28 rows=9573 width=121)
	        Recheck Cond: ((id >= 8313438) AND (id <= 8323437))
	        ->  Bitmap Index Scan on sbtest2_pkey  (cost=0.00..304.17 rows=9573 width=0)
	              Index Cond: ((id >= 8313438) AND (id <= 8323437))

table 3 : explain SELECT c FROM sbtest3 WHERE id BETWEEN 8119148 AND 8129147 ORDER BY c
	Sort  (cost=37809.79..37836.82 rows=10811 width=121)
	  Sort Key: c
	  ->  Bitmap Heap Scan on sbtest3  (cost=347.25..37085.44 rows=10811 width=121)
	        Recheck Cond: ((id >= 8119148) AND (id <= 8129147))
	        ->  Bitmap Index Scan on sbtest3_pkey  (cost=0.00..344.55 rows=10811 width=0)
	              Index Cond: ((id >= 8119148) AND (id <= 8129147))

table 4 : explain SELECT c FROM sbtest4 WHERE id BETWEEN 7670865 AND 7680864 ORDER BY c
	Sort  (cost=36186.69..36212.24 rows=10222 width=121)
	  Sort Key: c
	  ->  Bitmap Heap Scan on sbtest4  (cost=329.21..35505.93 rows=10222 width=121)
	        Recheck Cond: ((id >= 7670865) AND (id <= 7680864))
	        ->  Bitmap Index Scan on sbtest4_pkey  (cost=0.00..326.66 rows=10222 width=0)
	              Index Cond: ((id >= 7670865) AND (id <= 7680864))

table 5 : explain SELECT c FROM sbtest5 WHERE id BETWEEN 4158846 AND 4168845 ORDER BY c
	Sort  (cost=33375.71..33399.11 rows=9360 width=121)
	  Sort Key: c
	  ->  Bitmap Heap Scan on sbtest5  (cost=300.38..32758.31 rows=9360 width=121)
	        Recheck Cond: ((id >= 4158846) AND (id <= 4168845))
	        ->  Bitmap Index Scan on sbtest5_pkey  (cost=0.00..298.04 rows=9360 width=0)
	              Index Cond: ((id >= 4158846) AND (id <= 4168845))

table 6 : explain SELECT c FROM sbtest6 WHERE id BETWEEN 3123483 AND 3133482 ORDER BY c
	Sort  (cost=39395.13..39423.39 rows=11304 width=121)
	  Sort Key: c
	  ->  Bitmap Heap Scan on sbtest6  (cost=360.30..38634.11 rows=11304 width=121)
	        Recheck Cond: ((id >= 3123483) AND (id <= 3133482))
	        ->  Bitmap Index Scan on sbtest6_pkey  (cost=0.00..357.48 rows=11304 width=0)
	              Index Cond: ((id >= 3123483) AND (id <= 3133482))

table 7 : explain SELECT c FROM sbtest7 WHERE id BETWEEN 5520233 AND 5530232 ORDER BY c
	Sort  (cost=37667.77..37694.73 rows=10783 width=121)
	  Sort Key: c
	  ->  Bitmap Heap Scan on sbtest7  (cost=346.96..36945.50 rows=10783 width=121)
	        Recheck Cond: ((id >= 5520233) AND (id <= 5530232))
	        ->  Bitmap Index Scan on sbtest7_pkey  (cost=0.00..344.26 rows=10783 width=0)
	              Index Cond: ((id >= 5520233) AND (id <= 5530232))

table 8 : explain SELECT c FROM sbtest8 WHERE id BETWEEN 8788704 AND 8798703 ORDER BY c
	Sort  (cost=35705.47..35730.87 rows=10159 width=121)
	  Sort Key: c
	  ->  Bitmap Heap Scan on sbtest8  (cost=324.56..35029.36 rows=10159 width=121)
	        Recheck Cond: ((id >= 8788704) AND (id <= 8798703))
	        ->  Bitmap Index Scan on sbtest8_pkey  (cost=0.00..322.03 rows=10159 width=0)
	              Index Cond: ((id >= 8788704) AND (id <= 8798703))

for: distinct_ranges
table 1 : explain SELECT DISTINCT c FROM sbtest1 WHERE id BETWEEN 7280290 AND 7290289 ORDER BY c
	Unique  (cost=34602.45..34651.56 rows=9822 width=121)
	  ->  Sort  (cost=34602.45..34627.01 rows=9822 width=121)
	        Sort Key: c
	        ->  Bitmap Heap Scan on sbtest1  (cost=309.11..33951.16 rows=9822 width=121)
	              Recheck Cond: ((id >= 7280290) AND (id <= 7290289))
	              ->  Bitmap Index Scan on sbtest1_pkey  (cost=0.00..306.66 rows=9822 width=0)
	                    Index Cond: ((id >= 7280290) AND (id <= 7290289))

table 2 : explain SELECT DISTINCT c FROM sbtest2 WHERE id BETWEEN 7157863 AND 7167862 ORDER BY c
	Unique  (cost=38692.86..38748.34 rows=11096 width=121)
	  ->  Sort  (cost=38692.86..38720.60 rows=11096 width=121)
	        Sort Key: c
	        ->  Bitmap Heap Scan on sbtest2  (cost=354.17..37947.33 rows=11096 width=121)
	              Recheck Cond: ((id >= 7157863) AND (id <= 7167862))
	              ->  Bitmap Index Scan on sbtest2_pkey  (cost=0.00..351.40 rows=11096 width=0)
	                    Index Cond: ((id >= 7157863) AND (id <= 7167862))

table 3 : explain SELECT DISTINCT c FROM sbtest3 WHERE id BETWEEN 5399337 AND 5409336 ORDER BY c
	Unique  (cost=33401.84..33449.03 rows=9438 width=121)
	  ->  Sort  (cost=33401.84..33425.44 rows=9438 width=121)
	        Sort Key: c
	        ->  Bitmap Heap Scan on sbtest3  (cost=301.17..32778.73 rows=9438 width=121)
	              Recheck Cond: ((id >= 5399337) AND (id <= 5409336))
	              ->  Bitmap Index Scan on sbtest3_pkey  (cost=0.00..298.81 rows=9438 width=0)
	                    Index Cond: ((id >= 5399337) AND (id <= 5409336))

table 4 : explain SELECT DISTINCT c FROM sbtest4 WHERE id BETWEEN 2614904 AND 2624903 ORDER BY c
	Unique  (cost=32641.87..32687.56 rows=9137 width=121)
	  ->  Sort  (cost=32641.87..32664.72 rows=9137 width=121)
	        Sort Key: c
	        ->  Bitmap Heap Scan on sbtest4  (cost=294.09..32040.77 rows=9137 width=121)
	              Recheck Cond: ((id >= 2614904) AND (id <= 2624903))
	              ->  Bitmap Index Scan on sbtest4_pkey  (cost=0.00..291.81 rows=9137 width=0)
	                    Index Cond: ((id >= 2614904) AND (id <= 2624903))

table 5 : explain SELECT DISTINCT c FROM sbtest5 WHERE id BETWEEN 5398782 AND 5408781 ORDER BY c
	Unique  (cost=35232.43..35282.07 rows=9928 width=121)
	  ->  Sort  (cost=35232.43..35257.25 rows=9928 width=121)
	        Sort Key: c
	        ->  Bitmap Heap Scan on sbtest5  (cost=318.20..34573.35 rows=9928 width=121)
	              Recheck Cond: ((id >= 5398782) AND (id <= 5408781))
	              ->  Bitmap Index Scan on sbtest5_pkey  (cost=0.00..315.71 rows=9928 width=0)
	                    Index Cond: ((id >= 5398782) AND (id <= 5408781))

table 6 : explain SELECT DISTINCT c FROM sbtest6 WHERE id BETWEEN 6750415 AND 6760414 ORDER BY c
	Unique  (cost=37549.71..37603.32 rows=10722 width=121)
	  ->  Sort  (cost=37549.71..37576.51 rows=10722 width=121)
	        Sort Key: c
	        ->  Bitmap Heap Scan on sbtest6  (cost=342.34..36831.96 rows=10722 width=121)
	              Recheck Cond: ((id >= 6750415) AND (id <= 6760414))
	              ->  Bitmap Index Scan on sbtest6_pkey  (cost=0.00..339.66 rows=10722 width=0)
	                    Index Cond: ((id >= 6750415) AND (id <= 6760414))

table 7 : explain SELECT DISTINCT c FROM sbtest7 WHERE id BETWEEN 1853621 AND 1863620 ORDER BY c
	Unique  (cost=33482.25..33529.63 rows=9475 width=121)
	  ->  Sort  (cost=33482.25..33505.94 rows=9475 width=121)
	        Sort Key: c
	        ->  Bitmap Heap Scan on sbtest7  (cost=305.55..32856.43 rows=9475 width=121)
	              Recheck Cond: ((id >= 1853621) AND (id <= 1863620))
	              ->  Bitmap Index Scan on sbtest7_pkey  (cost=0.00..303.19 rows=9475 width=0)
	                    Index Cond: ((id >= 1853621) AND (id <= 1863620))

table 8 : explain SELECT DISTINCT c FROM sbtest8 WHERE id BETWEEN 1008262 AND 1018261 ORDER BY c
	Unique  (cost=36080.77..36132.15 rows=10275 width=121)
	  ->  Sort  (cost=36080.77..36106.46 rows=10275 width=121)
	        Sort Key: c
	        ->  Bitmap Heap Scan on sbtest8  (cost=329.75..35396.11 rows=10275 width=121)
	              Recheck Cond: ((id >= 1008262) AND (id <= 1018261))
	              ->  Bitmap Index Scan on sbtest8_pkey  (cost=0.00..327.19 rows=10275 width=0)
	                    Index Cond: ((id >= 1008262) AND (id <= 1018261))

for: distinct_ranges
table 1 : explain SELECT DISTINCT c FROM sbtest1 WHERE id BETWEEN 6677505 AND 6687504 ORDER BY c
	Unique  (cost=35638.00..35688.72 rows=10144 width=121)
	  ->  Sort  (cost=35638.00..35663.36 rows=10144 width=121)
	        Sort Key: c
	        ->  Bitmap Heap Scan on sbtest1  (cost=320.41..34963.01 rows=10144 width=121)
	              Recheck Cond: ((id >= 6677505) AND (id <= 6687504))
	              ->  Bitmap Index Scan on sbtest1_pkey  (cost=0.00..317.88 rows=10144 width=0)
	                    Index Cond: ((id >= 6677505) AND (id <= 6687504))

table 2 : explain SELECT DISTINCT c FROM sbtest2 WHERE id BETWEEN 6908106 AND 6918105 ORDER BY c
	Unique  (cost=35072.47..35122.27 rows=9960 width=121)
	  ->  Sort  (cost=35072.47..35097.37 rows=9960 width=121)
	        Sort Key: c
	        ->  Bitmap Heap Scan on sbtest2  (cost=318.53..34411.03 rows=9960 width=121)
	              Recheck Cond: ((id >= 6908106) AND (id <= 6918105))
	              ->  Bitmap Index Scan on sbtest2_pkey  (cost=0.00..316.04 rows=9960 width=0)
	                    Index Cond: ((id >= 6908106) AND (id <= 6918105))

table 3 : explain SELECT DISTINCT c FROM sbtest3 WHERE id BETWEEN 8212279 AND 8222278 ORDER BY c
	Unique  (cost=33239.20..33286.14 rows=9388 width=121)
	  ->  Sort  (cost=33239.20..33262.67 rows=9388 width=121)
	        Sort Key: c
	        ->  Bitmap Heap Scan on sbtest3  (cost=300.66..32619.75 rows=9388 width=121)
	              Recheck Cond: ((id >= 8212279) AND (id <= 8222278))
	              ->  Bitmap Index Scan on sbtest3_pkey  (cost=0.00..298.31 rows=9388 width=0)
	                    Index Cond: ((id >= 8212279) AND (id <= 8222278))

table 4 : explain SELECT DISTINCT c FROM sbtest4 WHERE id BETWEEN 5306861 AND 5316860 ORDER BY c
	Unique  (cost=34382.95..34431.29 rows=9668 width=121)
	  ->  Sort  (cost=34382.95..34407.12 rows=9668 width=121)
	        Sort Key: c
	        ->  Bitmap Heap Scan on sbtest4  (cost=311.53..33742.97 rows=9668 width=121)
	              Recheck Cond: ((id >= 5306861) AND (id <= 5316860))
	              ->  Bitmap Index Scan on sbtest4_pkey  (cost=0.00..309.12 rows=9668 width=0)
	                    Index Cond: ((id >= 5306861) AND (id <= 5316860))

table 5 : explain SELECT DISTINCT c FROM sbtest5 WHERE id BETWEEN 8672705 AND 8682704 ORDER BY c
	Unique  (cost=35659.21..35709.50 rows=10059 width=121)
	  ->  Sort  (cost=35659.21..35684.35 rows=10059 width=121)
	        Sort Key: c
	        ->  Bitmap Heap Scan on sbtest5  (cost=323.54..34990.47 rows=10059 width=121)
	              Recheck Cond: ((id >= 8672705) AND (id <= 8682704))
	              ->  Bitmap Index Scan on sbtest5_pkey  (cost=0.00..321.03 rows=10059 width=0)
	                    Index Cond: ((id >= 8672705) AND (id <= 8682704))

table 6 : explain SELECT DISTINCT c FROM sbtest6 WHERE id BETWEEN 9068124 AND 9078123 ORDER BY c
	Unique  (cost=36877.22..36929.78 rows=10511 width=121)
	  ->  Sort  (cost=36877.22..36903.50 rows=10511 width=121)
	        Sort Key: c
	        ->  Bitmap Heap Scan on sbtest6  (cost=336.17..36175.11 rows=10511 width=121)
	              Recheck Cond: ((id >= 9068124) AND (id <= 9078123))
	              ->  Bitmap Index Scan on sbtest6_pkey  (cost=0.00..333.55 rows=10511 width=0)
	                    Index Cond: ((id >= 9068124) AND (id <= 9078123))

table 7 : explain SELECT DISTINCT c FROM sbtest7 WHERE id BETWEEN 3355586 AND 3365585 ORDER BY c
	Unique  (cost=36807.93..36860.49 rows=10512 width=121)
	  ->  Sort  (cost=36807.93..36834.21 rows=10512 width=121)
	        Sort Key: c
	        ->  Bitmap Heap Scan on sbtest7  (cost=340.18..36105.74 rows=10512 width=121)
	              Recheck Cond: ((id >= 3355586) AND (id <= 3365585))
	              ->  Bitmap Index Scan on sbtest7_pkey  (cost=0.00..337.56 rows=10512 width=0)
	                    Index Cond: ((id >= 3355586) AND (id <= 3365585))

table 8 : explain SELECT DISTINCT c FROM sbtest8 WHERE id BETWEEN 7477099 AND 7487098 ORDER BY c
	Unique  (cost=33441.08..33488.35 rows=9454 width=121)
	  ->  Sort  (cost=33441.08..33464.71 rows=9454 width=121)
	        Sort Key: c
	        ->  Bitmap Heap Scan on sbtest8  (cost=305.34..32816.80 rows=9454 width=121)
	              Recheck Cond: ((id >= 7477099) AND (id <= 7487098))
	              ->  Bitmap Index Scan on sbtest8_pkey  (cost=0.00..302.98 rows=9454 width=0)
	                    Index Cond: ((id >= 7477099) AND (id <= 7487098))

for: order_ranges
table 1 : explain SELECT c FROM sbtest1 WHERE id BETWEEN 3247132 AND 3257131 ORDER BY c
	Sort  (cost=33666.20..33690.02 rows=9530 width=121)
	  Sort Key: c
	  ->  Bitmap Heap Scan on sbtest1  (cost=302.12..33036.35 rows=9530 width=121)
	        Recheck Cond: ((id >= 3247132) AND (id <= 3257131))
	        ->  Bitmap Index Scan on sbtest1_pkey  (cost=0.00..299.74 rows=9530 width=0)
	              Index Cond: ((id >= 3247132) AND (id <= 3257131))

table 2 : explain SELECT c FROM sbtest2 WHERE id BETWEEN 7295262 AND 7305261 ORDER BY c
	Sort  (cost=32351.95..32374.74 rows=9119 width=121)
	  Sort Key: c
	  ->  Bitmap Heap Scan on sbtest2  (cost=289.90..31752.16 rows=9119 width=121)
	        Recheck Cond: ((id >= 7295262) AND (id <= 7305261))
	        ->  Bitmap Index Scan on sbtest2_pkey  (cost=0.00..287.62 rows=9119 width=0)
	              Index Cond: ((id >= 7295262) AND (id <= 7305261))

table 3 : explain SELECT c FROM sbtest3 WHERE id BETWEEN 8234755 AND 8244754 ORDER BY c
	Sort  (cost=33239.20..33262.67 rows=9388 width=121)
	  Sort Key: c
	  ->  Bitmap Heap Scan on sbtest3  (cost=300.66..32619.75 rows=9388 width=121)
	        Recheck Cond: ((id >= 8234755) AND (id <= 8244754))
	        ->  Bitmap Index Scan on sbtest3_pkey  (cost=0.00..298.31 rows=9388 width=0)
	              Index Cond: ((id >= 8234755) AND (id <= 8244754))

table 4 : explain SELECT c FROM sbtest4 WHERE id BETWEEN 7295882 AND 7305881 ORDER BY c
	Sort  (cost=33283.73..33307.06 rows=9332 width=121)
	  Sort Key: c
	  ->  Bitmap Heap Scan on sbtest4  (cost=300.09..32668.38 rows=9332 width=121)
	        Recheck Cond: ((id >= 7295882) AND (id <= 7305881))
	        ->  Bitmap Index Scan on sbtest4_pkey  (cost=0.00..297.75 rows=9332 width=0)
	              Index Cond: ((id >= 7295882) AND (id <= 7305881))

table 5 : explain SELECT c FROM sbtest5 WHERE id BETWEEN 3845403 AND 3855402 ORDER BY c
	Sort  (cost=34022.65..34046.54 rows=9557 width=121)
	  Sort Key: c
	  ->  Bitmap Heap Scan on sbtest5  (cost=306.39..33390.82 rows=9557 width=121)
	        Recheck Cond: ((id >= 3845403) AND (id <= 3855402))
	        ->  Bitmap Index Scan on sbtest5_pkey  (cost=0.00..304.00 rows=9557 width=0)
	              Index Cond: ((id >= 3845403) AND (id <= 3855402))

table 6 : explain SELECT c FROM sbtest6 WHERE id BETWEEN 4858409 AND 4868408 ORDER BY c
	Sort  (cost=31051.42..31073.20 rows=8711 width=121)
	  Sort Key: c
	  ->  Bitmap Heap Scan on sbtest6  (cost=277.72..30481.35 rows=8711 width=121)
	        Recheck Cond: ((id >= 4858409) AND (id <= 4868408))
	        ->  Bitmap Index Scan on sbtest6_pkey  (cost=0.00..275.55 rows=8711 width=0)
	              Index Cond: ((id >= 4858409) AND (id <= 4868408))

table 7 : explain SELECT c FROM sbtest7 WHERE id BETWEEN 7304741 AND 7314740 ORDER BY c
	Sort  (cost=34515.02..34539.51 rows=9795 width=121)
	  Sort Key: c
	  ->  Bitmap Heap Scan on sbtest7  (cost=316.83..33865.72 rows=9795 width=121)
	        Recheck Cond: ((id >= 7304741) AND (id <= 7314740))
	        ->  Bitmap Index Scan on sbtest7_pkey  (cost=0.00..314.38 rows=9795 width=0)
	              Index Cond: ((id >= 7304741) AND (id <= 7314740))

table 8 : explain SELECT c FROM sbtest8 WHERE id BETWEEN 686496 AND 696495 ORDER BY c
	Sort  (cost=38725.65..38753.41 rows=11107 width=121)
	  Sort Key: c
	  ->  Bitmap Heap Scan on sbtest8  (cost=358.28..37979.30 rows=11107 width=121)
	        Recheck Cond: ((id >= 686496) AND (id <= 696495))
	        ->  Bitmap Index Scan on sbtest8_pkey  (cost=0.00..355.50 rows=11107 width=0)
	              Index Cond: ((id >= 686496) AND (id <= 696495))

for: simple_ranges
table 1 : explain SELECT c FROM sbtest1 WHERE id BETWEEN 4023597 AND 4033596
	Bitmap Heap Scan on sbtest1  (cost=309.02..33925.35 rows=9813 width=121)
	  Recheck Cond: ((id >= 4023597) AND (id <= 4033596))
	  ->  Bitmap Index Scan on sbtest1_pkey  (cost=0.00..306.56 rows=9813 width=0)
	        Index Cond: ((id >= 4023597) AND (id <= 4033596))

table 2 : explain SELECT c FROM sbtest2 WHERE id BETWEEN 6734315 AND 6744314
	Bitmap Heap Scan on sbtest2  (cost=306.41..33150.19 rows=9559 width=121)
	  Recheck Cond: ((id >= 6734315) AND (id <= 6744314))
	  ->  Bitmap Index Scan on sbtest2_pkey  (cost=0.00..304.03 rows=9559 width=0)
	        Index Cond: ((id >= 6734315) AND (id <= 6744314))

table 3 : explain SELECT c FROM sbtest3 WHERE id BETWEEN 7948198 AND 7958197
	Bitmap Heap Scan on sbtest3  (cost=313.38..34071.23 rows=9848 width=121)
	  Recheck Cond: ((id >= 7948198) AND (id <= 7958197))
	  ->  Bitmap Index Scan on sbtest3_pkey  (cost=0.00..310.92 rows=9848 width=0)
	        Index Cond: ((id >= 7948198) AND (id <= 7958197))

table 4 : explain SELECT c FROM sbtest4 WHERE id BETWEEN 5309391 AND 5319390
	Bitmap Heap Scan on sbtest4  (cost=311.53..33742.97 rows=9668 width=121)
	  Recheck Cond: ((id >= 5309391) AND (id <= 5319390))
	  ->  Bitmap Index Scan on sbtest4_pkey  (cost=0.00..309.12 rows=9668 width=0)
	        Index Cond: ((id >= 5309391) AND (id <= 5319390))

table 5 : explain SELECT c FROM sbtest5 WHERE id BETWEEN 3813261 AND 3823260
	Bitmap Heap Scan on sbtest5  (cost=306.39..33390.82 rows=9557 width=121)
	  Recheck Cond: ((id >= 3813261) AND (id <= 3823260))
	  ->  Bitmap Index Scan on sbtest5_pkey  (cost=0.00..304.00 rows=9557 width=0)
	        Index Cond: ((id >= 3813261) AND (id <= 3823260))

table 6 : explain SELECT c FROM sbtest6 WHERE id BETWEEN 7592216 AND 7602215
	Bitmap Heap Scan on sbtest6  (cost=306.99..33361.82 rows=9615 width=121)
	  Recheck Cond: ((id >= 7592216) AND (id <= 7602215))
	  ->  Bitmap Index Scan on sbtest6_pkey  (cost=0.00..304.58 rows=9615 width=0)
	        Index Cond: ((id >= 7592216) AND (id <= 7602215))

table 7 : explain SELECT c FROM sbtest7 WHERE id BETWEEN 838964 AND 848963
	Bitmap Heap Scan on sbtest7  (cost=353.11..37595.18 rows=10993 width=121)
	  Recheck Cond: ((id >= 838964) AND (id <= 848963))
	  ->  Bitmap Index Scan on sbtest7_pkey  (cost=0.00..350.37 rows=10993 width=0)
	        Index Cond: ((id >= 838964) AND (id <= 848963))

table 8 : explain SELECT c FROM sbtest8 WHERE id BETWEEN 3582759 AND 3592758
	Bitmap Heap Scan on sbtest8  (cost=317.38..34056.52 rows=9848 width=121)
	  Recheck Cond: ((id >= 3582759) AND (id <= 3592758))
	  ->  Bitmap Index Scan on sbtest8_pkey  (cost=0.00..314.92 rows=9848 width=0)
	        Index Cond: ((id >= 3582759) AND (id <= 3592758))

explain: for point_selects :: explain SELECT c FROM sbtest%u WHERE id=%u
for: order_ranges
table 1 : explain SELECT c FROM sbtest1 WHERE id BETWEEN 5978872 AND 5988871 ORDER BY c
	Sort  (cost=33792.08..33816.00 rows=9570 width=121)
	  Sort Key: c
	  ->  Bitmap Heap Scan on sbtest1  (cost=302.53..33159.29 rows=9570 width=121)
	        Recheck Cond: ((id >= 5978872) AND (id <= 5988871))
	        ->  Bitmap Index Scan on sbtest1_pkey  (cost=0.00..300.13 rows=9570 width=0)
	              Index Cond: ((id >= 5978872) AND (id <= 5988871))

table 2 : explain SELECT c FROM sbtest2 WHERE id BETWEEN 7979272 AND 7989271 ORDER BY c
	Sort  (cost=33711.97..33735.82 rows=9539 width=121)
	  Sort Key: c
	  ->  Bitmap Heap Scan on sbtest2  (cost=302.21..33081.46 rows=9539 width=121)
	        Recheck Cond: ((id >= 7979272) AND (id <= 7989271))
	        ->  Bitmap Index Scan on sbtest2_pkey  (cost=0.00..299.82 rows=9539 width=0)
	              Index Cond: ((id >= 7979272) AND (id <= 7989271))

table 3 : explain SELECT c FROM sbtest3 WHERE id BETWEEN 838691 AND 848690 ORDER BY c
	Sort  (cost=35458.14..35483.33 rows=10075 width=121)
	  Sort Key: c
	  ->  Bitmap Heap Scan on sbtest3  (cost=323.70..34788.23 rows=10075 width=121)
	        Recheck Cond: ((id >= 838691) AND (id <= 848690))
	        ->  Bitmap Index Scan on sbtest3_pkey  (cost=0.00..321.19 rows=10075 width=0)
	              Index Cond: ((id >= 838691) AND (id <= 848690))

table 4 : explain SELECT c FROM sbtest4 WHERE id BETWEEN 3260030 AND 3270029 ORDER BY c
	Sort  (cost=36574.82..36600.68 rows=10342 width=121)
	  Sort Key: c
	  ->  Bitmap Heap Scan on sbtest4  (cost=330.44..35885.21 rows=10342 width=121)
	        Recheck Cond: ((id >= 3260030) AND (id <= 3270029))
	        ->  Bitmap Index Scan on sbtest4_pkey  (cost=0.00..327.86 rows=10342 width=0)
	              Index Cond: ((id >= 3260030) AND (id <= 3270029))

table 5 : explain SELECT c FROM sbtest5 WHERE id BETWEEN 9873337 AND 9883336 ORDER BY c
	Sort  (cost=35775.60..35800.84 rows=10095 width=121)
	  Sort Key: c
	  ->  Bitmap Heap Scan on sbtest5  (cost=323.91..35104.21 rows=10095 width=121)
	        Recheck Cond: ((id >= 9873337) AND (id <= 9883336))
	        ->  Bitmap Index Scan on sbtest5_pkey  (cost=0.00..321.38 rows=10095 width=0)
	              Index Cond: ((id >= 9873337) AND (id <= 9883336))

table 6 : explain SELECT c FROM sbtest6 WHERE id BETWEEN 2855794 AND 2865793 ORDER BY c
	Sort  (cost=35553.70..35578.95 rows=10097 width=121)
	  Sort Key: c
	  ->  Bitmap Heap Scan on sbtest6  (cost=323.93..34882.17 rows=10097 width=121)
	        Recheck Cond: ((id >= 2855794) AND (id <= 2865793))
	        ->  Bitmap Index Scan on sbtest6_pkey  (cost=0.00..321.41 rows=10097 width=0)
	              Index Cond: ((id >= 2855794) AND (id <= 2865793))

table 7 : explain SELECT c FROM sbtest7 WHERE id BETWEEN 1531691 AND 1541690 ORDER BY c
	Sort  (cost=36912.60..36938.96 rows=10545 width=121)
	  Sort Key: c
	  ->  Bitmap Heap Scan on sbtest7  (cost=340.52..36207.96 rows=10545 width=121)
	        Recheck Cond: ((id >= 1531691) AND (id <= 1541690))
	        ->  Bitmap Index Scan on sbtest7_pkey  (cost=0.00..337.88 rows=10545 width=0)
	              Index Cond: ((id >= 1531691) AND (id <= 1541690))

table 8 : explain SELECT c FROM sbtest8 WHERE id BETWEEN 5401819 AND 5411818 ORDER BY c
	Sort  (cost=37298.06..37324.71 rows=10657 width=121)
	  Sort Key: c
	  ->  Bitmap Heap Scan on sbtest8  (cost=341.67..36585.14 rows=10657 width=121)
	        Recheck Cond: ((id >= 5401819) AND (id <= 5411818))
	        ->  Bitmap Index Scan on sbtest8_pkey  (cost=0.00..339.00 rows=10657 width=0)
	              Index Cond: ((id >= 5401819) AND (id <= 5411818))

for point_selects
table 1 : explain SELECT c FROM sbtest1 WHERE id=4427193
	Index Scan using sbtest1_pkey on sbtest1  (cost=0.43..8.45 rows=1 width=121)
	  Index Cond: (id = 4427193)

table 2 : explain SELECT c FROM sbtest2 WHERE id=8724350
	Index Scan using sbtest2_pkey on sbtest2  (cost=0.43..8.45 rows=1 width=121)
	  Index Cond: (id = 8724350)

table 3 : explain SELECT c FROM sbtest3 WHERE id=320434
	Index Scan using sbtest3_pkey on sbtest3  (cost=0.43..8.45 rows=1 width=121)
	  Index Cond: (id = 320434)

table 4 : explain SELECT c FROM sbtest4 WHERE id=1141674
	Index Scan using sbtest4_pkey on sbtest4  (cost=0.43..8.45 rows=1 width=121)
	  Index Cond: (id = 1141674)

table 5 : explain SELECT c FROM sbtest5 WHERE id=108833
	Index Scan using sbtest5_pkey on sbtest5  (cost=0.43..8.45 rows=1 width=121)
	  Index Cond: (id = 108833)

table 6 : explain SELECT c FROM sbtest6 WHERE id=218944
	Index Scan using sbtest6_pkey on sbtest6  (cost=0.43..8.45 rows=1 width=121)
	  Index Cond: (id = 218944)

table 7 : explain SELECT c FROM sbtest7 WHERE id=3389382
	Index Scan using sbtest7_pkey on sbtest7  (cost=0.43..8.45 rows=1 width=121)
	  Index Cond: (id = 3389382)

table 8 : explain SELECT c FROM sbtest8 WHERE id=2265557
	Index Scan using sbtest8_pkey on sbtest8  (cost=0.43..8.45 rows=1 width=121)
	  Index Cond: (id = 2265557)

for: distinct_ranges
table 1 : explain SELECT DISTINCT c FROM sbtest1 WHERE id BETWEEN 6702110 AND 6712109 ORDER BY c
	Unique  (cost=35638.00..35688.72 rows=10144 width=121)
	  ->  Sort  (cost=35638.00..35663.36 rows=10144 width=121)
	        Sort Key: c
	        ->  Bitmap Heap Scan on sbtest1  (cost=320.41..34963.01 rows=10144 width=121)
	              Recheck Cond: ((id >= 6702110) AND (id <= 6712109))
	              ->  Bitmap Index Scan on sbtest1_pkey  (cost=0.00..317.88 rows=10144 width=0)
	                    Index Cond: ((id >= 6702110) AND (id <= 6712109))

table 2 : explain SELECT DISTINCT c FROM sbtest2 WHERE id BETWEEN 291481 AND 301480 ORDER BY c
	Unique  (cost=36307.43..36359.15 rows=10345 width=121)
	  ->  Sort  (cost=36307.43..36333.29 rows=10345 width=121)
	        Sort Key: c
	        ->  Bitmap Heap Scan on sbtest2  (cost=330.47..35617.59 rows=10345 width=121)
	              Recheck Cond: ((id >= 291481) AND (id <= 301480))
	              ->  Bitmap Index Scan on sbtest2_pkey  (cost=0.00..327.88 rows=10345 width=0)
	                    Index Cond: ((id >= 291481) AND (id <= 301480))

table 3 : explain SELECT DISTINCT c FROM sbtest3 WHERE id BETWEEN 1140215 AND 1150214 ORDER BY c
	Unique  (cost=33793.95..33841.74 rows=9559 width=121)
	  ->  Sort  (cost=33793.95..33817.85 rows=9559 width=121)
	        Sort Key: c
	        ->  Bitmap Heap Scan on sbtest3  (cost=306.41..33161.97 rows=9559 width=121)
	              Recheck Cond: ((id >= 1140215) AND (id <= 1150214))
	              ->  Bitmap Index Scan on sbtest3_pkey  (cost=0.00..304.03 rows=9559 width=0)
	                    Index Cond: ((id >= 1140215) AND (id <= 1150214))

table 4 : explain SELECT DISTINCT c FROM sbtest4 WHERE id BETWEEN 2442621 AND 2452620 ORDER BY c
	Unique  (cost=34556.56..34605.17 rows=9721 width=121)
	  ->  Sort  (cost=34556.56..34580.87 rows=9721 width=121)
	        Sort Key: c
	        ->  Bitmap Heap Scan on sbtest4  (cost=312.08..33912.70 rows=9721 width=121)
	              Recheck Cond: ((id >= 2442621) AND (id <= 2452620))
	              ->  Bitmap Index Scan on sbtest4_pkey  (cost=0.00..309.65 rows=9721 width=0)
	                    Index Cond: ((id >= 2442621) AND (id <= 2452620))

table 5 : explain SELECT DISTINCT c FROM sbtest5 WHERE id BETWEEN 4227468 AND 4237467 ORDER BY c
	Unique  (cost=36387.48..36438.90 rows=10284 width=121)
	  ->  Sort  (cost=36387.48..36413.19 rows=10284 width=121)
	        Sort Key: c
	        ->  Bitmap Heap Scan on sbtest5  (cost=329.85..35702.15 rows=10284 width=121)
	              Recheck Cond: ((id >= 4227468) AND (id <= 4237467))
	              ->  Bitmap Index Scan on sbtest5_pkey  (cost=0.00..327.28 rows=10284 width=0)
	                    Index Cond: ((id >= 4227468) AND (id <= 4237467))

table 6 : explain SELECT DISTINCT c FROM sbtest6 WHERE id BETWEEN 9392825 AND 9402824 ORDER BY c
	Unique  (cost=34693.93..34743.08 rows=9831 width=121)
	  ->  Sort  (cost=34693.93..34718.51 rows=9831 width=121)
	        Sort Key: c
	        ->  Bitmap Heap Scan on sbtest6  (cost=313.20..34041.98 rows=9831 width=121)
	              Recheck Cond: ((id >= 9392825) AND (id <= 9402824))
	              ->  Bitmap Index Scan on sbtest6_pkey  (cost=0.00..310.75 rows=9831 width=0)
	                    Index Cond: ((id >= 9392825) AND (id <= 9402824))

table 7 : explain SELECT DISTINCT c FROM sbtest7 WHERE id BETWEEN 6725585 AND 6735584 ORDER BY c
	Unique  (cost=35862.58..35913.66 rows=10216 width=121)
	  ->  Sort  (cost=35862.58..35888.12 rows=10216 width=121)
	        Sort Key: c
	        ->  Bitmap Heap Scan on sbtest7  (cost=329.15..35182.27 rows=10216 width=121)
	              Recheck Cond: ((id >= 6725585) AND (id <= 6735584))
	              ->  Bitmap Index Scan on sbtest7_pkey  (cost=0.00..326.59 rows=10216 width=0)
	                    Index Cond: ((id >= 6725585) AND (id <= 6735584))

table 8 : explain SELECT DISTINCT c FROM sbtest8 WHERE id BETWEEN 1386544 AND 1396543 ORDER BY c
	Unique  (cost=33613.51..33661.05 rows=9508 width=121)
	  ->  Sort  (cost=33613.51..33637.28 rows=9508 width=121)
	        Sort Key: c
	        ->  Bitmap Heap Scan on sbtest8  (cost=305.89..32985.27 rows=9508 width=121)
	              Recheck Cond: ((id >= 1386544) AND (id <= 1396543))
	              ->  Bitmap Index Scan on sbtest8_pkey  (cost=0.00..303.51 rows=9508 width=0)
	                    Index Cond: ((id >= 1386544) AND (id <= 1396543))

for: distinct_ranges
table 1 : explain SELECT DISTINCT c FROM sbtest1 WHERE id BETWEEN 8316697 AND 8326696 ORDER BY c
	Unique  (cost=34880.13..34929.66 rows=9907 width=121)
	  ->  Sort  (cost=34880.13..34904.89 rows=9907 width=121)
	        Sort Key: c
	        ->  Bitmap Heap Scan on sbtest1  (cost=313.98..34222.59 rows=9907 width=121)
	              Recheck Cond: ((id >= 8316697) AND (id <= 8326696))
	              ->  Bitmap Index Scan on sbtest1_pkey  (cost=0.00..311.50 rows=9907 width=0)
	                    Index Cond: ((id >= 8316697) AND (id <= 8326696))

table 2 : explain SELECT DISTINCT c FROM sbtest2 WHERE id BETWEEN 1263296 AND 1273295 ORDER BY c
	Unique  (cost=37107.91..37160.89 rows=10597 width=121)
	  ->  Sort  (cost=37107.91..37134.40 rows=10597 width=121)
	        Sort Key: c
	        ->  Bitmap Heap Scan on sbtest2  (cost=337.05..36399.42 rows=10597 width=121)
	              Recheck Cond: ((id >= 1263296) AND (id <= 1273295))
	              ->  Bitmap Index Scan on sbtest2_pkey  (cost=0.00..334.41 rows=10597 width=0)
	                    Index Cond: ((id >= 1263296) AND (id <= 1273295))

table 3 : explain SELECT DISTINCT c FROM sbtest3 WHERE id BETWEEN 5700607 AND 5710606 ORDER BY c
	Unique  (cost=38853.97..38909.68 rows=11142 width=121)
	  ->  Sort  (cost=38853.97..38881.82 rows=11142 width=121)
	        Sort Key: c
	        ->  Bitmap Heap Scan on sbtest3  (cost=354.64..38105.02 rows=11142 width=121)
	              Recheck Cond: ((id >= 5700607) AND (id <= 5710606))
	              ->  Bitmap Index Scan on sbtest3_pkey  (cost=0.00..351.86 rows=11142 width=0)
	                    Index Cond: ((id >= 5700607) AND (id <= 5710606))

table 4 : explain SELECT DISTINCT c FROM sbtest4 WHERE id BETWEEN 8171154 AND 8181153 ORDER BY c
	Unique  (cost=35564.45..35614.60 rows=10030 width=121)
	  ->  Sort  (cost=35564.45..35589.53 rows=10030 width=121)
	        Sort Key: c
	        ->  Bitmap Heap Scan on sbtest4  (cost=323.24..34897.86 rows=10030 width=121)
	              Recheck Cond: ((id >= 8171154) AND (id <= 8181153))
	              ->  Bitmap Index Scan on sbtest4_pkey  (cost=0.00..320.74 rows=10030 width=0)
	                    Index Cond: ((id >= 8171154) AND (id <= 8181153))

table 5 : explain SELECT DISTINCT c FROM sbtest5 WHERE id BETWEEN 5034630 AND 5044629 ORDER BY c
	Unique  (cost=37428.83..37481.86 rows=10605 width=121)
	  ->  Sort  (cost=37428.83..37455.34 rows=10605 width=121)
	        Sort Key: c
	        ->  Bitmap Heap Scan on sbtest5  (cost=341.14..36719.76 rows=10605 width=121)
	              Recheck Cond: ((id >= 5034630) AND (id <= 5044629))
	              ->  Bitmap Index Scan on sbtest5_pkey  (cost=0.00..338.49 rows=10605 width=0)
	                    Index Cond: ((id >= 5034630) AND (id <= 5044629))

table 6 : explain SELECT DISTINCT c FROM sbtest6 WHERE id BETWEEN 8605346 AND 8615345 ORDER BY c
	Unique  (cost=32587.29..32633.19 rows=9180 width=121)
	  ->  Sort  (cost=32587.29..32610.24 rows=9180 width=121)
	        Sort Key: c
	        ->  Bitmap Heap Scan on sbtest6  (cost=294.53..31983.05 rows=9180 width=121)
	              Recheck Cond: ((id >= 8605346) AND (id <= 8615345))
	              ->  Bitmap Index Scan on sbtest6_pkey  (cost=0.00..292.24 rows=9180 width=0)
	                    Index Cond: ((id >= 8605346) AND (id <= 8615345))

table 7 : explain SELECT DISTINCT c FROM sbtest7 WHERE id BETWEEN 4676289 AND 4686288 ORDER BY c
	Unique  (cost=36043.10..36094.46 rows=10273 width=121)
	  ->  Sort  (cost=36043.10..36068.78 rows=10273 width=121)
	        Sort Key: c
	        ->  Bitmap Heap Scan on sbtest7  (cost=329.73..35358.58 rows=10273 width=121)
	              Recheck Cond: ((id >= 4676289) AND (id <= 4686288))
	              ->  Bitmap Index Scan on sbtest7_pkey  (cost=0.00..327.17 rows=10273 width=0)
	                    Index Cond: ((id >= 4676289) AND (id <= 4686288))

table 8 : explain SELECT DISTINCT c FROM sbtest8 WHERE id BETWEEN 7076869 AND 7086868 ORDER BY c
	Unique  (cost=33802.37..33850.20 rows=9567 width=121)
	  ->  Sort  (cost=33802.37..33826.29 rows=9567 width=121)
	        Sort Key: c
	        ->  Bitmap Heap Scan on sbtest8  (cost=306.50..33169.81 rows=9567 width=121)
	              Recheck Cond: ((id >= 7076869) AND (id <= 7086868))
	              ->  Bitmap Index Scan on sbtest8_pkey  (cost=0.00..304.11 rows=9567 width=0)
	                    Index Cond: ((id >= 7076869) AND (id <= 7086868))

for: order_ranges
table 1 : explain SELECT c FROM sbtest1 WHERE id BETWEEN 4542146 AND 4552145 ORDER BY c
	Sort  (cost=34793.68..34818.39 rows=9881 width=121)
	  Sort Key: c
	  ->  Bitmap Heap Scan on sbtest1  (cost=309.72..34138.06 rows=9881 width=121)
	        Recheck Cond: ((id >= 4542146) AND (id <= 4552145))
	        ->  Bitmap Index Scan on sbtest1_pkey  (cost=0.00..307.25 rows=9881 width=0)
	              Index Cond: ((id >= 4542146) AND (id <= 4552145))

table 2 : explain SELECT c FROM sbtest2 WHERE id BETWEEN 7856046 AND 7866045 ORDER BY c
	Sort  (cost=35138.43..35163.39 rows=9981 width=121)
	  Sort Key: c
	  ->  Bitmap Heap Scan on sbtest2  (cost=318.74..34475.45 rows=9981 width=121)
	        Recheck Cond: ((id >= 7856046) AND (id <= 7866045))
	        ->  Bitmap Index Scan on sbtest2_pkey  (cost=0.00..316.25 rows=9981 width=0)
	              Index Cond: ((id >= 7856046) AND (id <= 7866045))

table 3 : explain SELECT c FROM sbtest3 WHERE id BETWEEN 868583 AND 878582 ORDER BY c
	Sort  (cost=35458.14..35483.33 rows=10075 width=121)
	  Sort Key: c
	  ->  Bitmap Heap Scan on sbtest3  (cost=323.70..34788.23 rows=10075 width=121)
	        Recheck Cond: ((id >= 868583) AND (id <= 878582))
	        ->  Bitmap Index Scan on sbtest3_pkey  (cost=0.00..321.19 rows=10075 width=0)
	              Index Cond: ((id >= 868583) AND (id <= 878582))

table 4 : explain SELECT c FROM sbtest4 WHERE id BETWEEN 7336551 AND 7346550 ORDER BY c
	Sort  (cost=35014.27..35038.92 rows=9861 width=121)
	  Sort Key: c
	  ->  Bitmap Heap Scan on sbtest4  (cost=317.51..34360.12 rows=9861 width=121)
	        Recheck Cond: ((id >= 7336551) AND (id <= 7346550))
	        ->  Bitmap Index Scan on sbtest4_pkey  (cost=0.00..315.05 rows=9861 width=0)
	              Index Cond: ((id >= 7336551) AND (id <= 7346550))

table 5 : explain SELECT c FROM sbtest5 WHERE id BETWEEN 3672131 AND 3682130 ORDER BY c
	Sort  (cost=35102.50..35127.22 rows=9888 width=121)
	  Sort Key: c
	  ->  Bitmap Heap Scan on sbtest5  (cost=317.79..34446.36 rows=9888 width=121)
	        Recheck Cond: ((id >= 3672131) AND (id <= 3682130))
	        ->  Bitmap Index Scan on sbtest5_pkey  (cost=0.00..315.31 rows=9888 width=0)
	              Index Cond: ((id >= 3672131) AND (id <= 3682130))

table 6 : explain SELECT c FROM sbtest6 WHERE id BETWEEN 9351067 AND 9361066 ORDER BY c
	Sort  (cost=34693.93..34718.51 rows=9831 width=121)
	  Sort Key: c
	  ->  Bitmap Heap Scan on sbtest6  (cost=313.20..34041.98 rows=9831 width=121)
	        Recheck Cond: ((id >= 9351067) AND (id <= 9361066))
	        ->  Bitmap Index Scan on sbtest6_pkey  (cost=0.00..310.75 rows=9831 width=0)
	              Index Cond: ((id >= 9351067) AND (id <= 9361066))

table 7 : explain SELECT c FROM sbtest7 WHERE id BETWEEN 9358530 AND 9368529 ORDER BY c
	Sort  (cost=39137.08..39165.19 rows=11247 width=121)
	  Sort Key: c
	  ->  Bitmap Heap Scan on sbtest7  (cost=363.72..38380.31 rows=11247 width=121)
	        Recheck Cond: ((id >= 9358530) AND (id <= 9368529))
	        ->  Bitmap Index Scan on sbtest7_pkey  (cost=0.00..360.91 rows=11247 width=0)
	              Index Cond: ((id >= 9358530) AND (id <= 9368529))

table 8 : explain SELECT c FROM sbtest8 WHERE id BETWEEN 1066053 AND 1076052 ORDER BY c
	Sort  (cost=37258.86..37285.47 rows=10645 width=121)
	  Sort Key: c
	  ->  Bitmap Heap Scan on sbtest8  (cost=341.55..36546.82 rows=10645 width=121)
	        Recheck Cond: ((id >= 1066053) AND (id <= 1076052))
	        ->  Bitmap Index Scan on sbtest8_pkey  (cost=0.00..338.88 rows=10645 width=0)
	              Index Cond: ((id >= 1066053) AND (id <= 1076052))

for: sum_ranges
table 1 : explain SELECT SUM(k) FROM sbtest1 WHERE id BETWEEN 5736304 AND 5746303
	Aggregate  (cost=31981.26..31981.27 rows=1 width=8)
	  ->  Bitmap Heap Scan on sbtest1  (cost=290.63..31958.29 rows=9190 width=4)
	        Recheck Cond: ((id >= 5736304) AND (id <= 5746303))
	        ->  Bitmap Index Scan on sbtest1_pkey  (cost=0.00..288.33 rows=9190 width=0)
	              Index Cond: ((id >= 5736304) AND (id <= 5746303))

table 2 : explain SELECT SUM(k) FROM sbtest2 WHERE id BETWEEN 6833354 AND 6843353
	Aggregate  (cost=32449.14..32449.15 rows=1 width=8)
	  ->  Bitmap Heap Scan on sbtest2  (cost=296.09..32425.81 rows=9332 width=4)
	        Recheck Cond: ((id >= 6833354) AND (id <= 6843353))
	        ->  Bitmap Index Scan on sbtest2_pkey  (cost=0.00..293.75 rows=9332 width=0)
	              Index Cond: ((id >= 6833354) AND (id <= 6843353))

table 3 : explain SELECT SUM(k) FROM sbtest3 WHERE id BETWEEN 7473858 AND 7483857
	Aggregate  (cost=36750.67..36750.68 rows=1 width=8)
	  ->  Bitmap Heap Scan on sbtest3  (cost=342.06..36723.93 rows=10695 width=4)
	        Recheck Cond: ((id >= 7473858) AND (id <= 7483857))
	        ->  Bitmap Index Scan on sbtest3_pkey  (cost=0.00..339.38 rows=10695 width=0)
	              Index Cond: ((id >= 7473858) AND (id <= 7483857))

table 4 : explain SELECT SUM(k) FROM sbtest4 WHERE id BETWEEN 8927420 AND 8937419
	Aggregate  (cost=36397.72..36397.73 rows=1 width=8)
	  ->  Bitmap Heap Scan on sbtest4  (cost=336.02..36371.48 rows=10496 width=4)
	        Recheck Cond: ((id >= 8927420) AND (id <= 8937419))
	        ->  Bitmap Index Scan on sbtest4_pkey  (cost=0.00..333.40 rows=10496 width=0)
	              Index Cond: ((id >= 8927420) AND (id <= 8937419))

table 5 : explain SELECT SUM(k) FROM sbtest5 WHERE id BETWEEN 869082 AND 879081
	Aggregate  (cost=31910.38..31910.39 rows=1 width=8)
	  ->  Bitmap Heap Scan on sbtest5  (cost=293.60..31887.66 rows=9089 width=4)
	        Recheck Cond: ((id >= 869082) AND (id <= 879081))
	        ->  Bitmap Index Scan on sbtest5_pkey  (cost=0.00..291.32 rows=9089 width=0)
	              Index Cond: ((id >= 869082) AND (id <= 879081))

table 6 : explain SELECT SUM(k) FROM sbtest6 WHERE id BETWEEN 5631002 AND 5641001
	Aggregate  (cost=34413.06..34413.07 rows=1 width=8)
	  ->  Bitmap Heap Scan on sbtest6  (cost=318.32..34388.21 rows=9940 width=4)
	        Recheck Cond: ((id >= 5631002) AND (id <= 5641001))
	        ->  Bitmap Index Scan on sbtest6_pkey  (cost=0.00..315.83 rows=9940 width=0)
	              Index Cond: ((id >= 5631002) AND (id <= 5641001))

table 7 : explain SELECT SUM(k) FROM sbtest7 WHERE id BETWEEN 3814409 AND 3824408
	Aggregate  (cost=32256.69..32256.70 rows=1 width=8)
	  ->  Bitmap Heap Scan on sbtest7  (cost=299.53..32233.50 rows=9278 width=4)
	        Recheck Cond: ((id >= 3814409) AND (id <= 3824408))
	        ->  Bitmap Index Scan on sbtest7_pkey  (cost=0.00..297.21 rows=9278 width=0)
	              Index Cond: ((id >= 3814409) AND (id <= 3824408))

table 8 : explain SELECT SUM(k) FROM sbtest8 WHERE id BETWEEN 2458358 AND 2468357
	Aggregate  (cost=37672.26..37672.27 rows=1 width=8)
	  ->  Bitmap Heap Scan on sbtest8  (cost=353.17..37644.76 rows=10999 width=4)
	        Recheck Cond: ((id >= 2458358) AND (id <= 2468357))
	        ->  Bitmap Index Scan on sbtest8_pkey  (cost=0.00..350.43 rows=10999 width=0)
	              Index Cond: ((id >= 2458358) AND (id <= 2468357))

for: distinct_ranges
table 1 : explain SELECT DISTINCT c FROM sbtest1 WHERE id BETWEEN 7740763 AND 7750762 ORDER BY c
	Unique  (cost=36259.28..36310.97 rows=10338 width=121)
	  ->  Sort  (cost=36259.28..36285.12 rows=10338 width=121)
	        Sort Key: c
	        ->  Bitmap Heap Scan on sbtest1  (cost=326.40..35569.96 rows=10338 width=121)
	              Recheck Cond: ((id >= 7740763) AND (id <= 7750762))
	              ->  Bitmap Index Scan on sbtest1_pkey  (cost=0.00..323.81 rows=10338 width=0)
	                    Index Cond: ((id >= 7740763) AND (id <= 7750762))

table 2 : explain SELECT DISTINCT c FROM sbtest2 WHERE id BETWEEN 68253 AND 78252 ORDER BY c
	Unique  (cost=32048.79..32093.92 rows=9026 width=121)
	  ->  Sort  (cost=32048.79..32071.36 rows=9026 width=121)
	        Sort Key: c
	        ->  Bitmap Heap Scan on sbtest2  (cost=288.95..31455.79 rows=9026 width=121)
	              Recheck Cond: ((id >= 68253) AND (id <= 78252))
	              ->  Bitmap Index Scan on sbtest2_pkey  (cost=0.00..286.69 rows=9026 width=0)
	                    Index Cond: ((id >= 68253) AND (id <= 78252))

table 3 : explain SELECT DISTINCT c FROM sbtest3 WHERE id BETWEEN 7958269 AND 7968268 ORDER BY c
	Unique  (cost=34863.79..34913.24 rows=9890 width=121)
	  ->  Sort  (cost=34863.79..34888.52 rows=9890 width=121)
	        Sort Key: c
	        ->  Bitmap Heap Scan on sbtest3  (cost=317.81..34207.50 rows=9890 width=121)
	              Recheck Cond: ((id >= 7958269) AND (id <= 7968268))
	              ->  Bitmap Index Scan on sbtest3_pkey  (cost=0.00..315.33 rows=9890 width=0)
	                    Index Cond: ((id >= 7958269) AND (id <= 7968268))

table 4 : explain SELECT DISTINCT c FROM sbtest4 WHERE id BETWEEN 9665297 AND 9675296 ORDER BY c
	Unique  (cost=33917.55..33965.18 rows=9526 width=121)
	  ->  Sort  (cost=33917.55..33941.37 rows=9526 width=121)
	        Sort Key: c
	        ->  Bitmap Heap Scan on sbtest4  (cost=306.08..33288.00 rows=9526 width=121)
	              Recheck Cond: ((id >= 9665297) AND (id <= 9675296))
	              ->  Bitmap Index Scan on sbtest4_pkey  (cost=0.00..303.69 rows=9526 width=0)
	                    Index Cond: ((id >= 9665297) AND (id <= 9675296))

table 5 : explain SELECT DISTINCT c FROM sbtest5 WHERE id BETWEEN 9462214 AND 9472213 ORDER BY c
	Unique  (cost=33318.66..33365.37 rows=9342 width=121)
	  ->  Sort  (cost=33318.66..33342.01 rows=9342 width=121)
	        Sort Key: c
	        ->  Bitmap Heap Scan on sbtest5  (cost=300.19..32702.58 rows=9342 width=121)
	              Recheck Cond: ((id >= 9462214) AND (id <= 9472213))
	              ->  Bitmap Index Scan on sbtest5_pkey  (cost=0.00..297.86 rows=9342 width=0)
	                    Index Cond: ((id >= 9462214) AND (id <= 9472213))

table 6 : explain SELECT DISTINCT c FROM sbtest6 WHERE id BETWEEN 4239301 AND 4249300 ORDER BY c
	Unique  (cost=36571.23..36623.31 rows=10416 width=121)
	  ->  Sort  (cost=36571.23..36597.27 rows=10416 width=121)
	        Sort Key: c
	        ->  Bitmap Heap Scan on sbtest6  (cost=331.20..35876.15 rows=10416 width=121)
	              Recheck Cond: ((id >= 4239301) AND (id <= 4249300))
	              ->  Bitmap Index Scan on sbtest6_pkey  (cost=0.00..328.59 rows=10416 width=0)
	                    Index Cond: ((id >= 4239301) AND (id <= 4249300))

table 7 : explain SELECT DISTINCT c FROM sbtest7 WHERE id BETWEEN 6737176 AND 6747175 ORDER BY c
	Unique  (cost=35862.58..35913.66 rows=10216 width=121)
	  ->  Sort  (cost=35862.58..35888.12 rows=10216 width=121)
	        Sort Key: c
	        ->  Bitmap Heap Scan on sbtest7  (cost=329.15..35182.27 rows=10216 width=121)
	              Recheck Cond: ((id >= 6737176) AND (id <= 6747175))
	              ->  Bitmap Index Scan on sbtest7_pkey  (cost=0.00..326.59 rows=10216 width=0)
	                    Index Cond: ((id >= 6737176) AND (id <= 6747175))

table 8 : explain SELECT DISTINCT c FROM sbtest8 WHERE id BETWEEN 6558735 AND 6568734 ORDER BY c
	Unique  (cost=36626.19..36678.42 rows=10446 width=121)
	  ->  Sort  (cost=36626.19..36652.31 rows=10446 width=121)
	        Sort Key: c
	        ->  Bitmap Heap Scan on sbtest8  (cost=335.51..35928.89 rows=10446 width=121)
	              Recheck Cond: ((id >= 6558735) AND (id <= 6568734))
	              ->  Bitmap Index Scan on sbtest8_pkey  (cost=0.00..332.90 rows=10446 width=0)
	                    Index Cond: ((id >= 6558735) AND (id <= 6568734))
for: order_ranges
table 1 : explain SELECT c FROM sbtest1 WHERE id BETWEEN 9996217 AND 10006216 ORDER BY c
	Sort  (cost=13945.77..13955.06 rows=3715 width=121)
	  Sort Key: c
	  ->  Bitmap Heap Scan on sbtest1  (cost=118.51..13725.48 rows=3715 width=121)
	        Recheck Cond: ((id >= 9996217) AND (id <= 10006216))
	        ->  Bitmap Index Scan on sbtest1_pkey  (cost=0.00..117.59 rows=3715 width=0)
	              Index Cond: ((id >= 9996217) AND (id <= 10006216))

table 2 : explain SELECT c FROM sbtest2 WHERE id BETWEEN 5247795 AND 5257794 ORDER BY c
	Sort  (cost=37501.07..37527.87 rows=10720 width=121)
	  Sort Key: c
	  ->  Bitmap Heap Scan on sbtest2  (cost=342.31..36783.47 rows=10720 width=121)
	        Recheck Cond: ((id >= 5247795) AND (id <= 5257794))
	        ->  Bitmap Index Scan on sbtest2_pkey  (cost=0.00..339.63 rows=10720 width=0)
	              Index Cond: ((id >= 5247795) AND (id <= 5257794))

table 3 : explain SELECT c FROM sbtest3 WHERE id BETWEEN 5309692 AND 5319691 ORDER BY c
	Sort  (cost=35938.72..35964.28 rows=10226 width=121)
	  Sort Key: c
	  ->  Bitmap Heap Scan on sbtest3  (cost=325.25..35257.67 rows=10226 width=121)
	        Recheck Cond: ((id >= 5309692) AND (id <= 5319691))
	        ->  Bitmap Index Scan on sbtest3_pkey  (cost=0.00..322.69 rows=10226 width=0)
	              Index Cond: ((id >= 5309692) AND (id <= 5319691))

table 4 : explain SELECT c FROM sbtest4 WHERE id BETWEEN 6481507 AND 6491506 ORDER BY c
	Sort  (cost=37522.98..37549.57 rows=10635 width=121)
	  Sort Key: c
	  ->  Bitmap Heap Scan on sbtest4  (cost=341.44..36811.69 rows=10635 width=121)
	        Recheck Cond: ((id >= 6481507) AND (id <= 6491506))
	        ->  Bitmap Index Scan on sbtest4_pkey  (cost=0.00..338.79 rows=10635 width=0)
	              Index Cond: ((id >= 6481507) AND (id <= 6491506))

table 5 : explain SELECT c FROM sbtest5 WHERE id BETWEEN 1430761 AND 1440760 ORDER BY c
	Sort  (cost=34785.70..34810.18 rows=9790 width=121)
	  Sort Key: c
	  ->  Bitmap Heap Scan on sbtest5  (cost=316.78..34136.77 rows=9790 width=121)
	        Recheck Cond: ((id >= 1430761) AND (id <= 1440760))
	        ->  Bitmap Index Scan on sbtest5_pkey  (cost=0.00..314.33 rows=9790 width=0)
	              Index Cond: ((id >= 1430761) AND (id <= 1440760))

table 6 : explain SELECT c FROM sbtest6 WHERE id BETWEEN 2080278 AND 2090277 ORDER BY c
	Sort  (cost=37920.05..37947.15 rows=10838 width=121)
	  Sort Key: c
	  ->  Bitmap Heap Scan on sbtest6  (cost=347.52..37193.70 rows=10838 width=121)
	        Recheck Cond: ((id >= 2080278) AND (id <= 2090277))
	        ->  Bitmap Index Scan on sbtest6_pkey  (cost=0.00..344.81 rows=10838 width=0)
	              Index Cond: ((id >= 2080278) AND (id <= 2090277))

table 7 : explain SELECT c FROM sbtest7 WHERE id BETWEEN 7224026 AND 7234025 ORDER BY c
	Sort  (cost=34442.50..34466.93 rows=9773 width=121)
	  Sort Key: c
	  ->  Bitmap Heap Scan on sbtest7  (cost=316.61..33794.81 rows=9773 width=121)
	        Recheck Cond: ((id >= 7224026) AND (id <= 7234025))
	        ->  Bitmap Index Scan on sbtest7_pkey  (cost=0.00..314.17 rows=9773 width=0)
	              Index Cond: ((id >= 7224026) AND (id <= 7234025))

table 8 : explain SELECT c FROM sbtest8 WHERE id BETWEEN 9449033 AND 9459032 ORDER BY c
	Sort  (cost=38571.92..38599.57 rows=11059 width=121)
	  Sort Key: c
	  ->  Bitmap Heap Scan on sbtest8  (cost=353.79..37829.15 rows=11059 width=121)
	        Recheck Cond: ((id >= 9449033) AND (id <= 9459032))
	        ->  Bitmap Index Scan on sbtest8_pkey  (cost=0.00..351.03 rows=11059 width=0)
	              Index Cond: ((id >= 9449033) AND (id <= 9459032))


for: sum_ranges
table 1 : explain SELECT SUM(k) FROM sbtest1 WHERE id BETWEEN 3180349 AND 3190348
	Aggregate  (cost=33060.17..33060.18 rows=1 width=8)
	  ->  Bitmap Heap Scan on sbtest1  (cost=302.12..33036.35 rows=9530 width=4)
	        Recheck Cond: ((id >= 3180349) AND (id <= 3190348))
	        ->  Bitmap Index Scan on sbtest1_pkey  (cost=0.00..299.74 rows=9530 width=0)
	              Index Cond: ((id >= 3180349) AND (id <= 3190348))

table 2 : explain SELECT SUM(k) FROM sbtest2 WHERE id BETWEEN 2104184 AND 2114183
	Aggregate  (cost=33656.33..33656.34 rows=1 width=8)
	  ->  Bitmap Heap Scan on sbtest2  (cost=307.99..33632.05 rows=9713 width=4)
	        Recheck Cond: ((id >= 2104184) AND (id <= 2114183))
	        ->  Bitmap Index Scan on sbtest2_pkey  (cost=0.00..305.56 rows=9713 width=0)
	              Index Cond: ((id >= 2104184) AND (id <= 2114183))

table 3 : explain SELECT SUM(k) FROM sbtest3 WHERE id BETWEEN 1089255 AND 1099254
	Aggregate  (cost=34076.45..34076.46 rows=1 width=8)
	  ->  Bitmap Heap Scan on sbtest3  (cost=313.31..34051.84 rows=9841 width=4)
	        Recheck Cond: ((id >= 1089255) AND (id <= 1099254))
	        ->  Bitmap Index Scan on sbtest3_pkey  (cost=0.00..310.84 rows=9841 width=0)
	              Index Cond: ((id >= 1089255) AND (id <= 1099254))

table 4 : explain SELECT SUM(k) FROM sbtest4 WHERE id BETWEEN 5103943 AND 5113942
	Aggregate  (cost=34142.66..34142.67 rows=1 width=8)
	  ->  Bitmap Heap Scan on sbtest4  (cost=312.74..34118.20 rows=9786 width=4)
	        Recheck Cond: ((id >= 5103943) AND (id <= 5113942))
	        ->  Bitmap Index Scan on sbtest4_pkey  (cost=0.00..310.30 rows=9786 width=0)
	              Index Cond: ((id >= 5103943) AND (id <= 5113942))

table 5 : explain SELECT SUM(k) FROM sbtest5 WHERE id BETWEEN 7072080 AND 7082079
	Aggregate  (cost=34402.61..34402.62 rows=1 width=8)
	  ->  Bitmap Heap Scan on sbtest5  (cost=317.56..34377.95 rows=9866 width=4)
	        Recheck Cond: ((id >= 7072080) AND (id <= 7082079))
	        ->  Bitmap Index Scan on sbtest5_pkey  (cost=0.00..315.09 rows=9866 width=0)
	              Index Cond: ((id >= 7072080) AND (id <= 7082079))

table 6 : explain SELECT SUM(k) FROM sbtest6 WHERE id BETWEEN 1440370 AND 1450369
	Aggregate  (cost=36178.94..36178.95 rows=1 width=8)
	  ->  Bitmap Heap Scan on sbtest6  (cost=336.10..36152.68 rows=10504 width=4)
	        Recheck Cond: ((id >= 1440370) AND (id <= 1450369))
	        ->  Bitmap Index Scan on sbtest6_pkey  (cost=0.00..333.48 rows=10504 width=0)
	              Index Cond: ((id >= 1440370) AND (id <= 1450369))

table 7 : explain SELECT SUM(k) FROM sbtest7 WHERE id BETWEEN 6971659 AND 6981658
	Aggregate  (cost=33647.38..33647.39 rows=1 width=8)
	  ->  Bitmap Heap Scan on sbtest7  (cost=312.05..33623.08 rows=9719 width=4)
	        Recheck Cond: ((id >= 6971659) AND (id <= 6981658))
	        ->  Bitmap Index Scan on sbtest7_pkey  (cost=0.00..309.62 rows=9719 width=0)
	              Index Cond: ((id >= 6971659) AND (id <= 6981658))

table 8 : explain SELECT SUM(k) FROM sbtest8 WHERE id BETWEEN 8414357 AND 8424356
	Aggregate  (cost=35322.25..35322.26 rows=1 width=8)
	  ->  Bitmap Heap Scan on sbtest8  (cost=329.43..35296.64 rows=10243 width=4)
	        Recheck Cond: ((id >= 8414357) AND (id <= 8424356))
	        ->  Bitmap Index Scan on sbtest8_pkey  (cost=0.00..326.87 rows=10243 width=0)
	              Index Cond: ((id >= 8414357) AND (id <= 8424356))

for point_selects
table 1 : explain SELECT c FROM sbtest1 WHERE id=8150953
	Index Scan using sbtest1_pkey on sbtest1  (cost=0.43..8.45 rows=1 width=121)
	  Index Cond: (id = 8150953)

table 2 : explain SELECT c FROM sbtest2 WHERE id=2281461
	Index Scan using sbtest2_pkey on sbtest2  (cost=0.43..8.45 rows=1 width=121)
	  Index Cond: (id = 2281461)

table 3 : explain SELECT c FROM sbtest3 WHERE id=1626383
	Index Scan using sbtest3_pkey on sbtest3  (cost=0.43..8.45 rows=1 width=121)
	  Index Cond: (id = 1626383)

table 4 : explain SELECT c FROM sbtest4 WHERE id=8939375
	Index Scan using sbtest4_pkey on sbtest4  (cost=0.43..8.45 rows=1 width=121)
	  Index Cond: (id = 8939375)

table 5 : explain SELECT c FROM sbtest5 WHERE id=8417790
	Index Scan using sbtest5_pkey on sbtest5  (cost=0.43..8.45 rows=1 width=121)
	  Index Cond: (id = 8417790)

table 6 : explain SELECT c FROM sbtest6 WHERE id=2600665
	Index Scan using sbtest6_pkey on sbtest6  (cost=0.43..8.45 rows=1 width=121)
	  Index Cond: (id = 2600665)

table 7 : explain SELECT c FROM sbtest7 WHERE id=5474934
	Index Scan using sbtest7_pkey on sbtest7  (cost=0.43..8.45 rows=1 width=121)
	  Index Cond: (id = 5474934)

table 8 : explain SELECT c FROM sbtest8 WHERE id=3349552
	Index Scan using sbtest8_pkey on sbtest8  (cost=0.43..8.45 rows=1 width=121)
	  Index Cond: (id = 3349552)

for point_selects
table 1 : explain SELECT c FROM sbtest1 WHERE id=6358358
	Index Scan using sbtest1_pkey on sbtest1  (cost=0.43..8.45 rows=1 width=121)
	  Index Cond: (id = 6358358)

table 2 : explain SELECT c FROM sbtest2 WHERE id=6890274
	Index Scan using sbtest2_pkey on sbtest2  (cost=0.43..8.45 rows=1 width=121)
	  Index Cond: (id = 6890274)

table 3 : explain SELECT c FROM sbtest3 WHERE id=5896547
	Index Scan using sbtest3_pkey on sbtest3  (cost=0.43..8.45 rows=1 width=121)
	  Index Cond: (id = 5896547)

table 4 : explain SELECT c FROM sbtest4 WHERE id=4463818
	Index Scan using sbtest4_pkey on sbtest4  (cost=0.43..8.45 rows=1 width=121)
	  Index Cond: (id = 4463818)

table 5 : explain SELECT c FROM sbtest5 WHERE id=131538
	Index Scan using sbtest5_pkey on sbtest5  (cost=0.43..8.45 rows=1 width=121)
	  Index Cond: (id = 131538)

table 6 : explain SELECT c FROM sbtest6 WHERE id=1797270
	Index Scan using sbtest6_pkey on sbtest6  (cost=0.43..8.45 rows=1 width=121)
	  Index Cond: (id = 1797270)

table 7 : explain SELECT c FROM sbtest7 WHERE id=3943292
	Index Scan using sbtest7_pkey on sbtest7  (cost=0.43..8.45 rows=1 width=121)
	  Index Cond: (id = 3943292)

table 8 : explain SELECT c FROM sbtest8 WHERE id=2300487
	Index Scan using sbtest8_pkey on sbtest8  (cost=0.43..8.45 rows=1 width=121)
	  Index Cond: (id = 2300487)

for: distinct_ranges
table 1 : explain SELECT DISTINCT c FROM sbtest1 WHERE id BETWEEN 2187919 AND 2197918 ORDER BY c
	Unique  (cost=34913.16..34962.75 rows=9918 width=121)
	  ->  Sort  (cost=34913.16..34937.95 rows=9918 width=121)
	        Sort Key: c
	        ->  Bitmap Heap Scan on sbtest1  (cost=314.09..34254.81 rows=9918 width=121)
	              Recheck Cond: ((id >= 2187919) AND (id <= 2197918))
	              ->  Bitmap Index Scan on sbtest1_pkey  (cost=0.00..311.62 rows=9918 width=0)
	                    Index Cond: ((id >= 2187919) AND (id <= 2197918))

table 2 : explain SELECT DISTINCT c FROM sbtest2 WHERE id BETWEEN 780729 AND 790728 ORDER BY c
	Unique  (cost=33214.46..33261.38 rows=9384 width=121)
	  ->  Sort  (cost=33214.46..33237.92 rows=9384 width=121)
	        Sort Key: c
	        ->  Bitmap Heap Scan on sbtest2  (cost=300.62..32595.31 rows=9384 width=121)
	              Recheck Cond: ((id >= 780729) AND (id <= 790728))
	              ->  Bitmap Index Scan on sbtest2_pkey  (cost=0.00..298.28 rows=9384 width=0)
	                    Index Cond: ((id >= 780729) AND (id <= 790728))

table 3 : explain SELECT DISTINCT c FROM sbtest3 WHERE id BETWEEN 5506434 AND 5516433 ORDER BY c
	Unique  (cost=35022.26..35071.96 rows=9940 width=121)
	  ->  Sort  (cost=35022.26..35047.11 rows=9940 width=121)
	        Sort Key: c
	        ->  Bitmap Heap Scan on sbtest3  (cost=318.32..34362.30 rows=9940 width=121)
	              Recheck Cond: ((id >= 5506434) AND (id <= 5516433))
	              ->  Bitmap Index Scan on sbtest3_pkey  (cost=0.00..315.83 rows=9940 width=0)
	                    Index Cond: ((id >= 5506434) AND (id <= 5516433))

table 4 : explain SELECT DISTINCT c FROM sbtest4 WHERE id BETWEEN 7719750 AND 7729749 ORDER BY c
	Unique  (cost=35511.26..35561.33 rows=10014 width=121)
	  ->  Sort  (cost=35511.26..35536.30 rows=10014 width=121)
	        Sort Key: c
	        ->  Bitmap Heap Scan on sbtest4  (cost=323.08..34845.84 rows=10014 width=121)
	              Recheck Cond: ((id >= 7719750) AND (id <= 7729749))
	              ->  Bitmap Index Scan on sbtest4_pkey  (cost=0.00..320.57 rows=10014 width=0)
	                    Index Cond: ((id >= 7719750) AND (id <= 7729749))

table 5 : explain SELECT DISTINCT c FROM sbtest5 WHERE id BETWEEN 9849321 AND 9859320 ORDER BY c
	Unique  (cost=35775.60..35826.07 rows=10095 width=121)
	  ->  Sort  (cost=35775.60..35800.84 rows=10095 width=121)
	        Sort Key: c
	        ->  Bitmap Heap Scan on sbtest5  (cost=323.91..35104.21 rows=10095 width=121)
	              Recheck Cond: ((id >= 9849321) AND (id <= 9859320))
	              ->  Bitmap Index Scan on sbtest5_pkey  (cost=0.00..321.38 rows=10095 width=0)
	                    Index Cond: ((id >= 9849321) AND (id <= 9859320))

table 6 : explain SELECT DISTINCT c FROM sbtest6 WHERE id BETWEEN 9943819 AND 9953818 ORDER BY c
	Unique  (cost=33878.55..33926.44 rows=9578 width=121)
	  ->  Sort  (cost=33878.55..33902.49 rows=9578 width=121)
	        Sort Key: c
	        ->  Bitmap Heap Scan on sbtest6  (cost=306.61..33245.18 rows=9578 width=121)
	              Recheck Cond: ((id >= 9943819) AND (id <= 9953818))
	              ->  Bitmap Index Scan on sbtest6_pkey  (cost=0.00..304.21 rows=9578 width=0)
	                    Index Cond: ((id >= 9943819) AND (id <= 9953818))

table 7 : explain SELECT DISTINCT c FROM sbtest7 WHERE id BETWEEN 2440331 AND 2450330 ORDER BY c
	Unique  (cost=34936.99..34986.63 rows=9927 width=121)
	  ->  Sort  (cost=34936.99..34961.81 rows=9927 width=121)
	        Sort Key: c
	        ->  Bitmap Heap Scan on sbtest7  (cost=318.19..34277.98 rows=9927 width=121)
	              Recheck Cond: ((id >= 2440331) AND (id <= 2450330))
	              ->  Bitmap Index Scan on sbtest7_pkey  (cost=0.00..315.70 rows=9927 width=0)
	                    Index Cond: ((id >= 2440331) AND (id <= 2450330))

table 8 : explain SELECT DISTINCT c FROM sbtest8 WHERE id BETWEEN 1773268 AND 1783267 ORDER BY c
	Unique  (cost=35105.44..35155.30 rows=9971 width=121)
	  ->  Sort  (cost=35105.44..35130.37 rows=9971 width=121)
	        Sort Key: c
	        ->  Bitmap Heap Scan on sbtest8  (cost=318.64..34443.19 rows=9971 width=121)
	              Recheck Cond: ((id >= 1773268) AND (id <= 1783267))
	              ->  Bitmap Index Scan on sbtest8_pkey  (cost=0.00..316.15 rows=9971 width=0)
	                    Index Cond: ((id >= 1773268) AND (id <= 1783267))

for point_selects
table 1 : explain SELECT c FROM sbtest1 WHERE id=441199
	Index Scan using sbtest1_pkey on sbtest1  (cost=0.43..8.45 rows=1 width=121)
	  Index Cond: (id = 441199)

table 2 : explain SELECT c FROM sbtest2 WHERE id=5649102
	Index Scan using sbtest2_pkey on sbtest2  (cost=0.43..8.45 rows=1 width=121)
	  Index Cond: (id = 5649102)

table 3 : explain SELECT c FROM sbtest3 WHERE id=8331954
	Index Scan using sbtest3_pkey on sbtest3  (cost=0.43..8.45 rows=1 width=121)
	  Index Cond: (id = 8331954)

table 4 : explain SELECT c FROM sbtest4 WHERE id=9845151
	Index Scan using sbtest4_pkey on sbtest4  (cost=0.43..8.45 rows=1 width=121)
	  Index Cond: (id = 9845151)

table 5 : explain SELECT c FROM sbtest5 WHERE id=6506906
	Index Scan using sbtest5_pkey on sbtest5  (cost=0.43..8.45 rows=1 width=121)
	  Index Cond: (id = 6506906)

table 6 : explain SELECT c FROM sbtest6 WHERE id=3583363
	Index Scan using sbtest6_pkey on sbtest6  (cost=0.43..8.45 rows=1 width=121)
	  Index Cond: (id = 3583363)

table 7 : explain SELECT c FROM sbtest7 WHERE id=2591391
	Index Scan using sbtest7_pkey on sbtest7  (cost=0.43..8.45 rows=1 width=121)
	  Index Cond: (id = 2591391)

table 8 : explain SELECT c FROM sbtest8 WHERE id=8063461
	Index Scan using sbtest8_pkey on sbtest8  (cost=0.43..8.45 rows=1 width=121)
	  Index Cond: (id = 8063461)

for: simple_ranges
table 1 : explain SELECT c FROM sbtest1 WHERE id BETWEEN 1888033 AND 1898032
	Bitmap Heap Scan on sbtest1  (cost=290.83..32016.79 rows=9209 width=121)
	  Recheck Cond: ((id >= 1888033) AND (id <= 1898032))
	  ->  Bitmap Index Scan on sbtest1_pkey  (cost=0.00..288.53 rows=9209 width=0)
	        Index Cond: ((id >= 1888033) AND (id <= 1898032))

table 2 : explain SELECT c FROM sbtest2 WHERE id BETWEEN 9436 AND 19435
	Bitmap Heap Scan on sbtest2  (cost=288.95..31455.79 rows=9026 width=121)
	  Recheck Cond: ((id >= 9436) AND (id <= 19435))
	  ->  Bitmap Index Scan on sbtest2_pkey  (cost=0.00..286.69 rows=9026 width=0)
	        Index Cond: ((id >= 9436) AND (id <= 19435))

table 3 : explain SELECT c FROM sbtest3 WHERE id BETWEEN 48130 AND 58129
	Bitmap Heap Scan on sbtest3  (cost=342.83..36953.83 rows=10770 width=121)
	  Recheck Cond: ((id >= 48130) AND (id <= 58129))
	  ->  Bitmap Index Scan on sbtest3_pkey  (cost=0.00..340.13 rows=10770 width=0)
	        Index Cond: ((id >= 48130) AND (id <= 58129))

table 4 : explain SELECT c FROM sbtest4 WHERE id BETWEEN 3530101 AND 3540100
	Bitmap Heap Scan on sbtest4  (cost=334.98..36054.38 rows=10395 width=121)
	  Recheck Cond: ((id >= 3530101) AND (id <= 3540100))
	  ->  Bitmap Index Scan on sbtest4_pkey  (cost=0.00..332.38 rows=10395 width=0)
	        Index Cond: ((id >= 3530101) AND (id <= 3540100))

table 5 : explain SELECT c FROM sbtest5 WHERE id BETWEEN 21721 AND 31720
	Bitmap Heap Scan on sbtest5  (cost=300.53..32807.46 rows=9375 width=121)
	  Recheck Cond: ((id >= 21721) AND (id <= 31720))
	  ->  Bitmap Index Scan on sbtest5_pkey  (cost=0.00..298.19 rows=9375 width=0)
	        Index Cond: ((id >= 21721) AND (id <= 31720))

table 6 : explain SELECT c FROM sbtest6 WHERE id BETWEEN 7105099 AND 7115098
	Bitmap Heap Scan on sbtest6  (cost=325.31..35300.49 rows=10232 width=121)
	  Recheck Cond: ((id >= 7105099) AND (id <= 7115098))
	  ->  Bitmap Index Scan on sbtest6_pkey  (cost=0.00..322.75 rows=10232 width=0)
	        Index Cond: ((id >= 7105099) AND (id <= 7115098))

table 7 : explain SELECT c FROM sbtest7 WHERE id BETWEEN 270779 AND 280778
	Bitmap Heap Scan on sbtest7  (cost=334.49..35593.19 rows=10347 width=121)
	  Recheck Cond: ((id >= 270779) AND (id <= 280778))
	  ->  Bitmap Index Scan on sbtest7_pkey  (cost=0.00..331.91 rows=10347 width=0)
	        Index Cond: ((id >= 270779) AND (id <= 280778))

table 8 : explain SELECT c FROM sbtest8 WHERE id BETWEEN 2758097 AND 2768096
	Bitmap Heap Scan on sbtest8  (cost=294.59..31964.76 rows=9186 width=121)
	  Recheck Cond: ((id >= 2758097) AND (id <= 2768096))
	  ->  Bitmap Index Scan on sbtest8_pkey  (cost=0.00..292.30 rows=9186 width=0)
	        Index Cond: ((id >= 2758097) AND (id <= 2768096))

for: distinct_ranges
table 1 : explain SELECT DISTINCT c FROM sbtest1 WHERE id BETWEEN 6641857 AND 6651856 ORDER BY c
	Unique  (cost=31231.94..31275.85 rows=8781 width=121)
	  ->  Sort  (cost=31231.94..31253.89 rows=8781 width=121)
	        Sort Key: c
	        ->  Bitmap Heap Scan on sbtest1  (cost=278.44..30656.78 rows=8781 width=121)
	              Recheck Cond: ((id >= 6641857) AND (id <= 6651856))
	              ->  Bitmap Index Scan on sbtest1_pkey  (cost=0.00..276.25 rows=8781 width=0)
	                    Index Cond: ((id >= 6641857) AND (id <= 6651856))

table 2 : explain SELECT DISTINCT c FROM sbtest2 WHERE id BETWEEN 6552396 AND 6562395 ORDER BY c
	Unique  (cost=33828.60..33876.47 rows=9574 width=121)
	  ->  Sort  (cost=33828.60..33852.53 rows=9574 width=121)
	        Sort Key: c
	        ->  Bitmap Heap Scan on sbtest2  (cost=306.57..33195.52 rows=9574 width=121)
	              Recheck Cond: ((id >= 6552396) AND (id <= 6562395))
	              ->  Bitmap Index Scan on sbtest2_pkey  (cost=0.00..304.18 rows=9574 width=0)
	                    Index Cond: ((id >= 6552396) AND (id <= 6562395))

table 3 : explain SELECT DISTINCT c FROM sbtest3 WHERE id BETWEEN 7375253 AND 7385252 ORDER BY c
	Unique  (cost=37174.58..37227.64 rows=10611 width=121)
	  ->  Sort  (cost=37174.58..37201.11 rows=10611 width=121)
	        Sort Key: c
	        ->  Bitmap Heap Scan on sbtest3  (cost=341.20..36465.07 rows=10611 width=121)
	              Recheck Cond: ((id >= 7375253) AND (id <= 7385252))
	              ->  Bitmap Index Scan on sbtest3_pkey  (cost=0.00..338.55 rows=10611 width=0)
	                    Index Cond: ((id >= 7375253) AND (id <= 7385252))

table 4 : explain SELECT DISTINCT c FROM sbtest4 WHERE id BETWEEN 7143802 AND 7153801 ORDER BY c
	Unique  (cost=35953.52..36004.27 rows=10151 width=121)
	  ->  Sort  (cost=35953.52..35978.90 rows=10151 width=121)
	        Sort Key: c
	        ->  Bitmap Heap Scan on sbtest4  (cost=324.48..35278.00 rows=10151 width=121)
	              Recheck Cond: ((id >= 7143802) AND (id <= 7153801))
	              ->  Bitmap Index Scan on sbtest4_pkey  (cost=0.00..321.94 rows=10151 width=0)
	                    Index Cond: ((id >= 7143802) AND (id <= 7153801))

table 5 : explain SELECT DISTINCT c FROM sbtest5 WHERE id BETWEEN 3141169 AND 3151168 ORDER BY c
	Unique  (cost=35552.74..35602.87 rows=10026 width=121)
	  ->  Sort  (cost=35552.74..35577.80 rows=10026 width=121)
	        Sort Key: c
	        ->  Bitmap Heap Scan on sbtest5  (cost=323.20..34886.44 rows=10026 width=121)
	              Recheck Cond: ((id >= 3141169) AND (id <= 3151168))
	              ->  Bitmap Index Scan on sbtest5_pkey  (cost=0.00..320.69 rows=10026 width=0)
	                    Index Cond: ((id >= 3141169) AND (id <= 3151168))

table 6 : explain SELECT DISTINCT c FROM sbtest6 WHERE id BETWEEN 4883868 AND 4893867 ORDER BY c
	Unique  (cost=30241.91..30284.24 rows=8465 width=121)
	  ->  Sort  (cost=30241.91..30263.08 rows=8465 width=121)
	        Sort Key: c
	        ->  Bitmap Heap Scan on sbtest6  (cost=271.20..29689.69 rows=8465 width=121)
	              Recheck Cond: ((id >= 4883868) AND (id <= 4893867))
	              ->  Bitmap Index Scan on sbtest6_pkey  (cost=0.00..269.08 rows=8465 width=0)
	                    Index Cond: ((id >= 4883868) AND (id <= 4893867))

table 7 : explain SELECT DISTINCT c FROM sbtest7 WHERE id BETWEEN 5840035 AND 5850034 ORDER BY c
	Unique  (cost=34161.10..34209.53 rows=9686 width=121)
	  ->  Sort  (cost=34161.10..34185.32 rows=9686 width=121)
	        Sort Key: c
	        ->  Bitmap Heap Scan on sbtest7  (cost=311.72..33519.81 rows=9686 width=121)
	              Recheck Cond: ((id >= 5840035) AND (id <= 5850034))
	              ->  Bitmap Index Scan on sbtest7_pkey  (cost=0.00..309.30 rows=9686 width=0)
	                    Index Cond: ((id >= 5840035) AND (id <= 5850034))

table 8 : explain SELECT DISTINCT c FROM sbtest8 WHERE id BETWEEN 5301690 AND 5311689 ORDER BY c
	Unique  (cost=36832.61..36885.16 rows=10511 width=121)
	  ->  Sort  (cost=36832.61..36858.88 rows=10511 width=121)
	        Sort Key: c
	        ->  Bitmap Heap Scan on sbtest8  (cost=336.17..36130.49 rows=10511 width=121)
	              Recheck Cond: ((id >= 5301690) AND (id <= 5311689))
	              ->  Bitmap Index Scan on sbtest8_pkey  (cost=0.00..333.55 rows=10511 width=0)
	                    Index Cond: ((id >= 5301690) AND (id <= 5311689))

for: distinct_ranges
table 1 : explain SELECT DISTINCT c FROM sbtest1 WHERE id BETWEEN 7594556 AND 7604555 ORDER BY c
	Unique  (cost=35805.63..35856.62 rows=10197 width=121)
	  ->  Sort  (cost=35805.63..35831.13 rows=10197 width=121)
	        Sort Key: c
	        ->  Bitmap Heap Scan on sbtest1  (cost=320.95..35126.72 rows=10197 width=121)
	              Recheck Cond: ((id >= 7594556) AND (id <= 7604555))
	              ->  Bitmap Index Scan on sbtest1_pkey  (cost=0.00..318.41 rows=10197 width=0)
	                    Index Cond: ((id >= 7594556) AND (id <= 7604555))

table 2 : explain SELECT DISTINCT c FROM sbtest2 WHERE id BETWEEN 8764367 AND 8774366 ORDER BY c
	Unique  (cost=34252.20..34300.73 rows=9706 width=121)
	  ->  Sort  (cost=34252.20..34276.46 rows=9706 width=121)
	        Sort Key: c
	        ->  Bitmap Heap Scan on sbtest2  (cost=307.92..33609.44 rows=9706 width=121)
	              Recheck Cond: ((id >= 8764367) AND (id <= 8774366))
	              ->  Bitmap Index Scan on sbtest2_pkey  (cost=0.00..305.50 rows=9706 width=0)
	                    Index Cond: ((id >= 8764367) AND (id <= 8774366))

table 3 : explain SELECT DISTINCT c FROM sbtest3 WHERE id BETWEEN 7523631 AND 7533630 ORDER BY c
	Unique  (cost=37439.68..37493.15 rows=10695 width=121)
	  ->  Sort  (cost=37439.68..37466.41 rows=10695 width=121)
	        Sort Key: c
	        ->  Bitmap Heap Scan on sbtest3  (cost=342.06..36723.93 rows=10695 width=121)
	              Recheck Cond: ((id >= 7523631) AND (id <= 7533630))
	              ->  Bitmap Index Scan on sbtest3_pkey  (cost=0.00..339.38 rows=10695 width=0)
	                    Index Cond: ((id >= 7523631) AND (id <= 7533630))

table 4 : explain SELECT DISTINCT c FROM sbtest4 WHERE id BETWEEN 7929422 AND 7939421 ORDER BY c
	Unique  (cost=36790.95..36842.99 rows=10408 width=121)
	  ->  Sort  (cost=36790.95..36816.97 rows=10408 width=121)
	        Sort Key: c
	        ->  Bitmap Heap Scan on sbtest4  (cost=335.12..36096.46 rows=10408 width=121)
	              Recheck Cond: ((id >= 7929422) AND (id <= 7939421))
	              ->  Bitmap Index Scan on sbtest4_pkey  (cost=0.00..332.51 rows=10408 width=0)
	                    Index Cond: ((id >= 7929422) AND (id <= 7939421))

table 5 : explain SELECT DISTINCT c FROM sbtest5 WHERE id BETWEEN 688451 AND 698450 ORDER BY c
	Unique  (cost=32871.74..32917.78 rows=9207 width=121)
	  ->  Sort  (cost=32871.74..32894.76 rows=9207 width=121)
	        Sort Key: c
	        ->  Bitmap Heap Scan on sbtest5  (cost=294.81..32265.53 rows=9207 width=121)
	              Recheck Cond: ((id >= 688451) AND (id <= 698450))
	              ->  Bitmap Index Scan on sbtest5_pkey  (cost=0.00..292.50 rows=9207 width=0)
	                    Index Cond: ((id >= 688451) AND (id <= 698450))

table 6 : explain SELECT DISTINCT c FROM sbtest6 WHERE id BETWEEN 7707197 AND 7717196 ORDER BY c
	Unique  (cost=35418.55..35468.82 rows=10055 width=121)
	  ->  Sort  (cost=35418.55..35443.69 rows=10055 width=121)
	        Sort Key: c
	        ->  Bitmap Heap Scan on sbtest6  (cost=323.50..34750.11 rows=10055 width=121)
	              Recheck Cond: ((id >= 7707197) AND (id <= 7717196))
	              ->  Bitmap Index Scan on sbtest6_pkey  (cost=0.00..320.99 rows=10055 width=0)
	                    Index Cond: ((id >= 7707197) AND (id <= 7717196))

table 7 : explain SELECT DISTINCT c FROM sbtest7 WHERE id BETWEEN 7380648 AND 7390647 ORDER BY c
	Unique  (cost=34584.33..34633.42 rows=9817 width=121)
	  ->  Sort  (cost=34584.33..34608.87 rows=9817 width=121)
	        Sort Key: c
	        ->  Bitmap Heap Scan on sbtest7  (cost=317.06..33933.41 rows=9817 width=121)
	              Recheck Cond: ((id >= 7380648) AND (id <= 7390647))
	              ->  Bitmap Index Scan on sbtest7_pkey  (cost=0.00..314.61 rows=9817 width=0)
	                    Index Cond: ((id >= 7380648) AND (id <= 7390647))

table 8 : explain SELECT DISTINCT c FROM sbtest8 WHERE id BETWEEN 6650153 AND 6660152 ORDER BY c
	Unique  (cost=32889.34..32935.76 rows=9284 width=121)
	  ->  Sort  (cost=32889.34..32912.55 rows=9284 width=121)
	        Sort Key: c
	        ->  Bitmap Heap Scan on sbtest8  (cost=299.60..32277.50 rows=9284 width=121)
	              Recheck Cond: ((id >= 6650153) AND (id <= 6660152))
	              ->  Bitmap Index Scan on sbtest8_pkey  (cost=0.00..297.28 rows=9284 width=0)
	                    Index Cond: ((id >= 6650153) AND (id <= 6660152))

for: sum_ranges
table 1 : explain SELECT SUM(k) FROM sbtest1 WHERE id BETWEEN 6859037 AND 6869036
	Aggregate  (cost=33662.53..33662.54 rows=1 width=8)
	  ->  Bitmap Heap Scan on sbtest1  (cost=308.08..33638.23 rows=9721 width=4)
	        Recheck Cond: ((id >= 6859037) AND (id <= 6869036))
	        ->  Bitmap Index Scan on sbtest1_pkey  (cost=0.00..305.65 rows=9721 width=0)
	              Index Cond: ((id >= 6859037) AND (id <= 6869036))

table 2 : explain SELECT SUM(k) FROM sbtest2 WHERE id BETWEEN 8922961 AND 8932960
	Aggregate  (cost=33222.69..33222.70 rows=1 width=8)
	  ->  Bitmap Heap Scan on sbtest2  (cost=306.58..33198.76 rows=9575 width=4)
	        Recheck Cond: ((id >= 8922961) AND (id <= 8932960))
	        ->  Bitmap Index Scan on sbtest2_pkey  (cost=0.00..304.19 rows=9575 width=0)
	              Index Cond: ((id >= 8922961) AND (id <= 8932960))

table 3 : explain SELECT SUM(k) FROM sbtest3 WHERE id BETWEEN 1651540 AND 1661539
	Aggregate  (cost=36664.34..36664.35 rows=1 width=8)
	  ->  Bitmap Heap Scan on sbtest3  (cost=341.77..36637.67 rows=10667 width=4)
	        Recheck Cond: ((id >= 1651540) AND (id <= 1661539))
	        ->  Bitmap Index Scan on sbtest3_pkey  (cost=0.00..339.11 rows=10667 width=0)
	              Index Cond: ((id >= 1651540) AND (id <= 1661539))

table 4 : explain SELECT SUM(k) FROM sbtest4 WHERE id BETWEEN 2973516 AND 2983515
	Aggregate  (cost=34831.80..34831.81 rows=1 width=8)
	  ->  Bitmap Heap Scan on sbtest4  (cost=322.95..34806.80 rows=10001 width=4)
	        Recheck Cond: ((id >= 2973516) AND (id <= 2983515))
	        ->  Bitmap Index Scan on sbtest4_pkey  (cost=0.00..320.44 rows=10001 width=0)
	              Index Cond: ((id >= 2973516) AND (id <= 2983515))

table 5 : explain SELECT SUM(k) FROM sbtest5 WHERE id BETWEEN 2022186 AND 2032185
	Aggregate  (cost=33896.06..33896.07 rows=1 width=8)
	  ->  Bitmap Heap Scan on sbtest5  (cost=311.94..33871.79 rows=9708 width=4)
	        Recheck Cond: ((id >= 2022186) AND (id <= 2032185))
	        ->  Bitmap Index Scan on sbtest5_pkey  (cost=0.00..309.51 rows=9708 width=0)
	              Index Cond: ((id >= 2022186) AND (id <= 2032185))

table 6 : explain SELECT SUM(k) FROM sbtest6 WHERE id BETWEEN 5725281 AND 5735280
	Aggregate  (cost=34716.41..34716.42 rows=1 width=8)
	  ->  Bitmap Heap Scan on sbtest6  (cost=319.31..34691.32 rows=10037 width=4)
	        Recheck Cond: ((id >= 5725281) AND (id <= 5735280))
	        ->  Bitmap Index Scan on sbtest6_pkey  (cost=0.00..316.81 rows=10037 width=0)
	              Index Cond: ((id >= 5725281) AND (id <= 5735280))

table 7 : explain SELECT SUM(k) FROM sbtest7 WHERE id BETWEEN 5260507 AND 5270506
	Aggregate  (cost=34438.83..34438.84 rows=1 width=8)
	  ->  Bitmap Heap Scan on sbtest7  (cost=322.63..34413.91 rows=9970 width=4)
	        Recheck Cond: ((id >= 5260507) AND (id <= 5270506))
	        ->  Bitmap Index Scan on sbtest7_pkey  (cost=0.00..320.13 rows=9970 width=0)
	              Index Cond: ((id >= 5260507) AND (id <= 5270506))

table 8 : explain SELECT SUM(k) FROM sbtest8 WHERE id BETWEEN 4211667 AND 4221666
	Aggregate  (cost=32876.12..32876.13 rows=1 width=8)
	  ->  Bitmap Heap Scan on sbtest8  (cost=305.46..32852.46 rows=9466 width=4)
	        Recheck Cond: ((id >= 4211667) AND (id <= 4221666))
	        ->  Bitmap Index Scan on sbtest8_pkey  (cost=0.00..303.09 rows=9466 width=0)
	              Index Cond: ((id >= 4211667) AND (id <= 4221666))

explain: for point_selects :: explain SELECT c FROM sbtest%u WHERE id=%u
for: order_ranges
table 1 : explain SELECT c FROM sbtest1 WHERE id BETWEEN 1874089 AND 1884088 ORDER BY c
	Sort  (cost=32623.15..32646.17 rows=9209 width=121)
	  Sort Key: c
	  ->  Bitmap Heap Scan on sbtest1  (cost=290.83..32016.79 rows=9209 width=121)
	        Recheck Cond: ((id >= 1874089) AND (id <= 1884088))
	        ->  Bitmap Index Scan on sbtest1_pkey  (cost=0.00..288.53 rows=9209 width=0)
	              Index Cond: ((id >= 1874089) AND (id <= 1884088))

table 2 : explain SELECT c FROM sbtest2 WHERE id BETWEEN 7097486 AND 7107485 ORDER BY c
	Sort  (cost=38692.86..38720.60 rows=11096 width=121)
	  Sort Key: c
	  ->  Bitmap Heap Scan on sbtest2  (cost=354.17..37947.33 rows=11096 width=121)
	        Recheck Cond: ((id >= 7097486) AND (id <= 7107485))
	        ->  Bitmap Index Scan on sbtest2_pkey  (cost=0.00..351.40 rows=11096 width=0)
	              Index Cond: ((id >= 7097486) AND (id <= 7107485))

table 3 : explain SELECT c FROM sbtest3 WHERE id BETWEEN 8080877 AND 8090876 ORDER BY c
	Sort  (cost=37809.79..37836.82 rows=10811 width=121)
	  Sort Key: c
	  ->  Bitmap Heap Scan on sbtest3  (cost=347.25..37085.44 rows=10811 width=121)
	        Recheck Cond: ((id >= 8080877) AND (id <= 8090876))
	        ->  Bitmap Index Scan on sbtest3_pkey  (cost=0.00..344.55 rows=10811 width=0)
	              Index Cond: ((id >= 8080877) AND (id <= 8090876))

table 4 : explain SELECT c FROM sbtest4 WHERE id BETWEEN 3718026 AND 3728025 ORDER BY c
	Sort  (cost=39925.67..39954.14 rows=11385 width=121)
	  Sort Key: c
	  ->  Bitmap Heap Scan on sbtest4  (cost=365.13..39158.62 rows=11385 width=121)
	        Recheck Cond: ((id >= 3718026) AND (id <= 3728025))
	        ->  Bitmap Index Scan on sbtest4_pkey  (cost=0.00..362.29 rows=11385 width=0)
	              Index Cond: ((id >= 3718026) AND (id <= 3728025))

table 5 : explain SELECT c FROM sbtest5 WHERE id BETWEEN 3297564 AND 3307563 ORDER BY c
	Sort  (cost=34481.24..34505.48 rows=9697 width=121)
	  Sort Key: c
	  ->  Bitmap Heap Scan on sbtest5  (cost=311.83..33839.13 rows=9697 width=121)
	        Recheck Cond: ((id >= 3297564) AND (id <= 3307563))
	        ->  Bitmap Index Scan on sbtest5_pkey  (cost=0.00..309.41 rows=9697 width=0)
	              Index Cond: ((id >= 3297564) AND (id <= 3307563))

table 6 : explain SELECT c FROM sbtest6 WHERE id BETWEEN 6783709 AND 6793708 ORDER BY c
	Sort  (cost=37549.71..37576.51 rows=10722 width=121)
	  Sort Key: c
	  ->  Bitmap Heap Scan on sbtest6  (cost=342.34..36831.96 rows=10722 width=121)
	        Recheck Cond: ((id >= 6783709) AND (id <= 6793708))
	        ->  Bitmap Index Scan on sbtest6_pkey  (cost=0.00..339.66 rows=10722 width=0)
	              Index Cond: ((id >= 6783709) AND (id <= 6793708))

table 7 : explain SELECT c FROM sbtest7 WHERE id BETWEEN 6165555 AND 6175554 ORDER BY c
	Sort  (cost=33634.62..33658.42 rows=9523 width=121)
	  Sort Key: c
	  ->  Bitmap Heap Scan on sbtest7  (cost=306.05..33005.28 rows=9523 width=121)
	        Recheck Cond: ((id >= 6165555) AND (id <= 6175554))
	        ->  Bitmap Index Scan on sbtest7_pkey  (cost=0.00..303.67 rows=9523 width=0)
	              Index Cond: ((id >= 6165555) AND (id <= 6175554))

table 8 : explain SELECT c FROM sbtest8 WHERE id BETWEEN 1895120 AND 1905119 ORDER BY c
	Sort  (cost=34623.87..34648.42 rows=9821 width=121)
	  Sort Key: c
	  ->  Bitmap Heap Scan on sbtest8  (cost=317.10..33972.66 rows=9821 width=121)
	        Recheck Cond: ((id >= 1895120) AND (id <= 1905119))
	        ->  Bitmap Index Scan on sbtest8_pkey  (cost=0.00..314.65 rows=9821 width=0)
	              Index Cond: ((id >= 1895120) AND (id <= 1905119))

for: simple_ranges
table 1 : explain SELECT c FROM sbtest1 WHERE id BETWEEN 831165 AND 841164
	Bitmap Heap Scan on sbtest1  (cost=338.51..36814.70 rows=10739 width=121)
	  Recheck Cond: ((id >= 831165) AND (id <= 841164))
	  ->  Bitmap Index Scan on sbtest1_pkey  (cost=0.00..335.82 rows=10739 width=0)
	        Index Cond: ((id >= 831165) AND (id <= 841164))

table 2 : explain SELECT c FROM sbtest2 WHERE id BETWEEN 1651363 AND 1661362
	Bitmap Heap Scan on sbtest2  (cost=308.24..33706.35 rows=9737 width=121)
	  Recheck Cond: ((id >= 1651363) AND (id <= 1661362))
	  ->  Bitmap Index Scan on sbtest2_pkey  (cost=0.00..305.81 rows=9737 width=0)
	        Index Cond: ((id >= 1651363) AND (id <= 1661362))

table 3 : explain SELECT c FROM sbtest3 WHERE id BETWEEN 9547556 AND 9557555
	Bitmap Heap Scan on sbtest3  (cost=330.04..35502.47 rows=10303 width=121)
	  Recheck Cond: ((id >= 9547556) AND (id <= 9557555))
	  ->  Bitmap Index Scan on sbtest3_pkey  (cost=0.00..327.46 rows=10303 width=0)
	        Index Cond: ((id >= 9547556) AND (id <= 9557555))

table 4 : explain SELECT c FROM sbtest4 WHERE id BETWEEN 686873 AND 696872
	Bitmap Heap Scan on sbtest4  (cost=340.60..36553.29 rows=10553 width=121)
	  Recheck Cond: ((id >= 686873) AND (id <= 696872))
	  ->  Bitmap Index Scan on sbtest4_pkey  (cost=0.00..337.96 rows=10553 width=0)
	        Index Cond: ((id >= 686873) AND (id <= 696872))

table 5 : explain SELECT c FROM sbtest5 WHERE id BETWEEN 6032371 AND 6042370
	Bitmap Heap Scan on sbtest5  (cost=305.09..32985.08 rows=9430 width=121)
	  Recheck Cond: ((id >= 6032371) AND (id <= 6042370))
	  ->  Bitmap Index Scan on sbtest5_pkey  (cost=0.00..302.74 rows=9430 width=0)
	        Index Cond: ((id >= 6032371) AND (id <= 6042370))

table 6 : explain SELECT c FROM sbtest6 WHERE id BETWEEN 9773181 AND 9783180
	Bitmap Heap Scan on sbtest6  (cost=353.73..37860.76 rows=11053 width=121)
	  Recheck Cond: ((id >= 9773181) AND (id <= 9783180))
	  ->  Bitmap Index Scan on sbtest6_pkey  (cost=0.00..350.96 rows=11053 width=0)
	        Index Cond: ((id >= 9773181) AND (id <= 9783180))

table 7 : explain SELECT c FROM sbtest7 WHERE id BETWEEN 997814 AND 1007813
	Bitmap Heap Scan on sbtest7  (cost=275.87..29847.28 rows=8530 width=121)
	  Recheck Cond: ((id >= 997814) AND (id <= 1007813))
	  ->  Bitmap Index Scan on sbtest7_pkey  (cost=0.00..273.74 rows=8530 width=0)
	        Index Cond: ((id >= 997814) AND (id <= 1007813))

table 8 : explain SELECT c FROM sbtest8 WHERE id BETWEEN 3287189 AND 3297188
	Bitmap Heap Scan on sbtest8  (cost=330.32..35566.08 rows=10330 width=121)
	  Recheck Cond: ((id >= 3287189) AND (id <= 3297188))
	  ->  Bitmap Index Scan on sbtest8_pkey  (cost=0.00..327.74 rows=10330 width=0)
	        Index Cond: ((id >= 3287189) AND (id <= 3297188))

for: sum_ranges
table 1 : explain SELECT SUM(k) FROM sbtest1 WHERE id BETWEEN 7159034 AND 7169033
	Aggregate  (cost=36182.65..36182.66 rows=1 width=8)
	  ->  Bitmap Heap Scan on sbtest1  (cost=332.34..36156.34 rows=10527 width=4)
	        Recheck Cond: ((id >= 7159034) AND (id <= 7169033))
	        ->  Bitmap Index Scan on sbtest1_pkey  (cost=0.00..329.70 rows=10527 width=0)
	              Index Cond: ((id >= 7159034) AND (id <= 7169033))

table 2 : explain SELECT SUM(k) FROM sbtest2 WHERE id BETWEEN 4176291 AND 4186290
	Aggregate  (cost=37040.11..37040.12 rows=1 width=8)
	  ->  Bitmap Heap Scan on sbtest2  (cost=343.07..37013.13 rows=10794 width=4)
	        Recheck Cond: ((id >= 4176291) AND (id <= 4186290))
	        ->  Bitmap Index Scan on sbtest2_pkey  (cost=0.00..340.38 rows=10794 width=0)
	              Index Cond: ((id >= 4176291) AND (id <= 4186290))

table 3 : explain SELECT SUM(k) FROM sbtest3 WHERE id BETWEEN 3128721 AND 3138720
	Aggregate  (cost=33535.69..33535.70 rows=1 width=8)
	  ->  Bitmap Heap Scan on sbtest3  (cost=307.55..33511.52 rows=9670 width=4)
	        Recheck Cond: ((id >= 3128721) AND (id <= 3138720))
	        ->  Bitmap Index Scan on sbtest3_pkey  (cost=0.00..305.13 rows=9670 width=0)
	              Index Cond: ((id >= 3128721) AND (id <= 3138720))

table 4 : explain SELECT SUM(k) FROM sbtest4 WHERE id BETWEEN 8553607 AND 8563606
	Aggregate  (cost=35557.45..35557.46 rows=1 width=8)
	  ->  Bitmap Heap Scan on sbtest4  (cost=329.29..35531.88 rows=10230 width=4)
	        Recheck Cond: ((id >= 8553607) AND (id <= 8563606))
	        ->  Bitmap Index Scan on sbtest4_pkey  (cost=0.00..326.74 rows=10230 width=0)
	              Index Cond: ((id >= 8553607) AND (id <= 8563606))

table 5 : explain SELECT SUM(k) FROM sbtest5 WHERE id BETWEEN 1464522 AND 1474521
	Aggregate  (cost=34161.24..34161.25 rows=1 width=8)
	  ->  Bitmap Heap Scan on sbtest5  (cost=316.78..34136.77 rows=9790 width=4)
	        Recheck Cond: ((id >= 1464522) AND (id <= 1474521))
	        ->  Bitmap Index Scan on sbtest5_pkey  (cost=0.00..314.33 rows=9790 width=0)
	              Index Cond: ((id >= 1464522) AND (id <= 1474521))

table 6 : explain SELECT SUM(k) FROM sbtest6 WHERE id BETWEEN 3845815 AND 3855814
	Aggregate  (cost=36073.06..36073.07 rows=1 width=8)
	  ->  Bitmap Heap Scan on sbtest6  (cost=335.74..36046.89 rows=10469 width=4)
	        Recheck Cond: ((id >= 3845815) AND (id <= 3855814))
	        ->  Bitmap Index Scan on sbtest6_pkey  (cost=0.00..333.12 rows=10469 width=0)
	              Index Cond: ((id >= 3845815) AND (id <= 3855814))

table 7 : explain SELECT SUM(k) FROM sbtest7 WHERE id BETWEEN 3727390 AND 3737389
	Aggregate  (cost=30602.67..30602.68 rows=1 width=8)
	  ->  Bitmap Heap Scan on sbtest7  (cost=282.21..30580.77 rows=8759 width=4)
	        Recheck Cond: ((id >= 3727390) AND (id <= 3737389))
	        ->  Bitmap Index Scan on sbtest7_pkey  (cost=0.00..280.03 rows=8759 width=0)
	              Index Cond: ((id >= 3727390) AND (id <= 3737389))

table 8 : explain SELECT SUM(k) FROM sbtest8 WHERE id BETWEEN 6753661 AND 6763660
	Aggregate  (cost=39818.40..39818.41 rows=1 width=8)
	  ->  Bitmap Heap Scan on sbtest8  (cost=376.32..39789.16 rows=11696 width=4)
	        Recheck Cond: ((id >= 6753661) AND (id <= 6763660))
	        ->  Bitmap Index Scan on sbtest8_pkey  (cost=0.00..373.40 rows=11696 width=0)
	              Index Cond: ((id >= 6753661) AND (id <= 6763660))

for: order_ranges
table 1 : explain SELECT c FROM sbtest1 WHERE id BETWEEN 5197478 AND 5207477 ORDER BY c
	Sort  (cost=33921.10..33945.13 rows=9610 width=121)
	  Sort Key: c
	  ->  Bitmap Heap Scan on sbtest1  (cost=302.94..33285.38 rows=9610 width=121)
	        Recheck Cond: ((id >= 5197478) AND (id <= 5207477))
	        ->  Bitmap Index Scan on sbtest1_pkey  (cost=0.00..300.54 rows=9610 width=0)
	              Index Cond: ((id >= 5197478) AND (id <= 5207477))

table 2 : explain SELECT c FROM sbtest2 WHERE id BETWEEN 5344205 AND 5354204 ORDER BY c
	Sort  (cost=34774.87..34799.54 rows=9868 width=121)
	  Sort Key: c
	  ->  Bitmap Heap Scan on sbtest2  (cost=313.58..34120.20 rows=9868 width=121)
	        Recheck Cond: ((id >= 5344205) AND (id <= 5354204))
	        ->  Bitmap Index Scan on sbtest2_pkey  (cost=0.00..311.12 rows=9868 width=0)
	              Index Cond: ((id >= 5344205) AND (id <= 5354204))

table 3 : explain SELECT c FROM sbtest3 WHERE id BETWEEN 4267008 AND 4277007 ORDER BY c
	Sort  (cost=34509.65..34534.10 rows=9781 width=121)
	  Sort Key: c
	  ->  Bitmap Heap Scan on sbtest3  (cost=312.69..33861.37 rows=9781 width=121)
	        Recheck Cond: ((id >= 4267008) AND (id <= 4277007))
	        ->  Bitmap Index Scan on sbtest3_pkey  (cost=0.00..310.25 rows=9781 width=0)
	              Index Cond: ((id >= 4267008) AND (id <= 4277007))

table 4 : explain SELECT c FROM sbtest4 WHERE id BETWEEN 3504575 AND 3514574 ORDER BY c
	Sort  (cost=37108.86..37135.12 rows=10507 width=121)
	  Sort Key: c
	  ->  Bitmap Heap Scan on sbtest4  (cost=336.13..36407.04 rows=10507 width=121)
	        Recheck Cond: ((id >= 3504575) AND (id <= 3514574))
	        ->  Bitmap Index Scan on sbtest4_pkey  (cost=0.00..333.50 rows=10507 width=0)
	              Index Cond: ((id >= 3504575) AND (id <= 3514574))

table 5 : explain SELECT c FROM sbtest5 WHERE id BETWEEN 8767065 AND 8777064 ORDER BY c
	Sort  (cost=36397.43..36423.15 rows=10287 width=121)
	  Sort Key: c
	  ->  Bitmap Heap Scan on sbtest5  (cost=329.88..35711.88 rows=10287 width=121)
	        Recheck Cond: ((id >= 8767065) AND (id <= 8777064))
	        ->  Bitmap Index Scan on sbtest5_pkey  (cost=0.00..327.31 rows=10287 width=0)
	              Index Cond: ((id >= 8767065) AND (id <= 8777064))

table 6 : explain SELECT c FROM sbtest6 WHERE id BETWEEN 9255840 AND 9265839 ORDER BY c
	Sort  (cost=33815.59..33839.48 rows=9559 width=121)
	  Sort Key: c
	  ->  Bitmap Heap Scan on sbtest6  (cost=306.41..33183.61 rows=9559 width=121)
	        Recheck Cond: ((id >= 9255840) AND (id <= 9265839))
	        ->  Bitmap Index Scan on sbtest6_pkey  (cost=0.00..304.03 rows=9559 width=0)
	              Index Cond: ((id >= 9255840) AND (id <= 9265839))

table 7 : explain SELECT c FROM sbtest7 WHERE id BETWEEN 2597386 AND 2607385 ORDER BY c
	Sort  (cost=35573.51..35598.83 rows=10125 width=121)
	  Sort Key: c
	  ->  Bitmap Heap Scan on sbtest7  (cost=328.22..34899.92 rows=10125 width=121)
	        Recheck Cond: ((id >= 2597386) AND (id <= 2607385))
	        ->  Bitmap Index Scan on sbtest7_pkey  (cost=0.00..325.69 rows=10125 width=0)
	              Index Cond: ((id >= 2597386) AND (id <= 2607385))

table 8 : explain SELECT c FROM sbtest8 WHERE id BETWEEN 3018739 AND 3028738 ORDER BY c
	Sort  (cost=33742.71..33766.58 rows=9548 width=121)
	  Sort Key: c
	  ->  Bitmap Heap Scan on sbtest8  (cost=306.30..33111.54 rows=9548 width=121)
	        Recheck Cond: ((id >= 3018739) AND (id <= 3028738))
	        ->  Bitmap Index Scan on sbtest8_pkey  (cost=0.00..303.92 rows=9548 width=0)
	              Index Cond: ((id >= 3018739) AND (id <= 3028738))

for: distinct_ranges
table 1 : explain SELECT DISTINCT c FROM sbtest1 WHERE id BETWEEN 9817118 AND 9827117 ORDER BY c
	Unique  (cost=36338.00..36389.82 rows=10363 width=121)
	  ->  Sort  (cost=36338.00..36363.91 rows=10363 width=121)
	        Sort Key: c
	        ->  Bitmap Heap Scan on sbtest1  (cost=326.66..35646.83 rows=10363 width=121)
	              Recheck Cond: ((id >= 9817118) AND (id <= 9827117))
	              ->  Bitmap Index Scan on sbtest1_pkey  (cost=0.00..324.06 rows=10363 width=0)
	                    Index Cond: ((id >= 9817118) AND (id <= 9827117))

table 2 : explain SELECT DISTINCT c FROM sbtest2 WHERE id BETWEEN 232931 AND 242930 ORDER BY c
	Unique  (cost=36307.43..36359.15 rows=10345 width=121)
	  ->  Sort  (cost=36307.43..36333.29 rows=10345 width=121)
	        Sort Key: c
	        ->  Bitmap Heap Scan on sbtest2  (cost=330.47..35617.59 rows=10345 width=121)
	              Recheck Cond: ((id >= 232931) AND (id <= 242930))
	              ->  Bitmap Index Scan on sbtest2_pkey  (cost=0.00..327.88 rows=10345 width=0)
	                    Index Cond: ((id >= 232931) AND (id <= 242930))

table 3 : explain SELECT DISTINCT c FROM sbtest3 WHERE id BETWEEN 6913321 AND 6923320 ORDER BY c
	Unique  (cost=36928.25..36980.93 rows=10535 width=121)
	  ->  Sort  (cost=36928.25..36954.59 rows=10535 width=121)
	        Sort Key: c
	        ->  Bitmap Heap Scan on sbtest3  (cost=336.42..36224.36 rows=10535 width=121)
	              Recheck Cond: ((id >= 6913321) AND (id <= 6923320))
	              ->  Bitmap Index Scan on sbtest3_pkey  (cost=0.00..333.79 rows=10535 width=0)
	                    Index Cond: ((id >= 6913321) AND (id <= 6923320))

table 4 : explain SELECT DISTINCT c FROM sbtest4 WHERE id BETWEEN 787103 AND 797102 ORDER BY c
	Unique  (cost=35307.50..35357.26 rows=9952 width=121)
	  ->  Sort  (cost=35307.50..35332.38 rows=9952 width=121)
	        Sort Key: c
	        ->  Bitmap Heap Scan on sbtest4  (cost=318.44..34646.65 rows=9952 width=121)
	              Recheck Cond: ((id >= 787103) AND (id <= 797102))
	              ->  Bitmap Index Scan on sbtest4_pkey  (cost=0.00..315.95 rows=9952 width=0)
	                    Index Cond: ((id >= 787103) AND (id <= 797102))

table 5 : explain SELECT DISTINCT c FROM sbtest5 WHERE id BETWEEN 789207 AND 799206 ORDER BY c
	Unique  (cost=32767.59..32813.47 rows=9175 width=121)
	  ->  Sort  (cost=32767.59..32790.53 rows=9175 width=121)
	        Sort Key: c
	        ->  Bitmap Heap Scan on sbtest5  (cost=294.48..32163.72 rows=9175 width=121)
	              Recheck Cond: ((id >= 789207) AND (id <= 799206))
	              ->  Bitmap Index Scan on sbtest5_pkey  (cost=0.00..292.19 rows=9175 width=0)
	                    Index Cond: ((id >= 789207) AND (id <= 799206))

table 6 : explain SELECT DISTINCT c FROM sbtest6 WHERE id BETWEEN 1069740 AND 1079739 ORDER BY c
	Unique  (cost=31259.81..31303.68 rows=8774 width=121)
	  ->  Sort  (cost=31259.81..31281.74 rows=8774 width=121)
	        Sort Key: c
	        ->  Bitmap Heap Scan on sbtest6  (cost=282.37..30685.15 rows=8774 width=121)
	              Recheck Cond: ((id >= 1069740) AND (id <= 1079739))
	              ->  Bitmap Index Scan on sbtest6_pkey  (cost=0.00..280.18 rows=8774 width=0)
	                    Index Cond: ((id >= 1069740) AND (id <= 1079739))

table 7 : explain SELECT DISTINCT c FROM sbtest7 WHERE id BETWEEN 353584 AND 363583 ORDER BY c
	Unique  (cost=33210.58..33257.54 rows=9391 width=121)
	  ->  Sort  (cost=33210.58..33234.06 rows=9391 width=121)
	        Sort Key: c
	        ->  Bitmap Heap Scan on sbtest7  (cost=304.69..32590.92 rows=9391 width=121)
	              Recheck Cond: ((id >= 353584) AND (id <= 363583))
	              ->  Bitmap Index Scan on sbtest7_pkey  (cost=0.00..302.34 rows=9391 width=0)
	                    Index Cond: ((id >= 353584) AND (id <= 363583))

table 8 : explain SELECT DISTINCT c FROM sbtest8 WHERE id BETWEEN 494494 AND 504493 ORDER BY c
	Unique  (cost=33639.99..33687.57 rows=9516 width=121)
	  ->  Sort  (cost=33639.99..33663.78 rows=9516 width=121)
	        Sort Key: c
	        ->  Bitmap Heap Scan on sbtest8  (cost=305.97..33011.17 rows=9516 width=121)
	              Recheck Cond: ((id >= 494494) AND (id <= 504493))
	              ->  Bitmap Index Scan on sbtest8_pkey  (cost=0.00..303.59 rows=9516 width=0)
	                    Index Cond: ((id >= 494494) AND (id <= 504493))

for: simple_ranges
table 1 : explain SELECT c FROM sbtest1 WHERE id BETWEEN 3178919 AND 3188918
	Bitmap Heap Scan on sbtest1  (cost=302.12..33036.35 rows=9530 width=121)
	  Recheck Cond: ((id >= 3178919) AND (id <= 3188918))
	  ->  Bitmap Index Scan on sbtest1_pkey  (cost=0.00..299.74 rows=9530 width=0)
	        Index Cond: ((id >= 3178919) AND (id <= 3188918))

table 2 : explain SELECT c FROM sbtest2 WHERE id BETWEEN 9323528 AND 9333527
	Bitmap Heap Scan on sbtest2  (cost=324.85..35122.64 rows=10187 width=121)
	  Recheck Cond: ((id >= 9323528) AND (id <= 9333527))
	  ->  Bitmap Index Scan on sbtest2_pkey  (cost=0.00..322.31 rows=10187 width=0)
	        Index Cond: ((id >= 9323528) AND (id <= 9333527))

table 3 : explain SELECT c FROM sbtest3 WHERE id BETWEEN 3009927 AND 3019926
	Bitmap Heap Scan on sbtest3  (cost=347.77..37241.70 rows=10862 width=121)
	  Recheck Cond: ((id >= 3009927) AND (id <= 3019926))
	  ->  Bitmap Index Scan on sbtest3_pkey  (cost=0.00..345.06 rows=10862 width=0)
	        Index Cond: ((id >= 3009927) AND (id <= 3019926))

table 4 : explain SELECT c FROM sbtest4 WHERE id BETWEEN 9440391 AND 9450390
	Bitmap Heap Scan on sbtest4  (cost=340.81..36614.69 rows=10573 width=121)
	  Recheck Cond: ((id >= 9440391) AND (id <= 9450390))
	  ->  Bitmap Index Scan on sbtest4_pkey  (cost=0.00..338.17 rows=10573 width=0)
	        Index Cond: ((id >= 9440391) AND (id <= 9450390))

table 5 : explain SELECT c FROM sbtest5 WHERE id BETWEEN 1634328 AND 1644327
	Bitmap Heap Scan on sbtest5  (cost=328.95..35429.68 rows=10197 width=121)
	  Recheck Cond: ((id >= 1634328) AND (id <= 1644327))
	  ->  Bitmap Index Scan on sbtest5_pkey  (cost=0.00..326.41 rows=10197 width=0)
	        Index Cond: ((id >= 1634328) AND (id <= 1644327))

table 6 : explain SELECT c FROM sbtest6 WHERE id BETWEEN 6617193 AND 6627192
	Bitmap Heap Scan on sbtest6  (cost=300.13..32478.41 rows=9336 width=121)
	  Recheck Cond: ((id >= 6617193) AND (id <= 6627192))
	  ->  Bitmap Index Scan on sbtest6_pkey  (cost=0.00..297.80 rows=9336 width=0)
	        Index Cond: ((id >= 6617193) AND (id <= 6627192))

table 7 : explain SELECT c FROM sbtest7 WHERE id BETWEEN 4292874 AND 4302873
	Bitmap Heap Scan on sbtest7  (cost=329.78..35374.60 rows=10278 width=121)
	  Recheck Cond: ((id >= 4292874) AND (id <= 4302873))
	  ->  Bitmap Index Scan on sbtest7_pkey  (cost=0.00..327.21 rows=10278 width=0)
	        Index Cond: ((id >= 4292874) AND (id <= 4302873))

table 8 : explain SELECT c FROM sbtest8 WHERE id BETWEEN 1864642 AND 1874641
	Bitmap Heap Scan on sbtest8  (cost=317.10..33972.66 rows=9821 width=121)
	  Recheck Cond: ((id >= 1864642) AND (id <= 1874641))
	  ->  Bitmap Index Scan on sbtest8_pkey  (cost=0.00..314.65 rows=9821 width=0)
	        Index Cond: ((id >= 1864642) AND (id <= 1874641))

for: simple_ranges
table 1 : explain SELECT c FROM sbtest1 WHERE id BETWEEN 86870 AND 96869
	Bitmap Heap Scan on sbtest1  (cost=327.64..35944.49 rows=10459 width=121)
	  Recheck Cond: ((id >= 86870) AND (id <= 96869))
	  ->  Bitmap Index Scan on sbtest1_pkey  (cost=0.00..325.03 rows=10459 width=0)
	        Index Cond: ((id >= 86870) AND (id <= 96869))

table 2 : explain SELECT c FROM sbtest2 WHERE id BETWEEN 9284544 AND 9294543
	Bitmap Heap Scan on sbtest2  (cost=324.85..35122.64 rows=10187 width=121)
	  Recheck Cond: ((id >= 9284544) AND (id <= 9294543))
	  ->  Bitmap Index Scan on sbtest2_pkey  (cost=0.00..322.31 rows=10187 width=0)
	        Index Cond: ((id >= 9284544) AND (id <= 9294543))

table 3 : explain SELECT c FROM sbtest3 WHERE id BETWEEN 466463 AND 476462
	Bitmap Heap Scan on sbtest3  (cost=305.94..33019.41 rows=9513 width=121)
	  Recheck Cond: ((id >= 466463) AND (id <= 476462))
	  ->  Bitmap Index Scan on sbtest3_pkey  (cost=0.00..303.56 rows=9513 width=0)
	        Index Cond: ((id >= 466463) AND (id <= 476462))

table 4 : explain SELECT c FROM sbtest4 WHERE id BETWEEN 8776827 AND 8786826
	Bitmap Heap Scan on sbtest4  (cost=328.81..35382.63 rows=10183 width=121)
	  Recheck Cond: ((id >= 8776827) AND (id <= 8786826))
	  ->  Bitmap Index Scan on sbtest4_pkey  (cost=0.00..326.26 rows=10183 width=0)
	        Index Cond: ((id >= 8776827) AND (id <= 8786826))

table 5 : explain SELECT c FROM sbtest5 WHERE id BETWEEN 873794 AND 883793
	Bitmap Heap Scan on sbtest5  (cost=293.60..31887.66 rows=9089 width=121)
	  Recheck Cond: ((id >= 873794) AND (id <= 883793))
	  ->  Bitmap Index Scan on sbtest5_pkey  (cost=0.00..291.32 rows=9089 width=0)
	        Index Cond: ((id >= 873794) AND (id <= 883793))

table 6 : explain SELECT c FROM sbtest6 WHERE id BETWEEN 9300325 AND 9310324
	Bitmap Heap Scan on sbtest6  (cost=306.41..33183.61 rows=9559 width=121)
	  Recheck Cond: ((id >= 9300325) AND (id <= 9310324))
	  ->  Bitmap Index Scan on sbtest6_pkey  (cost=0.00..304.03 rows=9559 width=0)
	        Index Cond: ((id >= 9300325) AND (id <= 9310324))

table 7 : explain SELECT c FROM sbtest7 WHERE id BETWEEN 5448443 AND 5458442
	Bitmap Heap Scan on sbtest7  (cost=317.91..34191.10 rows=9900 width=121)
	  Recheck Cond: ((id >= 5448443) AND (id <= 5458442))
	  ->  Bitmap Index Scan on sbtest7_pkey  (cost=0.00..315.44 rows=9900 width=0)
	        Index Cond: ((id >= 5448443) AND (id <= 5458442))

table 8 : explain SELECT c FROM sbtest8 WHERE id BETWEEN 2800260 AND 2810259
	Bitmap Heap Scan on sbtest8  (cost=294.59..31964.76 rows=9186 width=121)
	  Recheck Cond: ((id >= 2800260) AND (id <= 2810259))
	  ->  Bitmap Index Scan on sbtest8_pkey  (cost=0.00..292.30 rows=9186 width=0)
	        Index Cond: ((id >= 2800260) AND (id <= 2810259))

for point_selects
table 1 : explain SELECT c FROM sbtest1 WHERE id=8899111
	Index Scan using sbtest1_pkey on sbtest1  (cost=0.43..8.45 rows=1 width=121)
	  Index Cond: (id = 8899111)

table 2 : explain SELECT c FROM sbtest2 WHERE id=8826551
	Index Scan using sbtest2_pkey on sbtest2  (cost=0.43..8.45 rows=1 width=121)
	  Index Cond: (id = 8826551)

table 3 : explain SELECT c FROM sbtest3 WHERE id=8001917
	Index Scan using sbtest3_pkey on sbtest3  (cost=0.43..8.45 rows=1 width=121)
	  Index Cond: (id = 8001917)

table 4 : explain SELECT c FROM sbtest4 WHERE id=4019337
	Index Scan using sbtest4_pkey on sbtest4  (cost=0.43..8.45 rows=1 width=121)
	  Index Cond: (id = 4019337)

table 5 : explain SELECT c FROM sbtest5 WHERE id=4181653
	Index Scan using sbtest5_pkey on sbtest5  (cost=0.43..8.45 rows=1 width=121)
	  Index Cond: (id = 4181653)

table 6 : explain SELECT c FROM sbtest6 WHERE id=5283788
	Index Scan using sbtest6_pkey on sbtest6  (cost=0.43..8.45 rows=1 width=121)
	  Index Cond: (id = 5283788)

table 7 : explain SELECT c FROM sbtest7 WHERE id=8716292
	Index Scan using sbtest7_pkey on sbtest7  (cost=0.43..8.45 rows=1 width=121)
	  Index Cond: (id = 8716292)

table 8 : explain SELECT c FROM sbtest8 WHERE id=2976977
	Index Scan using sbtest8_pkey on sbtest8  (cost=0.43..8.45 rows=1 width=121)
	  Index Cond: (id = 2976977)

for: sum_ranges
table 1 : explain SELECT SUM(k) FROM sbtest1 WHERE id BETWEEN 2858165 AND 2868164
	Aggregate  (cost=33872.45..33872.46 rows=1 width=8)
	  ->  Bitmap Heap Scan on sbtest1  (cost=308.77..33847.98 rows=9789 width=4)
	        Recheck Cond: ((id >= 2858165) AND (id <= 2868164))
	        ->  Bitmap Index Scan on sbtest1_pkey  (cost=0.00..306.32 rows=9789 width=0)
	              Index Cond: ((id >= 2858165) AND (id <= 2868164))

table 2 : explain SELECT SUM(k) FROM sbtest2 WHERE id BETWEEN 5080265 AND 5090264
	Aggregate  (cost=35896.79..35896.80 rows=1 width=8)
	  ->  Bitmap Heap Scan on sbtest2  (cost=331.31..35870.73 rows=10427 width=4)
	        Recheck Cond: ((id >= 5080265) AND (id <= 5090264))
	        ->  Bitmap Index Scan on sbtest2_pkey  (cost=0.00..328.70 rows=10427 width=0)
	              Index Cond: ((id >= 5080265) AND (id <= 5090264))

table 3 : explain SELECT SUM(k) FROM sbtest3 WHERE id BETWEEN 8884486 AND 8894485
	Aggregate  (cost=30542.80..30542.81 rows=1 width=8)
	  ->  Bitmap Heap Scan on sbtest3  (cost=277.92..30520.97 rows=8730 width=4)
	        Recheck Cond: ((id >= 8884486) AND (id <= 8894485))
	        ->  Bitmap Index Scan on sbtest3_pkey  (cost=0.00..275.74 rows=8730 width=0)
	              Index Cond: ((id >= 8884486) AND (id <= 8894485))

table 4 : explain SELECT SUM(k) FROM sbtest4 WHERE id BETWEEN 5355735 AND 5365734
	Aggregate  (cost=34342.39..34342.40 rows=1 width=8)
	  ->  Bitmap Heap Scan on sbtest4  (cost=317.38..34317.77 rows=9848 width=4)
	        Recheck Cond: ((id >= 5355735) AND (id <= 5365734))
	        ->  Bitmap Index Scan on sbtest4_pkey  (cost=0.00..314.92 rows=9848 width=0)
	              Index Cond: ((id >= 5355735) AND (id <= 5365734))

table 5 : explain SELECT SUM(k) FROM sbtest5 WHERE id BETWEEN 4917877 AND 4927876
	Aggregate  (cost=36308.77..36308.78 rows=1 width=8)
	  ->  Bitmap Heap Scan on sbtest5  (cost=335.72..36282.60 rows=10467 width=4)
	        Recheck Cond: ((id >= 4917877) AND (id <= 4927876))
	        ->  Bitmap Index Scan on sbtest5_pkey  (cost=0.00..333.11 rows=10467 width=0)
	              Index Cond: ((id >= 4917877) AND (id <= 4927876))

table 6 : explain SELECT SUM(k) FROM sbtest6 WHERE id BETWEEN 551395 AND 561394
	Aggregate  (cost=34322.63..34322.64 rows=1 width=8)
	  ->  Bitmap Heap Scan on sbtest6  (cost=318.02..34297.85 rows=9911 width=4)
	        Recheck Cond: ((id >= 551395) AND (id <= 561394))
	        ->  Bitmap Index Scan on sbtest6_pkey  (cost=0.00..315.55 rows=9911 width=0)
	              Index Cond: ((id >= 551395) AND (id <= 561394))

table 7 : explain SELECT SUM(k) FROM sbtest7 WHERE id BETWEEN 8823348 AND 8833347
	Aggregate  (cost=36032.07..36032.08 rows=1 width=8)
	  ->  Bitmap Heap Scan on sbtest7  (cost=335.87..36005.87 rows=10481 width=4)
	        Recheck Cond: ((id >= 8823348) AND (id <= 8833347))
	        ->  Bitmap Index Scan on sbtest7_pkey  (cost=0.00..333.25 rows=10481 width=0)
	              Index Cond: ((id >= 8823348) AND (id <= 8833347))

table 8 : explain SELECT SUM(k) FROM sbtest8 WHERE id BETWEEN 943000 AND 952999
	Aggregate  (cost=34339.19..34339.20 rows=1 width=8)
	  ->  Bitmap Heap Scan on sbtest8  (cost=318.22..34314.37 rows=9930 width=4)
	        Recheck Cond: ((id >= 943000) AND (id <= 952999))
	        ->  Bitmap Index Scan on sbtest8_pkey  (cost=0.00..315.74 rows=9930 width=0)
	              Index Cond: ((id >= 943000) AND (id <= 952999))

for: order_ranges
table 1 : explain SELECT c FROM sbtest1 WHERE id BETWEEN 7156444 AND 7166443 ORDER BY c
	Sort  (cost=36813.76..36840.04 rows=10512 width=121)
	  Sort Key: c
	  ->  Bitmap Heap Scan on sbtest1  (cost=332.18..36111.57 rows=10512 width=121)
	        Recheck Cond: ((id >= 7156444) AND (id <= 7166443))
	        ->  Bitmap Index Scan on sbtest1_pkey  (cost=0.00..329.56 rows=10512 width=0)
	              Index Cond: ((id >= 7156444) AND (id <= 7166443))

table 2 : explain SELECT c FROM sbtest2 WHERE id BETWEEN 8730391 AND 8740390 ORDER BY c
	Sort  (cost=34252.20..34276.46 rows=9706 width=121)
	  Sort Key: c
	  ->  Bitmap Heap Scan on sbtest2  (cost=307.92..33609.44 rows=9706 width=121)
	        Recheck Cond: ((id >= 8730391) AND (id <= 8740390))
	        ->  Bitmap Index Scan on sbtest2_pkey  (cost=0.00..305.50 rows=9706 width=0)
	              Index Cond: ((id >= 8730391) AND (id <= 8740390))

table 3 : explain SELECT c FROM sbtest3 WHERE id BETWEEN 4830498 AND 4840497 ORDER BY c
	Sort  (cost=35018.87..35043.71 rows=9938 width=121)
	  Sort Key: c
	  ->  Bitmap Heap Scan on sbtest3  (cost=318.30..34359.05 rows=9938 width=121)
	        Recheck Cond: ((id >= 4830498) AND (id <= 4840497))
	        ->  Bitmap Index Scan on sbtest3_pkey  (cost=0.00..315.81 rows=9938 width=0)
	              Index Cond: ((id >= 4830498) AND (id <= 4840497))

table 4 : explain SELECT c FROM sbtest4 WHERE id BETWEEN 562091 AND 572090 ORDER BY c
	Sort  (cost=34716.83..34741.26 rows=9771 width=121)
	  Sort Key: c
	  ->  Bitmap Heap Scan on sbtest4  (cost=312.59..34069.30 rows=9771 width=121)
	        Recheck Cond: ((id >= 562091) AND (id <= 572090))
	        ->  Bitmap Index Scan on sbtest4_pkey  (cost=0.00..310.15 rows=9771 width=0)
	              Index Cond: ((id >= 562091) AND (id <= 572090))

table 5 : explain SELECT c FROM sbtest5 WHERE id BETWEEN 5323987 AND 5333986 ORDER BY c
	Sort  (cost=38496.36..38523.70 rows=10937 width=121)
	  Sort Key: c
	  ->  Bitmap Heap Scan on sbtest5  (cost=352.54..37762.66 rows=10937 width=121)
	        Recheck Cond: ((id >= 5323987) AND (id <= 5333986))
	        ->  Bitmap Index Scan on sbtest5_pkey  (cost=0.00..349.81 rows=10937 width=0)
	              Index Cond: ((id >= 5323987) AND (id <= 5333986))

table 6 : explain SELECT c FROM sbtest6 WHERE id BETWEEN 3873555 AND 3883554 ORDER BY c
	Sort  (cost=33659.57..33683.35 rows=9510 width=121)
	  Sort Key: c
	  ->  Bitmap Heap Scan on sbtest6  (cost=305.91..33031.19 rows=9510 width=121)
	        Recheck Cond: ((id >= 3873555) AND (id <= 3883554))
	        ->  Bitmap Index Scan on sbtest6_pkey  (cost=0.00..303.54 rows=9510 width=0)
	              Index Cond: ((id >= 3873555) AND (id <= 3883554))

table 7 : explain SELECT c FROM sbtest7 WHERE id BETWEEN 47593 AND 57592 ORDER BY c
	Sort  (cost=32345.82..32368.63 rows=9125 width=121)
	  Sort Key: c
	  ->  Bitmap Heap Scan on sbtest7  (cost=293.97..31745.60 rows=9125 width=121)
	        Recheck Cond: ((id >= 47593) AND (id <= 57592))
	        ->  Bitmap Index Scan on sbtest7_pkey  (cost=0.00..291.69 rows=9125 width=0)
	              Index Cond: ((id >= 47593) AND (id <= 57592))

table 8 : explain SELECT c FROM sbtest8 WHERE id BETWEEN 2469069 AND 2479068 ORDER BY c
	Sort  (cost=38383.07..38410.57 rows=10999 width=121)
	  Sort Key: c
	  ->  Bitmap Heap Scan on sbtest8  (cost=353.17..37644.76 rows=10999 width=121)
	        Recheck Cond: ((id >= 2469069) AND (id <= 2479068))
	        ->  Bitmap Index Scan on sbtest8_pkey  (cost=0.00..350.43 rows=10999 width=0)
	              Index Cond: ((id >= 2469069) AND (id <= 2479068))

for: distinct_ranges
table 1 : explain SELECT DISTINCT c FROM sbtest1 WHERE id BETWEEN 3802938 AND 3812937 ORDER BY c
	Unique  (cost=38652.72..38708.18 rows=11092 width=121)
	  ->  Sort  (cost=38652.72..38680.45 rows=11092 width=121)
	        Sort Key: c
	        ->  Bitmap Heap Scan on sbtest1  (cost=350.13..37907.50 rows=11092 width=121)
	              Recheck Cond: ((id >= 3802938) AND (id <= 3812937))
	              ->  Bitmap Index Scan on sbtest1_pkey  (cost=0.00..347.36 rows=11092 width=0)
	                    Index Cond: ((id >= 3802938) AND (id <= 3812937))

table 2 : explain SELECT DISTINCT c FROM sbtest2 WHERE id BETWEEN 1056312 AND 1066311 ORDER BY c
	Unique  (cost=36714.19..36766.56 rows=10474 width=121)
	  ->  Sort  (cost=36714.19..36740.38 rows=10474 width=121)
	        Sort Key: c
	        ->  Bitmap Heap Scan on sbtest2  (cost=331.79..36014.81 rows=10474 width=121)
	              Recheck Cond: ((id >= 1056312) AND (id <= 1066311))
	              ->  Bitmap Index Scan on sbtest2_pkey  (cost=0.00..329.18 rows=10474 width=0)
	                    Index Cond: ((id >= 1056312) AND (id <= 1066311))

table 3 : explain SELECT DISTINCT c FROM sbtest3 WHERE id BETWEEN 5426728 AND 5436727 ORDER BY c
	Unique  (cost=33401.84..33449.03 rows=9438 width=121)
	  ->  Sort  (cost=33401.84..33425.44 rows=9438 width=121)
	        Sort Key: c
	        ->  Bitmap Heap Scan on sbtest3  (cost=301.17..32778.73 rows=9438 width=121)
	              Recheck Cond: ((id >= 5426728) AND (id <= 5436727))
	              ->  Bitmap Index Scan on sbtest3_pkey  (cost=0.00..298.81 rows=9438 width=0)
	                    Index Cond: ((id >= 5426728) AND (id <= 5436727))

table 4 : explain SELECT DISTINCT c FROM sbtest4 WHERE id BETWEEN 5199689 AND 5209688 ORDER BY c
	Unique  (cost=36263.07..36314.30 rows=10246 width=121)
	  ->  Sort  (cost=36263.07..36288.68 rows=10246 width=121)
	        Sort Key: c
	        ->  Bitmap Heap Scan on sbtest4  (cost=329.46..35580.54 rows=10246 width=121)
	              Recheck Cond: ((id >= 5199689) AND (id <= 5209688))
	              ->  Bitmap Index Scan on sbtest4_pkey  (cost=0.00..326.90 rows=10246 width=0)
	                    Index Cond: ((id >= 5199689) AND (id <= 5209688))

table 5 : explain SELECT DISTINCT c FROM sbtest5 WHERE id BETWEEN 3330003 AND 3340002 ORDER BY c
	Unique  (cost=34481.24..34529.72 rows=9697 width=121)
	  ->  Sort  (cost=34481.24..34505.48 rows=9697 width=121)
	        Sort Key: c
	        ->  Bitmap Heap Scan on sbtest5  (cost=311.83..33839.13 rows=9697 width=121)
	              Recheck Cond: ((id >= 3330003) AND (id <= 3340002))
	              ->  Bitmap Index Scan on sbtest5_pkey  (cost=0.00..309.41 rows=9697 width=0)
	                    Index Cond: ((id >= 3330003) AND (id <= 3340002))

table 6 : explain SELECT DISTINCT c FROM sbtest6 WHERE id BETWEEN 8622239 AND 8632238 ORDER BY c
	Unique  (cost=34027.81..34075.94 rows=9625 width=121)
	  ->  Sort  (cost=34027.81..34051.88 rows=9625 width=121)
	        Sort Key: c
	        ->  Bitmap Heap Scan on sbtest6  (cost=307.09..33391.00 rows=9625 width=121)
	              Recheck Cond: ((id >= 8622239) AND (id <= 8632238))
	              ->  Bitmap Index Scan on sbtest6_pkey  (cost=0.00..304.69 rows=9625 width=0)
	                    Index Cond: ((id >= 8622239) AND (id <= 8632238))

table 7 : explain SELECT DISTINCT c FROM sbtest7 WHERE id BETWEEN 5979782 AND 5989781 ORDER BY c
	Unique  (cost=34376.45..34425.21 rows=9752 width=121)
	  ->  Sort  (cost=34376.45..34400.83 rows=9752 width=121)
	        Sort Key: c
	        ->  Bitmap Heap Scan on sbtest7  (cost=316.39..33730.31 rows=9752 width=121)
	              Recheck Cond: ((id >= 5979782) AND (id <= 5989781))
	              ->  Bitmap Index Scan on sbtest7_pkey  (cost=0.00..313.95 rows=9752 width=0)
	                    Index Cond: ((id >= 5979782) AND (id <= 5989781))

table 8 : explain SELECT DISTINCT c FROM sbtest8 WHERE id BETWEEN 6261292 AND 6271291 ORDER BY c
	Unique  (cost=33337.66..33384.78 rows=9424 width=121)
	  ->  Sort  (cost=33337.66..33361.22 rows=9424 width=121)
	        Sort Key: c
	        ->  Bitmap Heap Scan on sbtest8  (cost=301.03..32715.58 rows=9424 width=121)
	              Recheck Cond: ((id >= 6261292) AND (id <= 6271291))
	              ->  Bitmap Index Scan on sbtest8_pkey  (cost=0.00..298.68 rows=9424 width=0)
	                    Index Cond: ((id >= 6261292) AND (id <= 6271291))

for: order_ranges
table 1 : explain SELECT c FROM sbtest1 WHERE id BETWEEN 6432360 AND 6442359 ORDER BY c
	Sort  (cost=36400.33..36426.29 rows=10383 width=121)
	  Sort Key: c
	  ->  Bitmap Heap Scan on sbtest1  (cost=326.86..35707.68 rows=10383 width=121)
	        Recheck Cond: ((id >= 6432360) AND (id <= 6442359))
	        ->  Bitmap Index Scan on sbtest1_pkey  (cost=0.00..324.26 rows=10383 width=0)
	              Index Cond: ((id >= 6432360) AND (id <= 6442359))

table 2 : explain SELECT c FROM sbtest2 WHERE id BETWEEN 760795 AND 770794 ORDER BY c
	Sort  (cost=33214.46..33237.92 rows=9384 width=121)
	  Sort Key: c
	  ->  Bitmap Heap Scan on sbtest2  (cost=300.62..32595.31 rows=9384 width=121)
	        Recheck Cond: ((id >= 760795) AND (id <= 770794))
	        ->  Bitmap Index Scan on sbtest2_pkey  (cost=0.00..298.28 rows=9384 width=0)
	              Index Cond: ((id >= 760795) AND (id <= 770794))

table 3 : explain SELECT c FROM sbtest3 WHERE id BETWEEN 575892 AND 585891 ORDER BY c
	Sort  (cost=34248.32..34272.56 rows=9699 width=121)
	  Sort Key: c
	  ->  Bitmap Heap Scan on sbtest3  (cost=311.85..33606.07 rows=9699 width=121)
	        Recheck Cond: ((id >= 575892) AND (id <= 585891))
	        ->  Bitmap Index Scan on sbtest3_pkey  (cost=0.00..309.43 rows=9699 width=0)
	              Index Cond: ((id >= 575892) AND (id <= 585891))

table 4 : explain SELECT c FROM sbtest4 WHERE id BETWEEN 6902358 AND 6912357 ORDER BY c
	Sort  (cost=36774.40..36800.41 rows=10403 width=121)
	  Sort Key: c
	  ->  Bitmap Heap Scan on sbtest4  (cost=335.07..36080.28 rows=10403 width=121)
	        Recheck Cond: ((id >= 6902358) AND (id <= 6912357))
	        ->  Bitmap Index Scan on sbtest4_pkey  (cost=0.00..332.46 rows=10403 width=0)
	              Index Cond: ((id >= 6902358) AND (id <= 6912357))

table 5 : explain SELECT c FROM sbtest5 WHERE id BETWEEN 8466052 AND 8476051 ORDER BY c
	Sort  (cost=36264.60..36290.22 rows=10245 width=121)
	  Sort Key: c
	  ->  Bitmap Heap Scan on sbtest5  (cost=329.45..35582.15 rows=10245 width=121)
	        Recheck Cond: ((id >= 8466052) AND (id <= 8476051))
	        ->  Bitmap Index Scan on sbtest5_pkey  (cost=0.00..326.88 rows=10245 width=0)
	              Index Cond: ((id >= 8466052) AND (id <= 8476051))

table 6 : explain SELECT c FROM sbtest6 WHERE id BETWEEN 4091426 AND 4101425 ORDER BY c
	Sort  (cost=33443.05..33466.66 rows=9444 width=121)
	  Sort Key: c
	  ->  Bitmap Heap Scan on sbtest6  (cost=301.24..32819.50 rows=9444 width=121)
	        Recheck Cond: ((id >= 4091426) AND (id <= 4101425))
	        ->  Bitmap Index Scan on sbtest6_pkey  (cost=0.00..298.88 rows=9444 width=0)
	              Index Cond: ((id >= 4091426) AND (id <= 4101425))

table 7 : explain SELECT c FROM sbtest7 WHERE id BETWEEN 6518839 AND 6528838 ORDER BY c
	Sort  (cost=33760.35..33784.26 rows=9562 width=121)
	  Sort Key: c
	  ->  Bitmap Heap Scan on sbtest7  (cost=306.45..33128.16 rows=9562 width=121)
	        Recheck Cond: ((id >= 6518839) AND (id <= 6528838))
	        ->  Bitmap Index Scan on sbtest7_pkey  (cost=0.00..304.06 rows=9562 width=0)
	              Index Cond: ((id >= 6518839) AND (id <= 6528838))

table 8 : explain SELECT c FROM sbtest8 WHERE id BETWEEN 1596201 AND 1606200 ORDER BY c
	Sort  (cost=34564.39..34588.89 rows=9802 width=121)
	  Sort Key: c
	  ->  Bitmap Heap Scan on sbtest8  (cost=316.91..33914.57 rows=9802 width=121)
	        Recheck Cond: ((id >= 1596201) AND (id <= 1606200))
	        ->  Bitmap Index Scan on sbtest8_pkey  (cost=0.00..314.45 rows=9802 width=0)
	              Index Cond: ((id >= 1596201) AND (id <= 1606200))

for: simple_ranges
table 1 : explain SELECT c FROM sbtest1 WHERE id BETWEEN 4987435 AND 4997434
	Bitmap Heap Scan on sbtest1  (cost=326.31..35541.13 rows=10329 width=121)
	  Recheck Cond: ((id >= 4987435) AND (id <= 4997434))
	  ->  Bitmap Index Scan on sbtest1_pkey  (cost=0.00..323.73 rows=10329 width=0)
	        Index Cond: ((id >= 4987435) AND (id <= 4997434))

table 2 : explain SELECT c FROM sbtest2 WHERE id BETWEEN 6498679 AND 6508678
	Bitmap Heap Scan on sbtest2  (cost=306.57..33195.52 rows=9574 width=121)
	  Recheck Cond: ((id >= 6498679) AND (id <= 6508678))
	  ->  Bitmap Index Scan on sbtest2_pkey  (cost=0.00..304.18 rows=9574 width=0)
	        Index Cond: ((id >= 6498679) AND (id <= 6508678))

table 3 : explain SELECT c FROM sbtest3 WHERE id BETWEEN 3605594 AND 3615593
	Bitmap Heap Scan on sbtest3  (cost=318.79..34507.30 rows=9986 width=121)
	  Recheck Cond: ((id >= 3605594) AND (id <= 3615593))
	  ->  Bitmap Index Scan on sbtest3_pkey  (cost=0.00..316.30 rows=9986 width=0)
	        Index Cond: ((id >= 3605594) AND (id <= 3615593))

table 4 : explain SELECT c FROM sbtest4 WHERE id BETWEEN 9487764 AND 9497763
	Bitmap Heap Scan on sbtest4  (cost=340.81..36614.69 rows=10573 width=121)
	  Recheck Cond: ((id >= 9487764) AND (id <= 9497763))
	  ->  Bitmap Index Scan on sbtest4_pkey  (cost=0.00..338.17 rows=10573 width=0)
	        Index Cond: ((id >= 9487764) AND (id <= 9497763))

table 5 : explain SELECT c FROM sbtest5 WHERE id BETWEEN 6941877 AND 6951876
	Bitmap Heap Scan on sbtest5  (cost=365.55..39288.56 rows=11426 width=121)
	  Recheck Cond: ((id >= 6941877) AND (id <= 6951876))
	  ->  Bitmap Index Scan on sbtest5_pkey  (cost=0.00..362.69 rows=11426 width=0)
	        Index Cond: ((id >= 6941877) AND (id <= 6951876))

table 6 : explain SELECT c FROM sbtest6 WHERE id BETWEEN 752454 AND 762453
	Bitmap Heap Scan on sbtest6  (cost=300.99..32741.60 rows=9420 width=121)
	  Recheck Cond: ((id >= 752454) AND (id <= 762453))
	  ->  Bitmap Index Scan on sbtest6_pkey  (cost=0.00..298.63 rows=9420 width=0)
	        Index Cond: ((id >= 752454) AND (id <= 762453))

table 7 : explain SELECT c FROM sbtest7 WHERE id BETWEEN 6217725 AND 6227724
	Bitmap Heap Scan on sbtest7  (cost=323.11..34561.81 rows=10017 width=121)
	  Recheck Cond: ((id >= 6217725) AND (id <= 6227724))
	  ->  Bitmap Index Scan on sbtest7_pkey  (cost=0.00..320.61 rows=10017 width=0)
	        Index Cond: ((id >= 6217725) AND (id <= 6227724))

table 8 : explain SELECT c FROM sbtest8 WHERE id BETWEEN 4285867 AND 4295866
	Bitmap Heap Scan on sbtest8  (cost=312.15..33678.15 rows=9728 width=121)
	  Recheck Cond: ((id >= 4285867) AND (id <= 4295866))
	  ->  Bitmap Index Scan on sbtest8_pkey  (cost=0.00..309.71 rows=9728 width=0)
	        Index Cond: ((id >= 4285867) AND (id <= 4295866))

for: distinct_ranges
table 1 : explain SELECT DISTINCT c FROM sbtest1 WHERE id BETWEEN 7942519 AND 7952518 ORDER BY c
	Unique  (cost=32126.66..32171.94 rows=9056 width=121)
	  ->  Sort  (cost=32126.66..32149.30 rows=9056 width=121)
	        Sort Key: c
	        ->  Bitmap Heap Scan on sbtest1  (cost=285.26..31531.47 rows=9056 width=121)
	              Recheck Cond: ((id >= 7942519) AND (id <= 7952518))
	              ->  Bitmap Index Scan on sbtest1_pkey  (cost=0.00..283.00 rows=9056 width=0)
	                    Index Cond: ((id >= 7942519) AND (id <= 7952518))

table 2 : explain SELECT DISTINCT c FROM sbtest2 WHERE id BETWEEN 9570818 AND 9580817 ORDER BY c
	Unique  (cost=31995.39..32040.44 rows=9009 width=121)
	  ->  Sort  (cost=31995.39..32017.91 rows=9009 width=121)
	        Sort Key: c
	        ->  Bitmap Heap Scan on sbtest2  (cost=288.78..31403.63 rows=9009 width=121)
	              Recheck Cond: ((id >= 9570818) AND (id <= 9580817))
	              ->  Bitmap Index Scan on sbtest2_pkey  (cost=0.00..286.53 rows=9009 width=0)
	                    Index Cond: ((id >= 9570818) AND (id <= 9580817))

table 3 : explain SELECT DISTINCT c FROM sbtest3 WHERE id BETWEEN 1998206 AND 2008205 ORDER BY c
	Unique  (cost=32139.59..32184.84 rows=9050 width=121)
	  ->  Sort  (cost=32139.59..32162.22 rows=9050 width=121)
	        Sort Key: c
	        ->  Bitmap Heap Scan on sbtest3  (cost=289.20..31544.84 rows=9050 width=121)
	              Recheck Cond: ((id >= 1998206) AND (id <= 2008205))
	              ->  Bitmap Index Scan on sbtest3_pkey  (cost=0.00..286.94 rows=9050 width=0)
	                    Index Cond: ((id >= 1998206) AND (id <= 2008205))

table 4 : explain SELECT DISTINCT c FROM sbtest4 WHERE id BETWEEN 1813150 AND 1823149 ORDER BY c
	Unique  (cost=35451.31..35501.28 rows=9995 width=121)
	  ->  Sort  (cost=35451.31..35476.30 rows=9995 width=121)
	        Sort Key: c
	        ->  Bitmap Heap Scan on sbtest4  (cost=322.88..34787.29 rows=9995 width=121)
	              Recheck Cond: ((id >= 1813150) AND (id <= 1823149))
	              ->  Bitmap Index Scan on sbtest4_pkey  (cost=0.00..320.38 rows=9995 width=0)
	                    Index Cond: ((id >= 1813150) AND (id <= 1823149))

table 5 : explain SELECT DISTINCT c FROM sbtest5 WHERE id BETWEEN 3214901 AND 3224900 ORDER BY c
	Unique  (cost=37110.55..37163.09 rows=10507 width=121)
	  ->  Sort  (cost=37110.55..37136.82 rows=10507 width=121)
	        Sort Key: c
	        ->  Bitmap Heap Scan on sbtest5  (cost=336.13..36408.73 rows=10507 width=121)
	              Recheck Cond: ((id >= 3214901) AND (id <= 3224900))
	              ->  Bitmap Index Scan on sbtest5_pkey  (cost=0.00..333.50 rows=10507 width=0)
	                    Index Cond: ((id >= 3214901) AND (id <= 3224900))

table 6 : explain SELECT DISTINCT c FROM sbtest6 WHERE id BETWEEN 2545367 AND 2555366 ORDER BY c
	Unique  (cost=32573.97..32619.85 rows=9176 width=121)
	  ->  Sort  (cost=32573.97..32596.91 rows=9176 width=121)
	        Sort Key: c
	        ->  Bitmap Heap Scan on sbtest6  (cost=294.49..31970.02 rows=9176 width=121)
	              Recheck Cond: ((id >= 2545367) AND (id <= 2555366))
	              ->  Bitmap Index Scan on sbtest6_pkey  (cost=0.00..292.19 rows=9176 width=0)
	                    Index Cond: ((id >= 2545367) AND (id <= 2555366))

table 7 : explain SELECT DISTINCT c FROM sbtest7 WHERE id BETWEEN 9155481 AND 9165480 ORDER BY c
	Unique  (cost=38046.59..38101.10 rows=10902 width=121)
	  ->  Sort  (cost=38046.59..38073.84 rows=10902 width=121)
	        Sort Key: c
	        ->  Bitmap Heap Scan on sbtest7  (cost=352.18..37315.48 rows=10902 width=121)
	              Recheck Cond: ((id >= 9155481) AND (id <= 9165480))
	              ->  Bitmap Index Scan on sbtest7_pkey  (cost=0.00..349.45 rows=10902 width=0)
	                    Index Cond: ((id >= 9155481) AND (id <= 9165480))

table 8 : explain SELECT DISTINCT c FROM sbtest8 WHERE id BETWEEN 1015685 AND 1025684 ORDER BY c
	Unique  (cost=37258.86..37312.09 rows=10645 width=121)
	  ->  Sort  (cost=37258.86..37285.47 rows=10645 width=121)
	        Sort Key: c
	        ->  Bitmap Heap Scan on sbtest8  (cost=341.55..36546.82 rows=10645 width=121)
	              Recheck Cond: ((id >= 1015685) AND (id <= 1025684))
	              ->  Bitmap Index Scan on sbtest8_pkey  (cost=0.00..338.88 rows=10645 width=0)
	                    Index Cond: ((id >= 1015685) AND (id <= 1025684))

for: order_ranges
table 1 : explain SELECT c FROM sbtest1 WHERE id BETWEEN 9026158 AND 9036157 ORDER BY c
	Sort  (cost=34129.43..34153.62 rows=9675 width=121)
	  Sort Key: c
	  ->  Bitmap Heap Scan on sbtest1  (cost=303.60..33488.94 rows=9675 width=121)
	        Recheck Cond: ((id >= 9026158) AND (id <= 9036157))
	        ->  Bitmap Index Scan on sbtest1_pkey  (cost=0.00..301.19 rows=9675 width=0)
	              Index Cond: ((id >= 9026158) AND (id <= 9036157))

table 2 : explain SELECT c FROM sbtest2 WHERE id BETWEEN 9015937 AND 9025936 ORDER BY c
	Sort  (cost=33821.98..33845.91 rows=9572 width=121)
	  Sort Key: c
	  ->  Bitmap Heap Scan on sbtest2  (cost=306.55..33189.05 rows=9572 width=121)
	        Recheck Cond: ((id >= 9015937) AND (id <= 9025936))
	        ->  Bitmap Index Scan on sbtest2_pkey  (cost=0.00..304.16 rows=9572 width=0)
	              Index Cond: ((id >= 9015937) AND (id <= 9025936))

table 3 : explain SELECT c FROM sbtest3 WHERE id BETWEEN 4023711 AND 4033710 ORDER BY c
	Sort  (cost=36540.58..36566.62 rows=10414 width=121)
	  Sort Key: c
	  ->  Bitmap Heap Scan on sbtest3  (cost=331.18..35845.65 rows=10414 width=121)
	        Recheck Cond: ((id >= 4023711) AND (id <= 4033710))
	        ->  Bitmap Index Scan on sbtest3_pkey  (cost=0.00..328.57 rows=10414 width=0)
	              Index Cond: ((id >= 4023711) AND (id <= 4033710))

table 4 : explain SELECT c FROM sbtest4 WHERE id BETWEEN 204931 AND 214930 ORDER BY c
	Sort  (cost=35434.68..35459.66 rows=9990 width=121)
	  Sort Key: c
	  ->  Bitmap Heap Scan on sbtest4  (cost=322.83..34771.03 rows=9990 width=121)
	        Recheck Cond: ((id >= 204931) AND (id <= 214930))
	        ->  Bitmap Index Scan on sbtest4_pkey  (cost=0.00..320.33 rows=9990 width=0)
	              Index Cond: ((id >= 204931) AND (id <= 214930))

table 5 : explain SELECT c FROM sbtest5 WHERE id BETWEEN 9579593 AND 9589592 ORDER BY c
	Sort  (cost=36254.65..36280.26 rows=10242 width=121)
	  Sort Key: c
	  ->  Bitmap Heap Scan on sbtest5  (cost=329.42..35572.42 rows=10242 width=121)
	        Recheck Cond: ((id >= 9579593) AND (id <= 9589592))
	        ->  Bitmap Index Scan on sbtest5_pkey  (cost=0.00..326.86 rows=10242 width=0)
	              Index Cond: ((id >= 9579593) AND (id <= 9589592))

table 6 : explain SELECT c FROM sbtest6 WHERE id BETWEEN 4599219 AND 4609218 ORDER BY c
	Sort  (cost=32213.17..32235.83 rows=9066 width=121)
	  Sort Key: c
	  ->  Bitmap Heap Scan on sbtest6  (cost=289.36..31617.25 rows=9066 width=121)
	        Recheck Cond: ((id >= 4599219) AND (id <= 4609218))
	        ->  Bitmap Index Scan on sbtest6_pkey  (cost=0.00..287.09 rows=9066 width=0)
	              Index Cond: ((id >= 4599219) AND (id <= 4609218))

table 7 : explain SELECT c FROM sbtest7 WHERE id BETWEEN 8688407 AND 8698406 ORDER BY c
	Sort  (cost=38525.69..38553.32 rows=11053 width=121)
	  Sort Key: c
	  ->  Bitmap Heap Scan on sbtest7  (cost=357.73..37783.36 rows=11053 width=121)
	        Recheck Cond: ((id >= 8688407) AND (id <= 8698406))
	        ->  Bitmap Index Scan on sbtest7_pkey  (cost=0.00..354.96 rows=11053 width=0)
	              Index Cond: ((id >= 8688407) AND (id <= 8698406))

table 8 : explain SELECT c FROM sbtest8 WHERE id BETWEEN 3401771 AND 3411770 ORDER BY c
	Sort  (cost=32193.26..32215.93 rows=9070 width=121)
	  Sort Key: c
	  ->  Bitmap Heap Scan on sbtest8  (cost=293.40..31597.05 rows=9070 width=121)
	        Recheck Cond: ((id >= 3401771) AND (id <= 3411770))
	        ->  Bitmap Index Scan on sbtest8_pkey  (cost=0.00..291.13 rows=9070 width=0)
	              Index Cond: ((id >= 3401771) AND (id <= 3411770))

for: distinct_ranges
table 1 : explain SELECT DISTINCT c FROM sbtest1 WHERE id BETWEEN 8659318 AND 8669317 ORDER BY c
	Unique  (cost=38157.33..38212.01 rows=10936 width=121)
	  ->  Sort  (cost=38157.33..38184.67 rows=10936 width=121)
	        Sort Key: c
	        ->  Bitmap Heap Scan on sbtest1  (cost=344.53..37423.70 rows=10936 width=121)
	              Recheck Cond: ((id >= 8659318) AND (id <= 8669317))
	              ->  Bitmap Index Scan on sbtest1_pkey  (cost=0.00..341.80 rows=10936 width=0)
	                    Index Cond: ((id >= 8659318) AND (id <= 8669317))

table 2 : explain SELECT DISTINCT c FROM sbtest2 WHERE id BETWEEN 7700748 AND 7710747 ORDER BY c
	Unique  (cost=34010.72..34058.88 rows=9631 width=121)
	  ->  Sort  (cost=34010.72..34034.80 rows=9631 width=121)
	        Sort Key: c
	        ->  Bitmap Heap Scan on sbtest2  (cost=307.15..33373.47 rows=9631 width=121)
	              Recheck Cond: ((id >= 7700748) AND (id <= 7710747))
	              ->  Bitmap Index Scan on sbtest2_pkey  (cost=0.00..304.75 rows=9631 width=0)
	                    Index Cond: ((id >= 7700748) AND (id <= 7710747))

table 3 : explain SELECT DISTINCT c FROM sbtest3 WHERE id BETWEEN 9622213 AND 9632212 ORDER BY c
	Unique  (cost=35784.07..35834.95 rows=10177 width=121)
	  ->  Sort  (cost=35784.07..35809.51 rows=10177 width=121)
	        Sort Key: c
	        ->  Bitmap Heap Scan on sbtest3  (cost=324.75..35106.63 rows=10177 width=121)
	              Recheck Cond: ((id >= 9622213) AND (id <= 9632212))
	              ->  Bitmap Index Scan on sbtest3_pkey  (cost=0.00..322.20 rows=10177 width=0)
	                    Index Cond: ((id >= 9622213) AND (id <= 9632212))

table 4 : explain SELECT DISTINCT c FROM sbtest4 WHERE id BETWEEN 937754 AND 947753 ORDER BY c
	Unique  (cost=32207.38..32252.41 rows=9006 width=121)
	  ->  Sort  (cost=32207.38..32229.90 rows=9006 width=121)
	        Sort Key: c
	        ->  Bitmap Heap Scan on sbtest4  (cost=288.75..31615.84 rows=9006 width=121)
	              Recheck Cond: ((id >= 937754) AND (id <= 947753))
	              ->  Bitmap Index Scan on sbtest4_pkey  (cost=0.00..286.50 rows=9006 width=0)
	                    Index Cond: ((id >= 937754) AND (id <= 947753))

table 5 : explain SELECT DISTINCT c FROM sbtest5 WHERE id BETWEEN 1693442 AND 1703441 ORDER BY c
	Unique  (cost=35099.17..35148.61 rows=9887 width=121)
	  ->  Sort  (cost=35099.17..35123.89 rows=9887 width=121)
	        Sort Key: c
	        ->  Bitmap Heap Scan on sbtest5  (cost=317.78..34443.10 rows=9887 width=121)
	              Recheck Cond: ((id >= 1693442) AND (id <= 1703441))
	              ->  Bitmap Index Scan on sbtest5_pkey  (cost=0.00..315.31 rows=9887 width=0)
	                    Index Cond: ((id >= 1693442) AND (id <= 1703441))

table 6 : explain SELECT DISTINCT c FROM sbtest6 WHERE id BETWEEN 4885505 AND 4895504 ORDER BY c
	Unique  (cost=30241.91..30284.24 rows=8465 width=121)
	  ->  Sort  (cost=30241.91..30263.08 rows=8465 width=121)
	        Sort Key: c
	        ->  Bitmap Heap Scan on sbtest6  (cost=271.20..29689.69 rows=8465 width=121)
	              Recheck Cond: ((id >= 4885505) AND (id <= 4895504))
	              ->  Bitmap Index Scan on sbtest6_pkey  (cost=0.00..269.08 rows=8465 width=0)
	                    Index Cond: ((id >= 4885505) AND (id <= 4895504))

table 7 : explain SELECT DISTINCT c FROM sbtest7 WHERE id BETWEEN 595350 AND 605349 ORDER BY c
	Unique  (cost=33495.49..33542.88 rows=9479 width=121)
	  ->  Sort  (cost=33495.49..33519.19 rows=9479 width=121)
	        Sort Key: c
	        ->  Bitmap Heap Scan on sbtest7  (cost=305.59..32869.38 rows=9479 width=121)
	              Recheck Cond: ((id >= 595350) AND (id <= 605349))
	              ->  Bitmap Index Scan on sbtest7_pkey  (cost=0.00..303.23 rows=9479 width=0)
	                    Index Cond: ((id >= 595350) AND (id <= 605349))

table 8 : explain SELECT DISTINCT c FROM sbtest8 WHERE id BETWEEN 9711282 AND 9721281 ORDER BY c
	Unique  (cost=33378.12..33425.29 rows=9435 width=121)
	  ->  Sort  (cost=33378.12..33401.71 rows=9435 width=121)
	        Sort Key: c
	        ->  Bitmap Heap Scan on sbtest8  (cost=305.14..32755.23 rows=9435 width=121)
	              Recheck Cond: ((id >= 9711282) AND (id <= 9721281))
	              ->  Bitmap Index Scan on sbtest8_pkey  (cost=0.00..302.79 rows=9435 width=0)
	                    Index Cond: ((id >= 9711282) AND (id <= 9721281))

for: sum_ranges
table 1 : explain SELECT SUM(k) FROM sbtest1 WHERE id BETWEEN 3840115 AND 3850114
	Aggregate  (cost=37935.23..37935.24 rows=1 width=8)
	  ->  Bitmap Heap Scan on sbtest1  (cost=350.13..37907.50 rows=11092 width=4)
	        Recheck Cond: ((id >= 3840115) AND (id <= 3850114))
	        ->  Bitmap Index Scan on sbtest1_pkey  (cost=0.00..347.36 rows=11092 width=0)
	              Index Cond: ((id >= 3840115) AND (id <= 3850114))

table 2 : explain SELECT SUM(k) FROM sbtest2 WHERE id BETWEEN 6751708 AND 6761707
	Aggregate  (cost=33174.09..33174.10 rows=1 width=8)
	  ->  Bitmap Heap Scan on sbtest2  (cost=306.41..33150.19 rows=9559 width=4)
	        Recheck Cond: ((id >= 6751708) AND (id <= 6761707))
	        ->  Bitmap Index Scan on sbtest2_pkey  (cost=0.00..304.03 rows=9559 width=0)
	              Index Cond: ((id >= 6751708) AND (id <= 6761707))

table 3 : explain SELECT SUM(k) FROM sbtest3 WHERE id BETWEEN 2021978 AND 2031977
	Aggregate  (cost=31567.47..31567.48 rows=1 width=8)
	  ->  Bitmap Heap Scan on sbtest3  (cost=289.20..31544.84 rows=9050 width=4)
	        Recheck Cond: ((id >= 2021978) AND (id <= 2031977))
	        ->  Bitmap Index Scan on sbtest3_pkey  (cost=0.00..286.94 rows=9050 width=0)
	              Index Cond: ((id >= 2021978) AND (id <= 2031977))

table 4 : explain SELECT SUM(k) FROM sbtest4 WHERE id BETWEEN 510185 AND 520184
	Aggregate  (cost=34093.72..34093.73 rows=1 width=8)
	  ->  Bitmap Heap Scan on sbtest4  (cost=312.59..34069.30 rows=9771 width=4)
	        Recheck Cond: ((id >= 510185) AND (id <= 520184))
	        ->  Bitmap Index Scan on sbtest4_pkey  (cost=0.00..310.15 rows=9771 width=0)
	              Index Cond: ((id >= 510185) AND (id <= 520184))

table 5 : explain SELECT SUM(k) FROM sbtest5 WHERE id BETWEEN 2532231 AND 2542230
	Aggregate  (cost=34921.26..34921.27 rows=1 width=8)
	  ->  Bitmap Heap Scan on sbtest5  (cost=323.23..34896.19 rows=10029 width=4)
	        Recheck Cond: ((id >= 2532231) AND (id <= 2542230))
	        ->  Bitmap Index Scan on sbtest5_pkey  (cost=0.00..320.73 rows=10029 width=0)
	              Index Cond: ((id >= 2532231) AND (id <= 2542230))

table 6 : explain SELECT SUM(k) FROM sbtest6 WHERE id BETWEEN 6148827 AND 6158826
	Aggregate  (cost=34842.97..34842.98 rows=1 width=8)
	  ->  Bitmap Heap Scan on sbtest6  (cost=323.72..34817.77 rows=10077 width=4)
	        Recheck Cond: ((id >= 6148827) AND (id <= 6158826))
	        ->  Bitmap Index Scan on sbtest6_pkey  (cost=0.00..321.20 rows=10077 width=0)
	              Index Cond: ((id >= 6148827) AND (id <= 6158826))

table 7 : explain SELECT SUM(k) FROM sbtest7 WHERE id BETWEEN 2969385 AND 2979384
	Aggregate  (cost=37263.15..37263.16 rows=1 width=8)
	  ->  Bitmap Heap Scan on sbtest7  (cost=351.91..37235.96 rows=10876 width=4)
	        Recheck Cond: ((id >= 2969385) AND (id <= 2979384))
	        ->  Bitmap Index Scan on sbtest7_pkey  (cost=0.00..349.19 rows=10876 width=0)
	              Index Cond: ((id >= 2969385) AND (id <= 2979384))

table 8 : explain SELECT SUM(k) FROM sbtest8 WHERE id BETWEEN 8095424 AND 8105423
	Aggregate  (cost=35258.02..35258.03 rows=1 width=8)
	  ->  Bitmap Heap Scan on sbtest8  (cost=329.22..35232.46 rows=10223 width=4)
	        Recheck Cond: ((id >= 8095424) AND (id <= 8105423))
	        ->  Bitmap Index Scan on sbtest8_pkey  (cost=0.00..326.67 rows=10223 width=0)
	              Index Cond: ((id >= 8095424) AND (id <= 8105423))

for: sum_ranges
table 1 : explain SELECT SUM(k) FROM sbtest1 WHERE id BETWEEN 1517662 AND 1527661
	Aggregate  (cost=35033.34..35033.35 rows=1 width=8)
	  ->  Bitmap Heap Scan on sbtest1  (cost=320.55..35007.94 rows=10158 width=4)
	        Recheck Cond: ((id >= 1517662) AND (id <= 1527661))
	        ->  Bitmap Index Scan on sbtest1_pkey  (cost=0.00..318.01 rows=10158 width=0)
	              Index Cond: ((id >= 1517662) AND (id <= 1527661))

table 2 : explain SELECT SUM(k) FROM sbtest2 WHERE id BETWEEN 750331 AND 760330
	Aggregate  (cost=32618.77..32618.78 rows=1 width=8)
	  ->  Bitmap Heap Scan on sbtest2  (cost=300.62..32595.31 rows=9384 width=4)
	        Recheck Cond: ((id >= 750331) AND (id <= 760330))
	        ->  Bitmap Index Scan on sbtest2_pkey  (cost=0.00..298.28 rows=9384 width=0)
	              Index Cond: ((id >= 750331) AND (id <= 760330))

table 3 : explain SELECT SUM(k) FROM sbtest3 WHERE id BETWEEN 5926240 AND 5936239
	Aggregate  (cost=33487.15..33487.16 rows=1 width=8)
	  ->  Bitmap Heap Scan on sbtest3  (cost=307.40..33463.01 rows=9655 width=4)
	        Recheck Cond: ((id >= 5926240) AND (id <= 5936239))
	        ->  Bitmap Index Scan on sbtest3_pkey  (cost=0.00..304.99 rows=9655 width=0)
	              Index Cond: ((id >= 5926240) AND (id <= 5936239))

table 4 : explain SELECT SUM(k) FROM sbtest4 WHERE id BETWEEN 2919651 AND 2929650
	Aggregate  (cost=34831.80..34831.81 rows=1 width=8)
	  ->  Bitmap Heap Scan on sbtest4  (cost=322.95..34806.80 rows=10001 width=4)
	        Recheck Cond: ((id >= 2919651) AND (id <= 2929650))
	        ->  Bitmap Index Scan on sbtest4_pkey  (cost=0.00..320.44 rows=10001 width=0)
	              Index Cond: ((id >= 2919651) AND (id <= 2929650))

table 5 : explain SELECT SUM(k) FROM sbtest5 WHERE id BETWEEN 8463912 AND 8473911
	Aggregate  (cost=35607.76..35607.77 rows=1 width=8)
	  ->  Bitmap Heap Scan on sbtest5  (cost=329.45..35582.15 rows=10245 width=4)
	        Recheck Cond: ((id >= 8463912) AND (id <= 8473911))
	        ->  Bitmap Index Scan on sbtest5_pkey  (cost=0.00..326.88 rows=10245 width=0)
	              Index Cond: ((id >= 8463912) AND (id <= 8473911))

table 6 : explain SELECT SUM(k) FROM sbtest6 WHERE id BETWEEN 1271586 AND 1281585
	Aggregate  (cost=35213.43..35213.44 rows=1 width=8)
	  ->  Bitmap Heap Scan on sbtest6  (cost=324.94..35187.94 rows=10196 width=4)
	        Recheck Cond: ((id >= 1271586) AND (id <= 1281585))
	        ->  Bitmap Index Scan on sbtest6_pkey  (cost=0.00..322.40 rows=10196 width=0)
	              Index Cond: ((id >= 1271586) AND (id <= 1281585))

table 7 : explain SELECT SUM(k) FROM sbtest7 WHERE id BETWEEN 4632524 AND 4642523
	Aggregate  (cost=35384.26..35384.27 rows=1 width=8)
	  ->  Bitmap Heap Scan on sbtest7  (cost=329.73..35358.58 rows=10273 width=4)
	        Recheck Cond: ((id >= 4632524) AND (id <= 4642523))
	        ->  Bitmap Index Scan on sbtest7_pkey  (cost=0.00..327.17 rows=10273 width=0)
	              Index Cond: ((id >= 4632524) AND (id <= 4642523))

table 8 : explain SELECT SUM(k) FROM sbtest8 WHERE id BETWEEN 9619223 AND 9629222
	Aggregate  (cost=34932.53..34932.54 rows=1 width=8)
	  ->  Bitmap Heap Scan on sbtest8  (cost=324.15..34907.24 rows=10119 width=4)
	        Recheck Cond: ((id >= 9619223) AND (id <= 9629222))
	        ->  Bitmap Index Scan on sbtest8_pkey  (cost=0.00..321.62 rows=10119 width=0)
	              Index Cond: ((id >= 9619223) AND (id <= 9629222))

for: distinct_ranges
table 1 : explain SELECT DISTINCT c FROM sbtest1 WHERE id BETWEEN 1789570 AND 1799569 ORDER BY c
	Unique  (cost=35920.58..35971.74 rows=10233 width=121)
	  ->  Sort  (cost=35920.58..35946.16 rows=10233 width=121)
	        Sort Key: c
	        ->  Bitmap Heap Scan on sbtest1  (cost=321.32..35239.01 rows=10233 width=121)
	              Recheck Cond: ((id >= 1789570) AND (id <= 1799569))
	              ->  Bitmap Index Scan on sbtest1_pkey  (cost=0.00..318.76 rows=10233 width=0)
	                    Index Cond: ((id >= 1789570) AND (id <= 1799569))

table 2 : explain SELECT DISTINCT c FROM sbtest2 WHERE id BETWEEN 3843939 AND 3853938 ORDER BY c
	Unique  (cost=32638.91..32684.94 rows=9207 width=121)
	  ->  Sort  (cost=32638.91..32661.93 rows=9207 width=121)
	        Sort Key: c
	        ->  Bitmap Heap Scan on sbtest2  (cost=294.81..32032.70 rows=9207 width=121)
	              Recheck Cond: ((id >= 3843939) AND (id <= 3853938))
	              ->  Bitmap Index Scan on sbtest2_pkey  (cost=0.00..292.50 rows=9207 width=0)
	                    Index Cond: ((id >= 3843939) AND (id <= 3853938))

table 3 : explain SELECT DISTINCT c FROM sbtest3 WHERE id BETWEEN 3282958 AND 3292957 ORDER BY c
	Unique  (cost=34857.19..34906.63 rows=9888 width=121)
	  ->  Sort  (cost=34857.19..34881.91 rows=9888 width=121)
	        Sort Key: c
	        ->  Bitmap Heap Scan on sbtest3  (cost=317.79..34201.05 rows=9888 width=121)
	              Recheck Cond: ((id >= 3282958) AND (id <= 3292957))
	              ->  Bitmap Index Scan on sbtest3_pkey  (cost=0.00..315.31 rows=9888 width=0)
	                    Index Cond: ((id >= 3282958) AND (id <= 3292957))

table 4 : explain SELECT DISTINCT c FROM sbtest4 WHERE id BETWEEN 9217263 AND 9227262 ORDER BY c
	Unique  (cost=34583.25..34631.89 rows=9729 width=121)
	  ->  Sort  (cost=34583.25..34607.57 rows=9729 width=121)
	        Sort Key: c
	        ->  Bitmap Heap Scan on sbtest4  (cost=312.16..33938.80 rows=9729 width=121)
	              Recheck Cond: ((id >= 9217263) AND (id <= 9227262))
	              ->  Bitmap Index Scan on sbtest4_pkey  (cost=0.00..309.73 rows=9729 width=0)
	                    Index Cond: ((id >= 9217263) AND (id <= 9227262))

table 5 : explain SELECT DISTINCT c FROM sbtest5 WHERE id BETWEEN 2808038 AND 2818037 ORDER BY c
	Unique  (cost=32871.74..32917.78 rows=9207 width=121)
	  ->  Sort  (cost=32871.74..32894.76 rows=9207 width=121)
	        Sort Key: c
	        ->  Bitmap Heap Scan on sbtest5  (cost=294.81..32265.53 rows=9207 width=121)
	              Recheck Cond: ((id >= 2808038) AND (id <= 2818037))
	              ->  Bitmap Index Scan on sbtest5_pkey  (cost=0.00..292.50 rows=9207 width=0)
	                    Index Cond: ((id >= 2808038) AND (id <= 2818037))

table 6 : explain SELECT DISTINCT c FROM sbtest6 WHERE id BETWEEN 1983995 AND 1993994 ORDER BY c
	Unique  (cost=37897.20..37951.35 rows=10831 width=121)
	  ->  Sort  (cost=37897.20..37924.27 rows=10831 width=121)
	        Sort Key: c
	        ->  Bitmap Heap Scan on sbtest6  (cost=347.45..37171.36 rows=10831 width=121)
	              Recheck Cond: ((id >= 1983995) AND (id <= 1993994))
	              ->  Bitmap Index Scan on sbtest6_pkey  (cost=0.00..344.75 rows=10831 width=0)
	                    Index Cond: ((id >= 1983995) AND (id <= 1993994))

table 7 : explain SELECT DISTINCT c FROM sbtest7 WHERE id BETWEEN 906096 AND 916095 ORDER BY c
	Unique  (cost=37232.88..37286.11 rows=10646 width=121)
	  ->  Sort  (cost=37232.88..37259.49 rows=10646 width=121)
	        Sort Key: c
	        ->  Bitmap Heap Scan on sbtest7  (cost=341.56..36520.76 rows=10646 width=121)
	              Recheck Cond: ((id >= 906096) AND (id <= 916095))
	              ->  Bitmap Index Scan on sbtest7_pkey  (cost=0.00..338.90 rows=10646 width=0)
	                    Index Cond: ((id >= 906096) AND (id <= 916095))

table 8 : explain SELECT DISTINCT c FROM sbtest8 WHERE id BETWEEN 6310188 AND 6320187 ORDER BY c
	Unique  (cost=33337.66..33384.78 rows=9424 width=121)
	  ->  Sort  (cost=33337.66..33361.22 rows=9424 width=121)
	        Sort Key: c
	        ->  Bitmap Heap Scan on sbtest8  (cost=301.03..32715.58 rows=9424 width=121)
	              Recheck Cond: ((id >= 6310188) AND (id <= 6320187))
	              ->  Bitmap Index Scan on sbtest8_pkey  (cost=0.00..298.68 rows=9424 width=0)
	                    Index Cond: ((id >= 6310188) AND (id <= 6320187))

for: sum_ranges
table 1 : explain SELECT SUM(k) FROM sbtest1 WHERE id BETWEEN 9976914 AND 9986913
	Aggregate  (cost=33962.79..33962.80 rows=1 width=8)
	  ->  Bitmap Heap Scan on sbtest1  (cost=309.06..33938.25 rows=9817 width=4)
	        Recheck Cond: ((id >= 9976914) AND (id <= 9986913))
	        ->  Bitmap Index Scan on sbtest1_pkey  (cost=0.00..306.61 rows=9817 width=0)
	              Index Cond: ((id >= 9976914) AND (id <= 9986913))

table 2 : explain SELECT SUM(k) FROM sbtest2 WHERE id BETWEEN 4197332 AND 4207331
	Aggregate  (cost=34215.87..34215.88 rows=1 width=8)
	  ->  Bitmap Heap Scan on sbtest2  (cost=313.82..34191.14 rows=9891 width=4)
	        Recheck Cond: ((id >= 4197332) AND (id <= 4207331))
	        ->  Bitmap Index Scan on sbtest2_pkey  (cost=0.00..311.34 rows=9891 width=0)
	              Index Cond: ((id >= 4197332) AND (id <= 4207331))

table 3 : explain SELECT SUM(k) FROM sbtest3 WHERE id BETWEEN 9843133 AND 9853132
	Aggregate  (cost=36039.22..36039.23 rows=1 width=8)
	  ->  Bitmap Heap Scan on sbtest3  (cost=335.72..36013.06 rows=10467 width=4)
	        Recheck Cond: ((id >= 9843133) AND (id <= 9853132))
	        ->  Bitmap Index Scan on sbtest3_pkey  (cost=0.00..333.11 rows=10467 width=0)
	              Index Cond: ((id >= 9843133) AND (id <= 9853132))

table 4 : explain SELECT SUM(k) FROM sbtest4 WHERE id BETWEEN 3215018 AND 3225017
	Aggregate  (cost=35375.59..35375.60 rows=1 width=8)
	  ->  Bitmap Heap Scan on sbtest4  (cost=328.70..35350.16 rows=10172 width=4)
	        Recheck Cond: ((id >= 3215018) AND (id <= 3225017))
	        ->  Bitmap Index Scan on sbtest4_pkey  (cost=0.00..326.16 rows=10172 width=0)
	              Index Cond: ((id >= 3215018) AND (id <= 3225017))

table 5 : explain SELECT SUM(k) FROM sbtest5 WHERE id BETWEEN 2750351 AND 2760350
	Aggregate  (cost=33126.61..33126.62 rows=1 width=8)
	  ->  Bitmap Heap Scan on sbtest5  (cost=305.47..33102.95 rows=9467 width=4)
	        Recheck Cond: ((id >= 2750351) AND (id <= 2760350))
	        ->  Bitmap Index Scan on sbtest5_pkey  (cost=0.00..303.11 rows=9467 width=0)
	              Index Cond: ((id >= 2750351) AND (id <= 2760350))

table 6 : explain SELECT SUM(k) FROM sbtest6 WHERE id BETWEEN 4785454 AND 4795453
	Aggregate  (cost=36804.37..36804.38 rows=1 width=8)
	  ->  Bitmap Heap Scan on sbtest6  (cost=342.15..36777.61 rows=10704 width=4)
	        Recheck Cond: ((id >= 4785454) AND (id <= 4795453))
	        ->  Bitmap Index Scan on sbtest6_pkey  (cost=0.00..339.48 rows=10704 width=0)
	              Index Cond: ((id >= 4785454) AND (id <= 4795453))

table 7 : explain SELECT SUM(k) FROM sbtest7 WHERE id BETWEEN 6455996 AND 6465995
	Aggregate  (cost=32896.31..32896.32 rows=1 width=8)
	  ->  Bitmap Heap Scan on sbtest7  (cost=305.61..32872.61 rows=9480 width=4)
	        Recheck Cond: ((id >= 6455996) AND (id <= 6465995))
	        ->  Bitmap Index Scan on sbtest7_pkey  (cost=0.00..303.24 rows=9480 width=0)
	              Index Cond: ((id >= 6455996) AND (id <= 6465995))

table 8 : explain SELECT SUM(k) FROM sbtest8 WHERE id BETWEEN 9368509 AND 9378508
	Aggregate  (cost=35753.08..35753.09 rows=1 width=8)
	  ->  Bitmap Heap Scan on sbtest8  (cost=334.84..35727.13 rows=10381 width=4)
	        Recheck Cond: ((id >= 9368509) AND (id <= 9378508))
	        ->  Bitmap Index Scan on sbtest8_pkey  (cost=0.00..332.25 rows=10381 width=0)
	              Index Cond: ((id >= 9368509) AND (id <= 9378508))

for: order_ranges
table 1 : explain SELECT c FROM sbtest1 WHERE id BETWEEN 8067603 AND 8077602 ORDER BY c
	Sort  (cost=34457.17..34481.61 rows=9776 width=121)
	  Sort Key: c
	  ->  Bitmap Heap Scan on sbtest1  (cost=308.64..33809.26 rows=9776 width=121)
	        Recheck Cond: ((id >= 8067603) AND (id <= 8077602))
	        ->  Bitmap Index Scan on sbtest1_pkey  (cost=0.00..306.19 rows=9776 width=0)
	              Index Cond: ((id >= 8067603) AND (id <= 8077602))

table 2 : explain SELECT c FROM sbtest2 WHERE id BETWEEN 1683129 AND 1693128 ORDER BY c
	Sort  (cost=34351.39..34375.73 rows=9737 width=121)
	  Sort Key: c
	  ->  Bitmap Heap Scan on sbtest2  (cost=308.24..33706.35 rows=9737 width=121)
	        Recheck Cond: ((id >= 1683129) AND (id <= 1693128))
	        ->  Bitmap Index Scan on sbtest2_pkey  (cost=0.00..305.81 rows=9737 width=0)
	              Index Cond: ((id >= 1683129) AND (id <= 1693128))

table 3 : explain SELECT c FROM sbtest3 WHERE id BETWEEN 7668869 AND 7678868 ORDER BY c
	Sort  (cost=36924.98..36951.31 rows=10534 width=121)
	  Sort Key: c
	  ->  Bitmap Heap Scan on sbtest3  (cost=336.41..36221.16 rows=10534 width=121)
	        Recheck Cond: ((id >= 7668869) AND (id <= 7678868))
	        ->  Bitmap Index Scan on sbtest3_pkey  (cost=0.00..333.78 rows=10534 width=0)
	              Index Cond: ((id >= 7668869) AND (id <= 7678868))

table 4 : explain SELECT c FROM sbtest4 WHERE id BETWEEN 7666018 AND 7676017 ORDER BY c
	Sort  (cost=36186.69..36212.24 rows=10222 width=121)
	  Sort Key: c
	  ->  Bitmap Heap Scan on sbtest4  (cost=329.21..35505.93 rows=10222 width=121)
	        Recheck Cond: ((id >= 7666018) AND (id <= 7676017))
	        ->  Bitmap Index Scan on sbtest4_pkey  (cost=0.00..326.66 rows=10222 width=0)
	              Index Cond: ((id >= 7666018) AND (id <= 7676017))

table 5 : explain SELECT c FROM sbtest5 WHERE id BETWEEN 7810544 AND 7820543 ORDER BY c
	Sort  (cost=36427.26..36453.00 rows=10296 width=121)
	  Sort Key: c
	  ->  Bitmap Heap Scan on sbtest5  (cost=329.97..35741.04 rows=10296 width=121)
	        Recheck Cond: ((id >= 7810544) AND (id <= 7820543))
	        ->  Bitmap Index Scan on sbtest5_pkey  (cost=0.00..327.40 rows=10296 width=0)
	              Index Cond: ((id >= 7810544) AND (id <= 7820543))

table 6 : explain SELECT c FROM sbtest6 WHERE id BETWEEN 2483139 AND 2493138 ORDER BY c
	Sort  (cost=32573.97..32596.91 rows=9176 width=121)
	  Sort Key: c
	  ->  Bitmap Heap Scan on sbtest6  (cost=294.49..31970.02 rows=9176 width=121)
	        Recheck Cond: ((id >= 2483139) AND (id <= 2493138))
	        ->  Bitmap Index Scan on sbtest6_pkey  (cost=0.00..292.19 rows=9176 width=0)
	              Index Cond: ((id >= 2483139) AND (id <= 2493138))

table 7 : explain SELECT c FROM sbtest7 WHERE id BETWEEN 1182779 AND 1192778 ORDER BY c
	Sort  (cost=35539.96..35565.25 rows=10116 width=121)
	  Sort Key: c
	  ->  Bitmap Heap Scan on sbtest7  (cost=324.12..34867.03 rows=10116 width=121)
	        Recheck Cond: ((id >= 1182779) AND (id <= 1192778))
	        ->  Bitmap Index Scan on sbtest7_pkey  (cost=0.00..321.59 rows=10116 width=0)
	              Index Cond: ((id >= 1182779) AND (id <= 1192778))

table 8 : explain SELECT c FROM sbtest8 WHERE id BETWEEN 6505986 AND 6515985 ORDER BY c
	Sort  (cost=36845.69..36871.98 rows=10515 width=121)
	  Sort Key: c
	  ->  Bitmap Heap Scan on sbtest8  (cost=336.21..36143.28 rows=10515 width=121)
	        Recheck Cond: ((id >= 6505986) AND (id <= 6515985))
	        ->  Bitmap Index Scan on sbtest8_pkey  (cost=0.00..333.58 rows=10515 width=0)
	              Index Cond: ((id >= 6505986) AND (id <= 6515985))

for: order_ranges
table 1 : explain SELECT c FROM sbtest1 WHERE id BETWEEN 2784696 AND 2794695 ORDER BY c
	Sort  (cost=32981.88..33005.18 rows=9320 width=121)
	  Sort Key: c
	  ->  Bitmap Heap Scan on sbtest1  (cost=291.96..32367.41 rows=9320 width=121)
	        Recheck Cond: ((id >= 2784696) AND (id <= 2794695))
	        ->  Bitmap Index Scan on sbtest1_pkey  (cost=0.00..289.63 rows=9320 width=0)
	              Index Cond: ((id >= 2784696) AND (id <= 2794695))

table 2 : explain SELECT c FROM sbtest2 WHERE id BETWEEN 8429882 AND 8439881 ORDER BY c
	Sort  (cost=36415.80..36441.75 rows=10380 width=121)
	  Sort Key: c
	  ->  Bitmap Heap Scan on sbtest2  (cost=330.83..35723.38 rows=10380 width=121)
	        Recheck Cond: ((id >= 8429882) AND (id <= 8439881))
	        ->  Bitmap Index Scan on sbtest2_pkey  (cost=0.00..328.24 rows=10380 width=0)
	              Index Cond: ((id >= 8429882) AND (id <= 8439881))

table 3 : explain SELECT c FROM sbtest3 WHERE id BETWEEN 526077 AND 536076 ORDER BY c
	Sort  (cost=34248.32..34272.56 rows=9699 width=121)
	  Sort Key: c
	  ->  Bitmap Heap Scan on sbtest3  (cost=311.85..33606.07 rows=9699 width=121)
	        Recheck Cond: ((id >= 526077) AND (id <= 536076))
	        ->  Bitmap Index Scan on sbtest3_pkey  (cost=0.00..309.43 rows=9699 width=0)
	              Index Cond: ((id >= 526077) AND (id <= 536076))

table 4 : explain SELECT c FROM sbtest4 WHERE id BETWEEN 8123509 AND 8133508 ORDER BY c
	Sort  (cost=35564.45..35589.53 rows=10030 width=121)
	  Sort Key: c
	  ->  Bitmap Heap Scan on sbtest4  (cost=323.24..34897.86 rows=10030 width=121)
	        Recheck Cond: ((id >= 8123509) AND (id <= 8133508))
	        ->  Bitmap Index Scan on sbtest4_pkey  (cost=0.00..320.74 rows=10030 width=0)
	              Index Cond: ((id >= 8123509) AND (id <= 8133508))

table 5 : explain SELECT c FROM sbtest5 WHERE id BETWEEN 6604437 AND 6614436 ORDER BY c
	Sort  (cost=33604.26..33627.83 rows=9429 width=121)
	  Sort Key: c
	  ->  Bitmap Heap Scan on sbtest5  (cost=305.08..32981.81 rows=9429 width=121)
	        Recheck Cond: ((id >= 6604437) AND (id <= 6614436))
	        ->  Bitmap Index Scan on sbtest5_pkey  (cost=0.00..302.73 rows=9429 width=0)
	              Index Cond: ((id >= 6604437) AND (id <= 6614436))

table 6 : explain SELECT c FROM sbtest6 WHERE id BETWEEN 6362584 AND 6372583 ORDER BY c
	Sort  (cost=36805.01..36831.23 rows=10488 width=121)
	  Sort Key: c
	  ->  Bitmap Heap Scan on sbtest6  (cost=335.94..36104.60 rows=10488 width=121)
	        Recheck Cond: ((id >= 6362584) AND (id <= 6372583))
	        ->  Bitmap Index Scan on sbtest6_pkey  (cost=0.00..333.31 rows=10488 width=0)
	              Index Cond: ((id >= 6362584) AND (id <= 6372583))

table 7 : explain SELECT c FROM sbtest7 WHERE id BETWEEN 7025280 AND 7035279 ORDER BY c
	Sort  (cost=34015.64..34039.74 rows=9640 width=121)
	  Sort Key: c
	  ->  Bitmap Heap Scan on sbtest7  (cost=311.25..33377.73 rows=9640 width=121)
	        Recheck Cond: ((id >= 7025280) AND (id <= 7035279))
	        ->  Bitmap Index Scan on sbtest7_pkey  (cost=0.00..308.83 rows=9640 width=0)
	              Index Cond: ((id >= 7025280) AND (id <= 7035279))

table 8 : explain SELECT c FROM sbtest8 WHERE id BETWEEN 1592388 AND 1602387 ORDER BY c
	Sort  (cost=34564.39..34588.89 rows=9802 width=121)
	  Sort Key: c
	  ->  Bitmap Heap Scan on sbtest8  (cost=316.91..33914.57 rows=9802 width=121)
	        Recheck Cond: ((id >= 1592388) AND (id <= 1602387))
	        ->  Bitmap Index Scan on sbtest8_pkey  (cost=0.00..314.45 rows=9802 width=0)
	              Index Cond: ((id >= 1592388) AND (id <= 1602387))

for: order_ranges
table 1 : explain SELECT c FROM sbtest1 WHERE id BETWEEN 8936985 AND 8946984 ORDER BY c
	Sort  (cost=38098.66..38125.95 rows=10917 width=121)
	  Sort Key: c
	  ->  Bitmap Heap Scan on sbtest1  (cost=344.33..37366.44 rows=10917 width=121)
	        Recheck Cond: ((id >= 8936985) AND (id <= 8946984))
	        ->  Bitmap Index Scan on sbtest1_pkey  (cost=0.00..341.61 rows=10917 width=0)
	              Index Cond: ((id >= 8936985) AND (id <= 8946984))

table 2 : explain SELECT c FROM sbtest2 WHERE id BETWEEN 4417852 AND 4427851 ORDER BY c
	Sort  (cost=36350.15..36376.04 rows=10359 width=121)
	  Sort Key: c
	  ->  Bitmap Heap Scan on sbtest2  (cost=330.61..35659.27 rows=10359 width=121)
	        Recheck Cond: ((id >= 4417852) AND (id <= 4427851))
	        ->  Bitmap Index Scan on sbtest2_pkey  (cost=0.00..328.03 rows=10359 width=0)
	              Index Cond: ((id >= 4417852) AND (id <= 4427851))

table 3 : explain SELECT c FROM sbtest3 WHERE id BETWEEN 3362122 AND 3372121 ORDER BY c
	Sort  (cost=33006.52..33029.81 rows=9315 width=121)
	  Sort Key: c
	  ->  Bitmap Heap Scan on sbtest3  (cost=299.91..32392.42 rows=9315 width=121)
	        Recheck Cond: ((id >= 3362122) AND (id <= 3372121))
	        ->  Bitmap Index Scan on sbtest3_pkey  (cost=0.00..297.58 rows=9315 width=0)
	              Index Cond: ((id >= 3362122) AND (id <= 3372121))

table 4 : explain SELECT c FROM sbtest4 WHERE id BETWEEN 7292781 AND 7302780 ORDER BY c
	Sort  (cost=32490.61..32513.34 rows=9091 width=121)
	  Sort Key: c
	  ->  Bitmap Heap Scan on sbtest4  (cost=293.62..31892.87 rows=9091 width=121)
	        Recheck Cond: ((id >= 7292781) AND (id <= 7302780))
	        ->  Bitmap Index Scan on sbtest4_pkey  (cost=0.00..291.34 rows=9091 width=0)
	              Index Cond: ((id >= 7292781) AND (id <= 7302780))

table 5 : explain SELECT c FROM sbtest5 WHERE id BETWEEN 516289 AND 526288 ORDER BY c
	Sort  (cost=36898.64..36924.74 rows=10441 width=121)
	  Sort Key: c
	  ->  Bitmap Heap Scan on sbtest5  (cost=335.46..36201.70 rows=10441 width=121)
	        Recheck Cond: ((id >= 516289) AND (id <= 526288))
	        ->  Bitmap Index Scan on sbtest5_pkey  (cost=0.00..332.84 rows=10441 width=0)
	              Index Cond: ((id >= 516289) AND (id <= 526288))

table 6 : explain SELECT c FROM sbtest6 WHERE id BETWEEN 2776057 AND 2786056 ORDER BY c
	Sort  (cost=36334.60..36360.45 rows=10341 width=121)
	  Sort Key: c
	  ->  Bitmap Heap Scan on sbtest6  (cost=330.43..35645.05 rows=10341 width=121)
	        Recheck Cond: ((id >= 2776057) AND (id <= 2786056))
	        ->  Bitmap Index Scan on sbtest6_pkey  (cost=0.00..327.84 rows=10341 width=0)
	              Index Cond: ((id >= 2776057) AND (id <= 2786056))

table 7 : explain SELECT c FROM sbtest7 WHERE id BETWEEN 8724032 AND 8734031 ORDER BY c
	Sort  (cost=38525.69..38553.32 rows=11053 width=121)
	  Sort Key: c
	  ->  Bitmap Heap Scan on sbtest7  (cost=357.73..37783.36 rows=11053 width=121)
	        Recheck Cond: ((id >= 8724032) AND (id <= 8734031))
	        ->  Bitmap Index Scan on sbtest7_pkey  (cost=0.00..354.96 rows=11053 width=0)
	              Index Cond: ((id >= 8724032) AND (id <= 8734031))

table 8 : explain SELECT c FROM sbtest8 WHERE id BETWEEN 4775642 AND 4785641 ORDER BY c
	Sort  (cost=37042.86..37069.30 rows=10576 width=121)
	  Sort Key: c
	  ->  Bitmap Heap Scan on sbtest8  (cost=340.84..36335.93 rows=10576 width=121)
	        Recheck Cond: ((id >= 4775642) AND (id <= 4785641))
	        ->  Bitmap Index Scan on sbtest8_pkey  (cost=0.00..338.19 rows=10576 width=0)
	              Index Cond: ((id >= 4775642) AND (id <= 4785641))

for: distinct_ranges
table 1 : explain SELECT DISTINCT c FROM sbtest1 WHERE id BETWEEN 3092866 AND 3102865 ORDER BY c
	Unique  (cost=33400.53..33447.77 rows=9449 width=121)
	  ->  Sort  (cost=33400.53..33424.15 rows=9449 width=121)
	        Sort Key: c
	        ->  Bitmap Heap Scan on sbtest1  (cost=297.29..32776.61 rows=9449 width=121)
	              Recheck Cond: ((id >= 3092866) AND (id <= 3102865))
	              ->  Bitmap Index Scan on sbtest1_pkey  (cost=0.00..294.93 rows=9449 width=0)
	                    Index Cond: ((id >= 3092866) AND (id <= 3102865))

table 2 : explain SELECT DISTINCT c FROM sbtest2 WHERE id BETWEEN 61341 AND 71340 ORDER BY c
	Unique  (cost=32048.79..32093.92 rows=9026 width=121)
	  ->  Sort  (cost=32048.79..32071.36 rows=9026 width=121)
	        Sort Key: c
	        ->  Bitmap Heap Scan on sbtest2  (cost=288.95..31455.79 rows=9026 width=121)
	              Recheck Cond: ((id >= 61341) AND (id <= 71340))
	              ->  Bitmap Index Scan on sbtest2_pkey  (cost=0.00..286.69 rows=9026 width=0)
	                    Index Cond: ((id >= 61341) AND (id <= 71340))

table 3 : explain SELECT DISTINCT c FROM sbtest3 WHERE id BETWEEN 321790 AND 331789 ORDER BY c
	Unique  (cost=35348.71..35398.92 rows=10042 width=121)
	  ->  Sort  (cost=35348.71..35373.81 rows=10042 width=121)
	        Sort Key: c
	        ->  Bitmap Heap Scan on sbtest3  (cost=319.37..34681.23 rows=10042 width=121)
	              Recheck Cond: ((id >= 321790) AND (id <= 331789))
	              ->  Bitmap Index Scan on sbtest3_pkey  (cost=0.00..316.86 rows=10042 width=0)
	                    Index Cond: ((id >= 321790) AND (id <= 331789))

table 4 : explain SELECT DISTINCT c FROM sbtest4 WHERE id BETWEEN 5740216 AND 5750215 ORDER BY c
	Unique  (cost=39386.72..39442.80 rows=11216 width=121)
	  ->  Sort  (cost=39386.72..39414.76 rows=11216 width=121)
	        Sort Key: c
	        ->  Bitmap Heap Scan on sbtest4  (cost=359.40..38632.26 rows=11216 width=121)
	              Recheck Cond: ((id >= 5740216) AND (id <= 5750215))
	              ->  Bitmap Index Scan on sbtest4_pkey  (cost=0.00..356.59 rows=11216 width=0)
	                    Index Cond: ((id >= 5740216) AND (id <= 5750215))

table 5 : explain SELECT DISTINCT c FROM sbtest5 WHERE id BETWEEN 9210920 AND 9220919 ORDER BY c
	Unique  (cost=36327.71..36379.03 rows=10265 width=121)
	  ->  Sort  (cost=36327.71..36353.37 rows=10265 width=121)
	        Sort Key: c
	        ->  Bitmap Heap Scan on sbtest5  (cost=329.65..35643.78 rows=10265 width=121)
	              Recheck Cond: ((id >= 9210920) AND (id <= 9220919))
	              ->  Bitmap Index Scan on sbtest5_pkey  (cost=0.00..327.08 rows=10265 width=0)
	                    Index Cond: ((id >= 9210920) AND (id <= 9220919))

table 6 : explain SELECT DISTINCT c FROM sbtest6 WHERE id BETWEEN 9201147 AND 9211146 ORDER BY c
	Unique  (cost=37096.92..37149.82 rows=10580 width=121)
	  ->  Sort  (cost=37096.92..37123.37 rows=10580 width=121)
	        Sort Key: c
	        ->  Bitmap Heap Scan on sbtest6  (cost=336.88..36389.70 rows=10580 width=121)
	              Recheck Cond: ((id >= 9201147) AND (id <= 9211146))
	              ->  Bitmap Index Scan on sbtest6_pkey  (cost=0.00..334.24 rows=10580 width=0)
	                    Index Cond: ((id >= 9201147) AND (id <= 9211146))

table 7 : explain SELECT DISTINCT c FROM sbtest7 WHERE id BETWEEN 6262952 AND 6272951 ORDER BY c
	Unique  (cost=35227.44..35277.53 rows=10017 width=121)
	  ->  Sort  (cost=35227.44..35252.49 rows=10017 width=121)
	        Sort Key: c
	        ->  Bitmap Heap Scan on sbtest7  (cost=323.11..34561.81 rows=10017 width=121)
	              Recheck Cond: ((id >= 6262952) AND (id <= 6272951))
	              ->  Bitmap Index Scan on sbtest7_pkey  (cost=0.00..320.61 rows=10017 width=0)
	                    Index Cond: ((id >= 6262952) AND (id <= 6272951))

table 8 : explain SELECT DISTINCT c FROM sbtest8 WHERE id BETWEEN 5721710 AND 5731709 ORDER BY c
	Unique  (cost=33938.09..33986.14 rows=9609 width=121)
	  ->  Sort  (cost=33938.09..33962.11 rows=9609 width=121)
	        Sort Key: c
	        ->  Bitmap Heap Scan on sbtest8  (cost=306.93..33302.45 rows=9609 width=121)
	              Recheck Cond: ((id >= 5721710) AND (id <= 5731709))
	              ->  Bitmap Index Scan on sbtest8_pkey  (cost=0.00..304.53 rows=9609 width=0)
	                    Index Cond: ((id >= 5721710) AND (id <= 5731709))

for: distinct_ranges
table 1 : explain SELECT DISTINCT c FROM sbtest1 WHERE id BETWEEN 2204851 AND 2214850 ORDER BY c
	Unique  (cost=34913.16..34962.75 rows=9918 width=121)
	  ->  Sort  (cost=34913.16..34937.95 rows=9918 width=121)
	        Sort Key: c
	        ->  Bitmap Heap Scan on sbtest1  (cost=314.09..34254.81 rows=9918 width=121)
	              Recheck Cond: ((id >= 2204851) AND (id <= 2214850))
	              ->  Bitmap Index Scan on sbtest1_pkey  (cost=0.00..311.62 rows=9918 width=0)
	                    Index Cond: ((id >= 2204851) AND (id <= 2214850))

table 2 : explain SELECT DISTINCT c FROM sbtest2 WHERE id BETWEEN 8329034 AND 8339033 ORDER BY c
	Unique  (cost=33825.29..33873.15 rows=9573 width=121)
	  ->  Sort  (cost=33825.29..33849.22 rows=9573 width=121)
	        Sort Key: c
	        ->  Bitmap Heap Scan on sbtest2  (cost=306.56..33192.28 rows=9573 width=121)
	              Recheck Cond: ((id >= 8329034) AND (id <= 8339033))
	              ->  Bitmap Index Scan on sbtest2_pkey  (cost=0.00..304.17 rows=9573 width=0)
	                    Index Cond: ((id >= 8329034) AND (id <= 8339033))

table 3 : explain SELECT DISTINCT c FROM sbtest3 WHERE id BETWEEN 755594 AND 765593 ORDER BY c
	Unique  (cost=32643.30..32689.32 rows=9204 width=121)
	  ->  Sort  (cost=32643.30..32666.31 rows=9204 width=121)
	        Sort Key: c
	        ->  Bitmap Heap Scan on sbtest3  (cost=294.78..32037.31 rows=9204 width=121)
	              Recheck Cond: ((id >= 755594) AND (id <= 765593))
	              ->  Bitmap Index Scan on sbtest3_pkey  (cost=0.00..292.48 rows=9204 width=0)
	                    Index Cond: ((id >= 755594) AND (id <= 765593))

table 4 : explain SELECT DISTINCT c FROM sbtest4 WHERE id BETWEEN 8325659 AND 8335658 ORDER BY c
	Unique  (cost=32331.90..32377.12 rows=9044 width=121)
	  ->  Sort  (cost=32331.90..32354.51 rows=9044 width=121)
	        Sort Key: c
	        ->  Bitmap Heap Scan on sbtest4  (cost=289.14..31737.59 rows=9044 width=121)
	              Recheck Cond: ((id >= 8325659) AND (id <= 8335658))
	              ->  Bitmap Index Scan on sbtest4_pkey  (cost=0.00..286.88 rows=9044 width=0)
	                    Index Cond: ((id >= 8325659) AND (id <= 8335658))

table 5 : explain SELECT DISTINCT c FROM sbtest5 WHERE id BETWEEN 3883516 AND 3893515 ORDER BY c
	Unique  (cost=34022.65..34070.44 rows=9557 width=121)
	  ->  Sort  (cost=34022.65..34046.54 rows=9557 width=121)
	        Sort Key: c
	        ->  Bitmap Heap Scan on sbtest5  (cost=306.39..33390.82 rows=9557 width=121)
	              Recheck Cond: ((id >= 3883516) AND (id <= 3893515))
	              ->  Bitmap Index Scan on sbtest5_pkey  (cost=0.00..304.00 rows=9557 width=0)
	                    Index Cond: ((id >= 3883516) AND (id <= 3893515))

table 6 : explain SELECT DISTINCT c FROM sbtest6 WHERE id BETWEEN 4457316 AND 4467315 ORDER BY c
	Unique  (cost=36433.19..36485.05 rows=10372 width=121)
	  ->  Sort  (cost=36433.19..36459.12 rows=10372 width=121)
	        Sort Key: c
	        ->  Bitmap Heap Scan on sbtest6  (cost=330.75..35741.36 rows=10372 width=121)
	              Recheck Cond: ((id >= 4457316) AND (id <= 4467315))
	              ->  Bitmap Index Scan on sbtest6_pkey  (cost=0.00..328.16 rows=10372 width=0)
	                    Index Cond: ((id >= 4457316) AND (id <= 4467315))

table 7 : explain SELECT DISTINCT c FROM sbtest7 WHERE id BETWEEN 9283859 AND 9293858 ORDER BY c
	Unique  (cost=36479.78..36531.82 rows=10409 width=121)
	  ->  Sort  (cost=36479.78..36505.80 rows=10409 width=121)
	        Sort Key: c
	        ->  Bitmap Heap Scan on sbtest7  (cost=335.13..35785.21 rows=10409 width=121)
	              Recheck Cond: ((id >= 9283859) AND (id <= 9293858))
	              ->  Bitmap Index Scan on sbtest7_pkey  (cost=0.00..332.53 rows=10409 width=0)
	                    Index Cond: ((id >= 9283859) AND (id <= 9293858))

table 8 : explain SELECT DISTINCT c FROM sbtest8 WHERE id BETWEEN 4333838 AND 4343837 ORDER BY c
	Unique  (cost=34322.53..34371.17 rows=9728 width=121)
	  ->  Sort  (cost=34322.53..34346.85 rows=9728 width=121)
	        Sort Key: c
	        ->  Bitmap Heap Scan on sbtest8  (cost=312.15..33678.15 rows=9728 width=121)
	              Recheck Cond: ((id >= 4333838) AND (id <= 4343837))
	              ->  Bitmap Index Scan on sbtest8_pkey  (cost=0.00..309.71 rows=9728 width=0)
	                    Index Cond: ((id >= 4333838) AND (id <= 4343837))

for: distinct_ranges
table 1 : explain SELECT DISTINCT c FROM sbtest1 WHERE id BETWEEN 944115 AND 954114 ORDER BY c
	Unique  (cost=34813.55..34862.99 rows=9888 width=121)
	  ->  Sort  (cost=34813.55..34838.27 rows=9888 width=121)
	        Sort Key: c
	        ->  Bitmap Heap Scan on sbtest1  (cost=309.79..34157.41 rows=9888 width=121)
	              Recheck Cond: ((id >= 944115) AND (id <= 954114))
	              ->  Bitmap Index Scan on sbtest1_pkey  (cost=0.00..307.31 rows=9888 width=0)
	                    Index Cond: ((id >= 944115) AND (id <= 954114))

table 2 : explain SELECT DISTINCT c FROM sbtest2 WHERE id BETWEEN 1620674 AND 1630673 ORDER BY c
	Unique  (cost=34351.39..34400.08 rows=9737 width=121)
	  ->  Sort  (cost=34351.39..34375.73 rows=9737 width=121)
	        Sort Key: c
	        ->  Bitmap Heap Scan on sbtest2  (cost=308.24..33706.35 rows=9737 width=121)
	              Recheck Cond: ((id >= 1620674) AND (id <= 1630673))
	              ->  Bitmap Index Scan on sbtest2_pkey  (cost=0.00..305.81 rows=9737 width=0)
	                    Index Cond: ((id >= 1620674) AND (id <= 1630673))

table 3 : explain SELECT DISTINCT c FROM sbtest3 WHERE id BETWEEN 5732305 AND 5742304 ORDER BY c
	Unique  (cost=38853.97..38909.68 rows=11142 width=121)
	  ->  Sort  (cost=38853.97..38881.82 rows=11142 width=121)
	        Sort Key: c
	        ->  Bitmap Heap Scan on sbtest3  (cost=354.64..38105.02 rows=11142 width=121)
	              Recheck Cond: ((id >= 5732305) AND (id <= 5742304))
	              ->  Bitmap Index Scan on sbtest3_pkey  (cost=0.00..351.86 rows=11142 width=0)
	                    Index Cond: ((id >= 5732305) AND (id <= 5742304))

table 4 : explain SELECT DISTINCT c FROM sbtest4 WHERE id BETWEEN 8889599 AND 8899598 ORDER BY c
	Unique  (cost=34282.70..34330.88 rows=9637 width=121)
	  ->  Sort  (cost=34282.70..34306.79 rows=9637 width=121)
	        Sort Key: c
	        ->  Bitmap Heap Scan on sbtest4  (cost=311.21..33645.00 rows=9637 width=121)
	              Recheck Cond: ((id >= 8889599) AND (id <= 8899598))
	              ->  Bitmap Index Scan on sbtest4_pkey  (cost=0.00..308.81 rows=9637 width=0)
	                    Index Cond: ((id >= 8889599) AND (id <= 8899598))

table 5 : explain SELECT DISTINCT c FROM sbtest5 WHERE id BETWEEN 9297893 AND 9307892 ORDER BY c
	Unique  (cost=35911.87..35962.55 rows=10137 width=121)
	  ->  Sort  (cost=35911.87..35937.21 rows=10137 width=121)
	        Sort Key: c
	        ->  Bitmap Heap Scan on sbtest5  (cost=324.34..35237.39 rows=10137 width=121)
	              Recheck Cond: ((id >= 9297893) AND (id <= 9307892))
	              ->  Bitmap Index Scan on sbtest5_pkey  (cost=0.00..321.81 rows=10137 width=0)
	                    Index Cond: ((id >= 9297893) AND (id <= 9307892))

table 6 : explain SELECT DISTINCT c FROM sbtest6 WHERE id BETWEEN 2310122 AND 2320121 ORDER BY c
	Unique  (cost=35388.19..35438.42 rows=10047 width=121)
	  ->  Sort  (cost=35388.19..35413.31 rows=10047 width=121)
	        Sort Key: c
	        ->  Bitmap Heap Scan on sbtest6  (cost=319.42..34720.34 rows=10047 width=121)
	              Recheck Cond: ((id >= 2310122) AND (id <= 2320121))
	              ->  Bitmap Index Scan on sbtest6_pkey  (cost=0.00..316.91 rows=10047 width=0)
	                    Index Cond: ((id >= 2310122) AND (id <= 2320121))

table 7 : explain SELECT DISTINCT c FROM sbtest7 WHERE id BETWEEN 5691981 AND 5701980 ORDER BY c
	Unique  (cost=36171.71..36223.27 rows=10312 width=121)
	  ->  Sort  (cost=36171.71..36197.49 rows=10312 width=121)
	        Sort Key: c
	        ->  Bitmap Heap Scan on sbtest7  (cost=334.13..35484.31 rows=10312 width=121)
	              Recheck Cond: ((id >= 5691981) AND (id <= 5701980))
	              ->  Bitmap Index Scan on sbtest7_pkey  (cost=0.00..331.56 rows=10312 width=0)
	                    Index Cond: ((id >= 5691981) AND (id <= 5701980))

table 8 : explain SELECT DISTINCT c FROM sbtest8 WHERE id BETWEEN 3261419 AND 3271418 ORDER BY c
	Unique  (cost=36254.81..36306.46 rows=10330 width=121)
	  ->  Sort  (cost=36254.81..36280.63 rows=10330 width=121)
	        Sort Key: c
	        ->  Bitmap Heap Scan on sbtest8  (cost=330.32..35566.08 rows=10330 width=121)
	              Recheck Cond: ((id >= 3261419) AND (id <= 3271418))
	              ->  Bitmap Index Scan on sbtest8_pkey  (cost=0.00..327.74 rows=10330 width=0)
	                    Index Cond: ((id >= 3261419) AND (id <= 3271418))

Threads started!

Warming up for 5 seconds...

SQL statistics:
    queries performed:
        read:                            4016969
        write:                           0
        other:                           573880
        total:                           4590849
    transactions:                        286960 (455.43 per sec.)
    queries:                             4590849 (7286.10 per sec.)
    ignored errors:                      0      (0.00 per sec.)
    reconnects:                          0      (0.00 per sec.)

Throughput:
    events/s (eps):                      455.4321
    time elapsed:                        630.0831s
    total number of events:              286960

Latency (ms):
         min:                                   53.67
         avg:                                   87.83
         max:                                  101.36
         95th percentile:                       90.78
         sum:                             25202947.17

Threads fairness:
    events (avg/stddev):           7174.0000/15.75
    execution time (avg/stddev):   630.0737/0.04

