LUA_PATH=/home/mdcallag/git/mytools/bench/sysbench.lua/lua/?.lua /home/mdcallag/git/mytools/bench/sysbench.lua/lua/sysbench --db-driver=pgsql --range-size=100 --table-size=10000000 --tables=8 --threads=40 --events=0 --warmup-time=5 --time=630 --pgsql_conn_id=true /home/mdcallag/git/mytools/bench/sysbench.lua/lua/oltp_range_covered.lua run --pgsql-user=root --pgsql-password=pw --pgsql-host=127.0.0.1 --pgsql-db=ib --rand-type=uniform --random-points=100 --skip-trx --on-id=false
48 CPUs
sysbench 1.1.0-9072687 (using bundled LuaJIT 2.1.0-beta3)

Running the test with following options:
Number of threads: 40
Warmup time: 5s
Initializing random number generator from current time


Initializing worker threads...

explain: for range-covered :: explain SELECT k FROM sbtest%d WHERE k BETWEEN 4834485 AND 4834585
explain: for range-covered :: explain SELECT k FROM sbtest%d WHERE k BETWEEN 2037728 AND 2037828
explain: for range-covered :: explain SELECT k FROM sbtest%d WHERE k BETWEEN 4412478 AND 4412578
explain: for range-covered :: explain SELECT k FROM sbtest%d WHERE k BETWEEN 3807774 AND 3807874
for range-covered
table 1 : explain SELECT k FROM sbtest1 WHERE k BETWEEN 4834485 AND 4834585
	Index Only Scan using k_1 on sbtest1  (cost=0.43..6.43 rows=100 width=4)
	  Index Cond: ((k >= 4834485) AND (k <= 4834585))

table 2 : explain SELECT k FROM sbtest2 WHERE k BETWEEN 4834485 AND 4834585
	Index Only Scan using k_2 on sbtest2  (cost=0.43..6.42 rows=99 width=4)
	  Index Cond: ((k >= 4834485) AND (k <= 4834585))

table 3 : explain SELECT k FROM sbtest3 WHERE k BETWEEN 4834485 AND 4834585
	Index Only Scan using k_3 on sbtest3  (cost=0.43..6.47 rows=102 width=4)
	  Index Cond: ((k >= 4834485) AND (k <= 4834585))

table 4 : explain SELECT k FROM sbtest4 WHERE k BETWEEN 4834485 AND 4834585
	Index Only Scan using k_4 on sbtest4  (cost=0.43..6.33 rows=95 width=4)
	  Index Cond: ((k >= 4834485) AND (k <= 4834585))

table 5 : explain SELECT k FROM sbtest5 WHERE k BETWEEN 4834485 AND 4834585
	Index Only Scan using k_5 on sbtest5  (cost=0.43..6.51 rows=104 width=4)
	  Index Cond: ((k >= 4834485) AND (k <= 4834585))

table 6 : explain SELECT k FROM sbtest6 WHERE k BETWEEN 4834485 AND 4834585
	Index Only Scan using k_6 on sbtest6  (cost=0.43..6.42 rows=99 width=4)
	  Index Cond: ((k >= 4834485) AND (k <= 4834585))

table 7 : explain SELECT k FROM sbtest7 WHERE k BETWEEN 4834485 AND 4834585
	Index Only Scan using k_7 on sbtest7  (cost=0.43..6.51 rows=104 width=4)
	  Index Cond: ((k >= 4834485) AND (k <= 4834585))

table 8 : explain SELECT k FROM sbtest8 WHERE k BETWEEN 4834485 AND 4834585
	Index Only Scan using k_8 on sbtest8  (cost=0.43..6.27 rows=92 width=4)
	  Index Cond: ((k >= 4834485) AND (k <= 4834585))

explain: for range-covered :: explain SELECT k FROM sbtest%d WHERE k BETWEEN 4834485 AND 4834585
for range-covered
table 1 : explain SELECT k FROM sbtest1 WHERE k BETWEEN 4834485 AND 4834585
	Index Only Scan using k_1 on sbtest1  (cost=0.43..6.43 rows=100 width=4)
	  Index Cond: ((k >= 4834485) AND (k <= 4834585))

table 2 : explain SELECT k FROM sbtest2 WHERE k BETWEEN 4834485 AND 4834585
	Index Only Scan using k_2 on sbtest2  (cost=0.43..6.42 rows=99 width=4)
	  Index Cond: ((k >= 4834485) AND (k <= 4834585))

table 3 : explain SELECT k FROM sbtest3 WHERE k BETWEEN 4834485 AND 4834585
	Index Only Scan using k_3 on sbtest3  (cost=0.43..6.47 rows=102 width=4)
	  Index Cond: ((k >= 4834485) AND (k <= 4834585))

table 4 : explain SELECT k FROM sbtest4 WHERE k BETWEEN 4834485 AND 4834585
	Index Only Scan using k_4 on sbtest4  (cost=0.43..6.33 rows=95 width=4)
	  Index Cond: ((k >= 4834485) AND (k <= 4834585))

table 5 : explain SELECT k FROM sbtest5 WHERE k BETWEEN 4834485 AND 4834585
	Index Only Scan using k_5 on sbtest5  (cost=0.43..6.51 rows=104 width=4)
	  Index Cond: ((k >= 4834485) AND (k <= 4834585))

table 6 : explain SELECT k FROM sbtest6 WHERE k BETWEEN 4834485 AND 4834585
	Index Only Scan using k_6 on sbtest6  (cost=0.43..6.42 rows=99 width=4)
	  Index Cond: ((k >= 4834485) AND (k <= 4834585))

table 7 : explain SELECT k FROM sbtest7 WHERE k BETWEEN 4834485 AND 4834585
	Index Only Scan using k_7 on sbtest7  (cost=0.43..6.51 rows=104 width=4)
	  Index Cond: ((k >= 4834485) AND (k <= 4834585))

table 8 : explain SELECT k FROM sbtest8 WHERE k BETWEEN 4834485 AND 4834585
	Index Only Scan using k_8 on sbtest8  (cost=0.43..6.27 rows=92 width=4)
	  Index Cond: ((k >= 4834485) AND (k <= 4834585))

explain: for range-covered :: explain SELECT k FROM sbtest%d WHERE k BETWEEN 4834485 AND 4834585
explain: for range-covered :: explain SELECT k FROM sbtest%d WHERE k BETWEEN 6040500 AND 6040600
for range-covered
table 1 : explain SELECT k FROM sbtest1 WHERE k BETWEEN 4834485 AND 4834585
	Index Only Scan using k_1 on sbtest1  (cost=0.43..6.43 rows=100 width=4)
	  Index Cond: ((k >= 4834485) AND (k <= 4834585))

table 2 : explain SELECT k FROM sbtest2 WHERE k BETWEEN 4834485 AND 4834585
	Index Only Scan using k_2 on sbtest2  (cost=0.43..6.42 rows=99 width=4)
	  Index Cond: ((k >= 4834485) AND (k <= 4834585))

table 3 : explain SELECT k FROM sbtest3 WHERE k BETWEEN 4834485 AND 4834585
	Index Only Scan using k_3 on sbtest3  (cost=0.43..6.47 rows=102 width=4)
	  Index Cond: ((k >= 4834485) AND (k <= 4834585))

table 4 : explain SELECT k FROM sbtest4 WHERE k BETWEEN 4834485 AND 4834585
	Index Only Scan using k_4 on sbtest4  (cost=0.43..6.33 rows=95 width=4)
	  Index Cond: ((k >= 4834485) AND (k <= 4834585))

table 5 : explain SELECT k FROM sbtest5 WHERE k BETWEEN 4834485 AND 4834585
	Index Only Scan using k_5 on sbtest5  (cost=0.43..6.51 rows=104 width=4)
	  Index Cond: ((k >= 4834485) AND (k <= 4834585))

table 6 : explain SELECT k FROM sbtest6 WHERE k BETWEEN 4834485 AND 4834585
	Index Only Scan using k_6 on sbtest6  (cost=0.43..6.42 rows=99 width=4)
	  Index Cond: ((k >= 4834485) AND (k <= 4834585))

table 7 : explain SELECT k FROM sbtest7 WHERE k BETWEEN 4834485 AND 4834585
	Index Only Scan using k_7 on sbtest7  (cost=0.43..6.51 rows=104 width=4)
	  Index Cond: ((k >= 4834485) AND (k <= 4834585))

table 8 : explain SELECT k FROM sbtest8 WHERE k BETWEEN 4834485 AND 4834585
	Index Only Scan using k_8 on sbtest8  (cost=0.43..6.27 rows=92 width=4)
	  Index Cond: ((k >= 4834485) AND (k <= 4834585))

explain: for range-covered :: explain SELECT k FROM sbtest%d WHERE k BETWEEN 4834485 AND 4834585
explain: for range-covered :: explain SELECT k FROM sbtest%d WHERE k BETWEEN 2668883 AND 2668983
explain: for range-covered :: explain SELECT k FROM sbtest%d WHERE k BETWEEN 3634959 AND 3635059
explain: for range-covered :: explain SELECT k FROM sbtest%d WHERE k BETWEEN 5041935 AND 5042035
for range-covered
table 1 : explain SELECT k FROM sbtest1 WHERE k BETWEEN 3807774 AND 3807874
	Index Only Scan using k_1 on sbtest1  (cost=0.43..6.35 rows=96 width=4)
	  Index Cond: ((k >= 3807774) AND (k <= 3807874))

table 2 : explain SELECT k FROM sbtest2 WHERE k BETWEEN 3807774 AND 3807874
	Index Only Scan using k_2 on sbtest2  (cost=0.43..6.63 rows=110 width=4)
	  Index Cond: ((k >= 3807774) AND (k <= 3807874))

table 3 : explain SELECT k FROM sbtest3 WHERE k BETWEEN 3807774 AND 3807874
	Index Only Scan using k_3 on sbtest3  (cost=0.43..6.42 rows=99 width=4)
	  Index Cond: ((k >= 3807774) AND (k <= 3807874))

table 4 : explain SELECT k FROM sbtest4 WHERE k BETWEEN 3807774 AND 3807874
	Index Only Scan using k_4 on sbtest4  (cost=0.43..6.58 rows=107 width=4)
	  Index Cond: ((k >= 3807774) AND (k <= 3807874))

table 5 : explain SELECT k FROM sbtest5 WHERE k BETWEEN 3807774 AND 3807874
	Index Only Scan using k_5 on sbtest5  (cost=0.43..6.37 rows=97 width=4)
	  Index Cond: ((k >= 3807774) AND (k <= 3807874))

table 6 : explain SELECT k FROM sbtest6 WHERE k BETWEEN 3807774 AND 3807874
	Index Only Scan using k_6 on sbtest6  (cost=0.43..6.29 rows=93 width=4)
	  Index Cond: ((k >= 3807774) AND (k <= 3807874))

table 7 : explain SELECT k FROM sbtest7 WHERE k BETWEEN 3807774 AND 3807874
	Index Only Scan using k_7 on sbtest7  (cost=0.43..6.45 rows=101 width=4)
	  Index Cond: ((k >= 3807774) AND (k <= 3807874))

table 8 : explain SELECT k FROM sbtest8 WHERE k BETWEEN 3807774 AND 3807874
	Index Only Scan using k_8 on sbtest8  (cost=0.43..6.40 rows=98 width=4)
	  Index Cond: ((k >= 3807774) AND (k <= 3807874))

explain: for range-covered :: explain SELECT k FROM sbtest%d WHERE k BETWEEN 3807774 AND 3807874
for range-covered
table 1 : explain SELECT k FROM sbtest1 WHERE k BETWEEN 3807774 AND 3807874
	Index Only Scan using k_1 on sbtest1  (cost=0.43..6.35 rows=96 width=4)
	  Index Cond: ((k >= 3807774) AND (k <= 3807874))

table 2 : explain SELECT k FROM sbtest2 WHERE k BETWEEN 3807774 AND 3807874
	Index Only Scan using k_2 on sbtest2  (cost=0.43..6.63 rows=110 width=4)
	  Index Cond: ((k >= 3807774) AND (k <= 3807874))

table 3 : explain SELECT k FROM sbtest3 WHERE k BETWEEN 3807774 AND 3807874
	Index Only Scan using k_3 on sbtest3  (cost=0.43..6.42 rows=99 width=4)
	  Index Cond: ((k >= 3807774) AND (k <= 3807874))

table 4 : explain SELECT k FROM sbtest4 WHERE k BETWEEN 3807774 AND 3807874
	Index Only Scan using k_4 on sbtest4  (cost=0.43..6.58 rows=107 width=4)
	  Index Cond: ((k >= 3807774) AND (k <= 3807874))

table 5 : explain SELECT k FROM sbtest5 WHERE k BETWEEN 3807774 AND 3807874
	Index Only Scan using k_5 on sbtest5  (cost=0.43..6.37 rows=97 width=4)
	  Index Cond: ((k >= 3807774) AND (k <= 3807874))

table 6 : explain SELECT k FROM sbtest6 WHERE k BETWEEN 3807774 AND 3807874
	Index Only Scan using k_6 on sbtest6  (cost=0.43..6.29 rows=93 width=4)
	  Index Cond: ((k >= 3807774) AND (k <= 3807874))

table 7 : explain SELECT k FROM sbtest7 WHERE k BETWEEN 3807774 AND 3807874
	Index Only Scan using k_7 on sbtest7  (cost=0.43..6.45 rows=101 width=4)
	  Index Cond: ((k >= 3807774) AND (k <= 3807874))

table 8 : explain SELECT k FROM sbtest8 WHERE k BETWEEN 3807774 AND 3807874
	Index Only Scan using k_8 on sbtest8  (cost=0.43..6.40 rows=98 width=4)
	  Index Cond: ((k >= 3807774) AND (k <= 3807874))

for range-covered
table 1 : explain SELECT k FROM sbtest1 WHERE k BETWEEN 4834485 AND 4834585
	Index Only Scan using k_1 on sbtest1  (cost=0.43..6.43 rows=100 width=4)
	  Index Cond: ((k >= 4834485) AND (k <= 4834585))

table 2 : explain SELECT k FROM sbtest2 WHERE k BETWEEN 4834485 AND 4834585
	Index Only Scan using k_2 on sbtest2  (cost=0.43..6.42 rows=99 width=4)
	  Index Cond: ((k >= 4834485) AND (k <= 4834585))

table 3 : explain SELECT k FROM sbtest3 WHERE k BETWEEN 4834485 AND 4834585
	Index Only Scan using k_3 on sbtest3  (cost=0.43..6.47 rows=102 width=4)
	  Index Cond: ((k >= 4834485) AND (k <= 4834585))

table 4 : explain SELECT k FROM sbtest4 WHERE k BETWEEN 4834485 AND 4834585
	Index Only Scan using k_4 on sbtest4  (cost=0.43..6.33 rows=95 width=4)
	  Index Cond: ((k >= 4834485) AND (k <= 4834585))

table 5 : explain SELECT k FROM sbtest5 WHERE k BETWEEN 4834485 AND 4834585
	Index Only Scan using k_5 on sbtest5  (cost=0.43..6.51 rows=104 width=4)
	  Index Cond: ((k >= 4834485) AND (k <= 4834585))

table 6 : explain SELECT k FROM sbtest6 WHERE k BETWEEN 4834485 AND 4834585
	Index Only Scan using k_6 on sbtest6  (cost=0.43..6.42 rows=99 width=4)
	  Index Cond: ((k >= 4834485) AND (k <= 4834585))

table 7 : explain SELECT k FROM sbtest7 WHERE k BETWEEN 4834485 AND 4834585
	Index Only Scan using k_7 on sbtest7  (cost=0.43..6.51 rows=104 width=4)
	  Index Cond: ((k >= 4834485) AND (k <= 4834585))

table 8 : explain SELECT k FROM sbtest8 WHERE k BETWEEN 4834485 AND 4834585
	Index Only Scan using k_8 on sbtest8  (cost=0.43..6.27 rows=92 width=4)
	  Index Cond: ((k >= 4834485) AND (k <= 4834585))

explain: for range-covered :: explain SELECT k FROM sbtest%d WHERE k BETWEEN 3807774 AND 3807874
for range-covered
table 1 : explain SELECT k FROM sbtest1 WHERE k BETWEEN 4412478 AND 4412578
	Index Only Scan using k_1 on sbtest1  (cost=0.43..6.59 rows=108 width=4)
	  Index Cond: ((k >= 4412478) AND (k <= 4412578))

table 2 : explain SELECT k FROM sbtest2 WHERE k BETWEEN 4412478 AND 4412578
	Index Only Scan using k_2 on sbtest2  (cost=0.43..6.59 rows=108 width=4)
	  Index Cond: ((k >= 4412478) AND (k <= 4412578))

table 3 : explain SELECT k FROM sbtest3 WHERE k BETWEEN 4412478 AND 4412578
	Index Only Scan using k_3 on sbtest3  (cost=0.43..6.43 rows=100 width=4)
	  Index Cond: ((k >= 4412478) AND (k <= 4412578))

table 4 : explain SELECT k FROM sbtest4 WHERE k BETWEEN 4412478 AND 4412578
	Index Only Scan using k_4 on sbtest4  (cost=0.43..6.50 rows=103 width=4)
	  Index Cond: ((k >= 4412478) AND (k <= 4412578))

table 5 : explain SELECT k FROM sbtest5 WHERE k BETWEEN 4412478 AND 4412578
	Index Only Scan using k_5 on sbtest5  (cost=0.43..6.63 rows=110 width=4)
	  Index Cond: ((k >= 4412478) AND (k <= 4412578))

table 6 : explain SELECT k FROM sbtest6 WHERE k BETWEEN 4412478 AND 4412578
	Index Only Scan using k_6 on sbtest6  (cost=0.43..6.51 rows=104 width=4)
	  Index Cond: ((k >= 4412478) AND (k <= 4412578))

table 7 : explain SELECT k FROM sbtest7 WHERE k BETWEEN 4412478 AND 4412578
	Index Only Scan using k_7 on sbtest7  (cost=0.43..6.19 rows=88 width=4)
	  Index Cond: ((k >= 4412478) AND (k <= 4412578))

table 8 : explain SELECT k FROM sbtest8 WHERE k BETWEEN 4412478 AND 4412578
	Index Only Scan using k_8 on sbtest8  (cost=0.43..6.53 rows=105 width=4)
	  Index Cond: ((k >= 4412478) AND (k <= 4412578))

explain: for range-covered :: explain SELECT k FROM sbtest%d WHERE k BETWEEN 4834485 AND 4834585
explain: for range-covered :: explain SELECT k FROM sbtest%d WHERE k BETWEEN 4412478 AND 4412578
for range-covered
table 1 : explain SELECT k FROM sbtest1 WHERE k BETWEEN 2668883 AND 2668983
	Index Only Scan using k_1 on sbtest1  (cost=0.43..6.47 rows=102 width=4)
	  Index Cond: ((k >= 2668883) AND (k <= 2668983))

table 2 : explain SELECT k FROM sbtest2 WHERE k BETWEEN 2668883 AND 2668983
	Index Only Scan using k_2 on sbtest2  (cost=0.43..6.50 rows=103 width=4)
	  Index Cond: ((k >= 2668883) AND (k <= 2668983))

table 3 : explain SELECT k FROM sbtest3 WHERE k BETWEEN 2668883 AND 2668983
	Index Only Scan using k_3 on sbtest3  (cost=0.43..6.47 rows=102 width=4)
	  Index Cond: ((k >= 2668883) AND (k <= 2668983))

table 4 : explain SELECT k FROM sbtest4 WHERE k BETWEEN 2668883 AND 2668983
	Index Only Scan using k_4 on sbtest4  (cost=0.43..6.61 rows=109 width=4)
	  Index Cond: ((k >= 2668883) AND (k <= 2668983))

table 5 : explain SELECT k FROM sbtest5 WHERE k BETWEEN 2668883 AND 2668983
	Index Only Scan using k_5 on sbtest5  (cost=0.43..6.37 rows=97 width=4)
	  Index Cond: ((k >= 2668883) AND (k <= 2668983))

table 6 : explain SELECT k FROM sbtest6 WHERE k BETWEEN 2668883 AND 2668983
	Index Only Scan using k_6 on sbtest6  (cost=0.43..6.45 rows=101 width=4)
	  Index Cond: ((k >= 2668883) AND (k <= 2668983))

table 7 : explain SELECT k FROM sbtest7 WHERE k BETWEEN 2668883 AND 2668983
	Index Only Scan using k_7 on sbtest7  (cost=0.43..6.47 rows=102 width=4)
	  Index Cond: ((k >= 2668883) AND (k <= 2668983))

table 8 : explain SELECT k FROM sbtest8 WHERE k BETWEEN 2668883 AND 2668983
	Index Only Scan using k_8 on sbtest8  (cost=0.43..6.53 rows=105 width=4)
	  Index Cond: ((k >= 2668883) AND (k <= 2668983))

for range-covered
table 1 : explain SELECT k FROM sbtest1 WHERE k BETWEEN 2037728 AND 2037828
	Index Only Scan using k_1 on sbtest1  (cost=0.43..6.53 rows=105 width=4)
	  Index Cond: ((k >= 2037728) AND (k <= 2037828))

table 2 : explain SELECT k FROM sbtest2 WHERE k BETWEEN 2037728 AND 2037828
	Index Only Scan using k_2 on sbtest2  (cost=0.43..6.32 rows=94 width=4)
	  Index Cond: ((k >= 2037728) AND (k <= 2037828))

table 3 : explain SELECT k FROM sbtest3 WHERE k BETWEEN 2037728 AND 2037828
	Index Only Scan using k_3 on sbtest3  (cost=0.43..6.45 rows=101 width=4)
	  Index Cond: ((k >= 2037728) AND (k <= 2037828))

table 4 : explain SELECT k FROM sbtest4 WHERE k BETWEEN 2037728 AND 2037828
	Index Only Scan using k_4 on sbtest4  (cost=0.43..6.61 rows=109 width=4)
	  Index Cond: ((k >= 2037728) AND (k <= 2037828))

table 5 : explain SELECT k FROM sbtest5 WHERE k BETWEEN 2037728 AND 2037828
	Index Only Scan using k_5 on sbtest5  (cost=0.43..6.35 rows=96 width=4)
	  Index Cond: ((k >= 2037728) AND (k <= 2037828))

table 6 : explain SELECT k FROM sbtest6 WHERE k BETWEEN 2037728 AND 2037828
	Index Only Scan using k_6 on sbtest6  (cost=0.43..6.33 rows=95 width=4)
	  Index Cond: ((k >= 2037728) AND (k <= 2037828))

table 7 : explain SELECT k FROM sbtest7 WHERE k BETWEEN 2037728 AND 2037828
	Index Only Scan using k_7 on sbtest7  (cost=0.43..6.56 rows=106 width=4)
	  Index Cond: ((k >= 2037728) AND (k <= 2037828))

table 8 : explain SELECT k FROM sbtest8 WHERE k BETWEEN 2037728 AND 2037828
	Index Only Scan using k_8 on sbtest8  (cost=0.43..6.51 rows=104 width=4)
	  Index Cond: ((k >= 2037728) AND (k <= 2037828))

explain: for range-covered :: explain SELECT k FROM sbtest%d WHERE k BETWEEN 2037728 AND 2037828
for range-covered
table 1 : explain SELECT k FROM sbtest1 WHERE k BETWEEN 3807774 AND 3807874
	Index Only Scan using k_1 on sbtest1  (cost=0.43..6.35 rows=96 width=4)
	  Index Cond: ((k >= 3807774) AND (k <= 3807874))

table 2 : explain SELECT k FROM sbtest2 WHERE k BETWEEN 3807774 AND 3807874
	Index Only Scan using k_2 on sbtest2  (cost=0.43..6.63 rows=110 width=4)
	  Index Cond: ((k >= 3807774) AND (k <= 3807874))

table 3 : explain SELECT k FROM sbtest3 WHERE k BETWEEN 3807774 AND 3807874
	Index Only Scan using k_3 on sbtest3  (cost=0.43..6.42 rows=99 width=4)
	  Index Cond: ((k >= 3807774) AND (k <= 3807874))

table 4 : explain SELECT k FROM sbtest4 WHERE k BETWEEN 3807774 AND 3807874
	Index Only Scan using k_4 on sbtest4  (cost=0.43..6.58 rows=107 width=4)
	  Index Cond: ((k >= 3807774) AND (k <= 3807874))

table 5 : explain SELECT k FROM sbtest5 WHERE k BETWEEN 3807774 AND 3807874
	Index Only Scan using k_5 on sbtest5  (cost=0.43..6.37 rows=97 width=4)
	  Index Cond: ((k >= 3807774) AND (k <= 3807874))

table 6 : explain SELECT k FROM sbtest6 WHERE k BETWEEN 3807774 AND 3807874
	Index Only Scan using k_6 on sbtest6  (cost=0.43..6.29 rows=93 width=4)
	  Index Cond: ((k >= 3807774) AND (k <= 3807874))

table 7 : explain SELECT k FROM sbtest7 WHERE k BETWEEN 3807774 AND 3807874
	Index Only Scan using k_7 on sbtest7  (cost=0.43..6.45 rows=101 width=4)
	  Index Cond: ((k >= 3807774) AND (k <= 3807874))

table 8 : explain SELECT k FROM sbtest8 WHERE k BETWEEN 3807774 AND 3807874
	Index Only Scan using k_8 on sbtest8  (cost=0.43..6.40 rows=98 width=4)
	  Index Cond: ((k >= 3807774) AND (k <= 3807874))

explain: for range-covered :: explain SELECT k FROM sbtest%d WHERE k BETWEEN 2668883 AND 2668983
explain: for range-covered :: explain SELECT k FROM sbtest%d WHERE k BETWEEN 3807774 AND 3807874
for range-covered
table 1 : explain SELECT k FROM sbtest1 WHERE k BETWEEN 4834485 AND 4834585
	Index Only Scan using k_1 on sbtest1  (cost=0.43..6.43 rows=100 width=4)
	  Index Cond: ((k >= 4834485) AND (k <= 4834585))

table 2 : explain SELECT k FROM sbtest2 WHERE k BETWEEN 4834485 AND 4834585
	Index Only Scan using k_2 on sbtest2  (cost=0.43..6.42 rows=99 width=4)
	  Index Cond: ((k >= 4834485) AND (k <= 4834585))

table 3 : explain SELECT k FROM sbtest3 WHERE k BETWEEN 4834485 AND 4834585
	Index Only Scan using k_3 on sbtest3  (cost=0.43..6.47 rows=102 width=4)
	  Index Cond: ((k >= 4834485) AND (k <= 4834585))

table 4 : explain SELECT k FROM sbtest4 WHERE k BETWEEN 4834485 AND 4834585
	Index Only Scan using k_4 on sbtest4  (cost=0.43..6.33 rows=95 width=4)
	  Index Cond: ((k >= 4834485) AND (k <= 4834585))

table 5 : explain SELECT k FROM sbtest5 WHERE k BETWEEN 4834485 AND 4834585
	Index Only Scan using k_5 on sbtest5  (cost=0.43..6.51 rows=104 width=4)
	  Index Cond: ((k >= 4834485) AND (k <= 4834585))

table 6 : explain SELECT k FROM sbtest6 WHERE k BETWEEN 4834485 AND 4834585
	Index Only Scan using k_6 on sbtest6  (cost=0.43..6.42 rows=99 width=4)
	  Index Cond: ((k >= 4834485) AND (k <= 4834585))

table 7 : explain SELECT k FROM sbtest7 WHERE k BETWEEN 4834485 AND 4834585
	Index Only Scan using k_7 on sbtest7  (cost=0.43..6.51 rows=104 width=4)
	  Index Cond: ((k >= 4834485) AND (k <= 4834585))

table 8 : explain SELECT k FROM sbtest8 WHERE k BETWEEN 4834485 AND 4834585
	Index Only Scan using k_8 on sbtest8  (cost=0.43..6.27 rows=92 width=4)
	  Index Cond: ((k >= 4834485) AND (k <= 4834585))

explain: for range-covered :: explain SELECT k FROM sbtest%d WHERE k BETWEEN 4834485 AND 4834585
for range-covered
table 1 : explain SELECT k FROM sbtest1 WHERE k BETWEEN 4412478 AND 4412578
	Index Only Scan using k_1 on sbtest1  (cost=0.43..6.59 rows=108 width=4)
	  Index Cond: ((k >= 4412478) AND (k <= 4412578))

table 2 : explain SELECT k FROM sbtest2 WHERE k BETWEEN 4412478 AND 4412578
	Index Only Scan using k_2 on sbtest2  (cost=0.43..6.59 rows=108 width=4)
	  Index Cond: ((k >= 4412478) AND (k <= 4412578))

table 3 : explain SELECT k FROM sbtest3 WHERE k BETWEEN 4412478 AND 4412578
	Index Only Scan using k_3 on sbtest3  (cost=0.43..6.43 rows=100 width=4)
	  Index Cond: ((k >= 4412478) AND (k <= 4412578))

table 4 : explain SELECT k FROM sbtest4 WHERE k BETWEEN 4412478 AND 4412578
	Index Only Scan using k_4 on sbtest4  (cost=0.43..6.50 rows=103 width=4)
	  Index Cond: ((k >= 4412478) AND (k <= 4412578))

table 5 : explain SELECT k FROM sbtest5 WHERE k BETWEEN 4412478 AND 4412578
	Index Only Scan using k_5 on sbtest5  (cost=0.43..6.63 rows=110 width=4)
	  Index Cond: ((k >= 4412478) AND (k <= 4412578))

table 6 : explain SELECT k FROM sbtest6 WHERE k BETWEEN 4412478 AND 4412578
	Index Only Scan using k_6 on sbtest6  (cost=0.43..6.51 rows=104 width=4)
	  Index Cond: ((k >= 4412478) AND (k <= 4412578))

table 7 : explain SELECT k FROM sbtest7 WHERE k BETWEEN 4412478 AND 4412578
	Index Only Scan using k_7 on sbtest7  (cost=0.43..6.19 rows=88 width=4)
	  Index Cond: ((k >= 4412478) AND (k <= 4412578))

table 8 : explain SELECT k FROM sbtest8 WHERE k BETWEEN 4412478 AND 4412578
	Index Only Scan using k_8 on sbtest8  (cost=0.43..6.53 rows=105 width=4)
	  Index Cond: ((k >= 4412478) AND (k <= 4412578))

explain: for range-covered :: explain SELECT k FROM sbtest%d WHERE k BETWEEN 4412478 AND 4412578
for range-covered
table 1 : explain SELECT k FROM sbtest1 WHERE k BETWEEN 6040500 AND 6040600
	Index Only Scan using k_1 on sbtest1  (cost=0.43..6.35 rows=96 width=4)
	  Index Cond: ((k >= 6040500) AND (k <= 6040600))

table 2 : explain SELECT k FROM sbtest2 WHERE k BETWEEN 6040500 AND 6040600
	Index Only Scan using k_2 on sbtest2  (cost=0.43..6.37 rows=97 width=4)
	  Index Cond: ((k >= 6040500) AND (k <= 6040600))

table 3 : explain SELECT k FROM sbtest3 WHERE k BETWEEN 6040500 AND 6040600
	Index Only Scan using k_3 on sbtest3  (cost=0.43..6.51 rows=104 width=4)
	  Index Cond: ((k >= 6040500) AND (k <= 6040600))

table 4 : explain SELECT k FROM sbtest4 WHERE k BETWEEN 6040500 AND 6040600
	Index Only Scan using k_4 on sbtest4  (cost=0.43..6.47 rows=102 width=4)
	  Index Cond: ((k >= 6040500) AND (k <= 6040600))

table 5 : explain SELECT k FROM sbtest5 WHERE k BETWEEN 6040500 AND 6040600
	Index Only Scan using k_5 on sbtest5  (cost=0.43..6.66 rows=111 width=4)
	  Index Cond: ((k >= 6040500) AND (k <= 6040600))

table 6 : explain SELECT k FROM sbtest6 WHERE k BETWEEN 6040500 AND 6040600
	Index Only Scan using k_6 on sbtest6  (cost=0.43..6.63 rows=110 width=4)
	  Index Cond: ((k >= 6040500) AND (k <= 6040600))

table 7 : explain SELECT k FROM sbtest7 WHERE k BETWEEN 6040500 AND 6040600
	Index Only Scan using k_7 on sbtest7  (cost=0.43..6.51 rows=104 width=4)
	  Index Cond: ((k >= 6040500) AND (k <= 6040600))

table 8 : explain SELECT k FROM sbtest8 WHERE k BETWEEN 6040500 AND 6040600
	Index Only Scan using k_8 on sbtest8  (cost=0.43..6.42 rows=99 width=4)
	  Index Cond: ((k >= 6040500) AND (k <= 6040600))

for range-covered
table 1 : explain SELECT k FROM sbtest1 WHERE k BETWEEN 2037728 AND 2037828
	Index Only Scan using k_1 on sbtest1  (cost=0.43..6.53 rows=105 width=4)
	  Index Cond: ((k >= 2037728) AND (k <= 2037828))

table 2 : explain SELECT k FROM sbtest2 WHERE k BETWEEN 2037728 AND 2037828
	Index Only Scan using k_2 on sbtest2  (cost=0.43..6.32 rows=94 width=4)
	  Index Cond: ((k >= 2037728) AND (k <= 2037828))

table 3 : explain SELECT k FROM sbtest3 WHERE k BETWEEN 2037728 AND 2037828
	Index Only Scan using k_3 on sbtest3  (cost=0.43..6.45 rows=101 width=4)
	  Index Cond: ((k >= 2037728) AND (k <= 2037828))

table 4 : explain SELECT k FROM sbtest4 WHERE k BETWEEN 2037728 AND 2037828
	Index Only Scan using k_4 on sbtest4  (cost=0.43..6.61 rows=109 width=4)
	  Index Cond: ((k >= 2037728) AND (k <= 2037828))

table 5 : explain SELECT k FROM sbtest5 WHERE k BETWEEN 2037728 AND 2037828
	Index Only Scan using k_5 on sbtest5  (cost=0.43..6.35 rows=96 width=4)
	  Index Cond: ((k >= 2037728) AND (k <= 2037828))

table 6 : explain SELECT k FROM sbtest6 WHERE k BETWEEN 2037728 AND 2037828
	Index Only Scan using k_6 on sbtest6  (cost=0.43..6.33 rows=95 width=4)
	  Index Cond: ((k >= 2037728) AND (k <= 2037828))

table 7 : explain SELECT k FROM sbtest7 WHERE k BETWEEN 2037728 AND 2037828
	Index Only Scan using k_7 on sbtest7  (cost=0.43..6.56 rows=106 width=4)
	  Index Cond: ((k >= 2037728) AND (k <= 2037828))

table 8 : explain SELECT k FROM sbtest8 WHERE k BETWEEN 2037728 AND 2037828
	Index Only Scan using k_8 on sbtest8  (cost=0.43..6.51 rows=104 width=4)
	  Index Cond: ((k >= 2037728) AND (k <= 2037828))

explain: for range-covered :: explain SELECT k FROM sbtest%d WHERE k BETWEEN 6040500 AND 6040600
explain: for range-covered :: explain SELECT k FROM sbtest%d WHERE k BETWEEN 2037728 AND 2037828
for range-covered
table 1 : explain SELECT k FROM sbtest1 WHERE k BETWEEN 2668883 AND 2668983
	Index Only Scan using k_1 on sbtest1  (cost=0.43..6.47 rows=102 width=4)
	  Index Cond: ((k >= 2668883) AND (k <= 2668983))

table 2 : explain SELECT k FROM sbtest2 WHERE k BETWEEN 2668883 AND 2668983
	Index Only Scan using k_2 on sbtest2  (cost=0.43..6.50 rows=103 width=4)
	  Index Cond: ((k >= 2668883) AND (k <= 2668983))

table 3 : explain SELECT k FROM sbtest3 WHERE k BETWEEN 2668883 AND 2668983
	Index Only Scan using k_3 on sbtest3  (cost=0.43..6.47 rows=102 width=4)
	  Index Cond: ((k >= 2668883) AND (k <= 2668983))

table 4 : explain SELECT k FROM sbtest4 WHERE k BETWEEN 2668883 AND 2668983
	Index Only Scan using k_4 on sbtest4  (cost=0.43..6.61 rows=109 width=4)
	  Index Cond: ((k >= 2668883) AND (k <= 2668983))

table 5 : explain SELECT k FROM sbtest5 WHERE k BETWEEN 2668883 AND 2668983
	Index Only Scan using k_5 on sbtest5  (cost=0.43..6.37 rows=97 width=4)
	  Index Cond: ((k >= 2668883) AND (k <= 2668983))

table 6 : explain SELECT k FROM sbtest6 WHERE k BETWEEN 2668883 AND 2668983
	Index Only Scan using k_6 on sbtest6  (cost=0.43..6.45 rows=101 width=4)
	  Index Cond: ((k >= 2668883) AND (k <= 2668983))

table 7 : explain SELECT k FROM sbtest7 WHERE k BETWEEN 2668883 AND 2668983
	Index Only Scan using k_7 on sbtest7  (cost=0.43..6.47 rows=102 width=4)
	  Index Cond: ((k >= 2668883) AND (k <= 2668983))

table 8 : explain SELECT k FROM sbtest8 WHERE k BETWEEN 2668883 AND 2668983
	Index Only Scan using k_8 on sbtest8  (cost=0.43..6.53 rows=105 width=4)
	  Index Cond: ((k >= 2668883) AND (k <= 2668983))

explain: for range-covered :: explain SELECT k FROM sbtest%d WHERE k BETWEEN 2668883 AND 2668983
for range-covered
table 1 : explain SELECT k FROM sbtest1 WHERE k BETWEEN 3807774 AND 3807874
	Index Only Scan using k_1 on sbtest1  (cost=0.43..6.35 rows=96 width=4)
	  Index Cond: ((k >= 3807774) AND (k <= 3807874))

table 2 : explain SELECT k FROM sbtest2 WHERE k BETWEEN 3807774 AND 3807874
	Index Only Scan using k_2 on sbtest2  (cost=0.43..6.63 rows=110 width=4)
	  Index Cond: ((k >= 3807774) AND (k <= 3807874))

table 3 : explain SELECT k FROM sbtest3 WHERE k BETWEEN 3807774 AND 3807874
	Index Only Scan using k_3 on sbtest3  (cost=0.43..6.42 rows=99 width=4)
	  Index Cond: ((k >= 3807774) AND (k <= 3807874))

table 4 : explain SELECT k FROM sbtest4 WHERE k BETWEEN 3807774 AND 3807874
	Index Only Scan using k_4 on sbtest4  (cost=0.43..6.58 rows=107 width=4)
	  Index Cond: ((k >= 3807774) AND (k <= 3807874))

table 5 : explain SELECT k FROM sbtest5 WHERE k BETWEEN 3807774 AND 3807874
	Index Only Scan using k_5 on sbtest5  (cost=0.43..6.37 rows=97 width=4)
	  Index Cond: ((k >= 3807774) AND (k <= 3807874))

table 6 : explain SELECT k FROM sbtest6 WHERE k BETWEEN 3807774 AND 3807874
	Index Only Scan using k_6 on sbtest6  (cost=0.43..6.29 rows=93 width=4)
	  Index Cond: ((k >= 3807774) AND (k <= 3807874))

table 7 : explain SELECT k FROM sbtest7 WHERE k BETWEEN 3807774 AND 3807874
	Index Only Scan using k_7 on sbtest7  (cost=0.43..6.45 rows=101 width=4)
	  Index Cond: ((k >= 3807774) AND (k <= 3807874))

table 8 : explain SELECT k FROM sbtest8 WHERE k BETWEEN 3807774 AND 3807874
	Index Only Scan using k_8 on sbtest8  (cost=0.43..6.40 rows=98 width=4)
	  Index Cond: ((k >= 3807774) AND (k <= 3807874))

for range-covered
table 1 : explain SELECT k FROM sbtest1 WHERE k BETWEEN 4834485 AND 4834585
	Index Only Scan using k_1 on sbtest1  (cost=0.43..6.43 rows=100 width=4)
	  Index Cond: ((k >= 4834485) AND (k <= 4834585))

table 2 : explain SELECT k FROM sbtest2 WHERE k BETWEEN 4834485 AND 4834585
	Index Only Scan using k_2 on sbtest2  (cost=0.43..6.42 rows=99 width=4)
	  Index Cond: ((k >= 4834485) AND (k <= 4834585))

table 3 : explain SELECT k FROM sbtest3 WHERE k BETWEEN 4834485 AND 4834585
	Index Only Scan using k_3 on sbtest3  (cost=0.43..6.47 rows=102 width=4)
	  Index Cond: ((k >= 4834485) AND (k <= 4834585))

table 4 : explain SELECT k FROM sbtest4 WHERE k BETWEEN 4834485 AND 4834585
	Index Only Scan using k_4 on sbtest4  (cost=0.43..6.33 rows=95 width=4)
	  Index Cond: ((k >= 4834485) AND (k <= 4834585))

table 5 : explain SELECT k FROM sbtest5 WHERE k BETWEEN 4834485 AND 4834585
	Index Only Scan using k_5 on sbtest5  (cost=0.43..6.51 rows=104 width=4)
	  Index Cond: ((k >= 4834485) AND (k <= 4834585))

table 6 : explain SELECT k FROM sbtest6 WHERE k BETWEEN 4834485 AND 4834585
	Index Only Scan using k_6 on sbtest6  (cost=0.43..6.42 rows=99 width=4)
	  Index Cond: ((k >= 4834485) AND (k <= 4834585))

table 7 : explain SELECT k FROM sbtest7 WHERE k BETWEEN 4834485 AND 4834585
	Index Only Scan using k_7 on sbtest7  (cost=0.43..6.51 rows=104 width=4)
	  Index Cond: ((k >= 4834485) AND (k <= 4834585))

table 8 : explain SELECT k FROM sbtest8 WHERE k BETWEEN 4834485 AND 4834585
	Index Only Scan using k_8 on sbtest8  (cost=0.43..6.27 rows=92 width=4)
	  Index Cond: ((k >= 4834485) AND (k <= 4834585))

explain: for range-covered :: explain SELECT k FROM sbtest%d WHERE k BETWEEN 3807774 AND 3807874
explain: for range-covered :: explain SELECT k FROM sbtest%d WHERE k BETWEEN 4834485 AND 4834585
for range-covered
table 1 : explain SELECT k FROM sbtest1 WHERE k BETWEEN 4412478 AND 4412578
	Index Only Scan using k_1 on sbtest1  (cost=0.43..6.59 rows=108 width=4)
	  Index Cond: ((k >= 4412478) AND (k <= 4412578))

table 2 : explain SELECT k FROM sbtest2 WHERE k BETWEEN 4412478 AND 4412578
	Index Only Scan using k_2 on sbtest2  (cost=0.43..6.59 rows=108 width=4)
	  Index Cond: ((k >= 4412478) AND (k <= 4412578))

table 3 : explain SELECT k FROM sbtest3 WHERE k BETWEEN 4412478 AND 4412578
	Index Only Scan using k_3 on sbtest3  (cost=0.43..6.43 rows=100 width=4)
	  Index Cond: ((k >= 4412478) AND (k <= 4412578))

table 4 : explain SELECT k FROM sbtest4 WHERE k BETWEEN 4412478 AND 4412578
	Index Only Scan using k_4 on sbtest4  (cost=0.43..6.50 rows=103 width=4)
	  Index Cond: ((k >= 4412478) AND (k <= 4412578))

table 5 : explain SELECT k FROM sbtest5 WHERE k BETWEEN 4412478 AND 4412578
	Index Only Scan using k_5 on sbtest5  (cost=0.43..6.63 rows=110 width=4)
	  Index Cond: ((k >= 4412478) AND (k <= 4412578))

table 6 : explain SELECT k FROM sbtest6 WHERE k BETWEEN 4412478 AND 4412578
	Index Only Scan using k_6 on sbtest6  (cost=0.43..6.51 rows=104 width=4)
	  Index Cond: ((k >= 4412478) AND (k <= 4412578))

table 7 : explain SELECT k FROM sbtest7 WHERE k BETWEEN 4412478 AND 4412578
	Index Only Scan using k_7 on sbtest7  (cost=0.43..6.19 rows=88 width=4)
	  Index Cond: ((k >= 4412478) AND (k <= 4412578))

table 8 : explain SELECT k FROM sbtest8 WHERE k BETWEEN 4412478 AND 4412578
	Index Only Scan using k_8 on sbtest8  (cost=0.43..6.53 rows=105 width=4)
	  Index Cond: ((k >= 4412478) AND (k <= 4412578))

explain: for range-covered :: explain SELECT k FROM sbtest%d WHERE k BETWEEN 4412478 AND 4412578
for range-covered
table 1 : explain SELECT k FROM sbtest1 WHERE k BETWEEN 2037728 AND 2037828
	Index Only Scan using k_1 on sbtest1  (cost=0.43..6.53 rows=105 width=4)
	  Index Cond: ((k >= 2037728) AND (k <= 2037828))

table 2 : explain SELECT k FROM sbtest2 WHERE k BETWEEN 2037728 AND 2037828
	Index Only Scan using k_2 on sbtest2  (cost=0.43..6.32 rows=94 width=4)
	  Index Cond: ((k >= 2037728) AND (k <= 2037828))

table 3 : explain SELECT k FROM sbtest3 WHERE k BETWEEN 2037728 AND 2037828
	Index Only Scan using k_3 on sbtest3  (cost=0.43..6.45 rows=101 width=4)
	  Index Cond: ((k >= 2037728) AND (k <= 2037828))

table 4 : explain SELECT k FROM sbtest4 WHERE k BETWEEN 2037728 AND 2037828
	Index Only Scan using k_4 on sbtest4  (cost=0.43..6.61 rows=109 width=4)
	  Index Cond: ((k >= 2037728) AND (k <= 2037828))

table 5 : explain SELECT k FROM sbtest5 WHERE k BETWEEN 2037728 AND 2037828
	Index Only Scan using k_5 on sbtest5  (cost=0.43..6.35 rows=96 width=4)
	  Index Cond: ((k >= 2037728) AND (k <= 2037828))

table 6 : explain SELECT k FROM sbtest6 WHERE k BETWEEN 2037728 AND 2037828
	Index Only Scan using k_6 on sbtest6  (cost=0.43..6.33 rows=95 width=4)
	  Index Cond: ((k >= 2037728) AND (k <= 2037828))

table 7 : explain SELECT k FROM sbtest7 WHERE k BETWEEN 2037728 AND 2037828
	Index Only Scan using k_7 on sbtest7  (cost=0.43..6.56 rows=106 width=4)
	  Index Cond: ((k >= 2037728) AND (k <= 2037828))

table 8 : explain SELECT k FROM sbtest8 WHERE k BETWEEN 2037728 AND 2037828
	Index Only Scan using k_8 on sbtest8  (cost=0.43..6.51 rows=104 width=4)
	  Index Cond: ((k >= 2037728) AND (k <= 2037828))

explain: for range-covered :: explain SELECT k FROM sbtest%d WHERE k BETWEEN 2037728 AND 2037828
for range-covered
table 1 : explain SELECT k FROM sbtest1 WHERE k BETWEEN 4412478 AND 4412578
	Index Only Scan using k_1 on sbtest1  (cost=0.43..6.59 rows=108 width=4)
	  Index Cond: ((k >= 4412478) AND (k <= 4412578))

table 2 : explain SELECT k FROM sbtest2 WHERE k BETWEEN 4412478 AND 4412578
	Index Only Scan using k_2 on sbtest2  (cost=0.43..6.59 rows=108 width=4)
	  Index Cond: ((k >= 4412478) AND (k <= 4412578))

table 3 : explain SELECT k FROM sbtest3 WHERE k BETWEEN 4412478 AND 4412578
	Index Only Scan using k_3 on sbtest3  (cost=0.43..6.43 rows=100 width=4)
	  Index Cond: ((k >= 4412478) AND (k <= 4412578))

table 4 : explain SELECT k FROM sbtest4 WHERE k BETWEEN 4412478 AND 4412578
	Index Only Scan using k_4 on sbtest4  (cost=0.43..6.50 rows=103 width=4)
	  Index Cond: ((k >= 4412478) AND (k <= 4412578))

table 5 : explain SELECT k FROM sbtest5 WHERE k BETWEEN 4412478 AND 4412578
	Index Only Scan using k_5 on sbtest5  (cost=0.43..6.63 rows=110 width=4)
	  Index Cond: ((k >= 4412478) AND (k <= 4412578))

table 6 : explain SELECT k FROM sbtest6 WHERE k BETWEEN 4412478 AND 4412578
	Index Only Scan using k_6 on sbtest6  (cost=0.43..6.51 rows=104 width=4)
	  Index Cond: ((k >= 4412478) AND (k <= 4412578))

table 7 : explain SELECT k FROM sbtest7 WHERE k BETWEEN 4412478 AND 4412578
	Index Only Scan using k_7 on sbtest7  (cost=0.43..6.19 rows=88 width=4)
	  Index Cond: ((k >= 4412478) AND (k <= 4412578))

table 8 : explain SELECT k FROM sbtest8 WHERE k BETWEEN 4412478 AND 4412578
	Index Only Scan using k_8 on sbtest8  (cost=0.43..6.53 rows=105 width=4)
	  Index Cond: ((k >= 4412478) AND (k <= 4412578))

for range-covered
table 1 : explain SELECT k FROM sbtest1 WHERE k BETWEEN 5041935 AND 5042035
	Index Only Scan using k_1 on sbtest1  (cost=0.43..6.42 rows=99 width=4)
	  Index Cond: ((k >= 5041935) AND (k <= 5042035))

table 2 : explain SELECT k FROM sbtest2 WHERE k BETWEEN 5041935 AND 5042035
	Index Only Scan using k_2 on sbtest2  (cost=0.43..6.35 rows=96 width=4)
	  Index Cond: ((k >= 5041935) AND (k <= 5042035))

table 3 : explain SELECT k FROM sbtest3 WHERE k BETWEEN 5041935 AND 5042035
	Index Only Scan using k_3 on sbtest3  (cost=0.43..6.56 rows=106 width=4)
	  Index Cond: ((k >= 5041935) AND (k <= 5042035))

table 4 : explain SELECT k FROM sbtest4 WHERE k BETWEEN 5041935 AND 5042035
	Index Only Scan using k_4 on sbtest4  (cost=0.43..6.67 rows=112 width=4)
	  Index Cond: ((k >= 5041935) AND (k <= 5042035))

table 5 : explain SELECT k FROM sbtest5 WHERE k BETWEEN 5041935 AND 5042035
	Index Only Scan using k_5 on sbtest5  (cost=0.43..6.53 rows=105 width=4)
	  Index Cond: ((k >= 5041935) AND (k <= 5042035))

table 6 : explain SELECT k FROM sbtest6 WHERE k BETWEEN 5041935 AND 5042035
	Index Only Scan using k_6 on sbtest6  (cost=0.43..6.37 rows=97 width=4)
	  Index Cond: ((k >= 5041935) AND (k <= 5042035))

table 7 : explain SELECT k FROM sbtest7 WHERE k BETWEEN 5041935 AND 5042035
	Index Only Scan using k_7 on sbtest7  (cost=0.43..6.33 rows=95 width=4)
	  Index Cond: ((k >= 5041935) AND (k <= 5042035))

table 8 : explain SELECT k FROM sbtest8 WHERE k BETWEEN 5041935 AND 5042035
	Index Only Scan using k_8 on sbtest8  (cost=0.43..6.37 rows=97 width=4)
	  Index Cond: ((k >= 5041935) AND (k <= 5042035))

for range-covered
table 1 : explain SELECT k FROM sbtest1 WHERE k BETWEEN 6040500 AND 6040600
	Index Only Scan using k_1 on sbtest1  (cost=0.43..6.35 rows=96 width=4)
	  Index Cond: ((k >= 6040500) AND (k <= 6040600))

table 2 : explain SELECT k FROM sbtest2 WHERE k BETWEEN 6040500 AND 6040600
	Index Only Scan using k_2 on sbtest2  (cost=0.43..6.37 rows=97 width=4)
	  Index Cond: ((k >= 6040500) AND (k <= 6040600))

table 3 : explain SELECT k FROM sbtest3 WHERE k BETWEEN 6040500 AND 6040600
	Index Only Scan using k_3 on sbtest3  (cost=0.43..6.51 rows=104 width=4)
	  Index Cond: ((k >= 6040500) AND (k <= 6040600))

table 4 : explain SELECT k FROM sbtest4 WHERE k BETWEEN 6040500 AND 6040600
	Index Only Scan using k_4 on sbtest4  (cost=0.43..6.47 rows=102 width=4)
	  Index Cond: ((k >= 6040500) AND (k <= 6040600))

table 5 : explain SELECT k FROM sbtest5 WHERE k BETWEEN 6040500 AND 6040600
	Index Only Scan using k_5 on sbtest5  (cost=0.43..6.66 rows=111 width=4)
	  Index Cond: ((k >= 6040500) AND (k <= 6040600))

table 6 : explain SELECT k FROM sbtest6 WHERE k BETWEEN 6040500 AND 6040600
	Index Only Scan using k_6 on sbtest6  (cost=0.43..6.63 rows=110 width=4)
	  Index Cond: ((k >= 6040500) AND (k <= 6040600))

table 7 : explain SELECT k FROM sbtest7 WHERE k BETWEEN 6040500 AND 6040600
	Index Only Scan using k_7 on sbtest7  (cost=0.43..6.51 rows=104 width=4)
	  Index Cond: ((k >= 6040500) AND (k <= 6040600))

table 8 : explain SELECT k FROM sbtest8 WHERE k BETWEEN 6040500 AND 6040600
	Index Only Scan using k_8 on sbtest8  (cost=0.43..6.42 rows=99 width=4)
	  Index Cond: ((k >= 6040500) AND (k <= 6040600))

explain: for range-covered :: explain SELECT k FROM sbtest%d WHERE k BETWEEN 4412478 AND 4412578
explain: for range-covered :: explain SELECT k FROM sbtest%d WHERE k BETWEEN 6040500 AND 6040600
for range-covered
table 1 : explain SELECT k FROM sbtest1 WHERE k BETWEEN 4834485 AND 4834585
	Index Only Scan using k_1 on sbtest1  (cost=0.43..6.43 rows=100 width=4)
	  Index Cond: ((k >= 4834485) AND (k <= 4834585))

table 2 : explain SELECT k FROM sbtest2 WHERE k BETWEEN 4834485 AND 4834585
	Index Only Scan using k_2 on sbtest2  (cost=0.43..6.42 rows=99 width=4)
	  Index Cond: ((k >= 4834485) AND (k <= 4834585))

table 3 : explain SELECT k FROM sbtest3 WHERE k BETWEEN 4834485 AND 4834585
	Index Only Scan using k_3 on sbtest3  (cost=0.43..6.47 rows=102 width=4)
	  Index Cond: ((k >= 4834485) AND (k <= 4834585))

table 4 : explain SELECT k FROM sbtest4 WHERE k BETWEEN 4834485 AND 4834585
	Index Only Scan using k_4 on sbtest4  (cost=0.43..6.33 rows=95 width=4)
	  Index Cond: ((k >= 4834485) AND (k <= 4834585))

table 5 : explain SELECT k FROM sbtest5 WHERE k BETWEEN 4834485 AND 4834585
	Index Only Scan using k_5 on sbtest5  (cost=0.43..6.51 rows=104 width=4)
	  Index Cond: ((k >= 4834485) AND (k <= 4834585))

table 6 : explain SELECT k FROM sbtest6 WHERE k BETWEEN 4834485 AND 4834585
	Index Only Scan using k_6 on sbtest6  (cost=0.43..6.42 rows=99 width=4)
	  Index Cond: ((k >= 4834485) AND (k <= 4834585))

table 7 : explain SELECT k FROM sbtest7 WHERE k BETWEEN 4834485 AND 4834585
	Index Only Scan using k_7 on sbtest7  (cost=0.43..6.51 rows=104 width=4)
	  Index Cond: ((k >= 4834485) AND (k <= 4834585))

table 8 : explain SELECT k FROM sbtest8 WHERE k BETWEEN 4834485 AND 4834585
	Index Only Scan using k_8 on sbtest8  (cost=0.43..6.27 rows=92 width=4)
	  Index Cond: ((k >= 4834485) AND (k <= 4834585))

explain: for range-covered :: explain SELECT k FROM sbtest%d WHERE k BETWEEN 4834485 AND 4834585
for range-covered
table 1 : explain SELECT k FROM sbtest1 WHERE k BETWEEN 3807774 AND 3807874
	Index Only Scan using k_1 on sbtest1  (cost=0.43..6.35 rows=96 width=4)
	  Index Cond: ((k >= 3807774) AND (k <= 3807874))

table 2 : explain SELECT k FROM sbtest2 WHERE k BETWEEN 3807774 AND 3807874
	Index Only Scan using k_2 on sbtest2  (cost=0.43..6.63 rows=110 width=4)
	  Index Cond: ((k >= 3807774) AND (k <= 3807874))

table 3 : explain SELECT k FROM sbtest3 WHERE k BETWEEN 3807774 AND 3807874
	Index Only Scan using k_3 on sbtest3  (cost=0.43..6.42 rows=99 width=4)
	  Index Cond: ((k >= 3807774) AND (k <= 3807874))

table 4 : explain SELECT k FROM sbtest4 WHERE k BETWEEN 3807774 AND 3807874
	Index Only Scan using k_4 on sbtest4  (cost=0.43..6.58 rows=107 width=4)
	  Index Cond: ((k >= 3807774) AND (k <= 3807874))

table 5 : explain SELECT k FROM sbtest5 WHERE k BETWEEN 3807774 AND 3807874
	Index Only Scan using k_5 on sbtest5  (cost=0.43..6.37 rows=97 width=4)
	  Index Cond: ((k >= 3807774) AND (k <= 3807874))

table 6 : explain SELECT k FROM sbtest6 WHERE k BETWEEN 3807774 AND 3807874
	Index Only Scan using k_6 on sbtest6  (cost=0.43..6.29 rows=93 width=4)
	  Index Cond: ((k >= 3807774) AND (k <= 3807874))

table 7 : explain SELECT k FROM sbtest7 WHERE k BETWEEN 3807774 AND 3807874
	Index Only Scan using k_7 on sbtest7  (cost=0.43..6.45 rows=101 width=4)
	  Index Cond: ((k >= 3807774) AND (k <= 3807874))

table 8 : explain SELECT k FROM sbtest8 WHERE k BETWEEN 3807774 AND 3807874
	Index Only Scan using k_8 on sbtest8  (cost=0.43..6.40 rows=98 width=4)
	  Index Cond: ((k >= 3807774) AND (k <= 3807874))

explain: for range-covered :: explain SELECT k FROM sbtest%d WHERE k BETWEEN 3807774 AND 3807874
explain: for range-covered :: explain SELECT k FROM sbtest%d WHERE k BETWEEN 5041935 AND 5042035
for range-covered
table 1 : explain SELECT k FROM sbtest1 WHERE k BETWEEN 4412478 AND 4412578
	Index Only Scan using k_1 on sbtest1  (cost=0.43..6.59 rows=108 width=4)
	  Index Cond: ((k >= 4412478) AND (k <= 4412578))

table 2 : explain SELECT k FROM sbtest2 WHERE k BETWEEN 4412478 AND 4412578
	Index Only Scan using k_2 on sbtest2  (cost=0.43..6.59 rows=108 width=4)
	  Index Cond: ((k >= 4412478) AND (k <= 4412578))

table 3 : explain SELECT k FROM sbtest3 WHERE k BETWEEN 4412478 AND 4412578
	Index Only Scan using k_3 on sbtest3  (cost=0.43..6.43 rows=100 width=4)
	  Index Cond: ((k >= 4412478) AND (k <= 4412578))

table 4 : explain SELECT k FROM sbtest4 WHERE k BETWEEN 4412478 AND 4412578
	Index Only Scan using k_4 on sbtest4  (cost=0.43..6.50 rows=103 width=4)
	  Index Cond: ((k >= 4412478) AND (k <= 4412578))

table 5 : explain SELECT k FROM sbtest5 WHERE k BETWEEN 4412478 AND 4412578
	Index Only Scan using k_5 on sbtest5  (cost=0.43..6.63 rows=110 width=4)
	  Index Cond: ((k >= 4412478) AND (k <= 4412578))

table 6 : explain SELECT k FROM sbtest6 WHERE k BETWEEN 4412478 AND 4412578
	Index Only Scan using k_6 on sbtest6  (cost=0.43..6.51 rows=104 width=4)
	  Index Cond: ((k >= 4412478) AND (k <= 4412578))

table 7 : explain SELECT k FROM sbtest7 WHERE k BETWEEN 4412478 AND 4412578
	Index Only Scan using k_7 on sbtest7  (cost=0.43..6.19 rows=88 width=4)
	  Index Cond: ((k >= 4412478) AND (k <= 4412578))

table 8 : explain SELECT k FROM sbtest8 WHERE k BETWEEN 4412478 AND 4412578
	Index Only Scan using k_8 on sbtest8  (cost=0.43..6.53 rows=105 width=4)
	  Index Cond: ((k >= 4412478) AND (k <= 4412578))

explain: for range-covered :: explain SELECT k FROM sbtest%d WHERE k BETWEEN 4412478 AND 4412578
for range-covered
table 1 : explain SELECT k FROM sbtest1 WHERE k BETWEEN 6040500 AND 6040600
	Index Only Scan using k_1 on sbtest1  (cost=0.43..6.35 rows=96 width=4)
	  Index Cond: ((k >= 6040500) AND (k <= 6040600))

table 2 : explain SELECT k FROM sbtest2 WHERE k BETWEEN 6040500 AND 6040600
	Index Only Scan using k_2 on sbtest2  (cost=0.43..6.37 rows=97 width=4)
	  Index Cond: ((k >= 6040500) AND (k <= 6040600))

table 3 : explain SELECT k FROM sbtest3 WHERE k BETWEEN 6040500 AND 6040600
	Index Only Scan using k_3 on sbtest3  (cost=0.43..6.51 rows=104 width=4)
	  Index Cond: ((k >= 6040500) AND (k <= 6040600))

table 4 : explain SELECT k FROM sbtest4 WHERE k BETWEEN 6040500 AND 6040600
	Index Only Scan using k_4 on sbtest4  (cost=0.43..6.47 rows=102 width=4)
	  Index Cond: ((k >= 6040500) AND (k <= 6040600))

table 5 : explain SELECT k FROM sbtest5 WHERE k BETWEEN 6040500 AND 6040600
	Index Only Scan using k_5 on sbtest5  (cost=0.43..6.66 rows=111 width=4)
	  Index Cond: ((k >= 6040500) AND (k <= 6040600))

table 6 : explain SELECT k FROM sbtest6 WHERE k BETWEEN 6040500 AND 6040600
	Index Only Scan using k_6 on sbtest6  (cost=0.43..6.63 rows=110 width=4)
	  Index Cond: ((k >= 6040500) AND (k <= 6040600))

table 7 : explain SELECT k FROM sbtest7 WHERE k BETWEEN 6040500 AND 6040600
	Index Only Scan using k_7 on sbtest7  (cost=0.43..6.51 rows=104 width=4)
	  Index Cond: ((k >= 6040500) AND (k <= 6040600))

table 8 : explain SELECT k FROM sbtest8 WHERE k BETWEEN 6040500 AND 6040600
	Index Only Scan using k_8 on sbtest8  (cost=0.43..6.42 rows=99 width=4)
	  Index Cond: ((k >= 6040500) AND (k <= 6040600))

explain: for range-covered :: explain SELECT k FROM sbtest%d WHERE k BETWEEN 6040500 AND 6040600
for range-covered
table 1 : explain SELECT k FROM sbtest1 WHERE k BETWEEN 3807774 AND 3807874
	Index Only Scan using k_1 on sbtest1  (cost=0.43..6.35 rows=96 width=4)
	  Index Cond: ((k >= 3807774) AND (k <= 3807874))

table 2 : explain SELECT k FROM sbtest2 WHERE k BETWEEN 3807774 AND 3807874
	Index Only Scan using k_2 on sbtest2  (cost=0.43..6.63 rows=110 width=4)
	  Index Cond: ((k >= 3807774) AND (k <= 3807874))

table 3 : explain SELECT k FROM sbtest3 WHERE k BETWEEN 3807774 AND 3807874
	Index Only Scan using k_3 on sbtest3  (cost=0.43..6.42 rows=99 width=4)
	  Index Cond: ((k >= 3807774) AND (k <= 3807874))

table 4 : explain SELECT k FROM sbtest4 WHERE k BETWEEN 3807774 AND 3807874
	Index Only Scan using k_4 on sbtest4  (cost=0.43..6.58 rows=107 width=4)
	  Index Cond: ((k >= 3807774) AND (k <= 3807874))

table 5 : explain SELECT k FROM sbtest5 WHERE k BETWEEN 3807774 AND 3807874
	Index Only Scan using k_5 on sbtest5  (cost=0.43..6.37 rows=97 width=4)
	  Index Cond: ((k >= 3807774) AND (k <= 3807874))

table 6 : explain SELECT k FROM sbtest6 WHERE k BETWEEN 3807774 AND 3807874
	Index Only Scan using k_6 on sbtest6  (cost=0.43..6.29 rows=93 width=4)
	  Index Cond: ((k >= 3807774) AND (k <= 3807874))

table 7 : explain SELECT k FROM sbtest7 WHERE k BETWEEN 3807774 AND 3807874
	Index Only Scan using k_7 on sbtest7  (cost=0.43..6.45 rows=101 width=4)
	  Index Cond: ((k >= 3807774) AND (k <= 3807874))

table 8 : explain SELECT k FROM sbtest8 WHERE k BETWEEN 3807774 AND 3807874
	Index Only Scan using k_8 on sbtest8  (cost=0.43..6.40 rows=98 width=4)
	  Index Cond: ((k >= 3807774) AND (k <= 3807874))

for range-covered
table 1 : explain SELECT k FROM sbtest1 WHERE k BETWEEN 4834485 AND 4834585
	Index Only Scan using k_1 on sbtest1  (cost=0.43..6.43 rows=100 width=4)
	  Index Cond: ((k >= 4834485) AND (k <= 4834585))

table 2 : explain SELECT k FROM sbtest2 WHERE k BETWEEN 4834485 AND 4834585
	Index Only Scan using k_2 on sbtest2  (cost=0.43..6.42 rows=99 width=4)
	  Index Cond: ((k >= 4834485) AND (k <= 4834585))

table 3 : explain SELECT k FROM sbtest3 WHERE k BETWEEN 4834485 AND 4834585
	Index Only Scan using k_3 on sbtest3  (cost=0.43..6.47 rows=102 width=4)
	  Index Cond: ((k >= 4834485) AND (k <= 4834585))

table 4 : explain SELECT k FROM sbtest4 WHERE k BETWEEN 4834485 AND 4834585
	Index Only Scan using k_4 on sbtest4  (cost=0.43..6.33 rows=95 width=4)
	  Index Cond: ((k >= 4834485) AND (k <= 4834585))

table 5 : explain SELECT k FROM sbtest5 WHERE k BETWEEN 4834485 AND 4834585
	Index Only Scan using k_5 on sbtest5  (cost=0.43..6.51 rows=104 width=4)
	  Index Cond: ((k >= 4834485) AND (k <= 4834585))

table 6 : explain SELECT k FROM sbtest6 WHERE k BETWEEN 4834485 AND 4834585
	Index Only Scan using k_6 on sbtest6  (cost=0.43..6.42 rows=99 width=4)
	  Index Cond: ((k >= 4834485) AND (k <= 4834585))

table 7 : explain SELECT k FROM sbtest7 WHERE k BETWEEN 4834485 AND 4834585
	Index Only Scan using k_7 on sbtest7  (cost=0.43..6.51 rows=104 width=4)
	  Index Cond: ((k >= 4834485) AND (k <= 4834585))

table 8 : explain SELECT k FROM sbtest8 WHERE k BETWEEN 4834485 AND 4834585
	Index Only Scan using k_8 on sbtest8  (cost=0.43..6.27 rows=92 width=4)
	  Index Cond: ((k >= 4834485) AND (k <= 4834585))

explain: for range-covered :: explain SELECT k FROM sbtest%d WHERE k BETWEEN 3807774 AND 3807874
for range-covered
table 1 : explain SELECT k FROM sbtest1 WHERE k BETWEEN 2668883 AND 2668983
	Index Only Scan using k_1 on sbtest1  (cost=0.43..6.47 rows=102 width=4)
	  Index Cond: ((k >= 2668883) AND (k <= 2668983))

table 2 : explain SELECT k FROM sbtest2 WHERE k BETWEEN 2668883 AND 2668983
	Index Only Scan using k_2 on sbtest2  (cost=0.43..6.50 rows=103 width=4)
	  Index Cond: ((k >= 2668883) AND (k <= 2668983))

table 3 : explain SELECT k FROM sbtest3 WHERE k BETWEEN 2668883 AND 2668983
	Index Only Scan using k_3 on sbtest3  (cost=0.43..6.47 rows=102 width=4)
	  Index Cond: ((k >= 2668883) AND (k <= 2668983))

table 4 : explain SELECT k FROM sbtest4 WHERE k BETWEEN 2668883 AND 2668983
	Index Only Scan using k_4 on sbtest4  (cost=0.43..6.61 rows=109 width=4)
	  Index Cond: ((k >= 2668883) AND (k <= 2668983))

table 5 : explain SELECT k FROM sbtest5 WHERE k BETWEEN 2668883 AND 2668983
	Index Only Scan using k_5 on sbtest5  (cost=0.43..6.37 rows=97 width=4)
	  Index Cond: ((k >= 2668883) AND (k <= 2668983))

table 6 : explain SELECT k FROM sbtest6 WHERE k BETWEEN 2668883 AND 2668983
	Index Only Scan using k_6 on sbtest6  (cost=0.43..6.45 rows=101 width=4)
	  Index Cond: ((k >= 2668883) AND (k <= 2668983))

table 7 : explain SELECT k FROM sbtest7 WHERE k BETWEEN 2668883 AND 2668983
	Index Only Scan using k_7 on sbtest7  (cost=0.43..6.47 rows=102 width=4)
	  Index Cond: ((k >= 2668883) AND (k <= 2668983))

table 8 : explain SELECT k FROM sbtest8 WHERE k BETWEEN 2668883 AND 2668983
	Index Only Scan using k_8 on sbtest8  (cost=0.43..6.53 rows=105 width=4)
	  Index Cond: ((k >= 2668883) AND (k <= 2668983))

for range-covered
table 1 : explain SELECT k FROM sbtest1 WHERE k BETWEEN 2037728 AND 2037828
	Index Only Scan using k_1 on sbtest1  (cost=0.43..6.53 rows=105 width=4)
	  Index Cond: ((k >= 2037728) AND (k <= 2037828))

table 2 : explain SELECT k FROM sbtest2 WHERE k BETWEEN 2037728 AND 2037828
	Index Only Scan using k_2 on sbtest2  (cost=0.43..6.32 rows=94 width=4)
	  Index Cond: ((k >= 2037728) AND (k <= 2037828))

table 3 : explain SELECT k FROM sbtest3 WHERE k BETWEEN 2037728 AND 2037828
	Index Only Scan using k_3 on sbtest3  (cost=0.43..6.45 rows=101 width=4)
	  Index Cond: ((k >= 2037728) AND (k <= 2037828))

table 4 : explain SELECT k FROM sbtest4 WHERE k BETWEEN 2037728 AND 2037828
	Index Only Scan using k_4 on sbtest4  (cost=0.43..6.61 rows=109 width=4)
	  Index Cond: ((k >= 2037728) AND (k <= 2037828))

table 5 : explain SELECT k FROM sbtest5 WHERE k BETWEEN 2037728 AND 2037828
	Index Only Scan using k_5 on sbtest5  (cost=0.43..6.35 rows=96 width=4)
	  Index Cond: ((k >= 2037728) AND (k <= 2037828))

table 6 : explain SELECT k FROM sbtest6 WHERE k BETWEEN 2037728 AND 2037828
	Index Only Scan using k_6 on sbtest6  (cost=0.43..6.33 rows=95 width=4)
	  Index Cond: ((k >= 2037728) AND (k <= 2037828))

table 7 : explain SELECT k FROM sbtest7 WHERE k BETWEEN 2037728 AND 2037828
	Index Only Scan using k_7 on sbtest7  (cost=0.43..6.56 rows=106 width=4)
	  Index Cond: ((k >= 2037728) AND (k <= 2037828))

table 8 : explain SELECT k FROM sbtest8 WHERE k BETWEEN 2037728 AND 2037828
	Index Only Scan using k_8 on sbtest8  (cost=0.43..6.51 rows=104 width=4)
	  Index Cond: ((k >= 2037728) AND (k <= 2037828))

for range-covered
table 1 : explain SELECT k FROM sbtest1 WHERE k BETWEEN 4412478 AND 4412578
	Index Only Scan using k_1 on sbtest1  (cost=0.43..6.59 rows=108 width=4)
	  Index Cond: ((k >= 4412478) AND (k <= 4412578))

table 2 : explain SELECT k FROM sbtest2 WHERE k BETWEEN 4412478 AND 4412578
	Index Only Scan using k_2 on sbtest2  (cost=0.43..6.59 rows=108 width=4)
	  Index Cond: ((k >= 4412478) AND (k <= 4412578))

table 3 : explain SELECT k FROM sbtest3 WHERE k BETWEEN 4412478 AND 4412578
	Index Only Scan using k_3 on sbtest3  (cost=0.43..6.43 rows=100 width=4)
	  Index Cond: ((k >= 4412478) AND (k <= 4412578))

table 4 : explain SELECT k FROM sbtest4 WHERE k BETWEEN 4412478 AND 4412578
	Index Only Scan using k_4 on sbtest4  (cost=0.43..6.50 rows=103 width=4)
	  Index Cond: ((k >= 4412478) AND (k <= 4412578))

table 5 : explain SELECT k FROM sbtest5 WHERE k BETWEEN 4412478 AND 4412578
	Index Only Scan using k_5 on sbtest5  (cost=0.43..6.63 rows=110 width=4)
	  Index Cond: ((k >= 4412478) AND (k <= 4412578))

table 6 : explain SELECT k FROM sbtest6 WHERE k BETWEEN 4412478 AND 4412578
	Index Only Scan using k_6 on sbtest6  (cost=0.43..6.51 rows=104 width=4)
	  Index Cond: ((k >= 4412478) AND (k <= 4412578))

table 7 : explain SELECT k FROM sbtest7 WHERE k BETWEEN 4412478 AND 4412578
	Index Only Scan using k_7 on sbtest7  (cost=0.43..6.19 rows=88 width=4)
	  Index Cond: ((k >= 4412478) AND (k <= 4412578))

table 8 : explain SELECT k FROM sbtest8 WHERE k BETWEEN 4412478 AND 4412578
	Index Only Scan using k_8 on sbtest8  (cost=0.43..6.53 rows=105 width=4)
	  Index Cond: ((k >= 4412478) AND (k <= 4412578))

explain: for range-covered :: explain SELECT k FROM sbtest%d WHERE k BETWEEN 2668883 AND 2668983
explain: for range-covered :: explain SELECT k FROM sbtest%d WHERE k BETWEEN 4412478 AND 4412578
explain: for range-covered :: explain SELECT k FROM sbtest%d WHERE k BETWEEN 2037728 AND 2037828
for range-covered
table 1 : explain SELECT k FROM sbtest1 WHERE k BETWEEN 5041935 AND 5042035
	Index Only Scan using k_1 on sbtest1  (cost=0.43..6.42 rows=99 width=4)
	  Index Cond: ((k >= 5041935) AND (k <= 5042035))

table 2 : explain SELECT k FROM sbtest2 WHERE k BETWEEN 5041935 AND 5042035
	Index Only Scan using k_2 on sbtest2  (cost=0.43..6.35 rows=96 width=4)
	  Index Cond: ((k >= 5041935) AND (k <= 5042035))

table 3 : explain SELECT k FROM sbtest3 WHERE k BETWEEN 5041935 AND 5042035
	Index Only Scan using k_3 on sbtest3  (cost=0.43..6.56 rows=106 width=4)
	  Index Cond: ((k >= 5041935) AND (k <= 5042035))

table 4 : explain SELECT k FROM sbtest4 WHERE k BETWEEN 5041935 AND 5042035
	Index Only Scan using k_4 on sbtest4  (cost=0.43..6.67 rows=112 width=4)
	  Index Cond: ((k >= 5041935) AND (k <= 5042035))

table 5 : explain SELECT k FROM sbtest5 WHERE k BETWEEN 5041935 AND 5042035
	Index Only Scan using k_5 on sbtest5  (cost=0.43..6.53 rows=105 width=4)
	  Index Cond: ((k >= 5041935) AND (k <= 5042035))

table 6 : explain SELECT k FROM sbtest6 WHERE k BETWEEN 5041935 AND 5042035
	Index Only Scan using k_6 on sbtest6  (cost=0.43..6.37 rows=97 width=4)
	  Index Cond: ((k >= 5041935) AND (k <= 5042035))

table 7 : explain SELECT k FROM sbtest7 WHERE k BETWEEN 5041935 AND 5042035
	Index Only Scan using k_7 on sbtest7  (cost=0.43..6.33 rows=95 width=4)
	  Index Cond: ((k >= 5041935) AND (k <= 5042035))

table 8 : explain SELECT k FROM sbtest8 WHERE k BETWEEN 5041935 AND 5042035
	Index Only Scan using k_8 on sbtest8  (cost=0.43..6.37 rows=97 width=4)
	  Index Cond: ((k >= 5041935) AND (k <= 5042035))

for range-covered
table 1 : explain SELECT k FROM sbtest1 WHERE k BETWEEN 3807774 AND 3807874
	Index Only Scan using k_1 on sbtest1  (cost=0.43..6.35 rows=96 width=4)
	  Index Cond: ((k >= 3807774) AND (k <= 3807874))

table 2 : explain SELECT k FROM sbtest2 WHERE k BETWEEN 3807774 AND 3807874
	Index Only Scan using k_2 on sbtest2  (cost=0.43..6.63 rows=110 width=4)
	  Index Cond: ((k >= 3807774) AND (k <= 3807874))

table 3 : explain SELECT k FROM sbtest3 WHERE k BETWEEN 3807774 AND 3807874
	Index Only Scan using k_3 on sbtest3  (cost=0.43..6.42 rows=99 width=4)
	  Index Cond: ((k >= 3807774) AND (k <= 3807874))

table 4 : explain SELECT k FROM sbtest4 WHERE k BETWEEN 3807774 AND 3807874
	Index Only Scan using k_4 on sbtest4  (cost=0.43..6.58 rows=107 width=4)
	  Index Cond: ((k >= 3807774) AND (k <= 3807874))

table 5 : explain SELECT k FROM sbtest5 WHERE k BETWEEN 3807774 AND 3807874
	Index Only Scan using k_5 on sbtest5  (cost=0.43..6.37 rows=97 width=4)
	  Index Cond: ((k >= 3807774) AND (k <= 3807874))

table 6 : explain SELECT k FROM sbtest6 WHERE k BETWEEN 3807774 AND 3807874
	Index Only Scan using k_6 on sbtest6  (cost=0.43..6.29 rows=93 width=4)
	  Index Cond: ((k >= 3807774) AND (k <= 3807874))

table 7 : explain SELECT k FROM sbtest7 WHERE k BETWEEN 3807774 AND 3807874
	Index Only Scan using k_7 on sbtest7  (cost=0.43..6.45 rows=101 width=4)
	  Index Cond: ((k >= 3807774) AND (k <= 3807874))

table 8 : explain SELECT k FROM sbtest8 WHERE k BETWEEN 3807774 AND 3807874
	Index Only Scan using k_8 on sbtest8  (cost=0.43..6.40 rows=98 width=4)
	  Index Cond: ((k >= 3807774) AND (k <= 3807874))

explain: for range-covered :: explain SELECT k FROM sbtest%d WHERE k BETWEEN 5041935 AND 5042035
for range-covered
table 1 : explain SELECT k FROM sbtest1 WHERE k BETWEEN 6040500 AND 6040600
	Index Only Scan using k_1 on sbtest1  (cost=0.43..6.35 rows=96 width=4)
	  Index Cond: ((k >= 6040500) AND (k <= 6040600))

table 2 : explain SELECT k FROM sbtest2 WHERE k BETWEEN 6040500 AND 6040600
	Index Only Scan using k_2 on sbtest2  (cost=0.43..6.37 rows=97 width=4)
	  Index Cond: ((k >= 6040500) AND (k <= 6040600))

table 3 : explain SELECT k FROM sbtest3 WHERE k BETWEEN 6040500 AND 6040600
	Index Only Scan using k_3 on sbtest3  (cost=0.43..6.51 rows=104 width=4)
	  Index Cond: ((k >= 6040500) AND (k <= 6040600))

table 4 : explain SELECT k FROM sbtest4 WHERE k BETWEEN 6040500 AND 6040600
	Index Only Scan using k_4 on sbtest4  (cost=0.43..6.47 rows=102 width=4)
	  Index Cond: ((k >= 6040500) AND (k <= 6040600))

table 5 : explain SELECT k FROM sbtest5 WHERE k BETWEEN 6040500 AND 6040600
	Index Only Scan using k_5 on sbtest5  (cost=0.43..6.66 rows=111 width=4)
	  Index Cond: ((k >= 6040500) AND (k <= 6040600))

table 6 : explain SELECT k FROM sbtest6 WHERE k BETWEEN 6040500 AND 6040600
	Index Only Scan using k_6 on sbtest6  (cost=0.43..6.63 rows=110 width=4)
	  Index Cond: ((k >= 6040500) AND (k <= 6040600))

table 7 : explain SELECT k FROM sbtest7 WHERE k BETWEEN 6040500 AND 6040600
	Index Only Scan using k_7 on sbtest7  (cost=0.43..6.51 rows=104 width=4)
	  Index Cond: ((k >= 6040500) AND (k <= 6040600))

table 8 : explain SELECT k FROM sbtest8 WHERE k BETWEEN 6040500 AND 6040600
	Index Only Scan using k_8 on sbtest8  (cost=0.43..6.42 rows=99 width=4)
	  Index Cond: ((k >= 6040500) AND (k <= 6040600))

for range-covered
table 1 : explain SELECT k FROM sbtest1 WHERE k BETWEEN 3634959 AND 3635059
	Index Only Scan using k_1 on sbtest1  (cost=0.43..6.47 rows=102 width=4)
	  Index Cond: ((k >= 3634959) AND (k <= 3635059))

table 2 : explain SELECT k FROM sbtest2 WHERE k BETWEEN 3634959 AND 3635059
	Index Only Scan using k_2 on sbtest2  (cost=0.43..6.47 rows=102 width=4)
	  Index Cond: ((k >= 3634959) AND (k <= 3635059))

table 3 : explain SELECT k FROM sbtest3 WHERE k BETWEEN 3634959 AND 3635059
	Index Only Scan using k_3 on sbtest3  (cost=0.43..6.29 rows=93 width=4)
	  Index Cond: ((k >= 3634959) AND (k <= 3635059))

table 4 : explain SELECT k FROM sbtest4 WHERE k BETWEEN 3634959 AND 3635059
	Index Only Scan using k_4 on sbtest4  (cost=0.43..6.32 rows=94 width=4)
	  Index Cond: ((k >= 3634959) AND (k <= 3635059))

table 5 : explain SELECT k FROM sbtest5 WHERE k BETWEEN 3634959 AND 3635059
	Index Only Scan using k_5 on sbtest5  (cost=0.43..6.37 rows=97 width=4)
	  Index Cond: ((k >= 3634959) AND (k <= 3635059))

table 6 : explain SELECT k FROM sbtest6 WHERE k BETWEEN 3634959 AND 3635059
	Index Only Scan using k_6 on sbtest6  (cost=0.43..6.53 rows=105 width=4)
	  Index Cond: ((k >= 3634959) AND (k <= 3635059))

table 7 : explain SELECT k FROM sbtest7 WHERE k BETWEEN 3634959 AND 3635059
	Index Only Scan using k_7 on sbtest7  (cost=0.43..6.21 rows=89 width=4)
	  Index Cond: ((k >= 3634959) AND (k <= 3635059))

table 8 : explain SELECT k FROM sbtest8 WHERE k BETWEEN 3634959 AND 3635059
	Index Only Scan using k_8 on sbtest8  (cost=0.43..6.51 rows=104 width=4)
	  Index Cond: ((k >= 3634959) AND (k <= 3635059))

explain: for range-covered :: explain SELECT k FROM sbtest%d WHERE k BETWEEN 3807774 AND 3807874
explain: for range-covered :: explain SELECT k FROM sbtest%d WHERE k BETWEEN 6040500 AND 6040600
for range-covered
table 1 : explain SELECT k FROM sbtest1 WHERE k BETWEEN 2668883 AND 2668983
	Index Only Scan using k_1 on sbtest1  (cost=0.43..6.47 rows=102 width=4)
	  Index Cond: ((k >= 2668883) AND (k <= 2668983))

table 2 : explain SELECT k FROM sbtest2 WHERE k BETWEEN 2668883 AND 2668983
	Index Only Scan using k_2 on sbtest2  (cost=0.43..6.50 rows=103 width=4)
	  Index Cond: ((k >= 2668883) AND (k <= 2668983))

table 3 : explain SELECT k FROM sbtest3 WHERE k BETWEEN 2668883 AND 2668983
	Index Only Scan using k_3 on sbtest3  (cost=0.43..6.47 rows=102 width=4)
	  Index Cond: ((k >= 2668883) AND (k <= 2668983))

table 4 : explain SELECT k FROM sbtest4 WHERE k BETWEEN 2668883 AND 2668983
	Index Only Scan using k_4 on sbtest4  (cost=0.43..6.61 rows=109 width=4)
	  Index Cond: ((k >= 2668883) AND (k <= 2668983))

table 5 : explain SELECT k FROM sbtest5 WHERE k BETWEEN 2668883 AND 2668983
	Index Only Scan using k_5 on sbtest5  (cost=0.43..6.37 rows=97 width=4)
	  Index Cond: ((k >= 2668883) AND (k <= 2668983))

table 6 : explain SELECT k FROM sbtest6 WHERE k BETWEEN 2668883 AND 2668983
	Index Only Scan using k_6 on sbtest6  (cost=0.43..6.45 rows=101 width=4)
	  Index Cond: ((k >= 2668883) AND (k <= 2668983))

table 7 : explain SELECT k FROM sbtest7 WHERE k BETWEEN 2668883 AND 2668983
	Index Only Scan using k_7 on sbtest7  (cost=0.43..6.47 rows=102 width=4)
	  Index Cond: ((k >= 2668883) AND (k <= 2668983))

table 8 : explain SELECT k FROM sbtest8 WHERE k BETWEEN 2668883 AND 2668983
	Index Only Scan using k_8 on sbtest8  (cost=0.43..6.53 rows=105 width=4)
	  Index Cond: ((k >= 2668883) AND (k <= 2668983))

explain: for range-covered :: explain SELECT k FROM sbtest%d WHERE k BETWEEN 3634959 AND 3635059
for range-covered
table 1 : explain SELECT k FROM sbtest1 WHERE k BETWEEN 4412478 AND 4412578
	Index Only Scan using k_1 on sbtest1  (cost=0.43..6.59 rows=108 width=4)
	  Index Cond: ((k >= 4412478) AND (k <= 4412578))

table 2 : explain SELECT k FROM sbtest2 WHERE k BETWEEN 4412478 AND 4412578
	Index Only Scan using k_2 on sbtest2  (cost=0.43..6.59 rows=108 width=4)
	  Index Cond: ((k >= 4412478) AND (k <= 4412578))

table 3 : explain SELECT k FROM sbtest3 WHERE k BETWEEN 4412478 AND 4412578
	Index Only Scan using k_3 on sbtest3  (cost=0.43..6.43 rows=100 width=4)
	  Index Cond: ((k >= 4412478) AND (k <= 4412578))

table 4 : explain SELECT k FROM sbtest4 WHERE k BETWEEN 4412478 AND 4412578
	Index Only Scan using k_4 on sbtest4  (cost=0.43..6.50 rows=103 width=4)
	  Index Cond: ((k >= 4412478) AND (k <= 4412578))

table 5 : explain SELECT k FROM sbtest5 WHERE k BETWEEN 4412478 AND 4412578
	Index Only Scan using k_5 on sbtest5  (cost=0.43..6.63 rows=110 width=4)
	  Index Cond: ((k >= 4412478) AND (k <= 4412578))

table 6 : explain SELECT k FROM sbtest6 WHERE k BETWEEN 4412478 AND 4412578
	Index Only Scan using k_6 on sbtest6  (cost=0.43..6.51 rows=104 width=4)
	  Index Cond: ((k >= 4412478) AND (k <= 4412578))

table 7 : explain SELECT k FROM sbtest7 WHERE k BETWEEN 4412478 AND 4412578
	Index Only Scan using k_7 on sbtest7  (cost=0.43..6.19 rows=88 width=4)
	  Index Cond: ((k >= 4412478) AND (k <= 4412578))

table 8 : explain SELECT k FROM sbtest8 WHERE k BETWEEN 4412478 AND 4412578
	Index Only Scan using k_8 on sbtest8  (cost=0.43..6.53 rows=105 width=4)
	  Index Cond: ((k >= 4412478) AND (k <= 4412578))

explain: for range-covered :: explain SELECT k FROM sbtest%d WHERE k BETWEEN 2668883 AND 2668983
explain: for range-covered :: explain SELECT k FROM sbtest%d WHERE k BETWEEN 4412478 AND 4412578
for range-covered
table 1 : explain SELECT k FROM sbtest1 WHERE k BETWEEN 6040500 AND 6040600
	Index Only Scan using k_1 on sbtest1  (cost=0.43..6.35 rows=96 width=4)
	  Index Cond: ((k >= 6040500) AND (k <= 6040600))

table 2 : explain SELECT k FROM sbtest2 WHERE k BETWEEN 6040500 AND 6040600
	Index Only Scan using k_2 on sbtest2  (cost=0.43..6.37 rows=97 width=4)
	  Index Cond: ((k >= 6040500) AND (k <= 6040600))

table 3 : explain SELECT k FROM sbtest3 WHERE k BETWEEN 6040500 AND 6040600
	Index Only Scan using k_3 on sbtest3  (cost=0.43..6.51 rows=104 width=4)
	  Index Cond: ((k >= 6040500) AND (k <= 6040600))

table 4 : explain SELECT k FROM sbtest4 WHERE k BETWEEN 6040500 AND 6040600
	Index Only Scan using k_4 on sbtest4  (cost=0.43..6.47 rows=102 width=4)
	  Index Cond: ((k >= 6040500) AND (k <= 6040600))

table 5 : explain SELECT k FROM sbtest5 WHERE k BETWEEN 6040500 AND 6040600
	Index Only Scan using k_5 on sbtest5  (cost=0.43..6.66 rows=111 width=4)
	  Index Cond: ((k >= 6040500) AND (k <= 6040600))

table 6 : explain SELECT k FROM sbtest6 WHERE k BETWEEN 6040500 AND 6040600
	Index Only Scan using k_6 on sbtest6  (cost=0.43..6.63 rows=110 width=4)
	  Index Cond: ((k >= 6040500) AND (k <= 6040600))

table 7 : explain SELECT k FROM sbtest7 WHERE k BETWEEN 6040500 AND 6040600
	Index Only Scan using k_7 on sbtest7  (cost=0.43..6.51 rows=104 width=4)
	  Index Cond: ((k >= 6040500) AND (k <= 6040600))

table 8 : explain SELECT k FROM sbtest8 WHERE k BETWEEN 6040500 AND 6040600
	Index Only Scan using k_8 on sbtest8  (cost=0.43..6.42 rows=99 width=4)
	  Index Cond: ((k >= 6040500) AND (k <= 6040600))

explain: for range-covered :: explain SELECT k FROM sbtest%d WHERE k BETWEEN 6040500 AND 6040600
for range-covered
table 1 : explain SELECT k FROM sbtest1 WHERE k BETWEEN 2037728 AND 2037828
	Index Only Scan using k_1 on sbtest1  (cost=0.43..6.53 rows=105 width=4)
	  Index Cond: ((k >= 2037728) AND (k <= 2037828))

table 2 : explain SELECT k FROM sbtest2 WHERE k BETWEEN 2037728 AND 2037828
	Index Only Scan using k_2 on sbtest2  (cost=0.43..6.32 rows=94 width=4)
	  Index Cond: ((k >= 2037728) AND (k <= 2037828))

table 3 : explain SELECT k FROM sbtest3 WHERE k BETWEEN 2037728 AND 2037828
	Index Only Scan using k_3 on sbtest3  (cost=0.43..6.45 rows=101 width=4)
	  Index Cond: ((k >= 2037728) AND (k <= 2037828))

table 4 : explain SELECT k FROM sbtest4 WHERE k BETWEEN 2037728 AND 2037828
	Index Only Scan using k_4 on sbtest4  (cost=0.43..6.61 rows=109 width=4)
	  Index Cond: ((k >= 2037728) AND (k <= 2037828))

table 5 : explain SELECT k FROM sbtest5 WHERE k BETWEEN 2037728 AND 2037828
	Index Only Scan using k_5 on sbtest5  (cost=0.43..6.35 rows=96 width=4)
	  Index Cond: ((k >= 2037728) AND (k <= 2037828))

table 6 : explain SELECT k FROM sbtest6 WHERE k BETWEEN 2037728 AND 2037828
	Index Only Scan using k_6 on sbtest6  (cost=0.43..6.33 rows=95 width=4)
	  Index Cond: ((k >= 2037728) AND (k <= 2037828))

table 7 : explain SELECT k FROM sbtest7 WHERE k BETWEEN 2037728 AND 2037828
	Index Only Scan using k_7 on sbtest7  (cost=0.43..6.56 rows=106 width=4)
	  Index Cond: ((k >= 2037728) AND (k <= 2037828))

table 8 : explain SELECT k FROM sbtest8 WHERE k BETWEEN 2037728 AND 2037828
	Index Only Scan using k_8 on sbtest8  (cost=0.43..6.51 rows=104 width=4)
	  Index Cond: ((k >= 2037728) AND (k <= 2037828))

explain: for range-covered :: explain SELECT k FROM sbtest%d WHERE k BETWEEN 2037728 AND 2037828
for range-covered
table 1 : explain SELECT k FROM sbtest1 WHERE k BETWEEN 5041935 AND 5042035
	Index Only Scan using k_1 on sbtest1  (cost=0.43..6.42 rows=99 width=4)
	  Index Cond: ((k >= 5041935) AND (k <= 5042035))

table 2 : explain SELECT k FROM sbtest2 WHERE k BETWEEN 5041935 AND 5042035
	Index Only Scan using k_2 on sbtest2  (cost=0.43..6.35 rows=96 width=4)
	  Index Cond: ((k >= 5041935) AND (k <= 5042035))

table 3 : explain SELECT k FROM sbtest3 WHERE k BETWEEN 5041935 AND 5042035
	Index Only Scan using k_3 on sbtest3  (cost=0.43..6.56 rows=106 width=4)
	  Index Cond: ((k >= 5041935) AND (k <= 5042035))

table 4 : explain SELECT k FROM sbtest4 WHERE k BETWEEN 5041935 AND 5042035
	Index Only Scan using k_4 on sbtest4  (cost=0.43..6.67 rows=112 width=4)
	  Index Cond: ((k >= 5041935) AND (k <= 5042035))

table 5 : explain SELECT k FROM sbtest5 WHERE k BETWEEN 5041935 AND 5042035
	Index Only Scan using k_5 on sbtest5  (cost=0.43..6.53 rows=105 width=4)
	  Index Cond: ((k >= 5041935) AND (k <= 5042035))

table 6 : explain SELECT k FROM sbtest6 WHERE k BETWEEN 5041935 AND 5042035
	Index Only Scan using k_6 on sbtest6  (cost=0.43..6.37 rows=97 width=4)
	  Index Cond: ((k >= 5041935) AND (k <= 5042035))

table 7 : explain SELECT k FROM sbtest7 WHERE k BETWEEN 5041935 AND 5042035
	Index Only Scan using k_7 on sbtest7  (cost=0.43..6.33 rows=95 width=4)
	  Index Cond: ((k >= 5041935) AND (k <= 5042035))

table 8 : explain SELECT k FROM sbtest8 WHERE k BETWEEN 5041935 AND 5042035
	Index Only Scan using k_8 on sbtest8  (cost=0.43..6.37 rows=97 width=4)
	  Index Cond: ((k >= 5041935) AND (k <= 5042035))

for range-covered
table 1 : explain SELECT k FROM sbtest1 WHERE k BETWEEN 2668883 AND 2668983
	Index Only Scan using k_1 on sbtest1  (cost=0.43..6.47 rows=102 width=4)
	  Index Cond: ((k >= 2668883) AND (k <= 2668983))

table 2 : explain SELECT k FROM sbtest2 WHERE k BETWEEN 2668883 AND 2668983
	Index Only Scan using k_2 on sbtest2  (cost=0.43..6.50 rows=103 width=4)
	  Index Cond: ((k >= 2668883) AND (k <= 2668983))

table 3 : explain SELECT k FROM sbtest3 WHERE k BETWEEN 2668883 AND 2668983
	Index Only Scan using k_3 on sbtest3  (cost=0.43..6.47 rows=102 width=4)
	  Index Cond: ((k >= 2668883) AND (k <= 2668983))

table 4 : explain SELECT k FROM sbtest4 WHERE k BETWEEN 2668883 AND 2668983
	Index Only Scan using k_4 on sbtest4  (cost=0.43..6.61 rows=109 width=4)
	  Index Cond: ((k >= 2668883) AND (k <= 2668983))

table 5 : explain SELECT k FROM sbtest5 WHERE k BETWEEN 2668883 AND 2668983
	Index Only Scan using k_5 on sbtest5  (cost=0.43..6.37 rows=97 width=4)
	  Index Cond: ((k >= 2668883) AND (k <= 2668983))

table 6 : explain SELECT k FROM sbtest6 WHERE k BETWEEN 2668883 AND 2668983
	Index Only Scan using k_6 on sbtest6  (cost=0.43..6.45 rows=101 width=4)
	  Index Cond: ((k >= 2668883) AND (k <= 2668983))

table 7 : explain SELECT k FROM sbtest7 WHERE k BETWEEN 2668883 AND 2668983
	Index Only Scan using k_7 on sbtest7  (cost=0.43..6.47 rows=102 width=4)
	  Index Cond: ((k >= 2668883) AND (k <= 2668983))

table 8 : explain SELECT k FROM sbtest8 WHERE k BETWEEN 2668883 AND 2668983
	Index Only Scan using k_8 on sbtest8  (cost=0.43..6.53 rows=105 width=4)
	  Index Cond: ((k >= 2668883) AND (k <= 2668983))

explain: for range-covered :: explain SELECT k FROM sbtest%d WHERE k BETWEEN 2668883 AND 2668983
for range-covered
table 1 : explain SELECT k FROM sbtest1 WHERE k BETWEEN 3634959 AND 3635059
	Index Only Scan using k_1 on sbtest1  (cost=0.43..6.47 rows=102 width=4)
	  Index Cond: ((k >= 3634959) AND (k <= 3635059))

table 2 : explain SELECT k FROM sbtest2 WHERE k BETWEEN 3634959 AND 3635059
	Index Only Scan using k_2 on sbtest2  (cost=0.43..6.47 rows=102 width=4)
	  Index Cond: ((k >= 3634959) AND (k <= 3635059))

table 3 : explain SELECT k FROM sbtest3 WHERE k BETWEEN 3634959 AND 3635059
	Index Only Scan using k_3 on sbtest3  (cost=0.43..6.29 rows=93 width=4)
	  Index Cond: ((k >= 3634959) AND (k <= 3635059))

table 4 : explain SELECT k FROM sbtest4 WHERE k BETWEEN 3634959 AND 3635059
	Index Only Scan using k_4 on sbtest4  (cost=0.43..6.32 rows=94 width=4)
	  Index Cond: ((k >= 3634959) AND (k <= 3635059))

table 5 : explain SELECT k FROM sbtest5 WHERE k BETWEEN 3634959 AND 3635059
	Index Only Scan using k_5 on sbtest5  (cost=0.43..6.37 rows=97 width=4)
	  Index Cond: ((k >= 3634959) AND (k <= 3635059))

table 6 : explain SELECT k FROM sbtest6 WHERE k BETWEEN 3634959 AND 3635059
	Index Only Scan using k_6 on sbtest6  (cost=0.43..6.53 rows=105 width=4)
	  Index Cond: ((k >= 3634959) AND (k <= 3635059))

table 7 : explain SELECT k FROM sbtest7 WHERE k BETWEEN 3634959 AND 3635059
	Index Only Scan using k_7 on sbtest7  (cost=0.43..6.21 rows=89 width=4)
	  Index Cond: ((k >= 3634959) AND (k <= 3635059))

table 8 : explain SELECT k FROM sbtest8 WHERE k BETWEEN 3634959 AND 3635059
	Index Only Scan using k_8 on sbtest8  (cost=0.43..6.51 rows=104 width=4)
	  Index Cond: ((k >= 3634959) AND (k <= 3635059))

explain: for range-covered :: explain SELECT k FROM sbtest%d WHERE k BETWEEN 5041935 AND 5042035
explain: for range-covered :: explain SELECT k FROM sbtest%d WHERE k BETWEEN 3634959 AND 3635059
for range-covered
table 1 : explain SELECT k FROM sbtest1 WHERE k BETWEEN 4412478 AND 4412578
	Index Only Scan using k_1 on sbtest1  (cost=0.43..6.59 rows=108 width=4)
	  Index Cond: ((k >= 4412478) AND (k <= 4412578))

table 2 : explain SELECT k FROM sbtest2 WHERE k BETWEEN 4412478 AND 4412578
	Index Only Scan using k_2 on sbtest2  (cost=0.43..6.59 rows=108 width=4)
	  Index Cond: ((k >= 4412478) AND (k <= 4412578))

table 3 : explain SELECT k FROM sbtest3 WHERE k BETWEEN 4412478 AND 4412578
	Index Only Scan using k_3 on sbtest3  (cost=0.43..6.43 rows=100 width=4)
	  Index Cond: ((k >= 4412478) AND (k <= 4412578))

table 4 : explain SELECT k FROM sbtest4 WHERE k BETWEEN 4412478 AND 4412578
	Index Only Scan using k_4 on sbtest4  (cost=0.43..6.50 rows=103 width=4)
	  Index Cond: ((k >= 4412478) AND (k <= 4412578))

table 5 : explain SELECT k FROM sbtest5 WHERE k BETWEEN 4412478 AND 4412578
	Index Only Scan using k_5 on sbtest5  (cost=0.43..6.63 rows=110 width=4)
	  Index Cond: ((k >= 4412478) AND (k <= 4412578))

table 6 : explain SELECT k FROM sbtest6 WHERE k BETWEEN 4412478 AND 4412578
	Index Only Scan using k_6 on sbtest6  (cost=0.43..6.51 rows=104 width=4)
	  Index Cond: ((k >= 4412478) AND (k <= 4412578))

table 7 : explain SELECT k FROM sbtest7 WHERE k BETWEEN 4412478 AND 4412578
	Index Only Scan using k_7 on sbtest7  (cost=0.43..6.19 rows=88 width=4)
	  Index Cond: ((k >= 4412478) AND (k <= 4412578))

table 8 : explain SELECT k FROM sbtest8 WHERE k BETWEEN 4412478 AND 4412578
	Index Only Scan using k_8 on sbtest8  (cost=0.43..6.53 rows=105 width=4)
	  Index Cond: ((k >= 4412478) AND (k <= 4412578))

for range-covered
table 1 : explain SELECT k FROM sbtest1 WHERE k BETWEEN 6040500 AND 6040600
	Index Only Scan using k_1 on sbtest1  (cost=0.43..6.35 rows=96 width=4)
	  Index Cond: ((k >= 6040500) AND (k <= 6040600))

table 2 : explain SELECT k FROM sbtest2 WHERE k BETWEEN 6040500 AND 6040600
	Index Only Scan using k_2 on sbtest2  (cost=0.43..6.37 rows=97 width=4)
	  Index Cond: ((k >= 6040500) AND (k <= 6040600))

table 3 : explain SELECT k FROM sbtest3 WHERE k BETWEEN 6040500 AND 6040600
	Index Only Scan using k_3 on sbtest3  (cost=0.43..6.51 rows=104 width=4)
	  Index Cond: ((k >= 6040500) AND (k <= 6040600))

table 4 : explain SELECT k FROM sbtest4 WHERE k BETWEEN 6040500 AND 6040600
	Index Only Scan using k_4 on sbtest4  (cost=0.43..6.47 rows=102 width=4)
	  Index Cond: ((k >= 6040500) AND (k <= 6040600))

table 5 : explain SELECT k FROM sbtest5 WHERE k BETWEEN 6040500 AND 6040600
	Index Only Scan using k_5 on sbtest5  (cost=0.43..6.66 rows=111 width=4)
	  Index Cond: ((k >= 6040500) AND (k <= 6040600))

table 6 : explain SELECT k FROM sbtest6 WHERE k BETWEEN 6040500 AND 6040600
	Index Only Scan using k_6 on sbtest6  (cost=0.43..6.63 rows=110 width=4)
	  Index Cond: ((k >= 6040500) AND (k <= 6040600))

table 7 : explain SELECT k FROM sbtest7 WHERE k BETWEEN 6040500 AND 6040600
	Index Only Scan using k_7 on sbtest7  (cost=0.43..6.51 rows=104 width=4)
	  Index Cond: ((k >= 6040500) AND (k <= 6040600))

table 8 : explain SELECT k FROM sbtest8 WHERE k BETWEEN 6040500 AND 6040600
	Index Only Scan using k_8 on sbtest8  (cost=0.43..6.42 rows=99 width=4)
	  Index Cond: ((k >= 6040500) AND (k <= 6040600))

explain: for range-covered :: explain SELECT k FROM sbtest%d WHERE k BETWEEN 6040500 AND 6040600
for range-covered
table 1 : explain SELECT k FROM sbtest1 WHERE k BETWEEN 2668883 AND 2668983
	Index Only Scan using k_1 on sbtest1  (cost=0.43..6.47 rows=102 width=4)
	  Index Cond: ((k >= 2668883) AND (k <= 2668983))

table 2 : explain SELECT k FROM sbtest2 WHERE k BETWEEN 2668883 AND 2668983
	Index Only Scan using k_2 on sbtest2  (cost=0.43..6.50 rows=103 width=4)
	  Index Cond: ((k >= 2668883) AND (k <= 2668983))

table 3 : explain SELECT k FROM sbtest3 WHERE k BETWEEN 2668883 AND 2668983
	Index Only Scan using k_3 on sbtest3  (cost=0.43..6.47 rows=102 width=4)
	  Index Cond: ((k >= 2668883) AND (k <= 2668983))

table 4 : explain SELECT k FROM sbtest4 WHERE k BETWEEN 2668883 AND 2668983
	Index Only Scan using k_4 on sbtest4  (cost=0.43..6.61 rows=109 width=4)
	  Index Cond: ((k >= 2668883) AND (k <= 2668983))

table 5 : explain SELECT k FROM sbtest5 WHERE k BETWEEN 2668883 AND 2668983
	Index Only Scan using k_5 on sbtest5  (cost=0.43..6.37 rows=97 width=4)
	  Index Cond: ((k >= 2668883) AND (k <= 2668983))

table 6 : explain SELECT k FROM sbtest6 WHERE k BETWEEN 2668883 AND 2668983
	Index Only Scan using k_6 on sbtest6  (cost=0.43..6.45 rows=101 width=4)
	  Index Cond: ((k >= 2668883) AND (k <= 2668983))

table 7 : explain SELECT k FROM sbtest7 WHERE k BETWEEN 2668883 AND 2668983
	Index Only Scan using k_7 on sbtest7  (cost=0.43..6.47 rows=102 width=4)
	  Index Cond: ((k >= 2668883) AND (k <= 2668983))

table 8 : explain SELECT k FROM sbtest8 WHERE k BETWEEN 2668883 AND 2668983
	Index Only Scan using k_8 on sbtest8  (cost=0.43..6.53 rows=105 width=4)
	  Index Cond: ((k >= 2668883) AND (k <= 2668983))

for range-covered
table 1 : explain SELECT k FROM sbtest1 WHERE k BETWEEN 3634959 AND 3635059
	Index Only Scan using k_1 on sbtest1  (cost=0.43..6.47 rows=102 width=4)
	  Index Cond: ((k >= 3634959) AND (k <= 3635059))

table 2 : explain SELECT k FROM sbtest2 WHERE k BETWEEN 3634959 AND 3635059
	Index Only Scan using k_2 on sbtest2  (cost=0.43..6.47 rows=102 width=4)
	  Index Cond: ((k >= 3634959) AND (k <= 3635059))

table 3 : explain SELECT k FROM sbtest3 WHERE k BETWEEN 3634959 AND 3635059
	Index Only Scan using k_3 on sbtest3  (cost=0.43..6.29 rows=93 width=4)
	  Index Cond: ((k >= 3634959) AND (k <= 3635059))

table 4 : explain SELECT k FROM sbtest4 WHERE k BETWEEN 3634959 AND 3635059
	Index Only Scan using k_4 on sbtest4  (cost=0.43..6.32 rows=94 width=4)
	  Index Cond: ((k >= 3634959) AND (k <= 3635059))

table 5 : explain SELECT k FROM sbtest5 WHERE k BETWEEN 3634959 AND 3635059
	Index Only Scan using k_5 on sbtest5  (cost=0.43..6.37 rows=97 width=4)
	  Index Cond: ((k >= 3634959) AND (k <= 3635059))

table 6 : explain SELECT k FROM sbtest6 WHERE k BETWEEN 3634959 AND 3635059
	Index Only Scan using k_6 on sbtest6  (cost=0.43..6.53 rows=105 width=4)
	  Index Cond: ((k >= 3634959) AND (k <= 3635059))

table 7 : explain SELECT k FROM sbtest7 WHERE k BETWEEN 3634959 AND 3635059
	Index Only Scan using k_7 on sbtest7  (cost=0.43..6.21 rows=89 width=4)
	  Index Cond: ((k >= 3634959) AND (k <= 3635059))

table 8 : explain SELECT k FROM sbtest8 WHERE k BETWEEN 3634959 AND 3635059
	Index Only Scan using k_8 on sbtest8  (cost=0.43..6.51 rows=104 width=4)
	  Index Cond: ((k >= 3634959) AND (k <= 3635059))

for range-covered
table 1 : explain SELECT k FROM sbtest1 WHERE k BETWEEN 3807774 AND 3807874
	Index Only Scan using k_1 on sbtest1  (cost=0.43..6.35 rows=96 width=4)
	  Index Cond: ((k >= 3807774) AND (k <= 3807874))

table 2 : explain SELECT k FROM sbtest2 WHERE k BETWEEN 3807774 AND 3807874
	Index Only Scan using k_2 on sbtest2  (cost=0.43..6.63 rows=110 width=4)
	  Index Cond: ((k >= 3807774) AND (k <= 3807874))

table 3 : explain SELECT k FROM sbtest3 WHERE k BETWEEN 3807774 AND 3807874
	Index Only Scan using k_3 on sbtest3  (cost=0.43..6.42 rows=99 width=4)
	  Index Cond: ((k >= 3807774) AND (k <= 3807874))

table 4 : explain SELECT k FROM sbtest4 WHERE k BETWEEN 3807774 AND 3807874
	Index Only Scan using k_4 on sbtest4  (cost=0.43..6.58 rows=107 width=4)
	  Index Cond: ((k >= 3807774) AND (k <= 3807874))

table 5 : explain SELECT k FROM sbtest5 WHERE k BETWEEN 3807774 AND 3807874
	Index Only Scan using k_5 on sbtest5  (cost=0.43..6.37 rows=97 width=4)
	  Index Cond: ((k >= 3807774) AND (k <= 3807874))

table 6 : explain SELECT k FROM sbtest6 WHERE k BETWEEN 3807774 AND 3807874
	Index Only Scan using k_6 on sbtest6  (cost=0.43..6.29 rows=93 width=4)
	  Index Cond: ((k >= 3807774) AND (k <= 3807874))

table 7 : explain SELECT k FROM sbtest7 WHERE k BETWEEN 3807774 AND 3807874
	Index Only Scan using k_7 on sbtest7  (cost=0.43..6.45 rows=101 width=4)
	  Index Cond: ((k >= 3807774) AND (k <= 3807874))

table 8 : explain SELECT k FROM sbtest8 WHERE k BETWEEN 3807774 AND 3807874
	Index Only Scan using k_8 on sbtest8  (cost=0.43..6.40 rows=98 width=4)
	  Index Cond: ((k >= 3807774) AND (k <= 3807874))

explain: for range-covered :: explain SELECT k FROM sbtest%d WHERE k BETWEEN 2668883 AND 2668983
explain: for range-covered :: explain SELECT k FROM sbtest%d WHERE k BETWEEN 3634959 AND 3635059
for range-covered
table 1 : explain SELECT k FROM sbtest1 WHERE k BETWEEN 6040500 AND 6040600
	Index Only Scan using k_1 on sbtest1  (cost=0.43..6.35 rows=96 width=4)
	  Index Cond: ((k >= 6040500) AND (k <= 6040600))

table 2 : explain SELECT k FROM sbtest2 WHERE k BETWEEN 6040500 AND 6040600
	Index Only Scan using k_2 on sbtest2  (cost=0.43..6.37 rows=97 width=4)
	  Index Cond: ((k >= 6040500) AND (k <= 6040600))

table 3 : explain SELECT k FROM sbtest3 WHERE k BETWEEN 6040500 AND 6040600
	Index Only Scan using k_3 on sbtest3  (cost=0.43..6.51 rows=104 width=4)
	  Index Cond: ((k >= 6040500) AND (k <= 6040600))

table 4 : explain SELECT k FROM sbtest4 WHERE k BETWEEN 6040500 AND 6040600
	Index Only Scan using k_4 on sbtest4  (cost=0.43..6.47 rows=102 width=4)
	  Index Cond: ((k >= 6040500) AND (k <= 6040600))

table 5 : explain SELECT k FROM sbtest5 WHERE k BETWEEN 6040500 AND 6040600
	Index Only Scan using k_5 on sbtest5  (cost=0.43..6.66 rows=111 width=4)
	  Index Cond: ((k >= 6040500) AND (k <= 6040600))

table 6 : explain SELECT k FROM sbtest6 WHERE k BETWEEN 6040500 AND 6040600
	Index Only Scan using k_6 on sbtest6  (cost=0.43..6.63 rows=110 width=4)
	  Index Cond: ((k >= 6040500) AND (k <= 6040600))

table 7 : explain SELECT k FROM sbtest7 WHERE k BETWEEN 6040500 AND 6040600
	Index Only Scan using k_7 on sbtest7  (cost=0.43..6.51 rows=104 width=4)
	  Index Cond: ((k >= 6040500) AND (k <= 6040600))

table 8 : explain SELECT k FROM sbtest8 WHERE k BETWEEN 6040500 AND 6040600
	Index Only Scan using k_8 on sbtest8  (cost=0.43..6.42 rows=99 width=4)
	  Index Cond: ((k >= 6040500) AND (k <= 6040600))

explain: for range-covered :: explain SELECT k FROM sbtest%d WHERE k BETWEEN 6040500 AND 6040600
for range-covered
table 1 : explain SELECT k FROM sbtest1 WHERE k BETWEEN 2037728 AND 2037828
	Index Only Scan using k_1 on sbtest1  (cost=0.43..6.53 rows=105 width=4)
	  Index Cond: ((k >= 2037728) AND (k <= 2037828))

table 2 : explain SELECT k FROM sbtest2 WHERE k BETWEEN 2037728 AND 2037828
	Index Only Scan using k_2 on sbtest2  (cost=0.43..6.32 rows=94 width=4)
	  Index Cond: ((k >= 2037728) AND (k <= 2037828))

table 3 : explain SELECT k FROM sbtest3 WHERE k BETWEEN 2037728 AND 2037828
	Index Only Scan using k_3 on sbtest3  (cost=0.43..6.45 rows=101 width=4)
	  Index Cond: ((k >= 2037728) AND (k <= 2037828))

table 4 : explain SELECT k FROM sbtest4 WHERE k BETWEEN 2037728 AND 2037828
	Index Only Scan using k_4 on sbtest4  (cost=0.43..6.61 rows=109 width=4)
	  Index Cond: ((k >= 2037728) AND (k <= 2037828))

table 5 : explain SELECT k FROM sbtest5 WHERE k BETWEEN 2037728 AND 2037828
	Index Only Scan using k_5 on sbtest5  (cost=0.43..6.35 rows=96 width=4)
	  Index Cond: ((k >= 2037728) AND (k <= 2037828))

table 6 : explain SELECT k FROM sbtest6 WHERE k BETWEEN 2037728 AND 2037828
	Index Only Scan using k_6 on sbtest6  (cost=0.43..6.33 rows=95 width=4)
	  Index Cond: ((k >= 2037728) AND (k <= 2037828))

table 7 : explain SELECT k FROM sbtest7 WHERE k BETWEEN 2037728 AND 2037828
	Index Only Scan using k_7 on sbtest7  (cost=0.43..6.56 rows=106 width=4)
	  Index Cond: ((k >= 2037728) AND (k <= 2037828))

table 8 : explain SELECT k FROM sbtest8 WHERE k BETWEEN 2037728 AND 2037828
	Index Only Scan using k_8 on sbtest8  (cost=0.43..6.51 rows=104 width=4)
	  Index Cond: ((k >= 2037728) AND (k <= 2037828))

explain: for range-covered :: explain SELECT k FROM sbtest%d WHERE k BETWEEN 2037728 AND 2037828
for range-covered
table 1 : explain SELECT k FROM sbtest1 WHERE k BETWEEN 5041935 AND 5042035
	Index Only Scan using k_1 on sbtest1  (cost=0.43..6.42 rows=99 width=4)
	  Index Cond: ((k >= 5041935) AND (k <= 5042035))

table 2 : explain SELECT k FROM sbtest2 WHERE k BETWEEN 5041935 AND 5042035
	Index Only Scan using k_2 on sbtest2  (cost=0.43..6.35 rows=96 width=4)
	  Index Cond: ((k >= 5041935) AND (k <= 5042035))

table 3 : explain SELECT k FROM sbtest3 WHERE k BETWEEN 5041935 AND 5042035
	Index Only Scan using k_3 on sbtest3  (cost=0.43..6.56 rows=106 width=4)
	  Index Cond: ((k >= 5041935) AND (k <= 5042035))

table 4 : explain SELECT k FROM sbtest4 WHERE k BETWEEN 5041935 AND 5042035
	Index Only Scan using k_4 on sbtest4  (cost=0.43..6.67 rows=112 width=4)
	  Index Cond: ((k >= 5041935) AND (k <= 5042035))

table 5 : explain SELECT k FROM sbtest5 WHERE k BETWEEN 5041935 AND 5042035
	Index Only Scan using k_5 on sbtest5  (cost=0.43..6.53 rows=105 width=4)
	  Index Cond: ((k >= 5041935) AND (k <= 5042035))

table 6 : explain SELECT k FROM sbtest6 WHERE k BETWEEN 5041935 AND 5042035
	Index Only Scan using k_6 on sbtest6  (cost=0.43..6.37 rows=97 width=4)
	  Index Cond: ((k >= 5041935) AND (k <= 5042035))

table 7 : explain SELECT k FROM sbtest7 WHERE k BETWEEN 5041935 AND 5042035
	Index Only Scan using k_7 on sbtest7  (cost=0.43..6.33 rows=95 width=4)
	  Index Cond: ((k >= 5041935) AND (k <= 5042035))

table 8 : explain SELECT k FROM sbtest8 WHERE k BETWEEN 5041935 AND 5042035
	Index Only Scan using k_8 on sbtest8  (cost=0.43..6.37 rows=97 width=4)
	  Index Cond: ((k >= 5041935) AND (k <= 5042035))

explain: for range-covered :: explain SELECT k FROM sbtest%d WHERE k BETWEEN 5041935 AND 5042035
for range-covered
table 1 : explain SELECT k FROM sbtest1 WHERE k BETWEEN 3634959 AND 3635059
	Index Only Scan using k_1 on sbtest1  (cost=0.43..6.47 rows=102 width=4)
	  Index Cond: ((k >= 3634959) AND (k <= 3635059))

table 2 : explain SELECT k FROM sbtest2 WHERE k BETWEEN 3634959 AND 3635059
	Index Only Scan using k_2 on sbtest2  (cost=0.43..6.47 rows=102 width=4)
	  Index Cond: ((k >= 3634959) AND (k <= 3635059))

table 3 : explain SELECT k FROM sbtest3 WHERE k BETWEEN 3634959 AND 3635059
	Index Only Scan using k_3 on sbtest3  (cost=0.43..6.29 rows=93 width=4)
	  Index Cond: ((k >= 3634959) AND (k <= 3635059))

table 4 : explain SELECT k FROM sbtest4 WHERE k BETWEEN 3634959 AND 3635059
	Index Only Scan using k_4 on sbtest4  (cost=0.43..6.32 rows=94 width=4)
	  Index Cond: ((k >= 3634959) AND (k <= 3635059))

table 5 : explain SELECT k FROM sbtest5 WHERE k BETWEEN 3634959 AND 3635059
	Index Only Scan using k_5 on sbtest5  (cost=0.43..6.37 rows=97 width=4)
	  Index Cond: ((k >= 3634959) AND (k <= 3635059))

table 6 : explain SELECT k FROM sbtest6 WHERE k BETWEEN 3634959 AND 3635059
	Index Only Scan using k_6 on sbtest6  (cost=0.43..6.53 rows=105 width=4)
	  Index Cond: ((k >= 3634959) AND (k <= 3635059))

table 7 : explain SELECT k FROM sbtest7 WHERE k BETWEEN 3634959 AND 3635059
	Index Only Scan using k_7 on sbtest7  (cost=0.43..6.21 rows=89 width=4)
	  Index Cond: ((k >= 3634959) AND (k <= 3635059))

table 8 : explain SELECT k FROM sbtest8 WHERE k BETWEEN 3634959 AND 3635059
	Index Only Scan using k_8 on sbtest8  (cost=0.43..6.51 rows=104 width=4)
	  Index Cond: ((k >= 3634959) AND (k <= 3635059))

for range-covered
table 1 : explain SELECT k FROM sbtest1 WHERE k BETWEEN 2668883 AND 2668983
	Index Only Scan using k_1 on sbtest1  (cost=0.43..6.47 rows=102 width=4)
	  Index Cond: ((k >= 2668883) AND (k <= 2668983))

table 2 : explain SELECT k FROM sbtest2 WHERE k BETWEEN 2668883 AND 2668983
	Index Only Scan using k_2 on sbtest2  (cost=0.43..6.50 rows=103 width=4)
	  Index Cond: ((k >= 2668883) AND (k <= 2668983))

table 3 : explain SELECT k FROM sbtest3 WHERE k BETWEEN 2668883 AND 2668983
	Index Only Scan using k_3 on sbtest3  (cost=0.43..6.47 rows=102 width=4)
	  Index Cond: ((k >= 2668883) AND (k <= 2668983))

table 4 : explain SELECT k FROM sbtest4 WHERE k BETWEEN 2668883 AND 2668983
	Index Only Scan using k_4 on sbtest4  (cost=0.43..6.61 rows=109 width=4)
	  Index Cond: ((k >= 2668883) AND (k <= 2668983))

table 5 : explain SELECT k FROM sbtest5 WHERE k BETWEEN 2668883 AND 2668983
	Index Only Scan using k_5 on sbtest5  (cost=0.43..6.37 rows=97 width=4)
	  Index Cond: ((k >= 2668883) AND (k <= 2668983))

table 6 : explain SELECT k FROM sbtest6 WHERE k BETWEEN 2668883 AND 2668983
	Index Only Scan using k_6 on sbtest6  (cost=0.43..6.45 rows=101 width=4)
	  Index Cond: ((k >= 2668883) AND (k <= 2668983))

table 7 : explain SELECT k FROM sbtest7 WHERE k BETWEEN 2668883 AND 2668983
	Index Only Scan using k_7 on sbtest7  (cost=0.43..6.47 rows=102 width=4)
	  Index Cond: ((k >= 2668883) AND (k <= 2668983))

table 8 : explain SELECT k FROM sbtest8 WHERE k BETWEEN 2668883 AND 2668983
	Index Only Scan using k_8 on sbtest8  (cost=0.43..6.53 rows=105 width=4)
	  Index Cond: ((k >= 2668883) AND (k <= 2668983))

explain: for range-covered :: explain SELECT k FROM sbtest%d WHERE k BETWEEN 3634959 AND 3635059
explain: for range-covered :: explain SELECT k FROM sbtest%d WHERE k BETWEEN 2668883 AND 2668983
explain: for range-covered :: explain SELECT k FROM sbtest%d WHERE k BETWEEN 1638451 AND 1638551
for range-covered
table 1 : explain SELECT k FROM sbtest1 WHERE k BETWEEN 3634959 AND 3635059
	Index Only Scan using k_1 on sbtest1  (cost=0.43..6.47 rows=102 width=4)
	  Index Cond: ((k >= 3634959) AND (k <= 3635059))

table 2 : explain SELECT k FROM sbtest2 WHERE k BETWEEN 3634959 AND 3635059
	Index Only Scan using k_2 on sbtest2  (cost=0.43..6.47 rows=102 width=4)
	  Index Cond: ((k >= 3634959) AND (k <= 3635059))

table 3 : explain SELECT k FROM sbtest3 WHERE k BETWEEN 3634959 AND 3635059
	Index Only Scan using k_3 on sbtest3  (cost=0.43..6.29 rows=93 width=4)
	  Index Cond: ((k >= 3634959) AND (k <= 3635059))

table 4 : explain SELECT k FROM sbtest4 WHERE k BETWEEN 3634959 AND 3635059
	Index Only Scan using k_4 on sbtest4  (cost=0.43..6.32 rows=94 width=4)
	  Index Cond: ((k >= 3634959) AND (k <= 3635059))

table 5 : explain SELECT k FROM sbtest5 WHERE k BETWEEN 3634959 AND 3635059
	Index Only Scan using k_5 on sbtest5  (cost=0.43..6.37 rows=97 width=4)
	  Index Cond: ((k >= 3634959) AND (k <= 3635059))

table 6 : explain SELECT k FROM sbtest6 WHERE k BETWEEN 3634959 AND 3635059
	Index Only Scan using k_6 on sbtest6  (cost=0.43..6.53 rows=105 width=4)
	  Index Cond: ((k >= 3634959) AND (k <= 3635059))

table 7 : explain SELECT k FROM sbtest7 WHERE k BETWEEN 3634959 AND 3635059
	Index Only Scan using k_7 on sbtest7  (cost=0.43..6.21 rows=89 width=4)
	  Index Cond: ((k >= 3634959) AND (k <= 3635059))

table 8 : explain SELECT k FROM sbtest8 WHERE k BETWEEN 3634959 AND 3635059
	Index Only Scan using k_8 on sbtest8  (cost=0.43..6.51 rows=104 width=4)
	  Index Cond: ((k >= 3634959) AND (k <= 3635059))

explain: for range-covered :: explain SELECT k FROM sbtest%d WHERE k BETWEEN 3634959 AND 3635059
for range-covered
table 1 : explain SELECT k FROM sbtest1 WHERE k BETWEEN 2037728 AND 2037828
	Index Only Scan using k_1 on sbtest1  (cost=0.43..6.53 rows=105 width=4)
	  Index Cond: ((k >= 2037728) AND (k <= 2037828))

table 2 : explain SELECT k FROM sbtest2 WHERE k BETWEEN 2037728 AND 2037828
	Index Only Scan using k_2 on sbtest2  (cost=0.43..6.32 rows=94 width=4)
	  Index Cond: ((k >= 2037728) AND (k <= 2037828))

table 3 : explain SELECT k FROM sbtest3 WHERE k BETWEEN 2037728 AND 2037828
	Index Only Scan using k_3 on sbtest3  (cost=0.43..6.45 rows=101 width=4)
	  Index Cond: ((k >= 2037728) AND (k <= 2037828))

table 4 : explain SELECT k FROM sbtest4 WHERE k BETWEEN 2037728 AND 2037828
	Index Only Scan using k_4 on sbtest4  (cost=0.43..6.61 rows=109 width=4)
	  Index Cond: ((k >= 2037728) AND (k <= 2037828))

table 5 : explain SELECT k FROM sbtest5 WHERE k BETWEEN 2037728 AND 2037828
	Index Only Scan using k_5 on sbtest5  (cost=0.43..6.35 rows=96 width=4)
	  Index Cond: ((k >= 2037728) AND (k <= 2037828))

table 6 : explain SELECT k FROM sbtest6 WHERE k BETWEEN 2037728 AND 2037828
	Index Only Scan using k_6 on sbtest6  (cost=0.43..6.33 rows=95 width=4)
	  Index Cond: ((k >= 2037728) AND (k <= 2037828))

table 7 : explain SELECT k FROM sbtest7 WHERE k BETWEEN 2037728 AND 2037828
	Index Only Scan using k_7 on sbtest7  (cost=0.43..6.56 rows=106 width=4)
	  Index Cond: ((k >= 2037728) AND (k <= 2037828))

table 8 : explain SELECT k FROM sbtest8 WHERE k BETWEEN 2037728 AND 2037828
	Index Only Scan using k_8 on sbtest8  (cost=0.43..6.51 rows=104 width=4)
	  Index Cond: ((k >= 2037728) AND (k <= 2037828))

explain: for range-covered :: explain SELECT k FROM sbtest%d WHERE k BETWEEN 2037728 AND 2037828
for range-covered
table 1 : explain SELECT k FROM sbtest1 WHERE k BETWEEN 2668883 AND 2668983
	Index Only Scan using k_1 on sbtest1  (cost=0.43..6.47 rows=102 width=4)
	  Index Cond: ((k >= 2668883) AND (k <= 2668983))

table 2 : explain SELECT k FROM sbtest2 WHERE k BETWEEN 2668883 AND 2668983
	Index Only Scan using k_2 on sbtest2  (cost=0.43..6.50 rows=103 width=4)
	  Index Cond: ((k >= 2668883) AND (k <= 2668983))

table 3 : explain SELECT k FROM sbtest3 WHERE k BETWEEN 2668883 AND 2668983
	Index Only Scan using k_3 on sbtest3  (cost=0.43..6.47 rows=102 width=4)
	  Index Cond: ((k >= 2668883) AND (k <= 2668983))

table 4 : explain SELECT k FROM sbtest4 WHERE k BETWEEN 2668883 AND 2668983
	Index Only Scan using k_4 on sbtest4  (cost=0.43..6.61 rows=109 width=4)
	  Index Cond: ((k >= 2668883) AND (k <= 2668983))

table 5 : explain SELECT k FROM sbtest5 WHERE k BETWEEN 2668883 AND 2668983
	Index Only Scan using k_5 on sbtest5  (cost=0.43..6.37 rows=97 width=4)
	  Index Cond: ((k >= 2668883) AND (k <= 2668983))

table 6 : explain SELECT k FROM sbtest6 WHERE k BETWEEN 2668883 AND 2668983
	Index Only Scan using k_6 on sbtest6  (cost=0.43..6.45 rows=101 width=4)
	  Index Cond: ((k >= 2668883) AND (k <= 2668983))

table 7 : explain SELECT k FROM sbtest7 WHERE k BETWEEN 2668883 AND 2668983
	Index Only Scan using k_7 on sbtest7  (cost=0.43..6.47 rows=102 width=4)
	  Index Cond: ((k >= 2668883) AND (k <= 2668983))

table 8 : explain SELECT k FROM sbtest8 WHERE k BETWEEN 2668883 AND 2668983
	Index Only Scan using k_8 on sbtest8  (cost=0.43..6.53 rows=105 width=4)
	  Index Cond: ((k >= 2668883) AND (k <= 2668983))

for range-covered
table 1 : explain SELECT k FROM sbtest1 WHERE k BETWEEN 5041935 AND 5042035
	Index Only Scan using k_1 on sbtest1  (cost=0.43..6.42 rows=99 width=4)
	  Index Cond: ((k >= 5041935) AND (k <= 5042035))

table 2 : explain SELECT k FROM sbtest2 WHERE k BETWEEN 5041935 AND 5042035
	Index Only Scan using k_2 on sbtest2  (cost=0.43..6.35 rows=96 width=4)
	  Index Cond: ((k >= 5041935) AND (k <= 5042035))

table 3 : explain SELECT k FROM sbtest3 WHERE k BETWEEN 5041935 AND 5042035
	Index Only Scan using k_3 on sbtest3  (cost=0.43..6.56 rows=106 width=4)
	  Index Cond: ((k >= 5041935) AND (k <= 5042035))

table 4 : explain SELECT k FROM sbtest4 WHERE k BETWEEN 5041935 AND 5042035
	Index Only Scan using k_4 on sbtest4  (cost=0.43..6.67 rows=112 width=4)
	  Index Cond: ((k >= 5041935) AND (k <= 5042035))

table 5 : explain SELECT k FROM sbtest5 WHERE k BETWEEN 5041935 AND 5042035
	Index Only Scan using k_5 on sbtest5  (cost=0.43..6.53 rows=105 width=4)
	  Index Cond: ((k >= 5041935) AND (k <= 5042035))

table 6 : explain SELECT k FROM sbtest6 WHERE k BETWEEN 5041935 AND 5042035
	Index Only Scan using k_6 on sbtest6  (cost=0.43..6.37 rows=97 width=4)
	  Index Cond: ((k >= 5041935) AND (k <= 5042035))

table 7 : explain SELECT k FROM sbtest7 WHERE k BETWEEN 5041935 AND 5042035
	Index Only Scan using k_7 on sbtest7  (cost=0.43..6.33 rows=95 width=4)
	  Index Cond: ((k >= 5041935) AND (k <= 5042035))

table 8 : explain SELECT k FROM sbtest8 WHERE k BETWEEN 5041935 AND 5042035
	Index Only Scan using k_8 on sbtest8  (cost=0.43..6.37 rows=97 width=4)
	  Index Cond: ((k >= 5041935) AND (k <= 5042035))

explain: for range-covered :: explain SELECT k FROM sbtest%d WHERE k BETWEEN 5041935 AND 5042035
explain: for range-covered :: explain SELECT k FROM sbtest%d WHERE k BETWEEN 1873025 AND 1873125
for range-covered
table 1 : explain SELECT k FROM sbtest1 WHERE k BETWEEN 3634959 AND 3635059
	Index Only Scan using k_1 on sbtest1  (cost=0.43..6.47 rows=102 width=4)
	  Index Cond: ((k >= 3634959) AND (k <= 3635059))

table 2 : explain SELECT k FROM sbtest2 WHERE k BETWEEN 3634959 AND 3635059
	Index Only Scan using k_2 on sbtest2  (cost=0.43..6.47 rows=102 width=4)
	  Index Cond: ((k >= 3634959) AND (k <= 3635059))

table 3 : explain SELECT k FROM sbtest3 WHERE k BETWEEN 3634959 AND 3635059
	Index Only Scan using k_3 on sbtest3  (cost=0.43..6.29 rows=93 width=4)
	  Index Cond: ((k >= 3634959) AND (k <= 3635059))

table 4 : explain SELECT k FROM sbtest4 WHERE k BETWEEN 3634959 AND 3635059
	Index Only Scan using k_4 on sbtest4  (cost=0.43..6.32 rows=94 width=4)
	  Index Cond: ((k >= 3634959) AND (k <= 3635059))

table 5 : explain SELECT k FROM sbtest5 WHERE k BETWEEN 3634959 AND 3635059
	Index Only Scan using k_5 on sbtest5  (cost=0.43..6.37 rows=97 width=4)
	  Index Cond: ((k >= 3634959) AND (k <= 3635059))

table 6 : explain SELECT k FROM sbtest6 WHERE k BETWEEN 3634959 AND 3635059
	Index Only Scan using k_6 on sbtest6  (cost=0.43..6.53 rows=105 width=4)
	  Index Cond: ((k >= 3634959) AND (k <= 3635059))

table 7 : explain SELECT k FROM sbtest7 WHERE k BETWEEN 3634959 AND 3635059
	Index Only Scan using k_7 on sbtest7  (cost=0.43..6.21 rows=89 width=4)
	  Index Cond: ((k >= 3634959) AND (k <= 3635059))

table 8 : explain SELECT k FROM sbtest8 WHERE k BETWEEN 3634959 AND 3635059
	Index Only Scan using k_8 on sbtest8  (cost=0.43..6.51 rows=104 width=4)
	  Index Cond: ((k >= 3634959) AND (k <= 3635059))

explain: for range-covered :: explain SELECT k FROM sbtest%d WHERE k BETWEEN 3634959 AND 3635059
for range-covered
table 1 : explain SELECT k FROM sbtest1 WHERE k BETWEEN 5041935 AND 5042035
	Index Only Scan using k_1 on sbtest1  (cost=0.43..6.42 rows=99 width=4)
	  Index Cond: ((k >= 5041935) AND (k <= 5042035))

table 2 : explain SELECT k FROM sbtest2 WHERE k BETWEEN 5041935 AND 5042035
	Index Only Scan using k_2 on sbtest2  (cost=0.43..6.35 rows=96 width=4)
	  Index Cond: ((k >= 5041935) AND (k <= 5042035))

table 3 : explain SELECT k FROM sbtest3 WHERE k BETWEEN 5041935 AND 5042035
	Index Only Scan using k_3 on sbtest3  (cost=0.43..6.56 rows=106 width=4)
	  Index Cond: ((k >= 5041935) AND (k <= 5042035))

table 4 : explain SELECT k FROM sbtest4 WHERE k BETWEEN 5041935 AND 5042035
	Index Only Scan using k_4 on sbtest4  (cost=0.43..6.67 rows=112 width=4)
	  Index Cond: ((k >= 5041935) AND (k <= 5042035))

table 5 : explain SELECT k FROM sbtest5 WHERE k BETWEEN 5041935 AND 5042035
	Index Only Scan using k_5 on sbtest5  (cost=0.43..6.53 rows=105 width=4)
	  Index Cond: ((k >= 5041935) AND (k <= 5042035))

table 6 : explain SELECT k FROM sbtest6 WHERE k BETWEEN 5041935 AND 5042035
	Index Only Scan using k_6 on sbtest6  (cost=0.43..6.37 rows=97 width=4)
	  Index Cond: ((k >= 5041935) AND (k <= 5042035))

table 7 : explain SELECT k FROM sbtest7 WHERE k BETWEEN 5041935 AND 5042035
	Index Only Scan using k_7 on sbtest7  (cost=0.43..6.33 rows=95 width=4)
	  Index Cond: ((k >= 5041935) AND (k <= 5042035))

table 8 : explain SELECT k FROM sbtest8 WHERE k BETWEEN 5041935 AND 5042035
	Index Only Scan using k_8 on sbtest8  (cost=0.43..6.37 rows=97 width=4)
	  Index Cond: ((k >= 5041935) AND (k <= 5042035))

explain: for range-covered :: explain SELECT k FROM sbtest%d WHERE k BETWEEN 5375515 AND 5375615
for range-covered
table 1 : explain SELECT k FROM sbtest1 WHERE k BETWEEN 2037728 AND 2037828
	Index Only Scan using k_1 on sbtest1  (cost=0.43..6.53 rows=105 width=4)
	  Index Cond: ((k >= 2037728) AND (k <= 2037828))

table 2 : explain SELECT k FROM sbtest2 WHERE k BETWEEN 2037728 AND 2037828
	Index Only Scan using k_2 on sbtest2  (cost=0.43..6.32 rows=94 width=4)
	  Index Cond: ((k >= 2037728) AND (k <= 2037828))

table 3 : explain SELECT k FROM sbtest3 WHERE k BETWEEN 2037728 AND 2037828
	Index Only Scan using k_3 on sbtest3  (cost=0.43..6.45 rows=101 width=4)
	  Index Cond: ((k >= 2037728) AND (k <= 2037828))

table 4 : explain SELECT k FROM sbtest4 WHERE k BETWEEN 2037728 AND 2037828
	Index Only Scan using k_4 on sbtest4  (cost=0.43..6.61 rows=109 width=4)
	  Index Cond: ((k >= 2037728) AND (k <= 2037828))

table 5 : explain SELECT k FROM sbtest5 WHERE k BETWEEN 2037728 AND 2037828
	Index Only Scan using k_5 on sbtest5  (cost=0.43..6.35 rows=96 width=4)
	  Index Cond: ((k >= 2037728) AND (k <= 2037828))

table 6 : explain SELECT k FROM sbtest6 WHERE k BETWEEN 2037728 AND 2037828
	Index Only Scan using k_6 on sbtest6  (cost=0.43..6.33 rows=95 width=4)
	  Index Cond: ((k >= 2037728) AND (k <= 2037828))

table 7 : explain SELECT k FROM sbtest7 WHERE k BETWEEN 2037728 AND 2037828
	Index Only Scan using k_7 on sbtest7  (cost=0.43..6.56 rows=106 width=4)
	  Index Cond: ((k >= 2037728) AND (k <= 2037828))

table 8 : explain SELECT k FROM sbtest8 WHERE k BETWEEN 2037728 AND 2037828
	Index Only Scan using k_8 on sbtest8  (cost=0.43..6.51 rows=104 width=4)
	  Index Cond: ((k >= 2037728) AND (k <= 2037828))

explain: for range-covered :: explain SELECT k FROM sbtest%d WHERE k BETWEEN 5041935 AND 5042035
for range-covered
table 1 : explain SELECT k FROM sbtest1 WHERE k BETWEEN 3634959 AND 3635059
	Index Only Scan using k_1 on sbtest1  (cost=0.43..6.47 rows=102 width=4)
	  Index Cond: ((k >= 3634959) AND (k <= 3635059))

table 2 : explain SELECT k FROM sbtest2 WHERE k BETWEEN 3634959 AND 3635059
	Index Only Scan using k_2 on sbtest2  (cost=0.43..6.47 rows=102 width=4)
	  Index Cond: ((k >= 3634959) AND (k <= 3635059))

table 3 : explain SELECT k FROM sbtest3 WHERE k BETWEEN 3634959 AND 3635059
	Index Only Scan using k_3 on sbtest3  (cost=0.43..6.29 rows=93 width=4)
	  Index Cond: ((k >= 3634959) AND (k <= 3635059))

table 4 : explain SELECT k FROM sbtest4 WHERE k BETWEEN 3634959 AND 3635059
	Index Only Scan using k_4 on sbtest4  (cost=0.43..6.32 rows=94 width=4)
	  Index Cond: ((k >= 3634959) AND (k <= 3635059))

table 5 : explain SELECT k FROM sbtest5 WHERE k BETWEEN 3634959 AND 3635059
	Index Only Scan using k_5 on sbtest5  (cost=0.43..6.37 rows=97 width=4)
	  Index Cond: ((k >= 3634959) AND (k <= 3635059))

table 6 : explain SELECT k FROM sbtest6 WHERE k BETWEEN 3634959 AND 3635059
	Index Only Scan using k_6 on sbtest6  (cost=0.43..6.53 rows=105 width=4)
	  Index Cond: ((k >= 3634959) AND (k <= 3635059))

table 7 : explain SELECT k FROM sbtest7 WHERE k BETWEEN 3634959 AND 3635059
	Index Only Scan using k_7 on sbtest7  (cost=0.43..6.21 rows=89 width=4)
	  Index Cond: ((k >= 3634959) AND (k <= 3635059))

table 8 : explain SELECT k FROM sbtest8 WHERE k BETWEEN 3634959 AND 3635059
	Index Only Scan using k_8 on sbtest8  (cost=0.43..6.51 rows=104 width=4)
	  Index Cond: ((k >= 3634959) AND (k <= 3635059))

explain: for range-covered :: explain SELECT k FROM sbtest%d WHERE k BETWEEN 3634959 AND 3635059
for range-covered
table 1 : explain SELECT k FROM sbtest1 WHERE k BETWEEN 5041935 AND 5042035
	Index Only Scan using k_1 on sbtest1  (cost=0.43..6.42 rows=99 width=4)
	  Index Cond: ((k >= 5041935) AND (k <= 5042035))

table 2 : explain SELECT k FROM sbtest2 WHERE k BETWEEN 5041935 AND 5042035
	Index Only Scan using k_2 on sbtest2  (cost=0.43..6.35 rows=96 width=4)
	  Index Cond: ((k >= 5041935) AND (k <= 5042035))

table 3 : explain SELECT k FROM sbtest3 WHERE k BETWEEN 5041935 AND 5042035
	Index Only Scan using k_3 on sbtest3  (cost=0.43..6.56 rows=106 width=4)
	  Index Cond: ((k >= 5041935) AND (k <= 5042035))

table 4 : explain SELECT k FROM sbtest4 WHERE k BETWEEN 5041935 AND 5042035
	Index Only Scan using k_4 on sbtest4  (cost=0.43..6.67 rows=112 width=4)
	  Index Cond: ((k >= 5041935) AND (k <= 5042035))

table 5 : explain SELECT k FROM sbtest5 WHERE k BETWEEN 5041935 AND 5042035
	Index Only Scan using k_5 on sbtest5  (cost=0.43..6.53 rows=105 width=4)
	  Index Cond: ((k >= 5041935) AND (k <= 5042035))

table 6 : explain SELECT k FROM sbtest6 WHERE k BETWEEN 5041935 AND 5042035
	Index Only Scan using k_6 on sbtest6  (cost=0.43..6.37 rows=97 width=4)
	  Index Cond: ((k >= 5041935) AND (k <= 5042035))

table 7 : explain SELECT k FROM sbtest7 WHERE k BETWEEN 5041935 AND 5042035
	Index Only Scan using k_7 on sbtest7  (cost=0.43..6.33 rows=95 width=4)
	  Index Cond: ((k >= 5041935) AND (k <= 5042035))

table 8 : explain SELECT k FROM sbtest8 WHERE k BETWEEN 5041935 AND 5042035
	Index Only Scan using k_8 on sbtest8  (cost=0.43..6.37 rows=97 width=4)
	  Index Cond: ((k >= 5041935) AND (k <= 5042035))

explain: for range-covered :: explain SELECT k FROM sbtest%d WHERE k BETWEEN 5041935 AND 5042035
for range-covered
table 1 : explain SELECT k FROM sbtest1 WHERE k BETWEEN 3634959 AND 3635059
	Index Only Scan using k_1 on sbtest1  (cost=0.43..6.47 rows=102 width=4)
	  Index Cond: ((k >= 3634959) AND (k <= 3635059))

table 2 : explain SELECT k FROM sbtest2 WHERE k BETWEEN 3634959 AND 3635059
	Index Only Scan using k_2 on sbtest2  (cost=0.43..6.47 rows=102 width=4)
	  Index Cond: ((k >= 3634959) AND (k <= 3635059))

table 3 : explain SELECT k FROM sbtest3 WHERE k BETWEEN 3634959 AND 3635059
	Index Only Scan using k_3 on sbtest3  (cost=0.43..6.29 rows=93 width=4)
	  Index Cond: ((k >= 3634959) AND (k <= 3635059))

table 4 : explain SELECT k FROM sbtest4 WHERE k BETWEEN 3634959 AND 3635059
	Index Only Scan using k_4 on sbtest4  (cost=0.43..6.32 rows=94 width=4)
	  Index Cond: ((k >= 3634959) AND (k <= 3635059))

table 5 : explain SELECT k FROM sbtest5 WHERE k BETWEEN 3634959 AND 3635059
	Index Only Scan using k_5 on sbtest5  (cost=0.43..6.37 rows=97 width=4)
	  Index Cond: ((k >= 3634959) AND (k <= 3635059))

table 6 : explain SELECT k FROM sbtest6 WHERE k BETWEEN 3634959 AND 3635059
	Index Only Scan using k_6 on sbtest6  (cost=0.43..6.53 rows=105 width=4)
	  Index Cond: ((k >= 3634959) AND (k <= 3635059))

table 7 : explain SELECT k FROM sbtest7 WHERE k BETWEEN 3634959 AND 3635059
	Index Only Scan using k_7 on sbtest7  (cost=0.43..6.21 rows=89 width=4)
	  Index Cond: ((k >= 3634959) AND (k <= 3635059))

table 8 : explain SELECT k FROM sbtest8 WHERE k BETWEEN 3634959 AND 3635059
	Index Only Scan using k_8 on sbtest8  (cost=0.43..6.51 rows=104 width=4)
	  Index Cond: ((k >= 3634959) AND (k <= 3635059))

explain: for range-covered :: explain SELECT k FROM sbtest%d WHERE k BETWEEN 9320475 AND 9320575
for range-covered
table 1 : explain SELECT k FROM sbtest1 WHERE k BETWEEN 6040500 AND 6040600
	Index Only Scan using k_1 on sbtest1  (cost=0.43..6.35 rows=96 width=4)
	  Index Cond: ((k >= 6040500) AND (k <= 6040600))

table 2 : explain SELECT k FROM sbtest2 WHERE k BETWEEN 6040500 AND 6040600
	Index Only Scan using k_2 on sbtest2  (cost=0.43..6.37 rows=97 width=4)
	  Index Cond: ((k >= 6040500) AND (k <= 6040600))

table 3 : explain SELECT k FROM sbtest3 WHERE k BETWEEN 6040500 AND 6040600
	Index Only Scan using k_3 on sbtest3  (cost=0.43..6.51 rows=104 width=4)
	  Index Cond: ((k >= 6040500) AND (k <= 6040600))

table 4 : explain SELECT k FROM sbtest4 WHERE k BETWEEN 6040500 AND 6040600
	Index Only Scan using k_4 on sbtest4  (cost=0.43..6.47 rows=102 width=4)
	  Index Cond: ((k >= 6040500) AND (k <= 6040600))

table 5 : explain SELECT k FROM sbtest5 WHERE k BETWEEN 6040500 AND 6040600
	Index Only Scan using k_5 on sbtest5  (cost=0.43..6.66 rows=111 width=4)
	  Index Cond: ((k >= 6040500) AND (k <= 6040600))

table 6 : explain SELECT k FROM sbtest6 WHERE k BETWEEN 6040500 AND 6040600
	Index Only Scan using k_6 on sbtest6  (cost=0.43..6.63 rows=110 width=4)
	  Index Cond: ((k >= 6040500) AND (k <= 6040600))

table 7 : explain SELECT k FROM sbtest7 WHERE k BETWEEN 6040500 AND 6040600
	Index Only Scan using k_7 on sbtest7  (cost=0.43..6.51 rows=104 width=4)
	  Index Cond: ((k >= 6040500) AND (k <= 6040600))

table 8 : explain SELECT k FROM sbtest8 WHERE k BETWEEN 6040500 AND 6040600
	Index Only Scan using k_8 on sbtest8  (cost=0.43..6.42 rows=99 width=4)
	  Index Cond: ((k >= 6040500) AND (k <= 6040600))

explain: for range-covered :: explain SELECT k FROM sbtest%d WHERE k BETWEEN 8532840 AND 8532940
for range-covered
table 1 : explain SELECT k FROM sbtest1 WHERE k BETWEEN 5041935 AND 5042035
	Index Only Scan using k_1 on sbtest1  (cost=0.43..6.42 rows=99 width=4)
	  Index Cond: ((k >= 5041935) AND (k <= 5042035))

table 2 : explain SELECT k FROM sbtest2 WHERE k BETWEEN 5041935 AND 5042035
	Index Only Scan using k_2 on sbtest2  (cost=0.43..6.35 rows=96 width=4)
	  Index Cond: ((k >= 5041935) AND (k <= 5042035))

table 3 : explain SELECT k FROM sbtest3 WHERE k BETWEEN 5041935 AND 5042035
	Index Only Scan using k_3 on sbtest3  (cost=0.43..6.56 rows=106 width=4)
	  Index Cond: ((k >= 5041935) AND (k <= 5042035))

table 4 : explain SELECT k FROM sbtest4 WHERE k BETWEEN 5041935 AND 5042035
	Index Only Scan using k_4 on sbtest4  (cost=0.43..6.67 rows=112 width=4)
	  Index Cond: ((k >= 5041935) AND (k <= 5042035))

table 5 : explain SELECT k FROM sbtest5 WHERE k BETWEEN 5041935 AND 5042035
	Index Only Scan using k_5 on sbtest5  (cost=0.43..6.53 rows=105 width=4)
	  Index Cond: ((k >= 5041935) AND (k <= 5042035))

table 6 : explain SELECT k FROM sbtest6 WHERE k BETWEEN 5041935 AND 5042035
	Index Only Scan using k_6 on sbtest6  (cost=0.43..6.37 rows=97 width=4)
	  Index Cond: ((k >= 5041935) AND (k <= 5042035))

table 7 : explain SELECT k FROM sbtest7 WHERE k BETWEEN 5041935 AND 5042035
	Index Only Scan using k_7 on sbtest7  (cost=0.43..6.33 rows=95 width=4)
	  Index Cond: ((k >= 5041935) AND (k <= 5042035))

table 8 : explain SELECT k FROM sbtest8 WHERE k BETWEEN 5041935 AND 5042035
	Index Only Scan using k_8 on sbtest8  (cost=0.43..6.37 rows=97 width=4)
	  Index Cond: ((k >= 5041935) AND (k <= 5042035))

for range-covered
table 1 : explain SELECT k FROM sbtest1 WHERE k BETWEEN 1638451 AND 1638551
	Index Only Scan using k_1 on sbtest1  (cost=0.43..6.51 rows=104 width=4)
	  Index Cond: ((k >= 1638451) AND (k <= 1638551))

table 2 : explain SELECT k FROM sbtest2 WHERE k BETWEEN 1638451 AND 1638551
	Index Only Scan using k_2 on sbtest2  (cost=0.43..6.47 rows=102 width=4)
	  Index Cond: ((k >= 1638451) AND (k <= 1638551))

table 3 : explain SELECT k FROM sbtest3 WHERE k BETWEEN 1638451 AND 1638551
	Index Only Scan using k_3 on sbtest3  (cost=0.43..6.40 rows=98 width=4)
	  Index Cond: ((k >= 1638451) AND (k <= 1638551))

table 4 : explain SELECT k FROM sbtest4 WHERE k BETWEEN 1638451 AND 1638551
	Index Only Scan using k_4 on sbtest4  (cost=0.43..6.59 rows=108 width=4)
	  Index Cond: ((k >= 1638451) AND (k <= 1638551))

table 5 : explain SELECT k FROM sbtest5 WHERE k BETWEEN 1638451 AND 1638551
	Index Only Scan using k_5 on sbtest5  (cost=0.43..6.27 rows=92 width=4)
	  Index Cond: ((k >= 1638451) AND (k <= 1638551))

table 6 : explain SELECT k FROM sbtest6 WHERE k BETWEEN 1638451 AND 1638551
	Index Only Scan using k_6 on sbtest6  (cost=0.43..6.37 rows=97 width=4)
	  Index Cond: ((k >= 1638451) AND (k <= 1638551))

table 7 : explain SELECT k FROM sbtest7 WHERE k BETWEEN 1638451 AND 1638551
	Index Only Scan using k_7 on sbtest7  (cost=0.43..6.56 rows=106 width=4)
	  Index Cond: ((k >= 1638451) AND (k <= 1638551))

table 8 : explain SELECT k FROM sbtest8 WHERE k BETWEEN 1638451 AND 1638551
	Index Only Scan using k_8 on sbtest8  (cost=0.43..6.63 rows=110 width=4)
	  Index Cond: ((k >= 1638451) AND (k <= 1638551))

explain: for range-covered :: explain SELECT k FROM sbtest%d WHERE k BETWEEN 1638451 AND 1638551
for range-covered
table 1 : explain SELECT k FROM sbtest1 WHERE k BETWEEN 1638451 AND 1638551
	Index Only Scan using k_1 on sbtest1  (cost=0.43..6.51 rows=104 width=4)
	  Index Cond: ((k >= 1638451) AND (k <= 1638551))

table 2 : explain SELECT k FROM sbtest2 WHERE k BETWEEN 1638451 AND 1638551
	Index Only Scan using k_2 on sbtest2  (cost=0.43..6.47 rows=102 width=4)
	  Index Cond: ((k >= 1638451) AND (k <= 1638551))

table 3 : explain SELECT k FROM sbtest3 WHERE k BETWEEN 1638451 AND 1638551
	Index Only Scan using k_3 on sbtest3  (cost=0.43..6.40 rows=98 width=4)
	  Index Cond: ((k >= 1638451) AND (k <= 1638551))

table 4 : explain SELECT k FROM sbtest4 WHERE k BETWEEN 1638451 AND 1638551
	Index Only Scan using k_4 on sbtest4  (cost=0.43..6.59 rows=108 width=4)
	  Index Cond: ((k >= 1638451) AND (k <= 1638551))

table 5 : explain SELECT k FROM sbtest5 WHERE k BETWEEN 1638451 AND 1638551
	Index Only Scan using k_5 on sbtest5  (cost=0.43..6.27 rows=92 width=4)
	  Index Cond: ((k >= 1638451) AND (k <= 1638551))

table 6 : explain SELECT k FROM sbtest6 WHERE k BETWEEN 1638451 AND 1638551
	Index Only Scan using k_6 on sbtest6  (cost=0.43..6.37 rows=97 width=4)
	  Index Cond: ((k >= 1638451) AND (k <= 1638551))

table 7 : explain SELECT k FROM sbtest7 WHERE k BETWEEN 1638451 AND 1638551
	Index Only Scan using k_7 on sbtest7  (cost=0.43..6.56 rows=106 width=4)
	  Index Cond: ((k >= 1638451) AND (k <= 1638551))

table 8 : explain SELECT k FROM sbtest8 WHERE k BETWEEN 1638451 AND 1638551
	Index Only Scan using k_8 on sbtest8  (cost=0.43..6.63 rows=110 width=4)
	  Index Cond: ((k >= 1638451) AND (k <= 1638551))

explain: for range-covered :: explain SELECT k FROM sbtest%d WHERE k BETWEEN 1638451 AND 1638551
explain: for range-covered :: explain SELECT k FROM sbtest%d WHERE k BETWEEN 8171378 AND 8171478
for range-covered
table 1 : explain SELECT k FROM sbtest1 WHERE k BETWEEN 1638451 AND 1638551
	Index Only Scan using k_1 on sbtest1  (cost=0.43..6.51 rows=104 width=4)
	  Index Cond: ((k >= 1638451) AND (k <= 1638551))

table 2 : explain SELECT k FROM sbtest2 WHERE k BETWEEN 1638451 AND 1638551
	Index Only Scan using k_2 on sbtest2  (cost=0.43..6.47 rows=102 width=4)
	  Index Cond: ((k >= 1638451) AND (k <= 1638551))

table 3 : explain SELECT k FROM sbtest3 WHERE k BETWEEN 1638451 AND 1638551
	Index Only Scan using k_3 on sbtest3  (cost=0.43..6.40 rows=98 width=4)
	  Index Cond: ((k >= 1638451) AND (k <= 1638551))

table 4 : explain SELECT k FROM sbtest4 WHERE k BETWEEN 1638451 AND 1638551
	Index Only Scan using k_4 on sbtest4  (cost=0.43..6.59 rows=108 width=4)
	  Index Cond: ((k >= 1638451) AND (k <= 1638551))

table 5 : explain SELECT k FROM sbtest5 WHERE k BETWEEN 1638451 AND 1638551
	Index Only Scan using k_5 on sbtest5  (cost=0.43..6.27 rows=92 width=4)
	  Index Cond: ((k >= 1638451) AND (k <= 1638551))

table 6 : explain SELECT k FROM sbtest6 WHERE k BETWEEN 1638451 AND 1638551
	Index Only Scan using k_6 on sbtest6  (cost=0.43..6.37 rows=97 width=4)
	  Index Cond: ((k >= 1638451) AND (k <= 1638551))

table 7 : explain SELECT k FROM sbtest7 WHERE k BETWEEN 1638451 AND 1638551
	Index Only Scan using k_7 on sbtest7  (cost=0.43..6.56 rows=106 width=4)
	  Index Cond: ((k >= 1638451) AND (k <= 1638551))

table 8 : explain SELECT k FROM sbtest8 WHERE k BETWEEN 1638451 AND 1638551
	Index Only Scan using k_8 on sbtest8  (cost=0.43..6.63 rows=110 width=4)
	  Index Cond: ((k >= 1638451) AND (k <= 1638551))

explain: for range-covered :: explain SELECT k FROM sbtest%d WHERE k BETWEEN 1638451 AND 1638551
for range-covered
table 1 : explain SELECT k FROM sbtest1 WHERE k BETWEEN 1638451 AND 1638551
	Index Only Scan using k_1 on sbtest1  (cost=0.43..6.51 rows=104 width=4)
	  Index Cond: ((k >= 1638451) AND (k <= 1638551))

table 2 : explain SELECT k FROM sbtest2 WHERE k BETWEEN 1638451 AND 1638551
	Index Only Scan using k_2 on sbtest2  (cost=0.43..6.47 rows=102 width=4)
	  Index Cond: ((k >= 1638451) AND (k <= 1638551))

table 3 : explain SELECT k FROM sbtest3 WHERE k BETWEEN 1638451 AND 1638551
	Index Only Scan using k_3 on sbtest3  (cost=0.43..6.40 rows=98 width=4)
	  Index Cond: ((k >= 1638451) AND (k <= 1638551))

table 4 : explain SELECT k FROM sbtest4 WHERE k BETWEEN 1638451 AND 1638551
	Index Only Scan using k_4 on sbtest4  (cost=0.43..6.59 rows=108 width=4)
	  Index Cond: ((k >= 1638451) AND (k <= 1638551))

table 5 : explain SELECT k FROM sbtest5 WHERE k BETWEEN 1638451 AND 1638551
	Index Only Scan using k_5 on sbtest5  (cost=0.43..6.27 rows=92 width=4)
	  Index Cond: ((k >= 1638451) AND (k <= 1638551))

table 6 : explain SELECT k FROM sbtest6 WHERE k BETWEEN 1638451 AND 1638551
	Index Only Scan using k_6 on sbtest6  (cost=0.43..6.37 rows=97 width=4)
	  Index Cond: ((k >= 1638451) AND (k <= 1638551))

table 7 : explain SELECT k FROM sbtest7 WHERE k BETWEEN 1638451 AND 1638551
	Index Only Scan using k_7 on sbtest7  (cost=0.43..6.56 rows=106 width=4)
	  Index Cond: ((k >= 1638451) AND (k <= 1638551))

table 8 : explain SELECT k FROM sbtest8 WHERE k BETWEEN 1638451 AND 1638551
	Index Only Scan using k_8 on sbtest8  (cost=0.43..6.63 rows=110 width=4)
	  Index Cond: ((k >= 1638451) AND (k <= 1638551))

explain: for range-covered :: explain SELECT k FROM sbtest%d WHERE k BETWEEN 1638451 AND 1638551
explain: for range-covered :: explain SELECT k FROM sbtest%d WHERE k BETWEEN 5590525 AND 5590625
explain: for range-covered :: explain SELECT k FROM sbtest%d WHERE k BETWEEN 8651134 AND 8651234
explain: for range-covered :: explain SELECT k FROM sbtest%d WHERE k BETWEEN 2825145 AND 2825245
for range-covered
table 1 : explain SELECT k FROM sbtest1 WHERE k BETWEEN 1873025 AND 1873125
	Index Only Scan using k_1 on sbtest1  (cost=0.43..6.63 rows=110 width=4)
	  Index Cond: ((k >= 1873025) AND (k <= 1873125))

table 2 : explain SELECT k FROM sbtest2 WHERE k BETWEEN 1873025 AND 1873125
	Index Only Scan using k_2 on sbtest2  (cost=0.43..6.50 rows=103 width=4)
	  Index Cond: ((k >= 1873025) AND (k <= 1873125))

table 3 : explain SELECT k FROM sbtest3 WHERE k BETWEEN 1873025 AND 1873125
	Index Only Scan using k_3 on sbtest3  (cost=0.43..6.51 rows=104 width=4)
	  Index Cond: ((k >= 1873025) AND (k <= 1873125))

table 4 : explain SELECT k FROM sbtest4 WHERE k BETWEEN 1873025 AND 1873125
	Index Only Scan using k_4 on sbtest4  (cost=0.43..6.37 rows=97 width=4)
	  Index Cond: ((k >= 1873025) AND (k <= 1873125))

table 5 : explain SELECT k FROM sbtest5 WHERE k BETWEEN 1873025 AND 1873125
	Index Only Scan using k_5 on sbtest5  (cost=0.43..6.74 rows=115 width=4)
	  Index Cond: ((k >= 1873025) AND (k <= 1873125))

table 6 : explain SELECT k FROM sbtest6 WHERE k BETWEEN 1873025 AND 1873125
	Index Only Scan using k_6 on sbtest6  (cost=0.43..6.42 rows=99 width=4)
	  Index Cond: ((k >= 1873025) AND (k <= 1873125))

table 7 : explain SELECT k FROM sbtest7 WHERE k BETWEEN 1873025 AND 1873125
	Index Only Scan using k_7 on sbtest7  (cost=0.43..6.58 rows=107 width=4)
	  Index Cond: ((k >= 1873025) AND (k <= 1873125))

table 8 : explain SELECT k FROM sbtest8 WHERE k BETWEEN 1873025 AND 1873125
	Index Only Scan using k_8 on sbtest8  (cost=0.43..6.63 rows=110 width=4)
	  Index Cond: ((k >= 1873025) AND (k <= 1873125))

explain: for range-covered :: explain SELECT k FROM sbtest%d WHERE k BETWEEN 1873025 AND 1873125
for range-covered
table 1 : explain SELECT k FROM sbtest1 WHERE k BETWEEN 1873025 AND 1873125
	Index Only Scan using k_1 on sbtest1  (cost=0.43..6.63 rows=110 width=4)
	  Index Cond: ((k >= 1873025) AND (k <= 1873125))

table 2 : explain SELECT k FROM sbtest2 WHERE k BETWEEN 1873025 AND 1873125
	Index Only Scan using k_2 on sbtest2  (cost=0.43..6.50 rows=103 width=4)
	  Index Cond: ((k >= 1873025) AND (k <= 1873125))

table 3 : explain SELECT k FROM sbtest3 WHERE k BETWEEN 1873025 AND 1873125
	Index Only Scan using k_3 on sbtest3  (cost=0.43..6.51 rows=104 width=4)
	  Index Cond: ((k >= 1873025) AND (k <= 1873125))

table 4 : explain SELECT k FROM sbtest4 WHERE k BETWEEN 1873025 AND 1873125
	Index Only Scan using k_4 on sbtest4  (cost=0.43..6.37 rows=97 width=4)
	  Index Cond: ((k >= 1873025) AND (k <= 1873125))

table 5 : explain SELECT k FROM sbtest5 WHERE k BETWEEN 1873025 AND 1873125
	Index Only Scan using k_5 on sbtest5  (cost=0.43..6.74 rows=115 width=4)
	  Index Cond: ((k >= 1873025) AND (k <= 1873125))

table 6 : explain SELECT k FROM sbtest6 WHERE k BETWEEN 1873025 AND 1873125
	Index Only Scan using k_6 on sbtest6  (cost=0.43..6.42 rows=99 width=4)
	  Index Cond: ((k >= 1873025) AND (k <= 1873125))

table 7 : explain SELECT k FROM sbtest7 WHERE k BETWEEN 1873025 AND 1873125
	Index Only Scan using k_7 on sbtest7  (cost=0.43..6.58 rows=107 width=4)
	  Index Cond: ((k >= 1873025) AND (k <= 1873125))

table 8 : explain SELECT k FROM sbtest8 WHERE k BETWEEN 1873025 AND 1873125
	Index Only Scan using k_8 on sbtest8  (cost=0.43..6.63 rows=110 width=4)
	  Index Cond: ((k >= 1873025) AND (k <= 1873125))

explain: for range-covered :: explain SELECT k FROM sbtest%d WHERE k BETWEEN 1873025 AND 1873125
for range-covered
table 1 : explain SELECT k FROM sbtest1 WHERE k BETWEEN 1873025 AND 1873125
	Index Only Scan using k_1 on sbtest1  (cost=0.43..6.63 rows=110 width=4)
	  Index Cond: ((k >= 1873025) AND (k <= 1873125))

table 2 : explain SELECT k FROM sbtest2 WHERE k BETWEEN 1873025 AND 1873125
	Index Only Scan using k_2 on sbtest2  (cost=0.43..6.50 rows=103 width=4)
	  Index Cond: ((k >= 1873025) AND (k <= 1873125))

table 3 : explain SELECT k FROM sbtest3 WHERE k BETWEEN 1873025 AND 1873125
	Index Only Scan using k_3 on sbtest3  (cost=0.43..6.51 rows=104 width=4)
	  Index Cond: ((k >= 1873025) AND (k <= 1873125))

table 4 : explain SELECT k FROM sbtest4 WHERE k BETWEEN 1873025 AND 1873125
	Index Only Scan using k_4 on sbtest4  (cost=0.43..6.37 rows=97 width=4)
	  Index Cond: ((k >= 1873025) AND (k <= 1873125))

table 5 : explain SELECT k FROM sbtest5 WHERE k BETWEEN 1873025 AND 1873125
	Index Only Scan using k_5 on sbtest5  (cost=0.43..6.74 rows=115 width=4)
	  Index Cond: ((k >= 1873025) AND (k <= 1873125))

table 6 : explain SELECT k FROM sbtest6 WHERE k BETWEEN 1873025 AND 1873125
	Index Only Scan using k_6 on sbtest6  (cost=0.43..6.42 rows=99 width=4)
	  Index Cond: ((k >= 1873025) AND (k <= 1873125))

table 7 : explain SELECT k FROM sbtest7 WHERE k BETWEEN 1873025 AND 1873125
	Index Only Scan using k_7 on sbtest7  (cost=0.43..6.58 rows=107 width=4)
	  Index Cond: ((k >= 1873025) AND (k <= 1873125))

table 8 : explain SELECT k FROM sbtest8 WHERE k BETWEEN 1873025 AND 1873125
	Index Only Scan using k_8 on sbtest8  (cost=0.43..6.63 rows=110 width=4)
	  Index Cond: ((k >= 1873025) AND (k <= 1873125))

explain: for range-covered :: explain SELECT k FROM sbtest%d WHERE k BETWEEN 1873025 AND 1873125
for range-covered
table 1 : explain SELECT k FROM sbtest1 WHERE k BETWEEN 1873025 AND 1873125
	Index Only Scan using k_1 on sbtest1  (cost=0.43..6.63 rows=110 width=4)
	  Index Cond: ((k >= 1873025) AND (k <= 1873125))

table 2 : explain SELECT k FROM sbtest2 WHERE k BETWEEN 1873025 AND 1873125
	Index Only Scan using k_2 on sbtest2  (cost=0.43..6.50 rows=103 width=4)
	  Index Cond: ((k >= 1873025) AND (k <= 1873125))

table 3 : explain SELECT k FROM sbtest3 WHERE k BETWEEN 1873025 AND 1873125
	Index Only Scan using k_3 on sbtest3  (cost=0.43..6.51 rows=104 width=4)
	  Index Cond: ((k >= 1873025) AND (k <= 1873125))

table 4 : explain SELECT k FROM sbtest4 WHERE k BETWEEN 1873025 AND 1873125
	Index Only Scan using k_4 on sbtest4  (cost=0.43..6.37 rows=97 width=4)
	  Index Cond: ((k >= 1873025) AND (k <= 1873125))

table 5 : explain SELECT k FROM sbtest5 WHERE k BETWEEN 1873025 AND 1873125
	Index Only Scan using k_5 on sbtest5  (cost=0.43..6.74 rows=115 width=4)
	  Index Cond: ((k >= 1873025) AND (k <= 1873125))

table 6 : explain SELECT k FROM sbtest6 WHERE k BETWEEN 1873025 AND 1873125
	Index Only Scan using k_6 on sbtest6  (cost=0.43..6.42 rows=99 width=4)
	  Index Cond: ((k >= 1873025) AND (k <= 1873125))

table 7 : explain SELECT k FROM sbtest7 WHERE k BETWEEN 1873025 AND 1873125
	Index Only Scan using k_7 on sbtest7  (cost=0.43..6.58 rows=107 width=4)
	  Index Cond: ((k >= 1873025) AND (k <= 1873125))

table 8 : explain SELECT k FROM sbtest8 WHERE k BETWEEN 1873025 AND 1873125
	Index Only Scan using k_8 on sbtest8  (cost=0.43..6.63 rows=110 width=4)
	  Index Cond: ((k >= 1873025) AND (k <= 1873125))

for range-covered
table 1 : explain SELECT k FROM sbtest1 WHERE k BETWEEN 5375515 AND 5375615
	Index Only Scan using k_1 on sbtest1  (cost=0.43..6.59 rows=108 width=4)
	  Index Cond: ((k >= 5375515) AND (k <= 5375615))

table 2 : explain SELECT k FROM sbtest2 WHERE k BETWEEN 5375515 AND 5375615
	Index Only Scan using k_2 on sbtest2  (cost=0.43..6.32 rows=94 width=4)
	  Index Cond: ((k >= 5375515) AND (k <= 5375615))

table 3 : explain SELECT k FROM sbtest3 WHERE k BETWEEN 5375515 AND 5375615
	Index Only Scan using k_3 on sbtest3  (cost=0.43..6.51 rows=104 width=4)
	  Index Cond: ((k >= 5375515) AND (k <= 5375615))

table 4 : explain SELECT k FROM sbtest4 WHERE k BETWEEN 5375515 AND 5375615
	Index Only Scan using k_4 on sbtest4  (cost=0.43..6.42 rows=99 width=4)
	  Index Cond: ((k >= 5375515) AND (k <= 5375615))

table 5 : explain SELECT k FROM sbtest5 WHERE k BETWEEN 5375515 AND 5375615
	Index Only Scan using k_5 on sbtest5  (cost=0.43..6.67 rows=112 width=4)
	  Index Cond: ((k >= 5375515) AND (k <= 5375615))

table 6 : explain SELECT k FROM sbtest6 WHERE k BETWEEN 5375515 AND 5375615
	Index Only Scan using k_6 on sbtest6  (cost=0.43..6.45 rows=101 width=4)
	  Index Cond: ((k >= 5375515) AND (k <= 5375615))

table 7 : explain SELECT k FROM sbtest7 WHERE k BETWEEN 5375515 AND 5375615
	Index Only Scan using k_7 on sbtest7  (cost=0.43..6.59 rows=108 width=4)
	  Index Cond: ((k >= 5375515) AND (k <= 5375615))

table 8 : explain SELECT k FROM sbtest8 WHERE k BETWEEN 5375515 AND 5375615
	Index Only Scan using k_8 on sbtest8  (cost=0.43..6.58 rows=107 width=4)
	  Index Cond: ((k >= 5375515) AND (k <= 5375615))

explain: for range-covered :: explain SELECT k FROM sbtest%d WHERE k BETWEEN 1873025 AND 1873125
explain: for range-covered :: explain SELECT k FROM sbtest%d WHERE k BETWEEN 5033135 AND 5033235
explain: for range-covered :: explain SELECT k FROM sbtest%d WHERE k BETWEEN 5375515 AND 5375615
explain: for range-covered :: explain SELECT k FROM sbtest%d WHERE k BETWEEN 4128578 AND 4128678
explain: for range-covered :: explain SELECT k FROM sbtest%d WHERE k BETWEEN 6043526 AND 6043626
for range-covered
table 1 : explain SELECT k FROM sbtest1 WHERE k BETWEEN 1873025 AND 1873125
	Index Only Scan using k_1 on sbtest1  (cost=0.43..6.63 rows=110 width=4)
	  Index Cond: ((k >= 1873025) AND (k <= 1873125))

table 2 : explain SELECT k FROM sbtest2 WHERE k BETWEEN 1873025 AND 1873125
	Index Only Scan using k_2 on sbtest2  (cost=0.43..6.50 rows=103 width=4)
	  Index Cond: ((k >= 1873025) AND (k <= 1873125))

table 3 : explain SELECT k FROM sbtest3 WHERE k BETWEEN 1873025 AND 1873125
	Index Only Scan using k_3 on sbtest3  (cost=0.43..6.51 rows=104 width=4)
	  Index Cond: ((k >= 1873025) AND (k <= 1873125))

table 4 : explain SELECT k FROM sbtest4 WHERE k BETWEEN 1873025 AND 1873125
	Index Only Scan using k_4 on sbtest4  (cost=0.43..6.37 rows=97 width=4)
	  Index Cond: ((k >= 1873025) AND (k <= 1873125))

table 5 : explain SELECT k FROM sbtest5 WHERE k BETWEEN 1873025 AND 1873125
	Index Only Scan using k_5 on sbtest5  (cost=0.43..6.74 rows=115 width=4)
	  Index Cond: ((k >= 1873025) AND (k <= 1873125))

table 6 : explain SELECT k FROM sbtest6 WHERE k BETWEEN 1873025 AND 1873125
	Index Only Scan using k_6 on sbtest6  (cost=0.43..6.42 rows=99 width=4)
	  Index Cond: ((k >= 1873025) AND (k <= 1873125))

table 7 : explain SELECT k FROM sbtest7 WHERE k BETWEEN 1873025 AND 1873125
	Index Only Scan using k_7 on sbtest7  (cost=0.43..6.58 rows=107 width=4)
	  Index Cond: ((k >= 1873025) AND (k <= 1873125))

table 8 : explain SELECT k FROM sbtest8 WHERE k BETWEEN 1873025 AND 1873125
	Index Only Scan using k_8 on sbtest8  (cost=0.43..6.63 rows=110 width=4)
	  Index Cond: ((k >= 1873025) AND (k <= 1873125))

explain: for range-covered :: explain SELECT k FROM sbtest%d WHERE k BETWEEN 1873025 AND 1873125
for range-covered
table 1 : explain SELECT k FROM sbtest1 WHERE k BETWEEN 1873025 AND 1873125
	Index Only Scan using k_1 on sbtest1  (cost=0.43..6.63 rows=110 width=4)
	  Index Cond: ((k >= 1873025) AND (k <= 1873125))

table 2 : explain SELECT k FROM sbtest2 WHERE k BETWEEN 1873025 AND 1873125
	Index Only Scan using k_2 on sbtest2  (cost=0.43..6.50 rows=103 width=4)
	  Index Cond: ((k >= 1873025) AND (k <= 1873125))

table 3 : explain SELECT k FROM sbtest3 WHERE k BETWEEN 1873025 AND 1873125
	Index Only Scan using k_3 on sbtest3  (cost=0.43..6.51 rows=104 width=4)
	  Index Cond: ((k >= 1873025) AND (k <= 1873125))

table 4 : explain SELECT k FROM sbtest4 WHERE k BETWEEN 1873025 AND 1873125
	Index Only Scan using k_4 on sbtest4  (cost=0.43..6.37 rows=97 width=4)
	  Index Cond: ((k >= 1873025) AND (k <= 1873125))

table 5 : explain SELECT k FROM sbtest5 WHERE k BETWEEN 1873025 AND 1873125
	Index Only Scan using k_5 on sbtest5  (cost=0.43..6.74 rows=115 width=4)
	  Index Cond: ((k >= 1873025) AND (k <= 1873125))

table 6 : explain SELECT k FROM sbtest6 WHERE k BETWEEN 1873025 AND 1873125
	Index Only Scan using k_6 on sbtest6  (cost=0.43..6.42 rows=99 width=4)
	  Index Cond: ((k >= 1873025) AND (k <= 1873125))

table 7 : explain SELECT k FROM sbtest7 WHERE k BETWEEN 1873025 AND 1873125
	Index Only Scan using k_7 on sbtest7  (cost=0.43..6.58 rows=107 width=4)
	  Index Cond: ((k >= 1873025) AND (k <= 1873125))

table 8 : explain SELECT k FROM sbtest8 WHERE k BETWEEN 1873025 AND 1873125
	Index Only Scan using k_8 on sbtest8  (cost=0.43..6.63 rows=110 width=4)
	  Index Cond: ((k >= 1873025) AND (k <= 1873125))

explain: for range-covered :: explain SELECT k FROM sbtest%d WHERE k BETWEEN 1873025 AND 1873125
for range-covered
table 1 : explain SELECT k FROM sbtest1 WHERE k BETWEEN 5375515 AND 5375615
	Index Only Scan using k_1 on sbtest1  (cost=0.43..6.59 rows=108 width=4)
	  Index Cond: ((k >= 5375515) AND (k <= 5375615))

table 2 : explain SELECT k FROM sbtest2 WHERE k BETWEEN 5375515 AND 5375615
	Index Only Scan using k_2 on sbtest2  (cost=0.43..6.32 rows=94 width=4)
	  Index Cond: ((k >= 5375515) AND (k <= 5375615))

table 3 : explain SELECT k FROM sbtest3 WHERE k BETWEEN 5375515 AND 5375615
	Index Only Scan using k_3 on sbtest3  (cost=0.43..6.51 rows=104 width=4)
	  Index Cond: ((k >= 5375515) AND (k <= 5375615))

table 4 : explain SELECT k FROM sbtest4 WHERE k BETWEEN 5375515 AND 5375615
	Index Only Scan using k_4 on sbtest4  (cost=0.43..6.42 rows=99 width=4)
	  Index Cond: ((k >= 5375515) AND (k <= 5375615))

table 5 : explain SELECT k FROM sbtest5 WHERE k BETWEEN 5375515 AND 5375615
	Index Only Scan using k_5 on sbtest5  (cost=0.43..6.67 rows=112 width=4)
	  Index Cond: ((k >= 5375515) AND (k <= 5375615))

table 6 : explain SELECT k FROM sbtest6 WHERE k BETWEEN 5375515 AND 5375615
	Index Only Scan using k_6 on sbtest6  (cost=0.43..6.45 rows=101 width=4)
	  Index Cond: ((k >= 5375515) AND (k <= 5375615))

table 7 : explain SELECT k FROM sbtest7 WHERE k BETWEEN 5375515 AND 5375615
	Index Only Scan using k_7 on sbtest7  (cost=0.43..6.59 rows=108 width=4)
	  Index Cond: ((k >= 5375515) AND (k <= 5375615))

table 8 : explain SELECT k FROM sbtest8 WHERE k BETWEEN 5375515 AND 5375615
	Index Only Scan using k_8 on sbtest8  (cost=0.43..6.58 rows=107 width=4)
	  Index Cond: ((k >= 5375515) AND (k <= 5375615))

for range-covered
table 1 : explain SELECT k FROM sbtest1 WHERE k BETWEEN 9320475 AND 9320575
	Index Only Scan using k_1 on sbtest1  (cost=0.43..6.51 rows=104 width=4)
	  Index Cond: ((k >= 9320475) AND (k <= 9320575))

table 2 : explain SELECT k FROM sbtest2 WHERE k BETWEEN 9320475 AND 9320575
	Index Only Scan using k_2 on sbtest2  (cost=0.43..6.56 rows=106 width=4)
	  Index Cond: ((k >= 9320475) AND (k <= 9320575))

table 3 : explain SELECT k FROM sbtest3 WHERE k BETWEEN 9320475 AND 9320575
	Index Only Scan using k_3 on sbtest3  (cost=0.43..6.37 rows=97 width=4)
	  Index Cond: ((k >= 9320475) AND (k <= 9320575))

table 4 : explain SELECT k FROM sbtest4 WHERE k BETWEEN 9320475 AND 9320575
	Index Only Scan using k_4 on sbtest4  (cost=0.43..6.37 rows=97 width=4)
	  Index Cond: ((k >= 9320475) AND (k <= 9320575))

table 5 : explain SELECT k FROM sbtest5 WHERE k BETWEEN 9320475 AND 9320575
	Index Only Scan using k_5 on sbtest5  (cost=0.43..6.51 rows=104 width=4)
	  Index Cond: ((k >= 9320475) AND (k <= 9320575))

table 6 : explain SELECT k FROM sbtest6 WHERE k BETWEEN 9320475 AND 9320575
	Index Only Scan using k_6 on sbtest6  (cost=0.43..6.47 rows=102 width=4)
	  Index Cond: ((k >= 9320475) AND (k <= 9320575))

table 7 : explain SELECT k FROM sbtest7 WHERE k BETWEEN 9320475 AND 9320575
	Index Only Scan using k_7 on sbtest7  (cost=0.43..6.50 rows=103 width=4)
	  Index Cond: ((k >= 9320475) AND (k <= 9320575))

table 8 : explain SELECT k FROM sbtest8 WHERE k BETWEEN 9320475 AND 9320575
	Index Only Scan using k_8 on sbtest8  (cost=0.43..6.47 rows=102 width=4)
	  Index Cond: ((k >= 9320475) AND (k <= 9320575))

explain: for range-covered :: explain SELECT k FROM sbtest%d WHERE k BETWEEN 5375515 AND 5375615
explain: for range-covered :: explain SELECT k FROM sbtest%d WHERE k BETWEEN 9320475 AND 9320575
for range-covered
table 1 : explain SELECT k FROM sbtest1 WHERE k BETWEEN 1873025 AND 1873125
	Index Only Scan using k_1 on sbtest1  (cost=0.43..6.63 rows=110 width=4)
	  Index Cond: ((k >= 1873025) AND (k <= 1873125))

table 2 : explain SELECT k FROM sbtest2 WHERE k BETWEEN 1873025 AND 1873125
	Index Only Scan using k_2 on sbtest2  (cost=0.43..6.50 rows=103 width=4)
	  Index Cond: ((k >= 1873025) AND (k <= 1873125))

table 3 : explain SELECT k FROM sbtest3 WHERE k BETWEEN 1873025 AND 1873125
	Index Only Scan using k_3 on sbtest3  (cost=0.43..6.51 rows=104 width=4)
	  Index Cond: ((k >= 1873025) AND (k <= 1873125))

table 4 : explain SELECT k FROM sbtest4 WHERE k BETWEEN 1873025 AND 1873125
	Index Only Scan using k_4 on sbtest4  (cost=0.43..6.37 rows=97 width=4)
	  Index Cond: ((k >= 1873025) AND (k <= 1873125))

table 5 : explain SELECT k FROM sbtest5 WHERE k BETWEEN 1873025 AND 1873125
	Index Only Scan using k_5 on sbtest5  (cost=0.43..6.74 rows=115 width=4)
	  Index Cond: ((k >= 1873025) AND (k <= 1873125))

table 6 : explain SELECT k FROM sbtest6 WHERE k BETWEEN 1873025 AND 1873125
	Index Only Scan using k_6 on sbtest6  (cost=0.43..6.42 rows=99 width=4)
	  Index Cond: ((k >= 1873025) AND (k <= 1873125))

table 7 : explain SELECT k FROM sbtest7 WHERE k BETWEEN 1873025 AND 1873125
	Index Only Scan using k_7 on sbtest7  (cost=0.43..6.58 rows=107 width=4)
	  Index Cond: ((k >= 1873025) AND (k <= 1873125))

table 8 : explain SELECT k FROM sbtest8 WHERE k BETWEEN 1873025 AND 1873125
	Index Only Scan using k_8 on sbtest8  (cost=0.43..6.63 rows=110 width=4)
	  Index Cond: ((k >= 1873025) AND (k <= 1873125))

explain: for range-covered :: explain SELECT k FROM sbtest%d WHERE k BETWEEN 1873025 AND 1873125
for range-covered
table 1 : explain SELECT k FROM sbtest1 WHERE k BETWEEN 5590525 AND 5590625
	Index Only Scan using k_1 on sbtest1  (cost=0.43..6.63 rows=110 width=4)
	  Index Cond: ((k >= 5590525) AND (k <= 5590625))

table 2 : explain SELECT k FROM sbtest2 WHERE k BETWEEN 5590525 AND 5590625
	Index Only Scan using k_2 on sbtest2  (cost=0.43..6.45 rows=101 width=4)
	  Index Cond: ((k >= 5590525) AND (k <= 5590625))

table 3 : explain SELECT k FROM sbtest3 WHERE k BETWEEN 5590525 AND 5590625
	Index Only Scan using k_3 on sbtest3  (cost=0.43..6.45 rows=101 width=4)
	  Index Cond: ((k >= 5590525) AND (k <= 5590625))

table 4 : explain SELECT k FROM sbtest4 WHERE k BETWEEN 5590525 AND 5590625
	Index Only Scan using k_4 on sbtest4  (cost=0.43..6.40 rows=98 width=4)
	  Index Cond: ((k >= 5590525) AND (k <= 5590625))

table 5 : explain SELECT k FROM sbtest5 WHERE k BETWEEN 5590525 AND 5590625
	Index Only Scan using k_5 on sbtest5  (cost=0.43..6.43 rows=100 width=4)
	  Index Cond: ((k >= 5590525) AND (k <= 5590625))

table 6 : explain SELECT k FROM sbtest6 WHERE k BETWEEN 5590525 AND 5590625
	Index Only Scan using k_6 on sbtest6  (cost=0.43..6.47 rows=102 width=4)
	  Index Cond: ((k >= 5590525) AND (k <= 5590625))

table 7 : explain SELECT k FROM sbtest7 WHERE k BETWEEN 5590525 AND 5590625
	Index Only Scan using k_7 on sbtest7  (cost=0.43..6.66 rows=111 width=4)
	  Index Cond: ((k >= 5590525) AND (k <= 5590625))

table 8 : explain SELECT k FROM sbtest8 WHERE k BETWEEN 5590525 AND 5590625
	Index Only Scan using k_8 on sbtest8  (cost=0.43..6.37 rows=97 width=4)
	  Index Cond: ((k >= 5590525) AND (k <= 5590625))

for range-covered
table 1 : explain SELECT k FROM sbtest1 WHERE k BETWEEN 9320475 AND 9320575
	Index Only Scan using k_1 on sbtest1  (cost=0.43..6.51 rows=104 width=4)
	  Index Cond: ((k >= 9320475) AND (k <= 9320575))

table 2 : explain SELECT k FROM sbtest2 WHERE k BETWEEN 9320475 AND 9320575
	Index Only Scan using k_2 on sbtest2  (cost=0.43..6.56 rows=106 width=4)
	  Index Cond: ((k >= 9320475) AND (k <= 9320575))

table 3 : explain SELECT k FROM sbtest3 WHERE k BETWEEN 9320475 AND 9320575
	Index Only Scan using k_3 on sbtest3  (cost=0.43..6.37 rows=97 width=4)
	  Index Cond: ((k >= 9320475) AND (k <= 9320575))

table 4 : explain SELECT k FROM sbtest4 WHERE k BETWEEN 9320475 AND 9320575
	Index Only Scan using k_4 on sbtest4  (cost=0.43..6.37 rows=97 width=4)
	  Index Cond: ((k >= 9320475) AND (k <= 9320575))

table 5 : explain SELECT k FROM sbtest5 WHERE k BETWEEN 9320475 AND 9320575
	Index Only Scan using k_5 on sbtest5  (cost=0.43..6.51 rows=104 width=4)
	  Index Cond: ((k >= 9320475) AND (k <= 9320575))

table 6 : explain SELECT k FROM sbtest6 WHERE k BETWEEN 9320475 AND 9320575
	Index Only Scan using k_6 on sbtest6  (cost=0.43..6.47 rows=102 width=4)
	  Index Cond: ((k >= 9320475) AND (k <= 9320575))

table 7 : explain SELECT k FROM sbtest7 WHERE k BETWEEN 9320475 AND 9320575
	Index Only Scan using k_7 on sbtest7  (cost=0.43..6.50 rows=103 width=4)
	  Index Cond: ((k >= 9320475) AND (k <= 9320575))

table 8 : explain SELECT k FROM sbtest8 WHERE k BETWEEN 9320475 AND 9320575
	Index Only Scan using k_8 on sbtest8  (cost=0.43..6.47 rows=102 width=4)
	  Index Cond: ((k >= 9320475) AND (k <= 9320575))

explain: for range-covered :: explain SELECT k FROM sbtest%d WHERE k BETWEEN 5590525 AND 5590625
explain: for range-covered :: explain SELECT k FROM sbtest%d WHERE k BETWEEN 9320475 AND 9320575
explain: for range-covered :: explain SELECT k FROM sbtest%d WHERE k BETWEEN 8361468 AND 8361568
for range-covered
table 1 : explain SELECT k FROM sbtest1 WHERE k BETWEEN 8532840 AND 8532940
	Index Only Scan using k_1 on sbtest1  (cost=0.43..6.69 rows=113 width=4)
	  Index Cond: ((k >= 8532840) AND (k <= 8532940))

table 2 : explain SELECT k FROM sbtest2 WHERE k BETWEEN 8532840 AND 8532940
	Index Only Scan using k_2 on sbtest2  (cost=0.43..6.37 rows=97 width=4)
	  Index Cond: ((k >= 8532840) AND (k <= 8532940))

table 3 : explain SELECT k FROM sbtest3 WHERE k BETWEEN 8532840 AND 8532940
	Index Only Scan using k_3 on sbtest3  (cost=0.43..6.43 rows=100 width=4)
	  Index Cond: ((k >= 8532840) AND (k <= 8532940))

table 4 : explain SELECT k FROM sbtest4 WHERE k BETWEEN 8532840 AND 8532940
	Index Only Scan using k_4 on sbtest4  (cost=0.43..6.53 rows=105 width=4)
	  Index Cond: ((k >= 8532840) AND (k <= 8532940))

table 5 : explain SELECT k FROM sbtest5 WHERE k BETWEEN 8532840 AND 8532940
	Index Only Scan using k_5 on sbtest5  (cost=0.43..6.67 rows=112 width=4)
	  Index Cond: ((k >= 8532840) AND (k <= 8532940))

table 6 : explain SELECT k FROM sbtest6 WHERE k BETWEEN 8532840 AND 8532940
	Index Only Scan using k_6 on sbtest6  (cost=0.43..6.29 rows=93 width=4)
	  Index Cond: ((k >= 8532840) AND (k <= 8532940))

table 7 : explain SELECT k FROM sbtest7 WHERE k BETWEEN 8532840 AND 8532940
	Index Only Scan using k_7 on sbtest7  (cost=0.43..6.45 rows=101 width=4)
	  Index Cond: ((k >= 8532840) AND (k <= 8532940))

table 8 : explain SELECT k FROM sbtest8 WHERE k BETWEEN 8532840 AND 8532940
	Index Only Scan using k_8 on sbtest8  (cost=0.43..6.45 rows=101 width=4)
	  Index Cond: ((k >= 8532840) AND (k <= 8532940))

explain: for range-covered :: explain SELECT k FROM sbtest%d WHERE k BETWEEN 8532840 AND 8532940
for range-covered
table 1 : explain SELECT k FROM sbtest1 WHERE k BETWEEN 9320475 AND 9320575
	Index Only Scan using k_1 on sbtest1  (cost=0.43..6.51 rows=104 width=4)
	  Index Cond: ((k >= 9320475) AND (k <= 9320575))

table 2 : explain SELECT k FROM sbtest2 WHERE k BETWEEN 9320475 AND 9320575
	Index Only Scan using k_2 on sbtest2  (cost=0.43..6.56 rows=106 width=4)
	  Index Cond: ((k >= 9320475) AND (k <= 9320575))

table 3 : explain SELECT k FROM sbtest3 WHERE k BETWEEN 9320475 AND 9320575
	Index Only Scan using k_3 on sbtest3  (cost=0.43..6.37 rows=97 width=4)
	  Index Cond: ((k >= 9320475) AND (k <= 9320575))

table 4 : explain SELECT k FROM sbtest4 WHERE k BETWEEN 9320475 AND 9320575
	Index Only Scan using k_4 on sbtest4  (cost=0.43..6.37 rows=97 width=4)
	  Index Cond: ((k >= 9320475) AND (k <= 9320575))

table 5 : explain SELECT k FROM sbtest5 WHERE k BETWEEN 9320475 AND 9320575
	Index Only Scan using k_5 on sbtest5  (cost=0.43..6.51 rows=104 width=4)
	  Index Cond: ((k >= 9320475) AND (k <= 9320575))

table 6 : explain SELECT k FROM sbtest6 WHERE k BETWEEN 9320475 AND 9320575
	Index Only Scan using k_6 on sbtest6  (cost=0.43..6.47 rows=102 width=4)
	  Index Cond: ((k >= 9320475) AND (k <= 9320575))

table 7 : explain SELECT k FROM sbtest7 WHERE k BETWEEN 9320475 AND 9320575
	Index Only Scan using k_7 on sbtest7  (cost=0.43..6.50 rows=103 width=4)
	  Index Cond: ((k >= 9320475) AND (k <= 9320575))

table 8 : explain SELECT k FROM sbtest8 WHERE k BETWEEN 9320475 AND 9320575
	Index Only Scan using k_8 on sbtest8  (cost=0.43..6.47 rows=102 width=4)
	  Index Cond: ((k >= 9320475) AND (k <= 9320575))

explain: for range-covered :: explain SELECT k FROM sbtest%d WHERE k BETWEEN 9320475 AND 9320575
for range-covered
table 1 : explain SELECT k FROM sbtest1 WHERE k BETWEEN 5590525 AND 5590625
	Index Only Scan using k_1 on sbtest1  (cost=0.43..6.63 rows=110 width=4)
	  Index Cond: ((k >= 5590525) AND (k <= 5590625))

table 2 : explain SELECT k FROM sbtest2 WHERE k BETWEEN 5590525 AND 5590625
	Index Only Scan using k_2 on sbtest2  (cost=0.43..6.45 rows=101 width=4)
	  Index Cond: ((k >= 5590525) AND (k <= 5590625))

table 3 : explain SELECT k FROM sbtest3 WHERE k BETWEEN 5590525 AND 5590625
	Index Only Scan using k_3 on sbtest3  (cost=0.43..6.45 rows=101 width=4)
	  Index Cond: ((k >= 5590525) AND (k <= 5590625))

table 4 : explain SELECT k FROM sbtest4 WHERE k BETWEEN 5590525 AND 5590625
	Index Only Scan using k_4 on sbtest4  (cost=0.43..6.40 rows=98 width=4)
	  Index Cond: ((k >= 5590525) AND (k <= 5590625))

table 5 : explain SELECT k FROM sbtest5 WHERE k BETWEEN 5590525 AND 5590625
	Index Only Scan using k_5 on sbtest5  (cost=0.43..6.43 rows=100 width=4)
	  Index Cond: ((k >= 5590525) AND (k <= 5590625))

table 6 : explain SELECT k FROM sbtest6 WHERE k BETWEEN 5590525 AND 5590625
	Index Only Scan using k_6 on sbtest6  (cost=0.43..6.47 rows=102 width=4)
	  Index Cond: ((k >= 5590525) AND (k <= 5590625))

table 7 : explain SELECT k FROM sbtest7 WHERE k BETWEEN 5590525 AND 5590625
	Index Only Scan using k_7 on sbtest7  (cost=0.43..6.66 rows=111 width=4)
	  Index Cond: ((k >= 5590525) AND (k <= 5590625))

table 8 : explain SELECT k FROM sbtest8 WHERE k BETWEEN 5590525 AND 5590625
	Index Only Scan using k_8 on sbtest8  (cost=0.43..6.37 rows=97 width=4)
	  Index Cond: ((k >= 5590525) AND (k <= 5590625))

explain: for range-covered :: explain SELECT k FROM sbtest%d WHERE k BETWEEN 5590525 AND 5590625
for range-covered
table 1 : explain SELECT k FROM sbtest1 WHERE k BETWEEN 1638451 AND 1638551
	Index Only Scan using k_1 on sbtest1  (cost=0.43..6.51 rows=104 width=4)
	  Index Cond: ((k >= 1638451) AND (k <= 1638551))

table 2 : explain SELECT k FROM sbtest2 WHERE k BETWEEN 1638451 AND 1638551
	Index Only Scan using k_2 on sbtest2  (cost=0.43..6.47 rows=102 width=4)
	  Index Cond: ((k >= 1638451) AND (k <= 1638551))

table 3 : explain SELECT k FROM sbtest3 WHERE k BETWEEN 1638451 AND 1638551
	Index Only Scan using k_3 on sbtest3  (cost=0.43..6.40 rows=98 width=4)
	  Index Cond: ((k >= 1638451) AND (k <= 1638551))

table 4 : explain SELECT k FROM sbtest4 WHERE k BETWEEN 1638451 AND 1638551
	Index Only Scan using k_4 on sbtest4  (cost=0.43..6.59 rows=108 width=4)
	  Index Cond: ((k >= 1638451) AND (k <= 1638551))

table 5 : explain SELECT k FROM sbtest5 WHERE k BETWEEN 1638451 AND 1638551
	Index Only Scan using k_5 on sbtest5  (cost=0.43..6.27 rows=92 width=4)
	  Index Cond: ((k >= 1638451) AND (k <= 1638551))

table 6 : explain SELECT k FROM sbtest6 WHERE k BETWEEN 1638451 AND 1638551
	Index Only Scan using k_6 on sbtest6  (cost=0.43..6.37 rows=97 width=4)
	  Index Cond: ((k >= 1638451) AND (k <= 1638551))

table 7 : explain SELECT k FROM sbtest7 WHERE k BETWEEN 1638451 AND 1638551
	Index Only Scan using k_7 on sbtest7  (cost=0.43..6.56 rows=106 width=4)
	  Index Cond: ((k >= 1638451) AND (k <= 1638551))

table 8 : explain SELECT k FROM sbtest8 WHERE k BETWEEN 1638451 AND 1638551
	Index Only Scan using k_8 on sbtest8  (cost=0.43..6.63 rows=110 width=4)
	  Index Cond: ((k >= 1638451) AND (k <= 1638551))

explain: for range-covered :: explain SELECT k FROM sbtest%d WHERE k BETWEEN 1638451 AND 1638551
for range-covered
table 1 : explain SELECT k FROM sbtest1 WHERE k BETWEEN 5590525 AND 5590625
	Index Only Scan using k_1 on sbtest1  (cost=0.43..6.63 rows=110 width=4)
	  Index Cond: ((k >= 5590525) AND (k <= 5590625))

table 2 : explain SELECT k FROM sbtest2 WHERE k BETWEEN 5590525 AND 5590625
	Index Only Scan using k_2 on sbtest2  (cost=0.43..6.45 rows=101 width=4)
	  Index Cond: ((k >= 5590525) AND (k <= 5590625))

table 3 : explain SELECT k FROM sbtest3 WHERE k BETWEEN 5590525 AND 5590625
	Index Only Scan using k_3 on sbtest3  (cost=0.43..6.45 rows=101 width=4)
	  Index Cond: ((k >= 5590525) AND (k <= 5590625))

table 4 : explain SELECT k FROM sbtest4 WHERE k BETWEEN 5590525 AND 5590625
	Index Only Scan using k_4 on sbtest4  (cost=0.43..6.40 rows=98 width=4)
	  Index Cond: ((k >= 5590525) AND (k <= 5590625))

table 5 : explain SELECT k FROM sbtest5 WHERE k BETWEEN 5590525 AND 5590625
	Index Only Scan using k_5 on sbtest5  (cost=0.43..6.43 rows=100 width=4)
	  Index Cond: ((k >= 5590525) AND (k <= 5590625))

table 6 : explain SELECT k FROM sbtest6 WHERE k BETWEEN 5590525 AND 5590625
	Index Only Scan using k_6 on sbtest6  (cost=0.43..6.47 rows=102 width=4)
	  Index Cond: ((k >= 5590525) AND (k <= 5590625))

table 7 : explain SELECT k FROM sbtest7 WHERE k BETWEEN 5590525 AND 5590625
	Index Only Scan using k_7 on sbtest7  (cost=0.43..6.66 rows=111 width=4)
	  Index Cond: ((k >= 5590525) AND (k <= 5590625))

table 8 : explain SELECT k FROM sbtest8 WHERE k BETWEEN 5590525 AND 5590625
	Index Only Scan using k_8 on sbtest8  (cost=0.43..6.37 rows=97 width=4)
	  Index Cond: ((k >= 5590525) AND (k <= 5590625))

explain: for range-covered :: explain SELECT k FROM sbtest%d WHERE k BETWEEN 5590525 AND 5590625
explain: for range-covered :: explain SELECT k FROM sbtest%d WHERE k BETWEEN 5135748 AND 5135848
for range-covered
table 1 : explain SELECT k FROM sbtest1 WHERE k BETWEEN 4128578 AND 4128678
	Index Only Scan using k_1 on sbtest1  (cost=0.43..6.37 rows=97 width=4)
	  Index Cond: ((k >= 4128578) AND (k <= 4128678))

table 2 : explain SELECT k FROM sbtest2 WHERE k BETWEEN 4128578 AND 4128678
	Index Only Scan using k_2 on sbtest2  (cost=0.43..6.43 rows=100 width=4)
	  Index Cond: ((k >= 4128578) AND (k <= 4128678))

table 3 : explain SELECT k FROM sbtest3 WHERE k BETWEEN 4128578 AND 4128678
	Index Only Scan using k_3 on sbtest3  (cost=0.43..6.59 rows=108 width=4)
	  Index Cond: ((k >= 4128578) AND (k <= 4128678))

table 4 : explain SELECT k FROM sbtest4 WHERE k BETWEEN 4128578 AND 4128678
	Index Only Scan using k_4 on sbtest4  (cost=0.43..6.40 rows=98 width=4)
	  Index Cond: ((k >= 4128578) AND (k <= 4128678))

table 5 : explain SELECT k FROM sbtest5 WHERE k BETWEEN 4128578 AND 4128678
	Index Only Scan using k_5 on sbtest5  (cost=0.43..6.53 rows=105 width=4)
	  Index Cond: ((k >= 4128578) AND (k <= 4128678))

table 6 : explain SELECT k FROM sbtest6 WHERE k BETWEEN 4128578 AND 4128678
	Index Only Scan using k_6 on sbtest6  (cost=0.43..6.35 rows=96 width=4)
	  Index Cond: ((k >= 4128578) AND (k <= 4128678))

table 7 : explain SELECT k FROM sbtest7 WHERE k BETWEEN 4128578 AND 4128678
	Index Only Scan using k_7 on sbtest7  (cost=0.43..6.53 rows=105 width=4)
	  Index Cond: ((k >= 4128578) AND (k <= 4128678))

table 8 : explain SELECT k FROM sbtest8 WHERE k BETWEEN 4128578 AND 4128678
	Index Only Scan using k_8 on sbtest8  (cost=0.43..6.59 rows=108 width=4)
	  Index Cond: ((k >= 4128578) AND (k <= 4128678))

for range-covered
table 1 : explain SELECT k FROM sbtest1 WHERE k BETWEEN 8532840 AND 8532940
	Index Only Scan using k_1 on sbtest1  (cost=0.43..6.69 rows=113 width=4)
	  Index Cond: ((k >= 8532840) AND (k <= 8532940))

table 2 : explain SELECT k FROM sbtest2 WHERE k BETWEEN 8532840 AND 8532940
	Index Only Scan using k_2 on sbtest2  (cost=0.43..6.37 rows=97 width=4)
	  Index Cond: ((k >= 8532840) AND (k <= 8532940))

table 3 : explain SELECT k FROM sbtest3 WHERE k BETWEEN 8532840 AND 8532940
	Index Only Scan using k_3 on sbtest3  (cost=0.43..6.43 rows=100 width=4)
	  Index Cond: ((k >= 8532840) AND (k <= 8532940))

table 4 : explain SELECT k FROM sbtest4 WHERE k BETWEEN 8532840 AND 8532940
	Index Only Scan using k_4 on sbtest4  (cost=0.43..6.53 rows=105 width=4)
	  Index Cond: ((k >= 8532840) AND (k <= 8532940))

table 5 : explain SELECT k FROM sbtest5 WHERE k BETWEEN 8532840 AND 8532940
	Index Only Scan using k_5 on sbtest5  (cost=0.43..6.67 rows=112 width=4)
	  Index Cond: ((k >= 8532840) AND (k <= 8532940))

table 6 : explain SELECT k FROM sbtest6 WHERE k BETWEEN 8532840 AND 8532940
	Index Only Scan using k_6 on sbtest6  (cost=0.43..6.29 rows=93 width=4)
	  Index Cond: ((k >= 8532840) AND (k <= 8532940))

table 7 : explain SELECT k FROM sbtest7 WHERE k BETWEEN 8532840 AND 8532940
	Index Only Scan using k_7 on sbtest7  (cost=0.43..6.45 rows=101 width=4)
	  Index Cond: ((k >= 8532840) AND (k <= 8532940))

table 8 : explain SELECT k FROM sbtest8 WHERE k BETWEEN 8532840 AND 8532940
	Index Only Scan using k_8 on sbtest8  (cost=0.43..6.45 rows=101 width=4)
	  Index Cond: ((k >= 8532840) AND (k <= 8532940))

for range-covered
table 1 : explain SELECT k FROM sbtest1 WHERE k BETWEEN 9320475 AND 9320575
	Index Only Scan using k_1 on sbtest1  (cost=0.43..6.51 rows=104 width=4)
	  Index Cond: ((k >= 9320475) AND (k <= 9320575))

table 2 : explain SELECT k FROM sbtest2 WHERE k BETWEEN 9320475 AND 9320575
	Index Only Scan using k_2 on sbtest2  (cost=0.43..6.56 rows=106 width=4)
	  Index Cond: ((k >= 9320475) AND (k <= 9320575))

table 3 : explain SELECT k FROM sbtest3 WHERE k BETWEEN 9320475 AND 9320575
	Index Only Scan using k_3 on sbtest3  (cost=0.43..6.37 rows=97 width=4)
	  Index Cond: ((k >= 9320475) AND (k <= 9320575))

table 4 : explain SELECT k FROM sbtest4 WHERE k BETWEEN 9320475 AND 9320575
	Index Only Scan using k_4 on sbtest4  (cost=0.43..6.37 rows=97 width=4)
	  Index Cond: ((k >= 9320475) AND (k <= 9320575))

table 5 : explain SELECT k FROM sbtest5 WHERE k BETWEEN 9320475 AND 9320575
	Index Only Scan using k_5 on sbtest5  (cost=0.43..6.51 rows=104 width=4)
	  Index Cond: ((k >= 9320475) AND (k <= 9320575))

table 6 : explain SELECT k FROM sbtest6 WHERE k BETWEEN 9320475 AND 9320575
	Index Only Scan using k_6 on sbtest6  (cost=0.43..6.47 rows=102 width=4)
	  Index Cond: ((k >= 9320475) AND (k <= 9320575))

table 7 : explain SELECT k FROM sbtest7 WHERE k BETWEEN 9320475 AND 9320575
	Index Only Scan using k_7 on sbtest7  (cost=0.43..6.50 rows=103 width=4)
	  Index Cond: ((k >= 9320475) AND (k <= 9320575))

table 8 : explain SELECT k FROM sbtest8 WHERE k BETWEEN 9320475 AND 9320575
	Index Only Scan using k_8 on sbtest8  (cost=0.43..6.47 rows=102 width=4)
	  Index Cond: ((k >= 9320475) AND (k <= 9320575))

explain: for range-covered :: explain SELECT k FROM sbtest%d WHERE k BETWEEN 8532840 AND 8532940
explain: for range-covered :: explain SELECT k FROM sbtest%d WHERE k BETWEEN 4128578 AND 4128678
explain: for range-covered :: explain SELECT k FROM sbtest%d WHERE k BETWEEN 9320475 AND 9320575
for range-covered
table 1 : explain SELECT k FROM sbtest1 WHERE k BETWEEN 5375515 AND 5375615
	Index Only Scan using k_1 on sbtest1  (cost=0.43..6.59 rows=108 width=4)
	  Index Cond: ((k >= 5375515) AND (k <= 5375615))

table 2 : explain SELECT k FROM sbtest2 WHERE k BETWEEN 5375515 AND 5375615
	Index Only Scan using k_2 on sbtest2  (cost=0.43..6.32 rows=94 width=4)
	  Index Cond: ((k >= 5375515) AND (k <= 5375615))

table 3 : explain SELECT k FROM sbtest3 WHERE k BETWEEN 5375515 AND 5375615
	Index Only Scan using k_3 on sbtest3  (cost=0.43..6.51 rows=104 width=4)
	  Index Cond: ((k >= 5375515) AND (k <= 5375615))

table 4 : explain SELECT k FROM sbtest4 WHERE k BETWEEN 5375515 AND 5375615
	Index Only Scan using k_4 on sbtest4  (cost=0.43..6.42 rows=99 width=4)
	  Index Cond: ((k >= 5375515) AND (k <= 5375615))

table 5 : explain SELECT k FROM sbtest5 WHERE k BETWEEN 5375515 AND 5375615
	Index Only Scan using k_5 on sbtest5  (cost=0.43..6.67 rows=112 width=4)
	  Index Cond: ((k >= 5375515) AND (k <= 5375615))

table 6 : explain SELECT k FROM sbtest6 WHERE k BETWEEN 5375515 AND 5375615
	Index Only Scan using k_6 on sbtest6  (cost=0.43..6.45 rows=101 width=4)
	  Index Cond: ((k >= 5375515) AND (k <= 5375615))

table 7 : explain SELECT k FROM sbtest7 WHERE k BETWEEN 5375515 AND 5375615
	Index Only Scan using k_7 on sbtest7  (cost=0.43..6.59 rows=108 width=4)
	  Index Cond: ((k >= 5375515) AND (k <= 5375615))

table 8 : explain SELECT k FROM sbtest8 WHERE k BETWEEN 5375515 AND 5375615
	Index Only Scan using k_8 on sbtest8  (cost=0.43..6.58 rows=107 width=4)
	  Index Cond: ((k >= 5375515) AND (k <= 5375615))

for range-covered
table 1 : explain SELECT k FROM sbtest1 WHERE k BETWEEN 5590525 AND 5590625
	Index Only Scan using k_1 on sbtest1  (cost=0.43..6.63 rows=110 width=4)
	  Index Cond: ((k >= 5590525) AND (k <= 5590625))

table 2 : explain SELECT k FROM sbtest2 WHERE k BETWEEN 5590525 AND 5590625
	Index Only Scan using k_2 on sbtest2  (cost=0.43..6.45 rows=101 width=4)
	  Index Cond: ((k >= 5590525) AND (k <= 5590625))

table 3 : explain SELECT k FROM sbtest3 WHERE k BETWEEN 5590525 AND 5590625
	Index Only Scan using k_3 on sbtest3  (cost=0.43..6.45 rows=101 width=4)
	  Index Cond: ((k >= 5590525) AND (k <= 5590625))

table 4 : explain SELECT k FROM sbtest4 WHERE k BETWEEN 5590525 AND 5590625
	Index Only Scan using k_4 on sbtest4  (cost=0.43..6.40 rows=98 width=4)
	  Index Cond: ((k >= 5590525) AND (k <= 5590625))

table 5 : explain SELECT k FROM sbtest5 WHERE k BETWEEN 5590525 AND 5590625
	Index Only Scan using k_5 on sbtest5  (cost=0.43..6.43 rows=100 width=4)
	  Index Cond: ((k >= 5590525) AND (k <= 5590625))

table 6 : explain SELECT k FROM sbtest6 WHERE k BETWEEN 5590525 AND 5590625
	Index Only Scan using k_6 on sbtest6  (cost=0.43..6.47 rows=102 width=4)
	  Index Cond: ((k >= 5590525) AND (k <= 5590625))

table 7 : explain SELECT k FROM sbtest7 WHERE k BETWEEN 5590525 AND 5590625
	Index Only Scan using k_7 on sbtest7  (cost=0.43..6.66 rows=111 width=4)
	  Index Cond: ((k >= 5590525) AND (k <= 5590625))

table 8 : explain SELECT k FROM sbtest8 WHERE k BETWEEN 5590525 AND 5590625
	Index Only Scan using k_8 on sbtest8  (cost=0.43..6.37 rows=97 width=4)
	  Index Cond: ((k >= 5590525) AND (k <= 5590625))

explain: for range-covered :: explain SELECT k FROM sbtest%d WHERE k BETWEEN 5375515 AND 5375615
explain: for range-covered :: explain SELECT k FROM sbtest%d WHERE k BETWEEN 5590525 AND 5590625
for range-covered
table 1 : explain SELECT k FROM sbtest1 WHERE k BETWEEN 5033135 AND 5033235
	Index Only Scan using k_1 on sbtest1  (cost=0.43..6.42 rows=99 width=4)
	  Index Cond: ((k >= 5033135) AND (k <= 5033235))

table 2 : explain SELECT k FROM sbtest2 WHERE k BETWEEN 5033135 AND 5033235
	Index Only Scan using k_2 on sbtest2  (cost=0.43..6.35 rows=96 width=4)
	  Index Cond: ((k >= 5033135) AND (k <= 5033235))

table 3 : explain SELECT k FROM sbtest3 WHERE k BETWEEN 5033135 AND 5033235
	Index Only Scan using k_3 on sbtest3  (cost=0.43..6.56 rows=106 width=4)
	  Index Cond: ((k >= 5033135) AND (k <= 5033235))

table 4 : explain SELECT k FROM sbtest4 WHERE k BETWEEN 5033135 AND 5033235
	Index Only Scan using k_4 on sbtest4  (cost=0.43..6.67 rows=112 width=4)
	  Index Cond: ((k >= 5033135) AND (k <= 5033235))

table 5 : explain SELECT k FROM sbtest5 WHERE k BETWEEN 5033135 AND 5033235
	Index Only Scan using k_5 on sbtest5  (cost=0.43..6.53 rows=105 width=4)
	  Index Cond: ((k >= 5033135) AND (k <= 5033235))

table 6 : explain SELECT k FROM sbtest6 WHERE k BETWEEN 5033135 AND 5033235
	Index Only Scan using k_6 on sbtest6  (cost=0.43..6.37 rows=97 width=4)
	  Index Cond: ((k >= 5033135) AND (k <= 5033235))

table 7 : explain SELECT k FROM sbtest7 WHERE k BETWEEN 5033135 AND 5033235
	Index Only Scan using k_7 on sbtest7  (cost=0.43..6.33 rows=95 width=4)
	  Index Cond: ((k >= 5033135) AND (k <= 5033235))

table 8 : explain SELECT k FROM sbtest8 WHERE k BETWEEN 5033135 AND 5033235
	Index Only Scan using k_8 on sbtest8  (cost=0.43..6.37 rows=97 width=4)
	  Index Cond: ((k >= 5033135) AND (k <= 5033235))

for range-covered
table 1 : explain SELECT k FROM sbtest1 WHERE k BETWEEN 1873025 AND 1873125
	Index Only Scan using k_1 on sbtest1  (cost=0.43..6.63 rows=110 width=4)
	  Index Cond: ((k >= 1873025) AND (k <= 1873125))

table 2 : explain SELECT k FROM sbtest2 WHERE k BETWEEN 1873025 AND 1873125
	Index Only Scan using k_2 on sbtest2  (cost=0.43..6.50 rows=103 width=4)
	  Index Cond: ((k >= 1873025) AND (k <= 1873125))

table 3 : explain SELECT k FROM sbtest3 WHERE k BETWEEN 1873025 AND 1873125
	Index Only Scan using k_3 on sbtest3  (cost=0.43..6.51 rows=104 width=4)
	  Index Cond: ((k >= 1873025) AND (k <= 1873125))

table 4 : explain SELECT k FROM sbtest4 WHERE k BETWEEN 1873025 AND 1873125
	Index Only Scan using k_4 on sbtest4  (cost=0.43..6.37 rows=97 width=4)
	  Index Cond: ((k >= 1873025) AND (k <= 1873125))

table 5 : explain SELECT k FROM sbtest5 WHERE k BETWEEN 1873025 AND 1873125
	Index Only Scan using k_5 on sbtest5  (cost=0.43..6.74 rows=115 width=4)
	  Index Cond: ((k >= 1873025) AND (k <= 1873125))

table 6 : explain SELECT k FROM sbtest6 WHERE k BETWEEN 1873025 AND 1873125
	Index Only Scan using k_6 on sbtest6  (cost=0.43..6.42 rows=99 width=4)
	  Index Cond: ((k >= 1873025) AND (k <= 1873125))

table 7 : explain SELECT k FROM sbtest7 WHERE k BETWEEN 1873025 AND 1873125
	Index Only Scan using k_7 on sbtest7  (cost=0.43..6.58 rows=107 width=4)
	  Index Cond: ((k >= 1873025) AND (k <= 1873125))

table 8 : explain SELECT k FROM sbtest8 WHERE k BETWEEN 1873025 AND 1873125
	Index Only Scan using k_8 on sbtest8  (cost=0.43..6.63 rows=110 width=4)
	  Index Cond: ((k >= 1873025) AND (k <= 1873125))

explain: for range-covered :: explain SELECT k FROM sbtest%d WHERE k BETWEEN 5033135 AND 5033235
for range-covered
table 1 : explain SELECT k FROM sbtest1 WHERE k BETWEEN 8171378 AND 8171478
	Index Only Scan using k_1 on sbtest1  (cost=0.43..6.53 rows=105 width=4)
	  Index Cond: ((k >= 8171378) AND (k <= 8171478))

table 2 : explain SELECT k FROM sbtest2 WHERE k BETWEEN 8171378 AND 8171478
	Index Only Scan using k_2 on sbtest2  (cost=0.43..6.24 rows=90 width=4)
	  Index Cond: ((k >= 8171378) AND (k <= 8171478))

table 3 : explain SELECT k FROM sbtest3 WHERE k BETWEEN 8171378 AND 8171478
	Index Only Scan using k_3 on sbtest3  (cost=0.43..6.45 rows=101 width=4)
	  Index Cond: ((k >= 8171378) AND (k <= 8171478))

table 4 : explain SELECT k FROM sbtest4 WHERE k BETWEEN 8171378 AND 8171478
	Index Only Scan using k_4 on sbtest4  (cost=0.43..6.51 rows=104 width=4)
	  Index Cond: ((k >= 8171378) AND (k <= 8171478))

table 5 : explain SELECT k FROM sbtest5 WHERE k BETWEEN 8171378 AND 8171478
	Index Only Scan using k_5 on sbtest5  (cost=0.43..6.61 rows=109 width=4)
	  Index Cond: ((k >= 8171378) AND (k <= 8171478))

table 6 : explain SELECT k FROM sbtest6 WHERE k BETWEEN 8171378 AND 8171478
	Index Only Scan using k_6 on sbtest6  (cost=0.43..6.45 rows=101 width=4)
	  Index Cond: ((k >= 8171378) AND (k <= 8171478))

table 7 : explain SELECT k FROM sbtest7 WHERE k BETWEEN 8171378 AND 8171478
	Index Only Scan using k_7 on sbtest7  (cost=0.43..6.56 rows=106 width=4)
	  Index Cond: ((k >= 8171378) AND (k <= 8171478))

table 8 : explain SELECT k FROM sbtest8 WHERE k BETWEEN 8171378 AND 8171478
	Index Only Scan using k_8 on sbtest8  (cost=0.43..6.37 rows=97 width=4)
	  Index Cond: ((k >= 8171378) AND (k <= 8171478))

for range-covered
table 1 : explain SELECT k FROM sbtest1 WHERE k BETWEEN 1638451 AND 1638551
	Index Only Scan using k_1 on sbtest1  (cost=0.43..6.51 rows=104 width=4)
	  Index Cond: ((k >= 1638451) AND (k <= 1638551))

table 2 : explain SELECT k FROM sbtest2 WHERE k BETWEEN 1638451 AND 1638551
	Index Only Scan using k_2 on sbtest2  (cost=0.43..6.47 rows=102 width=4)
	  Index Cond: ((k >= 1638451) AND (k <= 1638551))

table 3 : explain SELECT k FROM sbtest3 WHERE k BETWEEN 1638451 AND 1638551
	Index Only Scan using k_3 on sbtest3  (cost=0.43..6.40 rows=98 width=4)
	  Index Cond: ((k >= 1638451) AND (k <= 1638551))

table 4 : explain SELECT k FROM sbtest4 WHERE k BETWEEN 1638451 AND 1638551
	Index Only Scan using k_4 on sbtest4  (cost=0.43..6.59 rows=108 width=4)
	  Index Cond: ((k >= 1638451) AND (k <= 1638551))

table 5 : explain SELECT k FROM sbtest5 WHERE k BETWEEN 1638451 AND 1638551
	Index Only Scan using k_5 on sbtest5  (cost=0.43..6.27 rows=92 width=4)
	  Index Cond: ((k >= 1638451) AND (k <= 1638551))

table 6 : explain SELECT k FROM sbtest6 WHERE k BETWEEN 1638451 AND 1638551
	Index Only Scan using k_6 on sbtest6  (cost=0.43..6.37 rows=97 width=4)
	  Index Cond: ((k >= 1638451) AND (k <= 1638551))

table 7 : explain SELECT k FROM sbtest7 WHERE k BETWEEN 1638451 AND 1638551
	Index Only Scan using k_7 on sbtest7  (cost=0.43..6.56 rows=106 width=4)
	  Index Cond: ((k >= 1638451) AND (k <= 1638551))

table 8 : explain SELECT k FROM sbtest8 WHERE k BETWEEN 1638451 AND 1638551
	Index Only Scan using k_8 on sbtest8  (cost=0.43..6.63 rows=110 width=4)
	  Index Cond: ((k >= 1638451) AND (k <= 1638551))

explain: for range-covered :: explain SELECT k FROM sbtest%d WHERE k BETWEEN 1638451 AND 1638551
for range-covered
table 1 : explain SELECT k FROM sbtest1 WHERE k BETWEEN 4128578 AND 4128678
	Index Only Scan using k_1 on sbtest1  (cost=0.43..6.37 rows=97 width=4)
	  Index Cond: ((k >= 4128578) AND (k <= 4128678))

table 2 : explain SELECT k FROM sbtest2 WHERE k BETWEEN 4128578 AND 4128678
	Index Only Scan using k_2 on sbtest2  (cost=0.43..6.43 rows=100 width=4)
	  Index Cond: ((k >= 4128578) AND (k <= 4128678))

table 3 : explain SELECT k FROM sbtest3 WHERE k BETWEEN 4128578 AND 4128678
	Index Only Scan using k_3 on sbtest3  (cost=0.43..6.59 rows=108 width=4)
	  Index Cond: ((k >= 4128578) AND (k <= 4128678))

table 4 : explain SELECT k FROM sbtest4 WHERE k BETWEEN 4128578 AND 4128678
	Index Only Scan using k_4 on sbtest4  (cost=0.43..6.40 rows=98 width=4)
	  Index Cond: ((k >= 4128578) AND (k <= 4128678))

table 5 : explain SELECT k FROM sbtest5 WHERE k BETWEEN 4128578 AND 4128678
	Index Only Scan using k_5 on sbtest5  (cost=0.43..6.53 rows=105 width=4)
	  Index Cond: ((k >= 4128578) AND (k <= 4128678))

table 6 : explain SELECT k FROM sbtest6 WHERE k BETWEEN 4128578 AND 4128678
	Index Only Scan using k_6 on sbtest6  (cost=0.43..6.35 rows=96 width=4)
	  Index Cond: ((k >= 4128578) AND (k <= 4128678))

table 7 : explain SELECT k FROM sbtest7 WHERE k BETWEEN 4128578 AND 4128678
	Index Only Scan using k_7 on sbtest7  (cost=0.43..6.53 rows=105 width=4)
	  Index Cond: ((k >= 4128578) AND (k <= 4128678))

table 8 : explain SELECT k FROM sbtest8 WHERE k BETWEEN 4128578 AND 4128678
	Index Only Scan using k_8 on sbtest8  (cost=0.43..6.59 rows=108 width=4)
	  Index Cond: ((k >= 4128578) AND (k <= 4128678))

explain: for range-covered :: explain SELECT k FROM sbtest%d WHERE k BETWEEN 8171378 AND 8171478
explain: for range-covered :: explain SELECT k FROM sbtest%d WHERE k BETWEEN 4128578 AND 4128678
for range-covered
table 1 : explain SELECT k FROM sbtest1 WHERE k BETWEEN 5375515 AND 5375615
	Index Only Scan using k_1 on sbtest1  (cost=0.43..6.59 rows=108 width=4)
	  Index Cond: ((k >= 5375515) AND (k <= 5375615))

table 2 : explain SELECT k FROM sbtest2 WHERE k BETWEEN 5375515 AND 5375615
	Index Only Scan using k_2 on sbtest2  (cost=0.43..6.32 rows=94 width=4)
	  Index Cond: ((k >= 5375515) AND (k <= 5375615))

table 3 : explain SELECT k FROM sbtest3 WHERE k BETWEEN 5375515 AND 5375615
	Index Only Scan using k_3 on sbtest3  (cost=0.43..6.51 rows=104 width=4)
	  Index Cond: ((k >= 5375515) AND (k <= 5375615))

table 4 : explain SELECT k FROM sbtest4 WHERE k BETWEEN 5375515 AND 5375615
	Index Only Scan using k_4 on sbtest4  (cost=0.43..6.42 rows=99 width=4)
	  Index Cond: ((k >= 5375515) AND (k <= 5375615))

table 5 : explain SELECT k FROM sbtest5 WHERE k BETWEEN 5375515 AND 5375615
	Index Only Scan using k_5 on sbtest5  (cost=0.43..6.67 rows=112 width=4)
	  Index Cond: ((k >= 5375515) AND (k <= 5375615))

table 6 : explain SELECT k FROM sbtest6 WHERE k BETWEEN 5375515 AND 5375615
	Index Only Scan using k_6 on sbtest6  (cost=0.43..6.45 rows=101 width=4)
	  Index Cond: ((k >= 5375515) AND (k <= 5375615))

table 7 : explain SELECT k FROM sbtest7 WHERE k BETWEEN 5375515 AND 5375615
	Index Only Scan using k_7 on sbtest7  (cost=0.43..6.59 rows=108 width=4)
	  Index Cond: ((k >= 5375515) AND (k <= 5375615))

table 8 : explain SELECT k FROM sbtest8 WHERE k BETWEEN 5375515 AND 5375615
	Index Only Scan using k_8 on sbtest8  (cost=0.43..6.58 rows=107 width=4)
	  Index Cond: ((k >= 5375515) AND (k <= 5375615))

for range-covered
table 1 : explain SELECT k FROM sbtest1 WHERE k BETWEEN 5590525 AND 5590625
	Index Only Scan using k_1 on sbtest1  (cost=0.43..6.63 rows=110 width=4)
	  Index Cond: ((k >= 5590525) AND (k <= 5590625))

table 2 : explain SELECT k FROM sbtest2 WHERE k BETWEEN 5590525 AND 5590625
	Index Only Scan using k_2 on sbtest2  (cost=0.43..6.45 rows=101 width=4)
	  Index Cond: ((k >= 5590525) AND (k <= 5590625))

table 3 : explain SELECT k FROM sbtest3 WHERE k BETWEEN 5590525 AND 5590625
	Index Only Scan using k_3 on sbtest3  (cost=0.43..6.45 rows=101 width=4)
	  Index Cond: ((k >= 5590525) AND (k <= 5590625))

table 4 : explain SELECT k FROM sbtest4 WHERE k BETWEEN 5590525 AND 5590625
	Index Only Scan using k_4 on sbtest4  (cost=0.43..6.40 rows=98 width=4)
	  Index Cond: ((k >= 5590525) AND (k <= 5590625))

table 5 : explain SELECT k FROM sbtest5 WHERE k BETWEEN 5590525 AND 5590625
	Index Only Scan using k_5 on sbtest5  (cost=0.43..6.43 rows=100 width=4)
	  Index Cond: ((k >= 5590525) AND (k <= 5590625))

table 6 : explain SELECT k FROM sbtest6 WHERE k BETWEEN 5590525 AND 5590625
	Index Only Scan using k_6 on sbtest6  (cost=0.43..6.47 rows=102 width=4)
	  Index Cond: ((k >= 5590525) AND (k <= 5590625))

table 7 : explain SELECT k FROM sbtest7 WHERE k BETWEEN 5590525 AND 5590625
	Index Only Scan using k_7 on sbtest7  (cost=0.43..6.66 rows=111 width=4)
	  Index Cond: ((k >= 5590525) AND (k <= 5590625))

table 8 : explain SELECT k FROM sbtest8 WHERE k BETWEEN 5590525 AND 5590625
	Index Only Scan using k_8 on sbtest8  (cost=0.43..6.37 rows=97 width=4)
	  Index Cond: ((k >= 5590525) AND (k <= 5590625))

explain: for range-covered :: explain SELECT k FROM sbtest%d WHERE k BETWEEN 5375515 AND 5375615
explain: for range-covered :: explain SELECT k FROM sbtest%d WHERE k BETWEEN 5590525 AND 5590625
for range-covered
table 1 : explain SELECT k FROM sbtest1 WHERE k BETWEEN 5033135 AND 5033235
	Index Only Scan using k_1 on sbtest1  (cost=0.43..6.42 rows=99 width=4)
	  Index Cond: ((k >= 5033135) AND (k <= 5033235))

table 2 : explain SELECT k FROM sbtest2 WHERE k BETWEEN 5033135 AND 5033235
	Index Only Scan using k_2 on sbtest2  (cost=0.43..6.35 rows=96 width=4)
	  Index Cond: ((k >= 5033135) AND (k <= 5033235))

table 3 : explain SELECT k FROM sbtest3 WHERE k BETWEEN 5033135 AND 5033235
	Index Only Scan using k_3 on sbtest3  (cost=0.43..6.56 rows=106 width=4)
	  Index Cond: ((k >= 5033135) AND (k <= 5033235))

table 4 : explain SELECT k FROM sbtest4 WHERE k BETWEEN 5033135 AND 5033235
	Index Only Scan using k_4 on sbtest4  (cost=0.43..6.67 rows=112 width=4)
	  Index Cond: ((k >= 5033135) AND (k <= 5033235))

table 5 : explain SELECT k FROM sbtest5 WHERE k BETWEEN 5033135 AND 5033235
	Index Only Scan using k_5 on sbtest5  (cost=0.43..6.53 rows=105 width=4)
	  Index Cond: ((k >= 5033135) AND (k <= 5033235))

table 6 : explain SELECT k FROM sbtest6 WHERE k BETWEEN 5033135 AND 5033235
	Index Only Scan using k_6 on sbtest6  (cost=0.43..6.37 rows=97 width=4)
	  Index Cond: ((k >= 5033135) AND (k <= 5033235))

table 7 : explain SELECT k FROM sbtest7 WHERE k BETWEEN 5033135 AND 5033235
	Index Only Scan using k_7 on sbtest7  (cost=0.43..6.33 rows=95 width=4)
	  Index Cond: ((k >= 5033135) AND (k <= 5033235))

table 8 : explain SELECT k FROM sbtest8 WHERE k BETWEEN 5033135 AND 5033235
	Index Only Scan using k_8 on sbtest8  (cost=0.43..6.37 rows=97 width=4)
	  Index Cond: ((k >= 5033135) AND (k <= 5033235))

for range-covered
table 1 : explain SELECT k FROM sbtest1 WHERE k BETWEEN 1638451 AND 1638551
	Index Only Scan using k_1 on sbtest1  (cost=0.43..6.51 rows=104 width=4)
	  Index Cond: ((k >= 1638451) AND (k <= 1638551))

table 2 : explain SELECT k FROM sbtest2 WHERE k BETWEEN 1638451 AND 1638551
	Index Only Scan using k_2 on sbtest2  (cost=0.43..6.47 rows=102 width=4)
	  Index Cond: ((k >= 1638451) AND (k <= 1638551))

table 3 : explain SELECT k FROM sbtest3 WHERE k BETWEEN 1638451 AND 1638551
	Index Only Scan using k_3 on sbtest3  (cost=0.43..6.40 rows=98 width=4)
	  Index Cond: ((k >= 1638451) AND (k <= 1638551))

table 4 : explain SELECT k FROM sbtest4 WHERE k BETWEEN 1638451 AND 1638551
	Index Only Scan using k_4 on sbtest4  (cost=0.43..6.59 rows=108 width=4)
	  Index Cond: ((k >= 1638451) AND (k <= 1638551))

table 5 : explain SELECT k FROM sbtest5 WHERE k BETWEEN 1638451 AND 1638551
	Index Only Scan using k_5 on sbtest5  (cost=0.43..6.27 rows=92 width=4)
	  Index Cond: ((k >= 1638451) AND (k <= 1638551))

table 6 : explain SELECT k FROM sbtest6 WHERE k BETWEEN 1638451 AND 1638551
	Index Only Scan using k_6 on sbtest6  (cost=0.43..6.37 rows=97 width=4)
	  Index Cond: ((k >= 1638451) AND (k <= 1638551))

table 7 : explain SELECT k FROM sbtest7 WHERE k BETWEEN 1638451 AND 1638551
	Index Only Scan using k_7 on sbtest7  (cost=0.43..6.56 rows=106 width=4)
	  Index Cond: ((k >= 1638451) AND (k <= 1638551))

table 8 : explain SELECT k FROM sbtest8 WHERE k BETWEEN 1638451 AND 1638551
	Index Only Scan using k_8 on sbtest8  (cost=0.43..6.63 rows=110 width=4)
	  Index Cond: ((k >= 1638451) AND (k <= 1638551))

explain: for range-covered :: explain SELECT k FROM sbtest%d WHERE k BETWEEN 5033135 AND 5033235
explain: for range-covered :: explain SELECT k FROM sbtest%d WHERE k BETWEEN 1638451 AND 1638551
for range-covered
table 1 : explain SELECT k FROM sbtest1 WHERE k BETWEEN 9320475 AND 9320575
	Index Only Scan using k_1 on sbtest1  (cost=0.43..6.51 rows=104 width=4)
	  Index Cond: ((k >= 9320475) AND (k <= 9320575))

table 2 : explain SELECT k FROM sbtest2 WHERE k BETWEEN 9320475 AND 9320575
	Index Only Scan using k_2 on sbtest2  (cost=0.43..6.56 rows=106 width=4)
	  Index Cond: ((k >= 9320475) AND (k <= 9320575))

table 3 : explain SELECT k FROM sbtest3 WHERE k BETWEEN 9320475 AND 9320575
	Index Only Scan using k_3 on sbtest3  (cost=0.43..6.37 rows=97 width=4)
	  Index Cond: ((k >= 9320475) AND (k <= 9320575))

table 4 : explain SELECT k FROM sbtest4 WHERE k BETWEEN 9320475 AND 9320575
	Index Only Scan using k_4 on sbtest4  (cost=0.43..6.37 rows=97 width=4)
	  Index Cond: ((k >= 9320475) AND (k <= 9320575))

table 5 : explain SELECT k FROM sbtest5 WHERE k BETWEEN 9320475 AND 9320575
	Index Only Scan using k_5 on sbtest5  (cost=0.43..6.51 rows=104 width=4)
	  Index Cond: ((k >= 9320475) AND (k <= 9320575))

table 6 : explain SELECT k FROM sbtest6 WHERE k BETWEEN 9320475 AND 9320575
	Index Only Scan using k_6 on sbtest6  (cost=0.43..6.47 rows=102 width=4)
	  Index Cond: ((k >= 9320475) AND (k <= 9320575))

table 7 : explain SELECT k FROM sbtest7 WHERE k BETWEEN 9320475 AND 9320575
	Index Only Scan using k_7 on sbtest7  (cost=0.43..6.50 rows=103 width=4)
	  Index Cond: ((k >= 9320475) AND (k <= 9320575))

table 8 : explain SELECT k FROM sbtest8 WHERE k BETWEEN 9320475 AND 9320575
	Index Only Scan using k_8 on sbtest8  (cost=0.43..6.47 rows=102 width=4)
	  Index Cond: ((k >= 9320475) AND (k <= 9320575))
explain: for range-covered :: explain SELECT k FROM sbtest%d WHERE k BETWEEN 4583950 AND 4584050
for range-covered
table 1 : explain SELECT k FROM sbtest1 WHERE k BETWEEN 4128578 AND 4128678
	Index Only Scan using k_1 on sbtest1  (cost=0.43..6.37 rows=97 width=4)
	  Index Cond: ((k >= 4128578) AND (k <= 4128678))

table 2 : explain SELECT k FROM sbtest2 WHERE k BETWEEN 4128578 AND 4128678
	Index Only Scan using k_2 on sbtest2  (cost=0.43..6.43 rows=100 width=4)
	  Index Cond: ((k >= 4128578) AND (k <= 4128678))

table 3 : explain SELECT k FROM sbtest3 WHERE k BETWEEN 4128578 AND 4128678
	Index Only Scan using k_3 on sbtest3  (cost=0.43..6.59 rows=108 width=4)
	  Index Cond: ((k >= 4128578) AND (k <= 4128678))

table 4 : explain SELECT k FROM sbtest4 WHERE k BETWEEN 4128578 AND 4128678
	Index Only Scan using k_4 on sbtest4  (cost=0.43..6.40 rows=98 width=4)
	  Index Cond: ((k >= 4128578) AND (k <= 4128678))

table 5 : explain SELECT k FROM sbtest5 WHERE k BETWEEN 4128578 AND 4128678
	Index Only Scan using k_5 on sbtest5  (cost=0.43..6.53 rows=105 width=4)
	  Index Cond: ((k >= 4128578) AND (k <= 4128678))

table 6 : explain SELECT k FROM sbtest6 WHERE k BETWEEN 4128578 AND 4128678
	Index Only Scan using k_6 on sbtest6  (cost=0.43..6.35 rows=96 width=4)
	  Index Cond: ((k >= 4128578) AND (k <= 4128678))

table 7 : explain SELECT k FROM sbtest7 WHERE k BETWEEN 4128578 AND 4128678
	Index Only Scan using k_7 on sbtest7  (cost=0.43..6.53 rows=105 width=4)
	  Index Cond: ((k >= 4128578) AND (k <= 4128678))

table 8 : explain SELECT k FROM sbtest8 WHERE k BETWEEN 4128578 AND 4128678
	Index Only Scan using k_8 on sbtest8  (cost=0.43..6.59 rows=108 width=4)
	  Index Cond: ((k >= 4128578) AND (k <= 4128678))

explain: for range-covered :: explain SELECT k FROM sbtest%d WHERE k BETWEEN 4128578 AND 4128678
for range-covered
table 1 : explain SELECT k FROM sbtest1 WHERE k BETWEEN 5375515 AND 5375615
	Index Only Scan using k_1 on sbtest1  (cost=0.43..6.59 rows=108 width=4)
	  Index Cond: ((k >= 5375515) AND (k <= 5375615))

table 2 : explain SELECT k FROM sbtest2 WHERE k BETWEEN 5375515 AND 5375615
	Index Only Scan using k_2 on sbtest2  (cost=0.43..6.32 rows=94 width=4)
	  Index Cond: ((k >= 5375515) AND (k <= 5375615))

table 3 : explain SELECT k FROM sbtest3 WHERE k BETWEEN 5375515 AND 5375615
	Index Only Scan using k_3 on sbtest3  (cost=0.43..6.51 rows=104 width=4)
	  Index Cond: ((k >= 5375515) AND (k <= 5375615))

table 4 : explain SELECT k FROM sbtest4 WHERE k BETWEEN 5375515 AND 5375615
	Index Only Scan using k_4 on sbtest4  (cost=0.43..6.42 rows=99 width=4)
	  Index Cond: ((k >= 5375515) AND (k <= 5375615))

table 5 : explain SELECT k FROM sbtest5 WHERE k BETWEEN 5375515 AND 5375615
	Index Only Scan using k_5 on sbtest5  (cost=0.43..6.67 rows=112 width=4)
	  Index Cond: ((k >= 5375515) AND (k <= 5375615))

table 6 : explain SELECT k FROM sbtest6 WHERE k BETWEEN 5375515 AND 5375615
	Index Only Scan using k_6 on sbtest6  (cost=0.43..6.45 rows=101 width=4)
	  Index Cond: ((k >= 5375515) AND (k <= 5375615))

table 7 : explain SELECT k FROM sbtest7 WHERE k BETWEEN 5375515 AND 5375615
	Index Only Scan using k_7 on sbtest7  (cost=0.43..6.59 rows=108 width=4)
	  Index Cond: ((k >= 5375515) AND (k <= 5375615))

table 8 : explain SELECT k FROM sbtest8 WHERE k BETWEEN 5375515 AND 5375615
	Index Only Scan using k_8 on sbtest8  (cost=0.43..6.58 rows=107 width=4)
	  Index Cond: ((k >= 5375515) AND (k <= 5375615))

explain: for range-covered :: explain SELECT k FROM sbtest%d WHERE k BETWEEN 5375515 AND 5375615

for range-covered
table 1 : explain SELECT k FROM sbtest1 WHERE k BETWEEN 5590525 AND 5590625
	Index Only Scan using k_1 on sbtest1  (cost=0.43..6.63 rows=110 width=4)
	  Index Cond: ((k >= 5590525) AND (k <= 5590625))

table 2 : explain SELECT k FROM sbtest2 WHERE k BETWEEN 5590525 AND 5590625
	Index Only Scan using k_2 on sbtest2  (cost=0.43..6.45 rows=101 width=4)
	  Index Cond: ((k >= 5590525) AND (k <= 5590625))

table 3 : explain SELECT k FROM sbtest3 WHERE k BETWEEN 5590525 AND 5590625
	Index Only Scan using k_3 on sbtest3  (cost=0.43..6.45 rows=101 width=4)
	  Index Cond: ((k >= 5590525) AND (k <= 5590625))

table 4 : explain SELECT k FROM sbtest4 WHERE k BETWEEN 5590525 AND 5590625
	Index Only Scan using k_4 on sbtest4  (cost=0.43..6.40 rows=98 width=4)
	  Index Cond: ((k >= 5590525) AND (k <= 5590625))

table 5 : explain SELECT k FROM sbtest5 WHERE k BETWEEN 5590525 AND 5590625
	Index Only Scan using k_5 on sbtest5  (cost=0.43..6.43 rows=100 width=4)
	  Index Cond: ((k >= 5590525) AND (k <= 5590625))

table 6 : explain SELECT k FROM sbtest6 WHERE k BETWEEN 5590525 AND 5590625
	Index Only Scan using k_6 on sbtest6  (cost=0.43..6.47 rows=102 width=4)
	  Index Cond: ((k >= 5590525) AND (k <= 5590625))

table 7 : explain SELECT k FROM sbtest7 WHERE k BETWEEN 5590525 AND 5590625
	Index Only Scan using k_7 on sbtest7  (cost=0.43..6.66 rows=111 width=4)
	  Index Cond: ((k >= 5590525) AND (k <= 5590625))

table 8 : explain SELECT k FROM sbtest8 WHERE k BETWEEN 5590525 AND 5590625
	Index Only Scan using k_8 on sbtest8  (cost=0.43..6.37 rows=97 width=4)
	  Index Cond: ((k >= 5590525) AND (k <= 5590625))

explain: for range-covered :: explain SELECT k FROM sbtest%d WHERE k BETWEEN 9320475 AND 9320575
explain: for range-covered :: explain SELECT k FROM sbtest%d WHERE k BETWEEN 5590525 AND 5590625
for range-covered
table 1 : explain SELECT k FROM sbtest1 WHERE k BETWEEN 5033135 AND 5033235
	Index Only Scan using k_1 on sbtest1  (cost=0.43..6.42 rows=99 width=4)
	  Index Cond: ((k >= 5033135) AND (k <= 5033235))

table 2 : explain SELECT k FROM sbtest2 WHERE k BETWEEN 5033135 AND 5033235
	Index Only Scan using k_2 on sbtest2  (cost=0.43..6.35 rows=96 width=4)
	  Index Cond: ((k >= 5033135) AND (k <= 5033235))

table 3 : explain SELECT k FROM sbtest3 WHERE k BETWEEN 5033135 AND 5033235
	Index Only Scan using k_3 on sbtest3  (cost=0.43..6.56 rows=106 width=4)
	  Index Cond: ((k >= 5033135) AND (k <= 5033235))

table 4 : explain SELECT k FROM sbtest4 WHERE k BETWEEN 5033135 AND 5033235
	Index Only Scan using k_4 on sbtest4  (cost=0.43..6.67 rows=112 width=4)
	  Index Cond: ((k >= 5033135) AND (k <= 5033235))

table 5 : explain SELECT k FROM sbtest5 WHERE k BETWEEN 5033135 AND 5033235
	Index Only Scan using k_5 on sbtest5  (cost=0.43..6.53 rows=105 width=4)
	  Index Cond: ((k >= 5033135) AND (k <= 5033235))

table 6 : explain SELECT k FROM sbtest6 WHERE k BETWEEN 5033135 AND 5033235
	Index Only Scan using k_6 on sbtest6  (cost=0.43..6.37 rows=97 width=4)
	  Index Cond: ((k >= 5033135) AND (k <= 5033235))

table 7 : explain SELECT k FROM sbtest7 WHERE k BETWEEN 5033135 AND 5033235
	Index Only Scan using k_7 on sbtest7  (cost=0.43..6.33 rows=95 width=4)
	  Index Cond: ((k >= 5033135) AND (k <= 5033235))

table 8 : explain SELECT k FROM sbtest8 WHERE k BETWEEN 5033135 AND 5033235
	Index Only Scan using k_8 on sbtest8  (cost=0.43..6.37 rows=97 width=4)
	  Index Cond: ((k >= 5033135) AND (k <= 5033235))

for range-covered
table 1 : explain SELECT k FROM sbtest1 WHERE k BETWEEN 8171378 AND 8171478
	Index Only Scan using k_1 on sbtest1  (cost=0.43..6.53 rows=105 width=4)
	  Index Cond: ((k >= 8171378) AND (k <= 8171478))

table 2 : explain SELECT k FROM sbtest2 WHERE k BETWEEN 8171378 AND 8171478
	Index Only Scan using k_2 on sbtest2  (cost=0.43..6.24 rows=90 width=4)
	  Index Cond: ((k >= 8171378) AND (k <= 8171478))

table 3 : explain SELECT k FROM sbtest3 WHERE k BETWEEN 8171378 AND 8171478
	Index Only Scan using k_3 on sbtest3  (cost=0.43..6.45 rows=101 width=4)
	  Index Cond: ((k >= 8171378) AND (k <= 8171478))

table 4 : explain SELECT k FROM sbtest4 WHERE k BETWEEN 8171378 AND 8171478
	Index Only Scan using k_4 on sbtest4  (cost=0.43..6.51 rows=104 width=4)
	  Index Cond: ((k >= 8171378) AND (k <= 8171478))

table 5 : explain SELECT k FROM sbtest5 WHERE k BETWEEN 8171378 AND 8171478
	Index Only Scan using k_5 on sbtest5  (cost=0.43..6.61 rows=109 width=4)
	  Index Cond: ((k >= 8171378) AND (k <= 8171478))

table 6 : explain SELECT k FROM sbtest6 WHERE k BETWEEN 8171378 AND 8171478
	Index Only Scan using k_6 on sbtest6  (cost=0.43..6.45 rows=101 width=4)
	  Index Cond: ((k >= 8171378) AND (k <= 8171478))

table 7 : explain SELECT k FROM sbtest7 WHERE k BETWEEN 8171378 AND 8171478
	Index Only Scan using k_7 on sbtest7  (cost=0.43..6.56 rows=106 width=4)
	  Index Cond: ((k >= 8171378) AND (k <= 8171478))

table 8 : explain SELECT k FROM sbtest8 WHERE k BETWEEN 8171378 AND 8171478
	Index Only Scan using k_8 on sbtest8  (cost=0.43..6.37 rows=97 width=4)
	  Index Cond: ((k >= 8171378) AND (k <= 8171478))

for range-covered
table 1 : explain SELECT k FROM sbtest1 WHERE k BETWEEN 1638451 AND 1638551
	Index Only Scan using k_1 on sbtest1  (cost=0.43..6.51 rows=104 width=4)
	  Index Cond: ((k >= 1638451) AND (k <= 1638551))

table 2 : explain SELECT k FROM sbtest2 WHERE k BETWEEN 1638451 AND 1638551
	Index Only Scan using k_2 on sbtest2  (cost=0.43..6.47 rows=102 width=4)
	  Index Cond: ((k >= 1638451) AND (k <= 1638551))

table 3 : explain SELECT k FROM sbtest3 WHERE k BETWEEN 1638451 AND 1638551
	Index Only Scan using k_3 on sbtest3  (cost=0.43..6.40 rows=98 width=4)
	  Index Cond: ((k >= 1638451) AND (k <= 1638551))

table 4 : explain SELECT k FROM sbtest4 WHERE k BETWEEN 1638451 AND 1638551
	Index Only Scan using k_4 on sbtest4  (cost=0.43..6.59 rows=108 width=4)
	  Index Cond: ((k >= 1638451) AND (k <= 1638551))

table 5 : explain SELECT k FROM sbtest5 WHERE k BETWEEN 1638451 AND 1638551
	Index Only Scan using k_5 on sbtest5  (cost=0.43..6.27 rows=92 width=4)
	  Index Cond: ((k >= 1638451) AND (k <= 1638551))

table 6 : explain SELECT k FROM sbtest6 WHERE k BETWEEN 1638451 AND 1638551
	Index Only Scan using k_6 on sbtest6  (cost=0.43..6.37 rows=97 width=4)
	  Index Cond: ((k >= 1638451) AND (k <= 1638551))

table 7 : explain SELECT k FROM sbtest7 WHERE k BETWEEN 1638451 AND 1638551
	Index Only Scan using k_7 on sbtest7  (cost=0.43..6.56 rows=106 width=4)
	  Index Cond: ((k >= 1638451) AND (k <= 1638551))

table 8 : explain SELECT k FROM sbtest8 WHERE k BETWEEN 1638451 AND 1638551
	Index Only Scan using k_8 on sbtest8  (cost=0.43..6.63 rows=110 width=4)
	  Index Cond: ((k >= 1638451) AND (k <= 1638551))

explain: for range-covered :: explain SELECT k FROM sbtest%d WHERE k BETWEEN 5033135 AND 5033235
for range-covered
table 1 : explain SELECT k FROM sbtest1 WHERE k BETWEEN 4128578 AND 4128678
	Index Only Scan using k_1 on sbtest1  (cost=0.43..6.37 rows=97 width=4)
	  Index Cond: ((k >= 4128578) AND (k <= 4128678))

table 2 : explain SELECT k FROM sbtest2 WHERE k BETWEEN 4128578 AND 4128678
	Index Only Scan using k_2 on sbtest2  (cost=0.43..6.43 rows=100 width=4)
	  Index Cond: ((k >= 4128578) AND (k <= 4128678))

table 3 : explain SELECT k FROM sbtest3 WHERE k BETWEEN 4128578 AND 4128678
	Index Only Scan using k_3 on sbtest3  (cost=0.43..6.59 rows=108 width=4)
	  Index Cond: ((k >= 4128578) AND (k <= 4128678))

table 4 : explain SELECT k FROM sbtest4 WHERE k BETWEEN 4128578 AND 4128678
	Index Only Scan using k_4 on sbtest4  (cost=0.43..6.40 rows=98 width=4)
	  Index Cond: ((k >= 4128578) AND (k <= 4128678))

table 5 : explain SELECT k FROM sbtest5 WHERE k BETWEEN 4128578 AND 4128678
	Index Only Scan using k_5 on sbtest5  (cost=0.43..6.53 rows=105 width=4)
	  Index Cond: ((k >= 4128578) AND (k <= 4128678))

table 6 : explain SELECT k FROM sbtest6 WHERE k BETWEEN 4128578 AND 4128678
	Index Only Scan using k_6 on sbtest6  (cost=0.43..6.35 rows=96 width=4)
	  Index Cond: ((k >= 4128578) AND (k <= 4128678))

table 7 : explain SELECT k FROM sbtest7 WHERE k BETWEEN 4128578 AND 4128678
	Index Only Scan using k_7 on sbtest7  (cost=0.43..6.53 rows=105 width=4)
	  Index Cond: ((k >= 4128578) AND (k <= 4128678))

table 8 : explain SELECT k FROM sbtest8 WHERE k BETWEEN 4128578 AND 4128678
	Index Only Scan using k_8 on sbtest8  (cost=0.43..6.59 rows=108 width=4)
	  Index Cond: ((k >= 4128578) AND (k <= 4128678))

for range-covered
table 1 : explain SELECT k FROM sbtest1 WHERE k BETWEEN 2825145 AND 2825245
	Index Only Scan using k_1 on sbtest1  (cost=0.43..6.25 rows=91 width=4)
	  Index Cond: ((k >= 2825145) AND (k <= 2825245))

table 2 : explain SELECT k FROM sbtest2 WHERE k BETWEEN 2825145 AND 2825245
	Index Only Scan using k_2 on sbtest2  (cost=0.43..6.29 rows=93 width=4)
	  Index Cond: ((k >= 2825145) AND (k <= 2825245))

table 3 : explain SELECT k FROM sbtest3 WHERE k BETWEEN 2825145 AND 2825245
	Index Only Scan using k_3 on sbtest3  (cost=0.43..6.69 rows=113 width=4)
	  Index Cond: ((k >= 2825145) AND (k <= 2825245))

table 4 : explain SELECT k FROM sbtest4 WHERE k BETWEEN 2825145 AND 2825245
	Index Only Scan using k_4 on sbtest4  (cost=0.43..6.50 rows=103 width=4)
	  Index Cond: ((k >= 2825145) AND (k <= 2825245))

table 5 : explain SELECT k FROM sbtest5 WHERE k BETWEEN 2825145 AND 2825245
	Index Only Scan using k_5 on sbtest5  (cost=0.43..6.40 rows=98 width=4)
	  Index Cond: ((k >= 2825145) AND (k <= 2825245))

table 6 : explain SELECT k FROM sbtest6 WHERE k BETWEEN 2825145 AND 2825245
	Index Only Scan using k_6 on sbtest6  (cost=0.43..6.35 rows=96 width=4)
	  Index Cond: ((k >= 2825145) AND (k <= 2825245))

table 7 : explain SELECT k FROM sbtest7 WHERE k BETWEEN 2825145 AND 2825245
	Index Only Scan using k_7 on sbtest7  (cost=0.43..6.53 rows=105 width=4)
	  Index Cond: ((k >= 2825145) AND (k <= 2825245))

table 8 : explain SELECT k FROM sbtest8 WHERE k BETWEEN 2825145 AND 2825245
	Index Only Scan using k_8 on sbtest8  (cost=0.43..6.45 rows=101 width=4)
	  Index Cond: ((k >= 2825145) AND (k <= 2825245))

explain: for range-covered :: explain SELECT k FROM sbtest%d WHERE k BETWEEN 4128578 AND 4128678
explain: for range-covered :: explain SELECT k FROM sbtest%d WHERE k BETWEEN 8171378 AND 8171478
for range-covered
table 1 : explain SELECT k FROM sbtest1 WHERE k BETWEEN 5375515 AND 5375615
	Index Only Scan using k_1 on sbtest1  (cost=0.43..6.59 rows=108 width=4)
	  Index Cond: ((k >= 5375515) AND (k <= 5375615))

table 2 : explain SELECT k FROM sbtest2 WHERE k BETWEEN 5375515 AND 5375615
	Index Only Scan using k_2 on sbtest2  (cost=0.43..6.32 rows=94 width=4)
	  Index Cond: ((k >= 5375515) AND (k <= 5375615))

table 3 : explain SELECT k FROM sbtest3 WHERE k BETWEEN 5375515 AND 5375615
	Index Only Scan using k_3 on sbtest3  (cost=0.43..6.51 rows=104 width=4)
	  Index Cond: ((k >= 5375515) AND (k <= 5375615))

table 4 : explain SELECT k FROM sbtest4 WHERE k BETWEEN 5375515 AND 5375615
	Index Only Scan using k_4 on sbtest4  (cost=0.43..6.42 rows=99 width=4)
	  Index Cond: ((k >= 5375515) AND (k <= 5375615))

table 5 : explain SELECT k FROM sbtest5 WHERE k BETWEEN 5375515 AND 5375615
	Index Only Scan using k_5 on sbtest5  (cost=0.43..6.67 rows=112 width=4)
	  Index Cond: ((k >= 5375515) AND (k <= 5375615))

table 6 : explain SELECT k FROM sbtest6 WHERE k BETWEEN 5375515 AND 5375615
	Index Only Scan using k_6 on sbtest6  (cost=0.43..6.45 rows=101 width=4)
	  Index Cond: ((k >= 5375515) AND (k <= 5375615))

table 7 : explain SELECT k FROM sbtest7 WHERE k BETWEEN 5375515 AND 5375615
	Index Only Scan using k_7 on sbtest7  (cost=0.43..6.59 rows=108 width=4)
	  Index Cond: ((k >= 5375515) AND (k <= 5375615))

table 8 : explain SELECT k FROM sbtest8 WHERE k BETWEEN 5375515 AND 5375615
	Index Only Scan using k_8 on sbtest8  (cost=0.43..6.58 rows=107 width=4)
	  Index Cond: ((k >= 5375515) AND (k <= 5375615))

explain: for range-covered :: explain SELECT k FROM sbtest%d WHERE k BETWEEN 5375515 AND 5375615
for range-covered
table 1 : explain SELECT k FROM sbtest1 WHERE k BETWEEN 5590525 AND 5590625
	Index Only Scan using k_1 on sbtest1  (cost=0.43..6.63 rows=110 width=4)
	  Index Cond: ((k >= 5590525) AND (k <= 5590625))

table 2 : explain SELECT k FROM sbtest2 WHERE k BETWEEN 5590525 AND 5590625
	Index Only Scan using k_2 on sbtest2  (cost=0.43..6.45 rows=101 width=4)
	  Index Cond: ((k >= 5590525) AND (k <= 5590625))

table 3 : explain SELECT k FROM sbtest3 WHERE k BETWEEN 5590525 AND 5590625
	Index Only Scan using k_3 on sbtest3  (cost=0.43..6.45 rows=101 width=4)
	  Index Cond: ((k >= 5590525) AND (k <= 5590625))

table 4 : explain SELECT k FROM sbtest4 WHERE k BETWEEN 5590525 AND 5590625
	Index Only Scan using k_4 on sbtest4  (cost=0.43..6.40 rows=98 width=4)
	  Index Cond: ((k >= 5590525) AND (k <= 5590625))

table 5 : explain SELECT k FROM sbtest5 WHERE k BETWEEN 5590525 AND 5590625
	Index Only Scan using k_5 on sbtest5  (cost=0.43..6.43 rows=100 width=4)
	  Index Cond: ((k >= 5590525) AND (k <= 5590625))

table 6 : explain SELECT k FROM sbtest6 WHERE k BETWEEN 5590525 AND 5590625
	Index Only Scan using k_6 on sbtest6  (cost=0.43..6.47 rows=102 width=4)
	  Index Cond: ((k >= 5590525) AND (k <= 5590625))

table 7 : explain SELECT k FROM sbtest7 WHERE k BETWEEN 5590525 AND 5590625
	Index Only Scan using k_7 on sbtest7  (cost=0.43..6.66 rows=111 width=4)
	  Index Cond: ((k >= 5590525) AND (k <= 5590625))

table 8 : explain SELECT k FROM sbtest8 WHERE k BETWEEN 5590525 AND 5590625
	Index Only Scan using k_8 on sbtest8  (cost=0.43..6.37 rows=97 width=4)
	  Index Cond: ((k >= 5590525) AND (k <= 5590625))

for range-covered
table 1 : explain SELECT k FROM sbtest1 WHERE k BETWEEN 9320475 AND 9320575
	Index Only Scan using k_1 on sbtest1  (cost=0.43..6.51 rows=104 width=4)
	  Index Cond: ((k >= 9320475) AND (k <= 9320575))

table 2 : explain SELECT k FROM sbtest2 WHERE k BETWEEN 9320475 AND 9320575
	Index Only Scan using k_2 on sbtest2  (cost=0.43..6.56 rows=106 width=4)
	  Index Cond: ((k >= 9320475) AND (k <= 9320575))

table 3 : explain SELECT k FROM sbtest3 WHERE k BETWEEN 9320475 AND 9320575
	Index Only Scan using k_3 on sbtest3  (cost=0.43..6.37 rows=97 width=4)
	  Index Cond: ((k >= 9320475) AND (k <= 9320575))

table 4 : explain SELECT k FROM sbtest4 WHERE k BETWEEN 9320475 AND 9320575
	Index Only Scan using k_4 on sbtest4  (cost=0.43..6.37 rows=97 width=4)
	  Index Cond: ((k >= 9320475) AND (k <= 9320575))

table 5 : explain SELECT k FROM sbtest5 WHERE k BETWEEN 9320475 AND 9320575
	Index Only Scan using k_5 on sbtest5  (cost=0.43..6.51 rows=104 width=4)
	  Index Cond: ((k >= 9320475) AND (k <= 9320575))

table 6 : explain SELECT k FROM sbtest6 WHERE k BETWEEN 9320475 AND 9320575
	Index Only Scan using k_6 on sbtest6  (cost=0.43..6.47 rows=102 width=4)
	  Index Cond: ((k >= 9320475) AND (k <= 9320575))

table 7 : explain SELECT k FROM sbtest7 WHERE k BETWEEN 9320475 AND 9320575
	Index Only Scan using k_7 on sbtest7  (cost=0.43..6.50 rows=103 width=4)
	  Index Cond: ((k >= 9320475) AND (k <= 9320575))

table 8 : explain SELECT k FROM sbtest8 WHERE k BETWEEN 9320475 AND 9320575
	Index Only Scan using k_8 on sbtest8  (cost=0.43..6.47 rows=102 width=4)
	  Index Cond: ((k >= 9320475) AND (k <= 9320575))

explain: for range-covered :: explain SELECT k FROM sbtest%d WHERE k BETWEEN 5590525 AND 5590625
explain: for range-covered :: explain SELECT k FROM sbtest%d WHERE k BETWEEN 2825145 AND 2825245
explain: for range-covered :: explain SELECT k FROM sbtest%d WHERE k BETWEEN 9320475 AND 9320575
for range-covered
table 1 : explain SELECT k FROM sbtest1 WHERE k BETWEEN 5033135 AND 5033235
	Index Only Scan using k_1 on sbtest1  (cost=0.43..6.42 rows=99 width=4)
	  Index Cond: ((k >= 5033135) AND (k <= 5033235))

table 2 : explain SELECT k FROM sbtest2 WHERE k BETWEEN 5033135 AND 5033235
	Index Only Scan using k_2 on sbtest2  (cost=0.43..6.35 rows=96 width=4)
	  Index Cond: ((k >= 5033135) AND (k <= 5033235))

table 3 : explain SELECT k FROM sbtest3 WHERE k BETWEEN 5033135 AND 5033235
	Index Only Scan using k_3 on sbtest3  (cost=0.43..6.56 rows=106 width=4)
	  Index Cond: ((k >= 5033135) AND (k <= 5033235))

table 4 : explain SELECT k FROM sbtest4 WHERE k BETWEEN 5033135 AND 5033235
	Index Only Scan using k_4 on sbtest4  (cost=0.43..6.67 rows=112 width=4)
	  Index Cond: ((k >= 5033135) AND (k <= 5033235))

table 5 : explain SELECT k FROM sbtest5 WHERE k BETWEEN 5033135 AND 5033235
	Index Only Scan using k_5 on sbtest5  (cost=0.43..6.53 rows=105 width=4)
	  Index Cond: ((k >= 5033135) AND (k <= 5033235))

table 6 : explain SELECT k FROM sbtest6 WHERE k BETWEEN 5033135 AND 5033235
	Index Only Scan using k_6 on sbtest6  (cost=0.43..6.37 rows=97 width=4)
	  Index Cond: ((k >= 5033135) AND (k <= 5033235))

table 7 : explain SELECT k FROM sbtest7 WHERE k BETWEEN 5033135 AND 5033235
	Index Only Scan using k_7 on sbtest7  (cost=0.43..6.33 rows=95 width=4)
	  Index Cond: ((k >= 5033135) AND (k <= 5033235))

table 8 : explain SELECT k FROM sbtest8 WHERE k BETWEEN 5033135 AND 5033235
	Index Only Scan using k_8 on sbtest8  (cost=0.43..6.37 rows=97 width=4)
	  Index Cond: ((k >= 5033135) AND (k <= 5033235))

explain: for range-covered :: explain SELECT k FROM sbtest%d WHERE k BETWEEN 5033135 AND 5033235
for range-covered
table 1 : explain SELECT k FROM sbtest1 WHERE k BETWEEN 8361468 AND 8361568
	Index Only Scan using k_1 on sbtest1  (cost=0.43..6.33 rows=95 width=4)
	  Index Cond: ((k >= 8361468) AND (k <= 8361568))

table 2 : explain SELECT k FROM sbtest2 WHERE k BETWEEN 8361468 AND 8361568
	Index Only Scan using k_2 on sbtest2  (cost=0.43..6.53 rows=105 width=4)
	  Index Cond: ((k >= 8361468) AND (k <= 8361568))

table 3 : explain SELECT k FROM sbtest3 WHERE k BETWEEN 8361468 AND 8361568
	Index Only Scan using k_3 on sbtest3  (cost=0.43..6.43 rows=100 width=4)
	  Index Cond: ((k >= 8361468) AND (k <= 8361568))

table 4 : explain SELECT k FROM sbtest4 WHERE k BETWEEN 8361468 AND 8361568
	Index Only Scan using k_4 on sbtest4  (cost=0.43..6.37 rows=97 width=4)
	  Index Cond: ((k >= 8361468) AND (k <= 8361568))

table 5 : explain SELECT k FROM sbtest5 WHERE k BETWEEN 8361468 AND 8361568
	Index Only Scan using k_5 on sbtest5  (cost=0.43..6.50 rows=103 width=4)
	  Index Cond: ((k >= 8361468) AND (k <= 8361568))

table 6 : explain SELECT k FROM sbtest6 WHERE k BETWEEN 8361468 AND 8361568
	Index Only Scan using k_6 on sbtest6  (cost=0.43..6.59 rows=108 width=4)
	  Index Cond: ((k >= 8361468) AND (k <= 8361568))

table 7 : explain SELECT k FROM sbtest7 WHERE k BETWEEN 8361468 AND 8361568
	Index Only Scan using k_7 on sbtest7  (cost=0.43..6.67 rows=112 width=4)
	  Index Cond: ((k >= 8361468) AND (k <= 8361568))

table 8 : explain SELECT k FROM sbtest8 WHERE k BETWEEN 8361468 AND 8361568
	Index Only Scan using k_8 on sbtest8  (cost=0.43..6.51 rows=104 width=4)
	  Index Cond: ((k >= 8361468) AND (k <= 8361568))

for range-covered
table 1 : explain SELECT k FROM sbtest1 WHERE k BETWEEN 4128578 AND 4128678
	Index Only Scan using k_1 on sbtest1  (cost=0.43..6.37 rows=97 width=4)
	  Index Cond: ((k >= 4128578) AND (k <= 4128678))

table 2 : explain SELECT k FROM sbtest2 WHERE k BETWEEN 4128578 AND 4128678
	Index Only Scan using k_2 on sbtest2  (cost=0.43..6.43 rows=100 width=4)
	  Index Cond: ((k >= 4128578) AND (k <= 4128678))

table 3 : explain SELECT k FROM sbtest3 WHERE k BETWEEN 4128578 AND 4128678
	Index Only Scan using k_3 on sbtest3  (cost=0.43..6.59 rows=108 width=4)
	  Index Cond: ((k >= 4128578) AND (k <= 4128678))

table 4 : explain SELECT k FROM sbtest4 WHERE k BETWEEN 4128578 AND 4128678
	Index Only Scan using k_4 on sbtest4  (cost=0.43..6.40 rows=98 width=4)
	  Index Cond: ((k >= 4128578) AND (k <= 4128678))

table 5 : explain SELECT k FROM sbtest5 WHERE k BETWEEN 4128578 AND 4128678
	Index Only Scan using k_5 on sbtest5  (cost=0.43..6.53 rows=105 width=4)
	  Index Cond: ((k >= 4128578) AND (k <= 4128678))

table 6 : explain SELECT k FROM sbtest6 WHERE k BETWEEN 4128578 AND 4128678
	Index Only Scan using k_6 on sbtest6  (cost=0.43..6.35 rows=96 width=4)
	  Index Cond: ((k >= 4128578) AND (k <= 4128678))

table 7 : explain SELECT k FROM sbtest7 WHERE k BETWEEN 4128578 AND 4128678
	Index Only Scan using k_7 on sbtest7  (cost=0.43..6.53 rows=105 width=4)
	  Index Cond: ((k >= 4128578) AND (k <= 4128678))

table 8 : explain SELECT k FROM sbtest8 WHERE k BETWEEN 4128578 AND 4128678
	Index Only Scan using k_8 on sbtest8  (cost=0.43..6.59 rows=108 width=4)
	  Index Cond: ((k >= 4128578) AND (k <= 4128678))

explain: for range-covered :: explain SELECT k FROM sbtest%d WHERE k BETWEEN 8361468 AND 8361568
explain: for range-covered :: explain SELECT k FROM sbtest%d WHERE k BETWEEN 4128578 AND 4128678
for range-covered
table 1 : explain SELECT k FROM sbtest1 WHERE k BETWEEN 5375515 AND 5375615
	Index Only Scan using k_1 on sbtest1  (cost=0.43..6.59 rows=108 width=4)
	  Index Cond: ((k >= 5375515) AND (k <= 5375615))

table 2 : explain SELECT k FROM sbtest2 WHERE k BETWEEN 5375515 AND 5375615
	Index Only Scan using k_2 on sbtest2  (cost=0.43..6.32 rows=94 width=4)
	  Index Cond: ((k >= 5375515) AND (k <= 5375615))

table 3 : explain SELECT k FROM sbtest3 WHERE k BETWEEN 5375515 AND 5375615
	Index Only Scan using k_3 on sbtest3  (cost=0.43..6.51 rows=104 width=4)
	  Index Cond: ((k >= 5375515) AND (k <= 5375615))

table 4 : explain SELECT k FROM sbtest4 WHERE k BETWEEN 5375515 AND 5375615
	Index Only Scan using k_4 on sbtest4  (cost=0.43..6.42 rows=99 width=4)
	  Index Cond: ((k >= 5375515) AND (k <= 5375615))

table 5 : explain SELECT k FROM sbtest5 WHERE k BETWEEN 5375515 AND 5375615
	Index Only Scan using k_5 on sbtest5  (cost=0.43..6.67 rows=112 width=4)
	  Index Cond: ((k >= 5375515) AND (k <= 5375615))

table 6 : explain SELECT k FROM sbtest6 WHERE k BETWEEN 5375515 AND 5375615
	Index Only Scan using k_6 on sbtest6  (cost=0.43..6.45 rows=101 width=4)
	  Index Cond: ((k >= 5375515) AND (k <= 5375615))

table 7 : explain SELECT k FROM sbtest7 WHERE k BETWEEN 5375515 AND 5375615
	Index Only Scan using k_7 on sbtest7  (cost=0.43..6.59 rows=108 width=4)
	  Index Cond: ((k >= 5375515) AND (k <= 5375615))

table 8 : explain SELECT k FROM sbtest8 WHERE k BETWEEN 5375515 AND 5375615
	Index Only Scan using k_8 on sbtest8  (cost=0.43..6.58 rows=107 width=4)
	  Index Cond: ((k >= 5375515) AND (k <= 5375615))

explain: for range-covered :: explain SELECT k FROM sbtest%d WHERE k BETWEEN 5375515 AND 5375615
for range-covered
table 1 : explain SELECT k FROM sbtest1 WHERE k BETWEEN 5590525 AND 5590625
	Index Only Scan using k_1 on sbtest1  (cost=0.43..6.63 rows=110 width=4)
	  Index Cond: ((k >= 5590525) AND (k <= 5590625))

table 2 : explain SELECT k FROM sbtest2 WHERE k BETWEEN 5590525 AND 5590625
	Index Only Scan using k_2 on sbtest2  (cost=0.43..6.45 rows=101 width=4)
	  Index Cond: ((k >= 5590525) AND (k <= 5590625))

table 3 : explain SELECT k FROM sbtest3 WHERE k BETWEEN 5590525 AND 5590625
	Index Only Scan using k_3 on sbtest3  (cost=0.43..6.45 rows=101 width=4)
	  Index Cond: ((k >= 5590525) AND (k <= 5590625))

table 4 : explain SELECT k FROM sbtest4 WHERE k BETWEEN 5590525 AND 5590625
	Index Only Scan using k_4 on sbtest4  (cost=0.43..6.40 rows=98 width=4)
	  Index Cond: ((k >= 5590525) AND (k <= 5590625))

table 5 : explain SELECT k FROM sbtest5 WHERE k BETWEEN 5590525 AND 5590625
	Index Only Scan using k_5 on sbtest5  (cost=0.43..6.43 rows=100 width=4)
	  Index Cond: ((k >= 5590525) AND (k <= 5590625))

table 6 : explain SELECT k FROM sbtest6 WHERE k BETWEEN 5590525 AND 5590625
	Index Only Scan using k_6 on sbtest6  (cost=0.43..6.47 rows=102 width=4)
	  Index Cond: ((k >= 5590525) AND (k <= 5590625))

table 7 : explain SELECT k FROM sbtest7 WHERE k BETWEEN 5590525 AND 5590625
	Index Only Scan using k_7 on sbtest7  (cost=0.43..6.66 rows=111 width=4)
	  Index Cond: ((k >= 5590525) AND (k <= 5590625))

table 8 : explain SELECT k FROM sbtest8 WHERE k BETWEEN 5590525 AND 5590625
	Index Only Scan using k_8 on sbtest8  (cost=0.43..6.37 rows=97 width=4)
	  Index Cond: ((k >= 5590525) AND (k <= 5590625))

for range-covered
table 1 : explain SELECT k FROM sbtest1 WHERE k BETWEEN 5033135 AND 5033235
	Index Only Scan using k_1 on sbtest1  (cost=0.43..6.42 rows=99 width=4)
	  Index Cond: ((k >= 5033135) AND (k <= 5033235))

table 2 : explain SELECT k FROM sbtest2 WHERE k BETWEEN 5033135 AND 5033235
	Index Only Scan using k_2 on sbtest2  (cost=0.43..6.35 rows=96 width=4)
	  Index Cond: ((k >= 5033135) AND (k <= 5033235))

table 3 : explain SELECT k FROM sbtest3 WHERE k BETWEEN 5033135 AND 5033235
	Index Only Scan using k_3 on sbtest3  (cost=0.43..6.56 rows=106 width=4)
	  Index Cond: ((k >= 5033135) AND (k <= 5033235))

table 4 : explain SELECT k FROM sbtest4 WHERE k BETWEEN 5033135 AND 5033235
	Index Only Scan using k_4 on sbtest4  (cost=0.43..6.67 rows=112 width=4)
	  Index Cond: ((k >= 5033135) AND (k <= 5033235))

table 5 : explain SELECT k FROM sbtest5 WHERE k BETWEEN 5033135 AND 5033235
	Index Only Scan using k_5 on sbtest5  (cost=0.43..6.53 rows=105 width=4)
	  Index Cond: ((k >= 5033135) AND (k <= 5033235))

table 6 : explain SELECT k FROM sbtest6 WHERE k BETWEEN 5033135 AND 5033235
	Index Only Scan using k_6 on sbtest6  (cost=0.43..6.37 rows=97 width=4)
	  Index Cond: ((k >= 5033135) AND (k <= 5033235))

table 7 : explain SELECT k FROM sbtest7 WHERE k BETWEEN 5033135 AND 5033235
	Index Only Scan using k_7 on sbtest7  (cost=0.43..6.33 rows=95 width=4)
	  Index Cond: ((k >= 5033135) AND (k <= 5033235))

table 8 : explain SELECT k FROM sbtest8 WHERE k BETWEEN 5033135 AND 5033235
	Index Only Scan using k_8 on sbtest8  (cost=0.43..6.37 rows=97 width=4)
	  Index Cond: ((k >= 5033135) AND (k <= 5033235))

for range-covered
table 1 : explain SELECT k FROM sbtest1 WHERE k BETWEEN 8171378 AND 8171478
	Index Only Scan using k_1 on sbtest1  (cost=0.43..6.53 rows=105 width=4)
	  Index Cond: ((k >= 8171378) AND (k <= 8171478))

table 2 : explain SELECT k FROM sbtest2 WHERE k BETWEEN 8171378 AND 8171478
	Index Only Scan using k_2 on sbtest2  (cost=0.43..6.24 rows=90 width=4)
	  Index Cond: ((k >= 8171378) AND (k <= 8171478))

table 3 : explain SELECT k FROM sbtest3 WHERE k BETWEEN 8171378 AND 8171478
	Index Only Scan using k_3 on sbtest3  (cost=0.43..6.45 rows=101 width=4)
	  Index Cond: ((k >= 8171378) AND (k <= 8171478))

table 4 : explain SELECT k FROM sbtest4 WHERE k BETWEEN 8171378 AND 8171478
	Index Only Scan using k_4 on sbtest4  (cost=0.43..6.51 rows=104 width=4)
	  Index Cond: ((k >= 8171378) AND (k <= 8171478))

table 5 : explain SELECT k FROM sbtest5 WHERE k BETWEEN 8171378 AND 8171478
	Index Only Scan using k_5 on sbtest5  (cost=0.43..6.61 rows=109 width=4)
	  Index Cond: ((k >= 8171378) AND (k <= 8171478))

table 6 : explain SELECT k FROM sbtest6 WHERE k BETWEEN 8171378 AND 8171478
	Index Only Scan using k_6 on sbtest6  (cost=0.43..6.45 rows=101 width=4)
	  Index Cond: ((k >= 8171378) AND (k <= 8171478))

table 7 : explain SELECT k FROM sbtest7 WHERE k BETWEEN 8171378 AND 8171478
	Index Only Scan using k_7 on sbtest7  (cost=0.43..6.56 rows=106 width=4)
	  Index Cond: ((k >= 8171378) AND (k <= 8171478))

table 8 : explain SELECT k FROM sbtest8 WHERE k BETWEEN 8171378 AND 8171478
	Index Only Scan using k_8 on sbtest8  (cost=0.43..6.37 rows=97 width=4)
	  Index Cond: ((k >= 8171378) AND (k <= 8171478))

explain: for range-covered :: explain SELECT k FROM sbtest%d WHERE k BETWEEN 5033135 AND 5033235
for range-covered
table 1 : explain SELECT k FROM sbtest1 WHERE k BETWEEN 4128578 AND 4128678
	Index Only Scan using k_1 on sbtest1  (cost=0.43..6.37 rows=97 width=4)
	  Index Cond: ((k >= 4128578) AND (k <= 4128678))

table 2 : explain SELECT k FROM sbtest2 WHERE k BETWEEN 4128578 AND 4128678
	Index Only Scan using k_2 on sbtest2  (cost=0.43..6.43 rows=100 width=4)
	  Index Cond: ((k >= 4128578) AND (k <= 4128678))

table 3 : explain SELECT k FROM sbtest3 WHERE k BETWEEN 4128578 AND 4128678
	Index Only Scan using k_3 on sbtest3  (cost=0.43..6.59 rows=108 width=4)
	  Index Cond: ((k >= 4128578) AND (k <= 4128678))

table 4 : explain SELECT k FROM sbtest4 WHERE k BETWEEN 4128578 AND 4128678
	Index Only Scan using k_4 on sbtest4  (cost=0.43..6.40 rows=98 width=4)
	  Index Cond: ((k >= 4128578) AND (k <= 4128678))

table 5 : explain SELECT k FROM sbtest5 WHERE k BETWEEN 4128578 AND 4128678
	Index Only Scan using k_5 on sbtest5  (cost=0.43..6.53 rows=105 width=4)
	  Index Cond: ((k >= 4128578) AND (k <= 4128678))

table 6 : explain SELECT k FROM sbtest6 WHERE k BETWEEN 4128578 AND 4128678
	Index Only Scan using k_6 on sbtest6  (cost=0.43..6.35 rows=96 width=4)
	  Index Cond: ((k >= 4128578) AND (k <= 4128678))

table 7 : explain SELECT k FROM sbtest7 WHERE k BETWEEN 4128578 AND 4128678
	Index Only Scan using k_7 on sbtest7  (cost=0.43..6.53 rows=105 width=4)
	  Index Cond: ((k >= 4128578) AND (k <= 4128678))

table 8 : explain SELECT k FROM sbtest8 WHERE k BETWEEN 4128578 AND 4128678
	Index Only Scan using k_8 on sbtest8  (cost=0.43..6.59 rows=108 width=4)
	  Index Cond: ((k >= 4128578) AND (k <= 4128678))

explain: for range-covered :: explain SELECT k FROM sbtest%d WHERE k BETWEEN 8171378 AND 8171478
for range-covered
table 1 : explain SELECT k FROM sbtest1 WHERE k BETWEEN 8361468 AND 8361568
	Index Only Scan using k_1 on sbtest1  (cost=0.43..6.33 rows=95 width=4)
	  Index Cond: ((k >= 8361468) AND (k <= 8361568))

table 2 : explain SELECT k FROM sbtest2 WHERE k BETWEEN 8361468 AND 8361568
	Index Only Scan using k_2 on sbtest2  (cost=0.43..6.53 rows=105 width=4)
	  Index Cond: ((k >= 8361468) AND (k <= 8361568))

table 3 : explain SELECT k FROM sbtest3 WHERE k BETWEEN 8361468 AND 8361568
	Index Only Scan using k_3 on sbtest3  (cost=0.43..6.43 rows=100 width=4)
	  Index Cond: ((k >= 8361468) AND (k <= 8361568))

table 4 : explain SELECT k FROM sbtest4 WHERE k BETWEEN 8361468 AND 8361568
	Index Only Scan using k_4 on sbtest4  (cost=0.43..6.37 rows=97 width=4)
	  Index Cond: ((k >= 8361468) AND (k <= 8361568))

table 5 : explain SELECT k FROM sbtest5 WHERE k BETWEEN 8361468 AND 8361568
	Index Only Scan using k_5 on sbtest5  (cost=0.43..6.50 rows=103 width=4)
	  Index Cond: ((k >= 8361468) AND (k <= 8361568))

table 6 : explain SELECT k FROM sbtest6 WHERE k BETWEEN 8361468 AND 8361568
	Index Only Scan using k_6 on sbtest6  (cost=0.43..6.59 rows=108 width=4)
	  Index Cond: ((k >= 8361468) AND (k <= 8361568))

table 7 : explain SELECT k FROM sbtest7 WHERE k BETWEEN 8361468 AND 8361568
	Index Only Scan using k_7 on sbtest7  (cost=0.43..6.67 rows=112 width=4)
	  Index Cond: ((k >= 8361468) AND (k <= 8361568))

table 8 : explain SELECT k FROM sbtest8 WHERE k BETWEEN 8361468 AND 8361568
	Index Only Scan using k_8 on sbtest8  (cost=0.43..6.51 rows=104 width=4)
	  Index Cond: ((k >= 8361468) AND (k <= 8361568))

for range-covered
table 1 : explain SELECT k FROM sbtest1 WHERE k BETWEEN 5375515 AND 5375615
	Index Only Scan using k_1 on sbtest1  (cost=0.43..6.59 rows=108 width=4)
	  Index Cond: ((k >= 5375515) AND (k <= 5375615))

table 2 : explain SELECT k FROM sbtest2 WHERE k BETWEEN 5375515 AND 5375615
	Index Only Scan using k_2 on sbtest2  (cost=0.43..6.32 rows=94 width=4)
	  Index Cond: ((k >= 5375515) AND (k <= 5375615))

table 3 : explain SELECT k FROM sbtest3 WHERE k BETWEEN 5375515 AND 5375615
	Index Only Scan using k_3 on sbtest3  (cost=0.43..6.51 rows=104 width=4)
	  Index Cond: ((k >= 5375515) AND (k <= 5375615))

table 4 : explain SELECT k FROM sbtest4 WHERE k BETWEEN 5375515 AND 5375615
	Index Only Scan using k_4 on sbtest4  (cost=0.43..6.42 rows=99 width=4)
	  Index Cond: ((k >= 5375515) AND (k <= 5375615))

table 5 : explain SELECT k FROM sbtest5 WHERE k BETWEEN 5375515 AND 5375615
	Index Only Scan using k_5 on sbtest5  (cost=0.43..6.67 rows=112 width=4)
	  Index Cond: ((k >= 5375515) AND (k <= 5375615))

table 6 : explain SELECT k FROM sbtest6 WHERE k BETWEEN 5375515 AND 5375615
	Index Only Scan using k_6 on sbtest6  (cost=0.43..6.45 rows=101 width=4)
	  Index Cond: ((k >= 5375515) AND (k <= 5375615))

table 7 : explain SELECT k FROM sbtest7 WHERE k BETWEEN 5375515 AND 5375615
	Index Only Scan using k_7 on sbtest7  (cost=0.43..6.59 rows=108 width=4)
	  Index Cond: ((k >= 5375515) AND (k <= 5375615))

table 8 : explain SELECT k FROM sbtest8 WHERE k BETWEEN 5375515 AND 5375615
	Index Only Scan using k_8 on sbtest8  (cost=0.43..6.58 rows=107 width=4)
	  Index Cond: ((k >= 5375515) AND (k <= 5375615))

explain: for range-covered :: explain SELECT k FROM sbtest%d WHERE k BETWEEN 4128578 AND 4128678
for range-covered
table 1 : explain SELECT k FROM sbtest1 WHERE k BETWEEN 9320475 AND 9320575
	Index Only Scan using k_1 on sbtest1  (cost=0.43..6.51 rows=104 width=4)
	  Index Cond: ((k >= 9320475) AND (k <= 9320575))

table 2 : explain SELECT k FROM sbtest2 WHERE k BETWEEN 9320475 AND 9320575
	Index Only Scan using k_2 on sbtest2  (cost=0.43..6.56 rows=106 width=4)
	  Index Cond: ((k >= 9320475) AND (k <= 9320575))

table 3 : explain SELECT k FROM sbtest3 WHERE k BETWEEN 9320475 AND 9320575
	Index Only Scan using k_3 on sbtest3  (cost=0.43..6.37 rows=97 width=4)
	  Index Cond: ((k >= 9320475) AND (k <= 9320575))

table 4 : explain SELECT k FROM sbtest4 WHERE k BETWEEN 9320475 AND 9320575
	Index Only Scan using k_4 on sbtest4  (cost=0.43..6.37 rows=97 width=4)
	  Index Cond: ((k >= 9320475) AND (k <= 9320575))

table 5 : explain SELECT k FROM sbtest5 WHERE k BETWEEN 9320475 AND 9320575
	Index Only Scan using k_5 on sbtest5  (cost=0.43..6.51 rows=104 width=4)
	  Index Cond: ((k >= 9320475) AND (k <= 9320575))

table 6 : explain SELECT k FROM sbtest6 WHERE k BETWEEN 9320475 AND 9320575
	Index Only Scan using k_6 on sbtest6  (cost=0.43..6.47 rows=102 width=4)
	  Index Cond: ((k >= 9320475) AND (k <= 9320575))

table 7 : explain SELECT k FROM sbtest7 WHERE k BETWEEN 9320475 AND 9320575
	Index Only Scan using k_7 on sbtest7  (cost=0.43..6.50 rows=103 width=4)
	  Index Cond: ((k >= 9320475) AND (k <= 9320575))

table 8 : explain SELECT k FROM sbtest8 WHERE k BETWEEN 9320475 AND 9320575
	Index Only Scan using k_8 on sbtest8  (cost=0.43..6.47 rows=102 width=4)
	  Index Cond: ((k >= 9320475) AND (k <= 9320575))

explain: for range-covered :: explain SELECT k FROM sbtest%d WHERE k BETWEEN 8361468 AND 8361568
explain: for range-covered :: explain SELECT k FROM sbtest%d WHERE k BETWEEN 9320475 AND 9320575
for range-covered
table 1 : explain SELECT k FROM sbtest1 WHERE k BETWEEN 2825145 AND 2825245
	Index Only Scan using k_1 on sbtest1  (cost=0.43..6.25 rows=91 width=4)
	  Index Cond: ((k >= 2825145) AND (k <= 2825245))

table 2 : explain SELECT k FROM sbtest2 WHERE k BETWEEN 2825145 AND 2825245
	Index Only Scan using k_2 on sbtest2  (cost=0.43..6.29 rows=93 width=4)
	  Index Cond: ((k >= 2825145) AND (k <= 2825245))

table 3 : explain SELECT k FROM sbtest3 WHERE k BETWEEN 2825145 AND 2825245
	Index Only Scan using k_3 on sbtest3  (cost=0.43..6.69 rows=113 width=4)
	  Index Cond: ((k >= 2825145) AND (k <= 2825245))

table 4 : explain SELECT k FROM sbtest4 WHERE k BETWEEN 2825145 AND 2825245
	Index Only Scan using k_4 on sbtest4  (cost=0.43..6.50 rows=103 width=4)
	  Index Cond: ((k >= 2825145) AND (k <= 2825245))

table 5 : explain SELECT k FROM sbtest5 WHERE k BETWEEN 2825145 AND 2825245
	Index Only Scan using k_5 on sbtest5  (cost=0.43..6.40 rows=98 width=4)
	  Index Cond: ((k >= 2825145) AND (k <= 2825245))

table 6 : explain SELECT k FROM sbtest6 WHERE k BETWEEN 2825145 AND 2825245
	Index Only Scan using k_6 on sbtest6  (cost=0.43..6.35 rows=96 width=4)
	  Index Cond: ((k >= 2825145) AND (k <= 2825245))

table 7 : explain SELECT k FROM sbtest7 WHERE k BETWEEN 2825145 AND 2825245
	Index Only Scan using k_7 on sbtest7  (cost=0.43..6.53 rows=105 width=4)
	  Index Cond: ((k >= 2825145) AND (k <= 2825245))

table 8 : explain SELECT k FROM sbtest8 WHERE k BETWEEN 2825145 AND 2825245
	Index Only Scan using k_8 on sbtest8  (cost=0.43..6.45 rows=101 width=4)
	  Index Cond: ((k >= 2825145) AND (k <= 2825245))

explain: for range-covered :: explain SELECT k FROM sbtest%d WHERE k BETWEEN 2825145 AND 2825245
for range-covered
table 1 : explain SELECT k FROM sbtest1 WHERE k BETWEEN 5033135 AND 5033235
	Index Only Scan using k_1 on sbtest1  (cost=0.43..6.42 rows=99 width=4)
	  Index Cond: ((k >= 5033135) AND (k <= 5033235))

table 2 : explain SELECT k FROM sbtest2 WHERE k BETWEEN 5033135 AND 5033235
	Index Only Scan using k_2 on sbtest2  (cost=0.43..6.35 rows=96 width=4)
	  Index Cond: ((k >= 5033135) AND (k <= 5033235))

table 3 : explain SELECT k FROM sbtest3 WHERE k BETWEEN 5033135 AND 5033235
	Index Only Scan using k_3 on sbtest3  (cost=0.43..6.56 rows=106 width=4)
	  Index Cond: ((k >= 5033135) AND (k <= 5033235))

table 4 : explain SELECT k FROM sbtest4 WHERE k BETWEEN 5033135 AND 5033235
	Index Only Scan using k_4 on sbtest4  (cost=0.43..6.67 rows=112 width=4)
	  Index Cond: ((k >= 5033135) AND (k <= 5033235))

table 5 : explain SELECT k FROM sbtest5 WHERE k BETWEEN 5033135 AND 5033235
	Index Only Scan using k_5 on sbtest5  (cost=0.43..6.53 rows=105 width=4)
	  Index Cond: ((k >= 5033135) AND (k <= 5033235))

table 6 : explain SELECT k FROM sbtest6 WHERE k BETWEEN 5033135 AND 5033235
	Index Only Scan using k_6 on sbtest6  (cost=0.43..6.37 rows=97 width=4)
	  Index Cond: ((k >= 5033135) AND (k <= 5033235))

table 7 : explain SELECT k FROM sbtest7 WHERE k BETWEEN 5033135 AND 5033235
	Index Only Scan using k_7 on sbtest7  (cost=0.43..6.33 rows=95 width=4)
	  Index Cond: ((k >= 5033135) AND (k <= 5033235))

table 8 : explain SELECT k FROM sbtest8 WHERE k BETWEEN 5033135 AND 5033235
	Index Only Scan using k_8 on sbtest8  (cost=0.43..6.37 rows=97 width=4)
	  Index Cond: ((k >= 5033135) AND (k <= 5033235))

explain: for range-covered :: explain SELECT k FROM sbtest%d WHERE k BETWEEN 5033135 AND 5033235
explain: for range-covered :: explain SELECT k FROM sbtest%d WHERE k BETWEEN 6953276 AND 6953376
for range-covered
table 1 : explain SELECT k FROM sbtest1 WHERE k BETWEEN 4128578 AND 4128678
	Index Only Scan using k_1 on sbtest1  (cost=0.43..6.37 rows=97 width=4)
	  Index Cond: ((k >= 4128578) AND (k <= 4128678))

table 2 : explain SELECT k FROM sbtest2 WHERE k BETWEEN 4128578 AND 4128678
	Index Only Scan using k_2 on sbtest2  (cost=0.43..6.43 rows=100 width=4)
	  Index Cond: ((k >= 4128578) AND (k <= 4128678))

table 3 : explain SELECT k FROM sbtest3 WHERE k BETWEEN 4128578 AND 4128678
	Index Only Scan using k_3 on sbtest3  (cost=0.43..6.59 rows=108 width=4)
	  Index Cond: ((k >= 4128578) AND (k <= 4128678))

table 4 : explain SELECT k FROM sbtest4 WHERE k BETWEEN 4128578 AND 4128678
	Index Only Scan using k_4 on sbtest4  (cost=0.43..6.40 rows=98 width=4)
	  Index Cond: ((k >= 4128578) AND (k <= 4128678))

table 5 : explain SELECT k FROM sbtest5 WHERE k BETWEEN 4128578 AND 4128678
	Index Only Scan using k_5 on sbtest5  (cost=0.43..6.53 rows=105 width=4)
	  Index Cond: ((k >= 4128578) AND (k <= 4128678))

table 6 : explain SELECT k FROM sbtest6 WHERE k BETWEEN 4128578 AND 4128678
	Index Only Scan using k_6 on sbtest6  (cost=0.43..6.35 rows=96 width=4)
	  Index Cond: ((k >= 4128578) AND (k <= 4128678))

table 7 : explain SELECT k FROM sbtest7 WHERE k BETWEEN 4128578 AND 4128678
	Index Only Scan using k_7 on sbtest7  (cost=0.43..6.53 rows=105 width=4)
	  Index Cond: ((k >= 4128578) AND (k <= 4128678))

table 8 : explain SELECT k FROM sbtest8 WHERE k BETWEEN 4128578 AND 4128678
	Index Only Scan using k_8 on sbtest8  (cost=0.43..6.59 rows=108 width=4)
	  Index Cond: ((k >= 4128578) AND (k <= 4128678))

for range-covered
table 1 : explain SELECT k FROM sbtest1 WHERE k BETWEEN 8361468 AND 8361568
	Index Only Scan using k_1 on sbtest1  (cost=0.43..6.33 rows=95 width=4)
	  Index Cond: ((k >= 8361468) AND (k <= 8361568))

table 2 : explain SELECT k FROM sbtest2 WHERE k BETWEEN 8361468 AND 8361568
	Index Only Scan using k_2 on sbtest2  (cost=0.43..6.53 rows=105 width=4)
	  Index Cond: ((k >= 8361468) AND (k <= 8361568))

table 3 : explain SELECT k FROM sbtest3 WHERE k BETWEEN 8361468 AND 8361568
	Index Only Scan using k_3 on sbtest3  (cost=0.43..6.43 rows=100 width=4)
	  Index Cond: ((k >= 8361468) AND (k <= 8361568))

table 4 : explain SELECT k FROM sbtest4 WHERE k BETWEEN 8361468 AND 8361568
	Index Only Scan using k_4 on sbtest4  (cost=0.43..6.37 rows=97 width=4)
	  Index Cond: ((k >= 8361468) AND (k <= 8361568))

table 5 : explain SELECT k FROM sbtest5 WHERE k BETWEEN 8361468 AND 8361568
	Index Only Scan using k_5 on sbtest5  (cost=0.43..6.50 rows=103 width=4)
	  Index Cond: ((k >= 8361468) AND (k <= 8361568))

table 6 : explain SELECT k FROM sbtest6 WHERE k BETWEEN 8361468 AND 8361568
	Index Only Scan using k_6 on sbtest6  (cost=0.43..6.59 rows=108 width=4)
	  Index Cond: ((k >= 8361468) AND (k <= 8361568))

table 7 : explain SELECT k FROM sbtest7 WHERE k BETWEEN 8361468 AND 8361568
	Index Only Scan using k_7 on sbtest7  (cost=0.43..6.67 rows=112 width=4)
	  Index Cond: ((k >= 8361468) AND (k <= 8361568))

table 8 : explain SELECT k FROM sbtest8 WHERE k BETWEEN 8361468 AND 8361568
	Index Only Scan using k_8 on sbtest8  (cost=0.43..6.51 rows=104 width=4)
	  Index Cond: ((k >= 8361468) AND (k <= 8361568))

explain: for range-covered :: explain SELECT k FROM sbtest%d WHERE k BETWEEN 4128578 AND 4128678
explain: for range-covered :: explain SELECT k FROM sbtest%d WHERE k BETWEEN 8361468 AND 8361568
for range-covered
table 1 : explain SELECT k FROM sbtest1 WHERE k BETWEEN 5033135 AND 5033235
	Index Only Scan using k_1 on sbtest1  (cost=0.43..6.42 rows=99 width=4)
	  Index Cond: ((k >= 5033135) AND (k <= 5033235))

table 2 : explain SELECT k FROM sbtest2 WHERE k BETWEEN 5033135 AND 5033235
	Index Only Scan using k_2 on sbtest2  (cost=0.43..6.35 rows=96 width=4)
	  Index Cond: ((k >= 5033135) AND (k <= 5033235))

table 3 : explain SELECT k FROM sbtest3 WHERE k BETWEEN 5033135 AND 5033235
	Index Only Scan using k_3 on sbtest3  (cost=0.43..6.56 rows=106 width=4)
	  Index Cond: ((k >= 5033135) AND (k <= 5033235))

table 4 : explain SELECT k FROM sbtest4 WHERE k BETWEEN 5033135 AND 5033235
	Index Only Scan using k_4 on sbtest4  (cost=0.43..6.67 rows=112 width=4)
	  Index Cond: ((k >= 5033135) AND (k <= 5033235))

table 5 : explain SELECT k FROM sbtest5 WHERE k BETWEEN 5033135 AND 5033235
	Index Only Scan using k_5 on sbtest5  (cost=0.43..6.53 rows=105 width=4)
	  Index Cond: ((k >= 5033135) AND (k <= 5033235))

table 6 : explain SELECT k FROM sbtest6 WHERE k BETWEEN 5033135 AND 5033235
	Index Only Scan using k_6 on sbtest6  (cost=0.43..6.37 rows=97 width=4)
	  Index Cond: ((k >= 5033135) AND (k <= 5033235))

table 7 : explain SELECT k FROM sbtest7 WHERE k BETWEEN 5033135 AND 5033235
	Index Only Scan using k_7 on sbtest7  (cost=0.43..6.33 rows=95 width=4)
	  Index Cond: ((k >= 5033135) AND (k <= 5033235))

table 8 : explain SELECT k FROM sbtest8 WHERE k BETWEEN 5033135 AND 5033235
	Index Only Scan using k_8 on sbtest8  (cost=0.43..6.37 rows=97 width=4)
	  Index Cond: ((k >= 5033135) AND (k <= 5033235))

explain: for range-covered :: explain SELECT k FROM sbtest%d WHERE k BETWEEN 5033135 AND 5033235
for range-covered
table 1 : explain SELECT k FROM sbtest1 WHERE k BETWEEN 9320475 AND 9320575
	Index Only Scan using k_1 on sbtest1  (cost=0.43..6.51 rows=104 width=4)
	  Index Cond: ((k >= 9320475) AND (k <= 9320575))

table 2 : explain SELECT k FROM sbtest2 WHERE k BETWEEN 9320475 AND 9320575
	Index Only Scan using k_2 on sbtest2  (cost=0.43..6.56 rows=106 width=4)
	  Index Cond: ((k >= 9320475) AND (k <= 9320575))

table 3 : explain SELECT k FROM sbtest3 WHERE k BETWEEN 9320475 AND 9320575
	Index Only Scan using k_3 on sbtest3  (cost=0.43..6.37 rows=97 width=4)
	  Index Cond: ((k >= 9320475) AND (k <= 9320575))

table 4 : explain SELECT k FROM sbtest4 WHERE k BETWEEN 9320475 AND 9320575
	Index Only Scan using k_4 on sbtest4  (cost=0.43..6.37 rows=97 width=4)
	  Index Cond: ((k >= 9320475) AND (k <= 9320575))

table 5 : explain SELECT k FROM sbtest5 WHERE k BETWEEN 9320475 AND 9320575
	Index Only Scan using k_5 on sbtest5  (cost=0.43..6.51 rows=104 width=4)
	  Index Cond: ((k >= 9320475) AND (k <= 9320575))

table 6 : explain SELECT k FROM sbtest6 WHERE k BETWEEN 9320475 AND 9320575
	Index Only Scan using k_6 on sbtest6  (cost=0.43..6.47 rows=102 width=4)
	  Index Cond: ((k >= 9320475) AND (k <= 9320575))

table 7 : explain SELECT k FROM sbtest7 WHERE k BETWEEN 9320475 AND 9320575
	Index Only Scan using k_7 on sbtest7  (cost=0.43..6.50 rows=103 width=4)
	  Index Cond: ((k >= 9320475) AND (k <= 9320575))

table 8 : explain SELECT k FROM sbtest8 WHERE k BETWEEN 9320475 AND 9320575
	Index Only Scan using k_8 on sbtest8  (cost=0.43..6.47 rows=102 width=4)
	  Index Cond: ((k >= 9320475) AND (k <= 9320575))

for range-covered
table 1 : explain SELECT k FROM sbtest1 WHERE k BETWEEN 4128578 AND 4128678
	Index Only Scan using k_1 on sbtest1  (cost=0.43..6.37 rows=97 width=4)
	  Index Cond: ((k >= 4128578) AND (k <= 4128678))

table 2 : explain SELECT k FROM sbtest2 WHERE k BETWEEN 4128578 AND 4128678
	Index Only Scan using k_2 on sbtest2  (cost=0.43..6.43 rows=100 width=4)
	  Index Cond: ((k >= 4128578) AND (k <= 4128678))

table 3 : explain SELECT k FROM sbtest3 WHERE k BETWEEN 4128578 AND 4128678
	Index Only Scan using k_3 on sbtest3  (cost=0.43..6.59 rows=108 width=4)
	  Index Cond: ((k >= 4128578) AND (k <= 4128678))

table 4 : explain SELECT k FROM sbtest4 WHERE k BETWEEN 4128578 AND 4128678
	Index Only Scan using k_4 on sbtest4  (cost=0.43..6.40 rows=98 width=4)
	  Index Cond: ((k >= 4128578) AND (k <= 4128678))

table 5 : explain SELECT k FROM sbtest5 WHERE k BETWEEN 4128578 AND 4128678
	Index Only Scan using k_5 on sbtest5  (cost=0.43..6.53 rows=105 width=4)
	  Index Cond: ((k >= 4128578) AND (k <= 4128678))

table 6 : explain SELECT k FROM sbtest6 WHERE k BETWEEN 4128578 AND 4128678
	Index Only Scan using k_6 on sbtest6  (cost=0.43..6.35 rows=96 width=4)
	  Index Cond: ((k >= 4128578) AND (k <= 4128678))

table 7 : explain SELECT k FROM sbtest7 WHERE k BETWEEN 4128578 AND 4128678
	Index Only Scan using k_7 on sbtest7  (cost=0.43..6.53 rows=105 width=4)
	  Index Cond: ((k >= 4128578) AND (k <= 4128678))

table 8 : explain SELECT k FROM sbtest8 WHERE k BETWEEN 4128578 AND 4128678
	Index Only Scan using k_8 on sbtest8  (cost=0.43..6.59 rows=108 width=4)
	  Index Cond: ((k >= 4128578) AND (k <= 4128678))

for range-covered
table 1 : explain SELECT k FROM sbtest1 WHERE k BETWEEN 8171378 AND 8171478
	Index Only Scan using k_1 on sbtest1  (cost=0.43..6.53 rows=105 width=4)
	  Index Cond: ((k >= 8171378) AND (k <= 8171478))

table 2 : explain SELECT k FROM sbtest2 WHERE k BETWEEN 8171378 AND 8171478
	Index Only Scan using k_2 on sbtest2  (cost=0.43..6.24 rows=90 width=4)
	  Index Cond: ((k >= 8171378) AND (k <= 8171478))

table 3 : explain SELECT k FROM sbtest3 WHERE k BETWEEN 8171378 AND 8171478
	Index Only Scan using k_3 on sbtest3  (cost=0.43..6.45 rows=101 width=4)
	  Index Cond: ((k >= 8171378) AND (k <= 8171478))

table 4 : explain SELECT k FROM sbtest4 WHERE k BETWEEN 8171378 AND 8171478
	Index Only Scan using k_4 on sbtest4  (cost=0.43..6.51 rows=104 width=4)
	  Index Cond: ((k >= 8171378) AND (k <= 8171478))

table 5 : explain SELECT k FROM sbtest5 WHERE k BETWEEN 8171378 AND 8171478
	Index Only Scan using k_5 on sbtest5  (cost=0.43..6.61 rows=109 width=4)
	  Index Cond: ((k >= 8171378) AND (k <= 8171478))

table 6 : explain SELECT k FROM sbtest6 WHERE k BETWEEN 8171378 AND 8171478
	Index Only Scan using k_6 on sbtest6  (cost=0.43..6.45 rows=101 width=4)
	  Index Cond: ((k >= 8171378) AND (k <= 8171478))

table 7 : explain SELECT k FROM sbtest7 WHERE k BETWEEN 8171378 AND 8171478
	Index Only Scan using k_7 on sbtest7  (cost=0.43..6.56 rows=106 width=4)
	  Index Cond: ((k >= 8171378) AND (k <= 8171478))

table 8 : explain SELECT k FROM sbtest8 WHERE k BETWEEN 8171378 AND 8171478
	Index Only Scan using k_8 on sbtest8  (cost=0.43..6.37 rows=97 width=4)
	  Index Cond: ((k >= 8171378) AND (k <= 8171478))

for range-covered
table 1 : explain SELECT k FROM sbtest1 WHERE k BETWEEN 8361468 AND 8361568
	Index Only Scan using k_1 on sbtest1  (cost=0.43..6.33 rows=95 width=4)
	  Index Cond: ((k >= 8361468) AND (k <= 8361568))

table 2 : explain SELECT k FROM sbtest2 WHERE k BETWEEN 8361468 AND 8361568
	Index Only Scan using k_2 on sbtest2  (cost=0.43..6.53 rows=105 width=4)
	  Index Cond: ((k >= 8361468) AND (k <= 8361568))

table 3 : explain SELECT k FROM sbtest3 WHERE k BETWEEN 8361468 AND 8361568
	Index Only Scan using k_3 on sbtest3  (cost=0.43..6.43 rows=100 width=4)
	  Index Cond: ((k >= 8361468) AND (k <= 8361568))

table 4 : explain SELECT k FROM sbtest4 WHERE k BETWEEN 8361468 AND 8361568
	Index Only Scan using k_4 on sbtest4  (cost=0.43..6.37 rows=97 width=4)
	  Index Cond: ((k >= 8361468) AND (k <= 8361568))

table 5 : explain SELECT k FROM sbtest5 WHERE k BETWEEN 8361468 AND 8361568
	Index Only Scan using k_5 on sbtest5  (cost=0.43..6.50 rows=103 width=4)
	  Index Cond: ((k >= 8361468) AND (k <= 8361568))

table 6 : explain SELECT k FROM sbtest6 WHERE k BETWEEN 8361468 AND 8361568
	Index Only Scan using k_6 on sbtest6  (cost=0.43..6.59 rows=108 width=4)
	  Index Cond: ((k >= 8361468) AND (k <= 8361568))

table 7 : explain SELECT k FROM sbtest7 WHERE k BETWEEN 8361468 AND 8361568
	Index Only Scan using k_7 on sbtest7  (cost=0.43..6.67 rows=112 width=4)
	  Index Cond: ((k >= 8361468) AND (k <= 8361568))

table 8 : explain SELECT k FROM sbtest8 WHERE k BETWEEN 8361468 AND 8361568
	Index Only Scan using k_8 on sbtest8  (cost=0.43..6.51 rows=104 width=4)
	  Index Cond: ((k >= 8361468) AND (k <= 8361568))

explain: for range-covered :: explain SELECT k FROM sbtest%d WHERE k BETWEEN 8361468 AND 8361568
explain: for range-covered :: explain SELECT k FROM sbtest%d WHERE k BETWEEN 4743890 AND 4743990
explain: for range-covered :: explain SELECT k FROM sbtest%d WHERE k BETWEEN 8171378 AND 8171478
for range-covered
table 1 : explain SELECT k FROM sbtest1 WHERE k BETWEEN 8651134 AND 8651234
	Index Only Scan using k_1 on sbtest1  (cost=0.43..6.43 rows=100 width=4)
	  Index Cond: ((k >= 8651134) AND (k <= 8651234))

table 2 : explain SELECT k FROM sbtest2 WHERE k BETWEEN 8651134 AND 8651234
	Index Only Scan using k_2 on sbtest2  (cost=0.43..6.51 rows=104 width=4)
	  Index Cond: ((k >= 8651134) AND (k <= 8651234))

table 3 : explain SELECT k FROM sbtest3 WHERE k BETWEEN 8651134 AND 8651234
	Index Only Scan using k_3 on sbtest3  (cost=0.43..6.74 rows=115 width=4)
	  Index Cond: ((k >= 8651134) AND (k <= 8651234))

table 4 : explain SELECT k FROM sbtest4 WHERE k BETWEEN 8651134 AND 8651234
	Index Only Scan using k_4 on sbtest4  (cost=0.43..6.53 rows=105 width=4)
	  Index Cond: ((k >= 8651134) AND (k <= 8651234))

table 5 : explain SELECT k FROM sbtest5 WHERE k BETWEEN 8651134 AND 8651234
	Index Only Scan using k_5 on sbtest5  (cost=0.43..6.50 rows=103 width=4)
	  Index Cond: ((k >= 8651134) AND (k <= 8651234))

table 6 : explain SELECT k FROM sbtest6 WHERE k BETWEEN 8651134 AND 8651234
	Index Only Scan using k_6 on sbtest6  (cost=0.43..6.33 rows=95 width=4)
	  Index Cond: ((k >= 8651134) AND (k <= 8651234))

table 7 : explain SELECT k FROM sbtest7 WHERE k BETWEEN 8651134 AND 8651234
	Index Only Scan using k_7 on sbtest7  (cost=0.43..6.59 rows=108 width=4)
	  Index Cond: ((k >= 8651134) AND (k <= 8651234))

table 8 : explain SELECT k FROM sbtest8 WHERE k BETWEEN 8651134 AND 8651234
	Index Only Scan using k_8 on sbtest8  (cost=0.43..6.42 rows=99 width=4)
	  Index Cond: ((k >= 8651134) AND (k <= 8651234))
for range-covered
table 1 : explain SELECT k FROM sbtest1 WHERE k BETWEEN 2825145 AND 2825245
	Index Only Scan using k_1 on sbtest1  (cost=0.43..6.25 rows=91 width=4)
	  Index Cond: ((k >= 2825145) AND (k <= 2825245))

table 2 : explain SELECT k FROM sbtest2 WHERE k BETWEEN 2825145 AND 2825245
	Index Only Scan using k_2 on sbtest2  (cost=0.43..6.29 rows=93 width=4)
	  Index Cond: ((k >= 2825145) AND (k <= 2825245))

table 3 : explain SELECT k FROM sbtest3 WHERE k BETWEEN 2825145 AND 2825245
	Index Only Scan using k_3 on sbtest3  (cost=0.43..6.69 rows=113 width=4)
	  Index Cond: ((k >= 2825145) AND (k <= 2825245))

table 4 : explain SELECT k FROM sbtest4 WHERE k BETWEEN 2825145 AND 2825245
	Index Only Scan using k_4 on sbtest4  (cost=0.43..6.50 rows=103 width=4)
	  Index Cond: ((k >= 2825145) AND (k <= 2825245))

table 5 : explain SELECT k FROM sbtest5 WHERE k BETWEEN 2825145 AND 2825245
	Index Only Scan using k_5 on sbtest5  (cost=0.43..6.40 rows=98 width=4)
	  Index Cond: ((k >= 2825145) AND (k <= 2825245))

table 6 : explain SELECT k FROM sbtest6 WHERE k BETWEEN 2825145 AND 2825245
	Index Only Scan using k_6 on sbtest6  (cost=0.43..6.35 rows=96 width=4)
	  Index Cond: ((k >= 2825145) AND (k <= 2825245))

table 7 : explain SELECT k FROM sbtest7 WHERE k BETWEEN 2825145 AND 2825245
	Index Only Scan using k_7 on sbtest7  (cost=0.43..6.53 rows=105 width=4)
	  Index Cond: ((k >= 2825145) AND (k <= 2825245))

table 8 : explain SELECT k FROM sbtest8 WHERE k BETWEEN 2825145 AND 2825245
	Index Only Scan using k_8 on sbtest8  (cost=0.43..6.45 rows=101 width=4)
	  Index Cond: ((k >= 2825145) AND (k <= 2825245))


for range-covered
table 1 : explain SELECT k FROM sbtest1 WHERE k BETWEEN 5033135 AND 5033235
	Index Only Scan using k_1 on sbtest1  (cost=0.43..6.42 rows=99 width=4)
	  Index Cond: ((k >= 5033135) AND (k <= 5033235))

table 2 : explain SELECT k FROM sbtest2 WHERE k BETWEEN 5033135 AND 5033235
	Index Only Scan using k_2 on sbtest2  (cost=0.43..6.35 rows=96 width=4)
	  Index Cond: ((k >= 5033135) AND (k <= 5033235))

table 3 : explain SELECT k FROM sbtest3 WHERE k BETWEEN 5033135 AND 5033235
	Index Only Scan using k_3 on sbtest3  (cost=0.43..6.56 rows=106 width=4)
	  Index Cond: ((k >= 5033135) AND (k <= 5033235))

table 4 : explain SELECT k FROM sbtest4 WHERE k BETWEEN 5033135 AND 5033235
	Index Only Scan using k_4 on sbtest4  (cost=0.43..6.67 rows=112 width=4)
	  Index Cond: ((k >= 5033135) AND (k <= 5033235))

table 5 : explain SELECT k FROM sbtest5 WHERE k BETWEEN 5033135 AND 5033235
	Index Only Scan using k_5 on sbtest5  (cost=0.43..6.53 rows=105 width=4)
	  Index Cond: ((k >= 5033135) AND (k <= 5033235))

table 6 : explain SELECT k FROM sbtest6 WHERE k BETWEEN 5033135 AND 5033235
	Index Only Scan using k_6 on sbtest6  (cost=0.43..6.37 rows=97 width=4)
	  Index Cond: ((k >= 5033135) AND (k <= 5033235))

table 7 : explain SELECT k FROM sbtest7 WHERE k BETWEEN 5033135 AND 5033235
	Index Only Scan using k_7 on sbtest7  (cost=0.43..6.33 rows=95 width=4)
	  Index Cond: ((k >= 5033135) AND (k <= 5033235))

table 8 : explain SELECT k FROM sbtest8 WHERE k BETWEEN 5033135 AND 5033235
	Index Only Scan using k_8 on sbtest8  (cost=0.43..6.37 rows=97 width=4)
	  Index Cond: ((k >= 5033135) AND (k <= 5033235))

for range-covered
table 1 : explain SELECT k FROM sbtest1 WHERE k BETWEEN 6043526 AND 6043626
	Index Only Scan using k_1 on sbtest1  (cost=0.43..6.35 rows=96 width=4)
	  Index Cond: ((k >= 6043526) AND (k <= 6043626))

table 2 : explain SELECT k FROM sbtest2 WHERE k BETWEEN 6043526 AND 6043626
	Index Only Scan using k_2 on sbtest2  (cost=0.43..6.37 rows=97 width=4)
	  Index Cond: ((k >= 6043526) AND (k <= 6043626))

table 3 : explain SELECT k FROM sbtest3 WHERE k BETWEEN 6043526 AND 6043626
	Index Only Scan using k_3 on sbtest3  (cost=0.43..6.51 rows=104 width=4)
	  Index Cond: ((k >= 6043526) AND (k <= 6043626))

table 4 : explain SELECT k FROM sbtest4 WHERE k BETWEEN 6043526 AND 6043626
	Index Only Scan using k_4 on sbtest4  (cost=0.43..6.47 rows=102 width=4)
	  Index Cond: ((k >= 6043526) AND (k <= 6043626))

table 5 : explain SELECT k FROM sbtest5 WHERE k BETWEEN 6043526 AND 6043626
	Index Only Scan using k_5 on sbtest5  (cost=0.43..6.66 rows=111 width=4)
	  Index Cond: ((k >= 6043526) AND (k <= 6043626))

table 6 : explain SELECT k FROM sbtest6 WHERE k BETWEEN 6043526 AND 6043626
	Index Only Scan using k_6 on sbtest6  (cost=0.43..6.63 rows=110 width=4)
	  Index Cond: ((k >= 6043526) AND (k <= 6043626))

table 7 : explain SELECT k FROM sbtest7 WHERE k BETWEEN 6043526 AND 6043626
	Index Only Scan using k_7 on sbtest7  (cost=0.43..6.51 rows=104 width=4)
	  Index Cond: ((k >= 6043526) AND (k <= 6043626))

table 8 : explain SELECT k FROM sbtest8 WHERE k BETWEEN 6043526 AND 6043626
	Index Only Scan using k_8 on sbtest8  (cost=0.43..6.42 rows=99 width=4)
	  Index Cond: ((k >= 6043526) AND (k <= 6043626))

explain: for range-covered :: explain SELECT k FROM sbtest%d WHERE k BETWEEN 2825145 AND 2825245
for range-covered
table 1 : explain SELECT k FROM sbtest1 WHERE k BETWEEN 5135748 AND 5135848
	Index Only Scan using k_1 on sbtest1  (cost=0.43..6.74 rows=115 width=4)
	  Index Cond: ((k >= 5135748) AND (k <= 5135848))

table 2 : explain SELECT k FROM sbtest2 WHERE k BETWEEN 5135748 AND 5135848
	Index Only Scan using k_2 on sbtest2  (cost=0.43..6.47 rows=102 width=4)
	  Index Cond: ((k >= 5135748) AND (k <= 5135848))

table 3 : explain SELECT k FROM sbtest3 WHERE k BETWEEN 5135748 AND 5135848
	Index Only Scan using k_3 on sbtest3  (cost=0.43..6.50 rows=103 width=4)
	  Index Cond: ((k >= 5135748) AND (k <= 5135848))

table 4 : explain SELECT k FROM sbtest4 WHERE k BETWEEN 5135748 AND 5135848
	Index Only Scan using k_4 on sbtest4  (cost=0.43..6.43 rows=100 width=4)
	  Index Cond: ((k >= 5135748) AND (k <= 5135848))

table 5 : explain SELECT k FROM sbtest5 WHERE k BETWEEN 5135748 AND 5135848
	Index Only Scan using k_5 on sbtest5  (cost=0.43..6.40 rows=98 width=4)
	  Index Cond: ((k >= 5135748) AND (k <= 5135848))

table 6 : explain SELECT k FROM sbtest6 WHERE k BETWEEN 5135748 AND 5135848
	Index Only Scan using k_6 on sbtest6  (cost=0.43..6.42 rows=99 width=4)
	  Index Cond: ((k >= 5135748) AND (k <= 5135848))

table 7 : explain SELECT k FROM sbtest7 WHERE k BETWEEN 5135748 AND 5135848
	Index Only Scan using k_7 on sbtest7  (cost=0.43..6.74 rows=115 width=4)
	  Index Cond: ((k >= 5135748) AND (k <= 5135848))

table 8 : explain SELECT k FROM sbtest8 WHERE k BETWEEN 5135748 AND 5135848
	Index Only Scan using k_8 on sbtest8  (cost=0.43..6.45 rows=101 width=4)
	  Index Cond: ((k >= 5135748) AND (k <= 5135848))

for range-covered
table 1 : explain SELECT k FROM sbtest1 WHERE k BETWEEN 8361468 AND 8361568
	Index Only Scan using k_1 on sbtest1  (cost=0.43..6.33 rows=95 width=4)
	  Index Cond: ((k >= 8361468) AND (k <= 8361568))

table 2 : explain SELECT k FROM sbtest2 WHERE k BETWEEN 8361468 AND 8361568
	Index Only Scan using k_2 on sbtest2  (cost=0.43..6.53 rows=105 width=4)
	  Index Cond: ((k >= 8361468) AND (k <= 8361568))

table 3 : explain SELECT k FROM sbtest3 WHERE k BETWEEN 8361468 AND 8361568
	Index Only Scan using k_3 on sbtest3  (cost=0.43..6.43 rows=100 width=4)
	  Index Cond: ((k >= 8361468) AND (k <= 8361568))

table 4 : explain SELECT k FROM sbtest4 WHERE k BETWEEN 8361468 AND 8361568
	Index Only Scan using k_4 on sbtest4  (cost=0.43..6.37 rows=97 width=4)
	  Index Cond: ((k >= 8361468) AND (k <= 8361568))

table 5 : explain SELECT k FROM sbtest5 WHERE k BETWEEN 8361468 AND 8361568
	Index Only Scan using k_5 on sbtest5  (cost=0.43..6.50 rows=103 width=4)
	  Index Cond: ((k >= 8361468) AND (k <= 8361568))

table 6 : explain SELECT k FROM sbtest6 WHERE k BETWEEN 8361468 AND 8361568
	Index Only Scan using k_6 on sbtest6  (cost=0.43..6.59 rows=108 width=4)
	  Index Cond: ((k >= 8361468) AND (k <= 8361568))

table 7 : explain SELECT k FROM sbtest7 WHERE k BETWEEN 8361468 AND 8361568
	Index Only Scan using k_7 on sbtest7  (cost=0.43..6.67 rows=112 width=4)
	  Index Cond: ((k >= 8361468) AND (k <= 8361568))

table 8 : explain SELECT k FROM sbtest8 WHERE k BETWEEN 8361468 AND 8361568
	Index Only Scan using k_8 on sbtest8  (cost=0.43..6.51 rows=104 width=4)
	  Index Cond: ((k >= 8361468) AND (k <= 8361568))

explain: for range-covered :: explain SELECT k FROM sbtest%d WHERE k BETWEEN 5135748 AND 5135848
explain: for range-covered :: explain SELECT k FROM sbtest%d WHERE k BETWEEN 6043526 AND 6043626
explain: for range-covered :: explain SELECT k FROM sbtest%d WHERE k BETWEEN 8361468 AND 8361568
explain: for range-covered :: explain SELECT k FROM sbtest%d WHERE k BETWEEN 7677367 AND 7677467
explain: for range-covered :: explain SELECT k FROM sbtest%d WHERE k BETWEEN 8651134 AND 8651234
explain: for range-covered :: explain SELECT k FROM sbtest%d WHERE k BETWEEN 2819120 AND 2819220
for range-covered
table 1 : explain SELECT k FROM sbtest1 WHERE k BETWEEN 6953276 AND 6953376
	Index Only Scan using k_1 on sbtest1  (cost=0.43..6.59 rows=108 width=4)
	  Index Cond: ((k >= 6953276) AND (k <= 6953376))

table 2 : explain SELECT k FROM sbtest2 WHERE k BETWEEN 6953276 AND 6953376
	Index Only Scan using k_2 on sbtest2  (cost=0.43..6.59 rows=108 width=4)
	  Index Cond: ((k >= 6953276) AND (k <= 6953376))

table 3 : explain SELECT k FROM sbtest3 WHERE k BETWEEN 6953276 AND 6953376
	Index Only Scan using k_3 on sbtest3  (cost=0.43..6.43 rows=100 width=4)
	  Index Cond: ((k >= 6953276) AND (k <= 6953376))

table 4 : explain SELECT k FROM sbtest4 WHERE k BETWEEN 6953276 AND 6953376
	Index Only Scan using k_4 on sbtest4  (cost=0.43..6.37 rows=97 width=4)
	  Index Cond: ((k >= 6953276) AND (k <= 6953376))

table 5 : explain SELECT k FROM sbtest5 WHERE k BETWEEN 6953276 AND 6953376
	Index Only Scan using k_5 on sbtest5  (cost=0.43..6.53 rows=105 width=4)
	  Index Cond: ((k >= 6953276) AND (k <= 6953376))

table 6 : explain SELECT k FROM sbtest6 WHERE k BETWEEN 6953276 AND 6953376
	Index Only Scan using k_6 on sbtest6  (cost=0.43..6.32 rows=94 width=4)
	  Index Cond: ((k >= 6953276) AND (k <= 6953376))

table 7 : explain SELECT k FROM sbtest7 WHERE k BETWEEN 6953276 AND 6953376
	Index Only Scan using k_7 on sbtest7  (cost=0.43..6.58 rows=107 width=4)
	  Index Cond: ((k >= 6953276) AND (k <= 6953376))

table 8 : explain SELECT k FROM sbtest8 WHERE k BETWEEN 6953276 AND 6953376
	Index Only Scan using k_8 on sbtest8  (cost=0.43..6.53 rows=105 width=4)
	  Index Cond: ((k >= 6953276) AND (k <= 6953376))

for range-covered
table 1 : explain SELECT k FROM sbtest1 WHERE k BETWEEN 5135748 AND 5135848
	Index Only Scan using k_1 on sbtest1  (cost=0.43..6.74 rows=115 width=4)
	  Index Cond: ((k >= 5135748) AND (k <= 5135848))

table 2 : explain SELECT k FROM sbtest2 WHERE k BETWEEN 5135748 AND 5135848
	Index Only Scan using k_2 on sbtest2  (cost=0.43..6.47 rows=102 width=4)
	  Index Cond: ((k >= 5135748) AND (k <= 5135848))

table 3 : explain SELECT k FROM sbtest3 WHERE k BETWEEN 5135748 AND 5135848
	Index Only Scan using k_3 on sbtest3  (cost=0.43..6.50 rows=103 width=4)
	  Index Cond: ((k >= 5135748) AND (k <= 5135848))

table 4 : explain SELECT k FROM sbtest4 WHERE k BETWEEN 5135748 AND 5135848
	Index Only Scan using k_4 on sbtest4  (cost=0.43..6.43 rows=100 width=4)
	  Index Cond: ((k >= 5135748) AND (k <= 5135848))

table 5 : explain SELECT k FROM sbtest5 WHERE k BETWEEN 5135748 AND 5135848
	Index Only Scan using k_5 on sbtest5  (cost=0.43..6.40 rows=98 width=4)
	  Index Cond: ((k >= 5135748) AND (k <= 5135848))

table 6 : explain SELECT k FROM sbtest6 WHERE k BETWEEN 5135748 AND 5135848
	Index Only Scan using k_6 on sbtest6  (cost=0.43..6.42 rows=99 width=4)
	  Index Cond: ((k >= 5135748) AND (k <= 5135848))

table 7 : explain SELECT k FROM sbtest7 WHERE k BETWEEN 5135748 AND 5135848
	Index Only Scan using k_7 on sbtest7  (cost=0.43..6.74 rows=115 width=4)
	  Index Cond: ((k >= 5135748) AND (k <= 5135848))

table 8 : explain SELECT k FROM sbtest8 WHERE k BETWEEN 5135748 AND 5135848
	Index Only Scan using k_8 on sbtest8  (cost=0.43..6.45 rows=101 width=4)
	  Index Cond: ((k >= 5135748) AND (k <= 5135848))
explain: for range-covered :: explain SELECT k FROM sbtest%d WHERE k BETWEEN 9267393 AND 9267493
for range-covered
table 1 : explain SELECT k FROM sbtest1 WHERE k BETWEEN 8361468 AND 8361568
	Index Only Scan using k_1 on sbtest1  (cost=0.43..6.33 rows=95 width=4)
	  Index Cond: ((k >= 8361468) AND (k <= 8361568))

table 2 : explain SELECT k FROM sbtest2 WHERE k BETWEEN 8361468 AND 8361568
	Index Only Scan using k_2 on sbtest2  (cost=0.43..6.53 rows=105 width=4)
	  Index Cond: ((k >= 8361468) AND (k <= 8361568))

table 3 : explain SELECT k FROM sbtest3 WHERE k BETWEEN 8361468 AND 8361568
	Index Only Scan using k_3 on sbtest3  (cost=0.43..6.43 rows=100 width=4)
	  Index Cond: ((k >= 8361468) AND (k <= 8361568))

table 4 : explain SELECT k FROM sbtest4 WHERE k BETWEEN 8361468 AND 8361568
	Index Only Scan using k_4 on sbtest4  (cost=0.43..6.37 rows=97 width=4)
	  Index Cond: ((k >= 8361468) AND (k <= 8361568))

table 5 : explain SELECT k FROM sbtest5 WHERE k BETWEEN 8361468 AND 8361568
	Index Only Scan using k_5 on sbtest5  (cost=0.43..6.50 rows=103 width=4)
	  Index Cond: ((k >= 8361468) AND (k <= 8361568))

table 6 : explain SELECT k FROM sbtest6 WHERE k BETWEEN 8361468 AND 8361568
	Index Only Scan using k_6 on sbtest6  (cost=0.43..6.59 rows=108 width=4)
	  Index Cond: ((k >= 8361468) AND (k <= 8361568))

table 7 : explain SELECT k FROM sbtest7 WHERE k BETWEEN 8361468 AND 8361568
	Index Only Scan using k_7 on sbtest7  (cost=0.43..6.67 rows=112 width=4)
	  Index Cond: ((k >= 8361468) AND (k <= 8361568))

table 8 : explain SELECT k FROM sbtest8 WHERE k BETWEEN 8361468 AND 8361568
	Index Only Scan using k_8 on sbtest8  (cost=0.43..6.51 rows=104 width=4)
	  Index Cond: ((k >= 8361468) AND (k <= 8361568))


explain: for range-covered :: explain SELECT k FROM sbtest%d WHERE k BETWEEN 6953276 AND 6953376
for range-covered
table 1 : explain SELECT k FROM sbtest1 WHERE k BETWEEN 8171378 AND 8171478
	Index Only Scan using k_1 on sbtest1  (cost=0.43..6.53 rows=105 width=4)
	  Index Cond: ((k >= 8171378) AND (k <= 8171478))

table 2 : explain SELECT k FROM sbtest2 WHERE k BETWEEN 8171378 AND 8171478
	Index Only Scan using k_2 on sbtest2  (cost=0.43..6.24 rows=90 width=4)
	  Index Cond: ((k >= 8171378) AND (k <= 8171478))

table 3 : explain SELECT k FROM sbtest3 WHERE k BETWEEN 8171378 AND 8171478
	Index Only Scan using k_3 on sbtest3  (cost=0.43..6.45 rows=101 width=4)
	  Index Cond: ((k >= 8171378) AND (k <= 8171478))

table 4 : explain SELECT k FROM sbtest4 WHERE k BETWEEN 8171378 AND 8171478
	Index Only Scan using k_4 on sbtest4  (cost=0.43..6.51 rows=104 width=4)
	  Index Cond: ((k >= 8171378) AND (k <= 8171478))

table 5 : explain SELECT k FROM sbtest5 WHERE k BETWEEN 8171378 AND 8171478
	Index Only Scan using k_5 on sbtest5  (cost=0.43..6.61 rows=109 width=4)
	  Index Cond: ((k >= 8171378) AND (k <= 8171478))

table 6 : explain SELECT k FROM sbtest6 WHERE k BETWEEN 8171378 AND 8171478
	Index Only Scan using k_6 on sbtest6  (cost=0.43..6.45 rows=101 width=4)
	  Index Cond: ((k >= 8171378) AND (k <= 8171478))

table 7 : explain SELECT k FROM sbtest7 WHERE k BETWEEN 8171378 AND 8171478
	Index Only Scan using k_7 on sbtest7  (cost=0.43..6.56 rows=106 width=4)
	  Index Cond: ((k >= 8171378) AND (k <= 8171478))

table 8 : explain SELECT k FROM sbtest8 WHERE k BETWEEN 8171378 AND 8171478
	Index Only Scan using k_8 on sbtest8  (cost=0.43..6.37 rows=97 width=4)
	  Index Cond: ((k >= 8171378) AND (k <= 8171478))

explain: for range-covered :: explain SELECT k FROM sbtest%d WHERE k BETWEEN 8361468 AND 8361568
explain: for range-covered :: explain SELECT k FROM sbtest%d WHERE k BETWEEN 5135748 AND 5135848
for range-covered
table 1 : explain SELECT k FROM sbtest1 WHERE k BETWEEN 8532840 AND 8532940
	Index Only Scan using k_1 on sbtest1  (cost=0.43..6.69 rows=113 width=4)
	  Index Cond: ((k >= 8532840) AND (k <= 8532940))

table 2 : explain SELECT k FROM sbtest2 WHERE k BETWEEN 8532840 AND 8532940
	Index Only Scan using k_2 on sbtest2  (cost=0.43..6.37 rows=97 width=4)
	  Index Cond: ((k >= 8532840) AND (k <= 8532940))

table 3 : explain SELECT k FROM sbtest3 WHERE k BETWEEN 8532840 AND 8532940
	Index Only Scan using k_3 on sbtest3  (cost=0.43..6.43 rows=100 width=4)
	  Index Cond: ((k >= 8532840) AND (k <= 8532940))

table 4 : explain SELECT k FROM sbtest4 WHERE k BETWEEN 8532840 AND 8532940
	Index Only Scan using k_4 on sbtest4  (cost=0.43..6.53 rows=105 width=4)
	  Index Cond: ((k >= 8532840) AND (k <= 8532940))

table 5 : explain SELECT k FROM sbtest5 WHERE k BETWEEN 8532840 AND 8532940
	Index Only Scan using k_5 on sbtest5  (cost=0.43..6.67 rows=112 width=4)
	  Index Cond: ((k >= 8532840) AND (k <= 8532940))

table 6 : explain SELECT k FROM sbtest6 WHERE k BETWEEN 8532840 AND 8532940
	Index Only Scan using k_6 on sbtest6  (cost=0.43..6.29 rows=93 width=4)
	  Index Cond: ((k >= 8532840) AND (k <= 8532940))

table 7 : explain SELECT k FROM sbtest7 WHERE k BETWEEN 8532840 AND 8532940
	Index Only Scan using k_7 on sbtest7  (cost=0.43..6.45 rows=101 width=4)
	  Index Cond: ((k >= 8532840) AND (k <= 8532940))

table 8 : explain SELECT k FROM sbtest8 WHERE k BETWEEN 8532840 AND 8532940
	Index Only Scan using k_8 on sbtest8  (cost=0.43..6.45 rows=101 width=4)
	  Index Cond: ((k >= 8532840) AND (k <= 8532940))

for range-covered
table 1 : explain SELECT k FROM sbtest1 WHERE k BETWEEN 2825145 AND 2825245
	Index Only Scan using k_1 on sbtest1  (cost=0.43..6.25 rows=91 width=4)
	  Index Cond: ((k >= 2825145) AND (k <= 2825245))

table 2 : explain SELECT k FROM sbtest2 WHERE k BETWEEN 2825145 AND 2825245
	Index Only Scan using k_2 on sbtest2  (cost=0.43..6.29 rows=93 width=4)
	  Index Cond: ((k >= 2825145) AND (k <= 2825245))

table 3 : explain SELECT k FROM sbtest3 WHERE k BETWEEN 2825145 AND 2825245
	Index Only Scan using k_3 on sbtest3  (cost=0.43..6.69 rows=113 width=4)
	  Index Cond: ((k >= 2825145) AND (k <= 2825245))

table 4 : explain SELECT k FROM sbtest4 WHERE k BETWEEN 2825145 AND 2825245
	Index Only Scan using k_4 on sbtest4  (cost=0.43..6.50 rows=103 width=4)
	  Index Cond: ((k >= 2825145) AND (k <= 2825245))

table 5 : explain SELECT k FROM sbtest5 WHERE k BETWEEN 2825145 AND 2825245
	Index Only Scan using k_5 on sbtest5  (cost=0.43..6.40 rows=98 width=4)
	  Index Cond: ((k >= 2825145) AND (k <= 2825245))

table 6 : explain SELECT k FROM sbtest6 WHERE k BETWEEN 2825145 AND 2825245
	Index Only Scan using k_6 on sbtest6  (cost=0.43..6.35 rows=96 width=4)
	  Index Cond: ((k >= 2825145) AND (k <= 2825245))

table 7 : explain SELECT k FROM sbtest7 WHERE k BETWEEN 2825145 AND 2825245
	Index Only Scan using k_7 on sbtest7  (cost=0.43..6.53 rows=105 width=4)
	  Index Cond: ((k >= 2825145) AND (k <= 2825245))

table 8 : explain SELECT k FROM sbtest8 WHERE k BETWEEN 2825145 AND 2825245
	Index Only Scan using k_8 on sbtest8  (cost=0.43..6.45 rows=101 width=4)
	  Index Cond: ((k >= 2825145) AND (k <= 2825245))

for range-covered
table 1 : explain SELECT k FROM sbtest1 WHERE k BETWEEN 8651134 AND 8651234
	Index Only Scan using k_1 on sbtest1  (cost=0.43..6.43 rows=100 width=4)
	  Index Cond: ((k >= 8651134) AND (k <= 8651234))

table 2 : explain SELECT k FROM sbtest2 WHERE k BETWEEN 8651134 AND 8651234
	Index Only Scan using k_2 on sbtest2  (cost=0.43..6.51 rows=104 width=4)
	  Index Cond: ((k >= 8651134) AND (k <= 8651234))

table 3 : explain SELECT k FROM sbtest3 WHERE k BETWEEN 8651134 AND 8651234
	Index Only Scan using k_3 on sbtest3  (cost=0.43..6.74 rows=115 width=4)
	  Index Cond: ((k >= 8651134) AND (k <= 8651234))

table 4 : explain SELECT k FROM sbtest4 WHERE k BETWEEN 8651134 AND 8651234
	Index Only Scan using k_4 on sbtest4  (cost=0.43..6.53 rows=105 width=4)
	  Index Cond: ((k >= 8651134) AND (k <= 8651234))

table 5 : explain SELECT k FROM sbtest5 WHERE k BETWEEN 8651134 AND 8651234
	Index Only Scan using k_5 on sbtest5  (cost=0.43..6.50 rows=103 width=4)
	  Index Cond: ((k >= 8651134) AND (k <= 8651234))

table 6 : explain SELECT k FROM sbtest6 WHERE k BETWEEN 8651134 AND 8651234
	Index Only Scan using k_6 on sbtest6  (cost=0.43..6.33 rows=95 width=4)
	  Index Cond: ((k >= 8651134) AND (k <= 8651234))

table 7 : explain SELECT k FROM sbtest7 WHERE k BETWEEN 8651134 AND 8651234
	Index Only Scan using k_7 on sbtest7  (cost=0.43..6.59 rows=108 width=4)
	  Index Cond: ((k >= 8651134) AND (k <= 8651234))

table 8 : explain SELECT k FROM sbtest8 WHERE k BETWEEN 8651134 AND 8651234
	Index Only Scan using k_8 on sbtest8  (cost=0.43..6.42 rows=99 width=4)
	  Index Cond: ((k >= 8651134) AND (k <= 8651234))

explain: for range-covered :: explain SELECT k FROM sbtest%d WHERE k BETWEEN 2825145 AND 2825245
explain: for range-covered :: explain SELECT k FROM sbtest%d WHERE k BETWEEN 8651134 AND 8651234
explain: for range-covered :: explain SELECT k FROM sbtest%d WHERE k BETWEEN 8171378 AND 8171478
explain: for range-covered :: explain SELECT k FROM sbtest%d WHERE k BETWEEN 8532840 AND 8532940
for range-covered
table 1 : explain SELECT k FROM sbtest1 WHERE k BETWEEN 6043526 AND 6043626
	Index Only Scan using k_1 on sbtest1  (cost=0.43..6.35 rows=96 width=4)
	  Index Cond: ((k >= 6043526) AND (k <= 6043626))

table 2 : explain SELECT k FROM sbtest2 WHERE k BETWEEN 6043526 AND 6043626
	Index Only Scan using k_2 on sbtest2  (cost=0.43..6.37 rows=97 width=4)
	  Index Cond: ((k >= 6043526) AND (k <= 6043626))

table 3 : explain SELECT k FROM sbtest3 WHERE k BETWEEN 6043526 AND 6043626
	Index Only Scan using k_3 on sbtest3  (cost=0.43..6.51 rows=104 width=4)
	  Index Cond: ((k >= 6043526) AND (k <= 6043626))

table 4 : explain SELECT k FROM sbtest4 WHERE k BETWEEN 6043526 AND 6043626
	Index Only Scan using k_4 on sbtest4  (cost=0.43..6.47 rows=102 width=4)
	  Index Cond: ((k >= 6043526) AND (k <= 6043626))

table 5 : explain SELECT k FROM sbtest5 WHERE k BETWEEN 6043526 AND 6043626
	Index Only Scan using k_5 on sbtest5  (cost=0.43..6.66 rows=111 width=4)
	  Index Cond: ((k >= 6043526) AND (k <= 6043626))

table 6 : explain SELECT k FROM sbtest6 WHERE k BETWEEN 6043526 AND 6043626
	Index Only Scan using k_6 on sbtest6  (cost=0.43..6.63 rows=110 width=4)
	  Index Cond: ((k >= 6043526) AND (k <= 6043626))

table 7 : explain SELECT k FROM sbtest7 WHERE k BETWEEN 6043526 AND 6043626
	Index Only Scan using k_7 on sbtest7  (cost=0.43..6.51 rows=104 width=4)
	  Index Cond: ((k >= 6043526) AND (k <= 6043626))

table 8 : explain SELECT k FROM sbtest8 WHERE k BETWEEN 6043526 AND 6043626
	Index Only Scan using k_8 on sbtest8  (cost=0.43..6.42 rows=99 width=4)
	  Index Cond: ((k >= 6043526) AND (k <= 6043626))

explain: for range-covered :: explain SELECT k FROM sbtest%d WHERE k BETWEEN 6043526 AND 6043626
explain: for range-covered :: explain SELECT k FROM sbtest%d WHERE k BETWEEN 7623080 AND 7623180
for range-covered
table 1 : explain SELECT k FROM sbtest1 WHERE k BETWEEN 5135748 AND 5135848
	Index Only Scan using k_1 on sbtest1  (cost=0.43..6.74 rows=115 width=4)
	  Index Cond: ((k >= 5135748) AND (k <= 5135848))

table 2 : explain SELECT k FROM sbtest2 WHERE k BETWEEN 5135748 AND 5135848
	Index Only Scan using k_2 on sbtest2  (cost=0.43..6.47 rows=102 width=4)
	  Index Cond: ((k >= 5135748) AND (k <= 5135848))

table 3 : explain SELECT k FROM sbtest3 WHERE k BETWEEN 5135748 AND 5135848
	Index Only Scan using k_3 on sbtest3  (cost=0.43..6.50 rows=103 width=4)
	  Index Cond: ((k >= 5135748) AND (k <= 5135848))

table 4 : explain SELECT k FROM sbtest4 WHERE k BETWEEN 5135748 AND 5135848
	Index Only Scan using k_4 on sbtest4  (cost=0.43..6.43 rows=100 width=4)
	  Index Cond: ((k >= 5135748) AND (k <= 5135848))

table 5 : explain SELECT k FROM sbtest5 WHERE k BETWEEN 5135748 AND 5135848
	Index Only Scan using k_5 on sbtest5  (cost=0.43..6.40 rows=98 width=4)
	  Index Cond: ((k >= 5135748) AND (k <= 5135848))

table 6 : explain SELECT k FROM sbtest6 WHERE k BETWEEN 5135748 AND 5135848
	Index Only Scan using k_6 on sbtest6  (cost=0.43..6.42 rows=99 width=4)
	  Index Cond: ((k >= 5135748) AND (k <= 5135848))

table 7 : explain SELECT k FROM sbtest7 WHERE k BETWEEN 5135748 AND 5135848
	Index Only Scan using k_7 on sbtest7  (cost=0.43..6.74 rows=115 width=4)
	  Index Cond: ((k >= 5135748) AND (k <= 5135848))

table 8 : explain SELECT k FROM sbtest8 WHERE k BETWEEN 5135748 AND 5135848
	Index Only Scan using k_8 on sbtest8  (cost=0.43..6.45 rows=101 width=4)
	  Index Cond: ((k >= 5135748) AND (k <= 5135848))

for range-covered
table 1 : explain SELECT k FROM sbtest1 WHERE k BETWEEN 8361468 AND 8361568
	Index Only Scan using k_1 on sbtest1  (cost=0.43..6.33 rows=95 width=4)
	  Index Cond: ((k >= 8361468) AND (k <= 8361568))

table 2 : explain SELECT k FROM sbtest2 WHERE k BETWEEN 8361468 AND 8361568
	Index Only Scan using k_2 on sbtest2  (cost=0.43..6.53 rows=105 width=4)
	  Index Cond: ((k >= 8361468) AND (k <= 8361568))

table 3 : explain SELECT k FROM sbtest3 WHERE k BETWEEN 8361468 AND 8361568
	Index Only Scan using k_3 on sbtest3  (cost=0.43..6.43 rows=100 width=4)
	  Index Cond: ((k >= 8361468) AND (k <= 8361568))

table 4 : explain SELECT k FROM sbtest4 WHERE k BETWEEN 8361468 AND 8361568
	Index Only Scan using k_4 on sbtest4  (cost=0.43..6.37 rows=97 width=4)
	  Index Cond: ((k >= 8361468) AND (k <= 8361568))

table 5 : explain SELECT k FROM sbtest5 WHERE k BETWEEN 8361468 AND 8361568
	Index Only Scan using k_5 on sbtest5  (cost=0.43..6.50 rows=103 width=4)
	  Index Cond: ((k >= 8361468) AND (k <= 8361568))

table 6 : explain SELECT k FROM sbtest6 WHERE k BETWEEN 8361468 AND 8361568
	Index Only Scan using k_6 on sbtest6  (cost=0.43..6.59 rows=108 width=4)
	  Index Cond: ((k >= 8361468) AND (k <= 8361568))

table 7 : explain SELECT k FROM sbtest7 WHERE k BETWEEN 8361468 AND 8361568
	Index Only Scan using k_7 on sbtest7  (cost=0.43..6.67 rows=112 width=4)
	  Index Cond: ((k >= 8361468) AND (k <= 8361568))

table 8 : explain SELECT k FROM sbtest8 WHERE k BETWEEN 8361468 AND 8361568
	Index Only Scan using k_8 on sbtest8  (cost=0.43..6.51 rows=104 width=4)
	  Index Cond: ((k >= 8361468) AND (k <= 8361568))

explain: for range-covered :: explain SELECT k FROM sbtest%d WHERE k BETWEEN 5135748 AND 5135848
explain: for range-covered :: explain SELECT k FROM sbtest%d WHERE k BETWEEN 8361468 AND 8361568
for range-covered
table 1 : explain SELECT k FROM sbtest1 WHERE k BETWEEN 4743890 AND 4743990
	Index Only Scan using k_1 on sbtest1  (cost=0.43..6.45 rows=101 width=4)
	  Index Cond: ((k >= 4743890) AND (k <= 4743990))

table 2 : explain SELECT k FROM sbtest2 WHERE k BETWEEN 4743890 AND 4743990
	Index Only Scan using k_2 on sbtest2  (cost=0.43..6.33 rows=95 width=4)
	  Index Cond: ((k >= 4743890) AND (k <= 4743990))

table 3 : explain SELECT k FROM sbtest3 WHERE k BETWEEN 4743890 AND 4743990
	Index Only Scan using k_3 on sbtest3  (cost=0.43..6.35 rows=96 width=4)
	  Index Cond: ((k >= 4743890) AND (k <= 4743990))

table 4 : explain SELECT k FROM sbtest4 WHERE k BETWEEN 4743890 AND 4743990
	Index Only Scan using k_4 on sbtest4  (cost=0.43..6.47 rows=102 width=4)
	  Index Cond: ((k >= 4743890) AND (k <= 4743990))

table 5 : explain SELECT k FROM sbtest5 WHERE k BETWEEN 4743890 AND 4743990
	Index Only Scan using k_5 on sbtest5  (cost=0.43..6.40 rows=98 width=4)
	  Index Cond: ((k >= 4743890) AND (k <= 4743990))

table 6 : explain SELECT k FROM sbtest6 WHERE k BETWEEN 4743890 AND 4743990
	Index Only Scan using k_6 on sbtest6  (cost=0.43..6.47 rows=102 width=4)
	  Index Cond: ((k >= 4743890) AND (k <= 4743990))

table 7 : explain SELECT k FROM sbtest7 WHERE k BETWEEN 4743890 AND 4743990
	Index Only Scan using k_7 on sbtest7  (cost=0.43..6.25 rows=91 width=4)
	  Index Cond: ((k >= 4743890) AND (k <= 4743990))

table 8 : explain SELECT k FROM sbtest8 WHERE k BETWEEN 4743890 AND 4743990
	Index Only Scan using k_8 on sbtest8  (cost=0.43..6.69 rows=113 width=4)
	  Index Cond: ((k >= 4743890) AND (k <= 4743990))

for range-covered
table 1 : explain SELECT k FROM sbtest1 WHERE k BETWEEN 6953276 AND 6953376
	Index Only Scan using k_1 on sbtest1  (cost=0.43..6.59 rows=108 width=4)
	  Index Cond: ((k >= 6953276) AND (k <= 6953376))

table 2 : explain SELECT k FROM sbtest2 WHERE k BETWEEN 6953276 AND 6953376
	Index Only Scan using k_2 on sbtest2  (cost=0.43..6.59 rows=108 width=4)
	  Index Cond: ((k >= 6953276) AND (k <= 6953376))

table 3 : explain SELECT k FROM sbtest3 WHERE k BETWEEN 6953276 AND 6953376
	Index Only Scan using k_3 on sbtest3  (cost=0.43..6.43 rows=100 width=4)
	  Index Cond: ((k >= 6953276) AND (k <= 6953376))

table 4 : explain SELECT k FROM sbtest4 WHERE k BETWEEN 6953276 AND 6953376
	Index Only Scan using k_4 on sbtest4  (cost=0.43..6.37 rows=97 width=4)
	  Index Cond: ((k >= 6953276) AND (k <= 6953376))

table 5 : explain SELECT k FROM sbtest5 WHERE k BETWEEN 6953276 AND 6953376
	Index Only Scan using k_5 on sbtest5  (cost=0.43..6.53 rows=105 width=4)
	  Index Cond: ((k >= 6953276) AND (k <= 6953376))

table 6 : explain SELECT k FROM sbtest6 WHERE k BETWEEN 6953276 AND 6953376
	Index Only Scan using k_6 on sbtest6  (cost=0.43..6.32 rows=94 width=4)
	  Index Cond: ((k >= 6953276) AND (k <= 6953376))

table 7 : explain SELECT k FROM sbtest7 WHERE k BETWEEN 6953276 AND 6953376
	Index Only Scan using k_7 on sbtest7  (cost=0.43..6.58 rows=107 width=4)
	  Index Cond: ((k >= 6953276) AND (k <= 6953376))

table 8 : explain SELECT k FROM sbtest8 WHERE k BETWEEN 6953276 AND 6953376
	Index Only Scan using k_8 on sbtest8  (cost=0.43..6.53 rows=105 width=4)
	  Index Cond: ((k >= 6953276) AND (k <= 6953376))

for range-covered
table 1 : explain SELECT k FROM sbtest1 WHERE k BETWEEN 8651134 AND 8651234
	Index Only Scan using k_1 on sbtest1  (cost=0.43..6.43 rows=100 width=4)
	  Index Cond: ((k >= 8651134) AND (k <= 8651234))

table 2 : explain SELECT k FROM sbtest2 WHERE k BETWEEN 8651134 AND 8651234
	Index Only Scan using k_2 on sbtest2  (cost=0.43..6.51 rows=104 width=4)
	  Index Cond: ((k >= 8651134) AND (k <= 8651234))

table 3 : explain SELECT k FROM sbtest3 WHERE k BETWEEN 8651134 AND 8651234
	Index Only Scan using k_3 on sbtest3  (cost=0.43..6.74 rows=115 width=4)
	  Index Cond: ((k >= 8651134) AND (k <= 8651234))

table 4 : explain SELECT k FROM sbtest4 WHERE k BETWEEN 8651134 AND 8651234
	Index Only Scan using k_4 on sbtest4  (cost=0.43..6.53 rows=105 width=4)
	  Index Cond: ((k >= 8651134) AND (k <= 8651234))

table 5 : explain SELECT k FROM sbtest5 WHERE k BETWEEN 8651134 AND 8651234
	Index Only Scan using k_5 on sbtest5  (cost=0.43..6.50 rows=103 width=4)
	  Index Cond: ((k >= 8651134) AND (k <= 8651234))

table 6 : explain SELECT k FROM sbtest6 WHERE k BETWEEN 8651134 AND 8651234
	Index Only Scan using k_6 on sbtest6  (cost=0.43..6.33 rows=95 width=4)
	  Index Cond: ((k >= 8651134) AND (k <= 8651234))

table 7 : explain SELECT k FROM sbtest7 WHERE k BETWEEN 8651134 AND 8651234
	Index Only Scan using k_7 on sbtest7  (cost=0.43..6.59 rows=108 width=4)
	  Index Cond: ((k >= 8651134) AND (k <= 8651234))

table 8 : explain SELECT k FROM sbtest8 WHERE k BETWEEN 8651134 AND 8651234
	Index Only Scan using k_8 on sbtest8  (cost=0.43..6.42 rows=99 width=4)
	  Index Cond: ((k >= 8651134) AND (k <= 8651234))

explain: for range-covered :: explain SELECT k FROM sbtest%d WHERE k BETWEEN 4743890 AND 4743990
explain: for range-covered :: explain SELECT k FROM sbtest%d WHERE k BETWEEN 6953276 AND 6953376
for range-covered
table 1 : explain SELECT k FROM sbtest1 WHERE k BETWEEN 6043526 AND 6043626
	Index Only Scan using k_1 on sbtest1  (cost=0.43..6.35 rows=96 width=4)
	  Index Cond: ((k >= 6043526) AND (k <= 6043626))

table 2 : explain SELECT k FROM sbtest2 WHERE k BETWEEN 6043526 AND 6043626
	Index Only Scan using k_2 on sbtest2  (cost=0.43..6.37 rows=97 width=4)
	  Index Cond: ((k >= 6043526) AND (k <= 6043626))

table 3 : explain SELECT k FROM sbtest3 WHERE k BETWEEN 6043526 AND 6043626
	Index Only Scan using k_3 on sbtest3  (cost=0.43..6.51 rows=104 width=4)
	  Index Cond: ((k >= 6043526) AND (k <= 6043626))

table 4 : explain SELECT k FROM sbtest4 WHERE k BETWEEN 6043526 AND 6043626
	Index Only Scan using k_4 on sbtest4  (cost=0.43..6.47 rows=102 width=4)
	  Index Cond: ((k >= 6043526) AND (k <= 6043626))

table 5 : explain SELECT k FROM sbtest5 WHERE k BETWEEN 6043526 AND 6043626
	Index Only Scan using k_5 on sbtest5  (cost=0.43..6.66 rows=111 width=4)
	  Index Cond: ((k >= 6043526) AND (k <= 6043626))

table 6 : explain SELECT k FROM sbtest6 WHERE k BETWEEN 6043526 AND 6043626
	Index Only Scan using k_6 on sbtest6  (cost=0.43..6.63 rows=110 width=4)
	  Index Cond: ((k >= 6043526) AND (k <= 6043626))

table 7 : explain SELECT k FROM sbtest7 WHERE k BETWEEN 6043526 AND 6043626
	Index Only Scan using k_7 on sbtest7  (cost=0.43..6.51 rows=104 width=4)
	  Index Cond: ((k >= 6043526) AND (k <= 6043626))

table 8 : explain SELECT k FROM sbtest8 WHERE k BETWEEN 6043526 AND 6043626
	Index Only Scan using k_8 on sbtest8  (cost=0.43..6.42 rows=99 width=4)
	  Index Cond: ((k >= 6043526) AND (k <= 6043626))

explain: for range-covered :: explain SELECT k FROM sbtest%d WHERE k BETWEEN 6043526 AND 6043626
for range-covered
table 1 : explain SELECT k FROM sbtest1 WHERE k BETWEEN 5135748 AND 5135848
	Index Only Scan using k_1 on sbtest1  (cost=0.43..6.74 rows=115 width=4)
	  Index Cond: ((k >= 5135748) AND (k <= 5135848))

table 2 : explain SELECT k FROM sbtest2 WHERE k BETWEEN 5135748 AND 5135848
	Index Only Scan using k_2 on sbtest2  (cost=0.43..6.47 rows=102 width=4)
	  Index Cond: ((k >= 5135748) AND (k <= 5135848))

table 3 : explain SELECT k FROM sbtest3 WHERE k BETWEEN 5135748 AND 5135848
	Index Only Scan using k_3 on sbtest3  (cost=0.43..6.50 rows=103 width=4)
	  Index Cond: ((k >= 5135748) AND (k <= 5135848))

table 4 : explain SELECT k FROM sbtest4 WHERE k BETWEEN 5135748 AND 5135848
	Index Only Scan using k_4 on sbtest4  (cost=0.43..6.43 rows=100 width=4)
	  Index Cond: ((k >= 5135748) AND (k <= 5135848))

table 5 : explain SELECT k FROM sbtest5 WHERE k BETWEEN 5135748 AND 5135848
	Index Only Scan using k_5 on sbtest5  (cost=0.43..6.40 rows=98 width=4)
	  Index Cond: ((k >= 5135748) AND (k <= 5135848))

table 6 : explain SELECT k FROM sbtest6 WHERE k BETWEEN 5135748 AND 5135848
	Index Only Scan using k_6 on sbtest6  (cost=0.43..6.42 rows=99 width=4)
	  Index Cond: ((k >= 5135748) AND (k <= 5135848))

table 7 : explain SELECT k FROM sbtest7 WHERE k BETWEEN 5135748 AND 5135848
	Index Only Scan using k_7 on sbtest7  (cost=0.43..6.74 rows=115 width=4)
	  Index Cond: ((k >= 5135748) AND (k <= 5135848))

table 8 : explain SELECT k FROM sbtest8 WHERE k BETWEEN 5135748 AND 5135848
	Index Only Scan using k_8 on sbtest8  (cost=0.43..6.45 rows=101 width=4)
	  Index Cond: ((k >= 5135748) AND (k <= 5135848))

for range-covered
table 1 : explain SELECT k FROM sbtest1 WHERE k BETWEEN 8361468 AND 8361568
	Index Only Scan using k_1 on sbtest1  (cost=0.43..6.33 rows=95 width=4)
	  Index Cond: ((k >= 8361468) AND (k <= 8361568))

table 2 : explain SELECT k FROM sbtest2 WHERE k BETWEEN 8361468 AND 8361568
	Index Only Scan using k_2 on sbtest2  (cost=0.43..6.53 rows=105 width=4)
	  Index Cond: ((k >= 8361468) AND (k <= 8361568))

table 3 : explain SELECT k FROM sbtest3 WHERE k BETWEEN 8361468 AND 8361568
	Index Only Scan using k_3 on sbtest3  (cost=0.43..6.43 rows=100 width=4)
	  Index Cond: ((k >= 8361468) AND (k <= 8361568))

table 4 : explain SELECT k FROM sbtest4 WHERE k BETWEEN 8361468 AND 8361568
	Index Only Scan using k_4 on sbtest4  (cost=0.43..6.37 rows=97 width=4)
	  Index Cond: ((k >= 8361468) AND (k <= 8361568))

table 5 : explain SELECT k FROM sbtest5 WHERE k BETWEEN 8361468 AND 8361568
	Index Only Scan using k_5 on sbtest5  (cost=0.43..6.50 rows=103 width=4)
	  Index Cond: ((k >= 8361468) AND (k <= 8361568))

table 6 : explain SELECT k FROM sbtest6 WHERE k BETWEEN 8361468 AND 8361568
	Index Only Scan using k_6 on sbtest6  (cost=0.43..6.59 rows=108 width=4)
	  Index Cond: ((k >= 8361468) AND (k <= 8361568))

table 7 : explain SELECT k FROM sbtest7 WHERE k BETWEEN 8361468 AND 8361568
	Index Only Scan using k_7 on sbtest7  (cost=0.43..6.67 rows=112 width=4)
	  Index Cond: ((k >= 8361468) AND (k <= 8361568))

table 8 : explain SELECT k FROM sbtest8 WHERE k BETWEEN 8361468 AND 8361568
	Index Only Scan using k_8 on sbtest8  (cost=0.43..6.51 rows=104 width=4)
	  Index Cond: ((k >= 8361468) AND (k <= 8361568))

for range-covered
table 1 : explain SELECT k FROM sbtest1 WHERE k BETWEEN 8171378 AND 8171478
	Index Only Scan using k_1 on sbtest1  (cost=0.43..6.53 rows=105 width=4)
	  Index Cond: ((k >= 8171378) AND (k <= 8171478))

table 2 : explain SELECT k FROM sbtest2 WHERE k BETWEEN 8171378 AND 8171478
	Index Only Scan using k_2 on sbtest2  (cost=0.43..6.24 rows=90 width=4)
	  Index Cond: ((k >= 8171378) AND (k <= 8171478))

table 3 : explain SELECT k FROM sbtest3 WHERE k BETWEEN 8171378 AND 8171478
	Index Only Scan using k_3 on sbtest3  (cost=0.43..6.45 rows=101 width=4)
	  Index Cond: ((k >= 8171378) AND (k <= 8171478))

table 4 : explain SELECT k FROM sbtest4 WHERE k BETWEEN 8171378 AND 8171478
	Index Only Scan using k_4 on sbtest4  (cost=0.43..6.51 rows=104 width=4)
	  Index Cond: ((k >= 8171378) AND (k <= 8171478))

table 5 : explain SELECT k FROM sbtest5 WHERE k BETWEEN 8171378 AND 8171478
	Index Only Scan using k_5 on sbtest5  (cost=0.43..6.61 rows=109 width=4)
	  Index Cond: ((k >= 8171378) AND (k <= 8171478))

table 6 : explain SELECT k FROM sbtest6 WHERE k BETWEEN 8171378 AND 8171478
	Index Only Scan using k_6 on sbtest6  (cost=0.43..6.45 rows=101 width=4)
	  Index Cond: ((k >= 8171378) AND (k <= 8171478))

table 7 : explain SELECT k FROM sbtest7 WHERE k BETWEEN 8171378 AND 8171478
	Index Only Scan using k_7 on sbtest7  (cost=0.43..6.56 rows=106 width=4)
	  Index Cond: ((k >= 8171378) AND (k <= 8171478))

table 8 : explain SELECT k FROM sbtest8 WHERE k BETWEEN 8171378 AND 8171478
	Index Only Scan using k_8 on sbtest8  (cost=0.43..6.37 rows=97 width=4)
	  Index Cond: ((k >= 8171378) AND (k <= 8171478))

explain: for range-covered :: explain SELECT k FROM sbtest%d WHERE k BETWEEN 5135748 AND 5135848
explain: for range-covered :: explain SELECT k FROM sbtest%d WHERE k BETWEEN 8651134 AND 8651234
explain: for range-covered :: explain SELECT k FROM sbtest%d WHERE k BETWEEN 8171378 AND 8171478
for range-covered
table 1 : explain SELECT k FROM sbtest1 WHERE k BETWEEN 4743890 AND 4743990
	Index Only Scan using k_1 on sbtest1  (cost=0.43..6.45 rows=101 width=4)
	  Index Cond: ((k >= 4743890) AND (k <= 4743990))

table 2 : explain SELECT k FROM sbtest2 WHERE k BETWEEN 4743890 AND 4743990
	Index Only Scan using k_2 on sbtest2  (cost=0.43..6.33 rows=95 width=4)
	  Index Cond: ((k >= 4743890) AND (k <= 4743990))

table 3 : explain SELECT k FROM sbtest3 WHERE k BETWEEN 4743890 AND 4743990
	Index Only Scan using k_3 on sbtest3  (cost=0.43..6.35 rows=96 width=4)
	  Index Cond: ((k >= 4743890) AND (k <= 4743990))

table 4 : explain SELECT k FROM sbtest4 WHERE k BETWEEN 4743890 AND 4743990
	Index Only Scan using k_4 on sbtest4  (cost=0.43..6.47 rows=102 width=4)
	  Index Cond: ((k >= 4743890) AND (k <= 4743990))

table 5 : explain SELECT k FROM sbtest5 WHERE k BETWEEN 4743890 AND 4743990
	Index Only Scan using k_5 on sbtest5  (cost=0.43..6.40 rows=98 width=4)
	  Index Cond: ((k >= 4743890) AND (k <= 4743990))

table 6 : explain SELECT k FROM sbtest6 WHERE k BETWEEN 4743890 AND 4743990
	Index Only Scan using k_6 on sbtest6  (cost=0.43..6.47 rows=102 width=4)
	  Index Cond: ((k >= 4743890) AND (k <= 4743990))

table 7 : explain SELECT k FROM sbtest7 WHERE k BETWEEN 4743890 AND 4743990
	Index Only Scan using k_7 on sbtest7  (cost=0.43..6.25 rows=91 width=4)
	  Index Cond: ((k >= 4743890) AND (k <= 4743990))

table 8 : explain SELECT k FROM sbtest8 WHERE k BETWEEN 4743890 AND 4743990
	Index Only Scan using k_8 on sbtest8  (cost=0.43..6.69 rows=113 width=4)
	  Index Cond: ((k >= 4743890) AND (k <= 4743990))

for range-covered
table 1 : explain SELECT k FROM sbtest1 WHERE k BETWEEN 6953276 AND 6953376
	Index Only Scan using k_1 on sbtest1  (cost=0.43..6.59 rows=108 width=4)
	  Index Cond: ((k >= 6953276) AND (k <= 6953376))

table 2 : explain SELECT k FROM sbtest2 WHERE k BETWEEN 6953276 AND 6953376
	Index Only Scan using k_2 on sbtest2  (cost=0.43..6.59 rows=108 width=4)
	  Index Cond: ((k >= 6953276) AND (k <= 6953376))

table 3 : explain SELECT k FROM sbtest3 WHERE k BETWEEN 6953276 AND 6953376
	Index Only Scan using k_3 on sbtest3  (cost=0.43..6.43 rows=100 width=4)
	  Index Cond: ((k >= 6953276) AND (k <= 6953376))

table 4 : explain SELECT k FROM sbtest4 WHERE k BETWEEN 6953276 AND 6953376
	Index Only Scan using k_4 on sbtest4  (cost=0.43..6.37 rows=97 width=4)
	  Index Cond: ((k >= 6953276) AND (k <= 6953376))

table 5 : explain SELECT k FROM sbtest5 WHERE k BETWEEN 6953276 AND 6953376
	Index Only Scan using k_5 on sbtest5  (cost=0.43..6.53 rows=105 width=4)
	  Index Cond: ((k >= 6953276) AND (k <= 6953376))

table 6 : explain SELECT k FROM sbtest6 WHERE k BETWEEN 6953276 AND 6953376
	Index Only Scan using k_6 on sbtest6  (cost=0.43..6.32 rows=94 width=4)
	  Index Cond: ((k >= 6953276) AND (k <= 6953376))

table 7 : explain SELECT k FROM sbtest7 WHERE k BETWEEN 6953276 AND 6953376
	Index Only Scan using k_7 on sbtest7  (cost=0.43..6.58 rows=107 width=4)
	  Index Cond: ((k >= 6953276) AND (k <= 6953376))

table 8 : explain SELECT k FROM sbtest8 WHERE k BETWEEN 6953276 AND 6953376
	Index Only Scan using k_8 on sbtest8  (cost=0.43..6.53 rows=105 width=4)
	  Index Cond: ((k >= 6953276) AND (k <= 6953376))

explain: for range-covered :: explain SELECT k FROM sbtest%d WHERE k BETWEEN 4743890 AND 4743990
explain: for range-covered :: explain SELECT k FROM sbtest%d WHERE k BETWEEN 6953276 AND 6953376
for range-covered
table 1 : explain SELECT k FROM sbtest1 WHERE k BETWEEN 2825145 AND 2825245
	Index Only Scan using k_1 on sbtest1  (cost=0.43..6.25 rows=91 width=4)
	  Index Cond: ((k >= 2825145) AND (k <= 2825245))

table 2 : explain SELECT k FROM sbtest2 WHERE k BETWEEN 2825145 AND 2825245
	Index Only Scan using k_2 on sbtest2  (cost=0.43..6.29 rows=93 width=4)
	  Index Cond: ((k >= 2825145) AND (k <= 2825245))

table 3 : explain SELECT k FROM sbtest3 WHERE k BETWEEN 2825145 AND 2825245
	Index Only Scan using k_3 on sbtest3  (cost=0.43..6.69 rows=113 width=4)
	  Index Cond: ((k >= 2825145) AND (k <= 2825245))

table 4 : explain SELECT k FROM sbtest4 WHERE k BETWEEN 2825145 AND 2825245
	Index Only Scan using k_4 on sbtest4  (cost=0.43..6.50 rows=103 width=4)
	  Index Cond: ((k >= 2825145) AND (k <= 2825245))

table 5 : explain SELECT k FROM sbtest5 WHERE k BETWEEN 2825145 AND 2825245
	Index Only Scan using k_5 on sbtest5  (cost=0.43..6.40 rows=98 width=4)
	  Index Cond: ((k >= 2825145) AND (k <= 2825245))

table 6 : explain SELECT k FROM sbtest6 WHERE k BETWEEN 2825145 AND 2825245
	Index Only Scan using k_6 on sbtest6  (cost=0.43..6.35 rows=96 width=4)
	  Index Cond: ((k >= 2825145) AND (k <= 2825245))

table 7 : explain SELECT k FROM sbtest7 WHERE k BETWEEN 2825145 AND 2825245
	Index Only Scan using k_7 on sbtest7  (cost=0.43..6.53 rows=105 width=4)
	  Index Cond: ((k >= 2825145) AND (k <= 2825245))

table 8 : explain SELECT k FROM sbtest8 WHERE k BETWEEN 2825145 AND 2825245
	Index Only Scan using k_8 on sbtest8  (cost=0.43..6.45 rows=101 width=4)
	  Index Cond: ((k >= 2825145) AND (k <= 2825245))

for range-covered
table 1 : explain SELECT k FROM sbtest1 WHERE k BETWEEN 6043526 AND 6043626
	Index Only Scan using k_1 on sbtest1  (cost=0.43..6.35 rows=96 width=4)
	  Index Cond: ((k >= 6043526) AND (k <= 6043626))

table 2 : explain SELECT k FROM sbtest2 WHERE k BETWEEN 6043526 AND 6043626
	Index Only Scan using k_2 on sbtest2  (cost=0.43..6.37 rows=97 width=4)
	  Index Cond: ((k >= 6043526) AND (k <= 6043626))

table 3 : explain SELECT k FROM sbtest3 WHERE k BETWEEN 6043526 AND 6043626
	Index Only Scan using k_3 on sbtest3  (cost=0.43..6.51 rows=104 width=4)
	  Index Cond: ((k >= 6043526) AND (k <= 6043626))

table 4 : explain SELECT k FROM sbtest4 WHERE k BETWEEN 6043526 AND 6043626
	Index Only Scan using k_4 on sbtest4  (cost=0.43..6.47 rows=102 width=4)
	  Index Cond: ((k >= 6043526) AND (k <= 6043626))

table 5 : explain SELECT k FROM sbtest5 WHERE k BETWEEN 6043526 AND 6043626
	Index Only Scan using k_5 on sbtest5  (cost=0.43..6.66 rows=111 width=4)
	  Index Cond: ((k >= 6043526) AND (k <= 6043626))

table 6 : explain SELECT k FROM sbtest6 WHERE k BETWEEN 6043526 AND 6043626
	Index Only Scan using k_6 on sbtest6  (cost=0.43..6.63 rows=110 width=4)
	  Index Cond: ((k >= 6043526) AND (k <= 6043626))

table 7 : explain SELECT k FROM sbtest7 WHERE k BETWEEN 6043526 AND 6043626
	Index Only Scan using k_7 on sbtest7  (cost=0.43..6.51 rows=104 width=4)
	  Index Cond: ((k >= 6043526) AND (k <= 6043626))

table 8 : explain SELECT k FROM sbtest8 WHERE k BETWEEN 6043526 AND 6043626
	Index Only Scan using k_8 on sbtest8  (cost=0.43..6.42 rows=99 width=4)
	  Index Cond: ((k >= 6043526) AND (k <= 6043626))

explain: for range-covered :: explain SELECT k FROM sbtest%d WHERE k BETWEEN 6043526 AND 6043626
explain: for range-covered :: explain SELECT k FROM sbtest%d WHERE k BETWEEN 2825145 AND 2825245
for range-covered
table 1 : explain SELECT k FROM sbtest1 WHERE k BETWEEN 2819120 AND 2819220
	Index Only Scan using k_1 on sbtest1  (cost=0.43..6.45 rows=101 width=4)
	  Index Cond: ((k >= 2819120) AND (k <= 2819220))

table 2 : explain SELECT k FROM sbtest2 WHERE k BETWEEN 2819120 AND 2819220
	Index Only Scan using k_2 on sbtest2  (cost=0.43..6.29 rows=93 width=4)
	  Index Cond: ((k >= 2819120) AND (k <= 2819220))

table 3 : explain SELECT k FROM sbtest3 WHERE k BETWEEN 2819120 AND 2819220
	Index Only Scan using k_3 on sbtest3  (cost=0.43..6.69 rows=113 width=4)
	  Index Cond: ((k >= 2819120) AND (k <= 2819220))

table 4 : explain SELECT k FROM sbtest4 WHERE k BETWEEN 2819120 AND 2819220
	Index Only Scan using k_4 on sbtest4  (cost=0.43..6.50 rows=103 width=4)
	  Index Cond: ((k >= 2819120) AND (k <= 2819220))

table 5 : explain SELECT k FROM sbtest5 WHERE k BETWEEN 2819120 AND 2819220
	Index Only Scan using k_5 on sbtest5  (cost=0.43..6.40 rows=98 width=4)
	  Index Cond: ((k >= 2819120) AND (k <= 2819220))

table 6 : explain SELECT k FROM sbtest6 WHERE k BETWEEN 2819120 AND 2819220
	Index Only Scan using k_6 on sbtest6  (cost=0.43..6.35 rows=96 width=4)
	  Index Cond: ((k >= 2819120) AND (k <= 2819220))

table 7 : explain SELECT k FROM sbtest7 WHERE k BETWEEN 2819120 AND 2819220
	Index Only Scan using k_7 on sbtest7  (cost=0.43..6.53 rows=105 width=4)
	  Index Cond: ((k >= 2819120) AND (k <= 2819220))

table 8 : explain SELECT k FROM sbtest8 WHERE k BETWEEN 2819120 AND 2819220
	Index Only Scan using k_8 on sbtest8  (cost=0.43..6.45 rows=101 width=4)
	  Index Cond: ((k >= 2819120) AND (k <= 2819220))

for range-covered
table 1 : explain SELECT k FROM sbtest1 WHERE k BETWEEN 5135748 AND 5135848
	Index Only Scan using k_1 on sbtest1  (cost=0.43..6.74 rows=115 width=4)
	  Index Cond: ((k >= 5135748) AND (k <= 5135848))

table 2 : explain SELECT k FROM sbtest2 WHERE k BETWEEN 5135748 AND 5135848
	Index Only Scan using k_2 on sbtest2  (cost=0.43..6.47 rows=102 width=4)
	  Index Cond: ((k >= 5135748) AND (k <= 5135848))

table 3 : explain SELECT k FROM sbtest3 WHERE k BETWEEN 5135748 AND 5135848
	Index Only Scan using k_3 on sbtest3  (cost=0.43..6.50 rows=103 width=4)
	  Index Cond: ((k >= 5135748) AND (k <= 5135848))

table 4 : explain SELECT k FROM sbtest4 WHERE k BETWEEN 5135748 AND 5135848
	Index Only Scan using k_4 on sbtest4  (cost=0.43..6.43 rows=100 width=4)
	  Index Cond: ((k >= 5135748) AND (k <= 5135848))

table 5 : explain SELECT k FROM sbtest5 WHERE k BETWEEN 5135748 AND 5135848
	Index Only Scan using k_5 on sbtest5  (cost=0.43..6.40 rows=98 width=4)
	  Index Cond: ((k >= 5135748) AND (k <= 5135848))

table 6 : explain SELECT k FROM sbtest6 WHERE k BETWEEN 5135748 AND 5135848
	Index Only Scan using k_6 on sbtest6  (cost=0.43..6.42 rows=99 width=4)
	  Index Cond: ((k >= 5135748) AND (k <= 5135848))

table 7 : explain SELECT k FROM sbtest7 WHERE k BETWEEN 5135748 AND 5135848
	Index Only Scan using k_7 on sbtest7  (cost=0.43..6.74 rows=115 width=4)
	  Index Cond: ((k >= 5135748) AND (k <= 5135848))

table 8 : explain SELECT k FROM sbtest8 WHERE k BETWEEN 5135748 AND 5135848
	Index Only Scan using k_8 on sbtest8  (cost=0.43..6.45 rows=101 width=4)
	  Index Cond: ((k >= 5135748) AND (k <= 5135848))

explain: for range-covered :: explain SELECT k FROM sbtest%d WHERE k BETWEEN 2819120 AND 2819220
explain: for range-covered :: explain SELECT k FROM sbtest%d WHERE k BETWEEN 5135748 AND 5135848
for range-covered
table 1 : explain SELECT k FROM sbtest1 WHERE k BETWEEN 8651134 AND 8651234
	Index Only Scan using k_1 on sbtest1  (cost=0.43..6.43 rows=100 width=4)
	  Index Cond: ((k >= 8651134) AND (k <= 8651234))

table 2 : explain SELECT k FROM sbtest2 WHERE k BETWEEN 8651134 AND 8651234
	Index Only Scan using k_2 on sbtest2  (cost=0.43..6.51 rows=104 width=4)
	  Index Cond: ((k >= 8651134) AND (k <= 8651234))

table 3 : explain SELECT k FROM sbtest3 WHERE k BETWEEN 8651134 AND 8651234
	Index Only Scan using k_3 on sbtest3  (cost=0.43..6.74 rows=115 width=4)
	  Index Cond: ((k >= 8651134) AND (k <= 8651234))

table 4 : explain SELECT k FROM sbtest4 WHERE k BETWEEN 8651134 AND 8651234
	Index Only Scan using k_4 on sbtest4  (cost=0.43..6.53 rows=105 width=4)
	  Index Cond: ((k >= 8651134) AND (k <= 8651234))

table 5 : explain SELECT k FROM sbtest5 WHERE k BETWEEN 8651134 AND 8651234
	Index Only Scan using k_5 on sbtest5  (cost=0.43..6.50 rows=103 width=4)
	  Index Cond: ((k >= 8651134) AND (k <= 8651234))

table 6 : explain SELECT k FROM sbtest6 WHERE k BETWEEN 8651134 AND 8651234
	Index Only Scan using k_6 on sbtest6  (cost=0.43..6.33 rows=95 width=4)
	  Index Cond: ((k >= 8651134) AND (k <= 8651234))

table 7 : explain SELECT k FROM sbtest7 WHERE k BETWEEN 8651134 AND 8651234
	Index Only Scan using k_7 on sbtest7  (cost=0.43..6.59 rows=108 width=4)
	  Index Cond: ((k >= 8651134) AND (k <= 8651234))

table 8 : explain SELECT k FROM sbtest8 WHERE k BETWEEN 8651134 AND 8651234
	Index Only Scan using k_8 on sbtest8  (cost=0.43..6.42 rows=99 width=4)
	  Index Cond: ((k >= 8651134) AND (k <= 8651234))

for range-covered
table 1 : explain SELECT k FROM sbtest1 WHERE k BETWEEN 9267393 AND 9267493
	Index Only Scan using k_1 on sbtest1  (cost=0.43..6.51 rows=104 width=4)
	  Index Cond: ((k >= 9267393) AND (k <= 9267493))

table 2 : explain SELECT k FROM sbtest2 WHERE k BETWEEN 9267393 AND 9267493
	Index Only Scan using k_2 on sbtest2  (cost=0.43..6.50 rows=103 width=4)
	  Index Cond: ((k >= 9267393) AND (k <= 9267493))

table 3 : explain SELECT k FROM sbtest3 WHERE k BETWEEN 9267393 AND 9267493
	Index Only Scan using k_3 on sbtest3  (cost=0.43..6.37 rows=97 width=4)
	  Index Cond: ((k >= 9267393) AND (k <= 9267493))

table 4 : explain SELECT k FROM sbtest4 WHERE k BETWEEN 9267393 AND 9267493
	Index Only Scan using k_4 on sbtest4  (cost=0.43..6.37 rows=97 width=4)
	  Index Cond: ((k >= 9267393) AND (k <= 9267493))

table 5 : explain SELECT k FROM sbtest5 WHERE k BETWEEN 9267393 AND 9267493
	Index Only Scan using k_5 on sbtest5  (cost=0.43..6.33 rows=95 width=4)
	  Index Cond: ((k >= 9267393) AND (k <= 9267493))

table 6 : explain SELECT k FROM sbtest6 WHERE k BETWEEN 9267393 AND 9267493
	Index Only Scan using k_6 on sbtest6  (cost=0.43..6.47 rows=102 width=4)
	  Index Cond: ((k >= 9267393) AND (k <= 9267493))

table 7 : explain SELECT k FROM sbtest7 WHERE k BETWEEN 9267393 AND 9267493
	Index Only Scan using k_7 on sbtest7  (cost=0.43..6.47 rows=102 width=4)
	  Index Cond: ((k >= 9267393) AND (k <= 9267493))

table 8 : explain SELECT k FROM sbtest8 WHERE k BETWEEN 9267393 AND 9267493
	Index Only Scan using k_8 on sbtest8  (cost=0.43..6.61 rows=109 width=4)
	  Index Cond: ((k >= 9267393) AND (k <= 9267493))

explain: for range-covered :: explain SELECT k FROM sbtest%d WHERE k BETWEEN 8651134 AND 8651234
for range-covered
table 1 : explain SELECT k FROM sbtest1 WHERE k BETWEEN 4583950 AND 4584050
	Index Only Scan using k_1 on sbtest1  (cost=0.43..6.77 rows=117 width=4)
	  Index Cond: ((k >= 4583950) AND (k <= 4584050))

table 2 : explain SELECT k FROM sbtest2 WHERE k BETWEEN 4583950 AND 4584050
	Index Only Scan using k_2 on sbtest2  (cost=0.43..6.79 rows=118 width=4)
	  Index Cond: ((k >= 4583950) AND (k <= 4584050))

table 3 : explain SELECT k FROM sbtest3 WHERE k BETWEEN 4583950 AND 4584050
	Index Only Scan using k_3 on sbtest3  (cost=0.43..6.50 rows=103 width=4)
	  Index Cond: ((k >= 4583950) AND (k <= 4584050))

table 4 : explain SELECT k FROM sbtest4 WHERE k BETWEEN 4583950 AND 4584050
	Index Only Scan using k_4 on sbtest4  (cost=0.43..6.45 rows=101 width=4)
	  Index Cond: ((k >= 4583950) AND (k <= 4584050))

table 5 : explain SELECT k FROM sbtest5 WHERE k BETWEEN 4583950 AND 4584050
	Index Only Scan using k_5 on sbtest5  (cost=0.43..6.61 rows=109 width=4)
	  Index Cond: ((k >= 4583950) AND (k <= 4584050))

table 6 : explain SELECT k FROM sbtest6 WHERE k BETWEEN 4583950 AND 4584050
	Index Only Scan using k_6 on sbtest6  (cost=0.43..6.67 rows=112 width=4)
	  Index Cond: ((k >= 4583950) AND (k <= 4584050))

table 7 : explain SELECT k FROM sbtest7 WHERE k BETWEEN 4583950 AND 4584050
	Index Only Scan using k_7 on sbtest7  (cost=0.43..6.33 rows=95 width=4)
	  Index Cond: ((k >= 4583950) AND (k <= 4584050))

table 8 : explain SELECT k FROM sbtest8 WHERE k BETWEEN 4583950 AND 4584050
	Index Only Scan using k_8 on sbtest8  (cost=0.43..6.40 rows=98 width=4)
	  Index Cond: ((k >= 4583950) AND (k <= 4584050))

explain: for range-covered :: explain SELECT k FROM sbtest%d WHERE k BETWEEN 9267393 AND 9267493
for range-covered
table 1 : explain SELECT k FROM sbtest1 WHERE k BETWEEN 6953276 AND 6953376
	Index Only Scan using k_1 on sbtest1  (cost=0.43..6.59 rows=108 width=4)
	  Index Cond: ((k >= 6953276) AND (k <= 6953376))

table 2 : explain SELECT k FROM sbtest2 WHERE k BETWEEN 6953276 AND 6953376
	Index Only Scan using k_2 on sbtest2  (cost=0.43..6.59 rows=108 width=4)
	  Index Cond: ((k >= 6953276) AND (k <= 6953376))

table 3 : explain SELECT k FROM sbtest3 WHERE k BETWEEN 6953276 AND 6953376
	Index Only Scan using k_3 on sbtest3  (cost=0.43..6.43 rows=100 width=4)
	  Index Cond: ((k >= 6953276) AND (k <= 6953376))

table 4 : explain SELECT k FROM sbtest4 WHERE k BETWEEN 6953276 AND 6953376
	Index Only Scan using k_4 on sbtest4  (cost=0.43..6.37 rows=97 width=4)
	  Index Cond: ((k >= 6953276) AND (k <= 6953376))

table 5 : explain SELECT k FROM sbtest5 WHERE k BETWEEN 6953276 AND 6953376
	Index Only Scan using k_5 on sbtest5  (cost=0.43..6.53 rows=105 width=4)
	  Index Cond: ((k >= 6953276) AND (k <= 6953376))

table 6 : explain SELECT k FROM sbtest6 WHERE k BETWEEN 6953276 AND 6953376
	Index Only Scan using k_6 on sbtest6  (cost=0.43..6.32 rows=94 width=4)
	  Index Cond: ((k >= 6953276) AND (k <= 6953376))

table 7 : explain SELECT k FROM sbtest7 WHERE k BETWEEN 6953276 AND 6953376
	Index Only Scan using k_7 on sbtest7  (cost=0.43..6.58 rows=107 width=4)
	  Index Cond: ((k >= 6953276) AND (k <= 6953376))

table 8 : explain SELECT k FROM sbtest8 WHERE k BETWEEN 6953276 AND 6953376
	Index Only Scan using k_8 on sbtest8  (cost=0.43..6.53 rows=105 width=4)
	  Index Cond: ((k >= 6953276) AND (k <= 6953376))

for range-covered
table 1 : explain SELECT k FROM sbtest1 WHERE k BETWEEN 4743890 AND 4743990
	Index Only Scan using k_1 on sbtest1  (cost=0.43..6.45 rows=101 width=4)
	  Index Cond: ((k >= 4743890) AND (k <= 4743990))

table 2 : explain SELECT k FROM sbtest2 WHERE k BETWEEN 4743890 AND 4743990
	Index Only Scan using k_2 on sbtest2  (cost=0.43..6.33 rows=95 width=4)
	  Index Cond: ((k >= 4743890) AND (k <= 4743990))

table 3 : explain SELECT k FROM sbtest3 WHERE k BETWEEN 4743890 AND 4743990
	Index Only Scan using k_3 on sbtest3  (cost=0.43..6.35 rows=96 width=4)
	  Index Cond: ((k >= 4743890) AND (k <= 4743990))

table 4 : explain SELECT k FROM sbtest4 WHERE k BETWEEN 4743890 AND 4743990
	Index Only Scan using k_4 on sbtest4  (cost=0.43..6.47 rows=102 width=4)
	  Index Cond: ((k >= 4743890) AND (k <= 4743990))

table 5 : explain SELECT k FROM sbtest5 WHERE k BETWEEN 4743890 AND 4743990
	Index Only Scan using k_5 on sbtest5  (cost=0.43..6.40 rows=98 width=4)
	  Index Cond: ((k >= 4743890) AND (k <= 4743990))

table 6 : explain SELECT k FROM sbtest6 WHERE k BETWEEN 4743890 AND 4743990
	Index Only Scan using k_6 on sbtest6  (cost=0.43..6.47 rows=102 width=4)
	  Index Cond: ((k >= 4743890) AND (k <= 4743990))

table 7 : explain SELECT k FROM sbtest7 WHERE k BETWEEN 4743890 AND 4743990
	Index Only Scan using k_7 on sbtest7  (cost=0.43..6.25 rows=91 width=4)
	  Index Cond: ((k >= 4743890) AND (k <= 4743990))

table 8 : explain SELECT k FROM sbtest8 WHERE k BETWEEN 4743890 AND 4743990
	Index Only Scan using k_8 on sbtest8  (cost=0.43..6.69 rows=113 width=4)
	  Index Cond: ((k >= 4743890) AND (k <= 4743990))

explain: for range-covered :: explain SELECT k FROM sbtest%d WHERE k BETWEEN 6953276 AND 6953376
for range-covered
table 1 : explain SELECT k FROM sbtest1 WHERE k BETWEEN 6043526 AND 6043626
	Index Only Scan using k_1 on sbtest1  (cost=0.43..6.35 rows=96 width=4)
	  Index Cond: ((k >= 6043526) AND (k <= 6043626))

table 2 : explain SELECT k FROM sbtest2 WHERE k BETWEEN 6043526 AND 6043626
	Index Only Scan using k_2 on sbtest2  (cost=0.43..6.37 rows=97 width=4)
	  Index Cond: ((k >= 6043526) AND (k <= 6043626))

table 3 : explain SELECT k FROM sbtest3 WHERE k BETWEEN 6043526 AND 6043626
	Index Only Scan using k_3 on sbtest3  (cost=0.43..6.51 rows=104 width=4)
	  Index Cond: ((k >= 6043526) AND (k <= 6043626))

table 4 : explain SELECT k FROM sbtest4 WHERE k BETWEEN 6043526 AND 6043626
	Index Only Scan using k_4 on sbtest4  (cost=0.43..6.47 rows=102 width=4)
	  Index Cond: ((k >= 6043526) AND (k <= 6043626))

table 5 : explain SELECT k FROM sbtest5 WHERE k BETWEEN 6043526 AND 6043626
	Index Only Scan using k_5 on sbtest5  (cost=0.43..6.66 rows=111 width=4)
	  Index Cond: ((k >= 6043526) AND (k <= 6043626))

table 6 : explain SELECT k FROM sbtest6 WHERE k BETWEEN 6043526 AND 6043626
	Index Only Scan using k_6 on sbtest6  (cost=0.43..6.63 rows=110 width=4)
	  Index Cond: ((k >= 6043526) AND (k <= 6043626))

table 7 : explain SELECT k FROM sbtest7 WHERE k BETWEEN 6043526 AND 6043626
	Index Only Scan using k_7 on sbtest7  (cost=0.43..6.51 rows=104 width=4)
	  Index Cond: ((k >= 6043526) AND (k <= 6043626))

table 8 : explain SELECT k FROM sbtest8 WHERE k BETWEEN 6043526 AND 6043626
	Index Only Scan using k_8 on sbtest8  (cost=0.43..6.42 rows=99 width=4)
	  Index Cond: ((k >= 6043526) AND (k <= 6043626))

explain: for range-covered :: explain SELECT k FROM sbtest%d WHERE k BETWEEN 4743890 AND 4743990
explain: for range-covered :: explain SELECT k FROM sbtest%d WHERE k BETWEEN 6043526 AND 6043626
explain: for range-covered :: explain SELECT k FROM sbtest%d WHERE k BETWEEN 4583950 AND 4584050
for range-covered
table 1 : explain SELECT k FROM sbtest1 WHERE k BETWEEN 5135748 AND 5135848
	Index Only Scan using k_1 on sbtest1  (cost=0.43..6.74 rows=115 width=4)
	  Index Cond: ((k >= 5135748) AND (k <= 5135848))

table 2 : explain SELECT k FROM sbtest2 WHERE k BETWEEN 5135748 AND 5135848
	Index Only Scan using k_2 on sbtest2  (cost=0.43..6.47 rows=102 width=4)
	  Index Cond: ((k >= 5135748) AND (k <= 5135848))

table 3 : explain SELECT k FROM sbtest3 WHERE k BETWEEN 5135748 AND 5135848
	Index Only Scan using k_3 on sbtest3  (cost=0.43..6.50 rows=103 width=4)
	  Index Cond: ((k >= 5135748) AND (k <= 5135848))

table 4 : explain SELECT k FROM sbtest4 WHERE k BETWEEN 5135748 AND 5135848
	Index Only Scan using k_4 on sbtest4  (cost=0.43..6.43 rows=100 width=4)
	  Index Cond: ((k >= 5135748) AND (k <= 5135848))

table 5 : explain SELECT k FROM sbtest5 WHERE k BETWEEN 5135748 AND 5135848
	Index Only Scan using k_5 on sbtest5  (cost=0.43..6.40 rows=98 width=4)
	  Index Cond: ((k >= 5135748) AND (k <= 5135848))

table 6 : explain SELECT k FROM sbtest6 WHERE k BETWEEN 5135748 AND 5135848
	Index Only Scan using k_6 on sbtest6  (cost=0.43..6.42 rows=99 width=4)
	  Index Cond: ((k >= 5135748) AND (k <= 5135848))

table 7 : explain SELECT k FROM sbtest7 WHERE k BETWEEN 5135748 AND 5135848
	Index Only Scan using k_7 on sbtest7  (cost=0.43..6.74 rows=115 width=4)
	  Index Cond: ((k >= 5135748) AND (k <= 5135848))

table 8 : explain SELECT k FROM sbtest8 WHERE k BETWEEN 5135748 AND 5135848
	Index Only Scan using k_8 on sbtest8  (cost=0.43..6.45 rows=101 width=4)
	  Index Cond: ((k >= 5135748) AND (k <= 5135848))

for range-covered
table 1 : explain SELECT k FROM sbtest1 WHERE k BETWEEN 2819120 AND 2819220
	Index Only Scan using k_1 on sbtest1  (cost=0.43..6.45 rows=101 width=4)
	  Index Cond: ((k >= 2819120) AND (k <= 2819220))

table 2 : explain SELECT k FROM sbtest2 WHERE k BETWEEN 2819120 AND 2819220
	Index Only Scan using k_2 on sbtest2  (cost=0.43..6.29 rows=93 width=4)
	  Index Cond: ((k >= 2819120) AND (k <= 2819220))

table 3 : explain SELECT k FROM sbtest3 WHERE k BETWEEN 2819120 AND 2819220
	Index Only Scan using k_3 on sbtest3  (cost=0.43..6.69 rows=113 width=4)
	  Index Cond: ((k >= 2819120) AND (k <= 2819220))

table 4 : explain SELECT k FROM sbtest4 WHERE k BETWEEN 2819120 AND 2819220
	Index Only Scan using k_4 on sbtest4  (cost=0.43..6.50 rows=103 width=4)
	  Index Cond: ((k >= 2819120) AND (k <= 2819220))

table 5 : explain SELECT k FROM sbtest5 WHERE k BETWEEN 2819120 AND 2819220
	Index Only Scan using k_5 on sbtest5  (cost=0.43..6.40 rows=98 width=4)
	  Index Cond: ((k >= 2819120) AND (k <= 2819220))

table 6 : explain SELECT k FROM sbtest6 WHERE k BETWEEN 2819120 AND 2819220
	Index Only Scan using k_6 on sbtest6  (cost=0.43..6.35 rows=96 width=4)
	  Index Cond: ((k >= 2819120) AND (k <= 2819220))

table 7 : explain SELECT k FROM sbtest7 WHERE k BETWEEN 2819120 AND 2819220
	Index Only Scan using k_7 on sbtest7  (cost=0.43..6.53 rows=105 width=4)
	  Index Cond: ((k >= 2819120) AND (k <= 2819220))

table 8 : explain SELECT k FROM sbtest8 WHERE k BETWEEN 2819120 AND 2819220
	Index Only Scan using k_8 on sbtest8  (cost=0.43..6.45 rows=101 width=4)
	  Index Cond: ((k >= 2819120) AND (k <= 2819220))

for range-covered
table 1 : explain SELECT k FROM sbtest1 WHERE k BETWEEN 8171378 AND 8171478
	Index Only Scan using k_1 on sbtest1  (cost=0.43..6.53 rows=105 width=4)
	  Index Cond: ((k >= 8171378) AND (k <= 8171478))

table 2 : explain SELECT k FROM sbtest2 WHERE k BETWEEN 8171378 AND 8171478
	Index Only Scan using k_2 on sbtest2  (cost=0.43..6.24 rows=90 width=4)
	  Index Cond: ((k >= 8171378) AND (k <= 8171478))

table 3 : explain SELECT k FROM sbtest3 WHERE k BETWEEN 8171378 AND 8171478
	Index Only Scan using k_3 on sbtest3  (cost=0.43..6.45 rows=101 width=4)
	  Index Cond: ((k >= 8171378) AND (k <= 8171478))

table 4 : explain SELECT k FROM sbtest4 WHERE k BETWEEN 8171378 AND 8171478
	Index Only Scan using k_4 on sbtest4  (cost=0.43..6.51 rows=104 width=4)
	  Index Cond: ((k >= 8171378) AND (k <= 8171478))

table 5 : explain SELECT k FROM sbtest5 WHERE k BETWEEN 8171378 AND 8171478
	Index Only Scan using k_5 on sbtest5  (cost=0.43..6.61 rows=109 width=4)
	  Index Cond: ((k >= 8171378) AND (k <= 8171478))

table 6 : explain SELECT k FROM sbtest6 WHERE k BETWEEN 8171378 AND 8171478
	Index Only Scan using k_6 on sbtest6  (cost=0.43..6.45 rows=101 width=4)
	  Index Cond: ((k >= 8171378) AND (k <= 8171478))

table 7 : explain SELECT k FROM sbtest7 WHERE k BETWEEN 8171378 AND 8171478
	Index Only Scan using k_7 on sbtest7  (cost=0.43..6.56 rows=106 width=4)
	  Index Cond: ((k >= 8171378) AND (k <= 8171478))

table 8 : explain SELECT k FROM sbtest8 WHERE k BETWEEN 8171378 AND 8171478
	Index Only Scan using k_8 on sbtest8  (cost=0.43..6.37 rows=97 width=4)
	  Index Cond: ((k >= 8171378) AND (k <= 8171478))

explain: for range-covered :: explain SELECT k FROM sbtest%d WHERE k BETWEEN 5135748 AND 5135848
explain: for range-covered :: explain SELECT k FROM sbtest%d WHERE k BETWEEN 2819120 AND 2819220
for range-covered
table 1 : explain SELECT k FROM sbtest1 WHERE k BETWEEN 9267393 AND 9267493
	Index Only Scan using k_1 on sbtest1  (cost=0.43..6.51 rows=104 width=4)
	  Index Cond: ((k >= 9267393) AND (k <= 9267493))

table 2 : explain SELECT k FROM sbtest2 WHERE k BETWEEN 9267393 AND 9267493
	Index Only Scan using k_2 on sbtest2  (cost=0.43..6.50 rows=103 width=4)
	  Index Cond: ((k >= 9267393) AND (k <= 9267493))

table 3 : explain SELECT k FROM sbtest3 WHERE k BETWEEN 9267393 AND 9267493
	Index Only Scan using k_3 on sbtest3  (cost=0.43..6.37 rows=97 width=4)
	  Index Cond: ((k >= 9267393) AND (k <= 9267493))

table 4 : explain SELECT k FROM sbtest4 WHERE k BETWEEN 9267393 AND 9267493
	Index Only Scan using k_4 on sbtest4  (cost=0.43..6.37 rows=97 width=4)
	  Index Cond: ((k >= 9267393) AND (k <= 9267493))

table 5 : explain SELECT k FROM sbtest5 WHERE k BETWEEN 9267393 AND 9267493
	Index Only Scan using k_5 on sbtest5  (cost=0.43..6.33 rows=95 width=4)
	  Index Cond: ((k >= 9267393) AND (k <= 9267493))

table 6 : explain SELECT k FROM sbtest6 WHERE k BETWEEN 9267393 AND 9267493
	Index Only Scan using k_6 on sbtest6  (cost=0.43..6.47 rows=102 width=4)
	  Index Cond: ((k >= 9267393) AND (k <= 9267493))

table 7 : explain SELECT k FROM sbtest7 WHERE k BETWEEN 9267393 AND 9267493
	Index Only Scan using k_7 on sbtest7  (cost=0.43..6.47 rows=102 width=4)
	  Index Cond: ((k >= 9267393) AND (k <= 9267493))

table 8 : explain SELECT k FROM sbtest8 WHERE k BETWEEN 9267393 AND 9267493
	Index Only Scan using k_8 on sbtest8  (cost=0.43..6.61 rows=109 width=4)
	  Index Cond: ((k >= 9267393) AND (k <= 9267493))

explain: for range-covered :: explain SELECT k FROM sbtest%d WHERE k BETWEEN 8171378 AND 8171478
explain: for range-covered :: explain SELECT k FROM sbtest%d WHERE k BETWEEN 9267393 AND 9267493
for range-covered
table 1 : explain SELECT k FROM sbtest1 WHERE k BETWEEN 4743890 AND 4743990
	Index Only Scan using k_1 on sbtest1  (cost=0.43..6.45 rows=101 width=4)
	  Index Cond: ((k >= 4743890) AND (k <= 4743990))

table 2 : explain SELECT k FROM sbtest2 WHERE k BETWEEN 4743890 AND 4743990
	Index Only Scan using k_2 on sbtest2  (cost=0.43..6.33 rows=95 width=4)
	  Index Cond: ((k >= 4743890) AND (k <= 4743990))

table 3 : explain SELECT k FROM sbtest3 WHERE k BETWEEN 4743890 AND 4743990
	Index Only Scan using k_3 on sbtest3  (cost=0.43..6.35 rows=96 width=4)
	  Index Cond: ((k >= 4743890) AND (k <= 4743990))

table 4 : explain SELECT k FROM sbtest4 WHERE k BETWEEN 4743890 AND 4743990
	Index Only Scan using k_4 on sbtest4  (cost=0.43..6.47 rows=102 width=4)
	  Index Cond: ((k >= 4743890) AND (k <= 4743990))

table 5 : explain SELECT k FROM sbtest5 WHERE k BETWEEN 4743890 AND 4743990
	Index Only Scan using k_5 on sbtest5  (cost=0.43..6.40 rows=98 width=4)
	  Index Cond: ((k >= 4743890) AND (k <= 4743990))

table 6 : explain SELECT k FROM sbtest6 WHERE k BETWEEN 4743890 AND 4743990
	Index Only Scan using k_6 on sbtest6  (cost=0.43..6.47 rows=102 width=4)
	  Index Cond: ((k >= 4743890) AND (k <= 4743990))

table 7 : explain SELECT k FROM sbtest7 WHERE k BETWEEN 4743890 AND 4743990
	Index Only Scan using k_7 on sbtest7  (cost=0.43..6.25 rows=91 width=4)
	  Index Cond: ((k >= 4743890) AND (k <= 4743990))

table 8 : explain SELECT k FROM sbtest8 WHERE k BETWEEN 4743890 AND 4743990
	Index Only Scan using k_8 on sbtest8  (cost=0.43..6.69 rows=113 width=4)
	  Index Cond: ((k >= 4743890) AND (k <= 4743990))

for range-covered
table 1 : explain SELECT k FROM sbtest1 WHERE k BETWEEN 6953276 AND 6953376
	Index Only Scan using k_1 on sbtest1  (cost=0.43..6.59 rows=108 width=4)
	  Index Cond: ((k >= 6953276) AND (k <= 6953376))

table 2 : explain SELECT k FROM sbtest2 WHERE k BETWEEN 6953276 AND 6953376
	Index Only Scan using k_2 on sbtest2  (cost=0.43..6.59 rows=108 width=4)
	  Index Cond: ((k >= 6953276) AND (k <= 6953376))

table 3 : explain SELECT k FROM sbtest3 WHERE k BETWEEN 6953276 AND 6953376
	Index Only Scan using k_3 on sbtest3  (cost=0.43..6.43 rows=100 width=4)
	  Index Cond: ((k >= 6953276) AND (k <= 6953376))

table 4 : explain SELECT k FROM sbtest4 WHERE k BETWEEN 6953276 AND 6953376
	Index Only Scan using k_4 on sbtest4  (cost=0.43..6.37 rows=97 width=4)
	  Index Cond: ((k >= 6953276) AND (k <= 6953376))

table 5 : explain SELECT k FROM sbtest5 WHERE k BETWEEN 6953276 AND 6953376
	Index Only Scan using k_5 on sbtest5  (cost=0.43..6.53 rows=105 width=4)
	  Index Cond: ((k >= 6953276) AND (k <= 6953376))

table 6 : explain SELECT k FROM sbtest6 WHERE k BETWEEN 6953276 AND 6953376
	Index Only Scan using k_6 on sbtest6  (cost=0.43..6.32 rows=94 width=4)
	  Index Cond: ((k >= 6953276) AND (k <= 6953376))

table 7 : explain SELECT k FROM sbtest7 WHERE k BETWEEN 6953276 AND 6953376
	Index Only Scan using k_7 on sbtest7  (cost=0.43..6.58 rows=107 width=4)
	  Index Cond: ((k >= 6953276) AND (k <= 6953376))

table 8 : explain SELECT k FROM sbtest8 WHERE k BETWEEN 6953276 AND 6953376
	Index Only Scan using k_8 on sbtest8  (cost=0.43..6.53 rows=105 width=4)
	  Index Cond: ((k >= 6953276) AND (k <= 6953376))

for range-covered
table 1 : explain SELECT k FROM sbtest1 WHERE k BETWEEN 6043526 AND 6043626
	Index Only Scan using k_1 on sbtest1  (cost=0.43..6.35 rows=96 width=4)
	  Index Cond: ((k >= 6043526) AND (k <= 6043626))

table 2 : explain SELECT k FROM sbtest2 WHERE k BETWEEN 6043526 AND 6043626
	Index Only Scan using k_2 on sbtest2  (cost=0.43..6.37 rows=97 width=4)
	  Index Cond: ((k >= 6043526) AND (k <= 6043626))

table 3 : explain SELECT k FROM sbtest3 WHERE k BETWEEN 6043526 AND 6043626
	Index Only Scan using k_3 on sbtest3  (cost=0.43..6.51 rows=104 width=4)
	  Index Cond: ((k >= 6043526) AND (k <= 6043626))

table 4 : explain SELECT k FROM sbtest4 WHERE k BETWEEN 6043526 AND 6043626
	Index Only Scan using k_4 on sbtest4  (cost=0.43..6.47 rows=102 width=4)
	  Index Cond: ((k >= 6043526) AND (k <= 6043626))

table 5 : explain SELECT k FROM sbtest5 WHERE k BETWEEN 6043526 AND 6043626
	Index Only Scan using k_5 on sbtest5  (cost=0.43..6.66 rows=111 width=4)
	  Index Cond: ((k >= 6043526) AND (k <= 6043626))

table 6 : explain SELECT k FROM sbtest6 WHERE k BETWEEN 6043526 AND 6043626
	Index Only Scan using k_6 on sbtest6  (cost=0.43..6.63 rows=110 width=4)
	  Index Cond: ((k >= 6043526) AND (k <= 6043626))

table 7 : explain SELECT k FROM sbtest7 WHERE k BETWEEN 6043526 AND 6043626
	Index Only Scan using k_7 on sbtest7  (cost=0.43..6.51 rows=104 width=4)
	  Index Cond: ((k >= 6043526) AND (k <= 6043626))

table 8 : explain SELECT k FROM sbtest8 WHERE k BETWEEN 6043526 AND 6043626
	Index Only Scan using k_8 on sbtest8  (cost=0.43..6.42 rows=99 width=4)
	  Index Cond: ((k >= 6043526) AND (k <= 6043626))

explain: for range-covered :: explain SELECT k FROM sbtest%d WHERE k BETWEEN 4743890 AND 4743990
for range-covered
table 1 : explain SELECT k FROM sbtest1 WHERE k BETWEEN 2825145 AND 2825245
	Index Only Scan using k_1 on sbtest1  (cost=0.43..6.25 rows=91 width=4)
	  Index Cond: ((k >= 2825145) AND (k <= 2825245))

table 2 : explain SELECT k FROM sbtest2 WHERE k BETWEEN 2825145 AND 2825245
	Index Only Scan using k_2 on sbtest2  (cost=0.43..6.29 rows=93 width=4)
	  Index Cond: ((k >= 2825145) AND (k <= 2825245))

table 3 : explain SELECT k FROM sbtest3 WHERE k BETWEEN 2825145 AND 2825245
	Index Only Scan using k_3 on sbtest3  (cost=0.43..6.69 rows=113 width=4)
	  Index Cond: ((k >= 2825145) AND (k <= 2825245))

table 4 : explain SELECT k FROM sbtest4 WHERE k BETWEEN 2825145 AND 2825245
	Index Only Scan using k_4 on sbtest4  (cost=0.43..6.50 rows=103 width=4)
	  Index Cond: ((k >= 2825145) AND (k <= 2825245))

table 5 : explain SELECT k FROM sbtest5 WHERE k BETWEEN 2825145 AND 2825245
	Index Only Scan using k_5 on sbtest5  (cost=0.43..6.40 rows=98 width=4)
	  Index Cond: ((k >= 2825145) AND (k <= 2825245))

table 6 : explain SELECT k FROM sbtest6 WHERE k BETWEEN 2825145 AND 2825245
	Index Only Scan using k_6 on sbtest6  (cost=0.43..6.35 rows=96 width=4)
	  Index Cond: ((k >= 2825145) AND (k <= 2825245))

table 7 : explain SELECT k FROM sbtest7 WHERE k BETWEEN 2825145 AND 2825245
	Index Only Scan using k_7 on sbtest7  (cost=0.43..6.53 rows=105 width=4)
	  Index Cond: ((k >= 2825145) AND (k <= 2825245))

table 8 : explain SELECT k FROM sbtest8 WHERE k BETWEEN 2825145 AND 2825245
	Index Only Scan using k_8 on sbtest8  (cost=0.43..6.45 rows=101 width=4)
	  Index Cond: ((k >= 2825145) AND (k <= 2825245))

explain: for range-covered :: explain SELECT k FROM sbtest%d WHERE k BETWEEN 6953276 AND 6953376
explain: for range-covered :: explain SELECT k FROM sbtest%d WHERE k BETWEEN 6043526 AND 6043626
explain: for range-covered :: explain SELECT k FROM sbtest%d WHERE k BETWEEN 2825145 AND 2825245
for range-covered
table 1 : explain SELECT k FROM sbtest1 WHERE k BETWEEN 8651134 AND 8651234
	Index Only Scan using k_1 on sbtest1  (cost=0.43..6.43 rows=100 width=4)
	  Index Cond: ((k >= 8651134) AND (k <= 8651234))

table 2 : explain SELECT k FROM sbtest2 WHERE k BETWEEN 8651134 AND 8651234
	Index Only Scan using k_2 on sbtest2  (cost=0.43..6.51 rows=104 width=4)
	  Index Cond: ((k >= 8651134) AND (k <= 8651234))

table 3 : explain SELECT k FROM sbtest3 WHERE k BETWEEN 8651134 AND 8651234
	Index Only Scan using k_3 on sbtest3  (cost=0.43..6.74 rows=115 width=4)
	  Index Cond: ((k >= 8651134) AND (k <= 8651234))

table 4 : explain SELECT k FROM sbtest4 WHERE k BETWEEN 8651134 AND 8651234
	Index Only Scan using k_4 on sbtest4  (cost=0.43..6.53 rows=105 width=4)
	  Index Cond: ((k >= 8651134) AND (k <= 8651234))

table 5 : explain SELECT k FROM sbtest5 WHERE k BETWEEN 8651134 AND 8651234
	Index Only Scan using k_5 on sbtest5  (cost=0.43..6.50 rows=103 width=4)
	  Index Cond: ((k >= 8651134) AND (k <= 8651234))

table 6 : explain SELECT k FROM sbtest6 WHERE k BETWEEN 8651134 AND 8651234
	Index Only Scan using k_6 on sbtest6  (cost=0.43..6.33 rows=95 width=4)
	  Index Cond: ((k >= 8651134) AND (k <= 8651234))

table 7 : explain SELECT k FROM sbtest7 WHERE k BETWEEN 8651134 AND 8651234
	Index Only Scan using k_7 on sbtest7  (cost=0.43..6.59 rows=108 width=4)
	  Index Cond: ((k >= 8651134) AND (k <= 8651234))

table 8 : explain SELECT k FROM sbtest8 WHERE k BETWEEN 8651134 AND 8651234
	Index Only Scan using k_8 on sbtest8  (cost=0.43..6.42 rows=99 width=4)
	  Index Cond: ((k >= 8651134) AND (k <= 8651234))

for range-covered
table 1 : explain SELECT k FROM sbtest1 WHERE k BETWEEN 5135748 AND 5135848
	Index Only Scan using k_1 on sbtest1  (cost=0.43..6.74 rows=115 width=4)
	  Index Cond: ((k >= 5135748) AND (k <= 5135848))

table 2 : explain SELECT k FROM sbtest2 WHERE k BETWEEN 5135748 AND 5135848
	Index Only Scan using k_2 on sbtest2  (cost=0.43..6.47 rows=102 width=4)
	  Index Cond: ((k >= 5135748) AND (k <= 5135848))

table 3 : explain SELECT k FROM sbtest3 WHERE k BETWEEN 5135748 AND 5135848
	Index Only Scan using k_3 on sbtest3  (cost=0.43..6.50 rows=103 width=4)
	  Index Cond: ((k >= 5135748) AND (k <= 5135848))

table 4 : explain SELECT k FROM sbtest4 WHERE k BETWEEN 5135748 AND 5135848
	Index Only Scan using k_4 on sbtest4  (cost=0.43..6.43 rows=100 width=4)
	  Index Cond: ((k >= 5135748) AND (k <= 5135848))

table 5 : explain SELECT k FROM sbtest5 WHERE k BETWEEN 5135748 AND 5135848
	Index Only Scan using k_5 on sbtest5  (cost=0.43..6.40 rows=98 width=4)
	  Index Cond: ((k >= 5135748) AND (k <= 5135848))

table 6 : explain SELECT k FROM sbtest6 WHERE k BETWEEN 5135748 AND 5135848
	Index Only Scan using k_6 on sbtest6  (cost=0.43..6.42 rows=99 width=4)
	  Index Cond: ((k >= 5135748) AND (k <= 5135848))

table 7 : explain SELECT k FROM sbtest7 WHERE k BETWEEN 5135748 AND 5135848
	Index Only Scan using k_7 on sbtest7  (cost=0.43..6.74 rows=115 width=4)
	  Index Cond: ((k >= 5135748) AND (k <= 5135848))

table 8 : explain SELECT k FROM sbtest8 WHERE k BETWEEN 5135748 AND 5135848
	Index Only Scan using k_8 on sbtest8  (cost=0.43..6.45 rows=101 width=4)
	  Index Cond: ((k >= 5135748) AND (k <= 5135848))

for range-covered
table 1 : explain SELECT k FROM sbtest1 WHERE k BETWEEN 2819120 AND 2819220
	Index Only Scan using k_1 on sbtest1  (cost=0.43..6.45 rows=101 width=4)
	  Index Cond: ((k >= 2819120) AND (k <= 2819220))

table 2 : explain SELECT k FROM sbtest2 WHERE k BETWEEN 2819120 AND 2819220
	Index Only Scan using k_2 on sbtest2  (cost=0.43..6.29 rows=93 width=4)
	  Index Cond: ((k >= 2819120) AND (k <= 2819220))

table 3 : explain SELECT k FROM sbtest3 WHERE k BETWEEN 2819120 AND 2819220
	Index Only Scan using k_3 on sbtest3  (cost=0.43..6.69 rows=113 width=4)
	  Index Cond: ((k >= 2819120) AND (k <= 2819220))

table 4 : explain SELECT k FROM sbtest4 WHERE k BETWEEN 2819120 AND 2819220
	Index Only Scan using k_4 on sbtest4  (cost=0.43..6.50 rows=103 width=4)
	  Index Cond: ((k >= 2819120) AND (k <= 2819220))

table 5 : explain SELECT k FROM sbtest5 WHERE k BETWEEN 2819120 AND 2819220
	Index Only Scan using k_5 on sbtest5  (cost=0.43..6.40 rows=98 width=4)
	  Index Cond: ((k >= 2819120) AND (k <= 2819220))

table 6 : explain SELECT k FROM sbtest6 WHERE k BETWEEN 2819120 AND 2819220
	Index Only Scan using k_6 on sbtest6  (cost=0.43..6.35 rows=96 width=4)
	  Index Cond: ((k >= 2819120) AND (k <= 2819220))

table 7 : explain SELECT k FROM sbtest7 WHERE k BETWEEN 2819120 AND 2819220
	Index Only Scan using k_7 on sbtest7  (cost=0.43..6.53 rows=105 width=4)
	  Index Cond: ((k >= 2819120) AND (k <= 2819220))

table 8 : explain SELECT k FROM sbtest8 WHERE k BETWEEN 2819120 AND 2819220
	Index Only Scan using k_8 on sbtest8  (cost=0.43..6.45 rows=101 width=4)
	  Index Cond: ((k >= 2819120) AND (k <= 2819220))

explain: for range-covered :: explain SELECT k FROM sbtest%d WHERE k BETWEEN 5135748 AND 5135848
explain: for range-covered :: explain SELECT k FROM sbtest%d WHERE k BETWEEN 2819120 AND 2819220
for range-covered
table 1 : explain SELECT k FROM sbtest1 WHERE k BETWEEN 9267393 AND 9267493
	Index Only Scan using k_1 on sbtest1  (cost=0.43..6.51 rows=104 width=4)
	  Index Cond: ((k >= 9267393) AND (k <= 9267493))

table 2 : explain SELECT k FROM sbtest2 WHERE k BETWEEN 9267393 AND 9267493
	Index Only Scan using k_2 on sbtest2  (cost=0.43..6.50 rows=103 width=4)
	  Index Cond: ((k >= 9267393) AND (k <= 9267493))

table 3 : explain SELECT k FROM sbtest3 WHERE k BETWEEN 9267393 AND 9267493
	Index Only Scan using k_3 on sbtest3  (cost=0.43..6.37 rows=97 width=4)
	  Index Cond: ((k >= 9267393) AND (k <= 9267493))

table 4 : explain SELECT k FROM sbtest4 WHERE k BETWEEN 9267393 AND 9267493
	Index Only Scan using k_4 on sbtest4  (cost=0.43..6.37 rows=97 width=4)
	  Index Cond: ((k >= 9267393) AND (k <= 9267493))

table 5 : explain SELECT k FROM sbtest5 WHERE k BETWEEN 9267393 AND 9267493
	Index Only Scan using k_5 on sbtest5  (cost=0.43..6.33 rows=95 width=4)
	  Index Cond: ((k >= 9267393) AND (k <= 9267493))

table 6 : explain SELECT k FROM sbtest6 WHERE k BETWEEN 9267393 AND 9267493
	Index Only Scan using k_6 on sbtest6  (cost=0.43..6.47 rows=102 width=4)
	  Index Cond: ((k >= 9267393) AND (k <= 9267493))

table 7 : explain SELECT k FROM sbtest7 WHERE k BETWEEN 9267393 AND 9267493
	Index Only Scan using k_7 on sbtest7  (cost=0.43..6.47 rows=102 width=4)
	  Index Cond: ((k >= 9267393) AND (k <= 9267493))

table 8 : explain SELECT k FROM sbtest8 WHERE k BETWEEN 9267393 AND 9267493
	Index Only Scan using k_8 on sbtest8  (cost=0.43..6.61 rows=109 width=4)
	  Index Cond: ((k >= 9267393) AND (k <= 9267493))

explain: for range-covered :: explain SELECT k FROM sbtest%d WHERE k BETWEEN 9267393 AND 9267493
explain: for range-covered :: explain SELECT k FROM sbtest%d WHERE k BETWEEN 8651134 AND 8651234
for range-covered
table 1 : explain SELECT k FROM sbtest1 WHERE k BETWEEN 4583950 AND 4584050
	Index Only Scan using k_1 on sbtest1  (cost=0.43..6.77 rows=117 width=4)
	  Index Cond: ((k >= 4583950) AND (k <= 4584050))

table 2 : explain SELECT k FROM sbtest2 WHERE k BETWEEN 4583950 AND 4584050
	Index Only Scan using k_2 on sbtest2  (cost=0.43..6.79 rows=118 width=4)
	  Index Cond: ((k >= 4583950) AND (k <= 4584050))

table 3 : explain SELECT k FROM sbtest3 WHERE k BETWEEN 4583950 AND 4584050
	Index Only Scan using k_3 on sbtest3  (cost=0.43..6.50 rows=103 width=4)
	  Index Cond: ((k >= 4583950) AND (k <= 4584050))

table 4 : explain SELECT k FROM sbtest4 WHERE k BETWEEN 4583950 AND 4584050
	Index Only Scan using k_4 on sbtest4  (cost=0.43..6.45 rows=101 width=4)
	  Index Cond: ((k >= 4583950) AND (k <= 4584050))

table 5 : explain SELECT k FROM sbtest5 WHERE k BETWEEN 4583950 AND 4584050
	Index Only Scan using k_5 on sbtest5  (cost=0.43..6.61 rows=109 width=4)
	  Index Cond: ((k >= 4583950) AND (k <= 4584050))

table 6 : explain SELECT k FROM sbtest6 WHERE k BETWEEN 4583950 AND 4584050
	Index Only Scan using k_6 on sbtest6  (cost=0.43..6.67 rows=112 width=4)
	  Index Cond: ((k >= 4583950) AND (k <= 4584050))

table 7 : explain SELECT k FROM sbtest7 WHERE k BETWEEN 4583950 AND 4584050
	Index Only Scan using k_7 on sbtest7  (cost=0.43..6.33 rows=95 width=4)
	  Index Cond: ((k >= 4583950) AND (k <= 4584050))

table 8 : explain SELECT k FROM sbtest8 WHERE k BETWEEN 4583950 AND 4584050
	Index Only Scan using k_8 on sbtest8  (cost=0.43..6.40 rows=98 width=4)
	  Index Cond: ((k >= 4583950) AND (k <= 4584050))

explain: for range-covered :: explain SELECT k FROM sbtest%d WHERE k BETWEEN 4583950 AND 4584050
for range-covered
table 1 : explain SELECT k FROM sbtest1 WHERE k BETWEEN 6043526 AND 6043626
	Index Only Scan using k_1 on sbtest1  (cost=0.43..6.35 rows=96 width=4)
	  Index Cond: ((k >= 6043526) AND (k <= 6043626))

table 2 : explain SELECT k FROM sbtest2 WHERE k BETWEEN 6043526 AND 6043626
	Index Only Scan using k_2 on sbtest2  (cost=0.43..6.37 rows=97 width=4)
	  Index Cond: ((k >= 6043526) AND (k <= 6043626))

table 3 : explain SELECT k FROM sbtest3 WHERE k BETWEEN 6043526 AND 6043626
	Index Only Scan using k_3 on sbtest3  (cost=0.43..6.51 rows=104 width=4)
	  Index Cond: ((k >= 6043526) AND (k <= 6043626))

table 4 : explain SELECT k FROM sbtest4 WHERE k BETWEEN 6043526 AND 6043626
	Index Only Scan using k_4 on sbtest4  (cost=0.43..6.47 rows=102 width=4)
	  Index Cond: ((k >= 6043526) AND (k <= 6043626))

table 5 : explain SELECT k FROM sbtest5 WHERE k BETWEEN 6043526 AND 6043626
	Index Only Scan using k_5 on sbtest5  (cost=0.43..6.66 rows=111 width=4)
	  Index Cond: ((k >= 6043526) AND (k <= 6043626))

table 6 : explain SELECT k FROM sbtest6 WHERE k BETWEEN 6043526 AND 6043626
	Index Only Scan using k_6 on sbtest6  (cost=0.43..6.63 rows=110 width=4)
	  Index Cond: ((k >= 6043526) AND (k <= 6043626))

table 7 : explain SELECT k FROM sbtest7 WHERE k BETWEEN 6043526 AND 6043626
	Index Only Scan using k_7 on sbtest7  (cost=0.43..6.51 rows=104 width=4)
	  Index Cond: ((k >= 6043526) AND (k <= 6043626))

table 8 : explain SELECT k FROM sbtest8 WHERE k BETWEEN 6043526 AND 6043626
	Index Only Scan using k_8 on sbtest8  (cost=0.43..6.42 rows=99 width=4)
	  Index Cond: ((k >= 6043526) AND (k <= 6043626))

for range-covered
table 1 : explain SELECT k FROM sbtest1 WHERE k BETWEEN 4743890 AND 4743990
	Index Only Scan using k_1 on sbtest1  (cost=0.43..6.45 rows=101 width=4)
	  Index Cond: ((k >= 4743890) AND (k <= 4743990))

table 2 : explain SELECT k FROM sbtest2 WHERE k BETWEEN 4743890 AND 4743990
	Index Only Scan using k_2 on sbtest2  (cost=0.43..6.33 rows=95 width=4)
	  Index Cond: ((k >= 4743890) AND (k <= 4743990))

table 3 : explain SELECT k FROM sbtest3 WHERE k BETWEEN 4743890 AND 4743990
	Index Only Scan using k_3 on sbtest3  (cost=0.43..6.35 rows=96 width=4)
	  Index Cond: ((k >= 4743890) AND (k <= 4743990))

table 4 : explain SELECT k FROM sbtest4 WHERE k BETWEEN 4743890 AND 4743990
	Index Only Scan using k_4 on sbtest4  (cost=0.43..6.47 rows=102 width=4)
	  Index Cond: ((k >= 4743890) AND (k <= 4743990))

table 5 : explain SELECT k FROM sbtest5 WHERE k BETWEEN 4743890 AND 4743990
	Index Only Scan using k_5 on sbtest5  (cost=0.43..6.40 rows=98 width=4)
	  Index Cond: ((k >= 4743890) AND (k <= 4743990))

table 6 : explain SELECT k FROM sbtest6 WHERE k BETWEEN 4743890 AND 4743990
	Index Only Scan using k_6 on sbtest6  (cost=0.43..6.47 rows=102 width=4)
	  Index Cond: ((k >= 4743890) AND (k <= 4743990))

table 7 : explain SELECT k FROM sbtest7 WHERE k BETWEEN 4743890 AND 4743990
	Index Only Scan using k_7 on sbtest7  (cost=0.43..6.25 rows=91 width=4)
	  Index Cond: ((k >= 4743890) AND (k <= 4743990))

table 8 : explain SELECT k FROM sbtest8 WHERE k BETWEEN 4743890 AND 4743990
	Index Only Scan using k_8 on sbtest8  (cost=0.43..6.69 rows=113 width=4)
	  Index Cond: ((k >= 4743890) AND (k <= 4743990))

explain: for range-covered :: explain SELECT k FROM sbtest%d WHERE k BETWEEN 6043526 AND 6043626
for range-covered
table 1 : explain SELECT k FROM sbtest1 WHERE k BETWEEN 6953276 AND 6953376
	Index Only Scan using k_1 on sbtest1  (cost=0.43..6.59 rows=108 width=4)
	  Index Cond: ((k >= 6953276) AND (k <= 6953376))

table 2 : explain SELECT k FROM sbtest2 WHERE k BETWEEN 6953276 AND 6953376
	Index Only Scan using k_2 on sbtest2  (cost=0.43..6.59 rows=108 width=4)
	  Index Cond: ((k >= 6953276) AND (k <= 6953376))

table 3 : explain SELECT k FROM sbtest3 WHERE k BETWEEN 6953276 AND 6953376
	Index Only Scan using k_3 on sbtest3  (cost=0.43..6.43 rows=100 width=4)
	  Index Cond: ((k >= 6953276) AND (k <= 6953376))

table 4 : explain SELECT k FROM sbtest4 WHERE k BETWEEN 6953276 AND 6953376
	Index Only Scan using k_4 on sbtest4  (cost=0.43..6.37 rows=97 width=4)
	  Index Cond: ((k >= 6953276) AND (k <= 6953376))

table 5 : explain SELECT k FROM sbtest5 WHERE k BETWEEN 6953276 AND 6953376
	Index Only Scan using k_5 on sbtest5  (cost=0.43..6.53 rows=105 width=4)
	  Index Cond: ((k >= 6953276) AND (k <= 6953376))

table 6 : explain SELECT k FROM sbtest6 WHERE k BETWEEN 6953276 AND 6953376
	Index Only Scan using k_6 on sbtest6  (cost=0.43..6.32 rows=94 width=4)
	  Index Cond: ((k >= 6953276) AND (k <= 6953376))

table 7 : explain SELECT k FROM sbtest7 WHERE k BETWEEN 6953276 AND 6953376
	Index Only Scan using k_7 on sbtest7  (cost=0.43..6.58 rows=107 width=4)
	  Index Cond: ((k >= 6953276) AND (k <= 6953376))

table 8 : explain SELECT k FROM sbtest8 WHERE k BETWEEN 6953276 AND 6953376
	Index Only Scan using k_8 on sbtest8  (cost=0.43..6.53 rows=105 width=4)
	  Index Cond: ((k >= 6953276) AND (k <= 6953376))

explain: for range-covered :: explain SELECT k FROM sbtest%d WHERE k BETWEEN 4743890 AND 4743990
explain: for range-covered :: explain SELECT k FROM sbtest%d WHERE k BETWEEN 6953276 AND 6953376
for range-covered
table 1 : explain SELECT k FROM sbtest1 WHERE k BETWEEN 5135748 AND 5135848
	Index Only Scan using k_1 on sbtest1  (cost=0.43..6.74 rows=115 width=4)
	  Index Cond: ((k >= 5135748) AND (k <= 5135848))

table 2 : explain SELECT k FROM sbtest2 WHERE k BETWEEN 5135748 AND 5135848
	Index Only Scan using k_2 on sbtest2  (cost=0.43..6.47 rows=102 width=4)
	  Index Cond: ((k >= 5135748) AND (k <= 5135848))

table 3 : explain SELECT k FROM sbtest3 WHERE k BETWEEN 5135748 AND 5135848
	Index Only Scan using k_3 on sbtest3  (cost=0.43..6.50 rows=103 width=4)
	  Index Cond: ((k >= 5135748) AND (k <= 5135848))

table 4 : explain SELECT k FROM sbtest4 WHERE k BETWEEN 5135748 AND 5135848
	Index Only Scan using k_4 on sbtest4  (cost=0.43..6.43 rows=100 width=4)
	  Index Cond: ((k >= 5135748) AND (k <= 5135848))

table 5 : explain SELECT k FROM sbtest5 WHERE k BETWEEN 5135748 AND 5135848
	Index Only Scan using k_5 on sbtest5  (cost=0.43..6.40 rows=98 width=4)
	  Index Cond: ((k >= 5135748) AND (k <= 5135848))

table 6 : explain SELECT k FROM sbtest6 WHERE k BETWEEN 5135748 AND 5135848
	Index Only Scan using k_6 on sbtest6  (cost=0.43..6.42 rows=99 width=4)
	  Index Cond: ((k >= 5135748) AND (k <= 5135848))

table 7 : explain SELECT k FROM sbtest7 WHERE k BETWEEN 5135748 AND 5135848
	Index Only Scan using k_7 on sbtest7  (cost=0.43..6.74 rows=115 width=4)
	  Index Cond: ((k >= 5135748) AND (k <= 5135848))

table 8 : explain SELECT k FROM sbtest8 WHERE k BETWEEN 5135748 AND 5135848
	Index Only Scan using k_8 on sbtest8  (cost=0.43..6.45 rows=101 width=4)
	  Index Cond: ((k >= 5135748) AND (k <= 5135848))

for range-covered
table 1 : explain SELECT k FROM sbtest1 WHERE k BETWEEN 2819120 AND 2819220
	Index Only Scan using k_1 on sbtest1  (cost=0.43..6.45 rows=101 width=4)
	  Index Cond: ((k >= 2819120) AND (k <= 2819220))

table 2 : explain SELECT k FROM sbtest2 WHERE k BETWEEN 2819120 AND 2819220
	Index Only Scan using k_2 on sbtest2  (cost=0.43..6.29 rows=93 width=4)
	  Index Cond: ((k >= 2819120) AND (k <= 2819220))

table 3 : explain SELECT k FROM sbtest3 WHERE k BETWEEN 2819120 AND 2819220
	Index Only Scan using k_3 on sbtest3  (cost=0.43..6.69 rows=113 width=4)
	  Index Cond: ((k >= 2819120) AND (k <= 2819220))

table 4 : explain SELECT k FROM sbtest4 WHERE k BETWEEN 2819120 AND 2819220
	Index Only Scan using k_4 on sbtest4  (cost=0.43..6.50 rows=103 width=4)
	  Index Cond: ((k >= 2819120) AND (k <= 2819220))

table 5 : explain SELECT k FROM sbtest5 WHERE k BETWEEN 2819120 AND 2819220
	Index Only Scan using k_5 on sbtest5  (cost=0.43..6.40 rows=98 width=4)
	  Index Cond: ((k >= 2819120) AND (k <= 2819220))

table 6 : explain SELECT k FROM sbtest6 WHERE k BETWEEN 2819120 AND 2819220
	Index Only Scan using k_6 on sbtest6  (cost=0.43..6.35 rows=96 width=4)
	  Index Cond: ((k >= 2819120) AND (k <= 2819220))

table 7 : explain SELECT k FROM sbtest7 WHERE k BETWEEN 2819120 AND 2819220
	Index Only Scan using k_7 on sbtest7  (cost=0.43..6.53 rows=105 width=4)
	  Index Cond: ((k >= 2819120) AND (k <= 2819220))

table 8 : explain SELECT k FROM sbtest8 WHERE k BETWEEN 2819120 AND 2819220
	Index Only Scan using k_8 on sbtest8  (cost=0.43..6.45 rows=101 width=4)
	  Index Cond: ((k >= 2819120) AND (k <= 2819220))

explain: for range-covered :: explain SELECT k FROM sbtest%d WHERE k BETWEEN 5077885 AND 5077985
explain: for range-covered :: explain SELECT k FROM sbtest%d WHERE k BETWEEN 2819120 AND 2819220
for range-covered
table 1 : explain SELECT k FROM sbtest1 WHERE k BETWEEN 8171378 AND 8171478
	Index Only Scan using k_1 on sbtest1  (cost=0.43..6.53 rows=105 width=4)
	  Index Cond: ((k >= 8171378) AND (k <= 8171478))

table 2 : explain SELECT k FROM sbtest2 WHERE k BETWEEN 8171378 AND 8171478
	Index Only Scan using k_2 on sbtest2  (cost=0.43..6.24 rows=90 width=4)
	  Index Cond: ((k >= 8171378) AND (k <= 8171478))

table 3 : explain SELECT k FROM sbtest3 WHERE k BETWEEN 8171378 AND 8171478
	Index Only Scan using k_3 on sbtest3  (cost=0.43..6.45 rows=101 width=4)
	  Index Cond: ((k >= 8171378) AND (k <= 8171478))

table 4 : explain SELECT k FROM sbtest4 WHERE k BETWEEN 8171378 AND 8171478
	Index Only Scan using k_4 on sbtest4  (cost=0.43..6.51 rows=104 width=4)
	  Index Cond: ((k >= 8171378) AND (k <= 8171478))

table 5 : explain SELECT k FROM sbtest5 WHERE k BETWEEN 8171378 AND 8171478
	Index Only Scan using k_5 on sbtest5  (cost=0.43..6.61 rows=109 width=4)
	  Index Cond: ((k >= 8171378) AND (k <= 8171478))

table 6 : explain SELECT k FROM sbtest6 WHERE k BETWEEN 8171378 AND 8171478
	Index Only Scan using k_6 on sbtest6  (cost=0.43..6.45 rows=101 width=4)
	  Index Cond: ((k >= 8171378) AND (k <= 8171478))

table 7 : explain SELECT k FROM sbtest7 WHERE k BETWEEN 8171378 AND 8171478
	Index Only Scan using k_7 on sbtest7  (cost=0.43..6.56 rows=106 width=4)
	  Index Cond: ((k >= 8171378) AND (k <= 8171478))

table 8 : explain SELECT k FROM sbtest8 WHERE k BETWEEN 8171378 AND 8171478
	Index Only Scan using k_8 on sbtest8  (cost=0.43..6.37 rows=97 width=4)
	  Index Cond: ((k >= 8171378) AND (k <= 8171478))

for range-covered
table 1 : explain SELECT k FROM sbtest1 WHERE k BETWEEN 9267393 AND 9267493
	Index Only Scan using k_1 on sbtest1  (cost=0.43..6.51 rows=104 width=4)
	  Index Cond: ((k >= 9267393) AND (k <= 9267493))

table 2 : explain SELECT k FROM sbtest2 WHERE k BETWEEN 9267393 AND 9267493
	Index Only Scan using k_2 on sbtest2  (cost=0.43..6.50 rows=103 width=4)
	  Index Cond: ((k >= 9267393) AND (k <= 9267493))

table 3 : explain SELECT k FROM sbtest3 WHERE k BETWEEN 9267393 AND 9267493
	Index Only Scan using k_3 on sbtest3  (cost=0.43..6.37 rows=97 width=4)
	  Index Cond: ((k >= 9267393) AND (k <= 9267493))

table 4 : explain SELECT k FROM sbtest4 WHERE k BETWEEN 9267393 AND 9267493
	Index Only Scan using k_4 on sbtest4  (cost=0.43..6.37 rows=97 width=4)
	  Index Cond: ((k >= 9267393) AND (k <= 9267493))

table 5 : explain SELECT k FROM sbtest5 WHERE k BETWEEN 9267393 AND 9267493
	Index Only Scan using k_5 on sbtest5  (cost=0.43..6.33 rows=95 width=4)
	  Index Cond: ((k >= 9267393) AND (k <= 9267493))

table 6 : explain SELECT k FROM sbtest6 WHERE k BETWEEN 9267393 AND 9267493
	Index Only Scan using k_6 on sbtest6  (cost=0.43..6.47 rows=102 width=4)
	  Index Cond: ((k >= 9267393) AND (k <= 9267493))

table 7 : explain SELECT k FROM sbtest7 WHERE k BETWEEN 9267393 AND 9267493
	Index Only Scan using k_7 on sbtest7  (cost=0.43..6.47 rows=102 width=4)
	  Index Cond: ((k >= 9267393) AND (k <= 9267493))

table 8 : explain SELECT k FROM sbtest8 WHERE k BETWEEN 9267393 AND 9267493
	Index Only Scan using k_8 on sbtest8  (cost=0.43..6.61 rows=109 width=4)
	  Index Cond: ((k >= 9267393) AND (k <= 9267493))

explain: for range-covered :: explain SELECT k FROM sbtest%d WHERE k BETWEEN 9267393 AND 9267493
for range-covered
table 1 : explain SELECT k FROM sbtest1 WHERE k BETWEEN 6043526 AND 6043626
	Index Only Scan using k_1 on sbtest1  (cost=0.43..6.35 rows=96 width=4)
	  Index Cond: ((k >= 6043526) AND (k <= 6043626))

table 2 : explain SELECT k FROM sbtest2 WHERE k BETWEEN 6043526 AND 6043626
	Index Only Scan using k_2 on sbtest2  (cost=0.43..6.37 rows=97 width=4)
	  Index Cond: ((k >= 6043526) AND (k <= 6043626))

table 3 : explain SELECT k FROM sbtest3 WHERE k BETWEEN 6043526 AND 6043626
	Index Only Scan using k_3 on sbtest3  (cost=0.43..6.51 rows=104 width=4)
	  Index Cond: ((k >= 6043526) AND (k <= 6043626))

table 4 : explain SELECT k FROM sbtest4 WHERE k BETWEEN 6043526 AND 6043626
	Index Only Scan using k_4 on sbtest4  (cost=0.43..6.47 rows=102 width=4)
	  Index Cond: ((k >= 6043526) AND (k <= 6043626))

table 5 : explain SELECT k FROM sbtest5 WHERE k BETWEEN 6043526 AND 6043626
	Index Only Scan using k_5 on sbtest5  (cost=0.43..6.66 rows=111 width=4)
	  Index Cond: ((k >= 6043526) AND (k <= 6043626))

table 6 : explain SELECT k FROM sbtest6 WHERE k BETWEEN 6043526 AND 6043626
	Index Only Scan using k_6 on sbtest6  (cost=0.43..6.63 rows=110 width=4)
	  Index Cond: ((k >= 6043526) AND (k <= 6043626))

table 7 : explain SELECT k FROM sbtest7 WHERE k BETWEEN 6043526 AND 6043626
	Index Only Scan using k_7 on sbtest7  (cost=0.43..6.51 rows=104 width=4)
	  Index Cond: ((k >= 6043526) AND (k <= 6043626))

table 8 : explain SELECT k FROM sbtest8 WHERE k BETWEEN 6043526 AND 6043626
	Index Only Scan using k_8 on sbtest8  (cost=0.43..6.42 rows=99 width=4)
	  Index Cond: ((k >= 6043526) AND (k <= 6043626))

for range-covered
table 1 : explain SELECT k FROM sbtest1 WHERE k BETWEEN 4743890 AND 4743990
	Index Only Scan using k_1 on sbtest1  (cost=0.43..6.45 rows=101 width=4)
	  Index Cond: ((k >= 4743890) AND (k <= 4743990))

table 2 : explain SELECT k FROM sbtest2 WHERE k BETWEEN 4743890 AND 4743990
	Index Only Scan using k_2 on sbtest2  (cost=0.43..6.33 rows=95 width=4)
	  Index Cond: ((k >= 4743890) AND (k <= 4743990))

table 3 : explain SELECT k FROM sbtest3 WHERE k BETWEEN 4743890 AND 4743990
	Index Only Scan using k_3 on sbtest3  (cost=0.43..6.35 rows=96 width=4)
	  Index Cond: ((k >= 4743890) AND (k <= 4743990))

table 4 : explain SELECT k FROM sbtest4 WHERE k BETWEEN 4743890 AND 4743990
	Index Only Scan using k_4 on sbtest4  (cost=0.43..6.47 rows=102 width=4)
	  Index Cond: ((k >= 4743890) AND (k <= 4743990))

table 5 : explain SELECT k FROM sbtest5 WHERE k BETWEEN 4743890 AND 4743990
	Index Only Scan using k_5 on sbtest5  (cost=0.43..6.40 rows=98 width=4)
	  Index Cond: ((k >= 4743890) AND (k <= 4743990))

table 6 : explain SELECT k FROM sbtest6 WHERE k BETWEEN 4743890 AND 4743990
	Index Only Scan using k_6 on sbtest6  (cost=0.43..6.47 rows=102 width=4)
	  Index Cond: ((k >= 4743890) AND (k <= 4743990))

table 7 : explain SELECT k FROM sbtest7 WHERE k BETWEEN 4743890 AND 4743990
	Index Only Scan using k_7 on sbtest7  (cost=0.43..6.25 rows=91 width=4)
	  Index Cond: ((k >= 4743890) AND (k <= 4743990))

table 8 : explain SELECT k FROM sbtest8 WHERE k BETWEEN 4743890 AND 4743990
	Index Only Scan using k_8 on sbtest8  (cost=0.43..6.69 rows=113 width=4)
	  Index Cond: ((k >= 4743890) AND (k <= 4743990))

for range-covered
table 1 : explain SELECT k FROM sbtest1 WHERE k BETWEEN 6953276 AND 6953376
	Index Only Scan using k_1 on sbtest1  (cost=0.43..6.59 rows=108 width=4)
	  Index Cond: ((k >= 6953276) AND (k <= 6953376))

table 2 : explain SELECT k FROM sbtest2 WHERE k BETWEEN 6953276 AND 6953376
	Index Only Scan using k_2 on sbtest2  (cost=0.43..6.59 rows=108 width=4)
	  Index Cond: ((k >= 6953276) AND (k <= 6953376))

table 3 : explain SELECT k FROM sbtest3 WHERE k BETWEEN 6953276 AND 6953376
	Index Only Scan using k_3 on sbtest3  (cost=0.43..6.43 rows=100 width=4)
	  Index Cond: ((k >= 6953276) AND (k <= 6953376))

table 4 : explain SELECT k FROM sbtest4 WHERE k BETWEEN 6953276 AND 6953376
	Index Only Scan using k_4 on sbtest4  (cost=0.43..6.37 rows=97 width=4)
	  Index Cond: ((k >= 6953276) AND (k <= 6953376))

table 5 : explain SELECT k FROM sbtest5 WHERE k BETWEEN 6953276 AND 6953376
	Index Only Scan using k_5 on sbtest5  (cost=0.43..6.53 rows=105 width=4)
	  Index Cond: ((k >= 6953276) AND (k <= 6953376))

table 6 : explain SELECT k FROM sbtest6 WHERE k BETWEEN 6953276 AND 6953376
	Index Only Scan using k_6 on sbtest6  (cost=0.43..6.32 rows=94 width=4)
	  Index Cond: ((k >= 6953276) AND (k <= 6953376))

table 7 : explain SELECT k FROM sbtest7 WHERE k BETWEEN 6953276 AND 6953376
	Index Only Scan using k_7 on sbtest7  (cost=0.43..6.58 rows=107 width=4)
	  Index Cond: ((k >= 6953276) AND (k <= 6953376))

table 8 : explain SELECT k FROM sbtest8 WHERE k BETWEEN 6953276 AND 6953376
	Index Only Scan using k_8 on sbtest8  (cost=0.43..6.53 rows=105 width=4)
	  Index Cond: ((k >= 6953276) AND (k <= 6953376))

explain: for range-covered :: explain SELECT k FROM sbtest%d WHERE k BETWEEN 4743890 AND 4743990
for range-covered
table 1 : explain SELECT k FROM sbtest1 WHERE k BETWEEN 2825145 AND 2825245
	Index Only Scan using k_1 on sbtest1  (cost=0.43..6.25 rows=91 width=4)
	  Index Cond: ((k >= 2825145) AND (k <= 2825245))

table 2 : explain SELECT k FROM sbtest2 WHERE k BETWEEN 2825145 AND 2825245
	Index Only Scan using k_2 on sbtest2  (cost=0.43..6.29 rows=93 width=4)
	  Index Cond: ((k >= 2825145) AND (k <= 2825245))

table 3 : explain SELECT k FROM sbtest3 WHERE k BETWEEN 2825145 AND 2825245
	Index Only Scan using k_3 on sbtest3  (cost=0.43..6.69 rows=113 width=4)
	  Index Cond: ((k >= 2825145) AND (k <= 2825245))

table 4 : explain SELECT k FROM sbtest4 WHERE k BETWEEN 2825145 AND 2825245
	Index Only Scan using k_4 on sbtest4  (cost=0.43..6.50 rows=103 width=4)
	  Index Cond: ((k >= 2825145) AND (k <= 2825245))

table 5 : explain SELECT k FROM sbtest5 WHERE k BETWEEN 2825145 AND 2825245
	Index Only Scan using k_5 on sbtest5  (cost=0.43..6.40 rows=98 width=4)
	  Index Cond: ((k >= 2825145) AND (k <= 2825245))

table 6 : explain SELECT k FROM sbtest6 WHERE k BETWEEN 2825145 AND 2825245
	Index Only Scan using k_6 on sbtest6  (cost=0.43..6.35 rows=96 width=4)
	  Index Cond: ((k >= 2825145) AND (k <= 2825245))

table 7 : explain SELECT k FROM sbtest7 WHERE k BETWEEN 2825145 AND 2825245
	Index Only Scan using k_7 on sbtest7  (cost=0.43..6.53 rows=105 width=4)
	  Index Cond: ((k >= 2825145) AND (k <= 2825245))

table 8 : explain SELECT k FROM sbtest8 WHERE k BETWEEN 2825145 AND 2825245
	Index Only Scan using k_8 on sbtest8  (cost=0.43..6.45 rows=101 width=4)
	  Index Cond: ((k >= 2825145) AND (k <= 2825245))

explain: for range-covered :: explain SELECT k FROM sbtest%d WHERE k BETWEEN 6953276 AND 6953376
explain: for range-covered :: explain SELECT k FROM sbtest%d WHERE k BETWEEN 2825145 AND 2825245
for range-covered
table 1 : explain SELECT k FROM sbtest1 WHERE k BETWEEN 2819120 AND 2819220
	Index Only Scan using k_1 on sbtest1  (cost=0.43..6.45 rows=101 width=4)
	  Index Cond: ((k >= 2819120) AND (k <= 2819220))

table 2 : explain SELECT k FROM sbtest2 WHERE k BETWEEN 2819120 AND 2819220
	Index Only Scan using k_2 on sbtest2  (cost=0.43..6.29 rows=93 width=4)
	  Index Cond: ((k >= 2819120) AND (k <= 2819220))

table 3 : explain SELECT k FROM sbtest3 WHERE k BETWEEN 2819120 AND 2819220
	Index Only Scan using k_3 on sbtest3  (cost=0.43..6.69 rows=113 width=4)
	  Index Cond: ((k >= 2819120) AND (k <= 2819220))

table 4 : explain SELECT k FROM sbtest4 WHERE k BETWEEN 2819120 AND 2819220
	Index Only Scan using k_4 on sbtest4  (cost=0.43..6.50 rows=103 width=4)
	  Index Cond: ((k >= 2819120) AND (k <= 2819220))

table 5 : explain SELECT k FROM sbtest5 WHERE k BETWEEN 2819120 AND 2819220
	Index Only Scan using k_5 on sbtest5  (cost=0.43..6.40 rows=98 width=4)
	  Index Cond: ((k >= 2819120) AND (k <= 2819220))

table 6 : explain SELECT k FROM sbtest6 WHERE k BETWEEN 2819120 AND 2819220
	Index Only Scan using k_6 on sbtest6  (cost=0.43..6.35 rows=96 width=4)
	  Index Cond: ((k >= 2819120) AND (k <= 2819220))

table 7 : explain SELECT k FROM sbtest7 WHERE k BETWEEN 2819120 AND 2819220
	Index Only Scan using k_7 on sbtest7  (cost=0.43..6.53 rows=105 width=4)
	  Index Cond: ((k >= 2819120) AND (k <= 2819220))

table 8 : explain SELECT k FROM sbtest8 WHERE k BETWEEN 2819120 AND 2819220
	Index Only Scan using k_8 on sbtest8  (cost=0.43..6.45 rows=101 width=4)
	  Index Cond: ((k >= 2819120) AND (k <= 2819220))

for range-covered
table 1 : explain SELECT k FROM sbtest1 WHERE k BETWEEN 8651134 AND 8651234
	Index Only Scan using k_1 on sbtest1  (cost=0.43..6.43 rows=100 width=4)
	  Index Cond: ((k >= 8651134) AND (k <= 8651234))

table 2 : explain SELECT k FROM sbtest2 WHERE k BETWEEN 8651134 AND 8651234
	Index Only Scan using k_2 on sbtest2  (cost=0.43..6.51 rows=104 width=4)
	  Index Cond: ((k >= 8651134) AND (k <= 8651234))

table 3 : explain SELECT k FROM sbtest3 WHERE k BETWEEN 8651134 AND 8651234
	Index Only Scan using k_3 on sbtest3  (cost=0.43..6.74 rows=115 width=4)
	  Index Cond: ((k >= 8651134) AND (k <= 8651234))

table 4 : explain SELECT k FROM sbtest4 WHERE k BETWEEN 8651134 AND 8651234
	Index Only Scan using k_4 on sbtest4  (cost=0.43..6.53 rows=105 width=4)
	  Index Cond: ((k >= 8651134) AND (k <= 8651234))

table 5 : explain SELECT k FROM sbtest5 WHERE k BETWEEN 8651134 AND 8651234
	Index Only Scan using k_5 on sbtest5  (cost=0.43..6.50 rows=103 width=4)
	  Index Cond: ((k >= 8651134) AND (k <= 8651234))

table 6 : explain SELECT k FROM sbtest6 WHERE k BETWEEN 8651134 AND 8651234
	Index Only Scan using k_6 on sbtest6  (cost=0.43..6.33 rows=95 width=4)
	  Index Cond: ((k >= 8651134) AND (k <= 8651234))

table 7 : explain SELECT k FROM sbtest7 WHERE k BETWEEN 8651134 AND 8651234
	Index Only Scan using k_7 on sbtest7  (cost=0.43..6.59 rows=108 width=4)
	  Index Cond: ((k >= 8651134) AND (k <= 8651234))

table 8 : explain SELECT k FROM sbtest8 WHERE k BETWEEN 8651134 AND 8651234
	Index Only Scan using k_8 on sbtest8  (cost=0.43..6.42 rows=99 width=4)
	  Index Cond: ((k >= 8651134) AND (k <= 8651234))

explain: for range-covered :: explain SELECT k FROM sbtest%d WHERE k BETWEEN 2819120 AND 2819220
explain: for range-covered :: explain SELECT k FROM sbtest%d WHERE k BETWEEN 8651134 AND 8651234
for range-covered
table 1 : explain SELECT k FROM sbtest1 WHERE k BETWEEN 4583950 AND 4584050
	Index Only Scan using k_1 on sbtest1  (cost=0.43..6.77 rows=117 width=4)
	  Index Cond: ((k >= 4583950) AND (k <= 4584050))

table 2 : explain SELECT k FROM sbtest2 WHERE k BETWEEN 4583950 AND 4584050
	Index Only Scan using k_2 on sbtest2  (cost=0.43..6.79 rows=118 width=4)
	  Index Cond: ((k >= 4583950) AND (k <= 4584050))

table 3 : explain SELECT k FROM sbtest3 WHERE k BETWEEN 4583950 AND 4584050
	Index Only Scan using k_3 on sbtest3  (cost=0.43..6.50 rows=103 width=4)
	  Index Cond: ((k >= 4583950) AND (k <= 4584050))

table 4 : explain SELECT k FROM sbtest4 WHERE k BETWEEN 4583950 AND 4584050
	Index Only Scan using k_4 on sbtest4  (cost=0.43..6.45 rows=101 width=4)
	  Index Cond: ((k >= 4583950) AND (k <= 4584050))

table 5 : explain SELECT k FROM sbtest5 WHERE k BETWEEN 4583950 AND 4584050
	Index Only Scan using k_5 on sbtest5  (cost=0.43..6.61 rows=109 width=4)
	  Index Cond: ((k >= 4583950) AND (k <= 4584050))

table 6 : explain SELECT k FROM sbtest6 WHERE k BETWEEN 4583950 AND 4584050
	Index Only Scan using k_6 on sbtest6  (cost=0.43..6.67 rows=112 width=4)
	  Index Cond: ((k >= 4583950) AND (k <= 4584050))

table 7 : explain SELECT k FROM sbtest7 WHERE k BETWEEN 4583950 AND 4584050
	Index Only Scan using k_7 on sbtest7  (cost=0.43..6.33 rows=95 width=4)
	  Index Cond: ((k >= 4583950) AND (k <= 4584050))

table 8 : explain SELECT k FROM sbtest8 WHERE k BETWEEN 4583950 AND 4584050
	Index Only Scan using k_8 on sbtest8  (cost=0.43..6.40 rows=98 width=4)
	  Index Cond: ((k >= 4583950) AND (k <= 4584050))

for range-covered
table 1 : explain SELECT k FROM sbtest1 WHERE k BETWEEN 9267393 AND 9267493
	Index Only Scan using k_1 on sbtest1  (cost=0.43..6.51 rows=104 width=4)
	  Index Cond: ((k >= 9267393) AND (k <= 9267493))

table 2 : explain SELECT k FROM sbtest2 WHERE k BETWEEN 9267393 AND 9267493
	Index Only Scan using k_2 on sbtest2  (cost=0.43..6.50 rows=103 width=4)
	  Index Cond: ((k >= 9267393) AND (k <= 9267493))

table 3 : explain SELECT k FROM sbtest3 WHERE k BETWEEN 9267393 AND 9267493
	Index Only Scan using k_3 on sbtest3  (cost=0.43..6.37 rows=97 width=4)
	  Index Cond: ((k >= 9267393) AND (k <= 9267493))

table 4 : explain SELECT k FROM sbtest4 WHERE k BETWEEN 9267393 AND 9267493
	Index Only Scan using k_4 on sbtest4  (cost=0.43..6.37 rows=97 width=4)
	  Index Cond: ((k >= 9267393) AND (k <= 9267493))

table 5 : explain SELECT k FROM sbtest5 WHERE k BETWEEN 9267393 AND 9267493
	Index Only Scan using k_5 on sbtest5  (cost=0.43..6.33 rows=95 width=4)
	  Index Cond: ((k >= 9267393) AND (k <= 9267493))

table 6 : explain SELECT k FROM sbtest6 WHERE k BETWEEN 9267393 AND 9267493
	Index Only Scan using k_6 on sbtest6  (cost=0.43..6.47 rows=102 width=4)
	  Index Cond: ((k >= 9267393) AND (k <= 9267493))

table 7 : explain SELECT k FROM sbtest7 WHERE k BETWEEN 9267393 AND 9267493
	Index Only Scan using k_7 on sbtest7  (cost=0.43..6.47 rows=102 width=4)
	  Index Cond: ((k >= 9267393) AND (k <= 9267493))

table 8 : explain SELECT k FROM sbtest8 WHERE k BETWEEN 9267393 AND 9267493
	Index Only Scan using k_8 on sbtest8  (cost=0.43..6.61 rows=109 width=4)
	  Index Cond: ((k >= 9267393) AND (k <= 9267493))

explain: for range-covered :: explain SELECT k FROM sbtest%d WHERE k BETWEEN 9267393 AND 9267493
for range-covered
table 1 : explain SELECT k FROM sbtest1 WHERE k BETWEEN 4743890 AND 4743990
	Index Only Scan using k_1 on sbtest1  (cost=0.43..6.45 rows=101 width=4)
	  Index Cond: ((k >= 4743890) AND (k <= 4743990))

table 2 : explain SELECT k FROM sbtest2 WHERE k BETWEEN 4743890 AND 4743990
	Index Only Scan using k_2 on sbtest2  (cost=0.43..6.33 rows=95 width=4)
	  Index Cond: ((k >= 4743890) AND (k <= 4743990))

table 3 : explain SELECT k FROM sbtest3 WHERE k BETWEEN 4743890 AND 4743990
	Index Only Scan using k_3 on sbtest3  (cost=0.43..6.35 rows=96 width=4)
	  Index Cond: ((k >= 4743890) AND (k <= 4743990))

table 4 : explain SELECT k FROM sbtest4 WHERE k BETWEEN 4743890 AND 4743990
	Index Only Scan using k_4 on sbtest4  (cost=0.43..6.47 rows=102 width=4)
	  Index Cond: ((k >= 4743890) AND (k <= 4743990))

table 5 : explain SELECT k FROM sbtest5 WHERE k BETWEEN 4743890 AND 4743990
	Index Only Scan using k_5 on sbtest5  (cost=0.43..6.40 rows=98 width=4)
	  Index Cond: ((k >= 4743890) AND (k <= 4743990))

table 6 : explain SELECT k FROM sbtest6 WHERE k BETWEEN 4743890 AND 4743990
	Index Only Scan using k_6 on sbtest6  (cost=0.43..6.47 rows=102 width=4)
	  Index Cond: ((k >= 4743890) AND (k <= 4743990))

table 7 : explain SELECT k FROM sbtest7 WHERE k BETWEEN 4743890 AND 4743990
	Index Only Scan using k_7 on sbtest7  (cost=0.43..6.25 rows=91 width=4)
	  Index Cond: ((k >= 4743890) AND (k <= 4743990))

table 8 : explain SELECT k FROM sbtest8 WHERE k BETWEEN 4743890 AND 4743990
	Index Only Scan using k_8 on sbtest8  (cost=0.43..6.69 rows=113 width=4)
	  Index Cond: ((k >= 4743890) AND (k <= 4743990))

explain: for range-covered :: explain SELECT k FROM sbtest%d WHERE k BETWEEN 4743890 AND 4743990
for range-covered
table 1 : explain SELECT k FROM sbtest1 WHERE k BETWEEN 6953276 AND 6953376
	Index Only Scan using k_1 on sbtest1  (cost=0.43..6.59 rows=108 width=4)
	  Index Cond: ((k >= 6953276) AND (k <= 6953376))

table 2 : explain SELECT k FROM sbtest2 WHERE k BETWEEN 6953276 AND 6953376
	Index Only Scan using k_2 on sbtest2  (cost=0.43..6.59 rows=108 width=4)
	  Index Cond: ((k >= 6953276) AND (k <= 6953376))

table 3 : explain SELECT k FROM sbtest3 WHERE k BETWEEN 6953276 AND 6953376
	Index Only Scan using k_3 on sbtest3  (cost=0.43..6.43 rows=100 width=4)
	  Index Cond: ((k >= 6953276) AND (k <= 6953376))

table 4 : explain SELECT k FROM sbtest4 WHERE k BETWEEN 6953276 AND 6953376
	Index Only Scan using k_4 on sbtest4  (cost=0.43..6.37 rows=97 width=4)
	  Index Cond: ((k >= 6953276) AND (k <= 6953376))

table 5 : explain SELECT k FROM sbtest5 WHERE k BETWEEN 6953276 AND 6953376
	Index Only Scan using k_5 on sbtest5  (cost=0.43..6.53 rows=105 width=4)
	  Index Cond: ((k >= 6953276) AND (k <= 6953376))

table 6 : explain SELECT k FROM sbtest6 WHERE k BETWEEN 6953276 AND 6953376
	Index Only Scan using k_6 on sbtest6  (cost=0.43..6.32 rows=94 width=4)
	  Index Cond: ((k >= 6953276) AND (k <= 6953376))

table 7 : explain SELECT k FROM sbtest7 WHERE k BETWEEN 6953276 AND 6953376
	Index Only Scan using k_7 on sbtest7  (cost=0.43..6.58 rows=107 width=4)
	  Index Cond: ((k >= 6953276) AND (k <= 6953376))

table 8 : explain SELECT k FROM sbtest8 WHERE k BETWEEN 6953276 AND 6953376
	Index Only Scan using k_8 on sbtest8  (cost=0.43..6.53 rows=105 width=4)
	  Index Cond: ((k >= 6953276) AND (k <= 6953376))

explain: for range-covered :: explain SELECT k FROM sbtest%d WHERE k BETWEEN 6920795 AND 6920895
for range-covered
table 1 : explain SELECT k FROM sbtest1 WHERE k BETWEEN 2825145 AND 2825245
	Index Only Scan using k_1 on sbtest1  (cost=0.43..6.25 rows=91 width=4)
	  Index Cond: ((k >= 2825145) AND (k <= 2825245))

table 2 : explain SELECT k FROM sbtest2 WHERE k BETWEEN 2825145 AND 2825245
	Index Only Scan using k_2 on sbtest2  (cost=0.43..6.29 rows=93 width=4)
	  Index Cond: ((k >= 2825145) AND (k <= 2825245))

table 3 : explain SELECT k FROM sbtest3 WHERE k BETWEEN 2825145 AND 2825245
	Index Only Scan using k_3 on sbtest3  (cost=0.43..6.69 rows=113 width=4)
	  Index Cond: ((k >= 2825145) AND (k <= 2825245))

table 4 : explain SELECT k FROM sbtest4 WHERE k BETWEEN 2825145 AND 2825245
	Index Only Scan using k_4 on sbtest4  (cost=0.43..6.50 rows=103 width=4)
	  Index Cond: ((k >= 2825145) AND (k <= 2825245))

table 5 : explain SELECT k FROM sbtest5 WHERE k BETWEEN 2825145 AND 2825245
	Index Only Scan using k_5 on sbtest5  (cost=0.43..6.40 rows=98 width=4)
	  Index Cond: ((k >= 2825145) AND (k <= 2825245))

table 6 : explain SELECT k FROM sbtest6 WHERE k BETWEEN 2825145 AND 2825245
	Index Only Scan using k_6 on sbtest6  (cost=0.43..6.35 rows=96 width=4)
	  Index Cond: ((k >= 2825145) AND (k <= 2825245))

table 7 : explain SELECT k FROM sbtest7 WHERE k BETWEEN 2825145 AND 2825245
	Index Only Scan using k_7 on sbtest7  (cost=0.43..6.53 rows=105 width=4)
	  Index Cond: ((k >= 2825145) AND (k <= 2825245))

table 8 : explain SELECT k FROM sbtest8 WHERE k BETWEEN 2825145 AND 2825245
	Index Only Scan using k_8 on sbtest8  (cost=0.43..6.45 rows=101 width=4)
	  Index Cond: ((k >= 2825145) AND (k <= 2825245))

for range-covered
table 1 : explain SELECT k FROM sbtest1 WHERE k BETWEEN 2819120 AND 2819220
	Index Only Scan using k_1 on sbtest1  (cost=0.43..6.45 rows=101 width=4)
	  Index Cond: ((k >= 2819120) AND (k <= 2819220))

table 2 : explain SELECT k FROM sbtest2 WHERE k BETWEEN 2819120 AND 2819220
	Index Only Scan using k_2 on sbtest2  (cost=0.43..6.29 rows=93 width=4)
	  Index Cond: ((k >= 2819120) AND (k <= 2819220))

table 3 : explain SELECT k FROM sbtest3 WHERE k BETWEEN 2819120 AND 2819220
	Index Only Scan using k_3 on sbtest3  (cost=0.43..6.69 rows=113 width=4)
	  Index Cond: ((k >= 2819120) AND (k <= 2819220))

table 4 : explain SELECT k FROM sbtest4 WHERE k BETWEEN 2819120 AND 2819220
	Index Only Scan using k_4 on sbtest4  (cost=0.43..6.50 rows=103 width=4)
	  Index Cond: ((k >= 2819120) AND (k <= 2819220))

table 5 : explain SELECT k FROM sbtest5 WHERE k BETWEEN 2819120 AND 2819220
	Index Only Scan using k_5 on sbtest5  (cost=0.43..6.40 rows=98 width=4)
	  Index Cond: ((k >= 2819120) AND (k <= 2819220))

table 6 : explain SELECT k FROM sbtest6 WHERE k BETWEEN 2819120 AND 2819220
	Index Only Scan using k_6 on sbtest6  (cost=0.43..6.35 rows=96 width=4)
	  Index Cond: ((k >= 2819120) AND (k <= 2819220))

table 7 : explain SELECT k FROM sbtest7 WHERE k BETWEEN 2819120 AND 2819220
	Index Only Scan using k_7 on sbtest7  (cost=0.43..6.53 rows=105 width=4)
	  Index Cond: ((k >= 2819120) AND (k <= 2819220))

table 8 : explain SELECT k FROM sbtest8 WHERE k BETWEEN 2819120 AND 2819220
	Index Only Scan using k_8 on sbtest8  (cost=0.43..6.45 rows=101 width=4)
	  Index Cond: ((k >= 2819120) AND (k <= 2819220))

explain: for range-covered :: explain SELECT k FROM sbtest%d WHERE k BETWEEN 4583950 AND 4584050
explain: for range-covered :: explain SELECT k FROM sbtest%d WHERE k BETWEEN 2819120 AND 2819220
for range-covered
table 1 : explain SELECT k FROM sbtest1 WHERE k BETWEEN 9267393 AND 9267493
	Index Only Scan using k_1 on sbtest1  (cost=0.43..6.51 rows=104 width=4)
	  Index Cond: ((k >= 9267393) AND (k <= 9267493))

table 2 : explain SELECT k FROM sbtest2 WHERE k BETWEEN 9267393 AND 9267493
	Index Only Scan using k_2 on sbtest2  (cost=0.43..6.50 rows=103 width=4)
	  Index Cond: ((k >= 9267393) AND (k <= 9267493))

table 3 : explain SELECT k FROM sbtest3 WHERE k BETWEEN 9267393 AND 9267493
	Index Only Scan using k_3 on sbtest3  (cost=0.43..6.37 rows=97 width=4)
	  Index Cond: ((k >= 9267393) AND (k <= 9267493))

table 4 : explain SELECT k FROM sbtest4 WHERE k BETWEEN 9267393 AND 9267493
	Index Only Scan using k_4 on sbtest4  (cost=0.43..6.37 rows=97 width=4)
	  Index Cond: ((k >= 9267393) AND (k <= 9267493))

table 5 : explain SELECT k FROM sbtest5 WHERE k BETWEEN 9267393 AND 9267493
	Index Only Scan using k_5 on sbtest5  (cost=0.43..6.33 rows=95 width=4)
	  Index Cond: ((k >= 9267393) AND (k <= 9267493))

table 6 : explain SELECT k FROM sbtest6 WHERE k BETWEEN 9267393 AND 9267493
	Index Only Scan using k_6 on sbtest6  (cost=0.43..6.47 rows=102 width=4)
	  Index Cond: ((k >= 9267393) AND (k <= 9267493))

table 7 : explain SELECT k FROM sbtest7 WHERE k BETWEEN 9267393 AND 9267493
	Index Only Scan using k_7 on sbtest7  (cost=0.43..6.47 rows=102 width=4)
	  Index Cond: ((k >= 9267393) AND (k <= 9267493))

table 8 : explain SELECT k FROM sbtest8 WHERE k BETWEEN 9267393 AND 9267493
	Index Only Scan using k_8 on sbtest8  (cost=0.43..6.61 rows=109 width=4)
	  Index Cond: ((k >= 9267393) AND (k <= 9267493))

explain: for range-covered :: explain SELECT k FROM sbtest%d WHERE k BETWEEN 9267393 AND 9267493
for range-covered
table 1 : explain SELECT k FROM sbtest1 WHERE k BETWEEN 7677367 AND 7677467
	Index Only Scan using k_1 on sbtest1  (cost=0.43..6.45 rows=101 width=4)
	  Index Cond: ((k >= 7677367) AND (k <= 7677467))

table 2 : explain SELECT k FROM sbtest2 WHERE k BETWEEN 7677367 AND 7677467
	Index Only Scan using k_2 on sbtest2  (cost=0.43..6.47 rows=102 width=4)
	  Index Cond: ((k >= 7677367) AND (k <= 7677467))

table 3 : explain SELECT k FROM sbtest3 WHERE k BETWEEN 7677367 AND 7677467
	Index Only Scan using k_3 on sbtest3  (cost=0.43..6.37 rows=97 width=4)
	  Index Cond: ((k >= 7677367) AND (k <= 7677467))

table 4 : explain SELECT k FROM sbtest4 WHERE k BETWEEN 7677367 AND 7677467
	Index Only Scan using k_4 on sbtest4  (cost=0.43..6.61 rows=109 width=4)
	  Index Cond: ((k >= 7677367) AND (k <= 7677467))

table 5 : explain SELECT k FROM sbtest5 WHERE k BETWEEN 7677367 AND 7677467
	Index Only Scan using k_5 on sbtest5  (cost=0.43..6.66 rows=111 width=4)
	  Index Cond: ((k >= 7677367) AND (k <= 7677467))

table 6 : explain SELECT k FROM sbtest6 WHERE k BETWEEN 7677367 AND 7677467
	Index Only Scan using k_6 on sbtest6  (cost=0.43..6.29 rows=93 width=4)
	  Index Cond: ((k >= 7677367) AND (k <= 7677467))

table 7 : explain SELECT k FROM sbtest7 WHERE k BETWEEN 7677367 AND 7677467
	Index Only Scan using k_7 on sbtest7  (cost=0.43..6.45 rows=101 width=4)
	  Index Cond: ((k >= 7677367) AND (k <= 7677467))

table 8 : explain SELECT k FROM sbtest8 WHERE k BETWEEN 7677367 AND 7677467
	Index Only Scan using k_8 on sbtest8  (cost=0.43..6.51 rows=104 width=4)
	  Index Cond: ((k >= 7677367) AND (k <= 7677467))

for range-covered
table 1 : explain SELECT k FROM sbtest1 WHERE k BETWEEN 4743890 AND 4743990
	Index Only Scan using k_1 on sbtest1  (cost=0.43..6.45 rows=101 width=4)
	  Index Cond: ((k >= 4743890) AND (k <= 4743990))

table 2 : explain SELECT k FROM sbtest2 WHERE k BETWEEN 4743890 AND 4743990
	Index Only Scan using k_2 on sbtest2  (cost=0.43..6.33 rows=95 width=4)
	  Index Cond: ((k >= 4743890) AND (k <= 4743990))

table 3 : explain SELECT k FROM sbtest3 WHERE k BETWEEN 4743890 AND 4743990
	Index Only Scan using k_3 on sbtest3  (cost=0.43..6.35 rows=96 width=4)
	  Index Cond: ((k >= 4743890) AND (k <= 4743990))

table 4 : explain SELECT k FROM sbtest4 WHERE k BETWEEN 4743890 AND 4743990
	Index Only Scan using k_4 on sbtest4  (cost=0.43..6.47 rows=102 width=4)
	  Index Cond: ((k >= 4743890) AND (k <= 4743990))

table 5 : explain SELECT k FROM sbtest5 WHERE k BETWEEN 4743890 AND 4743990
	Index Only Scan using k_5 on sbtest5  (cost=0.43..6.40 rows=98 width=4)
	  Index Cond: ((k >= 4743890) AND (k <= 4743990))

table 6 : explain SELECT k FROM sbtest6 WHERE k BETWEEN 4743890 AND 4743990
	Index Only Scan using k_6 on sbtest6  (cost=0.43..6.47 rows=102 width=4)
	  Index Cond: ((k >= 4743890) AND (k <= 4743990))

table 7 : explain SELECT k FROM sbtest7 WHERE k BETWEEN 4743890 AND 4743990
	Index Only Scan using k_7 on sbtest7  (cost=0.43..6.25 rows=91 width=4)
	  Index Cond: ((k >= 4743890) AND (k <= 4743990))

table 8 : explain SELECT k FROM sbtest8 WHERE k BETWEEN 4743890 AND 4743990
	Index Only Scan using k_8 on sbtest8  (cost=0.43..6.69 rows=113 width=4)
	  Index Cond: ((k >= 4743890) AND (k <= 4743990))

for range-covered
table 1 : explain SELECT k FROM sbtest1 WHERE k BETWEEN 8651134 AND 8651234
	Index Only Scan using k_1 on sbtest1  (cost=0.43..6.43 rows=100 width=4)
	  Index Cond: ((k >= 8651134) AND (k <= 8651234))

table 2 : explain SELECT k FROM sbtest2 WHERE k BETWEEN 8651134 AND 8651234
	Index Only Scan using k_2 on sbtest2  (cost=0.43..6.51 rows=104 width=4)
	  Index Cond: ((k >= 8651134) AND (k <= 8651234))

table 3 : explain SELECT k FROM sbtest3 WHERE k BETWEEN 8651134 AND 8651234
	Index Only Scan using k_3 on sbtest3  (cost=0.43..6.74 rows=115 width=4)
	  Index Cond: ((k >= 8651134) AND (k <= 8651234))

table 4 : explain SELECT k FROM sbtest4 WHERE k BETWEEN 8651134 AND 8651234
	Index Only Scan using k_4 on sbtest4  (cost=0.43..6.53 rows=105 width=4)
	  Index Cond: ((k >= 8651134) AND (k <= 8651234))

table 5 : explain SELECT k FROM sbtest5 WHERE k BETWEEN 8651134 AND 8651234
	Index Only Scan using k_5 on sbtest5  (cost=0.43..6.50 rows=103 width=4)
	  Index Cond: ((k >= 8651134) AND (k <= 8651234))

table 6 : explain SELECT k FROM sbtest6 WHERE k BETWEEN 8651134 AND 8651234
	Index Only Scan using k_6 on sbtest6  (cost=0.43..6.33 rows=95 width=4)
	  Index Cond: ((k >= 8651134) AND (k <= 8651234))

table 7 : explain SELECT k FROM sbtest7 WHERE k BETWEEN 8651134 AND 8651234
	Index Only Scan using k_7 on sbtest7  (cost=0.43..6.59 rows=108 width=4)
	  Index Cond: ((k >= 8651134) AND (k <= 8651234))

table 8 : explain SELECT k FROM sbtest8 WHERE k BETWEEN 8651134 AND 8651234
	Index Only Scan using k_8 on sbtest8  (cost=0.43..6.42 rows=99 width=4)
	  Index Cond: ((k >= 8651134) AND (k <= 8651234))

explain: for range-covered :: explain SELECT k FROM sbtest%d WHERE k BETWEEN 7677367 AND 7677467
explain: for range-covered :: explain SELECT k FROM sbtest%d WHERE k BETWEEN 8651134 AND 8651234
for range-covered
table 1 : explain SELECT k FROM sbtest1 WHERE k BETWEEN 2819120 AND 2819220
	Index Only Scan using k_1 on sbtest1  (cost=0.43..6.45 rows=101 width=4)
	  Index Cond: ((k >= 2819120) AND (k <= 2819220))

table 2 : explain SELECT k FROM sbtest2 WHERE k BETWEEN 2819120 AND 2819220
	Index Only Scan using k_2 on sbtest2  (cost=0.43..6.29 rows=93 width=4)
	  Index Cond: ((k >= 2819120) AND (k <= 2819220))

table 3 : explain SELECT k FROM sbtest3 WHERE k BETWEEN 2819120 AND 2819220
	Index Only Scan using k_3 on sbtest3  (cost=0.43..6.69 rows=113 width=4)
	  Index Cond: ((k >= 2819120) AND (k <= 2819220))

table 4 : explain SELECT k FROM sbtest4 WHERE k BETWEEN 2819120 AND 2819220
	Index Only Scan using k_4 on sbtest4  (cost=0.43..6.50 rows=103 width=4)
	  Index Cond: ((k >= 2819120) AND (k <= 2819220))

table 5 : explain SELECT k FROM sbtest5 WHERE k BETWEEN 2819120 AND 2819220
	Index Only Scan using k_5 on sbtest5  (cost=0.43..6.40 rows=98 width=4)
	  Index Cond: ((k >= 2819120) AND (k <= 2819220))

table 6 : explain SELECT k FROM sbtest6 WHERE k BETWEEN 2819120 AND 2819220
	Index Only Scan using k_6 on sbtest6  (cost=0.43..6.35 rows=96 width=4)
	  Index Cond: ((k >= 2819120) AND (k <= 2819220))

table 7 : explain SELECT k FROM sbtest7 WHERE k BETWEEN 2819120 AND 2819220
	Index Only Scan using k_7 on sbtest7  (cost=0.43..6.53 rows=105 width=4)
	  Index Cond: ((k >= 2819120) AND (k <= 2819220))

table 8 : explain SELECT k FROM sbtest8 WHERE k BETWEEN 2819120 AND 2819220
	Index Only Scan using k_8 on sbtest8  (cost=0.43..6.45 rows=101 width=4)
	  Index Cond: ((k >= 2819120) AND (k <= 2819220))

explain: for range-covered :: explain SELECT k FROM sbtest%d WHERE k BETWEEN 2819120 AND 2819220
for range-covered
table 1 : explain SELECT k FROM sbtest1 WHERE k BETWEEN 4583950 AND 4584050
	Index Only Scan using k_1 on sbtest1  (cost=0.43..6.77 rows=117 width=4)
	  Index Cond: ((k >= 4583950) AND (k <= 4584050))

table 2 : explain SELECT k FROM sbtest2 WHERE k BETWEEN 4583950 AND 4584050
	Index Only Scan using k_2 on sbtest2  (cost=0.43..6.79 rows=118 width=4)
	  Index Cond: ((k >= 4583950) AND (k <= 4584050))

table 3 : explain SELECT k FROM sbtest3 WHERE k BETWEEN 4583950 AND 4584050
	Index Only Scan using k_3 on sbtest3  (cost=0.43..6.50 rows=103 width=4)
	  Index Cond: ((k >= 4583950) AND (k <= 4584050))

table 4 : explain SELECT k FROM sbtest4 WHERE k BETWEEN 4583950 AND 4584050
	Index Only Scan using k_4 on sbtest4  (cost=0.43..6.45 rows=101 width=4)
	  Index Cond: ((k >= 4583950) AND (k <= 4584050))

table 5 : explain SELECT k FROM sbtest5 WHERE k BETWEEN 4583950 AND 4584050
	Index Only Scan using k_5 on sbtest5  (cost=0.43..6.61 rows=109 width=4)
	  Index Cond: ((k >= 4583950) AND (k <= 4584050))

table 6 : explain SELECT k FROM sbtest6 WHERE k BETWEEN 4583950 AND 4584050
	Index Only Scan using k_6 on sbtest6  (cost=0.43..6.67 rows=112 width=4)
	  Index Cond: ((k >= 4583950) AND (k <= 4584050))

table 7 : explain SELECT k FROM sbtest7 WHERE k BETWEEN 4583950 AND 4584050
	Index Only Scan using k_7 on sbtest7  (cost=0.43..6.33 rows=95 width=4)
	  Index Cond: ((k >= 4583950) AND (k <= 4584050))

table 8 : explain SELECT k FROM sbtest8 WHERE k BETWEEN 4583950 AND 4584050
	Index Only Scan using k_8 on sbtest8  (cost=0.43..6.40 rows=98 width=4)
	  Index Cond: ((k >= 4583950) AND (k <= 4584050))

for range-covered
table 1 : explain SELECT k FROM sbtest1 WHERE k BETWEEN 9267393 AND 9267493
	Index Only Scan using k_1 on sbtest1  (cost=0.43..6.51 rows=104 width=4)
	  Index Cond: ((k >= 9267393) AND (k <= 9267493))

table 2 : explain SELECT k FROM sbtest2 WHERE k BETWEEN 9267393 AND 9267493
	Index Only Scan using k_2 on sbtest2  (cost=0.43..6.50 rows=103 width=4)
	  Index Cond: ((k >= 9267393) AND (k <= 9267493))

table 3 : explain SELECT k FROM sbtest3 WHERE k BETWEEN 9267393 AND 9267493
	Index Only Scan using k_3 on sbtest3  (cost=0.43..6.37 rows=97 width=4)
	  Index Cond: ((k >= 9267393) AND (k <= 9267493))

table 4 : explain SELECT k FROM sbtest4 WHERE k BETWEEN 9267393 AND 9267493
	Index Only Scan using k_4 on sbtest4  (cost=0.43..6.37 rows=97 width=4)
	  Index Cond: ((k >= 9267393) AND (k <= 9267493))

table 5 : explain SELECT k FROM sbtest5 WHERE k BETWEEN 9267393 AND 9267493
	Index Only Scan using k_5 on sbtest5  (cost=0.43..6.33 rows=95 width=4)
	  Index Cond: ((k >= 9267393) AND (k <= 9267493))

table 6 : explain SELECT k FROM sbtest6 WHERE k BETWEEN 9267393 AND 9267493
	Index Only Scan using k_6 on sbtest6  (cost=0.43..6.47 rows=102 width=4)
	  Index Cond: ((k >= 9267393) AND (k <= 9267493))

table 7 : explain SELECT k FROM sbtest7 WHERE k BETWEEN 9267393 AND 9267493
	Index Only Scan using k_7 on sbtest7  (cost=0.43..6.47 rows=102 width=4)
	  Index Cond: ((k >= 9267393) AND (k <= 9267493))

table 8 : explain SELECT k FROM sbtest8 WHERE k BETWEEN 9267393 AND 9267493
	Index Only Scan using k_8 on sbtest8  (cost=0.43..6.61 rows=109 width=4)
	  Index Cond: ((k >= 9267393) AND (k <= 9267493))

explain: for range-covered :: explain SELECT k FROM sbtest%d WHERE k BETWEEN 4583950 AND 4584050
explain: for range-covered :: explain SELECT k FROM sbtest%d WHERE k BETWEEN 9267393 AND 9267493
for range-covered
table 1 : explain SELECT k FROM sbtest1 WHERE k BETWEEN 5077885 AND 5077985
	Index Only Scan using k_1 on sbtest1  (cost=0.43..6.42 rows=99 width=4)
	  Index Cond: ((k >= 5077885) AND (k <= 5077985))

table 2 : explain SELECT k FROM sbtest2 WHERE k BETWEEN 5077885 AND 5077985
	Index Only Scan using k_2 on sbtest2  (cost=0.43..6.47 rows=102 width=4)
	  Index Cond: ((k >= 5077885) AND (k <= 5077985))

table 3 : explain SELECT k FROM sbtest3 WHERE k BETWEEN 5077885 AND 5077985
	Index Only Scan using k_3 on sbtest3  (cost=0.43..6.56 rows=106 width=4)
	  Index Cond: ((k >= 5077885) AND (k <= 5077985))

table 4 : explain SELECT k FROM sbtest4 WHERE k BETWEEN 5077885 AND 5077985
	Index Only Scan using k_4 on sbtest4  (cost=0.43..6.67 rows=112 width=4)
	  Index Cond: ((k >= 5077885) AND (k <= 5077985))

table 5 : explain SELECT k FROM sbtest5 WHERE k BETWEEN 5077885 AND 5077985
	Index Only Scan using k_5 on sbtest5  (cost=0.43..6.40 rows=98 width=4)
	  Index Cond: ((k >= 5077885) AND (k <= 5077985))

table 6 : explain SELECT k FROM sbtest6 WHERE k BETWEEN 5077885 AND 5077985
	Index Only Scan using k_6 on sbtest6  (cost=0.43..6.37 rows=97 width=4)
	  Index Cond: ((k >= 5077885) AND (k <= 5077985))

table 7 : explain SELECT k FROM sbtest7 WHERE k BETWEEN 5077885 AND 5077985
	Index Only Scan using k_7 on sbtest7  (cost=0.43..6.74 rows=115 width=4)
	  Index Cond: ((k >= 5077885) AND (k <= 5077985))

table 8 : explain SELECT k FROM sbtest8 WHERE k BETWEEN 5077885 AND 5077985
	Index Only Scan using k_8 on sbtest8  (cost=0.43..6.37 rows=97 width=4)
	  Index Cond: ((k >= 5077885) AND (k <= 5077985))

for range-covered
table 1 : explain SELECT k FROM sbtest1 WHERE k BETWEEN 7623080 AND 7623180
	Index Only Scan using k_1 on sbtest1  (cost=0.43..6.45 rows=101 width=4)
	  Index Cond: ((k >= 7623080) AND (k <= 7623180))

table 2 : explain SELECT k FROM sbtest2 WHERE k BETWEEN 7623080 AND 7623180
	Index Only Scan using k_2 on sbtest2  (cost=0.43..6.47 rows=102 width=4)
	  Index Cond: ((k >= 7623080) AND (k <= 7623180))

table 3 : explain SELECT k FROM sbtest3 WHERE k BETWEEN 7623080 AND 7623180
	Index Only Scan using k_3 on sbtest3  (cost=0.43..6.37 rows=97 width=4)
	  Index Cond: ((k >= 7623080) AND (k <= 7623180))

table 4 : explain SELECT k FROM sbtest4 WHERE k BETWEEN 7623080 AND 7623180
	Index Only Scan using k_4 on sbtest4  (cost=0.43..6.61 rows=109 width=4)
	  Index Cond: ((k >= 7623080) AND (k <= 7623180))

table 5 : explain SELECT k FROM sbtest5 WHERE k BETWEEN 7623080 AND 7623180
	Index Only Scan using k_5 on sbtest5  (cost=0.43..6.50 rows=103 width=4)
	  Index Cond: ((k >= 7623080) AND (k <= 7623180))

table 6 : explain SELECT k FROM sbtest6 WHERE k BETWEEN 7623080 AND 7623180
	Index Only Scan using k_6 on sbtest6  (cost=0.43..6.29 rows=93 width=4)
	  Index Cond: ((k >= 7623080) AND (k <= 7623180))

table 7 : explain SELECT k FROM sbtest7 WHERE k BETWEEN 7623080 AND 7623180
	Index Only Scan using k_7 on sbtest7  (cost=0.43..6.43 rows=100 width=4)
	  Index Cond: ((k >= 7623080) AND (k <= 7623180))

table 8 : explain SELECT k FROM sbtest8 WHERE k BETWEEN 7623080 AND 7623180
	Index Only Scan using k_8 on sbtest8  (cost=0.43..6.51 rows=104 width=4)
	  Index Cond: ((k >= 7623080) AND (k <= 7623180))

explain: for range-covered :: explain SELECT k FROM sbtest%d WHERE k BETWEEN 5077885 AND 5077985
explain: for range-covered :: explain SELECT k FROM sbtest%d WHERE k BETWEEN 7623080 AND 7623180
for range-covered
table 1 : explain SELECT k FROM sbtest1 WHERE k BETWEEN 2819120 AND 2819220
	Index Only Scan using k_1 on sbtest1  (cost=0.43..6.45 rows=101 width=4)
	  Index Cond: ((k >= 2819120) AND (k <= 2819220))

table 2 : explain SELECT k FROM sbtest2 WHERE k BETWEEN 2819120 AND 2819220
	Index Only Scan using k_2 on sbtest2  (cost=0.43..6.29 rows=93 width=4)
	  Index Cond: ((k >= 2819120) AND (k <= 2819220))

table 3 : explain SELECT k FROM sbtest3 WHERE k BETWEEN 2819120 AND 2819220
	Index Only Scan using k_3 on sbtest3  (cost=0.43..6.69 rows=113 width=4)
	  Index Cond: ((k >= 2819120) AND (k <= 2819220))

table 4 : explain SELECT k FROM sbtest4 WHERE k BETWEEN 2819120 AND 2819220
	Index Only Scan using k_4 on sbtest4  (cost=0.43..6.50 rows=103 width=4)
	  Index Cond: ((k >= 2819120) AND (k <= 2819220))

table 5 : explain SELECT k FROM sbtest5 WHERE k BETWEEN 2819120 AND 2819220
	Index Only Scan using k_5 on sbtest5  (cost=0.43..6.40 rows=98 width=4)
	  Index Cond: ((k >= 2819120) AND (k <= 2819220))

table 6 : explain SELECT k FROM sbtest6 WHERE k BETWEEN 2819120 AND 2819220
	Index Only Scan using k_6 on sbtest6  (cost=0.43..6.35 rows=96 width=4)
	  Index Cond: ((k >= 2819120) AND (k <= 2819220))

table 7 : explain SELECT k FROM sbtest7 WHERE k BETWEEN 2819120 AND 2819220
	Index Only Scan using k_7 on sbtest7  (cost=0.43..6.53 rows=105 width=4)
	  Index Cond: ((k >= 2819120) AND (k <= 2819220))

table 8 : explain SELECT k FROM sbtest8 WHERE k BETWEEN 2819120 AND 2819220
	Index Only Scan using k_8 on sbtest8  (cost=0.43..6.45 rows=101 width=4)
	  Index Cond: ((k >= 2819120) AND (k <= 2819220))

for range-covered
table 1 : explain SELECT k FROM sbtest1 WHERE k BETWEEN 4583950 AND 4584050
	Index Only Scan using k_1 on sbtest1  (cost=0.43..6.77 rows=117 width=4)
	  Index Cond: ((k >= 4583950) AND (k <= 4584050))

table 2 : explain SELECT k FROM sbtest2 WHERE k BETWEEN 4583950 AND 4584050
	Index Only Scan using k_2 on sbtest2  (cost=0.43..6.79 rows=118 width=4)
	  Index Cond: ((k >= 4583950) AND (k <= 4584050))

table 3 : explain SELECT k FROM sbtest3 WHERE k BETWEEN 4583950 AND 4584050
	Index Only Scan using k_3 on sbtest3  (cost=0.43..6.50 rows=103 width=4)
	  Index Cond: ((k >= 4583950) AND (k <= 4584050))

table 4 : explain SELECT k FROM sbtest4 WHERE k BETWEEN 4583950 AND 4584050
	Index Only Scan using k_4 on sbtest4  (cost=0.43..6.45 rows=101 width=4)
	  Index Cond: ((k >= 4583950) AND (k <= 4584050))

table 5 : explain SELECT k FROM sbtest5 WHERE k BETWEEN 4583950 AND 4584050
	Index Only Scan using k_5 on sbtest5  (cost=0.43..6.61 rows=109 width=4)
	  Index Cond: ((k >= 4583950) AND (k <= 4584050))

table 6 : explain SELECT k FROM sbtest6 WHERE k BETWEEN 4583950 AND 4584050
	Index Only Scan using k_6 on sbtest6  (cost=0.43..6.67 rows=112 width=4)
	  Index Cond: ((k >= 4583950) AND (k <= 4584050))

table 7 : explain SELECT k FROM sbtest7 WHERE k BETWEEN 4583950 AND 4584050
	Index Only Scan using k_7 on sbtest7  (cost=0.43..6.33 rows=95 width=4)
	  Index Cond: ((k >= 4583950) AND (k <= 4584050))

table 8 : explain SELECT k FROM sbtest8 WHERE k BETWEEN 4583950 AND 4584050
	Index Only Scan using k_8 on sbtest8  (cost=0.43..6.40 rows=98 width=4)
	  Index Cond: ((k >= 4583950) AND (k <= 4584050))

for range-covered
table 1 : explain SELECT k FROM sbtest1 WHERE k BETWEEN 9267393 AND 9267493
	Index Only Scan using k_1 on sbtest1  (cost=0.43..6.51 rows=104 width=4)
	  Index Cond: ((k >= 9267393) AND (k <= 9267493))

table 2 : explain SELECT k FROM sbtest2 WHERE k BETWEEN 9267393 AND 9267493
	Index Only Scan using k_2 on sbtest2  (cost=0.43..6.50 rows=103 width=4)
	  Index Cond: ((k >= 9267393) AND (k <= 9267493))

table 3 : explain SELECT k FROM sbtest3 WHERE k BETWEEN 9267393 AND 9267493
	Index Only Scan using k_3 on sbtest3  (cost=0.43..6.37 rows=97 width=4)
	  Index Cond: ((k >= 9267393) AND (k <= 9267493))

table 4 : explain SELECT k FROM sbtest4 WHERE k BETWEEN 9267393 AND 9267493
	Index Only Scan using k_4 on sbtest4  (cost=0.43..6.37 rows=97 width=4)
	  Index Cond: ((k >= 9267393) AND (k <= 9267493))

table 5 : explain SELECT k FROM sbtest5 WHERE k BETWEEN 9267393 AND 9267493
	Index Only Scan using k_5 on sbtest5  (cost=0.43..6.33 rows=95 width=4)
	  Index Cond: ((k >= 9267393) AND (k <= 9267493))

table 6 : explain SELECT k FROM sbtest6 WHERE k BETWEEN 9267393 AND 9267493
	Index Only Scan using k_6 on sbtest6  (cost=0.43..6.47 rows=102 width=4)
	  Index Cond: ((k >= 9267393) AND (k <= 9267493))

table 7 : explain SELECT k FROM sbtest7 WHERE k BETWEEN 9267393 AND 9267493
	Index Only Scan using k_7 on sbtest7  (cost=0.43..6.47 rows=102 width=4)
	  Index Cond: ((k >= 9267393) AND (k <= 9267493))

table 8 : explain SELECT k FROM sbtest8 WHERE k BETWEEN 9267393 AND 9267493
	Index Only Scan using k_8 on sbtest8  (cost=0.43..6.61 rows=109 width=4)
	  Index Cond: ((k >= 9267393) AND (k <= 9267493))

explain: for range-covered :: explain SELECT k FROM sbtest%d WHERE k BETWEEN 4583950 AND 4584050
for range-covered
table 1 : explain SELECT k FROM sbtest1 WHERE k BETWEEN 5077885 AND 5077985
	Index Only Scan using k_1 on sbtest1  (cost=0.43..6.42 rows=99 width=4)
	  Index Cond: ((k >= 5077885) AND (k <= 5077985))

table 2 : explain SELECT k FROM sbtest2 WHERE k BETWEEN 5077885 AND 5077985
	Index Only Scan using k_2 on sbtest2  (cost=0.43..6.47 rows=102 width=4)
	  Index Cond: ((k >= 5077885) AND (k <= 5077985))

table 3 : explain SELECT k FROM sbtest3 WHERE k BETWEEN 5077885 AND 5077985
	Index Only Scan using k_3 on sbtest3  (cost=0.43..6.56 rows=106 width=4)
	  Index Cond: ((k >= 5077885) AND (k <= 5077985))

table 4 : explain SELECT k FROM sbtest4 WHERE k BETWEEN 5077885 AND 5077985
	Index Only Scan using k_4 on sbtest4  (cost=0.43..6.67 rows=112 width=4)
	  Index Cond: ((k >= 5077885) AND (k <= 5077985))

table 5 : explain SELECT k FROM sbtest5 WHERE k BETWEEN 5077885 AND 5077985
	Index Only Scan using k_5 on sbtest5  (cost=0.43..6.40 rows=98 width=4)
	  Index Cond: ((k >= 5077885) AND (k <= 5077985))

table 6 : explain SELECT k FROM sbtest6 WHERE k BETWEEN 5077885 AND 5077985
	Index Only Scan using k_6 on sbtest6  (cost=0.43..6.37 rows=97 width=4)
	  Index Cond: ((k >= 5077885) AND (k <= 5077985))

table 7 : explain SELECT k FROM sbtest7 WHERE k BETWEEN 5077885 AND 5077985
	Index Only Scan using k_7 on sbtest7  (cost=0.43..6.74 rows=115 width=4)
	  Index Cond: ((k >= 5077885) AND (k <= 5077985))

table 8 : explain SELECT k FROM sbtest8 WHERE k BETWEEN 5077885 AND 5077985
	Index Only Scan using k_8 on sbtest8  (cost=0.43..6.37 rows=97 width=4)
	  Index Cond: ((k >= 5077885) AND (k <= 5077985))

for range-covered
table 1 : explain SELECT k FROM sbtest1 WHERE k BETWEEN 7623080 AND 7623180
	Index Only Scan using k_1 on sbtest1  (cost=0.43..6.45 rows=101 width=4)
	  Index Cond: ((k >= 7623080) AND (k <= 7623180))

table 2 : explain SELECT k FROM sbtest2 WHERE k BETWEEN 7623080 AND 7623180
	Index Only Scan using k_2 on sbtest2  (cost=0.43..6.47 rows=102 width=4)
	  Index Cond: ((k >= 7623080) AND (k <= 7623180))

table 3 : explain SELECT k FROM sbtest3 WHERE k BETWEEN 7623080 AND 7623180
	Index Only Scan using k_3 on sbtest3  (cost=0.43..6.37 rows=97 width=4)
	  Index Cond: ((k >= 7623080) AND (k <= 7623180))

table 4 : explain SELECT k FROM sbtest4 WHERE k BETWEEN 7623080 AND 7623180
	Index Only Scan using k_4 on sbtest4  (cost=0.43..6.61 rows=109 width=4)
	  Index Cond: ((k >= 7623080) AND (k <= 7623180))

table 5 : explain SELECT k FROM sbtest5 WHERE k BETWEEN 7623080 AND 7623180
	Index Only Scan using k_5 on sbtest5  (cost=0.43..6.50 rows=103 width=4)
	  Index Cond: ((k >= 7623080) AND (k <= 7623180))

table 6 : explain SELECT k FROM sbtest6 WHERE k BETWEEN 7623080 AND 7623180
	Index Only Scan using k_6 on sbtest6  (cost=0.43..6.29 rows=93 width=4)
	  Index Cond: ((k >= 7623080) AND (k <= 7623180))

table 7 : explain SELECT k FROM sbtest7 WHERE k BETWEEN 7623080 AND 7623180
	Index Only Scan using k_7 on sbtest7  (cost=0.43..6.43 rows=100 width=4)
	  Index Cond: ((k >= 7623080) AND (k <= 7623180))

table 8 : explain SELECT k FROM sbtest8 WHERE k BETWEEN 7623080 AND 7623180
	Index Only Scan using k_8 on sbtest8  (cost=0.43..6.51 rows=104 width=4)
	  Index Cond: ((k >= 7623080) AND (k <= 7623180))

for range-covered
table 1 : explain SELECT k FROM sbtest1 WHERE k BETWEEN 8651134 AND 8651234
	Index Only Scan using k_1 on sbtest1  (cost=0.43..6.43 rows=100 width=4)
	  Index Cond: ((k >= 8651134) AND (k <= 8651234))

table 2 : explain SELECT k FROM sbtest2 WHERE k BETWEEN 8651134 AND 8651234
	Index Only Scan using k_2 on sbtest2  (cost=0.43..6.51 rows=104 width=4)
	  Index Cond: ((k >= 8651134) AND (k <= 8651234))

table 3 : explain SELECT k FROM sbtest3 WHERE k BETWEEN 8651134 AND 8651234
	Index Only Scan using k_3 on sbtest3  (cost=0.43..6.74 rows=115 width=4)
	  Index Cond: ((k >= 8651134) AND (k <= 8651234))

table 4 : explain SELECT k FROM sbtest4 WHERE k BETWEEN 8651134 AND 8651234
	Index Only Scan using k_4 on sbtest4  (cost=0.43..6.53 rows=105 width=4)
	  Index Cond: ((k >= 8651134) AND (k <= 8651234))

table 5 : explain SELECT k FROM sbtest5 WHERE k BETWEEN 8651134 AND 8651234
	Index Only Scan using k_5 on sbtest5  (cost=0.43..6.50 rows=103 width=4)
	  Index Cond: ((k >= 8651134) AND (k <= 8651234))

table 6 : explain SELECT k FROM sbtest6 WHERE k BETWEEN 8651134 AND 8651234
	Index Only Scan using k_6 on sbtest6  (cost=0.43..6.33 rows=95 width=4)
	  Index Cond: ((k >= 8651134) AND (k <= 8651234))

table 7 : explain SELECT k FROM sbtest7 WHERE k BETWEEN 8651134 AND 8651234
	Index Only Scan using k_7 on sbtest7  (cost=0.43..6.59 rows=108 width=4)
	  Index Cond: ((k >= 8651134) AND (k <= 8651234))

table 8 : explain SELECT k FROM sbtest8 WHERE k BETWEEN 8651134 AND 8651234
	Index Only Scan using k_8 on sbtest8  (cost=0.43..6.42 rows=99 width=4)
	  Index Cond: ((k >= 8651134) AND (k <= 8651234))

explain: for range-covered :: explain SELECT k FROM sbtest%d WHERE k BETWEEN 5077885 AND 5077985
explain: for range-covered :: explain SELECT k FROM sbtest%d WHERE k BETWEEN 7623080 AND 7623180
for range-covered
table 1 : explain SELECT k FROM sbtest1 WHERE k BETWEEN 7677367 AND 7677467
	Index Only Scan using k_1 on sbtest1  (cost=0.43..6.45 rows=101 width=4)
	  Index Cond: ((k >= 7677367) AND (k <= 7677467))

table 2 : explain SELECT k FROM sbtest2 WHERE k BETWEEN 7677367 AND 7677467
	Index Only Scan using k_2 on sbtest2  (cost=0.43..6.47 rows=102 width=4)
	  Index Cond: ((k >= 7677367) AND (k <= 7677467))

table 3 : explain SELECT k FROM sbtest3 WHERE k BETWEEN 7677367 AND 7677467
	Index Only Scan using k_3 on sbtest3  (cost=0.43..6.37 rows=97 width=4)
	  Index Cond: ((k >= 7677367) AND (k <= 7677467))

table 4 : explain SELECT k FROM sbtest4 WHERE k BETWEEN 7677367 AND 7677467
	Index Only Scan using k_4 on sbtest4  (cost=0.43..6.61 rows=109 width=4)
	  Index Cond: ((k >= 7677367) AND (k <= 7677467))

table 5 : explain SELECT k FROM sbtest5 WHERE k BETWEEN 7677367 AND 7677467
	Index Only Scan using k_5 on sbtest5  (cost=0.43..6.66 rows=111 width=4)
	  Index Cond: ((k >= 7677367) AND (k <= 7677467))

table 6 : explain SELECT k FROM sbtest6 WHERE k BETWEEN 7677367 AND 7677467
	Index Only Scan using k_6 on sbtest6  (cost=0.43..6.29 rows=93 width=4)
	  Index Cond: ((k >= 7677367) AND (k <= 7677467))

table 7 : explain SELECT k FROM sbtest7 WHERE k BETWEEN 7677367 AND 7677467
	Index Only Scan using k_7 on sbtest7  (cost=0.43..6.45 rows=101 width=4)
	  Index Cond: ((k >= 7677367) AND (k <= 7677467))

table 8 : explain SELECT k FROM sbtest8 WHERE k BETWEEN 7677367 AND 7677467
	Index Only Scan using k_8 on sbtest8  (cost=0.43..6.51 rows=104 width=4)
	  Index Cond: ((k >= 7677367) AND (k <= 7677467))

for range-covered
table 1 : explain SELECT k FROM sbtest1 WHERE k BETWEEN 6920795 AND 6920895
	Index Only Scan using k_1 on sbtest1  (cost=0.43..6.24 rows=90 width=4)
	  Index Cond: ((k >= 6920795) AND (k <= 6920895))

table 2 : explain SELECT k FROM sbtest2 WHERE k BETWEEN 6920795 AND 6920895
	Index Only Scan using k_2 on sbtest2  (cost=0.43..6.59 rows=108 width=4)
	  Index Cond: ((k >= 6920795) AND (k <= 6920895))

table 3 : explain SELECT k FROM sbtest3 WHERE k BETWEEN 6920795 AND 6920895
	Index Only Scan using k_3 on sbtest3  (cost=0.43..6.43 rows=100 width=4)
	  Index Cond: ((k >= 6920795) AND (k <= 6920895))

table 4 : explain SELECT k FROM sbtest4 WHERE k BETWEEN 6920795 AND 6920895
	Index Only Scan using k_4 on sbtest4  (cost=0.43..6.37 rows=97 width=4)
	  Index Cond: ((k >= 6920795) AND (k <= 6920895))

table 5 : explain SELECT k FROM sbtest5 WHERE k BETWEEN 6920795 AND 6920895
	Index Only Scan using k_5 on sbtest5  (cost=0.43..6.40 rows=98 width=4)
	  Index Cond: ((k >= 6920795) AND (k <= 6920895))

table 6 : explain SELECT k FROM sbtest6 WHERE k BETWEEN 6920795 AND 6920895
	Index Only Scan using k_6 on sbtest6  (cost=0.43..6.32 rows=94 width=4)
	  Index Cond: ((k >= 6920795) AND (k <= 6920895))

table 7 : explain SELECT k FROM sbtest7 WHERE k BETWEEN 6920795 AND 6920895
	Index Only Scan using k_7 on sbtest7  (cost=0.43..6.24 rows=90 width=4)
	  Index Cond: ((k >= 6920795) AND (k <= 6920895))

table 8 : explain SELECT k FROM sbtest8 WHERE k BETWEEN 6920795 AND 6920895
	Index Only Scan using k_8 on sbtest8  (cost=0.43..6.24 rows=90 width=4)
	  Index Cond: ((k >= 6920795) AND (k <= 6920895))

explain: for range-covered :: explain SELECT k FROM sbtest%d WHERE k BETWEEN 6920795 AND 6920895
for range-covered
table 1 : explain SELECT k FROM sbtest1 WHERE k BETWEEN 4583950 AND 4584050
	Index Only Scan using k_1 on sbtest1  (cost=0.43..6.77 rows=117 width=4)
	  Index Cond: ((k >= 4583950) AND (k <= 4584050))

table 2 : explain SELECT k FROM sbtest2 WHERE k BETWEEN 4583950 AND 4584050
	Index Only Scan using k_2 on sbtest2  (cost=0.43..6.79 rows=118 width=4)
	  Index Cond: ((k >= 4583950) AND (k <= 4584050))

table 3 : explain SELECT k FROM sbtest3 WHERE k BETWEEN 4583950 AND 4584050
	Index Only Scan using k_3 on sbtest3  (cost=0.43..6.50 rows=103 width=4)
	  Index Cond: ((k >= 4583950) AND (k <= 4584050))

table 4 : explain SELECT k FROM sbtest4 WHERE k BETWEEN 4583950 AND 4584050
	Index Only Scan using k_4 on sbtest4  (cost=0.43..6.45 rows=101 width=4)
	  Index Cond: ((k >= 4583950) AND (k <= 4584050))

table 5 : explain SELECT k FROM sbtest5 WHERE k BETWEEN 4583950 AND 4584050
	Index Only Scan using k_5 on sbtest5  (cost=0.43..6.61 rows=109 width=4)
	  Index Cond: ((k >= 4583950) AND (k <= 4584050))

table 6 : explain SELECT k FROM sbtest6 WHERE k BETWEEN 4583950 AND 4584050
	Index Only Scan using k_6 on sbtest6  (cost=0.43..6.67 rows=112 width=4)
	  Index Cond: ((k >= 4583950) AND (k <= 4584050))

table 7 : explain SELECT k FROM sbtest7 WHERE k BETWEEN 4583950 AND 4584050
	Index Only Scan using k_7 on sbtest7  (cost=0.43..6.33 rows=95 width=4)
	  Index Cond: ((k >= 4583950) AND (k <= 4584050))

table 8 : explain SELECT k FROM sbtest8 WHERE k BETWEEN 4583950 AND 4584050
	Index Only Scan using k_8 on sbtest8  (cost=0.43..6.40 rows=98 width=4)
	  Index Cond: ((k >= 4583950) AND (k <= 4584050))

explain: for range-covered :: explain SELECT k FROM sbtest%d WHERE k BETWEEN 7677367 AND 7677467
explain: for range-covered :: explain SELECT k FROM sbtest%d WHERE k BETWEEN 4583950 AND 4584050
explain: for range-covered :: explain SELECT k FROM sbtest%d WHERE k BETWEEN 3287288 AND 3287388
for range-covered
table 1 : explain SELECT k FROM sbtest1 WHERE k BETWEEN 5077885 AND 5077985
	Index Only Scan using k_1 on sbtest1  (cost=0.43..6.42 rows=99 width=4)
	  Index Cond: ((k >= 5077885) AND (k <= 5077985))

table 2 : explain SELECT k FROM sbtest2 WHERE k BETWEEN 5077885 AND 5077985
	Index Only Scan using k_2 on sbtest2  (cost=0.43..6.47 rows=102 width=4)
	  Index Cond: ((k >= 5077885) AND (k <= 5077985))

table 3 : explain SELECT k FROM sbtest3 WHERE k BETWEEN 5077885 AND 5077985
	Index Only Scan using k_3 on sbtest3  (cost=0.43..6.56 rows=106 width=4)
	  Index Cond: ((k >= 5077885) AND (k <= 5077985))

table 4 : explain SELECT k FROM sbtest4 WHERE k BETWEEN 5077885 AND 5077985
	Index Only Scan using k_4 on sbtest4  (cost=0.43..6.67 rows=112 width=4)
	  Index Cond: ((k >= 5077885) AND (k <= 5077985))

table 5 : explain SELECT k FROM sbtest5 WHERE k BETWEEN 5077885 AND 5077985
	Index Only Scan using k_5 on sbtest5  (cost=0.43..6.40 rows=98 width=4)
	  Index Cond: ((k >= 5077885) AND (k <= 5077985))

table 6 : explain SELECT k FROM sbtest6 WHERE k BETWEEN 5077885 AND 5077985
	Index Only Scan using k_6 on sbtest6  (cost=0.43..6.37 rows=97 width=4)
	  Index Cond: ((k >= 5077885) AND (k <= 5077985))

table 7 : explain SELECT k FROM sbtest7 WHERE k BETWEEN 5077885 AND 5077985
	Index Only Scan using k_7 on sbtest7  (cost=0.43..6.74 rows=115 width=4)
	  Index Cond: ((k >= 5077885) AND (k <= 5077985))

table 8 : explain SELECT k FROM sbtest8 WHERE k BETWEEN 5077885 AND 5077985
	Index Only Scan using k_8 on sbtest8  (cost=0.43..6.37 rows=97 width=4)
	  Index Cond: ((k >= 5077885) AND (k <= 5077985))

for range-covered
table 1 : explain SELECT k FROM sbtest1 WHERE k BETWEEN 7623080 AND 7623180
	Index Only Scan using k_1 on sbtest1  (cost=0.43..6.45 rows=101 width=4)
	  Index Cond: ((k >= 7623080) AND (k <= 7623180))

table 2 : explain SELECT k FROM sbtest2 WHERE k BETWEEN 7623080 AND 7623180
	Index Only Scan using k_2 on sbtest2  (cost=0.43..6.47 rows=102 width=4)
	  Index Cond: ((k >= 7623080) AND (k <= 7623180))

table 3 : explain SELECT k FROM sbtest3 WHERE k BETWEEN 7623080 AND 7623180
	Index Only Scan using k_3 on sbtest3  (cost=0.43..6.37 rows=97 width=4)
	  Index Cond: ((k >= 7623080) AND (k <= 7623180))

table 4 : explain SELECT k FROM sbtest4 WHERE k BETWEEN 7623080 AND 7623180
	Index Only Scan using k_4 on sbtest4  (cost=0.43..6.61 rows=109 width=4)
	  Index Cond: ((k >= 7623080) AND (k <= 7623180))

table 5 : explain SELECT k FROM sbtest5 WHERE k BETWEEN 7623080 AND 7623180
	Index Only Scan using k_5 on sbtest5  (cost=0.43..6.50 rows=103 width=4)
	  Index Cond: ((k >= 7623080) AND (k <= 7623180))

table 6 : explain SELECT k FROM sbtest6 WHERE k BETWEEN 7623080 AND 7623180
	Index Only Scan using k_6 on sbtest6  (cost=0.43..6.29 rows=93 width=4)
	  Index Cond: ((k >= 7623080) AND (k <= 7623180))

table 7 : explain SELECT k FROM sbtest7 WHERE k BETWEEN 7623080 AND 7623180
	Index Only Scan using k_7 on sbtest7  (cost=0.43..6.43 rows=100 width=4)
	  Index Cond: ((k >= 7623080) AND (k <= 7623180))

table 8 : explain SELECT k FROM sbtest8 WHERE k BETWEEN 7623080 AND 7623180
	Index Only Scan using k_8 on sbtest8  (cost=0.43..6.51 rows=104 width=4)
	  Index Cond: ((k >= 7623080) AND (k <= 7623180))

explain: for range-covered :: explain SELECT k FROM sbtest%d WHERE k BETWEEN 5077885 AND 5077985
explain: for range-covered :: explain SELECT k FROM sbtest%d WHERE k BETWEEN 7623080 AND 7623180
for range-covered
table 1 : explain SELECT k FROM sbtest1 WHERE k BETWEEN 6920795 AND 6920895
	Index Only Scan using k_1 on sbtest1  (cost=0.43..6.24 rows=90 width=4)
	  Index Cond: ((k >= 6920795) AND (k <= 6920895))

table 2 : explain SELECT k FROM sbtest2 WHERE k BETWEEN 6920795 AND 6920895
	Index Only Scan using k_2 on sbtest2  (cost=0.43..6.59 rows=108 width=4)
	  Index Cond: ((k >= 6920795) AND (k <= 6920895))

table 3 : explain SELECT k FROM sbtest3 WHERE k BETWEEN 6920795 AND 6920895
	Index Only Scan using k_3 on sbtest3  (cost=0.43..6.43 rows=100 width=4)
	  Index Cond: ((k >= 6920795) AND (k <= 6920895))

table 4 : explain SELECT k FROM sbtest4 WHERE k BETWEEN 6920795 AND 6920895
	Index Only Scan using k_4 on sbtest4  (cost=0.43..6.37 rows=97 width=4)
	  Index Cond: ((k >= 6920795) AND (k <= 6920895))

table 5 : explain SELECT k FROM sbtest5 WHERE k BETWEEN 6920795 AND 6920895
	Index Only Scan using k_5 on sbtest5  (cost=0.43..6.40 rows=98 width=4)
	  Index Cond: ((k >= 6920795) AND (k <= 6920895))

table 6 : explain SELECT k FROM sbtest6 WHERE k BETWEEN 6920795 AND 6920895
	Index Only Scan using k_6 on sbtest6  (cost=0.43..6.32 rows=94 width=4)
	  Index Cond: ((k >= 6920795) AND (k <= 6920895))

table 7 : explain SELECT k FROM sbtest7 WHERE k BETWEEN 6920795 AND 6920895
	Index Only Scan using k_7 on sbtest7  (cost=0.43..6.24 rows=90 width=4)
	  Index Cond: ((k >= 6920795) AND (k <= 6920895))

table 8 : explain SELECT k FROM sbtest8 WHERE k BETWEEN 6920795 AND 6920895
	Index Only Scan using k_8 on sbtest8  (cost=0.43..6.24 rows=90 width=4)
	  Index Cond: ((k >= 6920795) AND (k <= 6920895))

for range-covered
table 1 : explain SELECT k FROM sbtest1 WHERE k BETWEEN 4583950 AND 4584050
	Index Only Scan using k_1 on sbtest1  (cost=0.43..6.77 rows=117 width=4)
	  Index Cond: ((k >= 4583950) AND (k <= 4584050))

table 2 : explain SELECT k FROM sbtest2 WHERE k BETWEEN 4583950 AND 4584050
	Index Only Scan using k_2 on sbtest2  (cost=0.43..6.79 rows=118 width=4)
	  Index Cond: ((k >= 4583950) AND (k <= 4584050))

table 3 : explain SELECT k FROM sbtest3 WHERE k BETWEEN 4583950 AND 4584050
	Index Only Scan using k_3 on sbtest3  (cost=0.43..6.50 rows=103 width=4)
	  Index Cond: ((k >= 4583950) AND (k <= 4584050))

table 4 : explain SELECT k FROM sbtest4 WHERE k BETWEEN 4583950 AND 4584050
	Index Only Scan using k_4 on sbtest4  (cost=0.43..6.45 rows=101 width=4)
	  Index Cond: ((k >= 4583950) AND (k <= 4584050))

table 5 : explain SELECT k FROM sbtest5 WHERE k BETWEEN 4583950 AND 4584050
	Index Only Scan using k_5 on sbtest5  (cost=0.43..6.61 rows=109 width=4)
	  Index Cond: ((k >= 4583950) AND (k <= 4584050))

table 6 : explain SELECT k FROM sbtest6 WHERE k BETWEEN 4583950 AND 4584050
	Index Only Scan using k_6 on sbtest6  (cost=0.43..6.67 rows=112 width=4)
	  Index Cond: ((k >= 4583950) AND (k <= 4584050))

table 7 : explain SELECT k FROM sbtest7 WHERE k BETWEEN 4583950 AND 4584050
	Index Only Scan using k_7 on sbtest7  (cost=0.43..6.33 rows=95 width=4)
	  Index Cond: ((k >= 4583950) AND (k <= 4584050))

table 8 : explain SELECT k FROM sbtest8 WHERE k BETWEEN 4583950 AND 4584050
	Index Only Scan using k_8 on sbtest8  (cost=0.43..6.40 rows=98 width=4)
	  Index Cond: ((k >= 4583950) AND (k <= 4584050))
explain: for range-covered :: explain SELECT k FROM sbtest%d WHERE k BETWEEN 6920795 AND 6920895for range-covered
table 1 : explain SELECT k FROM sbtest1 WHERE k BETWEEN 7677367 AND 7677467
	Index Only Scan using k_1 on sbtest1  (cost=0.43..6.45 rows=101 width=4)
	  Index Cond: ((k >= 7677367) AND (k <= 7677467))

table 2 : explain SELECT k FROM sbtest2 WHERE k BETWEEN 7677367 AND 7677467
	Index Only Scan using k_2 on sbtest2  (cost=0.43..6.47 rows=102 width=4)
	  Index Cond: ((k >= 7677367) AND (k <= 7677467))

table 3 : explain SELECT k FROM sbtest3 WHERE k BETWEEN 7677367 AND 7677467
	Index Only Scan using k_3 on sbtest3  (cost=0.43..6.37 rows=97 width=4)
	  Index Cond: ((k >= 7677367) AND (k <= 7677467))

table 4 : explain SELECT k FROM sbtest4 WHERE k BETWEEN 7677367 AND 7677467
	Index Only Scan using k_4 on sbtest4  (cost=0.43..6.61 rows=109 width=4)
	  Index Cond: ((k >= 7677367) AND (k <= 7677467))

table 5 : explain SELECT k FROM sbtest5 WHERE k BETWEEN 7677367 AND 7677467
	Index Only Scan using k_5 on sbtest5  (cost=0.43..6.66 rows=111 width=4)
	  Index Cond: ((k >= 7677367) AND (k <= 7677467))

table 6 : explain SELECT k FROM sbtest6 WHERE k BETWEEN 7677367 AND 7677467
	Index Only Scan using k_6 on sbtest6  (cost=0.43..6.29 rows=93 width=4)
	  Index Cond: ((k >= 7677367) AND (k <= 7677467))

table 7 : explain SELECT k FROM sbtest7 WHERE k BETWEEN 7677367 AND 7677467
	Index Only Scan using k_7 on sbtest7  (cost=0.43..6.45 rows=101 width=4)
	  Index Cond: ((k >= 7677367) AND (k <= 7677467))

table 8 : explain SELECT k FROM sbtest8 WHERE k BETWEEN 7677367 AND 7677467
	Index Only Scan using k_8 on sbtest8  (cost=0.43..6.51 rows=104 width=4)
	  Index Cond: ((k >= 7677367) AND (k <= 7677467))



explain: for range-covered :: explain SELECT k FROM sbtest%d WHERE k BETWEEN 4583950 AND 4584050
explain: for range-covered :: explain SELECT k FROM sbtest%d WHERE k BETWEEN 7677367 AND 7677467
for range-covered
table 1 : explain SELECT k FROM sbtest1 WHERE k BETWEEN 5077885 AND 5077985
	Index Only Scan using k_1 on sbtest1  (cost=0.43..6.42 rows=99 width=4)
	  Index Cond: ((k >= 5077885) AND (k <= 5077985))

table 2 : explain SELECT k FROM sbtest2 WHERE k BETWEEN 5077885 AND 5077985
	Index Only Scan using k_2 on sbtest2  (cost=0.43..6.47 rows=102 width=4)
	  Index Cond: ((k >= 5077885) AND (k <= 5077985))

table 3 : explain SELECT k FROM sbtest3 WHERE k BETWEEN 5077885 AND 5077985
	Index Only Scan using k_3 on sbtest3  (cost=0.43..6.56 rows=106 width=4)
	  Index Cond: ((k >= 5077885) AND (k <= 5077985))

table 4 : explain SELECT k FROM sbtest4 WHERE k BETWEEN 5077885 AND 5077985
	Index Only Scan using k_4 on sbtest4  (cost=0.43..6.67 rows=112 width=4)
	  Index Cond: ((k >= 5077885) AND (k <= 5077985))

table 5 : explain SELECT k FROM sbtest5 WHERE k BETWEEN 5077885 AND 5077985
	Index Only Scan using k_5 on sbtest5  (cost=0.43..6.40 rows=98 width=4)
	  Index Cond: ((k >= 5077885) AND (k <= 5077985))

table 6 : explain SELECT k FROM sbtest6 WHERE k BETWEEN 5077885 AND 5077985
	Index Only Scan using k_6 on sbtest6  (cost=0.43..6.37 rows=97 width=4)
	  Index Cond: ((k >= 5077885) AND (k <= 5077985))

table 7 : explain SELECT k FROM sbtest7 WHERE k BETWEEN 5077885 AND 5077985
	Index Only Scan using k_7 on sbtest7  (cost=0.43..6.74 rows=115 width=4)
	  Index Cond: ((k >= 5077885) AND (k <= 5077985))

table 8 : explain SELECT k FROM sbtest8 WHERE k BETWEEN 5077885 AND 5077985
	Index Only Scan using k_8 on sbtest8  (cost=0.43..6.37 rows=97 width=4)
	  Index Cond: ((k >= 5077885) AND (k <= 5077985))

for range-covered
table 1 : explain SELECT k FROM sbtest1 WHERE k BETWEEN 7623080 AND 7623180
	Index Only Scan using k_1 on sbtest1  (cost=0.43..6.45 rows=101 width=4)
	  Index Cond: ((k >= 7623080) AND (k <= 7623180))

table 2 : explain SELECT k FROM sbtest2 WHERE k BETWEEN 7623080 AND 7623180
	Index Only Scan using k_2 on sbtest2  (cost=0.43..6.47 rows=102 width=4)
	  Index Cond: ((k >= 7623080) AND (k <= 7623180))

table 3 : explain SELECT k FROM sbtest3 WHERE k BETWEEN 7623080 AND 7623180
	Index Only Scan using k_3 on sbtest3  (cost=0.43..6.37 rows=97 width=4)
	  Index Cond: ((k >= 7623080) AND (k <= 7623180))

table 4 : explain SELECT k FROM sbtest4 WHERE k BETWEEN 7623080 AND 7623180
	Index Only Scan using k_4 on sbtest4  (cost=0.43..6.61 rows=109 width=4)
	  Index Cond: ((k >= 7623080) AND (k <= 7623180))

table 5 : explain SELECT k FROM sbtest5 WHERE k BETWEEN 7623080 AND 7623180
	Index Only Scan using k_5 on sbtest5  (cost=0.43..6.50 rows=103 width=4)
	  Index Cond: ((k >= 7623080) AND (k <= 7623180))

table 6 : explain SELECT k FROM sbtest6 WHERE k BETWEEN 7623080 AND 7623180
	Index Only Scan using k_6 on sbtest6  (cost=0.43..6.29 rows=93 width=4)
	  Index Cond: ((k >= 7623080) AND (k <= 7623180))

table 7 : explain SELECT k FROM sbtest7 WHERE k BETWEEN 7623080 AND 7623180
	Index Only Scan using k_7 on sbtest7  (cost=0.43..6.43 rows=100 width=4)
	  Index Cond: ((k >= 7623080) AND (k <= 7623180))

table 8 : explain SELECT k FROM sbtest8 WHERE k BETWEEN 7623080 AND 7623180
	Index Only Scan using k_8 on sbtest8  (cost=0.43..6.51 rows=104 width=4)
	  Index Cond: ((k >= 7623080) AND (k <= 7623180))

explain: for range-covered :: explain SELECT k FROM sbtest%d WHERE k BETWEEN 5077885 AND 5077985
explain: for range-covered :: explain SELECT k FROM sbtest%d WHERE k BETWEEN 7623080 AND 7623180
for range-covered
table 1 : explain SELECT k FROM sbtest1 WHERE k BETWEEN 4583950 AND 4584050
	Index Only Scan using k_1 on sbtest1  (cost=0.43..6.77 rows=117 width=4)
	  Index Cond: ((k >= 4583950) AND (k <= 4584050))

table 2 : explain SELECT k FROM sbtest2 WHERE k BETWEEN 4583950 AND 4584050
	Index Only Scan using k_2 on sbtest2  (cost=0.43..6.79 rows=118 width=4)
	  Index Cond: ((k >= 4583950) AND (k <= 4584050))

table 3 : explain SELECT k FROM sbtest3 WHERE k BETWEEN 4583950 AND 4584050
	Index Only Scan using k_3 on sbtest3  (cost=0.43..6.50 rows=103 width=4)
	  Index Cond: ((k >= 4583950) AND (k <= 4584050))

table 4 : explain SELECT k FROM sbtest4 WHERE k BETWEEN 4583950 AND 4584050
	Index Only Scan using k_4 on sbtest4  (cost=0.43..6.45 rows=101 width=4)
	  Index Cond: ((k >= 4583950) AND (k <= 4584050))

table 5 : explain SELECT k FROM sbtest5 WHERE k BETWEEN 4583950 AND 4584050
	Index Only Scan using k_5 on sbtest5  (cost=0.43..6.61 rows=109 width=4)
	  Index Cond: ((k >= 4583950) AND (k <= 4584050))

table 6 : explain SELECT k FROM sbtest6 WHERE k BETWEEN 4583950 AND 4584050
	Index Only Scan using k_6 on sbtest6  (cost=0.43..6.67 rows=112 width=4)
	  Index Cond: ((k >= 4583950) AND (k <= 4584050))

table 7 : explain SELECT k FROM sbtest7 WHERE k BETWEEN 4583950 AND 4584050
	Index Only Scan using k_7 on sbtest7  (cost=0.43..6.33 rows=95 width=4)
	  Index Cond: ((k >= 4583950) AND (k <= 4584050))

table 8 : explain SELECT k FROM sbtest8 WHERE k BETWEEN 4583950 AND 4584050
	Index Only Scan using k_8 on sbtest8  (cost=0.43..6.40 rows=98 width=4)
	  Index Cond: ((k >= 4583950) AND (k <= 4584050))

for range-covered
table 1 : explain SELECT k FROM sbtest1 WHERE k BETWEEN 7677367 AND 7677467
	Index Only Scan using k_1 on sbtest1  (cost=0.43..6.45 rows=101 width=4)
	  Index Cond: ((k >= 7677367) AND (k <= 7677467))

table 2 : explain SELECT k FROM sbtest2 WHERE k BETWEEN 7677367 AND 7677467
	Index Only Scan using k_2 on sbtest2  (cost=0.43..6.47 rows=102 width=4)
	  Index Cond: ((k >= 7677367) AND (k <= 7677467))

table 3 : explain SELECT k FROM sbtest3 WHERE k BETWEEN 7677367 AND 7677467
	Index Only Scan using k_3 on sbtest3  (cost=0.43..6.37 rows=97 width=4)
	  Index Cond: ((k >= 7677367) AND (k <= 7677467))

table 4 : explain SELECT k FROM sbtest4 WHERE k BETWEEN 7677367 AND 7677467
	Index Only Scan using k_4 on sbtest4  (cost=0.43..6.61 rows=109 width=4)
	  Index Cond: ((k >= 7677367) AND (k <= 7677467))

table 5 : explain SELECT k FROM sbtest5 WHERE k BETWEEN 7677367 AND 7677467
	Index Only Scan using k_5 on sbtest5  (cost=0.43..6.66 rows=111 width=4)
	  Index Cond: ((k >= 7677367) AND (k <= 7677467))

table 6 : explain SELECT k FROM sbtest6 WHERE k BETWEEN 7677367 AND 7677467
	Index Only Scan using k_6 on sbtest6  (cost=0.43..6.29 rows=93 width=4)
	  Index Cond: ((k >= 7677367) AND (k <= 7677467))

table 7 : explain SELECT k FROM sbtest7 WHERE k BETWEEN 7677367 AND 7677467
	Index Only Scan using k_7 on sbtest7  (cost=0.43..6.45 rows=101 width=4)
	  Index Cond: ((k >= 7677367) AND (k <= 7677467))

table 8 : explain SELECT k FROM sbtest8 WHERE k BETWEEN 7677367 AND 7677467
	Index Only Scan using k_8 on sbtest8  (cost=0.43..6.51 rows=104 width=4)
	  Index Cond: ((k >= 7677367) AND (k <= 7677467))

for range-covered
table 1 : explain SELECT k FROM sbtest1 WHERE k BETWEEN 6920795 AND 6920895
	Index Only Scan using k_1 on sbtest1  (cost=0.43..6.24 rows=90 width=4)
	  Index Cond: ((k >= 6920795) AND (k <= 6920895))

table 2 : explain SELECT k FROM sbtest2 WHERE k BETWEEN 6920795 AND 6920895
	Index Only Scan using k_2 on sbtest2  (cost=0.43..6.59 rows=108 width=4)
	  Index Cond: ((k >= 6920795) AND (k <= 6920895))

table 3 : explain SELECT k FROM sbtest3 WHERE k BETWEEN 6920795 AND 6920895
	Index Only Scan using k_3 on sbtest3  (cost=0.43..6.43 rows=100 width=4)
	  Index Cond: ((k >= 6920795) AND (k <= 6920895))

table 4 : explain SELECT k FROM sbtest4 WHERE k BETWEEN 6920795 AND 6920895
	Index Only Scan using k_4 on sbtest4  (cost=0.43..6.37 rows=97 width=4)
	  Index Cond: ((k >= 6920795) AND (k <= 6920895))

table 5 : explain SELECT k FROM sbtest5 WHERE k BETWEEN 6920795 AND 6920895
	Index Only Scan using k_5 on sbtest5  (cost=0.43..6.40 rows=98 width=4)
	  Index Cond: ((k >= 6920795) AND (k <= 6920895))

table 6 : explain SELECT k FROM sbtest6 WHERE k BETWEEN 6920795 AND 6920895
	Index Only Scan using k_6 on sbtest6  (cost=0.43..6.32 rows=94 width=4)
	  Index Cond: ((k >= 6920795) AND (k <= 6920895))

table 7 : explain SELECT k FROM sbtest7 WHERE k BETWEEN 6920795 AND 6920895
	Index Only Scan using k_7 on sbtest7  (cost=0.43..6.24 rows=90 width=4)
	  Index Cond: ((k >= 6920795) AND (k <= 6920895))

table 8 : explain SELECT k FROM sbtest8 WHERE k BETWEEN 6920795 AND 6920895
	Index Only Scan using k_8 on sbtest8  (cost=0.43..6.24 rows=90 width=4)
	  Index Cond: ((k >= 6920795) AND (k <= 6920895))

explain: for range-covered :: explain SELECT k FROM sbtest%d WHERE k BETWEEN 7677367 AND 7677467
explain: for range-covered :: explain SELECT k FROM sbtest%d WHERE k BETWEEN 6920795 AND 6920895
for range-covered
table 1 : explain SELECT k FROM sbtest1 WHERE k BETWEEN 5077885 AND 5077985
	Index Only Scan using k_1 on sbtest1  (cost=0.43..6.42 rows=99 width=4)
	  Index Cond: ((k >= 5077885) AND (k <= 5077985))

table 2 : explain SELECT k FROM sbtest2 WHERE k BETWEEN 5077885 AND 5077985
	Index Only Scan using k_2 on sbtest2  (cost=0.43..6.47 rows=102 width=4)
	  Index Cond: ((k >= 5077885) AND (k <= 5077985))

table 3 : explain SELECT k FROM sbtest3 WHERE k BETWEEN 5077885 AND 5077985
	Index Only Scan using k_3 on sbtest3  (cost=0.43..6.56 rows=106 width=4)
	  Index Cond: ((k >= 5077885) AND (k <= 5077985))

table 4 : explain SELECT k FROM sbtest4 WHERE k BETWEEN 5077885 AND 5077985
	Index Only Scan using k_4 on sbtest4  (cost=0.43..6.67 rows=112 width=4)
	  Index Cond: ((k >= 5077885) AND (k <= 5077985))

table 5 : explain SELECT k FROM sbtest5 WHERE k BETWEEN 5077885 AND 5077985
	Index Only Scan using k_5 on sbtest5  (cost=0.43..6.40 rows=98 width=4)
	  Index Cond: ((k >= 5077885) AND (k <= 5077985))

table 6 : explain SELECT k FROM sbtest6 WHERE k BETWEEN 5077885 AND 5077985
	Index Only Scan using k_6 on sbtest6  (cost=0.43..6.37 rows=97 width=4)
	  Index Cond: ((k >= 5077885) AND (k <= 5077985))

table 7 : explain SELECT k FROM sbtest7 WHERE k BETWEEN 5077885 AND 5077985
	Index Only Scan using k_7 on sbtest7  (cost=0.43..6.74 rows=115 width=4)
	  Index Cond: ((k >= 5077885) AND (k <= 5077985))

table 8 : explain SELECT k FROM sbtest8 WHERE k BETWEEN 5077885 AND 5077985
	Index Only Scan using k_8 on sbtest8  (cost=0.43..6.37 rows=97 width=4)
	  Index Cond: ((k >= 5077885) AND (k <= 5077985))

for range-covered
table 1 : explain SELECT k FROM sbtest1 WHERE k BETWEEN 7623080 AND 7623180
	Index Only Scan using k_1 on sbtest1  (cost=0.43..6.45 rows=101 width=4)
	  Index Cond: ((k >= 7623080) AND (k <= 7623180))

table 2 : explain SELECT k FROM sbtest2 WHERE k BETWEEN 7623080 AND 7623180
	Index Only Scan using k_2 on sbtest2  (cost=0.43..6.47 rows=102 width=4)
	  Index Cond: ((k >= 7623080) AND (k <= 7623180))

table 3 : explain SELECT k FROM sbtest3 WHERE k BETWEEN 7623080 AND 7623180
	Index Only Scan using k_3 on sbtest3  (cost=0.43..6.37 rows=97 width=4)
	  Index Cond: ((k >= 7623080) AND (k <= 7623180))

table 4 : explain SELECT k FROM sbtest4 WHERE k BETWEEN 7623080 AND 7623180
	Index Only Scan using k_4 on sbtest4  (cost=0.43..6.61 rows=109 width=4)
	  Index Cond: ((k >= 7623080) AND (k <= 7623180))

table 5 : explain SELECT k FROM sbtest5 WHERE k BETWEEN 7623080 AND 7623180
	Index Only Scan using k_5 on sbtest5  (cost=0.43..6.50 rows=103 width=4)
	  Index Cond: ((k >= 7623080) AND (k <= 7623180))

table 6 : explain SELECT k FROM sbtest6 WHERE k BETWEEN 7623080 AND 7623180
	Index Only Scan using k_6 on sbtest6  (cost=0.43..6.29 rows=93 width=4)
	  Index Cond: ((k >= 7623080) AND (k <= 7623180))

table 7 : explain SELECT k FROM sbtest7 WHERE k BETWEEN 7623080 AND 7623180
	Index Only Scan using k_7 on sbtest7  (cost=0.43..6.43 rows=100 width=4)
	  Index Cond: ((k >= 7623080) AND (k <= 7623180))

table 8 : explain SELECT k FROM sbtest8 WHERE k BETWEEN 7623080 AND 7623180
	Index Only Scan using k_8 on sbtest8  (cost=0.43..6.51 rows=104 width=4)
	  Index Cond: ((k >= 7623080) AND (k <= 7623180))

explain: for range-covered :: explain SELECT k FROM sbtest%d WHERE k BETWEEN 5077885 AND 5077985
explain: for range-covered :: explain SELECT k FROM sbtest%d WHERE k BETWEEN 7623080 AND 7623180
explain: for range-covered :: explain SELECT k FROM sbtest%d WHERE k BETWEEN 7432001 AND 7432101
for range-covered
table 1 : explain SELECT k FROM sbtest1 WHERE k BETWEEN 6920795 AND 6920895
	Index Only Scan using k_1 on sbtest1  (cost=0.43..6.24 rows=90 width=4)
	  Index Cond: ((k >= 6920795) AND (k <= 6920895))

table 2 : explain SELECT k FROM sbtest2 WHERE k BETWEEN 6920795 AND 6920895
	Index Only Scan using k_2 on sbtest2  (cost=0.43..6.59 rows=108 width=4)
	  Index Cond: ((k >= 6920795) AND (k <= 6920895))

table 3 : explain SELECT k FROM sbtest3 WHERE k BETWEEN 6920795 AND 6920895
	Index Only Scan using k_3 on sbtest3  (cost=0.43..6.43 rows=100 width=4)
	  Index Cond: ((k >= 6920795) AND (k <= 6920895))

table 4 : explain SELECT k FROM sbtest4 WHERE k BETWEEN 6920795 AND 6920895
	Index Only Scan using k_4 on sbtest4  (cost=0.43..6.37 rows=97 width=4)
	  Index Cond: ((k >= 6920795) AND (k <= 6920895))

table 5 : explain SELECT k FROM sbtest5 WHERE k BETWEEN 6920795 AND 6920895
	Index Only Scan using k_5 on sbtest5  (cost=0.43..6.40 rows=98 width=4)
	  Index Cond: ((k >= 6920795) AND (k <= 6920895))

table 6 : explain SELECT k FROM sbtest6 WHERE k BETWEEN 6920795 AND 6920895
	Index Only Scan using k_6 on sbtest6  (cost=0.43..6.32 rows=94 width=4)
	  Index Cond: ((k >= 6920795) AND (k <= 6920895))

table 7 : explain SELECT k FROM sbtest7 WHERE k BETWEEN 6920795 AND 6920895
	Index Only Scan using k_7 on sbtest7  (cost=0.43..6.24 rows=90 width=4)
	  Index Cond: ((k >= 6920795) AND (k <= 6920895))

table 8 : explain SELECT k FROM sbtest8 WHERE k BETWEEN 6920795 AND 6920895
	Index Only Scan using k_8 on sbtest8  (cost=0.43..6.24 rows=90 width=4)
	  Index Cond: ((k >= 6920795) AND (k <= 6920895))

for range-covered
table 1 : explain SELECT k FROM sbtest1 WHERE k BETWEEN 7677367 AND 7677467
	Index Only Scan using k_1 on sbtest1  (cost=0.43..6.45 rows=101 width=4)
	  Index Cond: ((k >= 7677367) AND (k <= 7677467))

table 2 : explain SELECT k FROM sbtest2 WHERE k BETWEEN 7677367 AND 7677467
	Index Only Scan using k_2 on sbtest2  (cost=0.43..6.47 rows=102 width=4)
	  Index Cond: ((k >= 7677367) AND (k <= 7677467))

table 3 : explain SELECT k FROM sbtest3 WHERE k BETWEEN 7677367 AND 7677467
	Index Only Scan using k_3 on sbtest3  (cost=0.43..6.37 rows=97 width=4)
	  Index Cond: ((k >= 7677367) AND (k <= 7677467))

table 4 : explain SELECT k FROM sbtest4 WHERE k BETWEEN 7677367 AND 7677467
	Index Only Scan using k_4 on sbtest4  (cost=0.43..6.61 rows=109 width=4)
	  Index Cond: ((k >= 7677367) AND (k <= 7677467))

table 5 : explain SELECT k FROM sbtest5 WHERE k BETWEEN 7677367 AND 7677467
	Index Only Scan using k_5 on sbtest5  (cost=0.43..6.66 rows=111 width=4)
	  Index Cond: ((k >= 7677367) AND (k <= 7677467))

table 6 : explain SELECT k FROM sbtest6 WHERE k BETWEEN 7677367 AND 7677467
	Index Only Scan using k_6 on sbtest6  (cost=0.43..6.29 rows=93 width=4)
	  Index Cond: ((k >= 7677367) AND (k <= 7677467))

table 7 : explain SELECT k FROM sbtest7 WHERE k BETWEEN 7677367 AND 7677467
	Index Only Scan using k_7 on sbtest7  (cost=0.43..6.45 rows=101 width=4)
	  Index Cond: ((k >= 7677367) AND (k <= 7677467))

table 8 : explain SELECT k FROM sbtest8 WHERE k BETWEEN 7677367 AND 7677467
	Index Only Scan using k_8 on sbtest8  (cost=0.43..6.51 rows=104 width=4)
	  Index Cond: ((k >= 7677367) AND (k <= 7677467))

explain: for range-covered :: explain SELECT k FROM sbtest%d WHERE k BETWEEN 6920795 AND 6920895
explain: for range-covered :: explain SELECT k FROM sbtest%d WHERE k BETWEEN 7677367 AND 7677467
for range-covered
table 1 : explain SELECT k FROM sbtest1 WHERE k BETWEEN 7623080 AND 7623180
	Index Only Scan using k_1 on sbtest1  (cost=0.43..6.45 rows=101 width=4)
	  Index Cond: ((k >= 7623080) AND (k <= 7623180))

table 2 : explain SELECT k FROM sbtest2 WHERE k BETWEEN 7623080 AND 7623180
	Index Only Scan using k_2 on sbtest2  (cost=0.43..6.47 rows=102 width=4)
	  Index Cond: ((k >= 7623080) AND (k <= 7623180))

table 3 : explain SELECT k FROM sbtest3 WHERE k BETWEEN 7623080 AND 7623180
	Index Only Scan using k_3 on sbtest3  (cost=0.43..6.37 rows=97 width=4)
	  Index Cond: ((k >= 7623080) AND (k <= 7623180))

table 4 : explain SELECT k FROM sbtest4 WHERE k BETWEEN 7623080 AND 7623180
	Index Only Scan using k_4 on sbtest4  (cost=0.43..6.61 rows=109 width=4)
	  Index Cond: ((k >= 7623080) AND (k <= 7623180))

table 5 : explain SELECT k FROM sbtest5 WHERE k BETWEEN 7623080 AND 7623180
	Index Only Scan using k_5 on sbtest5  (cost=0.43..6.50 rows=103 width=4)
	  Index Cond: ((k >= 7623080) AND (k <= 7623180))

table 6 : explain SELECT k FROM sbtest6 WHERE k BETWEEN 7623080 AND 7623180
	Index Only Scan using k_6 on sbtest6  (cost=0.43..6.29 rows=93 width=4)
	  Index Cond: ((k >= 7623080) AND (k <= 7623180))

table 7 : explain SELECT k FROM sbtest7 WHERE k BETWEEN 7623080 AND 7623180
	Index Only Scan using k_7 on sbtest7  (cost=0.43..6.43 rows=100 width=4)
	  Index Cond: ((k >= 7623080) AND (k <= 7623180))

table 8 : explain SELECT k FROM sbtest8 WHERE k BETWEEN 7623080 AND 7623180
	Index Only Scan using k_8 on sbtest8  (cost=0.43..6.51 rows=104 width=4)
	  Index Cond: ((k >= 7623080) AND (k <= 7623180))

for range-covered
table 1 : explain SELECT k FROM sbtest1 WHERE k BETWEEN 5077885 AND 5077985
	Index Only Scan using k_1 on sbtest1  (cost=0.43..6.42 rows=99 width=4)
	  Index Cond: ((k >= 5077885) AND (k <= 5077985))

table 2 : explain SELECT k FROM sbtest2 WHERE k BETWEEN 5077885 AND 5077985
	Index Only Scan using k_2 on sbtest2  (cost=0.43..6.47 rows=102 width=4)
	  Index Cond: ((k >= 5077885) AND (k <= 5077985))

table 3 : explain SELECT k FROM sbtest3 WHERE k BETWEEN 5077885 AND 5077985
	Index Only Scan using k_3 on sbtest3  (cost=0.43..6.56 rows=106 width=4)
	  Index Cond: ((k >= 5077885) AND (k <= 5077985))

table 4 : explain SELECT k FROM sbtest4 WHERE k BETWEEN 5077885 AND 5077985
	Index Only Scan using k_4 on sbtest4  (cost=0.43..6.67 rows=112 width=4)
	  Index Cond: ((k >= 5077885) AND (k <= 5077985))

table 5 : explain SELECT k FROM sbtest5 WHERE k BETWEEN 5077885 AND 5077985
	Index Only Scan using k_5 on sbtest5  (cost=0.43..6.40 rows=98 width=4)
	  Index Cond: ((k >= 5077885) AND (k <= 5077985))

table 6 : explain SELECT k FROM sbtest6 WHERE k BETWEEN 5077885 AND 5077985
	Index Only Scan using k_6 on sbtest6  (cost=0.43..6.37 rows=97 width=4)
	  Index Cond: ((k >= 5077885) AND (k <= 5077985))

table 7 : explain SELECT k FROM sbtest7 WHERE k BETWEEN 5077885 AND 5077985
	Index Only Scan using k_7 on sbtest7  (cost=0.43..6.74 rows=115 width=4)
	  Index Cond: ((k >= 5077885) AND (k <= 5077985))

table 8 : explain SELECT k FROM sbtest8 WHERE k BETWEEN 5077885 AND 5077985
	Index Only Scan using k_8 on sbtest8  (cost=0.43..6.37 rows=97 width=4)
	  Index Cond: ((k >= 5077885) AND (k <= 5077985))

explain: for range-covered :: explain SELECT k FROM sbtest%d WHERE k BETWEEN 7623080 AND 7623180
explain: for range-covered :: explain SELECT k FROM sbtest%d WHERE k BETWEEN 5077885 AND 5077985
for range-covered
table 1 : explain SELECT k FROM sbtest1 WHERE k BETWEEN 7677367 AND 7677467
	Index Only Scan using k_1 on sbtest1  (cost=0.43..6.45 rows=101 width=4)
	  Index Cond: ((k >= 7677367) AND (k <= 7677467))

table 2 : explain SELECT k FROM sbtest2 WHERE k BETWEEN 7677367 AND 7677467
	Index Only Scan using k_2 on sbtest2  (cost=0.43..6.47 rows=102 width=4)
	  Index Cond: ((k >= 7677367) AND (k <= 7677467))

table 3 : explain SELECT k FROM sbtest3 WHERE k BETWEEN 7677367 AND 7677467
	Index Only Scan using k_3 on sbtest3  (cost=0.43..6.37 rows=97 width=4)
	  Index Cond: ((k >= 7677367) AND (k <= 7677467))

table 4 : explain SELECT k FROM sbtest4 WHERE k BETWEEN 7677367 AND 7677467
	Index Only Scan using k_4 on sbtest4  (cost=0.43..6.61 rows=109 width=4)
	  Index Cond: ((k >= 7677367) AND (k <= 7677467))

table 5 : explain SELECT k FROM sbtest5 WHERE k BETWEEN 7677367 AND 7677467
	Index Only Scan using k_5 on sbtest5  (cost=0.43..6.66 rows=111 width=4)
	  Index Cond: ((k >= 7677367) AND (k <= 7677467))

table 6 : explain SELECT k FROM sbtest6 WHERE k BETWEEN 7677367 AND 7677467
	Index Only Scan using k_6 on sbtest6  (cost=0.43..6.29 rows=93 width=4)
	  Index Cond: ((k >= 7677367) AND (k <= 7677467))

table 7 : explain SELECT k FROM sbtest7 WHERE k BETWEEN 7677367 AND 7677467
	Index Only Scan using k_7 on sbtest7  (cost=0.43..6.45 rows=101 width=4)
	  Index Cond: ((k >= 7677367) AND (k <= 7677467))

table 8 : explain SELECT k FROM sbtest8 WHERE k BETWEEN 7677367 AND 7677467
	Index Only Scan using k_8 on sbtest8  (cost=0.43..6.51 rows=104 width=4)
	  Index Cond: ((k >= 7677367) AND (k <= 7677467))

explain: for range-covered :: explain SELECT k FROM sbtest%d WHERE k BETWEEN 7677367 AND 7677467
for range-covered
table 1 : explain SELECT k FROM sbtest1 WHERE k BETWEEN 6920795 AND 6920895
	Index Only Scan using k_1 on sbtest1  (cost=0.43..6.24 rows=90 width=4)
	  Index Cond: ((k >= 6920795) AND (k <= 6920895))

table 2 : explain SELECT k FROM sbtest2 WHERE k BETWEEN 6920795 AND 6920895
	Index Only Scan using k_2 on sbtest2  (cost=0.43..6.59 rows=108 width=4)
	  Index Cond: ((k >= 6920795) AND (k <= 6920895))

table 3 : explain SELECT k FROM sbtest3 WHERE k BETWEEN 6920795 AND 6920895
	Index Only Scan using k_3 on sbtest3  (cost=0.43..6.43 rows=100 width=4)
	  Index Cond: ((k >= 6920795) AND (k <= 6920895))

table 4 : explain SELECT k FROM sbtest4 WHERE k BETWEEN 6920795 AND 6920895
	Index Only Scan using k_4 on sbtest4  (cost=0.43..6.37 rows=97 width=4)
	  Index Cond: ((k >= 6920795) AND (k <= 6920895))

table 5 : explain SELECT k FROM sbtest5 WHERE k BETWEEN 6920795 AND 6920895
	Index Only Scan using k_5 on sbtest5  (cost=0.43..6.40 rows=98 width=4)
	  Index Cond: ((k >= 6920795) AND (k <= 6920895))

table 6 : explain SELECT k FROM sbtest6 WHERE k BETWEEN 6920795 AND 6920895
	Index Only Scan using k_6 on sbtest6  (cost=0.43..6.32 rows=94 width=4)
	  Index Cond: ((k >= 6920795) AND (k <= 6920895))

table 7 : explain SELECT k FROM sbtest7 WHERE k BETWEEN 6920795 AND 6920895
	Index Only Scan using k_7 on sbtest7  (cost=0.43..6.24 rows=90 width=4)
	  Index Cond: ((k >= 6920795) AND (k <= 6920895))

table 8 : explain SELECT k FROM sbtest8 WHERE k BETWEEN 6920795 AND 6920895
	Index Only Scan using k_8 on sbtest8  (cost=0.43..6.24 rows=90 width=4)
	  Index Cond: ((k >= 6920795) AND (k <= 6920895))

explain: for range-covered :: explain SELECT k FROM sbtest%d WHERE k BETWEEN 5677341 AND 5677441
explain: for range-covered :: explain SELECT k FROM sbtest%d WHERE k BETWEEN 6920795 AND 6920895
for range-covered
table 1 : explain SELECT k FROM sbtest1 WHERE k BETWEEN 7623080 AND 7623180
	Index Only Scan using k_1 on sbtest1  (cost=0.43..6.45 rows=101 width=4)
	  Index Cond: ((k >= 7623080) AND (k <= 7623180))

table 2 : explain SELECT k FROM sbtest2 WHERE k BETWEEN 7623080 AND 7623180
	Index Only Scan using k_2 on sbtest2  (cost=0.43..6.47 rows=102 width=4)
	  Index Cond: ((k >= 7623080) AND (k <= 7623180))

table 3 : explain SELECT k FROM sbtest3 WHERE k BETWEEN 7623080 AND 7623180
	Index Only Scan using k_3 on sbtest3  (cost=0.43..6.37 rows=97 width=4)
	  Index Cond: ((k >= 7623080) AND (k <= 7623180))

table 4 : explain SELECT k FROM sbtest4 WHERE k BETWEEN 7623080 AND 7623180
	Index Only Scan using k_4 on sbtest4  (cost=0.43..6.61 rows=109 width=4)
	  Index Cond: ((k >= 7623080) AND (k <= 7623180))

table 5 : explain SELECT k FROM sbtest5 WHERE k BETWEEN 7623080 AND 7623180
	Index Only Scan using k_5 on sbtest5  (cost=0.43..6.50 rows=103 width=4)
	  Index Cond: ((k >= 7623080) AND (k <= 7623180))

table 6 : explain SELECT k FROM sbtest6 WHERE k BETWEEN 7623080 AND 7623180
	Index Only Scan using k_6 on sbtest6  (cost=0.43..6.29 rows=93 width=4)
	  Index Cond: ((k >= 7623080) AND (k <= 7623180))

table 7 : explain SELECT k FROM sbtest7 WHERE k BETWEEN 7623080 AND 7623180
	Index Only Scan using k_7 on sbtest7  (cost=0.43..6.43 rows=100 width=4)
	  Index Cond: ((k >= 7623080) AND (k <= 7623180))

table 8 : explain SELECT k FROM sbtest8 WHERE k BETWEEN 7623080 AND 7623180
	Index Only Scan using k_8 on sbtest8  (cost=0.43..6.51 rows=104 width=4)
	  Index Cond: ((k >= 7623080) AND (k <= 7623180))

explain: for range-covered :: explain SELECT k FROM sbtest%d WHERE k BETWEEN 7623080 AND 7623180
explain: for range-covered :: explain SELECT k FROM sbtest%d WHERE k BETWEEN 3858665 AND 3858765
for range-covered
table 1 : explain SELECT k FROM sbtest1 WHERE k BETWEEN 7677367 AND 7677467
	Index Only Scan using k_1 on sbtest1  (cost=0.43..6.45 rows=101 width=4)
	  Index Cond: ((k >= 7677367) AND (k <= 7677467))

table 2 : explain SELECT k FROM sbtest2 WHERE k BETWEEN 7677367 AND 7677467
	Index Only Scan using k_2 on sbtest2  (cost=0.43..6.47 rows=102 width=4)
	  Index Cond: ((k >= 7677367) AND (k <= 7677467))

table 3 : explain SELECT k FROM sbtest3 WHERE k BETWEEN 7677367 AND 7677467
	Index Only Scan using k_3 on sbtest3  (cost=0.43..6.37 rows=97 width=4)
	  Index Cond: ((k >= 7677367) AND (k <= 7677467))

table 4 : explain SELECT k FROM sbtest4 WHERE k BETWEEN 7677367 AND 7677467
	Index Only Scan using k_4 on sbtest4  (cost=0.43..6.61 rows=109 width=4)
	  Index Cond: ((k >= 7677367) AND (k <= 7677467))

table 5 : explain SELECT k FROM sbtest5 WHERE k BETWEEN 7677367 AND 7677467
	Index Only Scan using k_5 on sbtest5  (cost=0.43..6.66 rows=111 width=4)
	  Index Cond: ((k >= 7677367) AND (k <= 7677467))

table 6 : explain SELECT k FROM sbtest6 WHERE k BETWEEN 7677367 AND 7677467
	Index Only Scan using k_6 on sbtest6  (cost=0.43..6.29 rows=93 width=4)
	  Index Cond: ((k >= 7677367) AND (k <= 7677467))

table 7 : explain SELECT k FROM sbtest7 WHERE k BETWEEN 7677367 AND 7677467
	Index Only Scan using k_7 on sbtest7  (cost=0.43..6.45 rows=101 width=4)
	  Index Cond: ((k >= 7677367) AND (k <= 7677467))

table 8 : explain SELECT k FROM sbtest8 WHERE k BETWEEN 7677367 AND 7677467
	Index Only Scan using k_8 on sbtest8  (cost=0.43..6.51 rows=104 width=4)
	  Index Cond: ((k >= 7677367) AND (k <= 7677467))

explain: for range-covered :: explain SELECT k FROM sbtest%d WHERE k BETWEEN 7677367 AND 7677467
for range-covered
table 1 : explain SELECT k FROM sbtest1 WHERE k BETWEEN 6920795 AND 6920895
	Index Only Scan using k_1 on sbtest1  (cost=0.43..6.24 rows=90 width=4)
	  Index Cond: ((k >= 6920795) AND (k <= 6920895))

table 2 : explain SELECT k FROM sbtest2 WHERE k BETWEEN 6920795 AND 6920895
	Index Only Scan using k_2 on sbtest2  (cost=0.43..6.59 rows=108 width=4)
	  Index Cond: ((k >= 6920795) AND (k <= 6920895))

table 3 : explain SELECT k FROM sbtest3 WHERE k BETWEEN 6920795 AND 6920895
	Index Only Scan using k_3 on sbtest3  (cost=0.43..6.43 rows=100 width=4)
	  Index Cond: ((k >= 6920795) AND (k <= 6920895))

table 4 : explain SELECT k FROM sbtest4 WHERE k BETWEEN 6920795 AND 6920895
	Index Only Scan using k_4 on sbtest4  (cost=0.43..6.37 rows=97 width=4)
	  Index Cond: ((k >= 6920795) AND (k <= 6920895))

table 5 : explain SELECT k FROM sbtest5 WHERE k BETWEEN 6920795 AND 6920895
	Index Only Scan using k_5 on sbtest5  (cost=0.43..6.40 rows=98 width=4)
	  Index Cond: ((k >= 6920795) AND (k <= 6920895))

table 6 : explain SELECT k FROM sbtest6 WHERE k BETWEEN 6920795 AND 6920895
	Index Only Scan using k_6 on sbtest6  (cost=0.43..6.32 rows=94 width=4)
	  Index Cond: ((k >= 6920795) AND (k <= 6920895))

table 7 : explain SELECT k FROM sbtest7 WHERE k BETWEEN 6920795 AND 6920895
	Index Only Scan using k_7 on sbtest7  (cost=0.43..6.24 rows=90 width=4)
	  Index Cond: ((k >= 6920795) AND (k <= 6920895))

table 8 : explain SELECT k FROM sbtest8 WHERE k BETWEEN 6920795 AND 6920895
	Index Only Scan using k_8 on sbtest8  (cost=0.43..6.24 rows=90 width=4)
	  Index Cond: ((k >= 6920795) AND (k <= 6920895))

explain: for range-covered :: explain SELECT k FROM sbtest%d WHERE k BETWEEN 6920795 AND 6920895
for range-covered
table 1 : explain SELECT k FROM sbtest1 WHERE k BETWEEN 7623080 AND 7623180
	Index Only Scan using k_1 on sbtest1  (cost=0.43..6.45 rows=101 width=4)
	  Index Cond: ((k >= 7623080) AND (k <= 7623180))

table 2 : explain SELECT k FROM sbtest2 WHERE k BETWEEN 7623080 AND 7623180
	Index Only Scan using k_2 on sbtest2  (cost=0.43..6.47 rows=102 width=4)
	  Index Cond: ((k >= 7623080) AND (k <= 7623180))

table 3 : explain SELECT k FROM sbtest3 WHERE k BETWEEN 7623080 AND 7623180
	Index Only Scan using k_3 on sbtest3  (cost=0.43..6.37 rows=97 width=4)
	  Index Cond: ((k >= 7623080) AND (k <= 7623180))

table 4 : explain SELECT k FROM sbtest4 WHERE k BETWEEN 7623080 AND 7623180
	Index Only Scan using k_4 on sbtest4  (cost=0.43..6.61 rows=109 width=4)
	  Index Cond: ((k >= 7623080) AND (k <= 7623180))

table 5 : explain SELECT k FROM sbtest5 WHERE k BETWEEN 7623080 AND 7623180
	Index Only Scan using k_5 on sbtest5  (cost=0.43..6.50 rows=103 width=4)
	  Index Cond: ((k >= 7623080) AND (k <= 7623180))

table 6 : explain SELECT k FROM sbtest6 WHERE k BETWEEN 7623080 AND 7623180
	Index Only Scan using k_6 on sbtest6  (cost=0.43..6.29 rows=93 width=4)
	  Index Cond: ((k >= 7623080) AND (k <= 7623180))

table 7 : explain SELECT k FROM sbtest7 WHERE k BETWEEN 7623080 AND 7623180
	Index Only Scan using k_7 on sbtest7  (cost=0.43..6.43 rows=100 width=4)
	  Index Cond: ((k >= 7623080) AND (k <= 7623180))

table 8 : explain SELECT k FROM sbtest8 WHERE k BETWEEN 7623080 AND 7623180
	Index Only Scan using k_8 on sbtest8  (cost=0.43..6.51 rows=104 width=4)
	  Index Cond: ((k >= 7623080) AND (k <= 7623180))

for range-covered
table 1 : explain SELECT k FROM sbtest1 WHERE k BETWEEN 7432001 AND 7432101
	Index Only Scan using k_1 on sbtest1  (cost=0.43..6.42 rows=99 width=4)
	  Index Cond: ((k >= 7432001) AND (k <= 7432101))

table 2 : explain SELECT k FROM sbtest2 WHERE k BETWEEN 7432001 AND 7432101
	Index Only Scan using k_2 on sbtest2  (cost=0.43..6.33 rows=95 width=4)
	  Index Cond: ((k >= 7432001) AND (k <= 7432101))

table 3 : explain SELECT k FROM sbtest3 WHERE k BETWEEN 7432001 AND 7432101
	Index Only Scan using k_3 on sbtest3  (cost=0.43..6.45 rows=101 width=4)
	  Index Cond: ((k >= 7432001) AND (k <= 7432101))

table 4 : explain SELECT k FROM sbtest4 WHERE k BETWEEN 7432001 AND 7432101
	Index Only Scan using k_4 on sbtest4  (cost=0.43..6.50 rows=103 width=4)
	  Index Cond: ((k >= 7432001) AND (k <= 7432101))

table 5 : explain SELECT k FROM sbtest5 WHERE k BETWEEN 7432001 AND 7432101
	Index Only Scan using k_5 on sbtest5  (cost=0.43..6.69 rows=113 width=4)
	  Index Cond: ((k >= 7432001) AND (k <= 7432101))

table 6 : explain SELECT k FROM sbtest6 WHERE k BETWEEN 7432001 AND 7432101
	Index Only Scan using k_6 on sbtest6  (cost=0.43..6.43 rows=100 width=4)
	  Index Cond: ((k >= 7432001) AND (k <= 7432101))

table 7 : explain SELECT k FROM sbtest7 WHERE k BETWEEN 7432001 AND 7432101
	Index Only Scan using k_7 on sbtest7  (cost=0.43..6.53 rows=105 width=4)
	  Index Cond: ((k >= 7432001) AND (k <= 7432101))

table 8 : explain SELECT k FROM sbtest8 WHERE k BETWEEN 7432001 AND 7432101
	Index Only Scan using k_8 on sbtest8  (cost=0.43..6.47 rows=102 width=4)
	  Index Cond: ((k >= 7432001) AND (k <= 7432101))

explain: for range-covered :: explain SELECT k FROM sbtest%d WHERE k BETWEEN 7432001 AND 7432101
for range-covered
table 1 : explain SELECT k FROM sbtest1 WHERE k BETWEEN 7677367 AND 7677467
	Index Only Scan using k_1 on sbtest1  (cost=0.43..6.45 rows=101 width=4)
	  Index Cond: ((k >= 7677367) AND (k <= 7677467))

table 2 : explain SELECT k FROM sbtest2 WHERE k BETWEEN 7677367 AND 7677467
	Index Only Scan using k_2 on sbtest2  (cost=0.43..6.47 rows=102 width=4)
	  Index Cond: ((k >= 7677367) AND (k <= 7677467))

table 3 : explain SELECT k FROM sbtest3 WHERE k BETWEEN 7677367 AND 7677467
	Index Only Scan using k_3 on sbtest3  (cost=0.43..6.37 rows=97 width=4)
	  Index Cond: ((k >= 7677367) AND (k <= 7677467))

table 4 : explain SELECT k FROM sbtest4 WHERE k BETWEEN 7677367 AND 7677467
	Index Only Scan using k_4 on sbtest4  (cost=0.43..6.61 rows=109 width=4)
	  Index Cond: ((k >= 7677367) AND (k <= 7677467))

table 5 : explain SELECT k FROM sbtest5 WHERE k BETWEEN 7677367 AND 7677467
	Index Only Scan using k_5 on sbtest5  (cost=0.43..6.66 rows=111 width=4)
	  Index Cond: ((k >= 7677367) AND (k <= 7677467))

table 6 : explain SELECT k FROM sbtest6 WHERE k BETWEEN 7677367 AND 7677467
	Index Only Scan using k_6 on sbtest6  (cost=0.43..6.29 rows=93 width=4)
	  Index Cond: ((k >= 7677367) AND (k <= 7677467))

table 7 : explain SELECT k FROM sbtest7 WHERE k BETWEEN 7677367 AND 7677467
	Index Only Scan using k_7 on sbtest7  (cost=0.43..6.45 rows=101 width=4)
	  Index Cond: ((k >= 7677367) AND (k <= 7677467))

table 8 : explain SELECT k FROM sbtest8 WHERE k BETWEEN 7677367 AND 7677467
	Index Only Scan using k_8 on sbtest8  (cost=0.43..6.51 rows=104 width=4)
	  Index Cond: ((k >= 7677367) AND (k <= 7677467))

for range-covered
table 1 : explain SELECT k FROM sbtest1 WHERE k BETWEEN 6920795 AND 6920895
	Index Only Scan using k_1 on sbtest1  (cost=0.43..6.24 rows=90 width=4)
	  Index Cond: ((k >= 6920795) AND (k <= 6920895))

table 2 : explain SELECT k FROM sbtest2 WHERE k BETWEEN 6920795 AND 6920895
	Index Only Scan using k_2 on sbtest2  (cost=0.43..6.59 rows=108 width=4)
	  Index Cond: ((k >= 6920795) AND (k <= 6920895))

table 3 : explain SELECT k FROM sbtest3 WHERE k BETWEEN 6920795 AND 6920895
	Index Only Scan using k_3 on sbtest3  (cost=0.43..6.43 rows=100 width=4)
	  Index Cond: ((k >= 6920795) AND (k <= 6920895))

table 4 : explain SELECT k FROM sbtest4 WHERE k BETWEEN 6920795 AND 6920895
	Index Only Scan using k_4 on sbtest4  (cost=0.43..6.37 rows=97 width=4)
	  Index Cond: ((k >= 6920795) AND (k <= 6920895))

table 5 : explain SELECT k FROM sbtest5 WHERE k BETWEEN 6920795 AND 6920895
	Index Only Scan using k_5 on sbtest5  (cost=0.43..6.40 rows=98 width=4)
	  Index Cond: ((k >= 6920795) AND (k <= 6920895))

table 6 : explain SELECT k FROM sbtest6 WHERE k BETWEEN 6920795 AND 6920895
	Index Only Scan using k_6 on sbtest6  (cost=0.43..6.32 rows=94 width=4)
	  Index Cond: ((k >= 6920795) AND (k <= 6920895))

table 7 : explain SELECT k FROM sbtest7 WHERE k BETWEEN 6920795 AND 6920895
	Index Only Scan using k_7 on sbtest7  (cost=0.43..6.24 rows=90 width=4)
	  Index Cond: ((k >= 6920795) AND (k <= 6920895))

table 8 : explain SELECT k FROM sbtest8 WHERE k BETWEEN 6920795 AND 6920895
	Index Only Scan using k_8 on sbtest8  (cost=0.43..6.24 rows=90 width=4)
	  Index Cond: ((k >= 6920795) AND (k <= 6920895))

explain: for range-covered :: explain SELECT k FROM sbtest%d WHERE k BETWEEN 6920795 AND 6920895
for range-covered
table 1 : explain SELECT k FROM sbtest1 WHERE k BETWEEN 5077885 AND 5077985
	Index Only Scan using k_1 on sbtest1  (cost=0.43..6.42 rows=99 width=4)
	  Index Cond: ((k >= 5077885) AND (k <= 5077985))

table 2 : explain SELECT k FROM sbtest2 WHERE k BETWEEN 5077885 AND 5077985
	Index Only Scan using k_2 on sbtest2  (cost=0.43..6.47 rows=102 width=4)
	  Index Cond: ((k >= 5077885) AND (k <= 5077985))

table 3 : explain SELECT k FROM sbtest3 WHERE k BETWEEN 5077885 AND 5077985
	Index Only Scan using k_3 on sbtest3  (cost=0.43..6.56 rows=106 width=4)
	  Index Cond: ((k >= 5077885) AND (k <= 5077985))

table 4 : explain SELECT k FROM sbtest4 WHERE k BETWEEN 5077885 AND 5077985
	Index Only Scan using k_4 on sbtest4  (cost=0.43..6.67 rows=112 width=4)
	  Index Cond: ((k >= 5077885) AND (k <= 5077985))

table 5 : explain SELECT k FROM sbtest5 WHERE k BETWEEN 5077885 AND 5077985
	Index Only Scan using k_5 on sbtest5  (cost=0.43..6.40 rows=98 width=4)
	  Index Cond: ((k >= 5077885) AND (k <= 5077985))

table 6 : explain SELECT k FROM sbtest6 WHERE k BETWEEN 5077885 AND 5077985
	Index Only Scan using k_6 on sbtest6  (cost=0.43..6.37 rows=97 width=4)
	  Index Cond: ((k >= 5077885) AND (k <= 5077985))

table 7 : explain SELECT k FROM sbtest7 WHERE k BETWEEN 5077885 AND 5077985
	Index Only Scan using k_7 on sbtest7  (cost=0.43..6.74 rows=115 width=4)
	  Index Cond: ((k >= 5077885) AND (k <= 5077985))

table 8 : explain SELECT k FROM sbtest8 WHERE k BETWEEN 5077885 AND 5077985
	Index Only Scan using k_8 on sbtest8  (cost=0.43..6.37 rows=97 width=4)
	  Index Cond: ((k >= 5077885) AND (k <= 5077985))

explain: for range-covered :: explain SELECT k FROM sbtest%d WHERE k BETWEEN 5077885 AND 5077985
for range-covered
table 1 : explain SELECT k FROM sbtest1 WHERE k BETWEEN 7432001 AND 7432101
	Index Only Scan using k_1 on sbtest1  (cost=0.43..6.42 rows=99 width=4)
	  Index Cond: ((k >= 7432001) AND (k <= 7432101))

table 2 : explain SELECT k FROM sbtest2 WHERE k BETWEEN 7432001 AND 7432101
	Index Only Scan using k_2 on sbtest2  (cost=0.43..6.33 rows=95 width=4)
	  Index Cond: ((k >= 7432001) AND (k <= 7432101))

table 3 : explain SELECT k FROM sbtest3 WHERE k BETWEEN 7432001 AND 7432101
	Index Only Scan using k_3 on sbtest3  (cost=0.43..6.45 rows=101 width=4)
	  Index Cond: ((k >= 7432001) AND (k <= 7432101))

table 4 : explain SELECT k FROM sbtest4 WHERE k BETWEEN 7432001 AND 7432101
	Index Only Scan using k_4 on sbtest4  (cost=0.43..6.50 rows=103 width=4)
	  Index Cond: ((k >= 7432001) AND (k <= 7432101))

table 5 : explain SELECT k FROM sbtest5 WHERE k BETWEEN 7432001 AND 7432101
	Index Only Scan using k_5 on sbtest5  (cost=0.43..6.69 rows=113 width=4)
	  Index Cond: ((k >= 7432001) AND (k <= 7432101))

table 6 : explain SELECT k FROM sbtest6 WHERE k BETWEEN 7432001 AND 7432101
	Index Only Scan using k_6 on sbtest6  (cost=0.43..6.43 rows=100 width=4)
	  Index Cond: ((k >= 7432001) AND (k <= 7432101))

table 7 : explain SELECT k FROM sbtest7 WHERE k BETWEEN 7432001 AND 7432101
	Index Only Scan using k_7 on sbtest7  (cost=0.43..6.53 rows=105 width=4)
	  Index Cond: ((k >= 7432001) AND (k <= 7432101))

table 8 : explain SELECT k FROM sbtest8 WHERE k BETWEEN 7432001 AND 7432101
	Index Only Scan using k_8 on sbtest8  (cost=0.43..6.47 rows=102 width=4)
	  Index Cond: ((k >= 7432001) AND (k <= 7432101))

explain: for range-covered :: explain SELECT k FROM sbtest%d WHERE k BETWEEN 7432001 AND 7432101
for range-covered
table 1 : explain SELECT k FROM sbtest1 WHERE k BETWEEN 6920795 AND 6920895
	Index Only Scan using k_1 on sbtest1  (cost=0.43..6.24 rows=90 width=4)
	  Index Cond: ((k >= 6920795) AND (k <= 6920895))

table 2 : explain SELECT k FROM sbtest2 WHERE k BETWEEN 6920795 AND 6920895
	Index Only Scan using k_2 on sbtest2  (cost=0.43..6.59 rows=108 width=4)
	  Index Cond: ((k >= 6920795) AND (k <= 6920895))

table 3 : explain SELECT k FROM sbtest3 WHERE k BETWEEN 6920795 AND 6920895
	Index Only Scan using k_3 on sbtest3  (cost=0.43..6.43 rows=100 width=4)
	  Index Cond: ((k >= 6920795) AND (k <= 6920895))

table 4 : explain SELECT k FROM sbtest4 WHERE k BETWEEN 6920795 AND 6920895
	Index Only Scan using k_4 on sbtest4  (cost=0.43..6.37 rows=97 width=4)
	  Index Cond: ((k >= 6920795) AND (k <= 6920895))

table 5 : explain SELECT k FROM sbtest5 WHERE k BETWEEN 6920795 AND 6920895
	Index Only Scan using k_5 on sbtest5  (cost=0.43..6.40 rows=98 width=4)
	  Index Cond: ((k >= 6920795) AND (k <= 6920895))

table 6 : explain SELECT k FROM sbtest6 WHERE k BETWEEN 6920795 AND 6920895
	Index Only Scan using k_6 on sbtest6  (cost=0.43..6.32 rows=94 width=4)
	  Index Cond: ((k >= 6920795) AND (k <= 6920895))

table 7 : explain SELECT k FROM sbtest7 WHERE k BETWEEN 6920795 AND 6920895
	Index Only Scan using k_7 on sbtest7  (cost=0.43..6.24 rows=90 width=4)
	  Index Cond: ((k >= 6920795) AND (k <= 6920895))

table 8 : explain SELECT k FROM sbtest8 WHERE k BETWEEN 6920795 AND 6920895
	Index Only Scan using k_8 on sbtest8  (cost=0.43..6.24 rows=90 width=4)
	  Index Cond: ((k >= 6920795) AND (k <= 6920895))

for range-covered
table 1 : explain SELECT k FROM sbtest1 WHERE k BETWEEN 5677341 AND 5677441
	Index Only Scan using k_1 on sbtest1  (cost=0.43..6.50 rows=103 width=4)
	  Index Cond: ((k >= 5677341) AND (k <= 5677441))

table 2 : explain SELECT k FROM sbtest2 WHERE k BETWEEN 5677341 AND 5677441
	Index Only Scan using k_2 on sbtest2  (cost=0.43..6.45 rows=101 width=4)
	  Index Cond: ((k >= 5677341) AND (k <= 5677441))

table 3 : explain SELECT k FROM sbtest3 WHERE k BETWEEN 5677341 AND 5677441
	Index Only Scan using k_3 on sbtest3  (cost=0.43..6.45 rows=101 width=4)
	  Index Cond: ((k >= 5677341) AND (k <= 5677441))

table 4 : explain SELECT k FROM sbtest4 WHERE k BETWEEN 5677341 AND 5677441
	Index Only Scan using k_4 on sbtest4  (cost=0.43..6.63 rows=110 width=4)
	  Index Cond: ((k >= 5677341) AND (k <= 5677441))

table 5 : explain SELECT k FROM sbtest5 WHERE k BETWEEN 5677341 AND 5677441
	Index Only Scan using k_5 on sbtest5  (cost=0.43..6.25 rows=91 width=4)
	  Index Cond: ((k >= 5677341) AND (k <= 5677441))

table 6 : explain SELECT k FROM sbtest6 WHERE k BETWEEN 5677341 AND 5677441
	Index Only Scan using k_6 on sbtest6  (cost=0.43..6.51 rows=104 width=4)
	  Index Cond: ((k >= 5677341) AND (k <= 5677441))

table 7 : explain SELECT k FROM sbtest7 WHERE k BETWEEN 5677341 AND 5677441
	Index Only Scan using k_7 on sbtest7  (cost=0.43..6.50 rows=103 width=4)
	  Index Cond: ((k >= 5677341) AND (k <= 5677441))

table 8 : explain SELECT k FROM sbtest8 WHERE k BETWEEN 5677341 AND 5677441
	Index Only Scan using k_8 on sbtest8  (cost=0.43..6.66 rows=111 width=4)
	  Index Cond: ((k >= 5677341) AND (k <= 5677441))

explain: for range-covered :: explain SELECT k FROM sbtest%d WHERE k BETWEEN 5677341 AND 5677441
for range-covered
table 1 : explain SELECT k FROM sbtest1 WHERE k BETWEEN 5077885 AND 5077985
	Index Only Scan using k_1 on sbtest1  (cost=0.43..6.42 rows=99 width=4)
	  Index Cond: ((k >= 5077885) AND (k <= 5077985))

table 2 : explain SELECT k FROM sbtest2 WHERE k BETWEEN 5077885 AND 5077985
	Index Only Scan using k_2 on sbtest2  (cost=0.43..6.47 rows=102 width=4)
	  Index Cond: ((k >= 5077885) AND (k <= 5077985))

table 3 : explain SELECT k FROM sbtest3 WHERE k BETWEEN 5077885 AND 5077985
	Index Only Scan using k_3 on sbtest3  (cost=0.43..6.56 rows=106 width=4)
	  Index Cond: ((k >= 5077885) AND (k <= 5077985))

table 4 : explain SELECT k FROM sbtest4 WHERE k BETWEEN 5077885 AND 5077985
	Index Only Scan using k_4 on sbtest4  (cost=0.43..6.67 rows=112 width=4)
	  Index Cond: ((k >= 5077885) AND (k <= 5077985))

table 5 : explain SELECT k FROM sbtest5 WHERE k BETWEEN 5077885 AND 5077985
	Index Only Scan using k_5 on sbtest5  (cost=0.43..6.40 rows=98 width=4)
	  Index Cond: ((k >= 5077885) AND (k <= 5077985))

table 6 : explain SELECT k FROM sbtest6 WHERE k BETWEEN 5077885 AND 5077985
	Index Only Scan using k_6 on sbtest6  (cost=0.43..6.37 rows=97 width=4)
	  Index Cond: ((k >= 5077885) AND (k <= 5077985))

table 7 : explain SELECT k FROM sbtest7 WHERE k BETWEEN 5077885 AND 5077985
	Index Only Scan using k_7 on sbtest7  (cost=0.43..6.74 rows=115 width=4)
	  Index Cond: ((k >= 5077885) AND (k <= 5077985))

table 8 : explain SELECT k FROM sbtest8 WHERE k BETWEEN 5077885 AND 5077985
	Index Only Scan using k_8 on sbtest8  (cost=0.43..6.37 rows=97 width=4)
	  Index Cond: ((k >= 5077885) AND (k <= 5077985))

for range-covered
table 1 : explain SELECT k FROM sbtest1 WHERE k BETWEEN 7432001 AND 7432101
	Index Only Scan using k_1 on sbtest1  (cost=0.43..6.42 rows=99 width=4)
	  Index Cond: ((k >= 7432001) AND (k <= 7432101))

table 2 : explain SELECT k FROM sbtest2 WHERE k BETWEEN 7432001 AND 7432101
	Index Only Scan using k_2 on sbtest2  (cost=0.43..6.33 rows=95 width=4)
	  Index Cond: ((k >= 7432001) AND (k <= 7432101))

table 3 : explain SELECT k FROM sbtest3 WHERE k BETWEEN 7432001 AND 7432101
	Index Only Scan using k_3 on sbtest3  (cost=0.43..6.45 rows=101 width=4)
	  Index Cond: ((k >= 7432001) AND (k <= 7432101))

table 4 : explain SELECT k FROM sbtest4 WHERE k BETWEEN 7432001 AND 7432101
	Index Only Scan using k_4 on sbtest4  (cost=0.43..6.50 rows=103 width=4)
	  Index Cond: ((k >= 7432001) AND (k <= 7432101))

table 5 : explain SELECT k FROM sbtest5 WHERE k BETWEEN 7432001 AND 7432101
	Index Only Scan using k_5 on sbtest5  (cost=0.43..6.69 rows=113 width=4)
	  Index Cond: ((k >= 7432001) AND (k <= 7432101))

table 6 : explain SELECT k FROM sbtest6 WHERE k BETWEEN 7432001 AND 7432101
	Index Only Scan using k_6 on sbtest6  (cost=0.43..6.43 rows=100 width=4)
	  Index Cond: ((k >= 7432001) AND (k <= 7432101))

table 7 : explain SELECT k FROM sbtest7 WHERE k BETWEEN 7432001 AND 7432101
	Index Only Scan using k_7 on sbtest7  (cost=0.43..6.53 rows=105 width=4)
	  Index Cond: ((k >= 7432001) AND (k <= 7432101))

table 8 : explain SELECT k FROM sbtest8 WHERE k BETWEEN 7432001 AND 7432101
	Index Only Scan using k_8 on sbtest8  (cost=0.43..6.47 rows=102 width=4)
	  Index Cond: ((k >= 7432001) AND (k <= 7432101))

explain: for range-covered :: explain SELECT k FROM sbtest%d WHERE k BETWEEN 7432001 AND 7432101
for range-covered
table 1 : explain SELECT k FROM sbtest1 WHERE k BETWEEN 3858665 AND 3858765
	Index Only Scan using k_1 on sbtest1  (cost=0.43..6.50 rows=103 width=4)
	  Index Cond: ((k >= 3858665) AND (k <= 3858765))

table 2 : explain SELECT k FROM sbtest2 WHERE k BETWEEN 3858665 AND 3858765
	Index Only Scan using k_2 on sbtest2  (cost=0.43..6.63 rows=110 width=4)
	  Index Cond: ((k >= 3858665) AND (k <= 3858765))

table 3 : explain SELECT k FROM sbtest3 WHERE k BETWEEN 3858665 AND 3858765
	Index Only Scan using k_3 on sbtest3  (cost=0.43..6.42 rows=99 width=4)
	  Index Cond: ((k >= 3858665) AND (k <= 3858765))

table 4 : explain SELECT k FROM sbtest4 WHERE k BETWEEN 3858665 AND 3858765
	Index Only Scan using k_4 on sbtest4  (cost=0.43..6.58 rows=107 width=4)
	  Index Cond: ((k >= 3858665) AND (k <= 3858765))

table 5 : explain SELECT k FROM sbtest5 WHERE k BETWEEN 3858665 AND 3858765
	Index Only Scan using k_5 on sbtest5  (cost=0.43..6.37 rows=97 width=4)
	  Index Cond: ((k >= 3858665) AND (k <= 3858765))

table 6 : explain SELECT k FROM sbtest6 WHERE k BETWEEN 3858665 AND 3858765
	Index Only Scan using k_6 on sbtest6  (cost=0.43..6.29 rows=93 width=4)
	  Index Cond: ((k >= 3858665) AND (k <= 3858765))

table 7 : explain SELECT k FROM sbtest7 WHERE k BETWEEN 3858665 AND 3858765
	Index Only Scan using k_7 on sbtest7  (cost=0.43..6.32 rows=94 width=4)
	  Index Cond: ((k >= 3858665) AND (k <= 3858765))

table 8 : explain SELECT k FROM sbtest8 WHERE k BETWEEN 3858665 AND 3858765
	Index Only Scan using k_8 on sbtest8  (cost=0.43..6.40 rows=98 width=4)
	  Index Cond: ((k >= 3858665) AND (k <= 3858765))

explain: for range-covered :: explain SELECT k FROM sbtest%d WHERE k BETWEEN 3858665 AND 3858765
for range-covered
table 1 : explain SELECT k FROM sbtest1 WHERE k BETWEEN 5677341 AND 5677441
	Index Only Scan using k_1 on sbtest1  (cost=0.43..6.50 rows=103 width=4)
	  Index Cond: ((k >= 5677341) AND (k <= 5677441))

table 2 : explain SELECT k FROM sbtest2 WHERE k BETWEEN 5677341 AND 5677441
	Index Only Scan using k_2 on sbtest2  (cost=0.43..6.45 rows=101 width=4)
	  Index Cond: ((k >= 5677341) AND (k <= 5677441))

table 3 : explain SELECT k FROM sbtest3 WHERE k BETWEEN 5677341 AND 5677441
	Index Only Scan using k_3 on sbtest3  (cost=0.43..6.45 rows=101 width=4)
	  Index Cond: ((k >= 5677341) AND (k <= 5677441))

table 4 : explain SELECT k FROM sbtest4 WHERE k BETWEEN 5677341 AND 5677441
	Index Only Scan using k_4 on sbtest4  (cost=0.43..6.63 rows=110 width=4)
	  Index Cond: ((k >= 5677341) AND (k <= 5677441))

table 5 : explain SELECT k FROM sbtest5 WHERE k BETWEEN 5677341 AND 5677441
	Index Only Scan using k_5 on sbtest5  (cost=0.43..6.25 rows=91 width=4)
	  Index Cond: ((k >= 5677341) AND (k <= 5677441))

table 6 : explain SELECT k FROM sbtest6 WHERE k BETWEEN 5677341 AND 5677441
	Index Only Scan using k_6 on sbtest6  (cost=0.43..6.51 rows=104 width=4)
	  Index Cond: ((k >= 5677341) AND (k <= 5677441))

table 7 : explain SELECT k FROM sbtest7 WHERE k BETWEEN 5677341 AND 5677441
	Index Only Scan using k_7 on sbtest7  (cost=0.43..6.50 rows=103 width=4)
	  Index Cond: ((k >= 5677341) AND (k <= 5677441))

table 8 : explain SELECT k FROM sbtest8 WHERE k BETWEEN 5677341 AND 5677441
	Index Only Scan using k_8 on sbtest8  (cost=0.43..6.66 rows=111 width=4)
	  Index Cond: ((k >= 5677341) AND (k <= 5677441))

explain: for range-covered :: explain SELECT k FROM sbtest%d WHERE k BETWEEN 5677341 AND 5677441
for range-covered
table 1 : explain SELECT k FROM sbtest1 WHERE k BETWEEN 7432001 AND 7432101
	Index Only Scan using k_1 on sbtest1  (cost=0.43..6.42 rows=99 width=4)
	  Index Cond: ((k >= 7432001) AND (k <= 7432101))

table 2 : explain SELECT k FROM sbtest2 WHERE k BETWEEN 7432001 AND 7432101
	Index Only Scan using k_2 on sbtest2  (cost=0.43..6.33 rows=95 width=4)
	  Index Cond: ((k >= 7432001) AND (k <= 7432101))

table 3 : explain SELECT k FROM sbtest3 WHERE k BETWEEN 7432001 AND 7432101
	Index Only Scan using k_3 on sbtest3  (cost=0.43..6.45 rows=101 width=4)
	  Index Cond: ((k >= 7432001) AND (k <= 7432101))

table 4 : explain SELECT k FROM sbtest4 WHERE k BETWEEN 7432001 AND 7432101
	Index Only Scan using k_4 on sbtest4  (cost=0.43..6.50 rows=103 width=4)
	  Index Cond: ((k >= 7432001) AND (k <= 7432101))

table 5 : explain SELECT k FROM sbtest5 WHERE k BETWEEN 7432001 AND 7432101
	Index Only Scan using k_5 on sbtest5  (cost=0.43..6.69 rows=113 width=4)
	  Index Cond: ((k >= 7432001) AND (k <= 7432101))

table 6 : explain SELECT k FROM sbtest6 WHERE k BETWEEN 7432001 AND 7432101
	Index Only Scan using k_6 on sbtest6  (cost=0.43..6.43 rows=100 width=4)
	  Index Cond: ((k >= 7432001) AND (k <= 7432101))

table 7 : explain SELECT k FROM sbtest7 WHERE k BETWEEN 7432001 AND 7432101
	Index Only Scan using k_7 on sbtest7  (cost=0.43..6.53 rows=105 width=4)
	  Index Cond: ((k >= 7432001) AND (k <= 7432101))

table 8 : explain SELECT k FROM sbtest8 WHERE k BETWEEN 7432001 AND 7432101
	Index Only Scan using k_8 on sbtest8  (cost=0.43..6.47 rows=102 width=4)
	  Index Cond: ((k >= 7432001) AND (k <= 7432101))

explain: for range-covered :: explain SELECT k FROM sbtest%d WHERE k BETWEEN 7432001 AND 7432101
for range-covered
table 1 : explain SELECT k FROM sbtest1 WHERE k BETWEEN 3858665 AND 3858765
	Index Only Scan using k_1 on sbtest1  (cost=0.43..6.50 rows=103 width=4)
	  Index Cond: ((k >= 3858665) AND (k <= 3858765))

table 2 : explain SELECT k FROM sbtest2 WHERE k BETWEEN 3858665 AND 3858765
	Index Only Scan using k_2 on sbtest2  (cost=0.43..6.63 rows=110 width=4)
	  Index Cond: ((k >= 3858665) AND (k <= 3858765))

table 3 : explain SELECT k FROM sbtest3 WHERE k BETWEEN 3858665 AND 3858765
	Index Only Scan using k_3 on sbtest3  (cost=0.43..6.42 rows=99 width=4)
	  Index Cond: ((k >= 3858665) AND (k <= 3858765))

table 4 : explain SELECT k FROM sbtest4 WHERE k BETWEEN 3858665 AND 3858765
	Index Only Scan using k_4 on sbtest4  (cost=0.43..6.58 rows=107 width=4)
	  Index Cond: ((k >= 3858665) AND (k <= 3858765))

table 5 : explain SELECT k FROM sbtest5 WHERE k BETWEEN 3858665 AND 3858765
	Index Only Scan using k_5 on sbtest5  (cost=0.43..6.37 rows=97 width=4)
	  Index Cond: ((k >= 3858665) AND (k <= 3858765))

table 6 : explain SELECT k FROM sbtest6 WHERE k BETWEEN 3858665 AND 3858765
	Index Only Scan using k_6 on sbtest6  (cost=0.43..6.29 rows=93 width=4)
	  Index Cond: ((k >= 3858665) AND (k <= 3858765))

table 7 : explain SELECT k FROM sbtest7 WHERE k BETWEEN 3858665 AND 3858765
	Index Only Scan using k_7 on sbtest7  (cost=0.43..6.32 rows=94 width=4)
	  Index Cond: ((k >= 3858665) AND (k <= 3858765))

table 8 : explain SELECT k FROM sbtest8 WHERE k BETWEEN 3858665 AND 3858765
	Index Only Scan using k_8 on sbtest8  (cost=0.43..6.40 rows=98 width=4)
	  Index Cond: ((k >= 3858665) AND (k <= 3858765))

explain: for range-covered :: explain SELECT k FROM sbtest%d WHERE k BETWEEN 3858665 AND 3858765
for range-covered
table 1 : explain SELECT k FROM sbtest1 WHERE k BETWEEN 5677341 AND 5677441
	Index Only Scan using k_1 on sbtest1  (cost=0.43..6.50 rows=103 width=4)
	  Index Cond: ((k >= 5677341) AND (k <= 5677441))

table 2 : explain SELECT k FROM sbtest2 WHERE k BETWEEN 5677341 AND 5677441
	Index Only Scan using k_2 on sbtest2  (cost=0.43..6.45 rows=101 width=4)
	  Index Cond: ((k >= 5677341) AND (k <= 5677441))

table 3 : explain SELECT k FROM sbtest3 WHERE k BETWEEN 5677341 AND 5677441
	Index Only Scan using k_3 on sbtest3  (cost=0.43..6.45 rows=101 width=4)
	  Index Cond: ((k >= 5677341) AND (k <= 5677441))

table 4 : explain SELECT k FROM sbtest4 WHERE k BETWEEN 5677341 AND 5677441
	Index Only Scan using k_4 on sbtest4  (cost=0.43..6.63 rows=110 width=4)
	  Index Cond: ((k >= 5677341) AND (k <= 5677441))

table 5 : explain SELECT k FROM sbtest5 WHERE k BETWEEN 5677341 AND 5677441
	Index Only Scan using k_5 on sbtest5  (cost=0.43..6.25 rows=91 width=4)
	  Index Cond: ((k >= 5677341) AND (k <= 5677441))

table 6 : explain SELECT k FROM sbtest6 WHERE k BETWEEN 5677341 AND 5677441
	Index Only Scan using k_6 on sbtest6  (cost=0.43..6.51 rows=104 width=4)
	  Index Cond: ((k >= 5677341) AND (k <= 5677441))

table 7 : explain SELECT k FROM sbtest7 WHERE k BETWEEN 5677341 AND 5677441
	Index Only Scan using k_7 on sbtest7  (cost=0.43..6.50 rows=103 width=4)
	  Index Cond: ((k >= 5677341) AND (k <= 5677441))

table 8 : explain SELECT k FROM sbtest8 WHERE k BETWEEN 5677341 AND 5677441
	Index Only Scan using k_8 on sbtest8  (cost=0.43..6.66 rows=111 width=4)
	  Index Cond: ((k >= 5677341) AND (k <= 5677441))

explain: for range-covered :: explain SELECT k FROM sbtest%d WHERE k BETWEEN 3991360 AND 3991460
explain: for range-covered :: explain SELECT k FROM sbtest%d WHERE k BETWEEN 5677341 AND 5677441
explain: for range-covered :: explain SELECT k FROM sbtest%d WHERE k BETWEEN 5797441 AND 5797541
explain: for range-covered :: explain SELECT k FROM sbtest%d WHERE k BETWEEN 8273830 AND 8273930
for range-covered
table 1 : explain SELECT k FROM sbtest1 WHERE k BETWEEN 7432001 AND 7432101
	Index Only Scan using k_1 on sbtest1  (cost=0.43..6.42 rows=99 width=4)
	  Index Cond: ((k >= 7432001) AND (k <= 7432101))

table 2 : explain SELECT k FROM sbtest2 WHERE k BETWEEN 7432001 AND 7432101
	Index Only Scan using k_2 on sbtest2  (cost=0.43..6.33 rows=95 width=4)
	  Index Cond: ((k >= 7432001) AND (k <= 7432101))

table 3 : explain SELECT k FROM sbtest3 WHERE k BETWEEN 7432001 AND 7432101
	Index Only Scan using k_3 on sbtest3  (cost=0.43..6.45 rows=101 width=4)
	  Index Cond: ((k >= 7432001) AND (k <= 7432101))

table 4 : explain SELECT k FROM sbtest4 WHERE k BETWEEN 7432001 AND 7432101
	Index Only Scan using k_4 on sbtest4  (cost=0.43..6.50 rows=103 width=4)
	  Index Cond: ((k >= 7432001) AND (k <= 7432101))

table 5 : explain SELECT k FROM sbtest5 WHERE k BETWEEN 7432001 AND 7432101
	Index Only Scan using k_5 on sbtest5  (cost=0.43..6.69 rows=113 width=4)
	  Index Cond: ((k >= 7432001) AND (k <= 7432101))

table 6 : explain SELECT k FROM sbtest6 WHERE k BETWEEN 7432001 AND 7432101
	Index Only Scan using k_6 on sbtest6  (cost=0.43..6.43 rows=100 width=4)
	  Index Cond: ((k >= 7432001) AND (k <= 7432101))

table 7 : explain SELECT k FROM sbtest7 WHERE k BETWEEN 7432001 AND 7432101
	Index Only Scan using k_7 on sbtest7  (cost=0.43..6.53 rows=105 width=4)
	  Index Cond: ((k >= 7432001) AND (k <= 7432101))

table 8 : explain SELECT k FROM sbtest8 WHERE k BETWEEN 7432001 AND 7432101
	Index Only Scan using k_8 on sbtest8  (cost=0.43..6.47 rows=102 width=4)
	  Index Cond: ((k >= 7432001) AND (k <= 7432101))

explain: for range-covered :: explain SELECT k FROM sbtest%d WHERE k BETWEEN 8409190 AND 8409290
explain: for range-covered :: explain SELECT k FROM sbtest%d WHERE k BETWEEN 7432001 AND 7432101
for range-covered
table 1 : explain SELECT k FROM sbtest1 WHERE k BETWEEN 3858665 AND 3858765
	Index Only Scan using k_1 on sbtest1  (cost=0.43..6.50 rows=103 width=4)
	  Index Cond: ((k >= 3858665) AND (k <= 3858765))

table 2 : explain SELECT k FROM sbtest2 WHERE k BETWEEN 3858665 AND 3858765
	Index Only Scan using k_2 on sbtest2  (cost=0.43..6.63 rows=110 width=4)
	  Index Cond: ((k >= 3858665) AND (k <= 3858765))

table 3 : explain SELECT k FROM sbtest3 WHERE k BETWEEN 3858665 AND 3858765
	Index Only Scan using k_3 on sbtest3  (cost=0.43..6.42 rows=99 width=4)
	  Index Cond: ((k >= 3858665) AND (k <= 3858765))

table 4 : explain SELECT k FROM sbtest4 WHERE k BETWEEN 3858665 AND 3858765
	Index Only Scan using k_4 on sbtest4  (cost=0.43..6.58 rows=107 width=4)
	  Index Cond: ((k >= 3858665) AND (k <= 3858765))

table 5 : explain SELECT k FROM sbtest5 WHERE k BETWEEN 3858665 AND 3858765
	Index Only Scan using k_5 on sbtest5  (cost=0.43..6.37 rows=97 width=4)
	  Index Cond: ((k >= 3858665) AND (k <= 3858765))

table 6 : explain SELECT k FROM sbtest6 WHERE k BETWEEN 3858665 AND 3858765
	Index Only Scan using k_6 on sbtest6  (cost=0.43..6.29 rows=93 width=4)
	  Index Cond: ((k >= 3858665) AND (k <= 3858765))

table 7 : explain SELECT k FROM sbtest7 WHERE k BETWEEN 3858665 AND 3858765
	Index Only Scan using k_7 on sbtest7  (cost=0.43..6.32 rows=94 width=4)
	  Index Cond: ((k >= 3858665) AND (k <= 3858765))

table 8 : explain SELECT k FROM sbtest8 WHERE k BETWEEN 3858665 AND 3858765
	Index Only Scan using k_8 on sbtest8  (cost=0.43..6.40 rows=98 width=4)
	  Index Cond: ((k >= 3858665) AND (k <= 3858765))

explain: for range-covered :: explain SELECT k FROM sbtest%d WHERE k BETWEEN 3858665 AND 3858765
for range-covered
table 1 : explain SELECT k FROM sbtest1 WHERE k BETWEEN 5677341 AND 5677441
	Index Only Scan using k_1 on sbtest1  (cost=0.43..6.50 rows=103 width=4)
	  Index Cond: ((k >= 5677341) AND (k <= 5677441))

table 2 : explain SELECT k FROM sbtest2 WHERE k BETWEEN 5677341 AND 5677441
	Index Only Scan using k_2 on sbtest2  (cost=0.43..6.45 rows=101 width=4)
	  Index Cond: ((k >= 5677341) AND (k <= 5677441))

table 3 : explain SELECT k FROM sbtest3 WHERE k BETWEEN 5677341 AND 5677441
	Index Only Scan using k_3 on sbtest3  (cost=0.43..6.45 rows=101 width=4)
	  Index Cond: ((k >= 5677341) AND (k <= 5677441))

table 4 : explain SELECT k FROM sbtest4 WHERE k BETWEEN 5677341 AND 5677441
	Index Only Scan using k_4 on sbtest4  (cost=0.43..6.63 rows=110 width=4)
	  Index Cond: ((k >= 5677341) AND (k <= 5677441))

table 5 : explain SELECT k FROM sbtest5 WHERE k BETWEEN 5677341 AND 5677441
	Index Only Scan using k_5 on sbtest5  (cost=0.43..6.25 rows=91 width=4)
	  Index Cond: ((k >= 5677341) AND (k <= 5677441))

table 6 : explain SELECT k FROM sbtest6 WHERE k BETWEEN 5677341 AND 5677441
	Index Only Scan using k_6 on sbtest6  (cost=0.43..6.51 rows=104 width=4)
	  Index Cond: ((k >= 5677341) AND (k <= 5677441))

table 7 : explain SELECT k FROM sbtest7 WHERE k BETWEEN 5677341 AND 5677441
	Index Only Scan using k_7 on sbtest7  (cost=0.43..6.50 rows=103 width=4)
	  Index Cond: ((k >= 5677341) AND (k <= 5677441))

table 8 : explain SELECT k FROM sbtest8 WHERE k BETWEEN 5677341 AND 5677441
	Index Only Scan using k_8 on sbtest8  (cost=0.43..6.66 rows=111 width=4)
	  Index Cond: ((k >= 5677341) AND (k <= 5677441))

explain: for range-covered :: explain SELECT k FROM sbtest%d WHERE k BETWEEN 5677341 AND 5677441
for range-covered
table 1 : explain SELECT k FROM sbtest1 WHERE k BETWEEN 7432001 AND 7432101
	Index Only Scan using k_1 on sbtest1  (cost=0.43..6.42 rows=99 width=4)
	  Index Cond: ((k >= 7432001) AND (k <= 7432101))

table 2 : explain SELECT k FROM sbtest2 WHERE k BETWEEN 7432001 AND 7432101
	Index Only Scan using k_2 on sbtest2  (cost=0.43..6.33 rows=95 width=4)
	  Index Cond: ((k >= 7432001) AND (k <= 7432101))

table 3 : explain SELECT k FROM sbtest3 WHERE k BETWEEN 7432001 AND 7432101
	Index Only Scan using k_3 on sbtest3  (cost=0.43..6.45 rows=101 width=4)
	  Index Cond: ((k >= 7432001) AND (k <= 7432101))

table 4 : explain SELECT k FROM sbtest4 WHERE k BETWEEN 7432001 AND 7432101
	Index Only Scan using k_4 on sbtest4  (cost=0.43..6.50 rows=103 width=4)
	  Index Cond: ((k >= 7432001) AND (k <= 7432101))

table 5 : explain SELECT k FROM sbtest5 WHERE k BETWEEN 7432001 AND 7432101
	Index Only Scan using k_5 on sbtest5  (cost=0.43..6.69 rows=113 width=4)
	  Index Cond: ((k >= 7432001) AND (k <= 7432101))

table 6 : explain SELECT k FROM sbtest6 WHERE k BETWEEN 7432001 AND 7432101
	Index Only Scan using k_6 on sbtest6  (cost=0.43..6.43 rows=100 width=4)
	  Index Cond: ((k >= 7432001) AND (k <= 7432101))

table 7 : explain SELECT k FROM sbtest7 WHERE k BETWEEN 7432001 AND 7432101
	Index Only Scan using k_7 on sbtest7  (cost=0.43..6.53 rows=105 width=4)
	  Index Cond: ((k >= 7432001) AND (k <= 7432101))

table 8 : explain SELECT k FROM sbtest8 WHERE k BETWEEN 7432001 AND 7432101
	Index Only Scan using k_8 on sbtest8  (cost=0.43..6.47 rows=102 width=4)
	  Index Cond: ((k >= 7432001) AND (k <= 7432101))

explain: for range-covered :: explain SELECT k FROM sbtest%d WHERE k BETWEEN 4920392 AND 4920492
explain: for range-covered :: explain SELECT k FROM sbtest%d WHERE k BETWEEN 7432001 AND 7432101
for range-covered
table 1 : explain SELECT k FROM sbtest1 WHERE k BETWEEN 3858665 AND 3858765
	Index Only Scan using k_1 on sbtest1  (cost=0.43..6.50 rows=103 width=4)
	  Index Cond: ((k >= 3858665) AND (k <= 3858765))

table 2 : explain SELECT k FROM sbtest2 WHERE k BETWEEN 3858665 AND 3858765
	Index Only Scan using k_2 on sbtest2  (cost=0.43..6.63 rows=110 width=4)
	  Index Cond: ((k >= 3858665) AND (k <= 3858765))

table 3 : explain SELECT k FROM sbtest3 WHERE k BETWEEN 3858665 AND 3858765
	Index Only Scan using k_3 on sbtest3  (cost=0.43..6.42 rows=99 width=4)
	  Index Cond: ((k >= 3858665) AND (k <= 3858765))

table 4 : explain SELECT k FROM sbtest4 WHERE k BETWEEN 3858665 AND 3858765
	Index Only Scan using k_4 on sbtest4  (cost=0.43..6.58 rows=107 width=4)
	  Index Cond: ((k >= 3858665) AND (k <= 3858765))

table 5 : explain SELECT k FROM sbtest5 WHERE k BETWEEN 3858665 AND 3858765
	Index Only Scan using k_5 on sbtest5  (cost=0.43..6.37 rows=97 width=4)
	  Index Cond: ((k >= 3858665) AND (k <= 3858765))

table 6 : explain SELECT k FROM sbtest6 WHERE k BETWEEN 3858665 AND 3858765
	Index Only Scan using k_6 on sbtest6  (cost=0.43..6.29 rows=93 width=4)
	  Index Cond: ((k >= 3858665) AND (k <= 3858765))

table 7 : explain SELECT k FROM sbtest7 WHERE k BETWEEN 3858665 AND 3858765
	Index Only Scan using k_7 on sbtest7  (cost=0.43..6.32 rows=94 width=4)
	  Index Cond: ((k >= 3858665) AND (k <= 3858765))

table 8 : explain SELECT k FROM sbtest8 WHERE k BETWEEN 3858665 AND 3858765
	Index Only Scan using k_8 on sbtest8  (cost=0.43..6.40 rows=98 width=4)
	  Index Cond: ((k >= 3858665) AND (k <= 3858765))

explain: for range-covered :: explain SELECT k FROM sbtest%d WHERE k BETWEEN 3858665 AND 3858765
for range-covered
table 1 : explain SELECT k FROM sbtest1 WHERE k BETWEEN 5677341 AND 5677441
	Index Only Scan using k_1 on sbtest1  (cost=0.43..6.50 rows=103 width=4)
	  Index Cond: ((k >= 5677341) AND (k <= 5677441))

table 2 : explain SELECT k FROM sbtest2 WHERE k BETWEEN 5677341 AND 5677441
	Index Only Scan using k_2 on sbtest2  (cost=0.43..6.45 rows=101 width=4)
	  Index Cond: ((k >= 5677341) AND (k <= 5677441))

table 3 : explain SELECT k FROM sbtest3 WHERE k BETWEEN 5677341 AND 5677441
	Index Only Scan using k_3 on sbtest3  (cost=0.43..6.45 rows=101 width=4)
	  Index Cond: ((k >= 5677341) AND (k <= 5677441))

table 4 : explain SELECT k FROM sbtest4 WHERE k BETWEEN 5677341 AND 5677441
	Index Only Scan using k_4 on sbtest4  (cost=0.43..6.63 rows=110 width=4)
	  Index Cond: ((k >= 5677341) AND (k <= 5677441))

table 5 : explain SELECT k FROM sbtest5 WHERE k BETWEEN 5677341 AND 5677441
	Index Only Scan using k_5 on sbtest5  (cost=0.43..6.25 rows=91 width=4)
	  Index Cond: ((k >= 5677341) AND (k <= 5677441))

table 6 : explain SELECT k FROM sbtest6 WHERE k BETWEEN 5677341 AND 5677441
	Index Only Scan using k_6 on sbtest6  (cost=0.43..6.51 rows=104 width=4)
	  Index Cond: ((k >= 5677341) AND (k <= 5677441))

table 7 : explain SELECT k FROM sbtest7 WHERE k BETWEEN 5677341 AND 5677441
	Index Only Scan using k_7 on sbtest7  (cost=0.43..6.50 rows=103 width=4)
	  Index Cond: ((k >= 5677341) AND (k <= 5677441))

table 8 : explain SELECT k FROM sbtest8 WHERE k BETWEEN 5677341 AND 5677441
	Index Only Scan using k_8 on sbtest8  (cost=0.43..6.66 rows=111 width=4)
	  Index Cond: ((k >= 5677341) AND (k <= 5677441))

explain: for range-covered :: explain SELECT k FROM sbtest%d WHERE k BETWEEN 5677341 AND 5677441
for range-covered
table 1 : explain SELECT k FROM sbtest1 WHERE k BETWEEN 7432001 AND 7432101
	Index Only Scan using k_1 on sbtest1  (cost=0.43..6.42 rows=99 width=4)
	  Index Cond: ((k >= 7432001) AND (k <= 7432101))

table 2 : explain SELECT k FROM sbtest2 WHERE k BETWEEN 7432001 AND 7432101
	Index Only Scan using k_2 on sbtest2  (cost=0.43..6.33 rows=95 width=4)
	  Index Cond: ((k >= 7432001) AND (k <= 7432101))

table 3 : explain SELECT k FROM sbtest3 WHERE k BETWEEN 7432001 AND 7432101
	Index Only Scan using k_3 on sbtest3  (cost=0.43..6.45 rows=101 width=4)
	  Index Cond: ((k >= 7432001) AND (k <= 7432101))

table 4 : explain SELECT k FROM sbtest4 WHERE k BETWEEN 7432001 AND 7432101
	Index Only Scan using k_4 on sbtest4  (cost=0.43..6.50 rows=103 width=4)
	  Index Cond: ((k >= 7432001) AND (k <= 7432101))

table 5 : explain SELECT k FROM sbtest5 WHERE k BETWEEN 7432001 AND 7432101
	Index Only Scan using k_5 on sbtest5  (cost=0.43..6.69 rows=113 width=4)
	  Index Cond: ((k >= 7432001) AND (k <= 7432101))

table 6 : explain SELECT k FROM sbtest6 WHERE k BETWEEN 7432001 AND 7432101
	Index Only Scan using k_6 on sbtest6  (cost=0.43..6.43 rows=100 width=4)
	  Index Cond: ((k >= 7432001) AND (k <= 7432101))

table 7 : explain SELECT k FROM sbtest7 WHERE k BETWEEN 7432001 AND 7432101
	Index Only Scan using k_7 on sbtest7  (cost=0.43..6.53 rows=105 width=4)
	  Index Cond: ((k >= 7432001) AND (k <= 7432101))

table 8 : explain SELECT k FROM sbtest8 WHERE k BETWEEN 7432001 AND 7432101
	Index Only Scan using k_8 on sbtest8  (cost=0.43..6.47 rows=102 width=4)
	  Index Cond: ((k >= 7432001) AND (k <= 7432101))

explain: for range-covered :: explain SELECT k FROM sbtest%d WHERE k BETWEEN 7432001 AND 7432101
for range-covered
table 1 : explain SELECT k FROM sbtest1 WHERE k BETWEEN 3858665 AND 3858765
	Index Only Scan using k_1 on sbtest1  (cost=0.43..6.50 rows=103 width=4)
	  Index Cond: ((k >= 3858665) AND (k <= 3858765))

table 2 : explain SELECT k FROM sbtest2 WHERE k BETWEEN 3858665 AND 3858765
	Index Only Scan using k_2 on sbtest2  (cost=0.43..6.63 rows=110 width=4)
	  Index Cond: ((k >= 3858665) AND (k <= 3858765))

table 3 : explain SELECT k FROM sbtest3 WHERE k BETWEEN 3858665 AND 3858765
	Index Only Scan using k_3 on sbtest3  (cost=0.43..6.42 rows=99 width=4)
	  Index Cond: ((k >= 3858665) AND (k <= 3858765))

table 4 : explain SELECT k FROM sbtest4 WHERE k BETWEEN 3858665 AND 3858765
	Index Only Scan using k_4 on sbtest4  (cost=0.43..6.58 rows=107 width=4)
	  Index Cond: ((k >= 3858665) AND (k <= 3858765))

table 5 : explain SELECT k FROM sbtest5 WHERE k BETWEEN 3858665 AND 3858765
	Index Only Scan using k_5 on sbtest5  (cost=0.43..6.37 rows=97 width=4)
	  Index Cond: ((k >= 3858665) AND (k <= 3858765))

table 6 : explain SELECT k FROM sbtest6 WHERE k BETWEEN 3858665 AND 3858765
	Index Only Scan using k_6 on sbtest6  (cost=0.43..6.29 rows=93 width=4)
	  Index Cond: ((k >= 3858665) AND (k <= 3858765))

table 7 : explain SELECT k FROM sbtest7 WHERE k BETWEEN 3858665 AND 3858765
	Index Only Scan using k_7 on sbtest7  (cost=0.43..6.32 rows=94 width=4)
	  Index Cond: ((k >= 3858665) AND (k <= 3858765))

table 8 : explain SELECT k FROM sbtest8 WHERE k BETWEEN 3858665 AND 3858765
	Index Only Scan using k_8 on sbtest8  (cost=0.43..6.40 rows=98 width=4)
	  Index Cond: ((k >= 3858665) AND (k <= 3858765))

explain: for range-covered :: explain SELECT k FROM sbtest%d WHERE k BETWEEN 3858665 AND 3858765
for range-covered
table 1 : explain SELECT k FROM sbtest1 WHERE k BETWEEN 5677341 AND 5677441
	Index Only Scan using k_1 on sbtest1  (cost=0.43..6.50 rows=103 width=4)
	  Index Cond: ((k >= 5677341) AND (k <= 5677441))

table 2 : explain SELECT k FROM sbtest2 WHERE k BETWEEN 5677341 AND 5677441
	Index Only Scan using k_2 on sbtest2  (cost=0.43..6.45 rows=101 width=4)
	  Index Cond: ((k >= 5677341) AND (k <= 5677441))

table 3 : explain SELECT k FROM sbtest3 WHERE k BETWEEN 5677341 AND 5677441
	Index Only Scan using k_3 on sbtest3  (cost=0.43..6.45 rows=101 width=4)
	  Index Cond: ((k >= 5677341) AND (k <= 5677441))

table 4 : explain SELECT k FROM sbtest4 WHERE k BETWEEN 5677341 AND 5677441
	Index Only Scan using k_4 on sbtest4  (cost=0.43..6.63 rows=110 width=4)
	  Index Cond: ((k >= 5677341) AND (k <= 5677441))

table 5 : explain SELECT k FROM sbtest5 WHERE k BETWEEN 5677341 AND 5677441
	Index Only Scan using k_5 on sbtest5  (cost=0.43..6.25 rows=91 width=4)
	  Index Cond: ((k >= 5677341) AND (k <= 5677441))

table 6 : explain SELECT k FROM sbtest6 WHERE k BETWEEN 5677341 AND 5677441
	Index Only Scan using k_6 on sbtest6  (cost=0.43..6.51 rows=104 width=4)
	  Index Cond: ((k >= 5677341) AND (k <= 5677441))

table 7 : explain SELECT k FROM sbtest7 WHERE k BETWEEN 5677341 AND 5677441
	Index Only Scan using k_7 on sbtest7  (cost=0.43..6.50 rows=103 width=4)
	  Index Cond: ((k >= 5677341) AND (k <= 5677441))

table 8 : explain SELECT k FROM sbtest8 WHERE k BETWEEN 5677341 AND 5677441
	Index Only Scan using k_8 on sbtest8  (cost=0.43..6.66 rows=111 width=4)
	  Index Cond: ((k >= 5677341) AND (k <= 5677441))

for range-covered
table 1 : explain SELECT k FROM sbtest1 WHERE k BETWEEN 3991360 AND 3991460
	Index Only Scan using k_1 on sbtest1  (cost=0.43..6.50 rows=103 width=4)
	  Index Cond: ((k >= 3991360) AND (k <= 3991460))

table 2 : explain SELECT k FROM sbtest2 WHERE k BETWEEN 3991360 AND 3991460
	Index Only Scan using k_2 on sbtest2  (cost=0.43..6.43 rows=100 width=4)
	  Index Cond: ((k >= 3991360) AND (k <= 3991460))

table 3 : explain SELECT k FROM sbtest3 WHERE k BETWEEN 3991360 AND 3991460
	Index Only Scan using k_3 on sbtest3  (cost=0.43..6.32 rows=94 width=4)
	  Index Cond: ((k >= 3991360) AND (k <= 3991460))

table 4 : explain SELECT k FROM sbtest4 WHERE k BETWEEN 3991360 AND 3991460
	Index Only Scan using k_4 on sbtest4  (cost=0.43..6.32 rows=94 width=4)
	  Index Cond: ((k >= 3991360) AND (k <= 3991460))

table 5 : explain SELECT k FROM sbtest5 WHERE k BETWEEN 3991360 AND 3991460
	Index Only Scan using k_5 on sbtest5  (cost=0.43..6.47 rows=102 width=4)
	  Index Cond: ((k >= 3991360) AND (k <= 3991460))

table 6 : explain SELECT k FROM sbtest6 WHERE k BETWEEN 3991360 AND 3991460
	Index Only Scan using k_6 on sbtest6  (cost=0.43..6.47 rows=102 width=4)
	  Index Cond: ((k >= 3991360) AND (k <= 3991460))

table 7 : explain SELECT k FROM sbtest7 WHERE k BETWEEN 3991360 AND 3991460
	Index Only Scan using k_7 on sbtest7  (cost=0.43..6.45 rows=101 width=4)
	  Index Cond: ((k >= 3991360) AND (k <= 3991460))

table 8 : explain SELECT k FROM sbtest8 WHERE k BETWEEN 3991360 AND 3991460
	Index Only Scan using k_8 on sbtest8  (cost=0.43..6.45 rows=101 width=4)
	  Index Cond: ((k >= 3991360) AND (k <= 3991460))

explain: for range-covered :: explain SELECT k FROM sbtest%d WHERE k BETWEEN 5677341 AND 5677441
for range-covered
table 1 : explain SELECT k FROM sbtest1 WHERE k BETWEEN 7432001 AND 7432101
	Index Only Scan using k_1 on sbtest1  (cost=0.43..6.42 rows=99 width=4)
	  Index Cond: ((k >= 7432001) AND (k <= 7432101))

table 2 : explain SELECT k FROM sbtest2 WHERE k BETWEEN 7432001 AND 7432101
	Index Only Scan using k_2 on sbtest2  (cost=0.43..6.33 rows=95 width=4)
	  Index Cond: ((k >= 7432001) AND (k <= 7432101))

table 3 : explain SELECT k FROM sbtest3 WHERE k BETWEEN 7432001 AND 7432101
	Index Only Scan using k_3 on sbtest3  (cost=0.43..6.45 rows=101 width=4)
	  Index Cond: ((k >= 7432001) AND (k <= 7432101))

table 4 : explain SELECT k FROM sbtest4 WHERE k BETWEEN 7432001 AND 7432101
	Index Only Scan using k_4 on sbtest4  (cost=0.43..6.50 rows=103 width=4)
	  Index Cond: ((k >= 7432001) AND (k <= 7432101))

table 5 : explain SELECT k FROM sbtest5 WHERE k BETWEEN 7432001 AND 7432101
	Index Only Scan using k_5 on sbtest5  (cost=0.43..6.69 rows=113 width=4)
	  Index Cond: ((k >= 7432001) AND (k <= 7432101))

table 6 : explain SELECT k FROM sbtest6 WHERE k BETWEEN 7432001 AND 7432101
	Index Only Scan using k_6 on sbtest6  (cost=0.43..6.43 rows=100 width=4)
	  Index Cond: ((k >= 7432001) AND (k <= 7432101))

table 7 : explain SELECT k FROM sbtest7 WHERE k BETWEEN 7432001 AND 7432101
	Index Only Scan using k_7 on sbtest7  (cost=0.43..6.53 rows=105 width=4)
	  Index Cond: ((k >= 7432001) AND (k <= 7432101))

table 8 : explain SELECT k FROM sbtest8 WHERE k BETWEEN 7432001 AND 7432101
	Index Only Scan using k_8 on sbtest8  (cost=0.43..6.47 rows=102 width=4)
	  Index Cond: ((k >= 7432001) AND (k <= 7432101))

explain: for range-covered :: explain SELECT k FROM sbtest%d WHERE k BETWEEN 3991360 AND 3991460
for range-covered
table 1 : explain SELECT k FROM sbtest1 WHERE k BETWEEN 5797441 AND 5797541
	Index Only Scan using k_1 on sbtest1  (cost=0.43..6.37 rows=97 width=4)
	  Index Cond: ((k >= 5797441) AND (k <= 5797541))

table 2 : explain SELECT k FROM sbtest2 WHERE k BETWEEN 5797441 AND 5797541
	Index Only Scan using k_2 on sbtest2  (cost=0.43..6.47 rows=102 width=4)
	  Index Cond: ((k >= 5797441) AND (k <= 5797541))

table 3 : explain SELECT k FROM sbtest3 WHERE k BETWEEN 5797441 AND 5797541
	Index Only Scan using k_3 on sbtest3  (cost=0.43..6.40 rows=98 width=4)
	  Index Cond: ((k >= 5797441) AND (k <= 5797541))

table 4 : explain SELECT k FROM sbtest4 WHERE k BETWEEN 5797441 AND 5797541
	Index Only Scan using k_4 on sbtest4  (cost=0.43..6.53 rows=105 width=4)
	  Index Cond: ((k >= 5797441) AND (k <= 5797541))

table 5 : explain SELECT k FROM sbtest5 WHERE k BETWEEN 5797441 AND 5797541
	Index Only Scan using k_5 on sbtest5  (cost=0.43..6.56 rows=106 width=4)
	  Index Cond: ((k >= 5797441) AND (k <= 5797541))

table 6 : explain SELECT k FROM sbtest6 WHERE k BETWEEN 5797441 AND 5797541
	Index Only Scan using k_6 on sbtest6  (cost=0.43..6.63 rows=110 width=4)
	  Index Cond: ((k >= 5797441) AND (k <= 5797541))

table 7 : explain SELECT k FROM sbtest7 WHERE k BETWEEN 5797441 AND 5797541
	Index Only Scan using k_7 on sbtest7  (cost=0.43..6.45 rows=101 width=4)
	  Index Cond: ((k >= 5797441) AND (k <= 5797541))

table 8 : explain SELECT k FROM sbtest8 WHERE k BETWEEN 5797441 AND 5797541
	Index Only Scan using k_8 on sbtest8  (cost=0.43..6.51 rows=104 width=4)
	  Index Cond: ((k >= 5797441) AND (k <= 5797541))

explain: for range-covered :: explain SELECT k FROM sbtest%d WHERE k BETWEEN 5797441 AND 5797541
for range-covered
table 1 : explain SELECT k FROM sbtest1 WHERE k BETWEEN 3858665 AND 3858765
	Index Only Scan using k_1 on sbtest1  (cost=0.43..6.50 rows=103 width=4)
	  Index Cond: ((k >= 3858665) AND (k <= 3858765))

table 2 : explain SELECT k FROM sbtest2 WHERE k BETWEEN 3858665 AND 3858765
	Index Only Scan using k_2 on sbtest2  (cost=0.43..6.63 rows=110 width=4)
	  Index Cond: ((k >= 3858665) AND (k <= 3858765))

table 3 : explain SELECT k FROM sbtest3 WHERE k BETWEEN 3858665 AND 3858765
	Index Only Scan using k_3 on sbtest3  (cost=0.43..6.42 rows=99 width=4)
	  Index Cond: ((k >= 3858665) AND (k <= 3858765))

table 4 : explain SELECT k FROM sbtest4 WHERE k BETWEEN 3858665 AND 3858765
	Index Only Scan using k_4 on sbtest4  (cost=0.43..6.58 rows=107 width=4)
	  Index Cond: ((k >= 3858665) AND (k <= 3858765))

table 5 : explain SELECT k FROM sbtest5 WHERE k BETWEEN 3858665 AND 3858765
	Index Only Scan using k_5 on sbtest5  (cost=0.43..6.37 rows=97 width=4)
	  Index Cond: ((k >= 3858665) AND (k <= 3858765))

table 6 : explain SELECT k FROM sbtest6 WHERE k BETWEEN 3858665 AND 3858765
	Index Only Scan using k_6 on sbtest6  (cost=0.43..6.29 rows=93 width=4)
	  Index Cond: ((k >= 3858665) AND (k <= 3858765))

table 7 : explain SELECT k FROM sbtest7 WHERE k BETWEEN 3858665 AND 3858765
	Index Only Scan using k_7 on sbtest7  (cost=0.43..6.32 rows=94 width=4)
	  Index Cond: ((k >= 3858665) AND (k <= 3858765))

table 8 : explain SELECT k FROM sbtest8 WHERE k BETWEEN 3858665 AND 3858765
	Index Only Scan using k_8 on sbtest8  (cost=0.43..6.40 rows=98 width=4)
	  Index Cond: ((k >= 3858665) AND (k <= 3858765))

for range-covered
table 1 : explain SELECT k FROM sbtest1 WHERE k BETWEEN 8273830 AND 8273930
	Index Only Scan using k_1 on sbtest1  (cost=0.43..6.56 rows=106 width=4)
	  Index Cond: ((k >= 8273830) AND (k <= 8273930))

table 2 : explain SELECT k FROM sbtest2 WHERE k BETWEEN 8273830 AND 8273930
	Index Only Scan using k_2 on sbtest2  (cost=0.43..6.50 rows=103 width=4)
	  Index Cond: ((k >= 8273830) AND (k <= 8273930))

table 3 : explain SELECT k FROM sbtest3 WHERE k BETWEEN 8273830 AND 8273930
	Index Only Scan using k_3 on sbtest3  (cost=0.43..6.50 rows=103 width=4)
	  Index Cond: ((k >= 8273830) AND (k <= 8273930))

table 4 : explain SELECT k FROM sbtest4 WHERE k BETWEEN 8273830 AND 8273930
	Index Only Scan using k_4 on sbtest4  (cost=0.43..6.42 rows=99 width=4)
	  Index Cond: ((k >= 8273830) AND (k <= 8273930))

table 5 : explain SELECT k FROM sbtest5 WHERE k BETWEEN 8273830 AND 8273930
	Index Only Scan using k_5 on sbtest5  (cost=0.43..6.53 rows=105 width=4)
	  Index Cond: ((k >= 8273830) AND (k <= 8273930))

table 6 : explain SELECT k FROM sbtest6 WHERE k BETWEEN 8273830 AND 8273930
	Index Only Scan using k_6 on sbtest6  (cost=0.43..6.42 rows=99 width=4)
	  Index Cond: ((k >= 8273830) AND (k <= 8273930))

table 7 : explain SELECT k FROM sbtest7 WHERE k BETWEEN 8273830 AND 8273930
	Index Only Scan using k_7 on sbtest7  (cost=0.43..6.45 rows=101 width=4)
	  Index Cond: ((k >= 8273830) AND (k <= 8273930))

table 8 : explain SELECT k FROM sbtest8 WHERE k BETWEEN 8273830 AND 8273930
	Index Only Scan using k_8 on sbtest8  (cost=0.43..6.37 rows=97 width=4)
	  Index Cond: ((k >= 8273830) AND (k <= 8273930))

for range-covered
table 1 : explain SELECT k FROM sbtest1 WHERE k BETWEEN 8409190 AND 8409290
	Index Only Scan using k_1 on sbtest1  (cost=0.43..6.33 rows=95 width=4)
	  Index Cond: ((k >= 8409190) AND (k <= 8409290))

table 2 : explain SELECT k FROM sbtest2 WHERE k BETWEEN 8409190 AND 8409290
	Index Only Scan using k_2 on sbtest2  (cost=0.43..6.59 rows=108 width=4)
	  Index Cond: ((k >= 8409190) AND (k <= 8409290))

table 3 : explain SELECT k FROM sbtest3 WHERE k BETWEEN 8409190 AND 8409290
	Index Only Scan using k_3 on sbtest3  (cost=0.43..6.32 rows=94 width=4)
	  Index Cond: ((k >= 8409190) AND (k <= 8409290))

table 4 : explain SELECT k FROM sbtest4 WHERE k BETWEEN 8409190 AND 8409290
	Index Only Scan using k_4 on sbtest4  (cost=0.43..6.37 rows=97 width=4)
	  Index Cond: ((k >= 8409190) AND (k <= 8409290))

table 5 : explain SELECT k FROM sbtest5 WHERE k BETWEEN 8409190 AND 8409290
	Index Only Scan using k_5 on sbtest5  (cost=0.43..6.50 rows=103 width=4)
	  Index Cond: ((k >= 8409190) AND (k <= 8409290))

table 6 : explain SELECT k FROM sbtest6 WHERE k BETWEEN 8409190 AND 8409290
	Index Only Scan using k_6 on sbtest6  (cost=0.43..6.59 rows=108 width=4)
	  Index Cond: ((k >= 8409190) AND (k <= 8409290))

table 7 : explain SELECT k FROM sbtest7 WHERE k BETWEEN 8409190 AND 8409290
	Index Only Scan using k_7 on sbtest7  (cost=0.43..6.67 rows=112 width=4)
	  Index Cond: ((k >= 8409190) AND (k <= 8409290))

table 8 : explain SELECT k FROM sbtest8 WHERE k BETWEEN 8409190 AND 8409290
	Index Only Scan using k_8 on sbtest8  (cost=0.43..6.42 rows=99 width=4)
	  Index Cond: ((k >= 8409190) AND (k <= 8409290))

explain: for range-covered :: explain SELECT k FROM sbtest%d WHERE k BETWEEN 3858665 AND 3858765
explain: for range-covered :: explain SELECT k FROM sbtest%d WHERE k BETWEEN 8273830 AND 8273930
explain: for range-covered :: explain SELECT k FROM sbtest%d WHERE k BETWEEN 8409190 AND 8409290
for range-covered
table 1 : explain SELECT k FROM sbtest1 WHERE k BETWEEN 5677341 AND 5677441
	Index Only Scan using k_1 on sbtest1  (cost=0.43..6.50 rows=103 width=4)
	  Index Cond: ((k >= 5677341) AND (k <= 5677441))

table 2 : explain SELECT k FROM sbtest2 WHERE k BETWEEN 5677341 AND 5677441
	Index Only Scan using k_2 on sbtest2  (cost=0.43..6.45 rows=101 width=4)
	  Index Cond: ((k >= 5677341) AND (k <= 5677441))

table 3 : explain SELECT k FROM sbtest3 WHERE k BETWEEN 5677341 AND 5677441
	Index Only Scan using k_3 on sbtest3  (cost=0.43..6.45 rows=101 width=4)
	  Index Cond: ((k >= 5677341) AND (k <= 5677441))

table 4 : explain SELECT k FROM sbtest4 WHERE k BETWEEN 5677341 AND 5677441
	Index Only Scan using k_4 on sbtest4  (cost=0.43..6.63 rows=110 width=4)
	  Index Cond: ((k >= 5677341) AND (k <= 5677441))

table 5 : explain SELECT k FROM sbtest5 WHERE k BETWEEN 5677341 AND 5677441
	Index Only Scan using k_5 on sbtest5  (cost=0.43..6.25 rows=91 width=4)
	  Index Cond: ((k >= 5677341) AND (k <= 5677441))

table 6 : explain SELECT k FROM sbtest6 WHERE k BETWEEN 5677341 AND 5677441
	Index Only Scan using k_6 on sbtest6  (cost=0.43..6.51 rows=104 width=4)
	  Index Cond: ((k >= 5677341) AND (k <= 5677441))

table 7 : explain SELECT k FROM sbtest7 WHERE k BETWEEN 5677341 AND 5677441
	Index Only Scan using k_7 on sbtest7  (cost=0.43..6.50 rows=103 width=4)
	  Index Cond: ((k >= 5677341) AND (k <= 5677441))

table 8 : explain SELECT k FROM sbtest8 WHERE k BETWEEN 5677341 AND 5677441
	Index Only Scan using k_8 on sbtest8  (cost=0.43..6.66 rows=111 width=4)
	  Index Cond: ((k >= 5677341) AND (k <= 5677441))

explain: for range-covered :: explain SELECT k FROM sbtest%d WHERE k BETWEEN 5677341 AND 5677441
for range-covered
table 1 : explain SELECT k FROM sbtest1 WHERE k BETWEEN 3991360 AND 3991460
	Index Only Scan using k_1 on sbtest1  (cost=0.43..6.50 rows=103 width=4)
	  Index Cond: ((k >= 3991360) AND (k <= 3991460))

table 2 : explain SELECT k FROM sbtest2 WHERE k BETWEEN 3991360 AND 3991460
	Index Only Scan using k_2 on sbtest2  (cost=0.43..6.43 rows=100 width=4)
	  Index Cond: ((k >= 3991360) AND (k <= 3991460))

table 3 : explain SELECT k FROM sbtest3 WHERE k BETWEEN 3991360 AND 3991460
	Index Only Scan using k_3 on sbtest3  (cost=0.43..6.32 rows=94 width=4)
	  Index Cond: ((k >= 3991360) AND (k <= 3991460))

table 4 : explain SELECT k FROM sbtest4 WHERE k BETWEEN 3991360 AND 3991460
	Index Only Scan using k_4 on sbtest4  (cost=0.43..6.32 rows=94 width=4)
	  Index Cond: ((k >= 3991360) AND (k <= 3991460))

table 5 : explain SELECT k FROM sbtest5 WHERE k BETWEEN 3991360 AND 3991460
	Index Only Scan using k_5 on sbtest5  (cost=0.43..6.47 rows=102 width=4)
	  Index Cond: ((k >= 3991360) AND (k <= 3991460))

table 6 : explain SELECT k FROM sbtest6 WHERE k BETWEEN 3991360 AND 3991460
	Index Only Scan using k_6 on sbtest6  (cost=0.43..6.47 rows=102 width=4)
	  Index Cond: ((k >= 3991360) AND (k <= 3991460))

table 7 : explain SELECT k FROM sbtest7 WHERE k BETWEEN 3991360 AND 3991460
	Index Only Scan using k_7 on sbtest7  (cost=0.43..6.45 rows=101 width=4)
	  Index Cond: ((k >= 3991360) AND (k <= 3991460))

table 8 : explain SELECT k FROM sbtest8 WHERE k BETWEEN 3991360 AND 3991460
	Index Only Scan using k_8 on sbtest8  (cost=0.43..6.45 rows=101 width=4)
	  Index Cond: ((k >= 3991360) AND (k <= 3991460))

for range-covered
table 1 : explain SELECT k FROM sbtest1 WHERE k BETWEEN 5797441 AND 5797541
	Index Only Scan using k_1 on sbtest1  (cost=0.43..6.37 rows=97 width=4)
	  Index Cond: ((k >= 5797441) AND (k <= 5797541))

table 2 : explain SELECT k FROM sbtest2 WHERE k BETWEEN 5797441 AND 5797541
	Index Only Scan using k_2 on sbtest2  (cost=0.43..6.47 rows=102 width=4)
	  Index Cond: ((k >= 5797441) AND (k <= 5797541))

table 3 : explain SELECT k FROM sbtest3 WHERE k BETWEEN 5797441 AND 5797541
	Index Only Scan using k_3 on sbtest3  (cost=0.43..6.40 rows=98 width=4)
	  Index Cond: ((k >= 5797441) AND (k <= 5797541))

table 4 : explain SELECT k FROM sbtest4 WHERE k BETWEEN 5797441 AND 5797541
	Index Only Scan using k_4 on sbtest4  (cost=0.43..6.53 rows=105 width=4)
	  Index Cond: ((k >= 5797441) AND (k <= 5797541))

table 5 : explain SELECT k FROM sbtest5 WHERE k BETWEEN 5797441 AND 5797541
	Index Only Scan using k_5 on sbtest5  (cost=0.43..6.56 rows=106 width=4)
	  Index Cond: ((k >= 5797441) AND (k <= 5797541))

table 6 : explain SELECT k FROM sbtest6 WHERE k BETWEEN 5797441 AND 5797541
	Index Only Scan using k_6 on sbtest6  (cost=0.43..6.63 rows=110 width=4)
	  Index Cond: ((k >= 5797441) AND (k <= 5797541))

table 7 : explain SELECT k FROM sbtest7 WHERE k BETWEEN 5797441 AND 5797541
	Index Only Scan using k_7 on sbtest7  (cost=0.43..6.45 rows=101 width=4)
	  Index Cond: ((k >= 5797441) AND (k <= 5797541))

table 8 : explain SELECT k FROM sbtest8 WHERE k BETWEEN 5797441 AND 5797541
	Index Only Scan using k_8 on sbtest8  (cost=0.43..6.51 rows=104 width=4)
	  Index Cond: ((k >= 5797441) AND (k <= 5797541))

for range-covered
table 1 : explain SELECT k FROM sbtest1 WHERE k BETWEEN 4920392 AND 4920492
	Index Only Scan using k_1 on sbtest1  (cost=0.43..6.43 rows=100 width=4)
	  Index Cond: ((k >= 4920392) AND (k <= 4920492))

table 2 : explain SELECT k FROM sbtest2 WHERE k BETWEEN 4920392 AND 4920492
	Index Only Scan using k_2 on sbtest2  (cost=0.43..6.33 rows=95 width=4)
	  Index Cond: ((k >= 4920392) AND (k <= 4920492))

table 3 : explain SELECT k FROM sbtest3 WHERE k BETWEEN 4920392 AND 4920492
	Index Only Scan using k_3 on sbtest3  (cost=0.43..6.63 rows=110 width=4)
	  Index Cond: ((k >= 4920392) AND (k <= 4920492))

table 4 : explain SELECT k FROM sbtest4 WHERE k BETWEEN 4920392 AND 4920492
	Index Only Scan using k_4 on sbtest4  (cost=0.43..6.51 rows=104 width=4)
	  Index Cond: ((k >= 4920392) AND (k <= 4920492))

table 5 : explain SELECT k FROM sbtest5 WHERE k BETWEEN 4920392 AND 4920492
	Index Only Scan using k_5 on sbtest5  (cost=0.43..6.37 rows=97 width=4)
	  Index Cond: ((k >= 4920392) AND (k <= 4920492))

table 6 : explain SELECT k FROM sbtest6 WHERE k BETWEEN 4920392 AND 4920492
	Index Only Scan using k_6 on sbtest6  (cost=0.43..6.45 rows=101 width=4)
	  Index Cond: ((k >= 4920392) AND (k <= 4920492))

table 7 : explain SELECT k FROM sbtest7 WHERE k BETWEEN 4920392 AND 4920492
	Index Only Scan using k_7 on sbtest7  (cost=0.43..6.45 rows=101 width=4)
	  Index Cond: ((k >= 4920392) AND (k <= 4920492))

table 8 : explain SELECT k FROM sbtest8 WHERE k BETWEEN 4920392 AND 4920492
	Index Only Scan using k_8 on sbtest8  (cost=0.43..6.43 rows=100 width=4)
	  Index Cond: ((k >= 4920392) AND (k <= 4920492))
explain: for range-covered :: explain SELECT k FROM sbtest%d WHERE k BETWEEN 3991360 AND 3991460for range-covered
table 1 : explain SELECT k FROM sbtest1 WHERE k BETWEEN 3858665 AND 3858765
	Index Only Scan using k_1 on sbtest1  (cost=0.43..6.50 rows=103 width=4)
	  Index Cond: ((k >= 3858665) AND (k <= 3858765))

table 2 : explain SELECT k FROM sbtest2 WHERE k BETWEEN 3858665 AND 3858765
	Index Only Scan using k_2 on sbtest2  (cost=0.43..6.63 rows=110 width=4)
	  Index Cond: ((k >= 3858665) AND (k <= 3858765))

table 3 : explain SELECT k FROM sbtest3 WHERE k BETWEEN 3858665 AND 3858765
	Index Only Scan using k_3 on sbtest3  (cost=0.43..6.42 rows=99 width=4)
	  Index Cond: ((k >= 3858665) AND (k <= 3858765))

table 4 : explain SELECT k FROM sbtest4 WHERE k BETWEEN 3858665 AND 3858765
	Index Only Scan using k_4 on sbtest4  (cost=0.43..6.58 rows=107 width=4)
	  Index Cond: ((k >= 3858665) AND (k <= 3858765))

table 5 : explain SELECT k FROM sbtest5 WHERE k BETWEEN 3858665 AND 3858765
	Index Only Scan using k_5 on sbtest5  (cost=0.43..6.37 rows=97 width=4)
	  Index Cond: ((k >= 3858665) AND (k <= 3858765))

table 6 : explain SELECT k FROM sbtest6 WHERE k BETWEEN 3858665 AND 3858765
	Index Only Scan using k_6 on sbtest6  (cost=0.43..6.29 rows=93 width=4)
	  Index Cond: ((k >= 3858665) AND (k <= 3858765))

table 7 : explain SELECT k FROM sbtest7 WHERE k BETWEEN 3858665 AND 3858765
	Index Only Scan using k_7 on sbtest7  (cost=0.43..6.32 rows=94 width=4)
	  Index Cond: ((k >= 3858665) AND (k <= 3858765))

table 8 : explain SELECT k FROM sbtest8 WHERE k BETWEEN 3858665 AND 3858765
	Index Only Scan using k_8 on sbtest8  (cost=0.43..6.40 rows=98 width=4)
	  Index Cond: ((k >= 3858665) AND (k <= 3858765))



explain: for range-covered :: explain SELECT k FROM sbtest%d WHERE k BETWEEN 5797441 AND 5797541
explain: for range-covered :: explain SELECT k FROM sbtest%d WHERE k BETWEEN 3858665 AND 3858765
explain: for range-covered :: explain SELECT k FROM sbtest%d WHERE k BETWEEN 4920392 AND 4920492
for range-covered
table 1 : explain SELECT k FROM sbtest1 WHERE k BETWEEN 8409190 AND 8409290
	Index Only Scan using k_1 on sbtest1  (cost=0.43..6.33 rows=95 width=4)
	  Index Cond: ((k >= 8409190) AND (k <= 8409290))

table 2 : explain SELECT k FROM sbtest2 WHERE k BETWEEN 8409190 AND 8409290
	Index Only Scan using k_2 on sbtest2  (cost=0.43..6.59 rows=108 width=4)
	  Index Cond: ((k >= 8409190) AND (k <= 8409290))

table 3 : explain SELECT k FROM sbtest3 WHERE k BETWEEN 8409190 AND 8409290
	Index Only Scan using k_3 on sbtest3  (cost=0.43..6.32 rows=94 width=4)
	  Index Cond: ((k >= 8409190) AND (k <= 8409290))

table 4 : explain SELECT k FROM sbtest4 WHERE k BETWEEN 8409190 AND 8409290
	Index Only Scan using k_4 on sbtest4  (cost=0.43..6.37 rows=97 width=4)
	  Index Cond: ((k >= 8409190) AND (k <= 8409290))

table 5 : explain SELECT k FROM sbtest5 WHERE k BETWEEN 8409190 AND 8409290
	Index Only Scan using k_5 on sbtest5  (cost=0.43..6.50 rows=103 width=4)
	  Index Cond: ((k >= 8409190) AND (k <= 8409290))

table 6 : explain SELECT k FROM sbtest6 WHERE k BETWEEN 8409190 AND 8409290
	Index Only Scan using k_6 on sbtest6  (cost=0.43..6.59 rows=108 width=4)
	  Index Cond: ((k >= 8409190) AND (k <= 8409290))

table 7 : explain SELECT k FROM sbtest7 WHERE k BETWEEN 8409190 AND 8409290
	Index Only Scan using k_7 on sbtest7  (cost=0.43..6.67 rows=112 width=4)
	  Index Cond: ((k >= 8409190) AND (k <= 8409290))

table 8 : explain SELECT k FROM sbtest8 WHERE k BETWEEN 8409190 AND 8409290
	Index Only Scan using k_8 on sbtest8  (cost=0.43..6.42 rows=99 width=4)
	  Index Cond: ((k >= 8409190) AND (k <= 8409290))

for range-covered
table 1 : explain SELECT k FROM sbtest1 WHERE k BETWEEN 8273830 AND 8273930
	Index Only Scan using k_1 on sbtest1  (cost=0.43..6.56 rows=106 width=4)
	  Index Cond: ((k >= 8273830) AND (k <= 8273930))

table 2 : explain SELECT k FROM sbtest2 WHERE k BETWEEN 8273830 AND 8273930
	Index Only Scan using k_2 on sbtest2  (cost=0.43..6.50 rows=103 width=4)
	  Index Cond: ((k >= 8273830) AND (k <= 8273930))

table 3 : explain SELECT k FROM sbtest3 WHERE k BETWEEN 8273830 AND 8273930
	Index Only Scan using k_3 on sbtest3  (cost=0.43..6.50 rows=103 width=4)
	  Index Cond: ((k >= 8273830) AND (k <= 8273930))

table 4 : explain SELECT k FROM sbtest4 WHERE k BETWEEN 8273830 AND 8273930
	Index Only Scan using k_4 on sbtest4  (cost=0.43..6.42 rows=99 width=4)
	  Index Cond: ((k >= 8273830) AND (k <= 8273930))

table 5 : explain SELECT k FROM sbtest5 WHERE k BETWEEN 8273830 AND 8273930
	Index Only Scan using k_5 on sbtest5  (cost=0.43..6.53 rows=105 width=4)
	  Index Cond: ((k >= 8273830) AND (k <= 8273930))

table 6 : explain SELECT k FROM sbtest6 WHERE k BETWEEN 8273830 AND 8273930
	Index Only Scan using k_6 on sbtest6  (cost=0.43..6.42 rows=99 width=4)
	  Index Cond: ((k >= 8273830) AND (k <= 8273930))

table 7 : explain SELECT k FROM sbtest7 WHERE k BETWEEN 8273830 AND 8273930
	Index Only Scan using k_7 on sbtest7  (cost=0.43..6.45 rows=101 width=4)
	  Index Cond: ((k >= 8273830) AND (k <= 8273930))

table 8 : explain SELECT k FROM sbtest8 WHERE k BETWEEN 8273830 AND 8273930
	Index Only Scan using k_8 on sbtest8  (cost=0.43..6.37 rows=97 width=4)
	  Index Cond: ((k >= 8273830) AND (k <= 8273930))

explain: for range-covered :: explain SELECT k FROM sbtest%d WHERE k BETWEEN 8409190 AND 8409290
explain: for range-covered :: explain SELECT k FROM sbtest%d WHERE k BETWEEN 8273830 AND 8273930
for range-covered
table 1 : explain SELECT k FROM sbtest1 WHERE k BETWEEN 5677341 AND 5677441
	Index Only Scan using k_1 on sbtest1  (cost=0.43..6.50 rows=103 width=4)
	  Index Cond: ((k >= 5677341) AND (k <= 5677441))

table 2 : explain SELECT k FROM sbtest2 WHERE k BETWEEN 5677341 AND 5677441
	Index Only Scan using k_2 on sbtest2  (cost=0.43..6.45 rows=101 width=4)
	  Index Cond: ((k >= 5677341) AND (k <= 5677441))

table 3 : explain SELECT k FROM sbtest3 WHERE k BETWEEN 5677341 AND 5677441
	Index Only Scan using k_3 on sbtest3  (cost=0.43..6.45 rows=101 width=4)
	  Index Cond: ((k >= 5677341) AND (k <= 5677441))

table 4 : explain SELECT k FROM sbtest4 WHERE k BETWEEN 5677341 AND 5677441
	Index Only Scan using k_4 on sbtest4  (cost=0.43..6.63 rows=110 width=4)
	  Index Cond: ((k >= 5677341) AND (k <= 5677441))

table 5 : explain SELECT k FROM sbtest5 WHERE k BETWEEN 5677341 AND 5677441
	Index Only Scan using k_5 on sbtest5  (cost=0.43..6.25 rows=91 width=4)
	  Index Cond: ((k >= 5677341) AND (k <= 5677441))

table 6 : explain SELECT k FROM sbtest6 WHERE k BETWEEN 5677341 AND 5677441
	Index Only Scan using k_6 on sbtest6  (cost=0.43..6.51 rows=104 width=4)
	  Index Cond: ((k >= 5677341) AND (k <= 5677441))

table 7 : explain SELECT k FROM sbtest7 WHERE k BETWEEN 5677341 AND 5677441
	Index Only Scan using k_7 on sbtest7  (cost=0.43..6.50 rows=103 width=4)
	  Index Cond: ((k >= 5677341) AND (k <= 5677441))

table 8 : explain SELECT k FROM sbtest8 WHERE k BETWEEN 5677341 AND 5677441
	Index Only Scan using k_8 on sbtest8  (cost=0.43..6.66 rows=111 width=4)
	  Index Cond: ((k >= 5677341) AND (k <= 5677441))

for range-covered
table 1 : explain SELECT k FROM sbtest1 WHERE k BETWEEN 3991360 AND 3991460
	Index Only Scan using k_1 on sbtest1  (cost=0.43..6.50 rows=103 width=4)
	  Index Cond: ((k >= 3991360) AND (k <= 3991460))

table 2 : explain SELECT k FROM sbtest2 WHERE k BETWEEN 3991360 AND 3991460
	Index Only Scan using k_2 on sbtest2  (cost=0.43..6.43 rows=100 width=4)
	  Index Cond: ((k >= 3991360) AND (k <= 3991460))

table 3 : explain SELECT k FROM sbtest3 WHERE k BETWEEN 3991360 AND 3991460
	Index Only Scan using k_3 on sbtest3  (cost=0.43..6.32 rows=94 width=4)
	  Index Cond: ((k >= 3991360) AND (k <= 3991460))

table 4 : explain SELECT k FROM sbtest4 WHERE k BETWEEN 3991360 AND 3991460
	Index Only Scan using k_4 on sbtest4  (cost=0.43..6.32 rows=94 width=4)
	  Index Cond: ((k >= 3991360) AND (k <= 3991460))

table 5 : explain SELECT k FROM sbtest5 WHERE k BETWEEN 3991360 AND 3991460
	Index Only Scan using k_5 on sbtest5  (cost=0.43..6.47 rows=102 width=4)
	  Index Cond: ((k >= 3991360) AND (k <= 3991460))

table 6 : explain SELECT k FROM sbtest6 WHERE k BETWEEN 3991360 AND 3991460
	Index Only Scan using k_6 on sbtest6  (cost=0.43..6.47 rows=102 width=4)
	  Index Cond: ((k >= 3991360) AND (k <= 3991460))

table 7 : explain SELECT k FROM sbtest7 WHERE k BETWEEN 3991360 AND 3991460
	Index Only Scan using k_7 on sbtest7  (cost=0.43..6.45 rows=101 width=4)
	  Index Cond: ((k >= 3991360) AND (k <= 3991460))

table 8 : explain SELECT k FROM sbtest8 WHERE k BETWEEN 3991360 AND 3991460
	Index Only Scan using k_8 on sbtest8  (cost=0.43..6.45 rows=101 width=4)
	  Index Cond: ((k >= 3991360) AND (k <= 3991460))

for range-covered
table 1 : explain SELECT k FROM sbtest1 WHERE k BETWEEN 5797441 AND 5797541
	Index Only Scan using k_1 on sbtest1  (cost=0.43..6.37 rows=97 width=4)
	  Index Cond: ((k >= 5797441) AND (k <= 5797541))

table 2 : explain SELECT k FROM sbtest2 WHERE k BETWEEN 5797441 AND 5797541
	Index Only Scan using k_2 on sbtest2  (cost=0.43..6.47 rows=102 width=4)
	  Index Cond: ((k >= 5797441) AND (k <= 5797541))

table 3 : explain SELECT k FROM sbtest3 WHERE k BETWEEN 5797441 AND 5797541
	Index Only Scan using k_3 on sbtest3  (cost=0.43..6.40 rows=98 width=4)
	  Index Cond: ((k >= 5797441) AND (k <= 5797541))

table 4 : explain SELECT k FROM sbtest4 WHERE k BETWEEN 5797441 AND 5797541
	Index Only Scan using k_4 on sbtest4  (cost=0.43..6.53 rows=105 width=4)
	  Index Cond: ((k >= 5797441) AND (k <= 5797541))

table 5 : explain SELECT k FROM sbtest5 WHERE k BETWEEN 5797441 AND 5797541
	Index Only Scan using k_5 on sbtest5  (cost=0.43..6.56 rows=106 width=4)
	  Index Cond: ((k >= 5797441) AND (k <= 5797541))

table 6 : explain SELECT k FROM sbtest6 WHERE k BETWEEN 5797441 AND 5797541
	Index Only Scan using k_6 on sbtest6  (cost=0.43..6.63 rows=110 width=4)
	  Index Cond: ((k >= 5797441) AND (k <= 5797541))

table 7 : explain SELECT k FROM sbtest7 WHERE k BETWEEN 5797441 AND 5797541
	Index Only Scan using k_7 on sbtest7  (cost=0.43..6.45 rows=101 width=4)
	  Index Cond: ((k >= 5797441) AND (k <= 5797541))

table 8 : explain SELECT k FROM sbtest8 WHERE k BETWEEN 5797441 AND 5797541
	Index Only Scan using k_8 on sbtest8  (cost=0.43..6.51 rows=104 width=4)
	  Index Cond: ((k >= 5797441) AND (k <= 5797541))

explain: for range-covered :: explain SELECT k FROM sbtest%d WHERE k BETWEEN 3991360 AND 3991460
for range-covered
table 1 : explain SELECT k FROM sbtest1 WHERE k BETWEEN 3858665 AND 3858765
	Index Only Scan using k_1 on sbtest1  (cost=0.43..6.50 rows=103 width=4)
	  Index Cond: ((k >= 3858665) AND (k <= 3858765))

table 2 : explain SELECT k FROM sbtest2 WHERE k BETWEEN 3858665 AND 3858765
	Index Only Scan using k_2 on sbtest2  (cost=0.43..6.63 rows=110 width=4)
	  Index Cond: ((k >= 3858665) AND (k <= 3858765))

table 3 : explain SELECT k FROM sbtest3 WHERE k BETWEEN 3858665 AND 3858765
	Index Only Scan using k_3 on sbtest3  (cost=0.43..6.42 rows=99 width=4)
	  Index Cond: ((k >= 3858665) AND (k <= 3858765))

table 4 : explain SELECT k FROM sbtest4 WHERE k BETWEEN 3858665 AND 3858765
	Index Only Scan using k_4 on sbtest4  (cost=0.43..6.58 rows=107 width=4)
	  Index Cond: ((k >= 3858665) AND (k <= 3858765))

table 5 : explain SELECT k FROM sbtest5 WHERE k BETWEEN 3858665 AND 3858765
	Index Only Scan using k_5 on sbtest5  (cost=0.43..6.37 rows=97 width=4)
	  Index Cond: ((k >= 3858665) AND (k <= 3858765))

table 6 : explain SELECT k FROM sbtest6 WHERE k BETWEEN 3858665 AND 3858765
	Index Only Scan using k_6 on sbtest6  (cost=0.43..6.29 rows=93 width=4)
	  Index Cond: ((k >= 3858665) AND (k <= 3858765))

table 7 : explain SELECT k FROM sbtest7 WHERE k BETWEEN 3858665 AND 3858765
	Index Only Scan using k_7 on sbtest7  (cost=0.43..6.32 rows=94 width=4)
	  Index Cond: ((k >= 3858665) AND (k <= 3858765))

table 8 : explain SELECT k FROM sbtest8 WHERE k BETWEEN 3858665 AND 3858765
	Index Only Scan using k_8 on sbtest8  (cost=0.43..6.40 rows=98 width=4)
	  Index Cond: ((k >= 3858665) AND (k <= 3858765))

explain: for range-covered :: explain SELECT k FROM sbtest%d WHERE k BETWEEN 5797441 AND 5797541
for range-covered
table 1 : explain SELECT k FROM sbtest1 WHERE k BETWEEN 8409190 AND 8409290
	Index Only Scan using k_1 on sbtest1  (cost=0.43..6.33 rows=95 width=4)
	  Index Cond: ((k >= 8409190) AND (k <= 8409290))

table 2 : explain SELECT k FROM sbtest2 WHERE k BETWEEN 8409190 AND 8409290
	Index Only Scan using k_2 on sbtest2  (cost=0.43..6.59 rows=108 width=4)
	  Index Cond: ((k >= 8409190) AND (k <= 8409290))

table 3 : explain SELECT k FROM sbtest3 WHERE k BETWEEN 8409190 AND 8409290
	Index Only Scan using k_3 on sbtest3  (cost=0.43..6.32 rows=94 width=4)
	  Index Cond: ((k >= 8409190) AND (k <= 8409290))

table 4 : explain SELECT k FROM sbtest4 WHERE k BETWEEN 8409190 AND 8409290
	Index Only Scan using k_4 on sbtest4  (cost=0.43..6.37 rows=97 width=4)
	  Index Cond: ((k >= 8409190) AND (k <= 8409290))

table 5 : explain SELECT k FROM sbtest5 WHERE k BETWEEN 8409190 AND 8409290
	Index Only Scan using k_5 on sbtest5  (cost=0.43..6.50 rows=103 width=4)
	  Index Cond: ((k >= 8409190) AND (k <= 8409290))

table 6 : explain SELECT k FROM sbtest6 WHERE k BETWEEN 8409190 AND 8409290
	Index Only Scan using k_6 on sbtest6  (cost=0.43..6.59 rows=108 width=4)
	  Index Cond: ((k >= 8409190) AND (k <= 8409290))

table 7 : explain SELECT k FROM sbtest7 WHERE k BETWEEN 8409190 AND 8409290
	Index Only Scan using k_7 on sbtest7  (cost=0.43..6.67 rows=112 width=4)
	  Index Cond: ((k >= 8409190) AND (k <= 8409290))

table 8 : explain SELECT k FROM sbtest8 WHERE k BETWEEN 8409190 AND 8409290
	Index Only Scan using k_8 on sbtest8  (cost=0.43..6.42 rows=99 width=4)
	  Index Cond: ((k >= 8409190) AND (k <= 8409290))

for range-covered
table 1 : explain SELECT k FROM sbtest1 WHERE k BETWEEN 4920392 AND 4920492
	Index Only Scan using k_1 on sbtest1  (cost=0.43..6.43 rows=100 width=4)
	  Index Cond: ((k >= 4920392) AND (k <= 4920492))

table 2 : explain SELECT k FROM sbtest2 WHERE k BETWEEN 4920392 AND 4920492
	Index Only Scan using k_2 on sbtest2  (cost=0.43..6.33 rows=95 width=4)
	  Index Cond: ((k >= 4920392) AND (k <= 4920492))

table 3 : explain SELECT k FROM sbtest3 WHERE k BETWEEN 4920392 AND 4920492
	Index Only Scan using k_3 on sbtest3  (cost=0.43..6.63 rows=110 width=4)
	  Index Cond: ((k >= 4920392) AND (k <= 4920492))

table 4 : explain SELECT k FROM sbtest4 WHERE k BETWEEN 4920392 AND 4920492
	Index Only Scan using k_4 on sbtest4  (cost=0.43..6.51 rows=104 width=4)
	  Index Cond: ((k >= 4920392) AND (k <= 4920492))

table 5 : explain SELECT k FROM sbtest5 WHERE k BETWEEN 4920392 AND 4920492
	Index Only Scan using k_5 on sbtest5  (cost=0.43..6.37 rows=97 width=4)
	  Index Cond: ((k >= 4920392) AND (k <= 4920492))

table 6 : explain SELECT k FROM sbtest6 WHERE k BETWEEN 4920392 AND 4920492
	Index Only Scan using k_6 on sbtest6  (cost=0.43..6.45 rows=101 width=4)
	  Index Cond: ((k >= 4920392) AND (k <= 4920492))

table 7 : explain SELECT k FROM sbtest7 WHERE k BETWEEN 4920392 AND 4920492
	Index Only Scan using k_7 on sbtest7  (cost=0.43..6.45 rows=101 width=4)
	  Index Cond: ((k >= 4920392) AND (k <= 4920492))

table 8 : explain SELECT k FROM sbtest8 WHERE k BETWEEN 4920392 AND 4920492
	Index Only Scan using k_8 on sbtest8  (cost=0.43..6.43 rows=100 width=4)
	  Index Cond: ((k >= 4920392) AND (k <= 4920492))

for range-covered
table 1 : explain SELECT k FROM sbtest1 WHERE k BETWEEN 8273830 AND 8273930
	Index Only Scan using k_1 on sbtest1  (cost=0.43..6.56 rows=106 width=4)
	  Index Cond: ((k >= 8273830) AND (k <= 8273930))

table 2 : explain SELECT k FROM sbtest2 WHERE k BETWEEN 8273830 AND 8273930
	Index Only Scan using k_2 on sbtest2  (cost=0.43..6.50 rows=103 width=4)
	  Index Cond: ((k >= 8273830) AND (k <= 8273930))

table 3 : explain SELECT k FROM sbtest3 WHERE k BETWEEN 8273830 AND 8273930
	Index Only Scan using k_3 on sbtest3  (cost=0.43..6.50 rows=103 width=4)
	  Index Cond: ((k >= 8273830) AND (k <= 8273930))

table 4 : explain SELECT k FROM sbtest4 WHERE k BETWEEN 8273830 AND 8273930
	Index Only Scan using k_4 on sbtest4  (cost=0.43..6.42 rows=99 width=4)
	  Index Cond: ((k >= 8273830) AND (k <= 8273930))

table 5 : explain SELECT k FROM sbtest5 WHERE k BETWEEN 8273830 AND 8273930
	Index Only Scan using k_5 on sbtest5  (cost=0.43..6.53 rows=105 width=4)
	  Index Cond: ((k >= 8273830) AND (k <= 8273930))

table 6 : explain SELECT k FROM sbtest6 WHERE k BETWEEN 8273830 AND 8273930
	Index Only Scan using k_6 on sbtest6  (cost=0.43..6.42 rows=99 width=4)
	  Index Cond: ((k >= 8273830) AND (k <= 8273930))

table 7 : explain SELECT k FROM sbtest7 WHERE k BETWEEN 8273830 AND 8273930
	Index Only Scan using k_7 on sbtest7  (cost=0.43..6.45 rows=101 width=4)
	  Index Cond: ((k >= 8273830) AND (k <= 8273930))

table 8 : explain SELECT k FROM sbtest8 WHERE k BETWEEN 8273830 AND 8273930
	Index Only Scan using k_8 on sbtest8  (cost=0.43..6.37 rows=97 width=4)
	  Index Cond: ((k >= 8273830) AND (k <= 8273930))

explain: for range-covered :: explain SELECT k FROM sbtest%d WHERE k BETWEEN 8409190 AND 8409290
explain: for range-covered :: explain SELECT k FROM sbtest%d WHERE k BETWEEN 4920392 AND 4920492
explain: for range-covered :: explain SELECT k FROM sbtest%d WHERE k BETWEEN 8273830 AND 8273930
for range-covered
table 1 : explain SELECT k FROM sbtest1 WHERE k BETWEEN 5797441 AND 5797541
	Index Only Scan using k_1 on sbtest1  (cost=0.43..6.37 rows=97 width=4)
	  Index Cond: ((k >= 5797441) AND (k <= 5797541))

table 2 : explain SELECT k FROM sbtest2 WHERE k BETWEEN 5797441 AND 5797541
	Index Only Scan using k_2 on sbtest2  (cost=0.43..6.47 rows=102 width=4)
	  Index Cond: ((k >= 5797441) AND (k <= 5797541))

table 3 : explain SELECT k FROM sbtest3 WHERE k BETWEEN 5797441 AND 5797541
	Index Only Scan using k_3 on sbtest3  (cost=0.43..6.40 rows=98 width=4)
	  Index Cond: ((k >= 5797441) AND (k <= 5797541))

table 4 : explain SELECT k FROM sbtest4 WHERE k BETWEEN 5797441 AND 5797541
	Index Only Scan using k_4 on sbtest4  (cost=0.43..6.53 rows=105 width=4)
	  Index Cond: ((k >= 5797441) AND (k <= 5797541))

table 5 : explain SELECT k FROM sbtest5 WHERE k BETWEEN 5797441 AND 5797541
	Index Only Scan using k_5 on sbtest5  (cost=0.43..6.56 rows=106 width=4)
	  Index Cond: ((k >= 5797441) AND (k <= 5797541))

table 6 : explain SELECT k FROM sbtest6 WHERE k BETWEEN 5797441 AND 5797541
	Index Only Scan using k_6 on sbtest6  (cost=0.43..6.63 rows=110 width=4)
	  Index Cond: ((k >= 5797441) AND (k <= 5797541))

table 7 : explain SELECT k FROM sbtest7 WHERE k BETWEEN 5797441 AND 5797541
	Index Only Scan using k_7 on sbtest7  (cost=0.43..6.45 rows=101 width=4)
	  Index Cond: ((k >= 5797441) AND (k <= 5797541))

table 8 : explain SELECT k FROM sbtest8 WHERE k BETWEEN 5797441 AND 5797541
	Index Only Scan using k_8 on sbtest8  (cost=0.43..6.51 rows=104 width=4)
	  Index Cond: ((k >= 5797441) AND (k <= 5797541))

for range-covered
table 1 : explain SELECT k FROM sbtest1 WHERE k BETWEEN 3991360 AND 3991460
	Index Only Scan using k_1 on sbtest1  (cost=0.43..6.50 rows=103 width=4)
	  Index Cond: ((k >= 3991360) AND (k <= 3991460))

table 2 : explain SELECT k FROM sbtest2 WHERE k BETWEEN 3991360 AND 3991460
	Index Only Scan using k_2 on sbtest2  (cost=0.43..6.43 rows=100 width=4)
	  Index Cond: ((k >= 3991360) AND (k <= 3991460))

table 3 : explain SELECT k FROM sbtest3 WHERE k BETWEEN 3991360 AND 3991460
	Index Only Scan using k_3 on sbtest3  (cost=0.43..6.32 rows=94 width=4)
	  Index Cond: ((k >= 3991360) AND (k <= 3991460))

table 4 : explain SELECT k FROM sbtest4 WHERE k BETWEEN 3991360 AND 3991460
	Index Only Scan using k_4 on sbtest4  (cost=0.43..6.32 rows=94 width=4)
	  Index Cond: ((k >= 3991360) AND (k <= 3991460))

table 5 : explain SELECT k FROM sbtest5 WHERE k BETWEEN 3991360 AND 3991460
	Index Only Scan using k_5 on sbtest5  (cost=0.43..6.47 rows=102 width=4)
	  Index Cond: ((k >= 3991360) AND (k <= 3991460))

table 6 : explain SELECT k FROM sbtest6 WHERE k BETWEEN 3991360 AND 3991460
	Index Only Scan using k_6 on sbtest6  (cost=0.43..6.47 rows=102 width=4)
	  Index Cond: ((k >= 3991360) AND (k <= 3991460))

table 7 : explain SELECT k FROM sbtest7 WHERE k BETWEEN 3991360 AND 3991460
	Index Only Scan using k_7 on sbtest7  (cost=0.43..6.45 rows=101 width=4)
	  Index Cond: ((k >= 3991360) AND (k <= 3991460))

table 8 : explain SELECT k FROM sbtest8 WHERE k BETWEEN 3991360 AND 3991460
	Index Only Scan using k_8 on sbtest8  (cost=0.43..6.45 rows=101 width=4)
	  Index Cond: ((k >= 3991360) AND (k <= 3991460))

explain: for range-covered :: explain SELECT k FROM sbtest%d WHERE k BETWEEN 5797441 AND 5797541
explain: for range-covered :: explain SELECT k FROM sbtest%d WHERE k BETWEEN 3991360 AND 3991460
for range-covered
table 1 : explain SELECT k FROM sbtest1 WHERE k BETWEEN 8409190 AND 8409290
	Index Only Scan using k_1 on sbtest1  (cost=0.43..6.33 rows=95 width=4)
	  Index Cond: ((k >= 8409190) AND (k <= 8409290))

table 2 : explain SELECT k FROM sbtest2 WHERE k BETWEEN 8409190 AND 8409290
	Index Only Scan using k_2 on sbtest2  (cost=0.43..6.59 rows=108 width=4)
	  Index Cond: ((k >= 8409190) AND (k <= 8409290))

table 3 : explain SELECT k FROM sbtest3 WHERE k BETWEEN 8409190 AND 8409290
	Index Only Scan using k_3 on sbtest3  (cost=0.43..6.32 rows=94 width=4)
	  Index Cond: ((k >= 8409190) AND (k <= 8409290))

table 4 : explain SELECT k FROM sbtest4 WHERE k BETWEEN 8409190 AND 8409290
	Index Only Scan using k_4 on sbtest4  (cost=0.43..6.37 rows=97 width=4)
	  Index Cond: ((k >= 8409190) AND (k <= 8409290))

table 5 : explain SELECT k FROM sbtest5 WHERE k BETWEEN 8409190 AND 8409290
	Index Only Scan using k_5 on sbtest5  (cost=0.43..6.50 rows=103 width=4)
	  Index Cond: ((k >= 8409190) AND (k <= 8409290))

table 6 : explain SELECT k FROM sbtest6 WHERE k BETWEEN 8409190 AND 8409290
	Index Only Scan using k_6 on sbtest6  (cost=0.43..6.59 rows=108 width=4)
	  Index Cond: ((k >= 8409190) AND (k <= 8409290))

table 7 : explain SELECT k FROM sbtest7 WHERE k BETWEEN 8409190 AND 8409290
	Index Only Scan using k_7 on sbtest7  (cost=0.43..6.67 rows=112 width=4)
	  Index Cond: ((k >= 8409190) AND (k <= 8409290))

table 8 : explain SELECT k FROM sbtest8 WHERE k BETWEEN 8409190 AND 8409290
	Index Only Scan using k_8 on sbtest8  (cost=0.43..6.42 rows=99 width=4)
	  Index Cond: ((k >= 8409190) AND (k <= 8409290))

for range-covered
table 1 : explain SELECT k FROM sbtest1 WHERE k BETWEEN 4920392 AND 4920492
	Index Only Scan using k_1 on sbtest1  (cost=0.43..6.43 rows=100 width=4)
	  Index Cond: ((k >= 4920392) AND (k <= 4920492))

table 2 : explain SELECT k FROM sbtest2 WHERE k BETWEEN 4920392 AND 4920492
	Index Only Scan using k_2 on sbtest2  (cost=0.43..6.33 rows=95 width=4)
	  Index Cond: ((k >= 4920392) AND (k <= 4920492))

table 3 : explain SELECT k FROM sbtest3 WHERE k BETWEEN 4920392 AND 4920492
	Index Only Scan using k_3 on sbtest3  (cost=0.43..6.63 rows=110 width=4)
	  Index Cond: ((k >= 4920392) AND (k <= 4920492))

table 4 : explain SELECT k FROM sbtest4 WHERE k BETWEEN 4920392 AND 4920492
	Index Only Scan using k_4 on sbtest4  (cost=0.43..6.51 rows=104 width=4)
	  Index Cond: ((k >= 4920392) AND (k <= 4920492))

table 5 : explain SELECT k FROM sbtest5 WHERE k BETWEEN 4920392 AND 4920492
	Index Only Scan using k_5 on sbtest5  (cost=0.43..6.37 rows=97 width=4)
	  Index Cond: ((k >= 4920392) AND (k <= 4920492))

table 6 : explain SELECT k FROM sbtest6 WHERE k BETWEEN 4920392 AND 4920492
	Index Only Scan using k_6 on sbtest6  (cost=0.43..6.45 rows=101 width=4)
	  Index Cond: ((k >= 4920392) AND (k <= 4920492))

table 7 : explain SELECT k FROM sbtest7 WHERE k BETWEEN 4920392 AND 4920492
	Index Only Scan using k_7 on sbtest7  (cost=0.43..6.45 rows=101 width=4)
	  Index Cond: ((k >= 4920392) AND (k <= 4920492))

table 8 : explain SELECT k FROM sbtest8 WHERE k BETWEEN 4920392 AND 4920492
	Index Only Scan using k_8 on sbtest8  (cost=0.43..6.43 rows=100 width=4)
	  Index Cond: ((k >= 4920392) AND (k <= 4920492))

for range-covered
table 1 : explain SELECT k FROM sbtest1 WHERE k BETWEEN 8273830 AND 8273930
	Index Only Scan using k_1 on sbtest1  (cost=0.43..6.56 rows=106 width=4)
	  Index Cond: ((k >= 8273830) AND (k <= 8273930))

table 2 : explain SELECT k FROM sbtest2 WHERE k BETWEEN 8273830 AND 8273930
	Index Only Scan using k_2 on sbtest2  (cost=0.43..6.50 rows=103 width=4)
	  Index Cond: ((k >= 8273830) AND (k <= 8273930))

table 3 : explain SELECT k FROM sbtest3 WHERE k BETWEEN 8273830 AND 8273930
	Index Only Scan using k_3 on sbtest3  (cost=0.43..6.50 rows=103 width=4)
	  Index Cond: ((k >= 8273830) AND (k <= 8273930))

table 4 : explain SELECT k FROM sbtest4 WHERE k BETWEEN 8273830 AND 8273930
	Index Only Scan using k_4 on sbtest4  (cost=0.43..6.42 rows=99 width=4)
	  Index Cond: ((k >= 8273830) AND (k <= 8273930))

table 5 : explain SELECT k FROM sbtest5 WHERE k BETWEEN 8273830 AND 8273930
	Index Only Scan using k_5 on sbtest5  (cost=0.43..6.53 rows=105 width=4)
	  Index Cond: ((k >= 8273830) AND (k <= 8273930))

table 6 : explain SELECT k FROM sbtest6 WHERE k BETWEEN 8273830 AND 8273930
	Index Only Scan using k_6 on sbtest6  (cost=0.43..6.42 rows=99 width=4)
	  Index Cond: ((k >= 8273830) AND (k <= 8273930))

table 7 : explain SELECT k FROM sbtest7 WHERE k BETWEEN 8273830 AND 8273930
	Index Only Scan using k_7 on sbtest7  (cost=0.43..6.45 rows=101 width=4)
	  Index Cond: ((k >= 8273830) AND (k <= 8273930))

table 8 : explain SELECT k FROM sbtest8 WHERE k BETWEEN 8273830 AND 8273930
	Index Only Scan using k_8 on sbtest8  (cost=0.43..6.37 rows=97 width=4)
	  Index Cond: ((k >= 8273830) AND (k <= 8273930))

explain: for range-covered :: explain SELECT k FROM sbtest%d WHERE k BETWEEN 8409190 AND 8409290
explain: for range-covered :: explain SELECT k FROM sbtest%d WHERE k BETWEEN 4920392 AND 4920492
explain: for range-covered :: explain SELECT k FROM sbtest%d WHERE k BETWEEN 8273830 AND 8273930
for range-covered
table 1 : explain SELECT k FROM sbtest1 WHERE k BETWEEN 8532840 AND 8532940
	Index Only Scan using k_1 on sbtest1  (cost=0.43..6.69 rows=113 width=4)
	  Index Cond: ((k >= 8532840) AND (k <= 8532940))

table 2 : explain SELECT k FROM sbtest2 WHERE k BETWEEN 8532840 AND 8532940
	Index Only Scan using k_2 on sbtest2  (cost=0.43..6.37 rows=97 width=4)
	  Index Cond: ((k >= 8532840) AND (k <= 8532940))

table 3 : explain SELECT k FROM sbtest3 WHERE k BETWEEN 8532840 AND 8532940
	Index Only Scan using k_3 on sbtest3  (cost=0.43..6.43 rows=100 width=4)
	  Index Cond: ((k >= 8532840) AND (k <= 8532940))

table 4 : explain SELECT k FROM sbtest4 WHERE k BETWEEN 8532840 AND 8532940
	Index Only Scan using k_4 on sbtest4  (cost=0.43..6.53 rows=105 width=4)
	  Index Cond: ((k >= 8532840) AND (k <= 8532940))

table 5 : explain SELECT k FROM sbtest5 WHERE k BETWEEN 8532840 AND 8532940
	Index Only Scan using k_5 on sbtest5  (cost=0.43..6.67 rows=112 width=4)
	  Index Cond: ((k >= 8532840) AND (k <= 8532940))

table 6 : explain SELECT k FROM sbtest6 WHERE k BETWEEN 8532840 AND 8532940
	Index Only Scan using k_6 on sbtest6  (cost=0.43..6.29 rows=93 width=4)
	  Index Cond: ((k >= 8532840) AND (k <= 8532940))

table 7 : explain SELECT k FROM sbtest7 WHERE k BETWEEN 8532840 AND 8532940
	Index Only Scan using k_7 on sbtest7  (cost=0.43..6.45 rows=101 width=4)
	  Index Cond: ((k >= 8532840) AND (k <= 8532940))

table 8 : explain SELECT k FROM sbtest8 WHERE k BETWEEN 8532840 AND 8532940
	Index Only Scan using k_8 on sbtest8  (cost=0.43..6.45 rows=101 width=4)
	  Index Cond: ((k >= 8532840) AND (k <= 8532940))

explain: for range-covered :: explain SELECT k FROM sbtest%d WHERE k BETWEEN 8532840 AND 8532940
for range-covered
table 1 : explain SELECT k FROM sbtest1 WHERE k BETWEEN 5797441 AND 5797541
	Index Only Scan using k_1 on sbtest1  (cost=0.43..6.37 rows=97 width=4)
	  Index Cond: ((k >= 5797441) AND (k <= 5797541))

table 2 : explain SELECT k FROM sbtest2 WHERE k BETWEEN 5797441 AND 5797541
	Index Only Scan using k_2 on sbtest2  (cost=0.43..6.47 rows=102 width=4)
	  Index Cond: ((k >= 5797441) AND (k <= 5797541))

table 3 : explain SELECT k FROM sbtest3 WHERE k BETWEEN 5797441 AND 5797541
	Index Only Scan using k_3 on sbtest3  (cost=0.43..6.40 rows=98 width=4)
	  Index Cond: ((k >= 5797441) AND (k <= 5797541))

table 4 : explain SELECT k FROM sbtest4 WHERE k BETWEEN 5797441 AND 5797541
	Index Only Scan using k_4 on sbtest4  (cost=0.43..6.53 rows=105 width=4)
	  Index Cond: ((k >= 5797441) AND (k <= 5797541))

table 5 : explain SELECT k FROM sbtest5 WHERE k BETWEEN 5797441 AND 5797541
	Index Only Scan using k_5 on sbtest5  (cost=0.43..6.56 rows=106 width=4)
	  Index Cond: ((k >= 5797441) AND (k <= 5797541))

table 6 : explain SELECT k FROM sbtest6 WHERE k BETWEEN 5797441 AND 5797541
	Index Only Scan using k_6 on sbtest6  (cost=0.43..6.63 rows=110 width=4)
	  Index Cond: ((k >= 5797441) AND (k <= 5797541))

table 7 : explain SELECT k FROM sbtest7 WHERE k BETWEEN 5797441 AND 5797541
	Index Only Scan using k_7 on sbtest7  (cost=0.43..6.45 rows=101 width=4)
	  Index Cond: ((k >= 5797441) AND (k <= 5797541))

table 8 : explain SELECT k FROM sbtest8 WHERE k BETWEEN 5797441 AND 5797541
	Index Only Scan using k_8 on sbtest8  (cost=0.43..6.51 rows=104 width=4)
	  Index Cond: ((k >= 5797441) AND (k <= 5797541))

for range-covered
table 1 : explain SELECT k FROM sbtest1 WHERE k BETWEEN 8409190 AND 8409290
	Index Only Scan using k_1 on sbtest1  (cost=0.43..6.33 rows=95 width=4)
	  Index Cond: ((k >= 8409190) AND (k <= 8409290))

table 2 : explain SELECT k FROM sbtest2 WHERE k BETWEEN 8409190 AND 8409290
	Index Only Scan using k_2 on sbtest2  (cost=0.43..6.59 rows=108 width=4)
	  Index Cond: ((k >= 8409190) AND (k <= 8409290))

table 3 : explain SELECT k FROM sbtest3 WHERE k BETWEEN 8409190 AND 8409290
	Index Only Scan using k_3 on sbtest3  (cost=0.43..6.32 rows=94 width=4)
	  Index Cond: ((k >= 8409190) AND (k <= 8409290))

table 4 : explain SELECT k FROM sbtest4 WHERE k BETWEEN 8409190 AND 8409290
	Index Only Scan using k_4 on sbtest4  (cost=0.43..6.37 rows=97 width=4)
	  Index Cond: ((k >= 8409190) AND (k <= 8409290))

table 5 : explain SELECT k FROM sbtest5 WHERE k BETWEEN 8409190 AND 8409290
	Index Only Scan using k_5 on sbtest5  (cost=0.43..6.50 rows=103 width=4)
	  Index Cond: ((k >= 8409190) AND (k <= 8409290))

table 6 : explain SELECT k FROM sbtest6 WHERE k BETWEEN 8409190 AND 8409290
	Index Only Scan using k_6 on sbtest6  (cost=0.43..6.59 rows=108 width=4)
	  Index Cond: ((k >= 8409190) AND (k <= 8409290))

table 7 : explain SELECT k FROM sbtest7 WHERE k BETWEEN 8409190 AND 8409290
	Index Only Scan using k_7 on sbtest7  (cost=0.43..6.67 rows=112 width=4)
	  Index Cond: ((k >= 8409190) AND (k <= 8409290))

table 8 : explain SELECT k FROM sbtest8 WHERE k BETWEEN 8409190 AND 8409290
	Index Only Scan using k_8 on sbtest8  (cost=0.43..6.42 rows=99 width=4)
	  Index Cond: ((k >= 8409190) AND (k <= 8409290))

for range-covered
table 1 : explain SELECT k FROM sbtest1 WHERE k BETWEEN 3991360 AND 3991460
	Index Only Scan using k_1 on sbtest1  (cost=0.43..6.50 rows=103 width=4)
	  Index Cond: ((k >= 3991360) AND (k <= 3991460))

table 2 : explain SELECT k FROM sbtest2 WHERE k BETWEEN 3991360 AND 3991460
	Index Only Scan using k_2 on sbtest2  (cost=0.43..6.43 rows=100 width=4)
	  Index Cond: ((k >= 3991360) AND (k <= 3991460))

table 3 : explain SELECT k FROM sbtest3 WHERE k BETWEEN 3991360 AND 3991460
	Index Only Scan using k_3 on sbtest3  (cost=0.43..6.32 rows=94 width=4)
	  Index Cond: ((k >= 3991360) AND (k <= 3991460))

table 4 : explain SELECT k FROM sbtest4 WHERE k BETWEEN 3991360 AND 3991460
	Index Only Scan using k_4 on sbtest4  (cost=0.43..6.32 rows=94 width=4)
	  Index Cond: ((k >= 3991360) AND (k <= 3991460))

table 5 : explain SELECT k FROM sbtest5 WHERE k BETWEEN 3991360 AND 3991460
	Index Only Scan using k_5 on sbtest5  (cost=0.43..6.47 rows=102 width=4)
	  Index Cond: ((k >= 3991360) AND (k <= 3991460))

table 6 : explain SELECT k FROM sbtest6 WHERE k BETWEEN 3991360 AND 3991460
	Index Only Scan using k_6 on sbtest6  (cost=0.43..6.47 rows=102 width=4)
	  Index Cond: ((k >= 3991360) AND (k <= 3991460))

table 7 : explain SELECT k FROM sbtest7 WHERE k BETWEEN 3991360 AND 3991460
	Index Only Scan using k_7 on sbtest7  (cost=0.43..6.45 rows=101 width=4)
	  Index Cond: ((k >= 3991360) AND (k <= 3991460))

table 8 : explain SELECT k FROM sbtest8 WHERE k BETWEEN 3991360 AND 3991460
	Index Only Scan using k_8 on sbtest8  (cost=0.43..6.45 rows=101 width=4)
	  Index Cond: ((k >= 3991360) AND (k <= 3991460))

for range-covered
table 1 : explain SELECT k FROM sbtest1 WHERE k BETWEEN 4920392 AND 4920492
	Index Only Scan using k_1 on sbtest1  (cost=0.43..6.43 rows=100 width=4)
	  Index Cond: ((k >= 4920392) AND (k <= 4920492))

table 2 : explain SELECT k FROM sbtest2 WHERE k BETWEEN 4920392 AND 4920492
	Index Only Scan using k_2 on sbtest2  (cost=0.43..6.33 rows=95 width=4)
	  Index Cond: ((k >= 4920392) AND (k <= 4920492))

table 3 : explain SELECT k FROM sbtest3 WHERE k BETWEEN 4920392 AND 4920492
	Index Only Scan using k_3 on sbtest3  (cost=0.43..6.63 rows=110 width=4)
	  Index Cond: ((k >= 4920392) AND (k <= 4920492))

table 4 : explain SELECT k FROM sbtest4 WHERE k BETWEEN 4920392 AND 4920492
	Index Only Scan using k_4 on sbtest4  (cost=0.43..6.51 rows=104 width=4)
	  Index Cond: ((k >= 4920392) AND (k <= 4920492))

table 5 : explain SELECT k FROM sbtest5 WHERE k BETWEEN 4920392 AND 4920492
	Index Only Scan using k_5 on sbtest5  (cost=0.43..6.37 rows=97 width=4)
	  Index Cond: ((k >= 4920392) AND (k <= 4920492))

table 6 : explain SELECT k FROM sbtest6 WHERE k BETWEEN 4920392 AND 4920492
	Index Only Scan using k_6 on sbtest6  (cost=0.43..6.45 rows=101 width=4)
	  Index Cond: ((k >= 4920392) AND (k <= 4920492))

table 7 : explain SELECT k FROM sbtest7 WHERE k BETWEEN 4920392 AND 4920492
	Index Only Scan using k_7 on sbtest7  (cost=0.43..6.45 rows=101 width=4)
	  Index Cond: ((k >= 4920392) AND (k <= 4920492))

table 8 : explain SELECT k FROM sbtest8 WHERE k BETWEEN 4920392 AND 4920492
	Index Only Scan using k_8 on sbtest8  (cost=0.43..6.43 rows=100 width=4)
	  Index Cond: ((k >= 4920392) AND (k <= 4920492))

for range-covered
table 1 : explain SELECT k FROM sbtest1 WHERE k BETWEEN 8273830 AND 8273930
	Index Only Scan using k_1 on sbtest1  (cost=0.43..6.56 rows=106 width=4)
	  Index Cond: ((k >= 8273830) AND (k <= 8273930))

table 2 : explain SELECT k FROM sbtest2 WHERE k BETWEEN 8273830 AND 8273930
	Index Only Scan using k_2 on sbtest2  (cost=0.43..6.50 rows=103 width=4)
	  Index Cond: ((k >= 8273830) AND (k <= 8273930))

table 3 : explain SELECT k FROM sbtest3 WHERE k BETWEEN 8273830 AND 8273930
	Index Only Scan using k_3 on sbtest3  (cost=0.43..6.50 rows=103 width=4)
	  Index Cond: ((k >= 8273830) AND (k <= 8273930))

table 4 : explain SELECT k FROM sbtest4 WHERE k BETWEEN 8273830 AND 8273930
	Index Only Scan using k_4 on sbtest4  (cost=0.43..6.42 rows=99 width=4)
	  Index Cond: ((k >= 8273830) AND (k <= 8273930))

table 5 : explain SELECT k FROM sbtest5 WHERE k BETWEEN 8273830 AND 8273930
	Index Only Scan using k_5 on sbtest5  (cost=0.43..6.53 rows=105 width=4)
	  Index Cond: ((k >= 8273830) AND (k <= 8273930))

table 6 : explain SELECT k FROM sbtest6 WHERE k BETWEEN 8273830 AND 8273930
	Index Only Scan using k_6 on sbtest6  (cost=0.43..6.42 rows=99 width=4)
	  Index Cond: ((k >= 8273830) AND (k <= 8273930))

table 7 : explain SELECT k FROM sbtest7 WHERE k BETWEEN 8273830 AND 8273930
	Index Only Scan using k_7 on sbtest7  (cost=0.43..6.45 rows=101 width=4)
	  Index Cond: ((k >= 8273830) AND (k <= 8273930))

table 8 : explain SELECT k FROM sbtest8 WHERE k BETWEEN 8273830 AND 8273930
	Index Only Scan using k_8 on sbtest8  (cost=0.43..6.37 rows=97 width=4)
	  Index Cond: ((k >= 8273830) AND (k <= 8273930))

explain: for range-covered :: explain SELECT k FROM sbtest%d WHERE k BETWEEN 5797441 AND 5797541
explain: for range-covered :: explain SELECT k FROM sbtest%d WHERE k BETWEEN 3991360 AND 3991460explain: for range-covered :: explain SELECT k FROM sbtest%d WHERE k BETWEEN 4920392 AND 4920492

explain: for range-covered :: explain SELECT k FROM sbtest%d WHERE k BETWEEN 8409190 AND 8409290
explain: for range-covered :: explain SELECT k FROM sbtest%d WHERE k BETWEEN 8273830 AND 8273930
for range-covered
table 1 : explain SELECT k FROM sbtest1 WHERE k BETWEEN 8532840 AND 8532940
	Index Only Scan using k_1 on sbtest1  (cost=0.43..6.69 rows=113 width=4)
	  Index Cond: ((k >= 8532840) AND (k <= 8532940))

table 2 : explain SELECT k FROM sbtest2 WHERE k BETWEEN 8532840 AND 8532940
	Index Only Scan using k_2 on sbtest2  (cost=0.43..6.37 rows=97 width=4)
	  Index Cond: ((k >= 8532840) AND (k <= 8532940))

table 3 : explain SELECT k FROM sbtest3 WHERE k BETWEEN 8532840 AND 8532940
	Index Only Scan using k_3 on sbtest3  (cost=0.43..6.43 rows=100 width=4)
	  Index Cond: ((k >= 8532840) AND (k <= 8532940))

table 4 : explain SELECT k FROM sbtest4 WHERE k BETWEEN 8532840 AND 8532940
	Index Only Scan using k_4 on sbtest4  (cost=0.43..6.53 rows=105 width=4)
	  Index Cond: ((k >= 8532840) AND (k <= 8532940))

table 5 : explain SELECT k FROM sbtest5 WHERE k BETWEEN 8532840 AND 8532940
	Index Only Scan using k_5 on sbtest5  (cost=0.43..6.67 rows=112 width=4)
	  Index Cond: ((k >= 8532840) AND (k <= 8532940))

table 6 : explain SELECT k FROM sbtest6 WHERE k BETWEEN 8532840 AND 8532940
	Index Only Scan using k_6 on sbtest6  (cost=0.43..6.29 rows=93 width=4)
	  Index Cond: ((k >= 8532840) AND (k <= 8532940))

table 7 : explain SELECT k FROM sbtest7 WHERE k BETWEEN 8532840 AND 8532940
	Index Only Scan using k_7 on sbtest7  (cost=0.43..6.45 rows=101 width=4)
	  Index Cond: ((k >= 8532840) AND (k <= 8532940))

table 8 : explain SELECT k FROM sbtest8 WHERE k BETWEEN 8532840 AND 8532940
	Index Only Scan using k_8 on sbtest8  (cost=0.43..6.45 rows=101 width=4)
	  Index Cond: ((k >= 8532840) AND (k <= 8532940))

explain: for range-covered :: explain SELECT k FROM sbtest%d WHERE k BETWEEN 8532840 AND 8532940
for range-covered
table 1 : explain SELECT k FROM sbtest1 WHERE k BETWEEN 5797441 AND 5797541
	Index Only Scan using k_1 on sbtest1  (cost=0.43..6.37 rows=97 width=4)
	  Index Cond: ((k >= 5797441) AND (k <= 5797541))

table 2 : explain SELECT k FROM sbtest2 WHERE k BETWEEN 5797441 AND 5797541
	Index Only Scan using k_2 on sbtest2  (cost=0.43..6.47 rows=102 width=4)
	  Index Cond: ((k >= 5797441) AND (k <= 5797541))

table 3 : explain SELECT k FROM sbtest3 WHERE k BETWEEN 5797441 AND 5797541
	Index Only Scan using k_3 on sbtest3  (cost=0.43..6.40 rows=98 width=4)
	  Index Cond: ((k >= 5797441) AND (k <= 5797541))

table 4 : explain SELECT k FROM sbtest4 WHERE k BETWEEN 5797441 AND 5797541
	Index Only Scan using k_4 on sbtest4  (cost=0.43..6.53 rows=105 width=4)
	  Index Cond: ((k >= 5797441) AND (k <= 5797541))

table 5 : explain SELECT k FROM sbtest5 WHERE k BETWEEN 5797441 AND 5797541
	Index Only Scan using k_5 on sbtest5  (cost=0.43..6.56 rows=106 width=4)
	  Index Cond: ((k >= 5797441) AND (k <= 5797541))

table 6 : explain SELECT k FROM sbtest6 WHERE k BETWEEN 5797441 AND 5797541
	Index Only Scan using k_6 on sbtest6  (cost=0.43..6.63 rows=110 width=4)
	  Index Cond: ((k >= 5797441) AND (k <= 5797541))

table 7 : explain SELECT k FROM sbtest7 WHERE k BETWEEN 5797441 AND 5797541
	Index Only Scan using k_7 on sbtest7  (cost=0.43..6.45 rows=101 width=4)
	  Index Cond: ((k >= 5797441) AND (k <= 5797541))

table 8 : explain SELECT k FROM sbtest8 WHERE k BETWEEN 5797441 AND 5797541
	Index Only Scan using k_8 on sbtest8  (cost=0.43..6.51 rows=104 width=4)
	  Index Cond: ((k >= 5797441) AND (k <= 5797541))

for range-covered
table 1 : explain SELECT k FROM sbtest1 WHERE k BETWEEN 3991360 AND 3991460
	Index Only Scan using k_1 on sbtest1  (cost=0.43..6.50 rows=103 width=4)
	  Index Cond: ((k >= 3991360) AND (k <= 3991460))

table 2 : explain SELECT k FROM sbtest2 WHERE k BETWEEN 3991360 AND 3991460
	Index Only Scan using k_2 on sbtest2  (cost=0.43..6.43 rows=100 width=4)
	  Index Cond: ((k >= 3991360) AND (k <= 3991460))

table 3 : explain SELECT k FROM sbtest3 WHERE k BETWEEN 3991360 AND 3991460
	Index Only Scan using k_3 on sbtest3  (cost=0.43..6.32 rows=94 width=4)
	  Index Cond: ((k >= 3991360) AND (k <= 3991460))

table 4 : explain SELECT k FROM sbtest4 WHERE k BETWEEN 3991360 AND 3991460
	Index Only Scan using k_4 on sbtest4  (cost=0.43..6.32 rows=94 width=4)
	  Index Cond: ((k >= 3991360) AND (k <= 3991460))

table 5 : explain SELECT k FROM sbtest5 WHERE k BETWEEN 3991360 AND 3991460
	Index Only Scan using k_5 on sbtest5  (cost=0.43..6.47 rows=102 width=4)
	  Index Cond: ((k >= 3991360) AND (k <= 3991460))

table 6 : explain SELECT k FROM sbtest6 WHERE k BETWEEN 3991360 AND 3991460
	Index Only Scan using k_6 on sbtest6  (cost=0.43..6.47 rows=102 width=4)
	  Index Cond: ((k >= 3991360) AND (k <= 3991460))

table 7 : explain SELECT k FROM sbtest7 WHERE k BETWEEN 3991360 AND 3991460
	Index Only Scan using k_7 on sbtest7  (cost=0.43..6.45 rows=101 width=4)
	  Index Cond: ((k >= 3991360) AND (k <= 3991460))

table 8 : explain SELECT k FROM sbtest8 WHERE k BETWEEN 3991360 AND 3991460
	Index Only Scan using k_8 on sbtest8  (cost=0.43..6.45 rows=101 width=4)
	  Index Cond: ((k >= 3991360) AND (k <= 3991460))

explain: for range-covered :: explain SELECT k FROM sbtest%d WHERE k BETWEEN 5797441 AND 5797541
for range-covered
table 1 : explain SELECT k FROM sbtest1 WHERE k BETWEEN 8409190 AND 8409290
	Index Only Scan using k_1 on sbtest1  (cost=0.43..6.33 rows=95 width=4)
	  Index Cond: ((k >= 8409190) AND (k <= 8409290))

table 2 : explain SELECT k FROM sbtest2 WHERE k BETWEEN 8409190 AND 8409290
	Index Only Scan using k_2 on sbtest2  (cost=0.43..6.59 rows=108 width=4)
	  Index Cond: ((k >= 8409190) AND (k <= 8409290))

table 3 : explain SELECT k FROM sbtest3 WHERE k BETWEEN 8409190 AND 8409290
	Index Only Scan using k_3 on sbtest3  (cost=0.43..6.32 rows=94 width=4)
	  Index Cond: ((k >= 8409190) AND (k <= 8409290))

table 4 : explain SELECT k FROM sbtest4 WHERE k BETWEEN 8409190 AND 8409290
	Index Only Scan using k_4 on sbtest4  (cost=0.43..6.37 rows=97 width=4)
	  Index Cond: ((k >= 8409190) AND (k <= 8409290))

table 5 : explain SELECT k FROM sbtest5 WHERE k BETWEEN 8409190 AND 8409290
	Index Only Scan using k_5 on sbtest5  (cost=0.43..6.50 rows=103 width=4)
	  Index Cond: ((k >= 8409190) AND (k <= 8409290))

table 6 : explain SELECT k FROM sbtest6 WHERE k BETWEEN 8409190 AND 8409290
	Index Only Scan using k_6 on sbtest6  (cost=0.43..6.59 rows=108 width=4)
	  Index Cond: ((k >= 8409190) AND (k <= 8409290))

table 7 : explain SELECT k FROM sbtest7 WHERE k BETWEEN 8409190 AND 8409290
	Index Only Scan using k_7 on sbtest7  (cost=0.43..6.67 rows=112 width=4)
	  Index Cond: ((k >= 8409190) AND (k <= 8409290))

table 8 : explain SELECT k FROM sbtest8 WHERE k BETWEEN 8409190 AND 8409290
	Index Only Scan using k_8 on sbtest8  (cost=0.43..6.42 rows=99 width=4)
	  Index Cond: ((k >= 8409190) AND (k <= 8409290))

for range-covered
table 1 : explain SELECT k FROM sbtest1 WHERE k BETWEEN 4920392 AND 4920492
	Index Only Scan using k_1 on sbtest1  (cost=0.43..6.43 rows=100 width=4)
	  Index Cond: ((k >= 4920392) AND (k <= 4920492))

table 2 : explain SELECT k FROM sbtest2 WHERE k BETWEEN 4920392 AND 4920492
	Index Only Scan using k_2 on sbtest2  (cost=0.43..6.33 rows=95 width=4)
	  Index Cond: ((k >= 4920392) AND (k <= 4920492))

table 3 : explain SELECT k FROM sbtest3 WHERE k BETWEEN 4920392 AND 4920492
	Index Only Scan using k_3 on sbtest3  (cost=0.43..6.63 rows=110 width=4)
	  Index Cond: ((k >= 4920392) AND (k <= 4920492))

table 4 : explain SELECT k FROM sbtest4 WHERE k BETWEEN 4920392 AND 4920492
	Index Only Scan using k_4 on sbtest4  (cost=0.43..6.51 rows=104 width=4)
	  Index Cond: ((k >= 4920392) AND (k <= 4920492))

table 5 : explain SELECT k FROM sbtest5 WHERE k BETWEEN 4920392 AND 4920492
	Index Only Scan using k_5 on sbtest5  (cost=0.43..6.37 rows=97 width=4)
	  Index Cond: ((k >= 4920392) AND (k <= 4920492))

table 6 : explain SELECT k FROM sbtest6 WHERE k BETWEEN 4920392 AND 4920492
	Index Only Scan using k_6 on sbtest6  (cost=0.43..6.45 rows=101 width=4)
	  Index Cond: ((k >= 4920392) AND (k <= 4920492))

table 7 : explain SELECT k FROM sbtest7 WHERE k BETWEEN 4920392 AND 4920492
	Index Only Scan using k_7 on sbtest7  (cost=0.43..6.45 rows=101 width=4)
	  Index Cond: ((k >= 4920392) AND (k <= 4920492))

table 8 : explain SELECT k FROM sbtest8 WHERE k BETWEEN 4920392 AND 4920492
	Index Only Scan using k_8 on sbtest8  (cost=0.43..6.43 rows=100 width=4)
	  Index Cond: ((k >= 4920392) AND (k <= 4920492))

for range-covered
table 1 : explain SELECT k FROM sbtest1 WHERE k BETWEEN 8273830 AND 8273930
	Index Only Scan using k_1 on sbtest1  (cost=0.43..6.56 rows=106 width=4)
	  Index Cond: ((k >= 8273830) AND (k <= 8273930))

table 2 : explain SELECT k FROM sbtest2 WHERE k BETWEEN 8273830 AND 8273930
	Index Only Scan using k_2 on sbtest2  (cost=0.43..6.50 rows=103 width=4)
	  Index Cond: ((k >= 8273830) AND (k <= 8273930))

table 3 : explain SELECT k FROM sbtest3 WHERE k BETWEEN 8273830 AND 8273930
	Index Only Scan using k_3 on sbtest3  (cost=0.43..6.50 rows=103 width=4)
	  Index Cond: ((k >= 8273830) AND (k <= 8273930))

table 4 : explain SELECT k FROM sbtest4 WHERE k BETWEEN 8273830 AND 8273930
	Index Only Scan using k_4 on sbtest4  (cost=0.43..6.42 rows=99 width=4)
	  Index Cond: ((k >= 8273830) AND (k <= 8273930))

table 5 : explain SELECT k FROM sbtest5 WHERE k BETWEEN 8273830 AND 8273930
	Index Only Scan using k_5 on sbtest5  (cost=0.43..6.53 rows=105 width=4)
	  Index Cond: ((k >= 8273830) AND (k <= 8273930))

table 6 : explain SELECT k FROM sbtest6 WHERE k BETWEEN 8273830 AND 8273930
	Index Only Scan using k_6 on sbtest6  (cost=0.43..6.42 rows=99 width=4)
	  Index Cond: ((k >= 8273830) AND (k <= 8273930))

table 7 : explain SELECT k FROM sbtest7 WHERE k BETWEEN 8273830 AND 8273930
	Index Only Scan using k_7 on sbtest7  (cost=0.43..6.45 rows=101 width=4)
	  Index Cond: ((k >= 8273830) AND (k <= 8273930))

table 8 : explain SELECT k FROM sbtest8 WHERE k BETWEEN 8273830 AND 8273930
	Index Only Scan using k_8 on sbtest8  (cost=0.43..6.37 rows=97 width=4)
	  Index Cond: ((k >= 8273830) AND (k <= 8273930))

explain: for range-covered :: explain SELECT k FROM sbtest%d WHERE k BETWEEN 3991360 AND 3991460
explain: for range-covered :: explain SELECT k FROM sbtest%d WHERE k BETWEEN 8409190 AND 8409290
explain: for range-covered :: explain SELECT k FROM sbtest%d WHERE k BETWEEN 4920392 AND 4920492for range-covered
table 1 : explain SELECT k FROM sbtest1 WHERE k BETWEEN 3287288 AND 3287388
	Index Only Scan using k_1 on sbtest1  (cost=0.43..6.42 rows=99 width=4)
	  Index Cond: ((k >= 3287288) AND (k <= 3287388))

table 2 : explain SELECT k FROM sbtest2 WHERE k BETWEEN 3287288 AND 3287388
	Index Only Scan using k_2 on sbtest2  (cost=0.43..6.33 rows=95 width=4)
	  Index Cond: ((k >= 3287288) AND (k <= 3287388))

table 3 : explain SELECT k FROM sbtest3 WHERE k BETWEEN 3287288 AND 3287388
	Index Only Scan using k_3 on sbtest3  (cost=0.43..6.53 rows=105 width=4)
	  Index Cond: ((k >= 3287288) AND (k <= 3287388))

table 4 : explain SELECT k FROM sbtest4 WHERE k BETWEEN 3287288 AND 3287388
	Index Only Scan using k_4 on sbtest4  (cost=0.43..6.43 rows=100 width=4)
	  Index Cond: ((k >= 3287288) AND (k <= 3287388))

table 5 : explain SELECT k FROM sbtest5 WHERE k BETWEEN 3287288 AND 3287388
	Index Only Scan using k_5 on sbtest5  (cost=0.43..6.27 rows=92 width=4)
	  Index Cond: ((k >= 3287288) AND (k <= 3287388))

table 6 : explain SELECT k FROM sbtest6 WHERE k BETWEEN 3287288 AND 3287388
	Index Only Scan using k_6 on sbtest6  (cost=0.43..6.61 rows=109 width=4)
	  Index Cond: ((k >= 3287288) AND (k <= 3287388))

table 7 : explain SELECT k FROM sbtest7 WHERE k BETWEEN 3287288 AND 3287388
	Index Only Scan using k_7 on sbtest7  (cost=0.43..6.47 rows=102 width=4)
	  Index Cond: ((k >= 3287288) AND (k <= 3287388))

table 8 : explain SELECT k FROM sbtest8 WHERE k BETWEEN 3287288 AND 3287388
	Index Only Scan using k_8 on sbtest8  (cost=0.43..6.42 rows=99 width=4)
	  Index Cond: ((k >= 3287288) AND (k <= 3287388))


explain: for range-covered :: explain SELECT k FROM sbtest%d WHERE k BETWEEN 8273830 AND 8273930
explain: for range-covered :: explain SELECT k FROM sbtest%d WHERE k BETWEEN 3287288 AND 3287388
for range-covered
table 1 : explain SELECT k FROM sbtest1 WHERE k BETWEEN 8532840 AND 8532940
	Index Only Scan using k_1 on sbtest1  (cost=0.43..6.69 rows=113 width=4)
	  Index Cond: ((k >= 8532840) AND (k <= 8532940))

table 2 : explain SELECT k FROM sbtest2 WHERE k BETWEEN 8532840 AND 8532940
	Index Only Scan using k_2 on sbtest2  (cost=0.43..6.37 rows=97 width=4)
	  Index Cond: ((k >= 8532840) AND (k <= 8532940))

table 3 : explain SELECT k FROM sbtest3 WHERE k BETWEEN 8532840 AND 8532940
	Index Only Scan using k_3 on sbtest3  (cost=0.43..6.43 rows=100 width=4)
	  Index Cond: ((k >= 8532840) AND (k <= 8532940))

table 4 : explain SELECT k FROM sbtest4 WHERE k BETWEEN 8532840 AND 8532940
	Index Only Scan using k_4 on sbtest4  (cost=0.43..6.53 rows=105 width=4)
	  Index Cond: ((k >= 8532840) AND (k <= 8532940))

table 5 : explain SELECT k FROM sbtest5 WHERE k BETWEEN 8532840 AND 8532940
	Index Only Scan using k_5 on sbtest5  (cost=0.43..6.67 rows=112 width=4)
	  Index Cond: ((k >= 8532840) AND (k <= 8532940))

table 6 : explain SELECT k FROM sbtest6 WHERE k BETWEEN 8532840 AND 8532940
	Index Only Scan using k_6 on sbtest6  (cost=0.43..6.29 rows=93 width=4)
	  Index Cond: ((k >= 8532840) AND (k <= 8532940))

table 7 : explain SELECT k FROM sbtest7 WHERE k BETWEEN 8532840 AND 8532940
	Index Only Scan using k_7 on sbtest7  (cost=0.43..6.45 rows=101 width=4)
	  Index Cond: ((k >= 8532840) AND (k <= 8532940))

table 8 : explain SELECT k FROM sbtest8 WHERE k BETWEEN 8532840 AND 8532940
	Index Only Scan using k_8 on sbtest8  (cost=0.43..6.45 rows=101 width=4)
	  Index Cond: ((k >= 8532840) AND (k <= 8532940))

explain: for range-covered :: explain SELECT k FROM sbtest%d WHERE k BETWEEN 8532840 AND 8532940
for range-covered
table 1 : explain SELECT k FROM sbtest1 WHERE k BETWEEN 5797441 AND 5797541
	Index Only Scan using k_1 on sbtest1  (cost=0.43..6.37 rows=97 width=4)
	  Index Cond: ((k >= 5797441) AND (k <= 5797541))

table 2 : explain SELECT k FROM sbtest2 WHERE k BETWEEN 5797441 AND 5797541
	Index Only Scan using k_2 on sbtest2  (cost=0.43..6.47 rows=102 width=4)
	  Index Cond: ((k >= 5797441) AND (k <= 5797541))

table 3 : explain SELECT k FROM sbtest3 WHERE k BETWEEN 5797441 AND 5797541
	Index Only Scan using k_3 on sbtest3  (cost=0.43..6.40 rows=98 width=4)
	  Index Cond: ((k >= 5797441) AND (k <= 5797541))

table 4 : explain SELECT k FROM sbtest4 WHERE k BETWEEN 5797441 AND 5797541
	Index Only Scan using k_4 on sbtest4  (cost=0.43..6.53 rows=105 width=4)
	  Index Cond: ((k >= 5797441) AND (k <= 5797541))

table 5 : explain SELECT k FROM sbtest5 WHERE k BETWEEN 5797441 AND 5797541
	Index Only Scan using k_5 on sbtest5  (cost=0.43..6.56 rows=106 width=4)
	  Index Cond: ((k >= 5797441) AND (k <= 5797541))

table 6 : explain SELECT k FROM sbtest6 WHERE k BETWEEN 5797441 AND 5797541
	Index Only Scan using k_6 on sbtest6  (cost=0.43..6.63 rows=110 width=4)
	  Index Cond: ((k >= 5797441) AND (k <= 5797541))

table 7 : explain SELECT k FROM sbtest7 WHERE k BETWEEN 5797441 AND 5797541
	Index Only Scan using k_7 on sbtest7  (cost=0.43..6.45 rows=101 width=4)
	  Index Cond: ((k >= 5797441) AND (k <= 5797541))

table 8 : explain SELECT k FROM sbtest8 WHERE k BETWEEN 5797441 AND 5797541
	Index Only Scan using k_8 on sbtest8  (cost=0.43..6.51 rows=104 width=4)
	  Index Cond: ((k >= 5797441) AND (k <= 5797541))

explain: for range-covered :: explain SELECT k FROM sbtest%d WHERE k BETWEEN 5797441 AND 5797541
for range-covered
table 1 : explain SELECT k FROM sbtest1 WHERE k BETWEEN 3991360 AND 3991460
	Index Only Scan using k_1 on sbtest1  (cost=0.43..6.50 rows=103 width=4)
	  Index Cond: ((k >= 3991360) AND (k <= 3991460))

table 2 : explain SELECT k FROM sbtest2 WHERE k BETWEEN 3991360 AND 3991460
	Index Only Scan using k_2 on sbtest2  (cost=0.43..6.43 rows=100 width=4)
	  Index Cond: ((k >= 3991360) AND (k <= 3991460))

table 3 : explain SELECT k FROM sbtest3 WHERE k BETWEEN 3991360 AND 3991460
	Index Only Scan using k_3 on sbtest3  (cost=0.43..6.32 rows=94 width=4)
	  Index Cond: ((k >= 3991360) AND (k <= 3991460))

table 4 : explain SELECT k FROM sbtest4 WHERE k BETWEEN 3991360 AND 3991460
	Index Only Scan using k_4 on sbtest4  (cost=0.43..6.32 rows=94 width=4)
	  Index Cond: ((k >= 3991360) AND (k <= 3991460))

table 5 : explain SELECT k FROM sbtest5 WHERE k BETWEEN 3991360 AND 3991460
	Index Only Scan using k_5 on sbtest5  (cost=0.43..6.47 rows=102 width=4)
	  Index Cond: ((k >= 3991360) AND (k <= 3991460))

table 6 : explain SELECT k FROM sbtest6 WHERE k BETWEEN 3991360 AND 3991460
	Index Only Scan using k_6 on sbtest6  (cost=0.43..6.47 rows=102 width=4)
	  Index Cond: ((k >= 3991360) AND (k <= 3991460))

table 7 : explain SELECT k FROM sbtest7 WHERE k BETWEEN 3991360 AND 3991460
	Index Only Scan using k_7 on sbtest7  (cost=0.43..6.45 rows=101 width=4)
	  Index Cond: ((k >= 3991360) AND (k <= 3991460))

table 8 : explain SELECT k FROM sbtest8 WHERE k BETWEEN 3991360 AND 3991460
	Index Only Scan using k_8 on sbtest8  (cost=0.43..6.45 rows=101 width=4)
	  Index Cond: ((k >= 3991360) AND (k <= 3991460))

for range-covered
table 1 : explain SELECT k FROM sbtest1 WHERE k BETWEEN 8409190 AND 8409290
	Index Only Scan using k_1 on sbtest1  (cost=0.43..6.33 rows=95 width=4)
	  Index Cond: ((k >= 8409190) AND (k <= 8409290))

table 2 : explain SELECT k FROM sbtest2 WHERE k BETWEEN 8409190 AND 8409290
	Index Only Scan using k_2 on sbtest2  (cost=0.43..6.59 rows=108 width=4)
	  Index Cond: ((k >= 8409190) AND (k <= 8409290))

table 3 : explain SELECT k FROM sbtest3 WHERE k BETWEEN 8409190 AND 8409290
	Index Only Scan using k_3 on sbtest3  (cost=0.43..6.32 rows=94 width=4)
	  Index Cond: ((k >= 8409190) AND (k <= 8409290))

table 4 : explain SELECT k FROM sbtest4 WHERE k BETWEEN 8409190 AND 8409290
	Index Only Scan using k_4 on sbtest4  (cost=0.43..6.37 rows=97 width=4)
	  Index Cond: ((k >= 8409190) AND (k <= 8409290))

table 5 : explain SELECT k FROM sbtest5 WHERE k BETWEEN 8409190 AND 8409290
	Index Only Scan using k_5 on sbtest5  (cost=0.43..6.50 rows=103 width=4)
	  Index Cond: ((k >= 8409190) AND (k <= 8409290))

table 6 : explain SELECT k FROM sbtest6 WHERE k BETWEEN 8409190 AND 8409290
	Index Only Scan using k_6 on sbtest6  (cost=0.43..6.59 rows=108 width=4)
	  Index Cond: ((k >= 8409190) AND (k <= 8409290))

table 7 : explain SELECT k FROM sbtest7 WHERE k BETWEEN 8409190 AND 8409290
	Index Only Scan using k_7 on sbtest7  (cost=0.43..6.67 rows=112 width=4)
	  Index Cond: ((k >= 8409190) AND (k <= 8409290))

table 8 : explain SELECT k FROM sbtest8 WHERE k BETWEEN 8409190 AND 8409290
	Index Only Scan using k_8 on sbtest8  (cost=0.43..6.42 rows=99 width=4)
	  Index Cond: ((k >= 8409190) AND (k <= 8409290))

for range-covered
table 1 : explain SELECT k FROM sbtest1 WHERE k BETWEEN 8273830 AND 8273930
	Index Only Scan using k_1 on sbtest1  (cost=0.43..6.56 rows=106 width=4)
	  Index Cond: ((k >= 8273830) AND (k <= 8273930))

table 2 : explain SELECT k FROM sbtest2 WHERE k BETWEEN 8273830 AND 8273930
	Index Only Scan using k_2 on sbtest2  (cost=0.43..6.50 rows=103 width=4)
	  Index Cond: ((k >= 8273830) AND (k <= 8273930))

table 3 : explain SELECT k FROM sbtest3 WHERE k BETWEEN 8273830 AND 8273930
	Index Only Scan using k_3 on sbtest3  (cost=0.43..6.50 rows=103 width=4)
	  Index Cond: ((k >= 8273830) AND (k <= 8273930))

table 4 : explain SELECT k FROM sbtest4 WHERE k BETWEEN 8273830 AND 8273930
	Index Only Scan using k_4 on sbtest4  (cost=0.43..6.42 rows=99 width=4)
	  Index Cond: ((k >= 8273830) AND (k <= 8273930))

table 5 : explain SELECT k FROM sbtest5 WHERE k BETWEEN 8273830 AND 8273930
	Index Only Scan using k_5 on sbtest5  (cost=0.43..6.53 rows=105 width=4)
	  Index Cond: ((k >= 8273830) AND (k <= 8273930))

table 6 : explain SELECT k FROM sbtest6 WHERE k BETWEEN 8273830 AND 8273930
	Index Only Scan using k_6 on sbtest6  (cost=0.43..6.42 rows=99 width=4)
	  Index Cond: ((k >= 8273830) AND (k <= 8273930))

table 7 : explain SELECT k FROM sbtest7 WHERE k BETWEEN 8273830 AND 8273930
	Index Only Scan using k_7 on sbtest7  (cost=0.43..6.45 rows=101 width=4)
	  Index Cond: ((k >= 8273830) AND (k <= 8273930))

table 8 : explain SELECT k FROM sbtest8 WHERE k BETWEEN 8273830 AND 8273930
	Index Only Scan using k_8 on sbtest8  (cost=0.43..6.37 rows=97 width=4)
	  Index Cond: ((k >= 8273830) AND (k <= 8273930))

explain: for range-covered :: explain SELECT k FROM sbtest%d WHERE k BETWEEN 3991360 AND 3991460
for range-covered
table 1 : explain SELECT k FROM sbtest1 WHERE k BETWEEN 4920392 AND 4920492
	Index Only Scan using k_1 on sbtest1  (cost=0.43..6.43 rows=100 width=4)
	  Index Cond: ((k >= 4920392) AND (k <= 4920492))

table 2 : explain SELECT k FROM sbtest2 WHERE k BETWEEN 4920392 AND 4920492
	Index Only Scan using k_2 on sbtest2  (cost=0.43..6.33 rows=95 width=4)
	  Index Cond: ((k >= 4920392) AND (k <= 4920492))

table 3 : explain SELECT k FROM sbtest3 WHERE k BETWEEN 4920392 AND 4920492
	Index Only Scan using k_3 on sbtest3  (cost=0.43..6.63 rows=110 width=4)
	  Index Cond: ((k >= 4920392) AND (k <= 4920492))

table 4 : explain SELECT k FROM sbtest4 WHERE k BETWEEN 4920392 AND 4920492
	Index Only Scan using k_4 on sbtest4  (cost=0.43..6.51 rows=104 width=4)
	  Index Cond: ((k >= 4920392) AND (k <= 4920492))

table 5 : explain SELECT k FROM sbtest5 WHERE k BETWEEN 4920392 AND 4920492
	Index Only Scan using k_5 on sbtest5  (cost=0.43..6.37 rows=97 width=4)
	  Index Cond: ((k >= 4920392) AND (k <= 4920492))

table 6 : explain SELECT k FROM sbtest6 WHERE k BETWEEN 4920392 AND 4920492
	Index Only Scan using k_6 on sbtest6  (cost=0.43..6.45 rows=101 width=4)
	  Index Cond: ((k >= 4920392) AND (k <= 4920492))

table 7 : explain SELECT k FROM sbtest7 WHERE k BETWEEN 4920392 AND 4920492
	Index Only Scan using k_7 on sbtest7  (cost=0.43..6.45 rows=101 width=4)
	  Index Cond: ((k >= 4920392) AND (k <= 4920492))

table 8 : explain SELECT k FROM sbtest8 WHERE k BETWEEN 4920392 AND 4920492
	Index Only Scan using k_8 on sbtest8  (cost=0.43..6.43 rows=100 width=4)
	  Index Cond: ((k >= 4920392) AND (k <= 4920492))

explain: for range-covered :: explain SELECT k FROM sbtest%d WHERE k BETWEEN 8409190 AND 8409290
explain: for range-covered :: explain SELECT k FROM sbtest%d WHERE k BETWEEN 8273830 AND 8273930
explain: for range-covered :: explain SELECT k FROM sbtest%d WHERE k BETWEEN 4920392 AND 4920492
for range-covered
table 1 : explain SELECT k FROM sbtest1 WHERE k BETWEEN 3287288 AND 3287388
	Index Only Scan using k_1 on sbtest1  (cost=0.43..6.42 rows=99 width=4)
	  Index Cond: ((k >= 3287288) AND (k <= 3287388))

table 2 : explain SELECT k FROM sbtest2 WHERE k BETWEEN 3287288 AND 3287388
	Index Only Scan using k_2 on sbtest2  (cost=0.43..6.33 rows=95 width=4)
	  Index Cond: ((k >= 3287288) AND (k <= 3287388))

table 3 : explain SELECT k FROM sbtest3 WHERE k BETWEEN 3287288 AND 3287388
	Index Only Scan using k_3 on sbtest3  (cost=0.43..6.53 rows=105 width=4)
	  Index Cond: ((k >= 3287288) AND (k <= 3287388))

table 4 : explain SELECT k FROM sbtest4 WHERE k BETWEEN 3287288 AND 3287388
	Index Only Scan using k_4 on sbtest4  (cost=0.43..6.43 rows=100 width=4)
	  Index Cond: ((k >= 3287288) AND (k <= 3287388))

table 5 : explain SELECT k FROM sbtest5 WHERE k BETWEEN 3287288 AND 3287388
	Index Only Scan using k_5 on sbtest5  (cost=0.43..6.27 rows=92 width=4)
	  Index Cond: ((k >= 3287288) AND (k <= 3287388))

table 6 : explain SELECT k FROM sbtest6 WHERE k BETWEEN 3287288 AND 3287388
	Index Only Scan using k_6 on sbtest6  (cost=0.43..6.61 rows=109 width=4)
	  Index Cond: ((k >= 3287288) AND (k <= 3287388))

table 7 : explain SELECT k FROM sbtest7 WHERE k BETWEEN 3287288 AND 3287388
	Index Only Scan using k_7 on sbtest7  (cost=0.43..6.47 rows=102 width=4)
	  Index Cond: ((k >= 3287288) AND (k <= 3287388))

table 8 : explain SELECT k FROM sbtest8 WHERE k BETWEEN 3287288 AND 3287388
	Index Only Scan using k_8 on sbtest8  (cost=0.43..6.42 rows=99 width=4)
	  Index Cond: ((k >= 3287288) AND (k <= 3287388))

explain: for range-covered :: explain SELECT k FROM sbtest%d WHERE k BETWEEN 3287288 AND 3287388
for range-covered
table 1 : explain SELECT k FROM sbtest1 WHERE k BETWEEN 8532840 AND 8532940
	Index Only Scan using k_1 on sbtest1  (cost=0.43..6.69 rows=113 width=4)
	  Index Cond: ((k >= 8532840) AND (k <= 8532940))

table 2 : explain SELECT k FROM sbtest2 WHERE k BETWEEN 8532840 AND 8532940
	Index Only Scan using k_2 on sbtest2  (cost=0.43..6.37 rows=97 width=4)
	  Index Cond: ((k >= 8532840) AND (k <= 8532940))

table 3 : explain SELECT k FROM sbtest3 WHERE k BETWEEN 8532840 AND 8532940
	Index Only Scan using k_3 on sbtest3  (cost=0.43..6.43 rows=100 width=4)
	  Index Cond: ((k >= 8532840) AND (k <= 8532940))

table 4 : explain SELECT k FROM sbtest4 WHERE k BETWEEN 8532840 AND 8532940
	Index Only Scan using k_4 on sbtest4  (cost=0.43..6.53 rows=105 width=4)
	  Index Cond: ((k >= 8532840) AND (k <= 8532940))

table 5 : explain SELECT k FROM sbtest5 WHERE k BETWEEN 8532840 AND 8532940
	Index Only Scan using k_5 on sbtest5  (cost=0.43..6.67 rows=112 width=4)
	  Index Cond: ((k >= 8532840) AND (k <= 8532940))

table 6 : explain SELECT k FROM sbtest6 WHERE k BETWEEN 8532840 AND 8532940
	Index Only Scan using k_6 on sbtest6  (cost=0.43..6.29 rows=93 width=4)
	  Index Cond: ((k >= 8532840) AND (k <= 8532940))

table 7 : explain SELECT k FROM sbtest7 WHERE k BETWEEN 8532840 AND 8532940
	Index Only Scan using k_7 on sbtest7  (cost=0.43..6.45 rows=101 width=4)
	  Index Cond: ((k >= 8532840) AND (k <= 8532940))

table 8 : explain SELECT k FROM sbtest8 WHERE k BETWEEN 8532840 AND 8532940
	Index Only Scan using k_8 on sbtest8  (cost=0.43..6.45 rows=101 width=4)
	  Index Cond: ((k >= 8532840) AND (k <= 8532940))

explain: for range-covered :: explain SELECT k FROM sbtest%d WHERE k BETWEEN 8532840 AND 8532940
for range-covered
table 1 : explain SELECT k FROM sbtest1 WHERE k BETWEEN 5797441 AND 5797541
	Index Only Scan using k_1 on sbtest1  (cost=0.43..6.37 rows=97 width=4)
	  Index Cond: ((k >= 5797441) AND (k <= 5797541))

table 2 : explain SELECT k FROM sbtest2 WHERE k BETWEEN 5797441 AND 5797541
	Index Only Scan using k_2 on sbtest2  (cost=0.43..6.47 rows=102 width=4)
	  Index Cond: ((k >= 5797441) AND (k <= 5797541))

table 3 : explain SELECT k FROM sbtest3 WHERE k BETWEEN 5797441 AND 5797541
	Index Only Scan using k_3 on sbtest3  (cost=0.43..6.40 rows=98 width=4)
	  Index Cond: ((k >= 5797441) AND (k <= 5797541))

table 4 : explain SELECT k FROM sbtest4 WHERE k BETWEEN 5797441 AND 5797541
	Index Only Scan using k_4 on sbtest4  (cost=0.43..6.53 rows=105 width=4)
	  Index Cond: ((k >= 5797441) AND (k <= 5797541))

table 5 : explain SELECT k FROM sbtest5 WHERE k BETWEEN 5797441 AND 5797541
	Index Only Scan using k_5 on sbtest5  (cost=0.43..6.56 rows=106 width=4)
	  Index Cond: ((k >= 5797441) AND (k <= 5797541))

table 6 : explain SELECT k FROM sbtest6 WHERE k BETWEEN 5797441 AND 5797541
	Index Only Scan using k_6 on sbtest6  (cost=0.43..6.63 rows=110 width=4)
	  Index Cond: ((k >= 5797441) AND (k <= 5797541))

table 7 : explain SELECT k FROM sbtest7 WHERE k BETWEEN 5797441 AND 5797541
	Index Only Scan using k_7 on sbtest7  (cost=0.43..6.45 rows=101 width=4)
	  Index Cond: ((k >= 5797441) AND (k <= 5797541))

table 8 : explain SELECT k FROM sbtest8 WHERE k BETWEEN 5797441 AND 5797541
	Index Only Scan using k_8 on sbtest8  (cost=0.43..6.51 rows=104 width=4)
	  Index Cond: ((k >= 5797441) AND (k <= 5797541))

for range-covered
table 1 : explain SELECT k FROM sbtest1 WHERE k BETWEEN 3991360 AND 3991460
	Index Only Scan using k_1 on sbtest1  (cost=0.43..6.50 rows=103 width=4)
	  Index Cond: ((k >= 3991360) AND (k <= 3991460))

table 2 : explain SELECT k FROM sbtest2 WHERE k BETWEEN 3991360 AND 3991460
	Index Only Scan using k_2 on sbtest2  (cost=0.43..6.43 rows=100 width=4)
	  Index Cond: ((k >= 3991360) AND (k <= 3991460))

table 3 : explain SELECT k FROM sbtest3 WHERE k BETWEEN 3991360 AND 3991460
	Index Only Scan using k_3 on sbtest3  (cost=0.43..6.32 rows=94 width=4)
	  Index Cond: ((k >= 3991360) AND (k <= 3991460))

table 4 : explain SELECT k FROM sbtest4 WHERE k BETWEEN 3991360 AND 3991460
	Index Only Scan using k_4 on sbtest4  (cost=0.43..6.32 rows=94 width=4)
	  Index Cond: ((k >= 3991360) AND (k <= 3991460))

table 5 : explain SELECT k FROM sbtest5 WHERE k BETWEEN 3991360 AND 3991460
	Index Only Scan using k_5 on sbtest5  (cost=0.43..6.47 rows=102 width=4)
	  Index Cond: ((k >= 3991360) AND (k <= 3991460))

table 6 : explain SELECT k FROM sbtest6 WHERE k BETWEEN 3991360 AND 3991460
	Index Only Scan using k_6 on sbtest6  (cost=0.43..6.47 rows=102 width=4)
	  Index Cond: ((k >= 3991360) AND (k <= 3991460))

table 7 : explain SELECT k FROM sbtest7 WHERE k BETWEEN 3991360 AND 3991460
	Index Only Scan using k_7 on sbtest7  (cost=0.43..6.45 rows=101 width=4)
	  Index Cond: ((k >= 3991360) AND (k <= 3991460))

table 8 : explain SELECT k FROM sbtest8 WHERE k BETWEEN 3991360 AND 3991460
	Index Only Scan using k_8 on sbtest8  (cost=0.43..6.45 rows=101 width=4)
	  Index Cond: ((k >= 3991360) AND (k <= 3991460))

for range-covered
table 1 : explain SELECT k FROM sbtest1 WHERE k BETWEEN 8409190 AND 8409290
	Index Only Scan using k_1 on sbtest1  (cost=0.43..6.33 rows=95 width=4)
	  Index Cond: ((k >= 8409190) AND (k <= 8409290))

table 2 : explain SELECT k FROM sbtest2 WHERE k BETWEEN 8409190 AND 8409290
	Index Only Scan using k_2 on sbtest2  (cost=0.43..6.59 rows=108 width=4)
	  Index Cond: ((k >= 8409190) AND (k <= 8409290))

table 3 : explain SELECT k FROM sbtest3 WHERE k BETWEEN 8409190 AND 8409290
	Index Only Scan using k_3 on sbtest3  (cost=0.43..6.32 rows=94 width=4)
	  Index Cond: ((k >= 8409190) AND (k <= 8409290))

table 4 : explain SELECT k FROM sbtest4 WHERE k BETWEEN 8409190 AND 8409290
	Index Only Scan using k_4 on sbtest4  (cost=0.43..6.37 rows=97 width=4)
	  Index Cond: ((k >= 8409190) AND (k <= 8409290))

table 5 : explain SELECT k FROM sbtest5 WHERE k BETWEEN 8409190 AND 8409290
	Index Only Scan using k_5 on sbtest5  (cost=0.43..6.50 rows=103 width=4)
	  Index Cond: ((k >= 8409190) AND (k <= 8409290))

table 6 : explain SELECT k FROM sbtest6 WHERE k BETWEEN 8409190 AND 8409290
	Index Only Scan using k_6 on sbtest6  (cost=0.43..6.59 rows=108 width=4)
	  Index Cond: ((k >= 8409190) AND (k <= 8409290))

table 7 : explain SELECT k FROM sbtest7 WHERE k BETWEEN 8409190 AND 8409290
	Index Only Scan using k_7 on sbtest7  (cost=0.43..6.67 rows=112 width=4)
	  Index Cond: ((k >= 8409190) AND (k <= 8409290))

table 8 : explain SELECT k FROM sbtest8 WHERE k BETWEEN 8409190 AND 8409290
	Index Only Scan using k_8 on sbtest8  (cost=0.43..6.42 rows=99 width=4)
	  Index Cond: ((k >= 8409190) AND (k <= 8409290))

for range-covered
table 1 : explain SELECT k FROM sbtest1 WHERE k BETWEEN 8273830 AND 8273930
	Index Only Scan using k_1 on sbtest1  (cost=0.43..6.56 rows=106 width=4)
	  Index Cond: ((k >= 8273830) AND (k <= 8273930))

table 2 : explain SELECT k FROM sbtest2 WHERE k BETWEEN 8273830 AND 8273930
	Index Only Scan using k_2 on sbtest2  (cost=0.43..6.50 rows=103 width=4)
	  Index Cond: ((k >= 8273830) AND (k <= 8273930))

table 3 : explain SELECT k FROM sbtest3 WHERE k BETWEEN 8273830 AND 8273930
	Index Only Scan using k_3 on sbtest3  (cost=0.43..6.50 rows=103 width=4)
	  Index Cond: ((k >= 8273830) AND (k <= 8273930))

table 4 : explain SELECT k FROM sbtest4 WHERE k BETWEEN 8273830 AND 8273930
	Index Only Scan using k_4 on sbtest4  (cost=0.43..6.42 rows=99 width=4)
	  Index Cond: ((k >= 8273830) AND (k <= 8273930))

table 5 : explain SELECT k FROM sbtest5 WHERE k BETWEEN 8273830 AND 8273930
	Index Only Scan using k_5 on sbtest5  (cost=0.43..6.53 rows=105 width=4)
	  Index Cond: ((k >= 8273830) AND (k <= 8273930))

table 6 : explain SELECT k FROM sbtest6 WHERE k BETWEEN 8273830 AND 8273930
	Index Only Scan using k_6 on sbtest6  (cost=0.43..6.42 rows=99 width=4)
	  Index Cond: ((k >= 8273830) AND (k <= 8273930))

table 7 : explain SELECT k FROM sbtest7 WHERE k BETWEEN 8273830 AND 8273930
	Index Only Scan using k_7 on sbtest7  (cost=0.43..6.45 rows=101 width=4)
	  Index Cond: ((k >= 8273830) AND (k <= 8273930))

table 8 : explain SELECT k FROM sbtest8 WHERE k BETWEEN 8273830 AND 8273930
	Index Only Scan using k_8 on sbtest8  (cost=0.43..6.37 rows=97 width=4)
	  Index Cond: ((k >= 8273830) AND (k <= 8273930))

for range-covered
table 1 : explain SELECT k FROM sbtest1 WHERE k BETWEEN 4920392 AND 4920492
	Index Only Scan using k_1 on sbtest1  (cost=0.43..6.43 rows=100 width=4)
	  Index Cond: ((k >= 4920392) AND (k <= 4920492))

table 2 : explain SELECT k FROM sbtest2 WHERE k BETWEEN 4920392 AND 4920492
	Index Only Scan using k_2 on sbtest2  (cost=0.43..6.33 rows=95 width=4)
	  Index Cond: ((k >= 4920392) AND (k <= 4920492))

table 3 : explain SELECT k FROM sbtest3 WHERE k BETWEEN 4920392 AND 4920492
	Index Only Scan using k_3 on sbtest3  (cost=0.43..6.63 rows=110 width=4)
	  Index Cond: ((k >= 4920392) AND (k <= 4920492))

table 4 : explain SELECT k FROM sbtest4 WHERE k BETWEEN 4920392 AND 4920492
	Index Only Scan using k_4 on sbtest4  (cost=0.43..6.51 rows=104 width=4)
	  Index Cond: ((k >= 4920392) AND (k <= 4920492))

table 5 : explain SELECT k FROM sbtest5 WHERE k BETWEEN 4920392 AND 4920492
	Index Only Scan using k_5 on sbtest5  (cost=0.43..6.37 rows=97 width=4)
	  Index Cond: ((k >= 4920392) AND (k <= 4920492))

table 6 : explain SELECT k FROM sbtest6 WHERE k BETWEEN 4920392 AND 4920492
	Index Only Scan using k_6 on sbtest6  (cost=0.43..6.45 rows=101 width=4)
	  Index Cond: ((k >= 4920392) AND (k <= 4920492))

table 7 : explain SELECT k FROM sbtest7 WHERE k BETWEEN 4920392 AND 4920492
	Index Only Scan using k_7 on sbtest7  (cost=0.43..6.45 rows=101 width=4)
	  Index Cond: ((k >= 4920392) AND (k <= 4920492))

table 8 : explain SELECT k FROM sbtest8 WHERE k BETWEEN 4920392 AND 4920492
	Index Only Scan using k_8 on sbtest8  (cost=0.43..6.43 rows=100 width=4)
	  Index Cond: ((k >= 4920392) AND (k <= 4920492))

for range-covered
table 1 : explain SELECT k FROM sbtest1 WHERE k BETWEEN 3287288 AND 3287388
	Index Only Scan using k_1 on sbtest1  (cost=0.43..6.42 rows=99 width=4)
	  Index Cond: ((k >= 3287288) AND (k <= 3287388))

table 2 : explain SELECT k FROM sbtest2 WHERE k BETWEEN 3287288 AND 3287388
	Index Only Scan using k_2 on sbtest2  (cost=0.43..6.33 rows=95 width=4)
	  Index Cond: ((k >= 3287288) AND (k <= 3287388))

table 3 : explain SELECT k FROM sbtest3 WHERE k BETWEEN 3287288 AND 3287388
	Index Only Scan using k_3 on sbtest3  (cost=0.43..6.53 rows=105 width=4)
	  Index Cond: ((k >= 3287288) AND (k <= 3287388))

table 4 : explain SELECT k FROM sbtest4 WHERE k BETWEEN 3287288 AND 3287388
	Index Only Scan using k_4 on sbtest4  (cost=0.43..6.43 rows=100 width=4)
	  Index Cond: ((k >= 3287288) AND (k <= 3287388))

table 5 : explain SELECT k FROM sbtest5 WHERE k BETWEEN 3287288 AND 3287388
	Index Only Scan using k_5 on sbtest5  (cost=0.43..6.27 rows=92 width=4)
	  Index Cond: ((k >= 3287288) AND (k <= 3287388))

table 6 : explain SELECT k FROM sbtest6 WHERE k BETWEEN 3287288 AND 3287388
	Index Only Scan using k_6 on sbtest6  (cost=0.43..6.61 rows=109 width=4)
	  Index Cond: ((k >= 3287288) AND (k <= 3287388))

table 7 : explain SELECT k FROM sbtest7 WHERE k BETWEEN 3287288 AND 3287388
	Index Only Scan using k_7 on sbtest7  (cost=0.43..6.47 rows=102 width=4)
	  Index Cond: ((k >= 3287288) AND (k <= 3287388))

table 8 : explain SELECT k FROM sbtest8 WHERE k BETWEEN 3287288 AND 3287388
	Index Only Scan using k_8 on sbtest8  (cost=0.43..6.42 rows=99 width=4)
	  Index Cond: ((k >= 3287288) AND (k <= 3287388))

explain: for range-covered :: explain SELECT k FROM sbtest%d WHERE k BETWEEN 4920392 AND 4920492
explain: for range-covered :: explain SELECT k FROM sbtest%d WHERE k BETWEEN 3287288 AND 3287388
for range-covered
table 1 : explain SELECT k FROM sbtest1 WHERE k BETWEEN 8532840 AND 8532940
	Index Only Scan using k_1 on sbtest1  (cost=0.43..6.69 rows=113 width=4)
	  Index Cond: ((k >= 8532840) AND (k <= 8532940))

table 2 : explain SELECT k FROM sbtest2 WHERE k BETWEEN 8532840 AND 8532940
	Index Only Scan using k_2 on sbtest2  (cost=0.43..6.37 rows=97 width=4)
	  Index Cond: ((k >= 8532840) AND (k <= 8532940))

table 3 : explain SELECT k FROM sbtest3 WHERE k BETWEEN 8532840 AND 8532940
	Index Only Scan using k_3 on sbtest3  (cost=0.43..6.43 rows=100 width=4)
	  Index Cond: ((k >= 8532840) AND (k <= 8532940))

table 4 : explain SELECT k FROM sbtest4 WHERE k BETWEEN 8532840 AND 8532940
	Index Only Scan using k_4 on sbtest4  (cost=0.43..6.53 rows=105 width=4)
	  Index Cond: ((k >= 8532840) AND (k <= 8532940))

table 5 : explain SELECT k FROM sbtest5 WHERE k BETWEEN 8532840 AND 8532940
	Index Only Scan using k_5 on sbtest5  (cost=0.43..6.67 rows=112 width=4)
	  Index Cond: ((k >= 8532840) AND (k <= 8532940))

table 6 : explain SELECT k FROM sbtest6 WHERE k BETWEEN 8532840 AND 8532940
	Index Only Scan using k_6 on sbtest6  (cost=0.43..6.29 rows=93 width=4)
	  Index Cond: ((k >= 8532840) AND (k <= 8532940))

table 7 : explain SELECT k FROM sbtest7 WHERE k BETWEEN 8532840 AND 8532940
	Index Only Scan using k_7 on sbtest7  (cost=0.43..6.45 rows=101 width=4)
	  Index Cond: ((k >= 8532840) AND (k <= 8532940))

table 8 : explain SELECT k FROM sbtest8 WHERE k BETWEEN 8532840 AND 8532940
	Index Only Scan using k_8 on sbtest8  (cost=0.43..6.45 rows=101 width=4)
	  Index Cond: ((k >= 8532840) AND (k <= 8532940))

for range-covered
table 1 : explain SELECT k FROM sbtest1 WHERE k BETWEEN 4920392 AND 4920492
	Index Only Scan using k_1 on sbtest1  (cost=0.43..6.43 rows=100 width=4)
	  Index Cond: ((k >= 4920392) AND (k <= 4920492))

table 2 : explain SELECT k FROM sbtest2 WHERE k BETWEEN 4920392 AND 4920492
	Index Only Scan using k_2 on sbtest2  (cost=0.43..6.33 rows=95 width=4)
	  Index Cond: ((k >= 4920392) AND (k <= 4920492))

table 3 : explain SELECT k FROM sbtest3 WHERE k BETWEEN 4920392 AND 4920492
	Index Only Scan using k_3 on sbtest3  (cost=0.43..6.63 rows=110 width=4)
	  Index Cond: ((k >= 4920392) AND (k <= 4920492))

table 4 : explain SELECT k FROM sbtest4 WHERE k BETWEEN 4920392 AND 4920492
	Index Only Scan using k_4 on sbtest4  (cost=0.43..6.51 rows=104 width=4)
	  Index Cond: ((k >= 4920392) AND (k <= 4920492))

table 5 : explain SELECT k FROM sbtest5 WHERE k BETWEEN 4920392 AND 4920492
	Index Only Scan using k_5 on sbtest5  (cost=0.43..6.37 rows=97 width=4)
	  Index Cond: ((k >= 4920392) AND (k <= 4920492))

table 6 : explain SELECT k FROM sbtest6 WHERE k BETWEEN 4920392 AND 4920492
	Index Only Scan using k_6 on sbtest6  (cost=0.43..6.45 rows=101 width=4)
	  Index Cond: ((k >= 4920392) AND (k <= 4920492))

table 7 : explain SELECT k FROM sbtest7 WHERE k BETWEEN 4920392 AND 4920492
	Index Only Scan using k_7 on sbtest7  (cost=0.43..6.45 rows=101 width=4)
	  Index Cond: ((k >= 4920392) AND (k <= 4920492))

table 8 : explain SELECT k FROM sbtest8 WHERE k BETWEEN 4920392 AND 4920492
	Index Only Scan using k_8 on sbtest8  (cost=0.43..6.43 rows=100 width=4)
	  Index Cond: ((k >= 4920392) AND (k <= 4920492))

for range-covered
table 1 : explain SELECT k FROM sbtest1 WHERE k BETWEEN 3287288 AND 3287388
	Index Only Scan using k_1 on sbtest1  (cost=0.43..6.42 rows=99 width=4)
	  Index Cond: ((k >= 3287288) AND (k <= 3287388))

table 2 : explain SELECT k FROM sbtest2 WHERE k BETWEEN 3287288 AND 3287388
	Index Only Scan using k_2 on sbtest2  (cost=0.43..6.33 rows=95 width=4)
	  Index Cond: ((k >= 3287288) AND (k <= 3287388))

table 3 : explain SELECT k FROM sbtest3 WHERE k BETWEEN 3287288 AND 3287388
	Index Only Scan using k_3 on sbtest3  (cost=0.43..6.53 rows=105 width=4)
	  Index Cond: ((k >= 3287288) AND (k <= 3287388))

table 4 : explain SELECT k FROM sbtest4 WHERE k BETWEEN 3287288 AND 3287388
	Index Only Scan using k_4 on sbtest4  (cost=0.43..6.43 rows=100 width=4)
	  Index Cond: ((k >= 3287288) AND (k <= 3287388))

table 5 : explain SELECT k FROM sbtest5 WHERE k BETWEEN 3287288 AND 3287388
	Index Only Scan using k_5 on sbtest5  (cost=0.43..6.27 rows=92 width=4)
	  Index Cond: ((k >= 3287288) AND (k <= 3287388))

table 6 : explain SELECT k FROM sbtest6 WHERE k BETWEEN 3287288 AND 3287388
	Index Only Scan using k_6 on sbtest6  (cost=0.43..6.61 rows=109 width=4)
	  Index Cond: ((k >= 3287288) AND (k <= 3287388))

table 7 : explain SELECT k FROM sbtest7 WHERE k BETWEEN 3287288 AND 3287388
	Index Only Scan using k_7 on sbtest7  (cost=0.43..6.47 rows=102 width=4)
	  Index Cond: ((k >= 3287288) AND (k <= 3287388))

table 8 : explain SELECT k FROM sbtest8 WHERE k BETWEEN 3287288 AND 3287388
	Index Only Scan using k_8 on sbtest8  (cost=0.43..6.42 rows=99 width=4)
	  Index Cond: ((k >= 3287288) AND (k <= 3287388))

explain: for range-covered :: explain SELECT k FROM sbtest%d WHERE k BETWEEN 3287288 AND 3287388
for range-covered
table 1 : explain SELECT k FROM sbtest1 WHERE k BETWEEN 3287288 AND 3287388
	Index Only Scan using k_1 on sbtest1  (cost=0.43..6.42 rows=99 width=4)
	  Index Cond: ((k >= 3287288) AND (k <= 3287388))

table 2 : explain SELECT k FROM sbtest2 WHERE k BETWEEN 3287288 AND 3287388
	Index Only Scan using k_2 on sbtest2  (cost=0.43..6.33 rows=95 width=4)
	  Index Cond: ((k >= 3287288) AND (k <= 3287388))

table 3 : explain SELECT k FROM sbtest3 WHERE k BETWEEN 3287288 AND 3287388
	Index Only Scan using k_3 on sbtest3  (cost=0.43..6.53 rows=105 width=4)
	  Index Cond: ((k >= 3287288) AND (k <= 3287388))

table 4 : explain SELECT k FROM sbtest4 WHERE k BETWEEN 3287288 AND 3287388
	Index Only Scan using k_4 on sbtest4  (cost=0.43..6.43 rows=100 width=4)
	  Index Cond: ((k >= 3287288) AND (k <= 3287388))

table 5 : explain SELECT k FROM sbtest5 WHERE k BETWEEN 3287288 AND 3287388
	Index Only Scan using k_5 on sbtest5  (cost=0.43..6.27 rows=92 width=4)
	  Index Cond: ((k >= 3287288) AND (k <= 3287388))

table 6 : explain SELECT k FROM sbtest6 WHERE k BETWEEN 3287288 AND 3287388
	Index Only Scan using k_6 on sbtest6  (cost=0.43..6.61 rows=109 width=4)
	  Index Cond: ((k >= 3287288) AND (k <= 3287388))

table 7 : explain SELECT k FROM sbtest7 WHERE k BETWEEN 3287288 AND 3287388
	Index Only Scan using k_7 on sbtest7  (cost=0.43..6.47 rows=102 width=4)
	  Index Cond: ((k >= 3287288) AND (k <= 3287388))

table 8 : explain SELECT k FROM sbtest8 WHERE k BETWEEN 3287288 AND 3287388
	Index Only Scan using k_8 on sbtest8  (cost=0.43..6.42 rows=99 width=4)
	  Index Cond: ((k >= 3287288) AND (k <= 3287388))

explain: for range-covered :: explain SELECT k FROM sbtest%d WHERE k BETWEEN 3287288 AND 3287388
for range-covered
table 1 : explain SELECT k FROM sbtest1 WHERE k BETWEEN 3287288 AND 3287388
	Index Only Scan using k_1 on sbtest1  (cost=0.43..6.42 rows=99 width=4)
	  Index Cond: ((k >= 3287288) AND (k <= 3287388))

table 2 : explain SELECT k FROM sbtest2 WHERE k BETWEEN 3287288 AND 3287388
	Index Only Scan using k_2 on sbtest2  (cost=0.43..6.33 rows=95 width=4)
	  Index Cond: ((k >= 3287288) AND (k <= 3287388))

table 3 : explain SELECT k FROM sbtest3 WHERE k BETWEEN 3287288 AND 3287388
	Index Only Scan using k_3 on sbtest3  (cost=0.43..6.53 rows=105 width=4)
	  Index Cond: ((k >= 3287288) AND (k <= 3287388))

table 4 : explain SELECT k FROM sbtest4 WHERE k BETWEEN 3287288 AND 3287388
	Index Only Scan using k_4 on sbtest4  (cost=0.43..6.43 rows=100 width=4)
	  Index Cond: ((k >= 3287288) AND (k <= 3287388))

table 5 : explain SELECT k FROM sbtest5 WHERE k BETWEEN 3287288 AND 3287388
	Index Only Scan using k_5 on sbtest5  (cost=0.43..6.27 rows=92 width=4)
	  Index Cond: ((k >= 3287288) AND (k <= 3287388))

table 6 : explain SELECT k FROM sbtest6 WHERE k BETWEEN 3287288 AND 3287388
	Index Only Scan using k_6 on sbtest6  (cost=0.43..6.61 rows=109 width=4)
	  Index Cond: ((k >= 3287288) AND (k <= 3287388))

table 7 : explain SELECT k FROM sbtest7 WHERE k BETWEEN 3287288 AND 3287388
	Index Only Scan using k_7 on sbtest7  (cost=0.43..6.47 rows=102 width=4)
	  Index Cond: ((k >= 3287288) AND (k <= 3287388))

table 8 : explain SELECT k FROM sbtest8 WHERE k BETWEEN 3287288 AND 3287388
	Index Only Scan using k_8 on sbtest8  (cost=0.43..6.42 rows=99 width=4)
	  Index Cond: ((k >= 3287288) AND (k <= 3287388))

explain: for range-covered :: explain SELECT k FROM sbtest%d WHERE k BETWEEN 3287288 AND 3287388
for range-covered
table 1 : explain SELECT k FROM sbtest1 WHERE k BETWEEN 3287288 AND 3287388
	Index Only Scan using k_1 on sbtest1  (cost=0.43..6.42 rows=99 width=4)
	  Index Cond: ((k >= 3287288) AND (k <= 3287388))

table 2 : explain SELECT k FROM sbtest2 WHERE k BETWEEN 3287288 AND 3287388
	Index Only Scan using k_2 on sbtest2  (cost=0.43..6.33 rows=95 width=4)
	  Index Cond: ((k >= 3287288) AND (k <= 3287388))

table 3 : explain SELECT k FROM sbtest3 WHERE k BETWEEN 3287288 AND 3287388
	Index Only Scan using k_3 on sbtest3  (cost=0.43..6.53 rows=105 width=4)
	  Index Cond: ((k >= 3287288) AND (k <= 3287388))

table 4 : explain SELECT k FROM sbtest4 WHERE k BETWEEN 3287288 AND 3287388
	Index Only Scan using k_4 on sbtest4  (cost=0.43..6.43 rows=100 width=4)
	  Index Cond: ((k >= 3287288) AND (k <= 3287388))

table 5 : explain SELECT k FROM sbtest5 WHERE k BETWEEN 3287288 AND 3287388
	Index Only Scan using k_5 on sbtest5  (cost=0.43..6.27 rows=92 width=4)
	  Index Cond: ((k >= 3287288) AND (k <= 3287388))

table 6 : explain SELECT k FROM sbtest6 WHERE k BETWEEN 3287288 AND 3287388
	Index Only Scan using k_6 on sbtest6  (cost=0.43..6.61 rows=109 width=4)
	  Index Cond: ((k >= 3287288) AND (k <= 3287388))

table 7 : explain SELECT k FROM sbtest7 WHERE k BETWEEN 3287288 AND 3287388
	Index Only Scan using k_7 on sbtest7  (cost=0.43..6.47 rows=102 width=4)
	  Index Cond: ((k >= 3287288) AND (k <= 3287388))

table 8 : explain SELECT k FROM sbtest8 WHERE k BETWEEN 3287288 AND 3287388
	Index Only Scan using k_8 on sbtest8  (cost=0.43..6.42 rows=99 width=4)
	  Index Cond: ((k >= 3287288) AND (k <= 3287388))

explain: for range-covered :: explain SELECT k FROM sbtest%d WHERE k BETWEEN 3287288 AND 3287388
for range-covered
table 1 : explain SELECT k FROM sbtest1 WHERE k BETWEEN 3287288 AND 3287388
	Index Only Scan using k_1 on sbtest1  (cost=0.43..6.42 rows=99 width=4)
	  Index Cond: ((k >= 3287288) AND (k <= 3287388))

table 2 : explain SELECT k FROM sbtest2 WHERE k BETWEEN 3287288 AND 3287388
	Index Only Scan using k_2 on sbtest2  (cost=0.43..6.33 rows=95 width=4)
	  Index Cond: ((k >= 3287288) AND (k <= 3287388))

table 3 : explain SELECT k FROM sbtest3 WHERE k BETWEEN 3287288 AND 3287388
	Index Only Scan using k_3 on sbtest3  (cost=0.43..6.53 rows=105 width=4)
	  Index Cond: ((k >= 3287288) AND (k <= 3287388))

table 4 : explain SELECT k FROM sbtest4 WHERE k BETWEEN 3287288 AND 3287388
	Index Only Scan using k_4 on sbtest4  (cost=0.43..6.43 rows=100 width=4)
	  Index Cond: ((k >= 3287288) AND (k <= 3287388))

table 5 : explain SELECT k FROM sbtest5 WHERE k BETWEEN 3287288 AND 3287388
	Index Only Scan using k_5 on sbtest5  (cost=0.43..6.27 rows=92 width=4)
	  Index Cond: ((k >= 3287288) AND (k <= 3287388))

table 6 : explain SELECT k FROM sbtest6 WHERE k BETWEEN 3287288 AND 3287388
	Index Only Scan using k_6 on sbtest6  (cost=0.43..6.61 rows=109 width=4)
	  Index Cond: ((k >= 3287288) AND (k <= 3287388))

table 7 : explain SELECT k FROM sbtest7 WHERE k BETWEEN 3287288 AND 3287388
	Index Only Scan using k_7 on sbtest7  (cost=0.43..6.47 rows=102 width=4)
	  Index Cond: ((k >= 3287288) AND (k <= 3287388))

table 8 : explain SELECT k FROM sbtest8 WHERE k BETWEEN 3287288 AND 3287388
	Index Only Scan using k_8 on sbtest8  (cost=0.43..6.42 rows=99 width=4)
	  Index Cond: ((k >= 3287288) AND (k <= 3287388))

Threads started!

Warming up for 5 seconds...

SQL statistics:
    queries performed:
        read:                            260024999
        write:                           0
        other:                           0
        total:                           260024999
    transactions:                        260024999 (412734.28 per sec.)
    queries:                             260024999 (412734.28 per sec.)
    ignored errors:                      0      (0.00 per sec.)
    reconnects:                          0      (0.00 per sec.)

Throughput:
    events/s (eps):                      412734.2834
    time elapsed:                        630.0061s
    total number of events:              260024999

Latency (ms):
         min:                                    0.06
         avg:                                    0.10
         max:                                   24.11
         95th percentile:                        0.11
         sum:                             25116956.86

Threads fairness:
    events (avg/stddev):           6500619.0500/23760.48
    execution time (avg/stddev):   627.9239/0.05

