LUA_PATH=/home/mdcallag/git/mytools/bench/sysbench.lua/lua/?.lua /home/mdcallag/git/mytools/bench/sysbench.lua/lua/sysbench --db-driver=pgsql --range-size=100 --table-size=10000000 --tables=8 --threads=40 --events=0 --warmup-time=5 --time=630 --pgsql_conn_id=true /home/mdcallag/git/mytools/bench/sysbench.lua/lua/oltp_read_only.lua run --pgsql-user=root --pgsql-password=pw --pgsql-host=127.0.0.1 --pgsql-db=ib --rand-type=uniform
48 CPUs
sysbench 1.1.0-9072687 (using bundled LuaJIT 2.1.0-beta3)

Running the test with following options:
Number of threads: 40
Warmup time: 5s
Initializing random number generator from current time


Initializing worker threads...

explain: for point_selects :: explain SELECT c FROM sbtest%u WHERE id=%u
explain: for point_selects :: explain SELECT c FROM sbtest%u WHERE id=%u
explain: for point_selects :: explain SELECT c FROM sbtest%u WHERE id=%u
explain: for point_selects :: explain SELECT c FROM sbtest%u WHERE id=%u
explain: for point_selects :: explain SELECT c FROM sbtest%u WHERE id=%u
for point_selects
table 1 : explain SELECT c FROM sbtest1 WHERE id=5051301
	Index Scan using sbtest1_pkey on sbtest1  (cost=0.43..8.45 rows=1 width=121)
	  Index Cond: (id = 5051301)

table 2 : explain SELECT c FROM sbtest2 WHERE id=3110443
	Index Scan using sbtest2_pkey on sbtest2  (cost=0.43..8.45 rows=1 width=121)
	  Index Cond: (id = 3110443)

table 3 : explain SELECT c FROM sbtest3 WHERE id=3426412
	Index Scan using sbtest3_pkey on sbtest3  (cost=0.43..8.45 rows=1 width=121)
	  Index Cond: (id = 3426412)

table 4 : explain SELECT c FROM sbtest4 WHERE id=4838973
	Index Scan using sbtest4_pkey on sbtest4  (cost=0.43..8.45 rows=1 width=121)
	  Index Cond: (id = 4838973)

table 5 : explain SELECT c FROM sbtest5 WHERE id=2423673
	Index Scan using sbtest5_pkey on sbtest5  (cost=0.43..8.45 rows=1 width=121)
	  Index Cond: (id = 2423673)

table 6 : explain SELECT c FROM sbtest6 WHERE id=7500554
	Index Scan using sbtest6_pkey on sbtest6  (cost=0.43..8.45 rows=1 width=121)
	  Index Cond: (id = 7500554)

table 7 : explain SELECT c FROM sbtest7 WHERE id=3382174
	Index Scan using sbtest7_pkey on sbtest7  (cost=0.43..8.45 rows=1 width=121)
	  Index Cond: (id = 3382174)

table 8 : explain SELECT c FROM sbtest8 WHERE id=6438518
	Index Scan using sbtest8_pkey on sbtest8  (cost=0.43..8.45 rows=1 width=121)
	  Index Cond: (id = 6438518)

explain: for point_selects :: explain SELECT c FROM sbtest%u WHERE id=%u
for point_selects
table 1 : explain SELECT c FROM sbtest1 WHERE id=1918546
	Index Scan using sbtest1_pkey on sbtest1  (cost=0.43..8.45 rows=1 width=121)
	  Index Cond: (id = 1918546)

table 2 : explain SELECT c FROM sbtest2 WHERE id=1818681
	Index Scan using sbtest2_pkey on sbtest2  (cost=0.43..8.45 rows=1 width=121)
	  Index Cond: (id = 1818681)

table 3 : explain SELECT c FROM sbtest3 WHERE id=2458781
	Index Scan using sbtest3_pkey on sbtest3  (cost=0.43..8.45 rows=1 width=121)
	  Index Cond: (id = 2458781)

table 4 : explain SELECT c FROM sbtest4 WHERE id=5394985
	Index Scan using sbtest4_pkey on sbtest4  (cost=0.43..8.45 rows=1 width=121)
	  Index Cond: (id = 5394985)

table 5 : explain SELECT c FROM sbtest5 WHERE id=5200149
	Index Scan using sbtest5_pkey on sbtest5  (cost=0.43..8.45 rows=1 width=121)
	  Index Cond: (id = 5200149)

table 6 : explain SELECT c FROM sbtest6 WHERE id=5248183
	Index Scan using sbtest6_pkey on sbtest6  (cost=0.43..8.45 rows=1 width=121)
	  Index Cond: (id = 5248183)

table 7 : explain SELECT c FROM sbtest7 WHERE id=7480692
	Index Scan using sbtest7_pkey on sbtest7  (cost=0.43..8.45 rows=1 width=121)
	  Index Cond: (id = 7480692)

table 8 : explain SELECT c FROM sbtest8 WHERE id=941846
	Index Scan using sbtest8_pkey on sbtest8  (cost=0.43..8.45 rows=1 width=121)
	  Index Cond: (id = 941846)

for point_selects
table 1 : explain SELECT c FROM sbtest1 WHERE id=8175909
	Index Scan using sbtest1_pkey on sbtest1  (cost=0.43..8.45 rows=1 width=121)
	  Index Cond: (id = 8175909)

table 2 : explain SELECT c FROM sbtest2 WHERE id=250550
	Index Scan using sbtest2_pkey on sbtest2  (cost=0.43..8.45 rows=1 width=121)
	  Index Cond: (id = 250550)

table 3 : explain SELECT c FROM sbtest3 WHERE id=7367804
	Index Scan using sbtest3_pkey on sbtest3  (cost=0.43..8.45 rows=1 width=121)
	  Index Cond: (id = 7367804)

table 4 : explain SELECT c FROM sbtest4 WHERE id=7973704
	Index Scan using sbtest4_pkey on sbtest4  (cost=0.43..8.45 rows=1 width=121)
	  Index Cond: (id = 7973704)

table 5 : explain SELECT c FROM sbtest5 WHERE id=6547549
	Index Scan using sbtest5_pkey on sbtest5  (cost=0.43..8.45 rows=1 width=121)
	  Index Cond: (id = 6547549)

table 6 : explain SELECT c FROM sbtest6 WHERE id=5401883
	Index Scan using sbtest6_pkey on sbtest6  (cost=0.43..8.45 rows=1 width=121)
	  Index Cond: (id = 5401883)

table 7 : explain SELECT c FROM sbtest7 WHERE id=6524614
	Index Scan using sbtest7_pkey on sbtest7  (cost=0.43..8.45 rows=1 width=121)
	  Index Cond: (id = 6524614)

table 8 : explain SELECT c FROM sbtest8 WHERE id=6880788
	Index Scan using sbtest8_pkey on sbtest8  (cost=0.43..8.45 rows=1 width=121)
	  Index Cond: (id = 6880788)

for: simple_ranges
table 1 : explain SELECT c FROM sbtest1 WHERE id BETWEEN 4937636 AND 4937735
	Index Scan using sbtest1_pkey on sbtest1  (cost=0.43..370.19 rows=93 width=121)
	  Index Cond: ((id >= 4937636) AND (id <= 4937735))

table 2 : explain SELECT c FROM sbtest2 WHERE id BETWEEN 3373224 AND 3373323
	Index Scan using sbtest2_pkey on sbtest2  (cost=0.43..381.86 rows=96 width=121)
	  Index Cond: ((id >= 3373224) AND (id <= 3373323))

table 3 : explain SELECT c FROM sbtest3 WHERE id BETWEEN 7170436 AND 7170535
	Index Scan using sbtest3_pkey on sbtest3  (cost=0.43..396.86 rows=100 width=121)
	  Index Cond: ((id >= 7170436) AND (id <= 7170535))

table 4 : explain SELECT c FROM sbtest4 WHERE id BETWEEN 9124228 AND 9124327
	Index Scan using sbtest4_pkey on sbtest4  (cost=0.43..404.54 rows=102 width=121)
	  Index Cond: ((id >= 9124228) AND (id <= 9124327))

table 5 : explain SELECT c FROM sbtest5 WHERE id BETWEEN 8696665 AND 8696764
	Index Scan using sbtest5_pkey on sbtest5  (cost=0.43..400.61 rows=101 width=121)
	  Index Cond: ((id >= 8696665) AND (id <= 8696764))

table 6 : explain SELECT c FROM sbtest6 WHERE id BETWEEN 2387832 AND 2387931
	Index Scan using sbtest6_pkey on sbtest6  (cost=0.43..371.52 rows=94 width=121)
	  Index Cond: ((id >= 2387832) AND (id <= 2387931))

table 7 : explain SELECT c FROM sbtest7 WHERE id BETWEEN 6141004 AND 6141103
	Index Scan using sbtest7_pkey on sbtest7  (cost=0.43..378.41 rows=95 width=121)
	  Index Cond: ((id >= 6141004) AND (id <= 6141103))

table 8 : explain SELECT c FROM sbtest8 WHERE id BETWEEN 3192418 AND 3192517
	Index Scan using sbtest8_pkey on sbtest8  (cost=0.43..385.26 rows=97 width=121)
	  Index Cond: ((id >= 3192418) AND (id <= 3192517))

for point_selects
table 1 : explain SELECT c FROM sbtest1 WHERE id=8135373
	Index Scan using sbtest1_pkey on sbtest1  (cost=0.43..8.45 rows=1 width=121)
	  Index Cond: (id = 8135373)

table 2 : explain SELECT c FROM sbtest2 WHERE id=7746077
	Index Scan using sbtest2_pkey on sbtest2  (cost=0.43..8.45 rows=1 width=121)
	  Index Cond: (id = 7746077)

table 3 : explain SELECT c FROM sbtest3 WHERE id=9118404
	Index Scan using sbtest3_pkey on sbtest3  (cost=0.43..8.45 rows=1 width=121)
	  Index Cond: (id = 9118404)

table 4 : explain SELECT c FROM sbtest4 WHERE id=9647160
	Index Scan using sbtest4_pkey on sbtest4  (cost=0.43..8.45 rows=1 width=121)
	  Index Cond: (id = 9647160)

table 5 : explain SELECT c FROM sbtest5 WHERE id=2635550
	Index Scan using sbtest5_pkey on sbtest5  (cost=0.43..8.45 rows=1 width=121)
	  Index Cond: (id = 2635550)

table 6 : explain SELECT c FROM sbtest6 WHERE id=3914700
	Index Scan using sbtest6_pkey on sbtest6  (cost=0.43..8.45 rows=1 width=121)
	  Index Cond: (id = 3914700)

table 7 : explain SELECT c FROM sbtest7 WHERE id=9272579
	Index Scan using sbtest7_pkey on sbtest7  (cost=0.43..8.45 rows=1 width=121)
	  Index Cond: (id = 9272579)

table 8 : explain SELECT c FROM sbtest8 WHERE id=2925653
	Index Scan using sbtest8_pkey on sbtest8  (cost=0.43..8.45 rows=1 width=121)
	  Index Cond: (id = 2925653)

for: simple_ranges
table 1 : explain SELECT c FROM sbtest1 WHERE id BETWEEN 4419288 AND 4419387
	Index Scan using sbtest1_pkey on sbtest1  (cost=0.43..389.85 rows=98 width=121)
	  Index Cond: ((id >= 4419288) AND (id <= 4419387))

table 2 : explain SELECT c FROM sbtest2 WHERE id BETWEEN 5328848 AND 5328947
	Index Scan using sbtest2_pkey on sbtest2  (cost=0.43..393.67 rows=99 width=121)
	  Index Cond: ((id >= 5328848) AND (id <= 5328947))

table 3 : explain SELECT c FROM sbtest3 WHERE id BETWEEN 9302948 AND 9303047
	Index Scan using sbtest3_pkey on sbtest3  (cost=0.43..365.45 rows=92 width=121)
	  Index Cond: ((id >= 9302948) AND (id <= 9303047))

table 4 : explain SELECT c FROM sbtest4 WHERE id BETWEEN 5385850 AND 5385949
	Index Scan using sbtest4_pkey on sbtest4  (cost=0.43..388.85 rows=98 width=121)
	  Index Cond: ((id >= 5385850) AND (id <= 5385949))

table 5 : explain SELECT c FROM sbtest5 WHERE id BETWEEN 5843711 AND 5843810
	Index Scan using sbtest5_pkey on sbtest5  (cost=0.43..369.24 rows=93 width=121)
	  Index Cond: ((id >= 5843711) AND (id <= 5843810))

table 6 : explain SELECT c FROM sbtest6 WHERE id BETWEEN 234752 AND 234851
	Index Scan using sbtest6_pkey on sbtest6  (cost=0.43..445.72 rows=113 width=121)
	  Index Cond: ((id >= 234752) AND (id <= 234851))

table 7 : explain SELECT c FROM sbtest7 WHERE id BETWEEN 9710792 AND 9710891
	Index Scan using sbtest7_pkey on sbtest7  (cost=0.43..386.28 rows=97 width=121)
	  Index Cond: ((id >= 9710792) AND (id <= 9710891))

table 8 : explain SELECT c FROM sbtest8 WHERE id BETWEEN 6224137 AND 6224236
	Index Scan using sbtest8_pkey on sbtest8  (cost=0.43..397.06 rows=100 width=121)
	  Index Cond: ((id >= 6224137) AND (id <= 6224236))

for point_selects
table 1 : explain SELECT c FROM sbtest1 WHERE id=6899838
	Index Scan using sbtest1_pkey on sbtest1  (cost=0.43..8.45 rows=1 width=121)
	  Index Cond: (id = 6899838)

table 2 : explain SELECT c FROM sbtest2 WHERE id=218343
	Index Scan using sbtest2_pkey on sbtest2  (cost=0.43..8.45 rows=1 width=121)
	  Index Cond: (id = 218343)

table 3 : explain SELECT c FROM sbtest3 WHERE id=5214725
	Index Scan using sbtest3_pkey on sbtest3  (cost=0.43..8.45 rows=1 width=121)
	  Index Cond: (id = 5214725)

table 4 : explain SELECT c FROM sbtest4 WHERE id=1446665
	Index Scan using sbtest4_pkey on sbtest4  (cost=0.43..8.45 rows=1 width=121)
	  Index Cond: (id = 1446665)

table 5 : explain SELECT c FROM sbtest5 WHERE id=740609
	Index Scan using sbtest5_pkey on sbtest5  (cost=0.43..8.45 rows=1 width=121)
	  Index Cond: (id = 740609)

table 6 : explain SELECT c FROM sbtest6 WHERE id=110657
	Index Scan using sbtest6_pkey on sbtest6  (cost=0.43..8.45 rows=1 width=121)
	  Index Cond: (id = 110657)

table 7 : explain SELECT c FROM sbtest7 WHERE id=996048
	Index Scan using sbtest7_pkey on sbtest7  (cost=0.43..8.45 rows=1 width=121)
	  Index Cond: (id = 996048)

table 8 : explain SELECT c FROM sbtest8 WHERE id=3861969
	Index Scan using sbtest8_pkey on sbtest8  (cost=0.43..8.45 rows=1 width=121)
	  Index Cond: (id = 3861969)

explain: for point_selects :: explain SELECT c FROM sbtest%u WHERE id=%u
for: simple_ranges
table 1 : explain SELECT c FROM sbtest1 WHERE id BETWEEN 7809458 AND 7809557
	Index Scan using sbtest1_pkey on sbtest1  (cost=0.43..370.19 rows=93 width=121)
	  Index Cond: ((id >= 7809458) AND (id <= 7809557))

table 2 : explain SELECT c FROM sbtest2 WHERE id BETWEEN 8152629 AND 8152728
	Index Scan using sbtest2_pkey on sbtest2  (cost=0.43..401.53 rows=101 width=121)
	  Index Cond: ((id >= 8152629) AND (id <= 8152728))

table 3 : explain SELECT c FROM sbtest3 WHERE id BETWEEN 4449407 AND 4449506
	Index Scan using sbtest3_pkey on sbtest3  (cost=0.43..389.01 rows=98 width=121)
	  Index Cond: ((id >= 4449407) AND (id <= 4449506))

table 4 : explain SELECT c FROM sbtest4 WHERE id BETWEEN 1623275 AND 1623374
	Index Scan using sbtest4_pkey on sbtest4  (cost=0.43..416.30 rows=105 width=121)
	  Index Cond: ((id >= 1623275) AND (id <= 1623374))

table 5 : explain SELECT c FROM sbtest5 WHERE id BETWEEN 2684891 AND 2684990
	Index Scan using sbtest5_pkey on sbtest5  (cost=0.43..373.16 rows=94 width=121)
	  Index Cond: ((id >= 2684891) AND (id <= 2684990))

table 6 : explain SELECT c FROM sbtest6 WHERE id BETWEEN 9646961 AND 9647060
	Index Scan using sbtest6_pkey on sbtest6  (cost=0.43..387.17 rows=98 width=121)
	  Index Cond: ((id >= 9646961) AND (id <= 9647060))

table 7 : explain SELECT c FROM sbtest7 WHERE id BETWEEN 2338025 AND 2338124
	Index Scan using sbtest7_pkey on sbtest7  (cost=0.43..402.05 rows=101 width=121)
	  Index Cond: ((id >= 2338025) AND (id <= 2338124))

table 8 : explain SELECT c FROM sbtest8 WHERE id BETWEEN 9658270 AND 9658369
	Index Scan using sbtest8_pkey on sbtest8  (cost=0.43..400.99 rows=101 width=121)
	  Index Cond: ((id >= 9658270) AND (id <= 9658369))

for: sum_ranges
table 1 : explain SELECT SUM(k) FROM sbtest1 WHERE id BETWEEN 9459177 AND 9459276
	Aggregate  (cost=386.16..386.17 rows=1 width=8)
	  ->  Index Scan using sbtest1_pkey on sbtest1  (cost=0.43..385.91 rows=97 width=4)
	        Index Cond: ((id >= 9459177) AND (id <= 9459276))

table 2 : explain SELECT SUM(k) FROM sbtest2 WHERE id BETWEEN 715591 AND 715690
	Aggregate  (cost=374.24..374.25 rows=1 width=8)
	  ->  Index Scan using sbtest2_pkey on sbtest2  (cost=0.43..374.00 rows=94 width=4)
	        Index Cond: ((id >= 715591) AND (id <= 715690))

table 3 : explain SELECT SUM(k) FROM sbtest3 WHERE id BETWEEN 2807411 AND 2807510
	Aggregate  (cost=416.73..416.74 rows=1 width=8)
	  ->  Index Scan using sbtest3_pkey on sbtest3  (cost=0.43..416.47 rows=105 width=4)
	        Index Cond: ((id >= 2807411) AND (id <= 2807510))

table 4 : explain SELECT SUM(k) FROM sbtest4 WHERE id BETWEEN 7190381 AND 7190480
	Aggregate  (cost=400.87..400.88 rows=1 width=8)
	  ->  Index Scan using sbtest4_pkey on sbtest4  (cost=0.43..400.62 rows=101 width=4)
	        Index Cond: ((id >= 7190381) AND (id <= 7190480))

table 5 : explain SELECT SUM(k) FROM sbtest5 WHERE id BETWEEN 4595333 AND 4595432
	Aggregate  (cost=381.25..381.26 rows=1 width=8)
	  ->  Index Scan using sbtest5_pkey on sbtest5  (cost=0.43..381.01 rows=96 width=4)
	        Index Cond: ((id >= 4595333) AND (id <= 4595432))

table 6 : explain SELECT SUM(k) FROM sbtest6 WHERE id BETWEEN 5959980 AND 5960079
	Aggregate  (cost=387.41..387.42 rows=1 width=8)
	  ->  Index Scan using sbtest6_pkey on sbtest6  (cost=0.43..387.17 rows=98 width=4)
	        Index Cond: ((id >= 5959980) AND (id <= 5960079))

table 7 : explain SELECT SUM(k) FROM sbtest7 WHERE id BETWEEN 7553636 AND 7553735
	Aggregate  (cost=394.42..394.43 rows=1 width=8)
	  ->  Index Scan using sbtest7_pkey on sbtest7  (cost=0.43..394.18 rows=99 width=4)
	        Index Cond: ((id >= 7553636) AND (id <= 7553735))

table 8 : explain SELECT SUM(k) FROM sbtest8 WHERE id BETWEEN 3754216 AND 3754315
	Aggregate  (cost=381.58..381.59 rows=1 width=8)
	  ->  Index Scan using sbtest8_pkey on sbtest8  (cost=0.43..381.34 rows=96 width=4)
	        Index Cond: ((id >= 3754216) AND (id <= 3754315))

for: simple_ranges
table 1 : explain SELECT c FROM sbtest1 WHERE id BETWEEN 2708222 AND 2708321
	Index Scan using sbtest1_pkey on sbtest1  (cost=0.43..425.25 rows=107 width=121)
	  Index Cond: ((id >= 2708222) AND (id <= 2708321))

table 2 : explain SELECT c FROM sbtest2 WHERE id BETWEEN 7791750 AND 7791849
	Index Scan using sbtest2_pkey on sbtest2  (cost=0.43..397.60 rows=100 width=121)
	  Index Cond: ((id >= 7791750) AND (id <= 7791849))

table 3 : explain SELECT c FROM sbtest3 WHERE id BETWEEN 9280624 AND 9280723
	Index Scan using sbtest3_pkey on sbtest3  (cost=0.43..365.45 rows=92 width=121)
	  Index Cond: ((id >= 9280624) AND (id <= 9280723))

table 4 : explain SELECT c FROM sbtest4 WHERE id BETWEEN 9640974 AND 9641073
	Index Scan using sbtest4_pkey on sbtest4  (cost=0.43..377.09 rows=95 width=121)
	  Index Cond: ((id >= 9640974) AND (id <= 9641073))

table 5 : explain SELECT c FROM sbtest5 WHERE id BETWEEN 2719012 AND 2719111
	Index Scan using sbtest5_pkey on sbtest5  (cost=0.43..377.08 rows=95 width=121)
	  Index Cond: ((id >= 2719012) AND (id <= 2719111))

table 6 : explain SELECT c FROM sbtest6 WHERE id BETWEEN 3364263 AND 3364362
	Index Scan using sbtest6_pkey on sbtest6  (cost=0.43..406.68 rows=103 width=121)
	  Index Cond: ((id >= 3364263) AND (id <= 3364362))

table 7 : explain SELECT c FROM sbtest7 WHERE id BETWEEN 5810816 AND 5810915
	Index Scan using sbtest7_pkey on sbtest7  (cost=0.43..386.28 rows=97 width=121)
	  Index Cond: ((id >= 5810816) AND (id <= 5810915))

table 8 : explain SELECT c FROM sbtest8 WHERE id BETWEEN 2506020 AND 2506119
	Index Scan using sbtest8_pkey on sbtest8  (cost=0.43..416.69 rows=105 width=121)
	  Index Cond: ((id >= 2506020) AND (id <= 2506119))

for point_selects
table 1 : explain SELECT c FROM sbtest1 WHERE id=6099055
	Index Scan using sbtest1_pkey on sbtest1  (cost=0.43..8.45 rows=1 width=121)
	  Index Cond: (id = 6099055)

table 2 : explain SELECT c FROM sbtest2 WHERE id=4675027
	Index Scan using sbtest2_pkey on sbtest2  (cost=0.43..8.45 rows=1 width=121)
	  Index Cond: (id = 4675027)

table 3 : explain SELECT c FROM sbtest3 WHERE id=9644401
	Index Scan using sbtest3_pkey on sbtest3  (cost=0.43..8.45 rows=1 width=121)
	  Index Cond: (id = 9644401)

table 4 : explain SELECT c FROM sbtest4 WHERE id=6194677
	Index Scan using sbtest4_pkey on sbtest4  (cost=0.43..8.45 rows=1 width=121)
	  Index Cond: (id = 6194677)

table 5 : explain SELECT c FROM sbtest5 WHERE id=5427685
	Index Scan using sbtest5_pkey on sbtest5  (cost=0.43..8.45 rows=1 width=121)
	  Index Cond: (id = 5427685)

table 6 : explain SELECT c FROM sbtest6 WHERE id=9894736
	Index Scan using sbtest6_pkey on sbtest6  (cost=0.43..8.45 rows=1 width=121)
	  Index Cond: (id = 9894736)

table 7 : explain SELECT c FROM sbtest7 WHERE id=6308090
	Index Scan using sbtest7_pkey on sbtest7  (cost=0.43..8.45 rows=1 width=121)
	  Index Cond: (id = 6308090)

table 8 : explain SELECT c FROM sbtest8 WHERE id=4839812
	Index Scan using sbtest8_pkey on sbtest8  (cost=0.43..8.45 rows=1 width=121)
	  Index Cond: (id = 4839812)

for point_selects
table 1 : explain SELECT c FROM sbtest1 WHERE id=7010679
	Index Scan using sbtest1_pkey on sbtest1  (cost=0.43..8.45 rows=1 width=121)
	  Index Cond: (id = 7010679)

table 2 : explain SELECT c FROM sbtest2 WHERE id=9640699
	Index Scan using sbtest2_pkey on sbtest2  (cost=0.43..8.45 rows=1 width=121)
	  Index Cond: (id = 9640699)

table 3 : explain SELECT c FROM sbtest3 WHERE id=7434735
	Index Scan using sbtest3_pkey on sbtest3  (cost=0.43..8.45 rows=1 width=121)
	  Index Cond: (id = 7434735)

table 4 : explain SELECT c FROM sbtest4 WHERE id=8150617
	Index Scan using sbtest4_pkey on sbtest4  (cost=0.43..8.45 rows=1 width=121)
	  Index Cond: (id = 8150617)

table 5 : explain SELECT c FROM sbtest5 WHERE id=6244960
	Index Scan using sbtest5_pkey on sbtest5  (cost=0.43..8.45 rows=1 width=121)
	  Index Cond: (id = 6244960)

table 6 : explain SELECT c FROM sbtest6 WHERE id=1697338
	Index Scan using sbtest6_pkey on sbtest6  (cost=0.43..8.45 rows=1 width=121)
	  Index Cond: (id = 1697338)

table 7 : explain SELECT c FROM sbtest7 WHERE id=8522500
	Index Scan using sbtest7_pkey on sbtest7  (cost=0.43..8.45 rows=1 width=121)
	  Index Cond: (id = 8522500)

table 8 : explain SELECT c FROM sbtest8 WHERE id=4277950
	Index Scan using sbtest8_pkey on sbtest8  (cost=0.43..8.45 rows=1 width=121)
	  Index Cond: (id = 4277950)

for: sum_ranges
table 1 : explain SELECT SUM(k) FROM sbtest1 WHERE id BETWEEN 5830208 AND 5830307
	Aggregate  (cost=366.49..366.50 rows=1 width=8)
	  ->  Index Scan using sbtest1_pkey on sbtest1  (cost=0.43..366.26 rows=92 width=4)
	        Index Cond: ((id >= 5830208) AND (id <= 5830307))

table 2 : explain SELECT SUM(k) FROM sbtest2 WHERE id BETWEEN 608762 AND 608861
	Aggregate  (cost=413.58..413.59 rows=1 width=8)
	  ->  Index Scan using sbtest2_pkey on sbtest2  (cost=0.43..413.32 rows=104 width=4)
	        Index Cond: ((id >= 608762) AND (id <= 608861))

table 3 : explain SELECT SUM(k) FROM sbtest3 WHERE id BETWEEN 9187705 AND 9187804
	Aggregate  (cost=353.91..353.92 rows=1 width=8)
	  ->  Index Scan using sbtest3_pkey on sbtest3  (cost=0.43..353.69 rows=89 width=4)
	        Index Cond: ((id >= 9187705) AND (id <= 9187804))

table 4 : explain SELECT SUM(k) FROM sbtest4 WHERE id BETWEEN 4737590 AND 4737689
	Aggregate  (cost=369.48..369.49 rows=1 width=8)
	  ->  Index Scan using sbtest4_pkey on sbtest4  (cost=0.43..369.25 rows=93 width=4)
	        Index Cond: ((id >= 4737590) AND (id <= 4737689))

table 5 : explain SELECT SUM(k) FROM sbtest5 WHERE id BETWEEN 3051463 AND 3051562
	Aggregate  (cost=385.17..385.18 rows=1 width=8)
	  ->  Index Scan using sbtest5_pkey on sbtest5  (cost=0.43..384.93 rows=97 width=4)
	        Index Cond: ((id >= 3051463) AND (id <= 3051562))

table 6 : explain SELECT SUM(k) FROM sbtest6 WHERE id BETWEEN 2962001 AND 2962100
	Aggregate  (cost=371.76..371.77 rows=1 width=8)
	  ->  Index Scan using sbtest6_pkey on sbtest6  (cost=0.43..371.52 rows=94 width=4)
	        Index Cond: ((id >= 2962001) AND (id <= 2962100))

table 7 : explain SELECT SUM(k) FROM sbtest7 WHERE id BETWEEN 387069 AND 387168
	Aggregate  (cost=374.71..374.72 rows=1 width=8)
	  ->  Index Scan using sbtest7_pkey on sbtest7  (cost=0.43..374.48 rows=94 width=4)
	        Index Cond: ((id >= 387069) AND (id <= 387168))

table 8 : explain SELECT SUM(k) FROM sbtest8 WHERE id BETWEEN 4557209 AND 4557308
	Aggregate  (cost=377.65..377.66 rows=1 width=8)
	  ->  Index Scan using sbtest8_pkey on sbtest8  (cost=0.43..377.42 rows=95 width=4)
	        Index Cond: ((id >= 4557209) AND (id <= 4557308))

for: sum_ranges
table 1 : explain SELECT SUM(k) FROM sbtest1 WHERE id BETWEEN 6265817 AND 6265916
	Aggregate  (cost=386.16..386.17 rows=1 width=8)
	  ->  Index Scan using sbtest1_pkey on sbtest1  (cost=0.43..385.91 rows=97 width=4)
	        Index Cond: ((id >= 6265817) AND (id <= 6265916))

table 2 : explain SELECT SUM(k) FROM sbtest2 WHERE id BETWEEN 16182 AND 16281
	Aggregate  (cost=358.50..358.51 rows=1 width=8)
	  ->  Index Scan using sbtest2_pkey on sbtest2  (cost=0.43..358.28 rows=90 width=4)
	        Index Cond: ((id >= 16182) AND (id <= 16281))

table 3 : explain SELECT SUM(k) FROM sbtest3 WHERE id BETWEEN 4648565 AND 4648664
	Aggregate  (cost=408.88..408.89 rows=1 width=8)
	  ->  Index Scan using sbtest3_pkey on sbtest3  (cost=0.43..408.63 rows=103 width=4)
	        Index Cond: ((id >= 4648565) AND (id <= 4648664))

table 4 : explain SELECT SUM(k) FROM sbtest4 WHERE id BETWEEN 6285129 AND 6285228
	Aggregate  (cost=408.71..408.72 rows=1 width=8)
	  ->  Index Scan using sbtest4_pkey on sbtest4  (cost=0.43..408.46 rows=103 width=4)
	        Index Cond: ((id >= 6285129) AND (id <= 6285228))

table 5 : explain SELECT SUM(k) FROM sbtest5 WHERE id BETWEEN 3693731 AND 3693830
	Aggregate  (cost=393.02..393.03 rows=1 width=8)
	  ->  Index Scan using sbtest5_pkey on sbtest5  (cost=0.43..392.77 rows=99 width=4)
	        Index Cond: ((id >= 3693731) AND (id <= 3693830))

table 6 : explain SELECT SUM(k) FROM sbtest6 WHERE id BETWEEN 1602322 AND 1602421
	Aggregate  (cost=391.32..391.33 rows=1 width=8)
	  ->  Index Scan using sbtest6_pkey on sbtest6  (cost=0.43..391.07 rows=99 width=4)
	        Index Cond: ((id >= 1602322) AND (id <= 1602421))

table 7 : explain SELECT SUM(k) FROM sbtest7 WHERE id BETWEEN 8827684 AND 8827783
	Aggregate  (cost=418.05..418.06 rows=1 width=8)
	  ->  Index Scan using sbtest7_pkey on sbtest7  (cost=0.43..417.79 rows=105 width=4)
	        Index Cond: ((id >= 8827684) AND (id <= 8827783))

table 8 : explain SELECT SUM(k) FROM sbtest8 WHERE id BETWEEN 9456394 AND 9456493
	Aggregate  (cost=436.58..436.59 rows=1 width=8)
	  ->  Index Scan using sbtest8_pkey on sbtest8  (cost=0.43..436.31 rows=110 width=4)
	        Index Cond: ((id >= 9456394) AND (id <= 9456493))

for: simple_ranges
table 1 : explain SELECT c FROM sbtest1 WHERE id BETWEEN 7118020 AND 7118119
	Index Scan using sbtest1_pkey on sbtest1  (cost=0.43..413.46 rows=104 width=121)
	  Index Cond: ((id >= 7118020) AND (id <= 7118119))

table 2 : explain SELECT c FROM sbtest2 WHERE id BETWEEN 2884076 AND 2884175
	Index Scan using sbtest2_pkey on sbtest2  (cost=0.43..366.14 rows=92 width=121)
	  Index Cond: ((id >= 2884076) AND (id <= 2884175))

table 3 : explain SELECT c FROM sbtest3 WHERE id BETWEEN 6690779 AND 6690878
	Index Scan using sbtest3_pkey on sbtest3  (cost=0.43..412.55 rows=104 width=121)
	  Index Cond: ((id >= 6690779) AND (id <= 6690878))

table 4 : explain SELECT c FROM sbtest4 WHERE id BETWEEN 2995153 AND 2995252
	Index Scan using sbtest4_pkey on sbtest4  (cost=0.43..396.69 rows=100 width=121)
	  Index Cond: ((id >= 2995153) AND (id <= 2995252))

table 5 : explain SELECT c FROM sbtest5 WHERE id BETWEEN 8416653 AND 8416752
	Index Scan using sbtest5_pkey on sbtest5  (cost=0.43..404.53 rows=102 width=121)
	  Index Cond: ((id >= 8416653) AND (id <= 8416752))

table 6 : explain SELECT c FROM sbtest6 WHERE id BETWEEN 4609171 AND 4609270
	Index Scan using sbtest6_pkey on sbtest6  (cost=0.43..359.81 rows=91 width=121)
	  Index Cond: ((id >= 4609171) AND (id <= 4609270))

table 7 : explain SELECT c FROM sbtest7 WHERE id BETWEEN 8367779 AND 8367878
	Index Scan using sbtest7_pkey on sbtest7  (cost=0.43..358.74 rows=90 width=121)
	  Index Cond: ((id >= 8367779) AND (id <= 8367878))

table 8 : explain SELECT c FROM sbtest8 WHERE id BETWEEN 2257073 AND 2257172
	Index Scan using sbtest8_pkey on sbtest8  (cost=0.43..436.31 rows=110 width=121)
	  Index Cond: ((id >= 2257073) AND (id <= 2257172))

for: simple_ranges
table 1 : explain SELECT c FROM sbtest1 WHERE id BETWEEN 2446521 AND 2446620
	Index Scan using sbtest1_pkey on sbtest1  (cost=0.43..429.18 rows=108 width=121)
	  Index Cond: ((id >= 2446521) AND (id <= 2446620))

table 2 : explain SELECT c FROM sbtest2 WHERE id BETWEEN 8426631 AND 8426730
	Index Scan using sbtest2_pkey on sbtest2  (cost=0.43..413.32 rows=104 width=121)
	  Index Cond: ((id >= 8426631) AND (id <= 8426730))

table 3 : explain SELECT c FROM sbtest3 WHERE id BETWEEN 2110063 AND 2110162
	Index Scan using sbtest3_pkey on sbtest3  (cost=0.43..404.70 rows=102 width=121)
	  Index Cond: ((id >= 2110063) AND (id <= 2110162))

table 4 : explain SELECT c FROM sbtest4 WHERE id BETWEEN 4132918 AND 4133017
	Index Scan using sbtest4_pkey on sbtest4  (cost=0.43..369.25 rows=93 width=121)
	  Index Cond: ((id >= 4132918) AND (id <= 4133017))

table 5 : explain SELECT c FROM sbtest5 WHERE id BETWEEN 7565857 AND 7565956
	Index Scan using sbtest5_pkey on sbtest5  (cost=0.43..392.77 rows=99 width=121)
	  Index Cond: ((id >= 7565857) AND (id <= 7565956))

table 6 : explain SELECT c FROM sbtest6 WHERE id BETWEEN 5351139 AND 5351238
	Index Scan using sbtest6_pkey on sbtest6  (cost=0.43..371.52 rows=94 width=121)
	  Index Cond: ((id >= 5351139) AND (id <= 5351238))

table 7 : explain SELECT c FROM sbtest7 WHERE id BETWEEN 3657507 AND 3657606
	Index Scan using sbtest7_pkey on sbtest7  (cost=0.43..421.72 rows=106 width=121)
	  Index Cond: ((id >= 3657507) AND (id <= 3657606))

table 8 : explain SELECT c FROM sbtest8 WHERE id BETWEEN 9215428 AND 9215527
	Index Scan using sbtest8_pkey on sbtest8  (cost=0.43..385.26 rows=97 width=121)
	  Index Cond: ((id >= 9215428) AND (id <= 9215527))

for: simple_ranges
table 1 : explain SELECT c FROM sbtest1 WHERE id BETWEEN 1645941 AND 1646040
	Index Scan using sbtest1_pkey on sbtest1  (cost=0.43..381.98 rows=96 width=121)
	  Index Cond: ((id >= 1645941) AND (id <= 1646040))

table 2 : explain SELECT c FROM sbtest2 WHERE id BETWEEN 4208518 AND 4208617
	Index Scan using sbtest2_pkey on sbtest2  (cost=0.43..393.67 rows=99 width=121)
	  Index Cond: ((id >= 4208518) AND (id <= 4208617))

table 3 : explain SELECT c FROM sbtest3 WHERE id BETWEEN 1658490 AND 1658589
	Index Scan using sbtest3_pkey on sbtest3  (cost=0.43..424.32 rows=107 width=121)
	  Index Cond: ((id >= 1658490) AND (id <= 1658589))

table 4 : explain SELECT c FROM sbtest4 WHERE id BETWEEN 4945061 AND 4945160
	Index Scan using sbtest4_pkey on sbtest4  (cost=0.43..420.22 rows=106 width=121)
	  Index Cond: ((id >= 4945061) AND (id <= 4945160))

table 5 : explain SELECT c FROM sbtest5 WHERE id BETWEEN 5377371 AND 5377470
	Index Scan using sbtest5_pkey on sbtest5  (cost=0.43..392.77 rows=99 width=121)
	  Index Cond: ((id >= 5377371) AND (id <= 5377470))

table 6 : explain SELECT c FROM sbtest6 WHERE id BETWEEN 6335277 AND 6335376
	Index Scan using sbtest6_pkey on sbtest6  (cost=0.43..414.49 rows=105 width=121)
	  Index Cond: ((id >= 6335277) AND (id <= 6335376))

table 7 : explain SELECT c FROM sbtest7 WHERE id BETWEEN 5366227 AND 5366326
	Index Scan using sbtest7_pkey on sbtest7  (cost=0.43..386.28 rows=97 width=121)
	  Index Cond: ((id >= 5366227) AND (id <= 5366326))

table 8 : explain SELECT c FROM sbtest8 WHERE id BETWEEN 7672488 AND 7672587
	Index Scan using sbtest8_pkey on sbtest8  (cost=0.43..400.99 rows=101 width=121)
	  Index Cond: ((id >= 7672488) AND (id <= 7672587))

for: order_ranges
table 1 : explain SELECT c FROM sbtest1 WHERE id BETWEEN 4039562 AND 4039661 ORDER BY c
	Sort  (cost=393.09..393.33 rows=98 width=121)
	  Sort Key: c
	  ->  Index Scan using sbtest1_pkey on sbtest1  (cost=0.43..389.85 rows=98 width=121)
	        Index Cond: ((id >= 4039562) AND (id <= 4039661))

table 2 : explain SELECT c FROM sbtest2 WHERE id BETWEEN 5440443 AND 5440542 ORDER BY c
	Sort  (cost=408.87..409.12 rows=102 width=121)
	  Sort Key: c
	  ->  Index Scan using sbtest2_pkey on sbtest2  (cost=0.43..405.46 rows=102 width=121)
	        Index Cond: ((id >= 5440443) AND (id <= 5440542))

table 3 : explain SELECT c FROM sbtest3 WHERE id BETWEEN 5539805 AND 5539904 ORDER BY c
	Sort  (cost=396.22..396.46 rows=99 width=121)
	  Sort Key: c
	  ->  Index Scan using sbtest3_pkey on sbtest3  (cost=0.43..392.94 rows=99 width=121)
	        Index Cond: ((id >= 5539805) AND (id <= 5539904))

table 4 : explain SELECT c FROM sbtest4 WHERE id BETWEEN 6811037 AND 6811136 ORDER BY c
	Sort  (cost=372.29..372.52 rows=93 width=121)
	  Sort Key: c
	  ->  Index Scan using sbtest4_pkey on sbtest4  (cost=0.43..369.25 rows=93 width=121)
	        Index Cond: ((id >= 6811037) AND (id <= 6811136))

table 5 : explain SELECT c FROM sbtest5 WHERE id BETWEEN 4197024 AND 4197123 ORDER BY c
	Sort  (cost=376.24..376.48 rows=94 width=121)
	  Sort Key: c
	  ->  Index Scan using sbtest5_pkey on sbtest5  (cost=0.43..373.16 rows=94 width=121)
	        Index Cond: ((id >= 4197024) AND (id <= 4197123))

table 6 : explain SELECT c FROM sbtest6 WHERE id BETWEEN 2783211 AND 2783310 ORDER BY c
	Sort  (cost=402.24..402.49 rows=101 width=121)
	  Sort Key: c
	  ->  Index Scan using sbtest6_pkey on sbtest6  (cost=0.43..398.88 rows=101 width=121)
	        Index Cond: ((id >= 2783211) AND (id <= 2783310))

table 7 : explain SELECT c FROM sbtest7 WHERE id BETWEEN 766776 AND 766875 ORDER BY c
	Sort  (cost=381.53..381.77 rows=95 width=121)
	  Sort Key: c
	  ->  Index Scan using sbtest7_pkey on sbtest7  (cost=0.43..378.41 rows=95 width=121)
	        Index Cond: ((id >= 766776) AND (id <= 766875))

table 8 : explain SELECT c FROM sbtest8 WHERE id BETWEEN 7940611 AND 7940710 ORDER BY c
	Sort  (cost=368.64..368.87 rows=92 width=121)
	  Sort Key: c
	  ->  Index Scan using sbtest8_pkey on sbtest8  (cost=0.43..365.64 rows=92 width=121)
	        Index Cond: ((id >= 7940611) AND (id <= 7940710))

explain: for point_selects :: explain SELECT c FROM sbtest%u WHERE id=%u
explain: for point_selects :: explain SELECT c FROM sbtest%u WHERE id=%u
for: sum_ranges
table 1 : explain SELECT SUM(k) FROM sbtest1 WHERE id BETWEEN 2193442 AND 2193541
	Aggregate  (cost=394.05..394.06 rows=1 width=8)
	  ->  Index Scan using sbtest1_pkey on sbtest1  (cost=0.43..393.80 rows=99 width=4)
	        Index Cond: ((id >= 2193442) AND (id <= 2193541))

table 2 : explain SELECT SUM(k) FROM sbtest2 WHERE id BETWEEN 260963 AND 261062
	Aggregate  (cost=409.65..409.66 rows=1 width=8)
	  ->  Index Scan using sbtest2_pkey on sbtest2  (cost=0.43..409.39 rows=103 width=4)
	        Index Cond: ((id >= 260963) AND (id <= 261062))

table 3 : explain SELECT SUM(k) FROM sbtest3 WHERE id BETWEEN 2827484 AND 2827583
	Aggregate  (cost=416.73..416.74 rows=1 width=8)
	  ->  Index Scan using sbtest3_pkey on sbtest3  (cost=0.43..416.47 rows=105 width=4)
	        Index Cond: ((id >= 2827484) AND (id <= 2827583))

table 4 : explain SELECT SUM(k) FROM sbtest4 WHERE id BETWEEN 455924 AND 456023
	Aggregate  (cost=400.87..400.88 rows=1 width=8)
	  ->  Index Scan using sbtest4_pkey on sbtest4  (cost=0.43..400.62 rows=101 width=4)
	        Index Cond: ((id >= 455924) AND (id <= 456023))

table 5 : explain SELECT SUM(k) FROM sbtest5 WHERE id BETWEEN 7652295 AND 7652394
	Aggregate  (cost=373.40..373.41 rows=1 width=8)
	  ->  Index Scan using sbtest5_pkey on sbtest5  (cost=0.43..373.16 rows=94 width=4)
	        Index Cond: ((id >= 7652295) AND (id <= 7652394))

table 6 : explain SELECT SUM(k) FROM sbtest6 WHERE id BETWEEN 8617764 AND 8617863
	Aggregate  (cost=379.57..379.58 rows=1 width=8)
	  ->  Index Scan using sbtest6_pkey on sbtest6  (cost=0.43..379.33 rows=96 width=4)
	        Index Cond: ((id >= 8617764) AND (id <= 8617863))

table 7 : explain SELECT SUM(k) FROM sbtest7 WHERE id BETWEEN 7703493 AND 7703592
	Aggregate  (cost=402.30..402.31 rows=1 width=8)
	  ->  Index Scan using sbtest7_pkey on sbtest7  (cost=0.43..402.05 rows=101 width=4)
	        Index Cond: ((id >= 7703493) AND (id <= 7703592))

table 8 : explain SELECT SUM(k) FROM sbtest8 WHERE id BETWEEN 1694598 AND 1694697
	Aggregate  (cost=393.39..393.40 rows=1 width=8)
	  ->  Index Scan using sbtest8_pkey on sbtest8  (cost=0.43..393.14 rows=99 width=4)
	        Index Cond: ((id >= 1694598) AND (id <= 1694697))

explain: for point_selects :: explain SELECT c FROM sbtest%u WHERE id=%u
explain: for point_selects :: explain SELECT c FROM sbtest%u WHERE id=%u
for: sum_ranges
table 1 : explain SELECT SUM(k) FROM sbtest1 WHERE id BETWEEN 5683940 AND 5684039
	Aggregate  (cost=370.42..370.43 rows=1 width=8)
	  ->  Index Scan using sbtest1_pkey on sbtest1  (cost=0.43..370.19 rows=93 width=4)
	        Index Cond: ((id >= 5683940) AND (id <= 5684039))

table 2 : explain SELECT SUM(k) FROM sbtest2 WHERE id BETWEEN 5834304 AND 5834403
	Aggregate  (cost=421.45..421.46 rows=1 width=8)
	  ->  Index Scan using sbtest2_pkey on sbtest2  (cost=0.43..421.18 rows=106 width=4)
	        Index Cond: ((id >= 5834304) AND (id <= 5834403))

table 3 : explain SELECT SUM(k) FROM sbtest3 WHERE id BETWEEN 6857354 AND 6857453
	Aggregate  (cost=389.26..389.27 rows=1 width=8)
	  ->  Index Scan using sbtest3_pkey on sbtest3  (cost=0.43..389.01 rows=98 width=4)
	        Index Cond: ((id >= 6857354) AND (id <= 6857453))

table 4 : explain SELECT SUM(k) FROM sbtest4 WHERE id BETWEEN 9581676 AND 9581775
	Aggregate  (cost=396.94..396.95 rows=1 width=8)
	  ->  Index Scan using sbtest4_pkey on sbtest4  (cost=0.43..396.69 rows=100 width=4)
	        Index Cond: ((id >= 9581676) AND (id <= 9581775))

table 5 : explain SELECT SUM(k) FROM sbtest5 WHERE id BETWEEN 5944601 AND 5944700
	Aggregate  (cost=400.86..400.87 rows=1 width=8)
	  ->  Index Scan using sbtest5_pkey on sbtest5  (cost=0.43..400.61 rows=101 width=4)
	        Index Cond: ((id >= 5944601) AND (id <= 5944700))

table 6 : explain SELECT SUM(k) FROM sbtest6 WHERE id BETWEEN 8361787 AND 8361886
	Aggregate  (cost=410.85..410.86 rows=1 width=8)
	  ->  Index Scan using sbtest6_pkey on sbtest6  (cost=0.43..410.59 rows=104 width=4)
	        Index Cond: ((id >= 8361787) AND (id <= 8361886))

table 7 : explain SELECT SUM(k) FROM sbtest7 WHERE id BETWEEN 8710203 AND 8710302
	Aggregate  (cost=437.74..437.75 rows=1 width=8)
	  ->  Index Scan using sbtest7_pkey on sbtest7  (cost=0.43..437.46 rows=110 width=4)
	        Index Cond: ((id >= 8710203) AND (id <= 8710302))

table 8 : explain SELECT SUM(k) FROM sbtest8 WHERE id BETWEEN 6806418 AND 6806517
	Aggregate  (cost=464.07..464.08 rows=1 width=8)
	  ->  Index Scan using sbtest8_pkey on sbtest8  (cost=0.43..463.78 rows=117 width=4)
	        Index Cond: ((id >= 6806418) AND (id <= 6806517))

explain: for point_selects :: explain SELECT c FROM sbtest%u WHERE id=%u
explain: for point_selects :: explain SELECT c FROM sbtest%u WHERE id=%u
for: sum_ranges
table 1 : explain SELECT SUM(k) FROM sbtest1 WHERE id BETWEEN 368040 AND 368139
	Aggregate  (cost=413.72..413.73 rows=1 width=8)
	  ->  Index Scan using sbtest1_pkey on sbtest1  (cost=0.43..413.46 rows=104 width=4)
	        Index Cond: ((id >= 368040) AND (id <= 368139))

table 2 : explain SELECT SUM(k) FROM sbtest2 WHERE id BETWEEN 410050 AND 410149
	Aggregate  (cost=370.30..370.31 rows=1 width=8)
	  ->  Index Scan using sbtest2_pkey on sbtest2  (cost=0.43..370.07 rows=93 width=4)
	        Index Cond: ((id >= 410050) AND (id <= 410149))

table 3 : explain SELECT SUM(k) FROM sbtest3 WHERE id BETWEEN 5962594 AND 5962693
	Aggregate  (cost=385.31..385.32 rows=1 width=8)
	  ->  Index Scan using sbtest3_pkey on sbtest3  (cost=0.43..385.07 rows=97 width=4)
	        Index Cond: ((id >= 5962594) AND (id <= 5962693))

table 4 : explain SELECT SUM(k) FROM sbtest4 WHERE id BETWEEN 5184355 AND 5184454
	Aggregate  (cost=404.79..404.80 rows=1 width=8)
	  ->  Index Scan using sbtest4_pkey on sbtest4  (cost=0.43..404.54 rows=102 width=4)
	        Index Cond: ((id >= 5184355) AND (id <= 5184454))

table 5 : explain SELECT SUM(k) FROM sbtest5 WHERE id BETWEEN 4106937 AND 4107036
	Aggregate  (cost=389.09..389.10 rows=1 width=8)
	  ->  Index Scan using sbtest5_pkey on sbtest5  (cost=0.43..388.85 rows=98 width=4)
	        Index Cond: ((id >= 4106937) AND (id <= 4107036))

table 6 : explain SELECT SUM(k) FROM sbtest6 WHERE id BETWEEN 5701434 AND 5701533
	Aggregate  (cost=395.22..395.23 rows=1 width=8)
	  ->  Index Scan using sbtest6_pkey on sbtest6  (cost=0.43..394.97 rows=100 width=4)
	        Index Cond: ((id >= 5701434) AND (id <= 5701533))

table 7 : explain SELECT SUM(k) FROM sbtest7 WHERE id BETWEEN 7131232 AND 7131331
	Aggregate  (cost=441.68..441.69 rows=1 width=8)
	  ->  Index Scan using sbtest7_pkey on sbtest7  (cost=0.43..441.40 rows=111 width=4)
	        Index Cond: ((id >= 7131232) AND (id <= 7131331))

table 8 : explain SELECT SUM(k) FROM sbtest8 WHERE id BETWEEN 9537041 AND 9537140
	Aggregate  (cost=405.17..405.18 rows=1 width=8)
	  ->  Index Scan using sbtest8_pkey on sbtest8  (cost=0.43..404.91 rows=102 width=4)
	        Index Cond: ((id >= 9537041) AND (id <= 9537140))

explain: for point_selects :: explain SELECT c FROM sbtest%u WHERE id=%u
explain: for point_selects :: explain SELECT c FROM sbtest%u WHERE id=%u
explain: for point_selects :: explain SELECT c FROM sbtest%u WHERE id=%u
for: sum_ranges
table 1 : explain SELECT SUM(k) FROM sbtest1 WHERE id BETWEEN 2280368 AND 2280467
	Aggregate  (cost=413.72..413.73 rows=1 width=8)
	  ->  Index Scan using sbtest1_pkey on sbtest1  (cost=0.43..413.46 rows=104 width=4)
	        Index Cond: ((id >= 2280368) AND (id <= 2280467))

table 2 : explain SELECT SUM(k) FROM sbtest2 WHERE id BETWEEN 1931063 AND 1931162
	Aggregate  (cost=389.99..390.00 rows=1 width=8)
	  ->  Index Scan using sbtest2_pkey on sbtest2  (cost=0.43..389.74 rows=98 width=4)
	        Index Cond: ((id >= 1931063) AND (id <= 1931162))

table 3 : explain SELECT SUM(k) FROM sbtest3 WHERE id BETWEEN 3275869 AND 3275968
	Aggregate  (cost=393.18..393.19 rows=1 width=8)
	  ->  Index Scan using sbtest3_pkey on sbtest3  (cost=0.43..392.94 rows=99 width=4)
	        Index Cond: ((id >= 3275869) AND (id <= 3275968))

table 4 : explain SELECT SUM(k) FROM sbtest4 WHERE id BETWEEN 7091367 AND 7091466
	Aggregate  (cost=412.64..412.65 rows=1 width=8)
	  ->  Index Scan using sbtest4_pkey on sbtest4  (cost=0.43..412.38 rows=104 width=4)
	        Index Cond: ((id >= 7091367) AND (id <= 7091466))

table 5 : explain SELECT SUM(k) FROM sbtest5 WHERE id BETWEEN 2120662 AND 2120761
	Aggregate  (cost=393.02..393.03 rows=1 width=8)
	  ->  Index Scan using sbtest5_pkey on sbtest5  (cost=0.43..392.77 rows=99 width=4)
	        Index Cond: ((id >= 2120662) AND (id <= 2120761))

table 6 : explain SELECT SUM(k) FROM sbtest6 WHERE id BETWEEN 3669022 AND 3669121
	Aggregate  (cost=383.50..383.51 rows=1 width=8)
	  ->  Index Scan using sbtest6_pkey on sbtest6  (cost=0.43..383.26 rows=97 width=4)
	        Index Cond: ((id >= 3669022) AND (id <= 3669121))

table 7 : explain SELECT SUM(k) FROM sbtest7 WHERE id BETWEEN 2757549 AND 2757648
	Aggregate  (cost=390.46..390.47 rows=1 width=8)
	  ->  Index Scan using sbtest7_pkey on sbtest7  (cost=0.43..390.22 rows=98 width=4)
	        Index Cond: ((id >= 2757549) AND (id <= 2757648))

table 8 : explain SELECT SUM(k) FROM sbtest8 WHERE id BETWEEN 3700940 AND 3701039
	Aggregate  (cost=420.88..420.89 rows=1 width=8)
	  ->  Index Scan using sbtest8_pkey on sbtest8  (cost=0.43..420.61 rows=106 width=4)
	        Index Cond: ((id >= 3700940) AND (id <= 3701039))

for: order_ranges
table 1 : explain SELECT c FROM sbtest1 WHERE id BETWEEN 8269610 AND 8269709 ORDER BY c
	Sort  (cost=393.09..393.33 rows=98 width=121)
	  Sort Key: c
	  ->  Index Scan using sbtest1_pkey on sbtest1  (cost=0.43..389.85 rows=98 width=121)
	        Index Cond: ((id >= 8269610) AND (id <= 8269709))

table 2 : explain SELECT c FROM sbtest2 WHERE id BETWEEN 380294 AND 380393 ORDER BY c
	Sort  (cost=408.87..409.12 rows=102 width=121)
	  Sort Key: c
	  ->  Index Scan using sbtest2_pkey on sbtest2  (cost=0.43..405.46 rows=102 width=121)
	        Index Cond: ((id >= 380294) AND (id <= 380393))

table 3 : explain SELECT c FROM sbtest3 WHERE id BETWEEN 9279096 AND 9279195 ORDER BY c
	Sort  (cost=368.45..368.68 rows=92 width=121)
	  Sort Key: c
	  ->  Index Scan using sbtest3_pkey on sbtest3  (cost=0.43..365.45 rows=92 width=121)
	        Index Cond: ((id >= 9279096) AND (id <= 9279195))

table 4 : explain SELECT c FROM sbtest4 WHERE id BETWEEN 9217133 AND 9217232 ORDER BY c
	Sort  (cost=388.13..388.38 rows=97 width=121)
	  Sort Key: c
	  ->  Index Scan using sbtest4_pkey on sbtest4  (cost=0.43..384.93 rows=97 width=121)
	        Index Cond: ((id >= 9217133) AND (id <= 9217232))

table 5 : explain SELECT c FROM sbtest5 WHERE id BETWEEN 9358799 AND 9358898 ORDER BY c
	Sort  (cost=403.97..404.22 rows=101 width=121)
	  Sort Key: c
	  ->  Index Scan using sbtest5_pkey on sbtest5  (cost=0.43..400.61 rows=101 width=121)
	        Index Cond: ((id >= 9358799) AND (id <= 9358898))

table 6 : explain SELECT c FROM sbtest6 WHERE id BETWEEN 196231 AND 196330 ORDER BY c
	Sort  (cost=449.57..449.85 rows=113 width=121)
	  Sort Key: c
	  ->  Index Scan using sbtest6_pkey on sbtest6  (cost=0.43..445.72 rows=113 width=121)
	        Index Cond: ((id >= 196231) AND (id <= 196330))

table 7 : explain SELECT c FROM sbtest7 WHERE id BETWEEN 8719932 AND 8720031 ORDER BY c
	Sort  (cost=441.19..441.47 rows=110 width=121)
	  Sort Key: c
	  ->  Index Scan using sbtest7_pkey on sbtest7  (cost=0.43..437.46 rows=110 width=121)
	        Index Cond: ((id >= 8719932) AND (id <= 8720031))

table 8 : explain SELECT c FROM sbtest8 WHERE id BETWEEN 354669 AND 354768 ORDER BY c
	Sort  (cost=392.45..392.70 rows=98 width=121)
	  Sort Key: c
	  ->  Index Scan using sbtest8_pkey on sbtest8  (cost=0.43..389.21 rows=98 width=121)
	        Index Cond: ((id >= 354669) AND (id <= 354768))

for point_selects
table 1 : explain SELECT c FROM sbtest1 WHERE id=857589
	Index Scan using sbtest1_pkey on sbtest1  (cost=0.43..8.45 rows=1 width=121)
	  Index Cond: (id = 857589)

table 2 : explain SELECT c FROM sbtest2 WHERE id=7833183
	Index Scan using sbtest2_pkey on sbtest2  (cost=0.43..8.45 rows=1 width=121)
	  Index Cond: (id = 7833183)

table 3 : explain SELECT c FROM sbtest3 WHERE id=1215738
	Index Scan using sbtest3_pkey on sbtest3  (cost=0.43..8.45 rows=1 width=121)
	  Index Cond: (id = 1215738)

table 4 : explain SELECT c FROM sbtest4 WHERE id=6747948
	Index Scan using sbtest4_pkey on sbtest4  (cost=0.43..8.45 rows=1 width=121)
	  Index Cond: (id = 6747948)

table 5 : explain SELECT c FROM sbtest5 WHERE id=3501668
	Index Scan using sbtest5_pkey on sbtest5  (cost=0.43..8.45 rows=1 width=121)
	  Index Cond: (id = 3501668)

table 6 : explain SELECT c FROM sbtest6 WHERE id=3854111
	Index Scan using sbtest6_pkey on sbtest6  (cost=0.43..8.45 rows=1 width=121)
	  Index Cond: (id = 3854111)

table 7 : explain SELECT c FROM sbtest7 WHERE id=364970
	Index Scan using sbtest7_pkey on sbtest7  (cost=0.43..8.45 rows=1 width=121)
	  Index Cond: (id = 364970)

table 8 : explain SELECT c FROM sbtest8 WHERE id=8700593
	Index Scan using sbtest8_pkey on sbtest8  (cost=0.43..8.45 rows=1 width=121)
	  Index Cond: (id = 8700593)

for point_selects
table 1 : explain SELECT c FROM sbtest1 WHERE id=1367225
	Index Scan using sbtest1_pkey on sbtest1  (cost=0.43..8.45 rows=1 width=121)
	  Index Cond: (id = 1367225)

table 2 : explain SELECT c FROM sbtest2 WHERE id=7720676
	Index Scan using sbtest2_pkey on sbtest2  (cost=0.43..8.45 rows=1 width=121)
	  Index Cond: (id = 7720676)

table 3 : explain SELECT c FROM sbtest3 WHERE id=1417086
	Index Scan using sbtest3_pkey on sbtest3  (cost=0.43..8.45 rows=1 width=121)
	  Index Cond: (id = 1417086)

table 4 : explain SELECT c FROM sbtest4 WHERE id=914336
	Index Scan using sbtest4_pkey on sbtest4  (cost=0.43..8.45 rows=1 width=121)
	  Index Cond: (id = 914336)

table 5 : explain SELECT c FROM sbtest5 WHERE id=8533573
	Index Scan using sbtest5_pkey on sbtest5  (cost=0.43..8.45 rows=1 width=121)
	  Index Cond: (id = 8533573)

table 6 : explain SELECT c FROM sbtest6 WHERE id=7456412
	Index Scan using sbtest6_pkey on sbtest6  (cost=0.43..8.45 rows=1 width=121)
	  Index Cond: (id = 7456412)

table 7 : explain SELECT c FROM sbtest7 WHERE id=3739388
	Index Scan using sbtest7_pkey on sbtest7  (cost=0.43..8.45 rows=1 width=121)
	  Index Cond: (id = 3739388)

table 8 : explain SELECT c FROM sbtest8 WHERE id=6566222
	Index Scan using sbtest8_pkey on sbtest8  (cost=0.43..8.45 rows=1 width=121)
	  Index Cond: (id = 6566222)

for: order_ranges
table 1 : explain SELECT c FROM sbtest1 WHERE id BETWEEN 4010919 AND 4011018 ORDER BY c
	Sort  (cost=393.09..393.33 rows=98 width=121)
	  Sort Key: c
	  ->  Index Scan using sbtest1_pkey on sbtest1  (cost=0.43..389.85 rows=98 width=121)
	        Index Cond: ((id >= 4010919) AND (id <= 4011018))

table 2 : explain SELECT c FROM sbtest2 WHERE id BETWEEN 3174326 AND 3174425 ORDER BY c
	Sort  (cost=404.90..405.15 rows=101 width=121)
	  Sort Key: c
	  ->  Index Scan using sbtest2_pkey on sbtest2  (cost=0.43..401.53 rows=101 width=121)
	        Index Cond: ((id >= 3174326) AND (id <= 3174425))

table 3 : explain SELECT c FROM sbtest3 WHERE id BETWEEN 5984171 AND 5984270 ORDER BY c
	Sort  (cost=416.03..416.29 rows=104 width=121)
	  Sort Key: c
	  ->  Index Scan using sbtest3_pkey on sbtest3  (cost=0.43..412.55 rows=104 width=121)
	        Index Cond: ((id >= 5984171) AND (id <= 5984270))

table 4 : explain SELECT c FROM sbtest4 WHERE id BETWEEN 3189428 AND 3189527 ORDER BY c
	Sort  (cost=400.02..400.27 rows=100 width=121)
	  Sort Key: c
	  ->  Index Scan using sbtest4_pkey on sbtest4  (cost=0.43..396.69 rows=100 width=121)
	        Index Cond: ((id >= 3189428) AND (id <= 3189527))

table 5 : explain SELECT c FROM sbtest5 WHERE id BETWEEN 3121026 AND 3121125 ORDER BY c
	Sort  (cost=400.01..400.26 rows=100 width=121)
	  Sort Key: c
	  ->  Index Scan using sbtest5_pkey on sbtest5  (cost=0.43..396.69 rows=100 width=121)
	        Index Cond: ((id >= 3121026) AND (id <= 3121125))

table 6 : explain SELECT c FROM sbtest6 WHERE id BETWEEN 6483103 AND 6483202 ORDER BY c
	Sort  (cost=378.55..378.78 rows=95 width=121)
	  Sort Key: c
	  ->  Index Scan using sbtest6_pkey on sbtest6  (cost=0.43..375.43 rows=95 width=121)
	        Index Cond: ((id >= 6483103) AND (id <= 6483202))

table 7 : explain SELECT c FROM sbtest7 WHERE id BETWEEN 7807630 AND 7807729 ORDER BY c
	Sort  (cost=413.36..413.62 rows=103 width=121)
	  Sort Key: c
	  ->  Index Scan using sbtest7_pkey on sbtest7  (cost=0.43..409.92 rows=103 width=121)
	        Index Cond: ((id >= 7807630) AND (id <= 7807729))

table 8 : explain SELECT c FROM sbtest8 WHERE id BETWEEN 3882618 AND 3882717 ORDER BY c
	Sort  (cost=436.07..436.34 rows=109 width=121)
	  Sort Key: c
	  ->  Index Scan using sbtest8_pkey on sbtest8  (cost=0.43..432.38 rows=109 width=121)
	        Index Cond: ((id >= 3882618) AND (id <= 3882717))

for point_selects
table 1 : explain SELECT c FROM sbtest1 WHERE id=7493416
	Index Scan using sbtest1_pkey on sbtest1  (cost=0.43..8.45 rows=1 width=121)
	  Index Cond: (id = 7493416)

table 2 : explain SELECT c FROM sbtest2 WHERE id=3197443
	Index Scan using sbtest2_pkey on sbtest2  (cost=0.43..8.45 rows=1 width=121)
	  Index Cond: (id = 3197443)

table 3 : explain SELECT c FROM sbtest3 WHERE id=9285639
	Index Scan using sbtest3_pkey on sbtest3  (cost=0.43..8.45 rows=1 width=121)
	  Index Cond: (id = 9285639)

table 4 : explain SELECT c FROM sbtest4 WHERE id=7021632
	Index Scan using sbtest4_pkey on sbtest4  (cost=0.43..8.45 rows=1 width=121)
	  Index Cond: (id = 7021632)

table 5 : explain SELECT c FROM sbtest5 WHERE id=5775828
	Index Scan using sbtest5_pkey on sbtest5  (cost=0.43..8.45 rows=1 width=121)
	  Index Cond: (id = 5775828)

table 6 : explain SELECT c FROM sbtest6 WHERE id=9336971
	Index Scan using sbtest6_pkey on sbtest6  (cost=0.43..8.45 rows=1 width=121)
	  Index Cond: (id = 9336971)

table 7 : explain SELECT c FROM sbtest7 WHERE id=3142552
	Index Scan using sbtest7_pkey on sbtest7  (cost=0.43..8.45 rows=1 width=121)
	  Index Cond: (id = 3142552)

table 8 : explain SELECT c FROM sbtest8 WHERE id=2540720
	Index Scan using sbtest8_pkey on sbtest8  (cost=0.43..8.45 rows=1 width=121)
	  Index Cond: (id = 2540720)

explain: for point_selects :: explain SELECT c FROM sbtest%u WHERE id=%u
explain: for point_selects :: explain SELECT c FROM sbtest%u WHERE id=%u
for point_selects
table 1 : explain SELECT c FROM sbtest1 WHERE id=57388
	Index Scan using sbtest1_pkey on sbtest1  (cost=0.43..8.45 rows=1 width=121)
	  Index Cond: (id = 57388)

table 2 : explain SELECT c FROM sbtest2 WHERE id=2535379
	Index Scan using sbtest2_pkey on sbtest2  (cost=0.43..8.45 rows=1 width=121)
	  Index Cond: (id = 2535379)

table 3 : explain SELECT c FROM sbtest3 WHERE id=192851
	Index Scan using sbtest3_pkey on sbtest3  (cost=0.43..8.45 rows=1 width=121)
	  Index Cond: (id = 192851)

table 4 : explain SELECT c FROM sbtest4 WHERE id=7332471
	Index Scan using sbtest4_pkey on sbtest4  (cost=0.43..8.45 rows=1 width=121)
	  Index Cond: (id = 7332471)

table 5 : explain SELECT c FROM sbtest5 WHERE id=1095958
	Index Scan using sbtest5_pkey on sbtest5  (cost=0.43..8.45 rows=1 width=121)
	  Index Cond: (id = 1095958)

table 6 : explain SELECT c FROM sbtest6 WHERE id=9949584
	Index Scan using sbtest6_pkey on sbtest6  (cost=0.43..8.45 rows=1 width=121)
	  Index Cond: (id = 9949584)

table 7 : explain SELECT c FROM sbtest7 WHERE id=7249544
	Index Scan using sbtest7_pkey on sbtest7  (cost=0.43..8.45 rows=1 width=121)
	  Index Cond: (id = 7249544)

table 8 : explain SELECT c FROM sbtest8 WHERE id=5687692
	Index Scan using sbtest8_pkey on sbtest8  (cost=0.43..8.45 rows=1 width=121)
	  Index Cond: (id = 5687692)

for: simple_ranges
table 1 : explain SELECT c FROM sbtest1 WHERE id BETWEEN 1985152 AND 1985251
	Index Scan using sbtest1_pkey on sbtest1  (cost=0.43..358.39 rows=90 width=121)
	  Index Cond: ((id >= 1985152) AND (id <= 1985251))

table 2 : explain SELECT c FROM sbtest2 WHERE id BETWEEN 7583761 AND 7583860
	Index Scan using sbtest2_pkey on sbtest2  (cost=0.43..385.79 rows=97 width=121)
	  Index Cond: ((id >= 7583761) AND (id <= 7583860))

table 3 : explain SELECT c FROM sbtest3 WHERE id BETWEEN 8631332 AND 8631431
	Index Scan using sbtest3_pkey on sbtest3  (cost=0.43..412.55 rows=104 width=121)
	  Index Cond: ((id >= 8631332) AND (id <= 8631431))

table 4 : explain SELECT c FROM sbtest4 WHERE id BETWEEN 3882633 AND 3882732
	Index Scan using sbtest4_pkey on sbtest4  (cost=0.43..365.33 rows=92 width=121)
	  Index Cond: ((id >= 3882633) AND (id <= 3882732))

table 5 : explain SELECT c FROM sbtest5 WHERE id BETWEEN 8725347 AND 8725446
	Index Scan using sbtest5_pkey on sbtest5  (cost=0.43..408.45 rows=103 width=121)
	  Index Cond: ((id >= 8725347) AND (id <= 8725446))

table 6 : explain SELECT c FROM sbtest6 WHERE id BETWEEN 6355670 AND 6355769
	Index Scan using sbtest6_pkey on sbtest6  (cost=0.43..414.49 rows=105 width=121)
	  Index Cond: ((id >= 6355670) AND (id <= 6355769))

table 7 : explain SELECT c FROM sbtest7 WHERE id BETWEEN 606108 AND 606207
	Index Scan using sbtest7_pkey on sbtest7  (cost=0.43..378.41 rows=95 width=121)
	  Index Cond: ((id >= 606108) AND (id <= 606207))

table 8 : explain SELECT c FROM sbtest8 WHERE id BETWEEN 6277398 AND 6277497
	Index Scan using sbtest8_pkey on sbtest8  (cost=0.43..373.49 rows=94 width=121)
	  Index Cond: ((id >= 6277398) AND (id <= 6277497))

for point_selects
table 1 : explain SELECT c FROM sbtest1 WHERE id=6619733
	Index Scan using sbtest1_pkey on sbtest1  (cost=0.43..8.45 rows=1 width=121)
	  Index Cond: (id = 6619733)

table 2 : explain SELECT c FROM sbtest2 WHERE id=1869743
	Index Scan using sbtest2_pkey on sbtest2  (cost=0.43..8.45 rows=1 width=121)
	  Index Cond: (id = 1869743)

table 3 : explain SELECT c FROM sbtest3 WHERE id=9866011
	Index Scan using sbtest3_pkey on sbtest3  (cost=0.43..8.45 rows=1 width=121)
	  Index Cond: (id = 9866011)

table 4 : explain SELECT c FROM sbtest4 WHERE id=5376543
	Index Scan using sbtest4_pkey on sbtest4  (cost=0.43..8.45 rows=1 width=121)
	  Index Cond: (id = 5376543)

table 5 : explain SELECT c FROM sbtest5 WHERE id=2829887
	Index Scan using sbtest5_pkey on sbtest5  (cost=0.43..8.45 rows=1 width=121)
	  Index Cond: (id = 2829887)

table 6 : explain SELECT c FROM sbtest6 WHERE id=1617034
	Index Scan using sbtest6_pkey on sbtest6  (cost=0.43..8.45 rows=1 width=121)
	  Index Cond: (id = 1617034)

table 7 : explain SELECT c FROM sbtest7 WHERE id=3265759
	Index Scan using sbtest7_pkey on sbtest7  (cost=0.43..8.45 rows=1 width=121)
	  Index Cond: (id = 3265759)

table 8 : explain SELECT c FROM sbtest8 WHERE id=2970204
	Index Scan using sbtest8_pkey on sbtest8  (cost=0.43..8.45 rows=1 width=121)
	  Index Cond: (id = 2970204)

for point_selects
table 1 : explain SELECT c FROM sbtest1 WHERE id=168284
	Index Scan using sbtest1_pkey on sbtest1  (cost=0.43..8.45 rows=1 width=121)
	  Index Cond: (id = 168284)

table 2 : explain SELECT c FROM sbtest2 WHERE id=4690082
	Index Scan using sbtest2_pkey on sbtest2  (cost=0.43..8.45 rows=1 width=121)
	  Index Cond: (id = 4690082)

table 3 : explain SELECT c FROM sbtest3 WHERE id=1062666
	Index Scan using sbtest3_pkey on sbtest3  (cost=0.43..8.45 rows=1 width=121)
	  Index Cond: (id = 1062666)

table 4 : explain SELECT c FROM sbtest4 WHERE id=411856
	Index Scan using sbtest4_pkey on sbtest4  (cost=0.43..8.45 rows=1 width=121)
	  Index Cond: (id = 411856)

table 5 : explain SELECT c FROM sbtest5 WHERE id=522803
	Index Scan using sbtest5_pkey on sbtest5  (cost=0.43..8.45 rows=1 width=121)
	  Index Cond: (id = 522803)

table 6 : explain SELECT c FROM sbtest6 WHERE id=3270591
	Index Scan using sbtest6_pkey on sbtest6  (cost=0.43..8.45 rows=1 width=121)
	  Index Cond: (id = 3270591)

table 7 : explain SELECT c FROM sbtest7 WHERE id=611880
	Index Scan using sbtest7_pkey on sbtest7  (cost=0.43..8.45 rows=1 width=121)
	  Index Cond: (id = 611880)

table 8 : explain SELECT c FROM sbtest8 WHERE id=6223391
	Index Scan using sbtest8_pkey on sbtest8  (cost=0.43..8.45 rows=1 width=121)
	  Index Cond: (id = 6223391)

for: distinct_ranges
table 1 : explain SELECT DISTINCT c FROM sbtest1 WHERE id BETWEEN 78025 AND 78124 ORDER BY c
	Unique  (cost=424.88..425.41 rows=106 width=121)
	  ->  Sort  (cost=424.88..425.15 rows=106 width=121)
	        Sort Key: c
	        ->  Index Scan using sbtest1_pkey on sbtest1  (cost=0.43..421.32 rows=106 width=121)
	              Index Cond: ((id >= 78025) AND (id <= 78124))

table 2 : explain SELECT DISTINCT c FROM sbtest2 WHERE id BETWEEN 1952656 AND 1952755 ORDER BY c
	Unique  (cost=392.98..393.47 rows=98 width=121)
	  ->  Sort  (cost=392.98..393.23 rows=98 width=121)
	        Sort Key: c
	        ->  Index Scan using sbtest2_pkey on sbtest2  (cost=0.43..389.74 rows=98 width=121)
	              Index Cond: ((id >= 1952656) AND (id <= 1952755))

table 3 : explain SELECT DISTINCT c FROM sbtest3 WHERE id BETWEEN 2319675 AND 2319774 ORDER BY c
	Unique  (cost=372.42..372.88 rows=93 width=121)
	  ->  Sort  (cost=372.42..372.65 rows=93 width=121)
	        Sort Key: c
	        ->  Index Scan using sbtest3_pkey on sbtest3  (cost=0.43..369.38 rows=93 width=121)
	              Index Cond: ((id >= 2319675) AND (id <= 2319774))

table 4 : explain SELECT DISTINCT c FROM sbtest4 WHERE id BETWEEN 7036002 AND 7036101 ORDER BY c
	Unique  (cost=415.86..416.38 rows=104 width=121)
	  ->  Sort  (cost=415.86..416.12 rows=104 width=121)
	        Sort Key: c
	        ->  Index Scan using sbtest4_pkey on sbtest4  (cost=0.43..412.38 rows=104 width=121)
	              Index Cond: ((id >= 7036002) AND (id <= 7036101))

table 5 : explain SELECT DISTINCT c FROM sbtest5 WHERE id BETWEEN 2513632 AND 2513731 ORDER BY c
	Unique  (cost=400.01..400.51 rows=100 width=121)
	  ->  Sort  (cost=400.01..400.26 rows=100 width=121)
	        Sort Key: c
	        ->  Index Scan using sbtest5_pkey on sbtest5  (cost=0.43..396.69 rows=100 width=121)
	              Index Cond: ((id >= 2513632) AND (id <= 2513731))

table 6 : explain SELECT DISTINCT c FROM sbtest6 WHERE id BETWEEN 1333992 AND 1334091 ORDER BY c
	Unique  (cost=410.13..410.64 rows=103 width=121)
	  ->  Sort  (cost=410.13..410.38 rows=103 width=121)
	        Sort Key: c
	        ->  Index Scan using sbtest6_pkey on sbtest6  (cost=0.43..406.68 rows=103 width=121)
	              Index Cond: ((id >= 1333992) AND (id <= 1334091))

table 7 : explain SELECT DISTINCT c FROM sbtest7 WHERE id BETWEEN 2678995 AND 2679094 ORDER BY c
	Unique  (cost=405.41..405.91 rows=101 width=121)
	  ->  Sort  (cost=405.41..405.66 rows=101 width=121)
	        Sort Key: c
	        ->  Index Scan using sbtest7_pkey on sbtest7  (cost=0.43..402.05 rows=101 width=121)
	              Index Cond: ((id >= 2678995) AND (id <= 2679094))

table 8 : explain SELECT DISTINCT c FROM sbtest8 WHERE id BETWEEN 1321728 AND 1321827 ORDER BY c
	Unique  (cost=380.54..381.01 rows=95 width=121)
	  ->  Sort  (cost=380.54..380.77 rows=95 width=121)
	        Sort Key: c
	        ->  Index Scan using sbtest8_pkey on sbtest8  (cost=0.43..377.42 rows=95 width=121)
	              Index Cond: ((id >= 1321728) AND (id <= 1321827))

explain: for point_selects :: explain SELECT c FROM sbtest%u WHERE id=%u
for point_selects
table 1 : explain SELECT c FROM sbtest1 WHERE id=9993612
	Index Scan using sbtest1_pkey on sbtest1  (cost=0.43..8.45 rows=1 width=121)
	  Index Cond: (id = 9993612)

table 2 : explain SELECT c FROM sbtest2 WHERE id=5737571
	Index Scan using sbtest2_pkey on sbtest2  (cost=0.43..8.45 rows=1 width=121)
	  Index Cond: (id = 5737571)

table 3 : explain SELECT c FROM sbtest3 WHERE id=9049720
	Index Scan using sbtest3_pkey on sbtest3  (cost=0.43..8.45 rows=1 width=121)
	  Index Cond: (id = 9049720)

table 4 : explain SELECT c FROM sbtest4 WHERE id=2718764
	Index Scan using sbtest4_pkey on sbtest4  (cost=0.43..8.45 rows=1 width=121)
	  Index Cond: (id = 2718764)

table 5 : explain SELECT c FROM sbtest5 WHERE id=3973099
	Index Scan using sbtest5_pkey on sbtest5  (cost=0.43..8.45 rows=1 width=121)
	  Index Cond: (id = 3973099)

table 6 : explain SELECT c FROM sbtest6 WHERE id=6657768
	Index Scan using sbtest6_pkey on sbtest6  (cost=0.43..8.45 rows=1 width=121)
	  Index Cond: (id = 6657768)

table 7 : explain SELECT c FROM sbtest7 WHERE id=5531457
	Index Scan using sbtest7_pkey on sbtest7  (cost=0.43..8.45 rows=1 width=121)
	  Index Cond: (id = 5531457)

table 8 : explain SELECT c FROM sbtest8 WHERE id=3723172
	Index Scan using sbtest8_pkey on sbtest8  (cost=0.43..8.45 rows=1 width=121)
	  Index Cond: (id = 3723172)

for point_selects
table 1 : explain SELECT c FROM sbtest1 WHERE id=5896404
	Index Scan using sbtest1_pkey on sbtest1  (cost=0.43..8.45 rows=1 width=121)
	  Index Cond: (id = 5896404)

table 2 : explain SELECT c FROM sbtest2 WHERE id=7265942
	Index Scan using sbtest2_pkey on sbtest2  (cost=0.43..8.45 rows=1 width=121)
	  Index Cond: (id = 7265942)

table 3 : explain SELECT c FROM sbtest3 WHERE id=791414
	Index Scan using sbtest3_pkey on sbtest3  (cost=0.43..8.45 rows=1 width=121)
	  Index Cond: (id = 791414)

table 4 : explain SELECT c FROM sbtest4 WHERE id=8789334
	Index Scan using sbtest4_pkey on sbtest4  (cost=0.43..8.45 rows=1 width=121)
	  Index Cond: (id = 8789334)

table 5 : explain SELECT c FROM sbtest5 WHERE id=2251839
	Index Scan using sbtest5_pkey on sbtest5  (cost=0.43..8.45 rows=1 width=121)
	  Index Cond: (id = 2251839)

table 6 : explain SELECT c FROM sbtest6 WHERE id=9862814
	Index Scan using sbtest6_pkey on sbtest6  (cost=0.43..8.45 rows=1 width=121)
	  Index Cond: (id = 9862814)

table 7 : explain SELECT c FROM sbtest7 WHERE id=1963634
	Index Scan using sbtest7_pkey on sbtest7  (cost=0.43..8.45 rows=1 width=121)
	  Index Cond: (id = 1963634)

table 8 : explain SELECT c FROM sbtest8 WHERE id=1346997
	Index Scan using sbtest8_pkey on sbtest8  (cost=0.43..8.45 rows=1 width=121)
	  Index Cond: (id = 1346997)

for point_selects
table 1 : explain SELECT c FROM sbtest1 WHERE id=7621414
	Index Scan using sbtest1_pkey on sbtest1  (cost=0.43..8.45 rows=1 width=121)
	  Index Cond: (id = 7621414)

table 2 : explain SELECT c FROM sbtest2 WHERE id=4516711
	Index Scan using sbtest2_pkey on sbtest2  (cost=0.43..8.45 rows=1 width=121)
	  Index Cond: (id = 4516711)

table 3 : explain SELECT c FROM sbtest3 WHERE id=5775819
	Index Scan using sbtest3_pkey on sbtest3  (cost=0.43..8.45 rows=1 width=121)
	  Index Cond: (id = 5775819)

table 4 : explain SELECT c FROM sbtest4 WHERE id=533245
	Index Scan using sbtest4_pkey on sbtest4  (cost=0.43..8.45 rows=1 width=121)
	  Index Cond: (id = 533245)

table 5 : explain SELECT c FROM sbtest5 WHERE id=7032427
	Index Scan using sbtest5_pkey on sbtest5  (cost=0.43..8.45 rows=1 width=121)
	  Index Cond: (id = 7032427)

table 6 : explain SELECT c FROM sbtest6 WHERE id=7021409
	Index Scan using sbtest6_pkey on sbtest6  (cost=0.43..8.45 rows=1 width=121)
	  Index Cond: (id = 7021409)

table 7 : explain SELECT c FROM sbtest7 WHERE id=1094753
	Index Scan using sbtest7_pkey on sbtest7  (cost=0.43..8.45 rows=1 width=121)
	  Index Cond: (id = 1094753)

table 8 : explain SELECT c FROM sbtest8 WHERE id=6908232
	Index Scan using sbtest8_pkey on sbtest8  (cost=0.43..8.45 rows=1 width=121)
	  Index Cond: (id = 6908232)

for: simple_ranges
table 1 : explain SELECT c FROM sbtest1 WHERE id BETWEEN 2520472 AND 2520571
	Index Scan using sbtest1_pkey on sbtest1  (cost=0.43..413.46 rows=104 width=121)
	  Index Cond: ((id >= 2520472) AND (id <= 2520571))

table 2 : explain SELECT c FROM sbtest2 WHERE id BETWEEN 3616035 AND 3616134
	Index Scan using sbtest2_pkey on sbtest2  (cost=0.43..393.67 rows=99 width=121)
	  Index Cond: ((id >= 3616035) AND (id <= 3616134))

table 3 : explain SELECT c FROM sbtest3 WHERE id BETWEEN 8660484 AND 8660583
	Index Scan using sbtest3_pkey on sbtest3  (cost=0.43..412.55 rows=104 width=121)
	  Index Cond: ((id >= 8660484) AND (id <= 8660583))

table 4 : explain SELECT c FROM sbtest4 WHERE id BETWEEN 9042640 AND 9042739
	Index Scan using sbtest4_pkey on sbtest4  (cost=0.43..412.38 rows=104 width=121)
	  Index Cond: ((id >= 9042640) AND (id <= 9042739))

table 5 : explain SELECT c FROM sbtest5 WHERE id BETWEEN 3191665 AND 3191764
	Index Scan using sbtest5_pkey on sbtest5  (cost=0.43..396.69 rows=100 width=121)
	  Index Cond: ((id >= 3191665) AND (id <= 3191764))

table 6 : explain SELECT c FROM sbtest6 WHERE id BETWEEN 585442 AND 585541
	Index Scan using sbtest6_pkey on sbtest6  (cost=0.43..387.17 rows=98 width=121)
	  Index Cond: ((id >= 585442) AND (id <= 585541))

table 7 : explain SELECT c FROM sbtest7 WHERE id BETWEEN 3283085 AND 3283184
	Index Scan using sbtest7_pkey on sbtest7  (cost=0.43..398.11 rows=100 width=121)
	  Index Cond: ((id >= 3283085) AND (id <= 3283184))

table 8 : explain SELECT c FROM sbtest8 WHERE id BETWEEN 7471424 AND 7471523
	Index Scan using sbtest8_pkey on sbtest8  (cost=0.43..377.42 rows=95 width=121)
	  Index Cond: ((id >= 7471424) AND (id <= 7471523))

for: simple_ranges
table 1 : explain SELECT c FROM sbtest1 WHERE id BETWEEN 5353743 AND 5353842
	Index Scan using sbtest1_pkey on sbtest1  (cost=0.43..444.91 rows=112 width=121)
	  Index Cond: ((id >= 5353743) AND (id <= 5353842))

table 2 : explain SELECT c FROM sbtest2 WHERE id BETWEEN 4752338 AND 4752437
	Index Scan using sbtest2_pkey on sbtest2  (cost=0.43..389.74 rows=98 width=121)
	  Index Cond: ((id >= 4752338) AND (id <= 4752437))

table 3 : explain SELECT c FROM sbtest3 WHERE id BETWEEN 1862495 AND 1862594
	Index Scan using sbtest3_pkey on sbtest3  (cost=0.43..416.47 rows=105 width=121)
	  Index Cond: ((id >= 1862495) AND (id <= 1862594))

table 4 : explain SELECT c FROM sbtest4 WHERE id BETWEEN 1491086 AND 1491185
	Index Scan using sbtest4_pkey on sbtest4  (cost=0.43..381.01 rows=96 width=121)
	  Index Cond: ((id >= 1491086) AND (id <= 1491185))

table 5 : explain SELECT c FROM sbtest5 WHERE id BETWEEN 2513520 AND 2513619
	Index Scan using sbtest5_pkey on sbtest5  (cost=0.43..396.69 rows=100 width=121)
	  Index Cond: ((id >= 2513520) AND (id <= 2513619))

table 6 : explain SELECT c FROM sbtest6 WHERE id BETWEEN 8031362 AND 8031461
	Index Scan using sbtest6_pkey on sbtest6  (cost=0.43..391.07 rows=99 width=121)
	  Index Cond: ((id >= 8031362) AND (id <= 8031461))

table 7 : explain SELECT c FROM sbtest7 WHERE id BETWEEN 6030101 AND 6030200
	Index Scan using sbtest7_pkey on sbtest7  (cost=0.43..390.22 rows=98 width=121)
	  Index Cond: ((id >= 6030101) AND (id <= 6030200))

table 8 : explain SELECT c FROM sbtest8 WHERE id BETWEEN 8403826 AND 8403925
	Index Scan using sbtest8_pkey on sbtest8  (cost=0.43..400.99 rows=101 width=121)
	  Index Cond: ((id >= 8403826) AND (id <= 8403925))

for: simple_ranges
table 1 : explain SELECT c FROM sbtest1 WHERE id BETWEEN 515316 AND 515415
	Index Scan using sbtest1_pkey on sbtest1  (cost=0.43..342.67 rows=86 width=121)
	  Index Cond: ((id >= 515316) AND (id <= 515415))

table 2 : explain SELECT c FROM sbtest2 WHERE id BETWEEN 3888564 AND 3888663
	Index Scan using sbtest2_pkey on sbtest2  (cost=0.43..366.14 rows=92 width=121)
	  Index Cond: ((id >= 3888564) AND (id <= 3888663))

table 3 : explain SELECT c FROM sbtest3 WHERE id BETWEEN 6394604 AND 6394703
	Index Scan using sbtest3_pkey on sbtest3  (cost=0.43..381.14 rows=96 width=121)
	  Index Cond: ((id >= 6394604) AND (id <= 6394703))

table 4 : explain SELECT c FROM sbtest4 WHERE id BETWEEN 9290365 AND 9290464
	Index Scan using sbtest4_pkey on sbtest4  (cost=0.43..384.93 rows=97 width=121)
	  Index Cond: ((id >= 9290365) AND (id <= 9290464))

table 5 : explain SELECT c FROM sbtest5 WHERE id BETWEEN 3165662 AND 3165761
	Index Scan using sbtest5_pkey on sbtest5  (cost=0.43..396.69 rows=100 width=121)
	  Index Cond: ((id >= 3165662) AND (id <= 3165761))

table 6 : explain SELECT c FROM sbtest6 WHERE id BETWEEN 8988972 AND 8989071
	Index Scan using sbtest6_pkey on sbtest6  (cost=0.43..383.23 rows=97 width=121)
	  Index Cond: ((id >= 8988972) AND (id <= 8989071))

table 7 : explain SELECT c FROM sbtest7 WHERE id BETWEEN 2333418 AND 2333517
	Index Scan using sbtest7_pkey on sbtest7  (cost=0.43..402.05 rows=101 width=121)
	  Index Cond: ((id >= 2333418) AND (id <= 2333517))

table 8 : explain SELECT c FROM sbtest8 WHERE id BETWEEN 6961323 AND 6961422
	Index Scan using sbtest8_pkey on sbtest8  (cost=0.43..361.72 rows=91 width=121)
	  Index Cond: ((id >= 6961323) AND (id <= 6961422))

for: order_ranges
table 1 : explain SELECT c FROM sbtest1 WHERE id BETWEEN 5158846 AND 5158945 ORDER BY c
	Sort  (cost=436.80..437.07 rows=109 width=121)
	  Sort Key: c
	  ->  Index Scan using sbtest1_pkey on sbtest1  (cost=0.43..433.11 rows=109 width=121)
	        Index Cond: ((id >= 5158846) AND (id <= 5158945))

table 2 : explain SELECT c FROM sbtest2 WHERE id BETWEEN 373528 AND 373627 ORDER BY c
	Sort  (cost=408.87..409.12 rows=102 width=121)
	  Sort Key: c
	  ->  Index Scan using sbtest2_pkey on sbtest2  (cost=0.43..405.46 rows=102 width=121)
	        Index Cond: ((id >= 373528) AND (id <= 373627))

table 3 : explain SELECT c FROM sbtest3 WHERE id BETWEEN 5362252 AND 5362351 ORDER BY c
	Sort  (cost=408.11..408.36 rows=102 width=121)
	  Sort Key: c
	  ->  Index Scan using sbtest3_pkey on sbtest3  (cost=0.43..404.70 rows=102 width=121)
	        Index Cond: ((id >= 5362252) AND (id <= 5362351))

table 4 : explain SELECT c FROM sbtest4 WHERE id BETWEEN 2048793 AND 2048892 ORDER BY c
	Sort  (cost=403.98..404.23 rows=101 width=121)
	  Sort Key: c
	  ->  Index Scan using sbtest4_pkey on sbtest4  (cost=0.43..400.62 rows=101 width=121)
	        Index Cond: ((id >= 2048793) AND (id <= 2048892))

table 5 : explain SELECT c FROM sbtest5 WHERE id BETWEEN 2714670 AND 2714769 ORDER BY c
	Sort  (cost=380.21..380.44 rows=95 width=121)
	  Sort Key: c
	  ->  Index Scan using sbtest5_pkey on sbtest5  (cost=0.43..377.08 rows=95 width=121)
	        Index Cond: ((id >= 2714670) AND (id <= 2714769))

table 6 : explain SELECT c FROM sbtest6 WHERE id BETWEEN 2094270 AND 2094369 ORDER BY c
	Sort  (cost=429.85..430.12 rows=108 width=121)
	  Sort Key: c
	  ->  Index Scan using sbtest6_pkey on sbtest6  (cost=0.43..426.20 rows=108 width=121)
	        Index Cond: ((id >= 2094270) AND (id <= 2094369))

table 7 : explain SELECT c FROM sbtest7 WHERE id BETWEEN 433728 AND 433827 ORDER BY c
	Sort  (cost=461.08..461.36 rows=115 width=121)
	  Sort Key: c
	  ->  Index Scan using sbtest7_pkey on sbtest7  (cost=0.43..457.14 rows=115 width=121)
	        Index Cond: ((id >= 433728) AND (id <= 433827))

table 8 : explain SELECT c FROM sbtest8 WHERE id BETWEEN 3191090 AND 3191189 ORDER BY c
	Sort  (cost=388.47..388.71 rows=97 width=121)
	  Sort Key: c
	  ->  Index Scan using sbtest8_pkey on sbtest8  (cost=0.43..385.26 rows=97 width=121)
	        Index Cond: ((id >= 3191090) AND (id <= 3191189))

for: simple_ranges
table 1 : explain SELECT c FROM sbtest1 WHERE id BETWEEN 1512986 AND 1513085
	Index Scan using sbtest1_pkey on sbtest1  (cost=0.43..405.59 rows=102 width=121)
	  Index Cond: ((id >= 1512986) AND (id <= 1513085))

table 2 : explain SELECT c FROM sbtest2 WHERE id BETWEEN 8605695 AND 8605794
	Index Scan using sbtest2_pkey on sbtest2  (cost=0.43..413.32 rows=104 width=121)
	  Index Cond: ((id >= 8605695) AND (id <= 8605794))

table 3 : explain SELECT c FROM sbtest3 WHERE id BETWEEN 5136956 AND 5137055
	Index Scan using sbtest3_pkey on sbtest3  (cost=0.43..404.70 rows=102 width=121)
	  Index Cond: ((id >= 5136956) AND (id <= 5137055))

table 4 : explain SELECT c FROM sbtest4 WHERE id BETWEEN 3100310 AND 3100409
	Index Scan using sbtest4_pkey on sbtest4  (cost=0.43..396.69 rows=100 width=121)
	  Index Cond: ((id >= 3100310) AND (id <= 3100409))

table 5 : explain SELECT c FROM sbtest5 WHERE id BETWEEN 4153242 AND 4153341
	Index Scan using sbtest5_pkey on sbtest5  (cost=0.43..373.16 rows=94 width=121)
	  Index Cond: ((id >= 4153242) AND (id <= 4153341))

table 6 : explain SELECT c FROM sbtest6 WHERE id BETWEEN 2241246 AND 2241345
	Index Scan using sbtest6_pkey on sbtest6  (cost=0.43..391.07 rows=99 width=121)
	  Index Cond: ((id >= 2241246) AND (id <= 2241345))

table 7 : explain SELECT c FROM sbtest7 WHERE id BETWEEN 175140 AND 175239
	Index Scan using sbtest7_pkey on sbtest7  (cost=0.43..374.48 rows=94 width=121)
	  Index Cond: ((id >= 175140) AND (id <= 175239))

table 8 : explain SELECT c FROM sbtest8 WHERE id BETWEEN 5888437 AND 5888536
	Index Scan using sbtest8_pkey on sbtest8  (cost=0.43..400.99 rows=101 width=121)
	  Index Cond: ((id >= 5888437) AND (id <= 5888536))

for: simple_ranges
table 1 : explain SELECT c FROM sbtest1 WHERE id BETWEEN 4278337 AND 4278436
	Index Scan using sbtest1_pkey on sbtest1  (cost=0.43..393.80 rows=99 width=121)
	  Index Cond: ((id >= 4278337) AND (id <= 4278436))

table 2 : explain SELECT c FROM sbtest2 WHERE id BETWEEN 5809971 AND 5810070
	Index Scan using sbtest2_pkey on sbtest2  (cost=0.43..421.18 rows=106 width=121)
	  Index Cond: ((id >= 5809971) AND (id <= 5810070))

table 3 : explain SELECT c FROM sbtest3 WHERE id BETWEEN 3892099 AND 3892198
	Index Scan using sbtest3_pkey on sbtest3  (cost=0.43..420.39 rows=106 width=121)
	  Index Cond: ((id >= 3892099) AND (id <= 3892198))

table 4 : explain SELECT c FROM sbtest4 WHERE id BETWEEN 772476 AND 772575
	Index Scan using sbtest4_pkey on sbtest4  (cost=0.43..396.69 rows=100 width=121)
	  Index Cond: ((id >= 772476) AND (id <= 772575))

table 5 : explain SELECT c FROM sbtest5 WHERE id BETWEEN 1240768 AND 1240867
	Index Scan using sbtest5_pkey on sbtest5  (cost=0.43..400.61 rows=101 width=121)
	  Index Cond: ((id >= 1240768) AND (id <= 1240867))

table 6 : explain SELECT c FROM sbtest6 WHERE id BETWEEN 8022773 AND 8022872
	Index Scan using sbtest6_pkey on sbtest6  (cost=0.43..391.07 rows=99 width=121)
	  Index Cond: ((id >= 8022773) AND (id <= 8022872))

table 7 : explain SELECT c FROM sbtest7 WHERE id BETWEEN 4827981 AND 4828080
	Index Scan using sbtest7_pkey on sbtest7  (cost=0.43..409.92 rows=103 width=121)
	  Index Cond: ((id >= 4827981) AND (id <= 4828080))

table 8 : explain SELECT c FROM sbtest8 WHERE id BETWEEN 2940162 AND 2940261
	Index Scan using sbtest8_pkey on sbtest8  (cost=0.43..381.34 rows=96 width=121)
	  Index Cond: ((id >= 2940162) AND (id <= 2940261))

for: order_ranges
table 1 : explain SELECT c FROM sbtest1 WHERE id BETWEEN 5414537 AND 5414636 ORDER BY c
	Sort  (cost=456.66..456.95 rows=114 width=121)
	  Sort Key: c
	  ->  Index Scan using sbtest1_pkey on sbtest1  (cost=0.43..452.77 rows=114 width=121)
	        Index Cond: ((id >= 5414537) AND (id <= 5414636))

table 2 : explain SELECT c FROM sbtest2 WHERE id BETWEEN 4308311 AND 4308410 ORDER BY c
	Sort  (cost=377.08..377.32 rows=94 width=121)
	  Sort Key: c
	  ->  Index Scan using sbtest2_pkey on sbtest2  (cost=0.43..374.00 rows=94 width=121)
	        Index Cond: ((id >= 4308311) AND (id <= 4308410))

table 3 : explain SELECT c FROM sbtest3 WHERE id BETWEEN 2178206 AND 2178305 ORDER BY c
	Sort  (cost=408.11..408.36 rows=102 width=121)
	  Sort Key: c
	  ->  Index Scan using sbtest3_pkey on sbtest3  (cost=0.43..404.70 rows=102 width=121)
	        Index Cond: ((id >= 2178206) AND (id <= 2178305))

table 4 : explain SELECT c FROM sbtest4 WHERE id BETWEEN 3659939 AND 3660038 ORDER BY c
	Sort  (cost=400.02..400.27 rows=100 width=121)
	  Sort Key: c
	  ->  Index Scan using sbtest4_pkey on sbtest4  (cost=0.43..396.69 rows=100 width=121)
	        Index Cond: ((id >= 3659939) AND (id <= 3660038))

table 5 : explain SELECT c FROM sbtest5 WHERE id BETWEEN 3155724 AND 3155823 ORDER BY c
	Sort  (cost=400.01..400.26 rows=100 width=121)
	  Sort Key: c
	  ->  Index Scan using sbtest5_pkey on sbtest5  (cost=0.43..396.69 rows=100 width=121)
	        Index Cond: ((id >= 3155724) AND (id <= 3155823))

table 6 : explain SELECT c FROM sbtest6 WHERE id BETWEEN 4119097 AND 4119196 ORDER BY c
	Sort  (cost=374.60..374.84 rows=94 width=121)
	  Sort Key: c
	  ->  Index Scan using sbtest6_pkey on sbtest6  (cost=0.43..371.52 rows=94 width=121)
	        Index Cond: ((id >= 4119097) AND (id <= 4119196))

table 7 : explain SELECT c FROM sbtest7 WHERE id BETWEEN 5633194 AND 5633293 ORDER BY c
	Sort  (cost=409.39..409.64 rows=102 width=121)
	  Sort Key: c
	  ->  Index Scan using sbtest7_pkey on sbtest7  (cost=0.43..405.98 rows=102 width=121)
	        Index Cond: ((id >= 5633194) AND (id <= 5633293))

table 8 : explain SELECT c FROM sbtest8 WHERE id BETWEEN 246152 AND 246251 ORDER BY c
	Sort  (cost=400.38..400.63 rows=100 width=121)
	  Sort Key: c
	  ->  Index Scan using sbtest8_pkey on sbtest8  (cost=0.43..397.06 rows=100 width=121)
	        Index Cond: ((id >= 246152) AND (id <= 246251))

for: order_ranges
table 1 : explain SELECT c FROM sbtest1 WHERE id BETWEEN 8914254 AND 8914353 ORDER BY c
	Sort  (cost=436.80..437.07 rows=109 width=121)
	  Sort Key: c
	  ->  Index Scan using sbtest1_pkey on sbtest1  (cost=0.43..433.11 rows=109 width=121)
	        Index Cond: ((id >= 8914254) AND (id <= 8914353))

table 2 : explain SELECT c FROM sbtest2 WHERE id BETWEEN 6598705 AND 6598804 ORDER BY c
	Sort  (cost=385.02..385.26 rows=96 width=121)
	  Sort Key: c
	  ->  Index Scan using sbtest2_pkey on sbtest2  (cost=0.43..381.86 rows=96 width=121)
	        Index Cond: ((id >= 6598705) AND (id <= 6598804))

table 3 : explain SELECT c FROM sbtest3 WHERE id BETWEEN 672804 AND 672903 ORDER BY c
	Sort  (cost=392.25..392.50 rows=98 width=121)
	  Sort Key: c
	  ->  Index Scan using sbtest3_pkey on sbtest3  (cost=0.43..389.01 rows=98 width=121)
	        Index Cond: ((id >= 672804) AND (id <= 672903))

table 4 : explain SELECT c FROM sbtest4 WHERE id BETWEEN 1724945 AND 1725044 ORDER BY c
	Sort  (cost=403.98..404.23 rows=101 width=121)
	  Sort Key: c
	  ->  Index Scan using sbtest4_pkey on sbtest4  (cost=0.43..400.62 rows=101 width=121)
	        Index Cond: ((id >= 1724945) AND (id <= 1725044))

table 5 : explain SELECT c FROM sbtest5 WHERE id BETWEEN 3472881 AND 3472980 ORDER BY c
	Sort  (cost=384.17..384.41 rows=96 width=121)
	  Sort Key: c
	  ->  Index Scan using sbtest5_pkey on sbtest5  (cost=0.43..381.01 rows=96 width=121)
	        Index Cond: ((id >= 3472881) AND (id <= 3472980))

table 6 : explain SELECT c FROM sbtest6 WHERE id BETWEEN 952019 AND 952118 ORDER BY c
	Sort  (cost=362.77..363.00 rows=91 width=121)
	  Sort Key: c
	  ->  Index Scan using sbtest6_pkey on sbtest6  (cost=0.43..359.81 rows=91 width=121)
	        Index Cond: ((id >= 952019) AND (id <= 952118))

table 7 : explain SELECT c FROM sbtest7 WHERE id BETWEEN 6402904 AND 6403003 ORDER BY c
	Sort  (cost=381.53..381.77 rows=95 width=121)
	  Sort Key: c
	  ->  Index Scan using sbtest7_pkey on sbtest7  (cost=0.43..378.41 rows=95 width=121)
	        Index Cond: ((id >= 6402904) AND (id <= 6403003))

table 8 : explain SELECT c FROM sbtest8 WHERE id BETWEEN 912236 AND 912335 ORDER BY c
	Sort  (cost=376.57..376.81 rows=94 width=121)
	  Sort Key: c
	  ->  Index Scan using sbtest8_pkey on sbtest8  (cost=0.43..373.49 rows=94 width=121)
	        Index Cond: ((id >= 912236) AND (id <= 912335))

for: simple_ranges
table 1 : explain SELECT c FROM sbtest1 WHERE id BETWEEN 4110164 AND 4110263
	Index Scan using sbtest1_pkey on sbtest1  (cost=0.43..405.59 rows=102 width=121)
	  Index Cond: ((id >= 4110164) AND (id <= 4110263))

table 2 : explain SELECT c FROM sbtest2 WHERE id BETWEEN 7658130 AND 7658229
	Index Scan using sbtest2_pkey on sbtest2  (cost=0.43..413.32 rows=104 width=121)
	  Index Cond: ((id >= 7658130) AND (id <= 7658229))

table 3 : explain SELECT c FROM sbtest3 WHERE id BETWEEN 7233851 AND 7233950
	Index Scan using sbtest3_pkey on sbtest3  (cost=0.43..396.86 rows=100 width=121)
	  Index Cond: ((id >= 7233851) AND (id <= 7233950))

table 4 : explain SELECT c FROM sbtest4 WHERE id BETWEEN 9469488 AND 9469587
	Index Scan using sbtest4_pkey on sbtest4  (cost=0.43..420.22 rows=106 width=121)
	  Index Cond: ((id >= 9469488) AND (id <= 9469587))

table 5 : explain SELECT c FROM sbtest5 WHERE id BETWEEN 8031406 AND 8031505
	Index Scan using sbtest5_pkey on sbtest5  (cost=0.43..388.85 rows=98 width=121)
	  Index Cond: ((id >= 8031406) AND (id <= 8031505))

table 6 : explain SELECT c FROM sbtest6 WHERE id BETWEEN 2487395 AND 2487494
	Index Scan using sbtest6_pkey on sbtest6  (cost=0.43..363.72 rows=92 width=121)
	  Index Cond: ((id >= 2487395) AND (id <= 2487494))

table 7 : explain SELECT c FROM sbtest7 WHERE id BETWEEN 9375327 AND 9375426
	Index Scan using sbtest7_pkey on sbtest7  (cost=0.43..445.34 rows=112 width=121)
	  Index Cond: ((id >= 9375327) AND (id <= 9375426))

table 8 : explain SELECT c FROM sbtest8 WHERE id BETWEEN 3350029 AND 3350128
	Index Scan using sbtest8_pkey on sbtest8  (cost=0.43..361.72 rows=91 width=121)
	  Index Cond: ((id >= 3350029) AND (id <= 3350128))

for: simple_ranges
table 1 : explain SELECT c FROM sbtest1 WHERE id BETWEEN 5296967 AND 5297066
	Index Scan using sbtest1_pkey on sbtest1  (cost=0.43..444.91 rows=112 width=121)
	  Index Cond: ((id >= 5296967) AND (id <= 5297066))

table 2 : explain SELECT c FROM sbtest2 WHERE id BETWEEN 4126644 AND 4126743
	Index Scan using sbtest2_pkey on sbtest2  (cost=0.43..429.04 rows=108 width=121)
	  Index Cond: ((id >= 4126644) AND (id <= 4126743))

table 3 : explain SELECT c FROM sbtest3 WHERE id BETWEEN 5535226 AND 5535325
	Index Scan using sbtest3_pkey on sbtest3  (cost=0.43..392.94 rows=99 width=121)
	  Index Cond: ((id >= 5535226) AND (id <= 5535325))

table 4 : explain SELECT c FROM sbtest4 WHERE id BETWEEN 3473867 AND 3473966
	Index Scan using sbtest4_pkey on sbtest4  (cost=0.43..428.06 rows=108 width=121)
	  Index Cond: ((id >= 3473867) AND (id <= 3473966))

table 5 : explain SELECT c FROM sbtest5 WHERE id BETWEEN 7552995 AND 7553094
	Index Scan using sbtest5_pkey on sbtest5  (cost=0.43..392.77 rows=99 width=121)
	  Index Cond: ((id >= 7552995) AND (id <= 7553094))

table 6 : explain SELECT c FROM sbtest6 WHERE id BETWEEN 4143046 AND 4143145
	Index Scan using sbtest6_pkey on sbtest6  (cost=0.43..371.52 rows=94 width=121)
	  Index Cond: ((id >= 4143046) AND (id <= 4143145))

table 7 : explain SELECT c FROM sbtest7 WHERE id BETWEEN 534144 AND 534243
	Index Scan using sbtest7_pkey on sbtest7  (cost=0.43..378.41 rows=95 width=121)
	  Index Cond: ((id >= 534144) AND (id <= 534243))

table 8 : explain SELECT c FROM sbtest8 WHERE id BETWEEN 3596961 AND 3597060
	Index Scan using sbtest8_pkey on sbtest8  (cost=0.43..389.21 rows=98 width=121)
	  Index Cond: ((id >= 3596961) AND (id <= 3597060))

for: sum_ranges
table 1 : explain SELECT SUM(k) FROM sbtest1 WHERE id BETWEEN 8785090 AND 8785189
	Aggregate  (cost=350.75..350.76 rows=1 width=8)
	  ->  Index Scan using sbtest1_pkey on sbtest1  (cost=0.43..350.53 rows=88 width=4)
	        Index Cond: ((id >= 8785090) AND (id <= 8785189))

table 2 : explain SELECT SUM(k) FROM sbtest2 WHERE id BETWEEN 4002252 AND 4002351
	Aggregate  (cost=409.65..409.66 rows=1 width=8)
	  ->  Index Scan using sbtest2_pkey on sbtest2  (cost=0.43..409.39 rows=103 width=4)
	        Index Cond: ((id >= 4002252) AND (id <= 4002351))

table 3 : explain SELECT SUM(k) FROM sbtest3 WHERE id BETWEEN 3156187 AND 3156286
	Aggregate  (cost=385.31..385.32 rows=1 width=8)
	  ->  Index Scan using sbtest3_pkey on sbtest3  (cost=0.43..385.07 rows=97 width=4)
	        Index Cond: ((id >= 3156187) AND (id <= 3156286))

table 4 : explain SELECT SUM(k) FROM sbtest4 WHERE id BETWEEN 3061808 AND 3061907
	Aggregate  (cost=396.94..396.95 rows=1 width=8)
	  ->  Index Scan using sbtest4_pkey on sbtest4  (cost=0.43..396.69 rows=100 width=4)
	        Index Cond: ((id >= 3061808) AND (id <= 3061907))

table 5 : explain SELECT SUM(k) FROM sbtest5 WHERE id BETWEEN 1158637 AND 1158736
	Aggregate  (cost=432.25..432.26 rows=1 width=8)
	  ->  Index Scan using sbtest5_pkey on sbtest5  (cost=0.43..431.98 rows=109 width=4)
	        Index Cond: ((id >= 1158637) AND (id <= 1158736))

table 6 : explain SELECT SUM(k) FROM sbtest6 WHERE id BETWEEN 3470445 AND 3470544
	Aggregate  (cost=395.22..395.23 rows=1 width=8)
	  ->  Index Scan using sbtest6_pkey on sbtest6  (cost=0.43..394.97 rows=100 width=4)
	        Index Cond: ((id >= 3470445) AND (id <= 3470544))

table 7 : explain SELECT SUM(k) FROM sbtest7 WHERE id BETWEEN 1484108 AND 1484207
	Aggregate  (cost=406.24..406.25 rows=1 width=8)
	  ->  Index Scan using sbtest7_pkey on sbtest7  (cost=0.43..405.98 rows=102 width=4)
	        Index Cond: ((id >= 1484108) AND (id <= 1484207))

table 8 : explain SELECT SUM(k) FROM sbtest8 WHERE id BETWEEN 9763369 AND 9763468
	Aggregate  (cost=373.73..373.74 rows=1 width=8)
	  ->  Index Scan using sbtest8_pkey on sbtest8  (cost=0.43..373.49 rows=94 width=4)
	        Index Cond: ((id >= 9763369) AND (id <= 9763468))

for: simple_ranges
table 1 : explain SELECT c FROM sbtest1 WHERE id BETWEEN 8867102 AND 8867201
	Index Scan using sbtest1_pkey on sbtest1  (cost=0.43..389.85 rows=98 width=121)
	  Index Cond: ((id >= 8867102) AND (id <= 8867201))

table 2 : explain SELECT c FROM sbtest2 WHERE id BETWEEN 5720904 AND 5721003
	Index Scan using sbtest2_pkey on sbtest2  (cost=0.43..362.21 rows=91 width=121)
	  Index Cond: ((id >= 5720904) AND (id <= 5721003))

table 3 : explain SELECT c FROM sbtest3 WHERE id BETWEEN 9627810 AND 9627909
	Index Scan using sbtest3_pkey on sbtest3  (cost=0.43..404.70 rows=102 width=121)
	  Index Cond: ((id >= 9627810) AND (id <= 9627909))

table 4 : explain SELECT c FROM sbtest4 WHERE id BETWEEN 8190330 AND 8190429
	Index Scan using sbtest4_pkey on sbtest4  (cost=0.43..396.69 rows=100 width=121)
	  Index Cond: ((id >= 8190330) AND (id <= 8190429))

table 5 : explain SELECT c FROM sbtest5 WHERE id BETWEEN 4870116 AND 4870215
	Index Scan using sbtest5_pkey on sbtest5  (cost=0.43..408.45 rows=103 width=121)
	  Index Cond: ((id >= 4870116) AND (id <= 4870215))

table 6 : explain SELECT c FROM sbtest6 WHERE id BETWEEN 6464214 AND 6464313
	Index Scan using sbtest6_pkey on sbtest6  (cost=0.43..375.43 rows=95 width=121)
	  Index Cond: ((id >= 6464214) AND (id <= 6464313))

table 7 : explain SELECT c FROM sbtest7 WHERE id BETWEEN 1020641 AND 1020740
	Index Scan using sbtest7_pkey on sbtest7  (cost=0.43..339.06 rows=85 width=121)
	  Index Cond: ((id >= 1020641) AND (id <= 1020740))

table 8 : explain SELECT c FROM sbtest8 WHERE id BETWEEN 3536444 AND 3536543
	Index Scan using sbtest8_pkey on sbtest8  (cost=0.43..369.57 rows=93 width=121)
	  Index Cond: ((id >= 3536444) AND (id <= 3536543))

for: distinct_ranges
table 1 : explain SELECT DISTINCT c FROM sbtest1 WHERE id BETWEEN 2596897 AND 2596996 ORDER BY c
	Unique  (cost=409.00..409.51 rows=102 width=121)
	  ->  Sort  (cost=409.00..409.25 rows=102 width=121)
	        Sort Key: c
	        ->  Index Scan using sbtest1_pkey on sbtest1  (cost=0.43..405.59 rows=102 width=121)
	              Index Cond: ((id >= 2596897) AND (id <= 2596996))

table 2 : explain SELECT DISTINCT c FROM sbtest2 WHERE id BETWEEN 5286899 AND 5286998 ORDER BY c
	Unique  (cost=428.72..429.26 rows=107 width=121)
	  ->  Sort  (cost=428.72..428.99 rows=107 width=121)
	        Sort Key: c
	        ->  Index Scan using sbtest2_pkey on sbtest2  (cost=0.43..425.11 rows=107 width=121)
	              Index Cond: ((id >= 5286899) AND (id <= 5286998))

table 3 : explain SELECT DISTINCT c FROM sbtest3 WHERE id BETWEEN 8735361 AND 8735460 ORDER BY c
	Unique  (cost=380.34..380.82 rows=95 width=121)
	  ->  Sort  (cost=380.34..380.58 rows=95 width=121)
	        Sort Key: c
	        ->  Index Scan using sbtest3_pkey on sbtest3  (cost=0.43..377.22 rows=95 width=121)
	              Index Cond: ((id >= 8735361) AND (id <= 8735460))

table 4 : explain SELECT DISTINCT c FROM sbtest4 WHERE id BETWEEN 2109421 AND 2109520 ORDER BY c
	Unique  (cost=403.98..404.48 rows=101 width=121)
	  ->  Sort  (cost=403.98..404.23 rows=101 width=121)
	        Sort Key: c
	        ->  Index Scan using sbtest4_pkey on sbtest4  (cost=0.43..400.62 rows=101 width=121)
	              Index Cond: ((id >= 2109421) AND (id <= 2109520))

table 5 : explain SELECT DISTINCT c FROM sbtest5 WHERE id BETWEEN 1484776 AND 1484875 ORDER BY c
	Unique  (cost=392.09..392.58 rows=98 width=121)
	  ->  Sort  (cost=392.09..392.33 rows=98 width=121)
	        Sort Key: c
	        ->  Index Scan using sbtest5_pkey on sbtest5  (cost=0.43..388.85 rows=98 width=121)
	              Index Cond: ((id >= 1484776) AND (id <= 1484875))

table 6 : explain SELECT DISTINCT c FROM sbtest6 WHERE id BETWEEN 3667358 AND 3667457 ORDER BY c
	Unique  (cost=386.46..386.95 rows=97 width=121)
	  ->  Sort  (cost=386.46..386.71 rows=97 width=121)
	        Sort Key: c
	        ->  Index Scan using sbtest6_pkey on sbtest6  (cost=0.43..383.26 rows=97 width=121)
	              Index Cond: ((id >= 3667358) AND (id <= 3667457))

table 7 : explain SELECT DISTINCT c FROM sbtest7 WHERE id BETWEEN 7702903 AND 7703002 ORDER BY c
	Unique  (cost=405.41..405.91 rows=101 width=121)
	  ->  Sort  (cost=405.41..405.66 rows=101 width=121)
	        Sort Key: c
	        ->  Index Scan using sbtest7_pkey on sbtest7  (cost=0.43..402.05 rows=101 width=121)
	              Index Cond: ((id >= 7702903) AND (id <= 7703002))

table 8 : explain SELECT DISTINCT c FROM sbtest8 WHERE id BETWEEN 2184702 AND 2184801 ORDER BY c
	Unique  (cost=408.31..408.82 rows=102 width=121)
	  ->  Sort  (cost=408.31..408.57 rows=102 width=121)
	        Sort Key: c
	        ->  Index Scan using sbtest8_pkey on sbtest8  (cost=0.43..404.91 rows=102 width=121)
	              Index Cond: ((id >= 2184702) AND (id <= 2184801))

for point_selects
table 1 : explain SELECT c FROM sbtest1 WHERE id=3899123
	Index Scan using sbtest1_pkey on sbtest1  (cost=0.43..8.45 rows=1 width=121)
	  Index Cond: (id = 3899123)

table 2 : explain SELECT c FROM sbtest2 WHERE id=7236003
	Index Scan using sbtest2_pkey on sbtest2  (cost=0.43..8.45 rows=1 width=121)
	  Index Cond: (id = 7236003)

table 3 : explain SELECT c FROM sbtest3 WHERE id=157807
	Index Scan using sbtest3_pkey on sbtest3  (cost=0.43..8.45 rows=1 width=121)
	  Index Cond: (id = 157807)

table 4 : explain SELECT c FROM sbtest4 WHERE id=4071510
	Index Scan using sbtest4_pkey on sbtest4  (cost=0.43..8.45 rows=1 width=121)
	  Index Cond: (id = 4071510)

table 5 : explain SELECT c FROM sbtest5 WHERE id=62424
	Index Scan using sbtest5_pkey on sbtest5  (cost=0.43..8.45 rows=1 width=121)
	  Index Cond: (id = 62424)

table 6 : explain SELECT c FROM sbtest6 WHERE id=3685941
	Index Scan using sbtest6_pkey on sbtest6  (cost=0.43..8.45 rows=1 width=121)
	  Index Cond: (id = 3685941)

table 7 : explain SELECT c FROM sbtest7 WHERE id=1977130
	Index Scan using sbtest7_pkey on sbtest7  (cost=0.43..8.45 rows=1 width=121)
	  Index Cond: (id = 1977130)

table 8 : explain SELECT c FROM sbtest8 WHERE id=9434277
	Index Scan using sbtest8_pkey on sbtest8  (cost=0.43..8.45 rows=1 width=121)
	  Index Cond: (id = 9434277)

for: order_ranges
table 1 : explain SELECT c FROM sbtest1 WHERE id BETWEEN 3704954 AND 3705053 ORDER BY c
	Sort  (cost=393.09..393.33 rows=98 width=121)
	  Sort Key: c
	  ->  Index Scan using sbtest1_pkey on sbtest1  (cost=0.43..389.85 rows=98 width=121)
	        Index Cond: ((id >= 3704954) AND (id <= 3705053))

table 2 : explain SELECT c FROM sbtest2 WHERE id BETWEEN 7113247 AND 7113346 ORDER BY c
	Sort  (cost=444.61..444.88 rows=111 width=121)
	  Sort Key: c
	  ->  Index Scan using sbtest2_pkey on sbtest2  (cost=0.43..440.83 rows=111 width=121)
	        Index Cond: ((id >= 7113247) AND (id <= 7113346))

table 3 : explain SELECT c FROM sbtest3 WHERE id BETWEEN 3597321 AND 3597420 ORDER BY c
	Sort  (cost=400.18..400.43 rows=100 width=121)
	  Sort Key: c
	  ->  Index Scan using sbtest3_pkey on sbtest3  (cost=0.43..396.86 rows=100 width=121)
	        Index Cond: ((id >= 3597321) AND (id <= 3597420))

table 4 : explain SELECT c FROM sbtest4 WHERE id BETWEEN 7522761 AND 7522860 ORDER BY c
	Sort  (cost=407.94..408.19 rows=102 width=121)
	  Sort Key: c
	  ->  Index Scan using sbtest4_pkey on sbtest4  (cost=0.43..404.54 rows=102 width=121)
	        Index Cond: ((id >= 7522761) AND (id <= 7522860))

table 5 : explain SELECT c FROM sbtest5 WHERE id BETWEEN 7308775 AND 7308874 ORDER BY c
	Sort  (cost=407.93..408.19 rows=102 width=121)
	  Sort Key: c
	  ->  Index Scan using sbtest5_pkey on sbtest5  (cost=0.43..404.53 rows=102 width=121)
	        Index Cond: ((id >= 7308775) AND (id <= 7308874))

table 6 : explain SELECT c FROM sbtest6 WHERE id BETWEEN 3283032 AND 3283131 ORDER BY c
	Sort  (cost=429.85..430.12 rows=108 width=121)
	  Sort Key: c
	  ->  Index Scan using sbtest6_pkey on sbtest6  (cost=0.43..426.20 rows=108 width=121)
	        Index Cond: ((id >= 3283032) AND (id <= 3283131))

table 7 : explain SELECT c FROM sbtest7 WHERE id BETWEEN 8579459 AND 8579558 ORDER BY c
	Sort  (cost=349.73..349.95 rows=87 width=121)
	  Sort Key: c
	  ->  Index Scan using sbtest7_pkey on sbtest7  (cost=0.43..346.93 rows=87 width=121)
	        Index Cond: ((id >= 8579459) AND (id <= 8579558))

table 8 : explain SELECT c FROM sbtest8 WHERE id BETWEEN 801159 AND 801258 ORDER BY c
	Sort  (cost=388.47..388.71 rows=97 width=121)
	  Sort Key: c
	  ->  Index Scan using sbtest8_pkey on sbtest8  (cost=0.43..385.26 rows=97 width=121)
	        Index Cond: ((id >= 801159) AND (id <= 801258))

for: distinct_ranges
table 1 : explain SELECT DISTINCT c FROM sbtest1 WHERE id BETWEEN 1736254 AND 1736353 ORDER BY c
	Unique  (cost=444.75..445.30 rows=111 width=121)
	  ->  Sort  (cost=444.75..445.02 rows=111 width=121)
	        Sort Key: c
	        ->  Index Scan using sbtest1_pkey on sbtest1  (cost=0.43..440.98 rows=111 width=121)
	              Index Cond: ((id >= 1736254) AND (id <= 1736353))

table 2 : explain SELECT DISTINCT c FROM sbtest2 WHERE id BETWEEN 4246391 AND 4246490 ORDER BY c
	Unique  (cost=396.95..397.45 rows=99 width=121)
	  ->  Sort  (cost=396.95..397.20 rows=99 width=121)
	        Sort Key: c
	        ->  Index Scan using sbtest2_pkey on sbtest2  (cost=0.43..393.67 rows=99 width=121)
	              Index Cond: ((id >= 4246391) AND (id <= 4246490))

table 3 : explain SELECT DISTINCT c FROM sbtest3 WHERE id BETWEEN 8088871 AND 8088970 ORDER BY c
	Unique  (cost=431.89..432.43 rows=108 width=121)
	  ->  Sort  (cost=431.89..432.16 rows=108 width=121)
	        Sort Key: c
	        ->  Index Scan using sbtest3_pkey on sbtest3  (cost=0.43..428.24 rows=108 width=121)
	              Index Cond: ((id >= 8088871) AND (id <= 8088970))

table 4 : explain SELECT DISTINCT c FROM sbtest4 WHERE id BETWEEN 7457790 AND 7457889 ORDER BY c
	Unique  (cost=400.02..400.52 rows=100 width=121)
	  ->  Sort  (cost=400.02..400.27 rows=100 width=121)
	        Sort Key: c
	        ->  Index Scan using sbtest4_pkey on sbtest4  (cost=0.43..396.69 rows=100 width=121)
	              Index Cond: ((id >= 7457790) AND (id <= 7457889))

table 5 : explain SELECT DISTINCT c FROM sbtest5 WHERE id BETWEEN 8360885 AND 8360984 ORDER BY c
	Unique  (cost=396.05..396.54 rows=99 width=121)
	  ->  Sort  (cost=396.05..396.30 rows=99 width=121)
	        Sort Key: c
	        ->  Index Scan using sbtest5_pkey on sbtest5  (cost=0.43..392.77 rows=99 width=121)
	              Index Cond: ((id >= 8360885) AND (id <= 8360984))

table 6 : explain SELECT DISTINCT c FROM sbtest6 WHERE id BETWEEN 360414 AND 360513 ORDER BY c
	Unique  (cost=406.18..406.69 rows=102 width=121)
	  ->  Sort  (cost=406.18..406.44 rows=102 width=121)
	        Sort Key: c
	        ->  Index Scan using sbtest6_pkey on sbtest6  (cost=0.43..402.78 rows=102 width=121)
	              Index Cond: ((id >= 360414) AND (id <= 360513))

table 7 : explain SELECT DISTINCT c FROM sbtest7 WHERE id BETWEEN 7172563 AND 7172662 ORDER BY c
	Unique  (cost=445.17..445.73 rows=111 width=121)
	  ->  Sort  (cost=445.17..445.45 rows=111 width=121)
	        Sort Key: c
	        ->  Index Scan using sbtest7_pkey on sbtest7  (cost=0.43..441.40 rows=111 width=121)
	              Index Cond: ((id >= 7172563) AND (id <= 7172662))

table 8 : explain SELECT DISTINCT c FROM sbtest8 WHERE id BETWEEN 8581678 AND 8581777 ORDER BY c
	Unique  (cost=388.47..388.95 rows=97 width=121)
	  ->  Sort  (cost=388.47..388.71 rows=97 width=121)
	        Sort Key: c
	        ->  Index Scan using sbtest8_pkey on sbtest8  (cost=0.43..385.26 rows=97 width=121)
	              Index Cond: ((id >= 8581678) AND (id <= 8581777))

for point_selects
table 1 : explain SELECT c FROM sbtest1 WHERE id=9568257
	Index Scan using sbtest1_pkey on sbtest1  (cost=0.43..8.45 rows=1 width=121)
	  Index Cond: (id = 9568257)

table 2 : explain SELECT c FROM sbtest2 WHERE id=5293120
	Index Scan using sbtest2_pkey on sbtest2  (cost=0.43..8.45 rows=1 width=121)
	  Index Cond: (id = 5293120)

table 3 : explain SELECT c FROM sbtest3 WHERE id=1397321
	Index Scan using sbtest3_pkey on sbtest3  (cost=0.43..8.45 rows=1 width=121)
	  Index Cond: (id = 1397321)

table 4 : explain SELECT c FROM sbtest4 WHERE id=1999844
	Index Scan using sbtest4_pkey on sbtest4  (cost=0.43..8.45 rows=1 width=121)
	  Index Cond: (id = 1999844)

table 5 : explain SELECT c FROM sbtest5 WHERE id=9349822
	Index Scan using sbtest5_pkey on sbtest5  (cost=0.43..8.45 rows=1 width=121)
	  Index Cond: (id = 9349822)

table 6 : explain SELECT c FROM sbtest6 WHERE id=7739469
	Index Scan using sbtest6_pkey on sbtest6  (cost=0.43..8.45 rows=1 width=121)
	  Index Cond: (id = 7739469)

table 7 : explain SELECT c FROM sbtest7 WHERE id=2040499
	Index Scan using sbtest7_pkey on sbtest7  (cost=0.43..8.45 rows=1 width=121)
	  Index Cond: (id = 2040499)

table 8 : explain SELECT c FROM sbtest8 WHERE id=2782405
	Index Scan using sbtest8_pkey on sbtest8  (cost=0.43..8.45 rows=1 width=121)
	  Index Cond: (id = 2782405)

for: sum_ranges
table 1 : explain SELECT SUM(k) FROM sbtest1 WHERE id BETWEEN 4880793 AND 4880892
	Aggregate  (cost=370.42..370.43 rows=1 width=8)
	  ->  Index Scan using sbtest1_pkey on sbtest1  (cost=0.43..370.19 rows=93 width=4)
	        Index Cond: ((id >= 4880793) AND (id <= 4880892))

table 2 : explain SELECT SUM(k) FROM sbtest2 WHERE id BETWEEN 1707368 AND 1707467
	Aggregate  (cost=386.03..386.04 rows=1 width=8)
	  ->  Index Scan using sbtest2_pkey on sbtest2  (cost=0.43..385.79 rows=97 width=4)
	        Index Cond: ((id >= 1707368) AND (id <= 1707467))

table 3 : explain SELECT SUM(k) FROM sbtest3 WHERE id BETWEEN 7946545 AND 7946644
	Aggregate  (cost=381.38..381.39 rows=1 width=8)
	  ->  Index Scan using sbtest3_pkey on sbtest3  (cost=0.43..381.14 rows=96 width=4)
	        Index Cond: ((id >= 7946545) AND (id <= 7946644))

table 4 : explain SELECT SUM(k) FROM sbtest4 WHERE id BETWEEN 1829563 AND 1829662
	Aggregate  (cost=396.94..396.95 rows=1 width=8)
	  ->  Index Scan using sbtest4_pkey on sbtest4  (cost=0.43..396.69 rows=100 width=4)
	        Index Cond: ((id >= 1829563) AND (id <= 1829662))

table 5 : explain SELECT SUM(k) FROM sbtest5 WHERE id BETWEEN 1558102 AND 1558201
	Aggregate  (cost=404.79..404.80 rows=1 width=8)
	  ->  Index Scan using sbtest5_pkey on sbtest5  (cost=0.43..404.53 rows=102 width=4)
	        Index Cond: ((id >= 1558102) AND (id <= 1558201))

table 6 : explain SELECT SUM(k) FROM sbtest6 WHERE id BETWEEN 2360462 AND 2360561
	Aggregate  (cost=395.22..395.23 rows=1 width=8)
	  ->  Index Scan using sbtest6_pkey on sbtest6  (cost=0.43..394.97 rows=100 width=4)
	        Index Cond: ((id >= 2360462) AND (id <= 2360561))

table 7 : explain SELECT SUM(k) FROM sbtest7 WHERE id BETWEEN 2152057 AND 2152156
	Aggregate  (cost=374.71..374.72 rows=1 width=8)
	  ->  Index Scan using sbtest7_pkey on sbtest7  (cost=0.43..374.48 rows=94 width=4)
	        Index Cond: ((id >= 2152057) AND (id <= 2152156))

table 8 : explain SELECT SUM(k) FROM sbtest8 WHERE id BETWEEN 4938873 AND 4938972
	Aggregate  (cost=440.51..440.52 rows=1 width=8)
	  ->  Index Scan using sbtest8_pkey on sbtest8  (cost=0.43..440.23 rows=111 width=4)
	        Index Cond: ((id >= 4938873) AND (id <= 4938972))

for: sum_ranges
table 1 : explain SELECT SUM(k) FROM sbtest1 WHERE id BETWEEN 7353662 AND 7353761
	Aggregate  (cost=390.09..390.10 rows=1 width=8)
	  ->  Index Scan using sbtest1_pkey on sbtest1  (cost=0.43..389.85 rows=98 width=4)
	        Index Cond: ((id >= 7353662) AND (id <= 7353761))

table 2 : explain SELECT SUM(k) FROM sbtest2 WHERE id BETWEEN 6218872 AND 6218971
	Aggregate  (cost=397.85..397.86 rows=1 width=8)
	  ->  Index Scan using sbtest2_pkey on sbtest2  (cost=0.43..397.60 rows=100 width=4)
	        Index Cond: ((id >= 6218872) AND (id <= 6218971))

table 3 : explain SELECT SUM(k) FROM sbtest3 WHERE id BETWEEN 2339986 AND 2340085
	Aggregate  (cost=369.61..369.62 rows=1 width=8)
	  ->  Index Scan using sbtest3_pkey on sbtest3  (cost=0.43..369.38 rows=93 width=4)
	        Index Cond: ((id >= 2339986) AND (id <= 2340085))

table 4 : explain SELECT SUM(k) FROM sbtest4 WHERE id BETWEEN 1294297 AND 1294396
	Aggregate  (cost=412.64..412.65 rows=1 width=8)
	  ->  Index Scan using sbtest4_pkey on sbtest4  (cost=0.43..412.38 rows=104 width=4)
	        Index Cond: ((id >= 1294297) AND (id <= 1294396))

table 5 : explain SELECT SUM(k) FROM sbtest5 WHERE id BETWEEN 6504120 AND 6504219
	Aggregate  (cost=389.09..389.10 rows=1 width=8)
	  ->  Index Scan using sbtest5_pkey on sbtest5  (cost=0.43..388.85 rows=98 width=4)
	        Index Cond: ((id >= 6504120) AND (id <= 6504219))

table 6 : explain SELECT SUM(k) FROM sbtest6 WHERE id BETWEEN 5199118 AND 5199217
	Aggregate  (cost=383.50..383.51 rows=1 width=8)
	  ->  Index Scan using sbtest6_pkey on sbtest6  (cost=0.43..383.26 rows=97 width=4)
	        Index Cond: ((id >= 5199118) AND (id <= 5199217))

table 7 : explain SELECT SUM(k) FROM sbtest7 WHERE id BETWEEN 1949685 AND 1949784
	Aggregate  (cost=394.42..394.43 rows=1 width=8)
	  ->  Index Scan using sbtest7_pkey on sbtest7  (cost=0.43..394.18 rows=99 width=4)
	        Index Cond: ((id >= 1949685) AND (id <= 1949784))

table 8 : explain SELECT SUM(k) FROM sbtest8 WHERE id BETWEEN 8692219 AND 8692318
	Aggregate  (cost=405.17..405.18 rows=1 width=8)
	  ->  Index Scan using sbtest8_pkey on sbtest8  (cost=0.43..404.91 rows=102 width=4)
	        Index Cond: ((id >= 8692219) AND (id <= 8692318))

for: sum_ranges
table 1 : explain SELECT SUM(k) FROM sbtest1 WHERE id BETWEEN 9510562 AND 9510661
	Aggregate  (cost=350.75..350.76 rows=1 width=8)
	  ->  Index Scan using sbtest1_pkey on sbtest1  (cost=0.43..350.53 rows=88 width=4)
	        Index Cond: ((id >= 9510562) AND (id <= 9510661))

table 2 : explain SELECT SUM(k) FROM sbtest2 WHERE id BETWEEN 2790239 AND 2790338
	Aggregate  (cost=382.10..382.11 rows=1 width=8)
	  ->  Index Scan using sbtest2_pkey on sbtest2  (cost=0.43..381.86 rows=96 width=4)
	        Index Cond: ((id >= 2790239) AND (id <= 2790338))

table 3 : explain SELECT SUM(k) FROM sbtest3 WHERE id BETWEEN 2172516 AND 2172615
	Aggregate  (cost=404.96..404.97 rows=1 width=8)
	  ->  Index Scan using sbtest3_pkey on sbtest3  (cost=0.43..404.70 rows=102 width=4)
	        Index Cond: ((id >= 2172516) AND (id <= 2172615))

table 4 : explain SELECT SUM(k) FROM sbtest4 WHERE id BETWEEN 4966964 AND 4967063
	Aggregate  (cost=420.49..420.50 rows=1 width=8)
	  ->  Index Scan using sbtest4_pkey on sbtest4  (cost=0.43..420.22 rows=106 width=4)
	        Index Cond: ((id >= 4966964) AND (id <= 4967063))

table 5 : explain SELECT SUM(k) FROM sbtest5 WHERE id BETWEEN 5535867 AND 5535966
	Aggregate  (cost=404.79..404.80 rows=1 width=8)
	  ->  Index Scan using sbtest5_pkey on sbtest5  (cost=0.43..404.53 rows=102 width=4)
	        Index Cond: ((id >= 5535867) AND (id <= 5535966))

table 6 : explain SELECT SUM(k) FROM sbtest6 WHERE id BETWEEN 9198935 AND 9199034
	Aggregate  (cost=418.66..418.67 rows=1 width=8)
	  ->  Index Scan using sbtest6_pkey on sbtest6  (cost=0.43..418.39 rows=106 width=4)
	        Index Cond: ((id >= 9198935) AND (id <= 9199034))

table 7 : explain SELECT SUM(k) FROM sbtest7 WHERE id BETWEEN 5617722 AND 5617821
	Aggregate  (cost=406.24..406.25 rows=1 width=8)
	  ->  Index Scan using sbtest7_pkey on sbtest7  (cost=0.43..405.98 rows=102 width=4)
	        Index Cond: ((id >= 5617722) AND (id <= 5617821))

table 8 : explain SELECT SUM(k) FROM sbtest8 WHERE id BETWEEN 342307 AND 342406
	Aggregate  (cost=389.46..389.47 rows=1 width=8)
	  ->  Index Scan using sbtest8_pkey on sbtest8  (cost=0.43..389.21 rows=98 width=4)
	        Index Cond: ((id >= 342307) AND (id <= 342406))

for: sum_ranges
table 1 : explain SELECT SUM(k) FROM sbtest1 WHERE id BETWEEN 5336671 AND 5336770
	Aggregate  (cost=445.19..445.20 rows=1 width=8)
	  ->  Index Scan using sbtest1_pkey on sbtest1  (cost=0.43..444.91 rows=112 width=4)
	        Index Cond: ((id >= 5336671) AND (id <= 5336770))

table 2 : explain SELECT SUM(k) FROM sbtest2 WHERE id BETWEEN 3530197 AND 3530296
	Aggregate  (cost=405.72..405.73 rows=1 width=8)
	  ->  Index Scan using sbtest2_pkey on sbtest2  (cost=0.43..405.46 rows=102 width=4)
	        Index Cond: ((id >= 3530197) AND (id <= 3530296))

table 3 : explain SELECT SUM(k) FROM sbtest3 WHERE id BETWEEN 9470446 AND 9470545
	Aggregate  (cost=440.28..440.29 rows=1 width=8)
	  ->  Index Scan using sbtest3_pkey on sbtest3  (cost=0.43..440.01 rows=111 width=4)
	        Index Cond: ((id >= 9470446) AND (id <= 9470545))

table 4 : explain SELECT SUM(k) FROM sbtest4 WHERE id BETWEEN 9653804 AND 9653903
	Aggregate  (cost=377.33..377.34 rows=1 width=8)
	  ->  Index Scan using sbtest4_pkey on sbtest4  (cost=0.43..377.09 rows=95 width=4)
	        Index Cond: ((id >= 9653804) AND (id <= 9653903))

table 5 : explain SELECT SUM(k) FROM sbtest5 WHERE id BETWEEN 4728765 AND 4728864
	Aggregate  (cost=420.48..420.49 rows=1 width=8)
	  ->  Index Scan using sbtest5_pkey on sbtest5  (cost=0.43..420.21 rows=106 width=4)
	        Index Cond: ((id >= 4728765) AND (id <= 4728864))

table 6 : explain SELECT SUM(k) FROM sbtest6 WHERE id BETWEEN 3299874 AND 3299973
	Aggregate  (cost=426.47..426.48 rows=1 width=8)
	  ->  Index Scan using sbtest6_pkey on sbtest6  (cost=0.43..426.20 rows=108 width=4)
	        Index Cond: ((id >= 3299874) AND (id <= 3299973))

table 7 : explain SELECT SUM(k) FROM sbtest7 WHERE id BETWEEN 3788984 AND 3789083
	Aggregate  (cost=351.09..351.10 rows=1 width=8)
	  ->  Index Scan using sbtest7_pkey on sbtest7  (cost=0.43..350.87 rows=88 width=4)
	        Index Cond: ((id >= 3788984) AND (id <= 3789083))

table 8 : explain SELECT SUM(k) FROM sbtest8 WHERE id BETWEEN 2520167 AND 2520266
	Aggregate  (cost=416.95..416.96 rows=1 width=8)
	  ->  Index Scan using sbtest8_pkey on sbtest8  (cost=0.43..416.69 rows=105 width=4)
	        Index Cond: ((id >= 2520167) AND (id <= 2520266))

for: simple_ranges
table 1 : explain SELECT c FROM sbtest1 WHERE id BETWEEN 3319088 AND 3319187
	Index Scan using sbtest1_pkey on sbtest1  (cost=0.43..413.46 rows=104 width=121)
	  Index Cond: ((id >= 3319088) AND (id <= 3319187))

table 2 : explain SELECT c FROM sbtest2 WHERE id BETWEEN 458130 AND 458229
	Index Scan using sbtest2_pkey on sbtest2  (cost=0.43..370.07 rows=93 width=121)
	  Index Cond: ((id >= 458130) AND (id <= 458229))

table 3 : explain SELECT c FROM sbtest3 WHERE id BETWEEN 5562798 AND 5562897
	Index Scan using sbtest3_pkey on sbtest3  (cost=0.43..392.94 rows=99 width=121)
	  Index Cond: ((id >= 5562798) AND (id <= 5562897))

table 4 : explain SELECT c FROM sbtest4 WHERE id BETWEEN 4996005 AND 4996104
	Index Scan using sbtest4_pkey on sbtest4  (cost=0.43..420.22 rows=106 width=121)
	  Index Cond: ((id >= 4996005) AND (id <= 4996104))

table 5 : explain SELECT c FROM sbtest5 WHERE id BETWEEN 3524273 AND 3524372
	Index Scan using sbtest5_pkey on sbtest5  (cost=0.43..345.69 rows=87 width=121)
	  Index Cond: ((id >= 3524273) AND (id <= 3524372))

table 6 : explain SELECT c FROM sbtest6 WHERE id BETWEEN 4783134 AND 4783233
	Index Scan using sbtest6_pkey on sbtest6  (cost=0.43..422.30 rows=107 width=121)
	  Index Cond: ((id >= 4783134) AND (id <= 4783233))

table 7 : explain SELECT c FROM sbtest7 WHERE id BETWEEN 3677125 AND 3677224
	Index Scan using sbtest7_pkey on sbtest7  (cost=0.43..421.72 rows=106 width=121)
	  Index Cond: ((id >= 3677125) AND (id <= 3677224))

table 8 : explain SELECT c FROM sbtest8 WHERE id BETWEEN 1373011 AND 1373110
	Index Scan using sbtest8_pkey on sbtest8  (cost=0.43..377.42 rows=95 width=121)
	  Index Cond: ((id >= 1373011) AND (id <= 1373110))

explain: for point_selects :: explain SELECT c FROM sbtest%u WHERE id=%u
for: sum_ranges
table 1 : explain SELECT SUM(k) FROM sbtest1 WHERE id BETWEEN 1688370 AND 1688469
	Aggregate  (cost=441.25..441.26 rows=1 width=8)
	  ->  Index Scan using sbtest1_pkey on sbtest1  (cost=0.43..440.98 rows=111 width=4)
	        Index Cond: ((id >= 1688370) AND (id <= 1688469))

table 2 : explain SELECT SUM(k) FROM sbtest2 WHERE id BETWEEN 2160920 AND 2161019
	Aggregate  (cost=386.03..386.04 rows=1 width=8)
	  ->  Index Scan using sbtest2_pkey on sbtest2  (cost=0.43..385.79 rows=97 width=4)
	        Index Cond: ((id >= 2160920) AND (id <= 2161019))

table 3 : explain SELECT SUM(k) FROM sbtest3 WHERE id BETWEEN 1489885 AND 1489984
	Aggregate  (cost=416.73..416.74 rows=1 width=8)
	  ->  Index Scan using sbtest3_pkey on sbtest3  (cost=0.43..416.47 rows=105 width=4)
	        Index Cond: ((id >= 1489885) AND (id <= 1489984))

table 4 : explain SELECT SUM(k) FROM sbtest4 WHERE id BETWEEN 922030 AND 922129
	Aggregate  (cost=357.71..357.72 rows=1 width=8)
	  ->  Index Scan using sbtest4_pkey on sbtest4  (cost=0.43..357.49 rows=90 width=4)
	        Index Cond: ((id >= 922030) AND (id <= 922129))

table 5 : explain SELECT SUM(k) FROM sbtest5 WHERE id BETWEEN 6646307 AND 6646406
	Aggregate  (cost=373.40..373.41 rows=1 width=8)
	  ->  Index Scan using sbtest5_pkey on sbtest5  (cost=0.43..373.16 rows=94 width=4)
	        Index Cond: ((id >= 6646307) AND (id <= 6646406))

table 6 : explain SELECT SUM(k) FROM sbtest6 WHERE id BETWEEN 1951300 AND 1951399
	Aggregate  (cost=418.66..418.67 rows=1 width=8)
	  ->  Index Scan using sbtest6_pkey on sbtest6  (cost=0.43..418.39 rows=106 width=4)
	        Index Cond: ((id >= 1951300) AND (id <= 1951399))

table 7 : explain SELECT SUM(k) FROM sbtest7 WHERE id BETWEEN 1193784 AND 1193883
	Aggregate  (cost=402.30..402.31 rows=1 width=8)
	  ->  Index Scan using sbtest7_pkey on sbtest7  (cost=0.43..402.05 rows=101 width=4)
	        Index Cond: ((id >= 1193784) AND (id <= 1193883))

table 8 : explain SELECT SUM(k) FROM sbtest8 WHERE id BETWEEN 5974312 AND 5974411
	Aggregate  (cost=342.31..342.32 rows=1 width=8)
	  ->  Index Scan using sbtest8_pkey on sbtest8  (cost=0.43..342.09 rows=86 width=4)
	        Index Cond: ((id >= 5974312) AND (id <= 5974411))

for: sum_ranges
table 1 : explain SELECT SUM(k) FROM sbtest1 WHERE id BETWEEN 2350211 AND 2350310
	Aggregate  (cost=413.72..413.73 rows=1 width=8)
	  ->  Index Scan using sbtest1_pkey on sbtest1  (cost=0.43..413.46 rows=104 width=4)
	        Index Cond: ((id >= 2350211) AND (id <= 2350310))

table 2 : explain SELECT SUM(k) FROM sbtest2 WHERE id BETWEEN 9038594 AND 9038693
	Aggregate  (cost=382.10..382.11 rows=1 width=8)
	  ->  Index Scan using sbtest2_pkey on sbtest2  (cost=0.43..381.86 rows=96 width=4)
	        Index Cond: ((id >= 9038594) AND (id <= 9038693))

table 3 : explain SELECT SUM(k) FROM sbtest3 WHERE id BETWEEN 5674273 AND 5674372
	Aggregate  (cost=440.28..440.29 rows=1 width=8)
	  ->  Index Scan using sbtest3_pkey on sbtest3  (cost=0.43..440.01 rows=111 width=4)
	        Index Cond: ((id >= 5674273) AND (id <= 5674372))

table 4 : explain SELECT SUM(k) FROM sbtest4 WHERE id BETWEEN 2201000 AND 2201099
	Aggregate  (cost=459.72..459.73 rows=1 width=8)
	  ->  Index Scan using sbtest4_pkey on sbtest4  (cost=0.43..459.43 rows=116 width=4)
	        Index Cond: ((id >= 2201000) AND (id <= 2201099))

table 5 : explain SELECT SUM(k) FROM sbtest5 WHERE id BETWEEN 6254528 AND 6254627
	Aggregate  (cost=357.71..357.72 rows=1 width=8)
	  ->  Index Scan using sbtest5_pkey on sbtest5  (cost=0.43..357.48 rows=90 width=4)
	        Index Cond: ((id >= 6254528) AND (id <= 6254627))

table 6 : explain SELECT SUM(k) FROM sbtest6 WHERE id BETWEEN 8154111 AND 8154210
	Aggregate  (cost=410.85..410.86 rows=1 width=8)
	  ->  Index Scan using sbtest6_pkey on sbtest6  (cost=0.43..410.59 rows=104 width=4)
	        Index Cond: ((id >= 8154111) AND (id <= 8154210))

table 7 : explain SELECT SUM(k) FROM sbtest7 WHERE id BETWEEN 129432 AND 129531
	Aggregate  (cost=374.71..374.72 rows=1 width=8)
	  ->  Index Scan using sbtest7_pkey on sbtest7  (cost=0.43..374.48 rows=94 width=4)
	        Index Cond: ((id >= 129432) AND (id <= 129531))

table 8 : explain SELECT SUM(k) FROM sbtest8 WHERE id BETWEEN 6763271 AND 6763370
	Aggregate  (cost=464.07..464.08 rows=1 width=8)
	  ->  Index Scan using sbtest8_pkey on sbtest8  (cost=0.43..463.78 rows=117 width=4)
	        Index Cond: ((id >= 6763271) AND (id <= 6763370))

for point_selects
table 1 : explain SELECT c FROM sbtest1 WHERE id=5754852
	Index Scan using sbtest1_pkey on sbtest1  (cost=0.43..8.45 rows=1 width=121)
	  Index Cond: (id = 5754852)

table 2 : explain SELECT c FROM sbtest2 WHERE id=1228736
	Index Scan using sbtest2_pkey on sbtest2  (cost=0.43..8.45 rows=1 width=121)
	  Index Cond: (id = 1228736)

table 3 : explain SELECT c FROM sbtest3 WHERE id=7994707
	Index Scan using sbtest3_pkey on sbtest3  (cost=0.43..8.45 rows=1 width=121)
	  Index Cond: (id = 7994707)

table 4 : explain SELECT c FROM sbtest4 WHERE id=9544653
	Index Scan using sbtest4_pkey on sbtest4  (cost=0.43..8.45 rows=1 width=121)
	  Index Cond: (id = 9544653)

table 5 : explain SELECT c FROM sbtest5 WHERE id=2120783
	Index Scan using sbtest5_pkey on sbtest5  (cost=0.43..8.45 rows=1 width=121)
	  Index Cond: (id = 2120783)

table 6 : explain SELECT c FROM sbtest6 WHERE id=1470446
	Index Scan using sbtest6_pkey on sbtest6  (cost=0.43..8.45 rows=1 width=121)
	  Index Cond: (id = 1470446)

table 7 : explain SELECT c FROM sbtest7 WHERE id=5684811
	Index Scan using sbtest7_pkey on sbtest7  (cost=0.43..8.45 rows=1 width=121)
	  Index Cond: (id = 5684811)

table 8 : explain SELECT c FROM sbtest8 WHERE id=1988578
	Index Scan using sbtest8_pkey on sbtest8  (cost=0.43..8.45 rows=1 width=121)
	  Index Cond: (id = 1988578)

explain: for point_selects :: explain SELECT c FROM sbtest%u WHERE id=%u
for: distinct_ranges
table 1 : explain SELECT DISTINCT c FROM sbtest1 WHERE id BETWEEN 9954014 AND 9954113 ORDER BY c
	Unique  (cost=393.09..393.58 rows=98 width=121)
	  ->  Sort  (cost=393.09..393.33 rows=98 width=121)
	        Sort Key: c
	        ->  Index Scan using sbtest1_pkey on sbtest1  (cost=0.43..389.85 rows=98 width=121)
	              Index Cond: ((id >= 9954014) AND (id <= 9954113))

table 2 : explain SELECT DISTINCT c FROM sbtest2 WHERE id BETWEEN 6035104 AND 6035203 ORDER BY c
	Unique  (cost=388.99..389.48 rows=97 width=121)
	  ->  Sort  (cost=388.99..389.23 rows=97 width=121)
	        Sort Key: c
	        ->  Index Scan using sbtest2_pkey on sbtest2  (cost=0.43..385.79 rows=97 width=121)
	              Index Cond: ((id >= 6035104) AND (id <= 6035203))

table 3 : explain SELECT DISTINCT c FROM sbtest3 WHERE id BETWEEN 7272984 AND 7273083 ORDER BY c
	Unique  (cost=368.45..368.91 rows=92 width=121)
	  ->  Sort  (cost=368.45..368.68 rows=92 width=121)
	        Sort Key: c
	        ->  Index Scan using sbtest3_pkey on sbtest3  (cost=0.43..365.45 rows=92 width=121)
	              Index Cond: ((id >= 7272984) AND (id <= 7273083))

table 4 : explain SELECT DISTINCT c FROM sbtest4 WHERE id BETWEEN 7208577 AND 7208676 ORDER BY c
	Unique  (cost=364.37..364.82 rows=91 width=121)
	  ->  Sort  (cost=364.37..364.60 rows=91 width=121)
	        Sort Key: c
	        ->  Index Scan using sbtest4_pkey on sbtest4  (cost=0.43..361.41 rows=91 width=121)
	              Index Cond: ((id >= 7208577) AND (id <= 7208676))

table 5 : explain SELECT DISTINCT c FROM sbtest5 WHERE id BETWEEN 1681451 AND 1681550 ORDER BY c
	Unique  (cost=407.93..408.44 rows=102 width=121)
	  ->  Sort  (cost=407.93..408.19 rows=102 width=121)
	        Sort Key: c
	        ->  Index Scan using sbtest5_pkey on sbtest5  (cost=0.43..404.53 rows=102 width=121)
	              Index Cond: ((id >= 1681451) AND (id <= 1681550))

table 6 : explain SELECT DISTINCT c FROM sbtest6 WHERE id BETWEEN 2416417 AND 2416516 ORDER BY c
	Unique  (cost=374.60..375.07 rows=94 width=121)
	  ->  Sort  (cost=374.60..374.84 rows=94 width=121)
	        Sort Key: c
	        ->  Index Scan using sbtest6_pkey on sbtest6  (cost=0.43..371.52 rows=94 width=121)
	              Index Cond: ((id >= 2416417) AND (id <= 2416516))

table 7 : explain SELECT DISTINCT c FROM sbtest7 WHERE id BETWEEN 6494099 AND 6494198 ORDER BY c
	Unique  (cost=385.51..385.99 rows=96 width=121)
	  ->  Sort  (cost=385.51..385.75 rows=96 width=121)
	        Sort Key: c
	        ->  Index Scan using sbtest7_pkey on sbtest7  (cost=0.43..382.35 rows=96 width=121)
	              Index Cond: ((id >= 6494099) AND (id <= 6494198))

table 8 : explain SELECT DISTINCT c FROM sbtest8 WHERE id BETWEEN 5378931 AND 5379030 ORDER BY c
	Unique  (cost=428.14..428.68 rows=107 width=121)
	  ->  Sort  (cost=428.14..428.41 rows=107 width=121)
	        Sort Key: c
	        ->  Index Scan using sbtest8_pkey on sbtest8  (cost=0.43..424.53 rows=107 width=121)
	              Index Cond: ((id >= 5378931) AND (id <= 5379030))

for: distinct_ranges
table 1 : explain SELECT DISTINCT c FROM sbtest1 WHERE id BETWEEN 8765986 AND 8766085 ORDER BY c
	Unique  (cost=353.37..353.81 rows=88 width=121)
	  ->  Sort  (cost=353.37..353.59 rows=88 width=121)
	        Sort Key: c
	        ->  Index Scan using sbtest1_pkey on sbtest1  (cost=0.43..350.53 rows=88 width=121)
	              Index Cond: ((id >= 8765986) AND (id <= 8766085))

table 2 : explain SELECT DISTINCT c FROM sbtest2 WHERE id BETWEEN 3346247 AND 3346346 ORDER BY c
	Unique  (cost=385.02..385.50 rows=96 width=121)
	  ->  Sort  (cost=385.02..385.26 rows=96 width=121)
	        Sort Key: c
	        ->  Index Scan using sbtest2_pkey on sbtest2  (cost=0.43..381.86 rows=96 width=121)
	              Index Cond: ((id >= 3346247) AND (id <= 3346346))

table 3 : explain SELECT DISTINCT c FROM sbtest3 WHERE id BETWEEN 3561322 AND 3561421 ORDER BY c
	Unique  (cost=400.18..400.68 rows=100 width=121)
	  ->  Sort  (cost=400.18..400.43 rows=100 width=121)
	        Sort Key: c
	        ->  Index Scan using sbtest3_pkey on sbtest3  (cost=0.43..396.86 rows=100 width=121)
	              Index Cond: ((id >= 3561322) AND (id <= 3561421))

table 4 : explain SELECT DISTINCT c FROM sbtest4 WHERE id BETWEEN 4664815 AND 4664914 ORDER BY c
	Unique  (cost=396.06..396.55 rows=99 width=121)
	  ->  Sort  (cost=396.06..396.30 rows=99 width=121)
	        Sort Key: c
	        ->  Index Scan using sbtest4_pkey on sbtest4  (cost=0.43..392.77 rows=99 width=121)
	              Index Cond: ((id >= 4664815) AND (id <= 4664914))

table 5 : explain SELECT DISTINCT c FROM sbtest5 WHERE id BETWEEN 2367952 AND 2368051 ORDER BY c
	Unique  (cost=372.28..372.75 rows=93 width=121)
	  ->  Sort  (cost=372.28..372.52 rows=93 width=121)
	        Sort Key: c
	        ->  Index Scan using sbtest5_pkey on sbtest5  (cost=0.43..369.24 rows=93 width=121)
	              Index Cond: ((id >= 2367952) AND (id <= 2368051))

table 6 : explain SELECT DISTINCT c FROM sbtest6 WHERE id BETWEEN 9724286 AND 9724385 ORDER BY c
	Unique  (cost=437.74..438.29 rows=110 width=121)
	  ->  Sort  (cost=437.74..438.01 rows=110 width=121)
	        Sort Key: c
	        ->  Index Scan using sbtest6_pkey on sbtest6  (cost=0.43..434.01 rows=110 width=121)
	              Index Cond: ((id >= 9724286) AND (id <= 9724385))

table 7 : explain SELECT DISTINCT c FROM sbtest7 WHERE id BETWEEN 5960769 AND 5960868 ORDER BY c
	Unique  (cost=393.46..393.95 rows=98 width=121)
	  ->  Sort  (cost=393.46..393.71 rows=98 width=121)
	        Sort Key: c
	        ->  Index Scan using sbtest7_pkey on sbtest7  (cost=0.43..390.22 rows=98 width=121)
	              Index Cond: ((id >= 5960769) AND (id <= 5960868))

table 8 : explain SELECT DISTINCT c FROM sbtest8 WHERE id BETWEEN 3176887 AND 3176986 ORDER BY c
	Unique  (cost=388.47..388.95 rows=97 width=121)
	  ->  Sort  (cost=388.47..388.71 rows=97 width=121)
	        Sort Key: c
	        ->  Index Scan using sbtest8_pkey on sbtest8  (cost=0.43..385.26 rows=97 width=121)
	              Index Cond: ((id >= 3176887) AND (id <= 3176986))

for: sum_ranges
table 1 : explain SELECT SUM(k) FROM sbtest1 WHERE id BETWEEN 7714195 AND 7714294
	Aggregate  (cost=413.72..413.73 rows=1 width=8)
	  ->  Index Scan using sbtest1_pkey on sbtest1  (cost=0.43..413.46 rows=104 width=4)
	        Index Cond: ((id >= 7714195) AND (id <= 7714294))

table 2 : explain SELECT SUM(k) FROM sbtest2 WHERE id BETWEEN 3438450 AND 3438549
	Aggregate  (cost=429.31..429.32 rows=1 width=8)
	  ->  Index Scan using sbtest2_pkey on sbtest2  (cost=0.43..429.04 rows=108 width=4)
	        Index Cond: ((id >= 3438450) AND (id <= 3438549))

table 3 : explain SELECT SUM(k) FROM sbtest3 WHERE id BETWEEN 7168454 AND 7168553
	Aggregate  (cost=397.11..397.12 rows=1 width=8)
	  ->  Index Scan using sbtest3_pkey on sbtest3  (cost=0.43..396.86 rows=100 width=4)
	        Index Cond: ((id >= 7168454) AND (id <= 7168553))

table 4 : explain SELECT SUM(k) FROM sbtest4 WHERE id BETWEEN 2341167 AND 2341266
	Aggregate  (cost=389.10..389.11 rows=1 width=8)
	  ->  Index Scan using sbtest4_pkey on sbtest4  (cost=0.43..388.85 rows=98 width=4)
	        Index Cond: ((id >= 2341167) AND (id <= 2341266))

table 5 : explain SELECT SUM(k) FROM sbtest5 WHERE id BETWEEN 8115370 AND 8115469
	Aggregate  (cost=357.71..357.72 rows=1 width=8)
	  ->  Index Scan using sbtest5_pkey on sbtest5  (cost=0.43..357.48 rows=90 width=4)
	        Index Cond: ((id >= 8115370) AND (id <= 8115469))

table 6 : explain SELECT SUM(k) FROM sbtest6 WHERE id BETWEEN 2611355 AND 2611454
	Aggregate  (cost=363.95..363.96 rows=1 width=8)
	  ->  Index Scan using sbtest6_pkey on sbtest6  (cost=0.43..363.72 rows=92 width=4)
	        Index Cond: ((id >= 2611355) AND (id <= 2611454))

table 7 : explain SELECT SUM(k) FROM sbtest7 WHERE id BETWEEN 3236945 AND 3237044
	Aggregate  (cost=398.36..398.37 rows=1 width=8)
	  ->  Index Scan using sbtest7_pkey on sbtest7  (cost=0.43..398.11 rows=100 width=4)
	        Index Cond: ((id >= 3236945) AND (id <= 3237044))

table 8 : explain SELECT SUM(k) FROM sbtest8 WHERE id BETWEEN 3033904 AND 3034003
	Aggregate  (cost=381.58..381.59 rows=1 width=8)
	  ->  Index Scan using sbtest8_pkey on sbtest8  (cost=0.43..381.34 rows=96 width=4)
	        Index Cond: ((id >= 3033904) AND (id <= 3034003))

for: simple_ranges
table 1 : explain SELECT c FROM sbtest1 WHERE id BETWEEN 623619 AND 623718
	Index Scan using sbtest1_pkey on sbtest1  (cost=0.43..409.52 rows=103 width=121)
	  Index Cond: ((id >= 623619) AND (id <= 623718))

table 2 : explain SELECT c FROM sbtest2 WHERE id BETWEEN 3882282 AND 3882381
	Index Scan using sbtest2_pkey on sbtest2  (cost=0.43..366.14 rows=92 width=121)
	  Index Cond: ((id >= 3882282) AND (id <= 3882381))

table 3 : explain SELECT c FROM sbtest3 WHERE id BETWEEN 8464160 AND 8464259
	Index Scan using sbtest3_pkey on sbtest3  (cost=0.43..361.53 rows=91 width=121)
	  Index Cond: ((id >= 8464160) AND (id <= 8464259))

table 4 : explain SELECT c FROM sbtest4 WHERE id BETWEEN 1138411 AND 1138510
	Index Scan using sbtest4_pkey on sbtest4  (cost=0.43..447.67 rows=113 width=121)
	  Index Cond: ((id >= 1138411) AND (id <= 1138510))

table 5 : explain SELECT c FROM sbtest5 WHERE id BETWEEN 11987 AND 12086
	Index Scan using sbtest5_pkey on sbtest5  (cost=0.43..373.16 rows=94 width=121)
	  Index Cond: ((id >= 11987) AND (id <= 12086))

table 6 : explain SELECT c FROM sbtest6 WHERE id BETWEEN 2494113 AND 2494212
	Index Scan using sbtest6_pkey on sbtest6  (cost=0.43..363.72 rows=92 width=121)
	  Index Cond: ((id >= 2494113) AND (id <= 2494212))

table 7 : explain SELECT c FROM sbtest7 WHERE id BETWEEN 5737488 AND 5737587
	Index Scan using sbtest7_pkey on sbtest7  (cost=0.43..409.92 rows=103 width=121)
	  Index Cond: ((id >= 5737488) AND (id <= 5737587))

table 8 : explain SELECT c FROM sbtest8 WHERE id BETWEEN 4460479 AND 4460578
	Index Scan using sbtest8_pkey on sbtest8  (cost=0.43..377.42 rows=95 width=121)
	  Index Cond: ((id >= 4460479) AND (id <= 4460578))

for: order_ranges
table 1 : explain SELECT c FROM sbtest1 WHERE id BETWEEN 2425970 AND 2426069 ORDER BY c
	Sort  (cost=432.83..433.10 rows=108 width=121)
	  Sort Key: c
	  ->  Index Scan using sbtest1_pkey on sbtest1  (cost=0.43..429.18 rows=108 width=121)
	        Index Cond: ((id >= 2425970) AND (id <= 2426069))

table 2 : explain SELECT c FROM sbtest2 WHERE id BETWEEN 1568875 AND 1568974 ORDER BY c
	Sort  (cost=392.96..393.21 rows=98 width=121)
	  Sort Key: c
	  ->  Index Scan using sbtest2_pkey on sbtest2  (cost=0.43..389.72 rows=98 width=121)
	        Index Cond: ((id >= 1568875) AND (id <= 1568974))

table 3 : explain SELECT c FROM sbtest3 WHERE id BETWEEN 6262574 AND 6262673 ORDER BY c
	Sort  (cost=380.34..380.58 rows=95 width=121)
	  Sort Key: c
	  ->  Index Scan using sbtest3_pkey on sbtest3  (cost=0.43..377.22 rows=95 width=121)
	        Index Cond: ((id >= 6262574) AND (id <= 6262673))

table 4 : explain SELECT c FROM sbtest4 WHERE id BETWEEN 1169340 AND 1169439 ORDER BY c
	Sort  (cost=451.52..451.80 rows=113 width=121)
	  Sort Key: c
	  ->  Index Scan using sbtest4_pkey on sbtest4  (cost=0.43..447.67 rows=113 width=121)
	        Index Cond: ((id >= 1169340) AND (id <= 1169439))

table 5 : explain SELECT c FROM sbtest5 WHERE id BETWEEN 1723177 AND 1723276 ORDER BY c
	Sort  (cost=396.05..396.30 rows=99 width=121)
	  Sort Key: c
	  ->  Index Scan using sbtest5_pkey on sbtest5  (cost=0.43..392.77 rows=99 width=121)
	        Index Cond: ((id >= 1723177) AND (id <= 1723276))

table 6 : explain SELECT c FROM sbtest6 WHERE id BETWEEN 5825582 AND 5825681 ORDER BY c
	Sort  (cost=390.41..390.65 rows=98 width=121)
	  Sort Key: c
	  ->  Index Scan using sbtest6_pkey on sbtest6  (cost=0.43..387.17 rows=98 width=121)
	        Index Cond: ((id >= 5825582) AND (id <= 5825681))

table 7 : explain SELECT c FROM sbtest7 WHERE id BETWEEN 3524769 AND 3524868 ORDER BY c
	Sort  (cost=381.53..381.77 rows=95 width=121)
	  Sort Key: c
	  ->  Index Scan using sbtest7_pkey on sbtest7  (cost=0.43..378.41 rows=95 width=121)
	        Index Cond: ((id >= 3524769) AND (id <= 3524868))

table 8 : explain SELECT c FROM sbtest8 WHERE id BETWEEN 106449 AND 106548 ORDER BY c
	Sort  (cost=404.35..404.60 rows=101 width=121)
	  Sort Key: c
	  ->  Index Scan using sbtest8_pkey on sbtest8  (cost=0.43..400.99 rows=101 width=121)
	        Index Cond: ((id >= 106449) AND (id <= 106548))

for: sum_ranges
table 1 : explain SELECT SUM(k) FROM sbtest1 WHERE id BETWEEN 9531536 AND 9531635
	Aggregate  (cost=350.75..350.76 rows=1 width=8)
	  ->  Index Scan using sbtest1_pkey on sbtest1  (cost=0.43..350.53 rows=88 width=4)
	        Index Cond: ((id >= 9531536) AND (id <= 9531635))

table 2 : explain SELECT SUM(k) FROM sbtest2 WHERE id BETWEEN 2274173 AND 2274272
	Aggregate  (cost=441.11..441.12 rows=1 width=8)
	  ->  Index Scan using sbtest2_pkey on sbtest2  (cost=0.43..440.83 rows=111 width=4)
	        Index Cond: ((id >= 2274173) AND (id <= 2274272))

table 3 : explain SELECT SUM(k) FROM sbtest3 WHERE id BETWEEN 4168013 AND 4168112
	Aggregate  (cost=428.51..428.52 rows=1 width=8)
	  ->  Index Scan using sbtest3_pkey on sbtest3  (cost=0.43..428.24 rows=108 width=4)
	        Index Cond: ((id >= 4168013) AND (id <= 4168112))

table 4 : explain SELECT SUM(k) FROM sbtest4 WHERE id BETWEEN 3533431 AND 3533530
	Aggregate  (cost=412.64..412.65 rows=1 width=8)
	  ->  Index Scan using sbtest4_pkey on sbtest4  (cost=0.43..412.38 rows=104 width=4)
	        Index Cond: ((id >= 3533431) AND (id <= 3533530))

table 5 : explain SELECT SUM(k) FROM sbtest5 WHERE id BETWEEN 5498651 AND 5498750
	Aggregate  (cost=404.79..404.80 rows=1 width=8)
	  ->  Index Scan using sbtest5_pkey on sbtest5  (cost=0.43..404.53 rows=102 width=4)
	        Index Cond: ((id >= 5498651) AND (id <= 5498750))

table 6 : explain SELECT SUM(k) FROM sbtest6 WHERE id BETWEEN 1004115 AND 1004214
	Aggregate  (cost=348.32..348.33 rows=1 width=8)
	  ->  Index Scan using sbtest6_pkey on sbtest6  (cost=0.43..348.10 rows=88 width=4)
	        Index Cond: ((id >= 1004115) AND (id <= 1004214))

table 7 : explain SELECT SUM(k) FROM sbtest7 WHERE id BETWEEN 6784043 AND 6784142
	Aggregate  (cost=406.24..406.25 rows=1 width=8)
	  ->  Index Scan using sbtest7_pkey on sbtest7  (cost=0.43..405.98 rows=102 width=4)
	        Index Cond: ((id >= 6784043) AND (id <= 6784142))

table 8 : explain SELECT SUM(k) FROM sbtest8 WHERE id BETWEEN 1856142 AND 1856241
	Aggregate  (cost=389.46..389.47 rows=1 width=8)
	  ->  Index Scan using sbtest8_pkey on sbtest8  (cost=0.43..389.21 rows=98 width=4)
	        Index Cond: ((id >= 1856142) AND (id <= 1856241))

for: distinct_ranges
table 1 : explain SELECT DISTINCT c FROM sbtest1 WHERE id BETWEEN 5877247 AND 5877346 ORDER BY c
	Unique  (cost=432.83..433.37 rows=108 width=121)
	  ->  Sort  (cost=432.83..433.10 rows=108 width=121)
	        Sort Key: c
	        ->  Index Scan using sbtest1_pkey on sbtest1  (cost=0.43..429.18 rows=108 width=121)
	              Index Cond: ((id >= 5877247) AND (id <= 5877346))

table 2 : explain SELECT DISTINCT c FROM sbtest2 WHERE id BETWEEN 8952753 AND 8952852 ORDER BY c
	Unique  (cost=385.02..385.50 rows=96 width=121)
	  ->  Sort  (cost=385.02..385.26 rows=96 width=121)
	        Sort Key: c
	        ->  Index Scan using sbtest2_pkey on sbtest2  (cost=0.43..381.86 rows=96 width=121)
	              Index Cond: ((id >= 8952753) AND (id <= 8952852))

table 3 : explain SELECT DISTINCT c FROM sbtest3 WHERE id BETWEEN 2654129 AND 2654228 ORDER BY c
	Unique  (cost=416.03..416.55 rows=104 width=121)
	  ->  Sort  (cost=416.03..416.29 rows=104 width=121)
	        Sort Key: c
	        ->  Index Scan using sbtest3_pkey on sbtest3  (cost=0.43..412.55 rows=104 width=121)
	              Index Cond: ((id >= 2654129) AND (id <= 2654228))

table 4 : explain SELECT DISTINCT c FROM sbtest4 WHERE id BETWEEN 8827908 AND 8828007 ORDER BY c
	Unique  (cost=384.17..384.65 rows=96 width=121)
	  ->  Sort  (cost=384.17..384.41 rows=96 width=121)
	        Sort Key: c
	        ->  Index Scan using sbtest4_pkey on sbtest4  (cost=0.43..381.01 rows=96 width=121)
	              Index Cond: ((id >= 8827908) AND (id <= 8828007))

table 5 : explain SELECT DISTINCT c FROM sbtest5 WHERE id BETWEEN 1516337 AND 1516436 ORDER BY c
	Unique  (cost=407.93..408.44 rows=102 width=121)
	  ->  Sort  (cost=407.93..408.19 rows=102 width=121)
	        Sort Key: c
	        ->  Index Scan using sbtest5_pkey on sbtest5  (cost=0.43..404.53 rows=102 width=121)
	              Index Cond: ((id >= 1516337) AND (id <= 1516436))

table 6 : explain SELECT DISTINCT c FROM sbtest6 WHERE id BETWEEN 18864 AND 18963 ORDER BY c
	Unique  (cost=414.07..414.59 rows=104 width=121)
	  ->  Sort  (cost=414.07..414.33 rows=104 width=121)
	        Sort Key: c
	        ->  Index Scan using sbtest6_pkey on sbtest6  (cost=0.43..410.59 rows=104 width=121)
	              Index Cond: ((id >= 18864) AND (id <= 18963))

table 7 : explain SELECT DISTINCT c FROM sbtest7 WHERE id BETWEEN 9142258 AND 9142357 ORDER BY c
	Unique  (cost=437.22..437.76 rows=109 width=121)
	  ->  Sort  (cost=437.22..437.49 rows=109 width=121)
	        Sort Key: c
	        ->  Index Scan using sbtest7_pkey on sbtest7  (cost=0.43..433.53 rows=109 width=121)
	              Index Cond: ((id >= 9142258) AND (id <= 9142357))

table 8 : explain SELECT DISTINCT c FROM sbtest8 WHERE id BETWEEN 7164400 AND 7164499 ORDER BY c
	Unique  (cost=436.07..436.62 rows=109 width=121)
	  ->  Sort  (cost=436.07..436.34 rows=109 width=121)
	        Sort Key: c
	        ->  Index Scan using sbtest8_pkey on sbtest8  (cost=0.43..432.38 rows=109 width=121)
	              Index Cond: ((id >= 7164400) AND (id <= 7164499))

for: simple_ranges
table 1 : explain SELECT c FROM sbtest1 WHERE id BETWEEN 7457078 AND 7457177
	Index Scan using sbtest1_pkey on sbtest1  (cost=0.43..393.80 rows=99 width=121)
	  Index Cond: ((id >= 7457078) AND (id <= 7457177))

table 2 : explain SELECT c FROM sbtest2 WHERE id BETWEEN 4801210 AND 4801309
	Index Scan using sbtest2_pkey on sbtest2  (cost=0.43..385.79 rows=97 width=121)
	  Index Cond: ((id >= 4801210) AND (id <= 4801309))

table 3 : explain SELECT c FROM sbtest3 WHERE id BETWEEN 407362 AND 407461
	Index Scan using sbtest3_pkey on sbtest3  (cost=0.43..377.22 rows=95 width=121)
	  Index Cond: ((id >= 407362) AND (id <= 407461))

table 4 : explain SELECT c FROM sbtest4 WHERE id BETWEEN 4896511 AND 4896610
	Index Scan using sbtest4_pkey on sbtest4  (cost=0.43..361.41 rows=91 width=121)
	  Index Cond: ((id >= 4896511) AND (id <= 4896610))

table 5 : explain SELECT c FROM sbtest5 WHERE id BETWEEN 8553472 AND 8553571
	Index Scan using sbtest5_pkey on sbtest5  (cost=0.43..361.40 rows=91 width=121)
	  Index Cond: ((id >= 8553472) AND (id <= 8553571))

table 6 : explain SELECT c FROM sbtest6 WHERE id BETWEEN 7408756 AND 7408855
	Index Scan using sbtest6_pkey on sbtest6  (cost=0.43..391.07 rows=99 width=121)
	  Index Cond: ((id >= 7408756) AND (id <= 7408855))

table 7 : explain SELECT c FROM sbtest7 WHERE id BETWEEN 7825436 AND 7825535
	Index Scan using sbtest7_pkey on sbtest7  (cost=0.43..382.35 rows=96 width=121)
	  Index Cond: ((id >= 7825436) AND (id <= 7825535))

table 8 : explain SELECT c FROM sbtest8 WHERE id BETWEEN 1508613 AND 1508712
	Index Scan using sbtest8_pkey on sbtest8  (cost=0.43..385.26 rows=97 width=121)
	  Index Cond: ((id >= 1508613) AND (id <= 1508712))

for: order_ranges
table 1 : explain SELECT c FROM sbtest1 WHERE id BETWEEN 8960554 AND 8960653 ORDER BY c
	Sort  (cost=436.80..437.07 rows=109 width=121)
	  Sort Key: c
	  ->  Index Scan using sbtest1_pkey on sbtest1  (cost=0.43..433.11 rows=109 width=121)
	        Index Cond: ((id >= 8960554) AND (id <= 8960653))

table 2 : explain SELECT c FROM sbtest2 WHERE id BETWEEN 3531428 AND 3531527 ORDER BY c
	Sort  (cost=408.87..409.12 rows=102 width=121)
	  Sort Key: c
	  ->  Index Scan using sbtest2_pkey on sbtest2  (cost=0.43..405.46 rows=102 width=121)
	        Index Cond: ((id >= 3531428) AND (id <= 3531527))

table 3 : explain SELECT c FROM sbtest3 WHERE id BETWEEN 5499819 AND 5499918 ORDER BY c
	Sort  (cost=396.22..396.46 rows=99 width=121)
	  Sort Key: c
	  ->  Index Scan using sbtest3_pkey on sbtest3  (cost=0.43..392.94 rows=99 width=121)
	        Index Cond: ((id >= 5499819) AND (id <= 5499918))

table 4 : explain SELECT c FROM sbtest4 WHERE id BETWEEN 8497524 AND 8497623 ORDER BY c
	Sort  (cost=384.17..384.41 rows=96 width=121)
	  Sort Key: c
	  ->  Index Scan using sbtest4_pkey on sbtest4  (cost=0.43..381.01 rows=96 width=121)
	        Index Cond: ((id >= 8497524) AND (id <= 8497623))

table 5 : explain SELECT c FROM sbtest5 WHERE id BETWEEN 463712 AND 463811 ORDER BY c
	Sort  (cost=423.78..424.04 rows=106 width=121)
	  Sort Key: c
	  ->  Index Scan using sbtest5_pkey on sbtest5  (cost=0.43..420.21 rows=106 width=121)
	        Index Cond: ((id >= 463712) AND (id <= 463811))

table 6 : explain SELECT c FROM sbtest6 WHERE id BETWEEN 1118804 AND 1118903 ORDER BY c
	Sort  (cost=421.96..422.22 rows=106 width=121)
	  Sort Key: c
	  ->  Index Scan using sbtest6_pkey on sbtest6  (cost=0.43..418.39 rows=106 width=121)
	        Index Cond: ((id >= 1118804) AND (id <= 1118903))

table 7 : explain SELECT c FROM sbtest7 WHERE id BETWEEN 1499753 AND 1499852 ORDER BY c
	Sort  (cost=409.39..409.64 rows=102 width=121)
	  Sort Key: c
	  ->  Index Scan using sbtest7_pkey on sbtest7  (cost=0.43..405.98 rows=102 width=121)
	        Index Cond: ((id >= 1499753) AND (id <= 1499852))

table 8 : explain SELECT c FROM sbtest8 WHERE id BETWEEN 8204316 AND 8204415 ORDER BY c
	Sort  (cost=412.28..412.54 rows=103 width=121)
	  Sort Key: c
	  ->  Index Scan using sbtest8_pkey on sbtest8  (cost=0.43..408.84 rows=103 width=121)
	        Index Cond: ((id >= 8204316) AND (id <= 8204415))

explain: for point_selects :: explain SELECT c FROM sbtest%u WHERE id=%u
for point_selects
table 1 : explain SELECT c FROM sbtest1 WHERE id=361685
	Index Scan using sbtest1_pkey on sbtest1  (cost=0.43..8.45 rows=1 width=121)
	  Index Cond: (id = 361685)

table 2 : explain SELECT c FROM sbtest2 WHERE id=1811344
	Index Scan using sbtest2_pkey on sbtest2  (cost=0.43..8.45 rows=1 width=121)
	  Index Cond: (id = 1811344)

table 3 : explain SELECT c FROM sbtest3 WHERE id=9455049
	Index Scan using sbtest3_pkey on sbtest3  (cost=0.43..8.45 rows=1 width=121)
	  Index Cond: (id = 9455049)

table 4 : explain SELECT c FROM sbtest4 WHERE id=9439976
	Index Scan using sbtest4_pkey on sbtest4  (cost=0.43..8.45 rows=1 width=121)
	  Index Cond: (id = 9439976)

table 5 : explain SELECT c FROM sbtest5 WHERE id=3081994
	Index Scan using sbtest5_pkey on sbtest5  (cost=0.43..8.45 rows=1 width=121)
	  Index Cond: (id = 3081994)

table 6 : explain SELECT c FROM sbtest6 WHERE id=1463489
	Index Scan using sbtest6_pkey on sbtest6  (cost=0.43..8.45 rows=1 width=121)
	  Index Cond: (id = 1463489)

table 7 : explain SELECT c FROM sbtest7 WHERE id=3627696
	Index Scan using sbtest7_pkey on sbtest7  (cost=0.43..8.45 rows=1 width=121)
	  Index Cond: (id = 3627696)

table 8 : explain SELECT c FROM sbtest8 WHERE id=5638484
	Index Scan using sbtest8_pkey on sbtest8  (cost=0.43..8.45 rows=1 width=121)
	  Index Cond: (id = 5638484)

for: distinct_ranges
table 1 : explain SELECT DISTINCT c FROM sbtest1 WHERE id BETWEEN 465764 AND 465863 ORDER BY c
	Unique  (cost=448.72..449.28 rows=112 width=121)
	  ->  Sort  (cost=448.72..449.00 rows=112 width=121)
	        Sort Key: c
	        ->  Index Scan using sbtest1_pkey on sbtest1  (cost=0.43..444.91 rows=112 width=121)
	              Index Cond: ((id >= 465764) AND (id <= 465863))

table 2 : explain SELECT DISTINCT c FROM sbtest2 WHERE id BETWEEN 7251535 AND 7251634 ORDER BY c
	Unique  (cost=420.78..421.30 rows=105 width=121)
	  ->  Sort  (cost=420.78..421.04 rows=105 width=121)
	        Sort Key: c
	        ->  Index Scan using sbtest2_pkey on sbtest2  (cost=0.43..417.25 rows=105 width=121)
	              Index Cond: ((id >= 7251535) AND (id <= 7251634))

table 3 : explain SELECT DISTINCT c FROM sbtest3 WHERE id BETWEEN 3035355 AND 3035454 ORDER BY c
	Unique  (cost=435.85..436.39 rows=109 width=121)
	  ->  Sort  (cost=435.85..436.12 rows=109 width=121)
	        Sort Key: c
	        ->  Index Scan using sbtest3_pkey on sbtest3  (cost=0.43..432.16 rows=109 width=121)
	              Index Cond: ((id >= 3035355) AND (id <= 3035454))

table 4 : explain SELECT DISTINCT c FROM sbtest4 WHERE id BETWEEN 3830468 AND 3830567 ORDER BY c
	Unique  (cost=368.33..368.79 rows=92 width=121)
	  ->  Sort  (cost=368.33..368.56 rows=92 width=121)
	        Sort Key: c
	        ->  Index Scan using sbtest4_pkey on sbtest4  (cost=0.43..365.33 rows=92 width=121)
	              Index Cond: ((id >= 3830468) AND (id <= 3830567))

table 5 : explain SELECT DISTINCT c FROM sbtest5 WHERE id BETWEEN 3401084 AND 3401183 ORDER BY c
	Unique  (cost=384.17..384.65 rows=96 width=121)
	  ->  Sort  (cost=384.17..384.41 rows=96 width=121)
	        Sort Key: c
	        ->  Index Scan using sbtest5_pkey on sbtest5  (cost=0.43..381.01 rows=96 width=121)
	              Index Cond: ((id >= 3401084) AND (id <= 3401183))

table 6 : explain SELECT DISTINCT c FROM sbtest6 WHERE id BETWEEN 6883961 AND 6884060 ORDER BY c
	Unique  (cost=398.29..398.79 rows=100 width=121)
	  ->  Sort  (cost=398.29..398.54 rows=100 width=121)
	        Sort Key: c
	        ->  Index Scan using sbtest6_pkey on sbtest6  (cost=0.43..394.97 rows=100 width=121)
	              Index Cond: ((id >= 6883961) AND (id <= 6884060))

table 7 : explain SELECT DISTINCT c FROM sbtest7 WHERE id BETWEEN 539657 AND 539756 ORDER BY c
	Unique  (cost=381.53..382.01 rows=95 width=121)
	  ->  Sort  (cost=381.53..381.77 rows=95 width=121)
	        Sort Key: c
	        ->  Index Scan using sbtest7_pkey on sbtest7  (cost=0.43..378.41 rows=95 width=121)
	              Index Cond: ((id >= 539657) AND (id <= 539756))

table 8 : explain SELECT DISTINCT c FROM sbtest8 WHERE id BETWEEN 7066078 AND 7066177 ORDER BY c
	Unique  (cost=384.50..384.98 rows=96 width=121)
	  ->  Sort  (cost=384.50..384.74 rows=96 width=121)
	        Sort Key: c
	        ->  Index Scan using sbtest8_pkey on sbtest8  (cost=0.43..381.34 rows=96 width=121)
	              Index Cond: ((id >= 7066078) AND (id <= 7066177))

for: order_ranges
table 1 : explain SELECT c FROM sbtest1 WHERE id BETWEEN 5115172 AND 5115271 ORDER BY c
	Sort  (cost=436.80..437.07 rows=109 width=121)
	  Sort Key: c
	  ->  Index Scan using sbtest1_pkey on sbtest1  (cost=0.43..433.11 rows=109 width=121)
	        Index Cond: ((id >= 5115172) AND (id <= 5115271))

table 2 : explain SELECT c FROM sbtest2 WHERE id BETWEEN 8489416 AND 8489515 ORDER BY c
	Sort  (cost=408.87..409.12 rows=102 width=121)
	  Sort Key: c
	  ->  Index Scan using sbtest2_pkey on sbtest2  (cost=0.43..405.46 rows=102 width=121)
	        Index Cond: ((id >= 8489416) AND (id <= 8489515))

table 3 : explain SELECT c FROM sbtest3 WHERE id BETWEEN 972547 AND 972646 ORDER BY c
	Sort  (cost=431.89..432.16 rows=108 width=121)
	  Sort Key: c
	  ->  Index Scan using sbtest3_pkey on sbtest3  (cost=0.43..428.24 rows=108 width=121)
	        Index Cond: ((id >= 972547) AND (id <= 972646))

table 4 : explain SELECT c FROM sbtest4 WHERE id BETWEEN 5153269 AND 5153368 ORDER BY c
	Sort  (cost=407.94..408.19 rows=102 width=121)
	  Sort Key: c
	  ->  Index Scan using sbtest4_pkey on sbtest4  (cost=0.43..404.54 rows=102 width=121)
	        Index Cond: ((id >= 5153269) AND (id <= 5153368))

table 5 : explain SELECT c FROM sbtest5 WHERE id BETWEEN 8000816 AND 8000915 ORDER BY c
	Sort  (cost=392.09..392.33 rows=98 width=121)
	  Sort Key: c
	  ->  Index Scan using sbtest5_pkey on sbtest5  (cost=0.43..388.85 rows=98 width=121)
	        Index Cond: ((id >= 8000816) AND (id <= 8000915))

table 6 : explain SELECT c FROM sbtest6 WHERE id BETWEEN 7966704 AND 7966803 ORDER BY c
	Sort  (cost=414.07..414.33 rows=104 width=121)
	  Sort Key: c
	  ->  Index Scan using sbtest6_pkey on sbtest6  (cost=0.43..410.59 rows=104 width=121)
	        Index Cond: ((id >= 7966704) AND (id <= 7966803))

table 7 : explain SELECT c FROM sbtest7 WHERE id BETWEEN 8823388 AND 8823487 ORDER BY c
	Sort  (cost=421.31..421.58 rows=105 width=121)
	  Sort Key: c
	  ->  Index Scan using sbtest7_pkey on sbtest7  (cost=0.43..417.79 rows=105 width=121)
	        Index Cond: ((id >= 8823388) AND (id <= 8823487))

table 8 : explain SELECT c FROM sbtest8 WHERE id BETWEEN 6155059 AND 6155158 ORDER BY c
	Sort  (cost=400.38..400.63 rows=100 width=121)
	  Sort Key: c
	  ->  Index Scan using sbtest8_pkey on sbtest8  (cost=0.43..397.06 rows=100 width=121)
	        Index Cond: ((id >= 6155059) AND (id <= 6155158))

for: order_ranges
table 1 : explain SELECT c FROM sbtest1 WHERE id BETWEEN 5625447 AND 5625546 ORDER BY c
	Sort  (cost=401.05..401.30 rows=100 width=121)
	  Sort Key: c
	  ->  Index Scan using sbtest1_pkey on sbtest1  (cost=0.43..397.73 rows=100 width=121)
	        Index Cond: ((id >= 5625447) AND (id <= 5625546))

table 2 : explain SELECT c FROM sbtest2 WHERE id BETWEEN 1501836 AND 1501935 ORDER BY c
	Sort  (cost=392.96..393.21 rows=98 width=121)
	  Sort Key: c
	  ->  Index Scan using sbtest2_pkey on sbtest2  (cost=0.43..389.72 rows=98 width=121)
	        Index Cond: ((id >= 1501836) AND (id <= 1501935))

table 3 : explain SELECT c FROM sbtest3 WHERE id BETWEEN 417325 AND 417424 ORDER BY c
	Sort  (cost=380.34..380.58 rows=95 width=121)
	  Sort Key: c
	  ->  Index Scan using sbtest3_pkey on sbtest3  (cost=0.43..377.22 rows=95 width=121)
	        Index Cond: ((id >= 417325) AND (id <= 417424))

table 4 : explain SELECT c FROM sbtest4 WHERE id BETWEEN 9173509 AND 9173608 ORDER BY c
	Sort  (cost=407.94..408.19 rows=102 width=121)
	  Sort Key: c
	  ->  Index Scan using sbtest4_pkey on sbtest4  (cost=0.43..404.54 rows=102 width=121)
	        Index Cond: ((id >= 9173509) AND (id <= 9173608))

table 5 : explain SELECT c FROM sbtest5 WHERE id BETWEEN 1433641 AND 1433740 ORDER BY c
	Sort  (cost=392.09..392.33 rows=98 width=121)
	  Sort Key: c
	  ->  Index Scan using sbtest5_pkey on sbtest5  (cost=0.43..388.85 rows=98 width=121)
	        Index Cond: ((id >= 1433641) AND (id <= 1433740))

table 6 : explain SELECT c FROM sbtest6 WHERE id BETWEEN 6173270 AND 6173369 ORDER BY c
	Sort  (cost=402.24..402.49 rows=101 width=121)
	  Sort Key: c
	  ->  Index Scan using sbtest6_pkey on sbtest6  (cost=0.43..398.88 rows=101 width=121)
	        Index Cond: ((id >= 6173270) AND (id <= 6173369))

table 7 : explain SELECT c FROM sbtest7 WHERE id BETWEEN 7649699 AND 7649798 ORDER BY c
	Sort  (cost=405.41..405.66 rows=101 width=121)
	  Sort Key: c
	  ->  Index Scan using sbtest7_pkey on sbtest7  (cost=0.43..402.05 rows=101 width=121)
	        Index Cond: ((id >= 7649699) AND (id <= 7649798))

table 8 : explain SELECT c FROM sbtest8 WHERE id BETWEEN 1697971 AND 1698070 ORDER BY c
	Sort  (cost=396.42..396.67 rows=99 width=121)
	  Sort Key: c
	  ->  Index Scan using sbtest8_pkey on sbtest8  (cost=0.43..393.14 rows=99 width=121)
	        Index Cond: ((id >= 1697971) AND (id <= 1698070))

for: sum_ranges
table 1 : explain SELECT SUM(k) FROM sbtest1 WHERE id BETWEEN 2733623 AND 2733722
	Aggregate  (cost=425.52..425.53 rows=1 width=8)
	  ->  Index Scan using sbtest1_pkey on sbtest1  (cost=0.43..425.25 rows=107 width=4)
	        Index Cond: ((id >= 2733623) AND (id <= 2733722))

table 2 : explain SELECT SUM(k) FROM sbtest2 WHERE id BETWEEN 9877256 AND 9877355
	Aggregate  (cost=378.17..378.18 rows=1 width=8)
	  ->  Index Scan using sbtest2_pkey on sbtest2  (cost=0.43..377.93 rows=95 width=4)
	        Index Cond: ((id >= 9877256) AND (id <= 9877355))

table 3 : explain SELECT SUM(k) FROM sbtest3 WHERE id BETWEEN 1269030 AND 1269129
	Aggregate  (cost=389.26..389.27 rows=1 width=8)
	  ->  Index Scan using sbtest3_pkey on sbtest3  (cost=0.43..389.01 rows=98 width=4)
	        Index Cond: ((id >= 1269030) AND (id <= 1269129))

table 4 : explain SELECT SUM(k) FROM sbtest4 WHERE id BETWEEN 7679224 AND 7679323
	Aggregate  (cost=404.79..404.80 rows=1 width=8)
	  ->  Index Scan using sbtest4_pkey on sbtest4  (cost=0.43..404.54 rows=102 width=4)
	        Index Cond: ((id >= 7679224) AND (id <= 7679323))

table 5 : explain SELECT SUM(k) FROM sbtest5 WHERE id BETWEEN 5046820 AND 5046919
	Aggregate  (cost=420.48..420.49 rows=1 width=8)
	  ->  Index Scan using sbtest5_pkey on sbtest5  (cost=0.43..420.21 rows=106 width=4)
	        Index Cond: ((id >= 5046820) AND (id <= 5046919))

table 6 : explain SELECT SUM(k) FROM sbtest6 WHERE id BETWEEN 7409898 AND 7409997
	Aggregate  (cost=391.32..391.33 rows=1 width=8)
	  ->  Index Scan using sbtest6_pkey on sbtest6  (cost=0.43..391.07 rows=99 width=4)
	        Index Cond: ((id >= 7409898) AND (id <= 7409997))

table 7 : explain SELECT SUM(k) FROM sbtest7 WHERE id BETWEEN 3656502 AND 3656601
	Aggregate  (cost=421.99..422.00 rows=1 width=8)
	  ->  Index Scan using sbtest7_pkey on sbtest7  (cost=0.43..421.72 rows=106 width=4)
	        Index Cond: ((id >= 3656502) AND (id <= 3656601))

table 8 : explain SELECT SUM(k) FROM sbtest8 WHERE id BETWEEN 1531301 AND 1531400
	Aggregate  (cost=389.43..389.44 rows=1 width=8)
	  ->  Index Scan using sbtest8_pkey on sbtest8  (cost=0.43..389.19 rows=98 width=4)
	        Index Cond: ((id >= 1531301) AND (id <= 1531400))

for: simple_ranges
table 1 : explain SELECT c FROM sbtest1 WHERE id BETWEEN 9977521 AND 9977620
	Index Scan using sbtest1_pkey on sbtest1  (cost=0.43..389.85 rows=98 width=121)
	  Index Cond: ((id >= 9977521) AND (id <= 9977620))

table 2 : explain SELECT c FROM sbtest2 WHERE id BETWEEN 9441688 AND 9441787
	Index Scan using sbtest2_pkey on sbtest2  (cost=0.43..385.79 rows=97 width=121)
	  Index Cond: ((id >= 9441688) AND (id <= 9441787))

table 3 : explain SELECT c FROM sbtest3 WHERE id BETWEEN 7973413 AND 7973512
	Index Scan using sbtest3_pkey on sbtest3  (cost=0.43..392.94 rows=99 width=121)
	  Index Cond: ((id >= 7973413) AND (id <= 7973512))

table 4 : explain SELECT c FROM sbtest4 WHERE id BETWEEN 2848754 AND 2848853
	Index Scan using sbtest4_pkey on sbtest4  (cost=0.43..396.69 rows=100 width=121)
	  Index Cond: ((id >= 2848754) AND (id <= 2848853))

table 5 : explain SELECT c FROM sbtest5 WHERE id BETWEEN 8895173 AND 8895272
	Index Scan using sbtest5_pkey on sbtest5  (cost=0.43..408.45 rows=103 width=121)
	  Index Cond: ((id >= 8895173) AND (id <= 8895272))

table 6 : explain SELECT c FROM sbtest6 WHERE id BETWEEN 6746541 AND 6746640
	Index Scan using sbtest6_pkey on sbtest6  (cost=0.43..422.30 rows=107 width=121)
	  Index Cond: ((id >= 6746541) AND (id <= 6746640))

table 7 : explain SELECT c FROM sbtest7 WHERE id BETWEEN 5150476 AND 5150575
	Index Scan using sbtest7_pkey on sbtest7  (cost=0.43..366.61 rows=92 width=121)
	  Index Cond: ((id >= 5150476) AND (id <= 5150575))

table 8 : explain SELECT c FROM sbtest8 WHERE id BETWEEN 5858597 AND 5858696
	Index Scan using sbtest8_pkey on sbtest8  (cost=0.43..400.99 rows=101 width=121)
	  Index Cond: ((id >= 5858597) AND (id <= 5858696))

for: order_ranges
table 1 : explain SELECT c FROM sbtest1 WHERE id BETWEEN 5686631 AND 5686730 ORDER BY c
	Sort  (cost=373.23..373.46 rows=93 width=121)
	  Sort Key: c
	  ->  Index Scan using sbtest1_pkey on sbtest1  (cost=0.43..370.19 rows=93 width=121)
	        Index Cond: ((id >= 5686631) AND (id <= 5686730))

table 2 : explain SELECT c FROM sbtest2 WHERE id BETWEEN 3683905 AND 3684004 ORDER BY c
	Sort  (cost=396.95..397.20 rows=99 width=121)
	  Sort Key: c
	  ->  Index Scan using sbtest2_pkey on sbtest2  (cost=0.43..393.67 rows=99 width=121)
	        Index Cond: ((id >= 3683905) AND (id <= 3684004))

table 3 : explain SELECT c FROM sbtest3 WHERE id BETWEEN 1970926 AND 1971025 ORDER BY c
	Sort  (cost=416.03..416.29 rows=104 width=121)
	  Sort Key: c
	  ->  Index Scan using sbtest3_pkey on sbtest3  (cost=0.43..412.55 rows=104 width=121)
	        Index Cond: ((id >= 1970926) AND (id <= 1971025))

table 4 : explain SELECT c FROM sbtest4 WHERE id BETWEEN 7926138 AND 7926237 ORDER BY c
	Sort  (cost=415.86..416.12 rows=104 width=121)
	  Sort Key: c
	  ->  Index Scan using sbtest4_pkey on sbtest4  (cost=0.43..412.38 rows=104 width=121)
	        Index Cond: ((id >= 7926138) AND (id <= 7926237))

table 5 : explain SELECT c FROM sbtest5 WHERE id BETWEEN 1264900 AND 1264999 ORDER BY c
	Sort  (cost=403.97..404.22 rows=101 width=121)
	  Sort Key: c
	  ->  Index Scan using sbtest5_pkey on sbtest5  (cost=0.43..400.61 rows=101 width=121)
	        Index Cond: ((id >= 1264900) AND (id <= 1264999))

table 6 : explain SELECT c FROM sbtest6 WHERE id BETWEEN 1097941 AND 1098040 ORDER BY c
	Sort  (cost=350.95..351.17 rows=88 width=121)
	  Sort Key: c
	  ->  Index Scan using sbtest6_pkey on sbtest6  (cost=0.43..348.10 rows=88 width=121)
	        Index Cond: ((id >= 1097941) AND (id <= 1098040))

table 7 : explain SELECT c FROM sbtest7 WHERE id BETWEEN 3712545 AND 3712644 ORDER BY c
	Sort  (cost=353.71..353.93 rows=88 width=121)
	  Sort Key: c
	  ->  Index Scan using sbtest7_pkey on sbtest7  (cost=0.43..350.87 rows=88 width=121)
	        Index Cond: ((id >= 3712545) AND (id <= 3712644))

table 8 : explain SELECT c FROM sbtest8 WHERE id BETWEEN 4662913 AND 4663012 ORDER BY c
	Sort  (cost=376.57..376.81 rows=94 width=121)
	  Sort Key: c
	  ->  Index Scan using sbtest8_pkey on sbtest8  (cost=0.43..373.49 rows=94 width=121)
	        Index Cond: ((id >= 4662913) AND (id <= 4663012))

for: order_ranges
table 1 : explain SELECT c FROM sbtest1 WHERE id BETWEEN 2867412 AND 2867511 ORDER BY c
	Sort  (cost=393.09..393.33 rows=98 width=121)
	  Sort Key: c
	  ->  Index Scan using sbtest1_pkey on sbtest1  (cost=0.43..389.85 rows=98 width=121)
	        Index Cond: ((id >= 2867412) AND (id <= 2867511))

table 2 : explain SELECT c FROM sbtest2 WHERE id BETWEEN 7800139 AND 7800238 ORDER BY c
	Sort  (cost=400.93..401.18 rows=100 width=121)
	  Sort Key: c
	  ->  Index Scan using sbtest2_pkey on sbtest2  (cost=0.43..397.60 rows=100 width=121)
	        Index Cond: ((id >= 7800139) AND (id <= 7800238))

table 3 : explain SELECT c FROM sbtest3 WHERE id BETWEEN 4624992 AND 4625091 ORDER BY c
	Sort  (cost=412.07..412.33 rows=103 width=121)
	  Sort Key: c
	  ->  Index Scan using sbtest3_pkey on sbtest3  (cost=0.43..408.63 rows=103 width=121)
	        Index Cond: ((id >= 4624992) AND (id <= 4625091))

table 4 : explain SELECT c FROM sbtest4 WHERE id BETWEEN 1307794 AND 1307893 ORDER BY c
	Sort  (cost=364.37..364.60 rows=91 width=121)
	  Sort Key: c
	  ->  Index Scan using sbtest4_pkey on sbtest4  (cost=0.43..361.41 rows=91 width=121)
	        Index Cond: ((id >= 1307794) AND (id <= 1307893))

table 5 : explain SELECT c FROM sbtest5 WHERE id BETWEEN 4012562 AND 4012661 ORDER BY c
	Sort  (cost=403.97..404.22 rows=101 width=121)
	  Sort Key: c
	  ->  Index Scan using sbtest5_pkey on sbtest5  (cost=0.43..400.61 rows=101 width=121)
	        Index Cond: ((id >= 4012562) AND (id <= 4012661))

table 6 : explain SELECT c FROM sbtest6 WHERE id BETWEEN 6890211 AND 6890310 ORDER BY c
	Sort  (cost=398.29..398.54 rows=100 width=121)
	  Sort Key: c
	  ->  Index Scan using sbtest6_pkey on sbtest6  (cost=0.43..394.97 rows=100 width=121)
	        Index Cond: ((id >= 6890211) AND (id <= 6890310))

table 7 : explain SELECT c FROM sbtest7 WHERE id BETWEEN 5676631 AND 5676730 ORDER BY c
	Sort  (cost=409.39..409.64 rows=102 width=121)
	  Sort Key: c
	  ->  Index Scan using sbtest7_pkey on sbtest7  (cost=0.43..405.98 rows=102 width=121)
	        Index Cond: ((id >= 5676631) AND (id <= 5676730))

table 8 : explain SELECT c FROM sbtest8 WHERE id BETWEEN 9264994 AND 9265093 ORDER BY c
	Sort  (cost=388.47..388.71 rows=97 width=121)
	  Sort Key: c
	  ->  Index Scan using sbtest8_pkey on sbtest8  (cost=0.43..385.26 rows=97 width=121)
	        Index Cond: ((id >= 9264994) AND (id <= 9265093))

for: distinct_ranges
table 1 : explain SELECT DISTINCT c FROM sbtest1 WHERE id BETWEEN 6154749 AND 6154848 ORDER BY c
	Unique  (cost=361.32..361.77 rows=90 width=121)
	  ->  Sort  (cost=361.32..361.54 rows=90 width=121)
	        Sort Key: c
	        ->  Index Scan using sbtest1_pkey on sbtest1  (cost=0.43..358.39 rows=90 width=121)
	              Index Cond: ((id >= 6154749) AND (id <= 6154848))

table 2 : explain SELECT DISTINCT c FROM sbtest2 WHERE id BETWEEN 8545574 AND 8545673 ORDER BY c
	Unique  (cost=404.90..405.40 rows=101 width=121)
	  ->  Sort  (cost=404.90..405.15 rows=101 width=121)
	        Sort Key: c
	        ->  Index Scan using sbtest2_pkey on sbtest2  (cost=0.43..401.53 rows=101 width=121)
	              Index Cond: ((id >= 8545574) AND (id <= 8545673))

table 3 : explain SELECT DISTINCT c FROM sbtest3 WHERE id BETWEEN 7825026 AND 7825125 ORDER BY c
	Unique  (cost=404.14..404.65 rows=101 width=121)
	  ->  Sort  (cost=404.14..404.40 rows=101 width=121)
	        Sort Key: c
	        ->  Index Scan using sbtest3_pkey on sbtest3  (cost=0.43..400.78 rows=101 width=121)
	              Index Cond: ((id >= 7825026) AND (id <= 7825125))

table 4 : explain SELECT DISTINCT c FROM sbtest4 WHERE id BETWEEN 5487478 AND 5487577 ORDER BY c
	Unique  (cost=380.21..380.69 rows=95 width=121)
	  ->  Sort  (cost=380.21..380.45 rows=95 width=121)
	        Sort Key: c
	        ->  Index Scan using sbtest4_pkey on sbtest4  (cost=0.43..377.09 rows=95 width=121)
	              Index Cond: ((id >= 5487478) AND (id <= 5487577))

table 5 : explain SELECT DISTINCT c FROM sbtest5 WHERE id BETWEEN 2357825 AND 2357924 ORDER BY c
	Unique  (cost=372.28..372.75 rows=93 width=121)
	  ->  Sort  (cost=372.28..372.52 rows=93 width=121)
	        Sort Key: c
	        ->  Index Scan using sbtest5_pkey on sbtest5  (cost=0.43..369.24 rows=93 width=121)
	              Index Cond: ((id >= 2357825) AND (id <= 2357924))

table 6 : explain SELECT DISTINCT c FROM sbtest6 WHERE id BETWEEN 7232752 AND 7232851 ORDER BY c
	Unique  (cost=374.60..375.07 rows=94 width=121)
	  ->  Sort  (cost=374.60..374.84 rows=94 width=121)
	        Sort Key: c
	        ->  Index Scan using sbtest6_pkey on sbtest6  (cost=0.43..371.52 rows=94 width=121)
	              Index Cond: ((id >= 7232752) AND (id <= 7232851))

table 7 : explain SELECT DISTINCT c FROM sbtest7 WHERE id BETWEEN 7499420 AND 7499519 ORDER BY c
	Unique  (cost=373.58..374.05 rows=93 width=121)
	  ->  Sort  (cost=373.58..373.82 rows=93 width=121)
	        Sort Key: c
	        ->  Index Scan using sbtest7_pkey on sbtest7  (cost=0.43..370.54 rows=93 width=121)
	              Index Cond: ((id >= 7499420) AND (id <= 7499519))

table 8 : explain SELECT DISTINCT c FROM sbtest8 WHERE id BETWEEN 9004789 AND 9004888 ORDER BY c
	Unique  (cost=428.14..428.68 rows=107 width=121)
	  ->  Sort  (cost=428.14..428.41 rows=107 width=121)
	        Sort Key: c
	        ->  Index Scan using sbtest8_pkey on sbtest8  (cost=0.43..424.53 rows=107 width=121)
	              Index Cond: ((id >= 9004789) AND (id <= 9004888))

for: order_ranges
table 1 : explain SELECT c FROM sbtest1 WHERE id BETWEEN 7204046 AND 7204145 ORDER BY c
	Sort  (cost=420.91..421.17 rows=105 width=121)
	  Sort Key: c
	  ->  Index Scan using sbtest1_pkey on sbtest1  (cost=0.43..417.39 rows=105 width=121)
	        Index Cond: ((id >= 7204046) AND (id <= 7204145))

table 2 : explain SELECT c FROM sbtest2 WHERE id BETWEEN 4593033 AND 4593132 ORDER BY c
	Sort  (cost=412.84..413.09 rows=103 width=121)
	  Sort Key: c
	  ->  Index Scan using sbtest2_pkey on sbtest2  (cost=0.43..409.39 rows=103 width=121)
	        Index Cond: ((id >= 4593033) AND (id <= 4593132))

table 3 : explain SELECT c FROM sbtest3 WHERE id BETWEEN 7754616 AND 7754715 ORDER BY c
	Sort  (cost=404.14..404.40 rows=101 width=121)
	  Sort Key: c
	  ->  Index Scan using sbtest3_pkey on sbtest3  (cost=0.43..400.78 rows=101 width=121)
	        Index Cond: ((id >= 7754616) AND (id <= 7754715))

table 4 : explain SELECT c FROM sbtest4 WHERE id BETWEEN 6076494 AND 6076593 ORDER BY c
	Sort  (cost=419.82..420.09 rows=105 width=121)
	  Sort Key: c
	  ->  Index Scan using sbtest4_pkey on sbtest4  (cost=0.43..416.30 rows=105 width=121)
	        Index Cond: ((id >= 6076494) AND (id <= 6076593))

table 5 : explain SELECT c FROM sbtest5 WHERE id BETWEEN 6870986 AND 6871085 ORDER BY c
	Sort  (cost=368.32..368.55 rows=92 width=121)
	  Sort Key: c
	  ->  Index Scan using sbtest5_pkey on sbtest5  (cost=0.43..365.32 rows=92 width=121)
	        Index Cond: ((id >= 6870986) AND (id <= 6871085))

table 6 : explain SELECT c FROM sbtest6 WHERE id BETWEEN 6597089 AND 6597188 ORDER BY c
	Sort  (cost=453.51..453.80 rows=114 width=121)
	  Sort Key: c
	  ->  Index Scan using sbtest6_pkey on sbtest6  (cost=0.43..449.62 rows=114 width=121)
	        Index Cond: ((id >= 6597089) AND (id <= 6597188))

table 7 : explain SELECT c FROM sbtest7 WHERE id BETWEEN 5169040 AND 5169139 ORDER BY c
	Sort  (cost=369.61..369.84 rows=92 width=121)
	  Sort Key: c
	  ->  Index Scan using sbtest7_pkey on sbtest7  (cost=0.43..366.61 rows=92 width=121)
	        Index Cond: ((id >= 5169040) AND (id <= 5169139))

table 8 : explain SELECT c FROM sbtest8 WHERE id BETWEEN 5742926 AND 5743025 ORDER BY c
	Sort  (cost=384.50..384.74 rows=96 width=121)
	  Sort Key: c
	  ->  Index Scan using sbtest8_pkey on sbtest8  (cost=0.43..381.34 rows=96 width=121)
	        Index Cond: ((id >= 5742926) AND (id <= 5743025))

for point_selects
table 1 : explain SELECT c FROM sbtest1 WHERE id=545566
	Index Scan using sbtest1_pkey on sbtest1  (cost=0.43..8.45 rows=1 width=121)
	  Index Cond: (id = 545566)

table 2 : explain SELECT c FROM sbtest2 WHERE id=2380282
	Index Scan using sbtest2_pkey on sbtest2  (cost=0.43..8.45 rows=1 width=121)
	  Index Cond: (id = 2380282)

table 3 : explain SELECT c FROM sbtest3 WHERE id=6185928
	Index Scan using sbtest3_pkey on sbtest3  (cost=0.43..8.45 rows=1 width=121)
	  Index Cond: (id = 6185928)

table 4 : explain SELECT c FROM sbtest4 WHERE id=5668940
	Index Scan using sbtest4_pkey on sbtest4  (cost=0.43..8.45 rows=1 width=121)
	  Index Cond: (id = 5668940)

table 5 : explain SELECT c FROM sbtest5 WHERE id=3186360
	Index Scan using sbtest5_pkey on sbtest5  (cost=0.43..8.45 rows=1 width=121)
	  Index Cond: (id = 3186360)

table 6 : explain SELECT c FROM sbtest6 WHERE id=3554562
	Index Scan using sbtest6_pkey on sbtest6  (cost=0.43..8.45 rows=1 width=121)
	  Index Cond: (id = 3554562)

table 7 : explain SELECT c FROM sbtest7 WHERE id=7022029
	Index Scan using sbtest7_pkey on sbtest7  (cost=0.43..8.45 rows=1 width=121)
	  Index Cond: (id = 7022029)

table 8 : explain SELECT c FROM sbtest8 WHERE id=8934671
	Index Scan using sbtest8_pkey on sbtest8  (cost=0.43..8.45 rows=1 width=121)
	  Index Cond: (id = 8934671)

explain: for point_selects :: explain SELECT c FROM sbtest%u WHERE id=%u
for: distinct_ranges
table 1 : explain SELECT DISTINCT c FROM sbtest1 WHERE id BETWEEN 2535047 AND 2535146 ORDER BY c
	Unique  (cost=416.94..417.46 rows=104 width=121)
	  ->  Sort  (cost=416.94..417.20 rows=104 width=121)
	        Sort Key: c
	        ->  Index Scan using sbtest1_pkey on sbtest1  (cost=0.43..413.46 rows=104 width=121)
	              Index Cond: ((id >= 2535047) AND (id <= 2535146))

table 2 : explain SELECT DISTINCT c FROM sbtest2 WHERE id BETWEEN 6326778 AND 6326877 ORDER BY c
	Unique  (cost=412.84..413.35 rows=103 width=121)
	  ->  Sort  (cost=412.84..413.09 rows=103 width=121)
	        Sort Key: c
	        ->  Index Scan using sbtest2_pkey on sbtest2  (cost=0.43..409.39 rows=103 width=121)
	              Index Cond: ((id >= 6326778) AND (id <= 6326877))

table 3 : explain SELECT DISTINCT c FROM sbtest3 WHERE id BETWEEN 2923387 AND 2923486 ORDER BY c
	Unique  (cost=384.30..384.78 rows=96 width=121)
	  ->  Sort  (cost=384.30..384.54 rows=96 width=121)
	        Sort Key: c
	        ->  Index Scan using sbtest3_pkey on sbtest3  (cost=0.43..381.14 rows=96 width=121)
	              Index Cond: ((id >= 2923387) AND (id <= 2923486))

table 4 : explain SELECT DISTINCT c FROM sbtest4 WHERE id BETWEEN 1380304 AND 1380403 ORDER BY c
	Unique  (cost=364.37..364.82 rows=91 width=121)
	  ->  Sort  (cost=364.37..364.60 rows=91 width=121)
	        Sort Key: c
	        ->  Index Scan using sbtest4_pkey on sbtest4  (cost=0.43..361.41 rows=91 width=121)
	              Index Cond: ((id >= 1380304) AND (id <= 1380403))

table 5 : explain SELECT DISTINCT c FROM sbtest5 WHERE id BETWEEN 3269637 AND 3269736 ORDER BY c
	Unique  (cost=419.82..420.34 rows=105 width=121)
	  ->  Sort  (cost=419.82..420.08 rows=105 width=121)
	        Sort Key: c
	        ->  Index Scan using sbtest5_pkey on sbtest5  (cost=0.43..416.29 rows=105 width=121)
	              Index Cond: ((id >= 3269637) AND (id <= 3269736))

table 6 : explain SELECT DISTINCT c FROM sbtest6 WHERE id BETWEEN 2071870 AND 2071969 ORDER BY c
	Unique  (cost=429.85..430.39 rows=108 width=121)
	  ->  Sort  (cost=429.85..430.12 rows=108 width=121)
	        Sort Key: c
	        ->  Index Scan using sbtest6_pkey on sbtest6  (cost=0.43..426.20 rows=108 width=121)
	              Index Cond: ((id >= 2071870) AND (id <= 2071969))

table 7 : explain SELECT DISTINCT c FROM sbtest7 WHERE id BETWEEN 7888316 AND 7888415 ORDER BY c
	Unique  (cost=385.51..385.99 rows=96 width=121)
	  ->  Sort  (cost=385.51..385.75 rows=96 width=121)
	        Sort Key: c
	        ->  Index Scan using sbtest7_pkey on sbtest7  (cost=0.43..382.35 rows=96 width=121)
	              Index Cond: ((id >= 7888316) AND (id <= 7888415))

table 8 : explain SELECT DISTINCT c FROM sbtest8 WHERE id BETWEEN 3781732 AND 3781831 ORDER BY c
	Unique  (cost=384.50..384.98 rows=96 width=121)
	  ->  Sort  (cost=384.50..384.74 rows=96 width=121)
	        Sort Key: c
	        ->  Index Scan using sbtest8_pkey on sbtest8  (cost=0.43..381.34 rows=96 width=121)
	              Index Cond: ((id >= 3781732) AND (id <= 3781831))

explain: for point_selects :: explain SELECT c FROM sbtest%u WHERE id=%u
for point_selects
table 1 : explain SELECT c FROM sbtest1 WHERE id=2046010
	Index Scan using sbtest1_pkey on sbtest1  (cost=0.43..8.45 rows=1 width=121)
	  Index Cond: (id = 2046010)

table 2 : explain SELECT c FROM sbtest2 WHERE id=867606
	Index Scan using sbtest2_pkey on sbtest2  (cost=0.43..8.45 rows=1 width=121)
	  Index Cond: (id = 867606)

table 3 : explain SELECT c FROM sbtest3 WHERE id=6658299
	Index Scan using sbtest3_pkey on sbtest3  (cost=0.43..8.45 rows=1 width=121)
	  Index Cond: (id = 6658299)

table 4 : explain SELECT c FROM sbtest4 WHERE id=6340914
	Index Scan using sbtest4_pkey on sbtest4  (cost=0.43..8.45 rows=1 width=121)
	  Index Cond: (id = 6340914)

table 5 : explain SELECT c FROM sbtest5 WHERE id=4205929
	Index Scan using sbtest5_pkey on sbtest5  (cost=0.43..8.45 rows=1 width=121)
	  Index Cond: (id = 4205929)

table 6 : explain SELECT c FROM sbtest6 WHERE id=1861406
	Index Scan using sbtest6_pkey on sbtest6  (cost=0.43..8.45 rows=1 width=121)
	  Index Cond: (id = 1861406)

table 7 : explain SELECT c FROM sbtest7 WHERE id=4293271
	Index Scan using sbtest7_pkey on sbtest7  (cost=0.43..8.45 rows=1 width=121)
	  Index Cond: (id = 4293271)

table 8 : explain SELECT c FROM sbtest8 WHERE id=254911
	Index Scan using sbtest8_pkey on sbtest8  (cost=0.43..8.45 rows=1 width=121)
	  Index Cond: (id = 254911)

for: order_ranges
table 1 : explain SELECT c FROM sbtest1 WHERE id BETWEEN 6431440 AND 6431539 ORDER BY c
	Sort  (cost=416.94..417.20 rows=104 width=121)
	  Sort Key: c
	  ->  Index Scan using sbtest1_pkey on sbtest1  (cost=0.43..413.46 rows=104 width=121)
	        Index Cond: ((id >= 6431440) AND (id <= 6431539))

table 2 : explain SELECT c FROM sbtest2 WHERE id BETWEEN 3620578 AND 3620677 ORDER BY c
	Sort  (cost=396.95..397.20 rows=99 width=121)
	  Sort Key: c
	  ->  Index Scan using sbtest2_pkey on sbtest2  (cost=0.43..393.67 rows=99 width=121)
	        Index Cond: ((id >= 3620578) AND (id <= 3620677))

table 3 : explain SELECT c FROM sbtest3 WHERE id BETWEEN 8557081 AND 8557180 ORDER BY c
	Sort  (cost=384.30..384.54 rows=96 width=121)
	  Sort Key: c
	  ->  Index Scan using sbtest3_pkey on sbtest3  (cost=0.43..381.14 rows=96 width=121)
	        Index Cond: ((id >= 8557081) AND (id <= 8557180))

table 4 : explain SELECT c FROM sbtest4 WHERE id BETWEEN 113206 AND 113305 ORDER BY c
	Sort  (cost=392.09..392.34 rows=98 width=121)
	  Sort Key: c
	  ->  Index Scan using sbtest4_pkey on sbtest4  (cost=0.43..388.85 rows=98 width=121)
	        Index Cond: ((id >= 113206) AND (id <= 113305))

table 5 : explain SELECT c FROM sbtest5 WHERE id BETWEEN 1711000 AND 1711099 ORDER BY c
	Sort  (cost=396.05..396.30 rows=99 width=121)
	  Sort Key: c
	  ->  Index Scan using sbtest5_pkey on sbtest5  (cost=0.43..392.77 rows=99 width=121)
	        Index Cond: ((id >= 1711000) AND (id <= 1711099))

table 6 : explain SELECT c FROM sbtest6 WHERE id BETWEEN 2337540 AND 2337639 ORDER BY c
	Sort  (cost=398.29..398.54 rows=100 width=121)
	  Sort Key: c
	  ->  Index Scan using sbtest6_pkey on sbtest6  (cost=0.43..394.97 rows=100 width=121)
	        Index Cond: ((id >= 2337540) AND (id <= 2337639))

table 7 : explain SELECT c FROM sbtest7 WHERE id BETWEEN 8326440 AND 8326539 ORDER BY c
	Sort  (cost=373.58..373.82 rows=93 width=121)
	  Sort Key: c
	  ->  Index Scan using sbtest7_pkey on sbtest7  (cost=0.43..370.54 rows=93 width=121)
	        Index Cond: ((id >= 8326440) AND (id <= 8326539))

table 8 : explain SELECT c FROM sbtest8 WHERE id BETWEEN 4901301 AND 4901400 ORDER BY c
	Sort  (cost=444.00..444.28 rows=111 width=121)
	  Sort Key: c
	  ->  Index Scan using sbtest8_pkey on sbtest8  (cost=0.43..440.23 rows=111 width=121)
	        Index Cond: ((id >= 4901301) AND (id <= 4901400))

for: order_ranges
table 1 : explain SELECT c FROM sbtest1 WHERE id BETWEEN 4726884 AND 4726983 ORDER BY c
	Sort  (cost=381.17..381.41 rows=95 width=121)
	  Sort Key: c
	  ->  Index Scan using sbtest1_pkey on sbtest1  (cost=0.43..378.05 rows=95 width=121)
	        Index Cond: ((id >= 4726884) AND (id <= 4726983))

table 2 : explain SELECT c FROM sbtest2 WHERE id BETWEEN 3496843 AND 3496942 ORDER BY c
	Sort  (cost=432.69..432.96 rows=108 width=121)
	  Sort Key: c
	  ->  Index Scan using sbtest2_pkey on sbtest2  (cost=0.43..429.04 rows=108 width=121)
	        Index Cond: ((id >= 3496843) AND (id <= 3496942))

table 3 : explain SELECT c FROM sbtest3 WHERE id BETWEEN 8132993 AND 8133092 ORDER BY c
	Sort  (cost=431.89..432.16 rows=108 width=121)
	  Sort Key: c
	  ->  Index Scan using sbtest3_pkey on sbtest3  (cost=0.43..428.24 rows=108 width=121)
	        Index Cond: ((id >= 8132993) AND (id <= 8133092))

table 4 : explain SELECT c FROM sbtest4 WHERE id BETWEEN 6514737 AND 6514836 ORDER BY c
	Sort  (cost=415.86..416.12 rows=104 width=121)
	  Sort Key: c
	  ->  Index Scan using sbtest4_pkey on sbtest4  (cost=0.43..412.38 rows=104 width=121)
	        Index Cond: ((id >= 6514737) AND (id <= 6514836))

table 5 : explain SELECT c FROM sbtest5 WHERE id BETWEEN 404091 AND 404190 ORDER BY c
	Sort  (cost=423.78..424.04 rows=106 width=121)
	  Sort Key: c
	  ->  Index Scan using sbtest5_pkey on sbtest5  (cost=0.43..420.21 rows=106 width=121)
	        Index Cond: ((id >= 404091) AND (id <= 404190))

table 6 : explain SELECT c FROM sbtest6 WHERE id BETWEEN 2144821 AND 2144920 ORDER BY c
	Sort  (cost=429.85..430.12 rows=108 width=121)
	  Sort Key: c
	  ->  Index Scan using sbtest6_pkey on sbtest6  (cost=0.43..426.20 rows=108 width=121)
	        Index Cond: ((id >= 2144821) AND (id <= 2144920))

table 7 : explain SELECT c FROM sbtest7 WHERE id BETWEEN 6701473 AND 6701572 ORDER BY c
	Sort  (cost=353.71..353.93 rows=88 width=121)
	  Sort Key: c
	  ->  Index Scan using sbtest7_pkey on sbtest7  (cost=0.43..350.87 rows=88 width=121)
	        Index Cond: ((id >= 6701473) AND (id <= 6701572))

table 8 : explain SELECT c FROM sbtest8 WHERE id BETWEEN 9299099 AND 9299198 ORDER BY c
	Sort  (cost=388.47..388.71 rows=97 width=121)
	  Sort Key: c
	  ->  Index Scan using sbtest8_pkey on sbtest8  (cost=0.43..385.26 rows=97 width=121)
	        Index Cond: ((id >= 9299099) AND (id <= 9299198))

explain: for point_selects :: explain SELECT c FROM sbtest%u WHERE id=%u
for: distinct_ranges
table 1 : explain SELECT DISTINCT c FROM sbtest1 WHERE id BETWEEN 4498236 AND 4498335 ORDER BY c
	Unique  (cost=397.06..397.55 rows=99 width=121)
	  ->  Sort  (cost=397.06..397.31 rows=99 width=121)
	        Sort Key: c
	        ->  Index Scan using sbtest1_pkey on sbtest1  (cost=0.43..393.78 rows=99 width=121)
	              Index Cond: ((id >= 4498236) AND (id <= 4498335))

table 2 : explain SELECT DISTINCT c FROM sbtest2 WHERE id BETWEEN 8663001 AND 8663100 ORDER BY c
	Unique  (cost=416.81..417.33 rows=104 width=121)
	  ->  Sort  (cost=416.81..417.07 rows=104 width=121)
	        Sort Key: c
	        ->  Index Scan using sbtest2_pkey on sbtest2  (cost=0.43..413.32 rows=104 width=121)
	              Index Cond: ((id >= 8663001) AND (id <= 8663100))

table 3 : explain SELECT DISTINCT c FROM sbtest3 WHERE id BETWEEN 6955214 AND 6955313 ORDER BY c
	Unique  (cost=380.34..380.82 rows=95 width=121)
	  ->  Sort  (cost=380.34..380.58 rows=95 width=121)
	        Sort Key: c
	        ->  Index Scan using sbtest3_pkey on sbtest3  (cost=0.43..377.22 rows=95 width=121)
	              Index Cond: ((id >= 6955214) AND (id <= 6955313))

table 4 : explain SELECT DISTINCT c FROM sbtest4 WHERE id BETWEEN 3816129 AND 3816228 ORDER BY c
	Unique  (cost=368.33..368.79 rows=92 width=121)
	  ->  Sort  (cost=368.33..368.56 rows=92 width=121)
	        Sort Key: c
	        ->  Index Scan using sbtest4_pkey on sbtest4  (cost=0.43..365.33 rows=92 width=121)
	              Index Cond: ((id >= 3816129) AND (id <= 3816228))

table 5 : explain SELECT DISTINCT c FROM sbtest5 WHERE id BETWEEN 4234804 AND 4234903 ORDER BY c
	Unique  (cost=411.89..412.41 rows=103 width=121)
	  ->  Sort  (cost=411.89..412.15 rows=103 width=121)
	        Sort Key: c
	        ->  Index Scan using sbtest5_pkey on sbtest5  (cost=0.43..408.45 rows=103 width=121)
	              Index Cond: ((id >= 4234804) AND (id <= 4234903))

table 6 : explain SELECT DISTINCT c FROM sbtest6 WHERE id BETWEEN 5701568 AND 5701667 ORDER BY c
	Unique  (cost=398.29..398.79 rows=100 width=121)
	  ->  Sort  (cost=398.29..398.54 rows=100 width=121)
	        Sort Key: c
	        ->  Index Scan using sbtest6_pkey on sbtest6  (cost=0.43..394.97 rows=100 width=121)
	              Index Cond: ((id >= 5701568) AND (id <= 5701667))

table 7 : explain SELECT DISTINCT c FROM sbtest7 WHERE id BETWEEN 5342953 AND 5343052 ORDER BY c
	Unique  (cost=389.49..389.97 rows=97 width=121)
	  ->  Sort  (cost=389.49..389.73 rows=97 width=121)
	        Sort Key: c
	        ->  Index Scan using sbtest7_pkey on sbtest7  (cost=0.43..386.28 rows=97 width=121)
	              Index Cond: ((id >= 5342953) AND (id <= 5343052))

table 8 : explain SELECT DISTINCT c FROM sbtest8 WHERE id BETWEEN 4764002 AND 4764101 ORDER BY c
	Unique  (cost=376.57..377.04 rows=94 width=121)
	  ->  Sort  (cost=376.57..376.81 rows=94 width=121)
	        Sort Key: c
	        ->  Index Scan using sbtest8_pkey on sbtest8  (cost=0.43..373.49 rows=94 width=121)
	              Index Cond: ((id >= 4764002) AND (id <= 4764101))

for: simple_ranges
table 1 : explain SELECT c FROM sbtest1 WHERE id BETWEEN 6577993 AND 6578092
	Index Scan using sbtest1_pkey on sbtest1  (cost=0.43..350.53 rows=88 width=121)
	  Index Cond: ((id >= 6577993) AND (id <= 6578092))

table 2 : explain SELECT c FROM sbtest2 WHERE id BETWEEN 6802062 AND 6802161
	Index Scan using sbtest2_pkey on sbtest2  (cost=0.43..370.07 rows=93 width=121)
	  Index Cond: ((id >= 6802062) AND (id <= 6802161))

table 3 : explain SELECT c FROM sbtest3 WHERE id BETWEEN 7038890 AND 7038989
	Index Scan using sbtest3_pkey on sbtest3  (cost=0.43..377.22 rows=95 width=121)
	  Index Cond: ((id >= 7038890) AND (id <= 7038989))

table 4 : explain SELECT c FROM sbtest4 WHERE id BETWEEN 8352919 AND 8353018
	Index Scan using sbtest4_pkey on sbtest4  (cost=0.43..361.41 rows=91 width=121)
	  Index Cond: ((id >= 8352919) AND (id <= 8353018))

table 5 : explain SELECT c FROM sbtest5 WHERE id BETWEEN 7795839 AND 7795938
	Index Scan using sbtest5_pkey on sbtest5  (cost=0.43..408.45 rows=103 width=121)
	  Index Cond: ((id >= 7795839) AND (id <= 7795938))

table 6 : explain SELECT c FROM sbtest6 WHERE id BETWEEN 8189353 AND 8189452
	Index Scan using sbtest6_pkey on sbtest6  (cost=0.43..410.59 rows=104 width=121)
	  Index Cond: ((id >= 8189353) AND (id <= 8189452))

table 7 : explain SELECT c FROM sbtest7 WHERE id BETWEEN 8284719 AND 8284818
	Index Scan using sbtest7_pkey on sbtest7  (cost=0.43..370.54 rows=93 width=121)
	  Index Cond: ((id >= 8284719) AND (id <= 8284818))

table 8 : explain SELECT c FROM sbtest8 WHERE id BETWEEN 5802060 AND 5802159
	Index Scan using sbtest8_pkey on sbtest8  (cost=0.43..381.34 rows=96 width=121)
	  Index Cond: ((id >= 5802060) AND (id <= 5802159))

for: distinct_ranges
table 1 : explain SELECT DISTINCT c FROM sbtest1 WHERE id BETWEEN 5730699 AND 5730798 ORDER BY c
	Unique  (cost=373.23..373.69 rows=93 width=121)
	  ->  Sort  (cost=373.23..373.46 rows=93 width=121)
	        Sort Key: c
	        ->  Index Scan using sbtest1_pkey on sbtest1  (cost=0.43..370.19 rows=93 width=121)
	              Index Cond: ((id >= 5730699) AND (id <= 5730798))

table 2 : explain SELECT DISTINCT c FROM sbtest2 WHERE id BETWEEN 4030067 AND 4030166 ORDER BY c
	Unique  (cost=436.66..437.21 rows=109 width=121)
	  ->  Sort  (cost=436.66..436.94 rows=109 width=121)
	        Sort Key: c
	        ->  Index Scan using sbtest2_pkey on sbtest2  (cost=0.43..432.97 rows=109 width=121)
	              Index Cond: ((id >= 4030067) AND (id <= 4030166))

table 3 : explain SELECT DISTINCT c FROM sbtest3 WHERE id BETWEEN 7994654 AND 7994753 ORDER BY c
	Unique  (cost=396.22..396.71 rows=99 width=121)
	  ->  Sort  (cost=396.22..396.46 rows=99 width=121)
	        Sort Key: c
	        ->  Index Scan using sbtest3_pkey on sbtest3  (cost=0.43..392.94 rows=99 width=121)
	              Index Cond: ((id >= 7994654) AND (id <= 7994753))

table 4 : explain SELECT DISTINCT c FROM sbtest4 WHERE id BETWEEN 5879176 AND 5879275 ORDER BY c
	Unique  (cost=400.02..400.52 rows=100 width=121)
	  ->  Sort  (cost=400.02..400.27 rows=100 width=121)
	        Sort Key: c
	        ->  Index Scan using sbtest4_pkey on sbtest4  (cost=0.43..396.69 rows=100 width=121)
	              Index Cond: ((id >= 5879176) AND (id <= 5879275))

table 5 : explain SELECT DISTINCT c FROM sbtest5 WHERE id BETWEEN 4189619 AND 4189718 ORDER BY c
	Unique  (cost=376.24..376.71 rows=94 width=121)
	  ->  Sort  (cost=376.24..376.48 rows=94 width=121)
	        Sort Key: c
	        ->  Index Scan using sbtest5_pkey on sbtest5  (cost=0.43..373.16 rows=94 width=121)
	              Index Cond: ((id >= 4189619) AND (id <= 4189718))

table 6 : explain SELECT DISTINCT c FROM sbtest6 WHERE id BETWEEN 6924799 AND 6924898 ORDER BY c
	Unique  (cost=410.13..410.64 rows=103 width=121)
	  ->  Sort  (cost=410.13..410.38 rows=103 width=121)
	        Sort Key: c
	        ->  Index Scan using sbtest6_pkey on sbtest6  (cost=0.43..406.68 rows=103 width=121)
	              Index Cond: ((id >= 6924799) AND (id <= 6924898))

table 7 : explain SELECT DISTINCT c FROM sbtest7 WHERE id BETWEEN 3794754 AND 3794853 ORDER BY c
	Unique  (cost=353.71..354.15 rows=88 width=121)
	  ->  Sort  (cost=353.71..353.93 rows=88 width=121)
	        Sort Key: c
	        ->  Index Scan using sbtest7_pkey on sbtest7  (cost=0.43..350.87 rows=88 width=121)
	              Index Cond: ((id >= 3794754) AND (id <= 3794853))

table 8 : explain SELECT DISTINCT c FROM sbtest8 WHERE id BETWEEN 8398901 AND 8399000 ORDER BY c
	Unique  (cost=404.35..404.85 rows=101 width=121)
	  ->  Sort  (cost=404.35..404.60 rows=101 width=121)
	        Sort Key: c
	        ->  Index Scan using sbtest8_pkey on sbtest8  (cost=0.43..400.99 rows=101 width=121)
	              Index Cond: ((id >= 8398901) AND (id <= 8399000))

for: simple_ranges
table 1 : explain SELECT c FROM sbtest1 WHERE id BETWEEN 1432729 AND 1432828
	Index Scan using sbtest1_pkey on sbtest1  (cost=0.43..405.59 rows=102 width=121)
	  Index Cond: ((id >= 1432729) AND (id <= 1432828))

table 2 : explain SELECT c FROM sbtest2 WHERE id BETWEEN 9131571 AND 9131670
	Index Scan using sbtest2_pkey on sbtest2  (cost=0.43..440.83 rows=111 width=121)
	  Index Cond: ((id >= 9131571) AND (id <= 9131670))

table 3 : explain SELECT c FROM sbtest3 WHERE id BETWEEN 1314990 AND 1315089
	Index Scan using sbtest3_pkey on sbtest3  (cost=0.43..424.32 rows=107 width=121)
	  Index Cond: ((id >= 1314990) AND (id <= 1315089))

table 4 : explain SELECT c FROM sbtest4 WHERE id BETWEEN 7385858 AND 7385957
	Index Scan using sbtest4_pkey on sbtest4  (cost=0.43..392.77 rows=99 width=121)
	  Index Cond: ((id >= 7385858) AND (id <= 7385957))

table 5 : explain SELECT c FROM sbtest5 WHERE id BETWEEN 93869 AND 93968
	Index Scan using sbtest5_pkey on sbtest5  (cost=0.43..373.16 rows=94 width=121)
	  Index Cond: ((id >= 93869) AND (id <= 93968))

table 6 : explain SELECT c FROM sbtest6 WHERE id BETWEEN 2726308 AND 2726407
	Index Scan using sbtest6_pkey on sbtest6  (cost=0.43..418.39 rows=106 width=121)
	  Index Cond: ((id >= 2726308) AND (id <= 2726407))

table 7 : explain SELECT c FROM sbtest7 WHERE id BETWEEN 7333164 AND 7333263
	Index Scan using sbtest7_pkey on sbtest7  (cost=0.43..390.22 rows=98 width=121)
	  Index Cond: ((id >= 7333164) AND (id <= 7333263))

table 8 : explain SELECT c FROM sbtest8 WHERE id BETWEEN 5389407 AND 5389506
	Index Scan using sbtest8_pkey on sbtest8  (cost=0.43..424.53 rows=107 width=121)
	  Index Cond: ((id >= 5389407) AND (id <= 5389506))

for: distinct_ranges
table 1 : explain SELECT DISTINCT c FROM sbtest1 WHERE id BETWEEN 8796691 AND 8796790 ORDER BY c
	Unique  (cost=393.09..393.58 rows=98 width=121)
	  ->  Sort  (cost=393.09..393.33 rows=98 width=121)
	        Sort Key: c
	        ->  Index Scan using sbtest1_pkey on sbtest1  (cost=0.43..389.85 rows=98 width=121)
	              Index Cond: ((id >= 8796691) AND (id <= 8796790))

table 2 : explain SELECT DISTINCT c FROM sbtest2 WHERE id BETWEEN 1218607 AND 1218706 ORDER BY c
	Unique  (cost=424.75..425.28 rows=106 width=121)
	  ->  Sort  (cost=424.75..425.01 rows=106 width=121)
	        Sort Key: c
	        ->  Index Scan using sbtest2_pkey on sbtest2  (cost=0.43..421.18 rows=106 width=121)
	              Index Cond: ((id >= 1218607) AND (id <= 1218706))

table 3 : explain SELECT DISTINCT c FROM sbtest3 WHERE id BETWEEN 9212036 AND 9212135 ORDER BY c
	Unique  (cost=368.45..368.91 rows=92 width=121)
	  ->  Sort  (cost=368.45..368.68 rows=92 width=121)
	        Sort Key: c
	        ->  Index Scan using sbtest3_pkey on sbtest3  (cost=0.43..365.45 rows=92 width=121)
	              Index Cond: ((id >= 9212036) AND (id <= 9212135))

table 4 : explain SELECT DISTINCT c FROM sbtest4 WHERE id BETWEEN 4117642 AND 4117741 ORDER BY c
	Unique  (cost=372.29..372.75 rows=93 width=121)
	  ->  Sort  (cost=372.29..372.52 rows=93 width=121)
	        Sort Key: c
	        ->  Index Scan using sbtest4_pkey on sbtest4  (cost=0.43..369.25 rows=93 width=121)
	              Index Cond: ((id >= 4117642) AND (id <= 4117741))

table 5 : explain SELECT DISTINCT c FROM sbtest5 WHERE id BETWEEN 5482070 AND 5482169 ORDER BY c
	Unique  (cost=407.93..408.44 rows=102 width=121)
	  ->  Sort  (cost=407.93..408.19 rows=102 width=121)
	        Sort Key: c
	        ->  Index Scan using sbtest5_pkey on sbtest5  (cost=0.43..404.53 rows=102 width=121)
	              Index Cond: ((id >= 5482070) AND (id <= 5482169))

table 6 : explain SELECT DISTINCT c FROM sbtest6 WHERE id BETWEEN 779868 AND 779967 ORDER BY c
	Unique  (cost=374.60..375.07 rows=94 width=121)
	  ->  Sort  (cost=374.60..374.84 rows=94 width=121)
	        Sort Key: c
	        ->  Index Scan using sbtest6_pkey on sbtest6  (cost=0.43..371.52 rows=94 width=121)
	              Index Cond: ((id >= 779868) AND (id <= 779967))

table 7 : explain SELECT DISTINCT c FROM sbtest7 WHERE id BETWEEN 5765290 AND 5765389 ORDER BY c
	Unique  (cost=413.36..413.88 rows=103 width=121)
	  ->  Sort  (cost=413.36..413.62 rows=103 width=121)
	        Sort Key: c
	        ->  Index Scan using sbtest7_pkey on sbtest7  (cost=0.43..409.92 rows=103 width=121)
	              Index Cond: ((id >= 5765290) AND (id <= 5765389))

table 8 : explain SELECT DISTINCT c FROM sbtest8 WHERE id BETWEEN 9606499 AND 9606598 ORDER BY c
	Unique  (cost=404.35..404.85 rows=101 width=121)
	  ->  Sort  (cost=404.35..404.60 rows=101 width=121)
	        Sort Key: c
	        ->  Index Scan using sbtest8_pkey on sbtest8  (cost=0.43..400.99 rows=101 width=121)
	              Index Cond: ((id >= 9606499) AND (id <= 9606598))

for: sum_ranges
table 1 : explain SELECT SUM(k) FROM sbtest1 WHERE id BETWEEN 3489282 AND 3489381
	Aggregate  (cost=382.22..382.23 rows=1 width=8)
	  ->  Index Scan using sbtest1_pkey on sbtest1  (cost=0.43..381.98 rows=96 width=4)
	        Index Cond: ((id >= 3489282) AND (id <= 3489381))

table 2 : explain SELECT SUM(k) FROM sbtest2 WHERE id BETWEEN 9515130 AND 9515229
	Aggregate  (cost=358.50..358.51 rows=1 width=8)
	  ->  Index Scan using sbtest2_pkey on sbtest2  (cost=0.43..358.28 rows=90 width=4)
	        Index Cond: ((id >= 9515130) AND (id <= 9515229))

table 3 : explain SELECT SUM(k) FROM sbtest3 WHERE id BETWEEN 7720281 AND 7720380
	Aggregate  (cost=416.73..416.74 rows=1 width=8)
	  ->  Index Scan using sbtest3_pkey on sbtest3  (cost=0.43..416.47 rows=105 width=4)
	        Index Cond: ((id >= 7720281) AND (id <= 7720380))

table 4 : explain SELECT SUM(k) FROM sbtest4 WHERE id BETWEEN 2633891 AND 2633990
	Aggregate  (cost=432.26..432.27 rows=1 width=8)
	  ->  Index Scan using sbtest4_pkey on sbtest4  (cost=0.43..431.98 rows=109 width=4)
	        Index Cond: ((id >= 2633891) AND (id <= 2633990))

table 5 : explain SELECT SUM(k) FROM sbtest5 WHERE id BETWEEN 2380057 AND 2380156
	Aggregate  (cost=369.48..369.49 rows=1 width=8)
	  ->  Index Scan using sbtest5_pkey on sbtest5  (cost=0.43..369.24 rows=93 width=4)
	        Index Cond: ((id >= 2380057) AND (id <= 2380156))

table 6 : explain SELECT SUM(k) FROM sbtest6 WHERE id BETWEEN 5718789 AND 5718888
	Aggregate  (cost=395.22..395.23 rows=1 width=8)
	  ->  Index Scan using sbtest6_pkey on sbtest6  (cost=0.43..394.97 rows=100 width=4)
	        Index Cond: ((id >= 5718789) AND (id <= 5718888))

table 7 : explain SELECT SUM(k) FROM sbtest7 WHERE id BETWEEN 6450362 AND 6450461
	Aggregate  (cost=378.65..378.66 rows=1 width=8)
	  ->  Index Scan using sbtest7_pkey on sbtest7  (cost=0.43..378.41 rows=95 width=4)
	        Index Cond: ((id >= 6450362) AND (id <= 6450461))

table 8 : explain SELECT SUM(k) FROM sbtest8 WHERE id BETWEEN 8572314 AND 8572413
	Aggregate  (cost=385.51..385.52 rows=1 width=8)
	  ->  Index Scan using sbtest8_pkey on sbtest8  (cost=0.43..385.26 rows=97 width=4)
	        Index Cond: ((id >= 8572314) AND (id <= 8572413))

explain: for point_selects :: explain SELECT c FROM sbtest%u WHERE id=%u
for: sum_ranges
table 1 : explain SELECT SUM(k) FROM sbtest1 WHERE id BETWEEN 3243485 AND 3243584
	Aggregate  (cost=378.29..378.30 rows=1 width=8)
	  ->  Index Scan using sbtest1_pkey on sbtest1  (cost=0.43..378.05 rows=95 width=4)
	        Index Cond: ((id >= 3243485) AND (id <= 3243584))

table 2 : explain SELECT SUM(k) FROM sbtest2 WHERE id BETWEEN 5675880 AND 5675979
	Aggregate  (cost=417.52..417.53 rows=1 width=8)
	  ->  Index Scan using sbtest2_pkey on sbtest2  (cost=0.43..417.25 rows=105 width=4)
	        Index Cond: ((id >= 5675880) AND (id <= 5675979))

table 3 : explain SELECT SUM(k) FROM sbtest3 WHERE id BETWEEN 1277968 AND 1278067
	Aggregate  (cost=389.26..389.27 rows=1 width=8)
	  ->  Index Scan using sbtest3_pkey on sbtest3  (cost=0.43..389.01 rows=98 width=4)
	        Index Cond: ((id >= 1277968) AND (id <= 1278067))

table 4 : explain SELECT SUM(k) FROM sbtest4 WHERE id BETWEEN 5735889 AND 5735988
	Aggregate  (cost=444.03..444.04 rows=1 width=8)
	  ->  Index Scan using sbtest4_pkey on sbtest4  (cost=0.43..443.75 rows=112 width=4)
	        Index Cond: ((id >= 5735889) AND (id <= 5735988))

table 5 : explain SELECT SUM(k) FROM sbtest5 WHERE id BETWEEN 5694750 AND 5694849
	Aggregate  (cost=412.63..412.64 rows=1 width=8)
	  ->  Index Scan using sbtest5_pkey on sbtest5  (cost=0.43..412.37 rows=104 width=4)
	        Index Cond: ((id >= 5694750) AND (id <= 5694849))

table 6 : explain SELECT SUM(k) FROM sbtest6 WHERE id BETWEEN 453344 AND 453443
	Aggregate  (cost=414.75..414.76 rows=1 width=8)
	  ->  Index Scan using sbtest6_pkey on sbtest6  (cost=0.43..414.49 rows=105 width=4)
	        Index Cond: ((id >= 453344) AND (id <= 453443))

table 7 : explain SELECT SUM(k) FROM sbtest7 WHERE id BETWEEN 8286619 AND 8286718
	Aggregate  (cost=370.78..370.79 rows=1 width=8)
	  ->  Index Scan using sbtest7_pkey on sbtest7  (cost=0.43..370.54 rows=93 width=4)
	        Index Cond: ((id >= 8286619) AND (id <= 8286718))

table 8 : explain SELECT SUM(k) FROM sbtest8 WHERE id BETWEEN 6345590 AND 6345689
	Aggregate  (cost=373.73..373.74 rows=1 width=8)
	  ->  Index Scan using sbtest8_pkey on sbtest8  (cost=0.43..373.49 rows=94 width=4)
	        Index Cond: ((id >= 6345590) AND (id <= 6345689))

for: sum_ranges
table 1 : explain SELECT SUM(k) FROM sbtest1 WHERE id BETWEEN 6525510 AND 6525609
	Aggregate  (cost=441.25..441.26 rows=1 width=8)
	  ->  Index Scan using sbtest1_pkey on sbtest1  (cost=0.43..440.98 rows=111 width=4)
	        Index Cond: ((id >= 6525510) AND (id <= 6525609))

table 2 : explain SELECT SUM(k) FROM sbtest2 WHERE id BETWEEN 54481 AND 54580
	Aggregate  (cost=358.50..358.51 rows=1 width=8)
	  ->  Index Scan using sbtest2_pkey on sbtest2  (cost=0.43..358.28 rows=90 width=4)
	        Index Cond: ((id >= 54481) AND (id <= 54580))

table 3 : explain SELECT SUM(k) FROM sbtest3 WHERE id BETWEEN 2558922 AND 2559021
	Aggregate  (cost=393.18..393.19 rows=1 width=8)
	  ->  Index Scan using sbtest3_pkey on sbtest3  (cost=0.43..392.94 rows=99 width=4)
	        Index Cond: ((id >= 2558922) AND (id <= 2559021))

table 4 : explain SELECT SUM(k) FROM sbtest4 WHERE id BETWEEN 2333175 AND 2333274
	Aggregate  (cost=389.10..389.11 rows=1 width=8)
	  ->  Index Scan using sbtest4_pkey on sbtest4  (cost=0.43..388.85 rows=98 width=4)
	        Index Cond: ((id >= 2333175) AND (id <= 2333274))

table 5 : explain SELECT SUM(k) FROM sbtest5 WHERE id BETWEEN 2496516 AND 2496615
	Aggregate  (cost=396.94..396.95 rows=1 width=8)
	  ->  Index Scan using sbtest5_pkey on sbtest5  (cost=0.43..396.69 rows=100 width=4)
	        Index Cond: ((id >= 2496516) AND (id <= 2496615))

table 6 : explain SELECT SUM(k) FROM sbtest6 WHERE id BETWEEN 6420652 AND 6420751
	Aggregate  (cost=375.66..375.67 rows=1 width=8)
	  ->  Index Scan using sbtest6_pkey on sbtest6  (cost=0.43..375.43 rows=95 width=4)
	        Index Cond: ((id >= 6420652) AND (id <= 6420751))

table 7 : explain SELECT SUM(k) FROM sbtest7 WHERE id BETWEEN 116268 AND 116367
	Aggregate  (cost=374.71..374.72 rows=1 width=8)
	  ->  Index Scan using sbtest7_pkey on sbtest7  (cost=0.43..374.48 rows=94 width=4)
	        Index Cond: ((id >= 116268) AND (id <= 116367))

table 8 : explain SELECT SUM(k) FROM sbtest8 WHERE id BETWEEN 1398365 AND 1398464
	Aggregate  (cost=377.65..377.66 rows=1 width=8)
	  ->  Index Scan using sbtest8_pkey on sbtest8  (cost=0.43..377.42 rows=95 width=4)
	        Index Cond: ((id >= 1398365) AND (id <= 1398464))

for: order_ranges
table 1 : explain SELECT c FROM sbtest1 WHERE id BETWEEN 656538 AND 656637 ORDER BY c
	Sort  (cost=412.97..413.23 rows=103 width=121)
	  Sort Key: c
	  ->  Index Scan using sbtest1_pkey on sbtest1  (cost=0.43..409.52 rows=103 width=121)
	        Index Cond: ((id >= 656538) AND (id <= 656637))

table 2 : explain SELECT c FROM sbtest2 WHERE id BETWEEN 7718571 AND 7718670 ORDER BY c
	Sort  (cost=385.02..385.26 rows=96 width=121)
	  Sort Key: c
	  ->  Index Scan using sbtest2_pkey on sbtest2  (cost=0.43..381.86 rows=96 width=121)
	        Index Cond: ((id >= 7718571) AND (id <= 7718670))

table 3 : explain SELECT c FROM sbtest3 WHERE id BETWEEN 975445 AND 975544 ORDER BY c
	Sort  (cost=431.89..432.16 rows=108 width=121)
	  Sort Key: c
	  ->  Index Scan using sbtest3_pkey on sbtest3  (cost=0.43..428.24 rows=108 width=121)
	        Index Cond: ((id >= 975445) AND (id <= 975544))

table 4 : explain SELECT c FROM sbtest4 WHERE id BETWEEN 1869060 AND 1869159 ORDER BY c
	Sort  (cost=400.02..400.27 rows=100 width=121)
	  Sort Key: c
	  ->  Index Scan using sbtest4_pkey on sbtest4  (cost=0.43..396.69 rows=100 width=121)
	        Index Cond: ((id >= 1869060) AND (id <= 1869159))

table 5 : explain SELECT c FROM sbtest5 WHERE id BETWEEN 6045370 AND 6045469 ORDER BY c
	Sort  (cost=376.24..376.48 rows=94 width=121)
	  Sort Key: c
	  ->  Index Scan using sbtest5_pkey on sbtest5  (cost=0.43..373.16 rows=94 width=121)
	        Index Cond: ((id >= 6045370) AND (id <= 6045469))

table 6 : explain SELECT c FROM sbtest6 WHERE id BETWEEN 2008615 AND 2008714 ORDER BY c
	Sort  (cost=429.85..430.12 rows=108 width=121)
	  Sort Key: c
	  ->  Index Scan using sbtest6_pkey on sbtest6  (cost=0.43..426.20 rows=108 width=121)
	        Index Cond: ((id >= 2008615) AND (id <= 2008714))

table 7 : explain SELECT c FROM sbtest7 WHERE id BETWEEN 3580090 AND 3580189 ORDER BY c
	Sort  (cost=381.53..381.77 rows=95 width=121)
	  Sort Key: c
	  ->  Index Scan using sbtest7_pkey on sbtest7  (cost=0.43..378.41 rows=95 width=121)
	        Index Cond: ((id >= 3580090) AND (id <= 3580189))

table 8 : explain SELECT c FROM sbtest8 WHERE id BETWEEN 1977056 AND 1977155 ORDER BY c
	Sort  (cost=408.31..408.57 rows=102 width=121)
	  Sort Key: c
	  ->  Index Scan using sbtest8_pkey on sbtest8  (cost=0.43..404.91 rows=102 width=121)
	        Index Cond: ((id >= 1977056) AND (id <= 1977155))

explain: for point_selects :: explain SELECT c FROM sbtest%u WHERE id=%u
for: distinct_ranges
table 1 : explain SELECT DISTINCT c FROM sbtest1 WHERE id BETWEEN 5753361 AND 5753460 ORDER BY c
	Unique  (cost=369.26..369.72 rows=92 width=121)
	  ->  Sort  (cost=369.26..369.49 rows=92 width=121)
	        Sort Key: c
	        ->  Index Scan using sbtest1_pkey on sbtest1  (cost=0.43..366.26 rows=92 width=121)
	              Index Cond: ((id >= 5753361) AND (id <= 5753460))

table 2 : explain SELECT DISTINCT c FROM sbtest2 WHERE id BETWEEN 7886190 AND 7886289 ORDER BY c
	Unique  (cost=400.93..401.43 rows=100 width=121)
	  ->  Sort  (cost=400.93..401.18 rows=100 width=121)
	        Sort Key: c
	        ->  Index Scan using sbtest2_pkey on sbtest2  (cost=0.43..397.60 rows=100 width=121)
	              Index Cond: ((id >= 7886190) AND (id <= 7886289))

table 3 : explain SELECT DISTINCT c FROM sbtest3 WHERE id BETWEEN 5252986 AND 5253085 ORDER BY c
	Unique  (cost=380.34..380.82 rows=95 width=121)
	  ->  Sort  (cost=380.34..380.58 rows=95 width=121)
	        Sort Key: c
	        ->  Index Scan using sbtest3_pkey on sbtest3  (cost=0.43..377.22 rows=95 width=121)
	              Index Cond: ((id >= 5252986) AND (id <= 5253085))

table 4 : explain SELECT DISTINCT c FROM sbtest4 WHERE id BETWEEN 1572450 AND 1572549 ORDER BY c
	Unique  (cost=403.98..404.48 rows=101 width=121)
	  ->  Sort  (cost=403.98..404.23 rows=101 width=121)
	        Sort Key: c
	        ->  Index Scan using sbtest4_pkey on sbtest4  (cost=0.43..400.62 rows=101 width=121)
	              Index Cond: ((id >= 1572450) AND (id <= 1572549))

table 5 : explain SELECT DISTINCT c FROM sbtest5 WHERE id BETWEEN 8361875 AND 8361974 ORDER BY c
	Unique  (cost=396.05..396.54 rows=99 width=121)
	  ->  Sort  (cost=396.05..396.30 rows=99 width=121)
	        Sort Key: c
	        ->  Index Scan using sbtest5_pkey on sbtest5  (cost=0.43..392.77 rows=99 width=121)
	              Index Cond: ((id >= 8361875) AND (id <= 8361974))

table 6 : explain SELECT DISTINCT c FROM sbtest6 WHERE id BETWEEN 1865075 AND 1865174 ORDER BY c
	Unique  (cost=418.01..418.54 rows=105 width=121)
	  ->  Sort  (cost=418.01..418.28 rows=105 width=121)
	        Sort Key: c
	        ->  Index Scan using sbtest6_pkey on sbtest6  (cost=0.43..414.49 rows=105 width=121)
	              Index Cond: ((id >= 1865075) AND (id <= 1865174))

table 7 : explain SELECT DISTINCT c FROM sbtest7 WHERE id BETWEEN 710726 AND 710825 ORDER BY c
	Unique  (cost=381.53..382.01 rows=95 width=121)
	  ->  Sort  (cost=381.53..381.77 rows=95 width=121)
	        Sort Key: c
	        ->  Index Scan using sbtest7_pkey on sbtest7  (cost=0.43..378.41 rows=95 width=121)
	              Index Cond: ((id >= 710726) AND (id <= 710825))

table 8 : explain SELECT DISTINCT c FROM sbtest8 WHERE id BETWEEN 356104 AND 356203 ORDER BY c
	Unique  (cost=392.45..392.94 rows=98 width=121)
	  ->  Sort  (cost=392.45..392.70 rows=98 width=121)
	        Sort Key: c
	        ->  Index Scan using sbtest8_pkey on sbtest8  (cost=0.43..389.21 rows=98 width=121)
	              Index Cond: ((id >= 356104) AND (id <= 356203))

explain: for point_selects :: explain SELECT c FROM sbtest%u WHERE id=%u
for point_selects
table 1 : explain SELECT c FROM sbtest1 WHERE id=4295324
	Index Scan using sbtest1_pkey on sbtest1  (cost=0.43..8.45 rows=1 width=121)
	  Index Cond: (id = 4295324)

table 2 : explain SELECT c FROM sbtest2 WHERE id=9930162
	Index Scan using sbtest2_pkey on sbtest2  (cost=0.43..8.45 rows=1 width=121)
	  Index Cond: (id = 9930162)

table 3 : explain SELECT c FROM sbtest3 WHERE id=9107513
	Index Scan using sbtest3_pkey on sbtest3  (cost=0.43..8.45 rows=1 width=121)
	  Index Cond: (id = 9107513)

table 4 : explain SELECT c FROM sbtest4 WHERE id=4222527
	Index Scan using sbtest4_pkey on sbtest4  (cost=0.43..8.45 rows=1 width=121)
	  Index Cond: (id = 4222527)

table 5 : explain SELECT c FROM sbtest5 WHERE id=667378
	Index Scan using sbtest5_pkey on sbtest5  (cost=0.43..8.45 rows=1 width=121)
	  Index Cond: (id = 667378)

table 6 : explain SELECT c FROM sbtest6 WHERE id=655137
	Index Scan using sbtest6_pkey on sbtest6  (cost=0.43..8.45 rows=1 width=121)
	  Index Cond: (id = 655137)

table 7 : explain SELECT c FROM sbtest7 WHERE id=7767761
	Index Scan using sbtest7_pkey on sbtest7  (cost=0.43..8.45 rows=1 width=121)
	  Index Cond: (id = 7767761)

table 8 : explain SELECT c FROM sbtest8 WHERE id=5094492
	Index Scan using sbtest8_pkey on sbtest8  (cost=0.43..8.45 rows=1 width=121)
	  Index Cond: (id = 5094492)

for point_selects
table 1 : explain SELECT c FROM sbtest1 WHERE id=4602604
	Index Scan using sbtest1_pkey on sbtest1  (cost=0.43..8.45 rows=1 width=121)
	  Index Cond: (id = 4602604)

table 2 : explain SELECT c FROM sbtest2 WHERE id=4944829
	Index Scan using sbtest2_pkey on sbtest2  (cost=0.43..8.45 rows=1 width=121)
	  Index Cond: (id = 4944829)

table 3 : explain SELECT c FROM sbtest3 WHERE id=8645541
	Index Scan using sbtest3_pkey on sbtest3  (cost=0.43..8.45 rows=1 width=121)
	  Index Cond: (id = 8645541)

table 4 : explain SELECT c FROM sbtest4 WHERE id=2831972
	Index Scan using sbtest4_pkey on sbtest4  (cost=0.43..8.45 rows=1 width=121)
	  Index Cond: (id = 2831972)

table 5 : explain SELECT c FROM sbtest5 WHERE id=1259584
	Index Scan using sbtest5_pkey on sbtest5  (cost=0.43..8.45 rows=1 width=121)
	  Index Cond: (id = 1259584)

table 6 : explain SELECT c FROM sbtest6 WHERE id=1839194
	Index Scan using sbtest6_pkey on sbtest6  (cost=0.43..8.45 rows=1 width=121)
	  Index Cond: (id = 1839194)

table 7 : explain SELECT c FROM sbtest7 WHERE id=5410877
	Index Scan using sbtest7_pkey on sbtest7  (cost=0.43..8.45 rows=1 width=121)
	  Index Cond: (id = 5410877)

table 8 : explain SELECT c FROM sbtest8 WHERE id=1721779
	Index Scan using sbtest8_pkey on sbtest8  (cost=0.43..8.45 rows=1 width=121)
	  Index Cond: (id = 1721779)

for point_selects
table 1 : explain SELECT c FROM sbtest1 WHERE id=2671750
	Index Scan using sbtest1_pkey on sbtest1  (cost=0.43..8.45 rows=1 width=121)
	  Index Cond: (id = 2671750)

table 2 : explain SELECT c FROM sbtest2 WHERE id=5159068
	Index Scan using sbtest2_pkey on sbtest2  (cost=0.43..8.45 rows=1 width=121)
	  Index Cond: (id = 5159068)

table 3 : explain SELECT c FROM sbtest3 WHERE id=7107413
	Index Scan using sbtest3_pkey on sbtest3  (cost=0.43..8.45 rows=1 width=121)
	  Index Cond: (id = 7107413)

table 4 : explain SELECT c FROM sbtest4 WHERE id=3629821
	Index Scan using sbtest4_pkey on sbtest4  (cost=0.43..8.45 rows=1 width=121)
	  Index Cond: (id = 3629821)

table 5 : explain SELECT c FROM sbtest5 WHERE id=7580168
	Index Scan using sbtest5_pkey on sbtest5  (cost=0.43..8.45 rows=1 width=121)
	  Index Cond: (id = 7580168)

table 6 : explain SELECT c FROM sbtest6 WHERE id=5110998
	Index Scan using sbtest6_pkey on sbtest6  (cost=0.43..8.45 rows=1 width=121)
	  Index Cond: (id = 5110998)

table 7 : explain SELECT c FROM sbtest7 WHERE id=541518
	Index Scan using sbtest7_pkey on sbtest7  (cost=0.43..8.45 rows=1 width=121)
	  Index Cond: (id = 541518)

table 8 : explain SELECT c FROM sbtest8 WHERE id=8445638
	Index Scan using sbtest8_pkey on sbtest8  (cost=0.43..8.45 rows=1 width=121)
	  Index Cond: (id = 8445638)

for: order_ranges
table 1 : explain SELECT c FROM sbtest1 WHERE id BETWEEN 2679681 AND 2679780 ORDER BY c
	Sort  (cost=428.86..429.12 rows=107 width=121)
	  Sort Key: c
	  ->  Index Scan using sbtest1_pkey on sbtest1  (cost=0.43..425.25 rows=107 width=121)
	        Index Cond: ((id >= 2679681) AND (id <= 2679780))

table 2 : explain SELECT c FROM sbtest2 WHERE id BETWEEN 7267392 AND 7267491 ORDER BY c
	Sort  (cost=420.78..421.04 rows=105 width=121)
	  Sort Key: c
	  ->  Index Scan using sbtest2_pkey on sbtest2  (cost=0.43..417.25 rows=105 width=121)
	        Index Cond: ((id >= 7267392) AND (id <= 7267491))

table 3 : explain SELECT c FROM sbtest3 WHERE id BETWEEN 9279058 AND 9279157 ORDER BY c
	Sort  (cost=368.45..368.68 rows=92 width=121)
	  Sort Key: c
	  ->  Index Scan using sbtest3_pkey on sbtest3  (cost=0.43..365.45 rows=92 width=121)
	        Index Cond: ((id >= 9279058) AND (id <= 9279157))

table 4 : explain SELECT c FROM sbtest4 WHERE id BETWEEN 7209680 AND 7209779 ORDER BY c
	Sort  (cost=364.37..364.60 rows=91 width=121)
	  Sort Key: c
	  ->  Index Scan using sbtest4_pkey on sbtest4  (cost=0.43..361.41 rows=91 width=121)
	        Index Cond: ((id >= 7209680) AND (id <= 7209779))

table 5 : explain SELECT c FROM sbtest5 WHERE id BETWEEN 4210952 AND 4211051 ORDER BY c
	Sort  (cost=376.24..376.48 rows=94 width=121)
	  Sort Key: c
	  ->  Index Scan using sbtest5_pkey on sbtest5  (cost=0.43..373.16 rows=94 width=121)
	        Index Cond: ((id >= 4210952) AND (id <= 4211051))

table 6 : explain SELECT c FROM sbtest6 WHERE id BETWEEN 6544790 AND 6544889 ORDER BY c
	Sort  (cost=453.51..453.80 rows=114 width=121)
	  Sort Key: c
	  ->  Index Scan using sbtest6_pkey on sbtest6  (cost=0.43..449.62 rows=114 width=121)
	        Index Cond: ((id >= 6544790) AND (id <= 6544889))

table 7 : explain SELECT c FROM sbtest7 WHERE id BETWEEN 7307511 AND 7307610 ORDER BY c
	Sort  (cost=393.46..393.71 rows=98 width=121)
	  Sort Key: c
	  ->  Index Scan using sbtest7_pkey on sbtest7  (cost=0.43..390.22 rows=98 width=121)
	        Index Cond: ((id >= 7307511) AND (id <= 7307610))

table 8 : explain SELECT c FROM sbtest8 WHERE id BETWEEN 7432657 AND 7432756 ORDER BY c
	Sort  (cost=380.54..380.77 rows=95 width=121)
	  Sort Key: c
	  ->  Index Scan using sbtest8_pkey on sbtest8  (cost=0.43..377.42 rows=95 width=121)
	        Index Cond: ((id >= 7432657) AND (id <= 7432756))

explain: for point_selects :: explain SELECT c FROM sbtest%u WHERE id=%u
for: distinct_ranges
table 1 : explain SELECT DISTINCT c FROM sbtest1 WHERE id BETWEEN 6984283 AND 6984382 ORDER BY c
	Unique  (cost=409.00..409.51 rows=102 width=121)
	  ->  Sort  (cost=409.00..409.25 rows=102 width=121)
	        Sort Key: c
	        ->  Index Scan using sbtest1_pkey on sbtest1  (cost=0.43..405.59 rows=102 width=121)
	              Index Cond: ((id >= 6984283) AND (id <= 6984382))

table 2 : explain SELECT DISTINCT c FROM sbtest2 WHERE id BETWEEN 6279636 AND 6279735 ORDER BY c
	Unique  (cost=400.93..401.43 rows=100 width=121)
	  ->  Sort  (cost=400.93..401.18 rows=100 width=121)
	        Sort Key: c
	        ->  Index Scan using sbtest2_pkey on sbtest2  (cost=0.43..397.60 rows=100 width=121)
	              Index Cond: ((id >= 6279636) AND (id <= 6279735))

table 3 : explain SELECT DISTINCT c FROM sbtest3 WHERE id BETWEEN 7901161 AND 7901260 ORDER BY c
	Unique  (cost=384.30..384.78 rows=96 width=121)
	  ->  Sort  (cost=384.30..384.54 rows=96 width=121)
	        Sort Key: c
	        ->  Index Scan using sbtest3_pkey on sbtest3  (cost=0.43..381.14 rows=96 width=121)
	              Index Cond: ((id >= 7901161) AND (id <= 7901260))

table 4 : explain SELECT DISTINCT c FROM sbtest4 WHERE id BETWEEN 3702642 AND 3702741 ORDER BY c
	Unique  (cost=400.02..400.52 rows=100 width=121)
	  ->  Sort  (cost=400.02..400.27 rows=100 width=121)
	        Sort Key: c
	        ->  Index Scan using sbtest4_pkey on sbtest4  (cost=0.43..396.69 rows=100 width=121)
	              Index Cond: ((id >= 3702642) AND (id <= 3702741))

table 5 : explain SELECT DISTINCT c FROM sbtest5 WHERE id BETWEEN 2988161 AND 2988260 ORDER BY c
	Unique  (cost=396.05..396.54 rows=99 width=121)
	  ->  Sort  (cost=396.05..396.30 rows=99 width=121)
	        Sort Key: c
	        ->  Index Scan using sbtest5_pkey on sbtest5  (cost=0.43..392.77 rows=99 width=121)
	              Index Cond: ((id >= 2988161) AND (id <= 2988260))

table 6 : explain SELECT DISTINCT c FROM sbtest6 WHERE id BETWEEN 7398649 AND 7398748 ORDER BY c
	Unique  (cost=394.35..394.85 rows=99 width=121)
	  ->  Sort  (cost=394.35..394.60 rows=99 width=121)
	        Sort Key: c
	        ->  Index Scan using sbtest6_pkey on sbtest6  (cost=0.43..391.07 rows=99 width=121)
	              Index Cond: ((id >= 7398649) AND (id <= 7398748))

table 7 : explain SELECT DISTINCT c FROM sbtest7 WHERE id BETWEEN 598664 AND 598763 ORDER BY c
	Unique  (cost=381.53..382.01 rows=95 width=121)
	  ->  Sort  (cost=381.53..381.77 rows=95 width=121)
	        Sort Key: c
	        ->  Index Scan using sbtest7_pkey on sbtest7  (cost=0.43..378.41 rows=95 width=121)
	              Index Cond: ((id >= 598664) AND (id <= 598763))

table 8 : explain SELECT DISTINCT c FROM sbtest8 WHERE id BETWEEN 84942 AND 85041 ORDER BY c
	Unique  (cost=396.42..396.91 rows=99 width=121)
	  ->  Sort  (cost=396.42..396.67 rows=99 width=121)
	        Sort Key: c
	        ->  Index Scan using sbtest8_pkey on sbtest8  (cost=0.43..393.14 rows=99 width=121)
	              Index Cond: ((id >= 84942) AND (id <= 85041))

for: distinct_ranges
table 1 : explain SELECT DISTINCT c FROM sbtest1 WHERE id BETWEEN 4231035 AND 4231134 ORDER BY c
	Unique  (cost=401.05..401.55 rows=100 width=121)
	  ->  Sort  (cost=401.05..401.30 rows=100 width=121)
	        Sort Key: c
	        ->  Index Scan using sbtest1_pkey on sbtest1  (cost=0.43..397.73 rows=100 width=121)
	              Index Cond: ((id >= 4231035) AND (id <= 4231134))

table 2 : explain SELECT DISTINCT c FROM sbtest2 WHERE id BETWEEN 2662293 AND 2662392 ORDER BY c
	Unique  (cost=385.02..385.50 rows=96 width=121)
	  ->  Sort  (cost=385.02..385.26 rows=96 width=121)
	        Sort Key: c
	        ->  Index Scan using sbtest2_pkey on sbtest2  (cost=0.43..381.86 rows=96 width=121)
	              Index Cond: ((id >= 2662293) AND (id <= 2662392))

table 3 : explain SELECT DISTINCT c FROM sbtest3 WHERE id BETWEEN 36585 AND 36684 ORDER BY c
	Unique  (cost=431.89..432.43 rows=108 width=121)
	  ->  Sort  (cost=431.89..432.16 rows=108 width=121)
	        Sort Key: c
	        ->  Index Scan using sbtest3_pkey on sbtest3  (cost=0.43..428.24 rows=108 width=121)
	              Index Cond: ((id >= 36585) AND (id <= 36684))

table 4 : explain SELECT DISTINCT c FROM sbtest4 WHERE id BETWEEN 9250278 AND 9250377 ORDER BY c
	Unique  (cost=388.13..388.62 rows=97 width=121)
	  ->  Sort  (cost=388.13..388.38 rows=97 width=121)
	        Sort Key: c
	        ->  Index Scan using sbtest4_pkey on sbtest4  (cost=0.43..384.93 rows=97 width=121)
	              Index Cond: ((id >= 9250278) AND (id <= 9250377))

table 5 : explain SELECT DISTINCT c FROM sbtest5 WHERE id BETWEEN 5743143 AND 5743242 ORDER BY c
	Unique  (cost=415.86..416.38 rows=104 width=121)
	  ->  Sort  (cost=415.86..416.12 rows=104 width=121)
	        Sort Key: c
	        ->  Index Scan using sbtest5_pkey on sbtest5  (cost=0.43..412.37 rows=104 width=121)
	              Index Cond: ((id >= 5743143) AND (id <= 5743242))

table 6 : explain SELECT DISTINCT c FROM sbtest6 WHERE id BETWEEN 7578789 AND 7578888 ORDER BY c
	Unique  (cost=382.49..382.97 rows=96 width=121)
	  ->  Sort  (cost=382.49..382.73 rows=96 width=121)
	        Sort Key: c
	        ->  Index Scan using sbtest6_pkey on sbtest6  (cost=0.43..379.33 rows=96 width=121)
	              Index Cond: ((id >= 7578789) AND (id <= 7578888))

table 7 : explain SELECT DISTINCT c FROM sbtest7 WHERE id BETWEEN 3690568 AND 3690667 ORDER BY c
	Unique  (cost=353.71..354.15 rows=88 width=121)
	  ->  Sort  (cost=353.71..353.93 rows=88 width=121)
	        Sort Key: c
	        ->  Index Scan using sbtest7_pkey on sbtest7  (cost=0.43..350.87 rows=88 width=121)
	              Index Cond: ((id >= 3690568) AND (id <= 3690667))

table 8 : explain SELECT DISTINCT c FROM sbtest8 WHERE id BETWEEN 9672573 AND 9672672 ORDER BY c
	Unique  (cost=404.35..404.85 rows=101 width=121)
	  ->  Sort  (cost=404.35..404.60 rows=101 width=121)
	        Sort Key: c
	        ->  Index Scan using sbtest8_pkey on sbtest8  (cost=0.43..400.99 rows=101 width=121)
	              Index Cond: ((id >= 9672573) AND (id <= 9672672))

explain: for point_selects :: explain SELECT c FROM sbtest%u WHERE id=%u
for: simple_ranges
table 1 : explain SELECT c FROM sbtest1 WHERE id BETWEEN 7646904 AND 7647003
	Index Scan using sbtest1_pkey on sbtest1  (cost=0.43..405.59 rows=102 width=121)
	  Index Cond: ((id >= 7646904) AND (id <= 7647003))

table 2 : explain SELECT c FROM sbtest2 WHERE id BETWEEN 7949566 AND 7949665
	Index Scan using sbtest2_pkey on sbtest2  (cost=0.43..377.93 rows=95 width=121)
	  Index Cond: ((id >= 7949566) AND (id <= 7949665))

table 3 : explain SELECT c FROM sbtest3 WHERE id BETWEEN 4939373 AND 4939472
	Index Scan using sbtest3_pkey on sbtest3  (cost=0.43..420.39 rows=106 width=121)
	  Index Cond: ((id >= 4939373) AND (id <= 4939472))

table 4 : explain SELECT c FROM sbtest4 WHERE id BETWEEN 490551 AND 490650
	Index Scan using sbtest4_pkey on sbtest4  (cost=0.43..400.62 rows=101 width=121)
	  Index Cond: ((id >= 490551) AND (id <= 490650))

table 5 : explain SELECT c FROM sbtest5 WHERE id BETWEEN 94079 AND 94178
	Index Scan using sbtest5_pkey on sbtest5  (cost=0.43..373.16 rows=94 width=121)
	  Index Cond: ((id >= 94079) AND (id <= 94178))

table 6 : explain SELECT c FROM sbtest6 WHERE id BETWEEN 4572452 AND 4572551
	Index Scan using sbtest6_pkey on sbtest6  (cost=0.43..359.81 rows=91 width=121)
	  Index Cond: ((id >= 4572452) AND (id <= 4572551))

table 7 : explain SELECT c FROM sbtest7 WHERE id BETWEEN 7503193 AND 7503292
	Index Scan using sbtest7_pkey on sbtest7  (cost=0.43..370.54 rows=93 width=121)
	  Index Cond: ((id >= 7503193) AND (id <= 7503292))

table 8 : explain SELECT c FROM sbtest8 WHERE id BETWEEN 3208112 AND 3208211
	Index Scan using sbtest8_pkey on sbtest8  (cost=0.43..385.26 rows=97 width=121)
	  Index Cond: ((id >= 3208112) AND (id <= 3208211))

for: sum_ranges
table 1 : explain SELECT SUM(k) FROM sbtest1 WHERE id BETWEEN 3662689 AND 3662788
	Aggregate  (cost=374.35..374.36 rows=1 width=8)
	  ->  Index Scan using sbtest1_pkey on sbtest1  (cost=0.43..374.12 rows=94 width=4)
	        Index Cond: ((id >= 3662689) AND (id <= 3662788))

table 2 : explain SELECT SUM(k) FROM sbtest2 WHERE id BETWEEN 5966924 AND 5967023
	Aggregate  (cost=441.11..441.12 rows=1 width=8)
	  ->  Index Scan using sbtest2_pkey on sbtest2  (cost=0.43..440.83 rows=111 width=4)
	        Index Cond: ((id >= 5966924) AND (id <= 5967023))

table 3 : explain SELECT SUM(k) FROM sbtest3 WHERE id BETWEEN 2206138 AND 2206237
	Aggregate  (cost=349.98..349.99 rows=1 width=8)
	  ->  Index Scan using sbtest3_pkey on sbtest3  (cost=0.43..349.76 rows=88 width=4)
	        Index Cond: ((id >= 2206138) AND (id <= 2206237))

table 4 : explain SELECT SUM(k) FROM sbtest4 WHERE id BETWEEN 8285995 AND 8286094
	Aggregate  (cost=404.79..404.80 rows=1 width=8)
	  ->  Index Scan using sbtest4_pkey on sbtest4  (cost=0.43..404.54 rows=102 width=4)
	        Index Cond: ((id >= 8285995) AND (id <= 8286094))

table 5 : explain SELECT SUM(k) FROM sbtest5 WHERE id BETWEEN 4704746 AND 4704845
	Aggregate  (cost=420.48..420.49 rows=1 width=8)
	  ->  Index Scan using sbtest5_pkey on sbtest5  (cost=0.43..420.21 rows=106 width=4)
	        Index Cond: ((id >= 4704746) AND (id <= 4704845))

table 6 : explain SELECT SUM(k) FROM sbtest6 WHERE id BETWEEN 3205753 AND 3205852
	Aggregate  (cost=422.56..422.57 rows=1 width=8)
	  ->  Index Scan using sbtest6_pkey on sbtest6  (cost=0.43..422.30 rows=107 width=4)
	        Index Cond: ((id >= 3205753) AND (id <= 3205852))

table 7 : explain SELECT SUM(k) FROM sbtest7 WHERE id BETWEEN 3357983 AND 3358082
	Aggregate  (cost=418.05..418.06 rows=1 width=8)
	  ->  Index Scan using sbtest7_pkey on sbtest7  (cost=0.43..417.79 rows=105 width=4)
	        Index Cond: ((id >= 3357983) AND (id <= 3358082))

table 8 : explain SELECT SUM(k) FROM sbtest8 WHERE id BETWEEN 8462367 AND 8462466
	Aggregate  (cost=413.02..413.03 rows=1 width=8)
	  ->  Index Scan using sbtest8_pkey on sbtest8  (cost=0.43..412.76 rows=104 width=4)
	        Index Cond: ((id >= 8462367) AND (id <= 8462466))

for: distinct_ranges
table 1 : explain SELECT DISTINCT c FROM sbtest1 WHERE id BETWEEN 2992164 AND 2992263 ORDER BY c
	Unique  (cost=369.26..369.72 rows=92 width=121)
	  ->  Sort  (cost=369.26..369.49 rows=92 width=121)
	        Sort Key: c
	        ->  Index Scan using sbtest1_pkey on sbtest1  (cost=0.43..366.26 rows=92 width=121)
	              Index Cond: ((id >= 2992164) AND (id <= 2992263))

table 2 : explain SELECT DISTINCT c FROM sbtest2 WHERE id BETWEEN 1244940 AND 1245039 ORDER BY c
	Unique  (cost=424.75..425.28 rows=106 width=121)
	  ->  Sort  (cost=424.75..425.01 rows=106 width=121)
	        Sort Key: c
	        ->  Index Scan using sbtest2_pkey on sbtest2  (cost=0.43..421.18 rows=106 width=121)
	              Index Cond: ((id >= 1244940) AND (id <= 1245039))

table 3 : explain SELECT DISTINCT c FROM sbtest3 WHERE id BETWEEN 4319039 AND 4319138 ORDER BY c
	Unique  (cost=416.03..416.55 rows=104 width=121)
	  ->  Sort  (cost=416.03..416.29 rows=104 width=121)
	        Sort Key: c
	        ->  Index Scan using sbtest3_pkey on sbtest3  (cost=0.43..412.55 rows=104 width=121)
	              Index Cond: ((id >= 4319039) AND (id <= 4319138))

table 4 : explain SELECT DISTINCT c FROM sbtest4 WHERE id BETWEEN 9878964 AND 9879063 ORDER BY c
	Unique  (cost=384.17..384.65 rows=96 width=121)
	  ->  Sort  (cost=384.17..384.41 rows=96 width=121)
	        Sort Key: c
	        ->  Index Scan using sbtest4_pkey on sbtest4  (cost=0.43..381.01 rows=96 width=121)
	              Index Cond: ((id >= 9878964) AND (id <= 9879063))

table 5 : explain SELECT DISTINCT c FROM sbtest5 WHERE id BETWEEN 4390624 AND 4390723 ORDER BY c
	Unique  (cost=423.78..424.31 rows=106 width=121)
	  ->  Sort  (cost=423.78..424.04 rows=106 width=121)
	        Sort Key: c
	        ->  Index Scan using sbtest5_pkey on sbtest5  (cost=0.43..420.21 rows=106 width=121)
	              Index Cond: ((id >= 4390624) AND (id <= 4390723))

table 6 : explain SELECT DISTINCT c FROM sbtest6 WHERE id BETWEEN 3634973 AND 3635072 ORDER BY c
	Unique  (cost=394.35..394.85 rows=99 width=121)
	  ->  Sort  (cost=394.35..394.60 rows=99 width=121)
	        Sort Key: c
	        ->  Index Scan using sbtest6_pkey on sbtest6  (cost=0.43..391.07 rows=99 width=121)
	              Index Cond: ((id >= 3634973) AND (id <= 3635072))

table 7 : explain SELECT DISTINCT c FROM sbtest7 WHERE id BETWEEN 1334391 AND 1334490 ORDER BY c
	Unique  (cost=449.15..449.71 rows=112 width=121)
	  ->  Sort  (cost=449.15..449.43 rows=112 width=121)
	        Sort Key: c
	        ->  Index Scan using sbtest7_pkey on sbtest7  (cost=0.43..445.34 rows=112 width=121)
	              Index Cond: ((id >= 1334391) AND (id <= 1334490))

table 8 : explain SELECT DISTINCT c FROM sbtest8 WHERE id BETWEEN 1070571 AND 1070670 ORDER BY c
	Unique  (cost=424.18..424.71 rows=106 width=121)
	  ->  Sort  (cost=424.18..424.44 rows=106 width=121)
	        Sort Key: c
	        ->  Index Scan using sbtest8_pkey on sbtest8  (cost=0.43..420.61 rows=106 width=121)
	              Index Cond: ((id >= 1070571) AND (id <= 1070670))

for: simple_ranges
table 1 : explain SELECT c FROM sbtest1 WHERE id BETWEEN 2677318 AND 2677417
	Index Scan using sbtest1_pkey on sbtest1  (cost=0.43..425.25 rows=107 width=121)
	  Index Cond: ((id >= 2677318) AND (id <= 2677417))

table 2 : explain SELECT c FROM sbtest2 WHERE id BETWEEN 8143287 AND 8143386
	Index Scan using sbtest2_pkey on sbtest2  (cost=0.43..401.53 rows=101 width=121)
	  Index Cond: ((id >= 8143287) AND (id <= 8143386))

table 3 : explain SELECT c FROM sbtest3 WHERE id BETWEEN 3960822 AND 3960921
	Index Scan using sbtest3_pkey on sbtest3  (cost=0.43..416.47 rows=105 width=121)
	  Index Cond: ((id >= 3960822) AND (id <= 3960921))

table 4 : explain SELECT c FROM sbtest4 WHERE id BETWEEN 6278685 AND 6278784
	Index Scan using sbtest4_pkey on sbtest4  (cost=0.43..408.46 rows=103 width=121)
	  Index Cond: ((id >= 6278685) AND (id <= 6278784))

table 5 : explain SELECT c FROM sbtest5 WHERE id BETWEEN 3766542 AND 3766641
	Index Scan using sbtest5_pkey on sbtest5  (cost=0.43..435.90 rows=110 width=121)
	  Index Cond: ((id >= 3766542) AND (id <= 3766641))

table 6 : explain SELECT c FROM sbtest6 WHERE id BETWEEN 8993329 AND 8993428
	Index Scan using sbtest6_pkey on sbtest6  (cost=0.43..383.23 rows=97 width=121)
	  Index Cond: ((id >= 8993329) AND (id <= 8993428))

table 7 : explain SELECT c FROM sbtest7 WHERE id BETWEEN 7107787 AND 7107886
	Index Scan using sbtest7_pkey on sbtest7  (cost=0.43..382.35 rows=96 width=121)
	  Index Cond: ((id >= 7107787) AND (id <= 7107886))

table 8 : explain SELECT c FROM sbtest8 WHERE id BETWEEN 6833307 AND 6833406
	Index Scan using sbtest8_pkey on sbtest8  (cost=0.43..408.84 rows=103 width=121)
	  Index Cond: ((id >= 6833307) AND (id <= 6833406))

for point_selects
table 1 : explain SELECT c FROM sbtest1 WHERE id=9332368
	Index Scan using sbtest1_pkey on sbtest1  (cost=0.43..8.45 rows=1 width=121)
	  Index Cond: (id = 9332368)

table 2 : explain SELECT c FROM sbtest2 WHERE id=4683426
	Index Scan using sbtest2_pkey on sbtest2  (cost=0.43..8.45 rows=1 width=121)
	  Index Cond: (id = 4683426)

table 3 : explain SELECT c FROM sbtest3 WHERE id=5117616
	Index Scan using sbtest3_pkey on sbtest3  (cost=0.43..8.45 rows=1 width=121)
	  Index Cond: (id = 5117616)

table 4 : explain SELECT c FROM sbtest4 WHERE id=2702509
	Index Scan using sbtest4_pkey on sbtest4  (cost=0.43..8.45 rows=1 width=121)
	  Index Cond: (id = 2702509)

table 5 : explain SELECT c FROM sbtest5 WHERE id=7888886
	Index Scan using sbtest5_pkey on sbtest5  (cost=0.43..8.45 rows=1 width=121)
	  Index Cond: (id = 7888886)

table 6 : explain SELECT c FROM sbtest6 WHERE id=5938516
	Index Scan using sbtest6_pkey on sbtest6  (cost=0.43..8.45 rows=1 width=121)
	  Index Cond: (id = 5938516)

table 7 : explain SELECT c FROM sbtest7 WHERE id=9093928
	Index Scan using sbtest7_pkey on sbtest7  (cost=0.43..8.45 rows=1 width=121)
	  Index Cond: (id = 9093928)

table 8 : explain SELECT c FROM sbtest8 WHERE id=9551949
	Index Scan using sbtest8_pkey on sbtest8  (cost=0.43..8.45 rows=1 width=121)
	  Index Cond: (id = 9551949)

for: distinct_ranges
table 1 : explain SELECT DISTINCT c FROM sbtest1 WHERE id BETWEEN 9501495 AND 9501594 ORDER BY c
	Unique  (cost=353.37..353.81 rows=88 width=121)
	  ->  Sort  (cost=353.37..353.59 rows=88 width=121)
	        Sort Key: c
	        ->  Index Scan using sbtest1_pkey on sbtest1  (cost=0.43..350.53 rows=88 width=121)
	              Index Cond: ((id >= 9501495) AND (id <= 9501594))

table 2 : explain SELECT DISTINCT c FROM sbtest2 WHERE id BETWEEN 3595244 AND 3595343 ORDER BY c
	Unique  (cost=408.87..409.38 rows=102 width=121)
	  ->  Sort  (cost=408.87..409.12 rows=102 width=121)
	        Sort Key: c
	        ->  Index Scan using sbtest2_pkey on sbtest2  (cost=0.43..405.46 rows=102 width=121)
	              Index Cond: ((id >= 3595244) AND (id <= 3595343))

table 3 : explain SELECT DISTINCT c FROM sbtest3 WHERE id BETWEEN 6688300 AND 6688399 ORDER BY c
	Unique  (cost=416.03..416.55 rows=104 width=121)
	  ->  Sort  (cost=416.03..416.29 rows=104 width=121)
	        Sort Key: c
	        ->  Index Scan using sbtest3_pkey on sbtest3  (cost=0.43..412.55 rows=104 width=121)
	              Index Cond: ((id >= 6688300) AND (id <= 6688399))

table 4 : explain SELECT DISTINCT c FROM sbtest4 WHERE id BETWEEN 4967207 AND 4967306 ORDER BY c
	Unique  (cost=423.79..424.32 rows=106 width=121)
	  ->  Sort  (cost=423.79..424.05 rows=106 width=121)
	        Sort Key: c
	        ->  Index Scan using sbtest4_pkey on sbtest4  (cost=0.43..420.22 rows=106 width=121)
	              Index Cond: ((id >= 4967207) AND (id <= 4967306))

table 5 : explain SELECT DISTINCT c FROM sbtest5 WHERE id BETWEEN 6206657 AND 6206756 ORDER BY c
	Unique  (cost=360.40..360.85 rows=90 width=121)
	  ->  Sort  (cost=360.40..360.63 rows=90 width=121)
	        Sort Key: c
	        ->  Index Scan using sbtest5_pkey on sbtest5  (cost=0.43..357.48 rows=90 width=121)
	              Index Cond: ((id >= 6206657) AND (id <= 6206756))

table 6 : explain SELECT DISTINCT c FROM sbtest6 WHERE id BETWEEN 8931295 AND 8931394 ORDER BY c
	Unique  (cost=386.43..386.92 rows=97 width=121)
	  ->  Sort  (cost=386.43..386.68 rows=97 width=121)
	        Sort Key: c
	        ->  Index Scan using sbtest6_pkey on sbtest6  (cost=0.43..383.23 rows=97 width=121)
	              Index Cond: ((id >= 8931295) AND (id <= 8931394))

table 7 : explain SELECT DISTINCT c FROM sbtest7 WHERE id BETWEEN 1674418 AND 1674517 ORDER BY c
	Unique  (cost=401.43..401.93 rows=100 width=121)
	  ->  Sort  (cost=401.43..401.68 rows=100 width=121)
	        Sort Key: c
	        ->  Index Scan using sbtest7_pkey on sbtest7  (cost=0.43..398.11 rows=100 width=121)
	              Index Cond: ((id >= 1674418) AND (id <= 1674517))

table 8 : explain SELECT DISTINCT c FROM sbtest8 WHERE id BETWEEN 2270002 AND 2270101 ORDER BY c
	Unique  (cost=440.04..440.59 rows=110 width=121)
	  ->  Sort  (cost=440.04..440.31 rows=110 width=121)
	        Sort Key: c
	        ->  Index Scan using sbtest8_pkey on sbtest8  (cost=0.43..436.31 rows=110 width=121)
	              Index Cond: ((id >= 2270002) AND (id <= 2270101))

for point_selects
table 1 : explain SELECT c FROM sbtest1 WHERE id=3467749
	Index Scan using sbtest1_pkey on sbtest1  (cost=0.43..8.45 rows=1 width=121)
	  Index Cond: (id = 3467749)

table 2 : explain SELECT c FROM sbtest2 WHERE id=9906637
	Index Scan using sbtest2_pkey on sbtest2  (cost=0.43..8.45 rows=1 width=121)
	  Index Cond: (id = 9906637)

table 3 : explain SELECT c FROM sbtest3 WHERE id=1177302
	Index Scan using sbtest3_pkey on sbtest3  (cost=0.43..8.45 rows=1 width=121)
	  Index Cond: (id = 1177302)

table 4 : explain SELECT c FROM sbtest4 WHERE id=1515644
	Index Scan using sbtest4_pkey on sbtest4  (cost=0.43..8.45 rows=1 width=121)
	  Index Cond: (id = 1515644)

table 5 : explain SELECT c FROM sbtest5 WHERE id=3019999
	Index Scan using sbtest5_pkey on sbtest5  (cost=0.43..8.45 rows=1 width=121)
	  Index Cond: (id = 3019999)

table 6 : explain SELECT c FROM sbtest6 WHERE id=763560
	Index Scan using sbtest6_pkey on sbtest6  (cost=0.43..8.45 rows=1 width=121)
	  Index Cond: (id = 763560)

table 7 : explain SELECT c FROM sbtest7 WHERE id=5438637
	Index Scan using sbtest7_pkey on sbtest7  (cost=0.43..8.45 rows=1 width=121)
	  Index Cond: (id = 5438637)

table 8 : explain SELECT c FROM sbtest8 WHERE id=6658703
	Index Scan using sbtest8_pkey on sbtest8  (cost=0.43..8.45 rows=1 width=121)
	  Index Cond: (id = 6658703)

explain: for point_selects :: explain SELECT c FROM sbtest%u WHERE id=%u
for: order_ranges
table 1 : explain SELECT c FROM sbtest1 WHERE id BETWEEN 5819340 AND 5819439 ORDER BY c
	Sort  (cost=369.26..369.49 rows=92 width=121)
	  Sort Key: c
	  ->  Index Scan using sbtest1_pkey on sbtest1  (cost=0.43..366.26 rows=92 width=121)
	        Index Cond: ((id >= 5819340) AND (id <= 5819439))

table 2 : explain SELECT c FROM sbtest2 WHERE id BETWEEN 2225650 AND 2225749 ORDER BY c
	Sort  (cost=444.61..444.88 rows=111 width=121)
	  Sort Key: c
	  ->  Index Scan using sbtest2_pkey on sbtest2  (cost=0.43..440.83 rows=111 width=121)
	        Index Cond: ((id >= 2225650) AND (id <= 2225749))

table 3 : explain SELECT c FROM sbtest3 WHERE id BETWEEN 5207243 AND 5207342 ORDER BY c
	Sort  (cost=380.34..380.58 rows=95 width=121)
	  Sort Key: c
	  ->  Index Scan using sbtest3_pkey on sbtest3  (cost=0.43..377.22 rows=95 width=121)
	        Index Cond: ((id >= 5207243) AND (id <= 5207342))

table 4 : explain SELECT c FROM sbtest4 WHERE id BETWEEN 5620762 AND 5620861 ORDER BY c
	Sort  (cost=396.06..396.30 rows=99 width=121)
	  Sort Key: c
	  ->  Index Scan using sbtest4_pkey on sbtest4  (cost=0.43..392.77 rows=99 width=121)
	        Index Cond: ((id >= 5620762) AND (id <= 5620861))

table 5 : explain SELECT c FROM sbtest5 WHERE id BETWEEN 8194145 AND 8194244 ORDER BY c
	Sort  (cost=360.40..360.63 rows=90 width=121)
	  Sort Key: c
	  ->  Index Scan using sbtest5_pkey on sbtest5  (cost=0.43..357.48 rows=90 width=121)
	        Index Cond: ((id >= 8194145) AND (id <= 8194244))

table 6 : explain SELECT c FROM sbtest6 WHERE id BETWEEN 5298905 AND 5299004 ORDER BY c
	Sort  (cost=374.60..374.84 rows=94 width=121)
	  Sort Key: c
	  ->  Index Scan using sbtest6_pkey on sbtest6  (cost=0.43..371.52 rows=94 width=121)
	        Index Cond: ((id >= 5298905) AND (id <= 5299004))

table 7 : explain SELECT c FROM sbtest7 WHERE id BETWEEN 2463072 AND 2463171 ORDER BY c
	Sort  (cost=397.46..397.71 rows=99 width=121)
	  Sort Key: c
	  ->  Index Scan using sbtest7_pkey on sbtest7  (cost=0.43..394.18 rows=99 width=121)
	        Index Cond: ((id >= 2463072) AND (id <= 2463171))

table 8 : explain SELECT c FROM sbtest8 WHERE id BETWEEN 6589747 AND 6589846 ORDER BY c
	Sort  (cost=416.25..416.51 rows=104 width=121)
	  Sort Key: c
	  ->  Index Scan using sbtest8_pkey on sbtest8  (cost=0.43..412.76 rows=104 width=121)
	        Index Cond: ((id >= 6589747) AND (id <= 6589846))

for: sum_ranges
table 1 : explain SELECT SUM(k) FROM sbtest1 WHERE id BETWEEN 4906714 AND 4906813
	Aggregate  (cost=370.42..370.43 rows=1 width=8)
	  ->  Index Scan using sbtest1_pkey on sbtest1  (cost=0.43..370.19 rows=93 width=4)
	        Index Cond: ((id >= 4906714) AND (id <= 4906813))

table 2 : explain SELECT SUM(k) FROM sbtest2 WHERE id BETWEEN 664012 AND 664111
	Aggregate  (cost=421.45..421.46 rows=1 width=8)
	  ->  Index Scan using sbtest2_pkey on sbtest2  (cost=0.43..421.18 rows=106 width=4)
	        Index Cond: ((id >= 664012) AND (id <= 664111))

table 3 : explain SELECT SUM(k) FROM sbtest3 WHERE id BETWEEN 673384 AND 673483
	Aggregate  (cost=389.26..389.27 rows=1 width=8)
	  ->  Index Scan using sbtest3_pkey on sbtest3  (cost=0.43..389.01 rows=98 width=4)
	        Index Cond: ((id >= 673384) AND (id <= 673483))

table 4 : explain SELECT SUM(k) FROM sbtest4 WHERE id BETWEEN 6161160 AND 6161259
	Aggregate  (cost=381.25..381.26 rows=1 width=8)
	  ->  Index Scan using sbtest4_pkey on sbtest4  (cost=0.43..381.01 rows=96 width=4)
	        Index Cond: ((id >= 6161160) AND (id <= 6161259))

table 5 : explain SELECT SUM(k) FROM sbtest5 WHERE id BETWEEN 215119 AND 215218
	Aggregate  (cost=400.86..400.87 rows=1 width=8)
	  ->  Index Scan using sbtest5_pkey on sbtest5  (cost=0.43..400.61 rows=101 width=4)
	        Index Cond: ((id >= 215119) AND (id <= 215218))

table 6 : explain SELECT SUM(k) FROM sbtest6 WHERE id BETWEEN 1010953 AND 1011052
	Aggregate  (cost=348.32..348.33 rows=1 width=8)
	  ->  Index Scan using sbtest6_pkey on sbtest6  (cost=0.43..348.10 rows=88 width=4)
	        Index Cond: ((id >= 1010953) AND (id <= 1011052))

table 7 : explain SELECT SUM(k) FROM sbtest7 WHERE id BETWEEN 7791951 AND 7792050
	Aggregate  (cost=410.18..410.19 rows=1 width=8)
	  ->  Index Scan using sbtest7_pkey on sbtest7  (cost=0.43..409.92 rows=103 width=4)
	        Index Cond: ((id >= 7791951) AND (id <= 7792050))

table 8 : explain SELECT SUM(k) FROM sbtest8 WHERE id BETWEEN 4486286 AND 4486385
	Aggregate  (cost=377.65..377.66 rows=1 width=8)
	  ->  Index Scan using sbtest8_pkey on sbtest8  (cost=0.43..377.42 rows=95 width=4)
	        Index Cond: ((id >= 4486286) AND (id <= 4486385))

for: sum_ranges
table 1 : explain SELECT SUM(k) FROM sbtest1 WHERE id BETWEEN 2313363 AND 2313462
	Aggregate  (cost=413.72..413.73 rows=1 width=8)
	  ->  Index Scan using sbtest1_pkey on sbtest1  (cost=0.43..413.46 rows=104 width=4)
	        Index Cond: ((id >= 2313363) AND (id <= 2313462))

table 2 : explain SELECT SUM(k) FROM sbtest2 WHERE id BETWEEN 8879506 AND 8879605
	Aggregate  (cost=425.38..425.39 rows=1 width=8)
	  ->  Index Scan using sbtest2_pkey on sbtest2  (cost=0.43..425.11 rows=107 width=4)
	        Index Cond: ((id >= 8879506) AND (id <= 8879605))

table 3 : explain SELECT SUM(k) FROM sbtest3 WHERE id BETWEEN 705846 AND 705945
	Aggregate  (cost=365.68..365.69 rows=1 width=8)
	  ->  Index Scan using sbtest3_pkey on sbtest3  (cost=0.43..365.45 rows=92 width=4)
	        Index Cond: ((id >= 705846) AND (id <= 705945))

table 4 : explain SELECT SUM(k) FROM sbtest4 WHERE id BETWEEN 1994337 AND 1994436
	Aggregate  (cost=365.56..365.57 rows=1 width=8)
	  ->  Index Scan using sbtest4_pkey on sbtest4  (cost=0.43..365.33 rows=92 width=4)
	        Index Cond: ((id >= 1994337) AND (id <= 1994436))

table 5 : explain SELECT SUM(k) FROM sbtest5 WHERE id BETWEEN 1018628 AND 1018727
	Aggregate  (cost=385.17..385.18 rows=1 width=8)
	  ->  Index Scan using sbtest5_pkey on sbtest5  (cost=0.43..384.93 rows=97 width=4)
	        Index Cond: ((id >= 1018628) AND (id <= 1018727))

table 6 : explain SELECT SUM(k) FROM sbtest6 WHERE id BETWEEN 9886297 AND 9886396
	Aggregate  (cost=465.53..465.54 rows=1 width=8)
	  ->  Index Scan using sbtest6_pkey on sbtest6  (cost=0.43..465.23 rows=118 width=4)
	        Index Cond: ((id >= 9886297) AND (id <= 9886396))

table 7 : explain SELECT SUM(k) FROM sbtest7 WHERE id BETWEEN 8344356 AND 8344455
	Aggregate  (cost=358.96..358.97 rows=1 width=8)
	  ->  Index Scan using sbtest7_pkey on sbtest7  (cost=0.43..358.74 rows=90 width=4)
	        Index Cond: ((id >= 8344356) AND (id <= 8344455))

table 8 : explain SELECT SUM(k) FROM sbtest8 WHERE id BETWEEN 9757173 AND 9757272
	Aggregate  (cost=373.73..373.74 rows=1 width=8)
	  ->  Index Scan using sbtest8_pkey on sbtest8  (cost=0.43..373.49 rows=94 width=4)
	        Index Cond: ((id >= 9757173) AND (id <= 9757272))

for: simple_ranges
table 1 : explain SELECT c FROM sbtest1 WHERE id BETWEEN 4369951 AND 4370050
	Index Scan using sbtest1_pkey on sbtest1  (cost=0.43..389.85 rows=98 width=121)
	  Index Cond: ((id >= 4369951) AND (id <= 4370050))

table 2 : explain SELECT c FROM sbtest2 WHERE id BETWEEN 4074229 AND 4074328
	Index Scan using sbtest2_pkey on sbtest2  (cost=0.43..432.97 rows=109 width=121)
	  Index Cond: ((id >= 4074229) AND (id <= 4074328))

table 3 : explain SELECT c FROM sbtest3 WHERE id BETWEEN 7154647 AND 7154746
	Index Scan using sbtest3_pkey on sbtest3  (cost=0.43..400.78 rows=101 width=121)
	  Index Cond: ((id >= 7154647) AND (id <= 7154746))

table 4 : explain SELECT c FROM sbtest4 WHERE id BETWEEN 8674656 AND 8674755
	Index Scan using sbtest4_pkey on sbtest4  (cost=0.43..384.93 rows=97 width=121)
	  Index Cond: ((id >= 8674656) AND (id <= 8674755))

table 5 : explain SELECT c FROM sbtest5 WHERE id BETWEEN 1236124 AND 1236223
	Index Scan using sbtest5_pkey on sbtest5  (cost=0.43..400.61 rows=101 width=121)
	  Index Cond: ((id >= 1236124) AND (id <= 1236223))

table 6 : explain SELECT c FROM sbtest6 WHERE id BETWEEN 5585526 AND 5585625
	Index Scan using sbtest6_pkey on sbtest6  (cost=0.43..398.88 rows=101 width=121)
	  Index Cond: ((id >= 5585526) AND (id <= 5585625))

table 7 : explain SELECT c FROM sbtest7 WHERE id BETWEEN 6962441 AND 6962540
	Index Scan using sbtest7_pkey on sbtest7  (cost=0.43..386.28 rows=97 width=121)
	  Index Cond: ((id >= 6962441) AND (id <= 6962540))

table 8 : explain SELECT c FROM sbtest8 WHERE id BETWEEN 6605135 AND 6605234
	Index Scan using sbtest8_pkey on sbtest8  (cost=0.43..412.76 rows=104 width=121)
	  Index Cond: ((id >= 6605135) AND (id <= 6605234))

for: sum_ranges
table 1 : explain SELECT SUM(k) FROM sbtest1 WHERE id BETWEEN 9034580 AND 9034679
	Aggregate  (cost=386.16..386.17 rows=1 width=8)
	  ->  Index Scan using sbtest1_pkey on sbtest1  (cost=0.43..385.91 rows=97 width=4)
	        Index Cond: ((id >= 9034580) AND (id <= 9034679))

table 2 : explain SELECT SUM(k) FROM sbtest2 WHERE id BETWEEN 9358100 AND 9358199
	Aggregate  (cost=405.72..405.73 rows=1 width=8)
	  ->  Index Scan using sbtest2_pkey on sbtest2  (cost=0.43..405.46 rows=102 width=4)
	        Index Cond: ((id >= 9358100) AND (id <= 9358199))

table 3 : explain SELECT SUM(k) FROM sbtest3 WHERE id BETWEEN 389290 AND 389389
	Aggregate  (cost=377.46..377.47 rows=1 width=8)
	  ->  Index Scan using sbtest3_pkey on sbtest3  (cost=0.43..377.22 rows=95 width=4)
	        Index Cond: ((id >= 389290) AND (id <= 389389))

table 4 : explain SELECT SUM(k) FROM sbtest4 WHERE id BETWEEN 9298707 AND 9298806
	Aggregate  (cost=385.17..385.18 rows=1 width=8)
	  ->  Index Scan using sbtest4_pkey on sbtest4  (cost=0.43..384.93 rows=97 width=4)
	        Index Cond: ((id >= 9298707) AND (id <= 9298806))

table 5 : explain SELECT SUM(k) FROM sbtest5 WHERE id BETWEEN 7632284 AND 7632383
	Aggregate  (cost=373.40..373.41 rows=1 width=8)
	  ->  Index Scan using sbtest5_pkey on sbtest5  (cost=0.43..373.16 rows=94 width=4)
	        Index Cond: ((id >= 7632284) AND (id <= 7632383))

table 6 : explain SELECT SUM(k) FROM sbtest6 WHERE id BETWEEN 2431217 AND 2431316
	Aggregate  (cost=371.76..371.77 rows=1 width=8)
	  ->  Index Scan using sbtest6_pkey on sbtest6  (cost=0.43..371.52 rows=94 width=4)
	        Index Cond: ((id >= 2431217) AND (id <= 2431316))

table 7 : explain SELECT SUM(k) FROM sbtest7 WHERE id BETWEEN 7438325 AND 7438424
	Aggregate  (cost=370.78..370.79 rows=1 width=8)
	  ->  Index Scan using sbtest7_pkey on sbtest7  (cost=0.43..370.54 rows=93 width=4)
	        Index Cond: ((id >= 7438325) AND (id <= 7438424))

table 8 : explain SELECT SUM(k) FROM sbtest8 WHERE id BETWEEN 6467427 AND 6467526
	Aggregate  (cost=416.95..416.96 rows=1 width=8)
	  ->  Index Scan using sbtest8_pkey on sbtest8  (cost=0.43..416.69 rows=105 width=4)
	        Index Cond: ((id >= 6467427) AND (id <= 6467526))

for: distinct_ranges
table 1 : explain SELECT DISTINCT c FROM sbtest1 WHERE id BETWEEN 1640767 AND 1640866 ORDER BY c
	Unique  (cost=385.14..385.62 rows=96 width=121)
	  ->  Sort  (cost=385.14..385.38 rows=96 width=121)
	        Sort Key: c
	        ->  Index Scan using sbtest1_pkey on sbtest1  (cost=0.43..381.98 rows=96 width=121)
	              Index Cond: ((id >= 1640767) AND (id <= 1640866))

table 2 : explain SELECT DISTINCT c FROM sbtest2 WHERE id BETWEEN 8968244 AND 8968343 ORDER BY c
	Unique  (cost=385.02..385.50 rows=96 width=121)
	  ->  Sort  (cost=385.02..385.26 rows=96 width=121)
	        Sort Key: c
	        ->  Index Scan using sbtest2_pkey on sbtest2  (cost=0.43..381.86 rows=96 width=121)
	              Index Cond: ((id >= 8968244) AND (id <= 8968343))

table 3 : explain SELECT DISTINCT c FROM sbtest3 WHERE id BETWEEN 4109668 AND 4109767 ORDER BY c
	Unique  (cost=431.89..432.43 rows=108 width=121)
	  ->  Sort  (cost=431.89..432.16 rows=108 width=121)
	        Sort Key: c
	        ->  Index Scan using sbtest3_pkey on sbtest3  (cost=0.43..428.24 rows=108 width=121)
	              Index Cond: ((id >= 4109668) AND (id <= 4109767))

table 4 : explain SELECT DISTINCT c FROM sbtest4 WHERE id BETWEEN 113658 AND 113757 ORDER BY c
	Unique  (cost=392.09..392.58 rows=98 width=121)
	  ->  Sort  (cost=392.09..392.34 rows=98 width=121)
	        Sort Key: c
	        ->  Index Scan using sbtest4_pkey on sbtest4  (cost=0.43..388.85 rows=98 width=121)
	              Index Cond: ((id >= 113658) AND (id <= 113757))

table 5 : explain SELECT DISTINCT c FROM sbtest5 WHERE id BETWEEN 2964343 AND 2964442 ORDER BY c
	Unique  (cost=396.05..396.54 rows=99 width=121)
	  ->  Sort  (cost=396.05..396.30 rows=99 width=121)
	        Sort Key: c
	        ->  Index Scan using sbtest5_pkey on sbtest5  (cost=0.43..392.77 rows=99 width=121)
	              Index Cond: ((id >= 2964343) AND (id <= 2964442))

table 6 : explain SELECT DISTINCT c FROM sbtest6 WHERE id BETWEEN 8625857 AND 8625956 ORDER BY c
	Unique  (cost=382.49..382.97 rows=96 width=121)
	  ->  Sort  (cost=382.49..382.73 rows=96 width=121)
	        Sort Key: c
	        ->  Index Scan using sbtest6_pkey on sbtest6  (cost=0.43..379.33 rows=96 width=121)
	              Index Cond: ((id >= 8625857) AND (id <= 8625956))

table 7 : explain SELECT DISTINCT c FROM sbtest7 WHERE id BETWEEN 2598453 AND 2598552 ORDER BY c
	Unique  (cost=405.41..405.91 rows=101 width=121)
	  ->  Sort  (cost=405.41..405.66 rows=101 width=121)
	        Sort Key: c
	        ->  Index Scan using sbtest7_pkey on sbtest7  (cost=0.43..402.05 rows=101 width=121)
	              Index Cond: ((id >= 2598453) AND (id <= 2598552))

table 8 : explain SELECT DISTINCT c FROM sbtest8 WHERE id BETWEEN 2923820 AND 2923919 ORDER BY c
	Unique  (cost=348.82..349.26 rows=87 width=121)
	  ->  Sort  (cost=348.82..349.04 rows=87 width=121)
	        Sort Key: c
	        ->  Index Scan using sbtest8_pkey on sbtest8  (cost=0.43..346.02 rows=87 width=121)
	              Index Cond: ((id >= 2923820) AND (id <= 2923919))

for: simple_ranges
table 1 : explain SELECT c FROM sbtest1 WHERE id BETWEEN 5731436 AND 5731535
	Index Scan using sbtest1_pkey on sbtest1  (cost=0.43..370.19 rows=93 width=121)
	  Index Cond: ((id >= 5731436) AND (id <= 5731535))

table 2 : explain SELECT c FROM sbtest2 WHERE id BETWEEN 514054 AND 514153
	Index Scan using sbtest2_pkey on sbtest2  (cost=0.43..413.32 rows=104 width=121)
	  Index Cond: ((id >= 514054) AND (id <= 514153))

table 3 : explain SELECT c FROM sbtest3 WHERE id BETWEEN 3931081 AND 3931180
	Index Scan using sbtest3_pkey on sbtest3  (cost=0.43..416.47 rows=105 width=121)
	  Index Cond: ((id >= 3931081) AND (id <= 3931180))

table 4 : explain SELECT c FROM sbtest4 WHERE id BETWEEN 930286 AND 930385
	Index Scan using sbtest4_pkey on sbtest4  (cost=0.43..357.49 rows=90 width=121)
	  Index Cond: ((id >= 930286) AND (id <= 930385))

table 5 : explain SELECT c FROM sbtest5 WHERE id BETWEEN 292808 AND 292907
	Index Scan using sbtest5_pkey on sbtest5  (cost=0.43..400.61 rows=101 width=121)
	  Index Cond: ((id >= 292808) AND (id <= 292907))

table 6 : explain SELECT c FROM sbtest6 WHERE id BETWEEN 4210576 AND 4210675
	Index Scan using sbtest6_pkey on sbtest6  (cost=0.43..410.59 rows=104 width=121)
	  Index Cond: ((id >= 4210576) AND (id <= 4210675))

table 7 : explain SELECT c FROM sbtest7 WHERE id BETWEEN 8278217 AND 8278316
	Index Scan using sbtest7_pkey on sbtest7  (cost=0.43..370.54 rows=93 width=121)
	  Index Cond: ((id >= 8278217) AND (id <= 8278316))

table 8 : explain SELECT c FROM sbtest8 WHERE id BETWEEN 2967146 AND 2967245
	Index Scan using sbtest8_pkey on sbtest8  (cost=0.43..381.34 rows=96 width=121)
	  Index Cond: ((id >= 2967146) AND (id <= 2967245))

for: distinct_ranges
table 1 : explain SELECT DISTINCT c FROM sbtest1 WHERE id BETWEEN 829534 AND 829633 ORDER BY c
	Unique  (cost=428.86..429.39 rows=107 width=121)
	  ->  Sort  (cost=428.86..429.12 rows=107 width=121)
	        Sort Key: c
	        ->  Index Scan using sbtest1_pkey on sbtest1  (cost=0.43..425.25 rows=107 width=121)
	              Index Cond: ((id >= 829534) AND (id <= 829633))

table 2 : explain SELECT DISTINCT c FROM sbtest2 WHERE id BETWEEN 5393041 AND 5393140 ORDER BY c
	Unique  (cost=396.95..397.45 rows=99 width=121)
	  ->  Sort  (cost=396.95..397.20 rows=99 width=121)
	        Sort Key: c
	        ->  Index Scan using sbtest2_pkey on sbtest2  (cost=0.43..393.67 rows=99 width=121)
	              Index Cond: ((id >= 5393041) AND (id <= 5393140))

table 3 : explain SELECT DISTINCT c FROM sbtest3 WHERE id BETWEEN 3061546 AND 3061645 ORDER BY c
	Unique  (cost=435.85..436.39 rows=109 width=121)
	  ->  Sort  (cost=435.85..436.12 rows=109 width=121)
	        Sort Key: c
	        ->  Index Scan using sbtest3_pkey on sbtest3  (cost=0.43..432.16 rows=109 width=121)
	              Index Cond: ((id >= 3061546) AND (id <= 3061645))

table 4 : explain SELECT DISTINCT c FROM sbtest4 WHERE id BETWEEN 2752489 AND 2752588 ORDER BY c
	Unique  (cost=403.98..404.48 rows=101 width=121)
	  ->  Sort  (cost=403.98..404.23 rows=101 width=121)
	        Sort Key: c
	        ->  Index Scan using sbtest4_pkey on sbtest4  (cost=0.43..400.62 rows=101 width=121)
	              Index Cond: ((id >= 2752489) AND (id <= 2752588))

table 5 : explain SELECT DISTINCT c FROM sbtest5 WHERE id BETWEEN 4162966 AND 4163065 ORDER BY c
	Unique  (cost=376.24..376.71 rows=94 width=121)
	  ->  Sort  (cost=376.24..376.48 rows=94 width=121)
	        Sort Key: c
	        ->  Index Scan using sbtest5_pkey on sbtest5  (cost=0.43..373.16 rows=94 width=121)
	              Index Cond: ((id >= 4162966) AND (id <= 4163065))

table 6 : explain SELECT DISTINCT c FROM sbtest6 WHERE id BETWEEN 888019 AND 888118 ORDER BY c
	Unique  (cost=362.77..363.23 rows=91 width=121)
	  ->  Sort  (cost=362.77..363.00 rows=91 width=121)
	        Sort Key: c
	        ->  Index Scan using sbtest6_pkey on sbtest6  (cost=0.43..359.81 rows=91 width=121)
	              Index Cond: ((id >= 888019) AND (id <= 888118))

table 7 : explain SELECT DISTINCT c FROM sbtest7 WHERE id BETWEEN 5987861 AND 5987960 ORDER BY c
	Unique  (cost=393.46..393.95 rows=98 width=121)
	  ->  Sort  (cost=393.46..393.71 rows=98 width=121)
	        Sort Key: c
	        ->  Index Scan using sbtest7_pkey on sbtest7  (cost=0.43..390.22 rows=98 width=121)
	              Index Cond: ((id >= 5987861) AND (id <= 5987960))

table 8 : explain SELECT DISTINCT c FROM sbtest8 WHERE id BETWEEN 4556444 AND 4556543 ORDER BY c
	Unique  (cost=380.54..381.01 rows=95 width=121)
	  ->  Sort  (cost=380.54..380.77 rows=95 width=121)
	        Sort Key: c
	        ->  Index Scan using sbtest8_pkey on sbtest8  (cost=0.43..377.42 rows=95 width=121)
	              Index Cond: ((id >= 4556444) AND (id <= 4556543))

for: order_ranges
table 1 : explain SELECT c FROM sbtest1 WHERE id BETWEEN 8134931 AND 8135030 ORDER BY c
	Sort  (cost=393.09..393.33 rows=98 width=121)
	  Sort Key: c
	  ->  Index Scan using sbtest1_pkey on sbtest1  (cost=0.43..389.85 rows=98 width=121)
	        Index Cond: ((id >= 8134931) AND (id <= 8135030))

table 2 : explain SELECT c FROM sbtest2 WHERE id BETWEEN 893679 AND 893778 ORDER BY c
	Sort  (cost=444.61..444.88 rows=111 width=121)
	  Sort Key: c
	  ->  Index Scan using sbtest2_pkey on sbtest2  (cost=0.43..440.83 rows=111 width=121)
	        Index Cond: ((id >= 893679) AND (id <= 893778))

table 3 : explain SELECT c FROM sbtest3 WHERE id BETWEEN 7560508 AND 7560607 ORDER BY c
	Sort  (cost=420.00..420.26 rows=105 width=121)
	  Sort Key: c
	  ->  Index Scan using sbtest3_pkey on sbtest3  (cost=0.43..416.47 rows=105 width=121)
	        Index Cond: ((id >= 7560508) AND (id <= 7560607))

table 4 : explain SELECT c FROM sbtest4 WHERE id BETWEEN 1177527 AND 1177626 ORDER BY c
	Sort  (cost=451.52..451.80 rows=113 width=121)
	  Sort Key: c
	  ->  Index Scan using sbtest4_pkey on sbtest4  (cost=0.43..447.67 rows=113 width=121)
	        Index Cond: ((id >= 1177527) AND (id <= 1177626))

table 5 : explain SELECT c FROM sbtest5 WHERE id BETWEEN 1605113 AND 1605212 ORDER BY c
	Sort  (cost=407.93..408.19 rows=102 width=121)
	  Sort Key: c
	  ->  Index Scan using sbtest5_pkey on sbtest5  (cost=0.43..404.53 rows=102 width=121)
	        Index Cond: ((id >= 1605113) AND (id <= 1605212))

table 6 : explain SELECT c FROM sbtest6 WHERE id BETWEEN 7767417 AND 7767516 ORDER BY c
	Sort  (cost=402.24..402.49 rows=101 width=121)
	  Sort Key: c
	  ->  Index Scan using sbtest6_pkey on sbtest6  (cost=0.43..398.88 rows=101 width=121)
	        Index Cond: ((id >= 7767417) AND (id <= 7767516))

table 7 : explain SELECT c FROM sbtest7 WHERE id BETWEEN 222753 AND 222852 ORDER BY c
	Sort  (cost=413.36..413.62 rows=103 width=121)
	  Sort Key: c
	  ->  Index Scan using sbtest7_pkey on sbtest7  (cost=0.43..409.92 rows=103 width=121)
	        Index Cond: ((id >= 222753) AND (id <= 222852))

table 8 : explain SELECT c FROM sbtest8 WHERE id BETWEEN 7979696 AND 7979795 ORDER BY c
	Sort  (cost=368.64..368.87 rows=92 width=121)
	  Sort Key: c
	  ->  Index Scan using sbtest8_pkey on sbtest8  (cost=0.43..365.64 rows=92 width=121)
	        Index Cond: ((id >= 7979696) AND (id <= 7979795))

for: order_ranges
table 1 : explain SELECT c FROM sbtest1 WHERE id BETWEEN 7036985 AND 7037084 ORDER BY c
	Sort  (cost=409.00..409.25 rows=102 width=121)
	  Sort Key: c
	  ->  Index Scan using sbtest1_pkey on sbtest1  (cost=0.43..405.59 rows=102 width=121)
	        Index Cond: ((id >= 7036985) AND (id <= 7037084))

table 2 : explain SELECT c FROM sbtest2 WHERE id BETWEEN 3704725 AND 3704824 ORDER BY c
	Sort  (cost=396.95..397.20 rows=99 width=121)
	  Sort Key: c
	  ->  Index Scan using sbtest2_pkey on sbtest2  (cost=0.43..393.67 rows=99 width=121)
	        Index Cond: ((id >= 3704725) AND (id <= 3704824))

table 3 : explain SELECT c FROM sbtest3 WHERE id BETWEEN 2565026 AND 2565125 ORDER BY c
	Sort  (cost=396.22..396.46 rows=99 width=121)
	  Sort Key: c
	  ->  Index Scan using sbtest3_pkey on sbtest3  (cost=0.43..392.94 rows=99 width=121)
	        Index Cond: ((id >= 2565026) AND (id <= 2565125))

table 4 : explain SELECT c FROM sbtest4 WHERE id BETWEEN 5458225 AND 5458324 ORDER BY c
	Sort  (cost=380.21..380.45 rows=95 width=121)
	  Sort Key: c
	  ->  Index Scan using sbtest4_pkey on sbtest4  (cost=0.43..377.09 rows=95 width=121)
	        Index Cond: ((id >= 5458225) AND (id <= 5458324))

table 5 : explain SELECT c FROM sbtest5 WHERE id BETWEEN 5437820 AND 5437919 ORDER BY c
	Sort  (cost=396.05..396.30 rows=99 width=121)
	  Sort Key: c
	  ->  Index Scan using sbtest5_pkey on sbtest5  (cost=0.43..392.77 rows=99 width=121)
	        Index Cond: ((id >= 5437820) AND (id <= 5437919))

table 6 : explain SELECT c FROM sbtest6 WHERE id BETWEEN 7259445 AND 7259544 ORDER BY c
	Sort  (cost=374.60..374.84 rows=94 width=121)
	  Sort Key: c
	  ->  Index Scan using sbtest6_pkey on sbtest6  (cost=0.43..371.52 rows=94 width=121)
	        Index Cond: ((id >= 7259445) AND (id <= 7259544))

table 7 : explain SELECT c FROM sbtest7 WHERE id BETWEEN 4089340 AND 4089439 ORDER BY c
	Sort  (cost=405.41..405.66 rows=101 width=121)
	  Sort Key: c
	  ->  Index Scan using sbtest7_pkey on sbtest7  (cost=0.43..402.05 rows=101 width=121)
	        Index Cond: ((id >= 4089340) AND (id <= 4089439))

table 8 : explain SELECT c FROM sbtest8 WHERE id BETWEEN 68787 AND 68886 ORDER BY c
	Sort  (cost=396.42..396.67 rows=99 width=121)
	  Sort Key: c
	  ->  Index Scan using sbtest8_pkey on sbtest8  (cost=0.43..393.14 rows=99 width=121)
	        Index Cond: ((id >= 68787) AND (id <= 68886))

for: sum_ranges
table 1 : explain SELECT SUM(k) FROM sbtest1 WHERE id BETWEEN 5285918 AND 5286017
	Aggregate  (cost=445.19..445.20 rows=1 width=8)
	  ->  Index Scan using sbtest1_pkey on sbtest1  (cost=0.43..444.91 rows=112 width=4)
	        Index Cond: ((id >= 5285918) AND (id <= 5286017))

table 2 : explain SELECT SUM(k) FROM sbtest2 WHERE id BETWEEN 3863185 AND 3863284
	Aggregate  (cost=366.37..366.38 rows=1 width=8)
	  ->  Index Scan using sbtest2_pkey on sbtest2  (cost=0.43..366.14 rows=92 width=4)
	        Index Cond: ((id >= 3863185) AND (id <= 3863284))

table 3 : explain SELECT SUM(k) FROM sbtest3 WHERE id BETWEEN 2065251 AND 2065350
	Aggregate  (cost=361.76..361.77 rows=1 width=8)
	  ->  Index Scan using sbtest3_pkey on sbtest3  (cost=0.43..361.53 rows=91 width=4)
	        Index Cond: ((id >= 2065251) AND (id <= 2065350))

table 4 : explain SELECT SUM(k) FROM sbtest4 WHERE id BETWEEN 4486892 AND 4486991
	Aggregate  (cost=373.40..373.41 rows=1 width=8)
	  ->  Index Scan using sbtest4_pkey on sbtest4  (cost=0.43..373.17 rows=94 width=4)
	        Index Cond: ((id >= 4486892) AND (id <= 4486991))

table 5 : explain SELECT SUM(k) FROM sbtest5 WHERE id BETWEEN 5074993 AND 5075092
	Aggregate  (cost=408.71..408.72 rows=1 width=8)
	  ->  Index Scan using sbtest5_pkey on sbtest5  (cost=0.43..408.45 rows=103 width=4)
	        Index Cond: ((id >= 5074993) AND (id <= 5075092))

table 6 : explain SELECT SUM(k) FROM sbtest6 WHERE id BETWEEN 3303426 AND 3303525
	Aggregate  (cost=426.47..426.48 rows=1 width=8)
	  ->  Index Scan using sbtest6_pkey on sbtest6  (cost=0.43..426.20 rows=108 width=4)
	        Index Cond: ((id >= 3303426) AND (id <= 3303525))

table 7 : explain SELECT SUM(k) FROM sbtest7 WHERE id BETWEEN 9363245 AND 9363344
	Aggregate  (cost=445.62..445.63 rows=1 width=8)
	  ->  Index Scan using sbtest7_pkey on sbtest7  (cost=0.43..445.34 rows=112 width=4)
	        Index Cond: ((id >= 9363245) AND (id <= 9363344))

table 8 : explain SELECT SUM(k) FROM sbtest8 WHERE id BETWEEN 1761029 AND 1761128
	Aggregate  (cost=397.31..397.32 rows=1 width=8)
	  ->  Index Scan using sbtest8_pkey on sbtest8  (cost=0.43..397.06 rows=100 width=4)
	        Index Cond: ((id >= 1761029) AND (id <= 1761128))

for: order_ranges
table 1 : explain SELECT c FROM sbtest1 WHERE id BETWEEN 274208 AND 274307 ORDER BY c
	Sort  (cost=405.02..405.28 rows=101 width=121)
	  Sort Key: c
	  ->  Index Scan using sbtest1_pkey on sbtest1  (cost=0.43..401.66 rows=101 width=121)
	        Index Cond: ((id >= 274208) AND (id <= 274307))

table 2 : explain SELECT c FROM sbtest2 WHERE id BETWEEN 7585564 AND 7585663 ORDER BY c
	Sort  (cost=388.99..389.23 rows=97 width=121)
	  Sort Key: c
	  ->  Index Scan using sbtest2_pkey on sbtest2  (cost=0.43..385.79 rows=97 width=121)
	        Index Cond: ((id >= 7585564) AND (id <= 7585663))

table 3 : explain SELECT c FROM sbtest3 WHERE id BETWEEN 3439675 AND 3439774 ORDER BY c
	Sort  (cost=392.25..392.50 rows=98 width=121)
	  Sort Key: c
	  ->  Index Scan using sbtest3_pkey on sbtest3  (cost=0.43..389.01 rows=98 width=121)
	        Index Cond: ((id >= 3439675) AND (id <= 3439774))

table 4 : explain SELECT c FROM sbtest4 WHERE id BETWEEN 9248144 AND 9248243 ORDER BY c
	Sort  (cost=388.13..388.38 rows=97 width=121)
	  Sort Key: c
	  ->  Index Scan using sbtest4_pkey on sbtest4  (cost=0.43..384.93 rows=97 width=121)
	        Index Cond: ((id >= 9248144) AND (id <= 9248243))

table 5 : explain SELECT c FROM sbtest5 WHERE id BETWEEN 9661901 AND 9662000 ORDER BY c
	Sort  (cost=388.13..388.37 rows=97 width=121)
	  Sort Key: c
	  ->  Index Scan using sbtest5_pkey on sbtest5  (cost=0.43..384.93 rows=97 width=121)
	        Index Cond: ((id >= 9661901) AND (id <= 9662000))

table 6 : explain SELECT c FROM sbtest6 WHERE id BETWEEN 7445829 AND 7445928 ORDER BY c
	Sort  (cost=394.35..394.60 rows=99 width=121)
	  Sort Key: c
	  ->  Index Scan using sbtest6_pkey on sbtest6  (cost=0.43..391.07 rows=99 width=121)
	        Index Cond: ((id >= 7445829) AND (id <= 7445928))

table 7 : explain SELECT c FROM sbtest7 WHERE id BETWEEN 2475355 AND 2475454 ORDER BY c
	Sort  (cost=397.46..397.71 rows=99 width=121)
	  Sort Key: c
	  ->  Index Scan using sbtest7_pkey on sbtest7  (cost=0.43..394.18 rows=99 width=121)
	        Index Cond: ((id >= 2475355) AND (id <= 2475454))

table 8 : explain SELECT c FROM sbtest8 WHERE id BETWEEN 120639 AND 120738 ORDER BY c
	Sort  (cost=404.35..404.60 rows=101 width=121)
	  Sort Key: c
	  ->  Index Scan using sbtest8_pkey on sbtest8  (cost=0.43..400.99 rows=101 width=121)
	        Index Cond: ((id >= 120639) AND (id <= 120738))

for point_selects
table 1 : explain SELECT c FROM sbtest1 WHERE id=358635
	Index Scan using sbtest1_pkey on sbtest1  (cost=0.43..8.45 rows=1 width=121)
	  Index Cond: (id = 358635)

table 2 : explain SELECT c FROM sbtest2 WHERE id=6889048
	Index Scan using sbtest2_pkey on sbtest2  (cost=0.43..8.45 rows=1 width=121)
	  Index Cond: (id = 6889048)

table 3 : explain SELECT c FROM sbtest3 WHERE id=5829921
	Index Scan using sbtest3_pkey on sbtest3  (cost=0.43..8.45 rows=1 width=121)
	  Index Cond: (id = 5829921)

table 4 : explain SELECT c FROM sbtest4 WHERE id=6286818
	Index Scan using sbtest4_pkey on sbtest4  (cost=0.43..8.45 rows=1 width=121)
	  Index Cond: (id = 6286818)

table 5 : explain SELECT c FROM sbtest5 WHERE id=3074350
	Index Scan using sbtest5_pkey on sbtest5  (cost=0.43..8.45 rows=1 width=121)
	  Index Cond: (id = 3074350)

table 6 : explain SELECT c FROM sbtest6 WHERE id=7039800
	Index Scan using sbtest6_pkey on sbtest6  (cost=0.43..8.45 rows=1 width=121)
	  Index Cond: (id = 7039800)

table 7 : explain SELECT c FROM sbtest7 WHERE id=750878
	Index Scan using sbtest7_pkey on sbtest7  (cost=0.43..8.45 rows=1 width=121)
	  Index Cond: (id = 750878)

table 8 : explain SELECT c FROM sbtest8 WHERE id=2625164
	Index Scan using sbtest8_pkey on sbtest8  (cost=0.43..8.45 rows=1 width=121)
	  Index Cond: (id = 2625164)

for: order_ranges
table 1 : explain SELECT c FROM sbtest1 WHERE id BETWEEN 3453986 AND 3454085 ORDER BY c
	Sort  (cost=416.94..417.20 rows=104 width=121)
	  Sort Key: c
	  ->  Index Scan using sbtest1_pkey on sbtest1  (cost=0.43..413.46 rows=104 width=121)
	        Index Cond: ((id >= 3453986) AND (id <= 3454085))

table 2 : explain SELECT c FROM sbtest2 WHERE id BETWEEN 298103 AND 298202 ORDER BY c
	Sort  (cost=412.84..413.09 rows=103 width=121)
	  Sort Key: c
	  ->  Index Scan using sbtest2_pkey on sbtest2  (cost=0.43..409.39 rows=103 width=121)
	        Index Cond: ((id >= 298103) AND (id <= 298202))

table 3 : explain SELECT c FROM sbtest3 WHERE id BETWEEN 4601642 AND 4601741 ORDER BY c
	Sort  (cost=412.07..412.33 rows=103 width=121)
	  Sort Key: c
	  ->  Index Scan using sbtest3_pkey on sbtest3  (cost=0.43..408.63 rows=103 width=121)
	        Index Cond: ((id >= 4601642) AND (id <= 4601741))

table 4 : explain SELECT c FROM sbtest4 WHERE id BETWEEN 1588443 AND 1588542 ORDER BY c
	Sort  (cost=403.98..404.23 rows=101 width=121)
	  Sort Key: c
	  ->  Index Scan using sbtest4_pkey on sbtest4  (cost=0.43..400.62 rows=101 width=121)
	        Index Cond: ((id >= 1588443) AND (id <= 1588542))

table 5 : explain SELECT c FROM sbtest5 WHERE id BETWEEN 7413527 AND 7413626 ORDER BY c
	Sort  (cost=388.13..388.37 rows=97 width=121)
	  Sort Key: c
	  ->  Index Scan using sbtest5_pkey on sbtest5  (cost=0.43..384.93 rows=97 width=121)
	        Index Cond: ((id >= 7413527) AND (id <= 7413626))

table 6 : explain SELECT c FROM sbtest6 WHERE id BETWEEN 1406713 AND 1406812 ORDER BY c
	Sort  (cost=418.01..418.28 rows=105 width=121)
	  Sort Key: c
	  ->  Index Scan using sbtest6_pkey on sbtest6  (cost=0.43..414.49 rows=105 width=121)
	        Index Cond: ((id >= 1406713) AND (id <= 1406812))

table 7 : explain SELECT c FROM sbtest7 WHERE id BETWEEN 7145470 AND 7145569 ORDER BY c
	Sort  (cost=445.17..445.45 rows=111 width=121)
	  Sort Key: c
	  ->  Index Scan using sbtest7_pkey on sbtest7  (cost=0.43..441.40 rows=111 width=121)
	        Index Cond: ((id >= 7145470) AND (id <= 7145569))

table 8 : explain SELECT c FROM sbtest8 WHERE id BETWEEN 2274357 AND 2274456 ORDER BY c
	Sort  (cost=440.04..440.31 rows=110 width=121)
	  Sort Key: c
	  ->  Index Scan using sbtest8_pkey on sbtest8  (cost=0.43..436.31 rows=110 width=121)
	        Index Cond: ((id >= 2274357) AND (id <= 2274456))

for: simple_ranges
table 1 : explain SELECT c FROM sbtest1 WHERE id BETWEEN 9817015 AND 9817114
	Index Scan using sbtest1_pkey on sbtest1  (cost=0.43..413.46 rows=104 width=121)
	  Index Cond: ((id >= 9817015) AND (id <= 9817114))

table 2 : explain SELECT c FROM sbtest2 WHERE id BETWEEN 7572418 AND 7572517
	Index Scan using sbtest2_pkey on sbtest2  (cost=0.43..385.79 rows=97 width=121)
	  Index Cond: ((id >= 7572418) AND (id <= 7572517))

table 3 : explain SELECT c FROM sbtest3 WHERE id BETWEEN 7540360 AND 7540459
	Index Scan using sbtest3_pkey on sbtest3  (cost=0.43..424.32 rows=107 width=121)
	  Index Cond: ((id >= 7540360) AND (id <= 7540459))

table 4 : explain SELECT c FROM sbtest4 WHERE id BETWEEN 3800956 AND 3801055
	Index Scan using sbtest4_pkey on sbtest4  (cost=0.43..365.33 rows=92 width=121)
	  Index Cond: ((id >= 3800956) AND (id <= 3801055))

table 5 : explain SELECT c FROM sbtest5 WHERE id BETWEEN 5599029 AND 5599128
	Index Scan using sbtest5_pkey on sbtest5  (cost=0.43..357.48 rows=90 width=121)
	  Index Cond: ((id >= 5599029) AND (id <= 5599128))

table 6 : explain SELECT c FROM sbtest6 WHERE id BETWEEN 3231855 AND 3231954
	Index Scan using sbtest6_pkey on sbtest6  (cost=0.43..422.30 rows=107 width=121)
	  Index Cond: ((id >= 3231855) AND (id <= 3231954))

table 7 : explain SELECT c FROM sbtest7 WHERE id BETWEEN 2758913 AND 2759012
	Index Scan using sbtest7_pkey on sbtest7  (cost=0.43..390.22 rows=98 width=121)
	  Index Cond: ((id >= 2758913) AND (id <= 2759012))

table 8 : explain SELECT c FROM sbtest8 WHERE id BETWEEN 965257 AND 965356
	Index Scan using sbtest8_pkey on sbtest8  (cost=0.43..393.14 rows=99 width=121)
	  Index Cond: ((id >= 965257) AND (id <= 965356))

for point_selects
table 1 : explain SELECT c FROM sbtest1 WHERE id=2807111
	Index Scan using sbtest1_pkey on sbtest1  (cost=0.43..8.45 rows=1 width=121)
	  Index Cond: (id = 2807111)

table 2 : explain SELECT c FROM sbtest2 WHERE id=8966673
	Index Scan using sbtest2_pkey on sbtest2  (cost=0.43..8.45 rows=1 width=121)
	  Index Cond: (id = 8966673)

table 3 : explain SELECT c FROM sbtest3 WHERE id=6624373
	Index Scan using sbtest3_pkey on sbtest3  (cost=0.43..8.45 rows=1 width=121)
	  Index Cond: (id = 6624373)

table 4 : explain SELECT c FROM sbtest4 WHERE id=66122
	Index Scan using sbtest4_pkey on sbtest4  (cost=0.43..8.45 rows=1 width=121)
	  Index Cond: (id = 66122)

table 5 : explain SELECT c FROM sbtest5 WHERE id=1435816
	Index Scan using sbtest5_pkey on sbtest5  (cost=0.43..8.45 rows=1 width=121)
	  Index Cond: (id = 1435816)

table 6 : explain SELECT c FROM sbtest6 WHERE id=1334723
	Index Scan using sbtest6_pkey on sbtest6  (cost=0.43..8.45 rows=1 width=121)
	  Index Cond: (id = 1334723)

table 7 : explain SELECT c FROM sbtest7 WHERE id=6964250
	Index Scan using sbtest7_pkey on sbtest7  (cost=0.43..8.45 rows=1 width=121)
	  Index Cond: (id = 6964250)

table 8 : explain SELECT c FROM sbtest8 WHERE id=2123038
	Index Scan using sbtest8_pkey on sbtest8  (cost=0.43..8.45 rows=1 width=121)
	  Index Cond: (id = 2123038)

for: sum_ranges
table 1 : explain SELECT SUM(k) FROM sbtest1 WHERE id BETWEEN 7822958 AND 7823057
	Aggregate  (cost=370.42..370.43 rows=1 width=8)
	  ->  Index Scan using sbtest1_pkey on sbtest1  (cost=0.43..370.19 rows=93 width=4)
	        Index Cond: ((id >= 7822958) AND (id <= 7823057))

table 2 : explain SELECT SUM(k) FROM sbtest2 WHERE id BETWEEN 4733330 AND 4733429
	Aggregate  (cost=389.99..390.00 rows=1 width=8)
	  ->  Index Scan using sbtest2_pkey on sbtest2  (cost=0.43..389.74 rows=98 width=4)
	        Index Cond: ((id >= 4733330) AND (id <= 4733429))

table 3 : explain SELECT SUM(k) FROM sbtest3 WHERE id BETWEEN 7497099 AND 7497198
	Aggregate  (cost=424.58..424.59 rows=1 width=8)
	  ->  Index Scan using sbtest3_pkey on sbtest3  (cost=0.43..424.32 rows=107 width=4)
	        Index Cond: ((id >= 7497099) AND (id <= 7497198))

table 4 : explain SELECT SUM(k) FROM sbtest4 WHERE id BETWEEN 4403386 AND 4403485
	Aggregate  (cost=373.40..373.41 rows=1 width=8)
	  ->  Index Scan using sbtest4_pkey on sbtest4  (cost=0.43..373.17 rows=94 width=4)
	        Index Cond: ((id >= 4403386) AND (id <= 4403485))

table 5 : explain SELECT SUM(k) FROM sbtest5 WHERE id BETWEEN 6030305 AND 6030404
	Aggregate  (cost=373.40..373.41 rows=1 width=8)
	  ->  Index Scan using sbtest5_pkey on sbtest5  (cost=0.43..373.16 rows=94 width=4)
	        Index Cond: ((id >= 6030305) AND (id <= 6030404))

table 6 : explain SELECT SUM(k) FROM sbtest6 WHERE id BETWEEN 2403035 AND 2403134
	Aggregate  (cost=371.76..371.77 rows=1 width=8)
	  ->  Index Scan using sbtest6_pkey on sbtest6  (cost=0.43..371.52 rows=94 width=4)
	        Index Cond: ((id >= 2403035) AND (id <= 2403134))

table 7 : explain SELECT SUM(k) FROM sbtest7 WHERE id BETWEEN 49204 AND 49303
	Aggregate  (cost=362.90..362.91 rows=1 width=8)
	  ->  Index Scan using sbtest7_pkey on sbtest7  (cost=0.43..362.67 rows=91 width=4)
	        Index Cond: ((id >= 49204) AND (id <= 49303))

table 8 : explain SELECT SUM(k) FROM sbtest8 WHERE id BETWEEN 6037981 AND 6038080
	Aggregate  (cost=342.31..342.32 rows=1 width=8)
	  ->  Index Scan using sbtest8_pkey on sbtest8  (cost=0.43..342.09 rows=86 width=4)
	        Index Cond: ((id >= 6037981) AND (id <= 6038080))

for: distinct_ranges
table 1 : explain SELECT DISTINCT c FROM sbtest1 WHERE id BETWEEN 8581413 AND 8581512 ORDER BY c
	Unique  (cost=385.14..385.62 rows=96 width=121)
	  ->  Sort  (cost=385.14..385.38 rows=96 width=121)
	        Sort Key: c
	        ->  Index Scan using sbtest1_pkey on sbtest1  (cost=0.43..381.98 rows=96 width=121)
	              Index Cond: ((id >= 8581413) AND (id <= 8581512))

table 2 : explain SELECT DISTINCT c FROM sbtest2 WHERE id BETWEEN 8315263 AND 8315362 ORDER BY c
	Unique  (cost=385.02..385.50 rows=96 width=121)
	  ->  Sort  (cost=385.02..385.26 rows=96 width=121)
	        Sort Key: c
	        ->  Index Scan using sbtest2_pkey on sbtest2  (cost=0.43..381.86 rows=96 width=121)
	              Index Cond: ((id >= 8315263) AND (id <= 8315362))

table 3 : explain SELECT DISTINCT c FROM sbtest3 WHERE id BETWEEN 8978165 AND 8978264 ORDER BY c
	Unique  (cost=348.64..349.08 rows=87 width=121)
	  ->  Sort  (cost=348.64..348.86 rows=87 width=121)
	        Sort Key: c
	        ->  Index Scan using sbtest3_pkey on sbtest3  (cost=0.43..345.84 rows=87 width=121)
	              Index Cond: ((id >= 8978165) AND (id <= 8978264))

table 4 : explain SELECT DISTINCT c FROM sbtest4 WHERE id BETWEEN 7550629 AND 7550728 ORDER BY c
	Unique  (cost=407.94..408.45 rows=102 width=121)
	  ->  Sort  (cost=407.94..408.19 rows=102 width=121)
	        Sort Key: c
	        ->  Index Scan using sbtest4_pkey on sbtest4  (cost=0.43..404.54 rows=102 width=121)
	              Index Cond: ((id >= 7550629) AND (id <= 7550728))

table 5 : explain SELECT DISTINCT c FROM sbtest5 WHERE id BETWEEN 588894 AND 588993 ORDER BY c
	Unique  (cost=415.86..416.38 rows=104 width=121)
	  ->  Sort  (cost=415.86..416.12 rows=104 width=121)
	        Sort Key: c
	        ->  Index Scan using sbtest5_pkey on sbtest5  (cost=0.43..412.37 rows=104 width=121)
	              Index Cond: ((id >= 588894) AND (id <= 588993))

table 6 : explain SELECT DISTINCT c FROM sbtest6 WHERE id BETWEEN 1735324 AND 1735423 ORDER BY c
	Unique  (cost=386.43..386.92 rows=97 width=121)
	  ->  Sort  (cost=386.43..386.68 rows=97 width=121)
	        Sort Key: c
	        ->  Index Scan using sbtest6_pkey on sbtest6  (cost=0.43..383.23 rows=97 width=121)
	              Index Cond: ((id >= 1735324) AND (id <= 1735423))

table 7 : explain SELECT DISTINCT c FROM sbtest7 WHERE id BETWEEN 494610 AND 494709 ORDER BY c
	Unique  (cost=461.08..461.65 rows=115 width=121)
	  ->  Sort  (cost=461.08..461.36 rows=115 width=121)
	        Sort Key: c
	        ->  Index Scan using sbtest7_pkey on sbtest7  (cost=0.43..457.14 rows=115 width=121)
	              Index Cond: ((id >= 494610) AND (id <= 494709))

table 8 : explain SELECT DISTINCT c FROM sbtest8 WHERE id BETWEEN 2502853 AND 2502952 ORDER BY c
	Unique  (cost=440.04..440.59 rows=110 width=121)
	  ->  Sort  (cost=440.04..440.31 rows=110 width=121)
	        Sort Key: c
	        ->  Index Scan using sbtest8_pkey on sbtest8  (cost=0.43..436.31 rows=110 width=121)
	              Index Cond: ((id >= 2502853) AND (id <= 2502952))

for: order_ranges
table 1 : explain SELECT c FROM sbtest1 WHERE id BETWEEN 7480285 AND 7480384 ORDER BY c
	Sort  (cost=397.08..397.33 rows=99 width=121)
	  Sort Key: c
	  ->  Index Scan using sbtest1_pkey on sbtest1  (cost=0.43..393.80 rows=99 width=121)
	        Index Cond: ((id >= 7480285) AND (id <= 7480384))

table 2 : explain SELECT c FROM sbtest2 WHERE id BETWEEN 7438080 AND 7438179 ORDER BY c
	Sort  (cost=404.90..405.15 rows=101 width=121)
	  Sort Key: c
	  ->  Index Scan using sbtest2_pkey on sbtest2  (cost=0.43..401.53 rows=101 width=121)
	        Index Cond: ((id >= 7438080) AND (id <= 7438179))

table 3 : explain SELECT c FROM sbtest3 WHERE id BETWEEN 5816682 AND 5816781 ORDER BY c
	Sort  (cost=396.22..396.46 rows=99 width=121)
	  Sort Key: c
	  ->  Index Scan using sbtest3_pkey on sbtest3  (cost=0.43..392.94 rows=99 width=121)
	        Index Cond: ((id >= 5816682) AND (id <= 5816781))

table 4 : explain SELECT c FROM sbtest4 WHERE id BETWEEN 5066549 AND 5066648 ORDER BY c
	Sort  (cost=392.09..392.34 rows=98 width=121)
	  Sort Key: c
	  ->  Index Scan using sbtest4_pkey on sbtest4  (cost=0.43..388.85 rows=98 width=121)
	        Index Cond: ((id >= 5066549) AND (id <= 5066648))

table 5 : explain SELECT c FROM sbtest5 WHERE id BETWEEN 7290619 AND 7290718 ORDER BY c
	Sort  (cost=435.66..435.94 rows=109 width=121)
	  Sort Key: c
	  ->  Index Scan using sbtest5_pkey on sbtest5  (cost=0.43..431.98 rows=109 width=121)
	        Index Cond: ((id >= 7290619) AND (id <= 7290718))

table 6 : explain SELECT c FROM sbtest6 WHERE id BETWEEN 4873109 AND 4873208 ORDER BY c
	Sort  (cost=339.12..339.33 rows=85 width=121)
	  Sort Key: c
	  ->  Index Scan using sbtest6_pkey on sbtest6  (cost=0.43..336.39 rows=85 width=121)
	        Index Cond: ((id >= 4873109) AND (id <= 4873208))

table 7 : explain SELECT c FROM sbtest7 WHERE id BETWEEN 7817277 AND 7817376 ORDER BY c
	Sort  (cost=385.51..385.75 rows=96 width=121)
	  Sort Key: c
	  ->  Index Scan using sbtest7_pkey on sbtest7  (cost=0.43..382.35 rows=96 width=121)
	        Index Cond: ((id >= 7817277) AND (id <= 7817376))

table 8 : explain SELECT c FROM sbtest8 WHERE id BETWEEN 866983 AND 867082 ORDER BY c
	Sort  (cost=376.57..376.81 rows=94 width=121)
	  Sort Key: c
	  ->  Index Scan using sbtest8_pkey on sbtest8  (cost=0.43..373.49 rows=94 width=121)
	        Index Cond: ((id >= 866983) AND (id <= 867082))

for: order_ranges
table 1 : explain SELECT c FROM sbtest1 WHERE id BETWEEN 5207196 AND 5207295 ORDER BY c
	Sort  (cost=385.14..385.38 rows=96 width=121)
	  Sort Key: c
	  ->  Index Scan using sbtest1_pkey on sbtest1  (cost=0.43..381.98 rows=96 width=121)
	        Index Cond: ((id >= 5207196) AND (id <= 5207295))

table 2 : explain SELECT c FROM sbtest2 WHERE id BETWEEN 431880 AND 431979 ORDER BY c
	Sort  (cost=373.11..373.34 rows=93 width=121)
	  Sort Key: c
	  ->  Index Scan using sbtest2_pkey on sbtest2  (cost=0.43..370.07 rows=93 width=121)
	        Index Cond: ((id >= 431880) AND (id <= 431979))

table 3 : explain SELECT c FROM sbtest3 WHERE id BETWEEN 3095962 AND 3096061 ORDER BY c
	Sort  (cost=388.27..388.51 rows=97 width=121)
	  Sort Key: c
	  ->  Index Scan using sbtest3_pkey on sbtest3  (cost=0.43..385.07 rows=97 width=121)
	        Index Cond: ((id >= 3095962) AND (id <= 3096061))

table 4 : explain SELECT c FROM sbtest4 WHERE id BETWEEN 6999193 AND 6999292 ORDER BY c
	Sort  (cost=415.86..416.12 rows=104 width=121)
	  Sort Key: c
	  ->  Index Scan using sbtest4_pkey on sbtest4  (cost=0.43..412.38 rows=104 width=121)
	        Index Cond: ((id >= 6999193) AND (id <= 6999292))

table 5 : explain SELECT c FROM sbtest5 WHERE id BETWEEN 3634793 AND 3634892 ORDER BY c
	Sort  (cost=396.05..396.30 rows=99 width=121)
	  Sort Key: c
	  ->  Index Scan using sbtest5_pkey on sbtest5  (cost=0.43..392.77 rows=99 width=121)
	        Index Cond: ((id >= 3634793) AND (id <= 3634892))

table 6 : explain SELECT c FROM sbtest6 WHERE id BETWEEN 977681 AND 977780 ORDER BY c
	Sort  (cost=362.77..363.00 rows=91 width=121)
	  Sort Key: c
	  ->  Index Scan using sbtest6_pkey on sbtest6  (cost=0.43..359.81 rows=91 width=121)
	        Index Cond: ((id >= 977681) AND (id <= 977780))

table 7 : explain SELECT c FROM sbtest7 WHERE id BETWEEN 5381892 AND 5381991 ORDER BY c
	Sort  (cost=389.49..389.73 rows=97 width=121)
	  Sort Key: c
	  ->  Index Scan using sbtest7_pkey on sbtest7  (cost=0.43..386.28 rows=97 width=121)
	        Index Cond: ((id >= 5381892) AND (id <= 5381991))

table 8 : explain SELECT c FROM sbtest8 WHERE id BETWEEN 2877021 AND 2877120 ORDER BY c
	Sort  (cost=348.82..349.04 rows=87 width=121)
	  Sort Key: c
	  ->  Index Scan using sbtest8_pkey on sbtest8  (cost=0.43..346.02 rows=87 width=121)
	        Index Cond: ((id >= 2877021) AND (id <= 2877120))

for: distinct_ranges
table 1 : explain SELECT DISTINCT c FROM sbtest1 WHERE id BETWEEN 642489 AND 642588 ORDER BY c
	Unique  (cost=412.97..413.48 rows=103 width=121)
	  ->  Sort  (cost=412.97..413.23 rows=103 width=121)
	        Sort Key: c
	        ->  Index Scan using sbtest1_pkey on sbtest1  (cost=0.43..409.52 rows=103 width=121)
	              Index Cond: ((id >= 642489) AND (id <= 642588))

table 2 : explain SELECT DISTINCT c FROM sbtest2 WHERE id BETWEEN 7934369 AND 7934468 ORDER BY c
	Unique  (cost=381.05..381.53 rows=95 width=121)
	  ->  Sort  (cost=381.05..381.29 rows=95 width=121)
	        Sort Key: c
	        ->  Index Scan using sbtest2_pkey on sbtest2  (cost=0.43..377.93 rows=95 width=121)
	              Index Cond: ((id >= 7934369) AND (id <= 7934468))

table 3 : explain SELECT DISTINCT c FROM sbtest3 WHERE id BETWEEN 8382685 AND 8382784 ORDER BY c
	Unique  (cost=364.49..364.95 rows=91 width=121)
	  ->  Sort  (cost=364.49..364.72 rows=91 width=121)
	        Sort Key: c
	        ->  Index Scan using sbtest3_pkey on sbtest3  (cost=0.43..361.53 rows=91 width=121)
	              Index Cond: ((id >= 8382685) AND (id <= 8382784))

table 4 : explain SELECT DISTINCT c FROM sbtest4 WHERE id BETWEEN 7798346 AND 7798445 ORDER BY c
	Unique  (cost=400.02..400.52 rows=100 width=121)
	  ->  Sort  (cost=400.02..400.27 rows=100 width=121)
	        Sort Key: c
	        ->  Index Scan using sbtest4_pkey on sbtest4  (cost=0.43..396.69 rows=100 width=121)
	              Index Cond: ((id >= 7798346) AND (id <= 7798445))

table 5 : explain SELECT DISTINCT c FROM sbtest5 WHERE id BETWEEN 3579663 AND 3579762 ORDER BY c
	Unique  (cost=348.50..348.93 rows=87 width=121)
	  ->  Sort  (cost=348.50..348.71 rows=87 width=121)
	        Sort Key: c
	        ->  Index Scan using sbtest5_pkey on sbtest5  (cost=0.43..345.69 rows=87 width=121)
	              Index Cond: ((id >= 3579663) AND (id <= 3579762))

table 6 : explain SELECT DISTINCT c FROM sbtest6 WHERE id BETWEEN 8754840 AND 8754939 ORDER BY c
	Unique  (cost=386.46..386.95 rows=97 width=121)
	  ->  Sort  (cost=386.46..386.71 rows=97 width=121)
	        Sort Key: c
	        ->  Index Scan using sbtest6_pkey on sbtest6  (cost=0.43..383.26 rows=97 width=121)
	              Index Cond: ((id >= 8754840) AND (id <= 8754939))

table 7 : explain SELECT DISTINCT c FROM sbtest7 WHERE id BETWEEN 1055685 AND 1055784 ORDER BY c
	Unique  (cost=341.79..342.21 rows=85 width=121)
	  ->  Sort  (cost=341.79..342.00 rows=85 width=121)
	        Sort Key: c
	        ->  Index Scan using sbtest7_pkey on sbtest7  (cost=0.43..339.06 rows=85 width=121)
	              Index Cond: ((id >= 1055685) AND (id <= 1055784))

table 8 : explain SELECT DISTINCT c FROM sbtest8 WHERE id BETWEEN 2839446 AND 2839545 ORDER BY c
	Unique  (cost=348.82..349.26 rows=87 width=121)
	  ->  Sort  (cost=348.82..349.04 rows=87 width=121)
	        Sort Key: c
	        ->  Index Scan using sbtest8_pkey on sbtest8  (cost=0.43..346.02 rows=87 width=121)
	              Index Cond: ((id >= 2839446) AND (id <= 2839545))

for: simple_ranges
table 1 : explain SELECT c FROM sbtest1 WHERE id BETWEEN 9669131 AND 9669230
	Index Scan using sbtest1_pkey on sbtest1  (cost=0.43..444.91 rows=112 width=121)
	  Index Cond: ((id >= 9669131) AND (id <= 9669230))

table 2 : explain SELECT c FROM sbtest2 WHERE id BETWEEN 2543525 AND 2543624
	Index Scan using sbtest2_pkey on sbtest2  (cost=0.43..389.74 rows=98 width=121)
	  Index Cond: ((id >= 2543525) AND (id <= 2543624))

table 3 : explain SELECT c FROM sbtest3 WHERE id BETWEEN 4331973 AND 4332072
	Index Scan using sbtest3_pkey on sbtest3  (cost=0.43..412.55 rows=104 width=121)
	  Index Cond: ((id >= 4331973) AND (id <= 4332072))

table 4 : explain SELECT c FROM sbtest4 WHERE id BETWEEN 9687901 AND 9688000
	Index Scan using sbtest4_pkey on sbtest4  (cost=0.43..377.09 rows=95 width=121)
	  Index Cond: ((id >= 9687901) AND (id <= 9688000))

table 5 : explain SELECT c FROM sbtest5 WHERE id BETWEEN 9648248 AND 9648347
	Index Scan using sbtest5_pkey on sbtest5  (cost=0.43..384.93 rows=97 width=121)
	  Index Cond: ((id >= 9648248) AND (id <= 9648347))

table 6 : explain SELECT c FROM sbtest6 WHERE id BETWEEN 9129340 AND 9129439
	Index Scan using sbtest6_pkey on sbtest6  (cost=0.43..418.39 rows=106 width=121)
	  Index Cond: ((id >= 9129340) AND (id <= 9129439))

table 7 : explain SELECT c FROM sbtest7 WHERE id BETWEEN 3474916 AND 3475015
	Index Scan using sbtest7_pkey on sbtest7  (cost=0.43..378.41 rows=95 width=121)
	  Index Cond: ((id >= 3474916) AND (id <= 3475015))

table 8 : explain SELECT c FROM sbtest8 WHERE id BETWEEN 2372367 AND 2372466
	Index Scan using sbtest8_pkey on sbtest8  (cost=0.43..397.06 rows=100 width=121)
	  Index Cond: ((id >= 2372367) AND (id <= 2372466))

explain: for point_selects :: explain SELECT c FROM sbtest%u WHERE id=%u
for: simple_ranges
table 1 : explain SELECT c FROM sbtest1 WHERE id BETWEEN 1789073 AND 1789172
	Index Scan using sbtest1_pkey on sbtest1  (cost=0.43..405.59 rows=102 width=121)
	  Index Cond: ((id >= 1789073) AND (id <= 1789172))

table 2 : explain SELECT c FROM sbtest2 WHERE id BETWEEN 6122498 AND 6122597
	Index Scan using sbtest2_pkey on sbtest2  (cost=0.43..401.53 rows=101 width=121)
	  Index Cond: ((id >= 6122498) AND (id <= 6122597))

table 3 : explain SELECT c FROM sbtest3 WHERE id BETWEEN 9485283 AND 9485382
	Index Scan using sbtest3_pkey on sbtest3  (cost=0.43..440.01 rows=111 width=121)
	  Index Cond: ((id >= 9485283) AND (id <= 9485382))

table 4 : explain SELECT c FROM sbtest4 WHERE id BETWEEN 6288146 AND 6288245
	Index Scan using sbtest4_pkey on sbtest4  (cost=0.43..408.46 rows=103 width=121)
	  Index Cond: ((id >= 6288146) AND (id <= 6288245))

table 5 : explain SELECT c FROM sbtest5 WHERE id BETWEEN 4765015 AND 4765114
	Index Scan using sbtest5_pkey on sbtest5  (cost=0.43..420.21 rows=106 width=121)
	  Index Cond: ((id >= 4765015) AND (id <= 4765114))

table 6 : explain SELECT c FROM sbtest6 WHERE id BETWEEN 71430 AND 71529
	Index Scan using sbtest6_pkey on sbtest6  (cost=0.43..410.59 rows=104 width=121)
	  Index Cond: ((id >= 71430) AND (id <= 71529))

table 7 : explain SELECT c FROM sbtest7 WHERE id BETWEEN 1498168 AND 1498267
	Index Scan using sbtest7_pkey on sbtest7  (cost=0.43..405.98 rows=102 width=121)
	  Index Cond: ((id >= 1498168) AND (id <= 1498267))

table 8 : explain SELECT c FROM sbtest8 WHERE id BETWEEN 4501824 AND 4501923
	Index Scan using sbtest8_pkey on sbtest8  (cost=0.43..377.42 rows=95 width=121)
	  Index Cond: ((id >= 4501824) AND (id <= 4501923))

for: order_ranges
table 1 : explain SELECT c FROM sbtest1 WHERE id BETWEEN 4912529 AND 4912628 ORDER BY c
	Sort  (cost=373.23..373.46 rows=93 width=121)
	  Sort Key: c
	  ->  Index Scan using sbtest1_pkey on sbtest1  (cost=0.43..370.19 rows=93 width=121)
	        Index Cond: ((id >= 4912529) AND (id <= 4912628))

table 2 : explain SELECT c FROM sbtest2 WHERE id BETWEEN 1063452 AND 1063551 ORDER BY c
	Sort  (cost=420.78..421.04 rows=105 width=121)
	  Sort Key: c
	  ->  Index Scan using sbtest2_pkey on sbtest2  (cost=0.43..417.25 rows=105 width=121)
	        Index Cond: ((id >= 1063452) AND (id <= 1063551))

table 3 : explain SELECT c FROM sbtest3 WHERE id BETWEEN 5626675 AND 5626774 ORDER BY c
	Sort  (cost=404.14..404.40 rows=101 width=121)
	  Sort Key: c
	  ->  Index Scan using sbtest3_pkey on sbtest3  (cost=0.43..400.78 rows=101 width=121)
	        Index Cond: ((id >= 5626675) AND (id <= 5626774))

table 4 : explain SELECT c FROM sbtest4 WHERE id BETWEEN 1669992 AND 1670091 ORDER BY c
	Sort  (cost=419.82..420.09 rows=105 width=121)
	  Sort Key: c
	  ->  Index Scan using sbtest4_pkey on sbtest4  (cost=0.43..416.30 rows=105 width=121)
	        Index Cond: ((id >= 1669992) AND (id <= 1670091))

table 5 : explain SELECT c FROM sbtest5 WHERE id BETWEEN 7524966 AND 7525065 ORDER BY c
	Sort  (cost=396.05..396.30 rows=99 width=121)
	  Sort Key: c
	  ->  Index Scan using sbtest5_pkey on sbtest5  (cost=0.43..392.77 rows=99 width=121)
	        Index Cond: ((id >= 7524966) AND (id <= 7525065))

table 6 : explain SELECT c FROM sbtest6 WHERE id BETWEEN 509248 AND 509347 ORDER BY c
	Sort  (cost=394.35..394.60 rows=99 width=121)
	  Sort Key: c
	  ->  Index Scan using sbtest6_pkey on sbtest6  (cost=0.43..391.07 rows=99 width=121)
	        Index Cond: ((id >= 509248) AND (id <= 509347))

table 7 : explain SELECT c FROM sbtest7 WHERE id BETWEEN 9611459 AND 9611558 ORDER BY c
	Sort  (cost=361.66..361.88 rows=90 width=121)
	  Sort Key: c
	  ->  Index Scan using sbtest7_pkey on sbtest7  (cost=0.43..358.74 rows=90 width=121)
	        Index Cond: ((id >= 9611459) AND (id <= 9611558))

table 8 : explain SELECT c FROM sbtest8 WHERE id BETWEEN 5537087 AND 5537186 ORDER BY c
	Sort  (cost=412.28..412.54 rows=103 width=121)
	  Sort Key: c
	  ->  Index Scan using sbtest8_pkey on sbtest8  (cost=0.43..408.84 rows=103 width=121)
	        Index Cond: ((id >= 5537087) AND (id <= 5537186))

for: distinct_ranges
table 1 : explain SELECT DISTINCT c FROM sbtest1 WHERE id BETWEEN 4924464 AND 4924563 ORDER BY c
	Unique  (cost=373.23..373.69 rows=93 width=121)
	  ->  Sort  (cost=373.23..373.46 rows=93 width=121)
	        Sort Key: c
	        ->  Index Scan using sbtest1_pkey on sbtest1  (cost=0.43..370.19 rows=93 width=121)
	              Index Cond: ((id >= 4924464) AND (id <= 4924563))

table 2 : explain SELECT DISTINCT c FROM sbtest2 WHERE id BETWEEN 1262363 AND 1262462 ORDER BY c
	Unique  (cost=424.75..425.28 rows=106 width=121)
	  ->  Sort  (cost=424.75..425.01 rows=106 width=121)
	        Sort Key: c
	        ->  Index Scan using sbtest2_pkey on sbtest2  (cost=0.43..421.18 rows=106 width=121)
	              Index Cond: ((id >= 1262363) AND (id <= 1262462))

table 3 : explain SELECT DISTINCT c FROM sbtest3 WHERE id BETWEEN 681644 AND 681743 ORDER BY c
	Unique  (cost=392.25..392.74 rows=98 width=121)
	  ->  Sort  (cost=392.25..392.50 rows=98 width=121)
	        Sort Key: c
	        ->  Index Scan using sbtest3_pkey on sbtest3  (cost=0.43..389.01 rows=98 width=121)
	              Index Cond: ((id >= 681644) AND (id <= 681743))

table 4 : explain SELECT DISTINCT c FROM sbtest4 WHERE id BETWEEN 2806502 AND 2806601 ORDER BY c
	Unique  (cost=403.98..404.48 rows=101 width=121)
	  ->  Sort  (cost=403.98..404.23 rows=101 width=121)
	        Sort Key: c
	        ->  Index Scan using sbtest4_pkey on sbtest4  (cost=0.43..400.62 rows=101 width=121)
	              Index Cond: ((id >= 2806502) AND (id <= 2806601))

table 5 : explain SELECT DISTINCT c FROM sbtest5 WHERE id BETWEEN 2533295 AND 2533394 ORDER BY c
	Unique  (cost=400.01..400.51 rows=100 width=121)
	  ->  Sort  (cost=400.01..400.26 rows=100 width=121)
	        Sort Key: c
	        ->  Index Scan using sbtest5_pkey on sbtest5  (cost=0.43..396.69 rows=100 width=121)
	              Index Cond: ((id >= 2533295) AND (id <= 2533394))

table 6 : explain SELECT DISTINCT c FROM sbtest6 WHERE id BETWEEN 4131668 AND 4131767 ORDER BY c
	Unique  (cost=374.60..375.07 rows=94 width=121)
	  ->  Sort  (cost=374.60..374.84 rows=94 width=121)
	        Sort Key: c
	        ->  Index Scan using sbtest6_pkey on sbtest6  (cost=0.43..371.52 rows=94 width=121)
	              Index Cond: ((id >= 4131668) AND (id <= 4131767))

table 7 : explain SELECT DISTINCT c FROM sbtest7 WHERE id BETWEEN 3684475 AND 3684574 ORDER BY c
	Unique  (cost=425.29..425.82 rows=106 width=121)
	  ->  Sort  (cost=425.29..425.55 rows=106 width=121)
	        Sort Key: c
	        ->  Index Scan using sbtest7_pkey on sbtest7  (cost=0.43..421.72 rows=106 width=121)
	              Index Cond: ((id >= 3684475) AND (id <= 3684574))

table 8 : explain SELECT DISTINCT c FROM sbtest8 WHERE id BETWEEN 4073506 AND 4073605 ORDER BY c
	Unique  (cost=412.28..412.79 rows=103 width=121)
	  ->  Sort  (cost=412.28..412.54 rows=103 width=121)
	        Sort Key: c
	        ->  Index Scan using sbtest8_pkey on sbtest8  (cost=0.43..408.84 rows=103 width=121)
	              Index Cond: ((id >= 4073506) AND (id <= 4073605))

for: sum_ranges
table 1 : explain SELECT SUM(k) FROM sbtest1 WHERE id BETWEEN 3892758 AND 3892857
	Aggregate  (cost=437.32..437.33 rows=1 width=8)
	  ->  Index Scan using sbtest1_pkey on sbtest1  (cost=0.43..437.04 rows=110 width=4)
	        Index Cond: ((id >= 3892758) AND (id <= 3892857))

table 2 : explain SELECT SUM(k) FROM sbtest2 WHERE id BETWEEN 4241962 AND 4242061
	Aggregate  (cost=393.92..393.93 rows=1 width=8)
	  ->  Index Scan using sbtest2_pkey on sbtest2  (cost=0.43..393.67 rows=99 width=4)
	        Index Cond: ((id >= 4241962) AND (id <= 4242061))

table 3 : explain SELECT SUM(k) FROM sbtest3 WHERE id BETWEEN 2866960 AND 2867059
	Aggregate  (cost=416.73..416.74 rows=1 width=8)
	  ->  Index Scan using sbtest3_pkey on sbtest3  (cost=0.43..416.47 rows=105 width=4)
	        Index Cond: ((id >= 2866960) AND (id <= 2867059))

table 4 : explain SELECT SUM(k) FROM sbtest4 WHERE id BETWEEN 3591250 AND 3591349
	Aggregate  (cost=412.64..412.65 rows=1 width=8)
	  ->  Index Scan using sbtest4_pkey on sbtest4  (cost=0.43..412.38 rows=104 width=4)
	        Index Cond: ((id >= 3591250) AND (id <= 3591349))

table 5 : explain SELECT SUM(k) FROM sbtest5 WHERE id BETWEEN 384092 AND 384191
	Aggregate  (cost=400.86..400.87 rows=1 width=8)
	  ->  Index Scan using sbtest5_pkey on sbtest5  (cost=0.43..400.61 rows=101 width=4)
	        Index Cond: ((id >= 384092) AND (id <= 384191))

table 6 : explain SELECT SUM(k) FROM sbtest6 WHERE id BETWEEN 3543920 AND 3544019
	Aggregate  (cost=395.22..395.23 rows=1 width=8)
	  ->  Index Scan using sbtest6_pkey on sbtest6  (cost=0.43..394.97 rows=100 width=4)
	        Index Cond: ((id >= 3543920) AND (id <= 3544019))

table 7 : explain SELECT SUM(k) FROM sbtest7 WHERE id BETWEEN 849476 AND 849575
	Aggregate  (cost=437.74..437.75 rows=1 width=8)
	  ->  Index Scan using sbtest7_pkey on sbtest7  (cost=0.43..437.46 rows=110 width=4)
	        Index Cond: ((id >= 849476) AND (id <= 849575))

table 8 : explain SELECT SUM(k) FROM sbtest8 WHERE id BETWEEN 9124827 AND 9124926
	Aggregate  (cost=401.24..401.25 rows=1 width=8)
	  ->  Index Scan using sbtest8_pkey on sbtest8  (cost=0.43..400.99 rows=101 width=4)
	        Index Cond: ((id >= 9124827) AND (id <= 9124926))

for: sum_ranges
table 1 : explain SELECT SUM(k) FROM sbtest1 WHERE id BETWEEN 6837680 AND 6837779
	Aggregate  (cost=390.09..390.10 rows=1 width=8)
	  ->  Index Scan using sbtest1_pkey on sbtest1  (cost=0.43..389.85 rows=98 width=4)
	        Index Cond: ((id >= 6837680) AND (id <= 6837779))

table 2 : explain SELECT SUM(k) FROM sbtest2 WHERE id BETWEEN 4289306 AND 4289405
	Aggregate  (cost=393.92..393.93 rows=1 width=8)
	  ->  Index Scan using sbtest2_pkey on sbtest2  (cost=0.43..393.67 rows=99 width=4)
	        Index Cond: ((id >= 4289306) AND (id <= 4289405))

table 3 : explain SELECT SUM(k) FROM sbtest3 WHERE id BETWEEN 8081030 AND 8081129
	Aggregate  (cost=428.51..428.52 rows=1 width=8)
	  ->  Index Scan using sbtest3_pkey on sbtest3  (cost=0.43..428.24 rows=108 width=4)
	        Index Cond: ((id >= 8081030) AND (id <= 8081129))

table 4 : explain SELECT SUM(k) FROM sbtest4 WHERE id BETWEEN 2294784 AND 2294883
	Aggregate  (cost=385.17..385.18 rows=1 width=8)
	  ->  Index Scan using sbtest4_pkey on sbtest4  (cost=0.43..384.93 rows=97 width=4)
	        Index Cond: ((id >= 2294784) AND (id <= 2294883))

table 5 : explain SELECT SUM(k) FROM sbtest5 WHERE id BETWEEN 2002330 AND 2002429
	Aggregate  (cost=385.17..385.18 rows=1 width=8)
	  ->  Index Scan using sbtest5_pkey on sbtest5  (cost=0.43..384.93 rows=97 width=4)
	        Index Cond: ((id >= 2002330) AND (id <= 2002429))

table 6 : explain SELECT SUM(k) FROM sbtest6 WHERE id BETWEEN 9225196 AND 9225295
	Aggregate  (cost=379.57..379.58 rows=1 width=8)
	  ->  Index Scan using sbtest6_pkey on sbtest6  (cost=0.43..379.33 rows=96 width=4)
	        Index Cond: ((id >= 9225196) AND (id <= 9225295))

table 7 : explain SELECT SUM(k) FROM sbtest7 WHERE id BETWEEN 7615578 AND 7615677
	Aggregate  (cost=394.42..394.43 rows=1 width=8)
	  ->  Index Scan using sbtest7_pkey on sbtest7  (cost=0.43..394.18 rows=99 width=4)
	        Index Cond: ((id >= 7615578) AND (id <= 7615677))

table 8 : explain SELECT SUM(k) FROM sbtest8 WHERE id BETWEEN 3354585 AND 3354684
	Aggregate  (cost=361.94..361.95 rows=1 width=8)
	  ->  Index Scan using sbtest8_pkey on sbtest8  (cost=0.43..361.72 rows=91 width=4)
	        Index Cond: ((id >= 3354585) AND (id <= 3354684))

for: distinct_ranges
table 1 : explain SELECT DISTINCT c FROM sbtest1 WHERE id BETWEEN 7583814 AND 7583913 ORDER BY c
	Unique  (cost=409.00..409.51 rows=102 width=121)
	  ->  Sort  (cost=409.00..409.25 rows=102 width=121)
	        Sort Key: c
	        ->  Index Scan using sbtest1_pkey on sbtest1  (cost=0.43..405.59 rows=102 width=121)
	              Index Cond: ((id >= 7583814) AND (id <= 7583913))

table 2 : explain SELECT DISTINCT c FROM sbtest2 WHERE id BETWEEN 1613182 AND 1613281 ORDER BY c
	Unique  (cost=388.99..389.48 rows=97 width=121)
	  ->  Sort  (cost=388.99..389.23 rows=97 width=121)
	        Sort Key: c
	        ->  Index Scan using sbtest2_pkey on sbtest2  (cost=0.43..385.79 rows=97 width=121)
	              Index Cond: ((id >= 1613182) AND (id <= 1613281))

table 3 : explain SELECT DISTINCT c FROM sbtest3 WHERE id BETWEEN 3505572 AND 3505671 ORDER BY c
	Unique  (cost=400.18..400.68 rows=100 width=121)
	  ->  Sort  (cost=400.18..400.43 rows=100 width=121)
	        Sort Key: c
	        ->  Index Scan using sbtest3_pkey on sbtest3  (cost=0.43..396.86 rows=100 width=121)
	              Index Cond: ((id >= 3505572) AND (id <= 3505671))

table 4 : explain SELECT DISTINCT c FROM sbtest4 WHERE id BETWEEN 9522431 AND 9522530 ORDER BY c
	Unique  (cost=400.02..400.52 rows=100 width=121)
	  ->  Sort  (cost=400.02..400.27 rows=100 width=121)
	        Sort Key: c
	        ->  Index Scan using sbtest4_pkey on sbtest4  (cost=0.43..396.69 rows=100 width=121)
	              Index Cond: ((id >= 9522431) AND (id <= 9522530))

table 5 : explain SELECT DISTINCT c FROM sbtest5 WHERE id BETWEEN 6380335 AND 6380434 ORDER BY c
	Unique  (cost=396.05..396.54 rows=99 width=121)
	  ->  Sort  (cost=396.05..396.30 rows=99 width=121)
	        Sort Key: c
	        ->  Index Scan using sbtest5_pkey on sbtest5  (cost=0.43..392.77 rows=99 width=121)
	              Index Cond: ((id >= 6380335) AND (id <= 6380434))

table 6 : explain SELECT DISTINCT c FROM sbtest6 WHERE id BETWEEN 8452948 AND 8453047 ORDER BY c
	Unique  (cost=370.66..371.13 rows=93 width=121)
	  ->  Sort  (cost=370.66..370.89 rows=93 width=121)
	        Sort Key: c
	        ->  Index Scan using sbtest6_pkey on sbtest6  (cost=0.43..367.62 rows=93 width=121)
	              Index Cond: ((id >= 8452948) AND (id <= 8453047))

table 7 : explain SELECT DISTINCT c FROM sbtest7 WHERE id BETWEEN 39436 AND 39535 ORDER BY c
	Unique  (cost=365.63..366.09 rows=91 width=121)
	  ->  Sort  (cost=365.63..365.86 rows=91 width=121)
	        Sort Key: c
	        ->  Index Scan using sbtest7_pkey on sbtest7  (cost=0.43..362.67 rows=91 width=121)
	              Index Cond: ((id >= 39436) AND (id <= 39535))

table 8 : explain SELECT DISTINCT c FROM sbtest8 WHERE id BETWEEN 1449792 AND 1449891 ORDER BY c
	Unique  (cost=388.47..388.95 rows=97 width=121)
	  ->  Sort  (cost=388.47..388.71 rows=97 width=121)
	        Sort Key: c
	        ->  Index Scan using sbtest8_pkey on sbtest8  (cost=0.43..385.26 rows=97 width=121)
	              Index Cond: ((id >= 1449792) AND (id <= 1449891))

for: distinct_ranges
table 1 : explain SELECT DISTINCT c FROM sbtest1 WHERE id BETWEEN 4360969 AND 4361068 ORDER BY c
	Unique  (cost=397.08..397.58 rows=99 width=121)
	  ->  Sort  (cost=397.08..397.33 rows=99 width=121)
	        Sort Key: c
	        ->  Index Scan using sbtest1_pkey on sbtest1  (cost=0.43..393.80 rows=99 width=121)
	              Index Cond: ((id >= 4360969) AND (id <= 4361068))

table 2 : explain SELECT DISTINCT c FROM sbtest2 WHERE id BETWEEN 6173923 AND 6174022 ORDER BY c
	Unique  (cost=404.90..405.40 rows=101 width=121)
	  ->  Sort  (cost=404.90..405.15 rows=101 width=121)
	        Sort Key: c
	        ->  Index Scan using sbtest2_pkey on sbtest2  (cost=0.43..401.53 rows=101 width=121)
	              Index Cond: ((id >= 6173923) AND (id <= 6174022))

table 3 : explain SELECT DISTINCT c FROM sbtest3 WHERE id BETWEEN 7453067 AND 7453166 ORDER BY c
	Unique  (cost=423.96..424.49 rows=106 width=121)
	  ->  Sort  (cost=423.96..424.22 rows=106 width=121)
	        Sort Key: c
	        ->  Index Scan using sbtest3_pkey on sbtest3  (cost=0.43..420.39 rows=106 width=121)
	              Index Cond: ((id >= 7453067) AND (id <= 7453166))

table 4 : explain SELECT DISTINCT c FROM sbtest4 WHERE id BETWEEN 9296204 AND 9296303 ORDER BY c
	Unique  (cost=388.13..388.62 rows=97 width=121)
	  ->  Sort  (cost=388.13..388.38 rows=97 width=121)
	        Sort Key: c
	        ->  Index Scan using sbtest4_pkey on sbtest4  (cost=0.43..384.93 rows=97 width=121)
	              Index Cond: ((id >= 9296204) AND (id <= 9296303))

table 5 : explain SELECT DISTINCT c FROM sbtest5 WHERE id BETWEEN 5185442 AND 5185541 ORDER BY c
	Unique  (cost=360.40..360.85 rows=90 width=121)
	  ->  Sort  (cost=360.40..360.63 rows=90 width=121)
	        Sort Key: c
	        ->  Index Scan using sbtest5_pkey on sbtest5  (cost=0.43..357.48 rows=90 width=121)
	              Index Cond: ((id >= 5185442) AND (id <= 5185541))

table 6 : explain SELECT DISTINCT c FROM sbtest6 WHERE id BETWEEN 3069454 AND 3069553 ORDER BY c
	Unique  (cost=382.49..382.97 rows=96 width=121)
	  ->  Sort  (cost=382.49..382.73 rows=96 width=121)
	        Sort Key: c
	        ->  Index Scan using sbtest6_pkey on sbtest6  (cost=0.43..379.33 rows=96 width=121)
	              Index Cond: ((id >= 3069454) AND (id <= 3069553))

table 7 : explain SELECT DISTINCT c FROM sbtest7 WHERE id BETWEEN 2163368 AND 2163467 ORDER BY c
	Unique  (cost=377.56..378.03 rows=94 width=121)
	  ->  Sort  (cost=377.56..377.79 rows=94 width=121)
	        Sort Key: c
	        ->  Index Scan using sbtest7_pkey on sbtest7  (cost=0.43..374.48 rows=94 width=121)
	              Index Cond: ((id >= 2163368) AND (id <= 2163467))

table 8 : explain SELECT DISTINCT c FROM sbtest8 WHERE id BETWEEN 2685660 AND 2685759 ORDER BY c
	Unique  (cost=376.57..377.04 rows=94 width=121)
	  ->  Sort  (cost=376.57..376.81 rows=94 width=121)
	        Sort Key: c
	        ->  Index Scan using sbtest8_pkey on sbtest8  (cost=0.43..373.49 rows=94 width=121)
	              Index Cond: ((id >= 2685660) AND (id <= 2685759))

for: distinct_ranges
table 1 : explain SELECT DISTINCT c FROM sbtest1 WHERE id BETWEEN 1392969 AND 1393068 ORDER BY c
	Unique  (cost=409.00..409.51 rows=102 width=121)
	  ->  Sort  (cost=409.00..409.25 rows=102 width=121)
	        Sort Key: c
	        ->  Index Scan using sbtest1_pkey on sbtest1  (cost=0.43..405.59 rows=102 width=121)
	              Index Cond: ((id >= 1392969) AND (id <= 1393068))

table 2 : explain SELECT DISTINCT c FROM sbtest2 WHERE id BETWEEN 9939797 AND 9939896 ORDER BY c
	Unique  (cost=392.96..393.45 rows=98 width=121)
	  ->  Sort  (cost=392.96..393.21 rows=98 width=121)
	        Sort Key: c
	        ->  Index Scan using sbtest2_pkey on sbtest2  (cost=0.43..389.72 rows=98 width=121)
	              Index Cond: ((id >= 9939797) AND (id <= 9939896))

table 3 : explain SELECT DISTINCT c FROM sbtest3 WHERE id BETWEEN 8192618 AND 8192717 ORDER BY c
	Unique  (cost=376.38..376.85 rows=94 width=121)
	  ->  Sort  (cost=376.38..376.61 rows=94 width=121)
	        Sort Key: c
	        ->  Index Scan using sbtest3_pkey on sbtest3  (cost=0.43..373.30 rows=94 width=121)
	              Index Cond: ((id >= 8192618) AND (id <= 8192717))

table 4 : explain SELECT DISTINCT c FROM sbtest4 WHERE id BETWEEN 349434 AND 349533 ORDER BY c
	Unique  (cost=411.90..412.42 rows=103 width=121)
	  ->  Sort  (cost=411.90..412.16 rows=103 width=121)
	        Sort Key: c
	        ->  Index Scan using sbtest4_pkey on sbtest4  (cost=0.43..408.46 rows=103 width=121)
	              Index Cond: ((id >= 349434) AND (id <= 349533))

table 5 : explain SELECT DISTINCT c FROM sbtest5 WHERE id BETWEEN 7913473 AND 7913572 ORDER BY c
	Unique  (cost=380.21..380.68 rows=95 width=121)
	  ->  Sort  (cost=380.21..380.44 rows=95 width=121)
	        Sort Key: c
	        ->  Index Scan using sbtest5_pkey on sbtest5  (cost=0.43..377.08 rows=95 width=121)
	              Index Cond: ((id >= 7913473) AND (id <= 7913572))

table 6 : explain SELECT DISTINCT c FROM sbtest6 WHERE id BETWEEN 343998 AND 344097 ORDER BY c
	Unique  (cost=406.18..406.69 rows=102 width=121)
	  ->  Sort  (cost=406.18..406.44 rows=102 width=121)
	        Sort Key: c
	        ->  Index Scan using sbtest6_pkey on sbtest6  (cost=0.43..402.78 rows=102 width=121)
	              Index Cond: ((id >= 343998) AND (id <= 344097))

table 7 : explain SELECT DISTINCT c FROM sbtest7 WHERE id BETWEEN 8225693 AND 8225792 ORDER BY c
	Unique  (cost=405.41..405.91 rows=101 width=121)
	  ->  Sort  (cost=405.41..405.66 rows=101 width=121)
	        Sort Key: c
	        ->  Index Scan using sbtest7_pkey on sbtest7  (cost=0.43..402.05 rows=101 width=121)
	              Index Cond: ((id >= 8225693) AND (id <= 8225792))

table 8 : explain SELECT DISTINCT c FROM sbtest8 WHERE id BETWEEN 7831597 AND 7831696 ORDER BY c
	Unique  (cost=388.47..388.95 rows=97 width=121)
	  ->  Sort  (cost=388.47..388.71 rows=97 width=121)
	        Sort Key: c
	        ->  Index Scan using sbtest8_pkey on sbtest8  (cost=0.43..385.26 rows=97 width=121)
	              Index Cond: ((id >= 7831597) AND (id <= 7831696))

for point_selects
table 1 : explain SELECT c FROM sbtest1 WHERE id=314405
	Index Scan using sbtest1_pkey on sbtest1  (cost=0.43..8.45 rows=1 width=121)
	  Index Cond: (id = 314405)

table 2 : explain SELECT c FROM sbtest2 WHERE id=594013
	Index Scan using sbtest2_pkey on sbtest2  (cost=0.43..8.45 rows=1 width=121)
	  Index Cond: (id = 594013)

table 3 : explain SELECT c FROM sbtest3 WHERE id=9585496
	Index Scan using sbtest3_pkey on sbtest3  (cost=0.43..8.45 rows=1 width=121)
	  Index Cond: (id = 9585496)

table 4 : explain SELECT c FROM sbtest4 WHERE id=408135
	Index Scan using sbtest4_pkey on sbtest4  (cost=0.43..8.45 rows=1 width=121)
	  Index Cond: (id = 408135)

table 5 : explain SELECT c FROM sbtest5 WHERE id=4700592
	Index Scan using sbtest5_pkey on sbtest5  (cost=0.43..8.45 rows=1 width=121)
	  Index Cond: (id = 4700592)

table 6 : explain SELECT c FROM sbtest6 WHERE id=6760365
	Index Scan using sbtest6_pkey on sbtest6  (cost=0.43..8.45 rows=1 width=121)
	  Index Cond: (id = 6760365)

table 7 : explain SELECT c FROM sbtest7 WHERE id=9920238
	Index Scan using sbtest7_pkey on sbtest7  (cost=0.43..8.45 rows=1 width=121)
	  Index Cond: (id = 9920238)

table 8 : explain SELECT c FROM sbtest8 WHERE id=9350539
	Index Scan using sbtest8_pkey on sbtest8  (cost=0.43..8.45 rows=1 width=121)
	  Index Cond: (id = 9350539)

explain: for point_selects :: explain SELECT c FROM sbtest%u WHERE id=%u
for point_selects
table 1 : explain SELECT c FROM sbtest1 WHERE id=8036705
	Index Scan using sbtest1_pkey on sbtest1  (cost=0.43..8.45 rows=1 width=121)
	  Index Cond: (id = 8036705)

table 2 : explain SELECT c FROM sbtest2 WHERE id=5998975
	Index Scan using sbtest2_pkey on sbtest2  (cost=0.43..8.45 rows=1 width=121)
	  Index Cond: (id = 5998975)

table 3 : explain SELECT c FROM sbtest3 WHERE id=4419112
	Index Scan using sbtest3_pkey on sbtest3  (cost=0.43..8.45 rows=1 width=121)
	  Index Cond: (id = 4419112)

table 4 : explain SELECT c FROM sbtest4 WHERE id=148293
	Index Scan using sbtest4_pkey on sbtest4  (cost=0.43..8.45 rows=1 width=121)
	  Index Cond: (id = 148293)

table 5 : explain SELECT c FROM sbtest5 WHERE id=7307042
	Index Scan using sbtest5_pkey on sbtest5  (cost=0.43..8.45 rows=1 width=121)
	  Index Cond: (id = 7307042)

table 6 : explain SELECT c FROM sbtest6 WHERE id=871954
	Index Scan using sbtest6_pkey on sbtest6  (cost=0.43..8.45 rows=1 width=121)
	  Index Cond: (id = 871954)

table 7 : explain SELECT c FROM sbtest7 WHERE id=9756603
	Index Scan using sbtest7_pkey on sbtest7  (cost=0.43..8.45 rows=1 width=121)
	  Index Cond: (id = 9756603)

table 8 : explain SELECT c FROM sbtest8 WHERE id=7076743
	Index Scan using sbtest8_pkey on sbtest8  (cost=0.43..8.45 rows=1 width=121)
	  Index Cond: (id = 7076743)

explain: for point_selects :: explain SELECT c FROM sbtest%u WHERE id=%u
for: order_ranges
table 1 : explain SELECT c FROM sbtest1 WHERE id BETWEEN 3129579 AND 3129678 ORDER BY c
	Sort  (cost=381.17..381.41 rows=95 width=121)
	  Sort Key: c
	  ->  Index Scan using sbtest1_pkey on sbtest1  (cost=0.43..378.05 rows=95 width=121)
	        Index Cond: ((id >= 3129579) AND (id <= 3129678))

table 2 : explain SELECT c FROM sbtest2 WHERE id BETWEEN 5750782 AND 5750881 ORDER BY c
	Sort  (cost=365.17..365.40 rows=91 width=121)
	  Sort Key: c
	  ->  Index Scan using sbtest2_pkey on sbtest2  (cost=0.43..362.21 rows=91 width=121)
	        Index Cond: ((id >= 5750782) AND (id <= 5750881))

table 3 : explain SELECT c FROM sbtest3 WHERE id BETWEEN 8746317 AND 8746416 ORDER BY c
	Sort  (cost=380.34..380.58 rows=95 width=121)
	  Sort Key: c
	  ->  Index Scan using sbtest3_pkey on sbtest3  (cost=0.43..377.22 rows=95 width=121)
	        Index Cond: ((id >= 8746317) AND (id <= 8746416))

table 4 : explain SELECT c FROM sbtest4 WHERE id BETWEEN 8518725 AND 8518824 ORDER BY c
	Sort  (cost=407.94..408.19 rows=102 width=121)
	  Sort Key: c
	  ->  Index Scan using sbtest4_pkey on sbtest4  (cost=0.43..404.54 rows=102 width=121)
	        Index Cond: ((id >= 8518725) AND (id <= 8518824))

table 5 : explain SELECT c FROM sbtest5 WHERE id BETWEEN 7557335 AND 7557434 ORDER BY c
	Sort  (cost=396.05..396.30 rows=99 width=121)
	  Sort Key: c
	  ->  Index Scan using sbtest5_pkey on sbtest5  (cost=0.43..392.77 rows=99 width=121)
	        Index Cond: ((id >= 7557335) AND (id <= 7557434))

table 6 : explain SELECT c FROM sbtest6 WHERE id BETWEEN 6538050 AND 6538149 ORDER BY c
	Sort  (cost=453.51..453.80 rows=114 width=121)
	  Sort Key: c
	  ->  Index Scan using sbtest6_pkey on sbtest6  (cost=0.43..449.62 rows=114 width=121)
	        Index Cond: ((id >= 6538050) AND (id <= 6538149))

table 7 : explain SELECT c FROM sbtest7 WHERE id BETWEEN 6194710 AND 6194809 ORDER BY c
	Sort  (cost=401.43..401.68 rows=100 width=121)
	  Sort Key: c
	  ->  Index Scan using sbtest7_pkey on sbtest7  (cost=0.43..398.11 rows=100 width=121)
	        Index Cond: ((id >= 6194710) AND (id <= 6194809))

table 8 : explain SELECT c FROM sbtest8 WHERE id BETWEEN 5803770 AND 5803869 ORDER BY c
	Sort  (cost=384.50..384.74 rows=96 width=121)
	  Sort Key: c
	  ->  Index Scan using sbtest8_pkey on sbtest8  (cost=0.43..381.34 rows=96 width=121)
	        Index Cond: ((id >= 5803770) AND (id <= 5803869))

for: order_ranges
table 1 : explain SELECT c FROM sbtest1 WHERE id BETWEEN 138468 AND 138567 ORDER BY c
	Sort  (cost=401.05..401.30 rows=100 width=121)
	  Sort Key: c
	  ->  Index Scan using sbtest1_pkey on sbtest1  (cost=0.43..397.73 rows=100 width=121)
	        Index Cond: ((id >= 138468) AND (id <= 138567))

table 2 : explain SELECT c FROM sbtest2 WHERE id BETWEEN 409246 AND 409345 ORDER BY c
	Sort  (cost=373.11..373.34 rows=93 width=121)
	  Sort Key: c
	  ->  Index Scan using sbtest2_pkey on sbtest2  (cost=0.43..370.07 rows=93 width=121)
	        Index Cond: ((id >= 409246) AND (id <= 409345))

table 3 : explain SELECT c FROM sbtest3 WHERE id BETWEEN 5570755 AND 5570854 ORDER BY c
	Sort  (cost=404.14..404.40 rows=101 width=121)
	  Sort Key: c
	  ->  Index Scan using sbtest3_pkey on sbtest3  (cost=0.43..400.78 rows=101 width=121)
	        Index Cond: ((id >= 5570755) AND (id <= 5570854))

table 4 : explain SELECT c FROM sbtest4 WHERE id BETWEEN 4616985 AND 4617084 ORDER BY c
	Sort  (cost=396.06..396.30 rows=99 width=121)
	  Sort Key: c
	  ->  Index Scan using sbtest4_pkey on sbtest4  (cost=0.43..392.77 rows=99 width=121)
	        Index Cond: ((id >= 4616985) AND (id <= 4617084))

table 5 : explain SELECT c FROM sbtest5 WHERE id BETWEEN 2163769 AND 2163868 ORDER BY c
	Sort  (cost=396.05..396.30 rows=99 width=121)
	  Sort Key: c
	  ->  Index Scan using sbtest5_pkey on sbtest5  (cost=0.43..392.77 rows=99 width=121)
	        Index Cond: ((id >= 2163769) AND (id <= 2163868))

table 6 : explain SELECT c FROM sbtest6 WHERE id BETWEEN 2005477 AND 2005576 ORDER BY c
	Sort  (cost=429.85..430.12 rows=108 width=121)
	  Sort Key: c
	  ->  Index Scan using sbtest6_pkey on sbtest6  (cost=0.43..426.20 rows=108 width=121)
	        Index Cond: ((id >= 2005477) AND (id <= 2005576))

table 7 : explain SELECT c FROM sbtest7 WHERE id BETWEEN 4352156 AND 4352255 ORDER BY c
	Sort  (cost=421.31..421.58 rows=105 width=121)
	  Sort Key: c
	  ->  Index Scan using sbtest7_pkey on sbtest7  (cost=0.43..417.79 rows=105 width=121)
	        Index Cond: ((id >= 4352156) AND (id <= 4352255))

table 8 : explain SELECT c FROM sbtest8 WHERE id BETWEEN 6034374 AND 6034473 ORDER BY c
	Sort  (cost=344.86..345.07 rows=86 width=121)
	  Sort Key: c
	  ->  Index Scan using sbtest8_pkey on sbtest8  (cost=0.43..342.09 rows=86 width=121)
	        Index Cond: ((id >= 6034374) AND (id <= 6034473))

for: distinct_ranges
table 1 : explain SELECT DISTINCT c FROM sbtest1 WHERE id BETWEEN 4432082 AND 4432181 ORDER BY c
	Unique  (cost=393.09..393.58 rows=98 width=121)
	  ->  Sort  (cost=393.09..393.33 rows=98 width=121)
	        Sort Key: c
	        ->  Index Scan using sbtest1_pkey on sbtest1  (cost=0.43..389.85 rows=98 width=121)
	              Index Cond: ((id >= 4432082) AND (id <= 4432181))

table 2 : explain SELECT DISTINCT c FROM sbtest2 WHERE id BETWEEN 8210434 AND 8210533 ORDER BY c
	Unique  (cost=392.96..393.45 rows=98 width=121)
	  ->  Sort  (cost=392.96..393.21 rows=98 width=121)
	        Sort Key: c
	        ->  Index Scan using sbtest2_pkey on sbtest2  (cost=0.43..389.72 rows=98 width=121)
	              Index Cond: ((id >= 8210434) AND (id <= 8210533))

table 3 : explain SELECT DISTINCT c FROM sbtest3 WHERE id BETWEEN 9491210 AND 9491309 ORDER BY c
	Unique  (cost=443.78..444.33 rows=111 width=121)
	  ->  Sort  (cost=443.78..444.05 rows=111 width=121)
	        Sort Key: c
	        ->  Index Scan using sbtest3_pkey on sbtest3  (cost=0.43..440.01 rows=111 width=121)
	              Index Cond: ((id >= 9491210) AND (id <= 9491309))

table 4 : explain SELECT DISTINCT c FROM sbtest4 WHERE id BETWEEN 260907 AND 261006 ORDER BY c
	Unique  (cost=407.94..408.45 rows=102 width=121)
	  ->  Sort  (cost=407.94..408.19 rows=102 width=121)
	        Sort Key: c
	        ->  Index Scan using sbtest4_pkey on sbtest4  (cost=0.43..404.54 rows=102 width=121)
	              Index Cond: ((id >= 260907) AND (id <= 261006))

table 5 : explain SELECT DISTINCT c FROM sbtest5 WHERE id BETWEEN 8016303 AND 8016402 ORDER BY c
	Unique  (cost=392.09..392.58 rows=98 width=121)
	  ->  Sort  (cost=392.09..392.33 rows=98 width=121)
	        Sort Key: c
	        ->  Index Scan using sbtest5_pkey on sbtest5  (cost=0.43..388.85 rows=98 width=121)
	              Index Cond: ((id >= 8016303) AND (id <= 8016402))

table 6 : explain SELECT DISTINCT c FROM sbtest6 WHERE id BETWEEN 5471772 AND 5471871 ORDER BY c
	Unique  (cost=386.46..386.95 rows=97 width=121)
	  ->  Sort  (cost=386.46..386.71 rows=97 width=121)
	        Sort Key: c
	        ->  Index Scan using sbtest6_pkey on sbtest6  (cost=0.43..383.26 rows=97 width=121)
	              Index Cond: ((id >= 5471772) AND (id <= 5471871))

table 7 : explain SELECT DISTINCT c FROM sbtest7 WHERE id BETWEEN 8469379 AND 8469478 ORDER BY c
	Unique  (cost=437.22..437.76 rows=109 width=121)
	  ->  Sort  (cost=437.22..437.49 rows=109 width=121)
	        Sort Key: c
	        ->  Index Scan using sbtest7_pkey on sbtest7  (cost=0.43..433.53 rows=109 width=121)
	              Index Cond: ((id >= 8469379) AND (id <= 8469478))

table 8 : explain SELECT DISTINCT c FROM sbtest8 WHERE id BETWEEN 9485907 AND 9486006 ORDER BY c
	Unique  (cost=440.04..440.59 rows=110 width=121)
	  ->  Sort  (cost=440.04..440.31 rows=110 width=121)
	        Sort Key: c
	        ->  Index Scan using sbtest8_pkey on sbtest8  (cost=0.43..436.31 rows=110 width=121)
	              Index Cond: ((id >= 9485907) AND (id <= 9486006))

for: simple_ranges
table 1 : explain SELECT c FROM sbtest1 WHERE id BETWEEN 1490044 AND 1490143
	Index Scan using sbtest1_pkey on sbtest1  (cost=0.43..405.59 rows=102 width=121)
	  Index Cond: ((id >= 1490044) AND (id <= 1490143))

table 2 : explain SELECT c FROM sbtest2 WHERE id BETWEEN 7767655 AND 7767754
	Index Scan using sbtest2_pkey on sbtest2  (cost=0.43..381.86 rows=96 width=121)
	  Index Cond: ((id >= 7767655) AND (id <= 7767754))

table 3 : explain SELECT c FROM sbtest3 WHERE id BETWEEN 8599858 AND 8599957
	Index Scan using sbtest3_pkey on sbtest3  (cost=0.43..412.55 rows=104 width=121)
	  Index Cond: ((id >= 8599858) AND (id <= 8599957))

table 4 : explain SELECT c FROM sbtest4 WHERE id BETWEEN 7156323 AND 7156422
	Index Scan using sbtest4_pkey on sbtest4  (cost=0.43..400.62 rows=101 width=121)
	  Index Cond: ((id >= 7156323) AND (id <= 7156422))

table 5 : explain SELECT c FROM sbtest5 WHERE id BETWEEN 4481134 AND 4481233
	Index Scan using sbtest5_pkey on sbtest5  (cost=0.43..408.45 rows=103 width=121)
	  Index Cond: ((id >= 4481134) AND (id <= 4481233))

table 6 : explain SELECT c FROM sbtest6 WHERE id BETWEEN 7816194 AND 7816293
	Index Scan using sbtest6_pkey on sbtest6  (cost=0.43..383.26 rows=97 width=121)
	  Index Cond: ((id >= 7816194) AND (id <= 7816293))

table 7 : explain SELECT c FROM sbtest7 WHERE id BETWEEN 9901673 AND 9901772
	Index Scan using sbtest7_pkey on sbtest7  (cost=0.43..394.18 rows=99 width=121)
	  Index Cond: ((id >= 9901673) AND (id <= 9901772))

table 8 : explain SELECT c FROM sbtest8 WHERE id BETWEEN 4458916 AND 4459015
	Index Scan using sbtest8_pkey on sbtest8  (cost=0.43..377.42 rows=95 width=121)
	  Index Cond: ((id >= 4458916) AND (id <= 4459015))

for: sum_ranges
table 1 : explain SELECT SUM(k) FROM sbtest1 WHERE id BETWEEN 689589 AND 689688
	Aggregate  (cost=409.78..409.79 rows=1 width=8)
	  ->  Index Scan using sbtest1_pkey on sbtest1  (cost=0.43..409.52 rows=103 width=4)
	        Index Cond: ((id >= 689589) AND (id <= 689688))

table 2 : explain SELECT SUM(k) FROM sbtest2 WHERE id BETWEEN 5874416 AND 5874515
	Aggregate  (cost=421.45..421.46 rows=1 width=8)
	  ->  Index Scan using sbtest2_pkey on sbtest2  (cost=0.43..421.18 rows=106 width=4)
	        Index Cond: ((id >= 5874416) AND (id <= 5874515))

table 3 : explain SELECT SUM(k) FROM sbtest3 WHERE id BETWEEN 9741209 AND 9741308
	Aggregate  (cost=385.31..385.32 rows=1 width=8)
	  ->  Index Scan using sbtest3_pkey on sbtest3  (cost=0.43..385.07 rows=97 width=4)
	        Index Cond: ((id >= 9741209) AND (id <= 9741308))

table 4 : explain SELECT SUM(k) FROM sbtest4 WHERE id BETWEEN 4670573 AND 4670672
	Aggregate  (cost=393.02..393.03 rows=1 width=8)
	  ->  Index Scan using sbtest4_pkey on sbtest4  (cost=0.43..392.77 rows=99 width=4)
	        Index Cond: ((id >= 4670573) AND (id <= 4670672))

table 5 : explain SELECT SUM(k) FROM sbtest5 WHERE id BETWEEN 3414091 AND 3414190
	Aggregate  (cost=381.25..381.26 rows=1 width=8)
	  ->  Index Scan using sbtest5_pkey on sbtest5  (cost=0.43..381.01 rows=96 width=4)
	        Index Cond: ((id >= 3414091) AND (id <= 3414190))

table 6 : explain SELECT SUM(k) FROM sbtest6 WHERE id BETWEEN 9053918 AND 9054017
	Aggregate  (cost=414.75..414.76 rows=1 width=8)
	  ->  Index Scan using sbtest6_pkey on sbtest6  (cost=0.43..414.49 rows=105 width=4)
	        Index Cond: ((id >= 9053918) AND (id <= 9054017))

table 7 : explain SELECT SUM(k) FROM sbtest7 WHERE id BETWEEN 9550369 AND 9550468
	Aggregate  (cost=398.36..398.37 rows=1 width=8)
	  ->  Index Scan using sbtest7_pkey on sbtest7  (cost=0.43..398.11 rows=100 width=4)
	        Index Cond: ((id >= 9550369) AND (id <= 9550468))

table 8 : explain SELECT SUM(k) FROM sbtest8 WHERE id BETWEEN 2743466 AND 2743565
	Aggregate  (cost=365.87..365.88 rows=1 width=8)
	  ->  Index Scan using sbtest8_pkey on sbtest8  (cost=0.43..365.64 rows=92 width=4)
	        Index Cond: ((id >= 2743466) AND (id <= 2743565))

for: distinct_ranges
table 1 : explain SELECT DISTINCT c FROM sbtest1 WHERE id BETWEEN 3923318 AND 3923417 ORDER BY c
	Unique  (cost=440.77..441.32 rows=110 width=121)
	  ->  Sort  (cost=440.77..441.05 rows=110 width=121)
	        Sort Key: c
	        ->  Index Scan using sbtest1_pkey on sbtest1  (cost=0.43..437.04 rows=110 width=121)
	              Index Cond: ((id >= 3923318) AND (id <= 3923417))

table 2 : explain SELECT DISTINCT c FROM sbtest2 WHERE id BETWEEN 3507610 AND 3507709 ORDER BY c
	Unique  (cost=432.69..433.23 rows=108 width=121)
	  ->  Sort  (cost=432.69..432.96 rows=108 width=121)
	        Sort Key: c
	        ->  Index Scan using sbtest2_pkey on sbtest2  (cost=0.43..429.04 rows=108 width=121)
	              Index Cond: ((id >= 3507610) AND (id <= 3507709))

table 3 : explain SELECT DISTINCT c FROM sbtest3 WHERE id BETWEEN 2836265 AND 2836364 ORDER BY c
	Unique  (cost=420.00..420.52 rows=105 width=121)
	  ->  Sort  (cost=420.00..420.26 rows=105 width=121)
	        Sort Key: c
	        ->  Index Scan using sbtest3_pkey on sbtest3  (cost=0.43..416.47 rows=105 width=121)
	              Index Cond: ((id >= 2836265) AND (id <= 2836364))

table 4 : explain SELECT DISTINCT c FROM sbtest4 WHERE id BETWEEN 9220652 AND 9220751 ORDER BY c
	Unique  (cost=388.13..388.62 rows=97 width=121)
	  ->  Sort  (cost=388.13..388.38 rows=97 width=121)
	        Sort Key: c
	        ->  Index Scan using sbtest4_pkey on sbtest4  (cost=0.43..384.93 rows=97 width=121)
	              Index Cond: ((id >= 9220652) AND (id <= 9220751))

table 5 : explain SELECT DISTINCT c FROM sbtest5 WHERE id BETWEEN 9200568 AND 9200667 ORDER BY c
	Unique  (cost=411.89..412.41 rows=103 width=121)
	  ->  Sort  (cost=411.89..412.15 rows=103 width=121)
	        Sort Key: c
	        ->  Index Scan using sbtest5_pkey on sbtest5  (cost=0.43..408.45 rows=103 width=121)
	              Index Cond: ((id >= 9200568) AND (id <= 9200667))

table 6 : explain SELECT DISTINCT c FROM sbtest6 WHERE id BETWEEN 4893117 AND 4893216 ORDER BY c
	Unique  (cost=339.12..339.54 rows=85 width=121)
	  ->  Sort  (cost=339.12..339.33 rows=85 width=121)
	        Sort Key: c
	        ->  Index Scan using sbtest6_pkey on sbtest6  (cost=0.43..336.39 rows=85 width=121)
	              Index Cond: ((id >= 4893117) AND (id <= 4893216))

table 7 : explain SELECT DISTINCT c FROM sbtest7 WHERE id BETWEEN 9346984 AND 9347083 ORDER BY c
	Unique  (cost=449.15..449.71 rows=112 width=121)
	  ->  Sort  (cost=449.15..449.43 rows=112 width=121)
	        Sort Key: c
	        ->  Index Scan using sbtest7_pkey on sbtest7  (cost=0.43..445.34 rows=112 width=121)
	              Index Cond: ((id >= 9346984) AND (id <= 9347083))

table 8 : explain SELECT DISTINCT c FROM sbtest8 WHERE id BETWEEN 9902397 AND 9902496 ORDER BY c
	Unique  (cost=368.64..369.10 rows=92 width=121)
	  ->  Sort  (cost=368.64..368.87 rows=92 width=121)
	        Sort Key: c
	        ->  Index Scan using sbtest8_pkey on sbtest8  (cost=0.43..365.64 rows=92 width=121)
	              Index Cond: ((id >= 9902397) AND (id <= 9902496))

for: distinct_ranges
table 1 : explain SELECT DISTINCT c FROM sbtest1 WHERE id BETWEEN 7688155 AND 7688254 ORDER BY c
	Unique  (cost=416.94..417.46 rows=104 width=121)
	  ->  Sort  (cost=416.94..417.20 rows=104 width=121)
	        Sort Key: c
	        ->  Index Scan using sbtest1_pkey on sbtest1  (cost=0.43..413.46 rows=104 width=121)
	              Index Cond: ((id >= 7688155) AND (id <= 7688254))

table 2 : explain SELECT DISTINCT c FROM sbtest2 WHERE id BETWEEN 5354351 AND 5354450 ORDER BY c
	Unique  (cost=396.95..397.45 rows=99 width=121)
	  ->  Sort  (cost=396.95..397.20 rows=99 width=121)
	        Sort Key: c
	        ->  Index Scan using sbtest2_pkey on sbtest2  (cost=0.43..393.67 rows=99 width=121)
	              Index Cond: ((id >= 5354351) AND (id <= 5354450))

table 3 : explain SELECT DISTINCT c FROM sbtest3 WHERE id BETWEEN 1903457 AND 1903556 ORDER BY c
	Unique  (cost=416.03..416.55 rows=104 width=121)
	  ->  Sort  (cost=416.03..416.29 rows=104 width=121)
	        Sort Key: c
	        ->  Index Scan using sbtest3_pkey on sbtest3  (cost=0.43..412.55 rows=104 width=121)
	              Index Cond: ((id >= 1903457) AND (id <= 1903556))

table 4 : explain SELECT DISTINCT c FROM sbtest4 WHERE id BETWEEN 154005 AND 154104 ORDER BY c
	Unique  (cost=392.09..392.58 rows=98 width=121)
	  ->  Sort  (cost=392.09..392.34 rows=98 width=121)
	        Sort Key: c
	        ->  Index Scan using sbtest4_pkey on sbtest4  (cost=0.43..388.85 rows=98 width=121)
	              Index Cond: ((id >= 154005) AND (id <= 154104))

table 5 : explain SELECT DISTINCT c FROM sbtest5 WHERE id BETWEEN 3639495 AND 3639594 ORDER BY c
	Unique  (cost=396.05..396.54 rows=99 width=121)
	  ->  Sort  (cost=396.05..396.30 rows=99 width=121)
	        Sort Key: c
	        ->  Index Scan using sbtest5_pkey on sbtest5  (cost=0.43..392.77 rows=99 width=121)
	              Index Cond: ((id >= 3639495) AND (id <= 3639594))

table 6 : explain SELECT DISTINCT c FROM sbtest6 WHERE id BETWEEN 6328177 AND 6328276 ORDER BY c
	Unique  (cost=418.01..418.54 rows=105 width=121)
	  ->  Sort  (cost=418.01..418.28 rows=105 width=121)
	        Sort Key: c
	        ->  Index Scan using sbtest6_pkey on sbtest6  (cost=0.43..414.49 rows=105 width=121)
	              Index Cond: ((id >= 6328177) AND (id <= 6328276))

table 7 : explain SELECT DISTINCT c FROM sbtest7 WHERE id BETWEEN 8655063 AND 8655162 ORDER BY c
	Unique  (cost=349.73..350.17 rows=87 width=121)
	  ->  Sort  (cost=349.73..349.95 rows=87 width=121)
	        Sort Key: c
	        ->  Index Scan using sbtest7_pkey on sbtest7  (cost=0.43..346.93 rows=87 width=121)
	              Index Cond: ((id >= 8655063) AND (id <= 8655162))

table 8 : explain SELECT DISTINCT c FROM sbtest8 WHERE id BETWEEN 4252753 AND 4252852 ORDER BY c
	Unique  (cost=388.47..388.95 rows=97 width=121)
	  ->  Sort  (cost=388.47..388.71 rows=97 width=121)
	        Sort Key: c
	        ->  Index Scan using sbtest8_pkey on sbtest8  (cost=0.43..385.26 rows=97 width=121)
	              Index Cond: ((id >= 4252753) AND (id <= 4252852))

for point_selects
table 1 : explain SELECT c FROM sbtest1 WHERE id=6458223
	Index Scan using sbtest1_pkey on sbtest1  (cost=0.43..8.45 rows=1 width=121)
	  Index Cond: (id = 6458223)

table 2 : explain SELECT c FROM sbtest2 WHERE id=136664
	Index Scan using sbtest2_pkey on sbtest2  (cost=0.43..8.45 rows=1 width=121)
	  Index Cond: (id = 136664)

table 3 : explain SELECT c FROM sbtest3 WHERE id=3580222
	Index Scan using sbtest3_pkey on sbtest3  (cost=0.43..8.45 rows=1 width=121)
	  Index Cond: (id = 3580222)

table 4 : explain SELECT c FROM sbtest4 WHERE id=5926917
	Index Scan using sbtest4_pkey on sbtest4  (cost=0.43..8.45 rows=1 width=121)
	  Index Cond: (id = 5926917)

table 5 : explain SELECT c FROM sbtest5 WHERE id=4359291
	Index Scan using sbtest5_pkey on sbtest5  (cost=0.43..8.45 rows=1 width=121)
	  Index Cond: (id = 4359291)

table 6 : explain SELECT c FROM sbtest6 WHERE id=1827412
	Index Scan using sbtest6_pkey on sbtest6  (cost=0.43..8.45 rows=1 width=121)
	  Index Cond: (id = 1827412)

table 7 : explain SELECT c FROM sbtest7 WHERE id=7964180
	Index Scan using sbtest7_pkey on sbtest7  (cost=0.43..8.45 rows=1 width=121)
	  Index Cond: (id = 7964180)

table 8 : explain SELECT c FROM sbtest8 WHERE id=2009398
	Index Scan using sbtest8_pkey on sbtest8  (cost=0.43..8.45 rows=1 width=121)
	  Index Cond: (id = 2009398)

for: simple_ranges
table 1 : explain SELECT c FROM sbtest1 WHERE id BETWEEN 2434924 AND 2435023
	Index Scan using sbtest1_pkey on sbtest1  (cost=0.43..429.18 rows=108 width=121)
	  Index Cond: ((id >= 2434924) AND (id <= 2435023))

table 2 : explain SELECT c FROM sbtest2 WHERE id BETWEEN 2763828 AND 2763927
	Index Scan using sbtest2_pkey on sbtest2  (cost=0.43..381.86 rows=96 width=121)
	  Index Cond: ((id >= 2763828) AND (id <= 2763927))

table 3 : explain SELECT c FROM sbtest3 WHERE id BETWEEN 4548836 AND 4548935
	Index Scan using sbtest3_pkey on sbtest3  (cost=0.43..404.70 rows=102 width=121)
	  Index Cond: ((id >= 4548836) AND (id <= 4548935))

table 4 : explain SELECT c FROM sbtest4 WHERE id BETWEEN 8180545 AND 8180644
	Index Scan using sbtest4_pkey on sbtest4  (cost=0.43..396.69 rows=100 width=121)
	  Index Cond: ((id >= 8180545) AND (id <= 8180644))

table 5 : explain SELECT c FROM sbtest5 WHERE id BETWEEN 5864187 AND 5864286
	Index Scan using sbtest5_pkey on sbtest5  (cost=0.43..369.24 rows=93 width=121)
	  Index Cond: ((id >= 5864187) AND (id <= 5864286))

table 6 : explain SELECT c FROM sbtest6 WHERE id BETWEEN 3643802 AND 3643901
	Index Scan using sbtest6_pkey on sbtest6  (cost=0.43..391.07 rows=99 width=121)
	  Index Cond: ((id >= 3643802) AND (id <= 3643901))

table 7 : explain SELECT c FROM sbtest7 WHERE id BETWEEN 2516352 AND 2516451
	Index Scan using sbtest7_pkey on sbtest7  (cost=0.43..417.79 rows=105 width=121)
	  Index Cond: ((id >= 2516352) AND (id <= 2516451))

table 8 : explain SELECT c FROM sbtest8 WHERE id BETWEEN 8321371 AND 8321470
	Index Scan using sbtest8_pkey on sbtest8  (cost=0.43..400.99 rows=101 width=121)
	  Index Cond: ((id >= 8321371) AND (id <= 8321470))

for: order_ranges
table 1 : explain SELECT c FROM sbtest1 WHERE id BETWEEN 9016116 AND 9016215 ORDER BY c
	Sort  (cost=389.11..389.36 rows=97 width=121)
	  Sort Key: c
	  ->  Index Scan using sbtest1_pkey on sbtest1  (cost=0.43..385.91 rows=97 width=121)
	        Index Cond: ((id >= 9016116) AND (id <= 9016215))

table 2 : explain SELECT c FROM sbtest2 WHERE id BETWEEN 7154104 AND 7154203 ORDER BY c
	Sort  (cost=444.61..444.88 rows=111 width=121)
	  Sort Key: c
	  ->  Index Scan using sbtest2_pkey on sbtest2  (cost=0.43..440.83 rows=111 width=121)
	        Index Cond: ((id >= 7154104) AND (id <= 7154203))

table 3 : explain SELECT c FROM sbtest3 WHERE id BETWEEN 4464395 AND 4464494 ORDER BY c
	Sort  (cost=392.25..392.50 rows=98 width=121)
	  Sort Key: c
	  ->  Index Scan using sbtest3_pkey on sbtest3  (cost=0.43..389.01 rows=98 width=121)
	        Index Cond: ((id >= 4464395) AND (id <= 4464494))

table 4 : explain SELECT c FROM sbtest4 WHERE id BETWEEN 1810690 AND 1810789 ORDER BY c
	Sort  (cost=403.98..404.23 rows=101 width=121)
	  Sort Key: c
	  ->  Index Scan using sbtest4_pkey on sbtest4  (cost=0.43..400.62 rows=101 width=121)
	        Index Cond: ((id >= 1810690) AND (id <= 1810789))

table 5 : explain SELECT c FROM sbtest5 WHERE id BETWEEN 1156315 AND 1156414 ORDER BY c
	Sort  (cost=435.66..435.94 rows=109 width=121)
	  Sort Key: c
	  ->  Index Scan using sbtest5_pkey on sbtest5  (cost=0.43..431.98 rows=109 width=121)
	        Index Cond: ((id >= 1156315) AND (id <= 1156414))

table 6 : explain SELECT c FROM sbtest6 WHERE id BETWEEN 4474229 AND 4474328 ORDER BY c
	Sort  (cost=414.07..414.33 rows=104 width=121)
	  Sort Key: c
	  ->  Index Scan using sbtest6_pkey on sbtest6  (cost=0.43..410.59 rows=104 width=121)
	        Index Cond: ((id >= 4474229) AND (id <= 4474328))

table 7 : explain SELECT c FROM sbtest7 WHERE id BETWEEN 6264490 AND 6264589 ORDER BY c
	Sort  (cost=401.43..401.68 rows=100 width=121)
	  Sort Key: c
	  ->  Index Scan using sbtest7_pkey on sbtest7  (cost=0.43..398.11 rows=100 width=121)
	        Index Cond: ((id >= 6264490) AND (id <= 6264589))

table 8 : explain SELECT c FROM sbtest8 WHERE id BETWEEN 4481347 AND 4481446 ORDER BY c
	Sort  (cost=380.54..380.77 rows=95 width=121)
	  Sort Key: c
	  ->  Index Scan using sbtest8_pkey on sbtest8  (cost=0.43..377.42 rows=95 width=121)
	        Index Cond: ((id >= 4481347) AND (id <= 4481446))

for point_selects
table 1 : explain SELECT c FROM sbtest1 WHERE id=9926358
	Index Scan using sbtest1_pkey on sbtest1  (cost=0.43..8.45 rows=1 width=121)
	  Index Cond: (id = 9926358)

table 2 : explain SELECT c FROM sbtest2 WHERE id=3709427
	Index Scan using sbtest2_pkey on sbtest2  (cost=0.43..8.45 rows=1 width=121)
	  Index Cond: (id = 3709427)

table 3 : explain SELECT c FROM sbtest3 WHERE id=808761
	Index Scan using sbtest3_pkey on sbtest3  (cost=0.43..8.45 rows=1 width=121)
	  Index Cond: (id = 808761)

table 4 : explain SELECT c FROM sbtest4 WHERE id=223143
	Index Scan using sbtest4_pkey on sbtest4  (cost=0.43..8.45 rows=1 width=121)
	  Index Cond: (id = 223143)

table 5 : explain SELECT c FROM sbtest5 WHERE id=4565118
	Index Scan using sbtest5_pkey on sbtest5  (cost=0.43..8.45 rows=1 width=121)
	  Index Cond: (id = 4565118)

table 6 : explain SELECT c FROM sbtest6 WHERE id=3160537
	Index Scan using sbtest6_pkey on sbtest6  (cost=0.43..8.45 rows=1 width=121)
	  Index Cond: (id = 3160537)

table 7 : explain SELECT c FROM sbtest7 WHERE id=7429609
	Index Scan using sbtest7_pkey on sbtest7  (cost=0.43..8.45 rows=1 width=121)
	  Index Cond: (id = 7429609)

table 8 : explain SELECT c FROM sbtest8 WHERE id=1937409
	Index Scan using sbtest8_pkey on sbtest8  (cost=0.43..8.45 rows=1 width=121)
	  Index Cond: (id = 1937409)

for: sum_ranges
table 1 : explain SELECT SUM(k) FROM sbtest1 WHERE id BETWEEN 977052 AND 977151
	Aggregate  (cost=394.05..394.06 rows=1 width=8)
	  ->  Index Scan using sbtest1_pkey on sbtest1  (cost=0.43..393.80 rows=99 width=4)
	        Index Cond: ((id >= 977052) AND (id <= 977151))

table 2 : explain SELECT SUM(k) FROM sbtest2 WHERE id BETWEEN 9378481 AND 9378580
	Aggregate  (cost=405.72..405.73 rows=1 width=8)
	  ->  Index Scan using sbtest2_pkey on sbtest2  (cost=0.43..405.46 rows=102 width=4)
	        Index Cond: ((id >= 9378481) AND (id <= 9378580))

table 3 : explain SELECT SUM(k) FROM sbtest3 WHERE id BETWEEN 7782773 AND 7782872
	Aggregate  (cost=401.03..401.04 rows=1 width=8)
	  ->  Index Scan using sbtest3_pkey on sbtest3  (cost=0.43..400.78 rows=101 width=4)
	        Index Cond: ((id >= 7782773) AND (id <= 7782872))

table 4 : explain SELECT SUM(k) FROM sbtest4 WHERE id BETWEEN 4356559 AND 4356658
	Aggregate  (cost=440.10..440.11 rows=1 width=8)
	  ->  Index Scan using sbtest4_pkey on sbtest4  (cost=0.43..439.82 rows=111 width=4)
	        Index Cond: ((id >= 4356559) AND (id <= 4356658))

table 5 : explain SELECT SUM(k) FROM sbtest5 WHERE id BETWEEN 2549567 AND 2549666
	Aggregate  (cost=396.94..396.95 rows=1 width=8)
	  ->  Index Scan using sbtest5_pkey on sbtest5  (cost=0.43..396.69 rows=100 width=4)
	        Index Cond: ((id >= 2549567) AND (id <= 2549666))

table 6 : explain SELECT SUM(k) FROM sbtest6 WHERE id BETWEEN 1324969 AND 1325068
	Aggregate  (cost=406.94..406.95 rows=1 width=8)
	  ->  Index Scan using sbtest6_pkey on sbtest6  (cost=0.43..406.68 rows=103 width=4)
	        Index Cond: ((id >= 1324969) AND (id <= 1325068))

table 7 : explain SELECT SUM(k) FROM sbtest7 WHERE id BETWEEN 3478099 AND 3478198
	Aggregate  (cost=378.65..378.66 rows=1 width=8)
	  ->  Index Scan using sbtest7_pkey on sbtest7  (cost=0.43..378.41 rows=95 width=4)
	        Index Cond: ((id >= 3478099) AND (id <= 3478198))

table 8 : explain SELECT SUM(k) FROM sbtest8 WHERE id BETWEEN 3283222 AND 3283321
	Aggregate  (cost=409.09..409.10 rows=1 width=8)
	  ->  Index Scan using sbtest8_pkey on sbtest8  (cost=0.43..408.84 rows=103 width=4)
	        Index Cond: ((id >= 3283222) AND (id <= 3283321))

for: simple_ranges
table 1 : explain SELECT c FROM sbtest1 WHERE id BETWEEN 5423602 AND 5423701
	Index Scan using sbtest1_pkey on sbtest1  (cost=0.43..452.77 rows=114 width=121)
	  Index Cond: ((id >= 5423602) AND (id <= 5423701))

table 2 : explain SELECT c FROM sbtest2 WHERE id BETWEEN 2528987 AND 2529086
	Index Scan using sbtest2_pkey on sbtest2  (cost=0.43..389.74 rows=98 width=121)
	  Index Cond: ((id >= 2528987) AND (id <= 2529086))

table 3 : explain SELECT c FROM sbtest3 WHERE id BETWEEN 6962832 AND 6962931
	Index Scan using sbtest3_pkey on sbtest3  (cost=0.43..377.22 rows=95 width=121)
	  Index Cond: ((id >= 6962832) AND (id <= 6962931))

table 4 : explain SELECT c FROM sbtest4 WHERE id BETWEEN 8628115 AND 8628214
	Index Scan using sbtest4_pkey on sbtest4  (cost=0.43..384.93 rows=97 width=121)
	  Index Cond: ((id >= 8628115) AND (id <= 8628214))

table 5 : explain SELECT c FROM sbtest5 WHERE id BETWEEN 5521828 AND 5521927
	Index Scan using sbtest5_pkey on sbtest5  (cost=0.43..404.53 rows=102 width=121)
	  Index Cond: ((id >= 5521828) AND (id <= 5521927))

table 6 : explain SELECT c FROM sbtest6 WHERE id BETWEEN 7766249 AND 7766348
	Index Scan using sbtest6_pkey on sbtest6  (cost=0.43..398.88 rows=101 width=121)
	  Index Cond: ((id >= 7766249) AND (id <= 7766348))

table 7 : explain SELECT c FROM sbtest7 WHERE id BETWEEN 8199860 AND 8199959
	Index Scan using sbtest7_pkey on sbtest7  (cost=0.43..402.05 rows=101 width=121)
	  Index Cond: ((id >= 8199860) AND (id <= 8199959))

table 8 : explain SELECT c FROM sbtest8 WHERE id BETWEEN 3666324 AND 3666423
	Index Scan using sbtest8_pkey on sbtest8  (cost=0.43..420.61 rows=106 width=121)
	  Index Cond: ((id >= 3666324) AND (id <= 3666423))

for: simple_ranges
table 1 : explain SELECT c FROM sbtest1 WHERE id BETWEEN 3643086 AND 3643185
	Index Scan using sbtest1_pkey on sbtest1  (cost=0.43..374.12 rows=94 width=121)
	  Index Cond: ((id >= 3643086) AND (id <= 3643185))

table 2 : explain SELECT c FROM sbtest2 WHERE id BETWEEN 3431882 AND 3431981
	Index Scan using sbtest2_pkey on sbtest2  (cost=0.43..429.04 rows=108 width=121)
	  Index Cond: ((id >= 3431882) AND (id <= 3431981))

table 3 : explain SELECT c FROM sbtest3 WHERE id BETWEEN 9451906 AND 9452005
	Index Scan using sbtest3_pkey on sbtest3  (cost=0.43..440.01 rows=111 width=121)
	  Index Cond: ((id >= 9451906) AND (id <= 9452005))

table 4 : explain SELECT c FROM sbtest4 WHERE id BETWEEN 9775240 AND 9775339
	Index Scan using sbtest4_pkey on sbtest4  (cost=0.43..400.62 rows=101 width=121)
	  Index Cond: ((id >= 9775240) AND (id <= 9775339))

table 5 : explain SELECT c FROM sbtest5 WHERE id BETWEEN 3928666 AND 3928765
	Index Scan using sbtest5_pkey on sbtest5  (cost=0.43..416.29 rows=105 width=121)
	  Index Cond: ((id >= 3928666) AND (id <= 3928765))

table 6 : explain SELECT c FROM sbtest6 WHERE id BETWEEN 9018677 AND 9018776
	Index Scan using sbtest6_pkey on sbtest6  (cost=0.43..383.23 rows=97 width=121)
	  Index Cond: ((id >= 9018677) AND (id <= 9018776))

table 7 : explain SELECT c FROM sbtest7 WHERE id BETWEEN 8120645 AND 8120744
	Index Scan using sbtest7_pkey on sbtest7  (cost=0.43..402.05 rows=101 width=121)
	  Index Cond: ((id >= 8120645) AND (id <= 8120744))

table 8 : explain SELECT c FROM sbtest8 WHERE id BETWEEN 5295029 AND 5295128
	Index Scan using sbtest8_pkey on sbtest8  (cost=0.43..416.69 rows=105 width=121)
	  Index Cond: ((id >= 5295029) AND (id <= 5295128))

for: order_ranges
table 1 : explain SELECT c FROM sbtest1 WHERE id BETWEEN 4193820 AND 4193919 ORDER BY c
	Sort  (cost=401.05..401.30 rows=100 width=121)
	  Sort Key: c
	  ->  Index Scan using sbtest1_pkey on sbtest1  (cost=0.43..397.73 rows=100 width=121)
	        Index Cond: ((id >= 4193820) AND (id <= 4193919))

table 2 : explain SELECT c FROM sbtest2 WHERE id BETWEEN 6643597 AND 6643696 ORDER BY c
	Sort  (cost=385.02..385.26 rows=96 width=121)
	  Sort Key: c
	  ->  Index Scan using sbtest2_pkey on sbtest2  (cost=0.43..381.86 rows=96 width=121)
	        Index Cond: ((id >= 6643597) AND (id <= 6643696))

table 3 : explain SELECT c FROM sbtest3 WHERE id BETWEEN 6245916 AND 6246015 ORDER BY c
	Sort  (cost=408.11..408.36 rows=102 width=121)
	  Sort Key: c
	  ->  Index Scan using sbtest3_pkey on sbtest3  (cost=0.43..404.70 rows=102 width=121)
	        Index Cond: ((id >= 6245916) AND (id <= 6246015))

table 4 : explain SELECT c FROM sbtest4 WHERE id BETWEEN 5766186 AND 5766285 ORDER BY c
	Sort  (cost=447.56..447.84 rows=112 width=121)
	  Sort Key: c
	  ->  Index Scan using sbtest4_pkey on sbtest4  (cost=0.43..443.75 rows=112 width=121)
	        Index Cond: ((id >= 5766186) AND (id <= 5766285))

table 5 : explain SELECT c FROM sbtest5 WHERE id BETWEEN 7958672 AND 7958771 ORDER BY c
	Sort  (cost=380.21..380.44 rows=95 width=121)
	  Sort Key: c
	  ->  Index Scan using sbtest5_pkey on sbtest5  (cost=0.43..377.08 rows=95 width=121)
	        Index Cond: ((id >= 7958672) AND (id <= 7958771))

table 6 : explain SELECT c FROM sbtest6 WHERE id BETWEEN 7649098 AND 7649197 ORDER BY c
	Sort  (cost=425.90..426.17 rows=107 width=121)
	  Sort Key: c
	  ->  Index Scan using sbtest6_pkey on sbtest6  (cost=0.43..422.30 rows=107 width=121)
	        Index Cond: ((id >= 7649098) AND (id <= 7649197))

table 7 : explain SELECT c FROM sbtest7 WHERE id BETWEEN 1137697 AND 1137796 ORDER BY c
	Sort  (cost=405.41..405.66 rows=101 width=121)
	  Sort Key: c
	  ->  Index Scan using sbtest7_pkey on sbtest7  (cost=0.43..402.05 rows=101 width=121)
	        Index Cond: ((id >= 1137697) AND (id <= 1137796))

table 8 : explain SELECT c FROM sbtest8 WHERE id BETWEEN 2117780 AND 2117879 ORDER BY c
	Sort  (cost=388.47..388.71 rows=97 width=121)
	  Sort Key: c
	  ->  Index Scan using sbtest8_pkey on sbtest8  (cost=0.43..385.26 rows=97 width=121)
	        Index Cond: ((id >= 2117780) AND (id <= 2117879))

for: distinct_ranges
table 1 : explain SELECT DISTINCT c FROM sbtest1 WHERE id BETWEEN 9969028 AND 9969127 ORDER BY c
	Unique  (cost=393.09..393.58 rows=98 width=121)
	  ->  Sort  (cost=393.09..393.33 rows=98 width=121)
	        Sort Key: c
	        ->  Index Scan using sbtest1_pkey on sbtest1  (cost=0.43..389.85 rows=98 width=121)
	              Index Cond: ((id >= 9969028) AND (id <= 9969127))

table 2 : explain SELECT DISTINCT c FROM sbtest2 WHERE id BETWEEN 5867556 AND 5867655 ORDER BY c
	Unique  (cost=424.75..425.28 rows=106 width=121)
	  ->  Sort  (cost=424.75..425.01 rows=106 width=121)
	        Sort Key: c
	        ->  Index Scan using sbtest2_pkey on sbtest2  (cost=0.43..421.18 rows=106 width=121)
	              Index Cond: ((id >= 5867556) AND (id <= 5867655))

table 3 : explain SELECT DISTINCT c FROM sbtest3 WHERE id BETWEEN 4622980 AND 4623079 ORDER BY c
	Unique  (cost=412.07..412.58 rows=103 width=121)
	  ->  Sort  (cost=412.07..412.33 rows=103 width=121)
	        Sort Key: c
	        ->  Index Scan using sbtest3_pkey on sbtest3  (cost=0.43..408.63 rows=103 width=121)
	              Index Cond: ((id >= 4622980) AND (id <= 4623079))

table 4 : explain SELECT DISTINCT c FROM sbtest4 WHERE id BETWEEN 5231214 AND 5231313 ORDER BY c
	Unique  (cost=388.13..388.62 rows=97 width=121)
	  ->  Sort  (cost=388.13..388.38 rows=97 width=121)
	        Sort Key: c
	        ->  Index Scan using sbtest4_pkey on sbtest4  (cost=0.43..384.93 rows=97 width=121)
	              Index Cond: ((id >= 5231214) AND (id <= 5231313))

table 5 : explain SELECT DISTINCT c FROM sbtest5 WHERE id BETWEEN 6160502 AND 6160601 ORDER BY c
	Unique  (cost=400.01..400.51 rows=100 width=121)
	  ->  Sort  (cost=400.01..400.26 rows=100 width=121)
	        Sort Key: c
	        ->  Index Scan using sbtest5_pkey on sbtest5  (cost=0.43..396.69 rows=100 width=121)
	              Index Cond: ((id >= 6160502) AND (id <= 6160601))

table 6 : explain SELECT DISTINCT c FROM sbtest6 WHERE id BETWEEN 2499649 AND 2499748 ORDER BY c
	Unique  (cost=366.72..367.18 rows=92 width=121)
	  ->  Sort  (cost=366.72..366.95 rows=92 width=121)
	        Sort Key: c
	        ->  Index Scan using sbtest6_pkey on sbtest6  (cost=0.43..363.72 rows=92 width=121)
	              Index Cond: ((id >= 2499649) AND (id <= 2499748))

table 7 : explain SELECT DISTINCT c FROM sbtest7 WHERE id BETWEEN 1507019 AND 1507118 ORDER BY c
	Unique  (cost=421.31..421.84 rows=105 width=121)
	  ->  Sort  (cost=421.31..421.58 rows=105 width=121)
	        Sort Key: c
	        ->  Index Scan using sbtest7_pkey on sbtest7  (cost=0.43..417.79 rows=105 width=121)
	              Index Cond: ((id >= 1507019) AND (id <= 1507118))

table 8 : explain SELECT DISTINCT c FROM sbtest8 WHERE id BETWEEN 7293980 AND 7294079 ORDER BY c
	Unique  (cost=408.31..408.82 rows=102 width=121)
	  ->  Sort  (cost=408.31..408.57 rows=102 width=121)
	        Sort Key: c
	        ->  Index Scan using sbtest8_pkey on sbtest8  (cost=0.43..404.91 rows=102 width=121)
	              Index Cond: ((id >= 7293980) AND (id <= 7294079))

for: sum_ranges
table 1 : explain SELECT SUM(k) FROM sbtest1 WHERE id BETWEEN 5445392 AND 5445491
	Aggregate  (cost=456.99..457.00 rows=1 width=8)
	  ->  Index Scan using sbtest1_pkey on sbtest1  (cost=0.43..456.70 rows=115 width=4)
	        Index Cond: ((id >= 5445392) AND (id <= 5445491))

table 2 : explain SELECT SUM(k) FROM sbtest2 WHERE id BETWEEN 4086355 AND 4086454
	Aggregate  (cost=433.25..433.26 rows=1 width=8)
	  ->  Index Scan using sbtest2_pkey on sbtest2  (cost=0.43..432.97 rows=109 width=4)
	        Index Cond: ((id >= 4086355) AND (id <= 4086454))

table 3 : explain SELECT SUM(k) FROM sbtest3 WHERE id BETWEEN 3535078 AND 3535177
	Aggregate  (cost=397.11..397.12 rows=1 width=8)
	  ->  Index Scan using sbtest3_pkey on sbtest3  (cost=0.43..396.86 rows=100 width=4)
	        Index Cond: ((id >= 3535078) AND (id <= 3535177))

table 4 : explain SELECT SUM(k) FROM sbtest4 WHERE id BETWEEN 1026149 AND 1026248
	Aggregate  (cost=396.94..396.95 rows=1 width=8)
	  ->  Index Scan using sbtest4_pkey on sbtest4  (cost=0.43..396.69 rows=100 width=4)
	        Index Cond: ((id >= 1026149) AND (id <= 1026248))

table 5 : explain SELECT SUM(k) FROM sbtest5 WHERE id BETWEEN 3449791 AND 3449890
	Aggregate  (cost=381.25..381.26 rows=1 width=8)
	  ->  Index Scan using sbtest5_pkey on sbtest5  (cost=0.43..381.01 rows=96 width=4)
	        Index Cond: ((id >= 3449791) AND (id <= 3449890))

table 6 : explain SELECT SUM(k) FROM sbtest6 WHERE id BETWEEN 5178961 AND 5179060
	Aggregate  (cost=383.50..383.51 rows=1 width=8)
	  ->  Index Scan using sbtest6_pkey on sbtest6  (cost=0.43..383.26 rows=97 width=4)
	        Index Cond: ((id >= 5178961) AND (id <= 5179060))

table 7 : explain SELECT SUM(k) FROM sbtest7 WHERE id BETWEEN 9966172 AND 9966271
	Aggregate  (cost=394.42..394.43 rows=1 width=8)
	  ->  Index Scan using sbtest7_pkey on sbtest7  (cost=0.43..394.18 rows=99 width=4)
	        Index Cond: ((id >= 9966172) AND (id <= 9966271))

table 8 : explain SELECT SUM(k) FROM sbtest8 WHERE id BETWEEN 4049861 AND 4049960
	Aggregate  (cost=409.09..409.10 rows=1 width=8)
	  ->  Index Scan using sbtest8_pkey on sbtest8  (cost=0.43..408.84 rows=103 width=4)
	        Index Cond: ((id >= 4049861) AND (id <= 4049960))

explain: for point_selects :: explain SELECT c FROM sbtest%u WHERE id=%u
for: sum_ranges
table 1 : explain SELECT SUM(k) FROM sbtest1 WHERE id BETWEEN 3763808 AND 3763907
	Aggregate  (cost=390.09..390.10 rows=1 width=8)
	  ->  Index Scan using sbtest1_pkey on sbtest1  (cost=0.43..389.85 rows=98 width=4)
	        Index Cond: ((id >= 3763808) AND (id <= 3763907))

table 2 : explain SELECT SUM(k) FROM sbtest2 WHERE id BETWEEN 5075603 AND 5075702
	Aggregate  (cost=413.58..413.59 rows=1 width=8)
	  ->  Index Scan using sbtest2_pkey on sbtest2  (cost=0.43..413.32 rows=104 width=4)
	        Index Cond: ((id >= 5075603) AND (id <= 5075702))

table 3 : explain SELECT SUM(k) FROM sbtest3 WHERE id BETWEEN 1377442 AND 1377541
	Aggregate  (cost=424.58..424.59 rows=1 width=8)
	  ->  Index Scan using sbtest3_pkey on sbtest3  (cost=0.43..424.32 rows=107 width=4)
	        Index Cond: ((id >= 1377442) AND (id <= 1377541))

table 4 : explain SELECT SUM(k) FROM sbtest4 WHERE id BETWEEN 1269082 AND 1269181
	Aggregate  (cost=412.64..412.65 rows=1 width=8)
	  ->  Index Scan using sbtest4_pkey on sbtest4  (cost=0.43..412.38 rows=104 width=4)
	        Index Cond: ((id >= 1269082) AND (id <= 1269181))

table 5 : explain SELECT SUM(k) FROM sbtest5 WHERE id BETWEEN 4231321 AND 4231420
	Aggregate  (cost=408.71..408.72 rows=1 width=8)
	  ->  Index Scan using sbtest5_pkey on sbtest5  (cost=0.43..408.45 rows=103 width=4)
	        Index Cond: ((id >= 4231321) AND (id <= 4231420))

table 6 : explain SELECT SUM(k) FROM sbtest6 WHERE id BETWEEN 7133602 AND 7133701
	Aggregate  (cost=403.03..403.04 rows=1 width=8)
	  ->  Index Scan using sbtest6_pkey on sbtest6  (cost=0.43..402.78 rows=102 width=4)
	        Index Cond: ((id >= 7133602) AND (id <= 7133701))

table 7 : explain SELECT SUM(k) FROM sbtest7 WHERE id BETWEEN 3063141 AND 3063240
	Aggregate  (cost=394.40..394.41 rows=1 width=8)
	  ->  Index Scan using sbtest7_pkey on sbtest7  (cost=0.43..394.16 rows=99 width=4)
	        Index Cond: ((id >= 3063141) AND (id <= 3063240))

table 8 : explain SELECT SUM(k) FROM sbtest8 WHERE id BETWEEN 9237010 AND 9237109
	Aggregate  (cost=385.51..385.52 rows=1 width=8)
	  ->  Index Scan using sbtest8_pkey on sbtest8  (cost=0.43..385.26 rows=97 width=4)
	        Index Cond: ((id >= 9237010) AND (id <= 9237109))

for: distinct_ranges
table 1 : explain SELECT DISTINCT c FROM sbtest1 WHERE id BETWEEN 5185398 AND 5185497 ORDER BY c
	Unique  (cost=385.14..385.62 rows=96 width=121)
	  ->  Sort  (cost=385.14..385.38 rows=96 width=121)
	        Sort Key: c
	        ->  Index Scan using sbtest1_pkey on sbtest1  (cost=0.43..381.98 rows=96 width=121)
	              Index Cond: ((id >= 5185398) AND (id <= 5185497))

table 2 : explain SELECT DISTINCT c FROM sbtest2 WHERE id BETWEEN 6212252 AND 6212351 ORDER BY c
	Unique  (cost=400.93..401.43 rows=100 width=121)
	  ->  Sort  (cost=400.93..401.18 rows=100 width=121)
	        Sort Key: c
	        ->  Index Scan using sbtest2_pkey on sbtest2  (cost=0.43..397.60 rows=100 width=121)
	              Index Cond: ((id >= 6212252) AND (id <= 6212351))

table 3 : explain SELECT DISTINCT c FROM sbtest3 WHERE id BETWEEN 9113331 AND 9113430 ORDER BY c
	Unique  (cost=356.57..357.01 rows=89 width=121)
	  ->  Sort  (cost=356.57..356.79 rows=89 width=121)
	        Sort Key: c
	        ->  Index Scan using sbtest3_pkey on sbtest3  (cost=0.43..353.69 rows=89 width=121)
	              Index Cond: ((id >= 9113331) AND (id <= 9113430))

table 4 : explain SELECT DISTINCT c FROM sbtest4 WHERE id BETWEEN 9125328 AND 9125427 ORDER BY c
	Unique  (cost=407.94..408.45 rows=102 width=121)
	  ->  Sort  (cost=407.94..408.19 rows=102 width=121)
	        Sort Key: c
	        ->  Index Scan using sbtest4_pkey on sbtest4  (cost=0.43..404.54 rows=102 width=121)
	              Index Cond: ((id >= 9125328) AND (id <= 9125427))

table 5 : explain SELECT DISTINCT c FROM sbtest5 WHERE id BETWEEN 826094 AND 826193 ORDER BY c
	Unique  (cost=364.36..364.82 rows=91 width=121)
	  ->  Sort  (cost=364.36..364.59 rows=91 width=121)
	        Sort Key: c
	        ->  Index Scan using sbtest5_pkey on sbtest5  (cost=0.43..361.40 rows=91 width=121)
	              Index Cond: ((id >= 826094) AND (id <= 826193))

table 6 : explain SELECT DISTINCT c FROM sbtest6 WHERE id BETWEEN 1930424 AND 1930523 ORDER BY c
	Unique  (cost=421.96..422.49 rows=106 width=121)
	  ->  Sort  (cost=421.96..422.22 rows=106 width=121)
	        Sort Key: c
	        ->  Index Scan using sbtest6_pkey on sbtest6  (cost=0.43..418.39 rows=106 width=121)
	              Index Cond: ((id >= 1930424) AND (id <= 1930523))

table 7 : explain SELECT DISTINCT c FROM sbtest7 WHERE id BETWEEN 9397012 AND 9397111 ORDER BY c
	Unique  (cost=449.15..449.71 rows=112 width=121)
	  ->  Sort  (cost=449.15..449.43 rows=112 width=121)
	        Sort Key: c
	        ->  Index Scan using sbtest7_pkey on sbtest7  (cost=0.43..445.34 rows=112 width=121)
	              Index Cond: ((id >= 9397012) AND (id <= 9397111))

table 8 : explain SELECT DISTINCT c FROM sbtest8 WHERE id BETWEEN 2661461 AND 2661560 ORDER BY c
	Unique  (cost=376.57..377.04 rows=94 width=121)
	  ->  Sort  (cost=376.57..376.81 rows=94 width=121)
	        Sort Key: c
	        ->  Index Scan using sbtest8_pkey on sbtest8  (cost=0.43..373.49 rows=94 width=121)
	              Index Cond: ((id >= 2661461) AND (id <= 2661560))

for: sum_ranges
table 1 : explain SELECT SUM(k) FROM sbtest1 WHERE id BETWEEN 9992623 AND 9992722
	Aggregate  (cost=390.09..390.10 rows=1 width=8)
	  ->  Index Scan using sbtest1_pkey on sbtest1  (cost=0.43..389.85 rows=98 width=4)
	        Index Cond: ((id >= 9992623) AND (id <= 9992722))

table 2 : explain SELECT SUM(k) FROM sbtest2 WHERE id BETWEEN 2872032 AND 2872131
	Aggregate  (cost=366.37..366.38 rows=1 width=8)
	  ->  Index Scan using sbtest2_pkey on sbtest2  (cost=0.43..366.14 rows=92 width=4)
	        Index Cond: ((id >= 2872032) AND (id <= 2872131))

table 3 : explain SELECT SUM(k) FROM sbtest3 WHERE id BETWEEN 6171453 AND 6171552
	Aggregate  (cost=404.96..404.97 rows=1 width=8)
	  ->  Index Scan using sbtest3_pkey on sbtest3  (cost=0.43..404.70 rows=102 width=4)
	        Index Cond: ((id >= 6171453) AND (id <= 6171552))

table 4 : explain SELECT SUM(k) FROM sbtest4 WHERE id BETWEEN 6053634 AND 6053733
	Aggregate  (cost=416.56..416.57 rows=1 width=8)
	  ->  Index Scan using sbtest4_pkey on sbtest4  (cost=0.43..416.30 rows=105 width=4)
	        Index Cond: ((id >= 6053634) AND (id <= 6053733))

table 5 : explain SELECT SUM(k) FROM sbtest5 WHERE id BETWEEN 8197660 AND 8197759
	Aggregate  (cost=357.71..357.72 rows=1 width=8)
	  ->  Index Scan using sbtest5_pkey on sbtest5  (cost=0.43..357.48 rows=90 width=4)
	        Index Cond: ((id >= 8197660) AND (id <= 8197759))

table 6 : explain SELECT SUM(k) FROM sbtest6 WHERE id BETWEEN 8186648 AND 8186747
	Aggregate  (cost=410.85..410.86 rows=1 width=8)
	  ->  Index Scan using sbtest6_pkey on sbtest6  (cost=0.43..410.59 rows=104 width=4)
	        Index Cond: ((id >= 8186648) AND (id <= 8186747))

table 7 : explain SELECT SUM(k) FROM sbtest7 WHERE id BETWEEN 8903695 AND 8903794
	Aggregate  (cost=418.05..418.06 rows=1 width=8)
	  ->  Index Scan using sbtest7_pkey on sbtest7  (cost=0.43..417.79 rows=105 width=4)
	        Index Cond: ((id >= 8903695) AND (id <= 8903794))

table 8 : explain SELECT SUM(k) FROM sbtest8 WHERE id BETWEEN 8110633 AND 8110732
	Aggregate  (cost=405.17..405.18 rows=1 width=8)
	  ->  Index Scan using sbtest8_pkey on sbtest8  (cost=0.43..404.91 rows=102 width=4)
	        Index Cond: ((id >= 8110633) AND (id <= 8110732))

for point_selects
table 1 : explain SELECT c FROM sbtest1 WHERE id=4428296
	Index Scan using sbtest1_pkey on sbtest1  (cost=0.43..8.45 rows=1 width=121)
	  Index Cond: (id = 4428296)

table 2 : explain SELECT c FROM sbtest2 WHERE id=9287488
	Index Scan using sbtest2_pkey on sbtest2  (cost=0.43..8.45 rows=1 width=121)
	  Index Cond: (id = 9287488)

table 3 : explain SELECT c FROM sbtest3 WHERE id=8368550
	Index Scan using sbtest3_pkey on sbtest3  (cost=0.43..8.45 rows=1 width=121)
	  Index Cond: (id = 8368550)

table 4 : explain SELECT c FROM sbtest4 WHERE id=5069805
	Index Scan using sbtest4_pkey on sbtest4  (cost=0.43..8.45 rows=1 width=121)
	  Index Cond: (id = 5069805)

table 5 : explain SELECT c FROM sbtest5 WHERE id=7472323
	Index Scan using sbtest5_pkey on sbtest5  (cost=0.43..8.45 rows=1 width=121)
	  Index Cond: (id = 7472323)

table 6 : explain SELECT c FROM sbtest6 WHERE id=3511652
	Index Scan using sbtest6_pkey on sbtest6  (cost=0.43..8.45 rows=1 width=121)
	  Index Cond: (id = 3511652)

table 7 : explain SELECT c FROM sbtest7 WHERE id=8046701
	Index Scan using sbtest7_pkey on sbtest7  (cost=0.43..8.45 rows=1 width=121)
	  Index Cond: (id = 8046701)

table 8 : explain SELECT c FROM sbtest8 WHERE id=5912784
	Index Scan using sbtest8_pkey on sbtest8  (cost=0.43..8.45 rows=1 width=121)
	  Index Cond: (id = 5912784)

for: order_ranges
table 1 : explain SELECT c FROM sbtest1 WHERE id BETWEEN 2439809 AND 2439908 ORDER BY c
	Sort  (cost=432.83..433.10 rows=108 width=121)
	  Sort Key: c
	  ->  Index Scan using sbtest1_pkey on sbtest1  (cost=0.43..429.18 rows=108 width=121)
	        Index Cond: ((id >= 2439809) AND (id <= 2439908))

table 2 : explain SELECT c FROM sbtest2 WHERE id BETWEEN 3476716 AND 3476815 ORDER BY c
	Sort  (cost=432.69..432.96 rows=108 width=121)
	  Sort Key: c
	  ->  Index Scan using sbtest2_pkey on sbtest2  (cost=0.43..429.04 rows=108 width=121)
	        Index Cond: ((id >= 3476716) AND (id <= 3476815))

table 3 : explain SELECT c FROM sbtest3 WHERE id BETWEEN 2572505 AND 2572604 ORDER BY c
	Sort  (cost=396.22..396.46 rows=99 width=121)
	  Sort Key: c
	  ->  Index Scan using sbtest3_pkey on sbtest3  (cost=0.43..392.94 rows=99 width=121)
	        Index Cond: ((id >= 2572505) AND (id <= 2572604))

table 4 : explain SELECT c FROM sbtest4 WHERE id BETWEEN 7769637 AND 7769736 ORDER BY c
	Sort  (cost=400.02..400.27 rows=100 width=121)
	  Sort Key: c
	  ->  Index Scan using sbtest4_pkey on sbtest4  (cost=0.43..396.69 rows=100 width=121)
	        Index Cond: ((id >= 7769637) AND (id <= 7769736))

table 5 : explain SELECT c FROM sbtest5 WHERE id BETWEEN 1611754 AND 1611853 ORDER BY c
	Sort  (cost=407.93..408.19 rows=102 width=121)
	  Sort Key: c
	  ->  Index Scan using sbtest5_pkey on sbtest5  (cost=0.43..404.53 rows=102 width=121)
	        Index Cond: ((id >= 1611754) AND (id <= 1611853))

table 6 : explain SELECT c FROM sbtest6 WHERE id BETWEEN 4777808 AND 4777907 ORDER BY c
	Sort  (cost=425.90..426.17 rows=107 width=121)
	  Sort Key: c
	  ->  Index Scan using sbtest6_pkey on sbtest6  (cost=0.43..422.30 rows=107 width=121)
	        Index Cond: ((id >= 4777808) AND (id <= 4777907))

table 7 : explain SELECT c FROM sbtest7 WHERE id BETWEEN 2234952 AND 2235051 ORDER BY c
	Sort  (cost=409.39..409.64 rows=102 width=121)
	  Sort Key: c
	  ->  Index Scan using sbtest7_pkey on sbtest7  (cost=0.43..405.98 rows=102 width=121)
	        Index Cond: ((id >= 2234952) AND (id <= 2235051))

table 8 : explain SELECT c FROM sbtest8 WHERE id BETWEEN 5357465 AND 5357564 ORDER BY c
	Sort  (cost=428.14..428.41 rows=107 width=121)
	  Sort Key: c
	  ->  Index Scan using sbtest8_pkey on sbtest8  (cost=0.43..424.53 rows=107 width=121)
	        Index Cond: ((id >= 5357465) AND (id <= 5357564))

explain: for point_selects :: explain SELECT c FROM sbtest%u WHERE id=%u
for: order_ranges
table 1 : explain SELECT c FROM sbtest1 WHERE id BETWEEN 4800021 AND 4800120 ORDER BY c
	Sort  (cost=412.97..413.23 rows=103 width=121)
	  Sort Key: c
	  ->  Index Scan using sbtest1_pkey on sbtest1  (cost=0.43..409.52 rows=103 width=121)
	        Index Cond: ((id >= 4800021) AND (id <= 4800120))

table 2 : explain SELECT c FROM sbtest2 WHERE id BETWEEN 8069856 AND 8069955 ORDER BY c
	Sort  (cost=440.63..440.91 rows=110 width=121)
	  Sort Key: c
	  ->  Index Scan using sbtest2_pkey on sbtest2  (cost=0.43..436.90 rows=110 width=121)
	        Index Cond: ((id >= 8069856) AND (id <= 8069955))

table 3 : explain SELECT c FROM sbtest3 WHERE id BETWEEN 2738520 AND 2738619 ORDER BY c
	Sort  (cost=404.14..404.40 rows=101 width=121)
	  Sort Key: c
	  ->  Index Scan using sbtest3_pkey on sbtest3  (cost=0.43..400.78 rows=101 width=121)
	        Index Cond: ((id >= 2738520) AND (id <= 2738619))

table 4 : explain SELECT c FROM sbtest4 WHERE id BETWEEN 8066083 AND 8066182 ORDER BY c
	Sort  (cost=392.09..392.34 rows=98 width=121)
	  Sort Key: c
	  ->  Index Scan using sbtest4_pkey on sbtest4  (cost=0.43..388.85 rows=98 width=121)
	        Index Cond: ((id >= 8066083) AND (id <= 8066182))

table 5 : explain SELECT c FROM sbtest5 WHERE id BETWEEN 6863858 AND 6863957 ORDER BY c
	Sort  (cost=368.32..368.55 rows=92 width=121)
	  Sort Key: c
	  ->  Index Scan using sbtest5_pkey on sbtest5  (cost=0.43..365.32 rows=92 width=121)
	        Index Cond: ((id >= 6863858) AND (id <= 6863957))

table 6 : explain SELECT c FROM sbtest6 WHERE id BETWEEN 769084 AND 769183 ORDER BY c
	Sort  (cost=374.60..374.84 rows=94 width=121)
	  Sort Key: c
	  ->  Index Scan using sbtest6_pkey on sbtest6  (cost=0.43..371.52 rows=94 width=121)
	        Index Cond: ((id >= 769084) AND (id <= 769183))

table 7 : explain SELECT c FROM sbtest7 WHERE id BETWEEN 69146 AND 69245 ORDER BY c
	Sort  (cost=365.63..365.86 rows=91 width=121)
	  Sort Key: c
	  ->  Index Scan using sbtest7_pkey on sbtest7  (cost=0.43..362.67 rows=91 width=121)
	        Index Cond: ((id >= 69146) AND (id <= 69245))

table 8 : explain SELECT c FROM sbtest8 WHERE id BETWEEN 4912935 AND 4913034 ORDER BY c
	Sort  (cost=444.00..444.28 rows=111 width=121)
	  Sort Key: c
	  ->  Index Scan using sbtest8_pkey on sbtest8  (cost=0.43..440.23 rows=111 width=121)
	        Index Cond: ((id >= 4912935) AND (id <= 4913034))

explain: for point_selects :: explain SELECT c FROM sbtest%u WHERE id=%u
for point_selects
table 1 : explain SELECT c FROM sbtest1 WHERE id=565653
	Index Scan using sbtest1_pkey on sbtest1  (cost=0.43..8.45 rows=1 width=121)
	  Index Cond: (id = 565653)

table 2 : explain SELECT c FROM sbtest2 WHERE id=5176831
	Index Scan using sbtest2_pkey on sbtest2  (cost=0.43..8.45 rows=1 width=121)
	  Index Cond: (id = 5176831)

table 3 : explain SELECT c FROM sbtest3 WHERE id=3323785
	Index Scan using sbtest3_pkey on sbtest3  (cost=0.43..8.45 rows=1 width=121)
	  Index Cond: (id = 3323785)

table 4 : explain SELECT c FROM sbtest4 WHERE id=6137032
	Index Scan using sbtest4_pkey on sbtest4  (cost=0.43..8.45 rows=1 width=121)
	  Index Cond: (id = 6137032)

table 5 : explain SELECT c FROM sbtest5 WHERE id=3026317
	Index Scan using sbtest5_pkey on sbtest5  (cost=0.43..8.45 rows=1 width=121)
	  Index Cond: (id = 3026317)

table 6 : explain SELECT c FROM sbtest6 WHERE id=1985734
	Index Scan using sbtest6_pkey on sbtest6  (cost=0.43..8.45 rows=1 width=121)
	  Index Cond: (id = 1985734)

table 7 : explain SELECT c FROM sbtest7 WHERE id=1477753
	Index Scan using sbtest7_pkey on sbtest7  (cost=0.43..8.45 rows=1 width=121)
	  Index Cond: (id = 1477753)

table 8 : explain SELECT c FROM sbtest8 WHERE id=9101022
	Index Scan using sbtest8_pkey on sbtest8  (cost=0.43..8.45 rows=1 width=121)
	  Index Cond: (id = 9101022)

for: distinct_ranges
table 1 : explain SELECT DISTINCT c FROM sbtest1 WHERE id BETWEEN 707170 AND 707269 ORDER BY c
	Unique  (cost=401.05..401.55 rows=100 width=121)
	  ->  Sort  (cost=401.05..401.30 rows=100 width=121)
	        Sort Key: c
	        ->  Index Scan using sbtest1_pkey on sbtest1  (cost=0.43..397.73 rows=100 width=121)
	              Index Cond: ((id >= 707170) AND (id <= 707269))

table 2 : explain SELECT DISTINCT c FROM sbtest2 WHERE id BETWEEN 1886127 AND 1886226 ORDER BY c
	Unique  (cost=400.93..401.43 rows=100 width=121)
	  ->  Sort  (cost=400.93..401.18 rows=100 width=121)
	        Sort Key: c
	        ->  Index Scan using sbtest2_pkey on sbtest2  (cost=0.43..397.60 rows=100 width=121)
	              Index Cond: ((id >= 1886127) AND (id <= 1886226))

table 3 : explain SELECT DISTINCT c FROM sbtest3 WHERE id BETWEEN 6660200 AND 6660299 ORDER BY c
	Unique  (cost=376.38..376.85 rows=94 width=121)
	  ->  Sort  (cost=376.38..376.61 rows=94 width=121)
	        Sort Key: c
	        ->  Index Scan using sbtest3_pkey on sbtest3  (cost=0.43..373.30 rows=94 width=121)
	              Index Cond: ((id >= 6660200) AND (id <= 6660299))

table 4 : explain SELECT DISTINCT c FROM sbtest4 WHERE id BETWEEN 5098769 AND 5098868 ORDER BY c
	Unique  (cost=392.09..392.58 rows=98 width=121)
	  ->  Sort  (cost=392.09..392.34 rows=98 width=121)
	        Sort Key: c
	        ->  Index Scan using sbtest4_pkey on sbtest4  (cost=0.43..388.85 rows=98 width=121)
	              Index Cond: ((id >= 5098769) AND (id <= 5098868))

table 5 : explain SELECT DISTINCT c FROM sbtest5 WHERE id BETWEEN 1575412 AND 1575511 ORDER BY c
	Unique  (cost=407.93..408.44 rows=102 width=121)
	  ->  Sort  (cost=407.93..408.19 rows=102 width=121)
	        Sort Key: c
	        ->  Index Scan using sbtest5_pkey on sbtest5  (cost=0.43..404.53 rows=102 width=121)
	              Index Cond: ((id >= 1575412) AND (id <= 1575511))

table 6 : explain SELECT DISTINCT c FROM sbtest6 WHERE id BETWEEN 3236880 AND 3236979 ORDER BY c
	Unique  (cost=425.90..426.44 rows=107 width=121)
	  ->  Sort  (cost=425.90..426.17 rows=107 width=121)
	        Sort Key: c
	        ->  Index Scan using sbtest6_pkey on sbtest6  (cost=0.43..422.30 rows=107 width=121)
	              Index Cond: ((id >= 3236880) AND (id <= 3236979))

table 7 : explain SELECT DISTINCT c FROM sbtest7 WHERE id BETWEEN 1811919 AND 1812018 ORDER BY c
	Unique  (cost=381.53..382.01 rows=95 width=121)
	  ->  Sort  (cost=381.53..381.77 rows=95 width=121)
	        Sort Key: c
	        ->  Index Scan using sbtest7_pkey on sbtest7  (cost=0.43..378.41 rows=95 width=121)
	              Index Cond: ((id >= 1811919) AND (id <= 1812018))

table 8 : explain SELECT DISTINCT c FROM sbtest8 WHERE id BETWEEN 1221703 AND 1221802 ORDER BY c
	Unique  (cost=388.47..388.95 rows=97 width=121)
	  ->  Sort  (cost=388.47..388.71 rows=97 width=121)
	        Sort Key: c
	        ->  Index Scan using sbtest8_pkey on sbtest8  (cost=0.43..385.26 rows=97 width=121)
	              Index Cond: ((id >= 1221703) AND (id <= 1221802))

for: order_ranges
table 1 : explain SELECT c FROM sbtest1 WHERE id BETWEEN 4417796 AND 4417895 ORDER BY c
	Sort  (cost=393.09..393.33 rows=98 width=121)
	  Sort Key: c
	  ->  Index Scan using sbtest1_pkey on sbtest1  (cost=0.43..389.85 rows=98 width=121)
	        Index Cond: ((id >= 4417796) AND (id <= 4417895))

table 2 : explain SELECT c FROM sbtest2 WHERE id BETWEEN 2294399 AND 2294498 ORDER BY c
	Sort  (cost=444.61..444.88 rows=111 width=121)
	  Sort Key: c
	  ->  Index Scan using sbtest2_pkey on sbtest2  (cost=0.43..440.83 rows=111 width=121)
	        Index Cond: ((id >= 2294399) AND (id <= 2294498))

table 3 : explain SELECT c FROM sbtest3 WHERE id BETWEEN 7595022 AND 7595121 ORDER BY c
	Sort  (cost=420.00..420.26 rows=105 width=121)
	  Sort Key: c
	  ->  Index Scan using sbtest3_pkey on sbtest3  (cost=0.43..416.47 rows=105 width=121)
	        Index Cond: ((id >= 7595022) AND (id <= 7595121))

table 4 : explain SELECT c FROM sbtest4 WHERE id BETWEEN 2379100 AND 2379199 ORDER BY c
	Sort  (cost=392.09..392.34 rows=98 width=121)
	  Sort Key: c
	  ->  Index Scan using sbtest4_pkey on sbtest4  (cost=0.43..388.85 rows=98 width=121)
	        Index Cond: ((id >= 2379100) AND (id <= 2379199))

table 5 : explain SELECT c FROM sbtest5 WHERE id BETWEEN 6601717 AND 6601816 ORDER BY c
	Sort  (cost=376.24..376.48 rows=94 width=121)
	  Sort Key: c
	  ->  Index Scan using sbtest5_pkey on sbtest5  (cost=0.43..373.16 rows=94 width=121)
	        Index Cond: ((id >= 6601717) AND (id <= 6601816))

table 6 : explain SELECT c FROM sbtest6 WHERE id BETWEEN 9152318 AND 9152417 ORDER BY c
	Sort  (cost=421.96..422.22 rows=106 width=121)
	  Sort Key: c
	  ->  Index Scan using sbtest6_pkey on sbtest6  (cost=0.43..418.39 rows=106 width=121)
	        Index Cond: ((id >= 9152318) AND (id <= 9152417))

table 7 : explain SELECT c FROM sbtest7 WHERE id BETWEEN 6588395 AND 6588494 ORDER BY c
	Sort  (cost=385.51..385.75 rows=96 width=121)
	  Sort Key: c
	  ->  Index Scan using sbtest7_pkey on sbtest7  (cost=0.43..382.35 rows=96 width=121)
	        Index Cond: ((id >= 6588395) AND (id <= 6588494))

table 8 : explain SELECT c FROM sbtest8 WHERE id BETWEEN 5170930 AND 5171029 ORDER BY c
	Sort  (cost=424.18..424.44 rows=106 width=121)
	  Sort Key: c
	  ->  Index Scan using sbtest8_pkey on sbtest8  (cost=0.43..420.61 rows=106 width=121)
	        Index Cond: ((id >= 5170930) AND (id <= 5171029))

for: distinct_ranges
table 1 : explain SELECT DISTINCT c FROM sbtest1 WHERE id BETWEEN 532543 AND 532642 ORDER BY c
	Unique  (cost=345.43..345.86 rows=86 width=121)
	  ->  Sort  (cost=345.43..345.65 rows=86 width=121)
	        Sort Key: c
	        ->  Index Scan using sbtest1_pkey on sbtest1  (cost=0.43..342.67 rows=86 width=121)
	              Index Cond: ((id >= 532543) AND (id <= 532642))

table 2 : explain SELECT DISTINCT c FROM sbtest2 WHERE id BETWEEN 268275 AND 268374 ORDER BY c
	Unique  (cost=412.84..413.35 rows=103 width=121)
	  ->  Sort  (cost=412.84..413.09 rows=103 width=121)
	        Sort Key: c
	        ->  Index Scan using sbtest2_pkey on sbtest2  (cost=0.43..409.39 rows=103 width=121)
	              Index Cond: ((id >= 268275) AND (id <= 268374))

table 3 : explain SELECT DISTINCT c FROM sbtest3 WHERE id BETWEEN 7998727 AND 7998826 ORDER BY c
	Unique  (cost=396.22..396.71 rows=99 width=121)
	  ->  Sort  (cost=396.22..396.46 rows=99 width=121)
	        Sort Key: c
	        ->  Index Scan using sbtest3_pkey on sbtest3  (cost=0.43..392.94 rows=99 width=121)
	              Index Cond: ((id >= 7998727) AND (id <= 7998826))

table 4 : explain SELECT DISTINCT c FROM sbtest4 WHERE id BETWEEN 8524575 AND 8524674 ORDER BY c
	Unique  (cost=407.94..408.45 rows=102 width=121)
	  ->  Sort  (cost=407.94..408.19 rows=102 width=121)
	        Sort Key: c
	        ->  Index Scan using sbtest4_pkey on sbtest4  (cost=0.43..404.54 rows=102 width=121)
	              Index Cond: ((id >= 8524575) AND (id <= 8524674))

table 5 : explain SELECT DISTINCT c FROM sbtest5 WHERE id BETWEEN 3301635 AND 3301734 ORDER BY c
	Unique  (cost=388.13..388.61 rows=97 width=121)
	  ->  Sort  (cost=388.13..388.37 rows=97 width=121)
	        Sort Key: c
	        ->  Index Scan using sbtest5_pkey on sbtest5  (cost=0.43..384.93 rows=97 width=121)
	              Index Cond: ((id >= 3301635) AND (id <= 3301734))

table 6 : explain SELECT DISTINCT c FROM sbtest6 WHERE id BETWEEN 7894602 AND 7894701 ORDER BY c
	Unique  (cost=386.46..386.95 rows=97 width=121)
	  ->  Sort  (cost=386.46..386.71 rows=97 width=121)
	        Sort Key: c
	        ->  Index Scan using sbtest6_pkey on sbtest6  (cost=0.43..383.26 rows=97 width=121)
	              Index Cond: ((id >= 7894602) AND (id <= 7894701))

table 7 : explain SELECT DISTINCT c FROM sbtest7 WHERE id BETWEEN 402854 AND 402953 ORDER BY c
	Unique  (cost=377.56..378.03 rows=94 width=121)
	  ->  Sort  (cost=377.56..377.79 rows=94 width=121)
	        Sort Key: c
	        ->  Index Scan using sbtest7_pkey on sbtest7  (cost=0.43..374.48 rows=94 width=121)
	              Index Cond: ((id >= 402854) AND (id <= 402953))

table 8 : explain SELECT DISTINCT c FROM sbtest8 WHERE id BETWEEN 7755579 AND 7755678 ORDER BY c
	Unique  (cost=467.80..468.38 rows=117 width=121)
	  ->  Sort  (cost=467.80..468.09 rows=117 width=121)
	        Sort Key: c
	        ->  Index Scan using sbtest8_pkey on sbtest8  (cost=0.43..463.78 rows=117 width=121)
	              Index Cond: ((id >= 7755579) AND (id <= 7755678))

for: simple_ranges
table 1 : explain SELECT c FROM sbtest1 WHERE id BETWEEN 2312280 AND 2312379
	Index Scan using sbtest1_pkey on sbtest1  (cost=0.43..413.46 rows=104 width=121)
	  Index Cond: ((id >= 2312280) AND (id <= 2312379))

table 2 : explain SELECT c FROM sbtest2 WHERE id BETWEEN 763796 AND 763895
	Index Scan using sbtest2_pkey on sbtest2  (cost=0.43..374.00 rows=94 width=121)
	  Index Cond: ((id >= 763796) AND (id <= 763895))

table 3 : explain SELECT c FROM sbtest3 WHERE id BETWEEN 8307156 AND 8307255
	Index Scan using sbtest3_pkey on sbtest3  (cost=0.43..369.38 rows=93 width=121)
	  Index Cond: ((id >= 8307156) AND (id <= 8307255))

table 4 : explain SELECT c FROM sbtest4 WHERE id BETWEEN 6228953 AND 6229052
	Index Scan using sbtest4_pkey on sbtest4  (cost=0.43..408.46 rows=103 width=121)
	  Index Cond: ((id >= 6228953) AND (id <= 6229052))

table 5 : explain SELECT c FROM sbtest5 WHERE id BETWEEN 2284406 AND 2284505
	Index Scan using sbtest5_pkey on sbtest5  (cost=0.43..369.24 rows=93 width=121)
	  Index Cond: ((id >= 2284406) AND (id <= 2284505))

table 6 : explain SELECT c FROM sbtest6 WHERE id BETWEEN 3334544 AND 3334643
	Index Scan using sbtest6_pkey on sbtest6  (cost=0.43..426.20 rows=108 width=121)
	  Index Cond: ((id >= 3334544) AND (id <= 3334643))

table 7 : explain SELECT c FROM sbtest7 WHERE id BETWEEN 8249715 AND 8249814
	Index Scan using sbtest7_pkey on sbtest7  (cost=0.43..370.54 rows=93 width=121)
	  Index Cond: ((id >= 8249715) AND (id <= 8249814))

table 8 : explain SELECT c FROM sbtest8 WHERE id BETWEEN 8484705 AND 8484804
	Index Scan using sbtest8_pkey on sbtest8  (cost=0.43..412.76 rows=104 width=121)
	  Index Cond: ((id >= 8484705) AND (id <= 8484804))

for: simple_ranges
table 1 : explain SELECT c FROM sbtest1 WHERE id BETWEEN 3765875 AND 3765974
	Index Scan using sbtest1_pkey on sbtest1  (cost=0.43..389.85 rows=98 width=121)
	  Index Cond: ((id >= 3765875) AND (id <= 3765974))

table 2 : explain SELECT c FROM sbtest2 WHERE id BETWEEN 6071018 AND 6071117
	Index Scan using sbtest2_pkey on sbtest2  (cost=0.43..385.79 rows=97 width=121)
	  Index Cond: ((id >= 6071018) AND (id <= 6071117))

table 3 : explain SELECT c FROM sbtest3 WHERE id BETWEEN 1642084 AND 1642183
	Index Scan using sbtest3_pkey on sbtest3  (cost=0.43..424.32 rows=107 width=121)
	  Index Cond: ((id >= 1642084) AND (id <= 1642183))

table 4 : explain SELECT c FROM sbtest4 WHERE id BETWEEN 808195 AND 808294
	Index Scan using sbtest4_pkey on sbtest4  (cost=0.43..369.25 rows=93 width=121)
	  Index Cond: ((id >= 808195) AND (id <= 808294))

table 5 : explain SELECT c FROM sbtest5 WHERE id BETWEEN 7514991 AND 7515090
	Index Scan using sbtest5_pkey on sbtest5  (cost=0.43..392.77 rows=99 width=121)
	  Index Cond: ((id >= 7514991) AND (id <= 7515090))

table 6 : explain SELECT c FROM sbtest6 WHERE id BETWEEN 3022905 AND 3023004
	Index Scan using sbtest6_pkey on sbtest6  (cost=0.43..379.33 rows=96 width=121)
	  Index Cond: ((id >= 3022905) AND (id <= 3023004))

table 7 : explain SELECT c FROM sbtest7 WHERE id BETWEEN 906575 AND 906674
	Index Scan using sbtest7_pkey on sbtest7  (cost=0.43..421.72 rows=106 width=121)
	  Index Cond: ((id >= 906575) AND (id <= 906674))

table 8 : explain SELECT c FROM sbtest8 WHERE id BETWEEN 6750385 AND 6750484
	Index Scan using sbtest8_pkey on sbtest8  (cost=0.43..463.78 rows=117 width=121)
	  Index Cond: ((id >= 6750385) AND (id <= 6750484))

for point_selects
table 1 : explain SELECT c FROM sbtest1 WHERE id=6439941
	Index Scan using sbtest1_pkey on sbtest1  (cost=0.43..8.45 rows=1 width=121)
	  Index Cond: (id = 6439941)

table 2 : explain SELECT c FROM sbtest2 WHERE id=1415747
	Index Scan using sbtest2_pkey on sbtest2  (cost=0.43..8.45 rows=1 width=121)
	  Index Cond: (id = 1415747)

table 3 : explain SELECT c FROM sbtest3 WHERE id=3513514
	Index Scan using sbtest3_pkey on sbtest3  (cost=0.43..8.45 rows=1 width=121)
	  Index Cond: (id = 3513514)

table 4 : explain SELECT c FROM sbtest4 WHERE id=264227
	Index Scan using sbtest4_pkey on sbtest4  (cost=0.43..8.45 rows=1 width=121)
	  Index Cond: (id = 264227)

table 5 : explain SELECT c FROM sbtest5 WHERE id=879740
	Index Scan using sbtest5_pkey on sbtest5  (cost=0.43..8.45 rows=1 width=121)
	  Index Cond: (id = 879740)

table 6 : explain SELECT c FROM sbtest6 WHERE id=3980215
	Index Scan using sbtest6_pkey on sbtest6  (cost=0.43..8.45 rows=1 width=121)
	  Index Cond: (id = 3980215)

table 7 : explain SELECT c FROM sbtest7 WHERE id=946487
	Index Scan using sbtest7_pkey on sbtest7  (cost=0.43..8.45 rows=1 width=121)
	  Index Cond: (id = 946487)

table 8 : explain SELECT c FROM sbtest8 WHERE id=1053320
	Index Scan using sbtest8_pkey on sbtest8  (cost=0.43..8.45 rows=1 width=121)
	  Index Cond: (id = 1053320)

for point_selects
table 1 : explain SELECT c FROM sbtest1 WHERE id=1268754
	Index Scan using sbtest1_pkey on sbtest1  (cost=0.43..8.45 rows=1 width=121)
	  Index Cond: (id = 1268754)

table 2 : explain SELECT c FROM sbtest2 WHERE id=7722495
	Index Scan using sbtest2_pkey on sbtest2  (cost=0.43..8.45 rows=1 width=121)
	  Index Cond: (id = 7722495)

table 3 : explain SELECT c FROM sbtest3 WHERE id=9600935
	Index Scan using sbtest3_pkey on sbtest3  (cost=0.43..8.45 rows=1 width=121)
	  Index Cond: (id = 9600935)

table 4 : explain SELECT c FROM sbtest4 WHERE id=3662752
	Index Scan using sbtest4_pkey on sbtest4  (cost=0.43..8.45 rows=1 width=121)
	  Index Cond: (id = 3662752)

table 5 : explain SELECT c FROM sbtest5 WHERE id=8856243
	Index Scan using sbtest5_pkey on sbtest5  (cost=0.43..8.45 rows=1 width=121)
	  Index Cond: (id = 8856243)

table 6 : explain SELECT c FROM sbtest6 WHERE id=4754214
	Index Scan using sbtest6_pkey on sbtest6  (cost=0.43..8.45 rows=1 width=121)
	  Index Cond: (id = 4754214)

table 7 : explain SELECT c FROM sbtest7 WHERE id=3976880
	Index Scan using sbtest7_pkey on sbtest7  (cost=0.43..8.45 rows=1 width=121)
	  Index Cond: (id = 3976880)

table 8 : explain SELECT c FROM sbtest8 WHERE id=6066018
	Index Scan using sbtest8_pkey on sbtest8  (cost=0.43..8.45 rows=1 width=121)
	  Index Cond: (id = 6066018)

explain: for point_selects :: explain SELECT c FROM sbtest%u WHERE id=%u
for: simple_ranges
table 1 : explain SELECT c FROM sbtest1 WHERE id BETWEEN 3817166 AND 3817265
	Index Scan using sbtest1_pkey on sbtest1  (cost=0.43..440.98 rows=111 width=121)
	  Index Cond: ((id >= 3817166) AND (id <= 3817265))

table 2 : explain SELECT c FROM sbtest2 WHERE id BETWEEN 422142 AND 422241
	Index Scan using sbtest2_pkey on sbtest2  (cost=0.43..370.07 rows=93 width=121)
	  Index Cond: ((id >= 422142) AND (id <= 422241))

table 3 : explain SELECT c FROM sbtest3 WHERE id BETWEEN 6252137 AND 6252236
	Index Scan using sbtest3_pkey on sbtest3  (cost=0.43..404.70 rows=102 width=121)
	  Index Cond: ((id >= 6252137) AND (id <= 6252236))

table 4 : explain SELECT c FROM sbtest4 WHERE id BETWEEN 9617464 AND 9617563
	Index Scan using sbtest4_pkey on sbtest4  (cost=0.43..377.09 rows=95 width=121)
	  Index Cond: ((id >= 9617464) AND (id <= 9617563))

table 5 : explain SELECT c FROM sbtest5 WHERE id BETWEEN 6708316 AND 6708415
	Index Scan using sbtest5_pkey on sbtest5  (cost=0.43..384.93 rows=97 width=121)
	  Index Cond: ((id >= 6708316) AND (id <= 6708415))

table 6 : explain SELECT c FROM sbtest6 WHERE id BETWEEN 63475 AND 63574
	Index Scan using sbtest6_pkey on sbtest6  (cost=0.43..410.59 rows=104 width=121)
	  Index Cond: ((id >= 63475) AND (id <= 63574))

table 7 : explain SELECT c FROM sbtest7 WHERE id BETWEEN 7484841 AND 7484940
	Index Scan using sbtest7_pkey on sbtest7  (cost=0.43..370.54 rows=93 width=121)
	  Index Cond: ((id >= 7484841) AND (id <= 7484940))

table 8 : explain SELECT c FROM sbtest8 WHERE id BETWEEN 8409393 AND 8409492
	Index Scan using sbtest8_pkey on sbtest8  (cost=0.43..400.99 rows=101 width=121)
	  Index Cond: ((id >= 8409393) AND (id <= 8409492))

for: sum_ranges
table 1 : explain SELECT SUM(k) FROM sbtest1 WHERE id BETWEEN 8214322 AND 8214421
	Aggregate  (cost=390.09..390.10 rows=1 width=8)
	  ->  Index Scan using sbtest1_pkey on sbtest1  (cost=0.43..389.85 rows=98 width=4)
	        Index Cond: ((id >= 8214322) AND (id <= 8214421))

table 2 : explain SELECT SUM(k) FROM sbtest2 WHERE id BETWEEN 1589894 AND 1589993
	Aggregate  (cost=389.97..389.98 rows=1 width=8)
	  ->  Index Scan using sbtest2_pkey on sbtest2  (cost=0.43..389.72 rows=98 width=4)
	        Index Cond: ((id >= 1589894) AND (id <= 1589993))

table 3 : explain SELECT SUM(k) FROM sbtest3 WHERE id BETWEEN 1017827 AND 1017926
	Aggregate  (cost=393.18..393.19 rows=1 width=8)
	  ->  Index Scan using sbtest3_pkey on sbtest3  (cost=0.43..392.94 rows=99 width=4)
	        Index Cond: ((id >= 1017827) AND (id <= 1017926))

table 4 : explain SELECT SUM(k) FROM sbtest4 WHERE id BETWEEN 1580974 AND 1581073
	Aggregate  (cost=400.87..400.88 rows=1 width=8)
	  ->  Index Scan using sbtest4_pkey on sbtest4  (cost=0.43..400.62 rows=101 width=4)
	        Index Cond: ((id >= 1580974) AND (id <= 1581073))

table 5 : explain SELECT SUM(k) FROM sbtest5 WHERE id BETWEEN 6612032 AND 6612131
	Aggregate  (cost=373.40..373.41 rows=1 width=8)
	  ->  Index Scan using sbtest5_pkey on sbtest5  (cost=0.43..373.16 rows=94 width=4)
	        Index Cond: ((id >= 6612032) AND (id <= 6612131))

table 6 : explain SELECT SUM(k) FROM sbtest6 WHERE id BETWEEN 8602663 AND 8602762
	Aggregate  (cost=336.61..336.62 rows=1 width=8)
	  ->  Index Scan using sbtest6_pkey on sbtest6  (cost=0.43..336.39 rows=85 width=4)
	        Index Cond: ((id >= 8602663) AND (id <= 8602762))

table 7 : explain SELECT SUM(k) FROM sbtest7 WHERE id BETWEEN 9925818 AND 9925917
	Aggregate  (cost=394.42..394.43 rows=1 width=8)
	  ->  Index Scan using sbtest7_pkey on sbtest7  (cost=0.43..394.18 rows=99 width=4)
	        Index Cond: ((id >= 9925818) AND (id <= 9925917))

table 8 : explain SELECT SUM(k) FROM sbtest8 WHERE id BETWEEN 1013230 AND 1013329
	Aggregate  (cost=393.39..393.40 rows=1 width=8)
	  ->  Index Scan using sbtest8_pkey on sbtest8  (cost=0.43..393.14 rows=99 width=4)
	        Index Cond: ((id >= 1013230) AND (id <= 1013329))

for: distinct_ranges
table 1 : explain SELECT DISTINCT c FROM sbtest1 WHERE id BETWEEN 1559232 AND 1559331 ORDER BY c
	Unique  (cost=409.00..409.51 rows=102 width=121)
	  ->  Sort  (cost=409.00..409.25 rows=102 width=121)
	        Sort Key: c
	        ->  Index Scan using sbtest1_pkey on sbtest1  (cost=0.43..405.59 rows=102 width=121)
	              Index Cond: ((id >= 1559232) AND (id <= 1559331))

table 2 : explain SELECT DISTINCT c FROM sbtest2 WHERE id BETWEEN 7144616 AND 7144715 ORDER BY c
	Unique  (cost=444.61..445.16 rows=111 width=121)
	  ->  Sort  (cost=444.61..444.88 rows=111 width=121)
	        Sort Key: c
	        ->  Index Scan using sbtest2_pkey on sbtest2  (cost=0.43..440.83 rows=111 width=121)
	              Index Cond: ((id >= 7144616) AND (id <= 7144715))

table 3 : explain SELECT DISTINCT c FROM sbtest3 WHERE id BETWEEN 5109074 AND 5109173 ORDER BY c
	Unique  (cost=408.11..408.62 rows=102 width=121)
	  ->  Sort  (cost=408.11..408.36 rows=102 width=121)
	        Sort Key: c
	        ->  Index Scan using sbtest3_pkey on sbtest3  (cost=0.43..404.70 rows=102 width=121)
	              Index Cond: ((id >= 5109074) AND (id <= 5109173))

table 4 : explain SELECT DISTINCT c FROM sbtest4 WHERE id BETWEEN 8612182 AND 8612281 ORDER BY c
	Unique  (cost=388.13..388.62 rows=97 width=121)
	  ->  Sort  (cost=388.13..388.38 rows=97 width=121)
	        Sort Key: c
	        ->  Index Scan using sbtest4_pkey on sbtest4  (cost=0.43..384.93 rows=97 width=121)
	              Index Cond: ((id >= 8612182) AND (id <= 8612281))

table 5 : explain SELECT DISTINCT c FROM sbtest5 WHERE id BETWEEN 8297585 AND 8297684 ORDER BY c
	Unique  (cost=423.78..424.31 rows=106 width=121)
	  ->  Sort  (cost=423.78..424.04 rows=106 width=121)
	        Sort Key: c
	        ->  Index Scan using sbtest5_pkey on sbtest5  (cost=0.43..420.21 rows=106 width=121)
	              Index Cond: ((id >= 8297585) AND (id <= 8297684))

table 6 : explain SELECT DISTINCT c FROM sbtest6 WHERE id BETWEEN 4730280 AND 4730379 ORDER BY c
	Unique  (cost=386.46..386.95 rows=97 width=121)
	  ->  Sort  (cost=386.46..386.71 rows=97 width=121)
	        Sort Key: c
	        ->  Index Scan using sbtest6_pkey on sbtest6  (cost=0.43..383.26 rows=97 width=121)
	              Index Cond: ((id >= 4730280) AND (id <= 4730379))

table 7 : explain SELECT DISTINCT c FROM sbtest7 WHERE id BETWEEN 7190338 AND 7190437 ORDER BY c
	Unique  (cost=445.17..445.73 rows=111 width=121)
	  ->  Sort  (cost=445.17..445.45 rows=111 width=121)
	        Sort Key: c
	        ->  Index Scan using sbtest7_pkey on sbtest7  (cost=0.43..441.40 rows=111 width=121)
	              Index Cond: ((id >= 7190338) AND (id <= 7190437))

table 8 : explain SELECT DISTINCT c FROM sbtest8 WHERE id BETWEEN 290062 AND 290161 ORDER BY c
	Unique  (cost=400.38..400.88 rows=100 width=121)
	  ->  Sort  (cost=400.38..400.63 rows=100 width=121)
	        Sort Key: c
	        ->  Index Scan using sbtest8_pkey on sbtest8  (cost=0.43..397.06 rows=100 width=121)
	              Index Cond: ((id >= 290062) AND (id <= 290161))

explain: for point_selects :: explain SELECT c FROM sbtest%u WHERE id=%u
for: simple_ranges
table 1 : explain SELECT c FROM sbtest1 WHERE id BETWEEN 2673465 AND 2673564
	Index Scan using sbtest1_pkey on sbtest1  (cost=0.43..425.25 rows=107 width=121)
	  Index Cond: ((id >= 2673465) AND (id <= 2673564))

table 2 : explain SELECT c FROM sbtest2 WHERE id BETWEEN 2264905 AND 2265004
	Index Scan using sbtest2_pkey on sbtest2  (cost=0.43..440.83 rows=111 width=121)
	  Index Cond: ((id >= 2264905) AND (id <= 2265004))

table 3 : explain SELECT c FROM sbtest3 WHERE id BETWEEN 8197638 AND 8197737
	Index Scan using sbtest3_pkey on sbtest3  (cost=0.43..373.30 rows=94 width=121)
	  Index Cond: ((id >= 8197638) AND (id <= 8197737))

table 4 : explain SELECT c FROM sbtest4 WHERE id BETWEEN 4894063 AND 4894162
	Index Scan using sbtest4_pkey on sbtest4  (cost=0.43..361.41 rows=91 width=121)
	  Index Cond: ((id >= 4894063) AND (id <= 4894162))

table 5 : explain SELECT c FROM sbtest5 WHERE id BETWEEN 8721625 AND 8721724
	Index Scan using sbtest5_pkey on sbtest5  (cost=0.43..408.45 rows=103 width=121)
	  Index Cond: ((id >= 8721625) AND (id <= 8721724))

table 6 : explain SELECT c FROM sbtest6 WHERE id BETWEEN 2593289 AND 2593388
	Index Scan using sbtest6_pkey on sbtest6  (cost=0.43..363.72 rows=92 width=121)
	  Index Cond: ((id >= 2593289) AND (id <= 2593388))

table 7 : explain SELECT c FROM sbtest7 WHERE id BETWEEN 2912396 AND 2912495
	Index Scan using sbtest7_pkey on sbtest7  (cost=0.43..433.53 rows=109 width=121)
	  Index Cond: ((id >= 2912396) AND (id <= 2912495))

table 8 : explain SELECT c FROM sbtest8 WHERE id BETWEEN 251772 AND 251871
	Index Scan using sbtest8_pkey on sbtest8  (cost=0.43..397.06 rows=100 width=121)
	  Index Cond: ((id >= 251772) AND (id <= 251871))

for: sum_ranges
table 1 : explain SELECT SUM(k) FROM sbtest1 WHERE id BETWEEN 2913586 AND 2913685
	Aggregate  (cost=390.09..390.10 rows=1 width=8)
	  ->  Index Scan using sbtest1_pkey on sbtest1  (cost=0.43..389.85 rows=98 width=4)
	        Index Cond: ((id >= 2913586) AND (id <= 2913685))

table 2 : explain SELECT SUM(k) FROM sbtest2 WHERE id BETWEEN 4073515 AND 4073614
	Aggregate  (cost=433.25..433.26 rows=1 width=8)
	  ->  Index Scan using sbtest2_pkey on sbtest2  (cost=0.43..432.97 rows=109 width=4)
	        Index Cond: ((id >= 4073515) AND (id <= 4073614))

table 3 : explain SELECT SUM(k) FROM sbtest3 WHERE id BETWEEN 5266913 AND 5267012
	Aggregate  (cost=404.96..404.97 rows=1 width=8)
	  ->  Index Scan using sbtest3_pkey on sbtest3  (cost=0.43..404.70 rows=102 width=4)
	        Index Cond: ((id >= 5266913) AND (id <= 5267012))

table 4 : explain SELECT SUM(k) FROM sbtest4 WHERE id BETWEEN 3005818 AND 3005917
	Aggregate  (cost=396.94..396.95 rows=1 width=8)
	  ->  Index Scan using sbtest4_pkey on sbtest4  (cost=0.43..396.69 rows=100 width=4)
	        Index Cond: ((id >= 3005818) AND (id <= 3005917))

table 5 : explain SELECT SUM(k) FROM sbtest5 WHERE id BETWEEN 4178175 AND 4178274
	Aggregate  (cost=373.40..373.41 rows=1 width=8)
	  ->  Index Scan using sbtest5_pkey on sbtest5  (cost=0.43..373.16 rows=94 width=4)
	        Index Cond: ((id >= 4178175) AND (id <= 4178274))

table 6 : explain SELECT SUM(k) FROM sbtest6 WHERE id BETWEEN 7021230 AND 7021329
	Aggregate  (cost=406.94..406.95 rows=1 width=8)
	  ->  Index Scan using sbtest6_pkey on sbtest6  (cost=0.43..406.68 rows=103 width=4)
	        Index Cond: ((id >= 7021230) AND (id <= 7021329))

table 7 : explain SELECT SUM(k) FROM sbtest7 WHERE id BETWEEN 6435529 AND 6435628
	Aggregate  (cost=378.65..378.66 rows=1 width=8)
	  ->  Index Scan using sbtest7_pkey on sbtest7  (cost=0.43..378.41 rows=95 width=4)
	        Index Cond: ((id >= 6435529) AND (id <= 6435628))

table 8 : explain SELECT SUM(k) FROM sbtest8 WHERE id BETWEEN 7514116 AND 7514215
	Aggregate  (cost=377.65..377.66 rows=1 width=8)
	  ->  Index Scan using sbtest8_pkey on sbtest8  (cost=0.43..377.42 rows=95 width=4)
	        Index Cond: ((id >= 7514116) AND (id <= 7514215))

for: order_ranges
table 1 : explain SELECT c FROM sbtest1 WHERE id BETWEEN 2534314 AND 2534413 ORDER BY c
	Sort  (cost=416.94..417.20 rows=104 width=121)
	  Sort Key: c
	  ->  Index Scan using sbtest1_pkey on sbtest1  (cost=0.43..413.46 rows=104 width=121)
	        Index Cond: ((id >= 2534314) AND (id <= 2534413))

table 2 : explain SELECT c FROM sbtest2 WHERE id BETWEEN 8401279 AND 8401378 ORDER BY c
	Sort  (cost=416.81..417.07 rows=104 width=121)
	  Sort Key: c
	  ->  Index Scan using sbtest2_pkey on sbtest2  (cost=0.43..413.32 rows=104 width=121)
	        Index Cond: ((id >= 8401279) AND (id <= 8401378))

table 3 : explain SELECT c FROM sbtest3 WHERE id BETWEEN 8735493 AND 8735592 ORDER BY c
	Sort  (cost=380.34..380.58 rows=95 width=121)
	  Sort Key: c
	  ->  Index Scan using sbtest3_pkey on sbtest3  (cost=0.43..377.22 rows=95 width=121)
	        Index Cond: ((id >= 8735493) AND (id <= 8735592))

table 4 : explain SELECT c FROM sbtest4 WHERE id BETWEEN 7812144 AND 7812243 ORDER BY c
	Sort  (cost=407.94..408.19 rows=102 width=121)
	  Sort Key: c
	  ->  Index Scan using sbtest4_pkey on sbtest4  (cost=0.43..404.54 rows=102 width=121)
	        Index Cond: ((id >= 7812144) AND (id <= 7812243))

table 5 : explain SELECT c FROM sbtest5 WHERE id BETWEEN 277000 AND 277099 ORDER BY c
	Sort  (cost=403.97..404.22 rows=101 width=121)
	  Sort Key: c
	  ->  Index Scan using sbtest5_pkey on sbtest5  (cost=0.43..400.61 rows=101 width=121)
	        Index Cond: ((id >= 277000) AND (id <= 277099))

table 6 : explain SELECT c FROM sbtest6 WHERE id BETWEEN 2485766 AND 2485865 ORDER BY c
	Sort  (cost=366.72..366.95 rows=92 width=121)
	  Sort Key: c
	  ->  Index Scan using sbtest6_pkey on sbtest6  (cost=0.43..363.72 rows=92 width=121)
	        Index Cond: ((id >= 2485766) AND (id <= 2485865))

table 7 : explain SELECT c FROM sbtest7 WHERE id BETWEEN 8361180 AND 8361279 ORDER BY c
	Sort  (cost=361.66..361.88 rows=90 width=121)
	  Sort Key: c
	  ->  Index Scan using sbtest7_pkey on sbtest7  (cost=0.43..358.74 rows=90 width=121)
	        Index Cond: ((id >= 8361180) AND (id <= 8361279))

table 8 : explain SELECT c FROM sbtest8 WHERE id BETWEEN 3735072 AND 3735171 ORDER BY c
	Sort  (cost=424.18..424.44 rows=106 width=121)
	  Sort Key: c
	  ->  Index Scan using sbtest8_pkey on sbtest8  (cost=0.43..420.61 rows=106 width=121)
	        Index Cond: ((id >= 3735072) AND (id <= 3735171))

for: sum_ranges
table 1 : explain SELECT SUM(k) FROM sbtest1 WHERE id BETWEEN 9509262 AND 9509361
	Aggregate  (cost=350.75..350.76 rows=1 width=8)
	  ->  Index Scan using sbtest1_pkey on sbtest1  (cost=0.43..350.53 rows=88 width=4)
	        Index Cond: ((id >= 9509262) AND (id <= 9509361))

table 2 : explain SELECT SUM(k) FROM sbtest2 WHERE id BETWEEN 5871723 AND 5871822
	Aggregate  (cost=421.45..421.46 rows=1 width=8)
	  ->  Index Scan using sbtest2_pkey on sbtest2  (cost=0.43..421.18 rows=106 width=4)
	        Index Cond: ((id >= 5871723) AND (id <= 5871822))

table 3 : explain SELECT SUM(k) FROM sbtest3 WHERE id BETWEEN 6331340 AND 6331439
	Aggregate  (cost=377.46..377.47 rows=1 width=8)
	  ->  Index Scan using sbtest3_pkey on sbtest3  (cost=0.43..377.22 rows=95 width=4)
	        Index Cond: ((id >= 6331340) AND (id <= 6331439))

table 4 : explain SELECT SUM(k) FROM sbtest4 WHERE id BETWEEN 2354744 AND 2354843
	Aggregate  (cost=389.10..389.11 rows=1 width=8)
	  ->  Index Scan using sbtest4_pkey on sbtest4  (cost=0.43..388.85 rows=98 width=4)
	        Index Cond: ((id >= 2354744) AND (id <= 2354843))

table 5 : explain SELECT SUM(k) FROM sbtest5 WHERE id BETWEEN 7800440 AND 7800539
	Aggregate  (cost=408.71..408.72 rows=1 width=8)
	  ->  Index Scan using sbtest5_pkey on sbtest5  (cost=0.43..408.45 rows=103 width=4)
	        Index Cond: ((id >= 7800440) AND (id <= 7800539))

table 6 : explain SELECT SUM(k) FROM sbtest6 WHERE id BETWEEN 8640830 AND 8640929
	Aggregate  (cost=379.57..379.58 rows=1 width=8)
	  ->  Index Scan using sbtest6_pkey on sbtest6  (cost=0.43..379.33 rows=96 width=4)
	        Index Cond: ((id >= 8640830) AND (id <= 8640929))

table 7 : explain SELECT SUM(k) FROM sbtest7 WHERE id BETWEEN 9233980 AND 9234079
	Aggregate  (cost=414.11..414.12 rows=1 width=8)
	  ->  Index Scan using sbtest7_pkey on sbtest7  (cost=0.43..413.85 rows=104 width=4)
	        Index Cond: ((id >= 9233980) AND (id <= 9234079))

table 8 : explain SELECT SUM(k) FROM sbtest8 WHERE id BETWEEN 3470229 AND 3470328
	Aggregate  (cost=369.80..369.81 rows=1 width=8)
	  ->  Index Scan using sbtest8_pkey on sbtest8  (cost=0.43..369.57 rows=93 width=4)
	        Index Cond: ((id >= 3470229) AND (id <= 3470328))

for point_selects
table 1 : explain SELECT c FROM sbtest1 WHERE id=6711719
	Index Scan using sbtest1_pkey on sbtest1  (cost=0.43..8.45 rows=1 width=121)
	  Index Cond: (id = 6711719)

table 2 : explain SELECT c FROM sbtest2 WHERE id=9385618
	Index Scan using sbtest2_pkey on sbtest2  (cost=0.43..8.45 rows=1 width=121)
	  Index Cond: (id = 9385618)

table 3 : explain SELECT c FROM sbtest3 WHERE id=2588763
	Index Scan using sbtest3_pkey on sbtest3  (cost=0.43..8.45 rows=1 width=121)
	  Index Cond: (id = 2588763)

table 4 : explain SELECT c FROM sbtest4 WHERE id=4890907
	Index Scan using sbtest4_pkey on sbtest4  (cost=0.43..8.45 rows=1 width=121)
	  Index Cond: (id = 4890907)

table 5 : explain SELECT c FROM sbtest5 WHERE id=3048868
	Index Scan using sbtest5_pkey on sbtest5  (cost=0.43..8.45 rows=1 width=121)
	  Index Cond: (id = 3048868)

table 6 : explain SELECT c FROM sbtest6 WHERE id=977212
	Index Scan using sbtest6_pkey on sbtest6  (cost=0.43..8.45 rows=1 width=121)
	  Index Cond: (id = 977212)

table 7 : explain SELECT c FROM sbtest7 WHERE id=4604634
	Index Scan using sbtest7_pkey on sbtest7  (cost=0.43..8.45 rows=1 width=121)
	  Index Cond: (id = 4604634)

table 8 : explain SELECT c FROM sbtest8 WHERE id=7010295
	Index Scan using sbtest8_pkey on sbtest8  (cost=0.43..8.45 rows=1 width=121)
	  Index Cond: (id = 7010295)

for: sum_ranges
table 1 : explain SELECT SUM(k) FROM sbtest1 WHERE id BETWEEN 9508761 AND 9508860
	Aggregate  (cost=350.75..350.76 rows=1 width=8)
	  ->  Index Scan using sbtest1_pkey on sbtest1  (cost=0.43..350.53 rows=88 width=4)
	        Index Cond: ((id >= 9508761) AND (id <= 9508860))

table 2 : explain SELECT SUM(k) FROM sbtest2 WHERE id BETWEEN 634121 AND 634220
	Aggregate  (cost=421.45..421.46 rows=1 width=8)
	  ->  Index Scan using sbtest2_pkey on sbtest2  (cost=0.43..421.18 rows=106 width=4)
	        Index Cond: ((id >= 634121) AND (id <= 634220))

table 3 : explain SELECT SUM(k) FROM sbtest3 WHERE id BETWEEN 854812 AND 854911
	Aggregate  (cost=401.03..401.04 rows=1 width=8)
	  ->  Index Scan using sbtest3_pkey on sbtest3  (cost=0.43..400.78 rows=101 width=4)
	        Index Cond: ((id >= 854812) AND (id <= 854911))

table 4 : explain SELECT SUM(k) FROM sbtest4 WHERE id BETWEEN 8832328 AND 8832427
	Aggregate  (cost=381.25..381.26 rows=1 width=8)
	  ->  Index Scan using sbtest4_pkey on sbtest4  (cost=0.43..381.01 rows=96 width=4)
	        Index Cond: ((id >= 8832328) AND (id <= 8832427))

table 5 : explain SELECT SUM(k) FROM sbtest5 WHERE id BETWEEN 6838191 AND 6838290
	Aggregate  (cost=365.55..365.56 rows=1 width=8)
	  ->  Index Scan using sbtest5_pkey on sbtest5  (cost=0.43..365.32 rows=92 width=4)
	        Index Cond: ((id >= 6838191) AND (id <= 6838290))

table 6 : explain SELECT SUM(k) FROM sbtest6 WHERE id BETWEEN 8245226 AND 8245325
	Aggregate  (cost=403.03..403.04 rows=1 width=8)
	  ->  Index Scan using sbtest6_pkey on sbtest6  (cost=0.43..402.78 rows=102 width=4)
	        Index Cond: ((id >= 8245226) AND (id <= 8245325))

table 7 : explain SELECT SUM(k) FROM sbtest7 WHERE id BETWEEN 9321062 AND 9321161
	Aggregate  (cost=445.62..445.63 rows=1 width=8)
	  ->  Index Scan using sbtest7_pkey on sbtest7  (cost=0.43..445.34 rows=112 width=4)
	        Index Cond: ((id >= 9321062) AND (id <= 9321161))

table 8 : explain SELECT SUM(k) FROM sbtest8 WHERE id BETWEEN 8152948 AND 8153047
	Aggregate  (cost=409.09..409.10 rows=1 width=8)
	  ->  Index Scan using sbtest8_pkey on sbtest8  (cost=0.43..408.84 rows=103 width=4)
	        Index Cond: ((id >= 8152948) AND (id <= 8153047))

for: order_ranges
table 1 : explain SELECT c FROM sbtest1 WHERE id BETWEEN 6469206 AND 6469305 ORDER BY c
	Sort  (cost=444.75..445.02 rows=111 width=121)
	  Sort Key: c
	  ->  Index Scan using sbtest1_pkey on sbtest1  (cost=0.43..440.98 rows=111 width=121)
	        Index Cond: ((id >= 6469206) AND (id <= 6469305))

table 2 : explain SELECT c FROM sbtest2 WHERE id BETWEEN 5396376 AND 5396475 ORDER BY c
	Sort  (cost=396.95..397.20 rows=99 width=121)
	  Sort Key: c
	  ->  Index Scan using sbtest2_pkey on sbtest2  (cost=0.43..393.67 rows=99 width=121)
	        Index Cond: ((id >= 5396376) AND (id <= 5396475))

table 3 : explain SELECT c FROM sbtest3 WHERE id BETWEEN 499719 AND 499818 ORDER BY c
	Sort  (cost=388.27..388.51 rows=97 width=121)
	  Sort Key: c
	  ->  Index Scan using sbtest3_pkey on sbtest3  (cost=0.43..385.07 rows=97 width=121)
	        Index Cond: ((id >= 499719) AND (id <= 499818))

table 4 : explain SELECT c FROM sbtest4 WHERE id BETWEEN 6395397 AND 6395496 ORDER BY c
	Sort  (cost=435.67..435.94 rows=109 width=121)
	  Sort Key: c
	  ->  Index Scan using sbtest4_pkey on sbtest4  (cost=0.43..431.98 rows=109 width=121)
	        Index Cond: ((id >= 6395397) AND (id <= 6395496))

table 5 : explain SELECT c FROM sbtest5 WHERE id BETWEEN 4676730 AND 4676829 ORDER BY c
	Sort  (cost=443.59..443.87 rows=111 width=121)
	  Sort Key: c
	  ->  Index Scan using sbtest5_pkey on sbtest5  (cost=0.43..439.82 rows=111 width=121)
	        Index Cond: ((id >= 4676730) AND (id <= 4676829))

table 6 : explain SELECT c FROM sbtest6 WHERE id BETWEEN 3474513 AND 3474612 ORDER BY c
	Sort  (cost=398.29..398.54 rows=100 width=121)
	  Sort Key: c
	  ->  Index Scan using sbtest6_pkey on sbtest6  (cost=0.43..394.97 rows=100 width=121)
	        Index Cond: ((id >= 3474513) AND (id <= 3474612))

table 7 : explain SELECT c FROM sbtest7 WHERE id BETWEEN 1183898 AND 1183997 ORDER BY c
	Sort  (cost=405.41..405.66 rows=101 width=121)
	  Sort Key: c
	  ->  Index Scan using sbtest7_pkey on sbtest7  (cost=0.43..402.05 rows=101 width=121)
	        Index Cond: ((id >= 1183898) AND (id <= 1183997))

table 8 : explain SELECT c FROM sbtest8 WHERE id BETWEEN 1826989 AND 1827088 ORDER BY c
	Sort  (cost=392.45..392.70 rows=98 width=121)
	  Sort Key: c
	  ->  Index Scan using sbtest8_pkey on sbtest8  (cost=0.43..389.21 rows=98 width=121)
	        Index Cond: ((id >= 1826989) AND (id <= 1827088))

explain: for point_selects :: explain SELECT c FROM sbtest%u WHERE id=%u
for: distinct_ranges
table 1 : explain SELECT DISTINCT c FROM sbtest1 WHERE id BETWEEN 4863777 AND 4863876 ORDER BY c
	Unique  (cost=412.97..413.48 rows=103 width=121)
	  ->  Sort  (cost=412.97..413.23 rows=103 width=121)
	        Sort Key: c
	        ->  Index Scan using sbtest1_pkey on sbtest1  (cost=0.43..409.52 rows=103 width=121)
	              Index Cond: ((id >= 4863777) AND (id <= 4863876))

table 2 : explain SELECT DISTINCT c FROM sbtest2 WHERE id BETWEEN 5968669 AND 5968768 ORDER BY c
	Unique  (cost=444.61..445.16 rows=111 width=121)
	  ->  Sort  (cost=444.61..444.88 rows=111 width=121)
	        Sort Key: c
	        ->  Index Scan using sbtest2_pkey on sbtest2  (cost=0.43..440.83 rows=111 width=121)
	              Index Cond: ((id >= 5968669) AND (id <= 5968768))

table 3 : explain SELECT DISTINCT c FROM sbtest3 WHERE id BETWEEN 3040510 AND 3040609 ORDER BY c
	Unique  (cost=435.85..436.39 rows=109 width=121)
	  ->  Sort  (cost=435.85..436.12 rows=109 width=121)
	        Sort Key: c
	        ->  Index Scan using sbtest3_pkey on sbtest3  (cost=0.43..432.16 rows=109 width=121)
	              Index Cond: ((id >= 3040510) AND (id <= 3040609))

table 4 : explain SELECT DISTINCT c FROM sbtest4 WHERE id BETWEEN 3891897 AND 3891996 ORDER BY c
	Unique  (cost=368.33..368.79 rows=92 width=121)
	  ->  Sort  (cost=368.33..368.56 rows=92 width=121)
	        Sort Key: c
	        ->  Index Scan using sbtest4_pkey on sbtest4  (cost=0.43..365.33 rows=92 width=121)
	              Index Cond: ((id >= 3891897) AND (id <= 3891996))

table 5 : explain SELECT DISTINCT c FROM sbtest5 WHERE id BETWEEN 1276587 AND 1276686 ORDER BY c
	Unique  (cost=403.97..404.48 rows=101 width=121)
	  ->  Sort  (cost=403.97..404.22 rows=101 width=121)
	        Sort Key: c
	        ->  Index Scan using sbtest5_pkey on sbtest5  (cost=0.43..400.61 rows=101 width=121)
	              Index Cond: ((id >= 1276587) AND (id <= 1276686))

table 6 : explain SELECT DISTINCT c FROM sbtest6 WHERE id BETWEEN 5593610 AND 5593709 ORDER BY c
	Unique  (cost=402.24..402.74 rows=101 width=121)
	  ->  Sort  (cost=402.24..402.49 rows=101 width=121)
	        Sort Key: c
	        ->  Index Scan using sbtest6_pkey on sbtest6  (cost=0.43..398.88 rows=101 width=121)
	              Index Cond: ((id >= 5593610) AND (id <= 5593709))

table 7 : explain SELECT DISTINCT c FROM sbtest7 WHERE id BETWEEN 9252796 AND 9252895 ORDER BY c
	Unique  (cost=417.34..417.86 rows=104 width=121)
	  ->  Sort  (cost=417.34..417.60 rows=104 width=121)
	        Sort Key: c
	        ->  Index Scan using sbtest7_pkey on sbtest7  (cost=0.43..413.85 rows=104 width=121)
	              Index Cond: ((id >= 9252796) AND (id <= 9252895))

table 8 : explain SELECT DISTINCT c FROM sbtest8 WHERE id BETWEEN 9529461 AND 9529560 ORDER BY c
	Unique  (cost=408.31..408.82 rows=102 width=121)
	  ->  Sort  (cost=408.31..408.57 rows=102 width=121)
	        Sort Key: c
	        ->  Index Scan using sbtest8_pkey on sbtest8  (cost=0.43..404.91 rows=102 width=121)
	              Index Cond: ((id >= 9529461) AND (id <= 9529560))

for: order_ranges
table 1 : explain SELECT c FROM sbtest1 WHERE id BETWEEN 106538 AND 106637 ORDER BY c
	Sort  (cost=401.05..401.30 rows=100 width=121)
	  Sort Key: c
	  ->  Index Scan using sbtest1_pkey on sbtest1  (cost=0.43..397.73 rows=100 width=121)
	        Index Cond: ((id >= 106538) AND (id <= 106637))

table 2 : explain SELECT c FROM sbtest2 WHERE id BETWEEN 8763902 AND 8764001 ORDER BY c
	Sort  (cost=388.99..389.23 rows=97 width=121)
	  Sort Key: c
	  ->  Index Scan using sbtest2_pkey on sbtest2  (cost=0.43..385.79 rows=97 width=121)
	        Index Cond: ((id >= 8763902) AND (id <= 8764001))

table 3 : explain SELECT c FROM sbtest3 WHERE id BETWEEN 5529078 AND 5529177 ORDER BY c
	Sort  (cost=396.22..396.46 rows=99 width=121)
	  Sort Key: c
	  ->  Index Scan using sbtest3_pkey on sbtest3  (cost=0.43..392.94 rows=99 width=121)
	        Index Cond: ((id >= 5529078) AND (id <= 5529177))

table 4 : explain SELECT c FROM sbtest4 WHERE id BETWEEN 7172963 AND 7173062 ORDER BY c
	Sort  (cost=403.98..404.23 rows=101 width=121)
	  Sort Key: c
	  ->  Index Scan using sbtest4_pkey on sbtest4  (cost=0.43..400.62 rows=101 width=121)
	        Index Cond: ((id >= 7172963) AND (id <= 7173062))

table 5 : explain SELECT c FROM sbtest5 WHERE id BETWEEN 1546009 AND 1546108 ORDER BY c
	Sort  (cost=407.93..408.19 rows=102 width=121)
	  Sort Key: c
	  ->  Index Scan using sbtest5_pkey on sbtest5  (cost=0.43..404.53 rows=102 width=121)
	        Index Cond: ((id >= 1546009) AND (id <= 1546108))

table 6 : explain SELECT c FROM sbtest6 WHERE id BETWEEN 9821167 AND 9821266 ORDER BY c
	Sort  (cost=469.29..469.59 rows=118 width=121)
	  Sort Key: c
	  ->  Index Scan using sbtest6_pkey on sbtest6  (cost=0.43..465.23 rows=118 width=121)
	        Index Cond: ((id >= 9821167) AND (id <= 9821266))

table 7 : explain SELECT c FROM sbtest7 WHERE id BETWEEN 847321 AND 847420 ORDER BY c
	Sort  (cost=441.19..441.47 rows=110 width=121)
	  Sort Key: c
	  ->  Index Scan using sbtest7_pkey on sbtest7  (cost=0.43..437.46 rows=110 width=121)
	        Index Cond: ((id >= 847321) AND (id <= 847420))

table 8 : explain SELECT c FROM sbtest8 WHERE id BETWEEN 9571383 AND 9571482 ORDER BY c
	Sort  (cost=408.31..408.57 rows=102 width=121)
	  Sort Key: c
	  ->  Index Scan using sbtest8_pkey on sbtest8  (cost=0.43..404.91 rows=102 width=121)
	        Index Cond: ((id >= 9571383) AND (id <= 9571482))

for point_selects
table 1 : explain SELECT c FROM sbtest1 WHERE id=1071745
	Index Scan using sbtest1_pkey on sbtest1  (cost=0.43..8.45 rows=1 width=121)
	  Index Cond: (id = 1071745)

table 2 : explain SELECT c FROM sbtest2 WHERE id=3626768
	Index Scan using sbtest2_pkey on sbtest2  (cost=0.43..8.45 rows=1 width=121)
	  Index Cond: (id = 3626768)

table 3 : explain SELECT c FROM sbtest3 WHERE id=5723307
	Index Scan using sbtest3_pkey on sbtest3  (cost=0.43..8.45 rows=1 width=121)
	  Index Cond: (id = 5723307)

table 4 : explain SELECT c FROM sbtest4 WHERE id=727956
	Index Scan using sbtest4_pkey on sbtest4  (cost=0.43..8.45 rows=1 width=121)
	  Index Cond: (id = 727956)

table 5 : explain SELECT c FROM sbtest5 WHERE id=4835129
	Index Scan using sbtest5_pkey on sbtest5  (cost=0.43..8.45 rows=1 width=121)
	  Index Cond: (id = 4835129)

table 6 : explain SELECT c FROM sbtest6 WHERE id=6624603
	Index Scan using sbtest6_pkey on sbtest6  (cost=0.43..8.45 rows=1 width=121)
	  Index Cond: (id = 6624603)

table 7 : explain SELECT c FROM sbtest7 WHERE id=4783976
	Index Scan using sbtest7_pkey on sbtest7  (cost=0.43..8.45 rows=1 width=121)
	  Index Cond: (id = 4783976)

table 8 : explain SELECT c FROM sbtest8 WHERE id=4150936
	Index Scan using sbtest8_pkey on sbtest8  (cost=0.43..8.45 rows=1 width=121)
	  Index Cond: (id = 4150936)

for: simple_ranges
table 1 : explain SELECT c FROM sbtest1 WHERE id BETWEEN 176983 AND 177082
	Index Scan using sbtest1_pkey on sbtest1  (cost=0.43..397.73 rows=100 width=121)
	  Index Cond: ((id >= 176983) AND (id <= 177082))

table 2 : explain SELECT c FROM sbtest2 WHERE id BETWEEN 6141830 AND 6141929
	Index Scan using sbtest2_pkey on sbtest2  (cost=0.43..401.53 rows=101 width=121)
	  Index Cond: ((id >= 6141830) AND (id <= 6141929))

table 3 : explain SELECT c FROM sbtest3 WHERE id BETWEEN 8694459 AND 8694558
	Index Scan using sbtest3_pkey on sbtest3  (cost=0.43..377.22 rows=95 width=121)
	  Index Cond: ((id >= 8694459) AND (id <= 8694558))

table 4 : explain SELECT c FROM sbtest4 WHERE id BETWEEN 1356906 AND 1357005
	Index Scan using sbtest4_pkey on sbtest4  (cost=0.43..361.41 rows=91 width=121)
	  Index Cond: ((id >= 1356906) AND (id <= 1357005))

table 5 : explain SELECT c FROM sbtest5 WHERE id BETWEEN 9983688 AND 9983787
	Index Scan using sbtest5_pkey on sbtest5  (cost=0.43..416.29 rows=105 width=121)
	  Index Cond: ((id >= 9983688) AND (id <= 9983787))

table 6 : explain SELECT c FROM sbtest6 WHERE id BETWEEN 5023090 AND 5023189
	Index Scan using sbtest6_pkey on sbtest6  (cost=0.43..367.62 rows=93 width=121)
	  Index Cond: ((id >= 5023090) AND (id <= 5023189))

table 7 : explain SELECT c FROM sbtest7 WHERE id BETWEEN 6078033 AND 6078132
	Index Scan using sbtest7_pkey on sbtest7  (cost=0.43..390.22 rows=98 width=121)
	  Index Cond: ((id >= 6078033) AND (id <= 6078132))

table 8 : explain SELECT c FROM sbtest8 WHERE id BETWEEN 6106038 AND 6106137
	Index Scan using sbtest8_pkey on sbtest8  (cost=0.43..393.14 rows=99 width=121)
	  Index Cond: ((id >= 6106038) AND (id <= 6106137))

for: order_ranges
table 1 : explain SELECT c FROM sbtest1 WHERE id BETWEEN 9221234 AND 9221333 ORDER BY c
	Sort  (cost=381.17..381.41 rows=95 width=121)
	  Sort Key: c
	  ->  Index Scan using sbtest1_pkey on sbtest1  (cost=0.43..378.05 rows=95 width=121)
	        Index Cond: ((id >= 9221234) AND (id <= 9221333))

table 2 : explain SELECT c FROM sbtest2 WHERE id BETWEEN 2244031 AND 2244130 ORDER BY c
	Sort  (cost=444.61..444.88 rows=111 width=121)
	  Sort Key: c
	  ->  Index Scan using sbtest2_pkey on sbtest2  (cost=0.43..440.83 rows=111 width=121)
	        Index Cond: ((id >= 2244031) AND (id <= 2244130))

table 3 : explain SELECT c FROM sbtest3 WHERE id BETWEEN 4375968 AND 4376067 ORDER BY c
	Sort  (cost=416.03..416.29 rows=104 width=121)
	  Sort Key: c
	  ->  Index Scan using sbtest3_pkey on sbtest3  (cost=0.43..412.55 rows=104 width=121)
	        Index Cond: ((id >= 4375968) AND (id <= 4376067))

table 4 : explain SELECT c FROM sbtest4 WHERE id BETWEEN 3909756 AND 3909855 ORDER BY c
	Sort  (cost=447.56..447.84 rows=112 width=121)
	  Sort Key: c
	  ->  Index Scan using sbtest4_pkey on sbtest4  (cost=0.43..443.75 rows=112 width=121)
	        Index Cond: ((id >= 3909756) AND (id <= 3909855))

table 5 : explain SELECT c FROM sbtest5 WHERE id BETWEEN 7993888 AND 7993987 ORDER BY c
	Sort  (cost=380.21..380.44 rows=95 width=121)
	  Sort Key: c
	  ->  Index Scan using sbtest5_pkey on sbtest5  (cost=0.43..377.08 rows=95 width=121)
	        Index Cond: ((id >= 7993888) AND (id <= 7993987))

table 6 : explain SELECT c FROM sbtest6 WHERE id BETWEEN 3214084 AND 3214183 ORDER BY c
	Sort  (cost=425.90..426.17 rows=107 width=121)
	  Sort Key: c
	  ->  Index Scan using sbtest6_pkey on sbtest6  (cost=0.43..422.30 rows=107 width=121)
	        Index Cond: ((id >= 3214084) AND (id <= 3214183))

table 7 : explain SELECT c FROM sbtest7 WHERE id BETWEEN 8976962 AND 8977061 ORDER BY c
	Sort  (cost=425.29..425.55 rows=106 width=121)
	  Sort Key: c
	  ->  Index Scan using sbtest7_pkey on sbtest7  (cost=0.43..421.72 rows=106 width=121)
	        Index Cond: ((id >= 8976962) AND (id <= 8977061))

table 8 : explain SELECT c FROM sbtest8 WHERE id BETWEEN 4344131 AND 4344230 ORDER BY c
	Sort  (cost=388.47..388.71 rows=97 width=121)
	  Sort Key: c
	  ->  Index Scan using sbtest8_pkey on sbtest8  (cost=0.43..385.26 rows=97 width=121)
	        Index Cond: ((id >= 4344131) AND (id <= 4344230))

for: distinct_ranges
table 1 : explain SELECT DISTINCT c FROM sbtest1 WHERE id BETWEEN 7097820 AND 7097919 ORDER BY c
	Unique  (cost=416.94..417.46 rows=104 width=121)
	  ->  Sort  (cost=416.94..417.20 rows=104 width=121)
	        Sort Key: c
	        ->  Index Scan using sbtest1_pkey on sbtest1  (cost=0.43..413.46 rows=104 width=121)
	              Index Cond: ((id >= 7097820) AND (id <= 7097919))

table 2 : explain SELECT DISTINCT c FROM sbtest2 WHERE id BETWEEN 7972424 AND 7972523 ORDER BY c
	Unique  (cost=381.05..381.53 rows=95 width=121)
	  ->  Sort  (cost=381.05..381.29 rows=95 width=121)
	        Sort Key: c
	        ->  Index Scan using sbtest2_pkey on sbtest2  (cost=0.43..377.93 rows=95 width=121)
	              Index Cond: ((id >= 7972424) AND (id <= 7972523))

table 3 : explain SELECT DISTINCT c FROM sbtest3 WHERE id BETWEEN 8045469 AND 8045568 ORDER BY c
	Unique  (cost=396.22..396.71 rows=99 width=121)
	  ->  Sort  (cost=396.22..396.46 rows=99 width=121)
	        Sort Key: c
	        ->  Index Scan using sbtest3_pkey on sbtest3  (cost=0.43..392.94 rows=99 width=121)
	              Index Cond: ((id >= 8045469) AND (id <= 8045568))

table 4 : explain SELECT DISTINCT c FROM sbtest4 WHERE id BETWEEN 1846594 AND 1846693 ORDER BY c
	Unique  (cost=400.02..400.52 rows=100 width=121)
	  ->  Sort  (cost=400.02..400.27 rows=100 width=121)
	        Sort Key: c
	        ->  Index Scan using sbtest4_pkey on sbtest4  (cost=0.43..396.69 rows=100 width=121)
	              Index Cond: ((id >= 1846594) AND (id <= 1846693))

table 5 : explain SELECT DISTINCT c FROM sbtest5 WHERE id BETWEEN 3983586 AND 3983685 ORDER BY c
	Unique  (cost=419.82..420.34 rows=105 width=121)
	  ->  Sort  (cost=419.82..420.08 rows=105 width=121)
	        Sort Key: c
	        ->  Index Scan using sbtest5_pkey on sbtest5  (cost=0.43..416.29 rows=105 width=121)
	              Index Cond: ((id >= 3983586) AND (id <= 3983685))

table 6 : explain SELECT DISTINCT c FROM sbtest6 WHERE id BETWEEN 5220601 AND 5220700 ORDER BY c
	Unique  (cost=386.46..386.95 rows=97 width=121)
	  ->  Sort  (cost=386.46..386.71 rows=97 width=121)
	        Sort Key: c
	        ->  Index Scan using sbtest6_pkey on sbtest6  (cost=0.43..383.26 rows=97 width=121)
	              Index Cond: ((id >= 5220601) AND (id <= 5220700))

table 7 : explain SELECT DISTINCT c FROM sbtest7 WHERE id BETWEEN 902474 AND 902573 ORDER BY c
	Unique  (cost=441.19..441.74 rows=110 width=121)
	  ->  Sort  (cost=441.19..441.47 rows=110 width=121)
	        Sort Key: c
	        ->  Index Scan using sbtest7_pkey on sbtest7  (cost=0.43..437.46 rows=110 width=121)
	              Index Cond: ((id >= 902474) AND (id <= 902573))

table 8 : explain SELECT DISTINCT c FROM sbtest8 WHERE id BETWEEN 2002065 AND 2002164 ORDER BY c
	Unique  (cost=408.31..408.82 rows=102 width=121)
	  ->  Sort  (cost=408.31..408.57 rows=102 width=121)
	        Sort Key: c
	        ->  Index Scan using sbtest8_pkey on sbtest8  (cost=0.43..404.91 rows=102 width=121)
	              Index Cond: ((id >= 2002065) AND (id <= 2002164))

for: simple_ranges
table 1 : explain SELECT c FROM sbtest1 WHERE id BETWEEN 2815633 AND 2815732
	Index Scan using sbtest1_pkey on sbtest1  (cost=0.43..370.19 rows=93 width=121)
	  Index Cond: ((id >= 2815633) AND (id <= 2815732))

table 2 : explain SELECT c FROM sbtest2 WHERE id BETWEEN 9473288 AND 9473387
	Index Scan using sbtest2_pkey on sbtest2  (cost=0.43..385.79 rows=97 width=121)
	  Index Cond: ((id >= 9473288) AND (id <= 9473387))

table 3 : explain SELECT c FROM sbtest3 WHERE id BETWEEN 6769681 AND 6769780
	Index Scan using sbtest3_pkey on sbtest3  (cost=0.43..389.01 rows=98 width=121)
	  Index Cond: ((id >= 6769681) AND (id <= 6769780))

table 4 : explain SELECT c FROM sbtest4 WHERE id BETWEEN 664040 AND 664139
	Index Scan using sbtest4_pkey on sbtest4  (cost=0.43..416.30 rows=105 width=121)
	  Index Cond: ((id >= 664040) AND (id <= 664139))

table 5 : explain SELECT c FROM sbtest5 WHERE id BETWEEN 9960157 AND 9960256
	Index Scan using sbtest5_pkey on sbtest5  (cost=0.43..416.29 rows=105 width=121)
	  Index Cond: ((id >= 9960157) AND (id <= 9960256))

table 6 : explain SELECT c FROM sbtest6 WHERE id BETWEEN 7505967 AND 7506066
	Index Scan using sbtest6_pkey on sbtest6  (cost=0.43..379.33 rows=96 width=121)
	  Index Cond: ((id >= 7505967) AND (id <= 7506066))

table 7 : explain SELECT c FROM sbtest7 WHERE id BETWEEN 148344 AND 148443
	Index Scan using sbtest7_pkey on sbtest7  (cost=0.43..374.48 rows=94 width=121)
	  Index Cond: ((id >= 148344) AND (id <= 148443))

table 8 : explain SELECT c FROM sbtest8 WHERE id BETWEEN 6219824 AND 6219923
	Index Scan using sbtest8_pkey on sbtest8  (cost=0.43..397.06 rows=100 width=121)
	  Index Cond: ((id >= 6219824) AND (id <= 6219923))

for: distinct_ranges
table 1 : explain SELECT DISTINCT c FROM sbtest1 WHERE id BETWEEN 8010211 AND 8010310 ORDER BY c
	Unique  (cost=405.02..405.53 rows=101 width=121)
	  ->  Sort  (cost=405.02..405.28 rows=101 width=121)
	        Sort Key: c
	        ->  Index Scan using sbtest1_pkey on sbtest1  (cost=0.43..401.66 rows=101 width=121)
	              Index Cond: ((id >= 8010211) AND (id <= 8010310))

table 2 : explain SELECT DISTINCT c FROM sbtest2 WHERE id BETWEEN 4514571 AND 4514670 ORDER BY c
	Unique  (cost=412.84..413.35 rows=103 width=121)
	  ->  Sort  (cost=412.84..413.09 rows=103 width=121)
	        Sort Key: c
	        ->  Index Scan using sbtest2_pkey on sbtest2  (cost=0.43..409.39 rows=103 width=121)
	              Index Cond: ((id >= 4514571) AND (id <= 4514670))

table 3 : explain SELECT DISTINCT c FROM sbtest3 WHERE id BETWEEN 4098382 AND 4098481 ORDER BY c
	Unique  (cost=431.89..432.43 rows=108 width=121)
	  ->  Sort  (cost=431.89..432.16 rows=108 width=121)
	        Sort Key: c
	        ->  Index Scan using sbtest3_pkey on sbtest3  (cost=0.43..428.24 rows=108 width=121)
	              Index Cond: ((id >= 4098382) AND (id <= 4098481))

table 4 : explain SELECT DISTINCT c FROM sbtest4 WHERE id BETWEEN 934104 AND 934203 ORDER BY c
	Unique  (cost=360.41..360.86 rows=90 width=121)
	  ->  Sort  (cost=360.41..360.63 rows=90 width=121)
	        Sort Key: c
	        ->  Index Scan using sbtest4_pkey on sbtest4  (cost=0.43..357.49 rows=90 width=121)
	              Index Cond: ((id >= 934104) AND (id <= 934203))

table 5 : explain SELECT DISTINCT c FROM sbtest5 WHERE id BETWEEN 3885959 AND 3886058 ORDER BY c
	Unique  (cost=384.17..384.65 rows=96 width=121)
	  ->  Sort  (cost=384.17..384.41 rows=96 width=121)
	        Sort Key: c
	        ->  Index Scan using sbtest5_pkey on sbtest5  (cost=0.43..381.01 rows=96 width=121)
	              Index Cond: ((id >= 3885959) AND (id <= 3886058))

table 6 : explain SELECT DISTINCT c FROM sbtest6 WHERE id BETWEEN 6426416 AND 6426515 ORDER BY c
	Unique  (cost=378.55..379.02 rows=95 width=121)
	  ->  Sort  (cost=378.55..378.78 rows=95 width=121)
	        Sort Key: c
	        ->  Index Scan using sbtest6_pkey on sbtest6  (cost=0.43..375.43 rows=95 width=121)
	              Index Cond: ((id >= 6426416) AND (id <= 6426515))

table 7 : explain SELECT DISTINCT c FROM sbtest7 WHERE id BETWEEN 833401 AND 833500 ORDER BY c
	Unique  (cost=441.19..441.74 rows=110 width=121)
	  ->  Sort  (cost=441.19..441.47 rows=110 width=121)
	        Sort Key: c
	        ->  Index Scan using sbtest7_pkey on sbtest7  (cost=0.43..437.46 rows=110 width=121)
	              Index Cond: ((id >= 833401) AND (id <= 833500))

table 8 : explain SELECT DISTINCT c FROM sbtest8 WHERE id BETWEEN 9353062 AND 9353161 ORDER BY c
	Unique  (cost=416.25..416.77 rows=104 width=121)
	  ->  Sort  (cost=416.25..416.51 rows=104 width=121)
	        Sort Key: c
	        ->  Index Scan using sbtest8_pkey on sbtest8  (cost=0.43..412.76 rows=104 width=121)
	              Index Cond: ((id >= 9353062) AND (id <= 9353161))

for: distinct_ranges
table 1 : explain SELECT DISTINCT c FROM sbtest1 WHERE id BETWEEN 7739290 AND 7739389 ORDER BY c
	Unique  (cost=416.94..417.46 rows=104 width=121)
	  ->  Sort  (cost=416.94..417.20 rows=104 width=121)
	        Sort Key: c
	        ->  Index Scan using sbtest1_pkey on sbtest1  (cost=0.43..413.46 rows=104 width=121)
	              Index Cond: ((id >= 7739290) AND (id <= 7739389))

table 2 : explain SELECT DISTINCT c FROM sbtest2 WHERE id BETWEEN 1264066 AND 1264165 ORDER BY c
	Unique  (cost=424.75..425.28 rows=106 width=121)
	  ->  Sort  (cost=424.75..425.01 rows=106 width=121)
	        Sort Key: c
	        ->  Index Scan using sbtest2_pkey on sbtest2  (cost=0.43..421.18 rows=106 width=121)
	              Index Cond: ((id >= 1264066) AND (id <= 1264165))

table 3 : explain SELECT DISTINCT c FROM sbtest3 WHERE id BETWEEN 4279920 AND 4280019 ORDER BY c
	Unique  (cost=392.25..392.74 rows=98 width=121)
	  ->  Sort  (cost=392.25..392.50 rows=98 width=121)
	        Sort Key: c
	        ->  Index Scan using sbtest3_pkey on sbtest3  (cost=0.43..389.01 rows=98 width=121)
	              Index Cond: ((id >= 4279920) AND (id <= 4280019))

table 4 : explain SELECT DISTINCT c FROM sbtest4 WHERE id BETWEEN 7302917 AND 7303016 ORDER BY c
	Unique  (cost=396.06..396.55 rows=99 width=121)
	  ->  Sort  (cost=396.06..396.30 rows=99 width=121)
	        Sort Key: c
	        ->  Index Scan using sbtest4_pkey on sbtest4  (cost=0.43..392.77 rows=99 width=121)
	              Index Cond: ((id >= 7302917) AND (id <= 7303016))

table 5 : explain SELECT DISTINCT c FROM sbtest5 WHERE id BETWEEN 1025327 AND 1025426 ORDER BY c
	Unique  (cost=388.13..388.61 rows=97 width=121)
	  ->  Sort  (cost=388.13..388.37 rows=97 width=121)
	        Sort Key: c
	        ->  Index Scan using sbtest5_pkey on sbtest5  (cost=0.43..384.93 rows=97 width=121)
	              Index Cond: ((id >= 1025327) AND (id <= 1025426))

table 6 : explain SELECT DISTINCT c FROM sbtest6 WHERE id BETWEEN 8412719 AND 8412818 ORDER BY c
	Unique  (cost=370.66..371.13 rows=93 width=121)
	  ->  Sort  (cost=370.66..370.89 rows=93 width=121)
	        Sort Key: c
	        ->  Index Scan using sbtest6_pkey on sbtest6  (cost=0.43..367.62 rows=93 width=121)
	              Index Cond: ((id >= 8412719) AND (id <= 8412818))

table 7 : explain SELECT DISTINCT c FROM sbtest7 WHERE id BETWEEN 3320189 AND 3320288 ORDER BY c
	Unique  (cost=421.31..421.84 rows=105 width=121)
	  ->  Sort  (cost=421.31..421.58 rows=105 width=121)
	        Sort Key: c
	        ->  Index Scan using sbtest7_pkey on sbtest7  (cost=0.43..417.79 rows=105 width=121)
	              Index Cond: ((id >= 3320189) AND (id <= 3320288))

table 8 : explain SELECT DISTINCT c FROM sbtest8 WHERE id BETWEEN 4249678 AND 4249777 ORDER BY c
	Unique  (cost=388.47..388.95 rows=97 width=121)
	  ->  Sort  (cost=388.47..388.71 rows=97 width=121)
	        Sort Key: c
	        ->  Index Scan using sbtest8_pkey on sbtest8  (cost=0.43..385.26 rows=97 width=121)
	              Index Cond: ((id >= 4249678) AND (id <= 4249777))

for: sum_ranges
table 1 : explain SELECT SUM(k) FROM sbtest1 WHERE id BETWEEN 7666640 AND 7666739
	Aggregate  (cost=413.72..413.73 rows=1 width=8)
	  ->  Index Scan using sbtest1_pkey on sbtest1  (cost=0.43..413.46 rows=104 width=4)
	        Index Cond: ((id >= 7666640) AND (id <= 7666739))

table 2 : explain SELECT SUM(k) FROM sbtest2 WHERE id BETWEEN 7550498 AND 7550597
	Aggregate  (cost=386.03..386.04 rows=1 width=8)
	  ->  Index Scan using sbtest2_pkey on sbtest2  (cost=0.43..385.79 rows=97 width=4)
	        Index Cond: ((id >= 7550498) AND (id <= 7550597))

table 3 : explain SELECT SUM(k) FROM sbtest3 WHERE id BETWEEN 6286047 AND 6286146
	Aggregate  (cost=377.46..377.47 rows=1 width=8)
	  ->  Index Scan using sbtest3_pkey on sbtest3  (cost=0.43..377.22 rows=95 width=4)
	        Index Cond: ((id >= 6286047) AND (id <= 6286146))

table 4 : explain SELECT SUM(k) FROM sbtest4 WHERE id BETWEEN 5560936 AND 5561035
	Aggregate  (cost=428.33..428.34 rows=1 width=8)
	  ->  Index Scan using sbtest4_pkey on sbtest4  (cost=0.43..428.06 rows=108 width=4)
	        Index Cond: ((id >= 5560936) AND (id <= 5561035))

table 5 : explain SELECT SUM(k) FROM sbtest5 WHERE id BETWEEN 7527388 AND 7527487
	Aggregate  (cost=393.02..393.03 rows=1 width=8)
	  ->  Index Scan using sbtest5_pkey on sbtest5  (cost=0.43..392.77 rows=99 width=4)
	        Index Cond: ((id >= 7527388) AND (id <= 7527487))

table 6 : explain SELECT SUM(k) FROM sbtest6 WHERE id BETWEEN 5807301 AND 5807400
	Aggregate  (cost=387.41..387.42 rows=1 width=8)
	  ->  Index Scan using sbtest6_pkey on sbtest6  (cost=0.43..387.17 rows=98 width=4)
	        Index Cond: ((id >= 5807301) AND (id <= 5807400))

table 7 : explain SELECT SUM(k) FROM sbtest7 WHERE id BETWEEN 5370837 AND 5370936
	Aggregate  (cost=386.53..386.54 rows=1 width=8)
	  ->  Index Scan using sbtest7_pkey on sbtest7  (cost=0.43..386.28 rows=97 width=4)
	        Index Cond: ((id >= 5370837) AND (id <= 5370936))

table 8 : explain SELECT SUM(k) FROM sbtest8 WHERE id BETWEEN 6900478 AND 6900577
	Aggregate  (cost=409.09..409.10 rows=1 width=8)
	  ->  Index Scan using sbtest8_pkey on sbtest8  (cost=0.43..408.84 rows=103 width=4)
	        Index Cond: ((id >= 6900478) AND (id <= 6900577))

for point_selects
table 1 : explain SELECT c FROM sbtest1 WHERE id=7591647
	Index Scan using sbtest1_pkey on sbtest1  (cost=0.43..8.45 rows=1 width=121)
	  Index Cond: (id = 7591647)

table 2 : explain SELECT c FROM sbtest2 WHERE id=1553857
	Index Scan using sbtest2_pkey on sbtest2  (cost=0.43..8.45 rows=1 width=121)
	  Index Cond: (id = 1553857)

table 3 : explain SELECT c FROM sbtest3 WHERE id=3464951
	Index Scan using sbtest3_pkey on sbtest3  (cost=0.43..8.45 rows=1 width=121)
	  Index Cond: (id = 3464951)

table 4 : explain SELECT c FROM sbtest4 WHERE id=1484756
	Index Scan using sbtest4_pkey on sbtest4  (cost=0.43..8.45 rows=1 width=121)
	  Index Cond: (id = 1484756)

table 5 : explain SELECT c FROM sbtest5 WHERE id=8000175
	Index Scan using sbtest5_pkey on sbtest5  (cost=0.43..8.45 rows=1 width=121)
	  Index Cond: (id = 8000175)

table 6 : explain SELECT c FROM sbtest6 WHERE id=8002267
	Index Scan using sbtest6_pkey on sbtest6  (cost=0.43..8.45 rows=1 width=121)
	  Index Cond: (id = 8002267)

table 7 : explain SELECT c FROM sbtest7 WHERE id=1558704
	Index Scan using sbtest7_pkey on sbtest7  (cost=0.43..8.45 rows=1 width=121)
	  Index Cond: (id = 1558704)

table 8 : explain SELECT c FROM sbtest8 WHERE id=8727586
	Index Scan using sbtest8_pkey on sbtest8  (cost=0.43..8.45 rows=1 width=121)
	  Index Cond: (id = 8727586)

for: sum_ranges
table 1 : explain SELECT SUM(k) FROM sbtest1 WHERE id BETWEEN 8809976 AND 8810075
	Aggregate  (cost=390.09..390.10 rows=1 width=8)
	  ->  Index Scan using sbtest1_pkey on sbtest1  (cost=0.43..389.85 rows=98 width=4)
	        Index Cond: ((id >= 8809976) AND (id <= 8810075))

table 2 : explain SELECT SUM(k) FROM sbtest2 WHERE id BETWEEN 888113 AND 888212
	Aggregate  (cost=441.11..441.12 rows=1 width=8)
	  ->  Index Scan using sbtest2_pkey on sbtest2  (cost=0.43..440.83 rows=111 width=4)
	        Index Cond: ((id >= 888113) AND (id <= 888212))

table 3 : explain SELECT SUM(k) FROM sbtest3 WHERE id BETWEEN 8977560 AND 8977659
	Aggregate  (cost=346.06..346.07 rows=1 width=8)
	  ->  Index Scan using sbtest3_pkey on sbtest3  (cost=0.43..345.84 rows=87 width=4)
	        Index Cond: ((id >= 8977560) AND (id <= 8977659))

table 4 : explain SELECT SUM(k) FROM sbtest4 WHERE id BETWEEN 4752885 AND 4752984
	Aggregate  (cost=369.48..369.49 rows=1 width=8)
	  ->  Index Scan using sbtest4_pkey on sbtest4  (cost=0.43..369.25 rows=93 width=4)
	        Index Cond: ((id >= 4752885) AND (id <= 4752984))

table 5 : explain SELECT SUM(k) FROM sbtest5 WHERE id BETWEEN 2830885 AND 2830984
	Aggregate  (cost=365.55..365.56 rows=1 width=8)
	  ->  Index Scan using sbtest5_pkey on sbtest5  (cost=0.43..365.32 rows=92 width=4)
	        Index Cond: ((id >= 2830885) AND (id <= 2830984))

table 6 : explain SELECT SUM(k) FROM sbtest6 WHERE id BETWEEN 3156335 AND 3156434
	Aggregate  (cost=446.00..446.01 rows=1 width=8)
	  ->  Index Scan using sbtest6_pkey on sbtest6  (cost=0.43..445.72 rows=113 width=4)
	        Index Cond: ((id >= 3156335) AND (id <= 3156434))

table 7 : explain SELECT SUM(k) FROM sbtest7 WHERE id BETWEEN 3415061 AND 3415160
	Aggregate  (cost=378.65..378.66 rows=1 width=8)
	  ->  Index Scan using sbtest7_pkey on sbtest7  (cost=0.43..378.41 rows=95 width=4)
	        Index Cond: ((id >= 3415061) AND (id <= 3415160))

table 8 : explain SELECT SUM(k) FROM sbtest8 WHERE id BETWEEN 1530237 AND 1530336
	Aggregate  (cost=389.43..389.44 rows=1 width=8)
	  ->  Index Scan using sbtest8_pkey on sbtest8  (cost=0.43..389.19 rows=98 width=4)
	        Index Cond: ((id >= 1530237) AND (id <= 1530336))

for: order_ranges
table 1 : explain SELECT c FROM sbtest1 WHERE id BETWEEN 3771972 AND 3772071 ORDER BY c
	Sort  (cost=393.09..393.33 rows=98 width=121)
	  Sort Key: c
	  ->  Index Scan using sbtest1_pkey on sbtest1  (cost=0.43..389.85 rows=98 width=121)
	        Index Cond: ((id >= 3771972) AND (id <= 3772071))

table 2 : explain SELECT c FROM sbtest2 WHERE id BETWEEN 2041040 AND 2041139 ORDER BY c
	Sort  (cost=388.99..389.23 rows=97 width=121)
	  Sort Key: c
	  ->  Index Scan using sbtest2_pkey on sbtest2  (cost=0.43..385.79 rows=97 width=121)
	        Index Cond: ((id >= 2041040) AND (id <= 2041139))

table 3 : explain SELECT c FROM sbtest3 WHERE id BETWEEN 5494075 AND 5494174 ORDER BY c
	Sort  (cost=396.22..396.46 rows=99 width=121)
	  Sort Key: c
	  ->  Index Scan using sbtest3_pkey on sbtest3  (cost=0.43..392.94 rows=99 width=121)
	        Index Cond: ((id >= 5494075) AND (id <= 5494174))

table 4 : explain SELECT c FROM sbtest4 WHERE id BETWEEN 2464819 AND 2464918 ORDER BY c
	Sort  (cost=388.13..388.38 rows=97 width=121)
	  Sort Key: c
	  ->  Index Scan using sbtest4_pkey on sbtest4  (cost=0.43..384.93 rows=97 width=121)
	        Index Cond: ((id >= 2464819) AND (id <= 2464918))

table 5 : explain SELECT c FROM sbtest5 WHERE id BETWEEN 4789192 AND 4789291 ORDER BY c
	Sort  (cost=411.89..412.15 rows=103 width=121)
	  Sort Key: c
	  ->  Index Scan using sbtest5_pkey on sbtest5  (cost=0.43..408.45 rows=103 width=121)
	        Index Cond: ((id >= 4789192) AND (id <= 4789291))

table 6 : explain SELECT c FROM sbtest6 WHERE id BETWEEN 3935671 AND 3935770 ORDER BY c
	Sort  (cost=378.55..378.78 rows=95 width=121)
	  Sort Key: c
	  ->  Index Scan using sbtest6_pkey on sbtest6  (cost=0.43..375.43 rows=95 width=121)
	        Index Cond: ((id >= 3935671) AND (id <= 3935770))

table 7 : explain SELECT c FROM sbtest7 WHERE id BETWEEN 2702309 AND 2702408 ORDER BY c
	Sort  (cost=393.46..393.71 rows=98 width=121)
	  Sort Key: c
	  ->  Index Scan using sbtest7_pkey on sbtest7  (cost=0.43..390.22 rows=98 width=121)
	        Index Cond: ((id >= 2702309) AND (id <= 2702408))

table 8 : explain SELECT c FROM sbtest8 WHERE id BETWEEN 8065304 AND 8065403 ORDER BY c
	Sort  (cost=408.31..408.57 rows=102 width=121)
	  Sort Key: c
	  ->  Index Scan using sbtest8_pkey on sbtest8  (cost=0.43..404.91 rows=102 width=121)
	        Index Cond: ((id >= 8065304) AND (id <= 8065403))

for: simple_ranges
table 1 : explain SELECT c FROM sbtest1 WHERE id BETWEEN 1042210 AND 1042309
	Index Scan using sbtest1_pkey on sbtest1  (cost=0.43..397.73 rows=100 width=121)
	  Index Cond: ((id >= 1042210) AND (id <= 1042309))

table 2 : explain SELECT c FROM sbtest2 WHERE id BETWEEN 59447 AND 59546
	Index Scan using sbtest2_pkey on sbtest2  (cost=0.43..358.28 rows=90 width=121)
	  Index Cond: ((id >= 59447) AND (id <= 59546))

table 3 : explain SELECT c FROM sbtest3 WHERE id BETWEEN 2955447 AND 2955546
	Index Scan using sbtest3_pkey on sbtest3  (cost=0.43..381.14 rows=96 width=121)
	  Index Cond: ((id >= 2955447) AND (id <= 2955546))

table 4 : explain SELECT c FROM sbtest4 WHERE id BETWEEN 6680250 AND 6680349
	Index Scan using sbtest4_pkey on sbtest4  (cost=0.43..412.38 rows=104 width=121)
	  Index Cond: ((id >= 6680250) AND (id <= 6680349))

table 5 : explain SELECT c FROM sbtest5 WHERE id BETWEEN 807899 AND 807998
	Index Scan using sbtest5_pkey on sbtest5  (cost=0.43..361.40 rows=91 width=121)
	  Index Cond: ((id >= 807899) AND (id <= 807998))

table 6 : explain SELECT c FROM sbtest6 WHERE id BETWEEN 6961322 AND 6961421
	Index Scan using sbtest6_pkey on sbtest6  (cost=0.43..406.68 rows=103 width=121)
	  Index Cond: ((id >= 6961322) AND (id <= 6961421))

table 7 : explain SELECT c FROM sbtest7 WHERE id BETWEEN 8146762 AND 8146861
	Index Scan using sbtest7_pkey on sbtest7  (cost=0.43..402.05 rows=101 width=121)
	  Index Cond: ((id >= 8146762) AND (id <= 8146861))

table 8 : explain SELECT c FROM sbtest8 WHERE id BETWEEN 5807290 AND 5807389
	Index Scan using sbtest8_pkey on sbtest8  (cost=0.43..381.34 rows=96 width=121)
	  Index Cond: ((id >= 5807290) AND (id <= 5807389))

for: order_ranges
table 1 : explain SELECT c FROM sbtest1 WHERE id BETWEEN 4132752 AND 4132851 ORDER BY c
	Sort  (cost=409.00..409.25 rows=102 width=121)
	  Sort Key: c
	  ->  Index Scan using sbtest1_pkey on sbtest1  (cost=0.43..405.59 rows=102 width=121)
	        Index Cond: ((id >= 4132752) AND (id <= 4132851))

table 2 : explain SELECT c FROM sbtest2 WHERE id BETWEEN 5790874 AND 5790973 ORDER BY c
	Sort  (cost=365.17..365.40 rows=91 width=121)
	  Sort Key: c
	  ->  Index Scan using sbtest2_pkey on sbtest2  (cost=0.43..362.21 rows=91 width=121)
	        Index Cond: ((id >= 5790874) AND (id <= 5790973))

table 3 : explain SELECT c FROM sbtest3 WHERE id BETWEEN 578765 AND 578864 ORDER BY c
	Sort  (cost=388.27..388.51 rows=97 width=121)
	  Sort Key: c
	  ->  Index Scan using sbtest3_pkey on sbtest3  (cost=0.43..385.07 rows=97 width=121)
	        Index Cond: ((id >= 578765) AND (id <= 578864))

table 4 : explain SELECT c FROM sbtest4 WHERE id BETWEEN 2917838 AND 2917937 ORDER BY c
	Sort  (cost=400.02..400.27 rows=100 width=121)
	  Sort Key: c
	  ->  Index Scan using sbtest4_pkey on sbtest4  (cost=0.43..396.69 rows=100 width=121)
	        Index Cond: ((id >= 2917838) AND (id <= 2917937))

table 5 : explain SELECT c FROM sbtest5 WHERE id BETWEEN 9457534 AND 9457633 ORDER BY c
	Sort  (cost=372.28..372.52 rows=93 width=121)
	  Sort Key: c
	  ->  Index Scan using sbtest5_pkey on sbtest5  (cost=0.43..369.24 rows=93 width=121)
	        Index Cond: ((id >= 9457534) AND (id <= 9457633))

table 6 : explain SELECT c FROM sbtest6 WHERE id BETWEEN 9995134 AND 9995233 ORDER BY c
	Sort  (cost=382.49..382.73 rows=96 width=121)
	  Sort Key: c
	  ->  Index Scan using sbtest6_pkey on sbtest6  (cost=0.43..379.33 rows=96 width=121)
	        Index Cond: ((id >= 9995134) AND (id <= 9995233))

table 7 : explain SELECT c FROM sbtest7 WHERE id BETWEEN 3295820 AND 3295919 ORDER BY c
	Sort  (cost=421.31..421.58 rows=105 width=121)
	  Sort Key: c
	  ->  Index Scan using sbtest7_pkey on sbtest7  (cost=0.43..417.79 rows=105 width=121)
	        Index Cond: ((id >= 3295820) AND (id <= 3295919))

table 8 : explain SELECT c FROM sbtest8 WHERE id BETWEEN 4199558 AND 4199657 ORDER BY c
	Sort  (cost=380.54..380.77 rows=95 width=121)
	  Sort Key: c
	  ->  Index Scan using sbtest8_pkey on sbtest8  (cost=0.43..377.42 rows=95 width=121)
	        Index Cond: ((id >= 4199558) AND (id <= 4199657))

for: distinct_ranges
table 1 : explain SELECT DISTINCT c FROM sbtest1 WHERE id BETWEEN 8452922 AND 8453021 ORDER BY c
	Unique  (cost=385.14..385.62 rows=96 width=121)
	  ->  Sort  (cost=385.14..385.38 rows=96 width=121)
	        Sort Key: c
	        ->  Index Scan using sbtest1_pkey on sbtest1  (cost=0.43..381.98 rows=96 width=121)
	              Index Cond: ((id >= 8452922) AND (id <= 8453021))

table 2 : explain SELECT DISTINCT c FROM sbtest2 WHERE id BETWEEN 7065801 AND 7065900 ORDER BY c
	Unique  (cost=412.84..413.35 rows=103 width=121)
	  ->  Sort  (cost=412.84..413.09 rows=103 width=121)
	        Sort Key: c
	        ->  Index Scan using sbtest2_pkey on sbtest2  (cost=0.43..409.39 rows=103 width=121)
	              Index Cond: ((id >= 7065801) AND (id <= 7065900))

table 3 : explain SELECT DISTINCT c FROM sbtest3 WHERE id BETWEEN 9752501 AND 9752600 ORDER BY c
	Unique  (cost=388.27..388.75 rows=97 width=121)
	  ->  Sort  (cost=388.27..388.51 rows=97 width=121)
	        Sort Key: c
	        ->  Index Scan using sbtest3_pkey on sbtest3  (cost=0.43..385.07 rows=97 width=121)
	              Index Cond: ((id >= 9752501) AND (id <= 9752600))

table 4 : explain SELECT DISTINCT c FROM sbtest4 WHERE id BETWEEN 2973067 AND 2973166 ORDER BY c
	Unique  (cost=400.02..400.52 rows=100 width=121)
	  ->  Sort  (cost=400.02..400.27 rows=100 width=121)
	        Sort Key: c
	        ->  Index Scan using sbtest4_pkey on sbtest4  (cost=0.43..396.69 rows=100 width=121)
	              Index Cond: ((id >= 2973067) AND (id <= 2973166))

table 5 : explain SELECT DISTINCT c FROM sbtest5 WHERE id BETWEEN 4871735 AND 4871834 ORDER BY c
	Unique  (cost=411.89..412.41 rows=103 width=121)
	  ->  Sort  (cost=411.89..412.15 rows=103 width=121)
	        Sort Key: c
	        ->  Index Scan using sbtest5_pkey on sbtest5  (cost=0.43..408.45 rows=103 width=121)
	              Index Cond: ((id >= 4871735) AND (id <= 4871834))

table 6 : explain SELECT DISTINCT c FROM sbtest6 WHERE id BETWEEN 6012154 AND 6012253 ORDER BY c
	Unique  (cost=370.66..371.13 rows=93 width=121)
	  ->  Sort  (cost=370.66..370.89 rows=93 width=121)
	        Sort Key: c
	        ->  Index Scan using sbtest6_pkey on sbtest6  (cost=0.43..367.62 rows=93 width=121)
	              Index Cond: ((id >= 6012154) AND (id <= 6012253))

table 7 : explain SELECT DISTINCT c FROM sbtest7 WHERE id BETWEEN 5767858 AND 5767957 ORDER BY c
	Unique  (cost=413.36..413.88 rows=103 width=121)
	  ->  Sort  (cost=413.36..413.62 rows=103 width=121)
	        Sort Key: c
	        ->  Index Scan using sbtest7_pkey on sbtest7  (cost=0.43..409.92 rows=103 width=121)
	              Index Cond: ((id >= 5767858) AND (id <= 5767957))

table 8 : explain SELECT DISTINCT c FROM sbtest8 WHERE id BETWEEN 3973991 AND 3974090 ORDER BY c
	Unique  (cost=420.21..420.74 rows=105 width=121)
	  ->  Sort  (cost=420.21..420.47 rows=105 width=121)
	        Sort Key: c
	        ->  Index Scan using sbtest8_pkey on sbtest8  (cost=0.43..416.69 rows=105 width=121)
	              Index Cond: ((id >= 3973991) AND (id <= 3974090))

for: sum_ranges
table 1 : explain SELECT SUM(k) FROM sbtest1 WHERE id BETWEEN 2707839 AND 2707938
	Aggregate  (cost=425.52..425.53 rows=1 width=8)
	  ->  Index Scan using sbtest1_pkey on sbtest1  (cost=0.43..425.25 rows=107 width=4)
	        Index Cond: ((id >= 2707839) AND (id <= 2707938))

table 2 : explain SELECT SUM(k) FROM sbtest2 WHERE id BETWEEN 6173655 AND 6173754
	Aggregate  (cost=401.79..401.80 rows=1 width=8)
	  ->  Index Scan using sbtest2_pkey on sbtest2  (cost=0.43..401.53 rows=101 width=4)
	        Index Cond: ((id >= 6173655) AND (id <= 6173754))

table 3 : explain SELECT SUM(k) FROM sbtest3 WHERE id BETWEEN 4162372 AND 4162471
	Aggregate  (cost=428.51..428.52 rows=1 width=8)
	  ->  Index Scan using sbtest3_pkey on sbtest3  (cost=0.43..428.24 rows=108 width=4)
	        Index Cond: ((id >= 4162372) AND (id <= 4162471))

table 4 : explain SELECT SUM(k) FROM sbtest4 WHERE id BETWEEN 7342494 AND 7342593
	Aggregate  (cost=393.02..393.03 rows=1 width=8)
	  ->  Index Scan using sbtest4_pkey on sbtest4  (cost=0.43..392.77 rows=99 width=4)
	        Index Cond: ((id >= 7342494) AND (id <= 7342593))

table 5 : explain SELECT SUM(k) FROM sbtest5 WHERE id BETWEEN 3175075 AND 3175174
	Aggregate  (cost=396.94..396.95 rows=1 width=8)
	  ->  Index Scan using sbtest5_pkey on sbtest5  (cost=0.43..396.69 rows=100 width=4)
	        Index Cond: ((id >= 3175075) AND (id <= 3175174))

table 6 : explain SELECT SUM(k) FROM sbtest6 WHERE id BETWEEN 1839071 AND 1839170
	Aggregate  (cost=414.75..414.76 rows=1 width=8)
	  ->  Index Scan using sbtest6_pkey on sbtest6  (cost=0.43..414.49 rows=105 width=4)
	        Index Cond: ((id >= 1839071) AND (id <= 1839170))

table 7 : explain SELECT SUM(k) FROM sbtest7 WHERE id BETWEEN 2173936 AND 2174035
	Aggregate  (cost=374.71..374.72 rows=1 width=8)
	  ->  Index Scan using sbtest7_pkey on sbtest7  (cost=0.43..374.48 rows=94 width=4)
	        Index Cond: ((id >= 2173936) AND (id <= 2174035))

table 8 : explain SELECT SUM(k) FROM sbtest8 WHERE id BETWEEN 82157 AND 82256
	Aggregate  (cost=393.39..393.40 rows=1 width=8)
	  ->  Index Scan using sbtest8_pkey on sbtest8  (cost=0.43..393.14 rows=99 width=4)
	        Index Cond: ((id >= 82157) AND (id <= 82256))

for: distinct_ranges
table 1 : explain SELECT DISTINCT c FROM sbtest1 WHERE id BETWEEN 5144676 AND 5144775 ORDER BY c
	Unique  (cost=436.80..437.35 rows=109 width=121)
	  ->  Sort  (cost=436.80..437.07 rows=109 width=121)
	        Sort Key: c
	        ->  Index Scan using sbtest1_pkey on sbtest1  (cost=0.43..433.11 rows=109 width=121)
	              Index Cond: ((id >= 5144676) AND (id <= 5144775))

table 2 : explain SELECT DISTINCT c FROM sbtest2 WHERE id BETWEEN 854358 AND 854457 ORDER BY c
	Unique  (cost=444.61..445.16 rows=111 width=121)
	  ->  Sort  (cost=444.61..444.88 rows=111 width=121)
	        Sort Key: c
	        ->  Index Scan using sbtest2_pkey on sbtest2  (cost=0.43..440.83 rows=111 width=121)
	              Index Cond: ((id >= 854358) AND (id <= 854457))

table 3 : explain SELECT DISTINCT c FROM sbtest3 WHERE id BETWEEN 7943759 AND 7943858 ORDER BY c
	Unique  (cost=384.30..384.78 rows=96 width=121)
	  ->  Sort  (cost=384.30..384.54 rows=96 width=121)
	        Sort Key: c
	        ->  Index Scan using sbtest3_pkey on sbtest3  (cost=0.43..381.14 rows=96 width=121)
	              Index Cond: ((id >= 7943759) AND (id <= 7943858))

table 4 : explain SELECT DISTINCT c FROM sbtest4 WHERE id BETWEEN 9713811 AND 9713910 ORDER BY c
	Unique  (cost=403.98..404.48 rows=101 width=121)
	  ->  Sort  (cost=403.98..404.23 rows=101 width=121)
	        Sort Key: c
	        ->  Index Scan using sbtest4_pkey on sbtest4  (cost=0.43..400.62 rows=101 width=121)
	              Index Cond: ((id >= 9713811) AND (id <= 9713910))

table 5 : explain SELECT DISTINCT c FROM sbtest5 WHERE id BETWEEN 6400380 AND 6400479 ORDER BY c
	Unique  (cost=419.82..420.34 rows=105 width=121)
	  ->  Sort  (cost=419.82..420.08 rows=105 width=121)
	        Sort Key: c
	        ->  Index Scan using sbtest5_pkey on sbtest5  (cost=0.43..416.29 rows=105 width=121)
	              Index Cond: ((id >= 6400380) AND (id <= 6400479))

table 6 : explain SELECT DISTINCT c FROM sbtest6 WHERE id BETWEEN 2991847 AND 2991946 ORDER BY c
	Unique  (cost=382.49..382.97 rows=96 width=121)
	  ->  Sort  (cost=382.49..382.73 rows=96 width=121)
	        Sort Key: c
	        ->  Index Scan using sbtest6_pkey on sbtest6  (cost=0.43..379.33 rows=96 width=121)
	              Index Cond: ((id >= 2991847) AND (id <= 2991946))

table 7 : explain SELECT DISTINCT c FROM sbtest7 WHERE id BETWEEN 5369813 AND 5369912 ORDER BY c
	Unique  (cost=389.49..389.97 rows=97 width=121)
	  ->  Sort  (cost=389.49..389.73 rows=97 width=121)
	        Sort Key: c
	        ->  Index Scan using sbtest7_pkey on sbtest7  (cost=0.43..386.28 rows=97 width=121)
	              Index Cond: ((id >= 5369813) AND (id <= 5369912))

table 8 : explain SELECT DISTINCT c FROM sbtest8 WHERE id BETWEEN 5306977 AND 5307076 ORDER BY c
	Unique  (cost=420.21..420.74 rows=105 width=121)
	  ->  Sort  (cost=420.21..420.47 rows=105 width=121)
	        Sort Key: c
	        ->  Index Scan using sbtest8_pkey on sbtest8  (cost=0.43..416.69 rows=105 width=121)
	              Index Cond: ((id >= 5306977) AND (id <= 5307076))

for: order_ranges
table 1 : explain SELECT c FROM sbtest1 WHERE id BETWEEN 1486521 AND 1486620 ORDER BY c
	Sort  (cost=409.00..409.25 rows=102 width=121)
	  Sort Key: c
	  ->  Index Scan using sbtest1_pkey on sbtest1  (cost=0.43..405.59 rows=102 width=121)
	        Index Cond: ((id >= 1486521) AND (id <= 1486620))

table 2 : explain SELECT c FROM sbtest2 WHERE id BETWEEN 9683035 AND 9683134 ORDER BY c
	Sort  (cost=396.95..397.20 rows=99 width=121)
	  Sort Key: c
	  ->  Index Scan using sbtest2_pkey on sbtest2  (cost=0.43..393.67 rows=99 width=121)
	        Index Cond: ((id >= 9683035) AND (id <= 9683134))

table 3 : explain SELECT c FROM sbtest3 WHERE id BETWEEN 5453585 AND 5453684 ORDER BY c
	Sort  (cost=376.38..376.61 rows=94 width=121)
	  Sort Key: c
	  ->  Index Scan using sbtest3_pkey on sbtest3  (cost=0.43..373.30 rows=94 width=121)
	        Index Cond: ((id >= 5453585) AND (id <= 5453684))

table 4 : explain SELECT c FROM sbtest4 WHERE id BETWEEN 4489526 AND 4489625 ORDER BY c
	Sort  (cost=376.25..376.49 rows=94 width=121)
	  Sort Key: c
	  ->  Index Scan using sbtest4_pkey on sbtest4  (cost=0.43..373.17 rows=94 width=121)
	        Index Cond: ((id >= 4489526) AND (id <= 4489625))

table 5 : explain SELECT c FROM sbtest5 WHERE id BETWEEN 1038660 AND 1038759 ORDER BY c
	Sort  (cost=388.13..388.37 rows=97 width=121)
	  Sort Key: c
	  ->  Index Scan using sbtest5_pkey on sbtest5  (cost=0.43..384.93 rows=97 width=121)
	        Index Cond: ((id >= 1038660) AND (id <= 1038759))

table 6 : explain SELECT c FROM sbtest6 WHERE id BETWEEN 4614754 AND 4614853 ORDER BY c
	Sort  (cost=362.77..363.00 rows=91 width=121)
	  Sort Key: c
	  ->  Index Scan using sbtest6_pkey on sbtest6  (cost=0.43..359.81 rows=91 width=121)
	        Index Cond: ((id >= 4614754) AND (id <= 4614853))

table 7 : explain SELECT c FROM sbtest7 WHERE id BETWEEN 6268792 AND 6268891 ORDER BY c
	Sort  (cost=401.43..401.68 rows=100 width=121)
	  Sort Key: c
	  ->  Index Scan using sbtest7_pkey on sbtest7  (cost=0.43..398.11 rows=100 width=121)
	        Index Cond: ((id >= 6268792) AND (id <= 6268891))

table 8 : explain SELECT c FROM sbtest8 WHERE id BETWEEN 2747759 AND 2747858 ORDER BY c
	Sort  (cost=368.64..368.87 rows=92 width=121)
	  Sort Key: c
	  ->  Index Scan using sbtest8_pkey on sbtest8  (cost=0.43..365.64 rows=92 width=121)
	        Index Cond: ((id >= 2747759) AND (id <= 2747858))

for: distinct_ranges
table 1 : explain SELECT DISTINCT c FROM sbtest1 WHERE id BETWEEN 6509993 AND 6510092 ORDER BY c
	Unique  (cost=444.75..445.30 rows=111 width=121)
	  ->  Sort  (cost=444.75..445.02 rows=111 width=121)
	        Sort Key: c
	        ->  Index Scan using sbtest1_pkey on sbtest1  (cost=0.43..440.98 rows=111 width=121)
	              Index Cond: ((id >= 6509993) AND (id <= 6510092))

table 2 : explain SELECT DISTINCT c FROM sbtest2 WHERE id BETWEEN 8886826 AND 8886925 ORDER BY c
	Unique  (cost=385.02..385.50 rows=96 width=121)
	  ->  Sort  (cost=385.02..385.26 rows=96 width=121)
	        Sort Key: c
	        ->  Index Scan using sbtest2_pkey on sbtest2  (cost=0.43..381.86 rows=96 width=121)
	              Index Cond: ((id >= 8886826) AND (id <= 8886925))

table 3 : explain SELECT DISTINCT c FROM sbtest3 WHERE id BETWEEN 764791 AND 764890 ORDER BY c
	Unique  (cost=368.45..368.91 rows=92 width=121)
	  ->  Sort  (cost=368.45..368.68 rows=92 width=121)
	        Sort Key: c
	        ->  Index Scan using sbtest3_pkey on sbtest3  (cost=0.43..365.45 rows=92 width=121)
	              Index Cond: ((id >= 764791) AND (id <= 764890))

table 4 : explain SELECT DISTINCT c FROM sbtest4 WHERE id BETWEEN 5257021 AND 5257120 ORDER BY c
	Unique  (cost=388.13..388.62 rows=97 width=121)
	  ->  Sort  (cost=388.13..388.38 rows=97 width=121)
	        Sort Key: c
	        ->  Index Scan using sbtest4_pkey on sbtest4  (cost=0.43..384.93 rows=97 width=121)
	              Index Cond: ((id >= 5257021) AND (id <= 5257120))

table 5 : explain SELECT DISTINCT c FROM sbtest5 WHERE id BETWEEN 6941689 AND 6941788 ORDER BY c
	Unique  (cost=455.47..456.04 rows=114 width=121)
	  ->  Sort  (cost=455.47..455.76 rows=114 width=121)
	        Sort Key: c
	        ->  Index Scan using sbtest5_pkey on sbtest5  (cost=0.43..451.58 rows=114 width=121)
	              Index Cond: ((id >= 6941689) AND (id <= 6941788))

table 6 : explain SELECT DISTINCT c FROM sbtest6 WHERE id BETWEEN 1341281 AND 1341380 ORDER BY c
	Unique  (cost=410.13..410.64 rows=103 width=121)
	  ->  Sort  (cost=410.13..410.38 rows=103 width=121)
	        Sort Key: c
	        ->  Index Scan using sbtest6_pkey on sbtest6  (cost=0.43..406.68 rows=103 width=121)
	              Index Cond: ((id >= 1341281) AND (id <= 1341380))

table 7 : explain SELECT DISTINCT c FROM sbtest7 WHERE id BETWEEN 4632620 AND 4632719 ORDER BY c
	Unique  (cost=413.36..413.88 rows=103 width=121)
	  ->  Sort  (cost=413.36..413.62 rows=103 width=121)
	        Sort Key: c
	        ->  Index Scan using sbtest7_pkey on sbtest7  (cost=0.43..409.92 rows=103 width=121)
	              Index Cond: ((id >= 4632620) AND (id <= 4632719))

table 8 : explain SELECT DISTINCT c FROM sbtest8 WHERE id BETWEEN 1819713 AND 1819812 ORDER BY c
	Unique  (cost=400.38..400.88 rows=100 width=121)
	  ->  Sort  (cost=400.38..400.63 rows=100 width=121)
	        Sort Key: c
	        ->  Index Scan using sbtest8_pkey on sbtest8  (cost=0.43..397.06 rows=100 width=121)
	              Index Cond: ((id >= 1819713) AND (id <= 1819812))

Threads started!

Warming up for 5 seconds...

SQL statistics:
    queries performed:
        read:                            262697015
        write:                           0
        other:                           37528158
        total:                           300225173
    transactions:                        18764099 (29783.93 per sec.)
    queries:                             300225173 (476542.24 per sec.)
    ignored errors:                      0      (0.00 per sec.)
    reconnects:                          0      (0.00 per sec.)

Throughput:
    events/s (eps):                      29783.9305
    time elapsed:                        630.0077s
    total number of events:              18764099

Latency (ms):
         min:                                    1.10
         avg:                                    1.34
         max:                                   17.57
         95th percentile:                        1.39
         sum:                             25180853.07

Threads fairness:
    events (avg/stddev):           469102.1250/1914.17
    execution time (avg/stddev):   629.5213/0.01

