LUA_PATH=/home/mdcallag/git/mytools/bench/sysbench.lua/lua/?.lua /home/mdcallag/git/mytools/bench/sysbench.lua/lua/sysbench --db-driver=pgsql --range-size=10 --table-size=10000000 --tables=8 --threads=40 --events=0 --warmup-time=5 --time=630 --pgsql_conn_id=true /home/mdcallag/git/mytools/bench/sysbench.lua/lua/oltp_inlist_select.lua run --pgsql-user=root --pgsql-password=pw --pgsql-host=127.0.0.1 --pgsql-db=ib --rand-type=uniform --random-points=10 --skip-trx
48 CPUs
sysbench 1.1.0-9072687 (using bundled LuaJIT 2.1.0-beta3)

Running the test with following options:
Number of threads: 40
Warmup time: 5s
Initializing random number generator from current time


Initializing worker threads...

explain: for select-inlist :: explain SELECT c FROM sbtest%d WHERE id IN ( 1941903, 5161067, 7862922, 1161705, 9749440, 7357726, 9969484, 4594651, 6424624, 9611705)
for select-inlist
table 1 : explain SELECT c FROM sbtest1 WHERE id IN ( 1941903, 5161067, 7862922, 1161705, 9749440, 7357726, 9969484, 4594651, 6424624, 9611705)
	Index Scan using sbtest1_pkey on sbtest1  (cost=0.43..83.73 rows=10 width=121)
	  Index Cond: (id = ANY ('{1941903,5161067,7862922,1161705,9749440,7357726,9969484,4594651,6424624,9611705}'::integer[]))

table 2 : explain SELECT c FROM sbtest2 WHERE id IN ( 1941903, 5161067, 7862922, 1161705, 9749440, 7357726, 9969484, 4594651, 6424624, 9611705)
	Index Scan using sbtest2_pkey on sbtest2  (cost=0.43..83.72 rows=10 width=121)
	  Index Cond: (id = ANY ('{1941903,5161067,7862922,1161705,9749440,7357726,9969484,4594651,6424624,9611705}'::integer[]))

table 3 : explain SELECT c FROM sbtest3 WHERE id IN ( 1941903, 5161067, 7862922, 1161705, 9749440, 7357726, 9969484, 4594651, 6424624, 9611705)
	Index Scan using sbtest3_pkey on sbtest3  (cost=0.43..83.65 rows=10 width=121)
	  Index Cond: (id = ANY ('{1941903,5161067,7862922,1161705,9749440,7357726,9969484,4594651,6424624,9611705}'::integer[]))

table 4 : explain SELECT c FROM sbtest4 WHERE id IN ( 1941903, 5161067, 7862922, 1161705, 9749440, 7357726, 9969484, 4594651, 6424624, 9611705)
	Index Scan using sbtest4_pkey on sbtest4  (cost=0.43..83.63 rows=10 width=121)
	  Index Cond: (id = ANY ('{1941903,5161067,7862922,1161705,9749440,7357726,9969484,4594651,6424624,9611705}'::integer[]))

table 5 : explain SELECT c FROM sbtest5 WHERE id IN ( 1941903, 5161067, 7862922, 1161705, 9749440, 7357726, 9969484, 4594651, 6424624, 9611705)
	Index Scan using sbtest5_pkey on sbtest5  (cost=0.43..83.63 rows=10 width=121)
	  Index Cond: (id = ANY ('{1941903,5161067,7862922,1161705,9749440,7357726,9969484,4594651,6424624,9611705}'::integer[]))

table 6 : explain SELECT c FROM sbtest6 WHERE id IN ( 1941903, 5161067, 7862922, 1161705, 9749440, 7357726, 9969484, 4594651, 6424624, 9611705)
	Index Scan using sbtest6_pkey on sbtest6  (cost=0.43..83.47 rows=10 width=121)
	  Index Cond: (id = ANY ('{1941903,5161067,7862922,1161705,9749440,7357726,9969484,4594651,6424624,9611705}'::integer[]))

table 7 : explain SELECT c FROM sbtest7 WHERE id IN ( 1941903, 5161067, 7862922, 1161705, 9749440, 7357726, 9969484, 4594651, 6424624, 9611705)
	Index Scan using sbtest7_pkey on sbtest7  (cost=0.43..83.76 rows=10 width=121)
	  Index Cond: (id = ANY ('{1941903,5161067,7862922,1161705,9749440,7357726,9969484,4594651,6424624,9611705}'::integer[]))

table 8 : explain SELECT c FROM sbtest8 WHERE id IN ( 1941903, 5161067, 7862922, 1161705, 9749440, 7357726, 9969484, 4594651, 6424624, 9611705)
	Index Scan using sbtest8_pkey on sbtest8  (cost=0.43..83.67 rows=10 width=121)
	  Index Cond: (id = ANY ('{1941903,5161067,7862922,1161705,9749440,7357726,9969484,4594651,6424624,9611705}'::integer[]))

explain: for select-inlist :: explain SELECT c FROM sbtest%d WHERE id IN ( 3289215, 3806898, 6250122, 2744388, 7031287, 8485959, 7902076, 2124208, 5357703, 4481725)
explain: for select-inlist :: explain SELECT c FROM sbtest%d WHERE id IN ( 4898936, 3567105, 1664911, 5463214, 2519614, 6425117, 466403, 5636889, 7785926, 1749176)
explain: for select-inlist :: explain SELECT c FROM sbtest%d WHERE id IN ( 2233430, 4371887, 7386542, 5753999, 5011359, 1212013, 8045398, 72451, 2814847, 5540699)
for select-inlist
table 1 : explain SELECT c FROM sbtest1 WHERE id IN ( 3289215, 3806898, 6250122, 2744388, 7031287, 8485959, 7902076, 2124208, 5357703, 4481725)
	Index Scan using sbtest1_pkey on sbtest1  (cost=0.43..83.73 rows=10 width=121)
	  Index Cond: (id = ANY ('{3289215,3806898,6250122,2744388,7031287,8485959,7902076,2124208,5357703,4481725}'::integer[]))

table 2 : explain SELECT c FROM sbtest2 WHERE id IN ( 3289215, 3806898, 6250122, 2744388, 7031287, 8485959, 7902076, 2124208, 5357703, 4481725)
	Index Scan using sbtest2_pkey on sbtest2  (cost=0.43..83.72 rows=10 width=121)
	  Index Cond: (id = ANY ('{3289215,3806898,6250122,2744388,7031287,8485959,7902076,2124208,5357703,4481725}'::integer[]))

table 3 : explain SELECT c FROM sbtest3 WHERE id IN ( 3289215, 3806898, 6250122, 2744388, 7031287, 8485959, 7902076, 2124208, 5357703, 4481725)
	Index Scan using sbtest3_pkey on sbtest3  (cost=0.43..83.65 rows=10 width=121)
	  Index Cond: (id = ANY ('{3289215,3806898,6250122,2744388,7031287,8485959,7902076,2124208,5357703,4481725}'::integer[]))

table 4 : explain SELECT c FROM sbtest4 WHERE id IN ( 3289215, 3806898, 6250122, 2744388, 7031287, 8485959, 7902076, 2124208, 5357703, 4481725)
	Index Scan using sbtest4_pkey on sbtest4  (cost=0.43..83.63 rows=10 width=121)
	  Index Cond: (id = ANY ('{3289215,3806898,6250122,2744388,7031287,8485959,7902076,2124208,5357703,4481725}'::integer[]))

table 5 : explain SELECT c FROM sbtest5 WHERE id IN ( 3289215, 3806898, 6250122, 2744388, 7031287, 8485959, 7902076, 2124208, 5357703, 4481725)
	Index Scan using sbtest5_pkey on sbtest5  (cost=0.43..83.63 rows=10 width=121)
	  Index Cond: (id = ANY ('{3289215,3806898,6250122,2744388,7031287,8485959,7902076,2124208,5357703,4481725}'::integer[]))

table 6 : explain SELECT c FROM sbtest6 WHERE id IN ( 3289215, 3806898, 6250122, 2744388, 7031287, 8485959, 7902076, 2124208, 5357703, 4481725)
	Index Scan using sbtest6_pkey on sbtest6  (cost=0.43..83.47 rows=10 width=121)
	  Index Cond: (id = ANY ('{3289215,3806898,6250122,2744388,7031287,8485959,7902076,2124208,5357703,4481725}'::integer[]))

table 7 : explain SELECT c FROM sbtest7 WHERE id IN ( 3289215, 3806898, 6250122, 2744388, 7031287, 8485959, 7902076, 2124208, 5357703, 4481725)
	Index Scan using sbtest7_pkey on sbtest7  (cost=0.43..83.76 rows=10 width=121)
	  Index Cond: (id = ANY ('{3289215,3806898,6250122,2744388,7031287,8485959,7902076,2124208,5357703,4481725}'::integer[]))

table 8 : explain SELECT c FROM sbtest8 WHERE id IN ( 3289215, 3806898, 6250122, 2744388, 7031287, 8485959, 7902076, 2124208, 5357703, 4481725)
	Index Scan using sbtest8_pkey on sbtest8  (cost=0.43..83.67 rows=10 width=121)
	  Index Cond: (id = ANY ('{3289215,3806898,6250122,2744388,7031287,8485959,7902076,2124208,5357703,4481725}'::integer[]))

for select-inlist
table 1 : explain SELECT c FROM sbtest1 WHERE id IN ( 4898936, 3567105, 1664911, 5463214, 2519614, 6425117, 466403, 5636889, 7785926, 1749176)
	Index Scan using sbtest1_pkey on sbtest1  (cost=0.43..83.73 rows=10 width=121)
	  Index Cond: (id = ANY ('{4898936,3567105,1664911,5463214,2519614,6425117,466403,5636889,7785926,1749176}'::integer[]))

table 2 : explain SELECT c FROM sbtest2 WHERE id IN ( 4898936, 3567105, 1664911, 5463214, 2519614, 6425117, 466403, 5636889, 7785926, 1749176)
	Index Scan using sbtest2_pkey on sbtest2  (cost=0.43..83.72 rows=10 width=121)
	  Index Cond: (id = ANY ('{4898936,3567105,1664911,5463214,2519614,6425117,466403,5636889,7785926,1749176}'::integer[]))

table 3 : explain SELECT c FROM sbtest3 WHERE id IN ( 4898936, 3567105, 1664911, 5463214, 2519614, 6425117, 466403, 5636889, 7785926, 1749176)
	Index Scan using sbtest3_pkey on sbtest3  (cost=0.43..83.65 rows=10 width=121)
	  Index Cond: (id = ANY ('{4898936,3567105,1664911,5463214,2519614,6425117,466403,5636889,7785926,1749176}'::integer[]))

table 4 : explain SELECT c FROM sbtest4 WHERE id IN ( 4898936, 3567105, 1664911, 5463214, 2519614, 6425117, 466403, 5636889, 7785926, 1749176)
	Index Scan using sbtest4_pkey on sbtest4  (cost=0.43..83.63 rows=10 width=121)
	  Index Cond: (id = ANY ('{4898936,3567105,1664911,5463214,2519614,6425117,466403,5636889,7785926,1749176}'::integer[]))

table 5 : explain SELECT c FROM sbtest5 WHERE id IN ( 4898936, 3567105, 1664911, 5463214, 2519614, 6425117, 466403, 5636889, 7785926, 1749176)
	Index Scan using sbtest5_pkey on sbtest5  (cost=0.43..83.63 rows=10 width=121)
	  Index Cond: (id = ANY ('{4898936,3567105,1664911,5463214,2519614,6425117,466403,5636889,7785926,1749176}'::integer[]))

table 6 : explain SELECT c FROM sbtest6 WHERE id IN ( 4898936, 3567105, 1664911, 5463214, 2519614, 6425117, 466403, 5636889, 7785926, 1749176)
	Index Scan using sbtest6_pkey on sbtest6  (cost=0.43..83.47 rows=10 width=121)
	  Index Cond: (id = ANY ('{4898936,3567105,1664911,5463214,2519614,6425117,466403,5636889,7785926,1749176}'::integer[]))

table 7 : explain SELECT c FROM sbtest7 WHERE id IN ( 4898936, 3567105, 1664911, 5463214, 2519614, 6425117, 466403, 5636889, 7785926, 1749176)
	Index Scan using sbtest7_pkey on sbtest7  (cost=0.43..83.76 rows=10 width=121)
	  Index Cond: (id = ANY ('{4898936,3567105,1664911,5463214,2519614,6425117,466403,5636889,7785926,1749176}'::integer[]))

table 8 : explain SELECT c FROM sbtest8 WHERE id IN ( 4898936, 3567105, 1664911, 5463214, 2519614, 6425117, 466403, 5636889, 7785926, 1749176)
	Index Scan using sbtest8_pkey on sbtest8  (cost=0.43..83.67 rows=10 width=121)
	  Index Cond: (id = ANY ('{4898936,3567105,1664911,5463214,2519614,6425117,466403,5636889,7785926,1749176}'::integer[]))

explain: for select-inlist :: explain SELECT c FROM sbtest%d WHERE id IN ( 2750306, 8958933, 7682608, 6134937, 3850147, 1797165, 4020798, 7752992, 5202262, 9952132)
for select-inlist
table 1 : explain SELECT c FROM sbtest1 WHERE id IN ( 2233430, 4371887, 7386542, 5753999, 5011359, 1212013, 8045398, 72451, 2814847, 5540699)
	Index Scan using sbtest1_pkey on sbtest1  (cost=0.43..83.73 rows=10 width=121)
	  Index Cond: (id = ANY ('{2233430,4371887,7386542,5753999,5011359,1212013,8045398,72451,2814847,5540699}'::integer[]))

table 2 : explain SELECT c FROM sbtest2 WHERE id IN ( 2233430, 4371887, 7386542, 5753999, 5011359, 1212013, 8045398, 72451, 2814847, 5540699)
	Index Scan using sbtest2_pkey on sbtest2  (cost=0.43..83.72 rows=10 width=121)
	  Index Cond: (id = ANY ('{2233430,4371887,7386542,5753999,5011359,1212013,8045398,72451,2814847,5540699}'::integer[]))

table 3 : explain SELECT c FROM sbtest3 WHERE id IN ( 2233430, 4371887, 7386542, 5753999, 5011359, 1212013, 8045398, 72451, 2814847, 5540699)
	Index Scan using sbtest3_pkey on sbtest3  (cost=0.43..83.65 rows=10 width=121)
	  Index Cond: (id = ANY ('{2233430,4371887,7386542,5753999,5011359,1212013,8045398,72451,2814847,5540699}'::integer[]))

table 4 : explain SELECT c FROM sbtest4 WHERE id IN ( 2233430, 4371887, 7386542, 5753999, 5011359, 1212013, 8045398, 72451, 2814847, 5540699)
	Index Scan using sbtest4_pkey on sbtest4  (cost=0.43..83.63 rows=10 width=121)
	  Index Cond: (id = ANY ('{2233430,4371887,7386542,5753999,5011359,1212013,8045398,72451,2814847,5540699}'::integer[]))

table 5 : explain SELECT c FROM sbtest5 WHERE id IN ( 2233430, 4371887, 7386542, 5753999, 5011359, 1212013, 8045398, 72451, 2814847, 5540699)
	Index Scan using sbtest5_pkey on sbtest5  (cost=0.43..83.63 rows=10 width=121)
	  Index Cond: (id = ANY ('{2233430,4371887,7386542,5753999,5011359,1212013,8045398,72451,2814847,5540699}'::integer[]))

table 6 : explain SELECT c FROM sbtest6 WHERE id IN ( 2233430, 4371887, 7386542, 5753999, 5011359, 1212013, 8045398, 72451, 2814847, 5540699)
	Index Scan using sbtest6_pkey on sbtest6  (cost=0.43..83.47 rows=10 width=121)
	  Index Cond: (id = ANY ('{2233430,4371887,7386542,5753999,5011359,1212013,8045398,72451,2814847,5540699}'::integer[]))

table 7 : explain SELECT c FROM sbtest7 WHERE id IN ( 2233430, 4371887, 7386542, 5753999, 5011359, 1212013, 8045398, 72451, 2814847, 5540699)
	Index Scan using sbtest7_pkey on sbtest7  (cost=0.43..83.76 rows=10 width=121)
	  Index Cond: (id = ANY ('{2233430,4371887,7386542,5753999,5011359,1212013,8045398,72451,2814847,5540699}'::integer[]))

table 8 : explain SELECT c FROM sbtest8 WHERE id IN ( 2233430, 4371887, 7386542, 5753999, 5011359, 1212013, 8045398, 72451, 2814847, 5540699)
	Index Scan using sbtest8_pkey on sbtest8  (cost=0.43..83.67 rows=10 width=121)
	  Index Cond: (id = ANY ('{2233430,4371887,7386542,5753999,5011359,1212013,8045398,72451,2814847,5540699}'::integer[]))

explain: for select-inlist :: explain SELECT c FROM sbtest%d WHERE id IN ( 9417923, 612346, 7313170, 5341519, 4307015, 4513148, 7500351, 4614021, 4562581, 7074394)
explain: for select-inlist :: explain SELECT c FROM sbtest%d WHERE id IN ( 1004376, 5051319, 6197836, 7850527, 7098885, 3808403, 8536217, 435958, 5515300, 2294766)
explain: for select-inlist :: explain SELECT c FROM sbtest%d WHERE id IN ( 4507679, 6587290, 6524076, 8989622, 4867695, 9848167, 9156865, 8725861, 8975969, 5738444)
explain: for select-inlist :: explain SELECT c FROM sbtest%d WHERE id IN ( 1359617, 4420579, 3555107, 7444507, 9871203, 7303645, 5308507, 2691001, 1326450, 1641677)explain: for select-inlist :: explain SELECT c FROM sbtest%d WHERE id IN ( 1463985, 5966911, 6000943, 5375887, 7931586, 2493428, 4949441, 4476670, 5275589, 1769295)

explain: for select-inlist :: explain SELECT c FROM sbtest%d WHERE id IN ( 1829718, 1998557, 2631181, 7062177, 7550766, 879363, 5993895, 3743789, 9141540, 5588525)
for select-inlist
table 1 : explain SELECT c FROM sbtest1 WHERE id IN ( 9417923, 612346, 7313170, 5341519, 4307015, 4513148, 7500351, 4614021, 4562581, 7074394)
	Index Scan using sbtest1_pkey on sbtest1  (cost=0.43..83.73 rows=10 width=121)
	  Index Cond: (id = ANY ('{9417923,612346,7313170,5341519,4307015,4513148,7500351,4614021,4562581,7074394}'::integer[]))

table 2 : explain SELECT c FROM sbtest2 WHERE id IN ( 9417923, 612346, 7313170, 5341519, 4307015, 4513148, 7500351, 4614021, 4562581, 7074394)
	Index Scan using sbtest2_pkey on sbtest2  (cost=0.43..83.72 rows=10 width=121)
	  Index Cond: (id = ANY ('{9417923,612346,7313170,5341519,4307015,4513148,7500351,4614021,4562581,7074394}'::integer[]))

table 3 : explain SELECT c FROM sbtest3 WHERE id IN ( 9417923, 612346, 7313170, 5341519, 4307015, 4513148, 7500351, 4614021, 4562581, 7074394)
	Index Scan using sbtest3_pkey on sbtest3  (cost=0.43..83.65 rows=10 width=121)
	  Index Cond: (id = ANY ('{9417923,612346,7313170,5341519,4307015,4513148,7500351,4614021,4562581,7074394}'::integer[]))

table 4 : explain SELECT c FROM sbtest4 WHERE id IN ( 9417923, 612346, 7313170, 5341519, 4307015, 4513148, 7500351, 4614021, 4562581, 7074394)
	Index Scan using sbtest4_pkey on sbtest4  (cost=0.43..83.63 rows=10 width=121)
	  Index Cond: (id = ANY ('{9417923,612346,7313170,5341519,4307015,4513148,7500351,4614021,4562581,7074394}'::integer[]))

table 5 : explain SELECT c FROM sbtest5 WHERE id IN ( 9417923, 612346, 7313170, 5341519, 4307015, 4513148, 7500351, 4614021, 4562581, 7074394)
	Index Scan using sbtest5_pkey on sbtest5  (cost=0.43..83.63 rows=10 width=121)
	  Index Cond: (id = ANY ('{9417923,612346,7313170,5341519,4307015,4513148,7500351,4614021,4562581,7074394}'::integer[]))

table 6 : explain SELECT c FROM sbtest6 WHERE id IN ( 9417923, 612346, 7313170, 5341519, 4307015, 4513148, 7500351, 4614021, 4562581, 7074394)
	Index Scan using sbtest6_pkey on sbtest6  (cost=0.43..83.47 rows=10 width=121)
	  Index Cond: (id = ANY ('{9417923,612346,7313170,5341519,4307015,4513148,7500351,4614021,4562581,7074394}'::integer[]))

table 7 : explain SELECT c FROM sbtest7 WHERE id IN ( 9417923, 612346, 7313170, 5341519, 4307015, 4513148, 7500351, 4614021, 4562581, 7074394)
	Index Scan using sbtest7_pkey on sbtest7  (cost=0.43..83.76 rows=10 width=121)
	  Index Cond: (id = ANY ('{9417923,612346,7313170,5341519,4307015,4513148,7500351,4614021,4562581,7074394}'::integer[]))

table 8 : explain SELECT c FROM sbtest8 WHERE id IN ( 9417923, 612346, 7313170, 5341519, 4307015, 4513148, 7500351, 4614021, 4562581, 7074394)
	Index Scan using sbtest8_pkey on sbtest8  (cost=0.43..83.67 rows=10 width=121)
	  Index Cond: (id = ANY ('{9417923,612346,7313170,5341519,4307015,4513148,7500351,4614021,4562581,7074394}'::integer[]))

for select-inlist
table 1 : explain SELECT c FROM sbtest1 WHERE id IN ( 1004376, 5051319, 6197836, 7850527, 7098885, 3808403, 8536217, 435958, 5515300, 2294766)
	Index Scan using sbtest1_pkey on sbtest1  (cost=0.43..83.73 rows=10 width=121)
	  Index Cond: (id = ANY ('{1004376,5051319,6197836,7850527,7098885,3808403,8536217,435958,5515300,2294766}'::integer[]))

table 2 : explain SELECT c FROM sbtest2 WHERE id IN ( 1004376, 5051319, 6197836, 7850527, 7098885, 3808403, 8536217, 435958, 5515300, 2294766)
	Index Scan using sbtest2_pkey on sbtest2  (cost=0.43..83.72 rows=10 width=121)
	  Index Cond: (id = ANY ('{1004376,5051319,6197836,7850527,7098885,3808403,8536217,435958,5515300,2294766}'::integer[]))

table 3 : explain SELECT c FROM sbtest3 WHERE id IN ( 1004376, 5051319, 6197836, 7850527, 7098885, 3808403, 8536217, 435958, 5515300, 2294766)
	Index Scan using sbtest3_pkey on sbtest3  (cost=0.43..83.65 rows=10 width=121)
	  Index Cond: (id = ANY ('{1004376,5051319,6197836,7850527,7098885,3808403,8536217,435958,5515300,2294766}'::integer[]))

table 4 : explain SELECT c FROM sbtest4 WHERE id IN ( 1004376, 5051319, 6197836, 7850527, 7098885, 3808403, 8536217, 435958, 5515300, 2294766)
	Index Scan using sbtest4_pkey on sbtest4  (cost=0.43..83.63 rows=10 width=121)
	  Index Cond: (id = ANY ('{1004376,5051319,6197836,7850527,7098885,3808403,8536217,435958,5515300,2294766}'::integer[]))

table 5 : explain SELECT c FROM sbtest5 WHERE id IN ( 1004376, 5051319, 6197836, 7850527, 7098885, 3808403, 8536217, 435958, 5515300, 2294766)
	Index Scan using sbtest5_pkey on sbtest5  (cost=0.43..83.63 rows=10 width=121)
	  Index Cond: (id = ANY ('{1004376,5051319,6197836,7850527,7098885,3808403,8536217,435958,5515300,2294766}'::integer[]))

table 6 : explain SELECT c FROM sbtest6 WHERE id IN ( 1004376, 5051319, 6197836, 7850527, 7098885, 3808403, 8536217, 435958, 5515300, 2294766)
	Index Scan using sbtest6_pkey on sbtest6  (cost=0.43..83.47 rows=10 width=121)
	  Index Cond: (id = ANY ('{1004376,5051319,6197836,7850527,7098885,3808403,8536217,435958,5515300,2294766}'::integer[]))

table 7 : explain SELECT c FROM sbtest7 WHERE id IN ( 1004376, 5051319, 6197836, 7850527, 7098885, 3808403, 8536217, 435958, 5515300, 2294766)
	Index Scan using sbtest7_pkey on sbtest7  (cost=0.43..83.76 rows=10 width=121)
	  Index Cond: (id = ANY ('{1004376,5051319,6197836,7850527,7098885,3808403,8536217,435958,5515300,2294766}'::integer[]))

table 8 : explain SELECT c FROM sbtest8 WHERE id IN ( 1004376, 5051319, 6197836, 7850527, 7098885, 3808403, 8536217, 435958, 5515300, 2294766)
	Index Scan using sbtest8_pkey on sbtest8  (cost=0.43..83.67 rows=10 width=121)
	  Index Cond: (id = ANY ('{1004376,5051319,6197836,7850527,7098885,3808403,8536217,435958,5515300,2294766}'::integer[]))

for select-inlist
table 1 : explain SELECT c FROM sbtest1 WHERE id IN ( 4507679, 6587290, 6524076, 8989622, 4867695, 9848167, 9156865, 8725861, 8975969, 5738444)
	Index Scan using sbtest1_pkey on sbtest1  (cost=0.43..83.73 rows=10 width=121)
	  Index Cond: (id = ANY ('{4507679,6587290,6524076,8989622,4867695,9848167,9156865,8725861,8975969,5738444}'::integer[]))

table 2 : explain SELECT c FROM sbtest2 WHERE id IN ( 4507679, 6587290, 6524076, 8989622, 4867695, 9848167, 9156865, 8725861, 8975969, 5738444)
	Index Scan using sbtest2_pkey on sbtest2  (cost=0.43..83.72 rows=10 width=121)
	  Index Cond: (id = ANY ('{4507679,6587290,6524076,8989622,4867695,9848167,9156865,8725861,8975969,5738444}'::integer[]))

table 3 : explain SELECT c FROM sbtest3 WHERE id IN ( 4507679, 6587290, 6524076, 8989622, 4867695, 9848167, 9156865, 8725861, 8975969, 5738444)
	Index Scan using sbtest3_pkey on sbtest3  (cost=0.43..83.65 rows=10 width=121)
	  Index Cond: (id = ANY ('{4507679,6587290,6524076,8989622,4867695,9848167,9156865,8725861,8975969,5738444}'::integer[]))

table 4 : explain SELECT c FROM sbtest4 WHERE id IN ( 4507679, 6587290, 6524076, 8989622, 4867695, 9848167, 9156865, 8725861, 8975969, 5738444)
	Index Scan using sbtest4_pkey on sbtest4  (cost=0.43..83.63 rows=10 width=121)
	  Index Cond: (id = ANY ('{4507679,6587290,6524076,8989622,4867695,9848167,9156865,8725861,8975969,5738444}'::integer[]))

table 5 : explain SELECT c FROM sbtest5 WHERE id IN ( 4507679, 6587290, 6524076, 8989622, 4867695, 9848167, 9156865, 8725861, 8975969, 5738444)
	Index Scan using sbtest5_pkey on sbtest5  (cost=0.43..83.63 rows=10 width=121)
	  Index Cond: (id = ANY ('{4507679,6587290,6524076,8989622,4867695,9848167,9156865,8725861,8975969,5738444}'::integer[]))

table 6 : explain SELECT c FROM sbtest6 WHERE id IN ( 4507679, 6587290, 6524076, 8989622, 4867695, 9848167, 9156865, 8725861, 8975969, 5738444)
	Index Scan using sbtest6_pkey on sbtest6  (cost=0.43..83.47 rows=10 width=121)
	  Index Cond: (id = ANY ('{4507679,6587290,6524076,8989622,4867695,9848167,9156865,8725861,8975969,5738444}'::integer[]))

table 7 : explain SELECT c FROM sbtest7 WHERE id IN ( 4507679, 6587290, 6524076, 8989622, 4867695, 9848167, 9156865, 8725861, 8975969, 5738444)
	Index Scan using sbtest7_pkey on sbtest7  (cost=0.43..83.76 rows=10 width=121)
	  Index Cond: (id = ANY ('{4507679,6587290,6524076,8989622,4867695,9848167,9156865,8725861,8975969,5738444}'::integer[]))

table 8 : explain SELECT c FROM sbtest8 WHERE id IN ( 4507679, 6587290, 6524076, 8989622, 4867695, 9848167, 9156865, 8725861, 8975969, 5738444)
	Index Scan using sbtest8_pkey on sbtest8  (cost=0.43..83.67 rows=10 width=121)
	  Index Cond: (id = ANY ('{4507679,6587290,6524076,8989622,4867695,9848167,9156865,8725861,8975969,5738444}'::integer[]))

for select-inlist
table 1 : explain SELECT c FROM sbtest1 WHERE id IN ( 1463985, 5966911, 6000943, 5375887, 7931586, 2493428, 4949441, 4476670, 5275589, 1769295)
	Index Scan using sbtest1_pkey on sbtest1  (cost=0.43..83.73 rows=10 width=121)
	  Index Cond: (id = ANY ('{1463985,5966911,6000943,5375887,7931586,2493428,4949441,4476670,5275589,1769295}'::integer[]))

table 2 : explain SELECT c FROM sbtest2 WHERE id IN ( 1463985, 5966911, 6000943, 5375887, 7931586, 2493428, 4949441, 4476670, 5275589, 1769295)
	Index Scan using sbtest2_pkey on sbtest2  (cost=0.43..83.72 rows=10 width=121)
	  Index Cond: (id = ANY ('{1463985,5966911,6000943,5375887,7931586,2493428,4949441,4476670,5275589,1769295}'::integer[]))

table 3 : explain SELECT c FROM sbtest3 WHERE id IN ( 1463985, 5966911, 6000943, 5375887, 7931586, 2493428, 4949441, 4476670, 5275589, 1769295)
	Index Scan using sbtest3_pkey on sbtest3  (cost=0.43..83.65 rows=10 width=121)
	  Index Cond: (id = ANY ('{1463985,5966911,6000943,5375887,7931586,2493428,4949441,4476670,5275589,1769295}'::integer[]))

table 4 : explain SELECT c FROM sbtest4 WHERE id IN ( 1463985, 5966911, 6000943, 5375887, 7931586, 2493428, 4949441, 4476670, 5275589, 1769295)
	Index Scan using sbtest4_pkey on sbtest4  (cost=0.43..83.63 rows=10 width=121)
	  Index Cond: (id = ANY ('{1463985,5966911,6000943,5375887,7931586,2493428,4949441,4476670,5275589,1769295}'::integer[]))

table 5 : explain SELECT c FROM sbtest5 WHERE id IN ( 1463985, 5966911, 6000943, 5375887, 7931586, 2493428, 4949441, 4476670, 5275589, 1769295)
	Index Scan using sbtest5_pkey on sbtest5  (cost=0.43..83.63 rows=10 width=121)
	  Index Cond: (id = ANY ('{1463985,5966911,6000943,5375887,7931586,2493428,4949441,4476670,5275589,1769295}'::integer[]))

table 6 : explain SELECT c FROM sbtest6 WHERE id IN ( 1463985, 5966911, 6000943, 5375887, 7931586, 2493428, 4949441, 4476670, 5275589, 1769295)
	Index Scan using sbtest6_pkey on sbtest6  (cost=0.43..83.47 rows=10 width=121)
	  Index Cond: (id = ANY ('{1463985,5966911,6000943,5375887,7931586,2493428,4949441,4476670,5275589,1769295}'::integer[]))

table 7 : explain SELECT c FROM sbtest7 WHERE id IN ( 1463985, 5966911, 6000943, 5375887, 7931586, 2493428, 4949441, 4476670, 5275589, 1769295)
	Index Scan using sbtest7_pkey on sbtest7  (cost=0.43..83.76 rows=10 width=121)
	  Index Cond: (id = ANY ('{1463985,5966911,6000943,5375887,7931586,2493428,4949441,4476670,5275589,1769295}'::integer[]))

table 8 : explain SELECT c FROM sbtest8 WHERE id IN ( 1463985, 5966911, 6000943, 5375887, 7931586, 2493428, 4949441, 4476670, 5275589, 1769295)
	Index Scan using sbtest8_pkey on sbtest8  (cost=0.43..83.67 rows=10 width=121)
	  Index Cond: (id = ANY ('{1463985,5966911,6000943,5375887,7931586,2493428,4949441,4476670,5275589,1769295}'::integer[]))

for select-inlist
table 1 : explain SELECT c FROM sbtest1 WHERE id IN ( 1829718, 1998557, 2631181, 7062177, 7550766, 879363, 5993895, 3743789, 9141540, 5588525)
	Index Scan using sbtest1_pkey on sbtest1  (cost=0.43..83.73 rows=10 width=121)
	  Index Cond: (id = ANY ('{1829718,1998557,2631181,7062177,7550766,879363,5993895,3743789,9141540,5588525}'::integer[]))

table 2 : explain SELECT c FROM sbtest2 WHERE id IN ( 1829718, 1998557, 2631181, 7062177, 7550766, 879363, 5993895, 3743789, 9141540, 5588525)
	Index Scan using sbtest2_pkey on sbtest2  (cost=0.43..83.72 rows=10 width=121)
	  Index Cond: (id = ANY ('{1829718,1998557,2631181,7062177,7550766,879363,5993895,3743789,9141540,5588525}'::integer[]))

table 3 : explain SELECT c FROM sbtest3 WHERE id IN ( 1829718, 1998557, 2631181, 7062177, 7550766, 879363, 5993895, 3743789, 9141540, 5588525)
	Index Scan using sbtest3_pkey on sbtest3  (cost=0.43..83.65 rows=10 width=121)
	  Index Cond: (id = ANY ('{1829718,1998557,2631181,7062177,7550766,879363,5993895,3743789,9141540,5588525}'::integer[]))

table 4 : explain SELECT c FROM sbtest4 WHERE id IN ( 1829718, 1998557, 2631181, 7062177, 7550766, 879363, 5993895, 3743789, 9141540, 5588525)
	Index Scan using sbtest4_pkey on sbtest4  (cost=0.43..83.63 rows=10 width=121)
	  Index Cond: (id = ANY ('{1829718,1998557,2631181,7062177,7550766,879363,5993895,3743789,9141540,5588525}'::integer[]))

table 5 : explain SELECT c FROM sbtest5 WHERE id IN ( 1829718, 1998557, 2631181, 7062177, 7550766, 879363, 5993895, 3743789, 9141540, 5588525)
	Index Scan using sbtest5_pkey on sbtest5  (cost=0.43..83.63 rows=10 width=121)
	  Index Cond: (id = ANY ('{1829718,1998557,2631181,7062177,7550766,879363,5993895,3743789,9141540,5588525}'::integer[]))

table 6 : explain SELECT c FROM sbtest6 WHERE id IN ( 1829718, 1998557, 2631181, 7062177, 7550766, 879363, 5993895, 3743789, 9141540, 5588525)
	Index Scan using sbtest6_pkey on sbtest6  (cost=0.43..83.47 rows=10 width=121)
	  Index Cond: (id = ANY ('{1829718,1998557,2631181,7062177,7550766,879363,5993895,3743789,9141540,5588525}'::integer[]))

table 7 : explain SELECT c FROM sbtest7 WHERE id IN ( 1829718, 1998557, 2631181, 7062177, 7550766, 879363, 5993895, 3743789, 9141540, 5588525)
	Index Scan using sbtest7_pkey on sbtest7  (cost=0.43..83.76 rows=10 width=121)
	  Index Cond: (id = ANY ('{1829718,1998557,2631181,7062177,7550766,879363,5993895,3743789,9141540,5588525}'::integer[]))

table 8 : explain SELECT c FROM sbtest8 WHERE id IN ( 1829718, 1998557, 2631181, 7062177, 7550766, 879363, 5993895, 3743789, 9141540, 5588525)
	Index Scan using sbtest8_pkey on sbtest8  (cost=0.43..83.67 rows=10 width=121)
	  Index Cond: (id = ANY ('{1829718,1998557,2631181,7062177,7550766,879363,5993895,3743789,9141540,5588525}'::integer[]))

for select-inlist
table 1 : explain SELECT c FROM sbtest1 WHERE id IN ( 2750306, 8958933, 7682608, 6134937, 3850147, 1797165, 4020798, 7752992, 5202262, 9952132)
	Index Scan using sbtest1_pkey on sbtest1  (cost=0.43..83.73 rows=10 width=121)
	  Index Cond: (id = ANY ('{2750306,8958933,7682608,6134937,3850147,1797165,4020798,7752992,5202262,9952132}'::integer[]))

table 2 : explain SELECT c FROM sbtest2 WHERE id IN ( 2750306, 8958933, 7682608, 6134937, 3850147, 1797165, 4020798, 7752992, 5202262, 9952132)
	Index Scan using sbtest2_pkey on sbtest2  (cost=0.43..83.72 rows=10 width=121)
	  Index Cond: (id = ANY ('{2750306,8958933,7682608,6134937,3850147,1797165,4020798,7752992,5202262,9952132}'::integer[]))

table 3 : explain SELECT c FROM sbtest3 WHERE id IN ( 2750306, 8958933, 7682608, 6134937, 3850147, 1797165, 4020798, 7752992, 5202262, 9952132)
	Index Scan using sbtest3_pkey on sbtest3  (cost=0.43..83.65 rows=10 width=121)
	  Index Cond: (id = ANY ('{2750306,8958933,7682608,6134937,3850147,1797165,4020798,7752992,5202262,9952132}'::integer[]))

table 4 : explain SELECT c FROM sbtest4 WHERE id IN ( 2750306, 8958933, 7682608, 6134937, 3850147, 1797165, 4020798, 7752992, 5202262, 9952132)
	Index Scan using sbtest4_pkey on sbtest4  (cost=0.43..83.63 rows=10 width=121)
	  Index Cond: (id = ANY ('{2750306,8958933,7682608,6134937,3850147,1797165,4020798,7752992,5202262,9952132}'::integer[]))

table 5 : explain SELECT c FROM sbtest5 WHERE id IN ( 2750306, 8958933, 7682608, 6134937, 3850147, 1797165, 4020798, 7752992, 5202262, 9952132)
	Index Scan using sbtest5_pkey on sbtest5  (cost=0.43..83.63 rows=10 width=121)
	  Index Cond: (id = ANY ('{2750306,8958933,7682608,6134937,3850147,1797165,4020798,7752992,5202262,9952132}'::integer[]))

table 6 : explain SELECT c FROM sbtest6 WHERE id IN ( 2750306, 8958933, 7682608, 6134937, 3850147, 1797165, 4020798, 7752992, 5202262, 9952132)
	Index Scan using sbtest6_pkey on sbtest6  (cost=0.43..83.47 rows=10 width=121)
	  Index Cond: (id = ANY ('{2750306,8958933,7682608,6134937,3850147,1797165,4020798,7752992,5202262,9952132}'::integer[]))

table 7 : explain SELECT c FROM sbtest7 WHERE id IN ( 2750306, 8958933, 7682608, 6134937, 3850147, 1797165, 4020798, 7752992, 5202262, 9952132)
	Index Scan using sbtest7_pkey on sbtest7  (cost=0.43..83.76 rows=10 width=121)
	  Index Cond: (id = ANY ('{2750306,8958933,7682608,6134937,3850147,1797165,4020798,7752992,5202262,9952132}'::integer[]))

table 8 : explain SELECT c FROM sbtest8 WHERE id IN ( 2750306, 8958933, 7682608, 6134937, 3850147, 1797165, 4020798, 7752992, 5202262, 9952132)
	Index Scan using sbtest8_pkey on sbtest8  (cost=0.43..83.67 rows=10 width=121)
	  Index Cond: (id = ANY ('{2750306,8958933,7682608,6134937,3850147,1797165,4020798,7752992,5202262,9952132}'::integer[]))

explain: for select-inlist :: explain SELECT c FROM sbtest%d WHERE id IN ( 1483022, 2264631, 8819887, 1518183, 9253937, 1485784, 7442941, 7716058, 2866487, 3614725)
for select-inlist
table 1 : explain SELECT c FROM sbtest1 WHERE id IN ( 1359617, 4420579, 3555107, 7444507, 9871203, 7303645, 5308507, 2691001, 1326450, 1641677)
	Index Scan using sbtest1_pkey on sbtest1  (cost=0.43..83.73 rows=10 width=121)
	  Index Cond: (id = ANY ('{1359617,4420579,3555107,7444507,9871203,7303645,5308507,2691001,1326450,1641677}'::integer[]))

table 2 : explain SELECT c FROM sbtest2 WHERE id IN ( 1359617, 4420579, 3555107, 7444507, 9871203, 7303645, 5308507, 2691001, 1326450, 1641677)
	Index Scan using sbtest2_pkey on sbtest2  (cost=0.43..83.72 rows=10 width=121)
	  Index Cond: (id = ANY ('{1359617,4420579,3555107,7444507,9871203,7303645,5308507,2691001,1326450,1641677}'::integer[]))

table 3 : explain SELECT c FROM sbtest3 WHERE id IN ( 1359617, 4420579, 3555107, 7444507, 9871203, 7303645, 5308507, 2691001, 1326450, 1641677)
	Index Scan using sbtest3_pkey on sbtest3  (cost=0.43..83.65 rows=10 width=121)
	  Index Cond: (id = ANY ('{1359617,4420579,3555107,7444507,9871203,7303645,5308507,2691001,1326450,1641677}'::integer[]))

table 4 : explain SELECT c FROM sbtest4 WHERE id IN ( 1359617, 4420579, 3555107, 7444507, 9871203, 7303645, 5308507, 2691001, 1326450, 1641677)
	Index Scan using sbtest4_pkey on sbtest4  (cost=0.43..83.63 rows=10 width=121)
	  Index Cond: (id = ANY ('{1359617,4420579,3555107,7444507,9871203,7303645,5308507,2691001,1326450,1641677}'::integer[]))

table 5 : explain SELECT c FROM sbtest5 WHERE id IN ( 1359617, 4420579, 3555107, 7444507, 9871203, 7303645, 5308507, 2691001, 1326450, 1641677)
	Index Scan using sbtest5_pkey on sbtest5  (cost=0.43..83.63 rows=10 width=121)
	  Index Cond: (id = ANY ('{1359617,4420579,3555107,7444507,9871203,7303645,5308507,2691001,1326450,1641677}'::integer[]))

table 6 : explain SELECT c FROM sbtest6 WHERE id IN ( 1359617, 4420579, 3555107, 7444507, 9871203, 7303645, 5308507, 2691001, 1326450, 1641677)
	Index Scan using sbtest6_pkey on sbtest6  (cost=0.43..83.47 rows=10 width=121)
	  Index Cond: (id = ANY ('{1359617,4420579,3555107,7444507,9871203,7303645,5308507,2691001,1326450,1641677}'::integer[]))

table 7 : explain SELECT c FROM sbtest7 WHERE id IN ( 1359617, 4420579, 3555107, 7444507, 9871203, 7303645, 5308507, 2691001, 1326450, 1641677)
	Index Scan using sbtest7_pkey on sbtest7  (cost=0.43..83.76 rows=10 width=121)
	  Index Cond: (id = ANY ('{1359617,4420579,3555107,7444507,9871203,7303645,5308507,2691001,1326450,1641677}'::integer[]))

table 8 : explain SELECT c FROM sbtest8 WHERE id IN ( 1359617, 4420579, 3555107, 7444507, 9871203, 7303645, 5308507, 2691001, 1326450, 1641677)
	Index Scan using sbtest8_pkey on sbtest8  (cost=0.43..83.67 rows=10 width=121)
	  Index Cond: (id = ANY ('{1359617,4420579,3555107,7444507,9871203,7303645,5308507,2691001,1326450,1641677}'::integer[]))

explain: for select-inlist :: explain SELECT c FROM sbtest%d WHERE id IN ( 8665205, 7948129, 5002318, 8867323, 5189752, 2776394, 7093920, 2869945, 1174940, 3277350)
for select-inlist
table 1 : explain SELECT c FROM sbtest1 WHERE id IN ( 1483022, 2264631, 8819887, 1518183, 9253937, 1485784, 7442941, 7716058, 2866487, 3614725)
	Index Scan using sbtest1_pkey on sbtest1  (cost=0.43..83.73 rows=10 width=121)
	  Index Cond: (id = ANY ('{1483022,2264631,8819887,1518183,9253937,1485784,7442941,7716058,2866487,3614725}'::integer[]))

table 2 : explain SELECT c FROM sbtest2 WHERE id IN ( 1483022, 2264631, 8819887, 1518183, 9253937, 1485784, 7442941, 7716058, 2866487, 3614725)
	Index Scan using sbtest2_pkey on sbtest2  (cost=0.43..83.72 rows=10 width=121)
	  Index Cond: (id = ANY ('{1483022,2264631,8819887,1518183,9253937,1485784,7442941,7716058,2866487,3614725}'::integer[]))

table 3 : explain SELECT c FROM sbtest3 WHERE id IN ( 1483022, 2264631, 8819887, 1518183, 9253937, 1485784, 7442941, 7716058, 2866487, 3614725)
	Index Scan using sbtest3_pkey on sbtest3  (cost=0.43..83.65 rows=10 width=121)
	  Index Cond: (id = ANY ('{1483022,2264631,8819887,1518183,9253937,1485784,7442941,7716058,2866487,3614725}'::integer[]))

table 4 : explain SELECT c FROM sbtest4 WHERE id IN ( 1483022, 2264631, 8819887, 1518183, 9253937, 1485784, 7442941, 7716058, 2866487, 3614725)
	Index Scan using sbtest4_pkey on sbtest4  (cost=0.43..83.63 rows=10 width=121)
	  Index Cond: (id = ANY ('{1483022,2264631,8819887,1518183,9253937,1485784,7442941,7716058,2866487,3614725}'::integer[]))

table 5 : explain SELECT c FROM sbtest5 WHERE id IN ( 1483022, 2264631, 8819887, 1518183, 9253937, 1485784, 7442941, 7716058, 2866487, 3614725)
	Index Scan using sbtest5_pkey on sbtest5  (cost=0.43..83.63 rows=10 width=121)
	  Index Cond: (id = ANY ('{1483022,2264631,8819887,1518183,9253937,1485784,7442941,7716058,2866487,3614725}'::integer[]))

table 6 : explain SELECT c FROM sbtest6 WHERE id IN ( 1483022, 2264631, 8819887, 1518183, 9253937, 1485784, 7442941, 7716058, 2866487, 3614725)
	Index Scan using sbtest6_pkey on sbtest6  (cost=0.43..83.47 rows=10 width=121)
	  Index Cond: (id = ANY ('{1483022,2264631,8819887,1518183,9253937,1485784,7442941,7716058,2866487,3614725}'::integer[]))

table 7 : explain SELECT c FROM sbtest7 WHERE id IN ( 1483022, 2264631, 8819887, 1518183, 9253937, 1485784, 7442941, 7716058, 2866487, 3614725)
	Index Scan using sbtest7_pkey on sbtest7  (cost=0.43..83.76 rows=10 width=121)
	  Index Cond: (id = ANY ('{1483022,2264631,8819887,1518183,9253937,1485784,7442941,7716058,2866487,3614725}'::integer[]))

table 8 : explain SELECT c FROM sbtest8 WHERE id IN ( 1483022, 2264631, 8819887, 1518183, 9253937, 1485784, 7442941, 7716058, 2866487, 3614725)
	Index Scan using sbtest8_pkey on sbtest8  (cost=0.43..83.67 rows=10 width=121)
	  Index Cond: (id = ANY ('{1483022,2264631,8819887,1518183,9253937,1485784,7442941,7716058,2866487,3614725}'::integer[]))

explain: for select-inlist :: explain SELECT c FROM sbtest%d WHERE id IN ( 6017262, 1012951, 9396615, 4466325, 6150368, 7276371, 6925793, 4777338, 6979002, 4642354)
explain: for select-inlist :: explain SELECT c FROM sbtest%d WHERE id IN ( 4644220, 7600965, 4005415, 1605410, 3822162, 6553908, 8763800, 6615304, 5529993, 2506977)
for select-inlist
table 1 : explain SELECT c FROM sbtest1 WHERE id IN ( 8665205, 7948129, 5002318, 8867323, 5189752, 2776394, 7093920, 2869945, 1174940, 3277350)
	Index Scan using sbtest1_pkey on sbtest1  (cost=0.43..83.73 rows=10 width=121)
	  Index Cond: (id = ANY ('{8665205,7948129,5002318,8867323,5189752,2776394,7093920,2869945,1174940,3277350}'::integer[]))

table 2 : explain SELECT c FROM sbtest2 WHERE id IN ( 8665205, 7948129, 5002318, 8867323, 5189752, 2776394, 7093920, 2869945, 1174940, 3277350)
	Index Scan using sbtest2_pkey on sbtest2  (cost=0.43..83.72 rows=10 width=121)
	  Index Cond: (id = ANY ('{8665205,7948129,5002318,8867323,5189752,2776394,7093920,2869945,1174940,3277350}'::integer[]))

table 3 : explain SELECT c FROM sbtest3 WHERE id IN ( 8665205, 7948129, 5002318, 8867323, 5189752, 2776394, 7093920, 2869945, 1174940, 3277350)
	Index Scan using sbtest3_pkey on sbtest3  (cost=0.43..83.65 rows=10 width=121)
	  Index Cond: (id = ANY ('{8665205,7948129,5002318,8867323,5189752,2776394,7093920,2869945,1174940,3277350}'::integer[]))

table 4 : explain SELECT c FROM sbtest4 WHERE id IN ( 8665205, 7948129, 5002318, 8867323, 5189752, 2776394, 7093920, 2869945, 1174940, 3277350)
	Index Scan using sbtest4_pkey on sbtest4  (cost=0.43..83.63 rows=10 width=121)
	  Index Cond: (id = ANY ('{8665205,7948129,5002318,8867323,5189752,2776394,7093920,2869945,1174940,3277350}'::integer[]))

table 5 : explain SELECT c FROM sbtest5 WHERE id IN ( 8665205, 7948129, 5002318, 8867323, 5189752, 2776394, 7093920, 2869945, 1174940, 3277350)
	Index Scan using sbtest5_pkey on sbtest5  (cost=0.43..83.63 rows=10 width=121)
	  Index Cond: (id = ANY ('{8665205,7948129,5002318,8867323,5189752,2776394,7093920,2869945,1174940,3277350}'::integer[]))

table 6 : explain SELECT c FROM sbtest6 WHERE id IN ( 8665205, 7948129, 5002318, 8867323, 5189752, 2776394, 7093920, 2869945, 1174940, 3277350)
	Index Scan using sbtest6_pkey on sbtest6  (cost=0.43..83.47 rows=10 width=121)
	  Index Cond: (id = ANY ('{8665205,7948129,5002318,8867323,5189752,2776394,7093920,2869945,1174940,3277350}'::integer[]))

table 7 : explain SELECT c FROM sbtest7 WHERE id IN ( 8665205, 7948129, 5002318, 8867323, 5189752, 2776394, 7093920, 2869945, 1174940, 3277350)
	Index Scan using sbtest7_pkey on sbtest7  (cost=0.43..83.76 rows=10 width=121)
	  Index Cond: (id = ANY ('{8665205,7948129,5002318,8867323,5189752,2776394,7093920,2869945,1174940,3277350}'::integer[]))

table 8 : explain SELECT c FROM sbtest8 WHERE id IN ( 8665205, 7948129, 5002318, 8867323, 5189752, 2776394, 7093920, 2869945, 1174940, 3277350)
	Index Scan using sbtest8_pkey on sbtest8  (cost=0.43..83.67 rows=10 width=121)
	  Index Cond: (id = ANY ('{8665205,7948129,5002318,8867323,5189752,2776394,7093920,2869945,1174940,3277350}'::integer[]))

for select-inlist
table 1 : explain SELECT c FROM sbtest1 WHERE id IN ( 4644220, 7600965, 4005415, 1605410, 3822162, 6553908, 8763800, 6615304, 5529993, 2506977)
	Index Scan using sbtest1_pkey on sbtest1  (cost=0.43..83.73 rows=10 width=121)
	  Index Cond: (id = ANY ('{4644220,7600965,4005415,1605410,3822162,6553908,8763800,6615304,5529993,2506977}'::integer[]))

table 2 : explain SELECT c FROM sbtest2 WHERE id IN ( 4644220, 7600965, 4005415, 1605410, 3822162, 6553908, 8763800, 6615304, 5529993, 2506977)
	Index Scan using sbtest2_pkey on sbtest2  (cost=0.43..83.72 rows=10 width=121)
	  Index Cond: (id = ANY ('{4644220,7600965,4005415,1605410,3822162,6553908,8763800,6615304,5529993,2506977}'::integer[]))

table 3 : explain SELECT c FROM sbtest3 WHERE id IN ( 4644220, 7600965, 4005415, 1605410, 3822162, 6553908, 8763800, 6615304, 5529993, 2506977)
	Index Scan using sbtest3_pkey on sbtest3  (cost=0.43..83.65 rows=10 width=121)
	  Index Cond: (id = ANY ('{4644220,7600965,4005415,1605410,3822162,6553908,8763800,6615304,5529993,2506977}'::integer[]))

table 4 : explain SELECT c FROM sbtest4 WHERE id IN ( 4644220, 7600965, 4005415, 1605410, 3822162, 6553908, 8763800, 6615304, 5529993, 2506977)
	Index Scan using sbtest4_pkey on sbtest4  (cost=0.43..83.63 rows=10 width=121)
	  Index Cond: (id = ANY ('{4644220,7600965,4005415,1605410,3822162,6553908,8763800,6615304,5529993,2506977}'::integer[]))

table 5 : explain SELECT c FROM sbtest5 WHERE id IN ( 4644220, 7600965, 4005415, 1605410, 3822162, 6553908, 8763800, 6615304, 5529993, 2506977)
	Index Scan using sbtest5_pkey on sbtest5  (cost=0.43..83.63 rows=10 width=121)
	  Index Cond: (id = ANY ('{4644220,7600965,4005415,1605410,3822162,6553908,8763800,6615304,5529993,2506977}'::integer[]))

table 6 : explain SELECT c FROM sbtest6 WHERE id IN ( 4644220, 7600965, 4005415, 1605410, 3822162, 6553908, 8763800, 6615304, 5529993, 2506977)
	Index Scan using sbtest6_pkey on sbtest6  (cost=0.43..83.47 rows=10 width=121)
	  Index Cond: (id = ANY ('{4644220,7600965,4005415,1605410,3822162,6553908,8763800,6615304,5529993,2506977}'::integer[]))

table 7 : explain SELECT c FROM sbtest7 WHERE id IN ( 4644220, 7600965, 4005415, 1605410, 3822162, 6553908, 8763800, 6615304, 5529993, 2506977)
	Index Scan using sbtest7_pkey on sbtest7  (cost=0.43..83.76 rows=10 width=121)
	  Index Cond: (id = ANY ('{4644220,7600965,4005415,1605410,3822162,6553908,8763800,6615304,5529993,2506977}'::integer[]))

table 8 : explain SELECT c FROM sbtest8 WHERE id IN ( 4644220, 7600965, 4005415, 1605410, 3822162, 6553908, 8763800, 6615304, 5529993, 2506977)
	Index Scan using sbtest8_pkey on sbtest8  (cost=0.43..83.67 rows=10 width=121)
	  Index Cond: (id = ANY ('{4644220,7600965,4005415,1605410,3822162,6553908,8763800,6615304,5529993,2506977}'::integer[]))

for select-inlist
table 1 : explain SELECT c FROM sbtest1 WHERE id IN ( 6017262, 1012951, 9396615, 4466325, 6150368, 7276371, 6925793, 4777338, 6979002, 4642354)
	Index Scan using sbtest1_pkey on sbtest1  (cost=0.43..83.73 rows=10 width=121)
	  Index Cond: (id = ANY ('{6017262,1012951,9396615,4466325,6150368,7276371,6925793,4777338,6979002,4642354}'::integer[]))

table 2 : explain SELECT c FROM sbtest2 WHERE id IN ( 6017262, 1012951, 9396615, 4466325, 6150368, 7276371, 6925793, 4777338, 6979002, 4642354)
	Index Scan using sbtest2_pkey on sbtest2  (cost=0.43..83.72 rows=10 width=121)
	  Index Cond: (id = ANY ('{6017262,1012951,9396615,4466325,6150368,7276371,6925793,4777338,6979002,4642354}'::integer[]))

table 3 : explain SELECT c FROM sbtest3 WHERE id IN ( 6017262, 1012951, 9396615, 4466325, 6150368, 7276371, 6925793, 4777338, 6979002, 4642354)
	Index Scan using sbtest3_pkey on sbtest3  (cost=0.43..83.65 rows=10 width=121)
	  Index Cond: (id = ANY ('{6017262,1012951,9396615,4466325,6150368,7276371,6925793,4777338,6979002,4642354}'::integer[]))

table 4 : explain SELECT c FROM sbtest4 WHERE id IN ( 6017262, 1012951, 9396615, 4466325, 6150368, 7276371, 6925793, 4777338, 6979002, 4642354)
	Index Scan using sbtest4_pkey on sbtest4  (cost=0.43..83.63 rows=10 width=121)
	  Index Cond: (id = ANY ('{6017262,1012951,9396615,4466325,6150368,7276371,6925793,4777338,6979002,4642354}'::integer[]))

table 5 : explain SELECT c FROM sbtest5 WHERE id IN ( 6017262, 1012951, 9396615, 4466325, 6150368, 7276371, 6925793, 4777338, 6979002, 4642354)
	Index Scan using sbtest5_pkey on sbtest5  (cost=0.43..83.63 rows=10 width=121)
	  Index Cond: (id = ANY ('{6017262,1012951,9396615,4466325,6150368,7276371,6925793,4777338,6979002,4642354}'::integer[]))

table 6 : explain SELECT c FROM sbtest6 WHERE id IN ( 6017262, 1012951, 9396615, 4466325, 6150368, 7276371, 6925793, 4777338, 6979002, 4642354)
	Index Scan using sbtest6_pkey on sbtest6  (cost=0.43..83.47 rows=10 width=121)
	  Index Cond: (id = ANY ('{6017262,1012951,9396615,4466325,6150368,7276371,6925793,4777338,6979002,4642354}'::integer[]))

table 7 : explain SELECT c FROM sbtest7 WHERE id IN ( 6017262, 1012951, 9396615, 4466325, 6150368, 7276371, 6925793, 4777338, 6979002, 4642354)
	Index Scan using sbtest7_pkey on sbtest7  (cost=0.43..83.76 rows=10 width=121)
	  Index Cond: (id = ANY ('{6017262,1012951,9396615,4466325,6150368,7276371,6925793,4777338,6979002,4642354}'::integer[]))

table 8 : explain SELECT c FROM sbtest8 WHERE id IN ( 6017262, 1012951, 9396615, 4466325, 6150368, 7276371, 6925793, 4777338, 6979002, 4642354)
	Index Scan using sbtest8_pkey on sbtest8  (cost=0.43..83.67 rows=10 width=121)
	  Index Cond: (id = ANY ('{6017262,1012951,9396615,4466325,6150368,7276371,6925793,4777338,6979002,4642354}'::integer[]))

explain: for select-inlist :: explain SELECT c FROM sbtest%d WHERE id IN ( 8857930, 288046, 3183353, 445128, 4917173, 5550678, 6655263, 7406430, 1723128, 849692)
explain: for select-inlist :: explain SELECT c FROM sbtest%d WHERE id IN ( 8799826, 1417366, 4888557, 768601, 5469321, 3684608, 1523575, 8226624, 1149792, 1192599)
explain: for select-inlist :: explain SELECT c FROM sbtest%d WHERE id IN ( 5991599, 9106356, 2618191, 453153, 5625219, 7373677, 3315795, 5502814, 946337, 7914889)
explain: for select-inlist :: explain SELECT c FROM sbtest%d WHERE id IN ( 7846062, 9631912, 1177826, 6852024, 1230723, 8166456, 2139389, 4067949, 6176253, 8977879)
explain: for select-inlist :: explain SELECT c FROM sbtest%d WHERE id IN ( 397143, 564492, 4312037, 9996733, 4103153, 294245, 3220984, 9076272, 5566071, 9346686)
for select-inlist
table 1 : explain SELECT c FROM sbtest1 WHERE id IN ( 8857930, 288046, 3183353, 445128, 4917173, 5550678, 6655263, 7406430, 1723128, 849692)
	Index Scan using sbtest1_pkey on sbtest1  (cost=0.43..83.73 rows=10 width=121)
	  Index Cond: (id = ANY ('{8857930,288046,3183353,445128,4917173,5550678,6655263,7406430,1723128,849692}'::integer[]))

table 2 : explain SELECT c FROM sbtest2 WHERE id IN ( 8857930, 288046, 3183353, 445128, 4917173, 5550678, 6655263, 7406430, 1723128, 849692)
	Index Scan using sbtest2_pkey on sbtest2  (cost=0.43..83.72 rows=10 width=121)
	  Index Cond: (id = ANY ('{8857930,288046,3183353,445128,4917173,5550678,6655263,7406430,1723128,849692}'::integer[]))

table 3 : explain SELECT c FROM sbtest3 WHERE id IN ( 8857930, 288046, 3183353, 445128, 4917173, 5550678, 6655263, 7406430, 1723128, 849692)
	Index Scan using sbtest3_pkey on sbtest3  (cost=0.43..83.65 rows=10 width=121)
	  Index Cond: (id = ANY ('{8857930,288046,3183353,445128,4917173,5550678,6655263,7406430,1723128,849692}'::integer[]))

table 4 : explain SELECT c FROM sbtest4 WHERE id IN ( 8857930, 288046, 3183353, 445128, 4917173, 5550678, 6655263, 7406430, 1723128, 849692)
	Index Scan using sbtest4_pkey on sbtest4  (cost=0.43..83.63 rows=10 width=121)
	  Index Cond: (id = ANY ('{8857930,288046,3183353,445128,4917173,5550678,6655263,7406430,1723128,849692}'::integer[]))

table 5 : explain SELECT c FROM sbtest5 WHERE id IN ( 8857930, 288046, 3183353, 445128, 4917173, 5550678, 6655263, 7406430, 1723128, 849692)
	Index Scan using sbtest5_pkey on sbtest5  (cost=0.43..83.63 rows=10 width=121)
	  Index Cond: (id = ANY ('{8857930,288046,3183353,445128,4917173,5550678,6655263,7406430,1723128,849692}'::integer[]))

table 6 : explain SELECT c FROM sbtest6 WHERE id IN ( 8857930, 288046, 3183353, 445128, 4917173, 5550678, 6655263, 7406430, 1723128, 849692)
	Index Scan using sbtest6_pkey on sbtest6  (cost=0.43..83.47 rows=10 width=121)
	  Index Cond: (id = ANY ('{8857930,288046,3183353,445128,4917173,5550678,6655263,7406430,1723128,849692}'::integer[]))

table 7 : explain SELECT c FROM sbtest7 WHERE id IN ( 8857930, 288046, 3183353, 445128, 4917173, 5550678, 6655263, 7406430, 1723128, 849692)
	Index Scan using sbtest7_pkey on sbtest7  (cost=0.43..83.76 rows=10 width=121)
	  Index Cond: (id = ANY ('{8857930,288046,3183353,445128,4917173,5550678,6655263,7406430,1723128,849692}'::integer[]))

table 8 : explain SELECT c FROM sbtest8 WHERE id IN ( 8857930, 288046, 3183353, 445128, 4917173, 5550678, 6655263, 7406430, 1723128, 849692)
	Index Scan using sbtest8_pkey on sbtest8  (cost=0.43..83.67 rows=10 width=121)
	  Index Cond: (id = ANY ('{8857930,288046,3183353,445128,4917173,5550678,6655263,7406430,1723128,849692}'::integer[]))

for select-inlist
table 1 : explain SELECT c FROM sbtest1 WHERE id IN ( 8799826, 1417366, 4888557, 768601, 5469321, 3684608, 1523575, 8226624, 1149792, 1192599)
	Index Scan using sbtest1_pkey on sbtest1  (cost=0.43..83.73 rows=10 width=121)
	  Index Cond: (id = ANY ('{8799826,1417366,4888557,768601,5469321,3684608,1523575,8226624,1149792,1192599}'::integer[]))

table 2 : explain SELECT c FROM sbtest2 WHERE id IN ( 8799826, 1417366, 4888557, 768601, 5469321, 3684608, 1523575, 8226624, 1149792, 1192599)
	Index Scan using sbtest2_pkey on sbtest2  (cost=0.43..83.72 rows=10 width=121)
	  Index Cond: (id = ANY ('{8799826,1417366,4888557,768601,5469321,3684608,1523575,8226624,1149792,1192599}'::integer[]))

table 3 : explain SELECT c FROM sbtest3 WHERE id IN ( 8799826, 1417366, 4888557, 768601, 5469321, 3684608, 1523575, 8226624, 1149792, 1192599)
	Index Scan using sbtest3_pkey on sbtest3  (cost=0.43..83.65 rows=10 width=121)
	  Index Cond: (id = ANY ('{8799826,1417366,4888557,768601,5469321,3684608,1523575,8226624,1149792,1192599}'::integer[]))

table 4 : explain SELECT c FROM sbtest4 WHERE id IN ( 8799826, 1417366, 4888557, 768601, 5469321, 3684608, 1523575, 8226624, 1149792, 1192599)
	Index Scan using sbtest4_pkey on sbtest4  (cost=0.43..83.63 rows=10 width=121)
	  Index Cond: (id = ANY ('{8799826,1417366,4888557,768601,5469321,3684608,1523575,8226624,1149792,1192599}'::integer[]))

table 5 : explain SELECT c FROM sbtest5 WHERE id IN ( 8799826, 1417366, 4888557, 768601, 5469321, 3684608, 1523575, 8226624, 1149792, 1192599)
	Index Scan using sbtest5_pkey on sbtest5  (cost=0.43..83.63 rows=10 width=121)
	  Index Cond: (id = ANY ('{8799826,1417366,4888557,768601,5469321,3684608,1523575,8226624,1149792,1192599}'::integer[]))

table 6 : explain SELECT c FROM sbtest6 WHERE id IN ( 8799826, 1417366, 4888557, 768601, 5469321, 3684608, 1523575, 8226624, 1149792, 1192599)
	Index Scan using sbtest6_pkey on sbtest6  (cost=0.43..83.47 rows=10 width=121)
	  Index Cond: (id = ANY ('{8799826,1417366,4888557,768601,5469321,3684608,1523575,8226624,1149792,1192599}'::integer[]))

table 7 : explain SELECT c FROM sbtest7 WHERE id IN ( 8799826, 1417366, 4888557, 768601, 5469321, 3684608, 1523575, 8226624, 1149792, 1192599)
	Index Scan using sbtest7_pkey on sbtest7  (cost=0.43..83.76 rows=10 width=121)
	  Index Cond: (id = ANY ('{8799826,1417366,4888557,768601,5469321,3684608,1523575,8226624,1149792,1192599}'::integer[]))

table 8 : explain SELECT c FROM sbtest8 WHERE id IN ( 8799826, 1417366, 4888557, 768601, 5469321, 3684608, 1523575, 8226624, 1149792, 1192599)
	Index Scan using sbtest8_pkey on sbtest8  (cost=0.43..83.67 rows=10 width=121)
	  Index Cond: (id = ANY ('{8799826,1417366,4888557,768601,5469321,3684608,1523575,8226624,1149792,1192599}'::integer[]))

explain: for select-inlist :: explain SELECT c FROM sbtest%d WHERE id IN ( 8118861, 6137076, 9764552, 2923388, 7177488, 3006359, 7341766, 3134879, 5750622, 4946973)
for select-inlist
table 1 : explain SELECT c FROM sbtest1 WHERE id IN ( 5991599, 9106356, 2618191, 453153, 5625219, 7373677, 3315795, 5502814, 946337, 7914889)
	Index Scan using sbtest1_pkey on sbtest1  (cost=0.43..83.73 rows=10 width=121)
	  Index Cond: (id = ANY ('{5991599,9106356,2618191,453153,5625219,7373677,3315795,5502814,946337,7914889}'::integer[]))

table 2 : explain SELECT c FROM sbtest2 WHERE id IN ( 5991599, 9106356, 2618191, 453153, 5625219, 7373677, 3315795, 5502814, 946337, 7914889)
	Index Scan using sbtest2_pkey on sbtest2  (cost=0.43..83.72 rows=10 width=121)
	  Index Cond: (id = ANY ('{5991599,9106356,2618191,453153,5625219,7373677,3315795,5502814,946337,7914889}'::integer[]))

table 3 : explain SELECT c FROM sbtest3 WHERE id IN ( 5991599, 9106356, 2618191, 453153, 5625219, 7373677, 3315795, 5502814, 946337, 7914889)
	Index Scan using sbtest3_pkey on sbtest3  (cost=0.43..83.65 rows=10 width=121)
	  Index Cond: (id = ANY ('{5991599,9106356,2618191,453153,5625219,7373677,3315795,5502814,946337,7914889}'::integer[]))

table 4 : explain SELECT c FROM sbtest4 WHERE id IN ( 5991599, 9106356, 2618191, 453153, 5625219, 7373677, 3315795, 5502814, 946337, 7914889)
	Index Scan using sbtest4_pkey on sbtest4  (cost=0.43..83.63 rows=10 width=121)
	  Index Cond: (id = ANY ('{5991599,9106356,2618191,453153,5625219,7373677,3315795,5502814,946337,7914889}'::integer[]))

table 5 : explain SELECT c FROM sbtest5 WHERE id IN ( 5991599, 9106356, 2618191, 453153, 5625219, 7373677, 3315795, 5502814, 946337, 7914889)
	Index Scan using sbtest5_pkey on sbtest5  (cost=0.43..83.63 rows=10 width=121)
	  Index Cond: (id = ANY ('{5991599,9106356,2618191,453153,5625219,7373677,3315795,5502814,946337,7914889}'::integer[]))

table 6 : explain SELECT c FROM sbtest6 WHERE id IN ( 5991599, 9106356, 2618191, 453153, 5625219, 7373677, 3315795, 5502814, 946337, 7914889)
	Index Scan using sbtest6_pkey on sbtest6  (cost=0.43..83.47 rows=10 width=121)
	  Index Cond: (id = ANY ('{5991599,9106356,2618191,453153,5625219,7373677,3315795,5502814,946337,7914889}'::integer[]))

table 7 : explain SELECT c FROM sbtest7 WHERE id IN ( 5991599, 9106356, 2618191, 453153, 5625219, 7373677, 3315795, 5502814, 946337, 7914889)
	Index Scan using sbtest7_pkey on sbtest7  (cost=0.43..83.76 rows=10 width=121)
	  Index Cond: (id = ANY ('{5991599,9106356,2618191,453153,5625219,7373677,3315795,5502814,946337,7914889}'::integer[]))

table 8 : explain SELECT c FROM sbtest8 WHERE id IN ( 5991599, 9106356, 2618191, 453153, 5625219, 7373677, 3315795, 5502814, 946337, 7914889)
	Index Scan using sbtest8_pkey on sbtest8  (cost=0.43..83.67 rows=10 width=121)
	  Index Cond: (id = ANY ('{5991599,9106356,2618191,453153,5625219,7373677,3315795,5502814,946337,7914889}'::integer[]))

explain: for select-inlist :: explain SELECT c FROM sbtest%d WHERE id IN ( 7986734, 7434449, 9442364, 8574100, 4155926, 9543031, 4543291, 383634, 4505232, 6981233)
explain: for select-inlist :: explain SELECT c FROM sbtest%d WHERE id IN ( 2013625, 758345, 440318, 4918057, 9292847, 7402612, 8597215, 3723144, 9049282, 535733)
explain: for select-inlist :: explain SELECT c FROM sbtest%d WHERE id IN ( 7753902, 2086785, 9515903, 9509585, 3359109, 6408406, 9412727, 2037632, 3546403, 5004713)
for select-inlist
table 1 : explain SELECT c FROM sbtest1 WHERE id IN ( 397143, 564492, 4312037, 9996733, 4103153, 294245, 3220984, 9076272, 5566071, 9346686)
	Index Scan using sbtest1_pkey on sbtest1  (cost=0.43..83.73 rows=10 width=121)
	  Index Cond: (id = ANY ('{397143,564492,4312037,9996733,4103153,294245,3220984,9076272,5566071,9346686}'::integer[]))

table 2 : explain SELECT c FROM sbtest2 WHERE id IN ( 397143, 564492, 4312037, 9996733, 4103153, 294245, 3220984, 9076272, 5566071, 9346686)
	Index Scan using sbtest2_pkey on sbtest2  (cost=0.43..83.72 rows=10 width=121)
	  Index Cond: (id = ANY ('{397143,564492,4312037,9996733,4103153,294245,3220984,9076272,5566071,9346686}'::integer[]))

table 3 : explain SELECT c FROM sbtest3 WHERE id IN ( 397143, 564492, 4312037, 9996733, 4103153, 294245, 3220984, 9076272, 5566071, 9346686)
	Index Scan using sbtest3_pkey on sbtest3  (cost=0.43..83.65 rows=10 width=121)
	  Index Cond: (id = ANY ('{397143,564492,4312037,9996733,4103153,294245,3220984,9076272,5566071,9346686}'::integer[]))

table 4 : explain SELECT c FROM sbtest4 WHERE id IN ( 397143, 564492, 4312037, 9996733, 4103153, 294245, 3220984, 9076272, 5566071, 9346686)
	Index Scan using sbtest4_pkey on sbtest4  (cost=0.43..83.63 rows=10 width=121)
	  Index Cond: (id = ANY ('{397143,564492,4312037,9996733,4103153,294245,3220984,9076272,5566071,9346686}'::integer[]))

table 5 : explain SELECT c FROM sbtest5 WHERE id IN ( 397143, 564492, 4312037, 9996733, 4103153, 294245, 3220984, 9076272, 5566071, 9346686)
	Index Scan using sbtest5_pkey on sbtest5  (cost=0.43..83.63 rows=10 width=121)
	  Index Cond: (id = ANY ('{397143,564492,4312037,9996733,4103153,294245,3220984,9076272,5566071,9346686}'::integer[]))

table 6 : explain SELECT c FROM sbtest6 WHERE id IN ( 397143, 564492, 4312037, 9996733, 4103153, 294245, 3220984, 9076272, 5566071, 9346686)
	Index Scan using sbtest6_pkey on sbtest6  (cost=0.43..83.47 rows=10 width=121)
	  Index Cond: (id = ANY ('{397143,564492,4312037,9996733,4103153,294245,3220984,9076272,5566071,9346686}'::integer[]))

table 7 : explain SELECT c FROM sbtest7 WHERE id IN ( 397143, 564492, 4312037, 9996733, 4103153, 294245, 3220984, 9076272, 5566071, 9346686)
	Index Scan using sbtest7_pkey on sbtest7  (cost=0.43..83.76 rows=10 width=121)
	  Index Cond: (id = ANY ('{397143,564492,4312037,9996733,4103153,294245,3220984,9076272,5566071,9346686}'::integer[]))

table 8 : explain SELECT c FROM sbtest8 WHERE id IN ( 397143, 564492, 4312037, 9996733, 4103153, 294245, 3220984, 9076272, 5566071, 9346686)
	Index Scan using sbtest8_pkey on sbtest8  (cost=0.43..83.67 rows=10 width=121)
	  Index Cond: (id = ANY ('{397143,564492,4312037,9996733,4103153,294245,3220984,9076272,5566071,9346686}'::integer[]))

for select-inlist
table 1 : explain SELECT c FROM sbtest1 WHERE id IN ( 7846062, 9631912, 1177826, 6852024, 1230723, 8166456, 2139389, 4067949, 6176253, 8977879)
	Index Scan using sbtest1_pkey on sbtest1  (cost=0.43..83.73 rows=10 width=121)
	  Index Cond: (id = ANY ('{7846062,9631912,1177826,6852024,1230723,8166456,2139389,4067949,6176253,8977879}'::integer[]))

table 2 : explain SELECT c FROM sbtest2 WHERE id IN ( 7846062, 9631912, 1177826, 6852024, 1230723, 8166456, 2139389, 4067949, 6176253, 8977879)
	Index Scan using sbtest2_pkey on sbtest2  (cost=0.43..83.72 rows=10 width=121)
	  Index Cond: (id = ANY ('{7846062,9631912,1177826,6852024,1230723,8166456,2139389,4067949,6176253,8977879}'::integer[]))

table 3 : explain SELECT c FROM sbtest3 WHERE id IN ( 7846062, 9631912, 1177826, 6852024, 1230723, 8166456, 2139389, 4067949, 6176253, 8977879)
	Index Scan using sbtest3_pkey on sbtest3  (cost=0.43..83.65 rows=10 width=121)
	  Index Cond: (id = ANY ('{7846062,9631912,1177826,6852024,1230723,8166456,2139389,4067949,6176253,8977879}'::integer[]))

table 4 : explain SELECT c FROM sbtest4 WHERE id IN ( 7846062, 9631912, 1177826, 6852024, 1230723, 8166456, 2139389, 4067949, 6176253, 8977879)
	Index Scan using sbtest4_pkey on sbtest4  (cost=0.43..83.63 rows=10 width=121)
	  Index Cond: (id = ANY ('{7846062,9631912,1177826,6852024,1230723,8166456,2139389,4067949,6176253,8977879}'::integer[]))

table 5 : explain SELECT c FROM sbtest5 WHERE id IN ( 7846062, 9631912, 1177826, 6852024, 1230723, 8166456, 2139389, 4067949, 6176253, 8977879)
	Index Scan using sbtest5_pkey on sbtest5  (cost=0.43..83.63 rows=10 width=121)
	  Index Cond: (id = ANY ('{7846062,9631912,1177826,6852024,1230723,8166456,2139389,4067949,6176253,8977879}'::integer[]))

table 6 : explain SELECT c FROM sbtest6 WHERE id IN ( 7846062, 9631912, 1177826, 6852024, 1230723, 8166456, 2139389, 4067949, 6176253, 8977879)
	Index Scan using sbtest6_pkey on sbtest6  (cost=0.43..83.47 rows=10 width=121)
	  Index Cond: (id = ANY ('{7846062,9631912,1177826,6852024,1230723,8166456,2139389,4067949,6176253,8977879}'::integer[]))

table 7 : explain SELECT c FROM sbtest7 WHERE id IN ( 7846062, 9631912, 1177826, 6852024, 1230723, 8166456, 2139389, 4067949, 6176253, 8977879)
	Index Scan using sbtest7_pkey on sbtest7  (cost=0.43..83.76 rows=10 width=121)
	  Index Cond: (id = ANY ('{7846062,9631912,1177826,6852024,1230723,8166456,2139389,4067949,6176253,8977879}'::integer[]))

table 8 : explain SELECT c FROM sbtest8 WHERE id IN ( 7846062, 9631912, 1177826, 6852024, 1230723, 8166456, 2139389, 4067949, 6176253, 8977879)
	Index Scan using sbtest8_pkey on sbtest8  (cost=0.43..83.67 rows=10 width=121)
	  Index Cond: (id = ANY ('{7846062,9631912,1177826,6852024,1230723,8166456,2139389,4067949,6176253,8977879}'::integer[]))

for select-inlist
table 1 : explain SELECT c FROM sbtest1 WHERE id IN ( 8118861, 6137076, 9764552, 2923388, 7177488, 3006359, 7341766, 3134879, 5750622, 4946973)
	Index Scan using sbtest1_pkey on sbtest1  (cost=0.43..83.73 rows=10 width=121)
	  Index Cond: (id = ANY ('{8118861,6137076,9764552,2923388,7177488,3006359,7341766,3134879,5750622,4946973}'::integer[]))

table 2 : explain SELECT c FROM sbtest2 WHERE id IN ( 8118861, 6137076, 9764552, 2923388, 7177488, 3006359, 7341766, 3134879, 5750622, 4946973)
	Index Scan using sbtest2_pkey on sbtest2  (cost=0.43..83.72 rows=10 width=121)
	  Index Cond: (id = ANY ('{8118861,6137076,9764552,2923388,7177488,3006359,7341766,3134879,5750622,4946973}'::integer[]))

table 3 : explain SELECT c FROM sbtest3 WHERE id IN ( 8118861, 6137076, 9764552, 2923388, 7177488, 3006359, 7341766, 3134879, 5750622, 4946973)
	Index Scan using sbtest3_pkey on sbtest3  (cost=0.43..83.65 rows=10 width=121)
	  Index Cond: (id = ANY ('{8118861,6137076,9764552,2923388,7177488,3006359,7341766,3134879,5750622,4946973}'::integer[]))

table 4 : explain SELECT c FROM sbtest4 WHERE id IN ( 8118861, 6137076, 9764552, 2923388, 7177488, 3006359, 7341766, 3134879, 5750622, 4946973)
	Index Scan using sbtest4_pkey on sbtest4  (cost=0.43..83.63 rows=10 width=121)
	  Index Cond: (id = ANY ('{8118861,6137076,9764552,2923388,7177488,3006359,7341766,3134879,5750622,4946973}'::integer[]))

table 5 : explain SELECT c FROM sbtest5 WHERE id IN ( 8118861, 6137076, 9764552, 2923388, 7177488, 3006359, 7341766, 3134879, 5750622, 4946973)
	Index Scan using sbtest5_pkey on sbtest5  (cost=0.43..83.63 rows=10 width=121)
	  Index Cond: (id = ANY ('{8118861,6137076,9764552,2923388,7177488,3006359,7341766,3134879,5750622,4946973}'::integer[]))

table 6 : explain SELECT c FROM sbtest6 WHERE id IN ( 8118861, 6137076, 9764552, 2923388, 7177488, 3006359, 7341766, 3134879, 5750622, 4946973)
	Index Scan using sbtest6_pkey on sbtest6  (cost=0.43..83.47 rows=10 width=121)
	  Index Cond: (id = ANY ('{8118861,6137076,9764552,2923388,7177488,3006359,7341766,3134879,5750622,4946973}'::integer[]))

table 7 : explain SELECT c FROM sbtest7 WHERE id IN ( 8118861, 6137076, 9764552, 2923388, 7177488, 3006359, 7341766, 3134879, 5750622, 4946973)
	Index Scan using sbtest7_pkey on sbtest7  (cost=0.43..83.76 rows=10 width=121)
	  Index Cond: (id = ANY ('{8118861,6137076,9764552,2923388,7177488,3006359,7341766,3134879,5750622,4946973}'::integer[]))

table 8 : explain SELECT c FROM sbtest8 WHERE id IN ( 8118861, 6137076, 9764552, 2923388, 7177488, 3006359, 7341766, 3134879, 5750622, 4946973)
	Index Scan using sbtest8_pkey on sbtest8  (cost=0.43..83.67 rows=10 width=121)
	  Index Cond: (id = ANY ('{8118861,6137076,9764552,2923388,7177488,3006359,7341766,3134879,5750622,4946973}'::integer[]))

explain: for select-inlist :: explain SELECT c FROM sbtest%d WHERE id IN ( 3214494, 483853, 6057650, 2020648, 9005303, 5972755, 1298397, 2028467, 2351735, 8084690)
explain: for select-inlist :: explain SELECT c FROM sbtest%d WHERE id IN ( 4673024, 53644, 6673551, 8408841, 1975235, 3614257, 8295843, 2994907, 8148480, 6542991)
for select-inlist
table 1 : explain SELECT c FROM sbtest1 WHERE id IN ( 7986734, 7434449, 9442364, 8574100, 4155926, 9543031, 4543291, 383634, 4505232, 6981233)
	Index Scan using sbtest1_pkey on sbtest1  (cost=0.43..83.73 rows=10 width=121)
	  Index Cond: (id = ANY ('{7986734,7434449,9442364,8574100,4155926,9543031,4543291,383634,4505232,6981233}'::integer[]))

table 2 : explain SELECT c FROM sbtest2 WHERE id IN ( 7986734, 7434449, 9442364, 8574100, 4155926, 9543031, 4543291, 383634, 4505232, 6981233)
	Index Scan using sbtest2_pkey on sbtest2  (cost=0.43..83.72 rows=10 width=121)
	  Index Cond: (id = ANY ('{7986734,7434449,9442364,8574100,4155926,9543031,4543291,383634,4505232,6981233}'::integer[]))

table 3 : explain SELECT c FROM sbtest3 WHERE id IN ( 7986734, 7434449, 9442364, 8574100, 4155926, 9543031, 4543291, 383634, 4505232, 6981233)
	Index Scan using sbtest3_pkey on sbtest3  (cost=0.43..83.65 rows=10 width=121)
	  Index Cond: (id = ANY ('{7986734,7434449,9442364,8574100,4155926,9543031,4543291,383634,4505232,6981233}'::integer[]))

table 4 : explain SELECT c FROM sbtest4 WHERE id IN ( 7986734, 7434449, 9442364, 8574100, 4155926, 9543031, 4543291, 383634, 4505232, 6981233)
	Index Scan using sbtest4_pkey on sbtest4  (cost=0.43..83.63 rows=10 width=121)
	  Index Cond: (id = ANY ('{7986734,7434449,9442364,8574100,4155926,9543031,4543291,383634,4505232,6981233}'::integer[]))

table 5 : explain SELECT c FROM sbtest5 WHERE id IN ( 7986734, 7434449, 9442364, 8574100, 4155926, 9543031, 4543291, 383634, 4505232, 6981233)
	Index Scan using sbtest5_pkey on sbtest5  (cost=0.43..83.63 rows=10 width=121)
	  Index Cond: (id = ANY ('{7986734,7434449,9442364,8574100,4155926,9543031,4543291,383634,4505232,6981233}'::integer[]))

table 6 : explain SELECT c FROM sbtest6 WHERE id IN ( 7986734, 7434449, 9442364, 8574100, 4155926, 9543031, 4543291, 383634, 4505232, 6981233)
	Index Scan using sbtest6_pkey on sbtest6  (cost=0.43..83.47 rows=10 width=121)
	  Index Cond: (id = ANY ('{7986734,7434449,9442364,8574100,4155926,9543031,4543291,383634,4505232,6981233}'::integer[]))

table 7 : explain SELECT c FROM sbtest7 WHERE id IN ( 7986734, 7434449, 9442364, 8574100, 4155926, 9543031, 4543291, 383634, 4505232, 6981233)
	Index Scan using sbtest7_pkey on sbtest7  (cost=0.43..83.76 rows=10 width=121)
	  Index Cond: (id = ANY ('{7986734,7434449,9442364,8574100,4155926,9543031,4543291,383634,4505232,6981233}'::integer[]))

table 8 : explain SELECT c FROM sbtest8 WHERE id IN ( 7986734, 7434449, 9442364, 8574100, 4155926, 9543031, 4543291, 383634, 4505232, 6981233)
	Index Scan using sbtest8_pkey on sbtest8  (cost=0.43..83.67 rows=10 width=121)
	  Index Cond: (id = ANY ('{7986734,7434449,9442364,8574100,4155926,9543031,4543291,383634,4505232,6981233}'::integer[]))

explain: for select-inlist :: explain SELECT c FROM sbtest%d WHERE id IN ( 5537969, 4406396, 6154713, 2527764, 9330122, 9768826, 7992266, 5232327, 2723177, 9684773)
explain: for select-inlist :: explain SELECT c FROM sbtest%d WHERE id IN ( 2312444, 7435085, 9231781, 9249667, 6730741, 6924319, 6555216, 9690717, 7287248, 3320480)
for select-inlist
table 1 : explain SELECT c FROM sbtest1 WHERE id IN ( 7753902, 2086785, 9515903, 9509585, 3359109, 6408406, 9412727, 2037632, 3546403, 5004713)
	Index Scan using sbtest1_pkey on sbtest1  (cost=0.43..83.73 rows=10 width=121)
	  Index Cond: (id = ANY ('{7753902,2086785,9515903,9509585,3359109,6408406,9412727,2037632,3546403,5004713}'::integer[]))

table 2 : explain SELECT c FROM sbtest2 WHERE id IN ( 7753902, 2086785, 9515903, 9509585, 3359109, 6408406, 9412727, 2037632, 3546403, 5004713)
	Index Scan using sbtest2_pkey on sbtest2  (cost=0.43..83.72 rows=10 width=121)
	  Index Cond: (id = ANY ('{7753902,2086785,9515903,9509585,3359109,6408406,9412727,2037632,3546403,5004713}'::integer[]))

table 3 : explain SELECT c FROM sbtest3 WHERE id IN ( 7753902, 2086785, 9515903, 9509585, 3359109, 6408406, 9412727, 2037632, 3546403, 5004713)
	Index Scan using sbtest3_pkey on sbtest3  (cost=0.43..83.65 rows=10 width=121)
	  Index Cond: (id = ANY ('{7753902,2086785,9515903,9509585,3359109,6408406,9412727,2037632,3546403,5004713}'::integer[]))

table 4 : explain SELECT c FROM sbtest4 WHERE id IN ( 7753902, 2086785, 9515903, 9509585, 3359109, 6408406, 9412727, 2037632, 3546403, 5004713)
	Index Scan using sbtest4_pkey on sbtest4  (cost=0.43..83.63 rows=10 width=121)
	  Index Cond: (id = ANY ('{7753902,2086785,9515903,9509585,3359109,6408406,9412727,2037632,3546403,5004713}'::integer[]))

table 5 : explain SELECT c FROM sbtest5 WHERE id IN ( 7753902, 2086785, 9515903, 9509585, 3359109, 6408406, 9412727, 2037632, 3546403, 5004713)
	Index Scan using sbtest5_pkey on sbtest5  (cost=0.43..83.63 rows=10 width=121)
	  Index Cond: (id = ANY ('{7753902,2086785,9515903,9509585,3359109,6408406,9412727,2037632,3546403,5004713}'::integer[]))

table 6 : explain SELECT c FROM sbtest6 WHERE id IN ( 7753902, 2086785, 9515903, 9509585, 3359109, 6408406, 9412727, 2037632, 3546403, 5004713)
	Index Scan using sbtest6_pkey on sbtest6  (cost=0.43..83.47 rows=10 width=121)
	  Index Cond: (id = ANY ('{7753902,2086785,9515903,9509585,3359109,6408406,9412727,2037632,3546403,5004713}'::integer[]))

table 7 : explain SELECT c FROM sbtest7 WHERE id IN ( 7753902, 2086785, 9515903, 9509585, 3359109, 6408406, 9412727, 2037632, 3546403, 5004713)
	Index Scan using sbtest7_pkey on sbtest7  (cost=0.43..83.76 rows=10 width=121)
	  Index Cond: (id = ANY ('{7753902,2086785,9515903,9509585,3359109,6408406,9412727,2037632,3546403,5004713}'::integer[]))

table 8 : explain SELECT c FROM sbtest8 WHERE id IN ( 7753902, 2086785, 9515903, 9509585, 3359109, 6408406, 9412727, 2037632, 3546403, 5004713)
	Index Scan using sbtest8_pkey on sbtest8  (cost=0.43..83.67 rows=10 width=121)
	  Index Cond: (id = ANY ('{7753902,2086785,9515903,9509585,3359109,6408406,9412727,2037632,3546403,5004713}'::integer[]))

for select-inlist
table 1 : explain SELECT c FROM sbtest1 WHERE id IN ( 2013625, 758345, 440318, 4918057, 9292847, 7402612, 8597215, 3723144, 9049282, 535733)
	Index Scan using sbtest1_pkey on sbtest1  (cost=0.43..83.73 rows=10 width=121)
	  Index Cond: (id = ANY ('{2013625,758345,440318,4918057,9292847,7402612,8597215,3723144,9049282,535733}'::integer[]))

table 2 : explain SELECT c FROM sbtest2 WHERE id IN ( 2013625, 758345, 440318, 4918057, 9292847, 7402612, 8597215, 3723144, 9049282, 535733)
	Index Scan using sbtest2_pkey on sbtest2  (cost=0.43..83.72 rows=10 width=121)
	  Index Cond: (id = ANY ('{2013625,758345,440318,4918057,9292847,7402612,8597215,3723144,9049282,535733}'::integer[]))

table 3 : explain SELECT c FROM sbtest3 WHERE id IN ( 2013625, 758345, 440318, 4918057, 9292847, 7402612, 8597215, 3723144, 9049282, 535733)
	Index Scan using sbtest3_pkey on sbtest3  (cost=0.43..83.65 rows=10 width=121)
	  Index Cond: (id = ANY ('{2013625,758345,440318,4918057,9292847,7402612,8597215,3723144,9049282,535733}'::integer[]))

table 4 : explain SELECT c FROM sbtest4 WHERE id IN ( 2013625, 758345, 440318, 4918057, 9292847, 7402612, 8597215, 3723144, 9049282, 535733)
	Index Scan using sbtest4_pkey on sbtest4  (cost=0.43..83.63 rows=10 width=121)
	  Index Cond: (id = ANY ('{2013625,758345,440318,4918057,9292847,7402612,8597215,3723144,9049282,535733}'::integer[]))

table 5 : explain SELECT c FROM sbtest5 WHERE id IN ( 2013625, 758345, 440318, 4918057, 9292847, 7402612, 8597215, 3723144, 9049282, 535733)
	Index Scan using sbtest5_pkey on sbtest5  (cost=0.43..83.63 rows=10 width=121)
	  Index Cond: (id = ANY ('{2013625,758345,440318,4918057,9292847,7402612,8597215,3723144,9049282,535733}'::integer[]))

table 6 : explain SELECT c FROM sbtest6 WHERE id IN ( 2013625, 758345, 440318, 4918057, 9292847, 7402612, 8597215, 3723144, 9049282, 535733)
	Index Scan using sbtest6_pkey on sbtest6  (cost=0.43..83.47 rows=10 width=121)
	  Index Cond: (id = ANY ('{2013625,758345,440318,4918057,9292847,7402612,8597215,3723144,9049282,535733}'::integer[]))

table 7 : explain SELECT c FROM sbtest7 WHERE id IN ( 2013625, 758345, 440318, 4918057, 9292847, 7402612, 8597215, 3723144, 9049282, 535733)
	Index Scan using sbtest7_pkey on sbtest7  (cost=0.43..83.76 rows=10 width=121)
	  Index Cond: (id = ANY ('{2013625,758345,440318,4918057,9292847,7402612,8597215,3723144,9049282,535733}'::integer[]))

table 8 : explain SELECT c FROM sbtest8 WHERE id IN ( 2013625, 758345, 440318, 4918057, 9292847, 7402612, 8597215, 3723144, 9049282, 535733)
	Index Scan using sbtest8_pkey on sbtest8  (cost=0.43..83.67 rows=10 width=121)
	  Index Cond: (id = ANY ('{2013625,758345,440318,4918057,9292847,7402612,8597215,3723144,9049282,535733}'::integer[]))

for select-inlist
table 1 : explain SELECT c FROM sbtest1 WHERE id IN ( 3214494, 483853, 6057650, 2020648, 9005303, 5972755, 1298397, 2028467, 2351735, 8084690)
	Index Scan using sbtest1_pkey on sbtest1  (cost=0.43..83.73 rows=10 width=121)
	  Index Cond: (id = ANY ('{3214494,483853,6057650,2020648,9005303,5972755,1298397,2028467,2351735,8084690}'::integer[]))

table 2 : explain SELECT c FROM sbtest2 WHERE id IN ( 3214494, 483853, 6057650, 2020648, 9005303, 5972755, 1298397, 2028467, 2351735, 8084690)
	Index Scan using sbtest2_pkey on sbtest2  (cost=0.43..83.72 rows=10 width=121)
	  Index Cond: (id = ANY ('{3214494,483853,6057650,2020648,9005303,5972755,1298397,2028467,2351735,8084690}'::integer[]))

table 3 : explain SELECT c FROM sbtest3 WHERE id IN ( 3214494, 483853, 6057650, 2020648, 9005303, 5972755, 1298397, 2028467, 2351735, 8084690)
	Index Scan using sbtest3_pkey on sbtest3  (cost=0.43..83.65 rows=10 width=121)
	  Index Cond: (id = ANY ('{3214494,483853,6057650,2020648,9005303,5972755,1298397,2028467,2351735,8084690}'::integer[]))

table 4 : explain SELECT c FROM sbtest4 WHERE id IN ( 3214494, 483853, 6057650, 2020648, 9005303, 5972755, 1298397, 2028467, 2351735, 8084690)
	Index Scan using sbtest4_pkey on sbtest4  (cost=0.43..83.63 rows=10 width=121)
	  Index Cond: (id = ANY ('{3214494,483853,6057650,2020648,9005303,5972755,1298397,2028467,2351735,8084690}'::integer[]))

table 5 : explain SELECT c FROM sbtest5 WHERE id IN ( 3214494, 483853, 6057650, 2020648, 9005303, 5972755, 1298397, 2028467, 2351735, 8084690)
	Index Scan using sbtest5_pkey on sbtest5  (cost=0.43..83.63 rows=10 width=121)
	  Index Cond: (id = ANY ('{3214494,483853,6057650,2020648,9005303,5972755,1298397,2028467,2351735,8084690}'::integer[]))

table 6 : explain SELECT c FROM sbtest6 WHERE id IN ( 3214494, 483853, 6057650, 2020648, 9005303, 5972755, 1298397, 2028467, 2351735, 8084690)
	Index Scan using sbtest6_pkey on sbtest6  (cost=0.43..83.47 rows=10 width=121)
	  Index Cond: (id = ANY ('{3214494,483853,6057650,2020648,9005303,5972755,1298397,2028467,2351735,8084690}'::integer[]))

table 7 : explain SELECT c FROM sbtest7 WHERE id IN ( 3214494, 483853, 6057650, 2020648, 9005303, 5972755, 1298397, 2028467, 2351735, 8084690)
	Index Scan using sbtest7_pkey on sbtest7  (cost=0.43..83.76 rows=10 width=121)
	  Index Cond: (id = ANY ('{3214494,483853,6057650,2020648,9005303,5972755,1298397,2028467,2351735,8084690}'::integer[]))

table 8 : explain SELECT c FROM sbtest8 WHERE id IN ( 3214494, 483853, 6057650, 2020648, 9005303, 5972755, 1298397, 2028467, 2351735, 8084690)
	Index Scan using sbtest8_pkey on sbtest8  (cost=0.43..83.67 rows=10 width=121)
	  Index Cond: (id = ANY ('{3214494,483853,6057650,2020648,9005303,5972755,1298397,2028467,2351735,8084690}'::integer[]))

for select-inlist
table 1 : explain SELECT c FROM sbtest1 WHERE id IN ( 4673024, 53644, 6673551, 8408841, 1975235, 3614257, 8295843, 2994907, 8148480, 6542991)
	Index Scan using sbtest1_pkey on sbtest1  (cost=0.43..83.73 rows=10 width=121)
	  Index Cond: (id = ANY ('{4673024,53644,6673551,8408841,1975235,3614257,8295843,2994907,8148480,6542991}'::integer[]))

table 2 : explain SELECT c FROM sbtest2 WHERE id IN ( 4673024, 53644, 6673551, 8408841, 1975235, 3614257, 8295843, 2994907, 8148480, 6542991)
	Index Scan using sbtest2_pkey on sbtest2  (cost=0.43..83.72 rows=10 width=121)
	  Index Cond: (id = ANY ('{4673024,53644,6673551,8408841,1975235,3614257,8295843,2994907,8148480,6542991}'::integer[]))

table 3 : explain SELECT c FROM sbtest3 WHERE id IN ( 4673024, 53644, 6673551, 8408841, 1975235, 3614257, 8295843, 2994907, 8148480, 6542991)
	Index Scan using sbtest3_pkey on sbtest3  (cost=0.43..83.65 rows=10 width=121)
	  Index Cond: (id = ANY ('{4673024,53644,6673551,8408841,1975235,3614257,8295843,2994907,8148480,6542991}'::integer[]))

table 4 : explain SELECT c FROM sbtest4 WHERE id IN ( 4673024, 53644, 6673551, 8408841, 1975235, 3614257, 8295843, 2994907, 8148480, 6542991)
	Index Scan using sbtest4_pkey on sbtest4  (cost=0.43..83.63 rows=10 width=121)
	  Index Cond: (id = ANY ('{4673024,53644,6673551,8408841,1975235,3614257,8295843,2994907,8148480,6542991}'::integer[]))

table 5 : explain SELECT c FROM sbtest5 WHERE id IN ( 4673024, 53644, 6673551, 8408841, 1975235, 3614257, 8295843, 2994907, 8148480, 6542991)
	Index Scan using sbtest5_pkey on sbtest5  (cost=0.43..83.63 rows=10 width=121)
	  Index Cond: (id = ANY ('{4673024,53644,6673551,8408841,1975235,3614257,8295843,2994907,8148480,6542991}'::integer[]))

table 6 : explain SELECT c FROM sbtest6 WHERE id IN ( 4673024, 53644, 6673551, 8408841, 1975235, 3614257, 8295843, 2994907, 8148480, 6542991)
	Index Scan using sbtest6_pkey on sbtest6  (cost=0.43..83.47 rows=10 width=121)
	  Index Cond: (id = ANY ('{4673024,53644,6673551,8408841,1975235,3614257,8295843,2994907,8148480,6542991}'::integer[]))

table 7 : explain SELECT c FROM sbtest7 WHERE id IN ( 4673024, 53644, 6673551, 8408841, 1975235, 3614257, 8295843, 2994907, 8148480, 6542991)
	Index Scan using sbtest7_pkey on sbtest7  (cost=0.43..83.76 rows=10 width=121)
	  Index Cond: (id = ANY ('{4673024,53644,6673551,8408841,1975235,3614257,8295843,2994907,8148480,6542991}'::integer[]))

table 8 : explain SELECT c FROM sbtest8 WHERE id IN ( 4673024, 53644, 6673551, 8408841, 1975235, 3614257, 8295843, 2994907, 8148480, 6542991)
	Index Scan using sbtest8_pkey on sbtest8  (cost=0.43..83.67 rows=10 width=121)
	  Index Cond: (id = ANY ('{4673024,53644,6673551,8408841,1975235,3614257,8295843,2994907,8148480,6542991}'::integer[]))

for select-inlist
table 1 : explain SELECT c FROM sbtest1 WHERE id IN ( 5537969, 4406396, 6154713, 2527764, 9330122, 9768826, 7992266, 5232327, 2723177, 9684773)
	Index Scan using sbtest1_pkey on sbtest1  (cost=0.43..83.73 rows=10 width=121)
	  Index Cond: (id = ANY ('{5537969,4406396,6154713,2527764,9330122,9768826,7992266,5232327,2723177,9684773}'::integer[]))

table 2 : explain SELECT c FROM sbtest2 WHERE id IN ( 5537969, 4406396, 6154713, 2527764, 9330122, 9768826, 7992266, 5232327, 2723177, 9684773)
	Index Scan using sbtest2_pkey on sbtest2  (cost=0.43..83.72 rows=10 width=121)
	  Index Cond: (id = ANY ('{5537969,4406396,6154713,2527764,9330122,9768826,7992266,5232327,2723177,9684773}'::integer[]))

table 3 : explain SELECT c FROM sbtest3 WHERE id IN ( 5537969, 4406396, 6154713, 2527764, 9330122, 9768826, 7992266, 5232327, 2723177, 9684773)
	Index Scan using sbtest3_pkey on sbtest3  (cost=0.43..83.65 rows=10 width=121)
	  Index Cond: (id = ANY ('{5537969,4406396,6154713,2527764,9330122,9768826,7992266,5232327,2723177,9684773}'::integer[]))

table 4 : explain SELECT c FROM sbtest4 WHERE id IN ( 5537969, 4406396, 6154713, 2527764, 9330122, 9768826, 7992266, 5232327, 2723177, 9684773)
	Index Scan using sbtest4_pkey on sbtest4  (cost=0.43..83.63 rows=10 width=121)
	  Index Cond: (id = ANY ('{5537969,4406396,6154713,2527764,9330122,9768826,7992266,5232327,2723177,9684773}'::integer[]))

table 5 : explain SELECT c FROM sbtest5 WHERE id IN ( 5537969, 4406396, 6154713, 2527764, 9330122, 9768826, 7992266, 5232327, 2723177, 9684773)
	Index Scan using sbtest5_pkey on sbtest5  (cost=0.43..83.63 rows=10 width=121)
	  Index Cond: (id = ANY ('{5537969,4406396,6154713,2527764,9330122,9768826,7992266,5232327,2723177,9684773}'::integer[]))

table 6 : explain SELECT c FROM sbtest6 WHERE id IN ( 5537969, 4406396, 6154713, 2527764, 9330122, 9768826, 7992266, 5232327, 2723177, 9684773)
	Index Scan using sbtest6_pkey on sbtest6  (cost=0.43..83.47 rows=10 width=121)
	  Index Cond: (id = ANY ('{5537969,4406396,6154713,2527764,9330122,9768826,7992266,5232327,2723177,9684773}'::integer[]))

table 7 : explain SELECT c FROM sbtest7 WHERE id IN ( 5537969, 4406396, 6154713, 2527764, 9330122, 9768826, 7992266, 5232327, 2723177, 9684773)
	Index Scan using sbtest7_pkey on sbtest7  (cost=0.43..83.76 rows=10 width=121)
	  Index Cond: (id = ANY ('{5537969,4406396,6154713,2527764,9330122,9768826,7992266,5232327,2723177,9684773}'::integer[]))

table 8 : explain SELECT c FROM sbtest8 WHERE id IN ( 5537969, 4406396, 6154713, 2527764, 9330122, 9768826, 7992266, 5232327, 2723177, 9684773)
	Index Scan using sbtest8_pkey on sbtest8  (cost=0.43..83.67 rows=10 width=121)
	  Index Cond: (id = ANY ('{5537969,4406396,6154713,2527764,9330122,9768826,7992266,5232327,2723177,9684773}'::integer[]))

for select-inlist
table 1 : explain SELECT c FROM sbtest1 WHERE id IN ( 2312444, 7435085, 9231781, 9249667, 6730741, 6924319, 6555216, 9690717, 7287248, 3320480)
	Index Scan using sbtest1_pkey on sbtest1  (cost=0.43..83.73 rows=10 width=121)
	  Index Cond: (id = ANY ('{2312444,7435085,9231781,9249667,6730741,6924319,6555216,9690717,7287248,3320480}'::integer[]))

table 2 : explain SELECT c FROM sbtest2 WHERE id IN ( 2312444, 7435085, 9231781, 9249667, 6730741, 6924319, 6555216, 9690717, 7287248, 3320480)
	Index Scan using sbtest2_pkey on sbtest2  (cost=0.43..83.72 rows=10 width=121)
	  Index Cond: (id = ANY ('{2312444,7435085,9231781,9249667,6730741,6924319,6555216,9690717,7287248,3320480}'::integer[]))

table 3 : explain SELECT c FROM sbtest3 WHERE id IN ( 2312444, 7435085, 9231781, 9249667, 6730741, 6924319, 6555216, 9690717, 7287248, 3320480)
	Index Scan using sbtest3_pkey on sbtest3  (cost=0.43..83.65 rows=10 width=121)
	  Index Cond: (id = ANY ('{2312444,7435085,9231781,9249667,6730741,6924319,6555216,9690717,7287248,3320480}'::integer[]))

table 4 : explain SELECT c FROM sbtest4 WHERE id IN ( 2312444, 7435085, 9231781, 9249667, 6730741, 6924319, 6555216, 9690717, 7287248, 3320480)
	Index Scan using sbtest4_pkey on sbtest4  (cost=0.43..83.63 rows=10 width=121)
	  Index Cond: (id = ANY ('{2312444,7435085,9231781,9249667,6730741,6924319,6555216,9690717,7287248,3320480}'::integer[]))

table 5 : explain SELECT c FROM sbtest5 WHERE id IN ( 2312444, 7435085, 9231781, 9249667, 6730741, 6924319, 6555216, 9690717, 7287248, 3320480)
	Index Scan using sbtest5_pkey on sbtest5  (cost=0.43..83.63 rows=10 width=121)
	  Index Cond: (id = ANY ('{2312444,7435085,9231781,9249667,6730741,6924319,6555216,9690717,7287248,3320480}'::integer[]))

table 6 : explain SELECT c FROM sbtest6 WHERE id IN ( 2312444, 7435085, 9231781, 9249667, 6730741, 6924319, 6555216, 9690717, 7287248, 3320480)
	Index Scan using sbtest6_pkey on sbtest6  (cost=0.43..83.47 rows=10 width=121)
	  Index Cond: (id = ANY ('{2312444,7435085,9231781,9249667,6730741,6924319,6555216,9690717,7287248,3320480}'::integer[]))

table 7 : explain SELECT c FROM sbtest7 WHERE id IN ( 2312444, 7435085, 9231781, 9249667, 6730741, 6924319, 6555216, 9690717, 7287248, 3320480)
	Index Scan using sbtest7_pkey on sbtest7  (cost=0.43..83.76 rows=10 width=121)
	  Index Cond: (id = ANY ('{2312444,7435085,9231781,9249667,6730741,6924319,6555216,9690717,7287248,3320480}'::integer[]))

table 8 : explain SELECT c FROM sbtest8 WHERE id IN ( 2312444, 7435085, 9231781, 9249667, 6730741, 6924319, 6555216, 9690717, 7287248, 3320480)
	Index Scan using sbtest8_pkey on sbtest8  (cost=0.43..83.67 rows=10 width=121)
	  Index Cond: (id = ANY ('{2312444,7435085,9231781,9249667,6730741,6924319,6555216,9690717,7287248,3320480}'::integer[]))

explain: for select-inlist :: explain SELECT c FROM sbtest%d WHERE id IN ( 8593641, 1329322, 1717360, 4591241, 3298128, 1365809, 9976042, 1934117, 897730, 5337905)
explain: for select-inlist :: explain SELECT c FROM sbtest%d WHERE id IN ( 4987355, 554232, 7732879, 4279872, 85518, 8056158, 2318301, 5586123, 6794685, 3774728)
for select-inlist
table 1 : explain SELECT c FROM sbtest1 WHERE id IN ( 8593641, 1329322, 1717360, 4591241, 3298128, 1365809, 9976042, 1934117, 897730, 5337905)
	Index Scan using sbtest1_pkey on sbtest1  (cost=0.43..83.73 rows=10 width=121)
	  Index Cond: (id = ANY ('{8593641,1329322,1717360,4591241,3298128,1365809,9976042,1934117,897730,5337905}'::integer[]))

table 2 : explain SELECT c FROM sbtest2 WHERE id IN ( 8593641, 1329322, 1717360, 4591241, 3298128, 1365809, 9976042, 1934117, 897730, 5337905)
	Index Scan using sbtest2_pkey on sbtest2  (cost=0.43..83.72 rows=10 width=121)
	  Index Cond: (id = ANY ('{8593641,1329322,1717360,4591241,3298128,1365809,9976042,1934117,897730,5337905}'::integer[]))

table 3 : explain SELECT c FROM sbtest3 WHERE id IN ( 8593641, 1329322, 1717360, 4591241, 3298128, 1365809, 9976042, 1934117, 897730, 5337905)
	Index Scan using sbtest3_pkey on sbtest3  (cost=0.43..83.65 rows=10 width=121)
	  Index Cond: (id = ANY ('{8593641,1329322,1717360,4591241,3298128,1365809,9976042,1934117,897730,5337905}'::integer[]))

table 4 : explain SELECT c FROM sbtest4 WHERE id IN ( 8593641, 1329322, 1717360, 4591241, 3298128, 1365809, 9976042, 1934117, 897730, 5337905)
	Index Scan using sbtest4_pkey on sbtest4  (cost=0.43..83.63 rows=10 width=121)
	  Index Cond: (id = ANY ('{8593641,1329322,1717360,4591241,3298128,1365809,9976042,1934117,897730,5337905}'::integer[]))

table 5 : explain SELECT c FROM sbtest5 WHERE id IN ( 8593641, 1329322, 1717360, 4591241, 3298128, 1365809, 9976042, 1934117, 897730, 5337905)
	Index Scan using sbtest5_pkey on sbtest5  (cost=0.43..83.63 rows=10 width=121)
	  Index Cond: (id = ANY ('{8593641,1329322,1717360,4591241,3298128,1365809,9976042,1934117,897730,5337905}'::integer[]))

table 6 : explain SELECT c FROM sbtest6 WHERE id IN ( 8593641, 1329322, 1717360, 4591241, 3298128, 1365809, 9976042, 1934117, 897730, 5337905)
	Index Scan using sbtest6_pkey on sbtest6  (cost=0.43..83.47 rows=10 width=121)
	  Index Cond: (id = ANY ('{8593641,1329322,1717360,4591241,3298128,1365809,9976042,1934117,897730,5337905}'::integer[]))

table 7 : explain SELECT c FROM sbtest7 WHERE id IN ( 8593641, 1329322, 1717360, 4591241, 3298128, 1365809, 9976042, 1934117, 897730, 5337905)
	Index Scan using sbtest7_pkey on sbtest7  (cost=0.43..83.76 rows=10 width=121)
	  Index Cond: (id = ANY ('{8593641,1329322,1717360,4591241,3298128,1365809,9976042,1934117,897730,5337905}'::integer[]))

table 8 : explain SELECT c FROM sbtest8 WHERE id IN ( 8593641, 1329322, 1717360, 4591241, 3298128, 1365809, 9976042, 1934117, 897730, 5337905)
	Index Scan using sbtest8_pkey on sbtest8  (cost=0.43..83.67 rows=10 width=121)
	  Index Cond: (id = ANY ('{8593641,1329322,1717360,4591241,3298128,1365809,9976042,1934117,897730,5337905}'::integer[]))

explain: for select-inlist :: explain SELECT c FROM sbtest%d WHERE id IN ( 7423885, 4986473, 5096630, 2092565, 1848608, 6505013, 9206962, 5083207, 6303306, 4005673)
explain: for select-inlist :: explain SELECT c FROM sbtest%d WHERE id IN ( 7186536, 2844148, 6351123, 8761860, 4569830, 6803992, 3126542, 4329188, 9500898, 1751576)
for select-inlist
table 1 : explain SELECT c FROM sbtest1 WHERE id IN ( 4987355, 554232, 7732879, 4279872, 85518, 8056158, 2318301, 5586123, 6794685, 3774728)
	Index Scan using sbtest1_pkey on sbtest1  (cost=0.43..83.73 rows=10 width=121)
	  Index Cond: (id = ANY ('{4987355,554232,7732879,4279872,85518,8056158,2318301,5586123,6794685,3774728}'::integer[]))

table 2 : explain SELECT c FROM sbtest2 WHERE id IN ( 4987355, 554232, 7732879, 4279872, 85518, 8056158, 2318301, 5586123, 6794685, 3774728)
	Index Scan using sbtest2_pkey on sbtest2  (cost=0.43..83.72 rows=10 width=121)
	  Index Cond: (id = ANY ('{4987355,554232,7732879,4279872,85518,8056158,2318301,5586123,6794685,3774728}'::integer[]))

table 3 : explain SELECT c FROM sbtest3 WHERE id IN ( 4987355, 554232, 7732879, 4279872, 85518, 8056158, 2318301, 5586123, 6794685, 3774728)
	Index Scan using sbtest3_pkey on sbtest3  (cost=0.43..83.65 rows=10 width=121)
	  Index Cond: (id = ANY ('{4987355,554232,7732879,4279872,85518,8056158,2318301,5586123,6794685,3774728}'::integer[]))

table 4 : explain SELECT c FROM sbtest4 WHERE id IN ( 4987355, 554232, 7732879, 4279872, 85518, 8056158, 2318301, 5586123, 6794685, 3774728)
	Index Scan using sbtest4_pkey on sbtest4  (cost=0.43..83.63 rows=10 width=121)
	  Index Cond: (id = ANY ('{4987355,554232,7732879,4279872,85518,8056158,2318301,5586123,6794685,3774728}'::integer[]))

table 5 : explain SELECT c FROM sbtest5 WHERE id IN ( 4987355, 554232, 7732879, 4279872, 85518, 8056158, 2318301, 5586123, 6794685, 3774728)
	Index Scan using sbtest5_pkey on sbtest5  (cost=0.43..83.63 rows=10 width=121)
	  Index Cond: (id = ANY ('{4987355,554232,7732879,4279872,85518,8056158,2318301,5586123,6794685,3774728}'::integer[]))

table 6 : explain SELECT c FROM sbtest6 WHERE id IN ( 4987355, 554232, 7732879, 4279872, 85518, 8056158, 2318301, 5586123, 6794685, 3774728)
	Index Scan using sbtest6_pkey on sbtest6  (cost=0.43..83.47 rows=10 width=121)
	  Index Cond: (id = ANY ('{4987355,554232,7732879,4279872,85518,8056158,2318301,5586123,6794685,3774728}'::integer[]))

table 7 : explain SELECT c FROM sbtest7 WHERE id IN ( 4987355, 554232, 7732879, 4279872, 85518, 8056158, 2318301, 5586123, 6794685, 3774728)
	Index Scan using sbtest7_pkey on sbtest7  (cost=0.43..83.76 rows=10 width=121)
	  Index Cond: (id = ANY ('{4987355,554232,7732879,4279872,85518,8056158,2318301,5586123,6794685,3774728}'::integer[]))

table 8 : explain SELECT c FROM sbtest8 WHERE id IN ( 4987355, 554232, 7732879, 4279872, 85518, 8056158, 2318301, 5586123, 6794685, 3774728)
	Index Scan using sbtest8_pkey on sbtest8  (cost=0.43..83.67 rows=10 width=121)
	  Index Cond: (id = ANY ('{4987355,554232,7732879,4279872,85518,8056158,2318301,5586123,6794685,3774728}'::integer[]))

explain: for select-inlist :: explain SELECT c FROM sbtest%d WHERE id IN ( 2855603, 320639, 3876084, 7738192, 1456686, 7101559, 8321023, 2081962, 3096440, 1654456)
for select-inlist
table 1 : explain SELECT c FROM sbtest1 WHERE id IN ( 7423885, 4986473, 5096630, 2092565, 1848608, 6505013, 9206962, 5083207, 6303306, 4005673)
	Index Scan using sbtest1_pkey on sbtest1  (cost=0.43..83.73 rows=10 width=121)
	  Index Cond: (id = ANY ('{7423885,4986473,5096630,2092565,1848608,6505013,9206962,5083207,6303306,4005673}'::integer[]))

table 2 : explain SELECT c FROM sbtest2 WHERE id IN ( 7423885, 4986473, 5096630, 2092565, 1848608, 6505013, 9206962, 5083207, 6303306, 4005673)
	Index Scan using sbtest2_pkey on sbtest2  (cost=0.43..83.72 rows=10 width=121)
	  Index Cond: (id = ANY ('{7423885,4986473,5096630,2092565,1848608,6505013,9206962,5083207,6303306,4005673}'::integer[]))

table 3 : explain SELECT c FROM sbtest3 WHERE id IN ( 7423885, 4986473, 5096630, 2092565, 1848608, 6505013, 9206962, 5083207, 6303306, 4005673)
	Index Scan using sbtest3_pkey on sbtest3  (cost=0.43..83.65 rows=10 width=121)
	  Index Cond: (id = ANY ('{7423885,4986473,5096630,2092565,1848608,6505013,9206962,5083207,6303306,4005673}'::integer[]))

table 4 : explain SELECT c FROM sbtest4 WHERE id IN ( 7423885, 4986473, 5096630, 2092565, 1848608, 6505013, 9206962, 5083207, 6303306, 4005673)
	Index Scan using sbtest4_pkey on sbtest4  (cost=0.43..83.63 rows=10 width=121)
	  Index Cond: (id = ANY ('{7423885,4986473,5096630,2092565,1848608,6505013,9206962,5083207,6303306,4005673}'::integer[]))

table 5 : explain SELECT c FROM sbtest5 WHERE id IN ( 7423885, 4986473, 5096630, 2092565, 1848608, 6505013, 9206962, 5083207, 6303306, 4005673)
	Index Scan using sbtest5_pkey on sbtest5  (cost=0.43..83.63 rows=10 width=121)
	  Index Cond: (id = ANY ('{7423885,4986473,5096630,2092565,1848608,6505013,9206962,5083207,6303306,4005673}'::integer[]))

table 6 : explain SELECT c FROM sbtest6 WHERE id IN ( 7423885, 4986473, 5096630, 2092565, 1848608, 6505013, 9206962, 5083207, 6303306, 4005673)
	Index Scan using sbtest6_pkey on sbtest6  (cost=0.43..83.47 rows=10 width=121)
	  Index Cond: (id = ANY ('{7423885,4986473,5096630,2092565,1848608,6505013,9206962,5083207,6303306,4005673}'::integer[]))

table 7 : explain SELECT c FROM sbtest7 WHERE id IN ( 7423885, 4986473, 5096630, 2092565, 1848608, 6505013, 9206962, 5083207, 6303306, 4005673)
	Index Scan using sbtest7_pkey on sbtest7  (cost=0.43..83.76 rows=10 width=121)
	  Index Cond: (id = ANY ('{7423885,4986473,5096630,2092565,1848608,6505013,9206962,5083207,6303306,4005673}'::integer[]))

table 8 : explain SELECT c FROM sbtest8 WHERE id IN ( 7423885, 4986473, 5096630, 2092565, 1848608, 6505013, 9206962, 5083207, 6303306, 4005673)
	Index Scan using sbtest8_pkey on sbtest8  (cost=0.43..83.67 rows=10 width=121)
	  Index Cond: (id = ANY ('{7423885,4986473,5096630,2092565,1848608,6505013,9206962,5083207,6303306,4005673}'::integer[]))

for select-inlist
table 1 : explain SELECT c FROM sbtest1 WHERE id IN ( 7186536, 2844148, 6351123, 8761860, 4569830, 6803992, 3126542, 4329188, 9500898, 1751576)
	Index Scan using sbtest1_pkey on sbtest1  (cost=0.43..83.73 rows=10 width=121)
	  Index Cond: (id = ANY ('{7186536,2844148,6351123,8761860,4569830,6803992,3126542,4329188,9500898,1751576}'::integer[]))

table 2 : explain SELECT c FROM sbtest2 WHERE id IN ( 7186536, 2844148, 6351123, 8761860, 4569830, 6803992, 3126542, 4329188, 9500898, 1751576)
	Index Scan using sbtest2_pkey on sbtest2  (cost=0.43..83.72 rows=10 width=121)
	  Index Cond: (id = ANY ('{7186536,2844148,6351123,8761860,4569830,6803992,3126542,4329188,9500898,1751576}'::integer[]))

table 3 : explain SELECT c FROM sbtest3 WHERE id IN ( 7186536, 2844148, 6351123, 8761860, 4569830, 6803992, 3126542, 4329188, 9500898, 1751576)
	Index Scan using sbtest3_pkey on sbtest3  (cost=0.43..83.65 rows=10 width=121)
	  Index Cond: (id = ANY ('{7186536,2844148,6351123,8761860,4569830,6803992,3126542,4329188,9500898,1751576}'::integer[]))

table 4 : explain SELECT c FROM sbtest4 WHERE id IN ( 7186536, 2844148, 6351123, 8761860, 4569830, 6803992, 3126542, 4329188, 9500898, 1751576)
	Index Scan using sbtest4_pkey on sbtest4  (cost=0.43..83.63 rows=10 width=121)
	  Index Cond: (id = ANY ('{7186536,2844148,6351123,8761860,4569830,6803992,3126542,4329188,9500898,1751576}'::integer[]))

table 5 : explain SELECT c FROM sbtest5 WHERE id IN ( 7186536, 2844148, 6351123, 8761860, 4569830, 6803992, 3126542, 4329188, 9500898, 1751576)
	Index Scan using sbtest5_pkey on sbtest5  (cost=0.43..83.63 rows=10 width=121)
	  Index Cond: (id = ANY ('{7186536,2844148,6351123,8761860,4569830,6803992,3126542,4329188,9500898,1751576}'::integer[]))

table 6 : explain SELECT c FROM sbtest6 WHERE id IN ( 7186536, 2844148, 6351123, 8761860, 4569830, 6803992, 3126542, 4329188, 9500898, 1751576)
	Index Scan using sbtest6_pkey on sbtest6  (cost=0.43..83.47 rows=10 width=121)
	  Index Cond: (id = ANY ('{7186536,2844148,6351123,8761860,4569830,6803992,3126542,4329188,9500898,1751576}'::integer[]))

table 7 : explain SELECT c FROM sbtest7 WHERE id IN ( 7186536, 2844148, 6351123, 8761860, 4569830, 6803992, 3126542, 4329188, 9500898, 1751576)
	Index Scan using sbtest7_pkey on sbtest7  (cost=0.43..83.76 rows=10 width=121)
	  Index Cond: (id = ANY ('{7186536,2844148,6351123,8761860,4569830,6803992,3126542,4329188,9500898,1751576}'::integer[]))

table 8 : explain SELECT c FROM sbtest8 WHERE id IN ( 7186536, 2844148, 6351123, 8761860, 4569830, 6803992, 3126542, 4329188, 9500898, 1751576)
	Index Scan using sbtest8_pkey on sbtest8  (cost=0.43..83.67 rows=10 width=121)
	  Index Cond: (id = ANY ('{7186536,2844148,6351123,8761860,4569830,6803992,3126542,4329188,9500898,1751576}'::integer[]))

for select-inlist
table 1 : explain SELECT c FROM sbtest1 WHERE id IN ( 2855603, 320639, 3876084, 7738192, 1456686, 7101559, 8321023, 2081962, 3096440, 1654456)
	Index Scan using sbtest1_pkey on sbtest1  (cost=0.43..83.73 rows=10 width=121)
	  Index Cond: (id = ANY ('{2855603,320639,3876084,7738192,1456686,7101559,8321023,2081962,3096440,1654456}'::integer[]))

table 2 : explain SELECT c FROM sbtest2 WHERE id IN ( 2855603, 320639, 3876084, 7738192, 1456686, 7101559, 8321023, 2081962, 3096440, 1654456)
	Index Scan using sbtest2_pkey on sbtest2  (cost=0.43..83.72 rows=10 width=121)
	  Index Cond: (id = ANY ('{2855603,320639,3876084,7738192,1456686,7101559,8321023,2081962,3096440,1654456}'::integer[]))

table 3 : explain SELECT c FROM sbtest3 WHERE id IN ( 2855603, 320639, 3876084, 7738192, 1456686, 7101559, 8321023, 2081962, 3096440, 1654456)
	Index Scan using sbtest3_pkey on sbtest3  (cost=0.43..83.65 rows=10 width=121)
	  Index Cond: (id = ANY ('{2855603,320639,3876084,7738192,1456686,7101559,8321023,2081962,3096440,1654456}'::integer[]))

table 4 : explain SELECT c FROM sbtest4 WHERE id IN ( 2855603, 320639, 3876084, 7738192, 1456686, 7101559, 8321023, 2081962, 3096440, 1654456)
	Index Scan using sbtest4_pkey on sbtest4  (cost=0.43..83.63 rows=10 width=121)
	  Index Cond: (id = ANY ('{2855603,320639,3876084,7738192,1456686,7101559,8321023,2081962,3096440,1654456}'::integer[]))

table 5 : explain SELECT c FROM sbtest5 WHERE id IN ( 2855603, 320639, 3876084, 7738192, 1456686, 7101559, 8321023, 2081962, 3096440, 1654456)
	Index Scan using sbtest5_pkey on sbtest5  (cost=0.43..83.63 rows=10 width=121)
	  Index Cond: (id = ANY ('{2855603,320639,3876084,7738192,1456686,7101559,8321023,2081962,3096440,1654456}'::integer[]))

table 6 : explain SELECT c FROM sbtest6 WHERE id IN ( 2855603, 320639, 3876084, 7738192, 1456686, 7101559, 8321023, 2081962, 3096440, 1654456)
	Index Scan using sbtest6_pkey on sbtest6  (cost=0.43..83.47 rows=10 width=121)
	  Index Cond: (id = ANY ('{2855603,320639,3876084,7738192,1456686,7101559,8321023,2081962,3096440,1654456}'::integer[]))

table 7 : explain SELECT c FROM sbtest7 WHERE id IN ( 2855603, 320639, 3876084, 7738192, 1456686, 7101559, 8321023, 2081962, 3096440, 1654456)
	Index Scan using sbtest7_pkey on sbtest7  (cost=0.43..83.76 rows=10 width=121)
	  Index Cond: (id = ANY ('{2855603,320639,3876084,7738192,1456686,7101559,8321023,2081962,3096440,1654456}'::integer[]))

table 8 : explain SELECT c FROM sbtest8 WHERE id IN ( 2855603, 320639, 3876084, 7738192, 1456686, 7101559, 8321023, 2081962, 3096440, 1654456)
	Index Scan using sbtest8_pkey on sbtest8  (cost=0.43..83.67 rows=10 width=121)
	  Index Cond: (id = ANY ('{2855603,320639,3876084,7738192,1456686,7101559,8321023,2081962,3096440,1654456}'::integer[]))

explain: for select-inlist :: explain SELECT c FROM sbtest%d WHERE id IN ( 3946587, 1871164, 7476714, 6985108, 5467006, 8852768, 1149343, 9791986, 5790478, 7650123)
explain: for select-inlist :: explain SELECT c FROM sbtest%d WHERE id IN ( 5774391, 6231705, 2994471, 7184151, 7241338, 4746875, 221523, 6236382, 2869288, 3406310)
explain: for select-inlist :: explain SELECT c FROM sbtest%d WHERE id IN ( 5794946, 9079975, 2615794, 9656006, 7076288, 1730724, 9824260, 1017877, 3264595, 4739286)
explain: for select-inlist :: explain SELECT c FROM sbtest%d WHERE id IN ( 1866822, 9661440, 6608785, 9262447, 8330475, 7928384, 3923089, 8080558, 5464232, 8191462)
for select-inlist
table 1 : explain SELECT c FROM sbtest1 WHERE id IN ( 3946587, 1871164, 7476714, 6985108, 5467006, 8852768, 1149343, 9791986, 5790478, 7650123)
	Index Scan using sbtest1_pkey on sbtest1  (cost=0.43..83.73 rows=10 width=121)
	  Index Cond: (id = ANY ('{3946587,1871164,7476714,6985108,5467006,8852768,1149343,9791986,5790478,7650123}'::integer[]))

table 2 : explain SELECT c FROM sbtest2 WHERE id IN ( 3946587, 1871164, 7476714, 6985108, 5467006, 8852768, 1149343, 9791986, 5790478, 7650123)
	Index Scan using sbtest2_pkey on sbtest2  (cost=0.43..83.72 rows=10 width=121)
	  Index Cond: (id = ANY ('{3946587,1871164,7476714,6985108,5467006,8852768,1149343,9791986,5790478,7650123}'::integer[]))

table 3 : explain SELECT c FROM sbtest3 WHERE id IN ( 3946587, 1871164, 7476714, 6985108, 5467006, 8852768, 1149343, 9791986, 5790478, 7650123)
	Index Scan using sbtest3_pkey on sbtest3  (cost=0.43..83.65 rows=10 width=121)
	  Index Cond: (id = ANY ('{3946587,1871164,7476714,6985108,5467006,8852768,1149343,9791986,5790478,7650123}'::integer[]))

table 4 : explain SELECT c FROM sbtest4 WHERE id IN ( 3946587, 1871164, 7476714, 6985108, 5467006, 8852768, 1149343, 9791986, 5790478, 7650123)
	Index Scan using sbtest4_pkey on sbtest4  (cost=0.43..83.63 rows=10 width=121)
	  Index Cond: (id = ANY ('{3946587,1871164,7476714,6985108,5467006,8852768,1149343,9791986,5790478,7650123}'::integer[]))

table 5 : explain SELECT c FROM sbtest5 WHERE id IN ( 3946587, 1871164, 7476714, 6985108, 5467006, 8852768, 1149343, 9791986, 5790478, 7650123)
	Index Scan using sbtest5_pkey on sbtest5  (cost=0.43..83.63 rows=10 width=121)
	  Index Cond: (id = ANY ('{3946587,1871164,7476714,6985108,5467006,8852768,1149343,9791986,5790478,7650123}'::integer[]))

table 6 : explain SELECT c FROM sbtest6 WHERE id IN ( 3946587, 1871164, 7476714, 6985108, 5467006, 8852768, 1149343, 9791986, 5790478, 7650123)
	Index Scan using sbtest6_pkey on sbtest6  (cost=0.43..83.47 rows=10 width=121)
	  Index Cond: (id = ANY ('{3946587,1871164,7476714,6985108,5467006,8852768,1149343,9791986,5790478,7650123}'::integer[]))

table 7 : explain SELECT c FROM sbtest7 WHERE id IN ( 3946587, 1871164, 7476714, 6985108, 5467006, 8852768, 1149343, 9791986, 5790478, 7650123)
	Index Scan using sbtest7_pkey on sbtest7  (cost=0.43..83.76 rows=10 width=121)
	  Index Cond: (id = ANY ('{3946587,1871164,7476714,6985108,5467006,8852768,1149343,9791986,5790478,7650123}'::integer[]))

table 8 : explain SELECT c FROM sbtest8 WHERE id IN ( 3946587, 1871164, 7476714, 6985108, 5467006, 8852768, 1149343, 9791986, 5790478, 7650123)
	Index Scan using sbtest8_pkey on sbtest8  (cost=0.43..83.67 rows=10 width=121)
	  Index Cond: (id = ANY ('{3946587,1871164,7476714,6985108,5467006,8852768,1149343,9791986,5790478,7650123}'::integer[]))

for select-inlist
table 1 : explain SELECT c FROM sbtest1 WHERE id IN ( 5774391, 6231705, 2994471, 7184151, 7241338, 4746875, 221523, 6236382, 2869288, 3406310)
	Index Scan using sbtest1_pkey on sbtest1  (cost=0.43..83.73 rows=10 width=121)
	  Index Cond: (id = ANY ('{5774391,6231705,2994471,7184151,7241338,4746875,221523,6236382,2869288,3406310}'::integer[]))

table 2 : explain SELECT c FROM sbtest2 WHERE id IN ( 5774391, 6231705, 2994471, 7184151, 7241338, 4746875, 221523, 6236382, 2869288, 3406310)
	Index Scan using sbtest2_pkey on sbtest2  (cost=0.43..83.72 rows=10 width=121)
	  Index Cond: (id = ANY ('{5774391,6231705,2994471,7184151,7241338,4746875,221523,6236382,2869288,3406310}'::integer[]))

table 3 : explain SELECT c FROM sbtest3 WHERE id IN ( 5774391, 6231705, 2994471, 7184151, 7241338, 4746875, 221523, 6236382, 2869288, 3406310)
	Index Scan using sbtest3_pkey on sbtest3  (cost=0.43..83.65 rows=10 width=121)
	  Index Cond: (id = ANY ('{5774391,6231705,2994471,7184151,7241338,4746875,221523,6236382,2869288,3406310}'::integer[]))

table 4 : explain SELECT c FROM sbtest4 WHERE id IN ( 5774391, 6231705, 2994471, 7184151, 7241338, 4746875, 221523, 6236382, 2869288, 3406310)
	Index Scan using sbtest4_pkey on sbtest4  (cost=0.43..83.63 rows=10 width=121)
	  Index Cond: (id = ANY ('{5774391,6231705,2994471,7184151,7241338,4746875,221523,6236382,2869288,3406310}'::integer[]))

table 5 : explain SELECT c FROM sbtest5 WHERE id IN ( 5774391, 6231705, 2994471, 7184151, 7241338, 4746875, 221523, 6236382, 2869288, 3406310)
	Index Scan using sbtest5_pkey on sbtest5  (cost=0.43..83.63 rows=10 width=121)
	  Index Cond: (id = ANY ('{5774391,6231705,2994471,7184151,7241338,4746875,221523,6236382,2869288,3406310}'::integer[]))

table 6 : explain SELECT c FROM sbtest6 WHERE id IN ( 5774391, 6231705, 2994471, 7184151, 7241338, 4746875, 221523, 6236382, 2869288, 3406310)
	Index Scan using sbtest6_pkey on sbtest6  (cost=0.43..83.47 rows=10 width=121)
	  Index Cond: (id = ANY ('{5774391,6231705,2994471,7184151,7241338,4746875,221523,6236382,2869288,3406310}'::integer[]))

table 7 : explain SELECT c FROM sbtest7 WHERE id IN ( 5774391, 6231705, 2994471, 7184151, 7241338, 4746875, 221523, 6236382, 2869288, 3406310)
	Index Scan using sbtest7_pkey on sbtest7  (cost=0.43..83.76 rows=10 width=121)
	  Index Cond: (id = ANY ('{5774391,6231705,2994471,7184151,7241338,4746875,221523,6236382,2869288,3406310}'::integer[]))

table 8 : explain SELECT c FROM sbtest8 WHERE id IN ( 5774391, 6231705, 2994471, 7184151, 7241338, 4746875, 221523, 6236382, 2869288, 3406310)
	Index Scan using sbtest8_pkey on sbtest8  (cost=0.43..83.67 rows=10 width=121)
	  Index Cond: (id = ANY ('{5774391,6231705,2994471,7184151,7241338,4746875,221523,6236382,2869288,3406310}'::integer[]))

for select-inlist
table 1 : explain SELECT c FROM sbtest1 WHERE id IN ( 5794946, 9079975, 2615794, 9656006, 7076288, 1730724, 9824260, 1017877, 3264595, 4739286)
	Index Scan using sbtest1_pkey on sbtest1  (cost=0.43..83.73 rows=10 width=121)
	  Index Cond: (id = ANY ('{5794946,9079975,2615794,9656006,7076288,1730724,9824260,1017877,3264595,4739286}'::integer[]))

table 2 : explain SELECT c FROM sbtest2 WHERE id IN ( 5794946, 9079975, 2615794, 9656006, 7076288, 1730724, 9824260, 1017877, 3264595, 4739286)
	Index Scan using sbtest2_pkey on sbtest2  (cost=0.43..83.72 rows=10 width=121)
	  Index Cond: (id = ANY ('{5794946,9079975,2615794,9656006,7076288,1730724,9824260,1017877,3264595,4739286}'::integer[]))

table 3 : explain SELECT c FROM sbtest3 WHERE id IN ( 5794946, 9079975, 2615794, 9656006, 7076288, 1730724, 9824260, 1017877, 3264595, 4739286)
	Index Scan using sbtest3_pkey on sbtest3  (cost=0.43..83.65 rows=10 width=121)
	  Index Cond: (id = ANY ('{5794946,9079975,2615794,9656006,7076288,1730724,9824260,1017877,3264595,4739286}'::integer[]))

table 4 : explain SELECT c FROM sbtest4 WHERE id IN ( 5794946, 9079975, 2615794, 9656006, 7076288, 1730724, 9824260, 1017877, 3264595, 4739286)
	Index Scan using sbtest4_pkey on sbtest4  (cost=0.43..83.63 rows=10 width=121)
	  Index Cond: (id = ANY ('{5794946,9079975,2615794,9656006,7076288,1730724,9824260,1017877,3264595,4739286}'::integer[]))

table 5 : explain SELECT c FROM sbtest5 WHERE id IN ( 5794946, 9079975, 2615794, 9656006, 7076288, 1730724, 9824260, 1017877, 3264595, 4739286)
	Index Scan using sbtest5_pkey on sbtest5  (cost=0.43..83.63 rows=10 width=121)
	  Index Cond: (id = ANY ('{5794946,9079975,2615794,9656006,7076288,1730724,9824260,1017877,3264595,4739286}'::integer[]))

table 6 : explain SELECT c FROM sbtest6 WHERE id IN ( 5794946, 9079975, 2615794, 9656006, 7076288, 1730724, 9824260, 1017877, 3264595, 4739286)
	Index Scan using sbtest6_pkey on sbtest6  (cost=0.43..83.47 rows=10 width=121)
	  Index Cond: (id = ANY ('{5794946,9079975,2615794,9656006,7076288,1730724,9824260,1017877,3264595,4739286}'::integer[]))

table 7 : explain SELECT c FROM sbtest7 WHERE id IN ( 5794946, 9079975, 2615794, 9656006, 7076288, 1730724, 9824260, 1017877, 3264595, 4739286)
	Index Scan using sbtest7_pkey on sbtest7  (cost=0.43..83.76 rows=10 width=121)
	  Index Cond: (id = ANY ('{5794946,9079975,2615794,9656006,7076288,1730724,9824260,1017877,3264595,4739286}'::integer[]))

table 8 : explain SELECT c FROM sbtest8 WHERE id IN ( 5794946, 9079975, 2615794, 9656006, 7076288, 1730724, 9824260, 1017877, 3264595, 4739286)
	Index Scan using sbtest8_pkey on sbtest8  (cost=0.43..83.67 rows=10 width=121)
	  Index Cond: (id = ANY ('{5794946,9079975,2615794,9656006,7076288,1730724,9824260,1017877,3264595,4739286}'::integer[]))

explain: for select-inlist :: explain SELECT c FROM sbtest%d WHERE id IN ( 176888, 601654, 5544422, 537089, 3971456, 7061918, 4596530, 7279577, 1237209, 4867820)
explain: for select-inlist :: explain SELECT c FROM sbtest%d WHERE id IN ( 2989976, 5126514, 8002629, 5770112, 8455180, 9992219, 3760329, 1348030, 431529, 5989762)
for select-inlist
table 1 : explain SELECT c FROM sbtest1 WHERE id IN ( 1866822, 9661440, 6608785, 9262447, 8330475, 7928384, 3923089, 8080558, 5464232, 8191462)
	Index Scan using sbtest1_pkey on sbtest1  (cost=0.43..83.73 rows=10 width=121)
	  Index Cond: (id = ANY ('{1866822,9661440,6608785,9262447,8330475,7928384,3923089,8080558,5464232,8191462}'::integer[]))

table 2 : explain SELECT c FROM sbtest2 WHERE id IN ( 1866822, 9661440, 6608785, 9262447, 8330475, 7928384, 3923089, 8080558, 5464232, 8191462)
	Index Scan using sbtest2_pkey on sbtest2  (cost=0.43..83.72 rows=10 width=121)
	  Index Cond: (id = ANY ('{1866822,9661440,6608785,9262447,8330475,7928384,3923089,8080558,5464232,8191462}'::integer[]))

table 3 : explain SELECT c FROM sbtest3 WHERE id IN ( 1866822, 9661440, 6608785, 9262447, 8330475, 7928384, 3923089, 8080558, 5464232, 8191462)
	Index Scan using sbtest3_pkey on sbtest3  (cost=0.43..83.65 rows=10 width=121)
	  Index Cond: (id = ANY ('{1866822,9661440,6608785,9262447,8330475,7928384,3923089,8080558,5464232,8191462}'::integer[]))

table 4 : explain SELECT c FROM sbtest4 WHERE id IN ( 1866822, 9661440, 6608785, 9262447, 8330475, 7928384, 3923089, 8080558, 5464232, 8191462)
	Index Scan using sbtest4_pkey on sbtest4  (cost=0.43..83.63 rows=10 width=121)
	  Index Cond: (id = ANY ('{1866822,9661440,6608785,9262447,8330475,7928384,3923089,8080558,5464232,8191462}'::integer[]))

table 5 : explain SELECT c FROM sbtest5 WHERE id IN ( 1866822, 9661440, 6608785, 9262447, 8330475, 7928384, 3923089, 8080558, 5464232, 8191462)
	Index Scan using sbtest5_pkey on sbtest5  (cost=0.43..83.63 rows=10 width=121)
	  Index Cond: (id = ANY ('{1866822,9661440,6608785,9262447,8330475,7928384,3923089,8080558,5464232,8191462}'::integer[]))

table 6 : explain SELECT c FROM sbtest6 WHERE id IN ( 1866822, 9661440, 6608785, 9262447, 8330475, 7928384, 3923089, 8080558, 5464232, 8191462)
	Index Scan using sbtest6_pkey on sbtest6  (cost=0.43..83.47 rows=10 width=121)
	  Index Cond: (id = ANY ('{1866822,9661440,6608785,9262447,8330475,7928384,3923089,8080558,5464232,8191462}'::integer[]))

table 7 : explain SELECT c FROM sbtest7 WHERE id IN ( 1866822, 9661440, 6608785, 9262447, 8330475, 7928384, 3923089, 8080558, 5464232, 8191462)
	Index Scan using sbtest7_pkey on sbtest7  (cost=0.43..83.76 rows=10 width=121)
	  Index Cond: (id = ANY ('{1866822,9661440,6608785,9262447,8330475,7928384,3923089,8080558,5464232,8191462}'::integer[]))

table 8 : explain SELECT c FROM sbtest8 WHERE id IN ( 1866822, 9661440, 6608785, 9262447, 8330475, 7928384, 3923089, 8080558, 5464232, 8191462)
	Index Scan using sbtest8_pkey on sbtest8  (cost=0.43..83.67 rows=10 width=121)
	  Index Cond: (id = ANY ('{1866822,9661440,6608785,9262447,8330475,7928384,3923089,8080558,5464232,8191462}'::integer[]))

for select-inlist
table 1 : explain SELECT c FROM sbtest1 WHERE id IN ( 176888, 601654, 5544422, 537089, 3971456, 7061918, 4596530, 7279577, 1237209, 4867820)
	Index Scan using sbtest1_pkey on sbtest1  (cost=0.43..83.73 rows=10 width=121)
	  Index Cond: (id = ANY ('{176888,601654,5544422,537089,3971456,7061918,4596530,7279577,1237209,4867820}'::integer[]))

table 2 : explain SELECT c FROM sbtest2 WHERE id IN ( 176888, 601654, 5544422, 537089, 3971456, 7061918, 4596530, 7279577, 1237209, 4867820)
	Index Scan using sbtest2_pkey on sbtest2  (cost=0.43..83.72 rows=10 width=121)
	  Index Cond: (id = ANY ('{176888,601654,5544422,537089,3971456,7061918,4596530,7279577,1237209,4867820}'::integer[]))

table 3 : explain SELECT c FROM sbtest3 WHERE id IN ( 176888, 601654, 5544422, 537089, 3971456, 7061918, 4596530, 7279577, 1237209, 4867820)
	Index Scan using sbtest3_pkey on sbtest3  (cost=0.43..83.65 rows=10 width=121)
	  Index Cond: (id = ANY ('{176888,601654,5544422,537089,3971456,7061918,4596530,7279577,1237209,4867820}'::integer[]))

table 4 : explain SELECT c FROM sbtest4 WHERE id IN ( 176888, 601654, 5544422, 537089, 3971456, 7061918, 4596530, 7279577, 1237209, 4867820)
	Index Scan using sbtest4_pkey on sbtest4  (cost=0.43..83.63 rows=10 width=121)
	  Index Cond: (id = ANY ('{176888,601654,5544422,537089,3971456,7061918,4596530,7279577,1237209,4867820}'::integer[]))

table 5 : explain SELECT c FROM sbtest5 WHERE id IN ( 176888, 601654, 5544422, 537089, 3971456, 7061918, 4596530, 7279577, 1237209, 4867820)
	Index Scan using sbtest5_pkey on sbtest5  (cost=0.43..83.63 rows=10 width=121)
	  Index Cond: (id = ANY ('{176888,601654,5544422,537089,3971456,7061918,4596530,7279577,1237209,4867820}'::integer[]))

table 6 : explain SELECT c FROM sbtest6 WHERE id IN ( 176888, 601654, 5544422, 537089, 3971456, 7061918, 4596530, 7279577, 1237209, 4867820)
	Index Scan using sbtest6_pkey on sbtest6  (cost=0.43..83.47 rows=10 width=121)
	  Index Cond: (id = ANY ('{176888,601654,5544422,537089,3971456,7061918,4596530,7279577,1237209,4867820}'::integer[]))

table 7 : explain SELECT c FROM sbtest7 WHERE id IN ( 176888, 601654, 5544422, 537089, 3971456, 7061918, 4596530, 7279577, 1237209, 4867820)
	Index Scan using sbtest7_pkey on sbtest7  (cost=0.43..83.76 rows=10 width=121)
	  Index Cond: (id = ANY ('{176888,601654,5544422,537089,3971456,7061918,4596530,7279577,1237209,4867820}'::integer[]))

table 8 : explain SELECT c FROM sbtest8 WHERE id IN ( 176888, 601654, 5544422, 537089, 3971456, 7061918, 4596530, 7279577, 1237209, 4867820)
	Index Scan using sbtest8_pkey on sbtest8  (cost=0.43..83.67 rows=10 width=121)
	  Index Cond: (id = ANY ('{176888,601654,5544422,537089,3971456,7061918,4596530,7279577,1237209,4867820}'::integer[]))

for select-inlist
table 1 : explain SELECT c FROM sbtest1 WHERE id IN ( 2989976, 5126514, 8002629, 5770112, 8455180, 9992219, 3760329, 1348030, 431529, 5989762)
	Index Scan using sbtest1_pkey on sbtest1  (cost=0.43..83.73 rows=10 width=121)
	  Index Cond: (id = ANY ('{2989976,5126514,8002629,5770112,8455180,9992219,3760329,1348030,431529,5989762}'::integer[]))

table 2 : explain SELECT c FROM sbtest2 WHERE id IN ( 2989976, 5126514, 8002629, 5770112, 8455180, 9992219, 3760329, 1348030, 431529, 5989762)
	Index Scan using sbtest2_pkey on sbtest2  (cost=0.43..83.72 rows=10 width=121)
	  Index Cond: (id = ANY ('{2989976,5126514,8002629,5770112,8455180,9992219,3760329,1348030,431529,5989762}'::integer[]))

table 3 : explain SELECT c FROM sbtest3 WHERE id IN ( 2989976, 5126514, 8002629, 5770112, 8455180, 9992219, 3760329, 1348030, 431529, 5989762)
	Index Scan using sbtest3_pkey on sbtest3  (cost=0.43..83.65 rows=10 width=121)
	  Index Cond: (id = ANY ('{2989976,5126514,8002629,5770112,8455180,9992219,3760329,1348030,431529,5989762}'::integer[]))

table 4 : explain SELECT c FROM sbtest4 WHERE id IN ( 2989976, 5126514, 8002629, 5770112, 8455180, 9992219, 3760329, 1348030, 431529, 5989762)
	Index Scan using sbtest4_pkey on sbtest4  (cost=0.43..83.63 rows=10 width=121)
	  Index Cond: (id = ANY ('{2989976,5126514,8002629,5770112,8455180,9992219,3760329,1348030,431529,5989762}'::integer[]))

table 5 : explain SELECT c FROM sbtest5 WHERE id IN ( 2989976, 5126514, 8002629, 5770112, 8455180, 9992219, 3760329, 1348030, 431529, 5989762)
	Index Scan using sbtest5_pkey on sbtest5  (cost=0.43..83.63 rows=10 width=121)
	  Index Cond: (id = ANY ('{2989976,5126514,8002629,5770112,8455180,9992219,3760329,1348030,431529,5989762}'::integer[]))

table 6 : explain SELECT c FROM sbtest6 WHERE id IN ( 2989976, 5126514, 8002629, 5770112, 8455180, 9992219, 3760329, 1348030, 431529, 5989762)
	Index Scan using sbtest6_pkey on sbtest6  (cost=0.43..83.47 rows=10 width=121)
	  Index Cond: (id = ANY ('{2989976,5126514,8002629,5770112,8455180,9992219,3760329,1348030,431529,5989762}'::integer[]))

table 7 : explain SELECT c FROM sbtest7 WHERE id IN ( 2989976, 5126514, 8002629, 5770112, 8455180, 9992219, 3760329, 1348030, 431529, 5989762)
	Index Scan using sbtest7_pkey on sbtest7  (cost=0.43..83.76 rows=10 width=121)
	  Index Cond: (id = ANY ('{2989976,5126514,8002629,5770112,8455180,9992219,3760329,1348030,431529,5989762}'::integer[]))

table 8 : explain SELECT c FROM sbtest8 WHERE id IN ( 2989976, 5126514, 8002629, 5770112, 8455180, 9992219, 3760329, 1348030, 431529, 5989762)
	Index Scan using sbtest8_pkey on sbtest8  (cost=0.43..83.67 rows=10 width=121)
	  Index Cond: (id = ANY ('{2989976,5126514,8002629,5770112,8455180,9992219,3760329,1348030,431529,5989762}'::integer[]))

explain: for select-inlist :: explain SELECT c FROM sbtest%d WHERE id IN ( 9328347, 4997484, 1330030, 3791262, 7797560, 9705723, 458719, 7989951, 9088541, 4507993)
for select-inlist
table 1 : explain SELECT c FROM sbtest1 WHERE id IN ( 9328347, 4997484, 1330030, 3791262, 7797560, 9705723, 458719, 7989951, 9088541, 4507993)
	Index Scan using sbtest1_pkey on sbtest1  (cost=0.43..83.73 rows=10 width=121)
	  Index Cond: (id = ANY ('{9328347,4997484,1330030,3791262,7797560,9705723,458719,7989951,9088541,4507993}'::integer[]))

table 2 : explain SELECT c FROM sbtest2 WHERE id IN ( 9328347, 4997484, 1330030, 3791262, 7797560, 9705723, 458719, 7989951, 9088541, 4507993)
	Index Scan using sbtest2_pkey on sbtest2  (cost=0.43..83.72 rows=10 width=121)
	  Index Cond: (id = ANY ('{9328347,4997484,1330030,3791262,7797560,9705723,458719,7989951,9088541,4507993}'::integer[]))

table 3 : explain SELECT c FROM sbtest3 WHERE id IN ( 9328347, 4997484, 1330030, 3791262, 7797560, 9705723, 458719, 7989951, 9088541, 4507993)
	Index Scan using sbtest3_pkey on sbtest3  (cost=0.43..83.65 rows=10 width=121)
	  Index Cond: (id = ANY ('{9328347,4997484,1330030,3791262,7797560,9705723,458719,7989951,9088541,4507993}'::integer[]))

table 4 : explain SELECT c FROM sbtest4 WHERE id IN ( 9328347, 4997484, 1330030, 3791262, 7797560, 9705723, 458719, 7989951, 9088541, 4507993)
	Index Scan using sbtest4_pkey on sbtest4  (cost=0.43..83.63 rows=10 width=121)
	  Index Cond: (id = ANY ('{9328347,4997484,1330030,3791262,7797560,9705723,458719,7989951,9088541,4507993}'::integer[]))

table 5 : explain SELECT c FROM sbtest5 WHERE id IN ( 9328347, 4997484, 1330030, 3791262, 7797560, 9705723, 458719, 7989951, 9088541, 4507993)
	Index Scan using sbtest5_pkey on sbtest5  (cost=0.43..83.63 rows=10 width=121)
	  Index Cond: (id = ANY ('{9328347,4997484,1330030,3791262,7797560,9705723,458719,7989951,9088541,4507993}'::integer[]))

table 6 : explain SELECT c FROM sbtest6 WHERE id IN ( 9328347, 4997484, 1330030, 3791262, 7797560, 9705723, 458719, 7989951, 9088541, 4507993)
	Index Scan using sbtest6_pkey on sbtest6  (cost=0.43..83.47 rows=10 width=121)
	  Index Cond: (id = ANY ('{9328347,4997484,1330030,3791262,7797560,9705723,458719,7989951,9088541,4507993}'::integer[]))

table 7 : explain SELECT c FROM sbtest7 WHERE id IN ( 9328347, 4997484, 1330030, 3791262, 7797560, 9705723, 458719, 7989951, 9088541, 4507993)
	Index Scan using sbtest7_pkey on sbtest7  (cost=0.43..83.76 rows=10 width=121)
	  Index Cond: (id = ANY ('{9328347,4997484,1330030,3791262,7797560,9705723,458719,7989951,9088541,4507993}'::integer[]))

table 8 : explain SELECT c FROM sbtest8 WHERE id IN ( 9328347, 4997484, 1330030, 3791262, 7797560, 9705723, 458719, 7989951, 9088541, 4507993)
	Index Scan using sbtest8_pkey on sbtest8  (cost=0.43..83.67 rows=10 width=121)
	  Index Cond: (id = ANY ('{9328347,4997484,1330030,3791262,7797560,9705723,458719,7989951,9088541,4507993}'::integer[]))

Threads started!

Warming up for 5 seconds...

SQL statistics:
    queries performed:
        read:                            306927257
        write:                           0
        other:                           0
        total:                           306927257
    transactions:                        306927257 (487179.44 per sec.)
    queries:                             306927257 (487179.44 per sec.)
    ignored errors:                      0      (0.00 per sec.)
    reconnects:                          0      (0.00 per sec.)

Throughput:
    events/s (eps):                      487179.4365
    time elapsed:                        630.0088s
    total number of events:              306927257

Latency (ms):
         min:                                    0.07
         avg:                                    0.08
         max:                                   24.09
         95th percentile:                        0.09
         sum:                             25051788.62

Threads fairness:
    events (avg/stddev):           7673174.8000/52999.92
    execution time (avg/stddev):   626.2947/0.14

