LUA_PATH=/home/mdcallag/git/mytools/bench/sysbench.lua/lua/?.lua /home/mdcallag/git/mytools/bench/sysbench.lua/lua/sysbench --db-driver=pgsql --range-size=100 --table-size=10000000 --tables=8 --threads=40 --events=0 --warmup-time=5 --time=630 --pgsql_conn_id=true /home/mdcallag/git/mytools/bench/sysbench.lua/lua/oltp_range_covered.lua run --pgsql-user=root --pgsql-password=pw --pgsql-host=127.0.0.1 --pgsql-db=ib --rand-type=uniform --random-points=100 --skip-trx --on-id=false --covered=false
48 CPUs
sysbench 1.1.0-9072687 (using bundled LuaJIT 2.1.0-beta3)

Running the test with following options:
Number of threads: 40
Warmup time: 5s
Initializing random number generator from current time


Initializing worker threads...

explain: for range-notcovered :: explain SELECT k, c FROM sbtest%d WHERE k BETWEEN 4602147 AND 4602247
explain: for range-notcovered :: explain SELECT k, c FROM sbtest%d WHERE k BETWEEN 4964250 AND 4964350
explain: for range-notcovered :: explain SELECT k, c FROM sbtest%d WHERE k BETWEEN 4151392 AND 4151492
for range-notcovered
table 1 : explain SELECT k, c FROM sbtest1 WHERE k BETWEEN 4602147 AND 4602247
	Bitmap Heap Scan on sbtest1  (cost=5.42..385.43 rows=96 width=125)
	  Recheck Cond: ((k >= 4602147) AND (k <= 4602247))
	  ->  Bitmap Index Scan on k_1  (cost=0.00..5.39 rows=96 width=0)
	        Index Cond: ((k >= 4602147) AND (k <= 4602247))

table 2 : explain SELECT k, c FROM sbtest2 WHERE k BETWEEN 4602147 AND 4602247
	Bitmap Heap Scan on sbtest2  (cost=5.54..432.69 rows=108 width=125)
	  Recheck Cond: ((k >= 4602147) AND (k <= 4602247))
	  ->  Bitmap Index Scan on k_2  (cost=0.00..5.51 rows=108 width=0)
	        Index Cond: ((k >= 4602147) AND (k <= 4602247))

table 3 : explain SELECT k, c FROM sbtest3 WHERE k BETWEEN 4602147 AND 4602247
	Bitmap Heap Scan on sbtest3  (cost=5.57..444.49 rows=111 width=125)
	  Recheck Cond: ((k >= 4602147) AND (k <= 4602247))
	  ->  Bitmap Index Scan on k_3  (cost=0.00..5.54 rows=111 width=0)
	        Index Cond: ((k >= 4602147) AND (k <= 4602247))

table 4 : explain SELECT k, c FROM sbtest4 WHERE k BETWEEN 4602147 AND 4602247
	Bitmap Heap Scan on sbtest4  (cost=5.51..420.88 rows=105 width=125)
	  Recheck Cond: ((k >= 4602147) AND (k <= 4602247))
	  ->  Bitmap Index Scan on k_4  (cost=0.00..5.48 rows=105 width=0)
	        Index Cond: ((k >= 4602147) AND (k <= 4602247))

table 5 : explain SELECT k, c FROM sbtest5 WHERE k BETWEEN 4602147 AND 4602247
	Bitmap Heap Scan on sbtest5  (cost=5.42..385.43 rows=96 width=125)
	  Recheck Cond: ((k >= 4602147) AND (k <= 4602247))
	  ->  Bitmap Index Scan on k_5  (cost=0.00..5.39 rows=96 width=0)
	        Index Cond: ((k >= 4602147) AND (k <= 4602247))

table 6 : explain SELECT k, c FROM sbtest6 WHERE k BETWEEN 4602147 AND 4602247
	Bitmap Heap Scan on sbtest6  (cost=5.52..424.81 rows=106 width=125)
	  Recheck Cond: ((k >= 4602147) AND (k <= 4602247))
	  ->  Bitmap Index Scan on k_6  (cost=0.00..5.50 rows=106 width=0)
	        Index Cond: ((k >= 4602147) AND (k <= 4602247))

table 7 : explain SELECT k, c FROM sbtest7 WHERE k BETWEEN 4602147 AND 4602247
	Bitmap Heap Scan on sbtest7  (cost=5.62..464.15 rows=116 width=125)
	  Recheck Cond: ((k >= 4602147) AND (k <= 4602247))
	  ->  Bitmap Index Scan on k_7  (cost=0.00..5.59 rows=116 width=0)
	        Index Cond: ((k >= 4602147) AND (k <= 4602247))

table 8 : explain SELECT k, c FROM sbtest8 WHERE k BETWEEN 4602147 AND 4602247
	Bitmap Heap Scan on sbtest8  (cost=5.51..420.88 rows=105 width=125)
	  Recheck Cond: ((k >= 4602147) AND (k <= 4602247))
	  ->  Bitmap Index Scan on k_8  (cost=0.00..5.48 rows=105 width=0)
	        Index Cond: ((k >= 4602147) AND (k <= 4602247))

explain: for range-notcovered :: explain SELECT k, c FROM sbtest%d WHERE k BETWEEN 4602147 AND 4602247
explain: for range-notcovered :: explain SELECT k, c FROM sbtest%d WHERE k BETWEEN 2868783 AND 2868883
explain: for range-notcovered :: explain SELECT k, c FROM sbtest%d WHERE k BETWEEN 4553427 AND 4553527
for range-notcovered
table 1 : explain SELECT k, c FROM sbtest1 WHERE k BETWEEN 4602147 AND 4602247
	Bitmap Heap Scan on sbtest1  (cost=5.42..385.43 rows=96 width=125)
	  Recheck Cond: ((k >= 4602147) AND (k <= 4602247))
	  ->  Bitmap Index Scan on k_1  (cost=0.00..5.39 rows=96 width=0)
	        Index Cond: ((k >= 4602147) AND (k <= 4602247))

table 2 : explain SELECT k, c FROM sbtest2 WHERE k BETWEEN 4602147 AND 4602247
	Bitmap Heap Scan on sbtest2  (cost=5.54..432.69 rows=108 width=125)
	  Recheck Cond: ((k >= 4602147) AND (k <= 4602247))
	  ->  Bitmap Index Scan on k_2  (cost=0.00..5.51 rows=108 width=0)
	        Index Cond: ((k >= 4602147) AND (k <= 4602247))

table 3 : explain SELECT k, c FROM sbtest3 WHERE k BETWEEN 4602147 AND 4602247
	Bitmap Heap Scan on sbtest3  (cost=5.57..444.49 rows=111 width=125)
	  Recheck Cond: ((k >= 4602147) AND (k <= 4602247))
	  ->  Bitmap Index Scan on k_3  (cost=0.00..5.54 rows=111 width=0)
	        Index Cond: ((k >= 4602147) AND (k <= 4602247))

table 4 : explain SELECT k, c FROM sbtest4 WHERE k BETWEEN 4602147 AND 4602247
	Bitmap Heap Scan on sbtest4  (cost=5.51..420.88 rows=105 width=125)
	  Recheck Cond: ((k >= 4602147) AND (k <= 4602247))
	  ->  Bitmap Index Scan on k_4  (cost=0.00..5.48 rows=105 width=0)
	        Index Cond: ((k >= 4602147) AND (k <= 4602247))

table 5 : explain SELECT k, c FROM sbtest5 WHERE k BETWEEN 4602147 AND 4602247
	Bitmap Heap Scan on sbtest5  (cost=5.42..385.43 rows=96 width=125)
	  Recheck Cond: ((k >= 4602147) AND (k <= 4602247))
	  ->  Bitmap Index Scan on k_5  (cost=0.00..5.39 rows=96 width=0)
	        Index Cond: ((k >= 4602147) AND (k <= 4602247))

table 6 : explain SELECT k, c FROM sbtest6 WHERE k BETWEEN 4602147 AND 4602247
	Bitmap Heap Scan on sbtest6  (cost=5.52..424.81 rows=106 width=125)
	  Recheck Cond: ((k >= 4602147) AND (k <= 4602247))
	  ->  Bitmap Index Scan on k_6  (cost=0.00..5.50 rows=106 width=0)
	        Index Cond: ((k >= 4602147) AND (k <= 4602247))

table 7 : explain SELECT k, c FROM sbtest7 WHERE k BETWEEN 4602147 AND 4602247
	Bitmap Heap Scan on sbtest7  (cost=5.62..464.15 rows=116 width=125)
	  Recheck Cond: ((k >= 4602147) AND (k <= 4602247))
	  ->  Bitmap Index Scan on k_7  (cost=0.00..5.59 rows=116 width=0)
	        Index Cond: ((k >= 4602147) AND (k <= 4602247))

table 8 : explain SELECT k, c FROM sbtest8 WHERE k BETWEEN 4602147 AND 4602247
	Bitmap Heap Scan on sbtest8  (cost=5.51..420.88 rows=105 width=125)
	  Recheck Cond: ((k >= 4602147) AND (k <= 4602247))
	  ->  Bitmap Index Scan on k_8  (cost=0.00..5.48 rows=105 width=0)
	        Index Cond: ((k >= 4602147) AND (k <= 4602247))

explain: for range-notcovered :: explain SELECT k, c FROM sbtest%d WHERE k BETWEEN 4602147 AND 4602247
for range-notcovered
table 1 : explain SELECT k, c FROM sbtest1 WHERE k BETWEEN 4602147 AND 4602247
	Bitmap Heap Scan on sbtest1  (cost=5.42..385.43 rows=96 width=125)
	  Recheck Cond: ((k >= 4602147) AND (k <= 4602247))
	  ->  Bitmap Index Scan on k_1  (cost=0.00..5.39 rows=96 width=0)
	        Index Cond: ((k >= 4602147) AND (k <= 4602247))

table 2 : explain SELECT k, c FROM sbtest2 WHERE k BETWEEN 4602147 AND 4602247
	Bitmap Heap Scan on sbtest2  (cost=5.54..432.69 rows=108 width=125)
	  Recheck Cond: ((k >= 4602147) AND (k <= 4602247))
	  ->  Bitmap Index Scan on k_2  (cost=0.00..5.51 rows=108 width=0)
	        Index Cond: ((k >= 4602147) AND (k <= 4602247))

table 3 : explain SELECT k, c FROM sbtest3 WHERE k BETWEEN 4602147 AND 4602247
	Bitmap Heap Scan on sbtest3  (cost=5.57..444.49 rows=111 width=125)
	  Recheck Cond: ((k >= 4602147) AND (k <= 4602247))
	  ->  Bitmap Index Scan on k_3  (cost=0.00..5.54 rows=111 width=0)
	        Index Cond: ((k >= 4602147) AND (k <= 4602247))

table 4 : explain SELECT k, c FROM sbtest4 WHERE k BETWEEN 4602147 AND 4602247
	Bitmap Heap Scan on sbtest4  (cost=5.51..420.88 rows=105 width=125)
	  Recheck Cond: ((k >= 4602147) AND (k <= 4602247))
	  ->  Bitmap Index Scan on k_4  (cost=0.00..5.48 rows=105 width=0)
	        Index Cond: ((k >= 4602147) AND (k <= 4602247))

table 5 : explain SELECT k, c FROM sbtest5 WHERE k BETWEEN 4602147 AND 4602247
	Bitmap Heap Scan on sbtest5  (cost=5.42..385.43 rows=96 width=125)
	  Recheck Cond: ((k >= 4602147) AND (k <= 4602247))
	  ->  Bitmap Index Scan on k_5  (cost=0.00..5.39 rows=96 width=0)
	        Index Cond: ((k >= 4602147) AND (k <= 4602247))

table 6 : explain SELECT k, c FROM sbtest6 WHERE k BETWEEN 4602147 AND 4602247
	Bitmap Heap Scan on sbtest6  (cost=5.52..424.81 rows=106 width=125)
	  Recheck Cond: ((k >= 4602147) AND (k <= 4602247))
	  ->  Bitmap Index Scan on k_6  (cost=0.00..5.50 rows=106 width=0)
	        Index Cond: ((k >= 4602147) AND (k <= 4602247))

table 7 : explain SELECT k, c FROM sbtest7 WHERE k BETWEEN 4602147 AND 4602247
	Bitmap Heap Scan on sbtest7  (cost=5.62..464.15 rows=116 width=125)
	  Recheck Cond: ((k >= 4602147) AND (k <= 4602247))
	  ->  Bitmap Index Scan on k_7  (cost=0.00..5.59 rows=116 width=0)
	        Index Cond: ((k >= 4602147) AND (k <= 4602247))

table 8 : explain SELECT k, c FROM sbtest8 WHERE k BETWEEN 4602147 AND 4602247
	Bitmap Heap Scan on sbtest8  (cost=5.51..420.88 rows=105 width=125)
	  Recheck Cond: ((k >= 4602147) AND (k <= 4602247))
	  ->  Bitmap Index Scan on k_8  (cost=0.00..5.48 rows=105 width=0)
	        Index Cond: ((k >= 4602147) AND (k <= 4602247))

explain: for range-notcovered :: explain SELECT k, c FROM sbtest%d WHERE k BETWEEN 4602147 AND 4602247
for range-notcovered
table 1 : explain SELECT k, c FROM sbtest1 WHERE k BETWEEN 4964250 AND 4964350
	Bitmap Heap Scan on sbtest1  (cost=5.55..436.62 rows=109 width=125)
	  Recheck Cond: ((k >= 4964250) AND (k <= 4964350))
	  ->  Bitmap Index Scan on k_1  (cost=0.00..5.52 rows=109 width=0)
	        Index Cond: ((k >= 4964250) AND (k <= 4964350))

table 2 : explain SELECT k, c FROM sbtest2 WHERE k BETWEEN 4964250 AND 4964350
	Bitmap Heap Scan on sbtest2  (cost=5.41..381.49 rows=95 width=125)
	  Recheck Cond: ((k >= 4964250) AND (k <= 4964350))
	  ->  Bitmap Index Scan on k_2  (cost=0.00..5.38 rows=95 width=0)
	        Index Cond: ((k >= 4964250) AND (k <= 4964350))

table 3 : explain SELECT k, c FROM sbtest3 WHERE k BETWEEN 4964250 AND 4964350
	Bitmap Heap Scan on sbtest3  (cost=5.46..401.19 rows=100 width=125)
	  Recheck Cond: ((k >= 4964250) AND (k <= 4964350))
	  ->  Bitmap Index Scan on k_3  (cost=0.00..5.43 rows=100 width=0)
	        Index Cond: ((k >= 4964250) AND (k <= 4964350))

table 4 : explain SELECT k, c FROM sbtest4 WHERE k BETWEEN 4964250 AND 4964350
	Bitmap Heap Scan on sbtest4  (cost=5.40..377.55 rows=94 width=125)
	  Recheck Cond: ((k >= 4964250) AND (k <= 4964350))
	  ->  Bitmap Index Scan on k_4  (cost=0.00..5.38 rows=94 width=0)
	        Index Cond: ((k >= 4964250) AND (k <= 4964350))

table 5 : explain SELECT k, c FROM sbtest5 WHERE k BETWEEN 4964250 AND 4964350
	Bitmap Heap Scan on sbtest5  (cost=5.41..381.49 rows=95 width=125)
	  Recheck Cond: ((k >= 4964250) AND (k <= 4964350))
	  ->  Bitmap Index Scan on k_5  (cost=0.00..5.38 rows=95 width=0)
	        Index Cond: ((k >= 4964250) AND (k <= 4964350))

table 6 : explain SELECT k, c FROM sbtest6 WHERE k BETWEEN 4964250 AND 4964350
	Bitmap Heap Scan on sbtest6  (cost=5.43..389.37 rows=97 width=125)
	  Recheck Cond: ((k >= 4964250) AND (k <= 4964350))
	  ->  Bitmap Index Scan on k_6  (cost=0.00..5.40 rows=97 width=0)
	        Index Cond: ((k >= 4964250) AND (k <= 4964350))

table 7 : explain SELECT k, c FROM sbtest7 WHERE k BETWEEN 4964250 AND 4964350
	Bitmap Heap Scan on sbtest7  (cost=5.46..401.19 rows=100 width=125)
	  Recheck Cond: ((k >= 4964250) AND (k <= 4964350))
	  ->  Bitmap Index Scan on k_7  (cost=0.00..5.43 rows=100 width=0)
	        Index Cond: ((k >= 4964250) AND (k <= 4964350))

table 8 : explain SELECT k, c FROM sbtest8 WHERE k BETWEEN 4964250 AND 4964350
	Bitmap Heap Scan on sbtest8  (cost=5.47..405.13 rows=101 width=125)
	  Recheck Cond: ((k >= 4964250) AND (k <= 4964350))
	  ->  Bitmap Index Scan on k_8  (cost=0.00..5.44 rows=101 width=0)
	        Index Cond: ((k >= 4964250) AND (k <= 4964350))

for range-notcovered
table 1 : explain SELECT k, c FROM sbtest1 WHERE k BETWEEN 4602147 AND 4602247
	Bitmap Heap Scan on sbtest1  (cost=5.42..385.43 rows=96 width=125)
	  Recheck Cond: ((k >= 4602147) AND (k <= 4602247))
	  ->  Bitmap Index Scan on k_1  (cost=0.00..5.39 rows=96 width=0)
	        Index Cond: ((k >= 4602147) AND (k <= 4602247))

table 2 : explain SELECT k, c FROM sbtest2 WHERE k BETWEEN 4602147 AND 4602247
	Bitmap Heap Scan on sbtest2  (cost=5.54..432.69 rows=108 width=125)
	  Recheck Cond: ((k >= 4602147) AND (k <= 4602247))
	  ->  Bitmap Index Scan on k_2  (cost=0.00..5.51 rows=108 width=0)
	        Index Cond: ((k >= 4602147) AND (k <= 4602247))

table 3 : explain SELECT k, c FROM sbtest3 WHERE k BETWEEN 4602147 AND 4602247
	Bitmap Heap Scan on sbtest3  (cost=5.57..444.49 rows=111 width=125)
	  Recheck Cond: ((k >= 4602147) AND (k <= 4602247))
	  ->  Bitmap Index Scan on k_3  (cost=0.00..5.54 rows=111 width=0)
	        Index Cond: ((k >= 4602147) AND (k <= 4602247))

table 4 : explain SELECT k, c FROM sbtest4 WHERE k BETWEEN 4602147 AND 4602247
	Bitmap Heap Scan on sbtest4  (cost=5.51..420.88 rows=105 width=125)
	  Recheck Cond: ((k >= 4602147) AND (k <= 4602247))
	  ->  Bitmap Index Scan on k_4  (cost=0.00..5.48 rows=105 width=0)
	        Index Cond: ((k >= 4602147) AND (k <= 4602247))

table 5 : explain SELECT k, c FROM sbtest5 WHERE k BETWEEN 4602147 AND 4602247
	Bitmap Heap Scan on sbtest5  (cost=5.42..385.43 rows=96 width=125)
	  Recheck Cond: ((k >= 4602147) AND (k <= 4602247))
	  ->  Bitmap Index Scan on k_5  (cost=0.00..5.39 rows=96 width=0)
	        Index Cond: ((k >= 4602147) AND (k <= 4602247))

table 6 : explain SELECT k, c FROM sbtest6 WHERE k BETWEEN 4602147 AND 4602247
	Bitmap Heap Scan on sbtest6  (cost=5.52..424.81 rows=106 width=125)
	  Recheck Cond: ((k >= 4602147) AND (k <= 4602247))
	  ->  Bitmap Index Scan on k_6  (cost=0.00..5.50 rows=106 width=0)
	        Index Cond: ((k >= 4602147) AND (k <= 4602247))

table 7 : explain SELECT k, c FROM sbtest7 WHERE k BETWEEN 4602147 AND 4602247
	Bitmap Heap Scan on sbtest7  (cost=5.62..464.15 rows=116 width=125)
	  Recheck Cond: ((k >= 4602147) AND (k <= 4602247))
	  ->  Bitmap Index Scan on k_7  (cost=0.00..5.59 rows=116 width=0)
	        Index Cond: ((k >= 4602147) AND (k <= 4602247))

table 8 : explain SELECT k, c FROM sbtest8 WHERE k BETWEEN 4602147 AND 4602247
	Bitmap Heap Scan on sbtest8  (cost=5.51..420.88 rows=105 width=125)
	  Recheck Cond: ((k >= 4602147) AND (k <= 4602247))
	  ->  Bitmap Index Scan on k_8  (cost=0.00..5.48 rows=105 width=0)
	        Index Cond: ((k >= 4602147) AND (k <= 4602247))

explain: for range-notcovered :: explain SELECT k, c FROM sbtest%d WHERE k BETWEEN 4964250 AND 4964350
explain: for range-notcovered :: explain SELECT k, c FROM sbtest%d WHERE k BETWEEN 4602147 AND 4602247
for range-notcovered
table 1 : explain SELECT k, c FROM sbtest1 WHERE k BETWEEN 4553427 AND 4553527
	Bitmap Heap Scan on sbtest1  (cost=5.41..381.49 rows=95 width=125)
	  Recheck Cond: ((k >= 4553427) AND (k <= 4553527))
	  ->  Bitmap Index Scan on k_1  (cost=0.00..5.38 rows=95 width=0)
	        Index Cond: ((k >= 4553427) AND (k <= 4553527))

table 2 : explain SELECT k, c FROM sbtest2 WHERE k BETWEEN 4553427 AND 4553527
	Bitmap Heap Scan on sbtest2  (cost=5.54..432.69 rows=108 width=125)
	  Recheck Cond: ((k >= 4553427) AND (k <= 4553527))
	  ->  Bitmap Index Scan on k_2  (cost=0.00..5.51 rows=108 width=0)
	        Index Cond: ((k >= 4553427) AND (k <= 4553527))

table 3 : explain SELECT k, c FROM sbtest3 WHERE k BETWEEN 4553427 AND 4553527
	Bitmap Heap Scan on sbtest3  (cost=5.57..444.49 rows=111 width=125)
	  Recheck Cond: ((k >= 4553427) AND (k <= 4553527))
	  ->  Bitmap Index Scan on k_3  (cost=0.00..5.54 rows=111 width=0)
	        Index Cond: ((k >= 4553427) AND (k <= 4553527))

table 4 : explain SELECT k, c FROM sbtest4 WHERE k BETWEEN 4553427 AND 4553527
	Bitmap Heap Scan on sbtest4  (cost=5.40..377.55 rows=94 width=125)
	  Recheck Cond: ((k >= 4553427) AND (k <= 4553527))
	  ->  Bitmap Index Scan on k_4  (cost=0.00..5.38 rows=94 width=0)
	        Index Cond: ((k >= 4553427) AND (k <= 4553527))

table 5 : explain SELECT k, c FROM sbtest5 WHERE k BETWEEN 4553427 AND 4553527
	Bitmap Heap Scan on sbtest5  (cost=5.42..385.43 rows=96 width=125)
	  Recheck Cond: ((k >= 4553427) AND (k <= 4553527))
	  ->  Bitmap Index Scan on k_5  (cost=0.00..5.39 rows=96 width=0)
	        Index Cond: ((k >= 4553427) AND (k <= 4553527))

table 6 : explain SELECT k, c FROM sbtest6 WHERE k BETWEEN 4553427 AND 4553527
	Bitmap Heap Scan on sbtest6  (cost=5.56..440.56 rows=110 width=125)
	  Recheck Cond: ((k >= 4553427) AND (k <= 4553527))
	  ->  Bitmap Index Scan on k_6  (cost=0.00..5.53 rows=110 width=0)
	        Index Cond: ((k >= 4553427) AND (k <= 4553527))

table 7 : explain SELECT k, c FROM sbtest7 WHERE k BETWEEN 4553427 AND 4553527
	Bitmap Heap Scan on sbtest7  (cost=5.54..432.69 rows=108 width=125)
	  Recheck Cond: ((k >= 4553427) AND (k <= 4553527))
	  ->  Bitmap Index Scan on k_7  (cost=0.00..5.51 rows=108 width=0)
	        Index Cond: ((k >= 4553427) AND (k <= 4553527))

table 8 : explain SELECT k, c FROM sbtest8 WHERE k BETWEEN 4553427 AND 4553527
	Bitmap Heap Scan on sbtest8  (cost=5.51..420.88 rows=105 width=125)
	  Recheck Cond: ((k >= 4553427) AND (k <= 4553527))
	  ->  Bitmap Index Scan on k_8  (cost=0.00..5.48 rows=105 width=0)
	        Index Cond: ((k >= 4553427) AND (k <= 4553527))

explain: for range-notcovered :: explain SELECT k, c FROM sbtest%d WHERE k BETWEEN 4553427 AND 4553527
for range-notcovered
table 1 : explain SELECT k, c FROM sbtest1 WHERE k BETWEEN 4964250 AND 4964350
	Bitmap Heap Scan on sbtest1  (cost=5.55..436.62 rows=109 width=125)
	  Recheck Cond: ((k >= 4964250) AND (k <= 4964350))
	  ->  Bitmap Index Scan on k_1  (cost=0.00..5.52 rows=109 width=0)
	        Index Cond: ((k >= 4964250) AND (k <= 4964350))

table 2 : explain SELECT k, c FROM sbtest2 WHERE k BETWEEN 4964250 AND 4964350
	Bitmap Heap Scan on sbtest2  (cost=5.41..381.49 rows=95 width=125)
	  Recheck Cond: ((k >= 4964250) AND (k <= 4964350))
	  ->  Bitmap Index Scan on k_2  (cost=0.00..5.38 rows=95 width=0)
	        Index Cond: ((k >= 4964250) AND (k <= 4964350))

table 3 : explain SELECT k, c FROM sbtest3 WHERE k BETWEEN 4964250 AND 4964350
	Bitmap Heap Scan on sbtest3  (cost=5.46..401.19 rows=100 width=125)
	  Recheck Cond: ((k >= 4964250) AND (k <= 4964350))
	  ->  Bitmap Index Scan on k_3  (cost=0.00..5.43 rows=100 width=0)
	        Index Cond: ((k >= 4964250) AND (k <= 4964350))

table 4 : explain SELECT k, c FROM sbtest4 WHERE k BETWEEN 4964250 AND 4964350
	Bitmap Heap Scan on sbtest4  (cost=5.40..377.55 rows=94 width=125)
	  Recheck Cond: ((k >= 4964250) AND (k <= 4964350))
	  ->  Bitmap Index Scan on k_4  (cost=0.00..5.38 rows=94 width=0)
	        Index Cond: ((k >= 4964250) AND (k <= 4964350))

table 5 : explain SELECT k, c FROM sbtest5 WHERE k BETWEEN 4964250 AND 4964350
	Bitmap Heap Scan on sbtest5  (cost=5.41..381.49 rows=95 width=125)
	  Recheck Cond: ((k >= 4964250) AND (k <= 4964350))
	  ->  Bitmap Index Scan on k_5  (cost=0.00..5.38 rows=95 width=0)
	        Index Cond: ((k >= 4964250) AND (k <= 4964350))

table 6 : explain SELECT k, c FROM sbtest6 WHERE k BETWEEN 4964250 AND 4964350
	Bitmap Heap Scan on sbtest6  (cost=5.43..389.37 rows=97 width=125)
	  Recheck Cond: ((k >= 4964250) AND (k <= 4964350))
	  ->  Bitmap Index Scan on k_6  (cost=0.00..5.40 rows=97 width=0)
	        Index Cond: ((k >= 4964250) AND (k <= 4964350))

table 7 : explain SELECT k, c FROM sbtest7 WHERE k BETWEEN 4964250 AND 4964350
	Bitmap Heap Scan on sbtest7  (cost=5.46..401.19 rows=100 width=125)
	  Recheck Cond: ((k >= 4964250) AND (k <= 4964350))
	  ->  Bitmap Index Scan on k_7  (cost=0.00..5.43 rows=100 width=0)
	        Index Cond: ((k >= 4964250) AND (k <= 4964350))

table 8 : explain SELECT k, c FROM sbtest8 WHERE k BETWEEN 4964250 AND 4964350
	Bitmap Heap Scan on sbtest8  (cost=5.47..405.13 rows=101 width=125)
	  Recheck Cond: ((k >= 4964250) AND (k <= 4964350))
	  ->  Bitmap Index Scan on k_8  (cost=0.00..5.44 rows=101 width=0)
	        Index Cond: ((k >= 4964250) AND (k <= 4964350))

for range-notcovered
table 1 : explain SELECT k, c FROM sbtest1 WHERE k BETWEEN 4602147 AND 4602247
	Bitmap Heap Scan on sbtest1  (cost=5.42..385.43 rows=96 width=125)
	  Recheck Cond: ((k >= 4602147) AND (k <= 4602247))
	  ->  Bitmap Index Scan on k_1  (cost=0.00..5.39 rows=96 width=0)
	        Index Cond: ((k >= 4602147) AND (k <= 4602247))

table 2 : explain SELECT k, c FROM sbtest2 WHERE k BETWEEN 4602147 AND 4602247
	Bitmap Heap Scan on sbtest2  (cost=5.54..432.69 rows=108 width=125)
	  Recheck Cond: ((k >= 4602147) AND (k <= 4602247))
	  ->  Bitmap Index Scan on k_2  (cost=0.00..5.51 rows=108 width=0)
	        Index Cond: ((k >= 4602147) AND (k <= 4602247))

table 3 : explain SELECT k, c FROM sbtest3 WHERE k BETWEEN 4602147 AND 4602247
	Bitmap Heap Scan on sbtest3  (cost=5.57..444.49 rows=111 width=125)
	  Recheck Cond: ((k >= 4602147) AND (k <= 4602247))
	  ->  Bitmap Index Scan on k_3  (cost=0.00..5.54 rows=111 width=0)
	        Index Cond: ((k >= 4602147) AND (k <= 4602247))

table 4 : explain SELECT k, c FROM sbtest4 WHERE k BETWEEN 4602147 AND 4602247
	Bitmap Heap Scan on sbtest4  (cost=5.51..420.88 rows=105 width=125)
	  Recheck Cond: ((k >= 4602147) AND (k <= 4602247))
	  ->  Bitmap Index Scan on k_4  (cost=0.00..5.48 rows=105 width=0)
	        Index Cond: ((k >= 4602147) AND (k <= 4602247))

table 5 : explain SELECT k, c FROM sbtest5 WHERE k BETWEEN 4602147 AND 4602247
	Bitmap Heap Scan on sbtest5  (cost=5.42..385.43 rows=96 width=125)
	  Recheck Cond: ((k >= 4602147) AND (k <= 4602247))
	  ->  Bitmap Index Scan on k_5  (cost=0.00..5.39 rows=96 width=0)
	        Index Cond: ((k >= 4602147) AND (k <= 4602247))

table 6 : explain SELECT k, c FROM sbtest6 WHERE k BETWEEN 4602147 AND 4602247
	Bitmap Heap Scan on sbtest6  (cost=5.52..424.81 rows=106 width=125)
	  Recheck Cond: ((k >= 4602147) AND (k <= 4602247))
	  ->  Bitmap Index Scan on k_6  (cost=0.00..5.50 rows=106 width=0)
	        Index Cond: ((k >= 4602147) AND (k <= 4602247))

table 7 : explain SELECT k, c FROM sbtest7 WHERE k BETWEEN 4602147 AND 4602247
	Bitmap Heap Scan on sbtest7  (cost=5.62..464.15 rows=116 width=125)
	  Recheck Cond: ((k >= 4602147) AND (k <= 4602247))
	  ->  Bitmap Index Scan on k_7  (cost=0.00..5.59 rows=116 width=0)
	        Index Cond: ((k >= 4602147) AND (k <= 4602247))

table 8 : explain SELECT k, c FROM sbtest8 WHERE k BETWEEN 4602147 AND 4602247
	Bitmap Heap Scan on sbtest8  (cost=5.51..420.88 rows=105 width=125)
	  Recheck Cond: ((k >= 4602147) AND (k <= 4602247))
	  ->  Bitmap Index Scan on k_8  (cost=0.00..5.48 rows=105 width=0)
	        Index Cond: ((k >= 4602147) AND (k <= 4602247))

explain: for range-notcovered :: explain SELECT k, c FROM sbtest%d WHERE k BETWEEN 4964250 AND 4964350
explain: for range-notcovered :: explain SELECT k, c FROM sbtest%d WHERE k BETWEEN 4602147 AND 4602247
for range-notcovered
table 1 : explain SELECT k, c FROM sbtest1 WHERE k BETWEEN 4553427 AND 4553527
	Bitmap Heap Scan on sbtest1  (cost=5.41..381.49 rows=95 width=125)
	  Recheck Cond: ((k >= 4553427) AND (k <= 4553527))
	  ->  Bitmap Index Scan on k_1  (cost=0.00..5.38 rows=95 width=0)
	        Index Cond: ((k >= 4553427) AND (k <= 4553527))

table 2 : explain SELECT k, c FROM sbtest2 WHERE k BETWEEN 4553427 AND 4553527
	Bitmap Heap Scan on sbtest2  (cost=5.54..432.69 rows=108 width=125)
	  Recheck Cond: ((k >= 4553427) AND (k <= 4553527))
	  ->  Bitmap Index Scan on k_2  (cost=0.00..5.51 rows=108 width=0)
	        Index Cond: ((k >= 4553427) AND (k <= 4553527))

table 3 : explain SELECT k, c FROM sbtest3 WHERE k BETWEEN 4553427 AND 4553527
	Bitmap Heap Scan on sbtest3  (cost=5.57..444.49 rows=111 width=125)
	  Recheck Cond: ((k >= 4553427) AND (k <= 4553527))
	  ->  Bitmap Index Scan on k_3  (cost=0.00..5.54 rows=111 width=0)
	        Index Cond: ((k >= 4553427) AND (k <= 4553527))

table 4 : explain SELECT k, c FROM sbtest4 WHERE k BETWEEN 4553427 AND 4553527
	Bitmap Heap Scan on sbtest4  (cost=5.40..377.55 rows=94 width=125)
	  Recheck Cond: ((k >= 4553427) AND (k <= 4553527))
	  ->  Bitmap Index Scan on k_4  (cost=0.00..5.38 rows=94 width=0)
	        Index Cond: ((k >= 4553427) AND (k <= 4553527))

table 5 : explain SELECT k, c FROM sbtest5 WHERE k BETWEEN 4553427 AND 4553527
	Bitmap Heap Scan on sbtest5  (cost=5.42..385.43 rows=96 width=125)
	  Recheck Cond: ((k >= 4553427) AND (k <= 4553527))
	  ->  Bitmap Index Scan on k_5  (cost=0.00..5.39 rows=96 width=0)
	        Index Cond: ((k >= 4553427) AND (k <= 4553527))

table 6 : explain SELECT k, c FROM sbtest6 WHERE k BETWEEN 4553427 AND 4553527
	Bitmap Heap Scan on sbtest6  (cost=5.56..440.56 rows=110 width=125)
	  Recheck Cond: ((k >= 4553427) AND (k <= 4553527))
	  ->  Bitmap Index Scan on k_6  (cost=0.00..5.53 rows=110 width=0)
	        Index Cond: ((k >= 4553427) AND (k <= 4553527))

table 7 : explain SELECT k, c FROM sbtest7 WHERE k BETWEEN 4553427 AND 4553527
	Bitmap Heap Scan on sbtest7  (cost=5.54..432.69 rows=108 width=125)
	  Recheck Cond: ((k >= 4553427) AND (k <= 4553527))
	  ->  Bitmap Index Scan on k_7  (cost=0.00..5.51 rows=108 width=0)
	        Index Cond: ((k >= 4553427) AND (k <= 4553527))

table 8 : explain SELECT k, c FROM sbtest8 WHERE k BETWEEN 4553427 AND 4553527
	Bitmap Heap Scan on sbtest8  (cost=5.51..420.88 rows=105 width=125)
	  Recheck Cond: ((k >= 4553427) AND (k <= 4553527))
	  ->  Bitmap Index Scan on k_8  (cost=0.00..5.48 rows=105 width=0)
	        Index Cond: ((k >= 4553427) AND (k <= 4553527))

for range-notcovered
table 1 : explain SELECT k, c FROM sbtest1 WHERE k BETWEEN 2868783 AND 2868883
	Bitmap Heap Scan on sbtest1  (cost=5.46..401.19 rows=100 width=125)
	  Recheck Cond: ((k >= 2868783) AND (k <= 2868883))
	  ->  Bitmap Index Scan on k_1  (cost=0.00..5.43 rows=100 width=0)
	        Index Cond: ((k >= 2868783) AND (k <= 2868883))

table 2 : explain SELECT k, c FROM sbtest2 WHERE k BETWEEN 2868783 AND 2868883
	Bitmap Heap Scan on sbtest2  (cost=5.50..416.94 rows=104 width=125)
	  Recheck Cond: ((k >= 2868783) AND (k <= 2868883))
	  ->  Bitmap Index Scan on k_2  (cost=0.00..5.47 rows=104 width=0)
	        Index Cond: ((k >= 2868783) AND (k <= 2868883))

table 3 : explain SELECT k, c FROM sbtest3 WHERE k BETWEEN 2868783 AND 2868883
	Bitmap Heap Scan on sbtest3  (cost=5.55..436.62 rows=109 width=125)
	  Recheck Cond: ((k >= 2868783) AND (k <= 2868883))
	  ->  Bitmap Index Scan on k_3  (cost=0.00..5.52 rows=109 width=0)
	        Index Cond: ((k >= 2868783) AND (k <= 2868883))

table 4 : explain SELECT k, c FROM sbtest4 WHERE k BETWEEN 2868783 AND 2868883
	Bitmap Heap Scan on sbtest4  (cost=5.55..436.62 rows=109 width=125)
	  Recheck Cond: ((k >= 2868783) AND (k <= 2868883))
	  ->  Bitmap Index Scan on k_4  (cost=0.00..5.52 rows=109 width=0)
	        Index Cond: ((k >= 2868783) AND (k <= 2868883))

table 5 : explain SELECT k, c FROM sbtest5 WHERE k BETWEEN 2868783 AND 2868883
	Bitmap Heap Scan on sbtest5  (cost=5.48..409.07 rows=102 width=125)
	  Recheck Cond: ((k >= 2868783) AND (k <= 2868883))
	  ->  Bitmap Index Scan on k_5  (cost=0.00..5.45 rows=102 width=0)
	        Index Cond: ((k >= 2868783) AND (k <= 2868883))

table 6 : explain SELECT k, c FROM sbtest6 WHERE k BETWEEN 2868783 AND 2868883
	Bitmap Heap Scan on sbtest6  (cost=5.49..413.00 rows=103 width=125)
	  Recheck Cond: ((k >= 2868783) AND (k <= 2868883))
	  ->  Bitmap Index Scan on k_6  (cost=0.00..5.46 rows=103 width=0)
	        Index Cond: ((k >= 2868783) AND (k <= 2868883))

table 7 : explain SELECT k, c FROM sbtest7 WHERE k BETWEEN 2868783 AND 2868883
	Bitmap Heap Scan on sbtest7  (cost=5.45..397.25 rows=99 width=125)
	  Recheck Cond: ((k >= 2868783) AND (k <= 2868883))
	  ->  Bitmap Index Scan on k_7  (cost=0.00..5.42 rows=99 width=0)
	        Index Cond: ((k >= 2868783) AND (k <= 2868883))

table 8 : explain SELECT k, c FROM sbtest8 WHERE k BETWEEN 2868783 AND 2868883
	Bitmap Heap Scan on sbtest8  (cost=5.53..428.75 rows=107 width=125)
	  Recheck Cond: ((k >= 2868783) AND (k <= 2868883))
	  ->  Bitmap Index Scan on k_8  (cost=0.00..5.50 rows=107 width=0)
	        Index Cond: ((k >= 2868783) AND (k <= 2868883))

explain: for range-notcovered :: explain SELECT k, c FROM sbtest%d WHERE k BETWEEN 4553427 AND 4553527
explain: for range-notcovered :: explain SELECT k, c FROM sbtest%d WHERE k BETWEEN 2868783 AND 2868883
for range-notcovered
table 1 : explain SELECT k, c FROM sbtest1 WHERE k BETWEEN 4964250 AND 4964350
	Bitmap Heap Scan on sbtest1  (cost=5.55..436.62 rows=109 width=125)
	  Recheck Cond: ((k >= 4964250) AND (k <= 4964350))
	  ->  Bitmap Index Scan on k_1  (cost=0.00..5.52 rows=109 width=0)
	        Index Cond: ((k >= 4964250) AND (k <= 4964350))

table 2 : explain SELECT k, c FROM sbtest2 WHERE k BETWEEN 4964250 AND 4964350
	Bitmap Heap Scan on sbtest2  (cost=5.41..381.49 rows=95 width=125)
	  Recheck Cond: ((k >= 4964250) AND (k <= 4964350))
	  ->  Bitmap Index Scan on k_2  (cost=0.00..5.38 rows=95 width=0)
	        Index Cond: ((k >= 4964250) AND (k <= 4964350))

table 3 : explain SELECT k, c FROM sbtest3 WHERE k BETWEEN 4964250 AND 4964350
	Bitmap Heap Scan on sbtest3  (cost=5.46..401.19 rows=100 width=125)
	  Recheck Cond: ((k >= 4964250) AND (k <= 4964350))
	  ->  Bitmap Index Scan on k_3  (cost=0.00..5.43 rows=100 width=0)
	        Index Cond: ((k >= 4964250) AND (k <= 4964350))

table 4 : explain SELECT k, c FROM sbtest4 WHERE k BETWEEN 4964250 AND 4964350
	Bitmap Heap Scan on sbtest4  (cost=5.40..377.55 rows=94 width=125)
	  Recheck Cond: ((k >= 4964250) AND (k <= 4964350))
	  ->  Bitmap Index Scan on k_4  (cost=0.00..5.38 rows=94 width=0)
	        Index Cond: ((k >= 4964250) AND (k <= 4964350))

table 5 : explain SELECT k, c FROM sbtest5 WHERE k BETWEEN 4964250 AND 4964350
	Bitmap Heap Scan on sbtest5  (cost=5.41..381.49 rows=95 width=125)
	  Recheck Cond: ((k >= 4964250) AND (k <= 4964350))
	  ->  Bitmap Index Scan on k_5  (cost=0.00..5.38 rows=95 width=0)
	        Index Cond: ((k >= 4964250) AND (k <= 4964350))

table 6 : explain SELECT k, c FROM sbtest6 WHERE k BETWEEN 4964250 AND 4964350
	Bitmap Heap Scan on sbtest6  (cost=5.43..389.37 rows=97 width=125)
	  Recheck Cond: ((k >= 4964250) AND (k <= 4964350))
	  ->  Bitmap Index Scan on k_6  (cost=0.00..5.40 rows=97 width=0)
	        Index Cond: ((k >= 4964250) AND (k <= 4964350))

table 7 : explain SELECT k, c FROM sbtest7 WHERE k BETWEEN 4964250 AND 4964350
	Bitmap Heap Scan on sbtest7  (cost=5.46..401.19 rows=100 width=125)
	  Recheck Cond: ((k >= 4964250) AND (k <= 4964350))
	  ->  Bitmap Index Scan on k_7  (cost=0.00..5.43 rows=100 width=0)
	        Index Cond: ((k >= 4964250) AND (k <= 4964350))

table 8 : explain SELECT k, c FROM sbtest8 WHERE k BETWEEN 4964250 AND 4964350
	Bitmap Heap Scan on sbtest8  (cost=5.47..405.13 rows=101 width=125)
	  Recheck Cond: ((k >= 4964250) AND (k <= 4964350))
	  ->  Bitmap Index Scan on k_8  (cost=0.00..5.44 rows=101 width=0)
	        Index Cond: ((k >= 4964250) AND (k <= 4964350))

explain: for range-notcovered :: explain SELECT k, c FROM sbtest%d WHERE k BETWEEN 4964250 AND 4964350
for range-notcovered
table 1 : explain SELECT k, c FROM sbtest1 WHERE k BETWEEN 4602147 AND 4602247
	Bitmap Heap Scan on sbtest1  (cost=5.42..385.43 rows=96 width=125)
	  Recheck Cond: ((k >= 4602147) AND (k <= 4602247))
	  ->  Bitmap Index Scan on k_1  (cost=0.00..5.39 rows=96 width=0)
	        Index Cond: ((k >= 4602147) AND (k <= 4602247))

table 2 : explain SELECT k, c FROM sbtest2 WHERE k BETWEEN 4602147 AND 4602247
	Bitmap Heap Scan on sbtest2  (cost=5.54..432.69 rows=108 width=125)
	  Recheck Cond: ((k >= 4602147) AND (k <= 4602247))
	  ->  Bitmap Index Scan on k_2  (cost=0.00..5.51 rows=108 width=0)
	        Index Cond: ((k >= 4602147) AND (k <= 4602247))

table 3 : explain SELECT k, c FROM sbtest3 WHERE k BETWEEN 4602147 AND 4602247
	Bitmap Heap Scan on sbtest3  (cost=5.57..444.49 rows=111 width=125)
	  Recheck Cond: ((k >= 4602147) AND (k <= 4602247))
	  ->  Bitmap Index Scan on k_3  (cost=0.00..5.54 rows=111 width=0)
	        Index Cond: ((k >= 4602147) AND (k <= 4602247))

table 4 : explain SELECT k, c FROM sbtest4 WHERE k BETWEEN 4602147 AND 4602247
	Bitmap Heap Scan on sbtest4  (cost=5.51..420.88 rows=105 width=125)
	  Recheck Cond: ((k >= 4602147) AND (k <= 4602247))
	  ->  Bitmap Index Scan on k_4  (cost=0.00..5.48 rows=105 width=0)
	        Index Cond: ((k >= 4602147) AND (k <= 4602247))

table 5 : explain SELECT k, c FROM sbtest5 WHERE k BETWEEN 4602147 AND 4602247
	Bitmap Heap Scan on sbtest5  (cost=5.42..385.43 rows=96 width=125)
	  Recheck Cond: ((k >= 4602147) AND (k <= 4602247))
	  ->  Bitmap Index Scan on k_5  (cost=0.00..5.39 rows=96 width=0)
	        Index Cond: ((k >= 4602147) AND (k <= 4602247))

table 6 : explain SELECT k, c FROM sbtest6 WHERE k BETWEEN 4602147 AND 4602247
	Bitmap Heap Scan on sbtest6  (cost=5.52..424.81 rows=106 width=125)
	  Recheck Cond: ((k >= 4602147) AND (k <= 4602247))
	  ->  Bitmap Index Scan on k_6  (cost=0.00..5.50 rows=106 width=0)
	        Index Cond: ((k >= 4602147) AND (k <= 4602247))

table 7 : explain SELECT k, c FROM sbtest7 WHERE k BETWEEN 4602147 AND 4602247
	Bitmap Heap Scan on sbtest7  (cost=5.62..464.15 rows=116 width=125)
	  Recheck Cond: ((k >= 4602147) AND (k <= 4602247))
	  ->  Bitmap Index Scan on k_7  (cost=0.00..5.59 rows=116 width=0)
	        Index Cond: ((k >= 4602147) AND (k <= 4602247))

table 8 : explain SELECT k, c FROM sbtest8 WHERE k BETWEEN 4602147 AND 4602247
	Bitmap Heap Scan on sbtest8  (cost=5.51..420.88 rows=105 width=125)
	  Recheck Cond: ((k >= 4602147) AND (k <= 4602247))
	  ->  Bitmap Index Scan on k_8  (cost=0.00..5.48 rows=105 width=0)
	        Index Cond: ((k >= 4602147) AND (k <= 4602247))

explain: for range-notcovered :: explain SELECT k, c FROM sbtest%d WHERE k BETWEEN 4602147 AND 4602247
for range-notcovered
table 1 : explain SELECT k, c FROM sbtest1 WHERE k BETWEEN 4553427 AND 4553527
	Bitmap Heap Scan on sbtest1  (cost=5.41..381.49 rows=95 width=125)
	  Recheck Cond: ((k >= 4553427) AND (k <= 4553527))
	  ->  Bitmap Index Scan on k_1  (cost=0.00..5.38 rows=95 width=0)
	        Index Cond: ((k >= 4553427) AND (k <= 4553527))

table 2 : explain SELECT k, c FROM sbtest2 WHERE k BETWEEN 4553427 AND 4553527
	Bitmap Heap Scan on sbtest2  (cost=5.54..432.69 rows=108 width=125)
	  Recheck Cond: ((k >= 4553427) AND (k <= 4553527))
	  ->  Bitmap Index Scan on k_2  (cost=0.00..5.51 rows=108 width=0)
	        Index Cond: ((k >= 4553427) AND (k <= 4553527))

table 3 : explain SELECT k, c FROM sbtest3 WHERE k BETWEEN 4553427 AND 4553527
	Bitmap Heap Scan on sbtest3  (cost=5.57..444.49 rows=111 width=125)
	  Recheck Cond: ((k >= 4553427) AND (k <= 4553527))
	  ->  Bitmap Index Scan on k_3  (cost=0.00..5.54 rows=111 width=0)
	        Index Cond: ((k >= 4553427) AND (k <= 4553527))

table 4 : explain SELECT k, c FROM sbtest4 WHERE k BETWEEN 4553427 AND 4553527
	Bitmap Heap Scan on sbtest4  (cost=5.40..377.55 rows=94 width=125)
	  Recheck Cond: ((k >= 4553427) AND (k <= 4553527))
	  ->  Bitmap Index Scan on k_4  (cost=0.00..5.38 rows=94 width=0)
	        Index Cond: ((k >= 4553427) AND (k <= 4553527))

table 5 : explain SELECT k, c FROM sbtest5 WHERE k BETWEEN 4553427 AND 4553527
	Bitmap Heap Scan on sbtest5  (cost=5.42..385.43 rows=96 width=125)
	  Recheck Cond: ((k >= 4553427) AND (k <= 4553527))
	  ->  Bitmap Index Scan on k_5  (cost=0.00..5.39 rows=96 width=0)
	        Index Cond: ((k >= 4553427) AND (k <= 4553527))

table 6 : explain SELECT k, c FROM sbtest6 WHERE k BETWEEN 4553427 AND 4553527
	Bitmap Heap Scan on sbtest6  (cost=5.56..440.56 rows=110 width=125)
	  Recheck Cond: ((k >= 4553427) AND (k <= 4553527))
	  ->  Bitmap Index Scan on k_6  (cost=0.00..5.53 rows=110 width=0)
	        Index Cond: ((k >= 4553427) AND (k <= 4553527))

table 7 : explain SELECT k, c FROM sbtest7 WHERE k BETWEEN 4553427 AND 4553527
	Bitmap Heap Scan on sbtest7  (cost=5.54..432.69 rows=108 width=125)
	  Recheck Cond: ((k >= 4553427) AND (k <= 4553527))
	  ->  Bitmap Index Scan on k_7  (cost=0.00..5.51 rows=108 width=0)
	        Index Cond: ((k >= 4553427) AND (k <= 4553527))

table 8 : explain SELECT k, c FROM sbtest8 WHERE k BETWEEN 4553427 AND 4553527
	Bitmap Heap Scan on sbtest8  (cost=5.51..420.88 rows=105 width=125)
	  Recheck Cond: ((k >= 4553427) AND (k <= 4553527))
	  ->  Bitmap Index Scan on k_8  (cost=0.00..5.48 rows=105 width=0)
	        Index Cond: ((k >= 4553427) AND (k <= 4553527))

for range-notcovered
table 1 : explain SELECT k, c FROM sbtest1 WHERE k BETWEEN 2868783 AND 2868883
	Bitmap Heap Scan on sbtest1  (cost=5.46..401.19 rows=100 width=125)
	  Recheck Cond: ((k >= 2868783) AND (k <= 2868883))
	  ->  Bitmap Index Scan on k_1  (cost=0.00..5.43 rows=100 width=0)
	        Index Cond: ((k >= 2868783) AND (k <= 2868883))

table 2 : explain SELECT k, c FROM sbtest2 WHERE k BETWEEN 2868783 AND 2868883
	Bitmap Heap Scan on sbtest2  (cost=5.50..416.94 rows=104 width=125)
	  Recheck Cond: ((k >= 2868783) AND (k <= 2868883))
	  ->  Bitmap Index Scan on k_2  (cost=0.00..5.47 rows=104 width=0)
	        Index Cond: ((k >= 2868783) AND (k <= 2868883))

table 3 : explain SELECT k, c FROM sbtest3 WHERE k BETWEEN 2868783 AND 2868883
	Bitmap Heap Scan on sbtest3  (cost=5.55..436.62 rows=109 width=125)
	  Recheck Cond: ((k >= 2868783) AND (k <= 2868883))
	  ->  Bitmap Index Scan on k_3  (cost=0.00..5.52 rows=109 width=0)
	        Index Cond: ((k >= 2868783) AND (k <= 2868883))

table 4 : explain SELECT k, c FROM sbtest4 WHERE k BETWEEN 2868783 AND 2868883
	Bitmap Heap Scan on sbtest4  (cost=5.55..436.62 rows=109 width=125)
	  Recheck Cond: ((k >= 2868783) AND (k <= 2868883))
	  ->  Bitmap Index Scan on k_4  (cost=0.00..5.52 rows=109 width=0)
	        Index Cond: ((k >= 2868783) AND (k <= 2868883))

table 5 : explain SELECT k, c FROM sbtest5 WHERE k BETWEEN 2868783 AND 2868883
	Bitmap Heap Scan on sbtest5  (cost=5.48..409.07 rows=102 width=125)
	  Recheck Cond: ((k >= 2868783) AND (k <= 2868883))
	  ->  Bitmap Index Scan on k_5  (cost=0.00..5.45 rows=102 width=0)
	        Index Cond: ((k >= 2868783) AND (k <= 2868883))

table 6 : explain SELECT k, c FROM sbtest6 WHERE k BETWEEN 2868783 AND 2868883
	Bitmap Heap Scan on sbtest6  (cost=5.49..413.00 rows=103 width=125)
	  Recheck Cond: ((k >= 2868783) AND (k <= 2868883))
	  ->  Bitmap Index Scan on k_6  (cost=0.00..5.46 rows=103 width=0)
	        Index Cond: ((k >= 2868783) AND (k <= 2868883))

table 7 : explain SELECT k, c FROM sbtest7 WHERE k BETWEEN 2868783 AND 2868883
	Bitmap Heap Scan on sbtest7  (cost=5.45..397.25 rows=99 width=125)
	  Recheck Cond: ((k >= 2868783) AND (k <= 2868883))
	  ->  Bitmap Index Scan on k_7  (cost=0.00..5.42 rows=99 width=0)
	        Index Cond: ((k >= 2868783) AND (k <= 2868883))

table 8 : explain SELECT k, c FROM sbtest8 WHERE k BETWEEN 2868783 AND 2868883
	Bitmap Heap Scan on sbtest8  (cost=5.53..428.75 rows=107 width=125)
	  Recheck Cond: ((k >= 2868783) AND (k <= 2868883))
	  ->  Bitmap Index Scan on k_8  (cost=0.00..5.50 rows=107 width=0)
	        Index Cond: ((k >= 2868783) AND (k <= 2868883))

explain: for range-notcovered :: explain SELECT k, c FROM sbtest%d WHERE k BETWEEN 2868783 AND 2868883
explain: for range-notcovered :: explain SELECT k, c FROM sbtest%d WHERE k BETWEEN 4553427 AND 4553527
for range-notcovered
table 1 : explain SELECT k, c FROM sbtest1 WHERE k BETWEEN 4964250 AND 4964350
	Bitmap Heap Scan on sbtest1  (cost=5.55..436.62 rows=109 width=125)
	  Recheck Cond: ((k >= 4964250) AND (k <= 4964350))
	  ->  Bitmap Index Scan on k_1  (cost=0.00..5.52 rows=109 width=0)
	        Index Cond: ((k >= 4964250) AND (k <= 4964350))

table 2 : explain SELECT k, c FROM sbtest2 WHERE k BETWEEN 4964250 AND 4964350
	Bitmap Heap Scan on sbtest2  (cost=5.41..381.49 rows=95 width=125)
	  Recheck Cond: ((k >= 4964250) AND (k <= 4964350))
	  ->  Bitmap Index Scan on k_2  (cost=0.00..5.38 rows=95 width=0)
	        Index Cond: ((k >= 4964250) AND (k <= 4964350))

table 3 : explain SELECT k, c FROM sbtest3 WHERE k BETWEEN 4964250 AND 4964350
	Bitmap Heap Scan on sbtest3  (cost=5.46..401.19 rows=100 width=125)
	  Recheck Cond: ((k >= 4964250) AND (k <= 4964350))
	  ->  Bitmap Index Scan on k_3  (cost=0.00..5.43 rows=100 width=0)
	        Index Cond: ((k >= 4964250) AND (k <= 4964350))

table 4 : explain SELECT k, c FROM sbtest4 WHERE k BETWEEN 4964250 AND 4964350
	Bitmap Heap Scan on sbtest4  (cost=5.40..377.55 rows=94 width=125)
	  Recheck Cond: ((k >= 4964250) AND (k <= 4964350))
	  ->  Bitmap Index Scan on k_4  (cost=0.00..5.38 rows=94 width=0)
	        Index Cond: ((k >= 4964250) AND (k <= 4964350))

table 5 : explain SELECT k, c FROM sbtest5 WHERE k BETWEEN 4964250 AND 4964350
	Bitmap Heap Scan on sbtest5  (cost=5.41..381.49 rows=95 width=125)
	  Recheck Cond: ((k >= 4964250) AND (k <= 4964350))
	  ->  Bitmap Index Scan on k_5  (cost=0.00..5.38 rows=95 width=0)
	        Index Cond: ((k >= 4964250) AND (k <= 4964350))

table 6 : explain SELECT k, c FROM sbtest6 WHERE k BETWEEN 4964250 AND 4964350
	Bitmap Heap Scan on sbtest6  (cost=5.43..389.37 rows=97 width=125)
	  Recheck Cond: ((k >= 4964250) AND (k <= 4964350))
	  ->  Bitmap Index Scan on k_6  (cost=0.00..5.40 rows=97 width=0)
	        Index Cond: ((k >= 4964250) AND (k <= 4964350))

table 7 : explain SELECT k, c FROM sbtest7 WHERE k BETWEEN 4964250 AND 4964350
	Bitmap Heap Scan on sbtest7  (cost=5.46..401.19 rows=100 width=125)
	  Recheck Cond: ((k >= 4964250) AND (k <= 4964350))
	  ->  Bitmap Index Scan on k_7  (cost=0.00..5.43 rows=100 width=0)
	        Index Cond: ((k >= 4964250) AND (k <= 4964350))

table 8 : explain SELECT k, c FROM sbtest8 WHERE k BETWEEN 4964250 AND 4964350
	Bitmap Heap Scan on sbtest8  (cost=5.47..405.13 rows=101 width=125)
	  Recheck Cond: ((k >= 4964250) AND (k <= 4964350))
	  ->  Bitmap Index Scan on k_8  (cost=0.00..5.44 rows=101 width=0)
	        Index Cond: ((k >= 4964250) AND (k <= 4964350))

explain: for range-notcovered :: explain SELECT k, c FROM sbtest%d WHERE k BETWEEN 4964250 AND 4964350
explain: for range-notcovered :: explain SELECT k, c FROM sbtest%d WHERE k BETWEEN 4962954 AND 4963054
for range-notcovered
table 1 : explain SELECT k, c FROM sbtest1 WHERE k BETWEEN 2868783 AND 2868883
	Bitmap Heap Scan on sbtest1  (cost=5.46..401.19 rows=100 width=125)
	  Recheck Cond: ((k >= 2868783) AND (k <= 2868883))
	  ->  Bitmap Index Scan on k_1  (cost=0.00..5.43 rows=100 width=0)
	        Index Cond: ((k >= 2868783) AND (k <= 2868883))

table 2 : explain SELECT k, c FROM sbtest2 WHERE k BETWEEN 2868783 AND 2868883
	Bitmap Heap Scan on sbtest2  (cost=5.50..416.94 rows=104 width=125)
	  Recheck Cond: ((k >= 2868783) AND (k <= 2868883))
	  ->  Bitmap Index Scan on k_2  (cost=0.00..5.47 rows=104 width=0)
	        Index Cond: ((k >= 2868783) AND (k <= 2868883))

table 3 : explain SELECT k, c FROM sbtest3 WHERE k BETWEEN 2868783 AND 2868883
	Bitmap Heap Scan on sbtest3  (cost=5.55..436.62 rows=109 width=125)
	  Recheck Cond: ((k >= 2868783) AND (k <= 2868883))
	  ->  Bitmap Index Scan on k_3  (cost=0.00..5.52 rows=109 width=0)
	        Index Cond: ((k >= 2868783) AND (k <= 2868883))

table 4 : explain SELECT k, c FROM sbtest4 WHERE k BETWEEN 2868783 AND 2868883
	Bitmap Heap Scan on sbtest4  (cost=5.55..436.62 rows=109 width=125)
	  Recheck Cond: ((k >= 2868783) AND (k <= 2868883))
	  ->  Bitmap Index Scan on k_4  (cost=0.00..5.52 rows=109 width=0)
	        Index Cond: ((k >= 2868783) AND (k <= 2868883))

table 5 : explain SELECT k, c FROM sbtest5 WHERE k BETWEEN 2868783 AND 2868883
	Bitmap Heap Scan on sbtest5  (cost=5.48..409.07 rows=102 width=125)
	  Recheck Cond: ((k >= 2868783) AND (k <= 2868883))
	  ->  Bitmap Index Scan on k_5  (cost=0.00..5.45 rows=102 width=0)
	        Index Cond: ((k >= 2868783) AND (k <= 2868883))

table 6 : explain SELECT k, c FROM sbtest6 WHERE k BETWEEN 2868783 AND 2868883
	Bitmap Heap Scan on sbtest6  (cost=5.49..413.00 rows=103 width=125)
	  Recheck Cond: ((k >= 2868783) AND (k <= 2868883))
	  ->  Bitmap Index Scan on k_6  (cost=0.00..5.46 rows=103 width=0)
	        Index Cond: ((k >= 2868783) AND (k <= 2868883))

table 7 : explain SELECT k, c FROM sbtest7 WHERE k BETWEEN 2868783 AND 2868883
	Bitmap Heap Scan on sbtest7  (cost=5.45..397.25 rows=99 width=125)
	  Recheck Cond: ((k >= 2868783) AND (k <= 2868883))
	  ->  Bitmap Index Scan on k_7  (cost=0.00..5.42 rows=99 width=0)
	        Index Cond: ((k >= 2868783) AND (k <= 2868883))

table 8 : explain SELECT k, c FROM sbtest8 WHERE k BETWEEN 2868783 AND 2868883
	Bitmap Heap Scan on sbtest8  (cost=5.53..428.75 rows=107 width=125)
	  Recheck Cond: ((k >= 2868783) AND (k <= 2868883))
	  ->  Bitmap Index Scan on k_8  (cost=0.00..5.50 rows=107 width=0)
	        Index Cond: ((k >= 2868783) AND (k <= 2868883))

explain: for range-notcovered :: explain SELECT k, c FROM sbtest%d WHERE k BETWEEN 2868783 AND 2868883
for range-notcovered
table 1 : explain SELECT k, c FROM sbtest1 WHERE k BETWEEN 4964250 AND 4964350
	Bitmap Heap Scan on sbtest1  (cost=5.55..436.62 rows=109 width=125)
	  Recheck Cond: ((k >= 4964250) AND (k <= 4964350))
	  ->  Bitmap Index Scan on k_1  (cost=0.00..5.52 rows=109 width=0)
	        Index Cond: ((k >= 4964250) AND (k <= 4964350))

table 2 : explain SELECT k, c FROM sbtest2 WHERE k BETWEEN 4964250 AND 4964350
	Bitmap Heap Scan on sbtest2  (cost=5.41..381.49 rows=95 width=125)
	  Recheck Cond: ((k >= 4964250) AND (k <= 4964350))
	  ->  Bitmap Index Scan on k_2  (cost=0.00..5.38 rows=95 width=0)
	        Index Cond: ((k >= 4964250) AND (k <= 4964350))

table 3 : explain SELECT k, c FROM sbtest3 WHERE k BETWEEN 4964250 AND 4964350
	Bitmap Heap Scan on sbtest3  (cost=5.46..401.19 rows=100 width=125)
	  Recheck Cond: ((k >= 4964250) AND (k <= 4964350))
	  ->  Bitmap Index Scan on k_3  (cost=0.00..5.43 rows=100 width=0)
	        Index Cond: ((k >= 4964250) AND (k <= 4964350))

table 4 : explain SELECT k, c FROM sbtest4 WHERE k BETWEEN 4964250 AND 4964350
	Bitmap Heap Scan on sbtest4  (cost=5.40..377.55 rows=94 width=125)
	  Recheck Cond: ((k >= 4964250) AND (k <= 4964350))
	  ->  Bitmap Index Scan on k_4  (cost=0.00..5.38 rows=94 width=0)
	        Index Cond: ((k >= 4964250) AND (k <= 4964350))

table 5 : explain SELECT k, c FROM sbtest5 WHERE k BETWEEN 4964250 AND 4964350
	Bitmap Heap Scan on sbtest5  (cost=5.41..381.49 rows=95 width=125)
	  Recheck Cond: ((k >= 4964250) AND (k <= 4964350))
	  ->  Bitmap Index Scan on k_5  (cost=0.00..5.38 rows=95 width=0)
	        Index Cond: ((k >= 4964250) AND (k <= 4964350))

table 6 : explain SELECT k, c FROM sbtest6 WHERE k BETWEEN 4964250 AND 4964350
	Bitmap Heap Scan on sbtest6  (cost=5.43..389.37 rows=97 width=125)
	  Recheck Cond: ((k >= 4964250) AND (k <= 4964350))
	  ->  Bitmap Index Scan on k_6  (cost=0.00..5.40 rows=97 width=0)
	        Index Cond: ((k >= 4964250) AND (k <= 4964350))

table 7 : explain SELECT k, c FROM sbtest7 WHERE k BETWEEN 4964250 AND 4964350
	Bitmap Heap Scan on sbtest7  (cost=5.46..401.19 rows=100 width=125)
	  Recheck Cond: ((k >= 4964250) AND (k <= 4964350))
	  ->  Bitmap Index Scan on k_7  (cost=0.00..5.43 rows=100 width=0)
	        Index Cond: ((k >= 4964250) AND (k <= 4964350))

table 8 : explain SELECT k, c FROM sbtest8 WHERE k BETWEEN 4964250 AND 4964350
	Bitmap Heap Scan on sbtest8  (cost=5.47..405.13 rows=101 width=125)
	  Recheck Cond: ((k >= 4964250) AND (k <= 4964350))
	  ->  Bitmap Index Scan on k_8  (cost=0.00..5.44 rows=101 width=0)
	        Index Cond: ((k >= 4964250) AND (k <= 4964350))

explain: for range-notcovered :: explain SELECT k, c FROM sbtest%d WHERE k BETWEEN 4964250 AND 4964350
for range-notcovered
table 1 : explain SELECT k, c FROM sbtest1 WHERE k BETWEEN 4964250 AND 4964350
	Bitmap Heap Scan on sbtest1  (cost=5.55..436.62 rows=109 width=125)
	  Recheck Cond: ((k >= 4964250) AND (k <= 4964350))
	  ->  Bitmap Index Scan on k_1  (cost=0.00..5.52 rows=109 width=0)
	        Index Cond: ((k >= 4964250) AND (k <= 4964350))

table 2 : explain SELECT k, c FROM sbtest2 WHERE k BETWEEN 4964250 AND 4964350
	Bitmap Heap Scan on sbtest2  (cost=5.41..381.49 rows=95 width=125)
	  Recheck Cond: ((k >= 4964250) AND (k <= 4964350))
	  ->  Bitmap Index Scan on k_2  (cost=0.00..5.38 rows=95 width=0)
	        Index Cond: ((k >= 4964250) AND (k <= 4964350))

table 3 : explain SELECT k, c FROM sbtest3 WHERE k BETWEEN 4964250 AND 4964350
	Bitmap Heap Scan on sbtest3  (cost=5.46..401.19 rows=100 width=125)
	  Recheck Cond: ((k >= 4964250) AND (k <= 4964350))
	  ->  Bitmap Index Scan on k_3  (cost=0.00..5.43 rows=100 width=0)
	        Index Cond: ((k >= 4964250) AND (k <= 4964350))

table 4 : explain SELECT k, c FROM sbtest4 WHERE k BETWEEN 4964250 AND 4964350
	Bitmap Heap Scan on sbtest4  (cost=5.40..377.55 rows=94 width=125)
	  Recheck Cond: ((k >= 4964250) AND (k <= 4964350))
	  ->  Bitmap Index Scan on k_4  (cost=0.00..5.38 rows=94 width=0)
	        Index Cond: ((k >= 4964250) AND (k <= 4964350))

table 5 : explain SELECT k, c FROM sbtest5 WHERE k BETWEEN 4964250 AND 4964350
	Bitmap Heap Scan on sbtest5  (cost=5.41..381.49 rows=95 width=125)
	  Recheck Cond: ((k >= 4964250) AND (k <= 4964350))
	  ->  Bitmap Index Scan on k_5  (cost=0.00..5.38 rows=95 width=0)
	        Index Cond: ((k >= 4964250) AND (k <= 4964350))

table 6 : explain SELECT k, c FROM sbtest6 WHERE k BETWEEN 4964250 AND 4964350
	Bitmap Heap Scan on sbtest6  (cost=5.43..389.37 rows=97 width=125)
	  Recheck Cond: ((k >= 4964250) AND (k <= 4964350))
	  ->  Bitmap Index Scan on k_6  (cost=0.00..5.40 rows=97 width=0)
	        Index Cond: ((k >= 4964250) AND (k <= 4964350))

table 7 : explain SELECT k, c FROM sbtest7 WHERE k BETWEEN 4964250 AND 4964350
	Bitmap Heap Scan on sbtest7  (cost=5.46..401.19 rows=100 width=125)
	  Recheck Cond: ((k >= 4964250) AND (k <= 4964350))
	  ->  Bitmap Index Scan on k_7  (cost=0.00..5.43 rows=100 width=0)
	        Index Cond: ((k >= 4964250) AND (k <= 4964350))

table 8 : explain SELECT k, c FROM sbtest8 WHERE k BETWEEN 4964250 AND 4964350
	Bitmap Heap Scan on sbtest8  (cost=5.47..405.13 rows=101 width=125)
	  Recheck Cond: ((k >= 4964250) AND (k <= 4964350))
	  ->  Bitmap Index Scan on k_8  (cost=0.00..5.44 rows=101 width=0)
	        Index Cond: ((k >= 4964250) AND (k <= 4964350))

explain: for range-notcovered :: explain SELECT k, c FROM sbtest%d WHERE k BETWEEN 4964250 AND 4964350
explain: for range-notcovered :: explain SELECT k, c FROM sbtest%d WHERE k BETWEEN 3469874 AND 3469974
for range-notcovered
table 1 : explain SELECT k, c FROM sbtest1 WHERE k BETWEEN 4151392 AND 4151492
	Bitmap Heap Scan on sbtest1  (cost=5.41..381.49 rows=95 width=125)
	  Recheck Cond: ((k >= 4151392) AND (k <= 4151492))
	  ->  Bitmap Index Scan on k_1  (cost=0.00..5.38 rows=95 width=0)
	        Index Cond: ((k >= 4151392) AND (k <= 4151492))

table 2 : explain SELECT k, c FROM sbtest2 WHERE k BETWEEN 4151392 AND 4151492
	Bitmap Heap Scan on sbtest2  (cost=5.46..401.19 rows=100 width=125)
	  Recheck Cond: ((k >= 4151392) AND (k <= 4151492))
	  ->  Bitmap Index Scan on k_2  (cost=0.00..5.43 rows=100 width=0)
	        Index Cond: ((k >= 4151392) AND (k <= 4151492))

table 3 : explain SELECT k, c FROM sbtest3 WHERE k BETWEEN 4151392 AND 4151492
	Bitmap Heap Scan on sbtest3  (cost=5.55..436.62 rows=109 width=125)
	  Recheck Cond: ((k >= 4151392) AND (k <= 4151492))
	  ->  Bitmap Index Scan on k_3  (cost=0.00..5.52 rows=109 width=0)
	        Index Cond: ((k >= 4151392) AND (k <= 4151492))

table 4 : explain SELECT k, c FROM sbtest4 WHERE k BETWEEN 4151392 AND 4151492
	Bitmap Heap Scan on sbtest4  (cost=5.44..393.31 rows=98 width=125)
	  Recheck Cond: ((k >= 4151392) AND (k <= 4151492))
	  ->  Bitmap Index Scan on k_4  (cost=0.00..5.42 rows=98 width=0)
	        Index Cond: ((k >= 4151392) AND (k <= 4151492))

table 5 : explain SELECT k, c FROM sbtest5 WHERE k BETWEEN 4151392 AND 4151492
	Bitmap Heap Scan on sbtest5  (cost=5.41..381.49 rows=95 width=125)
	  Recheck Cond: ((k >= 4151392) AND (k <= 4151492))
	  ->  Bitmap Index Scan on k_5  (cost=0.00..5.38 rows=95 width=0)
	        Index Cond: ((k >= 4151392) AND (k <= 4151492))

table 6 : explain SELECT k, c FROM sbtest6 WHERE k BETWEEN 4151392 AND 4151492
	Bitmap Heap Scan on sbtest6  (cost=5.43..389.37 rows=97 width=125)
	  Recheck Cond: ((k >= 4151392) AND (k <= 4151492))
	  ->  Bitmap Index Scan on k_6  (cost=0.00..5.40 rows=97 width=0)
	        Index Cond: ((k >= 4151392) AND (k <= 4151492))

table 7 : explain SELECT k, c FROM sbtest7 WHERE k BETWEEN 4151392 AND 4151492
	Bitmap Heap Scan on sbtest7  (cost=5.50..416.94 rows=104 width=125)
	  Recheck Cond: ((k >= 4151392) AND (k <= 4151492))
	  ->  Bitmap Index Scan on k_7  (cost=0.00..5.47 rows=104 width=0)
	        Index Cond: ((k >= 4151392) AND (k <= 4151492))

table 8 : explain SELECT k, c FROM sbtest8 WHERE k BETWEEN 4151392 AND 4151492
	Bitmap Heap Scan on sbtest8  (cost=5.49..413.00 rows=103 width=125)
	  Recheck Cond: ((k >= 4151392) AND (k <= 4151492))
	  ->  Bitmap Index Scan on k_8  (cost=0.00..5.46 rows=103 width=0)
	        Index Cond: ((k >= 4151392) AND (k <= 4151492))

explain: for range-notcovered :: explain SELECT k, c FROM sbtest%d WHERE k BETWEEN 4151392 AND 4151492
for range-notcovered
table 1 : explain SELECT k, c FROM sbtest1 WHERE k BETWEEN 4151392 AND 4151492
	Bitmap Heap Scan on sbtest1  (cost=5.41..381.49 rows=95 width=125)
	  Recheck Cond: ((k >= 4151392) AND (k <= 4151492))
	  ->  Bitmap Index Scan on k_1  (cost=0.00..5.38 rows=95 width=0)
	        Index Cond: ((k >= 4151392) AND (k <= 4151492))

table 2 : explain SELECT k, c FROM sbtest2 WHERE k BETWEEN 4151392 AND 4151492
	Bitmap Heap Scan on sbtest2  (cost=5.46..401.19 rows=100 width=125)
	  Recheck Cond: ((k >= 4151392) AND (k <= 4151492))
	  ->  Bitmap Index Scan on k_2  (cost=0.00..5.43 rows=100 width=0)
	        Index Cond: ((k >= 4151392) AND (k <= 4151492))

table 3 : explain SELECT k, c FROM sbtest3 WHERE k BETWEEN 4151392 AND 4151492
	Bitmap Heap Scan on sbtest3  (cost=5.55..436.62 rows=109 width=125)
	  Recheck Cond: ((k >= 4151392) AND (k <= 4151492))
	  ->  Bitmap Index Scan on k_3  (cost=0.00..5.52 rows=109 width=0)
	        Index Cond: ((k >= 4151392) AND (k <= 4151492))

table 4 : explain SELECT k, c FROM sbtest4 WHERE k BETWEEN 4151392 AND 4151492
	Bitmap Heap Scan on sbtest4  (cost=5.44..393.31 rows=98 width=125)
	  Recheck Cond: ((k >= 4151392) AND (k <= 4151492))
	  ->  Bitmap Index Scan on k_4  (cost=0.00..5.42 rows=98 width=0)
	        Index Cond: ((k >= 4151392) AND (k <= 4151492))

table 5 : explain SELECT k, c FROM sbtest5 WHERE k BETWEEN 4151392 AND 4151492
	Bitmap Heap Scan on sbtest5  (cost=5.41..381.49 rows=95 width=125)
	  Recheck Cond: ((k >= 4151392) AND (k <= 4151492))
	  ->  Bitmap Index Scan on k_5  (cost=0.00..5.38 rows=95 width=0)
	        Index Cond: ((k >= 4151392) AND (k <= 4151492))

table 6 : explain SELECT k, c FROM sbtest6 WHERE k BETWEEN 4151392 AND 4151492
	Bitmap Heap Scan on sbtest6  (cost=5.43..389.37 rows=97 width=125)
	  Recheck Cond: ((k >= 4151392) AND (k <= 4151492))
	  ->  Bitmap Index Scan on k_6  (cost=0.00..5.40 rows=97 width=0)
	        Index Cond: ((k >= 4151392) AND (k <= 4151492))

table 7 : explain SELECT k, c FROM sbtest7 WHERE k BETWEEN 4151392 AND 4151492
	Bitmap Heap Scan on sbtest7  (cost=5.50..416.94 rows=104 width=125)
	  Recheck Cond: ((k >= 4151392) AND (k <= 4151492))
	  ->  Bitmap Index Scan on k_7  (cost=0.00..5.47 rows=104 width=0)
	        Index Cond: ((k >= 4151392) AND (k <= 4151492))

table 8 : explain SELECT k, c FROM sbtest8 WHERE k BETWEEN 4151392 AND 4151492
	Bitmap Heap Scan on sbtest8  (cost=5.49..413.00 rows=103 width=125)
	  Recheck Cond: ((k >= 4151392) AND (k <= 4151492))
	  ->  Bitmap Index Scan on k_8  (cost=0.00..5.46 rows=103 width=0)
	        Index Cond: ((k >= 4151392) AND (k <= 4151492))

explain: for range-notcovered :: explain SELECT k, c FROM sbtest%d WHERE k BETWEEN 4151392 AND 4151492
explain: for range-notcovered :: explain SELECT k, c FROM sbtest%d WHERE k BETWEEN 7489019 AND 7489119
for range-notcovered
table 1 : explain SELECT k, c FROM sbtest1 WHERE k BETWEEN 4553427 AND 4553527
	Bitmap Heap Scan on sbtest1  (cost=5.41..381.49 rows=95 width=125)
	  Recheck Cond: ((k >= 4553427) AND (k <= 4553527))
	  ->  Bitmap Index Scan on k_1  (cost=0.00..5.38 rows=95 width=0)
	        Index Cond: ((k >= 4553427) AND (k <= 4553527))

table 2 : explain SELECT k, c FROM sbtest2 WHERE k BETWEEN 4553427 AND 4553527
	Bitmap Heap Scan on sbtest2  (cost=5.54..432.69 rows=108 width=125)
	  Recheck Cond: ((k >= 4553427) AND (k <= 4553527))
	  ->  Bitmap Index Scan on k_2  (cost=0.00..5.51 rows=108 width=0)
	        Index Cond: ((k >= 4553427) AND (k <= 4553527))

table 3 : explain SELECT k, c FROM sbtest3 WHERE k BETWEEN 4553427 AND 4553527
	Bitmap Heap Scan on sbtest3  (cost=5.57..444.49 rows=111 width=125)
	  Recheck Cond: ((k >= 4553427) AND (k <= 4553527))
	  ->  Bitmap Index Scan on k_3  (cost=0.00..5.54 rows=111 width=0)
	        Index Cond: ((k >= 4553427) AND (k <= 4553527))

table 4 : explain SELECT k, c FROM sbtest4 WHERE k BETWEEN 4553427 AND 4553527
	Bitmap Heap Scan on sbtest4  (cost=5.40..377.55 rows=94 width=125)
	  Recheck Cond: ((k >= 4553427) AND (k <= 4553527))
	  ->  Bitmap Index Scan on k_4  (cost=0.00..5.38 rows=94 width=0)
	        Index Cond: ((k >= 4553427) AND (k <= 4553527))

table 5 : explain SELECT k, c FROM sbtest5 WHERE k BETWEEN 4553427 AND 4553527
	Bitmap Heap Scan on sbtest5  (cost=5.42..385.43 rows=96 width=125)
	  Recheck Cond: ((k >= 4553427) AND (k <= 4553527))
	  ->  Bitmap Index Scan on k_5  (cost=0.00..5.39 rows=96 width=0)
	        Index Cond: ((k >= 4553427) AND (k <= 4553527))

table 6 : explain SELECT k, c FROM sbtest6 WHERE k BETWEEN 4553427 AND 4553527
	Bitmap Heap Scan on sbtest6  (cost=5.56..440.56 rows=110 width=125)
	  Recheck Cond: ((k >= 4553427) AND (k <= 4553527))
	  ->  Bitmap Index Scan on k_6  (cost=0.00..5.53 rows=110 width=0)
	        Index Cond: ((k >= 4553427) AND (k <= 4553527))

table 7 : explain SELECT k, c FROM sbtest7 WHERE k BETWEEN 4553427 AND 4553527
	Bitmap Heap Scan on sbtest7  (cost=5.54..432.69 rows=108 width=125)
	  Recheck Cond: ((k >= 4553427) AND (k <= 4553527))
	  ->  Bitmap Index Scan on k_7  (cost=0.00..5.51 rows=108 width=0)
	        Index Cond: ((k >= 4553427) AND (k <= 4553527))

table 8 : explain SELECT k, c FROM sbtest8 WHERE k BETWEEN 4553427 AND 4553527
	Bitmap Heap Scan on sbtest8  (cost=5.51..420.88 rows=105 width=125)
	  Recheck Cond: ((k >= 4553427) AND (k <= 4553527))
	  ->  Bitmap Index Scan on k_8  (cost=0.00..5.48 rows=105 width=0)
	        Index Cond: ((k >= 4553427) AND (k <= 4553527))

explain: for range-notcovered :: explain SELECT k, c FROM sbtest%d WHERE k BETWEEN 4553427 AND 4553527
for range-notcovered
table 1 : explain SELECT k, c FROM sbtest1 WHERE k BETWEEN 4962954 AND 4963054
	Bitmap Heap Scan on sbtest1  (cost=5.55..436.62 rows=109 width=125)
	  Recheck Cond: ((k >= 4962954) AND (k <= 4963054))
	  ->  Bitmap Index Scan on k_1  (cost=0.00..5.52 rows=109 width=0)
	        Index Cond: ((k >= 4962954) AND (k <= 4963054))

table 2 : explain SELECT k, c FROM sbtest2 WHERE k BETWEEN 4962954 AND 4963054
	Bitmap Heap Scan on sbtest2  (cost=5.41..381.49 rows=95 width=125)
	  Recheck Cond: ((k >= 4962954) AND (k <= 4963054))
	  ->  Bitmap Index Scan on k_2  (cost=0.00..5.38 rows=95 width=0)
	        Index Cond: ((k >= 4962954) AND (k <= 4963054))

table 3 : explain SELECT k, c FROM sbtest3 WHERE k BETWEEN 4962954 AND 4963054
	Bitmap Heap Scan on sbtest3  (cost=5.46..401.19 rows=100 width=125)
	  Recheck Cond: ((k >= 4962954) AND (k <= 4963054))
	  ->  Bitmap Index Scan on k_3  (cost=0.00..5.43 rows=100 width=0)
	        Index Cond: ((k >= 4962954) AND (k <= 4963054))

table 4 : explain SELECT k, c FROM sbtest4 WHERE k BETWEEN 4962954 AND 4963054
	Bitmap Heap Scan on sbtest4  (cost=5.40..377.55 rows=94 width=125)
	  Recheck Cond: ((k >= 4962954) AND (k <= 4963054))
	  ->  Bitmap Index Scan on k_4  (cost=0.00..5.38 rows=94 width=0)
	        Index Cond: ((k >= 4962954) AND (k <= 4963054))

table 5 : explain SELECT k, c FROM sbtest5 WHERE k BETWEEN 4962954 AND 4963054
	Bitmap Heap Scan on sbtest5  (cost=5.41..381.49 rows=95 width=125)
	  Recheck Cond: ((k >= 4962954) AND (k <= 4963054))
	  ->  Bitmap Index Scan on k_5  (cost=0.00..5.38 rows=95 width=0)
	        Index Cond: ((k >= 4962954) AND (k <= 4963054))

table 6 : explain SELECT k, c FROM sbtest6 WHERE k BETWEEN 4962954 AND 4963054
	Bitmap Heap Scan on sbtest6  (cost=5.43..389.37 rows=97 width=125)
	  Recheck Cond: ((k >= 4962954) AND (k <= 4963054))
	  ->  Bitmap Index Scan on k_6  (cost=0.00..5.40 rows=97 width=0)
	        Index Cond: ((k >= 4962954) AND (k <= 4963054))

table 7 : explain SELECT k, c FROM sbtest7 WHERE k BETWEEN 4962954 AND 4963054
	Bitmap Heap Scan on sbtest7  (cost=5.46..401.19 rows=100 width=125)
	  Recheck Cond: ((k >= 4962954) AND (k <= 4963054))
	  ->  Bitmap Index Scan on k_7  (cost=0.00..5.43 rows=100 width=0)
	        Index Cond: ((k >= 4962954) AND (k <= 4963054))

table 8 : explain SELECT k, c FROM sbtest8 WHERE k BETWEEN 4962954 AND 4963054
	Bitmap Heap Scan on sbtest8  (cost=5.47..405.13 rows=101 width=125)
	  Recheck Cond: ((k >= 4962954) AND (k <= 4963054))
	  ->  Bitmap Index Scan on k_8  (cost=0.00..5.44 rows=101 width=0)
	        Index Cond: ((k >= 4962954) AND (k <= 4963054))

for range-notcovered
table 1 : explain SELECT k, c FROM sbtest1 WHERE k BETWEEN 4964250 AND 4964350
	Bitmap Heap Scan on sbtest1  (cost=5.55..436.62 rows=109 width=125)
	  Recheck Cond: ((k >= 4964250) AND (k <= 4964350))
	  ->  Bitmap Index Scan on k_1  (cost=0.00..5.52 rows=109 width=0)
	        Index Cond: ((k >= 4964250) AND (k <= 4964350))

table 2 : explain SELECT k, c FROM sbtest2 WHERE k BETWEEN 4964250 AND 4964350
	Bitmap Heap Scan on sbtest2  (cost=5.41..381.49 rows=95 width=125)
	  Recheck Cond: ((k >= 4964250) AND (k <= 4964350))
	  ->  Bitmap Index Scan on k_2  (cost=0.00..5.38 rows=95 width=0)
	        Index Cond: ((k >= 4964250) AND (k <= 4964350))

table 3 : explain SELECT k, c FROM sbtest3 WHERE k BETWEEN 4964250 AND 4964350
	Bitmap Heap Scan on sbtest3  (cost=5.46..401.19 rows=100 width=125)
	  Recheck Cond: ((k >= 4964250) AND (k <= 4964350))
	  ->  Bitmap Index Scan on k_3  (cost=0.00..5.43 rows=100 width=0)
	        Index Cond: ((k >= 4964250) AND (k <= 4964350))

table 4 : explain SELECT k, c FROM sbtest4 WHERE k BETWEEN 4964250 AND 4964350
	Bitmap Heap Scan on sbtest4  (cost=5.40..377.55 rows=94 width=125)
	  Recheck Cond: ((k >= 4964250) AND (k <= 4964350))
	  ->  Bitmap Index Scan on k_4  (cost=0.00..5.38 rows=94 width=0)
	        Index Cond: ((k >= 4964250) AND (k <= 4964350))

table 5 : explain SELECT k, c FROM sbtest5 WHERE k BETWEEN 4964250 AND 4964350
	Bitmap Heap Scan on sbtest5  (cost=5.41..381.49 rows=95 width=125)
	  Recheck Cond: ((k >= 4964250) AND (k <= 4964350))
	  ->  Bitmap Index Scan on k_5  (cost=0.00..5.38 rows=95 width=0)
	        Index Cond: ((k >= 4964250) AND (k <= 4964350))

table 6 : explain SELECT k, c FROM sbtest6 WHERE k BETWEEN 4964250 AND 4964350
	Bitmap Heap Scan on sbtest6  (cost=5.43..389.37 rows=97 width=125)
	  Recheck Cond: ((k >= 4964250) AND (k <= 4964350))
	  ->  Bitmap Index Scan on k_6  (cost=0.00..5.40 rows=97 width=0)
	        Index Cond: ((k >= 4964250) AND (k <= 4964350))

table 7 : explain SELECT k, c FROM sbtest7 WHERE k BETWEEN 4964250 AND 4964350
	Bitmap Heap Scan on sbtest7  (cost=5.46..401.19 rows=100 width=125)
	  Recheck Cond: ((k >= 4964250) AND (k <= 4964350))
	  ->  Bitmap Index Scan on k_7  (cost=0.00..5.43 rows=100 width=0)
	        Index Cond: ((k >= 4964250) AND (k <= 4964350))

table 8 : explain SELECT k, c FROM sbtest8 WHERE k BETWEEN 4964250 AND 4964350
	Bitmap Heap Scan on sbtest8  (cost=5.47..405.13 rows=101 width=125)
	  Recheck Cond: ((k >= 4964250) AND (k <= 4964350))
	  ->  Bitmap Index Scan on k_8  (cost=0.00..5.44 rows=101 width=0)
	        Index Cond: ((k >= 4964250) AND (k <= 4964350))

explain: for range-notcovered :: explain SELECT k, c FROM sbtest%d WHERE k BETWEEN 4962954 AND 4963054
explain: for range-notcovered :: explain SELECT k, c FROM sbtest%d WHERE k BETWEEN 4964250 AND 4964350
for range-notcovered
table 1 : explain SELECT k, c FROM sbtest1 WHERE k BETWEEN 4602147 AND 4602247
	Bitmap Heap Scan on sbtest1  (cost=5.42..385.43 rows=96 width=125)
	  Recheck Cond: ((k >= 4602147) AND (k <= 4602247))
	  ->  Bitmap Index Scan on k_1  (cost=0.00..5.39 rows=96 width=0)
	        Index Cond: ((k >= 4602147) AND (k <= 4602247))

table 2 : explain SELECT k, c FROM sbtest2 WHERE k BETWEEN 4602147 AND 4602247
	Bitmap Heap Scan on sbtest2  (cost=5.54..432.69 rows=108 width=125)
	  Recheck Cond: ((k >= 4602147) AND (k <= 4602247))
	  ->  Bitmap Index Scan on k_2  (cost=0.00..5.51 rows=108 width=0)
	        Index Cond: ((k >= 4602147) AND (k <= 4602247))

table 3 : explain SELECT k, c FROM sbtest3 WHERE k BETWEEN 4602147 AND 4602247
	Bitmap Heap Scan on sbtest3  (cost=5.57..444.49 rows=111 width=125)
	  Recheck Cond: ((k >= 4602147) AND (k <= 4602247))
	  ->  Bitmap Index Scan on k_3  (cost=0.00..5.54 rows=111 width=0)
	        Index Cond: ((k >= 4602147) AND (k <= 4602247))

table 4 : explain SELECT k, c FROM sbtest4 WHERE k BETWEEN 4602147 AND 4602247
	Bitmap Heap Scan on sbtest4  (cost=5.51..420.88 rows=105 width=125)
	  Recheck Cond: ((k >= 4602147) AND (k <= 4602247))
	  ->  Bitmap Index Scan on k_4  (cost=0.00..5.48 rows=105 width=0)
	        Index Cond: ((k >= 4602147) AND (k <= 4602247))

table 5 : explain SELECT k, c FROM sbtest5 WHERE k BETWEEN 4602147 AND 4602247
	Bitmap Heap Scan on sbtest5  (cost=5.42..385.43 rows=96 width=125)
	  Recheck Cond: ((k >= 4602147) AND (k <= 4602247))
	  ->  Bitmap Index Scan on k_5  (cost=0.00..5.39 rows=96 width=0)
	        Index Cond: ((k >= 4602147) AND (k <= 4602247))

table 6 : explain SELECT k, c FROM sbtest6 WHERE k BETWEEN 4602147 AND 4602247
	Bitmap Heap Scan on sbtest6  (cost=5.52..424.81 rows=106 width=125)
	  Recheck Cond: ((k >= 4602147) AND (k <= 4602247))
	  ->  Bitmap Index Scan on k_6  (cost=0.00..5.50 rows=106 width=0)
	        Index Cond: ((k >= 4602147) AND (k <= 4602247))

table 7 : explain SELECT k, c FROM sbtest7 WHERE k BETWEEN 4602147 AND 4602247
	Bitmap Heap Scan on sbtest7  (cost=5.62..464.15 rows=116 width=125)
	  Recheck Cond: ((k >= 4602147) AND (k <= 4602247))
	  ->  Bitmap Index Scan on k_7  (cost=0.00..5.59 rows=116 width=0)
	        Index Cond: ((k >= 4602147) AND (k <= 4602247))

table 8 : explain SELECT k, c FROM sbtest8 WHERE k BETWEEN 4602147 AND 4602247
	Bitmap Heap Scan on sbtest8  (cost=5.51..420.88 rows=105 width=125)
	  Recheck Cond: ((k >= 4602147) AND (k <= 4602247))
	  ->  Bitmap Index Scan on k_8  (cost=0.00..5.48 rows=105 width=0)
	        Index Cond: ((k >= 4602147) AND (k <= 4602247))

for range-notcovered
table 1 : explain SELECT k, c FROM sbtest1 WHERE k BETWEEN 4151392 AND 4151492
	Bitmap Heap Scan on sbtest1  (cost=5.41..381.49 rows=95 width=125)
	  Recheck Cond: ((k >= 4151392) AND (k <= 4151492))
	  ->  Bitmap Index Scan on k_1  (cost=0.00..5.38 rows=95 width=0)
	        Index Cond: ((k >= 4151392) AND (k <= 4151492))

table 2 : explain SELECT k, c FROM sbtest2 WHERE k BETWEEN 4151392 AND 4151492
	Bitmap Heap Scan on sbtest2  (cost=5.46..401.19 rows=100 width=125)
	  Recheck Cond: ((k >= 4151392) AND (k <= 4151492))
	  ->  Bitmap Index Scan on k_2  (cost=0.00..5.43 rows=100 width=0)
	        Index Cond: ((k >= 4151392) AND (k <= 4151492))

table 3 : explain SELECT k, c FROM sbtest3 WHERE k BETWEEN 4151392 AND 4151492
	Bitmap Heap Scan on sbtest3  (cost=5.55..436.62 rows=109 width=125)
	  Recheck Cond: ((k >= 4151392) AND (k <= 4151492))
	  ->  Bitmap Index Scan on k_3  (cost=0.00..5.52 rows=109 width=0)
	        Index Cond: ((k >= 4151392) AND (k <= 4151492))

table 4 : explain SELECT k, c FROM sbtest4 WHERE k BETWEEN 4151392 AND 4151492
	Bitmap Heap Scan on sbtest4  (cost=5.44..393.31 rows=98 width=125)
	  Recheck Cond: ((k >= 4151392) AND (k <= 4151492))
	  ->  Bitmap Index Scan on k_4  (cost=0.00..5.42 rows=98 width=0)
	        Index Cond: ((k >= 4151392) AND (k <= 4151492))

table 5 : explain SELECT k, c FROM sbtest5 WHERE k BETWEEN 4151392 AND 4151492
	Bitmap Heap Scan on sbtest5  (cost=5.41..381.49 rows=95 width=125)
	  Recheck Cond: ((k >= 4151392) AND (k <= 4151492))
	  ->  Bitmap Index Scan on k_5  (cost=0.00..5.38 rows=95 width=0)
	        Index Cond: ((k >= 4151392) AND (k <= 4151492))

table 6 : explain SELECT k, c FROM sbtest6 WHERE k BETWEEN 4151392 AND 4151492
	Bitmap Heap Scan on sbtest6  (cost=5.43..389.37 rows=97 width=125)
	  Recheck Cond: ((k >= 4151392) AND (k <= 4151492))
	  ->  Bitmap Index Scan on k_6  (cost=0.00..5.40 rows=97 width=0)
	        Index Cond: ((k >= 4151392) AND (k <= 4151492))

table 7 : explain SELECT k, c FROM sbtest7 WHERE k BETWEEN 4151392 AND 4151492
	Bitmap Heap Scan on sbtest7  (cost=5.50..416.94 rows=104 width=125)
	  Recheck Cond: ((k >= 4151392) AND (k <= 4151492))
	  ->  Bitmap Index Scan on k_7  (cost=0.00..5.47 rows=104 width=0)
	        Index Cond: ((k >= 4151392) AND (k <= 4151492))

table 8 : explain SELECT k, c FROM sbtest8 WHERE k BETWEEN 4151392 AND 4151492
	Bitmap Heap Scan on sbtest8  (cost=5.49..413.00 rows=103 width=125)
	  Recheck Cond: ((k >= 4151392) AND (k <= 4151492))
	  ->  Bitmap Index Scan on k_8  (cost=0.00..5.46 rows=103 width=0)
	        Index Cond: ((k >= 4151392) AND (k <= 4151492))

explain: for range-notcovered :: explain SELECT k, c FROM sbtest%d WHERE k BETWEEN 4602147 AND 4602247
for range-notcovered
table 1 : explain SELECT k, c FROM sbtest1 WHERE k BETWEEN 4553427 AND 4553527
	Bitmap Heap Scan on sbtest1  (cost=5.41..381.49 rows=95 width=125)
	  Recheck Cond: ((k >= 4553427) AND (k <= 4553527))
	  ->  Bitmap Index Scan on k_1  (cost=0.00..5.38 rows=95 width=0)
	        Index Cond: ((k >= 4553427) AND (k <= 4553527))

table 2 : explain SELECT k, c FROM sbtest2 WHERE k BETWEEN 4553427 AND 4553527
	Bitmap Heap Scan on sbtest2  (cost=5.54..432.69 rows=108 width=125)
	  Recheck Cond: ((k >= 4553427) AND (k <= 4553527))
	  ->  Bitmap Index Scan on k_2  (cost=0.00..5.51 rows=108 width=0)
	        Index Cond: ((k >= 4553427) AND (k <= 4553527))

table 3 : explain SELECT k, c FROM sbtest3 WHERE k BETWEEN 4553427 AND 4553527
	Bitmap Heap Scan on sbtest3  (cost=5.57..444.49 rows=111 width=125)
	  Recheck Cond: ((k >= 4553427) AND (k <= 4553527))
	  ->  Bitmap Index Scan on k_3  (cost=0.00..5.54 rows=111 width=0)
	        Index Cond: ((k >= 4553427) AND (k <= 4553527))

table 4 : explain SELECT k, c FROM sbtest4 WHERE k BETWEEN 4553427 AND 4553527
	Bitmap Heap Scan on sbtest4  (cost=5.40..377.55 rows=94 width=125)
	  Recheck Cond: ((k >= 4553427) AND (k <= 4553527))
	  ->  Bitmap Index Scan on k_4  (cost=0.00..5.38 rows=94 width=0)
	        Index Cond: ((k >= 4553427) AND (k <= 4553527))

table 5 : explain SELECT k, c FROM sbtest5 WHERE k BETWEEN 4553427 AND 4553527
	Bitmap Heap Scan on sbtest5  (cost=5.42..385.43 rows=96 width=125)
	  Recheck Cond: ((k >= 4553427) AND (k <= 4553527))
	  ->  Bitmap Index Scan on k_5  (cost=0.00..5.39 rows=96 width=0)
	        Index Cond: ((k >= 4553427) AND (k <= 4553527))

table 6 : explain SELECT k, c FROM sbtest6 WHERE k BETWEEN 4553427 AND 4553527
	Bitmap Heap Scan on sbtest6  (cost=5.56..440.56 rows=110 width=125)
	  Recheck Cond: ((k >= 4553427) AND (k <= 4553527))
	  ->  Bitmap Index Scan on k_6  (cost=0.00..5.53 rows=110 width=0)
	        Index Cond: ((k >= 4553427) AND (k <= 4553527))

table 7 : explain SELECT k, c FROM sbtest7 WHERE k BETWEEN 4553427 AND 4553527
	Bitmap Heap Scan on sbtest7  (cost=5.54..432.69 rows=108 width=125)
	  Recheck Cond: ((k >= 4553427) AND (k <= 4553527))
	  ->  Bitmap Index Scan on k_7  (cost=0.00..5.51 rows=108 width=0)
	        Index Cond: ((k >= 4553427) AND (k <= 4553527))

table 8 : explain SELECT k, c FROM sbtest8 WHERE k BETWEEN 4553427 AND 4553527
	Bitmap Heap Scan on sbtest8  (cost=5.51..420.88 rows=105 width=125)
	  Recheck Cond: ((k >= 4553427) AND (k <= 4553527))
	  ->  Bitmap Index Scan on k_8  (cost=0.00..5.48 rows=105 width=0)
	        Index Cond: ((k >= 4553427) AND (k <= 4553527))

explain: for range-notcovered :: explain SELECT k, c FROM sbtest%d WHERE k BETWEEN 4151392 AND 4151492
for range-notcovered
table 1 : explain SELECT k, c FROM sbtest1 WHERE k BETWEEN 4962954 AND 4963054
	Bitmap Heap Scan on sbtest1  (cost=5.55..436.62 rows=109 width=125)
	  Recheck Cond: ((k >= 4962954) AND (k <= 4963054))
	  ->  Bitmap Index Scan on k_1  (cost=0.00..5.52 rows=109 width=0)
	        Index Cond: ((k >= 4962954) AND (k <= 4963054))

table 2 : explain SELECT k, c FROM sbtest2 WHERE k BETWEEN 4962954 AND 4963054
	Bitmap Heap Scan on sbtest2  (cost=5.41..381.49 rows=95 width=125)
	  Recheck Cond: ((k >= 4962954) AND (k <= 4963054))
	  ->  Bitmap Index Scan on k_2  (cost=0.00..5.38 rows=95 width=0)
	        Index Cond: ((k >= 4962954) AND (k <= 4963054))

table 3 : explain SELECT k, c FROM sbtest3 WHERE k BETWEEN 4962954 AND 4963054
	Bitmap Heap Scan on sbtest3  (cost=5.46..401.19 rows=100 width=125)
	  Recheck Cond: ((k >= 4962954) AND (k <= 4963054))
	  ->  Bitmap Index Scan on k_3  (cost=0.00..5.43 rows=100 width=0)
	        Index Cond: ((k >= 4962954) AND (k <= 4963054))

table 4 : explain SELECT k, c FROM sbtest4 WHERE k BETWEEN 4962954 AND 4963054
	Bitmap Heap Scan on sbtest4  (cost=5.40..377.55 rows=94 width=125)
	  Recheck Cond: ((k >= 4962954) AND (k <= 4963054))
	  ->  Bitmap Index Scan on k_4  (cost=0.00..5.38 rows=94 width=0)
	        Index Cond: ((k >= 4962954) AND (k <= 4963054))

table 5 : explain SELECT k, c FROM sbtest5 WHERE k BETWEEN 4962954 AND 4963054
	Bitmap Heap Scan on sbtest5  (cost=5.41..381.49 rows=95 width=125)
	  Recheck Cond: ((k >= 4962954) AND (k <= 4963054))
	  ->  Bitmap Index Scan on k_5  (cost=0.00..5.38 rows=95 width=0)
	        Index Cond: ((k >= 4962954) AND (k <= 4963054))

table 6 : explain SELECT k, c FROM sbtest6 WHERE k BETWEEN 4962954 AND 4963054
	Bitmap Heap Scan on sbtest6  (cost=5.43..389.37 rows=97 width=125)
	  Recheck Cond: ((k >= 4962954) AND (k <= 4963054))
	  ->  Bitmap Index Scan on k_6  (cost=0.00..5.40 rows=97 width=0)
	        Index Cond: ((k >= 4962954) AND (k <= 4963054))

table 7 : explain SELECT k, c FROM sbtest7 WHERE k BETWEEN 4962954 AND 4963054
	Bitmap Heap Scan on sbtest7  (cost=5.46..401.19 rows=100 width=125)
	  Recheck Cond: ((k >= 4962954) AND (k <= 4963054))
	  ->  Bitmap Index Scan on k_7  (cost=0.00..5.43 rows=100 width=0)
	        Index Cond: ((k >= 4962954) AND (k <= 4963054))

table 8 : explain SELECT k, c FROM sbtest8 WHERE k BETWEEN 4962954 AND 4963054
	Bitmap Heap Scan on sbtest8  (cost=5.47..405.13 rows=101 width=125)
	  Recheck Cond: ((k >= 4962954) AND (k <= 4963054))
	  ->  Bitmap Index Scan on k_8  (cost=0.00..5.44 rows=101 width=0)
	        Index Cond: ((k >= 4962954) AND (k <= 4963054))

explain: for range-notcovered :: explain SELECT k, c FROM sbtest%d WHERE k BETWEEN 4553427 AND 4553527
explain: for range-notcovered :: explain SELECT k, c FROM sbtest%d WHERE k BETWEEN 4962954 AND 4963054
for range-notcovered
table 1 : explain SELECT k, c FROM sbtest1 WHERE k BETWEEN 2868783 AND 2868883
	Bitmap Heap Scan on sbtest1  (cost=5.46..401.19 rows=100 width=125)
	  Recheck Cond: ((k >= 2868783) AND (k <= 2868883))
	  ->  Bitmap Index Scan on k_1  (cost=0.00..5.43 rows=100 width=0)
	        Index Cond: ((k >= 2868783) AND (k <= 2868883))

table 2 : explain SELECT k, c FROM sbtest2 WHERE k BETWEEN 2868783 AND 2868883
	Bitmap Heap Scan on sbtest2  (cost=5.50..416.94 rows=104 width=125)
	  Recheck Cond: ((k >= 2868783) AND (k <= 2868883))
	  ->  Bitmap Index Scan on k_2  (cost=0.00..5.47 rows=104 width=0)
	        Index Cond: ((k >= 2868783) AND (k <= 2868883))

table 3 : explain SELECT k, c FROM sbtest3 WHERE k BETWEEN 2868783 AND 2868883
	Bitmap Heap Scan on sbtest3  (cost=5.55..436.62 rows=109 width=125)
	  Recheck Cond: ((k >= 2868783) AND (k <= 2868883))
	  ->  Bitmap Index Scan on k_3  (cost=0.00..5.52 rows=109 width=0)
	        Index Cond: ((k >= 2868783) AND (k <= 2868883))

table 4 : explain SELECT k, c FROM sbtest4 WHERE k BETWEEN 2868783 AND 2868883
	Bitmap Heap Scan on sbtest4  (cost=5.55..436.62 rows=109 width=125)
	  Recheck Cond: ((k >= 2868783) AND (k <= 2868883))
	  ->  Bitmap Index Scan on k_4  (cost=0.00..5.52 rows=109 width=0)
	        Index Cond: ((k >= 2868783) AND (k <= 2868883))

table 5 : explain SELECT k, c FROM sbtest5 WHERE k BETWEEN 2868783 AND 2868883
	Bitmap Heap Scan on sbtest5  (cost=5.48..409.07 rows=102 width=125)
	  Recheck Cond: ((k >= 2868783) AND (k <= 2868883))
	  ->  Bitmap Index Scan on k_5  (cost=0.00..5.45 rows=102 width=0)
	        Index Cond: ((k >= 2868783) AND (k <= 2868883))

table 6 : explain SELECT k, c FROM sbtest6 WHERE k BETWEEN 2868783 AND 2868883
	Bitmap Heap Scan on sbtest6  (cost=5.49..413.00 rows=103 width=125)
	  Recheck Cond: ((k >= 2868783) AND (k <= 2868883))
	  ->  Bitmap Index Scan on k_6  (cost=0.00..5.46 rows=103 width=0)
	        Index Cond: ((k >= 2868783) AND (k <= 2868883))

table 7 : explain SELECT k, c FROM sbtest7 WHERE k BETWEEN 2868783 AND 2868883
	Bitmap Heap Scan on sbtest7  (cost=5.45..397.25 rows=99 width=125)
	  Recheck Cond: ((k >= 2868783) AND (k <= 2868883))
	  ->  Bitmap Index Scan on k_7  (cost=0.00..5.42 rows=99 width=0)
	        Index Cond: ((k >= 2868783) AND (k <= 2868883))

table 8 : explain SELECT k, c FROM sbtest8 WHERE k BETWEEN 2868783 AND 2868883
	Bitmap Heap Scan on sbtest8  (cost=5.53..428.75 rows=107 width=125)
	  Recheck Cond: ((k >= 2868783) AND (k <= 2868883))
	  ->  Bitmap Index Scan on k_8  (cost=0.00..5.50 rows=107 width=0)
	        Index Cond: ((k >= 2868783) AND (k <= 2868883))

explain: for range-notcovered :: explain SELECT k, c FROM sbtest%d WHERE k BETWEEN 2868783 AND 2868883
for range-notcovered
table 1 : explain SELECT k, c FROM sbtest1 WHERE k BETWEEN 4553427 AND 4553527
	Bitmap Heap Scan on sbtest1  (cost=5.41..381.49 rows=95 width=125)
	  Recheck Cond: ((k >= 4553427) AND (k <= 4553527))
	  ->  Bitmap Index Scan on k_1  (cost=0.00..5.38 rows=95 width=0)
	        Index Cond: ((k >= 4553427) AND (k <= 4553527))

table 2 : explain SELECT k, c FROM sbtest2 WHERE k BETWEEN 4553427 AND 4553527
	Bitmap Heap Scan on sbtest2  (cost=5.54..432.69 rows=108 width=125)
	  Recheck Cond: ((k >= 4553427) AND (k <= 4553527))
	  ->  Bitmap Index Scan on k_2  (cost=0.00..5.51 rows=108 width=0)
	        Index Cond: ((k >= 4553427) AND (k <= 4553527))

table 3 : explain SELECT k, c FROM sbtest3 WHERE k BETWEEN 4553427 AND 4553527
	Bitmap Heap Scan on sbtest3  (cost=5.57..444.49 rows=111 width=125)
	  Recheck Cond: ((k >= 4553427) AND (k <= 4553527))
	  ->  Bitmap Index Scan on k_3  (cost=0.00..5.54 rows=111 width=0)
	        Index Cond: ((k >= 4553427) AND (k <= 4553527))

table 4 : explain SELECT k, c FROM sbtest4 WHERE k BETWEEN 4553427 AND 4553527
	Bitmap Heap Scan on sbtest4  (cost=5.40..377.55 rows=94 width=125)
	  Recheck Cond: ((k >= 4553427) AND (k <= 4553527))
	  ->  Bitmap Index Scan on k_4  (cost=0.00..5.38 rows=94 width=0)
	        Index Cond: ((k >= 4553427) AND (k <= 4553527))

table 5 : explain SELECT k, c FROM sbtest5 WHERE k BETWEEN 4553427 AND 4553527
	Bitmap Heap Scan on sbtest5  (cost=5.42..385.43 rows=96 width=125)
	  Recheck Cond: ((k >= 4553427) AND (k <= 4553527))
	  ->  Bitmap Index Scan on k_5  (cost=0.00..5.39 rows=96 width=0)
	        Index Cond: ((k >= 4553427) AND (k <= 4553527))

table 6 : explain SELECT k, c FROM sbtest6 WHERE k BETWEEN 4553427 AND 4553527
	Bitmap Heap Scan on sbtest6  (cost=5.56..440.56 rows=110 width=125)
	  Recheck Cond: ((k >= 4553427) AND (k <= 4553527))
	  ->  Bitmap Index Scan on k_6  (cost=0.00..5.53 rows=110 width=0)
	        Index Cond: ((k >= 4553427) AND (k <= 4553527))

table 7 : explain SELECT k, c FROM sbtest7 WHERE k BETWEEN 4553427 AND 4553527
	Bitmap Heap Scan on sbtest7  (cost=5.54..432.69 rows=108 width=125)
	  Recheck Cond: ((k >= 4553427) AND (k <= 4553527))
	  ->  Bitmap Index Scan on k_7  (cost=0.00..5.51 rows=108 width=0)
	        Index Cond: ((k >= 4553427) AND (k <= 4553527))

table 8 : explain SELECT k, c FROM sbtest8 WHERE k BETWEEN 4553427 AND 4553527
	Bitmap Heap Scan on sbtest8  (cost=5.51..420.88 rows=105 width=125)
	  Recheck Cond: ((k >= 4553427) AND (k <= 4553527))
	  ->  Bitmap Index Scan on k_8  (cost=0.00..5.48 rows=105 width=0)
	        Index Cond: ((k >= 4553427) AND (k <= 4553527))

for range-notcovered
table 1 : explain SELECT k, c FROM sbtest1 WHERE k BETWEEN 4962954 AND 4963054
	Bitmap Heap Scan on sbtest1  (cost=5.55..436.62 rows=109 width=125)
	  Recheck Cond: ((k >= 4962954) AND (k <= 4963054))
	  ->  Bitmap Index Scan on k_1  (cost=0.00..5.52 rows=109 width=0)
	        Index Cond: ((k >= 4962954) AND (k <= 4963054))

table 2 : explain SELECT k, c FROM sbtest2 WHERE k BETWEEN 4962954 AND 4963054
	Bitmap Heap Scan on sbtest2  (cost=5.41..381.49 rows=95 width=125)
	  Recheck Cond: ((k >= 4962954) AND (k <= 4963054))
	  ->  Bitmap Index Scan on k_2  (cost=0.00..5.38 rows=95 width=0)
	        Index Cond: ((k >= 4962954) AND (k <= 4963054))

table 3 : explain SELECT k, c FROM sbtest3 WHERE k BETWEEN 4962954 AND 4963054
	Bitmap Heap Scan on sbtest3  (cost=5.46..401.19 rows=100 width=125)
	  Recheck Cond: ((k >= 4962954) AND (k <= 4963054))
	  ->  Bitmap Index Scan on k_3  (cost=0.00..5.43 rows=100 width=0)
	        Index Cond: ((k >= 4962954) AND (k <= 4963054))

table 4 : explain SELECT k, c FROM sbtest4 WHERE k BETWEEN 4962954 AND 4963054
	Bitmap Heap Scan on sbtest4  (cost=5.40..377.55 rows=94 width=125)
	  Recheck Cond: ((k >= 4962954) AND (k <= 4963054))
	  ->  Bitmap Index Scan on k_4  (cost=0.00..5.38 rows=94 width=0)
	        Index Cond: ((k >= 4962954) AND (k <= 4963054))

table 5 : explain SELECT k, c FROM sbtest5 WHERE k BETWEEN 4962954 AND 4963054
	Bitmap Heap Scan on sbtest5  (cost=5.41..381.49 rows=95 width=125)
	  Recheck Cond: ((k >= 4962954) AND (k <= 4963054))
	  ->  Bitmap Index Scan on k_5  (cost=0.00..5.38 rows=95 width=0)
	        Index Cond: ((k >= 4962954) AND (k <= 4963054))

table 6 : explain SELECT k, c FROM sbtest6 WHERE k BETWEEN 4962954 AND 4963054
	Bitmap Heap Scan on sbtest6  (cost=5.43..389.37 rows=97 width=125)
	  Recheck Cond: ((k >= 4962954) AND (k <= 4963054))
	  ->  Bitmap Index Scan on k_6  (cost=0.00..5.40 rows=97 width=0)
	        Index Cond: ((k >= 4962954) AND (k <= 4963054))

table 7 : explain SELECT k, c FROM sbtest7 WHERE k BETWEEN 4962954 AND 4963054
	Bitmap Heap Scan on sbtest7  (cost=5.46..401.19 rows=100 width=125)
	  Recheck Cond: ((k >= 4962954) AND (k <= 4963054))
	  ->  Bitmap Index Scan on k_7  (cost=0.00..5.43 rows=100 width=0)
	        Index Cond: ((k >= 4962954) AND (k <= 4963054))

table 8 : explain SELECT k, c FROM sbtest8 WHERE k BETWEEN 4962954 AND 4963054
	Bitmap Heap Scan on sbtest8  (cost=5.47..405.13 rows=101 width=125)
	  Recheck Cond: ((k >= 4962954) AND (k <= 4963054))
	  ->  Bitmap Index Scan on k_8  (cost=0.00..5.44 rows=101 width=0)
	        Index Cond: ((k >= 4962954) AND (k <= 4963054))

explain: for range-notcovered :: explain SELECT k, c FROM sbtest%d WHERE k BETWEEN 4962954 AND 4963054
for range-notcovered
table 1 : explain SELECT k, c FROM sbtest1 WHERE k BETWEEN 2868783 AND 2868883
	Bitmap Heap Scan on sbtest1  (cost=5.46..401.19 rows=100 width=125)
	  Recheck Cond: ((k >= 2868783) AND (k <= 2868883))
	  ->  Bitmap Index Scan on k_1  (cost=0.00..5.43 rows=100 width=0)
	        Index Cond: ((k >= 2868783) AND (k <= 2868883))

table 2 : explain SELECT k, c FROM sbtest2 WHERE k BETWEEN 2868783 AND 2868883
	Bitmap Heap Scan on sbtest2  (cost=5.50..416.94 rows=104 width=125)
	  Recheck Cond: ((k >= 2868783) AND (k <= 2868883))
	  ->  Bitmap Index Scan on k_2  (cost=0.00..5.47 rows=104 width=0)
	        Index Cond: ((k >= 2868783) AND (k <= 2868883))

table 3 : explain SELECT k, c FROM sbtest3 WHERE k BETWEEN 2868783 AND 2868883
	Bitmap Heap Scan on sbtest3  (cost=5.55..436.62 rows=109 width=125)
	  Recheck Cond: ((k >= 2868783) AND (k <= 2868883))
	  ->  Bitmap Index Scan on k_3  (cost=0.00..5.52 rows=109 width=0)
	        Index Cond: ((k >= 2868783) AND (k <= 2868883))

table 4 : explain SELECT k, c FROM sbtest4 WHERE k BETWEEN 2868783 AND 2868883
	Bitmap Heap Scan on sbtest4  (cost=5.55..436.62 rows=109 width=125)
	  Recheck Cond: ((k >= 2868783) AND (k <= 2868883))
	  ->  Bitmap Index Scan on k_4  (cost=0.00..5.52 rows=109 width=0)
	        Index Cond: ((k >= 2868783) AND (k <= 2868883))

table 5 : explain SELECT k, c FROM sbtest5 WHERE k BETWEEN 2868783 AND 2868883
	Bitmap Heap Scan on sbtest5  (cost=5.48..409.07 rows=102 width=125)
	  Recheck Cond: ((k >= 2868783) AND (k <= 2868883))
	  ->  Bitmap Index Scan on k_5  (cost=0.00..5.45 rows=102 width=0)
	        Index Cond: ((k >= 2868783) AND (k <= 2868883))

table 6 : explain SELECT k, c FROM sbtest6 WHERE k BETWEEN 2868783 AND 2868883
	Bitmap Heap Scan on sbtest6  (cost=5.49..413.00 rows=103 width=125)
	  Recheck Cond: ((k >= 2868783) AND (k <= 2868883))
	  ->  Bitmap Index Scan on k_6  (cost=0.00..5.46 rows=103 width=0)
	        Index Cond: ((k >= 2868783) AND (k <= 2868883))

table 7 : explain SELECT k, c FROM sbtest7 WHERE k BETWEEN 2868783 AND 2868883
	Bitmap Heap Scan on sbtest7  (cost=5.45..397.25 rows=99 width=125)
	  Recheck Cond: ((k >= 2868783) AND (k <= 2868883))
	  ->  Bitmap Index Scan on k_7  (cost=0.00..5.42 rows=99 width=0)
	        Index Cond: ((k >= 2868783) AND (k <= 2868883))

table 8 : explain SELECT k, c FROM sbtest8 WHERE k BETWEEN 2868783 AND 2868883
	Bitmap Heap Scan on sbtest8  (cost=5.53..428.75 rows=107 width=125)
	  Recheck Cond: ((k >= 2868783) AND (k <= 2868883))
	  ->  Bitmap Index Scan on k_8  (cost=0.00..5.50 rows=107 width=0)
	        Index Cond: ((k >= 2868783) AND (k <= 2868883))

explain: for range-notcovered :: explain SELECT k, c FROM sbtest%d WHERE k BETWEEN 2868783 AND 2868883
for range-notcovered
table 1 : explain SELECT k, c FROM sbtest1 WHERE k BETWEEN 4964250 AND 4964350
	Bitmap Heap Scan on sbtest1  (cost=5.55..436.62 rows=109 width=125)
	  Recheck Cond: ((k >= 4964250) AND (k <= 4964350))
	  ->  Bitmap Index Scan on k_1  (cost=0.00..5.52 rows=109 width=0)
	        Index Cond: ((k >= 4964250) AND (k <= 4964350))

table 2 : explain SELECT k, c FROM sbtest2 WHERE k BETWEEN 4964250 AND 4964350
	Bitmap Heap Scan on sbtest2  (cost=5.41..381.49 rows=95 width=125)
	  Recheck Cond: ((k >= 4964250) AND (k <= 4964350))
	  ->  Bitmap Index Scan on k_2  (cost=0.00..5.38 rows=95 width=0)
	        Index Cond: ((k >= 4964250) AND (k <= 4964350))

table 3 : explain SELECT k, c FROM sbtest3 WHERE k BETWEEN 4964250 AND 4964350
	Bitmap Heap Scan on sbtest3  (cost=5.46..401.19 rows=100 width=125)
	  Recheck Cond: ((k >= 4964250) AND (k <= 4964350))
	  ->  Bitmap Index Scan on k_3  (cost=0.00..5.43 rows=100 width=0)
	        Index Cond: ((k >= 4964250) AND (k <= 4964350))

table 4 : explain SELECT k, c FROM sbtest4 WHERE k BETWEEN 4964250 AND 4964350
	Bitmap Heap Scan on sbtest4  (cost=5.40..377.55 rows=94 width=125)
	  Recheck Cond: ((k >= 4964250) AND (k <= 4964350))
	  ->  Bitmap Index Scan on k_4  (cost=0.00..5.38 rows=94 width=0)
	        Index Cond: ((k >= 4964250) AND (k <= 4964350))

table 5 : explain SELECT k, c FROM sbtest5 WHERE k BETWEEN 4964250 AND 4964350
	Bitmap Heap Scan on sbtest5  (cost=5.41..381.49 rows=95 width=125)
	  Recheck Cond: ((k >= 4964250) AND (k <= 4964350))
	  ->  Bitmap Index Scan on k_5  (cost=0.00..5.38 rows=95 width=0)
	        Index Cond: ((k >= 4964250) AND (k <= 4964350))

table 6 : explain SELECT k, c FROM sbtest6 WHERE k BETWEEN 4964250 AND 4964350
	Bitmap Heap Scan on sbtest6  (cost=5.43..389.37 rows=97 width=125)
	  Recheck Cond: ((k >= 4964250) AND (k <= 4964350))
	  ->  Bitmap Index Scan on k_6  (cost=0.00..5.40 rows=97 width=0)
	        Index Cond: ((k >= 4964250) AND (k <= 4964350))

table 7 : explain SELECT k, c FROM sbtest7 WHERE k BETWEEN 4964250 AND 4964350
	Bitmap Heap Scan on sbtest7  (cost=5.46..401.19 rows=100 width=125)
	  Recheck Cond: ((k >= 4964250) AND (k <= 4964350))
	  ->  Bitmap Index Scan on k_7  (cost=0.00..5.43 rows=100 width=0)
	        Index Cond: ((k >= 4964250) AND (k <= 4964350))

table 8 : explain SELECT k, c FROM sbtest8 WHERE k BETWEEN 4964250 AND 4964350
	Bitmap Heap Scan on sbtest8  (cost=5.47..405.13 rows=101 width=125)
	  Recheck Cond: ((k >= 4964250) AND (k <= 4964350))
	  ->  Bitmap Index Scan on k_8  (cost=0.00..5.44 rows=101 width=0)
	        Index Cond: ((k >= 4964250) AND (k <= 4964350))

for range-notcovered
table 1 : explain SELECT k, c FROM sbtest1 WHERE k BETWEEN 4602147 AND 4602247
	Bitmap Heap Scan on sbtest1  (cost=5.42..385.43 rows=96 width=125)
	  Recheck Cond: ((k >= 4602147) AND (k <= 4602247))
	  ->  Bitmap Index Scan on k_1  (cost=0.00..5.39 rows=96 width=0)
	        Index Cond: ((k >= 4602147) AND (k <= 4602247))

table 2 : explain SELECT k, c FROM sbtest2 WHERE k BETWEEN 4602147 AND 4602247
	Bitmap Heap Scan on sbtest2  (cost=5.54..432.69 rows=108 width=125)
	  Recheck Cond: ((k >= 4602147) AND (k <= 4602247))
	  ->  Bitmap Index Scan on k_2  (cost=0.00..5.51 rows=108 width=0)
	        Index Cond: ((k >= 4602147) AND (k <= 4602247))

table 3 : explain SELECT k, c FROM sbtest3 WHERE k BETWEEN 4602147 AND 4602247
	Bitmap Heap Scan on sbtest3  (cost=5.57..444.49 rows=111 width=125)
	  Recheck Cond: ((k >= 4602147) AND (k <= 4602247))
	  ->  Bitmap Index Scan on k_3  (cost=0.00..5.54 rows=111 width=0)
	        Index Cond: ((k >= 4602147) AND (k <= 4602247))

table 4 : explain SELECT k, c FROM sbtest4 WHERE k BETWEEN 4602147 AND 4602247
	Bitmap Heap Scan on sbtest4  (cost=5.51..420.88 rows=105 width=125)
	  Recheck Cond: ((k >= 4602147) AND (k <= 4602247))
	  ->  Bitmap Index Scan on k_4  (cost=0.00..5.48 rows=105 width=0)
	        Index Cond: ((k >= 4602147) AND (k <= 4602247))

table 5 : explain SELECT k, c FROM sbtest5 WHERE k BETWEEN 4602147 AND 4602247
	Bitmap Heap Scan on sbtest5  (cost=5.42..385.43 rows=96 width=125)
	  Recheck Cond: ((k >= 4602147) AND (k <= 4602247))
	  ->  Bitmap Index Scan on k_5  (cost=0.00..5.39 rows=96 width=0)
	        Index Cond: ((k >= 4602147) AND (k <= 4602247))

table 6 : explain SELECT k, c FROM sbtest6 WHERE k BETWEEN 4602147 AND 4602247
	Bitmap Heap Scan on sbtest6  (cost=5.52..424.81 rows=106 width=125)
	  Recheck Cond: ((k >= 4602147) AND (k <= 4602247))
	  ->  Bitmap Index Scan on k_6  (cost=0.00..5.50 rows=106 width=0)
	        Index Cond: ((k >= 4602147) AND (k <= 4602247))

table 7 : explain SELECT k, c FROM sbtest7 WHERE k BETWEEN 4602147 AND 4602247
	Bitmap Heap Scan on sbtest7  (cost=5.62..464.15 rows=116 width=125)
	  Recheck Cond: ((k >= 4602147) AND (k <= 4602247))
	  ->  Bitmap Index Scan on k_7  (cost=0.00..5.59 rows=116 width=0)
	        Index Cond: ((k >= 4602147) AND (k <= 4602247))

table 8 : explain SELECT k, c FROM sbtest8 WHERE k BETWEEN 4602147 AND 4602247
	Bitmap Heap Scan on sbtest8  (cost=5.51..420.88 rows=105 width=125)
	  Recheck Cond: ((k >= 4602147) AND (k <= 4602247))
	  ->  Bitmap Index Scan on k_8  (cost=0.00..5.48 rows=105 width=0)
	        Index Cond: ((k >= 4602147) AND (k <= 4602247))

explain: for range-notcovered :: explain SELECT k, c FROM sbtest%d WHERE k BETWEEN 4553427 AND 4553527
explain: for range-notcovered :: explain SELECT k, c FROM sbtest%d WHERE k BETWEEN 7688288 AND 7688388
for range-notcovered
table 1 : explain SELECT k, c FROM sbtest1 WHERE k BETWEEN 4553427 AND 4553527
	Bitmap Heap Scan on sbtest1  (cost=5.41..381.49 rows=95 width=125)
	  Recheck Cond: ((k >= 4553427) AND (k <= 4553527))
	  ->  Bitmap Index Scan on k_1  (cost=0.00..5.38 rows=95 width=0)
	        Index Cond: ((k >= 4553427) AND (k <= 4553527))

table 2 : explain SELECT k, c FROM sbtest2 WHERE k BETWEEN 4553427 AND 4553527
	Bitmap Heap Scan on sbtest2  (cost=5.54..432.69 rows=108 width=125)
	  Recheck Cond: ((k >= 4553427) AND (k <= 4553527))
	  ->  Bitmap Index Scan on k_2  (cost=0.00..5.51 rows=108 width=0)
	        Index Cond: ((k >= 4553427) AND (k <= 4553527))

table 3 : explain SELECT k, c FROM sbtest3 WHERE k BETWEEN 4553427 AND 4553527
	Bitmap Heap Scan on sbtest3  (cost=5.57..444.49 rows=111 width=125)
	  Recheck Cond: ((k >= 4553427) AND (k <= 4553527))
	  ->  Bitmap Index Scan on k_3  (cost=0.00..5.54 rows=111 width=0)
	        Index Cond: ((k >= 4553427) AND (k <= 4553527))

table 4 : explain SELECT k, c FROM sbtest4 WHERE k BETWEEN 4553427 AND 4553527
	Bitmap Heap Scan on sbtest4  (cost=5.40..377.55 rows=94 width=125)
	  Recheck Cond: ((k >= 4553427) AND (k <= 4553527))
	  ->  Bitmap Index Scan on k_4  (cost=0.00..5.38 rows=94 width=0)
	        Index Cond: ((k >= 4553427) AND (k <= 4553527))

table 5 : explain SELECT k, c FROM sbtest5 WHERE k BETWEEN 4553427 AND 4553527
	Bitmap Heap Scan on sbtest5  (cost=5.42..385.43 rows=96 width=125)
	  Recheck Cond: ((k >= 4553427) AND (k <= 4553527))
	  ->  Bitmap Index Scan on k_5  (cost=0.00..5.39 rows=96 width=0)
	        Index Cond: ((k >= 4553427) AND (k <= 4553527))

table 6 : explain SELECT k, c FROM sbtest6 WHERE k BETWEEN 4553427 AND 4553527
	Bitmap Heap Scan on sbtest6  (cost=5.56..440.56 rows=110 width=125)
	  Recheck Cond: ((k >= 4553427) AND (k <= 4553527))
	  ->  Bitmap Index Scan on k_6  (cost=0.00..5.53 rows=110 width=0)
	        Index Cond: ((k >= 4553427) AND (k <= 4553527))

table 7 : explain SELECT k, c FROM sbtest7 WHERE k BETWEEN 4553427 AND 4553527
	Bitmap Heap Scan on sbtest7  (cost=5.54..432.69 rows=108 width=125)
	  Recheck Cond: ((k >= 4553427) AND (k <= 4553527))
	  ->  Bitmap Index Scan on k_7  (cost=0.00..5.51 rows=108 width=0)
	        Index Cond: ((k >= 4553427) AND (k <= 4553527))

table 8 : explain SELECT k, c FROM sbtest8 WHERE k BETWEEN 4553427 AND 4553527
	Bitmap Heap Scan on sbtest8  (cost=5.51..420.88 rows=105 width=125)
	  Recheck Cond: ((k >= 4553427) AND (k <= 4553527))
	  ->  Bitmap Index Scan on k_8  (cost=0.00..5.48 rows=105 width=0)
	        Index Cond: ((k >= 4553427) AND (k <= 4553527))

explain: for range-notcovered :: explain SELECT k, c FROM sbtest%d WHERE k BETWEEN 4553427 AND 4553527
for range-notcovered
table 1 : explain SELECT k, c FROM sbtest1 WHERE k BETWEEN 3469874 AND 3469974
	Bitmap Heap Scan on sbtest1  (cost=5.57..444.49 rows=111 width=125)
	  Recheck Cond: ((k >= 3469874) AND (k <= 3469974))
	  ->  Bitmap Index Scan on k_1  (cost=0.00..5.54 rows=111 width=0)
	        Index Cond: ((k >= 3469874) AND (k <= 3469974))

table 2 : explain SELECT k, c FROM sbtest2 WHERE k BETWEEN 3469874 AND 3469974
	Bitmap Heap Scan on sbtest2  (cost=5.51..420.88 rows=105 width=125)
	  Recheck Cond: ((k >= 3469874) AND (k <= 3469974))
	  ->  Bitmap Index Scan on k_2  (cost=0.00..5.48 rows=105 width=0)
	        Index Cond: ((k >= 3469874) AND (k <= 3469974))

table 3 : explain SELECT k, c FROM sbtest3 WHERE k BETWEEN 3469874 AND 3469974
	Bitmap Heap Scan on sbtest3  (cost=5.50..416.94 rows=104 width=125)
	  Recheck Cond: ((k >= 3469874) AND (k <= 3469974))
	  ->  Bitmap Index Scan on k_3  (cost=0.00..5.47 rows=104 width=0)
	        Index Cond: ((k >= 3469874) AND (k <= 3469974))

table 4 : explain SELECT k, c FROM sbtest4 WHERE k BETWEEN 3469874 AND 3469974
	Bitmap Heap Scan on sbtest4  (cost=5.58..448.42 rows=112 width=125)
	  Recheck Cond: ((k >= 3469874) AND (k <= 3469974))
	  ->  Bitmap Index Scan on k_4  (cost=0.00..5.55 rows=112 width=0)
	        Index Cond: ((k >= 3469874) AND (k <= 3469974))

table 5 : explain SELECT k, c FROM sbtest5 WHERE k BETWEEN 3469874 AND 3469974
	Bitmap Heap Scan on sbtest5  (cost=5.49..413.00 rows=103 width=125)
	  Recheck Cond: ((k >= 3469874) AND (k <= 3469974))
	  ->  Bitmap Index Scan on k_5  (cost=0.00..5.46 rows=103 width=0)
	        Index Cond: ((k >= 3469874) AND (k <= 3469974))

table 6 : explain SELECT k, c FROM sbtest6 WHERE k BETWEEN 3469874 AND 3469974
	Bitmap Heap Scan on sbtest6  (cost=5.49..413.00 rows=103 width=125)
	  Recheck Cond: ((k >= 3469874) AND (k <= 3469974))
	  ->  Bitmap Index Scan on k_6  (cost=0.00..5.46 rows=103 width=0)
	        Index Cond: ((k >= 3469874) AND (k <= 3469974))

table 7 : explain SELECT k, c FROM sbtest7 WHERE k BETWEEN 3469874 AND 3469974
	Bitmap Heap Scan on sbtest7  (cost=5.43..389.37 rows=97 width=125)
	  Recheck Cond: ((k >= 3469874) AND (k <= 3469974))
	  ->  Bitmap Index Scan on k_7  (cost=0.00..5.40 rows=97 width=0)
	        Index Cond: ((k >= 3469874) AND (k <= 3469974))

table 8 : explain SELECT k, c FROM sbtest8 WHERE k BETWEEN 3469874 AND 3469974
	Bitmap Heap Scan on sbtest8  (cost=5.59..452.36 rows=113 width=125)
	  Recheck Cond: ((k >= 3469874) AND (k <= 3469974))
	  ->  Bitmap Index Scan on k_8  (cost=0.00..5.56 rows=113 width=0)
	        Index Cond: ((k >= 3469874) AND (k <= 3469974))

explain: for range-notcovered :: explain SELECT k, c FROM sbtest%d WHERE k BETWEEN 3469874 AND 3469974
for range-notcovered
table 1 : explain SELECT k, c FROM sbtest1 WHERE k BETWEEN 4553427 AND 4553527
	Bitmap Heap Scan on sbtest1  (cost=5.41..381.49 rows=95 width=125)
	  Recheck Cond: ((k >= 4553427) AND (k <= 4553527))
	  ->  Bitmap Index Scan on k_1  (cost=0.00..5.38 rows=95 width=0)
	        Index Cond: ((k >= 4553427) AND (k <= 4553527))

table 2 : explain SELECT k, c FROM sbtest2 WHERE k BETWEEN 4553427 AND 4553527
	Bitmap Heap Scan on sbtest2  (cost=5.54..432.69 rows=108 width=125)
	  Recheck Cond: ((k >= 4553427) AND (k <= 4553527))
	  ->  Bitmap Index Scan on k_2  (cost=0.00..5.51 rows=108 width=0)
	        Index Cond: ((k >= 4553427) AND (k <= 4553527))

table 3 : explain SELECT k, c FROM sbtest3 WHERE k BETWEEN 4553427 AND 4553527
	Bitmap Heap Scan on sbtest3  (cost=5.57..444.49 rows=111 width=125)
	  Recheck Cond: ((k >= 4553427) AND (k <= 4553527))
	  ->  Bitmap Index Scan on k_3  (cost=0.00..5.54 rows=111 width=0)
	        Index Cond: ((k >= 4553427) AND (k <= 4553527))

table 4 : explain SELECT k, c FROM sbtest4 WHERE k BETWEEN 4553427 AND 4553527
	Bitmap Heap Scan on sbtest4  (cost=5.40..377.55 rows=94 width=125)
	  Recheck Cond: ((k >= 4553427) AND (k <= 4553527))
	  ->  Bitmap Index Scan on k_4  (cost=0.00..5.38 rows=94 width=0)
	        Index Cond: ((k >= 4553427) AND (k <= 4553527))

table 5 : explain SELECT k, c FROM sbtest5 WHERE k BETWEEN 4553427 AND 4553527
	Bitmap Heap Scan on sbtest5  (cost=5.42..385.43 rows=96 width=125)
	  Recheck Cond: ((k >= 4553427) AND (k <= 4553527))
	  ->  Bitmap Index Scan on k_5  (cost=0.00..5.39 rows=96 width=0)
	        Index Cond: ((k >= 4553427) AND (k <= 4553527))

table 6 : explain SELECT k, c FROM sbtest6 WHERE k BETWEEN 4553427 AND 4553527
	Bitmap Heap Scan on sbtest6  (cost=5.56..440.56 rows=110 width=125)
	  Recheck Cond: ((k >= 4553427) AND (k <= 4553527))
	  ->  Bitmap Index Scan on k_6  (cost=0.00..5.53 rows=110 width=0)
	        Index Cond: ((k >= 4553427) AND (k <= 4553527))

table 7 : explain SELECT k, c FROM sbtest7 WHERE k BETWEEN 4553427 AND 4553527
	Bitmap Heap Scan on sbtest7  (cost=5.54..432.69 rows=108 width=125)
	  Recheck Cond: ((k >= 4553427) AND (k <= 4553527))
	  ->  Bitmap Index Scan on k_7  (cost=0.00..5.51 rows=108 width=0)
	        Index Cond: ((k >= 4553427) AND (k <= 4553527))

table 8 : explain SELECT k, c FROM sbtest8 WHERE k BETWEEN 4553427 AND 4553527
	Bitmap Heap Scan on sbtest8  (cost=5.51..420.88 rows=105 width=125)
	  Recheck Cond: ((k >= 4553427) AND (k <= 4553527))
	  ->  Bitmap Index Scan on k_8  (cost=0.00..5.48 rows=105 width=0)
	        Index Cond: ((k >= 4553427) AND (k <= 4553527))

for range-notcovered
table 1 : explain SELECT k, c FROM sbtest1 WHERE k BETWEEN 3469874 AND 3469974
	Bitmap Heap Scan on sbtest1  (cost=5.57..444.49 rows=111 width=125)
	  Recheck Cond: ((k >= 3469874) AND (k <= 3469974))
	  ->  Bitmap Index Scan on k_1  (cost=0.00..5.54 rows=111 width=0)
	        Index Cond: ((k >= 3469874) AND (k <= 3469974))

table 2 : explain SELECT k, c FROM sbtest2 WHERE k BETWEEN 3469874 AND 3469974
	Bitmap Heap Scan on sbtest2  (cost=5.51..420.88 rows=105 width=125)
	  Recheck Cond: ((k >= 3469874) AND (k <= 3469974))
	  ->  Bitmap Index Scan on k_2  (cost=0.00..5.48 rows=105 width=0)
	        Index Cond: ((k >= 3469874) AND (k <= 3469974))

table 3 : explain SELECT k, c FROM sbtest3 WHERE k BETWEEN 3469874 AND 3469974
	Bitmap Heap Scan on sbtest3  (cost=5.50..416.94 rows=104 width=125)
	  Recheck Cond: ((k >= 3469874) AND (k <= 3469974))
	  ->  Bitmap Index Scan on k_3  (cost=0.00..5.47 rows=104 width=0)
	        Index Cond: ((k >= 3469874) AND (k <= 3469974))

table 4 : explain SELECT k, c FROM sbtest4 WHERE k BETWEEN 3469874 AND 3469974
	Bitmap Heap Scan on sbtest4  (cost=5.58..448.42 rows=112 width=125)
	  Recheck Cond: ((k >= 3469874) AND (k <= 3469974))
	  ->  Bitmap Index Scan on k_4  (cost=0.00..5.55 rows=112 width=0)
	        Index Cond: ((k >= 3469874) AND (k <= 3469974))

table 5 : explain SELECT k, c FROM sbtest5 WHERE k BETWEEN 3469874 AND 3469974
	Bitmap Heap Scan on sbtest5  (cost=5.49..413.00 rows=103 width=125)
	  Recheck Cond: ((k >= 3469874) AND (k <= 3469974))
	  ->  Bitmap Index Scan on k_5  (cost=0.00..5.46 rows=103 width=0)
	        Index Cond: ((k >= 3469874) AND (k <= 3469974))

table 6 : explain SELECT k, c FROM sbtest6 WHERE k BETWEEN 3469874 AND 3469974
	Bitmap Heap Scan on sbtest6  (cost=5.49..413.00 rows=103 width=125)
	  Recheck Cond: ((k >= 3469874) AND (k <= 3469974))
	  ->  Bitmap Index Scan on k_6  (cost=0.00..5.46 rows=103 width=0)
	        Index Cond: ((k >= 3469874) AND (k <= 3469974))

table 7 : explain SELECT k, c FROM sbtest7 WHERE k BETWEEN 3469874 AND 3469974
	Bitmap Heap Scan on sbtest7  (cost=5.43..389.37 rows=97 width=125)
	  Recheck Cond: ((k >= 3469874) AND (k <= 3469974))
	  ->  Bitmap Index Scan on k_7  (cost=0.00..5.40 rows=97 width=0)
	        Index Cond: ((k >= 3469874) AND (k <= 3469974))

table 8 : explain SELECT k, c FROM sbtest8 WHERE k BETWEEN 3469874 AND 3469974
	Bitmap Heap Scan on sbtest8  (cost=5.59..452.36 rows=113 width=125)
	  Recheck Cond: ((k >= 3469874) AND (k <= 3469974))
	  ->  Bitmap Index Scan on k_8  (cost=0.00..5.56 rows=113 width=0)
	        Index Cond: ((k >= 3469874) AND (k <= 3469974))

for range-notcovered
table 1 : explain SELECT k, c FROM sbtest1 WHERE k BETWEEN 7489019 AND 7489119
	Bitmap Heap Scan on sbtest1  (cost=5.55..436.62 rows=109 width=125)
	  Recheck Cond: ((k >= 7489019) AND (k <= 7489119))
	  ->  Bitmap Index Scan on k_1  (cost=0.00..5.52 rows=109 width=0)
	        Index Cond: ((k >= 7489019) AND (k <= 7489119))

table 2 : explain SELECT k, c FROM sbtest2 WHERE k BETWEEN 7489019 AND 7489119
	Bitmap Heap Scan on sbtest2  (cost=5.57..444.49 rows=111 width=125)
	  Recheck Cond: ((k >= 7489019) AND (k <= 7489119))
	  ->  Bitmap Index Scan on k_2  (cost=0.00..5.54 rows=111 width=0)
	        Index Cond: ((k >= 7489019) AND (k <= 7489119))

table 3 : explain SELECT k, c FROM sbtest3 WHERE k BETWEEN 7489019 AND 7489119
	Bitmap Heap Scan on sbtest3  (cost=5.47..405.13 rows=101 width=125)
	  Recheck Cond: ((k >= 7489019) AND (k <= 7489119))
	  ->  Bitmap Index Scan on k_3  (cost=0.00..5.44 rows=101 width=0)
	        Index Cond: ((k >= 7489019) AND (k <= 7489119))

table 4 : explain SELECT k, c FROM sbtest4 WHERE k BETWEEN 7489019 AND 7489119
	Bitmap Heap Scan on sbtest4  (cost=5.46..401.19 rows=100 width=125)
	  Recheck Cond: ((k >= 7489019) AND (k <= 7489119))
	  ->  Bitmap Index Scan on k_4  (cost=0.00..5.43 rows=100 width=0)
	        Index Cond: ((k >= 7489019) AND (k <= 7489119))

table 5 : explain SELECT k, c FROM sbtest5 WHERE k BETWEEN 7489019 AND 7489119
	Bitmap Heap Scan on sbtest5  (cost=5.41..381.49 rows=95 width=125)
	  Recheck Cond: ((k >= 7489019) AND (k <= 7489119))
	  ->  Bitmap Index Scan on k_5  (cost=0.00..5.38 rows=95 width=0)
	        Index Cond: ((k >= 7489019) AND (k <= 7489119))

table 6 : explain SELECT k, c FROM sbtest6 WHERE k BETWEEN 7489019 AND 7489119
	Bitmap Heap Scan on sbtest6  (cost=5.51..420.88 rows=105 width=125)
	  Recheck Cond: ((k >= 7489019) AND (k <= 7489119))
	  ->  Bitmap Index Scan on k_6  (cost=0.00..5.48 rows=105 width=0)
	        Index Cond: ((k >= 7489019) AND (k <= 7489119))

table 7 : explain SELECT k, c FROM sbtest7 WHERE k BETWEEN 7489019 AND 7489119
	Bitmap Heap Scan on sbtest7  (cost=5.67..479.88 rows=120 width=125)
	  Recheck Cond: ((k >= 7489019) AND (k <= 7489119))
	  ->  Bitmap Index Scan on k_7  (cost=0.00..5.63 rows=120 width=0)
	        Index Cond: ((k >= 7489019) AND (k <= 7489119))

table 8 : explain SELECT k, c FROM sbtest8 WHERE k BETWEEN 7489019 AND 7489119
	Bitmap Heap Scan on sbtest8  (cost=5.40..377.55 rows=94 width=125)
	  Recheck Cond: ((k >= 7489019) AND (k <= 7489119))
	  ->  Bitmap Index Scan on k_8  (cost=0.00..5.38 rows=94 width=0)
	        Index Cond: ((k >= 7489019) AND (k <= 7489119))

explain: for range-notcovered :: explain SELECT k, c FROM sbtest%d WHERE k BETWEEN 3469874 AND 3469974
explain: for range-notcovered :: explain SELECT k, c FROM sbtest%d WHERE k BETWEEN 7489019 AND 7489119
for range-notcovered
table 1 : explain SELECT k, c FROM sbtest1 WHERE k BETWEEN 3469874 AND 3469974
	Bitmap Heap Scan on sbtest1  (cost=5.57..444.49 rows=111 width=125)
	  Recheck Cond: ((k >= 3469874) AND (k <= 3469974))
	  ->  Bitmap Index Scan on k_1  (cost=0.00..5.54 rows=111 width=0)
	        Index Cond: ((k >= 3469874) AND (k <= 3469974))

table 2 : explain SELECT k, c FROM sbtest2 WHERE k BETWEEN 3469874 AND 3469974
	Bitmap Heap Scan on sbtest2  (cost=5.51..420.88 rows=105 width=125)
	  Recheck Cond: ((k >= 3469874) AND (k <= 3469974))
	  ->  Bitmap Index Scan on k_2  (cost=0.00..5.48 rows=105 width=0)
	        Index Cond: ((k >= 3469874) AND (k <= 3469974))

table 3 : explain SELECT k, c FROM sbtest3 WHERE k BETWEEN 3469874 AND 3469974
	Bitmap Heap Scan on sbtest3  (cost=5.50..416.94 rows=104 width=125)
	  Recheck Cond: ((k >= 3469874) AND (k <= 3469974))
	  ->  Bitmap Index Scan on k_3  (cost=0.00..5.47 rows=104 width=0)
	        Index Cond: ((k >= 3469874) AND (k <= 3469974))

table 4 : explain SELECT k, c FROM sbtest4 WHERE k BETWEEN 3469874 AND 3469974
	Bitmap Heap Scan on sbtest4  (cost=5.58..448.42 rows=112 width=125)
	  Recheck Cond: ((k >= 3469874) AND (k <= 3469974))
	  ->  Bitmap Index Scan on k_4  (cost=0.00..5.55 rows=112 width=0)
	        Index Cond: ((k >= 3469874) AND (k <= 3469974))

table 5 : explain SELECT k, c FROM sbtest5 WHERE k BETWEEN 3469874 AND 3469974
	Bitmap Heap Scan on sbtest5  (cost=5.49..413.00 rows=103 width=125)
	  Recheck Cond: ((k >= 3469874) AND (k <= 3469974))
	  ->  Bitmap Index Scan on k_5  (cost=0.00..5.46 rows=103 width=0)
	        Index Cond: ((k >= 3469874) AND (k <= 3469974))

table 6 : explain SELECT k, c FROM sbtest6 WHERE k BETWEEN 3469874 AND 3469974
	Bitmap Heap Scan on sbtest6  (cost=5.49..413.00 rows=103 width=125)
	  Recheck Cond: ((k >= 3469874) AND (k <= 3469974))
	  ->  Bitmap Index Scan on k_6  (cost=0.00..5.46 rows=103 width=0)
	        Index Cond: ((k >= 3469874) AND (k <= 3469974))

table 7 : explain SELECT k, c FROM sbtest7 WHERE k BETWEEN 3469874 AND 3469974
	Bitmap Heap Scan on sbtest7  (cost=5.43..389.37 rows=97 width=125)
	  Recheck Cond: ((k >= 3469874) AND (k <= 3469974))
	  ->  Bitmap Index Scan on k_7  (cost=0.00..5.40 rows=97 width=0)
	        Index Cond: ((k >= 3469874) AND (k <= 3469974))

table 8 : explain SELECT k, c FROM sbtest8 WHERE k BETWEEN 3469874 AND 3469974
	Bitmap Heap Scan on sbtest8  (cost=5.59..452.36 rows=113 width=125)
	  Recheck Cond: ((k >= 3469874) AND (k <= 3469974))
	  ->  Bitmap Index Scan on k_8  (cost=0.00..5.56 rows=113 width=0)
	        Index Cond: ((k >= 3469874) AND (k <= 3469974))

explain: for range-notcovered :: explain SELECT k, c FROM sbtest%d WHERE k BETWEEN 3818268 AND 3818368
explain: for range-notcovered :: explain SELECT k, c FROM sbtest%d WHERE k BETWEEN 3469874 AND 3469974
for range-notcovered
table 1 : explain SELECT k, c FROM sbtest1 WHERE k BETWEEN 7489019 AND 7489119
	Bitmap Heap Scan on sbtest1  (cost=5.55..436.62 rows=109 width=125)
	  Recheck Cond: ((k >= 7489019) AND (k <= 7489119))
	  ->  Bitmap Index Scan on k_1  (cost=0.00..5.52 rows=109 width=0)
	        Index Cond: ((k >= 7489019) AND (k <= 7489119))

table 2 : explain SELECT k, c FROM sbtest2 WHERE k BETWEEN 7489019 AND 7489119
	Bitmap Heap Scan on sbtest2  (cost=5.57..444.49 rows=111 width=125)
	  Recheck Cond: ((k >= 7489019) AND (k <= 7489119))
	  ->  Bitmap Index Scan on k_2  (cost=0.00..5.54 rows=111 width=0)
	        Index Cond: ((k >= 7489019) AND (k <= 7489119))

table 3 : explain SELECT k, c FROM sbtest3 WHERE k BETWEEN 7489019 AND 7489119
	Bitmap Heap Scan on sbtest3  (cost=5.47..405.13 rows=101 width=125)
	  Recheck Cond: ((k >= 7489019) AND (k <= 7489119))
	  ->  Bitmap Index Scan on k_3  (cost=0.00..5.44 rows=101 width=0)
	        Index Cond: ((k >= 7489019) AND (k <= 7489119))

table 4 : explain SELECT k, c FROM sbtest4 WHERE k BETWEEN 7489019 AND 7489119
	Bitmap Heap Scan on sbtest4  (cost=5.46..401.19 rows=100 width=125)
	  Recheck Cond: ((k >= 7489019) AND (k <= 7489119))
	  ->  Bitmap Index Scan on k_4  (cost=0.00..5.43 rows=100 width=0)
	        Index Cond: ((k >= 7489019) AND (k <= 7489119))

table 5 : explain SELECT k, c FROM sbtest5 WHERE k BETWEEN 7489019 AND 7489119
	Bitmap Heap Scan on sbtest5  (cost=5.41..381.49 rows=95 width=125)
	  Recheck Cond: ((k >= 7489019) AND (k <= 7489119))
	  ->  Bitmap Index Scan on k_5  (cost=0.00..5.38 rows=95 width=0)
	        Index Cond: ((k >= 7489019) AND (k <= 7489119))

table 6 : explain SELECT k, c FROM sbtest6 WHERE k BETWEEN 7489019 AND 7489119
	Bitmap Heap Scan on sbtest6  (cost=5.51..420.88 rows=105 width=125)
	  Recheck Cond: ((k >= 7489019) AND (k <= 7489119))
	  ->  Bitmap Index Scan on k_6  (cost=0.00..5.48 rows=105 width=0)
	        Index Cond: ((k >= 7489019) AND (k <= 7489119))

table 7 : explain SELECT k, c FROM sbtest7 WHERE k BETWEEN 7489019 AND 7489119
	Bitmap Heap Scan on sbtest7  (cost=5.67..479.88 rows=120 width=125)
	  Recheck Cond: ((k >= 7489019) AND (k <= 7489119))
	  ->  Bitmap Index Scan on k_7  (cost=0.00..5.63 rows=120 width=0)
	        Index Cond: ((k >= 7489019) AND (k <= 7489119))

table 8 : explain SELECT k, c FROM sbtest8 WHERE k BETWEEN 7489019 AND 7489119
	Bitmap Heap Scan on sbtest8  (cost=5.40..377.55 rows=94 width=125)
	  Recheck Cond: ((k >= 7489019) AND (k <= 7489119))
	  ->  Bitmap Index Scan on k_8  (cost=0.00..5.38 rows=94 width=0)
	        Index Cond: ((k >= 7489019) AND (k <= 7489119))

explain: for range-notcovered :: explain SELECT k, c FROM sbtest%d WHERE k BETWEEN 7489019 AND 7489119
for range-notcovered
table 1 : explain SELECT k, c FROM sbtest1 WHERE k BETWEEN 4962954 AND 4963054
	Bitmap Heap Scan on sbtest1  (cost=5.55..436.62 rows=109 width=125)
	  Recheck Cond: ((k >= 4962954) AND (k <= 4963054))
	  ->  Bitmap Index Scan on k_1  (cost=0.00..5.52 rows=109 width=0)
	        Index Cond: ((k >= 4962954) AND (k <= 4963054))

table 2 : explain SELECT k, c FROM sbtest2 WHERE k BETWEEN 4962954 AND 4963054
	Bitmap Heap Scan on sbtest2  (cost=5.41..381.49 rows=95 width=125)
	  Recheck Cond: ((k >= 4962954) AND (k <= 4963054))
	  ->  Bitmap Index Scan on k_2  (cost=0.00..5.38 rows=95 width=0)
	        Index Cond: ((k >= 4962954) AND (k <= 4963054))

table 3 : explain SELECT k, c FROM sbtest3 WHERE k BETWEEN 4962954 AND 4963054
	Bitmap Heap Scan on sbtest3  (cost=5.46..401.19 rows=100 width=125)
	  Recheck Cond: ((k >= 4962954) AND (k <= 4963054))
	  ->  Bitmap Index Scan on k_3  (cost=0.00..5.43 rows=100 width=0)
	        Index Cond: ((k >= 4962954) AND (k <= 4963054))

table 4 : explain SELECT k, c FROM sbtest4 WHERE k BETWEEN 4962954 AND 4963054
	Bitmap Heap Scan on sbtest4  (cost=5.40..377.55 rows=94 width=125)
	  Recheck Cond: ((k >= 4962954) AND (k <= 4963054))
	  ->  Bitmap Index Scan on k_4  (cost=0.00..5.38 rows=94 width=0)
	        Index Cond: ((k >= 4962954) AND (k <= 4963054))

table 5 : explain SELECT k, c FROM sbtest5 WHERE k BETWEEN 4962954 AND 4963054
	Bitmap Heap Scan on sbtest5  (cost=5.41..381.49 rows=95 width=125)
	  Recheck Cond: ((k >= 4962954) AND (k <= 4963054))
	  ->  Bitmap Index Scan on k_5  (cost=0.00..5.38 rows=95 width=0)
	        Index Cond: ((k >= 4962954) AND (k <= 4963054))

table 6 : explain SELECT k, c FROM sbtest6 WHERE k BETWEEN 4962954 AND 4963054
	Bitmap Heap Scan on sbtest6  (cost=5.43..389.37 rows=97 width=125)
	  Recheck Cond: ((k >= 4962954) AND (k <= 4963054))
	  ->  Bitmap Index Scan on k_6  (cost=0.00..5.40 rows=97 width=0)
	        Index Cond: ((k >= 4962954) AND (k <= 4963054))

table 7 : explain SELECT k, c FROM sbtest7 WHERE k BETWEEN 4962954 AND 4963054
	Bitmap Heap Scan on sbtest7  (cost=5.46..401.19 rows=100 width=125)
	  Recheck Cond: ((k >= 4962954) AND (k <= 4963054))
	  ->  Bitmap Index Scan on k_7  (cost=0.00..5.43 rows=100 width=0)
	        Index Cond: ((k >= 4962954) AND (k <= 4963054))

table 8 : explain SELECT k, c FROM sbtest8 WHERE k BETWEEN 4962954 AND 4963054
	Bitmap Heap Scan on sbtest8  (cost=5.47..405.13 rows=101 width=125)
	  Recheck Cond: ((k >= 4962954) AND (k <= 4963054))
	  ->  Bitmap Index Scan on k_8  (cost=0.00..5.44 rows=101 width=0)
	        Index Cond: ((k >= 4962954) AND (k <= 4963054))

for range-notcovered
table 1 : explain SELECT k, c FROM sbtest1 WHERE k BETWEEN 4151392 AND 4151492
	Bitmap Heap Scan on sbtest1  (cost=5.41..381.49 rows=95 width=125)
	  Recheck Cond: ((k >= 4151392) AND (k <= 4151492))
	  ->  Bitmap Index Scan on k_1  (cost=0.00..5.38 rows=95 width=0)
	        Index Cond: ((k >= 4151392) AND (k <= 4151492))

table 2 : explain SELECT k, c FROM sbtest2 WHERE k BETWEEN 4151392 AND 4151492
	Bitmap Heap Scan on sbtest2  (cost=5.46..401.19 rows=100 width=125)
	  Recheck Cond: ((k >= 4151392) AND (k <= 4151492))
	  ->  Bitmap Index Scan on k_2  (cost=0.00..5.43 rows=100 width=0)
	        Index Cond: ((k >= 4151392) AND (k <= 4151492))

table 3 : explain SELECT k, c FROM sbtest3 WHERE k BETWEEN 4151392 AND 4151492
	Bitmap Heap Scan on sbtest3  (cost=5.55..436.62 rows=109 width=125)
	  Recheck Cond: ((k >= 4151392) AND (k <= 4151492))
	  ->  Bitmap Index Scan on k_3  (cost=0.00..5.52 rows=109 width=0)
	        Index Cond: ((k >= 4151392) AND (k <= 4151492))

table 4 : explain SELECT k, c FROM sbtest4 WHERE k BETWEEN 4151392 AND 4151492
	Bitmap Heap Scan on sbtest4  (cost=5.44..393.31 rows=98 width=125)
	  Recheck Cond: ((k >= 4151392) AND (k <= 4151492))
	  ->  Bitmap Index Scan on k_4  (cost=0.00..5.42 rows=98 width=0)
	        Index Cond: ((k >= 4151392) AND (k <= 4151492))

table 5 : explain SELECT k, c FROM sbtest5 WHERE k BETWEEN 4151392 AND 4151492
	Bitmap Heap Scan on sbtest5  (cost=5.41..381.49 rows=95 width=125)
	  Recheck Cond: ((k >= 4151392) AND (k <= 4151492))
	  ->  Bitmap Index Scan on k_5  (cost=0.00..5.38 rows=95 width=0)
	        Index Cond: ((k >= 4151392) AND (k <= 4151492))

table 6 : explain SELECT k, c FROM sbtest6 WHERE k BETWEEN 4151392 AND 4151492
	Bitmap Heap Scan on sbtest6  (cost=5.43..389.37 rows=97 width=125)
	  Recheck Cond: ((k >= 4151392) AND (k <= 4151492))
	  ->  Bitmap Index Scan on k_6  (cost=0.00..5.40 rows=97 width=0)
	        Index Cond: ((k >= 4151392) AND (k <= 4151492))

table 7 : explain SELECT k, c FROM sbtest7 WHERE k BETWEEN 4151392 AND 4151492
	Bitmap Heap Scan on sbtest7  (cost=5.50..416.94 rows=104 width=125)
	  Recheck Cond: ((k >= 4151392) AND (k <= 4151492))
	  ->  Bitmap Index Scan on k_7  (cost=0.00..5.47 rows=104 width=0)
	        Index Cond: ((k >= 4151392) AND (k <= 4151492))

table 8 : explain SELECT k, c FROM sbtest8 WHERE k BETWEEN 4151392 AND 4151492
	Bitmap Heap Scan on sbtest8  (cost=5.49..413.00 rows=103 width=125)
	  Recheck Cond: ((k >= 4151392) AND (k <= 4151492))
	  ->  Bitmap Index Scan on k_8  (cost=0.00..5.46 rows=103 width=0)
	        Index Cond: ((k >= 4151392) AND (k <= 4151492))

explain: for range-notcovered :: explain SELECT k, c FROM sbtest%d WHERE k BETWEEN 4962954 AND 4963054
explain: for range-notcovered :: explain SELECT k, c FROM sbtest%d WHERE k BETWEEN 4151392 AND 4151492
for range-notcovered
table 1 : explain SELECT k, c FROM sbtest1 WHERE k BETWEEN 3469874 AND 3469974
	Bitmap Heap Scan on sbtest1  (cost=5.57..444.49 rows=111 width=125)
	  Recheck Cond: ((k >= 3469874) AND (k <= 3469974))
	  ->  Bitmap Index Scan on k_1  (cost=0.00..5.54 rows=111 width=0)
	        Index Cond: ((k >= 3469874) AND (k <= 3469974))

table 2 : explain SELECT k, c FROM sbtest2 WHERE k BETWEEN 3469874 AND 3469974
	Bitmap Heap Scan on sbtest2  (cost=5.51..420.88 rows=105 width=125)
	  Recheck Cond: ((k >= 3469874) AND (k <= 3469974))
	  ->  Bitmap Index Scan on k_2  (cost=0.00..5.48 rows=105 width=0)
	        Index Cond: ((k >= 3469874) AND (k <= 3469974))

table 3 : explain SELECT k, c FROM sbtest3 WHERE k BETWEEN 3469874 AND 3469974
	Bitmap Heap Scan on sbtest3  (cost=5.50..416.94 rows=104 width=125)
	  Recheck Cond: ((k >= 3469874) AND (k <= 3469974))
	  ->  Bitmap Index Scan on k_3  (cost=0.00..5.47 rows=104 width=0)
	        Index Cond: ((k >= 3469874) AND (k <= 3469974))

table 4 : explain SELECT k, c FROM sbtest4 WHERE k BETWEEN 3469874 AND 3469974
	Bitmap Heap Scan on sbtest4  (cost=5.58..448.42 rows=112 width=125)
	  Recheck Cond: ((k >= 3469874) AND (k <= 3469974))
	  ->  Bitmap Index Scan on k_4  (cost=0.00..5.55 rows=112 width=0)
	        Index Cond: ((k >= 3469874) AND (k <= 3469974))

table 5 : explain SELECT k, c FROM sbtest5 WHERE k BETWEEN 3469874 AND 3469974
	Bitmap Heap Scan on sbtest5  (cost=5.49..413.00 rows=103 width=125)
	  Recheck Cond: ((k >= 3469874) AND (k <= 3469974))
	  ->  Bitmap Index Scan on k_5  (cost=0.00..5.46 rows=103 width=0)
	        Index Cond: ((k >= 3469874) AND (k <= 3469974))

table 6 : explain SELECT k, c FROM sbtest6 WHERE k BETWEEN 3469874 AND 3469974
	Bitmap Heap Scan on sbtest6  (cost=5.49..413.00 rows=103 width=125)
	  Recheck Cond: ((k >= 3469874) AND (k <= 3469974))
	  ->  Bitmap Index Scan on k_6  (cost=0.00..5.46 rows=103 width=0)
	        Index Cond: ((k >= 3469874) AND (k <= 3469974))

table 7 : explain SELECT k, c FROM sbtest7 WHERE k BETWEEN 3469874 AND 3469974
	Bitmap Heap Scan on sbtest7  (cost=5.43..389.37 rows=97 width=125)
	  Recheck Cond: ((k >= 3469874) AND (k <= 3469974))
	  ->  Bitmap Index Scan on k_7  (cost=0.00..5.40 rows=97 width=0)
	        Index Cond: ((k >= 3469874) AND (k <= 3469974))

table 8 : explain SELECT k, c FROM sbtest8 WHERE k BETWEEN 3469874 AND 3469974
	Bitmap Heap Scan on sbtest8  (cost=5.59..452.36 rows=113 width=125)
	  Recheck Cond: ((k >= 3469874) AND (k <= 3469974))
	  ->  Bitmap Index Scan on k_8  (cost=0.00..5.56 rows=113 width=0)
	        Index Cond: ((k >= 3469874) AND (k <= 3469974))

explain: for range-notcovered :: explain SELECT k, c FROM sbtest%d WHERE k BETWEEN 3469874 AND 3469974
explain: for range-notcovered :: explain SELECT k, c FROM sbtest%d WHERE k BETWEEN 7744276 AND 7744376
for range-notcovered
table 1 : explain SELECT k, c FROM sbtest1 WHERE k BETWEEN 4962954 AND 4963054
	Bitmap Heap Scan on sbtest1  (cost=5.55..436.62 rows=109 width=125)
	  Recheck Cond: ((k >= 4962954) AND (k <= 4963054))
	  ->  Bitmap Index Scan on k_1  (cost=0.00..5.52 rows=109 width=0)
	        Index Cond: ((k >= 4962954) AND (k <= 4963054))

table 2 : explain SELECT k, c FROM sbtest2 WHERE k BETWEEN 4962954 AND 4963054
	Bitmap Heap Scan on sbtest2  (cost=5.41..381.49 rows=95 width=125)
	  Recheck Cond: ((k >= 4962954) AND (k <= 4963054))
	  ->  Bitmap Index Scan on k_2  (cost=0.00..5.38 rows=95 width=0)
	        Index Cond: ((k >= 4962954) AND (k <= 4963054))

table 3 : explain SELECT k, c FROM sbtest3 WHERE k BETWEEN 4962954 AND 4963054
	Bitmap Heap Scan on sbtest3  (cost=5.46..401.19 rows=100 width=125)
	  Recheck Cond: ((k >= 4962954) AND (k <= 4963054))
	  ->  Bitmap Index Scan on k_3  (cost=0.00..5.43 rows=100 width=0)
	        Index Cond: ((k >= 4962954) AND (k <= 4963054))

table 4 : explain SELECT k, c FROM sbtest4 WHERE k BETWEEN 4962954 AND 4963054
	Bitmap Heap Scan on sbtest4  (cost=5.40..377.55 rows=94 width=125)
	  Recheck Cond: ((k >= 4962954) AND (k <= 4963054))
	  ->  Bitmap Index Scan on k_4  (cost=0.00..5.38 rows=94 width=0)
	        Index Cond: ((k >= 4962954) AND (k <= 4963054))

table 5 : explain SELECT k, c FROM sbtest5 WHERE k BETWEEN 4962954 AND 4963054
	Bitmap Heap Scan on sbtest5  (cost=5.41..381.49 rows=95 width=125)
	  Recheck Cond: ((k >= 4962954) AND (k <= 4963054))
	  ->  Bitmap Index Scan on k_5  (cost=0.00..5.38 rows=95 width=0)
	        Index Cond: ((k >= 4962954) AND (k <= 4963054))

table 6 : explain SELECT k, c FROM sbtest6 WHERE k BETWEEN 4962954 AND 4963054
	Bitmap Heap Scan on sbtest6  (cost=5.43..389.37 rows=97 width=125)
	  Recheck Cond: ((k >= 4962954) AND (k <= 4963054))
	  ->  Bitmap Index Scan on k_6  (cost=0.00..5.40 rows=97 width=0)
	        Index Cond: ((k >= 4962954) AND (k <= 4963054))

table 7 : explain SELECT k, c FROM sbtest7 WHERE k BETWEEN 4962954 AND 4963054
	Bitmap Heap Scan on sbtest7  (cost=5.46..401.19 rows=100 width=125)
	  Recheck Cond: ((k >= 4962954) AND (k <= 4963054))
	  ->  Bitmap Index Scan on k_7  (cost=0.00..5.43 rows=100 width=0)
	        Index Cond: ((k >= 4962954) AND (k <= 4963054))

table 8 : explain SELECT k, c FROM sbtest8 WHERE k BETWEEN 4962954 AND 4963054
	Bitmap Heap Scan on sbtest8  (cost=5.47..405.13 rows=101 width=125)
	  Recheck Cond: ((k >= 4962954) AND (k <= 4963054))
	  ->  Bitmap Index Scan on k_8  (cost=0.00..5.44 rows=101 width=0)
	        Index Cond: ((k >= 4962954) AND (k <= 4963054))

explain: for range-notcovered :: explain SELECT k, c FROM sbtest%d WHERE k BETWEEN 3519644 AND 3519744
for range-notcovered
table 1 : explain SELECT k, c FROM sbtest1 WHERE k BETWEEN 4151392 AND 4151492
	Bitmap Heap Scan on sbtest1  (cost=5.41..381.49 rows=95 width=125)
	  Recheck Cond: ((k >= 4151392) AND (k <= 4151492))
	  ->  Bitmap Index Scan on k_1  (cost=0.00..5.38 rows=95 width=0)
	        Index Cond: ((k >= 4151392) AND (k <= 4151492))

table 2 : explain SELECT k, c FROM sbtest2 WHERE k BETWEEN 4151392 AND 4151492
	Bitmap Heap Scan on sbtest2  (cost=5.46..401.19 rows=100 width=125)
	  Recheck Cond: ((k >= 4151392) AND (k <= 4151492))
	  ->  Bitmap Index Scan on k_2  (cost=0.00..5.43 rows=100 width=0)
	        Index Cond: ((k >= 4151392) AND (k <= 4151492))

table 3 : explain SELECT k, c FROM sbtest3 WHERE k BETWEEN 4151392 AND 4151492
	Bitmap Heap Scan on sbtest3  (cost=5.55..436.62 rows=109 width=125)
	  Recheck Cond: ((k >= 4151392) AND (k <= 4151492))
	  ->  Bitmap Index Scan on k_3  (cost=0.00..5.52 rows=109 width=0)
	        Index Cond: ((k >= 4151392) AND (k <= 4151492))

table 4 : explain SELECT k, c FROM sbtest4 WHERE k BETWEEN 4151392 AND 4151492
	Bitmap Heap Scan on sbtest4  (cost=5.44..393.31 rows=98 width=125)
	  Recheck Cond: ((k >= 4151392) AND (k <= 4151492))
	  ->  Bitmap Index Scan on k_4  (cost=0.00..5.42 rows=98 width=0)
	        Index Cond: ((k >= 4151392) AND (k <= 4151492))

table 5 : explain SELECT k, c FROM sbtest5 WHERE k BETWEEN 4151392 AND 4151492
	Bitmap Heap Scan on sbtest5  (cost=5.41..381.49 rows=95 width=125)
	  Recheck Cond: ((k >= 4151392) AND (k <= 4151492))
	  ->  Bitmap Index Scan on k_5  (cost=0.00..5.38 rows=95 width=0)
	        Index Cond: ((k >= 4151392) AND (k <= 4151492))

table 6 : explain SELECT k, c FROM sbtest6 WHERE k BETWEEN 4151392 AND 4151492
	Bitmap Heap Scan on sbtest6  (cost=5.43..389.37 rows=97 width=125)
	  Recheck Cond: ((k >= 4151392) AND (k <= 4151492))
	  ->  Bitmap Index Scan on k_6  (cost=0.00..5.40 rows=97 width=0)
	        Index Cond: ((k >= 4151392) AND (k <= 4151492))

table 7 : explain SELECT k, c FROM sbtest7 WHERE k BETWEEN 4151392 AND 4151492
	Bitmap Heap Scan on sbtest7  (cost=5.50..416.94 rows=104 width=125)
	  Recheck Cond: ((k >= 4151392) AND (k <= 4151492))
	  ->  Bitmap Index Scan on k_7  (cost=0.00..5.47 rows=104 width=0)
	        Index Cond: ((k >= 4151392) AND (k <= 4151492))

table 8 : explain SELECT k, c FROM sbtest8 WHERE k BETWEEN 4151392 AND 4151492
	Bitmap Heap Scan on sbtest8  (cost=5.49..413.00 rows=103 width=125)
	  Recheck Cond: ((k >= 4151392) AND (k <= 4151492))
	  ->  Bitmap Index Scan on k_8  (cost=0.00..5.46 rows=103 width=0)
	        Index Cond: ((k >= 4151392) AND (k <= 4151492))

explain: for range-notcovered :: explain SELECT k, c FROM sbtest%d WHERE k BETWEEN 4962954 AND 4963054
explain: for range-notcovered :: explain SELECT k, c FROM sbtest%d WHERE k BETWEEN 4151392 AND 4151492
for range-notcovered
table 1 : explain SELECT k, c FROM sbtest1 WHERE k BETWEEN 3469874 AND 3469974
	Bitmap Heap Scan on sbtest1  (cost=5.57..444.49 rows=111 width=125)
	  Recheck Cond: ((k >= 3469874) AND (k <= 3469974))
	  ->  Bitmap Index Scan on k_1  (cost=0.00..5.54 rows=111 width=0)
	        Index Cond: ((k >= 3469874) AND (k <= 3469974))

table 2 : explain SELECT k, c FROM sbtest2 WHERE k BETWEEN 3469874 AND 3469974
	Bitmap Heap Scan on sbtest2  (cost=5.51..420.88 rows=105 width=125)
	  Recheck Cond: ((k >= 3469874) AND (k <= 3469974))
	  ->  Bitmap Index Scan on k_2  (cost=0.00..5.48 rows=105 width=0)
	        Index Cond: ((k >= 3469874) AND (k <= 3469974))

table 3 : explain SELECT k, c FROM sbtest3 WHERE k BETWEEN 3469874 AND 3469974
	Bitmap Heap Scan on sbtest3  (cost=5.50..416.94 rows=104 width=125)
	  Recheck Cond: ((k >= 3469874) AND (k <= 3469974))
	  ->  Bitmap Index Scan on k_3  (cost=0.00..5.47 rows=104 width=0)
	        Index Cond: ((k >= 3469874) AND (k <= 3469974))

table 4 : explain SELECT k, c FROM sbtest4 WHERE k BETWEEN 3469874 AND 3469974
	Bitmap Heap Scan on sbtest4  (cost=5.58..448.42 rows=112 width=125)
	  Recheck Cond: ((k >= 3469874) AND (k <= 3469974))
	  ->  Bitmap Index Scan on k_4  (cost=0.00..5.55 rows=112 width=0)
	        Index Cond: ((k >= 3469874) AND (k <= 3469974))

table 5 : explain SELECT k, c FROM sbtest5 WHERE k BETWEEN 3469874 AND 3469974
	Bitmap Heap Scan on sbtest5  (cost=5.49..413.00 rows=103 width=125)
	  Recheck Cond: ((k >= 3469874) AND (k <= 3469974))
	  ->  Bitmap Index Scan on k_5  (cost=0.00..5.46 rows=103 width=0)
	        Index Cond: ((k >= 3469874) AND (k <= 3469974))

table 6 : explain SELECT k, c FROM sbtest6 WHERE k BETWEEN 3469874 AND 3469974
	Bitmap Heap Scan on sbtest6  (cost=5.49..413.00 rows=103 width=125)
	  Recheck Cond: ((k >= 3469874) AND (k <= 3469974))
	  ->  Bitmap Index Scan on k_6  (cost=0.00..5.46 rows=103 width=0)
	        Index Cond: ((k >= 3469874) AND (k <= 3469974))

table 7 : explain SELECT k, c FROM sbtest7 WHERE k BETWEEN 3469874 AND 3469974
	Bitmap Heap Scan on sbtest7  (cost=5.43..389.37 rows=97 width=125)
	  Recheck Cond: ((k >= 3469874) AND (k <= 3469974))
	  ->  Bitmap Index Scan on k_7  (cost=0.00..5.40 rows=97 width=0)
	        Index Cond: ((k >= 3469874) AND (k <= 3469974))

table 8 : explain SELECT k, c FROM sbtest8 WHERE k BETWEEN 3469874 AND 3469974
	Bitmap Heap Scan on sbtest8  (cost=5.59..452.36 rows=113 width=125)
	  Recheck Cond: ((k >= 3469874) AND (k <= 3469974))
	  ->  Bitmap Index Scan on k_8  (cost=0.00..5.56 rows=113 width=0)
	        Index Cond: ((k >= 3469874) AND (k <= 3469974))

for range-notcovered
table 1 : explain SELECT k, c FROM sbtest1 WHERE k BETWEEN 7489019 AND 7489119
	Bitmap Heap Scan on sbtest1  (cost=5.55..436.62 rows=109 width=125)
	  Recheck Cond: ((k >= 7489019) AND (k <= 7489119))
	  ->  Bitmap Index Scan on k_1  (cost=0.00..5.52 rows=109 width=0)
	        Index Cond: ((k >= 7489019) AND (k <= 7489119))

table 2 : explain SELECT k, c FROM sbtest2 WHERE k BETWEEN 7489019 AND 7489119
	Bitmap Heap Scan on sbtest2  (cost=5.57..444.49 rows=111 width=125)
	  Recheck Cond: ((k >= 7489019) AND (k <= 7489119))
	  ->  Bitmap Index Scan on k_2  (cost=0.00..5.54 rows=111 width=0)
	        Index Cond: ((k >= 7489019) AND (k <= 7489119))

table 3 : explain SELECT k, c FROM sbtest3 WHERE k BETWEEN 7489019 AND 7489119
	Bitmap Heap Scan on sbtest3  (cost=5.47..405.13 rows=101 width=125)
	  Recheck Cond: ((k >= 7489019) AND (k <= 7489119))
	  ->  Bitmap Index Scan on k_3  (cost=0.00..5.44 rows=101 width=0)
	        Index Cond: ((k >= 7489019) AND (k <= 7489119))

table 4 : explain SELECT k, c FROM sbtest4 WHERE k BETWEEN 7489019 AND 7489119
	Bitmap Heap Scan on sbtest4  (cost=5.46..401.19 rows=100 width=125)
	  Recheck Cond: ((k >= 7489019) AND (k <= 7489119))
	  ->  Bitmap Index Scan on k_4  (cost=0.00..5.43 rows=100 width=0)
	        Index Cond: ((k >= 7489019) AND (k <= 7489119))

table 5 : explain SELECT k, c FROM sbtest5 WHERE k BETWEEN 7489019 AND 7489119
	Bitmap Heap Scan on sbtest5  (cost=5.41..381.49 rows=95 width=125)
	  Recheck Cond: ((k >= 7489019) AND (k <= 7489119))
	  ->  Bitmap Index Scan on k_5  (cost=0.00..5.38 rows=95 width=0)
	        Index Cond: ((k >= 7489019) AND (k <= 7489119))

table 6 : explain SELECT k, c FROM sbtest6 WHERE k BETWEEN 7489019 AND 7489119
	Bitmap Heap Scan on sbtest6  (cost=5.51..420.88 rows=105 width=125)
	  Recheck Cond: ((k >= 7489019) AND (k <= 7489119))
	  ->  Bitmap Index Scan on k_6  (cost=0.00..5.48 rows=105 width=0)
	        Index Cond: ((k >= 7489019) AND (k <= 7489119))

table 7 : explain SELECT k, c FROM sbtest7 WHERE k BETWEEN 7489019 AND 7489119
	Bitmap Heap Scan on sbtest7  (cost=5.67..479.88 rows=120 width=125)
	  Recheck Cond: ((k >= 7489019) AND (k <= 7489119))
	  ->  Bitmap Index Scan on k_7  (cost=0.00..5.63 rows=120 width=0)
	        Index Cond: ((k >= 7489019) AND (k <= 7489119))

table 8 : explain SELECT k, c FROM sbtest8 WHERE k BETWEEN 7489019 AND 7489119
	Bitmap Heap Scan on sbtest8  (cost=5.40..377.55 rows=94 width=125)
	  Recheck Cond: ((k >= 7489019) AND (k <= 7489119))
	  ->  Bitmap Index Scan on k_8  (cost=0.00..5.38 rows=94 width=0)
	        Index Cond: ((k >= 7489019) AND (k <= 7489119))

explain: for range-notcovered :: explain SELECT k, c FROM sbtest%d WHERE k BETWEEN 3469874 AND 3469974
explain: for range-notcovered :: explain SELECT k, c FROM sbtest%d WHERE k BETWEEN 7489019 AND 7489119
for range-notcovered
table 1 : explain SELECT k, c FROM sbtest1 WHERE k BETWEEN 4962954 AND 4963054
	Bitmap Heap Scan on sbtest1  (cost=5.55..436.62 rows=109 width=125)
	  Recheck Cond: ((k >= 4962954) AND (k <= 4963054))
	  ->  Bitmap Index Scan on k_1  (cost=0.00..5.52 rows=109 width=0)
	        Index Cond: ((k >= 4962954) AND (k <= 4963054))

table 2 : explain SELECT k, c FROM sbtest2 WHERE k BETWEEN 4962954 AND 4963054
	Bitmap Heap Scan on sbtest2  (cost=5.41..381.49 rows=95 width=125)
	  Recheck Cond: ((k >= 4962954) AND (k <= 4963054))
	  ->  Bitmap Index Scan on k_2  (cost=0.00..5.38 rows=95 width=0)
	        Index Cond: ((k >= 4962954) AND (k <= 4963054))

table 3 : explain SELECT k, c FROM sbtest3 WHERE k BETWEEN 4962954 AND 4963054
	Bitmap Heap Scan on sbtest3  (cost=5.46..401.19 rows=100 width=125)
	  Recheck Cond: ((k >= 4962954) AND (k <= 4963054))
	  ->  Bitmap Index Scan on k_3  (cost=0.00..5.43 rows=100 width=0)
	        Index Cond: ((k >= 4962954) AND (k <= 4963054))

table 4 : explain SELECT k, c FROM sbtest4 WHERE k BETWEEN 4962954 AND 4963054
	Bitmap Heap Scan on sbtest4  (cost=5.40..377.55 rows=94 width=125)
	  Recheck Cond: ((k >= 4962954) AND (k <= 4963054))
	  ->  Bitmap Index Scan on k_4  (cost=0.00..5.38 rows=94 width=0)
	        Index Cond: ((k >= 4962954) AND (k <= 4963054))

table 5 : explain SELECT k, c FROM sbtest5 WHERE k BETWEEN 4962954 AND 4963054
	Bitmap Heap Scan on sbtest5  (cost=5.41..381.49 rows=95 width=125)
	  Recheck Cond: ((k >= 4962954) AND (k <= 4963054))
	  ->  Bitmap Index Scan on k_5  (cost=0.00..5.38 rows=95 width=0)
	        Index Cond: ((k >= 4962954) AND (k <= 4963054))

table 6 : explain SELECT k, c FROM sbtest6 WHERE k BETWEEN 4962954 AND 4963054
	Bitmap Heap Scan on sbtest6  (cost=5.43..389.37 rows=97 width=125)
	  Recheck Cond: ((k >= 4962954) AND (k <= 4963054))
	  ->  Bitmap Index Scan on k_6  (cost=0.00..5.40 rows=97 width=0)
	        Index Cond: ((k >= 4962954) AND (k <= 4963054))

table 7 : explain SELECT k, c FROM sbtest7 WHERE k BETWEEN 4962954 AND 4963054
	Bitmap Heap Scan on sbtest7  (cost=5.46..401.19 rows=100 width=125)
	  Recheck Cond: ((k >= 4962954) AND (k <= 4963054))
	  ->  Bitmap Index Scan on k_7  (cost=0.00..5.43 rows=100 width=0)
	        Index Cond: ((k >= 4962954) AND (k <= 4963054))

table 8 : explain SELECT k, c FROM sbtest8 WHERE k BETWEEN 4962954 AND 4963054
	Bitmap Heap Scan on sbtest8  (cost=5.47..405.13 rows=101 width=125)
	  Recheck Cond: ((k >= 4962954) AND (k <= 4963054))
	  ->  Bitmap Index Scan on k_8  (cost=0.00..5.44 rows=101 width=0)
	        Index Cond: ((k >= 4962954) AND (k <= 4963054))

for range-notcovered
table 1 : explain SELECT k, c FROM sbtest1 WHERE k BETWEEN 4151392 AND 4151492
	Bitmap Heap Scan on sbtest1  (cost=5.41..381.49 rows=95 width=125)
	  Recheck Cond: ((k >= 4151392) AND (k <= 4151492))
	  ->  Bitmap Index Scan on k_1  (cost=0.00..5.38 rows=95 width=0)
	        Index Cond: ((k >= 4151392) AND (k <= 4151492))

table 2 : explain SELECT k, c FROM sbtest2 WHERE k BETWEEN 4151392 AND 4151492
	Bitmap Heap Scan on sbtest2  (cost=5.46..401.19 rows=100 width=125)
	  Recheck Cond: ((k >= 4151392) AND (k <= 4151492))
	  ->  Bitmap Index Scan on k_2  (cost=0.00..5.43 rows=100 width=0)
	        Index Cond: ((k >= 4151392) AND (k <= 4151492))

table 3 : explain SELECT k, c FROM sbtest3 WHERE k BETWEEN 4151392 AND 4151492
	Bitmap Heap Scan on sbtest3  (cost=5.55..436.62 rows=109 width=125)
	  Recheck Cond: ((k >= 4151392) AND (k <= 4151492))
	  ->  Bitmap Index Scan on k_3  (cost=0.00..5.52 rows=109 width=0)
	        Index Cond: ((k >= 4151392) AND (k <= 4151492))

table 4 : explain SELECT k, c FROM sbtest4 WHERE k BETWEEN 4151392 AND 4151492
	Bitmap Heap Scan on sbtest4  (cost=5.44..393.31 rows=98 width=125)
	  Recheck Cond: ((k >= 4151392) AND (k <= 4151492))
	  ->  Bitmap Index Scan on k_4  (cost=0.00..5.42 rows=98 width=0)
	        Index Cond: ((k >= 4151392) AND (k <= 4151492))

table 5 : explain SELECT k, c FROM sbtest5 WHERE k BETWEEN 4151392 AND 4151492
	Bitmap Heap Scan on sbtest5  (cost=5.41..381.49 rows=95 width=125)
	  Recheck Cond: ((k >= 4151392) AND (k <= 4151492))
	  ->  Bitmap Index Scan on k_5  (cost=0.00..5.38 rows=95 width=0)
	        Index Cond: ((k >= 4151392) AND (k <= 4151492))

table 6 : explain SELECT k, c FROM sbtest6 WHERE k BETWEEN 4151392 AND 4151492
	Bitmap Heap Scan on sbtest6  (cost=5.43..389.37 rows=97 width=125)
	  Recheck Cond: ((k >= 4151392) AND (k <= 4151492))
	  ->  Bitmap Index Scan on k_6  (cost=0.00..5.40 rows=97 width=0)
	        Index Cond: ((k >= 4151392) AND (k <= 4151492))

table 7 : explain SELECT k, c FROM sbtest7 WHERE k BETWEEN 4151392 AND 4151492
	Bitmap Heap Scan on sbtest7  (cost=5.50..416.94 rows=104 width=125)
	  Recheck Cond: ((k >= 4151392) AND (k <= 4151492))
	  ->  Bitmap Index Scan on k_7  (cost=0.00..5.47 rows=104 width=0)
	        Index Cond: ((k >= 4151392) AND (k <= 4151492))

table 8 : explain SELECT k, c FROM sbtest8 WHERE k BETWEEN 4151392 AND 4151492
	Bitmap Heap Scan on sbtest8  (cost=5.49..413.00 rows=103 width=125)
	  Recheck Cond: ((k >= 4151392) AND (k <= 4151492))
	  ->  Bitmap Index Scan on k_8  (cost=0.00..5.46 rows=103 width=0)
	        Index Cond: ((k >= 4151392) AND (k <= 4151492))

explain: for range-notcovered :: explain SELECT k, c FROM sbtest%d WHERE k BETWEEN 4962954 AND 4963054
for range-notcovered
table 1 : explain SELECT k, c FROM sbtest1 WHERE k BETWEEN 3469874 AND 3469974
	Bitmap Heap Scan on sbtest1  (cost=5.57..444.49 rows=111 width=125)
	  Recheck Cond: ((k >= 3469874) AND (k <= 3469974))
	  ->  Bitmap Index Scan on k_1  (cost=0.00..5.54 rows=111 width=0)
	        Index Cond: ((k >= 3469874) AND (k <= 3469974))

table 2 : explain SELECT k, c FROM sbtest2 WHERE k BETWEEN 3469874 AND 3469974
	Bitmap Heap Scan on sbtest2  (cost=5.51..420.88 rows=105 width=125)
	  Recheck Cond: ((k >= 3469874) AND (k <= 3469974))
	  ->  Bitmap Index Scan on k_2  (cost=0.00..5.48 rows=105 width=0)
	        Index Cond: ((k >= 3469874) AND (k <= 3469974))

table 3 : explain SELECT k, c FROM sbtest3 WHERE k BETWEEN 3469874 AND 3469974
	Bitmap Heap Scan on sbtest3  (cost=5.50..416.94 rows=104 width=125)
	  Recheck Cond: ((k >= 3469874) AND (k <= 3469974))
	  ->  Bitmap Index Scan on k_3  (cost=0.00..5.47 rows=104 width=0)
	        Index Cond: ((k >= 3469874) AND (k <= 3469974))

table 4 : explain SELECT k, c FROM sbtest4 WHERE k BETWEEN 3469874 AND 3469974
	Bitmap Heap Scan on sbtest4  (cost=5.58..448.42 rows=112 width=125)
	  Recheck Cond: ((k >= 3469874) AND (k <= 3469974))
	  ->  Bitmap Index Scan on k_4  (cost=0.00..5.55 rows=112 width=0)
	        Index Cond: ((k >= 3469874) AND (k <= 3469974))

table 5 : explain SELECT k, c FROM sbtest5 WHERE k BETWEEN 3469874 AND 3469974
	Bitmap Heap Scan on sbtest5  (cost=5.49..413.00 rows=103 width=125)
	  Recheck Cond: ((k >= 3469874) AND (k <= 3469974))
	  ->  Bitmap Index Scan on k_5  (cost=0.00..5.46 rows=103 width=0)
	        Index Cond: ((k >= 3469874) AND (k <= 3469974))

table 6 : explain SELECT k, c FROM sbtest6 WHERE k BETWEEN 3469874 AND 3469974
	Bitmap Heap Scan on sbtest6  (cost=5.49..413.00 rows=103 width=125)
	  Recheck Cond: ((k >= 3469874) AND (k <= 3469974))
	  ->  Bitmap Index Scan on k_6  (cost=0.00..5.46 rows=103 width=0)
	        Index Cond: ((k >= 3469874) AND (k <= 3469974))

table 7 : explain SELECT k, c FROM sbtest7 WHERE k BETWEEN 3469874 AND 3469974
	Bitmap Heap Scan on sbtest7  (cost=5.43..389.37 rows=97 width=125)
	  Recheck Cond: ((k >= 3469874) AND (k <= 3469974))
	  ->  Bitmap Index Scan on k_7  (cost=0.00..5.40 rows=97 width=0)
	        Index Cond: ((k >= 3469874) AND (k <= 3469974))

table 8 : explain SELECT k, c FROM sbtest8 WHERE k BETWEEN 3469874 AND 3469974
	Bitmap Heap Scan on sbtest8  (cost=5.59..452.36 rows=113 width=125)
	  Recheck Cond: ((k >= 3469874) AND (k <= 3469974))
	  ->  Bitmap Index Scan on k_8  (cost=0.00..5.56 rows=113 width=0)
	        Index Cond: ((k >= 3469874) AND (k <= 3469974))

for range-notcovered
table 1 : explain SELECT k, c FROM sbtest1 WHERE k BETWEEN 2868783 AND 2868883
	Bitmap Heap Scan on sbtest1  (cost=5.46..401.19 rows=100 width=125)
	  Recheck Cond: ((k >= 2868783) AND (k <= 2868883))
	  ->  Bitmap Index Scan on k_1  (cost=0.00..5.43 rows=100 width=0)
	        Index Cond: ((k >= 2868783) AND (k <= 2868883))

table 2 : explain SELECT k, c FROM sbtest2 WHERE k BETWEEN 2868783 AND 2868883
	Bitmap Heap Scan on sbtest2  (cost=5.50..416.94 rows=104 width=125)
	  Recheck Cond: ((k >= 2868783) AND (k <= 2868883))
	  ->  Bitmap Index Scan on k_2  (cost=0.00..5.47 rows=104 width=0)
	        Index Cond: ((k >= 2868783) AND (k <= 2868883))

table 3 : explain SELECT k, c FROM sbtest3 WHERE k BETWEEN 2868783 AND 2868883
	Bitmap Heap Scan on sbtest3  (cost=5.55..436.62 rows=109 width=125)
	  Recheck Cond: ((k >= 2868783) AND (k <= 2868883))
	  ->  Bitmap Index Scan on k_3  (cost=0.00..5.52 rows=109 width=0)
	        Index Cond: ((k >= 2868783) AND (k <= 2868883))

table 4 : explain SELECT k, c FROM sbtest4 WHERE k BETWEEN 2868783 AND 2868883
	Bitmap Heap Scan on sbtest4  (cost=5.55..436.62 rows=109 width=125)
	  Recheck Cond: ((k >= 2868783) AND (k <= 2868883))
	  ->  Bitmap Index Scan on k_4  (cost=0.00..5.52 rows=109 width=0)
	        Index Cond: ((k >= 2868783) AND (k <= 2868883))

table 5 : explain SELECT k, c FROM sbtest5 WHERE k BETWEEN 2868783 AND 2868883
	Bitmap Heap Scan on sbtest5  (cost=5.48..409.07 rows=102 width=125)
	  Recheck Cond: ((k >= 2868783) AND (k <= 2868883))
	  ->  Bitmap Index Scan on k_5  (cost=0.00..5.45 rows=102 width=0)
	        Index Cond: ((k >= 2868783) AND (k <= 2868883))

table 6 : explain SELECT k, c FROM sbtest6 WHERE k BETWEEN 2868783 AND 2868883
	Bitmap Heap Scan on sbtest6  (cost=5.49..413.00 rows=103 width=125)
	  Recheck Cond: ((k >= 2868783) AND (k <= 2868883))
	  ->  Bitmap Index Scan on k_6  (cost=0.00..5.46 rows=103 width=0)
	        Index Cond: ((k >= 2868783) AND (k <= 2868883))

table 7 : explain SELECT k, c FROM sbtest7 WHERE k BETWEEN 2868783 AND 2868883
	Bitmap Heap Scan on sbtest7  (cost=5.45..397.25 rows=99 width=125)
	  Recheck Cond: ((k >= 2868783) AND (k <= 2868883))
	  ->  Bitmap Index Scan on k_7  (cost=0.00..5.42 rows=99 width=0)
	        Index Cond: ((k >= 2868783) AND (k <= 2868883))

table 8 : explain SELECT k, c FROM sbtest8 WHERE k BETWEEN 2868783 AND 2868883
	Bitmap Heap Scan on sbtest8  (cost=5.53..428.75 rows=107 width=125)
	  Recheck Cond: ((k >= 2868783) AND (k <= 2868883))
	  ->  Bitmap Index Scan on k_8  (cost=0.00..5.50 rows=107 width=0)
	        Index Cond: ((k >= 2868783) AND (k <= 2868883))

for range-notcovered
table 1 : explain SELECT k, c FROM sbtest1 WHERE k BETWEEN 4962954 AND 4963054
	Bitmap Heap Scan on sbtest1  (cost=5.55..436.62 rows=109 width=125)
	  Recheck Cond: ((k >= 4962954) AND (k <= 4963054))
	  ->  Bitmap Index Scan on k_1  (cost=0.00..5.52 rows=109 width=0)
	        Index Cond: ((k >= 4962954) AND (k <= 4963054))

table 2 : explain SELECT k, c FROM sbtest2 WHERE k BETWEEN 4962954 AND 4963054
	Bitmap Heap Scan on sbtest2  (cost=5.41..381.49 rows=95 width=125)
	  Recheck Cond: ((k >= 4962954) AND (k <= 4963054))
	  ->  Bitmap Index Scan on k_2  (cost=0.00..5.38 rows=95 width=0)
	        Index Cond: ((k >= 4962954) AND (k <= 4963054))

table 3 : explain SELECT k, c FROM sbtest3 WHERE k BETWEEN 4962954 AND 4963054
	Bitmap Heap Scan on sbtest3  (cost=5.46..401.19 rows=100 width=125)
	  Recheck Cond: ((k >= 4962954) AND (k <= 4963054))
	  ->  Bitmap Index Scan on k_3  (cost=0.00..5.43 rows=100 width=0)
	        Index Cond: ((k >= 4962954) AND (k <= 4963054))

table 4 : explain SELECT k, c FROM sbtest4 WHERE k BETWEEN 4962954 AND 4963054
	Bitmap Heap Scan on sbtest4  (cost=5.40..377.55 rows=94 width=125)
	  Recheck Cond: ((k >= 4962954) AND (k <= 4963054))
	  ->  Bitmap Index Scan on k_4  (cost=0.00..5.38 rows=94 width=0)
	        Index Cond: ((k >= 4962954) AND (k <= 4963054))

table 5 : explain SELECT k, c FROM sbtest5 WHERE k BETWEEN 4962954 AND 4963054
	Bitmap Heap Scan on sbtest5  (cost=5.41..381.49 rows=95 width=125)
	  Recheck Cond: ((k >= 4962954) AND (k <= 4963054))
	  ->  Bitmap Index Scan on k_5  (cost=0.00..5.38 rows=95 width=0)
	        Index Cond: ((k >= 4962954) AND (k <= 4963054))

table 6 : explain SELECT k, c FROM sbtest6 WHERE k BETWEEN 4962954 AND 4963054
	Bitmap Heap Scan on sbtest6  (cost=5.43..389.37 rows=97 width=125)
	  Recheck Cond: ((k >= 4962954) AND (k <= 4963054))
	  ->  Bitmap Index Scan on k_6  (cost=0.00..5.40 rows=97 width=0)
	        Index Cond: ((k >= 4962954) AND (k <= 4963054))

table 7 : explain SELECT k, c FROM sbtest7 WHERE k BETWEEN 4962954 AND 4963054
	Bitmap Heap Scan on sbtest7  (cost=5.46..401.19 rows=100 width=125)
	  Recheck Cond: ((k >= 4962954) AND (k <= 4963054))
	  ->  Bitmap Index Scan on k_7  (cost=0.00..5.43 rows=100 width=0)
	        Index Cond: ((k >= 4962954) AND (k <= 4963054))

table 8 : explain SELECT k, c FROM sbtest8 WHERE k BETWEEN 4962954 AND 4963054
	Bitmap Heap Scan on sbtest8  (cost=5.47..405.13 rows=101 width=125)
	  Recheck Cond: ((k >= 4962954) AND (k <= 4963054))
	  ->  Bitmap Index Scan on k_8  (cost=0.00..5.44 rows=101 width=0)
	        Index Cond: ((k >= 4962954) AND (k <= 4963054))

explain: for range-notcovered :: explain SELECT k, c FROM sbtest%d WHERE k BETWEEN 4962954 AND 4963054
explain: for range-notcovered :: explain SELECT k, c FROM sbtest%d WHERE k BETWEEN 6560561 AND 6560661
explain: for range-notcovered :: explain SELECT k, c FROM sbtest%d WHERE k BETWEEN 4151392 AND 4151492
explain: for range-notcovered :: explain SELECT k, c FROM sbtest%d WHERE k BETWEEN 3469874 AND 3469974
explain: for range-notcovered :: explain SELECT k, c FROM sbtest%d WHERE k BETWEEN 2868783 AND 2868883
for range-notcovered
table 1 : explain SELECT k, c FROM sbtest1 WHERE k BETWEEN 4962954 AND 4963054
	Bitmap Heap Scan on sbtest1  (cost=5.55..436.62 rows=109 width=125)
	  Recheck Cond: ((k >= 4962954) AND (k <= 4963054))
	  ->  Bitmap Index Scan on k_1  (cost=0.00..5.52 rows=109 width=0)
	        Index Cond: ((k >= 4962954) AND (k <= 4963054))

table 2 : explain SELECT k, c FROM sbtest2 WHERE k BETWEEN 4962954 AND 4963054
	Bitmap Heap Scan on sbtest2  (cost=5.41..381.49 rows=95 width=125)
	  Recheck Cond: ((k >= 4962954) AND (k <= 4963054))
	  ->  Bitmap Index Scan on k_2  (cost=0.00..5.38 rows=95 width=0)
	        Index Cond: ((k >= 4962954) AND (k <= 4963054))

table 3 : explain SELECT k, c FROM sbtest3 WHERE k BETWEEN 4962954 AND 4963054
	Bitmap Heap Scan on sbtest3  (cost=5.46..401.19 rows=100 width=125)
	  Recheck Cond: ((k >= 4962954) AND (k <= 4963054))
	  ->  Bitmap Index Scan on k_3  (cost=0.00..5.43 rows=100 width=0)
	        Index Cond: ((k >= 4962954) AND (k <= 4963054))

table 4 : explain SELECT k, c FROM sbtest4 WHERE k BETWEEN 4962954 AND 4963054
	Bitmap Heap Scan on sbtest4  (cost=5.40..377.55 rows=94 width=125)
	  Recheck Cond: ((k >= 4962954) AND (k <= 4963054))
	  ->  Bitmap Index Scan on k_4  (cost=0.00..5.38 rows=94 width=0)
	        Index Cond: ((k >= 4962954) AND (k <= 4963054))

table 5 : explain SELECT k, c FROM sbtest5 WHERE k BETWEEN 4962954 AND 4963054
	Bitmap Heap Scan on sbtest5  (cost=5.41..381.49 rows=95 width=125)
	  Recheck Cond: ((k >= 4962954) AND (k <= 4963054))
	  ->  Bitmap Index Scan on k_5  (cost=0.00..5.38 rows=95 width=0)
	        Index Cond: ((k >= 4962954) AND (k <= 4963054))

table 6 : explain SELECT k, c FROM sbtest6 WHERE k BETWEEN 4962954 AND 4963054
	Bitmap Heap Scan on sbtest6  (cost=5.43..389.37 rows=97 width=125)
	  Recheck Cond: ((k >= 4962954) AND (k <= 4963054))
	  ->  Bitmap Index Scan on k_6  (cost=0.00..5.40 rows=97 width=0)
	        Index Cond: ((k >= 4962954) AND (k <= 4963054))

table 7 : explain SELECT k, c FROM sbtest7 WHERE k BETWEEN 4962954 AND 4963054
	Bitmap Heap Scan on sbtest7  (cost=5.46..401.19 rows=100 width=125)
	  Recheck Cond: ((k >= 4962954) AND (k <= 4963054))
	  ->  Bitmap Index Scan on k_7  (cost=0.00..5.43 rows=100 width=0)
	        Index Cond: ((k >= 4962954) AND (k <= 4963054))

table 8 : explain SELECT k, c FROM sbtest8 WHERE k BETWEEN 4962954 AND 4963054
	Bitmap Heap Scan on sbtest8  (cost=5.47..405.13 rows=101 width=125)
	  Recheck Cond: ((k >= 4962954) AND (k <= 4963054))
	  ->  Bitmap Index Scan on k_8  (cost=0.00..5.44 rows=101 width=0)
	        Index Cond: ((k >= 4962954) AND (k <= 4963054))

explain: for range-notcovered :: explain SELECT k, c FROM sbtest%d WHERE k BETWEEN 2924930 AND 2925030
for range-notcovered
table 1 : explain SELECT k, c FROM sbtest1 WHERE k BETWEEN 3469874 AND 3469974
	Bitmap Heap Scan on sbtest1  (cost=5.57..444.49 rows=111 width=125)
	  Recheck Cond: ((k >= 3469874) AND (k <= 3469974))
	  ->  Bitmap Index Scan on k_1  (cost=0.00..5.54 rows=111 width=0)
	        Index Cond: ((k >= 3469874) AND (k <= 3469974))

table 2 : explain SELECT k, c FROM sbtest2 WHERE k BETWEEN 3469874 AND 3469974
	Bitmap Heap Scan on sbtest2  (cost=5.51..420.88 rows=105 width=125)
	  Recheck Cond: ((k >= 3469874) AND (k <= 3469974))
	  ->  Bitmap Index Scan on k_2  (cost=0.00..5.48 rows=105 width=0)
	        Index Cond: ((k >= 3469874) AND (k <= 3469974))

table 3 : explain SELECT k, c FROM sbtest3 WHERE k BETWEEN 3469874 AND 3469974
	Bitmap Heap Scan on sbtest3  (cost=5.50..416.94 rows=104 width=125)
	  Recheck Cond: ((k >= 3469874) AND (k <= 3469974))
	  ->  Bitmap Index Scan on k_3  (cost=0.00..5.47 rows=104 width=0)
	        Index Cond: ((k >= 3469874) AND (k <= 3469974))

table 4 : explain SELECT k, c FROM sbtest4 WHERE k BETWEEN 3469874 AND 3469974
	Bitmap Heap Scan on sbtest4  (cost=5.58..448.42 rows=112 width=125)
	  Recheck Cond: ((k >= 3469874) AND (k <= 3469974))
	  ->  Bitmap Index Scan on k_4  (cost=0.00..5.55 rows=112 width=0)
	        Index Cond: ((k >= 3469874) AND (k <= 3469974))

table 5 : explain SELECT k, c FROM sbtest5 WHERE k BETWEEN 3469874 AND 3469974
	Bitmap Heap Scan on sbtest5  (cost=5.49..413.00 rows=103 width=125)
	  Recheck Cond: ((k >= 3469874) AND (k <= 3469974))
	  ->  Bitmap Index Scan on k_5  (cost=0.00..5.46 rows=103 width=0)
	        Index Cond: ((k >= 3469874) AND (k <= 3469974))

table 6 : explain SELECT k, c FROM sbtest6 WHERE k BETWEEN 3469874 AND 3469974
	Bitmap Heap Scan on sbtest6  (cost=5.49..413.00 rows=103 width=125)
	  Recheck Cond: ((k >= 3469874) AND (k <= 3469974))
	  ->  Bitmap Index Scan on k_6  (cost=0.00..5.46 rows=103 width=0)
	        Index Cond: ((k >= 3469874) AND (k <= 3469974))

table 7 : explain SELECT k, c FROM sbtest7 WHERE k BETWEEN 3469874 AND 3469974
	Bitmap Heap Scan on sbtest7  (cost=5.43..389.37 rows=97 width=125)
	  Recheck Cond: ((k >= 3469874) AND (k <= 3469974))
	  ->  Bitmap Index Scan on k_7  (cost=0.00..5.40 rows=97 width=0)
	        Index Cond: ((k >= 3469874) AND (k <= 3469974))

table 8 : explain SELECT k, c FROM sbtest8 WHERE k BETWEEN 3469874 AND 3469974
	Bitmap Heap Scan on sbtest8  (cost=5.59..452.36 rows=113 width=125)
	  Recheck Cond: ((k >= 3469874) AND (k <= 3469974))
	  ->  Bitmap Index Scan on k_8  (cost=0.00..5.56 rows=113 width=0)
	        Index Cond: ((k >= 3469874) AND (k <= 3469974))

for range-notcovered
table 1 : explain SELECT k, c FROM sbtest1 WHERE k BETWEEN 4151392 AND 4151492
	Bitmap Heap Scan on sbtest1  (cost=5.41..381.49 rows=95 width=125)
	  Recheck Cond: ((k >= 4151392) AND (k <= 4151492))
	  ->  Bitmap Index Scan on k_1  (cost=0.00..5.38 rows=95 width=0)
	        Index Cond: ((k >= 4151392) AND (k <= 4151492))

table 2 : explain SELECT k, c FROM sbtest2 WHERE k BETWEEN 4151392 AND 4151492
	Bitmap Heap Scan on sbtest2  (cost=5.46..401.19 rows=100 width=125)
	  Recheck Cond: ((k >= 4151392) AND (k <= 4151492))
	  ->  Bitmap Index Scan on k_2  (cost=0.00..5.43 rows=100 width=0)
	        Index Cond: ((k >= 4151392) AND (k <= 4151492))

table 3 : explain SELECT k, c FROM sbtest3 WHERE k BETWEEN 4151392 AND 4151492
	Bitmap Heap Scan on sbtest3  (cost=5.55..436.62 rows=109 width=125)
	  Recheck Cond: ((k >= 4151392) AND (k <= 4151492))
	  ->  Bitmap Index Scan on k_3  (cost=0.00..5.52 rows=109 width=0)
	        Index Cond: ((k >= 4151392) AND (k <= 4151492))

table 4 : explain SELECT k, c FROM sbtest4 WHERE k BETWEEN 4151392 AND 4151492
	Bitmap Heap Scan on sbtest4  (cost=5.44..393.31 rows=98 width=125)
	  Recheck Cond: ((k >= 4151392) AND (k <= 4151492))
	  ->  Bitmap Index Scan on k_4  (cost=0.00..5.42 rows=98 width=0)
	        Index Cond: ((k >= 4151392) AND (k <= 4151492))

table 5 : explain SELECT k, c FROM sbtest5 WHERE k BETWEEN 4151392 AND 4151492
	Bitmap Heap Scan on sbtest5  (cost=5.41..381.49 rows=95 width=125)
	  Recheck Cond: ((k >= 4151392) AND (k <= 4151492))
	  ->  Bitmap Index Scan on k_5  (cost=0.00..5.38 rows=95 width=0)
	        Index Cond: ((k >= 4151392) AND (k <= 4151492))

table 6 : explain SELECT k, c FROM sbtest6 WHERE k BETWEEN 4151392 AND 4151492
	Bitmap Heap Scan on sbtest6  (cost=5.43..389.37 rows=97 width=125)
	  Recheck Cond: ((k >= 4151392) AND (k <= 4151492))
	  ->  Bitmap Index Scan on k_6  (cost=0.00..5.40 rows=97 width=0)
	        Index Cond: ((k >= 4151392) AND (k <= 4151492))

table 7 : explain SELECT k, c FROM sbtest7 WHERE k BETWEEN 4151392 AND 4151492
	Bitmap Heap Scan on sbtest7  (cost=5.50..416.94 rows=104 width=125)
	  Recheck Cond: ((k >= 4151392) AND (k <= 4151492))
	  ->  Bitmap Index Scan on k_7  (cost=0.00..5.47 rows=104 width=0)
	        Index Cond: ((k >= 4151392) AND (k <= 4151492))

table 8 : explain SELECT k, c FROM sbtest8 WHERE k BETWEEN 4151392 AND 4151492
	Bitmap Heap Scan on sbtest8  (cost=5.49..413.00 rows=103 width=125)
	  Recheck Cond: ((k >= 4151392) AND (k <= 4151492))
	  ->  Bitmap Index Scan on k_8  (cost=0.00..5.46 rows=103 width=0)
	        Index Cond: ((k >= 4151392) AND (k <= 4151492))

explain: for range-notcovered :: explain SELECT k, c FROM sbtest%d WHERE k BETWEEN 3469874 AND 3469974explain: for range-notcovered :: explain SELECT k, c FROM sbtest%d WHERE k BETWEEN 4151392 AND 4151492

for range-notcovered
table 1 : explain SELECT k, c FROM sbtest1 WHERE k BETWEEN 7489019 AND 7489119
	Bitmap Heap Scan on sbtest1  (cost=5.55..436.62 rows=109 width=125)
	  Recheck Cond: ((k >= 7489019) AND (k <= 7489119))
	  ->  Bitmap Index Scan on k_1  (cost=0.00..5.52 rows=109 width=0)
	        Index Cond: ((k >= 7489019) AND (k <= 7489119))

table 2 : explain SELECT k, c FROM sbtest2 WHERE k BETWEEN 7489019 AND 7489119
	Bitmap Heap Scan on sbtest2  (cost=5.57..444.49 rows=111 width=125)
	  Recheck Cond: ((k >= 7489019) AND (k <= 7489119))
	  ->  Bitmap Index Scan on k_2  (cost=0.00..5.54 rows=111 width=0)
	        Index Cond: ((k >= 7489019) AND (k <= 7489119))

table 3 : explain SELECT k, c FROM sbtest3 WHERE k BETWEEN 7489019 AND 7489119
	Bitmap Heap Scan on sbtest3  (cost=5.47..405.13 rows=101 width=125)
	  Recheck Cond: ((k >= 7489019) AND (k <= 7489119))
	  ->  Bitmap Index Scan on k_3  (cost=0.00..5.44 rows=101 width=0)
	        Index Cond: ((k >= 7489019) AND (k <= 7489119))

table 4 : explain SELECT k, c FROM sbtest4 WHERE k BETWEEN 7489019 AND 7489119
	Bitmap Heap Scan on sbtest4  (cost=5.46..401.19 rows=100 width=125)
	  Recheck Cond: ((k >= 7489019) AND (k <= 7489119))
	  ->  Bitmap Index Scan on k_4  (cost=0.00..5.43 rows=100 width=0)
	        Index Cond: ((k >= 7489019) AND (k <= 7489119))

table 5 : explain SELECT k, c FROM sbtest5 WHERE k BETWEEN 7489019 AND 7489119
	Bitmap Heap Scan on sbtest5  (cost=5.41..381.49 rows=95 width=125)
	  Recheck Cond: ((k >= 7489019) AND (k <= 7489119))
	  ->  Bitmap Index Scan on k_5  (cost=0.00..5.38 rows=95 width=0)
	        Index Cond: ((k >= 7489019) AND (k <= 7489119))

table 6 : explain SELECT k, c FROM sbtest6 WHERE k BETWEEN 7489019 AND 7489119
	Bitmap Heap Scan on sbtest6  (cost=5.51..420.88 rows=105 width=125)
	  Recheck Cond: ((k >= 7489019) AND (k <= 7489119))
	  ->  Bitmap Index Scan on k_6  (cost=0.00..5.48 rows=105 width=0)
	        Index Cond: ((k >= 7489019) AND (k <= 7489119))

table 7 : explain SELECT k, c FROM sbtest7 WHERE k BETWEEN 7489019 AND 7489119
	Bitmap Heap Scan on sbtest7  (cost=5.67..479.88 rows=120 width=125)
	  Recheck Cond: ((k >= 7489019) AND (k <= 7489119))
	  ->  Bitmap Index Scan on k_7  (cost=0.00..5.63 rows=120 width=0)
	        Index Cond: ((k >= 7489019) AND (k <= 7489119))

table 8 : explain SELECT k, c FROM sbtest8 WHERE k BETWEEN 7489019 AND 7489119
	Bitmap Heap Scan on sbtest8  (cost=5.40..377.55 rows=94 width=125)
	  Recheck Cond: ((k >= 7489019) AND (k <= 7489119))
	  ->  Bitmap Index Scan on k_8  (cost=0.00..5.38 rows=94 width=0)
	        Index Cond: ((k >= 7489019) AND (k <= 7489119))

explain: for range-notcovered :: explain SELECT k, c FROM sbtest%d WHERE k BETWEEN 7489019 AND 7489119
for range-notcovered
table 1 : explain SELECT k, c FROM sbtest1 WHERE k BETWEEN 7688288 AND 7688388
	Bitmap Heap Scan on sbtest1  (cost=5.47..405.13 rows=101 width=125)
	  Recheck Cond: ((k >= 7688288) AND (k <= 7688388))
	  ->  Bitmap Index Scan on k_1  (cost=0.00..5.44 rows=101 width=0)
	        Index Cond: ((k >= 7688288) AND (k <= 7688388))

table 2 : explain SELECT k, c FROM sbtest2 WHERE k BETWEEN 7688288 AND 7688388
	Bitmap Heap Scan on sbtest2  (cost=5.51..420.88 rows=105 width=125)
	  Recheck Cond: ((k >= 7688288) AND (k <= 7688388))
	  ->  Bitmap Index Scan on k_2  (cost=0.00..5.48 rows=105 width=0)
	        Index Cond: ((k >= 7688288) AND (k <= 7688388))

table 3 : explain SELECT k, c FROM sbtest3 WHERE k BETWEEN 7688288 AND 7688388
	Bitmap Heap Scan on sbtest3  (cost=5.51..420.88 rows=105 width=125)
	  Recheck Cond: ((k >= 7688288) AND (k <= 7688388))
	  ->  Bitmap Index Scan on k_3  (cost=0.00..5.48 rows=105 width=0)
	        Index Cond: ((k >= 7688288) AND (k <= 7688388))

table 4 : explain SELECT k, c FROM sbtest4 WHERE k BETWEEN 7688288 AND 7688388
	Bitmap Heap Scan on sbtest4  (cost=5.47..405.13 rows=101 width=125)
	  Recheck Cond: ((k >= 7688288) AND (k <= 7688388))
	  ->  Bitmap Index Scan on k_4  (cost=0.00..5.44 rows=101 width=0)
	        Index Cond: ((k >= 7688288) AND (k <= 7688388))

table 5 : explain SELECT k, c FROM sbtest5 WHERE k BETWEEN 7688288 AND 7688388
	Bitmap Heap Scan on sbtest5  (cost=5.59..452.36 rows=113 width=125)
	  Recheck Cond: ((k >= 7688288) AND (k <= 7688388))
	  ->  Bitmap Index Scan on k_5  (cost=0.00..5.56 rows=113 width=0)
	        Index Cond: ((k >= 7688288) AND (k <= 7688388))

table 6 : explain SELECT k, c FROM sbtest6 WHERE k BETWEEN 7688288 AND 7688388
	Bitmap Heap Scan on sbtest6  (cost=5.50..416.94 rows=104 width=125)
	  Recheck Cond: ((k >= 7688288) AND (k <= 7688388))
	  ->  Bitmap Index Scan on k_6  (cost=0.00..5.47 rows=104 width=0)
	        Index Cond: ((k >= 7688288) AND (k <= 7688388))

table 7 : explain SELECT k, c FROM sbtest7 WHERE k BETWEEN 7688288 AND 7688388
	Bitmap Heap Scan on sbtest7  (cost=5.48..409.07 rows=102 width=125)
	  Recheck Cond: ((k >= 7688288) AND (k <= 7688388))
	  ->  Bitmap Index Scan on k_7  (cost=0.00..5.45 rows=102 width=0)
	        Index Cond: ((k >= 7688288) AND (k <= 7688388))

table 8 : explain SELECT k, c FROM sbtest8 WHERE k BETWEEN 7688288 AND 7688388
	Bitmap Heap Scan on sbtest8  (cost=5.45..397.25 rows=99 width=125)
	  Recheck Cond: ((k >= 7688288) AND (k <= 7688388))
	  ->  Bitmap Index Scan on k_8  (cost=0.00..5.42 rows=99 width=0)
	        Index Cond: ((k >= 7688288) AND (k <= 7688388))

explain: for range-notcovered :: explain SELECT k, c FROM sbtest%d WHERE k BETWEEN 7688288 AND 7688388
for range-notcovered
table 1 : explain SELECT k, c FROM sbtest1 WHERE k BETWEEN 3519644 AND 3519744
	Bitmap Heap Scan on sbtest1  (cost=5.52..424.81 rows=106 width=125)
	  Recheck Cond: ((k >= 3519644) AND (k <= 3519744))
	  ->  Bitmap Index Scan on k_1  (cost=0.00..5.50 rows=106 width=0)
	        Index Cond: ((k >= 3519644) AND (k <= 3519744))

table 2 : explain SELECT k, c FROM sbtest2 WHERE k BETWEEN 3519644 AND 3519744
	Bitmap Heap Scan on sbtest2  (cost=5.51..420.88 rows=105 width=125)
	  Recheck Cond: ((k >= 3519644) AND (k <= 3519744))
	  ->  Bitmap Index Scan on k_2  (cost=0.00..5.48 rows=105 width=0)
	        Index Cond: ((k >= 3519644) AND (k <= 3519744))

table 3 : explain SELECT k, c FROM sbtest3 WHERE k BETWEEN 3519644 AND 3519744
	Bitmap Heap Scan on sbtest3  (cost=5.48..409.07 rows=102 width=125)
	  Recheck Cond: ((k >= 3519644) AND (k <= 3519744))
	  ->  Bitmap Index Scan on k_3  (cost=0.00..5.45 rows=102 width=0)
	        Index Cond: ((k >= 3519644) AND (k <= 3519744))

table 4 : explain SELECT k, c FROM sbtest4 WHERE k BETWEEN 3519644 AND 3519744
	Bitmap Heap Scan on sbtest4  (cost=5.50..416.94 rows=104 width=125)
	  Recheck Cond: ((k >= 3519644) AND (k <= 3519744))
	  ->  Bitmap Index Scan on k_4  (cost=0.00..5.47 rows=104 width=0)
	        Index Cond: ((k >= 3519644) AND (k <= 3519744))

table 5 : explain SELECT k, c FROM sbtest5 WHERE k BETWEEN 3519644 AND 3519744
	Bitmap Heap Scan on sbtest5  (cost=5.52..424.81 rows=106 width=125)
	  Recheck Cond: ((k >= 3519644) AND (k <= 3519744))
	  ->  Bitmap Index Scan on k_5  (cost=0.00..5.50 rows=106 width=0)
	        Index Cond: ((k >= 3519644) AND (k <= 3519744))

table 6 : explain SELECT k, c FROM sbtest6 WHERE k BETWEEN 3519644 AND 3519744
	Bitmap Heap Scan on sbtest6  (cost=5.46..401.19 rows=100 width=125)
	  Recheck Cond: ((k >= 3519644) AND (k <= 3519744))
	  ->  Bitmap Index Scan on k_6  (cost=0.00..5.43 rows=100 width=0)
	        Index Cond: ((k >= 3519644) AND (k <= 3519744))

table 7 : explain SELECT k, c FROM sbtest7 WHERE k BETWEEN 3519644 AND 3519744
	Bitmap Heap Scan on sbtest7  (cost=5.56..440.56 rows=110 width=125)
	  Recheck Cond: ((k >= 3519644) AND (k <= 3519744))
	  ->  Bitmap Index Scan on k_7  (cost=0.00..5.53 rows=110 width=0)
	        Index Cond: ((k >= 3519644) AND (k <= 3519744))

table 8 : explain SELECT k, c FROM sbtest8 WHERE k BETWEEN 3519644 AND 3519744
	Bitmap Heap Scan on sbtest8  (cost=5.43..389.37 rows=97 width=125)
	  Recheck Cond: ((k >= 3519644) AND (k <= 3519744))
	  ->  Bitmap Index Scan on k_8  (cost=0.00..5.40 rows=97 width=0)
	        Index Cond: ((k >= 3519644) AND (k <= 3519744))

for range-notcovered
table 1 : explain SELECT k, c FROM sbtest1 WHERE k BETWEEN 7489019 AND 7489119
	Bitmap Heap Scan on sbtest1  (cost=5.55..436.62 rows=109 width=125)
	  Recheck Cond: ((k >= 7489019) AND (k <= 7489119))
	  ->  Bitmap Index Scan on k_1  (cost=0.00..5.52 rows=109 width=0)
	        Index Cond: ((k >= 7489019) AND (k <= 7489119))

table 2 : explain SELECT k, c FROM sbtest2 WHERE k BETWEEN 7489019 AND 7489119
	Bitmap Heap Scan on sbtest2  (cost=5.57..444.49 rows=111 width=125)
	  Recheck Cond: ((k >= 7489019) AND (k <= 7489119))
	  ->  Bitmap Index Scan on k_2  (cost=0.00..5.54 rows=111 width=0)
	        Index Cond: ((k >= 7489019) AND (k <= 7489119))

table 3 : explain SELECT k, c FROM sbtest3 WHERE k BETWEEN 7489019 AND 7489119
	Bitmap Heap Scan on sbtest3  (cost=5.47..405.13 rows=101 width=125)
	  Recheck Cond: ((k >= 7489019) AND (k <= 7489119))
	  ->  Bitmap Index Scan on k_3  (cost=0.00..5.44 rows=101 width=0)
	        Index Cond: ((k >= 7489019) AND (k <= 7489119))

table 4 : explain SELECT k, c FROM sbtest4 WHERE k BETWEEN 7489019 AND 7489119
	Bitmap Heap Scan on sbtest4  (cost=5.46..401.19 rows=100 width=125)
	  Recheck Cond: ((k >= 7489019) AND (k <= 7489119))
	  ->  Bitmap Index Scan on k_4  (cost=0.00..5.43 rows=100 width=0)
	        Index Cond: ((k >= 7489019) AND (k <= 7489119))

table 5 : explain SELECT k, c FROM sbtest5 WHERE k BETWEEN 7489019 AND 7489119
	Bitmap Heap Scan on sbtest5  (cost=5.41..381.49 rows=95 width=125)
	  Recheck Cond: ((k >= 7489019) AND (k <= 7489119))
	  ->  Bitmap Index Scan on k_5  (cost=0.00..5.38 rows=95 width=0)
	        Index Cond: ((k >= 7489019) AND (k <= 7489119))

table 6 : explain SELECT k, c FROM sbtest6 WHERE k BETWEEN 7489019 AND 7489119
	Bitmap Heap Scan on sbtest6  (cost=5.51..420.88 rows=105 width=125)
	  Recheck Cond: ((k >= 7489019) AND (k <= 7489119))
	  ->  Bitmap Index Scan on k_6  (cost=0.00..5.48 rows=105 width=0)
	        Index Cond: ((k >= 7489019) AND (k <= 7489119))

table 7 : explain SELECT k, c FROM sbtest7 WHERE k BETWEEN 7489019 AND 7489119
	Bitmap Heap Scan on sbtest7  (cost=5.67..479.88 rows=120 width=125)
	  Recheck Cond: ((k >= 7489019) AND (k <= 7489119))
	  ->  Bitmap Index Scan on k_7  (cost=0.00..5.63 rows=120 width=0)
	        Index Cond: ((k >= 7489019) AND (k <= 7489119))

table 8 : explain SELECT k, c FROM sbtest8 WHERE k BETWEEN 7489019 AND 7489119
	Bitmap Heap Scan on sbtest8  (cost=5.40..377.55 rows=94 width=125)
	  Recheck Cond: ((k >= 7489019) AND (k <= 7489119))
	  ->  Bitmap Index Scan on k_8  (cost=0.00..5.38 rows=94 width=0)
	        Index Cond: ((k >= 7489019) AND (k <= 7489119))

explain: for range-notcovered :: explain SELECT k, c FROM sbtest%d WHERE k BETWEEN 3519644 AND 3519744
for range-notcovered
table 1 : explain SELECT k, c FROM sbtest1 WHERE k BETWEEN 2868783 AND 2868883
	Bitmap Heap Scan on sbtest1  (cost=5.46..401.19 rows=100 width=125)
	  Recheck Cond: ((k >= 2868783) AND (k <= 2868883))
	  ->  Bitmap Index Scan on k_1  (cost=0.00..5.43 rows=100 width=0)
	        Index Cond: ((k >= 2868783) AND (k <= 2868883))

table 2 : explain SELECT k, c FROM sbtest2 WHERE k BETWEEN 2868783 AND 2868883
	Bitmap Heap Scan on sbtest2  (cost=5.50..416.94 rows=104 width=125)
	  Recheck Cond: ((k >= 2868783) AND (k <= 2868883))
	  ->  Bitmap Index Scan on k_2  (cost=0.00..5.47 rows=104 width=0)
	        Index Cond: ((k >= 2868783) AND (k <= 2868883))

table 3 : explain SELECT k, c FROM sbtest3 WHERE k BETWEEN 2868783 AND 2868883
	Bitmap Heap Scan on sbtest3  (cost=5.55..436.62 rows=109 width=125)
	  Recheck Cond: ((k >= 2868783) AND (k <= 2868883))
	  ->  Bitmap Index Scan on k_3  (cost=0.00..5.52 rows=109 width=0)
	        Index Cond: ((k >= 2868783) AND (k <= 2868883))

table 4 : explain SELECT k, c FROM sbtest4 WHERE k BETWEEN 2868783 AND 2868883
	Bitmap Heap Scan on sbtest4  (cost=5.55..436.62 rows=109 width=125)
	  Recheck Cond: ((k >= 2868783) AND (k <= 2868883))
	  ->  Bitmap Index Scan on k_4  (cost=0.00..5.52 rows=109 width=0)
	        Index Cond: ((k >= 2868783) AND (k <= 2868883))

table 5 : explain SELECT k, c FROM sbtest5 WHERE k BETWEEN 2868783 AND 2868883
	Bitmap Heap Scan on sbtest5  (cost=5.48..409.07 rows=102 width=125)
	  Recheck Cond: ((k >= 2868783) AND (k <= 2868883))
	  ->  Bitmap Index Scan on k_5  (cost=0.00..5.45 rows=102 width=0)
	        Index Cond: ((k >= 2868783) AND (k <= 2868883))

table 6 : explain SELECT k, c FROM sbtest6 WHERE k BETWEEN 2868783 AND 2868883
	Bitmap Heap Scan on sbtest6  (cost=5.49..413.00 rows=103 width=125)
	  Recheck Cond: ((k >= 2868783) AND (k <= 2868883))
	  ->  Bitmap Index Scan on k_6  (cost=0.00..5.46 rows=103 width=0)
	        Index Cond: ((k >= 2868783) AND (k <= 2868883))

table 7 : explain SELECT k, c FROM sbtest7 WHERE k BETWEEN 2868783 AND 2868883
	Bitmap Heap Scan on sbtest7  (cost=5.45..397.25 rows=99 width=125)
	  Recheck Cond: ((k >= 2868783) AND (k <= 2868883))
	  ->  Bitmap Index Scan on k_7  (cost=0.00..5.42 rows=99 width=0)
	        Index Cond: ((k >= 2868783) AND (k <= 2868883))

table 8 : explain SELECT k, c FROM sbtest8 WHERE k BETWEEN 2868783 AND 2868883
	Bitmap Heap Scan on sbtest8  (cost=5.53..428.75 rows=107 width=125)
	  Recheck Cond: ((k >= 2868783) AND (k <= 2868883))
	  ->  Bitmap Index Scan on k_8  (cost=0.00..5.50 rows=107 width=0)
	        Index Cond: ((k >= 2868783) AND (k <= 2868883))

explain: for range-notcovered :: explain SELECT k, c FROM sbtest%d WHERE k BETWEEN 2868783 AND 2868883
for range-notcovered
table 1 : explain SELECT k, c FROM sbtest1 WHERE k BETWEEN 3818268 AND 3818368
	Bitmap Heap Scan on sbtest1  (cost=5.45..397.25 rows=99 width=125)
	  Recheck Cond: ((k >= 3818268) AND (k <= 3818368))
	  ->  Bitmap Index Scan on k_1  (cost=0.00..5.42 rows=99 width=0)
	        Index Cond: ((k >= 3818268) AND (k <= 3818368))

table 2 : explain SELECT k, c FROM sbtest2 WHERE k BETWEEN 3818268 AND 3818368
	Bitmap Heap Scan on sbtest2  (cost=5.52..424.81 rows=106 width=125)
	  Recheck Cond: ((k >= 3818268) AND (k <= 3818368))
	  ->  Bitmap Index Scan on k_2  (cost=0.00..5.50 rows=106 width=0)
	        Index Cond: ((k >= 3818268) AND (k <= 3818368))

table 3 : explain SELECT k, c FROM sbtest3 WHERE k BETWEEN 3818268 AND 3818368
	Bitmap Heap Scan on sbtest3  (cost=5.51..420.88 rows=105 width=125)
	  Recheck Cond: ((k >= 3818268) AND (k <= 3818368))
	  ->  Bitmap Index Scan on k_3  (cost=0.00..5.48 rows=105 width=0)
	        Index Cond: ((k >= 3818268) AND (k <= 3818368))

table 4 : explain SELECT k, c FROM sbtest4 WHERE k BETWEEN 3818268 AND 3818368
	Bitmap Heap Scan on sbtest4  (cost=5.48..409.07 rows=102 width=125)
	  Recheck Cond: ((k >= 3818268) AND (k <= 3818368))
	  ->  Bitmap Index Scan on k_4  (cost=0.00..5.45 rows=102 width=0)
	        Index Cond: ((k >= 3818268) AND (k <= 3818368))

table 5 : explain SELECT k, c FROM sbtest5 WHERE k BETWEEN 3818268 AND 3818368
	Bitmap Heap Scan on sbtest5  (cost=5.43..389.37 rows=97 width=125)
	  Recheck Cond: ((k >= 3818268) AND (k <= 3818368))
	  ->  Bitmap Index Scan on k_5  (cost=0.00..5.40 rows=97 width=0)
	        Index Cond: ((k >= 3818268) AND (k <= 3818368))

table 6 : explain SELECT k, c FROM sbtest6 WHERE k BETWEEN 3818268 AND 3818368
	Bitmap Heap Scan on sbtest6  (cost=5.50..416.94 rows=104 width=125)
	  Recheck Cond: ((k >= 3818268) AND (k <= 3818368))
	  ->  Bitmap Index Scan on k_6  (cost=0.00..5.47 rows=104 width=0)
	        Index Cond: ((k >= 3818268) AND (k <= 3818368))

table 7 : explain SELECT k, c FROM sbtest7 WHERE k BETWEEN 3818268 AND 3818368
	Bitmap Heap Scan on sbtest7  (cost=5.54..432.69 rows=108 width=125)
	  Recheck Cond: ((k >= 3818268) AND (k <= 3818368))
	  ->  Bitmap Index Scan on k_7  (cost=0.00..5.51 rows=108 width=0)
	        Index Cond: ((k >= 3818268) AND (k <= 3818368))

table 8 : explain SELECT k, c FROM sbtest8 WHERE k BETWEEN 3818268 AND 3818368
	Bitmap Heap Scan on sbtest8  (cost=5.37..365.72 rows=91 width=125)
	  Recheck Cond: ((k >= 3818268) AND (k <= 3818368))
	  ->  Bitmap Index Scan on k_8  (cost=0.00..5.34 rows=91 width=0)
	        Index Cond: ((k >= 3818268) AND (k <= 3818368))

explain: for range-notcovered :: explain SELECT k, c FROM sbtest%d WHERE k BETWEEN 7489019 AND 7489119
explain: for range-notcovered :: explain SELECT k, c FROM sbtest%d WHERE k BETWEEN 3818268 AND 3818368
for range-notcovered
table 1 : explain SELECT k, c FROM sbtest1 WHERE k BETWEEN 7688288 AND 7688388
	Bitmap Heap Scan on sbtest1  (cost=5.47..405.13 rows=101 width=125)
	  Recheck Cond: ((k >= 7688288) AND (k <= 7688388))
	  ->  Bitmap Index Scan on k_1  (cost=0.00..5.44 rows=101 width=0)
	        Index Cond: ((k >= 7688288) AND (k <= 7688388))

table 2 : explain SELECT k, c FROM sbtest2 WHERE k BETWEEN 7688288 AND 7688388
	Bitmap Heap Scan on sbtest2  (cost=5.51..420.88 rows=105 width=125)
	  Recheck Cond: ((k >= 7688288) AND (k <= 7688388))
	  ->  Bitmap Index Scan on k_2  (cost=0.00..5.48 rows=105 width=0)
	        Index Cond: ((k >= 7688288) AND (k <= 7688388))

table 3 : explain SELECT k, c FROM sbtest3 WHERE k BETWEEN 7688288 AND 7688388
	Bitmap Heap Scan on sbtest3  (cost=5.51..420.88 rows=105 width=125)
	  Recheck Cond: ((k >= 7688288) AND (k <= 7688388))
	  ->  Bitmap Index Scan on k_3  (cost=0.00..5.48 rows=105 width=0)
	        Index Cond: ((k >= 7688288) AND (k <= 7688388))

table 4 : explain SELECT k, c FROM sbtest4 WHERE k BETWEEN 7688288 AND 7688388
	Bitmap Heap Scan on sbtest4  (cost=5.47..405.13 rows=101 width=125)
	  Recheck Cond: ((k >= 7688288) AND (k <= 7688388))
	  ->  Bitmap Index Scan on k_4  (cost=0.00..5.44 rows=101 width=0)
	        Index Cond: ((k >= 7688288) AND (k <= 7688388))

table 5 : explain SELECT k, c FROM sbtest5 WHERE k BETWEEN 7688288 AND 7688388
	Bitmap Heap Scan on sbtest5  (cost=5.59..452.36 rows=113 width=125)
	  Recheck Cond: ((k >= 7688288) AND (k <= 7688388))
	  ->  Bitmap Index Scan on k_5  (cost=0.00..5.56 rows=113 width=0)
	        Index Cond: ((k >= 7688288) AND (k <= 7688388))

table 6 : explain SELECT k, c FROM sbtest6 WHERE k BETWEEN 7688288 AND 7688388
	Bitmap Heap Scan on sbtest6  (cost=5.50..416.94 rows=104 width=125)
	  Recheck Cond: ((k >= 7688288) AND (k <= 7688388))
	  ->  Bitmap Index Scan on k_6  (cost=0.00..5.47 rows=104 width=0)
	        Index Cond: ((k >= 7688288) AND (k <= 7688388))

table 7 : explain SELECT k, c FROM sbtest7 WHERE k BETWEEN 7688288 AND 7688388
	Bitmap Heap Scan on sbtest7  (cost=5.48..409.07 rows=102 width=125)
	  Recheck Cond: ((k >= 7688288) AND (k <= 7688388))
	  ->  Bitmap Index Scan on k_7  (cost=0.00..5.45 rows=102 width=0)
	        Index Cond: ((k >= 7688288) AND (k <= 7688388))

table 8 : explain SELECT k, c FROM sbtest8 WHERE k BETWEEN 7688288 AND 7688388
	Bitmap Heap Scan on sbtest8  (cost=5.45..397.25 rows=99 width=125)
	  Recheck Cond: ((k >= 7688288) AND (k <= 7688388))
	  ->  Bitmap Index Scan on k_8  (cost=0.00..5.42 rows=99 width=0)
	        Index Cond: ((k >= 7688288) AND (k <= 7688388))

explain: for range-notcovered :: explain SELECT k, c FROM sbtest%d WHERE k BETWEEN 7688288 AND 7688388
for range-notcovered
table 1 : explain SELECT k, c FROM sbtest1 WHERE k BETWEEN 3519644 AND 3519744
	Bitmap Heap Scan on sbtest1  (cost=5.52..424.81 rows=106 width=125)
	  Recheck Cond: ((k >= 3519644) AND (k <= 3519744))
	  ->  Bitmap Index Scan on k_1  (cost=0.00..5.50 rows=106 width=0)
	        Index Cond: ((k >= 3519644) AND (k <= 3519744))

table 2 : explain SELECT k, c FROM sbtest2 WHERE k BETWEEN 3519644 AND 3519744
	Bitmap Heap Scan on sbtest2  (cost=5.51..420.88 rows=105 width=125)
	  Recheck Cond: ((k >= 3519644) AND (k <= 3519744))
	  ->  Bitmap Index Scan on k_2  (cost=0.00..5.48 rows=105 width=0)
	        Index Cond: ((k >= 3519644) AND (k <= 3519744))

table 3 : explain SELECT k, c FROM sbtest3 WHERE k BETWEEN 3519644 AND 3519744
	Bitmap Heap Scan on sbtest3  (cost=5.48..409.07 rows=102 width=125)
	  Recheck Cond: ((k >= 3519644) AND (k <= 3519744))
	  ->  Bitmap Index Scan on k_3  (cost=0.00..5.45 rows=102 width=0)
	        Index Cond: ((k >= 3519644) AND (k <= 3519744))

table 4 : explain SELECT k, c FROM sbtest4 WHERE k BETWEEN 3519644 AND 3519744
	Bitmap Heap Scan on sbtest4  (cost=5.50..416.94 rows=104 width=125)
	  Recheck Cond: ((k >= 3519644) AND (k <= 3519744))
	  ->  Bitmap Index Scan on k_4  (cost=0.00..5.47 rows=104 width=0)
	        Index Cond: ((k >= 3519644) AND (k <= 3519744))

table 5 : explain SELECT k, c FROM sbtest5 WHERE k BETWEEN 3519644 AND 3519744
	Bitmap Heap Scan on sbtest5  (cost=5.52..424.81 rows=106 width=125)
	  Recheck Cond: ((k >= 3519644) AND (k <= 3519744))
	  ->  Bitmap Index Scan on k_5  (cost=0.00..5.50 rows=106 width=0)
	        Index Cond: ((k >= 3519644) AND (k <= 3519744))

table 6 : explain SELECT k, c FROM sbtest6 WHERE k BETWEEN 3519644 AND 3519744
	Bitmap Heap Scan on sbtest6  (cost=5.46..401.19 rows=100 width=125)
	  Recheck Cond: ((k >= 3519644) AND (k <= 3519744))
	  ->  Bitmap Index Scan on k_6  (cost=0.00..5.43 rows=100 width=0)
	        Index Cond: ((k >= 3519644) AND (k <= 3519744))

table 7 : explain SELECT k, c FROM sbtest7 WHERE k BETWEEN 3519644 AND 3519744
	Bitmap Heap Scan on sbtest7  (cost=5.56..440.56 rows=110 width=125)
	  Recheck Cond: ((k >= 3519644) AND (k <= 3519744))
	  ->  Bitmap Index Scan on k_7  (cost=0.00..5.53 rows=110 width=0)
	        Index Cond: ((k >= 3519644) AND (k <= 3519744))

table 8 : explain SELECT k, c FROM sbtest8 WHERE k BETWEEN 3519644 AND 3519744
	Bitmap Heap Scan on sbtest8  (cost=5.43..389.37 rows=97 width=125)
	  Recheck Cond: ((k >= 3519644) AND (k <= 3519744))
	  ->  Bitmap Index Scan on k_8  (cost=0.00..5.40 rows=97 width=0)
	        Index Cond: ((k >= 3519644) AND (k <= 3519744))

explain: for range-notcovered :: explain SELECT k, c FROM sbtest%d WHERE k BETWEEN 3519644 AND 3519744
for range-notcovered
table 1 : explain SELECT k, c FROM sbtest1 WHERE k BETWEEN 3818268 AND 3818368
	Bitmap Heap Scan on sbtest1  (cost=5.45..397.25 rows=99 width=125)
	  Recheck Cond: ((k >= 3818268) AND (k <= 3818368))
	  ->  Bitmap Index Scan on k_1  (cost=0.00..5.42 rows=99 width=0)
	        Index Cond: ((k >= 3818268) AND (k <= 3818368))

table 2 : explain SELECT k, c FROM sbtest2 WHERE k BETWEEN 3818268 AND 3818368
	Bitmap Heap Scan on sbtest2  (cost=5.52..424.81 rows=106 width=125)
	  Recheck Cond: ((k >= 3818268) AND (k <= 3818368))
	  ->  Bitmap Index Scan on k_2  (cost=0.00..5.50 rows=106 width=0)
	        Index Cond: ((k >= 3818268) AND (k <= 3818368))

table 3 : explain SELECT k, c FROM sbtest3 WHERE k BETWEEN 3818268 AND 3818368
	Bitmap Heap Scan on sbtest3  (cost=5.51..420.88 rows=105 width=125)
	  Recheck Cond: ((k >= 3818268) AND (k <= 3818368))
	  ->  Bitmap Index Scan on k_3  (cost=0.00..5.48 rows=105 width=0)
	        Index Cond: ((k >= 3818268) AND (k <= 3818368))

table 4 : explain SELECT k, c FROM sbtest4 WHERE k BETWEEN 3818268 AND 3818368
	Bitmap Heap Scan on sbtest4  (cost=5.48..409.07 rows=102 width=125)
	  Recheck Cond: ((k >= 3818268) AND (k <= 3818368))
	  ->  Bitmap Index Scan on k_4  (cost=0.00..5.45 rows=102 width=0)
	        Index Cond: ((k >= 3818268) AND (k <= 3818368))

table 5 : explain SELECT k, c FROM sbtest5 WHERE k BETWEEN 3818268 AND 3818368
	Bitmap Heap Scan on sbtest5  (cost=5.43..389.37 rows=97 width=125)
	  Recheck Cond: ((k >= 3818268) AND (k <= 3818368))
	  ->  Bitmap Index Scan on k_5  (cost=0.00..5.40 rows=97 width=0)
	        Index Cond: ((k >= 3818268) AND (k <= 3818368))

table 6 : explain SELECT k, c FROM sbtest6 WHERE k BETWEEN 3818268 AND 3818368
	Bitmap Heap Scan on sbtest6  (cost=5.50..416.94 rows=104 width=125)
	  Recheck Cond: ((k >= 3818268) AND (k <= 3818368))
	  ->  Bitmap Index Scan on k_6  (cost=0.00..5.47 rows=104 width=0)
	        Index Cond: ((k >= 3818268) AND (k <= 3818368))

table 7 : explain SELECT k, c FROM sbtest7 WHERE k BETWEEN 3818268 AND 3818368
	Bitmap Heap Scan on sbtest7  (cost=5.54..432.69 rows=108 width=125)
	  Recheck Cond: ((k >= 3818268) AND (k <= 3818368))
	  ->  Bitmap Index Scan on k_7  (cost=0.00..5.51 rows=108 width=0)
	        Index Cond: ((k >= 3818268) AND (k <= 3818368))

table 8 : explain SELECT k, c FROM sbtest8 WHERE k BETWEEN 3818268 AND 3818368
	Bitmap Heap Scan on sbtest8  (cost=5.37..365.72 rows=91 width=125)
	  Recheck Cond: ((k >= 3818268) AND (k <= 3818368))
	  ->  Bitmap Index Scan on k_8  (cost=0.00..5.34 rows=91 width=0)
	        Index Cond: ((k >= 3818268) AND (k <= 3818368))

explain: for range-notcovered :: explain SELECT k, c FROM sbtest%d WHERE k BETWEEN 3818268 AND 3818368
for range-notcovered
table 1 : explain SELECT k, c FROM sbtest1 WHERE k BETWEEN 7688288 AND 7688388
	Bitmap Heap Scan on sbtest1  (cost=5.47..405.13 rows=101 width=125)
	  Recheck Cond: ((k >= 7688288) AND (k <= 7688388))
	  ->  Bitmap Index Scan on k_1  (cost=0.00..5.44 rows=101 width=0)
	        Index Cond: ((k >= 7688288) AND (k <= 7688388))

table 2 : explain SELECT k, c FROM sbtest2 WHERE k BETWEEN 7688288 AND 7688388
	Bitmap Heap Scan on sbtest2  (cost=5.51..420.88 rows=105 width=125)
	  Recheck Cond: ((k >= 7688288) AND (k <= 7688388))
	  ->  Bitmap Index Scan on k_2  (cost=0.00..5.48 rows=105 width=0)
	        Index Cond: ((k >= 7688288) AND (k <= 7688388))

table 3 : explain SELECT k, c FROM sbtest3 WHERE k BETWEEN 7688288 AND 7688388
	Bitmap Heap Scan on sbtest3  (cost=5.51..420.88 rows=105 width=125)
	  Recheck Cond: ((k >= 7688288) AND (k <= 7688388))
	  ->  Bitmap Index Scan on k_3  (cost=0.00..5.48 rows=105 width=0)
	        Index Cond: ((k >= 7688288) AND (k <= 7688388))

table 4 : explain SELECT k, c FROM sbtest4 WHERE k BETWEEN 7688288 AND 7688388
	Bitmap Heap Scan on sbtest4  (cost=5.47..405.13 rows=101 width=125)
	  Recheck Cond: ((k >= 7688288) AND (k <= 7688388))
	  ->  Bitmap Index Scan on k_4  (cost=0.00..5.44 rows=101 width=0)
	        Index Cond: ((k >= 7688288) AND (k <= 7688388))

table 5 : explain SELECT k, c FROM sbtest5 WHERE k BETWEEN 7688288 AND 7688388
	Bitmap Heap Scan on sbtest5  (cost=5.59..452.36 rows=113 width=125)
	  Recheck Cond: ((k >= 7688288) AND (k <= 7688388))
	  ->  Bitmap Index Scan on k_5  (cost=0.00..5.56 rows=113 width=0)
	        Index Cond: ((k >= 7688288) AND (k <= 7688388))

table 6 : explain SELECT k, c FROM sbtest6 WHERE k BETWEEN 7688288 AND 7688388
	Bitmap Heap Scan on sbtest6  (cost=5.50..416.94 rows=104 width=125)
	  Recheck Cond: ((k >= 7688288) AND (k <= 7688388))
	  ->  Bitmap Index Scan on k_6  (cost=0.00..5.47 rows=104 width=0)
	        Index Cond: ((k >= 7688288) AND (k <= 7688388))

table 7 : explain SELECT k, c FROM sbtest7 WHERE k BETWEEN 7688288 AND 7688388
	Bitmap Heap Scan on sbtest7  (cost=5.48..409.07 rows=102 width=125)
	  Recheck Cond: ((k >= 7688288) AND (k <= 7688388))
	  ->  Bitmap Index Scan on k_7  (cost=0.00..5.45 rows=102 width=0)
	        Index Cond: ((k >= 7688288) AND (k <= 7688388))

table 8 : explain SELECT k, c FROM sbtest8 WHERE k BETWEEN 7688288 AND 7688388
	Bitmap Heap Scan on sbtest8  (cost=5.45..397.25 rows=99 width=125)
	  Recheck Cond: ((k >= 7688288) AND (k <= 7688388))
	  ->  Bitmap Index Scan on k_8  (cost=0.00..5.42 rows=99 width=0)
	        Index Cond: ((k >= 7688288) AND (k <= 7688388))

for range-notcovered
table 1 : explain SELECT k, c FROM sbtest1 WHERE k BETWEEN 7744276 AND 7744376
	Bitmap Heap Scan on sbtest1  (cost=5.44..393.31 rows=98 width=125)
	  Recheck Cond: ((k >= 7744276) AND (k <= 7744376))
	  ->  Bitmap Index Scan on k_1  (cost=0.00..5.42 rows=98 width=0)
	        Index Cond: ((k >= 7744276) AND (k <= 7744376))

table 2 : explain SELECT k, c FROM sbtest2 WHERE k BETWEEN 7744276 AND 7744376
	Bitmap Heap Scan on sbtest2  (cost=5.51..420.88 rows=105 width=125)
	  Recheck Cond: ((k >= 7744276) AND (k <= 7744376))
	  ->  Bitmap Index Scan on k_2  (cost=0.00..5.48 rows=105 width=0)
	        Index Cond: ((k >= 7744276) AND (k <= 7744376))

table 3 : explain SELECT k, c FROM sbtest3 WHERE k BETWEEN 7744276 AND 7744376
	Bitmap Heap Scan on sbtest3  (cost=5.51..420.88 rows=105 width=125)
	  Recheck Cond: ((k >= 7744276) AND (k <= 7744376))
	  ->  Bitmap Index Scan on k_3  (cost=0.00..5.48 rows=105 width=0)
	        Index Cond: ((k >= 7744276) AND (k <= 7744376))

table 4 : explain SELECT k, c FROM sbtest4 WHERE k BETWEEN 7744276 AND 7744376
	Bitmap Heap Scan on sbtest4  (cost=5.47..405.13 rows=101 width=125)
	  Recheck Cond: ((k >= 7744276) AND (k <= 7744376))
	  ->  Bitmap Index Scan on k_4  (cost=0.00..5.44 rows=101 width=0)
	        Index Cond: ((k >= 7744276) AND (k <= 7744376))

table 5 : explain SELECT k, c FROM sbtest5 WHERE k BETWEEN 7744276 AND 7744376
	Bitmap Heap Scan on sbtest5  (cost=5.48..409.07 rows=102 width=125)
	  Recheck Cond: ((k >= 7744276) AND (k <= 7744376))
	  ->  Bitmap Index Scan on k_5  (cost=0.00..5.45 rows=102 width=0)
	        Index Cond: ((k >= 7744276) AND (k <= 7744376))

table 6 : explain SELECT k, c FROM sbtest6 WHERE k BETWEEN 7744276 AND 7744376
	Bitmap Heap Scan on sbtest6  (cost=5.44..393.31 rows=98 width=125)
	  Recheck Cond: ((k >= 7744276) AND (k <= 7744376))
	  ->  Bitmap Index Scan on k_6  (cost=0.00..5.42 rows=98 width=0)
	        Index Cond: ((k >= 7744276) AND (k <= 7744376))

table 7 : explain SELECT k, c FROM sbtest7 WHERE k BETWEEN 7744276 AND 7744376
	Bitmap Heap Scan on sbtest7  (cost=5.48..409.07 rows=102 width=125)
	  Recheck Cond: ((k >= 7744276) AND (k <= 7744376))
	  ->  Bitmap Index Scan on k_7  (cost=0.00..5.45 rows=102 width=0)
	        Index Cond: ((k >= 7744276) AND (k <= 7744376))

table 8 : explain SELECT k, c FROM sbtest8 WHERE k BETWEEN 7744276 AND 7744376
	Bitmap Heap Scan on sbtest8  (cost=5.47..405.13 rows=101 width=125)
	  Recheck Cond: ((k >= 7744276) AND (k <= 7744376))
	  ->  Bitmap Index Scan on k_8  (cost=0.00..5.44 rows=101 width=0)
	        Index Cond: ((k >= 7744276) AND (k <= 7744376))

explain: for range-notcovered :: explain SELECT k, c FROM sbtest%d WHERE k BETWEEN 7688288 AND 7688388
explain: for range-notcovered :: explain SELECT k, c FROM sbtest%d WHERE k BETWEEN 7744276 AND 7744376
for range-notcovered
table 1 : explain SELECT k, c FROM sbtest1 WHERE k BETWEEN 3519644 AND 3519744
	Bitmap Heap Scan on sbtest1  (cost=5.52..424.81 rows=106 width=125)
	  Recheck Cond: ((k >= 3519644) AND (k <= 3519744))
	  ->  Bitmap Index Scan on k_1  (cost=0.00..5.50 rows=106 width=0)
	        Index Cond: ((k >= 3519644) AND (k <= 3519744))

table 2 : explain SELECT k, c FROM sbtest2 WHERE k BETWEEN 3519644 AND 3519744
	Bitmap Heap Scan on sbtest2  (cost=5.51..420.88 rows=105 width=125)
	  Recheck Cond: ((k >= 3519644) AND (k <= 3519744))
	  ->  Bitmap Index Scan on k_2  (cost=0.00..5.48 rows=105 width=0)
	        Index Cond: ((k >= 3519644) AND (k <= 3519744))

table 3 : explain SELECT k, c FROM sbtest3 WHERE k BETWEEN 3519644 AND 3519744
	Bitmap Heap Scan on sbtest3  (cost=5.48..409.07 rows=102 width=125)
	  Recheck Cond: ((k >= 3519644) AND (k <= 3519744))
	  ->  Bitmap Index Scan on k_3  (cost=0.00..5.45 rows=102 width=0)
	        Index Cond: ((k >= 3519644) AND (k <= 3519744))

table 4 : explain SELECT k, c FROM sbtest4 WHERE k BETWEEN 3519644 AND 3519744
	Bitmap Heap Scan on sbtest4  (cost=5.50..416.94 rows=104 width=125)
	  Recheck Cond: ((k >= 3519644) AND (k <= 3519744))
	  ->  Bitmap Index Scan on k_4  (cost=0.00..5.47 rows=104 width=0)
	        Index Cond: ((k >= 3519644) AND (k <= 3519744))

table 5 : explain SELECT k, c FROM sbtest5 WHERE k BETWEEN 3519644 AND 3519744
	Bitmap Heap Scan on sbtest5  (cost=5.52..424.81 rows=106 width=125)
	  Recheck Cond: ((k >= 3519644) AND (k <= 3519744))
	  ->  Bitmap Index Scan on k_5  (cost=0.00..5.50 rows=106 width=0)
	        Index Cond: ((k >= 3519644) AND (k <= 3519744))

table 6 : explain SELECT k, c FROM sbtest6 WHERE k BETWEEN 3519644 AND 3519744
	Bitmap Heap Scan on sbtest6  (cost=5.46..401.19 rows=100 width=125)
	  Recheck Cond: ((k >= 3519644) AND (k <= 3519744))
	  ->  Bitmap Index Scan on k_6  (cost=0.00..5.43 rows=100 width=0)
	        Index Cond: ((k >= 3519644) AND (k <= 3519744))

table 7 : explain SELECT k, c FROM sbtest7 WHERE k BETWEEN 3519644 AND 3519744
	Bitmap Heap Scan on sbtest7  (cost=5.56..440.56 rows=110 width=125)
	  Recheck Cond: ((k >= 3519644) AND (k <= 3519744))
	  ->  Bitmap Index Scan on k_7  (cost=0.00..5.53 rows=110 width=0)
	        Index Cond: ((k >= 3519644) AND (k <= 3519744))

table 8 : explain SELECT k, c FROM sbtest8 WHERE k BETWEEN 3519644 AND 3519744
	Bitmap Heap Scan on sbtest8  (cost=5.43..389.37 rows=97 width=125)
	  Recheck Cond: ((k >= 3519644) AND (k <= 3519744))
	  ->  Bitmap Index Scan on k_8  (cost=0.00..5.40 rows=97 width=0)
	        Index Cond: ((k >= 3519644) AND (k <= 3519744))

for range-notcovered
table 1 : explain SELECT k, c FROM sbtest1 WHERE k BETWEEN 4151392 AND 4151492
	Bitmap Heap Scan on sbtest1  (cost=5.41..381.49 rows=95 width=125)
	  Recheck Cond: ((k >= 4151392) AND (k <= 4151492))
	  ->  Bitmap Index Scan on k_1  (cost=0.00..5.38 rows=95 width=0)
	        Index Cond: ((k >= 4151392) AND (k <= 4151492))

table 2 : explain SELECT k, c FROM sbtest2 WHERE k BETWEEN 4151392 AND 4151492
	Bitmap Heap Scan on sbtest2  (cost=5.46..401.19 rows=100 width=125)
	  Recheck Cond: ((k >= 4151392) AND (k <= 4151492))
	  ->  Bitmap Index Scan on k_2  (cost=0.00..5.43 rows=100 width=0)
	        Index Cond: ((k >= 4151392) AND (k <= 4151492))

table 3 : explain SELECT k, c FROM sbtest3 WHERE k BETWEEN 4151392 AND 4151492
	Bitmap Heap Scan on sbtest3  (cost=5.55..436.62 rows=109 width=125)
	  Recheck Cond: ((k >= 4151392) AND (k <= 4151492))
	  ->  Bitmap Index Scan on k_3  (cost=0.00..5.52 rows=109 width=0)
	        Index Cond: ((k >= 4151392) AND (k <= 4151492))

table 4 : explain SELECT k, c FROM sbtest4 WHERE k BETWEEN 4151392 AND 4151492
	Bitmap Heap Scan on sbtest4  (cost=5.44..393.31 rows=98 width=125)
	  Recheck Cond: ((k >= 4151392) AND (k <= 4151492))
	  ->  Bitmap Index Scan on k_4  (cost=0.00..5.42 rows=98 width=0)
	        Index Cond: ((k >= 4151392) AND (k <= 4151492))

table 5 : explain SELECT k, c FROM sbtest5 WHERE k BETWEEN 4151392 AND 4151492
	Bitmap Heap Scan on sbtest5  (cost=5.41..381.49 rows=95 width=125)
	  Recheck Cond: ((k >= 4151392) AND (k <= 4151492))
	  ->  Bitmap Index Scan on k_5  (cost=0.00..5.38 rows=95 width=0)
	        Index Cond: ((k >= 4151392) AND (k <= 4151492))

table 6 : explain SELECT k, c FROM sbtest6 WHERE k BETWEEN 4151392 AND 4151492
	Bitmap Heap Scan on sbtest6  (cost=5.43..389.37 rows=97 width=125)
	  Recheck Cond: ((k >= 4151392) AND (k <= 4151492))
	  ->  Bitmap Index Scan on k_6  (cost=0.00..5.40 rows=97 width=0)
	        Index Cond: ((k >= 4151392) AND (k <= 4151492))

table 7 : explain SELECT k, c FROM sbtest7 WHERE k BETWEEN 4151392 AND 4151492
	Bitmap Heap Scan on sbtest7  (cost=5.50..416.94 rows=104 width=125)
	  Recheck Cond: ((k >= 4151392) AND (k <= 4151492))
	  ->  Bitmap Index Scan on k_7  (cost=0.00..5.47 rows=104 width=0)
	        Index Cond: ((k >= 4151392) AND (k <= 4151492))

table 8 : explain SELECT k, c FROM sbtest8 WHERE k BETWEEN 4151392 AND 4151492
	Bitmap Heap Scan on sbtest8  (cost=5.49..413.00 rows=103 width=125)
	  Recheck Cond: ((k >= 4151392) AND (k <= 4151492))
	  ->  Bitmap Index Scan on k_8  (cost=0.00..5.46 rows=103 width=0)
	        Index Cond: ((k >= 4151392) AND (k <= 4151492))

explain: for range-notcovered :: explain SELECT k, c FROM sbtest%d WHERE k BETWEEN 3519644 AND 3519744
for range-notcovered
table 1 : explain SELECT k, c FROM sbtest1 WHERE k BETWEEN 3469874 AND 3469974
	Bitmap Heap Scan on sbtest1  (cost=5.57..444.49 rows=111 width=125)
	  Recheck Cond: ((k >= 3469874) AND (k <= 3469974))
	  ->  Bitmap Index Scan on k_1  (cost=0.00..5.54 rows=111 width=0)
	        Index Cond: ((k >= 3469874) AND (k <= 3469974))

table 2 : explain SELECT k, c FROM sbtest2 WHERE k BETWEEN 3469874 AND 3469974
	Bitmap Heap Scan on sbtest2  (cost=5.51..420.88 rows=105 width=125)
	  Recheck Cond: ((k >= 3469874) AND (k <= 3469974))
	  ->  Bitmap Index Scan on k_2  (cost=0.00..5.48 rows=105 width=0)
	        Index Cond: ((k >= 3469874) AND (k <= 3469974))

table 3 : explain SELECT k, c FROM sbtest3 WHERE k BETWEEN 3469874 AND 3469974
	Bitmap Heap Scan on sbtest3  (cost=5.50..416.94 rows=104 width=125)
	  Recheck Cond: ((k >= 3469874) AND (k <= 3469974))
	  ->  Bitmap Index Scan on k_3  (cost=0.00..5.47 rows=104 width=0)
	        Index Cond: ((k >= 3469874) AND (k <= 3469974))

table 4 : explain SELECT k, c FROM sbtest4 WHERE k BETWEEN 3469874 AND 3469974
	Bitmap Heap Scan on sbtest4  (cost=5.58..448.42 rows=112 width=125)
	  Recheck Cond: ((k >= 3469874) AND (k <= 3469974))
	  ->  Bitmap Index Scan on k_4  (cost=0.00..5.55 rows=112 width=0)
	        Index Cond: ((k >= 3469874) AND (k <= 3469974))

table 5 : explain SELECT k, c FROM sbtest5 WHERE k BETWEEN 3469874 AND 3469974
	Bitmap Heap Scan on sbtest5  (cost=5.49..413.00 rows=103 width=125)
	  Recheck Cond: ((k >= 3469874) AND (k <= 3469974))
	  ->  Bitmap Index Scan on k_5  (cost=0.00..5.46 rows=103 width=0)
	        Index Cond: ((k >= 3469874) AND (k <= 3469974))

table 6 : explain SELECT k, c FROM sbtest6 WHERE k BETWEEN 3469874 AND 3469974
	Bitmap Heap Scan on sbtest6  (cost=5.49..413.00 rows=103 width=125)
	  Recheck Cond: ((k >= 3469874) AND (k <= 3469974))
	  ->  Bitmap Index Scan on k_6  (cost=0.00..5.46 rows=103 width=0)
	        Index Cond: ((k >= 3469874) AND (k <= 3469974))

table 7 : explain SELECT k, c FROM sbtest7 WHERE k BETWEEN 3469874 AND 3469974
	Bitmap Heap Scan on sbtest7  (cost=5.43..389.37 rows=97 width=125)
	  Recheck Cond: ((k >= 3469874) AND (k <= 3469974))
	  ->  Bitmap Index Scan on k_7  (cost=0.00..5.40 rows=97 width=0)
	        Index Cond: ((k >= 3469874) AND (k <= 3469974))

table 8 : explain SELECT k, c FROM sbtest8 WHERE k BETWEEN 3469874 AND 3469974
	Bitmap Heap Scan on sbtest8  (cost=5.59..452.36 rows=113 width=125)
	  Recheck Cond: ((k >= 3469874) AND (k <= 3469974))
	  ->  Bitmap Index Scan on k_8  (cost=0.00..5.56 rows=113 width=0)
	        Index Cond: ((k >= 3469874) AND (k <= 3469974))

for range-notcovered
table 1 : explain SELECT k, c FROM sbtest1 WHERE k BETWEEN 3818268 AND 3818368
	Bitmap Heap Scan on sbtest1  (cost=5.45..397.25 rows=99 width=125)
	  Recheck Cond: ((k >= 3818268) AND (k <= 3818368))
	  ->  Bitmap Index Scan on k_1  (cost=0.00..5.42 rows=99 width=0)
	        Index Cond: ((k >= 3818268) AND (k <= 3818368))

table 2 : explain SELECT k, c FROM sbtest2 WHERE k BETWEEN 3818268 AND 3818368
	Bitmap Heap Scan on sbtest2  (cost=5.52..424.81 rows=106 width=125)
	  Recheck Cond: ((k >= 3818268) AND (k <= 3818368))
	  ->  Bitmap Index Scan on k_2  (cost=0.00..5.50 rows=106 width=0)
	        Index Cond: ((k >= 3818268) AND (k <= 3818368))

table 3 : explain SELECT k, c FROM sbtest3 WHERE k BETWEEN 3818268 AND 3818368
	Bitmap Heap Scan on sbtest3  (cost=5.51..420.88 rows=105 width=125)
	  Recheck Cond: ((k >= 3818268) AND (k <= 3818368))
	  ->  Bitmap Index Scan on k_3  (cost=0.00..5.48 rows=105 width=0)
	        Index Cond: ((k >= 3818268) AND (k <= 3818368))

table 4 : explain SELECT k, c FROM sbtest4 WHERE k BETWEEN 3818268 AND 3818368
	Bitmap Heap Scan on sbtest4  (cost=5.48..409.07 rows=102 width=125)
	  Recheck Cond: ((k >= 3818268) AND (k <= 3818368))
	  ->  Bitmap Index Scan on k_4  (cost=0.00..5.45 rows=102 width=0)
	        Index Cond: ((k >= 3818268) AND (k <= 3818368))

table 5 : explain SELECT k, c FROM sbtest5 WHERE k BETWEEN 3818268 AND 3818368
	Bitmap Heap Scan on sbtest5  (cost=5.43..389.37 rows=97 width=125)
	  Recheck Cond: ((k >= 3818268) AND (k <= 3818368))
	  ->  Bitmap Index Scan on k_5  (cost=0.00..5.40 rows=97 width=0)
	        Index Cond: ((k >= 3818268) AND (k <= 3818368))

table 6 : explain SELECT k, c FROM sbtest6 WHERE k BETWEEN 3818268 AND 3818368
	Bitmap Heap Scan on sbtest6  (cost=5.50..416.94 rows=104 width=125)
	  Recheck Cond: ((k >= 3818268) AND (k <= 3818368))
	  ->  Bitmap Index Scan on k_6  (cost=0.00..5.47 rows=104 width=0)
	        Index Cond: ((k >= 3818268) AND (k <= 3818368))

table 7 : explain SELECT k, c FROM sbtest7 WHERE k BETWEEN 3818268 AND 3818368
	Bitmap Heap Scan on sbtest7  (cost=5.54..432.69 rows=108 width=125)
	  Recheck Cond: ((k >= 3818268) AND (k <= 3818368))
	  ->  Bitmap Index Scan on k_7  (cost=0.00..5.51 rows=108 width=0)
	        Index Cond: ((k >= 3818268) AND (k <= 3818368))

table 8 : explain SELECT k, c FROM sbtest8 WHERE k BETWEEN 3818268 AND 3818368
	Bitmap Heap Scan on sbtest8  (cost=5.37..365.72 rows=91 width=125)
	  Recheck Cond: ((k >= 3818268) AND (k <= 3818368))
	  ->  Bitmap Index Scan on k_8  (cost=0.00..5.34 rows=91 width=0)
	        Index Cond: ((k >= 3818268) AND (k <= 3818368))

for range-notcovered
table 1 : explain SELECT k, c FROM sbtest1 WHERE k BETWEEN 7688288 AND 7688388
	Bitmap Heap Scan on sbtest1  (cost=5.47..405.13 rows=101 width=125)
	  Recheck Cond: ((k >= 7688288) AND (k <= 7688388))
	  ->  Bitmap Index Scan on k_1  (cost=0.00..5.44 rows=101 width=0)
	        Index Cond: ((k >= 7688288) AND (k <= 7688388))

table 2 : explain SELECT k, c FROM sbtest2 WHERE k BETWEEN 7688288 AND 7688388
	Bitmap Heap Scan on sbtest2  (cost=5.51..420.88 rows=105 width=125)
	  Recheck Cond: ((k >= 7688288) AND (k <= 7688388))
	  ->  Bitmap Index Scan on k_2  (cost=0.00..5.48 rows=105 width=0)
	        Index Cond: ((k >= 7688288) AND (k <= 7688388))

table 3 : explain SELECT k, c FROM sbtest3 WHERE k BETWEEN 7688288 AND 7688388
	Bitmap Heap Scan on sbtest3  (cost=5.51..420.88 rows=105 width=125)
	  Recheck Cond: ((k >= 7688288) AND (k <= 7688388))
	  ->  Bitmap Index Scan on k_3  (cost=0.00..5.48 rows=105 width=0)
	        Index Cond: ((k >= 7688288) AND (k <= 7688388))

table 4 : explain SELECT k, c FROM sbtest4 WHERE k BETWEEN 7688288 AND 7688388
	Bitmap Heap Scan on sbtest4  (cost=5.47..405.13 rows=101 width=125)
	  Recheck Cond: ((k >= 7688288) AND (k <= 7688388))
	  ->  Bitmap Index Scan on k_4  (cost=0.00..5.44 rows=101 width=0)
	        Index Cond: ((k >= 7688288) AND (k <= 7688388))

table 5 : explain SELECT k, c FROM sbtest5 WHERE k BETWEEN 7688288 AND 7688388
	Bitmap Heap Scan on sbtest5  (cost=5.59..452.36 rows=113 width=125)
	  Recheck Cond: ((k >= 7688288) AND (k <= 7688388))
	  ->  Bitmap Index Scan on k_5  (cost=0.00..5.56 rows=113 width=0)
	        Index Cond: ((k >= 7688288) AND (k <= 7688388))

table 6 : explain SELECT k, c FROM sbtest6 WHERE k BETWEEN 7688288 AND 7688388
	Bitmap Heap Scan on sbtest6  (cost=5.50..416.94 rows=104 width=125)
	  Recheck Cond: ((k >= 7688288) AND (k <= 7688388))
	  ->  Bitmap Index Scan on k_6  (cost=0.00..5.47 rows=104 width=0)
	        Index Cond: ((k >= 7688288) AND (k <= 7688388))

table 7 : explain SELECT k, c FROM sbtest7 WHERE k BETWEEN 7688288 AND 7688388
	Bitmap Heap Scan on sbtest7  (cost=5.48..409.07 rows=102 width=125)
	  Recheck Cond: ((k >= 7688288) AND (k <= 7688388))
	  ->  Bitmap Index Scan on k_7  (cost=0.00..5.45 rows=102 width=0)
	        Index Cond: ((k >= 7688288) AND (k <= 7688388))

table 8 : explain SELECT k, c FROM sbtest8 WHERE k BETWEEN 7688288 AND 7688388
	Bitmap Heap Scan on sbtest8  (cost=5.45..397.25 rows=99 width=125)
	  Recheck Cond: ((k >= 7688288) AND (k <= 7688388))
	  ->  Bitmap Index Scan on k_8  (cost=0.00..5.42 rows=99 width=0)
	        Index Cond: ((k >= 7688288) AND (k <= 7688388))

explain: for range-notcovered :: explain SELECT k, c FROM sbtest%d WHERE k BETWEEN 3818268 AND 3818368
for range-notcovered
table 1 : explain SELECT k, c FROM sbtest1 WHERE k BETWEEN 7744276 AND 7744376
	Bitmap Heap Scan on sbtest1  (cost=5.44..393.31 rows=98 width=125)
	  Recheck Cond: ((k >= 7744276) AND (k <= 7744376))
	  ->  Bitmap Index Scan on k_1  (cost=0.00..5.42 rows=98 width=0)
	        Index Cond: ((k >= 7744276) AND (k <= 7744376))

table 2 : explain SELECT k, c FROM sbtest2 WHERE k BETWEEN 7744276 AND 7744376
	Bitmap Heap Scan on sbtest2  (cost=5.51..420.88 rows=105 width=125)
	  Recheck Cond: ((k >= 7744276) AND (k <= 7744376))
	  ->  Bitmap Index Scan on k_2  (cost=0.00..5.48 rows=105 width=0)
	        Index Cond: ((k >= 7744276) AND (k <= 7744376))

table 3 : explain SELECT k, c FROM sbtest3 WHERE k BETWEEN 7744276 AND 7744376
	Bitmap Heap Scan on sbtest3  (cost=5.51..420.88 rows=105 width=125)
	  Recheck Cond: ((k >= 7744276) AND (k <= 7744376))
	  ->  Bitmap Index Scan on k_3  (cost=0.00..5.48 rows=105 width=0)
	        Index Cond: ((k >= 7744276) AND (k <= 7744376))

table 4 : explain SELECT k, c FROM sbtest4 WHERE k BETWEEN 7744276 AND 7744376
	Bitmap Heap Scan on sbtest4  (cost=5.47..405.13 rows=101 width=125)
	  Recheck Cond: ((k >= 7744276) AND (k <= 7744376))
	  ->  Bitmap Index Scan on k_4  (cost=0.00..5.44 rows=101 width=0)
	        Index Cond: ((k >= 7744276) AND (k <= 7744376))

table 5 : explain SELECT k, c FROM sbtest5 WHERE k BETWEEN 7744276 AND 7744376
	Bitmap Heap Scan on sbtest5  (cost=5.48..409.07 rows=102 width=125)
	  Recheck Cond: ((k >= 7744276) AND (k <= 7744376))
	  ->  Bitmap Index Scan on k_5  (cost=0.00..5.45 rows=102 width=0)
	        Index Cond: ((k >= 7744276) AND (k <= 7744376))

table 6 : explain SELECT k, c FROM sbtest6 WHERE k BETWEEN 7744276 AND 7744376
	Bitmap Heap Scan on sbtest6  (cost=5.44..393.31 rows=98 width=125)
	  Recheck Cond: ((k >= 7744276) AND (k <= 7744376))
	  ->  Bitmap Index Scan on k_6  (cost=0.00..5.42 rows=98 width=0)
	        Index Cond: ((k >= 7744276) AND (k <= 7744376))

table 7 : explain SELECT k, c FROM sbtest7 WHERE k BETWEEN 7744276 AND 7744376
	Bitmap Heap Scan on sbtest7  (cost=5.48..409.07 rows=102 width=125)
	  Recheck Cond: ((k >= 7744276) AND (k <= 7744376))
	  ->  Bitmap Index Scan on k_7  (cost=0.00..5.45 rows=102 width=0)
	        Index Cond: ((k >= 7744276) AND (k <= 7744376))

table 8 : explain SELECT k, c FROM sbtest8 WHERE k BETWEEN 7744276 AND 7744376
	Bitmap Heap Scan on sbtest8  (cost=5.47..405.13 rows=101 width=125)
	  Recheck Cond: ((k >= 7744276) AND (k <= 7744376))
	  ->  Bitmap Index Scan on k_8  (cost=0.00..5.44 rows=101 width=0)
	        Index Cond: ((k >= 7744276) AND (k <= 7744376))

explain: for range-notcovered :: explain SELECT k, c FROM sbtest%d WHERE k BETWEEN 7688288 AND 7688388
explain: for range-notcovered :: explain SELECT k, c FROM sbtest%d WHERE k BETWEEN 7744276 AND 7744376
for range-notcovered
table 1 : explain SELECT k, c FROM sbtest1 WHERE k BETWEEN 3519644 AND 3519744
	Bitmap Heap Scan on sbtest1  (cost=5.52..424.81 rows=106 width=125)
	  Recheck Cond: ((k >= 3519644) AND (k <= 3519744))
	  ->  Bitmap Index Scan on k_1  (cost=0.00..5.50 rows=106 width=0)
	        Index Cond: ((k >= 3519644) AND (k <= 3519744))

table 2 : explain SELECT k, c FROM sbtest2 WHERE k BETWEEN 3519644 AND 3519744
	Bitmap Heap Scan on sbtest2  (cost=5.51..420.88 rows=105 width=125)
	  Recheck Cond: ((k >= 3519644) AND (k <= 3519744))
	  ->  Bitmap Index Scan on k_2  (cost=0.00..5.48 rows=105 width=0)
	        Index Cond: ((k >= 3519644) AND (k <= 3519744))

table 3 : explain SELECT k, c FROM sbtest3 WHERE k BETWEEN 3519644 AND 3519744
	Bitmap Heap Scan on sbtest3  (cost=5.48..409.07 rows=102 width=125)
	  Recheck Cond: ((k >= 3519644) AND (k <= 3519744))
	  ->  Bitmap Index Scan on k_3  (cost=0.00..5.45 rows=102 width=0)
	        Index Cond: ((k >= 3519644) AND (k <= 3519744))

table 4 : explain SELECT k, c FROM sbtest4 WHERE k BETWEEN 3519644 AND 3519744
	Bitmap Heap Scan on sbtest4  (cost=5.50..416.94 rows=104 width=125)
	  Recheck Cond: ((k >= 3519644) AND (k <= 3519744))
	  ->  Bitmap Index Scan on k_4  (cost=0.00..5.47 rows=104 width=0)
	        Index Cond: ((k >= 3519644) AND (k <= 3519744))

table 5 : explain SELECT k, c FROM sbtest5 WHERE k BETWEEN 3519644 AND 3519744
	Bitmap Heap Scan on sbtest5  (cost=5.52..424.81 rows=106 width=125)
	  Recheck Cond: ((k >= 3519644) AND (k <= 3519744))
	  ->  Bitmap Index Scan on k_5  (cost=0.00..5.50 rows=106 width=0)
	        Index Cond: ((k >= 3519644) AND (k <= 3519744))

table 6 : explain SELECT k, c FROM sbtest6 WHERE k BETWEEN 3519644 AND 3519744
	Bitmap Heap Scan on sbtest6  (cost=5.46..401.19 rows=100 width=125)
	  Recheck Cond: ((k >= 3519644) AND (k <= 3519744))
	  ->  Bitmap Index Scan on k_6  (cost=0.00..5.43 rows=100 width=0)
	        Index Cond: ((k >= 3519644) AND (k <= 3519744))

table 7 : explain SELECT k, c FROM sbtest7 WHERE k BETWEEN 3519644 AND 3519744
	Bitmap Heap Scan on sbtest7  (cost=5.56..440.56 rows=110 width=125)
	  Recheck Cond: ((k >= 3519644) AND (k <= 3519744))
	  ->  Bitmap Index Scan on k_7  (cost=0.00..5.53 rows=110 width=0)
	        Index Cond: ((k >= 3519644) AND (k <= 3519744))

table 8 : explain SELECT k, c FROM sbtest8 WHERE k BETWEEN 3519644 AND 3519744
	Bitmap Heap Scan on sbtest8  (cost=5.43..389.37 rows=97 width=125)
	  Recheck Cond: ((k >= 3519644) AND (k <= 3519744))
	  ->  Bitmap Index Scan on k_8  (cost=0.00..5.40 rows=97 width=0)
	        Index Cond: ((k >= 3519644) AND (k <= 3519744))

explain: for range-notcovered :: explain SELECT k, c FROM sbtest%d WHERE k BETWEEN 3519644 AND 3519744
for range-notcovered
table 1 : explain SELECT k, c FROM sbtest1 WHERE k BETWEEN 2868783 AND 2868883
	Bitmap Heap Scan on sbtest1  (cost=5.46..401.19 rows=100 width=125)
	  Recheck Cond: ((k >= 2868783) AND (k <= 2868883))
	  ->  Bitmap Index Scan on k_1  (cost=0.00..5.43 rows=100 width=0)
	        Index Cond: ((k >= 2868783) AND (k <= 2868883))

table 2 : explain SELECT k, c FROM sbtest2 WHERE k BETWEEN 2868783 AND 2868883
	Bitmap Heap Scan on sbtest2  (cost=5.50..416.94 rows=104 width=125)
	  Recheck Cond: ((k >= 2868783) AND (k <= 2868883))
	  ->  Bitmap Index Scan on k_2  (cost=0.00..5.47 rows=104 width=0)
	        Index Cond: ((k >= 2868783) AND (k <= 2868883))

table 3 : explain SELECT k, c FROM sbtest3 WHERE k BETWEEN 2868783 AND 2868883
	Bitmap Heap Scan on sbtest3  (cost=5.55..436.62 rows=109 width=125)
	  Recheck Cond: ((k >= 2868783) AND (k <= 2868883))
	  ->  Bitmap Index Scan on k_3  (cost=0.00..5.52 rows=109 width=0)
	        Index Cond: ((k >= 2868783) AND (k <= 2868883))

table 4 : explain SELECT k, c FROM sbtest4 WHERE k BETWEEN 2868783 AND 2868883
	Bitmap Heap Scan on sbtest4  (cost=5.55..436.62 rows=109 width=125)
	  Recheck Cond: ((k >= 2868783) AND (k <= 2868883))
	  ->  Bitmap Index Scan on k_4  (cost=0.00..5.52 rows=109 width=0)
	        Index Cond: ((k >= 2868783) AND (k <= 2868883))

table 5 : explain SELECT k, c FROM sbtest5 WHERE k BETWEEN 2868783 AND 2868883
	Bitmap Heap Scan on sbtest5  (cost=5.48..409.07 rows=102 width=125)
	  Recheck Cond: ((k >= 2868783) AND (k <= 2868883))
	  ->  Bitmap Index Scan on k_5  (cost=0.00..5.45 rows=102 width=0)
	        Index Cond: ((k >= 2868783) AND (k <= 2868883))

table 6 : explain SELECT k, c FROM sbtest6 WHERE k BETWEEN 2868783 AND 2868883
	Bitmap Heap Scan on sbtest6  (cost=5.49..413.00 rows=103 width=125)
	  Recheck Cond: ((k >= 2868783) AND (k <= 2868883))
	  ->  Bitmap Index Scan on k_6  (cost=0.00..5.46 rows=103 width=0)
	        Index Cond: ((k >= 2868783) AND (k <= 2868883))

table 7 : explain SELECT k, c FROM sbtest7 WHERE k BETWEEN 2868783 AND 2868883
	Bitmap Heap Scan on sbtest7  (cost=5.45..397.25 rows=99 width=125)
	  Recheck Cond: ((k >= 2868783) AND (k <= 2868883))
	  ->  Bitmap Index Scan on k_7  (cost=0.00..5.42 rows=99 width=0)
	        Index Cond: ((k >= 2868783) AND (k <= 2868883))

table 8 : explain SELECT k, c FROM sbtest8 WHERE k BETWEEN 2868783 AND 2868883
	Bitmap Heap Scan on sbtest8  (cost=5.53..428.75 rows=107 width=125)
	  Recheck Cond: ((k >= 2868783) AND (k <= 2868883))
	  ->  Bitmap Index Scan on k_8  (cost=0.00..5.50 rows=107 width=0)
	        Index Cond: ((k >= 2868783) AND (k <= 2868883))

for range-notcovered
table 1 : explain SELECT k, c FROM sbtest1 WHERE k BETWEEN 7688288 AND 7688388
	Bitmap Heap Scan on sbtest1  (cost=5.47..405.13 rows=101 width=125)
	  Recheck Cond: ((k >= 7688288) AND (k <= 7688388))
	  ->  Bitmap Index Scan on k_1  (cost=0.00..5.44 rows=101 width=0)
	        Index Cond: ((k >= 7688288) AND (k <= 7688388))

table 2 : explain SELECT k, c FROM sbtest2 WHERE k BETWEEN 7688288 AND 7688388
	Bitmap Heap Scan on sbtest2  (cost=5.51..420.88 rows=105 width=125)
	  Recheck Cond: ((k >= 7688288) AND (k <= 7688388))
	  ->  Bitmap Index Scan on k_2  (cost=0.00..5.48 rows=105 width=0)
	        Index Cond: ((k >= 7688288) AND (k <= 7688388))

table 3 : explain SELECT k, c FROM sbtest3 WHERE k BETWEEN 7688288 AND 7688388
	Bitmap Heap Scan on sbtest3  (cost=5.51..420.88 rows=105 width=125)
	  Recheck Cond: ((k >= 7688288) AND (k <= 7688388))
	  ->  Bitmap Index Scan on k_3  (cost=0.00..5.48 rows=105 width=0)
	        Index Cond: ((k >= 7688288) AND (k <= 7688388))

table 4 : explain SELECT k, c FROM sbtest4 WHERE k BETWEEN 7688288 AND 7688388
	Bitmap Heap Scan on sbtest4  (cost=5.47..405.13 rows=101 width=125)
	  Recheck Cond: ((k >= 7688288) AND (k <= 7688388))
	  ->  Bitmap Index Scan on k_4  (cost=0.00..5.44 rows=101 width=0)
	        Index Cond: ((k >= 7688288) AND (k <= 7688388))

table 5 : explain SELECT k, c FROM sbtest5 WHERE k BETWEEN 7688288 AND 7688388
	Bitmap Heap Scan on sbtest5  (cost=5.59..452.36 rows=113 width=125)
	  Recheck Cond: ((k >= 7688288) AND (k <= 7688388))
	  ->  Bitmap Index Scan on k_5  (cost=0.00..5.56 rows=113 width=0)
	        Index Cond: ((k >= 7688288) AND (k <= 7688388))

table 6 : explain SELECT k, c FROM sbtest6 WHERE k BETWEEN 7688288 AND 7688388
	Bitmap Heap Scan on sbtest6  (cost=5.50..416.94 rows=104 width=125)
	  Recheck Cond: ((k >= 7688288) AND (k <= 7688388))
	  ->  Bitmap Index Scan on k_6  (cost=0.00..5.47 rows=104 width=0)
	        Index Cond: ((k >= 7688288) AND (k <= 7688388))

table 7 : explain SELECT k, c FROM sbtest7 WHERE k BETWEEN 7688288 AND 7688388
	Bitmap Heap Scan on sbtest7  (cost=5.48..409.07 rows=102 width=125)
	  Recheck Cond: ((k >= 7688288) AND (k <= 7688388))
	  ->  Bitmap Index Scan on k_7  (cost=0.00..5.45 rows=102 width=0)
	        Index Cond: ((k >= 7688288) AND (k <= 7688388))

table 8 : explain SELECT k, c FROM sbtest8 WHERE k BETWEEN 7688288 AND 7688388
	Bitmap Heap Scan on sbtest8  (cost=5.45..397.25 rows=99 width=125)
	  Recheck Cond: ((k >= 7688288) AND (k <= 7688388))
	  ->  Bitmap Index Scan on k_8  (cost=0.00..5.42 rows=99 width=0)
	        Index Cond: ((k >= 7688288) AND (k <= 7688388))

explain: for range-notcovered :: explain SELECT k, c FROM sbtest%d WHERE k BETWEEN 7688288 AND 7688388
for range-notcovered
table 1 : explain SELECT k, c FROM sbtest1 WHERE k BETWEEN 7744276 AND 7744376
	Bitmap Heap Scan on sbtest1  (cost=5.44..393.31 rows=98 width=125)
	  Recheck Cond: ((k >= 7744276) AND (k <= 7744376))
	  ->  Bitmap Index Scan on k_1  (cost=0.00..5.42 rows=98 width=0)
	        Index Cond: ((k >= 7744276) AND (k <= 7744376))

table 2 : explain SELECT k, c FROM sbtest2 WHERE k BETWEEN 7744276 AND 7744376
	Bitmap Heap Scan on sbtest2  (cost=5.51..420.88 rows=105 width=125)
	  Recheck Cond: ((k >= 7744276) AND (k <= 7744376))
	  ->  Bitmap Index Scan on k_2  (cost=0.00..5.48 rows=105 width=0)
	        Index Cond: ((k >= 7744276) AND (k <= 7744376))

table 3 : explain SELECT k, c FROM sbtest3 WHERE k BETWEEN 7744276 AND 7744376
	Bitmap Heap Scan on sbtest3  (cost=5.51..420.88 rows=105 width=125)
	  Recheck Cond: ((k >= 7744276) AND (k <= 7744376))
	  ->  Bitmap Index Scan on k_3  (cost=0.00..5.48 rows=105 width=0)
	        Index Cond: ((k >= 7744276) AND (k <= 7744376))

table 4 : explain SELECT k, c FROM sbtest4 WHERE k BETWEEN 7744276 AND 7744376
	Bitmap Heap Scan on sbtest4  (cost=5.47..405.13 rows=101 width=125)
	  Recheck Cond: ((k >= 7744276) AND (k <= 7744376))
	  ->  Bitmap Index Scan on k_4  (cost=0.00..5.44 rows=101 width=0)
	        Index Cond: ((k >= 7744276) AND (k <= 7744376))

table 5 : explain SELECT k, c FROM sbtest5 WHERE k BETWEEN 7744276 AND 7744376
	Bitmap Heap Scan on sbtest5  (cost=5.48..409.07 rows=102 width=125)
	  Recheck Cond: ((k >= 7744276) AND (k <= 7744376))
	  ->  Bitmap Index Scan on k_5  (cost=0.00..5.45 rows=102 width=0)
	        Index Cond: ((k >= 7744276) AND (k <= 7744376))

table 6 : explain SELECT k, c FROM sbtest6 WHERE k BETWEEN 7744276 AND 7744376
	Bitmap Heap Scan on sbtest6  (cost=5.44..393.31 rows=98 width=125)
	  Recheck Cond: ((k >= 7744276) AND (k <= 7744376))
	  ->  Bitmap Index Scan on k_6  (cost=0.00..5.42 rows=98 width=0)
	        Index Cond: ((k >= 7744276) AND (k <= 7744376))

table 7 : explain SELECT k, c FROM sbtest7 WHERE k BETWEEN 7744276 AND 7744376
	Bitmap Heap Scan on sbtest7  (cost=5.48..409.07 rows=102 width=125)
	  Recheck Cond: ((k >= 7744276) AND (k <= 7744376))
	  ->  Bitmap Index Scan on k_7  (cost=0.00..5.45 rows=102 width=0)
	        Index Cond: ((k >= 7744276) AND (k <= 7744376))

table 8 : explain SELECT k, c FROM sbtest8 WHERE k BETWEEN 7744276 AND 7744376
	Bitmap Heap Scan on sbtest8  (cost=5.47..405.13 rows=101 width=125)
	  Recheck Cond: ((k >= 7744276) AND (k <= 7744376))
	  ->  Bitmap Index Scan on k_8  (cost=0.00..5.44 rows=101 width=0)
	        Index Cond: ((k >= 7744276) AND (k <= 7744376))

for range-notcovered
table 1 : explain SELECT k, c FROM sbtest1 WHERE k BETWEEN 3519644 AND 3519744
	Bitmap Heap Scan on sbtest1  (cost=5.52..424.81 rows=106 width=125)
	  Recheck Cond: ((k >= 3519644) AND (k <= 3519744))
	  ->  Bitmap Index Scan on k_1  (cost=0.00..5.50 rows=106 width=0)
	        Index Cond: ((k >= 3519644) AND (k <= 3519744))

table 2 : explain SELECT k, c FROM sbtest2 WHERE k BETWEEN 3519644 AND 3519744
	Bitmap Heap Scan on sbtest2  (cost=5.51..420.88 rows=105 width=125)
	  Recheck Cond: ((k >= 3519644) AND (k <= 3519744))
	  ->  Bitmap Index Scan on k_2  (cost=0.00..5.48 rows=105 width=0)
	        Index Cond: ((k >= 3519644) AND (k <= 3519744))

table 3 : explain SELECT k, c FROM sbtest3 WHERE k BETWEEN 3519644 AND 3519744
	Bitmap Heap Scan on sbtest3  (cost=5.48..409.07 rows=102 width=125)
	  Recheck Cond: ((k >= 3519644) AND (k <= 3519744))
	  ->  Bitmap Index Scan on k_3  (cost=0.00..5.45 rows=102 width=0)
	        Index Cond: ((k >= 3519644) AND (k <= 3519744))

table 4 : explain SELECT k, c FROM sbtest4 WHERE k BETWEEN 3519644 AND 3519744
	Bitmap Heap Scan on sbtest4  (cost=5.50..416.94 rows=104 width=125)
	  Recheck Cond: ((k >= 3519644) AND (k <= 3519744))
	  ->  Bitmap Index Scan on k_4  (cost=0.00..5.47 rows=104 width=0)
	        Index Cond: ((k >= 3519644) AND (k <= 3519744))

table 5 : explain SELECT k, c FROM sbtest5 WHERE k BETWEEN 3519644 AND 3519744
	Bitmap Heap Scan on sbtest5  (cost=5.52..424.81 rows=106 width=125)
	  Recheck Cond: ((k >= 3519644) AND (k <= 3519744))
	  ->  Bitmap Index Scan on k_5  (cost=0.00..5.50 rows=106 width=0)
	        Index Cond: ((k >= 3519644) AND (k <= 3519744))

table 6 : explain SELECT k, c FROM sbtest6 WHERE k BETWEEN 3519644 AND 3519744
	Bitmap Heap Scan on sbtest6  (cost=5.46..401.19 rows=100 width=125)
	  Recheck Cond: ((k >= 3519644) AND (k <= 3519744))
	  ->  Bitmap Index Scan on k_6  (cost=0.00..5.43 rows=100 width=0)
	        Index Cond: ((k >= 3519644) AND (k <= 3519744))

table 7 : explain SELECT k, c FROM sbtest7 WHERE k BETWEEN 3519644 AND 3519744
	Bitmap Heap Scan on sbtest7  (cost=5.56..440.56 rows=110 width=125)
	  Recheck Cond: ((k >= 3519644) AND (k <= 3519744))
	  ->  Bitmap Index Scan on k_7  (cost=0.00..5.53 rows=110 width=0)
	        Index Cond: ((k >= 3519644) AND (k <= 3519744))

table 8 : explain SELECT k, c FROM sbtest8 WHERE k BETWEEN 3519644 AND 3519744
	Bitmap Heap Scan on sbtest8  (cost=5.43..389.37 rows=97 width=125)
	  Recheck Cond: ((k >= 3519644) AND (k <= 3519744))
	  ->  Bitmap Index Scan on k_8  (cost=0.00..5.40 rows=97 width=0)
	        Index Cond: ((k >= 3519644) AND (k <= 3519744))

explain: for range-notcovered :: explain SELECT k, c FROM sbtest%d WHERE k BETWEEN 7744276 AND 7744376
explain: for range-notcovered :: explain SELECT k, c FROM sbtest%d WHERE k BETWEEN 3519644 AND 3519744
explain: for range-notcovered :: explain SELECT k, c FROM sbtest%d WHERE k BETWEEN 3670230 AND 3670330
for range-notcovered
table 1 : explain SELECT k, c FROM sbtest1 WHERE k BETWEEN 7688288 AND 7688388
	Bitmap Heap Scan on sbtest1  (cost=5.47..405.13 rows=101 width=125)
	  Recheck Cond: ((k >= 7688288) AND (k <= 7688388))
	  ->  Bitmap Index Scan on k_1  (cost=0.00..5.44 rows=101 width=0)
	        Index Cond: ((k >= 7688288) AND (k <= 7688388))

table 2 : explain SELECT k, c FROM sbtest2 WHERE k BETWEEN 7688288 AND 7688388
	Bitmap Heap Scan on sbtest2  (cost=5.51..420.88 rows=105 width=125)
	  Recheck Cond: ((k >= 7688288) AND (k <= 7688388))
	  ->  Bitmap Index Scan on k_2  (cost=0.00..5.48 rows=105 width=0)
	        Index Cond: ((k >= 7688288) AND (k <= 7688388))

table 3 : explain SELECT k, c FROM sbtest3 WHERE k BETWEEN 7688288 AND 7688388
	Bitmap Heap Scan on sbtest3  (cost=5.51..420.88 rows=105 width=125)
	  Recheck Cond: ((k >= 7688288) AND (k <= 7688388))
	  ->  Bitmap Index Scan on k_3  (cost=0.00..5.48 rows=105 width=0)
	        Index Cond: ((k >= 7688288) AND (k <= 7688388))

table 4 : explain SELECT k, c FROM sbtest4 WHERE k BETWEEN 7688288 AND 7688388
	Bitmap Heap Scan on sbtest4  (cost=5.47..405.13 rows=101 width=125)
	  Recheck Cond: ((k >= 7688288) AND (k <= 7688388))
	  ->  Bitmap Index Scan on k_4  (cost=0.00..5.44 rows=101 width=0)
	        Index Cond: ((k >= 7688288) AND (k <= 7688388))

table 5 : explain SELECT k, c FROM sbtest5 WHERE k BETWEEN 7688288 AND 7688388
	Bitmap Heap Scan on sbtest5  (cost=5.59..452.36 rows=113 width=125)
	  Recheck Cond: ((k >= 7688288) AND (k <= 7688388))
	  ->  Bitmap Index Scan on k_5  (cost=0.00..5.56 rows=113 width=0)
	        Index Cond: ((k >= 7688288) AND (k <= 7688388))

table 6 : explain SELECT k, c FROM sbtest6 WHERE k BETWEEN 7688288 AND 7688388
	Bitmap Heap Scan on sbtest6  (cost=5.50..416.94 rows=104 width=125)
	  Recheck Cond: ((k >= 7688288) AND (k <= 7688388))
	  ->  Bitmap Index Scan on k_6  (cost=0.00..5.47 rows=104 width=0)
	        Index Cond: ((k >= 7688288) AND (k <= 7688388))

table 7 : explain SELECT k, c FROM sbtest7 WHERE k BETWEEN 7688288 AND 7688388
	Bitmap Heap Scan on sbtest7  (cost=5.48..409.07 rows=102 width=125)
	  Recheck Cond: ((k >= 7688288) AND (k <= 7688388))
	  ->  Bitmap Index Scan on k_7  (cost=0.00..5.45 rows=102 width=0)
	        Index Cond: ((k >= 7688288) AND (k <= 7688388))

table 8 : explain SELECT k, c FROM sbtest8 WHERE k BETWEEN 7688288 AND 7688388
	Bitmap Heap Scan on sbtest8  (cost=5.45..397.25 rows=99 width=125)
	  Recheck Cond: ((k >= 7688288) AND (k <= 7688388))
	  ->  Bitmap Index Scan on k_8  (cost=0.00..5.42 rows=99 width=0)
	        Index Cond: ((k >= 7688288) AND (k <= 7688388))

explain: for range-notcovered :: explain SELECT k, c FROM sbtest%d WHERE k BETWEEN 5407822 AND 5407922
explain: for range-notcovered :: explain SELECT k, c FROM sbtest%d WHERE k BETWEEN 7399472 AND 7399572
explain: for range-notcovered :: explain SELECT k, c FROM sbtest%d WHERE k BETWEEN 7688288 AND 7688388
for range-notcovered
table 1 : explain SELECT k, c FROM sbtest1 WHERE k BETWEEN 7744276 AND 7744376
	Bitmap Heap Scan on sbtest1  (cost=5.44..393.31 rows=98 width=125)
	  Recheck Cond: ((k >= 7744276) AND (k <= 7744376))
	  ->  Bitmap Index Scan on k_1  (cost=0.00..5.42 rows=98 width=0)
	        Index Cond: ((k >= 7744276) AND (k <= 7744376))

table 2 : explain SELECT k, c FROM sbtest2 WHERE k BETWEEN 7744276 AND 7744376
	Bitmap Heap Scan on sbtest2  (cost=5.51..420.88 rows=105 width=125)
	  Recheck Cond: ((k >= 7744276) AND (k <= 7744376))
	  ->  Bitmap Index Scan on k_2  (cost=0.00..5.48 rows=105 width=0)
	        Index Cond: ((k >= 7744276) AND (k <= 7744376))

table 3 : explain SELECT k, c FROM sbtest3 WHERE k BETWEEN 7744276 AND 7744376
	Bitmap Heap Scan on sbtest3  (cost=5.51..420.88 rows=105 width=125)
	  Recheck Cond: ((k >= 7744276) AND (k <= 7744376))
	  ->  Bitmap Index Scan on k_3  (cost=0.00..5.48 rows=105 width=0)
	        Index Cond: ((k >= 7744276) AND (k <= 7744376))

table 4 : explain SELECT k, c FROM sbtest4 WHERE k BETWEEN 7744276 AND 7744376
	Bitmap Heap Scan on sbtest4  (cost=5.47..405.13 rows=101 width=125)
	  Recheck Cond: ((k >= 7744276) AND (k <= 7744376))
	  ->  Bitmap Index Scan on k_4  (cost=0.00..5.44 rows=101 width=0)
	        Index Cond: ((k >= 7744276) AND (k <= 7744376))

table 5 : explain SELECT k, c FROM sbtest5 WHERE k BETWEEN 7744276 AND 7744376
	Bitmap Heap Scan on sbtest5  (cost=5.48..409.07 rows=102 width=125)
	  Recheck Cond: ((k >= 7744276) AND (k <= 7744376))
	  ->  Bitmap Index Scan on k_5  (cost=0.00..5.45 rows=102 width=0)
	        Index Cond: ((k >= 7744276) AND (k <= 7744376))

table 6 : explain SELECT k, c FROM sbtest6 WHERE k BETWEEN 7744276 AND 7744376
	Bitmap Heap Scan on sbtest6  (cost=5.44..393.31 rows=98 width=125)
	  Recheck Cond: ((k >= 7744276) AND (k <= 7744376))
	  ->  Bitmap Index Scan on k_6  (cost=0.00..5.42 rows=98 width=0)
	        Index Cond: ((k >= 7744276) AND (k <= 7744376))

table 7 : explain SELECT k, c FROM sbtest7 WHERE k BETWEEN 7744276 AND 7744376
	Bitmap Heap Scan on sbtest7  (cost=5.48..409.07 rows=102 width=125)
	  Recheck Cond: ((k >= 7744276) AND (k <= 7744376))
	  ->  Bitmap Index Scan on k_7  (cost=0.00..5.45 rows=102 width=0)
	        Index Cond: ((k >= 7744276) AND (k <= 7744376))

table 8 : explain SELECT k, c FROM sbtest8 WHERE k BETWEEN 7744276 AND 7744376
	Bitmap Heap Scan on sbtest8  (cost=5.47..405.13 rows=101 width=125)
	  Recheck Cond: ((k >= 7744276) AND (k <= 7744376))
	  ->  Bitmap Index Scan on k_8  (cost=0.00..5.44 rows=101 width=0)
	        Index Cond: ((k >= 7744276) AND (k <= 7744376))

explain: for range-notcovered :: explain SELECT k, c FROM sbtest%d WHERE k BETWEEN 7744276 AND 7744376
for range-notcovered
table 1 : explain SELECT k, c FROM sbtest1 WHERE k BETWEEN 3519644 AND 3519744
	Bitmap Heap Scan on sbtest1  (cost=5.52..424.81 rows=106 width=125)
	  Recheck Cond: ((k >= 3519644) AND (k <= 3519744))
	  ->  Bitmap Index Scan on k_1  (cost=0.00..5.50 rows=106 width=0)
	        Index Cond: ((k >= 3519644) AND (k <= 3519744))

table 2 : explain SELECT k, c FROM sbtest2 WHERE k BETWEEN 3519644 AND 3519744
	Bitmap Heap Scan on sbtest2  (cost=5.51..420.88 rows=105 width=125)
	  Recheck Cond: ((k >= 3519644) AND (k <= 3519744))
	  ->  Bitmap Index Scan on k_2  (cost=0.00..5.48 rows=105 width=0)
	        Index Cond: ((k >= 3519644) AND (k <= 3519744))

table 3 : explain SELECT k, c FROM sbtest3 WHERE k BETWEEN 3519644 AND 3519744
	Bitmap Heap Scan on sbtest3  (cost=5.48..409.07 rows=102 width=125)
	  Recheck Cond: ((k >= 3519644) AND (k <= 3519744))
	  ->  Bitmap Index Scan on k_3  (cost=0.00..5.45 rows=102 width=0)
	        Index Cond: ((k >= 3519644) AND (k <= 3519744))

table 4 : explain SELECT k, c FROM sbtest4 WHERE k BETWEEN 3519644 AND 3519744
	Bitmap Heap Scan on sbtest4  (cost=5.50..416.94 rows=104 width=125)
	  Recheck Cond: ((k >= 3519644) AND (k <= 3519744))
	  ->  Bitmap Index Scan on k_4  (cost=0.00..5.47 rows=104 width=0)
	        Index Cond: ((k >= 3519644) AND (k <= 3519744))

table 5 : explain SELECT k, c FROM sbtest5 WHERE k BETWEEN 3519644 AND 3519744
	Bitmap Heap Scan on sbtest5  (cost=5.52..424.81 rows=106 width=125)
	  Recheck Cond: ((k >= 3519644) AND (k <= 3519744))
	  ->  Bitmap Index Scan on k_5  (cost=0.00..5.50 rows=106 width=0)
	        Index Cond: ((k >= 3519644) AND (k <= 3519744))

table 6 : explain SELECT k, c FROM sbtest6 WHERE k BETWEEN 3519644 AND 3519744
	Bitmap Heap Scan on sbtest6  (cost=5.46..401.19 rows=100 width=125)
	  Recheck Cond: ((k >= 3519644) AND (k <= 3519744))
	  ->  Bitmap Index Scan on k_6  (cost=0.00..5.43 rows=100 width=0)
	        Index Cond: ((k >= 3519644) AND (k <= 3519744))

table 7 : explain SELECT k, c FROM sbtest7 WHERE k BETWEEN 3519644 AND 3519744
	Bitmap Heap Scan on sbtest7  (cost=5.56..440.56 rows=110 width=125)
	  Recheck Cond: ((k >= 3519644) AND (k <= 3519744))
	  ->  Bitmap Index Scan on k_7  (cost=0.00..5.53 rows=110 width=0)
	        Index Cond: ((k >= 3519644) AND (k <= 3519744))

table 8 : explain SELECT k, c FROM sbtest8 WHERE k BETWEEN 3519644 AND 3519744
	Bitmap Heap Scan on sbtest8  (cost=5.43..389.37 rows=97 width=125)
	  Recheck Cond: ((k >= 3519644) AND (k <= 3519744))
	  ->  Bitmap Index Scan on k_8  (cost=0.00..5.40 rows=97 width=0)
	        Index Cond: ((k >= 3519644) AND (k <= 3519744))

for range-notcovered
table 1 : explain SELECT k, c FROM sbtest1 WHERE k BETWEEN 7489019 AND 7489119
	Bitmap Heap Scan on sbtest1  (cost=5.55..436.62 rows=109 width=125)
	  Recheck Cond: ((k >= 7489019) AND (k <= 7489119))
	  ->  Bitmap Index Scan on k_1  (cost=0.00..5.52 rows=109 width=0)
	        Index Cond: ((k >= 7489019) AND (k <= 7489119))

table 2 : explain SELECT k, c FROM sbtest2 WHERE k BETWEEN 7489019 AND 7489119
	Bitmap Heap Scan on sbtest2  (cost=5.57..444.49 rows=111 width=125)
	  Recheck Cond: ((k >= 7489019) AND (k <= 7489119))
	  ->  Bitmap Index Scan on k_2  (cost=0.00..5.54 rows=111 width=0)
	        Index Cond: ((k >= 7489019) AND (k <= 7489119))

table 3 : explain SELECT k, c FROM sbtest3 WHERE k BETWEEN 7489019 AND 7489119
	Bitmap Heap Scan on sbtest3  (cost=5.47..405.13 rows=101 width=125)
	  Recheck Cond: ((k >= 7489019) AND (k <= 7489119))
	  ->  Bitmap Index Scan on k_3  (cost=0.00..5.44 rows=101 width=0)
	        Index Cond: ((k >= 7489019) AND (k <= 7489119))

table 4 : explain SELECT k, c FROM sbtest4 WHERE k BETWEEN 7489019 AND 7489119
	Bitmap Heap Scan on sbtest4  (cost=5.46..401.19 rows=100 width=125)
	  Recheck Cond: ((k >= 7489019) AND (k <= 7489119))
	  ->  Bitmap Index Scan on k_4  (cost=0.00..5.43 rows=100 width=0)
	        Index Cond: ((k >= 7489019) AND (k <= 7489119))

table 5 : explain SELECT k, c FROM sbtest5 WHERE k BETWEEN 7489019 AND 7489119
	Bitmap Heap Scan on sbtest5  (cost=5.41..381.49 rows=95 width=125)
	  Recheck Cond: ((k >= 7489019) AND (k <= 7489119))
	  ->  Bitmap Index Scan on k_5  (cost=0.00..5.38 rows=95 width=0)
	        Index Cond: ((k >= 7489019) AND (k <= 7489119))

table 6 : explain SELECT k, c FROM sbtest6 WHERE k BETWEEN 7489019 AND 7489119
	Bitmap Heap Scan on sbtest6  (cost=5.51..420.88 rows=105 width=125)
	  Recheck Cond: ((k >= 7489019) AND (k <= 7489119))
	  ->  Bitmap Index Scan on k_6  (cost=0.00..5.48 rows=105 width=0)
	        Index Cond: ((k >= 7489019) AND (k <= 7489119))

table 7 : explain SELECT k, c FROM sbtest7 WHERE k BETWEEN 7489019 AND 7489119
	Bitmap Heap Scan on sbtest7  (cost=5.67..479.88 rows=120 width=125)
	  Recheck Cond: ((k >= 7489019) AND (k <= 7489119))
	  ->  Bitmap Index Scan on k_7  (cost=0.00..5.63 rows=120 width=0)
	        Index Cond: ((k >= 7489019) AND (k <= 7489119))

table 8 : explain SELECT k, c FROM sbtest8 WHERE k BETWEEN 7489019 AND 7489119
	Bitmap Heap Scan on sbtest8  (cost=5.40..377.55 rows=94 width=125)
	  Recheck Cond: ((k >= 7489019) AND (k <= 7489119))
	  ->  Bitmap Index Scan on k_8  (cost=0.00..5.38 rows=94 width=0)
	        Index Cond: ((k >= 7489019) AND (k <= 7489119))

explain: for range-notcovered :: explain SELECT k, c FROM sbtest%d WHERE k BETWEEN 4799196 AND 4799296
for range-notcovered
table 1 : explain SELECT k, c FROM sbtest1 WHERE k BETWEEN 7688288 AND 7688388
	Bitmap Heap Scan on sbtest1  (cost=5.47..405.13 rows=101 width=125)
	  Recheck Cond: ((k >= 7688288) AND (k <= 7688388))
	  ->  Bitmap Index Scan on k_1  (cost=0.00..5.44 rows=101 width=0)
	        Index Cond: ((k >= 7688288) AND (k <= 7688388))

table 2 : explain SELECT k, c FROM sbtest2 WHERE k BETWEEN 7688288 AND 7688388
	Bitmap Heap Scan on sbtest2  (cost=5.51..420.88 rows=105 width=125)
	  Recheck Cond: ((k >= 7688288) AND (k <= 7688388))
	  ->  Bitmap Index Scan on k_2  (cost=0.00..5.48 rows=105 width=0)
	        Index Cond: ((k >= 7688288) AND (k <= 7688388))

table 3 : explain SELECT k, c FROM sbtest3 WHERE k BETWEEN 7688288 AND 7688388
	Bitmap Heap Scan on sbtest3  (cost=5.51..420.88 rows=105 width=125)
	  Recheck Cond: ((k >= 7688288) AND (k <= 7688388))
	  ->  Bitmap Index Scan on k_3  (cost=0.00..5.48 rows=105 width=0)
	        Index Cond: ((k >= 7688288) AND (k <= 7688388))

table 4 : explain SELECT k, c FROM sbtest4 WHERE k BETWEEN 7688288 AND 7688388
	Bitmap Heap Scan on sbtest4  (cost=5.47..405.13 rows=101 width=125)
	  Recheck Cond: ((k >= 7688288) AND (k <= 7688388))
	  ->  Bitmap Index Scan on k_4  (cost=0.00..5.44 rows=101 width=0)
	        Index Cond: ((k >= 7688288) AND (k <= 7688388))

table 5 : explain SELECT k, c FROM sbtest5 WHERE k BETWEEN 7688288 AND 7688388
	Bitmap Heap Scan on sbtest5  (cost=5.59..452.36 rows=113 width=125)
	  Recheck Cond: ((k >= 7688288) AND (k <= 7688388))
	  ->  Bitmap Index Scan on k_5  (cost=0.00..5.56 rows=113 width=0)
	        Index Cond: ((k >= 7688288) AND (k <= 7688388))

table 6 : explain SELECT k, c FROM sbtest6 WHERE k BETWEEN 7688288 AND 7688388
	Bitmap Heap Scan on sbtest6  (cost=5.50..416.94 rows=104 width=125)
	  Recheck Cond: ((k >= 7688288) AND (k <= 7688388))
	  ->  Bitmap Index Scan on k_6  (cost=0.00..5.47 rows=104 width=0)
	        Index Cond: ((k >= 7688288) AND (k <= 7688388))

table 7 : explain SELECT k, c FROM sbtest7 WHERE k BETWEEN 7688288 AND 7688388
	Bitmap Heap Scan on sbtest7  (cost=5.48..409.07 rows=102 width=125)
	  Recheck Cond: ((k >= 7688288) AND (k <= 7688388))
	  ->  Bitmap Index Scan on k_7  (cost=0.00..5.45 rows=102 width=0)
	        Index Cond: ((k >= 7688288) AND (k <= 7688388))

table 8 : explain SELECT k, c FROM sbtest8 WHERE k BETWEEN 7688288 AND 7688388
	Bitmap Heap Scan on sbtest8  (cost=5.45..397.25 rows=99 width=125)
	  Recheck Cond: ((k >= 7688288) AND (k <= 7688388))
	  ->  Bitmap Index Scan on k_8  (cost=0.00..5.42 rows=99 width=0)
	        Index Cond: ((k >= 7688288) AND (k <= 7688388))
for range-notcovered
table 1 : explain SELECT k, c FROM sbtest1 WHERE k BETWEEN 3818268 AND 3818368
	Bitmap Heap Scan on sbtest1  (cost=5.45..397.25 rows=99 width=125)
	  Recheck Cond: ((k >= 3818268) AND (k <= 3818368))
	  ->  Bitmap Index Scan on k_1  (cost=0.00..5.42 rows=99 width=0)
	        Index Cond: ((k >= 3818268) AND (k <= 3818368))

table 2 : explain SELECT k, c FROM sbtest2 WHERE k BETWEEN 3818268 AND 3818368
	Bitmap Heap Scan on sbtest2  (cost=5.52..424.81 rows=106 width=125)
	  Recheck Cond: ((k >= 3818268) AND (k <= 3818368))
	  ->  Bitmap Index Scan on k_2  (cost=0.00..5.50 rows=106 width=0)
	        Index Cond: ((k >= 3818268) AND (k <= 3818368))

table 3 : explain SELECT k, c FROM sbtest3 WHERE k BETWEEN 3818268 AND 3818368
	Bitmap Heap Scan on sbtest3  (cost=5.51..420.88 rows=105 width=125)
	  Recheck Cond: ((k >= 3818268) AND (k <= 3818368))
	  ->  Bitmap Index Scan on k_3  (cost=0.00..5.48 rows=105 width=0)
	        Index Cond: ((k >= 3818268) AND (k <= 3818368))

table 4 : explain SELECT k, c FROM sbtest4 WHERE k BETWEEN 3818268 AND 3818368
	Bitmap Heap Scan on sbtest4  (cost=5.48..409.07 rows=102 width=125)
	  Recheck Cond: ((k >= 3818268) AND (k <= 3818368))
	  ->  Bitmap Index Scan on k_4  (cost=0.00..5.45 rows=102 width=0)
	        Index Cond: ((k >= 3818268) AND (k <= 3818368))

table 5 : explain SELECT k, c FROM sbtest5 WHERE k BETWEEN 3818268 AND 3818368
	Bitmap Heap Scan on sbtest5  (cost=5.43..389.37 rows=97 width=125)
	  Recheck Cond: ((k >= 3818268) AND (k <= 3818368))
	  ->  Bitmap Index Scan on k_5  (cost=0.00..5.40 rows=97 width=0)
	        Index Cond: ((k >= 3818268) AND (k <= 3818368))

table 6 : explain SELECT k, c FROM sbtest6 WHERE k BETWEEN 3818268 AND 3818368
	Bitmap Heap Scan on sbtest6  (cost=5.50..416.94 rows=104 width=125)
	  Recheck Cond: ((k >= 3818268) AND (k <= 3818368))
	  ->  Bitmap Index Scan on k_6  (cost=0.00..5.47 rows=104 width=0)
	        Index Cond: ((k >= 3818268) AND (k <= 3818368))

table 7 : explain SELECT k, c FROM sbtest7 WHERE k BETWEEN 3818268 AND 3818368
	Bitmap Heap Scan on sbtest7  (cost=5.54..432.69 rows=108 width=125)
	  Recheck Cond: ((k >= 3818268) AND (k <= 3818368))
	  ->  Bitmap Index Scan on k_7  (cost=0.00..5.51 rows=108 width=0)
	        Index Cond: ((k >= 3818268) AND (k <= 3818368))

table 8 : explain SELECT k, c FROM sbtest8 WHERE k BETWEEN 3818268 AND 3818368
	Bitmap Heap Scan on sbtest8  (cost=5.37..365.72 rows=91 width=125)
	  Recheck Cond: ((k >= 3818268) AND (k <= 3818368))
	  ->  Bitmap Index Scan on k_8  (cost=0.00..5.34 rows=91 width=0)
	        Index Cond: ((k >= 3818268) AND (k <= 3818368))


explain: for range-notcovered :: explain SELECT k, c FROM sbtest%d WHERE k BETWEEN 7489019 AND 7489119
explain: for range-notcovered :: explain SELECT k, c FROM sbtest%d WHERE k BETWEEN 3818268 AND 3818368
explain: for range-notcovered :: explain SELECT k, c FROM sbtest%d WHERE k BETWEEN 7688288 AND 7688388
explain: for range-notcovered :: explain SELECT k, c FROM sbtest%d WHERE k BETWEEN 3519644 AND 3519744
for range-notcovered
table 1 : explain SELECT k, c FROM sbtest1 WHERE k BETWEEN 7744276 AND 7744376
	Bitmap Heap Scan on sbtest1  (cost=5.44..393.31 rows=98 width=125)
	  Recheck Cond: ((k >= 7744276) AND (k <= 7744376))
	  ->  Bitmap Index Scan on k_1  (cost=0.00..5.42 rows=98 width=0)
	        Index Cond: ((k >= 7744276) AND (k <= 7744376))

table 2 : explain SELECT k, c FROM sbtest2 WHERE k BETWEEN 7744276 AND 7744376
	Bitmap Heap Scan on sbtest2  (cost=5.51..420.88 rows=105 width=125)
	  Recheck Cond: ((k >= 7744276) AND (k <= 7744376))
	  ->  Bitmap Index Scan on k_2  (cost=0.00..5.48 rows=105 width=0)
	        Index Cond: ((k >= 7744276) AND (k <= 7744376))

table 3 : explain SELECT k, c FROM sbtest3 WHERE k BETWEEN 7744276 AND 7744376
	Bitmap Heap Scan on sbtest3  (cost=5.51..420.88 rows=105 width=125)
	  Recheck Cond: ((k >= 7744276) AND (k <= 7744376))
	  ->  Bitmap Index Scan on k_3  (cost=0.00..5.48 rows=105 width=0)
	        Index Cond: ((k >= 7744276) AND (k <= 7744376))

table 4 : explain SELECT k, c FROM sbtest4 WHERE k BETWEEN 7744276 AND 7744376
	Bitmap Heap Scan on sbtest4  (cost=5.47..405.13 rows=101 width=125)
	  Recheck Cond: ((k >= 7744276) AND (k <= 7744376))
	  ->  Bitmap Index Scan on k_4  (cost=0.00..5.44 rows=101 width=0)
	        Index Cond: ((k >= 7744276) AND (k <= 7744376))

table 5 : explain SELECT k, c FROM sbtest5 WHERE k BETWEEN 7744276 AND 7744376
	Bitmap Heap Scan on sbtest5  (cost=5.48..409.07 rows=102 width=125)
	  Recheck Cond: ((k >= 7744276) AND (k <= 7744376))
	  ->  Bitmap Index Scan on k_5  (cost=0.00..5.45 rows=102 width=0)
	        Index Cond: ((k >= 7744276) AND (k <= 7744376))

table 6 : explain SELECT k, c FROM sbtest6 WHERE k BETWEEN 7744276 AND 7744376
	Bitmap Heap Scan on sbtest6  (cost=5.44..393.31 rows=98 width=125)
	  Recheck Cond: ((k >= 7744276) AND (k <= 7744376))
	  ->  Bitmap Index Scan on k_6  (cost=0.00..5.42 rows=98 width=0)
	        Index Cond: ((k >= 7744276) AND (k <= 7744376))

table 7 : explain SELECT k, c FROM sbtest7 WHERE k BETWEEN 7744276 AND 7744376
	Bitmap Heap Scan on sbtest7  (cost=5.48..409.07 rows=102 width=125)
	  Recheck Cond: ((k >= 7744276) AND (k <= 7744376))
	  ->  Bitmap Index Scan on k_7  (cost=0.00..5.45 rows=102 width=0)
	        Index Cond: ((k >= 7744276) AND (k <= 7744376))

table 8 : explain SELECT k, c FROM sbtest8 WHERE k BETWEEN 7744276 AND 7744376
	Bitmap Heap Scan on sbtest8  (cost=5.47..405.13 rows=101 width=125)
	  Recheck Cond: ((k >= 7744276) AND (k <= 7744376))
	  ->  Bitmap Index Scan on k_8  (cost=0.00..5.44 rows=101 width=0)
	        Index Cond: ((k >= 7744276) AND (k <= 7744376))

explain: for range-notcovered :: explain SELECT k, c FROM sbtest%d WHERE k BETWEEN 7744276 AND 7744376
for range-notcovered
table 1 : explain SELECT k, c FROM sbtest1 WHERE k BETWEEN 3818268 AND 3818368
	Bitmap Heap Scan on sbtest1  (cost=5.45..397.25 rows=99 width=125)
	  Recheck Cond: ((k >= 3818268) AND (k <= 3818368))
	  ->  Bitmap Index Scan on k_1  (cost=0.00..5.42 rows=99 width=0)
	        Index Cond: ((k >= 3818268) AND (k <= 3818368))

table 2 : explain SELECT k, c FROM sbtest2 WHERE k BETWEEN 3818268 AND 3818368
	Bitmap Heap Scan on sbtest2  (cost=5.52..424.81 rows=106 width=125)
	  Recheck Cond: ((k >= 3818268) AND (k <= 3818368))
	  ->  Bitmap Index Scan on k_2  (cost=0.00..5.50 rows=106 width=0)
	        Index Cond: ((k >= 3818268) AND (k <= 3818368))

table 3 : explain SELECT k, c FROM sbtest3 WHERE k BETWEEN 3818268 AND 3818368
	Bitmap Heap Scan on sbtest3  (cost=5.51..420.88 rows=105 width=125)
	  Recheck Cond: ((k >= 3818268) AND (k <= 3818368))
	  ->  Bitmap Index Scan on k_3  (cost=0.00..5.48 rows=105 width=0)
	        Index Cond: ((k >= 3818268) AND (k <= 3818368))

table 4 : explain SELECT k, c FROM sbtest4 WHERE k BETWEEN 3818268 AND 3818368
	Bitmap Heap Scan on sbtest4  (cost=5.48..409.07 rows=102 width=125)
	  Recheck Cond: ((k >= 3818268) AND (k <= 3818368))
	  ->  Bitmap Index Scan on k_4  (cost=0.00..5.45 rows=102 width=0)
	        Index Cond: ((k >= 3818268) AND (k <= 3818368))

table 5 : explain SELECT k, c FROM sbtest5 WHERE k BETWEEN 3818268 AND 3818368
	Bitmap Heap Scan on sbtest5  (cost=5.43..389.37 rows=97 width=125)
	  Recheck Cond: ((k >= 3818268) AND (k <= 3818368))
	  ->  Bitmap Index Scan on k_5  (cost=0.00..5.40 rows=97 width=0)
	        Index Cond: ((k >= 3818268) AND (k <= 3818368))

table 6 : explain SELECT k, c FROM sbtest6 WHERE k BETWEEN 3818268 AND 3818368
	Bitmap Heap Scan on sbtest6  (cost=5.50..416.94 rows=104 width=125)
	  Recheck Cond: ((k >= 3818268) AND (k <= 3818368))
	  ->  Bitmap Index Scan on k_6  (cost=0.00..5.47 rows=104 width=0)
	        Index Cond: ((k >= 3818268) AND (k <= 3818368))

table 7 : explain SELECT k, c FROM sbtest7 WHERE k BETWEEN 3818268 AND 3818368
	Bitmap Heap Scan on sbtest7  (cost=5.54..432.69 rows=108 width=125)
	  Recheck Cond: ((k >= 3818268) AND (k <= 3818368))
	  ->  Bitmap Index Scan on k_7  (cost=0.00..5.51 rows=108 width=0)
	        Index Cond: ((k >= 3818268) AND (k <= 3818368))

table 8 : explain SELECT k, c FROM sbtest8 WHERE k BETWEEN 3818268 AND 3818368
	Bitmap Heap Scan on sbtest8  (cost=5.37..365.72 rows=91 width=125)
	  Recheck Cond: ((k >= 3818268) AND (k <= 3818368))
	  ->  Bitmap Index Scan on k_8  (cost=0.00..5.34 rows=91 width=0)
	        Index Cond: ((k >= 3818268) AND (k <= 3818368))

for range-notcovered
table 1 : explain SELECT k, c FROM sbtest1 WHERE k BETWEEN 7688288 AND 7688388
	Bitmap Heap Scan on sbtest1  (cost=5.47..405.13 rows=101 width=125)
	  Recheck Cond: ((k >= 7688288) AND (k <= 7688388))
	  ->  Bitmap Index Scan on k_1  (cost=0.00..5.44 rows=101 width=0)
	        Index Cond: ((k >= 7688288) AND (k <= 7688388))

table 2 : explain SELECT k, c FROM sbtest2 WHERE k BETWEEN 7688288 AND 7688388
	Bitmap Heap Scan on sbtest2  (cost=5.51..420.88 rows=105 width=125)
	  Recheck Cond: ((k >= 7688288) AND (k <= 7688388))
	  ->  Bitmap Index Scan on k_2  (cost=0.00..5.48 rows=105 width=0)
	        Index Cond: ((k >= 7688288) AND (k <= 7688388))

table 3 : explain SELECT k, c FROM sbtest3 WHERE k BETWEEN 7688288 AND 7688388
	Bitmap Heap Scan on sbtest3  (cost=5.51..420.88 rows=105 width=125)
	  Recheck Cond: ((k >= 7688288) AND (k <= 7688388))
	  ->  Bitmap Index Scan on k_3  (cost=0.00..5.48 rows=105 width=0)
	        Index Cond: ((k >= 7688288) AND (k <= 7688388))

table 4 : explain SELECT k, c FROM sbtest4 WHERE k BETWEEN 7688288 AND 7688388
	Bitmap Heap Scan on sbtest4  (cost=5.47..405.13 rows=101 width=125)
	  Recheck Cond: ((k >= 7688288) AND (k <= 7688388))
	  ->  Bitmap Index Scan on k_4  (cost=0.00..5.44 rows=101 width=0)
	        Index Cond: ((k >= 7688288) AND (k <= 7688388))

table 5 : explain SELECT k, c FROM sbtest5 WHERE k BETWEEN 7688288 AND 7688388
	Bitmap Heap Scan on sbtest5  (cost=5.59..452.36 rows=113 width=125)
	  Recheck Cond: ((k >= 7688288) AND (k <= 7688388))
	  ->  Bitmap Index Scan on k_5  (cost=0.00..5.56 rows=113 width=0)
	        Index Cond: ((k >= 7688288) AND (k <= 7688388))

table 6 : explain SELECT k, c FROM sbtest6 WHERE k BETWEEN 7688288 AND 7688388
	Bitmap Heap Scan on sbtest6  (cost=5.50..416.94 rows=104 width=125)
	  Recheck Cond: ((k >= 7688288) AND (k <= 7688388))
	  ->  Bitmap Index Scan on k_6  (cost=0.00..5.47 rows=104 width=0)
	        Index Cond: ((k >= 7688288) AND (k <= 7688388))

table 7 : explain SELECT k, c FROM sbtest7 WHERE k BETWEEN 7688288 AND 7688388
	Bitmap Heap Scan on sbtest7  (cost=5.48..409.07 rows=102 width=125)
	  Recheck Cond: ((k >= 7688288) AND (k <= 7688388))
	  ->  Bitmap Index Scan on k_7  (cost=0.00..5.45 rows=102 width=0)
	        Index Cond: ((k >= 7688288) AND (k <= 7688388))

table 8 : explain SELECT k, c FROM sbtest8 WHERE k BETWEEN 7688288 AND 7688388
	Bitmap Heap Scan on sbtest8  (cost=5.45..397.25 rows=99 width=125)
	  Recheck Cond: ((k >= 7688288) AND (k <= 7688388))
	  ->  Bitmap Index Scan on k_8  (cost=0.00..5.42 rows=99 width=0)
	        Index Cond: ((k >= 7688288) AND (k <= 7688388))

explain: for range-notcovered :: explain SELECT k, c FROM sbtest%d WHERE k BETWEEN 3818268 AND 3818368
for range-notcovered
table 1 : explain SELECT k, c FROM sbtest1 WHERE k BETWEEN 7744276 AND 7744376
	Bitmap Heap Scan on sbtest1  (cost=5.44..393.31 rows=98 width=125)
	  Recheck Cond: ((k >= 7744276) AND (k <= 7744376))
	  ->  Bitmap Index Scan on k_1  (cost=0.00..5.42 rows=98 width=0)
	        Index Cond: ((k >= 7744276) AND (k <= 7744376))

table 2 : explain SELECT k, c FROM sbtest2 WHERE k BETWEEN 7744276 AND 7744376
	Bitmap Heap Scan on sbtest2  (cost=5.51..420.88 rows=105 width=125)
	  Recheck Cond: ((k >= 7744276) AND (k <= 7744376))
	  ->  Bitmap Index Scan on k_2  (cost=0.00..5.48 rows=105 width=0)
	        Index Cond: ((k >= 7744276) AND (k <= 7744376))

table 3 : explain SELECT k, c FROM sbtest3 WHERE k BETWEEN 7744276 AND 7744376
	Bitmap Heap Scan on sbtest3  (cost=5.51..420.88 rows=105 width=125)
	  Recheck Cond: ((k >= 7744276) AND (k <= 7744376))
	  ->  Bitmap Index Scan on k_3  (cost=0.00..5.48 rows=105 width=0)
	        Index Cond: ((k >= 7744276) AND (k <= 7744376))

table 4 : explain SELECT k, c FROM sbtest4 WHERE k BETWEEN 7744276 AND 7744376
	Bitmap Heap Scan on sbtest4  (cost=5.47..405.13 rows=101 width=125)
	  Recheck Cond: ((k >= 7744276) AND (k <= 7744376))
	  ->  Bitmap Index Scan on k_4  (cost=0.00..5.44 rows=101 width=0)
	        Index Cond: ((k >= 7744276) AND (k <= 7744376))

table 5 : explain SELECT k, c FROM sbtest5 WHERE k BETWEEN 7744276 AND 7744376
	Bitmap Heap Scan on sbtest5  (cost=5.48..409.07 rows=102 width=125)
	  Recheck Cond: ((k >= 7744276) AND (k <= 7744376))
	  ->  Bitmap Index Scan on k_5  (cost=0.00..5.45 rows=102 width=0)
	        Index Cond: ((k >= 7744276) AND (k <= 7744376))

table 6 : explain SELECT k, c FROM sbtest6 WHERE k BETWEEN 7744276 AND 7744376
	Bitmap Heap Scan on sbtest6  (cost=5.44..393.31 rows=98 width=125)
	  Recheck Cond: ((k >= 7744276) AND (k <= 7744376))
	  ->  Bitmap Index Scan on k_6  (cost=0.00..5.42 rows=98 width=0)
	        Index Cond: ((k >= 7744276) AND (k <= 7744376))

table 7 : explain SELECT k, c FROM sbtest7 WHERE k BETWEEN 7744276 AND 7744376
	Bitmap Heap Scan on sbtest7  (cost=5.48..409.07 rows=102 width=125)
	  Recheck Cond: ((k >= 7744276) AND (k <= 7744376))
	  ->  Bitmap Index Scan on k_7  (cost=0.00..5.45 rows=102 width=0)
	        Index Cond: ((k >= 7744276) AND (k <= 7744376))

table 8 : explain SELECT k, c FROM sbtest8 WHERE k BETWEEN 7744276 AND 7744376
	Bitmap Heap Scan on sbtest8  (cost=5.47..405.13 rows=101 width=125)
	  Recheck Cond: ((k >= 7744276) AND (k <= 7744376))
	  ->  Bitmap Index Scan on k_8  (cost=0.00..5.44 rows=101 width=0)
	        Index Cond: ((k >= 7744276) AND (k <= 7744376))

explain: for range-notcovered :: explain SELECT k, c FROM sbtest%d WHERE k BETWEEN 7744276 AND 7744376
for range-notcovered
table 1 : explain SELECT k, c FROM sbtest1 WHERE k BETWEEN 3519644 AND 3519744
	Bitmap Heap Scan on sbtest1  (cost=5.52..424.81 rows=106 width=125)
	  Recheck Cond: ((k >= 3519644) AND (k <= 3519744))
	  ->  Bitmap Index Scan on k_1  (cost=0.00..5.50 rows=106 width=0)
	        Index Cond: ((k >= 3519644) AND (k <= 3519744))

table 2 : explain SELECT k, c FROM sbtest2 WHERE k BETWEEN 3519644 AND 3519744
	Bitmap Heap Scan on sbtest2  (cost=5.51..420.88 rows=105 width=125)
	  Recheck Cond: ((k >= 3519644) AND (k <= 3519744))
	  ->  Bitmap Index Scan on k_2  (cost=0.00..5.48 rows=105 width=0)
	        Index Cond: ((k >= 3519644) AND (k <= 3519744))

table 3 : explain SELECT k, c FROM sbtest3 WHERE k BETWEEN 3519644 AND 3519744
	Bitmap Heap Scan on sbtest3  (cost=5.48..409.07 rows=102 width=125)
	  Recheck Cond: ((k >= 3519644) AND (k <= 3519744))
	  ->  Bitmap Index Scan on k_3  (cost=0.00..5.45 rows=102 width=0)
	        Index Cond: ((k >= 3519644) AND (k <= 3519744))

table 4 : explain SELECT k, c FROM sbtest4 WHERE k BETWEEN 3519644 AND 3519744
	Bitmap Heap Scan on sbtest4  (cost=5.50..416.94 rows=104 width=125)
	  Recheck Cond: ((k >= 3519644) AND (k <= 3519744))
	  ->  Bitmap Index Scan on k_4  (cost=0.00..5.47 rows=104 width=0)
	        Index Cond: ((k >= 3519644) AND (k <= 3519744))

table 5 : explain SELECT k, c FROM sbtest5 WHERE k BETWEEN 3519644 AND 3519744
	Bitmap Heap Scan on sbtest5  (cost=5.52..424.81 rows=106 width=125)
	  Recheck Cond: ((k >= 3519644) AND (k <= 3519744))
	  ->  Bitmap Index Scan on k_5  (cost=0.00..5.50 rows=106 width=0)
	        Index Cond: ((k >= 3519644) AND (k <= 3519744))

table 6 : explain SELECT k, c FROM sbtest6 WHERE k BETWEEN 3519644 AND 3519744
	Bitmap Heap Scan on sbtest6  (cost=5.46..401.19 rows=100 width=125)
	  Recheck Cond: ((k >= 3519644) AND (k <= 3519744))
	  ->  Bitmap Index Scan on k_6  (cost=0.00..5.43 rows=100 width=0)
	        Index Cond: ((k >= 3519644) AND (k <= 3519744))

table 7 : explain SELECT k, c FROM sbtest7 WHERE k BETWEEN 3519644 AND 3519744
	Bitmap Heap Scan on sbtest7  (cost=5.56..440.56 rows=110 width=125)
	  Recheck Cond: ((k >= 3519644) AND (k <= 3519744))
	  ->  Bitmap Index Scan on k_7  (cost=0.00..5.53 rows=110 width=0)
	        Index Cond: ((k >= 3519644) AND (k <= 3519744))

table 8 : explain SELECT k, c FROM sbtest8 WHERE k BETWEEN 3519644 AND 3519744
	Bitmap Heap Scan on sbtest8  (cost=5.43..389.37 rows=97 width=125)
	  Recheck Cond: ((k >= 3519644) AND (k <= 3519744))
	  ->  Bitmap Index Scan on k_8  (cost=0.00..5.40 rows=97 width=0)
	        Index Cond: ((k >= 3519644) AND (k <= 3519744))

explain: for range-notcovered :: explain SELECT k, c FROM sbtest%d WHERE k BETWEEN 3519644 AND 3519744
explain: for range-notcovered :: explain SELECT k, c FROM sbtest%d WHERE k BETWEEN 3918120 AND 3918220
for range-notcovered
table 1 : explain SELECT k, c FROM sbtest1 WHERE k BETWEEN 3818268 AND 3818368
	Bitmap Heap Scan on sbtest1  (cost=5.45..397.25 rows=99 width=125)
	  Recheck Cond: ((k >= 3818268) AND (k <= 3818368))
	  ->  Bitmap Index Scan on k_1  (cost=0.00..5.42 rows=99 width=0)
	        Index Cond: ((k >= 3818268) AND (k <= 3818368))

table 2 : explain SELECT k, c FROM sbtest2 WHERE k BETWEEN 3818268 AND 3818368
	Bitmap Heap Scan on sbtest2  (cost=5.52..424.81 rows=106 width=125)
	  Recheck Cond: ((k >= 3818268) AND (k <= 3818368))
	  ->  Bitmap Index Scan on k_2  (cost=0.00..5.50 rows=106 width=0)
	        Index Cond: ((k >= 3818268) AND (k <= 3818368))

table 3 : explain SELECT k, c FROM sbtest3 WHERE k BETWEEN 3818268 AND 3818368
	Bitmap Heap Scan on sbtest3  (cost=5.51..420.88 rows=105 width=125)
	  Recheck Cond: ((k >= 3818268) AND (k <= 3818368))
	  ->  Bitmap Index Scan on k_3  (cost=0.00..5.48 rows=105 width=0)
	        Index Cond: ((k >= 3818268) AND (k <= 3818368))

table 4 : explain SELECT k, c FROM sbtest4 WHERE k BETWEEN 3818268 AND 3818368
	Bitmap Heap Scan on sbtest4  (cost=5.48..409.07 rows=102 width=125)
	  Recheck Cond: ((k >= 3818268) AND (k <= 3818368))
	  ->  Bitmap Index Scan on k_4  (cost=0.00..5.45 rows=102 width=0)
	        Index Cond: ((k >= 3818268) AND (k <= 3818368))

table 5 : explain SELECT k, c FROM sbtest5 WHERE k BETWEEN 3818268 AND 3818368
	Bitmap Heap Scan on sbtest5  (cost=5.43..389.37 rows=97 width=125)
	  Recheck Cond: ((k >= 3818268) AND (k <= 3818368))
	  ->  Bitmap Index Scan on k_5  (cost=0.00..5.40 rows=97 width=0)
	        Index Cond: ((k >= 3818268) AND (k <= 3818368))

table 6 : explain SELECT k, c FROM sbtest6 WHERE k BETWEEN 3818268 AND 3818368
	Bitmap Heap Scan on sbtest6  (cost=5.50..416.94 rows=104 width=125)
	  Recheck Cond: ((k >= 3818268) AND (k <= 3818368))
	  ->  Bitmap Index Scan on k_6  (cost=0.00..5.47 rows=104 width=0)
	        Index Cond: ((k >= 3818268) AND (k <= 3818368))

table 7 : explain SELECT k, c FROM sbtest7 WHERE k BETWEEN 3818268 AND 3818368
	Bitmap Heap Scan on sbtest7  (cost=5.54..432.69 rows=108 width=125)
	  Recheck Cond: ((k >= 3818268) AND (k <= 3818368))
	  ->  Bitmap Index Scan on k_7  (cost=0.00..5.51 rows=108 width=0)
	        Index Cond: ((k >= 3818268) AND (k <= 3818368))

table 8 : explain SELECT k, c FROM sbtest8 WHERE k BETWEEN 3818268 AND 3818368
	Bitmap Heap Scan on sbtest8  (cost=5.37..365.72 rows=91 width=125)
	  Recheck Cond: ((k >= 3818268) AND (k <= 3818368))
	  ->  Bitmap Index Scan on k_8  (cost=0.00..5.34 rows=91 width=0)
	        Index Cond: ((k >= 3818268) AND (k <= 3818368))

for range-notcovered
table 1 : explain SELECT k, c FROM sbtest1 WHERE k BETWEEN 7489019 AND 7489119
	Bitmap Heap Scan on sbtest1  (cost=5.55..436.62 rows=109 width=125)
	  Recheck Cond: ((k >= 7489019) AND (k <= 7489119))
	  ->  Bitmap Index Scan on k_1  (cost=0.00..5.52 rows=109 width=0)
	        Index Cond: ((k >= 7489019) AND (k <= 7489119))

table 2 : explain SELECT k, c FROM sbtest2 WHERE k BETWEEN 7489019 AND 7489119
	Bitmap Heap Scan on sbtest2  (cost=5.57..444.49 rows=111 width=125)
	  Recheck Cond: ((k >= 7489019) AND (k <= 7489119))
	  ->  Bitmap Index Scan on k_2  (cost=0.00..5.54 rows=111 width=0)
	        Index Cond: ((k >= 7489019) AND (k <= 7489119))

table 3 : explain SELECT k, c FROM sbtest3 WHERE k BETWEEN 7489019 AND 7489119
	Bitmap Heap Scan on sbtest3  (cost=5.47..405.13 rows=101 width=125)
	  Recheck Cond: ((k >= 7489019) AND (k <= 7489119))
	  ->  Bitmap Index Scan on k_3  (cost=0.00..5.44 rows=101 width=0)
	        Index Cond: ((k >= 7489019) AND (k <= 7489119))

table 4 : explain SELECT k, c FROM sbtest4 WHERE k BETWEEN 7489019 AND 7489119
	Bitmap Heap Scan on sbtest4  (cost=5.46..401.19 rows=100 width=125)
	  Recheck Cond: ((k >= 7489019) AND (k <= 7489119))
	  ->  Bitmap Index Scan on k_4  (cost=0.00..5.43 rows=100 width=0)
	        Index Cond: ((k >= 7489019) AND (k <= 7489119))

table 5 : explain SELECT k, c FROM sbtest5 WHERE k BETWEEN 7489019 AND 7489119
	Bitmap Heap Scan on sbtest5  (cost=5.41..381.49 rows=95 width=125)
	  Recheck Cond: ((k >= 7489019) AND (k <= 7489119))
	  ->  Bitmap Index Scan on k_5  (cost=0.00..5.38 rows=95 width=0)
	        Index Cond: ((k >= 7489019) AND (k <= 7489119))

table 6 : explain SELECT k, c FROM sbtest6 WHERE k BETWEEN 7489019 AND 7489119
	Bitmap Heap Scan on sbtest6  (cost=5.51..420.88 rows=105 width=125)
	  Recheck Cond: ((k >= 7489019) AND (k <= 7489119))
	  ->  Bitmap Index Scan on k_6  (cost=0.00..5.48 rows=105 width=0)
	        Index Cond: ((k >= 7489019) AND (k <= 7489119))

table 7 : explain SELECT k, c FROM sbtest7 WHERE k BETWEEN 7489019 AND 7489119
	Bitmap Heap Scan on sbtest7  (cost=5.67..479.88 rows=120 width=125)
	  Recheck Cond: ((k >= 7489019) AND (k <= 7489119))
	  ->  Bitmap Index Scan on k_7  (cost=0.00..5.63 rows=120 width=0)
	        Index Cond: ((k >= 7489019) AND (k <= 7489119))

table 8 : explain SELECT k, c FROM sbtest8 WHERE k BETWEEN 7489019 AND 7489119
	Bitmap Heap Scan on sbtest8  (cost=5.40..377.55 rows=94 width=125)
	  Recheck Cond: ((k >= 7489019) AND (k <= 7489119))
	  ->  Bitmap Index Scan on k_8  (cost=0.00..5.38 rows=94 width=0)
	        Index Cond: ((k >= 7489019) AND (k <= 7489119))

explain: for range-notcovered :: explain SELECT k, c FROM sbtest%d WHERE k BETWEEN 3818268 AND 3818368
explain: for range-notcovered :: explain SELECT k, c FROM sbtest%d WHERE k BETWEEN 7489019 AND 7489119
for range-notcovered
table 1 : explain SELECT k, c FROM sbtest1 WHERE k BETWEEN 7744276 AND 7744376
	Bitmap Heap Scan on sbtest1  (cost=5.44..393.31 rows=98 width=125)
	  Recheck Cond: ((k >= 7744276) AND (k <= 7744376))
	  ->  Bitmap Index Scan on k_1  (cost=0.00..5.42 rows=98 width=0)
	        Index Cond: ((k >= 7744276) AND (k <= 7744376))

table 2 : explain SELECT k, c FROM sbtest2 WHERE k BETWEEN 7744276 AND 7744376
	Bitmap Heap Scan on sbtest2  (cost=5.51..420.88 rows=105 width=125)
	  Recheck Cond: ((k >= 7744276) AND (k <= 7744376))
	  ->  Bitmap Index Scan on k_2  (cost=0.00..5.48 rows=105 width=0)
	        Index Cond: ((k >= 7744276) AND (k <= 7744376))

table 3 : explain SELECT k, c FROM sbtest3 WHERE k BETWEEN 7744276 AND 7744376
	Bitmap Heap Scan on sbtest3  (cost=5.51..420.88 rows=105 width=125)
	  Recheck Cond: ((k >= 7744276) AND (k <= 7744376))
	  ->  Bitmap Index Scan on k_3  (cost=0.00..5.48 rows=105 width=0)
	        Index Cond: ((k >= 7744276) AND (k <= 7744376))

table 4 : explain SELECT k, c FROM sbtest4 WHERE k BETWEEN 7744276 AND 7744376
	Bitmap Heap Scan on sbtest4  (cost=5.47..405.13 rows=101 width=125)
	  Recheck Cond: ((k >= 7744276) AND (k <= 7744376))
	  ->  Bitmap Index Scan on k_4  (cost=0.00..5.44 rows=101 width=0)
	        Index Cond: ((k >= 7744276) AND (k <= 7744376))

table 5 : explain SELECT k, c FROM sbtest5 WHERE k BETWEEN 7744276 AND 7744376
	Bitmap Heap Scan on sbtest5  (cost=5.48..409.07 rows=102 width=125)
	  Recheck Cond: ((k >= 7744276) AND (k <= 7744376))
	  ->  Bitmap Index Scan on k_5  (cost=0.00..5.45 rows=102 width=0)
	        Index Cond: ((k >= 7744276) AND (k <= 7744376))

table 6 : explain SELECT k, c FROM sbtest6 WHERE k BETWEEN 7744276 AND 7744376
	Bitmap Heap Scan on sbtest6  (cost=5.44..393.31 rows=98 width=125)
	  Recheck Cond: ((k >= 7744276) AND (k <= 7744376))
	  ->  Bitmap Index Scan on k_6  (cost=0.00..5.42 rows=98 width=0)
	        Index Cond: ((k >= 7744276) AND (k <= 7744376))

table 7 : explain SELECT k, c FROM sbtest7 WHERE k BETWEEN 7744276 AND 7744376
	Bitmap Heap Scan on sbtest7  (cost=5.48..409.07 rows=102 width=125)
	  Recheck Cond: ((k >= 7744276) AND (k <= 7744376))
	  ->  Bitmap Index Scan on k_7  (cost=0.00..5.45 rows=102 width=0)
	        Index Cond: ((k >= 7744276) AND (k <= 7744376))

table 8 : explain SELECT k, c FROM sbtest8 WHERE k BETWEEN 7744276 AND 7744376
	Bitmap Heap Scan on sbtest8  (cost=5.47..405.13 rows=101 width=125)
	  Recheck Cond: ((k >= 7744276) AND (k <= 7744376))
	  ->  Bitmap Index Scan on k_8  (cost=0.00..5.44 rows=101 width=0)
	        Index Cond: ((k >= 7744276) AND (k <= 7744376))

explain: for range-notcovered :: explain SELECT k, c FROM sbtest%d WHERE k BETWEEN 7744276 AND 7744376
for range-notcovered
table 1 : explain SELECT k, c FROM sbtest1 WHERE k BETWEEN 5407822 AND 5407922
	Bitmap Heap Scan on sbtest1  (cost=5.60..456.29 rows=114 width=125)
	  Recheck Cond: ((k >= 5407822) AND (k <= 5407922))
	  ->  Bitmap Index Scan on k_1  (cost=0.00..5.58 rows=114 width=0)
	        Index Cond: ((k >= 5407822) AND (k <= 5407922))

table 2 : explain SELECT k, c FROM sbtest2 WHERE k BETWEEN 5407822 AND 5407922
	Bitmap Heap Scan on sbtest2  (cost=5.46..401.19 rows=100 width=125)
	  Recheck Cond: ((k >= 5407822) AND (k <= 5407922))
	  ->  Bitmap Index Scan on k_2  (cost=0.00..5.43 rows=100 width=0)
	        Index Cond: ((k >= 5407822) AND (k <= 5407922))

table 3 : explain SELECT k, c FROM sbtest3 WHERE k BETWEEN 5407822 AND 5407922
	Bitmap Heap Scan on sbtest3  (cost=5.60..456.29 rows=114 width=125)
	  Recheck Cond: ((k >= 5407822) AND (k <= 5407922))
	  ->  Bitmap Index Scan on k_3  (cost=0.00..5.58 rows=114 width=0)
	        Index Cond: ((k >= 5407822) AND (k <= 5407922))

table 4 : explain SELECT k, c FROM sbtest4 WHERE k BETWEEN 5407822 AND 5407922
	Bitmap Heap Scan on sbtest4  (cost=5.45..397.25 rows=99 width=125)
	  Recheck Cond: ((k >= 5407822) AND (k <= 5407922))
	  ->  Bitmap Index Scan on k_4  (cost=0.00..5.42 rows=99 width=0)
	        Index Cond: ((k >= 5407822) AND (k <= 5407922))

table 5 : explain SELECT k, c FROM sbtest5 WHERE k BETWEEN 5407822 AND 5407922
	Bitmap Heap Scan on sbtest5  (cost=5.48..409.07 rows=102 width=125)
	  Recheck Cond: ((k >= 5407822) AND (k <= 5407922))
	  ->  Bitmap Index Scan on k_5  (cost=0.00..5.45 rows=102 width=0)
	        Index Cond: ((k >= 5407822) AND (k <= 5407922))

table 6 : explain SELECT k, c FROM sbtest6 WHERE k BETWEEN 5407822 AND 5407922
	Bitmap Heap Scan on sbtest6  (cost=5.48..409.07 rows=102 width=125)
	  Recheck Cond: ((k >= 5407822) AND (k <= 5407922))
	  ->  Bitmap Index Scan on k_6  (cost=0.00..5.45 rows=102 width=0)
	        Index Cond: ((k >= 5407822) AND (k <= 5407922))

table 7 : explain SELECT k, c FROM sbtest7 WHERE k BETWEEN 5407822 AND 5407922
	Bitmap Heap Scan on sbtest7  (cost=5.47..405.13 rows=101 width=125)
	  Recheck Cond: ((k >= 5407822) AND (k <= 5407922))
	  ->  Bitmap Index Scan on k_7  (cost=0.00..5.44 rows=101 width=0)
	        Index Cond: ((k >= 5407822) AND (k <= 5407922))

table 8 : explain SELECT k, c FROM sbtest8 WHERE k BETWEEN 5407822 AND 5407922
	Bitmap Heap Scan on sbtest8  (cost=5.40..377.55 rows=94 width=125)
	  Recheck Cond: ((k >= 5407822) AND (k <= 5407922))
	  ->  Bitmap Index Scan on k_8  (cost=0.00..5.38 rows=94 width=0)
	        Index Cond: ((k >= 5407822) AND (k <= 5407922))

for range-notcovered
table 1 : explain SELECT k, c FROM sbtest1 WHERE k BETWEEN 3519644 AND 3519744
	Bitmap Heap Scan on sbtest1  (cost=5.52..424.81 rows=106 width=125)
	  Recheck Cond: ((k >= 3519644) AND (k <= 3519744))
	  ->  Bitmap Index Scan on k_1  (cost=0.00..5.50 rows=106 width=0)
	        Index Cond: ((k >= 3519644) AND (k <= 3519744))

table 2 : explain SELECT k, c FROM sbtest2 WHERE k BETWEEN 3519644 AND 3519744
	Bitmap Heap Scan on sbtest2  (cost=5.51..420.88 rows=105 width=125)
	  Recheck Cond: ((k >= 3519644) AND (k <= 3519744))
	  ->  Bitmap Index Scan on k_2  (cost=0.00..5.48 rows=105 width=0)
	        Index Cond: ((k >= 3519644) AND (k <= 3519744))

table 3 : explain SELECT k, c FROM sbtest3 WHERE k BETWEEN 3519644 AND 3519744
	Bitmap Heap Scan on sbtest3  (cost=5.48..409.07 rows=102 width=125)
	  Recheck Cond: ((k >= 3519644) AND (k <= 3519744))
	  ->  Bitmap Index Scan on k_3  (cost=0.00..5.45 rows=102 width=0)
	        Index Cond: ((k >= 3519644) AND (k <= 3519744))

table 4 : explain SELECT k, c FROM sbtest4 WHERE k BETWEEN 3519644 AND 3519744
	Bitmap Heap Scan on sbtest4  (cost=5.50..416.94 rows=104 width=125)
	  Recheck Cond: ((k >= 3519644) AND (k <= 3519744))
	  ->  Bitmap Index Scan on k_4  (cost=0.00..5.47 rows=104 width=0)
	        Index Cond: ((k >= 3519644) AND (k <= 3519744))

table 5 : explain SELECT k, c FROM sbtest5 WHERE k BETWEEN 3519644 AND 3519744
	Bitmap Heap Scan on sbtest5  (cost=5.52..424.81 rows=106 width=125)
	  Recheck Cond: ((k >= 3519644) AND (k <= 3519744))
	  ->  Bitmap Index Scan on k_5  (cost=0.00..5.50 rows=106 width=0)
	        Index Cond: ((k >= 3519644) AND (k <= 3519744))

table 6 : explain SELECT k, c FROM sbtest6 WHERE k BETWEEN 3519644 AND 3519744
	Bitmap Heap Scan on sbtest6  (cost=5.46..401.19 rows=100 width=125)
	  Recheck Cond: ((k >= 3519644) AND (k <= 3519744))
	  ->  Bitmap Index Scan on k_6  (cost=0.00..5.43 rows=100 width=0)
	        Index Cond: ((k >= 3519644) AND (k <= 3519744))

table 7 : explain SELECT k, c FROM sbtest7 WHERE k BETWEEN 3519644 AND 3519744
	Bitmap Heap Scan on sbtest7  (cost=5.56..440.56 rows=110 width=125)
	  Recheck Cond: ((k >= 3519644) AND (k <= 3519744))
	  ->  Bitmap Index Scan on k_7  (cost=0.00..5.53 rows=110 width=0)
	        Index Cond: ((k >= 3519644) AND (k <= 3519744))

table 8 : explain SELECT k, c FROM sbtest8 WHERE k BETWEEN 3519644 AND 3519744
	Bitmap Heap Scan on sbtest8  (cost=5.43..389.37 rows=97 width=125)
	  Recheck Cond: ((k >= 3519644) AND (k <= 3519744))
	  ->  Bitmap Index Scan on k_8  (cost=0.00..5.40 rows=97 width=0)
	        Index Cond: ((k >= 3519644) AND (k <= 3519744))

explain: for range-notcovered :: explain SELECT k, c FROM sbtest%d WHERE k BETWEEN 5407822 AND 5407922
for range-notcovered
table 1 : explain SELECT k, c FROM sbtest1 WHERE k BETWEEN 7399472 AND 7399572
	Bitmap Heap Scan on sbtest1  (cost=5.49..413.00 rows=103 width=125)
	  Recheck Cond: ((k >= 7399472) AND (k <= 7399572))
	  ->  Bitmap Index Scan on k_1  (cost=0.00..5.46 rows=103 width=0)
	        Index Cond: ((k >= 7399472) AND (k <= 7399572))

table 2 : explain SELECT k, c FROM sbtest2 WHERE k BETWEEN 7399472 AND 7399572
	Bitmap Heap Scan on sbtest2  (cost=5.45..397.25 rows=99 width=125)
	  Recheck Cond: ((k >= 7399472) AND (k <= 7399572))
	  ->  Bitmap Index Scan on k_2  (cost=0.00..5.42 rows=99 width=0)
	        Index Cond: ((k >= 7399472) AND (k <= 7399572))

table 3 : explain SELECT k, c FROM sbtest3 WHERE k BETWEEN 7399472 AND 7399572
	Bitmap Heap Scan on sbtest3  (cost=5.53..428.75 rows=107 width=125)
	  Recheck Cond: ((k >= 7399472) AND (k <= 7399572))
	  ->  Bitmap Index Scan on k_3  (cost=0.00..5.50 rows=107 width=0)
	        Index Cond: ((k >= 7399472) AND (k <= 7399572))

table 4 : explain SELECT k, c FROM sbtest4 WHERE k BETWEEN 7399472 AND 7399572
	Bitmap Heap Scan on sbtest4  (cost=5.53..428.75 rows=107 width=125)
	  Recheck Cond: ((k >= 7399472) AND (k <= 7399572))
	  ->  Bitmap Index Scan on k_4  (cost=0.00..5.50 rows=107 width=0)
	        Index Cond: ((k >= 7399472) AND (k <= 7399572))

table 5 : explain SELECT k, c FROM sbtest5 WHERE k BETWEEN 7399472 AND 7399572
	Bitmap Heap Scan on sbtest5  (cost=5.42..385.43 rows=96 width=125)
	  Recheck Cond: ((k >= 7399472) AND (k <= 7399572))
	  ->  Bitmap Index Scan on k_5  (cost=0.00..5.39 rows=96 width=0)
	        Index Cond: ((k >= 7399472) AND (k <= 7399572))

table 6 : explain SELECT k, c FROM sbtest6 WHERE k BETWEEN 7399472 AND 7399572
	Bitmap Heap Scan on sbtest6  (cost=5.49..413.00 rows=103 width=125)
	  Recheck Cond: ((k >= 7399472) AND (k <= 7399572))
	  ->  Bitmap Index Scan on k_6  (cost=0.00..5.46 rows=103 width=0)
	        Index Cond: ((k >= 7399472) AND (k <= 7399572))

table 7 : explain SELECT k, c FROM sbtest7 WHERE k BETWEEN 7399472 AND 7399572
	Bitmap Heap Scan on sbtest7  (cost=5.33..349.95 rows=87 width=125)
	  Recheck Cond: ((k >= 7399472) AND (k <= 7399572))
	  ->  Bitmap Index Scan on k_7  (cost=0.00..5.30 rows=87 width=0)
	        Index Cond: ((k >= 7399472) AND (k <= 7399572))

table 8 : explain SELECT k, c FROM sbtest8 WHERE k BETWEEN 7399472 AND 7399572
	Bitmap Heap Scan on sbtest8  (cost=5.62..464.15 rows=116 width=125)
	  Recheck Cond: ((k >= 7399472) AND (k <= 7399572))
	  ->  Bitmap Index Scan on k_8  (cost=0.00..5.59 rows=116 width=0)
	        Index Cond: ((k >= 7399472) AND (k <= 7399572))

for range-notcovered
table 1 : explain SELECT k, c FROM sbtest1 WHERE k BETWEEN 3818268 AND 3818368
	Bitmap Heap Scan on sbtest1  (cost=5.45..397.25 rows=99 width=125)
	  Recheck Cond: ((k >= 3818268) AND (k <= 3818368))
	  ->  Bitmap Index Scan on k_1  (cost=0.00..5.42 rows=99 width=0)
	        Index Cond: ((k >= 3818268) AND (k <= 3818368))

table 2 : explain SELECT k, c FROM sbtest2 WHERE k BETWEEN 3818268 AND 3818368
	Bitmap Heap Scan on sbtest2  (cost=5.52..424.81 rows=106 width=125)
	  Recheck Cond: ((k >= 3818268) AND (k <= 3818368))
	  ->  Bitmap Index Scan on k_2  (cost=0.00..5.50 rows=106 width=0)
	        Index Cond: ((k >= 3818268) AND (k <= 3818368))

table 3 : explain SELECT k, c FROM sbtest3 WHERE k BETWEEN 3818268 AND 3818368
	Bitmap Heap Scan on sbtest3  (cost=5.51..420.88 rows=105 width=125)
	  Recheck Cond: ((k >= 3818268) AND (k <= 3818368))
	  ->  Bitmap Index Scan on k_3  (cost=0.00..5.48 rows=105 width=0)
	        Index Cond: ((k >= 3818268) AND (k <= 3818368))

table 4 : explain SELECT k, c FROM sbtest4 WHERE k BETWEEN 3818268 AND 3818368
	Bitmap Heap Scan on sbtest4  (cost=5.48..409.07 rows=102 width=125)
	  Recheck Cond: ((k >= 3818268) AND (k <= 3818368))
	  ->  Bitmap Index Scan on k_4  (cost=0.00..5.45 rows=102 width=0)
	        Index Cond: ((k >= 3818268) AND (k <= 3818368))

table 5 : explain SELECT k, c FROM sbtest5 WHERE k BETWEEN 3818268 AND 3818368
	Bitmap Heap Scan on sbtest5  (cost=5.43..389.37 rows=97 width=125)
	  Recheck Cond: ((k >= 3818268) AND (k <= 3818368))
	  ->  Bitmap Index Scan on k_5  (cost=0.00..5.40 rows=97 width=0)
	        Index Cond: ((k >= 3818268) AND (k <= 3818368))

table 6 : explain SELECT k, c FROM sbtest6 WHERE k BETWEEN 3818268 AND 3818368
	Bitmap Heap Scan on sbtest6  (cost=5.50..416.94 rows=104 width=125)
	  Recheck Cond: ((k >= 3818268) AND (k <= 3818368))
	  ->  Bitmap Index Scan on k_6  (cost=0.00..5.47 rows=104 width=0)
	        Index Cond: ((k >= 3818268) AND (k <= 3818368))

table 7 : explain SELECT k, c FROM sbtest7 WHERE k BETWEEN 3818268 AND 3818368
	Bitmap Heap Scan on sbtest7  (cost=5.54..432.69 rows=108 width=125)
	  Recheck Cond: ((k >= 3818268) AND (k <= 3818368))
	  ->  Bitmap Index Scan on k_7  (cost=0.00..5.51 rows=108 width=0)
	        Index Cond: ((k >= 3818268) AND (k <= 3818368))

table 8 : explain SELECT k, c FROM sbtest8 WHERE k BETWEEN 3818268 AND 3818368
	Bitmap Heap Scan on sbtest8  (cost=5.37..365.72 rows=91 width=125)
	  Recheck Cond: ((k >= 3818268) AND (k <= 3818368))
	  ->  Bitmap Index Scan on k_8  (cost=0.00..5.34 rows=91 width=0)
	        Index Cond: ((k >= 3818268) AND (k <= 3818368))

explain: for range-notcovered :: explain SELECT k, c FROM sbtest%d WHERE k BETWEEN 7399472 AND 7399572
explain: for range-notcovered :: explain SELECT k, c FROM sbtest%d WHERE k BETWEEN 3818268 AND 3818368
for range-notcovered
table 1 : explain SELECT k, c FROM sbtest1 WHERE k BETWEEN 6560561 AND 6560661
	Bitmap Heap Scan on sbtest1  (cost=5.49..413.00 rows=103 width=125)
	  Recheck Cond: ((k >= 6560561) AND (k <= 6560661))
	  ->  Bitmap Index Scan on k_1  (cost=0.00..5.46 rows=103 width=0)
	        Index Cond: ((k >= 6560561) AND (k <= 6560661))

table 2 : explain SELECT k, c FROM sbtest2 WHERE k BETWEEN 6560561 AND 6560661
	Bitmap Heap Scan on sbtest2  (cost=5.60..456.29 rows=114 width=125)
	  Recheck Cond: ((k >= 6560561) AND (k <= 6560661))
	  ->  Bitmap Index Scan on k_2  (cost=0.00..5.58 rows=114 width=0)
	        Index Cond: ((k >= 6560561) AND (k <= 6560661))

table 3 : explain SELECT k, c FROM sbtest3 WHERE k BETWEEN 6560561 AND 6560661
	Bitmap Heap Scan on sbtest3  (cost=5.49..413.00 rows=103 width=125)
	  Recheck Cond: ((k >= 6560561) AND (k <= 6560661))
	  ->  Bitmap Index Scan on k_3  (cost=0.00..5.46 rows=103 width=0)
	        Index Cond: ((k >= 6560561) AND (k <= 6560661))

table 4 : explain SELECT k, c FROM sbtest4 WHERE k BETWEEN 6560561 AND 6560661
	Bitmap Heap Scan on sbtest4  (cost=5.43..389.37 rows=97 width=125)
	  Recheck Cond: ((k >= 6560561) AND (k <= 6560661))
	  ->  Bitmap Index Scan on k_4  (cost=0.00..5.40 rows=97 width=0)
	        Index Cond: ((k >= 6560561) AND (k <= 6560661))

table 5 : explain SELECT k, c FROM sbtest5 WHERE k BETWEEN 6560561 AND 6560661
	Bitmap Heap Scan on sbtest5  (cost=5.47..405.13 rows=101 width=125)
	  Recheck Cond: ((k >= 6560561) AND (k <= 6560661))
	  ->  Bitmap Index Scan on k_5  (cost=0.00..5.44 rows=101 width=0)
	        Index Cond: ((k >= 6560561) AND (k <= 6560661))

table 6 : explain SELECT k, c FROM sbtest6 WHERE k BETWEEN 6560561 AND 6560661
	Bitmap Heap Scan on sbtest6  (cost=5.49..413.00 rows=103 width=125)
	  Recheck Cond: ((k >= 6560561) AND (k <= 6560661))
	  ->  Bitmap Index Scan on k_6  (cost=0.00..5.46 rows=103 width=0)
	        Index Cond: ((k >= 6560561) AND (k <= 6560661))

table 7 : explain SELECT k, c FROM sbtest7 WHERE k BETWEEN 6560561 AND 6560661
	Bitmap Heap Scan on sbtest7  (cost=5.43..389.37 rows=97 width=125)
	  Recheck Cond: ((k >= 6560561) AND (k <= 6560661))
	  ->  Bitmap Index Scan on k_7  (cost=0.00..5.40 rows=97 width=0)
	        Index Cond: ((k >= 6560561) AND (k <= 6560661))

table 8 : explain SELECT k, c FROM sbtest8 WHERE k BETWEEN 6560561 AND 6560661
	Bitmap Heap Scan on sbtest8  (cost=5.44..393.31 rows=98 width=125)
	  Recheck Cond: ((k >= 6560561) AND (k <= 6560661))
	  ->  Bitmap Index Scan on k_8  (cost=0.00..5.42 rows=98 width=0)
	        Index Cond: ((k >= 6560561) AND (k <= 6560661))

for range-notcovered
table 1 : explain SELECT k, c FROM sbtest1 WHERE k BETWEEN 7744276 AND 7744376
	Bitmap Heap Scan on sbtest1  (cost=5.44..393.31 rows=98 width=125)
	  Recheck Cond: ((k >= 7744276) AND (k <= 7744376))
	  ->  Bitmap Index Scan on k_1  (cost=0.00..5.42 rows=98 width=0)
	        Index Cond: ((k >= 7744276) AND (k <= 7744376))

table 2 : explain SELECT k, c FROM sbtest2 WHERE k BETWEEN 7744276 AND 7744376
	Bitmap Heap Scan on sbtest2  (cost=5.51..420.88 rows=105 width=125)
	  Recheck Cond: ((k >= 7744276) AND (k <= 7744376))
	  ->  Bitmap Index Scan on k_2  (cost=0.00..5.48 rows=105 width=0)
	        Index Cond: ((k >= 7744276) AND (k <= 7744376))

table 3 : explain SELECT k, c FROM sbtest3 WHERE k BETWEEN 7744276 AND 7744376
	Bitmap Heap Scan on sbtest3  (cost=5.51..420.88 rows=105 width=125)
	  Recheck Cond: ((k >= 7744276) AND (k <= 7744376))
	  ->  Bitmap Index Scan on k_3  (cost=0.00..5.48 rows=105 width=0)
	        Index Cond: ((k >= 7744276) AND (k <= 7744376))

table 4 : explain SELECT k, c FROM sbtest4 WHERE k BETWEEN 7744276 AND 7744376
	Bitmap Heap Scan on sbtest4  (cost=5.47..405.13 rows=101 width=125)
	  Recheck Cond: ((k >= 7744276) AND (k <= 7744376))
	  ->  Bitmap Index Scan on k_4  (cost=0.00..5.44 rows=101 width=0)
	        Index Cond: ((k >= 7744276) AND (k <= 7744376))

table 5 : explain SELECT k, c FROM sbtest5 WHERE k BETWEEN 7744276 AND 7744376
	Bitmap Heap Scan on sbtest5  (cost=5.48..409.07 rows=102 width=125)
	  Recheck Cond: ((k >= 7744276) AND (k <= 7744376))
	  ->  Bitmap Index Scan on k_5  (cost=0.00..5.45 rows=102 width=0)
	        Index Cond: ((k >= 7744276) AND (k <= 7744376))

table 6 : explain SELECT k, c FROM sbtest6 WHERE k BETWEEN 7744276 AND 7744376
	Bitmap Heap Scan on sbtest6  (cost=5.44..393.31 rows=98 width=125)
	  Recheck Cond: ((k >= 7744276) AND (k <= 7744376))
	  ->  Bitmap Index Scan on k_6  (cost=0.00..5.42 rows=98 width=0)
	        Index Cond: ((k >= 7744276) AND (k <= 7744376))

table 7 : explain SELECT k, c FROM sbtest7 WHERE k BETWEEN 7744276 AND 7744376
	Bitmap Heap Scan on sbtest7  (cost=5.48..409.07 rows=102 width=125)
	  Recheck Cond: ((k >= 7744276) AND (k <= 7744376))
	  ->  Bitmap Index Scan on k_7  (cost=0.00..5.45 rows=102 width=0)
	        Index Cond: ((k >= 7744276) AND (k <= 7744376))

table 8 : explain SELECT k, c FROM sbtest8 WHERE k BETWEEN 7744276 AND 7744376
	Bitmap Heap Scan on sbtest8  (cost=5.47..405.13 rows=101 width=125)
	  Recheck Cond: ((k >= 7744276) AND (k <= 7744376))
	  ->  Bitmap Index Scan on k_8  (cost=0.00..5.44 rows=101 width=0)
	        Index Cond: ((k >= 7744276) AND (k <= 7744376))

explain: for range-notcovered :: explain SELECT k, c FROM sbtest%d WHERE k BETWEEN 6560561 AND 6560661
for range-notcovered
table 1 : explain SELECT k, c FROM sbtest1 WHERE k BETWEEN 4799196 AND 4799296
	Bitmap Heap Scan on sbtest1  (cost=5.49..413.00 rows=103 width=125)
	  Recheck Cond: ((k >= 4799196) AND (k <= 4799296))
	  ->  Bitmap Index Scan on k_1  (cost=0.00..5.46 rows=103 width=0)
	        Index Cond: ((k >= 4799196) AND (k <= 4799296))

table 2 : explain SELECT k, c FROM sbtest2 WHERE k BETWEEN 4799196 AND 4799296
	Bitmap Heap Scan on sbtest2  (cost=5.61..460.22 rows=115 width=125)
	  Recheck Cond: ((k >= 4799196) AND (k <= 4799296))
	  ->  Bitmap Index Scan on k_2  (cost=0.00..5.58 rows=115 width=0)
	        Index Cond: ((k >= 4799196) AND (k <= 4799296))

table 3 : explain SELECT k, c FROM sbtest3 WHERE k BETWEEN 4799196 AND 4799296
	Bitmap Heap Scan on sbtest3  (cost=5.52..424.81 rows=106 width=125)
	  Recheck Cond: ((k >= 4799196) AND (k <= 4799296))
	  ->  Bitmap Index Scan on k_3  (cost=0.00..5.50 rows=106 width=0)
	        Index Cond: ((k >= 4799196) AND (k <= 4799296))

table 4 : explain SELECT k, c FROM sbtest4 WHERE k BETWEEN 4799196 AND 4799296
	Bitmap Heap Scan on sbtest4  (cost=5.37..365.72 rows=91 width=125)
	  Recheck Cond: ((k >= 4799196) AND (k <= 4799296))
	  ->  Bitmap Index Scan on k_4  (cost=0.00..5.34 rows=91 width=0)
	        Index Cond: ((k >= 4799196) AND (k <= 4799296))

table 5 : explain SELECT k, c FROM sbtest5 WHERE k BETWEEN 4799196 AND 4799296
	Bitmap Heap Scan on sbtest5  (cost=5.56..440.56 rows=110 width=125)
	  Recheck Cond: ((k >= 4799196) AND (k <= 4799296))
	  ->  Bitmap Index Scan on k_5  (cost=0.00..5.53 rows=110 width=0)
	        Index Cond: ((k >= 4799196) AND (k <= 4799296))

table 6 : explain SELECT k, c FROM sbtest6 WHERE k BETWEEN 4799196 AND 4799296
	Bitmap Heap Scan on sbtest6  (cost=5.49..413.00 rows=103 width=125)
	  Recheck Cond: ((k >= 4799196) AND (k <= 4799296))
	  ->  Bitmap Index Scan on k_6  (cost=0.00..5.46 rows=103 width=0)
	        Index Cond: ((k >= 4799196) AND (k <= 4799296))

table 7 : explain SELECT k, c FROM sbtest7 WHERE k BETWEEN 4799196 AND 4799296
	Bitmap Heap Scan on sbtest7  (cost=5.45..397.25 rows=99 width=125)
	  Recheck Cond: ((k >= 4799196) AND (k <= 4799296))
	  ->  Bitmap Index Scan on k_7  (cost=0.00..5.42 rows=99 width=0)
	        Index Cond: ((k >= 4799196) AND (k <= 4799296))

table 8 : explain SELECT k, c FROM sbtest8 WHERE k BETWEEN 4799196 AND 4799296
	Bitmap Heap Scan on sbtest8  (cost=5.55..436.62 rows=109 width=125)
	  Recheck Cond: ((k >= 4799196) AND (k <= 4799296))
	  ->  Bitmap Index Scan on k_8  (cost=0.00..5.52 rows=109 width=0)
	        Index Cond: ((k >= 4799196) AND (k <= 4799296))

explain: for range-notcovered :: explain SELECT k, c FROM sbtest%d WHERE k BETWEEN 4799196 AND 4799296
for range-notcovered
table 1 : explain SELECT k, c FROM sbtest1 WHERE k BETWEEN 5407822 AND 5407922
	Bitmap Heap Scan on sbtest1  (cost=5.60..456.29 rows=114 width=125)
	  Recheck Cond: ((k >= 5407822) AND (k <= 5407922))
	  ->  Bitmap Index Scan on k_1  (cost=0.00..5.58 rows=114 width=0)
	        Index Cond: ((k >= 5407822) AND (k <= 5407922))

table 2 : explain SELECT k, c FROM sbtest2 WHERE k BETWEEN 5407822 AND 5407922
	Bitmap Heap Scan on sbtest2  (cost=5.46..401.19 rows=100 width=125)
	  Recheck Cond: ((k >= 5407822) AND (k <= 5407922))
	  ->  Bitmap Index Scan on k_2  (cost=0.00..5.43 rows=100 width=0)
	        Index Cond: ((k >= 5407822) AND (k <= 5407922))

table 3 : explain SELECT k, c FROM sbtest3 WHERE k BETWEEN 5407822 AND 5407922
	Bitmap Heap Scan on sbtest3  (cost=5.60..456.29 rows=114 width=125)
	  Recheck Cond: ((k >= 5407822) AND (k <= 5407922))
	  ->  Bitmap Index Scan on k_3  (cost=0.00..5.58 rows=114 width=0)
	        Index Cond: ((k >= 5407822) AND (k <= 5407922))

table 4 : explain SELECT k, c FROM sbtest4 WHERE k BETWEEN 5407822 AND 5407922
	Bitmap Heap Scan on sbtest4  (cost=5.45..397.25 rows=99 width=125)
	  Recheck Cond: ((k >= 5407822) AND (k <= 5407922))
	  ->  Bitmap Index Scan on k_4  (cost=0.00..5.42 rows=99 width=0)
	        Index Cond: ((k >= 5407822) AND (k <= 5407922))

table 5 : explain SELECT k, c FROM sbtest5 WHERE k BETWEEN 5407822 AND 5407922
	Bitmap Heap Scan on sbtest5  (cost=5.48..409.07 rows=102 width=125)
	  Recheck Cond: ((k >= 5407822) AND (k <= 5407922))
	  ->  Bitmap Index Scan on k_5  (cost=0.00..5.45 rows=102 width=0)
	        Index Cond: ((k >= 5407822) AND (k <= 5407922))

table 6 : explain SELECT k, c FROM sbtest6 WHERE k BETWEEN 5407822 AND 5407922
	Bitmap Heap Scan on sbtest6  (cost=5.48..409.07 rows=102 width=125)
	  Recheck Cond: ((k >= 5407822) AND (k <= 5407922))
	  ->  Bitmap Index Scan on k_6  (cost=0.00..5.45 rows=102 width=0)
	        Index Cond: ((k >= 5407822) AND (k <= 5407922))

table 7 : explain SELECT k, c FROM sbtest7 WHERE k BETWEEN 5407822 AND 5407922
	Bitmap Heap Scan on sbtest7  (cost=5.47..405.13 rows=101 width=125)
	  Recheck Cond: ((k >= 5407822) AND (k <= 5407922))
	  ->  Bitmap Index Scan on k_7  (cost=0.00..5.44 rows=101 width=0)
	        Index Cond: ((k >= 5407822) AND (k <= 5407922))

table 8 : explain SELECT k, c FROM sbtest8 WHERE k BETWEEN 5407822 AND 5407922
	Bitmap Heap Scan on sbtest8  (cost=5.40..377.55 rows=94 width=125)
	  Recheck Cond: ((k >= 5407822) AND (k <= 5407922))
	  ->  Bitmap Index Scan on k_8  (cost=0.00..5.38 rows=94 width=0)
	        Index Cond: ((k >= 5407822) AND (k <= 5407922))

explain: for range-notcovered :: explain SELECT k, c FROM sbtest%d WHERE k BETWEEN 5407822 AND 5407922
for range-notcovered
table 1 : explain SELECT k, c FROM sbtest1 WHERE k BETWEEN 3818268 AND 3818368
	Bitmap Heap Scan on sbtest1  (cost=5.45..397.25 rows=99 width=125)
	  Recheck Cond: ((k >= 3818268) AND (k <= 3818368))
	  ->  Bitmap Index Scan on k_1  (cost=0.00..5.42 rows=99 width=0)
	        Index Cond: ((k >= 3818268) AND (k <= 3818368))

table 2 : explain SELECT k, c FROM sbtest2 WHERE k BETWEEN 3818268 AND 3818368
	Bitmap Heap Scan on sbtest2  (cost=5.52..424.81 rows=106 width=125)
	  Recheck Cond: ((k >= 3818268) AND (k <= 3818368))
	  ->  Bitmap Index Scan on k_2  (cost=0.00..5.50 rows=106 width=0)
	        Index Cond: ((k >= 3818268) AND (k <= 3818368))

table 3 : explain SELECT k, c FROM sbtest3 WHERE k BETWEEN 3818268 AND 3818368
	Bitmap Heap Scan on sbtest3  (cost=5.51..420.88 rows=105 width=125)
	  Recheck Cond: ((k >= 3818268) AND (k <= 3818368))
	  ->  Bitmap Index Scan on k_3  (cost=0.00..5.48 rows=105 width=0)
	        Index Cond: ((k >= 3818268) AND (k <= 3818368))

table 4 : explain SELECT k, c FROM sbtest4 WHERE k BETWEEN 3818268 AND 3818368
	Bitmap Heap Scan on sbtest4  (cost=5.48..409.07 rows=102 width=125)
	  Recheck Cond: ((k >= 3818268) AND (k <= 3818368))
	  ->  Bitmap Index Scan on k_4  (cost=0.00..5.45 rows=102 width=0)
	        Index Cond: ((k >= 3818268) AND (k <= 3818368))

table 5 : explain SELECT k, c FROM sbtest5 WHERE k BETWEEN 3818268 AND 3818368
	Bitmap Heap Scan on sbtest5  (cost=5.43..389.37 rows=97 width=125)
	  Recheck Cond: ((k >= 3818268) AND (k <= 3818368))
	  ->  Bitmap Index Scan on k_5  (cost=0.00..5.40 rows=97 width=0)
	        Index Cond: ((k >= 3818268) AND (k <= 3818368))

table 6 : explain SELECT k, c FROM sbtest6 WHERE k BETWEEN 3818268 AND 3818368
	Bitmap Heap Scan on sbtest6  (cost=5.50..416.94 rows=104 width=125)
	  Recheck Cond: ((k >= 3818268) AND (k <= 3818368))
	  ->  Bitmap Index Scan on k_6  (cost=0.00..5.47 rows=104 width=0)
	        Index Cond: ((k >= 3818268) AND (k <= 3818368))

table 7 : explain SELECT k, c FROM sbtest7 WHERE k BETWEEN 3818268 AND 3818368
	Bitmap Heap Scan on sbtest7  (cost=5.54..432.69 rows=108 width=125)
	  Recheck Cond: ((k >= 3818268) AND (k <= 3818368))
	  ->  Bitmap Index Scan on k_7  (cost=0.00..5.51 rows=108 width=0)
	        Index Cond: ((k >= 3818268) AND (k <= 3818368))

table 8 : explain SELECT k, c FROM sbtest8 WHERE k BETWEEN 3818268 AND 3818368
	Bitmap Heap Scan on sbtest8  (cost=5.37..365.72 rows=91 width=125)
	  Recheck Cond: ((k >= 3818268) AND (k <= 3818368))
	  ->  Bitmap Index Scan on k_8  (cost=0.00..5.34 rows=91 width=0)
	        Index Cond: ((k >= 3818268) AND (k <= 3818368))

for range-notcovered
table 1 : explain SELECT k, c FROM sbtest1 WHERE k BETWEEN 7489019 AND 7489119
	Bitmap Heap Scan on sbtest1  (cost=5.55..436.62 rows=109 width=125)
	  Recheck Cond: ((k >= 7489019) AND (k <= 7489119))
	  ->  Bitmap Index Scan on k_1  (cost=0.00..5.52 rows=109 width=0)
	        Index Cond: ((k >= 7489019) AND (k <= 7489119))

table 2 : explain SELECT k, c FROM sbtest2 WHERE k BETWEEN 7489019 AND 7489119
	Bitmap Heap Scan on sbtest2  (cost=5.57..444.49 rows=111 width=125)
	  Recheck Cond: ((k >= 7489019) AND (k <= 7489119))
	  ->  Bitmap Index Scan on k_2  (cost=0.00..5.54 rows=111 width=0)
	        Index Cond: ((k >= 7489019) AND (k <= 7489119))

table 3 : explain SELECT k, c FROM sbtest3 WHERE k BETWEEN 7489019 AND 7489119
	Bitmap Heap Scan on sbtest3  (cost=5.47..405.13 rows=101 width=125)
	  Recheck Cond: ((k >= 7489019) AND (k <= 7489119))
	  ->  Bitmap Index Scan on k_3  (cost=0.00..5.44 rows=101 width=0)
	        Index Cond: ((k >= 7489019) AND (k <= 7489119))

table 4 : explain SELECT k, c FROM sbtest4 WHERE k BETWEEN 7489019 AND 7489119
	Bitmap Heap Scan on sbtest4  (cost=5.46..401.19 rows=100 width=125)
	  Recheck Cond: ((k >= 7489019) AND (k <= 7489119))
	  ->  Bitmap Index Scan on k_4  (cost=0.00..5.43 rows=100 width=0)
	        Index Cond: ((k >= 7489019) AND (k <= 7489119))

table 5 : explain SELECT k, c FROM sbtest5 WHERE k BETWEEN 7489019 AND 7489119
	Bitmap Heap Scan on sbtest5  (cost=5.41..381.49 rows=95 width=125)
	  Recheck Cond: ((k >= 7489019) AND (k <= 7489119))
	  ->  Bitmap Index Scan on k_5  (cost=0.00..5.38 rows=95 width=0)
	        Index Cond: ((k >= 7489019) AND (k <= 7489119))

table 6 : explain SELECT k, c FROM sbtest6 WHERE k BETWEEN 7489019 AND 7489119
	Bitmap Heap Scan on sbtest6  (cost=5.51..420.88 rows=105 width=125)
	  Recheck Cond: ((k >= 7489019) AND (k <= 7489119))
	  ->  Bitmap Index Scan on k_6  (cost=0.00..5.48 rows=105 width=0)
	        Index Cond: ((k >= 7489019) AND (k <= 7489119))

table 7 : explain SELECT k, c FROM sbtest7 WHERE k BETWEEN 7489019 AND 7489119
	Bitmap Heap Scan on sbtest7  (cost=5.67..479.88 rows=120 width=125)
	  Recheck Cond: ((k >= 7489019) AND (k <= 7489119))
	  ->  Bitmap Index Scan on k_7  (cost=0.00..5.63 rows=120 width=0)
	        Index Cond: ((k >= 7489019) AND (k <= 7489119))

table 8 : explain SELECT k, c FROM sbtest8 WHERE k BETWEEN 7489019 AND 7489119
	Bitmap Heap Scan on sbtest8  (cost=5.40..377.55 rows=94 width=125)
	  Recheck Cond: ((k >= 7489019) AND (k <= 7489119))
	  ->  Bitmap Index Scan on k_8  (cost=0.00..5.38 rows=94 width=0)
	        Index Cond: ((k >= 7489019) AND (k <= 7489119))

for range-notcovered
table 1 : explain SELECT k, c FROM sbtest1 WHERE k BETWEEN 7399472 AND 7399572
	Bitmap Heap Scan on sbtest1  (cost=5.49..413.00 rows=103 width=125)
	  Recheck Cond: ((k >= 7399472) AND (k <= 7399572))
	  ->  Bitmap Index Scan on k_1  (cost=0.00..5.46 rows=103 width=0)
	        Index Cond: ((k >= 7399472) AND (k <= 7399572))

table 2 : explain SELECT k, c FROM sbtest2 WHERE k BETWEEN 7399472 AND 7399572
	Bitmap Heap Scan on sbtest2  (cost=5.45..397.25 rows=99 width=125)
	  Recheck Cond: ((k >= 7399472) AND (k <= 7399572))
	  ->  Bitmap Index Scan on k_2  (cost=0.00..5.42 rows=99 width=0)
	        Index Cond: ((k >= 7399472) AND (k <= 7399572))

table 3 : explain SELECT k, c FROM sbtest3 WHERE k BETWEEN 7399472 AND 7399572
	Bitmap Heap Scan on sbtest3  (cost=5.53..428.75 rows=107 width=125)
	  Recheck Cond: ((k >= 7399472) AND (k <= 7399572))
	  ->  Bitmap Index Scan on k_3  (cost=0.00..5.50 rows=107 width=0)
	        Index Cond: ((k >= 7399472) AND (k <= 7399572))

table 4 : explain SELECT k, c FROM sbtest4 WHERE k BETWEEN 7399472 AND 7399572
	Bitmap Heap Scan on sbtest4  (cost=5.53..428.75 rows=107 width=125)
	  Recheck Cond: ((k >= 7399472) AND (k <= 7399572))
	  ->  Bitmap Index Scan on k_4  (cost=0.00..5.50 rows=107 width=0)
	        Index Cond: ((k >= 7399472) AND (k <= 7399572))

table 5 : explain SELECT k, c FROM sbtest5 WHERE k BETWEEN 7399472 AND 7399572
	Bitmap Heap Scan on sbtest5  (cost=5.42..385.43 rows=96 width=125)
	  Recheck Cond: ((k >= 7399472) AND (k <= 7399572))
	  ->  Bitmap Index Scan on k_5  (cost=0.00..5.39 rows=96 width=0)
	        Index Cond: ((k >= 7399472) AND (k <= 7399572))

table 6 : explain SELECT k, c FROM sbtest6 WHERE k BETWEEN 7399472 AND 7399572
	Bitmap Heap Scan on sbtest6  (cost=5.49..413.00 rows=103 width=125)
	  Recheck Cond: ((k >= 7399472) AND (k <= 7399572))
	  ->  Bitmap Index Scan on k_6  (cost=0.00..5.46 rows=103 width=0)
	        Index Cond: ((k >= 7399472) AND (k <= 7399572))

table 7 : explain SELECT k, c FROM sbtest7 WHERE k BETWEEN 7399472 AND 7399572
	Bitmap Heap Scan on sbtest7  (cost=5.33..349.95 rows=87 width=125)
	  Recheck Cond: ((k >= 7399472) AND (k <= 7399572))
	  ->  Bitmap Index Scan on k_7  (cost=0.00..5.30 rows=87 width=0)
	        Index Cond: ((k >= 7399472) AND (k <= 7399572))

table 8 : explain SELECT k, c FROM sbtest8 WHERE k BETWEEN 7399472 AND 7399572
	Bitmap Heap Scan on sbtest8  (cost=5.62..464.15 rows=116 width=125)
	  Recheck Cond: ((k >= 7399472) AND (k <= 7399572))
	  ->  Bitmap Index Scan on k_8  (cost=0.00..5.59 rows=116 width=0)
	        Index Cond: ((k >= 7399472) AND (k <= 7399572))

for range-notcovered
table 1 : explain SELECT k, c FROM sbtest1 WHERE k BETWEEN 2924930 AND 2925030
	Bitmap Heap Scan on sbtest1  (cost=5.39..373.61 rows=93 width=125)
	  Recheck Cond: ((k >= 2924930) AND (k <= 2925030))
	  ->  Bitmap Index Scan on k_1  (cost=0.00..5.36 rows=93 width=0)
	        Index Cond: ((k >= 2924930) AND (k <= 2925030))

table 2 : explain SELECT k, c FROM sbtest2 WHERE k BETWEEN 2924930 AND 2925030
	Bitmap Heap Scan on sbtest2  (cost=5.50..416.94 rows=104 width=125)
	  Recheck Cond: ((k >= 2924930) AND (k <= 2925030))
	  ->  Bitmap Index Scan on k_2  (cost=0.00..5.47 rows=104 width=0)
	        Index Cond: ((k >= 2924930) AND (k <= 2925030))

table 3 : explain SELECT k, c FROM sbtest3 WHERE k BETWEEN 2924930 AND 2925030
	Bitmap Heap Scan on sbtest3  (cost=5.47..405.13 rows=101 width=125)
	  Recheck Cond: ((k >= 2924930) AND (k <= 2925030))
	  ->  Bitmap Index Scan on k_3  (cost=0.00..5.44 rows=101 width=0)
	        Index Cond: ((k >= 2924930) AND (k <= 2925030))

table 4 : explain SELECT k, c FROM sbtest4 WHERE k BETWEEN 2924930 AND 2925030
	Bitmap Heap Scan on sbtest4  (cost=5.52..424.81 rows=106 width=125)
	  Recheck Cond: ((k >= 2924930) AND (k <= 2925030))
	  ->  Bitmap Index Scan on k_4  (cost=0.00..5.50 rows=106 width=0)
	        Index Cond: ((k >= 2924930) AND (k <= 2925030))

table 5 : explain SELECT k, c FROM sbtest5 WHERE k BETWEEN 2924930 AND 2925030
	Bitmap Heap Scan on sbtest5  (cost=5.50..416.94 rows=104 width=125)
	  Recheck Cond: ((k >= 2924930) AND (k <= 2925030))
	  ->  Bitmap Index Scan on k_5  (cost=0.00..5.47 rows=104 width=0)
	        Index Cond: ((k >= 2924930) AND (k <= 2925030))

table 6 : explain SELECT k, c FROM sbtest6 WHERE k BETWEEN 2924930 AND 2925030
	Bitmap Heap Scan on sbtest6  (cost=5.57..444.49 rows=111 width=125)
	  Recheck Cond: ((k >= 2924930) AND (k <= 2925030))
	  ->  Bitmap Index Scan on k_6  (cost=0.00..5.54 rows=111 width=0)
	        Index Cond: ((k >= 2924930) AND (k <= 2925030))

table 7 : explain SELECT k, c FROM sbtest7 WHERE k BETWEEN 2924930 AND 2925030
	Bitmap Heap Scan on sbtest7  (cost=5.59..452.36 rows=113 width=125)
	  Recheck Cond: ((k >= 2924930) AND (k <= 2925030))
	  ->  Bitmap Index Scan on k_7  (cost=0.00..5.56 rows=113 width=0)
	        Index Cond: ((k >= 2924930) AND (k <= 2925030))

table 8 : explain SELECT k, c FROM sbtest8 WHERE k BETWEEN 2924930 AND 2925030
	Bitmap Heap Scan on sbtest8  (cost=5.49..413.00 rows=103 width=125)
	  Recheck Cond: ((k >= 2924930) AND (k <= 2925030))
	  ->  Bitmap Index Scan on k_8  (cost=0.00..5.46 rows=103 width=0)
	        Index Cond: ((k >= 2924930) AND (k <= 2925030))

explain: for range-notcovered :: explain SELECT k, c FROM sbtest%d WHERE k BETWEEN 7399472 AND 7399572
for range-notcovered
table 1 : explain SELECT k, c FROM sbtest1 WHERE k BETWEEN 6560561 AND 6560661
	Bitmap Heap Scan on sbtest1  (cost=5.49..413.00 rows=103 width=125)
	  Recheck Cond: ((k >= 6560561) AND (k <= 6560661))
	  ->  Bitmap Index Scan on k_1  (cost=0.00..5.46 rows=103 width=0)
	        Index Cond: ((k >= 6560561) AND (k <= 6560661))

table 2 : explain SELECT k, c FROM sbtest2 WHERE k BETWEEN 6560561 AND 6560661
	Bitmap Heap Scan on sbtest2  (cost=5.60..456.29 rows=114 width=125)
	  Recheck Cond: ((k >= 6560561) AND (k <= 6560661))
	  ->  Bitmap Index Scan on k_2  (cost=0.00..5.58 rows=114 width=0)
	        Index Cond: ((k >= 6560561) AND (k <= 6560661))

table 3 : explain SELECT k, c FROM sbtest3 WHERE k BETWEEN 6560561 AND 6560661
	Bitmap Heap Scan on sbtest3  (cost=5.49..413.00 rows=103 width=125)
	  Recheck Cond: ((k >= 6560561) AND (k <= 6560661))
	  ->  Bitmap Index Scan on k_3  (cost=0.00..5.46 rows=103 width=0)
	        Index Cond: ((k >= 6560561) AND (k <= 6560661))

table 4 : explain SELECT k, c FROM sbtest4 WHERE k BETWEEN 6560561 AND 6560661
	Bitmap Heap Scan on sbtest4  (cost=5.43..389.37 rows=97 width=125)
	  Recheck Cond: ((k >= 6560561) AND (k <= 6560661))
	  ->  Bitmap Index Scan on k_4  (cost=0.00..5.40 rows=97 width=0)
	        Index Cond: ((k >= 6560561) AND (k <= 6560661))

table 5 : explain SELECT k, c FROM sbtest5 WHERE k BETWEEN 6560561 AND 6560661
	Bitmap Heap Scan on sbtest5  (cost=5.47..405.13 rows=101 width=125)
	  Recheck Cond: ((k >= 6560561) AND (k <= 6560661))
	  ->  Bitmap Index Scan on k_5  (cost=0.00..5.44 rows=101 width=0)
	        Index Cond: ((k >= 6560561) AND (k <= 6560661))

table 6 : explain SELECT k, c FROM sbtest6 WHERE k BETWEEN 6560561 AND 6560661
	Bitmap Heap Scan on sbtest6  (cost=5.49..413.00 rows=103 width=125)
	  Recheck Cond: ((k >= 6560561) AND (k <= 6560661))
	  ->  Bitmap Index Scan on k_6  (cost=0.00..5.46 rows=103 width=0)
	        Index Cond: ((k >= 6560561) AND (k <= 6560661))

table 7 : explain SELECT k, c FROM sbtest7 WHERE k BETWEEN 6560561 AND 6560661
	Bitmap Heap Scan on sbtest7  (cost=5.43..389.37 rows=97 width=125)
	  Recheck Cond: ((k >= 6560561) AND (k <= 6560661))
	  ->  Bitmap Index Scan on k_7  (cost=0.00..5.40 rows=97 width=0)
	        Index Cond: ((k >= 6560561) AND (k <= 6560661))

table 8 : explain SELECT k, c FROM sbtest8 WHERE k BETWEEN 6560561 AND 6560661
	Bitmap Heap Scan on sbtest8  (cost=5.44..393.31 rows=98 width=125)
	  Recheck Cond: ((k >= 6560561) AND (k <= 6560661))
	  ->  Bitmap Index Scan on k_8  (cost=0.00..5.42 rows=98 width=0)
	        Index Cond: ((k >= 6560561) AND (k <= 6560661))

explain: for range-notcovered :: explain SELECT k, c FROM sbtest%d WHERE k BETWEEN 6560561 AND 6560661
for range-notcovered
table 1 : explain SELECT k, c FROM sbtest1 WHERE k BETWEEN 5407822 AND 5407922
	Bitmap Heap Scan on sbtest1  (cost=5.60..456.29 rows=114 width=125)
	  Recheck Cond: ((k >= 5407822) AND (k <= 5407922))
	  ->  Bitmap Index Scan on k_1  (cost=0.00..5.58 rows=114 width=0)
	        Index Cond: ((k >= 5407822) AND (k <= 5407922))

table 2 : explain SELECT k, c FROM sbtest2 WHERE k BETWEEN 5407822 AND 5407922
	Bitmap Heap Scan on sbtest2  (cost=5.46..401.19 rows=100 width=125)
	  Recheck Cond: ((k >= 5407822) AND (k <= 5407922))
	  ->  Bitmap Index Scan on k_2  (cost=0.00..5.43 rows=100 width=0)
	        Index Cond: ((k >= 5407822) AND (k <= 5407922))

table 3 : explain SELECT k, c FROM sbtest3 WHERE k BETWEEN 5407822 AND 5407922
	Bitmap Heap Scan on sbtest3  (cost=5.60..456.29 rows=114 width=125)
	  Recheck Cond: ((k >= 5407822) AND (k <= 5407922))
	  ->  Bitmap Index Scan on k_3  (cost=0.00..5.58 rows=114 width=0)
	        Index Cond: ((k >= 5407822) AND (k <= 5407922))

table 4 : explain SELECT k, c FROM sbtest4 WHERE k BETWEEN 5407822 AND 5407922
	Bitmap Heap Scan on sbtest4  (cost=5.45..397.25 rows=99 width=125)
	  Recheck Cond: ((k >= 5407822) AND (k <= 5407922))
	  ->  Bitmap Index Scan on k_4  (cost=0.00..5.42 rows=99 width=0)
	        Index Cond: ((k >= 5407822) AND (k <= 5407922))

table 5 : explain SELECT k, c FROM sbtest5 WHERE k BETWEEN 5407822 AND 5407922
	Bitmap Heap Scan on sbtest5  (cost=5.48..409.07 rows=102 width=125)
	  Recheck Cond: ((k >= 5407822) AND (k <= 5407922))
	  ->  Bitmap Index Scan on k_5  (cost=0.00..5.45 rows=102 width=0)
	        Index Cond: ((k >= 5407822) AND (k <= 5407922))

table 6 : explain SELECT k, c FROM sbtest6 WHERE k BETWEEN 5407822 AND 5407922
	Bitmap Heap Scan on sbtest6  (cost=5.48..409.07 rows=102 width=125)
	  Recheck Cond: ((k >= 5407822) AND (k <= 5407922))
	  ->  Bitmap Index Scan on k_6  (cost=0.00..5.45 rows=102 width=0)
	        Index Cond: ((k >= 5407822) AND (k <= 5407922))

table 7 : explain SELECT k, c FROM sbtest7 WHERE k BETWEEN 5407822 AND 5407922
	Bitmap Heap Scan on sbtest7  (cost=5.47..405.13 rows=101 width=125)
	  Recheck Cond: ((k >= 5407822) AND (k <= 5407922))
	  ->  Bitmap Index Scan on k_7  (cost=0.00..5.44 rows=101 width=0)
	        Index Cond: ((k >= 5407822) AND (k <= 5407922))

table 8 : explain SELECT k, c FROM sbtest8 WHERE k BETWEEN 5407822 AND 5407922
	Bitmap Heap Scan on sbtest8  (cost=5.40..377.55 rows=94 width=125)
	  Recheck Cond: ((k >= 5407822) AND (k <= 5407922))
	  ->  Bitmap Index Scan on k_8  (cost=0.00..5.38 rows=94 width=0)
	        Index Cond: ((k >= 5407822) AND (k <= 5407922))

explain: for range-notcovered :: explain SELECT k, c FROM sbtest%d WHERE k BETWEEN 5407822 AND 5407922
explain: for range-notcovered :: explain SELECT k, c FROM sbtest%d WHERE k BETWEEN 2924930 AND 2925030
explain: for range-notcovered :: explain SELECT k, c FROM sbtest%d WHERE k BETWEEN 5675082 AND 5675182
explain: for range-notcovered :: explain SELECT k, c FROM sbtest%d WHERE k BETWEEN 4091589 AND 4091689
for range-notcovered
table 1 : explain SELECT k, c FROM sbtest1 WHERE k BETWEEN 7399472 AND 7399572
	Bitmap Heap Scan on sbtest1  (cost=5.49..413.00 rows=103 width=125)
	  Recheck Cond: ((k >= 7399472) AND (k <= 7399572))
	  ->  Bitmap Index Scan on k_1  (cost=0.00..5.46 rows=103 width=0)
	        Index Cond: ((k >= 7399472) AND (k <= 7399572))

table 2 : explain SELECT k, c FROM sbtest2 WHERE k BETWEEN 7399472 AND 7399572
	Bitmap Heap Scan on sbtest2  (cost=5.45..397.25 rows=99 width=125)
	  Recheck Cond: ((k >= 7399472) AND (k <= 7399572))
	  ->  Bitmap Index Scan on k_2  (cost=0.00..5.42 rows=99 width=0)
	        Index Cond: ((k >= 7399472) AND (k <= 7399572))

table 3 : explain SELECT k, c FROM sbtest3 WHERE k BETWEEN 7399472 AND 7399572
	Bitmap Heap Scan on sbtest3  (cost=5.53..428.75 rows=107 width=125)
	  Recheck Cond: ((k >= 7399472) AND (k <= 7399572))
	  ->  Bitmap Index Scan on k_3  (cost=0.00..5.50 rows=107 width=0)
	        Index Cond: ((k >= 7399472) AND (k <= 7399572))

table 4 : explain SELECT k, c FROM sbtest4 WHERE k BETWEEN 7399472 AND 7399572
	Bitmap Heap Scan on sbtest4  (cost=5.53..428.75 rows=107 width=125)
	  Recheck Cond: ((k >= 7399472) AND (k <= 7399572))
	  ->  Bitmap Index Scan on k_4  (cost=0.00..5.50 rows=107 width=0)
	        Index Cond: ((k >= 7399472) AND (k <= 7399572))

table 5 : explain SELECT k, c FROM sbtest5 WHERE k BETWEEN 7399472 AND 7399572
	Bitmap Heap Scan on sbtest5  (cost=5.42..385.43 rows=96 width=125)
	  Recheck Cond: ((k >= 7399472) AND (k <= 7399572))
	  ->  Bitmap Index Scan on k_5  (cost=0.00..5.39 rows=96 width=0)
	        Index Cond: ((k >= 7399472) AND (k <= 7399572))

table 6 : explain SELECT k, c FROM sbtest6 WHERE k BETWEEN 7399472 AND 7399572
	Bitmap Heap Scan on sbtest6  (cost=5.49..413.00 rows=103 width=125)
	  Recheck Cond: ((k >= 7399472) AND (k <= 7399572))
	  ->  Bitmap Index Scan on k_6  (cost=0.00..5.46 rows=103 width=0)
	        Index Cond: ((k >= 7399472) AND (k <= 7399572))

table 7 : explain SELECT k, c FROM sbtest7 WHERE k BETWEEN 7399472 AND 7399572
	Bitmap Heap Scan on sbtest7  (cost=5.33..349.95 rows=87 width=125)
	  Recheck Cond: ((k >= 7399472) AND (k <= 7399572))
	  ->  Bitmap Index Scan on k_7  (cost=0.00..5.30 rows=87 width=0)
	        Index Cond: ((k >= 7399472) AND (k <= 7399572))

table 8 : explain SELECT k, c FROM sbtest8 WHERE k BETWEEN 7399472 AND 7399572
	Bitmap Heap Scan on sbtest8  (cost=5.62..464.15 rows=116 width=125)
	  Recheck Cond: ((k >= 7399472) AND (k <= 7399572))
	  ->  Bitmap Index Scan on k_8  (cost=0.00..5.59 rows=116 width=0)
	        Index Cond: ((k >= 7399472) AND (k <= 7399572))

for range-notcovered
table 1 : explain SELECT k, c FROM sbtest1 WHERE k BETWEEN 6560561 AND 6560661
	Bitmap Heap Scan on sbtest1  (cost=5.49..413.00 rows=103 width=125)
	  Recheck Cond: ((k >= 6560561) AND (k <= 6560661))
	  ->  Bitmap Index Scan on k_1  (cost=0.00..5.46 rows=103 width=0)
	        Index Cond: ((k >= 6560561) AND (k <= 6560661))

table 2 : explain SELECT k, c FROM sbtest2 WHERE k BETWEEN 6560561 AND 6560661
	Bitmap Heap Scan on sbtest2  (cost=5.60..456.29 rows=114 width=125)
	  Recheck Cond: ((k >= 6560561) AND (k <= 6560661))
	  ->  Bitmap Index Scan on k_2  (cost=0.00..5.58 rows=114 width=0)
	        Index Cond: ((k >= 6560561) AND (k <= 6560661))

table 3 : explain SELECT k, c FROM sbtest3 WHERE k BETWEEN 6560561 AND 6560661
	Bitmap Heap Scan on sbtest3  (cost=5.49..413.00 rows=103 width=125)
	  Recheck Cond: ((k >= 6560561) AND (k <= 6560661))
	  ->  Bitmap Index Scan on k_3  (cost=0.00..5.46 rows=103 width=0)
	        Index Cond: ((k >= 6560561) AND (k <= 6560661))

table 4 : explain SELECT k, c FROM sbtest4 WHERE k BETWEEN 6560561 AND 6560661
	Bitmap Heap Scan on sbtest4  (cost=5.43..389.37 rows=97 width=125)
	  Recheck Cond: ((k >= 6560561) AND (k <= 6560661))
	  ->  Bitmap Index Scan on k_4  (cost=0.00..5.40 rows=97 width=0)
	        Index Cond: ((k >= 6560561) AND (k <= 6560661))

table 5 : explain SELECT k, c FROM sbtest5 WHERE k BETWEEN 6560561 AND 6560661
	Bitmap Heap Scan on sbtest5  (cost=5.47..405.13 rows=101 width=125)
	  Recheck Cond: ((k >= 6560561) AND (k <= 6560661))
	  ->  Bitmap Index Scan on k_5  (cost=0.00..5.44 rows=101 width=0)
	        Index Cond: ((k >= 6560561) AND (k <= 6560661))

table 6 : explain SELECT k, c FROM sbtest6 WHERE k BETWEEN 6560561 AND 6560661
	Bitmap Heap Scan on sbtest6  (cost=5.49..413.00 rows=103 width=125)
	  Recheck Cond: ((k >= 6560561) AND (k <= 6560661))
	  ->  Bitmap Index Scan on k_6  (cost=0.00..5.46 rows=103 width=0)
	        Index Cond: ((k >= 6560561) AND (k <= 6560661))

table 7 : explain SELECT k, c FROM sbtest7 WHERE k BETWEEN 6560561 AND 6560661
	Bitmap Heap Scan on sbtest7  (cost=5.43..389.37 rows=97 width=125)
	  Recheck Cond: ((k >= 6560561) AND (k <= 6560661))
	  ->  Bitmap Index Scan on k_7  (cost=0.00..5.40 rows=97 width=0)
	        Index Cond: ((k >= 6560561) AND (k <= 6560661))

table 8 : explain SELECT k, c FROM sbtest8 WHERE k BETWEEN 6560561 AND 6560661
	Bitmap Heap Scan on sbtest8  (cost=5.44..393.31 rows=98 width=125)
	  Recheck Cond: ((k >= 6560561) AND (k <= 6560661))
	  ->  Bitmap Index Scan on k_8  (cost=0.00..5.42 rows=98 width=0)
	        Index Cond: ((k >= 6560561) AND (k <= 6560661))

for range-notcovered
table 1 : explain SELECT k, c FROM sbtest1 WHERE k BETWEEN 3670230 AND 3670330
	Bitmap Heap Scan on sbtest1  (cost=5.48..409.07 rows=102 width=125)
	  Recheck Cond: ((k >= 3670230) AND (k <= 3670330))
	  ->  Bitmap Index Scan on k_1  (cost=0.00..5.45 rows=102 width=0)
	        Index Cond: ((k >= 3670230) AND (k <= 3670330))

table 2 : explain SELECT k, c FROM sbtest2 WHERE k BETWEEN 3670230 AND 3670330
	Bitmap Heap Scan on sbtest2  (cost=5.47..405.13 rows=101 width=125)
	  Recheck Cond: ((k >= 3670230) AND (k <= 3670330))
	  ->  Bitmap Index Scan on k_2  (cost=0.00..5.44 rows=101 width=0)
	        Index Cond: ((k >= 3670230) AND (k <= 3670330))

table 3 : explain SELECT k, c FROM sbtest3 WHERE k BETWEEN 3670230 AND 3670330
	Bitmap Heap Scan on sbtest3  (cost=5.58..448.42 rows=112 width=125)
	  Recheck Cond: ((k >= 3670230) AND (k <= 3670330))
	  ->  Bitmap Index Scan on k_3  (cost=0.00..5.55 rows=112 width=0)
	        Index Cond: ((k >= 3670230) AND (k <= 3670330))

table 4 : explain SELECT k, c FROM sbtest4 WHERE k BETWEEN 3670230 AND 3670330
	Bitmap Heap Scan on sbtest4  (cost=5.60..456.29 rows=114 width=125)
	  Recheck Cond: ((k >= 3670230) AND (k <= 3670330))
	  ->  Bitmap Index Scan on k_4  (cost=0.00..5.58 rows=114 width=0)
	        Index Cond: ((k >= 3670230) AND (k <= 3670330))

table 5 : explain SELECT k, c FROM sbtest5 WHERE k BETWEEN 3670230 AND 3670330
	Bitmap Heap Scan on sbtest5  (cost=5.39..373.61 rows=93 width=125)
	  Recheck Cond: ((k >= 3670230) AND (k <= 3670330))
	  ->  Bitmap Index Scan on k_5  (cost=0.00..5.36 rows=93 width=0)
	        Index Cond: ((k >= 3670230) AND (k <= 3670330))

table 6 : explain SELECT k, c FROM sbtest6 WHERE k BETWEEN 3670230 AND 3670330
	Bitmap Heap Scan on sbtest6  (cost=5.48..409.07 rows=102 width=125)
	  Recheck Cond: ((k >= 3670230) AND (k <= 3670330))
	  ->  Bitmap Index Scan on k_6  (cost=0.00..5.45 rows=102 width=0)
	        Index Cond: ((k >= 3670230) AND (k <= 3670330))

table 7 : explain SELECT k, c FROM sbtest7 WHERE k BETWEEN 3670230 AND 3670330
	Bitmap Heap Scan on sbtest7  (cost=5.53..428.75 rows=107 width=125)
	  Recheck Cond: ((k >= 3670230) AND (k <= 3670330))
	  ->  Bitmap Index Scan on k_7  (cost=0.00..5.50 rows=107 width=0)
	        Index Cond: ((k >= 3670230) AND (k <= 3670330))

table 8 : explain SELECT k, c FROM sbtest8 WHERE k BETWEEN 3670230 AND 3670330
	Bitmap Heap Scan on sbtest8  (cost=5.49..413.00 rows=103 width=125)
	  Recheck Cond: ((k >= 3670230) AND (k <= 3670330))
	  ->  Bitmap Index Scan on k_8  (cost=0.00..5.46 rows=103 width=0)
	        Index Cond: ((k >= 3670230) AND (k <= 3670330))

explain: for range-notcovered :: explain SELECT k, c FROM sbtest%d WHERE k BETWEEN 6560561 AND 6560661
explain: for range-notcovered :: explain SELECT k, c FROM sbtest%d WHERE k BETWEEN 3670230 AND 3670330
explain: for range-notcovered :: explain SELECT k, c FROM sbtest%d WHERE k BETWEEN 7399472 AND 7399572
for range-notcovered
table 1 : explain SELECT k, c FROM sbtest1 WHERE k BETWEEN 5407822 AND 5407922
	Bitmap Heap Scan on sbtest1  (cost=5.60..456.29 rows=114 width=125)
	  Recheck Cond: ((k >= 5407822) AND (k <= 5407922))
	  ->  Bitmap Index Scan on k_1  (cost=0.00..5.58 rows=114 width=0)
	        Index Cond: ((k >= 5407822) AND (k <= 5407922))

table 2 : explain SELECT k, c FROM sbtest2 WHERE k BETWEEN 5407822 AND 5407922
	Bitmap Heap Scan on sbtest2  (cost=5.46..401.19 rows=100 width=125)
	  Recheck Cond: ((k >= 5407822) AND (k <= 5407922))
	  ->  Bitmap Index Scan on k_2  (cost=0.00..5.43 rows=100 width=0)
	        Index Cond: ((k >= 5407822) AND (k <= 5407922))

table 3 : explain SELECT k, c FROM sbtest3 WHERE k BETWEEN 5407822 AND 5407922
	Bitmap Heap Scan on sbtest3  (cost=5.60..456.29 rows=114 width=125)
	  Recheck Cond: ((k >= 5407822) AND (k <= 5407922))
	  ->  Bitmap Index Scan on k_3  (cost=0.00..5.58 rows=114 width=0)
	        Index Cond: ((k >= 5407822) AND (k <= 5407922))

table 4 : explain SELECT k, c FROM sbtest4 WHERE k BETWEEN 5407822 AND 5407922
	Bitmap Heap Scan on sbtest4  (cost=5.45..397.25 rows=99 width=125)
	  Recheck Cond: ((k >= 5407822) AND (k <= 5407922))
	  ->  Bitmap Index Scan on k_4  (cost=0.00..5.42 rows=99 width=0)
	        Index Cond: ((k >= 5407822) AND (k <= 5407922))

table 5 : explain SELECT k, c FROM sbtest5 WHERE k BETWEEN 5407822 AND 5407922
	Bitmap Heap Scan on sbtest5  (cost=5.48..409.07 rows=102 width=125)
	  Recheck Cond: ((k >= 5407822) AND (k <= 5407922))
	  ->  Bitmap Index Scan on k_5  (cost=0.00..5.45 rows=102 width=0)
	        Index Cond: ((k >= 5407822) AND (k <= 5407922))

table 6 : explain SELECT k, c FROM sbtest6 WHERE k BETWEEN 5407822 AND 5407922
	Bitmap Heap Scan on sbtest6  (cost=5.48..409.07 rows=102 width=125)
	  Recheck Cond: ((k >= 5407822) AND (k <= 5407922))
	  ->  Bitmap Index Scan on k_6  (cost=0.00..5.45 rows=102 width=0)
	        Index Cond: ((k >= 5407822) AND (k <= 5407922))

table 7 : explain SELECT k, c FROM sbtest7 WHERE k BETWEEN 5407822 AND 5407922
	Bitmap Heap Scan on sbtest7  (cost=5.47..405.13 rows=101 width=125)
	  Recheck Cond: ((k >= 5407822) AND (k <= 5407922))
	  ->  Bitmap Index Scan on k_7  (cost=0.00..5.44 rows=101 width=0)
	        Index Cond: ((k >= 5407822) AND (k <= 5407922))

table 8 : explain SELECT k, c FROM sbtest8 WHERE k BETWEEN 5407822 AND 5407922
	Bitmap Heap Scan on sbtest8  (cost=5.40..377.55 rows=94 width=125)
	  Recheck Cond: ((k >= 5407822) AND (k <= 5407922))
	  ->  Bitmap Index Scan on k_8  (cost=0.00..5.38 rows=94 width=0)
	        Index Cond: ((k >= 5407822) AND (k <= 5407922))

explain: for range-notcovered :: explain SELECT k, c FROM sbtest%d WHERE k BETWEEN 5407822 AND 5407922
for range-notcovered
table 1 : explain SELECT k, c FROM sbtest1 WHERE k BETWEEN 6560561 AND 6560661
	Bitmap Heap Scan on sbtest1  (cost=5.49..413.00 rows=103 width=125)
	  Recheck Cond: ((k >= 6560561) AND (k <= 6560661))
	  ->  Bitmap Index Scan on k_1  (cost=0.00..5.46 rows=103 width=0)
	        Index Cond: ((k >= 6560561) AND (k <= 6560661))

table 2 : explain SELECT k, c FROM sbtest2 WHERE k BETWEEN 6560561 AND 6560661
	Bitmap Heap Scan on sbtest2  (cost=5.60..456.29 rows=114 width=125)
	  Recheck Cond: ((k >= 6560561) AND (k <= 6560661))
	  ->  Bitmap Index Scan on k_2  (cost=0.00..5.58 rows=114 width=0)
	        Index Cond: ((k >= 6560561) AND (k <= 6560661))

table 3 : explain SELECT k, c FROM sbtest3 WHERE k BETWEEN 6560561 AND 6560661
	Bitmap Heap Scan on sbtest3  (cost=5.49..413.00 rows=103 width=125)
	  Recheck Cond: ((k >= 6560561) AND (k <= 6560661))
	  ->  Bitmap Index Scan on k_3  (cost=0.00..5.46 rows=103 width=0)
	        Index Cond: ((k >= 6560561) AND (k <= 6560661))

table 4 : explain SELECT k, c FROM sbtest4 WHERE k BETWEEN 6560561 AND 6560661
	Bitmap Heap Scan on sbtest4  (cost=5.43..389.37 rows=97 width=125)
	  Recheck Cond: ((k >= 6560561) AND (k <= 6560661))
	  ->  Bitmap Index Scan on k_4  (cost=0.00..5.40 rows=97 width=0)
	        Index Cond: ((k >= 6560561) AND (k <= 6560661))

table 5 : explain SELECT k, c FROM sbtest5 WHERE k BETWEEN 6560561 AND 6560661
	Bitmap Heap Scan on sbtest5  (cost=5.47..405.13 rows=101 width=125)
	  Recheck Cond: ((k >= 6560561) AND (k <= 6560661))
	  ->  Bitmap Index Scan on k_5  (cost=0.00..5.44 rows=101 width=0)
	        Index Cond: ((k >= 6560561) AND (k <= 6560661))

table 6 : explain SELECT k, c FROM sbtest6 WHERE k BETWEEN 6560561 AND 6560661
	Bitmap Heap Scan on sbtest6  (cost=5.49..413.00 rows=103 width=125)
	  Recheck Cond: ((k >= 6560561) AND (k <= 6560661))
	  ->  Bitmap Index Scan on k_6  (cost=0.00..5.46 rows=103 width=0)
	        Index Cond: ((k >= 6560561) AND (k <= 6560661))

table 7 : explain SELECT k, c FROM sbtest7 WHERE k BETWEEN 6560561 AND 6560661
	Bitmap Heap Scan on sbtest7  (cost=5.43..389.37 rows=97 width=125)
	  Recheck Cond: ((k >= 6560561) AND (k <= 6560661))
	  ->  Bitmap Index Scan on k_7  (cost=0.00..5.40 rows=97 width=0)
	        Index Cond: ((k >= 6560561) AND (k <= 6560661))

table 8 : explain SELECT k, c FROM sbtest8 WHERE k BETWEEN 6560561 AND 6560661
	Bitmap Heap Scan on sbtest8  (cost=5.44..393.31 rows=98 width=125)
	  Recheck Cond: ((k >= 6560561) AND (k <= 6560661))
	  ->  Bitmap Index Scan on k_8  (cost=0.00..5.42 rows=98 width=0)
	        Index Cond: ((k >= 6560561) AND (k <= 6560661))

explain: for range-notcovered :: explain SELECT k, c FROM sbtest%d WHERE k BETWEEN 6560561 AND 6560661
for range-notcovered
table 1 : explain SELECT k, c FROM sbtest1 WHERE k BETWEEN 5407822 AND 5407922
	Bitmap Heap Scan on sbtest1  (cost=5.60..456.29 rows=114 width=125)
	  Recheck Cond: ((k >= 5407822) AND (k <= 5407922))
	  ->  Bitmap Index Scan on k_1  (cost=0.00..5.58 rows=114 width=0)
	        Index Cond: ((k >= 5407822) AND (k <= 5407922))

table 2 : explain SELECT k, c FROM sbtest2 WHERE k BETWEEN 5407822 AND 5407922
	Bitmap Heap Scan on sbtest2  (cost=5.46..401.19 rows=100 width=125)
	  Recheck Cond: ((k >= 5407822) AND (k <= 5407922))
	  ->  Bitmap Index Scan on k_2  (cost=0.00..5.43 rows=100 width=0)
	        Index Cond: ((k >= 5407822) AND (k <= 5407922))

table 3 : explain SELECT k, c FROM sbtest3 WHERE k BETWEEN 5407822 AND 5407922
	Bitmap Heap Scan on sbtest3  (cost=5.60..456.29 rows=114 width=125)
	  Recheck Cond: ((k >= 5407822) AND (k <= 5407922))
	  ->  Bitmap Index Scan on k_3  (cost=0.00..5.58 rows=114 width=0)
	        Index Cond: ((k >= 5407822) AND (k <= 5407922))

table 4 : explain SELECT k, c FROM sbtest4 WHERE k BETWEEN 5407822 AND 5407922
	Bitmap Heap Scan on sbtest4  (cost=5.45..397.25 rows=99 width=125)
	  Recheck Cond: ((k >= 5407822) AND (k <= 5407922))
	  ->  Bitmap Index Scan on k_4  (cost=0.00..5.42 rows=99 width=0)
	        Index Cond: ((k >= 5407822) AND (k <= 5407922))

table 5 : explain SELECT k, c FROM sbtest5 WHERE k BETWEEN 5407822 AND 5407922
	Bitmap Heap Scan on sbtest5  (cost=5.48..409.07 rows=102 width=125)
	  Recheck Cond: ((k >= 5407822) AND (k <= 5407922))
	  ->  Bitmap Index Scan on k_5  (cost=0.00..5.45 rows=102 width=0)
	        Index Cond: ((k >= 5407822) AND (k <= 5407922))

table 6 : explain SELECT k, c FROM sbtest6 WHERE k BETWEEN 5407822 AND 5407922
	Bitmap Heap Scan on sbtest6  (cost=5.48..409.07 rows=102 width=125)
	  Recheck Cond: ((k >= 5407822) AND (k <= 5407922))
	  ->  Bitmap Index Scan on k_6  (cost=0.00..5.45 rows=102 width=0)
	        Index Cond: ((k >= 5407822) AND (k <= 5407922))

table 7 : explain SELECT k, c FROM sbtest7 WHERE k BETWEEN 5407822 AND 5407922
	Bitmap Heap Scan on sbtest7  (cost=5.47..405.13 rows=101 width=125)
	  Recheck Cond: ((k >= 5407822) AND (k <= 5407922))
	  ->  Bitmap Index Scan on k_7  (cost=0.00..5.44 rows=101 width=0)
	        Index Cond: ((k >= 5407822) AND (k <= 5407922))

table 8 : explain SELECT k, c FROM sbtest8 WHERE k BETWEEN 5407822 AND 5407922
	Bitmap Heap Scan on sbtest8  (cost=5.40..377.55 rows=94 width=125)
	  Recheck Cond: ((k >= 5407822) AND (k <= 5407922))
	  ->  Bitmap Index Scan on k_8  (cost=0.00..5.38 rows=94 width=0)
	        Index Cond: ((k >= 5407822) AND (k <= 5407922))

explain: for range-notcovered :: explain SELECT k, c FROM sbtest%d WHERE k BETWEEN 5407822 AND 5407922
explain: for range-notcovered :: explain SELECT k, c FROM sbtest%d WHERE k BETWEEN 8193714 AND 8193814
for range-notcovered
table 1 : explain SELECT k, c FROM sbtest1 WHERE k BETWEEN 3918120 AND 3918220
	Bitmap Heap Scan on sbtest1  (cost=5.55..436.62 rows=109 width=125)
	  Recheck Cond: ((k >= 3918120) AND (k <= 3918220))
	  ->  Bitmap Index Scan on k_1  (cost=0.00..5.52 rows=109 width=0)
	        Index Cond: ((k >= 3918120) AND (k <= 3918220))

table 2 : explain SELECT k, c FROM sbtest2 WHERE k BETWEEN 3918120 AND 3918220
	Bitmap Heap Scan on sbtest2  (cost=5.46..401.19 rows=100 width=125)
	  Recheck Cond: ((k >= 3918120) AND (k <= 3918220))
	  ->  Bitmap Index Scan on k_2  (cost=0.00..5.43 rows=100 width=0)
	        Index Cond: ((k >= 3918120) AND (k <= 3918220))

table 3 : explain SELECT k, c FROM sbtest3 WHERE k BETWEEN 3918120 AND 3918220
	Bitmap Heap Scan on sbtest3  (cost=5.41..381.49 rows=95 width=125)
	  Recheck Cond: ((k >= 3918120) AND (k <= 3918220))
	  ->  Bitmap Index Scan on k_3  (cost=0.00..5.38 rows=95 width=0)
	        Index Cond: ((k >= 3918120) AND (k <= 3918220))

table 4 : explain SELECT k, c FROM sbtest4 WHERE k BETWEEN 3918120 AND 3918220
	Bitmap Heap Scan on sbtest4  (cost=5.54..432.69 rows=108 width=125)
	  Recheck Cond: ((k >= 3918120) AND (k <= 3918220))
	  ->  Bitmap Index Scan on k_4  (cost=0.00..5.51 rows=108 width=0)
	        Index Cond: ((k >= 3918120) AND (k <= 3918220))

table 5 : explain SELECT k, c FROM sbtest5 WHERE k BETWEEN 3918120 AND 3918220
	Bitmap Heap Scan on sbtest5  (cost=5.49..413.00 rows=103 width=125)
	  Recheck Cond: ((k >= 3918120) AND (k <= 3918220))
	  ->  Bitmap Index Scan on k_5  (cost=0.00..5.46 rows=103 width=0)
	        Index Cond: ((k >= 3918120) AND (k <= 3918220))

table 6 : explain SELECT k, c FROM sbtest6 WHERE k BETWEEN 3918120 AND 3918220
	Bitmap Heap Scan on sbtest6  (cost=5.44..393.31 rows=98 width=125)
	  Recheck Cond: ((k >= 3918120) AND (k <= 3918220))
	  ->  Bitmap Index Scan on k_6  (cost=0.00..5.42 rows=98 width=0)
	        Index Cond: ((k >= 3918120) AND (k <= 3918220))

table 7 : explain SELECT k, c FROM sbtest7 WHERE k BETWEEN 3918120 AND 3918220
	Bitmap Heap Scan on sbtest7  (cost=5.42..385.43 rows=96 width=125)
	  Recheck Cond: ((k >= 3918120) AND (k <= 3918220))
	  ->  Bitmap Index Scan on k_7  (cost=0.00..5.39 rows=96 width=0)
	        Index Cond: ((k >= 3918120) AND (k <= 3918220))

table 8 : explain SELECT k, c FROM sbtest8 WHERE k BETWEEN 3918120 AND 3918220
	Bitmap Heap Scan on sbtest8  (cost=5.46..401.19 rows=100 width=125)
	  Recheck Cond: ((k >= 3918120) AND (k <= 3918220))
	  ->  Bitmap Index Scan on k_8  (cost=0.00..5.43 rows=100 width=0)
	        Index Cond: ((k >= 3918120) AND (k <= 3918220))

explain: for range-notcovered :: explain SELECT k, c FROM sbtest%d WHERE k BETWEEN 711626 AND 711726
for range-notcovered
table 1 : explain SELECT k, c FROM sbtest1 WHERE k BETWEEN 6560561 AND 6560661
	Bitmap Heap Scan on sbtest1  (cost=5.49..413.00 rows=103 width=125)
	  Recheck Cond: ((k >= 6560561) AND (k <= 6560661))
	  ->  Bitmap Index Scan on k_1  (cost=0.00..5.46 rows=103 width=0)
	        Index Cond: ((k >= 6560561) AND (k <= 6560661))

table 2 : explain SELECT k, c FROM sbtest2 WHERE k BETWEEN 6560561 AND 6560661
	Bitmap Heap Scan on sbtest2  (cost=5.60..456.29 rows=114 width=125)
	  Recheck Cond: ((k >= 6560561) AND (k <= 6560661))
	  ->  Bitmap Index Scan on k_2  (cost=0.00..5.58 rows=114 width=0)
	        Index Cond: ((k >= 6560561) AND (k <= 6560661))

table 3 : explain SELECT k, c FROM sbtest3 WHERE k BETWEEN 6560561 AND 6560661
	Bitmap Heap Scan on sbtest3  (cost=5.49..413.00 rows=103 width=125)
	  Recheck Cond: ((k >= 6560561) AND (k <= 6560661))
	  ->  Bitmap Index Scan on k_3  (cost=0.00..5.46 rows=103 width=0)
	        Index Cond: ((k >= 6560561) AND (k <= 6560661))

table 4 : explain SELECT k, c FROM sbtest4 WHERE k BETWEEN 6560561 AND 6560661
	Bitmap Heap Scan on sbtest4  (cost=5.43..389.37 rows=97 width=125)
	  Recheck Cond: ((k >= 6560561) AND (k <= 6560661))
	  ->  Bitmap Index Scan on k_4  (cost=0.00..5.40 rows=97 width=0)
	        Index Cond: ((k >= 6560561) AND (k <= 6560661))

table 5 : explain SELECT k, c FROM sbtest5 WHERE k BETWEEN 6560561 AND 6560661
	Bitmap Heap Scan on sbtest5  (cost=5.47..405.13 rows=101 width=125)
	  Recheck Cond: ((k >= 6560561) AND (k <= 6560661))
	  ->  Bitmap Index Scan on k_5  (cost=0.00..5.44 rows=101 width=0)
	        Index Cond: ((k >= 6560561) AND (k <= 6560661))

table 6 : explain SELECT k, c FROM sbtest6 WHERE k BETWEEN 6560561 AND 6560661
	Bitmap Heap Scan on sbtest6  (cost=5.49..413.00 rows=103 width=125)
	  Recheck Cond: ((k >= 6560561) AND (k <= 6560661))
	  ->  Bitmap Index Scan on k_6  (cost=0.00..5.46 rows=103 width=0)
	        Index Cond: ((k >= 6560561) AND (k <= 6560661))

table 7 : explain SELECT k, c FROM sbtest7 WHERE k BETWEEN 6560561 AND 6560661
	Bitmap Heap Scan on sbtest7  (cost=5.43..389.37 rows=97 width=125)
	  Recheck Cond: ((k >= 6560561) AND (k <= 6560661))
	  ->  Bitmap Index Scan on k_7  (cost=0.00..5.40 rows=97 width=0)
	        Index Cond: ((k >= 6560561) AND (k <= 6560661))

table 8 : explain SELECT k, c FROM sbtest8 WHERE k BETWEEN 6560561 AND 6560661
	Bitmap Heap Scan on sbtest8  (cost=5.44..393.31 rows=98 width=125)
	  Recheck Cond: ((k >= 6560561) AND (k <= 6560661))
	  ->  Bitmap Index Scan on k_8  (cost=0.00..5.42 rows=98 width=0)
	        Index Cond: ((k >= 6560561) AND (k <= 6560661))

explain: for range-notcovered :: explain SELECT k, c FROM sbtest%d WHERE k BETWEEN 3918120 AND 3918220
explain: for range-notcovered :: explain SELECT k, c FROM sbtest%d WHERE k BETWEEN 3756861 AND 3756961
for range-notcovered
table 1 : explain SELECT k, c FROM sbtest1 WHERE k BETWEEN 2924930 AND 2925030
	Bitmap Heap Scan on sbtest1  (cost=5.39..373.61 rows=93 width=125)
	  Recheck Cond: ((k >= 2924930) AND (k <= 2925030))
	  ->  Bitmap Index Scan on k_1  (cost=0.00..5.36 rows=93 width=0)
	        Index Cond: ((k >= 2924930) AND (k <= 2925030))

table 2 : explain SELECT k, c FROM sbtest2 WHERE k BETWEEN 2924930 AND 2925030
	Bitmap Heap Scan on sbtest2  (cost=5.50..416.94 rows=104 width=125)
	  Recheck Cond: ((k >= 2924930) AND (k <= 2925030))
	  ->  Bitmap Index Scan on k_2  (cost=0.00..5.47 rows=104 width=0)
	        Index Cond: ((k >= 2924930) AND (k <= 2925030))

table 3 : explain SELECT k, c FROM sbtest3 WHERE k BETWEEN 2924930 AND 2925030
	Bitmap Heap Scan on sbtest3  (cost=5.47..405.13 rows=101 width=125)
	  Recheck Cond: ((k >= 2924930) AND (k <= 2925030))
	  ->  Bitmap Index Scan on k_3  (cost=0.00..5.44 rows=101 width=0)
	        Index Cond: ((k >= 2924930) AND (k <= 2925030))

table 4 : explain SELECT k, c FROM sbtest4 WHERE k BETWEEN 2924930 AND 2925030
	Bitmap Heap Scan on sbtest4  (cost=5.52..424.81 rows=106 width=125)
	  Recheck Cond: ((k >= 2924930) AND (k <= 2925030))
	  ->  Bitmap Index Scan on k_4  (cost=0.00..5.50 rows=106 width=0)
	        Index Cond: ((k >= 2924930) AND (k <= 2925030))

table 5 : explain SELECT k, c FROM sbtest5 WHERE k BETWEEN 2924930 AND 2925030
	Bitmap Heap Scan on sbtest5  (cost=5.50..416.94 rows=104 width=125)
	  Recheck Cond: ((k >= 2924930) AND (k <= 2925030))
	  ->  Bitmap Index Scan on k_5  (cost=0.00..5.47 rows=104 width=0)
	        Index Cond: ((k >= 2924930) AND (k <= 2925030))

table 6 : explain SELECT k, c FROM sbtest6 WHERE k BETWEEN 2924930 AND 2925030
	Bitmap Heap Scan on sbtest6  (cost=5.57..444.49 rows=111 width=125)
	  Recheck Cond: ((k >= 2924930) AND (k <= 2925030))
	  ->  Bitmap Index Scan on k_6  (cost=0.00..5.54 rows=111 width=0)
	        Index Cond: ((k >= 2924930) AND (k <= 2925030))

table 7 : explain SELECT k, c FROM sbtest7 WHERE k BETWEEN 2924930 AND 2925030
	Bitmap Heap Scan on sbtest7  (cost=5.59..452.36 rows=113 width=125)
	  Recheck Cond: ((k >= 2924930) AND (k <= 2925030))
	  ->  Bitmap Index Scan on k_7  (cost=0.00..5.56 rows=113 width=0)
	        Index Cond: ((k >= 2924930) AND (k <= 2925030))

table 8 : explain SELECT k, c FROM sbtest8 WHERE k BETWEEN 2924930 AND 2925030
	Bitmap Heap Scan on sbtest8  (cost=5.49..413.00 rows=103 width=125)
	  Recheck Cond: ((k >= 2924930) AND (k <= 2925030))
	  ->  Bitmap Index Scan on k_8  (cost=0.00..5.46 rows=103 width=0)
	        Index Cond: ((k >= 2924930) AND (k <= 2925030))

explain: for range-notcovered :: explain SELECT k, c FROM sbtest%d WHERE k BETWEEN 6560561 AND 6560661
for range-notcovered
table 1 : explain SELECT k, c FROM sbtest1 WHERE k BETWEEN 3670230 AND 3670330
	Bitmap Heap Scan on sbtest1  (cost=5.48..409.07 rows=102 width=125)
	  Recheck Cond: ((k >= 3670230) AND (k <= 3670330))
	  ->  Bitmap Index Scan on k_1  (cost=0.00..5.45 rows=102 width=0)
	        Index Cond: ((k >= 3670230) AND (k <= 3670330))

table 2 : explain SELECT k, c FROM sbtest2 WHERE k BETWEEN 3670230 AND 3670330
	Bitmap Heap Scan on sbtest2  (cost=5.47..405.13 rows=101 width=125)
	  Recheck Cond: ((k >= 3670230) AND (k <= 3670330))
	  ->  Bitmap Index Scan on k_2  (cost=0.00..5.44 rows=101 width=0)
	        Index Cond: ((k >= 3670230) AND (k <= 3670330))

table 3 : explain SELECT k, c FROM sbtest3 WHERE k BETWEEN 3670230 AND 3670330
	Bitmap Heap Scan on sbtest3  (cost=5.58..448.42 rows=112 width=125)
	  Recheck Cond: ((k >= 3670230) AND (k <= 3670330))
	  ->  Bitmap Index Scan on k_3  (cost=0.00..5.55 rows=112 width=0)
	        Index Cond: ((k >= 3670230) AND (k <= 3670330))

table 4 : explain SELECT k, c FROM sbtest4 WHERE k BETWEEN 3670230 AND 3670330
	Bitmap Heap Scan on sbtest4  (cost=5.60..456.29 rows=114 width=125)
	  Recheck Cond: ((k >= 3670230) AND (k <= 3670330))
	  ->  Bitmap Index Scan on k_4  (cost=0.00..5.58 rows=114 width=0)
	        Index Cond: ((k >= 3670230) AND (k <= 3670330))

table 5 : explain SELECT k, c FROM sbtest5 WHERE k BETWEEN 3670230 AND 3670330
	Bitmap Heap Scan on sbtest5  (cost=5.39..373.61 rows=93 width=125)
	  Recheck Cond: ((k >= 3670230) AND (k <= 3670330))
	  ->  Bitmap Index Scan on k_5  (cost=0.00..5.36 rows=93 width=0)
	        Index Cond: ((k >= 3670230) AND (k <= 3670330))

table 6 : explain SELECT k, c FROM sbtest6 WHERE k BETWEEN 3670230 AND 3670330
	Bitmap Heap Scan on sbtest6  (cost=5.48..409.07 rows=102 width=125)
	  Recheck Cond: ((k >= 3670230) AND (k <= 3670330))
	  ->  Bitmap Index Scan on k_6  (cost=0.00..5.45 rows=102 width=0)
	        Index Cond: ((k >= 3670230) AND (k <= 3670330))

table 7 : explain SELECT k, c FROM sbtest7 WHERE k BETWEEN 3670230 AND 3670330
	Bitmap Heap Scan on sbtest7  (cost=5.53..428.75 rows=107 width=125)
	  Recheck Cond: ((k >= 3670230) AND (k <= 3670330))
	  ->  Bitmap Index Scan on k_7  (cost=0.00..5.50 rows=107 width=0)
	        Index Cond: ((k >= 3670230) AND (k <= 3670330))

table 8 : explain SELECT k, c FROM sbtest8 WHERE k BETWEEN 3670230 AND 3670330
	Bitmap Heap Scan on sbtest8  (cost=5.49..413.00 rows=103 width=125)
	  Recheck Cond: ((k >= 3670230) AND (k <= 3670330))
	  ->  Bitmap Index Scan on k_8  (cost=0.00..5.46 rows=103 width=0)
	        Index Cond: ((k >= 3670230) AND (k <= 3670330))

for range-notcovered
table 1 : explain SELECT k, c FROM sbtest1 WHERE k BETWEEN 7399472 AND 7399572
	Bitmap Heap Scan on sbtest1  (cost=5.49..413.00 rows=103 width=125)
	  Recheck Cond: ((k >= 7399472) AND (k <= 7399572))
	  ->  Bitmap Index Scan on k_1  (cost=0.00..5.46 rows=103 width=0)
	        Index Cond: ((k >= 7399472) AND (k <= 7399572))

table 2 : explain SELECT k, c FROM sbtest2 WHERE k BETWEEN 7399472 AND 7399572
	Bitmap Heap Scan on sbtest2  (cost=5.45..397.25 rows=99 width=125)
	  Recheck Cond: ((k >= 7399472) AND (k <= 7399572))
	  ->  Bitmap Index Scan on k_2  (cost=0.00..5.42 rows=99 width=0)
	        Index Cond: ((k >= 7399472) AND (k <= 7399572))

table 3 : explain SELECT k, c FROM sbtest3 WHERE k BETWEEN 7399472 AND 7399572
	Bitmap Heap Scan on sbtest3  (cost=5.53..428.75 rows=107 width=125)
	  Recheck Cond: ((k >= 7399472) AND (k <= 7399572))
	  ->  Bitmap Index Scan on k_3  (cost=0.00..5.50 rows=107 width=0)
	        Index Cond: ((k >= 7399472) AND (k <= 7399572))

table 4 : explain SELECT k, c FROM sbtest4 WHERE k BETWEEN 7399472 AND 7399572
	Bitmap Heap Scan on sbtest4  (cost=5.53..428.75 rows=107 width=125)
	  Recheck Cond: ((k >= 7399472) AND (k <= 7399572))
	  ->  Bitmap Index Scan on k_4  (cost=0.00..5.50 rows=107 width=0)
	        Index Cond: ((k >= 7399472) AND (k <= 7399572))

table 5 : explain SELECT k, c FROM sbtest5 WHERE k BETWEEN 7399472 AND 7399572
	Bitmap Heap Scan on sbtest5  (cost=5.42..385.43 rows=96 width=125)
	  Recheck Cond: ((k >= 7399472) AND (k <= 7399572))
	  ->  Bitmap Index Scan on k_5  (cost=0.00..5.39 rows=96 width=0)
	        Index Cond: ((k >= 7399472) AND (k <= 7399572))

table 6 : explain SELECT k, c FROM sbtest6 WHERE k BETWEEN 7399472 AND 7399572
	Bitmap Heap Scan on sbtest6  (cost=5.49..413.00 rows=103 width=125)
	  Recheck Cond: ((k >= 7399472) AND (k <= 7399572))
	  ->  Bitmap Index Scan on k_6  (cost=0.00..5.46 rows=103 width=0)
	        Index Cond: ((k >= 7399472) AND (k <= 7399572))

table 7 : explain SELECT k, c FROM sbtest7 WHERE k BETWEEN 7399472 AND 7399572
	Bitmap Heap Scan on sbtest7  (cost=5.33..349.95 rows=87 width=125)
	  Recheck Cond: ((k >= 7399472) AND (k <= 7399572))
	  ->  Bitmap Index Scan on k_7  (cost=0.00..5.30 rows=87 width=0)
	        Index Cond: ((k >= 7399472) AND (k <= 7399572))

table 8 : explain SELECT k, c FROM sbtest8 WHERE k BETWEEN 7399472 AND 7399572
	Bitmap Heap Scan on sbtest8  (cost=5.62..464.15 rows=116 width=125)
	  Recheck Cond: ((k >= 7399472) AND (k <= 7399572))
	  ->  Bitmap Index Scan on k_8  (cost=0.00..5.59 rows=116 width=0)
	        Index Cond: ((k >= 7399472) AND (k <= 7399572))

explain: for range-notcovered :: explain SELECT k, c FROM sbtest%d WHERE k BETWEEN 3670230 AND 3670330
for range-notcovered
table 1 : explain SELECT k, c FROM sbtest1 WHERE k BETWEEN 5407822 AND 5407922
	Bitmap Heap Scan on sbtest1  (cost=5.60..456.29 rows=114 width=125)
	  Recheck Cond: ((k >= 5407822) AND (k <= 5407922))
	  ->  Bitmap Index Scan on k_1  (cost=0.00..5.58 rows=114 width=0)
	        Index Cond: ((k >= 5407822) AND (k <= 5407922))

table 2 : explain SELECT k, c FROM sbtest2 WHERE k BETWEEN 5407822 AND 5407922
	Bitmap Heap Scan on sbtest2  (cost=5.46..401.19 rows=100 width=125)
	  Recheck Cond: ((k >= 5407822) AND (k <= 5407922))
	  ->  Bitmap Index Scan on k_2  (cost=0.00..5.43 rows=100 width=0)
	        Index Cond: ((k >= 5407822) AND (k <= 5407922))

table 3 : explain SELECT k, c FROM sbtest3 WHERE k BETWEEN 5407822 AND 5407922
	Bitmap Heap Scan on sbtest3  (cost=5.60..456.29 rows=114 width=125)
	  Recheck Cond: ((k >= 5407822) AND (k <= 5407922))
	  ->  Bitmap Index Scan on k_3  (cost=0.00..5.58 rows=114 width=0)
	        Index Cond: ((k >= 5407822) AND (k <= 5407922))

table 4 : explain SELECT k, c FROM sbtest4 WHERE k BETWEEN 5407822 AND 5407922
	Bitmap Heap Scan on sbtest4  (cost=5.45..397.25 rows=99 width=125)
	  Recheck Cond: ((k >= 5407822) AND (k <= 5407922))
	  ->  Bitmap Index Scan on k_4  (cost=0.00..5.42 rows=99 width=0)
	        Index Cond: ((k >= 5407822) AND (k <= 5407922))

table 5 : explain SELECT k, c FROM sbtest5 WHERE k BETWEEN 5407822 AND 5407922
	Bitmap Heap Scan on sbtest5  (cost=5.48..409.07 rows=102 width=125)
	  Recheck Cond: ((k >= 5407822) AND (k <= 5407922))
	  ->  Bitmap Index Scan on k_5  (cost=0.00..5.45 rows=102 width=0)
	        Index Cond: ((k >= 5407822) AND (k <= 5407922))

table 6 : explain SELECT k, c FROM sbtest6 WHERE k BETWEEN 5407822 AND 5407922
	Bitmap Heap Scan on sbtest6  (cost=5.48..409.07 rows=102 width=125)
	  Recheck Cond: ((k >= 5407822) AND (k <= 5407922))
	  ->  Bitmap Index Scan on k_6  (cost=0.00..5.45 rows=102 width=0)
	        Index Cond: ((k >= 5407822) AND (k <= 5407922))

table 7 : explain SELECT k, c FROM sbtest7 WHERE k BETWEEN 5407822 AND 5407922
	Bitmap Heap Scan on sbtest7  (cost=5.47..405.13 rows=101 width=125)
	  Recheck Cond: ((k >= 5407822) AND (k <= 5407922))
	  ->  Bitmap Index Scan on k_7  (cost=0.00..5.44 rows=101 width=0)
	        Index Cond: ((k >= 5407822) AND (k <= 5407922))

table 8 : explain SELECT k, c FROM sbtest8 WHERE k BETWEEN 5407822 AND 5407922
	Bitmap Heap Scan on sbtest8  (cost=5.40..377.55 rows=94 width=125)
	  Recheck Cond: ((k >= 5407822) AND (k <= 5407922))
	  ->  Bitmap Index Scan on k_8  (cost=0.00..5.38 rows=94 width=0)
	        Index Cond: ((k >= 5407822) AND (k <= 5407922))

explain: for range-notcovered :: explain SELECT k, c FROM sbtest%d WHERE k BETWEEN 2924930 AND 2925030
explain: for range-notcovered :: explain SELECT k, c FROM sbtest%d WHERE k BETWEEN 5407822 AND 5407922
explain: for range-notcovered :: explain SELECT k, c FROM sbtest%d WHERE k BETWEEN 4955184 AND 4955284
explain: for range-notcovered :: explain SELECT k, c FROM sbtest%d WHERE k BETWEEN 7399472 AND 7399572
for range-notcovered
table 1 : explain SELECT k, c FROM sbtest1 WHERE k BETWEEN 3918120 AND 3918220
	Bitmap Heap Scan on sbtest1  (cost=5.55..436.62 rows=109 width=125)
	  Recheck Cond: ((k >= 3918120) AND (k <= 3918220))
	  ->  Bitmap Index Scan on k_1  (cost=0.00..5.52 rows=109 width=0)
	        Index Cond: ((k >= 3918120) AND (k <= 3918220))

table 2 : explain SELECT k, c FROM sbtest2 WHERE k BETWEEN 3918120 AND 3918220
	Bitmap Heap Scan on sbtest2  (cost=5.46..401.19 rows=100 width=125)
	  Recheck Cond: ((k >= 3918120) AND (k <= 3918220))
	  ->  Bitmap Index Scan on k_2  (cost=0.00..5.43 rows=100 width=0)
	        Index Cond: ((k >= 3918120) AND (k <= 3918220))

table 3 : explain SELECT k, c FROM sbtest3 WHERE k BETWEEN 3918120 AND 3918220
	Bitmap Heap Scan on sbtest3  (cost=5.41..381.49 rows=95 width=125)
	  Recheck Cond: ((k >= 3918120) AND (k <= 3918220))
	  ->  Bitmap Index Scan on k_3  (cost=0.00..5.38 rows=95 width=0)
	        Index Cond: ((k >= 3918120) AND (k <= 3918220))

table 4 : explain SELECT k, c FROM sbtest4 WHERE k BETWEEN 3918120 AND 3918220
	Bitmap Heap Scan on sbtest4  (cost=5.54..432.69 rows=108 width=125)
	  Recheck Cond: ((k >= 3918120) AND (k <= 3918220))
	  ->  Bitmap Index Scan on k_4  (cost=0.00..5.51 rows=108 width=0)
	        Index Cond: ((k >= 3918120) AND (k <= 3918220))

table 5 : explain SELECT k, c FROM sbtest5 WHERE k BETWEEN 3918120 AND 3918220
	Bitmap Heap Scan on sbtest5  (cost=5.49..413.00 rows=103 width=125)
	  Recheck Cond: ((k >= 3918120) AND (k <= 3918220))
	  ->  Bitmap Index Scan on k_5  (cost=0.00..5.46 rows=103 width=0)
	        Index Cond: ((k >= 3918120) AND (k <= 3918220))

table 6 : explain SELECT k, c FROM sbtest6 WHERE k BETWEEN 3918120 AND 3918220
	Bitmap Heap Scan on sbtest6  (cost=5.44..393.31 rows=98 width=125)
	  Recheck Cond: ((k >= 3918120) AND (k <= 3918220))
	  ->  Bitmap Index Scan on k_6  (cost=0.00..5.42 rows=98 width=0)
	        Index Cond: ((k >= 3918120) AND (k <= 3918220))

table 7 : explain SELECT k, c FROM sbtest7 WHERE k BETWEEN 3918120 AND 3918220
	Bitmap Heap Scan on sbtest7  (cost=5.42..385.43 rows=96 width=125)
	  Recheck Cond: ((k >= 3918120) AND (k <= 3918220))
	  ->  Bitmap Index Scan on k_7  (cost=0.00..5.39 rows=96 width=0)
	        Index Cond: ((k >= 3918120) AND (k <= 3918220))

table 8 : explain SELECT k, c FROM sbtest8 WHERE k BETWEEN 3918120 AND 3918220
	Bitmap Heap Scan on sbtest8  (cost=5.46..401.19 rows=100 width=125)
	  Recheck Cond: ((k >= 3918120) AND (k <= 3918220))
	  ->  Bitmap Index Scan on k_8  (cost=0.00..5.43 rows=100 width=0)
	        Index Cond: ((k >= 3918120) AND (k <= 3918220))

explain: for range-notcovered :: explain SELECT k, c FROM sbtest%d WHERE k BETWEEN 3918120 AND 3918220
for range-notcovered
table 1 : explain SELECT k, c FROM sbtest1 WHERE k BETWEEN 5407822 AND 5407922
	Bitmap Heap Scan on sbtest1  (cost=5.60..456.29 rows=114 width=125)
	  Recheck Cond: ((k >= 5407822) AND (k <= 5407922))
	  ->  Bitmap Index Scan on k_1  (cost=0.00..5.58 rows=114 width=0)
	        Index Cond: ((k >= 5407822) AND (k <= 5407922))

table 2 : explain SELECT k, c FROM sbtest2 WHERE k BETWEEN 5407822 AND 5407922
	Bitmap Heap Scan on sbtest2  (cost=5.46..401.19 rows=100 width=125)
	  Recheck Cond: ((k >= 5407822) AND (k <= 5407922))
	  ->  Bitmap Index Scan on k_2  (cost=0.00..5.43 rows=100 width=0)
	        Index Cond: ((k >= 5407822) AND (k <= 5407922))

table 3 : explain SELECT k, c FROM sbtest3 WHERE k BETWEEN 5407822 AND 5407922
	Bitmap Heap Scan on sbtest3  (cost=5.60..456.29 rows=114 width=125)
	  Recheck Cond: ((k >= 5407822) AND (k <= 5407922))
	  ->  Bitmap Index Scan on k_3  (cost=0.00..5.58 rows=114 width=0)
	        Index Cond: ((k >= 5407822) AND (k <= 5407922))

table 4 : explain SELECT k, c FROM sbtest4 WHERE k BETWEEN 5407822 AND 5407922
	Bitmap Heap Scan on sbtest4  (cost=5.45..397.25 rows=99 width=125)
	  Recheck Cond: ((k >= 5407822) AND (k <= 5407922))
	  ->  Bitmap Index Scan on k_4  (cost=0.00..5.42 rows=99 width=0)
	        Index Cond: ((k >= 5407822) AND (k <= 5407922))

table 5 : explain SELECT k, c FROM sbtest5 WHERE k BETWEEN 5407822 AND 5407922
	Bitmap Heap Scan on sbtest5  (cost=5.48..409.07 rows=102 width=125)
	  Recheck Cond: ((k >= 5407822) AND (k <= 5407922))
	  ->  Bitmap Index Scan on k_5  (cost=0.00..5.45 rows=102 width=0)
	        Index Cond: ((k >= 5407822) AND (k <= 5407922))

table 6 : explain SELECT k, c FROM sbtest6 WHERE k BETWEEN 5407822 AND 5407922
	Bitmap Heap Scan on sbtest6  (cost=5.48..409.07 rows=102 width=125)
	  Recheck Cond: ((k >= 5407822) AND (k <= 5407922))
	  ->  Bitmap Index Scan on k_6  (cost=0.00..5.45 rows=102 width=0)
	        Index Cond: ((k >= 5407822) AND (k <= 5407922))

table 7 : explain SELECT k, c FROM sbtest7 WHERE k BETWEEN 5407822 AND 5407922
	Bitmap Heap Scan on sbtest7  (cost=5.47..405.13 rows=101 width=125)
	  Recheck Cond: ((k >= 5407822) AND (k <= 5407922))
	  ->  Bitmap Index Scan on k_7  (cost=0.00..5.44 rows=101 width=0)
	        Index Cond: ((k >= 5407822) AND (k <= 5407922))

table 8 : explain SELECT k, c FROM sbtest8 WHERE k BETWEEN 5407822 AND 5407922
	Bitmap Heap Scan on sbtest8  (cost=5.40..377.55 rows=94 width=125)
	  Recheck Cond: ((k >= 5407822) AND (k <= 5407922))
	  ->  Bitmap Index Scan on k_8  (cost=0.00..5.38 rows=94 width=0)
	        Index Cond: ((k >= 5407822) AND (k <= 5407922))

for range-notcovered
table 1 : explain SELECT k, c FROM sbtest1 WHERE k BETWEEN 3670230 AND 3670330
	Bitmap Heap Scan on sbtest1  (cost=5.48..409.07 rows=102 width=125)
	  Recheck Cond: ((k >= 3670230) AND (k <= 3670330))
	  ->  Bitmap Index Scan on k_1  (cost=0.00..5.45 rows=102 width=0)
	        Index Cond: ((k >= 3670230) AND (k <= 3670330))

table 2 : explain SELECT k, c FROM sbtest2 WHERE k BETWEEN 3670230 AND 3670330
	Bitmap Heap Scan on sbtest2  (cost=5.47..405.13 rows=101 width=125)
	  Recheck Cond: ((k >= 3670230) AND (k <= 3670330))
	  ->  Bitmap Index Scan on k_2  (cost=0.00..5.44 rows=101 width=0)
	        Index Cond: ((k >= 3670230) AND (k <= 3670330))

table 3 : explain SELECT k, c FROM sbtest3 WHERE k BETWEEN 3670230 AND 3670330
	Bitmap Heap Scan on sbtest3  (cost=5.58..448.42 rows=112 width=125)
	  Recheck Cond: ((k >= 3670230) AND (k <= 3670330))
	  ->  Bitmap Index Scan on k_3  (cost=0.00..5.55 rows=112 width=0)
	        Index Cond: ((k >= 3670230) AND (k <= 3670330))

table 4 : explain SELECT k, c FROM sbtest4 WHERE k BETWEEN 3670230 AND 3670330
	Bitmap Heap Scan on sbtest4  (cost=5.60..456.29 rows=114 width=125)
	  Recheck Cond: ((k >= 3670230) AND (k <= 3670330))
	  ->  Bitmap Index Scan on k_4  (cost=0.00..5.58 rows=114 width=0)
	        Index Cond: ((k >= 3670230) AND (k <= 3670330))

table 5 : explain SELECT k, c FROM sbtest5 WHERE k BETWEEN 3670230 AND 3670330
	Bitmap Heap Scan on sbtest5  (cost=5.39..373.61 rows=93 width=125)
	  Recheck Cond: ((k >= 3670230) AND (k <= 3670330))
	  ->  Bitmap Index Scan on k_5  (cost=0.00..5.36 rows=93 width=0)
	        Index Cond: ((k >= 3670230) AND (k <= 3670330))

table 6 : explain SELECT k, c FROM sbtest6 WHERE k BETWEEN 3670230 AND 3670330
	Bitmap Heap Scan on sbtest6  (cost=5.48..409.07 rows=102 width=125)
	  Recheck Cond: ((k >= 3670230) AND (k <= 3670330))
	  ->  Bitmap Index Scan on k_6  (cost=0.00..5.45 rows=102 width=0)
	        Index Cond: ((k >= 3670230) AND (k <= 3670330))

table 7 : explain SELECT k, c FROM sbtest7 WHERE k BETWEEN 3670230 AND 3670330
	Bitmap Heap Scan on sbtest7  (cost=5.53..428.75 rows=107 width=125)
	  Recheck Cond: ((k >= 3670230) AND (k <= 3670330))
	  ->  Bitmap Index Scan on k_7  (cost=0.00..5.50 rows=107 width=0)
	        Index Cond: ((k >= 3670230) AND (k <= 3670330))

table 8 : explain SELECT k, c FROM sbtest8 WHERE k BETWEEN 3670230 AND 3670330
	Bitmap Heap Scan on sbtest8  (cost=5.49..413.00 rows=103 width=125)
	  Recheck Cond: ((k >= 3670230) AND (k <= 3670330))
	  ->  Bitmap Index Scan on k_8  (cost=0.00..5.46 rows=103 width=0)
	        Index Cond: ((k >= 3670230) AND (k <= 3670330))

explain: for range-notcovered :: explain SELECT k, c FROM sbtest%d WHERE k BETWEEN 5407822 AND 5407922
explain: for range-notcovered :: explain SELECT k, c FROM sbtest%d WHERE k BETWEEN 3670230 AND 3670330
for range-notcovered
table 1 : explain SELECT k, c FROM sbtest1 WHERE k BETWEEN 3918120 AND 3918220
	Bitmap Heap Scan on sbtest1  (cost=5.55..436.62 rows=109 width=125)
	  Recheck Cond: ((k >= 3918120) AND (k <= 3918220))
	  ->  Bitmap Index Scan on k_1  (cost=0.00..5.52 rows=109 width=0)
	        Index Cond: ((k >= 3918120) AND (k <= 3918220))

table 2 : explain SELECT k, c FROM sbtest2 WHERE k BETWEEN 3918120 AND 3918220
	Bitmap Heap Scan on sbtest2  (cost=5.46..401.19 rows=100 width=125)
	  Recheck Cond: ((k >= 3918120) AND (k <= 3918220))
	  ->  Bitmap Index Scan on k_2  (cost=0.00..5.43 rows=100 width=0)
	        Index Cond: ((k >= 3918120) AND (k <= 3918220))

table 3 : explain SELECT k, c FROM sbtest3 WHERE k BETWEEN 3918120 AND 3918220
	Bitmap Heap Scan on sbtest3  (cost=5.41..381.49 rows=95 width=125)
	  Recheck Cond: ((k >= 3918120) AND (k <= 3918220))
	  ->  Bitmap Index Scan on k_3  (cost=0.00..5.38 rows=95 width=0)
	        Index Cond: ((k >= 3918120) AND (k <= 3918220))

table 4 : explain SELECT k, c FROM sbtest4 WHERE k BETWEEN 3918120 AND 3918220
	Bitmap Heap Scan on sbtest4  (cost=5.54..432.69 rows=108 width=125)
	  Recheck Cond: ((k >= 3918120) AND (k <= 3918220))
	  ->  Bitmap Index Scan on k_4  (cost=0.00..5.51 rows=108 width=0)
	        Index Cond: ((k >= 3918120) AND (k <= 3918220))

table 5 : explain SELECT k, c FROM sbtest5 WHERE k BETWEEN 3918120 AND 3918220
	Bitmap Heap Scan on sbtest5  (cost=5.49..413.00 rows=103 width=125)
	  Recheck Cond: ((k >= 3918120) AND (k <= 3918220))
	  ->  Bitmap Index Scan on k_5  (cost=0.00..5.46 rows=103 width=0)
	        Index Cond: ((k >= 3918120) AND (k <= 3918220))

table 6 : explain SELECT k, c FROM sbtest6 WHERE k BETWEEN 3918120 AND 3918220
	Bitmap Heap Scan on sbtest6  (cost=5.44..393.31 rows=98 width=125)
	  Recheck Cond: ((k >= 3918120) AND (k <= 3918220))
	  ->  Bitmap Index Scan on k_6  (cost=0.00..5.42 rows=98 width=0)
	        Index Cond: ((k >= 3918120) AND (k <= 3918220))

table 7 : explain SELECT k, c FROM sbtest7 WHERE k BETWEEN 3918120 AND 3918220
	Bitmap Heap Scan on sbtest7  (cost=5.42..385.43 rows=96 width=125)
	  Recheck Cond: ((k >= 3918120) AND (k <= 3918220))
	  ->  Bitmap Index Scan on k_7  (cost=0.00..5.39 rows=96 width=0)
	        Index Cond: ((k >= 3918120) AND (k <= 3918220))

table 8 : explain SELECT k, c FROM sbtest8 WHERE k BETWEEN 3918120 AND 3918220
	Bitmap Heap Scan on sbtest8  (cost=5.46..401.19 rows=100 width=125)
	  Recheck Cond: ((k >= 3918120) AND (k <= 3918220))
	  ->  Bitmap Index Scan on k_8  (cost=0.00..5.43 rows=100 width=0)
	        Index Cond: ((k >= 3918120) AND (k <= 3918220))

explain: for range-notcovered :: explain SELECT k, c FROM sbtest%d WHERE k BETWEEN 3918120 AND 3918220
for range-notcovered
table 1 : explain SELECT k, c FROM sbtest1 WHERE k BETWEEN 2924930 AND 2925030
	Bitmap Heap Scan on sbtest1  (cost=5.39..373.61 rows=93 width=125)
	  Recheck Cond: ((k >= 2924930) AND (k <= 2925030))
	  ->  Bitmap Index Scan on k_1  (cost=0.00..5.36 rows=93 width=0)
	        Index Cond: ((k >= 2924930) AND (k <= 2925030))

table 2 : explain SELECT k, c FROM sbtest2 WHERE k BETWEEN 2924930 AND 2925030
	Bitmap Heap Scan on sbtest2  (cost=5.50..416.94 rows=104 width=125)
	  Recheck Cond: ((k >= 2924930) AND (k <= 2925030))
	  ->  Bitmap Index Scan on k_2  (cost=0.00..5.47 rows=104 width=0)
	        Index Cond: ((k >= 2924930) AND (k <= 2925030))

table 3 : explain SELECT k, c FROM sbtest3 WHERE k BETWEEN 2924930 AND 2925030
	Bitmap Heap Scan on sbtest3  (cost=5.47..405.13 rows=101 width=125)
	  Recheck Cond: ((k >= 2924930) AND (k <= 2925030))
	  ->  Bitmap Index Scan on k_3  (cost=0.00..5.44 rows=101 width=0)
	        Index Cond: ((k >= 2924930) AND (k <= 2925030))

table 4 : explain SELECT k, c FROM sbtest4 WHERE k BETWEEN 2924930 AND 2925030
	Bitmap Heap Scan on sbtest4  (cost=5.52..424.81 rows=106 width=125)
	  Recheck Cond: ((k >= 2924930) AND (k <= 2925030))
	  ->  Bitmap Index Scan on k_4  (cost=0.00..5.50 rows=106 width=0)
	        Index Cond: ((k >= 2924930) AND (k <= 2925030))

table 5 : explain SELECT k, c FROM sbtest5 WHERE k BETWEEN 2924930 AND 2925030
	Bitmap Heap Scan on sbtest5  (cost=5.50..416.94 rows=104 width=125)
	  Recheck Cond: ((k >= 2924930) AND (k <= 2925030))
	  ->  Bitmap Index Scan on k_5  (cost=0.00..5.47 rows=104 width=0)
	        Index Cond: ((k >= 2924930) AND (k <= 2925030))

table 6 : explain SELECT k, c FROM sbtest6 WHERE k BETWEEN 2924930 AND 2925030
	Bitmap Heap Scan on sbtest6  (cost=5.57..444.49 rows=111 width=125)
	  Recheck Cond: ((k >= 2924930) AND (k <= 2925030))
	  ->  Bitmap Index Scan on k_6  (cost=0.00..5.54 rows=111 width=0)
	        Index Cond: ((k >= 2924930) AND (k <= 2925030))

table 7 : explain SELECT k, c FROM sbtest7 WHERE k BETWEEN 2924930 AND 2925030
	Bitmap Heap Scan on sbtest7  (cost=5.59..452.36 rows=113 width=125)
	  Recheck Cond: ((k >= 2924930) AND (k <= 2925030))
	  ->  Bitmap Index Scan on k_7  (cost=0.00..5.56 rows=113 width=0)
	        Index Cond: ((k >= 2924930) AND (k <= 2925030))

table 8 : explain SELECT k, c FROM sbtest8 WHERE k BETWEEN 2924930 AND 2925030
	Bitmap Heap Scan on sbtest8  (cost=5.49..413.00 rows=103 width=125)
	  Recheck Cond: ((k >= 2924930) AND (k <= 2925030))
	  ->  Bitmap Index Scan on k_8  (cost=0.00..5.46 rows=103 width=0)
	        Index Cond: ((k >= 2924930) AND (k <= 2925030))

explain: for range-notcovered :: explain SELECT k, c FROM sbtest%d WHERE k BETWEEN 8149461 AND 8149561
for range-notcovered
table 1 : explain SELECT k, c FROM sbtest1 WHERE k BETWEEN 5407822 AND 5407922
	Bitmap Heap Scan on sbtest1  (cost=5.60..456.29 rows=114 width=125)
	  Recheck Cond: ((k >= 5407822) AND (k <= 5407922))
	  ->  Bitmap Index Scan on k_1  (cost=0.00..5.58 rows=114 width=0)
	        Index Cond: ((k >= 5407822) AND (k <= 5407922))

table 2 : explain SELECT k, c FROM sbtest2 WHERE k BETWEEN 5407822 AND 5407922
	Bitmap Heap Scan on sbtest2  (cost=5.46..401.19 rows=100 width=125)
	  Recheck Cond: ((k >= 5407822) AND (k <= 5407922))
	  ->  Bitmap Index Scan on k_2  (cost=0.00..5.43 rows=100 width=0)
	        Index Cond: ((k >= 5407822) AND (k <= 5407922))

table 3 : explain SELECT k, c FROM sbtest3 WHERE k BETWEEN 5407822 AND 5407922
	Bitmap Heap Scan on sbtest3  (cost=5.60..456.29 rows=114 width=125)
	  Recheck Cond: ((k >= 5407822) AND (k <= 5407922))
	  ->  Bitmap Index Scan on k_3  (cost=0.00..5.58 rows=114 width=0)
	        Index Cond: ((k >= 5407822) AND (k <= 5407922))

table 4 : explain SELECT k, c FROM sbtest4 WHERE k BETWEEN 5407822 AND 5407922
	Bitmap Heap Scan on sbtest4  (cost=5.45..397.25 rows=99 width=125)
	  Recheck Cond: ((k >= 5407822) AND (k <= 5407922))
	  ->  Bitmap Index Scan on k_4  (cost=0.00..5.42 rows=99 width=0)
	        Index Cond: ((k >= 5407822) AND (k <= 5407922))

table 5 : explain SELECT k, c FROM sbtest5 WHERE k BETWEEN 5407822 AND 5407922
	Bitmap Heap Scan on sbtest5  (cost=5.48..409.07 rows=102 width=125)
	  Recheck Cond: ((k >= 5407822) AND (k <= 5407922))
	  ->  Bitmap Index Scan on k_5  (cost=0.00..5.45 rows=102 width=0)
	        Index Cond: ((k >= 5407822) AND (k <= 5407922))

table 6 : explain SELECT k, c FROM sbtest6 WHERE k BETWEEN 5407822 AND 5407922
	Bitmap Heap Scan on sbtest6  (cost=5.48..409.07 rows=102 width=125)
	  Recheck Cond: ((k >= 5407822) AND (k <= 5407922))
	  ->  Bitmap Index Scan on k_6  (cost=0.00..5.45 rows=102 width=0)
	        Index Cond: ((k >= 5407822) AND (k <= 5407922))

table 7 : explain SELECT k, c FROM sbtest7 WHERE k BETWEEN 5407822 AND 5407922
	Bitmap Heap Scan on sbtest7  (cost=5.47..405.13 rows=101 width=125)
	  Recheck Cond: ((k >= 5407822) AND (k <= 5407922))
	  ->  Bitmap Index Scan on k_7  (cost=0.00..5.44 rows=101 width=0)
	        Index Cond: ((k >= 5407822) AND (k <= 5407922))

table 8 : explain SELECT k, c FROM sbtest8 WHERE k BETWEEN 5407822 AND 5407922
	Bitmap Heap Scan on sbtest8  (cost=5.40..377.55 rows=94 width=125)
	  Recheck Cond: ((k >= 5407822) AND (k <= 5407922))
	  ->  Bitmap Index Scan on k_8  (cost=0.00..5.38 rows=94 width=0)
	        Index Cond: ((k >= 5407822) AND (k <= 5407922))

for range-notcovered
table 1 : explain SELECT k, c FROM sbtest1 WHERE k BETWEEN 7399472 AND 7399572
	Bitmap Heap Scan on sbtest1  (cost=5.49..413.00 rows=103 width=125)
	  Recheck Cond: ((k >= 7399472) AND (k <= 7399572))
	  ->  Bitmap Index Scan on k_1  (cost=0.00..5.46 rows=103 width=0)
	        Index Cond: ((k >= 7399472) AND (k <= 7399572))

table 2 : explain SELECT k, c FROM sbtest2 WHERE k BETWEEN 7399472 AND 7399572
	Bitmap Heap Scan on sbtest2  (cost=5.45..397.25 rows=99 width=125)
	  Recheck Cond: ((k >= 7399472) AND (k <= 7399572))
	  ->  Bitmap Index Scan on k_2  (cost=0.00..5.42 rows=99 width=0)
	        Index Cond: ((k >= 7399472) AND (k <= 7399572))

table 3 : explain SELECT k, c FROM sbtest3 WHERE k BETWEEN 7399472 AND 7399572
	Bitmap Heap Scan on sbtest3  (cost=5.53..428.75 rows=107 width=125)
	  Recheck Cond: ((k >= 7399472) AND (k <= 7399572))
	  ->  Bitmap Index Scan on k_3  (cost=0.00..5.50 rows=107 width=0)
	        Index Cond: ((k >= 7399472) AND (k <= 7399572))

table 4 : explain SELECT k, c FROM sbtest4 WHERE k BETWEEN 7399472 AND 7399572
	Bitmap Heap Scan on sbtest4  (cost=5.53..428.75 rows=107 width=125)
	  Recheck Cond: ((k >= 7399472) AND (k <= 7399572))
	  ->  Bitmap Index Scan on k_4  (cost=0.00..5.50 rows=107 width=0)
	        Index Cond: ((k >= 7399472) AND (k <= 7399572))

table 5 : explain SELECT k, c FROM sbtest5 WHERE k BETWEEN 7399472 AND 7399572
	Bitmap Heap Scan on sbtest5  (cost=5.42..385.43 rows=96 width=125)
	  Recheck Cond: ((k >= 7399472) AND (k <= 7399572))
	  ->  Bitmap Index Scan on k_5  (cost=0.00..5.39 rows=96 width=0)
	        Index Cond: ((k >= 7399472) AND (k <= 7399572))

table 6 : explain SELECT k, c FROM sbtest6 WHERE k BETWEEN 7399472 AND 7399572
	Bitmap Heap Scan on sbtest6  (cost=5.49..413.00 rows=103 width=125)
	  Recheck Cond: ((k >= 7399472) AND (k <= 7399572))
	  ->  Bitmap Index Scan on k_6  (cost=0.00..5.46 rows=103 width=0)
	        Index Cond: ((k >= 7399472) AND (k <= 7399572))

table 7 : explain SELECT k, c FROM sbtest7 WHERE k BETWEEN 7399472 AND 7399572
	Bitmap Heap Scan on sbtest7  (cost=5.33..349.95 rows=87 width=125)
	  Recheck Cond: ((k >= 7399472) AND (k <= 7399572))
	  ->  Bitmap Index Scan on k_7  (cost=0.00..5.30 rows=87 width=0)
	        Index Cond: ((k >= 7399472) AND (k <= 7399572))

table 8 : explain SELECT k, c FROM sbtest8 WHERE k BETWEEN 7399472 AND 7399572
	Bitmap Heap Scan on sbtest8  (cost=5.62..464.15 rows=116 width=125)
	  Recheck Cond: ((k >= 7399472) AND (k <= 7399572))
	  ->  Bitmap Index Scan on k_8  (cost=0.00..5.59 rows=116 width=0)
	        Index Cond: ((k >= 7399472) AND (k <= 7399572))

explain: for range-notcovered :: explain SELECT k, c FROM sbtest%d WHERE k BETWEEN 2924930 AND 2925030
explain: for range-notcovered :: explain SELECT k, c FROM sbtest%d WHERE k BETWEEN 7399472 AND 7399572
explain: for range-notcovered :: explain SELECT k, c FROM sbtest%d WHERE k BETWEEN 6630937 AND 6631037
for range-notcovered
table 1 : explain SELECT k, c FROM sbtest1 WHERE k BETWEEN 5675082 AND 5675182
	Bitmap Heap Scan on sbtest1  (cost=5.45..397.25 rows=99 width=125)
	  Recheck Cond: ((k >= 5675082) AND (k <= 5675182))
	  ->  Bitmap Index Scan on k_1  (cost=0.00..5.42 rows=99 width=0)
	        Index Cond: ((k >= 5675082) AND (k <= 5675182))

table 2 : explain SELECT k, c FROM sbtest2 WHERE k BETWEEN 5675082 AND 5675182
	Bitmap Heap Scan on sbtest2  (cost=5.42..385.43 rows=96 width=125)
	  Recheck Cond: ((k >= 5675082) AND (k <= 5675182))
	  ->  Bitmap Index Scan on k_2  (cost=0.00..5.39 rows=96 width=0)
	        Index Cond: ((k >= 5675082) AND (k <= 5675182))

table 3 : explain SELECT k, c FROM sbtest3 WHERE k BETWEEN 5675082 AND 5675182
	Bitmap Heap Scan on sbtest3  (cost=5.49..413.00 rows=103 width=125)
	  Recheck Cond: ((k >= 5675082) AND (k <= 5675182))
	  ->  Bitmap Index Scan on k_3  (cost=0.00..5.46 rows=103 width=0)
	        Index Cond: ((k >= 5675082) AND (k <= 5675182))

table 4 : explain SELECT k, c FROM sbtest4 WHERE k BETWEEN 5675082 AND 5675182
	Bitmap Heap Scan on sbtest4  (cost=5.53..428.75 rows=107 width=125)
	  Recheck Cond: ((k >= 5675082) AND (k <= 5675182))
	  ->  Bitmap Index Scan on k_4  (cost=0.00..5.50 rows=107 width=0)
	        Index Cond: ((k >= 5675082) AND (k <= 5675182))

table 5 : explain SELECT k, c FROM sbtest5 WHERE k BETWEEN 5675082 AND 5675182
	Bitmap Heap Scan on sbtest5  (cost=5.55..436.62 rows=109 width=125)
	  Recheck Cond: ((k >= 5675082) AND (k <= 5675182))
	  ->  Bitmap Index Scan on k_5  (cost=0.00..5.52 rows=109 width=0)
	        Index Cond: ((k >= 5675082) AND (k <= 5675182))

table 6 : explain SELECT k, c FROM sbtest6 WHERE k BETWEEN 5675082 AND 5675182
	Bitmap Heap Scan on sbtest6  (cost=5.40..377.55 rows=94 width=125)
	  Recheck Cond: ((k >= 5675082) AND (k <= 5675182))
	  ->  Bitmap Index Scan on k_6  (cost=0.00..5.38 rows=94 width=0)
	        Index Cond: ((k >= 5675082) AND (k <= 5675182))

table 7 : explain SELECT k, c FROM sbtest7 WHERE k BETWEEN 5675082 AND 5675182
	Bitmap Heap Scan on sbtest7  (cost=5.46..401.19 rows=100 width=125)
	  Recheck Cond: ((k >= 5675082) AND (k <= 5675182))
	  ->  Bitmap Index Scan on k_7  (cost=0.00..5.43 rows=100 width=0)
	        Index Cond: ((k >= 5675082) AND (k <= 5675182))

table 8 : explain SELECT k, c FROM sbtest8 WHERE k BETWEEN 5675082 AND 5675182
	Bitmap Heap Scan on sbtest8  (cost=5.55..436.62 rows=109 width=125)
	  Recheck Cond: ((k >= 5675082) AND (k <= 5675182))
	  ->  Bitmap Index Scan on k_8  (cost=0.00..5.52 rows=109 width=0)
	        Index Cond: ((k >= 5675082) AND (k <= 5675182))

explain: for range-notcovered :: explain SELECT k, c FROM sbtest%d WHERE k BETWEEN 5675082 AND 5675182
for range-notcovered
table 1 : explain SELECT k, c FROM sbtest1 WHERE k BETWEEN 3918120 AND 3918220
	Bitmap Heap Scan on sbtest1  (cost=5.55..436.62 rows=109 width=125)
	  Recheck Cond: ((k >= 3918120) AND (k <= 3918220))
	  ->  Bitmap Index Scan on k_1  (cost=0.00..5.52 rows=109 width=0)
	        Index Cond: ((k >= 3918120) AND (k <= 3918220))

table 2 : explain SELECT k, c FROM sbtest2 WHERE k BETWEEN 3918120 AND 3918220
	Bitmap Heap Scan on sbtest2  (cost=5.46..401.19 rows=100 width=125)
	  Recheck Cond: ((k >= 3918120) AND (k <= 3918220))
	  ->  Bitmap Index Scan on k_2  (cost=0.00..5.43 rows=100 width=0)
	        Index Cond: ((k >= 3918120) AND (k <= 3918220))

table 3 : explain SELECT k, c FROM sbtest3 WHERE k BETWEEN 3918120 AND 3918220
	Bitmap Heap Scan on sbtest3  (cost=5.41..381.49 rows=95 width=125)
	  Recheck Cond: ((k >= 3918120) AND (k <= 3918220))
	  ->  Bitmap Index Scan on k_3  (cost=0.00..5.38 rows=95 width=0)
	        Index Cond: ((k >= 3918120) AND (k <= 3918220))

table 4 : explain SELECT k, c FROM sbtest4 WHERE k BETWEEN 3918120 AND 3918220
	Bitmap Heap Scan on sbtest4  (cost=5.54..432.69 rows=108 width=125)
	  Recheck Cond: ((k >= 3918120) AND (k <= 3918220))
	  ->  Bitmap Index Scan on k_4  (cost=0.00..5.51 rows=108 width=0)
	        Index Cond: ((k >= 3918120) AND (k <= 3918220))

table 5 : explain SELECT k, c FROM sbtest5 WHERE k BETWEEN 3918120 AND 3918220
	Bitmap Heap Scan on sbtest5  (cost=5.49..413.00 rows=103 width=125)
	  Recheck Cond: ((k >= 3918120) AND (k <= 3918220))
	  ->  Bitmap Index Scan on k_5  (cost=0.00..5.46 rows=103 width=0)
	        Index Cond: ((k >= 3918120) AND (k <= 3918220))

table 6 : explain SELECT k, c FROM sbtest6 WHERE k BETWEEN 3918120 AND 3918220
	Bitmap Heap Scan on sbtest6  (cost=5.44..393.31 rows=98 width=125)
	  Recheck Cond: ((k >= 3918120) AND (k <= 3918220))
	  ->  Bitmap Index Scan on k_6  (cost=0.00..5.42 rows=98 width=0)
	        Index Cond: ((k >= 3918120) AND (k <= 3918220))

table 7 : explain SELECT k, c FROM sbtest7 WHERE k BETWEEN 3918120 AND 3918220
	Bitmap Heap Scan on sbtest7  (cost=5.42..385.43 rows=96 width=125)
	  Recheck Cond: ((k >= 3918120) AND (k <= 3918220))
	  ->  Bitmap Index Scan on k_7  (cost=0.00..5.39 rows=96 width=0)
	        Index Cond: ((k >= 3918120) AND (k <= 3918220))

table 8 : explain SELECT k, c FROM sbtest8 WHERE k BETWEEN 3918120 AND 3918220
	Bitmap Heap Scan on sbtest8  (cost=5.46..401.19 rows=100 width=125)
	  Recheck Cond: ((k >= 3918120) AND (k <= 3918220))
	  ->  Bitmap Index Scan on k_8  (cost=0.00..5.43 rows=100 width=0)
	        Index Cond: ((k >= 3918120) AND (k <= 3918220))

explain: for range-notcovered :: explain SELECT k, c FROM sbtest%d WHERE k BETWEEN 3918120 AND 3918220
for range-notcovered
table 1 : explain SELECT k, c FROM sbtest1 WHERE k BETWEEN 6560561 AND 6560661
	Bitmap Heap Scan on sbtest1  (cost=5.49..413.00 rows=103 width=125)
	  Recheck Cond: ((k >= 6560561) AND (k <= 6560661))
	  ->  Bitmap Index Scan on k_1  (cost=0.00..5.46 rows=103 width=0)
	        Index Cond: ((k >= 6560561) AND (k <= 6560661))

table 2 : explain SELECT k, c FROM sbtest2 WHERE k BETWEEN 6560561 AND 6560661
	Bitmap Heap Scan on sbtest2  (cost=5.60..456.29 rows=114 width=125)
	  Recheck Cond: ((k >= 6560561) AND (k <= 6560661))
	  ->  Bitmap Index Scan on k_2  (cost=0.00..5.58 rows=114 width=0)
	        Index Cond: ((k >= 6560561) AND (k <= 6560661))

table 3 : explain SELECT k, c FROM sbtest3 WHERE k BETWEEN 6560561 AND 6560661
	Bitmap Heap Scan on sbtest3  (cost=5.49..413.00 rows=103 width=125)
	  Recheck Cond: ((k >= 6560561) AND (k <= 6560661))
	  ->  Bitmap Index Scan on k_3  (cost=0.00..5.46 rows=103 width=0)
	        Index Cond: ((k >= 6560561) AND (k <= 6560661))

table 4 : explain SELECT k, c FROM sbtest4 WHERE k BETWEEN 6560561 AND 6560661
	Bitmap Heap Scan on sbtest4  (cost=5.43..389.37 rows=97 width=125)
	  Recheck Cond: ((k >= 6560561) AND (k <= 6560661))
	  ->  Bitmap Index Scan on k_4  (cost=0.00..5.40 rows=97 width=0)
	        Index Cond: ((k >= 6560561) AND (k <= 6560661))

table 5 : explain SELECT k, c FROM sbtest5 WHERE k BETWEEN 6560561 AND 6560661
	Bitmap Heap Scan on sbtest5  (cost=5.47..405.13 rows=101 width=125)
	  Recheck Cond: ((k >= 6560561) AND (k <= 6560661))
	  ->  Bitmap Index Scan on k_5  (cost=0.00..5.44 rows=101 width=0)
	        Index Cond: ((k >= 6560561) AND (k <= 6560661))

table 6 : explain SELECT k, c FROM sbtest6 WHERE k BETWEEN 6560561 AND 6560661
	Bitmap Heap Scan on sbtest6  (cost=5.49..413.00 rows=103 width=125)
	  Recheck Cond: ((k >= 6560561) AND (k <= 6560661))
	  ->  Bitmap Index Scan on k_6  (cost=0.00..5.46 rows=103 width=0)
	        Index Cond: ((k >= 6560561) AND (k <= 6560661))

table 7 : explain SELECT k, c FROM sbtest7 WHERE k BETWEEN 6560561 AND 6560661
	Bitmap Heap Scan on sbtest7  (cost=5.43..389.37 rows=97 width=125)
	  Recheck Cond: ((k >= 6560561) AND (k <= 6560661))
	  ->  Bitmap Index Scan on k_7  (cost=0.00..5.40 rows=97 width=0)
	        Index Cond: ((k >= 6560561) AND (k <= 6560661))

table 8 : explain SELECT k, c FROM sbtest8 WHERE k BETWEEN 6560561 AND 6560661
	Bitmap Heap Scan on sbtest8  (cost=5.44..393.31 rows=98 width=125)
	  Recheck Cond: ((k >= 6560561) AND (k <= 6560661))
	  ->  Bitmap Index Scan on k_8  (cost=0.00..5.42 rows=98 width=0)
	        Index Cond: ((k >= 6560561) AND (k <= 6560661))

for range-notcovered
table 1 : explain SELECT k, c FROM sbtest1 WHERE k BETWEEN 3670230 AND 3670330
	Bitmap Heap Scan on sbtest1  (cost=5.48..409.07 rows=102 width=125)
	  Recheck Cond: ((k >= 3670230) AND (k <= 3670330))
	  ->  Bitmap Index Scan on k_1  (cost=0.00..5.45 rows=102 width=0)
	        Index Cond: ((k >= 3670230) AND (k <= 3670330))

table 2 : explain SELECT k, c FROM sbtest2 WHERE k BETWEEN 3670230 AND 3670330
	Bitmap Heap Scan on sbtest2  (cost=5.47..405.13 rows=101 width=125)
	  Recheck Cond: ((k >= 3670230) AND (k <= 3670330))
	  ->  Bitmap Index Scan on k_2  (cost=0.00..5.44 rows=101 width=0)
	        Index Cond: ((k >= 3670230) AND (k <= 3670330))

table 3 : explain SELECT k, c FROM sbtest3 WHERE k BETWEEN 3670230 AND 3670330
	Bitmap Heap Scan on sbtest3  (cost=5.58..448.42 rows=112 width=125)
	  Recheck Cond: ((k >= 3670230) AND (k <= 3670330))
	  ->  Bitmap Index Scan on k_3  (cost=0.00..5.55 rows=112 width=0)
	        Index Cond: ((k >= 3670230) AND (k <= 3670330))

table 4 : explain SELECT k, c FROM sbtest4 WHERE k BETWEEN 3670230 AND 3670330
	Bitmap Heap Scan on sbtest4  (cost=5.60..456.29 rows=114 width=125)
	  Recheck Cond: ((k >= 3670230) AND (k <= 3670330))
	  ->  Bitmap Index Scan on k_4  (cost=0.00..5.58 rows=114 width=0)
	        Index Cond: ((k >= 3670230) AND (k <= 3670330))

table 5 : explain SELECT k, c FROM sbtest5 WHERE k BETWEEN 3670230 AND 3670330
	Bitmap Heap Scan on sbtest5  (cost=5.39..373.61 rows=93 width=125)
	  Recheck Cond: ((k >= 3670230) AND (k <= 3670330))
	  ->  Bitmap Index Scan on k_5  (cost=0.00..5.36 rows=93 width=0)
	        Index Cond: ((k >= 3670230) AND (k <= 3670330))

table 6 : explain SELECT k, c FROM sbtest6 WHERE k BETWEEN 3670230 AND 3670330
	Bitmap Heap Scan on sbtest6  (cost=5.48..409.07 rows=102 width=125)
	  Recheck Cond: ((k >= 3670230) AND (k <= 3670330))
	  ->  Bitmap Index Scan on k_6  (cost=0.00..5.45 rows=102 width=0)
	        Index Cond: ((k >= 3670230) AND (k <= 3670330))

table 7 : explain SELECT k, c FROM sbtest7 WHERE k BETWEEN 3670230 AND 3670330
	Bitmap Heap Scan on sbtest7  (cost=5.53..428.75 rows=107 width=125)
	  Recheck Cond: ((k >= 3670230) AND (k <= 3670330))
	  ->  Bitmap Index Scan on k_7  (cost=0.00..5.50 rows=107 width=0)
	        Index Cond: ((k >= 3670230) AND (k <= 3670330))

table 8 : explain SELECT k, c FROM sbtest8 WHERE k BETWEEN 3670230 AND 3670330
	Bitmap Heap Scan on sbtest8  (cost=5.49..413.00 rows=103 width=125)
	  Recheck Cond: ((k >= 3670230) AND (k <= 3670330))
	  ->  Bitmap Index Scan on k_8  (cost=0.00..5.46 rows=103 width=0)
	        Index Cond: ((k >= 3670230) AND (k <= 3670330))

for range-notcovered
table 1 : explain SELECT k, c FROM sbtest1 WHERE k BETWEEN 8193714 AND 8193814
	Bitmap Heap Scan on sbtest1  (cost=5.38..369.67 rows=92 width=125)
	  Recheck Cond: ((k >= 8193714) AND (k <= 8193814))
	  ->  Bitmap Index Scan on k_1  (cost=0.00..5.35 rows=92 width=0)
	        Index Cond: ((k >= 8193714) AND (k <= 8193814))

table 2 : explain SELECT k, c FROM sbtest2 WHERE k BETWEEN 8193714 AND 8193814
	Bitmap Heap Scan on sbtest2  (cost=5.47..405.13 rows=101 width=125)
	  Recheck Cond: ((k >= 8193714) AND (k <= 8193814))
	  ->  Bitmap Index Scan on k_2  (cost=0.00..5.44 rows=101 width=0)
	        Index Cond: ((k >= 8193714) AND (k <= 8193814))

table 3 : explain SELECT k, c FROM sbtest3 WHERE k BETWEEN 8193714 AND 8193814
	Bitmap Heap Scan on sbtest3  (cost=5.51..420.88 rows=105 width=125)
	  Recheck Cond: ((k >= 8193714) AND (k <= 8193814))
	  ->  Bitmap Index Scan on k_3  (cost=0.00..5.48 rows=105 width=0)
	        Index Cond: ((k >= 8193714) AND (k <= 8193814))

table 4 : explain SELECT k, c FROM sbtest4 WHERE k BETWEEN 8193714 AND 8193814
	Bitmap Heap Scan on sbtest4  (cost=5.43..389.37 rows=97 width=125)
	  Recheck Cond: ((k >= 8193714) AND (k <= 8193814))
	  ->  Bitmap Index Scan on k_4  (cost=0.00..5.40 rows=97 width=0)
	        Index Cond: ((k >= 8193714) AND (k <= 8193814))

table 5 : explain SELECT k, c FROM sbtest5 WHERE k BETWEEN 8193714 AND 8193814
	Bitmap Heap Scan on sbtest5  (cost=5.45..397.25 rows=99 width=125)
	  Recheck Cond: ((k >= 8193714) AND (k <= 8193814))
	  ->  Bitmap Index Scan on k_5  (cost=0.00..5.42 rows=99 width=0)
	        Index Cond: ((k >= 8193714) AND (k <= 8193814))

table 6 : explain SELECT k, c FROM sbtest6 WHERE k BETWEEN 8193714 AND 8193814
	Bitmap Heap Scan on sbtest6  (cost=5.46..401.19 rows=100 width=125)
	  Recheck Cond: ((k >= 8193714) AND (k <= 8193814))
	  ->  Bitmap Index Scan on k_6  (cost=0.00..5.43 rows=100 width=0)
	        Index Cond: ((k >= 8193714) AND (k <= 8193814))

table 7 : explain SELECT k, c FROM sbtest7 WHERE k BETWEEN 8193714 AND 8193814
	Bitmap Heap Scan on sbtest7  (cost=5.49..413.00 rows=103 width=125)
	  Recheck Cond: ((k >= 8193714) AND (k <= 8193814))
	  ->  Bitmap Index Scan on k_7  (cost=0.00..5.46 rows=103 width=0)
	        Index Cond: ((k >= 8193714) AND (k <= 8193814))

table 8 : explain SELECT k, c FROM sbtest8 WHERE k BETWEEN 8193714 AND 8193814
	Bitmap Heap Scan on sbtest8  (cost=5.49..413.00 rows=103 width=125)
	  Recheck Cond: ((k >= 8193714) AND (k <= 8193814))
	  ->  Bitmap Index Scan on k_8  (cost=0.00..5.46 rows=103 width=0)
	        Index Cond: ((k >= 8193714) AND (k <= 8193814))

explain: for range-notcovered :: explain SELECT k, c FROM sbtest%d WHERE k BETWEEN 6560561 AND 6560661
explain: for range-notcovered :: explain SELECT k, c FROM sbtest%d WHERE k BETWEEN 8193714 AND 8193814
explain: for range-notcovered :: explain SELECT k, c FROM sbtest%d WHERE k BETWEEN 3670230 AND 3670330for range-notcovered
table 1 : explain SELECT k, c FROM sbtest1 WHERE k BETWEEN 711626 AND 711726
	Bitmap Heap Scan on sbtest1  (cost=5.46..401.19 rows=100 width=125)
	  Recheck Cond: ((k >= 711626) AND (k <= 711726))
	  ->  Bitmap Index Scan on k_1  (cost=0.00..5.43 rows=100 width=0)
	        Index Cond: ((k >= 711626) AND (k <= 711726))

table 2 : explain SELECT k, c FROM sbtest2 WHERE k BETWEEN 711626 AND 711726
	Bitmap Heap Scan on sbtest2  (cost=5.45..397.25 rows=99 width=125)
	  Recheck Cond: ((k >= 711626) AND (k <= 711726))
	  ->  Bitmap Index Scan on k_2  (cost=0.00..5.42 rows=99 width=0)
	        Index Cond: ((k >= 711626) AND (k <= 711726))

table 3 : explain SELECT k, c FROM sbtest3 WHERE k BETWEEN 711626 AND 711726
	Bitmap Heap Scan on sbtest3  (cost=5.49..413.00 rows=103 width=125)
	  Recheck Cond: ((k >= 711626) AND (k <= 711726))
	  ->  Bitmap Index Scan on k_3  (cost=0.00..5.46 rows=103 width=0)
	        Index Cond: ((k >= 711626) AND (k <= 711726))

table 4 : explain SELECT k, c FROM sbtest4 WHERE k BETWEEN 711626 AND 711726
	Bitmap Heap Scan on sbtest4  (cost=5.49..413.00 rows=103 width=125)
	  Recheck Cond: ((k >= 711626) AND (k <= 711726))
	  ->  Bitmap Index Scan on k_4  (cost=0.00..5.46 rows=103 width=0)
	        Index Cond: ((k >= 711626) AND (k <= 711726))

table 5 : explain SELECT k, c FROM sbtest5 WHERE k BETWEEN 711626 AND 711726
	Bitmap Heap Scan on sbtest5  (cost=5.44..393.31 rows=98 width=125)
	  Recheck Cond: ((k >= 711626) AND (k <= 711726))
	  ->  Bitmap Index Scan on k_5  (cost=0.00..5.42 rows=98 width=0)
	        Index Cond: ((k >= 711626) AND (k <= 711726))

table 6 : explain SELECT k, c FROM sbtest6 WHERE k BETWEEN 711626 AND 711726
	Bitmap Heap Scan on sbtest6  (cost=5.43..389.37 rows=97 width=125)
	  Recheck Cond: ((k >= 711626) AND (k <= 711726))
	  ->  Bitmap Index Scan on k_6  (cost=0.00..5.40 rows=97 width=0)
	        Index Cond: ((k >= 711626) AND (k <= 711726))

table 7 : explain SELECT k, c FROM sbtest7 WHERE k BETWEEN 711626 AND 711726
	Bitmap Heap Scan on sbtest7  (cost=5.59..452.36 rows=113 width=125)
	  Recheck Cond: ((k >= 711626) AND (k <= 711726))
	  ->  Bitmap Index Scan on k_7  (cost=0.00..5.56 rows=113 width=0)
	        Index Cond: ((k >= 711626) AND (k <= 711726))

table 8 : explain SELECT k, c FROM sbtest8 WHERE k BETWEEN 711626 AND 711726
	Bitmap Heap Scan on sbtest8  (cost=5.40..377.55 rows=94 width=125)
	  Recheck Cond: ((k >= 711626) AND (k <= 711726))
	  ->  Bitmap Index Scan on k_8  (cost=0.00..5.38 rows=94 width=0)
	        Index Cond: ((k >= 711626) AND (k <= 711726))


explain: for range-notcovered :: explain SELECT k, c FROM sbtest%d WHERE k BETWEEN 711626 AND 711726
for range-notcovered
table 1 : explain SELECT k, c FROM sbtest1 WHERE k BETWEEN 5675082 AND 5675182
	Bitmap Heap Scan on sbtest1  (cost=5.45..397.25 rows=99 width=125)
	  Recheck Cond: ((k >= 5675082) AND (k <= 5675182))
	  ->  Bitmap Index Scan on k_1  (cost=0.00..5.42 rows=99 width=0)
	        Index Cond: ((k >= 5675082) AND (k <= 5675182))

table 2 : explain SELECT k, c FROM sbtest2 WHERE k BETWEEN 5675082 AND 5675182
	Bitmap Heap Scan on sbtest2  (cost=5.42..385.43 rows=96 width=125)
	  Recheck Cond: ((k >= 5675082) AND (k <= 5675182))
	  ->  Bitmap Index Scan on k_2  (cost=0.00..5.39 rows=96 width=0)
	        Index Cond: ((k >= 5675082) AND (k <= 5675182))

table 3 : explain SELECT k, c FROM sbtest3 WHERE k BETWEEN 5675082 AND 5675182
	Bitmap Heap Scan on sbtest3  (cost=5.49..413.00 rows=103 width=125)
	  Recheck Cond: ((k >= 5675082) AND (k <= 5675182))
	  ->  Bitmap Index Scan on k_3  (cost=0.00..5.46 rows=103 width=0)
	        Index Cond: ((k >= 5675082) AND (k <= 5675182))

table 4 : explain SELECT k, c FROM sbtest4 WHERE k BETWEEN 5675082 AND 5675182
	Bitmap Heap Scan on sbtest4  (cost=5.53..428.75 rows=107 width=125)
	  Recheck Cond: ((k >= 5675082) AND (k <= 5675182))
	  ->  Bitmap Index Scan on k_4  (cost=0.00..5.50 rows=107 width=0)
	        Index Cond: ((k >= 5675082) AND (k <= 5675182))

table 5 : explain SELECT k, c FROM sbtest5 WHERE k BETWEEN 5675082 AND 5675182
	Bitmap Heap Scan on sbtest5  (cost=5.55..436.62 rows=109 width=125)
	  Recheck Cond: ((k >= 5675082) AND (k <= 5675182))
	  ->  Bitmap Index Scan on k_5  (cost=0.00..5.52 rows=109 width=0)
	        Index Cond: ((k >= 5675082) AND (k <= 5675182))

table 6 : explain SELECT k, c FROM sbtest6 WHERE k BETWEEN 5675082 AND 5675182
	Bitmap Heap Scan on sbtest6  (cost=5.40..377.55 rows=94 width=125)
	  Recheck Cond: ((k >= 5675082) AND (k <= 5675182))
	  ->  Bitmap Index Scan on k_6  (cost=0.00..5.38 rows=94 width=0)
	        Index Cond: ((k >= 5675082) AND (k <= 5675182))

table 7 : explain SELECT k, c FROM sbtest7 WHERE k BETWEEN 5675082 AND 5675182
	Bitmap Heap Scan on sbtest7  (cost=5.46..401.19 rows=100 width=125)
	  Recheck Cond: ((k >= 5675082) AND (k <= 5675182))
	  ->  Bitmap Index Scan on k_7  (cost=0.00..5.43 rows=100 width=0)
	        Index Cond: ((k >= 5675082) AND (k <= 5675182))

table 8 : explain SELECT k, c FROM sbtest8 WHERE k BETWEEN 5675082 AND 5675182
	Bitmap Heap Scan on sbtest8  (cost=5.55..436.62 rows=109 width=125)
	  Recheck Cond: ((k >= 5675082) AND (k <= 5675182))
	  ->  Bitmap Index Scan on k_8  (cost=0.00..5.52 rows=109 width=0)
	        Index Cond: ((k >= 5675082) AND (k <= 5675182))

for range-notcovered
table 1 : explain SELECT k, c FROM sbtest1 WHERE k BETWEEN 3756861 AND 3756961
	Bitmap Heap Scan on sbtest1  (cost=5.47..405.13 rows=101 width=125)
	  Recheck Cond: ((k >= 3756861) AND (k <= 3756961))
	  ->  Bitmap Index Scan on k_1  (cost=0.00..5.44 rows=101 width=0)
	        Index Cond: ((k >= 3756861) AND (k <= 3756961))

table 2 : explain SELECT k, c FROM sbtest2 WHERE k BETWEEN 3756861 AND 3756961
	Bitmap Heap Scan on sbtest2  (cost=5.52..424.81 rows=106 width=125)
	  Recheck Cond: ((k >= 3756861) AND (k <= 3756961))
	  ->  Bitmap Index Scan on k_2  (cost=0.00..5.50 rows=106 width=0)
	        Index Cond: ((k >= 3756861) AND (k <= 3756961))

table 3 : explain SELECT k, c FROM sbtest3 WHERE k BETWEEN 3756861 AND 3756961
	Bitmap Heap Scan on sbtest3  (cost=5.57..444.49 rows=111 width=125)
	  Recheck Cond: ((k >= 3756861) AND (k <= 3756961))
	  ->  Bitmap Index Scan on k_3  (cost=0.00..5.54 rows=111 width=0)
	        Index Cond: ((k >= 3756861) AND (k <= 3756961))

table 4 : explain SELECT k, c FROM sbtest4 WHERE k BETWEEN 3756861 AND 3756961
	Bitmap Heap Scan on sbtest4  (cost=5.50..416.94 rows=104 width=125)
	  Recheck Cond: ((k >= 3756861) AND (k <= 3756961))
	  ->  Bitmap Index Scan on k_4  (cost=0.00..5.47 rows=104 width=0)
	        Index Cond: ((k >= 3756861) AND (k <= 3756961))

table 5 : explain SELECT k, c FROM sbtest5 WHERE k BETWEEN 3756861 AND 3756961
	Bitmap Heap Scan on sbtest5  (cost=5.43..389.37 rows=97 width=125)
	  Recheck Cond: ((k >= 3756861) AND (k <= 3756961))
	  ->  Bitmap Index Scan on k_5  (cost=0.00..5.40 rows=97 width=0)
	        Index Cond: ((k >= 3756861) AND (k <= 3756961))

table 6 : explain SELECT k, c FROM sbtest6 WHERE k BETWEEN 3756861 AND 3756961
	Bitmap Heap Scan on sbtest6  (cost=5.48..409.07 rows=102 width=125)
	  Recheck Cond: ((k >= 3756861) AND (k <= 3756961))
	  ->  Bitmap Index Scan on k_6  (cost=0.00..5.45 rows=102 width=0)
	        Index Cond: ((k >= 3756861) AND (k <= 3756961))

table 7 : explain SELECT k, c FROM sbtest7 WHERE k BETWEEN 3756861 AND 3756961
	Bitmap Heap Scan on sbtest7  (cost=5.61..460.22 rows=115 width=125)
	  Recheck Cond: ((k >= 3756861) AND (k <= 3756961))
	  ->  Bitmap Index Scan on k_7  (cost=0.00..5.58 rows=115 width=0)
	        Index Cond: ((k >= 3756861) AND (k <= 3756961))

table 8 : explain SELECT k, c FROM sbtest8 WHERE k BETWEEN 3756861 AND 3756961
	Bitmap Heap Scan on sbtest8  (cost=5.37..365.72 rows=91 width=125)
	  Recheck Cond: ((k >= 3756861) AND (k <= 3756961))
	  ->  Bitmap Index Scan on k_8  (cost=0.00..5.34 rows=91 width=0)
	        Index Cond: ((k >= 3756861) AND (k <= 3756961))

explain: for range-notcovered :: explain SELECT k, c FROM sbtest%d WHERE k BETWEEN 5675082 AND 5675182
for range-notcovered
table 1 : explain SELECT k, c FROM sbtest1 WHERE k BETWEEN 3918120 AND 3918220
	Bitmap Heap Scan on sbtest1  (cost=5.55..436.62 rows=109 width=125)
	  Recheck Cond: ((k >= 3918120) AND (k <= 3918220))
	  ->  Bitmap Index Scan on k_1  (cost=0.00..5.52 rows=109 width=0)
	        Index Cond: ((k >= 3918120) AND (k <= 3918220))

table 2 : explain SELECT k, c FROM sbtest2 WHERE k BETWEEN 3918120 AND 3918220
	Bitmap Heap Scan on sbtest2  (cost=5.46..401.19 rows=100 width=125)
	  Recheck Cond: ((k >= 3918120) AND (k <= 3918220))
	  ->  Bitmap Index Scan on k_2  (cost=0.00..5.43 rows=100 width=0)
	        Index Cond: ((k >= 3918120) AND (k <= 3918220))

table 3 : explain SELECT k, c FROM sbtest3 WHERE k BETWEEN 3918120 AND 3918220
	Bitmap Heap Scan on sbtest3  (cost=5.41..381.49 rows=95 width=125)
	  Recheck Cond: ((k >= 3918120) AND (k <= 3918220))
	  ->  Bitmap Index Scan on k_3  (cost=0.00..5.38 rows=95 width=0)
	        Index Cond: ((k >= 3918120) AND (k <= 3918220))

table 4 : explain SELECT k, c FROM sbtest4 WHERE k BETWEEN 3918120 AND 3918220
	Bitmap Heap Scan on sbtest4  (cost=5.54..432.69 rows=108 width=125)
	  Recheck Cond: ((k >= 3918120) AND (k <= 3918220))
	  ->  Bitmap Index Scan on k_4  (cost=0.00..5.51 rows=108 width=0)
	        Index Cond: ((k >= 3918120) AND (k <= 3918220))

table 5 : explain SELECT k, c FROM sbtest5 WHERE k BETWEEN 3918120 AND 3918220
	Bitmap Heap Scan on sbtest5  (cost=5.49..413.00 rows=103 width=125)
	  Recheck Cond: ((k >= 3918120) AND (k <= 3918220))
	  ->  Bitmap Index Scan on k_5  (cost=0.00..5.46 rows=103 width=0)
	        Index Cond: ((k >= 3918120) AND (k <= 3918220))

table 6 : explain SELECT k, c FROM sbtest6 WHERE k BETWEEN 3918120 AND 3918220
	Bitmap Heap Scan on sbtest6  (cost=5.44..393.31 rows=98 width=125)
	  Recheck Cond: ((k >= 3918120) AND (k <= 3918220))
	  ->  Bitmap Index Scan on k_6  (cost=0.00..5.42 rows=98 width=0)
	        Index Cond: ((k >= 3918120) AND (k <= 3918220))

table 7 : explain SELECT k, c FROM sbtest7 WHERE k BETWEEN 3918120 AND 3918220
	Bitmap Heap Scan on sbtest7  (cost=5.42..385.43 rows=96 width=125)
	  Recheck Cond: ((k >= 3918120) AND (k <= 3918220))
	  ->  Bitmap Index Scan on k_7  (cost=0.00..5.39 rows=96 width=0)
	        Index Cond: ((k >= 3918120) AND (k <= 3918220))

table 8 : explain SELECT k, c FROM sbtest8 WHERE k BETWEEN 3918120 AND 3918220
	Bitmap Heap Scan on sbtest8  (cost=5.46..401.19 rows=100 width=125)
	  Recheck Cond: ((k >= 3918120) AND (k <= 3918220))
	  ->  Bitmap Index Scan on k_8  (cost=0.00..5.43 rows=100 width=0)
	        Index Cond: ((k >= 3918120) AND (k <= 3918220))

explain: for range-notcovered :: explain SELECT k, c FROM sbtest%d WHERE k BETWEEN 3756861 AND 3756961
for range-notcovered
table 1 : explain SELECT k, c FROM sbtest1 WHERE k BETWEEN 4955184 AND 4955284
	Bitmap Heap Scan on sbtest1  (cost=5.55..436.62 rows=109 width=125)
	  Recheck Cond: ((k >= 4955184) AND (k <= 4955284))
	  ->  Bitmap Index Scan on k_1  (cost=0.00..5.52 rows=109 width=0)
	        Index Cond: ((k >= 4955184) AND (k <= 4955284))

table 2 : explain SELECT k, c FROM sbtest2 WHERE k BETWEEN 4955184 AND 4955284
	Bitmap Heap Scan on sbtest2  (cost=5.41..381.49 rows=95 width=125)
	  Recheck Cond: ((k >= 4955184) AND (k <= 4955284))
	  ->  Bitmap Index Scan on k_2  (cost=0.00..5.38 rows=95 width=0)
	        Index Cond: ((k >= 4955184) AND (k <= 4955284))

table 3 : explain SELECT k, c FROM sbtest3 WHERE k BETWEEN 4955184 AND 4955284
	Bitmap Heap Scan on sbtest3  (cost=5.46..401.19 rows=100 width=125)
	  Recheck Cond: ((k >= 4955184) AND (k <= 4955284))
	  ->  Bitmap Index Scan on k_3  (cost=0.00..5.43 rows=100 width=0)
	        Index Cond: ((k >= 4955184) AND (k <= 4955284))

table 4 : explain SELECT k, c FROM sbtest4 WHERE k BETWEEN 4955184 AND 4955284
	Bitmap Heap Scan on sbtest4  (cost=5.40..377.55 rows=94 width=125)
	  Recheck Cond: ((k >= 4955184) AND (k <= 4955284))
	  ->  Bitmap Index Scan on k_4  (cost=0.00..5.38 rows=94 width=0)
	        Index Cond: ((k >= 4955184) AND (k <= 4955284))

table 5 : explain SELECT k, c FROM sbtest5 WHERE k BETWEEN 4955184 AND 4955284
	Bitmap Heap Scan on sbtest5  (cost=5.41..381.49 rows=95 width=125)
	  Recheck Cond: ((k >= 4955184) AND (k <= 4955284))
	  ->  Bitmap Index Scan on k_5  (cost=0.00..5.38 rows=95 width=0)
	        Index Cond: ((k >= 4955184) AND (k <= 4955284))

table 6 : explain SELECT k, c FROM sbtest6 WHERE k BETWEEN 4955184 AND 4955284
	Bitmap Heap Scan on sbtest6  (cost=5.43..389.37 rows=97 width=125)
	  Recheck Cond: ((k >= 4955184) AND (k <= 4955284))
	  ->  Bitmap Index Scan on k_6  (cost=0.00..5.40 rows=97 width=0)
	        Index Cond: ((k >= 4955184) AND (k <= 4955284))

table 7 : explain SELECT k, c FROM sbtest7 WHERE k BETWEEN 4955184 AND 4955284
	Bitmap Heap Scan on sbtest7  (cost=5.46..401.19 rows=100 width=125)
	  Recheck Cond: ((k >= 4955184) AND (k <= 4955284))
	  ->  Bitmap Index Scan on k_7  (cost=0.00..5.43 rows=100 width=0)
	        Index Cond: ((k >= 4955184) AND (k <= 4955284))

table 8 : explain SELECT k, c FROM sbtest8 WHERE k BETWEEN 4955184 AND 4955284
	Bitmap Heap Scan on sbtest8  (cost=5.47..405.13 rows=101 width=125)
	  Recheck Cond: ((k >= 4955184) AND (k <= 4955284))
	  ->  Bitmap Index Scan on k_8  (cost=0.00..5.44 rows=101 width=0)
	        Index Cond: ((k >= 4955184) AND (k <= 4955284))

explain: for range-notcovered :: explain SELECT k, c FROM sbtest%d WHERE k BETWEEN 3918120 AND 3918220
explain: for range-notcovered :: explain SELECT k, c FROM sbtest%d WHERE k BETWEEN 4955184 AND 4955284
for range-notcovered
table 1 : explain SELECT k, c FROM sbtest1 WHERE k BETWEEN 2924930 AND 2925030
	Bitmap Heap Scan on sbtest1  (cost=5.39..373.61 rows=93 width=125)
	  Recheck Cond: ((k >= 2924930) AND (k <= 2925030))
	  ->  Bitmap Index Scan on k_1  (cost=0.00..5.36 rows=93 width=0)
	        Index Cond: ((k >= 2924930) AND (k <= 2925030))

table 2 : explain SELECT k, c FROM sbtest2 WHERE k BETWEEN 2924930 AND 2925030
	Bitmap Heap Scan on sbtest2  (cost=5.50..416.94 rows=104 width=125)
	  Recheck Cond: ((k >= 2924930) AND (k <= 2925030))
	  ->  Bitmap Index Scan on k_2  (cost=0.00..5.47 rows=104 width=0)
	        Index Cond: ((k >= 2924930) AND (k <= 2925030))

table 3 : explain SELECT k, c FROM sbtest3 WHERE k BETWEEN 2924930 AND 2925030
	Bitmap Heap Scan on sbtest3  (cost=5.47..405.13 rows=101 width=125)
	  Recheck Cond: ((k >= 2924930) AND (k <= 2925030))
	  ->  Bitmap Index Scan on k_3  (cost=0.00..5.44 rows=101 width=0)
	        Index Cond: ((k >= 2924930) AND (k <= 2925030))

table 4 : explain SELECT k, c FROM sbtest4 WHERE k BETWEEN 2924930 AND 2925030
	Bitmap Heap Scan on sbtest4  (cost=5.52..424.81 rows=106 width=125)
	  Recheck Cond: ((k >= 2924930) AND (k <= 2925030))
	  ->  Bitmap Index Scan on k_4  (cost=0.00..5.50 rows=106 width=0)
	        Index Cond: ((k >= 2924930) AND (k <= 2925030))

table 5 : explain SELECT k, c FROM sbtest5 WHERE k BETWEEN 2924930 AND 2925030
	Bitmap Heap Scan on sbtest5  (cost=5.50..416.94 rows=104 width=125)
	  Recheck Cond: ((k >= 2924930) AND (k <= 2925030))
	  ->  Bitmap Index Scan on k_5  (cost=0.00..5.47 rows=104 width=0)
	        Index Cond: ((k >= 2924930) AND (k <= 2925030))

table 6 : explain SELECT k, c FROM sbtest6 WHERE k BETWEEN 2924930 AND 2925030
	Bitmap Heap Scan on sbtest6  (cost=5.57..444.49 rows=111 width=125)
	  Recheck Cond: ((k >= 2924930) AND (k <= 2925030))
	  ->  Bitmap Index Scan on k_6  (cost=0.00..5.54 rows=111 width=0)
	        Index Cond: ((k >= 2924930) AND (k <= 2925030))

table 7 : explain SELECT k, c FROM sbtest7 WHERE k BETWEEN 2924930 AND 2925030
	Bitmap Heap Scan on sbtest7  (cost=5.59..452.36 rows=113 width=125)
	  Recheck Cond: ((k >= 2924930) AND (k <= 2925030))
	  ->  Bitmap Index Scan on k_7  (cost=0.00..5.56 rows=113 width=0)
	        Index Cond: ((k >= 2924930) AND (k <= 2925030))

table 8 : explain SELECT k, c FROM sbtest8 WHERE k BETWEEN 2924930 AND 2925030
	Bitmap Heap Scan on sbtest8  (cost=5.49..413.00 rows=103 width=125)
	  Recheck Cond: ((k >= 2924930) AND (k <= 2925030))
	  ->  Bitmap Index Scan on k_8  (cost=0.00..5.46 rows=103 width=0)
	        Index Cond: ((k >= 2924930) AND (k <= 2925030))

for range-notcovered
table 1 : explain SELECT k, c FROM sbtest1 WHERE k BETWEEN 7399472 AND 7399572
	Bitmap Heap Scan on sbtest1  (cost=5.49..413.00 rows=103 width=125)
	  Recheck Cond: ((k >= 7399472) AND (k <= 7399572))
	  ->  Bitmap Index Scan on k_1  (cost=0.00..5.46 rows=103 width=0)
	        Index Cond: ((k >= 7399472) AND (k <= 7399572))

table 2 : explain SELECT k, c FROM sbtest2 WHERE k BETWEEN 7399472 AND 7399572
	Bitmap Heap Scan on sbtest2  (cost=5.45..397.25 rows=99 width=125)
	  Recheck Cond: ((k >= 7399472) AND (k <= 7399572))
	  ->  Bitmap Index Scan on k_2  (cost=0.00..5.42 rows=99 width=0)
	        Index Cond: ((k >= 7399472) AND (k <= 7399572))

table 3 : explain SELECT k, c FROM sbtest3 WHERE k BETWEEN 7399472 AND 7399572
	Bitmap Heap Scan on sbtest3  (cost=5.53..428.75 rows=107 width=125)
	  Recheck Cond: ((k >= 7399472) AND (k <= 7399572))
	  ->  Bitmap Index Scan on k_3  (cost=0.00..5.50 rows=107 width=0)
	        Index Cond: ((k >= 7399472) AND (k <= 7399572))

table 4 : explain SELECT k, c FROM sbtest4 WHERE k BETWEEN 7399472 AND 7399572
	Bitmap Heap Scan on sbtest4  (cost=5.53..428.75 rows=107 width=125)
	  Recheck Cond: ((k >= 7399472) AND (k <= 7399572))
	  ->  Bitmap Index Scan on k_4  (cost=0.00..5.50 rows=107 width=0)
	        Index Cond: ((k >= 7399472) AND (k <= 7399572))

table 5 : explain SELECT k, c FROM sbtest5 WHERE k BETWEEN 7399472 AND 7399572
	Bitmap Heap Scan on sbtest5  (cost=5.42..385.43 rows=96 width=125)
	  Recheck Cond: ((k >= 7399472) AND (k <= 7399572))
	  ->  Bitmap Index Scan on k_5  (cost=0.00..5.39 rows=96 width=0)
	        Index Cond: ((k >= 7399472) AND (k <= 7399572))

table 6 : explain SELECT k, c FROM sbtest6 WHERE k BETWEEN 7399472 AND 7399572
	Bitmap Heap Scan on sbtest6  (cost=5.49..413.00 rows=103 width=125)
	  Recheck Cond: ((k >= 7399472) AND (k <= 7399572))
	  ->  Bitmap Index Scan on k_6  (cost=0.00..5.46 rows=103 width=0)
	        Index Cond: ((k >= 7399472) AND (k <= 7399572))

table 7 : explain SELECT k, c FROM sbtest7 WHERE k BETWEEN 7399472 AND 7399572
	Bitmap Heap Scan on sbtest7  (cost=5.33..349.95 rows=87 width=125)
	  Recheck Cond: ((k >= 7399472) AND (k <= 7399572))
	  ->  Bitmap Index Scan on k_7  (cost=0.00..5.30 rows=87 width=0)
	        Index Cond: ((k >= 7399472) AND (k <= 7399572))

table 8 : explain SELECT k, c FROM sbtest8 WHERE k BETWEEN 7399472 AND 7399572
	Bitmap Heap Scan on sbtest8  (cost=5.62..464.15 rows=116 width=125)
	  Recheck Cond: ((k >= 7399472) AND (k <= 7399572))
	  ->  Bitmap Index Scan on k_8  (cost=0.00..5.59 rows=116 width=0)
	        Index Cond: ((k >= 7399472) AND (k <= 7399572))

explain: for range-notcovered :: explain SELECT k, c FROM sbtest%d WHERE k BETWEEN 2924930 AND 2925030
for range-notcovered
table 1 : explain SELECT k, c FROM sbtest1 WHERE k BETWEEN 8193714 AND 8193814
	Bitmap Heap Scan on sbtest1  (cost=5.38..369.67 rows=92 width=125)
	  Recheck Cond: ((k >= 8193714) AND (k <= 8193814))
	  ->  Bitmap Index Scan on k_1  (cost=0.00..5.35 rows=92 width=0)
	        Index Cond: ((k >= 8193714) AND (k <= 8193814))

table 2 : explain SELECT k, c FROM sbtest2 WHERE k BETWEEN 8193714 AND 8193814
	Bitmap Heap Scan on sbtest2  (cost=5.47..405.13 rows=101 width=125)
	  Recheck Cond: ((k >= 8193714) AND (k <= 8193814))
	  ->  Bitmap Index Scan on k_2  (cost=0.00..5.44 rows=101 width=0)
	        Index Cond: ((k >= 8193714) AND (k <= 8193814))

table 3 : explain SELECT k, c FROM sbtest3 WHERE k BETWEEN 8193714 AND 8193814
	Bitmap Heap Scan on sbtest3  (cost=5.51..420.88 rows=105 width=125)
	  Recheck Cond: ((k >= 8193714) AND (k <= 8193814))
	  ->  Bitmap Index Scan on k_3  (cost=0.00..5.48 rows=105 width=0)
	        Index Cond: ((k >= 8193714) AND (k <= 8193814))

table 4 : explain SELECT k, c FROM sbtest4 WHERE k BETWEEN 8193714 AND 8193814
	Bitmap Heap Scan on sbtest4  (cost=5.43..389.37 rows=97 width=125)
	  Recheck Cond: ((k >= 8193714) AND (k <= 8193814))
	  ->  Bitmap Index Scan on k_4  (cost=0.00..5.40 rows=97 width=0)
	        Index Cond: ((k >= 8193714) AND (k <= 8193814))

table 5 : explain SELECT k, c FROM sbtest5 WHERE k BETWEEN 8193714 AND 8193814
	Bitmap Heap Scan on sbtest5  (cost=5.45..397.25 rows=99 width=125)
	  Recheck Cond: ((k >= 8193714) AND (k <= 8193814))
	  ->  Bitmap Index Scan on k_5  (cost=0.00..5.42 rows=99 width=0)
	        Index Cond: ((k >= 8193714) AND (k <= 8193814))

table 6 : explain SELECT k, c FROM sbtest6 WHERE k BETWEEN 8193714 AND 8193814
	Bitmap Heap Scan on sbtest6  (cost=5.46..401.19 rows=100 width=125)
	  Recheck Cond: ((k >= 8193714) AND (k <= 8193814))
	  ->  Bitmap Index Scan on k_6  (cost=0.00..5.43 rows=100 width=0)
	        Index Cond: ((k >= 8193714) AND (k <= 8193814))

table 7 : explain SELECT k, c FROM sbtest7 WHERE k BETWEEN 8193714 AND 8193814
	Bitmap Heap Scan on sbtest7  (cost=5.49..413.00 rows=103 width=125)
	  Recheck Cond: ((k >= 8193714) AND (k <= 8193814))
	  ->  Bitmap Index Scan on k_7  (cost=0.00..5.46 rows=103 width=0)
	        Index Cond: ((k >= 8193714) AND (k <= 8193814))

table 8 : explain SELECT k, c FROM sbtest8 WHERE k BETWEEN 8193714 AND 8193814
	Bitmap Heap Scan on sbtest8  (cost=5.49..413.00 rows=103 width=125)
	  Recheck Cond: ((k >= 8193714) AND (k <= 8193814))
	  ->  Bitmap Index Scan on k_8  (cost=0.00..5.46 rows=103 width=0)
	        Index Cond: ((k >= 8193714) AND (k <= 8193814))

explain: for range-notcovered :: explain SELECT k, c FROM sbtest%d WHERE k BETWEEN 8193714 AND 8193814
explain: for range-notcovered :: explain SELECT k, c FROM sbtest%d WHERE k BETWEEN 7399472 AND 7399572
for range-notcovered
table 1 : explain SELECT k, c FROM sbtest1 WHERE k BETWEEN 711626 AND 711726
	Bitmap Heap Scan on sbtest1  (cost=5.46..401.19 rows=100 width=125)
	  Recheck Cond: ((k >= 711626) AND (k <= 711726))
	  ->  Bitmap Index Scan on k_1  (cost=0.00..5.43 rows=100 width=0)
	        Index Cond: ((k >= 711626) AND (k <= 711726))

table 2 : explain SELECT k, c FROM sbtest2 WHERE k BETWEEN 711626 AND 711726
	Bitmap Heap Scan on sbtest2  (cost=5.45..397.25 rows=99 width=125)
	  Recheck Cond: ((k >= 711626) AND (k <= 711726))
	  ->  Bitmap Index Scan on k_2  (cost=0.00..5.42 rows=99 width=0)
	        Index Cond: ((k >= 711626) AND (k <= 711726))

table 3 : explain SELECT k, c FROM sbtest3 WHERE k BETWEEN 711626 AND 711726
	Bitmap Heap Scan on sbtest3  (cost=5.49..413.00 rows=103 width=125)
	  Recheck Cond: ((k >= 711626) AND (k <= 711726))
	  ->  Bitmap Index Scan on k_3  (cost=0.00..5.46 rows=103 width=0)
	        Index Cond: ((k >= 711626) AND (k <= 711726))

table 4 : explain SELECT k, c FROM sbtest4 WHERE k BETWEEN 711626 AND 711726
	Bitmap Heap Scan on sbtest4  (cost=5.49..413.00 rows=103 width=125)
	  Recheck Cond: ((k >= 711626) AND (k <= 711726))
	  ->  Bitmap Index Scan on k_4  (cost=0.00..5.46 rows=103 width=0)
	        Index Cond: ((k >= 711626) AND (k <= 711726))

table 5 : explain SELECT k, c FROM sbtest5 WHERE k BETWEEN 711626 AND 711726
	Bitmap Heap Scan on sbtest5  (cost=5.44..393.31 rows=98 width=125)
	  Recheck Cond: ((k >= 711626) AND (k <= 711726))
	  ->  Bitmap Index Scan on k_5  (cost=0.00..5.42 rows=98 width=0)
	        Index Cond: ((k >= 711626) AND (k <= 711726))

table 6 : explain SELECT k, c FROM sbtest6 WHERE k BETWEEN 711626 AND 711726
	Bitmap Heap Scan on sbtest6  (cost=5.43..389.37 rows=97 width=125)
	  Recheck Cond: ((k >= 711626) AND (k <= 711726))
	  ->  Bitmap Index Scan on k_6  (cost=0.00..5.40 rows=97 width=0)
	        Index Cond: ((k >= 711626) AND (k <= 711726))

table 7 : explain SELECT k, c FROM sbtest7 WHERE k BETWEEN 711626 AND 711726
	Bitmap Heap Scan on sbtest7  (cost=5.59..452.36 rows=113 width=125)
	  Recheck Cond: ((k >= 711626) AND (k <= 711726))
	  ->  Bitmap Index Scan on k_7  (cost=0.00..5.56 rows=113 width=0)
	        Index Cond: ((k >= 711626) AND (k <= 711726))

table 8 : explain SELECT k, c FROM sbtest8 WHERE k BETWEEN 711626 AND 711726
	Bitmap Heap Scan on sbtest8  (cost=5.40..377.55 rows=94 width=125)
	  Recheck Cond: ((k >= 711626) AND (k <= 711726))
	  ->  Bitmap Index Scan on k_8  (cost=0.00..5.38 rows=94 width=0)
	        Index Cond: ((k >= 711626) AND (k <= 711726))

for range-notcovered
table 1 : explain SELECT k, c FROM sbtest1 WHERE k BETWEEN 4799196 AND 4799296
	Bitmap Heap Scan on sbtest1  (cost=5.49..413.00 rows=103 width=125)
	  Recheck Cond: ((k >= 4799196) AND (k <= 4799296))
	  ->  Bitmap Index Scan on k_1  (cost=0.00..5.46 rows=103 width=0)
	        Index Cond: ((k >= 4799196) AND (k <= 4799296))

table 2 : explain SELECT k, c FROM sbtest2 WHERE k BETWEEN 4799196 AND 4799296
	Bitmap Heap Scan on sbtest2  (cost=5.61..460.22 rows=115 width=125)
	  Recheck Cond: ((k >= 4799196) AND (k <= 4799296))
	  ->  Bitmap Index Scan on k_2  (cost=0.00..5.58 rows=115 width=0)
	        Index Cond: ((k >= 4799196) AND (k <= 4799296))

table 3 : explain SELECT k, c FROM sbtest3 WHERE k BETWEEN 4799196 AND 4799296
	Bitmap Heap Scan on sbtest3  (cost=5.52..424.81 rows=106 width=125)
	  Recheck Cond: ((k >= 4799196) AND (k <= 4799296))
	  ->  Bitmap Index Scan on k_3  (cost=0.00..5.50 rows=106 width=0)
	        Index Cond: ((k >= 4799196) AND (k <= 4799296))

table 4 : explain SELECT k, c FROM sbtest4 WHERE k BETWEEN 4799196 AND 4799296
	Bitmap Heap Scan on sbtest4  (cost=5.37..365.72 rows=91 width=125)
	  Recheck Cond: ((k >= 4799196) AND (k <= 4799296))
	  ->  Bitmap Index Scan on k_4  (cost=0.00..5.34 rows=91 width=0)
	        Index Cond: ((k >= 4799196) AND (k <= 4799296))

table 5 : explain SELECT k, c FROM sbtest5 WHERE k BETWEEN 4799196 AND 4799296
	Bitmap Heap Scan on sbtest5  (cost=5.56..440.56 rows=110 width=125)
	  Recheck Cond: ((k >= 4799196) AND (k <= 4799296))
	  ->  Bitmap Index Scan on k_5  (cost=0.00..5.53 rows=110 width=0)
	        Index Cond: ((k >= 4799196) AND (k <= 4799296))

table 6 : explain SELECT k, c FROM sbtest6 WHERE k BETWEEN 4799196 AND 4799296
	Bitmap Heap Scan on sbtest6  (cost=5.49..413.00 rows=103 width=125)
	  Recheck Cond: ((k >= 4799196) AND (k <= 4799296))
	  ->  Bitmap Index Scan on k_6  (cost=0.00..5.46 rows=103 width=0)
	        Index Cond: ((k >= 4799196) AND (k <= 4799296))

table 7 : explain SELECT k, c FROM sbtest7 WHERE k BETWEEN 4799196 AND 4799296
	Bitmap Heap Scan on sbtest7  (cost=5.45..397.25 rows=99 width=125)
	  Recheck Cond: ((k >= 4799196) AND (k <= 4799296))
	  ->  Bitmap Index Scan on k_7  (cost=0.00..5.42 rows=99 width=0)
	        Index Cond: ((k >= 4799196) AND (k <= 4799296))

table 8 : explain SELECT k, c FROM sbtest8 WHERE k BETWEEN 4799196 AND 4799296
	Bitmap Heap Scan on sbtest8  (cost=5.55..436.62 rows=109 width=125)
	  Recheck Cond: ((k >= 4799196) AND (k <= 4799296))
	  ->  Bitmap Index Scan on k_8  (cost=0.00..5.52 rows=109 width=0)
	        Index Cond: ((k >= 4799196) AND (k <= 4799296))

explain: for range-notcovered :: explain SELECT k, c FROM sbtest%d WHERE k BETWEEN 711626 AND 711726
for range-notcovered
table 1 : explain SELECT k, c FROM sbtest1 WHERE k BETWEEN 5675082 AND 5675182
	Bitmap Heap Scan on sbtest1  (cost=5.45..397.25 rows=99 width=125)
	  Recheck Cond: ((k >= 5675082) AND (k <= 5675182))
	  ->  Bitmap Index Scan on k_1  (cost=0.00..5.42 rows=99 width=0)
	        Index Cond: ((k >= 5675082) AND (k <= 5675182))

table 2 : explain SELECT k, c FROM sbtest2 WHERE k BETWEEN 5675082 AND 5675182
	Bitmap Heap Scan on sbtest2  (cost=5.42..385.43 rows=96 width=125)
	  Recheck Cond: ((k >= 5675082) AND (k <= 5675182))
	  ->  Bitmap Index Scan on k_2  (cost=0.00..5.39 rows=96 width=0)
	        Index Cond: ((k >= 5675082) AND (k <= 5675182))

table 3 : explain SELECT k, c FROM sbtest3 WHERE k BETWEEN 5675082 AND 5675182
	Bitmap Heap Scan on sbtest3  (cost=5.49..413.00 rows=103 width=125)
	  Recheck Cond: ((k >= 5675082) AND (k <= 5675182))
	  ->  Bitmap Index Scan on k_3  (cost=0.00..5.46 rows=103 width=0)
	        Index Cond: ((k >= 5675082) AND (k <= 5675182))

table 4 : explain SELECT k, c FROM sbtest4 WHERE k BETWEEN 5675082 AND 5675182
	Bitmap Heap Scan on sbtest4  (cost=5.53..428.75 rows=107 width=125)
	  Recheck Cond: ((k >= 5675082) AND (k <= 5675182))
	  ->  Bitmap Index Scan on k_4  (cost=0.00..5.50 rows=107 width=0)
	        Index Cond: ((k >= 5675082) AND (k <= 5675182))

table 5 : explain SELECT k, c FROM sbtest5 WHERE k BETWEEN 5675082 AND 5675182
	Bitmap Heap Scan on sbtest5  (cost=5.55..436.62 rows=109 width=125)
	  Recheck Cond: ((k >= 5675082) AND (k <= 5675182))
	  ->  Bitmap Index Scan on k_5  (cost=0.00..5.52 rows=109 width=0)
	        Index Cond: ((k >= 5675082) AND (k <= 5675182))

table 6 : explain SELECT k, c FROM sbtest6 WHERE k BETWEEN 5675082 AND 5675182
	Bitmap Heap Scan on sbtest6  (cost=5.40..377.55 rows=94 width=125)
	  Recheck Cond: ((k >= 5675082) AND (k <= 5675182))
	  ->  Bitmap Index Scan on k_6  (cost=0.00..5.38 rows=94 width=0)
	        Index Cond: ((k >= 5675082) AND (k <= 5675182))

table 7 : explain SELECT k, c FROM sbtest7 WHERE k BETWEEN 5675082 AND 5675182
	Bitmap Heap Scan on sbtest7  (cost=5.46..401.19 rows=100 width=125)
	  Recheck Cond: ((k >= 5675082) AND (k <= 5675182))
	  ->  Bitmap Index Scan on k_7  (cost=0.00..5.43 rows=100 width=0)
	        Index Cond: ((k >= 5675082) AND (k <= 5675182))

table 8 : explain SELECT k, c FROM sbtest8 WHERE k BETWEEN 5675082 AND 5675182
	Bitmap Heap Scan on sbtest8  (cost=5.55..436.62 rows=109 width=125)
	  Recheck Cond: ((k >= 5675082) AND (k <= 5675182))
	  ->  Bitmap Index Scan on k_8  (cost=0.00..5.52 rows=109 width=0)
	        Index Cond: ((k >= 5675082) AND (k <= 5675182))

explain: for range-notcovered :: explain SELECT k, c FROM sbtest%d WHERE k BETWEEN 5675082 AND 5675182
explain: for range-notcovered :: explain SELECT k, c FROM sbtest%d WHERE k BETWEEN 4799196 AND 4799296
for range-notcovered
table 1 : explain SELECT k, c FROM sbtest1 WHERE k BETWEEN 3756861 AND 3756961
	Bitmap Heap Scan on sbtest1  (cost=5.47..405.13 rows=101 width=125)
	  Recheck Cond: ((k >= 3756861) AND (k <= 3756961))
	  ->  Bitmap Index Scan on k_1  (cost=0.00..5.44 rows=101 width=0)
	        Index Cond: ((k >= 3756861) AND (k <= 3756961))

table 2 : explain SELECT k, c FROM sbtest2 WHERE k BETWEEN 3756861 AND 3756961
	Bitmap Heap Scan on sbtest2  (cost=5.52..424.81 rows=106 width=125)
	  Recheck Cond: ((k >= 3756861) AND (k <= 3756961))
	  ->  Bitmap Index Scan on k_2  (cost=0.00..5.50 rows=106 width=0)
	        Index Cond: ((k >= 3756861) AND (k <= 3756961))

table 3 : explain SELECT k, c FROM sbtest3 WHERE k BETWEEN 3756861 AND 3756961
	Bitmap Heap Scan on sbtest3  (cost=5.57..444.49 rows=111 width=125)
	  Recheck Cond: ((k >= 3756861) AND (k <= 3756961))
	  ->  Bitmap Index Scan on k_3  (cost=0.00..5.54 rows=111 width=0)
	        Index Cond: ((k >= 3756861) AND (k <= 3756961))

table 4 : explain SELECT k, c FROM sbtest4 WHERE k BETWEEN 3756861 AND 3756961
	Bitmap Heap Scan on sbtest4  (cost=5.50..416.94 rows=104 width=125)
	  Recheck Cond: ((k >= 3756861) AND (k <= 3756961))
	  ->  Bitmap Index Scan on k_4  (cost=0.00..5.47 rows=104 width=0)
	        Index Cond: ((k >= 3756861) AND (k <= 3756961))

table 5 : explain SELECT k, c FROM sbtest5 WHERE k BETWEEN 3756861 AND 3756961
	Bitmap Heap Scan on sbtest5  (cost=5.43..389.37 rows=97 width=125)
	  Recheck Cond: ((k >= 3756861) AND (k <= 3756961))
	  ->  Bitmap Index Scan on k_5  (cost=0.00..5.40 rows=97 width=0)
	        Index Cond: ((k >= 3756861) AND (k <= 3756961))

table 6 : explain SELECT k, c FROM sbtest6 WHERE k BETWEEN 3756861 AND 3756961
	Bitmap Heap Scan on sbtest6  (cost=5.48..409.07 rows=102 width=125)
	  Recheck Cond: ((k >= 3756861) AND (k <= 3756961))
	  ->  Bitmap Index Scan on k_6  (cost=0.00..5.45 rows=102 width=0)
	        Index Cond: ((k >= 3756861) AND (k <= 3756961))

table 7 : explain SELECT k, c FROM sbtest7 WHERE k BETWEEN 3756861 AND 3756961
	Bitmap Heap Scan on sbtest7  (cost=5.61..460.22 rows=115 width=125)
	  Recheck Cond: ((k >= 3756861) AND (k <= 3756961))
	  ->  Bitmap Index Scan on k_7  (cost=0.00..5.58 rows=115 width=0)
	        Index Cond: ((k >= 3756861) AND (k <= 3756961))

table 8 : explain SELECT k, c FROM sbtest8 WHERE k BETWEEN 3756861 AND 3756961
	Bitmap Heap Scan on sbtest8  (cost=5.37..365.72 rows=91 width=125)
	  Recheck Cond: ((k >= 3756861) AND (k <= 3756961))
	  ->  Bitmap Index Scan on k_8  (cost=0.00..5.34 rows=91 width=0)
	        Index Cond: ((k >= 3756861) AND (k <= 3756961))

for range-notcovered
table 1 : explain SELECT k, c FROM sbtest1 WHERE k BETWEEN 4955184 AND 4955284
	Bitmap Heap Scan on sbtest1  (cost=5.55..436.62 rows=109 width=125)
	  Recheck Cond: ((k >= 4955184) AND (k <= 4955284))
	  ->  Bitmap Index Scan on k_1  (cost=0.00..5.52 rows=109 width=0)
	        Index Cond: ((k >= 4955184) AND (k <= 4955284))

table 2 : explain SELECT k, c FROM sbtest2 WHERE k BETWEEN 4955184 AND 4955284
	Bitmap Heap Scan on sbtest2  (cost=5.41..381.49 rows=95 width=125)
	  Recheck Cond: ((k >= 4955184) AND (k <= 4955284))
	  ->  Bitmap Index Scan on k_2  (cost=0.00..5.38 rows=95 width=0)
	        Index Cond: ((k >= 4955184) AND (k <= 4955284))

table 3 : explain SELECT k, c FROM sbtest3 WHERE k BETWEEN 4955184 AND 4955284
	Bitmap Heap Scan on sbtest3  (cost=5.46..401.19 rows=100 width=125)
	  Recheck Cond: ((k >= 4955184) AND (k <= 4955284))
	  ->  Bitmap Index Scan on k_3  (cost=0.00..5.43 rows=100 width=0)
	        Index Cond: ((k >= 4955184) AND (k <= 4955284))

table 4 : explain SELECT k, c FROM sbtest4 WHERE k BETWEEN 4955184 AND 4955284
	Bitmap Heap Scan on sbtest4  (cost=5.40..377.55 rows=94 width=125)
	  Recheck Cond: ((k >= 4955184) AND (k <= 4955284))
	  ->  Bitmap Index Scan on k_4  (cost=0.00..5.38 rows=94 width=0)
	        Index Cond: ((k >= 4955184) AND (k <= 4955284))

table 5 : explain SELECT k, c FROM sbtest5 WHERE k BETWEEN 4955184 AND 4955284
	Bitmap Heap Scan on sbtest5  (cost=5.41..381.49 rows=95 width=125)
	  Recheck Cond: ((k >= 4955184) AND (k <= 4955284))
	  ->  Bitmap Index Scan on k_5  (cost=0.00..5.38 rows=95 width=0)
	        Index Cond: ((k >= 4955184) AND (k <= 4955284))

table 6 : explain SELECT k, c FROM sbtest6 WHERE k BETWEEN 4955184 AND 4955284
	Bitmap Heap Scan on sbtest6  (cost=5.43..389.37 rows=97 width=125)
	  Recheck Cond: ((k >= 4955184) AND (k <= 4955284))
	  ->  Bitmap Index Scan on k_6  (cost=0.00..5.40 rows=97 width=0)
	        Index Cond: ((k >= 4955184) AND (k <= 4955284))

table 7 : explain SELECT k, c FROM sbtest7 WHERE k BETWEEN 4955184 AND 4955284
	Bitmap Heap Scan on sbtest7  (cost=5.46..401.19 rows=100 width=125)
	  Recheck Cond: ((k >= 4955184) AND (k <= 4955284))
	  ->  Bitmap Index Scan on k_7  (cost=0.00..5.43 rows=100 width=0)
	        Index Cond: ((k >= 4955184) AND (k <= 4955284))

table 8 : explain SELECT k, c FROM sbtest8 WHERE k BETWEEN 4955184 AND 4955284
	Bitmap Heap Scan on sbtest8  (cost=5.47..405.13 rows=101 width=125)
	  Recheck Cond: ((k >= 4955184) AND (k <= 4955284))
	  ->  Bitmap Index Scan on k_8  (cost=0.00..5.44 rows=101 width=0)
	        Index Cond: ((k >= 4955184) AND (k <= 4955284))

explain: for range-notcovered :: explain SELECT k, c FROM sbtest%d WHERE k BETWEEN 3756861 AND 3756961
explain: for range-notcovered :: explain SELECT k, c FROM sbtest%d WHERE k BETWEEN 4955184 AND 4955284
for range-notcovered
table 1 : explain SELECT k, c FROM sbtest1 WHERE k BETWEEN 6560561 AND 6560661
	Bitmap Heap Scan on sbtest1  (cost=5.49..413.00 rows=103 width=125)
	  Recheck Cond: ((k >= 6560561) AND (k <= 6560661))
	  ->  Bitmap Index Scan on k_1  (cost=0.00..5.46 rows=103 width=0)
	        Index Cond: ((k >= 6560561) AND (k <= 6560661))

table 2 : explain SELECT k, c FROM sbtest2 WHERE k BETWEEN 6560561 AND 6560661
	Bitmap Heap Scan on sbtest2  (cost=5.60..456.29 rows=114 width=125)
	  Recheck Cond: ((k >= 6560561) AND (k <= 6560661))
	  ->  Bitmap Index Scan on k_2  (cost=0.00..5.58 rows=114 width=0)
	        Index Cond: ((k >= 6560561) AND (k <= 6560661))

table 3 : explain SELECT k, c FROM sbtest3 WHERE k BETWEEN 6560561 AND 6560661
	Bitmap Heap Scan on sbtest3  (cost=5.49..413.00 rows=103 width=125)
	  Recheck Cond: ((k >= 6560561) AND (k <= 6560661))
	  ->  Bitmap Index Scan on k_3  (cost=0.00..5.46 rows=103 width=0)
	        Index Cond: ((k >= 6560561) AND (k <= 6560661))

table 4 : explain SELECT k, c FROM sbtest4 WHERE k BETWEEN 6560561 AND 6560661
	Bitmap Heap Scan on sbtest4  (cost=5.43..389.37 rows=97 width=125)
	  Recheck Cond: ((k >= 6560561) AND (k <= 6560661))
	  ->  Bitmap Index Scan on k_4  (cost=0.00..5.40 rows=97 width=0)
	        Index Cond: ((k >= 6560561) AND (k <= 6560661))

table 5 : explain SELECT k, c FROM sbtest5 WHERE k BETWEEN 6560561 AND 6560661
	Bitmap Heap Scan on sbtest5  (cost=5.47..405.13 rows=101 width=125)
	  Recheck Cond: ((k >= 6560561) AND (k <= 6560661))
	  ->  Bitmap Index Scan on k_5  (cost=0.00..5.44 rows=101 width=0)
	        Index Cond: ((k >= 6560561) AND (k <= 6560661))

table 6 : explain SELECT k, c FROM sbtest6 WHERE k BETWEEN 6560561 AND 6560661
	Bitmap Heap Scan on sbtest6  (cost=5.49..413.00 rows=103 width=125)
	  Recheck Cond: ((k >= 6560561) AND (k <= 6560661))
	  ->  Bitmap Index Scan on k_6  (cost=0.00..5.46 rows=103 width=0)
	        Index Cond: ((k >= 6560561) AND (k <= 6560661))

table 7 : explain SELECT k, c FROM sbtest7 WHERE k BETWEEN 6560561 AND 6560661
	Bitmap Heap Scan on sbtest7  (cost=5.43..389.37 rows=97 width=125)
	  Recheck Cond: ((k >= 6560561) AND (k <= 6560661))
	  ->  Bitmap Index Scan on k_7  (cost=0.00..5.40 rows=97 width=0)
	        Index Cond: ((k >= 6560561) AND (k <= 6560661))

table 8 : explain SELECT k, c FROM sbtest8 WHERE k BETWEEN 6560561 AND 6560661
	Bitmap Heap Scan on sbtest8  (cost=5.44..393.31 rows=98 width=125)
	  Recheck Cond: ((k >= 6560561) AND (k <= 6560661))
	  ->  Bitmap Index Scan on k_8  (cost=0.00..5.42 rows=98 width=0)
	        Index Cond: ((k >= 6560561) AND (k <= 6560661))

for range-notcovered
table 1 : explain SELECT k, c FROM sbtest1 WHERE k BETWEEN 3670230 AND 3670330
	Bitmap Heap Scan on sbtest1  (cost=5.48..409.07 rows=102 width=125)
	  Recheck Cond: ((k >= 3670230) AND (k <= 3670330))
	  ->  Bitmap Index Scan on k_1  (cost=0.00..5.45 rows=102 width=0)
	        Index Cond: ((k >= 3670230) AND (k <= 3670330))

table 2 : explain SELECT k, c FROM sbtest2 WHERE k BETWEEN 3670230 AND 3670330
	Bitmap Heap Scan on sbtest2  (cost=5.47..405.13 rows=101 width=125)
	  Recheck Cond: ((k >= 3670230) AND (k <= 3670330))
	  ->  Bitmap Index Scan on k_2  (cost=0.00..5.44 rows=101 width=0)
	        Index Cond: ((k >= 3670230) AND (k <= 3670330))

table 3 : explain SELECT k, c FROM sbtest3 WHERE k BETWEEN 3670230 AND 3670330
	Bitmap Heap Scan on sbtest3  (cost=5.58..448.42 rows=112 width=125)
	  Recheck Cond: ((k >= 3670230) AND (k <= 3670330))
	  ->  Bitmap Index Scan on k_3  (cost=0.00..5.55 rows=112 width=0)
	        Index Cond: ((k >= 3670230) AND (k <= 3670330))

table 4 : explain SELECT k, c FROM sbtest4 WHERE k BETWEEN 3670230 AND 3670330
	Bitmap Heap Scan on sbtest4  (cost=5.60..456.29 rows=114 width=125)
	  Recheck Cond: ((k >= 3670230) AND (k <= 3670330))
	  ->  Bitmap Index Scan on k_4  (cost=0.00..5.58 rows=114 width=0)
	        Index Cond: ((k >= 3670230) AND (k <= 3670330))

table 5 : explain SELECT k, c FROM sbtest5 WHERE k BETWEEN 3670230 AND 3670330
	Bitmap Heap Scan on sbtest5  (cost=5.39..373.61 rows=93 width=125)
	  Recheck Cond: ((k >= 3670230) AND (k <= 3670330))
	  ->  Bitmap Index Scan on k_5  (cost=0.00..5.36 rows=93 width=0)
	        Index Cond: ((k >= 3670230) AND (k <= 3670330))

table 6 : explain SELECT k, c FROM sbtest6 WHERE k BETWEEN 3670230 AND 3670330
	Bitmap Heap Scan on sbtest6  (cost=5.48..409.07 rows=102 width=125)
	  Recheck Cond: ((k >= 3670230) AND (k <= 3670330))
	  ->  Bitmap Index Scan on k_6  (cost=0.00..5.45 rows=102 width=0)
	        Index Cond: ((k >= 3670230) AND (k <= 3670330))

table 7 : explain SELECT k, c FROM sbtest7 WHERE k BETWEEN 3670230 AND 3670330
	Bitmap Heap Scan on sbtest7  (cost=5.53..428.75 rows=107 width=125)
	  Recheck Cond: ((k >= 3670230) AND (k <= 3670330))
	  ->  Bitmap Index Scan on k_7  (cost=0.00..5.50 rows=107 width=0)
	        Index Cond: ((k >= 3670230) AND (k <= 3670330))

table 8 : explain SELECT k, c FROM sbtest8 WHERE k BETWEEN 3670230 AND 3670330
	Bitmap Heap Scan on sbtest8  (cost=5.49..413.00 rows=103 width=125)
	  Recheck Cond: ((k >= 3670230) AND (k <= 3670330))
	  ->  Bitmap Index Scan on k_8  (cost=0.00..5.46 rows=103 width=0)
	        Index Cond: ((k >= 3670230) AND (k <= 3670330))

explain: for range-notcovered :: explain SELECT k, c FROM sbtest%d WHERE k BETWEEN 6560561 AND 6560661
for range-notcovered
table 1 : explain SELECT k, c FROM sbtest1 WHERE k BETWEEN 3918120 AND 3918220
	Bitmap Heap Scan on sbtest1  (cost=5.55..436.62 rows=109 width=125)
	  Recheck Cond: ((k >= 3918120) AND (k <= 3918220))
	  ->  Bitmap Index Scan on k_1  (cost=0.00..5.52 rows=109 width=0)
	        Index Cond: ((k >= 3918120) AND (k <= 3918220))

table 2 : explain SELECT k, c FROM sbtest2 WHERE k BETWEEN 3918120 AND 3918220
	Bitmap Heap Scan on sbtest2  (cost=5.46..401.19 rows=100 width=125)
	  Recheck Cond: ((k >= 3918120) AND (k <= 3918220))
	  ->  Bitmap Index Scan on k_2  (cost=0.00..5.43 rows=100 width=0)
	        Index Cond: ((k >= 3918120) AND (k <= 3918220))

table 3 : explain SELECT k, c FROM sbtest3 WHERE k BETWEEN 3918120 AND 3918220
	Bitmap Heap Scan on sbtest3  (cost=5.41..381.49 rows=95 width=125)
	  Recheck Cond: ((k >= 3918120) AND (k <= 3918220))
	  ->  Bitmap Index Scan on k_3  (cost=0.00..5.38 rows=95 width=0)
	        Index Cond: ((k >= 3918120) AND (k <= 3918220))

table 4 : explain SELECT k, c FROM sbtest4 WHERE k BETWEEN 3918120 AND 3918220
	Bitmap Heap Scan on sbtest4  (cost=5.54..432.69 rows=108 width=125)
	  Recheck Cond: ((k >= 3918120) AND (k <= 3918220))
	  ->  Bitmap Index Scan on k_4  (cost=0.00..5.51 rows=108 width=0)
	        Index Cond: ((k >= 3918120) AND (k <= 3918220))

table 5 : explain SELECT k, c FROM sbtest5 WHERE k BETWEEN 3918120 AND 3918220
	Bitmap Heap Scan on sbtest5  (cost=5.49..413.00 rows=103 width=125)
	  Recheck Cond: ((k >= 3918120) AND (k <= 3918220))
	  ->  Bitmap Index Scan on k_5  (cost=0.00..5.46 rows=103 width=0)
	        Index Cond: ((k >= 3918120) AND (k <= 3918220))

table 6 : explain SELECT k, c FROM sbtest6 WHERE k BETWEEN 3918120 AND 3918220
	Bitmap Heap Scan on sbtest6  (cost=5.44..393.31 rows=98 width=125)
	  Recheck Cond: ((k >= 3918120) AND (k <= 3918220))
	  ->  Bitmap Index Scan on k_6  (cost=0.00..5.42 rows=98 width=0)
	        Index Cond: ((k >= 3918120) AND (k <= 3918220))

table 7 : explain SELECT k, c FROM sbtest7 WHERE k BETWEEN 3918120 AND 3918220
	Bitmap Heap Scan on sbtest7  (cost=5.42..385.43 rows=96 width=125)
	  Recheck Cond: ((k >= 3918120) AND (k <= 3918220))
	  ->  Bitmap Index Scan on k_7  (cost=0.00..5.39 rows=96 width=0)
	        Index Cond: ((k >= 3918120) AND (k <= 3918220))

table 8 : explain SELECT k, c FROM sbtest8 WHERE k BETWEEN 3918120 AND 3918220
	Bitmap Heap Scan on sbtest8  (cost=5.46..401.19 rows=100 width=125)
	  Recheck Cond: ((k >= 3918120) AND (k <= 3918220))
	  ->  Bitmap Index Scan on k_8  (cost=0.00..5.43 rows=100 width=0)
	        Index Cond: ((k >= 3918120) AND (k <= 3918220))

explain: for range-notcovered :: explain SELECT k, c FROM sbtest%d WHERE k BETWEEN 3670230 AND 3670330
explain: for range-notcovered :: explain SELECT k, c FROM sbtest%d WHERE k BETWEEN 3918120 AND 3918220
for range-notcovered
table 1 : explain SELECT k, c FROM sbtest1 WHERE k BETWEEN 711626 AND 711726
	Bitmap Heap Scan on sbtest1  (cost=5.46..401.19 rows=100 width=125)
	  Recheck Cond: ((k >= 711626) AND (k <= 711726))
	  ->  Bitmap Index Scan on k_1  (cost=0.00..5.43 rows=100 width=0)
	        Index Cond: ((k >= 711626) AND (k <= 711726))

table 2 : explain SELECT k, c FROM sbtest2 WHERE k BETWEEN 711626 AND 711726
	Bitmap Heap Scan on sbtest2  (cost=5.45..397.25 rows=99 width=125)
	  Recheck Cond: ((k >= 711626) AND (k <= 711726))
	  ->  Bitmap Index Scan on k_2  (cost=0.00..5.42 rows=99 width=0)
	        Index Cond: ((k >= 711626) AND (k <= 711726))

table 3 : explain SELECT k, c FROM sbtest3 WHERE k BETWEEN 711626 AND 711726
	Bitmap Heap Scan on sbtest3  (cost=5.49..413.00 rows=103 width=125)
	  Recheck Cond: ((k >= 711626) AND (k <= 711726))
	  ->  Bitmap Index Scan on k_3  (cost=0.00..5.46 rows=103 width=0)
	        Index Cond: ((k >= 711626) AND (k <= 711726))

table 4 : explain SELECT k, c FROM sbtest4 WHERE k BETWEEN 711626 AND 711726
	Bitmap Heap Scan on sbtest4  (cost=5.49..413.00 rows=103 width=125)
	  Recheck Cond: ((k >= 711626) AND (k <= 711726))
	  ->  Bitmap Index Scan on k_4  (cost=0.00..5.46 rows=103 width=0)
	        Index Cond: ((k >= 711626) AND (k <= 711726))

table 5 : explain SELECT k, c FROM sbtest5 WHERE k BETWEEN 711626 AND 711726
	Bitmap Heap Scan on sbtest5  (cost=5.44..393.31 rows=98 width=125)
	  Recheck Cond: ((k >= 711626) AND (k <= 711726))
	  ->  Bitmap Index Scan on k_5  (cost=0.00..5.42 rows=98 width=0)
	        Index Cond: ((k >= 711626) AND (k <= 711726))

table 6 : explain SELECT k, c FROM sbtest6 WHERE k BETWEEN 711626 AND 711726
	Bitmap Heap Scan on sbtest6  (cost=5.43..389.37 rows=97 width=125)
	  Recheck Cond: ((k >= 711626) AND (k <= 711726))
	  ->  Bitmap Index Scan on k_6  (cost=0.00..5.40 rows=97 width=0)
	        Index Cond: ((k >= 711626) AND (k <= 711726))

table 7 : explain SELECT k, c FROM sbtest7 WHERE k BETWEEN 711626 AND 711726
	Bitmap Heap Scan on sbtest7  (cost=5.59..452.36 rows=113 width=125)
	  Recheck Cond: ((k >= 711626) AND (k <= 711726))
	  ->  Bitmap Index Scan on k_7  (cost=0.00..5.56 rows=113 width=0)
	        Index Cond: ((k >= 711626) AND (k <= 711726))

table 8 : explain SELECT k, c FROM sbtest8 WHERE k BETWEEN 711626 AND 711726
	Bitmap Heap Scan on sbtest8  (cost=5.40..377.55 rows=94 width=125)
	  Recheck Cond: ((k >= 711626) AND (k <= 711726))
	  ->  Bitmap Index Scan on k_8  (cost=0.00..5.38 rows=94 width=0)
	        Index Cond: ((k >= 711626) AND (k <= 711726))

explain: for range-notcovered :: explain SELECT k, c FROM sbtest%d WHERE k BETWEEN 711626 AND 711726
for range-notcovered
table 1 : explain SELECT k, c FROM sbtest1 WHERE k BETWEEN 5675082 AND 5675182
	Bitmap Heap Scan on sbtest1  (cost=5.45..397.25 rows=99 width=125)
	  Recheck Cond: ((k >= 5675082) AND (k <= 5675182))
	  ->  Bitmap Index Scan on k_1  (cost=0.00..5.42 rows=99 width=0)
	        Index Cond: ((k >= 5675082) AND (k <= 5675182))

table 2 : explain SELECT k, c FROM sbtest2 WHERE k BETWEEN 5675082 AND 5675182
	Bitmap Heap Scan on sbtest2  (cost=5.42..385.43 rows=96 width=125)
	  Recheck Cond: ((k >= 5675082) AND (k <= 5675182))
	  ->  Bitmap Index Scan on k_2  (cost=0.00..5.39 rows=96 width=0)
	        Index Cond: ((k >= 5675082) AND (k <= 5675182))

table 3 : explain SELECT k, c FROM sbtest3 WHERE k BETWEEN 5675082 AND 5675182
	Bitmap Heap Scan on sbtest3  (cost=5.49..413.00 rows=103 width=125)
	  Recheck Cond: ((k >= 5675082) AND (k <= 5675182))
	  ->  Bitmap Index Scan on k_3  (cost=0.00..5.46 rows=103 width=0)
	        Index Cond: ((k >= 5675082) AND (k <= 5675182))

table 4 : explain SELECT k, c FROM sbtest4 WHERE k BETWEEN 5675082 AND 5675182
	Bitmap Heap Scan on sbtest4  (cost=5.53..428.75 rows=107 width=125)
	  Recheck Cond: ((k >= 5675082) AND (k <= 5675182))
	  ->  Bitmap Index Scan on k_4  (cost=0.00..5.50 rows=107 width=0)
	        Index Cond: ((k >= 5675082) AND (k <= 5675182))

table 5 : explain SELECT k, c FROM sbtest5 WHERE k BETWEEN 5675082 AND 5675182
	Bitmap Heap Scan on sbtest5  (cost=5.55..436.62 rows=109 width=125)
	  Recheck Cond: ((k >= 5675082) AND (k <= 5675182))
	  ->  Bitmap Index Scan on k_5  (cost=0.00..5.52 rows=109 width=0)
	        Index Cond: ((k >= 5675082) AND (k <= 5675182))

table 6 : explain SELECT k, c FROM sbtest6 WHERE k BETWEEN 5675082 AND 5675182
	Bitmap Heap Scan on sbtest6  (cost=5.40..377.55 rows=94 width=125)
	  Recheck Cond: ((k >= 5675082) AND (k <= 5675182))
	  ->  Bitmap Index Scan on k_6  (cost=0.00..5.38 rows=94 width=0)
	        Index Cond: ((k >= 5675082) AND (k <= 5675182))

table 7 : explain SELECT k, c FROM sbtest7 WHERE k BETWEEN 5675082 AND 5675182
	Bitmap Heap Scan on sbtest7  (cost=5.46..401.19 rows=100 width=125)
	  Recheck Cond: ((k >= 5675082) AND (k <= 5675182))
	  ->  Bitmap Index Scan on k_7  (cost=0.00..5.43 rows=100 width=0)
	        Index Cond: ((k >= 5675082) AND (k <= 5675182))

table 8 : explain SELECT k, c FROM sbtest8 WHERE k BETWEEN 5675082 AND 5675182
	Bitmap Heap Scan on sbtest8  (cost=5.55..436.62 rows=109 width=125)
	  Recheck Cond: ((k >= 5675082) AND (k <= 5675182))
	  ->  Bitmap Index Scan on k_8  (cost=0.00..5.52 rows=109 width=0)
	        Index Cond: ((k >= 5675082) AND (k <= 5675182))

explain: for range-notcovered :: explain SELECT k, c FROM sbtest%d WHERE k BETWEEN 5675082 AND 5675182
for range-notcovered
table 1 : explain SELECT k, c FROM sbtest1 WHERE k BETWEEN 4955184 AND 4955284
	Bitmap Heap Scan on sbtest1  (cost=5.55..436.62 rows=109 width=125)
	  Recheck Cond: ((k >= 4955184) AND (k <= 4955284))
	  ->  Bitmap Index Scan on k_1  (cost=0.00..5.52 rows=109 width=0)
	        Index Cond: ((k >= 4955184) AND (k <= 4955284))

table 2 : explain SELECT k, c FROM sbtest2 WHERE k BETWEEN 4955184 AND 4955284
	Bitmap Heap Scan on sbtest2  (cost=5.41..381.49 rows=95 width=125)
	  Recheck Cond: ((k >= 4955184) AND (k <= 4955284))
	  ->  Bitmap Index Scan on k_2  (cost=0.00..5.38 rows=95 width=0)
	        Index Cond: ((k >= 4955184) AND (k <= 4955284))

table 3 : explain SELECT k, c FROM sbtest3 WHERE k BETWEEN 4955184 AND 4955284
	Bitmap Heap Scan on sbtest3  (cost=5.46..401.19 rows=100 width=125)
	  Recheck Cond: ((k >= 4955184) AND (k <= 4955284))
	  ->  Bitmap Index Scan on k_3  (cost=0.00..5.43 rows=100 width=0)
	        Index Cond: ((k >= 4955184) AND (k <= 4955284))

table 4 : explain SELECT k, c FROM sbtest4 WHERE k BETWEEN 4955184 AND 4955284
	Bitmap Heap Scan on sbtest4  (cost=5.40..377.55 rows=94 width=125)
	  Recheck Cond: ((k >= 4955184) AND (k <= 4955284))
	  ->  Bitmap Index Scan on k_4  (cost=0.00..5.38 rows=94 width=0)
	        Index Cond: ((k >= 4955184) AND (k <= 4955284))

table 5 : explain SELECT k, c FROM sbtest5 WHERE k BETWEEN 4955184 AND 4955284
	Bitmap Heap Scan on sbtest5  (cost=5.41..381.49 rows=95 width=125)
	  Recheck Cond: ((k >= 4955184) AND (k <= 4955284))
	  ->  Bitmap Index Scan on k_5  (cost=0.00..5.38 rows=95 width=0)
	        Index Cond: ((k >= 4955184) AND (k <= 4955284))

table 6 : explain SELECT k, c FROM sbtest6 WHERE k BETWEEN 4955184 AND 4955284
	Bitmap Heap Scan on sbtest6  (cost=5.43..389.37 rows=97 width=125)
	  Recheck Cond: ((k >= 4955184) AND (k <= 4955284))
	  ->  Bitmap Index Scan on k_6  (cost=0.00..5.40 rows=97 width=0)
	        Index Cond: ((k >= 4955184) AND (k <= 4955284))

table 7 : explain SELECT k, c FROM sbtest7 WHERE k BETWEEN 4955184 AND 4955284
	Bitmap Heap Scan on sbtest7  (cost=5.46..401.19 rows=100 width=125)
	  Recheck Cond: ((k >= 4955184) AND (k <= 4955284))
	  ->  Bitmap Index Scan on k_7  (cost=0.00..5.43 rows=100 width=0)
	        Index Cond: ((k >= 4955184) AND (k <= 4955284))

table 8 : explain SELECT k, c FROM sbtest8 WHERE k BETWEEN 4955184 AND 4955284
	Bitmap Heap Scan on sbtest8  (cost=5.47..405.13 rows=101 width=125)
	  Recheck Cond: ((k >= 4955184) AND (k <= 4955284))
	  ->  Bitmap Index Scan on k_8  (cost=0.00..5.44 rows=101 width=0)
	        Index Cond: ((k >= 4955184) AND (k <= 4955284))

for range-notcovered
table 1 : explain SELECT k, c FROM sbtest1 WHERE k BETWEEN 2924930 AND 2925030
	Bitmap Heap Scan on sbtest1  (cost=5.39..373.61 rows=93 width=125)
	  Recheck Cond: ((k >= 2924930) AND (k <= 2925030))
	  ->  Bitmap Index Scan on k_1  (cost=0.00..5.36 rows=93 width=0)
	        Index Cond: ((k >= 2924930) AND (k <= 2925030))

table 2 : explain SELECT k, c FROM sbtest2 WHERE k BETWEEN 2924930 AND 2925030
	Bitmap Heap Scan on sbtest2  (cost=5.50..416.94 rows=104 width=125)
	  Recheck Cond: ((k >= 2924930) AND (k <= 2925030))
	  ->  Bitmap Index Scan on k_2  (cost=0.00..5.47 rows=104 width=0)
	        Index Cond: ((k >= 2924930) AND (k <= 2925030))

table 3 : explain SELECT k, c FROM sbtest3 WHERE k BETWEEN 2924930 AND 2925030
	Bitmap Heap Scan on sbtest3  (cost=5.47..405.13 rows=101 width=125)
	  Recheck Cond: ((k >= 2924930) AND (k <= 2925030))
	  ->  Bitmap Index Scan on k_3  (cost=0.00..5.44 rows=101 width=0)
	        Index Cond: ((k >= 2924930) AND (k <= 2925030))

table 4 : explain SELECT k, c FROM sbtest4 WHERE k BETWEEN 2924930 AND 2925030
	Bitmap Heap Scan on sbtest4  (cost=5.52..424.81 rows=106 width=125)
	  Recheck Cond: ((k >= 2924930) AND (k <= 2925030))
	  ->  Bitmap Index Scan on k_4  (cost=0.00..5.50 rows=106 width=0)
	        Index Cond: ((k >= 2924930) AND (k <= 2925030))

table 5 : explain SELECT k, c FROM sbtest5 WHERE k BETWEEN 2924930 AND 2925030
	Bitmap Heap Scan on sbtest5  (cost=5.50..416.94 rows=104 width=125)
	  Recheck Cond: ((k >= 2924930) AND (k <= 2925030))
	  ->  Bitmap Index Scan on k_5  (cost=0.00..5.47 rows=104 width=0)
	        Index Cond: ((k >= 2924930) AND (k <= 2925030))

table 6 : explain SELECT k, c FROM sbtest6 WHERE k BETWEEN 2924930 AND 2925030
	Bitmap Heap Scan on sbtest6  (cost=5.57..444.49 rows=111 width=125)
	  Recheck Cond: ((k >= 2924930) AND (k <= 2925030))
	  ->  Bitmap Index Scan on k_6  (cost=0.00..5.54 rows=111 width=0)
	        Index Cond: ((k >= 2924930) AND (k <= 2925030))

table 7 : explain SELECT k, c FROM sbtest7 WHERE k BETWEEN 2924930 AND 2925030
	Bitmap Heap Scan on sbtest7  (cost=5.59..452.36 rows=113 width=125)
	  Recheck Cond: ((k >= 2924930) AND (k <= 2925030))
	  ->  Bitmap Index Scan on k_7  (cost=0.00..5.56 rows=113 width=0)
	        Index Cond: ((k >= 2924930) AND (k <= 2925030))

table 8 : explain SELECT k, c FROM sbtest8 WHERE k BETWEEN 2924930 AND 2925030
	Bitmap Heap Scan on sbtest8  (cost=5.49..413.00 rows=103 width=125)
	  Recheck Cond: ((k >= 2924930) AND (k <= 2925030))
	  ->  Bitmap Index Scan on k_8  (cost=0.00..5.46 rows=103 width=0)
	        Index Cond: ((k >= 2924930) AND (k <= 2925030))

explain: for range-notcovered :: explain SELECT k, c FROM sbtest%d WHERE k BETWEEN 4955184 AND 4955284
for range-notcovered
table 1 : explain SELECT k, c FROM sbtest1 WHERE k BETWEEN 7399472 AND 7399572
	Bitmap Heap Scan on sbtest1  (cost=5.49..413.00 rows=103 width=125)
	  Recheck Cond: ((k >= 7399472) AND (k <= 7399572))
	  ->  Bitmap Index Scan on k_1  (cost=0.00..5.46 rows=103 width=0)
	        Index Cond: ((k >= 7399472) AND (k <= 7399572))

table 2 : explain SELECT k, c FROM sbtest2 WHERE k BETWEEN 7399472 AND 7399572
	Bitmap Heap Scan on sbtest2  (cost=5.45..397.25 rows=99 width=125)
	  Recheck Cond: ((k >= 7399472) AND (k <= 7399572))
	  ->  Bitmap Index Scan on k_2  (cost=0.00..5.42 rows=99 width=0)
	        Index Cond: ((k >= 7399472) AND (k <= 7399572))

table 3 : explain SELECT k, c FROM sbtest3 WHERE k BETWEEN 7399472 AND 7399572
	Bitmap Heap Scan on sbtest3  (cost=5.53..428.75 rows=107 width=125)
	  Recheck Cond: ((k >= 7399472) AND (k <= 7399572))
	  ->  Bitmap Index Scan on k_3  (cost=0.00..5.50 rows=107 width=0)
	        Index Cond: ((k >= 7399472) AND (k <= 7399572))

table 4 : explain SELECT k, c FROM sbtest4 WHERE k BETWEEN 7399472 AND 7399572
	Bitmap Heap Scan on sbtest4  (cost=5.53..428.75 rows=107 width=125)
	  Recheck Cond: ((k >= 7399472) AND (k <= 7399572))
	  ->  Bitmap Index Scan on k_4  (cost=0.00..5.50 rows=107 width=0)
	        Index Cond: ((k >= 7399472) AND (k <= 7399572))

table 5 : explain SELECT k, c FROM sbtest5 WHERE k BETWEEN 7399472 AND 7399572
	Bitmap Heap Scan on sbtest5  (cost=5.42..385.43 rows=96 width=125)
	  Recheck Cond: ((k >= 7399472) AND (k <= 7399572))
	  ->  Bitmap Index Scan on k_5  (cost=0.00..5.39 rows=96 width=0)
	        Index Cond: ((k >= 7399472) AND (k <= 7399572))

table 6 : explain SELECT k, c FROM sbtest6 WHERE k BETWEEN 7399472 AND 7399572
	Bitmap Heap Scan on sbtest6  (cost=5.49..413.00 rows=103 width=125)
	  Recheck Cond: ((k >= 7399472) AND (k <= 7399572))
	  ->  Bitmap Index Scan on k_6  (cost=0.00..5.46 rows=103 width=0)
	        Index Cond: ((k >= 7399472) AND (k <= 7399572))

table 7 : explain SELECT k, c FROM sbtest7 WHERE k BETWEEN 7399472 AND 7399572
	Bitmap Heap Scan on sbtest7  (cost=5.33..349.95 rows=87 width=125)
	  Recheck Cond: ((k >= 7399472) AND (k <= 7399572))
	  ->  Bitmap Index Scan on k_7  (cost=0.00..5.30 rows=87 width=0)
	        Index Cond: ((k >= 7399472) AND (k <= 7399572))

table 8 : explain SELECT k, c FROM sbtest8 WHERE k BETWEEN 7399472 AND 7399572
	Bitmap Heap Scan on sbtest8  (cost=5.62..464.15 rows=116 width=125)
	  Recheck Cond: ((k >= 7399472) AND (k <= 7399572))
	  ->  Bitmap Index Scan on k_8  (cost=0.00..5.59 rows=116 width=0)
	        Index Cond: ((k >= 7399472) AND (k <= 7399572))

for range-notcovered
table 1 : explain SELECT k, c FROM sbtest1 WHERE k BETWEEN 3756861 AND 3756961
	Bitmap Heap Scan on sbtest1  (cost=5.47..405.13 rows=101 width=125)
	  Recheck Cond: ((k >= 3756861) AND (k <= 3756961))
	  ->  Bitmap Index Scan on k_1  (cost=0.00..5.44 rows=101 width=0)
	        Index Cond: ((k >= 3756861) AND (k <= 3756961))

table 2 : explain SELECT k, c FROM sbtest2 WHERE k BETWEEN 3756861 AND 3756961
	Bitmap Heap Scan on sbtest2  (cost=5.52..424.81 rows=106 width=125)
	  Recheck Cond: ((k >= 3756861) AND (k <= 3756961))
	  ->  Bitmap Index Scan on k_2  (cost=0.00..5.50 rows=106 width=0)
	        Index Cond: ((k >= 3756861) AND (k <= 3756961))

table 3 : explain SELECT k, c FROM sbtest3 WHERE k BETWEEN 3756861 AND 3756961
	Bitmap Heap Scan on sbtest3  (cost=5.57..444.49 rows=111 width=125)
	  Recheck Cond: ((k >= 3756861) AND (k <= 3756961))
	  ->  Bitmap Index Scan on k_3  (cost=0.00..5.54 rows=111 width=0)
	        Index Cond: ((k >= 3756861) AND (k <= 3756961))

table 4 : explain SELECT k, c FROM sbtest4 WHERE k BETWEEN 3756861 AND 3756961
	Bitmap Heap Scan on sbtest4  (cost=5.50..416.94 rows=104 width=125)
	  Recheck Cond: ((k >= 3756861) AND (k <= 3756961))
	  ->  Bitmap Index Scan on k_4  (cost=0.00..5.47 rows=104 width=0)
	        Index Cond: ((k >= 3756861) AND (k <= 3756961))

table 5 : explain SELECT k, c FROM sbtest5 WHERE k BETWEEN 3756861 AND 3756961
	Bitmap Heap Scan on sbtest5  (cost=5.43..389.37 rows=97 width=125)
	  Recheck Cond: ((k >= 3756861) AND (k <= 3756961))
	  ->  Bitmap Index Scan on k_5  (cost=0.00..5.40 rows=97 width=0)
	        Index Cond: ((k >= 3756861) AND (k <= 3756961))

table 6 : explain SELECT k, c FROM sbtest6 WHERE k BETWEEN 3756861 AND 3756961
	Bitmap Heap Scan on sbtest6  (cost=5.48..409.07 rows=102 width=125)
	  Recheck Cond: ((k >= 3756861) AND (k <= 3756961))
	  ->  Bitmap Index Scan on k_6  (cost=0.00..5.45 rows=102 width=0)
	        Index Cond: ((k >= 3756861) AND (k <= 3756961))

table 7 : explain SELECT k, c FROM sbtest7 WHERE k BETWEEN 3756861 AND 3756961
	Bitmap Heap Scan on sbtest7  (cost=5.61..460.22 rows=115 width=125)
	  Recheck Cond: ((k >= 3756861) AND (k <= 3756961))
	  ->  Bitmap Index Scan on k_7  (cost=0.00..5.58 rows=115 width=0)
	        Index Cond: ((k >= 3756861) AND (k <= 3756961))

table 8 : explain SELECT k, c FROM sbtest8 WHERE k BETWEEN 3756861 AND 3756961
	Bitmap Heap Scan on sbtest8  (cost=5.37..365.72 rows=91 width=125)
	  Recheck Cond: ((k >= 3756861) AND (k <= 3756961))
	  ->  Bitmap Index Scan on k_8  (cost=0.00..5.34 rows=91 width=0)
	        Index Cond: ((k >= 3756861) AND (k <= 3756961))

explain: for range-notcovered :: explain SELECT k, c FROM sbtest%d WHERE k BETWEEN 2924930 AND 2925030
explain: for range-notcovered :: explain SELECT k, c FROM sbtest%d WHERE k BETWEEN 3756861 AND 3756961
for range-notcovered
table 1 : explain SELECT k, c FROM sbtest1 WHERE k BETWEEN 8193714 AND 8193814
	Bitmap Heap Scan on sbtest1  (cost=5.38..369.67 rows=92 width=125)
	  Recheck Cond: ((k >= 8193714) AND (k <= 8193814))
	  ->  Bitmap Index Scan on k_1  (cost=0.00..5.35 rows=92 width=0)
	        Index Cond: ((k >= 8193714) AND (k <= 8193814))

table 2 : explain SELECT k, c FROM sbtest2 WHERE k BETWEEN 8193714 AND 8193814
	Bitmap Heap Scan on sbtest2  (cost=5.47..405.13 rows=101 width=125)
	  Recheck Cond: ((k >= 8193714) AND (k <= 8193814))
	  ->  Bitmap Index Scan on k_2  (cost=0.00..5.44 rows=101 width=0)
	        Index Cond: ((k >= 8193714) AND (k <= 8193814))

table 3 : explain SELECT k, c FROM sbtest3 WHERE k BETWEEN 8193714 AND 8193814
	Bitmap Heap Scan on sbtest3  (cost=5.51..420.88 rows=105 width=125)
	  Recheck Cond: ((k >= 8193714) AND (k <= 8193814))
	  ->  Bitmap Index Scan on k_3  (cost=0.00..5.48 rows=105 width=0)
	        Index Cond: ((k >= 8193714) AND (k <= 8193814))

table 4 : explain SELECT k, c FROM sbtest4 WHERE k BETWEEN 8193714 AND 8193814
	Bitmap Heap Scan on sbtest4  (cost=5.43..389.37 rows=97 width=125)
	  Recheck Cond: ((k >= 8193714) AND (k <= 8193814))
	  ->  Bitmap Index Scan on k_4  (cost=0.00..5.40 rows=97 width=0)
	        Index Cond: ((k >= 8193714) AND (k <= 8193814))

table 5 : explain SELECT k, c FROM sbtest5 WHERE k BETWEEN 8193714 AND 8193814
	Bitmap Heap Scan on sbtest5  (cost=5.45..397.25 rows=99 width=125)
	  Recheck Cond: ((k >= 8193714) AND (k <= 8193814))
	  ->  Bitmap Index Scan on k_5  (cost=0.00..5.42 rows=99 width=0)
	        Index Cond: ((k >= 8193714) AND (k <= 8193814))

table 6 : explain SELECT k, c FROM sbtest6 WHERE k BETWEEN 8193714 AND 8193814
	Bitmap Heap Scan on sbtest6  (cost=5.46..401.19 rows=100 width=125)
	  Recheck Cond: ((k >= 8193714) AND (k <= 8193814))
	  ->  Bitmap Index Scan on k_6  (cost=0.00..5.43 rows=100 width=0)
	        Index Cond: ((k >= 8193714) AND (k <= 8193814))

table 7 : explain SELECT k, c FROM sbtest7 WHERE k BETWEEN 8193714 AND 8193814
	Bitmap Heap Scan on sbtest7  (cost=5.49..413.00 rows=103 width=125)
	  Recheck Cond: ((k >= 8193714) AND (k <= 8193814))
	  ->  Bitmap Index Scan on k_7  (cost=0.00..5.46 rows=103 width=0)
	        Index Cond: ((k >= 8193714) AND (k <= 8193814))

table 8 : explain SELECT k, c FROM sbtest8 WHERE k BETWEEN 8193714 AND 8193814
	Bitmap Heap Scan on sbtest8  (cost=5.49..413.00 rows=103 width=125)
	  Recheck Cond: ((k >= 8193714) AND (k <= 8193814))
	  ->  Bitmap Index Scan on k_8  (cost=0.00..5.46 rows=103 width=0)
	        Index Cond: ((k >= 8193714) AND (k <= 8193814))

explain: for range-notcovered :: explain SELECT k, c FROM sbtest%d WHERE k BETWEEN 7399472 AND 7399572
explain: for range-notcovered :: explain SELECT k, c FROM sbtest%d WHERE k BETWEEN 8193714 AND 8193814
for range-notcovered
table 1 : explain SELECT k, c FROM sbtest1 WHERE k BETWEEN 711626 AND 711726
	Bitmap Heap Scan on sbtest1  (cost=5.46..401.19 rows=100 width=125)
	  Recheck Cond: ((k >= 711626) AND (k <= 711726))
	  ->  Bitmap Index Scan on k_1  (cost=0.00..5.43 rows=100 width=0)
	        Index Cond: ((k >= 711626) AND (k <= 711726))

table 2 : explain SELECT k, c FROM sbtest2 WHERE k BETWEEN 711626 AND 711726
	Bitmap Heap Scan on sbtest2  (cost=5.45..397.25 rows=99 width=125)
	  Recheck Cond: ((k >= 711626) AND (k <= 711726))
	  ->  Bitmap Index Scan on k_2  (cost=0.00..5.42 rows=99 width=0)
	        Index Cond: ((k >= 711626) AND (k <= 711726))

table 3 : explain SELECT k, c FROM sbtest3 WHERE k BETWEEN 711626 AND 711726
	Bitmap Heap Scan on sbtest3  (cost=5.49..413.00 rows=103 width=125)
	  Recheck Cond: ((k >= 711626) AND (k <= 711726))
	  ->  Bitmap Index Scan on k_3  (cost=0.00..5.46 rows=103 width=0)
	        Index Cond: ((k >= 711626) AND (k <= 711726))

table 4 : explain SELECT k, c FROM sbtest4 WHERE k BETWEEN 711626 AND 711726
	Bitmap Heap Scan on sbtest4  (cost=5.49..413.00 rows=103 width=125)
	  Recheck Cond: ((k >= 711626) AND (k <= 711726))
	  ->  Bitmap Index Scan on k_4  (cost=0.00..5.46 rows=103 width=0)
	        Index Cond: ((k >= 711626) AND (k <= 711726))

table 5 : explain SELECT k, c FROM sbtest5 WHERE k BETWEEN 711626 AND 711726
	Bitmap Heap Scan on sbtest5  (cost=5.44..393.31 rows=98 width=125)
	  Recheck Cond: ((k >= 711626) AND (k <= 711726))
	  ->  Bitmap Index Scan on k_5  (cost=0.00..5.42 rows=98 width=0)
	        Index Cond: ((k >= 711626) AND (k <= 711726))

table 6 : explain SELECT k, c FROM sbtest6 WHERE k BETWEEN 711626 AND 711726
	Bitmap Heap Scan on sbtest6  (cost=5.43..389.37 rows=97 width=125)
	  Recheck Cond: ((k >= 711626) AND (k <= 711726))
	  ->  Bitmap Index Scan on k_6  (cost=0.00..5.40 rows=97 width=0)
	        Index Cond: ((k >= 711626) AND (k <= 711726))

table 7 : explain SELECT k, c FROM sbtest7 WHERE k BETWEEN 711626 AND 711726
	Bitmap Heap Scan on sbtest7  (cost=5.59..452.36 rows=113 width=125)
	  Recheck Cond: ((k >= 711626) AND (k <= 711726))
	  ->  Bitmap Index Scan on k_7  (cost=0.00..5.56 rows=113 width=0)
	        Index Cond: ((k >= 711626) AND (k <= 711726))

table 8 : explain SELECT k, c FROM sbtest8 WHERE k BETWEEN 711626 AND 711726
	Bitmap Heap Scan on sbtest8  (cost=5.40..377.55 rows=94 width=125)
	  Recheck Cond: ((k >= 711626) AND (k <= 711726))
	  ->  Bitmap Index Scan on k_8  (cost=0.00..5.38 rows=94 width=0)
	        Index Cond: ((k >= 711626) AND (k <= 711726))

for range-notcovered
table 1 : explain SELECT k, c FROM sbtest1 WHERE k BETWEEN 5675082 AND 5675182
	Bitmap Heap Scan on sbtest1  (cost=5.45..397.25 rows=99 width=125)
	  Recheck Cond: ((k >= 5675082) AND (k <= 5675182))
	  ->  Bitmap Index Scan on k_1  (cost=0.00..5.42 rows=99 width=0)
	        Index Cond: ((k >= 5675082) AND (k <= 5675182))

table 2 : explain SELECT k, c FROM sbtest2 WHERE k BETWEEN 5675082 AND 5675182
	Bitmap Heap Scan on sbtest2  (cost=5.42..385.43 rows=96 width=125)
	  Recheck Cond: ((k >= 5675082) AND (k <= 5675182))
	  ->  Bitmap Index Scan on k_2  (cost=0.00..5.39 rows=96 width=0)
	        Index Cond: ((k >= 5675082) AND (k <= 5675182))

table 3 : explain SELECT k, c FROM sbtest3 WHERE k BETWEEN 5675082 AND 5675182
	Bitmap Heap Scan on sbtest3  (cost=5.49..413.00 rows=103 width=125)
	  Recheck Cond: ((k >= 5675082) AND (k <= 5675182))
	  ->  Bitmap Index Scan on k_3  (cost=0.00..5.46 rows=103 width=0)
	        Index Cond: ((k >= 5675082) AND (k <= 5675182))

table 4 : explain SELECT k, c FROM sbtest4 WHERE k BETWEEN 5675082 AND 5675182
	Bitmap Heap Scan on sbtest4  (cost=5.53..428.75 rows=107 width=125)
	  Recheck Cond: ((k >= 5675082) AND (k <= 5675182))
	  ->  Bitmap Index Scan on k_4  (cost=0.00..5.50 rows=107 width=0)
	        Index Cond: ((k >= 5675082) AND (k <= 5675182))

table 5 : explain SELECT k, c FROM sbtest5 WHERE k BETWEEN 5675082 AND 5675182
	Bitmap Heap Scan on sbtest5  (cost=5.55..436.62 rows=109 width=125)
	  Recheck Cond: ((k >= 5675082) AND (k <= 5675182))
	  ->  Bitmap Index Scan on k_5  (cost=0.00..5.52 rows=109 width=0)
	        Index Cond: ((k >= 5675082) AND (k <= 5675182))

table 6 : explain SELECT k, c FROM sbtest6 WHERE k BETWEEN 5675082 AND 5675182
	Bitmap Heap Scan on sbtest6  (cost=5.40..377.55 rows=94 width=125)
	  Recheck Cond: ((k >= 5675082) AND (k <= 5675182))
	  ->  Bitmap Index Scan on k_6  (cost=0.00..5.38 rows=94 width=0)
	        Index Cond: ((k >= 5675082) AND (k <= 5675182))

table 7 : explain SELECT k, c FROM sbtest7 WHERE k BETWEEN 5675082 AND 5675182
	Bitmap Heap Scan on sbtest7  (cost=5.46..401.19 rows=100 width=125)
	  Recheck Cond: ((k >= 5675082) AND (k <= 5675182))
	  ->  Bitmap Index Scan on k_7  (cost=0.00..5.43 rows=100 width=0)
	        Index Cond: ((k >= 5675082) AND (k <= 5675182))

table 8 : explain SELECT k, c FROM sbtest8 WHERE k BETWEEN 5675082 AND 5675182
	Bitmap Heap Scan on sbtest8  (cost=5.55..436.62 rows=109 width=125)
	  Recheck Cond: ((k >= 5675082) AND (k <= 5675182))
	  ->  Bitmap Index Scan on k_8  (cost=0.00..5.52 rows=109 width=0)
	        Index Cond: ((k >= 5675082) AND (k <= 5675182))

explain: for range-notcovered :: explain SELECT k, c FROM sbtest%d WHERE k BETWEEN 711626 AND 711726
explain: for range-notcovered :: explain SELECT k, c FROM sbtest%d WHERE k BETWEEN 5675082 AND 5675182
for range-notcovered
table 1 : explain SELECT k, c FROM sbtest1 WHERE k BETWEEN 4799196 AND 4799296
	Bitmap Heap Scan on sbtest1  (cost=5.49..413.00 rows=103 width=125)
	  Recheck Cond: ((k >= 4799196) AND (k <= 4799296))
	  ->  Bitmap Index Scan on k_1  (cost=0.00..5.46 rows=103 width=0)
	        Index Cond: ((k >= 4799196) AND (k <= 4799296))

table 2 : explain SELECT k, c FROM sbtest2 WHERE k BETWEEN 4799196 AND 4799296
	Bitmap Heap Scan on sbtest2  (cost=5.61..460.22 rows=115 width=125)
	  Recheck Cond: ((k >= 4799196) AND (k <= 4799296))
	  ->  Bitmap Index Scan on k_2  (cost=0.00..5.58 rows=115 width=0)
	        Index Cond: ((k >= 4799196) AND (k <= 4799296))

table 3 : explain SELECT k, c FROM sbtest3 WHERE k BETWEEN 4799196 AND 4799296
	Bitmap Heap Scan on sbtest3  (cost=5.52..424.81 rows=106 width=125)
	  Recheck Cond: ((k >= 4799196) AND (k <= 4799296))
	  ->  Bitmap Index Scan on k_3  (cost=0.00..5.50 rows=106 width=0)
	        Index Cond: ((k >= 4799196) AND (k <= 4799296))

table 4 : explain SELECT k, c FROM sbtest4 WHERE k BETWEEN 4799196 AND 4799296
	Bitmap Heap Scan on sbtest4  (cost=5.37..365.72 rows=91 width=125)
	  Recheck Cond: ((k >= 4799196) AND (k <= 4799296))
	  ->  Bitmap Index Scan on k_4  (cost=0.00..5.34 rows=91 width=0)
	        Index Cond: ((k >= 4799196) AND (k <= 4799296))

table 5 : explain SELECT k, c FROM sbtest5 WHERE k BETWEEN 4799196 AND 4799296
	Bitmap Heap Scan on sbtest5  (cost=5.56..440.56 rows=110 width=125)
	  Recheck Cond: ((k >= 4799196) AND (k <= 4799296))
	  ->  Bitmap Index Scan on k_5  (cost=0.00..5.53 rows=110 width=0)
	        Index Cond: ((k >= 4799196) AND (k <= 4799296))

table 6 : explain SELECT k, c FROM sbtest6 WHERE k BETWEEN 4799196 AND 4799296
	Bitmap Heap Scan on sbtest6  (cost=5.49..413.00 rows=103 width=125)
	  Recheck Cond: ((k >= 4799196) AND (k <= 4799296))
	  ->  Bitmap Index Scan on k_6  (cost=0.00..5.46 rows=103 width=0)
	        Index Cond: ((k >= 4799196) AND (k <= 4799296))

table 7 : explain SELECT k, c FROM sbtest7 WHERE k BETWEEN 4799196 AND 4799296
	Bitmap Heap Scan on sbtest7  (cost=5.45..397.25 rows=99 width=125)
	  Recheck Cond: ((k >= 4799196) AND (k <= 4799296))
	  ->  Bitmap Index Scan on k_7  (cost=0.00..5.42 rows=99 width=0)
	        Index Cond: ((k >= 4799196) AND (k <= 4799296))

table 8 : explain SELECT k, c FROM sbtest8 WHERE k BETWEEN 4799196 AND 4799296
	Bitmap Heap Scan on sbtest8  (cost=5.55..436.62 rows=109 width=125)
	  Recheck Cond: ((k >= 4799196) AND (k <= 4799296))
	  ->  Bitmap Index Scan on k_8  (cost=0.00..5.52 rows=109 width=0)
	        Index Cond: ((k >= 4799196) AND (k <= 4799296))

for range-notcovered
table 1 : explain SELECT k, c FROM sbtest1 WHERE k BETWEEN 3918120 AND 3918220
	Bitmap Heap Scan on sbtest1  (cost=5.55..436.62 rows=109 width=125)
	  Recheck Cond: ((k >= 3918120) AND (k <= 3918220))
	  ->  Bitmap Index Scan on k_1  (cost=0.00..5.52 rows=109 width=0)
	        Index Cond: ((k >= 3918120) AND (k <= 3918220))

table 2 : explain SELECT k, c FROM sbtest2 WHERE k BETWEEN 3918120 AND 3918220
	Bitmap Heap Scan on sbtest2  (cost=5.46..401.19 rows=100 width=125)
	  Recheck Cond: ((k >= 3918120) AND (k <= 3918220))
	  ->  Bitmap Index Scan on k_2  (cost=0.00..5.43 rows=100 width=0)
	        Index Cond: ((k >= 3918120) AND (k <= 3918220))

table 3 : explain SELECT k, c FROM sbtest3 WHERE k BETWEEN 3918120 AND 3918220
	Bitmap Heap Scan on sbtest3  (cost=5.41..381.49 rows=95 width=125)
	  Recheck Cond: ((k >= 3918120) AND (k <= 3918220))
	  ->  Bitmap Index Scan on k_3  (cost=0.00..5.38 rows=95 width=0)
	        Index Cond: ((k >= 3918120) AND (k <= 3918220))

table 4 : explain SELECT k, c FROM sbtest4 WHERE k BETWEEN 3918120 AND 3918220
	Bitmap Heap Scan on sbtest4  (cost=5.54..432.69 rows=108 width=125)
	  Recheck Cond: ((k >= 3918120) AND (k <= 3918220))
	  ->  Bitmap Index Scan on k_4  (cost=0.00..5.51 rows=108 width=0)
	        Index Cond: ((k >= 3918120) AND (k <= 3918220))

table 5 : explain SELECT k, c FROM sbtest5 WHERE k BETWEEN 3918120 AND 3918220
	Bitmap Heap Scan on sbtest5  (cost=5.49..413.00 rows=103 width=125)
	  Recheck Cond: ((k >= 3918120) AND (k <= 3918220))
	  ->  Bitmap Index Scan on k_5  (cost=0.00..5.46 rows=103 width=0)
	        Index Cond: ((k >= 3918120) AND (k <= 3918220))

table 6 : explain SELECT k, c FROM sbtest6 WHERE k BETWEEN 3918120 AND 3918220
	Bitmap Heap Scan on sbtest6  (cost=5.44..393.31 rows=98 width=125)
	  Recheck Cond: ((k >= 3918120) AND (k <= 3918220))
	  ->  Bitmap Index Scan on k_6  (cost=0.00..5.42 rows=98 width=0)
	        Index Cond: ((k >= 3918120) AND (k <= 3918220))

table 7 : explain SELECT k, c FROM sbtest7 WHERE k BETWEEN 3918120 AND 3918220
	Bitmap Heap Scan on sbtest7  (cost=5.42..385.43 rows=96 width=125)
	  Recheck Cond: ((k >= 3918120) AND (k <= 3918220))
	  ->  Bitmap Index Scan on k_7  (cost=0.00..5.39 rows=96 width=0)
	        Index Cond: ((k >= 3918120) AND (k <= 3918220))

table 8 : explain SELECT k, c FROM sbtest8 WHERE k BETWEEN 3918120 AND 3918220
	Bitmap Heap Scan on sbtest8  (cost=5.46..401.19 rows=100 width=125)
	  Recheck Cond: ((k >= 3918120) AND (k <= 3918220))
	  ->  Bitmap Index Scan on k_8  (cost=0.00..5.43 rows=100 width=0)
	        Index Cond: ((k >= 3918120) AND (k <= 3918220))

for range-notcovered
table 1 : explain SELECT k, c FROM sbtest1 WHERE k BETWEEN 4955184 AND 4955284
	Bitmap Heap Scan on sbtest1  (cost=5.55..436.62 rows=109 width=125)
	  Recheck Cond: ((k >= 4955184) AND (k <= 4955284))
	  ->  Bitmap Index Scan on k_1  (cost=0.00..5.52 rows=109 width=0)
	        Index Cond: ((k >= 4955184) AND (k <= 4955284))

table 2 : explain SELECT k, c FROM sbtest2 WHERE k BETWEEN 4955184 AND 4955284
	Bitmap Heap Scan on sbtest2  (cost=5.41..381.49 rows=95 width=125)
	  Recheck Cond: ((k >= 4955184) AND (k <= 4955284))
	  ->  Bitmap Index Scan on k_2  (cost=0.00..5.38 rows=95 width=0)
	        Index Cond: ((k >= 4955184) AND (k <= 4955284))

table 3 : explain SELECT k, c FROM sbtest3 WHERE k BETWEEN 4955184 AND 4955284
	Bitmap Heap Scan on sbtest3  (cost=5.46..401.19 rows=100 width=125)
	  Recheck Cond: ((k >= 4955184) AND (k <= 4955284))
	  ->  Bitmap Index Scan on k_3  (cost=0.00..5.43 rows=100 width=0)
	        Index Cond: ((k >= 4955184) AND (k <= 4955284))

table 4 : explain SELECT k, c FROM sbtest4 WHERE k BETWEEN 4955184 AND 4955284
	Bitmap Heap Scan on sbtest4  (cost=5.40..377.55 rows=94 width=125)
	  Recheck Cond: ((k >= 4955184) AND (k <= 4955284))
	  ->  Bitmap Index Scan on k_4  (cost=0.00..5.38 rows=94 width=0)
	        Index Cond: ((k >= 4955184) AND (k <= 4955284))

table 5 : explain SELECT k, c FROM sbtest5 WHERE k BETWEEN 4955184 AND 4955284
	Bitmap Heap Scan on sbtest5  (cost=5.41..381.49 rows=95 width=125)
	  Recheck Cond: ((k >= 4955184) AND (k <= 4955284))
	  ->  Bitmap Index Scan on k_5  (cost=0.00..5.38 rows=95 width=0)
	        Index Cond: ((k >= 4955184) AND (k <= 4955284))

table 6 : explain SELECT k, c FROM sbtest6 WHERE k BETWEEN 4955184 AND 4955284
	Bitmap Heap Scan on sbtest6  (cost=5.43..389.37 rows=97 width=125)
	  Recheck Cond: ((k >= 4955184) AND (k <= 4955284))
	  ->  Bitmap Index Scan on k_6  (cost=0.00..5.40 rows=97 width=0)
	        Index Cond: ((k >= 4955184) AND (k <= 4955284))

table 7 : explain SELECT k, c FROM sbtest7 WHERE k BETWEEN 4955184 AND 4955284
	Bitmap Heap Scan on sbtest7  (cost=5.46..401.19 rows=100 width=125)
	  Recheck Cond: ((k >= 4955184) AND (k <= 4955284))
	  ->  Bitmap Index Scan on k_7  (cost=0.00..5.43 rows=100 width=0)
	        Index Cond: ((k >= 4955184) AND (k <= 4955284))

table 8 : explain SELECT k, c FROM sbtest8 WHERE k BETWEEN 4955184 AND 4955284
	Bitmap Heap Scan on sbtest8  (cost=5.47..405.13 rows=101 width=125)
	  Recheck Cond: ((k >= 4955184) AND (k <= 4955284))
	  ->  Bitmap Index Scan on k_8  (cost=0.00..5.44 rows=101 width=0)
	        Index Cond: ((k >= 4955184) AND (k <= 4955284))

for range-notcovered
table 1 : explain SELECT k, c FROM sbtest1 WHERE k BETWEEN 6560561 AND 6560661
	Bitmap Heap Scan on sbtest1  (cost=5.49..413.00 rows=103 width=125)
	  Recheck Cond: ((k >= 6560561) AND (k <= 6560661))
	  ->  Bitmap Index Scan on k_1  (cost=0.00..5.46 rows=103 width=0)
	        Index Cond: ((k >= 6560561) AND (k <= 6560661))

table 2 : explain SELECT k, c FROM sbtest2 WHERE k BETWEEN 6560561 AND 6560661
	Bitmap Heap Scan on sbtest2  (cost=5.60..456.29 rows=114 width=125)
	  Recheck Cond: ((k >= 6560561) AND (k <= 6560661))
	  ->  Bitmap Index Scan on k_2  (cost=0.00..5.58 rows=114 width=0)
	        Index Cond: ((k >= 6560561) AND (k <= 6560661))

table 3 : explain SELECT k, c FROM sbtest3 WHERE k BETWEEN 6560561 AND 6560661
	Bitmap Heap Scan on sbtest3  (cost=5.49..413.00 rows=103 width=125)
	  Recheck Cond: ((k >= 6560561) AND (k <= 6560661))
	  ->  Bitmap Index Scan on k_3  (cost=0.00..5.46 rows=103 width=0)
	        Index Cond: ((k >= 6560561) AND (k <= 6560661))

table 4 : explain SELECT k, c FROM sbtest4 WHERE k BETWEEN 6560561 AND 6560661
	Bitmap Heap Scan on sbtest4  (cost=5.43..389.37 rows=97 width=125)
	  Recheck Cond: ((k >= 6560561) AND (k <= 6560661))
	  ->  Bitmap Index Scan on k_4  (cost=0.00..5.40 rows=97 width=0)
	        Index Cond: ((k >= 6560561) AND (k <= 6560661))

table 5 : explain SELECT k, c FROM sbtest5 WHERE k BETWEEN 6560561 AND 6560661
	Bitmap Heap Scan on sbtest5  (cost=5.47..405.13 rows=101 width=125)
	  Recheck Cond: ((k >= 6560561) AND (k <= 6560661))
	  ->  Bitmap Index Scan on k_5  (cost=0.00..5.44 rows=101 width=0)
	        Index Cond: ((k >= 6560561) AND (k <= 6560661))

table 6 : explain SELECT k, c FROM sbtest6 WHERE k BETWEEN 6560561 AND 6560661
	Bitmap Heap Scan on sbtest6  (cost=5.49..413.00 rows=103 width=125)
	  Recheck Cond: ((k >= 6560561) AND (k <= 6560661))
	  ->  Bitmap Index Scan on k_6  (cost=0.00..5.46 rows=103 width=0)
	        Index Cond: ((k >= 6560561) AND (k <= 6560661))

table 7 : explain SELECT k, c FROM sbtest7 WHERE k BETWEEN 6560561 AND 6560661
	Bitmap Heap Scan on sbtest7  (cost=5.43..389.37 rows=97 width=125)
	  Recheck Cond: ((k >= 6560561) AND (k <= 6560661))
	  ->  Bitmap Index Scan on k_7  (cost=0.00..5.40 rows=97 width=0)
	        Index Cond: ((k >= 6560561) AND (k <= 6560661))

table 8 : explain SELECT k, c FROM sbtest8 WHERE k BETWEEN 6560561 AND 6560661
	Bitmap Heap Scan on sbtest8  (cost=5.44..393.31 rows=98 width=125)
	  Recheck Cond: ((k >= 6560561) AND (k <= 6560661))
	  ->  Bitmap Index Scan on k_8  (cost=0.00..5.42 rows=98 width=0)
	        Index Cond: ((k >= 6560561) AND (k <= 6560661))

explain: for range-notcovered :: explain SELECT k, c FROM sbtest%d WHERE k BETWEEN 4799196 AND 4799296
explain: for range-notcovered :: explain SELECT k, c FROM sbtest%d WHERE k BETWEEN 3918120 AND 3918220
explain: for range-notcovered :: explain SELECT k, c FROM sbtest%d WHERE k BETWEEN 4955184 AND 4955284
for range-notcovered
table 1 : explain SELECT k, c FROM sbtest1 WHERE k BETWEEN 3670230 AND 3670330
	Bitmap Heap Scan on sbtest1  (cost=5.48..409.07 rows=102 width=125)
	  Recheck Cond: ((k >= 3670230) AND (k <= 3670330))
	  ->  Bitmap Index Scan on k_1  (cost=0.00..5.45 rows=102 width=0)
	        Index Cond: ((k >= 3670230) AND (k <= 3670330))

table 2 : explain SELECT k, c FROM sbtest2 WHERE k BETWEEN 3670230 AND 3670330
	Bitmap Heap Scan on sbtest2  (cost=5.47..405.13 rows=101 width=125)
	  Recheck Cond: ((k >= 3670230) AND (k <= 3670330))
	  ->  Bitmap Index Scan on k_2  (cost=0.00..5.44 rows=101 width=0)
	        Index Cond: ((k >= 3670230) AND (k <= 3670330))

table 3 : explain SELECT k, c FROM sbtest3 WHERE k BETWEEN 3670230 AND 3670330
	Bitmap Heap Scan on sbtest3  (cost=5.58..448.42 rows=112 width=125)
	  Recheck Cond: ((k >= 3670230) AND (k <= 3670330))
	  ->  Bitmap Index Scan on k_3  (cost=0.00..5.55 rows=112 width=0)
	        Index Cond: ((k >= 3670230) AND (k <= 3670330))

table 4 : explain SELECT k, c FROM sbtest4 WHERE k BETWEEN 3670230 AND 3670330
	Bitmap Heap Scan on sbtest4  (cost=5.60..456.29 rows=114 width=125)
	  Recheck Cond: ((k >= 3670230) AND (k <= 3670330))
	  ->  Bitmap Index Scan on k_4  (cost=0.00..5.58 rows=114 width=0)
	        Index Cond: ((k >= 3670230) AND (k <= 3670330))

table 5 : explain SELECT k, c FROM sbtest5 WHERE k BETWEEN 3670230 AND 3670330
	Bitmap Heap Scan on sbtest5  (cost=5.39..373.61 rows=93 width=125)
	  Recheck Cond: ((k >= 3670230) AND (k <= 3670330))
	  ->  Bitmap Index Scan on k_5  (cost=0.00..5.36 rows=93 width=0)
	        Index Cond: ((k >= 3670230) AND (k <= 3670330))

table 6 : explain SELECT k, c FROM sbtest6 WHERE k BETWEEN 3670230 AND 3670330
	Bitmap Heap Scan on sbtest6  (cost=5.48..409.07 rows=102 width=125)
	  Recheck Cond: ((k >= 3670230) AND (k <= 3670330))
	  ->  Bitmap Index Scan on k_6  (cost=0.00..5.45 rows=102 width=0)
	        Index Cond: ((k >= 3670230) AND (k <= 3670330))

table 7 : explain SELECT k, c FROM sbtest7 WHERE k BETWEEN 3670230 AND 3670330
	Bitmap Heap Scan on sbtest7  (cost=5.53..428.75 rows=107 width=125)
	  Recheck Cond: ((k >= 3670230) AND (k <= 3670330))
	  ->  Bitmap Index Scan on k_7  (cost=0.00..5.50 rows=107 width=0)
	        Index Cond: ((k >= 3670230) AND (k <= 3670330))

table 8 : explain SELECT k, c FROM sbtest8 WHERE k BETWEEN 3670230 AND 3670330
	Bitmap Heap Scan on sbtest8  (cost=5.49..413.00 rows=103 width=125)
	  Recheck Cond: ((k >= 3670230) AND (k <= 3670330))
	  ->  Bitmap Index Scan on k_8  (cost=0.00..5.46 rows=103 width=0)
	        Index Cond: ((k >= 3670230) AND (k <= 3670330))

for range-notcovered
table 1 : explain SELECT k, c FROM sbtest1 WHERE k BETWEEN 3756861 AND 3756961
	Bitmap Heap Scan on sbtest1  (cost=5.47..405.13 rows=101 width=125)
	  Recheck Cond: ((k >= 3756861) AND (k <= 3756961))
	  ->  Bitmap Index Scan on k_1  (cost=0.00..5.44 rows=101 width=0)
	        Index Cond: ((k >= 3756861) AND (k <= 3756961))

table 2 : explain SELECT k, c FROM sbtest2 WHERE k BETWEEN 3756861 AND 3756961
	Bitmap Heap Scan on sbtest2  (cost=5.52..424.81 rows=106 width=125)
	  Recheck Cond: ((k >= 3756861) AND (k <= 3756961))
	  ->  Bitmap Index Scan on k_2  (cost=0.00..5.50 rows=106 width=0)
	        Index Cond: ((k >= 3756861) AND (k <= 3756961))

table 3 : explain SELECT k, c FROM sbtest3 WHERE k BETWEEN 3756861 AND 3756961
	Bitmap Heap Scan on sbtest3  (cost=5.57..444.49 rows=111 width=125)
	  Recheck Cond: ((k >= 3756861) AND (k <= 3756961))
	  ->  Bitmap Index Scan on k_3  (cost=0.00..5.54 rows=111 width=0)
	        Index Cond: ((k >= 3756861) AND (k <= 3756961))

table 4 : explain SELECT k, c FROM sbtest4 WHERE k BETWEEN 3756861 AND 3756961
	Bitmap Heap Scan on sbtest4  (cost=5.50..416.94 rows=104 width=125)
	  Recheck Cond: ((k >= 3756861) AND (k <= 3756961))
	  ->  Bitmap Index Scan on k_4  (cost=0.00..5.47 rows=104 width=0)
	        Index Cond: ((k >= 3756861) AND (k <= 3756961))

table 5 : explain SELECT k, c FROM sbtest5 WHERE k BETWEEN 3756861 AND 3756961
	Bitmap Heap Scan on sbtest5  (cost=5.43..389.37 rows=97 width=125)
	  Recheck Cond: ((k >= 3756861) AND (k <= 3756961))
	  ->  Bitmap Index Scan on k_5  (cost=0.00..5.40 rows=97 width=0)
	        Index Cond: ((k >= 3756861) AND (k <= 3756961))

table 6 : explain SELECT k, c FROM sbtest6 WHERE k BETWEEN 3756861 AND 3756961
	Bitmap Heap Scan on sbtest6  (cost=5.48..409.07 rows=102 width=125)
	  Recheck Cond: ((k >= 3756861) AND (k <= 3756961))
	  ->  Bitmap Index Scan on k_6  (cost=0.00..5.45 rows=102 width=0)
	        Index Cond: ((k >= 3756861) AND (k <= 3756961))

table 7 : explain SELECT k, c FROM sbtest7 WHERE k BETWEEN 3756861 AND 3756961
	Bitmap Heap Scan on sbtest7  (cost=5.61..460.22 rows=115 width=125)
	  Recheck Cond: ((k >= 3756861) AND (k <= 3756961))
	  ->  Bitmap Index Scan on k_7  (cost=0.00..5.58 rows=115 width=0)
	        Index Cond: ((k >= 3756861) AND (k <= 3756961))

table 8 : explain SELECT k, c FROM sbtest8 WHERE k BETWEEN 3756861 AND 3756961
	Bitmap Heap Scan on sbtest8  (cost=5.37..365.72 rows=91 width=125)
	  Recheck Cond: ((k >= 3756861) AND (k <= 3756961))
	  ->  Bitmap Index Scan on k_8  (cost=0.00..5.34 rows=91 width=0)
	        Index Cond: ((k >= 3756861) AND (k <= 3756961))

explain: for range-notcovered :: explain SELECT k, c FROM sbtest%d WHERE k BETWEEN 3756861 AND 3756961
for range-notcovered
table 1 : explain SELECT k, c FROM sbtest1 WHERE k BETWEEN 711626 AND 711726
	Bitmap Heap Scan on sbtest1  (cost=5.46..401.19 rows=100 width=125)
	  Recheck Cond: ((k >= 711626) AND (k <= 711726))
	  ->  Bitmap Index Scan on k_1  (cost=0.00..5.43 rows=100 width=0)
	        Index Cond: ((k >= 711626) AND (k <= 711726))

table 2 : explain SELECT k, c FROM sbtest2 WHERE k BETWEEN 711626 AND 711726
	Bitmap Heap Scan on sbtest2  (cost=5.45..397.25 rows=99 width=125)
	  Recheck Cond: ((k >= 711626) AND (k <= 711726))
	  ->  Bitmap Index Scan on k_2  (cost=0.00..5.42 rows=99 width=0)
	        Index Cond: ((k >= 711626) AND (k <= 711726))

table 3 : explain SELECT k, c FROM sbtest3 WHERE k BETWEEN 711626 AND 711726
	Bitmap Heap Scan on sbtest3  (cost=5.49..413.00 rows=103 width=125)
	  Recheck Cond: ((k >= 711626) AND (k <= 711726))
	  ->  Bitmap Index Scan on k_3  (cost=0.00..5.46 rows=103 width=0)
	        Index Cond: ((k >= 711626) AND (k <= 711726))

table 4 : explain SELECT k, c FROM sbtest4 WHERE k BETWEEN 711626 AND 711726
	Bitmap Heap Scan on sbtest4  (cost=5.49..413.00 rows=103 width=125)
	  Recheck Cond: ((k >= 711626) AND (k <= 711726))
	  ->  Bitmap Index Scan on k_4  (cost=0.00..5.46 rows=103 width=0)
	        Index Cond: ((k >= 711626) AND (k <= 711726))

table 5 : explain SELECT k, c FROM sbtest5 WHERE k BETWEEN 711626 AND 711726
	Bitmap Heap Scan on sbtest5  (cost=5.44..393.31 rows=98 width=125)
	  Recheck Cond: ((k >= 711626) AND (k <= 711726))
	  ->  Bitmap Index Scan on k_5  (cost=0.00..5.42 rows=98 width=0)
	        Index Cond: ((k >= 711626) AND (k <= 711726))

table 6 : explain SELECT k, c FROM sbtest6 WHERE k BETWEEN 711626 AND 711726
	Bitmap Heap Scan on sbtest6  (cost=5.43..389.37 rows=97 width=125)
	  Recheck Cond: ((k >= 711626) AND (k <= 711726))
	  ->  Bitmap Index Scan on k_6  (cost=0.00..5.40 rows=97 width=0)
	        Index Cond: ((k >= 711626) AND (k <= 711726))

table 7 : explain SELECT k, c FROM sbtest7 WHERE k BETWEEN 711626 AND 711726
	Bitmap Heap Scan on sbtest7  (cost=5.59..452.36 rows=113 width=125)
	  Recheck Cond: ((k >= 711626) AND (k <= 711726))
	  ->  Bitmap Index Scan on k_7  (cost=0.00..5.56 rows=113 width=0)
	        Index Cond: ((k >= 711626) AND (k <= 711726))

table 8 : explain SELECT k, c FROM sbtest8 WHERE k BETWEEN 711626 AND 711726
	Bitmap Heap Scan on sbtest8  (cost=5.40..377.55 rows=94 width=125)
	  Recheck Cond: ((k >= 711626) AND (k <= 711726))
	  ->  Bitmap Index Scan on k_8  (cost=0.00..5.38 rows=94 width=0)
	        Index Cond: ((k >= 711626) AND (k <= 711726))

for range-notcovered
table 1 : explain SELECT k, c FROM sbtest1 WHERE k BETWEEN 5675082 AND 5675182
	Bitmap Heap Scan on sbtest1  (cost=5.45..397.25 rows=99 width=125)
	  Recheck Cond: ((k >= 5675082) AND (k <= 5675182))
	  ->  Bitmap Index Scan on k_1  (cost=0.00..5.42 rows=99 width=0)
	        Index Cond: ((k >= 5675082) AND (k <= 5675182))

table 2 : explain SELECT k, c FROM sbtest2 WHERE k BETWEEN 5675082 AND 5675182
	Bitmap Heap Scan on sbtest2  (cost=5.42..385.43 rows=96 width=125)
	  Recheck Cond: ((k >= 5675082) AND (k <= 5675182))
	  ->  Bitmap Index Scan on k_2  (cost=0.00..5.39 rows=96 width=0)
	        Index Cond: ((k >= 5675082) AND (k <= 5675182))

table 3 : explain SELECT k, c FROM sbtest3 WHERE k BETWEEN 5675082 AND 5675182
	Bitmap Heap Scan on sbtest3  (cost=5.49..413.00 rows=103 width=125)
	  Recheck Cond: ((k >= 5675082) AND (k <= 5675182))
	  ->  Bitmap Index Scan on k_3  (cost=0.00..5.46 rows=103 width=0)
	        Index Cond: ((k >= 5675082) AND (k <= 5675182))

table 4 : explain SELECT k, c FROM sbtest4 WHERE k BETWEEN 5675082 AND 5675182
	Bitmap Heap Scan on sbtest4  (cost=5.53..428.75 rows=107 width=125)
	  Recheck Cond: ((k >= 5675082) AND (k <= 5675182))
	  ->  Bitmap Index Scan on k_4  (cost=0.00..5.50 rows=107 width=0)
	        Index Cond: ((k >= 5675082) AND (k <= 5675182))

table 5 : explain SELECT k, c FROM sbtest5 WHERE k BETWEEN 5675082 AND 5675182
	Bitmap Heap Scan on sbtest5  (cost=5.55..436.62 rows=109 width=125)
	  Recheck Cond: ((k >= 5675082) AND (k <= 5675182))
	  ->  Bitmap Index Scan on k_5  (cost=0.00..5.52 rows=109 width=0)
	        Index Cond: ((k >= 5675082) AND (k <= 5675182))

table 6 : explain SELECT k, c FROM sbtest6 WHERE k BETWEEN 5675082 AND 5675182
	Bitmap Heap Scan on sbtest6  (cost=5.40..377.55 rows=94 width=125)
	  Recheck Cond: ((k >= 5675082) AND (k <= 5675182))
	  ->  Bitmap Index Scan on k_6  (cost=0.00..5.38 rows=94 width=0)
	        Index Cond: ((k >= 5675082) AND (k <= 5675182))

table 7 : explain SELECT k, c FROM sbtest7 WHERE k BETWEEN 5675082 AND 5675182
	Bitmap Heap Scan on sbtest7  (cost=5.46..401.19 rows=100 width=125)
	  Recheck Cond: ((k >= 5675082) AND (k <= 5675182))
	  ->  Bitmap Index Scan on k_7  (cost=0.00..5.43 rows=100 width=0)
	        Index Cond: ((k >= 5675082) AND (k <= 5675182))

table 8 : explain SELECT k, c FROM sbtest8 WHERE k BETWEEN 5675082 AND 5675182
	Bitmap Heap Scan on sbtest8  (cost=5.55..436.62 rows=109 width=125)
	  Recheck Cond: ((k >= 5675082) AND (k <= 5675182))
	  ->  Bitmap Index Scan on k_8  (cost=0.00..5.52 rows=109 width=0)
	        Index Cond: ((k >= 5675082) AND (k <= 5675182))

explain: for range-notcovered :: explain SELECT k, c FROM sbtest%d WHERE k BETWEEN 711626 AND 711726
explain: for range-notcovered :: explain SELECT k, c FROM sbtest%d WHERE k BETWEEN 3670230 AND 3670330
explain: for range-notcovered :: explain SELECT k, c FROM sbtest%d WHERE k BETWEEN 5675082 AND 5675182
for range-notcovered
table 1 : explain SELECT k, c FROM sbtest1 WHERE k BETWEEN 4955184 AND 4955284
	Bitmap Heap Scan on sbtest1  (cost=5.55..436.62 rows=109 width=125)
	  Recheck Cond: ((k >= 4955184) AND (k <= 4955284))
	  ->  Bitmap Index Scan on k_1  (cost=0.00..5.52 rows=109 width=0)
	        Index Cond: ((k >= 4955184) AND (k <= 4955284))

table 2 : explain SELECT k, c FROM sbtest2 WHERE k BETWEEN 4955184 AND 4955284
	Bitmap Heap Scan on sbtest2  (cost=5.41..381.49 rows=95 width=125)
	  Recheck Cond: ((k >= 4955184) AND (k <= 4955284))
	  ->  Bitmap Index Scan on k_2  (cost=0.00..5.38 rows=95 width=0)
	        Index Cond: ((k >= 4955184) AND (k <= 4955284))

table 3 : explain SELECT k, c FROM sbtest3 WHERE k BETWEEN 4955184 AND 4955284
	Bitmap Heap Scan on sbtest3  (cost=5.46..401.19 rows=100 width=125)
	  Recheck Cond: ((k >= 4955184) AND (k <= 4955284))
	  ->  Bitmap Index Scan on k_3  (cost=0.00..5.43 rows=100 width=0)
	        Index Cond: ((k >= 4955184) AND (k <= 4955284))

table 4 : explain SELECT k, c FROM sbtest4 WHERE k BETWEEN 4955184 AND 4955284
	Bitmap Heap Scan on sbtest4  (cost=5.40..377.55 rows=94 width=125)
	  Recheck Cond: ((k >= 4955184) AND (k <= 4955284))
	  ->  Bitmap Index Scan on k_4  (cost=0.00..5.38 rows=94 width=0)
	        Index Cond: ((k >= 4955184) AND (k <= 4955284))

table 5 : explain SELECT k, c FROM sbtest5 WHERE k BETWEEN 4955184 AND 4955284
	Bitmap Heap Scan on sbtest5  (cost=5.41..381.49 rows=95 width=125)
	  Recheck Cond: ((k >= 4955184) AND (k <= 4955284))
	  ->  Bitmap Index Scan on k_5  (cost=0.00..5.38 rows=95 width=0)
	        Index Cond: ((k >= 4955184) AND (k <= 4955284))

table 6 : explain SELECT k, c FROM sbtest6 WHERE k BETWEEN 4955184 AND 4955284
	Bitmap Heap Scan on sbtest6  (cost=5.43..389.37 rows=97 width=125)
	  Recheck Cond: ((k >= 4955184) AND (k <= 4955284))
	  ->  Bitmap Index Scan on k_6  (cost=0.00..5.40 rows=97 width=0)
	        Index Cond: ((k >= 4955184) AND (k <= 4955284))

table 7 : explain SELECT k, c FROM sbtest7 WHERE k BETWEEN 4955184 AND 4955284
	Bitmap Heap Scan on sbtest7  (cost=5.46..401.19 rows=100 width=125)
	  Recheck Cond: ((k >= 4955184) AND (k <= 4955284))
	  ->  Bitmap Index Scan on k_7  (cost=0.00..5.43 rows=100 width=0)
	        Index Cond: ((k >= 4955184) AND (k <= 4955284))

table 8 : explain SELECT k, c FROM sbtest8 WHERE k BETWEEN 4955184 AND 4955284
	Bitmap Heap Scan on sbtest8  (cost=5.47..405.13 rows=101 width=125)
	  Recheck Cond: ((k >= 4955184) AND (k <= 4955284))
	  ->  Bitmap Index Scan on k_8  (cost=0.00..5.44 rows=101 width=0)
	        Index Cond: ((k >= 4955184) AND (k <= 4955284))

for range-notcovered
table 1 : explain SELECT k, c FROM sbtest1 WHERE k BETWEEN 2924930 AND 2925030
	Bitmap Heap Scan on sbtest1  (cost=5.39..373.61 rows=93 width=125)
	  Recheck Cond: ((k >= 2924930) AND (k <= 2925030))
	  ->  Bitmap Index Scan on k_1  (cost=0.00..5.36 rows=93 width=0)
	        Index Cond: ((k >= 2924930) AND (k <= 2925030))

table 2 : explain SELECT k, c FROM sbtest2 WHERE k BETWEEN 2924930 AND 2925030
	Bitmap Heap Scan on sbtest2  (cost=5.50..416.94 rows=104 width=125)
	  Recheck Cond: ((k >= 2924930) AND (k <= 2925030))
	  ->  Bitmap Index Scan on k_2  (cost=0.00..5.47 rows=104 width=0)
	        Index Cond: ((k >= 2924930) AND (k <= 2925030))

table 3 : explain SELECT k, c FROM sbtest3 WHERE k BETWEEN 2924930 AND 2925030
	Bitmap Heap Scan on sbtest3  (cost=5.47..405.13 rows=101 width=125)
	  Recheck Cond: ((k >= 2924930) AND (k <= 2925030))
	  ->  Bitmap Index Scan on k_3  (cost=0.00..5.44 rows=101 width=0)
	        Index Cond: ((k >= 2924930) AND (k <= 2925030))

table 4 : explain SELECT k, c FROM sbtest4 WHERE k BETWEEN 2924930 AND 2925030
	Bitmap Heap Scan on sbtest4  (cost=5.52..424.81 rows=106 width=125)
	  Recheck Cond: ((k >= 2924930) AND (k <= 2925030))
	  ->  Bitmap Index Scan on k_4  (cost=0.00..5.50 rows=106 width=0)
	        Index Cond: ((k >= 2924930) AND (k <= 2925030))

table 5 : explain SELECT k, c FROM sbtest5 WHERE k BETWEEN 2924930 AND 2925030
	Bitmap Heap Scan on sbtest5  (cost=5.50..416.94 rows=104 width=125)
	  Recheck Cond: ((k >= 2924930) AND (k <= 2925030))
	  ->  Bitmap Index Scan on k_5  (cost=0.00..5.47 rows=104 width=0)
	        Index Cond: ((k >= 2924930) AND (k <= 2925030))

table 6 : explain SELECT k, c FROM sbtest6 WHERE k BETWEEN 2924930 AND 2925030
	Bitmap Heap Scan on sbtest6  (cost=5.57..444.49 rows=111 width=125)
	  Recheck Cond: ((k >= 2924930) AND (k <= 2925030))
	  ->  Bitmap Index Scan on k_6  (cost=0.00..5.54 rows=111 width=0)
	        Index Cond: ((k >= 2924930) AND (k <= 2925030))

table 7 : explain SELECT k, c FROM sbtest7 WHERE k BETWEEN 2924930 AND 2925030
	Bitmap Heap Scan on sbtest7  (cost=5.59..452.36 rows=113 width=125)
	  Recheck Cond: ((k >= 2924930) AND (k <= 2925030))
	  ->  Bitmap Index Scan on k_7  (cost=0.00..5.56 rows=113 width=0)
	        Index Cond: ((k >= 2924930) AND (k <= 2925030))

table 8 : explain SELECT k, c FROM sbtest8 WHERE k BETWEEN 2924930 AND 2925030
	Bitmap Heap Scan on sbtest8  (cost=5.49..413.00 rows=103 width=125)
	  Recheck Cond: ((k >= 2924930) AND (k <= 2925030))
	  ->  Bitmap Index Scan on k_8  (cost=0.00..5.46 rows=103 width=0)
	        Index Cond: ((k >= 2924930) AND (k <= 2925030))

explain: for range-notcovered :: explain SELECT k, c FROM sbtest%d WHERE k BETWEEN 4955184 AND 4955284
for range-notcovered
table 1 : explain SELECT k, c FROM sbtest1 WHERE k BETWEEN 4091589 AND 4091689
	Bitmap Heap Scan on sbtest1  (cost=5.41..381.49 rows=95 width=125)
	  Recheck Cond: ((k >= 4091589) AND (k <= 4091689))
	  ->  Bitmap Index Scan on k_1  (cost=0.00..5.38 rows=95 width=0)
	        Index Cond: ((k >= 4091589) AND (k <= 4091689))

table 2 : explain SELECT k, c FROM sbtest2 WHERE k BETWEEN 4091589 AND 4091689
	Bitmap Heap Scan on sbtest2  (cost=5.48..409.07 rows=102 width=125)
	  Recheck Cond: ((k >= 4091589) AND (k <= 4091689))
	  ->  Bitmap Index Scan on k_2  (cost=0.00..5.45 rows=102 width=0)
	        Index Cond: ((k >= 4091589) AND (k <= 4091689))

table 3 : explain SELECT k, c FROM sbtest3 WHERE k BETWEEN 4091589 AND 4091689
	Bitmap Heap Scan on sbtest3  (cost=5.43..389.37 rows=97 width=125)
	  Recheck Cond: ((k >= 4091589) AND (k <= 4091689))
	  ->  Bitmap Index Scan on k_3  (cost=0.00..5.40 rows=97 width=0)
	        Index Cond: ((k >= 4091589) AND (k <= 4091689))

table 4 : explain SELECT k, c FROM sbtest4 WHERE k BETWEEN 4091589 AND 4091689
	Bitmap Heap Scan on sbtest4  (cost=5.44..393.31 rows=98 width=125)
	  Recheck Cond: ((k >= 4091589) AND (k <= 4091689))
	  ->  Bitmap Index Scan on k_4  (cost=0.00..5.42 rows=98 width=0)
	        Index Cond: ((k >= 4091589) AND (k <= 4091689))

table 5 : explain SELECT k, c FROM sbtest5 WHERE k BETWEEN 4091589 AND 4091689
	Bitmap Heap Scan on sbtest5  (cost=5.48..409.07 rows=102 width=125)
	  Recheck Cond: ((k >= 4091589) AND (k <= 4091689))
	  ->  Bitmap Index Scan on k_5  (cost=0.00..5.45 rows=102 width=0)
	        Index Cond: ((k >= 4091589) AND (k <= 4091689))

table 6 : explain SELECT k, c FROM sbtest6 WHERE k BETWEEN 4091589 AND 4091689
	Bitmap Heap Scan on sbtest6  (cost=5.43..389.37 rows=97 width=125)
	  Recheck Cond: ((k >= 4091589) AND (k <= 4091689))
	  ->  Bitmap Index Scan on k_6  (cost=0.00..5.40 rows=97 width=0)
	        Index Cond: ((k >= 4091589) AND (k <= 4091689))

table 7 : explain SELECT k, c FROM sbtest7 WHERE k BETWEEN 4091589 AND 4091689
	Bitmap Heap Scan on sbtest7  (cost=5.50..416.94 rows=104 width=125)
	  Recheck Cond: ((k >= 4091589) AND (k <= 4091689))
	  ->  Bitmap Index Scan on k_7  (cost=0.00..5.47 rows=104 width=0)
	        Index Cond: ((k >= 4091589) AND (k <= 4091689))

table 8 : explain SELECT k, c FROM sbtest8 WHERE k BETWEEN 4091589 AND 4091689
	Bitmap Heap Scan on sbtest8  (cost=5.51..420.88 rows=105 width=125)
	  Recheck Cond: ((k >= 4091589) AND (k <= 4091689))
	  ->  Bitmap Index Scan on k_8  (cost=0.00..5.48 rows=105 width=0)
	        Index Cond: ((k >= 4091589) AND (k <= 4091689))

for range-notcovered
table 1 : explain SELECT k, c FROM sbtest1 WHERE k BETWEEN 7399472 AND 7399572
	Bitmap Heap Scan on sbtest1  (cost=5.49..413.00 rows=103 width=125)
	  Recheck Cond: ((k >= 7399472) AND (k <= 7399572))
	  ->  Bitmap Index Scan on k_1  (cost=0.00..5.46 rows=103 width=0)
	        Index Cond: ((k >= 7399472) AND (k <= 7399572))

table 2 : explain SELECT k, c FROM sbtest2 WHERE k BETWEEN 7399472 AND 7399572
	Bitmap Heap Scan on sbtest2  (cost=5.45..397.25 rows=99 width=125)
	  Recheck Cond: ((k >= 7399472) AND (k <= 7399572))
	  ->  Bitmap Index Scan on k_2  (cost=0.00..5.42 rows=99 width=0)
	        Index Cond: ((k >= 7399472) AND (k <= 7399572))

table 3 : explain SELECT k, c FROM sbtest3 WHERE k BETWEEN 7399472 AND 7399572
	Bitmap Heap Scan on sbtest3  (cost=5.53..428.75 rows=107 width=125)
	  Recheck Cond: ((k >= 7399472) AND (k <= 7399572))
	  ->  Bitmap Index Scan on k_3  (cost=0.00..5.50 rows=107 width=0)
	        Index Cond: ((k >= 7399472) AND (k <= 7399572))

table 4 : explain SELECT k, c FROM sbtest4 WHERE k BETWEEN 7399472 AND 7399572
	Bitmap Heap Scan on sbtest4  (cost=5.53..428.75 rows=107 width=125)
	  Recheck Cond: ((k >= 7399472) AND (k <= 7399572))
	  ->  Bitmap Index Scan on k_4  (cost=0.00..5.50 rows=107 width=0)
	        Index Cond: ((k >= 7399472) AND (k <= 7399572))

table 5 : explain SELECT k, c FROM sbtest5 WHERE k BETWEEN 7399472 AND 7399572
	Bitmap Heap Scan on sbtest5  (cost=5.42..385.43 rows=96 width=125)
	  Recheck Cond: ((k >= 7399472) AND (k <= 7399572))
	  ->  Bitmap Index Scan on k_5  (cost=0.00..5.39 rows=96 width=0)
	        Index Cond: ((k >= 7399472) AND (k <= 7399572))

table 6 : explain SELECT k, c FROM sbtest6 WHERE k BETWEEN 7399472 AND 7399572
	Bitmap Heap Scan on sbtest6  (cost=5.49..413.00 rows=103 width=125)
	  Recheck Cond: ((k >= 7399472) AND (k <= 7399572))
	  ->  Bitmap Index Scan on k_6  (cost=0.00..5.46 rows=103 width=0)
	        Index Cond: ((k >= 7399472) AND (k <= 7399572))

table 7 : explain SELECT k, c FROM sbtest7 WHERE k BETWEEN 7399472 AND 7399572
	Bitmap Heap Scan on sbtest7  (cost=5.33..349.95 rows=87 width=125)
	  Recheck Cond: ((k >= 7399472) AND (k <= 7399572))
	  ->  Bitmap Index Scan on k_7  (cost=0.00..5.30 rows=87 width=0)
	        Index Cond: ((k >= 7399472) AND (k <= 7399572))

table 8 : explain SELECT k, c FROM sbtest8 WHERE k BETWEEN 7399472 AND 7399572
	Bitmap Heap Scan on sbtest8  (cost=5.62..464.15 rows=116 width=125)
	  Recheck Cond: ((k >= 7399472) AND (k <= 7399572))
	  ->  Bitmap Index Scan on k_8  (cost=0.00..5.59 rows=116 width=0)
	        Index Cond: ((k >= 7399472) AND (k <= 7399572))

for range-notcovered
table 1 : explain SELECT k, c FROM sbtest1 WHERE k BETWEEN 3756861 AND 3756961
	Bitmap Heap Scan on sbtest1  (cost=5.47..405.13 rows=101 width=125)
	  Recheck Cond: ((k >= 3756861) AND (k <= 3756961))
	  ->  Bitmap Index Scan on k_1  (cost=0.00..5.44 rows=101 width=0)
	        Index Cond: ((k >= 3756861) AND (k <= 3756961))

table 2 : explain SELECT k, c FROM sbtest2 WHERE k BETWEEN 3756861 AND 3756961
	Bitmap Heap Scan on sbtest2  (cost=5.52..424.81 rows=106 width=125)
	  Recheck Cond: ((k >= 3756861) AND (k <= 3756961))
	  ->  Bitmap Index Scan on k_2  (cost=0.00..5.50 rows=106 width=0)
	        Index Cond: ((k >= 3756861) AND (k <= 3756961))

table 3 : explain SELECT k, c FROM sbtest3 WHERE k BETWEEN 3756861 AND 3756961
	Bitmap Heap Scan on sbtest3  (cost=5.57..444.49 rows=111 width=125)
	  Recheck Cond: ((k >= 3756861) AND (k <= 3756961))
	  ->  Bitmap Index Scan on k_3  (cost=0.00..5.54 rows=111 width=0)
	        Index Cond: ((k >= 3756861) AND (k <= 3756961))

table 4 : explain SELECT k, c FROM sbtest4 WHERE k BETWEEN 3756861 AND 3756961
	Bitmap Heap Scan on sbtest4  (cost=5.50..416.94 rows=104 width=125)
	  Recheck Cond: ((k >= 3756861) AND (k <= 3756961))
	  ->  Bitmap Index Scan on k_4  (cost=0.00..5.47 rows=104 width=0)
	        Index Cond: ((k >= 3756861) AND (k <= 3756961))

table 5 : explain SELECT k, c FROM sbtest5 WHERE k BETWEEN 3756861 AND 3756961
	Bitmap Heap Scan on sbtest5  (cost=5.43..389.37 rows=97 width=125)
	  Recheck Cond: ((k >= 3756861) AND (k <= 3756961))
	  ->  Bitmap Index Scan on k_5  (cost=0.00..5.40 rows=97 width=0)
	        Index Cond: ((k >= 3756861) AND (k <= 3756961))

table 6 : explain SELECT k, c FROM sbtest6 WHERE k BETWEEN 3756861 AND 3756961
	Bitmap Heap Scan on sbtest6  (cost=5.48..409.07 rows=102 width=125)
	  Recheck Cond: ((k >= 3756861) AND (k <= 3756961))
	  ->  Bitmap Index Scan on k_6  (cost=0.00..5.45 rows=102 width=0)
	        Index Cond: ((k >= 3756861) AND (k <= 3756961))

table 7 : explain SELECT k, c FROM sbtest7 WHERE k BETWEEN 3756861 AND 3756961
	Bitmap Heap Scan on sbtest7  (cost=5.61..460.22 rows=115 width=125)
	  Recheck Cond: ((k >= 3756861) AND (k <= 3756961))
	  ->  Bitmap Index Scan on k_7  (cost=0.00..5.58 rows=115 width=0)
	        Index Cond: ((k >= 3756861) AND (k <= 3756961))

table 8 : explain SELECT k, c FROM sbtest8 WHERE k BETWEEN 3756861 AND 3756961
	Bitmap Heap Scan on sbtest8  (cost=5.37..365.72 rows=91 width=125)
	  Recheck Cond: ((k >= 3756861) AND (k <= 3756961))
	  ->  Bitmap Index Scan on k_8  (cost=0.00..5.34 rows=91 width=0)
	        Index Cond: ((k >= 3756861) AND (k <= 3756961))

explain: for range-notcovered :: explain SELECT k, c FROM sbtest%d WHERE k BETWEEN 2924930 AND 2925030
explain: for range-notcovered :: explain SELECT k, c FROM sbtest%d WHERE k BETWEEN 3756861 AND 3756961
for range-notcovered
table 1 : explain SELECT k, c FROM sbtest1 WHERE k BETWEEN 3918120 AND 3918220
	Bitmap Heap Scan on sbtest1  (cost=5.55..436.62 rows=109 width=125)
	  Recheck Cond: ((k >= 3918120) AND (k <= 3918220))
	  ->  Bitmap Index Scan on k_1  (cost=0.00..5.52 rows=109 width=0)
	        Index Cond: ((k >= 3918120) AND (k <= 3918220))

table 2 : explain SELECT k, c FROM sbtest2 WHERE k BETWEEN 3918120 AND 3918220
	Bitmap Heap Scan on sbtest2  (cost=5.46..401.19 rows=100 width=125)
	  Recheck Cond: ((k >= 3918120) AND (k <= 3918220))
	  ->  Bitmap Index Scan on k_2  (cost=0.00..5.43 rows=100 width=0)
	        Index Cond: ((k >= 3918120) AND (k <= 3918220))

table 3 : explain SELECT k, c FROM sbtest3 WHERE k BETWEEN 3918120 AND 3918220
	Bitmap Heap Scan on sbtest3  (cost=5.41..381.49 rows=95 width=125)
	  Recheck Cond: ((k >= 3918120) AND (k <= 3918220))
	  ->  Bitmap Index Scan on k_3  (cost=0.00..5.38 rows=95 width=0)
	        Index Cond: ((k >= 3918120) AND (k <= 3918220))

table 4 : explain SELECT k, c FROM sbtest4 WHERE k BETWEEN 3918120 AND 3918220
	Bitmap Heap Scan on sbtest4  (cost=5.54..432.69 rows=108 width=125)
	  Recheck Cond: ((k >= 3918120) AND (k <= 3918220))
	  ->  Bitmap Index Scan on k_4  (cost=0.00..5.51 rows=108 width=0)
	        Index Cond: ((k >= 3918120) AND (k <= 3918220))

table 5 : explain SELECT k, c FROM sbtest5 WHERE k BETWEEN 3918120 AND 3918220
	Bitmap Heap Scan on sbtest5  (cost=5.49..413.00 rows=103 width=125)
	  Recheck Cond: ((k >= 3918120) AND (k <= 3918220))
	  ->  Bitmap Index Scan on k_5  (cost=0.00..5.46 rows=103 width=0)
	        Index Cond: ((k >= 3918120) AND (k <= 3918220))

table 6 : explain SELECT k, c FROM sbtest6 WHERE k BETWEEN 3918120 AND 3918220
	Bitmap Heap Scan on sbtest6  (cost=5.44..393.31 rows=98 width=125)
	  Recheck Cond: ((k >= 3918120) AND (k <= 3918220))
	  ->  Bitmap Index Scan on k_6  (cost=0.00..5.42 rows=98 width=0)
	        Index Cond: ((k >= 3918120) AND (k <= 3918220))

table 7 : explain SELECT k, c FROM sbtest7 WHERE k BETWEEN 3918120 AND 3918220
	Bitmap Heap Scan on sbtest7  (cost=5.42..385.43 rows=96 width=125)
	  Recheck Cond: ((k >= 3918120) AND (k <= 3918220))
	  ->  Bitmap Index Scan on k_7  (cost=0.00..5.39 rows=96 width=0)
	        Index Cond: ((k >= 3918120) AND (k <= 3918220))

table 8 : explain SELECT k, c FROM sbtest8 WHERE k BETWEEN 3918120 AND 3918220
	Bitmap Heap Scan on sbtest8  (cost=5.46..401.19 rows=100 width=125)
	  Recheck Cond: ((k >= 3918120) AND (k <= 3918220))
	  ->  Bitmap Index Scan on k_8  (cost=0.00..5.43 rows=100 width=0)
	        Index Cond: ((k >= 3918120) AND (k <= 3918220))

for range-notcovered
table 1 : explain SELECT k, c FROM sbtest1 WHERE k BETWEEN 8193714 AND 8193814
	Bitmap Heap Scan on sbtest1  (cost=5.38..369.67 rows=92 width=125)
	  Recheck Cond: ((k >= 8193714) AND (k <= 8193814))
	  ->  Bitmap Index Scan on k_1  (cost=0.00..5.35 rows=92 width=0)
	        Index Cond: ((k >= 8193714) AND (k <= 8193814))

table 2 : explain SELECT k, c FROM sbtest2 WHERE k BETWEEN 8193714 AND 8193814
	Bitmap Heap Scan on sbtest2  (cost=5.47..405.13 rows=101 width=125)
	  Recheck Cond: ((k >= 8193714) AND (k <= 8193814))
	  ->  Bitmap Index Scan on k_2  (cost=0.00..5.44 rows=101 width=0)
	        Index Cond: ((k >= 8193714) AND (k <= 8193814))

table 3 : explain SELECT k, c FROM sbtest3 WHERE k BETWEEN 8193714 AND 8193814
	Bitmap Heap Scan on sbtest3  (cost=5.51..420.88 rows=105 width=125)
	  Recheck Cond: ((k >= 8193714) AND (k <= 8193814))
	  ->  Bitmap Index Scan on k_3  (cost=0.00..5.48 rows=105 width=0)
	        Index Cond: ((k >= 8193714) AND (k <= 8193814))

table 4 : explain SELECT k, c FROM sbtest4 WHERE k BETWEEN 8193714 AND 8193814
	Bitmap Heap Scan on sbtest4  (cost=5.43..389.37 rows=97 width=125)
	  Recheck Cond: ((k >= 8193714) AND (k <= 8193814))
	  ->  Bitmap Index Scan on k_4  (cost=0.00..5.40 rows=97 width=0)
	        Index Cond: ((k >= 8193714) AND (k <= 8193814))

table 5 : explain SELECT k, c FROM sbtest5 WHERE k BETWEEN 8193714 AND 8193814
	Bitmap Heap Scan on sbtest5  (cost=5.45..397.25 rows=99 width=125)
	  Recheck Cond: ((k >= 8193714) AND (k <= 8193814))
	  ->  Bitmap Index Scan on k_5  (cost=0.00..5.42 rows=99 width=0)
	        Index Cond: ((k >= 8193714) AND (k <= 8193814))

table 6 : explain SELECT k, c FROM sbtest6 WHERE k BETWEEN 8193714 AND 8193814
	Bitmap Heap Scan on sbtest6  (cost=5.46..401.19 rows=100 width=125)
	  Recheck Cond: ((k >= 8193714) AND (k <= 8193814))
	  ->  Bitmap Index Scan on k_6  (cost=0.00..5.43 rows=100 width=0)
	        Index Cond: ((k >= 8193714) AND (k <= 8193814))

table 7 : explain SELECT k, c FROM sbtest7 WHERE k BETWEEN 8193714 AND 8193814
	Bitmap Heap Scan on sbtest7  (cost=5.49..413.00 rows=103 width=125)
	  Recheck Cond: ((k >= 8193714) AND (k <= 8193814))
	  ->  Bitmap Index Scan on k_7  (cost=0.00..5.46 rows=103 width=0)
	        Index Cond: ((k >= 8193714) AND (k <= 8193814))

table 8 : explain SELECT k, c FROM sbtest8 WHERE k BETWEEN 8193714 AND 8193814
	Bitmap Heap Scan on sbtest8  (cost=5.49..413.00 rows=103 width=125)
	  Recheck Cond: ((k >= 8193714) AND (k <= 8193814))
	  ->  Bitmap Index Scan on k_8  (cost=0.00..5.46 rows=103 width=0)
	        Index Cond: ((k >= 8193714) AND (k <= 8193814))

for range-notcovered
table 1 : explain SELECT k, c FROM sbtest1 WHERE k BETWEEN 5675082 AND 5675182
	Bitmap Heap Scan on sbtest1  (cost=5.45..397.25 rows=99 width=125)
	  Recheck Cond: ((k >= 5675082) AND (k <= 5675182))
	  ->  Bitmap Index Scan on k_1  (cost=0.00..5.42 rows=99 width=0)
	        Index Cond: ((k >= 5675082) AND (k <= 5675182))

table 2 : explain SELECT k, c FROM sbtest2 WHERE k BETWEEN 5675082 AND 5675182
	Bitmap Heap Scan on sbtest2  (cost=5.42..385.43 rows=96 width=125)
	  Recheck Cond: ((k >= 5675082) AND (k <= 5675182))
	  ->  Bitmap Index Scan on k_2  (cost=0.00..5.39 rows=96 width=0)
	        Index Cond: ((k >= 5675082) AND (k <= 5675182))

table 3 : explain SELECT k, c FROM sbtest3 WHERE k BETWEEN 5675082 AND 5675182
	Bitmap Heap Scan on sbtest3  (cost=5.49..413.00 rows=103 width=125)
	  Recheck Cond: ((k >= 5675082) AND (k <= 5675182))
	  ->  Bitmap Index Scan on k_3  (cost=0.00..5.46 rows=103 width=0)
	        Index Cond: ((k >= 5675082) AND (k <= 5675182))

table 4 : explain SELECT k, c FROM sbtest4 WHERE k BETWEEN 5675082 AND 5675182
	Bitmap Heap Scan on sbtest4  (cost=5.53..428.75 rows=107 width=125)
	  Recheck Cond: ((k >= 5675082) AND (k <= 5675182))
	  ->  Bitmap Index Scan on k_4  (cost=0.00..5.50 rows=107 width=0)
	        Index Cond: ((k >= 5675082) AND (k <= 5675182))

table 5 : explain SELECT k, c FROM sbtest5 WHERE k BETWEEN 5675082 AND 5675182
	Bitmap Heap Scan on sbtest5  (cost=5.55..436.62 rows=109 width=125)
	  Recheck Cond: ((k >= 5675082) AND (k <= 5675182))
	  ->  Bitmap Index Scan on k_5  (cost=0.00..5.52 rows=109 width=0)
	        Index Cond: ((k >= 5675082) AND (k <= 5675182))

table 6 : explain SELECT k, c FROM sbtest6 WHERE k BETWEEN 5675082 AND 5675182
	Bitmap Heap Scan on sbtest6  (cost=5.40..377.55 rows=94 width=125)
	  Recheck Cond: ((k >= 5675082) AND (k <= 5675182))
	  ->  Bitmap Index Scan on k_6  (cost=0.00..5.38 rows=94 width=0)
	        Index Cond: ((k >= 5675082) AND (k <= 5675182))

table 7 : explain SELECT k, c FROM sbtest7 WHERE k BETWEEN 5675082 AND 5675182
	Bitmap Heap Scan on sbtest7  (cost=5.46..401.19 rows=100 width=125)
	  Recheck Cond: ((k >= 5675082) AND (k <= 5675182))
	  ->  Bitmap Index Scan on k_7  (cost=0.00..5.43 rows=100 width=0)
	        Index Cond: ((k >= 5675082) AND (k <= 5675182))

table 8 : explain SELECT k, c FROM sbtest8 WHERE k BETWEEN 5675082 AND 5675182
	Bitmap Heap Scan on sbtest8  (cost=5.55..436.62 rows=109 width=125)
	  Recheck Cond: ((k >= 5675082) AND (k <= 5675182))
	  ->  Bitmap Index Scan on k_8  (cost=0.00..5.52 rows=109 width=0)
	        Index Cond: ((k >= 5675082) AND (k <= 5675182))

for range-notcovered
table 1 : explain SELECT k, c FROM sbtest1 WHERE k BETWEEN 711626 AND 711726
	Bitmap Heap Scan on sbtest1  (cost=5.46..401.19 rows=100 width=125)
	  Recheck Cond: ((k >= 711626) AND (k <= 711726))
	  ->  Bitmap Index Scan on k_1  (cost=0.00..5.43 rows=100 width=0)
	        Index Cond: ((k >= 711626) AND (k <= 711726))

table 2 : explain SELECT k, c FROM sbtest2 WHERE k BETWEEN 711626 AND 711726
	Bitmap Heap Scan on sbtest2  (cost=5.45..397.25 rows=99 width=125)
	  Recheck Cond: ((k >= 711626) AND (k <= 711726))
	  ->  Bitmap Index Scan on k_2  (cost=0.00..5.42 rows=99 width=0)
	        Index Cond: ((k >= 711626) AND (k <= 711726))

table 3 : explain SELECT k, c FROM sbtest3 WHERE k BETWEEN 711626 AND 711726
	Bitmap Heap Scan on sbtest3  (cost=5.49..413.00 rows=103 width=125)
	  Recheck Cond: ((k >= 711626) AND (k <= 711726))
	  ->  Bitmap Index Scan on k_3  (cost=0.00..5.46 rows=103 width=0)
	        Index Cond: ((k >= 711626) AND (k <= 711726))

table 4 : explain SELECT k, c FROM sbtest4 WHERE k BETWEEN 711626 AND 711726
	Bitmap Heap Scan on sbtest4  (cost=5.49..413.00 rows=103 width=125)
	  Recheck Cond: ((k >= 711626) AND (k <= 711726))
	  ->  Bitmap Index Scan on k_4  (cost=0.00..5.46 rows=103 width=0)
	        Index Cond: ((k >= 711626) AND (k <= 711726))

table 5 : explain SELECT k, c FROM sbtest5 WHERE k BETWEEN 711626 AND 711726
	Bitmap Heap Scan on sbtest5  (cost=5.44..393.31 rows=98 width=125)
	  Recheck Cond: ((k >= 711626) AND (k <= 711726))
	  ->  Bitmap Index Scan on k_5  (cost=0.00..5.42 rows=98 width=0)
	        Index Cond: ((k >= 711626) AND (k <= 711726))

table 6 : explain SELECT k, c FROM sbtest6 WHERE k BETWEEN 711626 AND 711726
	Bitmap Heap Scan on sbtest6  (cost=5.43..389.37 rows=97 width=125)
	  Recheck Cond: ((k >= 711626) AND (k <= 711726))
	  ->  Bitmap Index Scan on k_6  (cost=0.00..5.40 rows=97 width=0)
	        Index Cond: ((k >= 711626) AND (k <= 711726))

table 7 : explain SELECT k, c FROM sbtest7 WHERE k BETWEEN 711626 AND 711726
	Bitmap Heap Scan on sbtest7  (cost=5.59..452.36 rows=113 width=125)
	  Recheck Cond: ((k >= 711626) AND (k <= 711726))
	  ->  Bitmap Index Scan on k_7  (cost=0.00..5.56 rows=113 width=0)
	        Index Cond: ((k >= 711626) AND (k <= 711726))

table 8 : explain SELECT k, c FROM sbtest8 WHERE k BETWEEN 711626 AND 711726
	Bitmap Heap Scan on sbtest8  (cost=5.40..377.55 rows=94 width=125)
	  Recheck Cond: ((k >= 711626) AND (k <= 711726))
	  ->  Bitmap Index Scan on k_8  (cost=0.00..5.38 rows=94 width=0)
	        Index Cond: ((k >= 711626) AND (k <= 711726))

explain: for range-notcovered :: explain SELECT k, c FROM sbtest%d WHERE k BETWEEN 8193714 AND 8193814
explain: for range-notcovered :: explain SELECT k, c FROM sbtest%d WHERE k BETWEEN 5675082 AND 5675182
explain: for range-notcovered :: explain SELECT k, c FROM sbtest%d WHERE k BETWEEN 711626 AND 711726
for range-notcovered
table 1 : explain SELECT k, c FROM sbtest1 WHERE k BETWEEN 4955184 AND 4955284
	Bitmap Heap Scan on sbtest1  (cost=5.55..436.62 rows=109 width=125)
	  Recheck Cond: ((k >= 4955184) AND (k <= 4955284))
	  ->  Bitmap Index Scan on k_1  (cost=0.00..5.52 rows=109 width=0)
	        Index Cond: ((k >= 4955184) AND (k <= 4955284))

table 2 : explain SELECT k, c FROM sbtest2 WHERE k BETWEEN 4955184 AND 4955284
	Bitmap Heap Scan on sbtest2  (cost=5.41..381.49 rows=95 width=125)
	  Recheck Cond: ((k >= 4955184) AND (k <= 4955284))
	  ->  Bitmap Index Scan on k_2  (cost=0.00..5.38 rows=95 width=0)
	        Index Cond: ((k >= 4955184) AND (k <= 4955284))

table 3 : explain SELECT k, c FROM sbtest3 WHERE k BETWEEN 4955184 AND 4955284
	Bitmap Heap Scan on sbtest3  (cost=5.46..401.19 rows=100 width=125)
	  Recheck Cond: ((k >= 4955184) AND (k <= 4955284))
	  ->  Bitmap Index Scan on k_3  (cost=0.00..5.43 rows=100 width=0)
	        Index Cond: ((k >= 4955184) AND (k <= 4955284))

table 4 : explain SELECT k, c FROM sbtest4 WHERE k BETWEEN 4955184 AND 4955284
	Bitmap Heap Scan on sbtest4  (cost=5.40..377.55 rows=94 width=125)
	  Recheck Cond: ((k >= 4955184) AND (k <= 4955284))
	  ->  Bitmap Index Scan on k_4  (cost=0.00..5.38 rows=94 width=0)
	        Index Cond: ((k >= 4955184) AND (k <= 4955284))

table 5 : explain SELECT k, c FROM sbtest5 WHERE k BETWEEN 4955184 AND 4955284
	Bitmap Heap Scan on sbtest5  (cost=5.41..381.49 rows=95 width=125)
	  Recheck Cond: ((k >= 4955184) AND (k <= 4955284))
	  ->  Bitmap Index Scan on k_5  (cost=0.00..5.38 rows=95 width=0)
	        Index Cond: ((k >= 4955184) AND (k <= 4955284))

table 6 : explain SELECT k, c FROM sbtest6 WHERE k BETWEEN 4955184 AND 4955284
	Bitmap Heap Scan on sbtest6  (cost=5.43..389.37 rows=97 width=125)
	  Recheck Cond: ((k >= 4955184) AND (k <= 4955284))
	  ->  Bitmap Index Scan on k_6  (cost=0.00..5.40 rows=97 width=0)
	        Index Cond: ((k >= 4955184) AND (k <= 4955284))

table 7 : explain SELECT k, c FROM sbtest7 WHERE k BETWEEN 4955184 AND 4955284
	Bitmap Heap Scan on sbtest7  (cost=5.46..401.19 rows=100 width=125)
	  Recheck Cond: ((k >= 4955184) AND (k <= 4955284))
	  ->  Bitmap Index Scan on k_7  (cost=0.00..5.43 rows=100 width=0)
	        Index Cond: ((k >= 4955184) AND (k <= 4955284))

table 8 : explain SELECT k, c FROM sbtest8 WHERE k BETWEEN 4955184 AND 4955284
	Bitmap Heap Scan on sbtest8  (cost=5.47..405.13 rows=101 width=125)
	  Recheck Cond: ((k >= 4955184) AND (k <= 4955284))
	  ->  Bitmap Index Scan on k_8  (cost=0.00..5.44 rows=101 width=0)
	        Index Cond: ((k >= 4955184) AND (k <= 4955284))

for range-notcovered
table 1 : explain SELECT k, c FROM sbtest1 WHERE k BETWEEN 3670230 AND 3670330
	Bitmap Heap Scan on sbtest1  (cost=5.48..409.07 rows=102 width=125)
	  Recheck Cond: ((k >= 3670230) AND (k <= 3670330))
	  ->  Bitmap Index Scan on k_1  (cost=0.00..5.45 rows=102 width=0)
	        Index Cond: ((k >= 3670230) AND (k <= 3670330))

table 2 : explain SELECT k, c FROM sbtest2 WHERE k BETWEEN 3670230 AND 3670330
	Bitmap Heap Scan on sbtest2  (cost=5.47..405.13 rows=101 width=125)
	  Recheck Cond: ((k >= 3670230) AND (k <= 3670330))
	  ->  Bitmap Index Scan on k_2  (cost=0.00..5.44 rows=101 width=0)
	        Index Cond: ((k >= 3670230) AND (k <= 3670330))

table 3 : explain SELECT k, c FROM sbtest3 WHERE k BETWEEN 3670230 AND 3670330
	Bitmap Heap Scan on sbtest3  (cost=5.58..448.42 rows=112 width=125)
	  Recheck Cond: ((k >= 3670230) AND (k <= 3670330))
	  ->  Bitmap Index Scan on k_3  (cost=0.00..5.55 rows=112 width=0)
	        Index Cond: ((k >= 3670230) AND (k <= 3670330))

table 4 : explain SELECT k, c FROM sbtest4 WHERE k BETWEEN 3670230 AND 3670330
	Bitmap Heap Scan on sbtest4  (cost=5.60..456.29 rows=114 width=125)
	  Recheck Cond: ((k >= 3670230) AND (k <= 3670330))
	  ->  Bitmap Index Scan on k_4  (cost=0.00..5.58 rows=114 width=0)
	        Index Cond: ((k >= 3670230) AND (k <= 3670330))

table 5 : explain SELECT k, c FROM sbtest5 WHERE k BETWEEN 3670230 AND 3670330
	Bitmap Heap Scan on sbtest5  (cost=5.39..373.61 rows=93 width=125)
	  Recheck Cond: ((k >= 3670230) AND (k <= 3670330))
	  ->  Bitmap Index Scan on k_5  (cost=0.00..5.36 rows=93 width=0)
	        Index Cond: ((k >= 3670230) AND (k <= 3670330))

table 6 : explain SELECT k, c FROM sbtest6 WHERE k BETWEEN 3670230 AND 3670330
	Bitmap Heap Scan on sbtest6  (cost=5.48..409.07 rows=102 width=125)
	  Recheck Cond: ((k >= 3670230) AND (k <= 3670330))
	  ->  Bitmap Index Scan on k_6  (cost=0.00..5.45 rows=102 width=0)
	        Index Cond: ((k >= 3670230) AND (k <= 3670330))

table 7 : explain SELECT k, c FROM sbtest7 WHERE k BETWEEN 3670230 AND 3670330
	Bitmap Heap Scan on sbtest7  (cost=5.53..428.75 rows=107 width=125)
	  Recheck Cond: ((k >= 3670230) AND (k <= 3670330))
	  ->  Bitmap Index Scan on k_7  (cost=0.00..5.50 rows=107 width=0)
	        Index Cond: ((k >= 3670230) AND (k <= 3670330))

table 8 : explain SELECT k, c FROM sbtest8 WHERE k BETWEEN 3670230 AND 3670330
	Bitmap Heap Scan on sbtest8  (cost=5.49..413.00 rows=103 width=125)
	  Recheck Cond: ((k >= 3670230) AND (k <= 3670330))
	  ->  Bitmap Index Scan on k_8  (cost=0.00..5.46 rows=103 width=0)
	        Index Cond: ((k >= 3670230) AND (k <= 3670330))

explain: for range-notcovered :: explain SELECT k, c FROM sbtest%d WHERE k BETWEEN 4955184 AND 4955284
for range-notcovered
table 1 : explain SELECT k, c FROM sbtest1 WHERE k BETWEEN 4799196 AND 4799296
	Bitmap Heap Scan on sbtest1  (cost=5.49..413.00 rows=103 width=125)
	  Recheck Cond: ((k >= 4799196) AND (k <= 4799296))
	  ->  Bitmap Index Scan on k_1  (cost=0.00..5.46 rows=103 width=0)
	        Index Cond: ((k >= 4799196) AND (k <= 4799296))

table 2 : explain SELECT k, c FROM sbtest2 WHERE k BETWEEN 4799196 AND 4799296
	Bitmap Heap Scan on sbtest2  (cost=5.61..460.22 rows=115 width=125)
	  Recheck Cond: ((k >= 4799196) AND (k <= 4799296))
	  ->  Bitmap Index Scan on k_2  (cost=0.00..5.58 rows=115 width=0)
	        Index Cond: ((k >= 4799196) AND (k <= 4799296))

table 3 : explain SELECT k, c FROM sbtest3 WHERE k BETWEEN 4799196 AND 4799296
	Bitmap Heap Scan on sbtest3  (cost=5.52..424.81 rows=106 width=125)
	  Recheck Cond: ((k >= 4799196) AND (k <= 4799296))
	  ->  Bitmap Index Scan on k_3  (cost=0.00..5.50 rows=106 width=0)
	        Index Cond: ((k >= 4799196) AND (k <= 4799296))

table 4 : explain SELECT k, c FROM sbtest4 WHERE k BETWEEN 4799196 AND 4799296
	Bitmap Heap Scan on sbtest4  (cost=5.37..365.72 rows=91 width=125)
	  Recheck Cond: ((k >= 4799196) AND (k <= 4799296))
	  ->  Bitmap Index Scan on k_4  (cost=0.00..5.34 rows=91 width=0)
	        Index Cond: ((k >= 4799196) AND (k <= 4799296))

table 5 : explain SELECT k, c FROM sbtest5 WHERE k BETWEEN 4799196 AND 4799296
	Bitmap Heap Scan on sbtest5  (cost=5.56..440.56 rows=110 width=125)
	  Recheck Cond: ((k >= 4799196) AND (k <= 4799296))
	  ->  Bitmap Index Scan on k_5  (cost=0.00..5.53 rows=110 width=0)
	        Index Cond: ((k >= 4799196) AND (k <= 4799296))

table 6 : explain SELECT k, c FROM sbtest6 WHERE k BETWEEN 4799196 AND 4799296
	Bitmap Heap Scan on sbtest6  (cost=5.49..413.00 rows=103 width=125)
	  Recheck Cond: ((k >= 4799196) AND (k <= 4799296))
	  ->  Bitmap Index Scan on k_6  (cost=0.00..5.46 rows=103 width=0)
	        Index Cond: ((k >= 4799196) AND (k <= 4799296))

table 7 : explain SELECT k, c FROM sbtest7 WHERE k BETWEEN 4799196 AND 4799296
	Bitmap Heap Scan on sbtest7  (cost=5.45..397.25 rows=99 width=125)
	  Recheck Cond: ((k >= 4799196) AND (k <= 4799296))
	  ->  Bitmap Index Scan on k_7  (cost=0.00..5.42 rows=99 width=0)
	        Index Cond: ((k >= 4799196) AND (k <= 4799296))

table 8 : explain SELECT k, c FROM sbtest8 WHERE k BETWEEN 4799196 AND 4799296
	Bitmap Heap Scan on sbtest8  (cost=5.55..436.62 rows=109 width=125)
	  Recheck Cond: ((k >= 4799196) AND (k <= 4799296))
	  ->  Bitmap Index Scan on k_8  (cost=0.00..5.52 rows=109 width=0)
	        Index Cond: ((k >= 4799196) AND (k <= 4799296))

explain: for range-notcovered :: explain SELECT k, c FROM sbtest%d WHERE k BETWEEN 3670230 AND 3670330
for range-notcovered
table 1 : explain SELECT k, c FROM sbtest1 WHERE k BETWEEN 6630937 AND 6631037
	Bitmap Heap Scan on sbtest1  (cost=5.43..389.37 rows=97 width=125)
	  Recheck Cond: ((k >= 6630937) AND (k <= 6631037))
	  ->  Bitmap Index Scan on k_1  (cost=0.00..5.40 rows=97 width=0)
	        Index Cond: ((k >= 6630937) AND (k <= 6631037))

table 2 : explain SELECT k, c FROM sbtest2 WHERE k BETWEEN 6630937 AND 6631037
	Bitmap Heap Scan on sbtest2  (cost=5.50..416.94 rows=104 width=125)
	  Recheck Cond: ((k >= 6630937) AND (k <= 6631037))
	  ->  Bitmap Index Scan on k_2  (cost=0.00..5.47 rows=104 width=0)
	        Index Cond: ((k >= 6630937) AND (k <= 6631037))

table 3 : explain SELECT k, c FROM sbtest3 WHERE k BETWEEN 6630937 AND 6631037
	Bitmap Heap Scan on sbtest3  (cost=5.54..432.69 rows=108 width=125)
	  Recheck Cond: ((k >= 6630937) AND (k <= 6631037))
	  ->  Bitmap Index Scan on k_3  (cost=0.00..5.51 rows=108 width=0)
	        Index Cond: ((k >= 6630937) AND (k <= 6631037))

table 4 : explain SELECT k, c FROM sbtest4 WHERE k BETWEEN 6630937 AND 6631037
	Bitmap Heap Scan on sbtest4  (cost=5.54..432.69 rows=108 width=125)
	  Recheck Cond: ((k >= 6630937) AND (k <= 6631037))
	  ->  Bitmap Index Scan on k_4  (cost=0.00..5.51 rows=108 width=0)
	        Index Cond: ((k >= 6630937) AND (k <= 6631037))

table 5 : explain SELECT k, c FROM sbtest5 WHERE k BETWEEN 6630937 AND 6631037
	Bitmap Heap Scan on sbtest5  (cost=5.47..405.13 rows=101 width=125)
	  Recheck Cond: ((k >= 6630937) AND (k <= 6631037))
	  ->  Bitmap Index Scan on k_5  (cost=0.00..5.44 rows=101 width=0)
	        Index Cond: ((k >= 6630937) AND (k <= 6631037))

table 6 : explain SELECT k, c FROM sbtest6 WHERE k BETWEEN 6630937 AND 6631037
	Bitmap Heap Scan on sbtest6  (cost=5.50..416.94 rows=104 width=125)
	  Recheck Cond: ((k >= 6630937) AND (k <= 6631037))
	  ->  Bitmap Index Scan on k_6  (cost=0.00..5.47 rows=104 width=0)
	        Index Cond: ((k >= 6630937) AND (k <= 6631037))

table 7 : explain SELECT k, c FROM sbtest7 WHERE k BETWEEN 6630937 AND 6631037
	Bitmap Heap Scan on sbtest7  (cost=5.39..373.61 rows=93 width=125)
	  Recheck Cond: ((k >= 6630937) AND (k <= 6631037))
	  ->  Bitmap Index Scan on k_7  (cost=0.00..5.36 rows=93 width=0)
	        Index Cond: ((k >= 6630937) AND (k <= 6631037))

table 8 : explain SELECT k, c FROM sbtest8 WHERE k BETWEEN 6630937 AND 6631037
	Bitmap Heap Scan on sbtest8  (cost=5.41..381.49 rows=95 width=125)
	  Recheck Cond: ((k >= 6630937) AND (k <= 6631037))
	  ->  Bitmap Index Scan on k_8  (cost=0.00..5.38 rows=95 width=0)
	        Index Cond: ((k >= 6630937) AND (k <= 6631037))

explain: for range-notcovered :: explain SELECT k, c FROM sbtest%d WHERE k BETWEEN 4799196 AND 4799296
for range-notcovered
table 1 : explain SELECT k, c FROM sbtest1 WHERE k BETWEEN 8149461 AND 8149561
	Bitmap Heap Scan on sbtest1  (cost=5.38..369.67 rows=92 width=125)
	  Recheck Cond: ((k >= 8149461) AND (k <= 8149561))
	  ->  Bitmap Index Scan on k_1  (cost=0.00..5.35 rows=92 width=0)
	        Index Cond: ((k >= 8149461) AND (k <= 8149561))

table 2 : explain SELECT k, c FROM sbtest2 WHERE k BETWEEN 8149461 AND 8149561
	Bitmap Heap Scan on sbtest2  (cost=5.44..393.31 rows=98 width=125)
	  Recheck Cond: ((k >= 8149461) AND (k <= 8149561))
	  ->  Bitmap Index Scan on k_2  (cost=0.00..5.42 rows=98 width=0)
	        Index Cond: ((k >= 8149461) AND (k <= 8149561))

table 3 : explain SELECT k, c FROM sbtest3 WHERE k BETWEEN 8149461 AND 8149561
	Bitmap Heap Scan on sbtest3  (cost=5.45..397.25 rows=99 width=125)
	  Recheck Cond: ((k >= 8149461) AND (k <= 8149561))
	  ->  Bitmap Index Scan on k_3  (cost=0.00..5.42 rows=99 width=0)
	        Index Cond: ((k >= 8149461) AND (k <= 8149561))

table 4 : explain SELECT k, c FROM sbtest4 WHERE k BETWEEN 8149461 AND 8149561
	Bitmap Heap Scan on sbtest4  (cost=5.42..385.43 rows=96 width=125)
	  Recheck Cond: ((k >= 8149461) AND (k <= 8149561))
	  ->  Bitmap Index Scan on k_4  (cost=0.00..5.39 rows=96 width=0)
	        Index Cond: ((k >= 8149461) AND (k <= 8149561))

table 5 : explain SELECT k, c FROM sbtest5 WHERE k BETWEEN 8149461 AND 8149561
	Bitmap Heap Scan on sbtest5  (cost=5.45..397.25 rows=99 width=125)
	  Recheck Cond: ((k >= 8149461) AND (k <= 8149561))
	  ->  Bitmap Index Scan on k_5  (cost=0.00..5.42 rows=99 width=0)
	        Index Cond: ((k >= 8149461) AND (k <= 8149561))

table 6 : explain SELECT k, c FROM sbtest6 WHERE k BETWEEN 8149461 AND 8149561
	Bitmap Heap Scan on sbtest6  (cost=5.46..401.19 rows=100 width=125)
	  Recheck Cond: ((k >= 8149461) AND (k <= 8149561))
	  ->  Bitmap Index Scan on k_6  (cost=0.00..5.43 rows=100 width=0)
	        Index Cond: ((k >= 8149461) AND (k <= 8149561))

table 7 : explain SELECT k, c FROM sbtest7 WHERE k BETWEEN 8149461 AND 8149561
	Bitmap Heap Scan on sbtest7  (cost=5.47..405.13 rows=101 width=125)
	  Recheck Cond: ((k >= 8149461) AND (k <= 8149561))
	  ->  Bitmap Index Scan on k_7  (cost=0.00..5.44 rows=101 width=0)
	        Index Cond: ((k >= 8149461) AND (k <= 8149561))

table 8 : explain SELECT k, c FROM sbtest8 WHERE k BETWEEN 8149461 AND 8149561
	Bitmap Heap Scan on sbtest8  (cost=5.49..413.00 rows=103 width=125)
	  Recheck Cond: ((k >= 8149461) AND (k <= 8149561))
	  ->  Bitmap Index Scan on k_8  (cost=0.00..5.46 rows=103 width=0)
	        Index Cond: ((k >= 8149461) AND (k <= 8149561))

for range-notcovered
table 1 : explain SELECT k, c FROM sbtest1 WHERE k BETWEEN 2924930 AND 2925030
	Bitmap Heap Scan on sbtest1  (cost=5.39..373.61 rows=93 width=125)
	  Recheck Cond: ((k >= 2924930) AND (k <= 2925030))
	  ->  Bitmap Index Scan on k_1  (cost=0.00..5.36 rows=93 width=0)
	        Index Cond: ((k >= 2924930) AND (k <= 2925030))

table 2 : explain SELECT k, c FROM sbtest2 WHERE k BETWEEN 2924930 AND 2925030
	Bitmap Heap Scan on sbtest2  (cost=5.50..416.94 rows=104 width=125)
	  Recheck Cond: ((k >= 2924930) AND (k <= 2925030))
	  ->  Bitmap Index Scan on k_2  (cost=0.00..5.47 rows=104 width=0)
	        Index Cond: ((k >= 2924930) AND (k <= 2925030))

table 3 : explain SELECT k, c FROM sbtest3 WHERE k BETWEEN 2924930 AND 2925030
	Bitmap Heap Scan on sbtest3  (cost=5.47..405.13 rows=101 width=125)
	  Recheck Cond: ((k >= 2924930) AND (k <= 2925030))
	  ->  Bitmap Index Scan on k_3  (cost=0.00..5.44 rows=101 width=0)
	        Index Cond: ((k >= 2924930) AND (k <= 2925030))

table 4 : explain SELECT k, c FROM sbtest4 WHERE k BETWEEN 2924930 AND 2925030
	Bitmap Heap Scan on sbtest4  (cost=5.52..424.81 rows=106 width=125)
	  Recheck Cond: ((k >= 2924930) AND (k <= 2925030))
	  ->  Bitmap Index Scan on k_4  (cost=0.00..5.50 rows=106 width=0)
	        Index Cond: ((k >= 2924930) AND (k <= 2925030))

table 5 : explain SELECT k, c FROM sbtest5 WHERE k BETWEEN 2924930 AND 2925030
	Bitmap Heap Scan on sbtest5  (cost=5.50..416.94 rows=104 width=125)
	  Recheck Cond: ((k >= 2924930) AND (k <= 2925030))
	  ->  Bitmap Index Scan on k_5  (cost=0.00..5.47 rows=104 width=0)
	        Index Cond: ((k >= 2924930) AND (k <= 2925030))

table 6 : explain SELECT k, c FROM sbtest6 WHERE k BETWEEN 2924930 AND 2925030
	Bitmap Heap Scan on sbtest6  (cost=5.57..444.49 rows=111 width=125)
	  Recheck Cond: ((k >= 2924930) AND (k <= 2925030))
	  ->  Bitmap Index Scan on k_6  (cost=0.00..5.54 rows=111 width=0)
	        Index Cond: ((k >= 2924930) AND (k <= 2925030))

table 7 : explain SELECT k, c FROM sbtest7 WHERE k BETWEEN 2924930 AND 2925030
	Bitmap Heap Scan on sbtest7  (cost=5.59..452.36 rows=113 width=125)
	  Recheck Cond: ((k >= 2924930) AND (k <= 2925030))
	  ->  Bitmap Index Scan on k_7  (cost=0.00..5.56 rows=113 width=0)
	        Index Cond: ((k >= 2924930) AND (k <= 2925030))

table 8 : explain SELECT k, c FROM sbtest8 WHERE k BETWEEN 2924930 AND 2925030
	Bitmap Heap Scan on sbtest8  (cost=5.49..413.00 rows=103 width=125)
	  Recheck Cond: ((k >= 2924930) AND (k <= 2925030))
	  ->  Bitmap Index Scan on k_8  (cost=0.00..5.46 rows=103 width=0)
	        Index Cond: ((k >= 2924930) AND (k <= 2925030))

explain: for range-notcovered :: explain SELECT k, c FROM sbtest%d WHERE k BETWEEN 6630937 AND 6631037
for range-notcovered
table 1 : explain SELECT k, c FROM sbtest1 WHERE k BETWEEN 5675082 AND 5675182
	Bitmap Heap Scan on sbtest1  (cost=5.45..397.25 rows=99 width=125)
	  Recheck Cond: ((k >= 5675082) AND (k <= 5675182))
	  ->  Bitmap Index Scan on k_1  (cost=0.00..5.42 rows=99 width=0)
	        Index Cond: ((k >= 5675082) AND (k <= 5675182))

table 2 : explain SELECT k, c FROM sbtest2 WHERE k BETWEEN 5675082 AND 5675182
	Bitmap Heap Scan on sbtest2  (cost=5.42..385.43 rows=96 width=125)
	  Recheck Cond: ((k >= 5675082) AND (k <= 5675182))
	  ->  Bitmap Index Scan on k_2  (cost=0.00..5.39 rows=96 width=0)
	        Index Cond: ((k >= 5675082) AND (k <= 5675182))

table 3 : explain SELECT k, c FROM sbtest3 WHERE k BETWEEN 5675082 AND 5675182
	Bitmap Heap Scan on sbtest3  (cost=5.49..413.00 rows=103 width=125)
	  Recheck Cond: ((k >= 5675082) AND (k <= 5675182))
	  ->  Bitmap Index Scan on k_3  (cost=0.00..5.46 rows=103 width=0)
	        Index Cond: ((k >= 5675082) AND (k <= 5675182))

table 4 : explain SELECT k, c FROM sbtest4 WHERE k BETWEEN 5675082 AND 5675182
	Bitmap Heap Scan on sbtest4  (cost=5.53..428.75 rows=107 width=125)
	  Recheck Cond: ((k >= 5675082) AND (k <= 5675182))
	  ->  Bitmap Index Scan on k_4  (cost=0.00..5.50 rows=107 width=0)
	        Index Cond: ((k >= 5675082) AND (k <= 5675182))

table 5 : explain SELECT k, c FROM sbtest5 WHERE k BETWEEN 5675082 AND 5675182
	Bitmap Heap Scan on sbtest5  (cost=5.55..436.62 rows=109 width=125)
	  Recheck Cond: ((k >= 5675082) AND (k <= 5675182))
	  ->  Bitmap Index Scan on k_5  (cost=0.00..5.52 rows=109 width=0)
	        Index Cond: ((k >= 5675082) AND (k <= 5675182))

table 6 : explain SELECT k, c FROM sbtest6 WHERE k BETWEEN 5675082 AND 5675182
	Bitmap Heap Scan on sbtest6  (cost=5.40..377.55 rows=94 width=125)
	  Recheck Cond: ((k >= 5675082) AND (k <= 5675182))
	  ->  Bitmap Index Scan on k_6  (cost=0.00..5.38 rows=94 width=0)
	        Index Cond: ((k >= 5675082) AND (k <= 5675182))

table 7 : explain SELECT k, c FROM sbtest7 WHERE k BETWEEN 5675082 AND 5675182
	Bitmap Heap Scan on sbtest7  (cost=5.46..401.19 rows=100 width=125)
	  Recheck Cond: ((k >= 5675082) AND (k <= 5675182))
	  ->  Bitmap Index Scan on k_7  (cost=0.00..5.43 rows=100 width=0)
	        Index Cond: ((k >= 5675082) AND (k <= 5675182))

table 8 : explain SELECT k, c FROM sbtest8 WHERE k BETWEEN 5675082 AND 5675182
	Bitmap Heap Scan on sbtest8  (cost=5.55..436.62 rows=109 width=125)
	  Recheck Cond: ((k >= 5675082) AND (k <= 5675182))
	  ->  Bitmap Index Scan on k_8  (cost=0.00..5.52 rows=109 width=0)
	        Index Cond: ((k >= 5675082) AND (k <= 5675182))

for range-notcovered
table 1 : explain SELECT k, c FROM sbtest1 WHERE k BETWEEN 711626 AND 711726
	Bitmap Heap Scan on sbtest1  (cost=5.46..401.19 rows=100 width=125)
	  Recheck Cond: ((k >= 711626) AND (k <= 711726))
	  ->  Bitmap Index Scan on k_1  (cost=0.00..5.43 rows=100 width=0)
	        Index Cond: ((k >= 711626) AND (k <= 711726))

table 2 : explain SELECT k, c FROM sbtest2 WHERE k BETWEEN 711626 AND 711726
	Bitmap Heap Scan on sbtest2  (cost=5.45..397.25 rows=99 width=125)
	  Recheck Cond: ((k >= 711626) AND (k <= 711726))
	  ->  Bitmap Index Scan on k_2  (cost=0.00..5.42 rows=99 width=0)
	        Index Cond: ((k >= 711626) AND (k <= 711726))

table 3 : explain SELECT k, c FROM sbtest3 WHERE k BETWEEN 711626 AND 711726
	Bitmap Heap Scan on sbtest3  (cost=5.49..413.00 rows=103 width=125)
	  Recheck Cond: ((k >= 711626) AND (k <= 711726))
	  ->  Bitmap Index Scan on k_3  (cost=0.00..5.46 rows=103 width=0)
	        Index Cond: ((k >= 711626) AND (k <= 711726))

table 4 : explain SELECT k, c FROM sbtest4 WHERE k BETWEEN 711626 AND 711726
	Bitmap Heap Scan on sbtest4  (cost=5.49..413.00 rows=103 width=125)
	  Recheck Cond: ((k >= 711626) AND (k <= 711726))
	  ->  Bitmap Index Scan on k_4  (cost=0.00..5.46 rows=103 width=0)
	        Index Cond: ((k >= 711626) AND (k <= 711726))

table 5 : explain SELECT k, c FROM sbtest5 WHERE k BETWEEN 711626 AND 711726
	Bitmap Heap Scan on sbtest5  (cost=5.44..393.31 rows=98 width=125)
	  Recheck Cond: ((k >= 711626) AND (k <= 711726))
	  ->  Bitmap Index Scan on k_5  (cost=0.00..5.42 rows=98 width=0)
	        Index Cond: ((k >= 711626) AND (k <= 711726))

table 6 : explain SELECT k, c FROM sbtest6 WHERE k BETWEEN 711626 AND 711726
	Bitmap Heap Scan on sbtest6  (cost=5.43..389.37 rows=97 width=125)
	  Recheck Cond: ((k >= 711626) AND (k <= 711726))
	  ->  Bitmap Index Scan on k_6  (cost=0.00..5.40 rows=97 width=0)
	        Index Cond: ((k >= 711626) AND (k <= 711726))

table 7 : explain SELECT k, c FROM sbtest7 WHERE k BETWEEN 711626 AND 711726
	Bitmap Heap Scan on sbtest7  (cost=5.59..452.36 rows=113 width=125)
	  Recheck Cond: ((k >= 711626) AND (k <= 711726))
	  ->  Bitmap Index Scan on k_7  (cost=0.00..5.56 rows=113 width=0)
	        Index Cond: ((k >= 711626) AND (k <= 711726))

table 8 : explain SELECT k, c FROM sbtest8 WHERE k BETWEEN 711626 AND 711726
	Bitmap Heap Scan on sbtest8  (cost=5.40..377.55 rows=94 width=125)
	  Recheck Cond: ((k >= 711626) AND (k <= 711726))
	  ->  Bitmap Index Scan on k_8  (cost=0.00..5.38 rows=94 width=0)
	        Index Cond: ((k >= 711626) AND (k <= 711726))

for range-notcovered
table 1 : explain SELECT k, c FROM sbtest1 WHERE k BETWEEN 3756861 AND 3756961
	Bitmap Heap Scan on sbtest1  (cost=5.47..405.13 rows=101 width=125)
	  Recheck Cond: ((k >= 3756861) AND (k <= 3756961))
	  ->  Bitmap Index Scan on k_1  (cost=0.00..5.44 rows=101 width=0)
	        Index Cond: ((k >= 3756861) AND (k <= 3756961))

table 2 : explain SELECT k, c FROM sbtest2 WHERE k BETWEEN 3756861 AND 3756961
	Bitmap Heap Scan on sbtest2  (cost=5.52..424.81 rows=106 width=125)
	  Recheck Cond: ((k >= 3756861) AND (k <= 3756961))
	  ->  Bitmap Index Scan on k_2  (cost=0.00..5.50 rows=106 width=0)
	        Index Cond: ((k >= 3756861) AND (k <= 3756961))

table 3 : explain SELECT k, c FROM sbtest3 WHERE k BETWEEN 3756861 AND 3756961
	Bitmap Heap Scan on sbtest3  (cost=5.57..444.49 rows=111 width=125)
	  Recheck Cond: ((k >= 3756861) AND (k <= 3756961))
	  ->  Bitmap Index Scan on k_3  (cost=0.00..5.54 rows=111 width=0)
	        Index Cond: ((k >= 3756861) AND (k <= 3756961))

table 4 : explain SELECT k, c FROM sbtest4 WHERE k BETWEEN 3756861 AND 3756961
	Bitmap Heap Scan on sbtest4  (cost=5.50..416.94 rows=104 width=125)
	  Recheck Cond: ((k >= 3756861) AND (k <= 3756961))
	  ->  Bitmap Index Scan on k_4  (cost=0.00..5.47 rows=104 width=0)
	        Index Cond: ((k >= 3756861) AND (k <= 3756961))

table 5 : explain SELECT k, c FROM sbtest5 WHERE k BETWEEN 3756861 AND 3756961
	Bitmap Heap Scan on sbtest5  (cost=5.43..389.37 rows=97 width=125)
	  Recheck Cond: ((k >= 3756861) AND (k <= 3756961))
	  ->  Bitmap Index Scan on k_5  (cost=0.00..5.40 rows=97 width=0)
	        Index Cond: ((k >= 3756861) AND (k <= 3756961))

table 6 : explain SELECT k, c FROM sbtest6 WHERE k BETWEEN 3756861 AND 3756961
	Bitmap Heap Scan on sbtest6  (cost=5.48..409.07 rows=102 width=125)
	  Recheck Cond: ((k >= 3756861) AND (k <= 3756961))
	  ->  Bitmap Index Scan on k_6  (cost=0.00..5.45 rows=102 width=0)
	        Index Cond: ((k >= 3756861) AND (k <= 3756961))

table 7 : explain SELECT k, c FROM sbtest7 WHERE k BETWEEN 3756861 AND 3756961
	Bitmap Heap Scan on sbtest7  (cost=5.61..460.22 rows=115 width=125)
	  Recheck Cond: ((k >= 3756861) AND (k <= 3756961))
	  ->  Bitmap Index Scan on k_7  (cost=0.00..5.58 rows=115 width=0)
	        Index Cond: ((k >= 3756861) AND (k <= 3756961))

table 8 : explain SELECT k, c FROM sbtest8 WHERE k BETWEEN 3756861 AND 3756961
	Bitmap Heap Scan on sbtest8  (cost=5.37..365.72 rows=91 width=125)
	  Recheck Cond: ((k >= 3756861) AND (k <= 3756961))
	  ->  Bitmap Index Scan on k_8  (cost=0.00..5.34 rows=91 width=0)
	        Index Cond: ((k >= 3756861) AND (k <= 3756961))
explain: for range-notcovered :: explain SELECT k, c FROM sbtest%d WHERE k BETWEEN 2924930 AND 2925030explain: for range-notcovered :: explain SELECT k, c FROM sbtest%d WHERE k BETWEEN 8149461 AND 8149561

explain: for range-notcovered :: explain SELECT k, c FROM sbtest%d WHERE k BETWEEN 711626 AND 711726

explain: for range-notcovered :: explain SELECT k, c FROM sbtest%d WHERE k BETWEEN 3756861 AND 3756961
for range-notcovered
table 1 : explain SELECT k, c FROM sbtest1 WHERE k BETWEEN 4955184 AND 4955284
	Bitmap Heap Scan on sbtest1  (cost=5.55..436.62 rows=109 width=125)
	  Recheck Cond: ((k >= 4955184) AND (k <= 4955284))
	  ->  Bitmap Index Scan on k_1  (cost=0.00..5.52 rows=109 width=0)
	        Index Cond: ((k >= 4955184) AND (k <= 4955284))

table 2 : explain SELECT k, c FROM sbtest2 WHERE k BETWEEN 4955184 AND 4955284
	Bitmap Heap Scan on sbtest2  (cost=5.41..381.49 rows=95 width=125)
	  Recheck Cond: ((k >= 4955184) AND (k <= 4955284))
	  ->  Bitmap Index Scan on k_2  (cost=0.00..5.38 rows=95 width=0)
	        Index Cond: ((k >= 4955184) AND (k <= 4955284))

table 3 : explain SELECT k, c FROM sbtest3 WHERE k BETWEEN 4955184 AND 4955284
	Bitmap Heap Scan on sbtest3  (cost=5.46..401.19 rows=100 width=125)
	  Recheck Cond: ((k >= 4955184) AND (k <= 4955284))
	  ->  Bitmap Index Scan on k_3  (cost=0.00..5.43 rows=100 width=0)
	        Index Cond: ((k >= 4955184) AND (k <= 4955284))

table 4 : explain SELECT k, c FROM sbtest4 WHERE k BETWEEN 4955184 AND 4955284
	Bitmap Heap Scan on sbtest4  (cost=5.40..377.55 rows=94 width=125)
	  Recheck Cond: ((k >= 4955184) AND (k <= 4955284))
	  ->  Bitmap Index Scan on k_4  (cost=0.00..5.38 rows=94 width=0)
	        Index Cond: ((k >= 4955184) AND (k <= 4955284))

table 5 : explain SELECT k, c FROM sbtest5 WHERE k BETWEEN 4955184 AND 4955284
	Bitmap Heap Scan on sbtest5  (cost=5.41..381.49 rows=95 width=125)
	  Recheck Cond: ((k >= 4955184) AND (k <= 4955284))
	  ->  Bitmap Index Scan on k_5  (cost=0.00..5.38 rows=95 width=0)
	        Index Cond: ((k >= 4955184) AND (k <= 4955284))

table 6 : explain SELECT k, c FROM sbtest6 WHERE k BETWEEN 4955184 AND 4955284
	Bitmap Heap Scan on sbtest6  (cost=5.43..389.37 rows=97 width=125)
	  Recheck Cond: ((k >= 4955184) AND (k <= 4955284))
	  ->  Bitmap Index Scan on k_6  (cost=0.00..5.40 rows=97 width=0)
	        Index Cond: ((k >= 4955184) AND (k <= 4955284))

table 7 : explain SELECT k, c FROM sbtest7 WHERE k BETWEEN 4955184 AND 4955284
	Bitmap Heap Scan on sbtest7  (cost=5.46..401.19 rows=100 width=125)
	  Recheck Cond: ((k >= 4955184) AND (k <= 4955284))
	  ->  Bitmap Index Scan on k_7  (cost=0.00..5.43 rows=100 width=0)
	        Index Cond: ((k >= 4955184) AND (k <= 4955284))

table 8 : explain SELECT k, c FROM sbtest8 WHERE k BETWEEN 4955184 AND 4955284
	Bitmap Heap Scan on sbtest8  (cost=5.47..405.13 rows=101 width=125)
	  Recheck Cond: ((k >= 4955184) AND (k <= 4955284))
	  ->  Bitmap Index Scan on k_8  (cost=0.00..5.44 rows=101 width=0)
	        Index Cond: ((k >= 4955184) AND (k <= 4955284))

explain: for range-notcovered :: explain SELECT k, c FROM sbtest%d WHERE k BETWEEN 4955184 AND 4955284
for range-notcovered
table 1 : explain SELECT k, c FROM sbtest1 WHERE k BETWEEN 3670230 AND 3670330
	Bitmap Heap Scan on sbtest1  (cost=5.48..409.07 rows=102 width=125)
	  Recheck Cond: ((k >= 3670230) AND (k <= 3670330))
	  ->  Bitmap Index Scan on k_1  (cost=0.00..5.45 rows=102 width=0)
	        Index Cond: ((k >= 3670230) AND (k <= 3670330))

table 2 : explain SELECT k, c FROM sbtest2 WHERE k BETWEEN 3670230 AND 3670330
	Bitmap Heap Scan on sbtest2  (cost=5.47..405.13 rows=101 width=125)
	  Recheck Cond: ((k >= 3670230) AND (k <= 3670330))
	  ->  Bitmap Index Scan on k_2  (cost=0.00..5.44 rows=101 width=0)
	        Index Cond: ((k >= 3670230) AND (k <= 3670330))

table 3 : explain SELECT k, c FROM sbtest3 WHERE k BETWEEN 3670230 AND 3670330
	Bitmap Heap Scan on sbtest3  (cost=5.58..448.42 rows=112 width=125)
	  Recheck Cond: ((k >= 3670230) AND (k <= 3670330))
	  ->  Bitmap Index Scan on k_3  (cost=0.00..5.55 rows=112 width=0)
	        Index Cond: ((k >= 3670230) AND (k <= 3670330))

table 4 : explain SELECT k, c FROM sbtest4 WHERE k BETWEEN 3670230 AND 3670330
	Bitmap Heap Scan on sbtest4  (cost=5.60..456.29 rows=114 width=125)
	  Recheck Cond: ((k >= 3670230) AND (k <= 3670330))
	  ->  Bitmap Index Scan on k_4  (cost=0.00..5.58 rows=114 width=0)
	        Index Cond: ((k >= 3670230) AND (k <= 3670330))

table 5 : explain SELECT k, c FROM sbtest5 WHERE k BETWEEN 3670230 AND 3670330
	Bitmap Heap Scan on sbtest5  (cost=5.39..373.61 rows=93 width=125)
	  Recheck Cond: ((k >= 3670230) AND (k <= 3670330))
	  ->  Bitmap Index Scan on k_5  (cost=0.00..5.36 rows=93 width=0)
	        Index Cond: ((k >= 3670230) AND (k <= 3670330))

table 6 : explain SELECT k, c FROM sbtest6 WHERE k BETWEEN 3670230 AND 3670330
	Bitmap Heap Scan on sbtest6  (cost=5.48..409.07 rows=102 width=125)
	  Recheck Cond: ((k >= 3670230) AND (k <= 3670330))
	  ->  Bitmap Index Scan on k_6  (cost=0.00..5.45 rows=102 width=0)
	        Index Cond: ((k >= 3670230) AND (k <= 3670330))

table 7 : explain SELECT k, c FROM sbtest7 WHERE k BETWEEN 3670230 AND 3670330
	Bitmap Heap Scan on sbtest7  (cost=5.53..428.75 rows=107 width=125)
	  Recheck Cond: ((k >= 3670230) AND (k <= 3670330))
	  ->  Bitmap Index Scan on k_7  (cost=0.00..5.50 rows=107 width=0)
	        Index Cond: ((k >= 3670230) AND (k <= 3670330))

table 8 : explain SELECT k, c FROM sbtest8 WHERE k BETWEEN 3670230 AND 3670330
	Bitmap Heap Scan on sbtest8  (cost=5.49..413.00 rows=103 width=125)
	  Recheck Cond: ((k >= 3670230) AND (k <= 3670330))
	  ->  Bitmap Index Scan on k_8  (cost=0.00..5.46 rows=103 width=0)
	        Index Cond: ((k >= 3670230) AND (k <= 3670330))

explain: for range-notcovered :: explain SELECT k, c FROM sbtest%d WHERE k BETWEEN 4091589 AND 4091689
for range-notcovered
table 1 : explain SELECT k, c FROM sbtest1 WHERE k BETWEEN 8193714 AND 8193814
	Bitmap Heap Scan on sbtest1  (cost=5.38..369.67 rows=92 width=125)
	  Recheck Cond: ((k >= 8193714) AND (k <= 8193814))
	  ->  Bitmap Index Scan on k_1  (cost=0.00..5.35 rows=92 width=0)
	        Index Cond: ((k >= 8193714) AND (k <= 8193814))

table 2 : explain SELECT k, c FROM sbtest2 WHERE k BETWEEN 8193714 AND 8193814
	Bitmap Heap Scan on sbtest2  (cost=5.47..405.13 rows=101 width=125)
	  Recheck Cond: ((k >= 8193714) AND (k <= 8193814))
	  ->  Bitmap Index Scan on k_2  (cost=0.00..5.44 rows=101 width=0)
	        Index Cond: ((k >= 8193714) AND (k <= 8193814))

table 3 : explain SELECT k, c FROM sbtest3 WHERE k BETWEEN 8193714 AND 8193814
	Bitmap Heap Scan on sbtest3  (cost=5.51..420.88 rows=105 width=125)
	  Recheck Cond: ((k >= 8193714) AND (k <= 8193814))
	  ->  Bitmap Index Scan on k_3  (cost=0.00..5.48 rows=105 width=0)
	        Index Cond: ((k >= 8193714) AND (k <= 8193814))

table 4 : explain SELECT k, c FROM sbtest4 WHERE k BETWEEN 8193714 AND 8193814
	Bitmap Heap Scan on sbtest4  (cost=5.43..389.37 rows=97 width=125)
	  Recheck Cond: ((k >= 8193714) AND (k <= 8193814))
	  ->  Bitmap Index Scan on k_4  (cost=0.00..5.40 rows=97 width=0)
	        Index Cond: ((k >= 8193714) AND (k <= 8193814))

table 5 : explain SELECT k, c FROM sbtest5 WHERE k BETWEEN 8193714 AND 8193814
	Bitmap Heap Scan on sbtest5  (cost=5.45..397.25 rows=99 width=125)
	  Recheck Cond: ((k >= 8193714) AND (k <= 8193814))
	  ->  Bitmap Index Scan on k_5  (cost=0.00..5.42 rows=99 width=0)
	        Index Cond: ((k >= 8193714) AND (k <= 8193814))

table 6 : explain SELECT k, c FROM sbtest6 WHERE k BETWEEN 8193714 AND 8193814
	Bitmap Heap Scan on sbtest6  (cost=5.46..401.19 rows=100 width=125)
	  Recheck Cond: ((k >= 8193714) AND (k <= 8193814))
	  ->  Bitmap Index Scan on k_6  (cost=0.00..5.43 rows=100 width=0)
	        Index Cond: ((k >= 8193714) AND (k <= 8193814))

table 7 : explain SELECT k, c FROM sbtest7 WHERE k BETWEEN 8193714 AND 8193814
	Bitmap Heap Scan on sbtest7  (cost=5.49..413.00 rows=103 width=125)
	  Recheck Cond: ((k >= 8193714) AND (k <= 8193814))
	  ->  Bitmap Index Scan on k_7  (cost=0.00..5.46 rows=103 width=0)
	        Index Cond: ((k >= 8193714) AND (k <= 8193814))

table 8 : explain SELECT k, c FROM sbtest8 WHERE k BETWEEN 8193714 AND 8193814
	Bitmap Heap Scan on sbtest8  (cost=5.49..413.00 rows=103 width=125)
	  Recheck Cond: ((k >= 8193714) AND (k <= 8193814))
	  ->  Bitmap Index Scan on k_8  (cost=0.00..5.46 rows=103 width=0)
	        Index Cond: ((k >= 8193714) AND (k <= 8193814))

for range-notcovered
table 1 : explain SELECT k, c FROM sbtest1 WHERE k BETWEEN 711626 AND 711726
	Bitmap Heap Scan on sbtest1  (cost=5.46..401.19 rows=100 width=125)
	  Recheck Cond: ((k >= 711626) AND (k <= 711726))
	  ->  Bitmap Index Scan on k_1  (cost=0.00..5.43 rows=100 width=0)
	        Index Cond: ((k >= 711626) AND (k <= 711726))

table 2 : explain SELECT k, c FROM sbtest2 WHERE k BETWEEN 711626 AND 711726
	Bitmap Heap Scan on sbtest2  (cost=5.45..397.25 rows=99 width=125)
	  Recheck Cond: ((k >= 711626) AND (k <= 711726))
	  ->  Bitmap Index Scan on k_2  (cost=0.00..5.42 rows=99 width=0)
	        Index Cond: ((k >= 711626) AND (k <= 711726))

table 3 : explain SELECT k, c FROM sbtest3 WHERE k BETWEEN 711626 AND 711726
	Bitmap Heap Scan on sbtest3  (cost=5.49..413.00 rows=103 width=125)
	  Recheck Cond: ((k >= 711626) AND (k <= 711726))
	  ->  Bitmap Index Scan on k_3  (cost=0.00..5.46 rows=103 width=0)
	        Index Cond: ((k >= 711626) AND (k <= 711726))

table 4 : explain SELECT k, c FROM sbtest4 WHERE k BETWEEN 711626 AND 711726
	Bitmap Heap Scan on sbtest4  (cost=5.49..413.00 rows=103 width=125)
	  Recheck Cond: ((k >= 711626) AND (k <= 711726))
	  ->  Bitmap Index Scan on k_4  (cost=0.00..5.46 rows=103 width=0)
	        Index Cond: ((k >= 711626) AND (k <= 711726))

table 5 : explain SELECT k, c FROM sbtest5 WHERE k BETWEEN 711626 AND 711726
	Bitmap Heap Scan on sbtest5  (cost=5.44..393.31 rows=98 width=125)
	  Recheck Cond: ((k >= 711626) AND (k <= 711726))
	  ->  Bitmap Index Scan on k_5  (cost=0.00..5.42 rows=98 width=0)
	        Index Cond: ((k >= 711626) AND (k <= 711726))

table 6 : explain SELECT k, c FROM sbtest6 WHERE k BETWEEN 711626 AND 711726
	Bitmap Heap Scan on sbtest6  (cost=5.43..389.37 rows=97 width=125)
	  Recheck Cond: ((k >= 711626) AND (k <= 711726))
	  ->  Bitmap Index Scan on k_6  (cost=0.00..5.40 rows=97 width=0)
	        Index Cond: ((k >= 711626) AND (k <= 711726))

table 7 : explain SELECT k, c FROM sbtest7 WHERE k BETWEEN 711626 AND 711726
	Bitmap Heap Scan on sbtest7  (cost=5.59..452.36 rows=113 width=125)
	  Recheck Cond: ((k >= 711626) AND (k <= 711726))
	  ->  Bitmap Index Scan on k_7  (cost=0.00..5.56 rows=113 width=0)
	        Index Cond: ((k >= 711626) AND (k <= 711726))

table 8 : explain SELECT k, c FROM sbtest8 WHERE k BETWEEN 711626 AND 711726
	Bitmap Heap Scan on sbtest8  (cost=5.40..377.55 rows=94 width=125)
	  Recheck Cond: ((k >= 711626) AND (k <= 711726))
	  ->  Bitmap Index Scan on k_8  (cost=0.00..5.38 rows=94 width=0)
	        Index Cond: ((k >= 711626) AND (k <= 711726))

explain: for range-notcovered :: explain SELECT k, c FROM sbtest%d WHERE k BETWEEN 8193714 AND 8193814
for range-notcovered
table 1 : explain SELECT k, c FROM sbtest1 WHERE k BETWEEN 4955184 AND 4955284
	Bitmap Heap Scan on sbtest1  (cost=5.55..436.62 rows=109 width=125)
	  Recheck Cond: ((k >= 4955184) AND (k <= 4955284))
	  ->  Bitmap Index Scan on k_1  (cost=0.00..5.52 rows=109 width=0)
	        Index Cond: ((k >= 4955184) AND (k <= 4955284))

table 2 : explain SELECT k, c FROM sbtest2 WHERE k BETWEEN 4955184 AND 4955284
	Bitmap Heap Scan on sbtest2  (cost=5.41..381.49 rows=95 width=125)
	  Recheck Cond: ((k >= 4955184) AND (k <= 4955284))
	  ->  Bitmap Index Scan on k_2  (cost=0.00..5.38 rows=95 width=0)
	        Index Cond: ((k >= 4955184) AND (k <= 4955284))

table 3 : explain SELECT k, c FROM sbtest3 WHERE k BETWEEN 4955184 AND 4955284
	Bitmap Heap Scan on sbtest3  (cost=5.46..401.19 rows=100 width=125)
	  Recheck Cond: ((k >= 4955184) AND (k <= 4955284))
	  ->  Bitmap Index Scan on k_3  (cost=0.00..5.43 rows=100 width=0)
	        Index Cond: ((k >= 4955184) AND (k <= 4955284))

table 4 : explain SELECT k, c FROM sbtest4 WHERE k BETWEEN 4955184 AND 4955284
	Bitmap Heap Scan on sbtest4  (cost=5.40..377.55 rows=94 width=125)
	  Recheck Cond: ((k >= 4955184) AND (k <= 4955284))
	  ->  Bitmap Index Scan on k_4  (cost=0.00..5.38 rows=94 width=0)
	        Index Cond: ((k >= 4955184) AND (k <= 4955284))

table 5 : explain SELECT k, c FROM sbtest5 WHERE k BETWEEN 4955184 AND 4955284
	Bitmap Heap Scan on sbtest5  (cost=5.41..381.49 rows=95 width=125)
	  Recheck Cond: ((k >= 4955184) AND (k <= 4955284))
	  ->  Bitmap Index Scan on k_5  (cost=0.00..5.38 rows=95 width=0)
	        Index Cond: ((k >= 4955184) AND (k <= 4955284))

table 6 : explain SELECT k, c FROM sbtest6 WHERE k BETWEEN 4955184 AND 4955284
	Bitmap Heap Scan on sbtest6  (cost=5.43..389.37 rows=97 width=125)
	  Recheck Cond: ((k >= 4955184) AND (k <= 4955284))
	  ->  Bitmap Index Scan on k_6  (cost=0.00..5.40 rows=97 width=0)
	        Index Cond: ((k >= 4955184) AND (k <= 4955284))

table 7 : explain SELECT k, c FROM sbtest7 WHERE k BETWEEN 4955184 AND 4955284
	Bitmap Heap Scan on sbtest7  (cost=5.46..401.19 rows=100 width=125)
	  Recheck Cond: ((k >= 4955184) AND (k <= 4955284))
	  ->  Bitmap Index Scan on k_7  (cost=0.00..5.43 rows=100 width=0)
	        Index Cond: ((k >= 4955184) AND (k <= 4955284))

table 8 : explain SELECT k, c FROM sbtest8 WHERE k BETWEEN 4955184 AND 4955284
	Bitmap Heap Scan on sbtest8  (cost=5.47..405.13 rows=101 width=125)
	  Recheck Cond: ((k >= 4955184) AND (k <= 4955284))
	  ->  Bitmap Index Scan on k_8  (cost=0.00..5.44 rows=101 width=0)
	        Index Cond: ((k >= 4955184) AND (k <= 4955284))

explain: for range-notcovered :: explain SELECT k, c FROM sbtest%d WHERE k BETWEEN 5081251 AND 5081351
for range-notcovered
table 1 : explain SELECT k, c FROM sbtest1 WHERE k BETWEEN 4799196 AND 4799296
	Bitmap Heap Scan on sbtest1  (cost=5.49..413.00 rows=103 width=125)
	  Recheck Cond: ((k >= 4799196) AND (k <= 4799296))
	  ->  Bitmap Index Scan on k_1  (cost=0.00..5.46 rows=103 width=0)
	        Index Cond: ((k >= 4799196) AND (k <= 4799296))

table 2 : explain SELECT k, c FROM sbtest2 WHERE k BETWEEN 4799196 AND 4799296
	Bitmap Heap Scan on sbtest2  (cost=5.61..460.22 rows=115 width=125)
	  Recheck Cond: ((k >= 4799196) AND (k <= 4799296))
	  ->  Bitmap Index Scan on k_2  (cost=0.00..5.58 rows=115 width=0)
	        Index Cond: ((k >= 4799196) AND (k <= 4799296))

table 3 : explain SELECT k, c FROM sbtest3 WHERE k BETWEEN 4799196 AND 4799296
	Bitmap Heap Scan on sbtest3  (cost=5.52..424.81 rows=106 width=125)
	  Recheck Cond: ((k >= 4799196) AND (k <= 4799296))
	  ->  Bitmap Index Scan on k_3  (cost=0.00..5.50 rows=106 width=0)
	        Index Cond: ((k >= 4799196) AND (k <= 4799296))

table 4 : explain SELECT k, c FROM sbtest4 WHERE k BETWEEN 4799196 AND 4799296
	Bitmap Heap Scan on sbtest4  (cost=5.37..365.72 rows=91 width=125)
	  Recheck Cond: ((k >= 4799196) AND (k <= 4799296))
	  ->  Bitmap Index Scan on k_4  (cost=0.00..5.34 rows=91 width=0)
	        Index Cond: ((k >= 4799196) AND (k <= 4799296))

table 5 : explain SELECT k, c FROM sbtest5 WHERE k BETWEEN 4799196 AND 4799296
	Bitmap Heap Scan on sbtest5  (cost=5.56..440.56 rows=110 width=125)
	  Recheck Cond: ((k >= 4799196) AND (k <= 4799296))
	  ->  Bitmap Index Scan on k_5  (cost=0.00..5.53 rows=110 width=0)
	        Index Cond: ((k >= 4799196) AND (k <= 4799296))

table 6 : explain SELECT k, c FROM sbtest6 WHERE k BETWEEN 4799196 AND 4799296
	Bitmap Heap Scan on sbtest6  (cost=5.49..413.00 rows=103 width=125)
	  Recheck Cond: ((k >= 4799196) AND (k <= 4799296))
	  ->  Bitmap Index Scan on k_6  (cost=0.00..5.46 rows=103 width=0)
	        Index Cond: ((k >= 4799196) AND (k <= 4799296))

table 7 : explain SELECT k, c FROM sbtest7 WHERE k BETWEEN 4799196 AND 4799296
	Bitmap Heap Scan on sbtest7  (cost=5.45..397.25 rows=99 width=125)
	  Recheck Cond: ((k >= 4799196) AND (k <= 4799296))
	  ->  Bitmap Index Scan on k_7  (cost=0.00..5.42 rows=99 width=0)
	        Index Cond: ((k >= 4799196) AND (k <= 4799296))

table 8 : explain SELECT k, c FROM sbtest8 WHERE k BETWEEN 4799196 AND 4799296
	Bitmap Heap Scan on sbtest8  (cost=5.55..436.62 rows=109 width=125)
	  Recheck Cond: ((k >= 4799196) AND (k <= 4799296))
	  ->  Bitmap Index Scan on k_8  (cost=0.00..5.52 rows=109 width=0)
	        Index Cond: ((k >= 4799196) AND (k <= 4799296))

explain: for range-notcovered :: explain SELECT k, c FROM sbtest%d WHERE k BETWEEN 4799196 AND 4799296
for range-notcovered
table 1 : explain SELECT k, c FROM sbtest1 WHERE k BETWEEN 4091589 AND 4091689
	Bitmap Heap Scan on sbtest1  (cost=5.41..381.49 rows=95 width=125)
	  Recheck Cond: ((k >= 4091589) AND (k <= 4091689))
	  ->  Bitmap Index Scan on k_1  (cost=0.00..5.38 rows=95 width=0)
	        Index Cond: ((k >= 4091589) AND (k <= 4091689))

table 2 : explain SELECT k, c FROM sbtest2 WHERE k BETWEEN 4091589 AND 4091689
	Bitmap Heap Scan on sbtest2  (cost=5.48..409.07 rows=102 width=125)
	  Recheck Cond: ((k >= 4091589) AND (k <= 4091689))
	  ->  Bitmap Index Scan on k_2  (cost=0.00..5.45 rows=102 width=0)
	        Index Cond: ((k >= 4091589) AND (k <= 4091689))

table 3 : explain SELECT k, c FROM sbtest3 WHERE k BETWEEN 4091589 AND 4091689
	Bitmap Heap Scan on sbtest3  (cost=5.43..389.37 rows=97 width=125)
	  Recheck Cond: ((k >= 4091589) AND (k <= 4091689))
	  ->  Bitmap Index Scan on k_3  (cost=0.00..5.40 rows=97 width=0)
	        Index Cond: ((k >= 4091589) AND (k <= 4091689))

table 4 : explain SELECT k, c FROM sbtest4 WHERE k BETWEEN 4091589 AND 4091689
	Bitmap Heap Scan on sbtest4  (cost=5.44..393.31 rows=98 width=125)
	  Recheck Cond: ((k >= 4091589) AND (k <= 4091689))
	  ->  Bitmap Index Scan on k_4  (cost=0.00..5.42 rows=98 width=0)
	        Index Cond: ((k >= 4091589) AND (k <= 4091689))

table 5 : explain SELECT k, c FROM sbtest5 WHERE k BETWEEN 4091589 AND 4091689
	Bitmap Heap Scan on sbtest5  (cost=5.48..409.07 rows=102 width=125)
	  Recheck Cond: ((k >= 4091589) AND (k <= 4091689))
	  ->  Bitmap Index Scan on k_5  (cost=0.00..5.45 rows=102 width=0)
	        Index Cond: ((k >= 4091589) AND (k <= 4091689))

table 6 : explain SELECT k, c FROM sbtest6 WHERE k BETWEEN 4091589 AND 4091689
	Bitmap Heap Scan on sbtest6  (cost=5.43..389.37 rows=97 width=125)
	  Recheck Cond: ((k >= 4091589) AND (k <= 4091689))
	  ->  Bitmap Index Scan on k_6  (cost=0.00..5.40 rows=97 width=0)
	        Index Cond: ((k >= 4091589) AND (k <= 4091689))

table 7 : explain SELECT k, c FROM sbtest7 WHERE k BETWEEN 4091589 AND 4091689
	Bitmap Heap Scan on sbtest7  (cost=5.50..416.94 rows=104 width=125)
	  Recheck Cond: ((k >= 4091589) AND (k <= 4091689))
	  ->  Bitmap Index Scan on k_7  (cost=0.00..5.47 rows=104 width=0)
	        Index Cond: ((k >= 4091589) AND (k <= 4091689))

table 8 : explain SELECT k, c FROM sbtest8 WHERE k BETWEEN 4091589 AND 4091689
	Bitmap Heap Scan on sbtest8  (cost=5.51..420.88 rows=105 width=125)
	  Recheck Cond: ((k >= 4091589) AND (k <= 4091689))
	  ->  Bitmap Index Scan on k_8  (cost=0.00..5.48 rows=105 width=0)
	        Index Cond: ((k >= 4091589) AND (k <= 4091689))

for range-notcovered
table 1 : explain SELECT k, c FROM sbtest1 WHERE k BETWEEN 8149461 AND 8149561
	Bitmap Heap Scan on sbtest1  (cost=5.38..369.67 rows=92 width=125)
	  Recheck Cond: ((k >= 8149461) AND (k <= 8149561))
	  ->  Bitmap Index Scan on k_1  (cost=0.00..5.35 rows=92 width=0)
	        Index Cond: ((k >= 8149461) AND (k <= 8149561))

table 2 : explain SELECT k, c FROM sbtest2 WHERE k BETWEEN 8149461 AND 8149561
	Bitmap Heap Scan on sbtest2  (cost=5.44..393.31 rows=98 width=125)
	  Recheck Cond: ((k >= 8149461) AND (k <= 8149561))
	  ->  Bitmap Index Scan on k_2  (cost=0.00..5.42 rows=98 width=0)
	        Index Cond: ((k >= 8149461) AND (k <= 8149561))

table 3 : explain SELECT k, c FROM sbtest3 WHERE k BETWEEN 8149461 AND 8149561
	Bitmap Heap Scan on sbtest3  (cost=5.45..397.25 rows=99 width=125)
	  Recheck Cond: ((k >= 8149461) AND (k <= 8149561))
	  ->  Bitmap Index Scan on k_3  (cost=0.00..5.42 rows=99 width=0)
	        Index Cond: ((k >= 8149461) AND (k <= 8149561))

table 4 : explain SELECT k, c FROM sbtest4 WHERE k BETWEEN 8149461 AND 8149561
	Bitmap Heap Scan on sbtest4  (cost=5.42..385.43 rows=96 width=125)
	  Recheck Cond: ((k >= 8149461) AND (k <= 8149561))
	  ->  Bitmap Index Scan on k_4  (cost=0.00..5.39 rows=96 width=0)
	        Index Cond: ((k >= 8149461) AND (k <= 8149561))

table 5 : explain SELECT k, c FROM sbtest5 WHERE k BETWEEN 8149461 AND 8149561
	Bitmap Heap Scan on sbtest5  (cost=5.45..397.25 rows=99 width=125)
	  Recheck Cond: ((k >= 8149461) AND (k <= 8149561))
	  ->  Bitmap Index Scan on k_5  (cost=0.00..5.42 rows=99 width=0)
	        Index Cond: ((k >= 8149461) AND (k <= 8149561))

table 6 : explain SELECT k, c FROM sbtest6 WHERE k BETWEEN 8149461 AND 8149561
	Bitmap Heap Scan on sbtest6  (cost=5.46..401.19 rows=100 width=125)
	  Recheck Cond: ((k >= 8149461) AND (k <= 8149561))
	  ->  Bitmap Index Scan on k_6  (cost=0.00..5.43 rows=100 width=0)
	        Index Cond: ((k >= 8149461) AND (k <= 8149561))

table 7 : explain SELECT k, c FROM sbtest7 WHERE k BETWEEN 8149461 AND 8149561
	Bitmap Heap Scan on sbtest7  (cost=5.47..405.13 rows=101 width=125)
	  Recheck Cond: ((k >= 8149461) AND (k <= 8149561))
	  ->  Bitmap Index Scan on k_7  (cost=0.00..5.44 rows=101 width=0)
	        Index Cond: ((k >= 8149461) AND (k <= 8149561))

table 8 : explain SELECT k, c FROM sbtest8 WHERE k BETWEEN 8149461 AND 8149561
	Bitmap Heap Scan on sbtest8  (cost=5.49..413.00 rows=103 width=125)
	  Recheck Cond: ((k >= 8149461) AND (k <= 8149561))
	  ->  Bitmap Index Scan on k_8  (cost=0.00..5.46 rows=103 width=0)
	        Index Cond: ((k >= 8149461) AND (k <= 8149561))

explain: for range-notcovered :: explain SELECT k, c FROM sbtest%d WHERE k BETWEEN 4091589 AND 4091689
for range-notcovered
table 1 : explain SELECT k, c FROM sbtest1 WHERE k BETWEEN 6630937 AND 6631037
	Bitmap Heap Scan on sbtest1  (cost=5.43..389.37 rows=97 width=125)
	  Recheck Cond: ((k >= 6630937) AND (k <= 6631037))
	  ->  Bitmap Index Scan on k_1  (cost=0.00..5.40 rows=97 width=0)
	        Index Cond: ((k >= 6630937) AND (k <= 6631037))

table 2 : explain SELECT k, c FROM sbtest2 WHERE k BETWEEN 6630937 AND 6631037
	Bitmap Heap Scan on sbtest2  (cost=5.50..416.94 rows=104 width=125)
	  Recheck Cond: ((k >= 6630937) AND (k <= 6631037))
	  ->  Bitmap Index Scan on k_2  (cost=0.00..5.47 rows=104 width=0)
	        Index Cond: ((k >= 6630937) AND (k <= 6631037))

table 3 : explain SELECT k, c FROM sbtest3 WHERE k BETWEEN 6630937 AND 6631037
	Bitmap Heap Scan on sbtest3  (cost=5.54..432.69 rows=108 width=125)
	  Recheck Cond: ((k >= 6630937) AND (k <= 6631037))
	  ->  Bitmap Index Scan on k_3  (cost=0.00..5.51 rows=108 width=0)
	        Index Cond: ((k >= 6630937) AND (k <= 6631037))

table 4 : explain SELECT k, c FROM sbtest4 WHERE k BETWEEN 6630937 AND 6631037
	Bitmap Heap Scan on sbtest4  (cost=5.54..432.69 rows=108 width=125)
	  Recheck Cond: ((k >= 6630937) AND (k <= 6631037))
	  ->  Bitmap Index Scan on k_4  (cost=0.00..5.51 rows=108 width=0)
	        Index Cond: ((k >= 6630937) AND (k <= 6631037))

table 5 : explain SELECT k, c FROM sbtest5 WHERE k BETWEEN 6630937 AND 6631037
	Bitmap Heap Scan on sbtest5  (cost=5.47..405.13 rows=101 width=125)
	  Recheck Cond: ((k >= 6630937) AND (k <= 6631037))
	  ->  Bitmap Index Scan on k_5  (cost=0.00..5.44 rows=101 width=0)
	        Index Cond: ((k >= 6630937) AND (k <= 6631037))

table 6 : explain SELECT k, c FROM sbtest6 WHERE k BETWEEN 6630937 AND 6631037
	Bitmap Heap Scan on sbtest6  (cost=5.50..416.94 rows=104 width=125)
	  Recheck Cond: ((k >= 6630937) AND (k <= 6631037))
	  ->  Bitmap Index Scan on k_6  (cost=0.00..5.47 rows=104 width=0)
	        Index Cond: ((k >= 6630937) AND (k <= 6631037))

table 7 : explain SELECT k, c FROM sbtest7 WHERE k BETWEEN 6630937 AND 6631037
	Bitmap Heap Scan on sbtest7  (cost=5.39..373.61 rows=93 width=125)
	  Recheck Cond: ((k >= 6630937) AND (k <= 6631037))
	  ->  Bitmap Index Scan on k_7  (cost=0.00..5.36 rows=93 width=0)
	        Index Cond: ((k >= 6630937) AND (k <= 6631037))

table 8 : explain SELECT k, c FROM sbtest8 WHERE k BETWEEN 6630937 AND 6631037
	Bitmap Heap Scan on sbtest8  (cost=5.41..381.49 rows=95 width=125)
	  Recheck Cond: ((k >= 6630937) AND (k <= 6631037))
	  ->  Bitmap Index Scan on k_8  (cost=0.00..5.38 rows=95 width=0)
	        Index Cond: ((k >= 6630937) AND (k <= 6631037))

explain: for range-notcovered :: explain SELECT k, c FROM sbtest%d WHERE k BETWEEN 8149461 AND 8149561
explain: for range-notcovered :: explain SELECT k, c FROM sbtest%d WHERE k BETWEEN 6630937 AND 6631037
explain: for range-notcovered :: explain SELECT k, c FROM sbtest%d WHERE k BETWEEN 3182017 AND 3182117
for range-notcovered
table 1 : explain SELECT k, c FROM sbtest1 WHERE k BETWEEN 4091589 AND 4091689
	Bitmap Heap Scan on sbtest1  (cost=5.41..381.49 rows=95 width=125)
	  Recheck Cond: ((k >= 4091589) AND (k <= 4091689))
	  ->  Bitmap Index Scan on k_1  (cost=0.00..5.38 rows=95 width=0)
	        Index Cond: ((k >= 4091589) AND (k <= 4091689))

table 2 : explain SELECT k, c FROM sbtest2 WHERE k BETWEEN 4091589 AND 4091689
	Bitmap Heap Scan on sbtest2  (cost=5.48..409.07 rows=102 width=125)
	  Recheck Cond: ((k >= 4091589) AND (k <= 4091689))
	  ->  Bitmap Index Scan on k_2  (cost=0.00..5.45 rows=102 width=0)
	        Index Cond: ((k >= 4091589) AND (k <= 4091689))

table 3 : explain SELECT k, c FROM sbtest3 WHERE k BETWEEN 4091589 AND 4091689
	Bitmap Heap Scan on sbtest3  (cost=5.43..389.37 rows=97 width=125)
	  Recheck Cond: ((k >= 4091589) AND (k <= 4091689))
	  ->  Bitmap Index Scan on k_3  (cost=0.00..5.40 rows=97 width=0)
	        Index Cond: ((k >= 4091589) AND (k <= 4091689))

table 4 : explain SELECT k, c FROM sbtest4 WHERE k BETWEEN 4091589 AND 4091689
	Bitmap Heap Scan on sbtest4  (cost=5.44..393.31 rows=98 width=125)
	  Recheck Cond: ((k >= 4091589) AND (k <= 4091689))
	  ->  Bitmap Index Scan on k_4  (cost=0.00..5.42 rows=98 width=0)
	        Index Cond: ((k >= 4091589) AND (k <= 4091689))

table 5 : explain SELECT k, c FROM sbtest5 WHERE k BETWEEN 4091589 AND 4091689
	Bitmap Heap Scan on sbtest5  (cost=5.48..409.07 rows=102 width=125)
	  Recheck Cond: ((k >= 4091589) AND (k <= 4091689))
	  ->  Bitmap Index Scan on k_5  (cost=0.00..5.45 rows=102 width=0)
	        Index Cond: ((k >= 4091589) AND (k <= 4091689))

table 6 : explain SELECT k, c FROM sbtest6 WHERE k BETWEEN 4091589 AND 4091689
	Bitmap Heap Scan on sbtest6  (cost=5.43..389.37 rows=97 width=125)
	  Recheck Cond: ((k >= 4091589) AND (k <= 4091689))
	  ->  Bitmap Index Scan on k_6  (cost=0.00..5.40 rows=97 width=0)
	        Index Cond: ((k >= 4091589) AND (k <= 4091689))

table 7 : explain SELECT k, c FROM sbtest7 WHERE k BETWEEN 4091589 AND 4091689
	Bitmap Heap Scan on sbtest7  (cost=5.50..416.94 rows=104 width=125)
	  Recheck Cond: ((k >= 4091589) AND (k <= 4091689))
	  ->  Bitmap Index Scan on k_7  (cost=0.00..5.47 rows=104 width=0)
	        Index Cond: ((k >= 4091589) AND (k <= 4091689))

table 8 : explain SELECT k, c FROM sbtest8 WHERE k BETWEEN 4091589 AND 4091689
	Bitmap Heap Scan on sbtest8  (cost=5.51..420.88 rows=105 width=125)
	  Recheck Cond: ((k >= 4091589) AND (k <= 4091689))
	  ->  Bitmap Index Scan on k_8  (cost=0.00..5.48 rows=105 width=0)
	        Index Cond: ((k >= 4091589) AND (k <= 4091689))

for range-notcovered
table 1 : explain SELECT k, c FROM sbtest1 WHERE k BETWEEN 8193714 AND 8193814
	Bitmap Heap Scan on sbtest1  (cost=5.38..369.67 rows=92 width=125)
	  Recheck Cond: ((k >= 8193714) AND (k <= 8193814))
	  ->  Bitmap Index Scan on k_1  (cost=0.00..5.35 rows=92 width=0)
	        Index Cond: ((k >= 8193714) AND (k <= 8193814))

table 2 : explain SELECT k, c FROM sbtest2 WHERE k BETWEEN 8193714 AND 8193814
	Bitmap Heap Scan on sbtest2  (cost=5.47..405.13 rows=101 width=125)
	  Recheck Cond: ((k >= 8193714) AND (k <= 8193814))
	  ->  Bitmap Index Scan on k_2  (cost=0.00..5.44 rows=101 width=0)
	        Index Cond: ((k >= 8193714) AND (k <= 8193814))

table 3 : explain SELECT k, c FROM sbtest3 WHERE k BETWEEN 8193714 AND 8193814
	Bitmap Heap Scan on sbtest3  (cost=5.51..420.88 rows=105 width=125)
	  Recheck Cond: ((k >= 8193714) AND (k <= 8193814))
	  ->  Bitmap Index Scan on k_3  (cost=0.00..5.48 rows=105 width=0)
	        Index Cond: ((k >= 8193714) AND (k <= 8193814))

table 4 : explain SELECT k, c FROM sbtest4 WHERE k BETWEEN 8193714 AND 8193814
	Bitmap Heap Scan on sbtest4  (cost=5.43..389.37 rows=97 width=125)
	  Recheck Cond: ((k >= 8193714) AND (k <= 8193814))
	  ->  Bitmap Index Scan on k_4  (cost=0.00..5.40 rows=97 width=0)
	        Index Cond: ((k >= 8193714) AND (k <= 8193814))

table 5 : explain SELECT k, c FROM sbtest5 WHERE k BETWEEN 8193714 AND 8193814
	Bitmap Heap Scan on sbtest5  (cost=5.45..397.25 rows=99 width=125)
	  Recheck Cond: ((k >= 8193714) AND (k <= 8193814))
	  ->  Bitmap Index Scan on k_5  (cost=0.00..5.42 rows=99 width=0)
	        Index Cond: ((k >= 8193714) AND (k <= 8193814))

table 6 : explain SELECT k, c FROM sbtest6 WHERE k BETWEEN 8193714 AND 8193814
	Bitmap Heap Scan on sbtest6  (cost=5.46..401.19 rows=100 width=125)
	  Recheck Cond: ((k >= 8193714) AND (k <= 8193814))
	  ->  Bitmap Index Scan on k_6  (cost=0.00..5.43 rows=100 width=0)
	        Index Cond: ((k >= 8193714) AND (k <= 8193814))

table 7 : explain SELECT k, c FROM sbtest7 WHERE k BETWEEN 8193714 AND 8193814
	Bitmap Heap Scan on sbtest7  (cost=5.49..413.00 rows=103 width=125)
	  Recheck Cond: ((k >= 8193714) AND (k <= 8193814))
	  ->  Bitmap Index Scan on k_7  (cost=0.00..5.46 rows=103 width=0)
	        Index Cond: ((k >= 8193714) AND (k <= 8193814))

table 8 : explain SELECT k, c FROM sbtest8 WHERE k BETWEEN 8193714 AND 8193814
	Bitmap Heap Scan on sbtest8  (cost=5.49..413.00 rows=103 width=125)
	  Recheck Cond: ((k >= 8193714) AND (k <= 8193814))
	  ->  Bitmap Index Scan on k_8  (cost=0.00..5.46 rows=103 width=0)
	        Index Cond: ((k >= 8193714) AND (k <= 8193814))

explain: for range-notcovered :: explain SELECT k, c FROM sbtest%d WHERE k BETWEEN 4091589 AND 4091689
explain: for range-notcovered :: explain SELECT k, c FROM sbtest%d WHERE k BETWEEN 8193714 AND 8193814
for range-notcovered
table 1 : explain SELECT k, c FROM sbtest1 WHERE k BETWEEN 4799196 AND 4799296
	Bitmap Heap Scan on sbtest1  (cost=5.49..413.00 rows=103 width=125)
	  Recheck Cond: ((k >= 4799196) AND (k <= 4799296))
	  ->  Bitmap Index Scan on k_1  (cost=0.00..5.46 rows=103 width=0)
	        Index Cond: ((k >= 4799196) AND (k <= 4799296))

table 2 : explain SELECT k, c FROM sbtest2 WHERE k BETWEEN 4799196 AND 4799296
	Bitmap Heap Scan on sbtest2  (cost=5.61..460.22 rows=115 width=125)
	  Recheck Cond: ((k >= 4799196) AND (k <= 4799296))
	  ->  Bitmap Index Scan on k_2  (cost=0.00..5.58 rows=115 width=0)
	        Index Cond: ((k >= 4799196) AND (k <= 4799296))

table 3 : explain SELECT k, c FROM sbtest3 WHERE k BETWEEN 4799196 AND 4799296
	Bitmap Heap Scan on sbtest3  (cost=5.52..424.81 rows=106 width=125)
	  Recheck Cond: ((k >= 4799196) AND (k <= 4799296))
	  ->  Bitmap Index Scan on k_3  (cost=0.00..5.50 rows=106 width=0)
	        Index Cond: ((k >= 4799196) AND (k <= 4799296))

table 4 : explain SELECT k, c FROM sbtest4 WHERE k BETWEEN 4799196 AND 4799296
	Bitmap Heap Scan on sbtest4  (cost=5.37..365.72 rows=91 width=125)
	  Recheck Cond: ((k >= 4799196) AND (k <= 4799296))
	  ->  Bitmap Index Scan on k_4  (cost=0.00..5.34 rows=91 width=0)
	        Index Cond: ((k >= 4799196) AND (k <= 4799296))

table 5 : explain SELECT k, c FROM sbtest5 WHERE k BETWEEN 4799196 AND 4799296
	Bitmap Heap Scan on sbtest5  (cost=5.56..440.56 rows=110 width=125)
	  Recheck Cond: ((k >= 4799196) AND (k <= 4799296))
	  ->  Bitmap Index Scan on k_5  (cost=0.00..5.53 rows=110 width=0)
	        Index Cond: ((k >= 4799196) AND (k <= 4799296))

table 6 : explain SELECT k, c FROM sbtest6 WHERE k BETWEEN 4799196 AND 4799296
	Bitmap Heap Scan on sbtest6  (cost=5.49..413.00 rows=103 width=125)
	  Recheck Cond: ((k >= 4799196) AND (k <= 4799296))
	  ->  Bitmap Index Scan on k_6  (cost=0.00..5.46 rows=103 width=0)
	        Index Cond: ((k >= 4799196) AND (k <= 4799296))

table 7 : explain SELECT k, c FROM sbtest7 WHERE k BETWEEN 4799196 AND 4799296
	Bitmap Heap Scan on sbtest7  (cost=5.45..397.25 rows=99 width=125)
	  Recheck Cond: ((k >= 4799196) AND (k <= 4799296))
	  ->  Bitmap Index Scan on k_7  (cost=0.00..5.42 rows=99 width=0)
	        Index Cond: ((k >= 4799196) AND (k <= 4799296))

table 8 : explain SELECT k, c FROM sbtest8 WHERE k BETWEEN 4799196 AND 4799296
	Bitmap Heap Scan on sbtest8  (cost=5.55..436.62 rows=109 width=125)
	  Recheck Cond: ((k >= 4799196) AND (k <= 4799296))
	  ->  Bitmap Index Scan on k_8  (cost=0.00..5.52 rows=109 width=0)
	        Index Cond: ((k >= 4799196) AND (k <= 4799296))

explain: for range-notcovered :: explain SELECT k, c FROM sbtest%d WHERE k BETWEEN 4799196 AND 4799296
for range-notcovered
table 1 : explain SELECT k, c FROM sbtest1 WHERE k BETWEEN 4091589 AND 4091689
	Bitmap Heap Scan on sbtest1  (cost=5.41..381.49 rows=95 width=125)
	  Recheck Cond: ((k >= 4091589) AND (k <= 4091689))
	  ->  Bitmap Index Scan on k_1  (cost=0.00..5.38 rows=95 width=0)
	        Index Cond: ((k >= 4091589) AND (k <= 4091689))

table 2 : explain SELECT k, c FROM sbtest2 WHERE k BETWEEN 4091589 AND 4091689
	Bitmap Heap Scan on sbtest2  (cost=5.48..409.07 rows=102 width=125)
	  Recheck Cond: ((k >= 4091589) AND (k <= 4091689))
	  ->  Bitmap Index Scan on k_2  (cost=0.00..5.45 rows=102 width=0)
	        Index Cond: ((k >= 4091589) AND (k <= 4091689))

table 3 : explain SELECT k, c FROM sbtest3 WHERE k BETWEEN 4091589 AND 4091689
	Bitmap Heap Scan on sbtest3  (cost=5.43..389.37 rows=97 width=125)
	  Recheck Cond: ((k >= 4091589) AND (k <= 4091689))
	  ->  Bitmap Index Scan on k_3  (cost=0.00..5.40 rows=97 width=0)
	        Index Cond: ((k >= 4091589) AND (k <= 4091689))

table 4 : explain SELECT k, c FROM sbtest4 WHERE k BETWEEN 4091589 AND 4091689
	Bitmap Heap Scan on sbtest4  (cost=5.44..393.31 rows=98 width=125)
	  Recheck Cond: ((k >= 4091589) AND (k <= 4091689))
	  ->  Bitmap Index Scan on k_4  (cost=0.00..5.42 rows=98 width=0)
	        Index Cond: ((k >= 4091589) AND (k <= 4091689))

table 5 : explain SELECT k, c FROM sbtest5 WHERE k BETWEEN 4091589 AND 4091689
	Bitmap Heap Scan on sbtest5  (cost=5.48..409.07 rows=102 width=125)
	  Recheck Cond: ((k >= 4091589) AND (k <= 4091689))
	  ->  Bitmap Index Scan on k_5  (cost=0.00..5.45 rows=102 width=0)
	        Index Cond: ((k >= 4091589) AND (k <= 4091689))

table 6 : explain SELECT k, c FROM sbtest6 WHERE k BETWEEN 4091589 AND 4091689
	Bitmap Heap Scan on sbtest6  (cost=5.43..389.37 rows=97 width=125)
	  Recheck Cond: ((k >= 4091589) AND (k <= 4091689))
	  ->  Bitmap Index Scan on k_6  (cost=0.00..5.40 rows=97 width=0)
	        Index Cond: ((k >= 4091589) AND (k <= 4091689))

table 7 : explain SELECT k, c FROM sbtest7 WHERE k BETWEEN 4091589 AND 4091689
	Bitmap Heap Scan on sbtest7  (cost=5.50..416.94 rows=104 width=125)
	  Recheck Cond: ((k >= 4091589) AND (k <= 4091689))
	  ->  Bitmap Index Scan on k_7  (cost=0.00..5.47 rows=104 width=0)
	        Index Cond: ((k >= 4091589) AND (k <= 4091689))

table 8 : explain SELECT k, c FROM sbtest8 WHERE k BETWEEN 4091589 AND 4091689
	Bitmap Heap Scan on sbtest8  (cost=5.51..420.88 rows=105 width=125)
	  Recheck Cond: ((k >= 4091589) AND (k <= 4091689))
	  ->  Bitmap Index Scan on k_8  (cost=0.00..5.48 rows=105 width=0)
	        Index Cond: ((k >= 4091589) AND (k <= 4091689))

for range-notcovered
table 1 : explain SELECT k, c FROM sbtest1 WHERE k BETWEEN 8149461 AND 8149561
	Bitmap Heap Scan on sbtest1  (cost=5.38..369.67 rows=92 width=125)
	  Recheck Cond: ((k >= 8149461) AND (k <= 8149561))
	  ->  Bitmap Index Scan on k_1  (cost=0.00..5.35 rows=92 width=0)
	        Index Cond: ((k >= 8149461) AND (k <= 8149561))

table 2 : explain SELECT k, c FROM sbtest2 WHERE k BETWEEN 8149461 AND 8149561
	Bitmap Heap Scan on sbtest2  (cost=5.44..393.31 rows=98 width=125)
	  Recheck Cond: ((k >= 8149461) AND (k <= 8149561))
	  ->  Bitmap Index Scan on k_2  (cost=0.00..5.42 rows=98 width=0)
	        Index Cond: ((k >= 8149461) AND (k <= 8149561))

table 3 : explain SELECT k, c FROM sbtest3 WHERE k BETWEEN 8149461 AND 8149561
	Bitmap Heap Scan on sbtest3  (cost=5.45..397.25 rows=99 width=125)
	  Recheck Cond: ((k >= 8149461) AND (k <= 8149561))
	  ->  Bitmap Index Scan on k_3  (cost=0.00..5.42 rows=99 width=0)
	        Index Cond: ((k >= 8149461) AND (k <= 8149561))

table 4 : explain SELECT k, c FROM sbtest4 WHERE k BETWEEN 8149461 AND 8149561
	Bitmap Heap Scan on sbtest4  (cost=5.42..385.43 rows=96 width=125)
	  Recheck Cond: ((k >= 8149461) AND (k <= 8149561))
	  ->  Bitmap Index Scan on k_4  (cost=0.00..5.39 rows=96 width=0)
	        Index Cond: ((k >= 8149461) AND (k <= 8149561))

table 5 : explain SELECT k, c FROM sbtest5 WHERE k BETWEEN 8149461 AND 8149561
	Bitmap Heap Scan on sbtest5  (cost=5.45..397.25 rows=99 width=125)
	  Recheck Cond: ((k >= 8149461) AND (k <= 8149561))
	  ->  Bitmap Index Scan on k_5  (cost=0.00..5.42 rows=99 width=0)
	        Index Cond: ((k >= 8149461) AND (k <= 8149561))

table 6 : explain SELECT k, c FROM sbtest6 WHERE k BETWEEN 8149461 AND 8149561
	Bitmap Heap Scan on sbtest6  (cost=5.46..401.19 rows=100 width=125)
	  Recheck Cond: ((k >= 8149461) AND (k <= 8149561))
	  ->  Bitmap Index Scan on k_6  (cost=0.00..5.43 rows=100 width=0)
	        Index Cond: ((k >= 8149461) AND (k <= 8149561))

table 7 : explain SELECT k, c FROM sbtest7 WHERE k BETWEEN 8149461 AND 8149561
	Bitmap Heap Scan on sbtest7  (cost=5.47..405.13 rows=101 width=125)
	  Recheck Cond: ((k >= 8149461) AND (k <= 8149561))
	  ->  Bitmap Index Scan on k_7  (cost=0.00..5.44 rows=101 width=0)
	        Index Cond: ((k >= 8149461) AND (k <= 8149561))

table 8 : explain SELECT k, c FROM sbtest8 WHERE k BETWEEN 8149461 AND 8149561
	Bitmap Heap Scan on sbtest8  (cost=5.49..413.00 rows=103 width=125)
	  Recheck Cond: ((k >= 8149461) AND (k <= 8149561))
	  ->  Bitmap Index Scan on k_8  (cost=0.00..5.46 rows=103 width=0)
	        Index Cond: ((k >= 8149461) AND (k <= 8149561))

explain: for range-notcovered :: explain SELECT k, c FROM sbtest%d WHERE k BETWEEN 6306969 AND 6307069
explain: for range-notcovered :: explain SELECT k, c FROM sbtest%d WHERE k BETWEEN 4091589 AND 4091689
for range-notcovered
table 1 : explain SELECT k, c FROM sbtest1 WHERE k BETWEEN 6630937 AND 6631037
	Bitmap Heap Scan on sbtest1  (cost=5.43..389.37 rows=97 width=125)
	  Recheck Cond: ((k >= 6630937) AND (k <= 6631037))
	  ->  Bitmap Index Scan on k_1  (cost=0.00..5.40 rows=97 width=0)
	        Index Cond: ((k >= 6630937) AND (k <= 6631037))

table 2 : explain SELECT k, c FROM sbtest2 WHERE k BETWEEN 6630937 AND 6631037
	Bitmap Heap Scan on sbtest2  (cost=5.50..416.94 rows=104 width=125)
	  Recheck Cond: ((k >= 6630937) AND (k <= 6631037))
	  ->  Bitmap Index Scan on k_2  (cost=0.00..5.47 rows=104 width=0)
	        Index Cond: ((k >= 6630937) AND (k <= 6631037))

table 3 : explain SELECT k, c FROM sbtest3 WHERE k BETWEEN 6630937 AND 6631037
	Bitmap Heap Scan on sbtest3  (cost=5.54..432.69 rows=108 width=125)
	  Recheck Cond: ((k >= 6630937) AND (k <= 6631037))
	  ->  Bitmap Index Scan on k_3  (cost=0.00..5.51 rows=108 width=0)
	        Index Cond: ((k >= 6630937) AND (k <= 6631037))

table 4 : explain SELECT k, c FROM sbtest4 WHERE k BETWEEN 6630937 AND 6631037
	Bitmap Heap Scan on sbtest4  (cost=5.54..432.69 rows=108 width=125)
	  Recheck Cond: ((k >= 6630937) AND (k <= 6631037))
	  ->  Bitmap Index Scan on k_4  (cost=0.00..5.51 rows=108 width=0)
	        Index Cond: ((k >= 6630937) AND (k <= 6631037))

table 5 : explain SELECT k, c FROM sbtest5 WHERE k BETWEEN 6630937 AND 6631037
	Bitmap Heap Scan on sbtest5  (cost=5.47..405.13 rows=101 width=125)
	  Recheck Cond: ((k >= 6630937) AND (k <= 6631037))
	  ->  Bitmap Index Scan on k_5  (cost=0.00..5.44 rows=101 width=0)
	        Index Cond: ((k >= 6630937) AND (k <= 6631037))

table 6 : explain SELECT k, c FROM sbtest6 WHERE k BETWEEN 6630937 AND 6631037
	Bitmap Heap Scan on sbtest6  (cost=5.50..416.94 rows=104 width=125)
	  Recheck Cond: ((k >= 6630937) AND (k <= 6631037))
	  ->  Bitmap Index Scan on k_6  (cost=0.00..5.47 rows=104 width=0)
	        Index Cond: ((k >= 6630937) AND (k <= 6631037))

table 7 : explain SELECT k, c FROM sbtest7 WHERE k BETWEEN 6630937 AND 6631037
	Bitmap Heap Scan on sbtest7  (cost=5.39..373.61 rows=93 width=125)
	  Recheck Cond: ((k >= 6630937) AND (k <= 6631037))
	  ->  Bitmap Index Scan on k_7  (cost=0.00..5.36 rows=93 width=0)
	        Index Cond: ((k >= 6630937) AND (k <= 6631037))

table 8 : explain SELECT k, c FROM sbtest8 WHERE k BETWEEN 6630937 AND 6631037
	Bitmap Heap Scan on sbtest8  (cost=5.41..381.49 rows=95 width=125)
	  Recheck Cond: ((k >= 6630937) AND (k <= 6631037))
	  ->  Bitmap Index Scan on k_8  (cost=0.00..5.38 rows=95 width=0)
	        Index Cond: ((k >= 6630937) AND (k <= 6631037))

explain: for range-notcovered :: explain SELECT k, c FROM sbtest%d WHERE k BETWEEN 8149461 AND 8149561
explain: for range-notcovered :: explain SELECT k, c FROM sbtest%d WHERE k BETWEEN 6630937 AND 6631037
for range-notcovered
table 1 : explain SELECT k, c FROM sbtest1 WHERE k BETWEEN 8193714 AND 8193814
	Bitmap Heap Scan on sbtest1  (cost=5.38..369.67 rows=92 width=125)
	  Recheck Cond: ((k >= 8193714) AND (k <= 8193814))
	  ->  Bitmap Index Scan on k_1  (cost=0.00..5.35 rows=92 width=0)
	        Index Cond: ((k >= 8193714) AND (k <= 8193814))

table 2 : explain SELECT k, c FROM sbtest2 WHERE k BETWEEN 8193714 AND 8193814
	Bitmap Heap Scan on sbtest2  (cost=5.47..405.13 rows=101 width=125)
	  Recheck Cond: ((k >= 8193714) AND (k <= 8193814))
	  ->  Bitmap Index Scan on k_2  (cost=0.00..5.44 rows=101 width=0)
	        Index Cond: ((k >= 8193714) AND (k <= 8193814))

table 3 : explain SELECT k, c FROM sbtest3 WHERE k BETWEEN 8193714 AND 8193814
	Bitmap Heap Scan on sbtest3  (cost=5.51..420.88 rows=105 width=125)
	  Recheck Cond: ((k >= 8193714) AND (k <= 8193814))
	  ->  Bitmap Index Scan on k_3  (cost=0.00..5.48 rows=105 width=0)
	        Index Cond: ((k >= 8193714) AND (k <= 8193814))

table 4 : explain SELECT k, c FROM sbtest4 WHERE k BETWEEN 8193714 AND 8193814
	Bitmap Heap Scan on sbtest4  (cost=5.43..389.37 rows=97 width=125)
	  Recheck Cond: ((k >= 8193714) AND (k <= 8193814))
	  ->  Bitmap Index Scan on k_4  (cost=0.00..5.40 rows=97 width=0)
	        Index Cond: ((k >= 8193714) AND (k <= 8193814))

table 5 : explain SELECT k, c FROM sbtest5 WHERE k BETWEEN 8193714 AND 8193814
	Bitmap Heap Scan on sbtest5  (cost=5.45..397.25 rows=99 width=125)
	  Recheck Cond: ((k >= 8193714) AND (k <= 8193814))
	  ->  Bitmap Index Scan on k_5  (cost=0.00..5.42 rows=99 width=0)
	        Index Cond: ((k >= 8193714) AND (k <= 8193814))

table 6 : explain SELECT k, c FROM sbtest6 WHERE k BETWEEN 8193714 AND 8193814
	Bitmap Heap Scan on sbtest6  (cost=5.46..401.19 rows=100 width=125)
	  Recheck Cond: ((k >= 8193714) AND (k <= 8193814))
	  ->  Bitmap Index Scan on k_6  (cost=0.00..5.43 rows=100 width=0)
	        Index Cond: ((k >= 8193714) AND (k <= 8193814))

table 7 : explain SELECT k, c FROM sbtest7 WHERE k BETWEEN 8193714 AND 8193814
	Bitmap Heap Scan on sbtest7  (cost=5.49..413.00 rows=103 width=125)
	  Recheck Cond: ((k >= 8193714) AND (k <= 8193814))
	  ->  Bitmap Index Scan on k_7  (cost=0.00..5.46 rows=103 width=0)
	        Index Cond: ((k >= 8193714) AND (k <= 8193814))

table 8 : explain SELECT k, c FROM sbtest8 WHERE k BETWEEN 8193714 AND 8193814
	Bitmap Heap Scan on sbtest8  (cost=5.49..413.00 rows=103 width=125)
	  Recheck Cond: ((k >= 8193714) AND (k <= 8193814))
	  ->  Bitmap Index Scan on k_8  (cost=0.00..5.46 rows=103 width=0)
	        Index Cond: ((k >= 8193714) AND (k <= 8193814))

for range-notcovered
table 1 : explain SELECT k, c FROM sbtest1 WHERE k BETWEEN 4091589 AND 4091689
	Bitmap Heap Scan on sbtest1  (cost=5.41..381.49 rows=95 width=125)
	  Recheck Cond: ((k >= 4091589) AND (k <= 4091689))
	  ->  Bitmap Index Scan on k_1  (cost=0.00..5.38 rows=95 width=0)
	        Index Cond: ((k >= 4091589) AND (k <= 4091689))

table 2 : explain SELECT k, c FROM sbtest2 WHERE k BETWEEN 4091589 AND 4091689
	Bitmap Heap Scan on sbtest2  (cost=5.48..409.07 rows=102 width=125)
	  Recheck Cond: ((k >= 4091589) AND (k <= 4091689))
	  ->  Bitmap Index Scan on k_2  (cost=0.00..5.45 rows=102 width=0)
	        Index Cond: ((k >= 4091589) AND (k <= 4091689))

table 3 : explain SELECT k, c FROM sbtest3 WHERE k BETWEEN 4091589 AND 4091689
	Bitmap Heap Scan on sbtest3  (cost=5.43..389.37 rows=97 width=125)
	  Recheck Cond: ((k >= 4091589) AND (k <= 4091689))
	  ->  Bitmap Index Scan on k_3  (cost=0.00..5.40 rows=97 width=0)
	        Index Cond: ((k >= 4091589) AND (k <= 4091689))

table 4 : explain SELECT k, c FROM sbtest4 WHERE k BETWEEN 4091589 AND 4091689
	Bitmap Heap Scan on sbtest4  (cost=5.44..393.31 rows=98 width=125)
	  Recheck Cond: ((k >= 4091589) AND (k <= 4091689))
	  ->  Bitmap Index Scan on k_4  (cost=0.00..5.42 rows=98 width=0)
	        Index Cond: ((k >= 4091589) AND (k <= 4091689))

table 5 : explain SELECT k, c FROM sbtest5 WHERE k BETWEEN 4091589 AND 4091689
	Bitmap Heap Scan on sbtest5  (cost=5.48..409.07 rows=102 width=125)
	  Recheck Cond: ((k >= 4091589) AND (k <= 4091689))
	  ->  Bitmap Index Scan on k_5  (cost=0.00..5.45 rows=102 width=0)
	        Index Cond: ((k >= 4091589) AND (k <= 4091689))

table 6 : explain SELECT k, c FROM sbtest6 WHERE k BETWEEN 4091589 AND 4091689
	Bitmap Heap Scan on sbtest6  (cost=5.43..389.37 rows=97 width=125)
	  Recheck Cond: ((k >= 4091589) AND (k <= 4091689))
	  ->  Bitmap Index Scan on k_6  (cost=0.00..5.40 rows=97 width=0)
	        Index Cond: ((k >= 4091589) AND (k <= 4091689))

table 7 : explain SELECT k, c FROM sbtest7 WHERE k BETWEEN 4091589 AND 4091689
	Bitmap Heap Scan on sbtest7  (cost=5.50..416.94 rows=104 width=125)
	  Recheck Cond: ((k >= 4091589) AND (k <= 4091689))
	  ->  Bitmap Index Scan on k_7  (cost=0.00..5.47 rows=104 width=0)
	        Index Cond: ((k >= 4091589) AND (k <= 4091689))

table 8 : explain SELECT k, c FROM sbtest8 WHERE k BETWEEN 4091589 AND 4091689
	Bitmap Heap Scan on sbtest8  (cost=5.51..420.88 rows=105 width=125)
	  Recheck Cond: ((k >= 4091589) AND (k <= 4091689))
	  ->  Bitmap Index Scan on k_8  (cost=0.00..5.48 rows=105 width=0)
	        Index Cond: ((k >= 4091589) AND (k <= 4091689))

explain: for range-notcovered :: explain SELECT k, c FROM sbtest%d WHERE k BETWEEN 4091589 AND 4091689
explain: for range-notcovered :: explain SELECT k, c FROM sbtest%d WHERE k BETWEEN 8193714 AND 8193814
for range-notcovered
table 1 : explain SELECT k, c FROM sbtest1 WHERE k BETWEEN 5081251 AND 5081351
	Bitmap Heap Scan on sbtest1  (cost=5.39..373.61 rows=93 width=125)
	  Recheck Cond: ((k >= 5081251) AND (k <= 5081351))
	  ->  Bitmap Index Scan on k_1  (cost=0.00..5.36 rows=93 width=0)
	        Index Cond: ((k >= 5081251) AND (k <= 5081351))

table 2 : explain SELECT k, c FROM sbtest2 WHERE k BETWEEN 5081251 AND 5081351
	Bitmap Heap Scan on sbtest2  (cost=5.45..397.25 rows=99 width=125)
	  Recheck Cond: ((k >= 5081251) AND (k <= 5081351))
	  ->  Bitmap Index Scan on k_2  (cost=0.00..5.42 rows=99 width=0)
	        Index Cond: ((k >= 5081251) AND (k <= 5081351))

table 3 : explain SELECT k, c FROM sbtest3 WHERE k BETWEEN 5081251 AND 5081351
	Bitmap Heap Scan on sbtest3  (cost=5.51..420.88 rows=105 width=125)
	  Recheck Cond: ((k >= 5081251) AND (k <= 5081351))
	  ->  Bitmap Index Scan on k_3  (cost=0.00..5.48 rows=105 width=0)
	        Index Cond: ((k >= 5081251) AND (k <= 5081351))

table 4 : explain SELECT k, c FROM sbtest4 WHERE k BETWEEN 5081251 AND 5081351
	Bitmap Heap Scan on sbtest4  (cost=5.55..436.62 rows=109 width=125)
	  Recheck Cond: ((k >= 5081251) AND (k <= 5081351))
	  ->  Bitmap Index Scan on k_4  (cost=0.00..5.52 rows=109 width=0)
	        Index Cond: ((k >= 5081251) AND (k <= 5081351))

table 5 : explain SELECT k, c FROM sbtest5 WHERE k BETWEEN 5081251 AND 5081351
	Bitmap Heap Scan on sbtest5  (cost=5.46..401.19 rows=100 width=125)
	  Recheck Cond: ((k >= 5081251) AND (k <= 5081351))
	  ->  Bitmap Index Scan on k_5  (cost=0.00..5.43 rows=100 width=0)
	        Index Cond: ((k >= 5081251) AND (k <= 5081351))

table 6 : explain SELECT k, c FROM sbtest6 WHERE k BETWEEN 5081251 AND 5081351
	Bitmap Heap Scan on sbtest6  (cost=5.49..413.00 rows=103 width=125)
	  Recheck Cond: ((k >= 5081251) AND (k <= 5081351))
	  ->  Bitmap Index Scan on k_6  (cost=0.00..5.46 rows=103 width=0)
	        Index Cond: ((k >= 5081251) AND (k <= 5081351))

table 7 : explain SELECT k, c FROM sbtest7 WHERE k BETWEEN 5081251 AND 5081351
	Bitmap Heap Scan on sbtest7  (cost=5.49..413.00 rows=103 width=125)
	  Recheck Cond: ((k >= 5081251) AND (k <= 5081351))
	  ->  Bitmap Index Scan on k_7  (cost=0.00..5.46 rows=103 width=0)
	        Index Cond: ((k >= 5081251) AND (k <= 5081351))

table 8 : explain SELECT k, c FROM sbtest8 WHERE k BETWEEN 5081251 AND 5081351
	Bitmap Heap Scan on sbtest8  (cost=5.56..440.56 rows=110 width=125)
	  Recheck Cond: ((k >= 5081251) AND (k <= 5081351))
	  ->  Bitmap Index Scan on k_8  (cost=0.00..5.53 rows=110 width=0)
	        Index Cond: ((k >= 5081251) AND (k <= 5081351))

for range-notcovered
table 1 : explain SELECT k, c FROM sbtest1 WHERE k BETWEEN 3756861 AND 3756961
	Bitmap Heap Scan on sbtest1  (cost=5.47..405.13 rows=101 width=125)
	  Recheck Cond: ((k >= 3756861) AND (k <= 3756961))
	  ->  Bitmap Index Scan on k_1  (cost=0.00..5.44 rows=101 width=0)
	        Index Cond: ((k >= 3756861) AND (k <= 3756961))

table 2 : explain SELECT k, c FROM sbtest2 WHERE k BETWEEN 3756861 AND 3756961
	Bitmap Heap Scan on sbtest2  (cost=5.52..424.81 rows=106 width=125)
	  Recheck Cond: ((k >= 3756861) AND (k <= 3756961))
	  ->  Bitmap Index Scan on k_2  (cost=0.00..5.50 rows=106 width=0)
	        Index Cond: ((k >= 3756861) AND (k <= 3756961))

table 3 : explain SELECT k, c FROM sbtest3 WHERE k BETWEEN 3756861 AND 3756961
	Bitmap Heap Scan on sbtest3  (cost=5.57..444.49 rows=111 width=125)
	  Recheck Cond: ((k >= 3756861) AND (k <= 3756961))
	  ->  Bitmap Index Scan on k_3  (cost=0.00..5.54 rows=111 width=0)
	        Index Cond: ((k >= 3756861) AND (k <= 3756961))

table 4 : explain SELECT k, c FROM sbtest4 WHERE k BETWEEN 3756861 AND 3756961
	Bitmap Heap Scan on sbtest4  (cost=5.50..416.94 rows=104 width=125)
	  Recheck Cond: ((k >= 3756861) AND (k <= 3756961))
	  ->  Bitmap Index Scan on k_4  (cost=0.00..5.47 rows=104 width=0)
	        Index Cond: ((k >= 3756861) AND (k <= 3756961))

table 5 : explain SELECT k, c FROM sbtest5 WHERE k BETWEEN 3756861 AND 3756961
	Bitmap Heap Scan on sbtest5  (cost=5.43..389.37 rows=97 width=125)
	  Recheck Cond: ((k >= 3756861) AND (k <= 3756961))
	  ->  Bitmap Index Scan on k_5  (cost=0.00..5.40 rows=97 width=0)
	        Index Cond: ((k >= 3756861) AND (k <= 3756961))

table 6 : explain SELECT k, c FROM sbtest6 WHERE k BETWEEN 3756861 AND 3756961
	Bitmap Heap Scan on sbtest6  (cost=5.48..409.07 rows=102 width=125)
	  Recheck Cond: ((k >= 3756861) AND (k <= 3756961))
	  ->  Bitmap Index Scan on k_6  (cost=0.00..5.45 rows=102 width=0)
	        Index Cond: ((k >= 3756861) AND (k <= 3756961))

table 7 : explain SELECT k, c FROM sbtest7 WHERE k BETWEEN 3756861 AND 3756961
	Bitmap Heap Scan on sbtest7  (cost=5.61..460.22 rows=115 width=125)
	  Recheck Cond: ((k >= 3756861) AND (k <= 3756961))
	  ->  Bitmap Index Scan on k_7  (cost=0.00..5.58 rows=115 width=0)
	        Index Cond: ((k >= 3756861) AND (k <= 3756961))

table 8 : explain SELECT k, c FROM sbtest8 WHERE k BETWEEN 3756861 AND 3756961
	Bitmap Heap Scan on sbtest8  (cost=5.37..365.72 rows=91 width=125)
	  Recheck Cond: ((k >= 3756861) AND (k <= 3756961))
	  ->  Bitmap Index Scan on k_8  (cost=0.00..5.34 rows=91 width=0)
	        Index Cond: ((k >= 3756861) AND (k <= 3756961))

explain: for range-notcovered :: explain SELECT k, c FROM sbtest%d WHERE k BETWEEN 4504615 AND 4504715
explain: for range-notcovered :: explain SELECT k, c FROM sbtest%d WHERE k BETWEEN 5081251 AND 5081351
for range-notcovered
table 1 : explain SELECT k, c FROM sbtest1 WHERE k BETWEEN 4799196 AND 4799296
	Bitmap Heap Scan on sbtest1  (cost=5.49..413.00 rows=103 width=125)
	  Recheck Cond: ((k >= 4799196) AND (k <= 4799296))
	  ->  Bitmap Index Scan on k_1  (cost=0.00..5.46 rows=103 width=0)
	        Index Cond: ((k >= 4799196) AND (k <= 4799296))

table 2 : explain SELECT k, c FROM sbtest2 WHERE k BETWEEN 4799196 AND 4799296
	Bitmap Heap Scan on sbtest2  (cost=5.61..460.22 rows=115 width=125)
	  Recheck Cond: ((k >= 4799196) AND (k <= 4799296))
	  ->  Bitmap Index Scan on k_2  (cost=0.00..5.58 rows=115 width=0)
	        Index Cond: ((k >= 4799196) AND (k <= 4799296))

table 3 : explain SELECT k, c FROM sbtest3 WHERE k BETWEEN 4799196 AND 4799296
	Bitmap Heap Scan on sbtest3  (cost=5.52..424.81 rows=106 width=125)
	  Recheck Cond: ((k >= 4799196) AND (k <= 4799296))
	  ->  Bitmap Index Scan on k_3  (cost=0.00..5.50 rows=106 width=0)
	        Index Cond: ((k >= 4799196) AND (k <= 4799296))

table 4 : explain SELECT k, c FROM sbtest4 WHERE k BETWEEN 4799196 AND 4799296
	Bitmap Heap Scan on sbtest4  (cost=5.37..365.72 rows=91 width=125)
	  Recheck Cond: ((k >= 4799196) AND (k <= 4799296))
	  ->  Bitmap Index Scan on k_4  (cost=0.00..5.34 rows=91 width=0)
	        Index Cond: ((k >= 4799196) AND (k <= 4799296))

table 5 : explain SELECT k, c FROM sbtest5 WHERE k BETWEEN 4799196 AND 4799296
	Bitmap Heap Scan on sbtest5  (cost=5.56..440.56 rows=110 width=125)
	  Recheck Cond: ((k >= 4799196) AND (k <= 4799296))
	  ->  Bitmap Index Scan on k_5  (cost=0.00..5.53 rows=110 width=0)
	        Index Cond: ((k >= 4799196) AND (k <= 4799296))

table 6 : explain SELECT k, c FROM sbtest6 WHERE k BETWEEN 4799196 AND 4799296
	Bitmap Heap Scan on sbtest6  (cost=5.49..413.00 rows=103 width=125)
	  Recheck Cond: ((k >= 4799196) AND (k <= 4799296))
	  ->  Bitmap Index Scan on k_6  (cost=0.00..5.46 rows=103 width=0)
	        Index Cond: ((k >= 4799196) AND (k <= 4799296))

table 7 : explain SELECT k, c FROM sbtest7 WHERE k BETWEEN 4799196 AND 4799296
	Bitmap Heap Scan on sbtest7  (cost=5.45..397.25 rows=99 width=125)
	  Recheck Cond: ((k >= 4799196) AND (k <= 4799296))
	  ->  Bitmap Index Scan on k_7  (cost=0.00..5.42 rows=99 width=0)
	        Index Cond: ((k >= 4799196) AND (k <= 4799296))

table 8 : explain SELECT k, c FROM sbtest8 WHERE k BETWEEN 4799196 AND 4799296
	Bitmap Heap Scan on sbtest8  (cost=5.55..436.62 rows=109 width=125)
	  Recheck Cond: ((k >= 4799196) AND (k <= 4799296))
	  ->  Bitmap Index Scan on k_8  (cost=0.00..5.52 rows=109 width=0)
	        Index Cond: ((k >= 4799196) AND (k <= 4799296))

explain: for range-notcovered :: explain SELECT k, c FROM sbtest%d WHERE k BETWEEN 4799196 AND 4799296
explain: for range-notcovered :: explain SELECT k, c FROM sbtest%d WHERE k BETWEEN 3756861 AND 3756961
for range-notcovered
table 1 : explain SELECT k, c FROM sbtest1 WHERE k BETWEEN 4091589 AND 4091689
	Bitmap Heap Scan on sbtest1  (cost=5.41..381.49 rows=95 width=125)
	  Recheck Cond: ((k >= 4091589) AND (k <= 4091689))
	  ->  Bitmap Index Scan on k_1  (cost=0.00..5.38 rows=95 width=0)
	        Index Cond: ((k >= 4091589) AND (k <= 4091689))

table 2 : explain SELECT k, c FROM sbtest2 WHERE k BETWEEN 4091589 AND 4091689
	Bitmap Heap Scan on sbtest2  (cost=5.48..409.07 rows=102 width=125)
	  Recheck Cond: ((k >= 4091589) AND (k <= 4091689))
	  ->  Bitmap Index Scan on k_2  (cost=0.00..5.45 rows=102 width=0)
	        Index Cond: ((k >= 4091589) AND (k <= 4091689))

table 3 : explain SELECT k, c FROM sbtest3 WHERE k BETWEEN 4091589 AND 4091689
	Bitmap Heap Scan on sbtest3  (cost=5.43..389.37 rows=97 width=125)
	  Recheck Cond: ((k >= 4091589) AND (k <= 4091689))
	  ->  Bitmap Index Scan on k_3  (cost=0.00..5.40 rows=97 width=0)
	        Index Cond: ((k >= 4091589) AND (k <= 4091689))

table 4 : explain SELECT k, c FROM sbtest4 WHERE k BETWEEN 4091589 AND 4091689
	Bitmap Heap Scan on sbtest4  (cost=5.44..393.31 rows=98 width=125)
	  Recheck Cond: ((k >= 4091589) AND (k <= 4091689))
	  ->  Bitmap Index Scan on k_4  (cost=0.00..5.42 rows=98 width=0)
	        Index Cond: ((k >= 4091589) AND (k <= 4091689))

table 5 : explain SELECT k, c FROM sbtest5 WHERE k BETWEEN 4091589 AND 4091689
	Bitmap Heap Scan on sbtest5  (cost=5.48..409.07 rows=102 width=125)
	  Recheck Cond: ((k >= 4091589) AND (k <= 4091689))
	  ->  Bitmap Index Scan on k_5  (cost=0.00..5.45 rows=102 width=0)
	        Index Cond: ((k >= 4091589) AND (k <= 4091689))

table 6 : explain SELECT k, c FROM sbtest6 WHERE k BETWEEN 4091589 AND 4091689
	Bitmap Heap Scan on sbtest6  (cost=5.43..389.37 rows=97 width=125)
	  Recheck Cond: ((k >= 4091589) AND (k <= 4091689))
	  ->  Bitmap Index Scan on k_6  (cost=0.00..5.40 rows=97 width=0)
	        Index Cond: ((k >= 4091589) AND (k <= 4091689))

table 7 : explain SELECT k, c FROM sbtest7 WHERE k BETWEEN 4091589 AND 4091689
	Bitmap Heap Scan on sbtest7  (cost=5.50..416.94 rows=104 width=125)
	  Recheck Cond: ((k >= 4091589) AND (k <= 4091689))
	  ->  Bitmap Index Scan on k_7  (cost=0.00..5.47 rows=104 width=0)
	        Index Cond: ((k >= 4091589) AND (k <= 4091689))

table 8 : explain SELECT k, c FROM sbtest8 WHERE k BETWEEN 4091589 AND 4091689
	Bitmap Heap Scan on sbtest8  (cost=5.51..420.88 rows=105 width=125)
	  Recheck Cond: ((k >= 4091589) AND (k <= 4091689))
	  ->  Bitmap Index Scan on k_8  (cost=0.00..5.48 rows=105 width=0)
	        Index Cond: ((k >= 4091589) AND (k <= 4091689))

for range-notcovered
table 1 : explain SELECT k, c FROM sbtest1 WHERE k BETWEEN 3182017 AND 3182117
	Bitmap Heap Scan on sbtest1  (cost=5.51..420.88 rows=105 width=125)
	  Recheck Cond: ((k >= 3182017) AND (k <= 3182117))
	  ->  Bitmap Index Scan on k_1  (cost=0.00..5.48 rows=105 width=0)
	        Index Cond: ((k >= 3182017) AND (k <= 3182117))

table 2 : explain SELECT k, c FROM sbtest2 WHERE k BETWEEN 3182017 AND 3182117
	Bitmap Heap Scan on sbtest2  (cost=5.48..409.07 rows=102 width=125)
	  Recheck Cond: ((k >= 3182017) AND (k <= 3182117))
	  ->  Bitmap Index Scan on k_2  (cost=0.00..5.45 rows=102 width=0)
	        Index Cond: ((k >= 3182017) AND (k <= 3182117))

table 3 : explain SELECT k, c FROM sbtest3 WHERE k BETWEEN 3182017 AND 3182117
	Bitmap Heap Scan on sbtest3  (cost=5.44..393.31 rows=98 width=125)
	  Recheck Cond: ((k >= 3182017) AND (k <= 3182117))
	  ->  Bitmap Index Scan on k_3  (cost=0.00..5.42 rows=98 width=0)
	        Index Cond: ((k >= 3182017) AND (k <= 3182117))

table 4 : explain SELECT k, c FROM sbtest4 WHERE k BETWEEN 3182017 AND 3182117
	Bitmap Heap Scan on sbtest4  (cost=5.44..393.31 rows=98 width=125)
	  Recheck Cond: ((k >= 3182017) AND (k <= 3182117))
	  ->  Bitmap Index Scan on k_4  (cost=0.00..5.42 rows=98 width=0)
	        Index Cond: ((k >= 3182017) AND (k <= 3182117))

table 5 : explain SELECT k, c FROM sbtest5 WHERE k BETWEEN 3182017 AND 3182117
	Bitmap Heap Scan on sbtest5  (cost=5.55..436.62 rows=109 width=125)
	  Recheck Cond: ((k >= 3182017) AND (k <= 3182117))
	  ->  Bitmap Index Scan on k_5  (cost=0.00..5.52 rows=109 width=0)
	        Index Cond: ((k >= 3182017) AND (k <= 3182117))

table 6 : explain SELECT k, c FROM sbtest6 WHERE k BETWEEN 3182017 AND 3182117
	Bitmap Heap Scan on sbtest6  (cost=5.59..452.36 rows=113 width=125)
	  Recheck Cond: ((k >= 3182017) AND (k <= 3182117))
	  ->  Bitmap Index Scan on k_6  (cost=0.00..5.56 rows=113 width=0)
	        Index Cond: ((k >= 3182017) AND (k <= 3182117))

table 7 : explain SELECT k, c FROM sbtest7 WHERE k BETWEEN 3182017 AND 3182117
	Bitmap Heap Scan on sbtest7  (cost=5.44..393.31 rows=98 width=125)
	  Recheck Cond: ((k >= 3182017) AND (k <= 3182117))
	  ->  Bitmap Index Scan on k_7  (cost=0.00..5.42 rows=98 width=0)
	        Index Cond: ((k >= 3182017) AND (k <= 3182117))

table 8 : explain SELECT k, c FROM sbtest8 WHERE k BETWEEN 3182017 AND 3182117
	Bitmap Heap Scan on sbtest8  (cost=5.47..405.13 rows=101 width=125)
	  Recheck Cond: ((k >= 3182017) AND (k <= 3182117))
	  ->  Bitmap Index Scan on k_8  (cost=0.00..5.44 rows=101 width=0)
	        Index Cond: ((k >= 3182017) AND (k <= 3182117))

explain: for range-notcovered :: explain SELECT k, c FROM sbtest%d WHERE k BETWEEN 4091589 AND 4091689
explain: for range-notcovered :: explain SELECT k, c FROM sbtest%d WHERE k BETWEEN 3182017 AND 3182117
for range-notcovered
table 1 : explain SELECT k, c FROM sbtest1 WHERE k BETWEEN 5081251 AND 5081351
	Bitmap Heap Scan on sbtest1  (cost=5.39..373.61 rows=93 width=125)
	  Recheck Cond: ((k >= 5081251) AND (k <= 5081351))
	  ->  Bitmap Index Scan on k_1  (cost=0.00..5.36 rows=93 width=0)
	        Index Cond: ((k >= 5081251) AND (k <= 5081351))

table 2 : explain SELECT k, c FROM sbtest2 WHERE k BETWEEN 5081251 AND 5081351
	Bitmap Heap Scan on sbtest2  (cost=5.45..397.25 rows=99 width=125)
	  Recheck Cond: ((k >= 5081251) AND (k <= 5081351))
	  ->  Bitmap Index Scan on k_2  (cost=0.00..5.42 rows=99 width=0)
	        Index Cond: ((k >= 5081251) AND (k <= 5081351))

table 3 : explain SELECT k, c FROM sbtest3 WHERE k BETWEEN 5081251 AND 5081351
	Bitmap Heap Scan on sbtest3  (cost=5.51..420.88 rows=105 width=125)
	  Recheck Cond: ((k >= 5081251) AND (k <= 5081351))
	  ->  Bitmap Index Scan on k_3  (cost=0.00..5.48 rows=105 width=0)
	        Index Cond: ((k >= 5081251) AND (k <= 5081351))

table 4 : explain SELECT k, c FROM sbtest4 WHERE k BETWEEN 5081251 AND 5081351
	Bitmap Heap Scan on sbtest4  (cost=5.55..436.62 rows=109 width=125)
	  Recheck Cond: ((k >= 5081251) AND (k <= 5081351))
	  ->  Bitmap Index Scan on k_4  (cost=0.00..5.52 rows=109 width=0)
	        Index Cond: ((k >= 5081251) AND (k <= 5081351))

table 5 : explain SELECT k, c FROM sbtest5 WHERE k BETWEEN 5081251 AND 5081351
	Bitmap Heap Scan on sbtest5  (cost=5.46..401.19 rows=100 width=125)
	  Recheck Cond: ((k >= 5081251) AND (k <= 5081351))
	  ->  Bitmap Index Scan on k_5  (cost=0.00..5.43 rows=100 width=0)
	        Index Cond: ((k >= 5081251) AND (k <= 5081351))

table 6 : explain SELECT k, c FROM sbtest6 WHERE k BETWEEN 5081251 AND 5081351
	Bitmap Heap Scan on sbtest6  (cost=5.49..413.00 rows=103 width=125)
	  Recheck Cond: ((k >= 5081251) AND (k <= 5081351))
	  ->  Bitmap Index Scan on k_6  (cost=0.00..5.46 rows=103 width=0)
	        Index Cond: ((k >= 5081251) AND (k <= 5081351))

table 7 : explain SELECT k, c FROM sbtest7 WHERE k BETWEEN 5081251 AND 5081351
	Bitmap Heap Scan on sbtest7  (cost=5.49..413.00 rows=103 width=125)
	  Recheck Cond: ((k >= 5081251) AND (k <= 5081351))
	  ->  Bitmap Index Scan on k_7  (cost=0.00..5.46 rows=103 width=0)
	        Index Cond: ((k >= 5081251) AND (k <= 5081351))

table 8 : explain SELECT k, c FROM sbtest8 WHERE k BETWEEN 5081251 AND 5081351
	Bitmap Heap Scan on sbtest8  (cost=5.56..440.56 rows=110 width=125)
	  Recheck Cond: ((k >= 5081251) AND (k <= 5081351))
	  ->  Bitmap Index Scan on k_8  (cost=0.00..5.53 rows=110 width=0)
	        Index Cond: ((k >= 5081251) AND (k <= 5081351))

explain: for range-notcovered :: explain SELECT k, c FROM sbtest%d WHERE k BETWEEN 5081251 AND 5081351
for range-notcovered
table 1 : explain SELECT k, c FROM sbtest1 WHERE k BETWEEN 8149461 AND 8149561
	Bitmap Heap Scan on sbtest1  (cost=5.38..369.67 rows=92 width=125)
	  Recheck Cond: ((k >= 8149461) AND (k <= 8149561))
	  ->  Bitmap Index Scan on k_1  (cost=0.00..5.35 rows=92 width=0)
	        Index Cond: ((k >= 8149461) AND (k <= 8149561))

table 2 : explain SELECT k, c FROM sbtest2 WHERE k BETWEEN 8149461 AND 8149561
	Bitmap Heap Scan on sbtest2  (cost=5.44..393.31 rows=98 width=125)
	  Recheck Cond: ((k >= 8149461) AND (k <= 8149561))
	  ->  Bitmap Index Scan on k_2  (cost=0.00..5.42 rows=98 width=0)
	        Index Cond: ((k >= 8149461) AND (k <= 8149561))

table 3 : explain SELECT k, c FROM sbtest3 WHERE k BETWEEN 8149461 AND 8149561
	Bitmap Heap Scan on sbtest3  (cost=5.45..397.25 rows=99 width=125)
	  Recheck Cond: ((k >= 8149461) AND (k <= 8149561))
	  ->  Bitmap Index Scan on k_3  (cost=0.00..5.42 rows=99 width=0)
	        Index Cond: ((k >= 8149461) AND (k <= 8149561))

table 4 : explain SELECT k, c FROM sbtest4 WHERE k BETWEEN 8149461 AND 8149561
	Bitmap Heap Scan on sbtest4  (cost=5.42..385.43 rows=96 width=125)
	  Recheck Cond: ((k >= 8149461) AND (k <= 8149561))
	  ->  Bitmap Index Scan on k_4  (cost=0.00..5.39 rows=96 width=0)
	        Index Cond: ((k >= 8149461) AND (k <= 8149561))

table 5 : explain SELECT k, c FROM sbtest5 WHERE k BETWEEN 8149461 AND 8149561
	Bitmap Heap Scan on sbtest5  (cost=5.45..397.25 rows=99 width=125)
	  Recheck Cond: ((k >= 8149461) AND (k <= 8149561))
	  ->  Bitmap Index Scan on k_5  (cost=0.00..5.42 rows=99 width=0)
	        Index Cond: ((k >= 8149461) AND (k <= 8149561))

table 6 : explain SELECT k, c FROM sbtest6 WHERE k BETWEEN 8149461 AND 8149561
	Bitmap Heap Scan on sbtest6  (cost=5.46..401.19 rows=100 width=125)
	  Recheck Cond: ((k >= 8149461) AND (k <= 8149561))
	  ->  Bitmap Index Scan on k_6  (cost=0.00..5.43 rows=100 width=0)
	        Index Cond: ((k >= 8149461) AND (k <= 8149561))

table 7 : explain SELECT k, c FROM sbtest7 WHERE k BETWEEN 8149461 AND 8149561
	Bitmap Heap Scan on sbtest7  (cost=5.47..405.13 rows=101 width=125)
	  Recheck Cond: ((k >= 8149461) AND (k <= 8149561))
	  ->  Bitmap Index Scan on k_7  (cost=0.00..5.44 rows=101 width=0)
	        Index Cond: ((k >= 8149461) AND (k <= 8149561))

table 8 : explain SELECT k, c FROM sbtest8 WHERE k BETWEEN 8149461 AND 8149561
	Bitmap Heap Scan on sbtest8  (cost=5.49..413.00 rows=103 width=125)
	  Recheck Cond: ((k >= 8149461) AND (k <= 8149561))
	  ->  Bitmap Index Scan on k_8  (cost=0.00..5.46 rows=103 width=0)
	        Index Cond: ((k >= 8149461) AND (k <= 8149561))

for range-notcovered
table 1 : explain SELECT k, c FROM sbtest1 WHERE k BETWEEN 8193714 AND 8193814
	Bitmap Heap Scan on sbtest1  (cost=5.38..369.67 rows=92 width=125)
	  Recheck Cond: ((k >= 8193714) AND (k <= 8193814))
	  ->  Bitmap Index Scan on k_1  (cost=0.00..5.35 rows=92 width=0)
	        Index Cond: ((k >= 8193714) AND (k <= 8193814))

table 2 : explain SELECT k, c FROM sbtest2 WHERE k BETWEEN 8193714 AND 8193814
	Bitmap Heap Scan on sbtest2  (cost=5.47..405.13 rows=101 width=125)
	  Recheck Cond: ((k >= 8193714) AND (k <= 8193814))
	  ->  Bitmap Index Scan on k_2  (cost=0.00..5.44 rows=101 width=0)
	        Index Cond: ((k >= 8193714) AND (k <= 8193814))

table 3 : explain SELECT k, c FROM sbtest3 WHERE k BETWEEN 8193714 AND 8193814
	Bitmap Heap Scan on sbtest3  (cost=5.51..420.88 rows=105 width=125)
	  Recheck Cond: ((k >= 8193714) AND (k <= 8193814))
	  ->  Bitmap Index Scan on k_3  (cost=0.00..5.48 rows=105 width=0)
	        Index Cond: ((k >= 8193714) AND (k <= 8193814))

table 4 : explain SELECT k, c FROM sbtest4 WHERE k BETWEEN 8193714 AND 8193814
	Bitmap Heap Scan on sbtest4  (cost=5.43..389.37 rows=97 width=125)
	  Recheck Cond: ((k >= 8193714) AND (k <= 8193814))
	  ->  Bitmap Index Scan on k_4  (cost=0.00..5.40 rows=97 width=0)
	        Index Cond: ((k >= 8193714) AND (k <= 8193814))

table 5 : explain SELECT k, c FROM sbtest5 WHERE k BETWEEN 8193714 AND 8193814
	Bitmap Heap Scan on sbtest5  (cost=5.45..397.25 rows=99 width=125)
	  Recheck Cond: ((k >= 8193714) AND (k <= 8193814))
	  ->  Bitmap Index Scan on k_5  (cost=0.00..5.42 rows=99 width=0)
	        Index Cond: ((k >= 8193714) AND (k <= 8193814))

table 6 : explain SELECT k, c FROM sbtest6 WHERE k BETWEEN 8193714 AND 8193814
	Bitmap Heap Scan on sbtest6  (cost=5.46..401.19 rows=100 width=125)
	  Recheck Cond: ((k >= 8193714) AND (k <= 8193814))
	  ->  Bitmap Index Scan on k_6  (cost=0.00..5.43 rows=100 width=0)
	        Index Cond: ((k >= 8193714) AND (k <= 8193814))

table 7 : explain SELECT k, c FROM sbtest7 WHERE k BETWEEN 8193714 AND 8193814
	Bitmap Heap Scan on sbtest7  (cost=5.49..413.00 rows=103 width=125)
	  Recheck Cond: ((k >= 8193714) AND (k <= 8193814))
	  ->  Bitmap Index Scan on k_7  (cost=0.00..5.46 rows=103 width=0)
	        Index Cond: ((k >= 8193714) AND (k <= 8193814))

table 8 : explain SELECT k, c FROM sbtest8 WHERE k BETWEEN 8193714 AND 8193814
	Bitmap Heap Scan on sbtest8  (cost=5.49..413.00 rows=103 width=125)
	  Recheck Cond: ((k >= 8193714) AND (k <= 8193814))
	  ->  Bitmap Index Scan on k_8  (cost=0.00..5.46 rows=103 width=0)
	        Index Cond: ((k >= 8193714) AND (k <= 8193814))

for range-notcovered
table 1 : explain SELECT k, c FROM sbtest1 WHERE k BETWEEN 6630937 AND 6631037
	Bitmap Heap Scan on sbtest1  (cost=5.43..389.37 rows=97 width=125)
	  Recheck Cond: ((k >= 6630937) AND (k <= 6631037))
	  ->  Bitmap Index Scan on k_1  (cost=0.00..5.40 rows=97 width=0)
	        Index Cond: ((k >= 6630937) AND (k <= 6631037))

table 2 : explain SELECT k, c FROM sbtest2 WHERE k BETWEEN 6630937 AND 6631037
	Bitmap Heap Scan on sbtest2  (cost=5.50..416.94 rows=104 width=125)
	  Recheck Cond: ((k >= 6630937) AND (k <= 6631037))
	  ->  Bitmap Index Scan on k_2  (cost=0.00..5.47 rows=104 width=0)
	        Index Cond: ((k >= 6630937) AND (k <= 6631037))

table 3 : explain SELECT k, c FROM sbtest3 WHERE k BETWEEN 6630937 AND 6631037
	Bitmap Heap Scan on sbtest3  (cost=5.54..432.69 rows=108 width=125)
	  Recheck Cond: ((k >= 6630937) AND (k <= 6631037))
	  ->  Bitmap Index Scan on k_3  (cost=0.00..5.51 rows=108 width=0)
	        Index Cond: ((k >= 6630937) AND (k <= 6631037))

table 4 : explain SELECT k, c FROM sbtest4 WHERE k BETWEEN 6630937 AND 6631037
	Bitmap Heap Scan on sbtest4  (cost=5.54..432.69 rows=108 width=125)
	  Recheck Cond: ((k >= 6630937) AND (k <= 6631037))
	  ->  Bitmap Index Scan on k_4  (cost=0.00..5.51 rows=108 width=0)
	        Index Cond: ((k >= 6630937) AND (k <= 6631037))

table 5 : explain SELECT k, c FROM sbtest5 WHERE k BETWEEN 6630937 AND 6631037
	Bitmap Heap Scan on sbtest5  (cost=5.47..405.13 rows=101 width=125)
	  Recheck Cond: ((k >= 6630937) AND (k <= 6631037))
	  ->  Bitmap Index Scan on k_5  (cost=0.00..5.44 rows=101 width=0)
	        Index Cond: ((k >= 6630937) AND (k <= 6631037))

table 6 : explain SELECT k, c FROM sbtest6 WHERE k BETWEEN 6630937 AND 6631037
	Bitmap Heap Scan on sbtest6  (cost=5.50..416.94 rows=104 width=125)
	  Recheck Cond: ((k >= 6630937) AND (k <= 6631037))
	  ->  Bitmap Index Scan on k_6  (cost=0.00..5.47 rows=104 width=0)
	        Index Cond: ((k >= 6630937) AND (k <= 6631037))

table 7 : explain SELECT k, c FROM sbtest7 WHERE k BETWEEN 6630937 AND 6631037
	Bitmap Heap Scan on sbtest7  (cost=5.39..373.61 rows=93 width=125)
	  Recheck Cond: ((k >= 6630937) AND (k <= 6631037))
	  ->  Bitmap Index Scan on k_7  (cost=0.00..5.36 rows=93 width=0)
	        Index Cond: ((k >= 6630937) AND (k <= 6631037))

table 8 : explain SELECT k, c FROM sbtest8 WHERE k BETWEEN 6630937 AND 6631037
	Bitmap Heap Scan on sbtest8  (cost=5.41..381.49 rows=95 width=125)
	  Recheck Cond: ((k >= 6630937) AND (k <= 6631037))
	  ->  Bitmap Index Scan on k_8  (cost=0.00..5.38 rows=95 width=0)
	        Index Cond: ((k >= 6630937) AND (k <= 6631037))

explain: for range-notcovered :: explain SELECT k, c FROM sbtest%d WHERE k BETWEEN 8149461 AND 8149561
for range-notcovered
table 1 : explain SELECT k, c FROM sbtest1 WHERE k BETWEEN 3756861 AND 3756961
	Bitmap Heap Scan on sbtest1  (cost=5.47..405.13 rows=101 width=125)
	  Recheck Cond: ((k >= 3756861) AND (k <= 3756961))
	  ->  Bitmap Index Scan on k_1  (cost=0.00..5.44 rows=101 width=0)
	        Index Cond: ((k >= 3756861) AND (k <= 3756961))

table 2 : explain SELECT k, c FROM sbtest2 WHERE k BETWEEN 3756861 AND 3756961
	Bitmap Heap Scan on sbtest2  (cost=5.52..424.81 rows=106 width=125)
	  Recheck Cond: ((k >= 3756861) AND (k <= 3756961))
	  ->  Bitmap Index Scan on k_2  (cost=0.00..5.50 rows=106 width=0)
	        Index Cond: ((k >= 3756861) AND (k <= 3756961))

table 3 : explain SELECT k, c FROM sbtest3 WHERE k BETWEEN 3756861 AND 3756961
	Bitmap Heap Scan on sbtest3  (cost=5.57..444.49 rows=111 width=125)
	  Recheck Cond: ((k >= 3756861) AND (k <= 3756961))
	  ->  Bitmap Index Scan on k_3  (cost=0.00..5.54 rows=111 width=0)
	        Index Cond: ((k >= 3756861) AND (k <= 3756961))

table 4 : explain SELECT k, c FROM sbtest4 WHERE k BETWEEN 3756861 AND 3756961
	Bitmap Heap Scan on sbtest4  (cost=5.50..416.94 rows=104 width=125)
	  Recheck Cond: ((k >= 3756861) AND (k <= 3756961))
	  ->  Bitmap Index Scan on k_4  (cost=0.00..5.47 rows=104 width=0)
	        Index Cond: ((k >= 3756861) AND (k <= 3756961))

table 5 : explain SELECT k, c FROM sbtest5 WHERE k BETWEEN 3756861 AND 3756961
	Bitmap Heap Scan on sbtest5  (cost=5.43..389.37 rows=97 width=125)
	  Recheck Cond: ((k >= 3756861) AND (k <= 3756961))
	  ->  Bitmap Index Scan on k_5  (cost=0.00..5.40 rows=97 width=0)
	        Index Cond: ((k >= 3756861) AND (k <= 3756961))

table 6 : explain SELECT k, c FROM sbtest6 WHERE k BETWEEN 3756861 AND 3756961
	Bitmap Heap Scan on sbtest6  (cost=5.48..409.07 rows=102 width=125)
	  Recheck Cond: ((k >= 3756861) AND (k <= 3756961))
	  ->  Bitmap Index Scan on k_6  (cost=0.00..5.45 rows=102 width=0)
	        Index Cond: ((k >= 3756861) AND (k <= 3756961))

table 7 : explain SELECT k, c FROM sbtest7 WHERE k BETWEEN 3756861 AND 3756961
	Bitmap Heap Scan on sbtest7  (cost=5.61..460.22 rows=115 width=125)
	  Recheck Cond: ((k >= 3756861) AND (k <= 3756961))
	  ->  Bitmap Index Scan on k_7  (cost=0.00..5.58 rows=115 width=0)
	        Index Cond: ((k >= 3756861) AND (k <= 3756961))

table 8 : explain SELECT k, c FROM sbtest8 WHERE k BETWEEN 3756861 AND 3756961
	Bitmap Heap Scan on sbtest8  (cost=5.37..365.72 rows=91 width=125)
	  Recheck Cond: ((k >= 3756861) AND (k <= 3756961))
	  ->  Bitmap Index Scan on k_8  (cost=0.00..5.34 rows=91 width=0)
	        Index Cond: ((k >= 3756861) AND (k <= 3756961))

explain: for range-notcovered :: explain SELECT k, c FROM sbtest%d WHERE k BETWEEN 6630937 AND 6631037
for range-notcovered
table 1 : explain SELECT k, c FROM sbtest1 WHERE k BETWEEN 4091589 AND 4091689
	Bitmap Heap Scan on sbtest1  (cost=5.41..381.49 rows=95 width=125)
	  Recheck Cond: ((k >= 4091589) AND (k <= 4091689))
	  ->  Bitmap Index Scan on k_1  (cost=0.00..5.38 rows=95 width=0)
	        Index Cond: ((k >= 4091589) AND (k <= 4091689))

table 2 : explain SELECT k, c FROM sbtest2 WHERE k BETWEEN 4091589 AND 4091689
	Bitmap Heap Scan on sbtest2  (cost=5.48..409.07 rows=102 width=125)
	  Recheck Cond: ((k >= 4091589) AND (k <= 4091689))
	  ->  Bitmap Index Scan on k_2  (cost=0.00..5.45 rows=102 width=0)
	        Index Cond: ((k >= 4091589) AND (k <= 4091689))

table 3 : explain SELECT k, c FROM sbtest3 WHERE k BETWEEN 4091589 AND 4091689
	Bitmap Heap Scan on sbtest3  (cost=5.43..389.37 rows=97 width=125)
	  Recheck Cond: ((k >= 4091589) AND (k <= 4091689))
	  ->  Bitmap Index Scan on k_3  (cost=0.00..5.40 rows=97 width=0)
	        Index Cond: ((k >= 4091589) AND (k <= 4091689))

table 4 : explain SELECT k, c FROM sbtest4 WHERE k BETWEEN 4091589 AND 4091689
	Bitmap Heap Scan on sbtest4  (cost=5.44..393.31 rows=98 width=125)
	  Recheck Cond: ((k >= 4091589) AND (k <= 4091689))
	  ->  Bitmap Index Scan on k_4  (cost=0.00..5.42 rows=98 width=0)
	        Index Cond: ((k >= 4091589) AND (k <= 4091689))

table 5 : explain SELECT k, c FROM sbtest5 WHERE k BETWEEN 4091589 AND 4091689
	Bitmap Heap Scan on sbtest5  (cost=5.48..409.07 rows=102 width=125)
	  Recheck Cond: ((k >= 4091589) AND (k <= 4091689))
	  ->  Bitmap Index Scan on k_5  (cost=0.00..5.45 rows=102 width=0)
	        Index Cond: ((k >= 4091589) AND (k <= 4091689))

table 6 : explain SELECT k, c FROM sbtest6 WHERE k BETWEEN 4091589 AND 4091689
	Bitmap Heap Scan on sbtest6  (cost=5.43..389.37 rows=97 width=125)
	  Recheck Cond: ((k >= 4091589) AND (k <= 4091689))
	  ->  Bitmap Index Scan on k_6  (cost=0.00..5.40 rows=97 width=0)
	        Index Cond: ((k >= 4091589) AND (k <= 4091689))

table 7 : explain SELECT k, c FROM sbtest7 WHERE k BETWEEN 4091589 AND 4091689
	Bitmap Heap Scan on sbtest7  (cost=5.50..416.94 rows=104 width=125)
	  Recheck Cond: ((k >= 4091589) AND (k <= 4091689))
	  ->  Bitmap Index Scan on k_7  (cost=0.00..5.47 rows=104 width=0)
	        Index Cond: ((k >= 4091589) AND (k <= 4091689))

table 8 : explain SELECT k, c FROM sbtest8 WHERE k BETWEEN 4091589 AND 4091689
	Bitmap Heap Scan on sbtest8  (cost=5.51..420.88 rows=105 width=125)
	  Recheck Cond: ((k >= 4091589) AND (k <= 4091689))
	  ->  Bitmap Index Scan on k_8  (cost=0.00..5.48 rows=105 width=0)
	        Index Cond: ((k >= 4091589) AND (k <= 4091689))

explain: for range-notcovered :: explain SELECT k, c FROM sbtest%d WHERE k BETWEEN 4091589 AND 4091689
for range-notcovered
table 1 : explain SELECT k, c FROM sbtest1 WHERE k BETWEEN 3182017 AND 3182117
	Bitmap Heap Scan on sbtest1  (cost=5.51..420.88 rows=105 width=125)
	  Recheck Cond: ((k >= 3182017) AND (k <= 3182117))
	  ->  Bitmap Index Scan on k_1  (cost=0.00..5.48 rows=105 width=0)
	        Index Cond: ((k >= 3182017) AND (k <= 3182117))

table 2 : explain SELECT k, c FROM sbtest2 WHERE k BETWEEN 3182017 AND 3182117
	Bitmap Heap Scan on sbtest2  (cost=5.48..409.07 rows=102 width=125)
	  Recheck Cond: ((k >= 3182017) AND (k <= 3182117))
	  ->  Bitmap Index Scan on k_2  (cost=0.00..5.45 rows=102 width=0)
	        Index Cond: ((k >= 3182017) AND (k <= 3182117))

table 3 : explain SELECT k, c FROM sbtest3 WHERE k BETWEEN 3182017 AND 3182117
	Bitmap Heap Scan on sbtest3  (cost=5.44..393.31 rows=98 width=125)
	  Recheck Cond: ((k >= 3182017) AND (k <= 3182117))
	  ->  Bitmap Index Scan on k_3  (cost=0.00..5.42 rows=98 width=0)
	        Index Cond: ((k >= 3182017) AND (k <= 3182117))

table 4 : explain SELECT k, c FROM sbtest4 WHERE k BETWEEN 3182017 AND 3182117
	Bitmap Heap Scan on sbtest4  (cost=5.44..393.31 rows=98 width=125)
	  Recheck Cond: ((k >= 3182017) AND (k <= 3182117))
	  ->  Bitmap Index Scan on k_4  (cost=0.00..5.42 rows=98 width=0)
	        Index Cond: ((k >= 3182017) AND (k <= 3182117))

table 5 : explain SELECT k, c FROM sbtest5 WHERE k BETWEEN 3182017 AND 3182117
	Bitmap Heap Scan on sbtest5  (cost=5.55..436.62 rows=109 width=125)
	  Recheck Cond: ((k >= 3182017) AND (k <= 3182117))
	  ->  Bitmap Index Scan on k_5  (cost=0.00..5.52 rows=109 width=0)
	        Index Cond: ((k >= 3182017) AND (k <= 3182117))

table 6 : explain SELECT k, c FROM sbtest6 WHERE k BETWEEN 3182017 AND 3182117
	Bitmap Heap Scan on sbtest6  (cost=5.59..452.36 rows=113 width=125)
	  Recheck Cond: ((k >= 3182017) AND (k <= 3182117))
	  ->  Bitmap Index Scan on k_6  (cost=0.00..5.56 rows=113 width=0)
	        Index Cond: ((k >= 3182017) AND (k <= 3182117))

table 7 : explain SELECT k, c FROM sbtest7 WHERE k BETWEEN 3182017 AND 3182117
	Bitmap Heap Scan on sbtest7  (cost=5.44..393.31 rows=98 width=125)
	  Recheck Cond: ((k >= 3182017) AND (k <= 3182117))
	  ->  Bitmap Index Scan on k_7  (cost=0.00..5.42 rows=98 width=0)
	        Index Cond: ((k >= 3182017) AND (k <= 3182117))

table 8 : explain SELECT k, c FROM sbtest8 WHERE k BETWEEN 3182017 AND 3182117
	Bitmap Heap Scan on sbtest8  (cost=5.47..405.13 rows=101 width=125)
	  Recheck Cond: ((k >= 3182017) AND (k <= 3182117))
	  ->  Bitmap Index Scan on k_8  (cost=0.00..5.44 rows=101 width=0)
	        Index Cond: ((k >= 3182017) AND (k <= 3182117))

explain: for range-notcovered :: explain SELECT k, c FROM sbtest%d WHERE k BETWEEN 3182017 AND 3182117
for range-notcovered
table 1 : explain SELECT k, c FROM sbtest1 WHERE k BETWEEN 5081251 AND 5081351
	Bitmap Heap Scan on sbtest1  (cost=5.39..373.61 rows=93 width=125)
	  Recheck Cond: ((k >= 5081251) AND (k <= 5081351))
	  ->  Bitmap Index Scan on k_1  (cost=0.00..5.36 rows=93 width=0)
	        Index Cond: ((k >= 5081251) AND (k <= 5081351))

table 2 : explain SELECT k, c FROM sbtest2 WHERE k BETWEEN 5081251 AND 5081351
	Bitmap Heap Scan on sbtest2  (cost=5.45..397.25 rows=99 width=125)
	  Recheck Cond: ((k >= 5081251) AND (k <= 5081351))
	  ->  Bitmap Index Scan on k_2  (cost=0.00..5.42 rows=99 width=0)
	        Index Cond: ((k >= 5081251) AND (k <= 5081351))

table 3 : explain SELECT k, c FROM sbtest3 WHERE k BETWEEN 5081251 AND 5081351
	Bitmap Heap Scan on sbtest3  (cost=5.51..420.88 rows=105 width=125)
	  Recheck Cond: ((k >= 5081251) AND (k <= 5081351))
	  ->  Bitmap Index Scan on k_3  (cost=0.00..5.48 rows=105 width=0)
	        Index Cond: ((k >= 5081251) AND (k <= 5081351))

table 4 : explain SELECT k, c FROM sbtest4 WHERE k BETWEEN 5081251 AND 5081351
	Bitmap Heap Scan on sbtest4  (cost=5.55..436.62 rows=109 width=125)
	  Recheck Cond: ((k >= 5081251) AND (k <= 5081351))
	  ->  Bitmap Index Scan on k_4  (cost=0.00..5.52 rows=109 width=0)
	        Index Cond: ((k >= 5081251) AND (k <= 5081351))

table 5 : explain SELECT k, c FROM sbtest5 WHERE k BETWEEN 5081251 AND 5081351
	Bitmap Heap Scan on sbtest5  (cost=5.46..401.19 rows=100 width=125)
	  Recheck Cond: ((k >= 5081251) AND (k <= 5081351))
	  ->  Bitmap Index Scan on k_5  (cost=0.00..5.43 rows=100 width=0)
	        Index Cond: ((k >= 5081251) AND (k <= 5081351))

table 6 : explain SELECT k, c FROM sbtest6 WHERE k BETWEEN 5081251 AND 5081351
	Bitmap Heap Scan on sbtest6  (cost=5.49..413.00 rows=103 width=125)
	  Recheck Cond: ((k >= 5081251) AND (k <= 5081351))
	  ->  Bitmap Index Scan on k_6  (cost=0.00..5.46 rows=103 width=0)
	        Index Cond: ((k >= 5081251) AND (k <= 5081351))

table 7 : explain SELECT k, c FROM sbtest7 WHERE k BETWEEN 5081251 AND 5081351
	Bitmap Heap Scan on sbtest7  (cost=5.49..413.00 rows=103 width=125)
	  Recheck Cond: ((k >= 5081251) AND (k <= 5081351))
	  ->  Bitmap Index Scan on k_7  (cost=0.00..5.46 rows=103 width=0)
	        Index Cond: ((k >= 5081251) AND (k <= 5081351))

table 8 : explain SELECT k, c FROM sbtest8 WHERE k BETWEEN 5081251 AND 5081351
	Bitmap Heap Scan on sbtest8  (cost=5.56..440.56 rows=110 width=125)
	  Recheck Cond: ((k >= 5081251) AND (k <= 5081351))
	  ->  Bitmap Index Scan on k_8  (cost=0.00..5.53 rows=110 width=0)
	        Index Cond: ((k >= 5081251) AND (k <= 5081351))

explain: for range-notcovered :: explain SELECT k, c FROM sbtest%d WHERE k BETWEEN 5081251 AND 5081351
for range-notcovered
table 1 : explain SELECT k, c FROM sbtest1 WHERE k BETWEEN 4799196 AND 4799296
	Bitmap Heap Scan on sbtest1  (cost=5.49..413.00 rows=103 width=125)
	  Recheck Cond: ((k >= 4799196) AND (k <= 4799296))
	  ->  Bitmap Index Scan on k_1  (cost=0.00..5.46 rows=103 width=0)
	        Index Cond: ((k >= 4799196) AND (k <= 4799296))

table 2 : explain SELECT k, c FROM sbtest2 WHERE k BETWEEN 4799196 AND 4799296
	Bitmap Heap Scan on sbtest2  (cost=5.61..460.22 rows=115 width=125)
	  Recheck Cond: ((k >= 4799196) AND (k <= 4799296))
	  ->  Bitmap Index Scan on k_2  (cost=0.00..5.58 rows=115 width=0)
	        Index Cond: ((k >= 4799196) AND (k <= 4799296))

table 3 : explain SELECT k, c FROM sbtest3 WHERE k BETWEEN 4799196 AND 4799296
	Bitmap Heap Scan on sbtest3  (cost=5.52..424.81 rows=106 width=125)
	  Recheck Cond: ((k >= 4799196) AND (k <= 4799296))
	  ->  Bitmap Index Scan on k_3  (cost=0.00..5.50 rows=106 width=0)
	        Index Cond: ((k >= 4799196) AND (k <= 4799296))

table 4 : explain SELECT k, c FROM sbtest4 WHERE k BETWEEN 4799196 AND 4799296
	Bitmap Heap Scan on sbtest4  (cost=5.37..365.72 rows=91 width=125)
	  Recheck Cond: ((k >= 4799196) AND (k <= 4799296))
	  ->  Bitmap Index Scan on k_4  (cost=0.00..5.34 rows=91 width=0)
	        Index Cond: ((k >= 4799196) AND (k <= 4799296))

table 5 : explain SELECT k, c FROM sbtest5 WHERE k BETWEEN 4799196 AND 4799296
	Bitmap Heap Scan on sbtest5  (cost=5.56..440.56 rows=110 width=125)
	  Recheck Cond: ((k >= 4799196) AND (k <= 4799296))
	  ->  Bitmap Index Scan on k_5  (cost=0.00..5.53 rows=110 width=0)
	        Index Cond: ((k >= 4799196) AND (k <= 4799296))

table 6 : explain SELECT k, c FROM sbtest6 WHERE k BETWEEN 4799196 AND 4799296
	Bitmap Heap Scan on sbtest6  (cost=5.49..413.00 rows=103 width=125)
	  Recheck Cond: ((k >= 4799196) AND (k <= 4799296))
	  ->  Bitmap Index Scan on k_6  (cost=0.00..5.46 rows=103 width=0)
	        Index Cond: ((k >= 4799196) AND (k <= 4799296))

table 7 : explain SELECT k, c FROM sbtest7 WHERE k BETWEEN 4799196 AND 4799296
	Bitmap Heap Scan on sbtest7  (cost=5.45..397.25 rows=99 width=125)
	  Recheck Cond: ((k >= 4799196) AND (k <= 4799296))
	  ->  Bitmap Index Scan on k_7  (cost=0.00..5.42 rows=99 width=0)
	        Index Cond: ((k >= 4799196) AND (k <= 4799296))

table 8 : explain SELECT k, c FROM sbtest8 WHERE k BETWEEN 4799196 AND 4799296
	Bitmap Heap Scan on sbtest8  (cost=5.55..436.62 rows=109 width=125)
	  Recheck Cond: ((k >= 4799196) AND (k <= 4799296))
	  ->  Bitmap Index Scan on k_8  (cost=0.00..5.52 rows=109 width=0)
	        Index Cond: ((k >= 4799196) AND (k <= 4799296))

for range-notcovered
table 1 : explain SELECT k, c FROM sbtest1 WHERE k BETWEEN 4091589 AND 4091689
	Bitmap Heap Scan on sbtest1  (cost=5.41..381.49 rows=95 width=125)
	  Recheck Cond: ((k >= 4091589) AND (k <= 4091689))
	  ->  Bitmap Index Scan on k_1  (cost=0.00..5.38 rows=95 width=0)
	        Index Cond: ((k >= 4091589) AND (k <= 4091689))

table 2 : explain SELECT k, c FROM sbtest2 WHERE k BETWEEN 4091589 AND 4091689
	Bitmap Heap Scan on sbtest2  (cost=5.48..409.07 rows=102 width=125)
	  Recheck Cond: ((k >= 4091589) AND (k <= 4091689))
	  ->  Bitmap Index Scan on k_2  (cost=0.00..5.45 rows=102 width=0)
	        Index Cond: ((k >= 4091589) AND (k <= 4091689))

table 3 : explain SELECT k, c FROM sbtest3 WHERE k BETWEEN 4091589 AND 4091689
	Bitmap Heap Scan on sbtest3  (cost=5.43..389.37 rows=97 width=125)
	  Recheck Cond: ((k >= 4091589) AND (k <= 4091689))
	  ->  Bitmap Index Scan on k_3  (cost=0.00..5.40 rows=97 width=0)
	        Index Cond: ((k >= 4091589) AND (k <= 4091689))

table 4 : explain SELECT k, c FROM sbtest4 WHERE k BETWEEN 4091589 AND 4091689
	Bitmap Heap Scan on sbtest4  (cost=5.44..393.31 rows=98 width=125)
	  Recheck Cond: ((k >= 4091589) AND (k <= 4091689))
	  ->  Bitmap Index Scan on k_4  (cost=0.00..5.42 rows=98 width=0)
	        Index Cond: ((k >= 4091589) AND (k <= 4091689))

table 5 : explain SELECT k, c FROM sbtest5 WHERE k BETWEEN 4091589 AND 4091689
	Bitmap Heap Scan on sbtest5  (cost=5.48..409.07 rows=102 width=125)
	  Recheck Cond: ((k >= 4091589) AND (k <= 4091689))
	  ->  Bitmap Index Scan on k_5  (cost=0.00..5.45 rows=102 width=0)
	        Index Cond: ((k >= 4091589) AND (k <= 4091689))

table 6 : explain SELECT k, c FROM sbtest6 WHERE k BETWEEN 4091589 AND 4091689
	Bitmap Heap Scan on sbtest6  (cost=5.43..389.37 rows=97 width=125)
	  Recheck Cond: ((k >= 4091589) AND (k <= 4091689))
	  ->  Bitmap Index Scan on k_6  (cost=0.00..5.40 rows=97 width=0)
	        Index Cond: ((k >= 4091589) AND (k <= 4091689))

table 7 : explain SELECT k, c FROM sbtest7 WHERE k BETWEEN 4091589 AND 4091689
	Bitmap Heap Scan on sbtest7  (cost=5.50..416.94 rows=104 width=125)
	  Recheck Cond: ((k >= 4091589) AND (k <= 4091689))
	  ->  Bitmap Index Scan on k_7  (cost=0.00..5.47 rows=104 width=0)
	        Index Cond: ((k >= 4091589) AND (k <= 4091689))

table 8 : explain SELECT k, c FROM sbtest8 WHERE k BETWEEN 4091589 AND 4091689
	Bitmap Heap Scan on sbtest8  (cost=5.51..420.88 rows=105 width=125)
	  Recheck Cond: ((k >= 4091589) AND (k <= 4091689))
	  ->  Bitmap Index Scan on k_8  (cost=0.00..5.48 rows=105 width=0)
	        Index Cond: ((k >= 4091589) AND (k <= 4091689))

explain: for range-notcovered :: explain SELECT k, c FROM sbtest%d WHERE k BETWEEN 1618231 AND 1618331
for range-notcovered
table 1 : explain SELECT k, c FROM sbtest1 WHERE k BETWEEN 3182017 AND 3182117
	Bitmap Heap Scan on sbtest1  (cost=5.51..420.88 rows=105 width=125)
	  Recheck Cond: ((k >= 3182017) AND (k <= 3182117))
	  ->  Bitmap Index Scan on k_1  (cost=0.00..5.48 rows=105 width=0)
	        Index Cond: ((k >= 3182017) AND (k <= 3182117))

table 2 : explain SELECT k, c FROM sbtest2 WHERE k BETWEEN 3182017 AND 3182117
	Bitmap Heap Scan on sbtest2  (cost=5.48..409.07 rows=102 width=125)
	  Recheck Cond: ((k >= 3182017) AND (k <= 3182117))
	  ->  Bitmap Index Scan on k_2  (cost=0.00..5.45 rows=102 width=0)
	        Index Cond: ((k >= 3182017) AND (k <= 3182117))

table 3 : explain SELECT k, c FROM sbtest3 WHERE k BETWEEN 3182017 AND 3182117
	Bitmap Heap Scan on sbtest3  (cost=5.44..393.31 rows=98 width=125)
	  Recheck Cond: ((k >= 3182017) AND (k <= 3182117))
	  ->  Bitmap Index Scan on k_3  (cost=0.00..5.42 rows=98 width=0)
	        Index Cond: ((k >= 3182017) AND (k <= 3182117))

table 4 : explain SELECT k, c FROM sbtest4 WHERE k BETWEEN 3182017 AND 3182117
	Bitmap Heap Scan on sbtest4  (cost=5.44..393.31 rows=98 width=125)
	  Recheck Cond: ((k >= 3182017) AND (k <= 3182117))
	  ->  Bitmap Index Scan on k_4  (cost=0.00..5.42 rows=98 width=0)
	        Index Cond: ((k >= 3182017) AND (k <= 3182117))

table 5 : explain SELECT k, c FROM sbtest5 WHERE k BETWEEN 3182017 AND 3182117
	Bitmap Heap Scan on sbtest5  (cost=5.55..436.62 rows=109 width=125)
	  Recheck Cond: ((k >= 3182017) AND (k <= 3182117))
	  ->  Bitmap Index Scan on k_5  (cost=0.00..5.52 rows=109 width=0)
	        Index Cond: ((k >= 3182017) AND (k <= 3182117))

table 6 : explain SELECT k, c FROM sbtest6 WHERE k BETWEEN 3182017 AND 3182117
	Bitmap Heap Scan on sbtest6  (cost=5.59..452.36 rows=113 width=125)
	  Recheck Cond: ((k >= 3182017) AND (k <= 3182117))
	  ->  Bitmap Index Scan on k_6  (cost=0.00..5.56 rows=113 width=0)
	        Index Cond: ((k >= 3182017) AND (k <= 3182117))

table 7 : explain SELECT k, c FROM sbtest7 WHERE k BETWEEN 3182017 AND 3182117
	Bitmap Heap Scan on sbtest7  (cost=5.44..393.31 rows=98 width=125)
	  Recheck Cond: ((k >= 3182017) AND (k <= 3182117))
	  ->  Bitmap Index Scan on k_7  (cost=0.00..5.42 rows=98 width=0)
	        Index Cond: ((k >= 3182017) AND (k <= 3182117))

table 8 : explain SELECT k, c FROM sbtest8 WHERE k BETWEEN 3182017 AND 3182117
	Bitmap Heap Scan on sbtest8  (cost=5.47..405.13 rows=101 width=125)
	  Recheck Cond: ((k >= 3182017) AND (k <= 3182117))
	  ->  Bitmap Index Scan on k_8  (cost=0.00..5.44 rows=101 width=0)
	        Index Cond: ((k >= 3182017) AND (k <= 3182117))

explain: for range-notcovered :: explain SELECT k, c FROM sbtest%d WHERE k BETWEEN 5963009 AND 5963109
for range-notcovered
table 1 : explain SELECT k, c FROM sbtest1 WHERE k BETWEEN 6306969 AND 6307069
	Bitmap Heap Scan on sbtest1  (cost=5.48..409.07 rows=102 width=125)
	  Recheck Cond: ((k >= 6306969) AND (k <= 6307069))
	  ->  Bitmap Index Scan on k_1  (cost=0.00..5.45 rows=102 width=0)
	        Index Cond: ((k >= 6306969) AND (k <= 6307069))

table 2 : explain SELECT k, c FROM sbtest2 WHERE k BETWEEN 6306969 AND 6307069
	Bitmap Heap Scan on sbtest2  (cost=5.53..428.75 rows=107 width=125)
	  Recheck Cond: ((k >= 6306969) AND (k <= 6307069))
	  ->  Bitmap Index Scan on k_2  (cost=0.00..5.50 rows=107 width=0)
	        Index Cond: ((k >= 6306969) AND (k <= 6307069))

table 3 : explain SELECT k, c FROM sbtest3 WHERE k BETWEEN 6306969 AND 6307069
	Bitmap Heap Scan on sbtest3  (cost=5.43..389.37 rows=97 width=125)
	  Recheck Cond: ((k >= 6306969) AND (k <= 6307069))
	  ->  Bitmap Index Scan on k_3  (cost=0.00..5.40 rows=97 width=0)
	        Index Cond: ((k >= 6306969) AND (k <= 6307069))

table 4 : explain SELECT k, c FROM sbtest4 WHERE k BETWEEN 6306969 AND 6307069
	Bitmap Heap Scan on sbtest4  (cost=5.49..413.00 rows=103 width=125)
	  Recheck Cond: ((k >= 6306969) AND (k <= 6307069))
	  ->  Bitmap Index Scan on k_4  (cost=0.00..5.46 rows=103 width=0)
	        Index Cond: ((k >= 6306969) AND (k <= 6307069))

table 5 : explain SELECT k, c FROM sbtest5 WHERE k BETWEEN 6306969 AND 6307069
	Bitmap Heap Scan on sbtest5  (cost=5.38..369.67 rows=92 width=125)
	  Recheck Cond: ((k >= 6306969) AND (k <= 6307069))
	  ->  Bitmap Index Scan on k_5  (cost=0.00..5.35 rows=92 width=0)
	        Index Cond: ((k >= 6306969) AND (k <= 6307069))

table 6 : explain SELECT k, c FROM sbtest6 WHERE k BETWEEN 6306969 AND 6307069
	Bitmap Heap Scan on sbtest6  (cost=5.52..424.81 rows=106 width=125)
	  Recheck Cond: ((k >= 6306969) AND (k <= 6307069))
	  ->  Bitmap Index Scan on k_6  (cost=0.00..5.50 rows=106 width=0)
	        Index Cond: ((k >= 6306969) AND (k <= 6307069))

table 7 : explain SELECT k, c FROM sbtest7 WHERE k BETWEEN 6306969 AND 6307069
	Bitmap Heap Scan on sbtest7  (cost=5.50..416.94 rows=104 width=125)
	  Recheck Cond: ((k >= 6306969) AND (k <= 6307069))
	  ->  Bitmap Index Scan on k_7  (cost=0.00..5.47 rows=104 width=0)
	        Index Cond: ((k >= 6306969) AND (k <= 6307069))

table 8 : explain SELECT k, c FROM sbtest8 WHERE k BETWEEN 6306969 AND 6307069
	Bitmap Heap Scan on sbtest8  (cost=5.54..432.69 rows=108 width=125)
	  Recheck Cond: ((k >= 6306969) AND (k <= 6307069))
	  ->  Bitmap Index Scan on k_8  (cost=0.00..5.51 rows=108 width=0)
	        Index Cond: ((k >= 6306969) AND (k <= 6307069))

for range-notcovered
table 1 : explain SELECT k, c FROM sbtest1 WHERE k BETWEEN 5081251 AND 5081351
	Bitmap Heap Scan on sbtest1  (cost=5.39..373.61 rows=93 width=125)
	  Recheck Cond: ((k >= 5081251) AND (k <= 5081351))
	  ->  Bitmap Index Scan on k_1  (cost=0.00..5.36 rows=93 width=0)
	        Index Cond: ((k >= 5081251) AND (k <= 5081351))

table 2 : explain SELECT k, c FROM sbtest2 WHERE k BETWEEN 5081251 AND 5081351
	Bitmap Heap Scan on sbtest2  (cost=5.45..397.25 rows=99 width=125)
	  Recheck Cond: ((k >= 5081251) AND (k <= 5081351))
	  ->  Bitmap Index Scan on k_2  (cost=0.00..5.42 rows=99 width=0)
	        Index Cond: ((k >= 5081251) AND (k <= 5081351))

table 3 : explain SELECT k, c FROM sbtest3 WHERE k BETWEEN 5081251 AND 5081351
	Bitmap Heap Scan on sbtest3  (cost=5.51..420.88 rows=105 width=125)
	  Recheck Cond: ((k >= 5081251) AND (k <= 5081351))
	  ->  Bitmap Index Scan on k_3  (cost=0.00..5.48 rows=105 width=0)
	        Index Cond: ((k >= 5081251) AND (k <= 5081351))

table 4 : explain SELECT k, c FROM sbtest4 WHERE k BETWEEN 5081251 AND 5081351
	Bitmap Heap Scan on sbtest4  (cost=5.55..436.62 rows=109 width=125)
	  Recheck Cond: ((k >= 5081251) AND (k <= 5081351))
	  ->  Bitmap Index Scan on k_4  (cost=0.00..5.52 rows=109 width=0)
	        Index Cond: ((k >= 5081251) AND (k <= 5081351))

table 5 : explain SELECT k, c FROM sbtest5 WHERE k BETWEEN 5081251 AND 5081351
	Bitmap Heap Scan on sbtest5  (cost=5.46..401.19 rows=100 width=125)
	  Recheck Cond: ((k >= 5081251) AND (k <= 5081351))
	  ->  Bitmap Index Scan on k_5  (cost=0.00..5.43 rows=100 width=0)
	        Index Cond: ((k >= 5081251) AND (k <= 5081351))

table 6 : explain SELECT k, c FROM sbtest6 WHERE k BETWEEN 5081251 AND 5081351
	Bitmap Heap Scan on sbtest6  (cost=5.49..413.00 rows=103 width=125)
	  Recheck Cond: ((k >= 5081251) AND (k <= 5081351))
	  ->  Bitmap Index Scan on k_6  (cost=0.00..5.46 rows=103 width=0)
	        Index Cond: ((k >= 5081251) AND (k <= 5081351))

table 7 : explain SELECT k, c FROM sbtest7 WHERE k BETWEEN 5081251 AND 5081351
	Bitmap Heap Scan on sbtest7  (cost=5.49..413.00 rows=103 width=125)
	  Recheck Cond: ((k >= 5081251) AND (k <= 5081351))
	  ->  Bitmap Index Scan on k_7  (cost=0.00..5.46 rows=103 width=0)
	        Index Cond: ((k >= 5081251) AND (k <= 5081351))

table 8 : explain SELECT k, c FROM sbtest8 WHERE k BETWEEN 5081251 AND 5081351
	Bitmap Heap Scan on sbtest8  (cost=5.56..440.56 rows=110 width=125)
	  Recheck Cond: ((k >= 5081251) AND (k <= 5081351))
	  ->  Bitmap Index Scan on k_8  (cost=0.00..5.53 rows=110 width=0)
	        Index Cond: ((k >= 5081251) AND (k <= 5081351))

explain: for range-notcovered :: explain SELECT k, c FROM sbtest%d WHERE k BETWEEN 5548879 AND 5548979
explain: for range-notcovered :: explain SELECT k, c FROM sbtest%d WHERE k BETWEEN 6306969 AND 6307069
explain: for range-notcovered :: explain SELECT k, c FROM sbtest%d WHERE k BETWEEN 5081251 AND 5081351
for range-notcovered
table 1 : explain SELECT k, c FROM sbtest1 WHERE k BETWEEN 4504615 AND 4504715
	Bitmap Heap Scan on sbtest1  (cost=5.41..381.49 rows=95 width=125)
	  Recheck Cond: ((k >= 4504615) AND (k <= 4504715))
	  ->  Bitmap Index Scan on k_1  (cost=0.00..5.38 rows=95 width=0)
	        Index Cond: ((k >= 4504615) AND (k <= 4504715))

table 2 : explain SELECT k, c FROM sbtest2 WHERE k BETWEEN 4504615 AND 4504715
	Bitmap Heap Scan on sbtest2  (cost=5.51..420.88 rows=105 width=125)
	  Recheck Cond: ((k >= 4504615) AND (k <= 4504715))
	  ->  Bitmap Index Scan on k_2  (cost=0.00..5.48 rows=105 width=0)
	        Index Cond: ((k >= 4504615) AND (k <= 4504715))

table 3 : explain SELECT k, c FROM sbtest3 WHERE k BETWEEN 4504615 AND 4504715
	Bitmap Heap Scan on sbtest3  (cost=5.40..377.55 rows=94 width=125)
	  Recheck Cond: ((k >= 4504615) AND (k <= 4504715))
	  ->  Bitmap Index Scan on k_3  (cost=0.00..5.38 rows=94 width=0)
	        Index Cond: ((k >= 4504615) AND (k <= 4504715))

table 4 : explain SELECT k, c FROM sbtest4 WHERE k BETWEEN 4504615 AND 4504715
	Bitmap Heap Scan on sbtest4  (cost=5.40..377.55 rows=94 width=125)
	  Recheck Cond: ((k >= 4504615) AND (k <= 4504715))
	  ->  Bitmap Index Scan on k_4  (cost=0.00..5.38 rows=94 width=0)
	        Index Cond: ((k >= 4504615) AND (k <= 4504715))

table 5 : explain SELECT k, c FROM sbtest5 WHERE k BETWEEN 4504615 AND 4504715
	Bitmap Heap Scan on sbtest5  (cost=5.56..440.56 rows=110 width=125)
	  Recheck Cond: ((k >= 4504615) AND (k <= 4504715))
	  ->  Bitmap Index Scan on k_5  (cost=0.00..5.53 rows=110 width=0)
	        Index Cond: ((k >= 4504615) AND (k <= 4504715))

table 6 : explain SELECT k, c FROM sbtest6 WHERE k BETWEEN 4504615 AND 4504715
	Bitmap Heap Scan on sbtest6  (cost=5.56..440.56 rows=110 width=125)
	  Recheck Cond: ((k >= 4504615) AND (k <= 4504715))
	  ->  Bitmap Index Scan on k_6  (cost=0.00..5.53 rows=110 width=0)
	        Index Cond: ((k >= 4504615) AND (k <= 4504715))

table 7 : explain SELECT k, c FROM sbtest7 WHERE k BETWEEN 4504615 AND 4504715
	Bitmap Heap Scan on sbtest7  (cost=5.54..432.69 rows=108 width=125)
	  Recheck Cond: ((k >= 4504615) AND (k <= 4504715))
	  ->  Bitmap Index Scan on k_7  (cost=0.00..5.51 rows=108 width=0)
	        Index Cond: ((k >= 4504615) AND (k <= 4504715))

table 8 : explain SELECT k, c FROM sbtest8 WHERE k BETWEEN 4504615 AND 4504715
	Bitmap Heap Scan on sbtest8  (cost=5.49..413.00 rows=103 width=125)
	  Recheck Cond: ((k >= 4504615) AND (k <= 4504715))
	  ->  Bitmap Index Scan on k_8  (cost=0.00..5.46 rows=103 width=0)
	        Index Cond: ((k >= 4504615) AND (k <= 4504715))

explain: for range-notcovered :: explain SELECT k, c FROM sbtest%d WHERE k BETWEEN 4504615 AND 4504715
explain: for range-notcovered :: explain SELECT k, c FROM sbtest%d WHERE k BETWEEN 6815225 AND 6815325
for range-notcovered
table 1 : explain SELECT k, c FROM sbtest1 WHERE k BETWEEN 5081251 AND 5081351
	Bitmap Heap Scan on sbtest1  (cost=5.39..373.61 rows=93 width=125)
	  Recheck Cond: ((k >= 5081251) AND (k <= 5081351))
	  ->  Bitmap Index Scan on k_1  (cost=0.00..5.36 rows=93 width=0)
	        Index Cond: ((k >= 5081251) AND (k <= 5081351))

table 2 : explain SELECT k, c FROM sbtest2 WHERE k BETWEEN 5081251 AND 5081351
	Bitmap Heap Scan on sbtest2  (cost=5.45..397.25 rows=99 width=125)
	  Recheck Cond: ((k >= 5081251) AND (k <= 5081351))
	  ->  Bitmap Index Scan on k_2  (cost=0.00..5.42 rows=99 width=0)
	        Index Cond: ((k >= 5081251) AND (k <= 5081351))

table 3 : explain SELECT k, c FROM sbtest3 WHERE k BETWEEN 5081251 AND 5081351
	Bitmap Heap Scan on sbtest3  (cost=5.51..420.88 rows=105 width=125)
	  Recheck Cond: ((k >= 5081251) AND (k <= 5081351))
	  ->  Bitmap Index Scan on k_3  (cost=0.00..5.48 rows=105 width=0)
	        Index Cond: ((k >= 5081251) AND (k <= 5081351))

table 4 : explain SELECT k, c FROM sbtest4 WHERE k BETWEEN 5081251 AND 5081351
	Bitmap Heap Scan on sbtest4  (cost=5.55..436.62 rows=109 width=125)
	  Recheck Cond: ((k >= 5081251) AND (k <= 5081351))
	  ->  Bitmap Index Scan on k_4  (cost=0.00..5.52 rows=109 width=0)
	        Index Cond: ((k >= 5081251) AND (k <= 5081351))

table 5 : explain SELECT k, c FROM sbtest5 WHERE k BETWEEN 5081251 AND 5081351
	Bitmap Heap Scan on sbtest5  (cost=5.46..401.19 rows=100 width=125)
	  Recheck Cond: ((k >= 5081251) AND (k <= 5081351))
	  ->  Bitmap Index Scan on k_5  (cost=0.00..5.43 rows=100 width=0)
	        Index Cond: ((k >= 5081251) AND (k <= 5081351))

table 6 : explain SELECT k, c FROM sbtest6 WHERE k BETWEEN 5081251 AND 5081351
	Bitmap Heap Scan on sbtest6  (cost=5.49..413.00 rows=103 width=125)
	  Recheck Cond: ((k >= 5081251) AND (k <= 5081351))
	  ->  Bitmap Index Scan on k_6  (cost=0.00..5.46 rows=103 width=0)
	        Index Cond: ((k >= 5081251) AND (k <= 5081351))

table 7 : explain SELECT k, c FROM sbtest7 WHERE k BETWEEN 5081251 AND 5081351
	Bitmap Heap Scan on sbtest7  (cost=5.49..413.00 rows=103 width=125)
	  Recheck Cond: ((k >= 5081251) AND (k <= 5081351))
	  ->  Bitmap Index Scan on k_7  (cost=0.00..5.46 rows=103 width=0)
	        Index Cond: ((k >= 5081251) AND (k <= 5081351))

table 8 : explain SELECT k, c FROM sbtest8 WHERE k BETWEEN 5081251 AND 5081351
	Bitmap Heap Scan on sbtest8  (cost=5.56..440.56 rows=110 width=125)
	  Recheck Cond: ((k >= 5081251) AND (k <= 5081351))
	  ->  Bitmap Index Scan on k_8  (cost=0.00..5.53 rows=110 width=0)
	        Index Cond: ((k >= 5081251) AND (k <= 5081351))

for range-notcovered
table 1 : explain SELECT k, c FROM sbtest1 WHERE k BETWEEN 6306969 AND 6307069
	Bitmap Heap Scan on sbtest1  (cost=5.48..409.07 rows=102 width=125)
	  Recheck Cond: ((k >= 6306969) AND (k <= 6307069))
	  ->  Bitmap Index Scan on k_1  (cost=0.00..5.45 rows=102 width=0)
	        Index Cond: ((k >= 6306969) AND (k <= 6307069))

table 2 : explain SELECT k, c FROM sbtest2 WHERE k BETWEEN 6306969 AND 6307069
	Bitmap Heap Scan on sbtest2  (cost=5.53..428.75 rows=107 width=125)
	  Recheck Cond: ((k >= 6306969) AND (k <= 6307069))
	  ->  Bitmap Index Scan on k_2  (cost=0.00..5.50 rows=107 width=0)
	        Index Cond: ((k >= 6306969) AND (k <= 6307069))

table 3 : explain SELECT k, c FROM sbtest3 WHERE k BETWEEN 6306969 AND 6307069
	Bitmap Heap Scan on sbtest3  (cost=5.43..389.37 rows=97 width=125)
	  Recheck Cond: ((k >= 6306969) AND (k <= 6307069))
	  ->  Bitmap Index Scan on k_3  (cost=0.00..5.40 rows=97 width=0)
	        Index Cond: ((k >= 6306969) AND (k <= 6307069))

table 4 : explain SELECT k, c FROM sbtest4 WHERE k BETWEEN 6306969 AND 6307069
	Bitmap Heap Scan on sbtest4  (cost=5.49..413.00 rows=103 width=125)
	  Recheck Cond: ((k >= 6306969) AND (k <= 6307069))
	  ->  Bitmap Index Scan on k_4  (cost=0.00..5.46 rows=103 width=0)
	        Index Cond: ((k >= 6306969) AND (k <= 6307069))

table 5 : explain SELECT k, c FROM sbtest5 WHERE k BETWEEN 6306969 AND 6307069
	Bitmap Heap Scan on sbtest5  (cost=5.38..369.67 rows=92 width=125)
	  Recheck Cond: ((k >= 6306969) AND (k <= 6307069))
	  ->  Bitmap Index Scan on k_5  (cost=0.00..5.35 rows=92 width=0)
	        Index Cond: ((k >= 6306969) AND (k <= 6307069))

table 6 : explain SELECT k, c FROM sbtest6 WHERE k BETWEEN 6306969 AND 6307069
	Bitmap Heap Scan on sbtest6  (cost=5.52..424.81 rows=106 width=125)
	  Recheck Cond: ((k >= 6306969) AND (k <= 6307069))
	  ->  Bitmap Index Scan on k_6  (cost=0.00..5.50 rows=106 width=0)
	        Index Cond: ((k >= 6306969) AND (k <= 6307069))

table 7 : explain SELECT k, c FROM sbtest7 WHERE k BETWEEN 6306969 AND 6307069
	Bitmap Heap Scan on sbtest7  (cost=5.50..416.94 rows=104 width=125)
	  Recheck Cond: ((k >= 6306969) AND (k <= 6307069))
	  ->  Bitmap Index Scan on k_7  (cost=0.00..5.47 rows=104 width=0)
	        Index Cond: ((k >= 6306969) AND (k <= 6307069))

table 8 : explain SELECT k, c FROM sbtest8 WHERE k BETWEEN 6306969 AND 6307069
	Bitmap Heap Scan on sbtest8  (cost=5.54..432.69 rows=108 width=125)
	  Recheck Cond: ((k >= 6306969) AND (k <= 6307069))
	  ->  Bitmap Index Scan on k_8  (cost=0.00..5.51 rows=108 width=0)
	        Index Cond: ((k >= 6306969) AND (k <= 6307069))

explain: for range-notcovered :: explain SELECT k, c FROM sbtest%d WHERE k BETWEEN 5081251 AND 5081351
explain: for range-notcovered :: explain SELECT k, c FROM sbtest%d WHERE k BETWEEN 6306969 AND 6307069
for range-notcovered
table 1 : explain SELECT k, c FROM sbtest1 WHERE k BETWEEN 4504615 AND 4504715
	Bitmap Heap Scan on sbtest1  (cost=5.41..381.49 rows=95 width=125)
	  Recheck Cond: ((k >= 4504615) AND (k <= 4504715))
	  ->  Bitmap Index Scan on k_1  (cost=0.00..5.38 rows=95 width=0)
	        Index Cond: ((k >= 4504615) AND (k <= 4504715))

table 2 : explain SELECT k, c FROM sbtest2 WHERE k BETWEEN 4504615 AND 4504715
	Bitmap Heap Scan on sbtest2  (cost=5.51..420.88 rows=105 width=125)
	  Recheck Cond: ((k >= 4504615) AND (k <= 4504715))
	  ->  Bitmap Index Scan on k_2  (cost=0.00..5.48 rows=105 width=0)
	        Index Cond: ((k >= 4504615) AND (k <= 4504715))

table 3 : explain SELECT k, c FROM sbtest3 WHERE k BETWEEN 4504615 AND 4504715
	Bitmap Heap Scan on sbtest3  (cost=5.40..377.55 rows=94 width=125)
	  Recheck Cond: ((k >= 4504615) AND (k <= 4504715))
	  ->  Bitmap Index Scan on k_3  (cost=0.00..5.38 rows=94 width=0)
	        Index Cond: ((k >= 4504615) AND (k <= 4504715))

table 4 : explain SELECT k, c FROM sbtest4 WHERE k BETWEEN 4504615 AND 4504715
	Bitmap Heap Scan on sbtest4  (cost=5.40..377.55 rows=94 width=125)
	  Recheck Cond: ((k >= 4504615) AND (k <= 4504715))
	  ->  Bitmap Index Scan on k_4  (cost=0.00..5.38 rows=94 width=0)
	        Index Cond: ((k >= 4504615) AND (k <= 4504715))

table 5 : explain SELECT k, c FROM sbtest5 WHERE k BETWEEN 4504615 AND 4504715
	Bitmap Heap Scan on sbtest5  (cost=5.56..440.56 rows=110 width=125)
	  Recheck Cond: ((k >= 4504615) AND (k <= 4504715))
	  ->  Bitmap Index Scan on k_5  (cost=0.00..5.53 rows=110 width=0)
	        Index Cond: ((k >= 4504615) AND (k <= 4504715))

table 6 : explain SELECT k, c FROM sbtest6 WHERE k BETWEEN 4504615 AND 4504715
	Bitmap Heap Scan on sbtest6  (cost=5.56..440.56 rows=110 width=125)
	  Recheck Cond: ((k >= 4504615) AND (k <= 4504715))
	  ->  Bitmap Index Scan on k_6  (cost=0.00..5.53 rows=110 width=0)
	        Index Cond: ((k >= 4504615) AND (k <= 4504715))

table 7 : explain SELECT k, c FROM sbtest7 WHERE k BETWEEN 4504615 AND 4504715
	Bitmap Heap Scan on sbtest7  (cost=5.54..432.69 rows=108 width=125)
	  Recheck Cond: ((k >= 4504615) AND (k <= 4504715))
	  ->  Bitmap Index Scan on k_7  (cost=0.00..5.51 rows=108 width=0)
	        Index Cond: ((k >= 4504615) AND (k <= 4504715))

table 8 : explain SELECT k, c FROM sbtest8 WHERE k BETWEEN 4504615 AND 4504715
	Bitmap Heap Scan on sbtest8  (cost=5.49..413.00 rows=103 width=125)
	  Recheck Cond: ((k >= 4504615) AND (k <= 4504715))
	  ->  Bitmap Index Scan on k_8  (cost=0.00..5.46 rows=103 width=0)
	        Index Cond: ((k >= 4504615) AND (k <= 4504715))

explain: for range-notcovered :: explain SELECT k, c FROM sbtest%d WHERE k BETWEEN 4504615 AND 4504715
for range-notcovered
table 1 : explain SELECT k, c FROM sbtest1 WHERE k BETWEEN 8149461 AND 8149561
	Bitmap Heap Scan on sbtest1  (cost=5.38..369.67 rows=92 width=125)
	  Recheck Cond: ((k >= 8149461) AND (k <= 8149561))
	  ->  Bitmap Index Scan on k_1  (cost=0.00..5.35 rows=92 width=0)
	        Index Cond: ((k >= 8149461) AND (k <= 8149561))

table 2 : explain SELECT k, c FROM sbtest2 WHERE k BETWEEN 8149461 AND 8149561
	Bitmap Heap Scan on sbtest2  (cost=5.44..393.31 rows=98 width=125)
	  Recheck Cond: ((k >= 8149461) AND (k <= 8149561))
	  ->  Bitmap Index Scan on k_2  (cost=0.00..5.42 rows=98 width=0)
	        Index Cond: ((k >= 8149461) AND (k <= 8149561))

table 3 : explain SELECT k, c FROM sbtest3 WHERE k BETWEEN 8149461 AND 8149561
	Bitmap Heap Scan on sbtest3  (cost=5.45..397.25 rows=99 width=125)
	  Recheck Cond: ((k >= 8149461) AND (k <= 8149561))
	  ->  Bitmap Index Scan on k_3  (cost=0.00..5.42 rows=99 width=0)
	        Index Cond: ((k >= 8149461) AND (k <= 8149561))

table 4 : explain SELECT k, c FROM sbtest4 WHERE k BETWEEN 8149461 AND 8149561
	Bitmap Heap Scan on sbtest4  (cost=5.42..385.43 rows=96 width=125)
	  Recheck Cond: ((k >= 8149461) AND (k <= 8149561))
	  ->  Bitmap Index Scan on k_4  (cost=0.00..5.39 rows=96 width=0)
	        Index Cond: ((k >= 8149461) AND (k <= 8149561))

table 5 : explain SELECT k, c FROM sbtest5 WHERE k BETWEEN 8149461 AND 8149561
	Bitmap Heap Scan on sbtest5  (cost=5.45..397.25 rows=99 width=125)
	  Recheck Cond: ((k >= 8149461) AND (k <= 8149561))
	  ->  Bitmap Index Scan on k_5  (cost=0.00..5.42 rows=99 width=0)
	        Index Cond: ((k >= 8149461) AND (k <= 8149561))

table 6 : explain SELECT k, c FROM sbtest6 WHERE k BETWEEN 8149461 AND 8149561
	Bitmap Heap Scan on sbtest6  (cost=5.46..401.19 rows=100 width=125)
	  Recheck Cond: ((k >= 8149461) AND (k <= 8149561))
	  ->  Bitmap Index Scan on k_6  (cost=0.00..5.43 rows=100 width=0)
	        Index Cond: ((k >= 8149461) AND (k <= 8149561))

table 7 : explain SELECT k, c FROM sbtest7 WHERE k BETWEEN 8149461 AND 8149561
	Bitmap Heap Scan on sbtest7  (cost=5.47..405.13 rows=101 width=125)
	  Recheck Cond: ((k >= 8149461) AND (k <= 8149561))
	  ->  Bitmap Index Scan on k_7  (cost=0.00..5.44 rows=101 width=0)
	        Index Cond: ((k >= 8149461) AND (k <= 8149561))

table 8 : explain SELECT k, c FROM sbtest8 WHERE k BETWEEN 8149461 AND 8149561
	Bitmap Heap Scan on sbtest8  (cost=5.49..413.00 rows=103 width=125)
	  Recheck Cond: ((k >= 8149461) AND (k <= 8149561))
	  ->  Bitmap Index Scan on k_8  (cost=0.00..5.46 rows=103 width=0)
	        Index Cond: ((k >= 8149461) AND (k <= 8149561))

for range-notcovered
table 1 : explain SELECT k, c FROM sbtest1 WHERE k BETWEEN 6630937 AND 6631037
	Bitmap Heap Scan on sbtest1  (cost=5.43..389.37 rows=97 width=125)
	  Recheck Cond: ((k >= 6630937) AND (k <= 6631037))
	  ->  Bitmap Index Scan on k_1  (cost=0.00..5.40 rows=97 width=0)
	        Index Cond: ((k >= 6630937) AND (k <= 6631037))

table 2 : explain SELECT k, c FROM sbtest2 WHERE k BETWEEN 6630937 AND 6631037
	Bitmap Heap Scan on sbtest2  (cost=5.50..416.94 rows=104 width=125)
	  Recheck Cond: ((k >= 6630937) AND (k <= 6631037))
	  ->  Bitmap Index Scan on k_2  (cost=0.00..5.47 rows=104 width=0)
	        Index Cond: ((k >= 6630937) AND (k <= 6631037))

table 3 : explain SELECT k, c FROM sbtest3 WHERE k BETWEEN 6630937 AND 6631037
	Bitmap Heap Scan on sbtest3  (cost=5.54..432.69 rows=108 width=125)
	  Recheck Cond: ((k >= 6630937) AND (k <= 6631037))
	  ->  Bitmap Index Scan on k_3  (cost=0.00..5.51 rows=108 width=0)
	        Index Cond: ((k >= 6630937) AND (k <= 6631037))

table 4 : explain SELECT k, c FROM sbtest4 WHERE k BETWEEN 6630937 AND 6631037
	Bitmap Heap Scan on sbtest4  (cost=5.54..432.69 rows=108 width=125)
	  Recheck Cond: ((k >= 6630937) AND (k <= 6631037))
	  ->  Bitmap Index Scan on k_4  (cost=0.00..5.51 rows=108 width=0)
	        Index Cond: ((k >= 6630937) AND (k <= 6631037))

table 5 : explain SELECT k, c FROM sbtest5 WHERE k BETWEEN 6630937 AND 6631037
	Bitmap Heap Scan on sbtest5  (cost=5.47..405.13 rows=101 width=125)
	  Recheck Cond: ((k >= 6630937) AND (k <= 6631037))
	  ->  Bitmap Index Scan on k_5  (cost=0.00..5.44 rows=101 width=0)
	        Index Cond: ((k >= 6630937) AND (k <= 6631037))

table 6 : explain SELECT k, c FROM sbtest6 WHERE k BETWEEN 6630937 AND 6631037
	Bitmap Heap Scan on sbtest6  (cost=5.50..416.94 rows=104 width=125)
	  Recheck Cond: ((k >= 6630937) AND (k <= 6631037))
	  ->  Bitmap Index Scan on k_6  (cost=0.00..5.47 rows=104 width=0)
	        Index Cond: ((k >= 6630937) AND (k <= 6631037))

table 7 : explain SELECT k, c FROM sbtest7 WHERE k BETWEEN 6630937 AND 6631037
	Bitmap Heap Scan on sbtest7  (cost=5.39..373.61 rows=93 width=125)
	  Recheck Cond: ((k >= 6630937) AND (k <= 6631037))
	  ->  Bitmap Index Scan on k_7  (cost=0.00..5.36 rows=93 width=0)
	        Index Cond: ((k >= 6630937) AND (k <= 6631037))

table 8 : explain SELECT k, c FROM sbtest8 WHERE k BETWEEN 6630937 AND 6631037
	Bitmap Heap Scan on sbtest8  (cost=5.41..381.49 rows=95 width=125)
	  Recheck Cond: ((k >= 6630937) AND (k <= 6631037))
	  ->  Bitmap Index Scan on k_8  (cost=0.00..5.38 rows=95 width=0)
	        Index Cond: ((k >= 6630937) AND (k <= 6631037))

for range-notcovered
table 1 : explain SELECT k, c FROM sbtest1 WHERE k BETWEEN 5081251 AND 5081351
	Bitmap Heap Scan on sbtest1  (cost=5.39..373.61 rows=93 width=125)
	  Recheck Cond: ((k >= 5081251) AND (k <= 5081351))
	  ->  Bitmap Index Scan on k_1  (cost=0.00..5.36 rows=93 width=0)
	        Index Cond: ((k >= 5081251) AND (k <= 5081351))

table 2 : explain SELECT k, c FROM sbtest2 WHERE k BETWEEN 5081251 AND 5081351
	Bitmap Heap Scan on sbtest2  (cost=5.45..397.25 rows=99 width=125)
	  Recheck Cond: ((k >= 5081251) AND (k <= 5081351))
	  ->  Bitmap Index Scan on k_2  (cost=0.00..5.42 rows=99 width=0)
	        Index Cond: ((k >= 5081251) AND (k <= 5081351))

table 3 : explain SELECT k, c FROM sbtest3 WHERE k BETWEEN 5081251 AND 5081351
	Bitmap Heap Scan on sbtest3  (cost=5.51..420.88 rows=105 width=125)
	  Recheck Cond: ((k >= 5081251) AND (k <= 5081351))
	  ->  Bitmap Index Scan on k_3  (cost=0.00..5.48 rows=105 width=0)
	        Index Cond: ((k >= 5081251) AND (k <= 5081351))

table 4 : explain SELECT k, c FROM sbtest4 WHERE k BETWEEN 5081251 AND 5081351
	Bitmap Heap Scan on sbtest4  (cost=5.55..436.62 rows=109 width=125)
	  Recheck Cond: ((k >= 5081251) AND (k <= 5081351))
	  ->  Bitmap Index Scan on k_4  (cost=0.00..5.52 rows=109 width=0)
	        Index Cond: ((k >= 5081251) AND (k <= 5081351))

table 5 : explain SELECT k, c FROM sbtest5 WHERE k BETWEEN 5081251 AND 5081351
	Bitmap Heap Scan on sbtest5  (cost=5.46..401.19 rows=100 width=125)
	  Recheck Cond: ((k >= 5081251) AND (k <= 5081351))
	  ->  Bitmap Index Scan on k_5  (cost=0.00..5.43 rows=100 width=0)
	        Index Cond: ((k >= 5081251) AND (k <= 5081351))

table 6 : explain SELECT k, c FROM sbtest6 WHERE k BETWEEN 5081251 AND 5081351
	Bitmap Heap Scan on sbtest6  (cost=5.49..413.00 rows=103 width=125)
	  Recheck Cond: ((k >= 5081251) AND (k <= 5081351))
	  ->  Bitmap Index Scan on k_6  (cost=0.00..5.46 rows=103 width=0)
	        Index Cond: ((k >= 5081251) AND (k <= 5081351))

table 7 : explain SELECT k, c FROM sbtest7 WHERE k BETWEEN 5081251 AND 5081351
	Bitmap Heap Scan on sbtest7  (cost=5.49..413.00 rows=103 width=125)
	  Recheck Cond: ((k >= 5081251) AND (k <= 5081351))
	  ->  Bitmap Index Scan on k_7  (cost=0.00..5.46 rows=103 width=0)
	        Index Cond: ((k >= 5081251) AND (k <= 5081351))

table 8 : explain SELECT k, c FROM sbtest8 WHERE k BETWEEN 5081251 AND 5081351
	Bitmap Heap Scan on sbtest8  (cost=5.56..440.56 rows=110 width=125)
	  Recheck Cond: ((k >= 5081251) AND (k <= 5081351))
	  ->  Bitmap Index Scan on k_8  (cost=0.00..5.53 rows=110 width=0)
	        Index Cond: ((k >= 5081251) AND (k <= 5081351))

for range-notcovered
table 1 : explain SELECT k, c FROM sbtest1 WHERE k BETWEEN 6306969 AND 6307069
	Bitmap Heap Scan on sbtest1  (cost=5.48..409.07 rows=102 width=125)
	  Recheck Cond: ((k >= 6306969) AND (k <= 6307069))
	  ->  Bitmap Index Scan on k_1  (cost=0.00..5.45 rows=102 width=0)
	        Index Cond: ((k >= 6306969) AND (k <= 6307069))

table 2 : explain SELECT k, c FROM sbtest2 WHERE k BETWEEN 6306969 AND 6307069
	Bitmap Heap Scan on sbtest2  (cost=5.53..428.75 rows=107 width=125)
	  Recheck Cond: ((k >= 6306969) AND (k <= 6307069))
	  ->  Bitmap Index Scan on k_2  (cost=0.00..5.50 rows=107 width=0)
	        Index Cond: ((k >= 6306969) AND (k <= 6307069))

table 3 : explain SELECT k, c FROM sbtest3 WHERE k BETWEEN 6306969 AND 6307069
	Bitmap Heap Scan on sbtest3  (cost=5.43..389.37 rows=97 width=125)
	  Recheck Cond: ((k >= 6306969) AND (k <= 6307069))
	  ->  Bitmap Index Scan on k_3  (cost=0.00..5.40 rows=97 width=0)
	        Index Cond: ((k >= 6306969) AND (k <= 6307069))

table 4 : explain SELECT k, c FROM sbtest4 WHERE k BETWEEN 6306969 AND 6307069
	Bitmap Heap Scan on sbtest4  (cost=5.49..413.00 rows=103 width=125)
	  Recheck Cond: ((k >= 6306969) AND (k <= 6307069))
	  ->  Bitmap Index Scan on k_4  (cost=0.00..5.46 rows=103 width=0)
	        Index Cond: ((k >= 6306969) AND (k <= 6307069))

table 5 : explain SELECT k, c FROM sbtest5 WHERE k BETWEEN 6306969 AND 6307069
	Bitmap Heap Scan on sbtest5  (cost=5.38..369.67 rows=92 width=125)
	  Recheck Cond: ((k >= 6306969) AND (k <= 6307069))
	  ->  Bitmap Index Scan on k_5  (cost=0.00..5.35 rows=92 width=0)
	        Index Cond: ((k >= 6306969) AND (k <= 6307069))

table 6 : explain SELECT k, c FROM sbtest6 WHERE k BETWEEN 6306969 AND 6307069
	Bitmap Heap Scan on sbtest6  (cost=5.52..424.81 rows=106 width=125)
	  Recheck Cond: ((k >= 6306969) AND (k <= 6307069))
	  ->  Bitmap Index Scan on k_6  (cost=0.00..5.50 rows=106 width=0)
	        Index Cond: ((k >= 6306969) AND (k <= 6307069))

table 7 : explain SELECT k, c FROM sbtest7 WHERE k BETWEEN 6306969 AND 6307069
	Bitmap Heap Scan on sbtest7  (cost=5.50..416.94 rows=104 width=125)
	  Recheck Cond: ((k >= 6306969) AND (k <= 6307069))
	  ->  Bitmap Index Scan on k_7  (cost=0.00..5.47 rows=104 width=0)
	        Index Cond: ((k >= 6306969) AND (k <= 6307069))

table 8 : explain SELECT k, c FROM sbtest8 WHERE k BETWEEN 6306969 AND 6307069
	Bitmap Heap Scan on sbtest8  (cost=5.54..432.69 rows=108 width=125)
	  Recheck Cond: ((k >= 6306969) AND (k <= 6307069))
	  ->  Bitmap Index Scan on k_8  (cost=0.00..5.51 rows=108 width=0)
	        Index Cond: ((k >= 6306969) AND (k <= 6307069))

explain: for range-notcovered :: explain SELECT k, c FROM sbtest%d WHERE k BETWEEN 2422586 AND 2422686
explain: for range-notcovered :: explain SELECT k, c FROM sbtest%d WHERE k BETWEEN 8149461 AND 8149561
explain: for range-notcovered :: explain SELECT k, c FROM sbtest%d WHERE k BETWEEN 5081251 AND 5081351
explain: for range-notcovered :: explain SELECT k, c FROM sbtest%d WHERE k BETWEEN 6306969 AND 6307069
for range-notcovered
table 1 : explain SELECT k, c FROM sbtest1 WHERE k BETWEEN 4504615 AND 4504715
	Bitmap Heap Scan on sbtest1  (cost=5.41..381.49 rows=95 width=125)
	  Recheck Cond: ((k >= 4504615) AND (k <= 4504715))
	  ->  Bitmap Index Scan on k_1  (cost=0.00..5.38 rows=95 width=0)
	        Index Cond: ((k >= 4504615) AND (k <= 4504715))

table 2 : explain SELECT k, c FROM sbtest2 WHERE k BETWEEN 4504615 AND 4504715
	Bitmap Heap Scan on sbtest2  (cost=5.51..420.88 rows=105 width=125)
	  Recheck Cond: ((k >= 4504615) AND (k <= 4504715))
	  ->  Bitmap Index Scan on k_2  (cost=0.00..5.48 rows=105 width=0)
	        Index Cond: ((k >= 4504615) AND (k <= 4504715))

table 3 : explain SELECT k, c FROM sbtest3 WHERE k BETWEEN 4504615 AND 4504715
	Bitmap Heap Scan on sbtest3  (cost=5.40..377.55 rows=94 width=125)
	  Recheck Cond: ((k >= 4504615) AND (k <= 4504715))
	  ->  Bitmap Index Scan on k_3  (cost=0.00..5.38 rows=94 width=0)
	        Index Cond: ((k >= 4504615) AND (k <= 4504715))

table 4 : explain SELECT k, c FROM sbtest4 WHERE k BETWEEN 4504615 AND 4504715
	Bitmap Heap Scan on sbtest4  (cost=5.40..377.55 rows=94 width=125)
	  Recheck Cond: ((k >= 4504615) AND (k <= 4504715))
	  ->  Bitmap Index Scan on k_4  (cost=0.00..5.38 rows=94 width=0)
	        Index Cond: ((k >= 4504615) AND (k <= 4504715))

table 5 : explain SELECT k, c FROM sbtest5 WHERE k BETWEEN 4504615 AND 4504715
	Bitmap Heap Scan on sbtest5  (cost=5.56..440.56 rows=110 width=125)
	  Recheck Cond: ((k >= 4504615) AND (k <= 4504715))
	  ->  Bitmap Index Scan on k_5  (cost=0.00..5.53 rows=110 width=0)
	        Index Cond: ((k >= 4504615) AND (k <= 4504715))

table 6 : explain SELECT k, c FROM sbtest6 WHERE k BETWEEN 4504615 AND 4504715
	Bitmap Heap Scan on sbtest6  (cost=5.56..440.56 rows=110 width=125)
	  Recheck Cond: ((k >= 4504615) AND (k <= 4504715))
	  ->  Bitmap Index Scan on k_6  (cost=0.00..5.53 rows=110 width=0)
	        Index Cond: ((k >= 4504615) AND (k <= 4504715))

table 7 : explain SELECT k, c FROM sbtest7 WHERE k BETWEEN 4504615 AND 4504715
	Bitmap Heap Scan on sbtest7  (cost=5.54..432.69 rows=108 width=125)
	  Recheck Cond: ((k >= 4504615) AND (k <= 4504715))
	  ->  Bitmap Index Scan on k_7  (cost=0.00..5.51 rows=108 width=0)
	        Index Cond: ((k >= 4504615) AND (k <= 4504715))

table 8 : explain SELECT k, c FROM sbtest8 WHERE k BETWEEN 4504615 AND 4504715
	Bitmap Heap Scan on sbtest8  (cost=5.49..413.00 rows=103 width=125)
	  Recheck Cond: ((k >= 4504615) AND (k <= 4504715))
	  ->  Bitmap Index Scan on k_8  (cost=0.00..5.46 rows=103 width=0)
	        Index Cond: ((k >= 4504615) AND (k <= 4504715))

explain: for range-notcovered :: explain SELECT k, c FROM sbtest%d WHERE k BETWEEN 6630937 AND 6631037
explain: for range-notcovered :: explain SELECT k, c FROM sbtest%d WHERE k BETWEEN 4504615 AND 4504715
explain: for range-notcovered :: explain SELECT k, c FROM sbtest%d WHERE k BETWEEN 5314377 AND 5314477
explain: for range-notcovered :: explain SELECT k, c FROM sbtest%d WHERE k BETWEEN 3488827 AND 3488927
for range-notcovered
table 1 : explain SELECT k, c FROM sbtest1 WHERE k BETWEEN 5081251 AND 5081351
	Bitmap Heap Scan on sbtest1  (cost=5.39..373.61 rows=93 width=125)
	  Recheck Cond: ((k >= 5081251) AND (k <= 5081351))
	  ->  Bitmap Index Scan on k_1  (cost=0.00..5.36 rows=93 width=0)
	        Index Cond: ((k >= 5081251) AND (k <= 5081351))

table 2 : explain SELECT k, c FROM sbtest2 WHERE k BETWEEN 5081251 AND 5081351
	Bitmap Heap Scan on sbtest2  (cost=5.45..397.25 rows=99 width=125)
	  Recheck Cond: ((k >= 5081251) AND (k <= 5081351))
	  ->  Bitmap Index Scan on k_2  (cost=0.00..5.42 rows=99 width=0)
	        Index Cond: ((k >= 5081251) AND (k <= 5081351))

table 3 : explain SELECT k, c FROM sbtest3 WHERE k BETWEEN 5081251 AND 5081351
	Bitmap Heap Scan on sbtest3  (cost=5.51..420.88 rows=105 width=125)
	  Recheck Cond: ((k >= 5081251) AND (k <= 5081351))
	  ->  Bitmap Index Scan on k_3  (cost=0.00..5.48 rows=105 width=0)
	        Index Cond: ((k >= 5081251) AND (k <= 5081351))

table 4 : explain SELECT k, c FROM sbtest4 WHERE k BETWEEN 5081251 AND 5081351
	Bitmap Heap Scan on sbtest4  (cost=5.55..436.62 rows=109 width=125)
	  Recheck Cond: ((k >= 5081251) AND (k <= 5081351))
	  ->  Bitmap Index Scan on k_4  (cost=0.00..5.52 rows=109 width=0)
	        Index Cond: ((k >= 5081251) AND (k <= 5081351))

table 5 : explain SELECT k, c FROM sbtest5 WHERE k BETWEEN 5081251 AND 5081351
	Bitmap Heap Scan on sbtest5  (cost=5.46..401.19 rows=100 width=125)
	  Recheck Cond: ((k >= 5081251) AND (k <= 5081351))
	  ->  Bitmap Index Scan on k_5  (cost=0.00..5.43 rows=100 width=0)
	        Index Cond: ((k >= 5081251) AND (k <= 5081351))

table 6 : explain SELECT k, c FROM sbtest6 WHERE k BETWEEN 5081251 AND 5081351
	Bitmap Heap Scan on sbtest6  (cost=5.49..413.00 rows=103 width=125)
	  Recheck Cond: ((k >= 5081251) AND (k <= 5081351))
	  ->  Bitmap Index Scan on k_6  (cost=0.00..5.46 rows=103 width=0)
	        Index Cond: ((k >= 5081251) AND (k <= 5081351))

table 7 : explain SELECT k, c FROM sbtest7 WHERE k BETWEEN 5081251 AND 5081351
	Bitmap Heap Scan on sbtest7  (cost=5.49..413.00 rows=103 width=125)
	  Recheck Cond: ((k >= 5081251) AND (k <= 5081351))
	  ->  Bitmap Index Scan on k_7  (cost=0.00..5.46 rows=103 width=0)
	        Index Cond: ((k >= 5081251) AND (k <= 5081351))

table 8 : explain SELECT k, c FROM sbtest8 WHERE k BETWEEN 5081251 AND 5081351
	Bitmap Heap Scan on sbtest8  (cost=5.56..440.56 rows=110 width=125)
	  Recheck Cond: ((k >= 5081251) AND (k <= 5081351))
	  ->  Bitmap Index Scan on k_8  (cost=0.00..5.53 rows=110 width=0)
	        Index Cond: ((k >= 5081251) AND (k <= 5081351))

for range-notcovered
table 1 : explain SELECT k, c FROM sbtest1 WHERE k BETWEEN 6306969 AND 6307069
	Bitmap Heap Scan on sbtest1  (cost=5.48..409.07 rows=102 width=125)
	  Recheck Cond: ((k >= 6306969) AND (k <= 6307069))
	  ->  Bitmap Index Scan on k_1  (cost=0.00..5.45 rows=102 width=0)
	        Index Cond: ((k >= 6306969) AND (k <= 6307069))

table 2 : explain SELECT k, c FROM sbtest2 WHERE k BETWEEN 6306969 AND 6307069
	Bitmap Heap Scan on sbtest2  (cost=5.53..428.75 rows=107 width=125)
	  Recheck Cond: ((k >= 6306969) AND (k <= 6307069))
	  ->  Bitmap Index Scan on k_2  (cost=0.00..5.50 rows=107 width=0)
	        Index Cond: ((k >= 6306969) AND (k <= 6307069))

table 3 : explain SELECT k, c FROM sbtest3 WHERE k BETWEEN 6306969 AND 6307069
	Bitmap Heap Scan on sbtest3  (cost=5.43..389.37 rows=97 width=125)
	  Recheck Cond: ((k >= 6306969) AND (k <= 6307069))
	  ->  Bitmap Index Scan on k_3  (cost=0.00..5.40 rows=97 width=0)
	        Index Cond: ((k >= 6306969) AND (k <= 6307069))

table 4 : explain SELECT k, c FROM sbtest4 WHERE k BETWEEN 6306969 AND 6307069
	Bitmap Heap Scan on sbtest4  (cost=5.49..413.00 rows=103 width=125)
	  Recheck Cond: ((k >= 6306969) AND (k <= 6307069))
	  ->  Bitmap Index Scan on k_4  (cost=0.00..5.46 rows=103 width=0)
	        Index Cond: ((k >= 6306969) AND (k <= 6307069))

table 5 : explain SELECT k, c FROM sbtest5 WHERE k BETWEEN 6306969 AND 6307069
	Bitmap Heap Scan on sbtest5  (cost=5.38..369.67 rows=92 width=125)
	  Recheck Cond: ((k >= 6306969) AND (k <= 6307069))
	  ->  Bitmap Index Scan on k_5  (cost=0.00..5.35 rows=92 width=0)
	        Index Cond: ((k >= 6306969) AND (k <= 6307069))

table 6 : explain SELECT k, c FROM sbtest6 WHERE k BETWEEN 6306969 AND 6307069
	Bitmap Heap Scan on sbtest6  (cost=5.52..424.81 rows=106 width=125)
	  Recheck Cond: ((k >= 6306969) AND (k <= 6307069))
	  ->  Bitmap Index Scan on k_6  (cost=0.00..5.50 rows=106 width=0)
	        Index Cond: ((k >= 6306969) AND (k <= 6307069))

table 7 : explain SELECT k, c FROM sbtest7 WHERE k BETWEEN 6306969 AND 6307069
	Bitmap Heap Scan on sbtest7  (cost=5.50..416.94 rows=104 width=125)
	  Recheck Cond: ((k >= 6306969) AND (k <= 6307069))
	  ->  Bitmap Index Scan on k_7  (cost=0.00..5.47 rows=104 width=0)
	        Index Cond: ((k >= 6306969) AND (k <= 6307069))

table 8 : explain SELECT k, c FROM sbtest8 WHERE k BETWEEN 6306969 AND 6307069
	Bitmap Heap Scan on sbtest8  (cost=5.54..432.69 rows=108 width=125)
	  Recheck Cond: ((k >= 6306969) AND (k <= 6307069))
	  ->  Bitmap Index Scan on k_8  (cost=0.00..5.51 rows=108 width=0)
	        Index Cond: ((k >= 6306969) AND (k <= 6307069))

explain: for range-notcovered :: explain SELECT k, c FROM sbtest%d WHERE k BETWEEN 5081251 AND 5081351
explain: for range-notcovered :: explain SELECT k, c FROM sbtest%d WHERE k BETWEEN 6306969 AND 6307069
for range-notcovered
table 1 : explain SELECT k, c FROM sbtest1 WHERE k BETWEEN 4504615 AND 4504715
	Bitmap Heap Scan on sbtest1  (cost=5.41..381.49 rows=95 width=125)
	  Recheck Cond: ((k >= 4504615) AND (k <= 4504715))
	  ->  Bitmap Index Scan on k_1  (cost=0.00..5.38 rows=95 width=0)
	        Index Cond: ((k >= 4504615) AND (k <= 4504715))

table 2 : explain SELECT k, c FROM sbtest2 WHERE k BETWEEN 4504615 AND 4504715
	Bitmap Heap Scan on sbtest2  (cost=5.51..420.88 rows=105 width=125)
	  Recheck Cond: ((k >= 4504615) AND (k <= 4504715))
	  ->  Bitmap Index Scan on k_2  (cost=0.00..5.48 rows=105 width=0)
	        Index Cond: ((k >= 4504615) AND (k <= 4504715))

table 3 : explain SELECT k, c FROM sbtest3 WHERE k BETWEEN 4504615 AND 4504715
	Bitmap Heap Scan on sbtest3  (cost=5.40..377.55 rows=94 width=125)
	  Recheck Cond: ((k >= 4504615) AND (k <= 4504715))
	  ->  Bitmap Index Scan on k_3  (cost=0.00..5.38 rows=94 width=0)
	        Index Cond: ((k >= 4504615) AND (k <= 4504715))

table 4 : explain SELECT k, c FROM sbtest4 WHERE k BETWEEN 4504615 AND 4504715
	Bitmap Heap Scan on sbtest4  (cost=5.40..377.55 rows=94 width=125)
	  Recheck Cond: ((k >= 4504615) AND (k <= 4504715))
	  ->  Bitmap Index Scan on k_4  (cost=0.00..5.38 rows=94 width=0)
	        Index Cond: ((k >= 4504615) AND (k <= 4504715))

table 5 : explain SELECT k, c FROM sbtest5 WHERE k BETWEEN 4504615 AND 4504715
	Bitmap Heap Scan on sbtest5  (cost=5.56..440.56 rows=110 width=125)
	  Recheck Cond: ((k >= 4504615) AND (k <= 4504715))
	  ->  Bitmap Index Scan on k_5  (cost=0.00..5.53 rows=110 width=0)
	        Index Cond: ((k >= 4504615) AND (k <= 4504715))

table 6 : explain SELECT k, c FROM sbtest6 WHERE k BETWEEN 4504615 AND 4504715
	Bitmap Heap Scan on sbtest6  (cost=5.56..440.56 rows=110 width=125)
	  Recheck Cond: ((k >= 4504615) AND (k <= 4504715))
	  ->  Bitmap Index Scan on k_6  (cost=0.00..5.53 rows=110 width=0)
	        Index Cond: ((k >= 4504615) AND (k <= 4504715))

table 7 : explain SELECT k, c FROM sbtest7 WHERE k BETWEEN 4504615 AND 4504715
	Bitmap Heap Scan on sbtest7  (cost=5.54..432.69 rows=108 width=125)
	  Recheck Cond: ((k >= 4504615) AND (k <= 4504715))
	  ->  Bitmap Index Scan on k_7  (cost=0.00..5.51 rows=108 width=0)
	        Index Cond: ((k >= 4504615) AND (k <= 4504715))

table 8 : explain SELECT k, c FROM sbtest8 WHERE k BETWEEN 4504615 AND 4504715
	Bitmap Heap Scan on sbtest8  (cost=5.49..413.00 rows=103 width=125)
	  Recheck Cond: ((k >= 4504615) AND (k <= 4504715))
	  ->  Bitmap Index Scan on k_8  (cost=0.00..5.46 rows=103 width=0)
	        Index Cond: ((k >= 4504615) AND (k <= 4504715))

explain: for range-notcovered :: explain SELECT k, c FROM sbtest%d WHERE k BETWEEN 4504615 AND 4504715
for range-notcovered
table 1 : explain SELECT k, c FROM sbtest1 WHERE k BETWEEN 5548879 AND 5548979
	Bitmap Heap Scan on sbtest1  (cost=5.45..397.25 rows=99 width=125)
	  Recheck Cond: ((k >= 5548879) AND (k <= 5548979))
	  ->  Bitmap Index Scan on k_1  (cost=0.00..5.42 rows=99 width=0)
	        Index Cond: ((k >= 5548879) AND (k <= 5548979))

table 2 : explain SELECT k, c FROM sbtest2 WHERE k BETWEEN 5548879 AND 5548979
	Bitmap Heap Scan on sbtest2  (cost=5.63..468.09 rows=117 width=125)
	  Recheck Cond: ((k >= 5548879) AND (k <= 5548979))
	  ->  Bitmap Index Scan on k_2  (cost=0.00..5.60 rows=117 width=0)
	        Index Cond: ((k >= 5548879) AND (k <= 5548979))

table 3 : explain SELECT k, c FROM sbtest3 WHERE k BETWEEN 5548879 AND 5548979
	Bitmap Heap Scan on sbtest3  (cost=5.45..397.25 rows=99 width=125)
	  Recheck Cond: ((k >= 5548879) AND (k <= 5548979))
	  ->  Bitmap Index Scan on k_3  (cost=0.00..5.42 rows=99 width=0)
	        Index Cond: ((k >= 5548879) AND (k <= 5548979))

table 4 : explain SELECT k, c FROM sbtest4 WHERE k BETWEEN 5548879 AND 5548979
	Bitmap Heap Scan on sbtest4  (cost=5.45..397.25 rows=99 width=125)
	  Recheck Cond: ((k >= 5548879) AND (k <= 5548979))
	  ->  Bitmap Index Scan on k_4  (cost=0.00..5.42 rows=99 width=0)
	        Index Cond: ((k >= 5548879) AND (k <= 5548979))

table 5 : explain SELECT k, c FROM sbtest5 WHERE k BETWEEN 5548879 AND 5548979
	Bitmap Heap Scan on sbtest5  (cost=5.50..416.94 rows=104 width=125)
	  Recheck Cond: ((k >= 5548879) AND (k <= 5548979))
	  ->  Bitmap Index Scan on k_5  (cost=0.00..5.47 rows=104 width=0)
	        Index Cond: ((k >= 5548879) AND (k <= 5548979))

table 6 : explain SELECT k, c FROM sbtest6 WHERE k BETWEEN 5548879 AND 5548979
	Bitmap Heap Scan on sbtest6  (cost=5.43..389.37 rows=97 width=125)
	  Recheck Cond: ((k >= 5548879) AND (k <= 5548979))
	  ->  Bitmap Index Scan on k_6  (cost=0.00..5.40 rows=97 width=0)
	        Index Cond: ((k >= 5548879) AND (k <= 5548979))

table 7 : explain SELECT k, c FROM sbtest7 WHERE k BETWEEN 5548879 AND 5548979
	Bitmap Heap Scan on sbtest7  (cost=5.56..440.56 rows=110 width=125)
	  Recheck Cond: ((k >= 5548879) AND (k <= 5548979))
	  ->  Bitmap Index Scan on k_7  (cost=0.00..5.53 rows=110 width=0)
	        Index Cond: ((k >= 5548879) AND (k <= 5548979))

table 8 : explain SELECT k, c FROM sbtest8 WHERE k BETWEEN 5548879 AND 5548979
	Bitmap Heap Scan on sbtest8  (cost=5.50..416.94 rows=104 width=125)
	  Recheck Cond: ((k >= 5548879) AND (k <= 5548979))
	  ->  Bitmap Index Scan on k_8  (cost=0.00..5.47 rows=104 width=0)
	        Index Cond: ((k >= 5548879) AND (k <= 5548979))

for range-notcovered
table 1 : explain SELECT k, c FROM sbtest1 WHERE k BETWEEN 5963009 AND 5963109
	Bitmap Heap Scan on sbtest1  (cost=5.57..444.49 rows=111 width=125)
	  Recheck Cond: ((k >= 5963009) AND (k <= 5963109))
	  ->  Bitmap Index Scan on k_1  (cost=0.00..5.54 rows=111 width=0)
	        Index Cond: ((k >= 5963009) AND (k <= 5963109))

table 2 : explain SELECT k, c FROM sbtest2 WHERE k BETWEEN 5963009 AND 5963109
	Bitmap Heap Scan on sbtest2  (cost=5.50..416.94 rows=104 width=125)
	  Recheck Cond: ((k >= 5963009) AND (k <= 5963109))
	  ->  Bitmap Index Scan on k_2  (cost=0.00..5.47 rows=104 width=0)
	        Index Cond: ((k >= 5963009) AND (k <= 5963109))

table 3 : explain SELECT k, c FROM sbtest3 WHERE k BETWEEN 5963009 AND 5963109
	Bitmap Heap Scan on sbtest3  (cost=5.55..436.62 rows=109 width=125)
	  Recheck Cond: ((k >= 5963009) AND (k <= 5963109))
	  ->  Bitmap Index Scan on k_3  (cost=0.00..5.52 rows=109 width=0)
	        Index Cond: ((k >= 5963009) AND (k <= 5963109))

table 4 : explain SELECT k, c FROM sbtest4 WHERE k BETWEEN 5963009 AND 5963109
	Bitmap Heap Scan on sbtest4  (cost=5.53..428.75 rows=107 width=125)
	  Recheck Cond: ((k >= 5963009) AND (k <= 5963109))
	  ->  Bitmap Index Scan on k_4  (cost=0.00..5.50 rows=107 width=0)
	        Index Cond: ((k >= 5963009) AND (k <= 5963109))

table 5 : explain SELECT k, c FROM sbtest5 WHERE k BETWEEN 5963009 AND 5963109
	Bitmap Heap Scan on sbtest5  (cost=5.46..401.19 rows=100 width=125)
	  Recheck Cond: ((k >= 5963009) AND (k <= 5963109))
	  ->  Bitmap Index Scan on k_5  (cost=0.00..5.43 rows=100 width=0)
	        Index Cond: ((k >= 5963009) AND (k <= 5963109))

table 6 : explain SELECT k, c FROM sbtest6 WHERE k BETWEEN 5963009 AND 5963109
	Bitmap Heap Scan on sbtest6  (cost=5.31..342.06 rows=85 width=125)
	  Recheck Cond: ((k >= 5963009) AND (k <= 5963109))
	  ->  Bitmap Index Scan on k_6  (cost=0.00..5.28 rows=85 width=0)
	        Index Cond: ((k >= 5963009) AND (k <= 5963109))

table 7 : explain SELECT k, c FROM sbtest7 WHERE k BETWEEN 5963009 AND 5963109
	Bitmap Heap Scan on sbtest7  (cost=5.49..413.00 rows=103 width=125)
	  Recheck Cond: ((k >= 5963009) AND (k <= 5963109))
	  ->  Bitmap Index Scan on k_7  (cost=0.00..5.46 rows=103 width=0)
	        Index Cond: ((k >= 5963009) AND (k <= 5963109))

table 8 : explain SELECT k, c FROM sbtest8 WHERE k BETWEEN 5963009 AND 5963109
	Bitmap Heap Scan on sbtest8  (cost=5.58..448.42 rows=112 width=125)
	  Recheck Cond: ((k >= 5963009) AND (k <= 5963109))
	  ->  Bitmap Index Scan on k_8  (cost=0.00..5.55 rows=112 width=0)
	        Index Cond: ((k >= 5963009) AND (k <= 5963109))
explain: for range-notcovered :: explain SELECT k, c FROM sbtest%d WHERE k BETWEEN 5548879 AND 5548979for range-notcovered
table 1 : explain SELECT k, c FROM sbtest1 WHERE k BETWEEN 1618231 AND 1618331
	Bitmap Heap Scan on sbtest1  (cost=5.46..401.19 rows=100 width=125)
	  Recheck Cond: ((k >= 1618231) AND (k <= 1618331))
	  ->  Bitmap Index Scan on k_1  (cost=0.00..5.43 rows=100 width=0)
	        Index Cond: ((k >= 1618231) AND (k <= 1618331))

table 2 : explain SELECT k, c FROM sbtest2 WHERE k BETWEEN 1618231 AND 1618331
	Bitmap Heap Scan on sbtest2  (cost=5.60..456.29 rows=114 width=125)
	  Recheck Cond: ((k >= 1618231) AND (k <= 1618331))
	  ->  Bitmap Index Scan on k_2  (cost=0.00..5.58 rows=114 width=0)
	        Index Cond: ((k >= 1618231) AND (k <= 1618331))

table 3 : explain SELECT k, c FROM sbtest3 WHERE k BETWEEN 1618231 AND 1618331
	Bitmap Heap Scan on sbtest3  (cost=5.47..405.13 rows=101 width=125)
	  Recheck Cond: ((k >= 1618231) AND (k <= 1618331))
	  ->  Bitmap Index Scan on k_3  (cost=0.00..5.44 rows=101 width=0)
	        Index Cond: ((k >= 1618231) AND (k <= 1618331))

table 4 : explain SELECT k, c FROM sbtest4 WHERE k BETWEEN 1618231 AND 1618331
	Bitmap Heap Scan on sbtest4  (cost=5.53..428.75 rows=107 width=125)
	  Recheck Cond: ((k >= 1618231) AND (k <= 1618331))
	  ->  Bitmap Index Scan on k_4  (cost=0.00..5.50 rows=107 width=0)
	        Index Cond: ((k >= 1618231) AND (k <= 1618331))

table 5 : explain SELECT k, c FROM sbtest5 WHERE k BETWEEN 1618231 AND 1618331
	Bitmap Heap Scan on sbtest5  (cost=5.52..424.81 rows=106 width=125)
	  Recheck Cond: ((k >= 1618231) AND (k <= 1618331))
	  ->  Bitmap Index Scan on k_5  (cost=0.00..5.50 rows=106 width=0)
	        Index Cond: ((k >= 1618231) AND (k <= 1618331))

table 6 : explain SELECT k, c FROM sbtest6 WHERE k BETWEEN 1618231 AND 1618331
	Bitmap Heap Scan on sbtest6  (cost=5.40..377.55 rows=94 width=125)
	  Recheck Cond: ((k >= 1618231) AND (k <= 1618331))
	  ->  Bitmap Index Scan on k_6  (cost=0.00..5.38 rows=94 width=0)
	        Index Cond: ((k >= 1618231) AND (k <= 1618331))

table 7 : explain SELECT k, c FROM sbtest7 WHERE k BETWEEN 1618231 AND 1618331
	Bitmap Heap Scan on sbtest7  (cost=5.56..440.56 rows=110 width=125)
	  Recheck Cond: ((k >= 1618231) AND (k <= 1618331))
	  ->  Bitmap Index Scan on k_7  (cost=0.00..5.53 rows=110 width=0)
	        Index Cond: ((k >= 1618231) AND (k <= 1618331))

table 8 : explain SELECT k, c FROM sbtest8 WHERE k BETWEEN 1618231 AND 1618331
	Bitmap Heap Scan on sbtest8  (cost=5.48..409.07 rows=102 width=125)
	  Recheck Cond: ((k >= 1618231) AND (k <= 1618331))
	  ->  Bitmap Index Scan on k_8  (cost=0.00..5.45 rows=102 width=0)
	        Index Cond: ((k >= 1618231) AND (k <= 1618331))


for range-notcovered
table 1 : explain SELECT k, c FROM sbtest1 WHERE k BETWEEN 8149461 AND 8149561
	Bitmap Heap Scan on sbtest1  (cost=5.38..369.67 rows=92 width=125)
	  Recheck Cond: ((k >= 8149461) AND (k <= 8149561))
	  ->  Bitmap Index Scan on k_1  (cost=0.00..5.35 rows=92 width=0)
	        Index Cond: ((k >= 8149461) AND (k <= 8149561))

table 2 : explain SELECT k, c FROM sbtest2 WHERE k BETWEEN 8149461 AND 8149561
	Bitmap Heap Scan on sbtest2  (cost=5.44..393.31 rows=98 width=125)
	  Recheck Cond: ((k >= 8149461) AND (k <= 8149561))
	  ->  Bitmap Index Scan on k_2  (cost=0.00..5.42 rows=98 width=0)
	        Index Cond: ((k >= 8149461) AND (k <= 8149561))

table 3 : explain SELECT k, c FROM sbtest3 WHERE k BETWEEN 8149461 AND 8149561
	Bitmap Heap Scan on sbtest3  (cost=5.45..397.25 rows=99 width=125)
	  Recheck Cond: ((k >= 8149461) AND (k <= 8149561))
	  ->  Bitmap Index Scan on k_3  (cost=0.00..5.42 rows=99 width=0)
	        Index Cond: ((k >= 8149461) AND (k <= 8149561))

table 4 : explain SELECT k, c FROM sbtest4 WHERE k BETWEEN 8149461 AND 8149561
	Bitmap Heap Scan on sbtest4  (cost=5.42..385.43 rows=96 width=125)
	  Recheck Cond: ((k >= 8149461) AND (k <= 8149561))
	  ->  Bitmap Index Scan on k_4  (cost=0.00..5.39 rows=96 width=0)
	        Index Cond: ((k >= 8149461) AND (k <= 8149561))

table 5 : explain SELECT k, c FROM sbtest5 WHERE k BETWEEN 8149461 AND 8149561
	Bitmap Heap Scan on sbtest5  (cost=5.45..397.25 rows=99 width=125)
	  Recheck Cond: ((k >= 8149461) AND (k <= 8149561))
	  ->  Bitmap Index Scan on k_5  (cost=0.00..5.42 rows=99 width=0)
	        Index Cond: ((k >= 8149461) AND (k <= 8149561))

table 6 : explain SELECT k, c FROM sbtest6 WHERE k BETWEEN 8149461 AND 8149561
	Bitmap Heap Scan on sbtest6  (cost=5.46..401.19 rows=100 width=125)
	  Recheck Cond: ((k >= 8149461) AND (k <= 8149561))
	  ->  Bitmap Index Scan on k_6  (cost=0.00..5.43 rows=100 width=0)
	        Index Cond: ((k >= 8149461) AND (k <= 8149561))

table 7 : explain SELECT k, c FROM sbtest7 WHERE k BETWEEN 8149461 AND 8149561
	Bitmap Heap Scan on sbtest7  (cost=5.47..405.13 rows=101 width=125)
	  Recheck Cond: ((k >= 8149461) AND (k <= 8149561))
	  ->  Bitmap Index Scan on k_7  (cost=0.00..5.44 rows=101 width=0)
	        Index Cond: ((k >= 8149461) AND (k <= 8149561))

table 8 : explain SELECT k, c FROM sbtest8 WHERE k BETWEEN 8149461 AND 8149561
	Bitmap Heap Scan on sbtest8  (cost=5.49..413.00 rows=103 width=125)
	  Recheck Cond: ((k >= 8149461) AND (k <= 8149561))
	  ->  Bitmap Index Scan on k_8  (cost=0.00..5.46 rows=103 width=0)
	        Index Cond: ((k >= 8149461) AND (k <= 8149561))


explain: for range-notcovered :: explain SELECT k, c FROM sbtest%d WHERE k BETWEEN 1618231 AND 1618331
explain: for range-notcovered :: explain SELECT k, c FROM sbtest%d WHERE k BETWEEN 5963009 AND 5963109
for range-notcovered
table 1 : explain SELECT k, c FROM sbtest1 WHERE k BETWEEN 6306969 AND 6307069
	Bitmap Heap Scan on sbtest1  (cost=5.48..409.07 rows=102 width=125)
	  Recheck Cond: ((k >= 6306969) AND (k <= 6307069))
	  ->  Bitmap Index Scan on k_1  (cost=0.00..5.45 rows=102 width=0)
	        Index Cond: ((k >= 6306969) AND (k <= 6307069))

table 2 : explain SELECT k, c FROM sbtest2 WHERE k BETWEEN 6306969 AND 6307069
	Bitmap Heap Scan on sbtest2  (cost=5.53..428.75 rows=107 width=125)
	  Recheck Cond: ((k >= 6306969) AND (k <= 6307069))
	  ->  Bitmap Index Scan on k_2  (cost=0.00..5.50 rows=107 width=0)
	        Index Cond: ((k >= 6306969) AND (k <= 6307069))

table 3 : explain SELECT k, c FROM sbtest3 WHERE k BETWEEN 6306969 AND 6307069
	Bitmap Heap Scan on sbtest3  (cost=5.43..389.37 rows=97 width=125)
	  Recheck Cond: ((k >= 6306969) AND (k <= 6307069))
	  ->  Bitmap Index Scan on k_3  (cost=0.00..5.40 rows=97 width=0)
	        Index Cond: ((k >= 6306969) AND (k <= 6307069))

table 4 : explain SELECT k, c FROM sbtest4 WHERE k BETWEEN 6306969 AND 6307069
	Bitmap Heap Scan on sbtest4  (cost=5.49..413.00 rows=103 width=125)
	  Recheck Cond: ((k >= 6306969) AND (k <= 6307069))
	  ->  Bitmap Index Scan on k_4  (cost=0.00..5.46 rows=103 width=0)
	        Index Cond: ((k >= 6306969) AND (k <= 6307069))

table 5 : explain SELECT k, c FROM sbtest5 WHERE k BETWEEN 6306969 AND 6307069
	Bitmap Heap Scan on sbtest5  (cost=5.38..369.67 rows=92 width=125)
	  Recheck Cond: ((k >= 6306969) AND (k <= 6307069))
	  ->  Bitmap Index Scan on k_5  (cost=0.00..5.35 rows=92 width=0)
	        Index Cond: ((k >= 6306969) AND (k <= 6307069))

table 6 : explain SELECT k, c FROM sbtest6 WHERE k BETWEEN 6306969 AND 6307069
	Bitmap Heap Scan on sbtest6  (cost=5.52..424.81 rows=106 width=125)
	  Recheck Cond: ((k >= 6306969) AND (k <= 6307069))
	  ->  Bitmap Index Scan on k_6  (cost=0.00..5.50 rows=106 width=0)
	        Index Cond: ((k >= 6306969) AND (k <= 6307069))

table 7 : explain SELECT k, c FROM sbtest7 WHERE k BETWEEN 6306969 AND 6307069
	Bitmap Heap Scan on sbtest7  (cost=5.50..416.94 rows=104 width=125)
	  Recheck Cond: ((k >= 6306969) AND (k <= 6307069))
	  ->  Bitmap Index Scan on k_7  (cost=0.00..5.47 rows=104 width=0)
	        Index Cond: ((k >= 6306969) AND (k <= 6307069))

table 8 : explain SELECT k, c FROM sbtest8 WHERE k BETWEEN 6306969 AND 6307069
	Bitmap Heap Scan on sbtest8  (cost=5.54..432.69 rows=108 width=125)
	  Recheck Cond: ((k >= 6306969) AND (k <= 6307069))
	  ->  Bitmap Index Scan on k_8  (cost=0.00..5.51 rows=108 width=0)
	        Index Cond: ((k >= 6306969) AND (k <= 6307069))

for range-notcovered
table 1 : explain SELECT k, c FROM sbtest1 WHERE k BETWEEN 5081251 AND 5081351
	Bitmap Heap Scan on sbtest1  (cost=5.39..373.61 rows=93 width=125)
	  Recheck Cond: ((k >= 5081251) AND (k <= 5081351))
	  ->  Bitmap Index Scan on k_1  (cost=0.00..5.36 rows=93 width=0)
	        Index Cond: ((k >= 5081251) AND (k <= 5081351))

table 2 : explain SELECT k, c FROM sbtest2 WHERE k BETWEEN 5081251 AND 5081351
	Bitmap Heap Scan on sbtest2  (cost=5.45..397.25 rows=99 width=125)
	  Recheck Cond: ((k >= 5081251) AND (k <= 5081351))
	  ->  Bitmap Index Scan on k_2  (cost=0.00..5.42 rows=99 width=0)
	        Index Cond: ((k >= 5081251) AND (k <= 5081351))

table 3 : explain SELECT k, c FROM sbtest3 WHERE k BETWEEN 5081251 AND 5081351
	Bitmap Heap Scan on sbtest3  (cost=5.51..420.88 rows=105 width=125)
	  Recheck Cond: ((k >= 5081251) AND (k <= 5081351))
	  ->  Bitmap Index Scan on k_3  (cost=0.00..5.48 rows=105 width=0)
	        Index Cond: ((k >= 5081251) AND (k <= 5081351))

table 4 : explain SELECT k, c FROM sbtest4 WHERE k BETWEEN 5081251 AND 5081351
	Bitmap Heap Scan on sbtest4  (cost=5.55..436.62 rows=109 width=125)
	  Recheck Cond: ((k >= 5081251) AND (k <= 5081351))
	  ->  Bitmap Index Scan on k_4  (cost=0.00..5.52 rows=109 width=0)
	        Index Cond: ((k >= 5081251) AND (k <= 5081351))

table 5 : explain SELECT k, c FROM sbtest5 WHERE k BETWEEN 5081251 AND 5081351
	Bitmap Heap Scan on sbtest5  (cost=5.46..401.19 rows=100 width=125)
	  Recheck Cond: ((k >= 5081251) AND (k <= 5081351))
	  ->  Bitmap Index Scan on k_5  (cost=0.00..5.43 rows=100 width=0)
	        Index Cond: ((k >= 5081251) AND (k <= 5081351))

table 6 : explain SELECT k, c FROM sbtest6 WHERE k BETWEEN 5081251 AND 5081351
	Bitmap Heap Scan on sbtest6  (cost=5.49..413.00 rows=103 width=125)
	  Recheck Cond: ((k >= 5081251) AND (k <= 5081351))
	  ->  Bitmap Index Scan on k_6  (cost=0.00..5.46 rows=103 width=0)
	        Index Cond: ((k >= 5081251) AND (k <= 5081351))

table 7 : explain SELECT k, c FROM sbtest7 WHERE k BETWEEN 5081251 AND 5081351
	Bitmap Heap Scan on sbtest7  (cost=5.49..413.00 rows=103 width=125)
	  Recheck Cond: ((k >= 5081251) AND (k <= 5081351))
	  ->  Bitmap Index Scan on k_7  (cost=0.00..5.46 rows=103 width=0)
	        Index Cond: ((k >= 5081251) AND (k <= 5081351))

table 8 : explain SELECT k, c FROM sbtest8 WHERE k BETWEEN 5081251 AND 5081351
	Bitmap Heap Scan on sbtest8  (cost=5.56..440.56 rows=110 width=125)
	  Recheck Cond: ((k >= 5081251) AND (k <= 5081351))
	  ->  Bitmap Index Scan on k_8  (cost=0.00..5.53 rows=110 width=0)
	        Index Cond: ((k >= 5081251) AND (k <= 5081351))

explain: for range-notcovered :: explain SELECT k, c FROM sbtest%d WHERE k BETWEEN 8149461 AND 8149561for range-notcovered
table 1 : explain SELECT k, c FROM sbtest1 WHERE k BETWEEN 6630937 AND 6631037
	Bitmap Heap Scan on sbtest1  (cost=5.43..389.37 rows=97 width=125)
	  Recheck Cond: ((k >= 6630937) AND (k <= 6631037))
	  ->  Bitmap Index Scan on k_1  (cost=0.00..5.40 rows=97 width=0)
	        Index Cond: ((k >= 6630937) AND (k <= 6631037))

table 2 : explain SELECT k, c FROM sbtest2 WHERE k BETWEEN 6630937 AND 6631037
	Bitmap Heap Scan on sbtest2  (cost=5.50..416.94 rows=104 width=125)
	  Recheck Cond: ((k >= 6630937) AND (k <= 6631037))
	  ->  Bitmap Index Scan on k_2  (cost=0.00..5.47 rows=104 width=0)
	        Index Cond: ((k >= 6630937) AND (k <= 6631037))

table 3 : explain SELECT k, c FROM sbtest3 WHERE k BETWEEN 6630937 AND 6631037
	Bitmap Heap Scan on sbtest3  (cost=5.54..432.69 rows=108 width=125)
	  Recheck Cond: ((k >= 6630937) AND (k <= 6631037))
	  ->  Bitmap Index Scan on k_3  (cost=0.00..5.51 rows=108 width=0)
	        Index Cond: ((k >= 6630937) AND (k <= 6631037))

table 4 : explain SELECT k, c FROM sbtest4 WHERE k BETWEEN 6630937 AND 6631037
	Bitmap Heap Scan on sbtest4  (cost=5.54..432.69 rows=108 width=125)
	  Recheck Cond: ((k >= 6630937) AND (k <= 6631037))
	  ->  Bitmap Index Scan on k_4  (cost=0.00..5.51 rows=108 width=0)
	        Index Cond: ((k >= 6630937) AND (k <= 6631037))

table 5 : explain SELECT k, c FROM sbtest5 WHERE k BETWEEN 6630937 AND 6631037
	Bitmap Heap Scan on sbtest5  (cost=5.47..405.13 rows=101 width=125)
	  Recheck Cond: ((k >= 6630937) AND (k <= 6631037))
	  ->  Bitmap Index Scan on k_5  (cost=0.00..5.44 rows=101 width=0)
	        Index Cond: ((k >= 6630937) AND (k <= 6631037))

table 6 : explain SELECT k, c FROM sbtest6 WHERE k BETWEEN 6630937 AND 6631037
	Bitmap Heap Scan on sbtest6  (cost=5.50..416.94 rows=104 width=125)
	  Recheck Cond: ((k >= 6630937) AND (k <= 6631037))
	  ->  Bitmap Index Scan on k_6  (cost=0.00..5.47 rows=104 width=0)
	        Index Cond: ((k >= 6630937) AND (k <= 6631037))

table 7 : explain SELECT k, c FROM sbtest7 WHERE k BETWEEN 6630937 AND 6631037
	Bitmap Heap Scan on sbtest7  (cost=5.39..373.61 rows=93 width=125)
	  Recheck Cond: ((k >= 6630937) AND (k <= 6631037))
	  ->  Bitmap Index Scan on k_7  (cost=0.00..5.36 rows=93 width=0)
	        Index Cond: ((k >= 6630937) AND (k <= 6631037))

table 8 : explain SELECT k, c FROM sbtest8 WHERE k BETWEEN 6630937 AND 6631037
	Bitmap Heap Scan on sbtest8  (cost=5.41..381.49 rows=95 width=125)
	  Recheck Cond: ((k >= 6630937) AND (k <= 6631037))
	  ->  Bitmap Index Scan on k_8  (cost=0.00..5.38 rows=95 width=0)
	        Index Cond: ((k >= 6630937) AND (k <= 6631037))

explain: for range-notcovered :: explain SELECT k, c FROM sbtest%d WHERE k BETWEEN 3182017 AND 3182117
for range-notcovered
table 1 : explain SELECT k, c FROM sbtest1 WHERE k BETWEEN 6815225 AND 6815325
	Bitmap Heap Scan on sbtest1  (cost=5.56..440.56 rows=110 width=125)
	  Recheck Cond: ((k >= 6815225) AND (k <= 6815325))
	  ->  Bitmap Index Scan on k_1  (cost=0.00..5.53 rows=110 width=0)
	        Index Cond: ((k >= 6815225) AND (k <= 6815325))

table 2 : explain SELECT k, c FROM sbtest2 WHERE k BETWEEN 6815225 AND 6815325
	Bitmap Heap Scan on sbtest2  (cost=5.47..405.13 rows=101 width=125)
	  Recheck Cond: ((k >= 6815225) AND (k <= 6815325))
	  ->  Bitmap Index Scan on k_2  (cost=0.00..5.44 rows=101 width=0)
	        Index Cond: ((k >= 6815225) AND (k <= 6815325))

table 3 : explain SELECT k, c FROM sbtest3 WHERE k BETWEEN 6815225 AND 6815325
	Bitmap Heap Scan on sbtest3  (cost=5.48..409.07 rows=102 width=125)
	  Recheck Cond: ((k >= 6815225) AND (k <= 6815325))
	  ->  Bitmap Index Scan on k_3  (cost=0.00..5.45 rows=102 width=0)
	        Index Cond: ((k >= 6815225) AND (k <= 6815325))

table 4 : explain SELECT k, c FROM sbtest4 WHERE k BETWEEN 6815225 AND 6815325
	Bitmap Heap Scan on sbtest4  (cost=5.58..448.42 rows=112 width=125)
	  Recheck Cond: ((k >= 6815225) AND (k <= 6815325))
	  ->  Bitmap Index Scan on k_4  (cost=0.00..5.55 rows=112 width=0)
	        Index Cond: ((k >= 6815225) AND (k <= 6815325))

table 5 : explain SELECT k, c FROM sbtest5 WHERE k BETWEEN 6815225 AND 6815325
	Bitmap Heap Scan on sbtest5  (cost=5.59..452.36 rows=113 width=125)
	  Recheck Cond: ((k >= 6815225) AND (k <= 6815325))
	  ->  Bitmap Index Scan on k_5  (cost=0.00..5.56 rows=113 width=0)
	        Index Cond: ((k >= 6815225) AND (k <= 6815325))

table 6 : explain SELECT k, c FROM sbtest6 WHERE k BETWEEN 6815225 AND 6815325
	Bitmap Heap Scan on sbtest6  (cost=5.50..416.94 rows=104 width=125)
	  Recheck Cond: ((k >= 6815225) AND (k <= 6815325))
	  ->  Bitmap Index Scan on k_6  (cost=0.00..5.47 rows=104 width=0)
	        Index Cond: ((k >= 6815225) AND (k <= 6815325))

table 7 : explain SELECT k, c FROM sbtest7 WHERE k BETWEEN 6815225 AND 6815325
	Bitmap Heap Scan on sbtest7  (cost=5.37..365.72 rows=91 width=125)
	  Recheck Cond: ((k >= 6815225) AND (k <= 6815325))
	  ->  Bitmap Index Scan on k_7  (cost=0.00..5.34 rows=91 width=0)
	        Index Cond: ((k >= 6815225) AND (k <= 6815325))

table 8 : explain SELECT k, c FROM sbtest8 WHERE k BETWEEN 6815225 AND 6815325
	Bitmap Heap Scan on sbtest8  (cost=5.48..409.07 rows=102 width=125)
	  Recheck Cond: ((k >= 6815225) AND (k <= 6815325))
	  ->  Bitmap Index Scan on k_8  (cost=0.00..5.45 rows=102 width=0)
	        Index Cond: ((k >= 6815225) AND (k <= 6815325))

explain: for range-notcovered :: explain SELECT k, c FROM sbtest%d WHERE k BETWEEN 6306969 AND 6307069

for range-notcovered
table 1 : explain SELECT k, c FROM sbtest1 WHERE k BETWEEN 4504615 AND 4504715
	Bitmap Heap Scan on sbtest1  (cost=5.41..381.49 rows=95 width=125)
	  Recheck Cond: ((k >= 4504615) AND (k <= 4504715))
	  ->  Bitmap Index Scan on k_1  (cost=0.00..5.38 rows=95 width=0)
	        Index Cond: ((k >= 4504615) AND (k <= 4504715))

table 2 : explain SELECT k, c FROM sbtest2 WHERE k BETWEEN 4504615 AND 4504715
	Bitmap Heap Scan on sbtest2  (cost=5.51..420.88 rows=105 width=125)
	  Recheck Cond: ((k >= 4504615) AND (k <= 4504715))
	  ->  Bitmap Index Scan on k_2  (cost=0.00..5.48 rows=105 width=0)
	        Index Cond: ((k >= 4504615) AND (k <= 4504715))

table 3 : explain SELECT k, c FROM sbtest3 WHERE k BETWEEN 4504615 AND 4504715
	Bitmap Heap Scan on sbtest3  (cost=5.40..377.55 rows=94 width=125)
	  Recheck Cond: ((k >= 4504615) AND (k <= 4504715))
	  ->  Bitmap Index Scan on k_3  (cost=0.00..5.38 rows=94 width=0)
	        Index Cond: ((k >= 4504615) AND (k <= 4504715))

table 4 : explain SELECT k, c FROM sbtest4 WHERE k BETWEEN 4504615 AND 4504715
	Bitmap Heap Scan on sbtest4  (cost=5.40..377.55 rows=94 width=125)
	  Recheck Cond: ((k >= 4504615) AND (k <= 4504715))
	  ->  Bitmap Index Scan on k_4  (cost=0.00..5.38 rows=94 width=0)
	        Index Cond: ((k >= 4504615) AND (k <= 4504715))

table 5 : explain SELECT k, c FROM sbtest5 WHERE k BETWEEN 4504615 AND 4504715
	Bitmap Heap Scan on sbtest5  (cost=5.56..440.56 rows=110 width=125)
	  Recheck Cond: ((k >= 4504615) AND (k <= 4504715))
	  ->  Bitmap Index Scan on k_5  (cost=0.00..5.53 rows=110 width=0)
	        Index Cond: ((k >= 4504615) AND (k <= 4504715))

table 6 : explain SELECT k, c FROM sbtest6 WHERE k BETWEEN 4504615 AND 4504715
	Bitmap Heap Scan on sbtest6  (cost=5.56..440.56 rows=110 width=125)
	  Recheck Cond: ((k >= 4504615) AND (k <= 4504715))
	  ->  Bitmap Index Scan on k_6  (cost=0.00..5.53 rows=110 width=0)
	        Index Cond: ((k >= 4504615) AND (k <= 4504715))

table 7 : explain SELECT k, c FROM sbtest7 WHERE k BETWEEN 4504615 AND 4504715
	Bitmap Heap Scan on sbtest7  (cost=5.54..432.69 rows=108 width=125)
	  Recheck Cond: ((k >= 4504615) AND (k <= 4504715))
	  ->  Bitmap Index Scan on k_7  (cost=0.00..5.51 rows=108 width=0)
	        Index Cond: ((k >= 4504615) AND (k <= 4504715))

table 8 : explain SELECT k, c FROM sbtest8 WHERE k BETWEEN 4504615 AND 4504715
	Bitmap Heap Scan on sbtest8  (cost=5.49..413.00 rows=103 width=125)
	  Recheck Cond: ((k >= 4504615) AND (k <= 4504715))
	  ->  Bitmap Index Scan on k_8  (cost=0.00..5.46 rows=103 width=0)
	        Index Cond: ((k >= 4504615) AND (k <= 4504715))

explain: for range-notcovered :: explain SELECT k, c FROM sbtest%d WHERE k BETWEEN 4504615 AND 4504715
explain: for range-notcovered :: explain SELECT k, c FROM sbtest%d WHERE k BETWEEN 6630937 AND 6631037
explain: for range-notcovered :: explain SELECT k, c FROM sbtest%d WHERE k BETWEEN 6815225 AND 6815325
explain: for range-notcovered :: explain SELECT k, c FROM sbtest%d WHERE k BETWEEN 3903639 AND 3903739
for range-notcovered
table 1 : explain SELECT k, c FROM sbtest1 WHERE k BETWEEN 5548879 AND 5548979
	Bitmap Heap Scan on sbtest1  (cost=5.45..397.25 rows=99 width=125)
	  Recheck Cond: ((k >= 5548879) AND (k <= 5548979))
	  ->  Bitmap Index Scan on k_1  (cost=0.00..5.42 rows=99 width=0)
	        Index Cond: ((k >= 5548879) AND (k <= 5548979))

table 2 : explain SELECT k, c FROM sbtest2 WHERE k BETWEEN 5548879 AND 5548979
	Bitmap Heap Scan on sbtest2  (cost=5.63..468.09 rows=117 width=125)
	  Recheck Cond: ((k >= 5548879) AND (k <= 5548979))
	  ->  Bitmap Index Scan on k_2  (cost=0.00..5.60 rows=117 width=0)
	        Index Cond: ((k >= 5548879) AND (k <= 5548979))

table 3 : explain SELECT k, c FROM sbtest3 WHERE k BETWEEN 5548879 AND 5548979
	Bitmap Heap Scan on sbtest3  (cost=5.45..397.25 rows=99 width=125)
	  Recheck Cond: ((k >= 5548879) AND (k <= 5548979))
	  ->  Bitmap Index Scan on k_3  (cost=0.00..5.42 rows=99 width=0)
	        Index Cond: ((k >= 5548879) AND (k <= 5548979))

table 4 : explain SELECT k, c FROM sbtest4 WHERE k BETWEEN 5548879 AND 5548979
	Bitmap Heap Scan on sbtest4  (cost=5.45..397.25 rows=99 width=125)
	  Recheck Cond: ((k >= 5548879) AND (k <= 5548979))
	  ->  Bitmap Index Scan on k_4  (cost=0.00..5.42 rows=99 width=0)
	        Index Cond: ((k >= 5548879) AND (k <= 5548979))

table 5 : explain SELECT k, c FROM sbtest5 WHERE k BETWEEN 5548879 AND 5548979
	Bitmap Heap Scan on sbtest5  (cost=5.50..416.94 rows=104 width=125)
	  Recheck Cond: ((k >= 5548879) AND (k <= 5548979))
	  ->  Bitmap Index Scan on k_5  (cost=0.00..5.47 rows=104 width=0)
	        Index Cond: ((k >= 5548879) AND (k <= 5548979))

table 6 : explain SELECT k, c FROM sbtest6 WHERE k BETWEEN 5548879 AND 5548979
	Bitmap Heap Scan on sbtest6  (cost=5.43..389.37 rows=97 width=125)
	  Recheck Cond: ((k >= 5548879) AND (k <= 5548979))
	  ->  Bitmap Index Scan on k_6  (cost=0.00..5.40 rows=97 width=0)
	        Index Cond: ((k >= 5548879) AND (k <= 5548979))

table 7 : explain SELECT k, c FROM sbtest7 WHERE k BETWEEN 5548879 AND 5548979
	Bitmap Heap Scan on sbtest7  (cost=5.56..440.56 rows=110 width=125)
	  Recheck Cond: ((k >= 5548879) AND (k <= 5548979))
	  ->  Bitmap Index Scan on k_7  (cost=0.00..5.53 rows=110 width=0)
	        Index Cond: ((k >= 5548879) AND (k <= 5548979))

table 8 : explain SELECT k, c FROM sbtest8 WHERE k BETWEEN 5548879 AND 5548979
	Bitmap Heap Scan on sbtest8  (cost=5.50..416.94 rows=104 width=125)
	  Recheck Cond: ((k >= 5548879) AND (k <= 5548979))
	  ->  Bitmap Index Scan on k_8  (cost=0.00..5.47 rows=104 width=0)
	        Index Cond: ((k >= 5548879) AND (k <= 5548979))

explain: for range-notcovered :: explain SELECT k, c FROM sbtest%d WHERE k BETWEEN 5548879 AND 5548979
for range-notcovered
table 1 : explain SELECT k, c FROM sbtest1 WHERE k BETWEEN 1618231 AND 1618331
	Bitmap Heap Scan on sbtest1  (cost=5.46..401.19 rows=100 width=125)
	  Recheck Cond: ((k >= 1618231) AND (k <= 1618331))
	  ->  Bitmap Index Scan on k_1  (cost=0.00..5.43 rows=100 width=0)
	        Index Cond: ((k >= 1618231) AND (k <= 1618331))

table 2 : explain SELECT k, c FROM sbtest2 WHERE k BETWEEN 1618231 AND 1618331
	Bitmap Heap Scan on sbtest2  (cost=5.60..456.29 rows=114 width=125)
	  Recheck Cond: ((k >= 1618231) AND (k <= 1618331))
	  ->  Bitmap Index Scan on k_2  (cost=0.00..5.58 rows=114 width=0)
	        Index Cond: ((k >= 1618231) AND (k <= 1618331))

table 3 : explain SELECT k, c FROM sbtest3 WHERE k BETWEEN 1618231 AND 1618331
	Bitmap Heap Scan on sbtest3  (cost=5.47..405.13 rows=101 width=125)
	  Recheck Cond: ((k >= 1618231) AND (k <= 1618331))
	  ->  Bitmap Index Scan on k_3  (cost=0.00..5.44 rows=101 width=0)
	        Index Cond: ((k >= 1618231) AND (k <= 1618331))

table 4 : explain SELECT k, c FROM sbtest4 WHERE k BETWEEN 1618231 AND 1618331
	Bitmap Heap Scan on sbtest4  (cost=5.53..428.75 rows=107 width=125)
	  Recheck Cond: ((k >= 1618231) AND (k <= 1618331))
	  ->  Bitmap Index Scan on k_4  (cost=0.00..5.50 rows=107 width=0)
	        Index Cond: ((k >= 1618231) AND (k <= 1618331))

table 5 : explain SELECT k, c FROM sbtest5 WHERE k BETWEEN 1618231 AND 1618331
	Bitmap Heap Scan on sbtest5  (cost=5.52..424.81 rows=106 width=125)
	  Recheck Cond: ((k >= 1618231) AND (k <= 1618331))
	  ->  Bitmap Index Scan on k_5  (cost=0.00..5.50 rows=106 width=0)
	        Index Cond: ((k >= 1618231) AND (k <= 1618331))

table 6 : explain SELECT k, c FROM sbtest6 WHERE k BETWEEN 1618231 AND 1618331
	Bitmap Heap Scan on sbtest6  (cost=5.40..377.55 rows=94 width=125)
	  Recheck Cond: ((k >= 1618231) AND (k <= 1618331))
	  ->  Bitmap Index Scan on k_6  (cost=0.00..5.38 rows=94 width=0)
	        Index Cond: ((k >= 1618231) AND (k <= 1618331))

table 7 : explain SELECT k, c FROM sbtest7 WHERE k BETWEEN 1618231 AND 1618331
	Bitmap Heap Scan on sbtest7  (cost=5.56..440.56 rows=110 width=125)
	  Recheck Cond: ((k >= 1618231) AND (k <= 1618331))
	  ->  Bitmap Index Scan on k_7  (cost=0.00..5.53 rows=110 width=0)
	        Index Cond: ((k >= 1618231) AND (k <= 1618331))

table 8 : explain SELECT k, c FROM sbtest8 WHERE k BETWEEN 1618231 AND 1618331
	Bitmap Heap Scan on sbtest8  (cost=5.48..409.07 rows=102 width=125)
	  Recheck Cond: ((k >= 1618231) AND (k <= 1618331))
	  ->  Bitmap Index Scan on k_8  (cost=0.00..5.45 rows=102 width=0)
	        Index Cond: ((k >= 1618231) AND (k <= 1618331))

for range-notcovered
table 1 : explain SELECT k, c FROM sbtest1 WHERE k BETWEEN 6306969 AND 6307069
	Bitmap Heap Scan on sbtest1  (cost=5.48..409.07 rows=102 width=125)
	  Recheck Cond: ((k >= 6306969) AND (k <= 6307069))
	  ->  Bitmap Index Scan on k_1  (cost=0.00..5.45 rows=102 width=0)
	        Index Cond: ((k >= 6306969) AND (k <= 6307069))

table 2 : explain SELECT k, c FROM sbtest2 WHERE k BETWEEN 6306969 AND 6307069
	Bitmap Heap Scan on sbtest2  (cost=5.53..428.75 rows=107 width=125)
	  Recheck Cond: ((k >= 6306969) AND (k <= 6307069))
	  ->  Bitmap Index Scan on k_2  (cost=0.00..5.50 rows=107 width=0)
	        Index Cond: ((k >= 6306969) AND (k <= 6307069))

table 3 : explain SELECT k, c FROM sbtest3 WHERE k BETWEEN 6306969 AND 6307069
	Bitmap Heap Scan on sbtest3  (cost=5.43..389.37 rows=97 width=125)
	  Recheck Cond: ((k >= 6306969) AND (k <= 6307069))
	  ->  Bitmap Index Scan on k_3  (cost=0.00..5.40 rows=97 width=0)
	        Index Cond: ((k >= 6306969) AND (k <= 6307069))

table 4 : explain SELECT k, c FROM sbtest4 WHERE k BETWEEN 6306969 AND 6307069
	Bitmap Heap Scan on sbtest4  (cost=5.49..413.00 rows=103 width=125)
	  Recheck Cond: ((k >= 6306969) AND (k <= 6307069))
	  ->  Bitmap Index Scan on k_4  (cost=0.00..5.46 rows=103 width=0)
	        Index Cond: ((k >= 6306969) AND (k <= 6307069))

table 5 : explain SELECT k, c FROM sbtest5 WHERE k BETWEEN 6306969 AND 6307069
	Bitmap Heap Scan on sbtest5  (cost=5.38..369.67 rows=92 width=125)
	  Recheck Cond: ((k >= 6306969) AND (k <= 6307069))
	  ->  Bitmap Index Scan on k_5  (cost=0.00..5.35 rows=92 width=0)
	        Index Cond: ((k >= 6306969) AND (k <= 6307069))

table 6 : explain SELECT k, c FROM sbtest6 WHERE k BETWEEN 6306969 AND 6307069
	Bitmap Heap Scan on sbtest6  (cost=5.52..424.81 rows=106 width=125)
	  Recheck Cond: ((k >= 6306969) AND (k <= 6307069))
	  ->  Bitmap Index Scan on k_6  (cost=0.00..5.50 rows=106 width=0)
	        Index Cond: ((k >= 6306969) AND (k <= 6307069))

table 7 : explain SELECT k, c FROM sbtest7 WHERE k BETWEEN 6306969 AND 6307069
	Bitmap Heap Scan on sbtest7  (cost=5.50..416.94 rows=104 width=125)
	  Recheck Cond: ((k >= 6306969) AND (k <= 6307069))
	  ->  Bitmap Index Scan on k_7  (cost=0.00..5.47 rows=104 width=0)
	        Index Cond: ((k >= 6306969) AND (k <= 6307069))

table 8 : explain SELECT k, c FROM sbtest8 WHERE k BETWEEN 6306969 AND 6307069
	Bitmap Heap Scan on sbtest8  (cost=5.54..432.69 rows=108 width=125)
	  Recheck Cond: ((k >= 6306969) AND (k <= 6307069))
	  ->  Bitmap Index Scan on k_8  (cost=0.00..5.51 rows=108 width=0)
	        Index Cond: ((k >= 6306969) AND (k <= 6307069))

for range-notcovered
table 1 : explain SELECT k, c FROM sbtest1 WHERE k BETWEEN 4504615 AND 4504715
	Bitmap Heap Scan on sbtest1  (cost=5.41..381.49 rows=95 width=125)
	  Recheck Cond: ((k >= 4504615) AND (k <= 4504715))
	  ->  Bitmap Index Scan on k_1  (cost=0.00..5.38 rows=95 width=0)
	        Index Cond: ((k >= 4504615) AND (k <= 4504715))

table 2 : explain SELECT k, c FROM sbtest2 WHERE k BETWEEN 4504615 AND 4504715
	Bitmap Heap Scan on sbtest2  (cost=5.51..420.88 rows=105 width=125)
	  Recheck Cond: ((k >= 4504615) AND (k <= 4504715))
	  ->  Bitmap Index Scan on k_2  (cost=0.00..5.48 rows=105 width=0)
	        Index Cond: ((k >= 4504615) AND (k <= 4504715))

table 3 : explain SELECT k, c FROM sbtest3 WHERE k BETWEEN 4504615 AND 4504715
	Bitmap Heap Scan on sbtest3  (cost=5.40..377.55 rows=94 width=125)
	  Recheck Cond: ((k >= 4504615) AND (k <= 4504715))
	  ->  Bitmap Index Scan on k_3  (cost=0.00..5.38 rows=94 width=0)
	        Index Cond: ((k >= 4504615) AND (k <= 4504715))

table 4 : explain SELECT k, c FROM sbtest4 WHERE k BETWEEN 4504615 AND 4504715
	Bitmap Heap Scan on sbtest4  (cost=5.40..377.55 rows=94 width=125)
	  Recheck Cond: ((k >= 4504615) AND (k <= 4504715))
	  ->  Bitmap Index Scan on k_4  (cost=0.00..5.38 rows=94 width=0)
	        Index Cond: ((k >= 4504615) AND (k <= 4504715))

table 5 : explain SELECT k, c FROM sbtest5 WHERE k BETWEEN 4504615 AND 4504715
	Bitmap Heap Scan on sbtest5  (cost=5.56..440.56 rows=110 width=125)
	  Recheck Cond: ((k >= 4504615) AND (k <= 4504715))
	  ->  Bitmap Index Scan on k_5  (cost=0.00..5.53 rows=110 width=0)
	        Index Cond: ((k >= 4504615) AND (k <= 4504715))

table 6 : explain SELECT k, c FROM sbtest6 WHERE k BETWEEN 4504615 AND 4504715
	Bitmap Heap Scan on sbtest6  (cost=5.56..440.56 rows=110 width=125)
	  Recheck Cond: ((k >= 4504615) AND (k <= 4504715))
	  ->  Bitmap Index Scan on k_6  (cost=0.00..5.53 rows=110 width=0)
	        Index Cond: ((k >= 4504615) AND (k <= 4504715))

table 7 : explain SELECT k, c FROM sbtest7 WHERE k BETWEEN 4504615 AND 4504715
	Bitmap Heap Scan on sbtest7  (cost=5.54..432.69 rows=108 width=125)
	  Recheck Cond: ((k >= 4504615) AND (k <= 4504715))
	  ->  Bitmap Index Scan on k_7  (cost=0.00..5.51 rows=108 width=0)
	        Index Cond: ((k >= 4504615) AND (k <= 4504715))

table 8 : explain SELECT k, c FROM sbtest8 WHERE k BETWEEN 4504615 AND 4504715
	Bitmap Heap Scan on sbtest8  (cost=5.49..413.00 rows=103 width=125)
	  Recheck Cond: ((k >= 4504615) AND (k <= 4504715))
	  ->  Bitmap Index Scan on k_8  (cost=0.00..5.46 rows=103 width=0)
	        Index Cond: ((k >= 4504615) AND (k <= 4504715))

explain: for range-notcovered :: explain SELECT k, c FROM sbtest%d WHERE k BETWEEN 6306969 AND 6307069
explain: for range-notcovered :: explain SELECT k, c FROM sbtest%d WHERE k BETWEEN 1618231 AND 1618331
explain: for range-notcovered :: explain SELECT k, c FROM sbtest%d WHERE k BETWEEN 4504615 AND 4504715
for range-notcovered
table 1 : explain SELECT k, c FROM sbtest1 WHERE k BETWEEN 5963009 AND 5963109
	Bitmap Heap Scan on sbtest1  (cost=5.57..444.49 rows=111 width=125)
	  Recheck Cond: ((k >= 5963009) AND (k <= 5963109))
	  ->  Bitmap Index Scan on k_1  (cost=0.00..5.54 rows=111 width=0)
	        Index Cond: ((k >= 5963009) AND (k <= 5963109))

table 2 : explain SELECT k, c FROM sbtest2 WHERE k BETWEEN 5963009 AND 5963109
	Bitmap Heap Scan on sbtest2  (cost=5.50..416.94 rows=104 width=125)
	  Recheck Cond: ((k >= 5963009) AND (k <= 5963109))
	  ->  Bitmap Index Scan on k_2  (cost=0.00..5.47 rows=104 width=0)
	        Index Cond: ((k >= 5963009) AND (k <= 5963109))

table 3 : explain SELECT k, c FROM sbtest3 WHERE k BETWEEN 5963009 AND 5963109
	Bitmap Heap Scan on sbtest3  (cost=5.55..436.62 rows=109 width=125)
	  Recheck Cond: ((k >= 5963009) AND (k <= 5963109))
	  ->  Bitmap Index Scan on k_3  (cost=0.00..5.52 rows=109 width=0)
	        Index Cond: ((k >= 5963009) AND (k <= 5963109))

table 4 : explain SELECT k, c FROM sbtest4 WHERE k BETWEEN 5963009 AND 5963109
	Bitmap Heap Scan on sbtest4  (cost=5.53..428.75 rows=107 width=125)
	  Recheck Cond: ((k >= 5963009) AND (k <= 5963109))
	  ->  Bitmap Index Scan on k_4  (cost=0.00..5.50 rows=107 width=0)
	        Index Cond: ((k >= 5963009) AND (k <= 5963109))

table 5 : explain SELECT k, c FROM sbtest5 WHERE k BETWEEN 5963009 AND 5963109
	Bitmap Heap Scan on sbtest5  (cost=5.46..401.19 rows=100 width=125)
	  Recheck Cond: ((k >= 5963009) AND (k <= 5963109))
	  ->  Bitmap Index Scan on k_5  (cost=0.00..5.43 rows=100 width=0)
	        Index Cond: ((k >= 5963009) AND (k <= 5963109))

table 6 : explain SELECT k, c FROM sbtest6 WHERE k BETWEEN 5963009 AND 5963109
	Bitmap Heap Scan on sbtest6  (cost=5.31..342.06 rows=85 width=125)
	  Recheck Cond: ((k >= 5963009) AND (k <= 5963109))
	  ->  Bitmap Index Scan on k_6  (cost=0.00..5.28 rows=85 width=0)
	        Index Cond: ((k >= 5963009) AND (k <= 5963109))

table 7 : explain SELECT k, c FROM sbtest7 WHERE k BETWEEN 5963009 AND 5963109
	Bitmap Heap Scan on sbtest7  (cost=5.49..413.00 rows=103 width=125)
	  Recheck Cond: ((k >= 5963009) AND (k <= 5963109))
	  ->  Bitmap Index Scan on k_7  (cost=0.00..5.46 rows=103 width=0)
	        Index Cond: ((k >= 5963009) AND (k <= 5963109))

table 8 : explain SELECT k, c FROM sbtest8 WHERE k BETWEEN 5963009 AND 5963109
	Bitmap Heap Scan on sbtest8  (cost=5.58..448.42 rows=112 width=125)
	  Recheck Cond: ((k >= 5963009) AND (k <= 5963109))
	  ->  Bitmap Index Scan on k_8  (cost=0.00..5.55 rows=112 width=0)
	        Index Cond: ((k >= 5963009) AND (k <= 5963109))

explain: for range-notcovered :: explain SELECT k, c FROM sbtest%d WHERE k BETWEEN 5963009 AND 5963109
for range-notcovered
table 1 : explain SELECT k, c FROM sbtest1 WHERE k BETWEEN 5548879 AND 5548979
	Bitmap Heap Scan on sbtest1  (cost=5.45..397.25 rows=99 width=125)
	  Recheck Cond: ((k >= 5548879) AND (k <= 5548979))
	  ->  Bitmap Index Scan on k_1  (cost=0.00..5.42 rows=99 width=0)
	        Index Cond: ((k >= 5548879) AND (k <= 5548979))

table 2 : explain SELECT k, c FROM sbtest2 WHERE k BETWEEN 5548879 AND 5548979
	Bitmap Heap Scan on sbtest2  (cost=5.63..468.09 rows=117 width=125)
	  Recheck Cond: ((k >= 5548879) AND (k <= 5548979))
	  ->  Bitmap Index Scan on k_2  (cost=0.00..5.60 rows=117 width=0)
	        Index Cond: ((k >= 5548879) AND (k <= 5548979))

table 3 : explain SELECT k, c FROM sbtest3 WHERE k BETWEEN 5548879 AND 5548979
	Bitmap Heap Scan on sbtest3  (cost=5.45..397.25 rows=99 width=125)
	  Recheck Cond: ((k >= 5548879) AND (k <= 5548979))
	  ->  Bitmap Index Scan on k_3  (cost=0.00..5.42 rows=99 width=0)
	        Index Cond: ((k >= 5548879) AND (k <= 5548979))

table 4 : explain SELECT k, c FROM sbtest4 WHERE k BETWEEN 5548879 AND 5548979
	Bitmap Heap Scan on sbtest4  (cost=5.45..397.25 rows=99 width=125)
	  Recheck Cond: ((k >= 5548879) AND (k <= 5548979))
	  ->  Bitmap Index Scan on k_4  (cost=0.00..5.42 rows=99 width=0)
	        Index Cond: ((k >= 5548879) AND (k <= 5548979))

table 5 : explain SELECT k, c FROM sbtest5 WHERE k BETWEEN 5548879 AND 5548979
	Bitmap Heap Scan on sbtest5  (cost=5.50..416.94 rows=104 width=125)
	  Recheck Cond: ((k >= 5548879) AND (k <= 5548979))
	  ->  Bitmap Index Scan on k_5  (cost=0.00..5.47 rows=104 width=0)
	        Index Cond: ((k >= 5548879) AND (k <= 5548979))

table 6 : explain SELECT k, c FROM sbtest6 WHERE k BETWEEN 5548879 AND 5548979
	Bitmap Heap Scan on sbtest6  (cost=5.43..389.37 rows=97 width=125)
	  Recheck Cond: ((k >= 5548879) AND (k <= 5548979))
	  ->  Bitmap Index Scan on k_6  (cost=0.00..5.40 rows=97 width=0)
	        Index Cond: ((k >= 5548879) AND (k <= 5548979))

table 7 : explain SELECT k, c FROM sbtest7 WHERE k BETWEEN 5548879 AND 5548979
	Bitmap Heap Scan on sbtest7  (cost=5.56..440.56 rows=110 width=125)
	  Recheck Cond: ((k >= 5548879) AND (k <= 5548979))
	  ->  Bitmap Index Scan on k_7  (cost=0.00..5.53 rows=110 width=0)
	        Index Cond: ((k >= 5548879) AND (k <= 5548979))

table 8 : explain SELECT k, c FROM sbtest8 WHERE k BETWEEN 5548879 AND 5548979
	Bitmap Heap Scan on sbtest8  (cost=5.50..416.94 rows=104 width=125)
	  Recheck Cond: ((k >= 5548879) AND (k <= 5548979))
	  ->  Bitmap Index Scan on k_8  (cost=0.00..5.47 rows=104 width=0)
	        Index Cond: ((k >= 5548879) AND (k <= 5548979))

for range-notcovered
table 1 : explain SELECT k, c FROM sbtest1 WHERE k BETWEEN 2422586 AND 2422686
	Bitmap Heap Scan on sbtest1  (cost=5.54..432.69 rows=108 width=125)
	  Recheck Cond: ((k >= 2422586) AND (k <= 2422686))
	  ->  Bitmap Index Scan on k_1  (cost=0.00..5.51 rows=108 width=0)
	        Index Cond: ((k >= 2422586) AND (k <= 2422686))

table 2 : explain SELECT k, c FROM sbtest2 WHERE k BETWEEN 2422586 AND 2422686
	Bitmap Heap Scan on sbtest2  (cost=5.48..409.07 rows=102 width=125)
	  Recheck Cond: ((k >= 2422586) AND (k <= 2422686))
	  ->  Bitmap Index Scan on k_2  (cost=0.00..5.45 rows=102 width=0)
	        Index Cond: ((k >= 2422586) AND (k <= 2422686))

table 3 : explain SELECT k, c FROM sbtest3 WHERE k BETWEEN 2422586 AND 2422686
	Bitmap Heap Scan on sbtest3  (cost=5.53..428.75 rows=107 width=125)
	  Recheck Cond: ((k >= 2422586) AND (k <= 2422686))
	  ->  Bitmap Index Scan on k_3  (cost=0.00..5.50 rows=107 width=0)
	        Index Cond: ((k >= 2422586) AND (k <= 2422686))

table 4 : explain SELECT k, c FROM sbtest4 WHERE k BETWEEN 2422586 AND 2422686
	Bitmap Heap Scan on sbtest4  (cost=5.46..401.19 rows=100 width=125)
	  Recheck Cond: ((k >= 2422586) AND (k <= 2422686))
	  ->  Bitmap Index Scan on k_4  (cost=0.00..5.43 rows=100 width=0)
	        Index Cond: ((k >= 2422586) AND (k <= 2422686))

table 5 : explain SELECT k, c FROM sbtest5 WHERE k BETWEEN 2422586 AND 2422686
	Bitmap Heap Scan on sbtest5  (cost=5.37..365.72 rows=91 width=125)
	  Recheck Cond: ((k >= 2422586) AND (k <= 2422686))
	  ->  Bitmap Index Scan on k_5  (cost=0.00..5.34 rows=91 width=0)
	        Index Cond: ((k >= 2422586) AND (k <= 2422686))

table 6 : explain SELECT k, c FROM sbtest6 WHERE k BETWEEN 2422586 AND 2422686
	Bitmap Heap Scan on sbtest6  (cost=5.33..349.95 rows=87 width=125)
	  Recheck Cond: ((k >= 2422586) AND (k <= 2422686))
	  ->  Bitmap Index Scan on k_6  (cost=0.00..5.30 rows=87 width=0)
	        Index Cond: ((k >= 2422586) AND (k <= 2422686))

table 7 : explain SELECT k, c FROM sbtest7 WHERE k BETWEEN 2422586 AND 2422686
	Bitmap Heap Scan on sbtest7  (cost=5.46..401.19 rows=100 width=125)
	  Recheck Cond: ((k >= 2422586) AND (k <= 2422686))
	  ->  Bitmap Index Scan on k_7  (cost=0.00..5.43 rows=100 width=0)
	        Index Cond: ((k >= 2422586) AND (k <= 2422686))

table 8 : explain SELECT k, c FROM sbtest8 WHERE k BETWEEN 2422586 AND 2422686
	Bitmap Heap Scan on sbtest8  (cost=5.47..405.13 rows=101 width=125)
	  Recheck Cond: ((k >= 2422586) AND (k <= 2422686))
	  ->  Bitmap Index Scan on k_8  (cost=0.00..5.44 rows=101 width=0)
	        Index Cond: ((k >= 2422586) AND (k <= 2422686))

explain: for range-notcovered :: explain SELECT k, c FROM sbtest%d WHERE k BETWEEN 5548879 AND 5548979
explain: for range-notcovered :: explain SELECT k, c FROM sbtest%d WHERE k BETWEEN 2422586 AND 2422686
for range-notcovered
table 1 : explain SELECT k, c FROM sbtest1 WHERE k BETWEEN 6306969 AND 6307069
	Bitmap Heap Scan on sbtest1  (cost=5.48..409.07 rows=102 width=125)
	  Recheck Cond: ((k >= 6306969) AND (k <= 6307069))
	  ->  Bitmap Index Scan on k_1  (cost=0.00..5.45 rows=102 width=0)
	        Index Cond: ((k >= 6306969) AND (k <= 6307069))

table 2 : explain SELECT k, c FROM sbtest2 WHERE k BETWEEN 6306969 AND 6307069
	Bitmap Heap Scan on sbtest2  (cost=5.53..428.75 rows=107 width=125)
	  Recheck Cond: ((k >= 6306969) AND (k <= 6307069))
	  ->  Bitmap Index Scan on k_2  (cost=0.00..5.50 rows=107 width=0)
	        Index Cond: ((k >= 6306969) AND (k <= 6307069))

table 3 : explain SELECT k, c FROM sbtest3 WHERE k BETWEEN 6306969 AND 6307069
	Bitmap Heap Scan on sbtest3  (cost=5.43..389.37 rows=97 width=125)
	  Recheck Cond: ((k >= 6306969) AND (k <= 6307069))
	  ->  Bitmap Index Scan on k_3  (cost=0.00..5.40 rows=97 width=0)
	        Index Cond: ((k >= 6306969) AND (k <= 6307069))

table 4 : explain SELECT k, c FROM sbtest4 WHERE k BETWEEN 6306969 AND 6307069
	Bitmap Heap Scan on sbtest4  (cost=5.49..413.00 rows=103 width=125)
	  Recheck Cond: ((k >= 6306969) AND (k <= 6307069))
	  ->  Bitmap Index Scan on k_4  (cost=0.00..5.46 rows=103 width=0)
	        Index Cond: ((k >= 6306969) AND (k <= 6307069))

table 5 : explain SELECT k, c FROM sbtest5 WHERE k BETWEEN 6306969 AND 6307069
	Bitmap Heap Scan on sbtest5  (cost=5.38..369.67 rows=92 width=125)
	  Recheck Cond: ((k >= 6306969) AND (k <= 6307069))
	  ->  Bitmap Index Scan on k_5  (cost=0.00..5.35 rows=92 width=0)
	        Index Cond: ((k >= 6306969) AND (k <= 6307069))

table 6 : explain SELECT k, c FROM sbtest6 WHERE k BETWEEN 6306969 AND 6307069
	Bitmap Heap Scan on sbtest6  (cost=5.52..424.81 rows=106 width=125)
	  Recheck Cond: ((k >= 6306969) AND (k <= 6307069))
	  ->  Bitmap Index Scan on k_6  (cost=0.00..5.50 rows=106 width=0)
	        Index Cond: ((k >= 6306969) AND (k <= 6307069))

table 7 : explain SELECT k, c FROM sbtest7 WHERE k BETWEEN 6306969 AND 6307069
	Bitmap Heap Scan on sbtest7  (cost=5.50..416.94 rows=104 width=125)
	  Recheck Cond: ((k >= 6306969) AND (k <= 6307069))
	  ->  Bitmap Index Scan on k_7  (cost=0.00..5.47 rows=104 width=0)
	        Index Cond: ((k >= 6306969) AND (k <= 6307069))

table 8 : explain SELECT k, c FROM sbtest8 WHERE k BETWEEN 6306969 AND 6307069
	Bitmap Heap Scan on sbtest8  (cost=5.54..432.69 rows=108 width=125)
	  Recheck Cond: ((k >= 6306969) AND (k <= 6307069))
	  ->  Bitmap Index Scan on k_8  (cost=0.00..5.51 rows=108 width=0)
	        Index Cond: ((k >= 6306969) AND (k <= 6307069))

for range-notcovered
table 1 : explain SELECT k, c FROM sbtest1 WHERE k BETWEEN 6815225 AND 6815325
	Bitmap Heap Scan on sbtest1  (cost=5.56..440.56 rows=110 width=125)
	  Recheck Cond: ((k >= 6815225) AND (k <= 6815325))
	  ->  Bitmap Index Scan on k_1  (cost=0.00..5.53 rows=110 width=0)
	        Index Cond: ((k >= 6815225) AND (k <= 6815325))

table 2 : explain SELECT k, c FROM sbtest2 WHERE k BETWEEN 6815225 AND 6815325
	Bitmap Heap Scan on sbtest2  (cost=5.47..405.13 rows=101 width=125)
	  Recheck Cond: ((k >= 6815225) AND (k <= 6815325))
	  ->  Bitmap Index Scan on k_2  (cost=0.00..5.44 rows=101 width=0)
	        Index Cond: ((k >= 6815225) AND (k <= 6815325))

table 3 : explain SELECT k, c FROM sbtest3 WHERE k BETWEEN 6815225 AND 6815325
	Bitmap Heap Scan on sbtest3  (cost=5.48..409.07 rows=102 width=125)
	  Recheck Cond: ((k >= 6815225) AND (k <= 6815325))
	  ->  Bitmap Index Scan on k_3  (cost=0.00..5.45 rows=102 width=0)
	        Index Cond: ((k >= 6815225) AND (k <= 6815325))

table 4 : explain SELECT k, c FROM sbtest4 WHERE k BETWEEN 6815225 AND 6815325
	Bitmap Heap Scan on sbtest4  (cost=5.58..448.42 rows=112 width=125)
	  Recheck Cond: ((k >= 6815225) AND (k <= 6815325))
	  ->  Bitmap Index Scan on k_4  (cost=0.00..5.55 rows=112 width=0)
	        Index Cond: ((k >= 6815225) AND (k <= 6815325))

table 5 : explain SELECT k, c FROM sbtest5 WHERE k BETWEEN 6815225 AND 6815325
	Bitmap Heap Scan on sbtest5  (cost=5.59..452.36 rows=113 width=125)
	  Recheck Cond: ((k >= 6815225) AND (k <= 6815325))
	  ->  Bitmap Index Scan on k_5  (cost=0.00..5.56 rows=113 width=0)
	        Index Cond: ((k >= 6815225) AND (k <= 6815325))

table 6 : explain SELECT k, c FROM sbtest6 WHERE k BETWEEN 6815225 AND 6815325
	Bitmap Heap Scan on sbtest6  (cost=5.50..416.94 rows=104 width=125)
	  Recheck Cond: ((k >= 6815225) AND (k <= 6815325))
	  ->  Bitmap Index Scan on k_6  (cost=0.00..5.47 rows=104 width=0)
	        Index Cond: ((k >= 6815225) AND (k <= 6815325))

table 7 : explain SELECT k, c FROM sbtest7 WHERE k BETWEEN 6815225 AND 6815325
	Bitmap Heap Scan on sbtest7  (cost=5.37..365.72 rows=91 width=125)
	  Recheck Cond: ((k >= 6815225) AND (k <= 6815325))
	  ->  Bitmap Index Scan on k_7  (cost=0.00..5.34 rows=91 width=0)
	        Index Cond: ((k >= 6815225) AND (k <= 6815325))

table 8 : explain SELECT k, c FROM sbtest8 WHERE k BETWEEN 6815225 AND 6815325
	Bitmap Heap Scan on sbtest8  (cost=5.48..409.07 rows=102 width=125)
	  Recheck Cond: ((k >= 6815225) AND (k <= 6815325))
	  ->  Bitmap Index Scan on k_8  (cost=0.00..5.45 rows=102 width=0)
	        Index Cond: ((k >= 6815225) AND (k <= 6815325))

for range-notcovered
table 1 : explain SELECT k, c FROM sbtest1 WHERE k BETWEEN 4504615 AND 4504715
	Bitmap Heap Scan on sbtest1  (cost=5.41..381.49 rows=95 width=125)
	  Recheck Cond: ((k >= 4504615) AND (k <= 4504715))
	  ->  Bitmap Index Scan on k_1  (cost=0.00..5.38 rows=95 width=0)
	        Index Cond: ((k >= 4504615) AND (k <= 4504715))

table 2 : explain SELECT k, c FROM sbtest2 WHERE k BETWEEN 4504615 AND 4504715
	Bitmap Heap Scan on sbtest2  (cost=5.51..420.88 rows=105 width=125)
	  Recheck Cond: ((k >= 4504615) AND (k <= 4504715))
	  ->  Bitmap Index Scan on k_2  (cost=0.00..5.48 rows=105 width=0)
	        Index Cond: ((k >= 4504615) AND (k <= 4504715))

table 3 : explain SELECT k, c FROM sbtest3 WHERE k BETWEEN 4504615 AND 4504715
	Bitmap Heap Scan on sbtest3  (cost=5.40..377.55 rows=94 width=125)
	  Recheck Cond: ((k >= 4504615) AND (k <= 4504715))
	  ->  Bitmap Index Scan on k_3  (cost=0.00..5.38 rows=94 width=0)
	        Index Cond: ((k >= 4504615) AND (k <= 4504715))

table 4 : explain SELECT k, c FROM sbtest4 WHERE k BETWEEN 4504615 AND 4504715
	Bitmap Heap Scan on sbtest4  (cost=5.40..377.55 rows=94 width=125)
	  Recheck Cond: ((k >= 4504615) AND (k <= 4504715))
	  ->  Bitmap Index Scan on k_4  (cost=0.00..5.38 rows=94 width=0)
	        Index Cond: ((k >= 4504615) AND (k <= 4504715))

table 5 : explain SELECT k, c FROM sbtest5 WHERE k BETWEEN 4504615 AND 4504715
	Bitmap Heap Scan on sbtest5  (cost=5.56..440.56 rows=110 width=125)
	  Recheck Cond: ((k >= 4504615) AND (k <= 4504715))
	  ->  Bitmap Index Scan on k_5  (cost=0.00..5.53 rows=110 width=0)
	        Index Cond: ((k >= 4504615) AND (k <= 4504715))

table 6 : explain SELECT k, c FROM sbtest6 WHERE k BETWEEN 4504615 AND 4504715
	Bitmap Heap Scan on sbtest6  (cost=5.56..440.56 rows=110 width=125)
	  Recheck Cond: ((k >= 4504615) AND (k <= 4504715))
	  ->  Bitmap Index Scan on k_6  (cost=0.00..5.53 rows=110 width=0)
	        Index Cond: ((k >= 4504615) AND (k <= 4504715))

table 7 : explain SELECT k, c FROM sbtest7 WHERE k BETWEEN 4504615 AND 4504715
	Bitmap Heap Scan on sbtest7  (cost=5.54..432.69 rows=108 width=125)
	  Recheck Cond: ((k >= 4504615) AND (k <= 4504715))
	  ->  Bitmap Index Scan on k_7  (cost=0.00..5.51 rows=108 width=0)
	        Index Cond: ((k >= 4504615) AND (k <= 4504715))

table 8 : explain SELECT k, c FROM sbtest8 WHERE k BETWEEN 4504615 AND 4504715
	Bitmap Heap Scan on sbtest8  (cost=5.49..413.00 rows=103 width=125)
	  Recheck Cond: ((k >= 4504615) AND (k <= 4504715))
	  ->  Bitmap Index Scan on k_8  (cost=0.00..5.46 rows=103 width=0)
	        Index Cond: ((k >= 4504615) AND (k <= 4504715))

explain: for range-notcovered :: explain SELECT k, c FROM sbtest%d WHERE k BETWEEN 6306969 AND 6307069
explain: for range-notcovered :: explain SELECT k, c FROM sbtest%d WHERE k BETWEEN 6815225 AND 6815325
explain: for range-notcovered :: explain SELECT k, c FROM sbtest%d WHERE k BETWEEN 4504615 AND 4504715for range-notcovered
table 1 : explain SELECT k, c FROM sbtest1 WHERE k BETWEEN 1618231 AND 1618331
	Bitmap Heap Scan on sbtest1  (cost=5.46..401.19 rows=100 width=125)
	  Recheck Cond: ((k >= 1618231) AND (k <= 1618331))
	  ->  Bitmap Index Scan on k_1  (cost=0.00..5.43 rows=100 width=0)
	        Index Cond: ((k >= 1618231) AND (k <= 1618331))

table 2 : explain SELECT k, c FROM sbtest2 WHERE k BETWEEN 1618231 AND 1618331
	Bitmap Heap Scan on sbtest2  (cost=5.60..456.29 rows=114 width=125)
	  Recheck Cond: ((k >= 1618231) AND (k <= 1618331))
	  ->  Bitmap Index Scan on k_2  (cost=0.00..5.58 rows=114 width=0)
	        Index Cond: ((k >= 1618231) AND (k <= 1618331))

table 3 : explain SELECT k, c FROM sbtest3 WHERE k BETWEEN 1618231 AND 1618331
	Bitmap Heap Scan on sbtest3  (cost=5.47..405.13 rows=101 width=125)
	  Recheck Cond: ((k >= 1618231) AND (k <= 1618331))
	  ->  Bitmap Index Scan on k_3  (cost=0.00..5.44 rows=101 width=0)
	        Index Cond: ((k >= 1618231) AND (k <= 1618331))

table 4 : explain SELECT k, c FROM sbtest4 WHERE k BETWEEN 1618231 AND 1618331
	Bitmap Heap Scan on sbtest4  (cost=5.53..428.75 rows=107 width=125)
	  Recheck Cond: ((k >= 1618231) AND (k <= 1618331))
	  ->  Bitmap Index Scan on k_4  (cost=0.00..5.50 rows=107 width=0)
	        Index Cond: ((k >= 1618231) AND (k <= 1618331))

table 5 : explain SELECT k, c FROM sbtest5 WHERE k BETWEEN 1618231 AND 1618331
	Bitmap Heap Scan on sbtest5  (cost=5.52..424.81 rows=106 width=125)
	  Recheck Cond: ((k >= 1618231) AND (k <= 1618331))
	  ->  Bitmap Index Scan on k_5  (cost=0.00..5.50 rows=106 width=0)
	        Index Cond: ((k >= 1618231) AND (k <= 1618331))

table 6 : explain SELECT k, c FROM sbtest6 WHERE k BETWEEN 1618231 AND 1618331
	Bitmap Heap Scan on sbtest6  (cost=5.40..377.55 rows=94 width=125)
	  Recheck Cond: ((k >= 1618231) AND (k <= 1618331))
	  ->  Bitmap Index Scan on k_6  (cost=0.00..5.38 rows=94 width=0)
	        Index Cond: ((k >= 1618231) AND (k <= 1618331))

table 7 : explain SELECT k, c FROM sbtest7 WHERE k BETWEEN 1618231 AND 1618331
	Bitmap Heap Scan on sbtest7  (cost=5.56..440.56 rows=110 width=125)
	  Recheck Cond: ((k >= 1618231) AND (k <= 1618331))
	  ->  Bitmap Index Scan on k_7  (cost=0.00..5.53 rows=110 width=0)
	        Index Cond: ((k >= 1618231) AND (k <= 1618331))

table 8 : explain SELECT k, c FROM sbtest8 WHERE k BETWEEN 1618231 AND 1618331
	Bitmap Heap Scan on sbtest8  (cost=5.48..409.07 rows=102 width=125)
	  Recheck Cond: ((k >= 1618231) AND (k <= 1618331))
	  ->  Bitmap Index Scan on k_8  (cost=0.00..5.45 rows=102 width=0)
	        Index Cond: ((k >= 1618231) AND (k <= 1618331))


explain: for range-notcovered :: explain SELECT k, c FROM sbtest%d WHERE k BETWEEN 1618231 AND 1618331
for range-notcovered
table 1 : explain SELECT k, c FROM sbtest1 WHERE k BETWEEN 3488827 AND 3488927
	Bitmap Heap Scan on sbtest1  (cost=5.52..424.81 rows=106 width=125)
	  Recheck Cond: ((k >= 3488827) AND (k <= 3488927))
	  ->  Bitmap Index Scan on k_1  (cost=0.00..5.50 rows=106 width=0)
	        Index Cond: ((k >= 3488827) AND (k <= 3488927))

table 2 : explain SELECT k, c FROM sbtest2 WHERE k BETWEEN 3488827 AND 3488927
	Bitmap Heap Scan on sbtest2  (cost=5.51..420.88 rows=105 width=125)
	  Recheck Cond: ((k >= 3488827) AND (k <= 3488927))
	  ->  Bitmap Index Scan on k_2  (cost=0.00..5.48 rows=105 width=0)
	        Index Cond: ((k >= 3488827) AND (k <= 3488927))

table 3 : explain SELECT k, c FROM sbtest3 WHERE k BETWEEN 3488827 AND 3488927
	Bitmap Heap Scan on sbtest3  (cost=5.50..416.94 rows=104 width=125)
	  Recheck Cond: ((k >= 3488827) AND (k <= 3488927))
	  ->  Bitmap Index Scan on k_3  (cost=0.00..5.47 rows=104 width=0)
	        Index Cond: ((k >= 3488827) AND (k <= 3488927))

table 4 : explain SELECT k, c FROM sbtest4 WHERE k BETWEEN 3488827 AND 3488927
	Bitmap Heap Scan on sbtest4  (cost=5.50..416.94 rows=104 width=125)
	  Recheck Cond: ((k >= 3488827) AND (k <= 3488927))
	  ->  Bitmap Index Scan on k_4  (cost=0.00..5.47 rows=104 width=0)
	        Index Cond: ((k >= 3488827) AND (k <= 3488927))

table 5 : explain SELECT k, c FROM sbtest5 WHERE k BETWEEN 3488827 AND 3488927
	Bitmap Heap Scan on sbtest5  (cost=5.49..413.00 rows=103 width=125)
	  Recheck Cond: ((k >= 3488827) AND (k <= 3488927))
	  ->  Bitmap Index Scan on k_5  (cost=0.00..5.46 rows=103 width=0)
	        Index Cond: ((k >= 3488827) AND (k <= 3488927))

table 6 : explain SELECT k, c FROM sbtest6 WHERE k BETWEEN 3488827 AND 3488927
	Bitmap Heap Scan on sbtest6  (cost=5.46..401.19 rows=100 width=125)
	  Recheck Cond: ((k >= 3488827) AND (k <= 3488927))
	  ->  Bitmap Index Scan on k_6  (cost=0.00..5.43 rows=100 width=0)
	        Index Cond: ((k >= 3488827) AND (k <= 3488927))

table 7 : explain SELECT k, c FROM sbtest7 WHERE k BETWEEN 3488827 AND 3488927
	Bitmap Heap Scan on sbtest7  (cost=5.43..389.37 rows=97 width=125)
	  Recheck Cond: ((k >= 3488827) AND (k <= 3488927))
	  ->  Bitmap Index Scan on k_7  (cost=0.00..5.40 rows=97 width=0)
	        Index Cond: ((k >= 3488827) AND (k <= 3488927))

table 8 : explain SELECT k, c FROM sbtest8 WHERE k BETWEEN 3488827 AND 3488927
	Bitmap Heap Scan on sbtest8  (cost=5.59..452.36 rows=113 width=125)
	  Recheck Cond: ((k >= 3488827) AND (k <= 3488927))
	  ->  Bitmap Index Scan on k_8  (cost=0.00..5.56 rows=113 width=0)
	        Index Cond: ((k >= 3488827) AND (k <= 3488927))

for range-notcovered
table 1 : explain SELECT k, c FROM sbtest1 WHERE k BETWEEN 5314377 AND 5314477
	Bitmap Heap Scan on sbtest1  (cost=5.39..373.61 rows=93 width=125)
	  Recheck Cond: ((k >= 5314377) AND (k <= 5314477))
	  ->  Bitmap Index Scan on k_1  (cost=0.00..5.36 rows=93 width=0)
	        Index Cond: ((k >= 5314377) AND (k <= 5314477))

table 2 : explain SELECT k, c FROM sbtest2 WHERE k BETWEEN 5314377 AND 5314477
	Bitmap Heap Scan on sbtest2  (cost=5.64..472.02 rows=118 width=125)
	  Recheck Cond: ((k >= 5314377) AND (k <= 5314477))
	  ->  Bitmap Index Scan on k_2  (cost=0.00..5.61 rows=118 width=0)
	        Index Cond: ((k >= 5314377) AND (k <= 5314477))

table 3 : explain SELECT k, c FROM sbtest3 WHERE k BETWEEN 5314377 AND 5314477
	Bitmap Heap Scan on sbtest3  (cost=5.48..409.07 rows=102 width=125)
	  Recheck Cond: ((k >= 5314377) AND (k <= 5314477))
	  ->  Bitmap Index Scan on k_3  (cost=0.00..5.45 rows=102 width=0)
	        Index Cond: ((k >= 5314377) AND (k <= 5314477))

table 4 : explain SELECT k, c FROM sbtest4 WHERE k BETWEEN 5314377 AND 5314477
	Bitmap Heap Scan on sbtest4  (cost=5.53..428.75 rows=107 width=125)
	  Recheck Cond: ((k >= 5314377) AND (k <= 5314477))
	  ->  Bitmap Index Scan on k_4  (cost=0.00..5.50 rows=107 width=0)
	        Index Cond: ((k >= 5314377) AND (k <= 5314477))

table 5 : explain SELECT k, c FROM sbtest5 WHERE k BETWEEN 5314377 AND 5314477
	Bitmap Heap Scan on sbtest5  (cost=5.53..428.75 rows=107 width=125)
	  Recheck Cond: ((k >= 5314377) AND (k <= 5314477))
	  ->  Bitmap Index Scan on k_5  (cost=0.00..5.50 rows=107 width=0)
	        Index Cond: ((k >= 5314377) AND (k <= 5314477))

table 6 : explain SELECT k, c FROM sbtest6 WHERE k BETWEEN 5314377 AND 5314477
	Bitmap Heap Scan on sbtest6  (cost=5.53..428.75 rows=107 width=125)
	  Recheck Cond: ((k >= 5314377) AND (k <= 5314477))
	  ->  Bitmap Index Scan on k_6  (cost=0.00..5.50 rows=107 width=0)
	        Index Cond: ((k >= 5314377) AND (k <= 5314477))

table 7 : explain SELECT k, c FROM sbtest7 WHERE k BETWEEN 5314377 AND 5314477
	Bitmap Heap Scan on sbtest7  (cost=5.46..401.19 rows=100 width=125)
	  Recheck Cond: ((k >= 5314377) AND (k <= 5314477))
	  ->  Bitmap Index Scan on k_7  (cost=0.00..5.43 rows=100 width=0)
	        Index Cond: ((k >= 5314377) AND (k <= 5314477))

table 8 : explain SELECT k, c FROM sbtest8 WHERE k BETWEEN 5314377 AND 5314477
	Bitmap Heap Scan on sbtest8  (cost=5.46..401.19 rows=100 width=125)
	  Recheck Cond: ((k >= 5314377) AND (k <= 5314477))
	  ->  Bitmap Index Scan on k_8  (cost=0.00..5.43 rows=100 width=0)
	        Index Cond: ((k >= 5314377) AND (k <= 5314477))

for range-notcovered
table 1 : explain SELECT k, c FROM sbtest1 WHERE k BETWEEN 2924930 AND 2925030
	Bitmap Heap Scan on sbtest1  (cost=5.39..373.61 rows=93 width=125)
	  Recheck Cond: ((k >= 2924930) AND (k <= 2925030))
	  ->  Bitmap Index Scan on k_1  (cost=0.00..5.36 rows=93 width=0)
	        Index Cond: ((k >= 2924930) AND (k <= 2925030))

table 2 : explain SELECT k, c FROM sbtest2 WHERE k BETWEEN 2924930 AND 2925030
	Bitmap Heap Scan on sbtest2  (cost=5.50..416.94 rows=104 width=125)
	  Recheck Cond: ((k >= 2924930) AND (k <= 2925030))
	  ->  Bitmap Index Scan on k_2  (cost=0.00..5.47 rows=104 width=0)
	        Index Cond: ((k >= 2924930) AND (k <= 2925030))

table 3 : explain SELECT k, c FROM sbtest3 WHERE k BETWEEN 2924930 AND 2925030
	Bitmap Heap Scan on sbtest3  (cost=5.47..405.13 rows=101 width=125)
	  Recheck Cond: ((k >= 2924930) AND (k <= 2925030))
	  ->  Bitmap Index Scan on k_3  (cost=0.00..5.44 rows=101 width=0)
	        Index Cond: ((k >= 2924930) AND (k <= 2925030))

table 4 : explain SELECT k, c FROM sbtest4 WHERE k BETWEEN 2924930 AND 2925030
	Bitmap Heap Scan on sbtest4  (cost=5.52..424.81 rows=106 width=125)
	  Recheck Cond: ((k >= 2924930) AND (k <= 2925030))
	  ->  Bitmap Index Scan on k_4  (cost=0.00..5.50 rows=106 width=0)
	        Index Cond: ((k >= 2924930) AND (k <= 2925030))

table 5 : explain SELECT k, c FROM sbtest5 WHERE k BETWEEN 2924930 AND 2925030
	Bitmap Heap Scan on sbtest5  (cost=5.50..416.94 rows=104 width=125)
	  Recheck Cond: ((k >= 2924930) AND (k <= 2925030))
	  ->  Bitmap Index Scan on k_5  (cost=0.00..5.47 rows=104 width=0)
	        Index Cond: ((k >= 2924930) AND (k <= 2925030))

table 6 : explain SELECT k, c FROM sbtest6 WHERE k BETWEEN 2924930 AND 2925030
	Bitmap Heap Scan on sbtest6  (cost=5.57..444.49 rows=111 width=125)
	  Recheck Cond: ((k >= 2924930) AND (k <= 2925030))
	  ->  Bitmap Index Scan on k_6  (cost=0.00..5.54 rows=111 width=0)
	        Index Cond: ((k >= 2924930) AND (k <= 2925030))

table 7 : explain SELECT k, c FROM sbtest7 WHERE k BETWEEN 2924930 AND 2925030
	Bitmap Heap Scan on sbtest7  (cost=5.59..452.36 rows=113 width=125)
	  Recheck Cond: ((k >= 2924930) AND (k <= 2925030))
	  ->  Bitmap Index Scan on k_7  (cost=0.00..5.56 rows=113 width=0)
	        Index Cond: ((k >= 2924930) AND (k <= 2925030))

table 8 : explain SELECT k, c FROM sbtest8 WHERE k BETWEEN 2924930 AND 2925030
	Bitmap Heap Scan on sbtest8  (cost=5.49..413.00 rows=103 width=125)
	  Recheck Cond: ((k >= 2924930) AND (k <= 2925030))
	  ->  Bitmap Index Scan on k_8  (cost=0.00..5.46 rows=103 width=0)
	        Index Cond: ((k >= 2924930) AND (k <= 2925030))

explain: for range-notcovered :: explain SELECT k, c FROM sbtest%d WHERE k BETWEEN 5314377 AND 5314477
explain: for range-notcovered :: explain SELECT k, c FROM sbtest%d WHERE k BETWEEN 3488827 AND 3488927
for range-notcovered
table 1 : explain SELECT k, c FROM sbtest1 WHERE k BETWEEN 8149461 AND 8149561
	Bitmap Heap Scan on sbtest1  (cost=5.38..369.67 rows=92 width=125)
	  Recheck Cond: ((k >= 8149461) AND (k <= 8149561))
	  ->  Bitmap Index Scan on k_1  (cost=0.00..5.35 rows=92 width=0)
	        Index Cond: ((k >= 8149461) AND (k <= 8149561))

table 2 : explain SELECT k, c FROM sbtest2 WHERE k BETWEEN 8149461 AND 8149561
	Bitmap Heap Scan on sbtest2  (cost=5.44..393.31 rows=98 width=125)
	  Recheck Cond: ((k >= 8149461) AND (k <= 8149561))
	  ->  Bitmap Index Scan on k_2  (cost=0.00..5.42 rows=98 width=0)
	        Index Cond: ((k >= 8149461) AND (k <= 8149561))

table 3 : explain SELECT k, c FROM sbtest3 WHERE k BETWEEN 8149461 AND 8149561
	Bitmap Heap Scan on sbtest3  (cost=5.45..397.25 rows=99 width=125)
	  Recheck Cond: ((k >= 8149461) AND (k <= 8149561))
	  ->  Bitmap Index Scan on k_3  (cost=0.00..5.42 rows=99 width=0)
	        Index Cond: ((k >= 8149461) AND (k <= 8149561))

table 4 : explain SELECT k, c FROM sbtest4 WHERE k BETWEEN 8149461 AND 8149561
	Bitmap Heap Scan on sbtest4  (cost=5.42..385.43 rows=96 width=125)
	  Recheck Cond: ((k >= 8149461) AND (k <= 8149561))
	  ->  Bitmap Index Scan on k_4  (cost=0.00..5.39 rows=96 width=0)
	        Index Cond: ((k >= 8149461) AND (k <= 8149561))

table 5 : explain SELECT k, c FROM sbtest5 WHERE k BETWEEN 8149461 AND 8149561
	Bitmap Heap Scan on sbtest5  (cost=5.45..397.25 rows=99 width=125)
	  Recheck Cond: ((k >= 8149461) AND (k <= 8149561))
	  ->  Bitmap Index Scan on k_5  (cost=0.00..5.42 rows=99 width=0)
	        Index Cond: ((k >= 8149461) AND (k <= 8149561))

table 6 : explain SELECT k, c FROM sbtest6 WHERE k BETWEEN 8149461 AND 8149561
	Bitmap Heap Scan on sbtest6  (cost=5.46..401.19 rows=100 width=125)
	  Recheck Cond: ((k >= 8149461) AND (k <= 8149561))
	  ->  Bitmap Index Scan on k_6  (cost=0.00..5.43 rows=100 width=0)
	        Index Cond: ((k >= 8149461) AND (k <= 8149561))

table 7 : explain SELECT k, c FROM sbtest7 WHERE k BETWEEN 8149461 AND 8149561
	Bitmap Heap Scan on sbtest7  (cost=5.47..405.13 rows=101 width=125)
	  Recheck Cond: ((k >= 8149461) AND (k <= 8149561))
	  ->  Bitmap Index Scan on k_7  (cost=0.00..5.44 rows=101 width=0)
	        Index Cond: ((k >= 8149461) AND (k <= 8149561))

table 8 : explain SELECT k, c FROM sbtest8 WHERE k BETWEEN 8149461 AND 8149561
	Bitmap Heap Scan on sbtest8  (cost=5.49..413.00 rows=103 width=125)
	  Recheck Cond: ((k >= 8149461) AND (k <= 8149561))
	  ->  Bitmap Index Scan on k_8  (cost=0.00..5.46 rows=103 width=0)
	        Index Cond: ((k >= 8149461) AND (k <= 8149561))

for range-notcovered
table 1 : explain SELECT k, c FROM sbtest1 WHERE k BETWEEN 5548879 AND 5548979
	Bitmap Heap Scan on sbtest1  (cost=5.45..397.25 rows=99 width=125)
	  Recheck Cond: ((k >= 5548879) AND (k <= 5548979))
	  ->  Bitmap Index Scan on k_1  (cost=0.00..5.42 rows=99 width=0)
	        Index Cond: ((k >= 5548879) AND (k <= 5548979))

table 2 : explain SELECT k, c FROM sbtest2 WHERE k BETWEEN 5548879 AND 5548979
	Bitmap Heap Scan on sbtest2  (cost=5.63..468.09 rows=117 width=125)
	  Recheck Cond: ((k >= 5548879) AND (k <= 5548979))
	  ->  Bitmap Index Scan on k_2  (cost=0.00..5.60 rows=117 width=0)
	        Index Cond: ((k >= 5548879) AND (k <= 5548979))

table 3 : explain SELECT k, c FROM sbtest3 WHERE k BETWEEN 5548879 AND 5548979
	Bitmap Heap Scan on sbtest3  (cost=5.45..397.25 rows=99 width=125)
	  Recheck Cond: ((k >= 5548879) AND (k <= 5548979))
	  ->  Bitmap Index Scan on k_3  (cost=0.00..5.42 rows=99 width=0)
	        Index Cond: ((k >= 5548879) AND (k <= 5548979))

table 4 : explain SELECT k, c FROM sbtest4 WHERE k BETWEEN 5548879 AND 5548979
	Bitmap Heap Scan on sbtest4  (cost=5.45..397.25 rows=99 width=125)
	  Recheck Cond: ((k >= 5548879) AND (k <= 5548979))
	  ->  Bitmap Index Scan on k_4  (cost=0.00..5.42 rows=99 width=0)
	        Index Cond: ((k >= 5548879) AND (k <= 5548979))

table 5 : explain SELECT k, c FROM sbtest5 WHERE k BETWEEN 5548879 AND 5548979
	Bitmap Heap Scan on sbtest5  (cost=5.50..416.94 rows=104 width=125)
	  Recheck Cond: ((k >= 5548879) AND (k <= 5548979))
	  ->  Bitmap Index Scan on k_5  (cost=0.00..5.47 rows=104 width=0)
	        Index Cond: ((k >= 5548879) AND (k <= 5548979))

table 6 : explain SELECT k, c FROM sbtest6 WHERE k BETWEEN 5548879 AND 5548979
	Bitmap Heap Scan on sbtest6  (cost=5.43..389.37 rows=97 width=125)
	  Recheck Cond: ((k >= 5548879) AND (k <= 5548979))
	  ->  Bitmap Index Scan on k_6  (cost=0.00..5.40 rows=97 width=0)
	        Index Cond: ((k >= 5548879) AND (k <= 5548979))

table 7 : explain SELECT k, c FROM sbtest7 WHERE k BETWEEN 5548879 AND 5548979
	Bitmap Heap Scan on sbtest7  (cost=5.56..440.56 rows=110 width=125)
	  Recheck Cond: ((k >= 5548879) AND (k <= 5548979))
	  ->  Bitmap Index Scan on k_7  (cost=0.00..5.53 rows=110 width=0)
	        Index Cond: ((k >= 5548879) AND (k <= 5548979))

table 8 : explain SELECT k, c FROM sbtest8 WHERE k BETWEEN 5548879 AND 5548979
	Bitmap Heap Scan on sbtest8  (cost=5.50..416.94 rows=104 width=125)
	  Recheck Cond: ((k >= 5548879) AND (k <= 5548979))
	  ->  Bitmap Index Scan on k_8  (cost=0.00..5.47 rows=104 width=0)
	        Index Cond: ((k >= 5548879) AND (k <= 5548979))

for range-notcovered
table 1 : explain SELECT k, c FROM sbtest1 WHERE k BETWEEN 6630937 AND 6631037
	Bitmap Heap Scan on sbtest1  (cost=5.43..389.37 rows=97 width=125)
	  Recheck Cond: ((k >= 6630937) AND (k <= 6631037))
	  ->  Bitmap Index Scan on k_1  (cost=0.00..5.40 rows=97 width=0)
	        Index Cond: ((k >= 6630937) AND (k <= 6631037))

table 2 : explain SELECT k, c FROM sbtest2 WHERE k BETWEEN 6630937 AND 6631037
	Bitmap Heap Scan on sbtest2  (cost=5.50..416.94 rows=104 width=125)
	  Recheck Cond: ((k >= 6630937) AND (k <= 6631037))
	  ->  Bitmap Index Scan on k_2  (cost=0.00..5.47 rows=104 width=0)
	        Index Cond: ((k >= 6630937) AND (k <= 6631037))

table 3 : explain SELECT k, c FROM sbtest3 WHERE k BETWEEN 6630937 AND 6631037
	Bitmap Heap Scan on sbtest3  (cost=5.54..432.69 rows=108 width=125)
	  Recheck Cond: ((k >= 6630937) AND (k <= 6631037))
	  ->  Bitmap Index Scan on k_3  (cost=0.00..5.51 rows=108 width=0)
	        Index Cond: ((k >= 6630937) AND (k <= 6631037))

table 4 : explain SELECT k, c FROM sbtest4 WHERE k BETWEEN 6630937 AND 6631037
	Bitmap Heap Scan on sbtest4  (cost=5.54..432.69 rows=108 width=125)
	  Recheck Cond: ((k >= 6630937) AND (k <= 6631037))
	  ->  Bitmap Index Scan on k_4  (cost=0.00..5.51 rows=108 width=0)
	        Index Cond: ((k >= 6630937) AND (k <= 6631037))

table 5 : explain SELECT k, c FROM sbtest5 WHERE k BETWEEN 6630937 AND 6631037
	Bitmap Heap Scan on sbtest5  (cost=5.47..405.13 rows=101 width=125)
	  Recheck Cond: ((k >= 6630937) AND (k <= 6631037))
	  ->  Bitmap Index Scan on k_5  (cost=0.00..5.44 rows=101 width=0)
	        Index Cond: ((k >= 6630937) AND (k <= 6631037))

table 6 : explain SELECT k, c FROM sbtest6 WHERE k BETWEEN 6630937 AND 6631037
	Bitmap Heap Scan on sbtest6  (cost=5.50..416.94 rows=104 width=125)
	  Recheck Cond: ((k >= 6630937) AND (k <= 6631037))
	  ->  Bitmap Index Scan on k_6  (cost=0.00..5.47 rows=104 width=0)
	        Index Cond: ((k >= 6630937) AND (k <= 6631037))

table 7 : explain SELECT k, c FROM sbtest7 WHERE k BETWEEN 6630937 AND 6631037
	Bitmap Heap Scan on sbtest7  (cost=5.39..373.61 rows=93 width=125)
	  Recheck Cond: ((k >= 6630937) AND (k <= 6631037))
	  ->  Bitmap Index Scan on k_7  (cost=0.00..5.36 rows=93 width=0)
	        Index Cond: ((k >= 6630937) AND (k <= 6631037))

table 8 : explain SELECT k, c FROM sbtest8 WHERE k BETWEEN 6630937 AND 6631037
	Bitmap Heap Scan on sbtest8  (cost=5.41..381.49 rows=95 width=125)
	  Recheck Cond: ((k >= 6630937) AND (k <= 6631037))
	  ->  Bitmap Index Scan on k_8  (cost=0.00..5.38 rows=95 width=0)
	        Index Cond: ((k >= 6630937) AND (k <= 6631037))

explain: for range-notcovered :: explain SELECT k, c FROM sbtest%d WHERE k BETWEEN 5548879 AND 5548979
for range-notcovered
table 1 : explain SELECT k, c FROM sbtest1 WHERE k BETWEEN 2422586 AND 2422686
	Bitmap Heap Scan on sbtest1  (cost=5.54..432.69 rows=108 width=125)
	  Recheck Cond: ((k >= 2422586) AND (k <= 2422686))
	  ->  Bitmap Index Scan on k_1  (cost=0.00..5.51 rows=108 width=0)
	        Index Cond: ((k >= 2422586) AND (k <= 2422686))

table 2 : explain SELECT k, c FROM sbtest2 WHERE k BETWEEN 2422586 AND 2422686
	Bitmap Heap Scan on sbtest2  (cost=5.48..409.07 rows=102 width=125)
	  Recheck Cond: ((k >= 2422586) AND (k <= 2422686))
	  ->  Bitmap Index Scan on k_2  (cost=0.00..5.45 rows=102 width=0)
	        Index Cond: ((k >= 2422586) AND (k <= 2422686))

table 3 : explain SELECT k, c FROM sbtest3 WHERE k BETWEEN 2422586 AND 2422686
	Bitmap Heap Scan on sbtest3  (cost=5.53..428.75 rows=107 width=125)
	  Recheck Cond: ((k >= 2422586) AND (k <= 2422686))
	  ->  Bitmap Index Scan on k_3  (cost=0.00..5.50 rows=107 width=0)
	        Index Cond: ((k >= 2422586) AND (k <= 2422686))

table 4 : explain SELECT k, c FROM sbtest4 WHERE k BETWEEN 2422586 AND 2422686
	Bitmap Heap Scan on sbtest4  (cost=5.46..401.19 rows=100 width=125)
	  Recheck Cond: ((k >= 2422586) AND (k <= 2422686))
	  ->  Bitmap Index Scan on k_4  (cost=0.00..5.43 rows=100 width=0)
	        Index Cond: ((k >= 2422586) AND (k <= 2422686))

table 5 : explain SELECT k, c FROM sbtest5 WHERE k BETWEEN 2422586 AND 2422686
	Bitmap Heap Scan on sbtest5  (cost=5.37..365.72 rows=91 width=125)
	  Recheck Cond: ((k >= 2422586) AND (k <= 2422686))
	  ->  Bitmap Index Scan on k_5  (cost=0.00..5.34 rows=91 width=0)
	        Index Cond: ((k >= 2422586) AND (k <= 2422686))

table 6 : explain SELECT k, c FROM sbtest6 WHERE k BETWEEN 2422586 AND 2422686
	Bitmap Heap Scan on sbtest6  (cost=5.33..349.95 rows=87 width=125)
	  Recheck Cond: ((k >= 2422586) AND (k <= 2422686))
	  ->  Bitmap Index Scan on k_6  (cost=0.00..5.30 rows=87 width=0)
	        Index Cond: ((k >= 2422586) AND (k <= 2422686))

table 7 : explain SELECT k, c FROM sbtest7 WHERE k BETWEEN 2422586 AND 2422686
	Bitmap Heap Scan on sbtest7  (cost=5.46..401.19 rows=100 width=125)
	  Recheck Cond: ((k >= 2422586) AND (k <= 2422686))
	  ->  Bitmap Index Scan on k_7  (cost=0.00..5.43 rows=100 width=0)
	        Index Cond: ((k >= 2422586) AND (k <= 2422686))

table 8 : explain SELECT k, c FROM sbtest8 WHERE k BETWEEN 2422586 AND 2422686
	Bitmap Heap Scan on sbtest8  (cost=5.47..405.13 rows=101 width=125)
	  Recheck Cond: ((k >= 2422586) AND (k <= 2422686))
	  ->  Bitmap Index Scan on k_8  (cost=0.00..5.44 rows=101 width=0)
	        Index Cond: ((k >= 2422586) AND (k <= 2422686))

explain: for range-notcovered :: explain SELECT k, c FROM sbtest%d WHERE k BETWEEN 6630937 AND 6631037
for range-notcovered
table 1 : explain SELECT k, c FROM sbtest1 WHERE k BETWEEN 6306969 AND 6307069
	Bitmap Heap Scan on sbtest1  (cost=5.48..409.07 rows=102 width=125)
	  Recheck Cond: ((k >= 6306969) AND (k <= 6307069))
	  ->  Bitmap Index Scan on k_1  (cost=0.00..5.45 rows=102 width=0)
	        Index Cond: ((k >= 6306969) AND (k <= 6307069))

table 2 : explain SELECT k, c FROM sbtest2 WHERE k BETWEEN 6306969 AND 6307069
	Bitmap Heap Scan on sbtest2  (cost=5.53..428.75 rows=107 width=125)
	  Recheck Cond: ((k >= 6306969) AND (k <= 6307069))
	  ->  Bitmap Index Scan on k_2  (cost=0.00..5.50 rows=107 width=0)
	        Index Cond: ((k >= 6306969) AND (k <= 6307069))

table 3 : explain SELECT k, c FROM sbtest3 WHERE k BETWEEN 6306969 AND 6307069
	Bitmap Heap Scan on sbtest3  (cost=5.43..389.37 rows=97 width=125)
	  Recheck Cond: ((k >= 6306969) AND (k <= 6307069))
	  ->  Bitmap Index Scan on k_3  (cost=0.00..5.40 rows=97 width=0)
	        Index Cond: ((k >= 6306969) AND (k <= 6307069))

table 4 : explain SELECT k, c FROM sbtest4 WHERE k BETWEEN 6306969 AND 6307069
	Bitmap Heap Scan on sbtest4  (cost=5.49..413.00 rows=103 width=125)
	  Recheck Cond: ((k >= 6306969) AND (k <= 6307069))
	  ->  Bitmap Index Scan on k_4  (cost=0.00..5.46 rows=103 width=0)
	        Index Cond: ((k >= 6306969) AND (k <= 6307069))

table 5 : explain SELECT k, c FROM sbtest5 WHERE k BETWEEN 6306969 AND 6307069
	Bitmap Heap Scan on sbtest5  (cost=5.38..369.67 rows=92 width=125)
	  Recheck Cond: ((k >= 6306969) AND (k <= 6307069))
	  ->  Bitmap Index Scan on k_5  (cost=0.00..5.35 rows=92 width=0)
	        Index Cond: ((k >= 6306969) AND (k <= 6307069))

table 6 : explain SELECT k, c FROM sbtest6 WHERE k BETWEEN 6306969 AND 6307069
	Bitmap Heap Scan on sbtest6  (cost=5.52..424.81 rows=106 width=125)
	  Recheck Cond: ((k >= 6306969) AND (k <= 6307069))
	  ->  Bitmap Index Scan on k_6  (cost=0.00..5.50 rows=106 width=0)
	        Index Cond: ((k >= 6306969) AND (k <= 6307069))

table 7 : explain SELECT k, c FROM sbtest7 WHERE k BETWEEN 6306969 AND 6307069
	Bitmap Heap Scan on sbtest7  (cost=5.50..416.94 rows=104 width=125)
	  Recheck Cond: ((k >= 6306969) AND (k <= 6307069))
	  ->  Bitmap Index Scan on k_7  (cost=0.00..5.47 rows=104 width=0)
	        Index Cond: ((k >= 6306969) AND (k <= 6307069))

table 8 : explain SELECT k, c FROM sbtest8 WHERE k BETWEEN 6306969 AND 6307069
	Bitmap Heap Scan on sbtest8  (cost=5.54..432.69 rows=108 width=125)
	  Recheck Cond: ((k >= 6306969) AND (k <= 6307069))
	  ->  Bitmap Index Scan on k_8  (cost=0.00..5.51 rows=108 width=0)
	        Index Cond: ((k >= 6306969) AND (k <= 6307069))

explain: for range-notcovered :: explain SELECT k, c FROM sbtest%d WHERE k BETWEEN 8149461 AND 8149561
for range-notcovered
table 1 : explain SELECT k, c FROM sbtest1 WHERE k BETWEEN 4504615 AND 4504715
	Bitmap Heap Scan on sbtest1  (cost=5.41..381.49 rows=95 width=125)
	  Recheck Cond: ((k >= 4504615) AND (k <= 4504715))
	  ->  Bitmap Index Scan on k_1  (cost=0.00..5.38 rows=95 width=0)
	        Index Cond: ((k >= 4504615) AND (k <= 4504715))

table 2 : explain SELECT k, c FROM sbtest2 WHERE k BETWEEN 4504615 AND 4504715
	Bitmap Heap Scan on sbtest2  (cost=5.51..420.88 rows=105 width=125)
	  Recheck Cond: ((k >= 4504615) AND (k <= 4504715))
	  ->  Bitmap Index Scan on k_2  (cost=0.00..5.48 rows=105 width=0)
	        Index Cond: ((k >= 4504615) AND (k <= 4504715))

table 3 : explain SELECT k, c FROM sbtest3 WHERE k BETWEEN 4504615 AND 4504715
	Bitmap Heap Scan on sbtest3  (cost=5.40..377.55 rows=94 width=125)
	  Recheck Cond: ((k >= 4504615) AND (k <= 4504715))
	  ->  Bitmap Index Scan on k_3  (cost=0.00..5.38 rows=94 width=0)
	        Index Cond: ((k >= 4504615) AND (k <= 4504715))

table 4 : explain SELECT k, c FROM sbtest4 WHERE k BETWEEN 4504615 AND 4504715
	Bitmap Heap Scan on sbtest4  (cost=5.40..377.55 rows=94 width=125)
	  Recheck Cond: ((k >= 4504615) AND (k <= 4504715))
	  ->  Bitmap Index Scan on k_4  (cost=0.00..5.38 rows=94 width=0)
	        Index Cond: ((k >= 4504615) AND (k <= 4504715))

table 5 : explain SELECT k, c FROM sbtest5 WHERE k BETWEEN 4504615 AND 4504715
	Bitmap Heap Scan on sbtest5  (cost=5.56..440.56 rows=110 width=125)
	  Recheck Cond: ((k >= 4504615) AND (k <= 4504715))
	  ->  Bitmap Index Scan on k_5  (cost=0.00..5.53 rows=110 width=0)
	        Index Cond: ((k >= 4504615) AND (k <= 4504715))

table 6 : explain SELECT k, c FROM sbtest6 WHERE k BETWEEN 4504615 AND 4504715
	Bitmap Heap Scan on sbtest6  (cost=5.56..440.56 rows=110 width=125)
	  Recheck Cond: ((k >= 4504615) AND (k <= 4504715))
	  ->  Bitmap Index Scan on k_6  (cost=0.00..5.53 rows=110 width=0)
	        Index Cond: ((k >= 4504615) AND (k <= 4504715))

table 7 : explain SELECT k, c FROM sbtest7 WHERE k BETWEEN 4504615 AND 4504715
	Bitmap Heap Scan on sbtest7  (cost=5.54..432.69 rows=108 width=125)
	  Recheck Cond: ((k >= 4504615) AND (k <= 4504715))
	  ->  Bitmap Index Scan on k_7  (cost=0.00..5.51 rows=108 width=0)
	        Index Cond: ((k >= 4504615) AND (k <= 4504715))

table 8 : explain SELECT k, c FROM sbtest8 WHERE k BETWEEN 4504615 AND 4504715
	Bitmap Heap Scan on sbtest8  (cost=5.49..413.00 rows=103 width=125)
	  Recheck Cond: ((k >= 4504615) AND (k <= 4504715))
	  ->  Bitmap Index Scan on k_8  (cost=0.00..5.46 rows=103 width=0)
	        Index Cond: ((k >= 4504615) AND (k <= 4504715))

for range-notcovered
table 1 : explain SELECT k, c FROM sbtest1 WHERE k BETWEEN 5963009 AND 5963109
	Bitmap Heap Scan on sbtest1  (cost=5.57..444.49 rows=111 width=125)
	  Recheck Cond: ((k >= 5963009) AND (k <= 5963109))
	  ->  Bitmap Index Scan on k_1  (cost=0.00..5.54 rows=111 width=0)
	        Index Cond: ((k >= 5963009) AND (k <= 5963109))

table 2 : explain SELECT k, c FROM sbtest2 WHERE k BETWEEN 5963009 AND 5963109
	Bitmap Heap Scan on sbtest2  (cost=5.50..416.94 rows=104 width=125)
	  Recheck Cond: ((k >= 5963009) AND (k <= 5963109))
	  ->  Bitmap Index Scan on k_2  (cost=0.00..5.47 rows=104 width=0)
	        Index Cond: ((k >= 5963009) AND (k <= 5963109))

table 3 : explain SELECT k, c FROM sbtest3 WHERE k BETWEEN 5963009 AND 5963109
	Bitmap Heap Scan on sbtest3  (cost=5.55..436.62 rows=109 width=125)
	  Recheck Cond: ((k >= 5963009) AND (k <= 5963109))
	  ->  Bitmap Index Scan on k_3  (cost=0.00..5.52 rows=109 width=0)
	        Index Cond: ((k >= 5963009) AND (k <= 5963109))

table 4 : explain SELECT k, c FROM sbtest4 WHERE k BETWEEN 5963009 AND 5963109
	Bitmap Heap Scan on sbtest4  (cost=5.53..428.75 rows=107 width=125)
	  Recheck Cond: ((k >= 5963009) AND (k <= 5963109))
	  ->  Bitmap Index Scan on k_4  (cost=0.00..5.50 rows=107 width=0)
	        Index Cond: ((k >= 5963009) AND (k <= 5963109))

table 5 : explain SELECT k, c FROM sbtest5 WHERE k BETWEEN 5963009 AND 5963109
	Bitmap Heap Scan on sbtest5  (cost=5.46..401.19 rows=100 width=125)
	  Recheck Cond: ((k >= 5963009) AND (k <= 5963109))
	  ->  Bitmap Index Scan on k_5  (cost=0.00..5.43 rows=100 width=0)
	        Index Cond: ((k >= 5963009) AND (k <= 5963109))

table 6 : explain SELECT k, c FROM sbtest6 WHERE k BETWEEN 5963009 AND 5963109
	Bitmap Heap Scan on sbtest6  (cost=5.31..342.06 rows=85 width=125)
	  Recheck Cond: ((k >= 5963009) AND (k <= 5963109))
	  ->  Bitmap Index Scan on k_6  (cost=0.00..5.28 rows=85 width=0)
	        Index Cond: ((k >= 5963009) AND (k <= 5963109))

table 7 : explain SELECT k, c FROM sbtest7 WHERE k BETWEEN 5963009 AND 5963109
	Bitmap Heap Scan on sbtest7  (cost=5.49..413.00 rows=103 width=125)
	  Recheck Cond: ((k >= 5963009) AND (k <= 5963109))
	  ->  Bitmap Index Scan on k_7  (cost=0.00..5.46 rows=103 width=0)
	        Index Cond: ((k >= 5963009) AND (k <= 5963109))

table 8 : explain SELECT k, c FROM sbtest8 WHERE k BETWEEN 5963009 AND 5963109
	Bitmap Heap Scan on sbtest8  (cost=5.58..448.42 rows=112 width=125)
	  Recheck Cond: ((k >= 5963009) AND (k <= 5963109))
	  ->  Bitmap Index Scan on k_8  (cost=0.00..5.55 rows=112 width=0)
	        Index Cond: ((k >= 5963009) AND (k <= 5963109))

explain: for range-notcovered :: explain SELECT k, c FROM sbtest%d WHERE k BETWEEN 5963009 AND 5963109
for range-notcovered
table 1 : explain SELECT k, c FROM sbtest1 WHERE k BETWEEN 1618231 AND 1618331
	Bitmap Heap Scan on sbtest1  (cost=5.46..401.19 rows=100 width=125)
	  Recheck Cond: ((k >= 1618231) AND (k <= 1618331))
	  ->  Bitmap Index Scan on k_1  (cost=0.00..5.43 rows=100 width=0)
	        Index Cond: ((k >= 1618231) AND (k <= 1618331))

table 2 : explain SELECT k, c FROM sbtest2 WHERE k BETWEEN 1618231 AND 1618331
	Bitmap Heap Scan on sbtest2  (cost=5.60..456.29 rows=114 width=125)
	  Recheck Cond: ((k >= 1618231) AND (k <= 1618331))
	  ->  Bitmap Index Scan on k_2  (cost=0.00..5.58 rows=114 width=0)
	        Index Cond: ((k >= 1618231) AND (k <= 1618331))

table 3 : explain SELECT k, c FROM sbtest3 WHERE k BETWEEN 1618231 AND 1618331
	Bitmap Heap Scan on sbtest3  (cost=5.47..405.13 rows=101 width=125)
	  Recheck Cond: ((k >= 1618231) AND (k <= 1618331))
	  ->  Bitmap Index Scan on k_3  (cost=0.00..5.44 rows=101 width=0)
	        Index Cond: ((k >= 1618231) AND (k <= 1618331))

table 4 : explain SELECT k, c FROM sbtest4 WHERE k BETWEEN 1618231 AND 1618331
	Bitmap Heap Scan on sbtest4  (cost=5.53..428.75 rows=107 width=125)
	  Recheck Cond: ((k >= 1618231) AND (k <= 1618331))
	  ->  Bitmap Index Scan on k_4  (cost=0.00..5.50 rows=107 width=0)
	        Index Cond: ((k >= 1618231) AND (k <= 1618331))

table 5 : explain SELECT k, c FROM sbtest5 WHERE k BETWEEN 1618231 AND 1618331
	Bitmap Heap Scan on sbtest5  (cost=5.52..424.81 rows=106 width=125)
	  Recheck Cond: ((k >= 1618231) AND (k <= 1618331))
	  ->  Bitmap Index Scan on k_5  (cost=0.00..5.50 rows=106 width=0)
	        Index Cond: ((k >= 1618231) AND (k <= 1618331))

table 6 : explain SELECT k, c FROM sbtest6 WHERE k BETWEEN 1618231 AND 1618331
	Bitmap Heap Scan on sbtest6  (cost=5.40..377.55 rows=94 width=125)
	  Recheck Cond: ((k >= 1618231) AND (k <= 1618331))
	  ->  Bitmap Index Scan on k_6  (cost=0.00..5.38 rows=94 width=0)
	        Index Cond: ((k >= 1618231) AND (k <= 1618331))

table 7 : explain SELECT k, c FROM sbtest7 WHERE k BETWEEN 1618231 AND 1618331
	Bitmap Heap Scan on sbtest7  (cost=5.56..440.56 rows=110 width=125)
	  Recheck Cond: ((k >= 1618231) AND (k <= 1618331))
	  ->  Bitmap Index Scan on k_7  (cost=0.00..5.53 rows=110 width=0)
	        Index Cond: ((k >= 1618231) AND (k <= 1618331))

table 8 : explain SELECT k, c FROM sbtest8 WHERE k BETWEEN 1618231 AND 1618331
	Bitmap Heap Scan on sbtest8  (cost=5.48..409.07 rows=102 width=125)
	  Recheck Cond: ((k >= 1618231) AND (k <= 1618331))
	  ->  Bitmap Index Scan on k_8  (cost=0.00..5.45 rows=102 width=0)
	        Index Cond: ((k >= 1618231) AND (k <= 1618331))

for range-notcovered
table 1 : explain SELECT k, c FROM sbtest1 WHERE k BETWEEN 5314377 AND 5314477
	Bitmap Heap Scan on sbtest1  (cost=5.39..373.61 rows=93 width=125)
	  Recheck Cond: ((k >= 5314377) AND (k <= 5314477))
	  ->  Bitmap Index Scan on k_1  (cost=0.00..5.36 rows=93 width=0)
	        Index Cond: ((k >= 5314377) AND (k <= 5314477))

table 2 : explain SELECT k, c FROM sbtest2 WHERE k BETWEEN 5314377 AND 5314477
	Bitmap Heap Scan on sbtest2  (cost=5.64..472.02 rows=118 width=125)
	  Recheck Cond: ((k >= 5314377) AND (k <= 5314477))
	  ->  Bitmap Index Scan on k_2  (cost=0.00..5.61 rows=118 width=0)
	        Index Cond: ((k >= 5314377) AND (k <= 5314477))

table 3 : explain SELECT k, c FROM sbtest3 WHERE k BETWEEN 5314377 AND 5314477
	Bitmap Heap Scan on sbtest3  (cost=5.48..409.07 rows=102 width=125)
	  Recheck Cond: ((k >= 5314377) AND (k <= 5314477))
	  ->  Bitmap Index Scan on k_3  (cost=0.00..5.45 rows=102 width=0)
	        Index Cond: ((k >= 5314377) AND (k <= 5314477))

table 4 : explain SELECT k, c FROM sbtest4 WHERE k BETWEEN 5314377 AND 5314477
	Bitmap Heap Scan on sbtest4  (cost=5.53..428.75 rows=107 width=125)
	  Recheck Cond: ((k >= 5314377) AND (k <= 5314477))
	  ->  Bitmap Index Scan on k_4  (cost=0.00..5.50 rows=107 width=0)
	        Index Cond: ((k >= 5314377) AND (k <= 5314477))

table 5 : explain SELECT k, c FROM sbtest5 WHERE k BETWEEN 5314377 AND 5314477
	Bitmap Heap Scan on sbtest5  (cost=5.53..428.75 rows=107 width=125)
	  Recheck Cond: ((k >= 5314377) AND (k <= 5314477))
	  ->  Bitmap Index Scan on k_5  (cost=0.00..5.50 rows=107 width=0)
	        Index Cond: ((k >= 5314377) AND (k <= 5314477))

table 6 : explain SELECT k, c FROM sbtest6 WHERE k BETWEEN 5314377 AND 5314477
	Bitmap Heap Scan on sbtest6  (cost=5.53..428.75 rows=107 width=125)
	  Recheck Cond: ((k >= 5314377) AND (k <= 5314477))
	  ->  Bitmap Index Scan on k_6  (cost=0.00..5.50 rows=107 width=0)
	        Index Cond: ((k >= 5314377) AND (k <= 5314477))

table 7 : explain SELECT k, c FROM sbtest7 WHERE k BETWEEN 5314377 AND 5314477
	Bitmap Heap Scan on sbtest7  (cost=5.46..401.19 rows=100 width=125)
	  Recheck Cond: ((k >= 5314377) AND (k <= 5314477))
	  ->  Bitmap Index Scan on k_7  (cost=0.00..5.43 rows=100 width=0)
	        Index Cond: ((k >= 5314377) AND (k <= 5314477))

table 8 : explain SELECT k, c FROM sbtest8 WHERE k BETWEEN 5314377 AND 5314477
	Bitmap Heap Scan on sbtest8  (cost=5.46..401.19 rows=100 width=125)
	  Recheck Cond: ((k >= 5314377) AND (k <= 5314477))
	  ->  Bitmap Index Scan on k_8  (cost=0.00..5.43 rows=100 width=0)
	        Index Cond: ((k >= 5314377) AND (k <= 5314477))

for range-notcovered
table 1 : explain SELECT k, c FROM sbtest1 WHERE k BETWEEN 3488827 AND 3488927
	Bitmap Heap Scan on sbtest1  (cost=5.52..424.81 rows=106 width=125)
	  Recheck Cond: ((k >= 3488827) AND (k <= 3488927))
	  ->  Bitmap Index Scan on k_1  (cost=0.00..5.50 rows=106 width=0)
	        Index Cond: ((k >= 3488827) AND (k <= 3488927))

table 2 : explain SELECT k, c FROM sbtest2 WHERE k BETWEEN 3488827 AND 3488927
	Bitmap Heap Scan on sbtest2  (cost=5.51..420.88 rows=105 width=125)
	  Recheck Cond: ((k >= 3488827) AND (k <= 3488927))
	  ->  Bitmap Index Scan on k_2  (cost=0.00..5.48 rows=105 width=0)
	        Index Cond: ((k >= 3488827) AND (k <= 3488927))

table 3 : explain SELECT k, c FROM sbtest3 WHERE k BETWEEN 3488827 AND 3488927
	Bitmap Heap Scan on sbtest3  (cost=5.50..416.94 rows=104 width=125)
	  Recheck Cond: ((k >= 3488827) AND (k <= 3488927))
	  ->  Bitmap Index Scan on k_3  (cost=0.00..5.47 rows=104 width=0)
	        Index Cond: ((k >= 3488827) AND (k <= 3488927))

table 4 : explain SELECT k, c FROM sbtest4 WHERE k BETWEEN 3488827 AND 3488927
	Bitmap Heap Scan on sbtest4  (cost=5.50..416.94 rows=104 width=125)
	  Recheck Cond: ((k >= 3488827) AND (k <= 3488927))
	  ->  Bitmap Index Scan on k_4  (cost=0.00..5.47 rows=104 width=0)
	        Index Cond: ((k >= 3488827) AND (k <= 3488927))

table 5 : explain SELECT k, c FROM sbtest5 WHERE k BETWEEN 3488827 AND 3488927
	Bitmap Heap Scan on sbtest5  (cost=5.49..413.00 rows=103 width=125)
	  Recheck Cond: ((k >= 3488827) AND (k <= 3488927))
	  ->  Bitmap Index Scan on k_5  (cost=0.00..5.46 rows=103 width=0)
	        Index Cond: ((k >= 3488827) AND (k <= 3488927))

table 6 : explain SELECT k, c FROM sbtest6 WHERE k BETWEEN 3488827 AND 3488927
	Bitmap Heap Scan on sbtest6  (cost=5.46..401.19 rows=100 width=125)
	  Recheck Cond: ((k >= 3488827) AND (k <= 3488927))
	  ->  Bitmap Index Scan on k_6  (cost=0.00..5.43 rows=100 width=0)
	        Index Cond: ((k >= 3488827) AND (k <= 3488927))

table 7 : explain SELECT k, c FROM sbtest7 WHERE k BETWEEN 3488827 AND 3488927
	Bitmap Heap Scan on sbtest7  (cost=5.43..389.37 rows=97 width=125)
	  Recheck Cond: ((k >= 3488827) AND (k <= 3488927))
	  ->  Bitmap Index Scan on k_7  (cost=0.00..5.40 rows=97 width=0)
	        Index Cond: ((k >= 3488827) AND (k <= 3488927))

table 8 : explain SELECT k, c FROM sbtest8 WHERE k BETWEEN 3488827 AND 3488927
	Bitmap Heap Scan on sbtest8  (cost=5.59..452.36 rows=113 width=125)
	  Recheck Cond: ((k >= 3488827) AND (k <= 3488927))
	  ->  Bitmap Index Scan on k_8  (cost=0.00..5.56 rows=113 width=0)
	        Index Cond: ((k >= 3488827) AND (k <= 3488927))

explain: for range-notcovered :: explain SELECT k, c FROM sbtest%d WHERE k BETWEEN 1618231 AND 1618331
explain: for range-notcovered :: explain SELECT k, c FROM sbtest%d WHERE k BETWEEN 5314377 AND 5314477
explain: for range-notcovered :: explain SELECT k, c FROM sbtest%d WHERE k BETWEEN 5068577 AND 5068677
explain: for range-notcovered :: explain SELECT k, c FROM sbtest%d WHERE k BETWEEN 2422586 AND 2422686
for range-notcovered
table 1 : explain SELECT k, c FROM sbtest1 WHERE k BETWEEN 5548879 AND 5548979
	Bitmap Heap Scan on sbtest1  (cost=5.45..397.25 rows=99 width=125)
	  Recheck Cond: ((k >= 5548879) AND (k <= 5548979))
	  ->  Bitmap Index Scan on k_1  (cost=0.00..5.42 rows=99 width=0)
	        Index Cond: ((k >= 5548879) AND (k <= 5548979))

table 2 : explain SELECT k, c FROM sbtest2 WHERE k BETWEEN 5548879 AND 5548979
	Bitmap Heap Scan on sbtest2  (cost=5.63..468.09 rows=117 width=125)
	  Recheck Cond: ((k >= 5548879) AND (k <= 5548979))
	  ->  Bitmap Index Scan on k_2  (cost=0.00..5.60 rows=117 width=0)
	        Index Cond: ((k >= 5548879) AND (k <= 5548979))

table 3 : explain SELECT k, c FROM sbtest3 WHERE k BETWEEN 5548879 AND 5548979
	Bitmap Heap Scan on sbtest3  (cost=5.45..397.25 rows=99 width=125)
	  Recheck Cond: ((k >= 5548879) AND (k <= 5548979))
	  ->  Bitmap Index Scan on k_3  (cost=0.00..5.42 rows=99 width=0)
	        Index Cond: ((k >= 5548879) AND (k <= 5548979))

table 4 : explain SELECT k, c FROM sbtest4 WHERE k BETWEEN 5548879 AND 5548979
	Bitmap Heap Scan on sbtest4  (cost=5.45..397.25 rows=99 width=125)
	  Recheck Cond: ((k >= 5548879) AND (k <= 5548979))
	  ->  Bitmap Index Scan on k_4  (cost=0.00..5.42 rows=99 width=0)
	        Index Cond: ((k >= 5548879) AND (k <= 5548979))

table 5 : explain SELECT k, c FROM sbtest5 WHERE k BETWEEN 5548879 AND 5548979
	Bitmap Heap Scan on sbtest5  (cost=5.50..416.94 rows=104 width=125)
	  Recheck Cond: ((k >= 5548879) AND (k <= 5548979))
	  ->  Bitmap Index Scan on k_5  (cost=0.00..5.47 rows=104 width=0)
	        Index Cond: ((k >= 5548879) AND (k <= 5548979))

table 6 : explain SELECT k, c FROM sbtest6 WHERE k BETWEEN 5548879 AND 5548979
	Bitmap Heap Scan on sbtest6  (cost=5.43..389.37 rows=97 width=125)
	  Recheck Cond: ((k >= 5548879) AND (k <= 5548979))
	  ->  Bitmap Index Scan on k_6  (cost=0.00..5.40 rows=97 width=0)
	        Index Cond: ((k >= 5548879) AND (k <= 5548979))

table 7 : explain SELECT k, c FROM sbtest7 WHERE k BETWEEN 5548879 AND 5548979
	Bitmap Heap Scan on sbtest7  (cost=5.56..440.56 rows=110 width=125)
	  Recheck Cond: ((k >= 5548879) AND (k <= 5548979))
	  ->  Bitmap Index Scan on k_7  (cost=0.00..5.53 rows=110 width=0)
	        Index Cond: ((k >= 5548879) AND (k <= 5548979))

table 8 : explain SELECT k, c FROM sbtest8 WHERE k BETWEEN 5548879 AND 5548979
	Bitmap Heap Scan on sbtest8  (cost=5.50..416.94 rows=104 width=125)
	  Recheck Cond: ((k >= 5548879) AND (k <= 5548979))
	  ->  Bitmap Index Scan on k_8  (cost=0.00..5.47 rows=104 width=0)
	        Index Cond: ((k >= 5548879) AND (k <= 5548979))

explain: for range-notcovered :: explain SELECT k, c FROM sbtest%d WHERE k BETWEEN 3488827 AND 3488927
explain: for range-notcovered :: explain SELECT k, c FROM sbtest%d WHERE k BETWEEN 5548879 AND 5548979
for range-notcovered
table 1 : explain SELECT k, c FROM sbtest1 WHERE k BETWEEN 3903639 AND 3903739
	Bitmap Heap Scan on sbtest1  (cost=5.55..436.62 rows=109 width=125)
	  Recheck Cond: ((k >= 3903639) AND (k <= 3903739))
	  ->  Bitmap Index Scan on k_1  (cost=0.00..5.52 rows=109 width=0)
	        Index Cond: ((k >= 3903639) AND (k <= 3903739))

table 2 : explain SELECT k, c FROM sbtest2 WHERE k BETWEEN 3903639 AND 3903739
	Bitmap Heap Scan on sbtest2  (cost=5.46..401.19 rows=100 width=125)
	  Recheck Cond: ((k >= 3903639) AND (k <= 3903739))
	  ->  Bitmap Index Scan on k_2  (cost=0.00..5.43 rows=100 width=0)
	        Index Cond: ((k >= 3903639) AND (k <= 3903739))

table 3 : explain SELECT k, c FROM sbtest3 WHERE k BETWEEN 3903639 AND 3903739
	Bitmap Heap Scan on sbtest3  (cost=5.41..381.49 rows=95 width=125)
	  Recheck Cond: ((k >= 3903639) AND (k <= 3903739))
	  ->  Bitmap Index Scan on k_3  (cost=0.00..5.38 rows=95 width=0)
	        Index Cond: ((k >= 3903639) AND (k <= 3903739))

table 4 : explain SELECT k, c FROM sbtest4 WHERE k BETWEEN 3903639 AND 3903739
	Bitmap Heap Scan on sbtest4  (cost=5.54..432.69 rows=108 width=125)
	  Recheck Cond: ((k >= 3903639) AND (k <= 3903739))
	  ->  Bitmap Index Scan on k_4  (cost=0.00..5.51 rows=108 width=0)
	        Index Cond: ((k >= 3903639) AND (k <= 3903739))

table 5 : explain SELECT k, c FROM sbtest5 WHERE k BETWEEN 3903639 AND 3903739
	Bitmap Heap Scan on sbtest5  (cost=5.49..413.00 rows=103 width=125)
	  Recheck Cond: ((k >= 3903639) AND (k <= 3903739))
	  ->  Bitmap Index Scan on k_5  (cost=0.00..5.46 rows=103 width=0)
	        Index Cond: ((k >= 3903639) AND (k <= 3903739))

table 6 : explain SELECT k, c FROM sbtest6 WHERE k BETWEEN 3903639 AND 3903739
	Bitmap Heap Scan on sbtest6  (cost=5.44..393.31 rows=98 width=125)
	  Recheck Cond: ((k >= 3903639) AND (k <= 3903739))
	  ->  Bitmap Index Scan on k_6  (cost=0.00..5.42 rows=98 width=0)
	        Index Cond: ((k >= 3903639) AND (k <= 3903739))

table 7 : explain SELECT k, c FROM sbtest7 WHERE k BETWEEN 3903639 AND 3903739
	Bitmap Heap Scan on sbtest7  (cost=5.42..385.43 rows=96 width=125)
	  Recheck Cond: ((k >= 3903639) AND (k <= 3903739))
	  ->  Bitmap Index Scan on k_7  (cost=0.00..5.39 rows=96 width=0)
	        Index Cond: ((k >= 3903639) AND (k <= 3903739))

table 8 : explain SELECT k, c FROM sbtest8 WHERE k BETWEEN 3903639 AND 3903739
	Bitmap Heap Scan on sbtest8  (cost=5.46..401.19 rows=100 width=125)
	  Recheck Cond: ((k >= 3903639) AND (k <= 3903739))
	  ->  Bitmap Index Scan on k_8  (cost=0.00..5.43 rows=100 width=0)
	        Index Cond: ((k >= 3903639) AND (k <= 3903739))

for range-notcovered
table 1 : explain SELECT k, c FROM sbtest1 WHERE k BETWEEN 3182017 AND 3182117
	Bitmap Heap Scan on sbtest1  (cost=5.51..420.88 rows=105 width=125)
	  Recheck Cond: ((k >= 3182017) AND (k <= 3182117))
	  ->  Bitmap Index Scan on k_1  (cost=0.00..5.48 rows=105 width=0)
	        Index Cond: ((k >= 3182017) AND (k <= 3182117))

table 2 : explain SELECT k, c FROM sbtest2 WHERE k BETWEEN 3182017 AND 3182117
	Bitmap Heap Scan on sbtest2  (cost=5.48..409.07 rows=102 width=125)
	  Recheck Cond: ((k >= 3182017) AND (k <= 3182117))
	  ->  Bitmap Index Scan on k_2  (cost=0.00..5.45 rows=102 width=0)
	        Index Cond: ((k >= 3182017) AND (k <= 3182117))

table 3 : explain SELECT k, c FROM sbtest3 WHERE k BETWEEN 3182017 AND 3182117
	Bitmap Heap Scan on sbtest3  (cost=5.44..393.31 rows=98 width=125)
	  Recheck Cond: ((k >= 3182017) AND (k <= 3182117))
	  ->  Bitmap Index Scan on k_3  (cost=0.00..5.42 rows=98 width=0)
	        Index Cond: ((k >= 3182017) AND (k <= 3182117))

table 4 : explain SELECT k, c FROM sbtest4 WHERE k BETWEEN 3182017 AND 3182117
	Bitmap Heap Scan on sbtest4  (cost=5.44..393.31 rows=98 width=125)
	  Recheck Cond: ((k >= 3182017) AND (k <= 3182117))
	  ->  Bitmap Index Scan on k_4  (cost=0.00..5.42 rows=98 width=0)
	        Index Cond: ((k >= 3182017) AND (k <= 3182117))

table 5 : explain SELECT k, c FROM sbtest5 WHERE k BETWEEN 3182017 AND 3182117
	Bitmap Heap Scan on sbtest5  (cost=5.55..436.62 rows=109 width=125)
	  Recheck Cond: ((k >= 3182017) AND (k <= 3182117))
	  ->  Bitmap Index Scan on k_5  (cost=0.00..5.52 rows=109 width=0)
	        Index Cond: ((k >= 3182017) AND (k <= 3182117))

table 6 : explain SELECT k, c FROM sbtest6 WHERE k BETWEEN 3182017 AND 3182117
	Bitmap Heap Scan on sbtest6  (cost=5.59..452.36 rows=113 width=125)
	  Recheck Cond: ((k >= 3182017) AND (k <= 3182117))
	  ->  Bitmap Index Scan on k_6  (cost=0.00..5.56 rows=113 width=0)
	        Index Cond: ((k >= 3182017) AND (k <= 3182117))

table 7 : explain SELECT k, c FROM sbtest7 WHERE k BETWEEN 3182017 AND 3182117
	Bitmap Heap Scan on sbtest7  (cost=5.44..393.31 rows=98 width=125)
	  Recheck Cond: ((k >= 3182017) AND (k <= 3182117))
	  ->  Bitmap Index Scan on k_7  (cost=0.00..5.42 rows=98 width=0)
	        Index Cond: ((k >= 3182017) AND (k <= 3182117))

table 8 : explain SELECT k, c FROM sbtest8 WHERE k BETWEEN 3182017 AND 3182117
	Bitmap Heap Scan on sbtest8  (cost=5.47..405.13 rows=101 width=125)
	  Recheck Cond: ((k >= 3182017) AND (k <= 3182117))
	  ->  Bitmap Index Scan on k_8  (cost=0.00..5.44 rows=101 width=0)
	        Index Cond: ((k >= 3182017) AND (k <= 3182117))

explain: for range-notcovered :: explain SELECT k, c FROM sbtest%d WHERE k BETWEEN 3903639 AND 3903739
for range-notcovered
table 1 : explain SELECT k, c FROM sbtest1 WHERE k BETWEEN 5314377 AND 5314477
	Bitmap Heap Scan on sbtest1  (cost=5.39..373.61 rows=93 width=125)
	  Recheck Cond: ((k >= 5314377) AND (k <= 5314477))
	  ->  Bitmap Index Scan on k_1  (cost=0.00..5.36 rows=93 width=0)
	        Index Cond: ((k >= 5314377) AND (k <= 5314477))

table 2 : explain SELECT k, c FROM sbtest2 WHERE k BETWEEN 5314377 AND 5314477
	Bitmap Heap Scan on sbtest2  (cost=5.64..472.02 rows=118 width=125)
	  Recheck Cond: ((k >= 5314377) AND (k <= 5314477))
	  ->  Bitmap Index Scan on k_2  (cost=0.00..5.61 rows=118 width=0)
	        Index Cond: ((k >= 5314377) AND (k <= 5314477))

table 3 : explain SELECT k, c FROM sbtest3 WHERE k BETWEEN 5314377 AND 5314477
	Bitmap Heap Scan on sbtest3  (cost=5.48..409.07 rows=102 width=125)
	  Recheck Cond: ((k >= 5314377) AND (k <= 5314477))
	  ->  Bitmap Index Scan on k_3  (cost=0.00..5.45 rows=102 width=0)
	        Index Cond: ((k >= 5314377) AND (k <= 5314477))

table 4 : explain SELECT k, c FROM sbtest4 WHERE k BETWEEN 5314377 AND 5314477
	Bitmap Heap Scan on sbtest4  (cost=5.53..428.75 rows=107 width=125)
	  Recheck Cond: ((k >= 5314377) AND (k <= 5314477))
	  ->  Bitmap Index Scan on k_4  (cost=0.00..5.50 rows=107 width=0)
	        Index Cond: ((k >= 5314377) AND (k <= 5314477))

table 5 : explain SELECT k, c FROM sbtest5 WHERE k BETWEEN 5314377 AND 5314477
	Bitmap Heap Scan on sbtest5  (cost=5.53..428.75 rows=107 width=125)
	  Recheck Cond: ((k >= 5314377) AND (k <= 5314477))
	  ->  Bitmap Index Scan on k_5  (cost=0.00..5.50 rows=107 width=0)
	        Index Cond: ((k >= 5314377) AND (k <= 5314477))

table 6 : explain SELECT k, c FROM sbtest6 WHERE k BETWEEN 5314377 AND 5314477
	Bitmap Heap Scan on sbtest6  (cost=5.53..428.75 rows=107 width=125)
	  Recheck Cond: ((k >= 5314377) AND (k <= 5314477))
	  ->  Bitmap Index Scan on k_6  (cost=0.00..5.50 rows=107 width=0)
	        Index Cond: ((k >= 5314377) AND (k <= 5314477))

table 7 : explain SELECT k, c FROM sbtest7 WHERE k BETWEEN 5314377 AND 5314477
	Bitmap Heap Scan on sbtest7  (cost=5.46..401.19 rows=100 width=125)
	  Recheck Cond: ((k >= 5314377) AND (k <= 5314477))
	  ->  Bitmap Index Scan on k_7  (cost=0.00..5.43 rows=100 width=0)
	        Index Cond: ((k >= 5314377) AND (k <= 5314477))

table 8 : explain SELECT k, c FROM sbtest8 WHERE k BETWEEN 5314377 AND 5314477
	Bitmap Heap Scan on sbtest8  (cost=5.46..401.19 rows=100 width=125)
	  Recheck Cond: ((k >= 5314377) AND (k <= 5314477))
	  ->  Bitmap Index Scan on k_8  (cost=0.00..5.43 rows=100 width=0)
	        Index Cond: ((k >= 5314377) AND (k <= 5314477))
explain: for range-notcovered :: explain SELECT k, c FROM sbtest%d WHERE k BETWEEN 3182017 AND 3182117for range-notcovered
table 1 : explain SELECT k, c FROM sbtest1 WHERE k BETWEEN 1618231 AND 1618331
	Bitmap Heap Scan on sbtest1  (cost=5.46..401.19 rows=100 width=125)
	  Recheck Cond: ((k >= 1618231) AND (k <= 1618331))
	  ->  Bitmap Index Scan on k_1  (cost=0.00..5.43 rows=100 width=0)
	        Index Cond: ((k >= 1618231) AND (k <= 1618331))

table 2 : explain SELECT k, c FROM sbtest2 WHERE k BETWEEN 1618231 AND 1618331
	Bitmap Heap Scan on sbtest2  (cost=5.60..456.29 rows=114 width=125)
	  Recheck Cond: ((k >= 1618231) AND (k <= 1618331))
	  ->  Bitmap Index Scan on k_2  (cost=0.00..5.58 rows=114 width=0)
	        Index Cond: ((k >= 1618231) AND (k <= 1618331))

table 3 : explain SELECT k, c FROM sbtest3 WHERE k BETWEEN 1618231 AND 1618331
	Bitmap Heap Scan on sbtest3  (cost=5.47..405.13 rows=101 width=125)
	  Recheck Cond: ((k >= 1618231) AND (k <= 1618331))
	  ->  Bitmap Index Scan on k_3  (cost=0.00..5.44 rows=101 width=0)
	        Index Cond: ((k >= 1618231) AND (k <= 1618331))

table 4 : explain SELECT k, c FROM sbtest4 WHERE k BETWEEN 1618231 AND 1618331
	Bitmap Heap Scan on sbtest4  (cost=5.53..428.75 rows=107 width=125)
	  Recheck Cond: ((k >= 1618231) AND (k <= 1618331))
	  ->  Bitmap Index Scan on k_4  (cost=0.00..5.50 rows=107 width=0)
	        Index Cond: ((k >= 1618231) AND (k <= 1618331))

table 5 : explain SELECT k, c FROM sbtest5 WHERE k BETWEEN 1618231 AND 1618331
	Bitmap Heap Scan on sbtest5  (cost=5.52..424.81 rows=106 width=125)
	  Recheck Cond: ((k >= 1618231) AND (k <= 1618331))
	  ->  Bitmap Index Scan on k_5  (cost=0.00..5.50 rows=106 width=0)
	        Index Cond: ((k >= 1618231) AND (k <= 1618331))

table 6 : explain SELECT k, c FROM sbtest6 WHERE k BETWEEN 1618231 AND 1618331
	Bitmap Heap Scan on sbtest6  (cost=5.40..377.55 rows=94 width=125)
	  Recheck Cond: ((k >= 1618231) AND (k <= 1618331))
	  ->  Bitmap Index Scan on k_6  (cost=0.00..5.38 rows=94 width=0)
	        Index Cond: ((k >= 1618231) AND (k <= 1618331))

table 7 : explain SELECT k, c FROM sbtest7 WHERE k BETWEEN 1618231 AND 1618331
	Bitmap Heap Scan on sbtest7  (cost=5.56..440.56 rows=110 width=125)
	  Recheck Cond: ((k >= 1618231) AND (k <= 1618331))
	  ->  Bitmap Index Scan on k_7  (cost=0.00..5.53 rows=110 width=0)
	        Index Cond: ((k >= 1618231) AND (k <= 1618331))

table 8 : explain SELECT k, c FROM sbtest8 WHERE k BETWEEN 1618231 AND 1618331
	Bitmap Heap Scan on sbtest8  (cost=5.48..409.07 rows=102 width=125)
	  Recheck Cond: ((k >= 1618231) AND (k <= 1618331))
	  ->  Bitmap Index Scan on k_8  (cost=0.00..5.45 rows=102 width=0)
	        Index Cond: ((k >= 1618231) AND (k <= 1618331))

for range-notcovered
table 1 : explain SELECT k, c FROM sbtest1 WHERE k BETWEEN 5963009 AND 5963109
	Bitmap Heap Scan on sbtest1  (cost=5.57..444.49 rows=111 width=125)
	  Recheck Cond: ((k >= 5963009) AND (k <= 5963109))
	  ->  Bitmap Index Scan on k_1  (cost=0.00..5.54 rows=111 width=0)
	        Index Cond: ((k >= 5963009) AND (k <= 5963109))

table 2 : explain SELECT k, c FROM sbtest2 WHERE k BETWEEN 5963009 AND 5963109
	Bitmap Heap Scan on sbtest2  (cost=5.50..416.94 rows=104 width=125)
	  Recheck Cond: ((k >= 5963009) AND (k <= 5963109))
	  ->  Bitmap Index Scan on k_2  (cost=0.00..5.47 rows=104 width=0)
	        Index Cond: ((k >= 5963009) AND (k <= 5963109))

table 3 : explain SELECT k, c FROM sbtest3 WHERE k BETWEEN 5963009 AND 5963109
	Bitmap Heap Scan on sbtest3  (cost=5.55..436.62 rows=109 width=125)
	  Recheck Cond: ((k >= 5963009) AND (k <= 5963109))
	  ->  Bitmap Index Scan on k_3  (cost=0.00..5.52 rows=109 width=0)
	        Index Cond: ((k >= 5963009) AND (k <= 5963109))

table 4 : explain SELECT k, c FROM sbtest4 WHERE k BETWEEN 5963009 AND 5963109
	Bitmap Heap Scan on sbtest4  (cost=5.53..428.75 rows=107 width=125)
	  Recheck Cond: ((k >= 5963009) AND (k <= 5963109))
	  ->  Bitmap Index Scan on k_4  (cost=0.00..5.50 rows=107 width=0)
	        Index Cond: ((k >= 5963009) AND (k <= 5963109))

table 5 : explain SELECT k, c FROM sbtest5 WHERE k BETWEEN 5963009 AND 5963109
	Bitmap Heap Scan on sbtest5  (cost=5.46..401.19 rows=100 width=125)
	  Recheck Cond: ((k >= 5963009) AND (k <= 5963109))
	  ->  Bitmap Index Scan on k_5  (cost=0.00..5.43 rows=100 width=0)
	        Index Cond: ((k >= 5963009) AND (k <= 5963109))

table 6 : explain SELECT k, c FROM sbtest6 WHERE k BETWEEN 5963009 AND 5963109
	Bitmap Heap Scan on sbtest6  (cost=5.31..342.06 rows=85 width=125)
	  Recheck Cond: ((k >= 5963009) AND (k <= 5963109))
	  ->  Bitmap Index Scan on k_6  (cost=0.00..5.28 rows=85 width=0)
	        Index Cond: ((k >= 5963009) AND (k <= 5963109))

table 7 : explain SELECT k, c FROM sbtest7 WHERE k BETWEEN 5963009 AND 5963109
	Bitmap Heap Scan on sbtest7  (cost=5.49..413.00 rows=103 width=125)
	  Recheck Cond: ((k >= 5963009) AND (k <= 5963109))
	  ->  Bitmap Index Scan on k_7  (cost=0.00..5.46 rows=103 width=0)
	        Index Cond: ((k >= 5963009) AND (k <= 5963109))

table 8 : explain SELECT k, c FROM sbtest8 WHERE k BETWEEN 5963009 AND 5963109
	Bitmap Heap Scan on sbtest8  (cost=5.58..448.42 rows=112 width=125)
	  Recheck Cond: ((k >= 5963009) AND (k <= 5963109))
	  ->  Bitmap Index Scan on k_8  (cost=0.00..5.55 rows=112 width=0)
	        Index Cond: ((k >= 5963009) AND (k <= 5963109))

for range-notcovered
table 1 : explain SELECT k, c FROM sbtest1 WHERE k BETWEEN 5548879 AND 5548979
	Bitmap Heap Scan on sbtest1  (cost=5.45..397.25 rows=99 width=125)
	  Recheck Cond: ((k >= 5548879) AND (k <= 5548979))
	  ->  Bitmap Index Scan on k_1  (cost=0.00..5.42 rows=99 width=0)
	        Index Cond: ((k >= 5548879) AND (k <= 5548979))

table 2 : explain SELECT k, c FROM sbtest2 WHERE k BETWEEN 5548879 AND 5548979
	Bitmap Heap Scan on sbtest2  (cost=5.63..468.09 rows=117 width=125)
	  Recheck Cond: ((k >= 5548879) AND (k <= 5548979))
	  ->  Bitmap Index Scan on k_2  (cost=0.00..5.60 rows=117 width=0)
	        Index Cond: ((k >= 5548879) AND (k <= 5548979))

table 3 : explain SELECT k, c FROM sbtest3 WHERE k BETWEEN 5548879 AND 5548979
	Bitmap Heap Scan on sbtest3  (cost=5.45..397.25 rows=99 width=125)
	  Recheck Cond: ((k >= 5548879) AND (k <= 5548979))
	  ->  Bitmap Index Scan on k_3  (cost=0.00..5.42 rows=99 width=0)
	        Index Cond: ((k >= 5548879) AND (k <= 5548979))

table 4 : explain SELECT k, c FROM sbtest4 WHERE k BETWEEN 5548879 AND 5548979
	Bitmap Heap Scan on sbtest4  (cost=5.45..397.25 rows=99 width=125)
	  Recheck Cond: ((k >= 5548879) AND (k <= 5548979))
	  ->  Bitmap Index Scan on k_4  (cost=0.00..5.42 rows=99 width=0)
	        Index Cond: ((k >= 5548879) AND (k <= 5548979))

table 5 : explain SELECT k, c FROM sbtest5 WHERE k BETWEEN 5548879 AND 5548979
	Bitmap Heap Scan on sbtest5  (cost=5.50..416.94 rows=104 width=125)
	  Recheck Cond: ((k >= 5548879) AND (k <= 5548979))
	  ->  Bitmap Index Scan on k_5  (cost=0.00..5.47 rows=104 width=0)
	        Index Cond: ((k >= 5548879) AND (k <= 5548979))

table 6 : explain SELECT k, c FROM sbtest6 WHERE k BETWEEN 5548879 AND 5548979
	Bitmap Heap Scan on sbtest6  (cost=5.43..389.37 rows=97 width=125)
	  Recheck Cond: ((k >= 5548879) AND (k <= 5548979))
	  ->  Bitmap Index Scan on k_6  (cost=0.00..5.40 rows=97 width=0)
	        Index Cond: ((k >= 5548879) AND (k <= 5548979))

table 7 : explain SELECT k, c FROM sbtest7 WHERE k BETWEEN 5548879 AND 5548979
	Bitmap Heap Scan on sbtest7  (cost=5.56..440.56 rows=110 width=125)
	  Recheck Cond: ((k >= 5548879) AND (k <= 5548979))
	  ->  Bitmap Index Scan on k_7  (cost=0.00..5.53 rows=110 width=0)
	        Index Cond: ((k >= 5548879) AND (k <= 5548979))

table 8 : explain SELECT k, c FROM sbtest8 WHERE k BETWEEN 5548879 AND 5548979
	Bitmap Heap Scan on sbtest8  (cost=5.50..416.94 rows=104 width=125)
	  Recheck Cond: ((k >= 5548879) AND (k <= 5548979))
	  ->  Bitmap Index Scan on k_8  (cost=0.00..5.47 rows=104 width=0)
	        Index Cond: ((k >= 5548879) AND (k <= 5548979))



explain: for range-notcovered :: explain SELECT k, c FROM sbtest%d WHERE k BETWEEN 1618231 AND 1618331
explain: for range-notcovered :: explain SELECT k, c FROM sbtest%d WHERE k BETWEEN 5548879 AND 5548979
explain: for range-notcovered :: explain SELECT k, c FROM sbtest%d WHERE k BETWEEN 5963009 AND 5963109
explain: for range-notcovered :: explain SELECT k, c FROM sbtest%d WHERE k BETWEEN 5314377 AND 5314477
for range-notcovered
table 1 : explain SELECT k, c FROM sbtest1 WHERE k BETWEEN 3903639 AND 3903739
	Bitmap Heap Scan on sbtest1  (cost=5.55..436.62 rows=109 width=125)
	  Recheck Cond: ((k >= 3903639) AND (k <= 3903739))
	  ->  Bitmap Index Scan on k_1  (cost=0.00..5.52 rows=109 width=0)
	        Index Cond: ((k >= 3903639) AND (k <= 3903739))

table 2 : explain SELECT k, c FROM sbtest2 WHERE k BETWEEN 3903639 AND 3903739
	Bitmap Heap Scan on sbtest2  (cost=5.46..401.19 rows=100 width=125)
	  Recheck Cond: ((k >= 3903639) AND (k <= 3903739))
	  ->  Bitmap Index Scan on k_2  (cost=0.00..5.43 rows=100 width=0)
	        Index Cond: ((k >= 3903639) AND (k <= 3903739))

table 3 : explain SELECT k, c FROM sbtest3 WHERE k BETWEEN 3903639 AND 3903739
	Bitmap Heap Scan on sbtest3  (cost=5.41..381.49 rows=95 width=125)
	  Recheck Cond: ((k >= 3903639) AND (k <= 3903739))
	  ->  Bitmap Index Scan on k_3  (cost=0.00..5.38 rows=95 width=0)
	        Index Cond: ((k >= 3903639) AND (k <= 3903739))

table 4 : explain SELECT k, c FROM sbtest4 WHERE k BETWEEN 3903639 AND 3903739
	Bitmap Heap Scan on sbtest4  (cost=5.54..432.69 rows=108 width=125)
	  Recheck Cond: ((k >= 3903639) AND (k <= 3903739))
	  ->  Bitmap Index Scan on k_4  (cost=0.00..5.51 rows=108 width=0)
	        Index Cond: ((k >= 3903639) AND (k <= 3903739))

table 5 : explain SELECT k, c FROM sbtest5 WHERE k BETWEEN 3903639 AND 3903739
	Bitmap Heap Scan on sbtest5  (cost=5.49..413.00 rows=103 width=125)
	  Recheck Cond: ((k >= 3903639) AND (k <= 3903739))
	  ->  Bitmap Index Scan on k_5  (cost=0.00..5.46 rows=103 width=0)
	        Index Cond: ((k >= 3903639) AND (k <= 3903739))

table 6 : explain SELECT k, c FROM sbtest6 WHERE k BETWEEN 3903639 AND 3903739
	Bitmap Heap Scan on sbtest6  (cost=5.44..393.31 rows=98 width=125)
	  Recheck Cond: ((k >= 3903639) AND (k <= 3903739))
	  ->  Bitmap Index Scan on k_6  (cost=0.00..5.42 rows=98 width=0)
	        Index Cond: ((k >= 3903639) AND (k <= 3903739))

table 7 : explain SELECT k, c FROM sbtest7 WHERE k BETWEEN 3903639 AND 3903739
	Bitmap Heap Scan on sbtest7  (cost=5.42..385.43 rows=96 width=125)
	  Recheck Cond: ((k >= 3903639) AND (k <= 3903739))
	  ->  Bitmap Index Scan on k_7  (cost=0.00..5.39 rows=96 width=0)
	        Index Cond: ((k >= 3903639) AND (k <= 3903739))

table 8 : explain SELECT k, c FROM sbtest8 WHERE k BETWEEN 3903639 AND 3903739
	Bitmap Heap Scan on sbtest8  (cost=5.46..401.19 rows=100 width=125)
	  Recheck Cond: ((k >= 3903639) AND (k <= 3903739))
	  ->  Bitmap Index Scan on k_8  (cost=0.00..5.43 rows=100 width=0)
	        Index Cond: ((k >= 3903639) AND (k <= 3903739))

explain: for range-notcovered :: explain SELECT k, c FROM sbtest%d WHERE k BETWEEN 3903639 AND 3903739
for range-notcovered
table 1 : explain SELECT k, c FROM sbtest1 WHERE k BETWEEN 6630937 AND 6631037
	Bitmap Heap Scan on sbtest1  (cost=5.43..389.37 rows=97 width=125)
	  Recheck Cond: ((k >= 6630937) AND (k <= 6631037))
	  ->  Bitmap Index Scan on k_1  (cost=0.00..5.40 rows=97 width=0)
	        Index Cond: ((k >= 6630937) AND (k <= 6631037))

table 2 : explain SELECT k, c FROM sbtest2 WHERE k BETWEEN 6630937 AND 6631037
	Bitmap Heap Scan on sbtest2  (cost=5.50..416.94 rows=104 width=125)
	  Recheck Cond: ((k >= 6630937) AND (k <= 6631037))
	  ->  Bitmap Index Scan on k_2  (cost=0.00..5.47 rows=104 width=0)
	        Index Cond: ((k >= 6630937) AND (k <= 6631037))

table 3 : explain SELECT k, c FROM sbtest3 WHERE k BETWEEN 6630937 AND 6631037
	Bitmap Heap Scan on sbtest3  (cost=5.54..432.69 rows=108 width=125)
	  Recheck Cond: ((k >= 6630937) AND (k <= 6631037))
	  ->  Bitmap Index Scan on k_3  (cost=0.00..5.51 rows=108 width=0)
	        Index Cond: ((k >= 6630937) AND (k <= 6631037))

table 4 : explain SELECT k, c FROM sbtest4 WHERE k BETWEEN 6630937 AND 6631037
	Bitmap Heap Scan on sbtest4  (cost=5.54..432.69 rows=108 width=125)
	  Recheck Cond: ((k >= 6630937) AND (k <= 6631037))
	  ->  Bitmap Index Scan on k_4  (cost=0.00..5.51 rows=108 width=0)
	        Index Cond: ((k >= 6630937) AND (k <= 6631037))

table 5 : explain SELECT k, c FROM sbtest5 WHERE k BETWEEN 6630937 AND 6631037
	Bitmap Heap Scan on sbtest5  (cost=5.47..405.13 rows=101 width=125)
	  Recheck Cond: ((k >= 6630937) AND (k <= 6631037))
	  ->  Bitmap Index Scan on k_5  (cost=0.00..5.44 rows=101 width=0)
	        Index Cond: ((k >= 6630937) AND (k <= 6631037))

table 6 : explain SELECT k, c FROM sbtest6 WHERE k BETWEEN 6630937 AND 6631037
	Bitmap Heap Scan on sbtest6  (cost=5.50..416.94 rows=104 width=125)
	  Recheck Cond: ((k >= 6630937) AND (k <= 6631037))
	  ->  Bitmap Index Scan on k_6  (cost=0.00..5.47 rows=104 width=0)
	        Index Cond: ((k >= 6630937) AND (k <= 6631037))

table 7 : explain SELECT k, c FROM sbtest7 WHERE k BETWEEN 6630937 AND 6631037
	Bitmap Heap Scan on sbtest7  (cost=5.39..373.61 rows=93 width=125)
	  Recheck Cond: ((k >= 6630937) AND (k <= 6631037))
	  ->  Bitmap Index Scan on k_7  (cost=0.00..5.36 rows=93 width=0)
	        Index Cond: ((k >= 6630937) AND (k <= 6631037))

table 8 : explain SELECT k, c FROM sbtest8 WHERE k BETWEEN 6630937 AND 6631037
	Bitmap Heap Scan on sbtest8  (cost=5.41..381.49 rows=95 width=125)
	  Recheck Cond: ((k >= 6630937) AND (k <= 6631037))
	  ->  Bitmap Index Scan on k_8  (cost=0.00..5.38 rows=95 width=0)
	        Index Cond: ((k >= 6630937) AND (k <= 6631037))

for range-notcovered
table 1 : explain SELECT k, c FROM sbtest1 WHERE k BETWEEN 8149461 AND 8149561
	Bitmap Heap Scan on sbtest1  (cost=5.38..369.67 rows=92 width=125)
	  Recheck Cond: ((k >= 8149461) AND (k <= 8149561))
	  ->  Bitmap Index Scan on k_1  (cost=0.00..5.35 rows=92 width=0)
	        Index Cond: ((k >= 8149461) AND (k <= 8149561))

table 2 : explain SELECT k, c FROM sbtest2 WHERE k BETWEEN 8149461 AND 8149561
	Bitmap Heap Scan on sbtest2  (cost=5.44..393.31 rows=98 width=125)
	  Recheck Cond: ((k >= 8149461) AND (k <= 8149561))
	  ->  Bitmap Index Scan on k_2  (cost=0.00..5.42 rows=98 width=0)
	        Index Cond: ((k >= 8149461) AND (k <= 8149561))

table 3 : explain SELECT k, c FROM sbtest3 WHERE k BETWEEN 8149461 AND 8149561
	Bitmap Heap Scan on sbtest3  (cost=5.45..397.25 rows=99 width=125)
	  Recheck Cond: ((k >= 8149461) AND (k <= 8149561))
	  ->  Bitmap Index Scan on k_3  (cost=0.00..5.42 rows=99 width=0)
	        Index Cond: ((k >= 8149461) AND (k <= 8149561))

table 4 : explain SELECT k, c FROM sbtest4 WHERE k BETWEEN 8149461 AND 8149561
	Bitmap Heap Scan on sbtest4  (cost=5.42..385.43 rows=96 width=125)
	  Recheck Cond: ((k >= 8149461) AND (k <= 8149561))
	  ->  Bitmap Index Scan on k_4  (cost=0.00..5.39 rows=96 width=0)
	        Index Cond: ((k >= 8149461) AND (k <= 8149561))

table 5 : explain SELECT k, c FROM sbtest5 WHERE k BETWEEN 8149461 AND 8149561
	Bitmap Heap Scan on sbtest5  (cost=5.45..397.25 rows=99 width=125)
	  Recheck Cond: ((k >= 8149461) AND (k <= 8149561))
	  ->  Bitmap Index Scan on k_5  (cost=0.00..5.42 rows=99 width=0)
	        Index Cond: ((k >= 8149461) AND (k <= 8149561))

table 6 : explain SELECT k, c FROM sbtest6 WHERE k BETWEEN 8149461 AND 8149561
	Bitmap Heap Scan on sbtest6  (cost=5.46..401.19 rows=100 width=125)
	  Recheck Cond: ((k >= 8149461) AND (k <= 8149561))
	  ->  Bitmap Index Scan on k_6  (cost=0.00..5.43 rows=100 width=0)
	        Index Cond: ((k >= 8149461) AND (k <= 8149561))

table 7 : explain SELECT k, c FROM sbtest7 WHERE k BETWEEN 8149461 AND 8149561
	Bitmap Heap Scan on sbtest7  (cost=5.47..405.13 rows=101 width=125)
	  Recheck Cond: ((k >= 8149461) AND (k <= 8149561))
	  ->  Bitmap Index Scan on k_7  (cost=0.00..5.44 rows=101 width=0)
	        Index Cond: ((k >= 8149461) AND (k <= 8149561))

table 8 : explain SELECT k, c FROM sbtest8 WHERE k BETWEEN 8149461 AND 8149561
	Bitmap Heap Scan on sbtest8  (cost=5.49..413.00 rows=103 width=125)
	  Recheck Cond: ((k >= 8149461) AND (k <= 8149561))
	  ->  Bitmap Index Scan on k_8  (cost=0.00..5.46 rows=103 width=0)
	        Index Cond: ((k >= 8149461) AND (k <= 8149561))

for range-notcovered
table 1 : explain SELECT k, c FROM sbtest1 WHERE k BETWEEN 3488827 AND 3488927
	Bitmap Heap Scan on sbtest1  (cost=5.52..424.81 rows=106 width=125)
	  Recheck Cond: ((k >= 3488827) AND (k <= 3488927))
	  ->  Bitmap Index Scan on k_1  (cost=0.00..5.50 rows=106 width=0)
	        Index Cond: ((k >= 3488827) AND (k <= 3488927))

table 2 : explain SELECT k, c FROM sbtest2 WHERE k BETWEEN 3488827 AND 3488927
	Bitmap Heap Scan on sbtest2  (cost=5.51..420.88 rows=105 width=125)
	  Recheck Cond: ((k >= 3488827) AND (k <= 3488927))
	  ->  Bitmap Index Scan on k_2  (cost=0.00..5.48 rows=105 width=0)
	        Index Cond: ((k >= 3488827) AND (k <= 3488927))

table 3 : explain SELECT k, c FROM sbtest3 WHERE k BETWEEN 3488827 AND 3488927
	Bitmap Heap Scan on sbtest3  (cost=5.50..416.94 rows=104 width=125)
	  Recheck Cond: ((k >= 3488827) AND (k <= 3488927))
	  ->  Bitmap Index Scan on k_3  (cost=0.00..5.47 rows=104 width=0)
	        Index Cond: ((k >= 3488827) AND (k <= 3488927))

table 4 : explain SELECT k, c FROM sbtest4 WHERE k BETWEEN 3488827 AND 3488927
	Bitmap Heap Scan on sbtest4  (cost=5.50..416.94 rows=104 width=125)
	  Recheck Cond: ((k >= 3488827) AND (k <= 3488927))
	  ->  Bitmap Index Scan on k_4  (cost=0.00..5.47 rows=104 width=0)
	        Index Cond: ((k >= 3488827) AND (k <= 3488927))

table 5 : explain SELECT k, c FROM sbtest5 WHERE k BETWEEN 3488827 AND 3488927
	Bitmap Heap Scan on sbtest5  (cost=5.49..413.00 rows=103 width=125)
	  Recheck Cond: ((k >= 3488827) AND (k <= 3488927))
	  ->  Bitmap Index Scan on k_5  (cost=0.00..5.46 rows=103 width=0)
	        Index Cond: ((k >= 3488827) AND (k <= 3488927))

table 6 : explain SELECT k, c FROM sbtest6 WHERE k BETWEEN 3488827 AND 3488927
	Bitmap Heap Scan on sbtest6  (cost=5.46..401.19 rows=100 width=125)
	  Recheck Cond: ((k >= 3488827) AND (k <= 3488927))
	  ->  Bitmap Index Scan on k_6  (cost=0.00..5.43 rows=100 width=0)
	        Index Cond: ((k >= 3488827) AND (k <= 3488927))

table 7 : explain SELECT k, c FROM sbtest7 WHERE k BETWEEN 3488827 AND 3488927
	Bitmap Heap Scan on sbtest7  (cost=5.43..389.37 rows=97 width=125)
	  Recheck Cond: ((k >= 3488827) AND (k <= 3488927))
	  ->  Bitmap Index Scan on k_7  (cost=0.00..5.40 rows=97 width=0)
	        Index Cond: ((k >= 3488827) AND (k <= 3488927))

table 8 : explain SELECT k, c FROM sbtest8 WHERE k BETWEEN 3488827 AND 3488927
	Bitmap Heap Scan on sbtest8  (cost=5.59..452.36 rows=113 width=125)
	  Recheck Cond: ((k >= 3488827) AND (k <= 3488927))
	  ->  Bitmap Index Scan on k_8  (cost=0.00..5.56 rows=113 width=0)
	        Index Cond: ((k >= 3488827) AND (k <= 3488927))

for range-notcovered
table 1 : explain SELECT k, c FROM sbtest1 WHERE k BETWEEN 5548879 AND 5548979
	Bitmap Heap Scan on sbtest1  (cost=5.45..397.25 rows=99 width=125)
	  Recheck Cond: ((k >= 5548879) AND (k <= 5548979))
	  ->  Bitmap Index Scan on k_1  (cost=0.00..5.42 rows=99 width=0)
	        Index Cond: ((k >= 5548879) AND (k <= 5548979))

table 2 : explain SELECT k, c FROM sbtest2 WHERE k BETWEEN 5548879 AND 5548979
	Bitmap Heap Scan on sbtest2  (cost=5.63..468.09 rows=117 width=125)
	  Recheck Cond: ((k >= 5548879) AND (k <= 5548979))
	  ->  Bitmap Index Scan on k_2  (cost=0.00..5.60 rows=117 width=0)
	        Index Cond: ((k >= 5548879) AND (k <= 5548979))

table 3 : explain SELECT k, c FROM sbtest3 WHERE k BETWEEN 5548879 AND 5548979
	Bitmap Heap Scan on sbtest3  (cost=5.45..397.25 rows=99 width=125)
	  Recheck Cond: ((k >= 5548879) AND (k <= 5548979))
	  ->  Bitmap Index Scan on k_3  (cost=0.00..5.42 rows=99 width=0)
	        Index Cond: ((k >= 5548879) AND (k <= 5548979))

table 4 : explain SELECT k, c FROM sbtest4 WHERE k BETWEEN 5548879 AND 5548979
	Bitmap Heap Scan on sbtest4  (cost=5.45..397.25 rows=99 width=125)
	  Recheck Cond: ((k >= 5548879) AND (k <= 5548979))
	  ->  Bitmap Index Scan on k_4  (cost=0.00..5.42 rows=99 width=0)
	        Index Cond: ((k >= 5548879) AND (k <= 5548979))

table 5 : explain SELECT k, c FROM sbtest5 WHERE k BETWEEN 5548879 AND 5548979
	Bitmap Heap Scan on sbtest5  (cost=5.50..416.94 rows=104 width=125)
	  Recheck Cond: ((k >= 5548879) AND (k <= 5548979))
	  ->  Bitmap Index Scan on k_5  (cost=0.00..5.47 rows=104 width=0)
	        Index Cond: ((k >= 5548879) AND (k <= 5548979))

table 6 : explain SELECT k, c FROM sbtest6 WHERE k BETWEEN 5548879 AND 5548979
	Bitmap Heap Scan on sbtest6  (cost=5.43..389.37 rows=97 width=125)
	  Recheck Cond: ((k >= 5548879) AND (k <= 5548979))
	  ->  Bitmap Index Scan on k_6  (cost=0.00..5.40 rows=97 width=0)
	        Index Cond: ((k >= 5548879) AND (k <= 5548979))

table 7 : explain SELECT k, c FROM sbtest7 WHERE k BETWEEN 5548879 AND 5548979
	Bitmap Heap Scan on sbtest7  (cost=5.56..440.56 rows=110 width=125)
	  Recheck Cond: ((k >= 5548879) AND (k <= 5548979))
	  ->  Bitmap Index Scan on k_7  (cost=0.00..5.53 rows=110 width=0)
	        Index Cond: ((k >= 5548879) AND (k <= 5548979))

table 8 : explain SELECT k, c FROM sbtest8 WHERE k BETWEEN 5548879 AND 5548979
	Bitmap Heap Scan on sbtest8  (cost=5.50..416.94 rows=104 width=125)
	  Recheck Cond: ((k >= 5548879) AND (k <= 5548979))
	  ->  Bitmap Index Scan on k_8  (cost=0.00..5.47 rows=104 width=0)
	        Index Cond: ((k >= 5548879) AND (k <= 5548979))

for range-notcovered
table 1 : explain SELECT k, c FROM sbtest1 WHERE k BETWEEN 6815225 AND 6815325
	Bitmap Heap Scan on sbtest1  (cost=5.56..440.56 rows=110 width=125)
	  Recheck Cond: ((k >= 6815225) AND (k <= 6815325))
	  ->  Bitmap Index Scan on k_1  (cost=0.00..5.53 rows=110 width=0)
	        Index Cond: ((k >= 6815225) AND (k <= 6815325))

table 2 : explain SELECT k, c FROM sbtest2 WHERE k BETWEEN 6815225 AND 6815325
	Bitmap Heap Scan on sbtest2  (cost=5.47..405.13 rows=101 width=125)
	  Recheck Cond: ((k >= 6815225) AND (k <= 6815325))
	  ->  Bitmap Index Scan on k_2  (cost=0.00..5.44 rows=101 width=0)
	        Index Cond: ((k >= 6815225) AND (k <= 6815325))

table 3 : explain SELECT k, c FROM sbtest3 WHERE k BETWEEN 6815225 AND 6815325
	Bitmap Heap Scan on sbtest3  (cost=5.48..409.07 rows=102 width=125)
	  Recheck Cond: ((k >= 6815225) AND (k <= 6815325))
	  ->  Bitmap Index Scan on k_3  (cost=0.00..5.45 rows=102 width=0)
	        Index Cond: ((k >= 6815225) AND (k <= 6815325))

table 4 : explain SELECT k, c FROM sbtest4 WHERE k BETWEEN 6815225 AND 6815325
	Bitmap Heap Scan on sbtest4  (cost=5.58..448.42 rows=112 width=125)
	  Recheck Cond: ((k >= 6815225) AND (k <= 6815325))
	  ->  Bitmap Index Scan on k_4  (cost=0.00..5.55 rows=112 width=0)
	        Index Cond: ((k >= 6815225) AND (k <= 6815325))

table 5 : explain SELECT k, c FROM sbtest5 WHERE k BETWEEN 6815225 AND 6815325
	Bitmap Heap Scan on sbtest5  (cost=5.59..452.36 rows=113 width=125)
	  Recheck Cond: ((k >= 6815225) AND (k <= 6815325))
	  ->  Bitmap Index Scan on k_5  (cost=0.00..5.56 rows=113 width=0)
	        Index Cond: ((k >= 6815225) AND (k <= 6815325))

table 6 : explain SELECT k, c FROM sbtest6 WHERE k BETWEEN 6815225 AND 6815325
	Bitmap Heap Scan on sbtest6  (cost=5.50..416.94 rows=104 width=125)
	  Recheck Cond: ((k >= 6815225) AND (k <= 6815325))
	  ->  Bitmap Index Scan on k_6  (cost=0.00..5.47 rows=104 width=0)
	        Index Cond: ((k >= 6815225) AND (k <= 6815325))

table 7 : explain SELECT k, c FROM sbtest7 WHERE k BETWEEN 6815225 AND 6815325
	Bitmap Heap Scan on sbtest7  (cost=5.37..365.72 rows=91 width=125)
	  Recheck Cond: ((k >= 6815225) AND (k <= 6815325))
	  ->  Bitmap Index Scan on k_7  (cost=0.00..5.34 rows=91 width=0)
	        Index Cond: ((k >= 6815225) AND (k <= 6815325))

table 8 : explain SELECT k, c FROM sbtest8 WHERE k BETWEEN 6815225 AND 6815325
	Bitmap Heap Scan on sbtest8  (cost=5.48..409.07 rows=102 width=125)
	  Recheck Cond: ((k >= 6815225) AND (k <= 6815325))
	  ->  Bitmap Index Scan on k_8  (cost=0.00..5.45 rows=102 width=0)
	        Index Cond: ((k >= 6815225) AND (k <= 6815325))

for range-notcovered
table 1 : explain SELECT k, c FROM sbtest1 WHERE k BETWEEN 1618231 AND 1618331
	Bitmap Heap Scan on sbtest1  (cost=5.46..401.19 rows=100 width=125)
	  Recheck Cond: ((k >= 1618231) AND (k <= 1618331))
	  ->  Bitmap Index Scan on k_1  (cost=0.00..5.43 rows=100 width=0)
	        Index Cond: ((k >= 1618231) AND (k <= 1618331))

table 2 : explain SELECT k, c FROM sbtest2 WHERE k BETWEEN 1618231 AND 1618331
	Bitmap Heap Scan on sbtest2  (cost=5.60..456.29 rows=114 width=125)
	  Recheck Cond: ((k >= 1618231) AND (k <= 1618331))
	  ->  Bitmap Index Scan on k_2  (cost=0.00..5.58 rows=114 width=0)
	        Index Cond: ((k >= 1618231) AND (k <= 1618331))

table 3 : explain SELECT k, c FROM sbtest3 WHERE k BETWEEN 1618231 AND 1618331
	Bitmap Heap Scan on sbtest3  (cost=5.47..405.13 rows=101 width=125)
	  Recheck Cond: ((k >= 1618231) AND (k <= 1618331))
	  ->  Bitmap Index Scan on k_3  (cost=0.00..5.44 rows=101 width=0)
	        Index Cond: ((k >= 1618231) AND (k <= 1618331))

table 4 : explain SELECT k, c FROM sbtest4 WHERE k BETWEEN 1618231 AND 1618331
	Bitmap Heap Scan on sbtest4  (cost=5.53..428.75 rows=107 width=125)
	  Recheck Cond: ((k >= 1618231) AND (k <= 1618331))
	  ->  Bitmap Index Scan on k_4  (cost=0.00..5.50 rows=107 width=0)
	        Index Cond: ((k >= 1618231) AND (k <= 1618331))

table 5 : explain SELECT k, c FROM sbtest5 WHERE k BETWEEN 1618231 AND 1618331
	Bitmap Heap Scan on sbtest5  (cost=5.52..424.81 rows=106 width=125)
	  Recheck Cond: ((k >= 1618231) AND (k <= 1618331))
	  ->  Bitmap Index Scan on k_5  (cost=0.00..5.50 rows=106 width=0)
	        Index Cond: ((k >= 1618231) AND (k <= 1618331))

table 6 : explain SELECT k, c FROM sbtest6 WHERE k BETWEEN 1618231 AND 1618331
	Bitmap Heap Scan on sbtest6  (cost=5.40..377.55 rows=94 width=125)
	  Recheck Cond: ((k >= 1618231) AND (k <= 1618331))
	  ->  Bitmap Index Scan on k_6  (cost=0.00..5.38 rows=94 width=0)
	        Index Cond: ((k >= 1618231) AND (k <= 1618331))

table 7 : explain SELECT k, c FROM sbtest7 WHERE k BETWEEN 1618231 AND 1618331
	Bitmap Heap Scan on sbtest7  (cost=5.56..440.56 rows=110 width=125)
	  Recheck Cond: ((k >= 1618231) AND (k <= 1618331))
	  ->  Bitmap Index Scan on k_7  (cost=0.00..5.53 rows=110 width=0)
	        Index Cond: ((k >= 1618231) AND (k <= 1618331))

table 8 : explain SELECT k, c FROM sbtest8 WHERE k BETWEEN 1618231 AND 1618331
	Bitmap Heap Scan on sbtest8  (cost=5.48..409.07 rows=102 width=125)
	  Recheck Cond: ((k >= 1618231) AND (k <= 1618331))
	  ->  Bitmap Index Scan on k_8  (cost=0.00..5.45 rows=102 width=0)
	        Index Cond: ((k >= 1618231) AND (k <= 1618331))

explain: for range-notcovered :: explain SELECT k, c FROM sbtest%d WHERE k BETWEEN 5548879 AND 5548979
for range-notcovered
table 1 : explain SELECT k, c FROM sbtest1 WHERE k BETWEEN 2422586 AND 2422686
	Bitmap Heap Scan on sbtest1  (cost=5.54..432.69 rows=108 width=125)
	  Recheck Cond: ((k >= 2422586) AND (k <= 2422686))
	  ->  Bitmap Index Scan on k_1  (cost=0.00..5.51 rows=108 width=0)
	        Index Cond: ((k >= 2422586) AND (k <= 2422686))

table 2 : explain SELECT k, c FROM sbtest2 WHERE k BETWEEN 2422586 AND 2422686
	Bitmap Heap Scan on sbtest2  (cost=5.48..409.07 rows=102 width=125)
	  Recheck Cond: ((k >= 2422586) AND (k <= 2422686))
	  ->  Bitmap Index Scan on k_2  (cost=0.00..5.45 rows=102 width=0)
	        Index Cond: ((k >= 2422586) AND (k <= 2422686))

table 3 : explain SELECT k, c FROM sbtest3 WHERE k BETWEEN 2422586 AND 2422686
	Bitmap Heap Scan on sbtest3  (cost=5.53..428.75 rows=107 width=125)
	  Recheck Cond: ((k >= 2422586) AND (k <= 2422686))
	  ->  Bitmap Index Scan on k_3  (cost=0.00..5.50 rows=107 width=0)
	        Index Cond: ((k >= 2422586) AND (k <= 2422686))

table 4 : explain SELECT k, c FROM sbtest4 WHERE k BETWEEN 2422586 AND 2422686
	Bitmap Heap Scan on sbtest4  (cost=5.46..401.19 rows=100 width=125)
	  Recheck Cond: ((k >= 2422586) AND (k <= 2422686))
	  ->  Bitmap Index Scan on k_4  (cost=0.00..5.43 rows=100 width=0)
	        Index Cond: ((k >= 2422586) AND (k <= 2422686))

table 5 : explain SELECT k, c FROM sbtest5 WHERE k BETWEEN 2422586 AND 2422686
	Bitmap Heap Scan on sbtest5  (cost=5.37..365.72 rows=91 width=125)
	  Recheck Cond: ((k >= 2422586) AND (k <= 2422686))
	  ->  Bitmap Index Scan on k_5  (cost=0.00..5.34 rows=91 width=0)
	        Index Cond: ((k >= 2422586) AND (k <= 2422686))

table 6 : explain SELECT k, c FROM sbtest6 WHERE k BETWEEN 2422586 AND 2422686
	Bitmap Heap Scan on sbtest6  (cost=5.33..349.95 rows=87 width=125)
	  Recheck Cond: ((k >= 2422586) AND (k <= 2422686))
	  ->  Bitmap Index Scan on k_6  (cost=0.00..5.30 rows=87 width=0)
	        Index Cond: ((k >= 2422586) AND (k <= 2422686))

table 7 : explain SELECT k, c FROM sbtest7 WHERE k BETWEEN 2422586 AND 2422686
	Bitmap Heap Scan on sbtest7  (cost=5.46..401.19 rows=100 width=125)
	  Recheck Cond: ((k >= 2422586) AND (k <= 2422686))
	  ->  Bitmap Index Scan on k_7  (cost=0.00..5.43 rows=100 width=0)
	        Index Cond: ((k >= 2422586) AND (k <= 2422686))

table 8 : explain SELECT k, c FROM sbtest8 WHERE k BETWEEN 2422586 AND 2422686
	Bitmap Heap Scan on sbtest8  (cost=5.47..405.13 rows=101 width=125)
	  Recheck Cond: ((k >= 2422586) AND (k <= 2422686))
	  ->  Bitmap Index Scan on k_8  (cost=0.00..5.44 rows=101 width=0)
	        Index Cond: ((k >= 2422586) AND (k <= 2422686))

for range-notcovered
table 1 : explain SELECT k, c FROM sbtest1 WHERE k BETWEEN 5314377 AND 5314477
	Bitmap Heap Scan on sbtest1  (cost=5.39..373.61 rows=93 width=125)
	  Recheck Cond: ((k >= 5314377) AND (k <= 5314477))
	  ->  Bitmap Index Scan on k_1  (cost=0.00..5.36 rows=93 width=0)
	        Index Cond: ((k >= 5314377) AND (k <= 5314477))

table 2 : explain SELECT k, c FROM sbtest2 WHERE k BETWEEN 5314377 AND 5314477
	Bitmap Heap Scan on sbtest2  (cost=5.64..472.02 rows=118 width=125)
	  Recheck Cond: ((k >= 5314377) AND (k <= 5314477))
	  ->  Bitmap Index Scan on k_2  (cost=0.00..5.61 rows=118 width=0)
	        Index Cond: ((k >= 5314377) AND (k <= 5314477))

table 3 : explain SELECT k, c FROM sbtest3 WHERE k BETWEEN 5314377 AND 5314477
	Bitmap Heap Scan on sbtest3  (cost=5.48..409.07 rows=102 width=125)
	  Recheck Cond: ((k >= 5314377) AND (k <= 5314477))
	  ->  Bitmap Index Scan on k_3  (cost=0.00..5.45 rows=102 width=0)
	        Index Cond: ((k >= 5314377) AND (k <= 5314477))

table 4 : explain SELECT k, c FROM sbtest4 WHERE k BETWEEN 5314377 AND 5314477
	Bitmap Heap Scan on sbtest4  (cost=5.53..428.75 rows=107 width=125)
	  Recheck Cond: ((k >= 5314377) AND (k <= 5314477))
	  ->  Bitmap Index Scan on k_4  (cost=0.00..5.50 rows=107 width=0)
	        Index Cond: ((k >= 5314377) AND (k <= 5314477))

table 5 : explain SELECT k, c FROM sbtest5 WHERE k BETWEEN 5314377 AND 5314477
	Bitmap Heap Scan on sbtest5  (cost=5.53..428.75 rows=107 width=125)
	  Recheck Cond: ((k >= 5314377) AND (k <= 5314477))
	  ->  Bitmap Index Scan on k_5  (cost=0.00..5.50 rows=107 width=0)
	        Index Cond: ((k >= 5314377) AND (k <= 5314477))

table 6 : explain SELECT k, c FROM sbtest6 WHERE k BETWEEN 5314377 AND 5314477
	Bitmap Heap Scan on sbtest6  (cost=5.53..428.75 rows=107 width=125)
	  Recheck Cond: ((k >= 5314377) AND (k <= 5314477))
	  ->  Bitmap Index Scan on k_6  (cost=0.00..5.50 rows=107 width=0)
	        Index Cond: ((k >= 5314377) AND (k <= 5314477))

table 7 : explain SELECT k, c FROM sbtest7 WHERE k BETWEEN 5314377 AND 5314477
	Bitmap Heap Scan on sbtest7  (cost=5.46..401.19 rows=100 width=125)
	  Recheck Cond: ((k >= 5314377) AND (k <= 5314477))
	  ->  Bitmap Index Scan on k_7  (cost=0.00..5.43 rows=100 width=0)
	        Index Cond: ((k >= 5314377) AND (k <= 5314477))

table 8 : explain SELECT k, c FROM sbtest8 WHERE k BETWEEN 5314377 AND 5314477
	Bitmap Heap Scan on sbtest8  (cost=5.46..401.19 rows=100 width=125)
	  Recheck Cond: ((k >= 5314377) AND (k <= 5314477))
	  ->  Bitmap Index Scan on k_8  (cost=0.00..5.43 rows=100 width=0)
	        Index Cond: ((k >= 5314377) AND (k <= 5314477))

explain: for range-notcovered :: explain SELECT k, c FROM sbtest%d WHERE k BETWEEN 3488827 AND 3488927
explain: for range-notcovered :: explain SELECT k, c FROM sbtest%d WHERE k BETWEEN 1618231 AND 1618331
explain: for range-notcovered :: explain SELECT k, c FROM sbtest%d WHERE k BETWEEN 5314377 AND 5314477
explain: for range-notcovered :: explain SELECT k, c FROM sbtest%d WHERE k BETWEEN 2422586 AND 2422686
for range-notcovered
table 1 : explain SELECT k, c FROM sbtest1 WHERE k BETWEEN 3903639 AND 3903739
	Bitmap Heap Scan on sbtest1  (cost=5.55..436.62 rows=109 width=125)
	  Recheck Cond: ((k >= 3903639) AND (k <= 3903739))
	  ->  Bitmap Index Scan on k_1  (cost=0.00..5.52 rows=109 width=0)
	        Index Cond: ((k >= 3903639) AND (k <= 3903739))

table 2 : explain SELECT k, c FROM sbtest2 WHERE k BETWEEN 3903639 AND 3903739
	Bitmap Heap Scan on sbtest2  (cost=5.46..401.19 rows=100 width=125)
	  Recheck Cond: ((k >= 3903639) AND (k <= 3903739))
	  ->  Bitmap Index Scan on k_2  (cost=0.00..5.43 rows=100 width=0)
	        Index Cond: ((k >= 3903639) AND (k <= 3903739))

table 3 : explain SELECT k, c FROM sbtest3 WHERE k BETWEEN 3903639 AND 3903739
	Bitmap Heap Scan on sbtest3  (cost=5.41..381.49 rows=95 width=125)
	  Recheck Cond: ((k >= 3903639) AND (k <= 3903739))
	  ->  Bitmap Index Scan on k_3  (cost=0.00..5.38 rows=95 width=0)
	        Index Cond: ((k >= 3903639) AND (k <= 3903739))

table 4 : explain SELECT k, c FROM sbtest4 WHERE k BETWEEN 3903639 AND 3903739
	Bitmap Heap Scan on sbtest4  (cost=5.54..432.69 rows=108 width=125)
	  Recheck Cond: ((k >= 3903639) AND (k <= 3903739))
	  ->  Bitmap Index Scan on k_4  (cost=0.00..5.51 rows=108 width=0)
	        Index Cond: ((k >= 3903639) AND (k <= 3903739))

table 5 : explain SELECT k, c FROM sbtest5 WHERE k BETWEEN 3903639 AND 3903739
	Bitmap Heap Scan on sbtest5  (cost=5.49..413.00 rows=103 width=125)
	  Recheck Cond: ((k >= 3903639) AND (k <= 3903739))
	  ->  Bitmap Index Scan on k_5  (cost=0.00..5.46 rows=103 width=0)
	        Index Cond: ((k >= 3903639) AND (k <= 3903739))

table 6 : explain SELECT k, c FROM sbtest6 WHERE k BETWEEN 3903639 AND 3903739
	Bitmap Heap Scan on sbtest6  (cost=5.44..393.31 rows=98 width=125)
	  Recheck Cond: ((k >= 3903639) AND (k <= 3903739))
	  ->  Bitmap Index Scan on k_6  (cost=0.00..5.42 rows=98 width=0)
	        Index Cond: ((k >= 3903639) AND (k <= 3903739))

table 7 : explain SELECT k, c FROM sbtest7 WHERE k BETWEEN 3903639 AND 3903739
	Bitmap Heap Scan on sbtest7  (cost=5.42..385.43 rows=96 width=125)
	  Recheck Cond: ((k >= 3903639) AND (k <= 3903739))
	  ->  Bitmap Index Scan on k_7  (cost=0.00..5.39 rows=96 width=0)
	        Index Cond: ((k >= 3903639) AND (k <= 3903739))

table 8 : explain SELECT k, c FROM sbtest8 WHERE k BETWEEN 3903639 AND 3903739
	Bitmap Heap Scan on sbtest8  (cost=5.46..401.19 rows=100 width=125)
	  Recheck Cond: ((k >= 3903639) AND (k <= 3903739))
	  ->  Bitmap Index Scan on k_8  (cost=0.00..5.43 rows=100 width=0)
	        Index Cond: ((k >= 3903639) AND (k <= 3903739))

explain: for range-notcovered :: explain SELECT k, c FROM sbtest%d WHERE k BETWEEN 3903639 AND 3903739
explain: for range-notcovered :: explain SELECT k, c FROM sbtest%d WHERE k BETWEEN 6815225 AND 6815325
for range-notcovered
table 1 : explain SELECT k, c FROM sbtest1 WHERE k BETWEEN 5548879 AND 5548979
	Bitmap Heap Scan on sbtest1  (cost=5.45..397.25 rows=99 width=125)
	  Recheck Cond: ((k >= 5548879) AND (k <= 5548979))
	  ->  Bitmap Index Scan on k_1  (cost=0.00..5.42 rows=99 width=0)
	        Index Cond: ((k >= 5548879) AND (k <= 5548979))

table 2 : explain SELECT k, c FROM sbtest2 WHERE k BETWEEN 5548879 AND 5548979
	Bitmap Heap Scan on sbtest2  (cost=5.63..468.09 rows=117 width=125)
	  Recheck Cond: ((k >= 5548879) AND (k <= 5548979))
	  ->  Bitmap Index Scan on k_2  (cost=0.00..5.60 rows=117 width=0)
	        Index Cond: ((k >= 5548879) AND (k <= 5548979))

table 3 : explain SELECT k, c FROM sbtest3 WHERE k BETWEEN 5548879 AND 5548979
	Bitmap Heap Scan on sbtest3  (cost=5.45..397.25 rows=99 width=125)
	  Recheck Cond: ((k >= 5548879) AND (k <= 5548979))
	  ->  Bitmap Index Scan on k_3  (cost=0.00..5.42 rows=99 width=0)
	        Index Cond: ((k >= 5548879) AND (k <= 5548979))

table 4 : explain SELECT k, c FROM sbtest4 WHERE k BETWEEN 5548879 AND 5548979
	Bitmap Heap Scan on sbtest4  (cost=5.45..397.25 rows=99 width=125)
	  Recheck Cond: ((k >= 5548879) AND (k <= 5548979))
	  ->  Bitmap Index Scan on k_4  (cost=0.00..5.42 rows=99 width=0)
	        Index Cond: ((k >= 5548879) AND (k <= 5548979))

table 5 : explain SELECT k, c FROM sbtest5 WHERE k BETWEEN 5548879 AND 5548979
	Bitmap Heap Scan on sbtest5  (cost=5.50..416.94 rows=104 width=125)
	  Recheck Cond: ((k >= 5548879) AND (k <= 5548979))
	  ->  Bitmap Index Scan on k_5  (cost=0.00..5.47 rows=104 width=0)
	        Index Cond: ((k >= 5548879) AND (k <= 5548979))

table 6 : explain SELECT k, c FROM sbtest6 WHERE k BETWEEN 5548879 AND 5548979
	Bitmap Heap Scan on sbtest6  (cost=5.43..389.37 rows=97 width=125)
	  Recheck Cond: ((k >= 5548879) AND (k <= 5548979))
	  ->  Bitmap Index Scan on k_6  (cost=0.00..5.40 rows=97 width=0)
	        Index Cond: ((k >= 5548879) AND (k <= 5548979))

table 7 : explain SELECT k, c FROM sbtest7 WHERE k BETWEEN 5548879 AND 5548979
	Bitmap Heap Scan on sbtest7  (cost=5.56..440.56 rows=110 width=125)
	  Recheck Cond: ((k >= 5548879) AND (k <= 5548979))
	  ->  Bitmap Index Scan on k_7  (cost=0.00..5.53 rows=110 width=0)
	        Index Cond: ((k >= 5548879) AND (k <= 5548979))

table 8 : explain SELECT k, c FROM sbtest8 WHERE k BETWEEN 5548879 AND 5548979
	Bitmap Heap Scan on sbtest8  (cost=5.50..416.94 rows=104 width=125)
	  Recheck Cond: ((k >= 5548879) AND (k <= 5548979))
	  ->  Bitmap Index Scan on k_8  (cost=0.00..5.47 rows=104 width=0)
	        Index Cond: ((k >= 5548879) AND (k <= 5548979))

for range-notcovered
table 1 : explain SELECT k, c FROM sbtest1 WHERE k BETWEEN 5314377 AND 5314477
	Bitmap Heap Scan on sbtest1  (cost=5.39..373.61 rows=93 width=125)
	  Recheck Cond: ((k >= 5314377) AND (k <= 5314477))
	  ->  Bitmap Index Scan on k_1  (cost=0.00..5.36 rows=93 width=0)
	        Index Cond: ((k >= 5314377) AND (k <= 5314477))

table 2 : explain SELECT k, c FROM sbtest2 WHERE k BETWEEN 5314377 AND 5314477
	Bitmap Heap Scan on sbtest2  (cost=5.64..472.02 rows=118 width=125)
	  Recheck Cond: ((k >= 5314377) AND (k <= 5314477))
	  ->  Bitmap Index Scan on k_2  (cost=0.00..5.61 rows=118 width=0)
	        Index Cond: ((k >= 5314377) AND (k <= 5314477))

table 3 : explain SELECT k, c FROM sbtest3 WHERE k BETWEEN 5314377 AND 5314477
	Bitmap Heap Scan on sbtest3  (cost=5.48..409.07 rows=102 width=125)
	  Recheck Cond: ((k >= 5314377) AND (k <= 5314477))
	  ->  Bitmap Index Scan on k_3  (cost=0.00..5.45 rows=102 width=0)
	        Index Cond: ((k >= 5314377) AND (k <= 5314477))

table 4 : explain SELECT k, c FROM sbtest4 WHERE k BETWEEN 5314377 AND 5314477
	Bitmap Heap Scan on sbtest4  (cost=5.53..428.75 rows=107 width=125)
	  Recheck Cond: ((k >= 5314377) AND (k <= 5314477))
	  ->  Bitmap Index Scan on k_4  (cost=0.00..5.50 rows=107 width=0)
	        Index Cond: ((k >= 5314377) AND (k <= 5314477))

table 5 : explain SELECT k, c FROM sbtest5 WHERE k BETWEEN 5314377 AND 5314477
	Bitmap Heap Scan on sbtest5  (cost=5.53..428.75 rows=107 width=125)
	  Recheck Cond: ((k >= 5314377) AND (k <= 5314477))
	  ->  Bitmap Index Scan on k_5  (cost=0.00..5.50 rows=107 width=0)
	        Index Cond: ((k >= 5314377) AND (k <= 5314477))

table 6 : explain SELECT k, c FROM sbtest6 WHERE k BETWEEN 5314377 AND 5314477
	Bitmap Heap Scan on sbtest6  (cost=5.53..428.75 rows=107 width=125)
	  Recheck Cond: ((k >= 5314377) AND (k <= 5314477))
	  ->  Bitmap Index Scan on k_6  (cost=0.00..5.50 rows=107 width=0)
	        Index Cond: ((k >= 5314377) AND (k <= 5314477))

table 7 : explain SELECT k, c FROM sbtest7 WHERE k BETWEEN 5314377 AND 5314477
	Bitmap Heap Scan on sbtest7  (cost=5.46..401.19 rows=100 width=125)
	  Recheck Cond: ((k >= 5314377) AND (k <= 5314477))
	  ->  Bitmap Index Scan on k_7  (cost=0.00..5.43 rows=100 width=0)
	        Index Cond: ((k >= 5314377) AND (k <= 5314477))

table 8 : explain SELECT k, c FROM sbtest8 WHERE k BETWEEN 5314377 AND 5314477
	Bitmap Heap Scan on sbtest8  (cost=5.46..401.19 rows=100 width=125)
	  Recheck Cond: ((k >= 5314377) AND (k <= 5314477))
	  ->  Bitmap Index Scan on k_8  (cost=0.00..5.43 rows=100 width=0)
	        Index Cond: ((k >= 5314377) AND (k <= 5314477))

for range-notcovered
table 1 : explain SELECT k, c FROM sbtest1 WHERE k BETWEEN 1618231 AND 1618331
	Bitmap Heap Scan on sbtest1  (cost=5.46..401.19 rows=100 width=125)
	  Recheck Cond: ((k >= 1618231) AND (k <= 1618331))
	  ->  Bitmap Index Scan on k_1  (cost=0.00..5.43 rows=100 width=0)
	        Index Cond: ((k >= 1618231) AND (k <= 1618331))

table 2 : explain SELECT k, c FROM sbtest2 WHERE k BETWEEN 1618231 AND 1618331
	Bitmap Heap Scan on sbtest2  (cost=5.60..456.29 rows=114 width=125)
	  Recheck Cond: ((k >= 1618231) AND (k <= 1618331))
	  ->  Bitmap Index Scan on k_2  (cost=0.00..5.58 rows=114 width=0)
	        Index Cond: ((k >= 1618231) AND (k <= 1618331))

table 3 : explain SELECT k, c FROM sbtest3 WHERE k BETWEEN 1618231 AND 1618331
	Bitmap Heap Scan on sbtest3  (cost=5.47..405.13 rows=101 width=125)
	  Recheck Cond: ((k >= 1618231) AND (k <= 1618331))
	  ->  Bitmap Index Scan on k_3  (cost=0.00..5.44 rows=101 width=0)
	        Index Cond: ((k >= 1618231) AND (k <= 1618331))

table 4 : explain SELECT k, c FROM sbtest4 WHERE k BETWEEN 1618231 AND 1618331
	Bitmap Heap Scan on sbtest4  (cost=5.53..428.75 rows=107 width=125)
	  Recheck Cond: ((k >= 1618231) AND (k <= 1618331))
	  ->  Bitmap Index Scan on k_4  (cost=0.00..5.50 rows=107 width=0)
	        Index Cond: ((k >= 1618231) AND (k <= 1618331))

table 5 : explain SELECT k, c FROM sbtest5 WHERE k BETWEEN 1618231 AND 1618331
	Bitmap Heap Scan on sbtest5  (cost=5.52..424.81 rows=106 width=125)
	  Recheck Cond: ((k >= 1618231) AND (k <= 1618331))
	  ->  Bitmap Index Scan on k_5  (cost=0.00..5.50 rows=106 width=0)
	        Index Cond: ((k >= 1618231) AND (k <= 1618331))

table 6 : explain SELECT k, c FROM sbtest6 WHERE k BETWEEN 1618231 AND 1618331
	Bitmap Heap Scan on sbtest6  (cost=5.40..377.55 rows=94 width=125)
	  Recheck Cond: ((k >= 1618231) AND (k <= 1618331))
	  ->  Bitmap Index Scan on k_6  (cost=0.00..5.38 rows=94 width=0)
	        Index Cond: ((k >= 1618231) AND (k <= 1618331))

table 7 : explain SELECT k, c FROM sbtest7 WHERE k BETWEEN 1618231 AND 1618331
	Bitmap Heap Scan on sbtest7  (cost=5.56..440.56 rows=110 width=125)
	  Recheck Cond: ((k >= 1618231) AND (k <= 1618331))
	  ->  Bitmap Index Scan on k_7  (cost=0.00..5.53 rows=110 width=0)
	        Index Cond: ((k >= 1618231) AND (k <= 1618331))

table 8 : explain SELECT k, c FROM sbtest8 WHERE k BETWEEN 1618231 AND 1618331
	Bitmap Heap Scan on sbtest8  (cost=5.48..409.07 rows=102 width=125)
	  Recheck Cond: ((k >= 1618231) AND (k <= 1618331))
	  ->  Bitmap Index Scan on k_8  (cost=0.00..5.45 rows=102 width=0)
	        Index Cond: ((k >= 1618231) AND (k <= 1618331))

explain: for range-notcovered :: explain SELECT k, c FROM sbtest%d WHERE k BETWEEN 5314377 AND 5314477
explain: for range-notcovered :: explain SELECT k, c FROM sbtest%d WHERE k BETWEEN 1618231 AND 1618331
for range-notcovered
table 1 : explain SELECT k, c FROM sbtest1 WHERE k BETWEEN 5068577 AND 5068677
	Bitmap Heap Scan on sbtest1  (cost=5.39..373.61 rows=93 width=125)
	  Recheck Cond: ((k >= 5068577) AND (k <= 5068677))
	  ->  Bitmap Index Scan on k_1  (cost=0.00..5.36 rows=93 width=0)
	        Index Cond: ((k >= 5068577) AND (k <= 5068677))

table 2 : explain SELECT k, c FROM sbtest2 WHERE k BETWEEN 5068577 AND 5068677
	Bitmap Heap Scan on sbtest2  (cost=5.45..397.25 rows=99 width=125)
	  Recheck Cond: ((k >= 5068577) AND (k <= 5068677))
	  ->  Bitmap Index Scan on k_2  (cost=0.00..5.42 rows=99 width=0)
	        Index Cond: ((k >= 5068577) AND (k <= 5068677))

table 3 : explain SELECT k, c FROM sbtest3 WHERE k BETWEEN 5068577 AND 5068677
	Bitmap Heap Scan on sbtest3  (cost=5.51..420.88 rows=105 width=125)
	  Recheck Cond: ((k >= 5068577) AND (k <= 5068677))
	  ->  Bitmap Index Scan on k_3  (cost=0.00..5.48 rows=105 width=0)
	        Index Cond: ((k >= 5068577) AND (k <= 5068677))

table 4 : explain SELECT k, c FROM sbtest4 WHERE k BETWEEN 5068577 AND 5068677
	Bitmap Heap Scan on sbtest4  (cost=5.47..405.13 rows=101 width=125)
	  Recheck Cond: ((k >= 5068577) AND (k <= 5068677))
	  ->  Bitmap Index Scan on k_4  (cost=0.00..5.44 rows=101 width=0)
	        Index Cond: ((k >= 5068577) AND (k <= 5068677))

table 5 : explain SELECT k, c FROM sbtest5 WHERE k BETWEEN 5068577 AND 5068677
	Bitmap Heap Scan on sbtest5  (cost=5.46..401.19 rows=100 width=125)
	  Recheck Cond: ((k >= 5068577) AND (k <= 5068677))
	  ->  Bitmap Index Scan on k_5  (cost=0.00..5.43 rows=100 width=0)
	        Index Cond: ((k >= 5068577) AND (k <= 5068677))

table 6 : explain SELECT k, c FROM sbtest6 WHERE k BETWEEN 5068577 AND 5068677
	Bitmap Heap Scan on sbtest6  (cost=5.56..440.56 rows=110 width=125)
	  Recheck Cond: ((k >= 5068577) AND (k <= 5068677))
	  ->  Bitmap Index Scan on k_6  (cost=0.00..5.53 rows=110 width=0)
	        Index Cond: ((k >= 5068577) AND (k <= 5068677))

table 7 : explain SELECT k, c FROM sbtest7 WHERE k BETWEEN 5068577 AND 5068677
	Bitmap Heap Scan on sbtest7  (cost=5.49..413.00 rows=103 width=125)
	  Recheck Cond: ((k >= 5068577) AND (k <= 5068677))
	  ->  Bitmap Index Scan on k_7  (cost=0.00..5.46 rows=103 width=0)
	        Index Cond: ((k >= 5068577) AND (k <= 5068677))

table 8 : explain SELECT k, c FROM sbtest8 WHERE k BETWEEN 5068577 AND 5068677
	Bitmap Heap Scan on sbtest8  (cost=5.56..440.56 rows=110 width=125)
	  Recheck Cond: ((k >= 5068577) AND (k <= 5068677))
	  ->  Bitmap Index Scan on k_8  (cost=0.00..5.53 rows=110 width=0)
	        Index Cond: ((k >= 5068577) AND (k <= 5068677))

for range-notcovered
table 1 : explain SELECT k, c FROM sbtest1 WHERE k BETWEEN 3903639 AND 3903739
	Bitmap Heap Scan on sbtest1  (cost=5.55..436.62 rows=109 width=125)
	  Recheck Cond: ((k >= 3903639) AND (k <= 3903739))
	  ->  Bitmap Index Scan on k_1  (cost=0.00..5.52 rows=109 width=0)
	        Index Cond: ((k >= 3903639) AND (k <= 3903739))

table 2 : explain SELECT k, c FROM sbtest2 WHERE k BETWEEN 3903639 AND 3903739
	Bitmap Heap Scan on sbtest2  (cost=5.46..401.19 rows=100 width=125)
	  Recheck Cond: ((k >= 3903639) AND (k <= 3903739))
	  ->  Bitmap Index Scan on k_2  (cost=0.00..5.43 rows=100 width=0)
	        Index Cond: ((k >= 3903639) AND (k <= 3903739))

table 3 : explain SELECT k, c FROM sbtest3 WHERE k BETWEEN 3903639 AND 3903739
	Bitmap Heap Scan on sbtest3  (cost=5.41..381.49 rows=95 width=125)
	  Recheck Cond: ((k >= 3903639) AND (k <= 3903739))
	  ->  Bitmap Index Scan on k_3  (cost=0.00..5.38 rows=95 width=0)
	        Index Cond: ((k >= 3903639) AND (k <= 3903739))

table 4 : explain SELECT k, c FROM sbtest4 WHERE k BETWEEN 3903639 AND 3903739
	Bitmap Heap Scan on sbtest4  (cost=5.54..432.69 rows=108 width=125)
	  Recheck Cond: ((k >= 3903639) AND (k <= 3903739))
	  ->  Bitmap Index Scan on k_4  (cost=0.00..5.51 rows=108 width=0)
	        Index Cond: ((k >= 3903639) AND (k <= 3903739))

table 5 : explain SELECT k, c FROM sbtest5 WHERE k BETWEEN 3903639 AND 3903739
	Bitmap Heap Scan on sbtest5  (cost=5.49..413.00 rows=103 width=125)
	  Recheck Cond: ((k >= 3903639) AND (k <= 3903739))
	  ->  Bitmap Index Scan on k_5  (cost=0.00..5.46 rows=103 width=0)
	        Index Cond: ((k >= 3903639) AND (k <= 3903739))

table 6 : explain SELECT k, c FROM sbtest6 WHERE k BETWEEN 3903639 AND 3903739
	Bitmap Heap Scan on sbtest6  (cost=5.44..393.31 rows=98 width=125)
	  Recheck Cond: ((k >= 3903639) AND (k <= 3903739))
	  ->  Bitmap Index Scan on k_6  (cost=0.00..5.42 rows=98 width=0)
	        Index Cond: ((k >= 3903639) AND (k <= 3903739))

table 7 : explain SELECT k, c FROM sbtest7 WHERE k BETWEEN 3903639 AND 3903739
	Bitmap Heap Scan on sbtest7  (cost=5.42..385.43 rows=96 width=125)
	  Recheck Cond: ((k >= 3903639) AND (k <= 3903739))
	  ->  Bitmap Index Scan on k_7  (cost=0.00..5.39 rows=96 width=0)
	        Index Cond: ((k >= 3903639) AND (k <= 3903739))

table 8 : explain SELECT k, c FROM sbtest8 WHERE k BETWEEN 3903639 AND 3903739
	Bitmap Heap Scan on sbtest8  (cost=5.46..401.19 rows=100 width=125)
	  Recheck Cond: ((k >= 3903639) AND (k <= 3903739))
	  ->  Bitmap Index Scan on k_8  (cost=0.00..5.43 rows=100 width=0)
	        Index Cond: ((k >= 3903639) AND (k <= 3903739))

explain: for range-notcovered :: explain SELECT k, c FROM sbtest%d WHERE k BETWEEN 5068577 AND 5068677
explain: for range-notcovered :: explain SELECT k, c FROM sbtest%d WHERE k BETWEEN 3903639 AND 3903739
for range-notcovered
table 1 : explain SELECT k, c FROM sbtest1 WHERE k BETWEEN 6815225 AND 6815325
	Bitmap Heap Scan on sbtest1  (cost=5.56..440.56 rows=110 width=125)
	  Recheck Cond: ((k >= 6815225) AND (k <= 6815325))
	  ->  Bitmap Index Scan on k_1  (cost=0.00..5.53 rows=110 width=0)
	        Index Cond: ((k >= 6815225) AND (k <= 6815325))

table 2 : explain SELECT k, c FROM sbtest2 WHERE k BETWEEN 6815225 AND 6815325
	Bitmap Heap Scan on sbtest2  (cost=5.47..405.13 rows=101 width=125)
	  Recheck Cond: ((k >= 6815225) AND (k <= 6815325))
	  ->  Bitmap Index Scan on k_2  (cost=0.00..5.44 rows=101 width=0)
	        Index Cond: ((k >= 6815225) AND (k <= 6815325))

table 3 : explain SELECT k, c FROM sbtest3 WHERE k BETWEEN 6815225 AND 6815325
	Bitmap Heap Scan on sbtest3  (cost=5.48..409.07 rows=102 width=125)
	  Recheck Cond: ((k >= 6815225) AND (k <= 6815325))
	  ->  Bitmap Index Scan on k_3  (cost=0.00..5.45 rows=102 width=0)
	        Index Cond: ((k >= 6815225) AND (k <= 6815325))

table 4 : explain SELECT k, c FROM sbtest4 WHERE k BETWEEN 6815225 AND 6815325
	Bitmap Heap Scan on sbtest4  (cost=5.58..448.42 rows=112 width=125)
	  Recheck Cond: ((k >= 6815225) AND (k <= 6815325))
	  ->  Bitmap Index Scan on k_4  (cost=0.00..5.55 rows=112 width=0)
	        Index Cond: ((k >= 6815225) AND (k <= 6815325))

table 5 : explain SELECT k, c FROM sbtest5 WHERE k BETWEEN 6815225 AND 6815325
	Bitmap Heap Scan on sbtest5  (cost=5.59..452.36 rows=113 width=125)
	  Recheck Cond: ((k >= 6815225) AND (k <= 6815325))
	  ->  Bitmap Index Scan on k_5  (cost=0.00..5.56 rows=113 width=0)
	        Index Cond: ((k >= 6815225) AND (k <= 6815325))

table 6 : explain SELECT k, c FROM sbtest6 WHERE k BETWEEN 6815225 AND 6815325
	Bitmap Heap Scan on sbtest6  (cost=5.50..416.94 rows=104 width=125)
	  Recheck Cond: ((k >= 6815225) AND (k <= 6815325))
	  ->  Bitmap Index Scan on k_6  (cost=0.00..5.47 rows=104 width=0)
	        Index Cond: ((k >= 6815225) AND (k <= 6815325))

table 7 : explain SELECT k, c FROM sbtest7 WHERE k BETWEEN 6815225 AND 6815325
	Bitmap Heap Scan on sbtest7  (cost=5.37..365.72 rows=91 width=125)
	  Recheck Cond: ((k >= 6815225) AND (k <= 6815325))
	  ->  Bitmap Index Scan on k_7  (cost=0.00..5.34 rows=91 width=0)
	        Index Cond: ((k >= 6815225) AND (k <= 6815325))

table 8 : explain SELECT k, c FROM sbtest8 WHERE k BETWEEN 6815225 AND 6815325
	Bitmap Heap Scan on sbtest8  (cost=5.48..409.07 rows=102 width=125)
	  Recheck Cond: ((k >= 6815225) AND (k <= 6815325))
	  ->  Bitmap Index Scan on k_8  (cost=0.00..5.45 rows=102 width=0)
	        Index Cond: ((k >= 6815225) AND (k <= 6815325))

explain: for range-notcovered :: explain SELECT k, c FROM sbtest%d WHERE k BETWEEN 6815225 AND 6815325
for range-notcovered
table 1 : explain SELECT k, c FROM sbtest1 WHERE k BETWEEN 3488827 AND 3488927
	Bitmap Heap Scan on sbtest1  (cost=5.52..424.81 rows=106 width=125)
	  Recheck Cond: ((k >= 3488827) AND (k <= 3488927))
	  ->  Bitmap Index Scan on k_1  (cost=0.00..5.50 rows=106 width=0)
	        Index Cond: ((k >= 3488827) AND (k <= 3488927))

table 2 : explain SELECT k, c FROM sbtest2 WHERE k BETWEEN 3488827 AND 3488927
	Bitmap Heap Scan on sbtest2  (cost=5.51..420.88 rows=105 width=125)
	  Recheck Cond: ((k >= 3488827) AND (k <= 3488927))
	  ->  Bitmap Index Scan on k_2  (cost=0.00..5.48 rows=105 width=0)
	        Index Cond: ((k >= 3488827) AND (k <= 3488927))

table 3 : explain SELECT k, c FROM sbtest3 WHERE k BETWEEN 3488827 AND 3488927
	Bitmap Heap Scan on sbtest3  (cost=5.50..416.94 rows=104 width=125)
	  Recheck Cond: ((k >= 3488827) AND (k <= 3488927))
	  ->  Bitmap Index Scan on k_3  (cost=0.00..5.47 rows=104 width=0)
	        Index Cond: ((k >= 3488827) AND (k <= 3488927))

table 4 : explain SELECT k, c FROM sbtest4 WHERE k BETWEEN 3488827 AND 3488927
	Bitmap Heap Scan on sbtest4  (cost=5.50..416.94 rows=104 width=125)
	  Recheck Cond: ((k >= 3488827) AND (k <= 3488927))
	  ->  Bitmap Index Scan on k_4  (cost=0.00..5.47 rows=104 width=0)
	        Index Cond: ((k >= 3488827) AND (k <= 3488927))

table 5 : explain SELECT k, c FROM sbtest5 WHERE k BETWEEN 3488827 AND 3488927
	Bitmap Heap Scan on sbtest5  (cost=5.49..413.00 rows=103 width=125)
	  Recheck Cond: ((k >= 3488827) AND (k <= 3488927))
	  ->  Bitmap Index Scan on k_5  (cost=0.00..5.46 rows=103 width=0)
	        Index Cond: ((k >= 3488827) AND (k <= 3488927))

table 6 : explain SELECT k, c FROM sbtest6 WHERE k BETWEEN 3488827 AND 3488927
	Bitmap Heap Scan on sbtest6  (cost=5.46..401.19 rows=100 width=125)
	  Recheck Cond: ((k >= 3488827) AND (k <= 3488927))
	  ->  Bitmap Index Scan on k_6  (cost=0.00..5.43 rows=100 width=0)
	        Index Cond: ((k >= 3488827) AND (k <= 3488927))

table 7 : explain SELECT k, c FROM sbtest7 WHERE k BETWEEN 3488827 AND 3488927
	Bitmap Heap Scan on sbtest7  (cost=5.43..389.37 rows=97 width=125)
	  Recheck Cond: ((k >= 3488827) AND (k <= 3488927))
	  ->  Bitmap Index Scan on k_7  (cost=0.00..5.40 rows=97 width=0)
	        Index Cond: ((k >= 3488827) AND (k <= 3488927))

table 8 : explain SELECT k, c FROM sbtest8 WHERE k BETWEEN 3488827 AND 3488927
	Bitmap Heap Scan on sbtest8  (cost=5.59..452.36 rows=113 width=125)
	  Recheck Cond: ((k >= 3488827) AND (k <= 3488927))
	  ->  Bitmap Index Scan on k_8  (cost=0.00..5.56 rows=113 width=0)
	        Index Cond: ((k >= 3488827) AND (k <= 3488927))

for range-notcovered
table 1 : explain SELECT k, c FROM sbtest1 WHERE k BETWEEN 5314377 AND 5314477
	Bitmap Heap Scan on sbtest1  (cost=5.39..373.61 rows=93 width=125)
	  Recheck Cond: ((k >= 5314377) AND (k <= 5314477))
	  ->  Bitmap Index Scan on k_1  (cost=0.00..5.36 rows=93 width=0)
	        Index Cond: ((k >= 5314377) AND (k <= 5314477))

table 2 : explain SELECT k, c FROM sbtest2 WHERE k BETWEEN 5314377 AND 5314477
	Bitmap Heap Scan on sbtest2  (cost=5.64..472.02 rows=118 width=125)
	  Recheck Cond: ((k >= 5314377) AND (k <= 5314477))
	  ->  Bitmap Index Scan on k_2  (cost=0.00..5.61 rows=118 width=0)
	        Index Cond: ((k >= 5314377) AND (k <= 5314477))

table 3 : explain SELECT k, c FROM sbtest3 WHERE k BETWEEN 5314377 AND 5314477
	Bitmap Heap Scan on sbtest3  (cost=5.48..409.07 rows=102 width=125)
	  Recheck Cond: ((k >= 5314377) AND (k <= 5314477))
	  ->  Bitmap Index Scan on k_3  (cost=0.00..5.45 rows=102 width=0)
	        Index Cond: ((k >= 5314377) AND (k <= 5314477))

table 4 : explain SELECT k, c FROM sbtest4 WHERE k BETWEEN 5314377 AND 5314477
	Bitmap Heap Scan on sbtest4  (cost=5.53..428.75 rows=107 width=125)
	  Recheck Cond: ((k >= 5314377) AND (k <= 5314477))
	  ->  Bitmap Index Scan on k_4  (cost=0.00..5.50 rows=107 width=0)
	        Index Cond: ((k >= 5314377) AND (k <= 5314477))

table 5 : explain SELECT k, c FROM sbtest5 WHERE k BETWEEN 5314377 AND 5314477
	Bitmap Heap Scan on sbtest5  (cost=5.53..428.75 rows=107 width=125)
	  Recheck Cond: ((k >= 5314377) AND (k <= 5314477))
	  ->  Bitmap Index Scan on k_5  (cost=0.00..5.50 rows=107 width=0)
	        Index Cond: ((k >= 5314377) AND (k <= 5314477))

table 6 : explain SELECT k, c FROM sbtest6 WHERE k BETWEEN 5314377 AND 5314477
	Bitmap Heap Scan on sbtest6  (cost=5.53..428.75 rows=107 width=125)
	  Recheck Cond: ((k >= 5314377) AND (k <= 5314477))
	  ->  Bitmap Index Scan on k_6  (cost=0.00..5.50 rows=107 width=0)
	        Index Cond: ((k >= 5314377) AND (k <= 5314477))

table 7 : explain SELECT k, c FROM sbtest7 WHERE k BETWEEN 5314377 AND 5314477
	Bitmap Heap Scan on sbtest7  (cost=5.46..401.19 rows=100 width=125)
	  Recheck Cond: ((k >= 5314377) AND (k <= 5314477))
	  ->  Bitmap Index Scan on k_7  (cost=0.00..5.43 rows=100 width=0)
	        Index Cond: ((k >= 5314377) AND (k <= 5314477))

table 8 : explain SELECT k, c FROM sbtest8 WHERE k BETWEEN 5314377 AND 5314477
	Bitmap Heap Scan on sbtest8  (cost=5.46..401.19 rows=100 width=125)
	  Recheck Cond: ((k >= 5314377) AND (k <= 5314477))
	  ->  Bitmap Index Scan on k_8  (cost=0.00..5.43 rows=100 width=0)
	        Index Cond: ((k >= 5314377) AND (k <= 5314477))

for range-notcovered
table 1 : explain SELECT k, c FROM sbtest1 WHERE k BETWEEN 1618231 AND 1618331
	Bitmap Heap Scan on sbtest1  (cost=5.46..401.19 rows=100 width=125)
	  Recheck Cond: ((k >= 1618231) AND (k <= 1618331))
	  ->  Bitmap Index Scan on k_1  (cost=0.00..5.43 rows=100 width=0)
	        Index Cond: ((k >= 1618231) AND (k <= 1618331))

table 2 : explain SELECT k, c FROM sbtest2 WHERE k BETWEEN 1618231 AND 1618331
	Bitmap Heap Scan on sbtest2  (cost=5.60..456.29 rows=114 width=125)
	  Recheck Cond: ((k >= 1618231) AND (k <= 1618331))
	  ->  Bitmap Index Scan on k_2  (cost=0.00..5.58 rows=114 width=0)
	        Index Cond: ((k >= 1618231) AND (k <= 1618331))

table 3 : explain SELECT k, c FROM sbtest3 WHERE k BETWEEN 1618231 AND 1618331
	Bitmap Heap Scan on sbtest3  (cost=5.47..405.13 rows=101 width=125)
	  Recheck Cond: ((k >= 1618231) AND (k <= 1618331))
	  ->  Bitmap Index Scan on k_3  (cost=0.00..5.44 rows=101 width=0)
	        Index Cond: ((k >= 1618231) AND (k <= 1618331))

table 4 : explain SELECT k, c FROM sbtest4 WHERE k BETWEEN 1618231 AND 1618331
	Bitmap Heap Scan on sbtest4  (cost=5.53..428.75 rows=107 width=125)
	  Recheck Cond: ((k >= 1618231) AND (k <= 1618331))
	  ->  Bitmap Index Scan on k_4  (cost=0.00..5.50 rows=107 width=0)
	        Index Cond: ((k >= 1618231) AND (k <= 1618331))

table 5 : explain SELECT k, c FROM sbtest5 WHERE k BETWEEN 1618231 AND 1618331
	Bitmap Heap Scan on sbtest5  (cost=5.52..424.81 rows=106 width=125)
	  Recheck Cond: ((k >= 1618231) AND (k <= 1618331))
	  ->  Bitmap Index Scan on k_5  (cost=0.00..5.50 rows=106 width=0)
	        Index Cond: ((k >= 1618231) AND (k <= 1618331))

table 6 : explain SELECT k, c FROM sbtest6 WHERE k BETWEEN 1618231 AND 1618331
	Bitmap Heap Scan on sbtest6  (cost=5.40..377.55 rows=94 width=125)
	  Recheck Cond: ((k >= 1618231) AND (k <= 1618331))
	  ->  Bitmap Index Scan on k_6  (cost=0.00..5.38 rows=94 width=0)
	        Index Cond: ((k >= 1618231) AND (k <= 1618331))

table 7 : explain SELECT k, c FROM sbtest7 WHERE k BETWEEN 1618231 AND 1618331
	Bitmap Heap Scan on sbtest7  (cost=5.56..440.56 rows=110 width=125)
	  Recheck Cond: ((k >= 1618231) AND (k <= 1618331))
	  ->  Bitmap Index Scan on k_7  (cost=0.00..5.53 rows=110 width=0)
	        Index Cond: ((k >= 1618231) AND (k <= 1618331))

table 8 : explain SELECT k, c FROM sbtest8 WHERE k BETWEEN 1618231 AND 1618331
	Bitmap Heap Scan on sbtest8  (cost=5.48..409.07 rows=102 width=125)
	  Recheck Cond: ((k >= 1618231) AND (k <= 1618331))
	  ->  Bitmap Index Scan on k_8  (cost=0.00..5.45 rows=102 width=0)
	        Index Cond: ((k >= 1618231) AND (k <= 1618331))

explain: for range-notcovered :: explain SELECT k, c FROM sbtest%d WHERE k BETWEEN 5314377 AND 5314477
explain: for range-notcovered :: explain SELECT k, c FROM sbtest%d WHERE k BETWEEN 3488827 AND 3488927
for range-notcovered
table 1 : explain SELECT k, c FROM sbtest1 WHERE k BETWEEN 2422586 AND 2422686
	Bitmap Heap Scan on sbtest1  (cost=5.54..432.69 rows=108 width=125)
	  Recheck Cond: ((k >= 2422586) AND (k <= 2422686))
	  ->  Bitmap Index Scan on k_1  (cost=0.00..5.51 rows=108 width=0)
	        Index Cond: ((k >= 2422586) AND (k <= 2422686))

table 2 : explain SELECT k, c FROM sbtest2 WHERE k BETWEEN 2422586 AND 2422686
	Bitmap Heap Scan on sbtest2  (cost=5.48..409.07 rows=102 width=125)
	  Recheck Cond: ((k >= 2422586) AND (k <= 2422686))
	  ->  Bitmap Index Scan on k_2  (cost=0.00..5.45 rows=102 width=0)
	        Index Cond: ((k >= 2422586) AND (k <= 2422686))

table 3 : explain SELECT k, c FROM sbtest3 WHERE k BETWEEN 2422586 AND 2422686
	Bitmap Heap Scan on sbtest3  (cost=5.53..428.75 rows=107 width=125)
	  Recheck Cond: ((k >= 2422586) AND (k <= 2422686))
	  ->  Bitmap Index Scan on k_3  (cost=0.00..5.50 rows=107 width=0)
	        Index Cond: ((k >= 2422586) AND (k <= 2422686))

table 4 : explain SELECT k, c FROM sbtest4 WHERE k BETWEEN 2422586 AND 2422686
	Bitmap Heap Scan on sbtest4  (cost=5.46..401.19 rows=100 width=125)
	  Recheck Cond: ((k >= 2422586) AND (k <= 2422686))
	  ->  Bitmap Index Scan on k_4  (cost=0.00..5.43 rows=100 width=0)
	        Index Cond: ((k >= 2422586) AND (k <= 2422686))

table 5 : explain SELECT k, c FROM sbtest5 WHERE k BETWEEN 2422586 AND 2422686
	Bitmap Heap Scan on sbtest5  (cost=5.37..365.72 rows=91 width=125)
	  Recheck Cond: ((k >= 2422586) AND (k <= 2422686))
	  ->  Bitmap Index Scan on k_5  (cost=0.00..5.34 rows=91 width=0)
	        Index Cond: ((k >= 2422586) AND (k <= 2422686))

table 6 : explain SELECT k, c FROM sbtest6 WHERE k BETWEEN 2422586 AND 2422686
	Bitmap Heap Scan on sbtest6  (cost=5.33..349.95 rows=87 width=125)
	  Recheck Cond: ((k >= 2422586) AND (k <= 2422686))
	  ->  Bitmap Index Scan on k_6  (cost=0.00..5.30 rows=87 width=0)
	        Index Cond: ((k >= 2422586) AND (k <= 2422686))

table 7 : explain SELECT k, c FROM sbtest7 WHERE k BETWEEN 2422586 AND 2422686
	Bitmap Heap Scan on sbtest7  (cost=5.46..401.19 rows=100 width=125)
	  Recheck Cond: ((k >= 2422586) AND (k <= 2422686))
	  ->  Bitmap Index Scan on k_7  (cost=0.00..5.43 rows=100 width=0)
	        Index Cond: ((k >= 2422586) AND (k <= 2422686))

table 8 : explain SELECT k, c FROM sbtest8 WHERE k BETWEEN 2422586 AND 2422686
	Bitmap Heap Scan on sbtest8  (cost=5.47..405.13 rows=101 width=125)
	  Recheck Cond: ((k >= 2422586) AND (k <= 2422686))
	  ->  Bitmap Index Scan on k_8  (cost=0.00..5.44 rows=101 width=0)
	        Index Cond: ((k >= 2422586) AND (k <= 2422686))

explain: for range-notcovered :: explain SELECT k, c FROM sbtest%d WHERE k BETWEEN 2422586 AND 2422686
for range-notcovered
table 1 : explain SELECT k, c FROM sbtest1 WHERE k BETWEEN 3903639 AND 3903739
	Bitmap Heap Scan on sbtest1  (cost=5.55..436.62 rows=109 width=125)
	  Recheck Cond: ((k >= 3903639) AND (k <= 3903739))
	  ->  Bitmap Index Scan on k_1  (cost=0.00..5.52 rows=109 width=0)
	        Index Cond: ((k >= 3903639) AND (k <= 3903739))

table 2 : explain SELECT k, c FROM sbtest2 WHERE k BETWEEN 3903639 AND 3903739
	Bitmap Heap Scan on sbtest2  (cost=5.46..401.19 rows=100 width=125)
	  Recheck Cond: ((k >= 3903639) AND (k <= 3903739))
	  ->  Bitmap Index Scan on k_2  (cost=0.00..5.43 rows=100 width=0)
	        Index Cond: ((k >= 3903639) AND (k <= 3903739))

table 3 : explain SELECT k, c FROM sbtest3 WHERE k BETWEEN 3903639 AND 3903739
	Bitmap Heap Scan on sbtest3  (cost=5.41..381.49 rows=95 width=125)
	  Recheck Cond: ((k >= 3903639) AND (k <= 3903739))
	  ->  Bitmap Index Scan on k_3  (cost=0.00..5.38 rows=95 width=0)
	        Index Cond: ((k >= 3903639) AND (k <= 3903739))

table 4 : explain SELECT k, c FROM sbtest4 WHERE k BETWEEN 3903639 AND 3903739
	Bitmap Heap Scan on sbtest4  (cost=5.54..432.69 rows=108 width=125)
	  Recheck Cond: ((k >= 3903639) AND (k <= 3903739))
	  ->  Bitmap Index Scan on k_4  (cost=0.00..5.51 rows=108 width=0)
	        Index Cond: ((k >= 3903639) AND (k <= 3903739))

table 5 : explain SELECT k, c FROM sbtest5 WHERE k BETWEEN 3903639 AND 3903739
	Bitmap Heap Scan on sbtest5  (cost=5.49..413.00 rows=103 width=125)
	  Recheck Cond: ((k >= 3903639) AND (k <= 3903739))
	  ->  Bitmap Index Scan on k_5  (cost=0.00..5.46 rows=103 width=0)
	        Index Cond: ((k >= 3903639) AND (k <= 3903739))

table 6 : explain SELECT k, c FROM sbtest6 WHERE k BETWEEN 3903639 AND 3903739
	Bitmap Heap Scan on sbtest6  (cost=5.44..393.31 rows=98 width=125)
	  Recheck Cond: ((k >= 3903639) AND (k <= 3903739))
	  ->  Bitmap Index Scan on k_6  (cost=0.00..5.42 rows=98 width=0)
	        Index Cond: ((k >= 3903639) AND (k <= 3903739))

table 7 : explain SELECT k, c FROM sbtest7 WHERE k BETWEEN 3903639 AND 3903739
	Bitmap Heap Scan on sbtest7  (cost=5.42..385.43 rows=96 width=125)
	  Recheck Cond: ((k >= 3903639) AND (k <= 3903739))
	  ->  Bitmap Index Scan on k_7  (cost=0.00..5.39 rows=96 width=0)
	        Index Cond: ((k >= 3903639) AND (k <= 3903739))

table 8 : explain SELECT k, c FROM sbtest8 WHERE k BETWEEN 3903639 AND 3903739
	Bitmap Heap Scan on sbtest8  (cost=5.46..401.19 rows=100 width=125)
	  Recheck Cond: ((k >= 3903639) AND (k <= 3903739))
	  ->  Bitmap Index Scan on k_8  (cost=0.00..5.43 rows=100 width=0)
	        Index Cond: ((k >= 3903639) AND (k <= 3903739))

for range-notcovered
table 1 : explain SELECT k, c FROM sbtest1 WHERE k BETWEEN 5068577 AND 5068677
	Bitmap Heap Scan on sbtest1  (cost=5.39..373.61 rows=93 width=125)
	  Recheck Cond: ((k >= 5068577) AND (k <= 5068677))
	  ->  Bitmap Index Scan on k_1  (cost=0.00..5.36 rows=93 width=0)
	        Index Cond: ((k >= 5068577) AND (k <= 5068677))

table 2 : explain SELECT k, c FROM sbtest2 WHERE k BETWEEN 5068577 AND 5068677
	Bitmap Heap Scan on sbtest2  (cost=5.45..397.25 rows=99 width=125)
	  Recheck Cond: ((k >= 5068577) AND (k <= 5068677))
	  ->  Bitmap Index Scan on k_2  (cost=0.00..5.42 rows=99 width=0)
	        Index Cond: ((k >= 5068577) AND (k <= 5068677))

table 3 : explain SELECT k, c FROM sbtest3 WHERE k BETWEEN 5068577 AND 5068677
	Bitmap Heap Scan on sbtest3  (cost=5.51..420.88 rows=105 width=125)
	  Recheck Cond: ((k >= 5068577) AND (k <= 5068677))
	  ->  Bitmap Index Scan on k_3  (cost=0.00..5.48 rows=105 width=0)
	        Index Cond: ((k >= 5068577) AND (k <= 5068677))

table 4 : explain SELECT k, c FROM sbtest4 WHERE k BETWEEN 5068577 AND 5068677
	Bitmap Heap Scan on sbtest4  (cost=5.47..405.13 rows=101 width=125)
	  Recheck Cond: ((k >= 5068577) AND (k <= 5068677))
	  ->  Bitmap Index Scan on k_4  (cost=0.00..5.44 rows=101 width=0)
	        Index Cond: ((k >= 5068577) AND (k <= 5068677))

table 5 : explain SELECT k, c FROM sbtest5 WHERE k BETWEEN 5068577 AND 5068677
	Bitmap Heap Scan on sbtest5  (cost=5.46..401.19 rows=100 width=125)
	  Recheck Cond: ((k >= 5068577) AND (k <= 5068677))
	  ->  Bitmap Index Scan on k_5  (cost=0.00..5.43 rows=100 width=0)
	        Index Cond: ((k >= 5068577) AND (k <= 5068677))

table 6 : explain SELECT k, c FROM sbtest6 WHERE k BETWEEN 5068577 AND 5068677
	Bitmap Heap Scan on sbtest6  (cost=5.56..440.56 rows=110 width=125)
	  Recheck Cond: ((k >= 5068577) AND (k <= 5068677))
	  ->  Bitmap Index Scan on k_6  (cost=0.00..5.53 rows=110 width=0)
	        Index Cond: ((k >= 5068577) AND (k <= 5068677))

table 7 : explain SELECT k, c FROM sbtest7 WHERE k BETWEEN 5068577 AND 5068677
	Bitmap Heap Scan on sbtest7  (cost=5.49..413.00 rows=103 width=125)
	  Recheck Cond: ((k >= 5068577) AND (k <= 5068677))
	  ->  Bitmap Index Scan on k_7  (cost=0.00..5.46 rows=103 width=0)
	        Index Cond: ((k >= 5068577) AND (k <= 5068677))

table 8 : explain SELECT k, c FROM sbtest8 WHERE k BETWEEN 5068577 AND 5068677
	Bitmap Heap Scan on sbtest8  (cost=5.56..440.56 rows=110 width=125)
	  Recheck Cond: ((k >= 5068577) AND (k <= 5068677))
	  ->  Bitmap Index Scan on k_8  (cost=0.00..5.53 rows=110 width=0)
	        Index Cond: ((k >= 5068577) AND (k <= 5068677))

explain: for range-notcovered :: explain SELECT k, c FROM sbtest%d WHERE k BETWEEN 3903639 AND 3903739
for range-notcovered
table 1 : explain SELECT k, c FROM sbtest1 WHERE k BETWEEN 6815225 AND 6815325
	Bitmap Heap Scan on sbtest1  (cost=5.56..440.56 rows=110 width=125)
	  Recheck Cond: ((k >= 6815225) AND (k <= 6815325))
	  ->  Bitmap Index Scan on k_1  (cost=0.00..5.53 rows=110 width=0)
	        Index Cond: ((k >= 6815225) AND (k <= 6815325))

table 2 : explain SELECT k, c FROM sbtest2 WHERE k BETWEEN 6815225 AND 6815325
	Bitmap Heap Scan on sbtest2  (cost=5.47..405.13 rows=101 width=125)
	  Recheck Cond: ((k >= 6815225) AND (k <= 6815325))
	  ->  Bitmap Index Scan on k_2  (cost=0.00..5.44 rows=101 width=0)
	        Index Cond: ((k >= 6815225) AND (k <= 6815325))

table 3 : explain SELECT k, c FROM sbtest3 WHERE k BETWEEN 6815225 AND 6815325
	Bitmap Heap Scan on sbtest3  (cost=5.48..409.07 rows=102 width=125)
	  Recheck Cond: ((k >= 6815225) AND (k <= 6815325))
	  ->  Bitmap Index Scan on k_3  (cost=0.00..5.45 rows=102 width=0)
	        Index Cond: ((k >= 6815225) AND (k <= 6815325))

table 4 : explain SELECT k, c FROM sbtest4 WHERE k BETWEEN 6815225 AND 6815325
	Bitmap Heap Scan on sbtest4  (cost=5.58..448.42 rows=112 width=125)
	  Recheck Cond: ((k >= 6815225) AND (k <= 6815325))
	  ->  Bitmap Index Scan on k_4  (cost=0.00..5.55 rows=112 width=0)
	        Index Cond: ((k >= 6815225) AND (k <= 6815325))

table 5 : explain SELECT k, c FROM sbtest5 WHERE k BETWEEN 6815225 AND 6815325
	Bitmap Heap Scan on sbtest5  (cost=5.59..452.36 rows=113 width=125)
	  Recheck Cond: ((k >= 6815225) AND (k <= 6815325))
	  ->  Bitmap Index Scan on k_5  (cost=0.00..5.56 rows=113 width=0)
	        Index Cond: ((k >= 6815225) AND (k <= 6815325))

table 6 : explain SELECT k, c FROM sbtest6 WHERE k BETWEEN 6815225 AND 6815325
	Bitmap Heap Scan on sbtest6  (cost=5.50..416.94 rows=104 width=125)
	  Recheck Cond: ((k >= 6815225) AND (k <= 6815325))
	  ->  Bitmap Index Scan on k_6  (cost=0.00..5.47 rows=104 width=0)
	        Index Cond: ((k >= 6815225) AND (k <= 6815325))

table 7 : explain SELECT k, c FROM sbtest7 WHERE k BETWEEN 6815225 AND 6815325
	Bitmap Heap Scan on sbtest7  (cost=5.37..365.72 rows=91 width=125)
	  Recheck Cond: ((k >= 6815225) AND (k <= 6815325))
	  ->  Bitmap Index Scan on k_7  (cost=0.00..5.34 rows=91 width=0)
	        Index Cond: ((k >= 6815225) AND (k <= 6815325))

table 8 : explain SELECT k, c FROM sbtest8 WHERE k BETWEEN 6815225 AND 6815325
	Bitmap Heap Scan on sbtest8  (cost=5.48..409.07 rows=102 width=125)
	  Recheck Cond: ((k >= 6815225) AND (k <= 6815325))
	  ->  Bitmap Index Scan on k_8  (cost=0.00..5.45 rows=102 width=0)
	        Index Cond: ((k >= 6815225) AND (k <= 6815325))

explain: for range-notcovered :: explain SELECT k, c FROM sbtest%d WHERE k BETWEEN 5068577 AND 5068677
explain: for range-notcovered :: explain SELECT k, c FROM sbtest%d WHERE k BETWEEN 6815225 AND 6815325
for range-notcovered
table 1 : explain SELECT k, c FROM sbtest1 WHERE k BETWEEN 5963009 AND 5963109
	Bitmap Heap Scan on sbtest1  (cost=5.57..444.49 rows=111 width=125)
	  Recheck Cond: ((k >= 5963009) AND (k <= 5963109))
	  ->  Bitmap Index Scan on k_1  (cost=0.00..5.54 rows=111 width=0)
	        Index Cond: ((k >= 5963009) AND (k <= 5963109))

table 2 : explain SELECT k, c FROM sbtest2 WHERE k BETWEEN 5963009 AND 5963109
	Bitmap Heap Scan on sbtest2  (cost=5.50..416.94 rows=104 width=125)
	  Recheck Cond: ((k >= 5963009) AND (k <= 5963109))
	  ->  Bitmap Index Scan on k_2  (cost=0.00..5.47 rows=104 width=0)
	        Index Cond: ((k >= 5963009) AND (k <= 5963109))

table 3 : explain SELECT k, c FROM sbtest3 WHERE k BETWEEN 5963009 AND 5963109
	Bitmap Heap Scan on sbtest3  (cost=5.55..436.62 rows=109 width=125)
	  Recheck Cond: ((k >= 5963009) AND (k <= 5963109))
	  ->  Bitmap Index Scan on k_3  (cost=0.00..5.52 rows=109 width=0)
	        Index Cond: ((k >= 5963009) AND (k <= 5963109))

table 4 : explain SELECT k, c FROM sbtest4 WHERE k BETWEEN 5963009 AND 5963109
	Bitmap Heap Scan on sbtest4  (cost=5.53..428.75 rows=107 width=125)
	  Recheck Cond: ((k >= 5963009) AND (k <= 5963109))
	  ->  Bitmap Index Scan on k_4  (cost=0.00..5.50 rows=107 width=0)
	        Index Cond: ((k >= 5963009) AND (k <= 5963109))

table 5 : explain SELECT k, c FROM sbtest5 WHERE k BETWEEN 5963009 AND 5963109
	Bitmap Heap Scan on sbtest5  (cost=5.46..401.19 rows=100 width=125)
	  Recheck Cond: ((k >= 5963009) AND (k <= 5963109))
	  ->  Bitmap Index Scan on k_5  (cost=0.00..5.43 rows=100 width=0)
	        Index Cond: ((k >= 5963009) AND (k <= 5963109))

table 6 : explain SELECT k, c FROM sbtest6 WHERE k BETWEEN 5963009 AND 5963109
	Bitmap Heap Scan on sbtest6  (cost=5.31..342.06 rows=85 width=125)
	  Recheck Cond: ((k >= 5963009) AND (k <= 5963109))
	  ->  Bitmap Index Scan on k_6  (cost=0.00..5.28 rows=85 width=0)
	        Index Cond: ((k >= 5963009) AND (k <= 5963109))

table 7 : explain SELECT k, c FROM sbtest7 WHERE k BETWEEN 5963009 AND 5963109
	Bitmap Heap Scan on sbtest7  (cost=5.49..413.00 rows=103 width=125)
	  Recheck Cond: ((k >= 5963009) AND (k <= 5963109))
	  ->  Bitmap Index Scan on k_7  (cost=0.00..5.46 rows=103 width=0)
	        Index Cond: ((k >= 5963009) AND (k <= 5963109))

table 8 : explain SELECT k, c FROM sbtest8 WHERE k BETWEEN 5963009 AND 5963109
	Bitmap Heap Scan on sbtest8  (cost=5.58..448.42 rows=112 width=125)
	  Recheck Cond: ((k >= 5963009) AND (k <= 5963109))
	  ->  Bitmap Index Scan on k_8  (cost=0.00..5.55 rows=112 width=0)
	        Index Cond: ((k >= 5963009) AND (k <= 5963109))

explain: for range-notcovered :: explain SELECT k, c FROM sbtest%d WHERE k BETWEEN 5963009 AND 5963109
for range-notcovered
table 1 : explain SELECT k, c FROM sbtest1 WHERE k BETWEEN 5314377 AND 5314477
	Bitmap Heap Scan on sbtest1  (cost=5.39..373.61 rows=93 width=125)
	  Recheck Cond: ((k >= 5314377) AND (k <= 5314477))
	  ->  Bitmap Index Scan on k_1  (cost=0.00..5.36 rows=93 width=0)
	        Index Cond: ((k >= 5314377) AND (k <= 5314477))

table 2 : explain SELECT k, c FROM sbtest2 WHERE k BETWEEN 5314377 AND 5314477
	Bitmap Heap Scan on sbtest2  (cost=5.64..472.02 rows=118 width=125)
	  Recheck Cond: ((k >= 5314377) AND (k <= 5314477))
	  ->  Bitmap Index Scan on k_2  (cost=0.00..5.61 rows=118 width=0)
	        Index Cond: ((k >= 5314377) AND (k <= 5314477))

table 3 : explain SELECT k, c FROM sbtest3 WHERE k BETWEEN 5314377 AND 5314477
	Bitmap Heap Scan on sbtest3  (cost=5.48..409.07 rows=102 width=125)
	  Recheck Cond: ((k >= 5314377) AND (k <= 5314477))
	  ->  Bitmap Index Scan on k_3  (cost=0.00..5.45 rows=102 width=0)
	        Index Cond: ((k >= 5314377) AND (k <= 5314477))

table 4 : explain SELECT k, c FROM sbtest4 WHERE k BETWEEN 5314377 AND 5314477
	Bitmap Heap Scan on sbtest4  (cost=5.53..428.75 rows=107 width=125)
	  Recheck Cond: ((k >= 5314377) AND (k <= 5314477))
	  ->  Bitmap Index Scan on k_4  (cost=0.00..5.50 rows=107 width=0)
	        Index Cond: ((k >= 5314377) AND (k <= 5314477))

table 5 : explain SELECT k, c FROM sbtest5 WHERE k BETWEEN 5314377 AND 5314477
	Bitmap Heap Scan on sbtest5  (cost=5.53..428.75 rows=107 width=125)
	  Recheck Cond: ((k >= 5314377) AND (k <= 5314477))
	  ->  Bitmap Index Scan on k_5  (cost=0.00..5.50 rows=107 width=0)
	        Index Cond: ((k >= 5314377) AND (k <= 5314477))

table 6 : explain SELECT k, c FROM sbtest6 WHERE k BETWEEN 5314377 AND 5314477
	Bitmap Heap Scan on sbtest6  (cost=5.53..428.75 rows=107 width=125)
	  Recheck Cond: ((k >= 5314377) AND (k <= 5314477))
	  ->  Bitmap Index Scan on k_6  (cost=0.00..5.50 rows=107 width=0)
	        Index Cond: ((k >= 5314377) AND (k <= 5314477))

table 7 : explain SELECT k, c FROM sbtest7 WHERE k BETWEEN 5314377 AND 5314477
	Bitmap Heap Scan on sbtest7  (cost=5.46..401.19 rows=100 width=125)
	  Recheck Cond: ((k >= 5314377) AND (k <= 5314477))
	  ->  Bitmap Index Scan on k_7  (cost=0.00..5.43 rows=100 width=0)
	        Index Cond: ((k >= 5314377) AND (k <= 5314477))

table 8 : explain SELECT k, c FROM sbtest8 WHERE k BETWEEN 5314377 AND 5314477
	Bitmap Heap Scan on sbtest8  (cost=5.46..401.19 rows=100 width=125)
	  Recheck Cond: ((k >= 5314377) AND (k <= 5314477))
	  ->  Bitmap Index Scan on k_8  (cost=0.00..5.43 rows=100 width=0)
	        Index Cond: ((k >= 5314377) AND (k <= 5314477))

explain: for range-notcovered :: explain SELECT k, c FROM sbtest%d WHERE k BETWEEN 5314377 AND 5314477
for range-notcovered
table 1 : explain SELECT k, c FROM sbtest1 WHERE k BETWEEN 3903639 AND 3903739
	Bitmap Heap Scan on sbtest1  (cost=5.55..436.62 rows=109 width=125)
	  Recheck Cond: ((k >= 3903639) AND (k <= 3903739))
	  ->  Bitmap Index Scan on k_1  (cost=0.00..5.52 rows=109 width=0)
	        Index Cond: ((k >= 3903639) AND (k <= 3903739))

table 2 : explain SELECT k, c FROM sbtest2 WHERE k BETWEEN 3903639 AND 3903739
	Bitmap Heap Scan on sbtest2  (cost=5.46..401.19 rows=100 width=125)
	  Recheck Cond: ((k >= 3903639) AND (k <= 3903739))
	  ->  Bitmap Index Scan on k_2  (cost=0.00..5.43 rows=100 width=0)
	        Index Cond: ((k >= 3903639) AND (k <= 3903739))

table 3 : explain SELECT k, c FROM sbtest3 WHERE k BETWEEN 3903639 AND 3903739
	Bitmap Heap Scan on sbtest3  (cost=5.41..381.49 rows=95 width=125)
	  Recheck Cond: ((k >= 3903639) AND (k <= 3903739))
	  ->  Bitmap Index Scan on k_3  (cost=0.00..5.38 rows=95 width=0)
	        Index Cond: ((k >= 3903639) AND (k <= 3903739))

table 4 : explain SELECT k, c FROM sbtest4 WHERE k BETWEEN 3903639 AND 3903739
	Bitmap Heap Scan on sbtest4  (cost=5.54..432.69 rows=108 width=125)
	  Recheck Cond: ((k >= 3903639) AND (k <= 3903739))
	  ->  Bitmap Index Scan on k_4  (cost=0.00..5.51 rows=108 width=0)
	        Index Cond: ((k >= 3903639) AND (k <= 3903739))

table 5 : explain SELECT k, c FROM sbtest5 WHERE k BETWEEN 3903639 AND 3903739
	Bitmap Heap Scan on sbtest5  (cost=5.49..413.00 rows=103 width=125)
	  Recheck Cond: ((k >= 3903639) AND (k <= 3903739))
	  ->  Bitmap Index Scan on k_5  (cost=0.00..5.46 rows=103 width=0)
	        Index Cond: ((k >= 3903639) AND (k <= 3903739))

table 6 : explain SELECT k, c FROM sbtest6 WHERE k BETWEEN 3903639 AND 3903739
	Bitmap Heap Scan on sbtest6  (cost=5.44..393.31 rows=98 width=125)
	  Recheck Cond: ((k >= 3903639) AND (k <= 3903739))
	  ->  Bitmap Index Scan on k_6  (cost=0.00..5.42 rows=98 width=0)
	        Index Cond: ((k >= 3903639) AND (k <= 3903739))

table 7 : explain SELECT k, c FROM sbtest7 WHERE k BETWEEN 3903639 AND 3903739
	Bitmap Heap Scan on sbtest7  (cost=5.42..385.43 rows=96 width=125)
	  Recheck Cond: ((k >= 3903639) AND (k <= 3903739))
	  ->  Bitmap Index Scan on k_7  (cost=0.00..5.39 rows=96 width=0)
	        Index Cond: ((k >= 3903639) AND (k <= 3903739))

table 8 : explain SELECT k, c FROM sbtest8 WHERE k BETWEEN 3903639 AND 3903739
	Bitmap Heap Scan on sbtest8  (cost=5.46..401.19 rows=100 width=125)
	  Recheck Cond: ((k >= 3903639) AND (k <= 3903739))
	  ->  Bitmap Index Scan on k_8  (cost=0.00..5.43 rows=100 width=0)
	        Index Cond: ((k >= 3903639) AND (k <= 3903739))

for range-notcovered
table 1 : explain SELECT k, c FROM sbtest1 WHERE k BETWEEN 6815225 AND 6815325
	Bitmap Heap Scan on sbtest1  (cost=5.56..440.56 rows=110 width=125)
	  Recheck Cond: ((k >= 6815225) AND (k <= 6815325))
	  ->  Bitmap Index Scan on k_1  (cost=0.00..5.53 rows=110 width=0)
	        Index Cond: ((k >= 6815225) AND (k <= 6815325))

table 2 : explain SELECT k, c FROM sbtest2 WHERE k BETWEEN 6815225 AND 6815325
	Bitmap Heap Scan on sbtest2  (cost=5.47..405.13 rows=101 width=125)
	  Recheck Cond: ((k >= 6815225) AND (k <= 6815325))
	  ->  Bitmap Index Scan on k_2  (cost=0.00..5.44 rows=101 width=0)
	        Index Cond: ((k >= 6815225) AND (k <= 6815325))

table 3 : explain SELECT k, c FROM sbtest3 WHERE k BETWEEN 6815225 AND 6815325
	Bitmap Heap Scan on sbtest3  (cost=5.48..409.07 rows=102 width=125)
	  Recheck Cond: ((k >= 6815225) AND (k <= 6815325))
	  ->  Bitmap Index Scan on k_3  (cost=0.00..5.45 rows=102 width=0)
	        Index Cond: ((k >= 6815225) AND (k <= 6815325))

table 4 : explain SELECT k, c FROM sbtest4 WHERE k BETWEEN 6815225 AND 6815325
	Bitmap Heap Scan on sbtest4  (cost=5.58..448.42 rows=112 width=125)
	  Recheck Cond: ((k >= 6815225) AND (k <= 6815325))
	  ->  Bitmap Index Scan on k_4  (cost=0.00..5.55 rows=112 width=0)
	        Index Cond: ((k >= 6815225) AND (k <= 6815325))

table 5 : explain SELECT k, c FROM sbtest5 WHERE k BETWEEN 6815225 AND 6815325
	Bitmap Heap Scan on sbtest5  (cost=5.59..452.36 rows=113 width=125)
	  Recheck Cond: ((k >= 6815225) AND (k <= 6815325))
	  ->  Bitmap Index Scan on k_5  (cost=0.00..5.56 rows=113 width=0)
	        Index Cond: ((k >= 6815225) AND (k <= 6815325))

table 6 : explain SELECT k, c FROM sbtest6 WHERE k BETWEEN 6815225 AND 6815325
	Bitmap Heap Scan on sbtest6  (cost=5.50..416.94 rows=104 width=125)
	  Recheck Cond: ((k >= 6815225) AND (k <= 6815325))
	  ->  Bitmap Index Scan on k_6  (cost=0.00..5.47 rows=104 width=0)
	        Index Cond: ((k >= 6815225) AND (k <= 6815325))

table 7 : explain SELECT k, c FROM sbtest7 WHERE k BETWEEN 6815225 AND 6815325
	Bitmap Heap Scan on sbtest7  (cost=5.37..365.72 rows=91 width=125)
	  Recheck Cond: ((k >= 6815225) AND (k <= 6815325))
	  ->  Bitmap Index Scan on k_7  (cost=0.00..5.34 rows=91 width=0)
	        Index Cond: ((k >= 6815225) AND (k <= 6815325))

table 8 : explain SELECT k, c FROM sbtest8 WHERE k BETWEEN 6815225 AND 6815325
	Bitmap Heap Scan on sbtest8  (cost=5.48..409.07 rows=102 width=125)
	  Recheck Cond: ((k >= 6815225) AND (k <= 6815325))
	  ->  Bitmap Index Scan on k_8  (cost=0.00..5.45 rows=102 width=0)
	        Index Cond: ((k >= 6815225) AND (k <= 6815325))

for range-notcovered
table 1 : explain SELECT k, c FROM sbtest1 WHERE k BETWEEN 5068577 AND 5068677
	Bitmap Heap Scan on sbtest1  (cost=5.39..373.61 rows=93 width=125)
	  Recheck Cond: ((k >= 5068577) AND (k <= 5068677))
	  ->  Bitmap Index Scan on k_1  (cost=0.00..5.36 rows=93 width=0)
	        Index Cond: ((k >= 5068577) AND (k <= 5068677))

table 2 : explain SELECT k, c FROM sbtest2 WHERE k BETWEEN 5068577 AND 5068677
	Bitmap Heap Scan on sbtest2  (cost=5.45..397.25 rows=99 width=125)
	  Recheck Cond: ((k >= 5068577) AND (k <= 5068677))
	  ->  Bitmap Index Scan on k_2  (cost=0.00..5.42 rows=99 width=0)
	        Index Cond: ((k >= 5068577) AND (k <= 5068677))

table 3 : explain SELECT k, c FROM sbtest3 WHERE k BETWEEN 5068577 AND 5068677
	Bitmap Heap Scan on sbtest3  (cost=5.51..420.88 rows=105 width=125)
	  Recheck Cond: ((k >= 5068577) AND (k <= 5068677))
	  ->  Bitmap Index Scan on k_3  (cost=0.00..5.48 rows=105 width=0)
	        Index Cond: ((k >= 5068577) AND (k <= 5068677))

table 4 : explain SELECT k, c FROM sbtest4 WHERE k BETWEEN 5068577 AND 5068677
	Bitmap Heap Scan on sbtest4  (cost=5.47..405.13 rows=101 width=125)
	  Recheck Cond: ((k >= 5068577) AND (k <= 5068677))
	  ->  Bitmap Index Scan on k_4  (cost=0.00..5.44 rows=101 width=0)
	        Index Cond: ((k >= 5068577) AND (k <= 5068677))

table 5 : explain SELECT k, c FROM sbtest5 WHERE k BETWEEN 5068577 AND 5068677
	Bitmap Heap Scan on sbtest5  (cost=5.46..401.19 rows=100 width=125)
	  Recheck Cond: ((k >= 5068577) AND (k <= 5068677))
	  ->  Bitmap Index Scan on k_5  (cost=0.00..5.43 rows=100 width=0)
	        Index Cond: ((k >= 5068577) AND (k <= 5068677))

table 6 : explain SELECT k, c FROM sbtest6 WHERE k BETWEEN 5068577 AND 5068677
	Bitmap Heap Scan on sbtest6  (cost=5.56..440.56 rows=110 width=125)
	  Recheck Cond: ((k >= 5068577) AND (k <= 5068677))
	  ->  Bitmap Index Scan on k_6  (cost=0.00..5.53 rows=110 width=0)
	        Index Cond: ((k >= 5068577) AND (k <= 5068677))

table 7 : explain SELECT k, c FROM sbtest7 WHERE k BETWEEN 5068577 AND 5068677
	Bitmap Heap Scan on sbtest7  (cost=5.49..413.00 rows=103 width=125)
	  Recheck Cond: ((k >= 5068577) AND (k <= 5068677))
	  ->  Bitmap Index Scan on k_7  (cost=0.00..5.46 rows=103 width=0)
	        Index Cond: ((k >= 5068577) AND (k <= 5068677))

table 8 : explain SELECT k, c FROM sbtest8 WHERE k BETWEEN 5068577 AND 5068677
	Bitmap Heap Scan on sbtest8  (cost=5.56..440.56 rows=110 width=125)
	  Recheck Cond: ((k >= 5068577) AND (k <= 5068677))
	  ->  Bitmap Index Scan on k_8  (cost=0.00..5.53 rows=110 width=0)
	        Index Cond: ((k >= 5068577) AND (k <= 5068677))

explain: for range-notcovered :: explain SELECT k, c FROM sbtest%d WHERE k BETWEEN 3903639 AND 3903739
explain: for range-notcovered :: explain SELECT k, c FROM sbtest%d WHERE k BETWEEN 6815225 AND 6815325
explain: for range-notcovered :: explain SELECT k, c FROM sbtest%d WHERE k BETWEEN 5068577 AND 5068677
for range-notcovered
table 1 : explain SELECT k, c FROM sbtest1 WHERE k BETWEEN 5963009 AND 5963109
	Bitmap Heap Scan on sbtest1  (cost=5.57..444.49 rows=111 width=125)
	  Recheck Cond: ((k >= 5963009) AND (k <= 5963109))
	  ->  Bitmap Index Scan on k_1  (cost=0.00..5.54 rows=111 width=0)
	        Index Cond: ((k >= 5963009) AND (k <= 5963109))

table 2 : explain SELECT k, c FROM sbtest2 WHERE k BETWEEN 5963009 AND 5963109
	Bitmap Heap Scan on sbtest2  (cost=5.50..416.94 rows=104 width=125)
	  Recheck Cond: ((k >= 5963009) AND (k <= 5963109))
	  ->  Bitmap Index Scan on k_2  (cost=0.00..5.47 rows=104 width=0)
	        Index Cond: ((k >= 5963009) AND (k <= 5963109))

table 3 : explain SELECT k, c FROM sbtest3 WHERE k BETWEEN 5963009 AND 5963109
	Bitmap Heap Scan on sbtest3  (cost=5.55..436.62 rows=109 width=125)
	  Recheck Cond: ((k >= 5963009) AND (k <= 5963109))
	  ->  Bitmap Index Scan on k_3  (cost=0.00..5.52 rows=109 width=0)
	        Index Cond: ((k >= 5963009) AND (k <= 5963109))

table 4 : explain SELECT k, c FROM sbtest4 WHERE k BETWEEN 5963009 AND 5963109
	Bitmap Heap Scan on sbtest4  (cost=5.53..428.75 rows=107 width=125)
	  Recheck Cond: ((k >= 5963009) AND (k <= 5963109))
	  ->  Bitmap Index Scan on k_4  (cost=0.00..5.50 rows=107 width=0)
	        Index Cond: ((k >= 5963009) AND (k <= 5963109))

table 5 : explain SELECT k, c FROM sbtest5 WHERE k BETWEEN 5963009 AND 5963109
	Bitmap Heap Scan on sbtest5  (cost=5.46..401.19 rows=100 width=125)
	  Recheck Cond: ((k >= 5963009) AND (k <= 5963109))
	  ->  Bitmap Index Scan on k_5  (cost=0.00..5.43 rows=100 width=0)
	        Index Cond: ((k >= 5963009) AND (k <= 5963109))

table 6 : explain SELECT k, c FROM sbtest6 WHERE k BETWEEN 5963009 AND 5963109
	Bitmap Heap Scan on sbtest6  (cost=5.31..342.06 rows=85 width=125)
	  Recheck Cond: ((k >= 5963009) AND (k <= 5963109))
	  ->  Bitmap Index Scan on k_6  (cost=0.00..5.28 rows=85 width=0)
	        Index Cond: ((k >= 5963009) AND (k <= 5963109))

table 7 : explain SELECT k, c FROM sbtest7 WHERE k BETWEEN 5963009 AND 5963109
	Bitmap Heap Scan on sbtest7  (cost=5.49..413.00 rows=103 width=125)
	  Recheck Cond: ((k >= 5963009) AND (k <= 5963109))
	  ->  Bitmap Index Scan on k_7  (cost=0.00..5.46 rows=103 width=0)
	        Index Cond: ((k >= 5963009) AND (k <= 5963109))

table 8 : explain SELECT k, c FROM sbtest8 WHERE k BETWEEN 5963009 AND 5963109
	Bitmap Heap Scan on sbtest8  (cost=5.58..448.42 rows=112 width=125)
	  Recheck Cond: ((k >= 5963009) AND (k <= 5963109))
	  ->  Bitmap Index Scan on k_8  (cost=0.00..5.55 rows=112 width=0)
	        Index Cond: ((k >= 5963009) AND (k <= 5963109))

for range-notcovered
table 1 : explain SELECT k, c FROM sbtest1 WHERE k BETWEEN 3488827 AND 3488927
	Bitmap Heap Scan on sbtest1  (cost=5.52..424.81 rows=106 width=125)
	  Recheck Cond: ((k >= 3488827) AND (k <= 3488927))
	  ->  Bitmap Index Scan on k_1  (cost=0.00..5.50 rows=106 width=0)
	        Index Cond: ((k >= 3488827) AND (k <= 3488927))

table 2 : explain SELECT k, c FROM sbtest2 WHERE k BETWEEN 3488827 AND 3488927
	Bitmap Heap Scan on sbtest2  (cost=5.51..420.88 rows=105 width=125)
	  Recheck Cond: ((k >= 3488827) AND (k <= 3488927))
	  ->  Bitmap Index Scan on k_2  (cost=0.00..5.48 rows=105 width=0)
	        Index Cond: ((k >= 3488827) AND (k <= 3488927))

table 3 : explain SELECT k, c FROM sbtest3 WHERE k BETWEEN 3488827 AND 3488927
	Bitmap Heap Scan on sbtest3  (cost=5.50..416.94 rows=104 width=125)
	  Recheck Cond: ((k >= 3488827) AND (k <= 3488927))
	  ->  Bitmap Index Scan on k_3  (cost=0.00..5.47 rows=104 width=0)
	        Index Cond: ((k >= 3488827) AND (k <= 3488927))

table 4 : explain SELECT k, c FROM sbtest4 WHERE k BETWEEN 3488827 AND 3488927
	Bitmap Heap Scan on sbtest4  (cost=5.50..416.94 rows=104 width=125)
	  Recheck Cond: ((k >= 3488827) AND (k <= 3488927))
	  ->  Bitmap Index Scan on k_4  (cost=0.00..5.47 rows=104 width=0)
	        Index Cond: ((k >= 3488827) AND (k <= 3488927))

table 5 : explain SELECT k, c FROM sbtest5 WHERE k BETWEEN 3488827 AND 3488927
	Bitmap Heap Scan on sbtest5  (cost=5.49..413.00 rows=103 width=125)
	  Recheck Cond: ((k >= 3488827) AND (k <= 3488927))
	  ->  Bitmap Index Scan on k_5  (cost=0.00..5.46 rows=103 width=0)
	        Index Cond: ((k >= 3488827) AND (k <= 3488927))

table 6 : explain SELECT k, c FROM sbtest6 WHERE k BETWEEN 3488827 AND 3488927
	Bitmap Heap Scan on sbtest6  (cost=5.46..401.19 rows=100 width=125)
	  Recheck Cond: ((k >= 3488827) AND (k <= 3488927))
	  ->  Bitmap Index Scan on k_6  (cost=0.00..5.43 rows=100 width=0)
	        Index Cond: ((k >= 3488827) AND (k <= 3488927))

table 7 : explain SELECT k, c FROM sbtest7 WHERE k BETWEEN 3488827 AND 3488927
	Bitmap Heap Scan on sbtest7  (cost=5.43..389.37 rows=97 width=125)
	  Recheck Cond: ((k >= 3488827) AND (k <= 3488927))
	  ->  Bitmap Index Scan on k_7  (cost=0.00..5.40 rows=97 width=0)
	        Index Cond: ((k >= 3488827) AND (k <= 3488927))

table 8 : explain SELECT k, c FROM sbtest8 WHERE k BETWEEN 3488827 AND 3488927
	Bitmap Heap Scan on sbtest8  (cost=5.59..452.36 rows=113 width=125)
	  Recheck Cond: ((k >= 3488827) AND (k <= 3488927))
	  ->  Bitmap Index Scan on k_8  (cost=0.00..5.56 rows=113 width=0)
	        Index Cond: ((k >= 3488827) AND (k <= 3488927))

explain: for range-notcovered :: explain SELECT k, c FROM sbtest%d WHERE k BETWEEN 5963009 AND 5963109
for range-notcovered
table 1 : explain SELECT k, c FROM sbtest1 WHERE k BETWEEN 5314377 AND 5314477
	Bitmap Heap Scan on sbtest1  (cost=5.39..373.61 rows=93 width=125)
	  Recheck Cond: ((k >= 5314377) AND (k <= 5314477))
	  ->  Bitmap Index Scan on k_1  (cost=0.00..5.36 rows=93 width=0)
	        Index Cond: ((k >= 5314377) AND (k <= 5314477))

table 2 : explain SELECT k, c FROM sbtest2 WHERE k BETWEEN 5314377 AND 5314477
	Bitmap Heap Scan on sbtest2  (cost=5.64..472.02 rows=118 width=125)
	  Recheck Cond: ((k >= 5314377) AND (k <= 5314477))
	  ->  Bitmap Index Scan on k_2  (cost=0.00..5.61 rows=118 width=0)
	        Index Cond: ((k >= 5314377) AND (k <= 5314477))

table 3 : explain SELECT k, c FROM sbtest3 WHERE k BETWEEN 5314377 AND 5314477
	Bitmap Heap Scan on sbtest3  (cost=5.48..409.07 rows=102 width=125)
	  Recheck Cond: ((k >= 5314377) AND (k <= 5314477))
	  ->  Bitmap Index Scan on k_3  (cost=0.00..5.45 rows=102 width=0)
	        Index Cond: ((k >= 5314377) AND (k <= 5314477))

table 4 : explain SELECT k, c FROM sbtest4 WHERE k BETWEEN 5314377 AND 5314477
	Bitmap Heap Scan on sbtest4  (cost=5.53..428.75 rows=107 width=125)
	  Recheck Cond: ((k >= 5314377) AND (k <= 5314477))
	  ->  Bitmap Index Scan on k_4  (cost=0.00..5.50 rows=107 width=0)
	        Index Cond: ((k >= 5314377) AND (k <= 5314477))

table 5 : explain SELECT k, c FROM sbtest5 WHERE k BETWEEN 5314377 AND 5314477
	Bitmap Heap Scan on sbtest5  (cost=5.53..428.75 rows=107 width=125)
	  Recheck Cond: ((k >= 5314377) AND (k <= 5314477))
	  ->  Bitmap Index Scan on k_5  (cost=0.00..5.50 rows=107 width=0)
	        Index Cond: ((k >= 5314377) AND (k <= 5314477))

table 6 : explain SELECT k, c FROM sbtest6 WHERE k BETWEEN 5314377 AND 5314477
	Bitmap Heap Scan on sbtest6  (cost=5.53..428.75 rows=107 width=125)
	  Recheck Cond: ((k >= 5314377) AND (k <= 5314477))
	  ->  Bitmap Index Scan on k_6  (cost=0.00..5.50 rows=107 width=0)
	        Index Cond: ((k >= 5314377) AND (k <= 5314477))

table 7 : explain SELECT k, c FROM sbtest7 WHERE k BETWEEN 5314377 AND 5314477
	Bitmap Heap Scan on sbtest7  (cost=5.46..401.19 rows=100 width=125)
	  Recheck Cond: ((k >= 5314377) AND (k <= 5314477))
	  ->  Bitmap Index Scan on k_7  (cost=0.00..5.43 rows=100 width=0)
	        Index Cond: ((k >= 5314377) AND (k <= 5314477))

table 8 : explain SELECT k, c FROM sbtest8 WHERE k BETWEEN 5314377 AND 5314477
	Bitmap Heap Scan on sbtest8  (cost=5.46..401.19 rows=100 width=125)
	  Recheck Cond: ((k >= 5314377) AND (k <= 5314477))
	  ->  Bitmap Index Scan on k_8  (cost=0.00..5.43 rows=100 width=0)
	        Index Cond: ((k >= 5314377) AND (k <= 5314477))

explain: for range-notcovered :: explain SELECT k, c FROM sbtest%d WHERE k BETWEEN 3488827 AND 3488927
for range-notcovered
table 1 : explain SELECT k, c FROM sbtest1 WHERE k BETWEEN 2422586 AND 2422686
	Bitmap Heap Scan on sbtest1  (cost=5.54..432.69 rows=108 width=125)
	  Recheck Cond: ((k >= 2422586) AND (k <= 2422686))
	  ->  Bitmap Index Scan on k_1  (cost=0.00..5.51 rows=108 width=0)
	        Index Cond: ((k >= 2422586) AND (k <= 2422686))

table 2 : explain SELECT k, c FROM sbtest2 WHERE k BETWEEN 2422586 AND 2422686
	Bitmap Heap Scan on sbtest2  (cost=5.48..409.07 rows=102 width=125)
	  Recheck Cond: ((k >= 2422586) AND (k <= 2422686))
	  ->  Bitmap Index Scan on k_2  (cost=0.00..5.45 rows=102 width=0)
	        Index Cond: ((k >= 2422586) AND (k <= 2422686))

table 3 : explain SELECT k, c FROM sbtest3 WHERE k BETWEEN 2422586 AND 2422686
	Bitmap Heap Scan on sbtest3  (cost=5.53..428.75 rows=107 width=125)
	  Recheck Cond: ((k >= 2422586) AND (k <= 2422686))
	  ->  Bitmap Index Scan on k_3  (cost=0.00..5.50 rows=107 width=0)
	        Index Cond: ((k >= 2422586) AND (k <= 2422686))

table 4 : explain SELECT k, c FROM sbtest4 WHERE k BETWEEN 2422586 AND 2422686
	Bitmap Heap Scan on sbtest4  (cost=5.46..401.19 rows=100 width=125)
	  Recheck Cond: ((k >= 2422586) AND (k <= 2422686))
	  ->  Bitmap Index Scan on k_4  (cost=0.00..5.43 rows=100 width=0)
	        Index Cond: ((k >= 2422586) AND (k <= 2422686))

table 5 : explain SELECT k, c FROM sbtest5 WHERE k BETWEEN 2422586 AND 2422686
	Bitmap Heap Scan on sbtest5  (cost=5.37..365.72 rows=91 width=125)
	  Recheck Cond: ((k >= 2422586) AND (k <= 2422686))
	  ->  Bitmap Index Scan on k_5  (cost=0.00..5.34 rows=91 width=0)
	        Index Cond: ((k >= 2422586) AND (k <= 2422686))

table 6 : explain SELECT k, c FROM sbtest6 WHERE k BETWEEN 2422586 AND 2422686
	Bitmap Heap Scan on sbtest6  (cost=5.33..349.95 rows=87 width=125)
	  Recheck Cond: ((k >= 2422586) AND (k <= 2422686))
	  ->  Bitmap Index Scan on k_6  (cost=0.00..5.30 rows=87 width=0)
	        Index Cond: ((k >= 2422586) AND (k <= 2422686))

table 7 : explain SELECT k, c FROM sbtest7 WHERE k BETWEEN 2422586 AND 2422686
	Bitmap Heap Scan on sbtest7  (cost=5.46..401.19 rows=100 width=125)
	  Recheck Cond: ((k >= 2422586) AND (k <= 2422686))
	  ->  Bitmap Index Scan on k_7  (cost=0.00..5.43 rows=100 width=0)
	        Index Cond: ((k >= 2422586) AND (k <= 2422686))

table 8 : explain SELECT k, c FROM sbtest8 WHERE k BETWEEN 2422586 AND 2422686
	Bitmap Heap Scan on sbtest8  (cost=5.47..405.13 rows=101 width=125)
	  Recheck Cond: ((k >= 2422586) AND (k <= 2422686))
	  ->  Bitmap Index Scan on k_8  (cost=0.00..5.44 rows=101 width=0)
	        Index Cond: ((k >= 2422586) AND (k <= 2422686))

explain: for range-notcovered :: explain SELECT k, c FROM sbtest%d WHERE k BETWEEN 2422586 AND 2422686
for range-notcovered
table 1 : explain SELECT k, c FROM sbtest1 WHERE k BETWEEN 3903639 AND 3903739
	Bitmap Heap Scan on sbtest1  (cost=5.55..436.62 rows=109 width=125)
	  Recheck Cond: ((k >= 3903639) AND (k <= 3903739))
	  ->  Bitmap Index Scan on k_1  (cost=0.00..5.52 rows=109 width=0)
	        Index Cond: ((k >= 3903639) AND (k <= 3903739))

table 2 : explain SELECT k, c FROM sbtest2 WHERE k BETWEEN 3903639 AND 3903739
	Bitmap Heap Scan on sbtest2  (cost=5.46..401.19 rows=100 width=125)
	  Recheck Cond: ((k >= 3903639) AND (k <= 3903739))
	  ->  Bitmap Index Scan on k_2  (cost=0.00..5.43 rows=100 width=0)
	        Index Cond: ((k >= 3903639) AND (k <= 3903739))

table 3 : explain SELECT k, c FROM sbtest3 WHERE k BETWEEN 3903639 AND 3903739
	Bitmap Heap Scan on sbtest3  (cost=5.41..381.49 rows=95 width=125)
	  Recheck Cond: ((k >= 3903639) AND (k <= 3903739))
	  ->  Bitmap Index Scan on k_3  (cost=0.00..5.38 rows=95 width=0)
	        Index Cond: ((k >= 3903639) AND (k <= 3903739))

table 4 : explain SELECT k, c FROM sbtest4 WHERE k BETWEEN 3903639 AND 3903739
	Bitmap Heap Scan on sbtest4  (cost=5.54..432.69 rows=108 width=125)
	  Recheck Cond: ((k >= 3903639) AND (k <= 3903739))
	  ->  Bitmap Index Scan on k_4  (cost=0.00..5.51 rows=108 width=0)
	        Index Cond: ((k >= 3903639) AND (k <= 3903739))

table 5 : explain SELECT k, c FROM sbtest5 WHERE k BETWEEN 3903639 AND 3903739
	Bitmap Heap Scan on sbtest5  (cost=5.49..413.00 rows=103 width=125)
	  Recheck Cond: ((k >= 3903639) AND (k <= 3903739))
	  ->  Bitmap Index Scan on k_5  (cost=0.00..5.46 rows=103 width=0)
	        Index Cond: ((k >= 3903639) AND (k <= 3903739))

table 6 : explain SELECT k, c FROM sbtest6 WHERE k BETWEEN 3903639 AND 3903739
	Bitmap Heap Scan on sbtest6  (cost=5.44..393.31 rows=98 width=125)
	  Recheck Cond: ((k >= 3903639) AND (k <= 3903739))
	  ->  Bitmap Index Scan on k_6  (cost=0.00..5.42 rows=98 width=0)
	        Index Cond: ((k >= 3903639) AND (k <= 3903739))

table 7 : explain SELECT k, c FROM sbtest7 WHERE k BETWEEN 3903639 AND 3903739
	Bitmap Heap Scan on sbtest7  (cost=5.42..385.43 rows=96 width=125)
	  Recheck Cond: ((k >= 3903639) AND (k <= 3903739))
	  ->  Bitmap Index Scan on k_7  (cost=0.00..5.39 rows=96 width=0)
	        Index Cond: ((k >= 3903639) AND (k <= 3903739))

table 8 : explain SELECT k, c FROM sbtest8 WHERE k BETWEEN 3903639 AND 3903739
	Bitmap Heap Scan on sbtest8  (cost=5.46..401.19 rows=100 width=125)
	  Recheck Cond: ((k >= 3903639) AND (k <= 3903739))
	  ->  Bitmap Index Scan on k_8  (cost=0.00..5.43 rows=100 width=0)
	        Index Cond: ((k >= 3903639) AND (k <= 3903739))

for range-notcovered
table 1 : explain SELECT k, c FROM sbtest1 WHERE k BETWEEN 6815225 AND 6815325
	Bitmap Heap Scan on sbtest1  (cost=5.56..440.56 rows=110 width=125)
	  Recheck Cond: ((k >= 6815225) AND (k <= 6815325))
	  ->  Bitmap Index Scan on k_1  (cost=0.00..5.53 rows=110 width=0)
	        Index Cond: ((k >= 6815225) AND (k <= 6815325))

table 2 : explain SELECT k, c FROM sbtest2 WHERE k BETWEEN 6815225 AND 6815325
	Bitmap Heap Scan on sbtest2  (cost=5.47..405.13 rows=101 width=125)
	  Recheck Cond: ((k >= 6815225) AND (k <= 6815325))
	  ->  Bitmap Index Scan on k_2  (cost=0.00..5.44 rows=101 width=0)
	        Index Cond: ((k >= 6815225) AND (k <= 6815325))

table 3 : explain SELECT k, c FROM sbtest3 WHERE k BETWEEN 6815225 AND 6815325
	Bitmap Heap Scan on sbtest3  (cost=5.48..409.07 rows=102 width=125)
	  Recheck Cond: ((k >= 6815225) AND (k <= 6815325))
	  ->  Bitmap Index Scan on k_3  (cost=0.00..5.45 rows=102 width=0)
	        Index Cond: ((k >= 6815225) AND (k <= 6815325))

table 4 : explain SELECT k, c FROM sbtest4 WHERE k BETWEEN 6815225 AND 6815325
	Bitmap Heap Scan on sbtest4  (cost=5.58..448.42 rows=112 width=125)
	  Recheck Cond: ((k >= 6815225) AND (k <= 6815325))
	  ->  Bitmap Index Scan on k_4  (cost=0.00..5.55 rows=112 width=0)
	        Index Cond: ((k >= 6815225) AND (k <= 6815325))

table 5 : explain SELECT k, c FROM sbtest5 WHERE k BETWEEN 6815225 AND 6815325
	Bitmap Heap Scan on sbtest5  (cost=5.59..452.36 rows=113 width=125)
	  Recheck Cond: ((k >= 6815225) AND (k <= 6815325))
	  ->  Bitmap Index Scan on k_5  (cost=0.00..5.56 rows=113 width=0)
	        Index Cond: ((k >= 6815225) AND (k <= 6815325))

table 6 : explain SELECT k, c FROM sbtest6 WHERE k BETWEEN 6815225 AND 6815325
	Bitmap Heap Scan on sbtest6  (cost=5.50..416.94 rows=104 width=125)
	  Recheck Cond: ((k >= 6815225) AND (k <= 6815325))
	  ->  Bitmap Index Scan on k_6  (cost=0.00..5.47 rows=104 width=0)
	        Index Cond: ((k >= 6815225) AND (k <= 6815325))

table 7 : explain SELECT k, c FROM sbtest7 WHERE k BETWEEN 6815225 AND 6815325
	Bitmap Heap Scan on sbtest7  (cost=5.37..365.72 rows=91 width=125)
	  Recheck Cond: ((k >= 6815225) AND (k <= 6815325))
	  ->  Bitmap Index Scan on k_7  (cost=0.00..5.34 rows=91 width=0)
	        Index Cond: ((k >= 6815225) AND (k <= 6815325))

table 8 : explain SELECT k, c FROM sbtest8 WHERE k BETWEEN 6815225 AND 6815325
	Bitmap Heap Scan on sbtest8  (cost=5.48..409.07 rows=102 width=125)
	  Recheck Cond: ((k >= 6815225) AND (k <= 6815325))
	  ->  Bitmap Index Scan on k_8  (cost=0.00..5.45 rows=102 width=0)
	        Index Cond: ((k >= 6815225) AND (k <= 6815325))

explain: for range-notcovered :: explain SELECT k, c FROM sbtest%d WHERE k BETWEEN 3903639 AND 3903739
explain: for range-notcovered :: explain SELECT k, c FROM sbtest%d WHERE k BETWEEN 6815225 AND 6815325
for range-notcovered
table 1 : explain SELECT k, c FROM sbtest1 WHERE k BETWEEN 5068577 AND 5068677
	Bitmap Heap Scan on sbtest1  (cost=5.39..373.61 rows=93 width=125)
	  Recheck Cond: ((k >= 5068577) AND (k <= 5068677))
	  ->  Bitmap Index Scan on k_1  (cost=0.00..5.36 rows=93 width=0)
	        Index Cond: ((k >= 5068577) AND (k <= 5068677))

table 2 : explain SELECT k, c FROM sbtest2 WHERE k BETWEEN 5068577 AND 5068677
	Bitmap Heap Scan on sbtest2  (cost=5.45..397.25 rows=99 width=125)
	  Recheck Cond: ((k >= 5068577) AND (k <= 5068677))
	  ->  Bitmap Index Scan on k_2  (cost=0.00..5.42 rows=99 width=0)
	        Index Cond: ((k >= 5068577) AND (k <= 5068677))

table 3 : explain SELECT k, c FROM sbtest3 WHERE k BETWEEN 5068577 AND 5068677
	Bitmap Heap Scan on sbtest3  (cost=5.51..420.88 rows=105 width=125)
	  Recheck Cond: ((k >= 5068577) AND (k <= 5068677))
	  ->  Bitmap Index Scan on k_3  (cost=0.00..5.48 rows=105 width=0)
	        Index Cond: ((k >= 5068577) AND (k <= 5068677))

table 4 : explain SELECT k, c FROM sbtest4 WHERE k BETWEEN 5068577 AND 5068677
	Bitmap Heap Scan on sbtest4  (cost=5.47..405.13 rows=101 width=125)
	  Recheck Cond: ((k >= 5068577) AND (k <= 5068677))
	  ->  Bitmap Index Scan on k_4  (cost=0.00..5.44 rows=101 width=0)
	        Index Cond: ((k >= 5068577) AND (k <= 5068677))

table 5 : explain SELECT k, c FROM sbtest5 WHERE k BETWEEN 5068577 AND 5068677
	Bitmap Heap Scan on sbtest5  (cost=5.46..401.19 rows=100 width=125)
	  Recheck Cond: ((k >= 5068577) AND (k <= 5068677))
	  ->  Bitmap Index Scan on k_5  (cost=0.00..5.43 rows=100 width=0)
	        Index Cond: ((k >= 5068577) AND (k <= 5068677))

table 6 : explain SELECT k, c FROM sbtest6 WHERE k BETWEEN 5068577 AND 5068677
	Bitmap Heap Scan on sbtest6  (cost=5.56..440.56 rows=110 width=125)
	  Recheck Cond: ((k >= 5068577) AND (k <= 5068677))
	  ->  Bitmap Index Scan on k_6  (cost=0.00..5.53 rows=110 width=0)
	        Index Cond: ((k >= 5068577) AND (k <= 5068677))

table 7 : explain SELECT k, c FROM sbtest7 WHERE k BETWEEN 5068577 AND 5068677
	Bitmap Heap Scan on sbtest7  (cost=5.49..413.00 rows=103 width=125)
	  Recheck Cond: ((k >= 5068577) AND (k <= 5068677))
	  ->  Bitmap Index Scan on k_7  (cost=0.00..5.46 rows=103 width=0)
	        Index Cond: ((k >= 5068577) AND (k <= 5068677))

table 8 : explain SELECT k, c FROM sbtest8 WHERE k BETWEEN 5068577 AND 5068677
	Bitmap Heap Scan on sbtest8  (cost=5.56..440.56 rows=110 width=125)
	  Recheck Cond: ((k >= 5068577) AND (k <= 5068677))
	  ->  Bitmap Index Scan on k_8  (cost=0.00..5.53 rows=110 width=0)
	        Index Cond: ((k >= 5068577) AND (k <= 5068677))

explain: for range-notcovered :: explain SELECT k, c FROM sbtest%d WHERE k BETWEEN 5068577 AND 5068677
for range-notcovered
table 1 : explain SELECT k, c FROM sbtest1 WHERE k BETWEEN 5963009 AND 5963109
	Bitmap Heap Scan on sbtest1  (cost=5.57..444.49 rows=111 width=125)
	  Recheck Cond: ((k >= 5963009) AND (k <= 5963109))
	  ->  Bitmap Index Scan on k_1  (cost=0.00..5.54 rows=111 width=0)
	        Index Cond: ((k >= 5963009) AND (k <= 5963109))

table 2 : explain SELECT k, c FROM sbtest2 WHERE k BETWEEN 5963009 AND 5963109
	Bitmap Heap Scan on sbtest2  (cost=5.50..416.94 rows=104 width=125)
	  Recheck Cond: ((k >= 5963009) AND (k <= 5963109))
	  ->  Bitmap Index Scan on k_2  (cost=0.00..5.47 rows=104 width=0)
	        Index Cond: ((k >= 5963009) AND (k <= 5963109))

table 3 : explain SELECT k, c FROM sbtest3 WHERE k BETWEEN 5963009 AND 5963109
	Bitmap Heap Scan on sbtest3  (cost=5.55..436.62 rows=109 width=125)
	  Recheck Cond: ((k >= 5963009) AND (k <= 5963109))
	  ->  Bitmap Index Scan on k_3  (cost=0.00..5.52 rows=109 width=0)
	        Index Cond: ((k >= 5963009) AND (k <= 5963109))

table 4 : explain SELECT k, c FROM sbtest4 WHERE k BETWEEN 5963009 AND 5963109
	Bitmap Heap Scan on sbtest4  (cost=5.53..428.75 rows=107 width=125)
	  Recheck Cond: ((k >= 5963009) AND (k <= 5963109))
	  ->  Bitmap Index Scan on k_4  (cost=0.00..5.50 rows=107 width=0)
	        Index Cond: ((k >= 5963009) AND (k <= 5963109))

table 5 : explain SELECT k, c FROM sbtest5 WHERE k BETWEEN 5963009 AND 5963109
	Bitmap Heap Scan on sbtest5  (cost=5.46..401.19 rows=100 width=125)
	  Recheck Cond: ((k >= 5963009) AND (k <= 5963109))
	  ->  Bitmap Index Scan on k_5  (cost=0.00..5.43 rows=100 width=0)
	        Index Cond: ((k >= 5963009) AND (k <= 5963109))

table 6 : explain SELECT k, c FROM sbtest6 WHERE k BETWEEN 5963009 AND 5963109
	Bitmap Heap Scan on sbtest6  (cost=5.31..342.06 rows=85 width=125)
	  Recheck Cond: ((k >= 5963009) AND (k <= 5963109))
	  ->  Bitmap Index Scan on k_6  (cost=0.00..5.28 rows=85 width=0)
	        Index Cond: ((k >= 5963009) AND (k <= 5963109))

table 7 : explain SELECT k, c FROM sbtest7 WHERE k BETWEEN 5963009 AND 5963109
	Bitmap Heap Scan on sbtest7  (cost=5.49..413.00 rows=103 width=125)
	  Recheck Cond: ((k >= 5963009) AND (k <= 5963109))
	  ->  Bitmap Index Scan on k_7  (cost=0.00..5.46 rows=103 width=0)
	        Index Cond: ((k >= 5963009) AND (k <= 5963109))

table 8 : explain SELECT k, c FROM sbtest8 WHERE k BETWEEN 5963009 AND 5963109
	Bitmap Heap Scan on sbtest8  (cost=5.58..448.42 rows=112 width=125)
	  Recheck Cond: ((k >= 5963009) AND (k <= 5963109))
	  ->  Bitmap Index Scan on k_8  (cost=0.00..5.55 rows=112 width=0)
	        Index Cond: ((k >= 5963009) AND (k <= 5963109))

explain: for range-notcovered :: explain SELECT k, c FROM sbtest%d WHERE k BETWEEN 5963009 AND 5963109
for range-notcovered
table 1 : explain SELECT k, c FROM sbtest1 WHERE k BETWEEN 3903639 AND 3903739
	Bitmap Heap Scan on sbtest1  (cost=5.55..436.62 rows=109 width=125)
	  Recheck Cond: ((k >= 3903639) AND (k <= 3903739))
	  ->  Bitmap Index Scan on k_1  (cost=0.00..5.52 rows=109 width=0)
	        Index Cond: ((k >= 3903639) AND (k <= 3903739))

table 2 : explain SELECT k, c FROM sbtest2 WHERE k BETWEEN 3903639 AND 3903739
	Bitmap Heap Scan on sbtest2  (cost=5.46..401.19 rows=100 width=125)
	  Recheck Cond: ((k >= 3903639) AND (k <= 3903739))
	  ->  Bitmap Index Scan on k_2  (cost=0.00..5.43 rows=100 width=0)
	        Index Cond: ((k >= 3903639) AND (k <= 3903739))

table 3 : explain SELECT k, c FROM sbtest3 WHERE k BETWEEN 3903639 AND 3903739
	Bitmap Heap Scan on sbtest3  (cost=5.41..381.49 rows=95 width=125)
	  Recheck Cond: ((k >= 3903639) AND (k <= 3903739))
	  ->  Bitmap Index Scan on k_3  (cost=0.00..5.38 rows=95 width=0)
	        Index Cond: ((k >= 3903639) AND (k <= 3903739))

table 4 : explain SELECT k, c FROM sbtest4 WHERE k BETWEEN 3903639 AND 3903739
	Bitmap Heap Scan on sbtest4  (cost=5.54..432.69 rows=108 width=125)
	  Recheck Cond: ((k >= 3903639) AND (k <= 3903739))
	  ->  Bitmap Index Scan on k_4  (cost=0.00..5.51 rows=108 width=0)
	        Index Cond: ((k >= 3903639) AND (k <= 3903739))

table 5 : explain SELECT k, c FROM sbtest5 WHERE k BETWEEN 3903639 AND 3903739
	Bitmap Heap Scan on sbtest5  (cost=5.49..413.00 rows=103 width=125)
	  Recheck Cond: ((k >= 3903639) AND (k <= 3903739))
	  ->  Bitmap Index Scan on k_5  (cost=0.00..5.46 rows=103 width=0)
	        Index Cond: ((k >= 3903639) AND (k <= 3903739))

table 6 : explain SELECT k, c FROM sbtest6 WHERE k BETWEEN 3903639 AND 3903739
	Bitmap Heap Scan on sbtest6  (cost=5.44..393.31 rows=98 width=125)
	  Recheck Cond: ((k >= 3903639) AND (k <= 3903739))
	  ->  Bitmap Index Scan on k_6  (cost=0.00..5.42 rows=98 width=0)
	        Index Cond: ((k >= 3903639) AND (k <= 3903739))

table 7 : explain SELECT k, c FROM sbtest7 WHERE k BETWEEN 3903639 AND 3903739
	Bitmap Heap Scan on sbtest7  (cost=5.42..385.43 rows=96 width=125)
	  Recheck Cond: ((k >= 3903639) AND (k <= 3903739))
	  ->  Bitmap Index Scan on k_7  (cost=0.00..5.39 rows=96 width=0)
	        Index Cond: ((k >= 3903639) AND (k <= 3903739))

table 8 : explain SELECT k, c FROM sbtest8 WHERE k BETWEEN 3903639 AND 3903739
	Bitmap Heap Scan on sbtest8  (cost=5.46..401.19 rows=100 width=125)
	  Recheck Cond: ((k >= 3903639) AND (k <= 3903739))
	  ->  Bitmap Index Scan on k_8  (cost=0.00..5.43 rows=100 width=0)
	        Index Cond: ((k >= 3903639) AND (k <= 3903739))

for range-notcovered
table 1 : explain SELECT k, c FROM sbtest1 WHERE k BETWEEN 6815225 AND 6815325
	Bitmap Heap Scan on sbtest1  (cost=5.56..440.56 rows=110 width=125)
	  Recheck Cond: ((k >= 6815225) AND (k <= 6815325))
	  ->  Bitmap Index Scan on k_1  (cost=0.00..5.53 rows=110 width=0)
	        Index Cond: ((k >= 6815225) AND (k <= 6815325))

table 2 : explain SELECT k, c FROM sbtest2 WHERE k BETWEEN 6815225 AND 6815325
	Bitmap Heap Scan on sbtest2  (cost=5.47..405.13 rows=101 width=125)
	  Recheck Cond: ((k >= 6815225) AND (k <= 6815325))
	  ->  Bitmap Index Scan on k_2  (cost=0.00..5.44 rows=101 width=0)
	        Index Cond: ((k >= 6815225) AND (k <= 6815325))

table 3 : explain SELECT k, c FROM sbtest3 WHERE k BETWEEN 6815225 AND 6815325
	Bitmap Heap Scan on sbtest3  (cost=5.48..409.07 rows=102 width=125)
	  Recheck Cond: ((k >= 6815225) AND (k <= 6815325))
	  ->  Bitmap Index Scan on k_3  (cost=0.00..5.45 rows=102 width=0)
	        Index Cond: ((k >= 6815225) AND (k <= 6815325))

table 4 : explain SELECT k, c FROM sbtest4 WHERE k BETWEEN 6815225 AND 6815325
	Bitmap Heap Scan on sbtest4  (cost=5.58..448.42 rows=112 width=125)
	  Recheck Cond: ((k >= 6815225) AND (k <= 6815325))
	  ->  Bitmap Index Scan on k_4  (cost=0.00..5.55 rows=112 width=0)
	        Index Cond: ((k >= 6815225) AND (k <= 6815325))

table 5 : explain SELECT k, c FROM sbtest5 WHERE k BETWEEN 6815225 AND 6815325
	Bitmap Heap Scan on sbtest5  (cost=5.59..452.36 rows=113 width=125)
	  Recheck Cond: ((k >= 6815225) AND (k <= 6815325))
	  ->  Bitmap Index Scan on k_5  (cost=0.00..5.56 rows=113 width=0)
	        Index Cond: ((k >= 6815225) AND (k <= 6815325))

table 6 : explain SELECT k, c FROM sbtest6 WHERE k BETWEEN 6815225 AND 6815325
	Bitmap Heap Scan on sbtest6  (cost=5.50..416.94 rows=104 width=125)
	  Recheck Cond: ((k >= 6815225) AND (k <= 6815325))
	  ->  Bitmap Index Scan on k_6  (cost=0.00..5.47 rows=104 width=0)
	        Index Cond: ((k >= 6815225) AND (k <= 6815325))

table 7 : explain SELECT k, c FROM sbtest7 WHERE k BETWEEN 6815225 AND 6815325
	Bitmap Heap Scan on sbtest7  (cost=5.37..365.72 rows=91 width=125)
	  Recheck Cond: ((k >= 6815225) AND (k <= 6815325))
	  ->  Bitmap Index Scan on k_7  (cost=0.00..5.34 rows=91 width=0)
	        Index Cond: ((k >= 6815225) AND (k <= 6815325))

table 8 : explain SELECT k, c FROM sbtest8 WHERE k BETWEEN 6815225 AND 6815325
	Bitmap Heap Scan on sbtest8  (cost=5.48..409.07 rows=102 width=125)
	  Recheck Cond: ((k >= 6815225) AND (k <= 6815325))
	  ->  Bitmap Index Scan on k_8  (cost=0.00..5.45 rows=102 width=0)
	        Index Cond: ((k >= 6815225) AND (k <= 6815325))

for range-notcovered
table 1 : explain SELECT k, c FROM sbtest1 WHERE k BETWEEN 5068577 AND 5068677
	Bitmap Heap Scan on sbtest1  (cost=5.39..373.61 rows=93 width=125)
	  Recheck Cond: ((k >= 5068577) AND (k <= 5068677))
	  ->  Bitmap Index Scan on k_1  (cost=0.00..5.36 rows=93 width=0)
	        Index Cond: ((k >= 5068577) AND (k <= 5068677))

table 2 : explain SELECT k, c FROM sbtest2 WHERE k BETWEEN 5068577 AND 5068677
	Bitmap Heap Scan on sbtest2  (cost=5.45..397.25 rows=99 width=125)
	  Recheck Cond: ((k >= 5068577) AND (k <= 5068677))
	  ->  Bitmap Index Scan on k_2  (cost=0.00..5.42 rows=99 width=0)
	        Index Cond: ((k >= 5068577) AND (k <= 5068677))

table 3 : explain SELECT k, c FROM sbtest3 WHERE k BETWEEN 5068577 AND 5068677
	Bitmap Heap Scan on sbtest3  (cost=5.51..420.88 rows=105 width=125)
	  Recheck Cond: ((k >= 5068577) AND (k <= 5068677))
	  ->  Bitmap Index Scan on k_3  (cost=0.00..5.48 rows=105 width=0)
	        Index Cond: ((k >= 5068577) AND (k <= 5068677))

table 4 : explain SELECT k, c FROM sbtest4 WHERE k BETWEEN 5068577 AND 5068677
	Bitmap Heap Scan on sbtest4  (cost=5.47..405.13 rows=101 width=125)
	  Recheck Cond: ((k >= 5068577) AND (k <= 5068677))
	  ->  Bitmap Index Scan on k_4  (cost=0.00..5.44 rows=101 width=0)
	        Index Cond: ((k >= 5068577) AND (k <= 5068677))

table 5 : explain SELECT k, c FROM sbtest5 WHERE k BETWEEN 5068577 AND 5068677
	Bitmap Heap Scan on sbtest5  (cost=5.46..401.19 rows=100 width=125)
	  Recheck Cond: ((k >= 5068577) AND (k <= 5068677))
	  ->  Bitmap Index Scan on k_5  (cost=0.00..5.43 rows=100 width=0)
	        Index Cond: ((k >= 5068577) AND (k <= 5068677))

table 6 : explain SELECT k, c FROM sbtest6 WHERE k BETWEEN 5068577 AND 5068677
	Bitmap Heap Scan on sbtest6  (cost=5.56..440.56 rows=110 width=125)
	  Recheck Cond: ((k >= 5068577) AND (k <= 5068677))
	  ->  Bitmap Index Scan on k_6  (cost=0.00..5.53 rows=110 width=0)
	        Index Cond: ((k >= 5068577) AND (k <= 5068677))

table 7 : explain SELECT k, c FROM sbtest7 WHERE k BETWEEN 5068577 AND 5068677
	Bitmap Heap Scan on sbtest7  (cost=5.49..413.00 rows=103 width=125)
	  Recheck Cond: ((k >= 5068577) AND (k <= 5068677))
	  ->  Bitmap Index Scan on k_7  (cost=0.00..5.46 rows=103 width=0)
	        Index Cond: ((k >= 5068577) AND (k <= 5068677))

table 8 : explain SELECT k, c FROM sbtest8 WHERE k BETWEEN 5068577 AND 5068677
	Bitmap Heap Scan on sbtest8  (cost=5.56..440.56 rows=110 width=125)
	  Recheck Cond: ((k >= 5068577) AND (k <= 5068677))
	  ->  Bitmap Index Scan on k_8  (cost=0.00..5.53 rows=110 width=0)
	        Index Cond: ((k >= 5068577) AND (k <= 5068677))

explain: for range-notcovered :: explain SELECT k, c FROM sbtest%d WHERE k BETWEEN 5068577 AND 5068677
for range-notcovered
table 1 : explain SELECT k, c FROM sbtest1 WHERE k BETWEEN 5963009 AND 5963109
	Bitmap Heap Scan on sbtest1  (cost=5.57..444.49 rows=111 width=125)
	  Recheck Cond: ((k >= 5963009) AND (k <= 5963109))
	  ->  Bitmap Index Scan on k_1  (cost=0.00..5.54 rows=111 width=0)
	        Index Cond: ((k >= 5963009) AND (k <= 5963109))

table 2 : explain SELECT k, c FROM sbtest2 WHERE k BETWEEN 5963009 AND 5963109
	Bitmap Heap Scan on sbtest2  (cost=5.50..416.94 rows=104 width=125)
	  Recheck Cond: ((k >= 5963009) AND (k <= 5963109))
	  ->  Bitmap Index Scan on k_2  (cost=0.00..5.47 rows=104 width=0)
	        Index Cond: ((k >= 5963009) AND (k <= 5963109))

table 3 : explain SELECT k, c FROM sbtest3 WHERE k BETWEEN 5963009 AND 5963109
	Bitmap Heap Scan on sbtest3  (cost=5.55..436.62 rows=109 width=125)
	  Recheck Cond: ((k >= 5963009) AND (k <= 5963109))
	  ->  Bitmap Index Scan on k_3  (cost=0.00..5.52 rows=109 width=0)
	        Index Cond: ((k >= 5963009) AND (k <= 5963109))

table 4 : explain SELECT k, c FROM sbtest4 WHERE k BETWEEN 5963009 AND 5963109
	Bitmap Heap Scan on sbtest4  (cost=5.53..428.75 rows=107 width=125)
	  Recheck Cond: ((k >= 5963009) AND (k <= 5963109))
	  ->  Bitmap Index Scan on k_4  (cost=0.00..5.50 rows=107 width=0)
	        Index Cond: ((k >= 5963009) AND (k <= 5963109))

table 5 : explain SELECT k, c FROM sbtest5 WHERE k BETWEEN 5963009 AND 5963109
	Bitmap Heap Scan on sbtest5  (cost=5.46..401.19 rows=100 width=125)
	  Recheck Cond: ((k >= 5963009) AND (k <= 5963109))
	  ->  Bitmap Index Scan on k_5  (cost=0.00..5.43 rows=100 width=0)
	        Index Cond: ((k >= 5963009) AND (k <= 5963109))

table 6 : explain SELECT k, c FROM sbtest6 WHERE k BETWEEN 5963009 AND 5963109
	Bitmap Heap Scan on sbtest6  (cost=5.31..342.06 rows=85 width=125)
	  Recheck Cond: ((k >= 5963009) AND (k <= 5963109))
	  ->  Bitmap Index Scan on k_6  (cost=0.00..5.28 rows=85 width=0)
	        Index Cond: ((k >= 5963009) AND (k <= 5963109))

table 7 : explain SELECT k, c FROM sbtest7 WHERE k BETWEEN 5963009 AND 5963109
	Bitmap Heap Scan on sbtest7  (cost=5.49..413.00 rows=103 width=125)
	  Recheck Cond: ((k >= 5963009) AND (k <= 5963109))
	  ->  Bitmap Index Scan on k_7  (cost=0.00..5.46 rows=103 width=0)
	        Index Cond: ((k >= 5963009) AND (k <= 5963109))

table 8 : explain SELECT k, c FROM sbtest8 WHERE k BETWEEN 5963009 AND 5963109
	Bitmap Heap Scan on sbtest8  (cost=5.58..448.42 rows=112 width=125)
	  Recheck Cond: ((k >= 5963009) AND (k <= 5963109))
	  ->  Bitmap Index Scan on k_8  (cost=0.00..5.55 rows=112 width=0)
	        Index Cond: ((k >= 5963009) AND (k <= 5963109))

for range-notcovered
table 1 : explain SELECT k, c FROM sbtest1 WHERE k BETWEEN 3488827 AND 3488927
	Bitmap Heap Scan on sbtest1  (cost=5.52..424.81 rows=106 width=125)
	  Recheck Cond: ((k >= 3488827) AND (k <= 3488927))
	  ->  Bitmap Index Scan on k_1  (cost=0.00..5.50 rows=106 width=0)
	        Index Cond: ((k >= 3488827) AND (k <= 3488927))

table 2 : explain SELECT k, c FROM sbtest2 WHERE k BETWEEN 3488827 AND 3488927
	Bitmap Heap Scan on sbtest2  (cost=5.51..420.88 rows=105 width=125)
	  Recheck Cond: ((k >= 3488827) AND (k <= 3488927))
	  ->  Bitmap Index Scan on k_2  (cost=0.00..5.48 rows=105 width=0)
	        Index Cond: ((k >= 3488827) AND (k <= 3488927))

table 3 : explain SELECT k, c FROM sbtest3 WHERE k BETWEEN 3488827 AND 3488927
	Bitmap Heap Scan on sbtest3  (cost=5.50..416.94 rows=104 width=125)
	  Recheck Cond: ((k >= 3488827) AND (k <= 3488927))
	  ->  Bitmap Index Scan on k_3  (cost=0.00..5.47 rows=104 width=0)
	        Index Cond: ((k >= 3488827) AND (k <= 3488927))

table 4 : explain SELECT k, c FROM sbtest4 WHERE k BETWEEN 3488827 AND 3488927
	Bitmap Heap Scan on sbtest4  (cost=5.50..416.94 rows=104 width=125)
	  Recheck Cond: ((k >= 3488827) AND (k <= 3488927))
	  ->  Bitmap Index Scan on k_4  (cost=0.00..5.47 rows=104 width=0)
	        Index Cond: ((k >= 3488827) AND (k <= 3488927))

table 5 : explain SELECT k, c FROM sbtest5 WHERE k BETWEEN 3488827 AND 3488927
	Bitmap Heap Scan on sbtest5  (cost=5.49..413.00 rows=103 width=125)
	  Recheck Cond: ((k >= 3488827) AND (k <= 3488927))
	  ->  Bitmap Index Scan on k_5  (cost=0.00..5.46 rows=103 width=0)
	        Index Cond: ((k >= 3488827) AND (k <= 3488927))

table 6 : explain SELECT k, c FROM sbtest6 WHERE k BETWEEN 3488827 AND 3488927
	Bitmap Heap Scan on sbtest6  (cost=5.46..401.19 rows=100 width=125)
	  Recheck Cond: ((k >= 3488827) AND (k <= 3488927))
	  ->  Bitmap Index Scan on k_6  (cost=0.00..5.43 rows=100 width=0)
	        Index Cond: ((k >= 3488827) AND (k <= 3488927))

table 7 : explain SELECT k, c FROM sbtest7 WHERE k BETWEEN 3488827 AND 3488927
	Bitmap Heap Scan on sbtest7  (cost=5.43..389.37 rows=97 width=125)
	  Recheck Cond: ((k >= 3488827) AND (k <= 3488927))
	  ->  Bitmap Index Scan on k_7  (cost=0.00..5.40 rows=97 width=0)
	        Index Cond: ((k >= 3488827) AND (k <= 3488927))

table 8 : explain SELECT k, c FROM sbtest8 WHERE k BETWEEN 3488827 AND 3488927
	Bitmap Heap Scan on sbtest8  (cost=5.59..452.36 rows=113 width=125)
	  Recheck Cond: ((k >= 3488827) AND (k <= 3488927))
	  ->  Bitmap Index Scan on k_8  (cost=0.00..5.56 rows=113 width=0)
	        Index Cond: ((k >= 3488827) AND (k <= 3488927))

explain: for range-notcovered :: explain SELECT k, c FROM sbtest%d WHERE k BETWEEN 3488827 AND 3488927
for range-notcovered
table 1 : explain SELECT k, c FROM sbtest1 WHERE k BETWEEN 2422586 AND 2422686
	Bitmap Heap Scan on sbtest1  (cost=5.54..432.69 rows=108 width=125)
	  Recheck Cond: ((k >= 2422586) AND (k <= 2422686))
	  ->  Bitmap Index Scan on k_1  (cost=0.00..5.51 rows=108 width=0)
	        Index Cond: ((k >= 2422586) AND (k <= 2422686))

table 2 : explain SELECT k, c FROM sbtest2 WHERE k BETWEEN 2422586 AND 2422686
	Bitmap Heap Scan on sbtest2  (cost=5.48..409.07 rows=102 width=125)
	  Recheck Cond: ((k >= 2422586) AND (k <= 2422686))
	  ->  Bitmap Index Scan on k_2  (cost=0.00..5.45 rows=102 width=0)
	        Index Cond: ((k >= 2422586) AND (k <= 2422686))

table 3 : explain SELECT k, c FROM sbtest3 WHERE k BETWEEN 2422586 AND 2422686
	Bitmap Heap Scan on sbtest3  (cost=5.53..428.75 rows=107 width=125)
	  Recheck Cond: ((k >= 2422586) AND (k <= 2422686))
	  ->  Bitmap Index Scan on k_3  (cost=0.00..5.50 rows=107 width=0)
	        Index Cond: ((k >= 2422586) AND (k <= 2422686))

table 4 : explain SELECT k, c FROM sbtest4 WHERE k BETWEEN 2422586 AND 2422686
	Bitmap Heap Scan on sbtest4  (cost=5.46..401.19 rows=100 width=125)
	  Recheck Cond: ((k >= 2422586) AND (k <= 2422686))
	  ->  Bitmap Index Scan on k_4  (cost=0.00..5.43 rows=100 width=0)
	        Index Cond: ((k >= 2422586) AND (k <= 2422686))

table 5 : explain SELECT k, c FROM sbtest5 WHERE k BETWEEN 2422586 AND 2422686
	Bitmap Heap Scan on sbtest5  (cost=5.37..365.72 rows=91 width=125)
	  Recheck Cond: ((k >= 2422586) AND (k <= 2422686))
	  ->  Bitmap Index Scan on k_5  (cost=0.00..5.34 rows=91 width=0)
	        Index Cond: ((k >= 2422586) AND (k <= 2422686))

table 6 : explain SELECT k, c FROM sbtest6 WHERE k BETWEEN 2422586 AND 2422686
	Bitmap Heap Scan on sbtest6  (cost=5.33..349.95 rows=87 width=125)
	  Recheck Cond: ((k >= 2422586) AND (k <= 2422686))
	  ->  Bitmap Index Scan on k_6  (cost=0.00..5.30 rows=87 width=0)
	        Index Cond: ((k >= 2422586) AND (k <= 2422686))

table 7 : explain SELECT k, c FROM sbtest7 WHERE k BETWEEN 2422586 AND 2422686
	Bitmap Heap Scan on sbtest7  (cost=5.46..401.19 rows=100 width=125)
	  Recheck Cond: ((k >= 2422586) AND (k <= 2422686))
	  ->  Bitmap Index Scan on k_7  (cost=0.00..5.43 rows=100 width=0)
	        Index Cond: ((k >= 2422586) AND (k <= 2422686))

table 8 : explain SELECT k, c FROM sbtest8 WHERE k BETWEEN 2422586 AND 2422686
	Bitmap Heap Scan on sbtest8  (cost=5.47..405.13 rows=101 width=125)
	  Recheck Cond: ((k >= 2422586) AND (k <= 2422686))
	  ->  Bitmap Index Scan on k_8  (cost=0.00..5.44 rows=101 width=0)
	        Index Cond: ((k >= 2422586) AND (k <= 2422686))

explain: for range-notcovered :: explain SELECT k, c FROM sbtest%d WHERE k BETWEEN 2422586 AND 2422686
for range-notcovered
table 1 : explain SELECT k, c FROM sbtest1 WHERE k BETWEEN 5068577 AND 5068677
	Bitmap Heap Scan on sbtest1  (cost=5.39..373.61 rows=93 width=125)
	  Recheck Cond: ((k >= 5068577) AND (k <= 5068677))
	  ->  Bitmap Index Scan on k_1  (cost=0.00..5.36 rows=93 width=0)
	        Index Cond: ((k >= 5068577) AND (k <= 5068677))

table 2 : explain SELECT k, c FROM sbtest2 WHERE k BETWEEN 5068577 AND 5068677
	Bitmap Heap Scan on sbtest2  (cost=5.45..397.25 rows=99 width=125)
	  Recheck Cond: ((k >= 5068577) AND (k <= 5068677))
	  ->  Bitmap Index Scan on k_2  (cost=0.00..5.42 rows=99 width=0)
	        Index Cond: ((k >= 5068577) AND (k <= 5068677))

table 3 : explain SELECT k, c FROM sbtest3 WHERE k BETWEEN 5068577 AND 5068677
	Bitmap Heap Scan on sbtest3  (cost=5.51..420.88 rows=105 width=125)
	  Recheck Cond: ((k >= 5068577) AND (k <= 5068677))
	  ->  Bitmap Index Scan on k_3  (cost=0.00..5.48 rows=105 width=0)
	        Index Cond: ((k >= 5068577) AND (k <= 5068677))

table 4 : explain SELECT k, c FROM sbtest4 WHERE k BETWEEN 5068577 AND 5068677
	Bitmap Heap Scan on sbtest4  (cost=5.47..405.13 rows=101 width=125)
	  Recheck Cond: ((k >= 5068577) AND (k <= 5068677))
	  ->  Bitmap Index Scan on k_4  (cost=0.00..5.44 rows=101 width=0)
	        Index Cond: ((k >= 5068577) AND (k <= 5068677))

table 5 : explain SELECT k, c FROM sbtest5 WHERE k BETWEEN 5068577 AND 5068677
	Bitmap Heap Scan on sbtest5  (cost=5.46..401.19 rows=100 width=125)
	  Recheck Cond: ((k >= 5068577) AND (k <= 5068677))
	  ->  Bitmap Index Scan on k_5  (cost=0.00..5.43 rows=100 width=0)
	        Index Cond: ((k >= 5068577) AND (k <= 5068677))

table 6 : explain SELECT k, c FROM sbtest6 WHERE k BETWEEN 5068577 AND 5068677
	Bitmap Heap Scan on sbtest6  (cost=5.56..440.56 rows=110 width=125)
	  Recheck Cond: ((k >= 5068577) AND (k <= 5068677))
	  ->  Bitmap Index Scan on k_6  (cost=0.00..5.53 rows=110 width=0)
	        Index Cond: ((k >= 5068577) AND (k <= 5068677))

table 7 : explain SELECT k, c FROM sbtest7 WHERE k BETWEEN 5068577 AND 5068677
	Bitmap Heap Scan on sbtest7  (cost=5.49..413.00 rows=103 width=125)
	  Recheck Cond: ((k >= 5068577) AND (k <= 5068677))
	  ->  Bitmap Index Scan on k_7  (cost=0.00..5.46 rows=103 width=0)
	        Index Cond: ((k >= 5068577) AND (k <= 5068677))

table 8 : explain SELECT k, c FROM sbtest8 WHERE k BETWEEN 5068577 AND 5068677
	Bitmap Heap Scan on sbtest8  (cost=5.56..440.56 rows=110 width=125)
	  Recheck Cond: ((k >= 5068577) AND (k <= 5068677))
	  ->  Bitmap Index Scan on k_8  (cost=0.00..5.53 rows=110 width=0)
	        Index Cond: ((k >= 5068577) AND (k <= 5068677))

explain: for range-notcovered :: explain SELECT k, c FROM sbtest%d WHERE k BETWEEN 5068577 AND 5068677
for range-notcovered
table 1 : explain SELECT k, c FROM sbtest1 WHERE k BETWEEN 5068577 AND 5068677
	Bitmap Heap Scan on sbtest1  (cost=5.39..373.61 rows=93 width=125)
	  Recheck Cond: ((k >= 5068577) AND (k <= 5068677))
	  ->  Bitmap Index Scan on k_1  (cost=0.00..5.36 rows=93 width=0)
	        Index Cond: ((k >= 5068577) AND (k <= 5068677))

table 2 : explain SELECT k, c FROM sbtest2 WHERE k BETWEEN 5068577 AND 5068677
	Bitmap Heap Scan on sbtest2  (cost=5.45..397.25 rows=99 width=125)
	  Recheck Cond: ((k >= 5068577) AND (k <= 5068677))
	  ->  Bitmap Index Scan on k_2  (cost=0.00..5.42 rows=99 width=0)
	        Index Cond: ((k >= 5068577) AND (k <= 5068677))

table 3 : explain SELECT k, c FROM sbtest3 WHERE k BETWEEN 5068577 AND 5068677
	Bitmap Heap Scan on sbtest3  (cost=5.51..420.88 rows=105 width=125)
	  Recheck Cond: ((k >= 5068577) AND (k <= 5068677))
	  ->  Bitmap Index Scan on k_3  (cost=0.00..5.48 rows=105 width=0)
	        Index Cond: ((k >= 5068577) AND (k <= 5068677))

table 4 : explain SELECT k, c FROM sbtest4 WHERE k BETWEEN 5068577 AND 5068677
	Bitmap Heap Scan on sbtest4  (cost=5.47..405.13 rows=101 width=125)
	  Recheck Cond: ((k >= 5068577) AND (k <= 5068677))
	  ->  Bitmap Index Scan on k_4  (cost=0.00..5.44 rows=101 width=0)
	        Index Cond: ((k >= 5068577) AND (k <= 5068677))

table 5 : explain SELECT k, c FROM sbtest5 WHERE k BETWEEN 5068577 AND 5068677
	Bitmap Heap Scan on sbtest5  (cost=5.46..401.19 rows=100 width=125)
	  Recheck Cond: ((k >= 5068577) AND (k <= 5068677))
	  ->  Bitmap Index Scan on k_5  (cost=0.00..5.43 rows=100 width=0)
	        Index Cond: ((k >= 5068577) AND (k <= 5068677))

table 6 : explain SELECT k, c FROM sbtest6 WHERE k BETWEEN 5068577 AND 5068677
	Bitmap Heap Scan on sbtest6  (cost=5.56..440.56 rows=110 width=125)
	  Recheck Cond: ((k >= 5068577) AND (k <= 5068677))
	  ->  Bitmap Index Scan on k_6  (cost=0.00..5.53 rows=110 width=0)
	        Index Cond: ((k >= 5068577) AND (k <= 5068677))

table 7 : explain SELECT k, c FROM sbtest7 WHERE k BETWEEN 5068577 AND 5068677
	Bitmap Heap Scan on sbtest7  (cost=5.49..413.00 rows=103 width=125)
	  Recheck Cond: ((k >= 5068577) AND (k <= 5068677))
	  ->  Bitmap Index Scan on k_7  (cost=0.00..5.46 rows=103 width=0)
	        Index Cond: ((k >= 5068577) AND (k <= 5068677))

table 8 : explain SELECT k, c FROM sbtest8 WHERE k BETWEEN 5068577 AND 5068677
	Bitmap Heap Scan on sbtest8  (cost=5.56..440.56 rows=110 width=125)
	  Recheck Cond: ((k >= 5068577) AND (k <= 5068677))
	  ->  Bitmap Index Scan on k_8  (cost=0.00..5.53 rows=110 width=0)
	        Index Cond: ((k >= 5068577) AND (k <= 5068677))

explain: for range-notcovered :: explain SELECT k, c FROM sbtest%d WHERE k BETWEEN 5068577 AND 5068677
for range-notcovered
table 1 : explain SELECT k, c FROM sbtest1 WHERE k BETWEEN 3488827 AND 3488927
	Bitmap Heap Scan on sbtest1  (cost=5.52..424.81 rows=106 width=125)
	  Recheck Cond: ((k >= 3488827) AND (k <= 3488927))
	  ->  Bitmap Index Scan on k_1  (cost=0.00..5.50 rows=106 width=0)
	        Index Cond: ((k >= 3488827) AND (k <= 3488927))

table 2 : explain SELECT k, c FROM sbtest2 WHERE k BETWEEN 3488827 AND 3488927
	Bitmap Heap Scan on sbtest2  (cost=5.51..420.88 rows=105 width=125)
	  Recheck Cond: ((k >= 3488827) AND (k <= 3488927))
	  ->  Bitmap Index Scan on k_2  (cost=0.00..5.48 rows=105 width=0)
	        Index Cond: ((k >= 3488827) AND (k <= 3488927))

table 3 : explain SELECT k, c FROM sbtest3 WHERE k BETWEEN 3488827 AND 3488927
	Bitmap Heap Scan on sbtest3  (cost=5.50..416.94 rows=104 width=125)
	  Recheck Cond: ((k >= 3488827) AND (k <= 3488927))
	  ->  Bitmap Index Scan on k_3  (cost=0.00..5.47 rows=104 width=0)
	        Index Cond: ((k >= 3488827) AND (k <= 3488927))

table 4 : explain SELECT k, c FROM sbtest4 WHERE k BETWEEN 3488827 AND 3488927
	Bitmap Heap Scan on sbtest4  (cost=5.50..416.94 rows=104 width=125)
	  Recheck Cond: ((k >= 3488827) AND (k <= 3488927))
	  ->  Bitmap Index Scan on k_4  (cost=0.00..5.47 rows=104 width=0)
	        Index Cond: ((k >= 3488827) AND (k <= 3488927))

table 5 : explain SELECT k, c FROM sbtest5 WHERE k BETWEEN 3488827 AND 3488927
	Bitmap Heap Scan on sbtest5  (cost=5.49..413.00 rows=103 width=125)
	  Recheck Cond: ((k >= 3488827) AND (k <= 3488927))
	  ->  Bitmap Index Scan on k_5  (cost=0.00..5.46 rows=103 width=0)
	        Index Cond: ((k >= 3488827) AND (k <= 3488927))

table 6 : explain SELECT k, c FROM sbtest6 WHERE k BETWEEN 3488827 AND 3488927
	Bitmap Heap Scan on sbtest6  (cost=5.46..401.19 rows=100 width=125)
	  Recheck Cond: ((k >= 3488827) AND (k <= 3488927))
	  ->  Bitmap Index Scan on k_6  (cost=0.00..5.43 rows=100 width=0)
	        Index Cond: ((k >= 3488827) AND (k <= 3488927))

table 7 : explain SELECT k, c FROM sbtest7 WHERE k BETWEEN 3488827 AND 3488927
	Bitmap Heap Scan on sbtest7  (cost=5.43..389.37 rows=97 width=125)
	  Recheck Cond: ((k >= 3488827) AND (k <= 3488927))
	  ->  Bitmap Index Scan on k_7  (cost=0.00..5.40 rows=97 width=0)
	        Index Cond: ((k >= 3488827) AND (k <= 3488927))

table 8 : explain SELECT k, c FROM sbtest8 WHERE k BETWEEN 3488827 AND 3488927
	Bitmap Heap Scan on sbtest8  (cost=5.59..452.36 rows=113 width=125)
	  Recheck Cond: ((k >= 3488827) AND (k <= 3488927))
	  ->  Bitmap Index Scan on k_8  (cost=0.00..5.56 rows=113 width=0)
	        Index Cond: ((k >= 3488827) AND (k <= 3488927))

explain: for range-notcovered :: explain SELECT k, c FROM sbtest%d WHERE k BETWEEN 3488827 AND 3488927
for range-notcovered
table 1 : explain SELECT k, c FROM sbtest1 WHERE k BETWEEN 2422586 AND 2422686
	Bitmap Heap Scan on sbtest1  (cost=5.54..432.69 rows=108 width=125)
	  Recheck Cond: ((k >= 2422586) AND (k <= 2422686))
	  ->  Bitmap Index Scan on k_1  (cost=0.00..5.51 rows=108 width=0)
	        Index Cond: ((k >= 2422586) AND (k <= 2422686))

table 2 : explain SELECT k, c FROM sbtest2 WHERE k BETWEEN 2422586 AND 2422686
	Bitmap Heap Scan on sbtest2  (cost=5.48..409.07 rows=102 width=125)
	  Recheck Cond: ((k >= 2422586) AND (k <= 2422686))
	  ->  Bitmap Index Scan on k_2  (cost=0.00..5.45 rows=102 width=0)
	        Index Cond: ((k >= 2422586) AND (k <= 2422686))

table 3 : explain SELECT k, c FROM sbtest3 WHERE k BETWEEN 2422586 AND 2422686
	Bitmap Heap Scan on sbtest3  (cost=5.53..428.75 rows=107 width=125)
	  Recheck Cond: ((k >= 2422586) AND (k <= 2422686))
	  ->  Bitmap Index Scan on k_3  (cost=0.00..5.50 rows=107 width=0)
	        Index Cond: ((k >= 2422586) AND (k <= 2422686))

table 4 : explain SELECT k, c FROM sbtest4 WHERE k BETWEEN 2422586 AND 2422686
	Bitmap Heap Scan on sbtest4  (cost=5.46..401.19 rows=100 width=125)
	  Recheck Cond: ((k >= 2422586) AND (k <= 2422686))
	  ->  Bitmap Index Scan on k_4  (cost=0.00..5.43 rows=100 width=0)
	        Index Cond: ((k >= 2422586) AND (k <= 2422686))

table 5 : explain SELECT k, c FROM sbtest5 WHERE k BETWEEN 2422586 AND 2422686
	Bitmap Heap Scan on sbtest5  (cost=5.37..365.72 rows=91 width=125)
	  Recheck Cond: ((k >= 2422586) AND (k <= 2422686))
	  ->  Bitmap Index Scan on k_5  (cost=0.00..5.34 rows=91 width=0)
	        Index Cond: ((k >= 2422586) AND (k <= 2422686))

table 6 : explain SELECT k, c FROM sbtest6 WHERE k BETWEEN 2422586 AND 2422686
	Bitmap Heap Scan on sbtest6  (cost=5.33..349.95 rows=87 width=125)
	  Recheck Cond: ((k >= 2422586) AND (k <= 2422686))
	  ->  Bitmap Index Scan on k_6  (cost=0.00..5.30 rows=87 width=0)
	        Index Cond: ((k >= 2422586) AND (k <= 2422686))

table 7 : explain SELECT k, c FROM sbtest7 WHERE k BETWEEN 2422586 AND 2422686
	Bitmap Heap Scan on sbtest7  (cost=5.46..401.19 rows=100 width=125)
	  Recheck Cond: ((k >= 2422586) AND (k <= 2422686))
	  ->  Bitmap Index Scan on k_7  (cost=0.00..5.43 rows=100 width=0)
	        Index Cond: ((k >= 2422586) AND (k <= 2422686))

table 8 : explain SELECT k, c FROM sbtest8 WHERE k BETWEEN 2422586 AND 2422686
	Bitmap Heap Scan on sbtest8  (cost=5.47..405.13 rows=101 width=125)
	  Recheck Cond: ((k >= 2422586) AND (k <= 2422686))
	  ->  Bitmap Index Scan on k_8  (cost=0.00..5.44 rows=101 width=0)
	        Index Cond: ((k >= 2422586) AND (k <= 2422686))

explain: for range-notcovered :: explain SELECT k, c FROM sbtest%d WHERE k BETWEEN 2422586 AND 2422686
for range-notcovered
table 1 : explain SELECT k, c FROM sbtest1 WHERE k BETWEEN 5068577 AND 5068677
	Bitmap Heap Scan on sbtest1  (cost=5.39..373.61 rows=93 width=125)
	  Recheck Cond: ((k >= 5068577) AND (k <= 5068677))
	  ->  Bitmap Index Scan on k_1  (cost=0.00..5.36 rows=93 width=0)
	        Index Cond: ((k >= 5068577) AND (k <= 5068677))

table 2 : explain SELECT k, c FROM sbtest2 WHERE k BETWEEN 5068577 AND 5068677
	Bitmap Heap Scan on sbtest2  (cost=5.45..397.25 rows=99 width=125)
	  Recheck Cond: ((k >= 5068577) AND (k <= 5068677))
	  ->  Bitmap Index Scan on k_2  (cost=0.00..5.42 rows=99 width=0)
	        Index Cond: ((k >= 5068577) AND (k <= 5068677))

table 3 : explain SELECT k, c FROM sbtest3 WHERE k BETWEEN 5068577 AND 5068677
	Bitmap Heap Scan on sbtest3  (cost=5.51..420.88 rows=105 width=125)
	  Recheck Cond: ((k >= 5068577) AND (k <= 5068677))
	  ->  Bitmap Index Scan on k_3  (cost=0.00..5.48 rows=105 width=0)
	        Index Cond: ((k >= 5068577) AND (k <= 5068677))

table 4 : explain SELECT k, c FROM sbtest4 WHERE k BETWEEN 5068577 AND 5068677
	Bitmap Heap Scan on sbtest4  (cost=5.47..405.13 rows=101 width=125)
	  Recheck Cond: ((k >= 5068577) AND (k <= 5068677))
	  ->  Bitmap Index Scan on k_4  (cost=0.00..5.44 rows=101 width=0)
	        Index Cond: ((k >= 5068577) AND (k <= 5068677))

table 5 : explain SELECT k, c FROM sbtest5 WHERE k BETWEEN 5068577 AND 5068677
	Bitmap Heap Scan on sbtest5  (cost=5.46..401.19 rows=100 width=125)
	  Recheck Cond: ((k >= 5068577) AND (k <= 5068677))
	  ->  Bitmap Index Scan on k_5  (cost=0.00..5.43 rows=100 width=0)
	        Index Cond: ((k >= 5068577) AND (k <= 5068677))

table 6 : explain SELECT k, c FROM sbtest6 WHERE k BETWEEN 5068577 AND 5068677
	Bitmap Heap Scan on sbtest6  (cost=5.56..440.56 rows=110 width=125)
	  Recheck Cond: ((k >= 5068577) AND (k <= 5068677))
	  ->  Bitmap Index Scan on k_6  (cost=0.00..5.53 rows=110 width=0)
	        Index Cond: ((k >= 5068577) AND (k <= 5068677))

table 7 : explain SELECT k, c FROM sbtest7 WHERE k BETWEEN 5068577 AND 5068677
	Bitmap Heap Scan on sbtest7  (cost=5.49..413.00 rows=103 width=125)
	  Recheck Cond: ((k >= 5068577) AND (k <= 5068677))
	  ->  Bitmap Index Scan on k_7  (cost=0.00..5.46 rows=103 width=0)
	        Index Cond: ((k >= 5068577) AND (k <= 5068677))

table 8 : explain SELECT k, c FROM sbtest8 WHERE k BETWEEN 5068577 AND 5068677
	Bitmap Heap Scan on sbtest8  (cost=5.56..440.56 rows=110 width=125)
	  Recheck Cond: ((k >= 5068577) AND (k <= 5068677))
	  ->  Bitmap Index Scan on k_8  (cost=0.00..5.53 rows=110 width=0)
	        Index Cond: ((k >= 5068577) AND (k <= 5068677))

for range-notcovered
table 1 : explain SELECT k, c FROM sbtest1 WHERE k BETWEEN 3182017 AND 3182117
	Bitmap Heap Scan on sbtest1  (cost=5.51..420.88 rows=105 width=125)
	  Recheck Cond: ((k >= 3182017) AND (k <= 3182117))
	  ->  Bitmap Index Scan on k_1  (cost=0.00..5.48 rows=105 width=0)
	        Index Cond: ((k >= 3182017) AND (k <= 3182117))

table 2 : explain SELECT k, c FROM sbtest2 WHERE k BETWEEN 3182017 AND 3182117
	Bitmap Heap Scan on sbtest2  (cost=5.48..409.07 rows=102 width=125)
	  Recheck Cond: ((k >= 3182017) AND (k <= 3182117))
	  ->  Bitmap Index Scan on k_2  (cost=0.00..5.45 rows=102 width=0)
	        Index Cond: ((k >= 3182017) AND (k <= 3182117))

table 3 : explain SELECT k, c FROM sbtest3 WHERE k BETWEEN 3182017 AND 3182117
	Bitmap Heap Scan on sbtest3  (cost=5.44..393.31 rows=98 width=125)
	  Recheck Cond: ((k >= 3182017) AND (k <= 3182117))
	  ->  Bitmap Index Scan on k_3  (cost=0.00..5.42 rows=98 width=0)
	        Index Cond: ((k >= 3182017) AND (k <= 3182117))

table 4 : explain SELECT k, c FROM sbtest4 WHERE k BETWEEN 3182017 AND 3182117
	Bitmap Heap Scan on sbtest4  (cost=5.44..393.31 rows=98 width=125)
	  Recheck Cond: ((k >= 3182017) AND (k <= 3182117))
	  ->  Bitmap Index Scan on k_4  (cost=0.00..5.42 rows=98 width=0)
	        Index Cond: ((k >= 3182017) AND (k <= 3182117))

table 5 : explain SELECT k, c FROM sbtest5 WHERE k BETWEEN 3182017 AND 3182117
	Bitmap Heap Scan on sbtest5  (cost=5.55..436.62 rows=109 width=125)
	  Recheck Cond: ((k >= 3182017) AND (k <= 3182117))
	  ->  Bitmap Index Scan on k_5  (cost=0.00..5.52 rows=109 width=0)
	        Index Cond: ((k >= 3182017) AND (k <= 3182117))

table 6 : explain SELECT k, c FROM sbtest6 WHERE k BETWEEN 3182017 AND 3182117
	Bitmap Heap Scan on sbtest6  (cost=5.59..452.36 rows=113 width=125)
	  Recheck Cond: ((k >= 3182017) AND (k <= 3182117))
	  ->  Bitmap Index Scan on k_6  (cost=0.00..5.56 rows=113 width=0)
	        Index Cond: ((k >= 3182017) AND (k <= 3182117))

table 7 : explain SELECT k, c FROM sbtest7 WHERE k BETWEEN 3182017 AND 3182117
	Bitmap Heap Scan on sbtest7  (cost=5.44..393.31 rows=98 width=125)
	  Recheck Cond: ((k >= 3182017) AND (k <= 3182117))
	  ->  Bitmap Index Scan on k_7  (cost=0.00..5.42 rows=98 width=0)
	        Index Cond: ((k >= 3182017) AND (k <= 3182117))

table 8 : explain SELECT k, c FROM sbtest8 WHERE k BETWEEN 3182017 AND 3182117
	Bitmap Heap Scan on sbtest8  (cost=5.47..405.13 rows=101 width=125)
	  Recheck Cond: ((k >= 3182017) AND (k <= 3182117))
	  ->  Bitmap Index Scan on k_8  (cost=0.00..5.44 rows=101 width=0)
	        Index Cond: ((k >= 3182017) AND (k <= 3182117))

explain: for range-notcovered :: explain SELECT k, c FROM sbtest%d WHERE k BETWEEN 3182017 AND 3182117
for range-notcovered
table 1 : explain SELECT k, c FROM sbtest1 WHERE k BETWEEN 3488827 AND 3488927
	Bitmap Heap Scan on sbtest1  (cost=5.52..424.81 rows=106 width=125)
	  Recheck Cond: ((k >= 3488827) AND (k <= 3488927))
	  ->  Bitmap Index Scan on k_1  (cost=0.00..5.50 rows=106 width=0)
	        Index Cond: ((k >= 3488827) AND (k <= 3488927))

table 2 : explain SELECT k, c FROM sbtest2 WHERE k BETWEEN 3488827 AND 3488927
	Bitmap Heap Scan on sbtest2  (cost=5.51..420.88 rows=105 width=125)
	  Recheck Cond: ((k >= 3488827) AND (k <= 3488927))
	  ->  Bitmap Index Scan on k_2  (cost=0.00..5.48 rows=105 width=0)
	        Index Cond: ((k >= 3488827) AND (k <= 3488927))

table 3 : explain SELECT k, c FROM sbtest3 WHERE k BETWEEN 3488827 AND 3488927
	Bitmap Heap Scan on sbtest3  (cost=5.50..416.94 rows=104 width=125)
	  Recheck Cond: ((k >= 3488827) AND (k <= 3488927))
	  ->  Bitmap Index Scan on k_3  (cost=0.00..5.47 rows=104 width=0)
	        Index Cond: ((k >= 3488827) AND (k <= 3488927))

table 4 : explain SELECT k, c FROM sbtest4 WHERE k BETWEEN 3488827 AND 3488927
	Bitmap Heap Scan on sbtest4  (cost=5.50..416.94 rows=104 width=125)
	  Recheck Cond: ((k >= 3488827) AND (k <= 3488927))
	  ->  Bitmap Index Scan on k_4  (cost=0.00..5.47 rows=104 width=0)
	        Index Cond: ((k >= 3488827) AND (k <= 3488927))

table 5 : explain SELECT k, c FROM sbtest5 WHERE k BETWEEN 3488827 AND 3488927
	Bitmap Heap Scan on sbtest5  (cost=5.49..413.00 rows=103 width=125)
	  Recheck Cond: ((k >= 3488827) AND (k <= 3488927))
	  ->  Bitmap Index Scan on k_5  (cost=0.00..5.46 rows=103 width=0)
	        Index Cond: ((k >= 3488827) AND (k <= 3488927))

table 6 : explain SELECT k, c FROM sbtest6 WHERE k BETWEEN 3488827 AND 3488927
	Bitmap Heap Scan on sbtest6  (cost=5.46..401.19 rows=100 width=125)
	  Recheck Cond: ((k >= 3488827) AND (k <= 3488927))
	  ->  Bitmap Index Scan on k_6  (cost=0.00..5.43 rows=100 width=0)
	        Index Cond: ((k >= 3488827) AND (k <= 3488927))

table 7 : explain SELECT k, c FROM sbtest7 WHERE k BETWEEN 3488827 AND 3488927
	Bitmap Heap Scan on sbtest7  (cost=5.43..389.37 rows=97 width=125)
	  Recheck Cond: ((k >= 3488827) AND (k <= 3488927))
	  ->  Bitmap Index Scan on k_7  (cost=0.00..5.40 rows=97 width=0)
	        Index Cond: ((k >= 3488827) AND (k <= 3488927))

table 8 : explain SELECT k, c FROM sbtest8 WHERE k BETWEEN 3488827 AND 3488927
	Bitmap Heap Scan on sbtest8  (cost=5.59..452.36 rows=113 width=125)
	  Recheck Cond: ((k >= 3488827) AND (k <= 3488927))
	  ->  Bitmap Index Scan on k_8  (cost=0.00..5.56 rows=113 width=0)
	        Index Cond: ((k >= 3488827) AND (k <= 3488927))

for range-notcovered
table 1 : explain SELECT k, c FROM sbtest1 WHERE k BETWEEN 2422586 AND 2422686
	Bitmap Heap Scan on sbtest1  (cost=5.54..432.69 rows=108 width=125)
	  Recheck Cond: ((k >= 2422586) AND (k <= 2422686))
	  ->  Bitmap Index Scan on k_1  (cost=0.00..5.51 rows=108 width=0)
	        Index Cond: ((k >= 2422586) AND (k <= 2422686))

table 2 : explain SELECT k, c FROM sbtest2 WHERE k BETWEEN 2422586 AND 2422686
	Bitmap Heap Scan on sbtest2  (cost=5.48..409.07 rows=102 width=125)
	  Recheck Cond: ((k >= 2422586) AND (k <= 2422686))
	  ->  Bitmap Index Scan on k_2  (cost=0.00..5.45 rows=102 width=0)
	        Index Cond: ((k >= 2422586) AND (k <= 2422686))

table 3 : explain SELECT k, c FROM sbtest3 WHERE k BETWEEN 2422586 AND 2422686
	Bitmap Heap Scan on sbtest3  (cost=5.53..428.75 rows=107 width=125)
	  Recheck Cond: ((k >= 2422586) AND (k <= 2422686))
	  ->  Bitmap Index Scan on k_3  (cost=0.00..5.50 rows=107 width=0)
	        Index Cond: ((k >= 2422586) AND (k <= 2422686))

table 4 : explain SELECT k, c FROM sbtest4 WHERE k BETWEEN 2422586 AND 2422686
	Bitmap Heap Scan on sbtest4  (cost=5.46..401.19 rows=100 width=125)
	  Recheck Cond: ((k >= 2422586) AND (k <= 2422686))
	  ->  Bitmap Index Scan on k_4  (cost=0.00..5.43 rows=100 width=0)
	        Index Cond: ((k >= 2422586) AND (k <= 2422686))

table 5 : explain SELECT k, c FROM sbtest5 WHERE k BETWEEN 2422586 AND 2422686
	Bitmap Heap Scan on sbtest5  (cost=5.37..365.72 rows=91 width=125)
	  Recheck Cond: ((k >= 2422586) AND (k <= 2422686))
	  ->  Bitmap Index Scan on k_5  (cost=0.00..5.34 rows=91 width=0)
	        Index Cond: ((k >= 2422586) AND (k <= 2422686))

table 6 : explain SELECT k, c FROM sbtest6 WHERE k BETWEEN 2422586 AND 2422686
	Bitmap Heap Scan on sbtest6  (cost=5.33..349.95 rows=87 width=125)
	  Recheck Cond: ((k >= 2422586) AND (k <= 2422686))
	  ->  Bitmap Index Scan on k_6  (cost=0.00..5.30 rows=87 width=0)
	        Index Cond: ((k >= 2422586) AND (k <= 2422686))

table 7 : explain SELECT k, c FROM sbtest7 WHERE k BETWEEN 2422586 AND 2422686
	Bitmap Heap Scan on sbtest7  (cost=5.46..401.19 rows=100 width=125)
	  Recheck Cond: ((k >= 2422586) AND (k <= 2422686))
	  ->  Bitmap Index Scan on k_7  (cost=0.00..5.43 rows=100 width=0)
	        Index Cond: ((k >= 2422586) AND (k <= 2422686))

table 8 : explain SELECT k, c FROM sbtest8 WHERE k BETWEEN 2422586 AND 2422686
	Bitmap Heap Scan on sbtest8  (cost=5.47..405.13 rows=101 width=125)
	  Recheck Cond: ((k >= 2422586) AND (k <= 2422686))
	  ->  Bitmap Index Scan on k_8  (cost=0.00..5.44 rows=101 width=0)
	        Index Cond: ((k >= 2422586) AND (k <= 2422686))

for range-notcovered
table 1 : explain SELECT k, c FROM sbtest1 WHERE k BETWEEN 3182017 AND 3182117
	Bitmap Heap Scan on sbtest1  (cost=5.51..420.88 rows=105 width=125)
	  Recheck Cond: ((k >= 3182017) AND (k <= 3182117))
	  ->  Bitmap Index Scan on k_1  (cost=0.00..5.48 rows=105 width=0)
	        Index Cond: ((k >= 3182017) AND (k <= 3182117))

table 2 : explain SELECT k, c FROM sbtest2 WHERE k BETWEEN 3182017 AND 3182117
	Bitmap Heap Scan on sbtest2  (cost=5.48..409.07 rows=102 width=125)
	  Recheck Cond: ((k >= 3182017) AND (k <= 3182117))
	  ->  Bitmap Index Scan on k_2  (cost=0.00..5.45 rows=102 width=0)
	        Index Cond: ((k >= 3182017) AND (k <= 3182117))

table 3 : explain SELECT k, c FROM sbtest3 WHERE k BETWEEN 3182017 AND 3182117
	Bitmap Heap Scan on sbtest3  (cost=5.44..393.31 rows=98 width=125)
	  Recheck Cond: ((k >= 3182017) AND (k <= 3182117))
	  ->  Bitmap Index Scan on k_3  (cost=0.00..5.42 rows=98 width=0)
	        Index Cond: ((k >= 3182017) AND (k <= 3182117))

table 4 : explain SELECT k, c FROM sbtest4 WHERE k BETWEEN 3182017 AND 3182117
	Bitmap Heap Scan on sbtest4  (cost=5.44..393.31 rows=98 width=125)
	  Recheck Cond: ((k >= 3182017) AND (k <= 3182117))
	  ->  Bitmap Index Scan on k_4  (cost=0.00..5.42 rows=98 width=0)
	        Index Cond: ((k >= 3182017) AND (k <= 3182117))

table 5 : explain SELECT k, c FROM sbtest5 WHERE k BETWEEN 3182017 AND 3182117
	Bitmap Heap Scan on sbtest5  (cost=5.55..436.62 rows=109 width=125)
	  Recheck Cond: ((k >= 3182017) AND (k <= 3182117))
	  ->  Bitmap Index Scan on k_5  (cost=0.00..5.52 rows=109 width=0)
	        Index Cond: ((k >= 3182017) AND (k <= 3182117))

table 6 : explain SELECT k, c FROM sbtest6 WHERE k BETWEEN 3182017 AND 3182117
	Bitmap Heap Scan on sbtest6  (cost=5.59..452.36 rows=113 width=125)
	  Recheck Cond: ((k >= 3182017) AND (k <= 3182117))
	  ->  Bitmap Index Scan on k_6  (cost=0.00..5.56 rows=113 width=0)
	        Index Cond: ((k >= 3182017) AND (k <= 3182117))

table 7 : explain SELECT k, c FROM sbtest7 WHERE k BETWEEN 3182017 AND 3182117
	Bitmap Heap Scan on sbtest7  (cost=5.44..393.31 rows=98 width=125)
	  Recheck Cond: ((k >= 3182017) AND (k <= 3182117))
	  ->  Bitmap Index Scan on k_7  (cost=0.00..5.42 rows=98 width=0)
	        Index Cond: ((k >= 3182017) AND (k <= 3182117))

table 8 : explain SELECT k, c FROM sbtest8 WHERE k BETWEEN 3182017 AND 3182117
	Bitmap Heap Scan on sbtest8  (cost=5.47..405.13 rows=101 width=125)
	  Recheck Cond: ((k >= 3182017) AND (k <= 3182117))
	  ->  Bitmap Index Scan on k_8  (cost=0.00..5.44 rows=101 width=0)
	        Index Cond: ((k >= 3182017) AND (k <= 3182117))

explain: for range-notcovered :: explain SELECT k, c FROM sbtest%d WHERE k BETWEEN 3182017 AND 3182117
for range-notcovered
table 1 : explain SELECT k, c FROM sbtest1 WHERE k BETWEEN 3182017 AND 3182117
	Bitmap Heap Scan on sbtest1  (cost=5.51..420.88 rows=105 width=125)
	  Recheck Cond: ((k >= 3182017) AND (k <= 3182117))
	  ->  Bitmap Index Scan on k_1  (cost=0.00..5.48 rows=105 width=0)
	        Index Cond: ((k >= 3182017) AND (k <= 3182117))

table 2 : explain SELECT k, c FROM sbtest2 WHERE k BETWEEN 3182017 AND 3182117
	Bitmap Heap Scan on sbtest2  (cost=5.48..409.07 rows=102 width=125)
	  Recheck Cond: ((k >= 3182017) AND (k <= 3182117))
	  ->  Bitmap Index Scan on k_2  (cost=0.00..5.45 rows=102 width=0)
	        Index Cond: ((k >= 3182017) AND (k <= 3182117))

table 3 : explain SELECT k, c FROM sbtest3 WHERE k BETWEEN 3182017 AND 3182117
	Bitmap Heap Scan on sbtest3  (cost=5.44..393.31 rows=98 width=125)
	  Recheck Cond: ((k >= 3182017) AND (k <= 3182117))
	  ->  Bitmap Index Scan on k_3  (cost=0.00..5.42 rows=98 width=0)
	        Index Cond: ((k >= 3182017) AND (k <= 3182117))

table 4 : explain SELECT k, c FROM sbtest4 WHERE k BETWEEN 3182017 AND 3182117
	Bitmap Heap Scan on sbtest4  (cost=5.44..393.31 rows=98 width=125)
	  Recheck Cond: ((k >= 3182017) AND (k <= 3182117))
	  ->  Bitmap Index Scan on k_4  (cost=0.00..5.42 rows=98 width=0)
	        Index Cond: ((k >= 3182017) AND (k <= 3182117))

table 5 : explain SELECT k, c FROM sbtest5 WHERE k BETWEEN 3182017 AND 3182117
	Bitmap Heap Scan on sbtest5  (cost=5.55..436.62 rows=109 width=125)
	  Recheck Cond: ((k >= 3182017) AND (k <= 3182117))
	  ->  Bitmap Index Scan on k_5  (cost=0.00..5.52 rows=109 width=0)
	        Index Cond: ((k >= 3182017) AND (k <= 3182117))

table 6 : explain SELECT k, c FROM sbtest6 WHERE k BETWEEN 3182017 AND 3182117
	Bitmap Heap Scan on sbtest6  (cost=5.59..452.36 rows=113 width=125)
	  Recheck Cond: ((k >= 3182017) AND (k <= 3182117))
	  ->  Bitmap Index Scan on k_6  (cost=0.00..5.56 rows=113 width=0)
	        Index Cond: ((k >= 3182017) AND (k <= 3182117))

table 7 : explain SELECT k, c FROM sbtest7 WHERE k BETWEEN 3182017 AND 3182117
	Bitmap Heap Scan on sbtest7  (cost=5.44..393.31 rows=98 width=125)
	  Recheck Cond: ((k >= 3182017) AND (k <= 3182117))
	  ->  Bitmap Index Scan on k_7  (cost=0.00..5.42 rows=98 width=0)
	        Index Cond: ((k >= 3182017) AND (k <= 3182117))

table 8 : explain SELECT k, c FROM sbtest8 WHERE k BETWEEN 3182017 AND 3182117
	Bitmap Heap Scan on sbtest8  (cost=5.47..405.13 rows=101 width=125)
	  Recheck Cond: ((k >= 3182017) AND (k <= 3182117))
	  ->  Bitmap Index Scan on k_8  (cost=0.00..5.44 rows=101 width=0)
	        Index Cond: ((k >= 3182017) AND (k <= 3182117))

explain: for range-notcovered :: explain SELECT k, c FROM sbtest%d WHERE k BETWEEN 3182017 AND 3182117
for range-notcovered
table 1 : explain SELECT k, c FROM sbtest1 WHERE k BETWEEN 3182017 AND 3182117
	Bitmap Heap Scan on sbtest1  (cost=5.51..420.88 rows=105 width=125)
	  Recheck Cond: ((k >= 3182017) AND (k <= 3182117))
	  ->  Bitmap Index Scan on k_1  (cost=0.00..5.48 rows=105 width=0)
	        Index Cond: ((k >= 3182017) AND (k <= 3182117))

table 2 : explain SELECT k, c FROM sbtest2 WHERE k BETWEEN 3182017 AND 3182117
	Bitmap Heap Scan on sbtest2  (cost=5.48..409.07 rows=102 width=125)
	  Recheck Cond: ((k >= 3182017) AND (k <= 3182117))
	  ->  Bitmap Index Scan on k_2  (cost=0.00..5.45 rows=102 width=0)
	        Index Cond: ((k >= 3182017) AND (k <= 3182117))

table 3 : explain SELECT k, c FROM sbtest3 WHERE k BETWEEN 3182017 AND 3182117
	Bitmap Heap Scan on sbtest3  (cost=5.44..393.31 rows=98 width=125)
	  Recheck Cond: ((k >= 3182017) AND (k <= 3182117))
	  ->  Bitmap Index Scan on k_3  (cost=0.00..5.42 rows=98 width=0)
	        Index Cond: ((k >= 3182017) AND (k <= 3182117))

table 4 : explain SELECT k, c FROM sbtest4 WHERE k BETWEEN 3182017 AND 3182117
	Bitmap Heap Scan on sbtest4  (cost=5.44..393.31 rows=98 width=125)
	  Recheck Cond: ((k >= 3182017) AND (k <= 3182117))
	  ->  Bitmap Index Scan on k_4  (cost=0.00..5.42 rows=98 width=0)
	        Index Cond: ((k >= 3182017) AND (k <= 3182117))

table 5 : explain SELECT k, c FROM sbtest5 WHERE k BETWEEN 3182017 AND 3182117
	Bitmap Heap Scan on sbtest5  (cost=5.55..436.62 rows=109 width=125)
	  Recheck Cond: ((k >= 3182017) AND (k <= 3182117))
	  ->  Bitmap Index Scan on k_5  (cost=0.00..5.52 rows=109 width=0)
	        Index Cond: ((k >= 3182017) AND (k <= 3182117))

table 6 : explain SELECT k, c FROM sbtest6 WHERE k BETWEEN 3182017 AND 3182117
	Bitmap Heap Scan on sbtest6  (cost=5.59..452.36 rows=113 width=125)
	  Recheck Cond: ((k >= 3182017) AND (k <= 3182117))
	  ->  Bitmap Index Scan on k_6  (cost=0.00..5.56 rows=113 width=0)
	        Index Cond: ((k >= 3182017) AND (k <= 3182117))

table 7 : explain SELECT k, c FROM sbtest7 WHERE k BETWEEN 3182017 AND 3182117
	Bitmap Heap Scan on sbtest7  (cost=5.44..393.31 rows=98 width=125)
	  Recheck Cond: ((k >= 3182017) AND (k <= 3182117))
	  ->  Bitmap Index Scan on k_7  (cost=0.00..5.42 rows=98 width=0)
	        Index Cond: ((k >= 3182017) AND (k <= 3182117))

table 8 : explain SELECT k, c FROM sbtest8 WHERE k BETWEEN 3182017 AND 3182117
	Bitmap Heap Scan on sbtest8  (cost=5.47..405.13 rows=101 width=125)
	  Recheck Cond: ((k >= 3182017) AND (k <= 3182117))
	  ->  Bitmap Index Scan on k_8  (cost=0.00..5.44 rows=101 width=0)
	        Index Cond: ((k >= 3182017) AND (k <= 3182117))

Threads started!

Warming up for 5 seconds...

SQL statistics:
    queries performed:
        read:                            102655520
        write:                           0
        other:                           0
        total:                           102655520
    transactions:                        102655520 (162943.66 per sec.)
    queries:                             102655520 (162943.66 per sec.)
    ignored errors:                      0      (0.00 per sec.)
    reconnects:                          0      (0.00 per sec.)

Throughput:
    events/s (eps):                      162943.6550
    time elapsed:                        630.0063s
    total number of events:              102655520

Latency (ms):
         min:                                    0.07
         avg:                                    0.25
         max:                                   16.32
         95th percentile:                        0.28
         sum:                             25158526.42

Threads fairness:
    events (avg/stddev):           2566385.5250/49248.13
    execution time (avg/stddev):   628.9632/0.03

