LUA_PATH=/home/mdcallag/git/mytools/bench/sysbench.lua/lua/?.lua /home/mdcallag/git/mytools/bench/sysbench.lua/lua/sysbench --db-driver=pgsql --range-size=100 --table-size=10000000 --tables=8 --threads=40 --events=0 --warmup-time=5 --time=630 --pgsql_conn_id=true /home/mdcallag/git/mytools/bench/sysbench.lua/lua/oltp_range_covered.lua run --pgsql-user=root --pgsql-password=pw --pgsql-host=127.0.0.1 --pgsql-db=ib --rand-type=uniform --random-points=100 --skip-trx --on-id=false --covered=false
48 CPUs
sysbench 1.1.0-9072687 (using bundled LuaJIT 2.1.0-beta3)

Running the test with following options:
Number of threads: 40
Warmup time: 5s
Initializing random number generator from current time


Initializing worker threads...

explain: for range-notcovered :: explain SELECT k, c FROM sbtest%d WHERE k BETWEEN 8172398 AND 8172498
explain: for range-notcovered :: explain SELECT k, c FROM sbtest%d WHERE k BETWEEN 397393 AND 397493
explain: for range-notcovered :: explain SELECT k, c FROM sbtest%d WHERE k BETWEEN 5737342 AND 5737442
explain: for range-notcovered :: explain SELECT k, c FROM sbtest%d WHERE k BETWEEN 4414696 AND 4414796
explain: for range-notcovered :: explain SELECT k, c FROM sbtest%d WHERE k BETWEEN 5977647 AND 5977747
explain: for range-notcovered :: explain SELECT k, c FROM sbtest%d WHERE k BETWEEN 9580805 AND 9580905
explain: for range-notcovered :: explain SELECT k, c FROM sbtest%d WHERE k BETWEEN 6132863 AND 6132963
explain: for range-notcovered :: explain SELECT k, c FROM sbtest%d WHERE k BETWEEN 6505532 AND 6505632
explain: for range-notcovered :: explain SELECT k, c FROM sbtest%d WHERE k BETWEEN 3241696 AND 3241796
explain: for range-notcovered :: explain SELECT k, c FROM sbtest%d WHERE k BETWEEN 6059499 AND 6059599
explain: for range-notcovered :: explain SELECT k, c FROM sbtest%d WHERE k BETWEEN 1338578 AND 1338678
explain: for range-notcovered :: explain SELECT k, c FROM sbtest%d WHERE k BETWEEN 5712429 AND 5712529
explain: for range-notcovered :: explain SELECT k, c FROM sbtest%d WHERE k BETWEEN 2531241 AND 2531341
explain: for range-notcovered :: explain SELECT k, c FROM sbtest%d WHERE k BETWEEN 7876412 AND 7876512
explain: for range-notcovered :: explain SELECT k, c FROM sbtest%d WHERE k BETWEEN 8547191 AND 8547291explain: for range-notcovered :: explain SELECT k, c FROM sbtest%d WHERE k BETWEEN 2295299 AND 2295399

explain: for range-notcovered :: explain SELECT k, c FROM sbtest%d WHERE k BETWEEN 5928016 AND 5928116
explain: for range-notcovered :: explain SELECT k, c FROM sbtest%d WHERE k BETWEEN 499318 AND 499418
explain: for range-notcovered :: explain SELECT k, c FROM sbtest%d WHERE k BETWEEN 4813597 AND 4813697
explain: for range-notcovered :: explain SELECT k, c FROM sbtest%d WHERE k BETWEEN 6380588 AND 6380688
explain: for range-notcovered :: explain SELECT k, c FROM sbtest%d WHERE k BETWEEN 4324418 AND 4324518
explain: for range-notcovered :: explain SELECT k, c FROM sbtest%d WHERE k BETWEEN 4958844 AND 4958944
explain: for range-notcovered :: explain SELECT k, c FROM sbtest%d WHERE k BETWEEN 5454301 AND 5454401
explain: for range-notcovered :: explain SELECT k, c FROM sbtest%d WHERE k BETWEEN 3275438 AND 3275538
for range-notcovered
table 1 : explain SELECT k, c FROM sbtest1 WHERE k BETWEEN 8172398 AND 8172498
	Bitmap Heap Scan on sbtest1  (cost=5.51..421.23 rows=105 width=125)
	  Recheck Cond: ((k >= 8172398) AND (k <= 8172498))
	  ->  Bitmap Index Scan on k_1  (cost=0.00..5.48 rows=105 width=0)
	        Index Cond: ((k >= 8172398) AND (k <= 8172498))

table 2 : explain SELECT k, c FROM sbtest2 WHERE k BETWEEN 8172398 AND 8172498
	Bitmap Heap Scan on sbtest2  (cost=5.36..362.08 rows=90 width=125)
	  Recheck Cond: ((k >= 8172398) AND (k <= 8172498))
	  ->  Bitmap Index Scan on k_2  (cost=0.00..5.33 rows=90 width=0)
	        Index Cond: ((k >= 8172398) AND (k <= 8172498))

table 3 : explain SELECT k, c FROM sbtest3 WHERE k BETWEEN 8172398 AND 8172498
	Bitmap Heap Scan on sbtest3  (cost=5.47..405.49 rows=101 width=125)
	  Recheck Cond: ((k >= 8172398) AND (k <= 8172498))
	  ->  Bitmap Index Scan on k_3  (cost=0.00..5.44 rows=101 width=0)
	        Index Cond: ((k >= 8172398) AND (k <= 8172498))

table 4 : explain SELECT k, c FROM sbtest4 WHERE k BETWEEN 8172398 AND 8172498
	Bitmap Heap Scan on sbtest4  (cost=5.50..417.55 rows=104 width=125)
	  Recheck Cond: ((k >= 8172398) AND (k <= 8172498))
	  ->  Bitmap Index Scan on k_4  (cost=0.00..5.47 rows=104 width=0)
	        Index Cond: ((k >= 8172398) AND (k <= 8172498))

table 5 : explain SELECT k, c FROM sbtest5 WHERE k BETWEEN 8172398 AND 8172498
	Bitmap Heap Scan on sbtest5  (cost=5.55..437.28 rows=109 width=125)
	  Recheck Cond: ((k >= 8172398) AND (k <= 8172498))
	  ->  Bitmap Index Scan on k_5  (cost=0.00..5.52 rows=109 width=0)
	        Index Cond: ((k >= 8172398) AND (k <= 8172498))

table 6 : explain SELECT k, c FROM sbtest6 WHERE k BETWEEN 8172398 AND 8172498
	Bitmap Heap Scan on sbtest6  (cost=5.47..405.52 rows=101 width=125)
	  Recheck Cond: ((k >= 8172398) AND (k <= 8172498))
	  ->  Bitmap Index Scan on k_6  (cost=0.00..5.44 rows=101 width=0)
	        Index Cond: ((k >= 8172398) AND (k <= 8172498))

table 7 : explain SELECT k, c FROM sbtest7 WHERE k BETWEEN 8172398 AND 8172498
	Bitmap Heap Scan on sbtest7  (cost=5.52..425.16 rows=106 width=125)
	  Recheck Cond: ((k >= 8172398) AND (k <= 8172498))
	  ->  Bitmap Index Scan on k_7  (cost=0.00..5.50 rows=106 width=0)
	        Index Cond: ((k >= 8172398) AND (k <= 8172498))

table 8 : explain SELECT k, c FROM sbtest8 WHERE k BETWEEN 8172398 AND 8172498
	Bitmap Heap Scan on sbtest8  (cost=5.43..389.70 rows=97 width=125)
	  Recheck Cond: ((k >= 8172398) AND (k <= 8172498))
	  ->  Bitmap Index Scan on k_8  (cost=0.00..5.40 rows=97 width=0)
	        Index Cond: ((k >= 8172398) AND (k <= 8172498))

explain: for range-notcovered :: explain SELECT k, c FROM sbtest%d WHERE k BETWEEN 4019169 AND 4019269
explain: for range-notcovered :: explain SELECT k, c FROM sbtest%d WHERE k BETWEEN 8172398 AND 8172498
explain: for range-notcovered :: explain SELECT k, c FROM sbtest%d WHERE k BETWEEN 9039001 AND 9039101
for range-notcovered
table 1 : explain SELECT k, c FROM sbtest1 WHERE k BETWEEN 5977647 AND 5977747
	Bitmap Heap Scan on sbtest1  (cost=5.41..381.80 rows=95 width=125)
	  Recheck Cond: ((k >= 5977647) AND (k <= 5977747))
	  ->  Bitmap Index Scan on k_1  (cost=0.00..5.38 rows=95 width=0)
	        Index Cond: ((k >= 5977647) AND (k <= 5977747))

table 2 : explain SELECT k, c FROM sbtest2 WHERE k BETWEEN 5977647 AND 5977747
	Bitmap Heap Scan on sbtest2  (cost=5.36..362.08 rows=90 width=125)
	  Recheck Cond: ((k >= 5977647) AND (k <= 5977747))
	  ->  Bitmap Index Scan on k_2  (cost=0.00..5.33 rows=90 width=0)
	        Index Cond: ((k >= 5977647) AND (k <= 5977747))

table 3 : explain SELECT k, c FROM sbtest3 WHERE k BETWEEN 5977647 AND 5977747
	Bitmap Heap Scan on sbtest3  (cost=5.52..425.21 rows=106 width=125)
	  Recheck Cond: ((k >= 5977647) AND (k <= 5977747))
	  ->  Bitmap Index Scan on k_3  (cost=0.00..5.50 rows=106 width=0)
	        Index Cond: ((k >= 5977647) AND (k <= 5977747))

table 4 : explain SELECT k, c FROM sbtest4 WHERE k BETWEEN 5977647 AND 5977747
	Bitmap Heap Scan on sbtest4  (cost=5.51..421.50 rows=105 width=125)
	  Recheck Cond: ((k >= 5977647) AND (k <= 5977747))
	  ->  Bitmap Index Scan on k_4  (cost=0.00..5.48 rows=105 width=0)
	        Index Cond: ((k >= 5977647) AND (k <= 5977747))

table 5 : explain SELECT k, c FROM sbtest5 WHERE k BETWEEN 5977647 AND 5977747
	Bitmap Heap Scan on sbtest5  (cost=5.57..445.16 rows=111 width=125)
	  Recheck Cond: ((k >= 5977647) AND (k <= 5977747))
	  ->  Bitmap Index Scan on k_5  (cost=0.00..5.54 rows=111 width=0)
	        Index Cond: ((k >= 5977647) AND (k <= 5977747))

table 6 : explain SELECT k, c FROM sbtest6 WHERE k BETWEEN 5977647 AND 5977747
	Bitmap Heap Scan on sbtest6  (cost=5.56..441.00 rows=110 width=125)
	  Recheck Cond: ((k >= 5977647) AND (k <= 5977747))
	  ->  Bitmap Index Scan on k_6  (cost=0.00..5.53 rows=110 width=0)
	        Index Cond: ((k >= 5977647) AND (k <= 5977747))

table 7 : explain SELECT k, c FROM sbtest7 WHERE k BETWEEN 5977647 AND 5977747
	Bitmap Heap Scan on sbtest7  (cost=5.50..417.28 rows=104 width=125)
	  Recheck Cond: ((k >= 5977647) AND (k <= 5977747))
	  ->  Bitmap Index Scan on k_7  (cost=0.00..5.47 rows=104 width=0)
	        Index Cond: ((k >= 5977647) AND (k <= 5977747))

table 8 : explain SELECT k, c FROM sbtest8 WHERE k BETWEEN 5977647 AND 5977747
	Bitmap Heap Scan on sbtest8  (cost=5.53..429.13 rows=107 width=125)
	  Recheck Cond: ((k >= 5977647) AND (k <= 5977747))
	  ->  Bitmap Index Scan on k_8  (cost=0.00..5.50 rows=107 width=0)
	        Index Cond: ((k >= 5977647) AND (k <= 5977747))
for range-notcovered
table 1 : explain SELECT k, c FROM sbtest1 WHERE k BETWEEN 9580805 AND 9580905
	Bitmap Heap Scan on sbtest1  (cost=5.53..429.12 rows=107 width=125)
	  Recheck Cond: ((k >= 9580805) AND (k <= 9580905))
	  ->  Bitmap Index Scan on k_1  (cost=0.00..5.50 rows=107 width=0)
	        Index Cond: ((k >= 9580805) AND (k <= 9580905))

table 2 : explain SELECT k, c FROM sbtest2 WHERE k BETWEEN 9580805 AND 9580905
	Bitmap Heap Scan on sbtest2  (cost=5.42..385.76 rows=96 width=125)
	  Recheck Cond: ((k >= 9580805) AND (k <= 9580905))
	  ->  Bitmap Index Scan on k_2  (cost=0.00..5.39 rows=96 width=0)
	        Index Cond: ((k >= 9580805) AND (k <= 9580905))

table 3 : explain SELECT k, c FROM sbtest3 WHERE k BETWEEN 9580805 AND 9580905
	Bitmap Heap Scan on sbtest3  (cost=5.45..397.61 rows=99 width=125)
	  Recheck Cond: ((k >= 9580805) AND (k <= 9580905))
	  ->  Bitmap Index Scan on k_3  (cost=0.00..5.42 rows=99 width=0)
	        Index Cond: ((k >= 9580805) AND (k <= 9580905))

table 4 : explain SELECT k, c FROM sbtest4 WHERE k BETWEEN 9580805 AND 9580905
	Bitmap Heap Scan on sbtest4  (cost=5.55..437.27 rows=109 width=125)
	  Recheck Cond: ((k >= 9580805) AND (k <= 9580905))
	  ->  Bitmap Index Scan on k_4  (cost=0.00..5.52 rows=109 width=0)
	        Index Cond: ((k >= 9580805) AND (k <= 9580905))

table 5 : explain SELECT k, c FROM sbtest5 WHERE k BETWEEN 9580805 AND 9580905
	Bitmap Heap Scan on sbtest5  (cost=5.43..389.92 rows=97 width=125)
	  Recheck Cond: ((k >= 9580805) AND (k <= 9580905))
	  ->  Bitmap Index Scan on k_5  (cost=0.00..5.40 rows=97 width=0)
	        Index Cond: ((k >= 9580805) AND (k <= 9580905))

table 6 : explain SELECT k, c FROM sbtest6 WHERE k BETWEEN 9580805 AND 9580905
	Bitmap Heap Scan on sbtest6  (cost=5.68..484.32 rows=121 width=125)
	  Recheck Cond: ((k >= 9580805) AND (k <= 9580905))
	  ->  Bitmap Index Scan on k_6  (cost=0.00..5.64 rows=121 width=0)
	        Index Cond: ((k >= 9580805) AND (k <= 9580905))

table 7 : explain SELECT k, c FROM sbtest7 WHERE k BETWEEN 9580805 AND 9580905
	Bitmap Heap Scan on sbtest7  (cost=5.52..425.16 rows=106 width=125)
	  Recheck Cond: ((k >= 9580805) AND (k <= 9580905))
	  ->  Bitmap Index Scan on k_7  (cost=0.00..5.50 rows=106 width=0)
	        Index Cond: ((k >= 9580805) AND (k <= 9580905))

table 8 : explain SELECT k, c FROM sbtest8 WHERE k BETWEEN 9580805 AND 9580905
	Bitmap Heap Scan on sbtest8  (cost=5.47..405.48 rows=101 width=125)
	  Recheck Cond: ((k >= 9580805) AND (k <= 9580905))
	  ->  Bitmap Index Scan on k_8  (cost=0.00..5.44 rows=101 width=0)
	        Index Cond: ((k >= 9580805) AND (k <= 9580905))
for range-notcovered
table 1 : explain SELECT k, c FROM sbtest1 WHERE k BETWEEN 4414696 AND 4414796
	Bitmap Heap Scan on sbtest1  (cost=5.54..433.06 rows=108 width=125)
	  Recheck Cond: ((k >= 4414696) AND (k <= 4414796))
	  ->  Bitmap Index Scan on k_1  (cost=0.00..5.51 rows=108 width=0)
	        Index Cond: ((k >= 4414696) AND (k <= 4414796))

table 2 : explain SELECT k, c FROM sbtest2 WHERE k BETWEEN 4414696 AND 4414796
	Bitmap Heap Scan on sbtest2  (cost=5.54..433.08 rows=108 width=125)
	  Recheck Cond: ((k >= 4414696) AND (k <= 4414796))
	  ->  Bitmap Index Scan on k_2  (cost=0.00..5.51 rows=108 width=0)
	        Index Cond: ((k >= 4414696) AND (k <= 4414796))

table 3 : explain SELECT k, c FROM sbtest3 WHERE k BETWEEN 4414696 AND 4414796
	Bitmap Heap Scan on sbtest3  (cost=5.46..401.55 rows=100 width=125)
	  Recheck Cond: ((k >= 4414696) AND (k <= 4414796))
	  ->  Bitmap Index Scan on k_3  (cost=0.00..5.43 rows=100 width=0)
	        Index Cond: ((k >= 4414696) AND (k <= 4414796))

table 4 : explain SELECT k, c FROM sbtest4 WHERE k BETWEEN 4414696 AND 4414796
	Bitmap Heap Scan on sbtest4  (cost=5.49..413.60 rows=103 width=125)
	  Recheck Cond: ((k >= 4414696) AND (k <= 4414796))
	  ->  Bitmap Index Scan on k_4  (cost=0.00..5.46 rows=103 width=0)
	        Index Cond: ((k >= 4414696) AND (k <= 4414796))

table 5 : explain SELECT k, c FROM sbtest5 WHERE k BETWEEN 4414696 AND 4414796
	Bitmap Heap Scan on sbtest5  (cost=5.56..441.22 rows=110 width=125)
	  Recheck Cond: ((k >= 4414696) AND (k <= 4414796))
	  ->  Bitmap Index Scan on k_5  (cost=0.00..5.53 rows=110 width=0)
	        Index Cond: ((k >= 4414696) AND (k <= 4414796))

table 6 : explain SELECT k, c FROM sbtest6 WHERE k BETWEEN 4414696 AND 4414796
	Bitmap Heap Scan on sbtest6  (cost=5.50..417.35 rows=104 width=125)
	  Recheck Cond: ((k >= 4414696) AND (k <= 4414796))
	  ->  Bitmap Index Scan on k_6  (cost=0.00..5.47 rows=104 width=0)
	        Index Cond: ((k >= 4414696) AND (k <= 4414796))

table 7 : explain SELECT k, c FROM sbtest7 WHERE k BETWEEN 4414696 AND 4414796
	Bitmap Heap Scan on sbtest7  (cost=5.34..354.16 rows=88 width=125)
	  Recheck Cond: ((k >= 4414696) AND (k <= 4414796))
	  ->  Bitmap Index Scan on k_7  (cost=0.00..5.31 rows=88 width=0)
	        Index Cond: ((k >= 4414696) AND (k <= 4414796))

table 8 : explain SELECT k, c FROM sbtest8 WHERE k BETWEEN 4414696 AND 4414796
	Bitmap Heap Scan on sbtest8  (cost=5.51..421.25 rows=105 width=125)
	  Recheck Cond: ((k >= 4414696) AND (k <= 4414796))
	  ->  Bitmap Index Scan on k_8  (cost=0.00..5.48 rows=105 width=0)
	        Index Cond: ((k >= 4414696) AND (k <= 4414796))

for range-notcovered
table 1 : explain SELECT k, c FROM sbtest1 WHERE k BETWEEN 5737342 AND 5737442
	Bitmap Heap Scan on sbtest1  (cost=5.52..425.18 rows=106 width=125)
	  Recheck Cond: ((k >= 5737342) AND (k <= 5737442))
	  ->  Bitmap Index Scan on k_1  (cost=0.00..5.50 rows=106 width=0)
	        Index Cond: ((k >= 5737342) AND (k <= 5737442))

table 2 : explain SELECT k, c FROM sbtest2 WHERE k BETWEEN 5737342 AND 5737442
	Bitmap Heap Scan on sbtest2  (cost=5.47..405.48 rows=101 width=125)
	  Recheck Cond: ((k >= 5737342) AND (k <= 5737442))
	  ->  Bitmap Index Scan on k_2  (cost=0.00..5.44 rows=101 width=0)
	        Index Cond: ((k >= 5737342) AND (k <= 5737442))

table 3 : explain SELECT k, c FROM sbtest3 WHERE k BETWEEN 5737342 AND 5737442
	Bitmap Heap Scan on sbtest3  (cost=5.50..417.32 rows=104 width=125)
	  Recheck Cond: ((k >= 5737342) AND (k <= 5737442))
	  ->  Bitmap Index Scan on k_3  (cost=0.00..5.47 rows=104 width=0)
	        Index Cond: ((k >= 5737342) AND (k <= 5737442))

table 4 : explain SELECT k, c FROM sbtest4 WHERE k BETWEEN 5737342 AND 5737442
	Bitmap Heap Scan on sbtest4  (cost=5.48..409.66 rows=102 width=125)
	  Recheck Cond: ((k >= 5737342) AND (k <= 5737442))
	  ->  Bitmap Index Scan on k_4  (cost=0.00..5.45 rows=102 width=0)
	        Index Cond: ((k >= 5737342) AND (k <= 5737442))

table 5 : explain SELECT k, c FROM sbtest5 WHERE k BETWEEN 5737342 AND 5737442
	Bitmap Heap Scan on sbtest5  (cost=5.37..366.22 rows=91 width=125)
	  Recheck Cond: ((k >= 5737342) AND (k <= 5737442))
	  ->  Bitmap Index Scan on k_5  (cost=0.00..5.34 rows=91 width=0)
	        Index Cond: ((k >= 5737342) AND (k <= 5737442))

table 6 : explain SELECT k, c FROM sbtest6 WHERE k BETWEEN 5737342 AND 5737442
	Bitmap Heap Scan on sbtest6  (cost=5.56..441.00 rows=110 width=125)
	  Recheck Cond: ((k >= 5737342) AND (k <= 5737442))
	  ->  Bitmap Index Scan on k_6  (cost=0.00..5.53 rows=110 width=0)
	        Index Cond: ((k >= 5737342) AND (k <= 5737442))

table 7 : explain SELECT k, c FROM sbtest7 WHERE k BETWEEN 5737342 AND 5737442
	Bitmap Heap Scan on sbtest7  (cost=5.49..413.34 rows=103 width=125)
	  Recheck Cond: ((k >= 5737342) AND (k <= 5737442))
	  ->  Bitmap Index Scan on k_7  (cost=0.00..5.46 rows=103 width=0)
	        Index Cond: ((k >= 5737342) AND (k <= 5737442))

table 8 : explain SELECT k, c FROM sbtest8 WHERE k BETWEEN 5737342 AND 5737442
	Bitmap Heap Scan on sbtest8  (cost=5.50..417.31 rows=104 width=125)
	  Recheck Cond: ((k >= 5737342) AND (k <= 5737442))
	  ->  Bitmap Index Scan on k_8  (cost=0.00..5.47 rows=104 width=0)
	        Index Cond: ((k >= 5737342) AND (k <= 5737442))



explain: for range-notcovered :: explain SELECT k, c FROM sbtest%d WHERE k BETWEEN 8312725 AND 8312825
for range-notcovered
table 1 : explain SELECT k, c FROM sbtest1 WHERE k BETWEEN 6059499 AND 6059599
	Bitmap Heap Scan on sbtest1  (cost=5.42..385.74 rows=96 width=125)
	  Recheck Cond: ((k >= 6059499) AND (k <= 6059599))
	  ->  Bitmap Index Scan on k_1  (cost=0.00..5.39 rows=96 width=0)
	        Index Cond: ((k >= 6059499) AND (k <= 6059599))

table 2 : explain SELECT k, c FROM sbtest2 WHERE k BETWEEN 6059499 AND 6059599
	Bitmap Heap Scan on sbtest2  (cost=5.43..389.70 rows=97 width=125)
	  Recheck Cond: ((k >= 6059499) AND (k <= 6059599))
	  ->  Bitmap Index Scan on k_2  (cost=0.00..5.40 rows=97 width=0)
	        Index Cond: ((k >= 6059499) AND (k <= 6059599))

table 3 : explain SELECT k, c FROM sbtest3 WHERE k BETWEEN 6059499 AND 6059599
	Bitmap Heap Scan on sbtest3  (cost=5.50..417.32 rows=104 width=125)
	  Recheck Cond: ((k >= 6059499) AND (k <= 6059599))
	  ->  Bitmap Index Scan on k_3  (cost=0.00..5.47 rows=104 width=0)
	        Index Cond: ((k >= 6059499) AND (k <= 6059599))

table 4 : explain SELECT k, c FROM sbtest4 WHERE k BETWEEN 6059499 AND 6059599
	Bitmap Heap Scan on sbtest4  (cost=5.48..409.66 rows=102 width=125)
	  Recheck Cond: ((k >= 6059499) AND (k <= 6059599))
	  ->  Bitmap Index Scan on k_4  (cost=0.00..5.45 rows=102 width=0)
	        Index Cond: ((k >= 6059499) AND (k <= 6059599))

table 5 : explain SELECT k, c FROM sbtest5 WHERE k BETWEEN 6059499 AND 6059599
	Bitmap Heap Scan on sbtest5  (cost=5.57..445.16 rows=111 width=125)
	  Recheck Cond: ((k >= 6059499) AND (k <= 6059599))
	  ->  Bitmap Index Scan on k_5  (cost=0.00..5.54 rows=111 width=0)
	        Index Cond: ((k >= 6059499) AND (k <= 6059599))

table 6 : explain SELECT k, c FROM sbtest6 WHERE k BETWEEN 6059499 AND 6059599
	Bitmap Heap Scan on sbtest6  (cost=5.56..441.00 rows=110 width=125)
	  Recheck Cond: ((k >= 6059499) AND (k <= 6059599))
	  ->  Bitmap Index Scan on k_6  (cost=0.00..5.53 rows=110 width=0)
	        Index Cond: ((k >= 6059499) AND (k <= 6059599))

table 7 : explain SELECT k, c FROM sbtest7 WHERE k BETWEEN 6059499 AND 6059599
	Bitmap Heap Scan on sbtest7  (cost=5.50..417.28 rows=104 width=125)
	  Recheck Cond: ((k >= 6059499) AND (k <= 6059599))
	  ->  Bitmap Index Scan on k_7  (cost=0.00..5.47 rows=104 width=0)
	        Index Cond: ((k >= 6059499) AND (k <= 6059599))

table 8 : explain SELECT k, c FROM sbtest8 WHERE k BETWEEN 6059499 AND 6059599
	Bitmap Heap Scan on sbtest8  (cost=5.45..397.59 rows=99 width=125)
	  Recheck Cond: ((k >= 6059499) AND (k <= 6059599))
	  ->  Bitmap Index Scan on k_8  (cost=0.00..5.42 rows=99 width=0)
	        Index Cond: ((k >= 6059499) AND (k <= 6059599))

for range-notcovered
table 1 : explain SELECT k, c FROM sbtest1 WHERE k BETWEEN 3241696 AND 3241796
	Bitmap Heap Scan on sbtest1  (cost=5.45..397.58 rows=99 width=125)
	  Recheck Cond: ((k >= 3241696) AND (k <= 3241796))
	  ->  Bitmap Index Scan on k_1  (cost=0.00..5.42 rows=99 width=0)
	        Index Cond: ((k >= 3241696) AND (k <= 3241796))

table 2 : explain SELECT k, c FROM sbtest2 WHERE k BETWEEN 3241696 AND 3241796
	Bitmap Heap Scan on sbtest2  (cost=5.43..389.70 rows=97 width=125)
	  Recheck Cond: ((k >= 3241696) AND (k <= 3241796))
	  ->  Bitmap Index Scan on k_2  (cost=0.00..5.40 rows=97 width=0)
	        Index Cond: ((k >= 3241696) AND (k <= 3241796))

table 3 : explain SELECT k, c FROM sbtest3 WHERE k BETWEEN 3241696 AND 3241796
	Bitmap Heap Scan on sbtest3  (cost=5.51..421.27 rows=105 width=125)
	  Recheck Cond: ((k >= 3241696) AND (k <= 3241796))
	  ->  Bitmap Index Scan on k_3  (cost=0.00..5.48 rows=105 width=0)
	        Index Cond: ((k >= 3241696) AND (k <= 3241796))

table 4 : explain SELECT k, c FROM sbtest4 WHERE k BETWEEN 3241696 AND 3241796
	Bitmap Heap Scan on sbtest4  (cost=5.46..401.76 rows=100 width=125)
	  Recheck Cond: ((k >= 3241696) AND (k <= 3241796))
	  ->  Bitmap Index Scan on k_4  (cost=0.00..5.43 rows=100 width=0)
	        Index Cond: ((k >= 3241696) AND (k <= 3241796))

table 5 : explain SELECT k, c FROM sbtest5 WHERE k BETWEEN 3241696 AND 3241796
	Bitmap Heap Scan on sbtest5  (cost=5.38..370.17 rows=92 width=125)
	  Recheck Cond: ((k >= 3241696) AND (k <= 3241796))
	  ->  Bitmap Index Scan on k_5  (cost=0.00..5.35 rows=92 width=0)
	        Index Cond: ((k >= 3241696) AND (k <= 3241796))

table 6 : explain SELECT k, c FROM sbtest6 WHERE k BETWEEN 3241696 AND 3241796
	Bitmap Heap Scan on sbtest6  (cost=5.51..421.29 rows=105 width=125)
	  Recheck Cond: ((k >= 3241696) AND (k <= 3241796))
	  ->  Bitmap Index Scan on k_6  (cost=0.00..5.48 rows=105 width=0)
	        Index Cond: ((k >= 3241696) AND (k <= 3241796))

table 7 : explain SELECT k, c FROM sbtest7 WHERE k BETWEEN 3241696 AND 3241796
	Bitmap Heap Scan on sbtest7  (cost=5.48..409.40 rows=102 width=125)
	  Recheck Cond: ((k >= 3241696) AND (k <= 3241796))
	  ->  Bitmap Index Scan on k_7  (cost=0.00..5.45 rows=102 width=0)
	        Index Cond: ((k >= 3241696) AND (k <= 3241796))

table 8 : explain SELECT k, c FROM sbtest8 WHERE k BETWEEN 3241696 AND 3241796
	Bitmap Heap Scan on sbtest8  (cost=5.39..373.92 rows=93 width=125)
	  Recheck Cond: ((k >= 3241696) AND (k <= 3241796))
	  ->  Bitmap Index Scan on k_8  (cost=0.00..5.36 rows=93 width=0)
	        Index Cond: ((k >= 3241696) AND (k <= 3241796))

explain: for range-notcovered :: explain SELECT k, c FROM sbtest%d WHERE k BETWEEN 6246463 AND 6246563
explain: for range-notcovered :: explain SELECT k, c FROM sbtest%d WHERE k BETWEEN 4414696 AND 4414796explain: for range-notcovered :: explain SELECT k, c FROM sbtest%d WHERE k BETWEEN 9580805 AND 9580905
explain: for range-notcovered :: explain SELECT k, c FROM sbtest%d WHERE k BETWEEN 7465771 AND 7465871
for range-notcovered
table 1 : explain SELECT k, c FROM sbtest1 WHERE k BETWEEN 6505532 AND 6505632
	Bitmap Heap Scan on sbtest1  (cost=5.47..405.46 rows=101 width=125)
	  Recheck Cond: ((k >= 6505532) AND (k <= 6505632))
	  ->  Bitmap Index Scan on k_1  (cost=0.00..5.44 rows=101 width=0)
	        Index Cond: ((k >= 6505532) AND (k <= 6505632))

table 2 : explain SELECT k, c FROM sbtest2 WHERE k BETWEEN 6505532 AND 6505632
	Bitmap Heap Scan on sbtest2  (cost=5.40..377.87 rows=94 width=125)
	  Recheck Cond: ((k >= 6505532) AND (k <= 6505632))
	  ->  Bitmap Index Scan on k_2  (cost=0.00..5.38 rows=94 width=0)
	        Index Cond: ((k >= 6505532) AND (k <= 6505632))

table 3 : explain SELECT k, c FROM sbtest3 WHERE k BETWEEN 6505532 AND 6505632
	Bitmap Heap Scan on sbtest3  (cost=5.42..385.77 rows=96 width=125)
	  Recheck Cond: ((k >= 6505532) AND (k <= 6505632))
	  ->  Bitmap Index Scan on k_3  (cost=0.00..5.39 rows=96 width=0)
	        Index Cond: ((k >= 6505532) AND (k <= 6505632))

table 4 : explain SELECT k, c FROM sbtest4 WHERE k BETWEEN 6505532 AND 6505632
	Bitmap Heap Scan on sbtest4  (cost=5.44..393.87 rows=98 width=125)
	  Recheck Cond: ((k >= 6505532) AND (k <= 6505632))
	  ->  Bitmap Index Scan on k_4  (cost=0.00..5.42 rows=98 width=0)
	        Index Cond: ((k >= 6505532) AND (k <= 6505632))

table 5 : explain SELECT k, c FROM sbtest5 WHERE k BETWEEN 6505532 AND 6505632
	Bitmap Heap Scan on sbtest5  (cost=5.51..421.50 rows=105 width=125)
	  Recheck Cond: ((k >= 6505532) AND (k <= 6505632))
	  ->  Bitmap Index Scan on k_5  (cost=0.00..5.48 rows=105 width=0)
	        Index Cond: ((k >= 6505532) AND (k <= 6505632))

table 6 : explain SELECT k, c FROM sbtest6 WHERE k BETWEEN 6505532 AND 6505632
	Bitmap Heap Scan on sbtest6  (cost=5.44..393.68 rows=98 width=125)
	  Recheck Cond: ((k >= 6505532) AND (k <= 6505632))
	  ->  Bitmap Index Scan on k_6  (cost=0.00..5.42 rows=98 width=0)
	        Index Cond: ((k >= 6505532) AND (k <= 6505632))

table 7 : explain SELECT k, c FROM sbtest7 WHERE k BETWEEN 6505532 AND 6505632
	Bitmap Heap Scan on sbtest7  (cost=5.47..405.45 rows=101 width=125)
	  Recheck Cond: ((k >= 6505532) AND (k <= 6505632))
	  ->  Bitmap Index Scan on k_7  (cost=0.00..5.44 rows=101 width=0)
	        Index Cond: ((k >= 6505532) AND (k <= 6505632))

table 8 : explain SELECT k, c FROM sbtest8 WHERE k BETWEEN 6505532 AND 6505632
	Bitmap Heap Scan on sbtest8  (cost=5.48..409.42 rows=102 width=125)
	  Recheck Cond: ((k >= 6505532) AND (k <= 6505632))
	  ->  Bitmap Index Scan on k_8  (cost=0.00..5.45 rows=102 width=0)
	        Index Cond: ((k >= 6505532) AND (k <= 6505632))

explain: for range-notcovered :: explain SELECT k, c FROM sbtest%d WHERE k BETWEEN 3241696 AND 3241796
for range-notcovered
table 1 : explain SELECT k, c FROM sbtest1 WHERE k BETWEEN 397393 AND 397493
	Bitmap Heap Scan on sbtest1  (cost=5.44..393.63 rows=98 width=125)
	  Recheck Cond: ((k >= 397393) AND (k <= 397493))
	  ->  Bitmap Index Scan on k_1  (cost=0.00..5.42 rows=98 width=0)
	        Index Cond: ((k >= 397393) AND (k <= 397493))

table 2 : explain SELECT k, c FROM sbtest2 WHERE k BETWEEN 397393 AND 397493
	Bitmap Heap Scan on sbtest2  (cost=5.52..425.19 rows=106 width=125)
	  Recheck Cond: ((k >= 397393) AND (k <= 397493))
	  ->  Bitmap Index Scan on k_2  (cost=0.00..5.50 rows=106 width=0)
	        Index Cond: ((k >= 397393) AND (k <= 397493))

table 3 : explain SELECT k, c FROM sbtest3 WHERE k BETWEEN 397393 AND 397493
	Bitmap Heap Scan on sbtest3  (cost=5.35..358.14 rows=89 width=125)
	  Recheck Cond: ((k >= 397393) AND (k <= 397493))
	  ->  Bitmap Index Scan on k_3  (cost=0.00..5.32 rows=89 width=0)
	        Index Cond: ((k >= 397393) AND (k <= 397493))

table 4 : explain SELECT k, c FROM sbtest4 WHERE k BETWEEN 397393 AND 397493
	Bitmap Heap Scan on sbtest4  (cost=5.40..378.07 rows=94 width=125)
	  Recheck Cond: ((k >= 397393) AND (k <= 397493))
	  ->  Bitmap Index Scan on k_4  (cost=0.00..5.38 rows=94 width=0)
	        Index Cond: ((k >= 397393) AND (k <= 397493))

table 5 : explain SELECT k, c FROM sbtest5 WHERE k BETWEEN 397393 AND 397493
	Bitmap Heap Scan on sbtest5  (cost=5.42..385.97 rows=96 width=125)
	  Recheck Cond: ((k >= 397393) AND (k <= 397493))
	  ->  Bitmap Index Scan on k_5  (cost=0.00..5.39 rows=96 width=0)
	        Index Cond: ((k >= 397393) AND (k <= 397493))

table 6 : explain SELECT k, c FROM sbtest6 WHERE k BETWEEN 397393 AND 397493
	Bitmap Heap Scan on sbtest6  (cost=5.56..441.00 rows=110 width=125)
	  Recheck Cond: ((k >= 397393) AND (k <= 397493))
	  ->  Bitmap Index Scan on k_6  (cost=0.00..5.53 rows=110 width=0)
	        Index Cond: ((k >= 397393) AND (k <= 397493))

table 7 : explain SELECT k, c FROM sbtest7 WHERE k BETWEEN 397393 AND 397493
	Bitmap Heap Scan on sbtest7  (cost=5.46..401.51 rows=100 width=125)
	  Recheck Cond: ((k >= 397393) AND (k <= 397493))
	  ->  Bitmap Index Scan on k_7  (cost=0.00..5.43 rows=100 width=0)
	        Index Cond: ((k >= 397393) AND (k <= 397493))

table 8 : explain SELECT k, c FROM sbtest8 WHERE k BETWEEN 397393 AND 397493
	Bitmap Heap Scan on sbtest8  (cost=5.43..389.70 rows=97 width=125)
	  Recheck Cond: ((k >= 397393) AND (k <= 397493))
	  ->  Bitmap Index Scan on k_8  (cost=0.00..5.40 rows=97 width=0)
	        Index Cond: ((k >= 397393) AND (k <= 397493))

explain: for range-notcovered :: explain SELECT k, c FROM sbtest%d WHERE k BETWEEN 5706738 AND 5706838
explain: for range-notcovered :: explain SELECT k, c FROM sbtest%d WHERE k BETWEEN 5737342 AND 5737442
explain: for range-notcovered :: explain SELECT k, c FROM sbtest%d WHERE k BETWEEN 5977647 AND 5977747

for range-notcovered
table 1 : explain SELECT k, c FROM sbtest1 WHERE k BETWEEN 6132863 AND 6132963
	Bitmap Heap Scan on sbtest1  (cost=5.47..405.46 rows=101 width=125)
	  Recheck Cond: ((k >= 6132863) AND (k <= 6132963))
	  ->  Bitmap Index Scan on k_1  (cost=0.00..5.44 rows=101 width=0)
	        Index Cond: ((k >= 6132863) AND (k <= 6132963))

table 2 : explain SELECT k, c FROM sbtest2 WHERE k BETWEEN 6132863 AND 6132963
	Bitmap Heap Scan on sbtest2  (cost=5.44..393.65 rows=98 width=125)
	  Recheck Cond: ((k >= 6132863) AND (k <= 6132963))
	  ->  Bitmap Index Scan on k_2  (cost=0.00..5.42 rows=98 width=0)
	        Index Cond: ((k >= 6132863) AND (k <= 6132963))

table 3 : explain SELECT k, c FROM sbtest3 WHERE k BETWEEN 6132863 AND 6132963
	Bitmap Heap Scan on sbtest3  (cost=5.49..413.38 rows=103 width=125)
	  Recheck Cond: ((k >= 6132863) AND (k <= 6132963))
	  ->  Bitmap Index Scan on k_3  (cost=0.00..5.46 rows=103 width=0)
	        Index Cond: ((k >= 6132863) AND (k <= 6132963))

table 4 : explain SELECT k, c FROM sbtest4 WHERE k BETWEEN 6132863 AND 6132963
	Bitmap Heap Scan on sbtest4  (cost=5.48..409.66 rows=102 width=125)
	  Recheck Cond: ((k >= 6132863) AND (k <= 6132963))
	  ->  Bitmap Index Scan on k_4  (cost=0.00..5.45 rows=102 width=0)
	        Index Cond: ((k >= 6132863) AND (k <= 6132963))

table 5 : explain SELECT k, c FROM sbtest5 WHERE k BETWEEN 6132863 AND 6132963
	Bitmap Heap Scan on sbtest5  (cost=5.51..421.50 rows=105 width=125)
	  Recheck Cond: ((k >= 6132863) AND (k <= 6132963))
	  ->  Bitmap Index Scan on k_5  (cost=0.00..5.48 rows=105 width=0)
	        Index Cond: ((k >= 6132863) AND (k <= 6132963))

table 6 : explain SELECT k, c FROM sbtest6 WHERE k BETWEEN 6132863 AND 6132963
	Bitmap Heap Scan on sbtest6  (cost=5.50..417.35 rows=104 width=125)
	  Recheck Cond: ((k >= 6132863) AND (k <= 6132963))
	  ->  Bitmap Index Scan on k_6  (cost=0.00..5.47 rows=104 width=0)
	        Index Cond: ((k >= 6132863) AND (k <= 6132963))

table 7 : explain SELECT k, c FROM sbtest7 WHERE k BETWEEN 6132863 AND 6132963
	Bitmap Heap Scan on sbtest7  (cost=5.50..417.28 rows=104 width=125)
	  Recheck Cond: ((k >= 6132863) AND (k <= 6132963))
	  ->  Bitmap Index Scan on k_7  (cost=0.00..5.47 rows=104 width=0)
	        Index Cond: ((k >= 6132863) AND (k <= 6132963))

table 8 : explain SELECT k, c FROM sbtest8 WHERE k BETWEEN 6132863 AND 6132963
	Bitmap Heap Scan on sbtest8  (cost=5.42..385.76 rows=96 width=125)
	  Recheck Cond: ((k >= 6132863) AND (k <= 6132963))
	  ->  Bitmap Index Scan on k_8  (cost=0.00..5.39 rows=96 width=0)
	        Index Cond: ((k >= 6132863) AND (k <= 6132963))

explain: for range-notcovered :: explain SELECT k, c FROM sbtest%d WHERE k BETWEEN 6059499 AND 6059599
for range-notcovered
table 1 : explain SELECT k, c FROM sbtest1 WHERE k BETWEEN 8172398 AND 8172498
	Bitmap Heap Scan on sbtest1  (cost=5.51..421.23 rows=105 width=125)
	  Recheck Cond: ((k >= 8172398) AND (k <= 8172498))
	  ->  Bitmap Index Scan on k_1  (cost=0.00..5.48 rows=105 width=0)
	        Index Cond: ((k >= 8172398) AND (k <= 8172498))

table 2 : explain SELECT k, c FROM sbtest2 WHERE k BETWEEN 8172398 AND 8172498
	Bitmap Heap Scan on sbtest2  (cost=5.36..362.08 rows=90 width=125)
	  Recheck Cond: ((k >= 8172398) AND (k <= 8172498))
	  ->  Bitmap Index Scan on k_2  (cost=0.00..5.33 rows=90 width=0)
	        Index Cond: ((k >= 8172398) AND (k <= 8172498))

table 3 : explain SELECT k, c FROM sbtest3 WHERE k BETWEEN 8172398 AND 8172498
	Bitmap Heap Scan on sbtest3  (cost=5.47..405.49 rows=101 width=125)
	  Recheck Cond: ((k >= 8172398) AND (k <= 8172498))
	  ->  Bitmap Index Scan on k_3  (cost=0.00..5.44 rows=101 width=0)
	        Index Cond: ((k >= 8172398) AND (k <= 8172498))

table 4 : explain SELECT k, c FROM sbtest4 WHERE k BETWEEN 8172398 AND 8172498
	Bitmap Heap Scan on sbtest4  (cost=5.50..417.55 rows=104 width=125)
	  Recheck Cond: ((k >= 8172398) AND (k <= 8172498))
	  ->  Bitmap Index Scan on k_4  (cost=0.00..5.47 rows=104 width=0)
	        Index Cond: ((k >= 8172398) AND (k <= 8172498))

table 5 : explain SELECT k, c FROM sbtest5 WHERE k BETWEEN 8172398 AND 8172498
	Bitmap Heap Scan on sbtest5  (cost=5.55..437.28 rows=109 width=125)
	  Recheck Cond: ((k >= 8172398) AND (k <= 8172498))
	  ->  Bitmap Index Scan on k_5  (cost=0.00..5.52 rows=109 width=0)
	        Index Cond: ((k >= 8172398) AND (k <= 8172498))

table 6 : explain SELECT k, c FROM sbtest6 WHERE k BETWEEN 8172398 AND 8172498
	Bitmap Heap Scan on sbtest6  (cost=5.47..405.52 rows=101 width=125)
	  Recheck Cond: ((k >= 8172398) AND (k <= 8172498))
	  ->  Bitmap Index Scan on k_6  (cost=0.00..5.44 rows=101 width=0)
	        Index Cond: ((k >= 8172398) AND (k <= 8172498))

table 7 : explain SELECT k, c FROM sbtest7 WHERE k BETWEEN 8172398 AND 8172498
	Bitmap Heap Scan on sbtest7  (cost=5.52..425.16 rows=106 width=125)
	  Recheck Cond: ((k >= 8172398) AND (k <= 8172498))
	  ->  Bitmap Index Scan on k_7  (cost=0.00..5.50 rows=106 width=0)
	        Index Cond: ((k >= 8172398) AND (k <= 8172498))

table 8 : explain SELECT k, c FROM sbtest8 WHERE k BETWEEN 8172398 AND 8172498
	Bitmap Heap Scan on sbtest8  (cost=5.43..389.70 rows=97 width=125)
	  Recheck Cond: ((k >= 8172398) AND (k <= 8172498))
	  ->  Bitmap Index Scan on k_8  (cost=0.00..5.40 rows=97 width=0)
	        Index Cond: ((k >= 8172398) AND (k <= 8172498))

for range-notcovered
table 1 : explain SELECT k, c FROM sbtest1 WHERE k BETWEEN 1338578 AND 1338678
	Bitmap Heap Scan on sbtest1  (cost=5.46..401.52 rows=100 width=125)
	  Recheck Cond: ((k >= 1338578) AND (k <= 1338678))
	  ->  Bitmap Index Scan on k_1  (cost=0.00..5.43 rows=100 width=0)
	        Index Cond: ((k >= 1338578) AND (k <= 1338678))

table 2 : explain SELECT k, c FROM sbtest2 WHERE k BETWEEN 1338578 AND 1338678
	Bitmap Heap Scan on sbtest2  (cost=5.53..429.14 rows=107 width=125)
	  Recheck Cond: ((k >= 1338578) AND (k <= 1338678))
	  ->  Bitmap Index Scan on k_2  (cost=0.00..5.50 rows=107 width=0)
	        Index Cond: ((k >= 1338578) AND (k <= 1338678))

table 3 : explain SELECT k, c FROM sbtest3 WHERE k BETWEEN 1338578 AND 1338678
	Bitmap Heap Scan on sbtest3  (cost=5.62..464.61 rows=116 width=125)
	  Recheck Cond: ((k >= 1338578) AND (k <= 1338678))
	  ->  Bitmap Index Scan on k_3  (cost=0.00..5.59 rows=116 width=0)
	        Index Cond: ((k >= 1338578) AND (k <= 1338678))

table 4 : explain SELECT k, c FROM sbtest4 WHERE k BETWEEN 1338578 AND 1338678
	Bitmap Heap Scan on sbtest4  (cost=5.53..429.39 rows=107 width=125)
	  Recheck Cond: ((k >= 1338578) AND (k <= 1338678))
	  ->  Bitmap Index Scan on k_4  (cost=0.00..5.50 rows=107 width=0)
	        Index Cond: ((k >= 1338578) AND (k <= 1338678))

table 5 : explain SELECT k, c FROM sbtest5 WHERE k BETWEEN 1338578 AND 1338678
	Bitmap Heap Scan on sbtest5  (cost=5.45..397.82 rows=99 width=125)
	  Recheck Cond: ((k >= 1338578) AND (k <= 1338678))
	  ->  Bitmap Index Scan on k_5  (cost=0.00..5.42 rows=99 width=0)
	        Index Cond: ((k >= 1338578) AND (k <= 1338678))

table 6 : explain SELECT k, c FROM sbtest6 WHERE k BETWEEN 1338578 AND 1338678
	Bitmap Heap Scan on sbtest6  (cost=5.52..425.23 rows=106 width=125)
	  Recheck Cond: ((k >= 1338578) AND (k <= 1338678))
	  ->  Bitmap Index Scan on k_6  (cost=0.00..5.50 rows=106 width=0)
	        Index Cond: ((k >= 1338578) AND (k <= 1338678))

table 7 : explain SELECT k, c FROM sbtest7 WHERE k BETWEEN 1338578 AND 1338678
	Bitmap Heap Scan on sbtest7  (cost=5.46..401.51 rows=100 width=125)
	  Recheck Cond: ((k >= 1338578) AND (k <= 1338678))
	  ->  Bitmap Index Scan on k_7  (cost=0.00..5.43 rows=100 width=0)
	        Index Cond: ((k >= 1338578) AND (k <= 1338678))

table 8 : explain SELECT k, c FROM sbtest8 WHERE k BETWEEN 1338578 AND 1338678
	Bitmap Heap Scan on sbtest8  (cost=5.53..429.13 rows=107 width=125)
	  Recheck Cond: ((k >= 1338578) AND (k <= 1338678))
	  ->  Bitmap Index Scan on k_8  (cost=0.00..5.50 rows=107 width=0)
	        Index Cond: ((k >= 1338578) AND (k <= 1338678))

explain: for range-notcovered :: explain SELECT k, c FROM sbtest%d WHERE k BETWEEN 397393 AND 397493
explain: for range-notcovered :: explain SELECT k, c FROM sbtest%d WHERE k BETWEEN 6132863 AND 6132963
explain: for range-notcovered :: explain SELECT k, c FROM sbtest%d WHERE k BETWEEN 8172398 AND 8172498
for range-notcovered
table 1 : explain SELECT k, c FROM sbtest1 WHERE k BETWEEN 5712429 AND 5712529
	Bitmap Heap Scan on sbtest1  (cost=5.52..425.18 rows=106 width=125)
	  Recheck Cond: ((k >= 5712429) AND (k <= 5712529))
	  ->  Bitmap Index Scan on k_1  (cost=0.00..5.50 rows=106 width=0)
	        Index Cond: ((k >= 5712429) AND (k <= 5712529))

table 2 : explain SELECT k, c FROM sbtest2 WHERE k BETWEEN 5712429 AND 5712529
	Bitmap Heap Scan on sbtest2  (cost=5.47..405.48 rows=101 width=125)
	  Recheck Cond: ((k >= 5712429) AND (k <= 5712529))
	  ->  Bitmap Index Scan on k_2  (cost=0.00..5.44 rows=101 width=0)
	        Index Cond: ((k >= 5712429) AND (k <= 5712529))

table 3 : explain SELECT k, c FROM sbtest3 WHERE k BETWEEN 5712429 AND 5712529
	Bitmap Heap Scan on sbtest3  (cost=5.50..417.32 rows=104 width=125)
	  Recheck Cond: ((k >= 5712429) AND (k <= 5712529))
	  ->  Bitmap Index Scan on k_3  (cost=0.00..5.47 rows=104 width=0)
	        Index Cond: ((k >= 5712429) AND (k <= 5712529))

table 4 : explain SELECT k, c FROM sbtest4 WHERE k BETWEEN 5712429 AND 5712529
	Bitmap Heap Scan on sbtest4  (cost=5.48..409.66 rows=102 width=125)
	  Recheck Cond: ((k >= 5712429) AND (k <= 5712529))
	  ->  Bitmap Index Scan on k_4  (cost=0.00..5.45 rows=102 width=0)
	        Index Cond: ((k >= 5712429) AND (k <= 5712529))

table 5 : explain SELECT k, c FROM sbtest5 WHERE k BETWEEN 5712429 AND 5712529
	Bitmap Heap Scan on sbtest5  (cost=5.37..366.22 rows=91 width=125)
	  Recheck Cond: ((k >= 5712429) AND (k <= 5712529))
	  ->  Bitmap Index Scan on k_5  (cost=0.00..5.34 rows=91 width=0)
	        Index Cond: ((k >= 5712429) AND (k <= 5712529))

table 6 : explain SELECT k, c FROM sbtest6 WHERE k BETWEEN 5712429 AND 5712529
	Bitmap Heap Scan on sbtest6  (cost=5.50..417.35 rows=104 width=125)
	  Recheck Cond: ((k >= 5712429) AND (k <= 5712529))
	  ->  Bitmap Index Scan on k_6  (cost=0.00..5.47 rows=104 width=0)
	        Index Cond: ((k >= 5712429) AND (k <= 5712529))

table 7 : explain SELECT k, c FROM sbtest7 WHERE k BETWEEN 5712429 AND 5712529
	Bitmap Heap Scan on sbtest7  (cost=5.49..413.34 rows=103 width=125)
	  Recheck Cond: ((k >= 5712429) AND (k <= 5712529))
	  ->  Bitmap Index Scan on k_7  (cost=0.00..5.46 rows=103 width=0)
	        Index Cond: ((k >= 5712429) AND (k <= 5712529))

table 8 : explain SELECT k, c FROM sbtest8 WHERE k BETWEEN 5712429 AND 5712529
	Bitmap Heap Scan on sbtest8  (cost=5.50..417.31 rows=104 width=125)
	  Recheck Cond: ((k >= 5712429) AND (k <= 5712529))
	  ->  Bitmap Index Scan on k_8  (cost=0.00..5.47 rows=104 width=0)
	        Index Cond: ((k >= 5712429) AND (k <= 5712529))

explain: for range-notcovered :: explain SELECT k, c FROM sbtest%d WHERE k BETWEEN 1338578 AND 1338678explain: for range-notcovered :: explain SELECT k, c FROM sbtest%d WHERE k BETWEEN 8536275 AND 8536375

for range-notcovered
table 1 : explain SELECT k, c FROM sbtest1 WHERE k BETWEEN 2531241 AND 2531341
	Bitmap Heap Scan on sbtest1  (cost=5.51..421.23 rows=105 width=125)
	  Recheck Cond: ((k >= 2531241) AND (k <= 2531341))
	  ->  Bitmap Index Scan on k_1  (cost=0.00..5.48 rows=105 width=0)
	        Index Cond: ((k >= 2531241) AND (k <= 2531341))

table 2 : explain SELECT k, c FROM sbtest2 WHERE k BETWEEN 2531241 AND 2531341
	Bitmap Heap Scan on sbtest2  (cost=5.50..417.31 rows=104 width=125)
	  Recheck Cond: ((k >= 2531241) AND (k <= 2531341))
	  ->  Bitmap Index Scan on k_2  (cost=0.00..5.47 rows=104 width=0)
	        Index Cond: ((k >= 2531241) AND (k <= 2531341))

table 3 : explain SELECT k, c FROM sbtest3 WHERE k BETWEEN 2531241 AND 2531341
	Bitmap Heap Scan on sbtest3  (cost=5.45..397.61 rows=99 width=125)
	  Recheck Cond: ((k >= 2531241) AND (k <= 2531341))
	  ->  Bitmap Index Scan on k_3  (cost=0.00..5.42 rows=99 width=0)
	        Index Cond: ((k >= 2531241) AND (k <= 2531341))

table 4 : explain SELECT k, c FROM sbtest4 WHERE k BETWEEN 2531241 AND 2531341
	Bitmap Heap Scan on sbtest4  (cost=5.47..405.71 rows=101 width=125)
	  Recheck Cond: ((k >= 2531241) AND (k <= 2531341))
	  ->  Bitmap Index Scan on k_4  (cost=0.00..5.44 rows=101 width=0)
	        Index Cond: ((k >= 2531241) AND (k <= 2531341))

table 5 : explain SELECT k, c FROM sbtest5 WHERE k BETWEEN 2531241 AND 2531341
	Bitmap Heap Scan on sbtest5  (cost=5.49..413.61 rows=103 width=125)
	  Recheck Cond: ((k >= 2531241) AND (k <= 2531341))
	  ->  Bitmap Index Scan on k_5  (cost=0.00..5.46 rows=103 width=0)
	        Index Cond: ((k >= 2531241) AND (k <= 2531341))

table 6 : explain SELECT k, c FROM sbtest6 WHERE k BETWEEN 2531241 AND 2531341
	Bitmap Heap Scan on sbtest6  (cost=5.44..393.68 rows=98 width=125)
	  Recheck Cond: ((k >= 2531241) AND (k <= 2531341))
	  ->  Bitmap Index Scan on k_6  (cost=0.00..5.42 rows=98 width=0)
	        Index Cond: ((k >= 2531241) AND (k <= 2531341))

table 7 : explain SELECT k, c FROM sbtest7 WHERE k BETWEEN 2531241 AND 2531341
	Bitmap Heap Scan on sbtest7  (cost=5.41..381.79 rows=95 width=125)
	  Recheck Cond: ((k >= 2531241) AND (k <= 2531341))
	  ->  Bitmap Index Scan on k_7  (cost=0.00..5.38 rows=95 width=0)
	        Index Cond: ((k >= 2531241) AND (k <= 2531341))

table 8 : explain SELECT k, c FROM sbtest8 WHERE k BETWEEN 2531241 AND 2531341
	Bitmap Heap Scan on sbtest8  (cost=5.43..389.70 rows=97 width=125)
	  Recheck Cond: ((k >= 2531241) AND (k <= 2531341))
	  ->  Bitmap Index Scan on k_8  (cost=0.00..5.40 rows=97 width=0)
	        Index Cond: ((k >= 2531241) AND (k <= 2531341))

explain: for range-notcovered :: explain SELECT k, c FROM sbtest%d WHERE k BETWEEN 5712429 AND 5712529
explain: for range-notcovered :: explain SELECT k, c FROM sbtest%d WHERE k BETWEEN 2531241 AND 2531341
for range-notcovered
table 1 : explain SELECT k, c FROM sbtest1 WHERE k BETWEEN 7876412 AND 7876512
	Bitmap Heap Scan on sbtest1  (cost=5.42..385.74 rows=96 width=125)
	  Recheck Cond: ((k >= 7876412) AND (k <= 7876512))
	  ->  Bitmap Index Scan on k_1  (cost=0.00..5.39 rows=96 width=0)
	        Index Cond: ((k >= 7876412) AND (k <= 7876512))

table 2 : explain SELECT k, c FROM sbtest2 WHERE k BETWEEN 7876412 AND 7876512
	Bitmap Heap Scan on sbtest2  (cost=5.48..409.43 rows=102 width=125)
	  Recheck Cond: ((k >= 7876412) AND (k <= 7876512))
	  ->  Bitmap Index Scan on k_2  (cost=0.00..5.45 rows=102 width=0)
	        Index Cond: ((k >= 7876412) AND (k <= 7876512))

table 3 : explain SELECT k, c FROM sbtest3 WHERE k BETWEEN 7876412 AND 7876512
	Bitmap Heap Scan on sbtest3  (cost=5.44..393.66 rows=98 width=125)
	  Recheck Cond: ((k >= 7876412) AND (k <= 7876512))
	  ->  Bitmap Index Scan on k_3  (cost=0.00..5.42 rows=98 width=0)
	        Index Cond: ((k >= 7876412) AND (k <= 7876512))

table 4 : explain SELECT k, c FROM sbtest4 WHERE k BETWEEN 7876412 AND 7876512
	Bitmap Heap Scan on sbtest4  (cost=5.49..413.60 rows=103 width=125)
	  Recheck Cond: ((k >= 7876412) AND (k <= 7876512))
	  ->  Bitmap Index Scan on k_4  (cost=0.00..5.46 rows=103 width=0)
	        Index Cond: ((k >= 7876412) AND (k <= 7876512))

table 5 : explain SELECT k, c FROM sbtest5 WHERE k BETWEEN 7876412 AND 7876512
	Bitmap Heap Scan on sbtest5  (cost=5.62..464.87 rows=116 width=125)
	  Recheck Cond: ((k >= 7876412) AND (k <= 7876512))
	  ->  Bitmap Index Scan on k_5  (cost=0.00..5.59 rows=116 width=0)
	        Index Cond: ((k >= 7876412) AND (k <= 7876512))

table 6 : explain SELECT k, c FROM sbtest6 WHERE k BETWEEN 7876412 AND 7876512
	Bitmap Heap Scan on sbtest6  (cost=5.51..421.29 rows=105 width=125)
	  Recheck Cond: ((k >= 7876412) AND (k <= 7876512))
	  ->  Bitmap Index Scan on k_6  (cost=0.00..5.48 rows=105 width=0)
	        Index Cond: ((k >= 7876412) AND (k <= 7876512))

table 7 : explain SELECT k, c FROM sbtest7 WHERE k BETWEEN 7876412 AND 7876512
	Bitmap Heap Scan on sbtest7  (cost=5.54..433.05 rows=108 width=125)
	  Recheck Cond: ((k >= 7876412) AND (k <= 7876512))
	  ->  Bitmap Index Scan on k_7  (cost=0.00..5.51 rows=108 width=0)
	        Index Cond: ((k >= 7876412) AND (k <= 7876512))

table 8 : explain SELECT k, c FROM sbtest8 WHERE k BETWEEN 7876412 AND 7876512
	Bitmap Heap Scan on sbtest8  (cost=5.59..452.77 rows=113 width=125)
	  Recheck Cond: ((k >= 7876412) AND (k <= 7876512))
	  ->  Bitmap Index Scan on k_8  (cost=0.00..5.56 rows=113 width=0)
	        Index Cond: ((k >= 7876412) AND (k <= 7876512))

explain: for range-notcovered :: explain SELECT k, c FROM sbtest%d WHERE k BETWEEN 1363981 AND 1364081
explain: for range-notcovered :: explain SELECT k, c FROM sbtest%d WHERE k BETWEEN 7876412 AND 7876512
explain: for range-notcovered :: explain SELECT k, c FROM sbtest%d WHERE k BETWEEN 576376 AND 576476
explain: for range-notcovered :: explain SELECT k, c FROM sbtest%d WHERE k BETWEEN 6206397 AND 6206497
for range-notcovered
table 1 : explain SELECT k, c FROM sbtest1 WHERE k BETWEEN 9580805 AND 9580905
	Bitmap Heap Scan on sbtest1  (cost=5.53..429.12 rows=107 width=125)
	  Recheck Cond: ((k >= 9580805) AND (k <= 9580905))
	  ->  Bitmap Index Scan on k_1  (cost=0.00..5.50 rows=107 width=0)
	        Index Cond: ((k >= 9580805) AND (k <= 9580905))

table 2 : explain SELECT k, c FROM sbtest2 WHERE k BETWEEN 9580805 AND 9580905
	Bitmap Heap Scan on sbtest2  (cost=5.42..385.76 rows=96 width=125)
	  Recheck Cond: ((k >= 9580805) AND (k <= 9580905))
	  ->  Bitmap Index Scan on k_2  (cost=0.00..5.39 rows=96 width=0)
	        Index Cond: ((k >= 9580805) AND (k <= 9580905))

table 3 : explain SELECT k, c FROM sbtest3 WHERE k BETWEEN 9580805 AND 9580905
	Bitmap Heap Scan on sbtest3  (cost=5.45..397.61 rows=99 width=125)
	  Recheck Cond: ((k >= 9580805) AND (k <= 9580905))
	  ->  Bitmap Index Scan on k_3  (cost=0.00..5.42 rows=99 width=0)
	        Index Cond: ((k >= 9580805) AND (k <= 9580905))

table 4 : explain SELECT k, c FROM sbtest4 WHERE k BETWEEN 9580805 AND 9580905
	Bitmap Heap Scan on sbtest4  (cost=5.55..437.27 rows=109 width=125)
	  Recheck Cond: ((k >= 9580805) AND (k <= 9580905))
	  ->  Bitmap Index Scan on k_4  (cost=0.00..5.52 rows=109 width=0)
	        Index Cond: ((k >= 9580805) AND (k <= 9580905))

table 5 : explain SELECT k, c FROM sbtest5 WHERE k BETWEEN 9580805 AND 9580905
	Bitmap Heap Scan on sbtest5  (cost=5.43..389.92 rows=97 width=125)
	  Recheck Cond: ((k >= 9580805) AND (k <= 9580905))
	  ->  Bitmap Index Scan on k_5  (cost=0.00..5.40 rows=97 width=0)
	        Index Cond: ((k >= 9580805) AND (k <= 9580905))

table 6 : explain SELECT k, c FROM sbtest6 WHERE k BETWEEN 9580805 AND 9580905
	Bitmap Heap Scan on sbtest6  (cost=5.68..484.32 rows=121 width=125)
	  Recheck Cond: ((k >= 9580805) AND (k <= 9580905))
	  ->  Bitmap Index Scan on k_6  (cost=0.00..5.64 rows=121 width=0)
	        Index Cond: ((k >= 9580805) AND (k <= 9580905))

table 7 : explain SELECT k, c FROM sbtest7 WHERE k BETWEEN 9580805 AND 9580905
	Bitmap Heap Scan on sbtest7  (cost=5.52..425.16 rows=106 width=125)
	  Recheck Cond: ((k >= 9580805) AND (k <= 9580905))
	  ->  Bitmap Index Scan on k_7  (cost=0.00..5.50 rows=106 width=0)
	        Index Cond: ((k >= 9580805) AND (k <= 9580905))

table 8 : explain SELECT k, c FROM sbtest8 WHERE k BETWEEN 9580805 AND 9580905
	Bitmap Heap Scan on sbtest8  (cost=5.47..405.48 rows=101 width=125)
	  Recheck Cond: ((k >= 9580805) AND (k <= 9580905))
	  ->  Bitmap Index Scan on k_8  (cost=0.00..5.44 rows=101 width=0)
	        Index Cond: ((k >= 9580805) AND (k <= 9580905))

explain: for range-notcovered :: explain SELECT k, c FROM sbtest%d WHERE k BETWEEN 6505532 AND 6505632
for range-notcovered
table 1 : explain SELECT k, c FROM sbtest1 WHERE k BETWEEN 5977647 AND 5977747
	Bitmap Heap Scan on sbtest1  (cost=5.41..381.80 rows=95 width=125)
	  Recheck Cond: ((k >= 5977647) AND (k <= 5977747))
	  ->  Bitmap Index Scan on k_1  (cost=0.00..5.38 rows=95 width=0)
	        Index Cond: ((k >= 5977647) AND (k <= 5977747))

table 2 : explain SELECT k, c FROM sbtest2 WHERE k BETWEEN 5977647 AND 5977747
	Bitmap Heap Scan on sbtest2  (cost=5.36..362.08 rows=90 width=125)
	  Recheck Cond: ((k >= 5977647) AND (k <= 5977747))
	  ->  Bitmap Index Scan on k_2  (cost=0.00..5.33 rows=90 width=0)
	        Index Cond: ((k >= 5977647) AND (k <= 5977747))

table 3 : explain SELECT k, c FROM sbtest3 WHERE k BETWEEN 5977647 AND 5977747
	Bitmap Heap Scan on sbtest3  (cost=5.52..425.21 rows=106 width=125)
	  Recheck Cond: ((k >= 5977647) AND (k <= 5977747))
	  ->  Bitmap Index Scan on k_3  (cost=0.00..5.50 rows=106 width=0)
	        Index Cond: ((k >= 5977647) AND (k <= 5977747))

table 4 : explain SELECT k, c FROM sbtest4 WHERE k BETWEEN 5977647 AND 5977747
	Bitmap Heap Scan on sbtest4  (cost=5.51..421.50 rows=105 width=125)
	  Recheck Cond: ((k >= 5977647) AND (k <= 5977747))
	  ->  Bitmap Index Scan on k_4  (cost=0.00..5.48 rows=105 width=0)
	        Index Cond: ((k >= 5977647) AND (k <= 5977747))

table 5 : explain SELECT k, c FROM sbtest5 WHERE k BETWEEN 5977647 AND 5977747
	Bitmap Heap Scan on sbtest5  (cost=5.57..445.16 rows=111 width=125)
	  Recheck Cond: ((k >= 5977647) AND (k <= 5977747))
	  ->  Bitmap Index Scan on k_5  (cost=0.00..5.54 rows=111 width=0)
	        Index Cond: ((k >= 5977647) AND (k <= 5977747))

table 6 : explain SELECT k, c FROM sbtest6 WHERE k BETWEEN 5977647 AND 5977747
	Bitmap Heap Scan on sbtest6  (cost=5.56..441.00 rows=110 width=125)
	  Recheck Cond: ((k >= 5977647) AND (k <= 5977747))
	  ->  Bitmap Index Scan on k_6  (cost=0.00..5.53 rows=110 width=0)
	        Index Cond: ((k >= 5977647) AND (k <= 5977747))

table 7 : explain SELECT k, c FROM sbtest7 WHERE k BETWEEN 5977647 AND 5977747
	Bitmap Heap Scan on sbtest7  (cost=5.50..417.28 rows=104 width=125)
	  Recheck Cond: ((k >= 5977647) AND (k <= 5977747))
	  ->  Bitmap Index Scan on k_7  (cost=0.00..5.47 rows=104 width=0)
	        Index Cond: ((k >= 5977647) AND (k <= 5977747))

table 8 : explain SELECT k, c FROM sbtest8 WHERE k BETWEEN 5977647 AND 5977747
	Bitmap Heap Scan on sbtest8  (cost=5.53..429.13 rows=107 width=125)
	  Recheck Cond: ((k >= 5977647) AND (k <= 5977747))
	  ->  Bitmap Index Scan on k_8  (cost=0.00..5.50 rows=107 width=0)
	        Index Cond: ((k >= 5977647) AND (k <= 5977747))

for range-notcovered
table 1 : explain SELECT k, c FROM sbtest1 WHERE k BETWEEN 3241696 AND 3241796
	Bitmap Heap Scan on sbtest1  (cost=5.45..397.58 rows=99 width=125)
	  Recheck Cond: ((k >= 3241696) AND (k <= 3241796))
	  ->  Bitmap Index Scan on k_1  (cost=0.00..5.42 rows=99 width=0)
	        Index Cond: ((k >= 3241696) AND (k <= 3241796))

table 2 : explain SELECT k, c FROM sbtest2 WHERE k BETWEEN 3241696 AND 3241796
	Bitmap Heap Scan on sbtest2  (cost=5.43..389.70 rows=97 width=125)
	  Recheck Cond: ((k >= 3241696) AND (k <= 3241796))
	  ->  Bitmap Index Scan on k_2  (cost=0.00..5.40 rows=97 width=0)
	        Index Cond: ((k >= 3241696) AND (k <= 3241796))

table 3 : explain SELECT k, c FROM sbtest3 WHERE k BETWEEN 3241696 AND 3241796
	Bitmap Heap Scan on sbtest3  (cost=5.51..421.27 rows=105 width=125)
	  Recheck Cond: ((k >= 3241696) AND (k <= 3241796))
	  ->  Bitmap Index Scan on k_3  (cost=0.00..5.48 rows=105 width=0)
	        Index Cond: ((k >= 3241696) AND (k <= 3241796))

table 4 : explain SELECT k, c FROM sbtest4 WHERE k BETWEEN 3241696 AND 3241796
	Bitmap Heap Scan on sbtest4  (cost=5.46..401.76 rows=100 width=125)
	  Recheck Cond: ((k >= 3241696) AND (k <= 3241796))
	  ->  Bitmap Index Scan on k_4  (cost=0.00..5.43 rows=100 width=0)
	        Index Cond: ((k >= 3241696) AND (k <= 3241796))

table 5 : explain SELECT k, c FROM sbtest5 WHERE k BETWEEN 3241696 AND 3241796
	Bitmap Heap Scan on sbtest5  (cost=5.38..370.17 rows=92 width=125)
	  Recheck Cond: ((k >= 3241696) AND (k <= 3241796))
	  ->  Bitmap Index Scan on k_5  (cost=0.00..5.35 rows=92 width=0)
	        Index Cond: ((k >= 3241696) AND (k <= 3241796))

table 6 : explain SELECT k, c FROM sbtest6 WHERE k BETWEEN 3241696 AND 3241796
	Bitmap Heap Scan on sbtest6  (cost=5.51..421.29 rows=105 width=125)
	  Recheck Cond: ((k >= 3241696) AND (k <= 3241796))
	  ->  Bitmap Index Scan on k_6  (cost=0.00..5.48 rows=105 width=0)
	        Index Cond: ((k >= 3241696) AND (k <= 3241796))

table 7 : explain SELECT k, c FROM sbtest7 WHERE k BETWEEN 3241696 AND 3241796
	Bitmap Heap Scan on sbtest7  (cost=5.48..409.40 rows=102 width=125)
	  Recheck Cond: ((k >= 3241696) AND (k <= 3241796))
	  ->  Bitmap Index Scan on k_7  (cost=0.00..5.45 rows=102 width=0)
	        Index Cond: ((k >= 3241696) AND (k <= 3241796))

table 8 : explain SELECT k, c FROM sbtest8 WHERE k BETWEEN 3241696 AND 3241796
	Bitmap Heap Scan on sbtest8  (cost=5.39..373.92 rows=93 width=125)
	  Recheck Cond: ((k >= 3241696) AND (k <= 3241796))
	  ->  Bitmap Index Scan on k_8  (cost=0.00..5.36 rows=93 width=0)
	        Index Cond: ((k >= 3241696) AND (k <= 3241796))

explain: for range-notcovered :: explain SELECT k, c FROM sbtest%d WHERE k BETWEEN 5977647 AND 5977747
explain: for range-notcovered :: explain SELECT k, c FROM sbtest%d WHERE k BETWEEN 3241696 AND 3241796
for range-notcovered
table 1 : explain SELECT k, c FROM sbtest1 WHERE k BETWEEN 4414696 AND 4414796
	Bitmap Heap Scan on sbtest1  (cost=5.54..433.06 rows=108 width=125)
	  Recheck Cond: ((k >= 4414696) AND (k <= 4414796))
	  ->  Bitmap Index Scan on k_1  (cost=0.00..5.51 rows=108 width=0)
	        Index Cond: ((k >= 4414696) AND (k <= 4414796))

table 2 : explain SELECT k, c FROM sbtest2 WHERE k BETWEEN 4414696 AND 4414796
	Bitmap Heap Scan on sbtest2  (cost=5.54..433.08 rows=108 width=125)
	  Recheck Cond: ((k >= 4414696) AND (k <= 4414796))
	  ->  Bitmap Index Scan on k_2  (cost=0.00..5.51 rows=108 width=0)
	        Index Cond: ((k >= 4414696) AND (k <= 4414796))

table 3 : explain SELECT k, c FROM sbtest3 WHERE k BETWEEN 4414696 AND 4414796
	Bitmap Heap Scan on sbtest3  (cost=5.46..401.55 rows=100 width=125)
	  Recheck Cond: ((k >= 4414696) AND (k <= 4414796))
	  ->  Bitmap Index Scan on k_3  (cost=0.00..5.43 rows=100 width=0)
	        Index Cond: ((k >= 4414696) AND (k <= 4414796))

table 4 : explain SELECT k, c FROM sbtest4 WHERE k BETWEEN 4414696 AND 4414796
	Bitmap Heap Scan on sbtest4  (cost=5.49..413.60 rows=103 width=125)
	  Recheck Cond: ((k >= 4414696) AND (k <= 4414796))
	  ->  Bitmap Index Scan on k_4  (cost=0.00..5.46 rows=103 width=0)
	        Index Cond: ((k >= 4414696) AND (k <= 4414796))

table 5 : explain SELECT k, c FROM sbtest5 WHERE k BETWEEN 4414696 AND 4414796
	Bitmap Heap Scan on sbtest5  (cost=5.56..441.22 rows=110 width=125)
	  Recheck Cond: ((k >= 4414696) AND (k <= 4414796))
	  ->  Bitmap Index Scan on k_5  (cost=0.00..5.53 rows=110 width=0)
	        Index Cond: ((k >= 4414696) AND (k <= 4414796))

table 6 : explain SELECT k, c FROM sbtest6 WHERE k BETWEEN 4414696 AND 4414796
	Bitmap Heap Scan on sbtest6  (cost=5.50..417.35 rows=104 width=125)
	  Recheck Cond: ((k >= 4414696) AND (k <= 4414796))
	  ->  Bitmap Index Scan on k_6  (cost=0.00..5.47 rows=104 width=0)
	        Index Cond: ((k >= 4414696) AND (k <= 4414796))

table 7 : explain SELECT k, c FROM sbtest7 WHERE k BETWEEN 4414696 AND 4414796
	Bitmap Heap Scan on sbtest7  (cost=5.34..354.16 rows=88 width=125)
	  Recheck Cond: ((k >= 4414696) AND (k <= 4414796))
	  ->  Bitmap Index Scan on k_7  (cost=0.00..5.31 rows=88 width=0)
	        Index Cond: ((k >= 4414696) AND (k <= 4414796))

table 8 : explain SELECT k, c FROM sbtest8 WHERE k BETWEEN 4414696 AND 4414796
	Bitmap Heap Scan on sbtest8  (cost=5.51..421.25 rows=105 width=125)
	  Recheck Cond: ((k >= 4414696) AND (k <= 4414796))
	  ->  Bitmap Index Scan on k_8  (cost=0.00..5.48 rows=105 width=0)
	        Index Cond: ((k >= 4414696) AND (k <= 4414796))

for range-notcovered
table 1 : explain SELECT k, c FROM sbtest1 WHERE k BETWEEN 5737342 AND 5737442
	Bitmap Heap Scan on sbtest1  (cost=5.52..425.18 rows=106 width=125)
	  Recheck Cond: ((k >= 5737342) AND (k <= 5737442))
	  ->  Bitmap Index Scan on k_1  (cost=0.00..5.50 rows=106 width=0)
	        Index Cond: ((k >= 5737342) AND (k <= 5737442))

table 2 : explain SELECT k, c FROM sbtest2 WHERE k BETWEEN 5737342 AND 5737442
	Bitmap Heap Scan on sbtest2  (cost=5.47..405.48 rows=101 width=125)
	  Recheck Cond: ((k >= 5737342) AND (k <= 5737442))
	  ->  Bitmap Index Scan on k_2  (cost=0.00..5.44 rows=101 width=0)
	        Index Cond: ((k >= 5737342) AND (k <= 5737442))

table 3 : explain SELECT k, c FROM sbtest3 WHERE k BETWEEN 5737342 AND 5737442
	Bitmap Heap Scan on sbtest3  (cost=5.50..417.32 rows=104 width=125)
	  Recheck Cond: ((k >= 5737342) AND (k <= 5737442))
	  ->  Bitmap Index Scan on k_3  (cost=0.00..5.47 rows=104 width=0)
	        Index Cond: ((k >= 5737342) AND (k <= 5737442))

table 4 : explain SELECT k, c FROM sbtest4 WHERE k BETWEEN 5737342 AND 5737442
	Bitmap Heap Scan on sbtest4  (cost=5.48..409.66 rows=102 width=125)
	  Recheck Cond: ((k >= 5737342) AND (k <= 5737442))
	  ->  Bitmap Index Scan on k_4  (cost=0.00..5.45 rows=102 width=0)
	        Index Cond: ((k >= 5737342) AND (k <= 5737442))

table 5 : explain SELECT k, c FROM sbtest5 WHERE k BETWEEN 5737342 AND 5737442
	Bitmap Heap Scan on sbtest5  (cost=5.37..366.22 rows=91 width=125)
	  Recheck Cond: ((k >= 5737342) AND (k <= 5737442))
	  ->  Bitmap Index Scan on k_5  (cost=0.00..5.34 rows=91 width=0)
	        Index Cond: ((k >= 5737342) AND (k <= 5737442))

table 6 : explain SELECT k, c FROM sbtest6 WHERE k BETWEEN 5737342 AND 5737442
	Bitmap Heap Scan on sbtest6  (cost=5.56..441.00 rows=110 width=125)
	  Recheck Cond: ((k >= 5737342) AND (k <= 5737442))
	  ->  Bitmap Index Scan on k_6  (cost=0.00..5.53 rows=110 width=0)
	        Index Cond: ((k >= 5737342) AND (k <= 5737442))

table 7 : explain SELECT k, c FROM sbtest7 WHERE k BETWEEN 5737342 AND 5737442
	Bitmap Heap Scan on sbtest7  (cost=5.49..413.34 rows=103 width=125)
	  Recheck Cond: ((k >= 5737342) AND (k <= 5737442))
	  ->  Bitmap Index Scan on k_7  (cost=0.00..5.46 rows=103 width=0)
	        Index Cond: ((k >= 5737342) AND (k <= 5737442))

table 8 : explain SELECT k, c FROM sbtest8 WHERE k BETWEEN 5737342 AND 5737442
	Bitmap Heap Scan on sbtest8  (cost=5.50..417.31 rows=104 width=125)
	  Recheck Cond: ((k >= 5737342) AND (k <= 5737442))
	  ->  Bitmap Index Scan on k_8  (cost=0.00..5.47 rows=104 width=0)
	        Index Cond: ((k >= 5737342) AND (k <= 5737442))

for range-notcovered
table 1 : explain SELECT k, c FROM sbtest1 WHERE k BETWEEN 6059499 AND 6059599
	Bitmap Heap Scan on sbtest1  (cost=5.42..385.74 rows=96 width=125)
	  Recheck Cond: ((k >= 6059499) AND (k <= 6059599))
	  ->  Bitmap Index Scan on k_1  (cost=0.00..5.39 rows=96 width=0)
	        Index Cond: ((k >= 6059499) AND (k <= 6059599))

table 2 : explain SELECT k, c FROM sbtest2 WHERE k BETWEEN 6059499 AND 6059599
	Bitmap Heap Scan on sbtest2  (cost=5.43..389.70 rows=97 width=125)
	  Recheck Cond: ((k >= 6059499) AND (k <= 6059599))
	  ->  Bitmap Index Scan on k_2  (cost=0.00..5.40 rows=97 width=0)
	        Index Cond: ((k >= 6059499) AND (k <= 6059599))

table 3 : explain SELECT k, c FROM sbtest3 WHERE k BETWEEN 6059499 AND 6059599
	Bitmap Heap Scan on sbtest3  (cost=5.50..417.32 rows=104 width=125)
	  Recheck Cond: ((k >= 6059499) AND (k <= 6059599))
	  ->  Bitmap Index Scan on k_3  (cost=0.00..5.47 rows=104 width=0)
	        Index Cond: ((k >= 6059499) AND (k <= 6059599))

table 4 : explain SELECT k, c FROM sbtest4 WHERE k BETWEEN 6059499 AND 6059599
	Bitmap Heap Scan on sbtest4  (cost=5.48..409.66 rows=102 width=125)
	  Recheck Cond: ((k >= 6059499) AND (k <= 6059599))
	  ->  Bitmap Index Scan on k_4  (cost=0.00..5.45 rows=102 width=0)
	        Index Cond: ((k >= 6059499) AND (k <= 6059599))

table 5 : explain SELECT k, c FROM sbtest5 WHERE k BETWEEN 6059499 AND 6059599
	Bitmap Heap Scan on sbtest5  (cost=5.57..445.16 rows=111 width=125)
	  Recheck Cond: ((k >= 6059499) AND (k <= 6059599))
	  ->  Bitmap Index Scan on k_5  (cost=0.00..5.54 rows=111 width=0)
	        Index Cond: ((k >= 6059499) AND (k <= 6059599))

table 6 : explain SELECT k, c FROM sbtest6 WHERE k BETWEEN 6059499 AND 6059599
	Bitmap Heap Scan on sbtest6  (cost=5.56..441.00 rows=110 width=125)
	  Recheck Cond: ((k >= 6059499) AND (k <= 6059599))
	  ->  Bitmap Index Scan on k_6  (cost=0.00..5.53 rows=110 width=0)
	        Index Cond: ((k >= 6059499) AND (k <= 6059599))

table 7 : explain SELECT k, c FROM sbtest7 WHERE k BETWEEN 6059499 AND 6059599
	Bitmap Heap Scan on sbtest7  (cost=5.50..417.28 rows=104 width=125)
	  Recheck Cond: ((k >= 6059499) AND (k <= 6059599))
	  ->  Bitmap Index Scan on k_7  (cost=0.00..5.47 rows=104 width=0)
	        Index Cond: ((k >= 6059499) AND (k <= 6059599))

table 8 : explain SELECT k, c FROM sbtest8 WHERE k BETWEEN 6059499 AND 6059599
	Bitmap Heap Scan on sbtest8  (cost=5.45..397.59 rows=99 width=125)
	  Recheck Cond: ((k >= 6059499) AND (k <= 6059599))
	  ->  Bitmap Index Scan on k_8  (cost=0.00..5.42 rows=99 width=0)
	        Index Cond: ((k >= 6059499) AND (k <= 6059599))

for range-notcovered
table 1 : explain SELECT k, c FROM sbtest1 WHERE k BETWEEN 5928016 AND 5928116
	Bitmap Heap Scan on sbtest1  (cost=5.41..381.80 rows=95 width=125)
	  Recheck Cond: ((k >= 5928016) AND (k <= 5928116))
	  ->  Bitmap Index Scan on k_1  (cost=0.00..5.38 rows=95 width=0)
	        Index Cond: ((k >= 5928016) AND (k <= 5928116))

table 2 : explain SELECT k, c FROM sbtest2 WHERE k BETWEEN 5928016 AND 5928116
	Bitmap Heap Scan on sbtest2  (cost=5.36..362.08 rows=90 width=125)
	  Recheck Cond: ((k >= 5928016) AND (k <= 5928116))
	  ->  Bitmap Index Scan on k_2  (cost=0.00..5.33 rows=90 width=0)
	        Index Cond: ((k >= 5928016) AND (k <= 5928116))

table 3 : explain SELECT k, c FROM sbtest3 WHERE k BETWEEN 5928016 AND 5928116
	Bitmap Heap Scan on sbtest3  (cost=5.52..425.21 rows=106 width=125)
	  Recheck Cond: ((k >= 5928016) AND (k <= 5928116))
	  ->  Bitmap Index Scan on k_3  (cost=0.00..5.50 rows=106 width=0)
	        Index Cond: ((k >= 5928016) AND (k <= 5928116))

table 4 : explain SELECT k, c FROM sbtest4 WHERE k BETWEEN 5928016 AND 5928116
	Bitmap Heap Scan on sbtest4  (cost=5.51..421.50 rows=105 width=125)
	  Recheck Cond: ((k >= 5928016) AND (k <= 5928116))
	  ->  Bitmap Index Scan on k_4  (cost=0.00..5.48 rows=105 width=0)
	        Index Cond: ((k >= 5928016) AND (k <= 5928116))

table 5 : explain SELECT k, c FROM sbtest5 WHERE k BETWEEN 5928016 AND 5928116
	Bitmap Heap Scan on sbtest5  (cost=5.41..382.02 rows=95 width=125)
	  Recheck Cond: ((k >= 5928016) AND (k <= 5928116))
	  ->  Bitmap Index Scan on k_5  (cost=0.00..5.38 rows=95 width=0)
	        Index Cond: ((k >= 5928016) AND (k <= 5928116))

table 6 : explain SELECT k, c FROM sbtest6 WHERE k BETWEEN 5928016 AND 5928116
	Bitmap Heap Scan on sbtest6  (cost=5.56..441.00 rows=110 width=125)
	  Recheck Cond: ((k >= 5928016) AND (k <= 5928116))
	  ->  Bitmap Index Scan on k_6  (cost=0.00..5.53 rows=110 width=0)
	        Index Cond: ((k >= 5928016) AND (k <= 5928116))

table 7 : explain SELECT k, c FROM sbtest7 WHERE k BETWEEN 5928016 AND 5928116
	Bitmap Heap Scan on sbtest7  (cost=5.45..397.57 rows=99 width=125)
	  Recheck Cond: ((k >= 5928016) AND (k <= 5928116))
	  ->  Bitmap Index Scan on k_7  (cost=0.00..5.42 rows=99 width=0)
	        Index Cond: ((k >= 5928016) AND (k <= 5928116))

table 8 : explain SELECT k, c FROM sbtest8 WHERE k BETWEEN 5928016 AND 5928116
	Bitmap Heap Scan on sbtest8  (cost=5.53..429.13 rows=107 width=125)
	  Recheck Cond: ((k >= 5928016) AND (k <= 5928116))
	  ->  Bitmap Index Scan on k_8  (cost=0.00..5.50 rows=107 width=0)
	        Index Cond: ((k >= 5928016) AND (k <= 5928116))

explain: for range-notcovered :: explain SELECT k, c FROM sbtest%d WHERE k BETWEEN 3731536 AND 3731636explain: for range-notcovered :: explain SELECT k, c FROM sbtest%d WHERE k BETWEEN 5737342 AND 5737442explain: for range-notcovered :: explain SELECT k, c FROM sbtest%d WHERE k BETWEEN 4414696 AND 4414796

for range-notcovered
table 1 : explain SELECT k, c FROM sbtest1 WHERE k BETWEEN 8547191 AND 8547291
	Bitmap Heap Scan on sbtest1  (cost=5.42..385.74 rows=96 width=125)
	  Recheck Cond: ((k >= 8547191) AND (k <= 8547291))
	  ->  Bitmap Index Scan on k_1  (cost=0.00..5.39 rows=96 width=0)
	        Index Cond: ((k >= 8547191) AND (k <= 8547291))

table 2 : explain SELECT k, c FROM sbtest2 WHERE k BETWEEN 8547191 AND 8547291
	Bitmap Heap Scan on sbtest2  (cost=5.43..389.70 rows=97 width=125)
	  Recheck Cond: ((k >= 8547191) AND (k <= 8547291))
	  ->  Bitmap Index Scan on k_2  (cost=0.00..5.40 rows=97 width=0)
	        Index Cond: ((k >= 8547191) AND (k <= 8547291))

table 3 : explain SELECT k, c FROM sbtest3 WHERE k BETWEEN 8547191 AND 8547291
	Bitmap Heap Scan on sbtest3  (cost=5.46..401.55 rows=100 width=125)
	  Recheck Cond: ((k >= 8547191) AND (k <= 8547291))
	  ->  Bitmap Index Scan on k_3  (cost=0.00..5.43 rows=100 width=0)
	        Index Cond: ((k >= 8547191) AND (k <= 8547291))

table 4 : explain SELECT k, c FROM sbtest4 WHERE k BETWEEN 8547191 AND 8547291
	Bitmap Heap Scan on sbtest4  (cost=5.51..421.50 rows=105 width=125)
	  Recheck Cond: ((k >= 8547191) AND (k <= 8547291))
	  ->  Bitmap Index Scan on k_4  (cost=0.00..5.48 rows=105 width=0)
	        Index Cond: ((k >= 8547191) AND (k <= 8547291))

table 5 : explain SELECT k, c FROM sbtest5 WHERE k BETWEEN 8547191 AND 8547291
	Bitmap Heap Scan on sbtest5  (cost=5.58..449.11 rows=112 width=125)
	  Recheck Cond: ((k >= 8547191) AND (k <= 8547291))
	  ->  Bitmap Index Scan on k_5  (cost=0.00..5.55 rows=112 width=0)
	        Index Cond: ((k >= 8547191) AND (k <= 8547291))

table 6 : explain SELECT k, c FROM sbtest6 WHERE k BETWEEN 8547191 AND 8547291
	Bitmap Heap Scan on sbtest6  (cost=5.45..397.63 rows=99 width=125)
	  Recheck Cond: ((k >= 8547191) AND (k <= 8547291))
	  ->  Bitmap Index Scan on k_6  (cost=0.00..5.42 rows=99 width=0)
	        Index Cond: ((k >= 8547191) AND (k <= 8547291))

table 7 : explain SELECT k, c FROM sbtest7 WHERE k BETWEEN 8547191 AND 8547291
	Bitmap Heap Scan on sbtest7  (cost=5.47..405.45 rows=101 width=125)
	  Recheck Cond: ((k >= 8547191) AND (k <= 8547291))
	  ->  Bitmap Index Scan on k_7  (cost=0.00..5.44 rows=101 width=0)
	        Index Cond: ((k >= 8547191) AND (k <= 8547291))

table 8 : explain SELECT k, c FROM sbtest8 WHERE k BETWEEN 8547191 AND 8547291
	Bitmap Heap Scan on sbtest8  (cost=5.47..405.48 rows=101 width=125)
	  Recheck Cond: ((k >= 8547191) AND (k <= 8547291))
	  ->  Bitmap Index Scan on k_8  (cost=0.00..5.44 rows=101 width=0)
	        Index Cond: ((k >= 8547191) AND (k <= 8547291))


explain: for range-notcovered :: explain SELECT k, c FROM sbtest%d WHERE k BETWEEN 5928016 AND 5928116
for range-notcovered
table 1 : explain SELECT k, c FROM sbtest1 WHERE k BETWEEN 2295299 AND 2295399
	Bitmap Heap Scan on sbtest1  (cost=5.44..393.63 rows=98 width=125)
	  Recheck Cond: ((k >= 2295299) AND (k <= 2295399))
	  ->  Bitmap Index Scan on k_1  (cost=0.00..5.42 rows=98 width=0)
	        Index Cond: ((k >= 2295299) AND (k <= 2295399))

table 2 : explain SELECT k, c FROM sbtest2 WHERE k BETWEEN 2295299 AND 2295399
	Bitmap Heap Scan on sbtest2  (cost=5.40..377.87 rows=94 width=125)
	  Recheck Cond: ((k >= 2295299) AND (k <= 2295399))
	  ->  Bitmap Index Scan on k_2  (cost=0.00..5.38 rows=94 width=0)
	        Index Cond: ((k >= 2295299) AND (k <= 2295399))

table 3 : explain SELECT k, c FROM sbtest3 WHERE k BETWEEN 2295299 AND 2295399
	Bitmap Heap Scan on sbtest3  (cost=5.55..437.03 rows=109 width=125)
	  Recheck Cond: ((k >= 2295299) AND (k <= 2295399))
	  ->  Bitmap Index Scan on k_3  (cost=0.00..5.52 rows=109 width=0)
	        Index Cond: ((k >= 2295299) AND (k <= 2295399))

table 4 : explain SELECT k, c FROM sbtest4 WHERE k BETWEEN 2295299 AND 2295399
	Bitmap Heap Scan on sbtest4  (cost=5.44..393.87 rows=98 width=125)
	  Recheck Cond: ((k >= 2295299) AND (k <= 2295399))
	  ->  Bitmap Index Scan on k_4  (cost=0.00..5.42 rows=98 width=0)
	        Index Cond: ((k >= 2295299) AND (k <= 2295399))

table 5 : explain SELECT k, c FROM sbtest5 WHERE k BETWEEN 2295299 AND 2295399
	Bitmap Heap Scan on sbtest5  (cost=5.47..405.71 rows=101 width=125)
	  Recheck Cond: ((k >= 2295299) AND (k <= 2295399))
	  ->  Bitmap Index Scan on k_5  (cost=0.00..5.44 rows=101 width=0)
	        Index Cond: ((k >= 2295299) AND (k <= 2295399))

table 6 : explain SELECT k, c FROM sbtest6 WHERE k BETWEEN 2295299 AND 2295399
	Bitmap Heap Scan on sbtest6  (cost=5.48..409.46 rows=102 width=125)
	  Recheck Cond: ((k >= 2295299) AND (k <= 2295399))
	  ->  Bitmap Index Scan on k_6  (cost=0.00..5.45 rows=102 width=0)
	        Index Cond: ((k >= 2295299) AND (k <= 2295399))

table 7 : explain SELECT k, c FROM sbtest7 WHERE k BETWEEN 2295299 AND 2295399
	Bitmap Heap Scan on sbtest7  (cost=5.44..393.62 rows=98 width=125)
	  Recheck Cond: ((k >= 2295299) AND (k <= 2295399))
	  ->  Bitmap Index Scan on k_7  (cost=0.00..5.42 rows=98 width=0)
	        Index Cond: ((k >= 2295299) AND (k <= 2295399))

table 8 : explain SELECT k, c FROM sbtest8 WHERE k BETWEEN 2295299 AND 2295399
	Bitmap Heap Scan on sbtest8  (cost=5.61..460.65 rows=115 width=125)
	  Recheck Cond: ((k >= 2295299) AND (k <= 2295399))
	  ->  Bitmap Index Scan on k_8  (cost=0.00..5.58 rows=115 width=0)
	        Index Cond: ((k >= 2295299) AND (k <= 2295399))

explain: for range-notcovered :: explain SELECT k, c FROM sbtest%d WHERE k BETWEEN 6059499 AND 6059599
explain: for range-notcovered :: explain SELECT k, c FROM sbtest%d WHERE k BETWEEN 9580805 AND 9580905
for range-notcovered
table 1 : explain SELECT k, c FROM sbtest1 WHERE k BETWEEN 8172398 AND 8172498
	Bitmap Heap Scan on sbtest1  (cost=5.51..421.23 rows=105 width=125)
	  Recheck Cond: ((k >= 8172398) AND (k <= 8172498))
	  ->  Bitmap Index Scan on k_1  (cost=0.00..5.48 rows=105 width=0)
	        Index Cond: ((k >= 8172398) AND (k <= 8172498))

table 2 : explain SELECT k, c FROM sbtest2 WHERE k BETWEEN 8172398 AND 8172498
	Bitmap Heap Scan on sbtest2  (cost=5.36..362.08 rows=90 width=125)
	  Recheck Cond: ((k >= 8172398) AND (k <= 8172498))
	  ->  Bitmap Index Scan on k_2  (cost=0.00..5.33 rows=90 width=0)
	        Index Cond: ((k >= 8172398) AND (k <= 8172498))

table 3 : explain SELECT k, c FROM sbtest3 WHERE k BETWEEN 8172398 AND 8172498
	Bitmap Heap Scan on sbtest3  (cost=5.47..405.49 rows=101 width=125)
	  Recheck Cond: ((k >= 8172398) AND (k <= 8172498))
	  ->  Bitmap Index Scan on k_3  (cost=0.00..5.44 rows=101 width=0)
	        Index Cond: ((k >= 8172398) AND (k <= 8172498))

table 4 : explain SELECT k, c FROM sbtest4 WHERE k BETWEEN 8172398 AND 8172498
	Bitmap Heap Scan on sbtest4  (cost=5.50..417.55 rows=104 width=125)
	  Recheck Cond: ((k >= 8172398) AND (k <= 8172498))
	  ->  Bitmap Index Scan on k_4  (cost=0.00..5.47 rows=104 width=0)
	        Index Cond: ((k >= 8172398) AND (k <= 8172498))

table 5 : explain SELECT k, c FROM sbtest5 WHERE k BETWEEN 8172398 AND 8172498
	Bitmap Heap Scan on sbtest5  (cost=5.55..437.28 rows=109 width=125)
	  Recheck Cond: ((k >= 8172398) AND (k <= 8172498))
	  ->  Bitmap Index Scan on k_5  (cost=0.00..5.52 rows=109 width=0)
	        Index Cond: ((k >= 8172398) AND (k <= 8172498))

table 6 : explain SELECT k, c FROM sbtest6 WHERE k BETWEEN 8172398 AND 8172498
	Bitmap Heap Scan on sbtest6  (cost=5.47..405.52 rows=101 width=125)
	  Recheck Cond: ((k >= 8172398) AND (k <= 8172498))
	  ->  Bitmap Index Scan on k_6  (cost=0.00..5.44 rows=101 width=0)
	        Index Cond: ((k >= 8172398) AND (k <= 8172498))

table 7 : explain SELECT k, c FROM sbtest7 WHERE k BETWEEN 8172398 AND 8172498
	Bitmap Heap Scan on sbtest7  (cost=5.52..425.16 rows=106 width=125)
	  Recheck Cond: ((k >= 8172398) AND (k <= 8172498))
	  ->  Bitmap Index Scan on k_7  (cost=0.00..5.50 rows=106 width=0)
	        Index Cond: ((k >= 8172398) AND (k <= 8172498))

table 8 : explain SELECT k, c FROM sbtest8 WHERE k BETWEEN 8172398 AND 8172498
	Bitmap Heap Scan on sbtest8  (cost=5.43..389.70 rows=97 width=125)
	  Recheck Cond: ((k >= 8172398) AND (k <= 8172498))
	  ->  Bitmap Index Scan on k_8  (cost=0.00..5.40 rows=97 width=0)
	        Index Cond: ((k >= 8172398) AND (k <= 8172498))

for range-notcovered
table 1 : explain SELECT k, c FROM sbtest1 WHERE k BETWEEN 499318 AND 499418
	Bitmap Heap Scan on sbtest1  (cost=5.50..417.29 rows=104 width=125)
	  Recheck Cond: ((k >= 499318) AND (k <= 499418))
	  ->  Bitmap Index Scan on k_1  (cost=0.00..5.47 rows=104 width=0)
	        Index Cond: ((k >= 499318) AND (k <= 499418))

table 2 : explain SELECT k, c FROM sbtest2 WHERE k BETWEEN 499318 AND 499418
	Bitmap Heap Scan on sbtest2  (cost=5.59..452.78 rows=113 width=125)
	  Recheck Cond: ((k >= 499318) AND (k <= 499418))
	  ->  Bitmap Index Scan on k_2  (cost=0.00..5.56 rows=113 width=0)
	        Index Cond: ((k >= 499318) AND (k <= 499418))

table 3 : explain SELECT k, c FROM sbtest3 WHERE k BETWEEN 499318 AND 499418
	Bitmap Heap Scan on sbtest3  (cost=5.44..393.66 rows=98 width=125)
	  Recheck Cond: ((k >= 499318) AND (k <= 499418))
	  ->  Bitmap Index Scan on k_3  (cost=0.00..5.42 rows=98 width=0)
	        Index Cond: ((k >= 499318) AND (k <= 499418))

table 4 : explain SELECT k, c FROM sbtest4 WHERE k BETWEEN 499318 AND 499418
	Bitmap Heap Scan on sbtest4  (cost=5.47..405.71 rows=101 width=125)
	  Recheck Cond: ((k >= 499318) AND (k <= 499418))
	  ->  Bitmap Index Scan on k_4  (cost=0.00..5.44 rows=101 width=0)
	        Index Cond: ((k >= 499318) AND (k <= 499418))

table 5 : explain SELECT k, c FROM sbtest5 WHERE k BETWEEN 499318 AND 499418
	Bitmap Heap Scan on sbtest5  (cost=5.38..370.17 rows=92 width=125)
	  Recheck Cond: ((k >= 499318) AND (k <= 499418))
	  ->  Bitmap Index Scan on k_5  (cost=0.00..5.35 rows=92 width=0)
	        Index Cond: ((k >= 499318) AND (k <= 499418))

table 6 : explain SELECT k, c FROM sbtest6 WHERE k BETWEEN 499318 AND 499418
	Bitmap Heap Scan on sbtest6  (cost=5.57..444.94 rows=111 width=125)
	  Recheck Cond: ((k >= 499318) AND (k <= 499418))
	  ->  Bitmap Index Scan on k_6  (cost=0.00..5.54 rows=111 width=0)
	        Index Cond: ((k >= 499318) AND (k <= 499418))

table 7 : explain SELECT k, c FROM sbtest7 WHERE k BETWEEN 499318 AND 499418
	Bitmap Heap Scan on sbtest7  (cost=5.42..385.73 rows=96 width=125)
	  Recheck Cond: ((k >= 499318) AND (k <= 499418))
	  ->  Bitmap Index Scan on k_7  (cost=0.00..5.39 rows=96 width=0)
	        Index Cond: ((k >= 499318) AND (k <= 499418))

table 8 : explain SELECT k, c FROM sbtest8 WHERE k BETWEEN 499318 AND 499418
	Bitmap Heap Scan on sbtest8  (cost=5.50..417.31 rows=104 width=125)
	  Recheck Cond: ((k >= 499318) AND (k <= 499418))
	  ->  Bitmap Index Scan on k_8  (cost=0.00..5.47 rows=104 width=0)
	        Index Cond: ((k >= 499318) AND (k <= 499418))
for range-notcovered
table 1 : explain SELECT k, c FROM sbtest1 WHERE k BETWEEN 1338578 AND 1338678
	Bitmap Heap Scan on sbtest1  (cost=5.46..401.52 rows=100 width=125)
	  Recheck Cond: ((k >= 1338578) AND (k <= 1338678))
	  ->  Bitmap Index Scan on k_1  (cost=0.00..5.43 rows=100 width=0)
	        Index Cond: ((k >= 1338578) AND (k <= 1338678))

table 2 : explain SELECT k, c FROM sbtest2 WHERE k BETWEEN 1338578 AND 1338678
	Bitmap Heap Scan on sbtest2  (cost=5.53..429.14 rows=107 width=125)
	  Recheck Cond: ((k >= 1338578) AND (k <= 1338678))
	  ->  Bitmap Index Scan on k_2  (cost=0.00..5.50 rows=107 width=0)
	        Index Cond: ((k >= 1338578) AND (k <= 1338678))

table 3 : explain SELECT k, c FROM sbtest3 WHERE k BETWEEN 1338578 AND 1338678
	Bitmap Heap Scan on sbtest3  (cost=5.62..464.61 rows=116 width=125)
	  Recheck Cond: ((k >= 1338578) AND (k <= 1338678))
	  ->  Bitmap Index Scan on k_3  (cost=0.00..5.59 rows=116 width=0)
	        Index Cond: ((k >= 1338578) AND (k <= 1338678))

table 4 : explain SELECT k, c FROM sbtest4 WHERE k BETWEEN 1338578 AND 1338678
	Bitmap Heap Scan on sbtest4  (cost=5.53..429.39 rows=107 width=125)
	  Recheck Cond: ((k >= 1338578) AND (k <= 1338678))
	  ->  Bitmap Index Scan on k_4  (cost=0.00..5.50 rows=107 width=0)
	        Index Cond: ((k >= 1338578) AND (k <= 1338678))

table 5 : explain SELECT k, c FROM sbtest5 WHERE k BETWEEN 1338578 AND 1338678
	Bitmap Heap Scan on sbtest5  (cost=5.45..397.82 rows=99 width=125)
	  Recheck Cond: ((k >= 1338578) AND (k <= 1338678))
	  ->  Bitmap Index Scan on k_5  (cost=0.00..5.42 rows=99 width=0)
	        Index Cond: ((k >= 1338578) AND (k <= 1338678))

table 6 : explain SELECT k, c FROM sbtest6 WHERE k BETWEEN 1338578 AND 1338678
	Bitmap Heap Scan on sbtest6  (cost=5.52..425.23 rows=106 width=125)
	  Recheck Cond: ((k >= 1338578) AND (k <= 1338678))
	  ->  Bitmap Index Scan on k_6  (cost=0.00..5.50 rows=106 width=0)
	        Index Cond: ((k >= 1338578) AND (k <= 1338678))

table 7 : explain SELECT k, c FROM sbtest7 WHERE k BETWEEN 1338578 AND 1338678
	Bitmap Heap Scan on sbtest7  (cost=5.46..401.51 rows=100 width=125)
	  Recheck Cond: ((k >= 1338578) AND (k <= 1338678))
	  ->  Bitmap Index Scan on k_7  (cost=0.00..5.43 rows=100 width=0)
	        Index Cond: ((k >= 1338578) AND (k <= 1338678))

table 8 : explain SELECT k, c FROM sbtest8 WHERE k BETWEEN 1338578 AND 1338678
	Bitmap Heap Scan on sbtest8  (cost=5.53..429.13 rows=107 width=125)
	  Recheck Cond: ((k >= 1338578) AND (k <= 1338678))
	  ->  Bitmap Index Scan on k_8  (cost=0.00..5.50 rows=107 width=0)
	        Index Cond: ((k >= 1338578) AND (k <= 1338678))
explain: for range-notcovered :: explain SELECT k, c FROM sbtest%d WHERE k BETWEEN 2295299 AND 2295399
explain: for range-notcovered :: explain SELECT k, c FROM sbtest%d WHERE k BETWEEN 8547191 AND 8547291
for range-notcovered
table 1 : explain SELECT k, c FROM sbtest1 WHERE k BETWEEN 6132863 AND 6132963
	Bitmap Heap Scan on sbtest1  (cost=5.47..405.46 rows=101 width=125)
	  Recheck Cond: ((k >= 6132863) AND (k <= 6132963))
	  ->  Bitmap Index Scan on k_1  (cost=0.00..5.44 rows=101 width=0)
	        Index Cond: ((k >= 6132863) AND (k <= 6132963))

table 2 : explain SELECT k, c FROM sbtest2 WHERE k BETWEEN 6132863 AND 6132963
	Bitmap Heap Scan on sbtest2  (cost=5.44..393.65 rows=98 width=125)
	  Recheck Cond: ((k >= 6132863) AND (k <= 6132963))
	  ->  Bitmap Index Scan on k_2  (cost=0.00..5.42 rows=98 width=0)
	        Index Cond: ((k >= 6132863) AND (k <= 6132963))

table 3 : explain SELECT k, c FROM sbtest3 WHERE k BETWEEN 6132863 AND 6132963
	Bitmap Heap Scan on sbtest3  (cost=5.49..413.38 rows=103 width=125)
	  Recheck Cond: ((k >= 6132863) AND (k <= 6132963))
	  ->  Bitmap Index Scan on k_3  (cost=0.00..5.46 rows=103 width=0)
	        Index Cond: ((k >= 6132863) AND (k <= 6132963))

table 4 : explain SELECT k, c FROM sbtest4 WHERE k BETWEEN 6132863 AND 6132963
	Bitmap Heap Scan on sbtest4  (cost=5.48..409.66 rows=102 width=125)
	  Recheck Cond: ((k >= 6132863) AND (k <= 6132963))
	  ->  Bitmap Index Scan on k_4  (cost=0.00..5.45 rows=102 width=0)
	        Index Cond: ((k >= 6132863) AND (k <= 6132963))

table 5 : explain SELECT k, c FROM sbtest5 WHERE k BETWEEN 6132863 AND 6132963
	Bitmap Heap Scan on sbtest5  (cost=5.51..421.50 rows=105 width=125)
	  Recheck Cond: ((k >= 6132863) AND (k <= 6132963))
	  ->  Bitmap Index Scan on k_5  (cost=0.00..5.48 rows=105 width=0)
	        Index Cond: ((k >= 6132863) AND (k <= 6132963))

table 6 : explain SELECT k, c FROM sbtest6 WHERE k BETWEEN 6132863 AND 6132963
	Bitmap Heap Scan on sbtest6  (cost=5.50..417.35 rows=104 width=125)
	  Recheck Cond: ((k >= 6132863) AND (k <= 6132963))
	  ->  Bitmap Index Scan on k_6  (cost=0.00..5.47 rows=104 width=0)
	        Index Cond: ((k >= 6132863) AND (k <= 6132963))

table 7 : explain SELECT k, c FROM sbtest7 WHERE k BETWEEN 6132863 AND 6132963
	Bitmap Heap Scan on sbtest7  (cost=5.50..417.28 rows=104 width=125)
	  Recheck Cond: ((k >= 6132863) AND (k <= 6132963))
	  ->  Bitmap Index Scan on k_7  (cost=0.00..5.47 rows=104 width=0)
	        Index Cond: ((k >= 6132863) AND (k <= 6132963))

table 8 : explain SELECT k, c FROM sbtest8 WHERE k BETWEEN 6132863 AND 6132963
	Bitmap Heap Scan on sbtest8  (cost=5.42..385.76 rows=96 width=125)
	  Recheck Cond: ((k >= 6132863) AND (k <= 6132963))
	  ->  Bitmap Index Scan on k_8  (cost=0.00..5.39 rows=96 width=0)
	        Index Cond: ((k >= 6132863) AND (k <= 6132963))

for range-notcovered
table 1 : explain SELECT k, c FROM sbtest1 WHERE k BETWEEN 397393 AND 397493
	Bitmap Heap Scan on sbtest1  (cost=5.44..393.63 rows=98 width=125)
	  Recheck Cond: ((k >= 397393) AND (k <= 397493))
	  ->  Bitmap Index Scan on k_1  (cost=0.00..5.42 rows=98 width=0)
	        Index Cond: ((k >= 397393) AND (k <= 397493))

table 2 : explain SELECT k, c FROM sbtest2 WHERE k BETWEEN 397393 AND 397493
	Bitmap Heap Scan on sbtest2  (cost=5.52..425.19 rows=106 width=125)
	  Recheck Cond: ((k >= 397393) AND (k <= 397493))
	  ->  Bitmap Index Scan on k_2  (cost=0.00..5.50 rows=106 width=0)
	        Index Cond: ((k >= 397393) AND (k <= 397493))

table 3 : explain SELECT k, c FROM sbtest3 WHERE k BETWEEN 397393 AND 397493
	Bitmap Heap Scan on sbtest3  (cost=5.35..358.14 rows=89 width=125)
	  Recheck Cond: ((k >= 397393) AND (k <= 397493))
	  ->  Bitmap Index Scan on k_3  (cost=0.00..5.32 rows=89 width=0)
	        Index Cond: ((k >= 397393) AND (k <= 397493))

table 4 : explain SELECT k, c FROM sbtest4 WHERE k BETWEEN 397393 AND 397493
	Bitmap Heap Scan on sbtest4  (cost=5.40..378.07 rows=94 width=125)
	  Recheck Cond: ((k >= 397393) AND (k <= 397493))
	  ->  Bitmap Index Scan on k_4  (cost=0.00..5.38 rows=94 width=0)
	        Index Cond: ((k >= 397393) AND (k <= 397493))

table 5 : explain SELECT k, c FROM sbtest5 WHERE k BETWEEN 397393 AND 397493
	Bitmap Heap Scan on sbtest5  (cost=5.42..385.97 rows=96 width=125)
	  Recheck Cond: ((k >= 397393) AND (k <= 397493))
	  ->  Bitmap Index Scan on k_5  (cost=0.00..5.39 rows=96 width=0)
	        Index Cond: ((k >= 397393) AND (k <= 397493))

table 6 : explain SELECT k, c FROM sbtest6 WHERE k BETWEEN 397393 AND 397493
	Bitmap Heap Scan on sbtest6  (cost=5.56..441.00 rows=110 width=125)
	  Recheck Cond: ((k >= 397393) AND (k <= 397493))
	  ->  Bitmap Index Scan on k_6  (cost=0.00..5.53 rows=110 width=0)
	        Index Cond: ((k >= 397393) AND (k <= 397493))

table 7 : explain SELECT k, c FROM sbtest7 WHERE k BETWEEN 397393 AND 397493
	Bitmap Heap Scan on sbtest7  (cost=5.46..401.51 rows=100 width=125)
	  Recheck Cond: ((k >= 397393) AND (k <= 397493))
	  ->  Bitmap Index Scan on k_7  (cost=0.00..5.43 rows=100 width=0)
	        Index Cond: ((k >= 397393) AND (k <= 397493))

table 8 : explain SELECT k, c FROM sbtest8 WHERE k BETWEEN 397393 AND 397493
	Bitmap Heap Scan on sbtest8  (cost=5.43..389.70 rows=97 width=125)
	  Recheck Cond: ((k >= 397393) AND (k <= 397493))
	  ->  Bitmap Index Scan on k_8  (cost=0.00..5.40 rows=97 width=0)
	        Index Cond: ((k >= 397393) AND (k <= 397493))

for range-notcovered
table 1 : explain SELECT k, c FROM sbtest1 WHERE k BETWEEN 2531241 AND 2531341
	Bitmap Heap Scan on sbtest1  (cost=5.51..421.23 rows=105 width=125)
	  Recheck Cond: ((k >= 2531241) AND (k <= 2531341))
	  ->  Bitmap Index Scan on k_1  (cost=0.00..5.48 rows=105 width=0)
	        Index Cond: ((k >= 2531241) AND (k <= 2531341))

table 2 : explain SELECT k, c FROM sbtest2 WHERE k BETWEEN 2531241 AND 2531341
	Bitmap Heap Scan on sbtest2  (cost=5.50..417.31 rows=104 width=125)
	  Recheck Cond: ((k >= 2531241) AND (k <= 2531341))
	  ->  Bitmap Index Scan on k_2  (cost=0.00..5.47 rows=104 width=0)
	        Index Cond: ((k >= 2531241) AND (k <= 2531341))

table 3 : explain SELECT k, c FROM sbtest3 WHERE k BETWEEN 2531241 AND 2531341
	Bitmap Heap Scan on sbtest3  (cost=5.45..397.61 rows=99 width=125)
	  Recheck Cond: ((k >= 2531241) AND (k <= 2531341))
	  ->  Bitmap Index Scan on k_3  (cost=0.00..5.42 rows=99 width=0)
	        Index Cond: ((k >= 2531241) AND (k <= 2531341))

table 4 : explain SELECT k, c FROM sbtest4 WHERE k BETWEEN 2531241 AND 2531341
	Bitmap Heap Scan on sbtest4  (cost=5.47..405.71 rows=101 width=125)
	  Recheck Cond: ((k >= 2531241) AND (k <= 2531341))
	  ->  Bitmap Index Scan on k_4  (cost=0.00..5.44 rows=101 width=0)
	        Index Cond: ((k >= 2531241) AND (k <= 2531341))

table 5 : explain SELECT k, c FROM sbtest5 WHERE k BETWEEN 2531241 AND 2531341
	Bitmap Heap Scan on sbtest5  (cost=5.49..413.61 rows=103 width=125)
	  Recheck Cond: ((k >= 2531241) AND (k <= 2531341))
	  ->  Bitmap Index Scan on k_5  (cost=0.00..5.46 rows=103 width=0)
	        Index Cond: ((k >= 2531241) AND (k <= 2531341))

table 6 : explain SELECT k, c FROM sbtest6 WHERE k BETWEEN 2531241 AND 2531341
	Bitmap Heap Scan on sbtest6  (cost=5.44..393.68 rows=98 width=125)
	  Recheck Cond: ((k >= 2531241) AND (k <= 2531341))
	  ->  Bitmap Index Scan on k_6  (cost=0.00..5.42 rows=98 width=0)
	        Index Cond: ((k >= 2531241) AND (k <= 2531341))

table 7 : explain SELECT k, c FROM sbtest7 WHERE k BETWEEN 2531241 AND 2531341
	Bitmap Heap Scan on sbtest7  (cost=5.41..381.79 rows=95 width=125)
	  Recheck Cond: ((k >= 2531241) AND (k <= 2531341))
	  ->  Bitmap Index Scan on k_7  (cost=0.00..5.38 rows=95 width=0)
	        Index Cond: ((k >= 2531241) AND (k <= 2531341))

table 8 : explain SELECT k, c FROM sbtest8 WHERE k BETWEEN 2531241 AND 2531341
	Bitmap Heap Scan on sbtest8  (cost=5.43..389.70 rows=97 width=125)
	  Recheck Cond: ((k >= 2531241) AND (k <= 2531341))
	  ->  Bitmap Index Scan on k_8  (cost=0.00..5.40 rows=97 width=0)
	        Index Cond: ((k >= 2531241) AND (k <= 2531341))


explain: for range-notcovered :: explain SELECT k, c FROM sbtest%d WHERE k BETWEEN 6339179 AND 6339279

explain: for range-notcovered :: explain SELECT k, c FROM sbtest%d WHERE k BETWEEN 8172398 AND 8172498
for range-notcovered
table 1 : explain SELECT k, c FROM sbtest1 WHERE k BETWEEN 5712429 AND 5712529
	Bitmap Heap Scan on sbtest1  (cost=5.52..425.18 rows=106 width=125)
	  Recheck Cond: ((k >= 5712429) AND (k <= 5712529))
	  ->  Bitmap Index Scan on k_1  (cost=0.00..5.50 rows=106 width=0)
	        Index Cond: ((k >= 5712429) AND (k <= 5712529))

table 2 : explain SELECT k, c FROM sbtest2 WHERE k BETWEEN 5712429 AND 5712529
	Bitmap Heap Scan on sbtest2  (cost=5.47..405.48 rows=101 width=125)
	  Recheck Cond: ((k >= 5712429) AND (k <= 5712529))
	  ->  Bitmap Index Scan on k_2  (cost=0.00..5.44 rows=101 width=0)
	        Index Cond: ((k >= 5712429) AND (k <= 5712529))

table 3 : explain SELECT k, c FROM sbtest3 WHERE k BETWEEN 5712429 AND 5712529
	Bitmap Heap Scan on sbtest3  (cost=5.50..417.32 rows=104 width=125)
	  Recheck Cond: ((k >= 5712429) AND (k <= 5712529))
	  ->  Bitmap Index Scan on k_3  (cost=0.00..5.47 rows=104 width=0)
	        Index Cond: ((k >= 5712429) AND (k <= 5712529))

table 4 : explain SELECT k, c FROM sbtest4 WHERE k BETWEEN 5712429 AND 5712529
	Bitmap Heap Scan on sbtest4  (cost=5.48..409.66 rows=102 width=125)
	  Recheck Cond: ((k >= 5712429) AND (k <= 5712529))
	  ->  Bitmap Index Scan on k_4  (cost=0.00..5.45 rows=102 width=0)
	        Index Cond: ((k >= 5712429) AND (k <= 5712529))

table 5 : explain SELECT k, c FROM sbtest5 WHERE k BETWEEN 5712429 AND 5712529
	Bitmap Heap Scan on sbtest5  (cost=5.37..366.22 rows=91 width=125)
	  Recheck Cond: ((k >= 5712429) AND (k <= 5712529))
	  ->  Bitmap Index Scan on k_5  (cost=0.00..5.34 rows=91 width=0)
	        Index Cond: ((k >= 5712429) AND (k <= 5712529))

table 6 : explain SELECT k, c FROM sbtest6 WHERE k BETWEEN 5712429 AND 5712529
	Bitmap Heap Scan on sbtest6  (cost=5.50..417.35 rows=104 width=125)
	  Recheck Cond: ((k >= 5712429) AND (k <= 5712529))
	  ->  Bitmap Index Scan on k_6  (cost=0.00..5.47 rows=104 width=0)
	        Index Cond: ((k >= 5712429) AND (k <= 5712529))

table 7 : explain SELECT k, c FROM sbtest7 WHERE k BETWEEN 5712429 AND 5712529
	Bitmap Heap Scan on sbtest7  (cost=5.49..413.34 rows=103 width=125)
	  Recheck Cond: ((k >= 5712429) AND (k <= 5712529))
	  ->  Bitmap Index Scan on k_7  (cost=0.00..5.46 rows=103 width=0)
	        Index Cond: ((k >= 5712429) AND (k <= 5712529))

table 8 : explain SELECT k, c FROM sbtest8 WHERE k BETWEEN 5712429 AND 5712529
	Bitmap Heap Scan on sbtest8  (cost=5.50..417.31 rows=104 width=125)
	  Recheck Cond: ((k >= 5712429) AND (k <= 5712529))
	  ->  Bitmap Index Scan on k_8  (cost=0.00..5.47 rows=104 width=0)
	        Index Cond: ((k >= 5712429) AND (k <= 5712529))

explain: for range-notcovered :: explain SELECT k, c FROM sbtest%d WHERE k BETWEEN 499318 AND 499418
explain: for range-notcovered :: explain SELECT k, c FROM sbtest%d WHERE k BETWEEN 6132863 AND 6132963explain: for range-notcovered :: explain SELECT k, c FROM sbtest%d WHERE k BETWEEN 4686524 AND 4686624
explain: for range-notcovered :: explain SELECT k, c FROM sbtest%d WHERE k BETWEEN 397393 AND 397493
for range-notcovered
table 1 : explain SELECT k, c FROM sbtest1 WHERE k BETWEEN 7876412 AND 7876512
	Bitmap Heap Scan on sbtest1  (cost=5.42..385.74 rows=96 width=125)
	  Recheck Cond: ((k >= 7876412) AND (k <= 7876512))
	  ->  Bitmap Index Scan on k_1  (cost=0.00..5.39 rows=96 width=0)
	        Index Cond: ((k >= 7876412) AND (k <= 7876512))

table 2 : explain SELECT k, c FROM sbtest2 WHERE k BETWEEN 7876412 AND 7876512
	Bitmap Heap Scan on sbtest2  (cost=5.48..409.43 rows=102 width=125)
	  Recheck Cond: ((k >= 7876412) AND (k <= 7876512))
	  ->  Bitmap Index Scan on k_2  (cost=0.00..5.45 rows=102 width=0)
	        Index Cond: ((k >= 7876412) AND (k <= 7876512))

table 3 : explain SELECT k, c FROM sbtest3 WHERE k BETWEEN 7876412 AND 7876512
	Bitmap Heap Scan on sbtest3  (cost=5.44..393.66 rows=98 width=125)
	  Recheck Cond: ((k >= 7876412) AND (k <= 7876512))
	  ->  Bitmap Index Scan on k_3  (cost=0.00..5.42 rows=98 width=0)
	        Index Cond: ((k >= 7876412) AND (k <= 7876512))

table 4 : explain SELECT k, c FROM sbtest4 WHERE k BETWEEN 7876412 AND 7876512
	Bitmap Heap Scan on sbtest4  (cost=5.49..413.60 rows=103 width=125)
	  Recheck Cond: ((k >= 7876412) AND (k <= 7876512))
	  ->  Bitmap Index Scan on k_4  (cost=0.00..5.46 rows=103 width=0)
	        Index Cond: ((k >= 7876412) AND (k <= 7876512))

table 5 : explain SELECT k, c FROM sbtest5 WHERE k BETWEEN 7876412 AND 7876512
	Bitmap Heap Scan on sbtest5  (cost=5.62..464.87 rows=116 width=125)
	  Recheck Cond: ((k >= 7876412) AND (k <= 7876512))
	  ->  Bitmap Index Scan on k_5  (cost=0.00..5.59 rows=116 width=0)
	        Index Cond: ((k >= 7876412) AND (k <= 7876512))

table 6 : explain SELECT k, c FROM sbtest6 WHERE k BETWEEN 7876412 AND 7876512
	Bitmap Heap Scan on sbtest6  (cost=5.51..421.29 rows=105 width=125)
	  Recheck Cond: ((k >= 7876412) AND (k <= 7876512))
	  ->  Bitmap Index Scan on k_6  (cost=0.00..5.48 rows=105 width=0)
	        Index Cond: ((k >= 7876412) AND (k <= 7876512))

table 7 : explain SELECT k, c FROM sbtest7 WHERE k BETWEEN 7876412 AND 7876512
	Bitmap Heap Scan on sbtest7  (cost=5.54..433.05 rows=108 width=125)
	  Recheck Cond: ((k >= 7876412) AND (k <= 7876512))
	  ->  Bitmap Index Scan on k_7  (cost=0.00..5.51 rows=108 width=0)
	        Index Cond: ((k >= 7876412) AND (k <= 7876512))

table 8 : explain SELECT k, c FROM sbtest8 WHERE k BETWEEN 7876412 AND 7876512
	Bitmap Heap Scan on sbtest8  (cost=5.59..452.77 rows=113 width=125)
	  Recheck Cond: ((k >= 7876412) AND (k <= 7876512))
	  ->  Bitmap Index Scan on k_8  (cost=0.00..5.56 rows=113 width=0)
	        Index Cond: ((k >= 7876412) AND (k <= 7876512))

explain: for range-notcovered :: explain SELECT k, c FROM sbtest%d WHERE k BETWEEN 3530048 AND 3530148
for range-notcovered
table 1 : explain SELECT k, c FROM sbtest1 WHERE k BETWEEN 4324418 AND 4324518
	Bitmap Heap Scan on sbtest1  (cost=5.46..401.52 rows=100 width=125)
	  Recheck Cond: ((k >= 4324418) AND (k <= 4324518))
	  ->  Bitmap Index Scan on k_1  (cost=0.00..5.43 rows=100 width=0)
	        Index Cond: ((k >= 4324418) AND (k <= 4324518))

table 2 : explain SELECT k, c FROM sbtest2 WHERE k BETWEEN 4324418 AND 4324518
	Bitmap Heap Scan on sbtest2  (cost=5.55..437.02 rows=109 width=125)
	  Recheck Cond: ((k >= 4324418) AND (k <= 4324518))
	  ->  Bitmap Index Scan on k_2  (cost=0.00..5.52 rows=109 width=0)
	        Index Cond: ((k >= 4324418) AND (k <= 4324518))

table 3 : explain SELECT k, c FROM sbtest3 WHERE k BETWEEN 4324418 AND 4324518
	Bitmap Heap Scan on sbtest3  (cost=5.51..421.27 rows=105 width=125)
	  Recheck Cond: ((k >= 4324418) AND (k <= 4324518))
	  ->  Bitmap Index Scan on k_3  (cost=0.00..5.48 rows=105 width=0)
	        Index Cond: ((k >= 4324418) AND (k <= 4324518))

table 4 : explain SELECT k, c FROM sbtest4 WHERE k BETWEEN 4324418 AND 4324518
	Bitmap Heap Scan on sbtest4  (cost=5.52..425.44 rows=106 width=125)
	  Recheck Cond: ((k >= 4324418) AND (k <= 4324518))
	  ->  Bitmap Index Scan on k_4  (cost=0.00..5.50 rows=106 width=0)
	        Index Cond: ((k >= 4324418) AND (k <= 4324518))

table 5 : explain SELECT k, c FROM sbtest5 WHERE k BETWEEN 4324418 AND 4324518
	Bitmap Heap Scan on sbtest5  (cost=5.43..389.92 rows=97 width=125)
	  Recheck Cond: ((k >= 4324418) AND (k <= 4324518))
	  ->  Bitmap Index Scan on k_5  (cost=0.00..5.40 rows=97 width=0)
	        Index Cond: ((k >= 4324418) AND (k <= 4324518))

table 6 : explain SELECT k, c FROM sbtest6 WHERE k BETWEEN 4324418 AND 4324518
	Bitmap Heap Scan on sbtest6  (cost=5.49..413.40 rows=103 width=125)
	  Recheck Cond: ((k >= 4324418) AND (k <= 4324518))
	  ->  Bitmap Index Scan on k_6  (cost=0.00..5.46 rows=103 width=0)
	        Index Cond: ((k >= 4324418) AND (k <= 4324518))

table 7 : explain SELECT k, c FROM sbtest7 WHERE k BETWEEN 4324418 AND 4324518
	Bitmap Heap Scan on sbtest7  (cost=5.34..354.16 rows=88 width=125)
	  Recheck Cond: ((k >= 4324418) AND (k <= 4324518))
	  ->  Bitmap Index Scan on k_7  (cost=0.00..5.31 rows=88 width=0)
	        Index Cond: ((k >= 4324418) AND (k <= 4324518))

table 8 : explain SELECT k, c FROM sbtest8 WHERE k BETWEEN 4324418 AND 4324518
	Bitmap Heap Scan on sbtest8  (cost=5.52..425.19 rows=106 width=125)
	  Recheck Cond: ((k >= 4324418) AND (k <= 4324518))
	  ->  Bitmap Index Scan on k_8  (cost=0.00..5.50 rows=106 width=0)
	        Index Cond: ((k >= 4324418) AND (k <= 4324518))

for range-notcovered
table 1 : explain SELECT k, c FROM sbtest1 WHERE k BETWEEN 5977647 AND 5977747
	Bitmap Heap Scan on sbtest1  (cost=5.41..381.80 rows=95 width=125)
	  Recheck Cond: ((k >= 5977647) AND (k <= 5977747))
	  ->  Bitmap Index Scan on k_1  (cost=0.00..5.38 rows=95 width=0)
	        Index Cond: ((k >= 5977647) AND (k <= 5977747))

table 2 : explain SELECT k, c FROM sbtest2 WHERE k BETWEEN 5977647 AND 5977747
	Bitmap Heap Scan on sbtest2  (cost=5.36..362.08 rows=90 width=125)
	  Recheck Cond: ((k >= 5977647) AND (k <= 5977747))
	  ->  Bitmap Index Scan on k_2  (cost=0.00..5.33 rows=90 width=0)
	        Index Cond: ((k >= 5977647) AND (k <= 5977747))

table 3 : explain SELECT k, c FROM sbtest3 WHERE k BETWEEN 5977647 AND 5977747
	Bitmap Heap Scan on sbtest3  (cost=5.52..425.21 rows=106 width=125)
	  Recheck Cond: ((k >= 5977647) AND (k <= 5977747))
	  ->  Bitmap Index Scan on k_3  (cost=0.00..5.50 rows=106 width=0)
	        Index Cond: ((k >= 5977647) AND (k <= 5977747))

table 4 : explain SELECT k, c FROM sbtest4 WHERE k BETWEEN 5977647 AND 5977747
	Bitmap Heap Scan on sbtest4  (cost=5.51..421.50 rows=105 width=125)
	  Recheck Cond: ((k >= 5977647) AND (k <= 5977747))
	  ->  Bitmap Index Scan on k_4  (cost=0.00..5.48 rows=105 width=0)
	        Index Cond: ((k >= 5977647) AND (k <= 5977747))

table 5 : explain SELECT k, c FROM sbtest5 WHERE k BETWEEN 5977647 AND 5977747
	Bitmap Heap Scan on sbtest5  (cost=5.57..445.16 rows=111 width=125)
	  Recheck Cond: ((k >= 5977647) AND (k <= 5977747))
	  ->  Bitmap Index Scan on k_5  (cost=0.00..5.54 rows=111 width=0)
	        Index Cond: ((k >= 5977647) AND (k <= 5977747))

table 6 : explain SELECT k, c FROM sbtest6 WHERE k BETWEEN 5977647 AND 5977747
	Bitmap Heap Scan on sbtest6  (cost=5.56..441.00 rows=110 width=125)
	  Recheck Cond: ((k >= 5977647) AND (k <= 5977747))
	  ->  Bitmap Index Scan on k_6  (cost=0.00..5.53 rows=110 width=0)
	        Index Cond: ((k >= 5977647) AND (k <= 5977747))

table 7 : explain SELECT k, c FROM sbtest7 WHERE k BETWEEN 5977647 AND 5977747
	Bitmap Heap Scan on sbtest7  (cost=5.50..417.28 rows=104 width=125)
	  Recheck Cond: ((k >= 5977647) AND (k <= 5977747))
	  ->  Bitmap Index Scan on k_7  (cost=0.00..5.47 rows=104 width=0)
	        Index Cond: ((k >= 5977647) AND (k <= 5977747))

table 8 : explain SELECT k, c FROM sbtest8 WHERE k BETWEEN 5977647 AND 5977747
	Bitmap Heap Scan on sbtest8  (cost=5.53..429.13 rows=107 width=125)
	  Recheck Cond: ((k >= 5977647) AND (k <= 5977747))
	  ->  Bitmap Index Scan on k_8  (cost=0.00..5.50 rows=107 width=0)
	        Index Cond: ((k >= 5977647) AND (k <= 5977747))


for range-notcovered
table 1 : explain SELECT k, c FROM sbtest1 WHERE k BETWEEN 4813597 AND 4813697
	Bitmap Heap Scan on sbtest1  (cost=5.47..405.46 rows=101 width=125)
	  Recheck Cond: ((k >= 4813597) AND (k <= 4813697))
	  ->  Bitmap Index Scan on k_1  (cost=0.00..5.44 rows=101 width=0)
	        Index Cond: ((k >= 4813597) AND (k <= 4813697))

table 2 : explain SELECT k, c FROM sbtest2 WHERE k BETWEEN 4813597 AND 4813697
	Bitmap Heap Scan on sbtest2  (cost=5.45..397.59 rows=99 width=125)
	  Recheck Cond: ((k >= 4813597) AND (k <= 4813697))
	  ->  Bitmap Index Scan on k_2  (cost=0.00..5.42 rows=99 width=0)
	        Index Cond: ((k >= 4813597) AND (k <= 4813697))

table 3 : explain SELECT k, c FROM sbtest3 WHERE k BETWEEN 4813597 AND 4813697
	Bitmap Heap Scan on sbtest3  (cost=5.48..409.44 rows=102 width=125)
	  Recheck Cond: ((k >= 4813597) AND (k <= 4813697))
	  ->  Bitmap Index Scan on k_3  (cost=0.00..5.45 rows=102 width=0)
	        Index Cond: ((k >= 4813597) AND (k <= 4813697))

table 4 : explain SELECT k, c FROM sbtest4 WHERE k BETWEEN 4813597 AND 4813697
	Bitmap Heap Scan on sbtest4  (cost=5.41..382.02 rows=95 width=125)
	  Recheck Cond: ((k >= 4813597) AND (k <= 4813697))
	  ->  Bitmap Index Scan on k_4  (cost=0.00..5.38 rows=95 width=0)
	        Index Cond: ((k >= 4813597) AND (k <= 4813697))

table 5 : explain SELECT k, c FROM sbtest5 WHERE k BETWEEN 4813597 AND 4813697
	Bitmap Heap Scan on sbtest5  (cost=5.50..417.55 rows=104 width=125)
	  Recheck Cond: ((k >= 4813597) AND (k <= 4813697))
	  ->  Bitmap Index Scan on k_5  (cost=0.00..5.47 rows=104 width=0)
	        Index Cond: ((k >= 4813597) AND (k <= 4813697))

table 6 : explain SELECT k, c FROM sbtest6 WHERE k BETWEEN 4813597 AND 4813697
	Bitmap Heap Scan on sbtest6  (cost=5.45..397.63 rows=99 width=125)
	  Recheck Cond: ((k >= 4813597) AND (k <= 4813697))
	  ->  Bitmap Index Scan on k_6  (cost=0.00..5.42 rows=99 width=0)
	        Index Cond: ((k >= 4813597) AND (k <= 4813697))

table 7 : explain SELECT k, c FROM sbtest7 WHERE k BETWEEN 4813597 AND 4813697
	Bitmap Heap Scan on sbtest7  (cost=5.50..417.28 rows=104 width=125)
	  Recheck Cond: ((k >= 4813597) AND (k <= 4813697))
	  ->  Bitmap Index Scan on k_7  (cost=0.00..5.47 rows=104 width=0)
	        Index Cond: ((k >= 4813597) AND (k <= 4813697))

table 8 : explain SELECT k, c FROM sbtest8 WHERE k BETWEEN 4813597 AND 4813697
	Bitmap Heap Scan on sbtest8  (cost=5.38..369.97 rows=92 width=125)
	  Recheck Cond: ((k >= 4813597) AND (k <= 4813697))
	  ->  Bitmap Index Scan on k_8  (cost=0.00..5.35 rows=92 width=0)
	        Index Cond: ((k >= 4813597) AND (k <= 4813697))

explain: for range-notcovered :: explain SELECT k, c FROM sbtest%d WHERE k BETWEEN 1338578 AND 1338678for range-notcovered
table 1 : explain SELECT k, c FROM sbtest1 WHERE k BETWEEN 3241696 AND 3241796
	Bitmap Heap Scan on sbtest1  (cost=5.45..397.58 rows=99 width=125)
	  Recheck Cond: ((k >= 3241696) AND (k <= 3241796))
	  ->  Bitmap Index Scan on k_1  (cost=0.00..5.42 rows=99 width=0)
	        Index Cond: ((k >= 3241696) AND (k <= 3241796))

table 2 : explain SELECT k, c FROM sbtest2 WHERE k BETWEEN 3241696 AND 3241796
	Bitmap Heap Scan on sbtest2  (cost=5.43..389.70 rows=97 width=125)
	  Recheck Cond: ((k >= 3241696) AND (k <= 3241796))
	  ->  Bitmap Index Scan on k_2  (cost=0.00..5.40 rows=97 width=0)
	        Index Cond: ((k >= 3241696) AND (k <= 3241796))

table 3 : explain SELECT k, c FROM sbtest3 WHERE k BETWEEN 3241696 AND 3241796
	Bitmap Heap Scan on sbtest3  (cost=5.51..421.27 rows=105 width=125)
	  Recheck Cond: ((k >= 3241696) AND (k <= 3241796))
	  ->  Bitmap Index Scan on k_3  (cost=0.00..5.48 rows=105 width=0)
	        Index Cond: ((k >= 3241696) AND (k <= 3241796))

table 4 : explain SELECT k, c FROM sbtest4 WHERE k BETWEEN 3241696 AND 3241796
	Bitmap Heap Scan on sbtest4  (cost=5.46..401.76 rows=100 width=125)
	  Recheck Cond: ((k >= 3241696) AND (k <= 3241796))
	  ->  Bitmap Index Scan on k_4  (cost=0.00..5.43 rows=100 width=0)
	        Index Cond: ((k >= 3241696) AND (k <= 3241796))

table 5 : explain SELECT k, c FROM sbtest5 WHERE k BETWEEN 3241696 AND 3241796
	Bitmap Heap Scan on sbtest5  (cost=5.38..370.17 rows=92 width=125)
	  Recheck Cond: ((k >= 3241696) AND (k <= 3241796))
	  ->  Bitmap Index Scan on k_5  (cost=0.00..5.35 rows=92 width=0)
	        Index Cond: ((k >= 3241696) AND (k <= 3241796))

table 6 : explain SELECT k, c FROM sbtest6 WHERE k BETWEEN 3241696 AND 3241796
	Bitmap Heap Scan on sbtest6  (cost=5.51..421.29 rows=105 width=125)
	  Recheck Cond: ((k >= 3241696) AND (k <= 3241796))
	  ->  Bitmap Index Scan on k_6  (cost=0.00..5.48 rows=105 width=0)
	        Index Cond: ((k >= 3241696) AND (k <= 3241796))

table 7 : explain SELECT k, c FROM sbtest7 WHERE k BETWEEN 3241696 AND 3241796
	Bitmap Heap Scan on sbtest7  (cost=5.48..409.40 rows=102 width=125)
	  Recheck Cond: ((k >= 3241696) AND (k <= 3241796))
	  ->  Bitmap Index Scan on k_7  (cost=0.00..5.45 rows=102 width=0)
	        Index Cond: ((k >= 3241696) AND (k <= 3241796))

table 8 : explain SELECT k, c FROM sbtest8 WHERE k BETWEEN 3241696 AND 3241796
	Bitmap Heap Scan on sbtest8  (cost=5.39..373.92 rows=93 width=125)
	  Recheck Cond: ((k >= 3241696) AND (k <= 3241796))
	  ->  Bitmap Index Scan on k_8  (cost=0.00..5.36 rows=93 width=0)
	        Index Cond: ((k >= 3241696) AND (k <= 3241796))
explain: for range-notcovered :: explain SELECT k, c FROM sbtest%d WHERE k BETWEEN 5712429 AND 5712529
explain: for range-notcovered :: explain SELECT k, c FROM sbtest%d WHERE k BETWEEN 5977647 AND 5977747explain: for range-notcovered :: explain SELECT k, c FROM sbtest%d WHERE k BETWEEN 4324418 AND 4324518
for range-notcovered
table 1 : explain SELECT k, c FROM sbtest1 WHERE k BETWEEN 4958844 AND 4958944
	Bitmap Heap Scan on sbtest1  (cost=5.47..405.46 rows=101 width=125)
	  Recheck Cond: ((k >= 4958844) AND (k <= 4958944))
	  ->  Bitmap Index Scan on k_1  (cost=0.00..5.44 rows=101 width=0)
	        Index Cond: ((k >= 4958844) AND (k <= 4958944))

table 2 : explain SELECT k, c FROM sbtest2 WHERE k BETWEEN 4958844 AND 4958944
	Bitmap Heap Scan on sbtest2  (cost=5.42..385.76 rows=96 width=125)
	  Recheck Cond: ((k >= 4958844) AND (k <= 4958944))
	  ->  Bitmap Index Scan on k_2  (cost=0.00..5.39 rows=96 width=0)
	        Index Cond: ((k >= 4958844) AND (k <= 4958944))

table 3 : explain SELECT k, c FROM sbtest3 WHERE k BETWEEN 4958844 AND 4958944
	Bitmap Heap Scan on sbtest3  (cost=5.56..440.97 rows=110 width=125)
	  Recheck Cond: ((k >= 4958844) AND (k <= 4958944))
	  ->  Bitmap Index Scan on k_3  (cost=0.00..5.53 rows=110 width=0)
	        Index Cond: ((k >= 4958844) AND (k <= 4958944))

table 4 : explain SELECT k, c FROM sbtest4 WHERE k BETWEEN 4958844 AND 4958944
	Bitmap Heap Scan on sbtest4  (cost=5.50..417.55 rows=104 width=125)
	  Recheck Cond: ((k >= 4958844) AND (k <= 4958944))
	  ->  Bitmap Index Scan on k_4  (cost=0.00..5.47 rows=104 width=0)
	        Index Cond: ((k >= 4958844) AND (k <= 4958944))

table 5 : explain SELECT k, c FROM sbtest5 WHERE k BETWEEN 4958844 AND 4958944
	Bitmap Heap Scan on sbtest5  (cost=5.43..389.92 rows=97 width=125)
	  Recheck Cond: ((k >= 4958844) AND (k <= 4958944))
	  ->  Bitmap Index Scan on k_5  (cost=0.00..5.40 rows=97 width=0)
	        Index Cond: ((k >= 4958844) AND (k <= 4958944))

table 6 : explain SELECT k, c FROM sbtest6 WHERE k BETWEEN 4958844 AND 4958944
	Bitmap Heap Scan on sbtest6  (cost=5.47..405.52 rows=101 width=125)
	  Recheck Cond: ((k >= 4958844) AND (k <= 4958944))
	  ->  Bitmap Index Scan on k_6  (cost=0.00..5.44 rows=101 width=0)
	        Index Cond: ((k >= 4958844) AND (k <= 4958944))

table 7 : explain SELECT k, c FROM sbtest7 WHERE k BETWEEN 4958844 AND 4958944
	Bitmap Heap Scan on sbtest7  (cost=5.41..381.79 rows=95 width=125)
	  Recheck Cond: ((k >= 4958844) AND (k <= 4958944))
	  ->  Bitmap Index Scan on k_7  (cost=0.00..5.38 rows=95 width=0)
	        Index Cond: ((k >= 4958844) AND (k <= 4958944))

table 8 : explain SELECT k, c FROM sbtest8 WHERE k BETWEEN 4958844 AND 4958944
	Bitmap Heap Scan on sbtest8  (cost=5.46..401.53 rows=100 width=125)
	  Recheck Cond: ((k >= 4958844) AND (k <= 4958944))
	  ->  Bitmap Index Scan on k_8  (cost=0.00..5.43 rows=100 width=0)
	        Index Cond: ((k >= 4958844) AND (k <= 4958944))

for range-notcovered
table 1 : explain SELECT k, c FROM sbtest1 WHERE k BETWEEN 5928016 AND 5928116
	Bitmap Heap Scan on sbtest1  (cost=5.41..381.80 rows=95 width=125)
	  Recheck Cond: ((k >= 5928016) AND (k <= 5928116))
	  ->  Bitmap Index Scan on k_1  (cost=0.00..5.38 rows=95 width=0)
	        Index Cond: ((k >= 5928016) AND (k <= 5928116))

table 2 : explain SELECT k, c FROM sbtest2 WHERE k BETWEEN 5928016 AND 5928116
	Bitmap Heap Scan on sbtest2  (cost=5.36..362.08 rows=90 width=125)
	  Recheck Cond: ((k >= 5928016) AND (k <= 5928116))
	  ->  Bitmap Index Scan on k_2  (cost=0.00..5.33 rows=90 width=0)
	        Index Cond: ((k >= 5928016) AND (k <= 5928116))

table 3 : explain SELECT k, c FROM sbtest3 WHERE k BETWEEN 5928016 AND 5928116
	Bitmap Heap Scan on sbtest3  (cost=5.52..425.21 rows=106 width=125)
	  Recheck Cond: ((k >= 5928016) AND (k <= 5928116))
	  ->  Bitmap Index Scan on k_3  (cost=0.00..5.50 rows=106 width=0)
	        Index Cond: ((k >= 5928016) AND (k <= 5928116))

table 4 : explain SELECT k, c FROM sbtest4 WHERE k BETWEEN 5928016 AND 5928116
	Bitmap Heap Scan on sbtest4  (cost=5.51..421.50 rows=105 width=125)
	  Recheck Cond: ((k >= 5928016) AND (k <= 5928116))
	  ->  Bitmap Index Scan on k_4  (cost=0.00..5.48 rows=105 width=0)
	        Index Cond: ((k >= 5928016) AND (k <= 5928116))

table 5 : explain SELECT k, c FROM sbtest5 WHERE k BETWEEN 5928016 AND 5928116
	Bitmap Heap Scan on sbtest5  (cost=5.41..382.02 rows=95 width=125)
	  Recheck Cond: ((k >= 5928016) AND (k <= 5928116))
	  ->  Bitmap Index Scan on k_5  (cost=0.00..5.38 rows=95 width=0)
	        Index Cond: ((k >= 5928016) AND (k <= 5928116))

table 6 : explain SELECT k, c FROM sbtest6 WHERE k BETWEEN 5928016 AND 5928116
	Bitmap Heap Scan on sbtest6  (cost=5.56..441.00 rows=110 width=125)
	  Recheck Cond: ((k >= 5928016) AND (k <= 5928116))
	  ->  Bitmap Index Scan on k_6  (cost=0.00..5.53 rows=110 width=0)
	        Index Cond: ((k >= 5928016) AND (k <= 5928116))

table 7 : explain SELECT k, c FROM sbtest7 WHERE k BETWEEN 5928016 AND 5928116
	Bitmap Heap Scan on sbtest7  (cost=5.45..397.57 rows=99 width=125)
	  Recheck Cond: ((k >= 5928016) AND (k <= 5928116))
	  ->  Bitmap Index Scan on k_7  (cost=0.00..5.42 rows=99 width=0)
	        Index Cond: ((k >= 5928016) AND (k <= 5928116))

table 8 : explain SELECT k, c FROM sbtest8 WHERE k BETWEEN 5928016 AND 5928116
	Bitmap Heap Scan on sbtest8  (cost=5.53..429.13 rows=107 width=125)
	  Recheck Cond: ((k >= 5928016) AND (k <= 5928116))
	  ->  Bitmap Index Scan on k_8  (cost=0.00..5.50 rows=107 width=0)
	        Index Cond: ((k >= 5928016) AND (k <= 5928116))
for range-notcovered
table 1 : explain SELECT k, c FROM sbtest1 WHERE k BETWEEN 5737342 AND 5737442
	Bitmap Heap Scan on sbtest1  (cost=5.52..425.18 rows=106 width=125)
	  Recheck Cond: ((k >= 5737342) AND (k <= 5737442))
	  ->  Bitmap Index Scan on k_1  (cost=0.00..5.50 rows=106 width=0)
	        Index Cond: ((k >= 5737342) AND (k <= 5737442))

table 2 : explain SELECT k, c FROM sbtest2 WHERE k BETWEEN 5737342 AND 5737442
	Bitmap Heap Scan on sbtest2  (cost=5.47..405.48 rows=101 width=125)
	  Recheck Cond: ((k >= 5737342) AND (k <= 5737442))
	  ->  Bitmap Index Scan on k_2  (cost=0.00..5.44 rows=101 width=0)
	        Index Cond: ((k >= 5737342) AND (k <= 5737442))

table 3 : explain SELECT k, c FROM sbtest3 WHERE k BETWEEN 5737342 AND 5737442
	Bitmap Heap Scan on sbtest3  (cost=5.50..417.32 rows=104 width=125)
	  Recheck Cond: ((k >= 5737342) AND (k <= 5737442))
	  ->  Bitmap Index Scan on k_3  (cost=0.00..5.47 rows=104 width=0)
	        Index Cond: ((k >= 5737342) AND (k <= 5737442))

table 4 : explain SELECT k, c FROM sbtest4 WHERE k BETWEEN 5737342 AND 5737442
	Bitmap Heap Scan on sbtest4  (cost=5.48..409.66 rows=102 width=125)
	  Recheck Cond: ((k >= 5737342) AND (k <= 5737442))
	  ->  Bitmap Index Scan on k_4  (cost=0.00..5.45 rows=102 width=0)
	        Index Cond: ((k >= 5737342) AND (k <= 5737442))

table 5 : explain SELECT k, c FROM sbtest5 WHERE k BETWEEN 5737342 AND 5737442
	Bitmap Heap Scan on sbtest5  (cost=5.37..366.22 rows=91 width=125)
	  Recheck Cond: ((k >= 5737342) AND (k <= 5737442))
	  ->  Bitmap Index Scan on k_5  (cost=0.00..5.34 rows=91 width=0)
	        Index Cond: ((k >= 5737342) AND (k <= 5737442))

table 6 : explain SELECT k, c FROM sbtest6 WHERE k BETWEEN 5737342 AND 5737442
	Bitmap Heap Scan on sbtest6  (cost=5.56..441.00 rows=110 width=125)
	  Recheck Cond: ((k >= 5737342) AND (k <= 5737442))
	  ->  Bitmap Index Scan on k_6  (cost=0.00..5.53 rows=110 width=0)
	        Index Cond: ((k >= 5737342) AND (k <= 5737442))

table 7 : explain SELECT k, c FROM sbtest7 WHERE k BETWEEN 5737342 AND 5737442
	Bitmap Heap Scan on sbtest7  (cost=5.49..413.34 rows=103 width=125)
	  Recheck Cond: ((k >= 5737342) AND (k <= 5737442))
	  ->  Bitmap Index Scan on k_7  (cost=0.00..5.46 rows=103 width=0)
	        Index Cond: ((k >= 5737342) AND (k <= 5737442))

table 8 : explain SELECT k, c FROM sbtest8 WHERE k BETWEEN 5737342 AND 5737442
	Bitmap Heap Scan on sbtest8  (cost=5.50..417.31 rows=104 width=125)
	  Recheck Cond: ((k >= 5737342) AND (k <= 5737442))
	  ->  Bitmap Index Scan on k_8  (cost=0.00..5.47 rows=104 width=0)
	        Index Cond: ((k >= 5737342) AND (k <= 5737442))


for range-notcovered
table 1 : explain SELECT k, c FROM sbtest1 WHERE k BETWEEN 6380588 AND 6380688
	Bitmap Heap Scan on sbtest1  (cost=5.47..405.46 rows=101 width=125)
	  Recheck Cond: ((k >= 6380588) AND (k <= 6380688))
	  ->  Bitmap Index Scan on k_1  (cost=0.00..5.44 rows=101 width=0)
	        Index Cond: ((k >= 6380588) AND (k <= 6380688))

table 2 : explain SELECT k, c FROM sbtest2 WHERE k BETWEEN 6380588 AND 6380688
	Bitmap Heap Scan on sbtest2  (cost=5.43..389.70 rows=97 width=125)
	  Recheck Cond: ((k >= 6380588) AND (k <= 6380688))
	  ->  Bitmap Index Scan on k_2  (cost=0.00..5.40 rows=97 width=0)
	        Index Cond: ((k >= 6380588) AND (k <= 6380688))

table 3 : explain SELECT k, c FROM sbtest3 WHERE k BETWEEN 6380588 AND 6380688
	Bitmap Heap Scan on sbtest3  (cost=5.49..413.38 rows=103 width=125)
	  Recheck Cond: ((k >= 6380588) AND (k <= 6380688))
	  ->  Bitmap Index Scan on k_3  (cost=0.00..5.46 rows=103 width=0)
	        Index Cond: ((k >= 6380588) AND (k <= 6380688))

table 4 : explain SELECT k, c FROM sbtest4 WHERE k BETWEEN 6380588 AND 6380688
	Bitmap Heap Scan on sbtest4  (cost=5.43..389.92 rows=97 width=125)
	  Recheck Cond: ((k >= 6380588) AND (k <= 6380688))
	  ->  Bitmap Index Scan on k_4  (cost=0.00..5.40 rows=97 width=0)
	        Index Cond: ((k >= 6380588) AND (k <= 6380688))

table 5 : explain SELECT k, c FROM sbtest5 WHERE k BETWEEN 6380588 AND 6380688
	Bitmap Heap Scan on sbtest5  (cost=5.55..437.28 rows=109 width=125)
	  Recheck Cond: ((k >= 6380588) AND (k <= 6380688))
	  ->  Bitmap Index Scan on k_5  (cost=0.00..5.52 rows=109 width=0)
	        Index Cond: ((k >= 6380588) AND (k <= 6380688))

table 6 : explain SELECT k, c FROM sbtest6 WHERE k BETWEEN 6380588 AND 6380688
	Bitmap Heap Scan on sbtest6  (cost=5.41..381.84 rows=95 width=125)
	  Recheck Cond: ((k >= 6380588) AND (k <= 6380688))
	  ->  Bitmap Index Scan on k_6  (cost=0.00..5.38 rows=95 width=0)
	        Index Cond: ((k >= 6380588) AND (k <= 6380688))

table 7 : explain SELECT k, c FROM sbtest7 WHERE k BETWEEN 6380588 AND 6380688
	Bitmap Heap Scan on sbtest7  (cost=5.54..433.05 rows=108 width=125)
	  Recheck Cond: ((k >= 6380588) AND (k <= 6380688))
	  ->  Bitmap Index Scan on k_7  (cost=0.00..5.51 rows=108 width=0)
	        Index Cond: ((k >= 6380588) AND (k <= 6380688))

table 8 : explain SELECT k, c FROM sbtest8 WHERE k BETWEEN 6380588 AND 6380688
	Bitmap Heap Scan on sbtest8  (cost=5.39..373.92 rows=93 width=125)
	  Recheck Cond: ((k >= 6380588) AND (k <= 6380688))
	  ->  Bitmap Index Scan on k_8  (cost=0.00..5.36 rows=93 width=0)
	        Index Cond: ((k >= 6380588) AND (k <= 6380688))
explain: for range-notcovered :: explain SELECT k, c FROM sbtest%d WHERE k BETWEEN 4134095 AND 4134195
explain: for range-notcovered :: explain SELECT k, c FROM sbtest%d WHERE k BETWEEN 4958844 AND 4958944
explain: for range-notcovered :: explain SELECT k, c FROM sbtest%d WHERE k BETWEEN 5644186 AND 5644286explain: for range-notcovered :: explain SELECT k, c FROM sbtest%d WHERE k BETWEEN 4813597 AND 4813697
for range-notcovered
table 1 : explain SELECT k, c FROM sbtest1 WHERE k BETWEEN 4414696 AND 4414796
	Bitmap Heap Scan on sbtest1  (cost=5.54..433.06 rows=108 width=125)
	  Recheck Cond: ((k >= 4414696) AND (k <= 4414796))
	  ->  Bitmap Index Scan on k_1  (cost=0.00..5.51 rows=108 width=0)
	        Index Cond: ((k >= 4414696) AND (k <= 4414796))

table 2 : explain SELECT k, c FROM sbtest2 WHERE k BETWEEN 4414696 AND 4414796
	Bitmap Heap Scan on sbtest2  (cost=5.54..433.08 rows=108 width=125)
	  Recheck Cond: ((k >= 4414696) AND (k <= 4414796))
	  ->  Bitmap Index Scan on k_2  (cost=0.00..5.51 rows=108 width=0)
	        Index Cond: ((k >= 4414696) AND (k <= 4414796))

table 3 : explain SELECT k, c FROM sbtest3 WHERE k BETWEEN 4414696 AND 4414796
	Bitmap Heap Scan on sbtest3  (cost=5.46..401.55 rows=100 width=125)
	  Recheck Cond: ((k >= 4414696) AND (k <= 4414796))
	  ->  Bitmap Index Scan on k_3  (cost=0.00..5.43 rows=100 width=0)
	        Index Cond: ((k >= 4414696) AND (k <= 4414796))

table 4 : explain SELECT k, c FROM sbtest4 WHERE k BETWEEN 4414696 AND 4414796
	Bitmap Heap Scan on sbtest4  (cost=5.49..413.60 rows=103 width=125)
	  Recheck Cond: ((k >= 4414696) AND (k <= 4414796))
	  ->  Bitmap Index Scan on k_4  (cost=0.00..5.46 rows=103 width=0)
	        Index Cond: ((k >= 4414696) AND (k <= 4414796))

table 5 : explain SELECT k, c FROM sbtest5 WHERE k BETWEEN 4414696 AND 4414796
	Bitmap Heap Scan on sbtest5  (cost=5.56..441.22 rows=110 width=125)
	  Recheck Cond: ((k >= 4414696) AND (k <= 4414796))
	  ->  Bitmap Index Scan on k_5  (cost=0.00..5.53 rows=110 width=0)
	        Index Cond: ((k >= 4414696) AND (k <= 4414796))

table 6 : explain SELECT k, c FROM sbtest6 WHERE k BETWEEN 4414696 AND 4414796
	Bitmap Heap Scan on sbtest6  (cost=5.50..417.35 rows=104 width=125)
	  Recheck Cond: ((k >= 4414696) AND (k <= 4414796))
	  ->  Bitmap Index Scan on k_6  (cost=0.00..5.47 rows=104 width=0)
	        Index Cond: ((k >= 4414696) AND (k <= 4414796))

table 7 : explain SELECT k, c FROM sbtest7 WHERE k BETWEEN 4414696 AND 4414796
	Bitmap Heap Scan on sbtest7  (cost=5.34..354.16 rows=88 width=125)
	  Recheck Cond: ((k >= 4414696) AND (k <= 4414796))
	  ->  Bitmap Index Scan on k_7  (cost=0.00..5.31 rows=88 width=0)
	        Index Cond: ((k >= 4414696) AND (k <= 4414796))

table 8 : explain SELECT k, c FROM sbtest8 WHERE k BETWEEN 4414696 AND 4414796
	Bitmap Heap Scan on sbtest8  (cost=5.51..421.25 rows=105 width=125)
	  Recheck Cond: ((k >= 4414696) AND (k <= 4414796))
	  ->  Bitmap Index Scan on k_8  (cost=0.00..5.48 rows=105 width=0)
	        Index Cond: ((k >= 4414696) AND (k <= 4414796))


for range-notcovered
table 1 : explain SELECT k, c FROM sbtest1 WHERE k BETWEEN 2295299 AND 2295399
	Bitmap Heap Scan on sbtest1  (cost=5.44..393.63 rows=98 width=125)
	  Recheck Cond: ((k >= 2295299) AND (k <= 2295399))
	  ->  Bitmap Index Scan on k_1  (cost=0.00..5.42 rows=98 width=0)
	        Index Cond: ((k >= 2295299) AND (k <= 2295399))

table 2 : explain SELECT k, c FROM sbtest2 WHERE k BETWEEN 2295299 AND 2295399
	Bitmap Heap Scan on sbtest2  (cost=5.40..377.87 rows=94 width=125)
	  Recheck Cond: ((k >= 2295299) AND (k <= 2295399))
	  ->  Bitmap Index Scan on k_2  (cost=0.00..5.38 rows=94 width=0)
	        Index Cond: ((k >= 2295299) AND (k <= 2295399))

table 3 : explain SELECT k, c FROM sbtest3 WHERE k BETWEEN 2295299 AND 2295399
	Bitmap Heap Scan on sbtest3  (cost=5.55..437.03 rows=109 width=125)
	  Recheck Cond: ((k >= 2295299) AND (k <= 2295399))
	  ->  Bitmap Index Scan on k_3  (cost=0.00..5.52 rows=109 width=0)
	        Index Cond: ((k >= 2295299) AND (k <= 2295399))

table 4 : explain SELECT k, c FROM sbtest4 WHERE k BETWEEN 2295299 AND 2295399
	Bitmap Heap Scan on sbtest4  (cost=5.44..393.87 rows=98 width=125)
	  Recheck Cond: ((k >= 2295299) AND (k <= 2295399))
	  ->  Bitmap Index Scan on k_4  (cost=0.00..5.42 rows=98 width=0)
	        Index Cond: ((k >= 2295299) AND (k <= 2295399))

table 5 : explain SELECT k, c FROM sbtest5 WHERE k BETWEEN 2295299 AND 2295399
	Bitmap Heap Scan on sbtest5  (cost=5.47..405.71 rows=101 width=125)
	  Recheck Cond: ((k >= 2295299) AND (k <= 2295399))
	  ->  Bitmap Index Scan on k_5  (cost=0.00..5.44 rows=101 width=0)
	        Index Cond: ((k >= 2295299) AND (k <= 2295399))

table 6 : explain SELECT k, c FROM sbtest6 WHERE k BETWEEN 2295299 AND 2295399
	Bitmap Heap Scan on sbtest6  (cost=5.48..409.46 rows=102 width=125)
	  Recheck Cond: ((k >= 2295299) AND (k <= 2295399))
	  ->  Bitmap Index Scan on k_6  (cost=0.00..5.45 rows=102 width=0)
	        Index Cond: ((k >= 2295299) AND (k <= 2295399))

table 7 : explain SELECT k, c FROM sbtest7 WHERE k BETWEEN 2295299 AND 2295399
	Bitmap Heap Scan on sbtest7  (cost=5.44..393.62 rows=98 width=125)
	  Recheck Cond: ((k >= 2295299) AND (k <= 2295399))
	  ->  Bitmap Index Scan on k_7  (cost=0.00..5.42 rows=98 width=0)
	        Index Cond: ((k >= 2295299) AND (k <= 2295399))

table 8 : explain SELECT k, c FROM sbtest8 WHERE k BETWEEN 2295299 AND 2295399
	Bitmap Heap Scan on sbtest8  (cost=5.61..460.65 rows=115 width=125)
	  Recheck Cond: ((k >= 2295299) AND (k <= 2295399))
	  ->  Bitmap Index Scan on k_8  (cost=0.00..5.58 rows=115 width=0)
	        Index Cond: ((k >= 2295299) AND (k <= 2295399))


explain: for range-notcovered :: explain SELECT k, c FROM sbtest%d WHERE k BETWEEN 2531241 AND 2531341
explain: for range-notcovered :: explain SELECT k, c FROM sbtest%d WHERE k BETWEEN 4414696 AND 4414796
explain: for range-notcovered :: explain SELECT k, c FROM sbtest%d WHERE k BETWEEN 7876412 AND 7876512

explain: for range-notcovered :: explain SELECT k, c FROM sbtest%d WHERE k BETWEEN 5737342 AND 5737442

for range-notcovered
table 1 : explain SELECT k, c FROM sbtest1 WHERE k BETWEEN 6505532 AND 6505632
	Bitmap Heap Scan on sbtest1  (cost=5.47..405.46 rows=101 width=125)
	  Recheck Cond: ((k >= 6505532) AND (k <= 6505632))
	  ->  Bitmap Index Scan on k_1  (cost=0.00..5.44 rows=101 width=0)
	        Index Cond: ((k >= 6505532) AND (k <= 6505632))

table 2 : explain SELECT k, c FROM sbtest2 WHERE k BETWEEN 6505532 AND 6505632
	Bitmap Heap Scan on sbtest2  (cost=5.40..377.87 rows=94 width=125)
	  Recheck Cond: ((k >= 6505532) AND (k <= 6505632))
	  ->  Bitmap Index Scan on k_2  (cost=0.00..5.38 rows=94 width=0)
	        Index Cond: ((k >= 6505532) AND (k <= 6505632))

table 3 : explain SELECT k, c FROM sbtest3 WHERE k BETWEEN 6505532 AND 6505632
	Bitmap Heap Scan on sbtest3  (cost=5.42..385.77 rows=96 width=125)
	  Recheck Cond: ((k >= 6505532) AND (k <= 6505632))
	  ->  Bitmap Index Scan on k_3  (cost=0.00..5.39 rows=96 width=0)
	        Index Cond: ((k >= 6505532) AND (k <= 6505632))

table 4 : explain SELECT k, c FROM sbtest4 WHERE k BETWEEN 6505532 AND 6505632
	Bitmap Heap Scan on sbtest4  (cost=5.44..393.87 rows=98 width=125)
	  Recheck Cond: ((k >= 6505532) AND (k <= 6505632))
	  ->  Bitmap Index Scan on k_4  (cost=0.00..5.42 rows=98 width=0)
	        Index Cond: ((k >= 6505532) AND (k <= 6505632))

table 5 : explain SELECT k, c FROM sbtest5 WHERE k BETWEEN 6505532 AND 6505632
	Bitmap Heap Scan on sbtest5  (cost=5.51..421.50 rows=105 width=125)
	  Recheck Cond: ((k >= 6505532) AND (k <= 6505632))
	  ->  Bitmap Index Scan on k_5  (cost=0.00..5.48 rows=105 width=0)
	        Index Cond: ((k >= 6505532) AND (k <= 6505632))

table 6 : explain SELECT k, c FROM sbtest6 WHERE k BETWEEN 6505532 AND 6505632
	Bitmap Heap Scan on sbtest6  (cost=5.44..393.68 rows=98 width=125)
	  Recheck Cond: ((k >= 6505532) AND (k <= 6505632))
	  ->  Bitmap Index Scan on k_6  (cost=0.00..5.42 rows=98 width=0)
	        Index Cond: ((k >= 6505532) AND (k <= 6505632))

table 7 : explain SELECT k, c FROM sbtest7 WHERE k BETWEEN 6505532 AND 6505632
	Bitmap Heap Scan on sbtest7  (cost=5.47..405.45 rows=101 width=125)
	  Recheck Cond: ((k >= 6505532) AND (k <= 6505632))
	  ->  Bitmap Index Scan on k_7  (cost=0.00..5.44 rows=101 width=0)
	        Index Cond: ((k >= 6505532) AND (k <= 6505632))

table 8 : explain SELECT k, c FROM sbtest8 WHERE k BETWEEN 6505532 AND 6505632
	Bitmap Heap Scan on sbtest8  (cost=5.48..409.42 rows=102 width=125)
	  Recheck Cond: ((k >= 6505532) AND (k <= 6505632))
	  ->  Bitmap Index Scan on k_8  (cost=0.00..5.45 rows=102 width=0)
	        Index Cond: ((k >= 6505532) AND (k <= 6505632))


explain: for range-notcovered :: explain SELECT k, c FROM sbtest%d WHERE k BETWEEN 2295299 AND 2295399
for range-notcovered
table 1 : explain SELECT k, c FROM sbtest1 WHERE k BETWEEN 6059499 AND 6059599
	Bitmap Heap Scan on sbtest1  (cost=5.42..385.74 rows=96 width=125)
	  Recheck Cond: ((k >= 6059499) AND (k <= 6059599))
	  ->  Bitmap Index Scan on k_1  (cost=0.00..5.39 rows=96 width=0)
	        Index Cond: ((k >= 6059499) AND (k <= 6059599))

table 2 : explain SELECT k, c FROM sbtest2 WHERE k BETWEEN 6059499 AND 6059599
	Bitmap Heap Scan on sbtest2  (cost=5.43..389.70 rows=97 width=125)
	  Recheck Cond: ((k >= 6059499) AND (k <= 6059599))
	  ->  Bitmap Index Scan on k_2  (cost=0.00..5.40 rows=97 width=0)
	        Index Cond: ((k >= 6059499) AND (k <= 6059599))

table 3 : explain SELECT k, c FROM sbtest3 WHERE k BETWEEN 6059499 AND 6059599
	Bitmap Heap Scan on sbtest3  (cost=5.50..417.32 rows=104 width=125)
	  Recheck Cond: ((k >= 6059499) AND (k <= 6059599))
	  ->  Bitmap Index Scan on k_3  (cost=0.00..5.47 rows=104 width=0)
	        Index Cond: ((k >= 6059499) AND (k <= 6059599))

table 4 : explain SELECT k, c FROM sbtest4 WHERE k BETWEEN 6059499 AND 6059599
	Bitmap Heap Scan on sbtest4  (cost=5.48..409.66 rows=102 width=125)
	  Recheck Cond: ((k >= 6059499) AND (k <= 6059599))
	  ->  Bitmap Index Scan on k_4  (cost=0.00..5.45 rows=102 width=0)
	        Index Cond: ((k >= 6059499) AND (k <= 6059599))

table 5 : explain SELECT k, c FROM sbtest5 WHERE k BETWEEN 6059499 AND 6059599
	Bitmap Heap Scan on sbtest5  (cost=5.57..445.16 rows=111 width=125)
	  Recheck Cond: ((k >= 6059499) AND (k <= 6059599))
	  ->  Bitmap Index Scan on k_5  (cost=0.00..5.54 rows=111 width=0)
	        Index Cond: ((k >= 6059499) AND (k <= 6059599))

table 6 : explain SELECT k, c FROM sbtest6 WHERE k BETWEEN 6059499 AND 6059599
	Bitmap Heap Scan on sbtest6  (cost=5.56..441.00 rows=110 width=125)
	  Recheck Cond: ((k >= 6059499) AND (k <= 6059599))
	  ->  Bitmap Index Scan on k_6  (cost=0.00..5.53 rows=110 width=0)
	        Index Cond: ((k >= 6059499) AND (k <= 6059599))

table 7 : explain SELECT k, c FROM sbtest7 WHERE k BETWEEN 6059499 AND 6059599
	Bitmap Heap Scan on sbtest7  (cost=5.50..417.28 rows=104 width=125)
	  Recheck Cond: ((k >= 6059499) AND (k <= 6059599))
	  ->  Bitmap Index Scan on k_7  (cost=0.00..5.47 rows=104 width=0)
	        Index Cond: ((k >= 6059499) AND (k <= 6059599))

table 8 : explain SELECT k, c FROM sbtest8 WHERE k BETWEEN 6059499 AND 6059599
	Bitmap Heap Scan on sbtest8  (cost=5.45..397.59 rows=99 width=125)
	  Recheck Cond: ((k >= 6059499) AND (k <= 6059599))
	  ->  Bitmap Index Scan on k_8  (cost=0.00..5.42 rows=99 width=0)
	        Index Cond: ((k >= 6059499) AND (k <= 6059599))

for range-notcovered
table 1 : explain SELECT k, c FROM sbtest1 WHERE k BETWEEN 5454301 AND 5454401
	Bitmap Heap Scan on sbtest1  (cost=5.54..433.06 rows=108 width=125)
	  Recheck Cond: ((k >= 5454301) AND (k <= 5454401))
	  ->  Bitmap Index Scan on k_1  (cost=0.00..5.51 rows=108 width=0)
	        Index Cond: ((k >= 5454301) AND (k <= 5454401))

table 2 : explain SELECT k, c FROM sbtest2 WHERE k BETWEEN 5454301 AND 5454401
	Bitmap Heap Scan on sbtest2  (cost=5.40..377.87 rows=94 width=125)
	  Recheck Cond: ((k >= 5454301) AND (k <= 5454401))
	  ->  Bitmap Index Scan on k_2  (cost=0.00..5.38 rows=94 width=0)
	        Index Cond: ((k >= 5454301) AND (k <= 5454401))

table 3 : explain SELECT k, c FROM sbtest3 WHERE k BETWEEN 5454301 AND 5454401
	Bitmap Heap Scan on sbtest3  (cost=5.50..417.32 rows=104 width=125)
	  Recheck Cond: ((k >= 5454301) AND (k <= 5454401))
	  ->  Bitmap Index Scan on k_3  (cost=0.00..5.47 rows=104 width=0)
	        Index Cond: ((k >= 5454301) AND (k <= 5454401))

table 4 : explain SELECT k, c FROM sbtest4 WHERE k BETWEEN 5454301 AND 5454401
	Bitmap Heap Scan on sbtest4  (cost=5.51..421.50 rows=105 width=125)
	  Recheck Cond: ((k >= 5454301) AND (k <= 5454401))
	  ->  Bitmap Index Scan on k_4  (cost=0.00..5.48 rows=105 width=0)
	        Index Cond: ((k >= 5454301) AND (k <= 5454401))

table 5 : explain SELECT k, c FROM sbtest5 WHERE k BETWEEN 5454301 AND 5454401
	Bitmap Heap Scan on sbtest5  (cost=5.58..449.11 rows=112 width=125)
	  Recheck Cond: ((k >= 5454301) AND (k <= 5454401))
	  ->  Bitmap Index Scan on k_5  (cost=0.00..5.55 rows=112 width=0)
	        Index Cond: ((k >= 5454301) AND (k <= 5454401))

table 6 : explain SELECT k, c FROM sbtest6 WHERE k BETWEEN 5454301 AND 5454401
	Bitmap Heap Scan on sbtest6  (cost=5.54..433.11 rows=108 width=125)
	  Recheck Cond: ((k >= 5454301) AND (k <= 5454401))
	  ->  Bitmap Index Scan on k_6  (cost=0.00..5.51 rows=108 width=0)
	        Index Cond: ((k >= 5454301) AND (k <= 5454401))

table 7 : explain SELECT k, c FROM sbtest7 WHERE k BETWEEN 5454301 AND 5454401
	Bitmap Heap Scan on sbtest7  (cost=5.42..385.73 rows=96 width=125)
	  Recheck Cond: ((k >= 5454301) AND (k <= 5454401))
	  ->  Bitmap Index Scan on k_7  (cost=0.00..5.39 rows=96 width=0)
	        Index Cond: ((k >= 5454301) AND (k <= 5454401))

table 8 : explain SELECT k, c FROM sbtest8 WHERE k BETWEEN 5454301 AND 5454401
	Bitmap Heap Scan on sbtest8  (cost=5.46..401.53 rows=100 width=125)
	  Recheck Cond: ((k >= 5454301) AND (k <= 5454401))
	  ->  Bitmap Index Scan on k_8  (cost=0.00..5.43 rows=100 width=0)
	        Index Cond: ((k >= 5454301) AND (k <= 5454401))

for range-notcovered
table 1 : explain SELECT k, c FROM sbtest1 WHERE k BETWEEN 9580805 AND 9580905
	Bitmap Heap Scan on sbtest1  (cost=5.53..429.12 rows=107 width=125)
	  Recheck Cond: ((k >= 9580805) AND (k <= 9580905))
	  ->  Bitmap Index Scan on k_1  (cost=0.00..5.50 rows=107 width=0)
	        Index Cond: ((k >= 9580805) AND (k <= 9580905))

table 2 : explain SELECT k, c FROM sbtest2 WHERE k BETWEEN 9580805 AND 9580905
	Bitmap Heap Scan on sbtest2  (cost=5.42..385.76 rows=96 width=125)
	  Recheck Cond: ((k >= 9580805) AND (k <= 9580905))
	  ->  Bitmap Index Scan on k_2  (cost=0.00..5.39 rows=96 width=0)
	        Index Cond: ((k >= 9580805) AND (k <= 9580905))

table 3 : explain SELECT k, c FROM sbtest3 WHERE k BETWEEN 9580805 AND 9580905
	Bitmap Heap Scan on sbtest3  (cost=5.45..397.61 rows=99 width=125)
	  Recheck Cond: ((k >= 9580805) AND (k <= 9580905))
	  ->  Bitmap Index Scan on k_3  (cost=0.00..5.42 rows=99 width=0)
	        Index Cond: ((k >= 9580805) AND (k <= 9580905))

table 4 : explain SELECT k, c FROM sbtest4 WHERE k BETWEEN 9580805 AND 9580905
	Bitmap Heap Scan on sbtest4  (cost=5.55..437.27 rows=109 width=125)
	  Recheck Cond: ((k >= 9580805) AND (k <= 9580905))
	  ->  Bitmap Index Scan on k_4  (cost=0.00..5.52 rows=109 width=0)
	        Index Cond: ((k >= 9580805) AND (k <= 9580905))

table 5 : explain SELECT k, c FROM sbtest5 WHERE k BETWEEN 9580805 AND 9580905
	Bitmap Heap Scan on sbtest5  (cost=5.43..389.92 rows=97 width=125)
	  Recheck Cond: ((k >= 9580805) AND (k <= 9580905))
	  ->  Bitmap Index Scan on k_5  (cost=0.00..5.40 rows=97 width=0)
	        Index Cond: ((k >= 9580805) AND (k <= 9580905))

table 6 : explain SELECT k, c FROM sbtest6 WHERE k BETWEEN 9580805 AND 9580905
	Bitmap Heap Scan on sbtest6  (cost=5.68..484.32 rows=121 width=125)
	  Recheck Cond: ((k >= 9580805) AND (k <= 9580905))
	  ->  Bitmap Index Scan on k_6  (cost=0.00..5.64 rows=121 width=0)
	        Index Cond: ((k >= 9580805) AND (k <= 9580905))

table 7 : explain SELECT k, c FROM sbtest7 WHERE k BETWEEN 9580805 AND 9580905
	Bitmap Heap Scan on sbtest7  (cost=5.52..425.16 rows=106 width=125)
	  Recheck Cond: ((k >= 9580805) AND (k <= 9580905))
	  ->  Bitmap Index Scan on k_7  (cost=0.00..5.50 rows=106 width=0)
	        Index Cond: ((k >= 9580805) AND (k <= 9580905))

table 8 : explain SELECT k, c FROM sbtest8 WHERE k BETWEEN 9580805 AND 9580905
	Bitmap Heap Scan on sbtest8  (cost=5.47..405.48 rows=101 width=125)
	  Recheck Cond: ((k >= 9580805) AND (k <= 9580905))
	  ->  Bitmap Index Scan on k_8  (cost=0.00..5.44 rows=101 width=0)
	        Index Cond: ((k >= 9580805) AND (k <= 9580905))

explain: for range-notcovered :: explain SELECT k, c FROM sbtest%d WHERE k BETWEEN 3241696 AND 3241796
explain: for range-notcovered :: explain SELECT k, c FROM sbtest%d WHERE k BETWEEN 5928016 AND 5928116
explain: for range-notcovered :: explain SELECT k, c FROM sbtest%d WHERE k BETWEEN 6059499 AND 6059599
explain: for range-notcovered :: explain SELECT k, c FROM sbtest%d WHERE k BETWEEN 6505532 AND 6505632
explain: for range-notcovered :: explain SELECT k, c FROM sbtest%d WHERE k BETWEEN 9580805 AND 9580905
for range-notcovered
table 1 : explain SELECT k, c FROM sbtest1 WHERE k BETWEEN 3275438 AND 3275538
	Bitmap Heap Scan on sbtest1  (cost=5.45..397.58 rows=99 width=125)
	  Recheck Cond: ((k >= 3275438) AND (k <= 3275538))
	  ->  Bitmap Index Scan on k_1  (cost=0.00..5.42 rows=99 width=0)
	        Index Cond: ((k >= 3275438) AND (k <= 3275538))

table 2 : explain SELECT k, c FROM sbtest2 WHERE k BETWEEN 3275438 AND 3275538
	Bitmap Heap Scan on sbtest2  (cost=5.41..381.81 rows=95 width=125)
	  Recheck Cond: ((k >= 3275438) AND (k <= 3275538))
	  ->  Bitmap Index Scan on k_2  (cost=0.00..5.38 rows=95 width=0)
	        Index Cond: ((k >= 3275438) AND (k <= 3275538))

table 3 : explain SELECT k, c FROM sbtest3 WHERE k BETWEEN 3275438 AND 3275538
	Bitmap Heap Scan on sbtest3  (cost=5.51..421.27 rows=105 width=125)
	  Recheck Cond: ((k >= 3275438) AND (k <= 3275538))
	  ->  Bitmap Index Scan on k_3  (cost=0.00..5.48 rows=105 width=0)
	        Index Cond: ((k >= 3275438) AND (k <= 3275538))

table 4 : explain SELECT k, c FROM sbtest4 WHERE k BETWEEN 3275438 AND 3275538
	Bitmap Heap Scan on sbtest4  (cost=5.46..401.76 rows=100 width=125)
	  Recheck Cond: ((k >= 3275438) AND (k <= 3275538))
	  ->  Bitmap Index Scan on k_4  (cost=0.00..5.43 rows=100 width=0)
	        Index Cond: ((k >= 3275438) AND (k <= 3275538))

table 5 : explain SELECT k, c FROM sbtest5 WHERE k BETWEEN 3275438 AND 3275538
	Bitmap Heap Scan on sbtest5  (cost=5.38..370.17 rows=92 width=125)
	  Recheck Cond: ((k >= 3275438) AND (k <= 3275538))
	  ->  Bitmap Index Scan on k_5  (cost=0.00..5.35 rows=92 width=0)
	        Index Cond: ((k >= 3275438) AND (k <= 3275538))

table 6 : explain SELECT k, c FROM sbtest6 WHERE k BETWEEN 3275438 AND 3275538
	Bitmap Heap Scan on sbtest6  (cost=5.51..421.29 rows=105 width=125)
	  Recheck Cond: ((k >= 3275438) AND (k <= 3275538))
	  ->  Bitmap Index Scan on k_6  (cost=0.00..5.48 rows=105 width=0)
	        Index Cond: ((k >= 3275438) AND (k <= 3275538))

table 7 : explain SELECT k, c FROM sbtest7 WHERE k BETWEEN 3275438 AND 3275538
	Bitmap Heap Scan on sbtest7  (cost=5.48..409.40 rows=102 width=125)
	  Recheck Cond: ((k >= 3275438) AND (k <= 3275538))
	  ->  Bitmap Index Scan on k_7  (cost=0.00..5.45 rows=102 width=0)
	        Index Cond: ((k >= 3275438) AND (k <= 3275538))

table 8 : explain SELECT k, c FROM sbtest8 WHERE k BETWEEN 3275438 AND 3275538
	Bitmap Heap Scan on sbtest8  (cost=5.39..373.92 rows=93 width=125)
	  Recheck Cond: ((k >= 3275438) AND (k <= 3275538))
	  ->  Bitmap Index Scan on k_8  (cost=0.00..5.36 rows=93 width=0)
	        Index Cond: ((k >= 3275438) AND (k <= 3275538))

explain: for range-notcovered :: explain SELECT k, c FROM sbtest%d WHERE k BETWEEN 5454301 AND 5454401
explain: for range-notcovered :: explain SELECT k, c FROM sbtest%d WHERE k BETWEEN 6380588 AND 6380688
for range-notcovered
table 1 : explain SELECT k, c FROM sbtest1 WHERE k BETWEEN 499318 AND 499418
	Bitmap Heap Scan on sbtest1  (cost=5.50..417.29 rows=104 width=125)
	  Recheck Cond: ((k >= 499318) AND (k <= 499418))
	  ->  Bitmap Index Scan on k_1  (cost=0.00..5.47 rows=104 width=0)
	        Index Cond: ((k >= 499318) AND (k <= 499418))

table 2 : explain SELECT k, c FROM sbtest2 WHERE k BETWEEN 499318 AND 499418
	Bitmap Heap Scan on sbtest2  (cost=5.59..452.78 rows=113 width=125)
	  Recheck Cond: ((k >= 499318) AND (k <= 499418))
	  ->  Bitmap Index Scan on k_2  (cost=0.00..5.56 rows=113 width=0)
	        Index Cond: ((k >= 499318) AND (k <= 499418))

table 3 : explain SELECT k, c FROM sbtest3 WHERE k BETWEEN 499318 AND 499418
	Bitmap Heap Scan on sbtest3  (cost=5.44..393.66 rows=98 width=125)
	  Recheck Cond: ((k >= 499318) AND (k <= 499418))
	  ->  Bitmap Index Scan on k_3  (cost=0.00..5.42 rows=98 width=0)
	        Index Cond: ((k >= 499318) AND (k <= 499418))

table 4 : explain SELECT k, c FROM sbtest4 WHERE k BETWEEN 499318 AND 499418
	Bitmap Heap Scan on sbtest4  (cost=5.47..405.71 rows=101 width=125)
	  Recheck Cond: ((k >= 499318) AND (k <= 499418))
	  ->  Bitmap Index Scan on k_4  (cost=0.00..5.44 rows=101 width=0)
	        Index Cond: ((k >= 499318) AND (k <= 499418))

table 5 : explain SELECT k, c FROM sbtest5 WHERE k BETWEEN 499318 AND 499418
	Bitmap Heap Scan on sbtest5  (cost=5.38..370.17 rows=92 width=125)
	  Recheck Cond: ((k >= 499318) AND (k <= 499418))
	  ->  Bitmap Index Scan on k_5  (cost=0.00..5.35 rows=92 width=0)
	        Index Cond: ((k >= 499318) AND (k <= 499418))

table 6 : explain SELECT k, c FROM sbtest6 WHERE k BETWEEN 499318 AND 499418
	Bitmap Heap Scan on sbtest6  (cost=5.57..444.94 rows=111 width=125)
	  Recheck Cond: ((k >= 499318) AND (k <= 499418))
	  ->  Bitmap Index Scan on k_6  (cost=0.00..5.54 rows=111 width=0)
	        Index Cond: ((k >= 499318) AND (k <= 499418))

table 7 : explain SELECT k, c FROM sbtest7 WHERE k BETWEEN 499318 AND 499418
	Bitmap Heap Scan on sbtest7  (cost=5.42..385.73 rows=96 width=125)
	  Recheck Cond: ((k >= 499318) AND (k <= 499418))
	  ->  Bitmap Index Scan on k_7  (cost=0.00..5.39 rows=96 width=0)
	        Index Cond: ((k >= 499318) AND (k <= 499418))

table 8 : explain SELECT k, c FROM sbtest8 WHERE k BETWEEN 499318 AND 499418
	Bitmap Heap Scan on sbtest8  (cost=5.50..417.31 rows=104 width=125)
	  Recheck Cond: ((k >= 499318) AND (k <= 499418))
	  ->  Bitmap Index Scan on k_8  (cost=0.00..5.47 rows=104 width=0)
	        Index Cond: ((k >= 499318) AND (k <= 499418))

for range-notcovered
table 1 : explain SELECT k, c FROM sbtest1 WHERE k BETWEEN 8547191 AND 8547291
	Bitmap Heap Scan on sbtest1  (cost=5.42..385.74 rows=96 width=125)
	  Recheck Cond: ((k >= 8547191) AND (k <= 8547291))
	  ->  Bitmap Index Scan on k_1  (cost=0.00..5.39 rows=96 width=0)
	        Index Cond: ((k >= 8547191) AND (k <= 8547291))

table 2 : explain SELECT k, c FROM sbtest2 WHERE k BETWEEN 8547191 AND 8547291
	Bitmap Heap Scan on sbtest2  (cost=5.43..389.70 rows=97 width=125)
	  Recheck Cond: ((k >= 8547191) AND (k <= 8547291))
	  ->  Bitmap Index Scan on k_2  (cost=0.00..5.40 rows=97 width=0)
	        Index Cond: ((k >= 8547191) AND (k <= 8547291))

table 3 : explain SELECT k, c FROM sbtest3 WHERE k BETWEEN 8547191 AND 8547291
	Bitmap Heap Scan on sbtest3  (cost=5.46..401.55 rows=100 width=125)
	  Recheck Cond: ((k >= 8547191) AND (k <= 8547291))
	  ->  Bitmap Index Scan on k_3  (cost=0.00..5.43 rows=100 width=0)
	        Index Cond: ((k >= 8547191) AND (k <= 8547291))

table 4 : explain SELECT k, c FROM sbtest4 WHERE k BETWEEN 8547191 AND 8547291
	Bitmap Heap Scan on sbtest4  (cost=5.51..421.50 rows=105 width=125)
	  Recheck Cond: ((k >= 8547191) AND (k <= 8547291))
	  ->  Bitmap Index Scan on k_4  (cost=0.00..5.48 rows=105 width=0)
	        Index Cond: ((k >= 8547191) AND (k <= 8547291))

table 5 : explain SELECT k, c FROM sbtest5 WHERE k BETWEEN 8547191 AND 8547291
	Bitmap Heap Scan on sbtest5  (cost=5.58..449.11 rows=112 width=125)
	  Recheck Cond: ((k >= 8547191) AND (k <= 8547291))
	  ->  Bitmap Index Scan on k_5  (cost=0.00..5.55 rows=112 width=0)
	        Index Cond: ((k >= 8547191) AND (k <= 8547291))

table 6 : explain SELECT k, c FROM sbtest6 WHERE k BETWEEN 8547191 AND 8547291
	Bitmap Heap Scan on sbtest6  (cost=5.45..397.63 rows=99 width=125)
	  Recheck Cond: ((k >= 8547191) AND (k <= 8547291))
	  ->  Bitmap Index Scan on k_6  (cost=0.00..5.42 rows=99 width=0)
	        Index Cond: ((k >= 8547191) AND (k <= 8547291))

table 7 : explain SELECT k, c FROM sbtest7 WHERE k BETWEEN 8547191 AND 8547291
	Bitmap Heap Scan on sbtest7  (cost=5.47..405.45 rows=101 width=125)
	  Recheck Cond: ((k >= 8547191) AND (k <= 8547291))
	  ->  Bitmap Index Scan on k_7  (cost=0.00..5.44 rows=101 width=0)
	        Index Cond: ((k >= 8547191) AND (k <= 8547291))

table 8 : explain SELECT k, c FROM sbtest8 WHERE k BETWEEN 8547191 AND 8547291
	Bitmap Heap Scan on sbtest8  (cost=5.47..405.48 rows=101 width=125)
	  Recheck Cond: ((k >= 8547191) AND (k <= 8547291))
	  ->  Bitmap Index Scan on k_8  (cost=0.00..5.44 rows=101 width=0)
	        Index Cond: ((k >= 8547191) AND (k <= 8547291))

for range-notcovered
table 1 : explain SELECT k, c FROM sbtest1 WHERE k BETWEEN 8172398 AND 8172498
	Bitmap Heap Scan on sbtest1  (cost=5.51..421.23 rows=105 width=125)
	  Recheck Cond: ((k >= 8172398) AND (k <= 8172498))
	  ->  Bitmap Index Scan on k_1  (cost=0.00..5.48 rows=105 width=0)
	        Index Cond: ((k >= 8172398) AND (k <= 8172498))

table 2 : explain SELECT k, c FROM sbtest2 WHERE k BETWEEN 8172398 AND 8172498
	Bitmap Heap Scan on sbtest2  (cost=5.36..362.08 rows=90 width=125)
	  Recheck Cond: ((k >= 8172398) AND (k <= 8172498))
	  ->  Bitmap Index Scan on k_2  (cost=0.00..5.33 rows=90 width=0)
	        Index Cond: ((k >= 8172398) AND (k <= 8172498))

table 3 : explain SELECT k, c FROM sbtest3 WHERE k BETWEEN 8172398 AND 8172498
	Bitmap Heap Scan on sbtest3  (cost=5.47..405.49 rows=101 width=125)
	  Recheck Cond: ((k >= 8172398) AND (k <= 8172498))
	  ->  Bitmap Index Scan on k_3  (cost=0.00..5.44 rows=101 width=0)
	        Index Cond: ((k >= 8172398) AND (k <= 8172498))

table 4 : explain SELECT k, c FROM sbtest4 WHERE k BETWEEN 8172398 AND 8172498
	Bitmap Heap Scan on sbtest4  (cost=5.50..417.55 rows=104 width=125)
	  Recheck Cond: ((k >= 8172398) AND (k <= 8172498))
	  ->  Bitmap Index Scan on k_4  (cost=0.00..5.47 rows=104 width=0)
	        Index Cond: ((k >= 8172398) AND (k <= 8172498))

table 5 : explain SELECT k, c FROM sbtest5 WHERE k BETWEEN 8172398 AND 8172498
	Bitmap Heap Scan on sbtest5  (cost=5.55..437.28 rows=109 width=125)
	  Recheck Cond: ((k >= 8172398) AND (k <= 8172498))
	  ->  Bitmap Index Scan on k_5  (cost=0.00..5.52 rows=109 width=0)
	        Index Cond: ((k >= 8172398) AND (k <= 8172498))

table 6 : explain SELECT k, c FROM sbtest6 WHERE k BETWEEN 8172398 AND 8172498
	Bitmap Heap Scan on sbtest6  (cost=5.47..405.52 rows=101 width=125)
	  Recheck Cond: ((k >= 8172398) AND (k <= 8172498))
	  ->  Bitmap Index Scan on k_6  (cost=0.00..5.44 rows=101 width=0)
	        Index Cond: ((k >= 8172398) AND (k <= 8172498))

table 7 : explain SELECT k, c FROM sbtest7 WHERE k BETWEEN 8172398 AND 8172498
	Bitmap Heap Scan on sbtest7  (cost=5.52..425.16 rows=106 width=125)
	  Recheck Cond: ((k >= 8172398) AND (k <= 8172498))
	  ->  Bitmap Index Scan on k_7  (cost=0.00..5.50 rows=106 width=0)
	        Index Cond: ((k >= 8172398) AND (k <= 8172498))

table 8 : explain SELECT k, c FROM sbtest8 WHERE k BETWEEN 8172398 AND 8172498
	Bitmap Heap Scan on sbtest8  (cost=5.43..389.70 rows=97 width=125)
	  Recheck Cond: ((k >= 8172398) AND (k <= 8172498))
	  ->  Bitmap Index Scan on k_8  (cost=0.00..5.40 rows=97 width=0)
	        Index Cond: ((k >= 8172398) AND (k <= 8172498))

explain: for range-notcovered :: explain SELECT k, c FROM sbtest%d WHERE k BETWEEN 499318 AND 499418
explain: for range-notcovered :: explain SELECT k, c FROM sbtest%d WHERE k BETWEEN 8547191 AND 8547291
explain: for range-notcovered :: explain SELECT k, c FROM sbtest%d WHERE k BETWEEN 8172398 AND 8172498for range-notcovered
table 1 : explain SELECT k, c FROM sbtest1 WHERE k BETWEEN 397393 AND 397493
	Bitmap Heap Scan on sbtest1  (cost=5.44..393.63 rows=98 width=125)
	  Recheck Cond: ((k >= 397393) AND (k <= 397493))
	  ->  Bitmap Index Scan on k_1  (cost=0.00..5.42 rows=98 width=0)
	        Index Cond: ((k >= 397393) AND (k <= 397493))

table 2 : explain SELECT k, c FROM sbtest2 WHERE k BETWEEN 397393 AND 397493
	Bitmap Heap Scan on sbtest2  (cost=5.52..425.19 rows=106 width=125)
	  Recheck Cond: ((k >= 397393) AND (k <= 397493))
	  ->  Bitmap Index Scan on k_2  (cost=0.00..5.50 rows=106 width=0)
	        Index Cond: ((k >= 397393) AND (k <= 397493))

table 3 : explain SELECT k, c FROM sbtest3 WHERE k BETWEEN 397393 AND 397493
	Bitmap Heap Scan on sbtest3  (cost=5.35..358.14 rows=89 width=125)
	  Recheck Cond: ((k >= 397393) AND (k <= 397493))
	  ->  Bitmap Index Scan on k_3  (cost=0.00..5.32 rows=89 width=0)
	        Index Cond: ((k >= 397393) AND (k <= 397493))

table 4 : explain SELECT k, c FROM sbtest4 WHERE k BETWEEN 397393 AND 397493
	Bitmap Heap Scan on sbtest4  (cost=5.40..378.07 rows=94 width=125)
	  Recheck Cond: ((k >= 397393) AND (k <= 397493))
	  ->  Bitmap Index Scan on k_4  (cost=0.00..5.38 rows=94 width=0)
	        Index Cond: ((k >= 397393) AND (k <= 397493))

table 5 : explain SELECT k, c FROM sbtest5 WHERE k BETWEEN 397393 AND 397493
	Bitmap Heap Scan on sbtest5  (cost=5.42..385.97 rows=96 width=125)
	  Recheck Cond: ((k >= 397393) AND (k <= 397493))
	  ->  Bitmap Index Scan on k_5  (cost=0.00..5.39 rows=96 width=0)
	        Index Cond: ((k >= 397393) AND (k <= 397493))

table 6 : explain SELECT k, c FROM sbtest6 WHERE k BETWEEN 397393 AND 397493
	Bitmap Heap Scan on sbtest6  (cost=5.56..441.00 rows=110 width=125)
	  Recheck Cond: ((k >= 397393) AND (k <= 397493))
	  ->  Bitmap Index Scan on k_6  (cost=0.00..5.53 rows=110 width=0)
	        Index Cond: ((k >= 397393) AND (k <= 397493))

table 7 : explain SELECT k, c FROM sbtest7 WHERE k BETWEEN 397393 AND 397493
	Bitmap Heap Scan on sbtest7  (cost=5.46..401.51 rows=100 width=125)
	  Recheck Cond: ((k >= 397393) AND (k <= 397493))
	  ->  Bitmap Index Scan on k_7  (cost=0.00..5.43 rows=100 width=0)
	        Index Cond: ((k >= 397393) AND (k <= 397493))

table 8 : explain SELECT k, c FROM sbtest8 WHERE k BETWEEN 397393 AND 397493
	Bitmap Heap Scan on sbtest8  (cost=5.43..389.70 rows=97 width=125)
	  Recheck Cond: ((k >= 397393) AND (k <= 397493))
	  ->  Bitmap Index Scan on k_8  (cost=0.00..5.40 rows=97 width=0)
	        Index Cond: ((k >= 397393) AND (k <= 397493))


for range-notcovered
table 1 : explain SELECT k, c FROM sbtest1 WHERE k BETWEEN 6132863 AND 6132963
	Bitmap Heap Scan on sbtest1  (cost=5.47..405.46 rows=101 width=125)
	  Recheck Cond: ((k >= 6132863) AND (k <= 6132963))
	  ->  Bitmap Index Scan on k_1  (cost=0.00..5.44 rows=101 width=0)
	        Index Cond: ((k >= 6132863) AND (k <= 6132963))

table 2 : explain SELECT k, c FROM sbtest2 WHERE k BETWEEN 6132863 AND 6132963
	Bitmap Heap Scan on sbtest2  (cost=5.44..393.65 rows=98 width=125)
	  Recheck Cond: ((k >= 6132863) AND (k <= 6132963))
	  ->  Bitmap Index Scan on k_2  (cost=0.00..5.42 rows=98 width=0)
	        Index Cond: ((k >= 6132863) AND (k <= 6132963))

table 3 : explain SELECT k, c FROM sbtest3 WHERE k BETWEEN 6132863 AND 6132963
	Bitmap Heap Scan on sbtest3  (cost=5.49..413.38 rows=103 width=125)
	  Recheck Cond: ((k >= 6132863) AND (k <= 6132963))
	  ->  Bitmap Index Scan on k_3  (cost=0.00..5.46 rows=103 width=0)
	        Index Cond: ((k >= 6132863) AND (k <= 6132963))

table 4 : explain SELECT k, c FROM sbtest4 WHERE k BETWEEN 6132863 AND 6132963
	Bitmap Heap Scan on sbtest4  (cost=5.48..409.66 rows=102 width=125)
	  Recheck Cond: ((k >= 6132863) AND (k <= 6132963))
	  ->  Bitmap Index Scan on k_4  (cost=0.00..5.45 rows=102 width=0)
	        Index Cond: ((k >= 6132863) AND (k <= 6132963))

table 5 : explain SELECT k, c FROM sbtest5 WHERE k BETWEEN 6132863 AND 6132963
	Bitmap Heap Scan on sbtest5  (cost=5.51..421.50 rows=105 width=125)
	  Recheck Cond: ((k >= 6132863) AND (k <= 6132963))
	  ->  Bitmap Index Scan on k_5  (cost=0.00..5.48 rows=105 width=0)
	        Index Cond: ((k >= 6132863) AND (k <= 6132963))

table 6 : explain SELECT k, c FROM sbtest6 WHERE k BETWEEN 6132863 AND 6132963
	Bitmap Heap Scan on sbtest6  (cost=5.50..417.35 rows=104 width=125)
	  Recheck Cond: ((k >= 6132863) AND (k <= 6132963))
	  ->  Bitmap Index Scan on k_6  (cost=0.00..5.47 rows=104 width=0)
	        Index Cond: ((k >= 6132863) AND (k <= 6132963))

table 7 : explain SELECT k, c FROM sbtest7 WHERE k BETWEEN 6132863 AND 6132963
	Bitmap Heap Scan on sbtest7  (cost=5.50..417.28 rows=104 width=125)
	  Recheck Cond: ((k >= 6132863) AND (k <= 6132963))
	  ->  Bitmap Index Scan on k_7  (cost=0.00..5.47 rows=104 width=0)
	        Index Cond: ((k >= 6132863) AND (k <= 6132963))

table 8 : explain SELECT k, c FROM sbtest8 WHERE k BETWEEN 6132863 AND 6132963
	Bitmap Heap Scan on sbtest8  (cost=5.42..385.76 rows=96 width=125)
	  Recheck Cond: ((k >= 6132863) AND (k <= 6132963))
	  ->  Bitmap Index Scan on k_8  (cost=0.00..5.39 rows=96 width=0)
	        Index Cond: ((k >= 6132863) AND (k <= 6132963))

for range-notcovered
table 1 : explain SELECT k, c FROM sbtest1 WHERE k BETWEEN 4019169 AND 4019269
	Bitmap Heap Scan on sbtest1  (cost=5.49..413.35 rows=103 width=125)
	  Recheck Cond: ((k >= 4019169) AND (k <= 4019269))
	  ->  Bitmap Index Scan on k_1  (cost=0.00..5.46 rows=103 width=0)
	        Index Cond: ((k >= 4019169) AND (k <= 4019269))

table 2 : explain SELECT k, c FROM sbtest2 WHERE k BETWEEN 4019169 AND 4019269
	Bitmap Heap Scan on sbtest2  (cost=5.46..401.54 rows=100 width=125)
	  Recheck Cond: ((k >= 4019169) AND (k <= 4019269))
	  ->  Bitmap Index Scan on k_2  (cost=0.00..5.43 rows=100 width=0)
	        Index Cond: ((k >= 4019169) AND (k <= 4019269))

table 3 : explain SELECT k, c FROM sbtest3 WHERE k BETWEEN 4019169 AND 4019269
	Bitmap Heap Scan on sbtest3  (cost=5.56..440.97 rows=110 width=125)
	  Recheck Cond: ((k >= 4019169) AND (k <= 4019269))
	  ->  Bitmap Index Scan on k_3  (cost=0.00..5.53 rows=110 width=0)
	        Index Cond: ((k >= 4019169) AND (k <= 4019269))

table 4 : explain SELECT k, c FROM sbtest4 WHERE k BETWEEN 4019169 AND 4019269
	Bitmap Heap Scan on sbtest4  (cost=5.40..378.07 rows=94 width=125)
	  Recheck Cond: ((k >= 4019169) AND (k <= 4019269))
	  ->  Bitmap Index Scan on k_4  (cost=0.00..5.38 rows=94 width=0)
	        Index Cond: ((k >= 4019169) AND (k <= 4019269))

table 5 : explain SELECT k, c FROM sbtest5 WHERE k BETWEEN 4019169 AND 4019269
	Bitmap Heap Scan on sbtest5  (cost=5.48..409.66 rows=102 width=125)
	  Recheck Cond: ((k >= 4019169) AND (k <= 4019269))
	  ->  Bitmap Index Scan on k_5  (cost=0.00..5.45 rows=102 width=0)
	        Index Cond: ((k >= 4019169) AND (k <= 4019269))

table 6 : explain SELECT k, c FROM sbtest6 WHERE k BETWEEN 4019169 AND 4019269
	Bitmap Heap Scan on sbtest6  (cost=5.43..389.74 rows=97 width=125)
	  Recheck Cond: ((k >= 4019169) AND (k <= 4019269))
	  ->  Bitmap Index Scan on k_6  (cost=0.00..5.40 rows=97 width=0)
	        Index Cond: ((k >= 4019169) AND (k <= 4019269))

table 7 : explain SELECT k, c FROM sbtest7 WHERE k BETWEEN 4019169 AND 4019269
	Bitmap Heap Scan on sbtest7  (cost=5.51..421.22 rows=105 width=125)
	  Recheck Cond: ((k >= 4019169) AND (k <= 4019269))
	  ->  Bitmap Index Scan on k_7  (cost=0.00..5.48 rows=105 width=0)
	        Index Cond: ((k >= 4019169) AND (k <= 4019269))

table 8 : explain SELECT k, c FROM sbtest8 WHERE k BETWEEN 4019169 AND 4019269
	Bitmap Heap Scan on sbtest8  (cost=5.47..405.48 rows=101 width=125)
	  Recheck Cond: ((k >= 4019169) AND (k <= 4019269))
	  ->  Bitmap Index Scan on k_8  (cost=0.00..5.44 rows=101 width=0)
	        Index Cond: ((k >= 4019169) AND (k <= 4019269))

explain: for range-notcovered :: explain SELECT k, c FROM sbtest%d WHERE k BETWEEN 3275438 AND 3275538
explain: for range-notcovered :: explain SELECT k, c FROM sbtest%d WHERE k BETWEEN 397393 AND 397493
explain: for range-notcovered :: explain SELECT k, c FROM sbtest%d WHERE k BETWEEN 6132863 AND 6132963for range-notcovered
table 1 : explain SELECT k, c FROM sbtest1 WHERE k BETWEEN 4324418 AND 4324518
	Bitmap Heap Scan on sbtest1  (cost=5.46..401.52 rows=100 width=125)
	  Recheck Cond: ((k >= 4324418) AND (k <= 4324518))
	  ->  Bitmap Index Scan on k_1  (cost=0.00..5.43 rows=100 width=0)
	        Index Cond: ((k >= 4324418) AND (k <= 4324518))

table 2 : explain SELECT k, c FROM sbtest2 WHERE k BETWEEN 4324418 AND 4324518
	Bitmap Heap Scan on sbtest2  (cost=5.55..437.02 rows=109 width=125)
	  Recheck Cond: ((k >= 4324418) AND (k <= 4324518))
	  ->  Bitmap Index Scan on k_2  (cost=0.00..5.52 rows=109 width=0)
	        Index Cond: ((k >= 4324418) AND (k <= 4324518))

table 3 : explain SELECT k, c FROM sbtest3 WHERE k BETWEEN 4324418 AND 4324518
	Bitmap Heap Scan on sbtest3  (cost=5.51..421.27 rows=105 width=125)
	  Recheck Cond: ((k >= 4324418) AND (k <= 4324518))
	  ->  Bitmap Index Scan on k_3  (cost=0.00..5.48 rows=105 width=0)
	        Index Cond: ((k >= 4324418) AND (k <= 4324518))

table 4 : explain SELECT k, c FROM sbtest4 WHERE k BETWEEN 4324418 AND 4324518
	Bitmap Heap Scan on sbtest4  (cost=5.52..425.44 rows=106 width=125)
	  Recheck Cond: ((k >= 4324418) AND (k <= 4324518))
	  ->  Bitmap Index Scan on k_4  (cost=0.00..5.50 rows=106 width=0)
	        Index Cond: ((k >= 4324418) AND (k <= 4324518))

table 5 : explain SELECT k, c FROM sbtest5 WHERE k BETWEEN 4324418 AND 4324518
	Bitmap Heap Scan on sbtest5  (cost=5.43..389.92 rows=97 width=125)
	  Recheck Cond: ((k >= 4324418) AND (k <= 4324518))
	  ->  Bitmap Index Scan on k_5  (cost=0.00..5.40 rows=97 width=0)
	        Index Cond: ((k >= 4324418) AND (k <= 4324518))

table 6 : explain SELECT k, c FROM sbtest6 WHERE k BETWEEN 4324418 AND 4324518
	Bitmap Heap Scan on sbtest6  (cost=5.49..413.40 rows=103 width=125)
	  Recheck Cond: ((k >= 4324418) AND (k <= 4324518))
	  ->  Bitmap Index Scan on k_6  (cost=0.00..5.46 rows=103 width=0)
	        Index Cond: ((k >= 4324418) AND (k <= 4324518))

table 7 : explain SELECT k, c FROM sbtest7 WHERE k BETWEEN 4324418 AND 4324518
	Bitmap Heap Scan on sbtest7  (cost=5.34..354.16 rows=88 width=125)
	  Recheck Cond: ((k >= 4324418) AND (k <= 4324518))
	  ->  Bitmap Index Scan on k_7  (cost=0.00..5.31 rows=88 width=0)
	        Index Cond: ((k >= 4324418) AND (k <= 4324518))

table 8 : explain SELECT k, c FROM sbtest8 WHERE k BETWEEN 4324418 AND 4324518
	Bitmap Heap Scan on sbtest8  (cost=5.52..425.19 rows=106 width=125)
	  Recheck Cond: ((k >= 4324418) AND (k <= 4324518))
	  ->  Bitmap Index Scan on k_8  (cost=0.00..5.50 rows=106 width=0)
	        Index Cond: ((k >= 4324418) AND (k <= 4324518))

for range-notcovered
table 1 : explain SELECT k, c FROM sbtest1 WHERE k BETWEEN 9039001 AND 9039101
	Bitmap Heap Scan on sbtest1  (cost=5.53..429.12 rows=107 width=125)
	  Recheck Cond: ((k >= 9039001) AND (k <= 9039101))
	  ->  Bitmap Index Scan on k_1  (cost=0.00..5.50 rows=107 width=0)
	        Index Cond: ((k >= 9039001) AND (k <= 9039101))

table 2 : explain SELECT k, c FROM sbtest2 WHERE k BETWEEN 9039001 AND 9039101
	Bitmap Heap Scan on sbtest2  (cost=5.53..429.14 rows=107 width=125)
	  Recheck Cond: ((k >= 9039001) AND (k <= 9039101))
	  ->  Bitmap Index Scan on k_2  (cost=0.00..5.50 rows=107 width=0)
	        Index Cond: ((k >= 9039001) AND (k <= 9039101))

table 3 : explain SELECT k, c FROM sbtest3 WHERE k BETWEEN 9039001 AND 9039101
	Bitmap Heap Scan on sbtest3  (cost=5.52..425.21 rows=106 width=125)
	  Recheck Cond: ((k >= 9039001) AND (k <= 9039101))
	  ->  Bitmap Index Scan on k_3  (cost=0.00..5.50 rows=106 width=0)
	        Index Cond: ((k >= 9039001) AND (k <= 9039101))

table 4 : explain SELECT k, c FROM sbtest4 WHERE k BETWEEN 9039001 AND 9039101
	Bitmap Heap Scan on sbtest4  (cost=5.42..385.97 rows=96 width=125)
	  Recheck Cond: ((k >= 9039001) AND (k <= 9039101))
	  ->  Bitmap Index Scan on k_4  (cost=0.00..5.39 rows=96 width=0)
	        Index Cond: ((k >= 9039001) AND (k <= 9039101))

table 5 : explain SELECT k, c FROM sbtest5 WHERE k BETWEEN 9039001 AND 9039101
	Bitmap Heap Scan on sbtest5  (cost=5.52..425.44 rows=106 width=125)
	  Recheck Cond: ((k >= 9039001) AND (k <= 9039101))
	  ->  Bitmap Index Scan on k_5  (cost=0.00..5.50 rows=106 width=0)
	        Index Cond: ((k >= 9039001) AND (k <= 9039101))

table 6 : explain SELECT k, c FROM sbtest6 WHERE k BETWEEN 9039001 AND 9039101
	Bitmap Heap Scan on sbtest6  (cost=5.45..397.63 rows=99 width=125)
	  Recheck Cond: ((k >= 9039001) AND (k <= 9039101))
	  ->  Bitmap Index Scan on k_6  (cost=0.00..5.42 rows=99 width=0)
	        Index Cond: ((k >= 9039001) AND (k <= 9039101))

table 7 : explain SELECT k, c FROM sbtest7 WHERE k BETWEEN 9039001 AND 9039101
	Bitmap Heap Scan on sbtest7  (cost=5.52..425.16 rows=106 width=125)
	  Recheck Cond: ((k >= 9039001) AND (k <= 9039101))
	  ->  Bitmap Index Scan on k_7  (cost=0.00..5.50 rows=106 width=0)
	        Index Cond: ((k >= 9039001) AND (k <= 9039101))

table 8 : explain SELECT k, c FROM sbtest8 WHERE k BETWEEN 9039001 AND 9039101
	Bitmap Heap Scan on sbtest8  (cost=5.46..401.53 rows=100 width=125)
	  Recheck Cond: ((k >= 9039001) AND (k <= 9039101))
	  ->  Bitmap Index Scan on k_8  (cost=0.00..5.43 rows=100 width=0)
	        Index Cond: ((k >= 9039001) AND (k <= 9039101))

explain: for range-notcovered :: explain SELECT k, c FROM sbtest%d WHERE k BETWEEN 4019169 AND 4019269
for range-notcovered
table 1 : explain SELECT k, c FROM sbtest1 WHERE k BETWEEN 5977647 AND 5977747
	Bitmap Heap Scan on sbtest1  (cost=5.41..381.80 rows=95 width=125)
	  Recheck Cond: ((k >= 5977647) AND (k <= 5977747))
	  ->  Bitmap Index Scan on k_1  (cost=0.00..5.38 rows=95 width=0)
	        Index Cond: ((k >= 5977647) AND (k <= 5977747))

table 2 : explain SELECT k, c FROM sbtest2 WHERE k BETWEEN 5977647 AND 5977747
	Bitmap Heap Scan on sbtest2  (cost=5.36..362.08 rows=90 width=125)
	  Recheck Cond: ((k >= 5977647) AND (k <= 5977747))
	  ->  Bitmap Index Scan on k_2  (cost=0.00..5.33 rows=90 width=0)
	        Index Cond: ((k >= 5977647) AND (k <= 5977747))

table 3 : explain SELECT k, c FROM sbtest3 WHERE k BETWEEN 5977647 AND 5977747
	Bitmap Heap Scan on sbtest3  (cost=5.52..425.21 rows=106 width=125)
	  Recheck Cond: ((k >= 5977647) AND (k <= 5977747))
	  ->  Bitmap Index Scan on k_3  (cost=0.00..5.50 rows=106 width=0)
	        Index Cond: ((k >= 5977647) AND (k <= 5977747))

table 4 : explain SELECT k, c FROM sbtest4 WHERE k BETWEEN 5977647 AND 5977747
	Bitmap Heap Scan on sbtest4  (cost=5.51..421.50 rows=105 width=125)
	  Recheck Cond: ((k >= 5977647) AND (k <= 5977747))
	  ->  Bitmap Index Scan on k_4  (cost=0.00..5.48 rows=105 width=0)
	        Index Cond: ((k >= 5977647) AND (k <= 5977747))

table 5 : explain SELECT k, c FROM sbtest5 WHERE k BETWEEN 5977647 AND 5977747
	Bitmap Heap Scan on sbtest5  (cost=5.57..445.16 rows=111 width=125)
	  Recheck Cond: ((k >= 5977647) AND (k <= 5977747))
	  ->  Bitmap Index Scan on k_5  (cost=0.00..5.54 rows=111 width=0)
	        Index Cond: ((k >= 5977647) AND (k <= 5977747))

table 6 : explain SELECT k, c FROM sbtest6 WHERE k BETWEEN 5977647 AND 5977747
	Bitmap Heap Scan on sbtest6  (cost=5.56..441.00 rows=110 width=125)
	  Recheck Cond: ((k >= 5977647) AND (k <= 5977747))
	  ->  Bitmap Index Scan on k_6  (cost=0.00..5.53 rows=110 width=0)
	        Index Cond: ((k >= 5977647) AND (k <= 5977747))

table 7 : explain SELECT k, c FROM sbtest7 WHERE k BETWEEN 5977647 AND 5977747
	Bitmap Heap Scan on sbtest7  (cost=5.50..417.28 rows=104 width=125)
	  Recheck Cond: ((k >= 5977647) AND (k <= 5977747))
	  ->  Bitmap Index Scan on k_7  (cost=0.00..5.47 rows=104 width=0)
	        Index Cond: ((k >= 5977647) AND (k <= 5977747))

table 8 : explain SELECT k, c FROM sbtest8 WHERE k BETWEEN 5977647 AND 5977747
	Bitmap Heap Scan on sbtest8  (cost=5.53..429.13 rows=107 width=125)
	  Recheck Cond: ((k >= 5977647) AND (k <= 5977747))
	  ->  Bitmap Index Scan on k_8  (cost=0.00..5.50 rows=107 width=0)
	        Index Cond: ((k >= 5977647) AND (k <= 5977747))

for range-notcovered
table 1 : explain SELECT k, c FROM sbtest1 WHERE k BETWEEN 5712429 AND 5712529
	Bitmap Heap Scan on sbtest1  (cost=5.52..425.18 rows=106 width=125)
	  Recheck Cond: ((k >= 5712429) AND (k <= 5712529))
	  ->  Bitmap Index Scan on k_1  (cost=0.00..5.50 rows=106 width=0)
	        Index Cond: ((k >= 5712429) AND (k <= 5712529))

table 2 : explain SELECT k, c FROM sbtest2 WHERE k BETWEEN 5712429 AND 5712529
	Bitmap Heap Scan on sbtest2  (cost=5.47..405.48 rows=101 width=125)
	  Recheck Cond: ((k >= 5712429) AND (k <= 5712529))
	  ->  Bitmap Index Scan on k_2  (cost=0.00..5.44 rows=101 width=0)
	        Index Cond: ((k >= 5712429) AND (k <= 5712529))

table 3 : explain SELECT k, c FROM sbtest3 WHERE k BETWEEN 5712429 AND 5712529
	Bitmap Heap Scan on sbtest3  (cost=5.50..417.32 rows=104 width=125)
	  Recheck Cond: ((k >= 5712429) AND (k <= 5712529))
	  ->  Bitmap Index Scan on k_3  (cost=0.00..5.47 rows=104 width=0)
	        Index Cond: ((k >= 5712429) AND (k <= 5712529))

table 4 : explain SELECT k, c FROM sbtest4 WHERE k BETWEEN 5712429 AND 5712529
	Bitmap Heap Scan on sbtest4  (cost=5.48..409.66 rows=102 width=125)
	  Recheck Cond: ((k >= 5712429) AND (k <= 5712529))
	  ->  Bitmap Index Scan on k_4  (cost=0.00..5.45 rows=102 width=0)
	        Index Cond: ((k >= 5712429) AND (k <= 5712529))

table 5 : explain SELECT k, c FROM sbtest5 WHERE k BETWEEN 5712429 AND 5712529
	Bitmap Heap Scan on sbtest5  (cost=5.37..366.22 rows=91 width=125)
	  Recheck Cond: ((k >= 5712429) AND (k <= 5712529))
	  ->  Bitmap Index Scan on k_5  (cost=0.00..5.34 rows=91 width=0)
	        Index Cond: ((k >= 5712429) AND (k <= 5712529))

table 6 : explain SELECT k, c FROM sbtest6 WHERE k BETWEEN 5712429 AND 5712529
	Bitmap Heap Scan on sbtest6  (cost=5.50..417.35 rows=104 width=125)
	  Recheck Cond: ((k >= 5712429) AND (k <= 5712529))
	  ->  Bitmap Index Scan on k_6  (cost=0.00..5.47 rows=104 width=0)
	        Index Cond: ((k >= 5712429) AND (k <= 5712529))

table 7 : explain SELECT k, c FROM sbtest7 WHERE k BETWEEN 5712429 AND 5712529
	Bitmap Heap Scan on sbtest7  (cost=5.49..413.34 rows=103 width=125)
	  Recheck Cond: ((k >= 5712429) AND (k <= 5712529))
	  ->  Bitmap Index Scan on k_7  (cost=0.00..5.46 rows=103 width=0)
	        Index Cond: ((k >= 5712429) AND (k <= 5712529))

table 8 : explain SELECT k, c FROM sbtest8 WHERE k BETWEEN 5712429 AND 5712529
	Bitmap Heap Scan on sbtest8  (cost=5.50..417.31 rows=104 width=125)
	  Recheck Cond: ((k >= 5712429) AND (k <= 5712529))
	  ->  Bitmap Index Scan on k_8  (cost=0.00..5.47 rows=104 width=0)
	        Index Cond: ((k >= 5712429) AND (k <= 5712529))

explain: for range-notcovered :: explain SELECT k, c FROM sbtest%d WHERE k BETWEEN 4324418 AND 4324518
explain: for range-notcovered :: explain SELECT k, c FROM sbtest%d WHERE k BETWEEN 9039001 AND 9039101for range-notcovered
table 1 : explain SELECT k, c FROM sbtest1 WHERE k BETWEEN 4813597 AND 4813697
	Bitmap Heap Scan on sbtest1  (cost=5.47..405.46 rows=101 width=125)
	  Recheck Cond: ((k >= 4813597) AND (k <= 4813697))
	  ->  Bitmap Index Scan on k_1  (cost=0.00..5.44 rows=101 width=0)
	        Index Cond: ((k >= 4813597) AND (k <= 4813697))

table 2 : explain SELECT k, c FROM sbtest2 WHERE k BETWEEN 4813597 AND 4813697
	Bitmap Heap Scan on sbtest2  (cost=5.45..397.59 rows=99 width=125)
	  Recheck Cond: ((k >= 4813597) AND (k <= 4813697))
	  ->  Bitmap Index Scan on k_2  (cost=0.00..5.42 rows=99 width=0)
	        Index Cond: ((k >= 4813597) AND (k <= 4813697))

table 3 : explain SELECT k, c FROM sbtest3 WHERE k BETWEEN 4813597 AND 4813697
	Bitmap Heap Scan on sbtest3  (cost=5.48..409.44 rows=102 width=125)
	  Recheck Cond: ((k >= 4813597) AND (k <= 4813697))
	  ->  Bitmap Index Scan on k_3  (cost=0.00..5.45 rows=102 width=0)
	        Index Cond: ((k >= 4813597) AND (k <= 4813697))

table 4 : explain SELECT k, c FROM sbtest4 WHERE k BETWEEN 4813597 AND 4813697
	Bitmap Heap Scan on sbtest4  (cost=5.41..382.02 rows=95 width=125)
	  Recheck Cond: ((k >= 4813597) AND (k <= 4813697))
	  ->  Bitmap Index Scan on k_4  (cost=0.00..5.38 rows=95 width=0)
	        Index Cond: ((k >= 4813597) AND (k <= 4813697))

table 5 : explain SELECT k, c FROM sbtest5 WHERE k BETWEEN 4813597 AND 4813697
	Bitmap Heap Scan on sbtest5  (cost=5.50..417.55 rows=104 width=125)
	  Recheck Cond: ((k >= 4813597) AND (k <= 4813697))
	  ->  Bitmap Index Scan on k_5  (cost=0.00..5.47 rows=104 width=0)
	        Index Cond: ((k >= 4813597) AND (k <= 4813697))

table 6 : explain SELECT k, c FROM sbtest6 WHERE k BETWEEN 4813597 AND 4813697
	Bitmap Heap Scan on sbtest6  (cost=5.45..397.63 rows=99 width=125)
	  Recheck Cond: ((k >= 4813597) AND (k <= 4813697))
	  ->  Bitmap Index Scan on k_6  (cost=0.00..5.42 rows=99 width=0)
	        Index Cond: ((k >= 4813597) AND (k <= 4813697))

table 7 : explain SELECT k, c FROM sbtest7 WHERE k BETWEEN 4813597 AND 4813697
	Bitmap Heap Scan on sbtest7  (cost=5.50..417.28 rows=104 width=125)
	  Recheck Cond: ((k >= 4813597) AND (k <= 4813697))
	  ->  Bitmap Index Scan on k_7  (cost=0.00..5.47 rows=104 width=0)
	        Index Cond: ((k >= 4813597) AND (k <= 4813697))

table 8 : explain SELECT k, c FROM sbtest8 WHERE k BETWEEN 4813597 AND 4813697
	Bitmap Heap Scan on sbtest8  (cost=5.38..369.97 rows=92 width=125)
	  Recheck Cond: ((k >= 4813597) AND (k <= 4813697))
	  ->  Bitmap Index Scan on k_8  (cost=0.00..5.35 rows=92 width=0)
	        Index Cond: ((k >= 4813597) AND (k <= 4813697))



explain: for range-notcovered :: explain SELECT k, c FROM sbtest%d WHERE k BETWEEN 5977647 AND 5977747
explain: for range-notcovered :: explain SELECT k, c FROM sbtest%d WHERE k BETWEEN 5712429 AND 5712529
explain: for range-notcovered :: explain SELECT k, c FROM sbtest%d WHERE k BETWEEN 4813597 AND 4813697
for range-notcovered
table 1 : explain SELECT k, c FROM sbtest1 WHERE k BETWEEN 4414696 AND 4414796
	Bitmap Heap Scan on sbtest1  (cost=5.54..433.06 rows=108 width=125)
	  Recheck Cond: ((k >= 4414696) AND (k <= 4414796))
	  ->  Bitmap Index Scan on k_1  (cost=0.00..5.51 rows=108 width=0)
	        Index Cond: ((k >= 4414696) AND (k <= 4414796))

table 2 : explain SELECT k, c FROM sbtest2 WHERE k BETWEEN 4414696 AND 4414796
	Bitmap Heap Scan on sbtest2  (cost=5.54..433.08 rows=108 width=125)
	  Recheck Cond: ((k >= 4414696) AND (k <= 4414796))
	  ->  Bitmap Index Scan on k_2  (cost=0.00..5.51 rows=108 width=0)
	        Index Cond: ((k >= 4414696) AND (k <= 4414796))

table 3 : explain SELECT k, c FROM sbtest3 WHERE k BETWEEN 4414696 AND 4414796
	Bitmap Heap Scan on sbtest3  (cost=5.46..401.55 rows=100 width=125)
	  Recheck Cond: ((k >= 4414696) AND (k <= 4414796))
	  ->  Bitmap Index Scan on k_3  (cost=0.00..5.43 rows=100 width=0)
	        Index Cond: ((k >= 4414696) AND (k <= 4414796))

table 4 : explain SELECT k, c FROM sbtest4 WHERE k BETWEEN 4414696 AND 4414796
	Bitmap Heap Scan on sbtest4  (cost=5.49..413.60 rows=103 width=125)
	  Recheck Cond: ((k >= 4414696) AND (k <= 4414796))
	  ->  Bitmap Index Scan on k_4  (cost=0.00..5.46 rows=103 width=0)
	        Index Cond: ((k >= 4414696) AND (k <= 4414796))

table 5 : explain SELECT k, c FROM sbtest5 WHERE k BETWEEN 4414696 AND 4414796
	Bitmap Heap Scan on sbtest5  (cost=5.56..441.22 rows=110 width=125)
	  Recheck Cond: ((k >= 4414696) AND (k <= 4414796))
	  ->  Bitmap Index Scan on k_5  (cost=0.00..5.53 rows=110 width=0)
	        Index Cond: ((k >= 4414696) AND (k <= 4414796))

table 6 : explain SELECT k, c FROM sbtest6 WHERE k BETWEEN 4414696 AND 4414796
	Bitmap Heap Scan on sbtest6  (cost=5.50..417.35 rows=104 width=125)
	  Recheck Cond: ((k >= 4414696) AND (k <= 4414796))
	  ->  Bitmap Index Scan on k_6  (cost=0.00..5.47 rows=104 width=0)
	        Index Cond: ((k >= 4414696) AND (k <= 4414796))

table 7 : explain SELECT k, c FROM sbtest7 WHERE k BETWEEN 4414696 AND 4414796
	Bitmap Heap Scan on sbtest7  (cost=5.34..354.16 rows=88 width=125)
	  Recheck Cond: ((k >= 4414696) AND (k <= 4414796))
	  ->  Bitmap Index Scan on k_7  (cost=0.00..5.31 rows=88 width=0)
	        Index Cond: ((k >= 4414696) AND (k <= 4414796))

table 8 : explain SELECT k, c FROM sbtest8 WHERE k BETWEEN 4414696 AND 4414796
	Bitmap Heap Scan on sbtest8  (cost=5.51..421.25 rows=105 width=125)
	  Recheck Cond: ((k >= 4414696) AND (k <= 4414796))
	  ->  Bitmap Index Scan on k_8  (cost=0.00..5.48 rows=105 width=0)
	        Index Cond: ((k >= 4414696) AND (k <= 4414796))

for range-notcovered
table 1 : explain SELECT k, c FROM sbtest1 WHERE k BETWEEN 2531241 AND 2531341
	Bitmap Heap Scan on sbtest1  (cost=5.51..421.23 rows=105 width=125)
	  Recheck Cond: ((k >= 2531241) AND (k <= 2531341))
	  ->  Bitmap Index Scan on k_1  (cost=0.00..5.48 rows=105 width=0)
	        Index Cond: ((k >= 2531241) AND (k <= 2531341))

table 2 : explain SELECT k, c FROM sbtest2 WHERE k BETWEEN 2531241 AND 2531341
	Bitmap Heap Scan on sbtest2  (cost=5.50..417.31 rows=104 width=125)
	  Recheck Cond: ((k >= 2531241) AND (k <= 2531341))
	  ->  Bitmap Index Scan on k_2  (cost=0.00..5.47 rows=104 width=0)
	        Index Cond: ((k >= 2531241) AND (k <= 2531341))

table 3 : explain SELECT k, c FROM sbtest3 WHERE k BETWEEN 2531241 AND 2531341
	Bitmap Heap Scan on sbtest3  (cost=5.45..397.61 rows=99 width=125)
	  Recheck Cond: ((k >= 2531241) AND (k <= 2531341))
	  ->  Bitmap Index Scan on k_3  (cost=0.00..5.42 rows=99 width=0)
	        Index Cond: ((k >= 2531241) AND (k <= 2531341))

table 4 : explain SELECT k, c FROM sbtest4 WHERE k BETWEEN 2531241 AND 2531341
	Bitmap Heap Scan on sbtest4  (cost=5.47..405.71 rows=101 width=125)
	  Recheck Cond: ((k >= 2531241) AND (k <= 2531341))
	  ->  Bitmap Index Scan on k_4  (cost=0.00..5.44 rows=101 width=0)
	        Index Cond: ((k >= 2531241) AND (k <= 2531341))

table 5 : explain SELECT k, c FROM sbtest5 WHERE k BETWEEN 2531241 AND 2531341
	Bitmap Heap Scan on sbtest5  (cost=5.49..413.61 rows=103 width=125)
	  Recheck Cond: ((k >= 2531241) AND (k <= 2531341))
	  ->  Bitmap Index Scan on k_5  (cost=0.00..5.46 rows=103 width=0)
	        Index Cond: ((k >= 2531241) AND (k <= 2531341))

table 6 : explain SELECT k, c FROM sbtest6 WHERE k BETWEEN 2531241 AND 2531341
	Bitmap Heap Scan on sbtest6  (cost=5.44..393.68 rows=98 width=125)
	  Recheck Cond: ((k >= 2531241) AND (k <= 2531341))
	  ->  Bitmap Index Scan on k_6  (cost=0.00..5.42 rows=98 width=0)
	        Index Cond: ((k >= 2531241) AND (k <= 2531341))

table 7 : explain SELECT k, c FROM sbtest7 WHERE k BETWEEN 2531241 AND 2531341
	Bitmap Heap Scan on sbtest7  (cost=5.41..381.79 rows=95 width=125)
	  Recheck Cond: ((k >= 2531241) AND (k <= 2531341))
	  ->  Bitmap Index Scan on k_7  (cost=0.00..5.38 rows=95 width=0)
	        Index Cond: ((k >= 2531241) AND (k <= 2531341))

table 8 : explain SELECT k, c FROM sbtest8 WHERE k BETWEEN 2531241 AND 2531341
	Bitmap Heap Scan on sbtest8  (cost=5.43..389.70 rows=97 width=125)
	  Recheck Cond: ((k >= 2531241) AND (k <= 2531341))
	  ->  Bitmap Index Scan on k_8  (cost=0.00..5.40 rows=97 width=0)
	        Index Cond: ((k >= 2531241) AND (k <= 2531341))

for range-notcovered
table 1 : explain SELECT k, c FROM sbtest1 WHERE k BETWEEN 1338578 AND 1338678
	Bitmap Heap Scan on sbtest1  (cost=5.46..401.52 rows=100 width=125)
	  Recheck Cond: ((k >= 1338578) AND (k <= 1338678))
	  ->  Bitmap Index Scan on k_1  (cost=0.00..5.43 rows=100 width=0)
	        Index Cond: ((k >= 1338578) AND (k <= 1338678))

table 2 : explain SELECT k, c FROM sbtest2 WHERE k BETWEEN 1338578 AND 1338678
	Bitmap Heap Scan on sbtest2  (cost=5.53..429.14 rows=107 width=125)
	  Recheck Cond: ((k >= 1338578) AND (k <= 1338678))
	  ->  Bitmap Index Scan on k_2  (cost=0.00..5.50 rows=107 width=0)
	        Index Cond: ((k >= 1338578) AND (k <= 1338678))

table 3 : explain SELECT k, c FROM sbtest3 WHERE k BETWEEN 1338578 AND 1338678
	Bitmap Heap Scan on sbtest3  (cost=5.62..464.61 rows=116 width=125)
	  Recheck Cond: ((k >= 1338578) AND (k <= 1338678))
	  ->  Bitmap Index Scan on k_3  (cost=0.00..5.59 rows=116 width=0)
	        Index Cond: ((k >= 1338578) AND (k <= 1338678))

table 4 : explain SELECT k, c FROM sbtest4 WHERE k BETWEEN 1338578 AND 1338678
	Bitmap Heap Scan on sbtest4  (cost=5.53..429.39 rows=107 width=125)
	  Recheck Cond: ((k >= 1338578) AND (k <= 1338678))
	  ->  Bitmap Index Scan on k_4  (cost=0.00..5.50 rows=107 width=0)
	        Index Cond: ((k >= 1338578) AND (k <= 1338678))

table 5 : explain SELECT k, c FROM sbtest5 WHERE k BETWEEN 1338578 AND 1338678
	Bitmap Heap Scan on sbtest5  (cost=5.45..397.82 rows=99 width=125)
	  Recheck Cond: ((k >= 1338578) AND (k <= 1338678))
	  ->  Bitmap Index Scan on k_5  (cost=0.00..5.42 rows=99 width=0)
	        Index Cond: ((k >= 1338578) AND (k <= 1338678))

table 6 : explain SELECT k, c FROM sbtest6 WHERE k BETWEEN 1338578 AND 1338678
	Bitmap Heap Scan on sbtest6  (cost=5.52..425.23 rows=106 width=125)
	  Recheck Cond: ((k >= 1338578) AND (k <= 1338678))
	  ->  Bitmap Index Scan on k_6  (cost=0.00..5.50 rows=106 width=0)
	        Index Cond: ((k >= 1338578) AND (k <= 1338678))

table 7 : explain SELECT k, c FROM sbtest7 WHERE k BETWEEN 1338578 AND 1338678
	Bitmap Heap Scan on sbtest7  (cost=5.46..401.51 rows=100 width=125)
	  Recheck Cond: ((k >= 1338578) AND (k <= 1338678))
	  ->  Bitmap Index Scan on k_7  (cost=0.00..5.43 rows=100 width=0)
	        Index Cond: ((k >= 1338578) AND (k <= 1338678))

table 8 : explain SELECT k, c FROM sbtest8 WHERE k BETWEEN 1338578 AND 1338678
	Bitmap Heap Scan on sbtest8  (cost=5.53..429.13 rows=107 width=125)
	  Recheck Cond: ((k >= 1338578) AND (k <= 1338678))
	  ->  Bitmap Index Scan on k_8  (cost=0.00..5.50 rows=107 width=0)
	        Index Cond: ((k >= 1338578) AND (k <= 1338678))

for range-notcovered
table 1 : explain SELECT k, c FROM sbtest1 WHERE k BETWEEN 2295299 AND 2295399
	Bitmap Heap Scan on sbtest1  (cost=5.44..393.63 rows=98 width=125)
	  Recheck Cond: ((k >= 2295299) AND (k <= 2295399))
	  ->  Bitmap Index Scan on k_1  (cost=0.00..5.42 rows=98 width=0)
	        Index Cond: ((k >= 2295299) AND (k <= 2295399))

table 2 : explain SELECT k, c FROM sbtest2 WHERE k BETWEEN 2295299 AND 2295399
	Bitmap Heap Scan on sbtest2  (cost=5.40..377.87 rows=94 width=125)
	  Recheck Cond: ((k >= 2295299) AND (k <= 2295399))
	  ->  Bitmap Index Scan on k_2  (cost=0.00..5.38 rows=94 width=0)
	        Index Cond: ((k >= 2295299) AND (k <= 2295399))

table 3 : explain SELECT k, c FROM sbtest3 WHERE k BETWEEN 2295299 AND 2295399
	Bitmap Heap Scan on sbtest3  (cost=5.55..437.03 rows=109 width=125)
	  Recheck Cond: ((k >= 2295299) AND (k <= 2295399))
	  ->  Bitmap Index Scan on k_3  (cost=0.00..5.52 rows=109 width=0)
	        Index Cond: ((k >= 2295299) AND (k <= 2295399))

table 4 : explain SELECT k, c FROM sbtest4 WHERE k BETWEEN 2295299 AND 2295399
	Bitmap Heap Scan on sbtest4  (cost=5.44..393.87 rows=98 width=125)
	  Recheck Cond: ((k >= 2295299) AND (k <= 2295399))
	  ->  Bitmap Index Scan on k_4  (cost=0.00..5.42 rows=98 width=0)
	        Index Cond: ((k >= 2295299) AND (k <= 2295399))

table 5 : explain SELECT k, c FROM sbtest5 WHERE k BETWEEN 2295299 AND 2295399
	Bitmap Heap Scan on sbtest5  (cost=5.47..405.71 rows=101 width=125)
	  Recheck Cond: ((k >= 2295299) AND (k <= 2295399))
	  ->  Bitmap Index Scan on k_5  (cost=0.00..5.44 rows=101 width=0)
	        Index Cond: ((k >= 2295299) AND (k <= 2295399))

table 6 : explain SELECT k, c FROM sbtest6 WHERE k BETWEEN 2295299 AND 2295399
	Bitmap Heap Scan on sbtest6  (cost=5.48..409.46 rows=102 width=125)
	  Recheck Cond: ((k >= 2295299) AND (k <= 2295399))
	  ->  Bitmap Index Scan on k_6  (cost=0.00..5.45 rows=102 width=0)
	        Index Cond: ((k >= 2295299) AND (k <= 2295399))

table 7 : explain SELECT k, c FROM sbtest7 WHERE k BETWEEN 2295299 AND 2295399
	Bitmap Heap Scan on sbtest7  (cost=5.44..393.62 rows=98 width=125)
	  Recheck Cond: ((k >= 2295299) AND (k <= 2295399))
	  ->  Bitmap Index Scan on k_7  (cost=0.00..5.42 rows=98 width=0)
	        Index Cond: ((k >= 2295299) AND (k <= 2295399))

table 8 : explain SELECT k, c FROM sbtest8 WHERE k BETWEEN 2295299 AND 2295399
	Bitmap Heap Scan on sbtest8  (cost=5.61..460.65 rows=115 width=125)
	  Recheck Cond: ((k >= 2295299) AND (k <= 2295399))
	  ->  Bitmap Index Scan on k_8  (cost=0.00..5.58 rows=115 width=0)
	        Index Cond: ((k >= 2295299) AND (k <= 2295399))

for range-notcovered
table 1 : explain SELECT k, c FROM sbtest1 WHERE k BETWEEN 7876412 AND 7876512
	Bitmap Heap Scan on sbtest1  (cost=5.42..385.74 rows=96 width=125)
	  Recheck Cond: ((k >= 7876412) AND (k <= 7876512))
	  ->  Bitmap Index Scan on k_1  (cost=0.00..5.39 rows=96 width=0)
	        Index Cond: ((k >= 7876412) AND (k <= 7876512))

table 2 : explain SELECT k, c FROM sbtest2 WHERE k BETWEEN 7876412 AND 7876512
	Bitmap Heap Scan on sbtest2  (cost=5.48..409.43 rows=102 width=125)
	  Recheck Cond: ((k >= 7876412) AND (k <= 7876512))
	  ->  Bitmap Index Scan on k_2  (cost=0.00..5.45 rows=102 width=0)
	        Index Cond: ((k >= 7876412) AND (k <= 7876512))

table 3 : explain SELECT k, c FROM sbtest3 WHERE k BETWEEN 7876412 AND 7876512
	Bitmap Heap Scan on sbtest3  (cost=5.44..393.66 rows=98 width=125)
	  Recheck Cond: ((k >= 7876412) AND (k <= 7876512))
	  ->  Bitmap Index Scan on k_3  (cost=0.00..5.42 rows=98 width=0)
	        Index Cond: ((k >= 7876412) AND (k <= 7876512))

table 4 : explain SELECT k, c FROM sbtest4 WHERE k BETWEEN 7876412 AND 7876512
	Bitmap Heap Scan on sbtest4  (cost=5.49..413.60 rows=103 width=125)
	  Recheck Cond: ((k >= 7876412) AND (k <= 7876512))
	  ->  Bitmap Index Scan on k_4  (cost=0.00..5.46 rows=103 width=0)
	        Index Cond: ((k >= 7876412) AND (k <= 7876512))

table 5 : explain SELECT k, c FROM sbtest5 WHERE k BETWEEN 7876412 AND 7876512
	Bitmap Heap Scan on sbtest5  (cost=5.62..464.87 rows=116 width=125)
	  Recheck Cond: ((k >= 7876412) AND (k <= 7876512))
	  ->  Bitmap Index Scan on k_5  (cost=0.00..5.59 rows=116 width=0)
	        Index Cond: ((k >= 7876412) AND (k <= 7876512))

table 6 : explain SELECT k, c FROM sbtest6 WHERE k BETWEEN 7876412 AND 7876512
	Bitmap Heap Scan on sbtest6  (cost=5.51..421.29 rows=105 width=125)
	  Recheck Cond: ((k >= 7876412) AND (k <= 7876512))
	  ->  Bitmap Index Scan on k_6  (cost=0.00..5.48 rows=105 width=0)
	        Index Cond: ((k >= 7876412) AND (k <= 7876512))

table 7 : explain SELECT k, c FROM sbtest7 WHERE k BETWEEN 7876412 AND 7876512
	Bitmap Heap Scan on sbtest7  (cost=5.54..433.05 rows=108 width=125)
	  Recheck Cond: ((k >= 7876412) AND (k <= 7876512))
	  ->  Bitmap Index Scan on k_7  (cost=0.00..5.51 rows=108 width=0)
	        Index Cond: ((k >= 7876412) AND (k <= 7876512))

table 8 : explain SELECT k, c FROM sbtest8 WHERE k BETWEEN 7876412 AND 7876512
	Bitmap Heap Scan on sbtest8  (cost=5.59..452.77 rows=113 width=125)
	  Recheck Cond: ((k >= 7876412) AND (k <= 7876512))
	  ->  Bitmap Index Scan on k_8  (cost=0.00..5.56 rows=113 width=0)
	        Index Cond: ((k >= 7876412) AND (k <= 7876512))

explain: for range-notcovered :: explain SELECT k, c FROM sbtest%d WHERE k BETWEEN 4414696 AND 4414796
for range-notcovered
table 1 : explain SELECT k, c FROM sbtest1 WHERE k BETWEEN 5454301 AND 5454401
	Bitmap Heap Scan on sbtest1  (cost=5.54..433.06 rows=108 width=125)
	  Recheck Cond: ((k >= 5454301) AND (k <= 5454401))
	  ->  Bitmap Index Scan on k_1  (cost=0.00..5.51 rows=108 width=0)
	        Index Cond: ((k >= 5454301) AND (k <= 5454401))

table 2 : explain SELECT k, c FROM sbtest2 WHERE k BETWEEN 5454301 AND 5454401
	Bitmap Heap Scan on sbtest2  (cost=5.40..377.87 rows=94 width=125)
	  Recheck Cond: ((k >= 5454301) AND (k <= 5454401))
	  ->  Bitmap Index Scan on k_2  (cost=0.00..5.38 rows=94 width=0)
	        Index Cond: ((k >= 5454301) AND (k <= 5454401))

table 3 : explain SELECT k, c FROM sbtest3 WHERE k BETWEEN 5454301 AND 5454401
	Bitmap Heap Scan on sbtest3  (cost=5.50..417.32 rows=104 width=125)
	  Recheck Cond: ((k >= 5454301) AND (k <= 5454401))
	  ->  Bitmap Index Scan on k_3  (cost=0.00..5.47 rows=104 width=0)
	        Index Cond: ((k >= 5454301) AND (k <= 5454401))

table 4 : explain SELECT k, c FROM sbtest4 WHERE k BETWEEN 5454301 AND 5454401
	Bitmap Heap Scan on sbtest4  (cost=5.51..421.50 rows=105 width=125)
	  Recheck Cond: ((k >= 5454301) AND (k <= 5454401))
	  ->  Bitmap Index Scan on k_4  (cost=0.00..5.48 rows=105 width=0)
	        Index Cond: ((k >= 5454301) AND (k <= 5454401))

table 5 : explain SELECT k, c FROM sbtest5 WHERE k BETWEEN 5454301 AND 5454401
	Bitmap Heap Scan on sbtest5  (cost=5.58..449.11 rows=112 width=125)
	  Recheck Cond: ((k >= 5454301) AND (k <= 5454401))
	  ->  Bitmap Index Scan on k_5  (cost=0.00..5.55 rows=112 width=0)
	        Index Cond: ((k >= 5454301) AND (k <= 5454401))

table 6 : explain SELECT k, c FROM sbtest6 WHERE k BETWEEN 5454301 AND 5454401
	Bitmap Heap Scan on sbtest6  (cost=5.54..433.11 rows=108 width=125)
	  Recheck Cond: ((k >= 5454301) AND (k <= 5454401))
	  ->  Bitmap Index Scan on k_6  (cost=0.00..5.51 rows=108 width=0)
	        Index Cond: ((k >= 5454301) AND (k <= 5454401))

table 7 : explain SELECT k, c FROM sbtest7 WHERE k BETWEEN 5454301 AND 5454401
	Bitmap Heap Scan on sbtest7  (cost=5.42..385.73 rows=96 width=125)
	  Recheck Cond: ((k >= 5454301) AND (k <= 5454401))
	  ->  Bitmap Index Scan on k_7  (cost=0.00..5.39 rows=96 width=0)
	        Index Cond: ((k >= 5454301) AND (k <= 5454401))

table 8 : explain SELECT k, c FROM sbtest8 WHERE k BETWEEN 5454301 AND 5454401
	Bitmap Heap Scan on sbtest8  (cost=5.46..401.53 rows=100 width=125)
	  Recheck Cond: ((k >= 5454301) AND (k <= 5454401))
	  ->  Bitmap Index Scan on k_8  (cost=0.00..5.43 rows=100 width=0)
	        Index Cond: ((k >= 5454301) AND (k <= 5454401))
explain: for range-notcovered :: explain SELECT k, c FROM sbtest%d WHERE k BETWEEN 2531241 AND 2531341for range-notcovered
table 1 : explain SELECT k, c FROM sbtest1 WHERE k BETWEEN 5737342 AND 5737442
	Bitmap Heap Scan on sbtest1  (cost=5.52..425.18 rows=106 width=125)
	  Recheck Cond: ((k >= 5737342) AND (k <= 5737442))
	  ->  Bitmap Index Scan on k_1  (cost=0.00..5.50 rows=106 width=0)
	        Index Cond: ((k >= 5737342) AND (k <= 5737442))

table 2 : explain SELECT k, c FROM sbtest2 WHERE k BETWEEN 5737342 AND 5737442
	Bitmap Heap Scan on sbtest2  (cost=5.47..405.48 rows=101 width=125)
	  Recheck Cond: ((k >= 5737342) AND (k <= 5737442))
	  ->  Bitmap Index Scan on k_2  (cost=0.00..5.44 rows=101 width=0)
	        Index Cond: ((k >= 5737342) AND (k <= 5737442))

table 3 : explain SELECT k, c FROM sbtest3 WHERE k BETWEEN 5737342 AND 5737442
	Bitmap Heap Scan on sbtest3  (cost=5.50..417.32 rows=104 width=125)
	  Recheck Cond: ((k >= 5737342) AND (k <= 5737442))
	  ->  Bitmap Index Scan on k_3  (cost=0.00..5.47 rows=104 width=0)
	        Index Cond: ((k >= 5737342) AND (k <= 5737442))

table 4 : explain SELECT k, c FROM sbtest4 WHERE k BETWEEN 5737342 AND 5737442
	Bitmap Heap Scan on sbtest4  (cost=5.48..409.66 rows=102 width=125)
	  Recheck Cond: ((k >= 5737342) AND (k <= 5737442))
	  ->  Bitmap Index Scan on k_4  (cost=0.00..5.45 rows=102 width=0)
	        Index Cond: ((k >= 5737342) AND (k <= 5737442))

table 5 : explain SELECT k, c FROM sbtest5 WHERE k BETWEEN 5737342 AND 5737442
	Bitmap Heap Scan on sbtest5  (cost=5.37..366.22 rows=91 width=125)
	  Recheck Cond: ((k >= 5737342) AND (k <= 5737442))
	  ->  Bitmap Index Scan on k_5  (cost=0.00..5.34 rows=91 width=0)
	        Index Cond: ((k >= 5737342) AND (k <= 5737442))

table 6 : explain SELECT k, c FROM sbtest6 WHERE k BETWEEN 5737342 AND 5737442
	Bitmap Heap Scan on sbtest6  (cost=5.56..441.00 rows=110 width=125)
	  Recheck Cond: ((k >= 5737342) AND (k <= 5737442))
	  ->  Bitmap Index Scan on k_6  (cost=0.00..5.53 rows=110 width=0)
	        Index Cond: ((k >= 5737342) AND (k <= 5737442))

table 7 : explain SELECT k, c FROM sbtest7 WHERE k BETWEEN 5737342 AND 5737442
	Bitmap Heap Scan on sbtest7  (cost=5.49..413.34 rows=103 width=125)
	  Recheck Cond: ((k >= 5737342) AND (k <= 5737442))
	  ->  Bitmap Index Scan on k_7  (cost=0.00..5.46 rows=103 width=0)
	        Index Cond: ((k >= 5737342) AND (k <= 5737442))

table 8 : explain SELECT k, c FROM sbtest8 WHERE k BETWEEN 5737342 AND 5737442
	Bitmap Heap Scan on sbtest8  (cost=5.50..417.31 rows=104 width=125)
	  Recheck Cond: ((k >= 5737342) AND (k <= 5737442))
	  ->  Bitmap Index Scan on k_8  (cost=0.00..5.47 rows=104 width=0)
	        Index Cond: ((k >= 5737342) AND (k <= 5737442))
explain: for range-notcovered :: explain SELECT k, c FROM sbtest%d WHERE k BETWEEN 1338578 AND 1338678for range-notcovered
table 1 : explain SELECT k, c FROM sbtest1 WHERE k BETWEEN 8312725 AND 8312825
	Bitmap Heap Scan on sbtest1  (cost=5.52..425.18 rows=106 width=125)
	  Recheck Cond: ((k >= 8312725) AND (k <= 8312825))
	  ->  Bitmap Index Scan on k_1  (cost=0.00..5.50 rows=106 width=0)
	        Index Cond: ((k >= 8312725) AND (k <= 8312825))

table 2 : explain SELECT k, c FROM sbtest2 WHERE k BETWEEN 8312725 AND 8312825
	Bitmap Heap Scan on sbtest2  (cost=5.51..421.25 rows=105 width=125)
	  Recheck Cond: ((k >= 8312725) AND (k <= 8312825))
	  ->  Bitmap Index Scan on k_2  (cost=0.00..5.48 rows=105 width=0)
	        Index Cond: ((k >= 8312725) AND (k <= 8312825))

table 3 : explain SELECT k, c FROM sbtest3 WHERE k BETWEEN 8312725 AND 8312825
	Bitmap Heap Scan on sbtest3  (cost=5.46..401.55 rows=100 width=125)
	  Recheck Cond: ((k >= 8312725) AND (k <= 8312825))
	  ->  Bitmap Index Scan on k_3  (cost=0.00..5.43 rows=100 width=0)
	        Index Cond: ((k >= 8312725) AND (k <= 8312825))

table 4 : explain SELECT k, c FROM sbtest4 WHERE k BETWEEN 8312725 AND 8312825
	Bitmap Heap Scan on sbtest4  (cost=5.45..397.82 rows=99 width=125)
	  Recheck Cond: ((k >= 8312725) AND (k <= 8312825))
	  ->  Bitmap Index Scan on k_4  (cost=0.00..5.42 rows=99 width=0)
	        Index Cond: ((k >= 8312725) AND (k <= 8312825))

table 5 : explain SELECT k, c FROM sbtest5 WHERE k BETWEEN 8312725 AND 8312825
	Bitmap Heap Scan on sbtest5  (cost=5.51..421.50 rows=105 width=125)
	  Recheck Cond: ((k >= 8312725) AND (k <= 8312825))
	  ->  Bitmap Index Scan on k_5  (cost=0.00..5.48 rows=105 width=0)
	        Index Cond: ((k >= 8312725) AND (k <= 8312825))

table 6 : explain SELECT k, c FROM sbtest6 WHERE k BETWEEN 8312725 AND 8312825
	Bitmap Heap Scan on sbtest6  (cost=5.45..397.63 rows=99 width=125)
	  Recheck Cond: ((k >= 8312725) AND (k <= 8312825))
	  ->  Bitmap Index Scan on k_6  (cost=0.00..5.42 rows=99 width=0)
	        Index Cond: ((k >= 8312725) AND (k <= 8312825))

table 7 : explain SELECT k, c FROM sbtest7 WHERE k BETWEEN 8312725 AND 8312825
	Bitmap Heap Scan on sbtest7  (cost=5.47..405.45 rows=101 width=125)
	  Recheck Cond: ((k >= 8312725) AND (k <= 8312825))
	  ->  Bitmap Index Scan on k_7  (cost=0.00..5.44 rows=101 width=0)
	        Index Cond: ((k >= 8312725) AND (k <= 8312825))

table 8 : explain SELECT k, c FROM sbtest8 WHERE k BETWEEN 8312725 AND 8312825
	Bitmap Heap Scan on sbtest8  (cost=5.50..417.31 rows=104 width=125)
	  Recheck Cond: ((k >= 8312725) AND (k <= 8312825))
	  ->  Bitmap Index Scan on k_8  (cost=0.00..5.47 rows=104 width=0)
	        Index Cond: ((k >= 8312725) AND (k <= 8312825))

for range-notcovered
table 1 : explain SELECT k, c FROM sbtest1 WHERE k BETWEEN 6059499 AND 6059599
	Bitmap Heap Scan on sbtest1  (cost=5.42..385.74 rows=96 width=125)
	  Recheck Cond: ((k >= 6059499) AND (k <= 6059599))
	  ->  Bitmap Index Scan on k_1  (cost=0.00..5.39 rows=96 width=0)
	        Index Cond: ((k >= 6059499) AND (k <= 6059599))

table 2 : explain SELECT k, c FROM sbtest2 WHERE k BETWEEN 6059499 AND 6059599
	Bitmap Heap Scan on sbtest2  (cost=5.43..389.70 rows=97 width=125)
	  Recheck Cond: ((k >= 6059499) AND (k <= 6059599))
	  ->  Bitmap Index Scan on k_2  (cost=0.00..5.40 rows=97 width=0)
	        Index Cond: ((k >= 6059499) AND (k <= 6059599))

table 3 : explain SELECT k, c FROM sbtest3 WHERE k BETWEEN 6059499 AND 6059599
	Bitmap Heap Scan on sbtest3  (cost=5.50..417.32 rows=104 width=125)
	  Recheck Cond: ((k >= 6059499) AND (k <= 6059599))
	  ->  Bitmap Index Scan on k_3  (cost=0.00..5.47 rows=104 width=0)
	        Index Cond: ((k >= 6059499) AND (k <= 6059599))

table 4 : explain SELECT k, c FROM sbtest4 WHERE k BETWEEN 6059499 AND 6059599
	Bitmap Heap Scan on sbtest4  (cost=5.48..409.66 rows=102 width=125)
	  Recheck Cond: ((k >= 6059499) AND (k <= 6059599))
	  ->  Bitmap Index Scan on k_4  (cost=0.00..5.45 rows=102 width=0)
	        Index Cond: ((k >= 6059499) AND (k <= 6059599))

table 5 : explain SELECT k, c FROM sbtest5 WHERE k BETWEEN 6059499 AND 6059599
	Bitmap Heap Scan on sbtest5  (cost=5.57..445.16 rows=111 width=125)
	  Recheck Cond: ((k >= 6059499) AND (k <= 6059599))
	  ->  Bitmap Index Scan on k_5  (cost=0.00..5.54 rows=111 width=0)
	        Index Cond: ((k >= 6059499) AND (k <= 6059599))

table 6 : explain SELECT k, c FROM sbtest6 WHERE k BETWEEN 6059499 AND 6059599
	Bitmap Heap Scan on sbtest6  (cost=5.56..441.00 rows=110 width=125)
	  Recheck Cond: ((k >= 6059499) AND (k <= 6059599))
	  ->  Bitmap Index Scan on k_6  (cost=0.00..5.53 rows=110 width=0)
	        Index Cond: ((k >= 6059499) AND (k <= 6059599))

table 7 : explain SELECT k, c FROM sbtest7 WHERE k BETWEEN 6059499 AND 6059599
	Bitmap Heap Scan on sbtest7  (cost=5.50..417.28 rows=104 width=125)
	  Recheck Cond: ((k >= 6059499) AND (k <= 6059599))
	  ->  Bitmap Index Scan on k_7  (cost=0.00..5.47 rows=104 width=0)
	        Index Cond: ((k >= 6059499) AND (k <= 6059599))

table 8 : explain SELECT k, c FROM sbtest8 WHERE k BETWEEN 6059499 AND 6059599
	Bitmap Heap Scan on sbtest8  (cost=5.45..397.59 rows=99 width=125)
	  Recheck Cond: ((k >= 6059499) AND (k <= 6059599))
	  ->  Bitmap Index Scan on k_8  (cost=0.00..5.42 rows=99 width=0)
	        Index Cond: ((k >= 6059499) AND (k <= 6059599))
for range-notcovered
table 1 : explain SELECT k, c FROM sbtest1 WHERE k BETWEEN 3241696 AND 3241796
	Bitmap Heap Scan on sbtest1  (cost=5.45..397.58 rows=99 width=125)
	  Recheck Cond: ((k >= 3241696) AND (k <= 3241796))
	  ->  Bitmap Index Scan on k_1  (cost=0.00..5.42 rows=99 width=0)
	        Index Cond: ((k >= 3241696) AND (k <= 3241796))

table 2 : explain SELECT k, c FROM sbtest2 WHERE k BETWEEN 3241696 AND 3241796
	Bitmap Heap Scan on sbtest2  (cost=5.43..389.70 rows=97 width=125)
	  Recheck Cond: ((k >= 3241696) AND (k <= 3241796))
	  ->  Bitmap Index Scan on k_2  (cost=0.00..5.40 rows=97 width=0)
	        Index Cond: ((k >= 3241696) AND (k <= 3241796))

table 3 : explain SELECT k, c FROM sbtest3 WHERE k BETWEEN 3241696 AND 3241796
	Bitmap Heap Scan on sbtest3  (cost=5.51..421.27 rows=105 width=125)
	  Recheck Cond: ((k >= 3241696) AND (k <= 3241796))
	  ->  Bitmap Index Scan on k_3  (cost=0.00..5.48 rows=105 width=0)
	        Index Cond: ((k >= 3241696) AND (k <= 3241796))

table 4 : explain SELECT k, c FROM sbtest4 WHERE k BETWEEN 3241696 AND 3241796
	Bitmap Heap Scan on sbtest4  (cost=5.46..401.76 rows=100 width=125)
	  Recheck Cond: ((k >= 3241696) AND (k <= 3241796))
	  ->  Bitmap Index Scan on k_4  (cost=0.00..5.43 rows=100 width=0)
	        Index Cond: ((k >= 3241696) AND (k <= 3241796))

table 5 : explain SELECT k, c FROM sbtest5 WHERE k BETWEEN 3241696 AND 3241796
	Bitmap Heap Scan on sbtest5  (cost=5.38..370.17 rows=92 width=125)
	  Recheck Cond: ((k >= 3241696) AND (k <= 3241796))
	  ->  Bitmap Index Scan on k_5  (cost=0.00..5.35 rows=92 width=0)
	        Index Cond: ((k >= 3241696) AND (k <= 3241796))

table 6 : explain SELECT k, c FROM sbtest6 WHERE k BETWEEN 3241696 AND 3241796
	Bitmap Heap Scan on sbtest6  (cost=5.51..421.29 rows=105 width=125)
	  Recheck Cond: ((k >= 3241696) AND (k <= 3241796))
	  ->  Bitmap Index Scan on k_6  (cost=0.00..5.48 rows=105 width=0)
	        Index Cond: ((k >= 3241696) AND (k <= 3241796))

table 7 : explain SELECT k, c FROM sbtest7 WHERE k BETWEEN 3241696 AND 3241796
	Bitmap Heap Scan on sbtest7  (cost=5.48..409.40 rows=102 width=125)
	  Recheck Cond: ((k >= 3241696) AND (k <= 3241796))
	  ->  Bitmap Index Scan on k_7  (cost=0.00..5.45 rows=102 width=0)
	        Index Cond: ((k >= 3241696) AND (k <= 3241796))

table 8 : explain SELECT k, c FROM sbtest8 WHERE k BETWEEN 3241696 AND 3241796
	Bitmap Heap Scan on sbtest8  (cost=5.39..373.92 rows=93 width=125)
	  Recheck Cond: ((k >= 3241696) AND (k <= 3241796))
	  ->  Bitmap Index Scan on k_8  (cost=0.00..5.36 rows=93 width=0)
	        Index Cond: ((k >= 3241696) AND (k <= 3241796))




for range-notcovered
table 1 : explain SELECT k, c FROM sbtest1 WHERE k BETWEEN 4958844 AND 4958944
	Bitmap Heap Scan on sbtest1  (cost=5.47..405.46 rows=101 width=125)
	  Recheck Cond: ((k >= 4958844) AND (k <= 4958944))
	  ->  Bitmap Index Scan on k_1  (cost=0.00..5.44 rows=101 width=0)
	        Index Cond: ((k >= 4958844) AND (k <= 4958944))

table 2 : explain SELECT k, c FROM sbtest2 WHERE k BETWEEN 4958844 AND 4958944
	Bitmap Heap Scan on sbtest2  (cost=5.42..385.76 rows=96 width=125)
	  Recheck Cond: ((k >= 4958844) AND (k <= 4958944))
	  ->  Bitmap Index Scan on k_2  (cost=0.00..5.39 rows=96 width=0)
	        Index Cond: ((k >= 4958844) AND (k <= 4958944))

table 3 : explain SELECT k, c FROM sbtest3 WHERE k BETWEEN 4958844 AND 4958944
	Bitmap Heap Scan on sbtest3  (cost=5.56..440.97 rows=110 width=125)
	  Recheck Cond: ((k >= 4958844) AND (k <= 4958944))
	  ->  Bitmap Index Scan on k_3  (cost=0.00..5.53 rows=110 width=0)
	        Index Cond: ((k >= 4958844) AND (k <= 4958944))

table 4 : explain SELECT k, c FROM sbtest4 WHERE k BETWEEN 4958844 AND 4958944
	Bitmap Heap Scan on sbtest4  (cost=5.50..417.55 rows=104 width=125)
	  Recheck Cond: ((k >= 4958844) AND (k <= 4958944))
	  ->  Bitmap Index Scan on k_4  (cost=0.00..5.47 rows=104 width=0)
	        Index Cond: ((k >= 4958844) AND (k <= 4958944))

table 5 : explain SELECT k, c FROM sbtest5 WHERE k BETWEEN 4958844 AND 4958944
	Bitmap Heap Scan on sbtest5  (cost=5.43..389.92 rows=97 width=125)
	  Recheck Cond: ((k >= 4958844) AND (k <= 4958944))
	  ->  Bitmap Index Scan on k_5  (cost=0.00..5.40 rows=97 width=0)
	        Index Cond: ((k >= 4958844) AND (k <= 4958944))

table 6 : explain SELECT k, c FROM sbtest6 WHERE k BETWEEN 4958844 AND 4958944
	Bitmap Heap Scan on sbtest6  (cost=5.47..405.52 rows=101 width=125)
	  Recheck Cond: ((k >= 4958844) AND (k <= 4958944))
	  ->  Bitmap Index Scan on k_6  (cost=0.00..5.44 rows=101 width=0)
	        Index Cond: ((k >= 4958844) AND (k <= 4958944))

table 7 : explain SELECT k, c FROM sbtest7 WHERE k BETWEEN 4958844 AND 4958944
	Bitmap Heap Scan on sbtest7  (cost=5.41..381.79 rows=95 width=125)
	  Recheck Cond: ((k >= 4958844) AND (k <= 4958944))
	  ->  Bitmap Index Scan on k_7  (cost=0.00..5.38 rows=95 width=0)
	        Index Cond: ((k >= 4958844) AND (k <= 4958944))

table 8 : explain SELECT k, c FROM sbtest8 WHERE k BETWEEN 4958844 AND 4958944
	Bitmap Heap Scan on sbtest8  (cost=5.46..401.53 rows=100 width=125)
	  Recheck Cond: ((k >= 4958844) AND (k <= 4958944))
	  ->  Bitmap Index Scan on k_8  (cost=0.00..5.43 rows=100 width=0)
	        Index Cond: ((k >= 4958844) AND (k <= 4958944))

explain: for range-notcovered :: explain SELECT k, c FROM sbtest%d WHERE k BETWEEN 2295299 AND 2295399explain: for range-notcovered :: explain SELECT k, c FROM sbtest%d WHERE k BETWEEN 3241696 AND 3241796for range-notcovered
table 1 : explain SELECT k, c FROM sbtest1 WHERE k BETWEEN 6380588 AND 6380688
	Bitmap Heap Scan on sbtest1  (cost=5.47..405.46 rows=101 width=125)
	  Recheck Cond: ((k >= 6380588) AND (k <= 6380688))
	  ->  Bitmap Index Scan on k_1  (cost=0.00..5.44 rows=101 width=0)
	        Index Cond: ((k >= 6380588) AND (k <= 6380688))

table 2 : explain SELECT k, c FROM sbtest2 WHERE k BETWEEN 6380588 AND 6380688
	Bitmap Heap Scan on sbtest2  (cost=5.43..389.70 rows=97 width=125)
	  Recheck Cond: ((k >= 6380588) AND (k <= 6380688))
	  ->  Bitmap Index Scan on k_2  (cost=0.00..5.40 rows=97 width=0)
	        Index Cond: ((k >= 6380588) AND (k <= 6380688))

table 3 : explain SELECT k, c FROM sbtest3 WHERE k BETWEEN 6380588 AND 6380688
	Bitmap Heap Scan on sbtest3  (cost=5.49..413.38 rows=103 width=125)
	  Recheck Cond: ((k >= 6380588) AND (k <= 6380688))
	  ->  Bitmap Index Scan on k_3  (cost=0.00..5.46 rows=103 width=0)
	        Index Cond: ((k >= 6380588) AND (k <= 6380688))

table 4 : explain SELECT k, c FROM sbtest4 WHERE k BETWEEN 6380588 AND 6380688
	Bitmap Heap Scan on sbtest4  (cost=5.43..389.92 rows=97 width=125)
	  Recheck Cond: ((k >= 6380588) AND (k <= 6380688))
	  ->  Bitmap Index Scan on k_4  (cost=0.00..5.40 rows=97 width=0)
	        Index Cond: ((k >= 6380588) AND (k <= 6380688))

table 5 : explain SELECT k, c FROM sbtest5 WHERE k BETWEEN 6380588 AND 6380688
	Bitmap Heap Scan on sbtest5  (cost=5.55..437.28 rows=109 width=125)
	  Recheck Cond: ((k >= 6380588) AND (k <= 6380688))
	  ->  Bitmap Index Scan on k_5  (cost=0.00..5.52 rows=109 width=0)
	        Index Cond: ((k >= 6380588) AND (k <= 6380688))

table 6 : explain SELECT k, c FROM sbtest6 WHERE k BETWEEN 6380588 AND 6380688
	Bitmap Heap Scan on sbtest6  (cost=5.41..381.84 rows=95 width=125)
	  Recheck Cond: ((k >= 6380588) AND (k <= 6380688))
	  ->  Bitmap Index Scan on k_6  (cost=0.00..5.38 rows=95 width=0)
	        Index Cond: ((k >= 6380588) AND (k <= 6380688))

table 7 : explain SELECT k, c FROM sbtest7 WHERE k BETWEEN 6380588 AND 6380688
	Bitmap Heap Scan on sbtest7  (cost=5.54..433.05 rows=108 width=125)
	  Recheck Cond: ((k >= 6380588) AND (k <= 6380688))
	  ->  Bitmap Index Scan on k_7  (cost=0.00..5.51 rows=108 width=0)
	        Index Cond: ((k >= 6380588) AND (k <= 6380688))

table 8 : explain SELECT k, c FROM sbtest8 WHERE k BETWEEN 6380588 AND 6380688
	Bitmap Heap Scan on sbtest8  (cost=5.39..373.92 rows=93 width=125)
	  Recheck Cond: ((k >= 6380588) AND (k <= 6380688))
	  ->  Bitmap Index Scan on k_8  (cost=0.00..5.36 rows=93 width=0)
	        Index Cond: ((k >= 6380588) AND (k <= 6380688))


for range-notcovered
table 1 : explain SELECT k, c FROM sbtest1 WHERE k BETWEEN 9580805 AND 9580905
	Bitmap Heap Scan on sbtest1  (cost=5.53..429.12 rows=107 width=125)
	  Recheck Cond: ((k >= 9580805) AND (k <= 9580905))
	  ->  Bitmap Index Scan on k_1  (cost=0.00..5.50 rows=107 width=0)
	        Index Cond: ((k >= 9580805) AND (k <= 9580905))

table 2 : explain SELECT k, c FROM sbtest2 WHERE k BETWEEN 9580805 AND 9580905
	Bitmap Heap Scan on sbtest2  (cost=5.42..385.76 rows=96 width=125)
	  Recheck Cond: ((k >= 9580805) AND (k <= 9580905))
	  ->  Bitmap Index Scan on k_2  (cost=0.00..5.39 rows=96 width=0)
	        Index Cond: ((k >= 9580805) AND (k <= 9580905))

table 3 : explain SELECT k, c FROM sbtest3 WHERE k BETWEEN 9580805 AND 9580905
	Bitmap Heap Scan on sbtest3  (cost=5.45..397.61 rows=99 width=125)
	  Recheck Cond: ((k >= 9580805) AND (k <= 9580905))
	  ->  Bitmap Index Scan on k_3  (cost=0.00..5.42 rows=99 width=0)
	        Index Cond: ((k >= 9580805) AND (k <= 9580905))

table 4 : explain SELECT k, c FROM sbtest4 WHERE k BETWEEN 9580805 AND 9580905
	Bitmap Heap Scan on sbtest4  (cost=5.55..437.27 rows=109 width=125)
	  Recheck Cond: ((k >= 9580805) AND (k <= 9580905))
	  ->  Bitmap Index Scan on k_4  (cost=0.00..5.52 rows=109 width=0)
	        Index Cond: ((k >= 9580805) AND (k <= 9580905))

table 5 : explain SELECT k, c FROM sbtest5 WHERE k BETWEEN 9580805 AND 9580905
	Bitmap Heap Scan on sbtest5  (cost=5.43..389.92 rows=97 width=125)
	  Recheck Cond: ((k >= 9580805) AND (k <= 9580905))
	  ->  Bitmap Index Scan on k_5  (cost=0.00..5.40 rows=97 width=0)
	        Index Cond: ((k >= 9580805) AND (k <= 9580905))

table 6 : explain SELECT k, c FROM sbtest6 WHERE k BETWEEN 9580805 AND 9580905
	Bitmap Heap Scan on sbtest6  (cost=5.68..484.32 rows=121 width=125)
	  Recheck Cond: ((k >= 9580805) AND (k <= 9580905))
	  ->  Bitmap Index Scan on k_6  (cost=0.00..5.64 rows=121 width=0)
	        Index Cond: ((k >= 9580805) AND (k <= 9580905))

table 7 : explain SELECT k, c FROM sbtest7 WHERE k BETWEEN 9580805 AND 9580905
	Bitmap Heap Scan on sbtest7  (cost=5.52..425.16 rows=106 width=125)
	  Recheck Cond: ((k >= 9580805) AND (k <= 9580905))
	  ->  Bitmap Index Scan on k_7  (cost=0.00..5.50 rows=106 width=0)
	        Index Cond: ((k >= 9580805) AND (k <= 9580905))

table 8 : explain SELECT k, c FROM sbtest8 WHERE k BETWEEN 9580805 AND 9580905
	Bitmap Heap Scan on sbtest8  (cost=5.47..405.48 rows=101 width=125)
	  Recheck Cond: ((k >= 9580805) AND (k <= 9580905))
	  ->  Bitmap Index Scan on k_8  (cost=0.00..5.44 rows=101 width=0)
	        Index Cond: ((k >= 9580805) AND (k <= 9580905))
for range-notcovered
table 1 : explain SELECT k, c FROM sbtest1 WHERE k BETWEEN 8547191 AND 8547291
	Bitmap Heap Scan on sbtest1  (cost=5.42..385.74 rows=96 width=125)
	  Recheck Cond: ((k >= 8547191) AND (k <= 8547291))
	  ->  Bitmap Index Scan on k_1  (cost=0.00..5.39 rows=96 width=0)
	        Index Cond: ((k >= 8547191) AND (k <= 8547291))

table 2 : explain SELECT k, c FROM sbtest2 WHERE k BETWEEN 8547191 AND 8547291
	Bitmap Heap Scan on sbtest2  (cost=5.43..389.70 rows=97 width=125)
	  Recheck Cond: ((k >= 8547191) AND (k <= 8547291))
	  ->  Bitmap Index Scan on k_2  (cost=0.00..5.40 rows=97 width=0)
	        Index Cond: ((k >= 8547191) AND (k <= 8547291))

table 3 : explain SELECT k, c FROM sbtest3 WHERE k BETWEEN 8547191 AND 8547291
	Bitmap Heap Scan on sbtest3  (cost=5.46..401.55 rows=100 width=125)
	  Recheck Cond: ((k >= 8547191) AND (k <= 8547291))
	  ->  Bitmap Index Scan on k_3  (cost=0.00..5.43 rows=100 width=0)
	        Index Cond: ((k >= 8547191) AND (k <= 8547291))

table 4 : explain SELECT k, c FROM sbtest4 WHERE k BETWEEN 8547191 AND 8547291
	Bitmap Heap Scan on sbtest4  (cost=5.51..421.50 rows=105 width=125)
	  Recheck Cond: ((k >= 8547191) AND (k <= 8547291))
	  ->  Bitmap Index Scan on k_4  (cost=0.00..5.48 rows=105 width=0)
	        Index Cond: ((k >= 8547191) AND (k <= 8547291))

table 5 : explain SELECT k, c FROM sbtest5 WHERE k BETWEEN 8547191 AND 8547291
	Bitmap Heap Scan on sbtest5  (cost=5.58..449.11 rows=112 width=125)
	  Recheck Cond: ((k >= 8547191) AND (k <= 8547291))
	  ->  Bitmap Index Scan on k_5  (cost=0.00..5.55 rows=112 width=0)
	        Index Cond: ((k >= 8547191) AND (k <= 8547291))

table 6 : explain SELECT k, c FROM sbtest6 WHERE k BETWEEN 8547191 AND 8547291
	Bitmap Heap Scan on sbtest6  (cost=5.45..397.63 rows=99 width=125)
	  Recheck Cond: ((k >= 8547191) AND (k <= 8547291))
	  ->  Bitmap Index Scan on k_6  (cost=0.00..5.42 rows=99 width=0)
	        Index Cond: ((k >= 8547191) AND (k <= 8547291))

table 7 : explain SELECT k, c FROM sbtest7 WHERE k BETWEEN 8547191 AND 8547291
	Bitmap Heap Scan on sbtest7  (cost=5.47..405.45 rows=101 width=125)
	  Recheck Cond: ((k >= 8547191) AND (k <= 8547291))
	  ->  Bitmap Index Scan on k_7  (cost=0.00..5.44 rows=101 width=0)
	        Index Cond: ((k >= 8547191) AND (k <= 8547291))

table 8 : explain SELECT k, c FROM sbtest8 WHERE k BETWEEN 8547191 AND 8547291
	Bitmap Heap Scan on sbtest8  (cost=5.47..405.48 rows=101 width=125)
	  Recheck Cond: ((k >= 8547191) AND (k <= 8547291))
	  ->  Bitmap Index Scan on k_8  (cost=0.00..5.44 rows=101 width=0)
	        Index Cond: ((k >= 8547191) AND (k <= 8547291))

for range-notcovered
table 1 : explain SELECT k, c FROM sbtest1 WHERE k BETWEEN 6246463 AND 6246563
	Bitmap Heap Scan on sbtest1  (cost=5.41..381.80 rows=95 width=125)
	  Recheck Cond: ((k >= 6246463) AND (k <= 6246563))
	  ->  Bitmap Index Scan on k_1  (cost=0.00..5.38 rows=95 width=0)
	        Index Cond: ((k >= 6246463) AND (k <= 6246563))

table 2 : explain SELECT k, c FROM sbtest2 WHERE k BETWEEN 6246463 AND 6246563
	Bitmap Heap Scan on sbtest2  (cost=5.46..401.54 rows=100 width=125)
	  Recheck Cond: ((k >= 6246463) AND (k <= 6246563))
	  ->  Bitmap Index Scan on k_2  (cost=0.00..5.43 rows=100 width=0)
	        Index Cond: ((k >= 6246463) AND (k <= 6246563))

table 3 : explain SELECT k, c FROM sbtest3 WHERE k BETWEEN 6246463 AND 6246563
	Bitmap Heap Scan on sbtest3  (cost=5.45..397.61 rows=99 width=125)
	  Recheck Cond: ((k >= 6246463) AND (k <= 6246563))
	  ->  Bitmap Index Scan on k_3  (cost=0.00..5.42 rows=99 width=0)
	        Index Cond: ((k >= 6246463) AND (k <= 6246563))

table 4 : explain SELECT k, c FROM sbtest4 WHERE k BETWEEN 6246463 AND 6246563
	Bitmap Heap Scan on sbtest4  (cost=5.41..382.02 rows=95 width=125)
	  Recheck Cond: ((k >= 6246463) AND (k <= 6246563))
	  ->  Bitmap Index Scan on k_4  (cost=0.00..5.38 rows=95 width=0)
	        Index Cond: ((k >= 6246463) AND (k <= 6246563))

table 5 : explain SELECT k, c FROM sbtest5 WHERE k BETWEEN 6246463 AND 6246563
	Bitmap Heap Scan on sbtest5  (cost=5.51..421.50 rows=105 width=125)
	  Recheck Cond: ((k >= 6246463) AND (k <= 6246563))
	  ->  Bitmap Index Scan on k_5  (cost=0.00..5.48 rows=105 width=0)
	        Index Cond: ((k >= 6246463) AND (k <= 6246563))

table 6 : explain SELECT k, c FROM sbtest6 WHERE k BETWEEN 6246463 AND 6246563
	Bitmap Heap Scan on sbtest6  (cost=5.34..354.21 rows=88 width=125)
	  Recheck Cond: ((k >= 6246463) AND (k <= 6246563))
	  ->  Bitmap Index Scan on k_6  (cost=0.00..5.31 rows=88 width=0)
	        Index Cond: ((k >= 6246463) AND (k <= 6246563))

table 7 : explain SELECT k, c FROM sbtest7 WHERE k BETWEEN 6246463 AND 6246563
	Bitmap Heap Scan on sbtest7  (cost=5.48..409.40 rows=102 width=125)
	  Recheck Cond: ((k >= 6246463) AND (k <= 6246563))
	  ->  Bitmap Index Scan on k_7  (cost=0.00..5.45 rows=102 width=0)
	        Index Cond: ((k >= 6246463) AND (k <= 6246563))

table 8 : explain SELECT k, c FROM sbtest8 WHERE k BETWEEN 6246463 AND 6246563
	Bitmap Heap Scan on sbtest8  (cost=5.57..444.89 rows=111 width=125)
	  Recheck Cond: ((k >= 6246463) AND (k <= 6246563))
	  ->  Bitmap Index Scan on k_8  (cost=0.00..5.54 rows=111 width=0)
	        Index Cond: ((k >= 6246463) AND (k <= 6246563))


for range-notcovered
table 1 : explain SELECT k, c FROM sbtest1 WHERE k BETWEEN 5928016 AND 5928116
	Bitmap Heap Scan on sbtest1  (cost=5.41..381.80 rows=95 width=125)
	  Recheck Cond: ((k >= 5928016) AND (k <= 5928116))
	  ->  Bitmap Index Scan on k_1  (cost=0.00..5.38 rows=95 width=0)
	        Index Cond: ((k >= 5928016) AND (k <= 5928116))

table 2 : explain SELECT k, c FROM sbtest2 WHERE k BETWEEN 5928016 AND 5928116
	Bitmap Heap Scan on sbtest2  (cost=5.36..362.08 rows=90 width=125)
	  Recheck Cond: ((k >= 5928016) AND (k <= 5928116))
	  ->  Bitmap Index Scan on k_2  (cost=0.00..5.33 rows=90 width=0)
	        Index Cond: ((k >= 5928016) AND (k <= 5928116))

table 3 : explain SELECT k, c FROM sbtest3 WHERE k BETWEEN 5928016 AND 5928116
	Bitmap Heap Scan on sbtest3  (cost=5.52..425.21 rows=106 width=125)
	  Recheck Cond: ((k >= 5928016) AND (k <= 5928116))
	  ->  Bitmap Index Scan on k_3  (cost=0.00..5.50 rows=106 width=0)
	        Index Cond: ((k >= 5928016) AND (k <= 5928116))

table 4 : explain SELECT k, c FROM sbtest4 WHERE k BETWEEN 5928016 AND 5928116
	Bitmap Heap Scan on sbtest4  (cost=5.51..421.50 rows=105 width=125)
	  Recheck Cond: ((k >= 5928016) AND (k <= 5928116))
	  ->  Bitmap Index Scan on k_4  (cost=0.00..5.48 rows=105 width=0)
	        Index Cond: ((k >= 5928016) AND (k <= 5928116))

table 5 : explain SELECT k, c FROM sbtest5 WHERE k BETWEEN 5928016 AND 5928116
	Bitmap Heap Scan on sbtest5  (cost=5.41..382.02 rows=95 width=125)
	  Recheck Cond: ((k >= 5928016) AND (k <= 5928116))
	  ->  Bitmap Index Scan on k_5  (cost=0.00..5.38 rows=95 width=0)
	        Index Cond: ((k >= 5928016) AND (k <= 5928116))

table 6 : explain SELECT k, c FROM sbtest6 WHERE k BETWEEN 5928016 AND 5928116
	Bitmap Heap Scan on sbtest6  (cost=5.56..441.00 rows=110 width=125)
	  Recheck Cond: ((k >= 5928016) AND (k <= 5928116))
	  ->  Bitmap Index Scan on k_6  (cost=0.00..5.53 rows=110 width=0)
	        Index Cond: ((k >= 5928016) AND (k <= 5928116))

table 7 : explain SELECT k, c FROM sbtest7 WHERE k BETWEEN 5928016 AND 5928116
	Bitmap Heap Scan on sbtest7  (cost=5.45..397.57 rows=99 width=125)
	  Recheck Cond: ((k >= 5928016) AND (k <= 5928116))
	  ->  Bitmap Index Scan on k_7  (cost=0.00..5.42 rows=99 width=0)
	        Index Cond: ((k >= 5928016) AND (k <= 5928116))

table 8 : explain SELECT k, c FROM sbtest8 WHERE k BETWEEN 5928016 AND 5928116
	Bitmap Heap Scan on sbtest8  (cost=5.53..429.13 rows=107 width=125)
	  Recheck Cond: ((k >= 5928016) AND (k <= 5928116))
	  ->  Bitmap Index Scan on k_8  (cost=0.00..5.50 rows=107 width=0)
	        Index Cond: ((k >= 5928016) AND (k <= 5928116))


for range-notcovered
table 1 : explain SELECT k, c FROM sbtest1 WHERE k BETWEEN 499318 AND 499418
	Bitmap Heap Scan on sbtest1  (cost=5.50..417.29 rows=104 width=125)
	  Recheck Cond: ((k >= 499318) AND (k <= 499418))
	  ->  Bitmap Index Scan on k_1  (cost=0.00..5.47 rows=104 width=0)
	        Index Cond: ((k >= 499318) AND (k <= 499418))

table 2 : explain SELECT k, c FROM sbtest2 WHERE k BETWEEN 499318 AND 499418
	Bitmap Heap Scan on sbtest2  (cost=5.59..452.78 rows=113 width=125)
	  Recheck Cond: ((k >= 499318) AND (k <= 499418))
	  ->  Bitmap Index Scan on k_2  (cost=0.00..5.56 rows=113 width=0)
	        Index Cond: ((k >= 499318) AND (k <= 499418))

table 3 : explain SELECT k, c FROM sbtest3 WHERE k BETWEEN 499318 AND 499418
	Bitmap Heap Scan on sbtest3  (cost=5.44..393.66 rows=98 width=125)
	  Recheck Cond: ((k >= 499318) AND (k <= 499418))
	  ->  Bitmap Index Scan on k_3  (cost=0.00..5.42 rows=98 width=0)
	        Index Cond: ((k >= 499318) AND (k <= 499418))

table 4 : explain SELECT k, c FROM sbtest4 WHERE k BETWEEN 499318 AND 499418
	Bitmap Heap Scan on sbtest4  (cost=5.47..405.71 rows=101 width=125)
	  Recheck Cond: ((k >= 499318) AND (k <= 499418))
	  ->  Bitmap Index Scan on k_4  (cost=0.00..5.44 rows=101 width=0)
	        Index Cond: ((k >= 499318) AND (k <= 499418))

table 5 : explain SELECT k, c FROM sbtest5 WHERE k BETWEEN 499318 AND 499418
	Bitmap Heap Scan on sbtest5  (cost=5.38..370.17 rows=92 width=125)
	  Recheck Cond: ((k >= 499318) AND (k <= 499418))
	  ->  Bitmap Index Scan on k_5  (cost=0.00..5.35 rows=92 width=0)
	        Index Cond: ((k >= 499318) AND (k <= 499418))

table 6 : explain SELECT k, c FROM sbtest6 WHERE k BETWEEN 499318 AND 499418
	Bitmap Heap Scan on sbtest6  (cost=5.57..444.94 rows=111 width=125)
	  Recheck Cond: ((k >= 499318) AND (k <= 499418))
	  ->  Bitmap Index Scan on k_6  (cost=0.00..5.54 rows=111 width=0)
	        Index Cond: ((k >= 499318) AND (k <= 499418))

table 7 : explain SELECT k, c FROM sbtest7 WHERE k BETWEEN 499318 AND 499418
	Bitmap Heap Scan on sbtest7  (cost=5.42..385.73 rows=96 width=125)
	  Recheck Cond: ((k >= 499318) AND (k <= 499418))
	  ->  Bitmap Index Scan on k_7  (cost=0.00..5.39 rows=96 width=0)
	        Index Cond: ((k >= 499318) AND (k <= 499418))

table 8 : explain SELECT k, c FROM sbtest8 WHERE k BETWEEN 499318 AND 499418
	Bitmap Heap Scan on sbtest8  (cost=5.50..417.31 rows=104 width=125)
	  Recheck Cond: ((k >= 499318) AND (k <= 499418))
	  ->  Bitmap Index Scan on k_8  (cost=0.00..5.47 rows=104 width=0)
	        Index Cond: ((k >= 499318) AND (k <= 499418))

for range-notcovered
table 1 : explain SELECT k, c FROM sbtest1 WHERE k BETWEEN 8172398 AND 8172498
	Bitmap Heap Scan on sbtest1  (cost=5.51..421.23 rows=105 width=125)
	  Recheck Cond: ((k >= 8172398) AND (k <= 8172498))
	  ->  Bitmap Index Scan on k_1  (cost=0.00..5.48 rows=105 width=0)
	        Index Cond: ((k >= 8172398) AND (k <= 8172498))

table 2 : explain SELECT k, c FROM sbtest2 WHERE k BETWEEN 8172398 AND 8172498
	Bitmap Heap Scan on sbtest2  (cost=5.36..362.08 rows=90 width=125)
	  Recheck Cond: ((k >= 8172398) AND (k <= 8172498))
	  ->  Bitmap Index Scan on k_2  (cost=0.00..5.33 rows=90 width=0)
	        Index Cond: ((k >= 8172398) AND (k <= 8172498))

table 3 : explain SELECT k, c FROM sbtest3 WHERE k BETWEEN 8172398 AND 8172498
	Bitmap Heap Scan on sbtest3  (cost=5.47..405.49 rows=101 width=125)
	  Recheck Cond: ((k >= 8172398) AND (k <= 8172498))
	  ->  Bitmap Index Scan on k_3  (cost=0.00..5.44 rows=101 width=0)
	        Index Cond: ((k >= 8172398) AND (k <= 8172498))

table 4 : explain SELECT k, c FROM sbtest4 WHERE k BETWEEN 8172398 AND 8172498
	Bitmap Heap Scan on sbtest4  (cost=5.50..417.55 rows=104 width=125)
	  Recheck Cond: ((k >= 8172398) AND (k <= 8172498))
	  ->  Bitmap Index Scan on k_4  (cost=0.00..5.47 rows=104 width=0)
	        Index Cond: ((k >= 8172398) AND (k <= 8172498))

table 5 : explain SELECT k, c FROM sbtest5 WHERE k BETWEEN 8172398 AND 8172498
	Bitmap Heap Scan on sbtest5  (cost=5.55..437.28 rows=109 width=125)
	  Recheck Cond: ((k >= 8172398) AND (k <= 8172498))
	  ->  Bitmap Index Scan on k_5  (cost=0.00..5.52 rows=109 width=0)
	        Index Cond: ((k >= 8172398) AND (k <= 8172498))

table 6 : explain SELECT k, c FROM sbtest6 WHERE k BETWEEN 8172398 AND 8172498
	Bitmap Heap Scan on sbtest6  (cost=5.47..405.52 rows=101 width=125)
	  Recheck Cond: ((k >= 8172398) AND (k <= 8172498))
	  ->  Bitmap Index Scan on k_6  (cost=0.00..5.44 rows=101 width=0)
	        Index Cond: ((k >= 8172398) AND (k <= 8172498))

table 7 : explain SELECT k, c FROM sbtest7 WHERE k BETWEEN 8172398 AND 8172498
	Bitmap Heap Scan on sbtest7  (cost=5.52..425.16 rows=106 width=125)
	  Recheck Cond: ((k >= 8172398) AND (k <= 8172498))
	  ->  Bitmap Index Scan on k_7  (cost=0.00..5.50 rows=106 width=0)
	        Index Cond: ((k >= 8172398) AND (k <= 8172498))

table 8 : explain SELECT k, c FROM sbtest8 WHERE k BETWEEN 8172398 AND 8172498
	Bitmap Heap Scan on sbtest8  (cost=5.43..389.70 rows=97 width=125)
	  Recheck Cond: ((k >= 8172398) AND (k <= 8172498))
	  ->  Bitmap Index Scan on k_8  (cost=0.00..5.40 rows=97 width=0)
	        Index Cond: ((k >= 8172398) AND (k <= 8172498))

explain: for range-notcovered :: explain SELECT k, c FROM sbtest%d WHERE k BETWEEN 8312725 AND 8312825
explain: for range-notcovered :: explain SELECT k, c FROM sbtest%d WHERE k BETWEEN 4958844 AND 4958944

for range-notcovered
table 1 : explain SELECT k, c FROM sbtest1 WHERE k BETWEEN 5706738 AND 5706838
	Bitmap Heap Scan on sbtest1  (cost=5.52..425.18 rows=106 width=125)
	  Recheck Cond: ((k >= 5706738) AND (k <= 5706838))
	  ->  Bitmap Index Scan on k_1  (cost=0.00..5.50 rows=106 width=0)
	        Index Cond: ((k >= 5706738) AND (k <= 5706838))

table 2 : explain SELECT k, c FROM sbtest2 WHERE k BETWEEN 5706738 AND 5706838
	Bitmap Heap Scan on sbtest2  (cost=5.47..405.48 rows=101 width=125)
	  Recheck Cond: ((k >= 5706738) AND (k <= 5706838))
	  ->  Bitmap Index Scan on k_2  (cost=0.00..5.44 rows=101 width=0)
	        Index Cond: ((k >= 5706738) AND (k <= 5706838))

table 3 : explain SELECT k, c FROM sbtest3 WHERE k BETWEEN 5706738 AND 5706838
	Bitmap Heap Scan on sbtest3  (cost=5.50..417.32 rows=104 width=125)
	  Recheck Cond: ((k >= 5706738) AND (k <= 5706838))
	  ->  Bitmap Index Scan on k_3  (cost=0.00..5.47 rows=104 width=0)
	        Index Cond: ((k >= 5706738) AND (k <= 5706838))

table 4 : explain SELECT k, c FROM sbtest4 WHERE k BETWEEN 5706738 AND 5706838
	Bitmap Heap Scan on sbtest4  (cost=5.48..409.66 rows=102 width=125)
	  Recheck Cond: ((k >= 5706738) AND (k <= 5706838))
	  ->  Bitmap Index Scan on k_4  (cost=0.00..5.45 rows=102 width=0)
	        Index Cond: ((k >= 5706738) AND (k <= 5706838))

table 5 : explain SELECT k, c FROM sbtest5 WHERE k BETWEEN 5706738 AND 5706838
	Bitmap Heap Scan on sbtest5  (cost=5.37..366.22 rows=91 width=125)
	  Recheck Cond: ((k >= 5706738) AND (k <= 5706838))
	  ->  Bitmap Index Scan on k_5  (cost=0.00..5.34 rows=91 width=0)
	        Index Cond: ((k >= 5706738) AND (k <= 5706838))

table 6 : explain SELECT k, c FROM sbtest6 WHERE k BETWEEN 5706738 AND 5706838
	Bitmap Heap Scan on sbtest6  (cost=5.50..417.35 rows=104 width=125)
	  Recheck Cond: ((k >= 5706738) AND (k <= 5706838))
	  ->  Bitmap Index Scan on k_6  (cost=0.00..5.47 rows=104 width=0)
	        Index Cond: ((k >= 5706738) AND (k <= 5706838))

table 7 : explain SELECT k, c FROM sbtest7 WHERE k BETWEEN 5706738 AND 5706838
	Bitmap Heap Scan on sbtest7  (cost=5.49..413.34 rows=103 width=125)
	  Recheck Cond: ((k >= 5706738) AND (k <= 5706838))
	  ->  Bitmap Index Scan on k_7  (cost=0.00..5.46 rows=103 width=0)
	        Index Cond: ((k >= 5706738) AND (k <= 5706838))

table 8 : explain SELECT k, c FROM sbtest8 WHERE k BETWEEN 5706738 AND 5706838
	Bitmap Heap Scan on sbtest8  (cost=5.50..417.31 rows=104 width=125)
	  Recheck Cond: ((k >= 5706738) AND (k <= 5706838))
	  ->  Bitmap Index Scan on k_8  (cost=0.00..5.47 rows=104 width=0)
	        Index Cond: ((k >= 5706738) AND (k <= 5706838))
explain: for range-notcovered :: explain SELECT k, c FROM sbtest%d WHERE k BETWEEN 499318 AND 499418
explain: for range-notcovered :: explain SELECT k, c FROM sbtest%d WHERE k BETWEEN 6059499 AND 6059599explain: for range-notcovered :: explain SELECT k, c FROM sbtest%d WHERE k BETWEEN 5454301 AND 5454401for range-notcovered
table 1 : explain SELECT k, c FROM sbtest1 WHERE k BETWEEN 5977647 AND 5977747
	Bitmap Heap Scan on sbtest1  (cost=5.41..381.80 rows=95 width=125)
	  Recheck Cond: ((k >= 5977647) AND (k <= 5977747))
	  ->  Bitmap Index Scan on k_1  (cost=0.00..5.38 rows=95 width=0)
	        Index Cond: ((k >= 5977647) AND (k <= 5977747))

table 2 : explain SELECT k, c FROM sbtest2 WHERE k BETWEEN 5977647 AND 5977747
	Bitmap Heap Scan on sbtest2  (cost=5.36..362.08 rows=90 width=125)
	  Recheck Cond: ((k >= 5977647) AND (k <= 5977747))
	  ->  Bitmap Index Scan on k_2  (cost=0.00..5.33 rows=90 width=0)
	        Index Cond: ((k >= 5977647) AND (k <= 5977747))

table 3 : explain SELECT k, c FROM sbtest3 WHERE k BETWEEN 5977647 AND 5977747
	Bitmap Heap Scan on sbtest3  (cost=5.52..425.21 rows=106 width=125)
	  Recheck Cond: ((k >= 5977647) AND (k <= 5977747))
	  ->  Bitmap Index Scan on k_3  (cost=0.00..5.50 rows=106 width=0)
	        Index Cond: ((k >= 5977647) AND (k <= 5977747))

table 4 : explain SELECT k, c FROM sbtest4 WHERE k BETWEEN 5977647 AND 5977747
	Bitmap Heap Scan on sbtest4  (cost=5.51..421.50 rows=105 width=125)
	  Recheck Cond: ((k >= 5977647) AND (k <= 5977747))
	  ->  Bitmap Index Scan on k_4  (cost=0.00..5.48 rows=105 width=0)
	        Index Cond: ((k >= 5977647) AND (k <= 5977747))

table 5 : explain SELECT k, c FROM sbtest5 WHERE k BETWEEN 5977647 AND 5977747
	Bitmap Heap Scan on sbtest5  (cost=5.57..445.16 rows=111 width=125)
	  Recheck Cond: ((k >= 5977647) AND (k <= 5977747))
	  ->  Bitmap Index Scan on k_5  (cost=0.00..5.54 rows=111 width=0)
	        Index Cond: ((k >= 5977647) AND (k <= 5977747))

table 6 : explain SELECT k, c FROM sbtest6 WHERE k BETWEEN 5977647 AND 5977747
	Bitmap Heap Scan on sbtest6  (cost=5.56..441.00 rows=110 width=125)
	  Recheck Cond: ((k >= 5977647) AND (k <= 5977747))
	  ->  Bitmap Index Scan on k_6  (cost=0.00..5.53 rows=110 width=0)
	        Index Cond: ((k >= 5977647) AND (k <= 5977747))

table 7 : explain SELECT k, c FROM sbtest7 WHERE k BETWEEN 5977647 AND 5977747
	Bitmap Heap Scan on sbtest7  (cost=5.50..417.28 rows=104 width=125)
	  Recheck Cond: ((k >= 5977647) AND (k <= 5977747))
	  ->  Bitmap Index Scan on k_7  (cost=0.00..5.47 rows=104 width=0)
	        Index Cond: ((k >= 5977647) AND (k <= 5977747))

table 8 : explain SELECT k, c FROM sbtest8 WHERE k BETWEEN 5977647 AND 5977747
	Bitmap Heap Scan on sbtest8  (cost=5.53..429.13 rows=107 width=125)
	  Recheck Cond: ((k >= 5977647) AND (k <= 5977747))
	  ->  Bitmap Index Scan on k_8  (cost=0.00..5.50 rows=107 width=0)
	        Index Cond: ((k >= 5977647) AND (k <= 5977747))

for range-notcovered
table 1 : explain SELECT k, c FROM sbtest1 WHERE k BETWEEN 7465771 AND 7465871
	Bitmap Heap Scan on sbtest1  (cost=5.62..464.57 rows=116 width=125)
	  Recheck Cond: ((k >= 7465771) AND (k <= 7465871))
	  ->  Bitmap Index Scan on k_1  (cost=0.00..5.59 rows=116 width=0)
	        Index Cond: ((k >= 7465771) AND (k <= 7465871))

table 2 : explain SELECT k, c FROM sbtest2 WHERE k BETWEEN 7465771 AND 7465871
	Bitmap Heap Scan on sbtest2  (cost=5.41..381.81 rows=95 width=125)
	  Recheck Cond: ((k >= 7465771) AND (k <= 7465871))
	  ->  Bitmap Index Scan on k_2  (cost=0.00..5.38 rows=95 width=0)
	        Index Cond: ((k >= 7465771) AND (k <= 7465871))

table 3 : explain SELECT k, c FROM sbtest3 WHERE k BETWEEN 7465771 AND 7465871
	Bitmap Heap Scan on sbtest3  (cost=5.47..405.49 rows=101 width=125)
	  Recheck Cond: ((k >= 7465771) AND (k <= 7465871))
	  ->  Bitmap Index Scan on k_3  (cost=0.00..5.44 rows=101 width=0)
	        Index Cond: ((k >= 7465771) AND (k <= 7465871))

table 4 : explain SELECT k, c FROM sbtest4 WHERE k BETWEEN 7465771 AND 7465871
	Bitmap Heap Scan on sbtest4  (cost=5.49..413.60 rows=103 width=125)
	  Recheck Cond: ((k >= 7465771) AND (k <= 7465871))
	  ->  Bitmap Index Scan on k_4  (cost=0.00..5.46 rows=103 width=0)
	        Index Cond: ((k >= 7465771) AND (k <= 7465871))

table 5 : explain SELECT k, c FROM sbtest5 WHERE k BETWEEN 7465771 AND 7465871
	Bitmap Heap Scan on sbtest5  (cost=5.48..409.66 rows=102 width=125)
	  Recheck Cond: ((k >= 7465771) AND (k <= 7465871))
	  ->  Bitmap Index Scan on k_5  (cost=0.00..5.45 rows=102 width=0)
	        Index Cond: ((k >= 7465771) AND (k <= 7465871))

table 6 : explain SELECT k, c FROM sbtest6 WHERE k BETWEEN 7465771 AND 7465871
	Bitmap Heap Scan on sbtest6  (cost=5.50..417.35 rows=104 width=125)
	  Recheck Cond: ((k >= 7465771) AND (k <= 7465871))
	  ->  Bitmap Index Scan on k_6  (cost=0.00..5.47 rows=104 width=0)
	        Index Cond: ((k >= 7465771) AND (k <= 7465871))

table 7 : explain SELECT k, c FROM sbtest7 WHERE k BETWEEN 7465771 AND 7465871
	Bitmap Heap Scan on sbtest7  (cost=5.43..389.68 rows=97 width=125)
	  Recheck Cond: ((k >= 7465771) AND (k <= 7465871))
	  ->  Bitmap Index Scan on k_7  (cost=0.00..5.40 rows=97 width=0)
	        Index Cond: ((k >= 7465771) AND (k <= 7465871))

table 8 : explain SELECT k, c FROM sbtest8 WHERE k BETWEEN 7465771 AND 7465871
	Bitmap Heap Scan on sbtest8  (cost=5.48..409.42 rows=102 width=125)
	  Recheck Cond: ((k >= 7465771) AND (k <= 7465871))
	  ->  Bitmap Index Scan on k_8  (cost=0.00..5.45 rows=102 width=0)
	        Index Cond: ((k >= 7465771) AND (k <= 7465871))
explain: for range-notcovered :: explain SELECT k, c FROM sbtest%d WHERE k BETWEEN 9580805 AND 9580905
explain: for range-notcovered :: explain SELECT k, c FROM sbtest%d WHERE k BETWEEN 8172398 AND 8172498

explain: for range-notcovered :: explain SELECT k, c FROM sbtest%d WHERE k BETWEEN 5977647 AND 5977747

explain: for range-notcovered :: explain SELECT k, c FROM sbtest%d WHERE k BETWEEN 5706738 AND 5706838

explain: for range-notcovered :: explain SELECT k, c FROM sbtest%d WHERE k BETWEEN 7876412 AND 7876512
for range-notcovered
table 1 : explain SELECT k, c FROM sbtest1 WHERE k BETWEEN 8536275 AND 8536375
	Bitmap Heap Scan on sbtest1  (cost=5.42..385.74 rows=96 width=125)
	  Recheck Cond: ((k >= 8536275) AND (k <= 8536375))
	  ->  Bitmap Index Scan on k_1  (cost=0.00..5.39 rows=96 width=0)
	        Index Cond: ((k >= 8536275) AND (k <= 8536375))

table 2 : explain SELECT k, c FROM sbtest2 WHERE k BETWEEN 8536275 AND 8536375
	Bitmap Heap Scan on sbtest2  (cost=5.43..389.70 rows=97 width=125)
	  Recheck Cond: ((k >= 8536275) AND (k <= 8536375))
	  ->  Bitmap Index Scan on k_2  (cost=0.00..5.40 rows=97 width=0)
	        Index Cond: ((k >= 8536275) AND (k <= 8536375))

table 3 : explain SELECT k, c FROM sbtest3 WHERE k BETWEEN 8536275 AND 8536375
	Bitmap Heap Scan on sbtest3  (cost=5.46..401.55 rows=100 width=125)
	  Recheck Cond: ((k >= 8536275) AND (k <= 8536375))
	  ->  Bitmap Index Scan on k_3  (cost=0.00..5.43 rows=100 width=0)
	        Index Cond: ((k >= 8536275) AND (k <= 8536375))

table 4 : explain SELECT k, c FROM sbtest4 WHERE k BETWEEN 8536275 AND 8536375
	Bitmap Heap Scan on sbtest4  (cost=5.51..421.50 rows=105 width=125)
	  Recheck Cond: ((k >= 8536275) AND (k <= 8536375))
	  ->  Bitmap Index Scan on k_4  (cost=0.00..5.48 rows=105 width=0)
	        Index Cond: ((k >= 8536275) AND (k <= 8536375))

table 5 : explain SELECT k, c FROM sbtest5 WHERE k BETWEEN 8536275 AND 8536375
	Bitmap Heap Scan on sbtest5  (cost=5.58..449.11 rows=112 width=125)
	  Recheck Cond: ((k >= 8536275) AND (k <= 8536375))
	  ->  Bitmap Index Scan on k_5  (cost=0.00..5.55 rows=112 width=0)
	        Index Cond: ((k >= 8536275) AND (k <= 8536375))

table 6 : explain SELECT k, c FROM sbtest6 WHERE k BETWEEN 8536275 AND 8536375
	Bitmap Heap Scan on sbtest6  (cost=5.39..373.95 rows=93 width=125)
	  Recheck Cond: ((k >= 8536275) AND (k <= 8536375))
	  ->  Bitmap Index Scan on k_6  (cost=0.00..5.36 rows=93 width=0)
	        Index Cond: ((k >= 8536275) AND (k <= 8536375))

table 7 : explain SELECT k, c FROM sbtest7 WHERE k BETWEEN 8536275 AND 8536375
	Bitmap Heap Scan on sbtest7  (cost=5.47..405.45 rows=101 width=125)
	  Recheck Cond: ((k >= 8536275) AND (k <= 8536375))
	  ->  Bitmap Index Scan on k_7  (cost=0.00..5.44 rows=101 width=0)
	        Index Cond: ((k >= 8536275) AND (k <= 8536375))

table 8 : explain SELECT k, c FROM sbtest8 WHERE k BETWEEN 8536275 AND 8536375
	Bitmap Heap Scan on sbtest8  (cost=5.47..405.48 rows=101 width=125)
	  Recheck Cond: ((k >= 8536275) AND (k <= 8536375))
	  ->  Bitmap Index Scan on k_8  (cost=0.00..5.44 rows=101 width=0)
	        Index Cond: ((k >= 8536275) AND (k <= 8536375))

for range-notcovered
table 1 : explain SELECT k, c FROM sbtest1 WHERE k BETWEEN 3275438 AND 3275538
	Bitmap Heap Scan on sbtest1  (cost=5.45..397.58 rows=99 width=125)
	  Recheck Cond: ((k >= 3275438) AND (k <= 3275538))
	  ->  Bitmap Index Scan on k_1  (cost=0.00..5.42 rows=99 width=0)
	        Index Cond: ((k >= 3275438) AND (k <= 3275538))

table 2 : explain SELECT k, c FROM sbtest2 WHERE k BETWEEN 3275438 AND 3275538
	Bitmap Heap Scan on sbtest2  (cost=5.41..381.81 rows=95 width=125)
	  Recheck Cond: ((k >= 3275438) AND (k <= 3275538))
	  ->  Bitmap Index Scan on k_2  (cost=0.00..5.38 rows=95 width=0)
	        Index Cond: ((k >= 3275438) AND (k <= 3275538))

table 3 : explain SELECT k, c FROM sbtest3 WHERE k BETWEEN 3275438 AND 3275538
	Bitmap Heap Scan on sbtest3  (cost=5.51..421.27 rows=105 width=125)
	  Recheck Cond: ((k >= 3275438) AND (k <= 3275538))
	  ->  Bitmap Index Scan on k_3  (cost=0.00..5.48 rows=105 width=0)
	        Index Cond: ((k >= 3275438) AND (k <= 3275538))

table 4 : explain SELECT k, c FROM sbtest4 WHERE k BETWEEN 3275438 AND 3275538
	Bitmap Heap Scan on sbtest4  (cost=5.46..401.76 rows=100 width=125)
	  Recheck Cond: ((k >= 3275438) AND (k <= 3275538))
	  ->  Bitmap Index Scan on k_4  (cost=0.00..5.43 rows=100 width=0)
	        Index Cond: ((k >= 3275438) AND (k <= 3275538))

table 5 : explain SELECT k, c FROM sbtest5 WHERE k BETWEEN 3275438 AND 3275538
	Bitmap Heap Scan on sbtest5  (cost=5.38..370.17 rows=92 width=125)
	  Recheck Cond: ((k >= 3275438) AND (k <= 3275538))
	  ->  Bitmap Index Scan on k_5  (cost=0.00..5.35 rows=92 width=0)
	        Index Cond: ((k >= 3275438) AND (k <= 3275538))

table 6 : explain SELECT k, c FROM sbtest6 WHERE k BETWEEN 3275438 AND 3275538
	Bitmap Heap Scan on sbtest6  (cost=5.51..421.29 rows=105 width=125)
	  Recheck Cond: ((k >= 3275438) AND (k <= 3275538))
	  ->  Bitmap Index Scan on k_6  (cost=0.00..5.48 rows=105 width=0)
	        Index Cond: ((k >= 3275438) AND (k <= 3275538))

table 7 : explain SELECT k, c FROM sbtest7 WHERE k BETWEEN 3275438 AND 3275538
	Bitmap Heap Scan on sbtest7  (cost=5.48..409.40 rows=102 width=125)
	  Recheck Cond: ((k >= 3275438) AND (k <= 3275538))
	  ->  Bitmap Index Scan on k_7  (cost=0.00..5.45 rows=102 width=0)
	        Index Cond: ((k >= 3275438) AND (k <= 3275538))

table 8 : explain SELECT k, c FROM sbtest8 WHERE k BETWEEN 3275438 AND 3275538
	Bitmap Heap Scan on sbtest8  (cost=5.39..373.92 rows=93 width=125)
	  Recheck Cond: ((k >= 3275438) AND (k <= 3275538))
	  ->  Bitmap Index Scan on k_8  (cost=0.00..5.36 rows=93 width=0)
	        Index Cond: ((k >= 3275438) AND (k <= 3275538))

for range-notcovered
table 1 : explain SELECT k, c FROM sbtest1 WHERE k BETWEEN 6505532 AND 6505632
	Bitmap Heap Scan on sbtest1  (cost=5.47..405.46 rows=101 width=125)
	  Recheck Cond: ((k >= 6505532) AND (k <= 6505632))
	  ->  Bitmap Index Scan on k_1  (cost=0.00..5.44 rows=101 width=0)
	        Index Cond: ((k >= 6505532) AND (k <= 6505632))

table 2 : explain SELECT k, c FROM sbtest2 WHERE k BETWEEN 6505532 AND 6505632
	Bitmap Heap Scan on sbtest2  (cost=5.40..377.87 rows=94 width=125)
	  Recheck Cond: ((k >= 6505532) AND (k <= 6505632))
	  ->  Bitmap Index Scan on k_2  (cost=0.00..5.38 rows=94 width=0)
	        Index Cond: ((k >= 6505532) AND (k <= 6505632))

table 3 : explain SELECT k, c FROM sbtest3 WHERE k BETWEEN 6505532 AND 6505632
	Bitmap Heap Scan on sbtest3  (cost=5.42..385.77 rows=96 width=125)
	  Recheck Cond: ((k >= 6505532) AND (k <= 6505632))
	  ->  Bitmap Index Scan on k_3  (cost=0.00..5.39 rows=96 width=0)
	        Index Cond: ((k >= 6505532) AND (k <= 6505632))

table 4 : explain SELECT k, c FROM sbtest4 WHERE k BETWEEN 6505532 AND 6505632
	Bitmap Heap Scan on sbtest4  (cost=5.44..393.87 rows=98 width=125)
	  Recheck Cond: ((k >= 6505532) AND (k <= 6505632))
	  ->  Bitmap Index Scan on k_4  (cost=0.00..5.42 rows=98 width=0)
	        Index Cond: ((k >= 6505532) AND (k <= 6505632))

table 5 : explain SELECT k, c FROM sbtest5 WHERE k BETWEEN 6505532 AND 6505632
	Bitmap Heap Scan on sbtest5  (cost=5.51..421.50 rows=105 width=125)
	  Recheck Cond: ((k >= 6505532) AND (k <= 6505632))
	  ->  Bitmap Index Scan on k_5  (cost=0.00..5.48 rows=105 width=0)
	        Index Cond: ((k >= 6505532) AND (k <= 6505632))

table 6 : explain SELECT k, c FROM sbtest6 WHERE k BETWEEN 6505532 AND 6505632
	Bitmap Heap Scan on sbtest6  (cost=5.44..393.68 rows=98 width=125)
	  Recheck Cond: ((k >= 6505532) AND (k <= 6505632))
	  ->  Bitmap Index Scan on k_6  (cost=0.00..5.42 rows=98 width=0)
	        Index Cond: ((k >= 6505532) AND (k <= 6505632))

table 7 : explain SELECT k, c FROM sbtest7 WHERE k BETWEEN 6505532 AND 6505632
	Bitmap Heap Scan on sbtest7  (cost=5.47..405.45 rows=101 width=125)
	  Recheck Cond: ((k >= 6505532) AND (k <= 6505632))
	  ->  Bitmap Index Scan on k_7  (cost=0.00..5.44 rows=101 width=0)
	        Index Cond: ((k >= 6505532) AND (k <= 6505632))

table 8 : explain SELECT k, c FROM sbtest8 WHERE k BETWEEN 6505532 AND 6505632
	Bitmap Heap Scan on sbtest8  (cost=5.48..409.42 rows=102 width=125)
	  Recheck Cond: ((k >= 6505532) AND (k <= 6505632))
	  ->  Bitmap Index Scan on k_8  (cost=0.00..5.45 rows=102 width=0)
	        Index Cond: ((k >= 6505532) AND (k <= 6505632))

explain: for range-notcovered :: explain SELECT k, c FROM sbtest%d WHERE k BETWEEN 6380588 AND 6380688

explain: for range-notcovered :: explain SELECT k, c FROM sbtest%d WHERE k BETWEEN 5928016 AND 5928116
explain: for range-notcovered :: explain SELECT k, c FROM sbtest%d WHERE k BETWEEN 8536275 AND 8536375
explain: for range-notcovered :: explain SELECT k, c FROM sbtest%d WHERE k BETWEEN 8547191 AND 8547291explain: for range-notcovered :: explain SELECT k, c FROM sbtest%d WHERE k BETWEEN 3275438 AND 3275538for range-notcovered
table 1 : explain SELECT k, c FROM sbtest1 WHERE k BETWEEN 397393 AND 397493
	Bitmap Heap Scan on sbtest1  (cost=5.44..393.63 rows=98 width=125)
	  Recheck Cond: ((k >= 397393) AND (k <= 397493))
	  ->  Bitmap Index Scan on k_1  (cost=0.00..5.42 rows=98 width=0)
	        Index Cond: ((k >= 397393) AND (k <= 397493))

table 2 : explain SELECT k, c FROM sbtest2 WHERE k BETWEEN 397393 AND 397493
	Bitmap Heap Scan on sbtest2  (cost=5.52..425.19 rows=106 width=125)
	  Recheck Cond: ((k >= 397393) AND (k <= 397493))
	  ->  Bitmap Index Scan on k_2  (cost=0.00..5.50 rows=106 width=0)
	        Index Cond: ((k >= 397393) AND (k <= 397493))

table 3 : explain SELECT k, c FROM sbtest3 WHERE k BETWEEN 397393 AND 397493
	Bitmap Heap Scan on sbtest3  (cost=5.35..358.14 rows=89 width=125)
	  Recheck Cond: ((k >= 397393) AND (k <= 397493))
	  ->  Bitmap Index Scan on k_3  (cost=0.00..5.32 rows=89 width=0)
	        Index Cond: ((k >= 397393) AND (k <= 397493))

table 4 : explain SELECT k, c FROM sbtest4 WHERE k BETWEEN 397393 AND 397493
	Bitmap Heap Scan on sbtest4  (cost=5.40..378.07 rows=94 width=125)
	  Recheck Cond: ((k >= 397393) AND (k <= 397493))
	  ->  Bitmap Index Scan on k_4  (cost=0.00..5.38 rows=94 width=0)
	        Index Cond: ((k >= 397393) AND (k <= 397493))

table 5 : explain SELECT k, c FROM sbtest5 WHERE k BETWEEN 397393 AND 397493
	Bitmap Heap Scan on sbtest5  (cost=5.42..385.97 rows=96 width=125)
	  Recheck Cond: ((k >= 397393) AND (k <= 397493))
	  ->  Bitmap Index Scan on k_5  (cost=0.00..5.39 rows=96 width=0)
	        Index Cond: ((k >= 397393) AND (k <= 397493))

table 6 : explain SELECT k, c FROM sbtest6 WHERE k BETWEEN 397393 AND 397493
	Bitmap Heap Scan on sbtest6  (cost=5.56..441.00 rows=110 width=125)
	  Recheck Cond: ((k >= 397393) AND (k <= 397493))
	  ->  Bitmap Index Scan on k_6  (cost=0.00..5.53 rows=110 width=0)
	        Index Cond: ((k >= 397393) AND (k <= 397493))

table 7 : explain SELECT k, c FROM sbtest7 WHERE k BETWEEN 397393 AND 397493
	Bitmap Heap Scan on sbtest7  (cost=5.46..401.51 rows=100 width=125)
	  Recheck Cond: ((k >= 397393) AND (k <= 397493))
	  ->  Bitmap Index Scan on k_7  (cost=0.00..5.43 rows=100 width=0)
	        Index Cond: ((k >= 397393) AND (k <= 397493))

table 8 : explain SELECT k, c FROM sbtest8 WHERE k BETWEEN 397393 AND 397493
	Bitmap Heap Scan on sbtest8  (cost=5.43..389.70 rows=97 width=125)
	  Recheck Cond: ((k >= 397393) AND (k <= 397493))
	  ->  Bitmap Index Scan on k_8  (cost=0.00..5.40 rows=97 width=0)
	        Index Cond: ((k >= 397393) AND (k <= 397493))

for range-notcovered
table 1 : explain SELECT k, c FROM sbtest1 WHERE k BETWEEN 4019169 AND 4019269
	Bitmap Heap Scan on sbtest1  (cost=5.49..413.35 rows=103 width=125)
	  Recheck Cond: ((k >= 4019169) AND (k <= 4019269))
	  ->  Bitmap Index Scan on k_1  (cost=0.00..5.46 rows=103 width=0)
	        Index Cond: ((k >= 4019169) AND (k <= 4019269))

table 2 : explain SELECT k, c FROM sbtest2 WHERE k BETWEEN 4019169 AND 4019269
	Bitmap Heap Scan on sbtest2  (cost=5.46..401.54 rows=100 width=125)
	  Recheck Cond: ((k >= 4019169) AND (k <= 4019269))
	  ->  Bitmap Index Scan on k_2  (cost=0.00..5.43 rows=100 width=0)
	        Index Cond: ((k >= 4019169) AND (k <= 4019269))

table 3 : explain SELECT k, c FROM sbtest3 WHERE k BETWEEN 4019169 AND 4019269
	Bitmap Heap Scan on sbtest3  (cost=5.56..440.97 rows=110 width=125)
	  Recheck Cond: ((k >= 4019169) AND (k <= 4019269))
	  ->  Bitmap Index Scan on k_3  (cost=0.00..5.53 rows=110 width=0)
	        Index Cond: ((k >= 4019169) AND (k <= 4019269))

table 4 : explain SELECT k, c FROM sbtest4 WHERE k BETWEEN 4019169 AND 4019269
	Bitmap Heap Scan on sbtest4  (cost=5.40..378.07 rows=94 width=125)
	  Recheck Cond: ((k >= 4019169) AND (k <= 4019269))
	  ->  Bitmap Index Scan on k_4  (cost=0.00..5.38 rows=94 width=0)
	        Index Cond: ((k >= 4019169) AND (k <= 4019269))

table 5 : explain SELECT k, c FROM sbtest5 WHERE k BETWEEN 4019169 AND 4019269
	Bitmap Heap Scan on sbtest5  (cost=5.48..409.66 rows=102 width=125)
	  Recheck Cond: ((k >= 4019169) AND (k <= 4019269))
	  ->  Bitmap Index Scan on k_5  (cost=0.00..5.45 rows=102 width=0)
	        Index Cond: ((k >= 4019169) AND (k <= 4019269))

table 6 : explain SELECT k, c FROM sbtest6 WHERE k BETWEEN 4019169 AND 4019269
	Bitmap Heap Scan on sbtest6  (cost=5.43..389.74 rows=97 width=125)
	  Recheck Cond: ((k >= 4019169) AND (k <= 4019269))
	  ->  Bitmap Index Scan on k_6  (cost=0.00..5.40 rows=97 width=0)
	        Index Cond: ((k >= 4019169) AND (k <= 4019269))

table 7 : explain SELECT k, c FROM sbtest7 WHERE k BETWEEN 4019169 AND 4019269
	Bitmap Heap Scan on sbtest7  (cost=5.51..421.22 rows=105 width=125)
	  Recheck Cond: ((k >= 4019169) AND (k <= 4019269))
	  ->  Bitmap Index Scan on k_7  (cost=0.00..5.48 rows=105 width=0)
	        Index Cond: ((k >= 4019169) AND (k <= 4019269))

table 8 : explain SELECT k, c FROM sbtest8 WHERE k BETWEEN 4019169 AND 4019269
	Bitmap Heap Scan on sbtest8  (cost=5.47..405.48 rows=101 width=125)
	  Recheck Cond: ((k >= 4019169) AND (k <= 4019269))
	  ->  Bitmap Index Scan on k_8  (cost=0.00..5.44 rows=101 width=0)
	        Index Cond: ((k >= 4019169) AND (k <= 4019269))
for range-notcovered
table 1 : explain SELECT k, c FROM sbtest1 WHERE k BETWEEN 6132863 AND 6132963
	Bitmap Heap Scan on sbtest1  (cost=5.47..405.46 rows=101 width=125)
	  Recheck Cond: ((k >= 6132863) AND (k <= 6132963))
	  ->  Bitmap Index Scan on k_1  (cost=0.00..5.44 rows=101 width=0)
	        Index Cond: ((k >= 6132863) AND (k <= 6132963))

table 2 : explain SELECT k, c FROM sbtest2 WHERE k BETWEEN 6132863 AND 6132963
	Bitmap Heap Scan on sbtest2  (cost=5.44..393.65 rows=98 width=125)
	  Recheck Cond: ((k >= 6132863) AND (k <= 6132963))
	  ->  Bitmap Index Scan on k_2  (cost=0.00..5.42 rows=98 width=0)
	        Index Cond: ((k >= 6132863) AND (k <= 6132963))

table 3 : explain SELECT k, c FROM sbtest3 WHERE k BETWEEN 6132863 AND 6132963
	Bitmap Heap Scan on sbtest3  (cost=5.49..413.38 rows=103 width=125)
	  Recheck Cond: ((k >= 6132863) AND (k <= 6132963))
	  ->  Bitmap Index Scan on k_3  (cost=0.00..5.46 rows=103 width=0)
	        Index Cond: ((k >= 6132863) AND (k <= 6132963))

table 4 : explain SELECT k, c FROM sbtest4 WHERE k BETWEEN 6132863 AND 6132963
	Bitmap Heap Scan on sbtest4  (cost=5.48..409.66 rows=102 width=125)
	  Recheck Cond: ((k >= 6132863) AND (k <= 6132963))
	  ->  Bitmap Index Scan on k_4  (cost=0.00..5.45 rows=102 width=0)
	        Index Cond: ((k >= 6132863) AND (k <= 6132963))

table 5 : explain SELECT k, c FROM sbtest5 WHERE k BETWEEN 6132863 AND 6132963
	Bitmap Heap Scan on sbtest5  (cost=5.51..421.50 rows=105 width=125)
	  Recheck Cond: ((k >= 6132863) AND (k <= 6132963))
	  ->  Bitmap Index Scan on k_5  (cost=0.00..5.48 rows=105 width=0)
	        Index Cond: ((k >= 6132863) AND (k <= 6132963))

table 6 : explain SELECT k, c FROM sbtest6 WHERE k BETWEEN 6132863 AND 6132963
	Bitmap Heap Scan on sbtest6  (cost=5.50..417.35 rows=104 width=125)
	  Recheck Cond: ((k >= 6132863) AND (k <= 6132963))
	  ->  Bitmap Index Scan on k_6  (cost=0.00..5.47 rows=104 width=0)
	        Index Cond: ((k >= 6132863) AND (k <= 6132963))

table 7 : explain SELECT k, c FROM sbtest7 WHERE k BETWEEN 6132863 AND 6132963
	Bitmap Heap Scan on sbtest7  (cost=5.50..417.28 rows=104 width=125)
	  Recheck Cond: ((k >= 6132863) AND (k <= 6132963))
	  ->  Bitmap Index Scan on k_7  (cost=0.00..5.47 rows=104 width=0)
	        Index Cond: ((k >= 6132863) AND (k <= 6132963))

table 8 : explain SELECT k, c FROM sbtest8 WHERE k BETWEEN 6132863 AND 6132963
	Bitmap Heap Scan on sbtest8  (cost=5.42..385.76 rows=96 width=125)
	  Recheck Cond: ((k >= 6132863) AND (k <= 6132963))
	  ->  Bitmap Index Scan on k_8  (cost=0.00..5.39 rows=96 width=0)
	        Index Cond: ((k >= 6132863) AND (k <= 6132963))
for range-notcovered
table 1 : explain SELECT k, c FROM sbtest1 WHERE k BETWEEN 4324418 AND 4324518
	Bitmap Heap Scan on sbtest1  (cost=5.46..401.52 rows=100 width=125)
	  Recheck Cond: ((k >= 4324418) AND (k <= 4324518))
	  ->  Bitmap Index Scan on k_1  (cost=0.00..5.43 rows=100 width=0)
	        Index Cond: ((k >= 4324418) AND (k <= 4324518))

table 2 : explain SELECT k, c FROM sbtest2 WHERE k BETWEEN 4324418 AND 4324518
	Bitmap Heap Scan on sbtest2  (cost=5.55..437.02 rows=109 width=125)
	  Recheck Cond: ((k >= 4324418) AND (k <= 4324518))
	  ->  Bitmap Index Scan on k_2  (cost=0.00..5.52 rows=109 width=0)
	        Index Cond: ((k >= 4324418) AND (k <= 4324518))

table 3 : explain SELECT k, c FROM sbtest3 WHERE k BETWEEN 4324418 AND 4324518
	Bitmap Heap Scan on sbtest3  (cost=5.51..421.27 rows=105 width=125)
	  Recheck Cond: ((k >= 4324418) AND (k <= 4324518))
	  ->  Bitmap Index Scan on k_3  (cost=0.00..5.48 rows=105 width=0)
	        Index Cond: ((k >= 4324418) AND (k <= 4324518))

table 4 : explain SELECT k, c FROM sbtest4 WHERE k BETWEEN 4324418 AND 4324518
	Bitmap Heap Scan on sbtest4  (cost=5.52..425.44 rows=106 width=125)
	  Recheck Cond: ((k >= 4324418) AND (k <= 4324518))
	  ->  Bitmap Index Scan on k_4  (cost=0.00..5.50 rows=106 width=0)
	        Index Cond: ((k >= 4324418) AND (k <= 4324518))

table 5 : explain SELECT k, c FROM sbtest5 WHERE k BETWEEN 4324418 AND 4324518
	Bitmap Heap Scan on sbtest5  (cost=5.43..389.92 rows=97 width=125)
	  Recheck Cond: ((k >= 4324418) AND (k <= 4324518))
	  ->  Bitmap Index Scan on k_5  (cost=0.00..5.40 rows=97 width=0)
	        Index Cond: ((k >= 4324418) AND (k <= 4324518))

table 6 : explain SELECT k, c FROM sbtest6 WHERE k BETWEEN 4324418 AND 4324518
	Bitmap Heap Scan on sbtest6  (cost=5.49..413.40 rows=103 width=125)
	  Recheck Cond: ((k >= 4324418) AND (k <= 4324518))
	  ->  Bitmap Index Scan on k_6  (cost=0.00..5.46 rows=103 width=0)
	        Index Cond: ((k >= 4324418) AND (k <= 4324518))

table 7 : explain SELECT k, c FROM sbtest7 WHERE k BETWEEN 4324418 AND 4324518
	Bitmap Heap Scan on sbtest7  (cost=5.34..354.16 rows=88 width=125)
	  Recheck Cond: ((k >= 4324418) AND (k <= 4324518))
	  ->  Bitmap Index Scan on k_7  (cost=0.00..5.31 rows=88 width=0)
	        Index Cond: ((k >= 4324418) AND (k <= 4324518))

table 8 : explain SELECT k, c FROM sbtest8 WHERE k BETWEEN 4324418 AND 4324518
	Bitmap Heap Scan on sbtest8  (cost=5.52..425.19 rows=106 width=125)
	  Recheck Cond: ((k >= 4324418) AND (k <= 4324518))
	  ->  Bitmap Index Scan on k_8  (cost=0.00..5.50 rows=106 width=0)
	        Index Cond: ((k >= 4324418) AND (k <= 4324518))


for range-notcovered
table 1 : explain SELECT k, c FROM sbtest1 WHERE k BETWEEN 4813597 AND 4813697
	Bitmap Heap Scan on sbtest1  (cost=5.47..405.46 rows=101 width=125)
	  Recheck Cond: ((k >= 4813597) AND (k <= 4813697))
	  ->  Bitmap Index Scan on k_1  (cost=0.00..5.44 rows=101 width=0)
	        Index Cond: ((k >= 4813597) AND (k <= 4813697))

table 2 : explain SELECT k, c FROM sbtest2 WHERE k BETWEEN 4813597 AND 4813697
	Bitmap Heap Scan on sbtest2  (cost=5.45..397.59 rows=99 width=125)
	  Recheck Cond: ((k >= 4813597) AND (k <= 4813697))
	  ->  Bitmap Index Scan on k_2  (cost=0.00..5.42 rows=99 width=0)
	        Index Cond: ((k >= 4813597) AND (k <= 4813697))

table 3 : explain SELECT k, c FROM sbtest3 WHERE k BETWEEN 4813597 AND 4813697
	Bitmap Heap Scan on sbtest3  (cost=5.48..409.44 rows=102 width=125)
	  Recheck Cond: ((k >= 4813597) AND (k <= 4813697))
	  ->  Bitmap Index Scan on k_3  (cost=0.00..5.45 rows=102 width=0)
	        Index Cond: ((k >= 4813597) AND (k <= 4813697))

table 4 : explain SELECT k, c FROM sbtest4 WHERE k BETWEEN 4813597 AND 4813697
	Bitmap Heap Scan on sbtest4  (cost=5.41..382.02 rows=95 width=125)
	  Recheck Cond: ((k >= 4813597) AND (k <= 4813697))
	  ->  Bitmap Index Scan on k_4  (cost=0.00..5.38 rows=95 width=0)
	        Index Cond: ((k >= 4813597) AND (k <= 4813697))

table 5 : explain SELECT k, c FROM sbtest5 WHERE k BETWEEN 4813597 AND 4813697
	Bitmap Heap Scan on sbtest5  (cost=5.50..417.55 rows=104 width=125)
	  Recheck Cond: ((k >= 4813597) AND (k <= 4813697))
	  ->  Bitmap Index Scan on k_5  (cost=0.00..5.47 rows=104 width=0)
	        Index Cond: ((k >= 4813597) AND (k <= 4813697))

table 6 : explain SELECT k, c FROM sbtest6 WHERE k BETWEEN 4813597 AND 4813697
	Bitmap Heap Scan on sbtest6  (cost=5.45..397.63 rows=99 width=125)
	  Recheck Cond: ((k >= 4813597) AND (k <= 4813697))
	  ->  Bitmap Index Scan on k_6  (cost=0.00..5.42 rows=99 width=0)
	        Index Cond: ((k >= 4813597) AND (k <= 4813697))

table 7 : explain SELECT k, c FROM sbtest7 WHERE k BETWEEN 4813597 AND 4813697
	Bitmap Heap Scan on sbtest7  (cost=5.50..417.28 rows=104 width=125)
	  Recheck Cond: ((k >= 4813597) AND (k <= 4813697))
	  ->  Bitmap Index Scan on k_7  (cost=0.00..5.47 rows=104 width=0)
	        Index Cond: ((k >= 4813597) AND (k <= 4813697))

table 8 : explain SELECT k, c FROM sbtest8 WHERE k BETWEEN 4813597 AND 4813697
	Bitmap Heap Scan on sbtest8  (cost=5.38..369.97 rows=92 width=125)
	  Recheck Cond: ((k >= 4813597) AND (k <= 4813697))
	  ->  Bitmap Index Scan on k_8  (cost=0.00..5.35 rows=92 width=0)
	        Index Cond: ((k >= 4813597) AND (k <= 4813697))


explain: for range-notcovered :: explain SELECT k, c FROM sbtest%d WHERE k BETWEEN 6246463 AND 6246563
explain: for range-notcovered :: explain SELECT k, c FROM sbtest%d WHERE k BETWEEN 6505532 AND 6505632
explain: for range-notcovered :: explain SELECT k, c FROM sbtest%d WHERE k BETWEEN 7465771 AND 7465871
for range-notcovered
table 1 : explain SELECT k, c FROM sbtest1 WHERE k BETWEEN 1363981 AND 1364081
	Bitmap Heap Scan on sbtest1  (cost=5.46..401.52 rows=100 width=125)
	  Recheck Cond: ((k >= 1363981) AND (k <= 1364081))
	  ->  Bitmap Index Scan on k_1  (cost=0.00..5.43 rows=100 width=0)
	        Index Cond: ((k >= 1363981) AND (k <= 1364081))

table 2 : explain SELECT k, c FROM sbtest2 WHERE k BETWEEN 1363981 AND 1364081
	Bitmap Heap Scan on sbtest2  (cost=5.45..397.59 rows=99 width=125)
	  Recheck Cond: ((k >= 1363981) AND (k <= 1364081))
	  ->  Bitmap Index Scan on k_2  (cost=0.00..5.42 rows=99 width=0)
	        Index Cond: ((k >= 1363981) AND (k <= 1364081))

table 3 : explain SELECT k, c FROM sbtest3 WHERE k BETWEEN 1363981 AND 1364081
	Bitmap Heap Scan on sbtest3  (cost=5.62..464.61 rows=116 width=125)
	  Recheck Cond: ((k >= 1363981) AND (k <= 1364081))
	  ->  Bitmap Index Scan on k_3  (cost=0.00..5.59 rows=116 width=0)
	        Index Cond: ((k >= 1363981) AND (k <= 1364081))

table 4 : explain SELECT k, c FROM sbtest4 WHERE k BETWEEN 1363981 AND 1364081
	Bitmap Heap Scan on sbtest4  (cost=5.53..429.39 rows=107 width=125)
	  Recheck Cond: ((k >= 1363981) AND (k <= 1364081))
	  ->  Bitmap Index Scan on k_4  (cost=0.00..5.50 rows=107 width=0)
	        Index Cond: ((k >= 1363981) AND (k <= 1364081))

table 5 : explain SELECT k, c FROM sbtest5 WHERE k BETWEEN 1363981 AND 1364081
	Bitmap Heap Scan on sbtest5  (cost=5.45..397.82 rows=99 width=125)
	  Recheck Cond: ((k >= 1363981) AND (k <= 1364081))
	  ->  Bitmap Index Scan on k_5  (cost=0.00..5.42 rows=99 width=0)
	        Index Cond: ((k >= 1363981) AND (k <= 1364081))

table 6 : explain SELECT k, c FROM sbtest6 WHERE k BETWEEN 1363981 AND 1364081
	Bitmap Heap Scan on sbtest6  (cost=5.52..425.23 rows=106 width=125)
	  Recheck Cond: ((k >= 1363981) AND (k <= 1364081))
	  ->  Bitmap Index Scan on k_6  (cost=0.00..5.50 rows=106 width=0)
	        Index Cond: ((k >= 1363981) AND (k <= 1364081))

table 7 : explain SELECT k, c FROM sbtest7 WHERE k BETWEEN 1363981 AND 1364081
	Bitmap Heap Scan on sbtest7  (cost=5.46..401.51 rows=100 width=125)
	  Recheck Cond: ((k >= 1363981) AND (k <= 1364081))
	  ->  Bitmap Index Scan on k_7  (cost=0.00..5.43 rows=100 width=0)
	        Index Cond: ((k >= 1363981) AND (k <= 1364081))

table 8 : explain SELECT k, c FROM sbtest8 WHERE k BETWEEN 1363981 AND 1364081
	Bitmap Heap Scan on sbtest8  (cost=5.53..429.13 rows=107 width=125)
	  Recheck Cond: ((k >= 1363981) AND (k <= 1364081))
	  ->  Bitmap Index Scan on k_8  (cost=0.00..5.50 rows=107 width=0)
	        Index Cond: ((k >= 1363981) AND (k <= 1364081))


for range-notcovered
table 1 : explain SELECT k, c FROM sbtest1 WHERE k BETWEEN 9039001 AND 9039101
	Bitmap Heap Scan on sbtest1  (cost=5.53..429.12 rows=107 width=125)
	  Recheck Cond: ((k >= 9039001) AND (k <= 9039101))
	  ->  Bitmap Index Scan on k_1  (cost=0.00..5.50 rows=107 width=0)
	        Index Cond: ((k >= 9039001) AND (k <= 9039101))

table 2 : explain SELECT k, c FROM sbtest2 WHERE k BETWEEN 9039001 AND 9039101
	Bitmap Heap Scan on sbtest2  (cost=5.53..429.14 rows=107 width=125)
	  Recheck Cond: ((k >= 9039001) AND (k <= 9039101))
	  ->  Bitmap Index Scan on k_2  (cost=0.00..5.50 rows=107 width=0)
	        Index Cond: ((k >= 9039001) AND (k <= 9039101))

table 3 : explain SELECT k, c FROM sbtest3 WHERE k BETWEEN 9039001 AND 9039101
	Bitmap Heap Scan on sbtest3  (cost=5.52..425.21 rows=106 width=125)
	  Recheck Cond: ((k >= 9039001) AND (k <= 9039101))
	  ->  Bitmap Index Scan on k_3  (cost=0.00..5.50 rows=106 width=0)
	        Index Cond: ((k >= 9039001) AND (k <= 9039101))

table 4 : explain SELECT k, c FROM sbtest4 WHERE k BETWEEN 9039001 AND 9039101
	Bitmap Heap Scan on sbtest4  (cost=5.42..385.97 rows=96 width=125)
	  Recheck Cond: ((k >= 9039001) AND (k <= 9039101))
	  ->  Bitmap Index Scan on k_4  (cost=0.00..5.39 rows=96 width=0)
	        Index Cond: ((k >= 9039001) AND (k <= 9039101))

table 5 : explain SELECT k, c FROM sbtest5 WHERE k BETWEEN 9039001 AND 9039101
	Bitmap Heap Scan on sbtest5  (cost=5.52..425.44 rows=106 width=125)
	  Recheck Cond: ((k >= 9039001) AND (k <= 9039101))
	  ->  Bitmap Index Scan on k_5  (cost=0.00..5.50 rows=106 width=0)
	        Index Cond: ((k >= 9039001) AND (k <= 9039101))

table 6 : explain SELECT k, c FROM sbtest6 WHERE k BETWEEN 9039001 AND 9039101
	Bitmap Heap Scan on sbtest6  (cost=5.45..397.63 rows=99 width=125)
	  Recheck Cond: ((k >= 9039001) AND (k <= 9039101))
	  ->  Bitmap Index Scan on k_6  (cost=0.00..5.42 rows=99 width=0)
	        Index Cond: ((k >= 9039001) AND (k <= 9039101))

table 7 : explain SELECT k, c FROM sbtest7 WHERE k BETWEEN 9039001 AND 9039101
	Bitmap Heap Scan on sbtest7  (cost=5.52..425.16 rows=106 width=125)
	  Recheck Cond: ((k >= 9039001) AND (k <= 9039101))
	  ->  Bitmap Index Scan on k_7  (cost=0.00..5.50 rows=106 width=0)
	        Index Cond: ((k >= 9039001) AND (k <= 9039101))

table 8 : explain SELECT k, c FROM sbtest8 WHERE k BETWEEN 9039001 AND 9039101
	Bitmap Heap Scan on sbtest8  (cost=5.46..401.53 rows=100 width=125)
	  Recheck Cond: ((k >= 9039001) AND (k <= 9039101))
	  ->  Bitmap Index Scan on k_8  (cost=0.00..5.43 rows=100 width=0)
	        Index Cond: ((k >= 9039001) AND (k <= 9039101))

for range-notcovered
table 1 : explain SELECT k, c FROM sbtest1 WHERE k BETWEEN 5712429 AND 5712529
	Bitmap Heap Scan on sbtest1  (cost=5.52..425.18 rows=106 width=125)
	  Recheck Cond: ((k >= 5712429) AND (k <= 5712529))
	  ->  Bitmap Index Scan on k_1  (cost=0.00..5.50 rows=106 width=0)
	        Index Cond: ((k >= 5712429) AND (k <= 5712529))

table 2 : explain SELECT k, c FROM sbtest2 WHERE k BETWEEN 5712429 AND 5712529
	Bitmap Heap Scan on sbtest2  (cost=5.47..405.48 rows=101 width=125)
	  Recheck Cond: ((k >= 5712429) AND (k <= 5712529))
	  ->  Bitmap Index Scan on k_2  (cost=0.00..5.44 rows=101 width=0)
	        Index Cond: ((k >= 5712429) AND (k <= 5712529))

table 3 : explain SELECT k, c FROM sbtest3 WHERE k BETWEEN 5712429 AND 5712529
	Bitmap Heap Scan on sbtest3  (cost=5.50..417.32 rows=104 width=125)
	  Recheck Cond: ((k >= 5712429) AND (k <= 5712529))
	  ->  Bitmap Index Scan on k_3  (cost=0.00..5.47 rows=104 width=0)
	        Index Cond: ((k >= 5712429) AND (k <= 5712529))

table 4 : explain SELECT k, c FROM sbtest4 WHERE k BETWEEN 5712429 AND 5712529
	Bitmap Heap Scan on sbtest4  (cost=5.48..409.66 rows=102 width=125)
	  Recheck Cond: ((k >= 5712429) AND (k <= 5712529))
	  ->  Bitmap Index Scan on k_4  (cost=0.00..5.45 rows=102 width=0)
	        Index Cond: ((k >= 5712429) AND (k <= 5712529))

table 5 : explain SELECT k, c FROM sbtest5 WHERE k BETWEEN 5712429 AND 5712529
	Bitmap Heap Scan on sbtest5  (cost=5.37..366.22 rows=91 width=125)
	  Recheck Cond: ((k >= 5712429) AND (k <= 5712529))
	  ->  Bitmap Index Scan on k_5  (cost=0.00..5.34 rows=91 width=0)
	        Index Cond: ((k >= 5712429) AND (k <= 5712529))

table 6 : explain SELECT k, c FROM sbtest6 WHERE k BETWEEN 5712429 AND 5712529
	Bitmap Heap Scan on sbtest6  (cost=5.50..417.35 rows=104 width=125)
	  Recheck Cond: ((k >= 5712429) AND (k <= 5712529))
	  ->  Bitmap Index Scan on k_6  (cost=0.00..5.47 rows=104 width=0)
	        Index Cond: ((k >= 5712429) AND (k <= 5712529))

table 7 : explain SELECT k, c FROM sbtest7 WHERE k BETWEEN 5712429 AND 5712529
	Bitmap Heap Scan on sbtest7  (cost=5.49..413.34 rows=103 width=125)
	  Recheck Cond: ((k >= 5712429) AND (k <= 5712529))
	  ->  Bitmap Index Scan on k_7  (cost=0.00..5.46 rows=103 width=0)
	        Index Cond: ((k >= 5712429) AND (k <= 5712529))

table 8 : explain SELECT k, c FROM sbtest8 WHERE k BETWEEN 5712429 AND 5712529
	Bitmap Heap Scan on sbtest8  (cost=5.50..417.31 rows=104 width=125)
	  Recheck Cond: ((k >= 5712429) AND (k <= 5712529))
	  ->  Bitmap Index Scan on k_8  (cost=0.00..5.47 rows=104 width=0)
	        Index Cond: ((k >= 5712429) AND (k <= 5712529))


for range-notcovered
table 1 : explain SELECT k, c FROM sbtest1 WHERE k BETWEEN 4414696 AND 4414796
	Bitmap Heap Scan on sbtest1  (cost=5.54..433.06 rows=108 width=125)
	  Recheck Cond: ((k >= 4414696) AND (k <= 4414796))
	  ->  Bitmap Index Scan on k_1  (cost=0.00..5.51 rows=108 width=0)
	        Index Cond: ((k >= 4414696) AND (k <= 4414796))

table 2 : explain SELECT k, c FROM sbtest2 WHERE k BETWEEN 4414696 AND 4414796
	Bitmap Heap Scan on sbtest2  (cost=5.54..433.08 rows=108 width=125)
	  Recheck Cond: ((k >= 4414696) AND (k <= 4414796))
	  ->  Bitmap Index Scan on k_2  (cost=0.00..5.51 rows=108 width=0)
	        Index Cond: ((k >= 4414696) AND (k <= 4414796))

table 3 : explain SELECT k, c FROM sbtest3 WHERE k BETWEEN 4414696 AND 4414796
	Bitmap Heap Scan on sbtest3  (cost=5.46..401.55 rows=100 width=125)
	  Recheck Cond: ((k >= 4414696) AND (k <= 4414796))
	  ->  Bitmap Index Scan on k_3  (cost=0.00..5.43 rows=100 width=0)
	        Index Cond: ((k >= 4414696) AND (k <= 4414796))

table 4 : explain SELECT k, c FROM sbtest4 WHERE k BETWEEN 4414696 AND 4414796
	Bitmap Heap Scan on sbtest4  (cost=5.49..413.60 rows=103 width=125)
	  Recheck Cond: ((k >= 4414696) AND (k <= 4414796))
	  ->  Bitmap Index Scan on k_4  (cost=0.00..5.46 rows=103 width=0)
	        Index Cond: ((k >= 4414696) AND (k <= 4414796))

table 5 : explain SELECT k, c FROM sbtest5 WHERE k BETWEEN 4414696 AND 4414796
	Bitmap Heap Scan on sbtest5  (cost=5.56..441.22 rows=110 width=125)
	  Recheck Cond: ((k >= 4414696) AND (k <= 4414796))
	  ->  Bitmap Index Scan on k_5  (cost=0.00..5.53 rows=110 width=0)
	        Index Cond: ((k >= 4414696) AND (k <= 4414796))

table 6 : explain SELECT k, c FROM sbtest6 WHERE k BETWEEN 4414696 AND 4414796
	Bitmap Heap Scan on sbtest6  (cost=5.50..417.35 rows=104 width=125)
	  Recheck Cond: ((k >= 4414696) AND (k <= 4414796))
	  ->  Bitmap Index Scan on k_6  (cost=0.00..5.47 rows=104 width=0)
	        Index Cond: ((k >= 4414696) AND (k <= 4414796))

table 7 : explain SELECT k, c FROM sbtest7 WHERE k BETWEEN 4414696 AND 4414796
	Bitmap Heap Scan on sbtest7  (cost=5.34..354.16 rows=88 width=125)
	  Recheck Cond: ((k >= 4414696) AND (k <= 4414796))
	  ->  Bitmap Index Scan on k_7  (cost=0.00..5.31 rows=88 width=0)
	        Index Cond: ((k >= 4414696) AND (k <= 4414796))

table 8 : explain SELECT k, c FROM sbtest8 WHERE k BETWEEN 4414696 AND 4414796
	Bitmap Heap Scan on sbtest8  (cost=5.51..421.25 rows=105 width=125)
	  Recheck Cond: ((k >= 4414696) AND (k <= 4414796))
	  ->  Bitmap Index Scan on k_8  (cost=0.00..5.48 rows=105 width=0)
	        Index Cond: ((k >= 4414696) AND (k <= 4414796))

explain: for range-notcovered :: explain SELECT k, c FROM sbtest%d WHERE k BETWEEN 9039001 AND 9039101
explain: for range-notcovered :: explain SELECT k, c FROM sbtest%d WHERE k BETWEEN 4324418 AND 4324518
explain: for range-notcovered :: explain SELECT k, c FROM sbtest%d WHERE k BETWEEN 6132863 AND 6132963

explain: for range-notcovered :: explain SELECT k, c FROM sbtest%d WHERE k BETWEEN 5737342 AND 5737442
explain: for range-notcovered :: explain SELECT k, c FROM sbtest%d WHERE k BETWEEN 1363981 AND 1364081
explain: for range-notcovered :: explain SELECT k, c FROM sbtest%d WHERE k BETWEEN 4813597 AND 4813697
for range-notcovered
table 1 : explain SELECT k, c FROM sbtest1 WHERE k BETWEEN 2531241 AND 2531341
	Bitmap Heap Scan on sbtest1  (cost=5.51..421.23 rows=105 width=125)
	  Recheck Cond: ((k >= 2531241) AND (k <= 2531341))
	  ->  Bitmap Index Scan on k_1  (cost=0.00..5.48 rows=105 width=0)
	        Index Cond: ((k >= 2531241) AND (k <= 2531341))

table 2 : explain SELECT k, c FROM sbtest2 WHERE k BETWEEN 2531241 AND 2531341
	Bitmap Heap Scan on sbtest2  (cost=5.50..417.31 rows=104 width=125)
	  Recheck Cond: ((k >= 2531241) AND (k <= 2531341))
	  ->  Bitmap Index Scan on k_2  (cost=0.00..5.47 rows=104 width=0)
	        Index Cond: ((k >= 2531241) AND (k <= 2531341))

table 3 : explain SELECT k, c FROM sbtest3 WHERE k BETWEEN 2531241 AND 2531341
	Bitmap Heap Scan on sbtest3  (cost=5.45..397.61 rows=99 width=125)
	  Recheck Cond: ((k >= 2531241) AND (k <= 2531341))
	  ->  Bitmap Index Scan on k_3  (cost=0.00..5.42 rows=99 width=0)
	        Index Cond: ((k >= 2531241) AND (k <= 2531341))

table 4 : explain SELECT k, c FROM sbtest4 WHERE k BETWEEN 2531241 AND 2531341
	Bitmap Heap Scan on sbtest4  (cost=5.47..405.71 rows=101 width=125)
	  Recheck Cond: ((k >= 2531241) AND (k <= 2531341))
	  ->  Bitmap Index Scan on k_4  (cost=0.00..5.44 rows=101 width=0)
	        Index Cond: ((k >= 2531241) AND (k <= 2531341))

table 5 : explain SELECT k, c FROM sbtest5 WHERE k BETWEEN 2531241 AND 2531341
	Bitmap Heap Scan on sbtest5  (cost=5.49..413.61 rows=103 width=125)
	  Recheck Cond: ((k >= 2531241) AND (k <= 2531341))
	  ->  Bitmap Index Scan on k_5  (cost=0.00..5.46 rows=103 width=0)
	        Index Cond: ((k >= 2531241) AND (k <= 2531341))

table 6 : explain SELECT k, c FROM sbtest6 WHERE k BETWEEN 2531241 AND 2531341
	Bitmap Heap Scan on sbtest6  (cost=5.44..393.68 rows=98 width=125)
	  Recheck Cond: ((k >= 2531241) AND (k <= 2531341))
	  ->  Bitmap Index Scan on k_6  (cost=0.00..5.42 rows=98 width=0)
	        Index Cond: ((k >= 2531241) AND (k <= 2531341))

table 7 : explain SELECT k, c FROM sbtest7 WHERE k BETWEEN 2531241 AND 2531341
	Bitmap Heap Scan on sbtest7  (cost=5.41..381.79 rows=95 width=125)
	  Recheck Cond: ((k >= 2531241) AND (k <= 2531341))
	  ->  Bitmap Index Scan on k_7  (cost=0.00..5.38 rows=95 width=0)
	        Index Cond: ((k >= 2531241) AND (k <= 2531341))

table 8 : explain SELECT k, c FROM sbtest8 WHERE k BETWEEN 2531241 AND 2531341
	Bitmap Heap Scan on sbtest8  (cost=5.43..389.70 rows=97 width=125)
	  Recheck Cond: ((k >= 2531241) AND (k <= 2531341))
	  ->  Bitmap Index Scan on k_8  (cost=0.00..5.40 rows=97 width=0)
	        Index Cond: ((k >= 2531241) AND (k <= 2531341))

explain: for range-notcovered :: explain SELECT k, c FROM sbtest%d WHERE k BETWEEN 397393 AND 397493
explain: for range-notcovered :: explain SELECT k, c FROM sbtest%d WHERE k BETWEEN 4019169 AND 4019269
explain: for range-notcovered :: explain SELECT k, c FROM sbtest%d WHERE k BETWEEN 5712429 AND 5712529
explain: for range-notcovered :: explain SELECT k, c FROM sbtest%d WHERE k BETWEEN 2531241 AND 2531341
for range-notcovered
table 1 : explain SELECT k, c FROM sbtest1 WHERE k BETWEEN 1338578 AND 1338678
	Bitmap Heap Scan on sbtest1  (cost=5.46..401.52 rows=100 width=125)
	  Recheck Cond: ((k >= 1338578) AND (k <= 1338678))
	  ->  Bitmap Index Scan on k_1  (cost=0.00..5.43 rows=100 width=0)
	        Index Cond: ((k >= 1338578) AND (k <= 1338678))

table 2 : explain SELECT k, c FROM sbtest2 WHERE k BETWEEN 1338578 AND 1338678
	Bitmap Heap Scan on sbtest2  (cost=5.53..429.14 rows=107 width=125)
	  Recheck Cond: ((k >= 1338578) AND (k <= 1338678))
	  ->  Bitmap Index Scan on k_2  (cost=0.00..5.50 rows=107 width=0)
	        Index Cond: ((k >= 1338578) AND (k <= 1338678))

table 3 : explain SELECT k, c FROM sbtest3 WHERE k BETWEEN 1338578 AND 1338678
	Bitmap Heap Scan on sbtest3  (cost=5.62..464.61 rows=116 width=125)
	  Recheck Cond: ((k >= 1338578) AND (k <= 1338678))
	  ->  Bitmap Index Scan on k_3  (cost=0.00..5.59 rows=116 width=0)
	        Index Cond: ((k >= 1338578) AND (k <= 1338678))

table 4 : explain SELECT k, c FROM sbtest4 WHERE k BETWEEN 1338578 AND 1338678
	Bitmap Heap Scan on sbtest4  (cost=5.53..429.39 rows=107 width=125)
	  Recheck Cond: ((k >= 1338578) AND (k <= 1338678))
	  ->  Bitmap Index Scan on k_4  (cost=0.00..5.50 rows=107 width=0)
	        Index Cond: ((k >= 1338578) AND (k <= 1338678))

table 5 : explain SELECT k, c FROM sbtest5 WHERE k BETWEEN 1338578 AND 1338678
	Bitmap Heap Scan on sbtest5  (cost=5.45..397.82 rows=99 width=125)
	  Recheck Cond: ((k >= 1338578) AND (k <= 1338678))
	  ->  Bitmap Index Scan on k_5  (cost=0.00..5.42 rows=99 width=0)
	        Index Cond: ((k >= 1338578) AND (k <= 1338678))

table 6 : explain SELECT k, c FROM sbtest6 WHERE k BETWEEN 1338578 AND 1338678
	Bitmap Heap Scan on sbtest6  (cost=5.52..425.23 rows=106 width=125)
	  Recheck Cond: ((k >= 1338578) AND (k <= 1338678))
	  ->  Bitmap Index Scan on k_6  (cost=0.00..5.50 rows=106 width=0)
	        Index Cond: ((k >= 1338578) AND (k <= 1338678))

table 7 : explain SELECT k, c FROM sbtest7 WHERE k BETWEEN 1338578 AND 1338678
	Bitmap Heap Scan on sbtest7  (cost=5.46..401.51 rows=100 width=125)
	  Recheck Cond: ((k >= 1338578) AND (k <= 1338678))
	  ->  Bitmap Index Scan on k_7  (cost=0.00..5.43 rows=100 width=0)
	        Index Cond: ((k >= 1338578) AND (k <= 1338678))

table 8 : explain SELECT k, c FROM sbtest8 WHERE k BETWEEN 1338578 AND 1338678
	Bitmap Heap Scan on sbtest8  (cost=5.53..429.13 rows=107 width=125)
	  Recheck Cond: ((k >= 1338578) AND (k <= 1338678))
	  ->  Bitmap Index Scan on k_8  (cost=0.00..5.50 rows=107 width=0)
	        Index Cond: ((k >= 1338578) AND (k <= 1338678))

for range-notcovered
table 1 : explain SELECT k, c FROM sbtest1 WHERE k BETWEEN 9580805 AND 9580905
	Bitmap Heap Scan on sbtest1  (cost=5.53..429.12 rows=107 width=125)
	  Recheck Cond: ((k >= 9580805) AND (k <= 9580905))
	  ->  Bitmap Index Scan on k_1  (cost=0.00..5.50 rows=107 width=0)
	        Index Cond: ((k >= 9580805) AND (k <= 9580905))

table 2 : explain SELECT k, c FROM sbtest2 WHERE k BETWEEN 9580805 AND 9580905
	Bitmap Heap Scan on sbtest2  (cost=5.42..385.76 rows=96 width=125)
	  Recheck Cond: ((k >= 9580805) AND (k <= 9580905))
	  ->  Bitmap Index Scan on k_2  (cost=0.00..5.39 rows=96 width=0)
	        Index Cond: ((k >= 9580805) AND (k <= 9580905))

table 3 : explain SELECT k, c FROM sbtest3 WHERE k BETWEEN 9580805 AND 9580905
	Bitmap Heap Scan on sbtest3  (cost=5.45..397.61 rows=99 width=125)
	  Recheck Cond: ((k >= 9580805) AND (k <= 9580905))
	  ->  Bitmap Index Scan on k_3  (cost=0.00..5.42 rows=99 width=0)
	        Index Cond: ((k >= 9580805) AND (k <= 9580905))

table 4 : explain SELECT k, c FROM sbtest4 WHERE k BETWEEN 9580805 AND 9580905
	Bitmap Heap Scan on sbtest4  (cost=5.55..437.27 rows=109 width=125)
	  Recheck Cond: ((k >= 9580805) AND (k <= 9580905))
	  ->  Bitmap Index Scan on k_4  (cost=0.00..5.52 rows=109 width=0)
	        Index Cond: ((k >= 9580805) AND (k <= 9580905))

table 5 : explain SELECT k, c FROM sbtest5 WHERE k BETWEEN 9580805 AND 9580905
	Bitmap Heap Scan on sbtest5  (cost=5.43..389.92 rows=97 width=125)
	  Recheck Cond: ((k >= 9580805) AND (k <= 9580905))
	  ->  Bitmap Index Scan on k_5  (cost=0.00..5.40 rows=97 width=0)
	        Index Cond: ((k >= 9580805) AND (k <= 9580905))

table 6 : explain SELECT k, c FROM sbtest6 WHERE k BETWEEN 9580805 AND 9580905
	Bitmap Heap Scan on sbtest6  (cost=5.68..484.32 rows=121 width=125)
	  Recheck Cond: ((k >= 9580805) AND (k <= 9580905))
	  ->  Bitmap Index Scan on k_6  (cost=0.00..5.64 rows=121 width=0)
	        Index Cond: ((k >= 9580805) AND (k <= 9580905))

table 7 : explain SELECT k, c FROM sbtest7 WHERE k BETWEEN 9580805 AND 9580905
	Bitmap Heap Scan on sbtest7  (cost=5.52..425.16 rows=106 width=125)
	  Recheck Cond: ((k >= 9580805) AND (k <= 9580905))
	  ->  Bitmap Index Scan on k_7  (cost=0.00..5.50 rows=106 width=0)
	        Index Cond: ((k >= 9580805) AND (k <= 9580905))

table 8 : explain SELECT k, c FROM sbtest8 WHERE k BETWEEN 9580805 AND 9580905
	Bitmap Heap Scan on sbtest8  (cost=5.47..405.48 rows=101 width=125)
	  Recheck Cond: ((k >= 9580805) AND (k <= 9580905))
	  ->  Bitmap Index Scan on k_8  (cost=0.00..5.44 rows=101 width=0)
	        Index Cond: ((k >= 9580805) AND (k <= 9580905))

for range-notcovered
table 1 : explain SELECT k, c FROM sbtest1 WHERE k BETWEEN 3241696 AND 3241796
	Bitmap Heap Scan on sbtest1  (cost=5.45..397.58 rows=99 width=125)
	  Recheck Cond: ((k >= 3241696) AND (k <= 3241796))
	  ->  Bitmap Index Scan on k_1  (cost=0.00..5.42 rows=99 width=0)
	        Index Cond: ((k >= 3241696) AND (k <= 3241796))

table 2 : explain SELECT k, c FROM sbtest2 WHERE k BETWEEN 3241696 AND 3241796
	Bitmap Heap Scan on sbtest2  (cost=5.43..389.70 rows=97 width=125)
	  Recheck Cond: ((k >= 3241696) AND (k <= 3241796))
	  ->  Bitmap Index Scan on k_2  (cost=0.00..5.40 rows=97 width=0)
	        Index Cond: ((k >= 3241696) AND (k <= 3241796))

table 3 : explain SELECT k, c FROM sbtest3 WHERE k BETWEEN 3241696 AND 3241796
	Bitmap Heap Scan on sbtest3  (cost=5.51..421.27 rows=105 width=125)
	  Recheck Cond: ((k >= 3241696) AND (k <= 3241796))
	  ->  Bitmap Index Scan on k_3  (cost=0.00..5.48 rows=105 width=0)
	        Index Cond: ((k >= 3241696) AND (k <= 3241796))

table 4 : explain SELECT k, c FROM sbtest4 WHERE k BETWEEN 3241696 AND 3241796
	Bitmap Heap Scan on sbtest4  (cost=5.46..401.76 rows=100 width=125)
	  Recheck Cond: ((k >= 3241696) AND (k <= 3241796))
	  ->  Bitmap Index Scan on k_4  (cost=0.00..5.43 rows=100 width=0)
	        Index Cond: ((k >= 3241696) AND (k <= 3241796))

table 5 : explain SELECT k, c FROM sbtest5 WHERE k BETWEEN 3241696 AND 3241796
	Bitmap Heap Scan on sbtest5  (cost=5.38..370.17 rows=92 width=125)
	  Recheck Cond: ((k >= 3241696) AND (k <= 3241796))
	  ->  Bitmap Index Scan on k_5  (cost=0.00..5.35 rows=92 width=0)
	        Index Cond: ((k >= 3241696) AND (k <= 3241796))

table 6 : explain SELECT k, c FROM sbtest6 WHERE k BETWEEN 3241696 AND 3241796
	Bitmap Heap Scan on sbtest6  (cost=5.51..421.29 rows=105 width=125)
	  Recheck Cond: ((k >= 3241696) AND (k <= 3241796))
	  ->  Bitmap Index Scan on k_6  (cost=0.00..5.48 rows=105 width=0)
	        Index Cond: ((k >= 3241696) AND (k <= 3241796))

table 7 : explain SELECT k, c FROM sbtest7 WHERE k BETWEEN 3241696 AND 3241796
	Bitmap Heap Scan on sbtest7  (cost=5.48..409.40 rows=102 width=125)
	  Recheck Cond: ((k >= 3241696) AND (k <= 3241796))
	  ->  Bitmap Index Scan on k_7  (cost=0.00..5.45 rows=102 width=0)
	        Index Cond: ((k >= 3241696) AND (k <= 3241796))

table 8 : explain SELECT k, c FROM sbtest8 WHERE k BETWEEN 3241696 AND 3241796
	Bitmap Heap Scan on sbtest8  (cost=5.39..373.92 rows=93 width=125)
	  Recheck Cond: ((k >= 3241696) AND (k <= 3241796))
	  ->  Bitmap Index Scan on k_8  (cost=0.00..5.36 rows=93 width=0)
	        Index Cond: ((k >= 3241696) AND (k <= 3241796))

for range-notcovered
table 1 : explain SELECT k, c FROM sbtest1 WHERE k BETWEEN 5977647 AND 5977747
	Bitmap Heap Scan on sbtest1  (cost=5.41..381.80 rows=95 width=125)
	  Recheck Cond: ((k >= 5977647) AND (k <= 5977747))
	  ->  Bitmap Index Scan on k_1  (cost=0.00..5.38 rows=95 width=0)
	        Index Cond: ((k >= 5977647) AND (k <= 5977747))

table 2 : explain SELECT k, c FROM sbtest2 WHERE k BETWEEN 5977647 AND 5977747
	Bitmap Heap Scan on sbtest2  (cost=5.36..362.08 rows=90 width=125)
	  Recheck Cond: ((k >= 5977647) AND (k <= 5977747))
	  ->  Bitmap Index Scan on k_2  (cost=0.00..5.33 rows=90 width=0)
	        Index Cond: ((k >= 5977647) AND (k <= 5977747))

table 3 : explain SELECT k, c FROM sbtest3 WHERE k BETWEEN 5977647 AND 5977747
	Bitmap Heap Scan on sbtest3  (cost=5.52..425.21 rows=106 width=125)
	  Recheck Cond: ((k >= 5977647) AND (k <= 5977747))
	  ->  Bitmap Index Scan on k_3  (cost=0.00..5.50 rows=106 width=0)
	        Index Cond: ((k >= 5977647) AND (k <= 5977747))

table 4 : explain SELECT k, c FROM sbtest4 WHERE k BETWEEN 5977647 AND 5977747
	Bitmap Heap Scan on sbtest4  (cost=5.51..421.50 rows=105 width=125)
	  Recheck Cond: ((k >= 5977647) AND (k <= 5977747))
	  ->  Bitmap Index Scan on k_4  (cost=0.00..5.48 rows=105 width=0)
	        Index Cond: ((k >= 5977647) AND (k <= 5977747))

table 5 : explain SELECT k, c FROM sbtest5 WHERE k BETWEEN 5977647 AND 5977747
	Bitmap Heap Scan on sbtest5  (cost=5.57..445.16 rows=111 width=125)
	  Recheck Cond: ((k >= 5977647) AND (k <= 5977747))
	  ->  Bitmap Index Scan on k_5  (cost=0.00..5.54 rows=111 width=0)
	        Index Cond: ((k >= 5977647) AND (k <= 5977747))

table 6 : explain SELECT k, c FROM sbtest6 WHERE k BETWEEN 5977647 AND 5977747
	Bitmap Heap Scan on sbtest6  (cost=5.56..441.00 rows=110 width=125)
	  Recheck Cond: ((k >= 5977647) AND (k <= 5977747))
	  ->  Bitmap Index Scan on k_6  (cost=0.00..5.53 rows=110 width=0)
	        Index Cond: ((k >= 5977647) AND (k <= 5977747))

table 7 : explain SELECT k, c FROM sbtest7 WHERE k BETWEEN 5977647 AND 5977747
	Bitmap Heap Scan on sbtest7  (cost=5.50..417.28 rows=104 width=125)
	  Recheck Cond: ((k >= 5977647) AND (k <= 5977747))
	  ->  Bitmap Index Scan on k_7  (cost=0.00..5.47 rows=104 width=0)
	        Index Cond: ((k >= 5977647) AND (k <= 5977747))

table 8 : explain SELECT k, c FROM sbtest8 WHERE k BETWEEN 5977647 AND 5977747
	Bitmap Heap Scan on sbtest8  (cost=5.53..429.13 rows=107 width=125)
	  Recheck Cond: ((k >= 5977647) AND (k <= 5977747))
	  ->  Bitmap Index Scan on k_8  (cost=0.00..5.50 rows=107 width=0)
	        Index Cond: ((k >= 5977647) AND (k <= 5977747))

explain: for range-notcovered :: explain SELECT k, c FROM sbtest%d WHERE k BETWEEN 1338578 AND 1338678
for range-notcovered
table 1 : explain SELECT k, c FROM sbtest1 WHERE k BETWEEN 8312725 AND 8312825
	Bitmap Heap Scan on sbtest1  (cost=5.52..425.18 rows=106 width=125)
	  Recheck Cond: ((k >= 8312725) AND (k <= 8312825))
	  ->  Bitmap Index Scan on k_1  (cost=0.00..5.50 rows=106 width=0)
	        Index Cond: ((k >= 8312725) AND (k <= 8312825))

table 2 : explain SELECT k, c FROM sbtest2 WHERE k BETWEEN 8312725 AND 8312825
	Bitmap Heap Scan on sbtest2  (cost=5.51..421.25 rows=105 width=125)
	  Recheck Cond: ((k >= 8312725) AND (k <= 8312825))
	  ->  Bitmap Index Scan on k_2  (cost=0.00..5.48 rows=105 width=0)
	        Index Cond: ((k >= 8312725) AND (k <= 8312825))

table 3 : explain SELECT k, c FROM sbtest3 WHERE k BETWEEN 8312725 AND 8312825
	Bitmap Heap Scan on sbtest3  (cost=5.46..401.55 rows=100 width=125)
	  Recheck Cond: ((k >= 8312725) AND (k <= 8312825))
	  ->  Bitmap Index Scan on k_3  (cost=0.00..5.43 rows=100 width=0)
	        Index Cond: ((k >= 8312725) AND (k <= 8312825))

table 4 : explain SELECT k, c FROM sbtest4 WHERE k BETWEEN 8312725 AND 8312825
	Bitmap Heap Scan on sbtest4  (cost=5.45..397.82 rows=99 width=125)
	  Recheck Cond: ((k >= 8312725) AND (k <= 8312825))
	  ->  Bitmap Index Scan on k_4  (cost=0.00..5.42 rows=99 width=0)
	        Index Cond: ((k >= 8312725) AND (k <= 8312825))

table 5 : explain SELECT k, c FROM sbtest5 WHERE k BETWEEN 8312725 AND 8312825
	Bitmap Heap Scan on sbtest5  (cost=5.51..421.50 rows=105 width=125)
	  Recheck Cond: ((k >= 8312725) AND (k <= 8312825))
	  ->  Bitmap Index Scan on k_5  (cost=0.00..5.48 rows=105 width=0)
	        Index Cond: ((k >= 8312725) AND (k <= 8312825))

table 6 : explain SELECT k, c FROM sbtest6 WHERE k BETWEEN 8312725 AND 8312825
	Bitmap Heap Scan on sbtest6  (cost=5.45..397.63 rows=99 width=125)
	  Recheck Cond: ((k >= 8312725) AND (k <= 8312825))
	  ->  Bitmap Index Scan on k_6  (cost=0.00..5.42 rows=99 width=0)
	        Index Cond: ((k >= 8312725) AND (k <= 8312825))

table 7 : explain SELECT k, c FROM sbtest7 WHERE k BETWEEN 8312725 AND 8312825
	Bitmap Heap Scan on sbtest7  (cost=5.47..405.45 rows=101 width=125)
	  Recheck Cond: ((k >= 8312725) AND (k <= 8312825))
	  ->  Bitmap Index Scan on k_7  (cost=0.00..5.44 rows=101 width=0)
	        Index Cond: ((k >= 8312725) AND (k <= 8312825))

table 8 : explain SELECT k, c FROM sbtest8 WHERE k BETWEEN 8312725 AND 8312825
	Bitmap Heap Scan on sbtest8  (cost=5.50..417.31 rows=104 width=125)
	  Recheck Cond: ((k >= 8312725) AND (k <= 8312825))
	  ->  Bitmap Index Scan on k_8  (cost=0.00..5.47 rows=104 width=0)
	        Index Cond: ((k >= 8312725) AND (k <= 8312825))
explain: for range-notcovered :: explain SELECT k, c FROM sbtest%d WHERE k BETWEEN 3241696 AND 3241796
for range-notcovered
table 1 : explain SELECT k, c FROM sbtest1 WHERE k BETWEEN 3731536 AND 3731636
	Bitmap Heap Scan on sbtest1  (cost=5.57..444.88 rows=111 width=125)
	  Recheck Cond: ((k >= 3731536) AND (k <= 3731636))
	  ->  Bitmap Index Scan on k_1  (cost=0.00..5.54 rows=111 width=0)
	        Index Cond: ((k >= 3731536) AND (k <= 3731636))

table 2 : explain SELECT k, c FROM sbtest2 WHERE k BETWEEN 3731536 AND 3731636
	Bitmap Heap Scan on sbtest2  (cost=5.39..373.92 rows=93 width=125)
	  Recheck Cond: ((k >= 3731536) AND (k <= 3731636))
	  ->  Bitmap Index Scan on k_2  (cost=0.00..5.36 rows=93 width=0)
	        Index Cond: ((k >= 3731536) AND (k <= 3731636))

table 3 : explain SELECT k, c FROM sbtest3 WHERE k BETWEEN 3731536 AND 3731636
	Bitmap Heap Scan on sbtest3  (cost=5.42..385.77 rows=96 width=125)
	  Recheck Cond: ((k >= 3731536) AND (k <= 3731636))
	  ->  Bitmap Index Scan on k_3  (cost=0.00..5.39 rows=96 width=0)
	        Index Cond: ((k >= 3731536) AND (k <= 3731636))

table 4 : explain SELECT k, c FROM sbtest4 WHERE k BETWEEN 3731536 AND 3731636
	Bitmap Heap Scan on sbtest4  (cost=5.41..382.02 rows=95 width=125)
	  Recheck Cond: ((k >= 3731536) AND (k <= 3731636))
	  ->  Bitmap Index Scan on k_4  (cost=0.00..5.38 rows=95 width=0)
	        Index Cond: ((k >= 3731536) AND (k <= 3731636))

table 5 : explain SELECT k, c FROM sbtest5 WHERE k BETWEEN 3731536 AND 3731636
	Bitmap Heap Scan on sbtest5  (cost=5.64..472.76 rows=118 width=125)
	  Recheck Cond: ((k >= 3731536) AND (k <= 3731636))
	  ->  Bitmap Index Scan on k_5  (cost=0.00..5.61 rows=118 width=0)
	        Index Cond: ((k >= 3731536) AND (k <= 3731636))

table 6 : explain SELECT k, c FROM sbtest6 WHERE k BETWEEN 3731536 AND 3731636
	Bitmap Heap Scan on sbtest6  (cost=5.44..393.68 rows=98 width=125)
	  Recheck Cond: ((k >= 3731536) AND (k <= 3731636))
	  ->  Bitmap Index Scan on k_6  (cost=0.00..5.42 rows=98 width=0)
	        Index Cond: ((k >= 3731536) AND (k <= 3731636))

table 7 : explain SELECT k, c FROM sbtest7 WHERE k BETWEEN 3731536 AND 3731636
	Bitmap Heap Scan on sbtest7  (cost=5.53..429.10 rows=107 width=125)
	  Recheck Cond: ((k >= 3731536) AND (k <= 3731636))
	  ->  Bitmap Index Scan on k_7  (cost=0.00..5.50 rows=107 width=0)
	        Index Cond: ((k >= 3731536) AND (k <= 3731636))

table 8 : explain SELECT k, c FROM sbtest8 WHERE k BETWEEN 3731536 AND 3731636
	Bitmap Heap Scan on sbtest8  (cost=5.37..366.02 rows=91 width=125)
	  Recheck Cond: ((k >= 3731536) AND (k <= 3731636))
	  ->  Bitmap Index Scan on k_8  (cost=0.00..5.34 rows=91 width=0)
	        Index Cond: ((k >= 3731536) AND (k <= 3731636))

explain: for range-notcovered :: explain SELECT k, c FROM sbtest%d WHERE k BETWEEN 4414696 AND 4414796
for range-notcovered
table 1 : explain SELECT k, c FROM sbtest1 WHERE k BETWEEN 2295299 AND 2295399
	Bitmap Heap Scan on sbtest1  (cost=5.44..393.63 rows=98 width=125)
	  Recheck Cond: ((k >= 2295299) AND (k <= 2295399))
	  ->  Bitmap Index Scan on k_1  (cost=0.00..5.42 rows=98 width=0)
	        Index Cond: ((k >= 2295299) AND (k <= 2295399))

table 2 : explain SELECT k, c FROM sbtest2 WHERE k BETWEEN 2295299 AND 2295399
	Bitmap Heap Scan on sbtest2  (cost=5.40..377.87 rows=94 width=125)
	  Recheck Cond: ((k >= 2295299) AND (k <= 2295399))
	  ->  Bitmap Index Scan on k_2  (cost=0.00..5.38 rows=94 width=0)
	        Index Cond: ((k >= 2295299) AND (k <= 2295399))

table 3 : explain SELECT k, c FROM sbtest3 WHERE k BETWEEN 2295299 AND 2295399
	Bitmap Heap Scan on sbtest3  (cost=5.55..437.03 rows=109 width=125)
	  Recheck Cond: ((k >= 2295299) AND (k <= 2295399))
	  ->  Bitmap Index Scan on k_3  (cost=0.00..5.52 rows=109 width=0)
	        Index Cond: ((k >= 2295299) AND (k <= 2295399))

table 4 : explain SELECT k, c FROM sbtest4 WHERE k BETWEEN 2295299 AND 2295399
	Bitmap Heap Scan on sbtest4  (cost=5.44..393.87 rows=98 width=125)
	  Recheck Cond: ((k >= 2295299) AND (k <= 2295399))
	  ->  Bitmap Index Scan on k_4  (cost=0.00..5.42 rows=98 width=0)
	        Index Cond: ((k >= 2295299) AND (k <= 2295399))

table 5 : explain SELECT k, c FROM sbtest5 WHERE k BETWEEN 2295299 AND 2295399
	Bitmap Heap Scan on sbtest5  (cost=5.47..405.71 rows=101 width=125)
	  Recheck Cond: ((k >= 2295299) AND (k <= 2295399))
	  ->  Bitmap Index Scan on k_5  (cost=0.00..5.44 rows=101 width=0)
	        Index Cond: ((k >= 2295299) AND (k <= 2295399))

table 6 : explain SELECT k, c FROM sbtest6 WHERE k BETWEEN 2295299 AND 2295399
	Bitmap Heap Scan on sbtest6  (cost=5.48..409.46 rows=102 width=125)
	  Recheck Cond: ((k >= 2295299) AND (k <= 2295399))
	  ->  Bitmap Index Scan on k_6  (cost=0.00..5.45 rows=102 width=0)
	        Index Cond: ((k >= 2295299) AND (k <= 2295399))

table 7 : explain SELECT k, c FROM sbtest7 WHERE k BETWEEN 2295299 AND 2295399
	Bitmap Heap Scan on sbtest7  (cost=5.44..393.62 rows=98 width=125)
	  Recheck Cond: ((k >= 2295299) AND (k <= 2295399))
	  ->  Bitmap Index Scan on k_7  (cost=0.00..5.42 rows=98 width=0)
	        Index Cond: ((k >= 2295299) AND (k <= 2295399))

table 8 : explain SELECT k, c FROM sbtest8 WHERE k BETWEEN 2295299 AND 2295399
	Bitmap Heap Scan on sbtest8  (cost=5.61..460.65 rows=115 width=125)
	  Recheck Cond: ((k >= 2295299) AND (k <= 2295399))
	  ->  Bitmap Index Scan on k_8  (cost=0.00..5.58 rows=115 width=0)
	        Index Cond: ((k >= 2295299) AND (k <= 2295399))

explain: for range-notcovered :: explain SELECT k, c FROM sbtest%d WHERE k BETWEEN 3731536 AND 3731636
for range-notcovered
table 1 : explain SELECT k, c FROM sbtest1 WHERE k BETWEEN 499318 AND 499418
	Bitmap Heap Scan on sbtest1  (cost=5.50..417.29 rows=104 width=125)
	  Recheck Cond: ((k >= 499318) AND (k <= 499418))
	  ->  Bitmap Index Scan on k_1  (cost=0.00..5.47 rows=104 width=0)
	        Index Cond: ((k >= 499318) AND (k <= 499418))

table 2 : explain SELECT k, c FROM sbtest2 WHERE k BETWEEN 499318 AND 499418
	Bitmap Heap Scan on sbtest2  (cost=5.59..452.78 rows=113 width=125)
	  Recheck Cond: ((k >= 499318) AND (k <= 499418))
	  ->  Bitmap Index Scan on k_2  (cost=0.00..5.56 rows=113 width=0)
	        Index Cond: ((k >= 499318) AND (k <= 499418))

table 3 : explain SELECT k, c FROM sbtest3 WHERE k BETWEEN 499318 AND 499418
	Bitmap Heap Scan on sbtest3  (cost=5.44..393.66 rows=98 width=125)
	  Recheck Cond: ((k >= 499318) AND (k <= 499418))
	  ->  Bitmap Index Scan on k_3  (cost=0.00..5.42 rows=98 width=0)
	        Index Cond: ((k >= 499318) AND (k <= 499418))

table 4 : explain SELECT k, c FROM sbtest4 WHERE k BETWEEN 499318 AND 499418
	Bitmap Heap Scan on sbtest4  (cost=5.47..405.71 rows=101 width=125)
	  Recheck Cond: ((k >= 499318) AND (k <= 499418))
	  ->  Bitmap Index Scan on k_4  (cost=0.00..5.44 rows=101 width=0)
	        Index Cond: ((k >= 499318) AND (k <= 499418))

table 5 : explain SELECT k, c FROM sbtest5 WHERE k BETWEEN 499318 AND 499418
	Bitmap Heap Scan on sbtest5  (cost=5.38..370.17 rows=92 width=125)
	  Recheck Cond: ((k >= 499318) AND (k <= 499418))
	  ->  Bitmap Index Scan on k_5  (cost=0.00..5.35 rows=92 width=0)
	        Index Cond: ((k >= 499318) AND (k <= 499418))

table 6 : explain SELECT k, c FROM sbtest6 WHERE k BETWEEN 499318 AND 499418
	Bitmap Heap Scan on sbtest6  (cost=5.57..444.94 rows=111 width=125)
	  Recheck Cond: ((k >= 499318) AND (k <= 499418))
	  ->  Bitmap Index Scan on k_6  (cost=0.00..5.54 rows=111 width=0)
	        Index Cond: ((k >= 499318) AND (k <= 499418))

table 7 : explain SELECT k, c FROM sbtest7 WHERE k BETWEEN 499318 AND 499418
	Bitmap Heap Scan on sbtest7  (cost=5.42..385.73 rows=96 width=125)
	  Recheck Cond: ((k >= 499318) AND (k <= 499418))
	  ->  Bitmap Index Scan on k_7  (cost=0.00..5.39 rows=96 width=0)
	        Index Cond: ((k >= 499318) AND (k <= 499418))

table 8 : explain SELECT k, c FROM sbtest8 WHERE k BETWEEN 499318 AND 499418
	Bitmap Heap Scan on sbtest8  (cost=5.50..417.31 rows=104 width=125)
	  Recheck Cond: ((k >= 499318) AND (k <= 499418))
	  ->  Bitmap Index Scan on k_8  (cost=0.00..5.47 rows=104 width=0)
	        Index Cond: ((k >= 499318) AND (k <= 499418))

for range-notcovered
table 1 : explain SELECT k, c FROM sbtest1 WHERE k BETWEEN 5454301 AND 5454401
	Bitmap Heap Scan on sbtest1  (cost=5.54..433.06 rows=108 width=125)
	  Recheck Cond: ((k >= 5454301) AND (k <= 5454401))
	  ->  Bitmap Index Scan on k_1  (cost=0.00..5.51 rows=108 width=0)
	        Index Cond: ((k >= 5454301) AND (k <= 5454401))

table 2 : explain SELECT k, c FROM sbtest2 WHERE k BETWEEN 5454301 AND 5454401
	Bitmap Heap Scan on sbtest2  (cost=5.40..377.87 rows=94 width=125)
	  Recheck Cond: ((k >= 5454301) AND (k <= 5454401))
	  ->  Bitmap Index Scan on k_2  (cost=0.00..5.38 rows=94 width=0)
	        Index Cond: ((k >= 5454301) AND (k <= 5454401))

table 3 : explain SELECT k, c FROM sbtest3 WHERE k BETWEEN 5454301 AND 5454401
	Bitmap Heap Scan on sbtest3  (cost=5.50..417.32 rows=104 width=125)
	  Recheck Cond: ((k >= 5454301) AND (k <= 5454401))
	  ->  Bitmap Index Scan on k_3  (cost=0.00..5.47 rows=104 width=0)
	        Index Cond: ((k >= 5454301) AND (k <= 5454401))

table 4 : explain SELECT k, c FROM sbtest4 WHERE k BETWEEN 5454301 AND 5454401
	Bitmap Heap Scan on sbtest4  (cost=5.51..421.50 rows=105 width=125)
	  Recheck Cond: ((k >= 5454301) AND (k <= 5454401))
	  ->  Bitmap Index Scan on k_4  (cost=0.00..5.48 rows=105 width=0)
	        Index Cond: ((k >= 5454301) AND (k <= 5454401))

table 5 : explain SELECT k, c FROM sbtest5 WHERE k BETWEEN 5454301 AND 5454401
	Bitmap Heap Scan on sbtest5  (cost=5.58..449.11 rows=112 width=125)
	  Recheck Cond: ((k >= 5454301) AND (k <= 5454401))
	  ->  Bitmap Index Scan on k_5  (cost=0.00..5.55 rows=112 width=0)
	        Index Cond: ((k >= 5454301) AND (k <= 5454401))

table 6 : explain SELECT k, c FROM sbtest6 WHERE k BETWEEN 5454301 AND 5454401
	Bitmap Heap Scan on sbtest6  (cost=5.54..433.11 rows=108 width=125)
	  Recheck Cond: ((k >= 5454301) AND (k <= 5454401))
	  ->  Bitmap Index Scan on k_6  (cost=0.00..5.51 rows=108 width=0)
	        Index Cond: ((k >= 5454301) AND (k <= 5454401))

table 7 : explain SELECT k, c FROM sbtest7 WHERE k BETWEEN 5454301 AND 5454401
	Bitmap Heap Scan on sbtest7  (cost=5.42..385.73 rows=96 width=125)
	  Recheck Cond: ((k >= 5454301) AND (k <= 5454401))
	  ->  Bitmap Index Scan on k_7  (cost=0.00..5.39 rows=96 width=0)
	        Index Cond: ((k >= 5454301) AND (k <= 5454401))

table 8 : explain SELECT k, c FROM sbtest8 WHERE k BETWEEN 5454301 AND 5454401
	Bitmap Heap Scan on sbtest8  (cost=5.46..401.53 rows=100 width=125)
	  Recheck Cond: ((k >= 5454301) AND (k <= 5454401))
	  ->  Bitmap Index Scan on k_8  (cost=0.00..5.43 rows=100 width=0)
	        Index Cond: ((k >= 5454301) AND (k <= 5454401))

explain: for range-notcovered :: explain SELECT k, c FROM sbtest%d WHERE k BETWEEN 9580805 AND 9580905
explain: for range-notcovered :: explain SELECT k, c FROM sbtest%d WHERE k BETWEEN 5977647 AND 5977747for range-notcovered
table 1 : explain SELECT k, c FROM sbtest1 WHERE k BETWEEN 6059499 AND 6059599
	Bitmap Heap Scan on sbtest1  (cost=5.42..385.74 rows=96 width=125)
	  Recheck Cond: ((k >= 6059499) AND (k <= 6059599))
	  ->  Bitmap Index Scan on k_1  (cost=0.00..5.39 rows=96 width=0)
	        Index Cond: ((k >= 6059499) AND (k <= 6059599))

table 2 : explain SELECT k, c FROM sbtest2 WHERE k BETWEEN 6059499 AND 6059599
	Bitmap Heap Scan on sbtest2  (cost=5.43..389.70 rows=97 width=125)
	  Recheck Cond: ((k >= 6059499) AND (k <= 6059599))
	  ->  Bitmap Index Scan on k_2  (cost=0.00..5.40 rows=97 width=0)
	        Index Cond: ((k >= 6059499) AND (k <= 6059599))

table 3 : explain SELECT k, c FROM sbtest3 WHERE k BETWEEN 6059499 AND 6059599
	Bitmap Heap Scan on sbtest3  (cost=5.50..417.32 rows=104 width=125)
	  Recheck Cond: ((k >= 6059499) AND (k <= 6059599))
	  ->  Bitmap Index Scan on k_3  (cost=0.00..5.47 rows=104 width=0)
	        Index Cond: ((k >= 6059499) AND (k <= 6059599))

table 4 : explain SELECT k, c FROM sbtest4 WHERE k BETWEEN 6059499 AND 6059599
	Bitmap Heap Scan on sbtest4  (cost=5.48..409.66 rows=102 width=125)
	  Recheck Cond: ((k >= 6059499) AND (k <= 6059599))
	  ->  Bitmap Index Scan on k_4  (cost=0.00..5.45 rows=102 width=0)
	        Index Cond: ((k >= 6059499) AND (k <= 6059599))

table 5 : explain SELECT k, c FROM sbtest5 WHERE k BETWEEN 6059499 AND 6059599
	Bitmap Heap Scan on sbtest5  (cost=5.57..445.16 rows=111 width=125)
	  Recheck Cond: ((k >= 6059499) AND (k <= 6059599))
	  ->  Bitmap Index Scan on k_5  (cost=0.00..5.54 rows=111 width=0)
	        Index Cond: ((k >= 6059499) AND (k <= 6059599))

table 6 : explain SELECT k, c FROM sbtest6 WHERE k BETWEEN 6059499 AND 6059599
	Bitmap Heap Scan on sbtest6  (cost=5.56..441.00 rows=110 width=125)
	  Recheck Cond: ((k >= 6059499) AND (k <= 6059599))
	  ->  Bitmap Index Scan on k_6  (cost=0.00..5.53 rows=110 width=0)
	        Index Cond: ((k >= 6059499) AND (k <= 6059599))

table 7 : explain SELECT k, c FROM sbtest7 WHERE k BETWEEN 6059499 AND 6059599
	Bitmap Heap Scan on sbtest7  (cost=5.50..417.28 rows=104 width=125)
	  Recheck Cond: ((k >= 6059499) AND (k <= 6059599))
	  ->  Bitmap Index Scan on k_7  (cost=0.00..5.47 rows=104 width=0)
	        Index Cond: ((k >= 6059499) AND (k <= 6059599))

table 8 : explain SELECT k, c FROM sbtest8 WHERE k BETWEEN 6059499 AND 6059599
	Bitmap Heap Scan on sbtest8  (cost=5.45..397.59 rows=99 width=125)
	  Recheck Cond: ((k >= 6059499) AND (k <= 6059599))
	  ->  Bitmap Index Scan on k_8  (cost=0.00..5.42 rows=99 width=0)
	        Index Cond: ((k >= 6059499) AND (k <= 6059599))
explain: for range-notcovered :: explain SELECT k, c FROM sbtest%d WHERE k BETWEEN 2295299 AND 2295399
explain: for range-notcovered :: explain SELECT k, c FROM sbtest%d WHERE k BETWEEN 5454301 AND 5454401for range-notcovered
table 1 : explain SELECT k, c FROM sbtest1 WHERE k BETWEEN 8172398 AND 8172498
	Bitmap Heap Scan on sbtest1  (cost=5.51..421.23 rows=105 width=125)
	  Recheck Cond: ((k >= 8172398) AND (k <= 8172498))
	  ->  Bitmap Index Scan on k_1  (cost=0.00..5.48 rows=105 width=0)
	        Index Cond: ((k >= 8172398) AND (k <= 8172498))

table 2 : explain SELECT k, c FROM sbtest2 WHERE k BETWEEN 8172398 AND 8172498
	Bitmap Heap Scan on sbtest2  (cost=5.36..362.08 rows=90 width=125)
	  Recheck Cond: ((k >= 8172398) AND (k <= 8172498))
	  ->  Bitmap Index Scan on k_2  (cost=0.00..5.33 rows=90 width=0)
	        Index Cond: ((k >= 8172398) AND (k <= 8172498))

table 3 : explain SELECT k, c FROM sbtest3 WHERE k BETWEEN 8172398 AND 8172498
	Bitmap Heap Scan on sbtest3  (cost=5.47..405.49 rows=101 width=125)
	  Recheck Cond: ((k >= 8172398) AND (k <= 8172498))
	  ->  Bitmap Index Scan on k_3  (cost=0.00..5.44 rows=101 width=0)
	        Index Cond: ((k >= 8172398) AND (k <= 8172498))

table 4 : explain SELECT k, c FROM sbtest4 WHERE k BETWEEN 8172398 AND 8172498
	Bitmap Heap Scan on sbtest4  (cost=5.50..417.55 rows=104 width=125)
	  Recheck Cond: ((k >= 8172398) AND (k <= 8172498))
	  ->  Bitmap Index Scan on k_4  (cost=0.00..5.47 rows=104 width=0)
	        Index Cond: ((k >= 8172398) AND (k <= 8172498))

table 5 : explain SELECT k, c FROM sbtest5 WHERE k BETWEEN 8172398 AND 8172498
	Bitmap Heap Scan on sbtest5  (cost=5.55..437.28 rows=109 width=125)
	  Recheck Cond: ((k >= 8172398) AND (k <= 8172498))
	  ->  Bitmap Index Scan on k_5  (cost=0.00..5.52 rows=109 width=0)
	        Index Cond: ((k >= 8172398) AND (k <= 8172498))

table 6 : explain SELECT k, c FROM sbtest6 WHERE k BETWEEN 8172398 AND 8172498
	Bitmap Heap Scan on sbtest6  (cost=5.47..405.52 rows=101 width=125)
	  Recheck Cond: ((k >= 8172398) AND (k <= 8172498))
	  ->  Bitmap Index Scan on k_6  (cost=0.00..5.44 rows=101 width=0)
	        Index Cond: ((k >= 8172398) AND (k <= 8172498))

table 7 : explain SELECT k, c FROM sbtest7 WHERE k BETWEEN 8172398 AND 8172498
	Bitmap Heap Scan on sbtest7  (cost=5.52..425.16 rows=106 width=125)
	  Recheck Cond: ((k >= 8172398) AND (k <= 8172498))
	  ->  Bitmap Index Scan on k_7  (cost=0.00..5.50 rows=106 width=0)
	        Index Cond: ((k >= 8172398) AND (k <= 8172498))

table 8 : explain SELECT k, c FROM sbtest8 WHERE k BETWEEN 8172398 AND 8172498
	Bitmap Heap Scan on sbtest8  (cost=5.43..389.70 rows=97 width=125)
	  Recheck Cond: ((k >= 8172398) AND (k <= 8172498))
	  ->  Bitmap Index Scan on k_8  (cost=0.00..5.40 rows=97 width=0)
	        Index Cond: ((k >= 8172398) AND (k <= 8172498))
for range-notcovered
table 1 : explain SELECT k, c FROM sbtest1 WHERE k BETWEEN 8536275 AND 8536375
	Bitmap Heap Scan on sbtest1  (cost=5.42..385.74 rows=96 width=125)
	  Recheck Cond: ((k >= 8536275) AND (k <= 8536375))
	  ->  Bitmap Index Scan on k_1  (cost=0.00..5.39 rows=96 width=0)
	        Index Cond: ((k >= 8536275) AND (k <= 8536375))

table 2 : explain SELECT k, c FROM sbtest2 WHERE k BETWEEN 8536275 AND 8536375
	Bitmap Heap Scan on sbtest2  (cost=5.43..389.70 rows=97 width=125)
	  Recheck Cond: ((k >= 8536275) AND (k <= 8536375))
	  ->  Bitmap Index Scan on k_2  (cost=0.00..5.40 rows=97 width=0)
	        Index Cond: ((k >= 8536275) AND (k <= 8536375))

table 3 : explain SELECT k, c FROM sbtest3 WHERE k BETWEEN 8536275 AND 8536375
	Bitmap Heap Scan on sbtest3  (cost=5.46..401.55 rows=100 width=125)
	  Recheck Cond: ((k >= 8536275) AND (k <= 8536375))
	  ->  Bitmap Index Scan on k_3  (cost=0.00..5.43 rows=100 width=0)
	        Index Cond: ((k >= 8536275) AND (k <= 8536375))

table 4 : explain SELECT k, c FROM sbtest4 WHERE k BETWEEN 8536275 AND 8536375
	Bitmap Heap Scan on sbtest4  (cost=5.51..421.50 rows=105 width=125)
	  Recheck Cond: ((k >= 8536275) AND (k <= 8536375))
	  ->  Bitmap Index Scan on k_4  (cost=0.00..5.48 rows=105 width=0)
	        Index Cond: ((k >= 8536275) AND (k <= 8536375))

table 5 : explain SELECT k, c FROM sbtest5 WHERE k BETWEEN 8536275 AND 8536375
	Bitmap Heap Scan on sbtest5  (cost=5.58..449.11 rows=112 width=125)
	  Recheck Cond: ((k >= 8536275) AND (k <= 8536375))
	  ->  Bitmap Index Scan on k_5  (cost=0.00..5.55 rows=112 width=0)
	        Index Cond: ((k >= 8536275) AND (k <= 8536375))

table 6 : explain SELECT k, c FROM sbtest6 WHERE k BETWEEN 8536275 AND 8536375
	Bitmap Heap Scan on sbtest6  (cost=5.39..373.95 rows=93 width=125)
	  Recheck Cond: ((k >= 8536275) AND (k <= 8536375))
	  ->  Bitmap Index Scan on k_6  (cost=0.00..5.36 rows=93 width=0)
	        Index Cond: ((k >= 8536275) AND (k <= 8536375))

table 7 : explain SELECT k, c FROM sbtest7 WHERE k BETWEEN 8536275 AND 8536375
	Bitmap Heap Scan on sbtest7  (cost=5.47..405.45 rows=101 width=125)
	  Recheck Cond: ((k >= 8536275) AND (k <= 8536375))
	  ->  Bitmap Index Scan on k_7  (cost=0.00..5.44 rows=101 width=0)
	        Index Cond: ((k >= 8536275) AND (k <= 8536375))

table 8 : explain SELECT k, c FROM sbtest8 WHERE k BETWEEN 8536275 AND 8536375
	Bitmap Heap Scan on sbtest8  (cost=5.47..405.48 rows=101 width=125)
	  Recheck Cond: ((k >= 8536275) AND (k <= 8536375))
	  ->  Bitmap Index Scan on k_8  (cost=0.00..5.44 rows=101 width=0)
	        Index Cond: ((k >= 8536275) AND (k <= 8536375))
for range-notcovered
table 1 : explain SELECT k, c FROM sbtest1 WHERE k BETWEEN 8547191 AND 8547291
	Bitmap Heap Scan on sbtest1  (cost=5.42..385.74 rows=96 width=125)
	  Recheck Cond: ((k >= 8547191) AND (k <= 8547291))
	  ->  Bitmap Index Scan on k_1  (cost=0.00..5.39 rows=96 width=0)
	        Index Cond: ((k >= 8547191) AND (k <= 8547291))

table 2 : explain SELECT k, c FROM sbtest2 WHERE k BETWEEN 8547191 AND 8547291
	Bitmap Heap Scan on sbtest2  (cost=5.43..389.70 rows=97 width=125)
	  Recheck Cond: ((k >= 8547191) AND (k <= 8547291))
	  ->  Bitmap Index Scan on k_2  (cost=0.00..5.40 rows=97 width=0)
	        Index Cond: ((k >= 8547191) AND (k <= 8547291))

table 3 : explain SELECT k, c FROM sbtest3 WHERE k BETWEEN 8547191 AND 8547291
	Bitmap Heap Scan on sbtest3  (cost=5.46..401.55 rows=100 width=125)
	  Recheck Cond: ((k >= 8547191) AND (k <= 8547291))
	  ->  Bitmap Index Scan on k_3  (cost=0.00..5.43 rows=100 width=0)
	        Index Cond: ((k >= 8547191) AND (k <= 8547291))

table 4 : explain SELECT k, c FROM sbtest4 WHERE k BETWEEN 8547191 AND 8547291
	Bitmap Heap Scan on sbtest4  (cost=5.51..421.50 rows=105 width=125)
	  Recheck Cond: ((k >= 8547191) AND (k <= 8547291))
	  ->  Bitmap Index Scan on k_4  (cost=0.00..5.48 rows=105 width=0)
	        Index Cond: ((k >= 8547191) AND (k <= 8547291))

table 5 : explain SELECT k, c FROM sbtest5 WHERE k BETWEEN 8547191 AND 8547291
	Bitmap Heap Scan on sbtest5  (cost=5.58..449.11 rows=112 width=125)
	  Recheck Cond: ((k >= 8547191) AND (k <= 8547291))
	  ->  Bitmap Index Scan on k_5  (cost=0.00..5.55 rows=112 width=0)
	        Index Cond: ((k >= 8547191) AND (k <= 8547291))

table 6 : explain SELECT k, c FROM sbtest6 WHERE k BETWEEN 8547191 AND 8547291
	Bitmap Heap Scan on sbtest6  (cost=5.45..397.63 rows=99 width=125)
	  Recheck Cond: ((k >= 8547191) AND (k <= 8547291))
	  ->  Bitmap Index Scan on k_6  (cost=0.00..5.42 rows=99 width=0)
	        Index Cond: ((k >= 8547191) AND (k <= 8547291))

table 7 : explain SELECT k, c FROM sbtest7 WHERE k BETWEEN 8547191 AND 8547291
	Bitmap Heap Scan on sbtest7  (cost=5.47..405.45 rows=101 width=125)
	  Recheck Cond: ((k >= 8547191) AND (k <= 8547291))
	  ->  Bitmap Index Scan on k_7  (cost=0.00..5.44 rows=101 width=0)
	        Index Cond: ((k >= 8547191) AND (k <= 8547291))

table 8 : explain SELECT k, c FROM sbtest8 WHERE k BETWEEN 8547191 AND 8547291
	Bitmap Heap Scan on sbtest8  (cost=5.47..405.48 rows=101 width=125)
	  Recheck Cond: ((k >= 8547191) AND (k <= 8547291))
	  ->  Bitmap Index Scan on k_8  (cost=0.00..5.44 rows=101 width=0)
	        Index Cond: ((k >= 8547191) AND (k <= 8547291))



explain: for range-notcovered :: explain SELECT k, c FROM sbtest%d WHERE k BETWEEN 8547191 AND 8547291
for range-notcovered
table 1 : explain SELECT k, c FROM sbtest1 WHERE k BETWEEN 5928016 AND 5928116
	Bitmap Heap Scan on sbtest1  (cost=5.41..381.80 rows=95 width=125)
	  Recheck Cond: ((k >= 5928016) AND (k <= 5928116))
	  ->  Bitmap Index Scan on k_1  (cost=0.00..5.38 rows=95 width=0)
	        Index Cond: ((k >= 5928016) AND (k <= 5928116))

table 2 : explain SELECT k, c FROM sbtest2 WHERE k BETWEEN 5928016 AND 5928116
	Bitmap Heap Scan on sbtest2  (cost=5.36..362.08 rows=90 width=125)
	  Recheck Cond: ((k >= 5928016) AND (k <= 5928116))
	  ->  Bitmap Index Scan on k_2  (cost=0.00..5.33 rows=90 width=0)
	        Index Cond: ((k >= 5928016) AND (k <= 5928116))

table 3 : explain SELECT k, c FROM sbtest3 WHERE k BETWEEN 5928016 AND 5928116
	Bitmap Heap Scan on sbtest3  (cost=5.52..425.21 rows=106 width=125)
	  Recheck Cond: ((k >= 5928016) AND (k <= 5928116))
	  ->  Bitmap Index Scan on k_3  (cost=0.00..5.50 rows=106 width=0)
	        Index Cond: ((k >= 5928016) AND (k <= 5928116))

table 4 : explain SELECT k, c FROM sbtest4 WHERE k BETWEEN 5928016 AND 5928116
	Bitmap Heap Scan on sbtest4  (cost=5.51..421.50 rows=105 width=125)
	  Recheck Cond: ((k >= 5928016) AND (k <= 5928116))
	  ->  Bitmap Index Scan on k_4  (cost=0.00..5.48 rows=105 width=0)
	        Index Cond: ((k >= 5928016) AND (k <= 5928116))

table 5 : explain SELECT k, c FROM sbtest5 WHERE k BETWEEN 5928016 AND 5928116
	Bitmap Heap Scan on sbtest5  (cost=5.41..382.02 rows=95 width=125)
	  Recheck Cond: ((k >= 5928016) AND (k <= 5928116))
	  ->  Bitmap Index Scan on k_5  (cost=0.00..5.38 rows=95 width=0)
	        Index Cond: ((k >= 5928016) AND (k <= 5928116))

table 6 : explain SELECT k, c FROM sbtest6 WHERE k BETWEEN 5928016 AND 5928116
	Bitmap Heap Scan on sbtest6  (cost=5.56..441.00 rows=110 width=125)
	  Recheck Cond: ((k >= 5928016) AND (k <= 5928116))
	  ->  Bitmap Index Scan on k_6  (cost=0.00..5.53 rows=110 width=0)
	        Index Cond: ((k >= 5928016) AND (k <= 5928116))

table 7 : explain SELECT k, c FROM sbtest7 WHERE k BETWEEN 5928016 AND 5928116
	Bitmap Heap Scan on sbtest7  (cost=5.45..397.57 rows=99 width=125)
	  Recheck Cond: ((k >= 5928016) AND (k <= 5928116))
	  ->  Bitmap Index Scan on k_7  (cost=0.00..5.42 rows=99 width=0)
	        Index Cond: ((k >= 5928016) AND (k <= 5928116))

table 8 : explain SELECT k, c FROM sbtest8 WHERE k BETWEEN 5928016 AND 5928116
	Bitmap Heap Scan on sbtest8  (cost=5.53..429.13 rows=107 width=125)
	  Recheck Cond: ((k >= 5928016) AND (k <= 5928116))
	  ->  Bitmap Index Scan on k_8  (cost=0.00..5.50 rows=107 width=0)
	        Index Cond: ((k >= 5928016) AND (k <= 5928116))

explain: for range-notcovered :: explain SELECT k, c FROM sbtest%d WHERE k BETWEEN 8312725 AND 8312825explain: for range-notcovered :: explain SELECT k, c FROM sbtest%d WHERE k BETWEEN 499318 AND 499418explain: for range-notcovered :: explain SELECT k, c FROM sbtest%d WHERE k BETWEEN 6059499 AND 6059599

for range-notcovered
table 1 : explain SELECT k, c FROM sbtest1 WHERE k BETWEEN 7876412 AND 7876512
	Bitmap Heap Scan on sbtest1  (cost=5.42..385.74 rows=96 width=125)
	  Recheck Cond: ((k >= 7876412) AND (k <= 7876512))
	  ->  Bitmap Index Scan on k_1  (cost=0.00..5.39 rows=96 width=0)
	        Index Cond: ((k >= 7876412) AND (k <= 7876512))

table 2 : explain SELECT k, c FROM sbtest2 WHERE k BETWEEN 7876412 AND 7876512
	Bitmap Heap Scan on sbtest2  (cost=5.48..409.43 rows=102 width=125)
	  Recheck Cond: ((k >= 7876412) AND (k <= 7876512))
	  ->  Bitmap Index Scan on k_2  (cost=0.00..5.45 rows=102 width=0)
	        Index Cond: ((k >= 7876412) AND (k <= 7876512))

table 3 : explain SELECT k, c FROM sbtest3 WHERE k BETWEEN 7876412 AND 7876512
	Bitmap Heap Scan on sbtest3  (cost=5.44..393.66 rows=98 width=125)
	  Recheck Cond: ((k >= 7876412) AND (k <= 7876512))
	  ->  Bitmap Index Scan on k_3  (cost=0.00..5.42 rows=98 width=0)
	        Index Cond: ((k >= 7876412) AND (k <= 7876512))

table 4 : explain SELECT k, c FROM sbtest4 WHERE k BETWEEN 7876412 AND 7876512
	Bitmap Heap Scan on sbtest4  (cost=5.49..413.60 rows=103 width=125)
	  Recheck Cond: ((k >= 7876412) AND (k <= 7876512))
	  ->  Bitmap Index Scan on k_4  (cost=0.00..5.46 rows=103 width=0)
	        Index Cond: ((k >= 7876412) AND (k <= 7876512))

table 5 : explain SELECT k, c FROM sbtest5 WHERE k BETWEEN 7876412 AND 7876512
	Bitmap Heap Scan on sbtest5  (cost=5.62..464.87 rows=116 width=125)
	  Recheck Cond: ((k >= 7876412) AND (k <= 7876512))
	  ->  Bitmap Index Scan on k_5  (cost=0.00..5.59 rows=116 width=0)
	        Index Cond: ((k >= 7876412) AND (k <= 7876512))

table 6 : explain SELECT k, c FROM sbtest6 WHERE k BETWEEN 7876412 AND 7876512
	Bitmap Heap Scan on sbtest6  (cost=5.51..421.29 rows=105 width=125)
	  Recheck Cond: ((k >= 7876412) AND (k <= 7876512))
	  ->  Bitmap Index Scan on k_6  (cost=0.00..5.48 rows=105 width=0)
	        Index Cond: ((k >= 7876412) AND (k <= 7876512))

table 7 : explain SELECT k, c FROM sbtest7 WHERE k BETWEEN 7876412 AND 7876512
	Bitmap Heap Scan on sbtest7  (cost=5.54..433.05 rows=108 width=125)
	  Recheck Cond: ((k >= 7876412) AND (k <= 7876512))
	  ->  Bitmap Index Scan on k_7  (cost=0.00..5.51 rows=108 width=0)
	        Index Cond: ((k >= 7876412) AND (k <= 7876512))

table 8 : explain SELECT k, c FROM sbtest8 WHERE k BETWEEN 7876412 AND 7876512
	Bitmap Heap Scan on sbtest8  (cost=5.59..452.77 rows=113 width=125)
	  Recheck Cond: ((k >= 7876412) AND (k <= 7876512))
	  ->  Bitmap Index Scan on k_8  (cost=0.00..5.56 rows=113 width=0)
	        Index Cond: ((k >= 7876412) AND (k <= 7876512))
for range-notcovered
table 1 : explain SELECT k, c FROM sbtest1 WHERE k BETWEEN 3275438 AND 3275538
	Bitmap Heap Scan on sbtest1  (cost=5.45..397.58 rows=99 width=125)
	  Recheck Cond: ((k >= 3275438) AND (k <= 3275538))
	  ->  Bitmap Index Scan on k_1  (cost=0.00..5.42 rows=99 width=0)
	        Index Cond: ((k >= 3275438) AND (k <= 3275538))

table 2 : explain SELECT k, c FROM sbtest2 WHERE k BETWEEN 3275438 AND 3275538
	Bitmap Heap Scan on sbtest2  (cost=5.41..381.81 rows=95 width=125)
	  Recheck Cond: ((k >= 3275438) AND (k <= 3275538))
	  ->  Bitmap Index Scan on k_2  (cost=0.00..5.38 rows=95 width=0)
	        Index Cond: ((k >= 3275438) AND (k <= 3275538))

table 3 : explain SELECT k, c FROM sbtest3 WHERE k BETWEEN 3275438 AND 3275538
	Bitmap Heap Scan on sbtest3  (cost=5.51..421.27 rows=105 width=125)
	  Recheck Cond: ((k >= 3275438) AND (k <= 3275538))
	  ->  Bitmap Index Scan on k_3  (cost=0.00..5.48 rows=105 width=0)
	        Index Cond: ((k >= 3275438) AND (k <= 3275538))

table 4 : explain SELECT k, c FROM sbtest4 WHERE k BETWEEN 3275438 AND 3275538
	Bitmap Heap Scan on sbtest4  (cost=5.46..401.76 rows=100 width=125)
	  Recheck Cond: ((k >= 3275438) AND (k <= 3275538))
	  ->  Bitmap Index Scan on k_4  (cost=0.00..5.43 rows=100 width=0)
	        Index Cond: ((k >= 3275438) AND (k <= 3275538))

table 5 : explain SELECT k, c FROM sbtest5 WHERE k BETWEEN 3275438 AND 3275538
	Bitmap Heap Scan on sbtest5  (cost=5.38..370.17 rows=92 width=125)
	  Recheck Cond: ((k >= 3275438) AND (k <= 3275538))
	  ->  Bitmap Index Scan on k_5  (cost=0.00..5.35 rows=92 width=0)
	        Index Cond: ((k >= 3275438) AND (k <= 3275538))

table 6 : explain SELECT k, c FROM sbtest6 WHERE k BETWEEN 3275438 AND 3275538
	Bitmap Heap Scan on sbtest6  (cost=5.51..421.29 rows=105 width=125)
	  Recheck Cond: ((k >= 3275438) AND (k <= 3275538))
	  ->  Bitmap Index Scan on k_6  (cost=0.00..5.48 rows=105 width=0)
	        Index Cond: ((k >= 3275438) AND (k <= 3275538))

table 7 : explain SELECT k, c FROM sbtest7 WHERE k BETWEEN 3275438 AND 3275538
	Bitmap Heap Scan on sbtest7  (cost=5.48..409.40 rows=102 width=125)
	  Recheck Cond: ((k >= 3275438) AND (k <= 3275538))
	  ->  Bitmap Index Scan on k_7  (cost=0.00..5.45 rows=102 width=0)
	        Index Cond: ((k >= 3275438) AND (k <= 3275538))

table 8 : explain SELECT k, c FROM sbtest8 WHERE k BETWEEN 3275438 AND 3275538
	Bitmap Heap Scan on sbtest8  (cost=5.39..373.92 rows=93 width=125)
	  Recheck Cond: ((k >= 3275438) AND (k <= 3275538))
	  ->  Bitmap Index Scan on k_8  (cost=0.00..5.36 rows=93 width=0)
	        Index Cond: ((k >= 3275438) AND (k <= 3275538))

for range-notcovered
table 1 : explain SELECT k, c FROM sbtest1 WHERE k BETWEEN 4958844 AND 4958944
	Bitmap Heap Scan on sbtest1  (cost=5.47..405.46 rows=101 width=125)
	  Recheck Cond: ((k >= 4958844) AND (k <= 4958944))
	  ->  Bitmap Index Scan on k_1  (cost=0.00..5.44 rows=101 width=0)
	        Index Cond: ((k >= 4958844) AND (k <= 4958944))

table 2 : explain SELECT k, c FROM sbtest2 WHERE k BETWEEN 4958844 AND 4958944
	Bitmap Heap Scan on sbtest2  (cost=5.42..385.76 rows=96 width=125)
	  Recheck Cond: ((k >= 4958844) AND (k <= 4958944))
	  ->  Bitmap Index Scan on k_2  (cost=0.00..5.39 rows=96 width=0)
	        Index Cond: ((k >= 4958844) AND (k <= 4958944))

table 3 : explain SELECT k, c FROM sbtest3 WHERE k BETWEEN 4958844 AND 4958944
	Bitmap Heap Scan on sbtest3  (cost=5.56..440.97 rows=110 width=125)
	  Recheck Cond: ((k >= 4958844) AND (k <= 4958944))
	  ->  Bitmap Index Scan on k_3  (cost=0.00..5.53 rows=110 width=0)
	        Index Cond: ((k >= 4958844) AND (k <= 4958944))

table 4 : explain SELECT k, c FROM sbtest4 WHERE k BETWEEN 4958844 AND 4958944
	Bitmap Heap Scan on sbtest4  (cost=5.50..417.55 rows=104 width=125)
	  Recheck Cond: ((k >= 4958844) AND (k <= 4958944))
	  ->  Bitmap Index Scan on k_4  (cost=0.00..5.47 rows=104 width=0)
	        Index Cond: ((k >= 4958844) AND (k <= 4958944))

table 5 : explain SELECT k, c FROM sbtest5 WHERE k BETWEEN 4958844 AND 4958944
	Bitmap Heap Scan on sbtest5  (cost=5.43..389.92 rows=97 width=125)
	  Recheck Cond: ((k >= 4958844) AND (k <= 4958944))
	  ->  Bitmap Index Scan on k_5  (cost=0.00..5.40 rows=97 width=0)
	        Index Cond: ((k >= 4958844) AND (k <= 4958944))

table 6 : explain SELECT k, c FROM sbtest6 WHERE k BETWEEN 4958844 AND 4958944
	Bitmap Heap Scan on sbtest6  (cost=5.47..405.52 rows=101 width=125)
	  Recheck Cond: ((k >= 4958844) AND (k <= 4958944))
	  ->  Bitmap Index Scan on k_6  (cost=0.00..5.44 rows=101 width=0)
	        Index Cond: ((k >= 4958844) AND (k <= 4958944))

table 7 : explain SELECT k, c FROM sbtest7 WHERE k BETWEEN 4958844 AND 4958944
	Bitmap Heap Scan on sbtest7  (cost=5.41..381.79 rows=95 width=125)
	  Recheck Cond: ((k >= 4958844) AND (k <= 4958944))
	  ->  Bitmap Index Scan on k_7  (cost=0.00..5.38 rows=95 width=0)
	        Index Cond: ((k >= 4958844) AND (k <= 4958944))

table 8 : explain SELECT k, c FROM sbtest8 WHERE k BETWEEN 4958844 AND 4958944
	Bitmap Heap Scan on sbtest8  (cost=5.46..401.53 rows=100 width=125)
	  Recheck Cond: ((k >= 4958844) AND (k <= 4958944))
	  ->  Bitmap Index Scan on k_8  (cost=0.00..5.43 rows=100 width=0)
	        Index Cond: ((k >= 4958844) AND (k <= 4958944))



for range-notcovered
table 1 : explain SELECT k, c FROM sbtest1 WHERE k BETWEEN 6246463 AND 6246563
	Bitmap Heap Scan on sbtest1  (cost=5.41..381.80 rows=95 width=125)
	  Recheck Cond: ((k >= 6246463) AND (k <= 6246563))
	  ->  Bitmap Index Scan on k_1  (cost=0.00..5.38 rows=95 width=0)
	        Index Cond: ((k >= 6246463) AND (k <= 6246563))

table 2 : explain SELECT k, c FROM sbtest2 WHERE k BETWEEN 6246463 AND 6246563
	Bitmap Heap Scan on sbtest2  (cost=5.46..401.54 rows=100 width=125)
	  Recheck Cond: ((k >= 6246463) AND (k <= 6246563))
	  ->  Bitmap Index Scan on k_2  (cost=0.00..5.43 rows=100 width=0)
	        Index Cond: ((k >= 6246463) AND (k <= 6246563))

table 3 : explain SELECT k, c FROM sbtest3 WHERE k BETWEEN 6246463 AND 6246563
	Bitmap Heap Scan on sbtest3  (cost=5.45..397.61 rows=99 width=125)
	  Recheck Cond: ((k >= 6246463) AND (k <= 6246563))
	  ->  Bitmap Index Scan on k_3  (cost=0.00..5.42 rows=99 width=0)
	        Index Cond: ((k >= 6246463) AND (k <= 6246563))

table 4 : explain SELECT k, c FROM sbtest4 WHERE k BETWEEN 6246463 AND 6246563
	Bitmap Heap Scan on sbtest4  (cost=5.41..382.02 rows=95 width=125)
	  Recheck Cond: ((k >= 6246463) AND (k <= 6246563))
	  ->  Bitmap Index Scan on k_4  (cost=0.00..5.38 rows=95 width=0)
	        Index Cond: ((k >= 6246463) AND (k <= 6246563))

table 5 : explain SELECT k, c FROM sbtest5 WHERE k BETWEEN 6246463 AND 6246563
	Bitmap Heap Scan on sbtest5  (cost=5.51..421.50 rows=105 width=125)
	  Recheck Cond: ((k >= 6246463) AND (k <= 6246563))
	  ->  Bitmap Index Scan on k_5  (cost=0.00..5.48 rows=105 width=0)
	        Index Cond: ((k >= 6246463) AND (k <= 6246563))

table 6 : explain SELECT k, c FROM sbtest6 WHERE k BETWEEN 6246463 AND 6246563
	Bitmap Heap Scan on sbtest6  (cost=5.34..354.21 rows=88 width=125)
	  Recheck Cond: ((k >= 6246463) AND (k <= 6246563))
	  ->  Bitmap Index Scan on k_6  (cost=0.00..5.31 rows=88 width=0)
	        Index Cond: ((k >= 6246463) AND (k <= 6246563))

table 7 : explain SELECT k, c FROM sbtest7 WHERE k BETWEEN 6246463 AND 6246563
	Bitmap Heap Scan on sbtest7  (cost=5.48..409.40 rows=102 width=125)
	  Recheck Cond: ((k >= 6246463) AND (k <= 6246563))
	  ->  Bitmap Index Scan on k_7  (cost=0.00..5.45 rows=102 width=0)
	        Index Cond: ((k >= 6246463) AND (k <= 6246563))

table 8 : explain SELECT k, c FROM sbtest8 WHERE k BETWEEN 6246463 AND 6246563
	Bitmap Heap Scan on sbtest8  (cost=5.57..444.89 rows=111 width=125)
	  Recheck Cond: ((k >= 6246463) AND (k <= 6246563))
	  ->  Bitmap Index Scan on k_8  (cost=0.00..5.54 rows=111 width=0)
	        Index Cond: ((k >= 6246463) AND (k <= 6246563))

explain: for range-notcovered :: explain SELECT k, c FROM sbtest%d WHERE k BETWEEN 8536275 AND 8536375
explain: for range-notcovered :: explain SELECT k, c FROM sbtest%d WHERE k BETWEEN 3275438 AND 3275538
for range-notcovered
table 1 : explain SELECT k, c FROM sbtest1 WHERE k BETWEEN 5737342 AND 5737442
	Bitmap Heap Scan on sbtest1  (cost=5.52..425.18 rows=106 width=125)
	  Recheck Cond: ((k >= 5737342) AND (k <= 5737442))
	  ->  Bitmap Index Scan on k_1  (cost=0.00..5.50 rows=106 width=0)
	        Index Cond: ((k >= 5737342) AND (k <= 5737442))

table 2 : explain SELECT k, c FROM sbtest2 WHERE k BETWEEN 5737342 AND 5737442
	Bitmap Heap Scan on sbtest2  (cost=5.47..405.48 rows=101 width=125)
	  Recheck Cond: ((k >= 5737342) AND (k <= 5737442))
	  ->  Bitmap Index Scan on k_2  (cost=0.00..5.44 rows=101 width=0)
	        Index Cond: ((k >= 5737342) AND (k <= 5737442))

table 3 : explain SELECT k, c FROM sbtest3 WHERE k BETWEEN 5737342 AND 5737442
	Bitmap Heap Scan on sbtest3  (cost=5.50..417.32 rows=104 width=125)
	  Recheck Cond: ((k >= 5737342) AND (k <= 5737442))
	  ->  Bitmap Index Scan on k_3  (cost=0.00..5.47 rows=104 width=0)
	        Index Cond: ((k >= 5737342) AND (k <= 5737442))

table 4 : explain SELECT k, c FROM sbtest4 WHERE k BETWEEN 5737342 AND 5737442
	Bitmap Heap Scan on sbtest4  (cost=5.48..409.66 rows=102 width=125)
	  Recheck Cond: ((k >= 5737342) AND (k <= 5737442))
	  ->  Bitmap Index Scan on k_4  (cost=0.00..5.45 rows=102 width=0)
	        Index Cond: ((k >= 5737342) AND (k <= 5737442))

table 5 : explain SELECT k, c FROM sbtest5 WHERE k BETWEEN 5737342 AND 5737442
	Bitmap Heap Scan on sbtest5  (cost=5.37..366.22 rows=91 width=125)
	  Recheck Cond: ((k >= 5737342) AND (k <= 5737442))
	  ->  Bitmap Index Scan on k_5  (cost=0.00..5.34 rows=91 width=0)
	        Index Cond: ((k >= 5737342) AND (k <= 5737442))

table 6 : explain SELECT k, c FROM sbtest6 WHERE k BETWEEN 5737342 AND 5737442
	Bitmap Heap Scan on sbtest6  (cost=5.56..441.00 rows=110 width=125)
	  Recheck Cond: ((k >= 5737342) AND (k <= 5737442))
	  ->  Bitmap Index Scan on k_6  (cost=0.00..5.53 rows=110 width=0)
	        Index Cond: ((k >= 5737342) AND (k <= 5737442))

table 7 : explain SELECT k, c FROM sbtest7 WHERE k BETWEEN 5737342 AND 5737442
	Bitmap Heap Scan on sbtest7  (cost=5.49..413.34 rows=103 width=125)
	  Recheck Cond: ((k >= 5737342) AND (k <= 5737442))
	  ->  Bitmap Index Scan on k_7  (cost=0.00..5.46 rows=103 width=0)
	        Index Cond: ((k >= 5737342) AND (k <= 5737442))

table 8 : explain SELECT k, c FROM sbtest8 WHERE k BETWEEN 5737342 AND 5737442
	Bitmap Heap Scan on sbtest8  (cost=5.50..417.31 rows=104 width=125)
	  Recheck Cond: ((k >= 5737342) AND (k <= 5737442))
	  ->  Bitmap Index Scan on k_8  (cost=0.00..5.47 rows=104 width=0)
	        Index Cond: ((k >= 5737342) AND (k <= 5737442))

for range-notcovered
table 1 : explain SELECT k, c FROM sbtest1 WHERE k BETWEEN 6339179 AND 6339279
	Bitmap Heap Scan on sbtest1  (cost=5.47..405.46 rows=101 width=125)
	  Recheck Cond: ((k >= 6339179) AND (k <= 6339279))
	  ->  Bitmap Index Scan on k_1  (cost=0.00..5.44 rows=101 width=0)
	        Index Cond: ((k >= 6339179) AND (k <= 6339279))

table 2 : explain SELECT k, c FROM sbtest2 WHERE k BETWEEN 6339179 AND 6339279
	Bitmap Heap Scan on sbtest2  (cost=5.43..389.70 rows=97 width=125)
	  Recheck Cond: ((k >= 6339179) AND (k <= 6339279))
	  ->  Bitmap Index Scan on k_2  (cost=0.00..5.40 rows=97 width=0)
	        Index Cond: ((k >= 6339179) AND (k <= 6339279))

table 3 : explain SELECT k, c FROM sbtest3 WHERE k BETWEEN 6339179 AND 6339279
	Bitmap Heap Scan on sbtest3  (cost=5.67..480.35 rows=120 width=125)
	  Recheck Cond: ((k >= 6339179) AND (k <= 6339279))
	  ->  Bitmap Index Scan on k_3  (cost=0.00..5.63 rows=120 width=0)
	        Index Cond: ((k >= 6339179) AND (k <= 6339279))

table 4 : explain SELECT k, c FROM sbtest4 WHERE k BETWEEN 6339179 AND 6339279
	Bitmap Heap Scan on sbtest4  (cost=5.43..389.92 rows=97 width=125)
	  Recheck Cond: ((k >= 6339179) AND (k <= 6339279))
	  ->  Bitmap Index Scan on k_4  (cost=0.00..5.40 rows=97 width=0)
	        Index Cond: ((k >= 6339179) AND (k <= 6339279))

table 5 : explain SELECT k, c FROM sbtest5 WHERE k BETWEEN 6339179 AND 6339279
	Bitmap Heap Scan on sbtest5  (cost=5.45..397.82 rows=99 width=125)
	  Recheck Cond: ((k >= 6339179) AND (k <= 6339279))
	  ->  Bitmap Index Scan on k_5  (cost=0.00..5.42 rows=99 width=0)
	        Index Cond: ((k >= 6339179) AND (k <= 6339279))

table 6 : explain SELECT k, c FROM sbtest6 WHERE k BETWEEN 6339179 AND 6339279
	Bitmap Heap Scan on sbtest6  (cost=5.41..381.84 rows=95 width=125)
	  Recheck Cond: ((k >= 6339179) AND (k <= 6339279))
	  ->  Bitmap Index Scan on k_6  (cost=0.00..5.38 rows=95 width=0)
	        Index Cond: ((k >= 6339179) AND (k <= 6339279))

table 7 : explain SELECT k, c FROM sbtest7 WHERE k BETWEEN 6339179 AND 6339279
	Bitmap Heap Scan on sbtest7  (cost=5.54..433.05 rows=108 width=125)
	  Recheck Cond: ((k >= 6339179) AND (k <= 6339279))
	  ->  Bitmap Index Scan on k_7  (cost=0.00..5.51 rows=108 width=0)
	        Index Cond: ((k >= 6339179) AND (k <= 6339279))

table 8 : explain SELECT k, c FROM sbtest8 WHERE k BETWEEN 6339179 AND 6339279
	Bitmap Heap Scan on sbtest8  (cost=5.39..373.92 rows=93 width=125)
	  Recheck Cond: ((k >= 6339179) AND (k <= 6339279))
	  ->  Bitmap Index Scan on k_8  (cost=0.00..5.36 rows=93 width=0)
	        Index Cond: ((k >= 6339179) AND (k <= 6339279))
for range-notcovered
table 1 : explain SELECT k, c FROM sbtest1 WHERE k BETWEEN 6380588 AND 6380688
	Bitmap Heap Scan on sbtest1  (cost=5.47..405.46 rows=101 width=125)
	  Recheck Cond: ((k >= 6380588) AND (k <= 6380688))
	  ->  Bitmap Index Scan on k_1  (cost=0.00..5.44 rows=101 width=0)
	        Index Cond: ((k >= 6380588) AND (k <= 6380688))

table 2 : explain SELECT k, c FROM sbtest2 WHERE k BETWEEN 6380588 AND 6380688
	Bitmap Heap Scan on sbtest2  (cost=5.43..389.70 rows=97 width=125)
	  Recheck Cond: ((k >= 6380588) AND (k <= 6380688))
	  ->  Bitmap Index Scan on k_2  (cost=0.00..5.40 rows=97 width=0)
	        Index Cond: ((k >= 6380588) AND (k <= 6380688))

table 3 : explain SELECT k, c FROM sbtest3 WHERE k BETWEEN 6380588 AND 6380688
	Bitmap Heap Scan on sbtest3  (cost=5.49..413.38 rows=103 width=125)
	  Recheck Cond: ((k >= 6380588) AND (k <= 6380688))
	  ->  Bitmap Index Scan on k_3  (cost=0.00..5.46 rows=103 width=0)
	        Index Cond: ((k >= 6380588) AND (k <= 6380688))

table 4 : explain SELECT k, c FROM sbtest4 WHERE k BETWEEN 6380588 AND 6380688
	Bitmap Heap Scan on sbtest4  (cost=5.43..389.92 rows=97 width=125)
	  Recheck Cond: ((k >= 6380588) AND (k <= 6380688))
	  ->  Bitmap Index Scan on k_4  (cost=0.00..5.40 rows=97 width=0)
	        Index Cond: ((k >= 6380588) AND (k <= 6380688))

table 5 : explain SELECT k, c FROM sbtest5 WHERE k BETWEEN 6380588 AND 6380688
	Bitmap Heap Scan on sbtest5  (cost=5.55..437.28 rows=109 width=125)
	  Recheck Cond: ((k >= 6380588) AND (k <= 6380688))
	  ->  Bitmap Index Scan on k_5  (cost=0.00..5.52 rows=109 width=0)
	        Index Cond: ((k >= 6380588) AND (k <= 6380688))

table 6 : explain SELECT k, c FROM sbtest6 WHERE k BETWEEN 6380588 AND 6380688
	Bitmap Heap Scan on sbtest6  (cost=5.41..381.84 rows=95 width=125)
	  Recheck Cond: ((k >= 6380588) AND (k <= 6380688))
	  ->  Bitmap Index Scan on k_6  (cost=0.00..5.38 rows=95 width=0)
	        Index Cond: ((k >= 6380588) AND (k <= 6380688))

table 7 : explain SELECT k, c FROM sbtest7 WHERE k BETWEEN 6380588 AND 6380688
	Bitmap Heap Scan on sbtest7  (cost=5.54..433.05 rows=108 width=125)
	  Recheck Cond: ((k >= 6380588) AND (k <= 6380688))
	  ->  Bitmap Index Scan on k_7  (cost=0.00..5.51 rows=108 width=0)
	        Index Cond: ((k >= 6380588) AND (k <= 6380688))

table 8 : explain SELECT k, c FROM sbtest8 WHERE k BETWEEN 6380588 AND 6380688
	Bitmap Heap Scan on sbtest8  (cost=5.39..373.92 rows=93 width=125)
	  Recheck Cond: ((k >= 6380588) AND (k <= 6380688))
	  ->  Bitmap Index Scan on k_8  (cost=0.00..5.36 rows=93 width=0)
	        Index Cond: ((k >= 6380588) AND (k <= 6380688))
explain: for range-notcovered :: explain SELECT k, c FROM sbtest%d WHERE k BETWEEN 6246463 AND 6246563for range-notcovered
table 1 : explain SELECT k, c FROM sbtest1 WHERE k BETWEEN 7465771 AND 7465871
	Bitmap Heap Scan on sbtest1  (cost=5.62..464.57 rows=116 width=125)
	  Recheck Cond: ((k >= 7465771) AND (k <= 7465871))
	  ->  Bitmap Index Scan on k_1  (cost=0.00..5.59 rows=116 width=0)
	        Index Cond: ((k >= 7465771) AND (k <= 7465871))

table 2 : explain SELECT k, c FROM sbtest2 WHERE k BETWEEN 7465771 AND 7465871
	Bitmap Heap Scan on sbtest2  (cost=5.41..381.81 rows=95 width=125)
	  Recheck Cond: ((k >= 7465771) AND (k <= 7465871))
	  ->  Bitmap Index Scan on k_2  (cost=0.00..5.38 rows=95 width=0)
	        Index Cond: ((k >= 7465771) AND (k <= 7465871))

table 3 : explain SELECT k, c FROM sbtest3 WHERE k BETWEEN 7465771 AND 7465871
	Bitmap Heap Scan on sbtest3  (cost=5.47..405.49 rows=101 width=125)
	  Recheck Cond: ((k >= 7465771) AND (k <= 7465871))
	  ->  Bitmap Index Scan on k_3  (cost=0.00..5.44 rows=101 width=0)
	        Index Cond: ((k >= 7465771) AND (k <= 7465871))

table 4 : explain SELECT k, c FROM sbtest4 WHERE k BETWEEN 7465771 AND 7465871
	Bitmap Heap Scan on sbtest4  (cost=5.49..413.60 rows=103 width=125)
	  Recheck Cond: ((k >= 7465771) AND (k <= 7465871))
	  ->  Bitmap Index Scan on k_4  (cost=0.00..5.46 rows=103 width=0)
	        Index Cond: ((k >= 7465771) AND (k <= 7465871))

table 5 : explain SELECT k, c FROM sbtest5 WHERE k BETWEEN 7465771 AND 7465871
	Bitmap Heap Scan on sbtest5  (cost=5.48..409.66 rows=102 width=125)
	  Recheck Cond: ((k >= 7465771) AND (k <= 7465871))
	  ->  Bitmap Index Scan on k_5  (cost=0.00..5.45 rows=102 width=0)
	        Index Cond: ((k >= 7465771) AND (k <= 7465871))

table 6 : explain SELECT k, c FROM sbtest6 WHERE k BETWEEN 7465771 AND 7465871
	Bitmap Heap Scan on sbtest6  (cost=5.50..417.35 rows=104 width=125)
	  Recheck Cond: ((k >= 7465771) AND (k <= 7465871))
	  ->  Bitmap Index Scan on k_6  (cost=0.00..5.47 rows=104 width=0)
	        Index Cond: ((k >= 7465771) AND (k <= 7465871))

table 7 : explain SELECT k, c FROM sbtest7 WHERE k BETWEEN 7465771 AND 7465871
	Bitmap Heap Scan on sbtest7  (cost=5.43..389.68 rows=97 width=125)
	  Recheck Cond: ((k >= 7465771) AND (k <= 7465871))
	  ->  Bitmap Index Scan on k_7  (cost=0.00..5.40 rows=97 width=0)
	        Index Cond: ((k >= 7465771) AND (k <= 7465871))

table 8 : explain SELECT k, c FROM sbtest8 WHERE k BETWEEN 7465771 AND 7465871
	Bitmap Heap Scan on sbtest8  (cost=5.48..409.42 rows=102 width=125)
	  Recheck Cond: ((k >= 7465771) AND (k <= 7465871))
	  ->  Bitmap Index Scan on k_8  (cost=0.00..5.45 rows=102 width=0)
	        Index Cond: ((k >= 7465771) AND (k <= 7465871))
explain: for range-notcovered :: explain SELECT k, c FROM sbtest%d WHERE k BETWEEN 5928016 AND 5928116

for range-notcovered
table 1 : explain SELECT k, c FROM sbtest1 WHERE k BETWEEN 397393 AND 397493
	Bitmap Heap Scan on sbtest1  (cost=5.44..393.63 rows=98 width=125)
	  Recheck Cond: ((k >= 397393) AND (k <= 397493))
	  ->  Bitmap Index Scan on k_1  (cost=0.00..5.42 rows=98 width=0)
	        Index Cond: ((k >= 397393) AND (k <= 397493))

table 2 : explain SELECT k, c FROM sbtest2 WHERE k BETWEEN 397393 AND 397493
	Bitmap Heap Scan on sbtest2  (cost=5.52..425.19 rows=106 width=125)
	  Recheck Cond: ((k >= 397393) AND (k <= 397493))
	  ->  Bitmap Index Scan on k_2  (cost=0.00..5.50 rows=106 width=0)
	        Index Cond: ((k >= 397393) AND (k <= 397493))

table 3 : explain SELECT k, c FROM sbtest3 WHERE k BETWEEN 397393 AND 397493
	Bitmap Heap Scan on sbtest3  (cost=5.35..358.14 rows=89 width=125)
	  Recheck Cond: ((k >= 397393) AND (k <= 397493))
	  ->  Bitmap Index Scan on k_3  (cost=0.00..5.32 rows=89 width=0)
	        Index Cond: ((k >= 397393) AND (k <= 397493))

table 4 : explain SELECT k, c FROM sbtest4 WHERE k BETWEEN 397393 AND 397493
	Bitmap Heap Scan on sbtest4  (cost=5.40..378.07 rows=94 width=125)
	  Recheck Cond: ((k >= 397393) AND (k <= 397493))
	  ->  Bitmap Index Scan on k_4  (cost=0.00..5.38 rows=94 width=0)
	        Index Cond: ((k >= 397393) AND (k <= 397493))

table 5 : explain SELECT k, c FROM sbtest5 WHERE k BETWEEN 397393 AND 397493
	Bitmap Heap Scan on sbtest5  (cost=5.42..385.97 rows=96 width=125)
	  Recheck Cond: ((k >= 397393) AND (k <= 397493))
	  ->  Bitmap Index Scan on k_5  (cost=0.00..5.39 rows=96 width=0)
	        Index Cond: ((k >= 397393) AND (k <= 397493))

table 6 : explain SELECT k, c FROM sbtest6 WHERE k BETWEEN 397393 AND 397493
	Bitmap Heap Scan on sbtest6  (cost=5.56..441.00 rows=110 width=125)
	  Recheck Cond: ((k >= 397393) AND (k <= 397493))
	  ->  Bitmap Index Scan on k_6  (cost=0.00..5.53 rows=110 width=0)
	        Index Cond: ((k >= 397393) AND (k <= 397493))

table 7 : explain SELECT k, c FROM sbtest7 WHERE k BETWEEN 397393 AND 397493
	Bitmap Heap Scan on sbtest7  (cost=5.46..401.51 rows=100 width=125)
	  Recheck Cond: ((k >= 397393) AND (k <= 397493))
	  ->  Bitmap Index Scan on k_7  (cost=0.00..5.43 rows=100 width=0)
	        Index Cond: ((k >= 397393) AND (k <= 397493))

table 8 : explain SELECT k, c FROM sbtest8 WHERE k BETWEEN 397393 AND 397493
	Bitmap Heap Scan on sbtest8  (cost=5.43..389.70 rows=97 width=125)
	  Recheck Cond: ((k >= 397393) AND (k <= 397493))
	  ->  Bitmap Index Scan on k_8  (cost=0.00..5.40 rows=97 width=0)
	        Index Cond: ((k >= 397393) AND (k <= 397493))
for range-notcovered
table 1 : explain SELECT k, c FROM sbtest1 WHERE k BETWEEN 1363981 AND 1364081
	Bitmap Heap Scan on sbtest1  (cost=5.46..401.52 rows=100 width=125)
	  Recheck Cond: ((k >= 1363981) AND (k <= 1364081))
	  ->  Bitmap Index Scan on k_1  (cost=0.00..5.43 rows=100 width=0)
	        Index Cond: ((k >= 1363981) AND (k <= 1364081))

table 2 : explain SELECT k, c FROM sbtest2 WHERE k BETWEEN 1363981 AND 1364081
	Bitmap Heap Scan on sbtest2  (cost=5.45..397.59 rows=99 width=125)
	  Recheck Cond: ((k >= 1363981) AND (k <= 1364081))
	  ->  Bitmap Index Scan on k_2  (cost=0.00..5.42 rows=99 width=0)
	        Index Cond: ((k >= 1363981) AND (k <= 1364081))

table 3 : explain SELECT k, c FROM sbtest3 WHERE k BETWEEN 1363981 AND 1364081
	Bitmap Heap Scan on sbtest3  (cost=5.62..464.61 rows=116 width=125)
	  Recheck Cond: ((k >= 1363981) AND (k <= 1364081))
	  ->  Bitmap Index Scan on k_3  (cost=0.00..5.59 rows=116 width=0)
	        Index Cond: ((k >= 1363981) AND (k <= 1364081))

table 4 : explain SELECT k, c FROM sbtest4 WHERE k BETWEEN 1363981 AND 1364081
	Bitmap Heap Scan on sbtest4  (cost=5.53..429.39 rows=107 width=125)
	  Recheck Cond: ((k >= 1363981) AND (k <= 1364081))
	  ->  Bitmap Index Scan on k_4  (cost=0.00..5.50 rows=107 width=0)
	        Index Cond: ((k >= 1363981) AND (k <= 1364081))

table 5 : explain SELECT k, c FROM sbtest5 WHERE k BETWEEN 1363981 AND 1364081
	Bitmap Heap Scan on sbtest5  (cost=5.45..397.82 rows=99 width=125)
	  Recheck Cond: ((k >= 1363981) AND (k <= 1364081))
	  ->  Bitmap Index Scan on k_5  (cost=0.00..5.42 rows=99 width=0)
	        Index Cond: ((k >= 1363981) AND (k <= 1364081))

table 6 : explain SELECT k, c FROM sbtest6 WHERE k BETWEEN 1363981 AND 1364081
	Bitmap Heap Scan on sbtest6  (cost=5.52..425.23 rows=106 width=125)
	  Recheck Cond: ((k >= 1363981) AND (k <= 1364081))
	  ->  Bitmap Index Scan on k_6  (cost=0.00..5.50 rows=106 width=0)
	        Index Cond: ((k >= 1363981) AND (k <= 1364081))

table 7 : explain SELECT k, c FROM sbtest7 WHERE k BETWEEN 1363981 AND 1364081
	Bitmap Heap Scan on sbtest7  (cost=5.46..401.51 rows=100 width=125)
	  Recheck Cond: ((k >= 1363981) AND (k <= 1364081))
	  ->  Bitmap Index Scan on k_7  (cost=0.00..5.43 rows=100 width=0)
	        Index Cond: ((k >= 1363981) AND (k <= 1364081))

table 8 : explain SELECT k, c FROM sbtest8 WHERE k BETWEEN 1363981 AND 1364081
	Bitmap Heap Scan on sbtest8  (cost=5.53..429.13 rows=107 width=125)
	  Recheck Cond: ((k >= 1363981) AND (k <= 1364081))
	  ->  Bitmap Index Scan on k_8  (cost=0.00..5.50 rows=107 width=0)
	        Index Cond: ((k >= 1363981) AND (k <= 1364081))


for range-notcovered
table 1 : explain SELECT k, c FROM sbtest1 WHERE k BETWEEN 5706738 AND 5706838
	Bitmap Heap Scan on sbtest1  (cost=5.52..425.18 rows=106 width=125)
	  Recheck Cond: ((k >= 5706738) AND (k <= 5706838))
	  ->  Bitmap Index Scan on k_1  (cost=0.00..5.50 rows=106 width=0)
	        Index Cond: ((k >= 5706738) AND (k <= 5706838))

table 2 : explain SELECT k, c FROM sbtest2 WHERE k BETWEEN 5706738 AND 5706838
	Bitmap Heap Scan on sbtest2  (cost=5.47..405.48 rows=101 width=125)
	  Recheck Cond: ((k >= 5706738) AND (k <= 5706838))
	  ->  Bitmap Index Scan on k_2  (cost=0.00..5.44 rows=101 width=0)
	        Index Cond: ((k >= 5706738) AND (k <= 5706838))

table 3 : explain SELECT k, c FROM sbtest3 WHERE k BETWEEN 5706738 AND 5706838
	Bitmap Heap Scan on sbtest3  (cost=5.50..417.32 rows=104 width=125)
	  Recheck Cond: ((k >= 5706738) AND (k <= 5706838))
	  ->  Bitmap Index Scan on k_3  (cost=0.00..5.47 rows=104 width=0)
	        Index Cond: ((k >= 5706738) AND (k <= 5706838))

table 4 : explain SELECT k, c FROM sbtest4 WHERE k BETWEEN 5706738 AND 5706838
	Bitmap Heap Scan on sbtest4  (cost=5.48..409.66 rows=102 width=125)
	  Recheck Cond: ((k >= 5706738) AND (k <= 5706838))
	  ->  Bitmap Index Scan on k_4  (cost=0.00..5.45 rows=102 width=0)
	        Index Cond: ((k >= 5706738) AND (k <= 5706838))

table 5 : explain SELECT k, c FROM sbtest5 WHERE k BETWEEN 5706738 AND 5706838
	Bitmap Heap Scan on sbtest5  (cost=5.37..366.22 rows=91 width=125)
	  Recheck Cond: ((k >= 5706738) AND (k <= 5706838))
	  ->  Bitmap Index Scan on k_5  (cost=0.00..5.34 rows=91 width=0)
	        Index Cond: ((k >= 5706738) AND (k <= 5706838))

table 6 : explain SELECT k, c FROM sbtest6 WHERE k BETWEEN 5706738 AND 5706838
	Bitmap Heap Scan on sbtest6  (cost=5.50..417.35 rows=104 width=125)
	  Recheck Cond: ((k >= 5706738) AND (k <= 5706838))
	  ->  Bitmap Index Scan on k_6  (cost=0.00..5.47 rows=104 width=0)
	        Index Cond: ((k >= 5706738) AND (k <= 5706838))

table 7 : explain SELECT k, c FROM sbtest7 WHERE k BETWEEN 5706738 AND 5706838
	Bitmap Heap Scan on sbtest7  (cost=5.49..413.34 rows=103 width=125)
	  Recheck Cond: ((k >= 5706738) AND (k <= 5706838))
	  ->  Bitmap Index Scan on k_7  (cost=0.00..5.46 rows=103 width=0)
	        Index Cond: ((k >= 5706738) AND (k <= 5706838))

table 8 : explain SELECT k, c FROM sbtest8 WHERE k BETWEEN 5706738 AND 5706838
	Bitmap Heap Scan on sbtest8  (cost=5.50..417.31 rows=104 width=125)
	  Recheck Cond: ((k >= 5706738) AND (k <= 5706838))
	  ->  Bitmap Index Scan on k_8  (cost=0.00..5.47 rows=104 width=0)
	        Index Cond: ((k >= 5706738) AND (k <= 5706838))

for range-notcovered
table 1 : explain SELECT k, c FROM sbtest1 WHERE k BETWEEN 4686524 AND 4686624
	Bitmap Heap Scan on sbtest1  (cost=5.50..417.29 rows=104 width=125)
	  Recheck Cond: ((k >= 4686524) AND (k <= 4686624))
	  ->  Bitmap Index Scan on k_1  (cost=0.00..5.47 rows=104 width=0)
	        Index Cond: ((k >= 4686524) AND (k <= 4686624))

table 2 : explain SELECT k, c FROM sbtest2 WHERE k BETWEEN 4686524 AND 4686624
	Bitmap Heap Scan on sbtest2  (cost=5.41..381.81 rows=95 width=125)
	  Recheck Cond: ((k >= 4686524) AND (k <= 4686624))
	  ->  Bitmap Index Scan on k_2  (cost=0.00..5.38 rows=95 width=0)
	        Index Cond: ((k >= 4686524) AND (k <= 4686624))

table 3 : explain SELECT k, c FROM sbtest3 WHERE k BETWEEN 4686524 AND 4686624
	Bitmap Heap Scan on sbtest3  (cost=5.46..401.55 rows=100 width=125)
	  Recheck Cond: ((k >= 4686524) AND (k <= 4686624))
	  ->  Bitmap Index Scan on k_3  (cost=0.00..5.43 rows=100 width=0)
	        Index Cond: ((k >= 4686524) AND (k <= 4686624))

table 4 : explain SELECT k, c FROM sbtest4 WHERE k BETWEEN 4686524 AND 4686624
	Bitmap Heap Scan on sbtest4  (cost=5.39..374.12 rows=93 width=125)
	  Recheck Cond: ((k >= 4686524) AND (k <= 4686624))
	  ->  Bitmap Index Scan on k_4  (cost=0.00..5.36 rows=93 width=0)
	        Index Cond: ((k >= 4686524) AND (k <= 4686624))

table 5 : explain SELECT k, c FROM sbtest5 WHERE k BETWEEN 4686524 AND 4686624
	Bitmap Heap Scan on sbtest5  (cost=5.44..393.87 rows=98 width=125)
	  Recheck Cond: ((k >= 4686524) AND (k <= 4686624))
	  ->  Bitmap Index Scan on k_5  (cost=0.00..5.42 rows=98 width=0)
	        Index Cond: ((k >= 4686524) AND (k <= 4686624))

table 6 : explain SELECT k, c FROM sbtest6 WHERE k BETWEEN 4686524 AND 4686624
	Bitmap Heap Scan on sbtest6  (cost=5.41..381.84 rows=95 width=125)
	  Recheck Cond: ((k >= 4686524) AND (k <= 4686624))
	  ->  Bitmap Index Scan on k_6  (cost=0.00..5.38 rows=95 width=0)
	        Index Cond: ((k >= 4686524) AND (k <= 4686624))

table 7 : explain SELECT k, c FROM sbtest7 WHERE k BETWEEN 4686524 AND 4686624
	Bitmap Heap Scan on sbtest7  (cost=5.37..366.00 rows=91 width=125)
	  Recheck Cond: ((k >= 4686524) AND (k <= 4686624))
	  ->  Bitmap Index Scan on k_7  (cost=0.00..5.34 rows=91 width=0)
	        Index Cond: ((k >= 4686524) AND (k <= 4686624))

table 8 : explain SELECT k, c FROM sbtest8 WHERE k BETWEEN 4686524 AND 4686624
	Bitmap Heap Scan on sbtest8  (cost=5.45..397.59 rows=99 width=125)
	  Recheck Cond: ((k >= 4686524) AND (k <= 4686624))
	  ->  Bitmap Index Scan on k_8  (cost=0.00..5.42 rows=99 width=0)
	        Index Cond: ((k >= 4686524) AND (k <= 4686624))



for range-notcovered
table 1 : explain SELECT k, c FROM sbtest1 WHERE k BETWEEN 3530048 AND 3530148
	Bitmap Heap Scan on sbtest1  (cost=5.35..358.12 rows=89 width=125)
	  Recheck Cond: ((k >= 3530048) AND (k <= 3530148))
	  ->  Bitmap Index Scan on k_1  (cost=0.00..5.32 rows=89 width=0)
	        Index Cond: ((k >= 3530048) AND (k <= 3530148))

table 2 : explain SELECT k, c FROM sbtest2 WHERE k BETWEEN 3530048 AND 3530148
	Bitmap Heap Scan on sbtest2  (cost=5.46..401.54 rows=100 width=125)
	  Recheck Cond: ((k >= 3530048) AND (k <= 3530148))
	  ->  Bitmap Index Scan on k_2  (cost=0.00..5.43 rows=100 width=0)
	        Index Cond: ((k >= 3530048) AND (k <= 3530148))

table 3 : explain SELECT k, c FROM sbtest3 WHERE k BETWEEN 3530048 AND 3530148
	Bitmap Heap Scan on sbtest3  (cost=5.42..385.77 rows=96 width=125)
	  Recheck Cond: ((k >= 3530048) AND (k <= 3530148))
	  ->  Bitmap Index Scan on k_3  (cost=0.00..5.39 rows=96 width=0)
	        Index Cond: ((k >= 3530048) AND (k <= 3530148))

table 4 : explain SELECT k, c FROM sbtest4 WHERE k BETWEEN 3530048 AND 3530148
	Bitmap Heap Scan on sbtest4  (cost=5.57..445.16 rows=111 width=125)
	  Recheck Cond: ((k >= 3530048) AND (k <= 3530148))
	  ->  Bitmap Index Scan on k_4  (cost=0.00..5.54 rows=111 width=0)
	        Index Cond: ((k >= 3530048) AND (k <= 3530148))

table 5 : explain SELECT k, c FROM sbtest5 WHERE k BETWEEN 3530048 AND 3530148
	Bitmap Heap Scan on sbtest5  (cost=5.41..382.02 rows=95 width=125)
	  Recheck Cond: ((k >= 3530048) AND (k <= 3530148))
	  ->  Bitmap Index Scan on k_5  (cost=0.00..5.38 rows=95 width=0)
	        Index Cond: ((k >= 3530048) AND (k <= 3530148))

table 6 : explain SELECT k, c FROM sbtest6 WHERE k BETWEEN 3530048 AND 3530148
	Bitmap Heap Scan on sbtest6  (cost=5.44..393.68 rows=98 width=125)
	  Recheck Cond: ((k >= 3530048) AND (k <= 3530148))
	  ->  Bitmap Index Scan on k_6  (cost=0.00..5.42 rows=98 width=0)
	        Index Cond: ((k >= 3530048) AND (k <= 3530148))

table 7 : explain SELECT k, c FROM sbtest7 WHERE k BETWEEN 3530048 AND 3530148
	Bitmap Heap Scan on sbtest7  (cost=5.45..397.57 rows=99 width=125)
	  Recheck Cond: ((k >= 3530048) AND (k <= 3530148))
	  ->  Bitmap Index Scan on k_7  (cost=0.00..5.42 rows=99 width=0)
	        Index Cond: ((k >= 3530048) AND (k <= 3530148))

table 8 : explain SELECT k, c FROM sbtest8 WHERE k BETWEEN 3530048 AND 3530148
	Bitmap Heap Scan on sbtest8  (cost=5.51..421.25 rows=105 width=125)
	  Recheck Cond: ((k >= 3530048) AND (k <= 3530148))
	  ->  Bitmap Index Scan on k_8  (cost=0.00..5.48 rows=105 width=0)
	        Index Cond: ((k >= 3530048) AND (k <= 3530148))

explain: for range-notcovered :: explain SELECT k, c FROM sbtest%d WHERE k BETWEEN 5737342 AND 5737442
for range-notcovered
table 1 : explain SELECT k, c FROM sbtest1 WHERE k BETWEEN 4813597 AND 4813697
	Bitmap Heap Scan on sbtest1  (cost=5.47..405.46 rows=101 width=125)
	  Recheck Cond: ((k >= 4813597) AND (k <= 4813697))
	  ->  Bitmap Index Scan on k_1  (cost=0.00..5.44 rows=101 width=0)
	        Index Cond: ((k >= 4813597) AND (k <= 4813697))

table 2 : explain SELECT k, c FROM sbtest2 WHERE k BETWEEN 4813597 AND 4813697
	Bitmap Heap Scan on sbtest2  (cost=5.45..397.59 rows=99 width=125)
	  Recheck Cond: ((k >= 4813597) AND (k <= 4813697))
	  ->  Bitmap Index Scan on k_2  (cost=0.00..5.42 rows=99 width=0)
	        Index Cond: ((k >= 4813597) AND (k <= 4813697))

table 3 : explain SELECT k, c FROM sbtest3 WHERE k BETWEEN 4813597 AND 4813697
	Bitmap Heap Scan on sbtest3  (cost=5.48..409.44 rows=102 width=125)
	  Recheck Cond: ((k >= 4813597) AND (k <= 4813697))
	  ->  Bitmap Index Scan on k_3  (cost=0.00..5.45 rows=102 width=0)
	        Index Cond: ((k >= 4813597) AND (k <= 4813697))

table 4 : explain SELECT k, c FROM sbtest4 WHERE k BETWEEN 4813597 AND 4813697
	Bitmap Heap Scan on sbtest4  (cost=5.41..382.02 rows=95 width=125)
	  Recheck Cond: ((k >= 4813597) AND (k <= 4813697))
	  ->  Bitmap Index Scan on k_4  (cost=0.00..5.38 rows=95 width=0)
	        Index Cond: ((k >= 4813597) AND (k <= 4813697))

table 5 : explain SELECT k, c FROM sbtest5 WHERE k BETWEEN 4813597 AND 4813697
	Bitmap Heap Scan on sbtest5  (cost=5.50..417.55 rows=104 width=125)
	  Recheck Cond: ((k >= 4813597) AND (k <= 4813697))
	  ->  Bitmap Index Scan on k_5  (cost=0.00..5.47 rows=104 width=0)
	        Index Cond: ((k >= 4813597) AND (k <= 4813697))

table 6 : explain SELECT k, c FROM sbtest6 WHERE k BETWEEN 4813597 AND 4813697
	Bitmap Heap Scan on sbtest6  (cost=5.45..397.63 rows=99 width=125)
	  Recheck Cond: ((k >= 4813597) AND (k <= 4813697))
	  ->  Bitmap Index Scan on k_6  (cost=0.00..5.42 rows=99 width=0)
	        Index Cond: ((k >= 4813597) AND (k <= 4813697))

table 7 : explain SELECT k, c FROM sbtest7 WHERE k BETWEEN 4813597 AND 4813697
	Bitmap Heap Scan on sbtest7  (cost=5.50..417.28 rows=104 width=125)
	  Recheck Cond: ((k >= 4813597) AND (k <= 4813697))
	  ->  Bitmap Index Scan on k_7  (cost=0.00..5.47 rows=104 width=0)
	        Index Cond: ((k >= 4813597) AND (k <= 4813697))

table 8 : explain SELECT k, c FROM sbtest8 WHERE k BETWEEN 4813597 AND 4813697
	Bitmap Heap Scan on sbtest8  (cost=5.38..369.97 rows=92 width=125)
	  Recheck Cond: ((k >= 4813597) AND (k <= 4813697))
	  ->  Bitmap Index Scan on k_8  (cost=0.00..5.35 rows=92 width=0)
	        Index Cond: ((k >= 4813597) AND (k <= 4813697))


explain: for range-notcovered :: explain SELECT k, c FROM sbtest%d WHERE k BETWEEN 4686524 AND 4686624
explain: for range-notcovered :: explain SELECT k, c FROM sbtest%d WHERE k BETWEEN 4958844 AND 4958944explain: for range-notcovered :: explain SELECT k, c FROM sbtest%d WHERE k BETWEEN 7876412 AND 7876512
for range-notcovered
table 1 : explain SELECT k, c FROM sbtest1 WHERE k BETWEEN 4019169 AND 4019269
	Bitmap Heap Scan on sbtest1  (cost=5.49..413.35 rows=103 width=125)
	  Recheck Cond: ((k >= 4019169) AND (k <= 4019269))
	  ->  Bitmap Index Scan on k_1  (cost=0.00..5.46 rows=103 width=0)
	        Index Cond: ((k >= 4019169) AND (k <= 4019269))

table 2 : explain SELECT k, c FROM sbtest2 WHERE k BETWEEN 4019169 AND 4019269
	Bitmap Heap Scan on sbtest2  (cost=5.46..401.54 rows=100 width=125)
	  Recheck Cond: ((k >= 4019169) AND (k <= 4019269))
	  ->  Bitmap Index Scan on k_2  (cost=0.00..5.43 rows=100 width=0)
	        Index Cond: ((k >= 4019169) AND (k <= 4019269))

table 3 : explain SELECT k, c FROM sbtest3 WHERE k BETWEEN 4019169 AND 4019269
	Bitmap Heap Scan on sbtest3  (cost=5.56..440.97 rows=110 width=125)
	  Recheck Cond: ((k >= 4019169) AND (k <= 4019269))
	  ->  Bitmap Index Scan on k_3  (cost=0.00..5.53 rows=110 width=0)
	        Index Cond: ((k >= 4019169) AND (k <= 4019269))

table 4 : explain SELECT k, c FROM sbtest4 WHERE k BETWEEN 4019169 AND 4019269
	Bitmap Heap Scan on sbtest4  (cost=5.40..378.07 rows=94 width=125)
	  Recheck Cond: ((k >= 4019169) AND (k <= 4019269))
	  ->  Bitmap Index Scan on k_4  (cost=0.00..5.38 rows=94 width=0)
	        Index Cond: ((k >= 4019169) AND (k <= 4019269))

table 5 : explain SELECT k, c FROM sbtest5 WHERE k BETWEEN 4019169 AND 4019269
	Bitmap Heap Scan on sbtest5  (cost=5.48..409.66 rows=102 width=125)
	  Recheck Cond: ((k >= 4019169) AND (k <= 4019269))
	  ->  Bitmap Index Scan on k_5  (cost=0.00..5.45 rows=102 width=0)
	        Index Cond: ((k >= 4019169) AND (k <= 4019269))

table 6 : explain SELECT k, c FROM sbtest6 WHERE k BETWEEN 4019169 AND 4019269
	Bitmap Heap Scan on sbtest6  (cost=5.43..389.74 rows=97 width=125)
	  Recheck Cond: ((k >= 4019169) AND (k <= 4019269))
	  ->  Bitmap Index Scan on k_6  (cost=0.00..5.40 rows=97 width=0)
	        Index Cond: ((k >= 4019169) AND (k <= 4019269))

table 7 : explain SELECT k, c FROM sbtest7 WHERE k BETWEEN 4019169 AND 4019269
	Bitmap Heap Scan on sbtest7  (cost=5.51..421.22 rows=105 width=125)
	  Recheck Cond: ((k >= 4019169) AND (k <= 4019269))
	  ->  Bitmap Index Scan on k_7  (cost=0.00..5.48 rows=105 width=0)
	        Index Cond: ((k >= 4019169) AND (k <= 4019269))

table 8 : explain SELECT k, c FROM sbtest8 WHERE k BETWEEN 4019169 AND 4019269
	Bitmap Heap Scan on sbtest8  (cost=5.47..405.48 rows=101 width=125)
	  Recheck Cond: ((k >= 4019169) AND (k <= 4019269))
	  ->  Bitmap Index Scan on k_8  (cost=0.00..5.44 rows=101 width=0)
	        Index Cond: ((k >= 4019169) AND (k <= 4019269))

for range-notcovered
table 1 : explain SELECT k, c FROM sbtest1 WHERE k BETWEEN 9039001 AND 9039101
	Bitmap Heap Scan on sbtest1  (cost=5.53..429.12 rows=107 width=125)
	  Recheck Cond: ((k >= 9039001) AND (k <= 9039101))
	  ->  Bitmap Index Scan on k_1  (cost=0.00..5.50 rows=107 width=0)
	        Index Cond: ((k >= 9039001) AND (k <= 9039101))

table 2 : explain SELECT k, c FROM sbtest2 WHERE k BETWEEN 9039001 AND 9039101
	Bitmap Heap Scan on sbtest2  (cost=5.53..429.14 rows=107 width=125)
	  Recheck Cond: ((k >= 9039001) AND (k <= 9039101))
	  ->  Bitmap Index Scan on k_2  (cost=0.00..5.50 rows=107 width=0)
	        Index Cond: ((k >= 9039001) AND (k <= 9039101))

table 3 : explain SELECT k, c FROM sbtest3 WHERE k BETWEEN 9039001 AND 9039101
	Bitmap Heap Scan on sbtest3  (cost=5.52..425.21 rows=106 width=125)
	  Recheck Cond: ((k >= 9039001) AND (k <= 9039101))
	  ->  Bitmap Index Scan on k_3  (cost=0.00..5.50 rows=106 width=0)
	        Index Cond: ((k >= 9039001) AND (k <= 9039101))

table 4 : explain SELECT k, c FROM sbtest4 WHERE k BETWEEN 9039001 AND 9039101
	Bitmap Heap Scan on sbtest4  (cost=5.42..385.97 rows=96 width=125)
	  Recheck Cond: ((k >= 9039001) AND (k <= 9039101))
	  ->  Bitmap Index Scan on k_4  (cost=0.00..5.39 rows=96 width=0)
	        Index Cond: ((k >= 9039001) AND (k <= 9039101))

table 5 : explain SELECT k, c FROM sbtest5 WHERE k BETWEEN 9039001 AND 9039101
	Bitmap Heap Scan on sbtest5  (cost=5.52..425.44 rows=106 width=125)
	  Recheck Cond: ((k >= 9039001) AND (k <= 9039101))
	  ->  Bitmap Index Scan on k_5  (cost=0.00..5.50 rows=106 width=0)
	        Index Cond: ((k >= 9039001) AND (k <= 9039101))

table 6 : explain SELECT k, c FROM sbtest6 WHERE k BETWEEN 9039001 AND 9039101
	Bitmap Heap Scan on sbtest6  (cost=5.45..397.63 rows=99 width=125)
	  Recheck Cond: ((k >= 9039001) AND (k <= 9039101))
	  ->  Bitmap Index Scan on k_6  (cost=0.00..5.42 rows=99 width=0)
	        Index Cond: ((k >= 9039001) AND (k <= 9039101))

table 7 : explain SELECT k, c FROM sbtest7 WHERE k BETWEEN 9039001 AND 9039101
	Bitmap Heap Scan on sbtest7  (cost=5.52..425.16 rows=106 width=125)
	  Recheck Cond: ((k >= 9039001) AND (k <= 9039101))
	  ->  Bitmap Index Scan on k_7  (cost=0.00..5.50 rows=106 width=0)
	        Index Cond: ((k >= 9039001) AND (k <= 9039101))

table 8 : explain SELECT k, c FROM sbtest8 WHERE k BETWEEN 9039001 AND 9039101
	Bitmap Heap Scan on sbtest8  (cost=5.46..401.53 rows=100 width=125)
	  Recheck Cond: ((k >= 9039001) AND (k <= 9039101))
	  ->  Bitmap Index Scan on k_8  (cost=0.00..5.43 rows=100 width=0)
	        Index Cond: ((k >= 9039001) AND (k <= 9039101))
explain: for range-notcovered :: explain SELECT k, c FROM sbtest%d WHERE k BETWEEN 397393 AND 397493
for range-notcovered
table 1 : explain SELECT k, c FROM sbtest1 WHERE k BETWEEN 576376 AND 576476
	Bitmap Heap Scan on sbtest1  (cost=5.44..393.63 rows=98 width=125)
	  Recheck Cond: ((k >= 576376) AND (k <= 576476))
	  ->  Bitmap Index Scan on k_1  (cost=0.00..5.42 rows=98 width=0)
	        Index Cond: ((k >= 576376) AND (k <= 576476))

table 2 : explain SELECT k, c FROM sbtest2 WHERE k BETWEEN 576376 AND 576476
	Bitmap Heap Scan on sbtest2  (cost=5.42..385.76 rows=96 width=125)
	  Recheck Cond: ((k >= 576376) AND (k <= 576476))
	  ->  Bitmap Index Scan on k_2  (cost=0.00..5.39 rows=96 width=0)
	        Index Cond: ((k >= 576376) AND (k <= 576476))

table 3 : explain SELECT k, c FROM sbtest3 WHERE k BETWEEN 576376 AND 576476
	Bitmap Heap Scan on sbtest3  (cost=5.44..393.66 rows=98 width=125)
	  Recheck Cond: ((k >= 576376) AND (k <= 576476))
	  ->  Bitmap Index Scan on k_3  (cost=0.00..5.42 rows=98 width=0)
	        Index Cond: ((k >= 576376) AND (k <= 576476))

table 4 : explain SELECT k, c FROM sbtest4 WHERE k BETWEEN 576376 AND 576476
	Bitmap Heap Scan on sbtest4  (cost=5.45..397.82 rows=99 width=125)
	  Recheck Cond: ((k >= 576376) AND (k <= 576476))
	  ->  Bitmap Index Scan on k_4  (cost=0.00..5.42 rows=99 width=0)
	        Index Cond: ((k >= 576376) AND (k <= 576476))

table 5 : explain SELECT k, c FROM sbtest5 WHERE k BETWEEN 576376 AND 576476
	Bitmap Heap Scan on sbtest5  (cost=5.45..397.82 rows=99 width=125)
	  Recheck Cond: ((k >= 576376) AND (k <= 576476))
	  ->  Bitmap Index Scan on k_5  (cost=0.00..5.42 rows=99 width=0)
	        Index Cond: ((k >= 576376) AND (k <= 576476))

table 6 : explain SELECT k, c FROM sbtest6 WHERE k BETWEEN 576376 AND 576476
	Bitmap Heap Scan on sbtest6  (cost=5.57..444.94 rows=111 width=125)
	  Recheck Cond: ((k >= 576376) AND (k <= 576476))
	  ->  Bitmap Index Scan on k_6  (cost=0.00..5.54 rows=111 width=0)
	        Index Cond: ((k >= 576376) AND (k <= 576476))

table 7 : explain SELECT k, c FROM sbtest7 WHERE k BETWEEN 576376 AND 576476
	Bitmap Heap Scan on sbtest7  (cost=5.42..385.73 rows=96 width=125)
	  Recheck Cond: ((k >= 576376) AND (k <= 576476))
	  ->  Bitmap Index Scan on k_7  (cost=0.00..5.39 rows=96 width=0)
	        Index Cond: ((k >= 576376) AND (k <= 576476))

table 8 : explain SELECT k, c FROM sbtest8 WHERE k BETWEEN 576376 AND 576476
	Bitmap Heap Scan on sbtest8  (cost=5.54..433.07 rows=108 width=125)
	  Recheck Cond: ((k >= 576376) AND (k <= 576476))
	  ->  Bitmap Index Scan on k_8  (cost=0.00..5.51 rows=108 width=0)
	        Index Cond: ((k >= 576376) AND (k <= 576476))




explain: for range-notcovered :: explain SELECT k, c FROM sbtest%d WHERE k BETWEEN 5706738 AND 5706838
for range-notcovered
table 1 : explain SELECT k, c FROM sbtest1 WHERE k BETWEEN 6132863 AND 6132963
	Bitmap Heap Scan on sbtest1  (cost=5.47..405.46 rows=101 width=125)
	  Recheck Cond: ((k >= 6132863) AND (k <= 6132963))
	  ->  Bitmap Index Scan on k_1  (cost=0.00..5.44 rows=101 width=0)
	        Index Cond: ((k >= 6132863) AND (k <= 6132963))

table 2 : explain SELECT k, c FROM sbtest2 WHERE k BETWEEN 6132863 AND 6132963
	Bitmap Heap Scan on sbtest2  (cost=5.44..393.65 rows=98 width=125)
	  Recheck Cond: ((k >= 6132863) AND (k <= 6132963))
	  ->  Bitmap Index Scan on k_2  (cost=0.00..5.42 rows=98 width=0)
	        Index Cond: ((k >= 6132863) AND (k <= 6132963))

table 3 : explain SELECT k, c FROM sbtest3 WHERE k BETWEEN 6132863 AND 6132963
	Bitmap Heap Scan on sbtest3  (cost=5.49..413.38 rows=103 width=125)
	  Recheck Cond: ((k >= 6132863) AND (k <= 6132963))
	  ->  Bitmap Index Scan on k_3  (cost=0.00..5.46 rows=103 width=0)
	        Index Cond: ((k >= 6132863) AND (k <= 6132963))

table 4 : explain SELECT k, c FROM sbtest4 WHERE k BETWEEN 6132863 AND 6132963
	Bitmap Heap Scan on sbtest4  (cost=5.48..409.66 rows=102 width=125)
	  Recheck Cond: ((k >= 6132863) AND (k <= 6132963))
	  ->  Bitmap Index Scan on k_4  (cost=0.00..5.45 rows=102 width=0)
	        Index Cond: ((k >= 6132863) AND (k <= 6132963))

table 5 : explain SELECT k, c FROM sbtest5 WHERE k BETWEEN 6132863 AND 6132963
	Bitmap Heap Scan on sbtest5  (cost=5.51..421.50 rows=105 width=125)
	  Recheck Cond: ((k >= 6132863) AND (k <= 6132963))
	  ->  Bitmap Index Scan on k_5  (cost=0.00..5.48 rows=105 width=0)
	        Index Cond: ((k >= 6132863) AND (k <= 6132963))

table 6 : explain SELECT k, c FROM sbtest6 WHERE k BETWEEN 6132863 AND 6132963
	Bitmap Heap Scan on sbtest6  (cost=5.50..417.35 rows=104 width=125)
	  Recheck Cond: ((k >= 6132863) AND (k <= 6132963))
	  ->  Bitmap Index Scan on k_6  (cost=0.00..5.47 rows=104 width=0)
	        Index Cond: ((k >= 6132863) AND (k <= 6132963))

table 7 : explain SELECT k, c FROM sbtest7 WHERE k BETWEEN 6132863 AND 6132963
	Bitmap Heap Scan on sbtest7  (cost=5.50..417.28 rows=104 width=125)
	  Recheck Cond: ((k >= 6132863) AND (k <= 6132963))
	  ->  Bitmap Index Scan on k_7  (cost=0.00..5.47 rows=104 width=0)
	        Index Cond: ((k >= 6132863) AND (k <= 6132963))

table 8 : explain SELECT k, c FROM sbtest8 WHERE k BETWEEN 6132863 AND 6132963
	Bitmap Heap Scan on sbtest8  (cost=5.42..385.76 rows=96 width=125)
	  Recheck Cond: ((k >= 6132863) AND (k <= 6132963))
	  ->  Bitmap Index Scan on k_8  (cost=0.00..5.39 rows=96 width=0)
	        Index Cond: ((k >= 6132863) AND (k <= 6132963))

for range-notcovered
table 1 : explain SELECT k, c FROM sbtest1 WHERE k BETWEEN 4414696 AND 4414796
	Bitmap Heap Scan on sbtest1  (cost=5.54..433.06 rows=108 width=125)
	  Recheck Cond: ((k >= 4414696) AND (k <= 4414796))
	  ->  Bitmap Index Scan on k_1  (cost=0.00..5.51 rows=108 width=0)
	        Index Cond: ((k >= 4414696) AND (k <= 4414796))

table 2 : explain SELECT k, c FROM sbtest2 WHERE k BETWEEN 4414696 AND 4414796
	Bitmap Heap Scan on sbtest2  (cost=5.54..433.08 rows=108 width=125)
	  Recheck Cond: ((k >= 4414696) AND (k <= 4414796))
	  ->  Bitmap Index Scan on k_2  (cost=0.00..5.51 rows=108 width=0)
	        Index Cond: ((k >= 4414696) AND (k <= 4414796))

table 3 : explain SELECT k, c FROM sbtest3 WHERE k BETWEEN 4414696 AND 4414796
	Bitmap Heap Scan on sbtest3  (cost=5.46..401.55 rows=100 width=125)
	  Recheck Cond: ((k >= 4414696) AND (k <= 4414796))
	  ->  Bitmap Index Scan on k_3  (cost=0.00..5.43 rows=100 width=0)
	        Index Cond: ((k >= 4414696) AND (k <= 4414796))

table 4 : explain SELECT k, c FROM sbtest4 WHERE k BETWEEN 4414696 AND 4414796
	Bitmap Heap Scan on sbtest4  (cost=5.49..413.60 rows=103 width=125)
	  Recheck Cond: ((k >= 4414696) AND (k <= 4414796))
	  ->  Bitmap Index Scan on k_4  (cost=0.00..5.46 rows=103 width=0)
	        Index Cond: ((k >= 4414696) AND (k <= 4414796))

table 5 : explain SELECT k, c FROM sbtest5 WHERE k BETWEEN 4414696 AND 4414796
	Bitmap Heap Scan on sbtest5  (cost=5.56..441.22 rows=110 width=125)
	  Recheck Cond: ((k >= 4414696) AND (k <= 4414796))
	  ->  Bitmap Index Scan on k_5  (cost=0.00..5.53 rows=110 width=0)
	        Index Cond: ((k >= 4414696) AND (k <= 4414796))

table 6 : explain SELECT k, c FROM sbtest6 WHERE k BETWEEN 4414696 AND 4414796
	Bitmap Heap Scan on sbtest6  (cost=5.50..417.35 rows=104 width=125)
	  Recheck Cond: ((k >= 4414696) AND (k <= 4414796))
	  ->  Bitmap Index Scan on k_6  (cost=0.00..5.47 rows=104 width=0)
	        Index Cond: ((k >= 4414696) AND (k <= 4414796))

table 7 : explain SELECT k, c FROM sbtest7 WHERE k BETWEEN 4414696 AND 4414796
	Bitmap Heap Scan on sbtest7  (cost=5.34..354.16 rows=88 width=125)
	  Recheck Cond: ((k >= 4414696) AND (k <= 4414796))
	  ->  Bitmap Index Scan on k_7  (cost=0.00..5.31 rows=88 width=0)
	        Index Cond: ((k >= 4414696) AND (k <= 4414796))

table 8 : explain SELECT k, c FROM sbtest8 WHERE k BETWEEN 4414696 AND 4414796
	Bitmap Heap Scan on sbtest8  (cost=5.51..421.25 rows=105 width=125)
	  Recheck Cond: ((k >= 4414696) AND (k <= 4414796))
	  ->  Bitmap Index Scan on k_8  (cost=0.00..5.48 rows=105 width=0)
	        Index Cond: ((k >= 4414696) AND (k <= 4414796))

explain: for range-notcovered :: explain SELECT k, c FROM sbtest%d WHERE k BETWEEN 7465771 AND 7465871
for range-notcovered
table 1 : explain SELECT k, c FROM sbtest1 WHERE k BETWEEN 4324418 AND 4324518
	Bitmap Heap Scan on sbtest1  (cost=5.46..401.52 rows=100 width=125)
	  Recheck Cond: ((k >= 4324418) AND (k <= 4324518))
	  ->  Bitmap Index Scan on k_1  (cost=0.00..5.43 rows=100 width=0)
	        Index Cond: ((k >= 4324418) AND (k <= 4324518))

table 2 : explain SELECT k, c FROM sbtest2 WHERE k BETWEEN 4324418 AND 4324518
	Bitmap Heap Scan on sbtest2  (cost=5.55..437.02 rows=109 width=125)
	  Recheck Cond: ((k >= 4324418) AND (k <= 4324518))
	  ->  Bitmap Index Scan on k_2  (cost=0.00..5.52 rows=109 width=0)
	        Index Cond: ((k >= 4324418) AND (k <= 4324518))

table 3 : explain SELECT k, c FROM sbtest3 WHERE k BETWEEN 4324418 AND 4324518
	Bitmap Heap Scan on sbtest3  (cost=5.51..421.27 rows=105 width=125)
	  Recheck Cond: ((k >= 4324418) AND (k <= 4324518))
	  ->  Bitmap Index Scan on k_3  (cost=0.00..5.48 rows=105 width=0)
	        Index Cond: ((k >= 4324418) AND (k <= 4324518))

table 4 : explain SELECT k, c FROM sbtest4 WHERE k BETWEEN 4324418 AND 4324518
	Bitmap Heap Scan on sbtest4  (cost=5.52..425.44 rows=106 width=125)
	  Recheck Cond: ((k >= 4324418) AND (k <= 4324518))
	  ->  Bitmap Index Scan on k_4  (cost=0.00..5.50 rows=106 width=0)
	        Index Cond: ((k >= 4324418) AND (k <= 4324518))

table 5 : explain SELECT k, c FROM sbtest5 WHERE k BETWEEN 4324418 AND 4324518
	Bitmap Heap Scan on sbtest5  (cost=5.43..389.92 rows=97 width=125)
	  Recheck Cond: ((k >= 4324418) AND (k <= 4324518))
	  ->  Bitmap Index Scan on k_5  (cost=0.00..5.40 rows=97 width=0)
	        Index Cond: ((k >= 4324418) AND (k <= 4324518))

table 6 : explain SELECT k, c FROM sbtest6 WHERE k BETWEEN 4324418 AND 4324518
	Bitmap Heap Scan on sbtest6  (cost=5.49..413.40 rows=103 width=125)
	  Recheck Cond: ((k >= 4324418) AND (k <= 4324518))
	  ->  Bitmap Index Scan on k_6  (cost=0.00..5.46 rows=103 width=0)
	        Index Cond: ((k >= 4324418) AND (k <= 4324518))

table 7 : explain SELECT k, c FROM sbtest7 WHERE k BETWEEN 4324418 AND 4324518
	Bitmap Heap Scan on sbtest7  (cost=5.34..354.16 rows=88 width=125)
	  Recheck Cond: ((k >= 4324418) AND (k <= 4324518))
	  ->  Bitmap Index Scan on k_7  (cost=0.00..5.31 rows=88 width=0)
	        Index Cond: ((k >= 4324418) AND (k <= 4324518))

table 8 : explain SELECT k, c FROM sbtest8 WHERE k BETWEEN 4324418 AND 4324518
	Bitmap Heap Scan on sbtest8  (cost=5.52..425.19 rows=106 width=125)
	  Recheck Cond: ((k >= 4324418) AND (k <= 4324518))
	  ->  Bitmap Index Scan on k_8  (cost=0.00..5.50 rows=106 width=0)
	        Index Cond: ((k >= 4324418) AND (k <= 4324518))

explain: for range-notcovered :: explain SELECT k, c FROM sbtest%d WHERE k BETWEEN 4813597 AND 4813697
explain: for range-notcovered :: explain SELECT k, c FROM sbtest%d WHERE k BETWEEN 3530048 AND 3530148
for range-notcovered
table 1 : explain SELECT k, c FROM sbtest1 WHERE k BETWEEN 5712429 AND 5712529
	Bitmap Heap Scan on sbtest1  (cost=5.52..425.18 rows=106 width=125)
	  Recheck Cond: ((k >= 5712429) AND (k <= 5712529))
	  ->  Bitmap Index Scan on k_1  (cost=0.00..5.50 rows=106 width=0)
	        Index Cond: ((k >= 5712429) AND (k <= 5712529))

table 2 : explain SELECT k, c FROM sbtest2 WHERE k BETWEEN 5712429 AND 5712529
	Bitmap Heap Scan on sbtest2  (cost=5.47..405.48 rows=101 width=125)
	  Recheck Cond: ((k >= 5712429) AND (k <= 5712529))
	  ->  Bitmap Index Scan on k_2  (cost=0.00..5.44 rows=101 width=0)
	        Index Cond: ((k >= 5712429) AND (k <= 5712529))

table 3 : explain SELECT k, c FROM sbtest3 WHERE k BETWEEN 5712429 AND 5712529
	Bitmap Heap Scan on sbtest3  (cost=5.50..417.32 rows=104 width=125)
	  Recheck Cond: ((k >= 5712429) AND (k <= 5712529))
	  ->  Bitmap Index Scan on k_3  (cost=0.00..5.47 rows=104 width=0)
	        Index Cond: ((k >= 5712429) AND (k <= 5712529))

table 4 : explain SELECT k, c FROM sbtest4 WHERE k BETWEEN 5712429 AND 5712529
	Bitmap Heap Scan on sbtest4  (cost=5.48..409.66 rows=102 width=125)
	  Recheck Cond: ((k >= 5712429) AND (k <= 5712529))
	  ->  Bitmap Index Scan on k_4  (cost=0.00..5.45 rows=102 width=0)
	        Index Cond: ((k >= 5712429) AND (k <= 5712529))

table 5 : explain SELECT k, c FROM sbtest5 WHERE k BETWEEN 5712429 AND 5712529
	Bitmap Heap Scan on sbtest5  (cost=5.37..366.22 rows=91 width=125)
	  Recheck Cond: ((k >= 5712429) AND (k <= 5712529))
	  ->  Bitmap Index Scan on k_5  (cost=0.00..5.34 rows=91 width=0)
	        Index Cond: ((k >= 5712429) AND (k <= 5712529))

table 6 : explain SELECT k, c FROM sbtest6 WHERE k BETWEEN 5712429 AND 5712529
	Bitmap Heap Scan on sbtest6  (cost=5.50..417.35 rows=104 width=125)
	  Recheck Cond: ((k >= 5712429) AND (k <= 5712529))
	  ->  Bitmap Index Scan on k_6  (cost=0.00..5.47 rows=104 width=0)
	        Index Cond: ((k >= 5712429) AND (k <= 5712529))

table 7 : explain SELECT k, c FROM sbtest7 WHERE k BETWEEN 5712429 AND 5712529
	Bitmap Heap Scan on sbtest7  (cost=5.49..413.34 rows=103 width=125)
	  Recheck Cond: ((k >= 5712429) AND (k <= 5712529))
	  ->  Bitmap Index Scan on k_7  (cost=0.00..5.46 rows=103 width=0)
	        Index Cond: ((k >= 5712429) AND (k <= 5712529))

table 8 : explain SELECT k, c FROM sbtest8 WHERE k BETWEEN 5712429 AND 5712529
	Bitmap Heap Scan on sbtest8  (cost=5.50..417.31 rows=104 width=125)
	  Recheck Cond: ((k >= 5712429) AND (k <= 5712529))
	  ->  Bitmap Index Scan on k_8  (cost=0.00..5.47 rows=104 width=0)
	        Index Cond: ((k >= 5712429) AND (k <= 5712529))

explain: for range-notcovered :: explain SELECT k, c FROM sbtest%d WHERE k BETWEEN 1363981 AND 1364081
explain: for range-notcovered :: explain SELECT k, c FROM sbtest%d WHERE k BETWEEN 4414696 AND 4414796

for range-notcovered
table 1 : explain SELECT k, c FROM sbtest1 WHERE k BETWEEN 6505532 AND 6505632
	Bitmap Heap Scan on sbtest1  (cost=5.47..405.46 rows=101 width=125)
	  Recheck Cond: ((k >= 6505532) AND (k <= 6505632))
	  ->  Bitmap Index Scan on k_1  (cost=0.00..5.44 rows=101 width=0)
	        Index Cond: ((k >= 6505532) AND (k <= 6505632))

table 2 : explain SELECT k, c FROM sbtest2 WHERE k BETWEEN 6505532 AND 6505632
	Bitmap Heap Scan on sbtest2  (cost=5.40..377.87 rows=94 width=125)
	  Recheck Cond: ((k >= 6505532) AND (k <= 6505632))
	  ->  Bitmap Index Scan on k_2  (cost=0.00..5.38 rows=94 width=0)
	        Index Cond: ((k >= 6505532) AND (k <= 6505632))

table 3 : explain SELECT k, c FROM sbtest3 WHERE k BETWEEN 6505532 AND 6505632
	Bitmap Heap Scan on sbtest3  (cost=5.42..385.77 rows=96 width=125)
	  Recheck Cond: ((k >= 6505532) AND (k <= 6505632))
	  ->  Bitmap Index Scan on k_3  (cost=0.00..5.39 rows=96 width=0)
	        Index Cond: ((k >= 6505532) AND (k <= 6505632))

table 4 : explain SELECT k, c FROM sbtest4 WHERE k BETWEEN 6505532 AND 6505632
	Bitmap Heap Scan on sbtest4  (cost=5.44..393.87 rows=98 width=125)
	  Recheck Cond: ((k >= 6505532) AND (k <= 6505632))
	  ->  Bitmap Index Scan on k_4  (cost=0.00..5.42 rows=98 width=0)
	        Index Cond: ((k >= 6505532) AND (k <= 6505632))

table 5 : explain SELECT k, c FROM sbtest5 WHERE k BETWEEN 6505532 AND 6505632
	Bitmap Heap Scan on sbtest5  (cost=5.51..421.50 rows=105 width=125)
	  Recheck Cond: ((k >= 6505532) AND (k <= 6505632))
	  ->  Bitmap Index Scan on k_5  (cost=0.00..5.48 rows=105 width=0)
	        Index Cond: ((k >= 6505532) AND (k <= 6505632))

table 6 : explain SELECT k, c FROM sbtest6 WHERE k BETWEEN 6505532 AND 6505632
	Bitmap Heap Scan on sbtest6  (cost=5.44..393.68 rows=98 width=125)
	  Recheck Cond: ((k >= 6505532) AND (k <= 6505632))
	  ->  Bitmap Index Scan on k_6  (cost=0.00..5.42 rows=98 width=0)
	        Index Cond: ((k >= 6505532) AND (k <= 6505632))

table 7 : explain SELECT k, c FROM sbtest7 WHERE k BETWEEN 6505532 AND 6505632
	Bitmap Heap Scan on sbtest7  (cost=5.47..405.45 rows=101 width=125)
	  Recheck Cond: ((k >= 6505532) AND (k <= 6505632))
	  ->  Bitmap Index Scan on k_7  (cost=0.00..5.44 rows=101 width=0)
	        Index Cond: ((k >= 6505532) AND (k <= 6505632))

table 8 : explain SELECT k, c FROM sbtest8 WHERE k BETWEEN 6505532 AND 6505632
	Bitmap Heap Scan on sbtest8  (cost=5.48..409.42 rows=102 width=125)
	  Recheck Cond: ((k >= 6505532) AND (k <= 6505632))
	  ->  Bitmap Index Scan on k_8  (cost=0.00..5.45 rows=102 width=0)
	        Index Cond: ((k >= 6505532) AND (k <= 6505632))

for range-notcovered
table 1 : explain SELECT k, c FROM sbtest1 WHERE k BETWEEN 3731536 AND 3731636
	Bitmap Heap Scan on sbtest1  (cost=5.57..444.88 rows=111 width=125)
	  Recheck Cond: ((k >= 3731536) AND (k <= 3731636))
	  ->  Bitmap Index Scan on k_1  (cost=0.00..5.54 rows=111 width=0)
	        Index Cond: ((k >= 3731536) AND (k <= 3731636))

table 2 : explain SELECT k, c FROM sbtest2 WHERE k BETWEEN 3731536 AND 3731636
	Bitmap Heap Scan on sbtest2  (cost=5.39..373.92 rows=93 width=125)
	  Recheck Cond: ((k >= 3731536) AND (k <= 3731636))
	  ->  Bitmap Index Scan on k_2  (cost=0.00..5.36 rows=93 width=0)
	        Index Cond: ((k >= 3731536) AND (k <= 3731636))

table 3 : explain SELECT k, c FROM sbtest3 WHERE k BETWEEN 3731536 AND 3731636
	Bitmap Heap Scan on sbtest3  (cost=5.42..385.77 rows=96 width=125)
	  Recheck Cond: ((k >= 3731536) AND (k <= 3731636))
	  ->  Bitmap Index Scan on k_3  (cost=0.00..5.39 rows=96 width=0)
	        Index Cond: ((k >= 3731536) AND (k <= 3731636))

table 4 : explain SELECT k, c FROM sbtest4 WHERE k BETWEEN 3731536 AND 3731636
	Bitmap Heap Scan on sbtest4  (cost=5.41..382.02 rows=95 width=125)
	  Recheck Cond: ((k >= 3731536) AND (k <= 3731636))
	  ->  Bitmap Index Scan on k_4  (cost=0.00..5.38 rows=95 width=0)
	        Index Cond: ((k >= 3731536) AND (k <= 3731636))

table 5 : explain SELECT k, c FROM sbtest5 WHERE k BETWEEN 3731536 AND 3731636
	Bitmap Heap Scan on sbtest5  (cost=5.64..472.76 rows=118 width=125)
	  Recheck Cond: ((k >= 3731536) AND (k <= 3731636))
	  ->  Bitmap Index Scan on k_5  (cost=0.00..5.61 rows=118 width=0)
	        Index Cond: ((k >= 3731536) AND (k <= 3731636))

table 6 : explain SELECT k, c FROM sbtest6 WHERE k BETWEEN 3731536 AND 3731636
	Bitmap Heap Scan on sbtest6  (cost=5.44..393.68 rows=98 width=125)
	  Recheck Cond: ((k >= 3731536) AND (k <= 3731636))
	  ->  Bitmap Index Scan on k_6  (cost=0.00..5.42 rows=98 width=0)
	        Index Cond: ((k >= 3731536) AND (k <= 3731636))

table 7 : explain SELECT k, c FROM sbtest7 WHERE k BETWEEN 3731536 AND 3731636
	Bitmap Heap Scan on sbtest7  (cost=5.53..429.10 rows=107 width=125)
	  Recheck Cond: ((k >= 3731536) AND (k <= 3731636))
	  ->  Bitmap Index Scan on k_7  (cost=0.00..5.50 rows=107 width=0)
	        Index Cond: ((k >= 3731536) AND (k <= 3731636))

table 8 : explain SELECT k, c FROM sbtest8 WHERE k BETWEEN 3731536 AND 3731636
	Bitmap Heap Scan on sbtest8  (cost=5.37..366.02 rows=91 width=125)
	  Recheck Cond: ((k >= 3731536) AND (k <= 3731636))
	  ->  Bitmap Index Scan on k_8  (cost=0.00..5.34 rows=91 width=0)
	        Index Cond: ((k >= 3731536) AND (k <= 3731636))

for range-notcovered
table 1 : explain SELECT k, c FROM sbtest1 WHERE k BETWEEN 3241696 AND 3241796
	Bitmap Heap Scan on sbtest1  (cost=5.45..397.58 rows=99 width=125)
	  Recheck Cond: ((k >= 3241696) AND (k <= 3241796))
	  ->  Bitmap Index Scan on k_1  (cost=0.00..5.42 rows=99 width=0)
	        Index Cond: ((k >= 3241696) AND (k <= 3241796))

table 2 : explain SELECT k, c FROM sbtest2 WHERE k BETWEEN 3241696 AND 3241796
	Bitmap Heap Scan on sbtest2  (cost=5.43..389.70 rows=97 width=125)
	  Recheck Cond: ((k >= 3241696) AND (k <= 3241796))
	  ->  Bitmap Index Scan on k_2  (cost=0.00..5.40 rows=97 width=0)
	        Index Cond: ((k >= 3241696) AND (k <= 3241796))

table 3 : explain SELECT k, c FROM sbtest3 WHERE k BETWEEN 3241696 AND 3241796
	Bitmap Heap Scan on sbtest3  (cost=5.51..421.27 rows=105 width=125)
	  Recheck Cond: ((k >= 3241696) AND (k <= 3241796))
	  ->  Bitmap Index Scan on k_3  (cost=0.00..5.48 rows=105 width=0)
	        Index Cond: ((k >= 3241696) AND (k <= 3241796))

table 4 : explain SELECT k, c FROM sbtest4 WHERE k BETWEEN 3241696 AND 3241796
	Bitmap Heap Scan on sbtest4  (cost=5.46..401.76 rows=100 width=125)
	  Recheck Cond: ((k >= 3241696) AND (k <= 3241796))
	  ->  Bitmap Index Scan on k_4  (cost=0.00..5.43 rows=100 width=0)
	        Index Cond: ((k >= 3241696) AND (k <= 3241796))

table 5 : explain SELECT k, c FROM sbtest5 WHERE k BETWEEN 3241696 AND 3241796
	Bitmap Heap Scan on sbtest5  (cost=5.38..370.17 rows=92 width=125)
	  Recheck Cond: ((k >= 3241696) AND (k <= 3241796))
	  ->  Bitmap Index Scan on k_5  (cost=0.00..5.35 rows=92 width=0)
	        Index Cond: ((k >= 3241696) AND (k <= 3241796))

table 6 : explain SELECT k, c FROM sbtest6 WHERE k BETWEEN 3241696 AND 3241796
	Bitmap Heap Scan on sbtest6  (cost=5.51..421.29 rows=105 width=125)
	  Recheck Cond: ((k >= 3241696) AND (k <= 3241796))
	  ->  Bitmap Index Scan on k_6  (cost=0.00..5.48 rows=105 width=0)
	        Index Cond: ((k >= 3241696) AND (k <= 3241796))

table 7 : explain SELECT k, c FROM sbtest7 WHERE k BETWEEN 3241696 AND 3241796
	Bitmap Heap Scan on sbtest7  (cost=5.48..409.40 rows=102 width=125)
	  Recheck Cond: ((k >= 3241696) AND (k <= 3241796))
	  ->  Bitmap Index Scan on k_7  (cost=0.00..5.45 rows=102 width=0)
	        Index Cond: ((k >= 3241696) AND (k <= 3241796))

table 8 : explain SELECT k, c FROM sbtest8 WHERE k BETWEEN 3241696 AND 3241796
	Bitmap Heap Scan on sbtest8  (cost=5.39..373.92 rows=93 width=125)
	  Recheck Cond: ((k >= 3241696) AND (k <= 3241796))
	  ->  Bitmap Index Scan on k_8  (cost=0.00..5.36 rows=93 width=0)
	        Index Cond: ((k >= 3241696) AND (k <= 3241796))

explain: for range-notcovered :: explain SELECT k, c FROM sbtest%d WHERE k BETWEEN 4019169 AND 4019269for range-notcovered
table 1 : explain SELECT k, c FROM sbtest1 WHERE k BETWEEN 4134095 AND 4134195
	Bitmap Heap Scan on sbtest1  (cost=5.43..389.69 rows=97 width=125)
	  Recheck Cond: ((k >= 4134095) AND (k <= 4134195))
	  ->  Bitmap Index Scan on k_1  (cost=0.00..5.40 rows=97 width=0)
	        Index Cond: ((k >= 4134095) AND (k <= 4134195))

table 2 : explain SELECT k, c FROM sbtest2 WHERE k BETWEEN 4134095 AND 4134195
	Bitmap Heap Scan on sbtest2  (cost=5.46..401.54 rows=100 width=125)
	  Recheck Cond: ((k >= 4134095) AND (k <= 4134195))
	  ->  Bitmap Index Scan on k_2  (cost=0.00..5.43 rows=100 width=0)
	        Index Cond: ((k >= 4134095) AND (k <= 4134195))

table 3 : explain SELECT k, c FROM sbtest3 WHERE k BETWEEN 4134095 AND 4134195
	Bitmap Heap Scan on sbtest3  (cost=5.54..433.09 rows=108 width=125)
	  Recheck Cond: ((k >= 4134095) AND (k <= 4134195))
	  ->  Bitmap Index Scan on k_3  (cost=0.00..5.51 rows=108 width=0)
	        Index Cond: ((k >= 4134095) AND (k <= 4134195))

table 4 : explain SELECT k, c FROM sbtest4 WHERE k BETWEEN 4134095 AND 4134195
	Bitmap Heap Scan on sbtest4  (cost=5.44..393.87 rows=98 width=125)
	  Recheck Cond: ((k >= 4134095) AND (k <= 4134195))
	  ->  Bitmap Index Scan on k_4  (cost=0.00..5.42 rows=98 width=0)
	        Index Cond: ((k >= 4134095) AND (k <= 4134195))

table 5 : explain SELECT k, c FROM sbtest5 WHERE k BETWEEN 4134095 AND 4134195
	Bitmap Heap Scan on sbtest5  (cost=5.51..421.50 rows=105 width=125)
	  Recheck Cond: ((k >= 4134095) AND (k <= 4134195))
	  ->  Bitmap Index Scan on k_5  (cost=0.00..5.48 rows=105 width=0)
	        Index Cond: ((k >= 4134095) AND (k <= 4134195))

table 6 : explain SELECT k, c FROM sbtest6 WHERE k BETWEEN 4134095 AND 4134195
	Bitmap Heap Scan on sbtest6  (cost=5.42..385.79 rows=96 width=125)
	  Recheck Cond: ((k >= 4134095) AND (k <= 4134195))
	  ->  Bitmap Index Scan on k_6  (cost=0.00..5.39 rows=96 width=0)
	        Index Cond: ((k >= 4134095) AND (k <= 4134195))

table 7 : explain SELECT k, c FROM sbtest7 WHERE k BETWEEN 4134095 AND 4134195
	Bitmap Heap Scan on sbtest7  (cost=5.51..421.22 rows=105 width=125)
	  Recheck Cond: ((k >= 4134095) AND (k <= 4134195))
	  ->  Bitmap Index Scan on k_7  (cost=0.00..5.48 rows=105 width=0)
	        Index Cond: ((k >= 4134095) AND (k <= 4134195))

table 8 : explain SELECT k, c FROM sbtest8 WHERE k BETWEEN 4134095 AND 4134195
	Bitmap Heap Scan on sbtest8  (cost=5.54..433.07 rows=108 width=125)
	  Recheck Cond: ((k >= 4134095) AND (k <= 4134195))
	  ->  Bitmap Index Scan on k_8  (cost=0.00..5.51 rows=108 width=0)
	        Index Cond: ((k >= 4134095) AND (k <= 4134195))


explain: for range-notcovered :: explain SELECT k, c FROM sbtest%d WHERE k BETWEEN 3731536 AND 3731636
for range-notcovered
table 1 : explain SELECT k, c FROM sbtest1 WHERE k BETWEEN 8547191 AND 8547291
	Bitmap Heap Scan on sbtest1  (cost=5.42..385.74 rows=96 width=125)
	  Recheck Cond: ((k >= 8547191) AND (k <= 8547291))
	  ->  Bitmap Index Scan on k_1  (cost=0.00..5.39 rows=96 width=0)
	        Index Cond: ((k >= 8547191) AND (k <= 8547291))

table 2 : explain SELECT k, c FROM sbtest2 WHERE k BETWEEN 8547191 AND 8547291
	Bitmap Heap Scan on sbtest2  (cost=5.43..389.70 rows=97 width=125)
	  Recheck Cond: ((k >= 8547191) AND (k <= 8547291))
	  ->  Bitmap Index Scan on k_2  (cost=0.00..5.40 rows=97 width=0)
	        Index Cond: ((k >= 8547191) AND (k <= 8547291))

table 3 : explain SELECT k, c FROM sbtest3 WHERE k BETWEEN 8547191 AND 8547291
	Bitmap Heap Scan on sbtest3  (cost=5.46..401.55 rows=100 width=125)
	  Recheck Cond: ((k >= 8547191) AND (k <= 8547291))
	  ->  Bitmap Index Scan on k_3  (cost=0.00..5.43 rows=100 width=0)
	        Index Cond: ((k >= 8547191) AND (k <= 8547291))

table 4 : explain SELECT k, c FROM sbtest4 WHERE k BETWEEN 8547191 AND 8547291
	Bitmap Heap Scan on sbtest4  (cost=5.51..421.50 rows=105 width=125)
	  Recheck Cond: ((k >= 8547191) AND (k <= 8547291))
	  ->  Bitmap Index Scan on k_4  (cost=0.00..5.48 rows=105 width=0)
	        Index Cond: ((k >= 8547191) AND (k <= 8547291))

table 5 : explain SELECT k, c FROM sbtest5 WHERE k BETWEEN 8547191 AND 8547291
	Bitmap Heap Scan on sbtest5  (cost=5.58..449.11 rows=112 width=125)
	  Recheck Cond: ((k >= 8547191) AND (k <= 8547291))
	  ->  Bitmap Index Scan on k_5  (cost=0.00..5.55 rows=112 width=0)
	        Index Cond: ((k >= 8547191) AND (k <= 8547291))

table 6 : explain SELECT k, c FROM sbtest6 WHERE k BETWEEN 8547191 AND 8547291
	Bitmap Heap Scan on sbtest6  (cost=5.45..397.63 rows=99 width=125)
	  Recheck Cond: ((k >= 8547191) AND (k <= 8547291))
	  ->  Bitmap Index Scan on k_6  (cost=0.00..5.42 rows=99 width=0)
	        Index Cond: ((k >= 8547191) AND (k <= 8547291))

table 7 : explain SELECT k, c FROM sbtest7 WHERE k BETWEEN 8547191 AND 8547291
	Bitmap Heap Scan on sbtest7  (cost=5.47..405.45 rows=101 width=125)
	  Recheck Cond: ((k >= 8547191) AND (k <= 8547291))
	  ->  Bitmap Index Scan on k_7  (cost=0.00..5.44 rows=101 width=0)
	        Index Cond: ((k >= 8547191) AND (k <= 8547291))

table 8 : explain SELECT k, c FROM sbtest8 WHERE k BETWEEN 8547191 AND 8547291
	Bitmap Heap Scan on sbtest8  (cost=5.47..405.48 rows=101 width=125)
	  Recheck Cond: ((k >= 8547191) AND (k <= 8547291))
	  ->  Bitmap Index Scan on k_8  (cost=0.00..5.44 rows=101 width=0)
	        Index Cond: ((k >= 8547191) AND (k <= 8547291))

for range-notcovered
table 1 : explain SELECT k, c FROM sbtest1 WHERE k BETWEEN 6206397 AND 6206497
	Bitmap Heap Scan on sbtest1  (cost=5.47..405.46 rows=101 width=125)
	  Recheck Cond: ((k >= 6206397) AND (k <= 6206497))
	  ->  Bitmap Index Scan on k_1  (cost=0.00..5.44 rows=101 width=0)
	        Index Cond: ((k >= 6206397) AND (k <= 6206497))

table 2 : explain SELECT k, c FROM sbtest2 WHERE k BETWEEN 6206397 AND 6206497
	Bitmap Heap Scan on sbtest2  (cost=5.46..401.54 rows=100 width=125)
	  Recheck Cond: ((k >= 6206397) AND (k <= 6206497))
	  ->  Bitmap Index Scan on k_2  (cost=0.00..5.43 rows=100 width=0)
	        Index Cond: ((k >= 6206397) AND (k <= 6206497))

table 3 : explain SELECT k, c FROM sbtest3 WHERE k BETWEEN 6206397 AND 6206497
	Bitmap Heap Scan on sbtest3  (cost=5.45..397.61 rows=99 width=125)
	  Recheck Cond: ((k >= 6206397) AND (k <= 6206497))
	  ->  Bitmap Index Scan on k_3  (cost=0.00..5.42 rows=99 width=0)
	        Index Cond: ((k >= 6206397) AND (k <= 6206497))

table 4 : explain SELECT k, c FROM sbtest4 WHERE k BETWEEN 6206397 AND 6206497
	Bitmap Heap Scan on sbtest4  (cost=5.41..382.02 rows=95 width=125)
	  Recheck Cond: ((k >= 6206397) AND (k <= 6206497))
	  ->  Bitmap Index Scan on k_4  (cost=0.00..5.38 rows=95 width=0)
	        Index Cond: ((k >= 6206397) AND (k <= 6206497))

table 5 : explain SELECT k, c FROM sbtest5 WHERE k BETWEEN 6206397 AND 6206497
	Bitmap Heap Scan on sbtest5  (cost=5.51..421.50 rows=105 width=125)
	  Recheck Cond: ((k >= 6206397) AND (k <= 6206497))
	  ->  Bitmap Index Scan on k_5  (cost=0.00..5.48 rows=105 width=0)
	        Index Cond: ((k >= 6206397) AND (k <= 6206497))

table 6 : explain SELECT k, c FROM sbtest6 WHERE k BETWEEN 6206397 AND 6206497
	Bitmap Heap Scan on sbtest6  (cost=5.34..354.21 rows=88 width=125)
	  Recheck Cond: ((k >= 6206397) AND (k <= 6206497))
	  ->  Bitmap Index Scan on k_6  (cost=0.00..5.31 rows=88 width=0)
	        Index Cond: ((k >= 6206397) AND (k <= 6206497))

table 7 : explain SELECT k, c FROM sbtest7 WHERE k BETWEEN 6206397 AND 6206497
	Bitmap Heap Scan on sbtest7  (cost=5.49..413.34 rows=103 width=125)
	  Recheck Cond: ((k >= 6206397) AND (k <= 6206497))
	  ->  Bitmap Index Scan on k_7  (cost=0.00..5.46 rows=103 width=0)
	        Index Cond: ((k >= 6206397) AND (k <= 6206497))

table 8 : explain SELECT k, c FROM sbtest8 WHERE k BETWEEN 6206397 AND 6206497
	Bitmap Heap Scan on sbtest8  (cost=5.42..385.76 rows=96 width=125)
	  Recheck Cond: ((k >= 6206397) AND (k <= 6206497))
	  ->  Bitmap Index Scan on k_8  (cost=0.00..5.39 rows=96 width=0)
	        Index Cond: ((k >= 6206397) AND (k <= 6206497))

explain: for range-notcovered :: explain SELECT k, c FROM sbtest%d WHERE k BETWEEN 576376 AND 576476
explain: for range-notcovered :: explain SELECT k, c FROM sbtest%d WHERE k BETWEEN 6132863 AND 6132963
for range-notcovered
table 1 : explain SELECT k, c FROM sbtest1 WHERE k BETWEEN 1338578 AND 1338678
	Bitmap Heap Scan on sbtest1  (cost=5.46..401.52 rows=100 width=125)
	  Recheck Cond: ((k >= 1338578) AND (k <= 1338678))
	  ->  Bitmap Index Scan on k_1  (cost=0.00..5.43 rows=100 width=0)
	        Index Cond: ((k >= 1338578) AND (k <= 1338678))

table 2 : explain SELECT k, c FROM sbtest2 WHERE k BETWEEN 1338578 AND 1338678
	Bitmap Heap Scan on sbtest2  (cost=5.53..429.14 rows=107 width=125)
	  Recheck Cond: ((k >= 1338578) AND (k <= 1338678))
	  ->  Bitmap Index Scan on k_2  (cost=0.00..5.50 rows=107 width=0)
	        Index Cond: ((k >= 1338578) AND (k <= 1338678))

table 3 : explain SELECT k, c FROM sbtest3 WHERE k BETWEEN 1338578 AND 1338678
	Bitmap Heap Scan on sbtest3  (cost=5.62..464.61 rows=116 width=125)
	  Recheck Cond: ((k >= 1338578) AND (k <= 1338678))
	  ->  Bitmap Index Scan on k_3  (cost=0.00..5.59 rows=116 width=0)
	        Index Cond: ((k >= 1338578) AND (k <= 1338678))

table 4 : explain SELECT k, c FROM sbtest4 WHERE k BETWEEN 1338578 AND 1338678
	Bitmap Heap Scan on sbtest4  (cost=5.53..429.39 rows=107 width=125)
	  Recheck Cond: ((k >= 1338578) AND (k <= 1338678))
	  ->  Bitmap Index Scan on k_4  (cost=0.00..5.50 rows=107 width=0)
	        Index Cond: ((k >= 1338578) AND (k <= 1338678))

table 5 : explain SELECT k, c FROM sbtest5 WHERE k BETWEEN 1338578 AND 1338678
	Bitmap Heap Scan on sbtest5  (cost=5.45..397.82 rows=99 width=125)
	  Recheck Cond: ((k >= 1338578) AND (k <= 1338678))
	  ->  Bitmap Index Scan on k_5  (cost=0.00..5.42 rows=99 width=0)
	        Index Cond: ((k >= 1338578) AND (k <= 1338678))

table 6 : explain SELECT k, c FROM sbtest6 WHERE k BETWEEN 1338578 AND 1338678
	Bitmap Heap Scan on sbtest6  (cost=5.52..425.23 rows=106 width=125)
	  Recheck Cond: ((k >= 1338578) AND (k <= 1338678))
	  ->  Bitmap Index Scan on k_6  (cost=0.00..5.50 rows=106 width=0)
	        Index Cond: ((k >= 1338578) AND (k <= 1338678))

table 7 : explain SELECT k, c FROM sbtest7 WHERE k BETWEEN 1338578 AND 1338678
	Bitmap Heap Scan on sbtest7  (cost=5.46..401.51 rows=100 width=125)
	  Recheck Cond: ((k >= 1338578) AND (k <= 1338678))
	  ->  Bitmap Index Scan on k_7  (cost=0.00..5.43 rows=100 width=0)
	        Index Cond: ((k >= 1338578) AND (k <= 1338678))

table 8 : explain SELECT k, c FROM sbtest8 WHERE k BETWEEN 1338578 AND 1338678
	Bitmap Heap Scan on sbtest8  (cost=5.53..429.13 rows=107 width=125)
	  Recheck Cond: ((k >= 1338578) AND (k <= 1338678))
	  ->  Bitmap Index Scan on k_8  (cost=0.00..5.50 rows=107 width=0)
	        Index Cond: ((k >= 1338578) AND (k <= 1338678))

explain: for range-notcovered :: explain SELECT k, c FROM sbtest%d WHERE k BETWEEN 4324418 AND 4324518
for range-notcovered
table 1 : explain SELECT k, c FROM sbtest1 WHERE k BETWEEN 9580805 AND 9580905
	Bitmap Heap Scan on sbtest1  (cost=5.53..429.12 rows=107 width=125)
	  Recheck Cond: ((k >= 9580805) AND (k <= 9580905))
	  ->  Bitmap Index Scan on k_1  (cost=0.00..5.50 rows=107 width=0)
	        Index Cond: ((k >= 9580805) AND (k <= 9580905))

table 2 : explain SELECT k, c FROM sbtest2 WHERE k BETWEEN 9580805 AND 9580905
	Bitmap Heap Scan on sbtest2  (cost=5.42..385.76 rows=96 width=125)
	  Recheck Cond: ((k >= 9580805) AND (k <= 9580905))
	  ->  Bitmap Index Scan on k_2  (cost=0.00..5.39 rows=96 width=0)
	        Index Cond: ((k >= 9580805) AND (k <= 9580905))

table 3 : explain SELECT k, c FROM sbtest3 WHERE k BETWEEN 9580805 AND 9580905
	Bitmap Heap Scan on sbtest3  (cost=5.45..397.61 rows=99 width=125)
	  Recheck Cond: ((k >= 9580805) AND (k <= 9580905))
	  ->  Bitmap Index Scan on k_3  (cost=0.00..5.42 rows=99 width=0)
	        Index Cond: ((k >= 9580805) AND (k <= 9580905))

table 4 : explain SELECT k, c FROM sbtest4 WHERE k BETWEEN 9580805 AND 9580905
	Bitmap Heap Scan on sbtest4  (cost=5.55..437.27 rows=109 width=125)
	  Recheck Cond: ((k >= 9580805) AND (k <= 9580905))
	  ->  Bitmap Index Scan on k_4  (cost=0.00..5.52 rows=109 width=0)
	        Index Cond: ((k >= 9580805) AND (k <= 9580905))

table 5 : explain SELECT k, c FROM sbtest5 WHERE k BETWEEN 9580805 AND 9580905
	Bitmap Heap Scan on sbtest5  (cost=5.43..389.92 rows=97 width=125)
	  Recheck Cond: ((k >= 9580805) AND (k <= 9580905))
	  ->  Bitmap Index Scan on k_5  (cost=0.00..5.40 rows=97 width=0)
	        Index Cond: ((k >= 9580805) AND (k <= 9580905))

table 6 : explain SELECT k, c FROM sbtest6 WHERE k BETWEEN 9580805 AND 9580905
	Bitmap Heap Scan on sbtest6  (cost=5.68..484.32 rows=121 width=125)
	  Recheck Cond: ((k >= 9580805) AND (k <= 9580905))
	  ->  Bitmap Index Scan on k_6  (cost=0.00..5.64 rows=121 width=0)
	        Index Cond: ((k >= 9580805) AND (k <= 9580905))

table 7 : explain SELECT k, c FROM sbtest7 WHERE k BETWEEN 9580805 AND 9580905
	Bitmap Heap Scan on sbtest7  (cost=5.52..425.16 rows=106 width=125)
	  Recheck Cond: ((k >= 9580805) AND (k <= 9580905))
	  ->  Bitmap Index Scan on k_7  (cost=0.00..5.50 rows=106 width=0)
	        Index Cond: ((k >= 9580805) AND (k <= 9580905))

table 8 : explain SELECT k, c FROM sbtest8 WHERE k BETWEEN 9580805 AND 9580905
	Bitmap Heap Scan on sbtest8  (cost=5.47..405.48 rows=101 width=125)
	  Recheck Cond: ((k >= 9580805) AND (k <= 9580905))
	  ->  Bitmap Index Scan on k_8  (cost=0.00..5.44 rows=101 width=0)
	        Index Cond: ((k >= 9580805) AND (k <= 9580905))

for range-notcovered
table 1 : explain SELECT k, c FROM sbtest1 WHERE k BETWEEN 5977647 AND 5977747
	Bitmap Heap Scan on sbtest1  (cost=5.41..381.80 rows=95 width=125)
	  Recheck Cond: ((k >= 5977647) AND (k <= 5977747))
	  ->  Bitmap Index Scan on k_1  (cost=0.00..5.38 rows=95 width=0)
	        Index Cond: ((k >= 5977647) AND (k <= 5977747))

table 2 : explain SELECT k, c FROM sbtest2 WHERE k BETWEEN 5977647 AND 5977747
	Bitmap Heap Scan on sbtest2  (cost=5.36..362.08 rows=90 width=125)
	  Recheck Cond: ((k >= 5977647) AND (k <= 5977747))
	  ->  Bitmap Index Scan on k_2  (cost=0.00..5.33 rows=90 width=0)
	        Index Cond: ((k >= 5977647) AND (k <= 5977747))

table 3 : explain SELECT k, c FROM sbtest3 WHERE k BETWEEN 5977647 AND 5977747
	Bitmap Heap Scan on sbtest3  (cost=5.52..425.21 rows=106 width=125)
	  Recheck Cond: ((k >= 5977647) AND (k <= 5977747))
	  ->  Bitmap Index Scan on k_3  (cost=0.00..5.50 rows=106 width=0)
	        Index Cond: ((k >= 5977647) AND (k <= 5977747))

table 4 : explain SELECT k, c FROM sbtest4 WHERE k BETWEEN 5977647 AND 5977747
	Bitmap Heap Scan on sbtest4  (cost=5.51..421.50 rows=105 width=125)
	  Recheck Cond: ((k >= 5977647) AND (k <= 5977747))
	  ->  Bitmap Index Scan on k_4  (cost=0.00..5.48 rows=105 width=0)
	        Index Cond: ((k >= 5977647) AND (k <= 5977747))

table 5 : explain SELECT k, c FROM sbtest5 WHERE k BETWEEN 5977647 AND 5977747
	Bitmap Heap Scan on sbtest5  (cost=5.57..445.16 rows=111 width=125)
	  Recheck Cond: ((k >= 5977647) AND (k <= 5977747))
	  ->  Bitmap Index Scan on k_5  (cost=0.00..5.54 rows=111 width=0)
	        Index Cond: ((k >= 5977647) AND (k <= 5977747))

table 6 : explain SELECT k, c FROM sbtest6 WHERE k BETWEEN 5977647 AND 5977747
	Bitmap Heap Scan on sbtest6  (cost=5.56..441.00 rows=110 width=125)
	  Recheck Cond: ((k >= 5977647) AND (k <= 5977747))
	  ->  Bitmap Index Scan on k_6  (cost=0.00..5.53 rows=110 width=0)
	        Index Cond: ((k >= 5977647) AND (k <= 5977747))

table 7 : explain SELECT k, c FROM sbtest7 WHERE k BETWEEN 5977647 AND 5977747
	Bitmap Heap Scan on sbtest7  (cost=5.50..417.28 rows=104 width=125)
	  Recheck Cond: ((k >= 5977647) AND (k <= 5977747))
	  ->  Bitmap Index Scan on k_7  (cost=0.00..5.47 rows=104 width=0)
	        Index Cond: ((k >= 5977647) AND (k <= 5977747))

table 8 : explain SELECT k, c FROM sbtest8 WHERE k BETWEEN 5977647 AND 5977747
	Bitmap Heap Scan on sbtest8  (cost=5.53..429.13 rows=107 width=125)
	  Recheck Cond: ((k >= 5977647) AND (k <= 5977747))
	  ->  Bitmap Index Scan on k_8  (cost=0.00..5.50 rows=107 width=0)
	        Index Cond: ((k >= 5977647) AND (k <= 5977747))

explain: for range-notcovered :: explain SELECT k, c FROM sbtest%d WHERE k BETWEEN 8547191 AND 8547291

explain: for range-notcovered :: explain SELECT k, c FROM sbtest%d WHERE k BETWEEN 5712429 AND 5712529

explain: for range-notcovered :: explain SELECT k, c FROM sbtest%d WHERE k BETWEEN 6339179 AND 6339279
explain: for range-notcovered :: explain SELECT k, c FROM sbtest%d WHERE k BETWEEN 5977647 AND 5977747
for range-notcovered
table 1 : explain SELECT k, c FROM sbtest1 WHERE k BETWEEN 8536275 AND 8536375
	Bitmap Heap Scan on sbtest1  (cost=5.42..385.74 rows=96 width=125)
	  Recheck Cond: ((k >= 8536275) AND (k <= 8536375))
	  ->  Bitmap Index Scan on k_1  (cost=0.00..5.39 rows=96 width=0)
	        Index Cond: ((k >= 8536275) AND (k <= 8536375))

table 2 : explain SELECT k, c FROM sbtest2 WHERE k BETWEEN 8536275 AND 8536375
	Bitmap Heap Scan on sbtest2  (cost=5.43..389.70 rows=97 width=125)
	  Recheck Cond: ((k >= 8536275) AND (k <= 8536375))
	  ->  Bitmap Index Scan on k_2  (cost=0.00..5.40 rows=97 width=0)
	        Index Cond: ((k >= 8536275) AND (k <= 8536375))

table 3 : explain SELECT k, c FROM sbtest3 WHERE k BETWEEN 8536275 AND 8536375
	Bitmap Heap Scan on sbtest3  (cost=5.46..401.55 rows=100 width=125)
	  Recheck Cond: ((k >= 8536275) AND (k <= 8536375))
	  ->  Bitmap Index Scan on k_3  (cost=0.00..5.43 rows=100 width=0)
	        Index Cond: ((k >= 8536275) AND (k <= 8536375))

table 4 : explain SELECT k, c FROM sbtest4 WHERE k BETWEEN 8536275 AND 8536375
	Bitmap Heap Scan on sbtest4  (cost=5.51..421.50 rows=105 width=125)
	  Recheck Cond: ((k >= 8536275) AND (k <= 8536375))
	  ->  Bitmap Index Scan on k_4  (cost=0.00..5.48 rows=105 width=0)
	        Index Cond: ((k >= 8536275) AND (k <= 8536375))

table 5 : explain SELECT k, c FROM sbtest5 WHERE k BETWEEN 8536275 AND 8536375
	Bitmap Heap Scan on sbtest5  (cost=5.58..449.11 rows=112 width=125)
	  Recheck Cond: ((k >= 8536275) AND (k <= 8536375))
	  ->  Bitmap Index Scan on k_5  (cost=0.00..5.55 rows=112 width=0)
	        Index Cond: ((k >= 8536275) AND (k <= 8536375))

table 6 : explain SELECT k, c FROM sbtest6 WHERE k BETWEEN 8536275 AND 8536375
	Bitmap Heap Scan on sbtest6  (cost=5.39..373.95 rows=93 width=125)
	  Recheck Cond: ((k >= 8536275) AND (k <= 8536375))
	  ->  Bitmap Index Scan on k_6  (cost=0.00..5.36 rows=93 width=0)
	        Index Cond: ((k >= 8536275) AND (k <= 8536375))

table 7 : explain SELECT k, c FROM sbtest7 WHERE k BETWEEN 8536275 AND 8536375
	Bitmap Heap Scan on sbtest7  (cost=5.47..405.45 rows=101 width=125)
	  Recheck Cond: ((k >= 8536275) AND (k <= 8536375))
	  ->  Bitmap Index Scan on k_7  (cost=0.00..5.44 rows=101 width=0)
	        Index Cond: ((k >= 8536275) AND (k <= 8536375))

table 8 : explain SELECT k, c FROM sbtest8 WHERE k BETWEEN 8536275 AND 8536375
	Bitmap Heap Scan on sbtest8  (cost=5.47..405.48 rows=101 width=125)
	  Recheck Cond: ((k >= 8536275) AND (k <= 8536375))
	  ->  Bitmap Index Scan on k_8  (cost=0.00..5.44 rows=101 width=0)
	        Index Cond: ((k >= 8536275) AND (k <= 8536375))

for range-notcovered
table 1 : explain SELECT k, c FROM sbtest1 WHERE k BETWEEN 2531241 AND 2531341
	Bitmap Heap Scan on sbtest1  (cost=5.51..421.23 rows=105 width=125)
	  Recheck Cond: ((k >= 2531241) AND (k <= 2531341))
	  ->  Bitmap Index Scan on k_1  (cost=0.00..5.48 rows=105 width=0)
	        Index Cond: ((k >= 2531241) AND (k <= 2531341))

table 2 : explain SELECT k, c FROM sbtest2 WHERE k BETWEEN 2531241 AND 2531341
	Bitmap Heap Scan on sbtest2  (cost=5.50..417.31 rows=104 width=125)
	  Recheck Cond: ((k >= 2531241) AND (k <= 2531341))
	  ->  Bitmap Index Scan on k_2  (cost=0.00..5.47 rows=104 width=0)
	        Index Cond: ((k >= 2531241) AND (k <= 2531341))

table 3 : explain SELECT k, c FROM sbtest3 WHERE k BETWEEN 2531241 AND 2531341
	Bitmap Heap Scan on sbtest3  (cost=5.45..397.61 rows=99 width=125)
	  Recheck Cond: ((k >= 2531241) AND (k <= 2531341))
	  ->  Bitmap Index Scan on k_3  (cost=0.00..5.42 rows=99 width=0)
	        Index Cond: ((k >= 2531241) AND (k <= 2531341))

table 4 : explain SELECT k, c FROM sbtest4 WHERE k BETWEEN 2531241 AND 2531341
	Bitmap Heap Scan on sbtest4  (cost=5.47..405.71 rows=101 width=125)
	  Recheck Cond: ((k >= 2531241) AND (k <= 2531341))
	  ->  Bitmap Index Scan on k_4  (cost=0.00..5.44 rows=101 width=0)
	        Index Cond: ((k >= 2531241) AND (k <= 2531341))

table 5 : explain SELECT k, c FROM sbtest5 WHERE k BETWEEN 2531241 AND 2531341
	Bitmap Heap Scan on sbtest5  (cost=5.49..413.61 rows=103 width=125)
	  Recheck Cond: ((k >= 2531241) AND (k <= 2531341))
	  ->  Bitmap Index Scan on k_5  (cost=0.00..5.46 rows=103 width=0)
	        Index Cond: ((k >= 2531241) AND (k <= 2531341))

table 6 : explain SELECT k, c FROM sbtest6 WHERE k BETWEEN 2531241 AND 2531341
	Bitmap Heap Scan on sbtest6  (cost=5.44..393.68 rows=98 width=125)
	  Recheck Cond: ((k >= 2531241) AND (k <= 2531341))
	  ->  Bitmap Index Scan on k_6  (cost=0.00..5.42 rows=98 width=0)
	        Index Cond: ((k >= 2531241) AND (k <= 2531341))

table 7 : explain SELECT k, c FROM sbtest7 WHERE k BETWEEN 2531241 AND 2531341
	Bitmap Heap Scan on sbtest7  (cost=5.41..381.79 rows=95 width=125)
	  Recheck Cond: ((k >= 2531241) AND (k <= 2531341))
	  ->  Bitmap Index Scan on k_7  (cost=0.00..5.38 rows=95 width=0)
	        Index Cond: ((k >= 2531241) AND (k <= 2531341))

table 8 : explain SELECT k, c FROM sbtest8 WHERE k BETWEEN 2531241 AND 2531341
	Bitmap Heap Scan on sbtest8  (cost=5.43..389.70 rows=97 width=125)
	  Recheck Cond: ((k >= 2531241) AND (k <= 2531341))
	  ->  Bitmap Index Scan on k_8  (cost=0.00..5.40 rows=97 width=0)
	        Index Cond: ((k >= 2531241) AND (k <= 2531341))

explain: for range-notcovered :: explain SELECT k, c FROM sbtest%d WHERE k BETWEEN 6505532 AND 6505632
for range-notcovered
table 1 : explain SELECT k, c FROM sbtest1 WHERE k BETWEEN 5644186 AND 5644286
	Bitmap Heap Scan on sbtest1  (cost=5.49..413.35 rows=103 width=125)
	  Recheck Cond: ((k >= 5644186) AND (k <= 5644286))
	  ->  Bitmap Index Scan on k_1  (cost=0.00..5.46 rows=103 width=0)
	        Index Cond: ((k >= 5644186) AND (k <= 5644286))

table 2 : explain SELECT k, c FROM sbtest2 WHERE k BETWEEN 5644186 AND 5644286
	Bitmap Heap Scan on sbtest2  (cost=5.47..405.48 rows=101 width=125)
	  Recheck Cond: ((k >= 5644186) AND (k <= 5644286))
	  ->  Bitmap Index Scan on k_2  (cost=0.00..5.44 rows=101 width=0)
	        Index Cond: ((k >= 5644186) AND (k <= 5644286))

table 3 : explain SELECT k, c FROM sbtest3 WHERE k BETWEEN 5644186 AND 5644286
	Bitmap Heap Scan on sbtest3  (cost=5.47..405.49 rows=101 width=125)
	  Recheck Cond: ((k >= 5644186) AND (k <= 5644286))
	  ->  Bitmap Index Scan on k_3  (cost=0.00..5.44 rows=101 width=0)
	        Index Cond: ((k >= 5644186) AND (k <= 5644286))

table 4 : explain SELECT k, c FROM sbtest4 WHERE k BETWEEN 5644186 AND 5644286
	Bitmap Heap Scan on sbtest4  (cost=5.56..441.22 rows=110 width=125)
	  Recheck Cond: ((k >= 5644186) AND (k <= 5644286))
	  ->  Bitmap Index Scan on k_4  (cost=0.00..5.53 rows=110 width=0)
	        Index Cond: ((k >= 5644186) AND (k <= 5644286))

table 5 : explain SELECT k, c FROM sbtest5 WHERE k BETWEEN 5644186 AND 5644286
	Bitmap Heap Scan on sbtest5  (cost=5.46..401.77 rows=100 width=125)
	  Recheck Cond: ((k >= 5644186) AND (k <= 5644286))
	  ->  Bitmap Index Scan on k_5  (cost=0.00..5.43 rows=100 width=0)
	        Index Cond: ((k >= 5644186) AND (k <= 5644286))

table 6 : explain SELECT k, c FROM sbtest6 WHERE k BETWEEN 5644186 AND 5644286
	Bitmap Heap Scan on sbtest6  (cost=5.50..417.35 rows=104 width=125)
	  Recheck Cond: ((k >= 5644186) AND (k <= 5644286))
	  ->  Bitmap Index Scan on k_6  (cost=0.00..5.47 rows=104 width=0)
	        Index Cond: ((k >= 5644186) AND (k <= 5644286))

table 7 : explain SELECT k, c FROM sbtest7 WHERE k BETWEEN 5644186 AND 5644286
	Bitmap Heap Scan on sbtest7  (cost=5.49..413.34 rows=103 width=125)
	  Recheck Cond: ((k >= 5644186) AND (k <= 5644286))
	  ->  Bitmap Index Scan on k_7  (cost=0.00..5.46 rows=103 width=0)
	        Index Cond: ((k >= 5644186) AND (k <= 5644286))

table 8 : explain SELECT k, c FROM sbtest8 WHERE k BETWEEN 5644186 AND 5644286
	Bitmap Heap Scan on sbtest8  (cost=5.57..444.89 rows=111 width=125)
	  Recheck Cond: ((k >= 5644186) AND (k <= 5644286))
	  ->  Bitmap Index Scan on k_8  (cost=0.00..5.54 rows=111 width=0)
	        Index Cond: ((k >= 5644186) AND (k <= 5644286))

explain: for range-notcovered :: explain SELECT k, c FROM sbtest%d WHERE k BETWEEN 3241696 AND 3241796
for range-notcovered
table 1 : explain SELECT k, c FROM sbtest1 WHERE k BETWEEN 2295299 AND 2295399
	Bitmap Heap Scan on sbtest1  (cost=5.44..393.63 rows=98 width=125)
	  Recheck Cond: ((k >= 2295299) AND (k <= 2295399))
	  ->  Bitmap Index Scan on k_1  (cost=0.00..5.42 rows=98 width=0)
	        Index Cond: ((k >= 2295299) AND (k <= 2295399))

table 2 : explain SELECT k, c FROM sbtest2 WHERE k BETWEEN 2295299 AND 2295399
	Bitmap Heap Scan on sbtest2  (cost=5.40..377.87 rows=94 width=125)
	  Recheck Cond: ((k >= 2295299) AND (k <= 2295399))
	  ->  Bitmap Index Scan on k_2  (cost=0.00..5.38 rows=94 width=0)
	        Index Cond: ((k >= 2295299) AND (k <= 2295399))

table 3 : explain SELECT k, c FROM sbtest3 WHERE k BETWEEN 2295299 AND 2295399
	Bitmap Heap Scan on sbtest3  (cost=5.55..437.03 rows=109 width=125)
	  Recheck Cond: ((k >= 2295299) AND (k <= 2295399))
	  ->  Bitmap Index Scan on k_3  (cost=0.00..5.52 rows=109 width=0)
	        Index Cond: ((k >= 2295299) AND (k <= 2295399))

table 4 : explain SELECT k, c FROM sbtest4 WHERE k BETWEEN 2295299 AND 2295399
	Bitmap Heap Scan on sbtest4  (cost=5.44..393.87 rows=98 width=125)
	  Recheck Cond: ((k >= 2295299) AND (k <= 2295399))
	  ->  Bitmap Index Scan on k_4  (cost=0.00..5.42 rows=98 width=0)
	        Index Cond: ((k >= 2295299) AND (k <= 2295399))

table 5 : explain SELECT k, c FROM sbtest5 WHERE k BETWEEN 2295299 AND 2295399
	Bitmap Heap Scan on sbtest5  (cost=5.47..405.71 rows=101 width=125)
	  Recheck Cond: ((k >= 2295299) AND (k <= 2295399))
	  ->  Bitmap Index Scan on k_5  (cost=0.00..5.44 rows=101 width=0)
	        Index Cond: ((k >= 2295299) AND (k <= 2295399))

table 6 : explain SELECT k, c FROM sbtest6 WHERE k BETWEEN 2295299 AND 2295399
	Bitmap Heap Scan on sbtest6  (cost=5.48..409.46 rows=102 width=125)
	  Recheck Cond: ((k >= 2295299) AND (k <= 2295399))
	  ->  Bitmap Index Scan on k_6  (cost=0.00..5.45 rows=102 width=0)
	        Index Cond: ((k >= 2295299) AND (k <= 2295399))

table 7 : explain SELECT k, c FROM sbtest7 WHERE k BETWEEN 2295299 AND 2295399
	Bitmap Heap Scan on sbtest7  (cost=5.44..393.62 rows=98 width=125)
	  Recheck Cond: ((k >= 2295299) AND (k <= 2295399))
	  ->  Bitmap Index Scan on k_7  (cost=0.00..5.42 rows=98 width=0)
	        Index Cond: ((k >= 2295299) AND (k <= 2295399))

table 8 : explain SELECT k, c FROM sbtest8 WHERE k BETWEEN 2295299 AND 2295399
	Bitmap Heap Scan on sbtest8  (cost=5.61..460.65 rows=115 width=125)
	  Recheck Cond: ((k >= 2295299) AND (k <= 2295399))
	  ->  Bitmap Index Scan on k_8  (cost=0.00..5.58 rows=115 width=0)
	        Index Cond: ((k >= 2295299) AND (k <= 2295399))

explain: for range-notcovered :: explain SELECT k, c FROM sbtest%d WHERE k BETWEEN 6206397 AND 6206497
explain: for range-notcovered :: explain SELECT k, c FROM sbtest%d WHERE k BETWEEN 6380588 AND 6380688
for range-notcovered
table 1 : explain SELECT k, c FROM sbtest1 WHERE k BETWEEN 5454301 AND 5454401
	Bitmap Heap Scan on sbtest1  (cost=5.54..433.06 rows=108 width=125)
	  Recheck Cond: ((k >= 5454301) AND (k <= 5454401))
	  ->  Bitmap Index Scan on k_1  (cost=0.00..5.51 rows=108 width=0)
	        Index Cond: ((k >= 5454301) AND (k <= 5454401))

table 2 : explain SELECT k, c FROM sbtest2 WHERE k BETWEEN 5454301 AND 5454401
	Bitmap Heap Scan on sbtest2  (cost=5.40..377.87 rows=94 width=125)
	  Recheck Cond: ((k >= 5454301) AND (k <= 5454401))
	  ->  Bitmap Index Scan on k_2  (cost=0.00..5.38 rows=94 width=0)
	        Index Cond: ((k >= 5454301) AND (k <= 5454401))

table 3 : explain SELECT k, c FROM sbtest3 WHERE k BETWEEN 5454301 AND 5454401
	Bitmap Heap Scan on sbtest3  (cost=5.50..417.32 rows=104 width=125)
	  Recheck Cond: ((k >= 5454301) AND (k <= 5454401))
	  ->  Bitmap Index Scan on k_3  (cost=0.00..5.47 rows=104 width=0)
	        Index Cond: ((k >= 5454301) AND (k <= 5454401))

table 4 : explain SELECT k, c FROM sbtest4 WHERE k BETWEEN 5454301 AND 5454401
	Bitmap Heap Scan on sbtest4  (cost=5.51..421.50 rows=105 width=125)
	  Recheck Cond: ((k >= 5454301) AND (k <= 5454401))
	  ->  Bitmap Index Scan on k_4  (cost=0.00..5.48 rows=105 width=0)
	        Index Cond: ((k >= 5454301) AND (k <= 5454401))

table 5 : explain SELECT k, c FROM sbtest5 WHERE k BETWEEN 5454301 AND 5454401
	Bitmap Heap Scan on sbtest5  (cost=5.58..449.11 rows=112 width=125)
	  Recheck Cond: ((k >= 5454301) AND (k <= 5454401))
	  ->  Bitmap Index Scan on k_5  (cost=0.00..5.55 rows=112 width=0)
	        Index Cond: ((k >= 5454301) AND (k <= 5454401))

table 6 : explain SELECT k, c FROM sbtest6 WHERE k BETWEEN 5454301 AND 5454401
	Bitmap Heap Scan on sbtest6  (cost=5.54..433.11 rows=108 width=125)
	  Recheck Cond: ((k >= 5454301) AND (k <= 5454401))
	  ->  Bitmap Index Scan on k_6  (cost=0.00..5.51 rows=108 width=0)
	        Index Cond: ((k >= 5454301) AND (k <= 5454401))

table 7 : explain SELECT k, c FROM sbtest7 WHERE k BETWEEN 5454301 AND 5454401
	Bitmap Heap Scan on sbtest7  (cost=5.42..385.73 rows=96 width=125)
	  Recheck Cond: ((k >= 5454301) AND (k <= 5454401))
	  ->  Bitmap Index Scan on k_7  (cost=0.00..5.39 rows=96 width=0)
	        Index Cond: ((k >= 5454301) AND (k <= 5454401))

table 8 : explain SELECT k, c FROM sbtest8 WHERE k BETWEEN 5454301 AND 5454401
	Bitmap Heap Scan on sbtest8  (cost=5.46..401.53 rows=100 width=125)
	  Recheck Cond: ((k >= 5454301) AND (k <= 5454401))
	  ->  Bitmap Index Scan on k_8  (cost=0.00..5.43 rows=100 width=0)
	        Index Cond: ((k >= 5454301) AND (k <= 5454401))

explain: for range-notcovered :: explain SELECT k, c FROM sbtest%d WHERE k BETWEEN 1338578 AND 1338678
for range-notcovered
table 1 : explain SELECT k, c FROM sbtest1 WHERE k BETWEEN 6059499 AND 6059599
	Bitmap Heap Scan on sbtest1  (cost=5.42..385.74 rows=96 width=125)
	  Recheck Cond: ((k >= 6059499) AND (k <= 6059599))
	  ->  Bitmap Index Scan on k_1  (cost=0.00..5.39 rows=96 width=0)
	        Index Cond: ((k >= 6059499) AND (k <= 6059599))

table 2 : explain SELECT k, c FROM sbtest2 WHERE k BETWEEN 6059499 AND 6059599
	Bitmap Heap Scan on sbtest2  (cost=5.43..389.70 rows=97 width=125)
	  Recheck Cond: ((k >= 6059499) AND (k <= 6059599))
	  ->  Bitmap Index Scan on k_2  (cost=0.00..5.40 rows=97 width=0)
	        Index Cond: ((k >= 6059499) AND (k <= 6059599))

table 3 : explain SELECT k, c FROM sbtest3 WHERE k BETWEEN 6059499 AND 6059599
	Bitmap Heap Scan on sbtest3  (cost=5.50..417.32 rows=104 width=125)
	  Recheck Cond: ((k >= 6059499) AND (k <= 6059599))
	  ->  Bitmap Index Scan on k_3  (cost=0.00..5.47 rows=104 width=0)
	        Index Cond: ((k >= 6059499) AND (k <= 6059599))

table 4 : explain SELECT k, c FROM sbtest4 WHERE k BETWEEN 6059499 AND 6059599
	Bitmap Heap Scan on sbtest4  (cost=5.48..409.66 rows=102 width=125)
	  Recheck Cond: ((k >= 6059499) AND (k <= 6059599))
	  ->  Bitmap Index Scan on k_4  (cost=0.00..5.45 rows=102 width=0)
	        Index Cond: ((k >= 6059499) AND (k <= 6059599))

table 5 : explain SELECT k, c FROM sbtest5 WHERE k BETWEEN 6059499 AND 6059599
	Bitmap Heap Scan on sbtest5  (cost=5.57..445.16 rows=111 width=125)
	  Recheck Cond: ((k >= 6059499) AND (k <= 6059599))
	  ->  Bitmap Index Scan on k_5  (cost=0.00..5.54 rows=111 width=0)
	        Index Cond: ((k >= 6059499) AND (k <= 6059599))

table 6 : explain SELECT k, c FROM sbtest6 WHERE k BETWEEN 6059499 AND 6059599
	Bitmap Heap Scan on sbtest6  (cost=5.56..441.00 rows=110 width=125)
	  Recheck Cond: ((k >= 6059499) AND (k <= 6059599))
	  ->  Bitmap Index Scan on k_6  (cost=0.00..5.53 rows=110 width=0)
	        Index Cond: ((k >= 6059499) AND (k <= 6059599))

table 7 : explain SELECT k, c FROM sbtest7 WHERE k BETWEEN 6059499 AND 6059599
	Bitmap Heap Scan on sbtest7  (cost=5.50..417.28 rows=104 width=125)
	  Recheck Cond: ((k >= 6059499) AND (k <= 6059599))
	  ->  Bitmap Index Scan on k_7  (cost=0.00..5.47 rows=104 width=0)
	        Index Cond: ((k >= 6059499) AND (k <= 6059599))

table 8 : explain SELECT k, c FROM sbtest8 WHERE k BETWEEN 6059499 AND 6059599
	Bitmap Heap Scan on sbtest8  (cost=5.45..397.59 rows=99 width=125)
	  Recheck Cond: ((k >= 6059499) AND (k <= 6059599))
	  ->  Bitmap Index Scan on k_8  (cost=0.00..5.42 rows=99 width=0)
	        Index Cond: ((k >= 6059499) AND (k <= 6059599))

explain: for range-notcovered :: explain SELECT k, c FROM sbtest%d WHERE k BETWEEN 4134095 AND 4134195explain: for range-notcovered :: explain SELECT k, c FROM sbtest%d WHERE k BETWEEN 2295299 AND 2295399explain: for range-notcovered :: explain SELECT k, c FROM sbtest%d WHERE k BETWEEN 9580805 AND 9580905for range-notcovered
table 1 : explain SELECT k, c FROM sbtest1 WHERE k BETWEEN 397393 AND 397493
	Bitmap Heap Scan on sbtest1  (cost=5.44..393.63 rows=98 width=125)
	  Recheck Cond: ((k >= 397393) AND (k <= 397493))
	  ->  Bitmap Index Scan on k_1  (cost=0.00..5.42 rows=98 width=0)
	        Index Cond: ((k >= 397393) AND (k <= 397493))

table 2 : explain SELECT k, c FROM sbtest2 WHERE k BETWEEN 397393 AND 397493
	Bitmap Heap Scan on sbtest2  (cost=5.52..425.19 rows=106 width=125)
	  Recheck Cond: ((k >= 397393) AND (k <= 397493))
	  ->  Bitmap Index Scan on k_2  (cost=0.00..5.50 rows=106 width=0)
	        Index Cond: ((k >= 397393) AND (k <= 397493))

table 3 : explain SELECT k, c FROM sbtest3 WHERE k BETWEEN 397393 AND 397493
	Bitmap Heap Scan on sbtest3  (cost=5.35..358.14 rows=89 width=125)
	  Recheck Cond: ((k >= 397393) AND (k <= 397493))
	  ->  Bitmap Index Scan on k_3  (cost=0.00..5.32 rows=89 width=0)
	        Index Cond: ((k >= 397393) AND (k <= 397493))

table 4 : explain SELECT k, c FROM sbtest4 WHERE k BETWEEN 397393 AND 397493
	Bitmap Heap Scan on sbtest4  (cost=5.40..378.07 rows=94 width=125)
	  Recheck Cond: ((k >= 397393) AND (k <= 397493))
	  ->  Bitmap Index Scan on k_4  (cost=0.00..5.38 rows=94 width=0)
	        Index Cond: ((k >= 397393) AND (k <= 397493))

table 5 : explain SELECT k, c FROM sbtest5 WHERE k BETWEEN 397393 AND 397493
	Bitmap Heap Scan on sbtest5  (cost=5.42..385.97 rows=96 width=125)
	  Recheck Cond: ((k >= 397393) AND (k <= 397493))
	  ->  Bitmap Index Scan on k_5  (cost=0.00..5.39 rows=96 width=0)
	        Index Cond: ((k >= 397393) AND (k <= 397493))

table 6 : explain SELECT k, c FROM sbtest6 WHERE k BETWEEN 397393 AND 397493
	Bitmap Heap Scan on sbtest6  (cost=5.56..441.00 rows=110 width=125)
	  Recheck Cond: ((k >= 397393) AND (k <= 397493))
	  ->  Bitmap Index Scan on k_6  (cost=0.00..5.53 rows=110 width=0)
	        Index Cond: ((k >= 397393) AND (k <= 397493))

table 7 : explain SELECT k, c FROM sbtest7 WHERE k BETWEEN 397393 AND 397493
	Bitmap Heap Scan on sbtest7  (cost=5.46..401.51 rows=100 width=125)
	  Recheck Cond: ((k >= 397393) AND (k <= 397493))
	  ->  Bitmap Index Scan on k_7  (cost=0.00..5.43 rows=100 width=0)
	        Index Cond: ((k >= 397393) AND (k <= 397493))

table 8 : explain SELECT k, c FROM sbtest8 WHERE k BETWEEN 397393 AND 397493
	Bitmap Heap Scan on sbtest8  (cost=5.43..389.70 rows=97 width=125)
	  Recheck Cond: ((k >= 397393) AND (k <= 397493))
	  ->  Bitmap Index Scan on k_8  (cost=0.00..5.40 rows=97 width=0)
	        Index Cond: ((k >= 397393) AND (k <= 397493))

explain: for range-notcovered :: explain SELECT k, c FROM sbtest%d WHERE k BETWEEN 8172398 AND 8172498for range-notcovered
table 1 : explain SELECT k, c FROM sbtest1 WHERE k BETWEEN 6246463 AND 6246563
	Bitmap Heap Scan on sbtest1  (cost=5.41..381.80 rows=95 width=125)
	  Recheck Cond: ((k >= 6246463) AND (k <= 6246563))
	  ->  Bitmap Index Scan on k_1  (cost=0.00..5.38 rows=95 width=0)
	        Index Cond: ((k >= 6246463) AND (k <= 6246563))

table 2 : explain SELECT k, c FROM sbtest2 WHERE k BETWEEN 6246463 AND 6246563
	Bitmap Heap Scan on sbtest2  (cost=5.46..401.54 rows=100 width=125)
	  Recheck Cond: ((k >= 6246463) AND (k <= 6246563))
	  ->  Bitmap Index Scan on k_2  (cost=0.00..5.43 rows=100 width=0)
	        Index Cond: ((k >= 6246463) AND (k <= 6246563))

table 3 : explain SELECT k, c FROM sbtest3 WHERE k BETWEEN 6246463 AND 6246563
	Bitmap Heap Scan on sbtest3  (cost=5.45..397.61 rows=99 width=125)
	  Recheck Cond: ((k >= 6246463) AND (k <= 6246563))
	  ->  Bitmap Index Scan on k_3  (cost=0.00..5.42 rows=99 width=0)
	        Index Cond: ((k >= 6246463) AND (k <= 6246563))

table 4 : explain SELECT k, c FROM sbtest4 WHERE k BETWEEN 6246463 AND 6246563
	Bitmap Heap Scan on sbtest4  (cost=5.41..382.02 rows=95 width=125)
	  Recheck Cond: ((k >= 6246463) AND (k <= 6246563))
	  ->  Bitmap Index Scan on k_4  (cost=0.00..5.38 rows=95 width=0)
	        Index Cond: ((k >= 6246463) AND (k <= 6246563))

table 5 : explain SELECT k, c FROM sbtest5 WHERE k BETWEEN 6246463 AND 6246563
	Bitmap Heap Scan on sbtest5  (cost=5.51..421.50 rows=105 width=125)
	  Recheck Cond: ((k >= 6246463) AND (k <= 6246563))
	  ->  Bitmap Index Scan on k_5  (cost=0.00..5.48 rows=105 width=0)
	        Index Cond: ((k >= 6246463) AND (k <= 6246563))

table 6 : explain SELECT k, c FROM sbtest6 WHERE k BETWEEN 6246463 AND 6246563
	Bitmap Heap Scan on sbtest6  (cost=5.34..354.21 rows=88 width=125)
	  Recheck Cond: ((k >= 6246463) AND (k <= 6246563))
	  ->  Bitmap Index Scan on k_6  (cost=0.00..5.31 rows=88 width=0)
	        Index Cond: ((k >= 6246463) AND (k <= 6246563))

table 7 : explain SELECT k, c FROM sbtest7 WHERE k BETWEEN 6246463 AND 6246563
	Bitmap Heap Scan on sbtest7  (cost=5.48..409.40 rows=102 width=125)
	  Recheck Cond: ((k >= 6246463) AND (k <= 6246563))
	  ->  Bitmap Index Scan on k_7  (cost=0.00..5.45 rows=102 width=0)
	        Index Cond: ((k >= 6246463) AND (k <= 6246563))

table 8 : explain SELECT k, c FROM sbtest8 WHERE k BETWEEN 6246463 AND 6246563
	Bitmap Heap Scan on sbtest8  (cost=5.57..444.89 rows=111 width=125)
	  Recheck Cond: ((k >= 6246463) AND (k <= 6246563))
	  ->  Bitmap Index Scan on k_8  (cost=0.00..5.54 rows=111 width=0)
	        Index Cond: ((k >= 6246463) AND (k <= 6246563))

for range-notcovered
table 1 : explain SELECT k, c FROM sbtest1 WHERE k BETWEEN 5928016 AND 5928116
	Bitmap Heap Scan on sbtest1  (cost=5.41..381.80 rows=95 width=125)
	  Recheck Cond: ((k >= 5928016) AND (k <= 5928116))
	  ->  Bitmap Index Scan on k_1  (cost=0.00..5.38 rows=95 width=0)
	        Index Cond: ((k >= 5928016) AND (k <= 5928116))

table 2 : explain SELECT k, c FROM sbtest2 WHERE k BETWEEN 5928016 AND 5928116
	Bitmap Heap Scan on sbtest2  (cost=5.36..362.08 rows=90 width=125)
	  Recheck Cond: ((k >= 5928016) AND (k <= 5928116))
	  ->  Bitmap Index Scan on k_2  (cost=0.00..5.33 rows=90 width=0)
	        Index Cond: ((k >= 5928016) AND (k <= 5928116))

table 3 : explain SELECT k, c FROM sbtest3 WHERE k BETWEEN 5928016 AND 5928116
	Bitmap Heap Scan on sbtest3  (cost=5.52..425.21 rows=106 width=125)
	  Recheck Cond: ((k >= 5928016) AND (k <= 5928116))
	  ->  Bitmap Index Scan on k_3  (cost=0.00..5.50 rows=106 width=0)
	        Index Cond: ((k >= 5928016) AND (k <= 5928116))

table 4 : explain SELECT k, c FROM sbtest4 WHERE k BETWEEN 5928016 AND 5928116
	Bitmap Heap Scan on sbtest4  (cost=5.51..421.50 rows=105 width=125)
	  Recheck Cond: ((k >= 5928016) AND (k <= 5928116))
	  ->  Bitmap Index Scan on k_4  (cost=0.00..5.48 rows=105 width=0)
	        Index Cond: ((k >= 5928016) AND (k <= 5928116))

table 5 : explain SELECT k, c FROM sbtest5 WHERE k BETWEEN 5928016 AND 5928116
	Bitmap Heap Scan on sbtest5  (cost=5.41..382.02 rows=95 width=125)
	  Recheck Cond: ((k >= 5928016) AND (k <= 5928116))
	  ->  Bitmap Index Scan on k_5  (cost=0.00..5.38 rows=95 width=0)
	        Index Cond: ((k >= 5928016) AND (k <= 5928116))

table 6 : explain SELECT k, c FROM sbtest6 WHERE k BETWEEN 5928016 AND 5928116
	Bitmap Heap Scan on sbtest6  (cost=5.56..441.00 rows=110 width=125)
	  Recheck Cond: ((k >= 5928016) AND (k <= 5928116))
	  ->  Bitmap Index Scan on k_6  (cost=0.00..5.53 rows=110 width=0)
	        Index Cond: ((k >= 5928016) AND (k <= 5928116))

table 7 : explain SELECT k, c FROM sbtest7 WHERE k BETWEEN 5928016 AND 5928116
	Bitmap Heap Scan on sbtest7  (cost=5.45..397.57 rows=99 width=125)
	  Recheck Cond: ((k >= 5928016) AND (k <= 5928116))
	  ->  Bitmap Index Scan on k_7  (cost=0.00..5.42 rows=99 width=0)
	        Index Cond: ((k >= 5928016) AND (k <= 5928116))

table 8 : explain SELECT k, c FROM sbtest8 WHERE k BETWEEN 5928016 AND 5928116
	Bitmap Heap Scan on sbtest8  (cost=5.53..429.13 rows=107 width=125)
	  Recheck Cond: ((k >= 5928016) AND (k <= 5928116))
	  ->  Bitmap Index Scan on k_8  (cost=0.00..5.50 rows=107 width=0)
	        Index Cond: ((k >= 5928016) AND (k <= 5928116))

for range-notcovered
table 1 : explain SELECT k, c FROM sbtest1 WHERE k BETWEEN 4813597 AND 4813697
	Bitmap Heap Scan on sbtest1  (cost=5.47..405.46 rows=101 width=125)
	  Recheck Cond: ((k >= 4813597) AND (k <= 4813697))
	  ->  Bitmap Index Scan on k_1  (cost=0.00..5.44 rows=101 width=0)
	        Index Cond: ((k >= 4813597) AND (k <= 4813697))

table 2 : explain SELECT k, c FROM sbtest2 WHERE k BETWEEN 4813597 AND 4813697
	Bitmap Heap Scan on sbtest2  (cost=5.45..397.59 rows=99 width=125)
	  Recheck Cond: ((k >= 4813597) AND (k <= 4813697))
	  ->  Bitmap Index Scan on k_2  (cost=0.00..5.42 rows=99 width=0)
	        Index Cond: ((k >= 4813597) AND (k <= 4813697))

table 3 : explain SELECT k, c FROM sbtest3 WHERE k BETWEEN 4813597 AND 4813697
	Bitmap Heap Scan on sbtest3  (cost=5.48..409.44 rows=102 width=125)
	  Recheck Cond: ((k >= 4813597) AND (k <= 4813697))
	  ->  Bitmap Index Scan on k_3  (cost=0.00..5.45 rows=102 width=0)
	        Index Cond: ((k >= 4813597) AND (k <= 4813697))

table 4 : explain SELECT k, c FROM sbtest4 WHERE k BETWEEN 4813597 AND 4813697
	Bitmap Heap Scan on sbtest4  (cost=5.41..382.02 rows=95 width=125)
	  Recheck Cond: ((k >= 4813597) AND (k <= 4813697))
	  ->  Bitmap Index Scan on k_4  (cost=0.00..5.38 rows=95 width=0)
	        Index Cond: ((k >= 4813597) AND (k <= 4813697))

table 5 : explain SELECT k, c FROM sbtest5 WHERE k BETWEEN 4813597 AND 4813697
	Bitmap Heap Scan on sbtest5  (cost=5.50..417.55 rows=104 width=125)
	  Recheck Cond: ((k >= 4813597) AND (k <= 4813697))
	  ->  Bitmap Index Scan on k_5  (cost=0.00..5.47 rows=104 width=0)
	        Index Cond: ((k >= 4813597) AND (k <= 4813697))

table 6 : explain SELECT k, c FROM sbtest6 WHERE k BETWEEN 4813597 AND 4813697
	Bitmap Heap Scan on sbtest6  (cost=5.45..397.63 rows=99 width=125)
	  Recheck Cond: ((k >= 4813597) AND (k <= 4813697))
	  ->  Bitmap Index Scan on k_6  (cost=0.00..5.42 rows=99 width=0)
	        Index Cond: ((k >= 4813597) AND (k <= 4813697))

table 7 : explain SELECT k, c FROM sbtest7 WHERE k BETWEEN 4813597 AND 4813697
	Bitmap Heap Scan on sbtest7  (cost=5.50..417.28 rows=104 width=125)
	  Recheck Cond: ((k >= 4813597) AND (k <= 4813697))
	  ->  Bitmap Index Scan on k_7  (cost=0.00..5.47 rows=104 width=0)
	        Index Cond: ((k >= 4813597) AND (k <= 4813697))

table 8 : explain SELECT k, c FROM sbtest8 WHERE k BETWEEN 4813597 AND 4813697
	Bitmap Heap Scan on sbtest8  (cost=5.38..369.97 rows=92 width=125)
	  Recheck Cond: ((k >= 4813597) AND (k <= 4813697))
	  ->  Bitmap Index Scan on k_8  (cost=0.00..5.35 rows=92 width=0)
	        Index Cond: ((k >= 4813597) AND (k <= 4813697))
for range-notcovered
table 1 : explain SELECT k, c FROM sbtest1 WHERE k BETWEEN 5737342 AND 5737442
	Bitmap Heap Scan on sbtest1  (cost=5.52..425.18 rows=106 width=125)
	  Recheck Cond: ((k >= 5737342) AND (k <= 5737442))
	  ->  Bitmap Index Scan on k_1  (cost=0.00..5.50 rows=106 width=0)
	        Index Cond: ((k >= 5737342) AND (k <= 5737442))

table 2 : explain SELECT k, c FROM sbtest2 WHERE k BETWEEN 5737342 AND 5737442
	Bitmap Heap Scan on sbtest2  (cost=5.47..405.48 rows=101 width=125)
	  Recheck Cond: ((k >= 5737342) AND (k <= 5737442))
	  ->  Bitmap Index Scan on k_2  (cost=0.00..5.44 rows=101 width=0)
	        Index Cond: ((k >= 5737342) AND (k <= 5737442))

table 3 : explain SELECT k, c FROM sbtest3 WHERE k BETWEEN 5737342 AND 5737442
	Bitmap Heap Scan on sbtest3  (cost=5.50..417.32 rows=104 width=125)
	  Recheck Cond: ((k >= 5737342) AND (k <= 5737442))
	  ->  Bitmap Index Scan on k_3  (cost=0.00..5.47 rows=104 width=0)
	        Index Cond: ((k >= 5737342) AND (k <= 5737442))

table 4 : explain SELECT k, c FROM sbtest4 WHERE k BETWEEN 5737342 AND 5737442
	Bitmap Heap Scan on sbtest4  (cost=5.48..409.66 rows=102 width=125)
	  Recheck Cond: ((k >= 5737342) AND (k <= 5737442))
	  ->  Bitmap Index Scan on k_4  (cost=0.00..5.45 rows=102 width=0)
	        Index Cond: ((k >= 5737342) AND (k <= 5737442))

table 5 : explain SELECT k, c FROM sbtest5 WHERE k BETWEEN 5737342 AND 5737442
	Bitmap Heap Scan on sbtest5  (cost=5.37..366.22 rows=91 width=125)
	  Recheck Cond: ((k >= 5737342) AND (k <= 5737442))
	  ->  Bitmap Index Scan on k_5  (cost=0.00..5.34 rows=91 width=0)
	        Index Cond: ((k >= 5737342) AND (k <= 5737442))

table 6 : explain SELECT k, c FROM sbtest6 WHERE k BETWEEN 5737342 AND 5737442
	Bitmap Heap Scan on sbtest6  (cost=5.56..441.00 rows=110 width=125)
	  Recheck Cond: ((k >= 5737342) AND (k <= 5737442))
	  ->  Bitmap Index Scan on k_6  (cost=0.00..5.53 rows=110 width=0)
	        Index Cond: ((k >= 5737342) AND (k <= 5737442))

table 7 : explain SELECT k, c FROM sbtest7 WHERE k BETWEEN 5737342 AND 5737442
	Bitmap Heap Scan on sbtest7  (cost=5.49..413.34 rows=103 width=125)
	  Recheck Cond: ((k >= 5737342) AND (k <= 5737442))
	  ->  Bitmap Index Scan on k_7  (cost=0.00..5.46 rows=103 width=0)
	        Index Cond: ((k >= 5737342) AND (k <= 5737442))

table 8 : explain SELECT k, c FROM sbtest8 WHERE k BETWEEN 5737342 AND 5737442
	Bitmap Heap Scan on sbtest8  (cost=5.50..417.31 rows=104 width=125)
	  Recheck Cond: ((k >= 5737342) AND (k <= 5737442))
	  ->  Bitmap Index Scan on k_8  (cost=0.00..5.47 rows=104 width=0)
	        Index Cond: ((k >= 5737342) AND (k <= 5737442))
for range-notcovered
table 1 : explain SELECT k, c FROM sbtest1 WHERE k BETWEEN 4686524 AND 4686624
	Bitmap Heap Scan on sbtest1  (cost=5.50..417.29 rows=104 width=125)
	  Recheck Cond: ((k >= 4686524) AND (k <= 4686624))
	  ->  Bitmap Index Scan on k_1  (cost=0.00..5.47 rows=104 width=0)
	        Index Cond: ((k >= 4686524) AND (k <= 4686624))

table 2 : explain SELECT k, c FROM sbtest2 WHERE k BETWEEN 4686524 AND 4686624
	Bitmap Heap Scan on sbtest2  (cost=5.41..381.81 rows=95 width=125)
	  Recheck Cond: ((k >= 4686524) AND (k <= 4686624))
	  ->  Bitmap Index Scan on k_2  (cost=0.00..5.38 rows=95 width=0)
	        Index Cond: ((k >= 4686524) AND (k <= 4686624))

table 3 : explain SELECT k, c FROM sbtest3 WHERE k BETWEEN 4686524 AND 4686624
	Bitmap Heap Scan on sbtest3  (cost=5.46..401.55 rows=100 width=125)
	  Recheck Cond: ((k >= 4686524) AND (k <= 4686624))
	  ->  Bitmap Index Scan on k_3  (cost=0.00..5.43 rows=100 width=0)
	        Index Cond: ((k >= 4686524) AND (k <= 4686624))

table 4 : explain SELECT k, c FROM sbtest4 WHERE k BETWEEN 4686524 AND 4686624
	Bitmap Heap Scan on sbtest4  (cost=5.39..374.12 rows=93 width=125)
	  Recheck Cond: ((k >= 4686524) AND (k <= 4686624))
	  ->  Bitmap Index Scan on k_4  (cost=0.00..5.36 rows=93 width=0)
	        Index Cond: ((k >= 4686524) AND (k <= 4686624))

table 5 : explain SELECT k, c FROM sbtest5 WHERE k BETWEEN 4686524 AND 4686624
	Bitmap Heap Scan on sbtest5  (cost=5.44..393.87 rows=98 width=125)
	  Recheck Cond: ((k >= 4686524) AND (k <= 4686624))
	  ->  Bitmap Index Scan on k_5  (cost=0.00..5.42 rows=98 width=0)
	        Index Cond: ((k >= 4686524) AND (k <= 4686624))

table 6 : explain SELECT k, c FROM sbtest6 WHERE k BETWEEN 4686524 AND 4686624
	Bitmap Heap Scan on sbtest6  (cost=5.41..381.84 rows=95 width=125)
	  Recheck Cond: ((k >= 4686524) AND (k <= 4686624))
	  ->  Bitmap Index Scan on k_6  (cost=0.00..5.38 rows=95 width=0)
	        Index Cond: ((k >= 4686524) AND (k <= 4686624))

table 7 : explain SELECT k, c FROM sbtest7 WHERE k BETWEEN 4686524 AND 4686624
	Bitmap Heap Scan on sbtest7  (cost=5.37..366.00 rows=91 width=125)
	  Recheck Cond: ((k >= 4686524) AND (k <= 4686624))
	  ->  Bitmap Index Scan on k_7  (cost=0.00..5.34 rows=91 width=0)
	        Index Cond: ((k >= 4686524) AND (k <= 4686624))

table 8 : explain SELECT k, c FROM sbtest8 WHERE k BETWEEN 4686524 AND 4686624
	Bitmap Heap Scan on sbtest8  (cost=5.45..397.59 rows=99 width=125)
	  Recheck Cond: ((k >= 4686524) AND (k <= 4686624))
	  ->  Bitmap Index Scan on k_8  (cost=0.00..5.42 rows=99 width=0)
	        Index Cond: ((k >= 4686524) AND (k <= 4686624))

explain: for range-notcovered :: explain SELECT k, c FROM sbtest%d WHERE k BETWEEN 2531241 AND 2531341

explain: for range-notcovered :: explain SELECT k, c FROM sbtest%d WHERE k BETWEEN 6246463 AND 6246563

for range-notcovered
table 1 : explain SELECT k, c FROM sbtest1 WHERE k BETWEEN 7465771 AND 7465871
	Bitmap Heap Scan on sbtest1  (cost=5.62..464.57 rows=116 width=125)
	  Recheck Cond: ((k >= 7465771) AND (k <= 7465871))
	  ->  Bitmap Index Scan on k_1  (cost=0.00..5.59 rows=116 width=0)
	        Index Cond: ((k >= 7465771) AND (k <= 7465871))

table 2 : explain SELECT k, c FROM sbtest2 WHERE k BETWEEN 7465771 AND 7465871
	Bitmap Heap Scan on sbtest2  (cost=5.41..381.81 rows=95 width=125)
	  Recheck Cond: ((k >= 7465771) AND (k <= 7465871))
	  ->  Bitmap Index Scan on k_2  (cost=0.00..5.38 rows=95 width=0)
	        Index Cond: ((k >= 7465771) AND (k <= 7465871))

table 3 : explain SELECT k, c FROM sbtest3 WHERE k BETWEEN 7465771 AND 7465871
	Bitmap Heap Scan on sbtest3  (cost=5.47..405.49 rows=101 width=125)
	  Recheck Cond: ((k >= 7465771) AND (k <= 7465871))
	  ->  Bitmap Index Scan on k_3  (cost=0.00..5.44 rows=101 width=0)
	        Index Cond: ((k >= 7465771) AND (k <= 7465871))

table 4 : explain SELECT k, c FROM sbtest4 WHERE k BETWEEN 7465771 AND 7465871
	Bitmap Heap Scan on sbtest4  (cost=5.49..413.60 rows=103 width=125)
	  Recheck Cond: ((k >= 7465771) AND (k <= 7465871))
	  ->  Bitmap Index Scan on k_4  (cost=0.00..5.46 rows=103 width=0)
	        Index Cond: ((k >= 7465771) AND (k <= 7465871))

table 5 : explain SELECT k, c FROM sbtest5 WHERE k BETWEEN 7465771 AND 7465871
	Bitmap Heap Scan on sbtest5  (cost=5.48..409.66 rows=102 width=125)
	  Recheck Cond: ((k >= 7465771) AND (k <= 7465871))
	  ->  Bitmap Index Scan on k_5  (cost=0.00..5.45 rows=102 width=0)
	        Index Cond: ((k >= 7465771) AND (k <= 7465871))

table 6 : explain SELECT k, c FROM sbtest6 WHERE k BETWEEN 7465771 AND 7465871
	Bitmap Heap Scan on sbtest6  (cost=5.50..417.35 rows=104 width=125)
	  Recheck Cond: ((k >= 7465771) AND (k <= 7465871))
	  ->  Bitmap Index Scan on k_6  (cost=0.00..5.47 rows=104 width=0)
	        Index Cond: ((k >= 7465771) AND (k <= 7465871))

table 7 : explain SELECT k, c FROM sbtest7 WHERE k BETWEEN 7465771 AND 7465871
	Bitmap Heap Scan on sbtest7  (cost=5.43..389.68 rows=97 width=125)
	  Recheck Cond: ((k >= 7465771) AND (k <= 7465871))
	  ->  Bitmap Index Scan on k_7  (cost=0.00..5.40 rows=97 width=0)
	        Index Cond: ((k >= 7465771) AND (k <= 7465871))

table 8 : explain SELECT k, c FROM sbtest8 WHERE k BETWEEN 7465771 AND 7465871
	Bitmap Heap Scan on sbtest8  (cost=5.48..409.42 rows=102 width=125)
	  Recheck Cond: ((k >= 7465771) AND (k <= 7465871))
	  ->  Bitmap Index Scan on k_8  (cost=0.00..5.45 rows=102 width=0)
	        Index Cond: ((k >= 7465771) AND (k <= 7465871))

explain: for range-notcovered :: explain SELECT k, c FROM sbtest%d WHERE k BETWEEN 5454301 AND 5454401
for range-notcovered
table 1 : explain SELECT k, c FROM sbtest1 WHERE k BETWEEN 3275438 AND 3275538
	Bitmap Heap Scan on sbtest1  (cost=5.45..397.58 rows=99 width=125)
	  Recheck Cond: ((k >= 3275438) AND (k <= 3275538))
	  ->  Bitmap Index Scan on k_1  (cost=0.00..5.42 rows=99 width=0)
	        Index Cond: ((k >= 3275438) AND (k <= 3275538))

table 2 : explain SELECT k, c FROM sbtest2 WHERE k BETWEEN 3275438 AND 3275538
	Bitmap Heap Scan on sbtest2  (cost=5.41..381.81 rows=95 width=125)
	  Recheck Cond: ((k >= 3275438) AND (k <= 3275538))
	  ->  Bitmap Index Scan on k_2  (cost=0.00..5.38 rows=95 width=0)
	        Index Cond: ((k >= 3275438) AND (k <= 3275538))

table 3 : explain SELECT k, c FROM sbtest3 WHERE k BETWEEN 3275438 AND 3275538
	Bitmap Heap Scan on sbtest3  (cost=5.51..421.27 rows=105 width=125)
	  Recheck Cond: ((k >= 3275438) AND (k <= 3275538))
	  ->  Bitmap Index Scan on k_3  (cost=0.00..5.48 rows=105 width=0)
	        Index Cond: ((k >= 3275438) AND (k <= 3275538))

table 4 : explain SELECT k, c FROM sbtest4 WHERE k BETWEEN 3275438 AND 3275538
	Bitmap Heap Scan on sbtest4  (cost=5.46..401.76 rows=100 width=125)
	  Recheck Cond: ((k >= 3275438) AND (k <= 3275538))
	  ->  Bitmap Index Scan on k_4  (cost=0.00..5.43 rows=100 width=0)
	        Index Cond: ((k >= 3275438) AND (k <= 3275538))

table 5 : explain SELECT k, c FROM sbtest5 WHERE k BETWEEN 3275438 AND 3275538
	Bitmap Heap Scan on sbtest5  (cost=5.38..370.17 rows=92 width=125)
	  Recheck Cond: ((k >= 3275438) AND (k <= 3275538))
	  ->  Bitmap Index Scan on k_5  (cost=0.00..5.35 rows=92 width=0)
	        Index Cond: ((k >= 3275438) AND (k <= 3275538))

table 6 : explain SELECT k, c FROM sbtest6 WHERE k BETWEEN 3275438 AND 3275538
	Bitmap Heap Scan on sbtest6  (cost=5.51..421.29 rows=105 width=125)
	  Recheck Cond: ((k >= 3275438) AND (k <= 3275538))
	  ->  Bitmap Index Scan on k_6  (cost=0.00..5.48 rows=105 width=0)
	        Index Cond: ((k >= 3275438) AND (k <= 3275538))

table 7 : explain SELECT k, c FROM sbtest7 WHERE k BETWEEN 3275438 AND 3275538
	Bitmap Heap Scan on sbtest7  (cost=5.48..409.40 rows=102 width=125)
	  Recheck Cond: ((k >= 3275438) AND (k <= 3275538))
	  ->  Bitmap Index Scan on k_7  (cost=0.00..5.45 rows=102 width=0)
	        Index Cond: ((k >= 3275438) AND (k <= 3275538))

table 8 : explain SELECT k, c FROM sbtest8 WHERE k BETWEEN 3275438 AND 3275538
	Bitmap Heap Scan on sbtest8  (cost=5.39..373.92 rows=93 width=125)
	  Recheck Cond: ((k >= 3275438) AND (k <= 3275538))
	  ->  Bitmap Index Scan on k_8  (cost=0.00..5.36 rows=93 width=0)
	        Index Cond: ((k >= 3275438) AND (k <= 3275538))

for range-notcovered
table 1 : explain SELECT k, c FROM sbtest1 WHERE k BETWEEN 1363981 AND 1364081
	Bitmap Heap Scan on sbtest1  (cost=5.46..401.52 rows=100 width=125)
	  Recheck Cond: ((k >= 1363981) AND (k <= 1364081))
	  ->  Bitmap Index Scan on k_1  (cost=0.00..5.43 rows=100 width=0)
	        Index Cond: ((k >= 1363981) AND (k <= 1364081))

table 2 : explain SELECT k, c FROM sbtest2 WHERE k BETWEEN 1363981 AND 1364081
	Bitmap Heap Scan on sbtest2  (cost=5.45..397.59 rows=99 width=125)
	  Recheck Cond: ((k >= 1363981) AND (k <= 1364081))
	  ->  Bitmap Index Scan on k_2  (cost=0.00..5.42 rows=99 width=0)
	        Index Cond: ((k >= 1363981) AND (k <= 1364081))

table 3 : explain SELECT k, c FROM sbtest3 WHERE k BETWEEN 1363981 AND 1364081
	Bitmap Heap Scan on sbtest3  (cost=5.62..464.61 rows=116 width=125)
	  Recheck Cond: ((k >= 1363981) AND (k <= 1364081))
	  ->  Bitmap Index Scan on k_3  (cost=0.00..5.59 rows=116 width=0)
	        Index Cond: ((k >= 1363981) AND (k <= 1364081))

table 4 : explain SELECT k, c FROM sbtest4 WHERE k BETWEEN 1363981 AND 1364081
	Bitmap Heap Scan on sbtest4  (cost=5.53..429.39 rows=107 width=125)
	  Recheck Cond: ((k >= 1363981) AND (k <= 1364081))
	  ->  Bitmap Index Scan on k_4  (cost=0.00..5.50 rows=107 width=0)
	        Index Cond: ((k >= 1363981) AND (k <= 1364081))

table 5 : explain SELECT k, c FROM sbtest5 WHERE k BETWEEN 1363981 AND 1364081
	Bitmap Heap Scan on sbtest5  (cost=5.45..397.82 rows=99 width=125)
	  Recheck Cond: ((k >= 1363981) AND (k <= 1364081))
	  ->  Bitmap Index Scan on k_5  (cost=0.00..5.42 rows=99 width=0)
	        Index Cond: ((k >= 1363981) AND (k <= 1364081))

table 6 : explain SELECT k, c FROM sbtest6 WHERE k BETWEEN 1363981 AND 1364081
	Bitmap Heap Scan on sbtest6  (cost=5.52..425.23 rows=106 width=125)
	  Recheck Cond: ((k >= 1363981) AND (k <= 1364081))
	  ->  Bitmap Index Scan on k_6  (cost=0.00..5.50 rows=106 width=0)
	        Index Cond: ((k >= 1363981) AND (k <= 1364081))

table 7 : explain SELECT k, c FROM sbtest7 WHERE k BETWEEN 1363981 AND 1364081
	Bitmap Heap Scan on sbtest7  (cost=5.46..401.51 rows=100 width=125)
	  Recheck Cond: ((k >= 1363981) AND (k <= 1364081))
	  ->  Bitmap Index Scan on k_7  (cost=0.00..5.43 rows=100 width=0)
	        Index Cond: ((k >= 1363981) AND (k <= 1364081))

table 8 : explain SELECT k, c FROM sbtest8 WHERE k BETWEEN 1363981 AND 1364081
	Bitmap Heap Scan on sbtest8  (cost=5.53..429.13 rows=107 width=125)
	  Recheck Cond: ((k >= 1363981) AND (k <= 1364081))
	  ->  Bitmap Index Scan on k_8  (cost=0.00..5.50 rows=107 width=0)
	        Index Cond: ((k >= 1363981) AND (k <= 1364081))
for range-notcovered
table 1 : explain SELECT k, c FROM sbtest1 WHERE k BETWEEN 5706738 AND 5706838
	Bitmap Heap Scan on sbtest1  (cost=5.52..425.18 rows=106 width=125)
	  Recheck Cond: ((k >= 5706738) AND (k <= 5706838))
	  ->  Bitmap Index Scan on k_1  (cost=0.00..5.50 rows=106 width=0)
	        Index Cond: ((k >= 5706738) AND (k <= 5706838))

table 2 : explain SELECT k, c FROM sbtest2 WHERE k BETWEEN 5706738 AND 5706838
	Bitmap Heap Scan on sbtest2  (cost=5.47..405.48 rows=101 width=125)
	  Recheck Cond: ((k >= 5706738) AND (k <= 5706838))
	  ->  Bitmap Index Scan on k_2  (cost=0.00..5.44 rows=101 width=0)
	        Index Cond: ((k >= 5706738) AND (k <= 5706838))

table 3 : explain SELECT k, c FROM sbtest3 WHERE k BETWEEN 5706738 AND 5706838
	Bitmap Heap Scan on sbtest3  (cost=5.50..417.32 rows=104 width=125)
	  Recheck Cond: ((k >= 5706738) AND (k <= 5706838))
	  ->  Bitmap Index Scan on k_3  (cost=0.00..5.47 rows=104 width=0)
	        Index Cond: ((k >= 5706738) AND (k <= 5706838))

table 4 : explain SELECT k, c FROM sbtest4 WHERE k BETWEEN 5706738 AND 5706838
	Bitmap Heap Scan on sbtest4  (cost=5.48..409.66 rows=102 width=125)
	  Recheck Cond: ((k >= 5706738) AND (k <= 5706838))
	  ->  Bitmap Index Scan on k_4  (cost=0.00..5.45 rows=102 width=0)
	        Index Cond: ((k >= 5706738) AND (k <= 5706838))

table 5 : explain SELECT k, c FROM sbtest5 WHERE k BETWEEN 5706738 AND 5706838
	Bitmap Heap Scan on sbtest5  (cost=5.37..366.22 rows=91 width=125)
	  Recheck Cond: ((k >= 5706738) AND (k <= 5706838))
	  ->  Bitmap Index Scan on k_5  (cost=0.00..5.34 rows=91 width=0)
	        Index Cond: ((k >= 5706738) AND (k <= 5706838))

table 6 : explain SELECT k, c FROM sbtest6 WHERE k BETWEEN 5706738 AND 5706838
	Bitmap Heap Scan on sbtest6  (cost=5.50..417.35 rows=104 width=125)
	  Recheck Cond: ((k >= 5706738) AND (k <= 5706838))
	  ->  Bitmap Index Scan on k_6  (cost=0.00..5.47 rows=104 width=0)
	        Index Cond: ((k >= 5706738) AND (k <= 5706838))

table 7 : explain SELECT k, c FROM sbtest7 WHERE k BETWEEN 5706738 AND 5706838
	Bitmap Heap Scan on sbtest7  (cost=5.49..413.34 rows=103 width=125)
	  Recheck Cond: ((k >= 5706738) AND (k <= 5706838))
	  ->  Bitmap Index Scan on k_7  (cost=0.00..5.46 rows=103 width=0)
	        Index Cond: ((k >= 5706738) AND (k <= 5706838))

table 8 : explain SELECT k, c FROM sbtest8 WHERE k BETWEEN 5706738 AND 5706838
	Bitmap Heap Scan on sbtest8  (cost=5.50..417.31 rows=104 width=125)
	  Recheck Cond: ((k >= 5706738) AND (k <= 5706838))
	  ->  Bitmap Index Scan on k_8  (cost=0.00..5.47 rows=104 width=0)
	        Index Cond: ((k >= 5706738) AND (k <= 5706838))

explain: for range-notcovered :: explain SELECT k, c FROM sbtest%d WHERE k BETWEEN 9039001 AND 9039101explain: for range-notcovered :: explain SELECT k, c FROM sbtest%d WHERE k BETWEEN 6059499 AND 6059599explain: for range-notcovered :: explain SELECT k, c FROM sbtest%d WHERE k BETWEEN 7465771 AND 7465871

explain: for range-notcovered :: explain SELECT k, c FROM sbtest%d WHERE k BETWEEN 3275438 AND 3275538

explain: for range-notcovered :: explain SELECT k, c FROM sbtest%d WHERE k BETWEEN 5644186 AND 5644286explain: for range-notcovered :: explain SELECT k, c FROM sbtest%d WHERE k BETWEEN 5706738 AND 5706838

for range-notcovered
table 1 : explain SELECT k, c FROM sbtest1 WHERE k BETWEEN 8312725 AND 8312825
	Bitmap Heap Scan on sbtest1  (cost=5.52..425.18 rows=106 width=125)
	  Recheck Cond: ((k >= 8312725) AND (k <= 8312825))
	  ->  Bitmap Index Scan on k_1  (cost=0.00..5.50 rows=106 width=0)
	        Index Cond: ((k >= 8312725) AND (k <= 8312825))

table 2 : explain SELECT k, c FROM sbtest2 WHERE k BETWEEN 8312725 AND 8312825
	Bitmap Heap Scan on sbtest2  (cost=5.51..421.25 rows=105 width=125)
	  Recheck Cond: ((k >= 8312725) AND (k <= 8312825))
	  ->  Bitmap Index Scan on k_2  (cost=0.00..5.48 rows=105 width=0)
	        Index Cond: ((k >= 8312725) AND (k <= 8312825))

table 3 : explain SELECT k, c FROM sbtest3 WHERE k BETWEEN 8312725 AND 8312825
	Bitmap Heap Scan on sbtest3  (cost=5.46..401.55 rows=100 width=125)
	  Recheck Cond: ((k >= 8312725) AND (k <= 8312825))
	  ->  Bitmap Index Scan on k_3  (cost=0.00..5.43 rows=100 width=0)
	        Index Cond: ((k >= 8312725) AND (k <= 8312825))

table 4 : explain SELECT k, c FROM sbtest4 WHERE k BETWEEN 8312725 AND 8312825
	Bitmap Heap Scan on sbtest4  (cost=5.45..397.82 rows=99 width=125)
	  Recheck Cond: ((k >= 8312725) AND (k <= 8312825))
	  ->  Bitmap Index Scan on k_4  (cost=0.00..5.42 rows=99 width=0)
	        Index Cond: ((k >= 8312725) AND (k <= 8312825))

table 5 : explain SELECT k, c FROM sbtest5 WHERE k BETWEEN 8312725 AND 8312825
	Bitmap Heap Scan on sbtest5  (cost=5.51..421.50 rows=105 width=125)
	  Recheck Cond: ((k >= 8312725) AND (k <= 8312825))
	  ->  Bitmap Index Scan on k_5  (cost=0.00..5.48 rows=105 width=0)
	        Index Cond: ((k >= 8312725) AND (k <= 8312825))

table 6 : explain SELECT k, c FROM sbtest6 WHERE k BETWEEN 8312725 AND 8312825
	Bitmap Heap Scan on sbtest6  (cost=5.45..397.63 rows=99 width=125)
	  Recheck Cond: ((k >= 8312725) AND (k <= 8312825))
	  ->  Bitmap Index Scan on k_6  (cost=0.00..5.42 rows=99 width=0)
	        Index Cond: ((k >= 8312725) AND (k <= 8312825))

table 7 : explain SELECT k, c FROM sbtest7 WHERE k BETWEEN 8312725 AND 8312825
	Bitmap Heap Scan on sbtest7  (cost=5.47..405.45 rows=101 width=125)
	  Recheck Cond: ((k >= 8312725) AND (k <= 8312825))
	  ->  Bitmap Index Scan on k_7  (cost=0.00..5.44 rows=101 width=0)
	        Index Cond: ((k >= 8312725) AND (k <= 8312825))

table 8 : explain SELECT k, c FROM sbtest8 WHERE k BETWEEN 8312725 AND 8312825
	Bitmap Heap Scan on sbtest8  (cost=5.50..417.31 rows=104 width=125)
	  Recheck Cond: ((k >= 8312725) AND (k <= 8312825))
	  ->  Bitmap Index Scan on k_8  (cost=0.00..5.47 rows=104 width=0)
	        Index Cond: ((k >= 8312725) AND (k <= 8312825))
explain: for range-notcovered :: explain SELECT k, c FROM sbtest%d WHERE k BETWEEN 4813597 AND 4813697
for range-notcovered
table 1 : explain SELECT k, c FROM sbtest1 WHERE k BETWEEN 4414696 AND 4414796
	Bitmap Heap Scan on sbtest1  (cost=5.54..433.06 rows=108 width=125)
	  Recheck Cond: ((k >= 4414696) AND (k <= 4414796))
	  ->  Bitmap Index Scan on k_1  (cost=0.00..5.51 rows=108 width=0)
	        Index Cond: ((k >= 4414696) AND (k <= 4414796))

table 2 : explain SELECT k, c FROM sbtest2 WHERE k BETWEEN 4414696 AND 4414796
	Bitmap Heap Scan on sbtest2  (cost=5.54..433.08 rows=108 width=125)
	  Recheck Cond: ((k >= 4414696) AND (k <= 4414796))
	  ->  Bitmap Index Scan on k_2  (cost=0.00..5.51 rows=108 width=0)
	        Index Cond: ((k >= 4414696) AND (k <= 4414796))

table 3 : explain SELECT k, c FROM sbtest3 WHERE k BETWEEN 4414696 AND 4414796
	Bitmap Heap Scan on sbtest3  (cost=5.46..401.55 rows=100 width=125)
	  Recheck Cond: ((k >= 4414696) AND (k <= 4414796))
	  ->  Bitmap Index Scan on k_3  (cost=0.00..5.43 rows=100 width=0)
	        Index Cond: ((k >= 4414696) AND (k <= 4414796))

table 4 : explain SELECT k, c FROM sbtest4 WHERE k BETWEEN 4414696 AND 4414796
	Bitmap Heap Scan on sbtest4  (cost=5.49..413.60 rows=103 width=125)
	  Recheck Cond: ((k >= 4414696) AND (k <= 4414796))
	  ->  Bitmap Index Scan on k_4  (cost=0.00..5.46 rows=103 width=0)
	        Index Cond: ((k >= 4414696) AND (k <= 4414796))

table 5 : explain SELECT k, c FROM sbtest5 WHERE k BETWEEN 4414696 AND 4414796
	Bitmap Heap Scan on sbtest5  (cost=5.56..441.22 rows=110 width=125)
	  Recheck Cond: ((k >= 4414696) AND (k <= 4414796))
	  ->  Bitmap Index Scan on k_5  (cost=0.00..5.53 rows=110 width=0)
	        Index Cond: ((k >= 4414696) AND (k <= 4414796))

table 6 : explain SELECT k, c FROM sbtest6 WHERE k BETWEEN 4414696 AND 4414796
	Bitmap Heap Scan on sbtest6  (cost=5.50..417.35 rows=104 width=125)
	  Recheck Cond: ((k >= 4414696) AND (k <= 4414796))
	  ->  Bitmap Index Scan on k_6  (cost=0.00..5.47 rows=104 width=0)
	        Index Cond: ((k >= 4414696) AND (k <= 4414796))

table 7 : explain SELECT k, c FROM sbtest7 WHERE k BETWEEN 4414696 AND 4414796
	Bitmap Heap Scan on sbtest7  (cost=5.34..354.16 rows=88 width=125)
	  Recheck Cond: ((k >= 4414696) AND (k <= 4414796))
	  ->  Bitmap Index Scan on k_7  (cost=0.00..5.31 rows=88 width=0)
	        Index Cond: ((k >= 4414696) AND (k <= 4414796))

table 8 : explain SELECT k, c FROM sbtest8 WHERE k BETWEEN 4414696 AND 4414796
	Bitmap Heap Scan on sbtest8  (cost=5.51..421.25 rows=105 width=125)
	  Recheck Cond: ((k >= 4414696) AND (k <= 4414796))
	  ->  Bitmap Index Scan on k_8  (cost=0.00..5.48 rows=105 width=0)
	        Index Cond: ((k >= 4414696) AND (k <= 4414796))

for range-notcovered
table 1 : explain SELECT k, c FROM sbtest1 WHERE k BETWEEN 499318 AND 499418
	Bitmap Heap Scan on sbtest1  (cost=5.50..417.29 rows=104 width=125)
	  Recheck Cond: ((k >= 499318) AND (k <= 499418))
	  ->  Bitmap Index Scan on k_1  (cost=0.00..5.47 rows=104 width=0)
	        Index Cond: ((k >= 499318) AND (k <= 499418))

table 2 : explain SELECT k, c FROM sbtest2 WHERE k BETWEEN 499318 AND 499418
	Bitmap Heap Scan on sbtest2  (cost=5.59..452.78 rows=113 width=125)
	  Recheck Cond: ((k >= 499318) AND (k <= 499418))
	  ->  Bitmap Index Scan on k_2  (cost=0.00..5.56 rows=113 width=0)
	        Index Cond: ((k >= 499318) AND (k <= 499418))

table 3 : explain SELECT k, c FROM sbtest3 WHERE k BETWEEN 499318 AND 499418
	Bitmap Heap Scan on sbtest3  (cost=5.44..393.66 rows=98 width=125)
	  Recheck Cond: ((k >= 499318) AND (k <= 499418))
	  ->  Bitmap Index Scan on k_3  (cost=0.00..5.42 rows=98 width=0)
	        Index Cond: ((k >= 499318) AND (k <= 499418))

table 4 : explain SELECT k, c FROM sbtest4 WHERE k BETWEEN 499318 AND 499418
	Bitmap Heap Scan on sbtest4  (cost=5.47..405.71 rows=101 width=125)
	  Recheck Cond: ((k >= 499318) AND (k <= 499418))
	  ->  Bitmap Index Scan on k_4  (cost=0.00..5.44 rows=101 width=0)
	        Index Cond: ((k >= 499318) AND (k <= 499418))

table 5 : explain SELECT k, c FROM sbtest5 WHERE k BETWEEN 499318 AND 499418
	Bitmap Heap Scan on sbtest5  (cost=5.38..370.17 rows=92 width=125)
	  Recheck Cond: ((k >= 499318) AND (k <= 499418))
	  ->  Bitmap Index Scan on k_5  (cost=0.00..5.35 rows=92 width=0)
	        Index Cond: ((k >= 499318) AND (k <= 499418))

table 6 : explain SELECT k, c FROM sbtest6 WHERE k BETWEEN 499318 AND 499418
	Bitmap Heap Scan on sbtest6  (cost=5.57..444.94 rows=111 width=125)
	  Recheck Cond: ((k >= 499318) AND (k <= 499418))
	  ->  Bitmap Index Scan on k_6  (cost=0.00..5.54 rows=111 width=0)
	        Index Cond: ((k >= 499318) AND (k <= 499418))

table 7 : explain SELECT k, c FROM sbtest7 WHERE k BETWEEN 499318 AND 499418
	Bitmap Heap Scan on sbtest7  (cost=5.42..385.73 rows=96 width=125)
	  Recheck Cond: ((k >= 499318) AND (k <= 499418))
	  ->  Bitmap Index Scan on k_7  (cost=0.00..5.39 rows=96 width=0)
	        Index Cond: ((k >= 499318) AND (k <= 499418))

table 8 : explain SELECT k, c FROM sbtest8 WHERE k BETWEEN 499318 AND 499418
	Bitmap Heap Scan on sbtest8  (cost=5.50..417.31 rows=104 width=125)
	  Recheck Cond: ((k >= 499318) AND (k <= 499418))
	  ->  Bitmap Index Scan on k_8  (cost=0.00..5.47 rows=104 width=0)
	        Index Cond: ((k >= 499318) AND (k <= 499418))

for range-notcovered
table 1 : explain SELECT k, c FROM sbtest1 WHERE k BETWEEN 3530048 AND 3530148
	Bitmap Heap Scan on sbtest1  (cost=5.35..358.12 rows=89 width=125)
	  Recheck Cond: ((k >= 3530048) AND (k <= 3530148))
	  ->  Bitmap Index Scan on k_1  (cost=0.00..5.32 rows=89 width=0)
	        Index Cond: ((k >= 3530048) AND (k <= 3530148))

table 2 : explain SELECT k, c FROM sbtest2 WHERE k BETWEEN 3530048 AND 3530148
	Bitmap Heap Scan on sbtest2  (cost=5.46..401.54 rows=100 width=125)
	  Recheck Cond: ((k >= 3530048) AND (k <= 3530148))
	  ->  Bitmap Index Scan on k_2  (cost=0.00..5.43 rows=100 width=0)
	        Index Cond: ((k >= 3530048) AND (k <= 3530148))

table 3 : explain SELECT k, c FROM sbtest3 WHERE k BETWEEN 3530048 AND 3530148
	Bitmap Heap Scan on sbtest3  (cost=5.42..385.77 rows=96 width=125)
	  Recheck Cond: ((k >= 3530048) AND (k <= 3530148))
	  ->  Bitmap Index Scan on k_3  (cost=0.00..5.39 rows=96 width=0)
	        Index Cond: ((k >= 3530048) AND (k <= 3530148))

table 4 : explain SELECT k, c FROM sbtest4 WHERE k BETWEEN 3530048 AND 3530148
	Bitmap Heap Scan on sbtest4  (cost=5.57..445.16 rows=111 width=125)
	  Recheck Cond: ((k >= 3530048) AND (k <= 3530148))
	  ->  Bitmap Index Scan on k_4  (cost=0.00..5.54 rows=111 width=0)
	        Index Cond: ((k >= 3530048) AND (k <= 3530148))

table 5 : explain SELECT k, c FROM sbtest5 WHERE k BETWEEN 3530048 AND 3530148
	Bitmap Heap Scan on sbtest5  (cost=5.41..382.02 rows=95 width=125)
	  Recheck Cond: ((k >= 3530048) AND (k <= 3530148))
	  ->  Bitmap Index Scan on k_5  (cost=0.00..5.38 rows=95 width=0)
	        Index Cond: ((k >= 3530048) AND (k <= 3530148))

table 6 : explain SELECT k, c FROM sbtest6 WHERE k BETWEEN 3530048 AND 3530148
	Bitmap Heap Scan on sbtest6  (cost=5.44..393.68 rows=98 width=125)
	  Recheck Cond: ((k >= 3530048) AND (k <= 3530148))
	  ->  Bitmap Index Scan on k_6  (cost=0.00..5.42 rows=98 width=0)
	        Index Cond: ((k >= 3530048) AND (k <= 3530148))

table 7 : explain SELECT k, c FROM sbtest7 WHERE k BETWEEN 3530048 AND 3530148
	Bitmap Heap Scan on sbtest7  (cost=5.45..397.57 rows=99 width=125)
	  Recheck Cond: ((k >= 3530048) AND (k <= 3530148))
	  ->  Bitmap Index Scan on k_7  (cost=0.00..5.42 rows=99 width=0)
	        Index Cond: ((k >= 3530048) AND (k <= 3530148))

table 8 : explain SELECT k, c FROM sbtest8 WHERE k BETWEEN 3530048 AND 3530148
	Bitmap Heap Scan on sbtest8  (cost=5.51..421.25 rows=105 width=125)
	  Recheck Cond: ((k >= 3530048) AND (k <= 3530148))
	  ->  Bitmap Index Scan on k_8  (cost=0.00..5.48 rows=105 width=0)
	        Index Cond: ((k >= 3530048) AND (k <= 3530148))



for range-notcovered
table 1 : explain SELECT k, c FROM sbtest1 WHERE k BETWEEN 576376 AND 576476
	Bitmap Heap Scan on sbtest1  (cost=5.44..393.63 rows=98 width=125)
	  Recheck Cond: ((k >= 576376) AND (k <= 576476))
	  ->  Bitmap Index Scan on k_1  (cost=0.00..5.42 rows=98 width=0)
	        Index Cond: ((k >= 576376) AND (k <= 576476))

table 2 : explain SELECT k, c FROM sbtest2 WHERE k BETWEEN 576376 AND 576476
	Bitmap Heap Scan on sbtest2  (cost=5.42..385.76 rows=96 width=125)
	  Recheck Cond: ((k >= 576376) AND (k <= 576476))
	  ->  Bitmap Index Scan on k_2  (cost=0.00..5.39 rows=96 width=0)
	        Index Cond: ((k >= 576376) AND (k <= 576476))

table 3 : explain SELECT k, c FROM sbtest3 WHERE k BETWEEN 576376 AND 576476
	Bitmap Heap Scan on sbtest3  (cost=5.44..393.66 rows=98 width=125)
	  Recheck Cond: ((k >= 576376) AND (k <= 576476))
	  ->  Bitmap Index Scan on k_3  (cost=0.00..5.42 rows=98 width=0)
	        Index Cond: ((k >= 576376) AND (k <= 576476))

table 4 : explain SELECT k, c FROM sbtest4 WHERE k BETWEEN 576376 AND 576476
	Bitmap Heap Scan on sbtest4  (cost=5.45..397.82 rows=99 width=125)
	  Recheck Cond: ((k >= 576376) AND (k <= 576476))
	  ->  Bitmap Index Scan on k_4  (cost=0.00..5.42 rows=99 width=0)
	        Index Cond: ((k >= 576376) AND (k <= 576476))

table 5 : explain SELECT k, c FROM sbtest5 WHERE k BETWEEN 576376 AND 576476
	Bitmap Heap Scan on sbtest5  (cost=5.45..397.82 rows=99 width=125)
	  Recheck Cond: ((k >= 576376) AND (k <= 576476))
	  ->  Bitmap Index Scan on k_5  (cost=0.00..5.42 rows=99 width=0)
	        Index Cond: ((k >= 576376) AND (k <= 576476))

table 6 : explain SELECT k, c FROM sbtest6 WHERE k BETWEEN 576376 AND 576476
	Bitmap Heap Scan on sbtest6  (cost=5.57..444.94 rows=111 width=125)
	  Recheck Cond: ((k >= 576376) AND (k <= 576476))
	  ->  Bitmap Index Scan on k_6  (cost=0.00..5.54 rows=111 width=0)
	        Index Cond: ((k >= 576376) AND (k <= 576476))

table 7 : explain SELECT k, c FROM sbtest7 WHERE k BETWEEN 576376 AND 576476
	Bitmap Heap Scan on sbtest7  (cost=5.42..385.73 rows=96 width=125)
	  Recheck Cond: ((k >= 576376) AND (k <= 576476))
	  ->  Bitmap Index Scan on k_7  (cost=0.00..5.39 rows=96 width=0)
	        Index Cond: ((k >= 576376) AND (k <= 576476))

table 8 : explain SELECT k, c FROM sbtest8 WHERE k BETWEEN 576376 AND 576476
	Bitmap Heap Scan on sbtest8  (cost=5.54..433.07 rows=108 width=125)
	  Recheck Cond: ((k >= 576376) AND (k <= 576476))
	  ->  Bitmap Index Scan on k_8  (cost=0.00..5.51 rows=108 width=0)
	        Index Cond: ((k >= 576376) AND (k <= 576476))


explain: for range-notcovered :: explain SELECT k, c FROM sbtest%d WHERE k BETWEEN 4414696 AND 4414796
for range-notcovered
table 1 : explain SELECT k, c FROM sbtest1 WHERE k BETWEEN 7876412 AND 7876512
	Bitmap Heap Scan on sbtest1  (cost=5.42..385.74 rows=96 width=125)
	  Recheck Cond: ((k >= 7876412) AND (k <= 7876512))
	  ->  Bitmap Index Scan on k_1  (cost=0.00..5.39 rows=96 width=0)
	        Index Cond: ((k >= 7876412) AND (k <= 7876512))

table 2 : explain SELECT k, c FROM sbtest2 WHERE k BETWEEN 7876412 AND 7876512
	Bitmap Heap Scan on sbtest2  (cost=5.48..409.43 rows=102 width=125)
	  Recheck Cond: ((k >= 7876412) AND (k <= 7876512))
	  ->  Bitmap Index Scan on k_2  (cost=0.00..5.45 rows=102 width=0)
	        Index Cond: ((k >= 7876412) AND (k <= 7876512))

table 3 : explain SELECT k, c FROM sbtest3 WHERE k BETWEEN 7876412 AND 7876512
	Bitmap Heap Scan on sbtest3  (cost=5.44..393.66 rows=98 width=125)
	  Recheck Cond: ((k >= 7876412) AND (k <= 7876512))
	  ->  Bitmap Index Scan on k_3  (cost=0.00..5.42 rows=98 width=0)
	        Index Cond: ((k >= 7876412) AND (k <= 7876512))

table 4 : explain SELECT k, c FROM sbtest4 WHERE k BETWEEN 7876412 AND 7876512
	Bitmap Heap Scan on sbtest4  (cost=5.49..413.60 rows=103 width=125)
	  Recheck Cond: ((k >= 7876412) AND (k <= 7876512))
	  ->  Bitmap Index Scan on k_4  (cost=0.00..5.46 rows=103 width=0)
	        Index Cond: ((k >= 7876412) AND (k <= 7876512))

table 5 : explain SELECT k, c FROM sbtest5 WHERE k BETWEEN 7876412 AND 7876512
	Bitmap Heap Scan on sbtest5  (cost=5.62..464.87 rows=116 width=125)
	  Recheck Cond: ((k >= 7876412) AND (k <= 7876512))
	  ->  Bitmap Index Scan on k_5  (cost=0.00..5.59 rows=116 width=0)
	        Index Cond: ((k >= 7876412) AND (k <= 7876512))

table 6 : explain SELECT k, c FROM sbtest6 WHERE k BETWEEN 7876412 AND 7876512
	Bitmap Heap Scan on sbtest6  (cost=5.51..421.29 rows=105 width=125)
	  Recheck Cond: ((k >= 7876412) AND (k <= 7876512))
	  ->  Bitmap Index Scan on k_6  (cost=0.00..5.48 rows=105 width=0)
	        Index Cond: ((k >= 7876412) AND (k <= 7876512))

table 7 : explain SELECT k, c FROM sbtest7 WHERE k BETWEEN 7876412 AND 7876512
	Bitmap Heap Scan on sbtest7  (cost=5.54..433.05 rows=108 width=125)
	  Recheck Cond: ((k >= 7876412) AND (k <= 7876512))
	  ->  Bitmap Index Scan on k_7  (cost=0.00..5.51 rows=108 width=0)
	        Index Cond: ((k >= 7876412) AND (k <= 7876512))

table 8 : explain SELECT k, c FROM sbtest8 WHERE k BETWEEN 7876412 AND 7876512
	Bitmap Heap Scan on sbtest8  (cost=5.59..452.77 rows=113 width=125)
	  Recheck Cond: ((k >= 7876412) AND (k <= 7876512))
	  ->  Bitmap Index Scan on k_8  (cost=0.00..5.56 rows=113 width=0)
	        Index Cond: ((k >= 7876412) AND (k <= 7876512))


explain: for range-notcovered :: explain SELECT k, c FROM sbtest%d WHERE k BETWEEN 1363981 AND 1364081
for range-notcovered
table 1 : explain SELECT k, c FROM sbtest1 WHERE k BETWEEN 3731536 AND 3731636
	Bitmap Heap Scan on sbtest1  (cost=5.57..444.88 rows=111 width=125)
	  Recheck Cond: ((k >= 3731536) AND (k <= 3731636))
	  ->  Bitmap Index Scan on k_1  (cost=0.00..5.54 rows=111 width=0)
	        Index Cond: ((k >= 3731536) AND (k <= 3731636))

table 2 : explain SELECT k, c FROM sbtest2 WHERE k BETWEEN 3731536 AND 3731636
	Bitmap Heap Scan on sbtest2  (cost=5.39..373.92 rows=93 width=125)
	  Recheck Cond: ((k >= 3731536) AND (k <= 3731636))
	  ->  Bitmap Index Scan on k_2  (cost=0.00..5.36 rows=93 width=0)
	        Index Cond: ((k >= 3731536) AND (k <= 3731636))

table 3 : explain SELECT k, c FROM sbtest3 WHERE k BETWEEN 3731536 AND 3731636
	Bitmap Heap Scan on sbtest3  (cost=5.42..385.77 rows=96 width=125)
	  Recheck Cond: ((k >= 3731536) AND (k <= 3731636))
	  ->  Bitmap Index Scan on k_3  (cost=0.00..5.39 rows=96 width=0)
	        Index Cond: ((k >= 3731536) AND (k <= 3731636))

table 4 : explain SELECT k, c FROM sbtest4 WHERE k BETWEEN 3731536 AND 3731636
	Bitmap Heap Scan on sbtest4  (cost=5.41..382.02 rows=95 width=125)
	  Recheck Cond: ((k >= 3731536) AND (k <= 3731636))
	  ->  Bitmap Index Scan on k_4  (cost=0.00..5.38 rows=95 width=0)
	        Index Cond: ((k >= 3731536) AND (k <= 3731636))

table 5 : explain SELECT k, c FROM sbtest5 WHERE k BETWEEN 3731536 AND 3731636
	Bitmap Heap Scan on sbtest5  (cost=5.64..472.76 rows=118 width=125)
	  Recheck Cond: ((k >= 3731536) AND (k <= 3731636))
	  ->  Bitmap Index Scan on k_5  (cost=0.00..5.61 rows=118 width=0)
	        Index Cond: ((k >= 3731536) AND (k <= 3731636))

table 6 : explain SELECT k, c FROM sbtest6 WHERE k BETWEEN 3731536 AND 3731636
	Bitmap Heap Scan on sbtest6  (cost=5.44..393.68 rows=98 width=125)
	  Recheck Cond: ((k >= 3731536) AND (k <= 3731636))
	  ->  Bitmap Index Scan on k_6  (cost=0.00..5.42 rows=98 width=0)
	        Index Cond: ((k >= 3731536) AND (k <= 3731636))

table 7 : explain SELECT k, c FROM sbtest7 WHERE k BETWEEN 3731536 AND 3731636
	Bitmap Heap Scan on sbtest7  (cost=5.53..429.10 rows=107 width=125)
	  Recheck Cond: ((k >= 3731536) AND (k <= 3731636))
	  ->  Bitmap Index Scan on k_7  (cost=0.00..5.50 rows=107 width=0)
	        Index Cond: ((k >= 3731536) AND (k <= 3731636))

table 8 : explain SELECT k, c FROM sbtest8 WHERE k BETWEEN 3731536 AND 3731636
	Bitmap Heap Scan on sbtest8  (cost=5.37..366.02 rows=91 width=125)
	  Recheck Cond: ((k >= 3731536) AND (k <= 3731636))
	  ->  Bitmap Index Scan on k_8  (cost=0.00..5.34 rows=91 width=0)
	        Index Cond: ((k >= 3731536) AND (k <= 3731636))

explain: for range-notcovered :: explain SELECT k, c FROM sbtest%d WHERE k BETWEEN 5928016 AND 5928116
explain: for range-notcovered :: explain SELECT k, c FROM sbtest%d WHERE k BETWEEN 4686524 AND 4686624
for range-notcovered
table 1 : explain SELECT k, c FROM sbtest1 WHERE k BETWEEN 8547191 AND 8547291
	Bitmap Heap Scan on sbtest1  (cost=5.42..385.74 rows=96 width=125)
	  Recheck Cond: ((k >= 8547191) AND (k <= 8547291))
	  ->  Bitmap Index Scan on k_1  (cost=0.00..5.39 rows=96 width=0)
	        Index Cond: ((k >= 8547191) AND (k <= 8547291))

table 2 : explain SELECT k, c FROM sbtest2 WHERE k BETWEEN 8547191 AND 8547291
	Bitmap Heap Scan on sbtest2  (cost=5.43..389.70 rows=97 width=125)
	  Recheck Cond: ((k >= 8547191) AND (k <= 8547291))
	  ->  Bitmap Index Scan on k_2  (cost=0.00..5.40 rows=97 width=0)
	        Index Cond: ((k >= 8547191) AND (k <= 8547291))

table 3 : explain SELECT k, c FROM sbtest3 WHERE k BETWEEN 8547191 AND 8547291
	Bitmap Heap Scan on sbtest3  (cost=5.46..401.55 rows=100 width=125)
	  Recheck Cond: ((k >= 8547191) AND (k <= 8547291))
	  ->  Bitmap Index Scan on k_3  (cost=0.00..5.43 rows=100 width=0)
	        Index Cond: ((k >= 8547191) AND (k <= 8547291))

table 4 : explain SELECT k, c FROM sbtest4 WHERE k BETWEEN 8547191 AND 8547291
	Bitmap Heap Scan on sbtest4  (cost=5.51..421.50 rows=105 width=125)
	  Recheck Cond: ((k >= 8547191) AND (k <= 8547291))
	  ->  Bitmap Index Scan on k_4  (cost=0.00..5.48 rows=105 width=0)
	        Index Cond: ((k >= 8547191) AND (k <= 8547291))

table 5 : explain SELECT k, c FROM sbtest5 WHERE k BETWEEN 8547191 AND 8547291
	Bitmap Heap Scan on sbtest5  (cost=5.58..449.11 rows=112 width=125)
	  Recheck Cond: ((k >= 8547191) AND (k <= 8547291))
	  ->  Bitmap Index Scan on k_5  (cost=0.00..5.55 rows=112 width=0)
	        Index Cond: ((k >= 8547191) AND (k <= 8547291))

table 6 : explain SELECT k, c FROM sbtest6 WHERE k BETWEEN 8547191 AND 8547291
	Bitmap Heap Scan on sbtest6  (cost=5.45..397.63 rows=99 width=125)
	  Recheck Cond: ((k >= 8547191) AND (k <= 8547291))
	  ->  Bitmap Index Scan on k_6  (cost=0.00..5.42 rows=99 width=0)
	        Index Cond: ((k >= 8547191) AND (k <= 8547291))

table 7 : explain SELECT k, c FROM sbtest7 WHERE k BETWEEN 8547191 AND 8547291
	Bitmap Heap Scan on sbtest7  (cost=5.47..405.45 rows=101 width=125)
	  Recheck Cond: ((k >= 8547191) AND (k <= 8547291))
	  ->  Bitmap Index Scan on k_7  (cost=0.00..5.44 rows=101 width=0)
	        Index Cond: ((k >= 8547191) AND (k <= 8547291))

table 8 : explain SELECT k, c FROM sbtest8 WHERE k BETWEEN 8547191 AND 8547291
	Bitmap Heap Scan on sbtest8  (cost=5.47..405.48 rows=101 width=125)
	  Recheck Cond: ((k >= 8547191) AND (k <= 8547291))
	  ->  Bitmap Index Scan on k_8  (cost=0.00..5.44 rows=101 width=0)
	        Index Cond: ((k >= 8547191) AND (k <= 8547291))

for range-notcovered
table 1 : explain SELECT k, c FROM sbtest1 WHERE k BETWEEN 4324418 AND 4324518
	Bitmap Heap Scan on sbtest1  (cost=5.46..401.52 rows=100 width=125)
	  Recheck Cond: ((k >= 4324418) AND (k <= 4324518))
	  ->  Bitmap Index Scan on k_1  (cost=0.00..5.43 rows=100 width=0)
	        Index Cond: ((k >= 4324418) AND (k <= 4324518))

table 2 : explain SELECT k, c FROM sbtest2 WHERE k BETWEEN 4324418 AND 4324518
	Bitmap Heap Scan on sbtest2  (cost=5.55..437.02 rows=109 width=125)
	  Recheck Cond: ((k >= 4324418) AND (k <= 4324518))
	  ->  Bitmap Index Scan on k_2  (cost=0.00..5.52 rows=109 width=0)
	        Index Cond: ((k >= 4324418) AND (k <= 4324518))

table 3 : explain SELECT k, c FROM sbtest3 WHERE k BETWEEN 4324418 AND 4324518
	Bitmap Heap Scan on sbtest3  (cost=5.51..421.27 rows=105 width=125)
	  Recheck Cond: ((k >= 4324418) AND (k <= 4324518))
	  ->  Bitmap Index Scan on k_3  (cost=0.00..5.48 rows=105 width=0)
	        Index Cond: ((k >= 4324418) AND (k <= 4324518))

table 4 : explain SELECT k, c FROM sbtest4 WHERE k BETWEEN 4324418 AND 4324518
	Bitmap Heap Scan on sbtest4  (cost=5.52..425.44 rows=106 width=125)
	  Recheck Cond: ((k >= 4324418) AND (k <= 4324518))
	  ->  Bitmap Index Scan on k_4  (cost=0.00..5.50 rows=106 width=0)
	        Index Cond: ((k >= 4324418) AND (k <= 4324518))

table 5 : explain SELECT k, c FROM sbtest5 WHERE k BETWEEN 4324418 AND 4324518
	Bitmap Heap Scan on sbtest5  (cost=5.43..389.92 rows=97 width=125)
	  Recheck Cond: ((k >= 4324418) AND (k <= 4324518))
	  ->  Bitmap Index Scan on k_5  (cost=0.00..5.40 rows=97 width=0)
	        Index Cond: ((k >= 4324418) AND (k <= 4324518))

table 6 : explain SELECT k, c FROM sbtest6 WHERE k BETWEEN 4324418 AND 4324518
	Bitmap Heap Scan on sbtest6  (cost=5.49..413.40 rows=103 width=125)
	  Recheck Cond: ((k >= 4324418) AND (k <= 4324518))
	  ->  Bitmap Index Scan on k_6  (cost=0.00..5.46 rows=103 width=0)
	        Index Cond: ((k >= 4324418) AND (k <= 4324518))

table 7 : explain SELECT k, c FROM sbtest7 WHERE k BETWEEN 4324418 AND 4324518
	Bitmap Heap Scan on sbtest7  (cost=5.34..354.16 rows=88 width=125)
	  Recheck Cond: ((k >= 4324418) AND (k <= 4324518))
	  ->  Bitmap Index Scan on k_7  (cost=0.00..5.31 rows=88 width=0)
	        Index Cond: ((k >= 4324418) AND (k <= 4324518))

table 8 : explain SELECT k, c FROM sbtest8 WHERE k BETWEEN 4324418 AND 4324518
	Bitmap Heap Scan on sbtest8  (cost=5.52..425.19 rows=106 width=125)
	  Recheck Cond: ((k >= 4324418) AND (k <= 4324518))
	  ->  Bitmap Index Scan on k_8  (cost=0.00..5.50 rows=106 width=0)
	        Index Cond: ((k >= 4324418) AND (k <= 4324518))

for range-notcovered
table 1 : explain SELECT k, c FROM sbtest1 WHERE k BETWEEN 6132863 AND 6132963
	Bitmap Heap Scan on sbtest1  (cost=5.47..405.46 rows=101 width=125)
	  Recheck Cond: ((k >= 6132863) AND (k <= 6132963))
	  ->  Bitmap Index Scan on k_1  (cost=0.00..5.44 rows=101 width=0)
	        Index Cond: ((k >= 6132863) AND (k <= 6132963))

table 2 : explain SELECT k, c FROM sbtest2 WHERE k BETWEEN 6132863 AND 6132963
	Bitmap Heap Scan on sbtest2  (cost=5.44..393.65 rows=98 width=125)
	  Recheck Cond: ((k >= 6132863) AND (k <= 6132963))
	  ->  Bitmap Index Scan on k_2  (cost=0.00..5.42 rows=98 width=0)
	        Index Cond: ((k >= 6132863) AND (k <= 6132963))

table 3 : explain SELECT k, c FROM sbtest3 WHERE k BETWEEN 6132863 AND 6132963
	Bitmap Heap Scan on sbtest3  (cost=5.49..413.38 rows=103 width=125)
	  Recheck Cond: ((k >= 6132863) AND (k <= 6132963))
	  ->  Bitmap Index Scan on k_3  (cost=0.00..5.46 rows=103 width=0)
	        Index Cond: ((k >= 6132863) AND (k <= 6132963))

table 4 : explain SELECT k, c FROM sbtest4 WHERE k BETWEEN 6132863 AND 6132963
	Bitmap Heap Scan on sbtest4  (cost=5.48..409.66 rows=102 width=125)
	  Recheck Cond: ((k >= 6132863) AND (k <= 6132963))
	  ->  Bitmap Index Scan on k_4  (cost=0.00..5.45 rows=102 width=0)
	        Index Cond: ((k >= 6132863) AND (k <= 6132963))

table 5 : explain SELECT k, c FROM sbtest5 WHERE k BETWEEN 6132863 AND 6132963
	Bitmap Heap Scan on sbtest5  (cost=5.51..421.50 rows=105 width=125)
	  Recheck Cond: ((k >= 6132863) AND (k <= 6132963))
	  ->  Bitmap Index Scan on k_5  (cost=0.00..5.48 rows=105 width=0)
	        Index Cond: ((k >= 6132863) AND (k <= 6132963))

table 6 : explain SELECT k, c FROM sbtest6 WHERE k BETWEEN 6132863 AND 6132963
	Bitmap Heap Scan on sbtest6  (cost=5.50..417.35 rows=104 width=125)
	  Recheck Cond: ((k >= 6132863) AND (k <= 6132963))
	  ->  Bitmap Index Scan on k_6  (cost=0.00..5.47 rows=104 width=0)
	        Index Cond: ((k >= 6132863) AND (k <= 6132963))

table 7 : explain SELECT k, c FROM sbtest7 WHERE k BETWEEN 6132863 AND 6132963
	Bitmap Heap Scan on sbtest7  (cost=5.50..417.28 rows=104 width=125)
	  Recheck Cond: ((k >= 6132863) AND (k <= 6132963))
	  ->  Bitmap Index Scan on k_7  (cost=0.00..5.47 rows=104 width=0)
	        Index Cond: ((k >= 6132863) AND (k <= 6132963))

table 8 : explain SELECT k, c FROM sbtest8 WHERE k BETWEEN 6132863 AND 6132963
	Bitmap Heap Scan on sbtest8  (cost=5.42..385.76 rows=96 width=125)
	  Recheck Cond: ((k >= 6132863) AND (k <= 6132963))
	  ->  Bitmap Index Scan on k_8  (cost=0.00..5.39 rows=96 width=0)
	        Index Cond: ((k >= 6132863) AND (k <= 6132963))

for range-notcovered
table 1 : explain SELECT k, c FROM sbtest1 WHERE k BETWEEN 6505532 AND 6505632
	Bitmap Heap Scan on sbtest1  (cost=5.47..405.46 rows=101 width=125)
	  Recheck Cond: ((k >= 6505532) AND (k <= 6505632))
	  ->  Bitmap Index Scan on k_1  (cost=0.00..5.44 rows=101 width=0)
	        Index Cond: ((k >= 6505532) AND (k <= 6505632))

table 2 : explain SELECT k, c FROM sbtest2 WHERE k BETWEEN 6505532 AND 6505632
	Bitmap Heap Scan on sbtest2  (cost=5.40..377.87 rows=94 width=125)
	  Recheck Cond: ((k >= 6505532) AND (k <= 6505632))
	  ->  Bitmap Index Scan on k_2  (cost=0.00..5.38 rows=94 width=0)
	        Index Cond: ((k >= 6505532) AND (k <= 6505632))

table 3 : explain SELECT k, c FROM sbtest3 WHERE k BETWEEN 6505532 AND 6505632
	Bitmap Heap Scan on sbtest3  (cost=5.42..385.77 rows=96 width=125)
	  Recheck Cond: ((k >= 6505532) AND (k <= 6505632))
	  ->  Bitmap Index Scan on k_3  (cost=0.00..5.39 rows=96 width=0)
	        Index Cond: ((k >= 6505532) AND (k <= 6505632))

table 4 : explain SELECT k, c FROM sbtest4 WHERE k BETWEEN 6505532 AND 6505632
	Bitmap Heap Scan on sbtest4  (cost=5.44..393.87 rows=98 width=125)
	  Recheck Cond: ((k >= 6505532) AND (k <= 6505632))
	  ->  Bitmap Index Scan on k_4  (cost=0.00..5.42 rows=98 width=0)
	        Index Cond: ((k >= 6505532) AND (k <= 6505632))

table 5 : explain SELECT k, c FROM sbtest5 WHERE k BETWEEN 6505532 AND 6505632
	Bitmap Heap Scan on sbtest5  (cost=5.51..421.50 rows=105 width=125)
	  Recheck Cond: ((k >= 6505532) AND (k <= 6505632))
	  ->  Bitmap Index Scan on k_5  (cost=0.00..5.48 rows=105 width=0)
	        Index Cond: ((k >= 6505532) AND (k <= 6505632))

table 6 : explain SELECT k, c FROM sbtest6 WHERE k BETWEEN 6505532 AND 6505632
	Bitmap Heap Scan on sbtest6  (cost=5.44..393.68 rows=98 width=125)
	  Recheck Cond: ((k >= 6505532) AND (k <= 6505632))
	  ->  Bitmap Index Scan on k_6  (cost=0.00..5.42 rows=98 width=0)
	        Index Cond: ((k >= 6505532) AND (k <= 6505632))

table 7 : explain SELECT k, c FROM sbtest7 WHERE k BETWEEN 6505532 AND 6505632
	Bitmap Heap Scan on sbtest7  (cost=5.47..405.45 rows=101 width=125)
	  Recheck Cond: ((k >= 6505532) AND (k <= 6505632))
	  ->  Bitmap Index Scan on k_7  (cost=0.00..5.44 rows=101 width=0)
	        Index Cond: ((k >= 6505532) AND (k <= 6505632))

table 8 : explain SELECT k, c FROM sbtest8 WHERE k BETWEEN 6505532 AND 6505632
	Bitmap Heap Scan on sbtest8  (cost=5.48..409.42 rows=102 width=125)
	  Recheck Cond: ((k >= 6505532) AND (k <= 6505632))
	  ->  Bitmap Index Scan on k_8  (cost=0.00..5.45 rows=102 width=0)
	        Index Cond: ((k >= 6505532) AND (k <= 6505632))

for range-notcovered
table 1 : explain SELECT k, c FROM sbtest1 WHERE k BETWEEN 5712429 AND 5712529
	Bitmap Heap Scan on sbtest1  (cost=5.52..425.18 rows=106 width=125)
	  Recheck Cond: ((k >= 5712429) AND (k <= 5712529))
	  ->  Bitmap Index Scan on k_1  (cost=0.00..5.50 rows=106 width=0)
	        Index Cond: ((k >= 5712429) AND (k <= 5712529))

table 2 : explain SELECT k, c FROM sbtest2 WHERE k BETWEEN 5712429 AND 5712529
	Bitmap Heap Scan on sbtest2  (cost=5.47..405.48 rows=101 width=125)
	  Recheck Cond: ((k >= 5712429) AND (k <= 5712529))
	  ->  Bitmap Index Scan on k_2  (cost=0.00..5.44 rows=101 width=0)
	        Index Cond: ((k >= 5712429) AND (k <= 5712529))

table 3 : explain SELECT k, c FROM sbtest3 WHERE k BETWEEN 5712429 AND 5712529
	Bitmap Heap Scan on sbtest3  (cost=5.50..417.32 rows=104 width=125)
	  Recheck Cond: ((k >= 5712429) AND (k <= 5712529))
	  ->  Bitmap Index Scan on k_3  (cost=0.00..5.47 rows=104 width=0)
	        Index Cond: ((k >= 5712429) AND (k <= 5712529))

table 4 : explain SELECT k, c FROM sbtest4 WHERE k BETWEEN 5712429 AND 5712529
	Bitmap Heap Scan on sbtest4  (cost=5.48..409.66 rows=102 width=125)
	  Recheck Cond: ((k >= 5712429) AND (k <= 5712529))
	  ->  Bitmap Index Scan on k_4  (cost=0.00..5.45 rows=102 width=0)
	        Index Cond: ((k >= 5712429) AND (k <= 5712529))

table 5 : explain SELECT k, c FROM sbtest5 WHERE k BETWEEN 5712429 AND 5712529
	Bitmap Heap Scan on sbtest5  (cost=5.37..366.22 rows=91 width=125)
	  Recheck Cond: ((k >= 5712429) AND (k <= 5712529))
	  ->  Bitmap Index Scan on k_5  (cost=0.00..5.34 rows=91 width=0)
	        Index Cond: ((k >= 5712429) AND (k <= 5712529))

table 6 : explain SELECT k, c FROM sbtest6 WHERE k BETWEEN 5712429 AND 5712529
	Bitmap Heap Scan on sbtest6  (cost=5.50..417.35 rows=104 width=125)
	  Recheck Cond: ((k >= 5712429) AND (k <= 5712529))
	  ->  Bitmap Index Scan on k_6  (cost=0.00..5.47 rows=104 width=0)
	        Index Cond: ((k >= 5712429) AND (k <= 5712529))

table 7 : explain SELECT k, c FROM sbtest7 WHERE k BETWEEN 5712429 AND 5712529
	Bitmap Heap Scan on sbtest7  (cost=5.49..413.34 rows=103 width=125)
	  Recheck Cond: ((k >= 5712429) AND (k <= 5712529))
	  ->  Bitmap Index Scan on k_7  (cost=0.00..5.46 rows=103 width=0)
	        Index Cond: ((k >= 5712429) AND (k <= 5712529))

table 8 : explain SELECT k, c FROM sbtest8 WHERE k BETWEEN 5712429 AND 5712529
	Bitmap Heap Scan on sbtest8  (cost=5.50..417.31 rows=104 width=125)
	  Recheck Cond: ((k >= 5712429) AND (k <= 5712529))
	  ->  Bitmap Index Scan on k_8  (cost=0.00..5.47 rows=104 width=0)
	        Index Cond: ((k >= 5712429) AND (k <= 5712529))

explain: for range-notcovered :: explain SELECT k, c FROM sbtest%d WHERE k BETWEEN 499318 AND 499418explain: for range-notcovered :: explain SELECT k, c FROM sbtest%d WHERE k BETWEEN 3530048 AND 3530148
explain: for range-notcovered :: explain SELECT k, c FROM sbtest%d WHERE k BETWEEN 576376 AND 576476

explain: for range-notcovered :: explain SELECT k, c FROM sbtest%d WHERE k BETWEEN 7876412 AND 7876512
explain: for range-notcovered :: explain SELECT k, c FROM sbtest%d WHERE k BETWEEN 5737342 AND 5737442
explain: for range-notcovered :: explain SELECT k, c FROM sbtest%d WHERE k BETWEEN 397393 AND 397493
explain: for range-notcovered :: explain SELECT k, c FROM sbtest%d WHERE k BETWEEN 3731536 AND 3731636explain: for range-notcovered :: explain SELECT k, c FROM sbtest%d WHERE k BETWEEN 5712429 AND 5712529
for range-notcovered
table 1 : explain SELECT k, c FROM sbtest1 WHERE k BETWEEN 3241696 AND 3241796
	Bitmap Heap Scan on sbtest1  (cost=5.45..397.58 rows=99 width=125)
	  Recheck Cond: ((k >= 3241696) AND (k <= 3241796))
	  ->  Bitmap Index Scan on k_1  (cost=0.00..5.42 rows=99 width=0)
	        Index Cond: ((k >= 3241696) AND (k <= 3241796))

table 2 : explain SELECT k, c FROM sbtest2 WHERE k BETWEEN 3241696 AND 3241796
	Bitmap Heap Scan on sbtest2  (cost=5.43..389.70 rows=97 width=125)
	  Recheck Cond: ((k >= 3241696) AND (k <= 3241796))
	  ->  Bitmap Index Scan on k_2  (cost=0.00..5.40 rows=97 width=0)
	        Index Cond: ((k >= 3241696) AND (k <= 3241796))

table 3 : explain SELECT k, c FROM sbtest3 WHERE k BETWEEN 3241696 AND 3241796
	Bitmap Heap Scan on sbtest3  (cost=5.51..421.27 rows=105 width=125)
	  Recheck Cond: ((k >= 3241696) AND (k <= 3241796))
	  ->  Bitmap Index Scan on k_3  (cost=0.00..5.48 rows=105 width=0)
	        Index Cond: ((k >= 3241696) AND (k <= 3241796))

table 4 : explain SELECT k, c FROM sbtest4 WHERE k BETWEEN 3241696 AND 3241796
	Bitmap Heap Scan on sbtest4  (cost=5.46..401.76 rows=100 width=125)
	  Recheck Cond: ((k >= 3241696) AND (k <= 3241796))
	  ->  Bitmap Index Scan on k_4  (cost=0.00..5.43 rows=100 width=0)
	        Index Cond: ((k >= 3241696) AND (k <= 3241796))

table 5 : explain SELECT k, c FROM sbtest5 WHERE k BETWEEN 3241696 AND 3241796
	Bitmap Heap Scan on sbtest5  (cost=5.38..370.17 rows=92 width=125)
	  Recheck Cond: ((k >= 3241696) AND (k <= 3241796))
	  ->  Bitmap Index Scan on k_5  (cost=0.00..5.35 rows=92 width=0)
	        Index Cond: ((k >= 3241696) AND (k <= 3241796))

table 6 : explain SELECT k, c FROM sbtest6 WHERE k BETWEEN 3241696 AND 3241796
	Bitmap Heap Scan on sbtest6  (cost=5.51..421.29 rows=105 width=125)
	  Recheck Cond: ((k >= 3241696) AND (k <= 3241796))
	  ->  Bitmap Index Scan on k_6  (cost=0.00..5.48 rows=105 width=0)
	        Index Cond: ((k >= 3241696) AND (k <= 3241796))

table 7 : explain SELECT k, c FROM sbtest7 WHERE k BETWEEN 3241696 AND 3241796
	Bitmap Heap Scan on sbtest7  (cost=5.48..409.40 rows=102 width=125)
	  Recheck Cond: ((k >= 3241696) AND (k <= 3241796))
	  ->  Bitmap Index Scan on k_7  (cost=0.00..5.45 rows=102 width=0)
	        Index Cond: ((k >= 3241696) AND (k <= 3241796))

table 8 : explain SELECT k, c FROM sbtest8 WHERE k BETWEEN 3241696 AND 3241796
	Bitmap Heap Scan on sbtest8  (cost=5.39..373.92 rows=93 width=125)
	  Recheck Cond: ((k >= 3241696) AND (k <= 3241796))
	  ->  Bitmap Index Scan on k_8  (cost=0.00..5.36 rows=93 width=0)
	        Index Cond: ((k >= 3241696) AND (k <= 3241796))

explain: for range-notcovered :: explain SELECT k, c FROM sbtest%d WHERE k BETWEEN 8536275 AND 8536375
explain: for range-notcovered :: explain SELECT k, c FROM sbtest%d WHERE k BETWEEN 8547191 AND 8547291
explain: for range-notcovered :: explain SELECT k, c FROM sbtest%d WHERE k BETWEEN 4324418 AND 4324518

explain: for range-notcovered :: explain SELECT k, c FROM sbtest%d WHERE k BETWEEN 8312725 AND 8312825
for range-notcovered
table 1 : explain SELECT k, c FROM sbtest1 WHERE k BETWEEN 4958844 AND 4958944
	Bitmap Heap Scan on sbtest1  (cost=5.47..405.46 rows=101 width=125)
	  Recheck Cond: ((k >= 4958844) AND (k <= 4958944))
	  ->  Bitmap Index Scan on k_1  (cost=0.00..5.44 rows=101 width=0)
	        Index Cond: ((k >= 4958844) AND (k <= 4958944))

table 2 : explain SELECT k, c FROM sbtest2 WHERE k BETWEEN 4958844 AND 4958944
	Bitmap Heap Scan on sbtest2  (cost=5.42..385.76 rows=96 width=125)
	  Recheck Cond: ((k >= 4958844) AND (k <= 4958944))
	  ->  Bitmap Index Scan on k_2  (cost=0.00..5.39 rows=96 width=0)
	        Index Cond: ((k >= 4958844) AND (k <= 4958944))

table 3 : explain SELECT k, c FROM sbtest3 WHERE k BETWEEN 4958844 AND 4958944
	Bitmap Heap Scan on sbtest3  (cost=5.56..440.97 rows=110 width=125)
	  Recheck Cond: ((k >= 4958844) AND (k <= 4958944))
	  ->  Bitmap Index Scan on k_3  (cost=0.00..5.53 rows=110 width=0)
	        Index Cond: ((k >= 4958844) AND (k <= 4958944))

table 4 : explain SELECT k, c FROM sbtest4 WHERE k BETWEEN 4958844 AND 4958944
	Bitmap Heap Scan on sbtest4  (cost=5.50..417.55 rows=104 width=125)
	  Recheck Cond: ((k >= 4958844) AND (k <= 4958944))
	  ->  Bitmap Index Scan on k_4  (cost=0.00..5.47 rows=104 width=0)
	        Index Cond: ((k >= 4958844) AND (k <= 4958944))

table 5 : explain SELECT k, c FROM sbtest5 WHERE k BETWEEN 4958844 AND 4958944
	Bitmap Heap Scan on sbtest5  (cost=5.43..389.92 rows=97 width=125)
	  Recheck Cond: ((k >= 4958844) AND (k <= 4958944))
	  ->  Bitmap Index Scan on k_5  (cost=0.00..5.40 rows=97 width=0)
	        Index Cond: ((k >= 4958844) AND (k <= 4958944))

table 6 : explain SELECT k, c FROM sbtest6 WHERE k BETWEEN 4958844 AND 4958944
	Bitmap Heap Scan on sbtest6  (cost=5.47..405.52 rows=101 width=125)
	  Recheck Cond: ((k >= 4958844) AND (k <= 4958944))
	  ->  Bitmap Index Scan on k_6  (cost=0.00..5.44 rows=101 width=0)
	        Index Cond: ((k >= 4958844) AND (k <= 4958944))

table 7 : explain SELECT k, c FROM sbtest7 WHERE k BETWEEN 4958844 AND 4958944
	Bitmap Heap Scan on sbtest7  (cost=5.41..381.79 rows=95 width=125)
	  Recheck Cond: ((k >= 4958844) AND (k <= 4958944))
	  ->  Bitmap Index Scan on k_7  (cost=0.00..5.38 rows=95 width=0)
	        Index Cond: ((k >= 4958844) AND (k <= 4958944))

table 8 : explain SELECT k, c FROM sbtest8 WHERE k BETWEEN 4958844 AND 4958944
	Bitmap Heap Scan on sbtest8  (cost=5.46..401.53 rows=100 width=125)
	  Recheck Cond: ((k >= 4958844) AND (k <= 4958944))
	  ->  Bitmap Index Scan on k_8  (cost=0.00..5.43 rows=100 width=0)
	        Index Cond: ((k >= 4958844) AND (k <= 4958944))

explain: for range-notcovered :: explain SELECT k, c FROM sbtest%d WHERE k BETWEEN 6132863 AND 6132963
for range-notcovered
table 1 : explain SELECT k, c FROM sbtest1 WHERE k BETWEEN 6339179 AND 6339279
	Bitmap Heap Scan on sbtest1  (cost=5.47..405.46 rows=101 width=125)
	  Recheck Cond: ((k >= 6339179) AND (k <= 6339279))
	  ->  Bitmap Index Scan on k_1  (cost=0.00..5.44 rows=101 width=0)
	        Index Cond: ((k >= 6339179) AND (k <= 6339279))

table 2 : explain SELECT k, c FROM sbtest2 WHERE k BETWEEN 6339179 AND 6339279
	Bitmap Heap Scan on sbtest2  (cost=5.43..389.70 rows=97 width=125)
	  Recheck Cond: ((k >= 6339179) AND (k <= 6339279))
	  ->  Bitmap Index Scan on k_2  (cost=0.00..5.40 rows=97 width=0)
	        Index Cond: ((k >= 6339179) AND (k <= 6339279))

table 3 : explain SELECT k, c FROM sbtest3 WHERE k BETWEEN 6339179 AND 6339279
	Bitmap Heap Scan on sbtest3  (cost=5.67..480.35 rows=120 width=125)
	  Recheck Cond: ((k >= 6339179) AND (k <= 6339279))
	  ->  Bitmap Index Scan on k_3  (cost=0.00..5.63 rows=120 width=0)
	        Index Cond: ((k >= 6339179) AND (k <= 6339279))

table 4 : explain SELECT k, c FROM sbtest4 WHERE k BETWEEN 6339179 AND 6339279
	Bitmap Heap Scan on sbtest4  (cost=5.43..389.92 rows=97 width=125)
	  Recheck Cond: ((k >= 6339179) AND (k <= 6339279))
	  ->  Bitmap Index Scan on k_4  (cost=0.00..5.40 rows=97 width=0)
	        Index Cond: ((k >= 6339179) AND (k <= 6339279))

table 5 : explain SELECT k, c FROM sbtest5 WHERE k BETWEEN 6339179 AND 6339279
	Bitmap Heap Scan on sbtest5  (cost=5.45..397.82 rows=99 width=125)
	  Recheck Cond: ((k >= 6339179) AND (k <= 6339279))
	  ->  Bitmap Index Scan on k_5  (cost=0.00..5.42 rows=99 width=0)
	        Index Cond: ((k >= 6339179) AND (k <= 6339279))

table 6 : explain SELECT k, c FROM sbtest6 WHERE k BETWEEN 6339179 AND 6339279
	Bitmap Heap Scan on sbtest6  (cost=5.41..381.84 rows=95 width=125)
	  Recheck Cond: ((k >= 6339179) AND (k <= 6339279))
	  ->  Bitmap Index Scan on k_6  (cost=0.00..5.38 rows=95 width=0)
	        Index Cond: ((k >= 6339179) AND (k <= 6339279))

table 7 : explain SELECT k, c FROM sbtest7 WHERE k BETWEEN 6339179 AND 6339279
	Bitmap Heap Scan on sbtest7  (cost=5.54..433.05 rows=108 width=125)
	  Recheck Cond: ((k >= 6339179) AND (k <= 6339279))
	  ->  Bitmap Index Scan on k_7  (cost=0.00..5.51 rows=108 width=0)
	        Index Cond: ((k >= 6339179) AND (k <= 6339279))

table 8 : explain SELECT k, c FROM sbtest8 WHERE k BETWEEN 6339179 AND 6339279
	Bitmap Heap Scan on sbtest8  (cost=5.39..373.92 rows=93 width=125)
	  Recheck Cond: ((k >= 6339179) AND (k <= 6339279))
	  ->  Bitmap Index Scan on k_8  (cost=0.00..5.36 rows=93 width=0)
	        Index Cond: ((k >= 6339179) AND (k <= 6339279))

for range-notcovered
table 1 : explain SELECT k, c FROM sbtest1 WHERE k BETWEEN 1338578 AND 1338678
	Bitmap Heap Scan on sbtest1  (cost=5.46..401.52 rows=100 width=125)
	  Recheck Cond: ((k >= 1338578) AND (k <= 1338678))
	  ->  Bitmap Index Scan on k_1  (cost=0.00..5.43 rows=100 width=0)
	        Index Cond: ((k >= 1338578) AND (k <= 1338678))

table 2 : explain SELECT k, c FROM sbtest2 WHERE k BETWEEN 1338578 AND 1338678
	Bitmap Heap Scan on sbtest2  (cost=5.53..429.14 rows=107 width=125)
	  Recheck Cond: ((k >= 1338578) AND (k <= 1338678))
	  ->  Bitmap Index Scan on k_2  (cost=0.00..5.50 rows=107 width=0)
	        Index Cond: ((k >= 1338578) AND (k <= 1338678))

table 3 : explain SELECT k, c FROM sbtest3 WHERE k BETWEEN 1338578 AND 1338678
	Bitmap Heap Scan on sbtest3  (cost=5.62..464.61 rows=116 width=125)
	  Recheck Cond: ((k >= 1338578) AND (k <= 1338678))
	  ->  Bitmap Index Scan on k_3  (cost=0.00..5.59 rows=116 width=0)
	        Index Cond: ((k >= 1338578) AND (k <= 1338678))

table 4 : explain SELECT k, c FROM sbtest4 WHERE k BETWEEN 1338578 AND 1338678
	Bitmap Heap Scan on sbtest4  (cost=5.53..429.39 rows=107 width=125)
	  Recheck Cond: ((k >= 1338578) AND (k <= 1338678))
	  ->  Bitmap Index Scan on k_4  (cost=0.00..5.50 rows=107 width=0)
	        Index Cond: ((k >= 1338578) AND (k <= 1338678))

table 5 : explain SELECT k, c FROM sbtest5 WHERE k BETWEEN 1338578 AND 1338678
	Bitmap Heap Scan on sbtest5  (cost=5.45..397.82 rows=99 width=125)
	  Recheck Cond: ((k >= 1338578) AND (k <= 1338678))
	  ->  Bitmap Index Scan on k_5  (cost=0.00..5.42 rows=99 width=0)
	        Index Cond: ((k >= 1338578) AND (k <= 1338678))

table 6 : explain SELECT k, c FROM sbtest6 WHERE k BETWEEN 1338578 AND 1338678
	Bitmap Heap Scan on sbtest6  (cost=5.52..425.23 rows=106 width=125)
	  Recheck Cond: ((k >= 1338578) AND (k <= 1338678))
	  ->  Bitmap Index Scan on k_6  (cost=0.00..5.50 rows=106 width=0)
	        Index Cond: ((k >= 1338578) AND (k <= 1338678))

table 7 : explain SELECT k, c FROM sbtest7 WHERE k BETWEEN 1338578 AND 1338678
	Bitmap Heap Scan on sbtest7  (cost=5.46..401.51 rows=100 width=125)
	  Recheck Cond: ((k >= 1338578) AND (k <= 1338678))
	  ->  Bitmap Index Scan on k_7  (cost=0.00..5.43 rows=100 width=0)
	        Index Cond: ((k >= 1338578) AND (k <= 1338678))

table 8 : explain SELECT k, c FROM sbtest8 WHERE k BETWEEN 1338578 AND 1338678
	Bitmap Heap Scan on sbtest8  (cost=5.53..429.13 rows=107 width=125)
	  Recheck Cond: ((k >= 1338578) AND (k <= 1338678))
	  ->  Bitmap Index Scan on k_8  (cost=0.00..5.50 rows=107 width=0)
	        Index Cond: ((k >= 1338578) AND (k <= 1338678))

for range-notcovered
table 1 : explain SELECT k, c FROM sbtest1 WHERE k BETWEEN 2531241 AND 2531341
	Bitmap Heap Scan on sbtest1  (cost=5.51..421.23 rows=105 width=125)
	  Recheck Cond: ((k >= 2531241) AND (k <= 2531341))
	  ->  Bitmap Index Scan on k_1  (cost=0.00..5.48 rows=105 width=0)
	        Index Cond: ((k >= 2531241) AND (k <= 2531341))

table 2 : explain SELECT k, c FROM sbtest2 WHERE k BETWEEN 2531241 AND 2531341
	Bitmap Heap Scan on sbtest2  (cost=5.50..417.31 rows=104 width=125)
	  Recheck Cond: ((k >= 2531241) AND (k <= 2531341))
	  ->  Bitmap Index Scan on k_2  (cost=0.00..5.47 rows=104 width=0)
	        Index Cond: ((k >= 2531241) AND (k <= 2531341))

table 3 : explain SELECT k, c FROM sbtest3 WHERE k BETWEEN 2531241 AND 2531341
	Bitmap Heap Scan on sbtest3  (cost=5.45..397.61 rows=99 width=125)
	  Recheck Cond: ((k >= 2531241) AND (k <= 2531341))
	  ->  Bitmap Index Scan on k_3  (cost=0.00..5.42 rows=99 width=0)
	        Index Cond: ((k >= 2531241) AND (k <= 2531341))

table 4 : explain SELECT k, c FROM sbtest4 WHERE k BETWEEN 2531241 AND 2531341
	Bitmap Heap Scan on sbtest4  (cost=5.47..405.71 rows=101 width=125)
	  Recheck Cond: ((k >= 2531241) AND (k <= 2531341))
	  ->  Bitmap Index Scan on k_4  (cost=0.00..5.44 rows=101 width=0)
	        Index Cond: ((k >= 2531241) AND (k <= 2531341))

table 5 : explain SELECT k, c FROM sbtest5 WHERE k BETWEEN 2531241 AND 2531341
	Bitmap Heap Scan on sbtest5  (cost=5.49..413.61 rows=103 width=125)
	  Recheck Cond: ((k >= 2531241) AND (k <= 2531341))
	  ->  Bitmap Index Scan on k_5  (cost=0.00..5.46 rows=103 width=0)
	        Index Cond: ((k >= 2531241) AND (k <= 2531341))

table 6 : explain SELECT k, c FROM sbtest6 WHERE k BETWEEN 2531241 AND 2531341
	Bitmap Heap Scan on sbtest6  (cost=5.44..393.68 rows=98 width=125)
	  Recheck Cond: ((k >= 2531241) AND (k <= 2531341))
	  ->  Bitmap Index Scan on k_6  (cost=0.00..5.42 rows=98 width=0)
	        Index Cond: ((k >= 2531241) AND (k <= 2531341))

table 7 : explain SELECT k, c FROM sbtest7 WHERE k BETWEEN 2531241 AND 2531341
	Bitmap Heap Scan on sbtest7  (cost=5.41..381.79 rows=95 width=125)
	  Recheck Cond: ((k >= 2531241) AND (k <= 2531341))
	  ->  Bitmap Index Scan on k_7  (cost=0.00..5.38 rows=95 width=0)
	        Index Cond: ((k >= 2531241) AND (k <= 2531341))

table 8 : explain SELECT k, c FROM sbtest8 WHERE k BETWEEN 2531241 AND 2531341
	Bitmap Heap Scan on sbtest8  (cost=5.43..389.70 rows=97 width=125)
	  Recheck Cond: ((k >= 2531241) AND (k <= 2531341))
	  ->  Bitmap Index Scan on k_8  (cost=0.00..5.40 rows=97 width=0)
	        Index Cond: ((k >= 2531241) AND (k <= 2531341))

for range-notcovered
table 1 : explain SELECT k, c FROM sbtest1 WHERE k BETWEEN 4019169 AND 4019269
	Bitmap Heap Scan on sbtest1  (cost=5.49..413.35 rows=103 width=125)
	  Recheck Cond: ((k >= 4019169) AND (k <= 4019269))
	  ->  Bitmap Index Scan on k_1  (cost=0.00..5.46 rows=103 width=0)
	        Index Cond: ((k >= 4019169) AND (k <= 4019269))

table 2 : explain SELECT k, c FROM sbtest2 WHERE k BETWEEN 4019169 AND 4019269
	Bitmap Heap Scan on sbtest2  (cost=5.46..401.54 rows=100 width=125)
	  Recheck Cond: ((k >= 4019169) AND (k <= 4019269))
	  ->  Bitmap Index Scan on k_2  (cost=0.00..5.43 rows=100 width=0)
	        Index Cond: ((k >= 4019169) AND (k <= 4019269))

table 3 : explain SELECT k, c FROM sbtest3 WHERE k BETWEEN 4019169 AND 4019269
	Bitmap Heap Scan on sbtest3  (cost=5.56..440.97 rows=110 width=125)
	  Recheck Cond: ((k >= 4019169) AND (k <= 4019269))
	  ->  Bitmap Index Scan on k_3  (cost=0.00..5.53 rows=110 width=0)
	        Index Cond: ((k >= 4019169) AND (k <= 4019269))

table 4 : explain SELECT k, c FROM sbtest4 WHERE k BETWEEN 4019169 AND 4019269
	Bitmap Heap Scan on sbtest4  (cost=5.40..378.07 rows=94 width=125)
	  Recheck Cond: ((k >= 4019169) AND (k <= 4019269))
	  ->  Bitmap Index Scan on k_4  (cost=0.00..5.38 rows=94 width=0)
	        Index Cond: ((k >= 4019169) AND (k <= 4019269))

table 5 : explain SELECT k, c FROM sbtest5 WHERE k BETWEEN 4019169 AND 4019269
	Bitmap Heap Scan on sbtest5  (cost=5.48..409.66 rows=102 width=125)
	  Recheck Cond: ((k >= 4019169) AND (k <= 4019269))
	  ->  Bitmap Index Scan on k_5  (cost=0.00..5.45 rows=102 width=0)
	        Index Cond: ((k >= 4019169) AND (k <= 4019269))

table 6 : explain SELECT k, c FROM sbtest6 WHERE k BETWEEN 4019169 AND 4019269
	Bitmap Heap Scan on sbtest6  (cost=5.43..389.74 rows=97 width=125)
	  Recheck Cond: ((k >= 4019169) AND (k <= 4019269))
	  ->  Bitmap Index Scan on k_6  (cost=0.00..5.40 rows=97 width=0)
	        Index Cond: ((k >= 4019169) AND (k <= 4019269))

table 7 : explain SELECT k, c FROM sbtest7 WHERE k BETWEEN 4019169 AND 4019269
	Bitmap Heap Scan on sbtest7  (cost=5.51..421.22 rows=105 width=125)
	  Recheck Cond: ((k >= 4019169) AND (k <= 4019269))
	  ->  Bitmap Index Scan on k_7  (cost=0.00..5.48 rows=105 width=0)
	        Index Cond: ((k >= 4019169) AND (k <= 4019269))

table 8 : explain SELECT k, c FROM sbtest8 WHERE k BETWEEN 4019169 AND 4019269
	Bitmap Heap Scan on sbtest8  (cost=5.47..405.48 rows=101 width=125)
	  Recheck Cond: ((k >= 4019169) AND (k <= 4019269))
	  ->  Bitmap Index Scan on k_8  (cost=0.00..5.44 rows=101 width=0)
	        Index Cond: ((k >= 4019169) AND (k <= 4019269))

for range-notcovered
table 1 : explain SELECT k, c FROM sbtest1 WHERE k BETWEEN 9580805 AND 9580905
	Bitmap Heap Scan on sbtest1  (cost=5.53..429.12 rows=107 width=125)
	  Recheck Cond: ((k >= 9580805) AND (k <= 9580905))
	  ->  Bitmap Index Scan on k_1  (cost=0.00..5.50 rows=107 width=0)
	        Index Cond: ((k >= 9580805) AND (k <= 9580905))

table 2 : explain SELECT k, c FROM sbtest2 WHERE k BETWEEN 9580805 AND 9580905
	Bitmap Heap Scan on sbtest2  (cost=5.42..385.76 rows=96 width=125)
	  Recheck Cond: ((k >= 9580805) AND (k <= 9580905))
	  ->  Bitmap Index Scan on k_2  (cost=0.00..5.39 rows=96 width=0)
	        Index Cond: ((k >= 9580805) AND (k <= 9580905))

table 3 : explain SELECT k, c FROM sbtest3 WHERE k BETWEEN 9580805 AND 9580905
	Bitmap Heap Scan on sbtest3  (cost=5.45..397.61 rows=99 width=125)
	  Recheck Cond: ((k >= 9580805) AND (k <= 9580905))
	  ->  Bitmap Index Scan on k_3  (cost=0.00..5.42 rows=99 width=0)
	        Index Cond: ((k >= 9580805) AND (k <= 9580905))

table 4 : explain SELECT k, c FROM sbtest4 WHERE k BETWEEN 9580805 AND 9580905
	Bitmap Heap Scan on sbtest4  (cost=5.55..437.27 rows=109 width=125)
	  Recheck Cond: ((k >= 9580805) AND (k <= 9580905))
	  ->  Bitmap Index Scan on k_4  (cost=0.00..5.52 rows=109 width=0)
	        Index Cond: ((k >= 9580805) AND (k <= 9580905))

table 5 : explain SELECT k, c FROM sbtest5 WHERE k BETWEEN 9580805 AND 9580905
	Bitmap Heap Scan on sbtest5  (cost=5.43..389.92 rows=97 width=125)
	  Recheck Cond: ((k >= 9580805) AND (k <= 9580905))
	  ->  Bitmap Index Scan on k_5  (cost=0.00..5.40 rows=97 width=0)
	        Index Cond: ((k >= 9580805) AND (k <= 9580905))

table 6 : explain SELECT k, c FROM sbtest6 WHERE k BETWEEN 9580805 AND 9580905
	Bitmap Heap Scan on sbtest6  (cost=5.68..484.32 rows=121 width=125)
	  Recheck Cond: ((k >= 9580805) AND (k <= 9580905))
	  ->  Bitmap Index Scan on k_6  (cost=0.00..5.64 rows=121 width=0)
	        Index Cond: ((k >= 9580805) AND (k <= 9580905))

table 7 : explain SELECT k, c FROM sbtest7 WHERE k BETWEEN 9580805 AND 9580905
	Bitmap Heap Scan on sbtest7  (cost=5.52..425.16 rows=106 width=125)
	  Recheck Cond: ((k >= 9580805) AND (k <= 9580905))
	  ->  Bitmap Index Scan on k_7  (cost=0.00..5.50 rows=106 width=0)
	        Index Cond: ((k >= 9580805) AND (k <= 9580905))

table 8 : explain SELECT k, c FROM sbtest8 WHERE k BETWEEN 9580805 AND 9580905
	Bitmap Heap Scan on sbtest8  (cost=5.47..405.48 rows=101 width=125)
	  Recheck Cond: ((k >= 9580805) AND (k <= 9580905))
	  ->  Bitmap Index Scan on k_8  (cost=0.00..5.44 rows=101 width=0)
	        Index Cond: ((k >= 9580805) AND (k <= 9580905))

for range-notcovered
table 1 : explain SELECT k, c FROM sbtest1 WHERE k BETWEEN 6380588 AND 6380688
	Bitmap Heap Scan on sbtest1  (cost=5.47..405.46 rows=101 width=125)
	  Recheck Cond: ((k >= 6380588) AND (k <= 6380688))
	  ->  Bitmap Index Scan on k_1  (cost=0.00..5.44 rows=101 width=0)
	        Index Cond: ((k >= 6380588) AND (k <= 6380688))

table 2 : explain SELECT k, c FROM sbtest2 WHERE k BETWEEN 6380588 AND 6380688
	Bitmap Heap Scan on sbtest2  (cost=5.43..389.70 rows=97 width=125)
	  Recheck Cond: ((k >= 6380588) AND (k <= 6380688))
	  ->  Bitmap Index Scan on k_2  (cost=0.00..5.40 rows=97 width=0)
	        Index Cond: ((k >= 6380588) AND (k <= 6380688))

table 3 : explain SELECT k, c FROM sbtest3 WHERE k BETWEEN 6380588 AND 6380688
	Bitmap Heap Scan on sbtest3  (cost=5.49..413.38 rows=103 width=125)
	  Recheck Cond: ((k >= 6380588) AND (k <= 6380688))
	  ->  Bitmap Index Scan on k_3  (cost=0.00..5.46 rows=103 width=0)
	        Index Cond: ((k >= 6380588) AND (k <= 6380688))

table 4 : explain SELECT k, c FROM sbtest4 WHERE k BETWEEN 6380588 AND 6380688
	Bitmap Heap Scan on sbtest4  (cost=5.43..389.92 rows=97 width=125)
	  Recheck Cond: ((k >= 6380588) AND (k <= 6380688))
	  ->  Bitmap Index Scan on k_4  (cost=0.00..5.40 rows=97 width=0)
	        Index Cond: ((k >= 6380588) AND (k <= 6380688))

table 5 : explain SELECT k, c FROM sbtest5 WHERE k BETWEEN 6380588 AND 6380688
	Bitmap Heap Scan on sbtest5  (cost=5.55..437.28 rows=109 width=125)
	  Recheck Cond: ((k >= 6380588) AND (k <= 6380688))
	  ->  Bitmap Index Scan on k_5  (cost=0.00..5.52 rows=109 width=0)
	        Index Cond: ((k >= 6380588) AND (k <= 6380688))

table 6 : explain SELECT k, c FROM sbtest6 WHERE k BETWEEN 6380588 AND 6380688
	Bitmap Heap Scan on sbtest6  (cost=5.41..381.84 rows=95 width=125)
	  Recheck Cond: ((k >= 6380588) AND (k <= 6380688))
	  ->  Bitmap Index Scan on k_6  (cost=0.00..5.38 rows=95 width=0)
	        Index Cond: ((k >= 6380588) AND (k <= 6380688))

table 7 : explain SELECT k, c FROM sbtest7 WHERE k BETWEEN 6380588 AND 6380688
	Bitmap Heap Scan on sbtest7  (cost=5.54..433.05 rows=108 width=125)
	  Recheck Cond: ((k >= 6380588) AND (k <= 6380688))
	  ->  Bitmap Index Scan on k_7  (cost=0.00..5.51 rows=108 width=0)
	        Index Cond: ((k >= 6380588) AND (k <= 6380688))

table 8 : explain SELECT k, c FROM sbtest8 WHERE k BETWEEN 6380588 AND 6380688
	Bitmap Heap Scan on sbtest8  (cost=5.39..373.92 rows=93 width=125)
	  Recheck Cond: ((k >= 6380588) AND (k <= 6380688))
	  ->  Bitmap Index Scan on k_8  (cost=0.00..5.36 rows=93 width=0)
	        Index Cond: ((k >= 6380588) AND (k <= 6380688))

explain: for range-notcovered :: explain SELECT k, c FROM sbtest%d WHERE k BETWEEN 3241696 AND 3241796

for range-notcovered
table 1 : explain SELECT k, c FROM sbtest1 WHERE k BETWEEN 6246463 AND 6246563
	Bitmap Heap Scan on sbtest1  (cost=5.41..381.80 rows=95 width=125)
	  Recheck Cond: ((k >= 6246463) AND (k <= 6246563))
	  ->  Bitmap Index Scan on k_1  (cost=0.00..5.38 rows=95 width=0)
	        Index Cond: ((k >= 6246463) AND (k <= 6246563))

table 2 : explain SELECT k, c FROM sbtest2 WHERE k BETWEEN 6246463 AND 6246563
	Bitmap Heap Scan on sbtest2  (cost=5.46..401.54 rows=100 width=125)
	  Recheck Cond: ((k >= 6246463) AND (k <= 6246563))
	  ->  Bitmap Index Scan on k_2  (cost=0.00..5.43 rows=100 width=0)
	        Index Cond: ((k >= 6246463) AND (k <= 6246563))

table 3 : explain SELECT k, c FROM sbtest3 WHERE k BETWEEN 6246463 AND 6246563
	Bitmap Heap Scan on sbtest3  (cost=5.45..397.61 rows=99 width=125)
	  Recheck Cond: ((k >= 6246463) AND (k <= 6246563))
	  ->  Bitmap Index Scan on k_3  (cost=0.00..5.42 rows=99 width=0)
	        Index Cond: ((k >= 6246463) AND (k <= 6246563))

table 4 : explain SELECT k, c FROM sbtest4 WHERE k BETWEEN 6246463 AND 6246563
	Bitmap Heap Scan on sbtest4  (cost=5.41..382.02 rows=95 width=125)
	  Recheck Cond: ((k >= 6246463) AND (k <= 6246563))
	  ->  Bitmap Index Scan on k_4  (cost=0.00..5.38 rows=95 width=0)
	        Index Cond: ((k >= 6246463) AND (k <= 6246563))

table 5 : explain SELECT k, c FROM sbtest5 WHERE k BETWEEN 6246463 AND 6246563
	Bitmap Heap Scan on sbtest5  (cost=5.51..421.50 rows=105 width=125)
	  Recheck Cond: ((k >= 6246463) AND (k <= 6246563))
	  ->  Bitmap Index Scan on k_5  (cost=0.00..5.48 rows=105 width=0)
	        Index Cond: ((k >= 6246463) AND (k <= 6246563))

table 6 : explain SELECT k, c FROM sbtest6 WHERE k BETWEEN 6246463 AND 6246563
	Bitmap Heap Scan on sbtest6  (cost=5.34..354.21 rows=88 width=125)
	  Recheck Cond: ((k >= 6246463) AND (k <= 6246563))
	  ->  Bitmap Index Scan on k_6  (cost=0.00..5.31 rows=88 width=0)
	        Index Cond: ((k >= 6246463) AND (k <= 6246563))

table 7 : explain SELECT k, c FROM sbtest7 WHERE k BETWEEN 6246463 AND 6246563
	Bitmap Heap Scan on sbtest7  (cost=5.48..409.40 rows=102 width=125)
	  Recheck Cond: ((k >= 6246463) AND (k <= 6246563))
	  ->  Bitmap Index Scan on k_7  (cost=0.00..5.45 rows=102 width=0)
	        Index Cond: ((k >= 6246463) AND (k <= 6246563))

table 8 : explain SELECT k, c FROM sbtest8 WHERE k BETWEEN 6246463 AND 6246563
	Bitmap Heap Scan on sbtest8  (cost=5.57..444.89 rows=111 width=125)
	  Recheck Cond: ((k >= 6246463) AND (k <= 6246563))
	  ->  Bitmap Index Scan on k_8  (cost=0.00..5.54 rows=111 width=0)
	        Index Cond: ((k >= 6246463) AND (k <= 6246563))

explain: for range-notcovered :: explain SELECT k, c FROM sbtest%d WHERE k BETWEEN 6339179 AND 6339279
for range-notcovered
table 1 : explain SELECT k, c FROM sbtest1 WHERE k BETWEEN 5977647 AND 5977747
	Bitmap Heap Scan on sbtest1  (cost=5.41..381.80 rows=95 width=125)
	  Recheck Cond: ((k >= 5977647) AND (k <= 5977747))
	  ->  Bitmap Index Scan on k_1  (cost=0.00..5.38 rows=95 width=0)
	        Index Cond: ((k >= 5977647) AND (k <= 5977747))

table 2 : explain SELECT k, c FROM sbtest2 WHERE k BETWEEN 5977647 AND 5977747
	Bitmap Heap Scan on sbtest2  (cost=5.36..362.08 rows=90 width=125)
	  Recheck Cond: ((k >= 5977647) AND (k <= 5977747))
	  ->  Bitmap Index Scan on k_2  (cost=0.00..5.33 rows=90 width=0)
	        Index Cond: ((k >= 5977647) AND (k <= 5977747))

table 3 : explain SELECT k, c FROM sbtest3 WHERE k BETWEEN 5977647 AND 5977747
	Bitmap Heap Scan on sbtest3  (cost=5.52..425.21 rows=106 width=125)
	  Recheck Cond: ((k >= 5977647) AND (k <= 5977747))
	  ->  Bitmap Index Scan on k_3  (cost=0.00..5.50 rows=106 width=0)
	        Index Cond: ((k >= 5977647) AND (k <= 5977747))

table 4 : explain SELECT k, c FROM sbtest4 WHERE k BETWEEN 5977647 AND 5977747
	Bitmap Heap Scan on sbtest4  (cost=5.51..421.50 rows=105 width=125)
	  Recheck Cond: ((k >= 5977647) AND (k <= 5977747))
	  ->  Bitmap Index Scan on k_4  (cost=0.00..5.48 rows=105 width=0)
	        Index Cond: ((k >= 5977647) AND (k <= 5977747))

table 5 : explain SELECT k, c FROM sbtest5 WHERE k BETWEEN 5977647 AND 5977747
	Bitmap Heap Scan on sbtest5  (cost=5.57..445.16 rows=111 width=125)
	  Recheck Cond: ((k >= 5977647) AND (k <= 5977747))
	  ->  Bitmap Index Scan on k_5  (cost=0.00..5.54 rows=111 width=0)
	        Index Cond: ((k >= 5977647) AND (k <= 5977747))

table 6 : explain SELECT k, c FROM sbtest6 WHERE k BETWEEN 5977647 AND 5977747
	Bitmap Heap Scan on sbtest6  (cost=5.56..441.00 rows=110 width=125)
	  Recheck Cond: ((k >= 5977647) AND (k <= 5977747))
	  ->  Bitmap Index Scan on k_6  (cost=0.00..5.53 rows=110 width=0)
	        Index Cond: ((k >= 5977647) AND (k <= 5977747))

table 7 : explain SELECT k, c FROM sbtest7 WHERE k BETWEEN 5977647 AND 5977747
	Bitmap Heap Scan on sbtest7  (cost=5.50..417.28 rows=104 width=125)
	  Recheck Cond: ((k >= 5977647) AND (k <= 5977747))
	  ->  Bitmap Index Scan on k_7  (cost=0.00..5.47 rows=104 width=0)
	        Index Cond: ((k >= 5977647) AND (k <= 5977747))

table 8 : explain SELECT k, c FROM sbtest8 WHERE k BETWEEN 5977647 AND 5977747
	Bitmap Heap Scan on sbtest8  (cost=5.53..429.13 rows=107 width=125)
	  Recheck Cond: ((k >= 5977647) AND (k <= 5977747))
	  ->  Bitmap Index Scan on k_8  (cost=0.00..5.50 rows=107 width=0)
	        Index Cond: ((k >= 5977647) AND (k <= 5977747))
for range-notcovered
table 1 : explain SELECT k, c FROM sbtest1 WHERE k BETWEEN 3275438 AND 3275538
	Bitmap Heap Scan on sbtest1  (cost=5.45..397.58 rows=99 width=125)
	  Recheck Cond: ((k >= 3275438) AND (k <= 3275538))
	  ->  Bitmap Index Scan on k_1  (cost=0.00..5.42 rows=99 width=0)
	        Index Cond: ((k >= 3275438) AND (k <= 3275538))

table 2 : explain SELECT k, c FROM sbtest2 WHERE k BETWEEN 3275438 AND 3275538
	Bitmap Heap Scan on sbtest2  (cost=5.41..381.81 rows=95 width=125)
	  Recheck Cond: ((k >= 3275438) AND (k <= 3275538))
	  ->  Bitmap Index Scan on k_2  (cost=0.00..5.38 rows=95 width=0)
	        Index Cond: ((k >= 3275438) AND (k <= 3275538))

table 3 : explain SELECT k, c FROM sbtest3 WHERE k BETWEEN 3275438 AND 3275538
	Bitmap Heap Scan on sbtest3  (cost=5.51..421.27 rows=105 width=125)
	  Recheck Cond: ((k >= 3275438) AND (k <= 3275538))
	  ->  Bitmap Index Scan on k_3  (cost=0.00..5.48 rows=105 width=0)
	        Index Cond: ((k >= 3275438) AND (k <= 3275538))

table 4 : explain SELECT k, c FROM sbtest4 WHERE k BETWEEN 3275438 AND 3275538
	Bitmap Heap Scan on sbtest4  (cost=5.46..401.76 rows=100 width=125)
	  Recheck Cond: ((k >= 3275438) AND (k <= 3275538))
	  ->  Bitmap Index Scan on k_4  (cost=0.00..5.43 rows=100 width=0)
	        Index Cond: ((k >= 3275438) AND (k <= 3275538))

table 5 : explain SELECT k, c FROM sbtest5 WHERE k BETWEEN 3275438 AND 3275538
	Bitmap Heap Scan on sbtest5  (cost=5.38..370.17 rows=92 width=125)
	  Recheck Cond: ((k >= 3275438) AND (k <= 3275538))
	  ->  Bitmap Index Scan on k_5  (cost=0.00..5.35 rows=92 width=0)
	        Index Cond: ((k >= 3275438) AND (k <= 3275538))

table 6 : explain SELECT k, c FROM sbtest6 WHERE k BETWEEN 3275438 AND 3275538
	Bitmap Heap Scan on sbtest6  (cost=5.51..421.29 rows=105 width=125)
	  Recheck Cond: ((k >= 3275438) AND (k <= 3275538))
	  ->  Bitmap Index Scan on k_6  (cost=0.00..5.48 rows=105 width=0)
	        Index Cond: ((k >= 3275438) AND (k <= 3275538))

table 7 : explain SELECT k, c FROM sbtest7 WHERE k BETWEEN 3275438 AND 3275538
	Bitmap Heap Scan on sbtest7  (cost=5.48..409.40 rows=102 width=125)
	  Recheck Cond: ((k >= 3275438) AND (k <= 3275538))
	  ->  Bitmap Index Scan on k_7  (cost=0.00..5.45 rows=102 width=0)
	        Index Cond: ((k >= 3275438) AND (k <= 3275538))

table 8 : explain SELECT k, c FROM sbtest8 WHERE k BETWEEN 3275438 AND 3275538
	Bitmap Heap Scan on sbtest8  (cost=5.39..373.92 rows=93 width=125)
	  Recheck Cond: ((k >= 3275438) AND (k <= 3275538))
	  ->  Bitmap Index Scan on k_8  (cost=0.00..5.36 rows=93 width=0)
	        Index Cond: ((k >= 3275438) AND (k <= 3275538))

explain: for range-notcovered :: explain SELECT k, c FROM sbtest%d WHERE k BETWEEN 1338578 AND 1338678for range-notcovered
table 1 : explain SELECT k, c FROM sbtest1 WHERE k BETWEEN 4134095 AND 4134195
	Bitmap Heap Scan on sbtest1  (cost=5.43..389.69 rows=97 width=125)
	  Recheck Cond: ((k >= 4134095) AND (k <= 4134195))
	  ->  Bitmap Index Scan on k_1  (cost=0.00..5.40 rows=97 width=0)
	        Index Cond: ((k >= 4134095) AND (k <= 4134195))

table 2 : explain SELECT k, c FROM sbtest2 WHERE k BETWEEN 4134095 AND 4134195
	Bitmap Heap Scan on sbtest2  (cost=5.46..401.54 rows=100 width=125)
	  Recheck Cond: ((k >= 4134095) AND (k <= 4134195))
	  ->  Bitmap Index Scan on k_2  (cost=0.00..5.43 rows=100 width=0)
	        Index Cond: ((k >= 4134095) AND (k <= 4134195))

table 3 : explain SELECT k, c FROM sbtest3 WHERE k BETWEEN 4134095 AND 4134195
	Bitmap Heap Scan on sbtest3  (cost=5.54..433.09 rows=108 width=125)
	  Recheck Cond: ((k >= 4134095) AND (k <= 4134195))
	  ->  Bitmap Index Scan on k_3  (cost=0.00..5.51 rows=108 width=0)
	        Index Cond: ((k >= 4134095) AND (k <= 4134195))

table 4 : explain SELECT k, c FROM sbtest4 WHERE k BETWEEN 4134095 AND 4134195
	Bitmap Heap Scan on sbtest4  (cost=5.44..393.87 rows=98 width=125)
	  Recheck Cond: ((k >= 4134095) AND (k <= 4134195))
	  ->  Bitmap Index Scan on k_4  (cost=0.00..5.42 rows=98 width=0)
	        Index Cond: ((k >= 4134095) AND (k <= 4134195))

table 5 : explain SELECT k, c FROM sbtest5 WHERE k BETWEEN 4134095 AND 4134195
	Bitmap Heap Scan on sbtest5  (cost=5.51..421.50 rows=105 width=125)
	  Recheck Cond: ((k >= 4134095) AND (k <= 4134195))
	  ->  Bitmap Index Scan on k_5  (cost=0.00..5.48 rows=105 width=0)
	        Index Cond: ((k >= 4134095) AND (k <= 4134195))

table 6 : explain SELECT k, c FROM sbtest6 WHERE k BETWEEN 4134095 AND 4134195
	Bitmap Heap Scan on sbtest6  (cost=5.42..385.79 rows=96 width=125)
	  Recheck Cond: ((k >= 4134095) AND (k <= 4134195))
	  ->  Bitmap Index Scan on k_6  (cost=0.00..5.39 rows=96 width=0)
	        Index Cond: ((k >= 4134095) AND (k <= 4134195))

table 7 : explain SELECT k, c FROM sbtest7 WHERE k BETWEEN 4134095 AND 4134195
	Bitmap Heap Scan on sbtest7  (cost=5.51..421.22 rows=105 width=125)
	  Recheck Cond: ((k >= 4134095) AND (k <= 4134195))
	  ->  Bitmap Index Scan on k_7  (cost=0.00..5.48 rows=105 width=0)
	        Index Cond: ((k >= 4134095) AND (k <= 4134195))

table 8 : explain SELECT k, c FROM sbtest8 WHERE k BETWEEN 4134095 AND 4134195
	Bitmap Heap Scan on sbtest8  (cost=5.54..433.07 rows=108 width=125)
	  Recheck Cond: ((k >= 4134095) AND (k <= 4134195))
	  ->  Bitmap Index Scan on k_8  (cost=0.00..5.51 rows=108 width=0)
	        Index Cond: ((k >= 4134095) AND (k <= 4134195))


explain: for range-notcovered :: explain SELECT k, c FROM sbtest%d WHERE k BETWEEN 3275438 AND 3275538
explain: for range-notcovered :: explain SELECT k, c FROM sbtest%d WHERE k BETWEEN 9580805 AND 9580905
explain: for range-notcovered :: explain SELECT k, c FROM sbtest%d WHERE k BETWEEN 4958844 AND 4958944
explain: for range-notcovered :: explain SELECT k, c FROM sbtest%d WHERE k BETWEEN 4134095 AND 4134195
explain: for range-notcovered :: explain SELECT k, c FROM sbtest%d WHERE k BETWEEN 6380588 AND 6380688
for range-notcovered
table 1 : explain SELECT k, c FROM sbtest1 WHERE k BETWEEN 6206397 AND 6206497
	Bitmap Heap Scan on sbtest1  (cost=5.47..405.46 rows=101 width=125)
	  Recheck Cond: ((k >= 6206397) AND (k <= 6206497))
	  ->  Bitmap Index Scan on k_1  (cost=0.00..5.44 rows=101 width=0)
	        Index Cond: ((k >= 6206397) AND (k <= 6206497))

table 2 : explain SELECT k, c FROM sbtest2 WHERE k BETWEEN 6206397 AND 6206497
	Bitmap Heap Scan on sbtest2  (cost=5.46..401.54 rows=100 width=125)
	  Recheck Cond: ((k >= 6206397) AND (k <= 6206497))
	  ->  Bitmap Index Scan on k_2  (cost=0.00..5.43 rows=100 width=0)
	        Index Cond: ((k >= 6206397) AND (k <= 6206497))

table 3 : explain SELECT k, c FROM sbtest3 WHERE k BETWEEN 6206397 AND 6206497
	Bitmap Heap Scan on sbtest3  (cost=5.45..397.61 rows=99 width=125)
	  Recheck Cond: ((k >= 6206397) AND (k <= 6206497))
	  ->  Bitmap Index Scan on k_3  (cost=0.00..5.42 rows=99 width=0)
	        Index Cond: ((k >= 6206397) AND (k <= 6206497))

table 4 : explain SELECT k, c FROM sbtest4 WHERE k BETWEEN 6206397 AND 6206497
	Bitmap Heap Scan on sbtest4  (cost=5.41..382.02 rows=95 width=125)
	  Recheck Cond: ((k >= 6206397) AND (k <= 6206497))
	  ->  Bitmap Index Scan on k_4  (cost=0.00..5.38 rows=95 width=0)
	        Index Cond: ((k >= 6206397) AND (k <= 6206497))

table 5 : explain SELECT k, c FROM sbtest5 WHERE k BETWEEN 6206397 AND 6206497
	Bitmap Heap Scan on sbtest5  (cost=5.51..421.50 rows=105 width=125)
	  Recheck Cond: ((k >= 6206397) AND (k <= 6206497))
	  ->  Bitmap Index Scan on k_5  (cost=0.00..5.48 rows=105 width=0)
	        Index Cond: ((k >= 6206397) AND (k <= 6206497))

table 6 : explain SELECT k, c FROM sbtest6 WHERE k BETWEEN 6206397 AND 6206497
	Bitmap Heap Scan on sbtest6  (cost=5.34..354.21 rows=88 width=125)
	  Recheck Cond: ((k >= 6206397) AND (k <= 6206497))
	  ->  Bitmap Index Scan on k_6  (cost=0.00..5.31 rows=88 width=0)
	        Index Cond: ((k >= 6206397) AND (k <= 6206497))

table 7 : explain SELECT k, c FROM sbtest7 WHERE k BETWEEN 6206397 AND 6206497
	Bitmap Heap Scan on sbtest7  (cost=5.49..413.34 rows=103 width=125)
	  Recheck Cond: ((k >= 6206397) AND (k <= 6206497))
	  ->  Bitmap Index Scan on k_7  (cost=0.00..5.46 rows=103 width=0)
	        Index Cond: ((k >= 6206397) AND (k <= 6206497))

table 8 : explain SELECT k, c FROM sbtest8 WHERE k BETWEEN 6206397 AND 6206497
	Bitmap Heap Scan on sbtest8  (cost=5.42..385.76 rows=96 width=125)
	  Recheck Cond: ((k >= 6206397) AND (k <= 6206497))
	  ->  Bitmap Index Scan on k_8  (cost=0.00..5.39 rows=96 width=0)
	        Index Cond: ((k >= 6206397) AND (k <= 6206497))


explain: for range-notcovered :: explain SELECT k, c FROM sbtest%d WHERE k BETWEEN 4019169 AND 4019269
explain: for range-notcovered :: explain SELECT k, c FROM sbtest%d WHERE k BETWEEN 6246463 AND 6246563for range-notcovered
table 1 : explain SELECT k, c FROM sbtest1 WHERE k BETWEEN 4414696 AND 4414796
	Bitmap Heap Scan on sbtest1  (cost=5.54..433.06 rows=108 width=125)
	  Recheck Cond: ((k >= 4414696) AND (k <= 4414796))
	  ->  Bitmap Index Scan on k_1  (cost=0.00..5.51 rows=108 width=0)
	        Index Cond: ((k >= 4414696) AND (k <= 4414796))

table 2 : explain SELECT k, c FROM sbtest2 WHERE k BETWEEN 4414696 AND 4414796
	Bitmap Heap Scan on sbtest2  (cost=5.54..433.08 rows=108 width=125)
	  Recheck Cond: ((k >= 4414696) AND (k <= 4414796))
	  ->  Bitmap Index Scan on k_2  (cost=0.00..5.51 rows=108 width=0)
	        Index Cond: ((k >= 4414696) AND (k <= 4414796))

table 3 : explain SELECT k, c FROM sbtest3 WHERE k BETWEEN 4414696 AND 4414796
	Bitmap Heap Scan on sbtest3  (cost=5.46..401.55 rows=100 width=125)
	  Recheck Cond: ((k >= 4414696) AND (k <= 4414796))
	  ->  Bitmap Index Scan on k_3  (cost=0.00..5.43 rows=100 width=0)
	        Index Cond: ((k >= 4414696) AND (k <= 4414796))

table 4 : explain SELECT k, c FROM sbtest4 WHERE k BETWEEN 4414696 AND 4414796
	Bitmap Heap Scan on sbtest4  (cost=5.49..413.60 rows=103 width=125)
	  Recheck Cond: ((k >= 4414696) AND (k <= 4414796))
	  ->  Bitmap Index Scan on k_4  (cost=0.00..5.46 rows=103 width=0)
	        Index Cond: ((k >= 4414696) AND (k <= 4414796))

table 5 : explain SELECT k, c FROM sbtest5 WHERE k BETWEEN 4414696 AND 4414796
	Bitmap Heap Scan on sbtest5  (cost=5.56..441.22 rows=110 width=125)
	  Recheck Cond: ((k >= 4414696) AND (k <= 4414796))
	  ->  Bitmap Index Scan on k_5  (cost=0.00..5.53 rows=110 width=0)
	        Index Cond: ((k >= 4414696) AND (k <= 4414796))

table 6 : explain SELECT k, c FROM sbtest6 WHERE k BETWEEN 4414696 AND 4414796
	Bitmap Heap Scan on sbtest6  (cost=5.50..417.35 rows=104 width=125)
	  Recheck Cond: ((k >= 4414696) AND (k <= 4414796))
	  ->  Bitmap Index Scan on k_6  (cost=0.00..5.47 rows=104 width=0)
	        Index Cond: ((k >= 4414696) AND (k <= 4414796))

table 7 : explain SELECT k, c FROM sbtest7 WHERE k BETWEEN 4414696 AND 4414796
	Bitmap Heap Scan on sbtest7  (cost=5.34..354.16 rows=88 width=125)
	  Recheck Cond: ((k >= 4414696) AND (k <= 4414796))
	  ->  Bitmap Index Scan on k_7  (cost=0.00..5.31 rows=88 width=0)
	        Index Cond: ((k >= 4414696) AND (k <= 4414796))

table 8 : explain SELECT k, c FROM sbtest8 WHERE k BETWEEN 4414696 AND 4414796
	Bitmap Heap Scan on sbtest8  (cost=5.51..421.25 rows=105 width=125)
	  Recheck Cond: ((k >= 4414696) AND (k <= 4414796))
	  ->  Bitmap Index Scan on k_8  (cost=0.00..5.48 rows=105 width=0)
	        Index Cond: ((k >= 4414696) AND (k <= 4414796))

for range-notcovered
table 1 : explain SELECT k, c FROM sbtest1 WHERE k BETWEEN 7465771 AND 7465871
	Bitmap Heap Scan on sbtest1  (cost=5.62..464.57 rows=116 width=125)
	  Recheck Cond: ((k >= 7465771) AND (k <= 7465871))
	  ->  Bitmap Index Scan on k_1  (cost=0.00..5.59 rows=116 width=0)
	        Index Cond: ((k >= 7465771) AND (k <= 7465871))

table 2 : explain SELECT k, c FROM sbtest2 WHERE k BETWEEN 7465771 AND 7465871
	Bitmap Heap Scan on sbtest2  (cost=5.41..381.81 rows=95 width=125)
	  Recheck Cond: ((k >= 7465771) AND (k <= 7465871))
	  ->  Bitmap Index Scan on k_2  (cost=0.00..5.38 rows=95 width=0)
	        Index Cond: ((k >= 7465771) AND (k <= 7465871))

table 3 : explain SELECT k, c FROM sbtest3 WHERE k BETWEEN 7465771 AND 7465871
	Bitmap Heap Scan on sbtest3  (cost=5.47..405.49 rows=101 width=125)
	  Recheck Cond: ((k >= 7465771) AND (k <= 7465871))
	  ->  Bitmap Index Scan on k_3  (cost=0.00..5.44 rows=101 width=0)
	        Index Cond: ((k >= 7465771) AND (k <= 7465871))

table 4 : explain SELECT k, c FROM sbtest4 WHERE k BETWEEN 7465771 AND 7465871
	Bitmap Heap Scan on sbtest4  (cost=5.49..413.60 rows=103 width=125)
	  Recheck Cond: ((k >= 7465771) AND (k <= 7465871))
	  ->  Bitmap Index Scan on k_4  (cost=0.00..5.46 rows=103 width=0)
	        Index Cond: ((k >= 7465771) AND (k <= 7465871))

table 5 : explain SELECT k, c FROM sbtest5 WHERE k BETWEEN 7465771 AND 7465871
	Bitmap Heap Scan on sbtest5  (cost=5.48..409.66 rows=102 width=125)
	  Recheck Cond: ((k >= 7465771) AND (k <= 7465871))
	  ->  Bitmap Index Scan on k_5  (cost=0.00..5.45 rows=102 width=0)
	        Index Cond: ((k >= 7465771) AND (k <= 7465871))

table 6 : explain SELECT k, c FROM sbtest6 WHERE k BETWEEN 7465771 AND 7465871
	Bitmap Heap Scan on sbtest6  (cost=5.50..417.35 rows=104 width=125)
	  Recheck Cond: ((k >= 7465771) AND (k <= 7465871))
	  ->  Bitmap Index Scan on k_6  (cost=0.00..5.47 rows=104 width=0)
	        Index Cond: ((k >= 7465771) AND (k <= 7465871))

table 7 : explain SELECT k, c FROM sbtest7 WHERE k BETWEEN 7465771 AND 7465871
	Bitmap Heap Scan on sbtest7  (cost=5.43..389.68 rows=97 width=125)
	  Recheck Cond: ((k >= 7465771) AND (k <= 7465871))
	  ->  Bitmap Index Scan on k_7  (cost=0.00..5.40 rows=97 width=0)
	        Index Cond: ((k >= 7465771) AND (k <= 7465871))

table 8 : explain SELECT k, c FROM sbtest8 WHERE k BETWEEN 7465771 AND 7465871
	Bitmap Heap Scan on sbtest8  (cost=5.48..409.42 rows=102 width=125)
	  Recheck Cond: ((k >= 7465771) AND (k <= 7465871))
	  ->  Bitmap Index Scan on k_8  (cost=0.00..5.45 rows=102 width=0)
	        Index Cond: ((k >= 7465771) AND (k <= 7465871))

explain: for range-notcovered :: explain SELECT k, c FROM sbtest%d WHERE k BETWEEN 2531241 AND 2531341explain: for range-notcovered :: explain SELECT k, c FROM sbtest%d WHERE k BETWEEN 6505532 AND 6505632
for range-notcovered
table 1 : explain SELECT k, c FROM sbtest1 WHERE k BETWEEN 2295299 AND 2295399
	Bitmap Heap Scan on sbtest1  (cost=5.44..393.63 rows=98 width=125)
	  Recheck Cond: ((k >= 2295299) AND (k <= 2295399))
	  ->  Bitmap Index Scan on k_1  (cost=0.00..5.42 rows=98 width=0)
	        Index Cond: ((k >= 2295299) AND (k <= 2295399))

table 2 : explain SELECT k, c FROM sbtest2 WHERE k BETWEEN 2295299 AND 2295399
	Bitmap Heap Scan on sbtest2  (cost=5.40..377.87 rows=94 width=125)
	  Recheck Cond: ((k >= 2295299) AND (k <= 2295399))
	  ->  Bitmap Index Scan on k_2  (cost=0.00..5.38 rows=94 width=0)
	        Index Cond: ((k >= 2295299) AND (k <= 2295399))

table 3 : explain SELECT k, c FROM sbtest3 WHERE k BETWEEN 2295299 AND 2295399
	Bitmap Heap Scan on sbtest3  (cost=5.55..437.03 rows=109 width=125)
	  Recheck Cond: ((k >= 2295299) AND (k <= 2295399))
	  ->  Bitmap Index Scan on k_3  (cost=0.00..5.52 rows=109 width=0)
	        Index Cond: ((k >= 2295299) AND (k <= 2295399))

table 4 : explain SELECT k, c FROM sbtest4 WHERE k BETWEEN 2295299 AND 2295399
	Bitmap Heap Scan on sbtest4  (cost=5.44..393.87 rows=98 width=125)
	  Recheck Cond: ((k >= 2295299) AND (k <= 2295399))
	  ->  Bitmap Index Scan on k_4  (cost=0.00..5.42 rows=98 width=0)
	        Index Cond: ((k >= 2295299) AND (k <= 2295399))

table 5 : explain SELECT k, c FROM sbtest5 WHERE k BETWEEN 2295299 AND 2295399
	Bitmap Heap Scan on sbtest5  (cost=5.47..405.71 rows=101 width=125)
	  Recheck Cond: ((k >= 2295299) AND (k <= 2295399))
	  ->  Bitmap Index Scan on k_5  (cost=0.00..5.44 rows=101 width=0)
	        Index Cond: ((k >= 2295299) AND (k <= 2295399))

table 6 : explain SELECT k, c FROM sbtest6 WHERE k BETWEEN 2295299 AND 2295399
	Bitmap Heap Scan on sbtest6  (cost=5.48..409.46 rows=102 width=125)
	  Recheck Cond: ((k >= 2295299) AND (k <= 2295399))
	  ->  Bitmap Index Scan on k_6  (cost=0.00..5.45 rows=102 width=0)
	        Index Cond: ((k >= 2295299) AND (k <= 2295399))

table 7 : explain SELECT k, c FROM sbtest7 WHERE k BETWEEN 2295299 AND 2295399
	Bitmap Heap Scan on sbtest7  (cost=5.44..393.62 rows=98 width=125)
	  Recheck Cond: ((k >= 2295299) AND (k <= 2295399))
	  ->  Bitmap Index Scan on k_7  (cost=0.00..5.42 rows=98 width=0)
	        Index Cond: ((k >= 2295299) AND (k <= 2295399))

table 8 : explain SELECT k, c FROM sbtest8 WHERE k BETWEEN 2295299 AND 2295399
	Bitmap Heap Scan on sbtest8  (cost=5.61..460.65 rows=115 width=125)
	  Recheck Cond: ((k >= 2295299) AND (k <= 2295399))
	  ->  Bitmap Index Scan on k_8  (cost=0.00..5.58 rows=115 width=0)
	        Index Cond: ((k >= 2295299) AND (k <= 2295399))


for range-notcovered
table 1 : explain SELECT k, c FROM sbtest1 WHERE k BETWEEN 4813597 AND 4813697
	Bitmap Heap Scan on sbtest1  (cost=5.47..405.46 rows=101 width=125)
	  Recheck Cond: ((k >= 4813597) AND (k <= 4813697))
	  ->  Bitmap Index Scan on k_1  (cost=0.00..5.44 rows=101 width=0)
	        Index Cond: ((k >= 4813597) AND (k <= 4813697))

table 2 : explain SELECT k, c FROM sbtest2 WHERE k BETWEEN 4813597 AND 4813697
	Bitmap Heap Scan on sbtest2  (cost=5.45..397.59 rows=99 width=125)
	  Recheck Cond: ((k >= 4813597) AND (k <= 4813697))
	  ->  Bitmap Index Scan on k_2  (cost=0.00..5.42 rows=99 width=0)
	        Index Cond: ((k >= 4813597) AND (k <= 4813697))

table 3 : explain SELECT k, c FROM sbtest3 WHERE k BETWEEN 4813597 AND 4813697
	Bitmap Heap Scan on sbtest3  (cost=5.48..409.44 rows=102 width=125)
	  Recheck Cond: ((k >= 4813597) AND (k <= 4813697))
	  ->  Bitmap Index Scan on k_3  (cost=0.00..5.45 rows=102 width=0)
	        Index Cond: ((k >= 4813597) AND (k <= 4813697))

table 4 : explain SELECT k, c FROM sbtest4 WHERE k BETWEEN 4813597 AND 4813697
	Bitmap Heap Scan on sbtest4  (cost=5.41..382.02 rows=95 width=125)
	  Recheck Cond: ((k >= 4813597) AND (k <= 4813697))
	  ->  Bitmap Index Scan on k_4  (cost=0.00..5.38 rows=95 width=0)
	        Index Cond: ((k >= 4813597) AND (k <= 4813697))

table 5 : explain SELECT k, c FROM sbtest5 WHERE k BETWEEN 4813597 AND 4813697
	Bitmap Heap Scan on sbtest5  (cost=5.50..417.55 rows=104 width=125)
	  Recheck Cond: ((k >= 4813597) AND (k <= 4813697))
	  ->  Bitmap Index Scan on k_5  (cost=0.00..5.47 rows=104 width=0)
	        Index Cond: ((k >= 4813597) AND (k <= 4813697))

table 6 : explain SELECT k, c FROM sbtest6 WHERE k BETWEEN 4813597 AND 4813697
	Bitmap Heap Scan on sbtest6  (cost=5.45..397.63 rows=99 width=125)
	  Recheck Cond: ((k >= 4813597) AND (k <= 4813697))
	  ->  Bitmap Index Scan on k_6  (cost=0.00..5.42 rows=99 width=0)
	        Index Cond: ((k >= 4813597) AND (k <= 4813697))

table 7 : explain SELECT k, c FROM sbtest7 WHERE k BETWEEN 4813597 AND 4813697
	Bitmap Heap Scan on sbtest7  (cost=5.50..417.28 rows=104 width=125)
	  Recheck Cond: ((k >= 4813597) AND (k <= 4813697))
	  ->  Bitmap Index Scan on k_7  (cost=0.00..5.47 rows=104 width=0)
	        Index Cond: ((k >= 4813597) AND (k <= 4813697))

table 8 : explain SELECT k, c FROM sbtest8 WHERE k BETWEEN 4813597 AND 4813697
	Bitmap Heap Scan on sbtest8  (cost=5.38..369.97 rows=92 width=125)
	  Recheck Cond: ((k >= 4813597) AND (k <= 4813697))
	  ->  Bitmap Index Scan on k_8  (cost=0.00..5.35 rows=92 width=0)
	        Index Cond: ((k >= 4813597) AND (k <= 4813697))

explain: for range-notcovered :: explain SELECT k, c FROM sbtest%d WHERE k BETWEEN 7465771 AND 7465871
for range-notcovered
table 1 : explain SELECT k, c FROM sbtest1 WHERE k BETWEEN 1363981 AND 1364081
	Bitmap Heap Scan on sbtest1  (cost=5.46..401.52 rows=100 width=125)
	  Recheck Cond: ((k >= 1363981) AND (k <= 1364081))
	  ->  Bitmap Index Scan on k_1  (cost=0.00..5.43 rows=100 width=0)
	        Index Cond: ((k >= 1363981) AND (k <= 1364081))

table 2 : explain SELECT k, c FROM sbtest2 WHERE k BETWEEN 1363981 AND 1364081
	Bitmap Heap Scan on sbtest2  (cost=5.45..397.59 rows=99 width=125)
	  Recheck Cond: ((k >= 1363981) AND (k <= 1364081))
	  ->  Bitmap Index Scan on k_2  (cost=0.00..5.42 rows=99 width=0)
	        Index Cond: ((k >= 1363981) AND (k <= 1364081))

table 3 : explain SELECT k, c FROM sbtest3 WHERE k BETWEEN 1363981 AND 1364081
	Bitmap Heap Scan on sbtest3  (cost=5.62..464.61 rows=116 width=125)
	  Recheck Cond: ((k >= 1363981) AND (k <= 1364081))
	  ->  Bitmap Index Scan on k_3  (cost=0.00..5.59 rows=116 width=0)
	        Index Cond: ((k >= 1363981) AND (k <= 1364081))

table 4 : explain SELECT k, c FROM sbtest4 WHERE k BETWEEN 1363981 AND 1364081
	Bitmap Heap Scan on sbtest4  (cost=5.53..429.39 rows=107 width=125)
	  Recheck Cond: ((k >= 1363981) AND (k <= 1364081))
	  ->  Bitmap Index Scan on k_4  (cost=0.00..5.50 rows=107 width=0)
	        Index Cond: ((k >= 1363981) AND (k <= 1364081))

table 5 : explain SELECT k, c FROM sbtest5 WHERE k BETWEEN 1363981 AND 1364081
	Bitmap Heap Scan on sbtest5  (cost=5.45..397.82 rows=99 width=125)
	  Recheck Cond: ((k >= 1363981) AND (k <= 1364081))
	  ->  Bitmap Index Scan on k_5  (cost=0.00..5.42 rows=99 width=0)
	        Index Cond: ((k >= 1363981) AND (k <= 1364081))

table 6 : explain SELECT k, c FROM sbtest6 WHERE k BETWEEN 1363981 AND 1364081
	Bitmap Heap Scan on sbtest6  (cost=5.52..425.23 rows=106 width=125)
	  Recheck Cond: ((k >= 1363981) AND (k <= 1364081))
	  ->  Bitmap Index Scan on k_6  (cost=0.00..5.50 rows=106 width=0)
	        Index Cond: ((k >= 1363981) AND (k <= 1364081))

table 7 : explain SELECT k, c FROM sbtest7 WHERE k BETWEEN 1363981 AND 1364081
	Bitmap Heap Scan on sbtest7  (cost=5.46..401.51 rows=100 width=125)
	  Recheck Cond: ((k >= 1363981) AND (k <= 1364081))
	  ->  Bitmap Index Scan on k_7  (cost=0.00..5.43 rows=100 width=0)
	        Index Cond: ((k >= 1363981) AND (k <= 1364081))

table 8 : explain SELECT k, c FROM sbtest8 WHERE k BETWEEN 1363981 AND 1364081
	Bitmap Heap Scan on sbtest8  (cost=5.53..429.13 rows=107 width=125)
	  Recheck Cond: ((k >= 1363981) AND (k <= 1364081))
	  ->  Bitmap Index Scan on k_8  (cost=0.00..5.50 rows=107 width=0)
	        Index Cond: ((k >= 1363981) AND (k <= 1364081))

for range-notcovered
table 1 : explain SELECT k, c FROM sbtest1 WHERE k BETWEEN 8172398 AND 8172498
	Bitmap Heap Scan on sbtest1  (cost=5.51..421.23 rows=105 width=125)
	  Recheck Cond: ((k >= 8172398) AND (k <= 8172498))
	  ->  Bitmap Index Scan on k_1  (cost=0.00..5.48 rows=105 width=0)
	        Index Cond: ((k >= 8172398) AND (k <= 8172498))

table 2 : explain SELECT k, c FROM sbtest2 WHERE k BETWEEN 8172398 AND 8172498
	Bitmap Heap Scan on sbtest2  (cost=5.36..362.08 rows=90 width=125)
	  Recheck Cond: ((k >= 8172398) AND (k <= 8172498))
	  ->  Bitmap Index Scan on k_2  (cost=0.00..5.33 rows=90 width=0)
	        Index Cond: ((k >= 8172398) AND (k <= 8172498))

table 3 : explain SELECT k, c FROM sbtest3 WHERE k BETWEEN 8172398 AND 8172498
	Bitmap Heap Scan on sbtest3  (cost=5.47..405.49 rows=101 width=125)
	  Recheck Cond: ((k >= 8172398) AND (k <= 8172498))
	  ->  Bitmap Index Scan on k_3  (cost=0.00..5.44 rows=101 width=0)
	        Index Cond: ((k >= 8172398) AND (k <= 8172498))

table 4 : explain SELECT k, c FROM sbtest4 WHERE k BETWEEN 8172398 AND 8172498
	Bitmap Heap Scan on sbtest4  (cost=5.50..417.55 rows=104 width=125)
	  Recheck Cond: ((k >= 8172398) AND (k <= 8172498))
	  ->  Bitmap Index Scan on k_4  (cost=0.00..5.47 rows=104 width=0)
	        Index Cond: ((k >= 8172398) AND (k <= 8172498))

table 5 : explain SELECT k, c FROM sbtest5 WHERE k BETWEEN 8172398 AND 8172498
	Bitmap Heap Scan on sbtest5  (cost=5.55..437.28 rows=109 width=125)
	  Recheck Cond: ((k >= 8172398) AND (k <= 8172498))
	  ->  Bitmap Index Scan on k_5  (cost=0.00..5.52 rows=109 width=0)
	        Index Cond: ((k >= 8172398) AND (k <= 8172498))

table 6 : explain SELECT k, c FROM sbtest6 WHERE k BETWEEN 8172398 AND 8172498
	Bitmap Heap Scan on sbtest6  (cost=5.47..405.52 rows=101 width=125)
	  Recheck Cond: ((k >= 8172398) AND (k <= 8172498))
	  ->  Bitmap Index Scan on k_6  (cost=0.00..5.44 rows=101 width=0)
	        Index Cond: ((k >= 8172398) AND (k <= 8172498))

table 7 : explain SELECT k, c FROM sbtest7 WHERE k BETWEEN 8172398 AND 8172498
	Bitmap Heap Scan on sbtest7  (cost=5.52..425.16 rows=106 width=125)
	  Recheck Cond: ((k >= 8172398) AND (k <= 8172498))
	  ->  Bitmap Index Scan on k_7  (cost=0.00..5.50 rows=106 width=0)
	        Index Cond: ((k >= 8172398) AND (k <= 8172498))

table 8 : explain SELECT k, c FROM sbtest8 WHERE k BETWEEN 8172398 AND 8172498
	Bitmap Heap Scan on sbtest8  (cost=5.43..389.70 rows=97 width=125)
	  Recheck Cond: ((k >= 8172398) AND (k <= 8172498))
	  ->  Bitmap Index Scan on k_8  (cost=0.00..5.40 rows=97 width=0)
	        Index Cond: ((k >= 8172398) AND (k <= 8172498))

for range-notcovered
table 1 : explain SELECT k, c FROM sbtest1 WHERE k BETWEEN 5454301 AND 5454401
	Bitmap Heap Scan on sbtest1  (cost=5.54..433.06 rows=108 width=125)
	  Recheck Cond: ((k >= 5454301) AND (k <= 5454401))
	  ->  Bitmap Index Scan on k_1  (cost=0.00..5.51 rows=108 width=0)
	        Index Cond: ((k >= 5454301) AND (k <= 5454401))

table 2 : explain SELECT k, c FROM sbtest2 WHERE k BETWEEN 5454301 AND 5454401
	Bitmap Heap Scan on sbtest2  (cost=5.40..377.87 rows=94 width=125)
	  Recheck Cond: ((k >= 5454301) AND (k <= 5454401))
	  ->  Bitmap Index Scan on k_2  (cost=0.00..5.38 rows=94 width=0)
	        Index Cond: ((k >= 5454301) AND (k <= 5454401))

table 3 : explain SELECT k, c FROM sbtest3 WHERE k BETWEEN 5454301 AND 5454401
	Bitmap Heap Scan on sbtest3  (cost=5.50..417.32 rows=104 width=125)
	  Recheck Cond: ((k >= 5454301) AND (k <= 5454401))
	  ->  Bitmap Index Scan on k_3  (cost=0.00..5.47 rows=104 width=0)
	        Index Cond: ((k >= 5454301) AND (k <= 5454401))

table 4 : explain SELECT k, c FROM sbtest4 WHERE k BETWEEN 5454301 AND 5454401
	Bitmap Heap Scan on sbtest4  (cost=5.51..421.50 rows=105 width=125)
	  Recheck Cond: ((k >= 5454301) AND (k <= 5454401))
	  ->  Bitmap Index Scan on k_4  (cost=0.00..5.48 rows=105 width=0)
	        Index Cond: ((k >= 5454301) AND (k <= 5454401))

table 5 : explain SELECT k, c FROM sbtest5 WHERE k BETWEEN 5454301 AND 5454401
	Bitmap Heap Scan on sbtest5  (cost=5.58..449.11 rows=112 width=125)
	  Recheck Cond: ((k >= 5454301) AND (k <= 5454401))
	  ->  Bitmap Index Scan on k_5  (cost=0.00..5.55 rows=112 width=0)
	        Index Cond: ((k >= 5454301) AND (k <= 5454401))

table 6 : explain SELECT k, c FROM sbtest6 WHERE k BETWEEN 5454301 AND 5454401
	Bitmap Heap Scan on sbtest6  (cost=5.54..433.11 rows=108 width=125)
	  Recheck Cond: ((k >= 5454301) AND (k <= 5454401))
	  ->  Bitmap Index Scan on k_6  (cost=0.00..5.51 rows=108 width=0)
	        Index Cond: ((k >= 5454301) AND (k <= 5454401))

table 7 : explain SELECT k, c FROM sbtest7 WHERE k BETWEEN 5454301 AND 5454401
	Bitmap Heap Scan on sbtest7  (cost=5.42..385.73 rows=96 width=125)
	  Recheck Cond: ((k >= 5454301) AND (k <= 5454401))
	  ->  Bitmap Index Scan on k_7  (cost=0.00..5.39 rows=96 width=0)
	        Index Cond: ((k >= 5454301) AND (k <= 5454401))

table 8 : explain SELECT k, c FROM sbtest8 WHERE k BETWEEN 5454301 AND 5454401
	Bitmap Heap Scan on sbtest8  (cost=5.46..401.53 rows=100 width=125)
	  Recheck Cond: ((k >= 5454301) AND (k <= 5454401))
	  ->  Bitmap Index Scan on k_8  (cost=0.00..5.43 rows=100 width=0)
	        Index Cond: ((k >= 5454301) AND (k <= 5454401))
for range-notcovered
table 1 : explain SELECT k, c FROM sbtest1 WHERE k BETWEEN 4686524 AND 4686624
	Bitmap Heap Scan on sbtest1  (cost=5.50..417.29 rows=104 width=125)
	  Recheck Cond: ((k >= 4686524) AND (k <= 4686624))
	  ->  Bitmap Index Scan on k_1  (cost=0.00..5.47 rows=104 width=0)
	        Index Cond: ((k >= 4686524) AND (k <= 4686624))

table 2 : explain SELECT k, c FROM sbtest2 WHERE k BETWEEN 4686524 AND 4686624
	Bitmap Heap Scan on sbtest2  (cost=5.41..381.81 rows=95 width=125)
	  Recheck Cond: ((k >= 4686524) AND (k <= 4686624))
	  ->  Bitmap Index Scan on k_2  (cost=0.00..5.38 rows=95 width=0)
	        Index Cond: ((k >= 4686524) AND (k <= 4686624))

table 3 : explain SELECT k, c FROM sbtest3 WHERE k BETWEEN 4686524 AND 4686624
	Bitmap Heap Scan on sbtest3  (cost=5.46..401.55 rows=100 width=125)
	  Recheck Cond: ((k >= 4686524) AND (k <= 4686624))
	  ->  Bitmap Index Scan on k_3  (cost=0.00..5.43 rows=100 width=0)
	        Index Cond: ((k >= 4686524) AND (k <= 4686624))

table 4 : explain SELECT k, c FROM sbtest4 WHERE k BETWEEN 4686524 AND 4686624
	Bitmap Heap Scan on sbtest4  (cost=5.39..374.12 rows=93 width=125)
	  Recheck Cond: ((k >= 4686524) AND (k <= 4686624))
	  ->  Bitmap Index Scan on k_4  (cost=0.00..5.36 rows=93 width=0)
	        Index Cond: ((k >= 4686524) AND (k <= 4686624))

table 5 : explain SELECT k, c FROM sbtest5 WHERE k BETWEEN 4686524 AND 4686624
	Bitmap Heap Scan on sbtest5  (cost=5.44..393.87 rows=98 width=125)
	  Recheck Cond: ((k >= 4686524) AND (k <= 4686624))
	  ->  Bitmap Index Scan on k_5  (cost=0.00..5.42 rows=98 width=0)
	        Index Cond: ((k >= 4686524) AND (k <= 4686624))

table 6 : explain SELECT k, c FROM sbtest6 WHERE k BETWEEN 4686524 AND 4686624
	Bitmap Heap Scan on sbtest6  (cost=5.41..381.84 rows=95 width=125)
	  Recheck Cond: ((k >= 4686524) AND (k <= 4686624))
	  ->  Bitmap Index Scan on k_6  (cost=0.00..5.38 rows=95 width=0)
	        Index Cond: ((k >= 4686524) AND (k <= 4686624))

table 7 : explain SELECT k, c FROM sbtest7 WHERE k BETWEEN 4686524 AND 4686624
	Bitmap Heap Scan on sbtest7  (cost=5.37..366.00 rows=91 width=125)
	  Recheck Cond: ((k >= 4686524) AND (k <= 4686624))
	  ->  Bitmap Index Scan on k_7  (cost=0.00..5.34 rows=91 width=0)
	        Index Cond: ((k >= 4686524) AND (k <= 4686624))

table 8 : explain SELECT k, c FROM sbtest8 WHERE k BETWEEN 4686524 AND 4686624
	Bitmap Heap Scan on sbtest8  (cost=5.45..397.59 rows=99 width=125)
	  Recheck Cond: ((k >= 4686524) AND (k <= 4686624))
	  ->  Bitmap Index Scan on k_8  (cost=0.00..5.42 rows=99 width=0)
	        Index Cond: ((k >= 4686524) AND (k <= 4686624))

for range-notcovered
table 1 : explain SELECT k, c FROM sbtest1 WHERE k BETWEEN 5706738 AND 5706838
	Bitmap Heap Scan on sbtest1  (cost=5.52..425.18 rows=106 width=125)
	  Recheck Cond: ((k >= 5706738) AND (k <= 5706838))
	  ->  Bitmap Index Scan on k_1  (cost=0.00..5.50 rows=106 width=0)
	        Index Cond: ((k >= 5706738) AND (k <= 5706838))

table 2 : explain SELECT k, c FROM sbtest2 WHERE k BETWEEN 5706738 AND 5706838
	Bitmap Heap Scan on sbtest2  (cost=5.47..405.48 rows=101 width=125)
	  Recheck Cond: ((k >= 5706738) AND (k <= 5706838))
	  ->  Bitmap Index Scan on k_2  (cost=0.00..5.44 rows=101 width=0)
	        Index Cond: ((k >= 5706738) AND (k <= 5706838))

table 3 : explain SELECT k, c FROM sbtest3 WHERE k BETWEEN 5706738 AND 5706838
	Bitmap Heap Scan on sbtest3  (cost=5.50..417.32 rows=104 width=125)
	  Recheck Cond: ((k >= 5706738) AND (k <= 5706838))
	  ->  Bitmap Index Scan on k_3  (cost=0.00..5.47 rows=104 width=0)
	        Index Cond: ((k >= 5706738) AND (k <= 5706838))

table 4 : explain SELECT k, c FROM sbtest4 WHERE k BETWEEN 5706738 AND 5706838
	Bitmap Heap Scan on sbtest4  (cost=5.48..409.66 rows=102 width=125)
	  Recheck Cond: ((k >= 5706738) AND (k <= 5706838))
	  ->  Bitmap Index Scan on k_4  (cost=0.00..5.45 rows=102 width=0)
	        Index Cond: ((k >= 5706738) AND (k <= 5706838))

table 5 : explain SELECT k, c FROM sbtest5 WHERE k BETWEEN 5706738 AND 5706838
	Bitmap Heap Scan on sbtest5  (cost=5.37..366.22 rows=91 width=125)
	  Recheck Cond: ((k >= 5706738) AND (k <= 5706838))
	  ->  Bitmap Index Scan on k_5  (cost=0.00..5.34 rows=91 width=0)
	        Index Cond: ((k >= 5706738) AND (k <= 5706838))

table 6 : explain SELECT k, c FROM sbtest6 WHERE k BETWEEN 5706738 AND 5706838
	Bitmap Heap Scan on sbtest6  (cost=5.50..417.35 rows=104 width=125)
	  Recheck Cond: ((k >= 5706738) AND (k <= 5706838))
	  ->  Bitmap Index Scan on k_6  (cost=0.00..5.47 rows=104 width=0)
	        Index Cond: ((k >= 5706738) AND (k <= 5706838))

table 7 : explain SELECT k, c FROM sbtest7 WHERE k BETWEEN 5706738 AND 5706838
	Bitmap Heap Scan on sbtest7  (cost=5.49..413.34 rows=103 width=125)
	  Recheck Cond: ((k >= 5706738) AND (k <= 5706838))
	  ->  Bitmap Index Scan on k_7  (cost=0.00..5.46 rows=103 width=0)
	        Index Cond: ((k >= 5706738) AND (k <= 5706838))

table 8 : explain SELECT k, c FROM sbtest8 WHERE k BETWEEN 5706738 AND 5706838
	Bitmap Heap Scan on sbtest8  (cost=5.50..417.31 rows=104 width=125)
	  Recheck Cond: ((k >= 5706738) AND (k <= 5706838))
	  ->  Bitmap Index Scan on k_8  (cost=0.00..5.47 rows=104 width=0)
	        Index Cond: ((k >= 5706738) AND (k <= 5706838))

for range-notcovered
table 1 : explain SELECT k, c FROM sbtest1 WHERE k BETWEEN 5644186 AND 5644286
	Bitmap Heap Scan on sbtest1  (cost=5.49..413.35 rows=103 width=125)
	  Recheck Cond: ((k >= 5644186) AND (k <= 5644286))
	  ->  Bitmap Index Scan on k_1  (cost=0.00..5.46 rows=103 width=0)
	        Index Cond: ((k >= 5644186) AND (k <= 5644286))

table 2 : explain SELECT k, c FROM sbtest2 WHERE k BETWEEN 5644186 AND 5644286
	Bitmap Heap Scan on sbtest2  (cost=5.47..405.48 rows=101 width=125)
	  Recheck Cond: ((k >= 5644186) AND (k <= 5644286))
	  ->  Bitmap Index Scan on k_2  (cost=0.00..5.44 rows=101 width=0)
	        Index Cond: ((k >= 5644186) AND (k <= 5644286))

table 3 : explain SELECT k, c FROM sbtest3 WHERE k BETWEEN 5644186 AND 5644286
	Bitmap Heap Scan on sbtest3  (cost=5.47..405.49 rows=101 width=125)
	  Recheck Cond: ((k >= 5644186) AND (k <= 5644286))
	  ->  Bitmap Index Scan on k_3  (cost=0.00..5.44 rows=101 width=0)
	        Index Cond: ((k >= 5644186) AND (k <= 5644286))

table 4 : explain SELECT k, c FROM sbtest4 WHERE k BETWEEN 5644186 AND 5644286
	Bitmap Heap Scan on sbtest4  (cost=5.56..441.22 rows=110 width=125)
	  Recheck Cond: ((k >= 5644186) AND (k <= 5644286))
	  ->  Bitmap Index Scan on k_4  (cost=0.00..5.53 rows=110 width=0)
	        Index Cond: ((k >= 5644186) AND (k <= 5644286))

table 5 : explain SELECT k, c FROM sbtest5 WHERE k BETWEEN 5644186 AND 5644286
	Bitmap Heap Scan on sbtest5  (cost=5.46..401.77 rows=100 width=125)
	  Recheck Cond: ((k >= 5644186) AND (k <= 5644286))
	  ->  Bitmap Index Scan on k_5  (cost=0.00..5.43 rows=100 width=0)
	        Index Cond: ((k >= 5644186) AND (k <= 5644286))

table 6 : explain SELECT k, c FROM sbtest6 WHERE k BETWEEN 5644186 AND 5644286
	Bitmap Heap Scan on sbtest6  (cost=5.50..417.35 rows=104 width=125)
	  Recheck Cond: ((k >= 5644186) AND (k <= 5644286))
	  ->  Bitmap Index Scan on k_6  (cost=0.00..5.47 rows=104 width=0)
	        Index Cond: ((k >= 5644186) AND (k <= 5644286))

table 7 : explain SELECT k, c FROM sbtest7 WHERE k BETWEEN 5644186 AND 5644286
	Bitmap Heap Scan on sbtest7  (cost=5.49..413.34 rows=103 width=125)
	  Recheck Cond: ((k >= 5644186) AND (k <= 5644286))
	  ->  Bitmap Index Scan on k_7  (cost=0.00..5.46 rows=103 width=0)
	        Index Cond: ((k >= 5644186) AND (k <= 5644286))

table 8 : explain SELECT k, c FROM sbtest8 WHERE k BETWEEN 5644186 AND 5644286
	Bitmap Heap Scan on sbtest8  (cost=5.57..444.89 rows=111 width=125)
	  Recheck Cond: ((k >= 5644186) AND (k <= 5644286))
	  ->  Bitmap Index Scan on k_8  (cost=0.00..5.54 rows=111 width=0)
	        Index Cond: ((k >= 5644186) AND (k <= 5644286))

for range-notcovered
table 1 : explain SELECT k, c FROM sbtest1 WHERE k BETWEEN 9039001 AND 9039101
	Bitmap Heap Scan on sbtest1  (cost=5.53..429.12 rows=107 width=125)
	  Recheck Cond: ((k >= 9039001) AND (k <= 9039101))
	  ->  Bitmap Index Scan on k_1  (cost=0.00..5.50 rows=107 width=0)
	        Index Cond: ((k >= 9039001) AND (k <= 9039101))

table 2 : explain SELECT k, c FROM sbtest2 WHERE k BETWEEN 9039001 AND 9039101
	Bitmap Heap Scan on sbtest2  (cost=5.53..429.14 rows=107 width=125)
	  Recheck Cond: ((k >= 9039001) AND (k <= 9039101))
	  ->  Bitmap Index Scan on k_2  (cost=0.00..5.50 rows=107 width=0)
	        Index Cond: ((k >= 9039001) AND (k <= 9039101))

table 3 : explain SELECT k, c FROM sbtest3 WHERE k BETWEEN 9039001 AND 9039101
	Bitmap Heap Scan on sbtest3  (cost=5.52..425.21 rows=106 width=125)
	  Recheck Cond: ((k >= 9039001) AND (k <= 9039101))
	  ->  Bitmap Index Scan on k_3  (cost=0.00..5.50 rows=106 width=0)
	        Index Cond: ((k >= 9039001) AND (k <= 9039101))

table 4 : explain SELECT k, c FROM sbtest4 WHERE k BETWEEN 9039001 AND 9039101
	Bitmap Heap Scan on sbtest4  (cost=5.42..385.97 rows=96 width=125)
	  Recheck Cond: ((k >= 9039001) AND (k <= 9039101))
	  ->  Bitmap Index Scan on k_4  (cost=0.00..5.39 rows=96 width=0)
	        Index Cond: ((k >= 9039001) AND (k <= 9039101))

table 5 : explain SELECT k, c FROM sbtest5 WHERE k BETWEEN 9039001 AND 9039101
	Bitmap Heap Scan on sbtest5  (cost=5.52..425.44 rows=106 width=125)
	  Recheck Cond: ((k >= 9039001) AND (k <= 9039101))
	  ->  Bitmap Index Scan on k_5  (cost=0.00..5.50 rows=106 width=0)
	        Index Cond: ((k >= 9039001) AND (k <= 9039101))

table 6 : explain SELECT k, c FROM sbtest6 WHERE k BETWEEN 9039001 AND 9039101
	Bitmap Heap Scan on sbtest6  (cost=5.45..397.63 rows=99 width=125)
	  Recheck Cond: ((k >= 9039001) AND (k <= 9039101))
	  ->  Bitmap Index Scan on k_6  (cost=0.00..5.42 rows=99 width=0)
	        Index Cond: ((k >= 9039001) AND (k <= 9039101))

table 7 : explain SELECT k, c FROM sbtest7 WHERE k BETWEEN 9039001 AND 9039101
	Bitmap Heap Scan on sbtest7  (cost=5.52..425.16 rows=106 width=125)
	  Recheck Cond: ((k >= 9039001) AND (k <= 9039101))
	  ->  Bitmap Index Scan on k_7  (cost=0.00..5.50 rows=106 width=0)
	        Index Cond: ((k >= 9039001) AND (k <= 9039101))

table 8 : explain SELECT k, c FROM sbtest8 WHERE k BETWEEN 9039001 AND 9039101
	Bitmap Heap Scan on sbtest8  (cost=5.46..401.53 rows=100 width=125)
	  Recheck Cond: ((k >= 9039001) AND (k <= 9039101))
	  ->  Bitmap Index Scan on k_8  (cost=0.00..5.43 rows=100 width=0)
	        Index Cond: ((k >= 9039001) AND (k <= 9039101))


explain: for range-notcovered :: explain SELECT k, c FROM sbtest%d WHERE k BETWEEN 8172398 AND 8172498
for range-notcovered
table 1 : explain SELECT k, c FROM sbtest1 WHERE k BETWEEN 7876412 AND 7876512
	Bitmap Heap Scan on sbtest1  (cost=5.42..385.74 rows=96 width=125)
	  Recheck Cond: ((k >= 7876412) AND (k <= 7876512))
	  ->  Bitmap Index Scan on k_1  (cost=0.00..5.39 rows=96 width=0)
	        Index Cond: ((k >= 7876412) AND (k <= 7876512))

table 2 : explain SELECT k, c FROM sbtest2 WHERE k BETWEEN 7876412 AND 7876512
	Bitmap Heap Scan on sbtest2  (cost=5.48..409.43 rows=102 width=125)
	  Recheck Cond: ((k >= 7876412) AND (k <= 7876512))
	  ->  Bitmap Index Scan on k_2  (cost=0.00..5.45 rows=102 width=0)
	        Index Cond: ((k >= 7876412) AND (k <= 7876512))

table 3 : explain SELECT k, c FROM sbtest3 WHERE k BETWEEN 7876412 AND 7876512
	Bitmap Heap Scan on sbtest3  (cost=5.44..393.66 rows=98 width=125)
	  Recheck Cond: ((k >= 7876412) AND (k <= 7876512))
	  ->  Bitmap Index Scan on k_3  (cost=0.00..5.42 rows=98 width=0)
	        Index Cond: ((k >= 7876412) AND (k <= 7876512))

table 4 : explain SELECT k, c FROM sbtest4 WHERE k BETWEEN 7876412 AND 7876512
	Bitmap Heap Scan on sbtest4  (cost=5.49..413.60 rows=103 width=125)
	  Recheck Cond: ((k >= 7876412) AND (k <= 7876512))
	  ->  Bitmap Index Scan on k_4  (cost=0.00..5.46 rows=103 width=0)
	        Index Cond: ((k >= 7876412) AND (k <= 7876512))

table 5 : explain SELECT k, c FROM sbtest5 WHERE k BETWEEN 7876412 AND 7876512
	Bitmap Heap Scan on sbtest5  (cost=5.62..464.87 rows=116 width=125)
	  Recheck Cond: ((k >= 7876412) AND (k <= 7876512))
	  ->  Bitmap Index Scan on k_5  (cost=0.00..5.59 rows=116 width=0)
	        Index Cond: ((k >= 7876412) AND (k <= 7876512))

table 6 : explain SELECT k, c FROM sbtest6 WHERE k BETWEEN 7876412 AND 7876512
	Bitmap Heap Scan on sbtest6  (cost=5.51..421.29 rows=105 width=125)
	  Recheck Cond: ((k >= 7876412) AND (k <= 7876512))
	  ->  Bitmap Index Scan on k_6  (cost=0.00..5.48 rows=105 width=0)
	        Index Cond: ((k >= 7876412) AND (k <= 7876512))

table 7 : explain SELECT k, c FROM sbtest7 WHERE k BETWEEN 7876412 AND 7876512
	Bitmap Heap Scan on sbtest7  (cost=5.54..433.05 rows=108 width=125)
	  Recheck Cond: ((k >= 7876412) AND (k <= 7876512))
	  ->  Bitmap Index Scan on k_7  (cost=0.00..5.51 rows=108 width=0)
	        Index Cond: ((k >= 7876412) AND (k <= 7876512))

table 8 : explain SELECT k, c FROM sbtest8 WHERE k BETWEEN 7876412 AND 7876512
	Bitmap Heap Scan on sbtest8  (cost=5.59..452.77 rows=113 width=125)
	  Recheck Cond: ((k >= 7876412) AND (k <= 7876512))
	  ->  Bitmap Index Scan on k_8  (cost=0.00..5.56 rows=113 width=0)
	        Index Cond: ((k >= 7876412) AND (k <= 7876512))
for range-notcovered
table 1 : explain SELECT k, c FROM sbtest1 WHERE k BETWEEN 6059499 AND 6059599
	Bitmap Heap Scan on sbtest1  (cost=5.42..385.74 rows=96 width=125)
	  Recheck Cond: ((k >= 6059499) AND (k <= 6059599))
	  ->  Bitmap Index Scan on k_1  (cost=0.00..5.39 rows=96 width=0)
	        Index Cond: ((k >= 6059499) AND (k <= 6059599))

table 2 : explain SELECT k, c FROM sbtest2 WHERE k BETWEEN 6059499 AND 6059599
	Bitmap Heap Scan on sbtest2  (cost=5.43..389.70 rows=97 width=125)
	  Recheck Cond: ((k >= 6059499) AND (k <= 6059599))
	  ->  Bitmap Index Scan on k_2  (cost=0.00..5.40 rows=97 width=0)
	        Index Cond: ((k >= 6059499) AND (k <= 6059599))

table 3 : explain SELECT k, c FROM sbtest3 WHERE k BETWEEN 6059499 AND 6059599
	Bitmap Heap Scan on sbtest3  (cost=5.50..417.32 rows=104 width=125)
	  Recheck Cond: ((k >= 6059499) AND (k <= 6059599))
	  ->  Bitmap Index Scan on k_3  (cost=0.00..5.47 rows=104 width=0)
	        Index Cond: ((k >= 6059499) AND (k <= 6059599))

table 4 : explain SELECT k, c FROM sbtest4 WHERE k BETWEEN 6059499 AND 6059599
	Bitmap Heap Scan on sbtest4  (cost=5.48..409.66 rows=102 width=125)
	  Recheck Cond: ((k >= 6059499) AND (k <= 6059599))
	  ->  Bitmap Index Scan on k_4  (cost=0.00..5.45 rows=102 width=0)
	        Index Cond: ((k >= 6059499) AND (k <= 6059599))

table 5 : explain SELECT k, c FROM sbtest5 WHERE k BETWEEN 6059499 AND 6059599
	Bitmap Heap Scan on sbtest5  (cost=5.57..445.16 rows=111 width=125)
	  Recheck Cond: ((k >= 6059499) AND (k <= 6059599))
	  ->  Bitmap Index Scan on k_5  (cost=0.00..5.54 rows=111 width=0)
	        Index Cond: ((k >= 6059499) AND (k <= 6059599))

table 6 : explain SELECT k, c FROM sbtest6 WHERE k BETWEEN 6059499 AND 6059599
	Bitmap Heap Scan on sbtest6  (cost=5.56..441.00 rows=110 width=125)
	  Recheck Cond: ((k >= 6059499) AND (k <= 6059599))
	  ->  Bitmap Index Scan on k_6  (cost=0.00..5.53 rows=110 width=0)
	        Index Cond: ((k >= 6059499) AND (k <= 6059599))

table 7 : explain SELECT k, c FROM sbtest7 WHERE k BETWEEN 6059499 AND 6059599
	Bitmap Heap Scan on sbtest7  (cost=5.50..417.28 rows=104 width=125)
	  Recheck Cond: ((k >= 6059499) AND (k <= 6059599))
	  ->  Bitmap Index Scan on k_7  (cost=0.00..5.47 rows=104 width=0)
	        Index Cond: ((k >= 6059499) AND (k <= 6059599))

table 8 : explain SELECT k, c FROM sbtest8 WHERE k BETWEEN 6059499 AND 6059599
	Bitmap Heap Scan on sbtest8  (cost=5.45..397.59 rows=99 width=125)
	  Recheck Cond: ((k >= 6059499) AND (k <= 6059599))
	  ->  Bitmap Index Scan on k_8  (cost=0.00..5.42 rows=99 width=0)
	        Index Cond: ((k >= 6059499) AND (k <= 6059599))

explain: for range-notcovered :: explain SELECT k, c FROM sbtest%d WHERE k BETWEEN 4813597 AND 4813697explain: for range-notcovered :: explain SELECT k, c FROM sbtest%d WHERE k BETWEEN 1363981 AND 1364081

explain: for range-notcovered :: explain SELECT k, c FROM sbtest%d WHERE k BETWEEN 2295299 AND 2295399
explain: for range-notcovered :: explain SELECT k, c FROM sbtest%d WHERE k BETWEEN 9039001 AND 9039101

for range-notcovered
table 1 : explain SELECT k, c FROM sbtest1 WHERE k BETWEEN 5928016 AND 5928116
	Bitmap Heap Scan on sbtest1  (cost=5.41..381.80 rows=95 width=125)
	  Recheck Cond: ((k >= 5928016) AND (k <= 5928116))
	  ->  Bitmap Index Scan on k_1  (cost=0.00..5.38 rows=95 width=0)
	        Index Cond: ((k >= 5928016) AND (k <= 5928116))

table 2 : explain SELECT k, c FROM sbtest2 WHERE k BETWEEN 5928016 AND 5928116
	Bitmap Heap Scan on sbtest2  (cost=5.36..362.08 rows=90 width=125)
	  Recheck Cond: ((k >= 5928016) AND (k <= 5928116))
	  ->  Bitmap Index Scan on k_2  (cost=0.00..5.33 rows=90 width=0)
	        Index Cond: ((k >= 5928016) AND (k <= 5928116))

table 3 : explain SELECT k, c FROM sbtest3 WHERE k BETWEEN 5928016 AND 5928116
	Bitmap Heap Scan on sbtest3  (cost=5.52..425.21 rows=106 width=125)
	  Recheck Cond: ((k >= 5928016) AND (k <= 5928116))
	  ->  Bitmap Index Scan on k_3  (cost=0.00..5.50 rows=106 width=0)
	        Index Cond: ((k >= 5928016) AND (k <= 5928116))

table 4 : explain SELECT k, c FROM sbtest4 WHERE k BETWEEN 5928016 AND 5928116
	Bitmap Heap Scan on sbtest4  (cost=5.51..421.50 rows=105 width=125)
	  Recheck Cond: ((k >= 5928016) AND (k <= 5928116))
	  ->  Bitmap Index Scan on k_4  (cost=0.00..5.48 rows=105 width=0)
	        Index Cond: ((k >= 5928016) AND (k <= 5928116))

table 5 : explain SELECT k, c FROM sbtest5 WHERE k BETWEEN 5928016 AND 5928116
	Bitmap Heap Scan on sbtest5  (cost=5.41..382.02 rows=95 width=125)
	  Recheck Cond: ((k >= 5928016) AND (k <= 5928116))
	  ->  Bitmap Index Scan on k_5  (cost=0.00..5.38 rows=95 width=0)
	        Index Cond: ((k >= 5928016) AND (k <= 5928116))

table 6 : explain SELECT k, c FROM sbtest6 WHERE k BETWEEN 5928016 AND 5928116
	Bitmap Heap Scan on sbtest6  (cost=5.56..441.00 rows=110 width=125)
	  Recheck Cond: ((k >= 5928016) AND (k <= 5928116))
	  ->  Bitmap Index Scan on k_6  (cost=0.00..5.53 rows=110 width=0)
	        Index Cond: ((k >= 5928016) AND (k <= 5928116))

table 7 : explain SELECT k, c FROM sbtest7 WHERE k BETWEEN 5928016 AND 5928116
	Bitmap Heap Scan on sbtest7  (cost=5.45..397.57 rows=99 width=125)
	  Recheck Cond: ((k >= 5928016) AND (k <= 5928116))
	  ->  Bitmap Index Scan on k_7  (cost=0.00..5.42 rows=99 width=0)
	        Index Cond: ((k >= 5928016) AND (k <= 5928116))

table 8 : explain SELECT k, c FROM sbtest8 WHERE k BETWEEN 5928016 AND 5928116
	Bitmap Heap Scan on sbtest8  (cost=5.53..429.13 rows=107 width=125)
	  Recheck Cond: ((k >= 5928016) AND (k <= 5928116))
	  ->  Bitmap Index Scan on k_8  (cost=0.00..5.50 rows=107 width=0)
	        Index Cond: ((k >= 5928016) AND (k <= 5928116))


for range-notcovered
table 1 : explain SELECT k, c FROM sbtest1 WHERE k BETWEEN 499318 AND 499418
	Bitmap Heap Scan on sbtest1  (cost=5.50..417.29 rows=104 width=125)
	  Recheck Cond: ((k >= 499318) AND (k <= 499418))
	  ->  Bitmap Index Scan on k_1  (cost=0.00..5.47 rows=104 width=0)
	        Index Cond: ((k >= 499318) AND (k <= 499418))

table 2 : explain SELECT k, c FROM sbtest2 WHERE k BETWEEN 499318 AND 499418
	Bitmap Heap Scan on sbtest2  (cost=5.59..452.78 rows=113 width=125)
	  Recheck Cond: ((k >= 499318) AND (k <= 499418))
	  ->  Bitmap Index Scan on k_2  (cost=0.00..5.56 rows=113 width=0)
	        Index Cond: ((k >= 499318) AND (k <= 499418))

table 3 : explain SELECT k, c FROM sbtest3 WHERE k BETWEEN 499318 AND 499418
	Bitmap Heap Scan on sbtest3  (cost=5.44..393.66 rows=98 width=125)
	  Recheck Cond: ((k >= 499318) AND (k <= 499418))
	  ->  Bitmap Index Scan on k_3  (cost=0.00..5.42 rows=98 width=0)
	        Index Cond: ((k >= 499318) AND (k <= 499418))

table 4 : explain SELECT k, c FROM sbtest4 WHERE k BETWEEN 499318 AND 499418
	Bitmap Heap Scan on sbtest4  (cost=5.47..405.71 rows=101 width=125)
	  Recheck Cond: ((k >= 499318) AND (k <= 499418))
	  ->  Bitmap Index Scan on k_4  (cost=0.00..5.44 rows=101 width=0)
	        Index Cond: ((k >= 499318) AND (k <= 499418))

table 5 : explain SELECT k, c FROM sbtest5 WHERE k BETWEEN 499318 AND 499418
	Bitmap Heap Scan on sbtest5  (cost=5.38..370.17 rows=92 width=125)
	  Recheck Cond: ((k >= 499318) AND (k <= 499418))
	  ->  Bitmap Index Scan on k_5  (cost=0.00..5.35 rows=92 width=0)
	        Index Cond: ((k >= 499318) AND (k <= 499418))

table 6 : explain SELECT k, c FROM sbtest6 WHERE k BETWEEN 499318 AND 499418
	Bitmap Heap Scan on sbtest6  (cost=5.57..444.94 rows=111 width=125)
	  Recheck Cond: ((k >= 499318) AND (k <= 499418))
	  ->  Bitmap Index Scan on k_6  (cost=0.00..5.54 rows=111 width=0)
	        Index Cond: ((k >= 499318) AND (k <= 499418))

table 7 : explain SELECT k, c FROM sbtest7 WHERE k BETWEEN 499318 AND 499418
	Bitmap Heap Scan on sbtest7  (cost=5.42..385.73 rows=96 width=125)
	  Recheck Cond: ((k >= 499318) AND (k <= 499418))
	  ->  Bitmap Index Scan on k_7  (cost=0.00..5.39 rows=96 width=0)
	        Index Cond: ((k >= 499318) AND (k <= 499418))

table 8 : explain SELECT k, c FROM sbtest8 WHERE k BETWEEN 499318 AND 499418
	Bitmap Heap Scan on sbtest8  (cost=5.50..417.31 rows=104 width=125)
	  Recheck Cond: ((k >= 499318) AND (k <= 499418))
	  ->  Bitmap Index Scan on k_8  (cost=0.00..5.47 rows=104 width=0)
	        Index Cond: ((k >= 499318) AND (k <= 499418))

explain: for range-notcovered :: explain SELECT k, c FROM sbtest%d WHERE k BETWEEN 6206397 AND 6206497
for range-notcovered
table 1 : explain SELECT k, c FROM sbtest1 WHERE k BETWEEN 5712429 AND 5712529
	Bitmap Heap Scan on sbtest1  (cost=5.52..425.18 rows=106 width=125)
	  Recheck Cond: ((k >= 5712429) AND (k <= 5712529))
	  ->  Bitmap Index Scan on k_1  (cost=0.00..5.50 rows=106 width=0)
	        Index Cond: ((k >= 5712429) AND (k <= 5712529))

table 2 : explain SELECT k, c FROM sbtest2 WHERE k BETWEEN 5712429 AND 5712529
	Bitmap Heap Scan on sbtest2  (cost=5.47..405.48 rows=101 width=125)
	  Recheck Cond: ((k >= 5712429) AND (k <= 5712529))
	  ->  Bitmap Index Scan on k_2  (cost=0.00..5.44 rows=101 width=0)
	        Index Cond: ((k >= 5712429) AND (k <= 5712529))

table 3 : explain SELECT k, c FROM sbtest3 WHERE k BETWEEN 5712429 AND 5712529
	Bitmap Heap Scan on sbtest3  (cost=5.50..417.32 rows=104 width=125)
	  Recheck Cond: ((k >= 5712429) AND (k <= 5712529))
	  ->  Bitmap Index Scan on k_3  (cost=0.00..5.47 rows=104 width=0)
	        Index Cond: ((k >= 5712429) AND (k <= 5712529))

table 4 : explain SELECT k, c FROM sbtest4 WHERE k BETWEEN 5712429 AND 5712529
	Bitmap Heap Scan on sbtest4  (cost=5.48..409.66 rows=102 width=125)
	  Recheck Cond: ((k >= 5712429) AND (k <= 5712529))
	  ->  Bitmap Index Scan on k_4  (cost=0.00..5.45 rows=102 width=0)
	        Index Cond: ((k >= 5712429) AND (k <= 5712529))

table 5 : explain SELECT k, c FROM sbtest5 WHERE k BETWEEN 5712429 AND 5712529
	Bitmap Heap Scan on sbtest5  (cost=5.37..366.22 rows=91 width=125)
	  Recheck Cond: ((k >= 5712429) AND (k <= 5712529))
	  ->  Bitmap Index Scan on k_5  (cost=0.00..5.34 rows=91 width=0)
	        Index Cond: ((k >= 5712429) AND (k <= 5712529))

table 6 : explain SELECT k, c FROM sbtest6 WHERE k BETWEEN 5712429 AND 5712529
	Bitmap Heap Scan on sbtest6  (cost=5.50..417.35 rows=104 width=125)
	  Recheck Cond: ((k >= 5712429) AND (k <= 5712529))
	  ->  Bitmap Index Scan on k_6  (cost=0.00..5.47 rows=104 width=0)
	        Index Cond: ((k >= 5712429) AND (k <= 5712529))

table 7 : explain SELECT k, c FROM sbtest7 WHERE k BETWEEN 5712429 AND 5712529
	Bitmap Heap Scan on sbtest7  (cost=5.49..413.34 rows=103 width=125)
	  Recheck Cond: ((k >= 5712429) AND (k <= 5712529))
	  ->  Bitmap Index Scan on k_7  (cost=0.00..5.46 rows=103 width=0)
	        Index Cond: ((k >= 5712429) AND (k <= 5712529))

table 8 : explain SELECT k, c FROM sbtest8 WHERE k BETWEEN 5712429 AND 5712529
	Bitmap Heap Scan on sbtest8  (cost=5.50..417.31 rows=104 width=125)
	  Recheck Cond: ((k >= 5712429) AND (k <= 5712529))
	  ->  Bitmap Index Scan on k_8  (cost=0.00..5.47 rows=104 width=0)
	        Index Cond: ((k >= 5712429) AND (k <= 5712529))

explain: for range-notcovered :: explain SELECT k, c FROM sbtest%d WHERE k BETWEEN 5706738 AND 5706838
explain: for range-notcovered :: explain SELECT k, c FROM sbtest%d WHERE k BETWEEN 4686524 AND 4686624
for range-notcovered
table 1 : explain SELECT k, c FROM sbtest1 WHERE k BETWEEN 397393 AND 397493
	Bitmap Heap Scan on sbtest1  (cost=5.44..393.63 rows=98 width=125)
	  Recheck Cond: ((k >= 397393) AND (k <= 397493))
	  ->  Bitmap Index Scan on k_1  (cost=0.00..5.42 rows=98 width=0)
	        Index Cond: ((k >= 397393) AND (k <= 397493))

table 2 : explain SELECT k, c FROM sbtest2 WHERE k BETWEEN 397393 AND 397493
	Bitmap Heap Scan on sbtest2  (cost=5.52..425.19 rows=106 width=125)
	  Recheck Cond: ((k >= 397393) AND (k <= 397493))
	  ->  Bitmap Index Scan on k_2  (cost=0.00..5.50 rows=106 width=0)
	        Index Cond: ((k >= 397393) AND (k <= 397493))

table 3 : explain SELECT k, c FROM sbtest3 WHERE k BETWEEN 397393 AND 397493
	Bitmap Heap Scan on sbtest3  (cost=5.35..358.14 rows=89 width=125)
	  Recheck Cond: ((k >= 397393) AND (k <= 397493))
	  ->  Bitmap Index Scan on k_3  (cost=0.00..5.32 rows=89 width=0)
	        Index Cond: ((k >= 397393) AND (k <= 397493))

table 4 : explain SELECT k, c FROM sbtest4 WHERE k BETWEEN 397393 AND 397493
	Bitmap Heap Scan on sbtest4  (cost=5.40..378.07 rows=94 width=125)
	  Recheck Cond: ((k >= 397393) AND (k <= 397493))
	  ->  Bitmap Index Scan on k_4  (cost=0.00..5.38 rows=94 width=0)
	        Index Cond: ((k >= 397393) AND (k <= 397493))

table 5 : explain SELECT k, c FROM sbtest5 WHERE k BETWEEN 397393 AND 397493
	Bitmap Heap Scan on sbtest5  (cost=5.42..385.97 rows=96 width=125)
	  Recheck Cond: ((k >= 397393) AND (k <= 397493))
	  ->  Bitmap Index Scan on k_5  (cost=0.00..5.39 rows=96 width=0)
	        Index Cond: ((k >= 397393) AND (k <= 397493))

table 6 : explain SELECT k, c FROM sbtest6 WHERE k BETWEEN 397393 AND 397493
	Bitmap Heap Scan on sbtest6  (cost=5.56..441.00 rows=110 width=125)
	  Recheck Cond: ((k >= 397393) AND (k <= 397493))
	  ->  Bitmap Index Scan on k_6  (cost=0.00..5.53 rows=110 width=0)
	        Index Cond: ((k >= 397393) AND (k <= 397493))

table 7 : explain SELECT k, c FROM sbtest7 WHERE k BETWEEN 397393 AND 397493
	Bitmap Heap Scan on sbtest7  (cost=5.46..401.51 rows=100 width=125)
	  Recheck Cond: ((k >= 397393) AND (k <= 397493))
	  ->  Bitmap Index Scan on k_7  (cost=0.00..5.43 rows=100 width=0)
	        Index Cond: ((k >= 397393) AND (k <= 397493))

table 8 : explain SELECT k, c FROM sbtest8 WHERE k BETWEEN 397393 AND 397493
	Bitmap Heap Scan on sbtest8  (cost=5.43..389.70 rows=97 width=125)
	  Recheck Cond: ((k >= 397393) AND (k <= 397493))
	  ->  Bitmap Index Scan on k_8  (cost=0.00..5.40 rows=97 width=0)
	        Index Cond: ((k >= 397393) AND (k <= 397493))
explain: for range-notcovered :: explain SELECT k, c FROM sbtest%d WHERE k BETWEEN 7876412 AND 7876512explain: for range-notcovered :: explain SELECT k, c FROM sbtest%d WHERE k BETWEEN 5928016 AND 5928116for range-notcovered
table 1 : explain SELECT k, c FROM sbtest1 WHERE k BETWEEN 576376 AND 576476
	Bitmap Heap Scan on sbtest1  (cost=5.44..393.63 rows=98 width=125)
	  Recheck Cond: ((k >= 576376) AND (k <= 576476))
	  ->  Bitmap Index Scan on k_1  (cost=0.00..5.42 rows=98 width=0)
	        Index Cond: ((k >= 576376) AND (k <= 576476))

table 2 : explain SELECT k, c FROM sbtest2 WHERE k BETWEEN 576376 AND 576476
	Bitmap Heap Scan on sbtest2  (cost=5.42..385.76 rows=96 width=125)
	  Recheck Cond: ((k >= 576376) AND (k <= 576476))
	  ->  Bitmap Index Scan on k_2  (cost=0.00..5.39 rows=96 width=0)
	        Index Cond: ((k >= 576376) AND (k <= 576476))

table 3 : explain SELECT k, c FROM sbtest3 WHERE k BETWEEN 576376 AND 576476
	Bitmap Heap Scan on sbtest3  (cost=5.44..393.66 rows=98 width=125)
	  Recheck Cond: ((k >= 576376) AND (k <= 576476))
	  ->  Bitmap Index Scan on k_3  (cost=0.00..5.42 rows=98 width=0)
	        Index Cond: ((k >= 576376) AND (k <= 576476))

table 4 : explain SELECT k, c FROM sbtest4 WHERE k BETWEEN 576376 AND 576476
	Bitmap Heap Scan on sbtest4  (cost=5.45..397.82 rows=99 width=125)
	  Recheck Cond: ((k >= 576376) AND (k <= 576476))
	  ->  Bitmap Index Scan on k_4  (cost=0.00..5.42 rows=99 width=0)
	        Index Cond: ((k >= 576376) AND (k <= 576476))

table 5 : explain SELECT k, c FROM sbtest5 WHERE k BETWEEN 576376 AND 576476
	Bitmap Heap Scan on sbtest5  (cost=5.45..397.82 rows=99 width=125)
	  Recheck Cond: ((k >= 576376) AND (k <= 576476))
	  ->  Bitmap Index Scan on k_5  (cost=0.00..5.42 rows=99 width=0)
	        Index Cond: ((k >= 576376) AND (k <= 576476))

table 6 : explain SELECT k, c FROM sbtest6 WHERE k BETWEEN 576376 AND 576476
	Bitmap Heap Scan on sbtest6  (cost=5.57..444.94 rows=111 width=125)
	  Recheck Cond: ((k >= 576376) AND (k <= 576476))
	  ->  Bitmap Index Scan on k_6  (cost=0.00..5.54 rows=111 width=0)
	        Index Cond: ((k >= 576376) AND (k <= 576476))

table 7 : explain SELECT k, c FROM sbtest7 WHERE k BETWEEN 576376 AND 576476
	Bitmap Heap Scan on sbtest7  (cost=5.42..385.73 rows=96 width=125)
	  Recheck Cond: ((k >= 576376) AND (k <= 576476))
	  ->  Bitmap Index Scan on k_7  (cost=0.00..5.39 rows=96 width=0)
	        Index Cond: ((k >= 576376) AND (k <= 576476))

table 8 : explain SELECT k, c FROM sbtest8 WHERE k BETWEEN 576376 AND 576476
	Bitmap Heap Scan on sbtest8  (cost=5.54..433.07 rows=108 width=125)
	  Recheck Cond: ((k >= 576376) AND (k <= 576476))
	  ->  Bitmap Index Scan on k_8  (cost=0.00..5.51 rows=108 width=0)
	        Index Cond: ((k >= 576376) AND (k <= 576476))

for range-notcovered
table 1 : explain SELECT k, c FROM sbtest1 WHERE k BETWEEN 8547191 AND 8547291
	Bitmap Heap Scan on sbtest1  (cost=5.42..385.74 rows=96 width=125)
	  Recheck Cond: ((k >= 8547191) AND (k <= 8547291))
	  ->  Bitmap Index Scan on k_1  (cost=0.00..5.39 rows=96 width=0)
	        Index Cond: ((k >= 8547191) AND (k <= 8547291))

table 2 : explain SELECT k, c FROM sbtest2 WHERE k BETWEEN 8547191 AND 8547291
	Bitmap Heap Scan on sbtest2  (cost=5.43..389.70 rows=97 width=125)
	  Recheck Cond: ((k >= 8547191) AND (k <= 8547291))
	  ->  Bitmap Index Scan on k_2  (cost=0.00..5.40 rows=97 width=0)
	        Index Cond: ((k >= 8547191) AND (k <= 8547291))

table 3 : explain SELECT k, c FROM sbtest3 WHERE k BETWEEN 8547191 AND 8547291
	Bitmap Heap Scan on sbtest3  (cost=5.46..401.55 rows=100 width=125)
	  Recheck Cond: ((k >= 8547191) AND (k <= 8547291))
	  ->  Bitmap Index Scan on k_3  (cost=0.00..5.43 rows=100 width=0)
	        Index Cond: ((k >= 8547191) AND (k <= 8547291))

table 4 : explain SELECT k, c FROM sbtest4 WHERE k BETWEEN 8547191 AND 8547291
	Bitmap Heap Scan on sbtest4  (cost=5.51..421.50 rows=105 width=125)
	  Recheck Cond: ((k >= 8547191) AND (k <= 8547291))
	  ->  Bitmap Index Scan on k_4  (cost=0.00..5.48 rows=105 width=0)
	        Index Cond: ((k >= 8547191) AND (k <= 8547291))

table 5 : explain SELECT k, c FROM sbtest5 WHERE k BETWEEN 8547191 AND 8547291
	Bitmap Heap Scan on sbtest5  (cost=5.58..449.11 rows=112 width=125)
	  Recheck Cond: ((k >= 8547191) AND (k <= 8547291))
	  ->  Bitmap Index Scan on k_5  (cost=0.00..5.55 rows=112 width=0)
	        Index Cond: ((k >= 8547191) AND (k <= 8547291))

table 6 : explain SELECT k, c FROM sbtest6 WHERE k BETWEEN 8547191 AND 8547291
	Bitmap Heap Scan on sbtest6  (cost=5.45..397.63 rows=99 width=125)
	  Recheck Cond: ((k >= 8547191) AND (k <= 8547291))
	  ->  Bitmap Index Scan on k_6  (cost=0.00..5.42 rows=99 width=0)
	        Index Cond: ((k >= 8547191) AND (k <= 8547291))

table 7 : explain SELECT k, c FROM sbtest7 WHERE k BETWEEN 8547191 AND 8547291
	Bitmap Heap Scan on sbtest7  (cost=5.47..405.45 rows=101 width=125)
	  Recheck Cond: ((k >= 8547191) AND (k <= 8547291))
	  ->  Bitmap Index Scan on k_7  (cost=0.00..5.44 rows=101 width=0)
	        Index Cond: ((k >= 8547191) AND (k <= 8547291))

table 8 : explain SELECT k, c FROM sbtest8 WHERE k BETWEEN 8547191 AND 8547291
	Bitmap Heap Scan on sbtest8  (cost=5.47..405.48 rows=101 width=125)
	  Recheck Cond: ((k >= 8547191) AND (k <= 8547291))
	  ->  Bitmap Index Scan on k_8  (cost=0.00..5.44 rows=101 width=0)
	        Index Cond: ((k >= 8547191) AND (k <= 8547291))

explain: for range-notcovered :: explain SELECT k, c FROM sbtest%d WHERE k BETWEEN 5644186 AND 5644286
for range-notcovered
table 1 : explain SELECT k, c FROM sbtest1 WHERE k BETWEEN 4324418 AND 4324518
	Bitmap Heap Scan on sbtest1  (cost=5.46..401.52 rows=100 width=125)
	  Recheck Cond: ((k >= 4324418) AND (k <= 4324518))
	  ->  Bitmap Index Scan on k_1  (cost=0.00..5.43 rows=100 width=0)
	        Index Cond: ((k >= 4324418) AND (k <= 4324518))

table 2 : explain SELECT k, c FROM sbtest2 WHERE k BETWEEN 4324418 AND 4324518
	Bitmap Heap Scan on sbtest2  (cost=5.55..437.02 rows=109 width=125)
	  Recheck Cond: ((k >= 4324418) AND (k <= 4324518))
	  ->  Bitmap Index Scan on k_2  (cost=0.00..5.52 rows=109 width=0)
	        Index Cond: ((k >= 4324418) AND (k <= 4324518))

table 3 : explain SELECT k, c FROM sbtest3 WHERE k BETWEEN 4324418 AND 4324518
	Bitmap Heap Scan on sbtest3  (cost=5.51..421.27 rows=105 width=125)
	  Recheck Cond: ((k >= 4324418) AND (k <= 4324518))
	  ->  Bitmap Index Scan on k_3  (cost=0.00..5.48 rows=105 width=0)
	        Index Cond: ((k >= 4324418) AND (k <= 4324518))

table 4 : explain SELECT k, c FROM sbtest4 WHERE k BETWEEN 4324418 AND 4324518
	Bitmap Heap Scan on sbtest4  (cost=5.52..425.44 rows=106 width=125)
	  Recheck Cond: ((k >= 4324418) AND (k <= 4324518))
	  ->  Bitmap Index Scan on k_4  (cost=0.00..5.50 rows=106 width=0)
	        Index Cond: ((k >= 4324418) AND (k <= 4324518))

table 5 : explain SELECT k, c FROM sbtest5 WHERE k BETWEEN 4324418 AND 4324518
	Bitmap Heap Scan on sbtest5  (cost=5.43..389.92 rows=97 width=125)
	  Recheck Cond: ((k >= 4324418) AND (k <= 4324518))
	  ->  Bitmap Index Scan on k_5  (cost=0.00..5.40 rows=97 width=0)
	        Index Cond: ((k >= 4324418) AND (k <= 4324518))

table 6 : explain SELECT k, c FROM sbtest6 WHERE k BETWEEN 4324418 AND 4324518
	Bitmap Heap Scan on sbtest6  (cost=5.49..413.40 rows=103 width=125)
	  Recheck Cond: ((k >= 4324418) AND (k <= 4324518))
	  ->  Bitmap Index Scan on k_6  (cost=0.00..5.46 rows=103 width=0)
	        Index Cond: ((k >= 4324418) AND (k <= 4324518))

table 7 : explain SELECT k, c FROM sbtest7 WHERE k BETWEEN 4324418 AND 4324518
	Bitmap Heap Scan on sbtest7  (cost=5.34..354.16 rows=88 width=125)
	  Recheck Cond: ((k >= 4324418) AND (k <= 4324518))
	  ->  Bitmap Index Scan on k_7  (cost=0.00..5.31 rows=88 width=0)
	        Index Cond: ((k >= 4324418) AND (k <= 4324518))

table 8 : explain SELECT k, c FROM sbtest8 WHERE k BETWEEN 4324418 AND 4324518
	Bitmap Heap Scan on sbtest8  (cost=5.52..425.19 rows=106 width=125)
	  Recheck Cond: ((k >= 4324418) AND (k <= 4324518))
	  ->  Bitmap Index Scan on k_8  (cost=0.00..5.50 rows=106 width=0)
	        Index Cond: ((k >= 4324418) AND (k <= 4324518))
for range-notcovered
table 1 : explain SELECT k, c FROM sbtest1 WHERE k BETWEEN 8312725 AND 8312825
	Bitmap Heap Scan on sbtest1  (cost=5.52..425.18 rows=106 width=125)
	  Recheck Cond: ((k >= 8312725) AND (k <= 8312825))
	  ->  Bitmap Index Scan on k_1  (cost=0.00..5.50 rows=106 width=0)
	        Index Cond: ((k >= 8312725) AND (k <= 8312825))

table 2 : explain SELECT k, c FROM sbtest2 WHERE k BETWEEN 8312725 AND 8312825
	Bitmap Heap Scan on sbtest2  (cost=5.51..421.25 rows=105 width=125)
	  Recheck Cond: ((k >= 8312725) AND (k <= 8312825))
	  ->  Bitmap Index Scan on k_2  (cost=0.00..5.48 rows=105 width=0)
	        Index Cond: ((k >= 8312725) AND (k <= 8312825))

table 3 : explain SELECT k, c FROM sbtest3 WHERE k BETWEEN 8312725 AND 8312825
	Bitmap Heap Scan on sbtest3  (cost=5.46..401.55 rows=100 width=125)
	  Recheck Cond: ((k >= 8312725) AND (k <= 8312825))
	  ->  Bitmap Index Scan on k_3  (cost=0.00..5.43 rows=100 width=0)
	        Index Cond: ((k >= 8312725) AND (k <= 8312825))

table 4 : explain SELECT k, c FROM sbtest4 WHERE k BETWEEN 8312725 AND 8312825
	Bitmap Heap Scan on sbtest4  (cost=5.45..397.82 rows=99 width=125)
	  Recheck Cond: ((k >= 8312725) AND (k <= 8312825))
	  ->  Bitmap Index Scan on k_4  (cost=0.00..5.42 rows=99 width=0)
	        Index Cond: ((k >= 8312725) AND (k <= 8312825))

table 5 : explain SELECT k, c FROM sbtest5 WHERE k BETWEEN 8312725 AND 8312825
	Bitmap Heap Scan on sbtest5  (cost=5.51..421.50 rows=105 width=125)
	  Recheck Cond: ((k >= 8312725) AND (k <= 8312825))
	  ->  Bitmap Index Scan on k_5  (cost=0.00..5.48 rows=105 width=0)
	        Index Cond: ((k >= 8312725) AND (k <= 8312825))

table 6 : explain SELECT k, c FROM sbtest6 WHERE k BETWEEN 8312725 AND 8312825
	Bitmap Heap Scan on sbtest6  (cost=5.45..397.63 rows=99 width=125)
	  Recheck Cond: ((k >= 8312725) AND (k <= 8312825))
	  ->  Bitmap Index Scan on k_6  (cost=0.00..5.42 rows=99 width=0)
	        Index Cond: ((k >= 8312725) AND (k <= 8312825))

table 7 : explain SELECT k, c FROM sbtest7 WHERE k BETWEEN 8312725 AND 8312825
	Bitmap Heap Scan on sbtest7  (cost=5.47..405.45 rows=101 width=125)
	  Recheck Cond: ((k >= 8312725) AND (k <= 8312825))
	  ->  Bitmap Index Scan on k_7  (cost=0.00..5.44 rows=101 width=0)
	        Index Cond: ((k >= 8312725) AND (k <= 8312825))

table 8 : explain SELECT k, c FROM sbtest8 WHERE k BETWEEN 8312725 AND 8312825
	Bitmap Heap Scan on sbtest8  (cost=5.50..417.31 rows=104 width=125)
	  Recheck Cond: ((k >= 8312725) AND (k <= 8312825))
	  ->  Bitmap Index Scan on k_8  (cost=0.00..5.47 rows=104 width=0)
	        Index Cond: ((k >= 8312725) AND (k <= 8312825))

explain: for range-notcovered :: explain SELECT k, c FROM sbtest%d WHERE k BETWEEN 499318 AND 499418
explain: for range-notcovered :: explain SELECT k, c FROM sbtest%d WHERE k BETWEEN 5454301 AND 5454401

for range-notcovered
table 1 : explain SELECT k, c FROM sbtest1 WHERE k BETWEEN 5737342 AND 5737442
	Bitmap Heap Scan on sbtest1  (cost=5.52..425.18 rows=106 width=125)
	  Recheck Cond: ((k >= 5737342) AND (k <= 5737442))
	  ->  Bitmap Index Scan on k_1  (cost=0.00..5.50 rows=106 width=0)
	        Index Cond: ((k >= 5737342) AND (k <= 5737442))

table 2 : explain SELECT k, c FROM sbtest2 WHERE k BETWEEN 5737342 AND 5737442
	Bitmap Heap Scan on sbtest2  (cost=5.47..405.48 rows=101 width=125)
	  Recheck Cond: ((k >= 5737342) AND (k <= 5737442))
	  ->  Bitmap Index Scan on k_2  (cost=0.00..5.44 rows=101 width=0)
	        Index Cond: ((k >= 5737342) AND (k <= 5737442))

table 3 : explain SELECT k, c FROM sbtest3 WHERE k BETWEEN 5737342 AND 5737442
	Bitmap Heap Scan on sbtest3  (cost=5.50..417.32 rows=104 width=125)
	  Recheck Cond: ((k >= 5737342) AND (k <= 5737442))
	  ->  Bitmap Index Scan on k_3  (cost=0.00..5.47 rows=104 width=0)
	        Index Cond: ((k >= 5737342) AND (k <= 5737442))

table 4 : explain SELECT k, c FROM sbtest4 WHERE k BETWEEN 5737342 AND 5737442
	Bitmap Heap Scan on sbtest4  (cost=5.48..409.66 rows=102 width=125)
	  Recheck Cond: ((k >= 5737342) AND (k <= 5737442))
	  ->  Bitmap Index Scan on k_4  (cost=0.00..5.45 rows=102 width=0)
	        Index Cond: ((k >= 5737342) AND (k <= 5737442))

table 5 : explain SELECT k, c FROM sbtest5 WHERE k BETWEEN 5737342 AND 5737442
	Bitmap Heap Scan on sbtest5  (cost=5.37..366.22 rows=91 width=125)
	  Recheck Cond: ((k >= 5737342) AND (k <= 5737442))
	  ->  Bitmap Index Scan on k_5  (cost=0.00..5.34 rows=91 width=0)
	        Index Cond: ((k >= 5737342) AND (k <= 5737442))

table 6 : explain SELECT k, c FROM sbtest6 WHERE k BETWEEN 5737342 AND 5737442
	Bitmap Heap Scan on sbtest6  (cost=5.56..441.00 rows=110 width=125)
	  Recheck Cond: ((k >= 5737342) AND (k <= 5737442))
	  ->  Bitmap Index Scan on k_6  (cost=0.00..5.53 rows=110 width=0)
	        Index Cond: ((k >= 5737342) AND (k <= 5737442))

table 7 : explain SELECT k, c FROM sbtest7 WHERE k BETWEEN 5737342 AND 5737442
	Bitmap Heap Scan on sbtest7  (cost=5.49..413.34 rows=103 width=125)
	  Recheck Cond: ((k >= 5737342) AND (k <= 5737442))
	  ->  Bitmap Index Scan on k_7  (cost=0.00..5.46 rows=103 width=0)
	        Index Cond: ((k >= 5737342) AND (k <= 5737442))

table 8 : explain SELECT k, c FROM sbtest8 WHERE k BETWEEN 5737342 AND 5737442
	Bitmap Heap Scan on sbtest8  (cost=5.50..417.31 rows=104 width=125)
	  Recheck Cond: ((k >= 5737342) AND (k <= 5737442))
	  ->  Bitmap Index Scan on k_8  (cost=0.00..5.47 rows=104 width=0)
	        Index Cond: ((k >= 5737342) AND (k <= 5737442))



for range-notcovered
table 1 : explain SELECT k, c FROM sbtest1 WHERE k BETWEEN 3731536 AND 3731636
	Bitmap Heap Scan on sbtest1  (cost=5.57..444.88 rows=111 width=125)
	  Recheck Cond: ((k >= 3731536) AND (k <= 3731636))
	  ->  Bitmap Index Scan on k_1  (cost=0.00..5.54 rows=111 width=0)
	        Index Cond: ((k >= 3731536) AND (k <= 3731636))

table 2 : explain SELECT k, c FROM sbtest2 WHERE k BETWEEN 3731536 AND 3731636
	Bitmap Heap Scan on sbtest2  (cost=5.39..373.92 rows=93 width=125)
	  Recheck Cond: ((k >= 3731536) AND (k <= 3731636))
	  ->  Bitmap Index Scan on k_2  (cost=0.00..5.36 rows=93 width=0)
	        Index Cond: ((k >= 3731536) AND (k <= 3731636))

table 3 : explain SELECT k, c FROM sbtest3 WHERE k BETWEEN 3731536 AND 3731636
	Bitmap Heap Scan on sbtest3  (cost=5.42..385.77 rows=96 width=125)
	  Recheck Cond: ((k >= 3731536) AND (k <= 3731636))
	  ->  Bitmap Index Scan on k_3  (cost=0.00..5.39 rows=96 width=0)
	        Index Cond: ((k >= 3731536) AND (k <= 3731636))

table 4 : explain SELECT k, c FROM sbtest4 WHERE k BETWEEN 3731536 AND 3731636
	Bitmap Heap Scan on sbtest4  (cost=5.41..382.02 rows=95 width=125)
	  Recheck Cond: ((k >= 3731536) AND (k <= 3731636))
	  ->  Bitmap Index Scan on k_4  (cost=0.00..5.38 rows=95 width=0)
	        Index Cond: ((k >= 3731536) AND (k <= 3731636))

table 5 : explain SELECT k, c FROM sbtest5 WHERE k BETWEEN 3731536 AND 3731636
	Bitmap Heap Scan on sbtest5  (cost=5.64..472.76 rows=118 width=125)
	  Recheck Cond: ((k >= 3731536) AND (k <= 3731636))
	  ->  Bitmap Index Scan on k_5  (cost=0.00..5.61 rows=118 width=0)
	        Index Cond: ((k >= 3731536) AND (k <= 3731636))

table 6 : explain SELECT k, c FROM sbtest6 WHERE k BETWEEN 3731536 AND 3731636
	Bitmap Heap Scan on sbtest6  (cost=5.44..393.68 rows=98 width=125)
	  Recheck Cond: ((k >= 3731536) AND (k <= 3731636))
	  ->  Bitmap Index Scan on k_6  (cost=0.00..5.42 rows=98 width=0)
	        Index Cond: ((k >= 3731536) AND (k <= 3731636))

table 7 : explain SELECT k, c FROM sbtest7 WHERE k BETWEEN 3731536 AND 3731636
	Bitmap Heap Scan on sbtest7  (cost=5.53..429.10 rows=107 width=125)
	  Recheck Cond: ((k >= 3731536) AND (k <= 3731636))
	  ->  Bitmap Index Scan on k_7  (cost=0.00..5.50 rows=107 width=0)
	        Index Cond: ((k >= 3731536) AND (k <= 3731636))

table 8 : explain SELECT k, c FROM sbtest8 WHERE k BETWEEN 3731536 AND 3731636
	Bitmap Heap Scan on sbtest8  (cost=5.37..366.02 rows=91 width=125)
	  Recheck Cond: ((k >= 3731536) AND (k <= 3731636))
	  ->  Bitmap Index Scan on k_8  (cost=0.00..5.34 rows=91 width=0)
	        Index Cond: ((k >= 3731536) AND (k <= 3731636))
explain: for range-notcovered :: explain SELECT k, c FROM sbtest%d WHERE k BETWEEN 8547191 AND 8547291explain: for range-notcovered :: explain SELECT k, c FROM sbtest%d WHERE k BETWEEN 5712429 AND 5712529explain: for range-notcovered :: explain SELECT k, c FROM sbtest%d WHERE k BETWEEN 397393 AND 397493
for range-notcovered
table 1 : explain SELECT k, c FROM sbtest1 WHERE k BETWEEN 3275438 AND 3275538
	Bitmap Heap Scan on sbtest1  (cost=5.45..397.58 rows=99 width=125)
	  Recheck Cond: ((k >= 3275438) AND (k <= 3275538))
	  ->  Bitmap Index Scan on k_1  (cost=0.00..5.42 rows=99 width=0)
	        Index Cond: ((k >= 3275438) AND (k <= 3275538))

table 2 : explain SELECT k, c FROM sbtest2 WHERE k BETWEEN 3275438 AND 3275538
	Bitmap Heap Scan on sbtest2  (cost=5.41..381.81 rows=95 width=125)
	  Recheck Cond: ((k >= 3275438) AND (k <= 3275538))
	  ->  Bitmap Index Scan on k_2  (cost=0.00..5.38 rows=95 width=0)
	        Index Cond: ((k >= 3275438) AND (k <= 3275538))

table 3 : explain SELECT k, c FROM sbtest3 WHERE k BETWEEN 3275438 AND 3275538
	Bitmap Heap Scan on sbtest3  (cost=5.51..421.27 rows=105 width=125)
	  Recheck Cond: ((k >= 3275438) AND (k <= 3275538))
	  ->  Bitmap Index Scan on k_3  (cost=0.00..5.48 rows=105 width=0)
	        Index Cond: ((k >= 3275438) AND (k <= 3275538))

table 4 : explain SELECT k, c FROM sbtest4 WHERE k BETWEEN 3275438 AND 3275538
	Bitmap Heap Scan on sbtest4  (cost=5.46..401.76 rows=100 width=125)
	  Recheck Cond: ((k >= 3275438) AND (k <= 3275538))
	  ->  Bitmap Index Scan on k_4  (cost=0.00..5.43 rows=100 width=0)
	        Index Cond: ((k >= 3275438) AND (k <= 3275538))

table 5 : explain SELECT k, c FROM sbtest5 WHERE k BETWEEN 3275438 AND 3275538
	Bitmap Heap Scan on sbtest5  (cost=5.38..370.17 rows=92 width=125)
	  Recheck Cond: ((k >= 3275438) AND (k <= 3275538))
	  ->  Bitmap Index Scan on k_5  (cost=0.00..5.35 rows=92 width=0)
	        Index Cond: ((k >= 3275438) AND (k <= 3275538))

table 6 : explain SELECT k, c FROM sbtest6 WHERE k BETWEEN 3275438 AND 3275538
	Bitmap Heap Scan on sbtest6  (cost=5.51..421.29 rows=105 width=125)
	  Recheck Cond: ((k >= 3275438) AND (k <= 3275538))
	  ->  Bitmap Index Scan on k_6  (cost=0.00..5.48 rows=105 width=0)
	        Index Cond: ((k >= 3275438) AND (k <= 3275538))

table 7 : explain SELECT k, c FROM sbtest7 WHERE k BETWEEN 3275438 AND 3275538
	Bitmap Heap Scan on sbtest7  (cost=5.48..409.40 rows=102 width=125)
	  Recheck Cond: ((k >= 3275438) AND (k <= 3275538))
	  ->  Bitmap Index Scan on k_7  (cost=0.00..5.45 rows=102 width=0)
	        Index Cond: ((k >= 3275438) AND (k <= 3275538))

table 8 : explain SELECT k, c FROM sbtest8 WHERE k BETWEEN 3275438 AND 3275538
	Bitmap Heap Scan on sbtest8  (cost=5.39..373.92 rows=93 width=125)
	  Recheck Cond: ((k >= 3275438) AND (k <= 3275538))
	  ->  Bitmap Index Scan on k_8  (cost=0.00..5.36 rows=93 width=0)
	        Index Cond: ((k >= 3275438) AND (k <= 3275538))

for range-notcovered
table 1 : explain SELECT k, c FROM sbtest1 WHERE k BETWEEN 8536275 AND 8536375
	Bitmap Heap Scan on sbtest1  (cost=5.42..385.74 rows=96 width=125)
	  Recheck Cond: ((k >= 8536275) AND (k <= 8536375))
	  ->  Bitmap Index Scan on k_1  (cost=0.00..5.39 rows=96 width=0)
	        Index Cond: ((k >= 8536275) AND (k <= 8536375))

table 2 : explain SELECT k, c FROM sbtest2 WHERE k BETWEEN 8536275 AND 8536375
	Bitmap Heap Scan on sbtest2  (cost=5.43..389.70 rows=97 width=125)
	  Recheck Cond: ((k >= 8536275) AND (k <= 8536375))
	  ->  Bitmap Index Scan on k_2  (cost=0.00..5.40 rows=97 width=0)
	        Index Cond: ((k >= 8536275) AND (k <= 8536375))

table 3 : explain SELECT k, c FROM sbtest3 WHERE k BETWEEN 8536275 AND 8536375
	Bitmap Heap Scan on sbtest3  (cost=5.46..401.55 rows=100 width=125)
	  Recheck Cond: ((k >= 8536275) AND (k <= 8536375))
	  ->  Bitmap Index Scan on k_3  (cost=0.00..5.43 rows=100 width=0)
	        Index Cond: ((k >= 8536275) AND (k <= 8536375))

table 4 : explain SELECT k, c FROM sbtest4 WHERE k BETWEEN 8536275 AND 8536375
	Bitmap Heap Scan on sbtest4  (cost=5.51..421.50 rows=105 width=125)
	  Recheck Cond: ((k >= 8536275) AND (k <= 8536375))
	  ->  Bitmap Index Scan on k_4  (cost=0.00..5.48 rows=105 width=0)
	        Index Cond: ((k >= 8536275) AND (k <= 8536375))

table 5 : explain SELECT k, c FROM sbtest5 WHERE k BETWEEN 8536275 AND 8536375
	Bitmap Heap Scan on sbtest5  (cost=5.58..449.11 rows=112 width=125)
	  Recheck Cond: ((k >= 8536275) AND (k <= 8536375))
	  ->  Bitmap Index Scan on k_5  (cost=0.00..5.55 rows=112 width=0)
	        Index Cond: ((k >= 8536275) AND (k <= 8536375))

table 6 : explain SELECT k, c FROM sbtest6 WHERE k BETWEEN 8536275 AND 8536375
	Bitmap Heap Scan on sbtest6  (cost=5.39..373.95 rows=93 width=125)
	  Recheck Cond: ((k >= 8536275) AND (k <= 8536375))
	  ->  Bitmap Index Scan on k_6  (cost=0.00..5.36 rows=93 width=0)
	        Index Cond: ((k >= 8536275) AND (k <= 8536375))

table 7 : explain SELECT k, c FROM sbtest7 WHERE k BETWEEN 8536275 AND 8536375
	Bitmap Heap Scan on sbtest7  (cost=5.47..405.45 rows=101 width=125)
	  Recheck Cond: ((k >= 8536275) AND (k <= 8536375))
	  ->  Bitmap Index Scan on k_7  (cost=0.00..5.44 rows=101 width=0)
	        Index Cond: ((k >= 8536275) AND (k <= 8536375))

table 8 : explain SELECT k, c FROM sbtest8 WHERE k BETWEEN 8536275 AND 8536375
	Bitmap Heap Scan on sbtest8  (cost=5.47..405.48 rows=101 width=125)
	  Recheck Cond: ((k >= 8536275) AND (k <= 8536375))
	  ->  Bitmap Index Scan on k_8  (cost=0.00..5.44 rows=101 width=0)
	        Index Cond: ((k >= 8536275) AND (k <= 8536375))

for range-notcovered
table 1 : explain SELECT k, c FROM sbtest1 WHERE k BETWEEN 6380588 AND 6380688
	Bitmap Heap Scan on sbtest1  (cost=5.47..405.46 rows=101 width=125)
	  Recheck Cond: ((k >= 6380588) AND (k <= 6380688))
	  ->  Bitmap Index Scan on k_1  (cost=0.00..5.44 rows=101 width=0)
	        Index Cond: ((k >= 6380588) AND (k <= 6380688))

table 2 : explain SELECT k, c FROM sbtest2 WHERE k BETWEEN 6380588 AND 6380688
	Bitmap Heap Scan on sbtest2  (cost=5.43..389.70 rows=97 width=125)
	  Recheck Cond: ((k >= 6380588) AND (k <= 6380688))
	  ->  Bitmap Index Scan on k_2  (cost=0.00..5.40 rows=97 width=0)
	        Index Cond: ((k >= 6380588) AND (k <= 6380688))

table 3 : explain SELECT k, c FROM sbtest3 WHERE k BETWEEN 6380588 AND 6380688
	Bitmap Heap Scan on sbtest3  (cost=5.49..413.38 rows=103 width=125)
	  Recheck Cond: ((k >= 6380588) AND (k <= 6380688))
	  ->  Bitmap Index Scan on k_3  (cost=0.00..5.46 rows=103 width=0)
	        Index Cond: ((k >= 6380588) AND (k <= 6380688))

table 4 : explain SELECT k, c FROM sbtest4 WHERE k BETWEEN 6380588 AND 6380688
	Bitmap Heap Scan on sbtest4  (cost=5.43..389.92 rows=97 width=125)
	  Recheck Cond: ((k >= 6380588) AND (k <= 6380688))
	  ->  Bitmap Index Scan on k_4  (cost=0.00..5.40 rows=97 width=0)
	        Index Cond: ((k >= 6380588) AND (k <= 6380688))

table 5 : explain SELECT k, c FROM sbtest5 WHERE k BETWEEN 6380588 AND 6380688
	Bitmap Heap Scan on sbtest5  (cost=5.55..437.28 rows=109 width=125)
	  Recheck Cond: ((k >= 6380588) AND (k <= 6380688))
	  ->  Bitmap Index Scan on k_5  (cost=0.00..5.52 rows=109 width=0)
	        Index Cond: ((k >= 6380588) AND (k <= 6380688))

table 6 : explain SELECT k, c FROM sbtest6 WHERE k BETWEEN 6380588 AND 6380688
	Bitmap Heap Scan on sbtest6  (cost=5.41..381.84 rows=95 width=125)
	  Recheck Cond: ((k >= 6380588) AND (k <= 6380688))
	  ->  Bitmap Index Scan on k_6  (cost=0.00..5.38 rows=95 width=0)
	        Index Cond: ((k >= 6380588) AND (k <= 6380688))

table 7 : explain SELECT k, c FROM sbtest7 WHERE k BETWEEN 6380588 AND 6380688
	Bitmap Heap Scan on sbtest7  (cost=5.54..433.05 rows=108 width=125)
	  Recheck Cond: ((k >= 6380588) AND (k <= 6380688))
	  ->  Bitmap Index Scan on k_7  (cost=0.00..5.51 rows=108 width=0)
	        Index Cond: ((k >= 6380588) AND (k <= 6380688))

table 8 : explain SELECT k, c FROM sbtest8 WHERE k BETWEEN 6380588 AND 6380688
	Bitmap Heap Scan on sbtest8  (cost=5.39..373.92 rows=93 width=125)
	  Recheck Cond: ((k >= 6380588) AND (k <= 6380688))
	  ->  Bitmap Index Scan on k_8  (cost=0.00..5.36 rows=93 width=0)
	        Index Cond: ((k >= 6380588) AND (k <= 6380688))

explain: for range-notcovered :: explain SELECT k, c FROM sbtest%d WHERE k BETWEEN 576376 AND 576476
for range-notcovered
table 1 : explain SELECT k, c FROM sbtest1 WHERE k BETWEEN 3241696 AND 3241796
	Bitmap Heap Scan on sbtest1  (cost=5.45..397.58 rows=99 width=125)
	  Recheck Cond: ((k >= 3241696) AND (k <= 3241796))
	  ->  Bitmap Index Scan on k_1  (cost=0.00..5.42 rows=99 width=0)
	        Index Cond: ((k >= 3241696) AND (k <= 3241796))

table 2 : explain SELECT k, c FROM sbtest2 WHERE k BETWEEN 3241696 AND 3241796
	Bitmap Heap Scan on sbtest2  (cost=5.43..389.70 rows=97 width=125)
	  Recheck Cond: ((k >= 3241696) AND (k <= 3241796))
	  ->  Bitmap Index Scan on k_2  (cost=0.00..5.40 rows=97 width=0)
	        Index Cond: ((k >= 3241696) AND (k <= 3241796))

table 3 : explain SELECT k, c FROM sbtest3 WHERE k BETWEEN 3241696 AND 3241796
	Bitmap Heap Scan on sbtest3  (cost=5.51..421.27 rows=105 width=125)
	  Recheck Cond: ((k >= 3241696) AND (k <= 3241796))
	  ->  Bitmap Index Scan on k_3  (cost=0.00..5.48 rows=105 width=0)
	        Index Cond: ((k >= 3241696) AND (k <= 3241796))

table 4 : explain SELECT k, c FROM sbtest4 WHERE k BETWEEN 3241696 AND 3241796
	Bitmap Heap Scan on sbtest4  (cost=5.46..401.76 rows=100 width=125)
	  Recheck Cond: ((k >= 3241696) AND (k <= 3241796))
	  ->  Bitmap Index Scan on k_4  (cost=0.00..5.43 rows=100 width=0)
	        Index Cond: ((k >= 3241696) AND (k <= 3241796))

table 5 : explain SELECT k, c FROM sbtest5 WHERE k BETWEEN 3241696 AND 3241796
	Bitmap Heap Scan on sbtest5  (cost=5.38..370.17 rows=92 width=125)
	  Recheck Cond: ((k >= 3241696) AND (k <= 3241796))
	  ->  Bitmap Index Scan on k_5  (cost=0.00..5.35 rows=92 width=0)
	        Index Cond: ((k >= 3241696) AND (k <= 3241796))

table 6 : explain SELECT k, c FROM sbtest6 WHERE k BETWEEN 3241696 AND 3241796
	Bitmap Heap Scan on sbtest6  (cost=5.51..421.29 rows=105 width=125)
	  Recheck Cond: ((k >= 3241696) AND (k <= 3241796))
	  ->  Bitmap Index Scan on k_6  (cost=0.00..5.48 rows=105 width=0)
	        Index Cond: ((k >= 3241696) AND (k <= 3241796))

table 7 : explain SELECT k, c FROM sbtest7 WHERE k BETWEEN 3241696 AND 3241796
	Bitmap Heap Scan on sbtest7  (cost=5.48..409.40 rows=102 width=125)
	  Recheck Cond: ((k >= 3241696) AND (k <= 3241796))
	  ->  Bitmap Index Scan on k_7  (cost=0.00..5.45 rows=102 width=0)
	        Index Cond: ((k >= 3241696) AND (k <= 3241796))

table 8 : explain SELECT k, c FROM sbtest8 WHERE k BETWEEN 3241696 AND 3241796
	Bitmap Heap Scan on sbtest8  (cost=5.39..373.92 rows=93 width=125)
	  Recheck Cond: ((k >= 3241696) AND (k <= 3241796))
	  ->  Bitmap Index Scan on k_8  (cost=0.00..5.36 rows=93 width=0)
	        Index Cond: ((k >= 3241696) AND (k <= 3241796))

for range-notcovered
table 1 : explain SELECT k, c FROM sbtest1 WHERE k BETWEEN 3530048 AND 3530148
	Bitmap Heap Scan on sbtest1  (cost=5.35..358.12 rows=89 width=125)
	  Recheck Cond: ((k >= 3530048) AND (k <= 3530148))
	  ->  Bitmap Index Scan on k_1  (cost=0.00..5.32 rows=89 width=0)
	        Index Cond: ((k >= 3530048) AND (k <= 3530148))

table 2 : explain SELECT k, c FROM sbtest2 WHERE k BETWEEN 3530048 AND 3530148
	Bitmap Heap Scan on sbtest2  (cost=5.46..401.54 rows=100 width=125)
	  Recheck Cond: ((k >= 3530048) AND (k <= 3530148))
	  ->  Bitmap Index Scan on k_2  (cost=0.00..5.43 rows=100 width=0)
	        Index Cond: ((k >= 3530048) AND (k <= 3530148))

table 3 : explain SELECT k, c FROM sbtest3 WHERE k BETWEEN 3530048 AND 3530148
	Bitmap Heap Scan on sbtest3  (cost=5.42..385.77 rows=96 width=125)
	  Recheck Cond: ((k >= 3530048) AND (k <= 3530148))
	  ->  Bitmap Index Scan on k_3  (cost=0.00..5.39 rows=96 width=0)
	        Index Cond: ((k >= 3530048) AND (k <= 3530148))

table 4 : explain SELECT k, c FROM sbtest4 WHERE k BETWEEN 3530048 AND 3530148
	Bitmap Heap Scan on sbtest4  (cost=5.57..445.16 rows=111 width=125)
	  Recheck Cond: ((k >= 3530048) AND (k <= 3530148))
	  ->  Bitmap Index Scan on k_4  (cost=0.00..5.54 rows=111 width=0)
	        Index Cond: ((k >= 3530048) AND (k <= 3530148))

table 5 : explain SELECT k, c FROM sbtest5 WHERE k BETWEEN 3530048 AND 3530148
	Bitmap Heap Scan on sbtest5  (cost=5.41..382.02 rows=95 width=125)
	  Recheck Cond: ((k >= 3530048) AND (k <= 3530148))
	  ->  Bitmap Index Scan on k_5  (cost=0.00..5.38 rows=95 width=0)
	        Index Cond: ((k >= 3530048) AND (k <= 3530148))

table 6 : explain SELECT k, c FROM sbtest6 WHERE k BETWEEN 3530048 AND 3530148
	Bitmap Heap Scan on sbtest6  (cost=5.44..393.68 rows=98 width=125)
	  Recheck Cond: ((k >= 3530048) AND (k <= 3530148))
	  ->  Bitmap Index Scan on k_6  (cost=0.00..5.42 rows=98 width=0)
	        Index Cond: ((k >= 3530048) AND (k <= 3530148))

table 7 : explain SELECT k, c FROM sbtest7 WHERE k BETWEEN 3530048 AND 3530148
	Bitmap Heap Scan on sbtest7  (cost=5.45..397.57 rows=99 width=125)
	  Recheck Cond: ((k >= 3530048) AND (k <= 3530148))
	  ->  Bitmap Index Scan on k_7  (cost=0.00..5.42 rows=99 width=0)
	        Index Cond: ((k >= 3530048) AND (k <= 3530148))

table 8 : explain SELECT k, c FROM sbtest8 WHERE k BETWEEN 3530048 AND 3530148
	Bitmap Heap Scan on sbtest8  (cost=5.51..421.25 rows=105 width=125)
	  Recheck Cond: ((k >= 3530048) AND (k <= 3530148))
	  ->  Bitmap Index Scan on k_8  (cost=0.00..5.48 rows=105 width=0)
	        Index Cond: ((k >= 3530048) AND (k <= 3530148))
explain: for range-notcovered :: explain SELECT k, c FROM sbtest%d WHERE k BETWEEN 3275438 AND 3275538

for range-notcovered
table 1 : explain SELECT k, c FROM sbtest1 WHERE k BETWEEN 7465771 AND 7465871
	Bitmap Heap Scan on sbtest1  (cost=5.62..464.57 rows=116 width=125)
	  Recheck Cond: ((k >= 7465771) AND (k <= 7465871))
	  ->  Bitmap Index Scan on k_1  (cost=0.00..5.59 rows=116 width=0)
	        Index Cond: ((k >= 7465771) AND (k <= 7465871))

table 2 : explain SELECT k, c FROM sbtest2 WHERE k BETWEEN 7465771 AND 7465871
	Bitmap Heap Scan on sbtest2  (cost=5.41..381.81 rows=95 width=125)
	  Recheck Cond: ((k >= 7465771) AND (k <= 7465871))
	  ->  Bitmap Index Scan on k_2  (cost=0.00..5.38 rows=95 width=0)
	        Index Cond: ((k >= 7465771) AND (k <= 7465871))

table 3 : explain SELECT k, c FROM sbtest3 WHERE k BETWEEN 7465771 AND 7465871
	Bitmap Heap Scan on sbtest3  (cost=5.47..405.49 rows=101 width=125)
	  Recheck Cond: ((k >= 7465771) AND (k <= 7465871))
	  ->  Bitmap Index Scan on k_3  (cost=0.00..5.44 rows=101 width=0)
	        Index Cond: ((k >= 7465771) AND (k <= 7465871))

table 4 : explain SELECT k, c FROM sbtest4 WHERE k BETWEEN 7465771 AND 7465871
	Bitmap Heap Scan on sbtest4  (cost=5.49..413.60 rows=103 width=125)
	  Recheck Cond: ((k >= 7465771) AND (k <= 7465871))
	  ->  Bitmap Index Scan on k_4  (cost=0.00..5.46 rows=103 width=0)
	        Index Cond: ((k >= 7465771) AND (k <= 7465871))

table 5 : explain SELECT k, c FROM sbtest5 WHERE k BETWEEN 7465771 AND 7465871
	Bitmap Heap Scan on sbtest5  (cost=5.48..409.66 rows=102 width=125)
	  Recheck Cond: ((k >= 7465771) AND (k <= 7465871))
	  ->  Bitmap Index Scan on k_5  (cost=0.00..5.45 rows=102 width=0)
	        Index Cond: ((k >= 7465771) AND (k <= 7465871))

table 6 : explain SELECT k, c FROM sbtest6 WHERE k BETWEEN 7465771 AND 7465871
	Bitmap Heap Scan on sbtest6  (cost=5.50..417.35 rows=104 width=125)
	  Recheck Cond: ((k >= 7465771) AND (k <= 7465871))
	  ->  Bitmap Index Scan on k_6  (cost=0.00..5.47 rows=104 width=0)
	        Index Cond: ((k >= 7465771) AND (k <= 7465871))

table 7 : explain SELECT k, c FROM sbtest7 WHERE k BETWEEN 7465771 AND 7465871
	Bitmap Heap Scan on sbtest7  (cost=5.43..389.68 rows=97 width=125)
	  Recheck Cond: ((k >= 7465771) AND (k <= 7465871))
	  ->  Bitmap Index Scan on k_7  (cost=0.00..5.40 rows=97 width=0)
	        Index Cond: ((k >= 7465771) AND (k <= 7465871))

table 8 : explain SELECT k, c FROM sbtest8 WHERE k BETWEEN 7465771 AND 7465871
	Bitmap Heap Scan on sbtest8  (cost=5.48..409.42 rows=102 width=125)
	  Recheck Cond: ((k >= 7465771) AND (k <= 7465871))
	  ->  Bitmap Index Scan on k_8  (cost=0.00..5.45 rows=102 width=0)
	        Index Cond: ((k >= 7465771) AND (k <= 7465871))

for range-notcovered
table 1 : explain SELECT k, c FROM sbtest1 WHERE k BETWEEN 4958844 AND 4958944
	Bitmap Heap Scan on sbtest1  (cost=5.47..405.46 rows=101 width=125)
	  Recheck Cond: ((k >= 4958844) AND (k <= 4958944))
	  ->  Bitmap Index Scan on k_1  (cost=0.00..5.44 rows=101 width=0)
	        Index Cond: ((k >= 4958844) AND (k <= 4958944))

table 2 : explain SELECT k, c FROM sbtest2 WHERE k BETWEEN 4958844 AND 4958944
	Bitmap Heap Scan on sbtest2  (cost=5.42..385.76 rows=96 width=125)
	  Recheck Cond: ((k >= 4958844) AND (k <= 4958944))
	  ->  Bitmap Index Scan on k_2  (cost=0.00..5.39 rows=96 width=0)
	        Index Cond: ((k >= 4958844) AND (k <= 4958944))

table 3 : explain SELECT k, c FROM sbtest3 WHERE k BETWEEN 4958844 AND 4958944
	Bitmap Heap Scan on sbtest3  (cost=5.56..440.97 rows=110 width=125)
	  Recheck Cond: ((k >= 4958844) AND (k <= 4958944))
	  ->  Bitmap Index Scan on k_3  (cost=0.00..5.53 rows=110 width=0)
	        Index Cond: ((k >= 4958844) AND (k <= 4958944))

table 4 : explain SELECT k, c FROM sbtest4 WHERE k BETWEEN 4958844 AND 4958944
	Bitmap Heap Scan on sbtest4  (cost=5.50..417.55 rows=104 width=125)
	  Recheck Cond: ((k >= 4958844) AND (k <= 4958944))
	  ->  Bitmap Index Scan on k_4  (cost=0.00..5.47 rows=104 width=0)
	        Index Cond: ((k >= 4958844) AND (k <= 4958944))

table 5 : explain SELECT k, c FROM sbtest5 WHERE k BETWEEN 4958844 AND 4958944
	Bitmap Heap Scan on sbtest5  (cost=5.43..389.92 rows=97 width=125)
	  Recheck Cond: ((k >= 4958844) AND (k <= 4958944))
	  ->  Bitmap Index Scan on k_5  (cost=0.00..5.40 rows=97 width=0)
	        Index Cond: ((k >= 4958844) AND (k <= 4958944))

table 6 : explain SELECT k, c FROM sbtest6 WHERE k BETWEEN 4958844 AND 4958944
	Bitmap Heap Scan on sbtest6  (cost=5.47..405.52 rows=101 width=125)
	  Recheck Cond: ((k >= 4958844) AND (k <= 4958944))
	  ->  Bitmap Index Scan on k_6  (cost=0.00..5.44 rows=101 width=0)
	        Index Cond: ((k >= 4958844) AND (k <= 4958944))

table 7 : explain SELECT k, c FROM sbtest7 WHERE k BETWEEN 4958844 AND 4958944
	Bitmap Heap Scan on sbtest7  (cost=5.41..381.79 rows=95 width=125)
	  Recheck Cond: ((k >= 4958844) AND (k <= 4958944))
	  ->  Bitmap Index Scan on k_7  (cost=0.00..5.38 rows=95 width=0)
	        Index Cond: ((k >= 4958844) AND (k <= 4958944))

table 8 : explain SELECT k, c FROM sbtest8 WHERE k BETWEEN 4958844 AND 4958944
	Bitmap Heap Scan on sbtest8  (cost=5.46..401.53 rows=100 width=125)
	  Recheck Cond: ((k >= 4958844) AND (k <= 4958944))
	  ->  Bitmap Index Scan on k_8  (cost=0.00..5.43 rows=100 width=0)
	        Index Cond: ((k >= 4958844) AND (k <= 4958944))


for range-notcovered
table 1 : explain SELECT k, c FROM sbtest1 WHERE k BETWEEN 4134095 AND 4134195
	Bitmap Heap Scan on sbtest1  (cost=5.43..389.69 rows=97 width=125)
	  Recheck Cond: ((k >= 4134095) AND (k <= 4134195))
	  ->  Bitmap Index Scan on k_1  (cost=0.00..5.40 rows=97 width=0)
	        Index Cond: ((k >= 4134095) AND (k <= 4134195))

table 2 : explain SELECT k, c FROM sbtest2 WHERE k BETWEEN 4134095 AND 4134195
	Bitmap Heap Scan on sbtest2  (cost=5.46..401.54 rows=100 width=125)
	  Recheck Cond: ((k >= 4134095) AND (k <= 4134195))
	  ->  Bitmap Index Scan on k_2  (cost=0.00..5.43 rows=100 width=0)
	        Index Cond: ((k >= 4134095) AND (k <= 4134195))

table 3 : explain SELECT k, c FROM sbtest3 WHERE k BETWEEN 4134095 AND 4134195
	Bitmap Heap Scan on sbtest3  (cost=5.54..433.09 rows=108 width=125)
	  Recheck Cond: ((k >= 4134095) AND (k <= 4134195))
	  ->  Bitmap Index Scan on k_3  (cost=0.00..5.51 rows=108 width=0)
	        Index Cond: ((k >= 4134095) AND (k <= 4134195))

table 4 : explain SELECT k, c FROM sbtest4 WHERE k BETWEEN 4134095 AND 4134195
	Bitmap Heap Scan on sbtest4  (cost=5.44..393.87 rows=98 width=125)
	  Recheck Cond: ((k >= 4134095) AND (k <= 4134195))
	  ->  Bitmap Index Scan on k_4  (cost=0.00..5.42 rows=98 width=0)
	        Index Cond: ((k >= 4134095) AND (k <= 4134195))

table 5 : explain SELECT k, c FROM sbtest5 WHERE k BETWEEN 4134095 AND 4134195
	Bitmap Heap Scan on sbtest5  (cost=5.51..421.50 rows=105 width=125)
	  Recheck Cond: ((k >= 4134095) AND (k <= 4134195))
	  ->  Bitmap Index Scan on k_5  (cost=0.00..5.48 rows=105 width=0)
	        Index Cond: ((k >= 4134095) AND (k <= 4134195))

table 6 : explain SELECT k, c FROM sbtest6 WHERE k BETWEEN 4134095 AND 4134195
	Bitmap Heap Scan on sbtest6  (cost=5.42..385.79 rows=96 width=125)
	  Recheck Cond: ((k >= 4134095) AND (k <= 4134195))
	  ->  Bitmap Index Scan on k_6  (cost=0.00..5.39 rows=96 width=0)
	        Index Cond: ((k >= 4134095) AND (k <= 4134195))

table 7 : explain SELECT k, c FROM sbtest7 WHERE k BETWEEN 4134095 AND 4134195
	Bitmap Heap Scan on sbtest7  (cost=5.51..421.22 rows=105 width=125)
	  Recheck Cond: ((k >= 4134095) AND (k <= 4134195))
	  ->  Bitmap Index Scan on k_7  (cost=0.00..5.48 rows=105 width=0)
	        Index Cond: ((k >= 4134095) AND (k <= 4134195))

table 8 : explain SELECT k, c FROM sbtest8 WHERE k BETWEEN 4134095 AND 4134195
	Bitmap Heap Scan on sbtest8  (cost=5.54..433.07 rows=108 width=125)
	  Recheck Cond: ((k >= 4134095) AND (k <= 4134195))
	  ->  Bitmap Index Scan on k_8  (cost=0.00..5.51 rows=108 width=0)
	        Index Cond: ((k >= 4134095) AND (k <= 4134195))

explain: for range-notcovered :: explain SELECT k, c FROM sbtest%d WHERE k BETWEEN 6059499 AND 6059599

explain: for range-notcovered :: explain SELECT k, c FROM sbtest%d WHERE k BETWEEN 7465771 AND 7465871
for range-notcovered
table 1 : explain SELECT k, c FROM sbtest1 WHERE k BETWEEN 4019169 AND 4019269
	Bitmap Heap Scan on sbtest1  (cost=5.49..413.35 rows=103 width=125)
	  Recheck Cond: ((k >= 4019169) AND (k <= 4019269))
	  ->  Bitmap Index Scan on k_1  (cost=0.00..5.46 rows=103 width=0)
	        Index Cond: ((k >= 4019169) AND (k <= 4019269))

table 2 : explain SELECT k, c FROM sbtest2 WHERE k BETWEEN 4019169 AND 4019269
	Bitmap Heap Scan on sbtest2  (cost=5.46..401.54 rows=100 width=125)
	  Recheck Cond: ((k >= 4019169) AND (k <= 4019269))
	  ->  Bitmap Index Scan on k_2  (cost=0.00..5.43 rows=100 width=0)
	        Index Cond: ((k >= 4019169) AND (k <= 4019269))

table 3 : explain SELECT k, c FROM sbtest3 WHERE k BETWEEN 4019169 AND 4019269
	Bitmap Heap Scan on sbtest3  (cost=5.56..440.97 rows=110 width=125)
	  Recheck Cond: ((k >= 4019169) AND (k <= 4019269))
	  ->  Bitmap Index Scan on k_3  (cost=0.00..5.53 rows=110 width=0)
	        Index Cond: ((k >= 4019169) AND (k <= 4019269))

table 4 : explain SELECT k, c FROM sbtest4 WHERE k BETWEEN 4019169 AND 4019269
	Bitmap Heap Scan on sbtest4  (cost=5.40..378.07 rows=94 width=125)
	  Recheck Cond: ((k >= 4019169) AND (k <= 4019269))
	  ->  Bitmap Index Scan on k_4  (cost=0.00..5.38 rows=94 width=0)
	        Index Cond: ((k >= 4019169) AND (k <= 4019269))

table 5 : explain SELECT k, c FROM sbtest5 WHERE k BETWEEN 4019169 AND 4019269
	Bitmap Heap Scan on sbtest5  (cost=5.48..409.66 rows=102 width=125)
	  Recheck Cond: ((k >= 4019169) AND (k <= 4019269))
	  ->  Bitmap Index Scan on k_5  (cost=0.00..5.45 rows=102 width=0)
	        Index Cond: ((k >= 4019169) AND (k <= 4019269))

table 6 : explain SELECT k, c FROM sbtest6 WHERE k BETWEEN 4019169 AND 4019269
	Bitmap Heap Scan on sbtest6  (cost=5.43..389.74 rows=97 width=125)
	  Recheck Cond: ((k >= 4019169) AND (k <= 4019269))
	  ->  Bitmap Index Scan on k_6  (cost=0.00..5.40 rows=97 width=0)
	        Index Cond: ((k >= 4019169) AND (k <= 4019269))

table 7 : explain SELECT k, c FROM sbtest7 WHERE k BETWEEN 4019169 AND 4019269
	Bitmap Heap Scan on sbtest7  (cost=5.51..421.22 rows=105 width=125)
	  Recheck Cond: ((k >= 4019169) AND (k <= 4019269))
	  ->  Bitmap Index Scan on k_7  (cost=0.00..5.48 rows=105 width=0)
	        Index Cond: ((k >= 4019169) AND (k <= 4019269))

table 8 : explain SELECT k, c FROM sbtest8 WHERE k BETWEEN 4019169 AND 4019269
	Bitmap Heap Scan on sbtest8  (cost=5.47..405.48 rows=101 width=125)
	  Recheck Cond: ((k >= 4019169) AND (k <= 4019269))
	  ->  Bitmap Index Scan on k_8  (cost=0.00..5.44 rows=101 width=0)
	        Index Cond: ((k >= 4019169) AND (k <= 4019269))

for range-notcovered
table 1 : explain SELECT k, c FROM sbtest1 WHERE k BETWEEN 6339179 AND 6339279
	Bitmap Heap Scan on sbtest1  (cost=5.47..405.46 rows=101 width=125)
	  Recheck Cond: ((k >= 6339179) AND (k <= 6339279))
	  ->  Bitmap Index Scan on k_1  (cost=0.00..5.44 rows=101 width=0)
	        Index Cond: ((k >= 6339179) AND (k <= 6339279))

table 2 : explain SELECT k, c FROM sbtest2 WHERE k BETWEEN 6339179 AND 6339279
	Bitmap Heap Scan on sbtest2  (cost=5.43..389.70 rows=97 width=125)
	  Recheck Cond: ((k >= 6339179) AND (k <= 6339279))
	  ->  Bitmap Index Scan on k_2  (cost=0.00..5.40 rows=97 width=0)
	        Index Cond: ((k >= 6339179) AND (k <= 6339279))

table 3 : explain SELECT k, c FROM sbtest3 WHERE k BETWEEN 6339179 AND 6339279
	Bitmap Heap Scan on sbtest3  (cost=5.67..480.35 rows=120 width=125)
	  Recheck Cond: ((k >= 6339179) AND (k <= 6339279))
	  ->  Bitmap Index Scan on k_3  (cost=0.00..5.63 rows=120 width=0)
	        Index Cond: ((k >= 6339179) AND (k <= 6339279))

table 4 : explain SELECT k, c FROM sbtest4 WHERE k BETWEEN 6339179 AND 6339279
	Bitmap Heap Scan on sbtest4  (cost=5.43..389.92 rows=97 width=125)
	  Recheck Cond: ((k >= 6339179) AND (k <= 6339279))
	  ->  Bitmap Index Scan on k_4  (cost=0.00..5.40 rows=97 width=0)
	        Index Cond: ((k >= 6339179) AND (k <= 6339279))

table 5 : explain SELECT k, c FROM sbtest5 WHERE k BETWEEN 6339179 AND 6339279
	Bitmap Heap Scan on sbtest5  (cost=5.45..397.82 rows=99 width=125)
	  Recheck Cond: ((k >= 6339179) AND (k <= 6339279))
	  ->  Bitmap Index Scan on k_5  (cost=0.00..5.42 rows=99 width=0)
	        Index Cond: ((k >= 6339179) AND (k <= 6339279))

table 6 : explain SELECT k, c FROM sbtest6 WHERE k BETWEEN 6339179 AND 6339279
	Bitmap Heap Scan on sbtest6  (cost=5.41..381.84 rows=95 width=125)
	  Recheck Cond: ((k >= 6339179) AND (k <= 6339279))
	  ->  Bitmap Index Scan on k_6  (cost=0.00..5.38 rows=95 width=0)
	        Index Cond: ((k >= 6339179) AND (k <= 6339279))

table 7 : explain SELECT k, c FROM sbtest7 WHERE k BETWEEN 6339179 AND 6339279
	Bitmap Heap Scan on sbtest7  (cost=5.54..433.05 rows=108 width=125)
	  Recheck Cond: ((k >= 6339179) AND (k <= 6339279))
	  ->  Bitmap Index Scan on k_7  (cost=0.00..5.51 rows=108 width=0)
	        Index Cond: ((k >= 6339179) AND (k <= 6339279))

table 8 : explain SELECT k, c FROM sbtest8 WHERE k BETWEEN 6339179 AND 6339279
	Bitmap Heap Scan on sbtest8  (cost=5.39..373.92 rows=93 width=125)
	  Recheck Cond: ((k >= 6339179) AND (k <= 6339279))
	  ->  Bitmap Index Scan on k_8  (cost=0.00..5.36 rows=93 width=0)
	        Index Cond: ((k >= 6339179) AND (k <= 6339279))

explain: for range-notcovered :: explain SELECT k, c FROM sbtest%d WHERE k BETWEEN 8536275 AND 8536375
explain: for range-notcovered :: explain SELECT k, c FROM sbtest%d WHERE k BETWEEN 8312725 AND 8312825
for range-notcovered
table 1 : explain SELECT k, c FROM sbtest1 WHERE k BETWEEN 6246463 AND 6246563
	Bitmap Heap Scan on sbtest1  (cost=5.41..381.80 rows=95 width=125)
	  Recheck Cond: ((k >= 6246463) AND (k <= 6246563))
	  ->  Bitmap Index Scan on k_1  (cost=0.00..5.38 rows=95 width=0)
	        Index Cond: ((k >= 6246463) AND (k <= 6246563))

table 2 : explain SELECT k, c FROM sbtest2 WHERE k BETWEEN 6246463 AND 6246563
	Bitmap Heap Scan on sbtest2  (cost=5.46..401.54 rows=100 width=125)
	  Recheck Cond: ((k >= 6246463) AND (k <= 6246563))
	  ->  Bitmap Index Scan on k_2  (cost=0.00..5.43 rows=100 width=0)
	        Index Cond: ((k >= 6246463) AND (k <= 6246563))

table 3 : explain SELECT k, c FROM sbtest3 WHERE k BETWEEN 6246463 AND 6246563
	Bitmap Heap Scan on sbtest3  (cost=5.45..397.61 rows=99 width=125)
	  Recheck Cond: ((k >= 6246463) AND (k <= 6246563))
	  ->  Bitmap Index Scan on k_3  (cost=0.00..5.42 rows=99 width=0)
	        Index Cond: ((k >= 6246463) AND (k <= 6246563))

table 4 : explain SELECT k, c FROM sbtest4 WHERE k BETWEEN 6246463 AND 6246563
	Bitmap Heap Scan on sbtest4  (cost=5.41..382.02 rows=95 width=125)
	  Recheck Cond: ((k >= 6246463) AND (k <= 6246563))
	  ->  Bitmap Index Scan on k_4  (cost=0.00..5.38 rows=95 width=0)
	        Index Cond: ((k >= 6246463) AND (k <= 6246563))

table 5 : explain SELECT k, c FROM sbtest5 WHERE k BETWEEN 6246463 AND 6246563
	Bitmap Heap Scan on sbtest5  (cost=5.51..421.50 rows=105 width=125)
	  Recheck Cond: ((k >= 6246463) AND (k <= 6246563))
	  ->  Bitmap Index Scan on k_5  (cost=0.00..5.48 rows=105 width=0)
	        Index Cond: ((k >= 6246463) AND (k <= 6246563))

table 6 : explain SELECT k, c FROM sbtest6 WHERE k BETWEEN 6246463 AND 6246563
	Bitmap Heap Scan on sbtest6  (cost=5.34..354.21 rows=88 width=125)
	  Recheck Cond: ((k >= 6246463) AND (k <= 6246563))
	  ->  Bitmap Index Scan on k_6  (cost=0.00..5.31 rows=88 width=0)
	        Index Cond: ((k >= 6246463) AND (k <= 6246563))

table 7 : explain SELECT k, c FROM sbtest7 WHERE k BETWEEN 6246463 AND 6246563
	Bitmap Heap Scan on sbtest7  (cost=5.48..409.40 rows=102 width=125)
	  Recheck Cond: ((k >= 6246463) AND (k <= 6246563))
	  ->  Bitmap Index Scan on k_7  (cost=0.00..5.45 rows=102 width=0)
	        Index Cond: ((k >= 6246463) AND (k <= 6246563))

table 8 : explain SELECT k, c FROM sbtest8 WHERE k BETWEEN 6246463 AND 6246563
	Bitmap Heap Scan on sbtest8  (cost=5.57..444.89 rows=111 width=125)
	  Recheck Cond: ((k >= 6246463) AND (k <= 6246563))
	  ->  Bitmap Index Scan on k_8  (cost=0.00..5.54 rows=111 width=0)
	        Index Cond: ((k >= 6246463) AND (k <= 6246563))

for range-notcovered
table 1 : explain SELECT k, c FROM sbtest1 WHERE k BETWEEN 9580805 AND 9580905
	Bitmap Heap Scan on sbtest1  (cost=5.53..429.12 rows=107 width=125)
	  Recheck Cond: ((k >= 9580805) AND (k <= 9580905))
	  ->  Bitmap Index Scan on k_1  (cost=0.00..5.50 rows=107 width=0)
	        Index Cond: ((k >= 9580805) AND (k <= 9580905))

table 2 : explain SELECT k, c FROM sbtest2 WHERE k BETWEEN 9580805 AND 9580905
	Bitmap Heap Scan on sbtest2  (cost=5.42..385.76 rows=96 width=125)
	  Recheck Cond: ((k >= 9580805) AND (k <= 9580905))
	  ->  Bitmap Index Scan on k_2  (cost=0.00..5.39 rows=96 width=0)
	        Index Cond: ((k >= 9580805) AND (k <= 9580905))

table 3 : explain SELECT k, c FROM sbtest3 WHERE k BETWEEN 9580805 AND 9580905
	Bitmap Heap Scan on sbtest3  (cost=5.45..397.61 rows=99 width=125)
	  Recheck Cond: ((k >= 9580805) AND (k <= 9580905))
	  ->  Bitmap Index Scan on k_3  (cost=0.00..5.42 rows=99 width=0)
	        Index Cond: ((k >= 9580805) AND (k <= 9580905))

table 4 : explain SELECT k, c FROM sbtest4 WHERE k BETWEEN 9580805 AND 9580905
	Bitmap Heap Scan on sbtest4  (cost=5.55..437.27 rows=109 width=125)
	  Recheck Cond: ((k >= 9580805) AND (k <= 9580905))
	  ->  Bitmap Index Scan on k_4  (cost=0.00..5.52 rows=109 width=0)
	        Index Cond: ((k >= 9580805) AND (k <= 9580905))

table 5 : explain SELECT k, c FROM sbtest5 WHERE k BETWEEN 9580805 AND 9580905
	Bitmap Heap Scan on sbtest5  (cost=5.43..389.92 rows=97 width=125)
	  Recheck Cond: ((k >= 9580805) AND (k <= 9580905))
	  ->  Bitmap Index Scan on k_5  (cost=0.00..5.40 rows=97 width=0)
	        Index Cond: ((k >= 9580805) AND (k <= 9580905))

table 6 : explain SELECT k, c FROM sbtest6 WHERE k BETWEEN 9580805 AND 9580905
	Bitmap Heap Scan on sbtest6  (cost=5.68..484.32 rows=121 width=125)
	  Recheck Cond: ((k >= 9580805) AND (k <= 9580905))
	  ->  Bitmap Index Scan on k_6  (cost=0.00..5.64 rows=121 width=0)
	        Index Cond: ((k >= 9580805) AND (k <= 9580905))

table 7 : explain SELECT k, c FROM sbtest7 WHERE k BETWEEN 9580805 AND 9580905
	Bitmap Heap Scan on sbtest7  (cost=5.52..425.16 rows=106 width=125)
	  Recheck Cond: ((k >= 9580805) AND (k <= 9580905))
	  ->  Bitmap Index Scan on k_7  (cost=0.00..5.50 rows=106 width=0)
	        Index Cond: ((k >= 9580805) AND (k <= 9580905))

table 8 : explain SELECT k, c FROM sbtest8 WHERE k BETWEEN 9580805 AND 9580905
	Bitmap Heap Scan on sbtest8  (cost=5.47..405.48 rows=101 width=125)
	  Recheck Cond: ((k >= 9580805) AND (k <= 9580905))
	  ->  Bitmap Index Scan on k_8  (cost=0.00..5.44 rows=101 width=0)
	        Index Cond: ((k >= 9580805) AND (k <= 9580905))


explain: for range-notcovered :: explain SELECT k, c FROM sbtest%d WHERE k BETWEEN 6380588 AND 6380688for range-notcovered
table 1 : explain SELECT k, c FROM sbtest1 WHERE k BETWEEN 1338578 AND 1338678
	Bitmap Heap Scan on sbtest1  (cost=5.46..401.52 rows=100 width=125)
	  Recheck Cond: ((k >= 1338578) AND (k <= 1338678))
	  ->  Bitmap Index Scan on k_1  (cost=0.00..5.43 rows=100 width=0)
	        Index Cond: ((k >= 1338578) AND (k <= 1338678))

table 2 : explain SELECT k, c FROM sbtest2 WHERE k BETWEEN 1338578 AND 1338678
	Bitmap Heap Scan on sbtest2  (cost=5.53..429.14 rows=107 width=125)
	  Recheck Cond: ((k >= 1338578) AND (k <= 1338678))
	  ->  Bitmap Index Scan on k_2  (cost=0.00..5.50 rows=107 width=0)
	        Index Cond: ((k >= 1338578) AND (k <= 1338678))

table 3 : explain SELECT k, c FROM sbtest3 WHERE k BETWEEN 1338578 AND 1338678
	Bitmap Heap Scan on sbtest3  (cost=5.62..464.61 rows=116 width=125)
	  Recheck Cond: ((k >= 1338578) AND (k <= 1338678))
	  ->  Bitmap Index Scan on k_3  (cost=0.00..5.59 rows=116 width=0)
	        Index Cond: ((k >= 1338578) AND (k <= 1338678))

table 4 : explain SELECT k, c FROM sbtest4 WHERE k BETWEEN 1338578 AND 1338678
	Bitmap Heap Scan on sbtest4  (cost=5.53..429.39 rows=107 width=125)
	  Recheck Cond: ((k >= 1338578) AND (k <= 1338678))
	  ->  Bitmap Index Scan on k_4  (cost=0.00..5.50 rows=107 width=0)
	        Index Cond: ((k >= 1338578) AND (k <= 1338678))

table 5 : explain SELECT k, c FROM sbtest5 WHERE k BETWEEN 1338578 AND 1338678
	Bitmap Heap Scan on sbtest5  (cost=5.45..397.82 rows=99 width=125)
	  Recheck Cond: ((k >= 1338578) AND (k <= 1338678))
	  ->  Bitmap Index Scan on k_5  (cost=0.00..5.42 rows=99 width=0)
	        Index Cond: ((k >= 1338578) AND (k <= 1338678))

table 6 : explain SELECT k, c FROM sbtest6 WHERE k BETWEEN 1338578 AND 1338678
	Bitmap Heap Scan on sbtest6  (cost=5.52..425.23 rows=106 width=125)
	  Recheck Cond: ((k >= 1338578) AND (k <= 1338678))
	  ->  Bitmap Index Scan on k_6  (cost=0.00..5.50 rows=106 width=0)
	        Index Cond: ((k >= 1338578) AND (k <= 1338678))

table 7 : explain SELECT k, c FROM sbtest7 WHERE k BETWEEN 1338578 AND 1338678
	Bitmap Heap Scan on sbtest7  (cost=5.46..401.51 rows=100 width=125)
	  Recheck Cond: ((k >= 1338578) AND (k <= 1338678))
	  ->  Bitmap Index Scan on k_7  (cost=0.00..5.43 rows=100 width=0)
	        Index Cond: ((k >= 1338578) AND (k <= 1338678))

table 8 : explain SELECT k, c FROM sbtest8 WHERE k BETWEEN 1338578 AND 1338678
	Bitmap Heap Scan on sbtest8  (cost=5.53..429.13 rows=107 width=125)
	  Recheck Cond: ((k >= 1338578) AND (k <= 1338678))
	  ->  Bitmap Index Scan on k_8  (cost=0.00..5.50 rows=107 width=0)
	        Index Cond: ((k >= 1338578) AND (k <= 1338678))
for range-notcovered
table 1 : explain SELECT k, c FROM sbtest1 WHERE k BETWEEN 6132863 AND 6132963
	Bitmap Heap Scan on sbtest1  (cost=5.47..405.46 rows=101 width=125)
	  Recheck Cond: ((k >= 6132863) AND (k <= 6132963))
	  ->  Bitmap Index Scan on k_1  (cost=0.00..5.44 rows=101 width=0)
	        Index Cond: ((k >= 6132863) AND (k <= 6132963))

table 2 : explain SELECT k, c FROM sbtest2 WHERE k BETWEEN 6132863 AND 6132963
	Bitmap Heap Scan on sbtest2  (cost=5.44..393.65 rows=98 width=125)
	  Recheck Cond: ((k >= 6132863) AND (k <= 6132963))
	  ->  Bitmap Index Scan on k_2  (cost=0.00..5.42 rows=98 width=0)
	        Index Cond: ((k >= 6132863) AND (k <= 6132963))

table 3 : explain SELECT k, c FROM sbtest3 WHERE k BETWEEN 6132863 AND 6132963
	Bitmap Heap Scan on sbtest3  (cost=5.49..413.38 rows=103 width=125)
	  Recheck Cond: ((k >= 6132863) AND (k <= 6132963))
	  ->  Bitmap Index Scan on k_3  (cost=0.00..5.46 rows=103 width=0)
	        Index Cond: ((k >= 6132863) AND (k <= 6132963))

table 4 : explain SELECT k, c FROM sbtest4 WHERE k BETWEEN 6132863 AND 6132963
	Bitmap Heap Scan on sbtest4  (cost=5.48..409.66 rows=102 width=125)
	  Recheck Cond: ((k >= 6132863) AND (k <= 6132963))
	  ->  Bitmap Index Scan on k_4  (cost=0.00..5.45 rows=102 width=0)
	        Index Cond: ((k >= 6132863) AND (k <= 6132963))

table 5 : explain SELECT k, c FROM sbtest5 WHERE k BETWEEN 6132863 AND 6132963
	Bitmap Heap Scan on sbtest5  (cost=5.51..421.50 rows=105 width=125)
	  Recheck Cond: ((k >= 6132863) AND (k <= 6132963))
	  ->  Bitmap Index Scan on k_5  (cost=0.00..5.48 rows=105 width=0)
	        Index Cond: ((k >= 6132863) AND (k <= 6132963))

table 6 : explain SELECT k, c FROM sbtest6 WHERE k BETWEEN 6132863 AND 6132963
	Bitmap Heap Scan on sbtest6  (cost=5.50..417.35 rows=104 width=125)
	  Recheck Cond: ((k >= 6132863) AND (k <= 6132963))
	  ->  Bitmap Index Scan on k_6  (cost=0.00..5.47 rows=104 width=0)
	        Index Cond: ((k >= 6132863) AND (k <= 6132963))

table 7 : explain SELECT k, c FROM sbtest7 WHERE k BETWEEN 6132863 AND 6132963
	Bitmap Heap Scan on sbtest7  (cost=5.50..417.28 rows=104 width=125)
	  Recheck Cond: ((k >= 6132863) AND (k <= 6132963))
	  ->  Bitmap Index Scan on k_7  (cost=0.00..5.47 rows=104 width=0)
	        Index Cond: ((k >= 6132863) AND (k <= 6132963))

table 8 : explain SELECT k, c FROM sbtest8 WHERE k BETWEEN 6132863 AND 6132963
	Bitmap Heap Scan on sbtest8  (cost=5.42..385.76 rows=96 width=125)
	  Recheck Cond: ((k >= 6132863) AND (k <= 6132963))
	  ->  Bitmap Index Scan on k_8  (cost=0.00..5.39 rows=96 width=0)
	        Index Cond: ((k >= 6132863) AND (k <= 6132963))

explain: for range-notcovered :: explain SELECT k, c FROM sbtest%d WHERE k BETWEEN 6246463 AND 6246563
explain: for range-notcovered :: explain SELECT k, c FROM sbtest%d WHERE k BETWEEN 5737342 AND 5737442
explain: for range-notcovered :: explain SELECT k, c FROM sbtest%d WHERE k BETWEEN 4958844 AND 4958944
explain: for range-notcovered :: explain SELECT k, c FROM sbtest%d WHERE k BETWEEN 4134095 AND 4134195

explain: for range-notcovered :: explain SELECT k, c FROM sbtest%d WHERE k BETWEEN 6132863 AND 6132963
for range-notcovered
table 1 : explain SELECT k, c FROM sbtest1 WHERE k BETWEEN 8172398 AND 8172498
	Bitmap Heap Scan on sbtest1  (cost=5.51..421.23 rows=105 width=125)
	  Recheck Cond: ((k >= 8172398) AND (k <= 8172498))
	  ->  Bitmap Index Scan on k_1  (cost=0.00..5.48 rows=105 width=0)
	        Index Cond: ((k >= 8172398) AND (k <= 8172498))

table 2 : explain SELECT k, c FROM sbtest2 WHERE k BETWEEN 8172398 AND 8172498
	Bitmap Heap Scan on sbtest2  (cost=5.36..362.08 rows=90 width=125)
	  Recheck Cond: ((k >= 8172398) AND (k <= 8172498))
	  ->  Bitmap Index Scan on k_2  (cost=0.00..5.33 rows=90 width=0)
	        Index Cond: ((k >= 8172398) AND (k <= 8172498))

table 3 : explain SELECT k, c FROM sbtest3 WHERE k BETWEEN 8172398 AND 8172498
	Bitmap Heap Scan on sbtest3  (cost=5.47..405.49 rows=101 width=125)
	  Recheck Cond: ((k >= 8172398) AND (k <= 8172498))
	  ->  Bitmap Index Scan on k_3  (cost=0.00..5.44 rows=101 width=0)
	        Index Cond: ((k >= 8172398) AND (k <= 8172498))

table 4 : explain SELECT k, c FROM sbtest4 WHERE k BETWEEN 8172398 AND 8172498
	Bitmap Heap Scan on sbtest4  (cost=5.50..417.55 rows=104 width=125)
	  Recheck Cond: ((k >= 8172398) AND (k <= 8172498))
	  ->  Bitmap Index Scan on k_4  (cost=0.00..5.47 rows=104 width=0)
	        Index Cond: ((k >= 8172398) AND (k <= 8172498))

table 5 : explain SELECT k, c FROM sbtest5 WHERE k BETWEEN 8172398 AND 8172498
	Bitmap Heap Scan on sbtest5  (cost=5.55..437.28 rows=109 width=125)
	  Recheck Cond: ((k >= 8172398) AND (k <= 8172498))
	  ->  Bitmap Index Scan on k_5  (cost=0.00..5.52 rows=109 width=0)
	        Index Cond: ((k >= 8172398) AND (k <= 8172498))

table 6 : explain SELECT k, c FROM sbtest6 WHERE k BETWEEN 8172398 AND 8172498
	Bitmap Heap Scan on sbtest6  (cost=5.47..405.52 rows=101 width=125)
	  Recheck Cond: ((k >= 8172398) AND (k <= 8172498))
	  ->  Bitmap Index Scan on k_6  (cost=0.00..5.44 rows=101 width=0)
	        Index Cond: ((k >= 8172398) AND (k <= 8172498))

table 7 : explain SELECT k, c FROM sbtest7 WHERE k BETWEEN 8172398 AND 8172498
	Bitmap Heap Scan on sbtest7  (cost=5.52..425.16 rows=106 width=125)
	  Recheck Cond: ((k >= 8172398) AND (k <= 8172498))
	  ->  Bitmap Index Scan on k_7  (cost=0.00..5.50 rows=106 width=0)
	        Index Cond: ((k >= 8172398) AND (k <= 8172498))

table 8 : explain SELECT k, c FROM sbtest8 WHERE k BETWEEN 8172398 AND 8172498
	Bitmap Heap Scan on sbtest8  (cost=5.43..389.70 rows=97 width=125)
	  Recheck Cond: ((k >= 8172398) AND (k <= 8172498))
	  ->  Bitmap Index Scan on k_8  (cost=0.00..5.40 rows=97 width=0)
	        Index Cond: ((k >= 8172398) AND (k <= 8172498))

explain: for range-notcovered :: explain SELECT k, c FROM sbtest%d WHERE k BETWEEN 4324418 AND 4324518explain: for range-notcovered :: explain SELECT k, c FROM sbtest%d WHERE k BETWEEN 6339179 AND 6339279

explain: for range-notcovered :: explain SELECT k, c FROM sbtest%d WHERE k BETWEEN 3731536 AND 3731636
for range-notcovered
table 1 : explain SELECT k, c FROM sbtest1 WHERE k BETWEEN 2295299 AND 2295399
	Bitmap Heap Scan on sbtest1  (cost=5.44..393.63 rows=98 width=125)
	  Recheck Cond: ((k >= 2295299) AND (k <= 2295399))
	  ->  Bitmap Index Scan on k_1  (cost=0.00..5.42 rows=98 width=0)
	        Index Cond: ((k >= 2295299) AND (k <= 2295399))

table 2 : explain SELECT k, c FROM sbtest2 WHERE k BETWEEN 2295299 AND 2295399
	Bitmap Heap Scan on sbtest2  (cost=5.40..377.87 rows=94 width=125)
	  Recheck Cond: ((k >= 2295299) AND (k <= 2295399))
	  ->  Bitmap Index Scan on k_2  (cost=0.00..5.38 rows=94 width=0)
	        Index Cond: ((k >= 2295299) AND (k <= 2295399))

table 3 : explain SELECT k, c FROM sbtest3 WHERE k BETWEEN 2295299 AND 2295399
	Bitmap Heap Scan on sbtest3  (cost=5.55..437.03 rows=109 width=125)
	  Recheck Cond: ((k >= 2295299) AND (k <= 2295399))
	  ->  Bitmap Index Scan on k_3  (cost=0.00..5.52 rows=109 width=0)
	        Index Cond: ((k >= 2295299) AND (k <= 2295399))

table 4 : explain SELECT k, c FROM sbtest4 WHERE k BETWEEN 2295299 AND 2295399
	Bitmap Heap Scan on sbtest4  (cost=5.44..393.87 rows=98 width=125)
	  Recheck Cond: ((k >= 2295299) AND (k <= 2295399))
	  ->  Bitmap Index Scan on k_4  (cost=0.00..5.42 rows=98 width=0)
	        Index Cond: ((k >= 2295299) AND (k <= 2295399))

table 5 : explain SELECT k, c FROM sbtest5 WHERE k BETWEEN 2295299 AND 2295399
	Bitmap Heap Scan on sbtest5  (cost=5.47..405.71 rows=101 width=125)
	  Recheck Cond: ((k >= 2295299) AND (k <= 2295399))
	  ->  Bitmap Index Scan on k_5  (cost=0.00..5.44 rows=101 width=0)
	        Index Cond: ((k >= 2295299) AND (k <= 2295399))

table 6 : explain SELECT k, c FROM sbtest6 WHERE k BETWEEN 2295299 AND 2295399
	Bitmap Heap Scan on sbtest6  (cost=5.48..409.46 rows=102 width=125)
	  Recheck Cond: ((k >= 2295299) AND (k <= 2295399))
	  ->  Bitmap Index Scan on k_6  (cost=0.00..5.45 rows=102 width=0)
	        Index Cond: ((k >= 2295299) AND (k <= 2295399))

table 7 : explain SELECT k, c FROM sbtest7 WHERE k BETWEEN 2295299 AND 2295399
	Bitmap Heap Scan on sbtest7  (cost=5.44..393.62 rows=98 width=125)
	  Recheck Cond: ((k >= 2295299) AND (k <= 2295399))
	  ->  Bitmap Index Scan on k_7  (cost=0.00..5.42 rows=98 width=0)
	        Index Cond: ((k >= 2295299) AND (k <= 2295399))

table 8 : explain SELECT k, c FROM sbtest8 WHERE k BETWEEN 2295299 AND 2295399
	Bitmap Heap Scan on sbtest8  (cost=5.61..460.65 rows=115 width=125)
	  Recheck Cond: ((k >= 2295299) AND (k <= 2295399))
	  ->  Bitmap Index Scan on k_8  (cost=0.00..5.58 rows=115 width=0)
	        Index Cond: ((k >= 2295299) AND (k <= 2295399))

for range-notcovered
table 1 : explain SELECT k, c FROM sbtest1 WHERE k BETWEEN 1363981 AND 1364081
	Bitmap Heap Scan on sbtest1  (cost=5.46..401.52 rows=100 width=125)
	  Recheck Cond: ((k >= 1363981) AND (k <= 1364081))
	  ->  Bitmap Index Scan on k_1  (cost=0.00..5.43 rows=100 width=0)
	        Index Cond: ((k >= 1363981) AND (k <= 1364081))

table 2 : explain SELECT k, c FROM sbtest2 WHERE k BETWEEN 1363981 AND 1364081
	Bitmap Heap Scan on sbtest2  (cost=5.45..397.59 rows=99 width=125)
	  Recheck Cond: ((k >= 1363981) AND (k <= 1364081))
	  ->  Bitmap Index Scan on k_2  (cost=0.00..5.42 rows=99 width=0)
	        Index Cond: ((k >= 1363981) AND (k <= 1364081))

table 3 : explain SELECT k, c FROM sbtest3 WHERE k BETWEEN 1363981 AND 1364081
	Bitmap Heap Scan on sbtest3  (cost=5.62..464.61 rows=116 width=125)
	  Recheck Cond: ((k >= 1363981) AND (k <= 1364081))
	  ->  Bitmap Index Scan on k_3  (cost=0.00..5.59 rows=116 width=0)
	        Index Cond: ((k >= 1363981) AND (k <= 1364081))

table 4 : explain SELECT k, c FROM sbtest4 WHERE k BETWEEN 1363981 AND 1364081
	Bitmap Heap Scan on sbtest4  (cost=5.53..429.39 rows=107 width=125)
	  Recheck Cond: ((k >= 1363981) AND (k <= 1364081))
	  ->  Bitmap Index Scan on k_4  (cost=0.00..5.50 rows=107 width=0)
	        Index Cond: ((k >= 1363981) AND (k <= 1364081))

table 5 : explain SELECT k, c FROM sbtest5 WHERE k BETWEEN 1363981 AND 1364081
	Bitmap Heap Scan on sbtest5  (cost=5.45..397.82 rows=99 width=125)
	  Recheck Cond: ((k >= 1363981) AND (k <= 1364081))
	  ->  Bitmap Index Scan on k_5  (cost=0.00..5.42 rows=99 width=0)
	        Index Cond: ((k >= 1363981) AND (k <= 1364081))

table 6 : explain SELECT k, c FROM sbtest6 WHERE k BETWEEN 1363981 AND 1364081
	Bitmap Heap Scan on sbtest6  (cost=5.52..425.23 rows=106 width=125)
	  Recheck Cond: ((k >= 1363981) AND (k <= 1364081))
	  ->  Bitmap Index Scan on k_6  (cost=0.00..5.50 rows=106 width=0)
	        Index Cond: ((k >= 1363981) AND (k <= 1364081))

table 7 : explain SELECT k, c FROM sbtest7 WHERE k BETWEEN 1363981 AND 1364081
	Bitmap Heap Scan on sbtest7  (cost=5.46..401.51 rows=100 width=125)
	  Recheck Cond: ((k >= 1363981) AND (k <= 1364081))
	  ->  Bitmap Index Scan on k_7  (cost=0.00..5.43 rows=100 width=0)
	        Index Cond: ((k >= 1363981) AND (k <= 1364081))

table 8 : explain SELECT k, c FROM sbtest8 WHERE k BETWEEN 1363981 AND 1364081
	Bitmap Heap Scan on sbtest8  (cost=5.53..429.13 rows=107 width=125)
	  Recheck Cond: ((k >= 1363981) AND (k <= 1364081))
	  ->  Bitmap Index Scan on k_8  (cost=0.00..5.50 rows=107 width=0)
	        Index Cond: ((k >= 1363981) AND (k <= 1364081))

for range-notcovered
table 1 : explain SELECT k, c FROM sbtest1 WHERE k BETWEEN 6505532 AND 6505632
	Bitmap Heap Scan on sbtest1  (cost=5.47..405.46 rows=101 width=125)
	  Recheck Cond: ((k >= 6505532) AND (k <= 6505632))
	  ->  Bitmap Index Scan on k_1  (cost=0.00..5.44 rows=101 width=0)
	        Index Cond: ((k >= 6505532) AND (k <= 6505632))

table 2 : explain SELECT k, c FROM sbtest2 WHERE k BETWEEN 6505532 AND 6505632
	Bitmap Heap Scan on sbtest2  (cost=5.40..377.87 rows=94 width=125)
	  Recheck Cond: ((k >= 6505532) AND (k <= 6505632))
	  ->  Bitmap Index Scan on k_2  (cost=0.00..5.38 rows=94 width=0)
	        Index Cond: ((k >= 6505532) AND (k <= 6505632))

table 3 : explain SELECT k, c FROM sbtest3 WHERE k BETWEEN 6505532 AND 6505632
	Bitmap Heap Scan on sbtest3  (cost=5.42..385.77 rows=96 width=125)
	  Recheck Cond: ((k >= 6505532) AND (k <= 6505632))
	  ->  Bitmap Index Scan on k_3  (cost=0.00..5.39 rows=96 width=0)
	        Index Cond: ((k >= 6505532) AND (k <= 6505632))

table 4 : explain SELECT k, c FROM sbtest4 WHERE k BETWEEN 6505532 AND 6505632
	Bitmap Heap Scan on sbtest4  (cost=5.44..393.87 rows=98 width=125)
	  Recheck Cond: ((k >= 6505532) AND (k <= 6505632))
	  ->  Bitmap Index Scan on k_4  (cost=0.00..5.42 rows=98 width=0)
	        Index Cond: ((k >= 6505532) AND (k <= 6505632))

table 5 : explain SELECT k, c FROM sbtest5 WHERE k BETWEEN 6505532 AND 6505632
	Bitmap Heap Scan on sbtest5  (cost=5.51..421.50 rows=105 width=125)
	  Recheck Cond: ((k >= 6505532) AND (k <= 6505632))
	  ->  Bitmap Index Scan on k_5  (cost=0.00..5.48 rows=105 width=0)
	        Index Cond: ((k >= 6505532) AND (k <= 6505632))

table 6 : explain SELECT k, c FROM sbtest6 WHERE k BETWEEN 6505532 AND 6505632
	Bitmap Heap Scan on sbtest6  (cost=5.44..393.68 rows=98 width=125)
	  Recheck Cond: ((k >= 6505532) AND (k <= 6505632))
	  ->  Bitmap Index Scan on k_6  (cost=0.00..5.42 rows=98 width=0)
	        Index Cond: ((k >= 6505532) AND (k <= 6505632))

table 7 : explain SELECT k, c FROM sbtest7 WHERE k BETWEEN 6505532 AND 6505632
	Bitmap Heap Scan on sbtest7  (cost=5.47..405.45 rows=101 width=125)
	  Recheck Cond: ((k >= 6505532) AND (k <= 6505632))
	  ->  Bitmap Index Scan on k_7  (cost=0.00..5.44 rows=101 width=0)
	        Index Cond: ((k >= 6505532) AND (k <= 6505632))

table 8 : explain SELECT k, c FROM sbtest8 WHERE k BETWEEN 6505532 AND 6505632
	Bitmap Heap Scan on sbtest8  (cost=5.48..409.42 rows=102 width=125)
	  Recheck Cond: ((k >= 6505532) AND (k <= 6505632))
	  ->  Bitmap Index Scan on k_8  (cost=0.00..5.45 rows=102 width=0)
	        Index Cond: ((k >= 6505532) AND (k <= 6505632))

for range-notcovered
table 1 : explain SELECT k, c FROM sbtest1 WHERE k BETWEEN 2531241 AND 2531341
	Bitmap Heap Scan on sbtest1  (cost=5.51..421.23 rows=105 width=125)
	  Recheck Cond: ((k >= 2531241) AND (k <= 2531341))
	  ->  Bitmap Index Scan on k_1  (cost=0.00..5.48 rows=105 width=0)
	        Index Cond: ((k >= 2531241) AND (k <= 2531341))

table 2 : explain SELECT k, c FROM sbtest2 WHERE k BETWEEN 2531241 AND 2531341
	Bitmap Heap Scan on sbtest2  (cost=5.50..417.31 rows=104 width=125)
	  Recheck Cond: ((k >= 2531241) AND (k <= 2531341))
	  ->  Bitmap Index Scan on k_2  (cost=0.00..5.47 rows=104 width=0)
	        Index Cond: ((k >= 2531241) AND (k <= 2531341))

table 3 : explain SELECT k, c FROM sbtest3 WHERE k BETWEEN 2531241 AND 2531341
	Bitmap Heap Scan on sbtest3  (cost=5.45..397.61 rows=99 width=125)
	  Recheck Cond: ((k >= 2531241) AND (k <= 2531341))
	  ->  Bitmap Index Scan on k_3  (cost=0.00..5.42 rows=99 width=0)
	        Index Cond: ((k >= 2531241) AND (k <= 2531341))

table 4 : explain SELECT k, c FROM sbtest4 WHERE k BETWEEN 2531241 AND 2531341
	Bitmap Heap Scan on sbtest4  (cost=5.47..405.71 rows=101 width=125)
	  Recheck Cond: ((k >= 2531241) AND (k <= 2531341))
	  ->  Bitmap Index Scan on k_4  (cost=0.00..5.44 rows=101 width=0)
	        Index Cond: ((k >= 2531241) AND (k <= 2531341))

table 5 : explain SELECT k, c FROM sbtest5 WHERE k BETWEEN 2531241 AND 2531341
	Bitmap Heap Scan on sbtest5  (cost=5.49..413.61 rows=103 width=125)
	  Recheck Cond: ((k >= 2531241) AND (k <= 2531341))
	  ->  Bitmap Index Scan on k_5  (cost=0.00..5.46 rows=103 width=0)
	        Index Cond: ((k >= 2531241) AND (k <= 2531341))

table 6 : explain SELECT k, c FROM sbtest6 WHERE k BETWEEN 2531241 AND 2531341
	Bitmap Heap Scan on sbtest6  (cost=5.44..393.68 rows=98 width=125)
	  Recheck Cond: ((k >= 2531241) AND (k <= 2531341))
	  ->  Bitmap Index Scan on k_6  (cost=0.00..5.42 rows=98 width=0)
	        Index Cond: ((k >= 2531241) AND (k <= 2531341))

table 7 : explain SELECT k, c FROM sbtest7 WHERE k BETWEEN 2531241 AND 2531341
	Bitmap Heap Scan on sbtest7  (cost=5.41..381.79 rows=95 width=125)
	  Recheck Cond: ((k >= 2531241) AND (k <= 2531341))
	  ->  Bitmap Index Scan on k_7  (cost=0.00..5.38 rows=95 width=0)
	        Index Cond: ((k >= 2531241) AND (k <= 2531341))

table 8 : explain SELECT k, c FROM sbtest8 WHERE k BETWEEN 2531241 AND 2531341
	Bitmap Heap Scan on sbtest8  (cost=5.43..389.70 rows=97 width=125)
	  Recheck Cond: ((k >= 2531241) AND (k <= 2531341))
	  ->  Bitmap Index Scan on k_8  (cost=0.00..5.40 rows=97 width=0)
	        Index Cond: ((k >= 2531241) AND (k <= 2531341))
for range-notcovered
table 1 : explain SELECT k, c FROM sbtest1 WHERE k BETWEEN 4686524 AND 4686624
	Bitmap Heap Scan on sbtest1  (cost=5.50..417.29 rows=104 width=125)
	  Recheck Cond: ((k >= 4686524) AND (k <= 4686624))
	  ->  Bitmap Index Scan on k_1  (cost=0.00..5.47 rows=104 width=0)
	        Index Cond: ((k >= 4686524) AND (k <= 4686624))

table 2 : explain SELECT k, c FROM sbtest2 WHERE k BETWEEN 4686524 AND 4686624
	Bitmap Heap Scan on sbtest2  (cost=5.41..381.81 rows=95 width=125)
	  Recheck Cond: ((k >= 4686524) AND (k <= 4686624))
	  ->  Bitmap Index Scan on k_2  (cost=0.00..5.38 rows=95 width=0)
	        Index Cond: ((k >= 4686524) AND (k <= 4686624))

table 3 : explain SELECT k, c FROM sbtest3 WHERE k BETWEEN 4686524 AND 4686624
	Bitmap Heap Scan on sbtest3  (cost=5.46..401.55 rows=100 width=125)
	  Recheck Cond: ((k >= 4686524) AND (k <= 4686624))
	  ->  Bitmap Index Scan on k_3  (cost=0.00..5.43 rows=100 width=0)
	        Index Cond: ((k >= 4686524) AND (k <= 4686624))

table 4 : explain SELECT k, c FROM sbtest4 WHERE k BETWEEN 4686524 AND 4686624
	Bitmap Heap Scan on sbtest4  (cost=5.39..374.12 rows=93 width=125)
	  Recheck Cond: ((k >= 4686524) AND (k <= 4686624))
	  ->  Bitmap Index Scan on k_4  (cost=0.00..5.36 rows=93 width=0)
	        Index Cond: ((k >= 4686524) AND (k <= 4686624))

table 5 : explain SELECT k, c FROM sbtest5 WHERE k BETWEEN 4686524 AND 4686624
	Bitmap Heap Scan on sbtest5  (cost=5.44..393.87 rows=98 width=125)
	  Recheck Cond: ((k >= 4686524) AND (k <= 4686624))
	  ->  Bitmap Index Scan on k_5  (cost=0.00..5.42 rows=98 width=0)
	        Index Cond: ((k >= 4686524) AND (k <= 4686624))

table 6 : explain SELECT k, c FROM sbtest6 WHERE k BETWEEN 4686524 AND 4686624
	Bitmap Heap Scan on sbtest6  (cost=5.41..381.84 rows=95 width=125)
	  Recheck Cond: ((k >= 4686524) AND (k <= 4686624))
	  ->  Bitmap Index Scan on k_6  (cost=0.00..5.38 rows=95 width=0)
	        Index Cond: ((k >= 4686524) AND (k <= 4686624))

table 7 : explain SELECT k, c FROM sbtest7 WHERE k BETWEEN 4686524 AND 4686624
	Bitmap Heap Scan on sbtest7  (cost=5.37..366.00 rows=91 width=125)
	  Recheck Cond: ((k >= 4686524) AND (k <= 4686624))
	  ->  Bitmap Index Scan on k_7  (cost=0.00..5.34 rows=91 width=0)
	        Index Cond: ((k >= 4686524) AND (k <= 4686624))

table 8 : explain SELECT k, c FROM sbtest8 WHERE k BETWEEN 4686524 AND 4686624
	Bitmap Heap Scan on sbtest8  (cost=5.45..397.59 rows=99 width=125)
	  Recheck Cond: ((k >= 4686524) AND (k <= 4686624))
	  ->  Bitmap Index Scan on k_8  (cost=0.00..5.42 rows=99 width=0)
	        Index Cond: ((k >= 4686524) AND (k <= 4686624))

explain: for range-notcovered :: explain SELECT k, c FROM sbtest%d WHERE k BETWEEN 1338578 AND 1338678


for range-notcovered
table 1 : explain SELECT k, c FROM sbtest1 WHERE k BETWEEN 499318 AND 499418
	Bitmap Heap Scan on sbtest1  (cost=5.50..417.29 rows=104 width=125)
	  Recheck Cond: ((k >= 499318) AND (k <= 499418))
	  ->  Bitmap Index Scan on k_1  (cost=0.00..5.47 rows=104 width=0)
	        Index Cond: ((k >= 499318) AND (k <= 499418))

table 2 : explain SELECT k, c FROM sbtest2 WHERE k BETWEEN 499318 AND 499418
	Bitmap Heap Scan on sbtest2  (cost=5.59..452.78 rows=113 width=125)
	  Recheck Cond: ((k >= 499318) AND (k <= 499418))
	  ->  Bitmap Index Scan on k_2  (cost=0.00..5.56 rows=113 width=0)
	        Index Cond: ((k >= 499318) AND (k <= 499418))

table 3 : explain SELECT k, c FROM sbtest3 WHERE k BETWEEN 499318 AND 499418
	Bitmap Heap Scan on sbtest3  (cost=5.44..393.66 rows=98 width=125)
	  Recheck Cond: ((k >= 499318) AND (k <= 499418))
	  ->  Bitmap Index Scan on k_3  (cost=0.00..5.42 rows=98 width=0)
	        Index Cond: ((k >= 499318) AND (k <= 499418))

table 4 : explain SELECT k, c FROM sbtest4 WHERE k BETWEEN 499318 AND 499418
	Bitmap Heap Scan on sbtest4  (cost=5.47..405.71 rows=101 width=125)
	  Recheck Cond: ((k >= 499318) AND (k <= 499418))
	  ->  Bitmap Index Scan on k_4  (cost=0.00..5.44 rows=101 width=0)
	        Index Cond: ((k >= 499318) AND (k <= 499418))

table 5 : explain SELECT k, c FROM sbtest5 WHERE k BETWEEN 499318 AND 499418
	Bitmap Heap Scan on sbtest5  (cost=5.38..370.17 rows=92 width=125)
	  Recheck Cond: ((k >= 499318) AND (k <= 499418))
	  ->  Bitmap Index Scan on k_5  (cost=0.00..5.35 rows=92 width=0)
	        Index Cond: ((k >= 499318) AND (k <= 499418))

table 6 : explain SELECT k, c FROM sbtest6 WHERE k BETWEEN 499318 AND 499418
	Bitmap Heap Scan on sbtest6  (cost=5.57..444.94 rows=111 width=125)
	  Recheck Cond: ((k >= 499318) AND (k <= 499418))
	  ->  Bitmap Index Scan on k_6  (cost=0.00..5.54 rows=111 width=0)
	        Index Cond: ((k >= 499318) AND (k <= 499418))

table 7 : explain SELECT k, c FROM sbtest7 WHERE k BETWEEN 499318 AND 499418
	Bitmap Heap Scan on sbtest7  (cost=5.42..385.73 rows=96 width=125)
	  Recheck Cond: ((k >= 499318) AND (k <= 499418))
	  ->  Bitmap Index Scan on k_7  (cost=0.00..5.39 rows=96 width=0)
	        Index Cond: ((k >= 499318) AND (k <= 499418))

table 8 : explain SELECT k, c FROM sbtest8 WHERE k BETWEEN 499318 AND 499418
	Bitmap Heap Scan on sbtest8  (cost=5.50..417.31 rows=104 width=125)
	  Recheck Cond: ((k >= 499318) AND (k <= 499418))
	  ->  Bitmap Index Scan on k_8  (cost=0.00..5.47 rows=104 width=0)
	        Index Cond: ((k >= 499318) AND (k <= 499418))

for range-notcovered
table 1 : explain SELECT k, c FROM sbtest1 WHERE k BETWEEN 5706738 AND 5706838
	Bitmap Heap Scan on sbtest1  (cost=5.52..425.18 rows=106 width=125)
	  Recheck Cond: ((k >= 5706738) AND (k <= 5706838))
	  ->  Bitmap Index Scan on k_1  (cost=0.00..5.50 rows=106 width=0)
	        Index Cond: ((k >= 5706738) AND (k <= 5706838))

table 2 : explain SELECT k, c FROM sbtest2 WHERE k BETWEEN 5706738 AND 5706838
	Bitmap Heap Scan on sbtest2  (cost=5.47..405.48 rows=101 width=125)
	  Recheck Cond: ((k >= 5706738) AND (k <= 5706838))
	  ->  Bitmap Index Scan on k_2  (cost=0.00..5.44 rows=101 width=0)
	        Index Cond: ((k >= 5706738) AND (k <= 5706838))

table 3 : explain SELECT k, c FROM sbtest3 WHERE k BETWEEN 5706738 AND 5706838
	Bitmap Heap Scan on sbtest3  (cost=5.50..417.32 rows=104 width=125)
	  Recheck Cond: ((k >= 5706738) AND (k <= 5706838))
	  ->  Bitmap Index Scan on k_3  (cost=0.00..5.47 rows=104 width=0)
	        Index Cond: ((k >= 5706738) AND (k <= 5706838))

table 4 : explain SELECT k, c FROM sbtest4 WHERE k BETWEEN 5706738 AND 5706838
	Bitmap Heap Scan on sbtest4  (cost=5.48..409.66 rows=102 width=125)
	  Recheck Cond: ((k >= 5706738) AND (k <= 5706838))
	  ->  Bitmap Index Scan on k_4  (cost=0.00..5.45 rows=102 width=0)
	        Index Cond: ((k >= 5706738) AND (k <= 5706838))

table 5 : explain SELECT k, c FROM sbtest5 WHERE k BETWEEN 5706738 AND 5706838
	Bitmap Heap Scan on sbtest5  (cost=5.37..366.22 rows=91 width=125)
	  Recheck Cond: ((k >= 5706738) AND (k <= 5706838))
	  ->  Bitmap Index Scan on k_5  (cost=0.00..5.34 rows=91 width=0)
	        Index Cond: ((k >= 5706738) AND (k <= 5706838))

table 6 : explain SELECT k, c FROM sbtest6 WHERE k BETWEEN 5706738 AND 5706838
	Bitmap Heap Scan on sbtest6  (cost=5.50..417.35 rows=104 width=125)
	  Recheck Cond: ((k >= 5706738) AND (k <= 5706838))
	  ->  Bitmap Index Scan on k_6  (cost=0.00..5.47 rows=104 width=0)
	        Index Cond: ((k >= 5706738) AND (k <= 5706838))

table 7 : explain SELECT k, c FROM sbtest7 WHERE k BETWEEN 5706738 AND 5706838
	Bitmap Heap Scan on sbtest7  (cost=5.49..413.34 rows=103 width=125)
	  Recheck Cond: ((k >= 5706738) AND (k <= 5706838))
	  ->  Bitmap Index Scan on k_7  (cost=0.00..5.46 rows=103 width=0)
	        Index Cond: ((k >= 5706738) AND (k <= 5706838))

table 8 : explain SELECT k, c FROM sbtest8 WHERE k BETWEEN 5706738 AND 5706838
	Bitmap Heap Scan on sbtest8  (cost=5.50..417.31 rows=104 width=125)
	  Recheck Cond: ((k >= 5706738) AND (k <= 5706838))
	  ->  Bitmap Index Scan on k_8  (cost=0.00..5.47 rows=104 width=0)
	        Index Cond: ((k >= 5706738) AND (k <= 5706838))

for range-notcovered
table 1 : explain SELECT k, c FROM sbtest1 WHERE k BETWEEN 5644186 AND 5644286
	Bitmap Heap Scan on sbtest1  (cost=5.49..413.35 rows=103 width=125)
	  Recheck Cond: ((k >= 5644186) AND (k <= 5644286))
	  ->  Bitmap Index Scan on k_1  (cost=0.00..5.46 rows=103 width=0)
	        Index Cond: ((k >= 5644186) AND (k <= 5644286))

table 2 : explain SELECT k, c FROM sbtest2 WHERE k BETWEEN 5644186 AND 5644286
	Bitmap Heap Scan on sbtest2  (cost=5.47..405.48 rows=101 width=125)
	  Recheck Cond: ((k >= 5644186) AND (k <= 5644286))
	  ->  Bitmap Index Scan on k_2  (cost=0.00..5.44 rows=101 width=0)
	        Index Cond: ((k >= 5644186) AND (k <= 5644286))

table 3 : explain SELECT k, c FROM sbtest3 WHERE k BETWEEN 5644186 AND 5644286
	Bitmap Heap Scan on sbtest3  (cost=5.47..405.49 rows=101 width=125)
	  Recheck Cond: ((k >= 5644186) AND (k <= 5644286))
	  ->  Bitmap Index Scan on k_3  (cost=0.00..5.44 rows=101 width=0)
	        Index Cond: ((k >= 5644186) AND (k <= 5644286))

table 4 : explain SELECT k, c FROM sbtest4 WHERE k BETWEEN 5644186 AND 5644286
	Bitmap Heap Scan on sbtest4  (cost=5.56..441.22 rows=110 width=125)
	  Recheck Cond: ((k >= 5644186) AND (k <= 5644286))
	  ->  Bitmap Index Scan on k_4  (cost=0.00..5.53 rows=110 width=0)
	        Index Cond: ((k >= 5644186) AND (k <= 5644286))

table 5 : explain SELECT k, c FROM sbtest5 WHERE k BETWEEN 5644186 AND 5644286
	Bitmap Heap Scan on sbtest5  (cost=5.46..401.77 rows=100 width=125)
	  Recheck Cond: ((k >= 5644186) AND (k <= 5644286))
	  ->  Bitmap Index Scan on k_5  (cost=0.00..5.43 rows=100 width=0)
	        Index Cond: ((k >= 5644186) AND (k <= 5644286))

table 6 : explain SELECT k, c FROM sbtest6 WHERE k BETWEEN 5644186 AND 5644286
	Bitmap Heap Scan on sbtest6  (cost=5.50..417.35 rows=104 width=125)
	  Recheck Cond: ((k >= 5644186) AND (k <= 5644286))
	  ->  Bitmap Index Scan on k_6  (cost=0.00..5.47 rows=104 width=0)
	        Index Cond: ((k >= 5644186) AND (k <= 5644286))

table 7 : explain SELECT k, c FROM sbtest7 WHERE k BETWEEN 5644186 AND 5644286
	Bitmap Heap Scan on sbtest7  (cost=5.49..413.34 rows=103 width=125)
	  Recheck Cond: ((k >= 5644186) AND (k <= 5644286))
	  ->  Bitmap Index Scan on k_7  (cost=0.00..5.46 rows=103 width=0)
	        Index Cond: ((k >= 5644186) AND (k <= 5644286))

table 8 : explain SELECT k, c FROM sbtest8 WHERE k BETWEEN 5644186 AND 5644286
	Bitmap Heap Scan on sbtest8  (cost=5.57..444.89 rows=111 width=125)
	  Recheck Cond: ((k >= 5644186) AND (k <= 5644286))
	  ->  Bitmap Index Scan on k_8  (cost=0.00..5.54 rows=111 width=0)
	        Index Cond: ((k >= 5644186) AND (k <= 5644286))
for range-notcovered
table 1 : explain SELECT k, c FROM sbtest1 WHERE k BETWEEN 7876412 AND 7876512
	Bitmap Heap Scan on sbtest1  (cost=5.42..385.74 rows=96 width=125)
	  Recheck Cond: ((k >= 7876412) AND (k <= 7876512))
	  ->  Bitmap Index Scan on k_1  (cost=0.00..5.39 rows=96 width=0)
	        Index Cond: ((k >= 7876412) AND (k <= 7876512))

table 2 : explain SELECT k, c FROM sbtest2 WHERE k BETWEEN 7876412 AND 7876512
	Bitmap Heap Scan on sbtest2  (cost=5.48..409.43 rows=102 width=125)
	  Recheck Cond: ((k >= 7876412) AND (k <= 7876512))
	  ->  Bitmap Index Scan on k_2  (cost=0.00..5.45 rows=102 width=0)
	        Index Cond: ((k >= 7876412) AND (k <= 7876512))

table 3 : explain SELECT k, c FROM sbtest3 WHERE k BETWEEN 7876412 AND 7876512
	Bitmap Heap Scan on sbtest3  (cost=5.44..393.66 rows=98 width=125)
	  Recheck Cond: ((k >= 7876412) AND (k <= 7876512))
	  ->  Bitmap Index Scan on k_3  (cost=0.00..5.42 rows=98 width=0)
	        Index Cond: ((k >= 7876412) AND (k <= 7876512))

table 4 : explain SELECT k, c FROM sbtest4 WHERE k BETWEEN 7876412 AND 7876512
	Bitmap Heap Scan on sbtest4  (cost=5.49..413.60 rows=103 width=125)
	  Recheck Cond: ((k >= 7876412) AND (k <= 7876512))
	  ->  Bitmap Index Scan on k_4  (cost=0.00..5.46 rows=103 width=0)
	        Index Cond: ((k >= 7876412) AND (k <= 7876512))

table 5 : explain SELECT k, c FROM sbtest5 WHERE k BETWEEN 7876412 AND 7876512
	Bitmap Heap Scan on sbtest5  (cost=5.62..464.87 rows=116 width=125)
	  Recheck Cond: ((k >= 7876412) AND (k <= 7876512))
	  ->  Bitmap Index Scan on k_5  (cost=0.00..5.59 rows=116 width=0)
	        Index Cond: ((k >= 7876412) AND (k <= 7876512))

table 6 : explain SELECT k, c FROM sbtest6 WHERE k BETWEEN 7876412 AND 7876512
	Bitmap Heap Scan on sbtest6  (cost=5.51..421.29 rows=105 width=125)
	  Recheck Cond: ((k >= 7876412) AND (k <= 7876512))
	  ->  Bitmap Index Scan on k_6  (cost=0.00..5.48 rows=105 width=0)
	        Index Cond: ((k >= 7876412) AND (k <= 7876512))

table 7 : explain SELECT k, c FROM sbtest7 WHERE k BETWEEN 7876412 AND 7876512
	Bitmap Heap Scan on sbtest7  (cost=5.54..433.05 rows=108 width=125)
	  Recheck Cond: ((k >= 7876412) AND (k <= 7876512))
	  ->  Bitmap Index Scan on k_7  (cost=0.00..5.51 rows=108 width=0)
	        Index Cond: ((k >= 7876412) AND (k <= 7876512))

table 8 : explain SELECT k, c FROM sbtest8 WHERE k BETWEEN 7876412 AND 7876512
	Bitmap Heap Scan on sbtest8  (cost=5.59..452.77 rows=113 width=125)
	  Recheck Cond: ((k >= 7876412) AND (k <= 7876512))
	  ->  Bitmap Index Scan on k_8  (cost=0.00..5.56 rows=113 width=0)
	        Index Cond: ((k >= 7876412) AND (k <= 7876512))

for range-notcovered
table 1 : explain SELECT k, c FROM sbtest1 WHERE k BETWEEN 9039001 AND 9039101
	Bitmap Heap Scan on sbtest1  (cost=5.53..429.12 rows=107 width=125)
	  Recheck Cond: ((k >= 9039001) AND (k <= 9039101))
	  ->  Bitmap Index Scan on k_1  (cost=0.00..5.50 rows=107 width=0)
	        Index Cond: ((k >= 9039001) AND (k <= 9039101))

table 2 : explain SELECT k, c FROM sbtest2 WHERE k BETWEEN 9039001 AND 9039101
	Bitmap Heap Scan on sbtest2  (cost=5.53..429.14 rows=107 width=125)
	  Recheck Cond: ((k >= 9039001) AND (k <= 9039101))
	  ->  Bitmap Index Scan on k_2  (cost=0.00..5.50 rows=107 width=0)
	        Index Cond: ((k >= 9039001) AND (k <= 9039101))

table 3 : explain SELECT k, c FROM sbtest3 WHERE k BETWEEN 9039001 AND 9039101
	Bitmap Heap Scan on sbtest3  (cost=5.52..425.21 rows=106 width=125)
	  Recheck Cond: ((k >= 9039001) AND (k <= 9039101))
	  ->  Bitmap Index Scan on k_3  (cost=0.00..5.50 rows=106 width=0)
	        Index Cond: ((k >= 9039001) AND (k <= 9039101))

table 4 : explain SELECT k, c FROM sbtest4 WHERE k BETWEEN 9039001 AND 9039101
	Bitmap Heap Scan on sbtest4  (cost=5.42..385.97 rows=96 width=125)
	  Recheck Cond: ((k >= 9039001) AND (k <= 9039101))
	  ->  Bitmap Index Scan on k_4  (cost=0.00..5.39 rows=96 width=0)
	        Index Cond: ((k >= 9039001) AND (k <= 9039101))

table 5 : explain SELECT k, c FROM sbtest5 WHERE k BETWEEN 9039001 AND 9039101
	Bitmap Heap Scan on sbtest5  (cost=5.52..425.44 rows=106 width=125)
	  Recheck Cond: ((k >= 9039001) AND (k <= 9039101))
	  ->  Bitmap Index Scan on k_5  (cost=0.00..5.50 rows=106 width=0)
	        Index Cond: ((k >= 9039001) AND (k <= 9039101))

table 6 : explain SELECT k, c FROM sbtest6 WHERE k BETWEEN 9039001 AND 9039101
	Bitmap Heap Scan on sbtest6  (cost=5.45..397.63 rows=99 width=125)
	  Recheck Cond: ((k >= 9039001) AND (k <= 9039101))
	  ->  Bitmap Index Scan on k_6  (cost=0.00..5.42 rows=99 width=0)
	        Index Cond: ((k >= 9039001) AND (k <= 9039101))

table 7 : explain SELECT k, c FROM sbtest7 WHERE k BETWEEN 9039001 AND 9039101
	Bitmap Heap Scan on sbtest7  (cost=5.52..425.16 rows=106 width=125)
	  Recheck Cond: ((k >= 9039001) AND (k <= 9039101))
	  ->  Bitmap Index Scan on k_7  (cost=0.00..5.50 rows=106 width=0)
	        Index Cond: ((k >= 9039001) AND (k <= 9039101))

table 8 : explain SELECT k, c FROM sbtest8 WHERE k BETWEEN 9039001 AND 9039101
	Bitmap Heap Scan on sbtest8  (cost=5.46..401.53 rows=100 width=125)
	  Recheck Cond: ((k >= 9039001) AND (k <= 9039101))
	  ->  Bitmap Index Scan on k_8  (cost=0.00..5.43 rows=100 width=0)
	        Index Cond: ((k >= 9039001) AND (k <= 9039101))

explain: for range-notcovered :: explain SELECT k, c FROM sbtest%d WHERE k BETWEEN 4019169 AND 4019269explain: for range-notcovered :: explain SELECT k, c FROM sbtest%d WHERE k BETWEEN 2295299 AND 2295399explain: for range-notcovered :: explain SELECT k, c FROM sbtest%d WHERE k BETWEEN 1363981 AND 1364081for range-notcovered
table 1 : explain SELECT k, c FROM sbtest1 WHERE k BETWEEN 5454301 AND 5454401
	Bitmap Heap Scan on sbtest1  (cost=5.54..433.06 rows=108 width=125)
	  Recheck Cond: ((k >= 5454301) AND (k <= 5454401))
	  ->  Bitmap Index Scan on k_1  (cost=0.00..5.51 rows=108 width=0)
	        Index Cond: ((k >= 5454301) AND (k <= 5454401))

table 2 : explain SELECT k, c FROM sbtest2 WHERE k BETWEEN 5454301 AND 5454401
	Bitmap Heap Scan on sbtest2  (cost=5.40..377.87 rows=94 width=125)
	  Recheck Cond: ((k >= 5454301) AND (k <= 5454401))
	  ->  Bitmap Index Scan on k_2  (cost=0.00..5.38 rows=94 width=0)
	        Index Cond: ((k >= 5454301) AND (k <= 5454401))

table 3 : explain SELECT k, c FROM sbtest3 WHERE k BETWEEN 5454301 AND 5454401
	Bitmap Heap Scan on sbtest3  (cost=5.50..417.32 rows=104 width=125)
	  Recheck Cond: ((k >= 5454301) AND (k <= 5454401))
	  ->  Bitmap Index Scan on k_3  (cost=0.00..5.47 rows=104 width=0)
	        Index Cond: ((k >= 5454301) AND (k <= 5454401))

table 4 : explain SELECT k, c FROM sbtest4 WHERE k BETWEEN 5454301 AND 5454401
	Bitmap Heap Scan on sbtest4  (cost=5.51..421.50 rows=105 width=125)
	  Recheck Cond: ((k >= 5454301) AND (k <= 5454401))
	  ->  Bitmap Index Scan on k_4  (cost=0.00..5.48 rows=105 width=0)
	        Index Cond: ((k >= 5454301) AND (k <= 5454401))

table 5 : explain SELECT k, c FROM sbtest5 WHERE k BETWEEN 5454301 AND 5454401
	Bitmap Heap Scan on sbtest5  (cost=5.58..449.11 rows=112 width=125)
	  Recheck Cond: ((k >= 5454301) AND (k <= 5454401))
	  ->  Bitmap Index Scan on k_5  (cost=0.00..5.55 rows=112 width=0)
	        Index Cond: ((k >= 5454301) AND (k <= 5454401))

table 6 : explain SELECT k, c FROM sbtest6 WHERE k BETWEEN 5454301 AND 5454401
	Bitmap Heap Scan on sbtest6  (cost=5.54..433.11 rows=108 width=125)
	  Recheck Cond: ((k >= 5454301) AND (k <= 5454401))
	  ->  Bitmap Index Scan on k_6  (cost=0.00..5.51 rows=108 width=0)
	        Index Cond: ((k >= 5454301) AND (k <= 5454401))

table 7 : explain SELECT k, c FROM sbtest7 WHERE k BETWEEN 5454301 AND 5454401
	Bitmap Heap Scan on sbtest7  (cost=5.42..385.73 rows=96 width=125)
	  Recheck Cond: ((k >= 5454301) AND (k <= 5454401))
	  ->  Bitmap Index Scan on k_7  (cost=0.00..5.39 rows=96 width=0)
	        Index Cond: ((k >= 5454301) AND (k <= 5454401))

table 8 : explain SELECT k, c FROM sbtest8 WHERE k BETWEEN 5454301 AND 5454401
	Bitmap Heap Scan on sbtest8  (cost=5.46..401.53 rows=100 width=125)
	  Recheck Cond: ((k >= 5454301) AND (k <= 5454401))
	  ->  Bitmap Index Scan on k_8  (cost=0.00..5.43 rows=100 width=0)
	        Index Cond: ((k >= 5454301) AND (k <= 5454401))

for range-notcovered
table 1 : explain SELECT k, c FROM sbtest1 WHERE k BETWEEN 5928016 AND 5928116
	Bitmap Heap Scan on sbtest1  (cost=5.41..381.80 rows=95 width=125)
	  Recheck Cond: ((k >= 5928016) AND (k <= 5928116))
	  ->  Bitmap Index Scan on k_1  (cost=0.00..5.38 rows=95 width=0)
	        Index Cond: ((k >= 5928016) AND (k <= 5928116))

table 2 : explain SELECT k, c FROM sbtest2 WHERE k BETWEEN 5928016 AND 5928116
	Bitmap Heap Scan on sbtest2  (cost=5.36..362.08 rows=90 width=125)
	  Recheck Cond: ((k >= 5928016) AND (k <= 5928116))
	  ->  Bitmap Index Scan on k_2  (cost=0.00..5.33 rows=90 width=0)
	        Index Cond: ((k >= 5928016) AND (k <= 5928116))

table 3 : explain SELECT k, c FROM sbtest3 WHERE k BETWEEN 5928016 AND 5928116
	Bitmap Heap Scan on sbtest3  (cost=5.52..425.21 rows=106 width=125)
	  Recheck Cond: ((k >= 5928016) AND (k <= 5928116))
	  ->  Bitmap Index Scan on k_3  (cost=0.00..5.50 rows=106 width=0)
	        Index Cond: ((k >= 5928016) AND (k <= 5928116))

table 4 : explain SELECT k, c FROM sbtest4 WHERE k BETWEEN 5928016 AND 5928116
	Bitmap Heap Scan on sbtest4  (cost=5.51..421.50 rows=105 width=125)
	  Recheck Cond: ((k >= 5928016) AND (k <= 5928116))
	  ->  Bitmap Index Scan on k_4  (cost=0.00..5.48 rows=105 width=0)
	        Index Cond: ((k >= 5928016) AND (k <= 5928116))

table 5 : explain SELECT k, c FROM sbtest5 WHERE k BETWEEN 5928016 AND 5928116
	Bitmap Heap Scan on sbtest5  (cost=5.41..382.02 rows=95 width=125)
	  Recheck Cond: ((k >= 5928016) AND (k <= 5928116))
	  ->  Bitmap Index Scan on k_5  (cost=0.00..5.38 rows=95 width=0)
	        Index Cond: ((k >= 5928016) AND (k <= 5928116))

table 6 : explain SELECT k, c FROM sbtest6 WHERE k BETWEEN 5928016 AND 5928116
	Bitmap Heap Scan on sbtest6  (cost=5.56..441.00 rows=110 width=125)
	  Recheck Cond: ((k >= 5928016) AND (k <= 5928116))
	  ->  Bitmap Index Scan on k_6  (cost=0.00..5.53 rows=110 width=0)
	        Index Cond: ((k >= 5928016) AND (k <= 5928116))

table 7 : explain SELECT k, c FROM sbtest7 WHERE k BETWEEN 5928016 AND 5928116
	Bitmap Heap Scan on sbtest7  (cost=5.45..397.57 rows=99 width=125)
	  Recheck Cond: ((k >= 5928016) AND (k <= 5928116))
	  ->  Bitmap Index Scan on k_7  (cost=0.00..5.42 rows=99 width=0)
	        Index Cond: ((k >= 5928016) AND (k <= 5928116))

table 8 : explain SELECT k, c FROM sbtest8 WHERE k BETWEEN 5928016 AND 5928116
	Bitmap Heap Scan on sbtest8  (cost=5.53..429.13 rows=107 width=125)
	  Recheck Cond: ((k >= 5928016) AND (k <= 5928116))
	  ->  Bitmap Index Scan on k_8  (cost=0.00..5.50 rows=107 width=0)
	        Index Cond: ((k >= 5928016) AND (k <= 5928116))

explain: for range-notcovered :: explain SELECT k, c FROM sbtest%d WHERE k BETWEEN 6505532 AND 6505632

explain: for range-notcovered :: explain SELECT k, c FROM sbtest%d WHERE k BETWEEN 9039001 AND 9039101
for range-notcovered
table 1 : explain SELECT k, c FROM sbtest1 WHERE k BETWEEN 6206397 AND 6206497
	Bitmap Heap Scan on sbtest1  (cost=5.47..405.46 rows=101 width=125)
	  Recheck Cond: ((k >= 6206397) AND (k <= 6206497))
	  ->  Bitmap Index Scan on k_1  (cost=0.00..5.44 rows=101 width=0)
	        Index Cond: ((k >= 6206397) AND (k <= 6206497))

table 2 : explain SELECT k, c FROM sbtest2 WHERE k BETWEEN 6206397 AND 6206497
	Bitmap Heap Scan on sbtest2  (cost=5.46..401.54 rows=100 width=125)
	  Recheck Cond: ((k >= 6206397) AND (k <= 6206497))
	  ->  Bitmap Index Scan on k_2  (cost=0.00..5.43 rows=100 width=0)
	        Index Cond: ((k >= 6206397) AND (k <= 6206497))

table 3 : explain SELECT k, c FROM sbtest3 WHERE k BETWEEN 6206397 AND 6206497
	Bitmap Heap Scan on sbtest3  (cost=5.45..397.61 rows=99 width=125)
	  Recheck Cond: ((k >= 6206397) AND (k <= 6206497))
	  ->  Bitmap Index Scan on k_3  (cost=0.00..5.42 rows=99 width=0)
	        Index Cond: ((k >= 6206397) AND (k <= 6206497))

table 4 : explain SELECT k, c FROM sbtest4 WHERE k BETWEEN 6206397 AND 6206497
	Bitmap Heap Scan on sbtest4  (cost=5.41..382.02 rows=95 width=125)
	  Recheck Cond: ((k >= 6206397) AND (k <= 6206497))
	  ->  Bitmap Index Scan on k_4  (cost=0.00..5.38 rows=95 width=0)
	        Index Cond: ((k >= 6206397) AND (k <= 6206497))

table 5 : explain SELECT k, c FROM sbtest5 WHERE k BETWEEN 6206397 AND 6206497
	Bitmap Heap Scan on sbtest5  (cost=5.51..421.50 rows=105 width=125)
	  Recheck Cond: ((k >= 6206397) AND (k <= 6206497))
	  ->  Bitmap Index Scan on k_5  (cost=0.00..5.48 rows=105 width=0)
	        Index Cond: ((k >= 6206397) AND (k <= 6206497))

table 6 : explain SELECT k, c FROM sbtest6 WHERE k BETWEEN 6206397 AND 6206497
	Bitmap Heap Scan on sbtest6  (cost=5.34..354.21 rows=88 width=125)
	  Recheck Cond: ((k >= 6206397) AND (k <= 6206497))
	  ->  Bitmap Index Scan on k_6  (cost=0.00..5.31 rows=88 width=0)
	        Index Cond: ((k >= 6206397) AND (k <= 6206497))

table 7 : explain SELECT k, c FROM sbtest7 WHERE k BETWEEN 6206397 AND 6206497
	Bitmap Heap Scan on sbtest7  (cost=5.49..413.34 rows=103 width=125)
	  Recheck Cond: ((k >= 6206397) AND (k <= 6206497))
	  ->  Bitmap Index Scan on k_7  (cost=0.00..5.46 rows=103 width=0)
	        Index Cond: ((k >= 6206397) AND (k <= 6206497))

table 8 : explain SELECT k, c FROM sbtest8 WHERE k BETWEEN 6206397 AND 6206497
	Bitmap Heap Scan on sbtest8  (cost=5.42..385.76 rows=96 width=125)
	  Recheck Cond: ((k >= 6206397) AND (k <= 6206497))
	  ->  Bitmap Index Scan on k_8  (cost=0.00..5.39 rows=96 width=0)
	        Index Cond: ((k >= 6206397) AND (k <= 6206497))

explain: for range-notcovered :: explain SELECT k, c FROM sbtest%d WHERE k BETWEEN 4686524 AND 4686624
explain: for range-notcovered :: explain SELECT k, c FROM sbtest%d WHERE k BETWEEN 5706738 AND 5706838




explain: for range-notcovered :: explain SELECT k, c FROM sbtest%d WHERE k BETWEEN 499318 AND 499418
explain: for range-notcovered :: explain SELECT k, c FROM sbtest%d WHERE k BETWEEN 3530048 AND 3530148
explain: for range-notcovered :: explain SELECT k, c FROM sbtest%d WHERE k BETWEEN 7876412 AND 7876512
for range-notcovered
table 1 : explain SELECT k, c FROM sbtest1 WHERE k BETWEEN 7465771 AND 7465871
	Bitmap Heap Scan on sbtest1  (cost=5.62..464.57 rows=116 width=125)
	  Recheck Cond: ((k >= 7465771) AND (k <= 7465871))
	  ->  Bitmap Index Scan on k_1  (cost=0.00..5.59 rows=116 width=0)
	        Index Cond: ((k >= 7465771) AND (k <= 7465871))

table 2 : explain SELECT k, c FROM sbtest2 WHERE k BETWEEN 7465771 AND 7465871
	Bitmap Heap Scan on sbtest2  (cost=5.41..381.81 rows=95 width=125)
	  Recheck Cond: ((k >= 7465771) AND (k <= 7465871))
	  ->  Bitmap Index Scan on k_2  (cost=0.00..5.38 rows=95 width=0)
	        Index Cond: ((k >= 7465771) AND (k <= 7465871))

table 3 : explain SELECT k, c FROM sbtest3 WHERE k BETWEEN 7465771 AND 7465871
	Bitmap Heap Scan on sbtest3  (cost=5.47..405.49 rows=101 width=125)
	  Recheck Cond: ((k >= 7465771) AND (k <= 7465871))
	  ->  Bitmap Index Scan on k_3  (cost=0.00..5.44 rows=101 width=0)
	        Index Cond: ((k >= 7465771) AND (k <= 7465871))

table 4 : explain SELECT k, c FROM sbtest4 WHERE k BETWEEN 7465771 AND 7465871
	Bitmap Heap Scan on sbtest4  (cost=5.49..413.60 rows=103 width=125)
	  Recheck Cond: ((k >= 7465771) AND (k <= 7465871))
	  ->  Bitmap Index Scan on k_4  (cost=0.00..5.46 rows=103 width=0)
	        Index Cond: ((k >= 7465771) AND (k <= 7465871))

table 5 : explain SELECT k, c FROM sbtest5 WHERE k BETWEEN 7465771 AND 7465871
	Bitmap Heap Scan on sbtest5  (cost=5.48..409.66 rows=102 width=125)
	  Recheck Cond: ((k >= 7465771) AND (k <= 7465871))
	  ->  Bitmap Index Scan on k_5  (cost=0.00..5.45 rows=102 width=0)
	        Index Cond: ((k >= 7465771) AND (k <= 7465871))

table 6 : explain SELECT k, c FROM sbtest6 WHERE k BETWEEN 7465771 AND 7465871
	Bitmap Heap Scan on sbtest6  (cost=5.50..417.35 rows=104 width=125)
	  Recheck Cond: ((k >= 7465771) AND (k <= 7465871))
	  ->  Bitmap Index Scan on k_6  (cost=0.00..5.47 rows=104 width=0)
	        Index Cond: ((k >= 7465771) AND (k <= 7465871))

table 7 : explain SELECT k, c FROM sbtest7 WHERE k BETWEEN 7465771 AND 7465871
	Bitmap Heap Scan on sbtest7  (cost=5.43..389.68 rows=97 width=125)
	  Recheck Cond: ((k >= 7465771) AND (k <= 7465871))
	  ->  Bitmap Index Scan on k_7  (cost=0.00..5.40 rows=97 width=0)
	        Index Cond: ((k >= 7465771) AND (k <= 7465871))

table 8 : explain SELECT k, c FROM sbtest8 WHERE k BETWEEN 7465771 AND 7465871
	Bitmap Heap Scan on sbtest8  (cost=5.48..409.42 rows=102 width=125)
	  Recheck Cond: ((k >= 7465771) AND (k <= 7465871))
	  ->  Bitmap Index Scan on k_8  (cost=0.00..5.45 rows=102 width=0)
	        Index Cond: ((k >= 7465771) AND (k <= 7465871))

explain: for range-notcovered :: explain SELECT k, c FROM sbtest%d WHERE k BETWEEN 5454301 AND 5454401
for range-notcovered
table 1 : explain SELECT k, c FROM sbtest1 WHERE k BETWEEN 576376 AND 576476
	Bitmap Heap Scan on sbtest1  (cost=5.44..393.63 rows=98 width=125)
	  Recheck Cond: ((k >= 576376) AND (k <= 576476))
	  ->  Bitmap Index Scan on k_1  (cost=0.00..5.42 rows=98 width=0)
	        Index Cond: ((k >= 576376) AND (k <= 576476))

table 2 : explain SELECT k, c FROM sbtest2 WHERE k BETWEEN 576376 AND 576476
	Bitmap Heap Scan on sbtest2  (cost=5.42..385.76 rows=96 width=125)
	  Recheck Cond: ((k >= 576376) AND (k <= 576476))
	  ->  Bitmap Index Scan on k_2  (cost=0.00..5.39 rows=96 width=0)
	        Index Cond: ((k >= 576376) AND (k <= 576476))

table 3 : explain SELECT k, c FROM sbtest3 WHERE k BETWEEN 576376 AND 576476
	Bitmap Heap Scan on sbtest3  (cost=5.44..393.66 rows=98 width=125)
	  Recheck Cond: ((k >= 576376) AND (k <= 576476))
	  ->  Bitmap Index Scan on k_3  (cost=0.00..5.42 rows=98 width=0)
	        Index Cond: ((k >= 576376) AND (k <= 576476))

table 4 : explain SELECT k, c FROM sbtest4 WHERE k BETWEEN 576376 AND 576476
	Bitmap Heap Scan on sbtest4  (cost=5.45..397.82 rows=99 width=125)
	  Recheck Cond: ((k >= 576376) AND (k <= 576476))
	  ->  Bitmap Index Scan on k_4  (cost=0.00..5.42 rows=99 width=0)
	        Index Cond: ((k >= 576376) AND (k <= 576476))

table 5 : explain SELECT k, c FROM sbtest5 WHERE k BETWEEN 576376 AND 576476
	Bitmap Heap Scan on sbtest5  (cost=5.45..397.82 rows=99 width=125)
	  Recheck Cond: ((k >= 576376) AND (k <= 576476))
	  ->  Bitmap Index Scan on k_5  (cost=0.00..5.42 rows=99 width=0)
	        Index Cond: ((k >= 576376) AND (k <= 576476))

table 6 : explain SELECT k, c FROM sbtest6 WHERE k BETWEEN 576376 AND 576476
	Bitmap Heap Scan on sbtest6  (cost=5.57..444.94 rows=111 width=125)
	  Recheck Cond: ((k >= 576376) AND (k <= 576476))
	  ->  Bitmap Index Scan on k_6  (cost=0.00..5.54 rows=111 width=0)
	        Index Cond: ((k >= 576376) AND (k <= 576476))

table 7 : explain SELECT k, c FROM sbtest7 WHERE k BETWEEN 576376 AND 576476
	Bitmap Heap Scan on sbtest7  (cost=5.42..385.73 rows=96 width=125)
	  Recheck Cond: ((k >= 576376) AND (k <= 576476))
	  ->  Bitmap Index Scan on k_7  (cost=0.00..5.39 rows=96 width=0)
	        Index Cond: ((k >= 576376) AND (k <= 576476))

table 8 : explain SELECT k, c FROM sbtest8 WHERE k BETWEEN 576376 AND 576476
	Bitmap Heap Scan on sbtest8  (cost=5.54..433.07 rows=108 width=125)
	  Recheck Cond: ((k >= 576376) AND (k <= 576476))
	  ->  Bitmap Index Scan on k_8  (cost=0.00..5.51 rows=108 width=0)
	        Index Cond: ((k >= 576376) AND (k <= 576476))

explain: for range-notcovered :: explain SELECT k, c FROM sbtest%d WHERE k BETWEEN 5928016 AND 5928116for range-notcovered
table 1 : explain SELECT k, c FROM sbtest1 WHERE k BETWEEN 6059499 AND 6059599
	Bitmap Heap Scan on sbtest1  (cost=5.42..385.74 rows=96 width=125)
	  Recheck Cond: ((k >= 6059499) AND (k <= 6059599))
	  ->  Bitmap Index Scan on k_1  (cost=0.00..5.39 rows=96 width=0)
	        Index Cond: ((k >= 6059499) AND (k <= 6059599))

table 2 : explain SELECT k, c FROM sbtest2 WHERE k BETWEEN 6059499 AND 6059599
	Bitmap Heap Scan on sbtest2  (cost=5.43..389.70 rows=97 width=125)
	  Recheck Cond: ((k >= 6059499) AND (k <= 6059599))
	  ->  Bitmap Index Scan on k_2  (cost=0.00..5.40 rows=97 width=0)
	        Index Cond: ((k >= 6059499) AND (k <= 6059599))

table 3 : explain SELECT k, c FROM sbtest3 WHERE k BETWEEN 6059499 AND 6059599
	Bitmap Heap Scan on sbtest3  (cost=5.50..417.32 rows=104 width=125)
	  Recheck Cond: ((k >= 6059499) AND (k <= 6059599))
	  ->  Bitmap Index Scan on k_3  (cost=0.00..5.47 rows=104 width=0)
	        Index Cond: ((k >= 6059499) AND (k <= 6059599))

table 4 : explain SELECT k, c FROM sbtest4 WHERE k BETWEEN 6059499 AND 6059599
	Bitmap Heap Scan on sbtest4  (cost=5.48..409.66 rows=102 width=125)
	  Recheck Cond: ((k >= 6059499) AND (k <= 6059599))
	  ->  Bitmap Index Scan on k_4  (cost=0.00..5.45 rows=102 width=0)
	        Index Cond: ((k >= 6059499) AND (k <= 6059599))

table 5 : explain SELECT k, c FROM sbtest5 WHERE k BETWEEN 6059499 AND 6059599
	Bitmap Heap Scan on sbtest5  (cost=5.57..445.16 rows=111 width=125)
	  Recheck Cond: ((k >= 6059499) AND (k <= 6059599))
	  ->  Bitmap Index Scan on k_5  (cost=0.00..5.54 rows=111 width=0)
	        Index Cond: ((k >= 6059499) AND (k <= 6059599))

table 6 : explain SELECT k, c FROM sbtest6 WHERE k BETWEEN 6059499 AND 6059599
	Bitmap Heap Scan on sbtest6  (cost=5.56..441.00 rows=110 width=125)
	  Recheck Cond: ((k >= 6059499) AND (k <= 6059599))
	  ->  Bitmap Index Scan on k_6  (cost=0.00..5.53 rows=110 width=0)
	        Index Cond: ((k >= 6059499) AND (k <= 6059599))

table 7 : explain SELECT k, c FROM sbtest7 WHERE k BETWEEN 6059499 AND 6059599
	Bitmap Heap Scan on sbtest7  (cost=5.50..417.28 rows=104 width=125)
	  Recheck Cond: ((k >= 6059499) AND (k <= 6059599))
	  ->  Bitmap Index Scan on k_7  (cost=0.00..5.47 rows=104 width=0)
	        Index Cond: ((k >= 6059499) AND (k <= 6059599))

table 8 : explain SELECT k, c FROM sbtest8 WHERE k BETWEEN 6059499 AND 6059599
	Bitmap Heap Scan on sbtest8  (cost=5.45..397.59 rows=99 width=125)
	  Recheck Cond: ((k >= 6059499) AND (k <= 6059599))
	  ->  Bitmap Index Scan on k_8  (cost=0.00..5.42 rows=99 width=0)
	        Index Cond: ((k >= 6059499) AND (k <= 6059599))
for range-notcovered
table 1 : explain SELECT k, c FROM sbtest1 WHERE k BETWEEN 5712429 AND 5712529
	Bitmap Heap Scan on sbtest1  (cost=5.52..425.18 rows=106 width=125)
	  Recheck Cond: ((k >= 5712429) AND (k <= 5712529))
	  ->  Bitmap Index Scan on k_1  (cost=0.00..5.50 rows=106 width=0)
	        Index Cond: ((k >= 5712429) AND (k <= 5712529))

table 2 : explain SELECT k, c FROM sbtest2 WHERE k BETWEEN 5712429 AND 5712529
	Bitmap Heap Scan on sbtest2  (cost=5.47..405.48 rows=101 width=125)
	  Recheck Cond: ((k >= 5712429) AND (k <= 5712529))
	  ->  Bitmap Index Scan on k_2  (cost=0.00..5.44 rows=101 width=0)
	        Index Cond: ((k >= 5712429) AND (k <= 5712529))

table 3 : explain SELECT k, c FROM sbtest3 WHERE k BETWEEN 5712429 AND 5712529
	Bitmap Heap Scan on sbtest3  (cost=5.50..417.32 rows=104 width=125)
	  Recheck Cond: ((k >= 5712429) AND (k <= 5712529))
	  ->  Bitmap Index Scan on k_3  (cost=0.00..5.47 rows=104 width=0)
	        Index Cond: ((k >= 5712429) AND (k <= 5712529))

table 4 : explain SELECT k, c FROM sbtest4 WHERE k BETWEEN 5712429 AND 5712529
	Bitmap Heap Scan on sbtest4  (cost=5.48..409.66 rows=102 width=125)
	  Recheck Cond: ((k >= 5712429) AND (k <= 5712529))
	  ->  Bitmap Index Scan on k_4  (cost=0.00..5.45 rows=102 width=0)
	        Index Cond: ((k >= 5712429) AND (k <= 5712529))

table 5 : explain SELECT k, c FROM sbtest5 WHERE k BETWEEN 5712429 AND 5712529
	Bitmap Heap Scan on sbtest5  (cost=5.37..366.22 rows=91 width=125)
	  Recheck Cond: ((k >= 5712429) AND (k <= 5712529))
	  ->  Bitmap Index Scan on k_5  (cost=0.00..5.34 rows=91 width=0)
	        Index Cond: ((k >= 5712429) AND (k <= 5712529))

table 6 : explain SELECT k, c FROM sbtest6 WHERE k BETWEEN 5712429 AND 5712529
	Bitmap Heap Scan on sbtest6  (cost=5.50..417.35 rows=104 width=125)
	  Recheck Cond: ((k >= 5712429) AND (k <= 5712529))
	  ->  Bitmap Index Scan on k_6  (cost=0.00..5.47 rows=104 width=0)
	        Index Cond: ((k >= 5712429) AND (k <= 5712529))

table 7 : explain SELECT k, c FROM sbtest7 WHERE k BETWEEN 5712429 AND 5712529
	Bitmap Heap Scan on sbtest7  (cost=5.49..413.34 rows=103 width=125)
	  Recheck Cond: ((k >= 5712429) AND (k <= 5712529))
	  ->  Bitmap Index Scan on k_7  (cost=0.00..5.46 rows=103 width=0)
	        Index Cond: ((k >= 5712429) AND (k <= 5712529))

table 8 : explain SELECT k, c FROM sbtest8 WHERE k BETWEEN 5712429 AND 5712529
	Bitmap Heap Scan on sbtest8  (cost=5.50..417.31 rows=104 width=125)
	  Recheck Cond: ((k >= 5712429) AND (k <= 5712529))
	  ->  Bitmap Index Scan on k_8  (cost=0.00..5.47 rows=104 width=0)
	        Index Cond: ((k >= 5712429) AND (k <= 5712529))

for range-notcovered
table 1 : explain SELECT k, c FROM sbtest1 WHERE k BETWEEN 4813597 AND 4813697
	Bitmap Heap Scan on sbtest1  (cost=5.47..405.46 rows=101 width=125)
	  Recheck Cond: ((k >= 4813597) AND (k <= 4813697))
	  ->  Bitmap Index Scan on k_1  (cost=0.00..5.44 rows=101 width=0)
	        Index Cond: ((k >= 4813597) AND (k <= 4813697))

table 2 : explain SELECT k, c FROM sbtest2 WHERE k BETWEEN 4813597 AND 4813697
	Bitmap Heap Scan on sbtest2  (cost=5.45..397.59 rows=99 width=125)
	  Recheck Cond: ((k >= 4813597) AND (k <= 4813697))
	  ->  Bitmap Index Scan on k_2  (cost=0.00..5.42 rows=99 width=0)
	        Index Cond: ((k >= 4813597) AND (k <= 4813697))

table 3 : explain SELECT k, c FROM sbtest3 WHERE k BETWEEN 4813597 AND 4813697
	Bitmap Heap Scan on sbtest3  (cost=5.48..409.44 rows=102 width=125)
	  Recheck Cond: ((k >= 4813597) AND (k <= 4813697))
	  ->  Bitmap Index Scan on k_3  (cost=0.00..5.45 rows=102 width=0)
	        Index Cond: ((k >= 4813597) AND (k <= 4813697))

table 4 : explain SELECT k, c FROM sbtest4 WHERE k BETWEEN 4813597 AND 4813697
	Bitmap Heap Scan on sbtest4  (cost=5.41..382.02 rows=95 width=125)
	  Recheck Cond: ((k >= 4813597) AND (k <= 4813697))
	  ->  Bitmap Index Scan on k_4  (cost=0.00..5.38 rows=95 width=0)
	        Index Cond: ((k >= 4813597) AND (k <= 4813697))

table 5 : explain SELECT k, c FROM sbtest5 WHERE k BETWEEN 4813597 AND 4813697
	Bitmap Heap Scan on sbtest5  (cost=5.50..417.55 rows=104 width=125)
	  Recheck Cond: ((k >= 4813597) AND (k <= 4813697))
	  ->  Bitmap Index Scan on k_5  (cost=0.00..5.47 rows=104 width=0)
	        Index Cond: ((k >= 4813597) AND (k <= 4813697))

table 6 : explain SELECT k, c FROM sbtest6 WHERE k BETWEEN 4813597 AND 4813697
	Bitmap Heap Scan on sbtest6  (cost=5.45..397.63 rows=99 width=125)
	  Recheck Cond: ((k >= 4813597) AND (k <= 4813697))
	  ->  Bitmap Index Scan on k_6  (cost=0.00..5.42 rows=99 width=0)
	        Index Cond: ((k >= 4813597) AND (k <= 4813697))

table 7 : explain SELECT k, c FROM sbtest7 WHERE k BETWEEN 4813597 AND 4813697
	Bitmap Heap Scan on sbtest7  (cost=5.50..417.28 rows=104 width=125)
	  Recheck Cond: ((k >= 4813597) AND (k <= 4813697))
	  ->  Bitmap Index Scan on k_7  (cost=0.00..5.47 rows=104 width=0)
	        Index Cond: ((k >= 4813597) AND (k <= 4813697))

table 8 : explain SELECT k, c FROM sbtest8 WHERE k BETWEEN 4813597 AND 4813697
	Bitmap Heap Scan on sbtest8  (cost=5.38..369.97 rows=92 width=125)
	  Recheck Cond: ((k >= 4813597) AND (k <= 4813697))
	  ->  Bitmap Index Scan on k_8  (cost=0.00..5.35 rows=92 width=0)
	        Index Cond: ((k >= 4813597) AND (k <= 4813697))

explain: for range-notcovered :: explain SELECT k, c FROM sbtest%d WHERE k BETWEEN 6206397 AND 6206497

for range-notcovered
table 1 : explain SELECT k, c FROM sbtest1 WHERE k BETWEEN 8547191 AND 8547291
	Bitmap Heap Scan on sbtest1  (cost=5.42..385.74 rows=96 width=125)
	  Recheck Cond: ((k >= 8547191) AND (k <= 8547291))
	  ->  Bitmap Index Scan on k_1  (cost=0.00..5.39 rows=96 width=0)
	        Index Cond: ((k >= 8547191) AND (k <= 8547291))

table 2 : explain SELECT k, c FROM sbtest2 WHERE k BETWEEN 8547191 AND 8547291
	Bitmap Heap Scan on sbtest2  (cost=5.43..389.70 rows=97 width=125)
	  Recheck Cond: ((k >= 8547191) AND (k <= 8547291))
	  ->  Bitmap Index Scan on k_2  (cost=0.00..5.40 rows=97 width=0)
	        Index Cond: ((k >= 8547191) AND (k <= 8547291))

table 3 : explain SELECT k, c FROM sbtest3 WHERE k BETWEEN 8547191 AND 8547291
	Bitmap Heap Scan on sbtest3  (cost=5.46..401.55 rows=100 width=125)
	  Recheck Cond: ((k >= 8547191) AND (k <= 8547291))
	  ->  Bitmap Index Scan on k_3  (cost=0.00..5.43 rows=100 width=0)
	        Index Cond: ((k >= 8547191) AND (k <= 8547291))

table 4 : explain SELECT k, c FROM sbtest4 WHERE k BETWEEN 8547191 AND 8547291
	Bitmap Heap Scan on sbtest4  (cost=5.51..421.50 rows=105 width=125)
	  Recheck Cond: ((k >= 8547191) AND (k <= 8547291))
	  ->  Bitmap Index Scan on k_4  (cost=0.00..5.48 rows=105 width=0)
	        Index Cond: ((k >= 8547191) AND (k <= 8547291))

table 5 : explain SELECT k, c FROM sbtest5 WHERE k BETWEEN 8547191 AND 8547291
	Bitmap Heap Scan on sbtest5  (cost=5.58..449.11 rows=112 width=125)
	  Recheck Cond: ((k >= 8547191) AND (k <= 8547291))
	  ->  Bitmap Index Scan on k_5  (cost=0.00..5.55 rows=112 width=0)
	        Index Cond: ((k >= 8547191) AND (k <= 8547291))

table 6 : explain SELECT k, c FROM sbtest6 WHERE k BETWEEN 8547191 AND 8547291
	Bitmap Heap Scan on sbtest6  (cost=5.45..397.63 rows=99 width=125)
	  Recheck Cond: ((k >= 8547191) AND (k <= 8547291))
	  ->  Bitmap Index Scan on k_6  (cost=0.00..5.42 rows=99 width=0)
	        Index Cond: ((k >= 8547191) AND (k <= 8547291))

table 7 : explain SELECT k, c FROM sbtest7 WHERE k BETWEEN 8547191 AND 8547291
	Bitmap Heap Scan on sbtest7  (cost=5.47..405.45 rows=101 width=125)
	  Recheck Cond: ((k >= 8547191) AND (k <= 8547291))
	  ->  Bitmap Index Scan on k_7  (cost=0.00..5.44 rows=101 width=0)
	        Index Cond: ((k >= 8547191) AND (k <= 8547291))

table 8 : explain SELECT k, c FROM sbtest8 WHERE k BETWEEN 8547191 AND 8547291
	Bitmap Heap Scan on sbtest8  (cost=5.47..405.48 rows=101 width=125)
	  Recheck Cond: ((k >= 8547191) AND (k <= 8547291))
	  ->  Bitmap Index Scan on k_8  (cost=0.00..5.44 rows=101 width=0)
	        Index Cond: ((k >= 8547191) AND (k <= 8547291))

for range-notcovered
table 1 : explain SELECT k, c FROM sbtest1 WHERE k BETWEEN 8536275 AND 8536375
	Bitmap Heap Scan on sbtest1  (cost=5.42..385.74 rows=96 width=125)
	  Recheck Cond: ((k >= 8536275) AND (k <= 8536375))
	  ->  Bitmap Index Scan on k_1  (cost=0.00..5.39 rows=96 width=0)
	        Index Cond: ((k >= 8536275) AND (k <= 8536375))

table 2 : explain SELECT k, c FROM sbtest2 WHERE k BETWEEN 8536275 AND 8536375
	Bitmap Heap Scan on sbtest2  (cost=5.43..389.70 rows=97 width=125)
	  Recheck Cond: ((k >= 8536275) AND (k <= 8536375))
	  ->  Bitmap Index Scan on k_2  (cost=0.00..5.40 rows=97 width=0)
	        Index Cond: ((k >= 8536275) AND (k <= 8536375))

table 3 : explain SELECT k, c FROM sbtest3 WHERE k BETWEEN 8536275 AND 8536375
	Bitmap Heap Scan on sbtest3  (cost=5.46..401.55 rows=100 width=125)
	  Recheck Cond: ((k >= 8536275) AND (k <= 8536375))
	  ->  Bitmap Index Scan on k_3  (cost=0.00..5.43 rows=100 width=0)
	        Index Cond: ((k >= 8536275) AND (k <= 8536375))

table 4 : explain SELECT k, c FROM sbtest4 WHERE k BETWEEN 8536275 AND 8536375
	Bitmap Heap Scan on sbtest4  (cost=5.51..421.50 rows=105 width=125)
	  Recheck Cond: ((k >= 8536275) AND (k <= 8536375))
	  ->  Bitmap Index Scan on k_4  (cost=0.00..5.48 rows=105 width=0)
	        Index Cond: ((k >= 8536275) AND (k <= 8536375))

table 5 : explain SELECT k, c FROM sbtest5 WHERE k BETWEEN 8536275 AND 8536375
	Bitmap Heap Scan on sbtest5  (cost=5.58..449.11 rows=112 width=125)
	  Recheck Cond: ((k >= 8536275) AND (k <= 8536375))
	  ->  Bitmap Index Scan on k_5  (cost=0.00..5.55 rows=112 width=0)
	        Index Cond: ((k >= 8536275) AND (k <= 8536375))

table 6 : explain SELECT k, c FROM sbtest6 WHERE k BETWEEN 8536275 AND 8536375
	Bitmap Heap Scan on sbtest6  (cost=5.39..373.95 rows=93 width=125)
	  Recheck Cond: ((k >= 8536275) AND (k <= 8536375))
	  ->  Bitmap Index Scan on k_6  (cost=0.00..5.36 rows=93 width=0)
	        Index Cond: ((k >= 8536275) AND (k <= 8536375))

table 7 : explain SELECT k, c FROM sbtest7 WHERE k BETWEEN 8536275 AND 8536375
	Bitmap Heap Scan on sbtest7  (cost=5.47..405.45 rows=101 width=125)
	  Recheck Cond: ((k >= 8536275) AND (k <= 8536375))
	  ->  Bitmap Index Scan on k_7  (cost=0.00..5.44 rows=101 width=0)
	        Index Cond: ((k >= 8536275) AND (k <= 8536375))

table 8 : explain SELECT k, c FROM sbtest8 WHERE k BETWEEN 8536275 AND 8536375
	Bitmap Heap Scan on sbtest8  (cost=5.47..405.48 rows=101 width=125)
	  Recheck Cond: ((k >= 8536275) AND (k <= 8536375))
	  ->  Bitmap Index Scan on k_8  (cost=0.00..5.44 rows=101 width=0)
	        Index Cond: ((k >= 8536275) AND (k <= 8536375))


for range-notcovered
table 1 : explain SELECT k, c FROM sbtest1 WHERE k BETWEEN 4958844 AND 4958944
	Bitmap Heap Scan on sbtest1  (cost=5.47..405.46 rows=101 width=125)
	  Recheck Cond: ((k >= 4958844) AND (k <= 4958944))
	  ->  Bitmap Index Scan on k_1  (cost=0.00..5.44 rows=101 width=0)
	        Index Cond: ((k >= 4958844) AND (k <= 4958944))

table 2 : explain SELECT k, c FROM sbtest2 WHERE k BETWEEN 4958844 AND 4958944
	Bitmap Heap Scan on sbtest2  (cost=5.42..385.76 rows=96 width=125)
	  Recheck Cond: ((k >= 4958844) AND (k <= 4958944))
	  ->  Bitmap Index Scan on k_2  (cost=0.00..5.39 rows=96 width=0)
	        Index Cond: ((k >= 4958844) AND (k <= 4958944))

table 3 : explain SELECT k, c FROM sbtest3 WHERE k BETWEEN 4958844 AND 4958944
	Bitmap Heap Scan on sbtest3  (cost=5.56..440.97 rows=110 width=125)
	  Recheck Cond: ((k >= 4958844) AND (k <= 4958944))
	  ->  Bitmap Index Scan on k_3  (cost=0.00..5.53 rows=110 width=0)
	        Index Cond: ((k >= 4958844) AND (k <= 4958944))

table 4 : explain SELECT k, c FROM sbtest4 WHERE k BETWEEN 4958844 AND 4958944
	Bitmap Heap Scan on sbtest4  (cost=5.50..417.55 rows=104 width=125)
	  Recheck Cond: ((k >= 4958844) AND (k <= 4958944))
	  ->  Bitmap Index Scan on k_4  (cost=0.00..5.47 rows=104 width=0)
	        Index Cond: ((k >= 4958844) AND (k <= 4958944))

table 5 : explain SELECT k, c FROM sbtest5 WHERE k BETWEEN 4958844 AND 4958944
	Bitmap Heap Scan on sbtest5  (cost=5.43..389.92 rows=97 width=125)
	  Recheck Cond: ((k >= 4958844) AND (k <= 4958944))
	  ->  Bitmap Index Scan on k_5  (cost=0.00..5.40 rows=97 width=0)
	        Index Cond: ((k >= 4958844) AND (k <= 4958944))

table 6 : explain SELECT k, c FROM sbtest6 WHERE k BETWEEN 4958844 AND 4958944
	Bitmap Heap Scan on sbtest6  (cost=5.47..405.52 rows=101 width=125)
	  Recheck Cond: ((k >= 4958844) AND (k <= 4958944))
	  ->  Bitmap Index Scan on k_6  (cost=0.00..5.44 rows=101 width=0)
	        Index Cond: ((k >= 4958844) AND (k <= 4958944))

table 7 : explain SELECT k, c FROM sbtest7 WHERE k BETWEEN 4958844 AND 4958944
	Bitmap Heap Scan on sbtest7  (cost=5.41..381.79 rows=95 width=125)
	  Recheck Cond: ((k >= 4958844) AND (k <= 4958944))
	  ->  Bitmap Index Scan on k_7  (cost=0.00..5.38 rows=95 width=0)
	        Index Cond: ((k >= 4958844) AND (k <= 4958944))

table 8 : explain SELECT k, c FROM sbtest8 WHERE k BETWEEN 4958844 AND 4958944
	Bitmap Heap Scan on sbtest8  (cost=5.46..401.53 rows=100 width=125)
	  Recheck Cond: ((k >= 4958844) AND (k <= 4958944))
	  ->  Bitmap Index Scan on k_8  (cost=0.00..5.43 rows=100 width=0)
	        Index Cond: ((k >= 4958844) AND (k <= 4958944))
for range-notcovered
table 1 : explain SELECT k, c FROM sbtest1 WHERE k BETWEEN 6132863 AND 6132963
	Bitmap Heap Scan on sbtest1  (cost=5.47..405.46 rows=101 width=125)
	  Recheck Cond: ((k >= 6132863) AND (k <= 6132963))
	  ->  Bitmap Index Scan on k_1  (cost=0.00..5.44 rows=101 width=0)
	        Index Cond: ((k >= 6132863) AND (k <= 6132963))

table 2 : explain SELECT k, c FROM sbtest2 WHERE k BETWEEN 6132863 AND 6132963
	Bitmap Heap Scan on sbtest2  (cost=5.44..393.65 rows=98 width=125)
	  Recheck Cond: ((k >= 6132863) AND (k <= 6132963))
	  ->  Bitmap Index Scan on k_2  (cost=0.00..5.42 rows=98 width=0)
	        Index Cond: ((k >= 6132863) AND (k <= 6132963))

table 3 : explain SELECT k, c FROM sbtest3 WHERE k BETWEEN 6132863 AND 6132963
	Bitmap Heap Scan on sbtest3  (cost=5.49..413.38 rows=103 width=125)
	  Recheck Cond: ((k >= 6132863) AND (k <= 6132963))
	  ->  Bitmap Index Scan on k_3  (cost=0.00..5.46 rows=103 width=0)
	        Index Cond: ((k >= 6132863) AND (k <= 6132963))

table 4 : explain SELECT k, c FROM sbtest4 WHERE k BETWEEN 6132863 AND 6132963
	Bitmap Heap Scan on sbtest4  (cost=5.48..409.66 rows=102 width=125)
	  Recheck Cond: ((k >= 6132863) AND (k <= 6132963))
	  ->  Bitmap Index Scan on k_4  (cost=0.00..5.45 rows=102 width=0)
	        Index Cond: ((k >= 6132863) AND (k <= 6132963))

table 5 : explain SELECT k, c FROM sbtest5 WHERE k BETWEEN 6132863 AND 6132963
	Bitmap Heap Scan on sbtest5  (cost=5.51..421.50 rows=105 width=125)
	  Recheck Cond: ((k >= 6132863) AND (k <= 6132963))
	  ->  Bitmap Index Scan on k_5  (cost=0.00..5.48 rows=105 width=0)
	        Index Cond: ((k >= 6132863) AND (k <= 6132963))

table 6 : explain SELECT k, c FROM sbtest6 WHERE k BETWEEN 6132863 AND 6132963
	Bitmap Heap Scan on sbtest6  (cost=5.50..417.35 rows=104 width=125)
	  Recheck Cond: ((k >= 6132863) AND (k <= 6132963))
	  ->  Bitmap Index Scan on k_6  (cost=0.00..5.47 rows=104 width=0)
	        Index Cond: ((k >= 6132863) AND (k <= 6132963))

table 7 : explain SELECT k, c FROM sbtest7 WHERE k BETWEEN 6132863 AND 6132963
	Bitmap Heap Scan on sbtest7  (cost=5.50..417.28 rows=104 width=125)
	  Recheck Cond: ((k >= 6132863) AND (k <= 6132963))
	  ->  Bitmap Index Scan on k_7  (cost=0.00..5.47 rows=104 width=0)
	        Index Cond: ((k >= 6132863) AND (k <= 6132963))

table 8 : explain SELECT k, c FROM sbtest8 WHERE k BETWEEN 6132863 AND 6132963
	Bitmap Heap Scan on sbtest8  (cost=5.42..385.76 rows=96 width=125)
	  Recheck Cond: ((k >= 6132863) AND (k <= 6132963))
	  ->  Bitmap Index Scan on k_8  (cost=0.00..5.39 rows=96 width=0)
	        Index Cond: ((k >= 6132863) AND (k <= 6132963))


for range-notcovered
table 1 : explain SELECT k, c FROM sbtest1 WHERE k BETWEEN 6380588 AND 6380688
	Bitmap Heap Scan on sbtest1  (cost=5.47..405.46 rows=101 width=125)
	  Recheck Cond: ((k >= 6380588) AND (k <= 6380688))
	  ->  Bitmap Index Scan on k_1  (cost=0.00..5.44 rows=101 width=0)
	        Index Cond: ((k >= 6380588) AND (k <= 6380688))

table 2 : explain SELECT k, c FROM sbtest2 WHERE k BETWEEN 6380588 AND 6380688
	Bitmap Heap Scan on sbtest2  (cost=5.43..389.70 rows=97 width=125)
	  Recheck Cond: ((k >= 6380588) AND (k <= 6380688))
	  ->  Bitmap Index Scan on k_2  (cost=0.00..5.40 rows=97 width=0)
	        Index Cond: ((k >= 6380588) AND (k <= 6380688))

table 3 : explain SELECT k, c FROM sbtest3 WHERE k BETWEEN 6380588 AND 6380688
	Bitmap Heap Scan on sbtest3  (cost=5.49..413.38 rows=103 width=125)
	  Recheck Cond: ((k >= 6380588) AND (k <= 6380688))
	  ->  Bitmap Index Scan on k_3  (cost=0.00..5.46 rows=103 width=0)
	        Index Cond: ((k >= 6380588) AND (k <= 6380688))

table 4 : explain SELECT k, c FROM sbtest4 WHERE k BETWEEN 6380588 AND 6380688
	Bitmap Heap Scan on sbtest4  (cost=5.43..389.92 rows=97 width=125)
	  Recheck Cond: ((k >= 6380588) AND (k <= 6380688))
	  ->  Bitmap Index Scan on k_4  (cost=0.00..5.40 rows=97 width=0)
	        Index Cond: ((k >= 6380588) AND (k <= 6380688))

table 5 : explain SELECT k, c FROM sbtest5 WHERE k BETWEEN 6380588 AND 6380688
	Bitmap Heap Scan on sbtest5  (cost=5.55..437.28 rows=109 width=125)
	  Recheck Cond: ((k >= 6380588) AND (k <= 6380688))
	  ->  Bitmap Index Scan on k_5  (cost=0.00..5.52 rows=109 width=0)
	        Index Cond: ((k >= 6380588) AND (k <= 6380688))

table 6 : explain SELECT k, c FROM sbtest6 WHERE k BETWEEN 6380588 AND 6380688
	Bitmap Heap Scan on sbtest6  (cost=5.41..381.84 rows=95 width=125)
	  Recheck Cond: ((k >= 6380588) AND (k <= 6380688))
	  ->  Bitmap Index Scan on k_6  (cost=0.00..5.38 rows=95 width=0)
	        Index Cond: ((k >= 6380588) AND (k <= 6380688))

table 7 : explain SELECT k, c FROM sbtest7 WHERE k BETWEEN 6380588 AND 6380688
	Bitmap Heap Scan on sbtest7  (cost=5.54..433.05 rows=108 width=125)
	  Recheck Cond: ((k >= 6380588) AND (k <= 6380688))
	  ->  Bitmap Index Scan on k_7  (cost=0.00..5.51 rows=108 width=0)
	        Index Cond: ((k >= 6380588) AND (k <= 6380688))

table 8 : explain SELECT k, c FROM sbtest8 WHERE k BETWEEN 6380588 AND 6380688
	Bitmap Heap Scan on sbtest8  (cost=5.39..373.92 rows=93 width=125)
	  Recheck Cond: ((k >= 6380588) AND (k <= 6380688))
	  ->  Bitmap Index Scan on k_8  (cost=0.00..5.36 rows=93 width=0)
	        Index Cond: ((k >= 6380588) AND (k <= 6380688))

explain: for range-notcovered :: explain SELECT k, c FROM sbtest%d WHERE k BETWEEN 7465771 AND 7465871for range-notcovered
table 1 : explain SELECT k, c FROM sbtest1 WHERE k BETWEEN 8312725 AND 8312825
	Bitmap Heap Scan on sbtest1  (cost=5.52..425.18 rows=106 width=125)
	  Recheck Cond: ((k >= 8312725) AND (k <= 8312825))
	  ->  Bitmap Index Scan on k_1  (cost=0.00..5.50 rows=106 width=0)
	        Index Cond: ((k >= 8312725) AND (k <= 8312825))

table 2 : explain SELECT k, c FROM sbtest2 WHERE k BETWEEN 8312725 AND 8312825
	Bitmap Heap Scan on sbtest2  (cost=5.51..421.25 rows=105 width=125)
	  Recheck Cond: ((k >= 8312725) AND (k <= 8312825))
	  ->  Bitmap Index Scan on k_2  (cost=0.00..5.48 rows=105 width=0)
	        Index Cond: ((k >= 8312725) AND (k <= 8312825))

table 3 : explain SELECT k, c FROM sbtest3 WHERE k BETWEEN 8312725 AND 8312825
	Bitmap Heap Scan on sbtest3  (cost=5.46..401.55 rows=100 width=125)
	  Recheck Cond: ((k >= 8312725) AND (k <= 8312825))
	  ->  Bitmap Index Scan on k_3  (cost=0.00..5.43 rows=100 width=0)
	        Index Cond: ((k >= 8312725) AND (k <= 8312825))

table 4 : explain SELECT k, c FROM sbtest4 WHERE k BETWEEN 8312725 AND 8312825
	Bitmap Heap Scan on sbtest4  (cost=5.45..397.82 rows=99 width=125)
	  Recheck Cond: ((k >= 8312725) AND (k <= 8312825))
	  ->  Bitmap Index Scan on k_4  (cost=0.00..5.42 rows=99 width=0)
	        Index Cond: ((k >= 8312725) AND (k <= 8312825))

table 5 : explain SELECT k, c FROM sbtest5 WHERE k BETWEEN 8312725 AND 8312825
	Bitmap Heap Scan on sbtest5  (cost=5.51..421.50 rows=105 width=125)
	  Recheck Cond: ((k >= 8312725) AND (k <= 8312825))
	  ->  Bitmap Index Scan on k_5  (cost=0.00..5.48 rows=105 width=0)
	        Index Cond: ((k >= 8312725) AND (k <= 8312825))

table 6 : explain SELECT k, c FROM sbtest6 WHERE k BETWEEN 8312725 AND 8312825
	Bitmap Heap Scan on sbtest6  (cost=5.45..397.63 rows=99 width=125)
	  Recheck Cond: ((k >= 8312725) AND (k <= 8312825))
	  ->  Bitmap Index Scan on k_6  (cost=0.00..5.42 rows=99 width=0)
	        Index Cond: ((k >= 8312725) AND (k <= 8312825))

table 7 : explain SELECT k, c FROM sbtest7 WHERE k BETWEEN 8312725 AND 8312825
	Bitmap Heap Scan on sbtest7  (cost=5.47..405.45 rows=101 width=125)
	  Recheck Cond: ((k >= 8312725) AND (k <= 8312825))
	  ->  Bitmap Index Scan on k_7  (cost=0.00..5.44 rows=101 width=0)
	        Index Cond: ((k >= 8312725) AND (k <= 8312825))

table 8 : explain SELECT k, c FROM sbtest8 WHERE k BETWEEN 8312725 AND 8312825
	Bitmap Heap Scan on sbtest8  (cost=5.50..417.31 rows=104 width=125)
	  Recheck Cond: ((k >= 8312725) AND (k <= 8312825))
	  ->  Bitmap Index Scan on k_8  (cost=0.00..5.47 rows=104 width=0)
	        Index Cond: ((k >= 8312725) AND (k <= 8312825))

explain: for range-notcovered :: explain SELECT k, c FROM sbtest%d WHERE k BETWEEN 4813597 AND 4813697for range-notcovered
table 1 : explain SELECT k, c FROM sbtest1 WHERE k BETWEEN 4134095 AND 4134195
	Bitmap Heap Scan on sbtest1  (cost=5.43..389.69 rows=97 width=125)
	  Recheck Cond: ((k >= 4134095) AND (k <= 4134195))
	  ->  Bitmap Index Scan on k_1  (cost=0.00..5.40 rows=97 width=0)
	        Index Cond: ((k >= 4134095) AND (k <= 4134195))

table 2 : explain SELECT k, c FROM sbtest2 WHERE k BETWEEN 4134095 AND 4134195
	Bitmap Heap Scan on sbtest2  (cost=5.46..401.54 rows=100 width=125)
	  Recheck Cond: ((k >= 4134095) AND (k <= 4134195))
	  ->  Bitmap Index Scan on k_2  (cost=0.00..5.43 rows=100 width=0)
	        Index Cond: ((k >= 4134095) AND (k <= 4134195))

table 3 : explain SELECT k, c FROM sbtest3 WHERE k BETWEEN 4134095 AND 4134195
	Bitmap Heap Scan on sbtest3  (cost=5.54..433.09 rows=108 width=125)
	  Recheck Cond: ((k >= 4134095) AND (k <= 4134195))
	  ->  Bitmap Index Scan on k_3  (cost=0.00..5.51 rows=108 width=0)
	        Index Cond: ((k >= 4134095) AND (k <= 4134195))

table 4 : explain SELECT k, c FROM sbtest4 WHERE k BETWEEN 4134095 AND 4134195
	Bitmap Heap Scan on sbtest4  (cost=5.44..393.87 rows=98 width=125)
	  Recheck Cond: ((k >= 4134095) AND (k <= 4134195))
	  ->  Bitmap Index Scan on k_4  (cost=0.00..5.42 rows=98 width=0)
	        Index Cond: ((k >= 4134095) AND (k <= 4134195))

table 5 : explain SELECT k, c FROM sbtest5 WHERE k BETWEEN 4134095 AND 4134195
	Bitmap Heap Scan on sbtest5  (cost=5.51..421.50 rows=105 width=125)
	  Recheck Cond: ((k >= 4134095) AND (k <= 4134195))
	  ->  Bitmap Index Scan on k_5  (cost=0.00..5.48 rows=105 width=0)
	        Index Cond: ((k >= 4134095) AND (k <= 4134195))

table 6 : explain SELECT k, c FROM sbtest6 WHERE k BETWEEN 4134095 AND 4134195
	Bitmap Heap Scan on sbtest6  (cost=5.42..385.79 rows=96 width=125)
	  Recheck Cond: ((k >= 4134095) AND (k <= 4134195))
	  ->  Bitmap Index Scan on k_6  (cost=0.00..5.39 rows=96 width=0)
	        Index Cond: ((k >= 4134095) AND (k <= 4134195))

table 7 : explain SELECT k, c FROM sbtest7 WHERE k BETWEEN 4134095 AND 4134195
	Bitmap Heap Scan on sbtest7  (cost=5.51..421.22 rows=105 width=125)
	  Recheck Cond: ((k >= 4134095) AND (k <= 4134195))
	  ->  Bitmap Index Scan on k_7  (cost=0.00..5.48 rows=105 width=0)
	        Index Cond: ((k >= 4134095) AND (k <= 4134195))

table 8 : explain SELECT k, c FROM sbtest8 WHERE k BETWEEN 4134095 AND 4134195
	Bitmap Heap Scan on sbtest8  (cost=5.54..433.07 rows=108 width=125)
	  Recheck Cond: ((k >= 4134095) AND (k <= 4134195))
	  ->  Bitmap Index Scan on k_8  (cost=0.00..5.51 rows=108 width=0)
	        Index Cond: ((k >= 4134095) AND (k <= 4134195))
explain: for range-notcovered :: explain SELECT k, c FROM sbtest%d WHERE k BETWEEN 2531241 AND 2531341
explain: for range-notcovered :: explain SELECT k, c FROM sbtest%d WHERE k BETWEEN 5644186 AND 5644286
explain: for range-notcovered :: explain SELECT k, c FROM sbtest%d WHERE k BETWEEN 6380588 AND 6380688
explain: for range-notcovered :: explain SELECT k, c FROM sbtest%d WHERE k BETWEEN 576376 AND 576476

for range-notcovered
table 1 : explain SELECT k, c FROM sbtest1 WHERE k BETWEEN 3275438 AND 3275538
	Bitmap Heap Scan on sbtest1  (cost=5.45..397.58 rows=99 width=125)
	  Recheck Cond: ((k >= 3275438) AND (k <= 3275538))
	  ->  Bitmap Index Scan on k_1  (cost=0.00..5.42 rows=99 width=0)
	        Index Cond: ((k >= 3275438) AND (k <= 3275538))

table 2 : explain SELECT k, c FROM sbtest2 WHERE k BETWEEN 3275438 AND 3275538
	Bitmap Heap Scan on sbtest2  (cost=5.41..381.81 rows=95 width=125)
	  Recheck Cond: ((k >= 3275438) AND (k <= 3275538))
	  ->  Bitmap Index Scan on k_2  (cost=0.00..5.38 rows=95 width=0)
	        Index Cond: ((k >= 3275438) AND (k <= 3275538))

table 3 : explain SELECT k, c FROM sbtest3 WHERE k BETWEEN 3275438 AND 3275538
	Bitmap Heap Scan on sbtest3  (cost=5.51..421.27 rows=105 width=125)
	  Recheck Cond: ((k >= 3275438) AND (k <= 3275538))
	  ->  Bitmap Index Scan on k_3  (cost=0.00..5.48 rows=105 width=0)
	        Index Cond: ((k >= 3275438) AND (k <= 3275538))

table 4 : explain SELECT k, c FROM sbtest4 WHERE k BETWEEN 3275438 AND 3275538
	Bitmap Heap Scan on sbtest4  (cost=5.46..401.76 rows=100 width=125)
	  Recheck Cond: ((k >= 3275438) AND (k <= 3275538))
	  ->  Bitmap Index Scan on k_4  (cost=0.00..5.43 rows=100 width=0)
	        Index Cond: ((k >= 3275438) AND (k <= 3275538))

table 5 : explain SELECT k, c FROM sbtest5 WHERE k BETWEEN 3275438 AND 3275538
	Bitmap Heap Scan on sbtest5  (cost=5.38..370.17 rows=92 width=125)
	  Recheck Cond: ((k >= 3275438) AND (k <= 3275538))
	  ->  Bitmap Index Scan on k_5  (cost=0.00..5.35 rows=92 width=0)
	        Index Cond: ((k >= 3275438) AND (k <= 3275538))

table 6 : explain SELECT k, c FROM sbtest6 WHERE k BETWEEN 3275438 AND 3275538
	Bitmap Heap Scan on sbtest6  (cost=5.51..421.29 rows=105 width=125)
	  Recheck Cond: ((k >= 3275438) AND (k <= 3275538))
	  ->  Bitmap Index Scan on k_6  (cost=0.00..5.48 rows=105 width=0)
	        Index Cond: ((k >= 3275438) AND (k <= 3275538))

table 7 : explain SELECT k, c FROM sbtest7 WHERE k BETWEEN 3275438 AND 3275538
	Bitmap Heap Scan on sbtest7  (cost=5.48..409.40 rows=102 width=125)
	  Recheck Cond: ((k >= 3275438) AND (k <= 3275538))
	  ->  Bitmap Index Scan on k_7  (cost=0.00..5.45 rows=102 width=0)
	        Index Cond: ((k >= 3275438) AND (k <= 3275538))

table 8 : explain SELECT k, c FROM sbtest8 WHERE k BETWEEN 3275438 AND 3275538
	Bitmap Heap Scan on sbtest8  (cost=5.39..373.92 rows=93 width=125)
	  Recheck Cond: ((k >= 3275438) AND (k <= 3275538))
	  ->  Bitmap Index Scan on k_8  (cost=0.00..5.36 rows=93 width=0)
	        Index Cond: ((k >= 3275438) AND (k <= 3275538))

explain: for range-notcovered :: explain SELECT k, c FROM sbtest%d WHERE k BETWEEN 4958844 AND 4958944



for range-notcovered
table 1 : explain SELECT k, c FROM sbtest1 WHERE k BETWEEN 6246463 AND 6246563
	Bitmap Heap Scan on sbtest1  (cost=5.41..381.80 rows=95 width=125)
	  Recheck Cond: ((k >= 6246463) AND (k <= 6246563))
	  ->  Bitmap Index Scan on k_1  (cost=0.00..5.38 rows=95 width=0)
	        Index Cond: ((k >= 6246463) AND (k <= 6246563))

table 2 : explain SELECT k, c FROM sbtest2 WHERE k BETWEEN 6246463 AND 6246563
	Bitmap Heap Scan on sbtest2  (cost=5.46..401.54 rows=100 width=125)
	  Recheck Cond: ((k >= 6246463) AND (k <= 6246563))
	  ->  Bitmap Index Scan on k_2  (cost=0.00..5.43 rows=100 width=0)
	        Index Cond: ((k >= 6246463) AND (k <= 6246563))

table 3 : explain SELECT k, c FROM sbtest3 WHERE k BETWEEN 6246463 AND 6246563
	Bitmap Heap Scan on sbtest3  (cost=5.45..397.61 rows=99 width=125)
	  Recheck Cond: ((k >= 6246463) AND (k <= 6246563))
	  ->  Bitmap Index Scan on k_3  (cost=0.00..5.42 rows=99 width=0)
	        Index Cond: ((k >= 6246463) AND (k <= 6246563))

table 4 : explain SELECT k, c FROM sbtest4 WHERE k BETWEEN 6246463 AND 6246563
	Bitmap Heap Scan on sbtest4  (cost=5.41..382.02 rows=95 width=125)
	  Recheck Cond: ((k >= 6246463) AND (k <= 6246563))
	  ->  Bitmap Index Scan on k_4  (cost=0.00..5.38 rows=95 width=0)
	        Index Cond: ((k >= 6246463) AND (k <= 6246563))

table 5 : explain SELECT k, c FROM sbtest5 WHERE k BETWEEN 6246463 AND 6246563
	Bitmap Heap Scan on sbtest5  (cost=5.51..421.50 rows=105 width=125)
	  Recheck Cond: ((k >= 6246463) AND (k <= 6246563))
	  ->  Bitmap Index Scan on k_5  (cost=0.00..5.48 rows=105 width=0)
	        Index Cond: ((k >= 6246463) AND (k <= 6246563))

table 6 : explain SELECT k, c FROM sbtest6 WHERE k BETWEEN 6246463 AND 6246563
	Bitmap Heap Scan on sbtest6  (cost=5.34..354.21 rows=88 width=125)
	  Recheck Cond: ((k >= 6246463) AND (k <= 6246563))
	  ->  Bitmap Index Scan on k_6  (cost=0.00..5.31 rows=88 width=0)
	        Index Cond: ((k >= 6246463) AND (k <= 6246563))

table 7 : explain SELECT k, c FROM sbtest7 WHERE k BETWEEN 6246463 AND 6246563
	Bitmap Heap Scan on sbtest7  (cost=5.48..409.40 rows=102 width=125)
	  Recheck Cond: ((k >= 6246463) AND (k <= 6246563))
	  ->  Bitmap Index Scan on k_7  (cost=0.00..5.45 rows=102 width=0)
	        Index Cond: ((k >= 6246463) AND (k <= 6246563))

table 8 : explain SELECT k, c FROM sbtest8 WHERE k BETWEEN 6246463 AND 6246563
	Bitmap Heap Scan on sbtest8  (cost=5.57..444.89 rows=111 width=125)
	  Recheck Cond: ((k >= 6246463) AND (k <= 6246563))
	  ->  Bitmap Index Scan on k_8  (cost=0.00..5.54 rows=111 width=0)
	        Index Cond: ((k >= 6246463) AND (k <= 6246563))

for range-notcovered
table 1 : explain SELECT k, c FROM sbtest1 WHERE k BETWEEN 3731536 AND 3731636
	Bitmap Heap Scan on sbtest1  (cost=5.57..444.88 rows=111 width=125)
	  Recheck Cond: ((k >= 3731536) AND (k <= 3731636))
	  ->  Bitmap Index Scan on k_1  (cost=0.00..5.54 rows=111 width=0)
	        Index Cond: ((k >= 3731536) AND (k <= 3731636))

table 2 : explain SELECT k, c FROM sbtest2 WHERE k BETWEEN 3731536 AND 3731636
	Bitmap Heap Scan on sbtest2  (cost=5.39..373.92 rows=93 width=125)
	  Recheck Cond: ((k >= 3731536) AND (k <= 3731636))
	  ->  Bitmap Index Scan on k_2  (cost=0.00..5.36 rows=93 width=0)
	        Index Cond: ((k >= 3731536) AND (k <= 3731636))

table 3 : explain SELECT k, c FROM sbtest3 WHERE k BETWEEN 3731536 AND 3731636
	Bitmap Heap Scan on sbtest3  (cost=5.42..385.77 rows=96 width=125)
	  Recheck Cond: ((k >= 3731536) AND (k <= 3731636))
	  ->  Bitmap Index Scan on k_3  (cost=0.00..5.39 rows=96 width=0)
	        Index Cond: ((k >= 3731536) AND (k <= 3731636))

table 4 : explain SELECT k, c FROM sbtest4 WHERE k BETWEEN 3731536 AND 3731636
	Bitmap Heap Scan on sbtest4  (cost=5.41..382.02 rows=95 width=125)
	  Recheck Cond: ((k >= 3731536) AND (k <= 3731636))
	  ->  Bitmap Index Scan on k_4  (cost=0.00..5.38 rows=95 width=0)
	        Index Cond: ((k >= 3731536) AND (k <= 3731636))

table 5 : explain SELECT k, c FROM sbtest5 WHERE k BETWEEN 3731536 AND 3731636
	Bitmap Heap Scan on sbtest5  (cost=5.64..472.76 rows=118 width=125)
	  Recheck Cond: ((k >= 3731536) AND (k <= 3731636))
	  ->  Bitmap Index Scan on k_5  (cost=0.00..5.61 rows=118 width=0)
	        Index Cond: ((k >= 3731536) AND (k <= 3731636))

table 6 : explain SELECT k, c FROM sbtest6 WHERE k BETWEEN 3731536 AND 3731636
	Bitmap Heap Scan on sbtest6  (cost=5.44..393.68 rows=98 width=125)
	  Recheck Cond: ((k >= 3731536) AND (k <= 3731636))
	  ->  Bitmap Index Scan on k_6  (cost=0.00..5.42 rows=98 width=0)
	        Index Cond: ((k >= 3731536) AND (k <= 3731636))

table 7 : explain SELECT k, c FROM sbtest7 WHERE k BETWEEN 3731536 AND 3731636
	Bitmap Heap Scan on sbtest7  (cost=5.53..429.10 rows=107 width=125)
	  Recheck Cond: ((k >= 3731536) AND (k <= 3731636))
	  ->  Bitmap Index Scan on k_7  (cost=0.00..5.50 rows=107 width=0)
	        Index Cond: ((k >= 3731536) AND (k <= 3731636))

table 8 : explain SELECT k, c FROM sbtest8 WHERE k BETWEEN 3731536 AND 3731636
	Bitmap Heap Scan on sbtest8  (cost=5.37..366.02 rows=91 width=125)
	  Recheck Cond: ((k >= 3731536) AND (k <= 3731636))
	  ->  Bitmap Index Scan on k_8  (cost=0.00..5.34 rows=91 width=0)
	        Index Cond: ((k >= 3731536) AND (k <= 3731636))

for range-notcovered
table 1 : explain SELECT k, c FROM sbtest1 WHERE k BETWEEN 4324418 AND 4324518
	Bitmap Heap Scan on sbtest1  (cost=5.46..401.52 rows=100 width=125)
	  Recheck Cond: ((k >= 4324418) AND (k <= 4324518))
	  ->  Bitmap Index Scan on k_1  (cost=0.00..5.43 rows=100 width=0)
	        Index Cond: ((k >= 4324418) AND (k <= 4324518))

table 2 : explain SELECT k, c FROM sbtest2 WHERE k BETWEEN 4324418 AND 4324518
	Bitmap Heap Scan on sbtest2  (cost=5.55..437.02 rows=109 width=125)
	  Recheck Cond: ((k >= 4324418) AND (k <= 4324518))
	  ->  Bitmap Index Scan on k_2  (cost=0.00..5.52 rows=109 width=0)
	        Index Cond: ((k >= 4324418) AND (k <= 4324518))

table 3 : explain SELECT k, c FROM sbtest3 WHERE k BETWEEN 4324418 AND 4324518
	Bitmap Heap Scan on sbtest3  (cost=5.51..421.27 rows=105 width=125)
	  Recheck Cond: ((k >= 4324418) AND (k <= 4324518))
	  ->  Bitmap Index Scan on k_3  (cost=0.00..5.48 rows=105 width=0)
	        Index Cond: ((k >= 4324418) AND (k <= 4324518))

table 4 : explain SELECT k, c FROM sbtest4 WHERE k BETWEEN 4324418 AND 4324518
	Bitmap Heap Scan on sbtest4  (cost=5.52..425.44 rows=106 width=125)
	  Recheck Cond: ((k >= 4324418) AND (k <= 4324518))
	  ->  Bitmap Index Scan on k_4  (cost=0.00..5.50 rows=106 width=0)
	        Index Cond: ((k >= 4324418) AND (k <= 4324518))

table 5 : explain SELECT k, c FROM sbtest5 WHERE k BETWEEN 4324418 AND 4324518
	Bitmap Heap Scan on sbtest5  (cost=5.43..389.92 rows=97 width=125)
	  Recheck Cond: ((k >= 4324418) AND (k <= 4324518))
	  ->  Bitmap Index Scan on k_5  (cost=0.00..5.40 rows=97 width=0)
	        Index Cond: ((k >= 4324418) AND (k <= 4324518))

table 6 : explain SELECT k, c FROM sbtest6 WHERE k BETWEEN 4324418 AND 4324518
	Bitmap Heap Scan on sbtest6  (cost=5.49..413.40 rows=103 width=125)
	  Recheck Cond: ((k >= 4324418) AND (k <= 4324518))
	  ->  Bitmap Index Scan on k_6  (cost=0.00..5.46 rows=103 width=0)
	        Index Cond: ((k >= 4324418) AND (k <= 4324518))

table 7 : explain SELECT k, c FROM sbtest7 WHERE k BETWEEN 4324418 AND 4324518
	Bitmap Heap Scan on sbtest7  (cost=5.34..354.16 rows=88 width=125)
	  Recheck Cond: ((k >= 4324418) AND (k <= 4324518))
	  ->  Bitmap Index Scan on k_7  (cost=0.00..5.31 rows=88 width=0)
	        Index Cond: ((k >= 4324418) AND (k <= 4324518))

table 8 : explain SELECT k, c FROM sbtest8 WHERE k BETWEEN 4324418 AND 4324518
	Bitmap Heap Scan on sbtest8  (cost=5.52..425.19 rows=106 width=125)
	  Recheck Cond: ((k >= 4324418) AND (k <= 4324518))
	  ->  Bitmap Index Scan on k_8  (cost=0.00..5.50 rows=106 width=0)
	        Index Cond: ((k >= 4324418) AND (k <= 4324518))

for range-notcovered
table 1 : explain SELECT k, c FROM sbtest1 WHERE k BETWEEN 5737342 AND 5737442
	Bitmap Heap Scan on sbtest1  (cost=5.52..425.18 rows=106 width=125)
	  Recheck Cond: ((k >= 5737342) AND (k <= 5737442))
	  ->  Bitmap Index Scan on k_1  (cost=0.00..5.50 rows=106 width=0)
	        Index Cond: ((k >= 5737342) AND (k <= 5737442))

table 2 : explain SELECT k, c FROM sbtest2 WHERE k BETWEEN 5737342 AND 5737442
	Bitmap Heap Scan on sbtest2  (cost=5.47..405.48 rows=101 width=125)
	  Recheck Cond: ((k >= 5737342) AND (k <= 5737442))
	  ->  Bitmap Index Scan on k_2  (cost=0.00..5.44 rows=101 width=0)
	        Index Cond: ((k >= 5737342) AND (k <= 5737442))

table 3 : explain SELECT k, c FROM sbtest3 WHERE k BETWEEN 5737342 AND 5737442
	Bitmap Heap Scan on sbtest3  (cost=5.50..417.32 rows=104 width=125)
	  Recheck Cond: ((k >= 5737342) AND (k <= 5737442))
	  ->  Bitmap Index Scan on k_3  (cost=0.00..5.47 rows=104 width=0)
	        Index Cond: ((k >= 5737342) AND (k <= 5737442))

table 4 : explain SELECT k, c FROM sbtest4 WHERE k BETWEEN 5737342 AND 5737442
	Bitmap Heap Scan on sbtest4  (cost=5.48..409.66 rows=102 width=125)
	  Recheck Cond: ((k >= 5737342) AND (k <= 5737442))
	  ->  Bitmap Index Scan on k_4  (cost=0.00..5.45 rows=102 width=0)
	        Index Cond: ((k >= 5737342) AND (k <= 5737442))

table 5 : explain SELECT k, c FROM sbtest5 WHERE k BETWEEN 5737342 AND 5737442
	Bitmap Heap Scan on sbtest5  (cost=5.37..366.22 rows=91 width=125)
	  Recheck Cond: ((k >= 5737342) AND (k <= 5737442))
	  ->  Bitmap Index Scan on k_5  (cost=0.00..5.34 rows=91 width=0)
	        Index Cond: ((k >= 5737342) AND (k <= 5737442))

table 6 : explain SELECT k, c FROM sbtest6 WHERE k BETWEEN 5737342 AND 5737442
	Bitmap Heap Scan on sbtest6  (cost=5.56..441.00 rows=110 width=125)
	  Recheck Cond: ((k >= 5737342) AND (k <= 5737442))
	  ->  Bitmap Index Scan on k_6  (cost=0.00..5.53 rows=110 width=0)
	        Index Cond: ((k >= 5737342) AND (k <= 5737442))

table 7 : explain SELECT k, c FROM sbtest7 WHERE k BETWEEN 5737342 AND 5737442
	Bitmap Heap Scan on sbtest7  (cost=5.49..413.34 rows=103 width=125)
	  Recheck Cond: ((k >= 5737342) AND (k <= 5737442))
	  ->  Bitmap Index Scan on k_7  (cost=0.00..5.46 rows=103 width=0)
	        Index Cond: ((k >= 5737342) AND (k <= 5737442))

table 8 : explain SELECT k, c FROM sbtest8 WHERE k BETWEEN 5737342 AND 5737442
	Bitmap Heap Scan on sbtest8  (cost=5.50..417.31 rows=104 width=125)
	  Recheck Cond: ((k >= 5737342) AND (k <= 5737442))
	  ->  Bitmap Index Scan on k_8  (cost=0.00..5.47 rows=104 width=0)
	        Index Cond: ((k >= 5737342) AND (k <= 5737442))

explain: for range-notcovered :: explain SELECT k, c FROM sbtest%d WHERE k BETWEEN 8312725 AND 8312825
explain: for range-notcovered :: explain SELECT k, c FROM sbtest%d WHERE k BETWEEN 8536275 AND 8536375explain: for range-notcovered :: explain SELECT k, c FROM sbtest%d WHERE k BETWEEN 6246463 AND 6246563explain: for range-notcovered :: explain SELECT k, c FROM sbtest%d WHERE k BETWEEN 3275438 AND 3275538
for range-notcovered
table 1 : explain SELECT k, c FROM sbtest1 WHERE k BETWEEN 6339179 AND 6339279
	Bitmap Heap Scan on sbtest1  (cost=5.47..405.46 rows=101 width=125)
	  Recheck Cond: ((k >= 6339179) AND (k <= 6339279))
	  ->  Bitmap Index Scan on k_1  (cost=0.00..5.44 rows=101 width=0)
	        Index Cond: ((k >= 6339179) AND (k <= 6339279))

table 2 : explain SELECT k, c FROM sbtest2 WHERE k BETWEEN 6339179 AND 6339279
	Bitmap Heap Scan on sbtest2  (cost=5.43..389.70 rows=97 width=125)
	  Recheck Cond: ((k >= 6339179) AND (k <= 6339279))
	  ->  Bitmap Index Scan on k_2  (cost=0.00..5.40 rows=97 width=0)
	        Index Cond: ((k >= 6339179) AND (k <= 6339279))

table 3 : explain SELECT k, c FROM sbtest3 WHERE k BETWEEN 6339179 AND 6339279
	Bitmap Heap Scan on sbtest3  (cost=5.67..480.35 rows=120 width=125)
	  Recheck Cond: ((k >= 6339179) AND (k <= 6339279))
	  ->  Bitmap Index Scan on k_3  (cost=0.00..5.63 rows=120 width=0)
	        Index Cond: ((k >= 6339179) AND (k <= 6339279))

table 4 : explain SELECT k, c FROM sbtest4 WHERE k BETWEEN 6339179 AND 6339279
	Bitmap Heap Scan on sbtest4  (cost=5.43..389.92 rows=97 width=125)
	  Recheck Cond: ((k >= 6339179) AND (k <= 6339279))
	  ->  Bitmap Index Scan on k_4  (cost=0.00..5.40 rows=97 width=0)
	        Index Cond: ((k >= 6339179) AND (k <= 6339279))

table 5 : explain SELECT k, c FROM sbtest5 WHERE k BETWEEN 6339179 AND 6339279
	Bitmap Heap Scan on sbtest5  (cost=5.45..397.82 rows=99 width=125)
	  Recheck Cond: ((k >= 6339179) AND (k <= 6339279))
	  ->  Bitmap Index Scan on k_5  (cost=0.00..5.42 rows=99 width=0)
	        Index Cond: ((k >= 6339179) AND (k <= 6339279))

table 6 : explain SELECT k, c FROM sbtest6 WHERE k BETWEEN 6339179 AND 6339279
	Bitmap Heap Scan on sbtest6  (cost=5.41..381.84 rows=95 width=125)
	  Recheck Cond: ((k >= 6339179) AND (k <= 6339279))
	  ->  Bitmap Index Scan on k_6  (cost=0.00..5.38 rows=95 width=0)
	        Index Cond: ((k >= 6339179) AND (k <= 6339279))

table 7 : explain SELECT k, c FROM sbtest7 WHERE k BETWEEN 6339179 AND 6339279
	Bitmap Heap Scan on sbtest7  (cost=5.54..433.05 rows=108 width=125)
	  Recheck Cond: ((k >= 6339179) AND (k <= 6339279))
	  ->  Bitmap Index Scan on k_7  (cost=0.00..5.51 rows=108 width=0)
	        Index Cond: ((k >= 6339179) AND (k <= 6339279))

table 8 : explain SELECT k, c FROM sbtest8 WHERE k BETWEEN 6339179 AND 6339279
	Bitmap Heap Scan on sbtest8  (cost=5.39..373.92 rows=93 width=125)
	  Recheck Cond: ((k >= 6339179) AND (k <= 6339279))
	  ->  Bitmap Index Scan on k_8  (cost=0.00..5.36 rows=93 width=0)
	        Index Cond: ((k >= 6339179) AND (k <= 6339279))


explain: for range-notcovered :: explain SELECT k, c FROM sbtest%d WHERE k BETWEEN 4134095 AND 4134195for range-notcovered
table 1 : explain SELECT k, c FROM sbtest1 WHERE k BETWEEN 1338578 AND 1338678
	Bitmap Heap Scan on sbtest1  (cost=5.46..401.52 rows=100 width=125)
	  Recheck Cond: ((k >= 1338578) AND (k <= 1338678))
	  ->  Bitmap Index Scan on k_1  (cost=0.00..5.43 rows=100 width=0)
	        Index Cond: ((k >= 1338578) AND (k <= 1338678))

table 2 : explain SELECT k, c FROM sbtest2 WHERE k BETWEEN 1338578 AND 1338678
	Bitmap Heap Scan on sbtest2  (cost=5.53..429.14 rows=107 width=125)
	  Recheck Cond: ((k >= 1338578) AND (k <= 1338678))
	  ->  Bitmap Index Scan on k_2  (cost=0.00..5.50 rows=107 width=0)
	        Index Cond: ((k >= 1338578) AND (k <= 1338678))

table 3 : explain SELECT k, c FROM sbtest3 WHERE k BETWEEN 1338578 AND 1338678
	Bitmap Heap Scan on sbtest3  (cost=5.62..464.61 rows=116 width=125)
	  Recheck Cond: ((k >= 1338578) AND (k <= 1338678))
	  ->  Bitmap Index Scan on k_3  (cost=0.00..5.59 rows=116 width=0)
	        Index Cond: ((k >= 1338578) AND (k <= 1338678))

table 4 : explain SELECT k, c FROM sbtest4 WHERE k BETWEEN 1338578 AND 1338678
	Bitmap Heap Scan on sbtest4  (cost=5.53..429.39 rows=107 width=125)
	  Recheck Cond: ((k >= 1338578) AND (k <= 1338678))
	  ->  Bitmap Index Scan on k_4  (cost=0.00..5.50 rows=107 width=0)
	        Index Cond: ((k >= 1338578) AND (k <= 1338678))

table 5 : explain SELECT k, c FROM sbtest5 WHERE k BETWEEN 1338578 AND 1338678
	Bitmap Heap Scan on sbtest5  (cost=5.45..397.82 rows=99 width=125)
	  Recheck Cond: ((k >= 1338578) AND (k <= 1338678))
	  ->  Bitmap Index Scan on k_5  (cost=0.00..5.42 rows=99 width=0)
	        Index Cond: ((k >= 1338578) AND (k <= 1338678))

table 6 : explain SELECT k, c FROM sbtest6 WHERE k BETWEEN 1338578 AND 1338678
	Bitmap Heap Scan on sbtest6  (cost=5.52..425.23 rows=106 width=125)
	  Recheck Cond: ((k >= 1338578) AND (k <= 1338678))
	  ->  Bitmap Index Scan on k_6  (cost=0.00..5.50 rows=106 width=0)
	        Index Cond: ((k >= 1338578) AND (k <= 1338678))

table 7 : explain SELECT k, c FROM sbtest7 WHERE k BETWEEN 1338578 AND 1338678
	Bitmap Heap Scan on sbtest7  (cost=5.46..401.51 rows=100 width=125)
	  Recheck Cond: ((k >= 1338578) AND (k <= 1338678))
	  ->  Bitmap Index Scan on k_7  (cost=0.00..5.43 rows=100 width=0)
	        Index Cond: ((k >= 1338578) AND (k <= 1338678))

table 8 : explain SELECT k, c FROM sbtest8 WHERE k BETWEEN 1338578 AND 1338678
	Bitmap Heap Scan on sbtest8  (cost=5.53..429.13 rows=107 width=125)
	  Recheck Cond: ((k >= 1338578) AND (k <= 1338678))
	  ->  Bitmap Index Scan on k_8  (cost=0.00..5.50 rows=107 width=0)
	        Index Cond: ((k >= 1338578) AND (k <= 1338678))

explain: for range-notcovered :: explain SELECT k, c FROM sbtest%d WHERE k BETWEEN 4324418 AND 4324518

for range-notcovered
table 1 : explain SELECT k, c FROM sbtest1 WHERE k BETWEEN 4686524 AND 4686624
	Bitmap Heap Scan on sbtest1  (cost=5.50..417.29 rows=104 width=125)
	  Recheck Cond: ((k >= 4686524) AND (k <= 4686624))
	  ->  Bitmap Index Scan on k_1  (cost=0.00..5.47 rows=104 width=0)
	        Index Cond: ((k >= 4686524) AND (k <= 4686624))

table 2 : explain SELECT k, c FROM sbtest2 WHERE k BETWEEN 4686524 AND 4686624
	Bitmap Heap Scan on sbtest2  (cost=5.41..381.81 rows=95 width=125)
	  Recheck Cond: ((k >= 4686524) AND (k <= 4686624))
	  ->  Bitmap Index Scan on k_2  (cost=0.00..5.38 rows=95 width=0)
	        Index Cond: ((k >= 4686524) AND (k <= 4686624))

table 3 : explain SELECT k, c FROM sbtest3 WHERE k BETWEEN 4686524 AND 4686624
	Bitmap Heap Scan on sbtest3  (cost=5.46..401.55 rows=100 width=125)
	  Recheck Cond: ((k >= 4686524) AND (k <= 4686624))
	  ->  Bitmap Index Scan on k_3  (cost=0.00..5.43 rows=100 width=0)
	        Index Cond: ((k >= 4686524) AND (k <= 4686624))

table 4 : explain SELECT k, c FROM sbtest4 WHERE k BETWEEN 4686524 AND 4686624
	Bitmap Heap Scan on sbtest4  (cost=5.39..374.12 rows=93 width=125)
	  Recheck Cond: ((k >= 4686524) AND (k <= 4686624))
	  ->  Bitmap Index Scan on k_4  (cost=0.00..5.36 rows=93 width=0)
	        Index Cond: ((k >= 4686524) AND (k <= 4686624))

table 5 : explain SELECT k, c FROM sbtest5 WHERE k BETWEEN 4686524 AND 4686624
	Bitmap Heap Scan on sbtest5  (cost=5.44..393.87 rows=98 width=125)
	  Recheck Cond: ((k >= 4686524) AND (k <= 4686624))
	  ->  Bitmap Index Scan on k_5  (cost=0.00..5.42 rows=98 width=0)
	        Index Cond: ((k >= 4686524) AND (k <= 4686624))

table 6 : explain SELECT k, c FROM sbtest6 WHERE k BETWEEN 4686524 AND 4686624
	Bitmap Heap Scan on sbtest6  (cost=5.41..381.84 rows=95 width=125)
	  Recheck Cond: ((k >= 4686524) AND (k <= 4686624))
	  ->  Bitmap Index Scan on k_6  (cost=0.00..5.38 rows=95 width=0)
	        Index Cond: ((k >= 4686524) AND (k <= 4686624))

table 7 : explain SELECT k, c FROM sbtest7 WHERE k BETWEEN 4686524 AND 4686624
	Bitmap Heap Scan on sbtest7  (cost=5.37..366.00 rows=91 width=125)
	  Recheck Cond: ((k >= 4686524) AND (k <= 4686624))
	  ->  Bitmap Index Scan on k_7  (cost=0.00..5.34 rows=91 width=0)
	        Index Cond: ((k >= 4686524) AND (k <= 4686624))

table 8 : explain SELECT k, c FROM sbtest8 WHERE k BETWEEN 4686524 AND 4686624
	Bitmap Heap Scan on sbtest8  (cost=5.45..397.59 rows=99 width=125)
	  Recheck Cond: ((k >= 4686524) AND (k <= 4686624))
	  ->  Bitmap Index Scan on k_8  (cost=0.00..5.42 rows=99 width=0)
	        Index Cond: ((k >= 4686524) AND (k <= 4686624))

explain: for range-notcovered :: explain SELECT k, c FROM sbtest%d WHERE k BETWEEN 6339179 AND 6339279for range-notcovered
table 1 : explain SELECT k, c FROM sbtest1 WHERE k BETWEEN 499318 AND 499418
	Bitmap Heap Scan on sbtest1  (cost=5.50..417.29 rows=104 width=125)
	  Recheck Cond: ((k >= 499318) AND (k <= 499418))
	  ->  Bitmap Index Scan on k_1  (cost=0.00..5.47 rows=104 width=0)
	        Index Cond: ((k >= 499318) AND (k <= 499418))

table 2 : explain SELECT k, c FROM sbtest2 WHERE k BETWEEN 499318 AND 499418
	Bitmap Heap Scan on sbtest2  (cost=5.59..452.78 rows=113 width=125)
	  Recheck Cond: ((k >= 499318) AND (k <= 499418))
	  ->  Bitmap Index Scan on k_2  (cost=0.00..5.56 rows=113 width=0)
	        Index Cond: ((k >= 499318) AND (k <= 499418))

table 3 : explain SELECT k, c FROM sbtest3 WHERE k BETWEEN 499318 AND 499418
	Bitmap Heap Scan on sbtest3  (cost=5.44..393.66 rows=98 width=125)
	  Recheck Cond: ((k >= 499318) AND (k <= 499418))
	  ->  Bitmap Index Scan on k_3  (cost=0.00..5.42 rows=98 width=0)
	        Index Cond: ((k >= 499318) AND (k <= 499418))

table 4 : explain SELECT k, c FROM sbtest4 WHERE k BETWEEN 499318 AND 499418
	Bitmap Heap Scan on sbtest4  (cost=5.47..405.71 rows=101 width=125)
	  Recheck Cond: ((k >= 499318) AND (k <= 499418))
	  ->  Bitmap Index Scan on k_4  (cost=0.00..5.44 rows=101 width=0)
	        Index Cond: ((k >= 499318) AND (k <= 499418))

table 5 : explain SELECT k, c FROM sbtest5 WHERE k BETWEEN 499318 AND 499418
	Bitmap Heap Scan on sbtest5  (cost=5.38..370.17 rows=92 width=125)
	  Recheck Cond: ((k >= 499318) AND (k <= 499418))
	  ->  Bitmap Index Scan on k_5  (cost=0.00..5.35 rows=92 width=0)
	        Index Cond: ((k >= 499318) AND (k <= 499418))

table 6 : explain SELECT k, c FROM sbtest6 WHERE k BETWEEN 499318 AND 499418
	Bitmap Heap Scan on sbtest6  (cost=5.57..444.94 rows=111 width=125)
	  Recheck Cond: ((k >= 499318) AND (k <= 499418))
	  ->  Bitmap Index Scan on k_6  (cost=0.00..5.54 rows=111 width=0)
	        Index Cond: ((k >= 499318) AND (k <= 499418))

table 7 : explain SELECT k, c FROM sbtest7 WHERE k BETWEEN 499318 AND 499418
	Bitmap Heap Scan on sbtest7  (cost=5.42..385.73 rows=96 width=125)
	  Recheck Cond: ((k >= 499318) AND (k <= 499418))
	  ->  Bitmap Index Scan on k_7  (cost=0.00..5.39 rows=96 width=0)
	        Index Cond: ((k >= 499318) AND (k <= 499418))

table 8 : explain SELECT k, c FROM sbtest8 WHERE k BETWEEN 499318 AND 499418
	Bitmap Heap Scan on sbtest8  (cost=5.50..417.31 rows=104 width=125)
	  Recheck Cond: ((k >= 499318) AND (k <= 499418))
	  ->  Bitmap Index Scan on k_8  (cost=0.00..5.47 rows=104 width=0)
	        Index Cond: ((k >= 499318) AND (k <= 499418))
for range-notcovered
table 1 : explain SELECT k, c FROM sbtest1 WHERE k BETWEEN 5706738 AND 5706838
	Bitmap Heap Scan on sbtest1  (cost=5.52..425.18 rows=106 width=125)
	  Recheck Cond: ((k >= 5706738) AND (k <= 5706838))
	  ->  Bitmap Index Scan on k_1  (cost=0.00..5.50 rows=106 width=0)
	        Index Cond: ((k >= 5706738) AND (k <= 5706838))

table 2 : explain SELECT k, c FROM sbtest2 WHERE k BETWEEN 5706738 AND 5706838
	Bitmap Heap Scan on sbtest2  (cost=5.47..405.48 rows=101 width=125)
	  Recheck Cond: ((k >= 5706738) AND (k <= 5706838))
	  ->  Bitmap Index Scan on k_2  (cost=0.00..5.44 rows=101 width=0)
	        Index Cond: ((k >= 5706738) AND (k <= 5706838))

table 3 : explain SELECT k, c FROM sbtest3 WHERE k BETWEEN 5706738 AND 5706838
	Bitmap Heap Scan on sbtest3  (cost=5.50..417.32 rows=104 width=125)
	  Recheck Cond: ((k >= 5706738) AND (k <= 5706838))
	  ->  Bitmap Index Scan on k_3  (cost=0.00..5.47 rows=104 width=0)
	        Index Cond: ((k >= 5706738) AND (k <= 5706838))

table 4 : explain SELECT k, c FROM sbtest4 WHERE k BETWEEN 5706738 AND 5706838
	Bitmap Heap Scan on sbtest4  (cost=5.48..409.66 rows=102 width=125)
	  Recheck Cond: ((k >= 5706738) AND (k <= 5706838))
	  ->  Bitmap Index Scan on k_4  (cost=0.00..5.45 rows=102 width=0)
	        Index Cond: ((k >= 5706738) AND (k <= 5706838))

table 5 : explain SELECT k, c FROM sbtest5 WHERE k BETWEEN 5706738 AND 5706838
	Bitmap Heap Scan on sbtest5  (cost=5.37..366.22 rows=91 width=125)
	  Recheck Cond: ((k >= 5706738) AND (k <= 5706838))
	  ->  Bitmap Index Scan on k_5  (cost=0.00..5.34 rows=91 width=0)
	        Index Cond: ((k >= 5706738) AND (k <= 5706838))

table 6 : explain SELECT k, c FROM sbtest6 WHERE k BETWEEN 5706738 AND 5706838
	Bitmap Heap Scan on sbtest6  (cost=5.50..417.35 rows=104 width=125)
	  Recheck Cond: ((k >= 5706738) AND (k <= 5706838))
	  ->  Bitmap Index Scan on k_6  (cost=0.00..5.47 rows=104 width=0)
	        Index Cond: ((k >= 5706738) AND (k <= 5706838))

table 7 : explain SELECT k, c FROM sbtest7 WHERE k BETWEEN 5706738 AND 5706838
	Bitmap Heap Scan on sbtest7  (cost=5.49..413.34 rows=103 width=125)
	  Recheck Cond: ((k >= 5706738) AND (k <= 5706838))
	  ->  Bitmap Index Scan on k_7  (cost=0.00..5.46 rows=103 width=0)
	        Index Cond: ((k >= 5706738) AND (k <= 5706838))

table 8 : explain SELECT k, c FROM sbtest8 WHERE k BETWEEN 5706738 AND 5706838
	Bitmap Heap Scan on sbtest8  (cost=5.50..417.31 rows=104 width=125)
	  Recheck Cond: ((k >= 5706738) AND (k <= 5706838))
	  ->  Bitmap Index Scan on k_8  (cost=0.00..5.47 rows=104 width=0)
	        Index Cond: ((k >= 5706738) AND (k <= 5706838))

explain: for range-notcovered :: explain SELECT k, c FROM sbtest%d WHERE k BETWEEN 3731536 AND 3731636



for range-notcovered
table 1 : explain SELECT k, c FROM sbtest1 WHERE k BETWEEN 9039001 AND 9039101
	Bitmap Heap Scan on sbtest1  (cost=5.53..429.12 rows=107 width=125)
	  Recheck Cond: ((k >= 9039001) AND (k <= 9039101))
	  ->  Bitmap Index Scan on k_1  (cost=0.00..5.50 rows=107 width=0)
	        Index Cond: ((k >= 9039001) AND (k <= 9039101))

table 2 : explain SELECT k, c FROM sbtest2 WHERE k BETWEEN 9039001 AND 9039101
	Bitmap Heap Scan on sbtest2  (cost=5.53..429.14 rows=107 width=125)
	  Recheck Cond: ((k >= 9039001) AND (k <= 9039101))
	  ->  Bitmap Index Scan on k_2  (cost=0.00..5.50 rows=107 width=0)
	        Index Cond: ((k >= 9039001) AND (k <= 9039101))

table 3 : explain SELECT k, c FROM sbtest3 WHERE k BETWEEN 9039001 AND 9039101
	Bitmap Heap Scan on sbtest3  (cost=5.52..425.21 rows=106 width=125)
	  Recheck Cond: ((k >= 9039001) AND (k <= 9039101))
	  ->  Bitmap Index Scan on k_3  (cost=0.00..5.50 rows=106 width=0)
	        Index Cond: ((k >= 9039001) AND (k <= 9039101))

table 4 : explain SELECT k, c FROM sbtest4 WHERE k BETWEEN 9039001 AND 9039101
	Bitmap Heap Scan on sbtest4  (cost=5.42..385.97 rows=96 width=125)
	  Recheck Cond: ((k >= 9039001) AND (k <= 9039101))
	  ->  Bitmap Index Scan on k_4  (cost=0.00..5.39 rows=96 width=0)
	        Index Cond: ((k >= 9039001) AND (k <= 9039101))

table 5 : explain SELECT k, c FROM sbtest5 WHERE k BETWEEN 9039001 AND 9039101
	Bitmap Heap Scan on sbtest5  (cost=5.52..425.44 rows=106 width=125)
	  Recheck Cond: ((k >= 9039001) AND (k <= 9039101))
	  ->  Bitmap Index Scan on k_5  (cost=0.00..5.50 rows=106 width=0)
	        Index Cond: ((k >= 9039001) AND (k <= 9039101))

table 6 : explain SELECT k, c FROM sbtest6 WHERE k BETWEEN 9039001 AND 9039101
	Bitmap Heap Scan on sbtest6  (cost=5.45..397.63 rows=99 width=125)
	  Recheck Cond: ((k >= 9039001) AND (k <= 9039101))
	  ->  Bitmap Index Scan on k_6  (cost=0.00..5.42 rows=99 width=0)
	        Index Cond: ((k >= 9039001) AND (k <= 9039101))

table 7 : explain SELECT k, c FROM sbtest7 WHERE k BETWEEN 9039001 AND 9039101
	Bitmap Heap Scan on sbtest7  (cost=5.52..425.16 rows=106 width=125)
	  Recheck Cond: ((k >= 9039001) AND (k <= 9039101))
	  ->  Bitmap Index Scan on k_7  (cost=0.00..5.50 rows=106 width=0)
	        Index Cond: ((k >= 9039001) AND (k <= 9039101))

table 8 : explain SELECT k, c FROM sbtest8 WHERE k BETWEEN 9039001 AND 9039101
	Bitmap Heap Scan on sbtest8  (cost=5.46..401.53 rows=100 width=125)
	  Recheck Cond: ((k >= 9039001) AND (k <= 9039101))
	  ->  Bitmap Index Scan on k_8  (cost=0.00..5.43 rows=100 width=0)
	        Index Cond: ((k >= 9039001) AND (k <= 9039101))

for range-notcovered
table 1 : explain SELECT k, c FROM sbtest1 WHERE k BETWEEN 1363981 AND 1364081
	Bitmap Heap Scan on sbtest1  (cost=5.46..401.52 rows=100 width=125)
	  Recheck Cond: ((k >= 1363981) AND (k <= 1364081))
	  ->  Bitmap Index Scan on k_1  (cost=0.00..5.43 rows=100 width=0)
	        Index Cond: ((k >= 1363981) AND (k <= 1364081))

table 2 : explain SELECT k, c FROM sbtest2 WHERE k BETWEEN 1363981 AND 1364081
	Bitmap Heap Scan on sbtest2  (cost=5.45..397.59 rows=99 width=125)
	  Recheck Cond: ((k >= 1363981) AND (k <= 1364081))
	  ->  Bitmap Index Scan on k_2  (cost=0.00..5.42 rows=99 width=0)
	        Index Cond: ((k >= 1363981) AND (k <= 1364081))

table 3 : explain SELECT k, c FROM sbtest3 WHERE k BETWEEN 1363981 AND 1364081
	Bitmap Heap Scan on sbtest3  (cost=5.62..464.61 rows=116 width=125)
	  Recheck Cond: ((k >= 1363981) AND (k <= 1364081))
	  ->  Bitmap Index Scan on k_3  (cost=0.00..5.59 rows=116 width=0)
	        Index Cond: ((k >= 1363981) AND (k <= 1364081))

table 4 : explain SELECT k, c FROM sbtest4 WHERE k BETWEEN 1363981 AND 1364081
	Bitmap Heap Scan on sbtest4  (cost=5.53..429.39 rows=107 width=125)
	  Recheck Cond: ((k >= 1363981) AND (k <= 1364081))
	  ->  Bitmap Index Scan on k_4  (cost=0.00..5.50 rows=107 width=0)
	        Index Cond: ((k >= 1363981) AND (k <= 1364081))

table 5 : explain SELECT k, c FROM sbtest5 WHERE k BETWEEN 1363981 AND 1364081
	Bitmap Heap Scan on sbtest5  (cost=5.45..397.82 rows=99 width=125)
	  Recheck Cond: ((k >= 1363981) AND (k <= 1364081))
	  ->  Bitmap Index Scan on k_5  (cost=0.00..5.42 rows=99 width=0)
	        Index Cond: ((k >= 1363981) AND (k <= 1364081))

table 6 : explain SELECT k, c FROM sbtest6 WHERE k BETWEEN 1363981 AND 1364081
	Bitmap Heap Scan on sbtest6  (cost=5.52..425.23 rows=106 width=125)
	  Recheck Cond: ((k >= 1363981) AND (k <= 1364081))
	  ->  Bitmap Index Scan on k_6  (cost=0.00..5.50 rows=106 width=0)
	        Index Cond: ((k >= 1363981) AND (k <= 1364081))

table 7 : explain SELECT k, c FROM sbtest7 WHERE k BETWEEN 1363981 AND 1364081
	Bitmap Heap Scan on sbtest7  (cost=5.46..401.51 rows=100 width=125)
	  Recheck Cond: ((k >= 1363981) AND (k <= 1364081))
	  ->  Bitmap Index Scan on k_7  (cost=0.00..5.43 rows=100 width=0)
	        Index Cond: ((k >= 1363981) AND (k <= 1364081))

table 8 : explain SELECT k, c FROM sbtest8 WHERE k BETWEEN 1363981 AND 1364081
	Bitmap Heap Scan on sbtest8  (cost=5.53..429.13 rows=107 width=125)
	  Recheck Cond: ((k >= 1363981) AND (k <= 1364081))
	  ->  Bitmap Index Scan on k_8  (cost=0.00..5.50 rows=107 width=0)
	        Index Cond: ((k >= 1363981) AND (k <= 1364081))
explain: for range-notcovered :: explain SELECT k, c FROM sbtest%d WHERE k BETWEEN 5706738 AND 5706838
for range-notcovered
table 1 : explain SELECT k, c FROM sbtest1 WHERE k BETWEEN 397393 AND 397493
	Bitmap Heap Scan on sbtest1  (cost=5.44..393.63 rows=98 width=125)
	  Recheck Cond: ((k >= 397393) AND (k <= 397493))
	  ->  Bitmap Index Scan on k_1  (cost=0.00..5.42 rows=98 width=0)
	        Index Cond: ((k >= 397393) AND (k <= 397493))

table 2 : explain SELECT k, c FROM sbtest2 WHERE k BETWEEN 397393 AND 397493
	Bitmap Heap Scan on sbtest2  (cost=5.52..425.19 rows=106 width=125)
	  Recheck Cond: ((k >= 397393) AND (k <= 397493))
	  ->  Bitmap Index Scan on k_2  (cost=0.00..5.50 rows=106 width=0)
	        Index Cond: ((k >= 397393) AND (k <= 397493))

table 3 : explain SELECT k, c FROM sbtest3 WHERE k BETWEEN 397393 AND 397493
	Bitmap Heap Scan on sbtest3  (cost=5.35..358.14 rows=89 width=125)
	  Recheck Cond: ((k >= 397393) AND (k <= 397493))
	  ->  Bitmap Index Scan on k_3  (cost=0.00..5.32 rows=89 width=0)
	        Index Cond: ((k >= 397393) AND (k <= 397493))

table 4 : explain SELECT k, c FROM sbtest4 WHERE k BETWEEN 397393 AND 397493
	Bitmap Heap Scan on sbtest4  (cost=5.40..378.07 rows=94 width=125)
	  Recheck Cond: ((k >= 397393) AND (k <= 397493))
	  ->  Bitmap Index Scan on k_4  (cost=0.00..5.38 rows=94 width=0)
	        Index Cond: ((k >= 397393) AND (k <= 397493))

table 5 : explain SELECT k, c FROM sbtest5 WHERE k BETWEEN 397393 AND 397493
	Bitmap Heap Scan on sbtest5  (cost=5.42..385.97 rows=96 width=125)
	  Recheck Cond: ((k >= 397393) AND (k <= 397493))
	  ->  Bitmap Index Scan on k_5  (cost=0.00..5.39 rows=96 width=0)
	        Index Cond: ((k >= 397393) AND (k <= 397493))

table 6 : explain SELECT k, c FROM sbtest6 WHERE k BETWEEN 397393 AND 397493
	Bitmap Heap Scan on sbtest6  (cost=5.56..441.00 rows=110 width=125)
	  Recheck Cond: ((k >= 397393) AND (k <= 397493))
	  ->  Bitmap Index Scan on k_6  (cost=0.00..5.53 rows=110 width=0)
	        Index Cond: ((k >= 397393) AND (k <= 397493))

table 7 : explain SELECT k, c FROM sbtest7 WHERE k BETWEEN 397393 AND 397493
	Bitmap Heap Scan on sbtest7  (cost=5.46..401.51 rows=100 width=125)
	  Recheck Cond: ((k >= 397393) AND (k <= 397493))
	  ->  Bitmap Index Scan on k_7  (cost=0.00..5.43 rows=100 width=0)
	        Index Cond: ((k >= 397393) AND (k <= 397493))

table 8 : explain SELECT k, c FROM sbtest8 WHERE k BETWEEN 397393 AND 397493
	Bitmap Heap Scan on sbtest8  (cost=5.43..389.70 rows=97 width=125)
	  Recheck Cond: ((k >= 397393) AND (k <= 397493))
	  ->  Bitmap Index Scan on k_8  (cost=0.00..5.40 rows=97 width=0)
	        Index Cond: ((k >= 397393) AND (k <= 397493))

for range-notcovered
table 1 : explain SELECT k, c FROM sbtest1 WHERE k BETWEEN 5454301 AND 5454401
	Bitmap Heap Scan on sbtest1  (cost=5.54..433.06 rows=108 width=125)
	  Recheck Cond: ((k >= 5454301) AND (k <= 5454401))
	  ->  Bitmap Index Scan on k_1  (cost=0.00..5.51 rows=108 width=0)
	        Index Cond: ((k >= 5454301) AND (k <= 5454401))

table 2 : explain SELECT k, c FROM sbtest2 WHERE k BETWEEN 5454301 AND 5454401
	Bitmap Heap Scan on sbtest2  (cost=5.40..377.87 rows=94 width=125)
	  Recheck Cond: ((k >= 5454301) AND (k <= 5454401))
	  ->  Bitmap Index Scan on k_2  (cost=0.00..5.38 rows=94 width=0)
	        Index Cond: ((k >= 5454301) AND (k <= 5454401))

table 3 : explain SELECT k, c FROM sbtest3 WHERE k BETWEEN 5454301 AND 5454401
	Bitmap Heap Scan on sbtest3  (cost=5.50..417.32 rows=104 width=125)
	  Recheck Cond: ((k >= 5454301) AND (k <= 5454401))
	  ->  Bitmap Index Scan on k_3  (cost=0.00..5.47 rows=104 width=0)
	        Index Cond: ((k >= 5454301) AND (k <= 5454401))

table 4 : explain SELECT k, c FROM sbtest4 WHERE k BETWEEN 5454301 AND 5454401
	Bitmap Heap Scan on sbtest4  (cost=5.51..421.50 rows=105 width=125)
	  Recheck Cond: ((k >= 5454301) AND (k <= 5454401))
	  ->  Bitmap Index Scan on k_4  (cost=0.00..5.48 rows=105 width=0)
	        Index Cond: ((k >= 5454301) AND (k <= 5454401))

table 5 : explain SELECT k, c FROM sbtest5 WHERE k BETWEEN 5454301 AND 5454401
	Bitmap Heap Scan on sbtest5  (cost=5.58..449.11 rows=112 width=125)
	  Recheck Cond: ((k >= 5454301) AND (k <= 5454401))
	  ->  Bitmap Index Scan on k_5  (cost=0.00..5.55 rows=112 width=0)
	        Index Cond: ((k >= 5454301) AND (k <= 5454401))

table 6 : explain SELECT k, c FROM sbtest6 WHERE k BETWEEN 5454301 AND 5454401
	Bitmap Heap Scan on sbtest6  (cost=5.54..433.11 rows=108 width=125)
	  Recheck Cond: ((k >= 5454301) AND (k <= 5454401))
	  ->  Bitmap Index Scan on k_6  (cost=0.00..5.51 rows=108 width=0)
	        Index Cond: ((k >= 5454301) AND (k <= 5454401))

table 7 : explain SELECT k, c FROM sbtest7 WHERE k BETWEEN 5454301 AND 5454401
	Bitmap Heap Scan on sbtest7  (cost=5.42..385.73 rows=96 width=125)
	  Recheck Cond: ((k >= 5454301) AND (k <= 5454401))
	  ->  Bitmap Index Scan on k_7  (cost=0.00..5.39 rows=96 width=0)
	        Index Cond: ((k >= 5454301) AND (k <= 5454401))

table 8 : explain SELECT k, c FROM sbtest8 WHERE k BETWEEN 5454301 AND 5454401
	Bitmap Heap Scan on sbtest8  (cost=5.46..401.53 rows=100 width=125)
	  Recheck Cond: ((k >= 5454301) AND (k <= 5454401))
	  ->  Bitmap Index Scan on k_8  (cost=0.00..5.43 rows=100 width=0)
	        Index Cond: ((k >= 5454301) AND (k <= 5454401))

for range-notcovered
table 1 : explain SELECT k, c FROM sbtest1 WHERE k BETWEEN 2295299 AND 2295399
	Bitmap Heap Scan on sbtest1  (cost=5.44..393.63 rows=98 width=125)
	  Recheck Cond: ((k >= 2295299) AND (k <= 2295399))
	  ->  Bitmap Index Scan on k_1  (cost=0.00..5.42 rows=98 width=0)
	        Index Cond: ((k >= 2295299) AND (k <= 2295399))

table 2 : explain SELECT k, c FROM sbtest2 WHERE k BETWEEN 2295299 AND 2295399
	Bitmap Heap Scan on sbtest2  (cost=5.40..377.87 rows=94 width=125)
	  Recheck Cond: ((k >= 2295299) AND (k <= 2295399))
	  ->  Bitmap Index Scan on k_2  (cost=0.00..5.38 rows=94 width=0)
	        Index Cond: ((k >= 2295299) AND (k <= 2295399))

table 3 : explain SELECT k, c FROM sbtest3 WHERE k BETWEEN 2295299 AND 2295399
	Bitmap Heap Scan on sbtest3  (cost=5.55..437.03 rows=109 width=125)
	  Recheck Cond: ((k >= 2295299) AND (k <= 2295399))
	  ->  Bitmap Index Scan on k_3  (cost=0.00..5.52 rows=109 width=0)
	        Index Cond: ((k >= 2295299) AND (k <= 2295399))

table 4 : explain SELECT k, c FROM sbtest4 WHERE k BETWEEN 2295299 AND 2295399
	Bitmap Heap Scan on sbtest4  (cost=5.44..393.87 rows=98 width=125)
	  Recheck Cond: ((k >= 2295299) AND (k <= 2295399))
	  ->  Bitmap Index Scan on k_4  (cost=0.00..5.42 rows=98 width=0)
	        Index Cond: ((k >= 2295299) AND (k <= 2295399))

table 5 : explain SELECT k, c FROM sbtest5 WHERE k BETWEEN 2295299 AND 2295399
	Bitmap Heap Scan on sbtest5  (cost=5.47..405.71 rows=101 width=125)
	  Recheck Cond: ((k >= 2295299) AND (k <= 2295399))
	  ->  Bitmap Index Scan on k_5  (cost=0.00..5.44 rows=101 width=0)
	        Index Cond: ((k >= 2295299) AND (k <= 2295399))

table 6 : explain SELECT k, c FROM sbtest6 WHERE k BETWEEN 2295299 AND 2295399
	Bitmap Heap Scan on sbtest6  (cost=5.48..409.46 rows=102 width=125)
	  Recheck Cond: ((k >= 2295299) AND (k <= 2295399))
	  ->  Bitmap Index Scan on k_6  (cost=0.00..5.45 rows=102 width=0)
	        Index Cond: ((k >= 2295299) AND (k <= 2295399))

table 7 : explain SELECT k, c FROM sbtest7 WHERE k BETWEEN 2295299 AND 2295399
	Bitmap Heap Scan on sbtest7  (cost=5.44..393.62 rows=98 width=125)
	  Recheck Cond: ((k >= 2295299) AND (k <= 2295399))
	  ->  Bitmap Index Scan on k_7  (cost=0.00..5.42 rows=98 width=0)
	        Index Cond: ((k >= 2295299) AND (k <= 2295399))

table 8 : explain SELECT k, c FROM sbtest8 WHERE k BETWEEN 2295299 AND 2295399
	Bitmap Heap Scan on sbtest8  (cost=5.61..460.65 rows=115 width=125)
	  Recheck Cond: ((k >= 2295299) AND (k <= 2295399))
	  ->  Bitmap Index Scan on k_8  (cost=0.00..5.58 rows=115 width=0)
	        Index Cond: ((k >= 2295299) AND (k <= 2295399))

explain: for range-notcovered :: explain SELECT k, c FROM sbtest%d WHERE k BETWEEN 4686524 AND 4686624

for range-notcovered
table 1 : explain SELECT k, c FROM sbtest1 WHERE k BETWEEN 6505532 AND 6505632
	Bitmap Heap Scan on sbtest1  (cost=5.47..405.46 rows=101 width=125)
	  Recheck Cond: ((k >= 6505532) AND (k <= 6505632))
	  ->  Bitmap Index Scan on k_1  (cost=0.00..5.44 rows=101 width=0)
	        Index Cond: ((k >= 6505532) AND (k <= 6505632))

table 2 : explain SELECT k, c FROM sbtest2 WHERE k BETWEEN 6505532 AND 6505632
	Bitmap Heap Scan on sbtest2  (cost=5.40..377.87 rows=94 width=125)
	  Recheck Cond: ((k >= 6505532) AND (k <= 6505632))
	  ->  Bitmap Index Scan on k_2  (cost=0.00..5.38 rows=94 width=0)
	        Index Cond: ((k >= 6505532) AND (k <= 6505632))

table 3 : explain SELECT k, c FROM sbtest3 WHERE k BETWEEN 6505532 AND 6505632
	Bitmap Heap Scan on sbtest3  (cost=5.42..385.77 rows=96 width=125)
	  Recheck Cond: ((k >= 6505532) AND (k <= 6505632))
	  ->  Bitmap Index Scan on k_3  (cost=0.00..5.39 rows=96 width=0)
	        Index Cond: ((k >= 6505532) AND (k <= 6505632))

table 4 : explain SELECT k, c FROM sbtest4 WHERE k BETWEEN 6505532 AND 6505632
	Bitmap Heap Scan on sbtest4  (cost=5.44..393.87 rows=98 width=125)
	  Recheck Cond: ((k >= 6505532) AND (k <= 6505632))
	  ->  Bitmap Index Scan on k_4  (cost=0.00..5.42 rows=98 width=0)
	        Index Cond: ((k >= 6505532) AND (k <= 6505632))

table 5 : explain SELECT k, c FROM sbtest5 WHERE k BETWEEN 6505532 AND 6505632
	Bitmap Heap Scan on sbtest5  (cost=5.51..421.50 rows=105 width=125)
	  Recheck Cond: ((k >= 6505532) AND (k <= 6505632))
	  ->  Bitmap Index Scan on k_5  (cost=0.00..5.48 rows=105 width=0)
	        Index Cond: ((k >= 6505532) AND (k <= 6505632))

table 6 : explain SELECT k, c FROM sbtest6 WHERE k BETWEEN 6505532 AND 6505632
	Bitmap Heap Scan on sbtest6  (cost=5.44..393.68 rows=98 width=125)
	  Recheck Cond: ((k >= 6505532) AND (k <= 6505632))
	  ->  Bitmap Index Scan on k_6  (cost=0.00..5.42 rows=98 width=0)
	        Index Cond: ((k >= 6505532) AND (k <= 6505632))

table 7 : explain SELECT k, c FROM sbtest7 WHERE k BETWEEN 6505532 AND 6505632
	Bitmap Heap Scan on sbtest7  (cost=5.47..405.45 rows=101 width=125)
	  Recheck Cond: ((k >= 6505532) AND (k <= 6505632))
	  ->  Bitmap Index Scan on k_7  (cost=0.00..5.44 rows=101 width=0)
	        Index Cond: ((k >= 6505532) AND (k <= 6505632))

table 8 : explain SELECT k, c FROM sbtest8 WHERE k BETWEEN 6505532 AND 6505632
	Bitmap Heap Scan on sbtest8  (cost=5.48..409.42 rows=102 width=125)
	  Recheck Cond: ((k >= 6505532) AND (k <= 6505632))
	  ->  Bitmap Index Scan on k_8  (cost=0.00..5.45 rows=102 width=0)
	        Index Cond: ((k >= 6505532) AND (k <= 6505632))

explain: for range-notcovered :: explain SELECT k, c FROM sbtest%d WHERE k BETWEEN 9039001 AND 9039101explain: for range-notcovered :: explain SELECT k, c FROM sbtest%d WHERE k BETWEEN 5454301 AND 5454401
for range-notcovered
table 1 : explain SELECT k, c FROM sbtest1 WHERE k BETWEEN 4019169 AND 4019269
	Bitmap Heap Scan on sbtest1  (cost=5.49..413.35 rows=103 width=125)
	  Recheck Cond: ((k >= 4019169) AND (k <= 4019269))
	  ->  Bitmap Index Scan on k_1  (cost=0.00..5.46 rows=103 width=0)
	        Index Cond: ((k >= 4019169) AND (k <= 4019269))

table 2 : explain SELECT k, c FROM sbtest2 WHERE k BETWEEN 4019169 AND 4019269
	Bitmap Heap Scan on sbtest2  (cost=5.46..401.54 rows=100 width=125)
	  Recheck Cond: ((k >= 4019169) AND (k <= 4019269))
	  ->  Bitmap Index Scan on k_2  (cost=0.00..5.43 rows=100 width=0)
	        Index Cond: ((k >= 4019169) AND (k <= 4019269))

table 3 : explain SELECT k, c FROM sbtest3 WHERE k BETWEEN 4019169 AND 4019269
	Bitmap Heap Scan on sbtest3  (cost=5.56..440.97 rows=110 width=125)
	  Recheck Cond: ((k >= 4019169) AND (k <= 4019269))
	  ->  Bitmap Index Scan on k_3  (cost=0.00..5.53 rows=110 width=0)
	        Index Cond: ((k >= 4019169) AND (k <= 4019269))

table 4 : explain SELECT k, c FROM sbtest4 WHERE k BETWEEN 4019169 AND 4019269
	Bitmap Heap Scan on sbtest4  (cost=5.40..378.07 rows=94 width=125)
	  Recheck Cond: ((k >= 4019169) AND (k <= 4019269))
	  ->  Bitmap Index Scan on k_4  (cost=0.00..5.38 rows=94 width=0)
	        Index Cond: ((k >= 4019169) AND (k <= 4019269))

table 5 : explain SELECT k, c FROM sbtest5 WHERE k BETWEEN 4019169 AND 4019269
	Bitmap Heap Scan on sbtest5  (cost=5.48..409.66 rows=102 width=125)
	  Recheck Cond: ((k >= 4019169) AND (k <= 4019269))
	  ->  Bitmap Index Scan on k_5  (cost=0.00..5.45 rows=102 width=0)
	        Index Cond: ((k >= 4019169) AND (k <= 4019269))

table 6 : explain SELECT k, c FROM sbtest6 WHERE k BETWEEN 4019169 AND 4019269
	Bitmap Heap Scan on sbtest6  (cost=5.43..389.74 rows=97 width=125)
	  Recheck Cond: ((k >= 4019169) AND (k <= 4019269))
	  ->  Bitmap Index Scan on k_6  (cost=0.00..5.40 rows=97 width=0)
	        Index Cond: ((k >= 4019169) AND (k <= 4019269))

table 7 : explain SELECT k, c FROM sbtest7 WHERE k BETWEEN 4019169 AND 4019269
	Bitmap Heap Scan on sbtest7  (cost=5.51..421.22 rows=105 width=125)
	  Recheck Cond: ((k >= 4019169) AND (k <= 4019269))
	  ->  Bitmap Index Scan on k_7  (cost=0.00..5.48 rows=105 width=0)
	        Index Cond: ((k >= 4019169) AND (k <= 4019269))

table 8 : explain SELECT k, c FROM sbtest8 WHERE k BETWEEN 4019169 AND 4019269
	Bitmap Heap Scan on sbtest8  (cost=5.47..405.48 rows=101 width=125)
	  Recheck Cond: ((k >= 4019169) AND (k <= 4019269))
	  ->  Bitmap Index Scan on k_8  (cost=0.00..5.44 rows=101 width=0)
	        Index Cond: ((k >= 4019169) AND (k <= 4019269))

for range-notcovered
table 1 : explain SELECT k, c FROM sbtest1 WHERE k BETWEEN 3530048 AND 3530148
	Bitmap Heap Scan on sbtest1  (cost=5.35..358.12 rows=89 width=125)
	  Recheck Cond: ((k >= 3530048) AND (k <= 3530148))
	  ->  Bitmap Index Scan on k_1  (cost=0.00..5.32 rows=89 width=0)
	        Index Cond: ((k >= 3530048) AND (k <= 3530148))

table 2 : explain SELECT k, c FROM sbtest2 WHERE k BETWEEN 3530048 AND 3530148
	Bitmap Heap Scan on sbtest2  (cost=5.46..401.54 rows=100 width=125)
	  Recheck Cond: ((k >= 3530048) AND (k <= 3530148))
	  ->  Bitmap Index Scan on k_2  (cost=0.00..5.43 rows=100 width=0)
	        Index Cond: ((k >= 3530048) AND (k <= 3530148))

table 3 : explain SELECT k, c FROM sbtest3 WHERE k BETWEEN 3530048 AND 3530148
	Bitmap Heap Scan on sbtest3  (cost=5.42..385.77 rows=96 width=125)
	  Recheck Cond: ((k >= 3530048) AND (k <= 3530148))
	  ->  Bitmap Index Scan on k_3  (cost=0.00..5.39 rows=96 width=0)
	        Index Cond: ((k >= 3530048) AND (k <= 3530148))

table 4 : explain SELECT k, c FROM sbtest4 WHERE k BETWEEN 3530048 AND 3530148
	Bitmap Heap Scan on sbtest4  (cost=5.57..445.16 rows=111 width=125)
	  Recheck Cond: ((k >= 3530048) AND (k <= 3530148))
	  ->  Bitmap Index Scan on k_4  (cost=0.00..5.54 rows=111 width=0)
	        Index Cond: ((k >= 3530048) AND (k <= 3530148))

table 5 : explain SELECT k, c FROM sbtest5 WHERE k BETWEEN 3530048 AND 3530148
	Bitmap Heap Scan on sbtest5  (cost=5.41..382.02 rows=95 width=125)
	  Recheck Cond: ((k >= 3530048) AND (k <= 3530148))
	  ->  Bitmap Index Scan on k_5  (cost=0.00..5.38 rows=95 width=0)
	        Index Cond: ((k >= 3530048) AND (k <= 3530148))

table 6 : explain SELECT k, c FROM sbtest6 WHERE k BETWEEN 3530048 AND 3530148
	Bitmap Heap Scan on sbtest6  (cost=5.44..393.68 rows=98 width=125)
	  Recheck Cond: ((k >= 3530048) AND (k <= 3530148))
	  ->  Bitmap Index Scan on k_6  (cost=0.00..5.42 rows=98 width=0)
	        Index Cond: ((k >= 3530048) AND (k <= 3530148))

table 7 : explain SELECT k, c FROM sbtest7 WHERE k BETWEEN 3530048 AND 3530148
	Bitmap Heap Scan on sbtest7  (cost=5.45..397.57 rows=99 width=125)
	  Recheck Cond: ((k >= 3530048) AND (k <= 3530148))
	  ->  Bitmap Index Scan on k_7  (cost=0.00..5.42 rows=99 width=0)
	        Index Cond: ((k >= 3530048) AND (k <= 3530148))

table 8 : explain SELECT k, c FROM sbtest8 WHERE k BETWEEN 3530048 AND 3530148
	Bitmap Heap Scan on sbtest8  (cost=5.51..421.25 rows=105 width=125)
	  Recheck Cond: ((k >= 3530048) AND (k <= 3530148))
	  ->  Bitmap Index Scan on k_8  (cost=0.00..5.48 rows=105 width=0)
	        Index Cond: ((k >= 3530048) AND (k <= 3530148))

for range-notcovered
table 1 : explain SELECT k, c FROM sbtest1 WHERE k BETWEEN 7876412 AND 7876512
	Bitmap Heap Scan on sbtest1  (cost=5.42..385.74 rows=96 width=125)
	  Recheck Cond: ((k >= 7876412) AND (k <= 7876512))
	  ->  Bitmap Index Scan on k_1  (cost=0.00..5.39 rows=96 width=0)
	        Index Cond: ((k >= 7876412) AND (k <= 7876512))

table 2 : explain SELECT k, c FROM sbtest2 WHERE k BETWEEN 7876412 AND 7876512
	Bitmap Heap Scan on sbtest2  (cost=5.48..409.43 rows=102 width=125)
	  Recheck Cond: ((k >= 7876412) AND (k <= 7876512))
	  ->  Bitmap Index Scan on k_2  (cost=0.00..5.45 rows=102 width=0)
	        Index Cond: ((k >= 7876412) AND (k <= 7876512))

table 3 : explain SELECT k, c FROM sbtest3 WHERE k BETWEEN 7876412 AND 7876512
	Bitmap Heap Scan on sbtest3  (cost=5.44..393.66 rows=98 width=125)
	  Recheck Cond: ((k >= 7876412) AND (k <= 7876512))
	  ->  Bitmap Index Scan on k_3  (cost=0.00..5.42 rows=98 width=0)
	        Index Cond: ((k >= 7876412) AND (k <= 7876512))

table 4 : explain SELECT k, c FROM sbtest4 WHERE k BETWEEN 7876412 AND 7876512
	Bitmap Heap Scan on sbtest4  (cost=5.49..413.60 rows=103 width=125)
	  Recheck Cond: ((k >= 7876412) AND (k <= 7876512))
	  ->  Bitmap Index Scan on k_4  (cost=0.00..5.46 rows=103 width=0)
	        Index Cond: ((k >= 7876412) AND (k <= 7876512))

table 5 : explain SELECT k, c FROM sbtest5 WHERE k BETWEEN 7876412 AND 7876512
	Bitmap Heap Scan on sbtest5  (cost=5.62..464.87 rows=116 width=125)
	  Recheck Cond: ((k >= 7876412) AND (k <= 7876512))
	  ->  Bitmap Index Scan on k_5  (cost=0.00..5.59 rows=116 width=0)
	        Index Cond: ((k >= 7876412) AND (k <= 7876512))

table 6 : explain SELECT k, c FROM sbtest6 WHERE k BETWEEN 7876412 AND 7876512
	Bitmap Heap Scan on sbtest6  (cost=5.51..421.29 rows=105 width=125)
	  Recheck Cond: ((k >= 7876412) AND (k <= 7876512))
	  ->  Bitmap Index Scan on k_6  (cost=0.00..5.48 rows=105 width=0)
	        Index Cond: ((k >= 7876412) AND (k <= 7876512))

table 7 : explain SELECT k, c FROM sbtest7 WHERE k BETWEEN 7876412 AND 7876512
	Bitmap Heap Scan on sbtest7  (cost=5.54..433.05 rows=108 width=125)
	  Recheck Cond: ((k >= 7876412) AND (k <= 7876512))
	  ->  Bitmap Index Scan on k_7  (cost=0.00..5.51 rows=108 width=0)
	        Index Cond: ((k >= 7876412) AND (k <= 7876512))

table 8 : explain SELECT k, c FROM sbtest8 WHERE k BETWEEN 7876412 AND 7876512
	Bitmap Heap Scan on sbtest8  (cost=5.59..452.77 rows=113 width=125)
	  Recheck Cond: ((k >= 7876412) AND (k <= 7876512))
	  ->  Bitmap Index Scan on k_8  (cost=0.00..5.56 rows=113 width=0)
	        Index Cond: ((k >= 7876412) AND (k <= 7876512))
for range-notcovered
table 1 : explain SELECT k, c FROM sbtest1 WHERE k BETWEEN 4958844 AND 4958944
	Bitmap Heap Scan on sbtest1  (cost=5.47..405.46 rows=101 width=125)
	  Recheck Cond: ((k >= 4958844) AND (k <= 4958944))
	  ->  Bitmap Index Scan on k_1  (cost=0.00..5.44 rows=101 width=0)
	        Index Cond: ((k >= 4958844) AND (k <= 4958944))

table 2 : explain SELECT k, c FROM sbtest2 WHERE k BETWEEN 4958844 AND 4958944
	Bitmap Heap Scan on sbtest2  (cost=5.42..385.76 rows=96 width=125)
	  Recheck Cond: ((k >= 4958844) AND (k <= 4958944))
	  ->  Bitmap Index Scan on k_2  (cost=0.00..5.39 rows=96 width=0)
	        Index Cond: ((k >= 4958844) AND (k <= 4958944))

table 3 : explain SELECT k, c FROM sbtest3 WHERE k BETWEEN 4958844 AND 4958944
	Bitmap Heap Scan on sbtest3  (cost=5.56..440.97 rows=110 width=125)
	  Recheck Cond: ((k >= 4958844) AND (k <= 4958944))
	  ->  Bitmap Index Scan on k_3  (cost=0.00..5.53 rows=110 width=0)
	        Index Cond: ((k >= 4958844) AND (k <= 4958944))

table 4 : explain SELECT k, c FROM sbtest4 WHERE k BETWEEN 4958844 AND 4958944
	Bitmap Heap Scan on sbtest4  (cost=5.50..417.55 rows=104 width=125)
	  Recheck Cond: ((k >= 4958844) AND (k <= 4958944))
	  ->  Bitmap Index Scan on k_4  (cost=0.00..5.47 rows=104 width=0)
	        Index Cond: ((k >= 4958844) AND (k <= 4958944))

table 5 : explain SELECT k, c FROM sbtest5 WHERE k BETWEEN 4958844 AND 4958944
	Bitmap Heap Scan on sbtest5  (cost=5.43..389.92 rows=97 width=125)
	  Recheck Cond: ((k >= 4958844) AND (k <= 4958944))
	  ->  Bitmap Index Scan on k_5  (cost=0.00..5.40 rows=97 width=0)
	        Index Cond: ((k >= 4958844) AND (k <= 4958944))

table 6 : explain SELECT k, c FROM sbtest6 WHERE k BETWEEN 4958844 AND 4958944
	Bitmap Heap Scan on sbtest6  (cost=5.47..405.52 rows=101 width=125)
	  Recheck Cond: ((k >= 4958844) AND (k <= 4958944))
	  ->  Bitmap Index Scan on k_6  (cost=0.00..5.44 rows=101 width=0)
	        Index Cond: ((k >= 4958844) AND (k <= 4958944))

table 7 : explain SELECT k, c FROM sbtest7 WHERE k BETWEEN 4958844 AND 4958944
	Bitmap Heap Scan on sbtest7  (cost=5.41..381.79 rows=95 width=125)
	  Recheck Cond: ((k >= 4958844) AND (k <= 4958944))
	  ->  Bitmap Index Scan on k_7  (cost=0.00..5.38 rows=95 width=0)
	        Index Cond: ((k >= 4958844) AND (k <= 4958944))

table 8 : explain SELECT k, c FROM sbtest8 WHERE k BETWEEN 4958844 AND 4958944
	Bitmap Heap Scan on sbtest8  (cost=5.46..401.53 rows=100 width=125)
	  Recheck Cond: ((k >= 4958844) AND (k <= 4958944))
	  ->  Bitmap Index Scan on k_8  (cost=0.00..5.43 rows=100 width=0)
	        Index Cond: ((k >= 4958844) AND (k <= 4958944))

explain: for range-notcovered :: explain SELECT k, c FROM sbtest%d WHERE k BETWEEN 6505532 AND 6505632for range-notcovered
table 1 : explain SELECT k, c FROM sbtest1 WHERE k BETWEEN 576376 AND 576476
	Bitmap Heap Scan on sbtest1  (cost=5.44..393.63 rows=98 width=125)
	  Recheck Cond: ((k >= 576376) AND (k <= 576476))
	  ->  Bitmap Index Scan on k_1  (cost=0.00..5.42 rows=98 width=0)
	        Index Cond: ((k >= 576376) AND (k <= 576476))

table 2 : explain SELECT k, c FROM sbtest2 WHERE k BETWEEN 576376 AND 576476
	Bitmap Heap Scan on sbtest2  (cost=5.42..385.76 rows=96 width=125)
	  Recheck Cond: ((k >= 576376) AND (k <= 576476))
	  ->  Bitmap Index Scan on k_2  (cost=0.00..5.39 rows=96 width=0)
	        Index Cond: ((k >= 576376) AND (k <= 576476))

table 3 : explain SELECT k, c FROM sbtest3 WHERE k BETWEEN 576376 AND 576476
	Bitmap Heap Scan on sbtest3  (cost=5.44..393.66 rows=98 width=125)
	  Recheck Cond: ((k >= 576376) AND (k <= 576476))
	  ->  Bitmap Index Scan on k_3  (cost=0.00..5.42 rows=98 width=0)
	        Index Cond: ((k >= 576376) AND (k <= 576476))

table 4 : explain SELECT k, c FROM sbtest4 WHERE k BETWEEN 576376 AND 576476
	Bitmap Heap Scan on sbtest4  (cost=5.45..397.82 rows=99 width=125)
	  Recheck Cond: ((k >= 576376) AND (k <= 576476))
	  ->  Bitmap Index Scan on k_4  (cost=0.00..5.42 rows=99 width=0)
	        Index Cond: ((k >= 576376) AND (k <= 576476))

table 5 : explain SELECT k, c FROM sbtest5 WHERE k BETWEEN 576376 AND 576476
	Bitmap Heap Scan on sbtest5  (cost=5.45..397.82 rows=99 width=125)
	  Recheck Cond: ((k >= 576376) AND (k <= 576476))
	  ->  Bitmap Index Scan on k_5  (cost=0.00..5.42 rows=99 width=0)
	        Index Cond: ((k >= 576376) AND (k <= 576476))

table 6 : explain SELECT k, c FROM sbtest6 WHERE k BETWEEN 576376 AND 576476
	Bitmap Heap Scan on sbtest6  (cost=5.57..444.94 rows=111 width=125)
	  Recheck Cond: ((k >= 576376) AND (k <= 576476))
	  ->  Bitmap Index Scan on k_6  (cost=0.00..5.54 rows=111 width=0)
	        Index Cond: ((k >= 576376) AND (k <= 576476))

table 7 : explain SELECT k, c FROM sbtest7 WHERE k BETWEEN 576376 AND 576476
	Bitmap Heap Scan on sbtest7  (cost=5.42..385.73 rows=96 width=125)
	  Recheck Cond: ((k >= 576376) AND (k <= 576476))
	  ->  Bitmap Index Scan on k_7  (cost=0.00..5.39 rows=96 width=0)
	        Index Cond: ((k >= 576376) AND (k <= 576476))

table 8 : explain SELECT k, c FROM sbtest8 WHERE k BETWEEN 576376 AND 576476
	Bitmap Heap Scan on sbtest8  (cost=5.54..433.07 rows=108 width=125)
	  Recheck Cond: ((k >= 576376) AND (k <= 576476))
	  ->  Bitmap Index Scan on k_8  (cost=0.00..5.51 rows=108 width=0)
	        Index Cond: ((k >= 576376) AND (k <= 576476))

for range-notcovered
table 1 : explain SELECT k, c FROM sbtest1 WHERE k BETWEEN 6206397 AND 6206497
	Bitmap Heap Scan on sbtest1  (cost=5.47..405.46 rows=101 width=125)
	  Recheck Cond: ((k >= 6206397) AND (k <= 6206497))
	  ->  Bitmap Index Scan on k_1  (cost=0.00..5.44 rows=101 width=0)
	        Index Cond: ((k >= 6206397) AND (k <= 6206497))

table 2 : explain SELECT k, c FROM sbtest2 WHERE k BETWEEN 6206397 AND 6206497
	Bitmap Heap Scan on sbtest2  (cost=5.46..401.54 rows=100 width=125)
	  Recheck Cond: ((k >= 6206397) AND (k <= 6206497))
	  ->  Bitmap Index Scan on k_2  (cost=0.00..5.43 rows=100 width=0)
	        Index Cond: ((k >= 6206397) AND (k <= 6206497))

table 3 : explain SELECT k, c FROM sbtest3 WHERE k BETWEEN 6206397 AND 6206497
	Bitmap Heap Scan on sbtest3  (cost=5.45..397.61 rows=99 width=125)
	  Recheck Cond: ((k >= 6206397) AND (k <= 6206497))
	  ->  Bitmap Index Scan on k_3  (cost=0.00..5.42 rows=99 width=0)
	        Index Cond: ((k >= 6206397) AND (k <= 6206497))

table 4 : explain SELECT k, c FROM sbtest4 WHERE k BETWEEN 6206397 AND 6206497
	Bitmap Heap Scan on sbtest4  (cost=5.41..382.02 rows=95 width=125)
	  Recheck Cond: ((k >= 6206397) AND (k <= 6206497))
	  ->  Bitmap Index Scan on k_4  (cost=0.00..5.38 rows=95 width=0)
	        Index Cond: ((k >= 6206397) AND (k <= 6206497))

table 5 : explain SELECT k, c FROM sbtest5 WHERE k BETWEEN 6206397 AND 6206497
	Bitmap Heap Scan on sbtest5  (cost=5.51..421.50 rows=105 width=125)
	  Recheck Cond: ((k >= 6206397) AND (k <= 6206497))
	  ->  Bitmap Index Scan on k_5  (cost=0.00..5.48 rows=105 width=0)
	        Index Cond: ((k >= 6206397) AND (k <= 6206497))

table 6 : explain SELECT k, c FROM sbtest6 WHERE k BETWEEN 6206397 AND 6206497
	Bitmap Heap Scan on sbtest6  (cost=5.34..354.21 rows=88 width=125)
	  Recheck Cond: ((k >= 6206397) AND (k <= 6206497))
	  ->  Bitmap Index Scan on k_6  (cost=0.00..5.31 rows=88 width=0)
	        Index Cond: ((k >= 6206397) AND (k <= 6206497))

table 7 : explain SELECT k, c FROM sbtest7 WHERE k BETWEEN 6206397 AND 6206497
	Bitmap Heap Scan on sbtest7  (cost=5.49..413.34 rows=103 width=125)
	  Recheck Cond: ((k >= 6206397) AND (k <= 6206497))
	  ->  Bitmap Index Scan on k_7  (cost=0.00..5.46 rows=103 width=0)
	        Index Cond: ((k >= 6206397) AND (k <= 6206497))

table 8 : explain SELECT k, c FROM sbtest8 WHERE k BETWEEN 6206397 AND 6206497
	Bitmap Heap Scan on sbtest8  (cost=5.42..385.76 rows=96 width=125)
	  Recheck Cond: ((k >= 6206397) AND (k <= 6206497))
	  ->  Bitmap Index Scan on k_8  (cost=0.00..5.39 rows=96 width=0)
	        Index Cond: ((k >= 6206397) AND (k <= 6206497))
explain: for range-notcovered :: explain SELECT k, c FROM sbtest%d WHERE k BETWEEN 4019169 AND 4019269
for range-notcovered
table 1 : explain SELECT k, c FROM sbtest1 WHERE k BETWEEN 6380588 AND 6380688
	Bitmap Heap Scan on sbtest1  (cost=5.47..405.46 rows=101 width=125)
	  Recheck Cond: ((k >= 6380588) AND (k <= 6380688))
	  ->  Bitmap Index Scan on k_1  (cost=0.00..5.44 rows=101 width=0)
	        Index Cond: ((k >= 6380588) AND (k <= 6380688))

table 2 : explain SELECT k, c FROM sbtest2 WHERE k BETWEEN 6380588 AND 6380688
	Bitmap Heap Scan on sbtest2  (cost=5.43..389.70 rows=97 width=125)
	  Recheck Cond: ((k >= 6380588) AND (k <= 6380688))
	  ->  Bitmap Index Scan on k_2  (cost=0.00..5.40 rows=97 width=0)
	        Index Cond: ((k >= 6380588) AND (k <= 6380688))

table 3 : explain SELECT k, c FROM sbtest3 WHERE k BETWEEN 6380588 AND 6380688
	Bitmap Heap Scan on sbtest3  (cost=5.49..413.38 rows=103 width=125)
	  Recheck Cond: ((k >= 6380588) AND (k <= 6380688))
	  ->  Bitmap Index Scan on k_3  (cost=0.00..5.46 rows=103 width=0)
	        Index Cond: ((k >= 6380588) AND (k <= 6380688))

table 4 : explain SELECT k, c FROM sbtest4 WHERE k BETWEEN 6380588 AND 6380688
	Bitmap Heap Scan on sbtest4  (cost=5.43..389.92 rows=97 width=125)
	  Recheck Cond: ((k >= 6380588) AND (k <= 6380688))
	  ->  Bitmap Index Scan on k_4  (cost=0.00..5.40 rows=97 width=0)
	        Index Cond: ((k >= 6380588) AND (k <= 6380688))

table 5 : explain SELECT k, c FROM sbtest5 WHERE k BETWEEN 6380588 AND 6380688
	Bitmap Heap Scan on sbtest5  (cost=5.55..437.28 rows=109 width=125)
	  Recheck Cond: ((k >= 6380588) AND (k <= 6380688))
	  ->  Bitmap Index Scan on k_5  (cost=0.00..5.52 rows=109 width=0)
	        Index Cond: ((k >= 6380588) AND (k <= 6380688))

table 6 : explain SELECT k, c FROM sbtest6 WHERE k BETWEEN 6380588 AND 6380688
	Bitmap Heap Scan on sbtest6  (cost=5.41..381.84 rows=95 width=125)
	  Recheck Cond: ((k >= 6380588) AND (k <= 6380688))
	  ->  Bitmap Index Scan on k_6  (cost=0.00..5.38 rows=95 width=0)
	        Index Cond: ((k >= 6380588) AND (k <= 6380688))

table 7 : explain SELECT k, c FROM sbtest7 WHERE k BETWEEN 6380588 AND 6380688
	Bitmap Heap Scan on sbtest7  (cost=5.54..433.05 rows=108 width=125)
	  Recheck Cond: ((k >= 6380588) AND (k <= 6380688))
	  ->  Bitmap Index Scan on k_7  (cost=0.00..5.51 rows=108 width=0)
	        Index Cond: ((k >= 6380588) AND (k <= 6380688))

table 8 : explain SELECT k, c FROM sbtest8 WHERE k BETWEEN 6380588 AND 6380688
	Bitmap Heap Scan on sbtest8  (cost=5.39..373.92 rows=93 width=125)
	  Recheck Cond: ((k >= 6380588) AND (k <= 6380688))
	  ->  Bitmap Index Scan on k_8  (cost=0.00..5.36 rows=93 width=0)
	        Index Cond: ((k >= 6380588) AND (k <= 6380688))

explain: for range-notcovered :: explain SELECT k, c FROM sbtest%d WHERE k BETWEEN 4958844 AND 4958944
explain: for range-notcovered :: explain SELECT k, c FROM sbtest%d WHERE k BETWEEN 1363981 AND 1364081



for range-notcovered
table 1 : explain SELECT k, c FROM sbtest1 WHERE k BETWEEN 4813597 AND 4813697
	Bitmap Heap Scan on sbtest1  (cost=5.47..405.46 rows=101 width=125)
	  Recheck Cond: ((k >= 4813597) AND (k <= 4813697))
	  ->  Bitmap Index Scan on k_1  (cost=0.00..5.44 rows=101 width=0)
	        Index Cond: ((k >= 4813597) AND (k <= 4813697))

table 2 : explain SELECT k, c FROM sbtest2 WHERE k BETWEEN 4813597 AND 4813697
	Bitmap Heap Scan on sbtest2  (cost=5.45..397.59 rows=99 width=125)
	  Recheck Cond: ((k >= 4813597) AND (k <= 4813697))
	  ->  Bitmap Index Scan on k_2  (cost=0.00..5.42 rows=99 width=0)
	        Index Cond: ((k >= 4813597) AND (k <= 4813697))

table 3 : explain SELECT k, c FROM sbtest3 WHERE k BETWEEN 4813597 AND 4813697
	Bitmap Heap Scan on sbtest3  (cost=5.48..409.44 rows=102 width=125)
	  Recheck Cond: ((k >= 4813597) AND (k <= 4813697))
	  ->  Bitmap Index Scan on k_3  (cost=0.00..5.45 rows=102 width=0)
	        Index Cond: ((k >= 4813597) AND (k <= 4813697))

table 4 : explain SELECT k, c FROM sbtest4 WHERE k BETWEEN 4813597 AND 4813697
	Bitmap Heap Scan on sbtest4  (cost=5.41..382.02 rows=95 width=125)
	  Recheck Cond: ((k >= 4813597) AND (k <= 4813697))
	  ->  Bitmap Index Scan on k_4  (cost=0.00..5.38 rows=95 width=0)
	        Index Cond: ((k >= 4813597) AND (k <= 4813697))

table 5 : explain SELECT k, c FROM sbtest5 WHERE k BETWEEN 4813597 AND 4813697
	Bitmap Heap Scan on sbtest5  (cost=5.50..417.55 rows=104 width=125)
	  Recheck Cond: ((k >= 4813597) AND (k <= 4813697))
	  ->  Bitmap Index Scan on k_5  (cost=0.00..5.47 rows=104 width=0)
	        Index Cond: ((k >= 4813597) AND (k <= 4813697))

table 6 : explain SELECT k, c FROM sbtest6 WHERE k BETWEEN 4813597 AND 4813697
	Bitmap Heap Scan on sbtest6  (cost=5.45..397.63 rows=99 width=125)
	  Recheck Cond: ((k >= 4813597) AND (k <= 4813697))
	  ->  Bitmap Index Scan on k_6  (cost=0.00..5.42 rows=99 width=0)
	        Index Cond: ((k >= 4813597) AND (k <= 4813697))

table 7 : explain SELECT k, c FROM sbtest7 WHERE k BETWEEN 4813597 AND 4813697
	Bitmap Heap Scan on sbtest7  (cost=5.50..417.28 rows=104 width=125)
	  Recheck Cond: ((k >= 4813597) AND (k <= 4813697))
	  ->  Bitmap Index Scan on k_7  (cost=0.00..5.47 rows=104 width=0)
	        Index Cond: ((k >= 4813597) AND (k <= 4813697))

table 8 : explain SELECT k, c FROM sbtest8 WHERE k BETWEEN 4813597 AND 4813697
	Bitmap Heap Scan on sbtest8  (cost=5.38..369.97 rows=92 width=125)
	  Recheck Cond: ((k >= 4813597) AND (k <= 4813697))
	  ->  Bitmap Index Scan on k_8  (cost=0.00..5.35 rows=92 width=0)
	        Index Cond: ((k >= 4813597) AND (k <= 4813697))
explain: for range-notcovered :: explain SELECT k, c FROM sbtest%d WHERE k BETWEEN 6380588 AND 6380688

for range-notcovered
table 1 : explain SELECT k, c FROM sbtest1 WHERE k BETWEEN 2531241 AND 2531341
	Bitmap Heap Scan on sbtest1  (cost=5.51..421.23 rows=105 width=125)
	  Recheck Cond: ((k >= 2531241) AND (k <= 2531341))
	  ->  Bitmap Index Scan on k_1  (cost=0.00..5.48 rows=105 width=0)
	        Index Cond: ((k >= 2531241) AND (k <= 2531341))

table 2 : explain SELECT k, c FROM sbtest2 WHERE k BETWEEN 2531241 AND 2531341
	Bitmap Heap Scan on sbtest2  (cost=5.50..417.31 rows=104 width=125)
	  Recheck Cond: ((k >= 2531241) AND (k <= 2531341))
	  ->  Bitmap Index Scan on k_2  (cost=0.00..5.47 rows=104 width=0)
	        Index Cond: ((k >= 2531241) AND (k <= 2531341))

table 3 : explain SELECT k, c FROM sbtest3 WHERE k BETWEEN 2531241 AND 2531341
	Bitmap Heap Scan on sbtest3  (cost=5.45..397.61 rows=99 width=125)
	  Recheck Cond: ((k >= 2531241) AND (k <= 2531341))
	  ->  Bitmap Index Scan on k_3  (cost=0.00..5.42 rows=99 width=0)
	        Index Cond: ((k >= 2531241) AND (k <= 2531341))

table 4 : explain SELECT k, c FROM sbtest4 WHERE k BETWEEN 2531241 AND 2531341
	Bitmap Heap Scan on sbtest4  (cost=5.47..405.71 rows=101 width=125)
	  Recheck Cond: ((k >= 2531241) AND (k <= 2531341))
	  ->  Bitmap Index Scan on k_4  (cost=0.00..5.44 rows=101 width=0)
	        Index Cond: ((k >= 2531241) AND (k <= 2531341))

table 5 : explain SELECT k, c FROM sbtest5 WHERE k BETWEEN 2531241 AND 2531341
	Bitmap Heap Scan on sbtest5  (cost=5.49..413.61 rows=103 width=125)
	  Recheck Cond: ((k >= 2531241) AND (k <= 2531341))
	  ->  Bitmap Index Scan on k_5  (cost=0.00..5.46 rows=103 width=0)
	        Index Cond: ((k >= 2531241) AND (k <= 2531341))

table 6 : explain SELECT k, c FROM sbtest6 WHERE k BETWEEN 2531241 AND 2531341
	Bitmap Heap Scan on sbtest6  (cost=5.44..393.68 rows=98 width=125)
	  Recheck Cond: ((k >= 2531241) AND (k <= 2531341))
	  ->  Bitmap Index Scan on k_6  (cost=0.00..5.42 rows=98 width=0)
	        Index Cond: ((k >= 2531241) AND (k <= 2531341))

table 7 : explain SELECT k, c FROM sbtest7 WHERE k BETWEEN 2531241 AND 2531341
	Bitmap Heap Scan on sbtest7  (cost=5.41..381.79 rows=95 width=125)
	  Recheck Cond: ((k >= 2531241) AND (k <= 2531341))
	  ->  Bitmap Index Scan on k_7  (cost=0.00..5.38 rows=95 width=0)
	        Index Cond: ((k >= 2531241) AND (k <= 2531341))

table 8 : explain SELECT k, c FROM sbtest8 WHERE k BETWEEN 2531241 AND 2531341
	Bitmap Heap Scan on sbtest8  (cost=5.43..389.70 rows=97 width=125)
	  Recheck Cond: ((k >= 2531241) AND (k <= 2531341))
	  ->  Bitmap Index Scan on k_8  (cost=0.00..5.40 rows=97 width=0)
	        Index Cond: ((k >= 2531241) AND (k <= 2531341))

explain: for range-notcovered :: explain SELECT k, c FROM sbtest%d WHERE k BETWEEN 3530048 AND 3530148
for range-notcovered
table 1 : explain SELECT k, c FROM sbtest1 WHERE k BETWEEN 5644186 AND 5644286
	Bitmap Heap Scan on sbtest1  (cost=5.49..413.35 rows=103 width=125)
	  Recheck Cond: ((k >= 5644186) AND (k <= 5644286))
	  ->  Bitmap Index Scan on k_1  (cost=0.00..5.46 rows=103 width=0)
	        Index Cond: ((k >= 5644186) AND (k <= 5644286))

table 2 : explain SELECT k, c FROM sbtest2 WHERE k BETWEEN 5644186 AND 5644286
	Bitmap Heap Scan on sbtest2  (cost=5.47..405.48 rows=101 width=125)
	  Recheck Cond: ((k >= 5644186) AND (k <= 5644286))
	  ->  Bitmap Index Scan on k_2  (cost=0.00..5.44 rows=101 width=0)
	        Index Cond: ((k >= 5644186) AND (k <= 5644286))

table 3 : explain SELECT k, c FROM sbtest3 WHERE k BETWEEN 5644186 AND 5644286
	Bitmap Heap Scan on sbtest3  (cost=5.47..405.49 rows=101 width=125)
	  Recheck Cond: ((k >= 5644186) AND (k <= 5644286))
	  ->  Bitmap Index Scan on k_3  (cost=0.00..5.44 rows=101 width=0)
	        Index Cond: ((k >= 5644186) AND (k <= 5644286))

table 4 : explain SELECT k, c FROM sbtest4 WHERE k BETWEEN 5644186 AND 5644286
	Bitmap Heap Scan on sbtest4  (cost=5.56..441.22 rows=110 width=125)
	  Recheck Cond: ((k >= 5644186) AND (k <= 5644286))
	  ->  Bitmap Index Scan on k_4  (cost=0.00..5.53 rows=110 width=0)
	        Index Cond: ((k >= 5644186) AND (k <= 5644286))

table 5 : explain SELECT k, c FROM sbtest5 WHERE k BETWEEN 5644186 AND 5644286
	Bitmap Heap Scan on sbtest5  (cost=5.46..401.77 rows=100 width=125)
	  Recheck Cond: ((k >= 5644186) AND (k <= 5644286))
	  ->  Bitmap Index Scan on k_5  (cost=0.00..5.43 rows=100 width=0)
	        Index Cond: ((k >= 5644186) AND (k <= 5644286))

table 6 : explain SELECT k, c FROM sbtest6 WHERE k BETWEEN 5644186 AND 5644286
	Bitmap Heap Scan on sbtest6  (cost=5.50..417.35 rows=104 width=125)
	  Recheck Cond: ((k >= 5644186) AND (k <= 5644286))
	  ->  Bitmap Index Scan on k_6  (cost=0.00..5.47 rows=104 width=0)
	        Index Cond: ((k >= 5644186) AND (k <= 5644286))

table 7 : explain SELECT k, c FROM sbtest7 WHERE k BETWEEN 5644186 AND 5644286
	Bitmap Heap Scan on sbtest7  (cost=5.49..413.34 rows=103 width=125)
	  Recheck Cond: ((k >= 5644186) AND (k <= 5644286))
	  ->  Bitmap Index Scan on k_7  (cost=0.00..5.46 rows=103 width=0)
	        Index Cond: ((k >= 5644186) AND (k <= 5644286))

table 8 : explain SELECT k, c FROM sbtest8 WHERE k BETWEEN 5644186 AND 5644286
	Bitmap Heap Scan on sbtest8  (cost=5.57..444.89 rows=111 width=125)
	  Recheck Cond: ((k >= 5644186) AND (k <= 5644286))
	  ->  Bitmap Index Scan on k_8  (cost=0.00..5.54 rows=111 width=0)
	        Index Cond: ((k >= 5644186) AND (k <= 5644286))

for range-notcovered
table 1 : explain SELECT k, c FROM sbtest1 WHERE k BETWEEN 8312725 AND 8312825
	Bitmap Heap Scan on sbtest1  (cost=5.52..425.18 rows=106 width=125)
	  Recheck Cond: ((k >= 8312725) AND (k <= 8312825))
	  ->  Bitmap Index Scan on k_1  (cost=0.00..5.50 rows=106 width=0)
	        Index Cond: ((k >= 8312725) AND (k <= 8312825))

table 2 : explain SELECT k, c FROM sbtest2 WHERE k BETWEEN 8312725 AND 8312825
	Bitmap Heap Scan on sbtest2  (cost=5.51..421.25 rows=105 width=125)
	  Recheck Cond: ((k >= 8312725) AND (k <= 8312825))
	  ->  Bitmap Index Scan on k_2  (cost=0.00..5.48 rows=105 width=0)
	        Index Cond: ((k >= 8312725) AND (k <= 8312825))

table 3 : explain SELECT k, c FROM sbtest3 WHERE k BETWEEN 8312725 AND 8312825
	Bitmap Heap Scan on sbtest3  (cost=5.46..401.55 rows=100 width=125)
	  Recheck Cond: ((k >= 8312725) AND (k <= 8312825))
	  ->  Bitmap Index Scan on k_3  (cost=0.00..5.43 rows=100 width=0)
	        Index Cond: ((k >= 8312725) AND (k <= 8312825))

table 4 : explain SELECT k, c FROM sbtest4 WHERE k BETWEEN 8312725 AND 8312825
	Bitmap Heap Scan on sbtest4  (cost=5.45..397.82 rows=99 width=125)
	  Recheck Cond: ((k >= 8312725) AND (k <= 8312825))
	  ->  Bitmap Index Scan on k_4  (cost=0.00..5.42 rows=99 width=0)
	        Index Cond: ((k >= 8312725) AND (k <= 8312825))

table 5 : explain SELECT k, c FROM sbtest5 WHERE k BETWEEN 8312725 AND 8312825
	Bitmap Heap Scan on sbtest5  (cost=5.51..421.50 rows=105 width=125)
	  Recheck Cond: ((k >= 8312725) AND (k <= 8312825))
	  ->  Bitmap Index Scan on k_5  (cost=0.00..5.48 rows=105 width=0)
	        Index Cond: ((k >= 8312725) AND (k <= 8312825))

table 6 : explain SELECT k, c FROM sbtest6 WHERE k BETWEEN 8312725 AND 8312825
	Bitmap Heap Scan on sbtest6  (cost=5.45..397.63 rows=99 width=125)
	  Recheck Cond: ((k >= 8312725) AND (k <= 8312825))
	  ->  Bitmap Index Scan on k_6  (cost=0.00..5.42 rows=99 width=0)
	        Index Cond: ((k >= 8312725) AND (k <= 8312825))

table 7 : explain SELECT k, c FROM sbtest7 WHERE k BETWEEN 8312725 AND 8312825
	Bitmap Heap Scan on sbtest7  (cost=5.47..405.45 rows=101 width=125)
	  Recheck Cond: ((k >= 8312725) AND (k <= 8312825))
	  ->  Bitmap Index Scan on k_7  (cost=0.00..5.44 rows=101 width=0)
	        Index Cond: ((k >= 8312725) AND (k <= 8312825))

table 8 : explain SELECT k, c FROM sbtest8 WHERE k BETWEEN 8312725 AND 8312825
	Bitmap Heap Scan on sbtest8  (cost=5.50..417.31 rows=104 width=125)
	  Recheck Cond: ((k >= 8312725) AND (k <= 8312825))
	  ->  Bitmap Index Scan on k_8  (cost=0.00..5.47 rows=104 width=0)
	        Index Cond: ((k >= 8312725) AND (k <= 8312825))

explain: for range-notcovered :: explain SELECT k, c FROM sbtest%d WHERE k BETWEEN 576376 AND 576476for range-notcovered
table 1 : explain SELECT k, c FROM sbtest1 WHERE k BETWEEN 6246463 AND 6246563
	Bitmap Heap Scan on sbtest1  (cost=5.41..381.80 rows=95 width=125)
	  Recheck Cond: ((k >= 6246463) AND (k <= 6246563))
	  ->  Bitmap Index Scan on k_1  (cost=0.00..5.38 rows=95 width=0)
	        Index Cond: ((k >= 6246463) AND (k <= 6246563))

table 2 : explain SELECT k, c FROM sbtest2 WHERE k BETWEEN 6246463 AND 6246563
	Bitmap Heap Scan on sbtest2  (cost=5.46..401.54 rows=100 width=125)
	  Recheck Cond: ((k >= 6246463) AND (k <= 6246563))
	  ->  Bitmap Index Scan on k_2  (cost=0.00..5.43 rows=100 width=0)
	        Index Cond: ((k >= 6246463) AND (k <= 6246563))

table 3 : explain SELECT k, c FROM sbtest3 WHERE k BETWEEN 6246463 AND 6246563
	Bitmap Heap Scan on sbtest3  (cost=5.45..397.61 rows=99 width=125)
	  Recheck Cond: ((k >= 6246463) AND (k <= 6246563))
	  ->  Bitmap Index Scan on k_3  (cost=0.00..5.42 rows=99 width=0)
	        Index Cond: ((k >= 6246463) AND (k <= 6246563))

table 4 : explain SELECT k, c FROM sbtest4 WHERE k BETWEEN 6246463 AND 6246563
	Bitmap Heap Scan on sbtest4  (cost=5.41..382.02 rows=95 width=125)
	  Recheck Cond: ((k >= 6246463) AND (k <= 6246563))
	  ->  Bitmap Index Scan on k_4  (cost=0.00..5.38 rows=95 width=0)
	        Index Cond: ((k >= 6246463) AND (k <= 6246563))

table 5 : explain SELECT k, c FROM sbtest5 WHERE k BETWEEN 6246463 AND 6246563
	Bitmap Heap Scan on sbtest5  (cost=5.51..421.50 rows=105 width=125)
	  Recheck Cond: ((k >= 6246463) AND (k <= 6246563))
	  ->  Bitmap Index Scan on k_5  (cost=0.00..5.48 rows=105 width=0)
	        Index Cond: ((k >= 6246463) AND (k <= 6246563))

table 6 : explain SELECT k, c FROM sbtest6 WHERE k BETWEEN 6246463 AND 6246563
	Bitmap Heap Scan on sbtest6  (cost=5.34..354.21 rows=88 width=125)
	  Recheck Cond: ((k >= 6246463) AND (k <= 6246563))
	  ->  Bitmap Index Scan on k_6  (cost=0.00..5.31 rows=88 width=0)
	        Index Cond: ((k >= 6246463) AND (k <= 6246563))

table 7 : explain SELECT k, c FROM sbtest7 WHERE k BETWEEN 6246463 AND 6246563
	Bitmap Heap Scan on sbtest7  (cost=5.48..409.40 rows=102 width=125)
	  Recheck Cond: ((k >= 6246463) AND (k <= 6246563))
	  ->  Bitmap Index Scan on k_7  (cost=0.00..5.45 rows=102 width=0)
	        Index Cond: ((k >= 6246463) AND (k <= 6246563))

table 8 : explain SELECT k, c FROM sbtest8 WHERE k BETWEEN 6246463 AND 6246563
	Bitmap Heap Scan on sbtest8  (cost=5.57..444.89 rows=111 width=125)
	  Recheck Cond: ((k >= 6246463) AND (k <= 6246563))
	  ->  Bitmap Index Scan on k_8  (cost=0.00..5.54 rows=111 width=0)
	        Index Cond: ((k >= 6246463) AND (k <= 6246563))

for range-notcovered
table 1 : explain SELECT k, c FROM sbtest1 WHERE k BETWEEN 3275438 AND 3275538
	Bitmap Heap Scan on sbtest1  (cost=5.45..397.58 rows=99 width=125)
	  Recheck Cond: ((k >= 3275438) AND (k <= 3275538))
	  ->  Bitmap Index Scan on k_1  (cost=0.00..5.42 rows=99 width=0)
	        Index Cond: ((k >= 3275438) AND (k <= 3275538))

table 2 : explain SELECT k, c FROM sbtest2 WHERE k BETWEEN 3275438 AND 3275538
	Bitmap Heap Scan on sbtest2  (cost=5.41..381.81 rows=95 width=125)
	  Recheck Cond: ((k >= 3275438) AND (k <= 3275538))
	  ->  Bitmap Index Scan on k_2  (cost=0.00..5.38 rows=95 width=0)
	        Index Cond: ((k >= 3275438) AND (k <= 3275538))

table 3 : explain SELECT k, c FROM sbtest3 WHERE k BETWEEN 3275438 AND 3275538
	Bitmap Heap Scan on sbtest3  (cost=5.51..421.27 rows=105 width=125)
	  Recheck Cond: ((k >= 3275438) AND (k <= 3275538))
	  ->  Bitmap Index Scan on k_3  (cost=0.00..5.48 rows=105 width=0)
	        Index Cond: ((k >= 3275438) AND (k <= 3275538))

table 4 : explain SELECT k, c FROM sbtest4 WHERE k BETWEEN 3275438 AND 3275538
	Bitmap Heap Scan on sbtest4  (cost=5.46..401.76 rows=100 width=125)
	  Recheck Cond: ((k >= 3275438) AND (k <= 3275538))
	  ->  Bitmap Index Scan on k_4  (cost=0.00..5.43 rows=100 width=0)
	        Index Cond: ((k >= 3275438) AND (k <= 3275538))

table 5 : explain SELECT k, c FROM sbtest5 WHERE k BETWEEN 3275438 AND 3275538
	Bitmap Heap Scan on sbtest5  (cost=5.38..370.17 rows=92 width=125)
	  Recheck Cond: ((k >= 3275438) AND (k <= 3275538))
	  ->  Bitmap Index Scan on k_5  (cost=0.00..5.35 rows=92 width=0)
	        Index Cond: ((k >= 3275438) AND (k <= 3275538))

table 6 : explain SELECT k, c FROM sbtest6 WHERE k BETWEEN 3275438 AND 3275538
	Bitmap Heap Scan on sbtest6  (cost=5.51..421.29 rows=105 width=125)
	  Recheck Cond: ((k >= 3275438) AND (k <= 3275538))
	  ->  Bitmap Index Scan on k_6  (cost=0.00..5.48 rows=105 width=0)
	        Index Cond: ((k >= 3275438) AND (k <= 3275538))

table 7 : explain SELECT k, c FROM sbtest7 WHERE k BETWEEN 3275438 AND 3275538
	Bitmap Heap Scan on sbtest7  (cost=5.48..409.40 rows=102 width=125)
	  Recheck Cond: ((k >= 3275438) AND (k <= 3275538))
	  ->  Bitmap Index Scan on k_7  (cost=0.00..5.45 rows=102 width=0)
	        Index Cond: ((k >= 3275438) AND (k <= 3275538))

table 8 : explain SELECT k, c FROM sbtest8 WHERE k BETWEEN 3275438 AND 3275538
	Bitmap Heap Scan on sbtest8  (cost=5.39..373.92 rows=93 width=125)
	  Recheck Cond: ((k >= 3275438) AND (k <= 3275538))
	  ->  Bitmap Index Scan on k_8  (cost=0.00..5.36 rows=93 width=0)
	        Index Cond: ((k >= 3275438) AND (k <= 3275538))

for range-notcovered
table 1 : explain SELECT k, c FROM sbtest1 WHERE k BETWEEN 4324418 AND 4324518
	Bitmap Heap Scan on sbtest1  (cost=5.46..401.52 rows=100 width=125)
	  Recheck Cond: ((k >= 4324418) AND (k <= 4324518))
	  ->  Bitmap Index Scan on k_1  (cost=0.00..5.43 rows=100 width=0)
	        Index Cond: ((k >= 4324418) AND (k <= 4324518))

table 2 : explain SELECT k, c FROM sbtest2 WHERE k BETWEEN 4324418 AND 4324518
	Bitmap Heap Scan on sbtest2  (cost=5.55..437.02 rows=109 width=125)
	  Recheck Cond: ((k >= 4324418) AND (k <= 4324518))
	  ->  Bitmap Index Scan on k_2  (cost=0.00..5.52 rows=109 width=0)
	        Index Cond: ((k >= 4324418) AND (k <= 4324518))

table 3 : explain SELECT k, c FROM sbtest3 WHERE k BETWEEN 4324418 AND 4324518
	Bitmap Heap Scan on sbtest3  (cost=5.51..421.27 rows=105 width=125)
	  Recheck Cond: ((k >= 4324418) AND (k <= 4324518))
	  ->  Bitmap Index Scan on k_3  (cost=0.00..5.48 rows=105 width=0)
	        Index Cond: ((k >= 4324418) AND (k <= 4324518))

table 4 : explain SELECT k, c FROM sbtest4 WHERE k BETWEEN 4324418 AND 4324518
	Bitmap Heap Scan on sbtest4  (cost=5.52..425.44 rows=106 width=125)
	  Recheck Cond: ((k >= 4324418) AND (k <= 4324518))
	  ->  Bitmap Index Scan on k_4  (cost=0.00..5.50 rows=106 width=0)
	        Index Cond: ((k >= 4324418) AND (k <= 4324518))

table 5 : explain SELECT k, c FROM sbtest5 WHERE k BETWEEN 4324418 AND 4324518
	Bitmap Heap Scan on sbtest5  (cost=5.43..389.92 rows=97 width=125)
	  Recheck Cond: ((k >= 4324418) AND (k <= 4324518))
	  ->  Bitmap Index Scan on k_5  (cost=0.00..5.40 rows=97 width=0)
	        Index Cond: ((k >= 4324418) AND (k <= 4324518))

table 6 : explain SELECT k, c FROM sbtest6 WHERE k BETWEEN 4324418 AND 4324518
	Bitmap Heap Scan on sbtest6  (cost=5.49..413.40 rows=103 width=125)
	  Recheck Cond: ((k >= 4324418) AND (k <= 4324518))
	  ->  Bitmap Index Scan on k_6  (cost=0.00..5.46 rows=103 width=0)
	        Index Cond: ((k >= 4324418) AND (k <= 4324518))

table 7 : explain SELECT k, c FROM sbtest7 WHERE k BETWEEN 4324418 AND 4324518
	Bitmap Heap Scan on sbtest7  (cost=5.34..354.16 rows=88 width=125)
	  Recheck Cond: ((k >= 4324418) AND (k <= 4324518))
	  ->  Bitmap Index Scan on k_7  (cost=0.00..5.31 rows=88 width=0)
	        Index Cond: ((k >= 4324418) AND (k <= 4324518))

table 8 : explain SELECT k, c FROM sbtest8 WHERE k BETWEEN 4324418 AND 4324518
	Bitmap Heap Scan on sbtest8  (cost=5.52..425.19 rows=106 width=125)
	  Recheck Cond: ((k >= 4324418) AND (k <= 4324518))
	  ->  Bitmap Index Scan on k_8  (cost=0.00..5.50 rows=106 width=0)
	        Index Cond: ((k >= 4324418) AND (k <= 4324518))

explain: for range-notcovered :: explain SELECT k, c FROM sbtest%d WHERE k BETWEEN 6206397 AND 6206497
for range-notcovered
table 1 : explain SELECT k, c FROM sbtest1 WHERE k BETWEEN 7465771 AND 7465871
	Bitmap Heap Scan on sbtest1  (cost=5.62..464.57 rows=116 width=125)
	  Recheck Cond: ((k >= 7465771) AND (k <= 7465871))
	  ->  Bitmap Index Scan on k_1  (cost=0.00..5.59 rows=116 width=0)
	        Index Cond: ((k >= 7465771) AND (k <= 7465871))

table 2 : explain SELECT k, c FROM sbtest2 WHERE k BETWEEN 7465771 AND 7465871
	Bitmap Heap Scan on sbtest2  (cost=5.41..381.81 rows=95 width=125)
	  Recheck Cond: ((k >= 7465771) AND (k <= 7465871))
	  ->  Bitmap Index Scan on k_2  (cost=0.00..5.38 rows=95 width=0)
	        Index Cond: ((k >= 7465771) AND (k <= 7465871))

table 3 : explain SELECT k, c FROM sbtest3 WHERE k BETWEEN 7465771 AND 7465871
	Bitmap Heap Scan on sbtest3  (cost=5.47..405.49 rows=101 width=125)
	  Recheck Cond: ((k >= 7465771) AND (k <= 7465871))
	  ->  Bitmap Index Scan on k_3  (cost=0.00..5.44 rows=101 width=0)
	        Index Cond: ((k >= 7465771) AND (k <= 7465871))

table 4 : explain SELECT k, c FROM sbtest4 WHERE k BETWEEN 7465771 AND 7465871
	Bitmap Heap Scan on sbtest4  (cost=5.49..413.60 rows=103 width=125)
	  Recheck Cond: ((k >= 7465771) AND (k <= 7465871))
	  ->  Bitmap Index Scan on k_4  (cost=0.00..5.46 rows=103 width=0)
	        Index Cond: ((k >= 7465771) AND (k <= 7465871))

table 5 : explain SELECT k, c FROM sbtest5 WHERE k BETWEEN 7465771 AND 7465871
	Bitmap Heap Scan on sbtest5  (cost=5.48..409.66 rows=102 width=125)
	  Recheck Cond: ((k >= 7465771) AND (k <= 7465871))
	  ->  Bitmap Index Scan on k_5  (cost=0.00..5.45 rows=102 width=0)
	        Index Cond: ((k >= 7465771) AND (k <= 7465871))

table 6 : explain SELECT k, c FROM sbtest6 WHERE k BETWEEN 7465771 AND 7465871
	Bitmap Heap Scan on sbtest6  (cost=5.50..417.35 rows=104 width=125)
	  Recheck Cond: ((k >= 7465771) AND (k <= 7465871))
	  ->  Bitmap Index Scan on k_6  (cost=0.00..5.47 rows=104 width=0)
	        Index Cond: ((k >= 7465771) AND (k <= 7465871))

table 7 : explain SELECT k, c FROM sbtest7 WHERE k BETWEEN 7465771 AND 7465871
	Bitmap Heap Scan on sbtest7  (cost=5.43..389.68 rows=97 width=125)
	  Recheck Cond: ((k >= 7465771) AND (k <= 7465871))
	  ->  Bitmap Index Scan on k_7  (cost=0.00..5.40 rows=97 width=0)
	        Index Cond: ((k >= 7465771) AND (k <= 7465871))

table 8 : explain SELECT k, c FROM sbtest8 WHERE k BETWEEN 7465771 AND 7465871
	Bitmap Heap Scan on sbtest8  (cost=5.48..409.42 rows=102 width=125)
	  Recheck Cond: ((k >= 7465771) AND (k <= 7465871))
	  ->  Bitmap Index Scan on k_8  (cost=0.00..5.45 rows=102 width=0)
	        Index Cond: ((k >= 7465771) AND (k <= 7465871))



for range-notcovered
table 1 : explain SELECT k, c FROM sbtest1 WHERE k BETWEEN 8536275 AND 8536375
	Bitmap Heap Scan on sbtest1  (cost=5.42..385.74 rows=96 width=125)
	  Recheck Cond: ((k >= 8536275) AND (k <= 8536375))
	  ->  Bitmap Index Scan on k_1  (cost=0.00..5.39 rows=96 width=0)
	        Index Cond: ((k >= 8536275) AND (k <= 8536375))

table 2 : explain SELECT k, c FROM sbtest2 WHERE k BETWEEN 8536275 AND 8536375
	Bitmap Heap Scan on sbtest2  (cost=5.43..389.70 rows=97 width=125)
	  Recheck Cond: ((k >= 8536275) AND (k <= 8536375))
	  ->  Bitmap Index Scan on k_2  (cost=0.00..5.40 rows=97 width=0)
	        Index Cond: ((k >= 8536275) AND (k <= 8536375))

table 3 : explain SELECT k, c FROM sbtest3 WHERE k BETWEEN 8536275 AND 8536375
	Bitmap Heap Scan on sbtest3  (cost=5.46..401.55 rows=100 width=125)
	  Recheck Cond: ((k >= 8536275) AND (k <= 8536375))
	  ->  Bitmap Index Scan on k_3  (cost=0.00..5.43 rows=100 width=0)
	        Index Cond: ((k >= 8536275) AND (k <= 8536375))

table 4 : explain SELECT k, c FROM sbtest4 WHERE k BETWEEN 8536275 AND 8536375
	Bitmap Heap Scan on sbtest4  (cost=5.51..421.50 rows=105 width=125)
	  Recheck Cond: ((k >= 8536275) AND (k <= 8536375))
	  ->  Bitmap Index Scan on k_4  (cost=0.00..5.48 rows=105 width=0)
	        Index Cond: ((k >= 8536275) AND (k <= 8536375))

table 5 : explain SELECT k, c FROM sbtest5 WHERE k BETWEEN 8536275 AND 8536375
	Bitmap Heap Scan on sbtest5  (cost=5.58..449.11 rows=112 width=125)
	  Recheck Cond: ((k >= 8536275) AND (k <= 8536375))
	  ->  Bitmap Index Scan on k_5  (cost=0.00..5.55 rows=112 width=0)
	        Index Cond: ((k >= 8536275) AND (k <= 8536375))

table 6 : explain SELECT k, c FROM sbtest6 WHERE k BETWEEN 8536275 AND 8536375
	Bitmap Heap Scan on sbtest6  (cost=5.39..373.95 rows=93 width=125)
	  Recheck Cond: ((k >= 8536275) AND (k <= 8536375))
	  ->  Bitmap Index Scan on k_6  (cost=0.00..5.36 rows=93 width=0)
	        Index Cond: ((k >= 8536275) AND (k <= 8536375))

table 7 : explain SELECT k, c FROM sbtest7 WHERE k BETWEEN 8536275 AND 8536375
	Bitmap Heap Scan on sbtest7  (cost=5.47..405.45 rows=101 width=125)
	  Recheck Cond: ((k >= 8536275) AND (k <= 8536375))
	  ->  Bitmap Index Scan on k_7  (cost=0.00..5.44 rows=101 width=0)
	        Index Cond: ((k >= 8536275) AND (k <= 8536375))

table 8 : explain SELECT k, c FROM sbtest8 WHERE k BETWEEN 8536275 AND 8536375
	Bitmap Heap Scan on sbtest8  (cost=5.47..405.48 rows=101 width=125)
	  Recheck Cond: ((k >= 8536275) AND (k <= 8536375))
	  ->  Bitmap Index Scan on k_8  (cost=0.00..5.44 rows=101 width=0)
	        Index Cond: ((k >= 8536275) AND (k <= 8536375))

for range-notcovered
table 1 : explain SELECT k, c FROM sbtest1 WHERE k BETWEEN 4134095 AND 4134195
	Bitmap Heap Scan on sbtest1  (cost=5.43..389.69 rows=97 width=125)
	  Recheck Cond: ((k >= 4134095) AND (k <= 4134195))
	  ->  Bitmap Index Scan on k_1  (cost=0.00..5.40 rows=97 width=0)
	        Index Cond: ((k >= 4134095) AND (k <= 4134195))

table 2 : explain SELECT k, c FROM sbtest2 WHERE k BETWEEN 4134095 AND 4134195
	Bitmap Heap Scan on sbtest2  (cost=5.46..401.54 rows=100 width=125)
	  Recheck Cond: ((k >= 4134095) AND (k <= 4134195))
	  ->  Bitmap Index Scan on k_2  (cost=0.00..5.43 rows=100 width=0)
	        Index Cond: ((k >= 4134095) AND (k <= 4134195))

table 3 : explain SELECT k, c FROM sbtest3 WHERE k BETWEEN 4134095 AND 4134195
	Bitmap Heap Scan on sbtest3  (cost=5.54..433.09 rows=108 width=125)
	  Recheck Cond: ((k >= 4134095) AND (k <= 4134195))
	  ->  Bitmap Index Scan on k_3  (cost=0.00..5.51 rows=108 width=0)
	        Index Cond: ((k >= 4134095) AND (k <= 4134195))

table 4 : explain SELECT k, c FROM sbtest4 WHERE k BETWEEN 4134095 AND 4134195
	Bitmap Heap Scan on sbtest4  (cost=5.44..393.87 rows=98 width=125)
	  Recheck Cond: ((k >= 4134095) AND (k <= 4134195))
	  ->  Bitmap Index Scan on k_4  (cost=0.00..5.42 rows=98 width=0)
	        Index Cond: ((k >= 4134095) AND (k <= 4134195))

table 5 : explain SELECT k, c FROM sbtest5 WHERE k BETWEEN 4134095 AND 4134195
	Bitmap Heap Scan on sbtest5  (cost=5.51..421.50 rows=105 width=125)
	  Recheck Cond: ((k >= 4134095) AND (k <= 4134195))
	  ->  Bitmap Index Scan on k_5  (cost=0.00..5.48 rows=105 width=0)
	        Index Cond: ((k >= 4134095) AND (k <= 4134195))

table 6 : explain SELECT k, c FROM sbtest6 WHERE k BETWEEN 4134095 AND 4134195
	Bitmap Heap Scan on sbtest6  (cost=5.42..385.79 rows=96 width=125)
	  Recheck Cond: ((k >= 4134095) AND (k <= 4134195))
	  ->  Bitmap Index Scan on k_6  (cost=0.00..5.39 rows=96 width=0)
	        Index Cond: ((k >= 4134095) AND (k <= 4134195))

table 7 : explain SELECT k, c FROM sbtest7 WHERE k BETWEEN 4134095 AND 4134195
	Bitmap Heap Scan on sbtest7  (cost=5.51..421.22 rows=105 width=125)
	  Recheck Cond: ((k >= 4134095) AND (k <= 4134195))
	  ->  Bitmap Index Scan on k_7  (cost=0.00..5.48 rows=105 width=0)
	        Index Cond: ((k >= 4134095) AND (k <= 4134195))

table 8 : explain SELECT k, c FROM sbtest8 WHERE k BETWEEN 4134095 AND 4134195
	Bitmap Heap Scan on sbtest8  (cost=5.54..433.07 rows=108 width=125)
	  Recheck Cond: ((k >= 4134095) AND (k <= 4134195))
	  ->  Bitmap Index Scan on k_8  (cost=0.00..5.51 rows=108 width=0)
	        Index Cond: ((k >= 4134095) AND (k <= 4134195))

explain: for range-notcovered :: explain SELECT k, c FROM sbtest%d WHERE k BETWEEN 5644186 AND 5644286
for range-notcovered
table 1 : explain SELECT k, c FROM sbtest1 WHERE k BETWEEN 6339179 AND 6339279
	Bitmap Heap Scan on sbtest1  (cost=5.47..405.46 rows=101 width=125)
	  Recheck Cond: ((k >= 6339179) AND (k <= 6339279))
	  ->  Bitmap Index Scan on k_1  (cost=0.00..5.44 rows=101 width=0)
	        Index Cond: ((k >= 6339179) AND (k <= 6339279))

table 2 : explain SELECT k, c FROM sbtest2 WHERE k BETWEEN 6339179 AND 6339279
	Bitmap Heap Scan on sbtest2  (cost=5.43..389.70 rows=97 width=125)
	  Recheck Cond: ((k >= 6339179) AND (k <= 6339279))
	  ->  Bitmap Index Scan on k_2  (cost=0.00..5.40 rows=97 width=0)
	        Index Cond: ((k >= 6339179) AND (k <= 6339279))

table 3 : explain SELECT k, c FROM sbtest3 WHERE k BETWEEN 6339179 AND 6339279
	Bitmap Heap Scan on sbtest3  (cost=5.67..480.35 rows=120 width=125)
	  Recheck Cond: ((k >= 6339179) AND (k <= 6339279))
	  ->  Bitmap Index Scan on k_3  (cost=0.00..5.63 rows=120 width=0)
	        Index Cond: ((k >= 6339179) AND (k <= 6339279))

table 4 : explain SELECT k, c FROM sbtest4 WHERE k BETWEEN 6339179 AND 6339279
	Bitmap Heap Scan on sbtest4  (cost=5.43..389.92 rows=97 width=125)
	  Recheck Cond: ((k >= 6339179) AND (k <= 6339279))
	  ->  Bitmap Index Scan on k_4  (cost=0.00..5.40 rows=97 width=0)
	        Index Cond: ((k >= 6339179) AND (k <= 6339279))

table 5 : explain SELECT k, c FROM sbtest5 WHERE k BETWEEN 6339179 AND 6339279
	Bitmap Heap Scan on sbtest5  (cost=5.45..397.82 rows=99 width=125)
	  Recheck Cond: ((k >= 6339179) AND (k <= 6339279))
	  ->  Bitmap Index Scan on k_5  (cost=0.00..5.42 rows=99 width=0)
	        Index Cond: ((k >= 6339179) AND (k <= 6339279))

table 6 : explain SELECT k, c FROM sbtest6 WHERE k BETWEEN 6339179 AND 6339279
	Bitmap Heap Scan on sbtest6  (cost=5.41..381.84 rows=95 width=125)
	  Recheck Cond: ((k >= 6339179) AND (k <= 6339279))
	  ->  Bitmap Index Scan on k_6  (cost=0.00..5.38 rows=95 width=0)
	        Index Cond: ((k >= 6339179) AND (k <= 6339279))

table 7 : explain SELECT k, c FROM sbtest7 WHERE k BETWEEN 6339179 AND 6339279
	Bitmap Heap Scan on sbtest7  (cost=5.54..433.05 rows=108 width=125)
	  Recheck Cond: ((k >= 6339179) AND (k <= 6339279))
	  ->  Bitmap Index Scan on k_7  (cost=0.00..5.51 rows=108 width=0)
	        Index Cond: ((k >= 6339179) AND (k <= 6339279))

table 8 : explain SELECT k, c FROM sbtest8 WHERE k BETWEEN 6339179 AND 6339279
	Bitmap Heap Scan on sbtest8  (cost=5.39..373.92 rows=93 width=125)
	  Recheck Cond: ((k >= 6339179) AND (k <= 6339279))
	  ->  Bitmap Index Scan on k_8  (cost=0.00..5.36 rows=93 width=0)
	        Index Cond: ((k >= 6339179) AND (k <= 6339279))

for range-notcovered
table 1 : explain SELECT k, c FROM sbtest1 WHERE k BETWEEN 5706738 AND 5706838
	Bitmap Heap Scan on sbtest1  (cost=5.52..425.18 rows=106 width=125)
	  Recheck Cond: ((k >= 5706738) AND (k <= 5706838))
	  ->  Bitmap Index Scan on k_1  (cost=0.00..5.50 rows=106 width=0)
	        Index Cond: ((k >= 5706738) AND (k <= 5706838))

table 2 : explain SELECT k, c FROM sbtest2 WHERE k BETWEEN 5706738 AND 5706838
	Bitmap Heap Scan on sbtest2  (cost=5.47..405.48 rows=101 width=125)
	  Recheck Cond: ((k >= 5706738) AND (k <= 5706838))
	  ->  Bitmap Index Scan on k_2  (cost=0.00..5.44 rows=101 width=0)
	        Index Cond: ((k >= 5706738) AND (k <= 5706838))

table 3 : explain SELECT k, c FROM sbtest3 WHERE k BETWEEN 5706738 AND 5706838
	Bitmap Heap Scan on sbtest3  (cost=5.50..417.32 rows=104 width=125)
	  Recheck Cond: ((k >= 5706738) AND (k <= 5706838))
	  ->  Bitmap Index Scan on k_3  (cost=0.00..5.47 rows=104 width=0)
	        Index Cond: ((k >= 5706738) AND (k <= 5706838))

table 4 : explain SELECT k, c FROM sbtest4 WHERE k BETWEEN 5706738 AND 5706838
	Bitmap Heap Scan on sbtest4  (cost=5.48..409.66 rows=102 width=125)
	  Recheck Cond: ((k >= 5706738) AND (k <= 5706838))
	  ->  Bitmap Index Scan on k_4  (cost=0.00..5.45 rows=102 width=0)
	        Index Cond: ((k >= 5706738) AND (k <= 5706838))

table 5 : explain SELECT k, c FROM sbtest5 WHERE k BETWEEN 5706738 AND 5706838
	Bitmap Heap Scan on sbtest5  (cost=5.37..366.22 rows=91 width=125)
	  Recheck Cond: ((k >= 5706738) AND (k <= 5706838))
	  ->  Bitmap Index Scan on k_5  (cost=0.00..5.34 rows=91 width=0)
	        Index Cond: ((k >= 5706738) AND (k <= 5706838))

table 6 : explain SELECT k, c FROM sbtest6 WHERE k BETWEEN 5706738 AND 5706838
	Bitmap Heap Scan on sbtest6  (cost=5.50..417.35 rows=104 width=125)
	  Recheck Cond: ((k >= 5706738) AND (k <= 5706838))
	  ->  Bitmap Index Scan on k_6  (cost=0.00..5.47 rows=104 width=0)
	        Index Cond: ((k >= 5706738) AND (k <= 5706838))

table 7 : explain SELECT k, c FROM sbtest7 WHERE k BETWEEN 5706738 AND 5706838
	Bitmap Heap Scan on sbtest7  (cost=5.49..413.34 rows=103 width=125)
	  Recheck Cond: ((k >= 5706738) AND (k <= 5706838))
	  ->  Bitmap Index Scan on k_7  (cost=0.00..5.46 rows=103 width=0)
	        Index Cond: ((k >= 5706738) AND (k <= 5706838))

table 8 : explain SELECT k, c FROM sbtest8 WHERE k BETWEEN 5706738 AND 5706838
	Bitmap Heap Scan on sbtest8  (cost=5.50..417.31 rows=104 width=125)
	  Recheck Cond: ((k >= 5706738) AND (k <= 5706838))
	  ->  Bitmap Index Scan on k_8  (cost=0.00..5.47 rows=104 width=0)
	        Index Cond: ((k >= 5706738) AND (k <= 5706838))

explain: for range-notcovered :: explain SELECT k, c FROM sbtest%d WHERE k BETWEEN 6246463 AND 6246563
explain: for range-notcovered :: explain SELECT k, c FROM sbtest%d WHERE k BETWEEN 8536275 AND 8536375
explain: for range-notcovered :: explain SELECT k, c FROM sbtest%d WHERE k BETWEEN 4134095 AND 4134195for range-notcovered
table 1 : explain SELECT k, c FROM sbtest1 WHERE k BETWEEN 5928016 AND 5928116
	Bitmap Heap Scan on sbtest1  (cost=5.41..381.80 rows=95 width=125)
	  Recheck Cond: ((k >= 5928016) AND (k <= 5928116))
	  ->  Bitmap Index Scan on k_1  (cost=0.00..5.38 rows=95 width=0)
	        Index Cond: ((k >= 5928016) AND (k <= 5928116))

table 2 : explain SELECT k, c FROM sbtest2 WHERE k BETWEEN 5928016 AND 5928116
	Bitmap Heap Scan on sbtest2  (cost=5.36..362.08 rows=90 width=125)
	  Recheck Cond: ((k >= 5928016) AND (k <= 5928116))
	  ->  Bitmap Index Scan on k_2  (cost=0.00..5.33 rows=90 width=0)
	        Index Cond: ((k >= 5928016) AND (k <= 5928116))

table 3 : explain SELECT k, c FROM sbtest3 WHERE k BETWEEN 5928016 AND 5928116
	Bitmap Heap Scan on sbtest3  (cost=5.52..425.21 rows=106 width=125)
	  Recheck Cond: ((k >= 5928016) AND (k <= 5928116))
	  ->  Bitmap Index Scan on k_3  (cost=0.00..5.50 rows=106 width=0)
	        Index Cond: ((k >= 5928016) AND (k <= 5928116))

table 4 : explain SELECT k, c FROM sbtest4 WHERE k BETWEEN 5928016 AND 5928116
	Bitmap Heap Scan on sbtest4  (cost=5.51..421.50 rows=105 width=125)
	  Recheck Cond: ((k >= 5928016) AND (k <= 5928116))
	  ->  Bitmap Index Scan on k_4  (cost=0.00..5.48 rows=105 width=0)
	        Index Cond: ((k >= 5928016) AND (k <= 5928116))

table 5 : explain SELECT k, c FROM sbtest5 WHERE k BETWEEN 5928016 AND 5928116
	Bitmap Heap Scan on sbtest5  (cost=5.41..382.02 rows=95 width=125)
	  Recheck Cond: ((k >= 5928016) AND (k <= 5928116))
	  ->  Bitmap Index Scan on k_5  (cost=0.00..5.38 rows=95 width=0)
	        Index Cond: ((k >= 5928016) AND (k <= 5928116))

table 6 : explain SELECT k, c FROM sbtest6 WHERE k BETWEEN 5928016 AND 5928116
	Bitmap Heap Scan on sbtest6  (cost=5.56..441.00 rows=110 width=125)
	  Recheck Cond: ((k >= 5928016) AND (k <= 5928116))
	  ->  Bitmap Index Scan on k_6  (cost=0.00..5.53 rows=110 width=0)
	        Index Cond: ((k >= 5928016) AND (k <= 5928116))

table 7 : explain SELECT k, c FROM sbtest7 WHERE k BETWEEN 5928016 AND 5928116
	Bitmap Heap Scan on sbtest7  (cost=5.45..397.57 rows=99 width=125)
	  Recheck Cond: ((k >= 5928016) AND (k <= 5928116))
	  ->  Bitmap Index Scan on k_7  (cost=0.00..5.42 rows=99 width=0)
	        Index Cond: ((k >= 5928016) AND (k <= 5928116))

table 8 : explain SELECT k, c FROM sbtest8 WHERE k BETWEEN 5928016 AND 5928116
	Bitmap Heap Scan on sbtest8  (cost=5.53..429.13 rows=107 width=125)
	  Recheck Cond: ((k >= 5928016) AND (k <= 5928116))
	  ->  Bitmap Index Scan on k_8  (cost=0.00..5.50 rows=107 width=0)
	        Index Cond: ((k >= 5928016) AND (k <= 5928116))

for range-notcovered
table 1 : explain SELECT k, c FROM sbtest1 WHERE k BETWEEN 5454301 AND 5454401
	Bitmap Heap Scan on sbtest1  (cost=5.54..433.06 rows=108 width=125)
	  Recheck Cond: ((k >= 5454301) AND (k <= 5454401))
	  ->  Bitmap Index Scan on k_1  (cost=0.00..5.51 rows=108 width=0)
	        Index Cond: ((k >= 5454301) AND (k <= 5454401))

table 2 : explain SELECT k, c FROM sbtest2 WHERE k BETWEEN 5454301 AND 5454401
	Bitmap Heap Scan on sbtest2  (cost=5.40..377.87 rows=94 width=125)
	  Recheck Cond: ((k >= 5454301) AND (k <= 5454401))
	  ->  Bitmap Index Scan on k_2  (cost=0.00..5.38 rows=94 width=0)
	        Index Cond: ((k >= 5454301) AND (k <= 5454401))

table 3 : explain SELECT k, c FROM sbtest3 WHERE k BETWEEN 5454301 AND 5454401
	Bitmap Heap Scan on sbtest3  (cost=5.50..417.32 rows=104 width=125)
	  Recheck Cond: ((k >= 5454301) AND (k <= 5454401))
	  ->  Bitmap Index Scan on k_3  (cost=0.00..5.47 rows=104 width=0)
	        Index Cond: ((k >= 5454301) AND (k <= 5454401))

table 4 : explain SELECT k, c FROM sbtest4 WHERE k BETWEEN 5454301 AND 5454401
	Bitmap Heap Scan on sbtest4  (cost=5.51..421.50 rows=105 width=125)
	  Recheck Cond: ((k >= 5454301) AND (k <= 5454401))
	  ->  Bitmap Index Scan on k_4  (cost=0.00..5.48 rows=105 width=0)
	        Index Cond: ((k >= 5454301) AND (k <= 5454401))

table 5 : explain SELECT k, c FROM sbtest5 WHERE k BETWEEN 5454301 AND 5454401
	Bitmap Heap Scan on sbtest5  (cost=5.58..449.11 rows=112 width=125)
	  Recheck Cond: ((k >= 5454301) AND (k <= 5454401))
	  ->  Bitmap Index Scan on k_5  (cost=0.00..5.55 rows=112 width=0)
	        Index Cond: ((k >= 5454301) AND (k <= 5454401))

table 6 : explain SELECT k, c FROM sbtest6 WHERE k BETWEEN 5454301 AND 5454401
	Bitmap Heap Scan on sbtest6  (cost=5.54..433.11 rows=108 width=125)
	  Recheck Cond: ((k >= 5454301) AND (k <= 5454401))
	  ->  Bitmap Index Scan on k_6  (cost=0.00..5.51 rows=108 width=0)
	        Index Cond: ((k >= 5454301) AND (k <= 5454401))

table 7 : explain SELECT k, c FROM sbtest7 WHERE k BETWEEN 5454301 AND 5454401
	Bitmap Heap Scan on sbtest7  (cost=5.42..385.73 rows=96 width=125)
	  Recheck Cond: ((k >= 5454301) AND (k <= 5454401))
	  ->  Bitmap Index Scan on k_7  (cost=0.00..5.39 rows=96 width=0)
	        Index Cond: ((k >= 5454301) AND (k <= 5454401))

table 8 : explain SELECT k, c FROM sbtest8 WHERE k BETWEEN 5454301 AND 5454401
	Bitmap Heap Scan on sbtest8  (cost=5.46..401.53 rows=100 width=125)
	  Recheck Cond: ((k >= 5454301) AND (k <= 5454401))
	  ->  Bitmap Index Scan on k_8  (cost=0.00..5.43 rows=100 width=0)
	        Index Cond: ((k >= 5454301) AND (k <= 5454401))

for range-notcovered
table 1 : explain SELECT k, c FROM sbtest1 WHERE k BETWEEN 3731536 AND 3731636
	Bitmap Heap Scan on sbtest1  (cost=5.57..444.88 rows=111 width=125)
	  Recheck Cond: ((k >= 3731536) AND (k <= 3731636))
	  ->  Bitmap Index Scan on k_1  (cost=0.00..5.54 rows=111 width=0)
	        Index Cond: ((k >= 3731536) AND (k <= 3731636))

table 2 : explain SELECT k, c FROM sbtest2 WHERE k BETWEEN 3731536 AND 3731636
	Bitmap Heap Scan on sbtest2  (cost=5.39..373.92 rows=93 width=125)
	  Recheck Cond: ((k >= 3731536) AND (k <= 3731636))
	  ->  Bitmap Index Scan on k_2  (cost=0.00..5.36 rows=93 width=0)
	        Index Cond: ((k >= 3731536) AND (k <= 3731636))

table 3 : explain SELECT k, c FROM sbtest3 WHERE k BETWEEN 3731536 AND 3731636
	Bitmap Heap Scan on sbtest3  (cost=5.42..385.77 rows=96 width=125)
	  Recheck Cond: ((k >= 3731536) AND (k <= 3731636))
	  ->  Bitmap Index Scan on k_3  (cost=0.00..5.39 rows=96 width=0)
	        Index Cond: ((k >= 3731536) AND (k <= 3731636))

table 4 : explain SELECT k, c FROM sbtest4 WHERE k BETWEEN 3731536 AND 3731636
	Bitmap Heap Scan on sbtest4  (cost=5.41..382.02 rows=95 width=125)
	  Recheck Cond: ((k >= 3731536) AND (k <= 3731636))
	  ->  Bitmap Index Scan on k_4  (cost=0.00..5.38 rows=95 width=0)
	        Index Cond: ((k >= 3731536) AND (k <= 3731636))

table 5 : explain SELECT k, c FROM sbtest5 WHERE k BETWEEN 3731536 AND 3731636
	Bitmap Heap Scan on sbtest5  (cost=5.64..472.76 rows=118 width=125)
	  Recheck Cond: ((k >= 3731536) AND (k <= 3731636))
	  ->  Bitmap Index Scan on k_5  (cost=0.00..5.61 rows=118 width=0)
	        Index Cond: ((k >= 3731536) AND (k <= 3731636))

table 6 : explain SELECT k, c FROM sbtest6 WHERE k BETWEEN 3731536 AND 3731636
	Bitmap Heap Scan on sbtest6  (cost=5.44..393.68 rows=98 width=125)
	  Recheck Cond: ((k >= 3731536) AND (k <= 3731636))
	  ->  Bitmap Index Scan on k_6  (cost=0.00..5.42 rows=98 width=0)
	        Index Cond: ((k >= 3731536) AND (k <= 3731636))

table 7 : explain SELECT k, c FROM sbtest7 WHERE k BETWEEN 3731536 AND 3731636
	Bitmap Heap Scan on sbtest7  (cost=5.53..429.10 rows=107 width=125)
	  Recheck Cond: ((k >= 3731536) AND (k <= 3731636))
	  ->  Bitmap Index Scan on k_7  (cost=0.00..5.50 rows=107 width=0)
	        Index Cond: ((k >= 3731536) AND (k <= 3731636))

table 8 : explain SELECT k, c FROM sbtest8 WHERE k BETWEEN 3731536 AND 3731636
	Bitmap Heap Scan on sbtest8  (cost=5.37..366.02 rows=91 width=125)
	  Recheck Cond: ((k >= 3731536) AND (k <= 3731636))
	  ->  Bitmap Index Scan on k_8  (cost=0.00..5.34 rows=91 width=0)
	        Index Cond: ((k >= 3731536) AND (k <= 3731636))

explain: for range-notcovered :: explain SELECT k, c FROM sbtest%d WHERE k BETWEEN 8312725 AND 8312825

explain: for range-notcovered :: explain SELECT k, c FROM sbtest%d WHERE k BETWEEN 7465771 AND 7465871
explain: for range-notcovered :: explain SELECT k, c FROM sbtest%d WHERE k BETWEEN 6339179 AND 6339279
explain: for range-notcovered :: explain SELECT k, c FROM sbtest%d WHERE k BETWEEN 5706738 AND 5706838
for range-notcovered
table 1 : explain SELECT k, c FROM sbtest1 WHERE k BETWEEN 4686524 AND 4686624
	Bitmap Heap Scan on sbtest1  (cost=5.50..417.29 rows=104 width=125)
	  Recheck Cond: ((k >= 4686524) AND (k <= 4686624))
	  ->  Bitmap Index Scan on k_1  (cost=0.00..5.47 rows=104 width=0)
	        Index Cond: ((k >= 4686524) AND (k <= 4686624))

table 2 : explain SELECT k, c FROM sbtest2 WHERE k BETWEEN 4686524 AND 4686624
	Bitmap Heap Scan on sbtest2  (cost=5.41..381.81 rows=95 width=125)
	  Recheck Cond: ((k >= 4686524) AND (k <= 4686624))
	  ->  Bitmap Index Scan on k_2  (cost=0.00..5.38 rows=95 width=0)
	        Index Cond: ((k >= 4686524) AND (k <= 4686624))

table 3 : explain SELECT k, c FROM sbtest3 WHERE k BETWEEN 4686524 AND 4686624
	Bitmap Heap Scan on sbtest3  (cost=5.46..401.55 rows=100 width=125)
	  Recheck Cond: ((k >= 4686524) AND (k <= 4686624))
	  ->  Bitmap Index Scan on k_3  (cost=0.00..5.43 rows=100 width=0)
	        Index Cond: ((k >= 4686524) AND (k <= 4686624))

table 4 : explain SELECT k, c FROM sbtest4 WHERE k BETWEEN 4686524 AND 4686624
	Bitmap Heap Scan on sbtest4  (cost=5.39..374.12 rows=93 width=125)
	  Recheck Cond: ((k >= 4686524) AND (k <= 4686624))
	  ->  Bitmap Index Scan on k_4  (cost=0.00..5.36 rows=93 width=0)
	        Index Cond: ((k >= 4686524) AND (k <= 4686624))

table 5 : explain SELECT k, c FROM sbtest5 WHERE k BETWEEN 4686524 AND 4686624
	Bitmap Heap Scan on sbtest5  (cost=5.44..393.87 rows=98 width=125)
	  Recheck Cond: ((k >= 4686524) AND (k <= 4686624))
	  ->  Bitmap Index Scan on k_5  (cost=0.00..5.42 rows=98 width=0)
	        Index Cond: ((k >= 4686524) AND (k <= 4686624))

table 6 : explain SELECT k, c FROM sbtest6 WHERE k BETWEEN 4686524 AND 4686624
	Bitmap Heap Scan on sbtest6  (cost=5.41..381.84 rows=95 width=125)
	  Recheck Cond: ((k >= 4686524) AND (k <= 4686624))
	  ->  Bitmap Index Scan on k_6  (cost=0.00..5.38 rows=95 width=0)
	        Index Cond: ((k >= 4686524) AND (k <= 4686624))

table 7 : explain SELECT k, c FROM sbtest7 WHERE k BETWEEN 4686524 AND 4686624
	Bitmap Heap Scan on sbtest7  (cost=5.37..366.00 rows=91 width=125)
	  Recheck Cond: ((k >= 4686524) AND (k <= 4686624))
	  ->  Bitmap Index Scan on k_7  (cost=0.00..5.34 rows=91 width=0)
	        Index Cond: ((k >= 4686524) AND (k <= 4686624))

table 8 : explain SELECT k, c FROM sbtest8 WHERE k BETWEEN 4686524 AND 4686624
	Bitmap Heap Scan on sbtest8  (cost=5.45..397.59 rows=99 width=125)
	  Recheck Cond: ((k >= 4686524) AND (k <= 4686624))
	  ->  Bitmap Index Scan on k_8  (cost=0.00..5.42 rows=99 width=0)
	        Index Cond: ((k >= 4686524) AND (k <= 4686624))

explain: for range-notcovered :: explain SELECT k, c FROM sbtest%d WHERE k BETWEEN 3731536 AND 3731636
explain: for range-notcovered :: explain SELECT k, c FROM sbtest%d WHERE k BETWEEN 4686524 AND 4686624
for range-notcovered
table 1 : explain SELECT k, c FROM sbtest1 WHERE k BETWEEN 9039001 AND 9039101
	Bitmap Heap Scan on sbtest1  (cost=5.53..429.12 rows=107 width=125)
	  Recheck Cond: ((k >= 9039001) AND (k <= 9039101))
	  ->  Bitmap Index Scan on k_1  (cost=0.00..5.50 rows=107 width=0)
	        Index Cond: ((k >= 9039001) AND (k <= 9039101))

table 2 : explain SELECT k, c FROM sbtest2 WHERE k BETWEEN 9039001 AND 9039101
	Bitmap Heap Scan on sbtest2  (cost=5.53..429.14 rows=107 width=125)
	  Recheck Cond: ((k >= 9039001) AND (k <= 9039101))
	  ->  Bitmap Index Scan on k_2  (cost=0.00..5.50 rows=107 width=0)
	        Index Cond: ((k >= 9039001) AND (k <= 9039101))

table 3 : explain SELECT k, c FROM sbtest3 WHERE k BETWEEN 9039001 AND 9039101
	Bitmap Heap Scan on sbtest3  (cost=5.52..425.21 rows=106 width=125)
	  Recheck Cond: ((k >= 9039001) AND (k <= 9039101))
	  ->  Bitmap Index Scan on k_3  (cost=0.00..5.50 rows=106 width=0)
	        Index Cond: ((k >= 9039001) AND (k <= 9039101))

table 4 : explain SELECT k, c FROM sbtest4 WHERE k BETWEEN 9039001 AND 9039101
	Bitmap Heap Scan on sbtest4  (cost=5.42..385.97 rows=96 width=125)
	  Recheck Cond: ((k >= 9039001) AND (k <= 9039101))
	  ->  Bitmap Index Scan on k_4  (cost=0.00..5.39 rows=96 width=0)
	        Index Cond: ((k >= 9039001) AND (k <= 9039101))

table 5 : explain SELECT k, c FROM sbtest5 WHERE k BETWEEN 9039001 AND 9039101
	Bitmap Heap Scan on sbtest5  (cost=5.52..425.44 rows=106 width=125)
	  Recheck Cond: ((k >= 9039001) AND (k <= 9039101))
	  ->  Bitmap Index Scan on k_5  (cost=0.00..5.50 rows=106 width=0)
	        Index Cond: ((k >= 9039001) AND (k <= 9039101))

table 6 : explain SELECT k, c FROM sbtest6 WHERE k BETWEEN 9039001 AND 9039101
	Bitmap Heap Scan on sbtest6  (cost=5.45..397.63 rows=99 width=125)
	  Recheck Cond: ((k >= 9039001) AND (k <= 9039101))
	  ->  Bitmap Index Scan on k_6  (cost=0.00..5.42 rows=99 width=0)
	        Index Cond: ((k >= 9039001) AND (k <= 9039101))

table 7 : explain SELECT k, c FROM sbtest7 WHERE k BETWEEN 9039001 AND 9039101
	Bitmap Heap Scan on sbtest7  (cost=5.52..425.16 rows=106 width=125)
	  Recheck Cond: ((k >= 9039001) AND (k <= 9039101))
	  ->  Bitmap Index Scan on k_7  (cost=0.00..5.50 rows=106 width=0)
	        Index Cond: ((k >= 9039001) AND (k <= 9039101))

table 8 : explain SELECT k, c FROM sbtest8 WHERE k BETWEEN 9039001 AND 9039101
	Bitmap Heap Scan on sbtest8  (cost=5.46..401.53 rows=100 width=125)
	  Recheck Cond: ((k >= 9039001) AND (k <= 9039101))
	  ->  Bitmap Index Scan on k_8  (cost=0.00..5.43 rows=100 width=0)
	        Index Cond: ((k >= 9039001) AND (k <= 9039101))

for range-notcovered
table 1 : explain SELECT k, c FROM sbtest1 WHERE k BETWEEN 4958844 AND 4958944
	Bitmap Heap Scan on sbtest1  (cost=5.47..405.46 rows=101 width=125)
	  Recheck Cond: ((k >= 4958844) AND (k <= 4958944))
	  ->  Bitmap Index Scan on k_1  (cost=0.00..5.44 rows=101 width=0)
	        Index Cond: ((k >= 4958844) AND (k <= 4958944))

table 2 : explain SELECT k, c FROM sbtest2 WHERE k BETWEEN 4958844 AND 4958944
	Bitmap Heap Scan on sbtest2  (cost=5.42..385.76 rows=96 width=125)
	  Recheck Cond: ((k >= 4958844) AND (k <= 4958944))
	  ->  Bitmap Index Scan on k_2  (cost=0.00..5.39 rows=96 width=0)
	        Index Cond: ((k >= 4958844) AND (k <= 4958944))

table 3 : explain SELECT k, c FROM sbtest3 WHERE k BETWEEN 4958844 AND 4958944
	Bitmap Heap Scan on sbtest3  (cost=5.56..440.97 rows=110 width=125)
	  Recheck Cond: ((k >= 4958844) AND (k <= 4958944))
	  ->  Bitmap Index Scan on k_3  (cost=0.00..5.53 rows=110 width=0)
	        Index Cond: ((k >= 4958844) AND (k <= 4958944))

table 4 : explain SELECT k, c FROM sbtest4 WHERE k BETWEEN 4958844 AND 4958944
	Bitmap Heap Scan on sbtest4  (cost=5.50..417.55 rows=104 width=125)
	  Recheck Cond: ((k >= 4958844) AND (k <= 4958944))
	  ->  Bitmap Index Scan on k_4  (cost=0.00..5.47 rows=104 width=0)
	        Index Cond: ((k >= 4958844) AND (k <= 4958944))

table 5 : explain SELECT k, c FROM sbtest5 WHERE k BETWEEN 4958844 AND 4958944
	Bitmap Heap Scan on sbtest5  (cost=5.43..389.92 rows=97 width=125)
	  Recheck Cond: ((k >= 4958844) AND (k <= 4958944))
	  ->  Bitmap Index Scan on k_5  (cost=0.00..5.40 rows=97 width=0)
	        Index Cond: ((k >= 4958844) AND (k <= 4958944))

table 6 : explain SELECT k, c FROM sbtest6 WHERE k BETWEEN 4958844 AND 4958944
	Bitmap Heap Scan on sbtest6  (cost=5.47..405.52 rows=101 width=125)
	  Recheck Cond: ((k >= 4958844) AND (k <= 4958944))
	  ->  Bitmap Index Scan on k_6  (cost=0.00..5.44 rows=101 width=0)
	        Index Cond: ((k >= 4958844) AND (k <= 4958944))

table 7 : explain SELECT k, c FROM sbtest7 WHERE k BETWEEN 4958844 AND 4958944
	Bitmap Heap Scan on sbtest7  (cost=5.41..381.79 rows=95 width=125)
	  Recheck Cond: ((k >= 4958844) AND (k <= 4958944))
	  ->  Bitmap Index Scan on k_7  (cost=0.00..5.38 rows=95 width=0)
	        Index Cond: ((k >= 4958844) AND (k <= 4958944))

table 8 : explain SELECT k, c FROM sbtest8 WHERE k BETWEEN 4958844 AND 4958944
	Bitmap Heap Scan on sbtest8  (cost=5.46..401.53 rows=100 width=125)
	  Recheck Cond: ((k >= 4958844) AND (k <= 4958944))
	  ->  Bitmap Index Scan on k_8  (cost=0.00..5.43 rows=100 width=0)
	        Index Cond: ((k >= 4958844) AND (k <= 4958944))

explain: for range-notcovered :: explain SELECT k, c FROM sbtest%d WHERE k BETWEEN 9039001 AND 9039101
for range-notcovered
table 1 : explain SELECT k, c FROM sbtest1 WHERE k BETWEEN 4019169 AND 4019269
	Bitmap Heap Scan on sbtest1  (cost=5.49..413.35 rows=103 width=125)
	  Recheck Cond: ((k >= 4019169) AND (k <= 4019269))
	  ->  Bitmap Index Scan on k_1  (cost=0.00..5.46 rows=103 width=0)
	        Index Cond: ((k >= 4019169) AND (k <= 4019269))

table 2 : explain SELECT k, c FROM sbtest2 WHERE k BETWEEN 4019169 AND 4019269
	Bitmap Heap Scan on sbtest2  (cost=5.46..401.54 rows=100 width=125)
	  Recheck Cond: ((k >= 4019169) AND (k <= 4019269))
	  ->  Bitmap Index Scan on k_2  (cost=0.00..5.43 rows=100 width=0)
	        Index Cond: ((k >= 4019169) AND (k <= 4019269))

table 3 : explain SELECT k, c FROM sbtest3 WHERE k BETWEEN 4019169 AND 4019269
	Bitmap Heap Scan on sbtest3  (cost=5.56..440.97 rows=110 width=125)
	  Recheck Cond: ((k >= 4019169) AND (k <= 4019269))
	  ->  Bitmap Index Scan on k_3  (cost=0.00..5.53 rows=110 width=0)
	        Index Cond: ((k >= 4019169) AND (k <= 4019269))

table 4 : explain SELECT k, c FROM sbtest4 WHERE k BETWEEN 4019169 AND 4019269
	Bitmap Heap Scan on sbtest4  (cost=5.40..378.07 rows=94 width=125)
	  Recheck Cond: ((k >= 4019169) AND (k <= 4019269))
	  ->  Bitmap Index Scan on k_4  (cost=0.00..5.38 rows=94 width=0)
	        Index Cond: ((k >= 4019169) AND (k <= 4019269))

table 5 : explain SELECT k, c FROM sbtest5 WHERE k BETWEEN 4019169 AND 4019269
	Bitmap Heap Scan on sbtest5  (cost=5.48..409.66 rows=102 width=125)
	  Recheck Cond: ((k >= 4019169) AND (k <= 4019269))
	  ->  Bitmap Index Scan on k_5  (cost=0.00..5.45 rows=102 width=0)
	        Index Cond: ((k >= 4019169) AND (k <= 4019269))

table 6 : explain SELECT k, c FROM sbtest6 WHERE k BETWEEN 4019169 AND 4019269
	Bitmap Heap Scan on sbtest6  (cost=5.43..389.74 rows=97 width=125)
	  Recheck Cond: ((k >= 4019169) AND (k <= 4019269))
	  ->  Bitmap Index Scan on k_6  (cost=0.00..5.40 rows=97 width=0)
	        Index Cond: ((k >= 4019169) AND (k <= 4019269))

table 7 : explain SELECT k, c FROM sbtest7 WHERE k BETWEEN 4019169 AND 4019269
	Bitmap Heap Scan on sbtest7  (cost=5.51..421.22 rows=105 width=125)
	  Recheck Cond: ((k >= 4019169) AND (k <= 4019269))
	  ->  Bitmap Index Scan on k_7  (cost=0.00..5.48 rows=105 width=0)
	        Index Cond: ((k >= 4019169) AND (k <= 4019269))

table 8 : explain SELECT k, c FROM sbtest8 WHERE k BETWEEN 4019169 AND 4019269
	Bitmap Heap Scan on sbtest8  (cost=5.47..405.48 rows=101 width=125)
	  Recheck Cond: ((k >= 4019169) AND (k <= 4019269))
	  ->  Bitmap Index Scan on k_8  (cost=0.00..5.44 rows=101 width=0)
	        Index Cond: ((k >= 4019169) AND (k <= 4019269))

for range-notcovered
table 1 : explain SELECT k, c FROM sbtest1 WHERE k BETWEEN 1363981 AND 1364081
	Bitmap Heap Scan on sbtest1  (cost=5.46..401.52 rows=100 width=125)
	  Recheck Cond: ((k >= 1363981) AND (k <= 1364081))
	  ->  Bitmap Index Scan on k_1  (cost=0.00..5.43 rows=100 width=0)
	        Index Cond: ((k >= 1363981) AND (k <= 1364081))

table 2 : explain SELECT k, c FROM sbtest2 WHERE k BETWEEN 1363981 AND 1364081
	Bitmap Heap Scan on sbtest2  (cost=5.45..397.59 rows=99 width=125)
	  Recheck Cond: ((k >= 1363981) AND (k <= 1364081))
	  ->  Bitmap Index Scan on k_2  (cost=0.00..5.42 rows=99 width=0)
	        Index Cond: ((k >= 1363981) AND (k <= 1364081))

table 3 : explain SELECT k, c FROM sbtest3 WHERE k BETWEEN 1363981 AND 1364081
	Bitmap Heap Scan on sbtest3  (cost=5.62..464.61 rows=116 width=125)
	  Recheck Cond: ((k >= 1363981) AND (k <= 1364081))
	  ->  Bitmap Index Scan on k_3  (cost=0.00..5.59 rows=116 width=0)
	        Index Cond: ((k >= 1363981) AND (k <= 1364081))

table 4 : explain SELECT k, c FROM sbtest4 WHERE k BETWEEN 1363981 AND 1364081
	Bitmap Heap Scan on sbtest4  (cost=5.53..429.39 rows=107 width=125)
	  Recheck Cond: ((k >= 1363981) AND (k <= 1364081))
	  ->  Bitmap Index Scan on k_4  (cost=0.00..5.50 rows=107 width=0)
	        Index Cond: ((k >= 1363981) AND (k <= 1364081))

table 5 : explain SELECT k, c FROM sbtest5 WHERE k BETWEEN 1363981 AND 1364081
	Bitmap Heap Scan on sbtest5  (cost=5.45..397.82 rows=99 width=125)
	  Recheck Cond: ((k >= 1363981) AND (k <= 1364081))
	  ->  Bitmap Index Scan on k_5  (cost=0.00..5.42 rows=99 width=0)
	        Index Cond: ((k >= 1363981) AND (k <= 1364081))

table 6 : explain SELECT k, c FROM sbtest6 WHERE k BETWEEN 1363981 AND 1364081
	Bitmap Heap Scan on sbtest6  (cost=5.52..425.23 rows=106 width=125)
	  Recheck Cond: ((k >= 1363981) AND (k <= 1364081))
	  ->  Bitmap Index Scan on k_6  (cost=0.00..5.50 rows=106 width=0)
	        Index Cond: ((k >= 1363981) AND (k <= 1364081))

table 7 : explain SELECT k, c FROM sbtest7 WHERE k BETWEEN 1363981 AND 1364081
	Bitmap Heap Scan on sbtest7  (cost=5.46..401.51 rows=100 width=125)
	  Recheck Cond: ((k >= 1363981) AND (k <= 1364081))
	  ->  Bitmap Index Scan on k_7  (cost=0.00..5.43 rows=100 width=0)
	        Index Cond: ((k >= 1363981) AND (k <= 1364081))

table 8 : explain SELECT k, c FROM sbtest8 WHERE k BETWEEN 1363981 AND 1364081
	Bitmap Heap Scan on sbtest8  (cost=5.53..429.13 rows=107 width=125)
	  Recheck Cond: ((k >= 1363981) AND (k <= 1364081))
	  ->  Bitmap Index Scan on k_8  (cost=0.00..5.50 rows=107 width=0)
	        Index Cond: ((k >= 1363981) AND (k <= 1364081))

for range-notcovered
table 1 : explain SELECT k, c FROM sbtest1 WHERE k BETWEEN 6380588 AND 6380688
	Bitmap Heap Scan on sbtest1  (cost=5.47..405.46 rows=101 width=125)
	  Recheck Cond: ((k >= 6380588) AND (k <= 6380688))
	  ->  Bitmap Index Scan on k_1  (cost=0.00..5.44 rows=101 width=0)
	        Index Cond: ((k >= 6380588) AND (k <= 6380688))

table 2 : explain SELECT k, c FROM sbtest2 WHERE k BETWEEN 6380588 AND 6380688
	Bitmap Heap Scan on sbtest2  (cost=5.43..389.70 rows=97 width=125)
	  Recheck Cond: ((k >= 6380588) AND (k <= 6380688))
	  ->  Bitmap Index Scan on k_2  (cost=0.00..5.40 rows=97 width=0)
	        Index Cond: ((k >= 6380588) AND (k <= 6380688))

table 3 : explain SELECT k, c FROM sbtest3 WHERE k BETWEEN 6380588 AND 6380688
	Bitmap Heap Scan on sbtest3  (cost=5.49..413.38 rows=103 width=125)
	  Recheck Cond: ((k >= 6380588) AND (k <= 6380688))
	  ->  Bitmap Index Scan on k_3  (cost=0.00..5.46 rows=103 width=0)
	        Index Cond: ((k >= 6380588) AND (k <= 6380688))

table 4 : explain SELECT k, c FROM sbtest4 WHERE k BETWEEN 6380588 AND 6380688
	Bitmap Heap Scan on sbtest4  (cost=5.43..389.92 rows=97 width=125)
	  Recheck Cond: ((k >= 6380588) AND (k <= 6380688))
	  ->  Bitmap Index Scan on k_4  (cost=0.00..5.40 rows=97 width=0)
	        Index Cond: ((k >= 6380588) AND (k <= 6380688))

table 5 : explain SELECT k, c FROM sbtest5 WHERE k BETWEEN 6380588 AND 6380688
	Bitmap Heap Scan on sbtest5  (cost=5.55..437.28 rows=109 width=125)
	  Recheck Cond: ((k >= 6380588) AND (k <= 6380688))
	  ->  Bitmap Index Scan on k_5  (cost=0.00..5.52 rows=109 width=0)
	        Index Cond: ((k >= 6380588) AND (k <= 6380688))

table 6 : explain SELECT k, c FROM sbtest6 WHERE k BETWEEN 6380588 AND 6380688
	Bitmap Heap Scan on sbtest6  (cost=5.41..381.84 rows=95 width=125)
	  Recheck Cond: ((k >= 6380588) AND (k <= 6380688))
	  ->  Bitmap Index Scan on k_6  (cost=0.00..5.38 rows=95 width=0)
	        Index Cond: ((k >= 6380588) AND (k <= 6380688))

table 7 : explain SELECT k, c FROM sbtest7 WHERE k BETWEEN 6380588 AND 6380688
	Bitmap Heap Scan on sbtest7  (cost=5.54..433.05 rows=108 width=125)
	  Recheck Cond: ((k >= 6380588) AND (k <= 6380688))
	  ->  Bitmap Index Scan on k_7  (cost=0.00..5.51 rows=108 width=0)
	        Index Cond: ((k >= 6380588) AND (k <= 6380688))

table 8 : explain SELECT k, c FROM sbtest8 WHERE k BETWEEN 6380588 AND 6380688
	Bitmap Heap Scan on sbtest8  (cost=5.39..373.92 rows=93 width=125)
	  Recheck Cond: ((k >= 6380588) AND (k <= 6380688))
	  ->  Bitmap Index Scan on k_8  (cost=0.00..5.36 rows=93 width=0)
	        Index Cond: ((k >= 6380588) AND (k <= 6380688))
for range-notcovered
table 1 : explain SELECT k, c FROM sbtest1 WHERE k BETWEEN 3530048 AND 3530148
	Bitmap Heap Scan on sbtest1  (cost=5.35..358.12 rows=89 width=125)
	  Recheck Cond: ((k >= 3530048) AND (k <= 3530148))
	  ->  Bitmap Index Scan on k_1  (cost=0.00..5.32 rows=89 width=0)
	        Index Cond: ((k >= 3530048) AND (k <= 3530148))

table 2 : explain SELECT k, c FROM sbtest2 WHERE k BETWEEN 3530048 AND 3530148
	Bitmap Heap Scan on sbtest2  (cost=5.46..401.54 rows=100 width=125)
	  Recheck Cond: ((k >= 3530048) AND (k <= 3530148))
	  ->  Bitmap Index Scan on k_2  (cost=0.00..5.43 rows=100 width=0)
	        Index Cond: ((k >= 3530048) AND (k <= 3530148))

table 3 : explain SELECT k, c FROM sbtest3 WHERE k BETWEEN 3530048 AND 3530148
	Bitmap Heap Scan on sbtest3  (cost=5.42..385.77 rows=96 width=125)
	  Recheck Cond: ((k >= 3530048) AND (k <= 3530148))
	  ->  Bitmap Index Scan on k_3  (cost=0.00..5.39 rows=96 width=0)
	        Index Cond: ((k >= 3530048) AND (k <= 3530148))

table 4 : explain SELECT k, c FROM sbtest4 WHERE k BETWEEN 3530048 AND 3530148
	Bitmap Heap Scan on sbtest4  (cost=5.57..445.16 rows=111 width=125)
	  Recheck Cond: ((k >= 3530048) AND (k <= 3530148))
	  ->  Bitmap Index Scan on k_4  (cost=0.00..5.54 rows=111 width=0)
	        Index Cond: ((k >= 3530048) AND (k <= 3530148))

table 5 : explain SELECT k, c FROM sbtest5 WHERE k BETWEEN 3530048 AND 3530148
	Bitmap Heap Scan on sbtest5  (cost=5.41..382.02 rows=95 width=125)
	  Recheck Cond: ((k >= 3530048) AND (k <= 3530148))
	  ->  Bitmap Index Scan on k_5  (cost=0.00..5.38 rows=95 width=0)
	        Index Cond: ((k >= 3530048) AND (k <= 3530148))

table 6 : explain SELECT k, c FROM sbtest6 WHERE k BETWEEN 3530048 AND 3530148
	Bitmap Heap Scan on sbtest6  (cost=5.44..393.68 rows=98 width=125)
	  Recheck Cond: ((k >= 3530048) AND (k <= 3530148))
	  ->  Bitmap Index Scan on k_6  (cost=0.00..5.42 rows=98 width=0)
	        Index Cond: ((k >= 3530048) AND (k <= 3530148))

table 7 : explain SELECT k, c FROM sbtest7 WHERE k BETWEEN 3530048 AND 3530148
	Bitmap Heap Scan on sbtest7  (cost=5.45..397.57 rows=99 width=125)
	  Recheck Cond: ((k >= 3530048) AND (k <= 3530148))
	  ->  Bitmap Index Scan on k_7  (cost=0.00..5.42 rows=99 width=0)
	        Index Cond: ((k >= 3530048) AND (k <= 3530148))

table 8 : explain SELECT k, c FROM sbtest8 WHERE k BETWEEN 3530048 AND 3530148
	Bitmap Heap Scan on sbtest8  (cost=5.51..421.25 rows=105 width=125)
	  Recheck Cond: ((k >= 3530048) AND (k <= 3530148))
	  ->  Bitmap Index Scan on k_8  (cost=0.00..5.48 rows=105 width=0)
	        Index Cond: ((k >= 3530048) AND (k <= 3530148))
explain: for range-notcovered :: explain SELECT k, c FROM sbtest%d WHERE k BETWEEN 4019169 AND 4019269


explain: for range-notcovered :: explain SELECT k, c FROM sbtest%d WHERE k BETWEEN 1363981 AND 1364081
for range-notcovered
table 1 : explain SELECT k, c FROM sbtest1 WHERE k BETWEEN 6505532 AND 6505632
	Bitmap Heap Scan on sbtest1  (cost=5.47..405.46 rows=101 width=125)
	  Recheck Cond: ((k >= 6505532) AND (k <= 6505632))
	  ->  Bitmap Index Scan on k_1  (cost=0.00..5.44 rows=101 width=0)
	        Index Cond: ((k >= 6505532) AND (k <= 6505632))

table 2 : explain SELECT k, c FROM sbtest2 WHERE k BETWEEN 6505532 AND 6505632
	Bitmap Heap Scan on sbtest2  (cost=5.40..377.87 rows=94 width=125)
	  Recheck Cond: ((k >= 6505532) AND (k <= 6505632))
	  ->  Bitmap Index Scan on k_2  (cost=0.00..5.38 rows=94 width=0)
	        Index Cond: ((k >= 6505532) AND (k <= 6505632))

table 3 : explain SELECT k, c FROM sbtest3 WHERE k BETWEEN 6505532 AND 6505632
	Bitmap Heap Scan on sbtest3  (cost=5.42..385.77 rows=96 width=125)
	  Recheck Cond: ((k >= 6505532) AND (k <= 6505632))
	  ->  Bitmap Index Scan on k_3  (cost=0.00..5.39 rows=96 width=0)
	        Index Cond: ((k >= 6505532) AND (k <= 6505632))

table 4 : explain SELECT k, c FROM sbtest4 WHERE k BETWEEN 6505532 AND 6505632
	Bitmap Heap Scan on sbtest4  (cost=5.44..393.87 rows=98 width=125)
	  Recheck Cond: ((k >= 6505532) AND (k <= 6505632))
	  ->  Bitmap Index Scan on k_4  (cost=0.00..5.42 rows=98 width=0)
	        Index Cond: ((k >= 6505532) AND (k <= 6505632))

table 5 : explain SELECT k, c FROM sbtest5 WHERE k BETWEEN 6505532 AND 6505632
	Bitmap Heap Scan on sbtest5  (cost=5.51..421.50 rows=105 width=125)
	  Recheck Cond: ((k >= 6505532) AND (k <= 6505632))
	  ->  Bitmap Index Scan on k_5  (cost=0.00..5.48 rows=105 width=0)
	        Index Cond: ((k >= 6505532) AND (k <= 6505632))

table 6 : explain SELECT k, c FROM sbtest6 WHERE k BETWEEN 6505532 AND 6505632
	Bitmap Heap Scan on sbtest6  (cost=5.44..393.68 rows=98 width=125)
	  Recheck Cond: ((k >= 6505532) AND (k <= 6505632))
	  ->  Bitmap Index Scan on k_6  (cost=0.00..5.42 rows=98 width=0)
	        Index Cond: ((k >= 6505532) AND (k <= 6505632))

table 7 : explain SELECT k, c FROM sbtest7 WHERE k BETWEEN 6505532 AND 6505632
	Bitmap Heap Scan on sbtest7  (cost=5.47..405.45 rows=101 width=125)
	  Recheck Cond: ((k >= 6505532) AND (k <= 6505632))
	  ->  Bitmap Index Scan on k_7  (cost=0.00..5.44 rows=101 width=0)
	        Index Cond: ((k >= 6505532) AND (k <= 6505632))

table 8 : explain SELECT k, c FROM sbtest8 WHERE k BETWEEN 6505532 AND 6505632
	Bitmap Heap Scan on sbtest8  (cost=5.48..409.42 rows=102 width=125)
	  Recheck Cond: ((k >= 6505532) AND (k <= 6505632))
	  ->  Bitmap Index Scan on k_8  (cost=0.00..5.45 rows=102 width=0)
	        Index Cond: ((k >= 6505532) AND (k <= 6505632))

for range-notcovered
table 1 : explain SELECT k, c FROM sbtest1 WHERE k BETWEEN 6206397 AND 6206497
	Bitmap Heap Scan on sbtest1  (cost=5.47..405.46 rows=101 width=125)
	  Recheck Cond: ((k >= 6206397) AND (k <= 6206497))
	  ->  Bitmap Index Scan on k_1  (cost=0.00..5.44 rows=101 width=0)
	        Index Cond: ((k >= 6206397) AND (k <= 6206497))

table 2 : explain SELECT k, c FROM sbtest2 WHERE k BETWEEN 6206397 AND 6206497
	Bitmap Heap Scan on sbtest2  (cost=5.46..401.54 rows=100 width=125)
	  Recheck Cond: ((k >= 6206397) AND (k <= 6206497))
	  ->  Bitmap Index Scan on k_2  (cost=0.00..5.43 rows=100 width=0)
	        Index Cond: ((k >= 6206397) AND (k <= 6206497))

table 3 : explain SELECT k, c FROM sbtest3 WHERE k BETWEEN 6206397 AND 6206497
	Bitmap Heap Scan on sbtest3  (cost=5.45..397.61 rows=99 width=125)
	  Recheck Cond: ((k >= 6206397) AND (k <= 6206497))
	  ->  Bitmap Index Scan on k_3  (cost=0.00..5.42 rows=99 width=0)
	        Index Cond: ((k >= 6206397) AND (k <= 6206497))

table 4 : explain SELECT k, c FROM sbtest4 WHERE k BETWEEN 6206397 AND 6206497
	Bitmap Heap Scan on sbtest4  (cost=5.41..382.02 rows=95 width=125)
	  Recheck Cond: ((k >= 6206397) AND (k <= 6206497))
	  ->  Bitmap Index Scan on k_4  (cost=0.00..5.38 rows=95 width=0)
	        Index Cond: ((k >= 6206397) AND (k <= 6206497))

table 5 : explain SELECT k, c FROM sbtest5 WHERE k BETWEEN 6206397 AND 6206497
	Bitmap Heap Scan on sbtest5  (cost=5.51..421.50 rows=105 width=125)
	  Recheck Cond: ((k >= 6206397) AND (k <= 6206497))
	  ->  Bitmap Index Scan on k_5  (cost=0.00..5.48 rows=105 width=0)
	        Index Cond: ((k >= 6206397) AND (k <= 6206497))

table 6 : explain SELECT k, c FROM sbtest6 WHERE k BETWEEN 6206397 AND 6206497
	Bitmap Heap Scan on sbtest6  (cost=5.34..354.21 rows=88 width=125)
	  Recheck Cond: ((k >= 6206397) AND (k <= 6206497))
	  ->  Bitmap Index Scan on k_6  (cost=0.00..5.31 rows=88 width=0)
	        Index Cond: ((k >= 6206397) AND (k <= 6206497))

table 7 : explain SELECT k, c FROM sbtest7 WHERE k BETWEEN 6206397 AND 6206497
	Bitmap Heap Scan on sbtest7  (cost=5.49..413.34 rows=103 width=125)
	  Recheck Cond: ((k >= 6206397) AND (k <= 6206497))
	  ->  Bitmap Index Scan on k_7  (cost=0.00..5.46 rows=103 width=0)
	        Index Cond: ((k >= 6206397) AND (k <= 6206497))

table 8 : explain SELECT k, c FROM sbtest8 WHERE k BETWEEN 6206397 AND 6206497
	Bitmap Heap Scan on sbtest8  (cost=5.42..385.76 rows=96 width=125)
	  Recheck Cond: ((k >= 6206397) AND (k <= 6206497))
	  ->  Bitmap Index Scan on k_8  (cost=0.00..5.39 rows=96 width=0)
	        Index Cond: ((k >= 6206397) AND (k <= 6206497))

explain: for range-notcovered :: explain SELECT k, c FROM sbtest%d WHERE k BETWEEN 3530048 AND 3530148
for range-notcovered
table 1 : explain SELECT k, c FROM sbtest1 WHERE k BETWEEN 576376 AND 576476
	Bitmap Heap Scan on sbtest1  (cost=5.44..393.63 rows=98 width=125)
	  Recheck Cond: ((k >= 576376) AND (k <= 576476))
	  ->  Bitmap Index Scan on k_1  (cost=0.00..5.42 rows=98 width=0)
	        Index Cond: ((k >= 576376) AND (k <= 576476))

table 2 : explain SELECT k, c FROM sbtest2 WHERE k BETWEEN 576376 AND 576476
	Bitmap Heap Scan on sbtest2  (cost=5.42..385.76 rows=96 width=125)
	  Recheck Cond: ((k >= 576376) AND (k <= 576476))
	  ->  Bitmap Index Scan on k_2  (cost=0.00..5.39 rows=96 width=0)
	        Index Cond: ((k >= 576376) AND (k <= 576476))

table 3 : explain SELECT k, c FROM sbtest3 WHERE k BETWEEN 576376 AND 576476
	Bitmap Heap Scan on sbtest3  (cost=5.44..393.66 rows=98 width=125)
	  Recheck Cond: ((k >= 576376) AND (k <= 576476))
	  ->  Bitmap Index Scan on k_3  (cost=0.00..5.42 rows=98 width=0)
	        Index Cond: ((k >= 576376) AND (k <= 576476))

table 4 : explain SELECT k, c FROM sbtest4 WHERE k BETWEEN 576376 AND 576476
	Bitmap Heap Scan on sbtest4  (cost=5.45..397.82 rows=99 width=125)
	  Recheck Cond: ((k >= 576376) AND (k <= 576476))
	  ->  Bitmap Index Scan on k_4  (cost=0.00..5.42 rows=99 width=0)
	        Index Cond: ((k >= 576376) AND (k <= 576476))

table 5 : explain SELECT k, c FROM sbtest5 WHERE k BETWEEN 576376 AND 576476
	Bitmap Heap Scan on sbtest5  (cost=5.45..397.82 rows=99 width=125)
	  Recheck Cond: ((k >= 576376) AND (k <= 576476))
	  ->  Bitmap Index Scan on k_5  (cost=0.00..5.42 rows=99 width=0)
	        Index Cond: ((k >= 576376) AND (k <= 576476))

table 6 : explain SELECT k, c FROM sbtest6 WHERE k BETWEEN 576376 AND 576476
	Bitmap Heap Scan on sbtest6  (cost=5.57..444.94 rows=111 width=125)
	  Recheck Cond: ((k >= 576376) AND (k <= 576476))
	  ->  Bitmap Index Scan on k_6  (cost=0.00..5.54 rows=111 width=0)
	        Index Cond: ((k >= 576376) AND (k <= 576476))

table 7 : explain SELECT k, c FROM sbtest7 WHERE k BETWEEN 576376 AND 576476
	Bitmap Heap Scan on sbtest7  (cost=5.42..385.73 rows=96 width=125)
	  Recheck Cond: ((k >= 576376) AND (k <= 576476))
	  ->  Bitmap Index Scan on k_7  (cost=0.00..5.39 rows=96 width=0)
	        Index Cond: ((k >= 576376) AND (k <= 576476))

table 8 : explain SELECT k, c FROM sbtest8 WHERE k BETWEEN 576376 AND 576476
	Bitmap Heap Scan on sbtest8  (cost=5.54..433.07 rows=108 width=125)
	  Recheck Cond: ((k >= 576376) AND (k <= 576476))
	  ->  Bitmap Index Scan on k_8  (cost=0.00..5.51 rows=108 width=0)
	        Index Cond: ((k >= 576376) AND (k <= 576476))

explain: for range-notcovered :: explain SELECT k, c FROM sbtest%d WHERE k BETWEEN 6206397 AND 6206497
explain: for range-notcovered :: explain SELECT k, c FROM sbtest%d WHERE k BETWEEN 576376 AND 576476
for range-notcovered
table 1 : explain SELECT k, c FROM sbtest1 WHERE k BETWEEN 6246463 AND 6246563
	Bitmap Heap Scan on sbtest1  (cost=5.41..381.80 rows=95 width=125)
	  Recheck Cond: ((k >= 6246463) AND (k <= 6246563))
	  ->  Bitmap Index Scan on k_1  (cost=0.00..5.38 rows=95 width=0)
	        Index Cond: ((k >= 6246463) AND (k <= 6246563))

table 2 : explain SELECT k, c FROM sbtest2 WHERE k BETWEEN 6246463 AND 6246563
	Bitmap Heap Scan on sbtest2  (cost=5.46..401.54 rows=100 width=125)
	  Recheck Cond: ((k >= 6246463) AND (k <= 6246563))
	  ->  Bitmap Index Scan on k_2  (cost=0.00..5.43 rows=100 width=0)
	        Index Cond: ((k >= 6246463) AND (k <= 6246563))

table 3 : explain SELECT k, c FROM sbtest3 WHERE k BETWEEN 6246463 AND 6246563
	Bitmap Heap Scan on sbtest3  (cost=5.45..397.61 rows=99 width=125)
	  Recheck Cond: ((k >= 6246463) AND (k <= 6246563))
	  ->  Bitmap Index Scan on k_3  (cost=0.00..5.42 rows=99 width=0)
	        Index Cond: ((k >= 6246463) AND (k <= 6246563))

table 4 : explain SELECT k, c FROM sbtest4 WHERE k BETWEEN 6246463 AND 6246563
	Bitmap Heap Scan on sbtest4  (cost=5.41..382.02 rows=95 width=125)
	  Recheck Cond: ((k >= 6246463) AND (k <= 6246563))
	  ->  Bitmap Index Scan on k_4  (cost=0.00..5.38 rows=95 width=0)
	        Index Cond: ((k >= 6246463) AND (k <= 6246563))

table 5 : explain SELECT k, c FROM sbtest5 WHERE k BETWEEN 6246463 AND 6246563
	Bitmap Heap Scan on sbtest5  (cost=5.51..421.50 rows=105 width=125)
	  Recheck Cond: ((k >= 6246463) AND (k <= 6246563))
	  ->  Bitmap Index Scan on k_5  (cost=0.00..5.48 rows=105 width=0)
	        Index Cond: ((k >= 6246463) AND (k <= 6246563))

table 6 : explain SELECT k, c FROM sbtest6 WHERE k BETWEEN 6246463 AND 6246563
	Bitmap Heap Scan on sbtest6  (cost=5.34..354.21 rows=88 width=125)
	  Recheck Cond: ((k >= 6246463) AND (k <= 6246563))
	  ->  Bitmap Index Scan on k_6  (cost=0.00..5.31 rows=88 width=0)
	        Index Cond: ((k >= 6246463) AND (k <= 6246563))

table 7 : explain SELECT k, c FROM sbtest7 WHERE k BETWEEN 6246463 AND 6246563
	Bitmap Heap Scan on sbtest7  (cost=5.48..409.40 rows=102 width=125)
	  Recheck Cond: ((k >= 6246463) AND (k <= 6246563))
	  ->  Bitmap Index Scan on k_7  (cost=0.00..5.45 rows=102 width=0)
	        Index Cond: ((k >= 6246463) AND (k <= 6246563))

table 8 : explain SELECT k, c FROM sbtest8 WHERE k BETWEEN 6246463 AND 6246563
	Bitmap Heap Scan on sbtest8  (cost=5.57..444.89 rows=111 width=125)
	  Recheck Cond: ((k >= 6246463) AND (k <= 6246563))
	  ->  Bitmap Index Scan on k_8  (cost=0.00..5.54 rows=111 width=0)
	        Index Cond: ((k >= 6246463) AND (k <= 6246563))

for range-notcovered
table 1 : explain SELECT k, c FROM sbtest1 WHERE k BETWEEN 8536275 AND 8536375
	Bitmap Heap Scan on sbtest1  (cost=5.42..385.74 rows=96 width=125)
	  Recheck Cond: ((k >= 8536275) AND (k <= 8536375))
	  ->  Bitmap Index Scan on k_1  (cost=0.00..5.39 rows=96 width=0)
	        Index Cond: ((k >= 8536275) AND (k <= 8536375))

table 2 : explain SELECT k, c FROM sbtest2 WHERE k BETWEEN 8536275 AND 8536375
	Bitmap Heap Scan on sbtest2  (cost=5.43..389.70 rows=97 width=125)
	  Recheck Cond: ((k >= 8536275) AND (k <= 8536375))
	  ->  Bitmap Index Scan on k_2  (cost=0.00..5.40 rows=97 width=0)
	        Index Cond: ((k >= 8536275) AND (k <= 8536375))

table 3 : explain SELECT k, c FROM sbtest3 WHERE k BETWEEN 8536275 AND 8536375
	Bitmap Heap Scan on sbtest3  (cost=5.46..401.55 rows=100 width=125)
	  Recheck Cond: ((k >= 8536275) AND (k <= 8536375))
	  ->  Bitmap Index Scan on k_3  (cost=0.00..5.43 rows=100 width=0)
	        Index Cond: ((k >= 8536275) AND (k <= 8536375))

table 4 : explain SELECT k, c FROM sbtest4 WHERE k BETWEEN 8536275 AND 8536375
	Bitmap Heap Scan on sbtest4  (cost=5.51..421.50 rows=105 width=125)
	  Recheck Cond: ((k >= 8536275) AND (k <= 8536375))
	  ->  Bitmap Index Scan on k_4  (cost=0.00..5.48 rows=105 width=0)
	        Index Cond: ((k >= 8536275) AND (k <= 8536375))

table 5 : explain SELECT k, c FROM sbtest5 WHERE k BETWEEN 8536275 AND 8536375
	Bitmap Heap Scan on sbtest5  (cost=5.58..449.11 rows=112 width=125)
	  Recheck Cond: ((k >= 8536275) AND (k <= 8536375))
	  ->  Bitmap Index Scan on k_5  (cost=0.00..5.55 rows=112 width=0)
	        Index Cond: ((k >= 8536275) AND (k <= 8536375))

table 6 : explain SELECT k, c FROM sbtest6 WHERE k BETWEEN 8536275 AND 8536375
	Bitmap Heap Scan on sbtest6  (cost=5.39..373.95 rows=93 width=125)
	  Recheck Cond: ((k >= 8536275) AND (k <= 8536375))
	  ->  Bitmap Index Scan on k_6  (cost=0.00..5.36 rows=93 width=0)
	        Index Cond: ((k >= 8536275) AND (k <= 8536375))

table 7 : explain SELECT k, c FROM sbtest7 WHERE k BETWEEN 8536275 AND 8536375
	Bitmap Heap Scan on sbtest7  (cost=5.47..405.45 rows=101 width=125)
	  Recheck Cond: ((k >= 8536275) AND (k <= 8536375))
	  ->  Bitmap Index Scan on k_7  (cost=0.00..5.44 rows=101 width=0)
	        Index Cond: ((k >= 8536275) AND (k <= 8536375))

table 8 : explain SELECT k, c FROM sbtest8 WHERE k BETWEEN 8536275 AND 8536375
	Bitmap Heap Scan on sbtest8  (cost=5.47..405.48 rows=101 width=125)
	  Recheck Cond: ((k >= 8536275) AND (k <= 8536375))
	  ->  Bitmap Index Scan on k_8  (cost=0.00..5.44 rows=101 width=0)
	        Index Cond: ((k >= 8536275) AND (k <= 8536375))

explain: for range-notcovered :: explain SELECT k, c FROM sbtest%d WHERE k BETWEEN 8536275 AND 8536375for range-notcovered
table 1 : explain SELECT k, c FROM sbtest1 WHERE k BETWEEN 8312725 AND 8312825
	Bitmap Heap Scan on sbtest1  (cost=5.52..425.18 rows=106 width=125)
	  Recheck Cond: ((k >= 8312725) AND (k <= 8312825))
	  ->  Bitmap Index Scan on k_1  (cost=0.00..5.50 rows=106 width=0)
	        Index Cond: ((k >= 8312725) AND (k <= 8312825))

table 2 : explain SELECT k, c FROM sbtest2 WHERE k BETWEEN 8312725 AND 8312825
	Bitmap Heap Scan on sbtest2  (cost=5.51..421.25 rows=105 width=125)
	  Recheck Cond: ((k >= 8312725) AND (k <= 8312825))
	  ->  Bitmap Index Scan on k_2  (cost=0.00..5.48 rows=105 width=0)
	        Index Cond: ((k >= 8312725) AND (k <= 8312825))

table 3 : explain SELECT k, c FROM sbtest3 WHERE k BETWEEN 8312725 AND 8312825
	Bitmap Heap Scan on sbtest3  (cost=5.46..401.55 rows=100 width=125)
	  Recheck Cond: ((k >= 8312725) AND (k <= 8312825))
	  ->  Bitmap Index Scan on k_3  (cost=0.00..5.43 rows=100 width=0)
	        Index Cond: ((k >= 8312725) AND (k <= 8312825))

table 4 : explain SELECT k, c FROM sbtest4 WHERE k BETWEEN 8312725 AND 8312825
	Bitmap Heap Scan on sbtest4  (cost=5.45..397.82 rows=99 width=125)
	  Recheck Cond: ((k >= 8312725) AND (k <= 8312825))
	  ->  Bitmap Index Scan on k_4  (cost=0.00..5.42 rows=99 width=0)
	        Index Cond: ((k >= 8312725) AND (k <= 8312825))

table 5 : explain SELECT k, c FROM sbtest5 WHERE k BETWEEN 8312725 AND 8312825
	Bitmap Heap Scan on sbtest5  (cost=5.51..421.50 rows=105 width=125)
	  Recheck Cond: ((k >= 8312725) AND (k <= 8312825))
	  ->  Bitmap Index Scan on k_5  (cost=0.00..5.48 rows=105 width=0)
	        Index Cond: ((k >= 8312725) AND (k <= 8312825))

table 6 : explain SELECT k, c FROM sbtest6 WHERE k BETWEEN 8312725 AND 8312825
	Bitmap Heap Scan on sbtest6  (cost=5.45..397.63 rows=99 width=125)
	  Recheck Cond: ((k >= 8312725) AND (k <= 8312825))
	  ->  Bitmap Index Scan on k_6  (cost=0.00..5.42 rows=99 width=0)
	        Index Cond: ((k >= 8312725) AND (k <= 8312825))

table 7 : explain SELECT k, c FROM sbtest7 WHERE k BETWEEN 8312725 AND 8312825
	Bitmap Heap Scan on sbtest7  (cost=5.47..405.45 rows=101 width=125)
	  Recheck Cond: ((k >= 8312725) AND (k <= 8312825))
	  ->  Bitmap Index Scan on k_7  (cost=0.00..5.44 rows=101 width=0)
	        Index Cond: ((k >= 8312725) AND (k <= 8312825))

table 8 : explain SELECT k, c FROM sbtest8 WHERE k BETWEEN 8312725 AND 8312825
	Bitmap Heap Scan on sbtest8  (cost=5.50..417.31 rows=104 width=125)
	  Recheck Cond: ((k >= 8312725) AND (k <= 8312825))
	  ->  Bitmap Index Scan on k_8  (cost=0.00..5.47 rows=104 width=0)
	        Index Cond: ((k >= 8312725) AND (k <= 8312825))


for range-notcovered
table 1 : explain SELECT k, c FROM sbtest1 WHERE k BETWEEN 5706738 AND 5706838
	Bitmap Heap Scan on sbtest1  (cost=5.52..425.18 rows=106 width=125)
	  Recheck Cond: ((k >= 5706738) AND (k <= 5706838))
	  ->  Bitmap Index Scan on k_1  (cost=0.00..5.50 rows=106 width=0)
	        Index Cond: ((k >= 5706738) AND (k <= 5706838))

table 2 : explain SELECT k, c FROM sbtest2 WHERE k BETWEEN 5706738 AND 5706838
	Bitmap Heap Scan on sbtest2  (cost=5.47..405.48 rows=101 width=125)
	  Recheck Cond: ((k >= 5706738) AND (k <= 5706838))
	  ->  Bitmap Index Scan on k_2  (cost=0.00..5.44 rows=101 width=0)
	        Index Cond: ((k >= 5706738) AND (k <= 5706838))

table 3 : explain SELECT k, c FROM sbtest3 WHERE k BETWEEN 5706738 AND 5706838
	Bitmap Heap Scan on sbtest3  (cost=5.50..417.32 rows=104 width=125)
	  Recheck Cond: ((k >= 5706738) AND (k <= 5706838))
	  ->  Bitmap Index Scan on k_3  (cost=0.00..5.47 rows=104 width=0)
	        Index Cond: ((k >= 5706738) AND (k <= 5706838))

table 4 : explain SELECT k, c FROM sbtest4 WHERE k BETWEEN 5706738 AND 5706838
	Bitmap Heap Scan on sbtest4  (cost=5.48..409.66 rows=102 width=125)
	  Recheck Cond: ((k >= 5706738) AND (k <= 5706838))
	  ->  Bitmap Index Scan on k_4  (cost=0.00..5.45 rows=102 width=0)
	        Index Cond: ((k >= 5706738) AND (k <= 5706838))

table 5 : explain SELECT k, c FROM sbtest5 WHERE k BETWEEN 5706738 AND 5706838
	Bitmap Heap Scan on sbtest5  (cost=5.37..366.22 rows=91 width=125)
	  Recheck Cond: ((k >= 5706738) AND (k <= 5706838))
	  ->  Bitmap Index Scan on k_5  (cost=0.00..5.34 rows=91 width=0)
	        Index Cond: ((k >= 5706738) AND (k <= 5706838))

table 6 : explain SELECT k, c FROM sbtest6 WHERE k BETWEEN 5706738 AND 5706838
	Bitmap Heap Scan on sbtest6  (cost=5.50..417.35 rows=104 width=125)
	  Recheck Cond: ((k >= 5706738) AND (k <= 5706838))
	  ->  Bitmap Index Scan on k_6  (cost=0.00..5.47 rows=104 width=0)
	        Index Cond: ((k >= 5706738) AND (k <= 5706838))

table 7 : explain SELECT k, c FROM sbtest7 WHERE k BETWEEN 5706738 AND 5706838
	Bitmap Heap Scan on sbtest7  (cost=5.49..413.34 rows=103 width=125)
	  Recheck Cond: ((k >= 5706738) AND (k <= 5706838))
	  ->  Bitmap Index Scan on k_7  (cost=0.00..5.46 rows=103 width=0)
	        Index Cond: ((k >= 5706738) AND (k <= 5706838))

table 8 : explain SELECT k, c FROM sbtest8 WHERE k BETWEEN 5706738 AND 5706838
	Bitmap Heap Scan on sbtest8  (cost=5.50..417.31 rows=104 width=125)
	  Recheck Cond: ((k >= 5706738) AND (k <= 5706838))
	  ->  Bitmap Index Scan on k_8  (cost=0.00..5.47 rows=104 width=0)
	        Index Cond: ((k >= 5706738) AND (k <= 5706838))
for range-notcovered
table 1 : explain SELECT k, c FROM sbtest1 WHERE k BETWEEN 7465771 AND 7465871
	Bitmap Heap Scan on sbtest1  (cost=5.62..464.57 rows=116 width=125)
	  Recheck Cond: ((k >= 7465771) AND (k <= 7465871))
	  ->  Bitmap Index Scan on k_1  (cost=0.00..5.59 rows=116 width=0)
	        Index Cond: ((k >= 7465771) AND (k <= 7465871))

table 2 : explain SELECT k, c FROM sbtest2 WHERE k BETWEEN 7465771 AND 7465871
	Bitmap Heap Scan on sbtest2  (cost=5.41..381.81 rows=95 width=125)
	  Recheck Cond: ((k >= 7465771) AND (k <= 7465871))
	  ->  Bitmap Index Scan on k_2  (cost=0.00..5.38 rows=95 width=0)
	        Index Cond: ((k >= 7465771) AND (k <= 7465871))

table 3 : explain SELECT k, c FROM sbtest3 WHERE k BETWEEN 7465771 AND 7465871
	Bitmap Heap Scan on sbtest3  (cost=5.47..405.49 rows=101 width=125)
	  Recheck Cond: ((k >= 7465771) AND (k <= 7465871))
	  ->  Bitmap Index Scan on k_3  (cost=0.00..5.44 rows=101 width=0)
	        Index Cond: ((k >= 7465771) AND (k <= 7465871))

table 4 : explain SELECT k, c FROM sbtest4 WHERE k BETWEEN 7465771 AND 7465871
	Bitmap Heap Scan on sbtest4  (cost=5.49..413.60 rows=103 width=125)
	  Recheck Cond: ((k >= 7465771) AND (k <= 7465871))
	  ->  Bitmap Index Scan on k_4  (cost=0.00..5.46 rows=103 width=0)
	        Index Cond: ((k >= 7465771) AND (k <= 7465871))

table 5 : explain SELECT k, c FROM sbtest5 WHERE k BETWEEN 7465771 AND 7465871
	Bitmap Heap Scan on sbtest5  (cost=5.48..409.66 rows=102 width=125)
	  Recheck Cond: ((k >= 7465771) AND (k <= 7465871))
	  ->  Bitmap Index Scan on k_5  (cost=0.00..5.45 rows=102 width=0)
	        Index Cond: ((k >= 7465771) AND (k <= 7465871))

table 6 : explain SELECT k, c FROM sbtest6 WHERE k BETWEEN 7465771 AND 7465871
	Bitmap Heap Scan on sbtest6  (cost=5.50..417.35 rows=104 width=125)
	  Recheck Cond: ((k >= 7465771) AND (k <= 7465871))
	  ->  Bitmap Index Scan on k_6  (cost=0.00..5.47 rows=104 width=0)
	        Index Cond: ((k >= 7465771) AND (k <= 7465871))

table 7 : explain SELECT k, c FROM sbtest7 WHERE k BETWEEN 7465771 AND 7465871
	Bitmap Heap Scan on sbtest7  (cost=5.43..389.68 rows=97 width=125)
	  Recheck Cond: ((k >= 7465771) AND (k <= 7465871))
	  ->  Bitmap Index Scan on k_7  (cost=0.00..5.40 rows=97 width=0)
	        Index Cond: ((k >= 7465771) AND (k <= 7465871))

table 8 : explain SELECT k, c FROM sbtest8 WHERE k BETWEEN 7465771 AND 7465871
	Bitmap Heap Scan on sbtest8  (cost=5.48..409.42 rows=102 width=125)
	  Recheck Cond: ((k >= 7465771) AND (k <= 7465871))
	  ->  Bitmap Index Scan on k_8  (cost=0.00..5.45 rows=102 width=0)
	        Index Cond: ((k >= 7465771) AND (k <= 7465871))

for range-notcovered
table 1 : explain SELECT k, c FROM sbtest1 WHERE k BETWEEN 6339179 AND 6339279
	Bitmap Heap Scan on sbtest1  (cost=5.47..405.46 rows=101 width=125)
	  Recheck Cond: ((k >= 6339179) AND (k <= 6339279))
	  ->  Bitmap Index Scan on k_1  (cost=0.00..5.44 rows=101 width=0)
	        Index Cond: ((k >= 6339179) AND (k <= 6339279))

table 2 : explain SELECT k, c FROM sbtest2 WHERE k BETWEEN 6339179 AND 6339279
	Bitmap Heap Scan on sbtest2  (cost=5.43..389.70 rows=97 width=125)
	  Recheck Cond: ((k >= 6339179) AND (k <= 6339279))
	  ->  Bitmap Index Scan on k_2  (cost=0.00..5.40 rows=97 width=0)
	        Index Cond: ((k >= 6339179) AND (k <= 6339279))

table 3 : explain SELECT k, c FROM sbtest3 WHERE k BETWEEN 6339179 AND 6339279
	Bitmap Heap Scan on sbtest3  (cost=5.67..480.35 rows=120 width=125)
	  Recheck Cond: ((k >= 6339179) AND (k <= 6339279))
	  ->  Bitmap Index Scan on k_3  (cost=0.00..5.63 rows=120 width=0)
	        Index Cond: ((k >= 6339179) AND (k <= 6339279))

table 4 : explain SELECT k, c FROM sbtest4 WHERE k BETWEEN 6339179 AND 6339279
	Bitmap Heap Scan on sbtest4  (cost=5.43..389.92 rows=97 width=125)
	  Recheck Cond: ((k >= 6339179) AND (k <= 6339279))
	  ->  Bitmap Index Scan on k_4  (cost=0.00..5.40 rows=97 width=0)
	        Index Cond: ((k >= 6339179) AND (k <= 6339279))

table 5 : explain SELECT k, c FROM sbtest5 WHERE k BETWEEN 6339179 AND 6339279
	Bitmap Heap Scan on sbtest5  (cost=5.45..397.82 rows=99 width=125)
	  Recheck Cond: ((k >= 6339179) AND (k <= 6339279))
	  ->  Bitmap Index Scan on k_5  (cost=0.00..5.42 rows=99 width=0)
	        Index Cond: ((k >= 6339179) AND (k <= 6339279))

table 6 : explain SELECT k, c FROM sbtest6 WHERE k BETWEEN 6339179 AND 6339279
	Bitmap Heap Scan on sbtest6  (cost=5.41..381.84 rows=95 width=125)
	  Recheck Cond: ((k >= 6339179) AND (k <= 6339279))
	  ->  Bitmap Index Scan on k_6  (cost=0.00..5.38 rows=95 width=0)
	        Index Cond: ((k >= 6339179) AND (k <= 6339279))

table 7 : explain SELECT k, c FROM sbtest7 WHERE k BETWEEN 6339179 AND 6339279
	Bitmap Heap Scan on sbtest7  (cost=5.54..433.05 rows=108 width=125)
	  Recheck Cond: ((k >= 6339179) AND (k <= 6339279))
	  ->  Bitmap Index Scan on k_7  (cost=0.00..5.51 rows=108 width=0)
	        Index Cond: ((k >= 6339179) AND (k <= 6339279))

table 8 : explain SELECT k, c FROM sbtest8 WHERE k BETWEEN 6339179 AND 6339279
	Bitmap Heap Scan on sbtest8  (cost=5.39..373.92 rows=93 width=125)
	  Recheck Cond: ((k >= 6339179) AND (k <= 6339279))
	  ->  Bitmap Index Scan on k_8  (cost=0.00..5.36 rows=93 width=0)
	        Index Cond: ((k >= 6339179) AND (k <= 6339279))


explain: for range-notcovered :: explain SELECT k, c FROM sbtest%d WHERE k BETWEEN 8312725 AND 8312825
for range-notcovered
table 1 : explain SELECT k, c FROM sbtest1 WHERE k BETWEEN 3731536 AND 3731636
	Bitmap Heap Scan on sbtest1  (cost=5.57..444.88 rows=111 width=125)
	  Recheck Cond: ((k >= 3731536) AND (k <= 3731636))
	  ->  Bitmap Index Scan on k_1  (cost=0.00..5.54 rows=111 width=0)
	        Index Cond: ((k >= 3731536) AND (k <= 3731636))

table 2 : explain SELECT k, c FROM sbtest2 WHERE k BETWEEN 3731536 AND 3731636
	Bitmap Heap Scan on sbtest2  (cost=5.39..373.92 rows=93 width=125)
	  Recheck Cond: ((k >= 3731536) AND (k <= 3731636))
	  ->  Bitmap Index Scan on k_2  (cost=0.00..5.36 rows=93 width=0)
	        Index Cond: ((k >= 3731536) AND (k <= 3731636))

table 3 : explain SELECT k, c FROM sbtest3 WHERE k BETWEEN 3731536 AND 3731636
	Bitmap Heap Scan on sbtest3  (cost=5.42..385.77 rows=96 width=125)
	  Recheck Cond: ((k >= 3731536) AND (k <= 3731636))
	  ->  Bitmap Index Scan on k_3  (cost=0.00..5.39 rows=96 width=0)
	        Index Cond: ((k >= 3731536) AND (k <= 3731636))

table 4 : explain SELECT k, c FROM sbtest4 WHERE k BETWEEN 3731536 AND 3731636
	Bitmap Heap Scan on sbtest4  (cost=5.41..382.02 rows=95 width=125)
	  Recheck Cond: ((k >= 3731536) AND (k <= 3731636))
	  ->  Bitmap Index Scan on k_4  (cost=0.00..5.38 rows=95 width=0)
	        Index Cond: ((k >= 3731536) AND (k <= 3731636))

table 5 : explain SELECT k, c FROM sbtest5 WHERE k BETWEEN 3731536 AND 3731636
	Bitmap Heap Scan on sbtest5  (cost=5.64..472.76 rows=118 width=125)
	  Recheck Cond: ((k >= 3731536) AND (k <= 3731636))
	  ->  Bitmap Index Scan on k_5  (cost=0.00..5.61 rows=118 width=0)
	        Index Cond: ((k >= 3731536) AND (k <= 3731636))

table 6 : explain SELECT k, c FROM sbtest6 WHERE k BETWEEN 3731536 AND 3731636
	Bitmap Heap Scan on sbtest6  (cost=5.44..393.68 rows=98 width=125)
	  Recheck Cond: ((k >= 3731536) AND (k <= 3731636))
	  ->  Bitmap Index Scan on k_6  (cost=0.00..5.42 rows=98 width=0)
	        Index Cond: ((k >= 3731536) AND (k <= 3731636))

table 7 : explain SELECT k, c FROM sbtest7 WHERE k BETWEEN 3731536 AND 3731636
	Bitmap Heap Scan on sbtest7  (cost=5.53..429.10 rows=107 width=125)
	  Recheck Cond: ((k >= 3731536) AND (k <= 3731636))
	  ->  Bitmap Index Scan on k_7  (cost=0.00..5.50 rows=107 width=0)
	        Index Cond: ((k >= 3731536) AND (k <= 3731636))

table 8 : explain SELECT k, c FROM sbtest8 WHERE k BETWEEN 3731536 AND 3731636
	Bitmap Heap Scan on sbtest8  (cost=5.37..366.02 rows=91 width=125)
	  Recheck Cond: ((k >= 3731536) AND (k <= 3731636))
	  ->  Bitmap Index Scan on k_8  (cost=0.00..5.34 rows=91 width=0)
	        Index Cond: ((k >= 3731536) AND (k <= 3731636))

for range-notcovered
table 1 : explain SELECT k, c FROM sbtest1 WHERE k BETWEEN 4134095 AND 4134195
	Bitmap Heap Scan on sbtest1  (cost=5.43..389.69 rows=97 width=125)
	  Recheck Cond: ((k >= 4134095) AND (k <= 4134195))
	  ->  Bitmap Index Scan on k_1  (cost=0.00..5.40 rows=97 width=0)
	        Index Cond: ((k >= 4134095) AND (k <= 4134195))

table 2 : explain SELECT k, c FROM sbtest2 WHERE k BETWEEN 4134095 AND 4134195
	Bitmap Heap Scan on sbtest2  (cost=5.46..401.54 rows=100 width=125)
	  Recheck Cond: ((k >= 4134095) AND (k <= 4134195))
	  ->  Bitmap Index Scan on k_2  (cost=0.00..5.43 rows=100 width=0)
	        Index Cond: ((k >= 4134095) AND (k <= 4134195))

table 3 : explain SELECT k, c FROM sbtest3 WHERE k BETWEEN 4134095 AND 4134195
	Bitmap Heap Scan on sbtest3  (cost=5.54..433.09 rows=108 width=125)
	  Recheck Cond: ((k >= 4134095) AND (k <= 4134195))
	  ->  Bitmap Index Scan on k_3  (cost=0.00..5.51 rows=108 width=0)
	        Index Cond: ((k >= 4134095) AND (k <= 4134195))

table 4 : explain SELECT k, c FROM sbtest4 WHERE k BETWEEN 4134095 AND 4134195
	Bitmap Heap Scan on sbtest4  (cost=5.44..393.87 rows=98 width=125)
	  Recheck Cond: ((k >= 4134095) AND (k <= 4134195))
	  ->  Bitmap Index Scan on k_4  (cost=0.00..5.42 rows=98 width=0)
	        Index Cond: ((k >= 4134095) AND (k <= 4134195))

table 5 : explain SELECT k, c FROM sbtest5 WHERE k BETWEEN 4134095 AND 4134195
	Bitmap Heap Scan on sbtest5  (cost=5.51..421.50 rows=105 width=125)
	  Recheck Cond: ((k >= 4134095) AND (k <= 4134195))
	  ->  Bitmap Index Scan on k_5  (cost=0.00..5.48 rows=105 width=0)
	        Index Cond: ((k >= 4134095) AND (k <= 4134195))

table 6 : explain SELECT k, c FROM sbtest6 WHERE k BETWEEN 4134095 AND 4134195
	Bitmap Heap Scan on sbtest6  (cost=5.42..385.79 rows=96 width=125)
	  Recheck Cond: ((k >= 4134095) AND (k <= 4134195))
	  ->  Bitmap Index Scan on k_6  (cost=0.00..5.39 rows=96 width=0)
	        Index Cond: ((k >= 4134095) AND (k <= 4134195))

table 7 : explain SELECT k, c FROM sbtest7 WHERE k BETWEEN 4134095 AND 4134195
	Bitmap Heap Scan on sbtest7  (cost=5.51..421.22 rows=105 width=125)
	  Recheck Cond: ((k >= 4134095) AND (k <= 4134195))
	  ->  Bitmap Index Scan on k_7  (cost=0.00..5.48 rows=105 width=0)
	        Index Cond: ((k >= 4134095) AND (k <= 4134195))

table 8 : explain SELECT k, c FROM sbtest8 WHERE k BETWEEN 4134095 AND 4134195
	Bitmap Heap Scan on sbtest8  (cost=5.54..433.07 rows=108 width=125)
	  Recheck Cond: ((k >= 4134095) AND (k <= 4134195))
	  ->  Bitmap Index Scan on k_8  (cost=0.00..5.51 rows=108 width=0)
	        Index Cond: ((k >= 4134095) AND (k <= 4134195))

explain: for range-notcovered :: explain SELECT k, c FROM sbtest%d WHERE k BETWEEN 6339179 AND 6339279
explain: for range-notcovered :: explain SELECT k, c FROM sbtest%d WHERE k BETWEEN 3731536 AND 3731636
for range-notcovered
table 1 : explain SELECT k, c FROM sbtest1 WHERE k BETWEEN 4686524 AND 4686624
	Bitmap Heap Scan on sbtest1  (cost=5.50..417.29 rows=104 width=125)
	  Recheck Cond: ((k >= 4686524) AND (k <= 4686624))
	  ->  Bitmap Index Scan on k_1  (cost=0.00..5.47 rows=104 width=0)
	        Index Cond: ((k >= 4686524) AND (k <= 4686624))

table 2 : explain SELECT k, c FROM sbtest2 WHERE k BETWEEN 4686524 AND 4686624
	Bitmap Heap Scan on sbtest2  (cost=5.41..381.81 rows=95 width=125)
	  Recheck Cond: ((k >= 4686524) AND (k <= 4686624))
	  ->  Bitmap Index Scan on k_2  (cost=0.00..5.38 rows=95 width=0)
	        Index Cond: ((k >= 4686524) AND (k <= 4686624))

table 3 : explain SELECT k, c FROM sbtest3 WHERE k BETWEEN 4686524 AND 4686624
	Bitmap Heap Scan on sbtest3  (cost=5.46..401.55 rows=100 width=125)
	  Recheck Cond: ((k >= 4686524) AND (k <= 4686624))
	  ->  Bitmap Index Scan on k_3  (cost=0.00..5.43 rows=100 width=0)
	        Index Cond: ((k >= 4686524) AND (k <= 4686624))

table 4 : explain SELECT k, c FROM sbtest4 WHERE k BETWEEN 4686524 AND 4686624
	Bitmap Heap Scan on sbtest4  (cost=5.39..374.12 rows=93 width=125)
	  Recheck Cond: ((k >= 4686524) AND (k <= 4686624))
	  ->  Bitmap Index Scan on k_4  (cost=0.00..5.36 rows=93 width=0)
	        Index Cond: ((k >= 4686524) AND (k <= 4686624))

table 5 : explain SELECT k, c FROM sbtest5 WHERE k BETWEEN 4686524 AND 4686624
	Bitmap Heap Scan on sbtest5  (cost=5.44..393.87 rows=98 width=125)
	  Recheck Cond: ((k >= 4686524) AND (k <= 4686624))
	  ->  Bitmap Index Scan on k_5  (cost=0.00..5.42 rows=98 width=0)
	        Index Cond: ((k >= 4686524) AND (k <= 4686624))

table 6 : explain SELECT k, c FROM sbtest6 WHERE k BETWEEN 4686524 AND 4686624
	Bitmap Heap Scan on sbtest6  (cost=5.41..381.84 rows=95 width=125)
	  Recheck Cond: ((k >= 4686524) AND (k <= 4686624))
	  ->  Bitmap Index Scan on k_6  (cost=0.00..5.38 rows=95 width=0)
	        Index Cond: ((k >= 4686524) AND (k <= 4686624))

table 7 : explain SELECT k, c FROM sbtest7 WHERE k BETWEEN 4686524 AND 4686624
	Bitmap Heap Scan on sbtest7  (cost=5.37..366.00 rows=91 width=125)
	  Recheck Cond: ((k >= 4686524) AND (k <= 4686624))
	  ->  Bitmap Index Scan on k_7  (cost=0.00..5.34 rows=91 width=0)
	        Index Cond: ((k >= 4686524) AND (k <= 4686624))

table 8 : explain SELECT k, c FROM sbtest8 WHERE k BETWEEN 4686524 AND 4686624
	Bitmap Heap Scan on sbtest8  (cost=5.45..397.59 rows=99 width=125)
	  Recheck Cond: ((k >= 4686524) AND (k <= 4686624))
	  ->  Bitmap Index Scan on k_8  (cost=0.00..5.42 rows=99 width=0)
	        Index Cond: ((k >= 4686524) AND (k <= 4686624))

explain: for range-notcovered :: explain SELECT k, c FROM sbtest%d WHERE k BETWEEN 4134095 AND 4134195
for range-notcovered
table 1 : explain SELECT k, c FROM sbtest1 WHERE k BETWEEN 9039001 AND 9039101
	Bitmap Heap Scan on sbtest1  (cost=5.53..429.12 rows=107 width=125)
	  Recheck Cond: ((k >= 9039001) AND (k <= 9039101))
	  ->  Bitmap Index Scan on k_1  (cost=0.00..5.50 rows=107 width=0)
	        Index Cond: ((k >= 9039001) AND (k <= 9039101))

table 2 : explain SELECT k, c FROM sbtest2 WHERE k BETWEEN 9039001 AND 9039101
	Bitmap Heap Scan on sbtest2  (cost=5.53..429.14 rows=107 width=125)
	  Recheck Cond: ((k >= 9039001) AND (k <= 9039101))
	  ->  Bitmap Index Scan on k_2  (cost=0.00..5.50 rows=107 width=0)
	        Index Cond: ((k >= 9039001) AND (k <= 9039101))

table 3 : explain SELECT k, c FROM sbtest3 WHERE k BETWEEN 9039001 AND 9039101
	Bitmap Heap Scan on sbtest3  (cost=5.52..425.21 rows=106 width=125)
	  Recheck Cond: ((k >= 9039001) AND (k <= 9039101))
	  ->  Bitmap Index Scan on k_3  (cost=0.00..5.50 rows=106 width=0)
	        Index Cond: ((k >= 9039001) AND (k <= 9039101))

table 4 : explain SELECT k, c FROM sbtest4 WHERE k BETWEEN 9039001 AND 9039101
	Bitmap Heap Scan on sbtest4  (cost=5.42..385.97 rows=96 width=125)
	  Recheck Cond: ((k >= 9039001) AND (k <= 9039101))
	  ->  Bitmap Index Scan on k_4  (cost=0.00..5.39 rows=96 width=0)
	        Index Cond: ((k >= 9039001) AND (k <= 9039101))

table 5 : explain SELECT k, c FROM sbtest5 WHERE k BETWEEN 9039001 AND 9039101
	Bitmap Heap Scan on sbtest5  (cost=5.52..425.44 rows=106 width=125)
	  Recheck Cond: ((k >= 9039001) AND (k <= 9039101))
	  ->  Bitmap Index Scan on k_5  (cost=0.00..5.50 rows=106 width=0)
	        Index Cond: ((k >= 9039001) AND (k <= 9039101))

table 6 : explain SELECT k, c FROM sbtest6 WHERE k BETWEEN 9039001 AND 9039101
	Bitmap Heap Scan on sbtest6  (cost=5.45..397.63 rows=99 width=125)
	  Recheck Cond: ((k >= 9039001) AND (k <= 9039101))
	  ->  Bitmap Index Scan on k_6  (cost=0.00..5.42 rows=99 width=0)
	        Index Cond: ((k >= 9039001) AND (k <= 9039101))

table 7 : explain SELECT k, c FROM sbtest7 WHERE k BETWEEN 9039001 AND 9039101
	Bitmap Heap Scan on sbtest7  (cost=5.52..425.16 rows=106 width=125)
	  Recheck Cond: ((k >= 9039001) AND (k <= 9039101))
	  ->  Bitmap Index Scan on k_7  (cost=0.00..5.50 rows=106 width=0)
	        Index Cond: ((k >= 9039001) AND (k <= 9039101))

table 8 : explain SELECT k, c FROM sbtest8 WHERE k BETWEEN 9039001 AND 9039101
	Bitmap Heap Scan on sbtest8  (cost=5.46..401.53 rows=100 width=125)
	  Recheck Cond: ((k >= 9039001) AND (k <= 9039101))
	  ->  Bitmap Index Scan on k_8  (cost=0.00..5.43 rows=100 width=0)
	        Index Cond: ((k >= 9039001) AND (k <= 9039101))

explain: for range-notcovered :: explain SELECT k, c FROM sbtest%d WHERE k BETWEEN 4686524 AND 4686624
for range-notcovered
table 1 : explain SELECT k, c FROM sbtest1 WHERE k BETWEEN 5644186 AND 5644286
	Bitmap Heap Scan on sbtest1  (cost=5.49..413.35 rows=103 width=125)
	  Recheck Cond: ((k >= 5644186) AND (k <= 5644286))
	  ->  Bitmap Index Scan on k_1  (cost=0.00..5.46 rows=103 width=0)
	        Index Cond: ((k >= 5644186) AND (k <= 5644286))

table 2 : explain SELECT k, c FROM sbtest2 WHERE k BETWEEN 5644186 AND 5644286
	Bitmap Heap Scan on sbtest2  (cost=5.47..405.48 rows=101 width=125)
	  Recheck Cond: ((k >= 5644186) AND (k <= 5644286))
	  ->  Bitmap Index Scan on k_2  (cost=0.00..5.44 rows=101 width=0)
	        Index Cond: ((k >= 5644186) AND (k <= 5644286))

table 3 : explain SELECT k, c FROM sbtest3 WHERE k BETWEEN 5644186 AND 5644286
	Bitmap Heap Scan on sbtest3  (cost=5.47..405.49 rows=101 width=125)
	  Recheck Cond: ((k >= 5644186) AND (k <= 5644286))
	  ->  Bitmap Index Scan on k_3  (cost=0.00..5.44 rows=101 width=0)
	        Index Cond: ((k >= 5644186) AND (k <= 5644286))

table 4 : explain SELECT k, c FROM sbtest4 WHERE k BETWEEN 5644186 AND 5644286
	Bitmap Heap Scan on sbtest4  (cost=5.56..441.22 rows=110 width=125)
	  Recheck Cond: ((k >= 5644186) AND (k <= 5644286))
	  ->  Bitmap Index Scan on k_4  (cost=0.00..5.53 rows=110 width=0)
	        Index Cond: ((k >= 5644186) AND (k <= 5644286))

table 5 : explain SELECT k, c FROM sbtest5 WHERE k BETWEEN 5644186 AND 5644286
	Bitmap Heap Scan on sbtest5  (cost=5.46..401.77 rows=100 width=125)
	  Recheck Cond: ((k >= 5644186) AND (k <= 5644286))
	  ->  Bitmap Index Scan on k_5  (cost=0.00..5.43 rows=100 width=0)
	        Index Cond: ((k >= 5644186) AND (k <= 5644286))

table 6 : explain SELECT k, c FROM sbtest6 WHERE k BETWEEN 5644186 AND 5644286
	Bitmap Heap Scan on sbtest6  (cost=5.50..417.35 rows=104 width=125)
	  Recheck Cond: ((k >= 5644186) AND (k <= 5644286))
	  ->  Bitmap Index Scan on k_6  (cost=0.00..5.47 rows=104 width=0)
	        Index Cond: ((k >= 5644186) AND (k <= 5644286))

table 7 : explain SELECT k, c FROM sbtest7 WHERE k BETWEEN 5644186 AND 5644286
	Bitmap Heap Scan on sbtest7  (cost=5.49..413.34 rows=103 width=125)
	  Recheck Cond: ((k >= 5644186) AND (k <= 5644286))
	  ->  Bitmap Index Scan on k_7  (cost=0.00..5.46 rows=103 width=0)
	        Index Cond: ((k >= 5644186) AND (k <= 5644286))

table 8 : explain SELECT k, c FROM sbtest8 WHERE k BETWEEN 5644186 AND 5644286
	Bitmap Heap Scan on sbtest8  (cost=5.57..444.89 rows=111 width=125)
	  Recheck Cond: ((k >= 5644186) AND (k <= 5644286))
	  ->  Bitmap Index Scan on k_8  (cost=0.00..5.54 rows=111 width=0)
	        Index Cond: ((k >= 5644186) AND (k <= 5644286))

explain: for range-notcovered :: explain SELECT k, c FROM sbtest%d WHERE k BETWEEN 5644186 AND 5644286
for range-notcovered
table 1 : explain SELECT k, c FROM sbtest1 WHERE k BETWEEN 4019169 AND 4019269
	Bitmap Heap Scan on sbtest1  (cost=5.49..413.35 rows=103 width=125)
	  Recheck Cond: ((k >= 4019169) AND (k <= 4019269))
	  ->  Bitmap Index Scan on k_1  (cost=0.00..5.46 rows=103 width=0)
	        Index Cond: ((k >= 4019169) AND (k <= 4019269))

table 2 : explain SELECT k, c FROM sbtest2 WHERE k BETWEEN 4019169 AND 4019269
	Bitmap Heap Scan on sbtest2  (cost=5.46..401.54 rows=100 width=125)
	  Recheck Cond: ((k >= 4019169) AND (k <= 4019269))
	  ->  Bitmap Index Scan on k_2  (cost=0.00..5.43 rows=100 width=0)
	        Index Cond: ((k >= 4019169) AND (k <= 4019269))

table 3 : explain SELECT k, c FROM sbtest3 WHERE k BETWEEN 4019169 AND 4019269
	Bitmap Heap Scan on sbtest3  (cost=5.56..440.97 rows=110 width=125)
	  Recheck Cond: ((k >= 4019169) AND (k <= 4019269))
	  ->  Bitmap Index Scan on k_3  (cost=0.00..5.53 rows=110 width=0)
	        Index Cond: ((k >= 4019169) AND (k <= 4019269))

table 4 : explain SELECT k, c FROM sbtest4 WHERE k BETWEEN 4019169 AND 4019269
	Bitmap Heap Scan on sbtest4  (cost=5.40..378.07 rows=94 width=125)
	  Recheck Cond: ((k >= 4019169) AND (k <= 4019269))
	  ->  Bitmap Index Scan on k_4  (cost=0.00..5.38 rows=94 width=0)
	        Index Cond: ((k >= 4019169) AND (k <= 4019269))

table 5 : explain SELECT k, c FROM sbtest5 WHERE k BETWEEN 4019169 AND 4019269
	Bitmap Heap Scan on sbtest5  (cost=5.48..409.66 rows=102 width=125)
	  Recheck Cond: ((k >= 4019169) AND (k <= 4019269))
	  ->  Bitmap Index Scan on k_5  (cost=0.00..5.45 rows=102 width=0)
	        Index Cond: ((k >= 4019169) AND (k <= 4019269))

table 6 : explain SELECT k, c FROM sbtest6 WHERE k BETWEEN 4019169 AND 4019269
	Bitmap Heap Scan on sbtest6  (cost=5.43..389.74 rows=97 width=125)
	  Recheck Cond: ((k >= 4019169) AND (k <= 4019269))
	  ->  Bitmap Index Scan on k_6  (cost=0.00..5.40 rows=97 width=0)
	        Index Cond: ((k >= 4019169) AND (k <= 4019269))

table 7 : explain SELECT k, c FROM sbtest7 WHERE k BETWEEN 4019169 AND 4019269
	Bitmap Heap Scan on sbtest7  (cost=5.51..421.22 rows=105 width=125)
	  Recheck Cond: ((k >= 4019169) AND (k <= 4019269))
	  ->  Bitmap Index Scan on k_7  (cost=0.00..5.48 rows=105 width=0)
	        Index Cond: ((k >= 4019169) AND (k <= 4019269))

table 8 : explain SELECT k, c FROM sbtest8 WHERE k BETWEEN 4019169 AND 4019269
	Bitmap Heap Scan on sbtest8  (cost=5.47..405.48 rows=101 width=125)
	  Recheck Cond: ((k >= 4019169) AND (k <= 4019269))
	  ->  Bitmap Index Scan on k_8  (cost=0.00..5.44 rows=101 width=0)
	        Index Cond: ((k >= 4019169) AND (k <= 4019269))

for range-notcovered
table 1 : explain SELECT k, c FROM sbtest1 WHERE k BETWEEN 1363981 AND 1364081
	Bitmap Heap Scan on sbtest1  (cost=5.46..401.52 rows=100 width=125)
	  Recheck Cond: ((k >= 1363981) AND (k <= 1364081))
	  ->  Bitmap Index Scan on k_1  (cost=0.00..5.43 rows=100 width=0)
	        Index Cond: ((k >= 1363981) AND (k <= 1364081))

table 2 : explain SELECT k, c FROM sbtest2 WHERE k BETWEEN 1363981 AND 1364081
	Bitmap Heap Scan on sbtest2  (cost=5.45..397.59 rows=99 width=125)
	  Recheck Cond: ((k >= 1363981) AND (k <= 1364081))
	  ->  Bitmap Index Scan on k_2  (cost=0.00..5.42 rows=99 width=0)
	        Index Cond: ((k >= 1363981) AND (k <= 1364081))

table 3 : explain SELECT k, c FROM sbtest3 WHERE k BETWEEN 1363981 AND 1364081
	Bitmap Heap Scan on sbtest3  (cost=5.62..464.61 rows=116 width=125)
	  Recheck Cond: ((k >= 1363981) AND (k <= 1364081))
	  ->  Bitmap Index Scan on k_3  (cost=0.00..5.59 rows=116 width=0)
	        Index Cond: ((k >= 1363981) AND (k <= 1364081))

table 4 : explain SELECT k, c FROM sbtest4 WHERE k BETWEEN 1363981 AND 1364081
	Bitmap Heap Scan on sbtest4  (cost=5.53..429.39 rows=107 width=125)
	  Recheck Cond: ((k >= 1363981) AND (k <= 1364081))
	  ->  Bitmap Index Scan on k_4  (cost=0.00..5.50 rows=107 width=0)
	        Index Cond: ((k >= 1363981) AND (k <= 1364081))

table 5 : explain SELECT k, c FROM sbtest5 WHERE k BETWEEN 1363981 AND 1364081
	Bitmap Heap Scan on sbtest5  (cost=5.45..397.82 rows=99 width=125)
	  Recheck Cond: ((k >= 1363981) AND (k <= 1364081))
	  ->  Bitmap Index Scan on k_5  (cost=0.00..5.42 rows=99 width=0)
	        Index Cond: ((k >= 1363981) AND (k <= 1364081))

table 6 : explain SELECT k, c FROM sbtest6 WHERE k BETWEEN 1363981 AND 1364081
	Bitmap Heap Scan on sbtest6  (cost=5.52..425.23 rows=106 width=125)
	  Recheck Cond: ((k >= 1363981) AND (k <= 1364081))
	  ->  Bitmap Index Scan on k_6  (cost=0.00..5.50 rows=106 width=0)
	        Index Cond: ((k >= 1363981) AND (k <= 1364081))

table 7 : explain SELECT k, c FROM sbtest7 WHERE k BETWEEN 1363981 AND 1364081
	Bitmap Heap Scan on sbtest7  (cost=5.46..401.51 rows=100 width=125)
	  Recheck Cond: ((k >= 1363981) AND (k <= 1364081))
	  ->  Bitmap Index Scan on k_7  (cost=0.00..5.43 rows=100 width=0)
	        Index Cond: ((k >= 1363981) AND (k <= 1364081))

table 8 : explain SELECT k, c FROM sbtest8 WHERE k BETWEEN 1363981 AND 1364081
	Bitmap Heap Scan on sbtest8  (cost=5.53..429.13 rows=107 width=125)
	  Recheck Cond: ((k >= 1363981) AND (k <= 1364081))
	  ->  Bitmap Index Scan on k_8  (cost=0.00..5.50 rows=107 width=0)
	        Index Cond: ((k >= 1363981) AND (k <= 1364081))

for range-notcovered
table 1 : explain SELECT k, c FROM sbtest1 WHERE k BETWEEN 3530048 AND 3530148
	Bitmap Heap Scan on sbtest1  (cost=5.35..358.12 rows=89 width=125)
	  Recheck Cond: ((k >= 3530048) AND (k <= 3530148))
	  ->  Bitmap Index Scan on k_1  (cost=0.00..5.32 rows=89 width=0)
	        Index Cond: ((k >= 3530048) AND (k <= 3530148))

table 2 : explain SELECT k, c FROM sbtest2 WHERE k BETWEEN 3530048 AND 3530148
	Bitmap Heap Scan on sbtest2  (cost=5.46..401.54 rows=100 width=125)
	  Recheck Cond: ((k >= 3530048) AND (k <= 3530148))
	  ->  Bitmap Index Scan on k_2  (cost=0.00..5.43 rows=100 width=0)
	        Index Cond: ((k >= 3530048) AND (k <= 3530148))

table 3 : explain SELECT k, c FROM sbtest3 WHERE k BETWEEN 3530048 AND 3530148
	Bitmap Heap Scan on sbtest3  (cost=5.42..385.77 rows=96 width=125)
	  Recheck Cond: ((k >= 3530048) AND (k <= 3530148))
	  ->  Bitmap Index Scan on k_3  (cost=0.00..5.39 rows=96 width=0)
	        Index Cond: ((k >= 3530048) AND (k <= 3530148))

table 4 : explain SELECT k, c FROM sbtest4 WHERE k BETWEEN 3530048 AND 3530148
	Bitmap Heap Scan on sbtest4  (cost=5.57..445.16 rows=111 width=125)
	  Recheck Cond: ((k >= 3530048) AND (k <= 3530148))
	  ->  Bitmap Index Scan on k_4  (cost=0.00..5.54 rows=111 width=0)
	        Index Cond: ((k >= 3530048) AND (k <= 3530148))

table 5 : explain SELECT k, c FROM sbtest5 WHERE k BETWEEN 3530048 AND 3530148
	Bitmap Heap Scan on sbtest5  (cost=5.41..382.02 rows=95 width=125)
	  Recheck Cond: ((k >= 3530048) AND (k <= 3530148))
	  ->  Bitmap Index Scan on k_5  (cost=0.00..5.38 rows=95 width=0)
	        Index Cond: ((k >= 3530048) AND (k <= 3530148))

table 6 : explain SELECT k, c FROM sbtest6 WHERE k BETWEEN 3530048 AND 3530148
	Bitmap Heap Scan on sbtest6  (cost=5.44..393.68 rows=98 width=125)
	  Recheck Cond: ((k >= 3530048) AND (k <= 3530148))
	  ->  Bitmap Index Scan on k_6  (cost=0.00..5.42 rows=98 width=0)
	        Index Cond: ((k >= 3530048) AND (k <= 3530148))

table 7 : explain SELECT k, c FROM sbtest7 WHERE k BETWEEN 3530048 AND 3530148
	Bitmap Heap Scan on sbtest7  (cost=5.45..397.57 rows=99 width=125)
	  Recheck Cond: ((k >= 3530048) AND (k <= 3530148))
	  ->  Bitmap Index Scan on k_7  (cost=0.00..5.42 rows=99 width=0)
	        Index Cond: ((k >= 3530048) AND (k <= 3530148))

table 8 : explain SELECT k, c FROM sbtest8 WHERE k BETWEEN 3530048 AND 3530148
	Bitmap Heap Scan on sbtest8  (cost=5.51..421.25 rows=105 width=125)
	  Recheck Cond: ((k >= 3530048) AND (k <= 3530148))
	  ->  Bitmap Index Scan on k_8  (cost=0.00..5.48 rows=105 width=0)
	        Index Cond: ((k >= 3530048) AND (k <= 3530148))

for range-notcovered
table 1 : explain SELECT k, c FROM sbtest1 WHERE k BETWEEN 6206397 AND 6206497
	Bitmap Heap Scan on sbtest1  (cost=5.47..405.46 rows=101 width=125)
	  Recheck Cond: ((k >= 6206397) AND (k <= 6206497))
	  ->  Bitmap Index Scan on k_1  (cost=0.00..5.44 rows=101 width=0)
	        Index Cond: ((k >= 6206397) AND (k <= 6206497))

table 2 : explain SELECT k, c FROM sbtest2 WHERE k BETWEEN 6206397 AND 6206497
	Bitmap Heap Scan on sbtest2  (cost=5.46..401.54 rows=100 width=125)
	  Recheck Cond: ((k >= 6206397) AND (k <= 6206497))
	  ->  Bitmap Index Scan on k_2  (cost=0.00..5.43 rows=100 width=0)
	        Index Cond: ((k >= 6206397) AND (k <= 6206497))

table 3 : explain SELECT k, c FROM sbtest3 WHERE k BETWEEN 6206397 AND 6206497
	Bitmap Heap Scan on sbtest3  (cost=5.45..397.61 rows=99 width=125)
	  Recheck Cond: ((k >= 6206397) AND (k <= 6206497))
	  ->  Bitmap Index Scan on k_3  (cost=0.00..5.42 rows=99 width=0)
	        Index Cond: ((k >= 6206397) AND (k <= 6206497))

table 4 : explain SELECT k, c FROM sbtest4 WHERE k BETWEEN 6206397 AND 6206497
	Bitmap Heap Scan on sbtest4  (cost=5.41..382.02 rows=95 width=125)
	  Recheck Cond: ((k >= 6206397) AND (k <= 6206497))
	  ->  Bitmap Index Scan on k_4  (cost=0.00..5.38 rows=95 width=0)
	        Index Cond: ((k >= 6206397) AND (k <= 6206497))

table 5 : explain SELECT k, c FROM sbtest5 WHERE k BETWEEN 6206397 AND 6206497
	Bitmap Heap Scan on sbtest5  (cost=5.51..421.50 rows=105 width=125)
	  Recheck Cond: ((k >= 6206397) AND (k <= 6206497))
	  ->  Bitmap Index Scan on k_5  (cost=0.00..5.48 rows=105 width=0)
	        Index Cond: ((k >= 6206397) AND (k <= 6206497))

table 6 : explain SELECT k, c FROM sbtest6 WHERE k BETWEEN 6206397 AND 6206497
	Bitmap Heap Scan on sbtest6  (cost=5.34..354.21 rows=88 width=125)
	  Recheck Cond: ((k >= 6206397) AND (k <= 6206497))
	  ->  Bitmap Index Scan on k_6  (cost=0.00..5.31 rows=88 width=0)
	        Index Cond: ((k >= 6206397) AND (k <= 6206497))

table 7 : explain SELECT k, c FROM sbtest7 WHERE k BETWEEN 6206397 AND 6206497
	Bitmap Heap Scan on sbtest7  (cost=5.49..413.34 rows=103 width=125)
	  Recheck Cond: ((k >= 6206397) AND (k <= 6206497))
	  ->  Bitmap Index Scan on k_7  (cost=0.00..5.46 rows=103 width=0)
	        Index Cond: ((k >= 6206397) AND (k <= 6206497))

table 8 : explain SELECT k, c FROM sbtest8 WHERE k BETWEEN 6206397 AND 6206497
	Bitmap Heap Scan on sbtest8  (cost=5.42..385.76 rows=96 width=125)
	  Recheck Cond: ((k >= 6206397) AND (k <= 6206497))
	  ->  Bitmap Index Scan on k_8  (cost=0.00..5.39 rows=96 width=0)
	        Index Cond: ((k >= 6206397) AND (k <= 6206497))

explain: for range-notcovered :: explain SELECT k, c FROM sbtest%d WHERE k BETWEEN 3530048 AND 3530148
for range-notcovered
table 1 : explain SELECT k, c FROM sbtest1 WHERE k BETWEEN 576376 AND 576476
	Bitmap Heap Scan on sbtest1  (cost=5.44..393.63 rows=98 width=125)
	  Recheck Cond: ((k >= 576376) AND (k <= 576476))
	  ->  Bitmap Index Scan on k_1  (cost=0.00..5.42 rows=98 width=0)
	        Index Cond: ((k >= 576376) AND (k <= 576476))

table 2 : explain SELECT k, c FROM sbtest2 WHERE k BETWEEN 576376 AND 576476
	Bitmap Heap Scan on sbtest2  (cost=5.42..385.76 rows=96 width=125)
	  Recheck Cond: ((k >= 576376) AND (k <= 576476))
	  ->  Bitmap Index Scan on k_2  (cost=0.00..5.39 rows=96 width=0)
	        Index Cond: ((k >= 576376) AND (k <= 576476))

table 3 : explain SELECT k, c FROM sbtest3 WHERE k BETWEEN 576376 AND 576476
	Bitmap Heap Scan on sbtest3  (cost=5.44..393.66 rows=98 width=125)
	  Recheck Cond: ((k >= 576376) AND (k <= 576476))
	  ->  Bitmap Index Scan on k_3  (cost=0.00..5.42 rows=98 width=0)
	        Index Cond: ((k >= 576376) AND (k <= 576476))

table 4 : explain SELECT k, c FROM sbtest4 WHERE k BETWEEN 576376 AND 576476
	Bitmap Heap Scan on sbtest4  (cost=5.45..397.82 rows=99 width=125)
	  Recheck Cond: ((k >= 576376) AND (k <= 576476))
	  ->  Bitmap Index Scan on k_4  (cost=0.00..5.42 rows=99 width=0)
	        Index Cond: ((k >= 576376) AND (k <= 576476))

table 5 : explain SELECT k, c FROM sbtest5 WHERE k BETWEEN 576376 AND 576476
	Bitmap Heap Scan on sbtest5  (cost=5.45..397.82 rows=99 width=125)
	  Recheck Cond: ((k >= 576376) AND (k <= 576476))
	  ->  Bitmap Index Scan on k_5  (cost=0.00..5.42 rows=99 width=0)
	        Index Cond: ((k >= 576376) AND (k <= 576476))

table 6 : explain SELECT k, c FROM sbtest6 WHERE k BETWEEN 576376 AND 576476
	Bitmap Heap Scan on sbtest6  (cost=5.57..444.94 rows=111 width=125)
	  Recheck Cond: ((k >= 576376) AND (k <= 576476))
	  ->  Bitmap Index Scan on k_6  (cost=0.00..5.54 rows=111 width=0)
	        Index Cond: ((k >= 576376) AND (k <= 576476))

table 7 : explain SELECT k, c FROM sbtest7 WHERE k BETWEEN 576376 AND 576476
	Bitmap Heap Scan on sbtest7  (cost=5.42..385.73 rows=96 width=125)
	  Recheck Cond: ((k >= 576376) AND (k <= 576476))
	  ->  Bitmap Index Scan on k_7  (cost=0.00..5.39 rows=96 width=0)
	        Index Cond: ((k >= 576376) AND (k <= 576476))

table 8 : explain SELECT k, c FROM sbtest8 WHERE k BETWEEN 576376 AND 576476
	Bitmap Heap Scan on sbtest8  (cost=5.54..433.07 rows=108 width=125)
	  Recheck Cond: ((k >= 576376) AND (k <= 576476))
	  ->  Bitmap Index Scan on k_8  (cost=0.00..5.51 rows=108 width=0)
	        Index Cond: ((k >= 576376) AND (k <= 576476))

explain: for range-notcovered :: explain SELECT k, c FROM sbtest%d WHERE k BETWEEN 6206397 AND 6206497
for range-notcovered
table 1 : explain SELECT k, c FROM sbtest1 WHERE k BETWEEN 8536275 AND 8536375
	Bitmap Heap Scan on sbtest1  (cost=5.42..385.74 rows=96 width=125)
	  Recheck Cond: ((k >= 8536275) AND (k <= 8536375))
	  ->  Bitmap Index Scan on k_1  (cost=0.00..5.39 rows=96 width=0)
	        Index Cond: ((k >= 8536275) AND (k <= 8536375))

table 2 : explain SELECT k, c FROM sbtest2 WHERE k BETWEEN 8536275 AND 8536375
	Bitmap Heap Scan on sbtest2  (cost=5.43..389.70 rows=97 width=125)
	  Recheck Cond: ((k >= 8536275) AND (k <= 8536375))
	  ->  Bitmap Index Scan on k_2  (cost=0.00..5.40 rows=97 width=0)
	        Index Cond: ((k >= 8536275) AND (k <= 8536375))

table 3 : explain SELECT k, c FROM sbtest3 WHERE k BETWEEN 8536275 AND 8536375
	Bitmap Heap Scan on sbtest3  (cost=5.46..401.55 rows=100 width=125)
	  Recheck Cond: ((k >= 8536275) AND (k <= 8536375))
	  ->  Bitmap Index Scan on k_3  (cost=0.00..5.43 rows=100 width=0)
	        Index Cond: ((k >= 8536275) AND (k <= 8536375))

table 4 : explain SELECT k, c FROM sbtest4 WHERE k BETWEEN 8536275 AND 8536375
	Bitmap Heap Scan on sbtest4  (cost=5.51..421.50 rows=105 width=125)
	  Recheck Cond: ((k >= 8536275) AND (k <= 8536375))
	  ->  Bitmap Index Scan on k_4  (cost=0.00..5.48 rows=105 width=0)
	        Index Cond: ((k >= 8536275) AND (k <= 8536375))

table 5 : explain SELECT k, c FROM sbtest5 WHERE k BETWEEN 8536275 AND 8536375
	Bitmap Heap Scan on sbtest5  (cost=5.58..449.11 rows=112 width=125)
	  Recheck Cond: ((k >= 8536275) AND (k <= 8536375))
	  ->  Bitmap Index Scan on k_5  (cost=0.00..5.55 rows=112 width=0)
	        Index Cond: ((k >= 8536275) AND (k <= 8536375))

table 6 : explain SELECT k, c FROM sbtest6 WHERE k BETWEEN 8536275 AND 8536375
	Bitmap Heap Scan on sbtest6  (cost=5.39..373.95 rows=93 width=125)
	  Recheck Cond: ((k >= 8536275) AND (k <= 8536375))
	  ->  Bitmap Index Scan on k_6  (cost=0.00..5.36 rows=93 width=0)
	        Index Cond: ((k >= 8536275) AND (k <= 8536375))

table 7 : explain SELECT k, c FROM sbtest7 WHERE k BETWEEN 8536275 AND 8536375
	Bitmap Heap Scan on sbtest7  (cost=5.47..405.45 rows=101 width=125)
	  Recheck Cond: ((k >= 8536275) AND (k <= 8536375))
	  ->  Bitmap Index Scan on k_7  (cost=0.00..5.44 rows=101 width=0)
	        Index Cond: ((k >= 8536275) AND (k <= 8536375))

table 8 : explain SELECT k, c FROM sbtest8 WHERE k BETWEEN 8536275 AND 8536375
	Bitmap Heap Scan on sbtest8  (cost=5.47..405.48 rows=101 width=125)
	  Recheck Cond: ((k >= 8536275) AND (k <= 8536375))
	  ->  Bitmap Index Scan on k_8  (cost=0.00..5.44 rows=101 width=0)
	        Index Cond: ((k >= 8536275) AND (k <= 8536375))

explain: for range-notcovered :: explain SELECT k, c FROM sbtest%d WHERE k BETWEEN 576376 AND 576476
for range-notcovered
table 1 : explain SELECT k, c FROM sbtest1 WHERE k BETWEEN 8312725 AND 8312825
	Bitmap Heap Scan on sbtest1  (cost=5.52..425.18 rows=106 width=125)
	  Recheck Cond: ((k >= 8312725) AND (k <= 8312825))
	  ->  Bitmap Index Scan on k_1  (cost=0.00..5.50 rows=106 width=0)
	        Index Cond: ((k >= 8312725) AND (k <= 8312825))

table 2 : explain SELECT k, c FROM sbtest2 WHERE k BETWEEN 8312725 AND 8312825
	Bitmap Heap Scan on sbtest2  (cost=5.51..421.25 rows=105 width=125)
	  Recheck Cond: ((k >= 8312725) AND (k <= 8312825))
	  ->  Bitmap Index Scan on k_2  (cost=0.00..5.48 rows=105 width=0)
	        Index Cond: ((k >= 8312725) AND (k <= 8312825))

table 3 : explain SELECT k, c FROM sbtest3 WHERE k BETWEEN 8312725 AND 8312825
	Bitmap Heap Scan on sbtest3  (cost=5.46..401.55 rows=100 width=125)
	  Recheck Cond: ((k >= 8312725) AND (k <= 8312825))
	  ->  Bitmap Index Scan on k_3  (cost=0.00..5.43 rows=100 width=0)
	        Index Cond: ((k >= 8312725) AND (k <= 8312825))

table 4 : explain SELECT k, c FROM sbtest4 WHERE k BETWEEN 8312725 AND 8312825
	Bitmap Heap Scan on sbtest4  (cost=5.45..397.82 rows=99 width=125)
	  Recheck Cond: ((k >= 8312725) AND (k <= 8312825))
	  ->  Bitmap Index Scan on k_4  (cost=0.00..5.42 rows=99 width=0)
	        Index Cond: ((k >= 8312725) AND (k <= 8312825))

table 5 : explain SELECT k, c FROM sbtest5 WHERE k BETWEEN 8312725 AND 8312825
	Bitmap Heap Scan on sbtest5  (cost=5.51..421.50 rows=105 width=125)
	  Recheck Cond: ((k >= 8312725) AND (k <= 8312825))
	  ->  Bitmap Index Scan on k_5  (cost=0.00..5.48 rows=105 width=0)
	        Index Cond: ((k >= 8312725) AND (k <= 8312825))

table 6 : explain SELECT k, c FROM sbtest6 WHERE k BETWEEN 8312725 AND 8312825
	Bitmap Heap Scan on sbtest6  (cost=5.45..397.63 rows=99 width=125)
	  Recheck Cond: ((k >= 8312725) AND (k <= 8312825))
	  ->  Bitmap Index Scan on k_6  (cost=0.00..5.42 rows=99 width=0)
	        Index Cond: ((k >= 8312725) AND (k <= 8312825))

table 7 : explain SELECT k, c FROM sbtest7 WHERE k BETWEEN 8312725 AND 8312825
	Bitmap Heap Scan on sbtest7  (cost=5.47..405.45 rows=101 width=125)
	  Recheck Cond: ((k >= 8312725) AND (k <= 8312825))
	  ->  Bitmap Index Scan on k_7  (cost=0.00..5.44 rows=101 width=0)
	        Index Cond: ((k >= 8312725) AND (k <= 8312825))

table 8 : explain SELECT k, c FROM sbtest8 WHERE k BETWEEN 8312725 AND 8312825
	Bitmap Heap Scan on sbtest8  (cost=5.50..417.31 rows=104 width=125)
	  Recheck Cond: ((k >= 8312725) AND (k <= 8312825))
	  ->  Bitmap Index Scan on k_8  (cost=0.00..5.47 rows=104 width=0)
	        Index Cond: ((k >= 8312725) AND (k <= 8312825))

for range-notcovered
table 1 : explain SELECT k, c FROM sbtest1 WHERE k BETWEEN 6339179 AND 6339279
	Bitmap Heap Scan on sbtest1  (cost=5.47..405.46 rows=101 width=125)
	  Recheck Cond: ((k >= 6339179) AND (k <= 6339279))
	  ->  Bitmap Index Scan on k_1  (cost=0.00..5.44 rows=101 width=0)
	        Index Cond: ((k >= 6339179) AND (k <= 6339279))

table 2 : explain SELECT k, c FROM sbtest2 WHERE k BETWEEN 6339179 AND 6339279
	Bitmap Heap Scan on sbtest2  (cost=5.43..389.70 rows=97 width=125)
	  Recheck Cond: ((k >= 6339179) AND (k <= 6339279))
	  ->  Bitmap Index Scan on k_2  (cost=0.00..5.40 rows=97 width=0)
	        Index Cond: ((k >= 6339179) AND (k <= 6339279))

table 3 : explain SELECT k, c FROM sbtest3 WHERE k BETWEEN 6339179 AND 6339279
	Bitmap Heap Scan on sbtest3  (cost=5.67..480.35 rows=120 width=125)
	  Recheck Cond: ((k >= 6339179) AND (k <= 6339279))
	  ->  Bitmap Index Scan on k_3  (cost=0.00..5.63 rows=120 width=0)
	        Index Cond: ((k >= 6339179) AND (k <= 6339279))

table 4 : explain SELECT k, c FROM sbtest4 WHERE k BETWEEN 6339179 AND 6339279
	Bitmap Heap Scan on sbtest4  (cost=5.43..389.92 rows=97 width=125)
	  Recheck Cond: ((k >= 6339179) AND (k <= 6339279))
	  ->  Bitmap Index Scan on k_4  (cost=0.00..5.40 rows=97 width=0)
	        Index Cond: ((k >= 6339179) AND (k <= 6339279))

table 5 : explain SELECT k, c FROM sbtest5 WHERE k BETWEEN 6339179 AND 6339279
	Bitmap Heap Scan on sbtest5  (cost=5.45..397.82 rows=99 width=125)
	  Recheck Cond: ((k >= 6339179) AND (k <= 6339279))
	  ->  Bitmap Index Scan on k_5  (cost=0.00..5.42 rows=99 width=0)
	        Index Cond: ((k >= 6339179) AND (k <= 6339279))

table 6 : explain SELECT k, c FROM sbtest6 WHERE k BETWEEN 6339179 AND 6339279
	Bitmap Heap Scan on sbtest6  (cost=5.41..381.84 rows=95 width=125)
	  Recheck Cond: ((k >= 6339179) AND (k <= 6339279))
	  ->  Bitmap Index Scan on k_6  (cost=0.00..5.38 rows=95 width=0)
	        Index Cond: ((k >= 6339179) AND (k <= 6339279))

table 7 : explain SELECT k, c FROM sbtest7 WHERE k BETWEEN 6339179 AND 6339279
	Bitmap Heap Scan on sbtest7  (cost=5.54..433.05 rows=108 width=125)
	  Recheck Cond: ((k >= 6339179) AND (k <= 6339279))
	  ->  Bitmap Index Scan on k_7  (cost=0.00..5.51 rows=108 width=0)
	        Index Cond: ((k >= 6339179) AND (k <= 6339279))

table 8 : explain SELECT k, c FROM sbtest8 WHERE k BETWEEN 6339179 AND 6339279
	Bitmap Heap Scan on sbtest8  (cost=5.39..373.92 rows=93 width=125)
	  Recheck Cond: ((k >= 6339179) AND (k <= 6339279))
	  ->  Bitmap Index Scan on k_8  (cost=0.00..5.36 rows=93 width=0)
	        Index Cond: ((k >= 6339179) AND (k <= 6339279))

for range-notcovered
table 1 : explain SELECT k, c FROM sbtest1 WHERE k BETWEEN 3731536 AND 3731636
	Bitmap Heap Scan on sbtest1  (cost=5.57..444.88 rows=111 width=125)
	  Recheck Cond: ((k >= 3731536) AND (k <= 3731636))
	  ->  Bitmap Index Scan on k_1  (cost=0.00..5.54 rows=111 width=0)
	        Index Cond: ((k >= 3731536) AND (k <= 3731636))

table 2 : explain SELECT k, c FROM sbtest2 WHERE k BETWEEN 3731536 AND 3731636
	Bitmap Heap Scan on sbtest2  (cost=5.39..373.92 rows=93 width=125)
	  Recheck Cond: ((k >= 3731536) AND (k <= 3731636))
	  ->  Bitmap Index Scan on k_2  (cost=0.00..5.36 rows=93 width=0)
	        Index Cond: ((k >= 3731536) AND (k <= 3731636))

table 3 : explain SELECT k, c FROM sbtest3 WHERE k BETWEEN 3731536 AND 3731636
	Bitmap Heap Scan on sbtest3  (cost=5.42..385.77 rows=96 width=125)
	  Recheck Cond: ((k >= 3731536) AND (k <= 3731636))
	  ->  Bitmap Index Scan on k_3  (cost=0.00..5.39 rows=96 width=0)
	        Index Cond: ((k >= 3731536) AND (k <= 3731636))

table 4 : explain SELECT k, c FROM sbtest4 WHERE k BETWEEN 3731536 AND 3731636
	Bitmap Heap Scan on sbtest4  (cost=5.41..382.02 rows=95 width=125)
	  Recheck Cond: ((k >= 3731536) AND (k <= 3731636))
	  ->  Bitmap Index Scan on k_4  (cost=0.00..5.38 rows=95 width=0)
	        Index Cond: ((k >= 3731536) AND (k <= 3731636))

table 5 : explain SELECT k, c FROM sbtest5 WHERE k BETWEEN 3731536 AND 3731636
	Bitmap Heap Scan on sbtest5  (cost=5.64..472.76 rows=118 width=125)
	  Recheck Cond: ((k >= 3731536) AND (k <= 3731636))
	  ->  Bitmap Index Scan on k_5  (cost=0.00..5.61 rows=118 width=0)
	        Index Cond: ((k >= 3731536) AND (k <= 3731636))

table 6 : explain SELECT k, c FROM sbtest6 WHERE k BETWEEN 3731536 AND 3731636
	Bitmap Heap Scan on sbtest6  (cost=5.44..393.68 rows=98 width=125)
	  Recheck Cond: ((k >= 3731536) AND (k <= 3731636))
	  ->  Bitmap Index Scan on k_6  (cost=0.00..5.42 rows=98 width=0)
	        Index Cond: ((k >= 3731536) AND (k <= 3731636))

table 7 : explain SELECT k, c FROM sbtest7 WHERE k BETWEEN 3731536 AND 3731636
	Bitmap Heap Scan on sbtest7  (cost=5.53..429.10 rows=107 width=125)
	  Recheck Cond: ((k >= 3731536) AND (k <= 3731636))
	  ->  Bitmap Index Scan on k_7  (cost=0.00..5.50 rows=107 width=0)
	        Index Cond: ((k >= 3731536) AND (k <= 3731636))

table 8 : explain SELECT k, c FROM sbtest8 WHERE k BETWEEN 3731536 AND 3731636
	Bitmap Heap Scan on sbtest8  (cost=5.37..366.02 rows=91 width=125)
	  Recheck Cond: ((k >= 3731536) AND (k <= 3731636))
	  ->  Bitmap Index Scan on k_8  (cost=0.00..5.34 rows=91 width=0)
	        Index Cond: ((k >= 3731536) AND (k <= 3731636))

explain: for range-notcovered :: explain SELECT k, c FROM sbtest%d WHERE k BETWEEN 6339179 AND 6339279
for range-notcovered
table 1 : explain SELECT k, c FROM sbtest1 WHERE k BETWEEN 4134095 AND 4134195
	Bitmap Heap Scan on sbtest1  (cost=5.43..389.69 rows=97 width=125)
	  Recheck Cond: ((k >= 4134095) AND (k <= 4134195))
	  ->  Bitmap Index Scan on k_1  (cost=0.00..5.40 rows=97 width=0)
	        Index Cond: ((k >= 4134095) AND (k <= 4134195))

table 2 : explain SELECT k, c FROM sbtest2 WHERE k BETWEEN 4134095 AND 4134195
	Bitmap Heap Scan on sbtest2  (cost=5.46..401.54 rows=100 width=125)
	  Recheck Cond: ((k >= 4134095) AND (k <= 4134195))
	  ->  Bitmap Index Scan on k_2  (cost=0.00..5.43 rows=100 width=0)
	        Index Cond: ((k >= 4134095) AND (k <= 4134195))

table 3 : explain SELECT k, c FROM sbtest3 WHERE k BETWEEN 4134095 AND 4134195
	Bitmap Heap Scan on sbtest3  (cost=5.54..433.09 rows=108 width=125)
	  Recheck Cond: ((k >= 4134095) AND (k <= 4134195))
	  ->  Bitmap Index Scan on k_3  (cost=0.00..5.51 rows=108 width=0)
	        Index Cond: ((k >= 4134095) AND (k <= 4134195))

table 4 : explain SELECT k, c FROM sbtest4 WHERE k BETWEEN 4134095 AND 4134195
	Bitmap Heap Scan on sbtest4  (cost=5.44..393.87 rows=98 width=125)
	  Recheck Cond: ((k >= 4134095) AND (k <= 4134195))
	  ->  Bitmap Index Scan on k_4  (cost=0.00..5.42 rows=98 width=0)
	        Index Cond: ((k >= 4134095) AND (k <= 4134195))

table 5 : explain SELECT k, c FROM sbtest5 WHERE k BETWEEN 4134095 AND 4134195
	Bitmap Heap Scan on sbtest5  (cost=5.51..421.50 rows=105 width=125)
	  Recheck Cond: ((k >= 4134095) AND (k <= 4134195))
	  ->  Bitmap Index Scan on k_5  (cost=0.00..5.48 rows=105 width=0)
	        Index Cond: ((k >= 4134095) AND (k <= 4134195))

table 6 : explain SELECT k, c FROM sbtest6 WHERE k BETWEEN 4134095 AND 4134195
	Bitmap Heap Scan on sbtest6  (cost=5.42..385.79 rows=96 width=125)
	  Recheck Cond: ((k >= 4134095) AND (k <= 4134195))
	  ->  Bitmap Index Scan on k_6  (cost=0.00..5.39 rows=96 width=0)
	        Index Cond: ((k >= 4134095) AND (k <= 4134195))

table 7 : explain SELECT k, c FROM sbtest7 WHERE k BETWEEN 4134095 AND 4134195
	Bitmap Heap Scan on sbtest7  (cost=5.51..421.22 rows=105 width=125)
	  Recheck Cond: ((k >= 4134095) AND (k <= 4134195))
	  ->  Bitmap Index Scan on k_7  (cost=0.00..5.48 rows=105 width=0)
	        Index Cond: ((k >= 4134095) AND (k <= 4134195))

table 8 : explain SELECT k, c FROM sbtest8 WHERE k BETWEEN 4134095 AND 4134195
	Bitmap Heap Scan on sbtest8  (cost=5.54..433.07 rows=108 width=125)
	  Recheck Cond: ((k >= 4134095) AND (k <= 4134195))
	  ->  Bitmap Index Scan on k_8  (cost=0.00..5.51 rows=108 width=0)
	        Index Cond: ((k >= 4134095) AND (k <= 4134195))

explain: for range-notcovered :: explain SELECT k, c FROM sbtest%d WHERE k BETWEEN 4134095 AND 4134195
for range-notcovered
table 1 : explain SELECT k, c FROM sbtest1 WHERE k BETWEEN 4686524 AND 4686624
	Bitmap Heap Scan on sbtest1  (cost=5.50..417.29 rows=104 width=125)
	  Recheck Cond: ((k >= 4686524) AND (k <= 4686624))
	  ->  Bitmap Index Scan on k_1  (cost=0.00..5.47 rows=104 width=0)
	        Index Cond: ((k >= 4686524) AND (k <= 4686624))

table 2 : explain SELECT k, c FROM sbtest2 WHERE k BETWEEN 4686524 AND 4686624
	Bitmap Heap Scan on sbtest2  (cost=5.41..381.81 rows=95 width=125)
	  Recheck Cond: ((k >= 4686524) AND (k <= 4686624))
	  ->  Bitmap Index Scan on k_2  (cost=0.00..5.38 rows=95 width=0)
	        Index Cond: ((k >= 4686524) AND (k <= 4686624))

table 3 : explain SELECT k, c FROM sbtest3 WHERE k BETWEEN 4686524 AND 4686624
	Bitmap Heap Scan on sbtest3  (cost=5.46..401.55 rows=100 width=125)
	  Recheck Cond: ((k >= 4686524) AND (k <= 4686624))
	  ->  Bitmap Index Scan on k_3  (cost=0.00..5.43 rows=100 width=0)
	        Index Cond: ((k >= 4686524) AND (k <= 4686624))

table 4 : explain SELECT k, c FROM sbtest4 WHERE k BETWEEN 4686524 AND 4686624
	Bitmap Heap Scan on sbtest4  (cost=5.39..374.12 rows=93 width=125)
	  Recheck Cond: ((k >= 4686524) AND (k <= 4686624))
	  ->  Bitmap Index Scan on k_4  (cost=0.00..5.36 rows=93 width=0)
	        Index Cond: ((k >= 4686524) AND (k <= 4686624))

table 5 : explain SELECT k, c FROM sbtest5 WHERE k BETWEEN 4686524 AND 4686624
	Bitmap Heap Scan on sbtest5  (cost=5.44..393.87 rows=98 width=125)
	  Recheck Cond: ((k >= 4686524) AND (k <= 4686624))
	  ->  Bitmap Index Scan on k_5  (cost=0.00..5.42 rows=98 width=0)
	        Index Cond: ((k >= 4686524) AND (k <= 4686624))

table 6 : explain SELECT k, c FROM sbtest6 WHERE k BETWEEN 4686524 AND 4686624
	Bitmap Heap Scan on sbtest6  (cost=5.41..381.84 rows=95 width=125)
	  Recheck Cond: ((k >= 4686524) AND (k <= 4686624))
	  ->  Bitmap Index Scan on k_6  (cost=0.00..5.38 rows=95 width=0)
	        Index Cond: ((k >= 4686524) AND (k <= 4686624))

table 7 : explain SELECT k, c FROM sbtest7 WHERE k BETWEEN 4686524 AND 4686624
	Bitmap Heap Scan on sbtest7  (cost=5.37..366.00 rows=91 width=125)
	  Recheck Cond: ((k >= 4686524) AND (k <= 4686624))
	  ->  Bitmap Index Scan on k_7  (cost=0.00..5.34 rows=91 width=0)
	        Index Cond: ((k >= 4686524) AND (k <= 4686624))

table 8 : explain SELECT k, c FROM sbtest8 WHERE k BETWEEN 4686524 AND 4686624
	Bitmap Heap Scan on sbtest8  (cost=5.45..397.59 rows=99 width=125)
	  Recheck Cond: ((k >= 4686524) AND (k <= 4686624))
	  ->  Bitmap Index Scan on k_8  (cost=0.00..5.42 rows=99 width=0)
	        Index Cond: ((k >= 4686524) AND (k <= 4686624))

for range-notcovered
table 1 : explain SELECT k, c FROM sbtest1 WHERE k BETWEEN 5644186 AND 5644286
	Bitmap Heap Scan on sbtest1  (cost=5.49..413.35 rows=103 width=125)
	  Recheck Cond: ((k >= 5644186) AND (k <= 5644286))
	  ->  Bitmap Index Scan on k_1  (cost=0.00..5.46 rows=103 width=0)
	        Index Cond: ((k >= 5644186) AND (k <= 5644286))

table 2 : explain SELECT k, c FROM sbtest2 WHERE k BETWEEN 5644186 AND 5644286
	Bitmap Heap Scan on sbtest2  (cost=5.47..405.48 rows=101 width=125)
	  Recheck Cond: ((k >= 5644186) AND (k <= 5644286))
	  ->  Bitmap Index Scan on k_2  (cost=0.00..5.44 rows=101 width=0)
	        Index Cond: ((k >= 5644186) AND (k <= 5644286))

table 3 : explain SELECT k, c FROM sbtest3 WHERE k BETWEEN 5644186 AND 5644286
	Bitmap Heap Scan on sbtest3  (cost=5.47..405.49 rows=101 width=125)
	  Recheck Cond: ((k >= 5644186) AND (k <= 5644286))
	  ->  Bitmap Index Scan on k_3  (cost=0.00..5.44 rows=101 width=0)
	        Index Cond: ((k >= 5644186) AND (k <= 5644286))

table 4 : explain SELECT k, c FROM sbtest4 WHERE k BETWEEN 5644186 AND 5644286
	Bitmap Heap Scan on sbtest4  (cost=5.56..441.22 rows=110 width=125)
	  Recheck Cond: ((k >= 5644186) AND (k <= 5644286))
	  ->  Bitmap Index Scan on k_4  (cost=0.00..5.53 rows=110 width=0)
	        Index Cond: ((k >= 5644186) AND (k <= 5644286))

table 5 : explain SELECT k, c FROM sbtest5 WHERE k BETWEEN 5644186 AND 5644286
	Bitmap Heap Scan on sbtest5  (cost=5.46..401.77 rows=100 width=125)
	  Recheck Cond: ((k >= 5644186) AND (k <= 5644286))
	  ->  Bitmap Index Scan on k_5  (cost=0.00..5.43 rows=100 width=0)
	        Index Cond: ((k >= 5644186) AND (k <= 5644286))

table 6 : explain SELECT k, c FROM sbtest6 WHERE k BETWEEN 5644186 AND 5644286
	Bitmap Heap Scan on sbtest6  (cost=5.50..417.35 rows=104 width=125)
	  Recheck Cond: ((k >= 5644186) AND (k <= 5644286))
	  ->  Bitmap Index Scan on k_6  (cost=0.00..5.47 rows=104 width=0)
	        Index Cond: ((k >= 5644186) AND (k <= 5644286))

table 7 : explain SELECT k, c FROM sbtest7 WHERE k BETWEEN 5644186 AND 5644286
	Bitmap Heap Scan on sbtest7  (cost=5.49..413.34 rows=103 width=125)
	  Recheck Cond: ((k >= 5644186) AND (k <= 5644286))
	  ->  Bitmap Index Scan on k_7  (cost=0.00..5.46 rows=103 width=0)
	        Index Cond: ((k >= 5644186) AND (k <= 5644286))

table 8 : explain SELECT k, c FROM sbtest8 WHERE k BETWEEN 5644186 AND 5644286
	Bitmap Heap Scan on sbtest8  (cost=5.57..444.89 rows=111 width=125)
	  Recheck Cond: ((k >= 5644186) AND (k <= 5644286))
	  ->  Bitmap Index Scan on k_8  (cost=0.00..5.54 rows=111 width=0)
	        Index Cond: ((k >= 5644186) AND (k <= 5644286))

explain: for range-notcovered :: explain SELECT k, c FROM sbtest%d WHERE k BETWEEN 5644186 AND 5644286
for range-notcovered
table 1 : explain SELECT k, c FROM sbtest1 WHERE k BETWEEN 3530048 AND 3530148
	Bitmap Heap Scan on sbtest1  (cost=5.35..358.12 rows=89 width=125)
	  Recheck Cond: ((k >= 3530048) AND (k <= 3530148))
	  ->  Bitmap Index Scan on k_1  (cost=0.00..5.32 rows=89 width=0)
	        Index Cond: ((k >= 3530048) AND (k <= 3530148))

table 2 : explain SELECT k, c FROM sbtest2 WHERE k BETWEEN 3530048 AND 3530148
	Bitmap Heap Scan on sbtest2  (cost=5.46..401.54 rows=100 width=125)
	  Recheck Cond: ((k >= 3530048) AND (k <= 3530148))
	  ->  Bitmap Index Scan on k_2  (cost=0.00..5.43 rows=100 width=0)
	        Index Cond: ((k >= 3530048) AND (k <= 3530148))

table 3 : explain SELECT k, c FROM sbtest3 WHERE k BETWEEN 3530048 AND 3530148
	Bitmap Heap Scan on sbtest3  (cost=5.42..385.77 rows=96 width=125)
	  Recheck Cond: ((k >= 3530048) AND (k <= 3530148))
	  ->  Bitmap Index Scan on k_3  (cost=0.00..5.39 rows=96 width=0)
	        Index Cond: ((k >= 3530048) AND (k <= 3530148))

table 4 : explain SELECT k, c FROM sbtest4 WHERE k BETWEEN 3530048 AND 3530148
	Bitmap Heap Scan on sbtest4  (cost=5.57..445.16 rows=111 width=125)
	  Recheck Cond: ((k >= 3530048) AND (k <= 3530148))
	  ->  Bitmap Index Scan on k_4  (cost=0.00..5.54 rows=111 width=0)
	        Index Cond: ((k >= 3530048) AND (k <= 3530148))

table 5 : explain SELECT k, c FROM sbtest5 WHERE k BETWEEN 3530048 AND 3530148
	Bitmap Heap Scan on sbtest5  (cost=5.41..382.02 rows=95 width=125)
	  Recheck Cond: ((k >= 3530048) AND (k <= 3530148))
	  ->  Bitmap Index Scan on k_5  (cost=0.00..5.38 rows=95 width=0)
	        Index Cond: ((k >= 3530048) AND (k <= 3530148))

table 6 : explain SELECT k, c FROM sbtest6 WHERE k BETWEEN 3530048 AND 3530148
	Bitmap Heap Scan on sbtest6  (cost=5.44..393.68 rows=98 width=125)
	  Recheck Cond: ((k >= 3530048) AND (k <= 3530148))
	  ->  Bitmap Index Scan on k_6  (cost=0.00..5.42 rows=98 width=0)
	        Index Cond: ((k >= 3530048) AND (k <= 3530148))

table 7 : explain SELECT k, c FROM sbtest7 WHERE k BETWEEN 3530048 AND 3530148
	Bitmap Heap Scan on sbtest7  (cost=5.45..397.57 rows=99 width=125)
	  Recheck Cond: ((k >= 3530048) AND (k <= 3530148))
	  ->  Bitmap Index Scan on k_7  (cost=0.00..5.42 rows=99 width=0)
	        Index Cond: ((k >= 3530048) AND (k <= 3530148))

table 8 : explain SELECT k, c FROM sbtest8 WHERE k BETWEEN 3530048 AND 3530148
	Bitmap Heap Scan on sbtest8  (cost=5.51..421.25 rows=105 width=125)
	  Recheck Cond: ((k >= 3530048) AND (k <= 3530148))
	  ->  Bitmap Index Scan on k_8  (cost=0.00..5.48 rows=105 width=0)
	        Index Cond: ((k >= 3530048) AND (k <= 3530148))

explain: for range-notcovered :: explain SELECT k, c FROM sbtest%d WHERE k BETWEEN 3530048 AND 3530148
for range-notcovered
table 1 : explain SELECT k, c FROM sbtest1 WHERE k BETWEEN 576376 AND 576476
	Bitmap Heap Scan on sbtest1  (cost=5.44..393.63 rows=98 width=125)
	  Recheck Cond: ((k >= 576376) AND (k <= 576476))
	  ->  Bitmap Index Scan on k_1  (cost=0.00..5.42 rows=98 width=0)
	        Index Cond: ((k >= 576376) AND (k <= 576476))

table 2 : explain SELECT k, c FROM sbtest2 WHERE k BETWEEN 576376 AND 576476
	Bitmap Heap Scan on sbtest2  (cost=5.42..385.76 rows=96 width=125)
	  Recheck Cond: ((k >= 576376) AND (k <= 576476))
	  ->  Bitmap Index Scan on k_2  (cost=0.00..5.39 rows=96 width=0)
	        Index Cond: ((k >= 576376) AND (k <= 576476))

table 3 : explain SELECT k, c FROM sbtest3 WHERE k BETWEEN 576376 AND 576476
	Bitmap Heap Scan on sbtest3  (cost=5.44..393.66 rows=98 width=125)
	  Recheck Cond: ((k >= 576376) AND (k <= 576476))
	  ->  Bitmap Index Scan on k_3  (cost=0.00..5.42 rows=98 width=0)
	        Index Cond: ((k >= 576376) AND (k <= 576476))

table 4 : explain SELECT k, c FROM sbtest4 WHERE k BETWEEN 576376 AND 576476
	Bitmap Heap Scan on sbtest4  (cost=5.45..397.82 rows=99 width=125)
	  Recheck Cond: ((k >= 576376) AND (k <= 576476))
	  ->  Bitmap Index Scan on k_4  (cost=0.00..5.42 rows=99 width=0)
	        Index Cond: ((k >= 576376) AND (k <= 576476))

table 5 : explain SELECT k, c FROM sbtest5 WHERE k BETWEEN 576376 AND 576476
	Bitmap Heap Scan on sbtest5  (cost=5.45..397.82 rows=99 width=125)
	  Recheck Cond: ((k >= 576376) AND (k <= 576476))
	  ->  Bitmap Index Scan on k_5  (cost=0.00..5.42 rows=99 width=0)
	        Index Cond: ((k >= 576376) AND (k <= 576476))

table 6 : explain SELECT k, c FROM sbtest6 WHERE k BETWEEN 576376 AND 576476
	Bitmap Heap Scan on sbtest6  (cost=5.57..444.94 rows=111 width=125)
	  Recheck Cond: ((k >= 576376) AND (k <= 576476))
	  ->  Bitmap Index Scan on k_6  (cost=0.00..5.54 rows=111 width=0)
	        Index Cond: ((k >= 576376) AND (k <= 576476))

table 7 : explain SELECT k, c FROM sbtest7 WHERE k BETWEEN 576376 AND 576476
	Bitmap Heap Scan on sbtest7  (cost=5.42..385.73 rows=96 width=125)
	  Recheck Cond: ((k >= 576376) AND (k <= 576476))
	  ->  Bitmap Index Scan on k_7  (cost=0.00..5.39 rows=96 width=0)
	        Index Cond: ((k >= 576376) AND (k <= 576476))

table 8 : explain SELECT k, c FROM sbtest8 WHERE k BETWEEN 576376 AND 576476
	Bitmap Heap Scan on sbtest8  (cost=5.54..433.07 rows=108 width=125)
	  Recheck Cond: ((k >= 576376) AND (k <= 576476))
	  ->  Bitmap Index Scan on k_8  (cost=0.00..5.51 rows=108 width=0)
	        Index Cond: ((k >= 576376) AND (k <= 576476))

for range-notcovered
table 1 : explain SELECT k, c FROM sbtest1 WHERE k BETWEEN 6206397 AND 6206497
	Bitmap Heap Scan on sbtest1  (cost=5.47..405.46 rows=101 width=125)
	  Recheck Cond: ((k >= 6206397) AND (k <= 6206497))
	  ->  Bitmap Index Scan on k_1  (cost=0.00..5.44 rows=101 width=0)
	        Index Cond: ((k >= 6206397) AND (k <= 6206497))

table 2 : explain SELECT k, c FROM sbtest2 WHERE k BETWEEN 6206397 AND 6206497
	Bitmap Heap Scan on sbtest2  (cost=5.46..401.54 rows=100 width=125)
	  Recheck Cond: ((k >= 6206397) AND (k <= 6206497))
	  ->  Bitmap Index Scan on k_2  (cost=0.00..5.43 rows=100 width=0)
	        Index Cond: ((k >= 6206397) AND (k <= 6206497))

table 3 : explain SELECT k, c FROM sbtest3 WHERE k BETWEEN 6206397 AND 6206497
	Bitmap Heap Scan on sbtest3  (cost=5.45..397.61 rows=99 width=125)
	  Recheck Cond: ((k >= 6206397) AND (k <= 6206497))
	  ->  Bitmap Index Scan on k_3  (cost=0.00..5.42 rows=99 width=0)
	        Index Cond: ((k >= 6206397) AND (k <= 6206497))

table 4 : explain SELECT k, c FROM sbtest4 WHERE k BETWEEN 6206397 AND 6206497
	Bitmap Heap Scan on sbtest4  (cost=5.41..382.02 rows=95 width=125)
	  Recheck Cond: ((k >= 6206397) AND (k <= 6206497))
	  ->  Bitmap Index Scan on k_4  (cost=0.00..5.38 rows=95 width=0)
	        Index Cond: ((k >= 6206397) AND (k <= 6206497))

table 5 : explain SELECT k, c FROM sbtest5 WHERE k BETWEEN 6206397 AND 6206497
	Bitmap Heap Scan on sbtest5  (cost=5.51..421.50 rows=105 width=125)
	  Recheck Cond: ((k >= 6206397) AND (k <= 6206497))
	  ->  Bitmap Index Scan on k_5  (cost=0.00..5.48 rows=105 width=0)
	        Index Cond: ((k >= 6206397) AND (k <= 6206497))

table 6 : explain SELECT k, c FROM sbtest6 WHERE k BETWEEN 6206397 AND 6206497
	Bitmap Heap Scan on sbtest6  (cost=5.34..354.21 rows=88 width=125)
	  Recheck Cond: ((k >= 6206397) AND (k <= 6206497))
	  ->  Bitmap Index Scan on k_6  (cost=0.00..5.31 rows=88 width=0)
	        Index Cond: ((k >= 6206397) AND (k <= 6206497))

table 7 : explain SELECT k, c FROM sbtest7 WHERE k BETWEEN 6206397 AND 6206497
	Bitmap Heap Scan on sbtest7  (cost=5.49..413.34 rows=103 width=125)
	  Recheck Cond: ((k >= 6206397) AND (k <= 6206497))
	  ->  Bitmap Index Scan on k_7  (cost=0.00..5.46 rows=103 width=0)
	        Index Cond: ((k >= 6206397) AND (k <= 6206497))

table 8 : explain SELECT k, c FROM sbtest8 WHERE k BETWEEN 6206397 AND 6206497
	Bitmap Heap Scan on sbtest8  (cost=5.42..385.76 rows=96 width=125)
	  Recheck Cond: ((k >= 6206397) AND (k <= 6206497))
	  ->  Bitmap Index Scan on k_8  (cost=0.00..5.39 rows=96 width=0)
	        Index Cond: ((k >= 6206397) AND (k <= 6206497))

explain: for range-notcovered :: explain SELECT k, c FROM sbtest%d WHERE k BETWEEN 6206397 AND 6206497
for range-notcovered
table 1 : explain SELECT k, c FROM sbtest1 WHERE k BETWEEN 6339179 AND 6339279
	Bitmap Heap Scan on sbtest1  (cost=5.47..405.46 rows=101 width=125)
	  Recheck Cond: ((k >= 6339179) AND (k <= 6339279))
	  ->  Bitmap Index Scan on k_1  (cost=0.00..5.44 rows=101 width=0)
	        Index Cond: ((k >= 6339179) AND (k <= 6339279))

table 2 : explain SELECT k, c FROM sbtest2 WHERE k BETWEEN 6339179 AND 6339279
	Bitmap Heap Scan on sbtest2  (cost=5.43..389.70 rows=97 width=125)
	  Recheck Cond: ((k >= 6339179) AND (k <= 6339279))
	  ->  Bitmap Index Scan on k_2  (cost=0.00..5.40 rows=97 width=0)
	        Index Cond: ((k >= 6339179) AND (k <= 6339279))

table 3 : explain SELECT k, c FROM sbtest3 WHERE k BETWEEN 6339179 AND 6339279
	Bitmap Heap Scan on sbtest3  (cost=5.67..480.35 rows=120 width=125)
	  Recheck Cond: ((k >= 6339179) AND (k <= 6339279))
	  ->  Bitmap Index Scan on k_3  (cost=0.00..5.63 rows=120 width=0)
	        Index Cond: ((k >= 6339179) AND (k <= 6339279))

table 4 : explain SELECT k, c FROM sbtest4 WHERE k BETWEEN 6339179 AND 6339279
	Bitmap Heap Scan on sbtest4  (cost=5.43..389.92 rows=97 width=125)
	  Recheck Cond: ((k >= 6339179) AND (k <= 6339279))
	  ->  Bitmap Index Scan on k_4  (cost=0.00..5.40 rows=97 width=0)
	        Index Cond: ((k >= 6339179) AND (k <= 6339279))

table 5 : explain SELECT k, c FROM sbtest5 WHERE k BETWEEN 6339179 AND 6339279
	Bitmap Heap Scan on sbtest5  (cost=5.45..397.82 rows=99 width=125)
	  Recheck Cond: ((k >= 6339179) AND (k <= 6339279))
	  ->  Bitmap Index Scan on k_5  (cost=0.00..5.42 rows=99 width=0)
	        Index Cond: ((k >= 6339179) AND (k <= 6339279))

table 6 : explain SELECT k, c FROM sbtest6 WHERE k BETWEEN 6339179 AND 6339279
	Bitmap Heap Scan on sbtest6  (cost=5.41..381.84 rows=95 width=125)
	  Recheck Cond: ((k >= 6339179) AND (k <= 6339279))
	  ->  Bitmap Index Scan on k_6  (cost=0.00..5.38 rows=95 width=0)
	        Index Cond: ((k >= 6339179) AND (k <= 6339279))

table 7 : explain SELECT k, c FROM sbtest7 WHERE k BETWEEN 6339179 AND 6339279
	Bitmap Heap Scan on sbtest7  (cost=5.54..433.05 rows=108 width=125)
	  Recheck Cond: ((k >= 6339179) AND (k <= 6339279))
	  ->  Bitmap Index Scan on k_7  (cost=0.00..5.51 rows=108 width=0)
	        Index Cond: ((k >= 6339179) AND (k <= 6339279))

table 8 : explain SELECT k, c FROM sbtest8 WHERE k BETWEEN 6339179 AND 6339279
	Bitmap Heap Scan on sbtest8  (cost=5.39..373.92 rows=93 width=125)
	  Recheck Cond: ((k >= 6339179) AND (k <= 6339279))
	  ->  Bitmap Index Scan on k_8  (cost=0.00..5.36 rows=93 width=0)
	        Index Cond: ((k >= 6339179) AND (k <= 6339279))

for range-notcovered
table 1 : explain SELECT k, c FROM sbtest1 WHERE k BETWEEN 4134095 AND 4134195
	Bitmap Heap Scan on sbtest1  (cost=5.43..389.69 rows=97 width=125)
	  Recheck Cond: ((k >= 4134095) AND (k <= 4134195))
	  ->  Bitmap Index Scan on k_1  (cost=0.00..5.40 rows=97 width=0)
	        Index Cond: ((k >= 4134095) AND (k <= 4134195))

table 2 : explain SELECT k, c FROM sbtest2 WHERE k BETWEEN 4134095 AND 4134195
	Bitmap Heap Scan on sbtest2  (cost=5.46..401.54 rows=100 width=125)
	  Recheck Cond: ((k >= 4134095) AND (k <= 4134195))
	  ->  Bitmap Index Scan on k_2  (cost=0.00..5.43 rows=100 width=0)
	        Index Cond: ((k >= 4134095) AND (k <= 4134195))

table 3 : explain SELECT k, c FROM sbtest3 WHERE k BETWEEN 4134095 AND 4134195
	Bitmap Heap Scan on sbtest3  (cost=5.54..433.09 rows=108 width=125)
	  Recheck Cond: ((k >= 4134095) AND (k <= 4134195))
	  ->  Bitmap Index Scan on k_3  (cost=0.00..5.51 rows=108 width=0)
	        Index Cond: ((k >= 4134095) AND (k <= 4134195))

table 4 : explain SELECT k, c FROM sbtest4 WHERE k BETWEEN 4134095 AND 4134195
	Bitmap Heap Scan on sbtest4  (cost=5.44..393.87 rows=98 width=125)
	  Recheck Cond: ((k >= 4134095) AND (k <= 4134195))
	  ->  Bitmap Index Scan on k_4  (cost=0.00..5.42 rows=98 width=0)
	        Index Cond: ((k >= 4134095) AND (k <= 4134195))

table 5 : explain SELECT k, c FROM sbtest5 WHERE k BETWEEN 4134095 AND 4134195
	Bitmap Heap Scan on sbtest5  (cost=5.51..421.50 rows=105 width=125)
	  Recheck Cond: ((k >= 4134095) AND (k <= 4134195))
	  ->  Bitmap Index Scan on k_5  (cost=0.00..5.48 rows=105 width=0)
	        Index Cond: ((k >= 4134095) AND (k <= 4134195))

table 6 : explain SELECT k, c FROM sbtest6 WHERE k BETWEEN 4134095 AND 4134195
	Bitmap Heap Scan on sbtest6  (cost=5.42..385.79 rows=96 width=125)
	  Recheck Cond: ((k >= 4134095) AND (k <= 4134195))
	  ->  Bitmap Index Scan on k_6  (cost=0.00..5.39 rows=96 width=0)
	        Index Cond: ((k >= 4134095) AND (k <= 4134195))

table 7 : explain SELECT k, c FROM sbtest7 WHERE k BETWEEN 4134095 AND 4134195
	Bitmap Heap Scan on sbtest7  (cost=5.51..421.22 rows=105 width=125)
	  Recheck Cond: ((k >= 4134095) AND (k <= 4134195))
	  ->  Bitmap Index Scan on k_7  (cost=0.00..5.48 rows=105 width=0)
	        Index Cond: ((k >= 4134095) AND (k <= 4134195))

table 8 : explain SELECT k, c FROM sbtest8 WHERE k BETWEEN 4134095 AND 4134195
	Bitmap Heap Scan on sbtest8  (cost=5.54..433.07 rows=108 width=125)
	  Recheck Cond: ((k >= 4134095) AND (k <= 4134195))
	  ->  Bitmap Index Scan on k_8  (cost=0.00..5.51 rows=108 width=0)
	        Index Cond: ((k >= 4134095) AND (k <= 4134195))

for range-notcovered
table 1 : explain SELECT k, c FROM sbtest1 WHERE k BETWEEN 5644186 AND 5644286
	Bitmap Heap Scan on sbtest1  (cost=5.49..413.35 rows=103 width=125)
	  Recheck Cond: ((k >= 5644186) AND (k <= 5644286))
	  ->  Bitmap Index Scan on k_1  (cost=0.00..5.46 rows=103 width=0)
	        Index Cond: ((k >= 5644186) AND (k <= 5644286))

table 2 : explain SELECT k, c FROM sbtest2 WHERE k BETWEEN 5644186 AND 5644286
	Bitmap Heap Scan on sbtest2  (cost=5.47..405.48 rows=101 width=125)
	  Recheck Cond: ((k >= 5644186) AND (k <= 5644286))
	  ->  Bitmap Index Scan on k_2  (cost=0.00..5.44 rows=101 width=0)
	        Index Cond: ((k >= 5644186) AND (k <= 5644286))

table 3 : explain SELECT k, c FROM sbtest3 WHERE k BETWEEN 5644186 AND 5644286
	Bitmap Heap Scan on sbtest3  (cost=5.47..405.49 rows=101 width=125)
	  Recheck Cond: ((k >= 5644186) AND (k <= 5644286))
	  ->  Bitmap Index Scan on k_3  (cost=0.00..5.44 rows=101 width=0)
	        Index Cond: ((k >= 5644186) AND (k <= 5644286))

table 4 : explain SELECT k, c FROM sbtest4 WHERE k BETWEEN 5644186 AND 5644286
	Bitmap Heap Scan on sbtest4  (cost=5.56..441.22 rows=110 width=125)
	  Recheck Cond: ((k >= 5644186) AND (k <= 5644286))
	  ->  Bitmap Index Scan on k_4  (cost=0.00..5.53 rows=110 width=0)
	        Index Cond: ((k >= 5644186) AND (k <= 5644286))

table 5 : explain SELECT k, c FROM sbtest5 WHERE k BETWEEN 5644186 AND 5644286
	Bitmap Heap Scan on sbtest5  (cost=5.46..401.77 rows=100 width=125)
	  Recheck Cond: ((k >= 5644186) AND (k <= 5644286))
	  ->  Bitmap Index Scan on k_5  (cost=0.00..5.43 rows=100 width=0)
	        Index Cond: ((k >= 5644186) AND (k <= 5644286))

table 6 : explain SELECT k, c FROM sbtest6 WHERE k BETWEEN 5644186 AND 5644286
	Bitmap Heap Scan on sbtest6  (cost=5.50..417.35 rows=104 width=125)
	  Recheck Cond: ((k >= 5644186) AND (k <= 5644286))
	  ->  Bitmap Index Scan on k_6  (cost=0.00..5.47 rows=104 width=0)
	        Index Cond: ((k >= 5644186) AND (k <= 5644286))

table 7 : explain SELECT k, c FROM sbtest7 WHERE k BETWEEN 5644186 AND 5644286
	Bitmap Heap Scan on sbtest7  (cost=5.49..413.34 rows=103 width=125)
	  Recheck Cond: ((k >= 5644186) AND (k <= 5644286))
	  ->  Bitmap Index Scan on k_7  (cost=0.00..5.46 rows=103 width=0)
	        Index Cond: ((k >= 5644186) AND (k <= 5644286))

table 8 : explain SELECT k, c FROM sbtest8 WHERE k BETWEEN 5644186 AND 5644286
	Bitmap Heap Scan on sbtest8  (cost=5.57..444.89 rows=111 width=125)
	  Recheck Cond: ((k >= 5644186) AND (k <= 5644286))
	  ->  Bitmap Index Scan on k_8  (cost=0.00..5.54 rows=111 width=0)
	        Index Cond: ((k >= 5644186) AND (k <= 5644286))

explain: for range-notcovered :: explain SELECT k, c FROM sbtest%d WHERE k BETWEEN 5644186 AND 5644286
for range-notcovered
table 1 : explain SELECT k, c FROM sbtest1 WHERE k BETWEEN 3530048 AND 3530148
	Bitmap Heap Scan on sbtest1  (cost=5.35..358.12 rows=89 width=125)
	  Recheck Cond: ((k >= 3530048) AND (k <= 3530148))
	  ->  Bitmap Index Scan on k_1  (cost=0.00..5.32 rows=89 width=0)
	        Index Cond: ((k >= 3530048) AND (k <= 3530148))

table 2 : explain SELECT k, c FROM sbtest2 WHERE k BETWEEN 3530048 AND 3530148
	Bitmap Heap Scan on sbtest2  (cost=5.46..401.54 rows=100 width=125)
	  Recheck Cond: ((k >= 3530048) AND (k <= 3530148))
	  ->  Bitmap Index Scan on k_2  (cost=0.00..5.43 rows=100 width=0)
	        Index Cond: ((k >= 3530048) AND (k <= 3530148))

table 3 : explain SELECT k, c FROM sbtest3 WHERE k BETWEEN 3530048 AND 3530148
	Bitmap Heap Scan on sbtest3  (cost=5.42..385.77 rows=96 width=125)
	  Recheck Cond: ((k >= 3530048) AND (k <= 3530148))
	  ->  Bitmap Index Scan on k_3  (cost=0.00..5.39 rows=96 width=0)
	        Index Cond: ((k >= 3530048) AND (k <= 3530148))

table 4 : explain SELECT k, c FROM sbtest4 WHERE k BETWEEN 3530048 AND 3530148
	Bitmap Heap Scan on sbtest4  (cost=5.57..445.16 rows=111 width=125)
	  Recheck Cond: ((k >= 3530048) AND (k <= 3530148))
	  ->  Bitmap Index Scan on k_4  (cost=0.00..5.54 rows=111 width=0)
	        Index Cond: ((k >= 3530048) AND (k <= 3530148))

table 5 : explain SELECT k, c FROM sbtest5 WHERE k BETWEEN 3530048 AND 3530148
	Bitmap Heap Scan on sbtest5  (cost=5.41..382.02 rows=95 width=125)
	  Recheck Cond: ((k >= 3530048) AND (k <= 3530148))
	  ->  Bitmap Index Scan on k_5  (cost=0.00..5.38 rows=95 width=0)
	        Index Cond: ((k >= 3530048) AND (k <= 3530148))

table 6 : explain SELECT k, c FROM sbtest6 WHERE k BETWEEN 3530048 AND 3530148
	Bitmap Heap Scan on sbtest6  (cost=5.44..393.68 rows=98 width=125)
	  Recheck Cond: ((k >= 3530048) AND (k <= 3530148))
	  ->  Bitmap Index Scan on k_6  (cost=0.00..5.42 rows=98 width=0)
	        Index Cond: ((k >= 3530048) AND (k <= 3530148))

table 7 : explain SELECT k, c FROM sbtest7 WHERE k BETWEEN 3530048 AND 3530148
	Bitmap Heap Scan on sbtest7  (cost=5.45..397.57 rows=99 width=125)
	  Recheck Cond: ((k >= 3530048) AND (k <= 3530148))
	  ->  Bitmap Index Scan on k_7  (cost=0.00..5.42 rows=99 width=0)
	        Index Cond: ((k >= 3530048) AND (k <= 3530148))

table 8 : explain SELECT k, c FROM sbtest8 WHERE k BETWEEN 3530048 AND 3530148
	Bitmap Heap Scan on sbtest8  (cost=5.51..421.25 rows=105 width=125)
	  Recheck Cond: ((k >= 3530048) AND (k <= 3530148))
	  ->  Bitmap Index Scan on k_8  (cost=0.00..5.48 rows=105 width=0)
	        Index Cond: ((k >= 3530048) AND (k <= 3530148))

for range-notcovered
table 1 : explain SELECT k, c FROM sbtest1 WHERE k BETWEEN 6206397 AND 6206497
	Bitmap Heap Scan on sbtest1  (cost=5.47..405.46 rows=101 width=125)
	  Recheck Cond: ((k >= 6206397) AND (k <= 6206497))
	  ->  Bitmap Index Scan on k_1  (cost=0.00..5.44 rows=101 width=0)
	        Index Cond: ((k >= 6206397) AND (k <= 6206497))

table 2 : explain SELECT k, c FROM sbtest2 WHERE k BETWEEN 6206397 AND 6206497
	Bitmap Heap Scan on sbtest2  (cost=5.46..401.54 rows=100 width=125)
	  Recheck Cond: ((k >= 6206397) AND (k <= 6206497))
	  ->  Bitmap Index Scan on k_2  (cost=0.00..5.43 rows=100 width=0)
	        Index Cond: ((k >= 6206397) AND (k <= 6206497))

table 3 : explain SELECT k, c FROM sbtest3 WHERE k BETWEEN 6206397 AND 6206497
	Bitmap Heap Scan on sbtest3  (cost=5.45..397.61 rows=99 width=125)
	  Recheck Cond: ((k >= 6206397) AND (k <= 6206497))
	  ->  Bitmap Index Scan on k_3  (cost=0.00..5.42 rows=99 width=0)
	        Index Cond: ((k >= 6206397) AND (k <= 6206497))

table 4 : explain SELECT k, c FROM sbtest4 WHERE k BETWEEN 6206397 AND 6206497
	Bitmap Heap Scan on sbtest4  (cost=5.41..382.02 rows=95 width=125)
	  Recheck Cond: ((k >= 6206397) AND (k <= 6206497))
	  ->  Bitmap Index Scan on k_4  (cost=0.00..5.38 rows=95 width=0)
	        Index Cond: ((k >= 6206397) AND (k <= 6206497))

table 5 : explain SELECT k, c FROM sbtest5 WHERE k BETWEEN 6206397 AND 6206497
	Bitmap Heap Scan on sbtest5  (cost=5.51..421.50 rows=105 width=125)
	  Recheck Cond: ((k >= 6206397) AND (k <= 6206497))
	  ->  Bitmap Index Scan on k_5  (cost=0.00..5.48 rows=105 width=0)
	        Index Cond: ((k >= 6206397) AND (k <= 6206497))

table 6 : explain SELECT k, c FROM sbtest6 WHERE k BETWEEN 6206397 AND 6206497
	Bitmap Heap Scan on sbtest6  (cost=5.34..354.21 rows=88 width=125)
	  Recheck Cond: ((k >= 6206397) AND (k <= 6206497))
	  ->  Bitmap Index Scan on k_6  (cost=0.00..5.31 rows=88 width=0)
	        Index Cond: ((k >= 6206397) AND (k <= 6206497))

table 7 : explain SELECT k, c FROM sbtest7 WHERE k BETWEEN 6206397 AND 6206497
	Bitmap Heap Scan on sbtest7  (cost=5.49..413.34 rows=103 width=125)
	  Recheck Cond: ((k >= 6206397) AND (k <= 6206497))
	  ->  Bitmap Index Scan on k_7  (cost=0.00..5.46 rows=103 width=0)
	        Index Cond: ((k >= 6206397) AND (k <= 6206497))

table 8 : explain SELECT k, c FROM sbtest8 WHERE k BETWEEN 6206397 AND 6206497
	Bitmap Heap Scan on sbtest8  (cost=5.42..385.76 rows=96 width=125)
	  Recheck Cond: ((k >= 6206397) AND (k <= 6206497))
	  ->  Bitmap Index Scan on k_8  (cost=0.00..5.39 rows=96 width=0)
	        Index Cond: ((k >= 6206397) AND (k <= 6206497))

for range-notcovered
table 1 : explain SELECT k, c FROM sbtest1 WHERE k BETWEEN 5644186 AND 5644286
	Bitmap Heap Scan on sbtest1  (cost=5.49..413.35 rows=103 width=125)
	  Recheck Cond: ((k >= 5644186) AND (k <= 5644286))
	  ->  Bitmap Index Scan on k_1  (cost=0.00..5.46 rows=103 width=0)
	        Index Cond: ((k >= 5644186) AND (k <= 5644286))

table 2 : explain SELECT k, c FROM sbtest2 WHERE k BETWEEN 5644186 AND 5644286
	Bitmap Heap Scan on sbtest2  (cost=5.47..405.48 rows=101 width=125)
	  Recheck Cond: ((k >= 5644186) AND (k <= 5644286))
	  ->  Bitmap Index Scan on k_2  (cost=0.00..5.44 rows=101 width=0)
	        Index Cond: ((k >= 5644186) AND (k <= 5644286))

table 3 : explain SELECT k, c FROM sbtest3 WHERE k BETWEEN 5644186 AND 5644286
	Bitmap Heap Scan on sbtest3  (cost=5.47..405.49 rows=101 width=125)
	  Recheck Cond: ((k >= 5644186) AND (k <= 5644286))
	  ->  Bitmap Index Scan on k_3  (cost=0.00..5.44 rows=101 width=0)
	        Index Cond: ((k >= 5644186) AND (k <= 5644286))

table 4 : explain SELECT k, c FROM sbtest4 WHERE k BETWEEN 5644186 AND 5644286
	Bitmap Heap Scan on sbtest4  (cost=5.56..441.22 rows=110 width=125)
	  Recheck Cond: ((k >= 5644186) AND (k <= 5644286))
	  ->  Bitmap Index Scan on k_4  (cost=0.00..5.53 rows=110 width=0)
	        Index Cond: ((k >= 5644186) AND (k <= 5644286))

table 5 : explain SELECT k, c FROM sbtest5 WHERE k BETWEEN 5644186 AND 5644286
	Bitmap Heap Scan on sbtest5  (cost=5.46..401.77 rows=100 width=125)
	  Recheck Cond: ((k >= 5644186) AND (k <= 5644286))
	  ->  Bitmap Index Scan on k_5  (cost=0.00..5.43 rows=100 width=0)
	        Index Cond: ((k >= 5644186) AND (k <= 5644286))

table 6 : explain SELECT k, c FROM sbtest6 WHERE k BETWEEN 5644186 AND 5644286
	Bitmap Heap Scan on sbtest6  (cost=5.50..417.35 rows=104 width=125)
	  Recheck Cond: ((k >= 5644186) AND (k <= 5644286))
	  ->  Bitmap Index Scan on k_6  (cost=0.00..5.47 rows=104 width=0)
	        Index Cond: ((k >= 5644186) AND (k <= 5644286))

table 7 : explain SELECT k, c FROM sbtest7 WHERE k BETWEEN 5644186 AND 5644286
	Bitmap Heap Scan on sbtest7  (cost=5.49..413.34 rows=103 width=125)
	  Recheck Cond: ((k >= 5644186) AND (k <= 5644286))
	  ->  Bitmap Index Scan on k_7  (cost=0.00..5.46 rows=103 width=0)
	        Index Cond: ((k >= 5644186) AND (k <= 5644286))

table 8 : explain SELECT k, c FROM sbtest8 WHERE k BETWEEN 5644186 AND 5644286
	Bitmap Heap Scan on sbtest8  (cost=5.57..444.89 rows=111 width=125)
	  Recheck Cond: ((k >= 5644186) AND (k <= 5644286))
	  ->  Bitmap Index Scan on k_8  (cost=0.00..5.54 rows=111 width=0)
	        Index Cond: ((k >= 5644186) AND (k <= 5644286))

Threads started!

Warming up for 5 seconds...

SQL statistics:
    queries performed:
        read:                            98152447
        write:                           0
        other:                           0
        total:                           98152447
    transactions:                        98152447 (155796.00 per sec.)
    queries:                             98152447 (155796.00 per sec.)
    ignored errors:                      0      (0.00 per sec.)
    reconnects:                          0      (0.00 per sec.)

Throughput:
    events/s (eps):                      155795.9990
    time elapsed:                        630.0063s
    total number of events:              98152447

Latency (ms):
         min:                                    0.07
         avg:                                    0.26
         max:                                   19.37
         95th percentile:                        0.29
         sum:                             25162670.78

Threads fairness:
    events (avg/stddev):           2453808.2750/19770.86
    execution time (avg/stddev):   629.0668/0.02

