LUA_PATH=/home/mdcallag/git/mytools/bench/sysbench.lua/lua/?.lua /home/mdcallag/git/mytools/bench/sysbench.lua/lua/sysbench --db-driver=pgsql --range-size=100 --table-size=10000000 --tables=8 --threads=40 --events=0 --warmup-time=5 --time=630 --pgsql_conn_id=true /home/mdcallag/git/mytools/bench/sysbench.lua/lua/oltp_range_covered.lua run --pgsql-user=root --pgsql-password=pw --pgsql-host=127.0.0.1 --pgsql-db=ib --rand-type=uniform --random-points=100 --skip-trx
48 CPUs
sysbench 1.1.0-9072687 (using bundled LuaJIT 2.1.0-beta3)

Running the test with following options:
Number of threads: 40
Warmup time: 5s
Initializing random number generator from current time


Initializing worker threads...

explain: for range-covered :: explain SELECT id FROM sbtest%d WHERE id BETWEEN 6124092 AND 6124192
explain: for range-covered :: explain SELECT id FROM sbtest%d WHERE id BETWEEN 3978660 AND 3978760
explain: for range-covered :: explain SELECT id FROM sbtest%d WHERE id BETWEEN 6683940 AND 6684040
explain: for range-covered :: explain SELECT id FROM sbtest%d WHERE id BETWEEN 1157503 AND 1157603
explain: for range-covered :: explain SELECT id FROM sbtest%d WHERE id BETWEEN 4535702 AND 4535802
explain: for range-covered :: explain SELECT id FROM sbtest%d WHERE id BETWEEN 8048264 AND 8048364
for range-covered
table 1 : explain SELECT id FROM sbtest1 WHERE id BETWEEN 3978660 AND 3978760
	Index Only Scan using sbtest1_pkey on sbtest1  (cost=0.43..6.42 rows=99 width=4)
	  Index Cond: ((id >= 3978660) AND (id <= 3978760))

table 2 : explain SELECT id FROM sbtest2 WHERE id BETWEEN 3978660 AND 3978760
	Index Only Scan using sbtest2_pkey on sbtest2  (cost=0.43..6.51 rows=104 width=4)
	  Index Cond: ((id >= 3978660) AND (id <= 3978760))

table 3 : explain SELECT id FROM sbtest3 WHERE id BETWEEN 3978660 AND 3978760
	Index Only Scan using sbtest3_pkey on sbtest3  (cost=0.43..6.56 rows=106 width=4)
	  Index Cond: ((id >= 3978660) AND (id <= 3978760))

table 4 : explain SELECT id FROM sbtest4 WHERE id BETWEEN 3978660 AND 3978760
	Index Only Scan using sbtest4_pkey on sbtest4  (cost=0.43..6.72 rows=114 width=4)
	  Index Cond: ((id >= 3978660) AND (id <= 3978760))

table 5 : explain SELECT id FROM sbtest5 WHERE id BETWEEN 3978660 AND 3978760
	Index Only Scan using sbtest5_pkey on sbtest5  (cost=0.43..6.56 rows=106 width=4)
	  Index Cond: ((id >= 3978660) AND (id <= 3978760))

table 6 : explain SELECT id FROM sbtest6 WHERE id BETWEEN 3978660 AND 3978760
	Index Only Scan using sbtest6_pkey on sbtest6  (cost=0.43..6.61 rows=109 width=4)
	  Index Cond: ((id >= 3978660) AND (id <= 3978760))

table 7 : explain SELECT id FROM sbtest7 WHERE id BETWEEN 3978660 AND 3978760
	Index Only Scan using sbtest7_pkey on sbtest7  (cost=0.43..6.43 rows=100 width=4)
	  Index Cond: ((id >= 3978660) AND (id <= 3978760))

table 8 : explain SELECT id FROM sbtest8 WHERE id BETWEEN 3978660 AND 3978760
	Index Only Scan using sbtest8_pkey on sbtest8  (cost=0.43..6.56 rows=106 width=4)
	  Index Cond: ((id >= 3978660) AND (id <= 3978760))

explain: for range-covered :: explain SELECT id FROM sbtest%d WHERE id BETWEEN 3978660 AND 3978760
for range-covered
table 1 : explain SELECT id FROM sbtest1 WHERE id BETWEEN 6124092 AND 6124192
	Index Only Scan using sbtest1_pkey on sbtest1  (cost=0.43..6.24 rows=90 width=4)
	  Index Cond: ((id >= 6124092) AND (id <= 6124192))

table 2 : explain SELECT id FROM sbtest2 WHERE id BETWEEN 6124092 AND 6124192
	Index Only Scan using sbtest2_pkey on sbtest2  (cost=0.43..6.47 rows=102 width=4)
	  Index Cond: ((id >= 6124092) AND (id <= 6124192))

table 3 : explain SELECT id FROM sbtest3 WHERE id BETWEEN 6124092 AND 6124192
	Index Only Scan using sbtest3_pkey on sbtest3  (cost=0.43..6.56 rows=106 width=4)
	  Index Cond: ((id >= 6124092) AND (id <= 6124192))

table 4 : explain SELECT id FROM sbtest4 WHERE id BETWEEN 6124092 AND 6124192
	Index Only Scan using sbtest4_pkey on sbtest4  (cost=0.43..6.35 rows=96 width=4)
	  Index Cond: ((id >= 6124092) AND (id <= 6124192))

table 5 : explain SELECT id FROM sbtest5 WHERE id BETWEEN 6124092 AND 6124192
	Index Only Scan using sbtest5_pkey on sbtest5  (cost=0.43..6.45 rows=101 width=4)
	  Index Cond: ((id >= 6124092) AND (id <= 6124192))

table 6 : explain SELECT id FROM sbtest6 WHERE id BETWEEN 6124092 AND 6124192
	Index Only Scan using sbtest6_pkey on sbtest6  (cost=0.43..6.47 rows=102 width=4)
	  Index Cond: ((id >= 6124092) AND (id <= 6124192))

table 7 : explain SELECT id FROM sbtest7 WHERE id BETWEEN 6124092 AND 6124192
	Index Only Scan using sbtest7_pkey on sbtest7  (cost=0.43..6.35 rows=96 width=4)
	  Index Cond: ((id >= 6124092) AND (id <= 6124192))

table 8 : explain SELECT id FROM sbtest8 WHERE id BETWEEN 6124092 AND 6124192
	Index Only Scan using sbtest8_pkey on sbtest8  (cost=0.43..6.43 rows=100 width=4)
	  Index Cond: ((id >= 6124092) AND (id <= 6124192))

explain: for range-covered :: explain SELECT id FROM sbtest%d WHERE id BETWEEN 6124092 AND 6124192
for range-covered
table 1 : explain SELECT id FROM sbtest1 WHERE id BETWEEN 6124092 AND 6124192
	Index Only Scan using sbtest1_pkey on sbtest1  (cost=0.43..6.24 rows=90 width=4)
	  Index Cond: ((id >= 6124092) AND (id <= 6124192))

table 2 : explain SELECT id FROM sbtest2 WHERE id BETWEEN 6124092 AND 6124192
	Index Only Scan using sbtest2_pkey on sbtest2  (cost=0.43..6.47 rows=102 width=4)
	  Index Cond: ((id >= 6124092) AND (id <= 6124192))

table 3 : explain SELECT id FROM sbtest3 WHERE id BETWEEN 6124092 AND 6124192
	Index Only Scan using sbtest3_pkey on sbtest3  (cost=0.43..6.56 rows=106 width=4)
	  Index Cond: ((id >= 6124092) AND (id <= 6124192))

table 4 : explain SELECT id FROM sbtest4 WHERE id BETWEEN 6124092 AND 6124192
	Index Only Scan using sbtest4_pkey on sbtest4  (cost=0.43..6.35 rows=96 width=4)
	  Index Cond: ((id >= 6124092) AND (id <= 6124192))

table 5 : explain SELECT id FROM sbtest5 WHERE id BETWEEN 6124092 AND 6124192
	Index Only Scan using sbtest5_pkey on sbtest5  (cost=0.43..6.45 rows=101 width=4)
	  Index Cond: ((id >= 6124092) AND (id <= 6124192))

table 6 : explain SELECT id FROM sbtest6 WHERE id BETWEEN 6124092 AND 6124192
	Index Only Scan using sbtest6_pkey on sbtest6  (cost=0.43..6.47 rows=102 width=4)
	  Index Cond: ((id >= 6124092) AND (id <= 6124192))

table 7 : explain SELECT id FROM sbtest7 WHERE id BETWEEN 6124092 AND 6124192
	Index Only Scan using sbtest7_pkey on sbtest7  (cost=0.43..6.35 rows=96 width=4)
	  Index Cond: ((id >= 6124092) AND (id <= 6124192))

table 8 : explain SELECT id FROM sbtest8 WHERE id BETWEEN 6124092 AND 6124192
	Index Only Scan using sbtest8_pkey on sbtest8  (cost=0.43..6.43 rows=100 width=4)
	  Index Cond: ((id >= 6124092) AND (id <= 6124192))

for range-covered
table 1 : explain SELECT id FROM sbtest1 WHERE id BETWEEN 1157503 AND 1157603
	Index Only Scan using sbtest1_pkey on sbtest1  (cost=0.43..6.50 rows=103 width=4)
	  Index Cond: ((id >= 1157503) AND (id <= 1157603))

table 2 : explain SELECT id FROM sbtest2 WHERE id BETWEEN 1157503 AND 1157603
	Index Only Scan using sbtest2_pkey on sbtest2  (cost=0.43..6.50 rows=103 width=4)
	  Index Cond: ((id >= 1157503) AND (id <= 1157603))

table 3 : explain SELECT id FROM sbtest3 WHERE id BETWEEN 1157503 AND 1157603
	Index Only Scan using sbtest3_pkey on sbtest3  (cost=0.43..6.37 rows=97 width=4)
	  Index Cond: ((id >= 1157503) AND (id <= 1157603))

table 4 : explain SELECT id FROM sbtest4 WHERE id BETWEEN 1157503 AND 1157603
	Index Only Scan using sbtest4_pkey on sbtest4  (cost=0.43..6.72 rows=114 width=4)
	  Index Cond: ((id >= 1157503) AND (id <= 1157603))

table 5 : explain SELECT id FROM sbtest5 WHERE id BETWEEN 1157503 AND 1157603
	Index Only Scan using sbtest5_pkey on sbtest5  (cost=0.43..6.63 rows=110 width=4)
	  Index Cond: ((id >= 1157503) AND (id <= 1157603))

table 6 : explain SELECT id FROM sbtest6 WHERE id BETWEEN 1157503 AND 1157603
	Index Only Scan using sbtest6_pkey on sbtest6  (cost=0.43..6.58 rows=107 width=4)
	  Index Cond: ((id >= 1157503) AND (id <= 1157603))

table 7 : explain SELECT id FROM sbtest7 WHERE id BETWEEN 1157503 AND 1157603
	Index Only Scan using sbtest7_pkey on sbtest7  (cost=0.43..6.47 rows=102 width=4)
	  Index Cond: ((id >= 1157503) AND (id <= 1157603))

table 8 : explain SELECT id FROM sbtest8 WHERE id BETWEEN 1157503 AND 1157603
	Index Only Scan using sbtest8_pkey on sbtest8  (cost=0.43..6.50 rows=103 width=4)
	  Index Cond: ((id >= 1157503) AND (id <= 1157603))

for range-covered
table 1 : explain SELECT id FROM sbtest1 WHERE id BETWEEN 4535702 AND 4535802
	Index Only Scan using sbtest1_pkey on sbtest1  (cost=0.43..6.43 rows=100 width=4)
	  Index Cond: ((id >= 4535702) AND (id <= 4535802))

table 2 : explain SELECT id FROM sbtest2 WHERE id BETWEEN 4535702 AND 4535802
	Index Only Scan using sbtest2_pkey on sbtest2  (cost=0.43..6.51 rows=104 width=4)
	  Index Cond: ((id >= 4535702) AND (id <= 4535802))

table 3 : explain SELECT id FROM sbtest3 WHERE id BETWEEN 4535702 AND 4535802
	Index Only Scan using sbtest3_pkey on sbtest3  (cost=0.43..6.50 rows=103 width=4)
	  Index Cond: ((id >= 4535702) AND (id <= 4535802))

table 4 : explain SELECT id FROM sbtest4 WHERE id BETWEEN 4535702 AND 4535802
	Index Only Scan using sbtest4_pkey on sbtest4  (cost=0.43..6.42 rows=99 width=4)
	  Index Cond: ((id >= 4535702) AND (id <= 4535802))

table 5 : explain SELECT id FROM sbtest5 WHERE id BETWEEN 4535702 AND 4535802
	Index Only Scan using sbtest5_pkey on sbtest5  (cost=0.43..6.37 rows=97 width=4)
	  Index Cond: ((id >= 4535702) AND (id <= 4535802))

table 6 : explain SELECT id FROM sbtest6 WHERE id BETWEEN 4535702 AND 4535802
	Index Only Scan using sbtest6_pkey on sbtest6  (cost=0.43..6.53 rows=105 width=4)
	  Index Cond: ((id >= 4535702) AND (id <= 4535802))

table 7 : explain SELECT id FROM sbtest7 WHERE id BETWEEN 4535702 AND 4535802
	Index Only Scan using sbtest7_pkey on sbtest7  (cost=0.43..6.50 rows=103 width=4)
	  Index Cond: ((id >= 4535702) AND (id <= 4535802))

table 8 : explain SELECT id FROM sbtest8 WHERE id BETWEEN 4535702 AND 4535802
	Index Only Scan using sbtest8_pkey on sbtest8  (cost=0.43..6.35 rows=96 width=4)
	  Index Cond: ((id >= 4535702) AND (id <= 4535802))

explain: for range-covered :: explain SELECT id FROM sbtest%d WHERE id BETWEEN 6124092 AND 6124192
explain: for range-covered :: explain SELECT id FROM sbtest%d WHERE id BETWEEN 4535702 AND 4535802
explain: for range-covered :: explain SELECT id FROM sbtest%d WHERE id BETWEEN 6783486 AND 6783586
for range-covered
table 1 : explain SELECT id FROM sbtest1 WHERE id BETWEEN 6683940 AND 6684040
	Index Only Scan using sbtest1_pkey on sbtest1  (cost=0.43..6.47 rows=102 width=4)
	  Index Cond: ((id >= 6683940) AND (id <= 6684040))

table 2 : explain SELECT id FROM sbtest2 WHERE id BETWEEN 6683940 AND 6684040
	Index Only Scan using sbtest2_pkey on sbtest2  (cost=0.43..6.37 rows=97 width=4)
	  Index Cond: ((id >= 6683940) AND (id <= 6684040))

table 3 : explain SELECT id FROM sbtest3 WHERE id BETWEEN 6683940 AND 6684040
	Index Only Scan using sbtest3_pkey on sbtest3  (cost=0.43..6.53 rows=105 width=4)
	  Index Cond: ((id >= 6683940) AND (id <= 6684040))

table 4 : explain SELECT id FROM sbtest4 WHERE id BETWEEN 6683940 AND 6684040
	Index Only Scan using sbtest4_pkey on sbtest4  (cost=0.43..6.53 rows=105 width=4)
	  Index Cond: ((id >= 6683940) AND (id <= 6684040))

table 5 : explain SELECT id FROM sbtest5 WHERE id BETWEEN 6683940 AND 6684040
	Index Only Scan using sbtest5_pkey on sbtest5  (cost=0.43..6.33 rows=95 width=4)
	  Index Cond: ((id >= 6683940) AND (id <= 6684040))

table 6 : explain SELECT id FROM sbtest6 WHERE id BETWEEN 6683940 AND 6684040
	Index Only Scan using sbtest6_pkey on sbtest6  (cost=0.43..6.32 rows=94 width=4)
	  Index Cond: ((id >= 6683940) AND (id <= 6684040))

table 7 : explain SELECT id FROM sbtest7 WHERE id BETWEEN 6683940 AND 6684040
	Index Only Scan using sbtest7_pkey on sbtest7  (cost=0.43..6.21 rows=89 width=4)
	  Index Cond: ((id >= 6683940) AND (id <= 6684040))

table 8 : explain SELECT id FROM sbtest8 WHERE id BETWEEN 6683940 AND 6684040
	Index Only Scan using sbtest8_pkey on sbtest8  (cost=0.43..6.32 rows=94 width=4)
	  Index Cond: ((id >= 6683940) AND (id <= 6684040))

explain: for range-covered :: explain SELECT id FROM sbtest%d WHERE id BETWEEN 6683940 AND 6684040
for range-covered
table 1 : explain SELECT id FROM sbtest1 WHERE id BETWEEN 6124092 AND 6124192
	Index Only Scan using sbtest1_pkey on sbtest1  (cost=0.43..6.24 rows=90 width=4)
	  Index Cond: ((id >= 6124092) AND (id <= 6124192))

table 2 : explain SELECT id FROM sbtest2 WHERE id BETWEEN 6124092 AND 6124192
	Index Only Scan using sbtest2_pkey on sbtest2  (cost=0.43..6.47 rows=102 width=4)
	  Index Cond: ((id >= 6124092) AND (id <= 6124192))

table 3 : explain SELECT id FROM sbtest3 WHERE id BETWEEN 6124092 AND 6124192
	Index Only Scan using sbtest3_pkey on sbtest3  (cost=0.43..6.56 rows=106 width=4)
	  Index Cond: ((id >= 6124092) AND (id <= 6124192))

table 4 : explain SELECT id FROM sbtest4 WHERE id BETWEEN 6124092 AND 6124192
	Index Only Scan using sbtest4_pkey on sbtest4  (cost=0.43..6.35 rows=96 width=4)
	  Index Cond: ((id >= 6124092) AND (id <= 6124192))

table 5 : explain SELECT id FROM sbtest5 WHERE id BETWEEN 6124092 AND 6124192
	Index Only Scan using sbtest5_pkey on sbtest5  (cost=0.43..6.45 rows=101 width=4)
	  Index Cond: ((id >= 6124092) AND (id <= 6124192))

table 6 : explain SELECT id FROM sbtest6 WHERE id BETWEEN 6124092 AND 6124192
	Index Only Scan using sbtest6_pkey on sbtest6  (cost=0.43..6.47 rows=102 width=4)
	  Index Cond: ((id >= 6124092) AND (id <= 6124192))

table 7 : explain SELECT id FROM sbtest7 WHERE id BETWEEN 6124092 AND 6124192
	Index Only Scan using sbtest7_pkey on sbtest7  (cost=0.43..6.35 rows=96 width=4)
	  Index Cond: ((id >= 6124092) AND (id <= 6124192))

table 8 : explain SELECT id FROM sbtest8 WHERE id BETWEEN 6124092 AND 6124192
	Index Only Scan using sbtest8_pkey on sbtest8  (cost=0.43..6.43 rows=100 width=4)
	  Index Cond: ((id >= 6124092) AND (id <= 6124192))

explain: for range-covered :: explain SELECT id FROM sbtest%d WHERE id BETWEEN 6124092 AND 6124192
explain: for range-covered :: explain SELECT id FROM sbtest%d WHERE id BETWEEN 5738070 AND 5738170
explain: for range-covered :: explain SELECT id FROM sbtest%d WHERE id BETWEEN 5821337 AND 5821437
for range-covered
table 1 : explain SELECT id FROM sbtest1 WHERE id BETWEEN 3978660 AND 3978760
	Index Only Scan using sbtest1_pkey on sbtest1  (cost=0.43..6.42 rows=99 width=4)
	  Index Cond: ((id >= 3978660) AND (id <= 3978760))

table 2 : explain SELECT id FROM sbtest2 WHERE id BETWEEN 3978660 AND 3978760
	Index Only Scan using sbtest2_pkey on sbtest2  (cost=0.43..6.51 rows=104 width=4)
	  Index Cond: ((id >= 3978660) AND (id <= 3978760))

table 3 : explain SELECT id FROM sbtest3 WHERE id BETWEEN 3978660 AND 3978760
	Index Only Scan using sbtest3_pkey on sbtest3  (cost=0.43..6.56 rows=106 width=4)
	  Index Cond: ((id >= 3978660) AND (id <= 3978760))

table 4 : explain SELECT id FROM sbtest4 WHERE id BETWEEN 3978660 AND 3978760
	Index Only Scan using sbtest4_pkey on sbtest4  (cost=0.43..6.72 rows=114 width=4)
	  Index Cond: ((id >= 3978660) AND (id <= 3978760))

table 5 : explain SELECT id FROM sbtest5 WHERE id BETWEEN 3978660 AND 3978760
	Index Only Scan using sbtest5_pkey on sbtest5  (cost=0.43..6.56 rows=106 width=4)
	  Index Cond: ((id >= 3978660) AND (id <= 3978760))

table 6 : explain SELECT id FROM sbtest6 WHERE id BETWEEN 3978660 AND 3978760
	Index Only Scan using sbtest6_pkey on sbtest6  (cost=0.43..6.61 rows=109 width=4)
	  Index Cond: ((id >= 3978660) AND (id <= 3978760))

table 7 : explain SELECT id FROM sbtest7 WHERE id BETWEEN 3978660 AND 3978760
	Index Only Scan using sbtest7_pkey on sbtest7  (cost=0.43..6.43 rows=100 width=4)
	  Index Cond: ((id >= 3978660) AND (id <= 3978760))

table 8 : explain SELECT id FROM sbtest8 WHERE id BETWEEN 3978660 AND 3978760
	Index Only Scan using sbtest8_pkey on sbtest8  (cost=0.43..6.56 rows=106 width=4)
	  Index Cond: ((id >= 3978660) AND (id <= 3978760))

for range-covered
table 1 : explain SELECT id FROM sbtest1 WHERE id BETWEEN 6683940 AND 6684040
	Index Only Scan using sbtest1_pkey on sbtest1  (cost=0.43..6.47 rows=102 width=4)
	  Index Cond: ((id >= 6683940) AND (id <= 6684040))

table 2 : explain SELECT id FROM sbtest2 WHERE id BETWEEN 6683940 AND 6684040
	Index Only Scan using sbtest2_pkey on sbtest2  (cost=0.43..6.37 rows=97 width=4)
	  Index Cond: ((id >= 6683940) AND (id <= 6684040))

table 3 : explain SELECT id FROM sbtest3 WHERE id BETWEEN 6683940 AND 6684040
	Index Only Scan using sbtest3_pkey on sbtest3  (cost=0.43..6.53 rows=105 width=4)
	  Index Cond: ((id >= 6683940) AND (id <= 6684040))

table 4 : explain SELECT id FROM sbtest4 WHERE id BETWEEN 6683940 AND 6684040
	Index Only Scan using sbtest4_pkey on sbtest4  (cost=0.43..6.53 rows=105 width=4)
	  Index Cond: ((id >= 6683940) AND (id <= 6684040))

table 5 : explain SELECT id FROM sbtest5 WHERE id BETWEEN 6683940 AND 6684040
	Index Only Scan using sbtest5_pkey on sbtest5  (cost=0.43..6.33 rows=95 width=4)
	  Index Cond: ((id >= 6683940) AND (id <= 6684040))

table 6 : explain SELECT id FROM sbtest6 WHERE id BETWEEN 6683940 AND 6684040
	Index Only Scan using sbtest6_pkey on sbtest6  (cost=0.43..6.32 rows=94 width=4)
	  Index Cond: ((id >= 6683940) AND (id <= 6684040))

table 7 : explain SELECT id FROM sbtest7 WHERE id BETWEEN 6683940 AND 6684040
	Index Only Scan using sbtest7_pkey on sbtest7  (cost=0.43..6.21 rows=89 width=4)
	  Index Cond: ((id >= 6683940) AND (id <= 6684040))

table 8 : explain SELECT id FROM sbtest8 WHERE id BETWEEN 6683940 AND 6684040
	Index Only Scan using sbtest8_pkey on sbtest8  (cost=0.43..6.32 rows=94 width=4)
	  Index Cond: ((id >= 6683940) AND (id <= 6684040))

explain: for range-covered :: explain SELECT id FROM sbtest%d WHERE id BETWEEN 3870183 AND 3870283
for range-covered
table 1 : explain SELECT id FROM sbtest1 WHERE id BETWEEN 6124092 AND 6124192
	Index Only Scan using sbtest1_pkey on sbtest1  (cost=0.43..6.24 rows=90 width=4)
	  Index Cond: ((id >= 6124092) AND (id <= 6124192))

table 2 : explain SELECT id FROM sbtest2 WHERE id BETWEEN 6124092 AND 6124192
	Index Only Scan using sbtest2_pkey on sbtest2  (cost=0.43..6.47 rows=102 width=4)
	  Index Cond: ((id >= 6124092) AND (id <= 6124192))

table 3 : explain SELECT id FROM sbtest3 WHERE id BETWEEN 6124092 AND 6124192
	Index Only Scan using sbtest3_pkey on sbtest3  (cost=0.43..6.56 rows=106 width=4)
	  Index Cond: ((id >= 6124092) AND (id <= 6124192))

table 4 : explain SELECT id FROM sbtest4 WHERE id BETWEEN 6124092 AND 6124192
	Index Only Scan using sbtest4_pkey on sbtest4  (cost=0.43..6.35 rows=96 width=4)
	  Index Cond: ((id >= 6124092) AND (id <= 6124192))

table 5 : explain SELECT id FROM sbtest5 WHERE id BETWEEN 6124092 AND 6124192
	Index Only Scan using sbtest5_pkey on sbtest5  (cost=0.43..6.45 rows=101 width=4)
	  Index Cond: ((id >= 6124092) AND (id <= 6124192))

table 6 : explain SELECT id FROM sbtest6 WHERE id BETWEEN 6124092 AND 6124192
	Index Only Scan using sbtest6_pkey on sbtest6  (cost=0.43..6.47 rows=102 width=4)
	  Index Cond: ((id >= 6124092) AND (id <= 6124192))

table 7 : explain SELECT id FROM sbtest7 WHERE id BETWEEN 6124092 AND 6124192
	Index Only Scan using sbtest7_pkey on sbtest7  (cost=0.43..6.35 rows=96 width=4)
	  Index Cond: ((id >= 6124092) AND (id <= 6124192))

table 8 : explain SELECT id FROM sbtest8 WHERE id BETWEEN 6124092 AND 6124192
	Index Only Scan using sbtest8_pkey on sbtest8  (cost=0.43..6.43 rows=100 width=4)
	  Index Cond: ((id >= 6124092) AND (id <= 6124192))

explain: for range-covered :: explain SELECT id FROM sbtest%d WHERE id BETWEEN 6683940 AND 6684040
explain: for range-covered :: explain SELECT id FROM sbtest%d WHERE id BETWEEN 1157503 AND 1157603
for range-covered
table 1 : explain SELECT id FROM sbtest1 WHERE id BETWEEN 4535702 AND 4535802
	Index Only Scan using sbtest1_pkey on sbtest1  (cost=0.43..6.43 rows=100 width=4)
	  Index Cond: ((id >= 4535702) AND (id <= 4535802))

table 2 : explain SELECT id FROM sbtest2 WHERE id BETWEEN 4535702 AND 4535802
	Index Only Scan using sbtest2_pkey on sbtest2  (cost=0.43..6.51 rows=104 width=4)
	  Index Cond: ((id >= 4535702) AND (id <= 4535802))

table 3 : explain SELECT id FROM sbtest3 WHERE id BETWEEN 4535702 AND 4535802
	Index Only Scan using sbtest3_pkey on sbtest3  (cost=0.43..6.50 rows=103 width=4)
	  Index Cond: ((id >= 4535702) AND (id <= 4535802))

table 4 : explain SELECT id FROM sbtest4 WHERE id BETWEEN 4535702 AND 4535802
	Index Only Scan using sbtest4_pkey on sbtest4  (cost=0.43..6.42 rows=99 width=4)
	  Index Cond: ((id >= 4535702) AND (id <= 4535802))

table 5 : explain SELECT id FROM sbtest5 WHERE id BETWEEN 4535702 AND 4535802
	Index Only Scan using sbtest5_pkey on sbtest5  (cost=0.43..6.37 rows=97 width=4)
	  Index Cond: ((id >= 4535702) AND (id <= 4535802))

table 6 : explain SELECT id FROM sbtest6 WHERE id BETWEEN 4535702 AND 4535802
	Index Only Scan using sbtest6_pkey on sbtest6  (cost=0.43..6.53 rows=105 width=4)
	  Index Cond: ((id >= 4535702) AND (id <= 4535802))

table 7 : explain SELECT id FROM sbtest7 WHERE id BETWEEN 4535702 AND 4535802
	Index Only Scan using sbtest7_pkey on sbtest7  (cost=0.43..6.50 rows=103 width=4)
	  Index Cond: ((id >= 4535702) AND (id <= 4535802))

table 8 : explain SELECT id FROM sbtest8 WHERE id BETWEEN 4535702 AND 4535802
	Index Only Scan using sbtest8_pkey on sbtest8  (cost=0.43..6.35 rows=96 width=4)
	  Index Cond: ((id >= 4535702) AND (id <= 4535802))

explain: for range-covered :: explain SELECT id FROM sbtest%d WHERE id BETWEEN 6124092 AND 6124192
explain: for range-covered :: explain SELECT id FROM sbtest%d WHERE id BETWEEN 4535702 AND 4535802
for range-covered
table 1 : explain SELECT id FROM sbtest1 WHERE id BETWEEN 6683940 AND 6684040
	Index Only Scan using sbtest1_pkey on sbtest1  (cost=0.43..6.47 rows=102 width=4)
	  Index Cond: ((id >= 6683940) AND (id <= 6684040))

table 2 : explain SELECT id FROM sbtest2 WHERE id BETWEEN 6683940 AND 6684040
	Index Only Scan using sbtest2_pkey on sbtest2  (cost=0.43..6.37 rows=97 width=4)
	  Index Cond: ((id >= 6683940) AND (id <= 6684040))

table 3 : explain SELECT id FROM sbtest3 WHERE id BETWEEN 6683940 AND 6684040
	Index Only Scan using sbtest3_pkey on sbtest3  (cost=0.43..6.53 rows=105 width=4)
	  Index Cond: ((id >= 6683940) AND (id <= 6684040))

table 4 : explain SELECT id FROM sbtest4 WHERE id BETWEEN 6683940 AND 6684040
	Index Only Scan using sbtest4_pkey on sbtest4  (cost=0.43..6.53 rows=105 width=4)
	  Index Cond: ((id >= 6683940) AND (id <= 6684040))

table 5 : explain SELECT id FROM sbtest5 WHERE id BETWEEN 6683940 AND 6684040
	Index Only Scan using sbtest5_pkey on sbtest5  (cost=0.43..6.33 rows=95 width=4)
	  Index Cond: ((id >= 6683940) AND (id <= 6684040))

table 6 : explain SELECT id FROM sbtest6 WHERE id BETWEEN 6683940 AND 6684040
	Index Only Scan using sbtest6_pkey on sbtest6  (cost=0.43..6.32 rows=94 width=4)
	  Index Cond: ((id >= 6683940) AND (id <= 6684040))

table 7 : explain SELECT id FROM sbtest7 WHERE id BETWEEN 6683940 AND 6684040
	Index Only Scan using sbtest7_pkey on sbtest7  (cost=0.43..6.21 rows=89 width=4)
	  Index Cond: ((id >= 6683940) AND (id <= 6684040))

table 8 : explain SELECT id FROM sbtest8 WHERE id BETWEEN 6683940 AND 6684040
	Index Only Scan using sbtest8_pkey on sbtest8  (cost=0.43..6.32 rows=94 width=4)
	  Index Cond: ((id >= 6683940) AND (id <= 6684040))

explain: for range-covered :: explain SELECT id FROM sbtest%d WHERE id BETWEEN 6683940 AND 6684040
for range-covered
table 1 : explain SELECT id FROM sbtest1 WHERE id BETWEEN 6124092 AND 6124192
	Index Only Scan using sbtest1_pkey on sbtest1  (cost=0.43..6.24 rows=90 width=4)
	  Index Cond: ((id >= 6124092) AND (id <= 6124192))

table 2 : explain SELECT id FROM sbtest2 WHERE id BETWEEN 6124092 AND 6124192
	Index Only Scan using sbtest2_pkey on sbtest2  (cost=0.43..6.47 rows=102 width=4)
	  Index Cond: ((id >= 6124092) AND (id <= 6124192))

table 3 : explain SELECT id FROM sbtest3 WHERE id BETWEEN 6124092 AND 6124192
	Index Only Scan using sbtest3_pkey on sbtest3  (cost=0.43..6.56 rows=106 width=4)
	  Index Cond: ((id >= 6124092) AND (id <= 6124192))

table 4 : explain SELECT id FROM sbtest4 WHERE id BETWEEN 6124092 AND 6124192
	Index Only Scan using sbtest4_pkey on sbtest4  (cost=0.43..6.35 rows=96 width=4)
	  Index Cond: ((id >= 6124092) AND (id <= 6124192))

table 5 : explain SELECT id FROM sbtest5 WHERE id BETWEEN 6124092 AND 6124192
	Index Only Scan using sbtest5_pkey on sbtest5  (cost=0.43..6.45 rows=101 width=4)
	  Index Cond: ((id >= 6124092) AND (id <= 6124192))

table 6 : explain SELECT id FROM sbtest6 WHERE id BETWEEN 6124092 AND 6124192
	Index Only Scan using sbtest6_pkey on sbtest6  (cost=0.43..6.47 rows=102 width=4)
	  Index Cond: ((id >= 6124092) AND (id <= 6124192))

table 7 : explain SELECT id FROM sbtest7 WHERE id BETWEEN 6124092 AND 6124192
	Index Only Scan using sbtest7_pkey on sbtest7  (cost=0.43..6.35 rows=96 width=4)
	  Index Cond: ((id >= 6124092) AND (id <= 6124192))

table 8 : explain SELECT id FROM sbtest8 WHERE id BETWEEN 6124092 AND 6124192
	Index Only Scan using sbtest8_pkey on sbtest8  (cost=0.43..6.43 rows=100 width=4)
	  Index Cond: ((id >= 6124092) AND (id <= 6124192))

for range-covered
table 1 : explain SELECT id FROM sbtest1 WHERE id BETWEEN 4535702 AND 4535802
	Index Only Scan using sbtest1_pkey on sbtest1  (cost=0.43..6.43 rows=100 width=4)
	  Index Cond: ((id >= 4535702) AND (id <= 4535802))

table 2 : explain SELECT id FROM sbtest2 WHERE id BETWEEN 4535702 AND 4535802
	Index Only Scan using sbtest2_pkey on sbtest2  (cost=0.43..6.51 rows=104 width=4)
	  Index Cond: ((id >= 4535702) AND (id <= 4535802))

table 3 : explain SELECT id FROM sbtest3 WHERE id BETWEEN 4535702 AND 4535802
	Index Only Scan using sbtest3_pkey on sbtest3  (cost=0.43..6.50 rows=103 width=4)
	  Index Cond: ((id >= 4535702) AND (id <= 4535802))

table 4 : explain SELECT id FROM sbtest4 WHERE id BETWEEN 4535702 AND 4535802
	Index Only Scan using sbtest4_pkey on sbtest4  (cost=0.43..6.42 rows=99 width=4)
	  Index Cond: ((id >= 4535702) AND (id <= 4535802))

table 5 : explain SELECT id FROM sbtest5 WHERE id BETWEEN 4535702 AND 4535802
	Index Only Scan using sbtest5_pkey on sbtest5  (cost=0.43..6.37 rows=97 width=4)
	  Index Cond: ((id >= 4535702) AND (id <= 4535802))

table 6 : explain SELECT id FROM sbtest6 WHERE id BETWEEN 4535702 AND 4535802
	Index Only Scan using sbtest6_pkey on sbtest6  (cost=0.43..6.53 rows=105 width=4)
	  Index Cond: ((id >= 4535702) AND (id <= 4535802))

table 7 : explain SELECT id FROM sbtest7 WHERE id BETWEEN 4535702 AND 4535802
	Index Only Scan using sbtest7_pkey on sbtest7  (cost=0.43..6.50 rows=103 width=4)
	  Index Cond: ((id >= 4535702) AND (id <= 4535802))

table 8 : explain SELECT id FROM sbtest8 WHERE id BETWEEN 4535702 AND 4535802
	Index Only Scan using sbtest8_pkey on sbtest8  (cost=0.43..6.35 rows=96 width=4)
	  Index Cond: ((id >= 4535702) AND (id <= 4535802))

explain: for range-covered :: explain SELECT id FROM sbtest%d WHERE id BETWEEN 3978660 AND 3978760
explain: for range-covered :: explain SELECT id FROM sbtest%d WHERE id BETWEEN 6124092 AND 6124192
explain: for range-covered :: explain SELECT id FROM sbtest%d WHERE id BETWEEN 4535702 AND 4535802
for range-covered
table 1 : explain SELECT id FROM sbtest1 WHERE id BETWEEN 6683940 AND 6684040
	Index Only Scan using sbtest1_pkey on sbtest1  (cost=0.43..6.47 rows=102 width=4)
	  Index Cond: ((id >= 6683940) AND (id <= 6684040))

table 2 : explain SELECT id FROM sbtest2 WHERE id BETWEEN 6683940 AND 6684040
	Index Only Scan using sbtest2_pkey on sbtest2  (cost=0.43..6.37 rows=97 width=4)
	  Index Cond: ((id >= 6683940) AND (id <= 6684040))

table 3 : explain SELECT id FROM sbtest3 WHERE id BETWEEN 6683940 AND 6684040
	Index Only Scan using sbtest3_pkey on sbtest3  (cost=0.43..6.53 rows=105 width=4)
	  Index Cond: ((id >= 6683940) AND (id <= 6684040))

table 4 : explain SELECT id FROM sbtest4 WHERE id BETWEEN 6683940 AND 6684040
	Index Only Scan using sbtest4_pkey on sbtest4  (cost=0.43..6.53 rows=105 width=4)
	  Index Cond: ((id >= 6683940) AND (id <= 6684040))

table 5 : explain SELECT id FROM sbtest5 WHERE id BETWEEN 6683940 AND 6684040
	Index Only Scan using sbtest5_pkey on sbtest5  (cost=0.43..6.33 rows=95 width=4)
	  Index Cond: ((id >= 6683940) AND (id <= 6684040))

table 6 : explain SELECT id FROM sbtest6 WHERE id BETWEEN 6683940 AND 6684040
	Index Only Scan using sbtest6_pkey on sbtest6  (cost=0.43..6.32 rows=94 width=4)
	  Index Cond: ((id >= 6683940) AND (id <= 6684040))

table 7 : explain SELECT id FROM sbtest7 WHERE id BETWEEN 6683940 AND 6684040
	Index Only Scan using sbtest7_pkey on sbtest7  (cost=0.43..6.21 rows=89 width=4)
	  Index Cond: ((id >= 6683940) AND (id <= 6684040))

table 8 : explain SELECT id FROM sbtest8 WHERE id BETWEEN 6683940 AND 6684040
	Index Only Scan using sbtest8_pkey on sbtest8  (cost=0.43..6.32 rows=94 width=4)
	  Index Cond: ((id >= 6683940) AND (id <= 6684040))

explain: for range-covered :: explain SELECT id FROM sbtest%d WHERE id BETWEEN 6683940 AND 6684040
for range-covered
table 1 : explain SELECT id FROM sbtest1 WHERE id BETWEEN 4535702 AND 4535802
	Index Only Scan using sbtest1_pkey on sbtest1  (cost=0.43..6.43 rows=100 width=4)
	  Index Cond: ((id >= 4535702) AND (id <= 4535802))

table 2 : explain SELECT id FROM sbtest2 WHERE id BETWEEN 4535702 AND 4535802
	Index Only Scan using sbtest2_pkey on sbtest2  (cost=0.43..6.51 rows=104 width=4)
	  Index Cond: ((id >= 4535702) AND (id <= 4535802))

table 3 : explain SELECT id FROM sbtest3 WHERE id BETWEEN 4535702 AND 4535802
	Index Only Scan using sbtest3_pkey on sbtest3  (cost=0.43..6.50 rows=103 width=4)
	  Index Cond: ((id >= 4535702) AND (id <= 4535802))

table 4 : explain SELECT id FROM sbtest4 WHERE id BETWEEN 4535702 AND 4535802
	Index Only Scan using sbtest4_pkey on sbtest4  (cost=0.43..6.42 rows=99 width=4)
	  Index Cond: ((id >= 4535702) AND (id <= 4535802))

table 5 : explain SELECT id FROM sbtest5 WHERE id BETWEEN 4535702 AND 4535802
	Index Only Scan using sbtest5_pkey on sbtest5  (cost=0.43..6.37 rows=97 width=4)
	  Index Cond: ((id >= 4535702) AND (id <= 4535802))

table 6 : explain SELECT id FROM sbtest6 WHERE id BETWEEN 4535702 AND 4535802
	Index Only Scan using sbtest6_pkey on sbtest6  (cost=0.43..6.53 rows=105 width=4)
	  Index Cond: ((id >= 4535702) AND (id <= 4535802))

table 7 : explain SELECT id FROM sbtest7 WHERE id BETWEEN 4535702 AND 4535802
	Index Only Scan using sbtest7_pkey on sbtest7  (cost=0.43..6.50 rows=103 width=4)
	  Index Cond: ((id >= 4535702) AND (id <= 4535802))

table 8 : explain SELECT id FROM sbtest8 WHERE id BETWEEN 4535702 AND 4535802
	Index Only Scan using sbtest8_pkey on sbtest8  (cost=0.43..6.35 rows=96 width=4)
	  Index Cond: ((id >= 4535702) AND (id <= 4535802))

for range-covered
table 1 : explain SELECT id FROM sbtest1 WHERE id BETWEEN 3978660 AND 3978760
	Index Only Scan using sbtest1_pkey on sbtest1  (cost=0.43..6.42 rows=99 width=4)
	  Index Cond: ((id >= 3978660) AND (id <= 3978760))

table 2 : explain SELECT id FROM sbtest2 WHERE id BETWEEN 3978660 AND 3978760
	Index Only Scan using sbtest2_pkey on sbtest2  (cost=0.43..6.51 rows=104 width=4)
	  Index Cond: ((id >= 3978660) AND (id <= 3978760))

table 3 : explain SELECT id FROM sbtest3 WHERE id BETWEEN 3978660 AND 3978760
	Index Only Scan using sbtest3_pkey on sbtest3  (cost=0.43..6.56 rows=106 width=4)
	  Index Cond: ((id >= 3978660) AND (id <= 3978760))

table 4 : explain SELECT id FROM sbtest4 WHERE id BETWEEN 3978660 AND 3978760
	Index Only Scan using sbtest4_pkey on sbtest4  (cost=0.43..6.72 rows=114 width=4)
	  Index Cond: ((id >= 3978660) AND (id <= 3978760))

table 5 : explain SELECT id FROM sbtest5 WHERE id BETWEEN 3978660 AND 3978760
	Index Only Scan using sbtest5_pkey on sbtest5  (cost=0.43..6.56 rows=106 width=4)
	  Index Cond: ((id >= 3978660) AND (id <= 3978760))

table 6 : explain SELECT id FROM sbtest6 WHERE id BETWEEN 3978660 AND 3978760
	Index Only Scan using sbtest6_pkey on sbtest6  (cost=0.43..6.61 rows=109 width=4)
	  Index Cond: ((id >= 3978660) AND (id <= 3978760))

table 7 : explain SELECT id FROM sbtest7 WHERE id BETWEEN 3978660 AND 3978760
	Index Only Scan using sbtest7_pkey on sbtest7  (cost=0.43..6.43 rows=100 width=4)
	  Index Cond: ((id >= 3978660) AND (id <= 3978760))

table 8 : explain SELECT id FROM sbtest8 WHERE id BETWEEN 3978660 AND 3978760
	Index Only Scan using sbtest8_pkey on sbtest8  (cost=0.43..6.56 rows=106 width=4)
	  Index Cond: ((id >= 3978660) AND (id <= 3978760))

for range-covered
table 1 : explain SELECT id FROM sbtest1 WHERE id BETWEEN 6124092 AND 6124192
	Index Only Scan using sbtest1_pkey on sbtest1  (cost=0.43..6.24 rows=90 width=4)
	  Index Cond: ((id >= 6124092) AND (id <= 6124192))

table 2 : explain SELECT id FROM sbtest2 WHERE id BETWEEN 6124092 AND 6124192
	Index Only Scan using sbtest2_pkey on sbtest2  (cost=0.43..6.47 rows=102 width=4)
	  Index Cond: ((id >= 6124092) AND (id <= 6124192))

table 3 : explain SELECT id FROM sbtest3 WHERE id BETWEEN 6124092 AND 6124192
	Index Only Scan using sbtest3_pkey on sbtest3  (cost=0.43..6.56 rows=106 width=4)
	  Index Cond: ((id >= 6124092) AND (id <= 6124192))

table 4 : explain SELECT id FROM sbtest4 WHERE id BETWEEN 6124092 AND 6124192
	Index Only Scan using sbtest4_pkey on sbtest4  (cost=0.43..6.35 rows=96 width=4)
	  Index Cond: ((id >= 6124092) AND (id <= 6124192))

table 5 : explain SELECT id FROM sbtest5 WHERE id BETWEEN 6124092 AND 6124192
	Index Only Scan using sbtest5_pkey on sbtest5  (cost=0.43..6.45 rows=101 width=4)
	  Index Cond: ((id >= 6124092) AND (id <= 6124192))

table 6 : explain SELECT id FROM sbtest6 WHERE id BETWEEN 6124092 AND 6124192
	Index Only Scan using sbtest6_pkey on sbtest6  (cost=0.43..6.47 rows=102 width=4)
	  Index Cond: ((id >= 6124092) AND (id <= 6124192))

table 7 : explain SELECT id FROM sbtest7 WHERE id BETWEEN 6124092 AND 6124192
	Index Only Scan using sbtest7_pkey on sbtest7  (cost=0.43..6.35 rows=96 width=4)
	  Index Cond: ((id >= 6124092) AND (id <= 6124192))

table 8 : explain SELECT id FROM sbtest8 WHERE id BETWEEN 6124092 AND 6124192
	Index Only Scan using sbtest8_pkey on sbtest8  (cost=0.43..6.43 rows=100 width=4)
	  Index Cond: ((id >= 6124092) AND (id <= 6124192))

explain: for range-covered :: explain SELECT id FROM sbtest%d WHERE id BETWEEN 4535702 AND 4535802
for range-covered
table 1 : explain SELECT id FROM sbtest1 WHERE id BETWEEN 5738070 AND 5738170
	Index Only Scan using sbtest1_pkey on sbtest1  (cost=0.43..6.32 rows=94 width=4)
	  Index Cond: ((id >= 5738070) AND (id <= 5738170))

table 2 : explain SELECT id FROM sbtest2 WHERE id BETWEEN 5738070 AND 5738170
	Index Only Scan using sbtest2_pkey on sbtest2  (cost=0.43..6.27 rows=92 width=4)
	  Index Cond: ((id >= 5738070) AND (id <= 5738170))

table 3 : explain SELECT id FROM sbtest3 WHERE id BETWEEN 5738070 AND 5738170
	Index Only Scan using sbtest3_pkey on sbtest3  (cost=0.43..6.67 rows=112 width=4)
	  Index Cond: ((id >= 5738070) AND (id <= 5738170))

table 4 : explain SELECT id FROM sbtest4 WHERE id BETWEEN 5738070 AND 5738170
	Index Only Scan using sbtest4_pkey on sbtest4  (cost=0.43..6.69 rows=113 width=4)
	  Index Cond: ((id >= 5738070) AND (id <= 5738170))

table 5 : explain SELECT id FROM sbtest5 WHERE id BETWEEN 5738070 AND 5738170
	Index Only Scan using sbtest5_pkey on sbtest5  (cost=0.43..6.53 rows=105 width=4)
	  Index Cond: ((id >= 5738070) AND (id <= 5738170))

table 6 : explain SELECT id FROM sbtest6 WHERE id BETWEEN 5738070 AND 5738170
	Index Only Scan using sbtest6_pkey on sbtest6  (cost=0.43..6.45 rows=101 width=4)
	  Index Cond: ((id >= 5738070) AND (id <= 5738170))

table 7 : explain SELECT id FROM sbtest7 WHERE id BETWEEN 5738070 AND 5738170
	Index Only Scan using sbtest7_pkey on sbtest7  (cost=0.43..6.51 rows=104 width=4)
	  Index Cond: ((id >= 5738070) AND (id <= 5738170))

table 8 : explain SELECT id FROM sbtest8 WHERE id BETWEEN 5738070 AND 5738170
	Index Only Scan using sbtest8_pkey on sbtest8  (cost=0.43..6.37 rows=97 width=4)
	  Index Cond: ((id >= 5738070) AND (id <= 5738170))

explain: for range-covered :: explain SELECT id FROM sbtest%d WHERE id BETWEEN 3978660 AND 3978760
explain: for range-covered :: explain SELECT id FROM sbtest%d WHERE id BETWEEN 6124092 AND 6124192
explain: for range-covered :: explain SELECT id FROM sbtest%d WHERE id BETWEEN 5738070 AND 5738170
for range-covered
table 1 : explain SELECT id FROM sbtest1 WHERE id BETWEEN 6683940 AND 6684040
	Index Only Scan using sbtest1_pkey on sbtest1  (cost=0.43..6.47 rows=102 width=4)
	  Index Cond: ((id >= 6683940) AND (id <= 6684040))

table 2 : explain SELECT id FROM sbtest2 WHERE id BETWEEN 6683940 AND 6684040
	Index Only Scan using sbtest2_pkey on sbtest2  (cost=0.43..6.37 rows=97 width=4)
	  Index Cond: ((id >= 6683940) AND (id <= 6684040))

table 3 : explain SELECT id FROM sbtest3 WHERE id BETWEEN 6683940 AND 6684040
	Index Only Scan using sbtest3_pkey on sbtest3  (cost=0.43..6.53 rows=105 width=4)
	  Index Cond: ((id >= 6683940) AND (id <= 6684040))

table 4 : explain SELECT id FROM sbtest4 WHERE id BETWEEN 6683940 AND 6684040
	Index Only Scan using sbtest4_pkey on sbtest4  (cost=0.43..6.53 rows=105 width=4)
	  Index Cond: ((id >= 6683940) AND (id <= 6684040))

table 5 : explain SELECT id FROM sbtest5 WHERE id BETWEEN 6683940 AND 6684040
	Index Only Scan using sbtest5_pkey on sbtest5  (cost=0.43..6.33 rows=95 width=4)
	  Index Cond: ((id >= 6683940) AND (id <= 6684040))

table 6 : explain SELECT id FROM sbtest6 WHERE id BETWEEN 6683940 AND 6684040
	Index Only Scan using sbtest6_pkey on sbtest6  (cost=0.43..6.32 rows=94 width=4)
	  Index Cond: ((id >= 6683940) AND (id <= 6684040))

table 7 : explain SELECT id FROM sbtest7 WHERE id BETWEEN 6683940 AND 6684040
	Index Only Scan using sbtest7_pkey on sbtest7  (cost=0.43..6.21 rows=89 width=4)
	  Index Cond: ((id >= 6683940) AND (id <= 6684040))

table 8 : explain SELECT id FROM sbtest8 WHERE id BETWEEN 6683940 AND 6684040
	Index Only Scan using sbtest8_pkey on sbtest8  (cost=0.43..6.32 rows=94 width=4)
	  Index Cond: ((id >= 6683940) AND (id <= 6684040))

explain: for range-covered :: explain SELECT id FROM sbtest%d WHERE id BETWEEN 6683940 AND 6684040
for range-covered
table 1 : explain SELECT id FROM sbtest1 WHERE id BETWEEN 4535702 AND 4535802
	Index Only Scan using sbtest1_pkey on sbtest1  (cost=0.43..6.43 rows=100 width=4)
	  Index Cond: ((id >= 4535702) AND (id <= 4535802))

table 2 : explain SELECT id FROM sbtest2 WHERE id BETWEEN 4535702 AND 4535802
	Index Only Scan using sbtest2_pkey on sbtest2  (cost=0.43..6.51 rows=104 width=4)
	  Index Cond: ((id >= 4535702) AND (id <= 4535802))

table 3 : explain SELECT id FROM sbtest3 WHERE id BETWEEN 4535702 AND 4535802
	Index Only Scan using sbtest3_pkey on sbtest3  (cost=0.43..6.50 rows=103 width=4)
	  Index Cond: ((id >= 4535702) AND (id <= 4535802))

table 4 : explain SELECT id FROM sbtest4 WHERE id BETWEEN 4535702 AND 4535802
	Index Only Scan using sbtest4_pkey on sbtest4  (cost=0.43..6.42 rows=99 width=4)
	  Index Cond: ((id >= 4535702) AND (id <= 4535802))

table 5 : explain SELECT id FROM sbtest5 WHERE id BETWEEN 4535702 AND 4535802
	Index Only Scan using sbtest5_pkey on sbtest5  (cost=0.43..6.37 rows=97 width=4)
	  Index Cond: ((id >= 4535702) AND (id <= 4535802))

table 6 : explain SELECT id FROM sbtest6 WHERE id BETWEEN 4535702 AND 4535802
	Index Only Scan using sbtest6_pkey on sbtest6  (cost=0.43..6.53 rows=105 width=4)
	  Index Cond: ((id >= 4535702) AND (id <= 4535802))

table 7 : explain SELECT id FROM sbtest7 WHERE id BETWEEN 4535702 AND 4535802
	Index Only Scan using sbtest7_pkey on sbtest7  (cost=0.43..6.50 rows=103 width=4)
	  Index Cond: ((id >= 4535702) AND (id <= 4535802))

table 8 : explain SELECT id FROM sbtest8 WHERE id BETWEEN 4535702 AND 4535802
	Index Only Scan using sbtest8_pkey on sbtest8  (cost=0.43..6.35 rows=96 width=4)
	  Index Cond: ((id >= 4535702) AND (id <= 4535802))

for range-covered
table 1 : explain SELECT id FROM sbtest1 WHERE id BETWEEN 3978660 AND 3978760
	Index Only Scan using sbtest1_pkey on sbtest1  (cost=0.43..6.42 rows=99 width=4)
	  Index Cond: ((id >= 3978660) AND (id <= 3978760))

table 2 : explain SELECT id FROM sbtest2 WHERE id BETWEEN 3978660 AND 3978760
	Index Only Scan using sbtest2_pkey on sbtest2  (cost=0.43..6.51 rows=104 width=4)
	  Index Cond: ((id >= 3978660) AND (id <= 3978760))

table 3 : explain SELECT id FROM sbtest3 WHERE id BETWEEN 3978660 AND 3978760
	Index Only Scan using sbtest3_pkey on sbtest3  (cost=0.43..6.56 rows=106 width=4)
	  Index Cond: ((id >= 3978660) AND (id <= 3978760))

table 4 : explain SELECT id FROM sbtest4 WHERE id BETWEEN 3978660 AND 3978760
	Index Only Scan using sbtest4_pkey on sbtest4  (cost=0.43..6.72 rows=114 width=4)
	  Index Cond: ((id >= 3978660) AND (id <= 3978760))

table 5 : explain SELECT id FROM sbtest5 WHERE id BETWEEN 3978660 AND 3978760
	Index Only Scan using sbtest5_pkey on sbtest5  (cost=0.43..6.56 rows=106 width=4)
	  Index Cond: ((id >= 3978660) AND (id <= 3978760))

table 6 : explain SELECT id FROM sbtest6 WHERE id BETWEEN 3978660 AND 3978760
	Index Only Scan using sbtest6_pkey on sbtest6  (cost=0.43..6.61 rows=109 width=4)
	  Index Cond: ((id >= 3978660) AND (id <= 3978760))

table 7 : explain SELECT id FROM sbtest7 WHERE id BETWEEN 3978660 AND 3978760
	Index Only Scan using sbtest7_pkey on sbtest7  (cost=0.43..6.43 rows=100 width=4)
	  Index Cond: ((id >= 3978660) AND (id <= 3978760))

table 8 : explain SELECT id FROM sbtest8 WHERE id BETWEEN 3978660 AND 3978760
	Index Only Scan using sbtest8_pkey on sbtest8  (cost=0.43..6.56 rows=106 width=4)
	  Index Cond: ((id >= 3978660) AND (id <= 3978760))

for range-covered
table 1 : explain SELECT id FROM sbtest1 WHERE id BETWEEN 6124092 AND 6124192
	Index Only Scan using sbtest1_pkey on sbtest1  (cost=0.43..6.24 rows=90 width=4)
	  Index Cond: ((id >= 6124092) AND (id <= 6124192))

table 2 : explain SELECT id FROM sbtest2 WHERE id BETWEEN 6124092 AND 6124192
	Index Only Scan using sbtest2_pkey on sbtest2  (cost=0.43..6.47 rows=102 width=4)
	  Index Cond: ((id >= 6124092) AND (id <= 6124192))

table 3 : explain SELECT id FROM sbtest3 WHERE id BETWEEN 6124092 AND 6124192
	Index Only Scan using sbtest3_pkey on sbtest3  (cost=0.43..6.56 rows=106 width=4)
	  Index Cond: ((id >= 6124092) AND (id <= 6124192))

table 4 : explain SELECT id FROM sbtest4 WHERE id BETWEEN 6124092 AND 6124192
	Index Only Scan using sbtest4_pkey on sbtest4  (cost=0.43..6.35 rows=96 width=4)
	  Index Cond: ((id >= 6124092) AND (id <= 6124192))

table 5 : explain SELECT id FROM sbtest5 WHERE id BETWEEN 6124092 AND 6124192
	Index Only Scan using sbtest5_pkey on sbtest5  (cost=0.43..6.45 rows=101 width=4)
	  Index Cond: ((id >= 6124092) AND (id <= 6124192))

table 6 : explain SELECT id FROM sbtest6 WHERE id BETWEEN 6124092 AND 6124192
	Index Only Scan using sbtest6_pkey on sbtest6  (cost=0.43..6.47 rows=102 width=4)
	  Index Cond: ((id >= 6124092) AND (id <= 6124192))

table 7 : explain SELECT id FROM sbtest7 WHERE id BETWEEN 6124092 AND 6124192
	Index Only Scan using sbtest7_pkey on sbtest7  (cost=0.43..6.35 rows=96 width=4)
	  Index Cond: ((id >= 6124092) AND (id <= 6124192))

table 8 : explain SELECT id FROM sbtest8 WHERE id BETWEEN 6124092 AND 6124192
	Index Only Scan using sbtest8_pkey on sbtest8  (cost=0.43..6.43 rows=100 width=4)
	  Index Cond: ((id >= 6124092) AND (id <= 6124192))

explain: for range-covered :: explain SELECT id FROM sbtest%d WHERE id BETWEEN 4535702 AND 4535802
explain: for range-covered :: explain SELECT id FROM sbtest%d WHERE id BETWEEN 3978660 AND 3978760
explain: for range-covered :: explain SELECT id FROM sbtest%d WHERE id BETWEEN 6124092 AND 6124192
for range-covered
table 1 : explain SELECT id FROM sbtest1 WHERE id BETWEEN 5738070 AND 5738170
	Index Only Scan using sbtest1_pkey on sbtest1  (cost=0.43..6.32 rows=94 width=4)
	  Index Cond: ((id >= 5738070) AND (id <= 5738170))

table 2 : explain SELECT id FROM sbtest2 WHERE id BETWEEN 5738070 AND 5738170
	Index Only Scan using sbtest2_pkey on sbtest2  (cost=0.43..6.27 rows=92 width=4)
	  Index Cond: ((id >= 5738070) AND (id <= 5738170))

table 3 : explain SELECT id FROM sbtest3 WHERE id BETWEEN 5738070 AND 5738170
	Index Only Scan using sbtest3_pkey on sbtest3  (cost=0.43..6.67 rows=112 width=4)
	  Index Cond: ((id >= 5738070) AND (id <= 5738170))

table 4 : explain SELECT id FROM sbtest4 WHERE id BETWEEN 5738070 AND 5738170
	Index Only Scan using sbtest4_pkey on sbtest4  (cost=0.43..6.69 rows=113 width=4)
	  Index Cond: ((id >= 5738070) AND (id <= 5738170))

table 5 : explain SELECT id FROM sbtest5 WHERE id BETWEEN 5738070 AND 5738170
	Index Only Scan using sbtest5_pkey on sbtest5  (cost=0.43..6.53 rows=105 width=4)
	  Index Cond: ((id >= 5738070) AND (id <= 5738170))

table 6 : explain SELECT id FROM sbtest6 WHERE id BETWEEN 5738070 AND 5738170
	Index Only Scan using sbtest6_pkey on sbtest6  (cost=0.43..6.45 rows=101 width=4)
	  Index Cond: ((id >= 5738070) AND (id <= 5738170))

table 7 : explain SELECT id FROM sbtest7 WHERE id BETWEEN 5738070 AND 5738170
	Index Only Scan using sbtest7_pkey on sbtest7  (cost=0.43..6.51 rows=104 width=4)
	  Index Cond: ((id >= 5738070) AND (id <= 5738170))

table 8 : explain SELECT id FROM sbtest8 WHERE id BETWEEN 5738070 AND 5738170
	Index Only Scan using sbtest8_pkey on sbtest8  (cost=0.43..6.37 rows=97 width=4)
	  Index Cond: ((id >= 5738070) AND (id <= 5738170))

for range-covered
table 1 : explain SELECT id FROM sbtest1 WHERE id BETWEEN 3870183 AND 3870283
	Index Only Scan using sbtest1_pkey on sbtest1  (cost=0.43..6.67 rows=112 width=4)
	  Index Cond: ((id >= 3870183) AND (id <= 3870283))

table 2 : explain SELECT id FROM sbtest2 WHERE id BETWEEN 3870183 AND 3870283
	Index Only Scan using sbtest2_pkey on sbtest2  (cost=0.43..6.29 rows=93 width=4)
	  Index Cond: ((id >= 3870183) AND (id <= 3870283))

table 3 : explain SELECT id FROM sbtest3 WHERE id BETWEEN 3870183 AND 3870283
	Index Only Scan using sbtest3_pkey on sbtest3  (cost=0.43..6.58 rows=107 width=4)
	  Index Cond: ((id >= 3870183) AND (id <= 3870283))

table 4 : explain SELECT id FROM sbtest4 WHERE id BETWEEN 3870183 AND 3870283
	Index Only Scan using sbtest4_pkey on sbtest4  (cost=0.43..6.29 rows=93 width=4)
	  Index Cond: ((id >= 3870183) AND (id <= 3870283))

table 5 : explain SELECT id FROM sbtest5 WHERE id BETWEEN 3870183 AND 3870283
	Index Only Scan using sbtest5_pkey on sbtest5  (cost=0.43..6.37 rows=97 width=4)
	  Index Cond: ((id >= 3870183) AND (id <= 3870283))

table 6 : explain SELECT id FROM sbtest6 WHERE id BETWEEN 3870183 AND 3870283
	Index Only Scan using sbtest6_pkey on sbtest6  (cost=0.43..6.35 rows=96 width=4)
	  Index Cond: ((id >= 3870183) AND (id <= 3870283))

table 7 : explain SELECT id FROM sbtest7 WHERE id BETWEEN 3870183 AND 3870283
	Index Only Scan using sbtest7_pkey on sbtest7  (cost=0.43..6.32 rows=94 width=4)
	  Index Cond: ((id >= 3870183) AND (id <= 3870283))

table 8 : explain SELECT id FROM sbtest8 WHERE id BETWEEN 3870183 AND 3870283
	Index Only Scan using sbtest8_pkey on sbtest8  (cost=0.43..6.63 rows=110 width=4)
	  Index Cond: ((id >= 3870183) AND (id <= 3870283))

explain: for range-covered :: explain SELECT id FROM sbtest%d WHERE id BETWEEN 5738070 AND 5738170
for range-covered
table 1 : explain SELECT id FROM sbtest1 WHERE id BETWEEN 6683940 AND 6684040
	Index Only Scan using sbtest1_pkey on sbtest1  (cost=0.43..6.47 rows=102 width=4)
	  Index Cond: ((id >= 6683940) AND (id <= 6684040))

table 2 : explain SELECT id FROM sbtest2 WHERE id BETWEEN 6683940 AND 6684040
	Index Only Scan using sbtest2_pkey on sbtest2  (cost=0.43..6.37 rows=97 width=4)
	  Index Cond: ((id >= 6683940) AND (id <= 6684040))

table 3 : explain SELECT id FROM sbtest3 WHERE id BETWEEN 6683940 AND 6684040
	Index Only Scan using sbtest3_pkey on sbtest3  (cost=0.43..6.53 rows=105 width=4)
	  Index Cond: ((id >= 6683940) AND (id <= 6684040))

table 4 : explain SELECT id FROM sbtest4 WHERE id BETWEEN 6683940 AND 6684040
	Index Only Scan using sbtest4_pkey on sbtest4  (cost=0.43..6.53 rows=105 width=4)
	  Index Cond: ((id >= 6683940) AND (id <= 6684040))

table 5 : explain SELECT id FROM sbtest5 WHERE id BETWEEN 6683940 AND 6684040
	Index Only Scan using sbtest5_pkey on sbtest5  (cost=0.43..6.33 rows=95 width=4)
	  Index Cond: ((id >= 6683940) AND (id <= 6684040))

table 6 : explain SELECT id FROM sbtest6 WHERE id BETWEEN 6683940 AND 6684040
	Index Only Scan using sbtest6_pkey on sbtest6  (cost=0.43..6.32 rows=94 width=4)
	  Index Cond: ((id >= 6683940) AND (id <= 6684040))

table 7 : explain SELECT id FROM sbtest7 WHERE id BETWEEN 6683940 AND 6684040
	Index Only Scan using sbtest7_pkey on sbtest7  (cost=0.43..6.21 rows=89 width=4)
	  Index Cond: ((id >= 6683940) AND (id <= 6684040))

table 8 : explain SELECT id FROM sbtest8 WHERE id BETWEEN 6683940 AND 6684040
	Index Only Scan using sbtest8_pkey on sbtest8  (cost=0.43..6.32 rows=94 width=4)
	  Index Cond: ((id >= 6683940) AND (id <= 6684040))

explain: for range-covered :: explain SELECT id FROM sbtest%d WHERE id BETWEEN 6683940 AND 6684040
for range-covered
table 1 : explain SELECT id FROM sbtest1 WHERE id BETWEEN 4535702 AND 4535802
	Index Only Scan using sbtest1_pkey on sbtest1  (cost=0.43..6.43 rows=100 width=4)
	  Index Cond: ((id >= 4535702) AND (id <= 4535802))

table 2 : explain SELECT id FROM sbtest2 WHERE id BETWEEN 4535702 AND 4535802
	Index Only Scan using sbtest2_pkey on sbtest2  (cost=0.43..6.51 rows=104 width=4)
	  Index Cond: ((id >= 4535702) AND (id <= 4535802))

table 3 : explain SELECT id FROM sbtest3 WHERE id BETWEEN 4535702 AND 4535802
	Index Only Scan using sbtest3_pkey on sbtest3  (cost=0.43..6.50 rows=103 width=4)
	  Index Cond: ((id >= 4535702) AND (id <= 4535802))

table 4 : explain SELECT id FROM sbtest4 WHERE id BETWEEN 4535702 AND 4535802
	Index Only Scan using sbtest4_pkey on sbtest4  (cost=0.43..6.42 rows=99 width=4)
	  Index Cond: ((id >= 4535702) AND (id <= 4535802))

table 5 : explain SELECT id FROM sbtest5 WHERE id BETWEEN 4535702 AND 4535802
	Index Only Scan using sbtest5_pkey on sbtest5  (cost=0.43..6.37 rows=97 width=4)
	  Index Cond: ((id >= 4535702) AND (id <= 4535802))

table 6 : explain SELECT id FROM sbtest6 WHERE id BETWEEN 4535702 AND 4535802
	Index Only Scan using sbtest6_pkey on sbtest6  (cost=0.43..6.53 rows=105 width=4)
	  Index Cond: ((id >= 4535702) AND (id <= 4535802))

table 7 : explain SELECT id FROM sbtest7 WHERE id BETWEEN 4535702 AND 4535802
	Index Only Scan using sbtest7_pkey on sbtest7  (cost=0.43..6.50 rows=103 width=4)
	  Index Cond: ((id >= 4535702) AND (id <= 4535802))

table 8 : explain SELECT id FROM sbtest8 WHERE id BETWEEN 4535702 AND 4535802
	Index Only Scan using sbtest8_pkey on sbtest8  (cost=0.43..6.35 rows=96 width=4)
	  Index Cond: ((id >= 4535702) AND (id <= 4535802))

explain: for range-covered :: explain SELECT id FROM sbtest%d WHERE id BETWEEN 4535702 AND 4535802
for range-covered
table 1 : explain SELECT id FROM sbtest1 WHERE id BETWEEN 5738070 AND 5738170
	Index Only Scan using sbtest1_pkey on sbtest1  (cost=0.43..6.32 rows=94 width=4)
	  Index Cond: ((id >= 5738070) AND (id <= 5738170))

table 2 : explain SELECT id FROM sbtest2 WHERE id BETWEEN 5738070 AND 5738170
	Index Only Scan using sbtest2_pkey on sbtest2  (cost=0.43..6.27 rows=92 width=4)
	  Index Cond: ((id >= 5738070) AND (id <= 5738170))

table 3 : explain SELECT id FROM sbtest3 WHERE id BETWEEN 5738070 AND 5738170
	Index Only Scan using sbtest3_pkey on sbtest3  (cost=0.43..6.67 rows=112 width=4)
	  Index Cond: ((id >= 5738070) AND (id <= 5738170))

table 4 : explain SELECT id FROM sbtest4 WHERE id BETWEEN 5738070 AND 5738170
	Index Only Scan using sbtest4_pkey on sbtest4  (cost=0.43..6.69 rows=113 width=4)
	  Index Cond: ((id >= 5738070) AND (id <= 5738170))

table 5 : explain SELECT id FROM sbtest5 WHERE id BETWEEN 5738070 AND 5738170
	Index Only Scan using sbtest5_pkey on sbtest5  (cost=0.43..6.53 rows=105 width=4)
	  Index Cond: ((id >= 5738070) AND (id <= 5738170))

table 6 : explain SELECT id FROM sbtest6 WHERE id BETWEEN 5738070 AND 5738170
	Index Only Scan using sbtest6_pkey on sbtest6  (cost=0.43..6.45 rows=101 width=4)
	  Index Cond: ((id >= 5738070) AND (id <= 5738170))

table 7 : explain SELECT id FROM sbtest7 WHERE id BETWEEN 5738070 AND 5738170
	Index Only Scan using sbtest7_pkey on sbtest7  (cost=0.43..6.51 rows=104 width=4)
	  Index Cond: ((id >= 5738070) AND (id <= 5738170))

table 8 : explain SELECT id FROM sbtest8 WHERE id BETWEEN 5738070 AND 5738170
	Index Only Scan using sbtest8_pkey on sbtest8  (cost=0.43..6.37 rows=97 width=4)
	  Index Cond: ((id >= 5738070) AND (id <= 5738170))

explain: for range-covered :: explain SELECT id FROM sbtest%d WHERE id BETWEEN 5738070 AND 5738170
for range-covered
table 1 : explain SELECT id FROM sbtest1 WHERE id BETWEEN 6683940 AND 6684040
	Index Only Scan using sbtest1_pkey on sbtest1  (cost=0.43..6.47 rows=102 width=4)
	  Index Cond: ((id >= 6683940) AND (id <= 6684040))

table 2 : explain SELECT id FROM sbtest2 WHERE id BETWEEN 6683940 AND 6684040
	Index Only Scan using sbtest2_pkey on sbtest2  (cost=0.43..6.37 rows=97 width=4)
	  Index Cond: ((id >= 6683940) AND (id <= 6684040))

table 3 : explain SELECT id FROM sbtest3 WHERE id BETWEEN 6683940 AND 6684040
	Index Only Scan using sbtest3_pkey on sbtest3  (cost=0.43..6.53 rows=105 width=4)
	  Index Cond: ((id >= 6683940) AND (id <= 6684040))

table 4 : explain SELECT id FROM sbtest4 WHERE id BETWEEN 6683940 AND 6684040
	Index Only Scan using sbtest4_pkey on sbtest4  (cost=0.43..6.53 rows=105 width=4)
	  Index Cond: ((id >= 6683940) AND (id <= 6684040))

table 5 : explain SELECT id FROM sbtest5 WHERE id BETWEEN 6683940 AND 6684040
	Index Only Scan using sbtest5_pkey on sbtest5  (cost=0.43..6.33 rows=95 width=4)
	  Index Cond: ((id >= 6683940) AND (id <= 6684040))

table 6 : explain SELECT id FROM sbtest6 WHERE id BETWEEN 6683940 AND 6684040
	Index Only Scan using sbtest6_pkey on sbtest6  (cost=0.43..6.32 rows=94 width=4)
	  Index Cond: ((id >= 6683940) AND (id <= 6684040))

table 7 : explain SELECT id FROM sbtest7 WHERE id BETWEEN 6683940 AND 6684040
	Index Only Scan using sbtest7_pkey on sbtest7  (cost=0.43..6.21 rows=89 width=4)
	  Index Cond: ((id >= 6683940) AND (id <= 6684040))

table 8 : explain SELECT id FROM sbtest8 WHERE id BETWEEN 6683940 AND 6684040
	Index Only Scan using sbtest8_pkey on sbtest8  (cost=0.43..6.32 rows=94 width=4)
	  Index Cond: ((id >= 6683940) AND (id <= 6684040))

for range-covered
table 1 : explain SELECT id FROM sbtest1 WHERE id BETWEEN 4535702 AND 4535802
	Index Only Scan using sbtest1_pkey on sbtest1  (cost=0.43..6.43 rows=100 width=4)
	  Index Cond: ((id >= 4535702) AND (id <= 4535802))

table 2 : explain SELECT id FROM sbtest2 WHERE id BETWEEN 4535702 AND 4535802
	Index Only Scan using sbtest2_pkey on sbtest2  (cost=0.43..6.51 rows=104 width=4)
	  Index Cond: ((id >= 4535702) AND (id <= 4535802))

table 3 : explain SELECT id FROM sbtest3 WHERE id BETWEEN 4535702 AND 4535802
	Index Only Scan using sbtest3_pkey on sbtest3  (cost=0.43..6.50 rows=103 width=4)
	  Index Cond: ((id >= 4535702) AND (id <= 4535802))

table 4 : explain SELECT id FROM sbtest4 WHERE id BETWEEN 4535702 AND 4535802
	Index Only Scan using sbtest4_pkey on sbtest4  (cost=0.43..6.42 rows=99 width=4)
	  Index Cond: ((id >= 4535702) AND (id <= 4535802))

table 5 : explain SELECT id FROM sbtest5 WHERE id BETWEEN 4535702 AND 4535802
	Index Only Scan using sbtest5_pkey on sbtest5  (cost=0.43..6.37 rows=97 width=4)
	  Index Cond: ((id >= 4535702) AND (id <= 4535802))

table 6 : explain SELECT id FROM sbtest6 WHERE id BETWEEN 4535702 AND 4535802
	Index Only Scan using sbtest6_pkey on sbtest6  (cost=0.43..6.53 rows=105 width=4)
	  Index Cond: ((id >= 4535702) AND (id <= 4535802))

table 7 : explain SELECT id FROM sbtest7 WHERE id BETWEEN 4535702 AND 4535802
	Index Only Scan using sbtest7_pkey on sbtest7  (cost=0.43..6.50 rows=103 width=4)
	  Index Cond: ((id >= 4535702) AND (id <= 4535802))

table 8 : explain SELECT id FROM sbtest8 WHERE id BETWEEN 4535702 AND 4535802
	Index Only Scan using sbtest8_pkey on sbtest8  (cost=0.43..6.35 rows=96 width=4)
	  Index Cond: ((id >= 4535702) AND (id <= 4535802))

explain: for range-covered :: explain SELECT id FROM sbtest%d WHERE id BETWEEN 6683940 AND 6684040
explain: for range-covered :: explain SELECT id FROM sbtest%d WHERE id BETWEEN 4535702 AND 4535802
for range-covered
table 1 : explain SELECT id FROM sbtest1 WHERE id BETWEEN 6124092 AND 6124192
	Index Only Scan using sbtest1_pkey on sbtest1  (cost=0.43..6.24 rows=90 width=4)
	  Index Cond: ((id >= 6124092) AND (id <= 6124192))

table 2 : explain SELECT id FROM sbtest2 WHERE id BETWEEN 6124092 AND 6124192
	Index Only Scan using sbtest2_pkey on sbtest2  (cost=0.43..6.47 rows=102 width=4)
	  Index Cond: ((id >= 6124092) AND (id <= 6124192))

table 3 : explain SELECT id FROM sbtest3 WHERE id BETWEEN 6124092 AND 6124192
	Index Only Scan using sbtest3_pkey on sbtest3  (cost=0.43..6.56 rows=106 width=4)
	  Index Cond: ((id >= 6124092) AND (id <= 6124192))

table 4 : explain SELECT id FROM sbtest4 WHERE id BETWEEN 6124092 AND 6124192
	Index Only Scan using sbtest4_pkey on sbtest4  (cost=0.43..6.35 rows=96 width=4)
	  Index Cond: ((id >= 6124092) AND (id <= 6124192))

table 5 : explain SELECT id FROM sbtest5 WHERE id BETWEEN 6124092 AND 6124192
	Index Only Scan using sbtest5_pkey on sbtest5  (cost=0.43..6.45 rows=101 width=4)
	  Index Cond: ((id >= 6124092) AND (id <= 6124192))

table 6 : explain SELECT id FROM sbtest6 WHERE id BETWEEN 6124092 AND 6124192
	Index Only Scan using sbtest6_pkey on sbtest6  (cost=0.43..6.47 rows=102 width=4)
	  Index Cond: ((id >= 6124092) AND (id <= 6124192))

table 7 : explain SELECT id FROM sbtest7 WHERE id BETWEEN 6124092 AND 6124192
	Index Only Scan using sbtest7_pkey on sbtest7  (cost=0.43..6.35 rows=96 width=4)
	  Index Cond: ((id >= 6124092) AND (id <= 6124192))

table 8 : explain SELECT id FROM sbtest8 WHERE id BETWEEN 6124092 AND 6124192
	Index Only Scan using sbtest8_pkey on sbtest8  (cost=0.43..6.43 rows=100 width=4)
	  Index Cond: ((id >= 6124092) AND (id <= 6124192))

for range-covered
table 1 : explain SELECT id FROM sbtest1 WHERE id BETWEEN 3978660 AND 3978760
	Index Only Scan using sbtest1_pkey on sbtest1  (cost=0.43..6.42 rows=99 width=4)
	  Index Cond: ((id >= 3978660) AND (id <= 3978760))

table 2 : explain SELECT id FROM sbtest2 WHERE id BETWEEN 3978660 AND 3978760
	Index Only Scan using sbtest2_pkey on sbtest2  (cost=0.43..6.51 rows=104 width=4)
	  Index Cond: ((id >= 3978660) AND (id <= 3978760))

table 3 : explain SELECT id FROM sbtest3 WHERE id BETWEEN 3978660 AND 3978760
	Index Only Scan using sbtest3_pkey on sbtest3  (cost=0.43..6.56 rows=106 width=4)
	  Index Cond: ((id >= 3978660) AND (id <= 3978760))

table 4 : explain SELECT id FROM sbtest4 WHERE id BETWEEN 3978660 AND 3978760
	Index Only Scan using sbtest4_pkey on sbtest4  (cost=0.43..6.72 rows=114 width=4)
	  Index Cond: ((id >= 3978660) AND (id <= 3978760))

table 5 : explain SELECT id FROM sbtest5 WHERE id BETWEEN 3978660 AND 3978760
	Index Only Scan using sbtest5_pkey on sbtest5  (cost=0.43..6.56 rows=106 width=4)
	  Index Cond: ((id >= 3978660) AND (id <= 3978760))

table 6 : explain SELECT id FROM sbtest6 WHERE id BETWEEN 3978660 AND 3978760
	Index Only Scan using sbtest6_pkey on sbtest6  (cost=0.43..6.61 rows=109 width=4)
	  Index Cond: ((id >= 3978660) AND (id <= 3978760))

table 7 : explain SELECT id FROM sbtest7 WHERE id BETWEEN 3978660 AND 3978760
	Index Only Scan using sbtest7_pkey on sbtest7  (cost=0.43..6.43 rows=100 width=4)
	  Index Cond: ((id >= 3978660) AND (id <= 3978760))

table 8 : explain SELECT id FROM sbtest8 WHERE id BETWEEN 3978660 AND 3978760
	Index Only Scan using sbtest8_pkey on sbtest8  (cost=0.43..6.56 rows=106 width=4)
	  Index Cond: ((id >= 3978660) AND (id <= 3978760))

for range-covered
table 1 : explain SELECT id FROM sbtest1 WHERE id BETWEEN 5738070 AND 5738170
	Index Only Scan using sbtest1_pkey on sbtest1  (cost=0.43..6.32 rows=94 width=4)
	  Index Cond: ((id >= 5738070) AND (id <= 5738170))

table 2 : explain SELECT id FROM sbtest2 WHERE id BETWEEN 5738070 AND 5738170
	Index Only Scan using sbtest2_pkey on sbtest2  (cost=0.43..6.27 rows=92 width=4)
	  Index Cond: ((id >= 5738070) AND (id <= 5738170))

table 3 : explain SELECT id FROM sbtest3 WHERE id BETWEEN 5738070 AND 5738170
	Index Only Scan using sbtest3_pkey on sbtest3  (cost=0.43..6.67 rows=112 width=4)
	  Index Cond: ((id >= 5738070) AND (id <= 5738170))

table 4 : explain SELECT id FROM sbtest4 WHERE id BETWEEN 5738070 AND 5738170
	Index Only Scan using sbtest4_pkey on sbtest4  (cost=0.43..6.69 rows=113 width=4)
	  Index Cond: ((id >= 5738070) AND (id <= 5738170))

table 5 : explain SELECT id FROM sbtest5 WHERE id BETWEEN 5738070 AND 5738170
	Index Only Scan using sbtest5_pkey on sbtest5  (cost=0.43..6.53 rows=105 width=4)
	  Index Cond: ((id >= 5738070) AND (id <= 5738170))

table 6 : explain SELECT id FROM sbtest6 WHERE id BETWEEN 5738070 AND 5738170
	Index Only Scan using sbtest6_pkey on sbtest6  (cost=0.43..6.45 rows=101 width=4)
	  Index Cond: ((id >= 5738070) AND (id <= 5738170))

table 7 : explain SELECT id FROM sbtest7 WHERE id BETWEEN 5738070 AND 5738170
	Index Only Scan using sbtest7_pkey on sbtest7  (cost=0.43..6.51 rows=104 width=4)
	  Index Cond: ((id >= 5738070) AND (id <= 5738170))

table 8 : explain SELECT id FROM sbtest8 WHERE id BETWEEN 5738070 AND 5738170
	Index Only Scan using sbtest8_pkey on sbtest8  (cost=0.43..6.37 rows=97 width=4)
	  Index Cond: ((id >= 5738070) AND (id <= 5738170))

explain: for range-covered :: explain SELECT id FROM sbtest%d WHERE id BETWEEN 3978660 AND 3978760
explain: for range-covered :: explain SELECT id FROM sbtest%d WHERE id BETWEEN 5738070 AND 5738170
explain: for range-covered :: explain SELECT id FROM sbtest%d WHERE id BETWEEN 5157753 AND 5157853
for range-covered
table 1 : explain SELECT id FROM sbtest1 WHERE id BETWEEN 8048264 AND 8048364
	Index Only Scan using sbtest1_pkey on sbtest1  (cost=0.43..6.47 rows=102 width=4)
	  Index Cond: ((id >= 8048264) AND (id <= 8048364))

table 2 : explain SELECT id FROM sbtest2 WHERE id BETWEEN 8048264 AND 8048364
	Index Only Scan using sbtest2_pkey on sbtest2  (cost=0.43..6.66 rows=111 width=4)
	  Index Cond: ((id >= 8048264) AND (id <= 8048364))

table 3 : explain SELECT id FROM sbtest3 WHERE id BETWEEN 8048264 AND 8048364
	Index Only Scan using sbtest3_pkey on sbtest3  (cost=0.43..6.43 rows=100 width=4)
	  Index Cond: ((id >= 8048264) AND (id <= 8048364))

table 4 : explain SELECT id FROM sbtest4 WHERE id BETWEEN 8048264 AND 8048364
	Index Only Scan using sbtest4_pkey on sbtest4  (cost=0.43..6.42 rows=99 width=4)
	  Index Cond: ((id >= 8048264) AND (id <= 8048364))

table 5 : explain SELECT id FROM sbtest5 WHERE id BETWEEN 8048264 AND 8048364
	Index Only Scan using sbtest5_pkey on sbtest5  (cost=0.43..6.42 rows=99 width=4)
	  Index Cond: ((id >= 8048264) AND (id <= 8048364))

table 6 : explain SELECT id FROM sbtest6 WHERE id BETWEEN 8048264 AND 8048364
	Index Only Scan using sbtest6_pkey on sbtest6  (cost=0.43..6.43 rows=100 width=4)
	  Index Cond: ((id >= 8048264) AND (id <= 8048364))

table 7 : explain SELECT id FROM sbtest7 WHERE id BETWEEN 8048264 AND 8048364
	Index Only Scan using sbtest7_pkey on sbtest7  (cost=0.43..6.47 rows=102 width=4)
	  Index Cond: ((id >= 8048264) AND (id <= 8048364))

table 8 : explain SELECT id FROM sbtest8 WHERE id BETWEEN 8048264 AND 8048364
	Index Only Scan using sbtest8_pkey on sbtest8  (cost=0.43..6.50 rows=103 width=4)
	  Index Cond: ((id >= 8048264) AND (id <= 8048364))

explain: for range-covered :: explain SELECT id FROM sbtest%d WHERE id BETWEEN 8048264 AND 8048364
for range-covered
table 1 : explain SELECT id FROM sbtest1 WHERE id BETWEEN 6783486 AND 6783586
	Index Only Scan using sbtest1_pkey on sbtest1  (cost=0.43..6.42 rows=99 width=4)
	  Index Cond: ((id >= 6783486) AND (id <= 6783586))

table 2 : explain SELECT id FROM sbtest2 WHERE id BETWEEN 6783486 AND 6783586
	Index Only Scan using sbtest2_pkey on sbtest2  (cost=0.43..6.37 rows=97 width=4)
	  Index Cond: ((id >= 6783486) AND (id <= 6783586))

table 3 : explain SELECT id FROM sbtest3 WHERE id BETWEEN 6783486 AND 6783586
	Index Only Scan using sbtest3_pkey on sbtest3  (cost=0.43..6.42 rows=99 width=4)
	  Index Cond: ((id >= 6783486) AND (id <= 6783586))

table 4 : explain SELECT id FROM sbtest4 WHERE id BETWEEN 6783486 AND 6783586
	Index Only Scan using sbtest4_pkey on sbtest4  (cost=0.43..6.37 rows=97 width=4)
	  Index Cond: ((id >= 6783486) AND (id <= 6783586))

table 5 : explain SELECT id FROM sbtest5 WHERE id BETWEEN 6783486 AND 6783586
	Index Only Scan using sbtest5_pkey on sbtest5  (cost=0.43..6.37 rows=97 width=4)
	  Index Cond: ((id >= 6783486) AND (id <= 6783586))

table 6 : explain SELECT id FROM sbtest6 WHERE id BETWEEN 6783486 AND 6783586
	Index Only Scan using sbtest6_pkey on sbtest6  (cost=0.43..6.59 rows=108 width=4)
	  Index Cond: ((id >= 6783486) AND (id <= 6783586))

table 7 : explain SELECT id FROM sbtest7 WHERE id BETWEEN 6783486 AND 6783586
	Index Only Scan using sbtest7_pkey on sbtest7  (cost=0.43..6.50 rows=103 width=4)
	  Index Cond: ((id >= 6783486) AND (id <= 6783586))

table 8 : explain SELECT id FROM sbtest8 WHERE id BETWEEN 6783486 AND 6783586
	Index Only Scan using sbtest8_pkey on sbtest8  (cost=0.43..6.79 rows=118 width=4)
	  Index Cond: ((id >= 6783486) AND (id <= 6783586))

explain: for range-covered :: explain SELECT id FROM sbtest%d WHERE id BETWEEN 6783486 AND 6783586
for range-covered
table 1 : explain SELECT id FROM sbtest1 WHERE id BETWEEN 8048264 AND 8048364
	Index Only Scan using sbtest1_pkey on sbtest1  (cost=0.43..6.47 rows=102 width=4)
	  Index Cond: ((id >= 8048264) AND (id <= 8048364))

table 2 : explain SELECT id FROM sbtest2 WHERE id BETWEEN 8048264 AND 8048364
	Index Only Scan using sbtest2_pkey on sbtest2  (cost=0.43..6.66 rows=111 width=4)
	  Index Cond: ((id >= 8048264) AND (id <= 8048364))

table 3 : explain SELECT id FROM sbtest3 WHERE id BETWEEN 8048264 AND 8048364
	Index Only Scan using sbtest3_pkey on sbtest3  (cost=0.43..6.43 rows=100 width=4)
	  Index Cond: ((id >= 8048264) AND (id <= 8048364))

table 4 : explain SELECT id FROM sbtest4 WHERE id BETWEEN 8048264 AND 8048364
	Index Only Scan using sbtest4_pkey on sbtest4  (cost=0.43..6.42 rows=99 width=4)
	  Index Cond: ((id >= 8048264) AND (id <= 8048364))

table 5 : explain SELECT id FROM sbtest5 WHERE id BETWEEN 8048264 AND 8048364
	Index Only Scan using sbtest5_pkey on sbtest5  (cost=0.43..6.42 rows=99 width=4)
	  Index Cond: ((id >= 8048264) AND (id <= 8048364))

table 6 : explain SELECT id FROM sbtest6 WHERE id BETWEEN 8048264 AND 8048364
	Index Only Scan using sbtest6_pkey on sbtest6  (cost=0.43..6.43 rows=100 width=4)
	  Index Cond: ((id >= 8048264) AND (id <= 8048364))

table 7 : explain SELECT id FROM sbtest7 WHERE id BETWEEN 8048264 AND 8048364
	Index Only Scan using sbtest7_pkey on sbtest7  (cost=0.43..6.47 rows=102 width=4)
	  Index Cond: ((id >= 8048264) AND (id <= 8048364))

table 8 : explain SELECT id FROM sbtest8 WHERE id BETWEEN 8048264 AND 8048364
	Index Only Scan using sbtest8_pkey on sbtest8  (cost=0.43..6.50 rows=103 width=4)
	  Index Cond: ((id >= 8048264) AND (id <= 8048364))

for range-covered
table 1 : explain SELECT id FROM sbtest1 WHERE id BETWEEN 6683940 AND 6684040
	Index Only Scan using sbtest1_pkey on sbtest1  (cost=0.43..6.47 rows=102 width=4)
	  Index Cond: ((id >= 6683940) AND (id <= 6684040))

table 2 : explain SELECT id FROM sbtest2 WHERE id BETWEEN 6683940 AND 6684040
	Index Only Scan using sbtest2_pkey on sbtest2  (cost=0.43..6.37 rows=97 width=4)
	  Index Cond: ((id >= 6683940) AND (id <= 6684040))

table 3 : explain SELECT id FROM sbtest3 WHERE id BETWEEN 6683940 AND 6684040
	Index Only Scan using sbtest3_pkey on sbtest3  (cost=0.43..6.53 rows=105 width=4)
	  Index Cond: ((id >= 6683940) AND (id <= 6684040))

table 4 : explain SELECT id FROM sbtest4 WHERE id BETWEEN 6683940 AND 6684040
	Index Only Scan using sbtest4_pkey on sbtest4  (cost=0.43..6.53 rows=105 width=4)
	  Index Cond: ((id >= 6683940) AND (id <= 6684040))

table 5 : explain SELECT id FROM sbtest5 WHERE id BETWEEN 6683940 AND 6684040
	Index Only Scan using sbtest5_pkey on sbtest5  (cost=0.43..6.33 rows=95 width=4)
	  Index Cond: ((id >= 6683940) AND (id <= 6684040))

table 6 : explain SELECT id FROM sbtest6 WHERE id BETWEEN 6683940 AND 6684040
	Index Only Scan using sbtest6_pkey on sbtest6  (cost=0.43..6.32 rows=94 width=4)
	  Index Cond: ((id >= 6683940) AND (id <= 6684040))

table 7 : explain SELECT id FROM sbtest7 WHERE id BETWEEN 6683940 AND 6684040
	Index Only Scan using sbtest7_pkey on sbtest7  (cost=0.43..6.21 rows=89 width=4)
	  Index Cond: ((id >= 6683940) AND (id <= 6684040))

table 8 : explain SELECT id FROM sbtest8 WHERE id BETWEEN 6683940 AND 6684040
	Index Only Scan using sbtest8_pkey on sbtest8  (cost=0.43..6.32 rows=94 width=4)
	  Index Cond: ((id >= 6683940) AND (id <= 6684040))

explain: for range-covered :: explain SELECT id FROM sbtest%d WHERE id BETWEEN 8048264 AND 8048364
for range-covered
table 1 : explain SELECT id FROM sbtest1 WHERE id BETWEEN 3978660 AND 3978760
	Index Only Scan using sbtest1_pkey on sbtest1  (cost=0.43..6.42 rows=99 width=4)
	  Index Cond: ((id >= 3978660) AND (id <= 3978760))

table 2 : explain SELECT id FROM sbtest2 WHERE id BETWEEN 3978660 AND 3978760
	Index Only Scan using sbtest2_pkey on sbtest2  (cost=0.43..6.51 rows=104 width=4)
	  Index Cond: ((id >= 3978660) AND (id <= 3978760))

table 3 : explain SELECT id FROM sbtest3 WHERE id BETWEEN 3978660 AND 3978760
	Index Only Scan using sbtest3_pkey on sbtest3  (cost=0.43..6.56 rows=106 width=4)
	  Index Cond: ((id >= 3978660) AND (id <= 3978760))

table 4 : explain SELECT id FROM sbtest4 WHERE id BETWEEN 3978660 AND 3978760
	Index Only Scan using sbtest4_pkey on sbtest4  (cost=0.43..6.72 rows=114 width=4)
	  Index Cond: ((id >= 3978660) AND (id <= 3978760))

table 5 : explain SELECT id FROM sbtest5 WHERE id BETWEEN 3978660 AND 3978760
	Index Only Scan using sbtest5_pkey on sbtest5  (cost=0.43..6.56 rows=106 width=4)
	  Index Cond: ((id >= 3978660) AND (id <= 3978760))

table 6 : explain SELECT id FROM sbtest6 WHERE id BETWEEN 3978660 AND 3978760
	Index Only Scan using sbtest6_pkey on sbtest6  (cost=0.43..6.61 rows=109 width=4)
	  Index Cond: ((id >= 3978660) AND (id <= 3978760))

table 7 : explain SELECT id FROM sbtest7 WHERE id BETWEEN 3978660 AND 3978760
	Index Only Scan using sbtest7_pkey on sbtest7  (cost=0.43..6.43 rows=100 width=4)
	  Index Cond: ((id >= 3978660) AND (id <= 3978760))

table 8 : explain SELECT id FROM sbtest8 WHERE id BETWEEN 3978660 AND 3978760
	Index Only Scan using sbtest8_pkey on sbtest8  (cost=0.43..6.56 rows=106 width=4)
	  Index Cond: ((id >= 3978660) AND (id <= 3978760))

for range-covered
table 1 : explain SELECT id FROM sbtest1 WHERE id BETWEEN 8048264 AND 8048364
	Index Only Scan using sbtest1_pkey on sbtest1  (cost=0.43..6.47 rows=102 width=4)
	  Index Cond: ((id >= 8048264) AND (id <= 8048364))

table 2 : explain SELECT id FROM sbtest2 WHERE id BETWEEN 8048264 AND 8048364
	Index Only Scan using sbtest2_pkey on sbtest2  (cost=0.43..6.66 rows=111 width=4)
	  Index Cond: ((id >= 8048264) AND (id <= 8048364))

table 3 : explain SELECT id FROM sbtest3 WHERE id BETWEEN 8048264 AND 8048364
	Index Only Scan using sbtest3_pkey on sbtest3  (cost=0.43..6.43 rows=100 width=4)
	  Index Cond: ((id >= 8048264) AND (id <= 8048364))

table 4 : explain SELECT id FROM sbtest4 WHERE id BETWEEN 8048264 AND 8048364
	Index Only Scan using sbtest4_pkey on sbtest4  (cost=0.43..6.42 rows=99 width=4)
	  Index Cond: ((id >= 8048264) AND (id <= 8048364))

table 5 : explain SELECT id FROM sbtest5 WHERE id BETWEEN 8048264 AND 8048364
	Index Only Scan using sbtest5_pkey on sbtest5  (cost=0.43..6.42 rows=99 width=4)
	  Index Cond: ((id >= 8048264) AND (id <= 8048364))

table 6 : explain SELECT id FROM sbtest6 WHERE id BETWEEN 8048264 AND 8048364
	Index Only Scan using sbtest6_pkey on sbtest6  (cost=0.43..6.43 rows=100 width=4)
	  Index Cond: ((id >= 8048264) AND (id <= 8048364))

table 7 : explain SELECT id FROM sbtest7 WHERE id BETWEEN 8048264 AND 8048364
	Index Only Scan using sbtest7_pkey on sbtest7  (cost=0.43..6.47 rows=102 width=4)
	  Index Cond: ((id >= 8048264) AND (id <= 8048364))

table 8 : explain SELECT id FROM sbtest8 WHERE id BETWEEN 8048264 AND 8048364
	Index Only Scan using sbtest8_pkey on sbtest8  (cost=0.43..6.50 rows=103 width=4)
	  Index Cond: ((id >= 8048264) AND (id <= 8048364))

explain: for range-covered :: explain SELECT id FROM sbtest%d WHERE id BETWEEN 8048264 AND 8048364
for range-covered
table 1 : explain SELECT id FROM sbtest1 WHERE id BETWEEN 1157503 AND 1157603
	Index Only Scan using sbtest1_pkey on sbtest1  (cost=0.43..6.50 rows=103 width=4)
	  Index Cond: ((id >= 1157503) AND (id <= 1157603))

table 2 : explain SELECT id FROM sbtest2 WHERE id BETWEEN 1157503 AND 1157603
	Index Only Scan using sbtest2_pkey on sbtest2  (cost=0.43..6.50 rows=103 width=4)
	  Index Cond: ((id >= 1157503) AND (id <= 1157603))

table 3 : explain SELECT id FROM sbtest3 WHERE id BETWEEN 1157503 AND 1157603
	Index Only Scan using sbtest3_pkey on sbtest3  (cost=0.43..6.37 rows=97 width=4)
	  Index Cond: ((id >= 1157503) AND (id <= 1157603))

table 4 : explain SELECT id FROM sbtest4 WHERE id BETWEEN 1157503 AND 1157603
	Index Only Scan using sbtest4_pkey on sbtest4  (cost=0.43..6.72 rows=114 width=4)
	  Index Cond: ((id >= 1157503) AND (id <= 1157603))

table 5 : explain SELECT id FROM sbtest5 WHERE id BETWEEN 1157503 AND 1157603
	Index Only Scan using sbtest5_pkey on sbtest5  (cost=0.43..6.63 rows=110 width=4)
	  Index Cond: ((id >= 1157503) AND (id <= 1157603))

table 6 : explain SELECT id FROM sbtest6 WHERE id BETWEEN 1157503 AND 1157603
	Index Only Scan using sbtest6_pkey on sbtest6  (cost=0.43..6.58 rows=107 width=4)
	  Index Cond: ((id >= 1157503) AND (id <= 1157603))

table 7 : explain SELECT id FROM sbtest7 WHERE id BETWEEN 1157503 AND 1157603
	Index Only Scan using sbtest7_pkey on sbtest7  (cost=0.43..6.47 rows=102 width=4)
	  Index Cond: ((id >= 1157503) AND (id <= 1157603))

table 8 : explain SELECT id FROM sbtest8 WHERE id BETWEEN 1157503 AND 1157603
	Index Only Scan using sbtest8_pkey on sbtest8  (cost=0.43..6.50 rows=103 width=4)
	  Index Cond: ((id >= 1157503) AND (id <= 1157603))

for range-covered
table 1 : explain SELECT id FROM sbtest1 WHERE id BETWEEN 4535702 AND 4535802
	Index Only Scan using sbtest1_pkey on sbtest1  (cost=0.43..6.43 rows=100 width=4)
	  Index Cond: ((id >= 4535702) AND (id <= 4535802))

table 2 : explain SELECT id FROM sbtest2 WHERE id BETWEEN 4535702 AND 4535802
	Index Only Scan using sbtest2_pkey on sbtest2  (cost=0.43..6.51 rows=104 width=4)
	  Index Cond: ((id >= 4535702) AND (id <= 4535802))

table 3 : explain SELECT id FROM sbtest3 WHERE id BETWEEN 4535702 AND 4535802
	Index Only Scan using sbtest3_pkey on sbtest3  (cost=0.43..6.50 rows=103 width=4)
	  Index Cond: ((id >= 4535702) AND (id <= 4535802))

table 4 : explain SELECT id FROM sbtest4 WHERE id BETWEEN 4535702 AND 4535802
	Index Only Scan using sbtest4_pkey on sbtest4  (cost=0.43..6.42 rows=99 width=4)
	  Index Cond: ((id >= 4535702) AND (id <= 4535802))

table 5 : explain SELECT id FROM sbtest5 WHERE id BETWEEN 4535702 AND 4535802
	Index Only Scan using sbtest5_pkey on sbtest5  (cost=0.43..6.37 rows=97 width=4)
	  Index Cond: ((id >= 4535702) AND (id <= 4535802))

table 6 : explain SELECT id FROM sbtest6 WHERE id BETWEEN 4535702 AND 4535802
	Index Only Scan using sbtest6_pkey on sbtest6  (cost=0.43..6.53 rows=105 width=4)
	  Index Cond: ((id >= 4535702) AND (id <= 4535802))

table 7 : explain SELECT id FROM sbtest7 WHERE id BETWEEN 4535702 AND 4535802
	Index Only Scan using sbtest7_pkey on sbtest7  (cost=0.43..6.50 rows=103 width=4)
	  Index Cond: ((id >= 4535702) AND (id <= 4535802))

table 8 : explain SELECT id FROM sbtest8 WHERE id BETWEEN 4535702 AND 4535802
	Index Only Scan using sbtest8_pkey on sbtest8  (cost=0.43..6.35 rows=96 width=4)
	  Index Cond: ((id >= 4535702) AND (id <= 4535802))

explain: for range-covered :: explain SELECT id FROM sbtest%d WHERE id BETWEEN 1157503 AND 1157603
for range-covered
table 1 : explain SELECT id FROM sbtest1 WHERE id BETWEEN 6783486 AND 6783586
	Index Only Scan using sbtest1_pkey on sbtest1  (cost=0.43..6.42 rows=99 width=4)
	  Index Cond: ((id >= 6783486) AND (id <= 6783586))

table 2 : explain SELECT id FROM sbtest2 WHERE id BETWEEN 6783486 AND 6783586
	Index Only Scan using sbtest2_pkey on sbtest2  (cost=0.43..6.37 rows=97 width=4)
	  Index Cond: ((id >= 6783486) AND (id <= 6783586))

table 3 : explain SELECT id FROM sbtest3 WHERE id BETWEEN 6783486 AND 6783586
	Index Only Scan using sbtest3_pkey on sbtest3  (cost=0.43..6.42 rows=99 width=4)
	  Index Cond: ((id >= 6783486) AND (id <= 6783586))

table 4 : explain SELECT id FROM sbtest4 WHERE id BETWEEN 6783486 AND 6783586
	Index Only Scan using sbtest4_pkey on sbtest4  (cost=0.43..6.37 rows=97 width=4)
	  Index Cond: ((id >= 6783486) AND (id <= 6783586))

table 5 : explain SELECT id FROM sbtest5 WHERE id BETWEEN 6783486 AND 6783586
	Index Only Scan using sbtest5_pkey on sbtest5  (cost=0.43..6.37 rows=97 width=4)
	  Index Cond: ((id >= 6783486) AND (id <= 6783586))

table 6 : explain SELECT id FROM sbtest6 WHERE id BETWEEN 6783486 AND 6783586
	Index Only Scan using sbtest6_pkey on sbtest6  (cost=0.43..6.59 rows=108 width=4)
	  Index Cond: ((id >= 6783486) AND (id <= 6783586))

table 7 : explain SELECT id FROM sbtest7 WHERE id BETWEEN 6783486 AND 6783586
	Index Only Scan using sbtest7_pkey on sbtest7  (cost=0.43..6.50 rows=103 width=4)
	  Index Cond: ((id >= 6783486) AND (id <= 6783586))

table 8 : explain SELECT id FROM sbtest8 WHERE id BETWEEN 6783486 AND 6783586
	Index Only Scan using sbtest8_pkey on sbtest8  (cost=0.43..6.79 rows=118 width=4)
	  Index Cond: ((id >= 6783486) AND (id <= 6783586))

explain: for range-covered :: explain SELECT id FROM sbtest%d WHERE id BETWEEN 3978660 AND 3978760
for range-covered
table 1 : explain SELECT id FROM sbtest1 WHERE id BETWEEN 5738070 AND 5738170
	Index Only Scan using sbtest1_pkey on sbtest1  (cost=0.43..6.32 rows=94 width=4)
	  Index Cond: ((id >= 5738070) AND (id <= 5738170))

table 2 : explain SELECT id FROM sbtest2 WHERE id BETWEEN 5738070 AND 5738170
	Index Only Scan using sbtest2_pkey on sbtest2  (cost=0.43..6.27 rows=92 width=4)
	  Index Cond: ((id >= 5738070) AND (id <= 5738170))

table 3 : explain SELECT id FROM sbtest3 WHERE id BETWEEN 5738070 AND 5738170
	Index Only Scan using sbtest3_pkey on sbtest3  (cost=0.43..6.67 rows=112 width=4)
	  Index Cond: ((id >= 5738070) AND (id <= 5738170))

table 4 : explain SELECT id FROM sbtest4 WHERE id BETWEEN 5738070 AND 5738170
	Index Only Scan using sbtest4_pkey on sbtest4  (cost=0.43..6.69 rows=113 width=4)
	  Index Cond: ((id >= 5738070) AND (id <= 5738170))

table 5 : explain SELECT id FROM sbtest5 WHERE id BETWEEN 5738070 AND 5738170
	Index Only Scan using sbtest5_pkey on sbtest5  (cost=0.43..6.53 rows=105 width=4)
	  Index Cond: ((id >= 5738070) AND (id <= 5738170))

table 6 : explain SELECT id FROM sbtest6 WHERE id BETWEEN 5738070 AND 5738170
	Index Only Scan using sbtest6_pkey on sbtest6  (cost=0.43..6.45 rows=101 width=4)
	  Index Cond: ((id >= 5738070) AND (id <= 5738170))

table 7 : explain SELECT id FROM sbtest7 WHERE id BETWEEN 5738070 AND 5738170
	Index Only Scan using sbtest7_pkey on sbtest7  (cost=0.43..6.51 rows=104 width=4)
	  Index Cond: ((id >= 5738070) AND (id <= 5738170))

table 8 : explain SELECT id FROM sbtest8 WHERE id BETWEEN 5738070 AND 5738170
	Index Only Scan using sbtest8_pkey on sbtest8  (cost=0.43..6.37 rows=97 width=4)
	  Index Cond: ((id >= 5738070) AND (id <= 5738170))

explain: for range-covered :: explain SELECT id FROM sbtest%d WHERE id BETWEEN 6783486 AND 6783586
for range-covered
table 1 : explain SELECT id FROM sbtest1 WHERE id BETWEEN 5821337 AND 5821437
	Index Only Scan using sbtest1_pkey on sbtest1  (cost=0.43..6.29 rows=93 width=4)
	  Index Cond: ((id >= 5821337) AND (id <= 5821437))

table 2 : explain SELECT id FROM sbtest2 WHERE id BETWEEN 5821337 AND 5821437
	Index Only Scan using sbtest2_pkey on sbtest2  (cost=0.43..6.58 rows=107 width=4)
	  Index Cond: ((id >= 5821337) AND (id <= 5821437))

table 3 : explain SELECT id FROM sbtest3 WHERE id BETWEEN 5821337 AND 5821437
	Index Only Scan using sbtest3_pkey on sbtest3  (cost=0.43..6.43 rows=100 width=4)
	  Index Cond: ((id >= 5821337) AND (id <= 5821437))

table 4 : explain SELECT id FROM sbtest4 WHERE id BETWEEN 5821337 AND 5821437
	Index Only Scan using sbtest4_pkey on sbtest4  (cost=0.43..6.45 rows=101 width=4)
	  Index Cond: ((id >= 5821337) AND (id <= 5821437))

table 5 : explain SELECT id FROM sbtest5 WHERE id BETWEEN 5821337 AND 5821437
	Index Only Scan using sbtest5_pkey on sbtest5  (cost=0.43..6.32 rows=94 width=4)
	  Index Cond: ((id >= 5821337) AND (id <= 5821437))

table 6 : explain SELECT id FROM sbtest6 WHERE id BETWEEN 5821337 AND 5821437
	Index Only Scan using sbtest6_pkey on sbtest6  (cost=0.43..6.42 rows=99 width=4)
	  Index Cond: ((id >= 5821337) AND (id <= 5821437))

table 7 : explain SELECT id FROM sbtest7 WHERE id BETWEEN 5821337 AND 5821437
	Index Only Scan using sbtest7_pkey on sbtest7  (cost=0.43..6.40 rows=98 width=4)
	  Index Cond: ((id >= 5821337) AND (id <= 5821437))

table 8 : explain SELECT id FROM sbtest8 WHERE id BETWEEN 5821337 AND 5821437
	Index Only Scan using sbtest8_pkey on sbtest8  (cost=0.43..6.37 rows=97 width=4)
	  Index Cond: ((id >= 5821337) AND (id <= 5821437))

explain: for range-covered :: explain SELECT id FROM sbtest%d WHERE id BETWEEN 5821337 AND 5821437
for range-covered
table 1 : explain SELECT id FROM sbtest1 WHERE id BETWEEN 1157503 AND 1157603
	Index Only Scan using sbtest1_pkey on sbtest1  (cost=0.43..6.50 rows=103 width=4)
	  Index Cond: ((id >= 1157503) AND (id <= 1157603))

table 2 : explain SELECT id FROM sbtest2 WHERE id BETWEEN 1157503 AND 1157603
	Index Only Scan using sbtest2_pkey on sbtest2  (cost=0.43..6.50 rows=103 width=4)
	  Index Cond: ((id >= 1157503) AND (id <= 1157603))

table 3 : explain SELECT id FROM sbtest3 WHERE id BETWEEN 1157503 AND 1157603
	Index Only Scan using sbtest3_pkey on sbtest3  (cost=0.43..6.37 rows=97 width=4)
	  Index Cond: ((id >= 1157503) AND (id <= 1157603))

table 4 : explain SELECT id FROM sbtest4 WHERE id BETWEEN 1157503 AND 1157603
	Index Only Scan using sbtest4_pkey on sbtest4  (cost=0.43..6.72 rows=114 width=4)
	  Index Cond: ((id >= 1157503) AND (id <= 1157603))

table 5 : explain SELECT id FROM sbtest5 WHERE id BETWEEN 1157503 AND 1157603
	Index Only Scan using sbtest5_pkey on sbtest5  (cost=0.43..6.63 rows=110 width=4)
	  Index Cond: ((id >= 1157503) AND (id <= 1157603))

table 6 : explain SELECT id FROM sbtest6 WHERE id BETWEEN 1157503 AND 1157603
	Index Only Scan using sbtest6_pkey on sbtest6  (cost=0.43..6.58 rows=107 width=4)
	  Index Cond: ((id >= 1157503) AND (id <= 1157603))

table 7 : explain SELECT id FROM sbtest7 WHERE id BETWEEN 1157503 AND 1157603
	Index Only Scan using sbtest7_pkey on sbtest7  (cost=0.43..6.47 rows=102 width=4)
	  Index Cond: ((id >= 1157503) AND (id <= 1157603))

table 8 : explain SELECT id FROM sbtest8 WHERE id BETWEEN 1157503 AND 1157603
	Index Only Scan using sbtest8_pkey on sbtest8  (cost=0.43..6.50 rows=103 width=4)
	  Index Cond: ((id >= 1157503) AND (id <= 1157603))

explain: for range-covered :: explain SELECT id FROM sbtest%d WHERE id BETWEEN 1157503 AND 1157603
for range-covered
table 1 : explain SELECT id FROM sbtest1 WHERE id BETWEEN 3978660 AND 3978760
	Index Only Scan using sbtest1_pkey on sbtest1  (cost=0.43..6.42 rows=99 width=4)
	  Index Cond: ((id >= 3978660) AND (id <= 3978760))

table 2 : explain SELECT id FROM sbtest2 WHERE id BETWEEN 3978660 AND 3978760
	Index Only Scan using sbtest2_pkey on sbtest2  (cost=0.43..6.51 rows=104 width=4)
	  Index Cond: ((id >= 3978660) AND (id <= 3978760))

table 3 : explain SELECT id FROM sbtest3 WHERE id BETWEEN 3978660 AND 3978760
	Index Only Scan using sbtest3_pkey on sbtest3  (cost=0.43..6.56 rows=106 width=4)
	  Index Cond: ((id >= 3978660) AND (id <= 3978760))

table 4 : explain SELECT id FROM sbtest4 WHERE id BETWEEN 3978660 AND 3978760
	Index Only Scan using sbtest4_pkey on sbtest4  (cost=0.43..6.72 rows=114 width=4)
	  Index Cond: ((id >= 3978660) AND (id <= 3978760))

table 5 : explain SELECT id FROM sbtest5 WHERE id BETWEEN 3978660 AND 3978760
	Index Only Scan using sbtest5_pkey on sbtest5  (cost=0.43..6.56 rows=106 width=4)
	  Index Cond: ((id >= 3978660) AND (id <= 3978760))

table 6 : explain SELECT id FROM sbtest6 WHERE id BETWEEN 3978660 AND 3978760
	Index Only Scan using sbtest6_pkey on sbtest6  (cost=0.43..6.61 rows=109 width=4)
	  Index Cond: ((id >= 3978660) AND (id <= 3978760))

table 7 : explain SELECT id FROM sbtest7 WHERE id BETWEEN 3978660 AND 3978760
	Index Only Scan using sbtest7_pkey on sbtest7  (cost=0.43..6.43 rows=100 width=4)
	  Index Cond: ((id >= 3978660) AND (id <= 3978760))

table 8 : explain SELECT id FROM sbtest8 WHERE id BETWEEN 3978660 AND 3978760
	Index Only Scan using sbtest8_pkey on sbtest8  (cost=0.43..6.56 rows=106 width=4)
	  Index Cond: ((id >= 3978660) AND (id <= 3978760))

explain: for range-covered :: explain SELECT id FROM sbtest%d WHERE id BETWEEN 3978660 AND 3978760
for range-covered
table 1 : explain SELECT id FROM sbtest1 WHERE id BETWEEN 5821337 AND 5821437
	Index Only Scan using sbtest1_pkey on sbtest1  (cost=0.43..6.29 rows=93 width=4)
	  Index Cond: ((id >= 5821337) AND (id <= 5821437))

table 2 : explain SELECT id FROM sbtest2 WHERE id BETWEEN 5821337 AND 5821437
	Index Only Scan using sbtest2_pkey on sbtest2  (cost=0.43..6.58 rows=107 width=4)
	  Index Cond: ((id >= 5821337) AND (id <= 5821437))

table 3 : explain SELECT id FROM sbtest3 WHERE id BETWEEN 5821337 AND 5821437
	Index Only Scan using sbtest3_pkey on sbtest3  (cost=0.43..6.43 rows=100 width=4)
	  Index Cond: ((id >= 5821337) AND (id <= 5821437))

table 4 : explain SELECT id FROM sbtest4 WHERE id BETWEEN 5821337 AND 5821437
	Index Only Scan using sbtest4_pkey on sbtest4  (cost=0.43..6.45 rows=101 width=4)
	  Index Cond: ((id >= 5821337) AND (id <= 5821437))

table 5 : explain SELECT id FROM sbtest5 WHERE id BETWEEN 5821337 AND 5821437
	Index Only Scan using sbtest5_pkey on sbtest5  (cost=0.43..6.32 rows=94 width=4)
	  Index Cond: ((id >= 5821337) AND (id <= 5821437))

table 6 : explain SELECT id FROM sbtest6 WHERE id BETWEEN 5821337 AND 5821437
	Index Only Scan using sbtest6_pkey on sbtest6  (cost=0.43..6.42 rows=99 width=4)
	  Index Cond: ((id >= 5821337) AND (id <= 5821437))

table 7 : explain SELECT id FROM sbtest7 WHERE id BETWEEN 5821337 AND 5821437
	Index Only Scan using sbtest7_pkey on sbtest7  (cost=0.43..6.40 rows=98 width=4)
	  Index Cond: ((id >= 5821337) AND (id <= 5821437))

table 8 : explain SELECT id FROM sbtest8 WHERE id BETWEEN 5821337 AND 5821437
	Index Only Scan using sbtest8_pkey on sbtest8  (cost=0.43..6.37 rows=97 width=4)
	  Index Cond: ((id >= 5821337) AND (id <= 5821437))

explain: for range-covered :: explain SELECT id FROM sbtest%d WHERE id BETWEEN 4520042 AND 4520142
explain: for range-covered :: explain SELECT id FROM sbtest%d WHERE id BETWEEN 5821337 AND 5821437
for range-covered
table 1 : explain SELECT id FROM sbtest1 WHERE id BETWEEN 6783486 AND 6783586
	Index Only Scan using sbtest1_pkey on sbtest1  (cost=0.43..6.42 rows=99 width=4)
	  Index Cond: ((id >= 6783486) AND (id <= 6783586))

table 2 : explain SELECT id FROM sbtest2 WHERE id BETWEEN 6783486 AND 6783586
	Index Only Scan using sbtest2_pkey on sbtest2  (cost=0.43..6.37 rows=97 width=4)
	  Index Cond: ((id >= 6783486) AND (id <= 6783586))

table 3 : explain SELECT id FROM sbtest3 WHERE id BETWEEN 6783486 AND 6783586
	Index Only Scan using sbtest3_pkey on sbtest3  (cost=0.43..6.42 rows=99 width=4)
	  Index Cond: ((id >= 6783486) AND (id <= 6783586))

table 4 : explain SELECT id FROM sbtest4 WHERE id BETWEEN 6783486 AND 6783586
	Index Only Scan using sbtest4_pkey on sbtest4  (cost=0.43..6.37 rows=97 width=4)
	  Index Cond: ((id >= 6783486) AND (id <= 6783586))

table 5 : explain SELECT id FROM sbtest5 WHERE id BETWEEN 6783486 AND 6783586
	Index Only Scan using sbtest5_pkey on sbtest5  (cost=0.43..6.37 rows=97 width=4)
	  Index Cond: ((id >= 6783486) AND (id <= 6783586))

table 6 : explain SELECT id FROM sbtest6 WHERE id BETWEEN 6783486 AND 6783586
	Index Only Scan using sbtest6_pkey on sbtest6  (cost=0.43..6.59 rows=108 width=4)
	  Index Cond: ((id >= 6783486) AND (id <= 6783586))

table 7 : explain SELECT id FROM sbtest7 WHERE id BETWEEN 6783486 AND 6783586
	Index Only Scan using sbtest7_pkey on sbtest7  (cost=0.43..6.50 rows=103 width=4)
	  Index Cond: ((id >= 6783486) AND (id <= 6783586))

table 8 : explain SELECT id FROM sbtest8 WHERE id BETWEEN 6783486 AND 6783586
	Index Only Scan using sbtest8_pkey on sbtest8  (cost=0.43..6.79 rows=118 width=4)
	  Index Cond: ((id >= 6783486) AND (id <= 6783586))

for range-covered
table 1 : explain SELECT id FROM sbtest1 WHERE id BETWEEN 1157503 AND 1157603
	Index Only Scan using sbtest1_pkey on sbtest1  (cost=0.43..6.50 rows=103 width=4)
	  Index Cond: ((id >= 1157503) AND (id <= 1157603))

table 2 : explain SELECT id FROM sbtest2 WHERE id BETWEEN 1157503 AND 1157603
	Index Only Scan using sbtest2_pkey on sbtest2  (cost=0.43..6.50 rows=103 width=4)
	  Index Cond: ((id >= 1157503) AND (id <= 1157603))

table 3 : explain SELECT id FROM sbtest3 WHERE id BETWEEN 1157503 AND 1157603
	Index Only Scan using sbtest3_pkey on sbtest3  (cost=0.43..6.37 rows=97 width=4)
	  Index Cond: ((id >= 1157503) AND (id <= 1157603))

table 4 : explain SELECT id FROM sbtest4 WHERE id BETWEEN 1157503 AND 1157603
	Index Only Scan using sbtest4_pkey on sbtest4  (cost=0.43..6.72 rows=114 width=4)
	  Index Cond: ((id >= 1157503) AND (id <= 1157603))

table 5 : explain SELECT id FROM sbtest5 WHERE id BETWEEN 1157503 AND 1157603
	Index Only Scan using sbtest5_pkey on sbtest5  (cost=0.43..6.63 rows=110 width=4)
	  Index Cond: ((id >= 1157503) AND (id <= 1157603))

table 6 : explain SELECT id FROM sbtest6 WHERE id BETWEEN 1157503 AND 1157603
	Index Only Scan using sbtest6_pkey on sbtest6  (cost=0.43..6.58 rows=107 width=4)
	  Index Cond: ((id >= 1157503) AND (id <= 1157603))

table 7 : explain SELECT id FROM sbtest7 WHERE id BETWEEN 1157503 AND 1157603
	Index Only Scan using sbtest7_pkey on sbtest7  (cost=0.43..6.47 rows=102 width=4)
	  Index Cond: ((id >= 1157503) AND (id <= 1157603))

table 8 : explain SELECT id FROM sbtest8 WHERE id BETWEEN 1157503 AND 1157603
	Index Only Scan using sbtest8_pkey on sbtest8  (cost=0.43..6.50 rows=103 width=4)
	  Index Cond: ((id >= 1157503) AND (id <= 1157603))

explain: for range-covered :: explain SELECT id FROM sbtest%d WHERE id BETWEEN 6783486 AND 6783586
explain: for range-covered :: explain SELECT id FROM sbtest%d WHERE id BETWEEN 4608925 AND 4609025
explain: for range-covered :: explain SELECT id FROM sbtest%d WHERE id BETWEEN 1157503 AND 1157603
explain: for range-covered :: explain SELECT id FROM sbtest%d WHERE id BETWEEN 6983719 AND 6983819
for range-covered
table 1 : explain SELECT id FROM sbtest1 WHERE id BETWEEN 5821337 AND 5821437
	Index Only Scan using sbtest1_pkey on sbtest1  (cost=0.43..6.29 rows=93 width=4)
	  Index Cond: ((id >= 5821337) AND (id <= 5821437))

table 2 : explain SELECT id FROM sbtest2 WHERE id BETWEEN 5821337 AND 5821437
	Index Only Scan using sbtest2_pkey on sbtest2  (cost=0.43..6.58 rows=107 width=4)
	  Index Cond: ((id >= 5821337) AND (id <= 5821437))

table 3 : explain SELECT id FROM sbtest3 WHERE id BETWEEN 5821337 AND 5821437
	Index Only Scan using sbtest3_pkey on sbtest3  (cost=0.43..6.43 rows=100 width=4)
	  Index Cond: ((id >= 5821337) AND (id <= 5821437))

table 4 : explain SELECT id FROM sbtest4 WHERE id BETWEEN 5821337 AND 5821437
	Index Only Scan using sbtest4_pkey on sbtest4  (cost=0.43..6.45 rows=101 width=4)
	  Index Cond: ((id >= 5821337) AND (id <= 5821437))

table 5 : explain SELECT id FROM sbtest5 WHERE id BETWEEN 5821337 AND 5821437
	Index Only Scan using sbtest5_pkey on sbtest5  (cost=0.43..6.32 rows=94 width=4)
	  Index Cond: ((id >= 5821337) AND (id <= 5821437))

table 6 : explain SELECT id FROM sbtest6 WHERE id BETWEEN 5821337 AND 5821437
	Index Only Scan using sbtest6_pkey on sbtest6  (cost=0.43..6.42 rows=99 width=4)
	  Index Cond: ((id >= 5821337) AND (id <= 5821437))

table 7 : explain SELECT id FROM sbtest7 WHERE id BETWEEN 5821337 AND 5821437
	Index Only Scan using sbtest7_pkey on sbtest7  (cost=0.43..6.40 rows=98 width=4)
	  Index Cond: ((id >= 5821337) AND (id <= 5821437))

table 8 : explain SELECT id FROM sbtest8 WHERE id BETWEEN 5821337 AND 5821437
	Index Only Scan using sbtest8_pkey on sbtest8  (cost=0.43..6.37 rows=97 width=4)
	  Index Cond: ((id >= 5821337) AND (id <= 5821437))

explain: for range-covered :: explain SELECT id FROM sbtest%d WHERE id BETWEEN 5821337 AND 5821437
explain: for range-covered :: explain SELECT id FROM sbtest%d WHERE id BETWEEN 4670817 AND 4670917
for range-covered
table 1 : explain SELECT id FROM sbtest1 WHERE id BETWEEN 3978660 AND 3978760
	Index Only Scan using sbtest1_pkey on sbtest1  (cost=0.43..6.42 rows=99 width=4)
	  Index Cond: ((id >= 3978660) AND (id <= 3978760))

table 2 : explain SELECT id FROM sbtest2 WHERE id BETWEEN 3978660 AND 3978760
	Index Only Scan using sbtest2_pkey on sbtest2  (cost=0.43..6.51 rows=104 width=4)
	  Index Cond: ((id >= 3978660) AND (id <= 3978760))

table 3 : explain SELECT id FROM sbtest3 WHERE id BETWEEN 3978660 AND 3978760
	Index Only Scan using sbtest3_pkey on sbtest3  (cost=0.43..6.56 rows=106 width=4)
	  Index Cond: ((id >= 3978660) AND (id <= 3978760))

table 4 : explain SELECT id FROM sbtest4 WHERE id BETWEEN 3978660 AND 3978760
	Index Only Scan using sbtest4_pkey on sbtest4  (cost=0.43..6.72 rows=114 width=4)
	  Index Cond: ((id >= 3978660) AND (id <= 3978760))

table 5 : explain SELECT id FROM sbtest5 WHERE id BETWEEN 3978660 AND 3978760
	Index Only Scan using sbtest5_pkey on sbtest5  (cost=0.43..6.56 rows=106 width=4)
	  Index Cond: ((id >= 3978660) AND (id <= 3978760))

table 6 : explain SELECT id FROM sbtest6 WHERE id BETWEEN 3978660 AND 3978760
	Index Only Scan using sbtest6_pkey on sbtest6  (cost=0.43..6.61 rows=109 width=4)
	  Index Cond: ((id >= 3978660) AND (id <= 3978760))

table 7 : explain SELECT id FROM sbtest7 WHERE id BETWEEN 3978660 AND 3978760
	Index Only Scan using sbtest7_pkey on sbtest7  (cost=0.43..6.43 rows=100 width=4)
	  Index Cond: ((id >= 3978660) AND (id <= 3978760))

table 8 : explain SELECT id FROM sbtest8 WHERE id BETWEEN 3978660 AND 3978760
	Index Only Scan using sbtest8_pkey on sbtest8  (cost=0.43..6.56 rows=106 width=4)
	  Index Cond: ((id >= 3978660) AND (id <= 3978760))

for range-covered
table 1 : explain SELECT id FROM sbtest1 WHERE id BETWEEN 1157503 AND 1157603
	Index Only Scan using sbtest1_pkey on sbtest1  (cost=0.43..6.50 rows=103 width=4)
	  Index Cond: ((id >= 1157503) AND (id <= 1157603))

table 2 : explain SELECT id FROM sbtest2 WHERE id BETWEEN 1157503 AND 1157603
	Index Only Scan using sbtest2_pkey on sbtest2  (cost=0.43..6.50 rows=103 width=4)
	  Index Cond: ((id >= 1157503) AND (id <= 1157603))

table 3 : explain SELECT id FROM sbtest3 WHERE id BETWEEN 1157503 AND 1157603
	Index Only Scan using sbtest3_pkey on sbtest3  (cost=0.43..6.37 rows=97 width=4)
	  Index Cond: ((id >= 1157503) AND (id <= 1157603))

table 4 : explain SELECT id FROM sbtest4 WHERE id BETWEEN 1157503 AND 1157603
	Index Only Scan using sbtest4_pkey on sbtest4  (cost=0.43..6.72 rows=114 width=4)
	  Index Cond: ((id >= 1157503) AND (id <= 1157603))

table 5 : explain SELECT id FROM sbtest5 WHERE id BETWEEN 1157503 AND 1157603
	Index Only Scan using sbtest5_pkey on sbtest5  (cost=0.43..6.63 rows=110 width=4)
	  Index Cond: ((id >= 1157503) AND (id <= 1157603))

table 6 : explain SELECT id FROM sbtest6 WHERE id BETWEEN 1157503 AND 1157603
	Index Only Scan using sbtest6_pkey on sbtest6  (cost=0.43..6.58 rows=107 width=4)
	  Index Cond: ((id >= 1157503) AND (id <= 1157603))

table 7 : explain SELECT id FROM sbtest7 WHERE id BETWEEN 1157503 AND 1157603
	Index Only Scan using sbtest7_pkey on sbtest7  (cost=0.43..6.47 rows=102 width=4)
	  Index Cond: ((id >= 1157503) AND (id <= 1157603))

table 8 : explain SELECT id FROM sbtest8 WHERE id BETWEEN 1157503 AND 1157603
	Index Only Scan using sbtest8_pkey on sbtest8  (cost=0.43..6.50 rows=103 width=4)
	  Index Cond: ((id >= 1157503) AND (id <= 1157603))

explain: for range-covered :: explain SELECT id FROM sbtest%d WHERE id BETWEEN 1157503 AND 1157603
for range-covered
table 1 : explain SELECT id FROM sbtest1 WHERE id BETWEEN 5821337 AND 5821437
	Index Only Scan using sbtest1_pkey on sbtest1  (cost=0.43..6.29 rows=93 width=4)
	  Index Cond: ((id >= 5821337) AND (id <= 5821437))

table 2 : explain SELECT id FROM sbtest2 WHERE id BETWEEN 5821337 AND 5821437
	Index Only Scan using sbtest2_pkey on sbtest2  (cost=0.43..6.58 rows=107 width=4)
	  Index Cond: ((id >= 5821337) AND (id <= 5821437))

table 3 : explain SELECT id FROM sbtest3 WHERE id BETWEEN 5821337 AND 5821437
	Index Only Scan using sbtest3_pkey on sbtest3  (cost=0.43..6.43 rows=100 width=4)
	  Index Cond: ((id >= 5821337) AND (id <= 5821437))

table 4 : explain SELECT id FROM sbtest4 WHERE id BETWEEN 5821337 AND 5821437
	Index Only Scan using sbtest4_pkey on sbtest4  (cost=0.43..6.45 rows=101 width=4)
	  Index Cond: ((id >= 5821337) AND (id <= 5821437))

table 5 : explain SELECT id FROM sbtest5 WHERE id BETWEEN 5821337 AND 5821437
	Index Only Scan using sbtest5_pkey on sbtest5  (cost=0.43..6.32 rows=94 width=4)
	  Index Cond: ((id >= 5821337) AND (id <= 5821437))

table 6 : explain SELECT id FROM sbtest6 WHERE id BETWEEN 5821337 AND 5821437
	Index Only Scan using sbtest6_pkey on sbtest6  (cost=0.43..6.42 rows=99 width=4)
	  Index Cond: ((id >= 5821337) AND (id <= 5821437))

table 7 : explain SELECT id FROM sbtest7 WHERE id BETWEEN 5821337 AND 5821437
	Index Only Scan using sbtest7_pkey on sbtest7  (cost=0.43..6.40 rows=98 width=4)
	  Index Cond: ((id >= 5821337) AND (id <= 5821437))

table 8 : explain SELECT id FROM sbtest8 WHERE id BETWEEN 5821337 AND 5821437
	Index Only Scan using sbtest8_pkey on sbtest8  (cost=0.43..6.37 rows=97 width=4)
	  Index Cond: ((id >= 5821337) AND (id <= 5821437))

explain: for range-covered :: explain SELECT id FROM sbtest%d WHERE id BETWEEN 5821337 AND 5821437
for range-covered
table 1 : explain SELECT id FROM sbtest1 WHERE id BETWEEN 6783486 AND 6783586
	Index Only Scan using sbtest1_pkey on sbtest1  (cost=0.43..6.42 rows=99 width=4)
	  Index Cond: ((id >= 6783486) AND (id <= 6783586))

table 2 : explain SELECT id FROM sbtest2 WHERE id BETWEEN 6783486 AND 6783586
	Index Only Scan using sbtest2_pkey on sbtest2  (cost=0.43..6.37 rows=97 width=4)
	  Index Cond: ((id >= 6783486) AND (id <= 6783586))

table 3 : explain SELECT id FROM sbtest3 WHERE id BETWEEN 6783486 AND 6783586
	Index Only Scan using sbtest3_pkey on sbtest3  (cost=0.43..6.42 rows=99 width=4)
	  Index Cond: ((id >= 6783486) AND (id <= 6783586))

table 4 : explain SELECT id FROM sbtest4 WHERE id BETWEEN 6783486 AND 6783586
	Index Only Scan using sbtest4_pkey on sbtest4  (cost=0.43..6.37 rows=97 width=4)
	  Index Cond: ((id >= 6783486) AND (id <= 6783586))

table 5 : explain SELECT id FROM sbtest5 WHERE id BETWEEN 6783486 AND 6783586
	Index Only Scan using sbtest5_pkey on sbtest5  (cost=0.43..6.37 rows=97 width=4)
	  Index Cond: ((id >= 6783486) AND (id <= 6783586))

table 6 : explain SELECT id FROM sbtest6 WHERE id BETWEEN 6783486 AND 6783586
	Index Only Scan using sbtest6_pkey on sbtest6  (cost=0.43..6.59 rows=108 width=4)
	  Index Cond: ((id >= 6783486) AND (id <= 6783586))

table 7 : explain SELECT id FROM sbtest7 WHERE id BETWEEN 6783486 AND 6783586
	Index Only Scan using sbtest7_pkey on sbtest7  (cost=0.43..6.50 rows=103 width=4)
	  Index Cond: ((id >= 6783486) AND (id <= 6783586))

table 8 : explain SELECT id FROM sbtest8 WHERE id BETWEEN 6783486 AND 6783586
	Index Only Scan using sbtest8_pkey on sbtest8  (cost=0.43..6.79 rows=118 width=4)
	  Index Cond: ((id >= 6783486) AND (id <= 6783586))

explain: for range-covered :: explain SELECT id FROM sbtest%d WHERE id BETWEEN 6783486 AND 6783586
for range-covered
table 1 : explain SELECT id FROM sbtest1 WHERE id BETWEEN 5821337 AND 5821437
	Index Only Scan using sbtest1_pkey on sbtest1  (cost=0.43..6.29 rows=93 width=4)
	  Index Cond: ((id >= 5821337) AND (id <= 5821437))

table 2 : explain SELECT id FROM sbtest2 WHERE id BETWEEN 5821337 AND 5821437
	Index Only Scan using sbtest2_pkey on sbtest2  (cost=0.43..6.58 rows=107 width=4)
	  Index Cond: ((id >= 5821337) AND (id <= 5821437))

table 3 : explain SELECT id FROM sbtest3 WHERE id BETWEEN 5821337 AND 5821437
	Index Only Scan using sbtest3_pkey on sbtest3  (cost=0.43..6.43 rows=100 width=4)
	  Index Cond: ((id >= 5821337) AND (id <= 5821437))

table 4 : explain SELECT id FROM sbtest4 WHERE id BETWEEN 5821337 AND 5821437
	Index Only Scan using sbtest4_pkey on sbtest4  (cost=0.43..6.45 rows=101 width=4)
	  Index Cond: ((id >= 5821337) AND (id <= 5821437))

table 5 : explain SELECT id FROM sbtest5 WHERE id BETWEEN 5821337 AND 5821437
	Index Only Scan using sbtest5_pkey on sbtest5  (cost=0.43..6.32 rows=94 width=4)
	  Index Cond: ((id >= 5821337) AND (id <= 5821437))

table 6 : explain SELECT id FROM sbtest6 WHERE id BETWEEN 5821337 AND 5821437
	Index Only Scan using sbtest6_pkey on sbtest6  (cost=0.43..6.42 rows=99 width=4)
	  Index Cond: ((id >= 5821337) AND (id <= 5821437))

table 7 : explain SELECT id FROM sbtest7 WHERE id BETWEEN 5821337 AND 5821437
	Index Only Scan using sbtest7_pkey on sbtest7  (cost=0.43..6.40 rows=98 width=4)
	  Index Cond: ((id >= 5821337) AND (id <= 5821437))

table 8 : explain SELECT id FROM sbtest8 WHERE id BETWEEN 5821337 AND 5821437
	Index Only Scan using sbtest8_pkey on sbtest8  (cost=0.43..6.37 rows=97 width=4)
	  Index Cond: ((id >= 5821337) AND (id <= 5821437))

explain: for range-covered :: explain SELECT id FROM sbtest%d WHERE id BETWEEN 5821337 AND 5821437
for range-covered
table 1 : explain SELECT id FROM sbtest1 WHERE id BETWEEN 4608925 AND 4609025
	Index Only Scan using sbtest1_pkey on sbtest1  (cost=0.43..6.59 rows=108 width=4)
	  Index Cond: ((id >= 4608925) AND (id <= 4609025))

table 2 : explain SELECT id FROM sbtest2 WHERE id BETWEEN 4608925 AND 4609025
	Index Only Scan using sbtest2_pkey on sbtest2  (cost=0.43..6.47 rows=102 width=4)
	  Index Cond: ((id >= 4608925) AND (id <= 4609025))

table 3 : explain SELECT id FROM sbtest3 WHERE id BETWEEN 4608925 AND 4609025
	Index Only Scan using sbtest3_pkey on sbtest3  (cost=0.43..6.51 rows=104 width=4)
	  Index Cond: ((id >= 4608925) AND (id <= 4609025))

table 4 : explain SELECT id FROM sbtest4 WHERE id BETWEEN 4608925 AND 4609025
	Index Only Scan using sbtest4_pkey on sbtest4  (cost=0.43..6.43 rows=100 width=4)
	  Index Cond: ((id >= 4608925) AND (id <= 4609025))

table 5 : explain SELECT id FROM sbtest5 WHERE id BETWEEN 4608925 AND 4609025
	Index Only Scan using sbtest5_pkey on sbtest5  (cost=0.43..6.67 rows=112 width=4)
	  Index Cond: ((id >= 4608925) AND (id <= 4609025))

table 6 : explain SELECT id FROM sbtest6 WHERE id BETWEEN 4608925 AND 4609025
	Index Only Scan using sbtest6_pkey on sbtest6  (cost=0.43..6.27 rows=92 width=4)
	  Index Cond: ((id >= 4608925) AND (id <= 4609025))

table 7 : explain SELECT id FROM sbtest7 WHERE id BETWEEN 4608925 AND 4609025
	Index Only Scan using sbtest7_pkey on sbtest7  (cost=0.43..6.51 rows=104 width=4)
	  Index Cond: ((id >= 4608925) AND (id <= 4609025))

table 8 : explain SELECT id FROM sbtest8 WHERE id BETWEEN 4608925 AND 4609025
	Index Only Scan using sbtest8_pkey on sbtest8  (cost=0.43..6.35 rows=96 width=4)
	  Index Cond: ((id >= 4608925) AND (id <= 4609025))

explain: for range-covered :: explain SELECT id FROM sbtest%d WHERE id BETWEEN 4608925 AND 4609025
for range-covered
table 1 : explain SELECT id FROM sbtest1 WHERE id BETWEEN 5821337 AND 5821437
	Index Only Scan using sbtest1_pkey on sbtest1  (cost=0.43..6.29 rows=93 width=4)
	  Index Cond: ((id >= 5821337) AND (id <= 5821437))

table 2 : explain SELECT id FROM sbtest2 WHERE id BETWEEN 5821337 AND 5821437
	Index Only Scan using sbtest2_pkey on sbtest2  (cost=0.43..6.58 rows=107 width=4)
	  Index Cond: ((id >= 5821337) AND (id <= 5821437))

table 3 : explain SELECT id FROM sbtest3 WHERE id BETWEEN 5821337 AND 5821437
	Index Only Scan using sbtest3_pkey on sbtest3  (cost=0.43..6.43 rows=100 width=4)
	  Index Cond: ((id >= 5821337) AND (id <= 5821437))

table 4 : explain SELECT id FROM sbtest4 WHERE id BETWEEN 5821337 AND 5821437
	Index Only Scan using sbtest4_pkey on sbtest4  (cost=0.43..6.45 rows=101 width=4)
	  Index Cond: ((id >= 5821337) AND (id <= 5821437))

table 5 : explain SELECT id FROM sbtest5 WHERE id BETWEEN 5821337 AND 5821437
	Index Only Scan using sbtest5_pkey on sbtest5  (cost=0.43..6.32 rows=94 width=4)
	  Index Cond: ((id >= 5821337) AND (id <= 5821437))

table 6 : explain SELECT id FROM sbtest6 WHERE id BETWEEN 5821337 AND 5821437
	Index Only Scan using sbtest6_pkey on sbtest6  (cost=0.43..6.42 rows=99 width=4)
	  Index Cond: ((id >= 5821337) AND (id <= 5821437))

table 7 : explain SELECT id FROM sbtest7 WHERE id BETWEEN 5821337 AND 5821437
	Index Only Scan using sbtest7_pkey on sbtest7  (cost=0.43..6.40 rows=98 width=4)
	  Index Cond: ((id >= 5821337) AND (id <= 5821437))

table 8 : explain SELECT id FROM sbtest8 WHERE id BETWEEN 5821337 AND 5821437
	Index Only Scan using sbtest8_pkey on sbtest8  (cost=0.43..6.37 rows=97 width=4)
	  Index Cond: ((id >= 5821337) AND (id <= 5821437))

explain: for range-covered :: explain SELECT id FROM sbtest%d WHERE id BETWEEN 5821337 AND 5821437
for range-covered
table 1 : explain SELECT id FROM sbtest1 WHERE id BETWEEN 6783486 AND 6783586
	Index Only Scan using sbtest1_pkey on sbtest1  (cost=0.43..6.42 rows=99 width=4)
	  Index Cond: ((id >= 6783486) AND (id <= 6783586))

table 2 : explain SELECT id FROM sbtest2 WHERE id BETWEEN 6783486 AND 6783586
	Index Only Scan using sbtest2_pkey on sbtest2  (cost=0.43..6.37 rows=97 width=4)
	  Index Cond: ((id >= 6783486) AND (id <= 6783586))

table 3 : explain SELECT id FROM sbtest3 WHERE id BETWEEN 6783486 AND 6783586
	Index Only Scan using sbtest3_pkey on sbtest3  (cost=0.43..6.42 rows=99 width=4)
	  Index Cond: ((id >= 6783486) AND (id <= 6783586))

table 4 : explain SELECT id FROM sbtest4 WHERE id BETWEEN 6783486 AND 6783586
	Index Only Scan using sbtest4_pkey on sbtest4  (cost=0.43..6.37 rows=97 width=4)
	  Index Cond: ((id >= 6783486) AND (id <= 6783586))

table 5 : explain SELECT id FROM sbtest5 WHERE id BETWEEN 6783486 AND 6783586
	Index Only Scan using sbtest5_pkey on sbtest5  (cost=0.43..6.37 rows=97 width=4)
	  Index Cond: ((id >= 6783486) AND (id <= 6783586))

table 6 : explain SELECT id FROM sbtest6 WHERE id BETWEEN 6783486 AND 6783586
	Index Only Scan using sbtest6_pkey on sbtest6  (cost=0.43..6.59 rows=108 width=4)
	  Index Cond: ((id >= 6783486) AND (id <= 6783586))

table 7 : explain SELECT id FROM sbtest7 WHERE id BETWEEN 6783486 AND 6783586
	Index Only Scan using sbtest7_pkey on sbtest7  (cost=0.43..6.50 rows=103 width=4)
	  Index Cond: ((id >= 6783486) AND (id <= 6783586))

table 8 : explain SELECT id FROM sbtest8 WHERE id BETWEEN 6783486 AND 6783586
	Index Only Scan using sbtest8_pkey on sbtest8  (cost=0.43..6.79 rows=118 width=4)
	  Index Cond: ((id >= 6783486) AND (id <= 6783586))

explain: for range-covered :: explain SELECT id FROM sbtest%d WHERE id BETWEEN 6783486 AND 6783586
for range-covered
table 1 : explain SELECT id FROM sbtest1 WHERE id BETWEEN 4670817 AND 4670917
	Index Only Scan using sbtest1_pkey on sbtest1  (cost=0.43..6.35 rows=96 width=4)
	  Index Cond: ((id >= 4670817) AND (id <= 4670917))

table 2 : explain SELECT id FROM sbtest2 WHERE id BETWEEN 4670817 AND 4670917
	Index Only Scan using sbtest2_pkey on sbtest2  (cost=0.43..6.47 rows=102 width=4)
	  Index Cond: ((id >= 4670817) AND (id <= 4670917))

table 3 : explain SELECT id FROM sbtest3 WHERE id BETWEEN 4670817 AND 4670917
	Index Only Scan using sbtest3_pkey on sbtest3  (cost=0.43..6.51 rows=104 width=4)
	  Index Cond: ((id >= 4670817) AND (id <= 4670917))

table 4 : explain SELECT id FROM sbtest4 WHERE id BETWEEN 4670817 AND 4670917
	Index Only Scan using sbtest4_pkey on sbtest4  (cost=0.43..6.43 rows=100 width=4)
	  Index Cond: ((id >= 4670817) AND (id <= 4670917))

table 5 : explain SELECT id FROM sbtest5 WHERE id BETWEEN 4670817 AND 4670917
	Index Only Scan using sbtest5_pkey on sbtest5  (cost=0.43..6.67 rows=112 width=4)
	  Index Cond: ((id >= 4670817) AND (id <= 4670917))

table 6 : explain SELECT id FROM sbtest6 WHERE id BETWEEN 4670817 AND 4670917
	Index Only Scan using sbtest6_pkey on sbtest6  (cost=0.43..6.40 rows=98 width=4)
	  Index Cond: ((id >= 4670817) AND (id <= 4670917))

table 7 : explain SELECT id FROM sbtest7 WHERE id BETWEEN 4670817 AND 4670917
	Index Only Scan using sbtest7_pkey on sbtest7  (cost=0.43..6.51 rows=104 width=4)
	  Index Cond: ((id >= 4670817) AND (id <= 4670917))

table 8 : explain SELECT id FROM sbtest8 WHERE id BETWEEN 4670817 AND 4670917
	Index Only Scan using sbtest8_pkey on sbtest8  (cost=0.43..6.33 rows=95 width=4)
	  Index Cond: ((id >= 4670817) AND (id <= 4670917))

explain: for range-covered :: explain SELECT id FROM sbtest%d WHERE id BETWEEN 4670817 AND 4670917
for range-covered
table 1 : explain SELECT id FROM sbtest1 WHERE id BETWEEN 4608925 AND 4609025
	Index Only Scan using sbtest1_pkey on sbtest1  (cost=0.43..6.59 rows=108 width=4)
	  Index Cond: ((id >= 4608925) AND (id <= 4609025))

table 2 : explain SELECT id FROM sbtest2 WHERE id BETWEEN 4608925 AND 4609025
	Index Only Scan using sbtest2_pkey on sbtest2  (cost=0.43..6.47 rows=102 width=4)
	  Index Cond: ((id >= 4608925) AND (id <= 4609025))

table 3 : explain SELECT id FROM sbtest3 WHERE id BETWEEN 4608925 AND 4609025
	Index Only Scan using sbtest3_pkey on sbtest3  (cost=0.43..6.51 rows=104 width=4)
	  Index Cond: ((id >= 4608925) AND (id <= 4609025))

table 4 : explain SELECT id FROM sbtest4 WHERE id BETWEEN 4608925 AND 4609025
	Index Only Scan using sbtest4_pkey on sbtest4  (cost=0.43..6.43 rows=100 width=4)
	  Index Cond: ((id >= 4608925) AND (id <= 4609025))

table 5 : explain SELECT id FROM sbtest5 WHERE id BETWEEN 4608925 AND 4609025
	Index Only Scan using sbtest5_pkey on sbtest5  (cost=0.43..6.67 rows=112 width=4)
	  Index Cond: ((id >= 4608925) AND (id <= 4609025))

table 6 : explain SELECT id FROM sbtest6 WHERE id BETWEEN 4608925 AND 4609025
	Index Only Scan using sbtest6_pkey on sbtest6  (cost=0.43..6.27 rows=92 width=4)
	  Index Cond: ((id >= 4608925) AND (id <= 4609025))

table 7 : explain SELECT id FROM sbtest7 WHERE id BETWEEN 4608925 AND 4609025
	Index Only Scan using sbtest7_pkey on sbtest7  (cost=0.43..6.51 rows=104 width=4)
	  Index Cond: ((id >= 4608925) AND (id <= 4609025))

table 8 : explain SELECT id FROM sbtest8 WHERE id BETWEEN 4608925 AND 4609025
	Index Only Scan using sbtest8_pkey on sbtest8  (cost=0.43..6.35 rows=96 width=4)
	  Index Cond: ((id >= 4608925) AND (id <= 4609025))

for range-covered
table 1 : explain SELECT id FROM sbtest1 WHERE id BETWEEN 4520042 AND 4520142
	Index Only Scan using sbtest1_pkey on sbtest1  (cost=0.43..6.43 rows=100 width=4)
	  Index Cond: ((id >= 4520042) AND (id <= 4520142))

table 2 : explain SELECT id FROM sbtest2 WHERE id BETWEEN 4520042 AND 4520142
	Index Only Scan using sbtest2_pkey on sbtest2  (cost=0.43..6.51 rows=104 width=4)
	  Index Cond: ((id >= 4520042) AND (id <= 4520142))

table 3 : explain SELECT id FROM sbtest3 WHERE id BETWEEN 4520042 AND 4520142
	Index Only Scan using sbtest3_pkey on sbtest3  (cost=0.43..6.50 rows=103 width=4)
	  Index Cond: ((id >= 4520042) AND (id <= 4520142))

table 4 : explain SELECT id FROM sbtest4 WHERE id BETWEEN 4520042 AND 4520142
	Index Only Scan using sbtest4_pkey on sbtest4  (cost=0.43..6.42 rows=99 width=4)
	  Index Cond: ((id >= 4520042) AND (id <= 4520142))

table 5 : explain SELECT id FROM sbtest5 WHERE id BETWEEN 4520042 AND 4520142
	Index Only Scan using sbtest5_pkey on sbtest5  (cost=0.43..6.37 rows=97 width=4)
	  Index Cond: ((id >= 4520042) AND (id <= 4520142))

table 6 : explain SELECT id FROM sbtest6 WHERE id BETWEEN 4520042 AND 4520142
	Index Only Scan using sbtest6_pkey on sbtest6  (cost=0.43..6.53 rows=105 width=4)
	  Index Cond: ((id >= 4520042) AND (id <= 4520142))

table 7 : explain SELECT id FROM sbtest7 WHERE id BETWEEN 4520042 AND 4520142
	Index Only Scan using sbtest7_pkey on sbtest7  (cost=0.43..6.50 rows=103 width=4)
	  Index Cond: ((id >= 4520042) AND (id <= 4520142))

table 8 : explain SELECT id FROM sbtest8 WHERE id BETWEEN 4520042 AND 4520142
	Index Only Scan using sbtest8_pkey on sbtest8  (cost=0.43..6.35 rows=96 width=4)
	  Index Cond: ((id >= 4520042) AND (id <= 4520142))

explain: for range-covered :: explain SELECT id FROM sbtest%d WHERE id BETWEEN 4608925 AND 4609025
for range-covered
table 1 : explain SELECT id FROM sbtest1 WHERE id BETWEEN 5157753 AND 5157853
	Index Only Scan using sbtest1_pkey on sbtest1  (cost=0.43..6.63 rows=110 width=4)
	  Index Cond: ((id >= 5157753) AND (id <= 5157853))

table 2 : explain SELECT id FROM sbtest2 WHERE id BETWEEN 5157753 AND 5157853
	Index Only Scan using sbtest2_pkey on sbtest2  (cost=0.43..6.51 rows=104 width=4)
	  Index Cond: ((id >= 5157753) AND (id <= 5157853))

table 3 : explain SELECT id FROM sbtest3 WHERE id BETWEEN 5157753 AND 5157853
	Index Only Scan using sbtest3_pkey on sbtest3  (cost=0.43..6.50 rows=103 width=4)
	  Index Cond: ((id >= 5157753) AND (id <= 5157853))

table 4 : explain SELECT id FROM sbtest4 WHERE id BETWEEN 5157753 AND 5157853
	Index Only Scan using sbtest4_pkey on sbtest4  (cost=0.43..6.50 rows=103 width=4)
	  Index Cond: ((id >= 5157753) AND (id <= 5157853))

table 5 : explain SELECT id FROM sbtest5 WHERE id BETWEEN 5157753 AND 5157853
	Index Only Scan using sbtest5_pkey on sbtest5  (cost=0.43..6.51 rows=104 width=4)
	  Index Cond: ((id >= 5157753) AND (id <= 5157853))

table 6 : explain SELECT id FROM sbtest6 WHERE id BETWEEN 5157753 AND 5157853
	Index Only Scan using sbtest6_pkey on sbtest6  (cost=0.43..6.40 rows=98 width=4)
	  Index Cond: ((id >= 5157753) AND (id <= 5157853))

table 7 : explain SELECT id FROM sbtest7 WHERE id BETWEEN 5157753 AND 5157853
	Index Only Scan using sbtest7_pkey on sbtest7  (cost=0.43..6.29 rows=93 width=4)
	  Index Cond: ((id >= 5157753) AND (id <= 5157853))

table 8 : explain SELECT id FROM sbtest8 WHERE id BETWEEN 5157753 AND 5157853
	Index Only Scan using sbtest8_pkey on sbtest8  (cost=0.43..6.58 rows=107 width=4)
	  Index Cond: ((id >= 5157753) AND (id <= 5157853))

for range-covered
table 1 : explain SELECT id FROM sbtest1 WHERE id BETWEEN 5821337 AND 5821437
	Index Only Scan using sbtest1_pkey on sbtest1  (cost=0.43..6.29 rows=93 width=4)
	  Index Cond: ((id >= 5821337) AND (id <= 5821437))

table 2 : explain SELECT id FROM sbtest2 WHERE id BETWEEN 5821337 AND 5821437
	Index Only Scan using sbtest2_pkey on sbtest2  (cost=0.43..6.58 rows=107 width=4)
	  Index Cond: ((id >= 5821337) AND (id <= 5821437))

table 3 : explain SELECT id FROM sbtest3 WHERE id BETWEEN 5821337 AND 5821437
	Index Only Scan using sbtest3_pkey on sbtest3  (cost=0.43..6.43 rows=100 width=4)
	  Index Cond: ((id >= 5821337) AND (id <= 5821437))

table 4 : explain SELECT id FROM sbtest4 WHERE id BETWEEN 5821337 AND 5821437
	Index Only Scan using sbtest4_pkey on sbtest4  (cost=0.43..6.45 rows=101 width=4)
	  Index Cond: ((id >= 5821337) AND (id <= 5821437))

table 5 : explain SELECT id FROM sbtest5 WHERE id BETWEEN 5821337 AND 5821437
	Index Only Scan using sbtest5_pkey on sbtest5  (cost=0.43..6.32 rows=94 width=4)
	  Index Cond: ((id >= 5821337) AND (id <= 5821437))

table 6 : explain SELECT id FROM sbtest6 WHERE id BETWEEN 5821337 AND 5821437
	Index Only Scan using sbtest6_pkey on sbtest6  (cost=0.43..6.42 rows=99 width=4)
	  Index Cond: ((id >= 5821337) AND (id <= 5821437))

table 7 : explain SELECT id FROM sbtest7 WHERE id BETWEEN 5821337 AND 5821437
	Index Only Scan using sbtest7_pkey on sbtest7  (cost=0.43..6.40 rows=98 width=4)
	  Index Cond: ((id >= 5821337) AND (id <= 5821437))

table 8 : explain SELECT id FROM sbtest8 WHERE id BETWEEN 5821337 AND 5821437
	Index Only Scan using sbtest8_pkey on sbtest8  (cost=0.43..6.37 rows=97 width=4)
	  Index Cond: ((id >= 5821337) AND (id <= 5821437))

explain: for range-covered :: explain SELECT id FROM sbtest%d WHERE id BETWEEN 4520042 AND 4520142
explain: for range-covered :: explain SELECT id FROM sbtest%d WHERE id BETWEEN 5821337 AND 5821437
explain: for range-covered :: explain SELECT id FROM sbtest%d WHERE id BETWEEN 5157753 AND 5157853
for range-covered
table 1 : explain SELECT id FROM sbtest1 WHERE id BETWEEN 1157503 AND 1157603
	Index Only Scan using sbtest1_pkey on sbtest1  (cost=0.43..6.50 rows=103 width=4)
	  Index Cond: ((id >= 1157503) AND (id <= 1157603))

table 2 : explain SELECT id FROM sbtest2 WHERE id BETWEEN 1157503 AND 1157603
	Index Only Scan using sbtest2_pkey on sbtest2  (cost=0.43..6.50 rows=103 width=4)
	  Index Cond: ((id >= 1157503) AND (id <= 1157603))

table 3 : explain SELECT id FROM sbtest3 WHERE id BETWEEN 1157503 AND 1157603
	Index Only Scan using sbtest3_pkey on sbtest3  (cost=0.43..6.37 rows=97 width=4)
	  Index Cond: ((id >= 1157503) AND (id <= 1157603))

table 4 : explain SELECT id FROM sbtest4 WHERE id BETWEEN 1157503 AND 1157603
	Index Only Scan using sbtest4_pkey on sbtest4  (cost=0.43..6.72 rows=114 width=4)
	  Index Cond: ((id >= 1157503) AND (id <= 1157603))

table 5 : explain SELECT id FROM sbtest5 WHERE id BETWEEN 1157503 AND 1157603
	Index Only Scan using sbtest5_pkey on sbtest5  (cost=0.43..6.63 rows=110 width=4)
	  Index Cond: ((id >= 1157503) AND (id <= 1157603))

table 6 : explain SELECT id FROM sbtest6 WHERE id BETWEEN 1157503 AND 1157603
	Index Only Scan using sbtest6_pkey on sbtest6  (cost=0.43..6.58 rows=107 width=4)
	  Index Cond: ((id >= 1157503) AND (id <= 1157603))

table 7 : explain SELECT id FROM sbtest7 WHERE id BETWEEN 1157503 AND 1157603
	Index Only Scan using sbtest7_pkey on sbtest7  (cost=0.43..6.47 rows=102 width=4)
	  Index Cond: ((id >= 1157503) AND (id <= 1157603))

table 8 : explain SELECT id FROM sbtest8 WHERE id BETWEEN 1157503 AND 1157603
	Index Only Scan using sbtest8_pkey on sbtest8  (cost=0.43..6.50 rows=103 width=4)
	  Index Cond: ((id >= 1157503) AND (id <= 1157603))

explain: for range-covered :: explain SELECT id FROM sbtest%d WHERE id BETWEEN 1157503 AND 1157603
for range-covered
table 1 : explain SELECT id FROM sbtest1 WHERE id BETWEEN 4670817 AND 4670917
	Index Only Scan using sbtest1_pkey on sbtest1  (cost=0.43..6.35 rows=96 width=4)
	  Index Cond: ((id >= 4670817) AND (id <= 4670917))

table 2 : explain SELECT id FROM sbtest2 WHERE id BETWEEN 4670817 AND 4670917
	Index Only Scan using sbtest2_pkey on sbtest2  (cost=0.43..6.47 rows=102 width=4)
	  Index Cond: ((id >= 4670817) AND (id <= 4670917))

table 3 : explain SELECT id FROM sbtest3 WHERE id BETWEEN 4670817 AND 4670917
	Index Only Scan using sbtest3_pkey on sbtest3  (cost=0.43..6.51 rows=104 width=4)
	  Index Cond: ((id >= 4670817) AND (id <= 4670917))

table 4 : explain SELECT id FROM sbtest4 WHERE id BETWEEN 4670817 AND 4670917
	Index Only Scan using sbtest4_pkey on sbtest4  (cost=0.43..6.43 rows=100 width=4)
	  Index Cond: ((id >= 4670817) AND (id <= 4670917))

table 5 : explain SELECT id FROM sbtest5 WHERE id BETWEEN 4670817 AND 4670917
	Index Only Scan using sbtest5_pkey on sbtest5  (cost=0.43..6.67 rows=112 width=4)
	  Index Cond: ((id >= 4670817) AND (id <= 4670917))

table 6 : explain SELECT id FROM sbtest6 WHERE id BETWEEN 4670817 AND 4670917
	Index Only Scan using sbtest6_pkey on sbtest6  (cost=0.43..6.40 rows=98 width=4)
	  Index Cond: ((id >= 4670817) AND (id <= 4670917))

table 7 : explain SELECT id FROM sbtest7 WHERE id BETWEEN 4670817 AND 4670917
	Index Only Scan using sbtest7_pkey on sbtest7  (cost=0.43..6.51 rows=104 width=4)
	  Index Cond: ((id >= 4670817) AND (id <= 4670917))

table 8 : explain SELECT id FROM sbtest8 WHERE id BETWEEN 4670817 AND 4670917
	Index Only Scan using sbtest8_pkey on sbtest8  (cost=0.43..6.33 rows=95 width=4)
	  Index Cond: ((id >= 4670817) AND (id <= 4670917))

for range-covered
table 1 : explain SELECT id FROM sbtest1 WHERE id BETWEEN 6983719 AND 6983819
	Index Only Scan using sbtest1_pkey on sbtest1  (cost=0.43..6.50 rows=103 width=4)
	  Index Cond: ((id >= 6983719) AND (id <= 6983819))

table 2 : explain SELECT id FROM sbtest2 WHERE id BETWEEN 6983719 AND 6983819
	Index Only Scan using sbtest2_pkey on sbtest2  (cost=0.43..6.45 rows=101 width=4)
	  Index Cond: ((id >= 6983719) AND (id <= 6983819))

table 3 : explain SELECT id FROM sbtest3 WHERE id BETWEEN 6983719 AND 6983819
	Index Only Scan using sbtest3_pkey on sbtest3  (cost=0.43..6.35 rows=96 width=4)
	  Index Cond: ((id >= 6983719) AND (id <= 6983819))

table 4 : explain SELECT id FROM sbtest4 WHERE id BETWEEN 6983719 AND 6983819
	Index Only Scan using sbtest4_pkey on sbtest4  (cost=0.43..6.53 rows=105 width=4)
	  Index Cond: ((id >= 6983719) AND (id <= 6983819))

table 5 : explain SELECT id FROM sbtest5 WHERE id BETWEEN 6983719 AND 6983819
	Index Only Scan using sbtest5_pkey on sbtest5  (cost=0.43..6.74 rows=115 width=4)
	  Index Cond: ((id >= 6983719) AND (id <= 6983819))

table 6 : explain SELECT id FROM sbtest6 WHERE id BETWEEN 6983719 AND 6983819
	Index Only Scan using sbtest6_pkey on sbtest6  (cost=0.43..6.51 rows=104 width=4)
	  Index Cond: ((id >= 6983719) AND (id <= 6983819))

table 7 : explain SELECT id FROM sbtest7 WHERE id BETWEEN 6983719 AND 6983819
	Index Only Scan using sbtest7_pkey on sbtest7  (cost=0.43..6.40 rows=98 width=4)
	  Index Cond: ((id >= 6983719) AND (id <= 6983819))

table 8 : explain SELECT id FROM sbtest8 WHERE id BETWEEN 6983719 AND 6983819
	Index Only Scan using sbtest8_pkey on sbtest8  (cost=0.43..6.27 rows=92 width=4)
	  Index Cond: ((id >= 6983719) AND (id <= 6983819))

explain: for range-covered :: explain SELECT id FROM sbtest%d WHERE id BETWEEN 4670817 AND 4670917
explain: for range-covered :: explain SELECT id FROM sbtest%d WHERE id BETWEEN 6983719 AND 6983819
explain: for range-covered :: explain SELECT id FROM sbtest%d WHERE id BETWEEN 5738070 AND 5738170
for range-covered
table 1 : explain SELECT id FROM sbtest1 WHERE id BETWEEN 4520042 AND 4520142
	Index Only Scan using sbtest1_pkey on sbtest1  (cost=0.43..6.43 rows=100 width=4)
	  Index Cond: ((id >= 4520042) AND (id <= 4520142))

table 2 : explain SELECT id FROM sbtest2 WHERE id BETWEEN 4520042 AND 4520142
	Index Only Scan using sbtest2_pkey on sbtest2  (cost=0.43..6.51 rows=104 width=4)
	  Index Cond: ((id >= 4520042) AND (id <= 4520142))

table 3 : explain SELECT id FROM sbtest3 WHERE id BETWEEN 4520042 AND 4520142
	Index Only Scan using sbtest3_pkey on sbtest3  (cost=0.43..6.50 rows=103 width=4)
	  Index Cond: ((id >= 4520042) AND (id <= 4520142))

table 4 : explain SELECT id FROM sbtest4 WHERE id BETWEEN 4520042 AND 4520142
	Index Only Scan using sbtest4_pkey on sbtest4  (cost=0.43..6.42 rows=99 width=4)
	  Index Cond: ((id >= 4520042) AND (id <= 4520142))

table 5 : explain SELECT id FROM sbtest5 WHERE id BETWEEN 4520042 AND 4520142
	Index Only Scan using sbtest5_pkey on sbtest5  (cost=0.43..6.37 rows=97 width=4)
	  Index Cond: ((id >= 4520042) AND (id <= 4520142))

table 6 : explain SELECT id FROM sbtest6 WHERE id BETWEEN 4520042 AND 4520142
	Index Only Scan using sbtest6_pkey on sbtest6  (cost=0.43..6.53 rows=105 width=4)
	  Index Cond: ((id >= 4520042) AND (id <= 4520142))

table 7 : explain SELECT id FROM sbtest7 WHERE id BETWEEN 4520042 AND 4520142
	Index Only Scan using sbtest7_pkey on sbtest7  (cost=0.43..6.50 rows=103 width=4)
	  Index Cond: ((id >= 4520042) AND (id <= 4520142))

table 8 : explain SELECT id FROM sbtest8 WHERE id BETWEEN 4520042 AND 4520142
	Index Only Scan using sbtest8_pkey on sbtest8  (cost=0.43..6.35 rows=96 width=4)
	  Index Cond: ((id >= 4520042) AND (id <= 4520142))

for range-covered
table 1 : explain SELECT id FROM sbtest1 WHERE id BETWEEN 6783486 AND 6783586
	Index Only Scan using sbtest1_pkey on sbtest1  (cost=0.43..6.42 rows=99 width=4)
	  Index Cond: ((id >= 6783486) AND (id <= 6783586))

table 2 : explain SELECT id FROM sbtest2 WHERE id BETWEEN 6783486 AND 6783586
	Index Only Scan using sbtest2_pkey on sbtest2  (cost=0.43..6.37 rows=97 width=4)
	  Index Cond: ((id >= 6783486) AND (id <= 6783586))

table 3 : explain SELECT id FROM sbtest3 WHERE id BETWEEN 6783486 AND 6783586
	Index Only Scan using sbtest3_pkey on sbtest3  (cost=0.43..6.42 rows=99 width=4)
	  Index Cond: ((id >= 6783486) AND (id <= 6783586))

table 4 : explain SELECT id FROM sbtest4 WHERE id BETWEEN 6783486 AND 6783586
	Index Only Scan using sbtest4_pkey on sbtest4  (cost=0.43..6.37 rows=97 width=4)
	  Index Cond: ((id >= 6783486) AND (id <= 6783586))

table 5 : explain SELECT id FROM sbtest5 WHERE id BETWEEN 6783486 AND 6783586
	Index Only Scan using sbtest5_pkey on sbtest5  (cost=0.43..6.37 rows=97 width=4)
	  Index Cond: ((id >= 6783486) AND (id <= 6783586))

table 6 : explain SELECT id FROM sbtest6 WHERE id BETWEEN 6783486 AND 6783586
	Index Only Scan using sbtest6_pkey on sbtest6  (cost=0.43..6.59 rows=108 width=4)
	  Index Cond: ((id >= 6783486) AND (id <= 6783586))

table 7 : explain SELECT id FROM sbtest7 WHERE id BETWEEN 6783486 AND 6783586
	Index Only Scan using sbtest7_pkey on sbtest7  (cost=0.43..6.50 rows=103 width=4)
	  Index Cond: ((id >= 6783486) AND (id <= 6783586))

table 8 : explain SELECT id FROM sbtest8 WHERE id BETWEEN 6783486 AND 6783586
	Index Only Scan using sbtest8_pkey on sbtest8  (cost=0.43..6.79 rows=118 width=4)
	  Index Cond: ((id >= 6783486) AND (id <= 6783586))

for range-covered
table 1 : explain SELECT id FROM sbtest1 WHERE id BETWEEN 5821337 AND 5821437
	Index Only Scan using sbtest1_pkey on sbtest1  (cost=0.43..6.29 rows=93 width=4)
	  Index Cond: ((id >= 5821337) AND (id <= 5821437))

table 2 : explain SELECT id FROM sbtest2 WHERE id BETWEEN 5821337 AND 5821437
	Index Only Scan using sbtest2_pkey on sbtest2  (cost=0.43..6.58 rows=107 width=4)
	  Index Cond: ((id >= 5821337) AND (id <= 5821437))

table 3 : explain SELECT id FROM sbtest3 WHERE id BETWEEN 5821337 AND 5821437
	Index Only Scan using sbtest3_pkey on sbtest3  (cost=0.43..6.43 rows=100 width=4)
	  Index Cond: ((id >= 5821337) AND (id <= 5821437))

table 4 : explain SELECT id FROM sbtest4 WHERE id BETWEEN 5821337 AND 5821437
	Index Only Scan using sbtest4_pkey on sbtest4  (cost=0.43..6.45 rows=101 width=4)
	  Index Cond: ((id >= 5821337) AND (id <= 5821437))

table 5 : explain SELECT id FROM sbtest5 WHERE id BETWEEN 5821337 AND 5821437
	Index Only Scan using sbtest5_pkey on sbtest5  (cost=0.43..6.32 rows=94 width=4)
	  Index Cond: ((id >= 5821337) AND (id <= 5821437))

table 6 : explain SELECT id FROM sbtest6 WHERE id BETWEEN 5821337 AND 5821437
	Index Only Scan using sbtest6_pkey on sbtest6  (cost=0.43..6.42 rows=99 width=4)
	  Index Cond: ((id >= 5821337) AND (id <= 5821437))

table 7 : explain SELECT id FROM sbtest7 WHERE id BETWEEN 5821337 AND 5821437
	Index Only Scan using sbtest7_pkey on sbtest7  (cost=0.43..6.40 rows=98 width=4)
	  Index Cond: ((id >= 5821337) AND (id <= 5821437))

table 8 : explain SELECT id FROM sbtest8 WHERE id BETWEEN 5821337 AND 5821437
	Index Only Scan using sbtest8_pkey on sbtest8  (cost=0.43..6.37 rows=97 width=4)
	  Index Cond: ((id >= 5821337) AND (id <= 5821437))

explain: for range-covered :: explain SELECT id FROM sbtest%d WHERE id BETWEEN 4520042 AND 4520142
for range-covered
table 1 : explain SELECT id FROM sbtest1 WHERE id BETWEEN 1157503 AND 1157603
	Index Only Scan using sbtest1_pkey on sbtest1  (cost=0.43..6.50 rows=103 width=4)
	  Index Cond: ((id >= 1157503) AND (id <= 1157603))

table 2 : explain SELECT id FROM sbtest2 WHERE id BETWEEN 1157503 AND 1157603
	Index Only Scan using sbtest2_pkey on sbtest2  (cost=0.43..6.50 rows=103 width=4)
	  Index Cond: ((id >= 1157503) AND (id <= 1157603))

table 3 : explain SELECT id FROM sbtest3 WHERE id BETWEEN 1157503 AND 1157603
	Index Only Scan using sbtest3_pkey on sbtest3  (cost=0.43..6.37 rows=97 width=4)
	  Index Cond: ((id >= 1157503) AND (id <= 1157603))

table 4 : explain SELECT id FROM sbtest4 WHERE id BETWEEN 1157503 AND 1157603
	Index Only Scan using sbtest4_pkey on sbtest4  (cost=0.43..6.72 rows=114 width=4)
	  Index Cond: ((id >= 1157503) AND (id <= 1157603))

table 5 : explain SELECT id FROM sbtest5 WHERE id BETWEEN 1157503 AND 1157603
	Index Only Scan using sbtest5_pkey on sbtest5  (cost=0.43..6.63 rows=110 width=4)
	  Index Cond: ((id >= 1157503) AND (id <= 1157603))

table 6 : explain SELECT id FROM sbtest6 WHERE id BETWEEN 1157503 AND 1157603
	Index Only Scan using sbtest6_pkey on sbtest6  (cost=0.43..6.58 rows=107 width=4)
	  Index Cond: ((id >= 1157503) AND (id <= 1157603))

table 7 : explain SELECT id FROM sbtest7 WHERE id BETWEEN 1157503 AND 1157603
	Index Only Scan using sbtest7_pkey on sbtest7  (cost=0.43..6.47 rows=102 width=4)
	  Index Cond: ((id >= 1157503) AND (id <= 1157603))

table 8 : explain SELECT id FROM sbtest8 WHERE id BETWEEN 1157503 AND 1157603
	Index Only Scan using sbtest8_pkey on sbtest8  (cost=0.43..6.50 rows=103 width=4)
	  Index Cond: ((id >= 1157503) AND (id <= 1157603))

explain: for range-covered :: explain SELECT id FROM sbtest%d WHERE id BETWEEN 1157503 AND 1157603
explain: for range-covered :: explain SELECT id FROM sbtest%d WHERE id BETWEEN 6783486 AND 6783586
for range-covered
table 1 : explain SELECT id FROM sbtest1 WHERE id BETWEEN 4670817 AND 4670917
	Index Only Scan using sbtest1_pkey on sbtest1  (cost=0.43..6.35 rows=96 width=4)
	  Index Cond: ((id >= 4670817) AND (id <= 4670917))

table 2 : explain SELECT id FROM sbtest2 WHERE id BETWEEN 4670817 AND 4670917
	Index Only Scan using sbtest2_pkey on sbtest2  (cost=0.43..6.47 rows=102 width=4)
	  Index Cond: ((id >= 4670817) AND (id <= 4670917))

table 3 : explain SELECT id FROM sbtest3 WHERE id BETWEEN 4670817 AND 4670917
	Index Only Scan using sbtest3_pkey on sbtest3  (cost=0.43..6.51 rows=104 width=4)
	  Index Cond: ((id >= 4670817) AND (id <= 4670917))

table 4 : explain SELECT id FROM sbtest4 WHERE id BETWEEN 4670817 AND 4670917
	Index Only Scan using sbtest4_pkey on sbtest4  (cost=0.43..6.43 rows=100 width=4)
	  Index Cond: ((id >= 4670817) AND (id <= 4670917))

table 5 : explain SELECT id FROM sbtest5 WHERE id BETWEEN 4670817 AND 4670917
	Index Only Scan using sbtest5_pkey on sbtest5  (cost=0.43..6.67 rows=112 width=4)
	  Index Cond: ((id >= 4670817) AND (id <= 4670917))

table 6 : explain SELECT id FROM sbtest6 WHERE id BETWEEN 4670817 AND 4670917
	Index Only Scan using sbtest6_pkey on sbtest6  (cost=0.43..6.40 rows=98 width=4)
	  Index Cond: ((id >= 4670817) AND (id <= 4670917))

table 7 : explain SELECT id FROM sbtest7 WHERE id BETWEEN 4670817 AND 4670917
	Index Only Scan using sbtest7_pkey on sbtest7  (cost=0.43..6.51 rows=104 width=4)
	  Index Cond: ((id >= 4670817) AND (id <= 4670917))

table 8 : explain SELECT id FROM sbtest8 WHERE id BETWEEN 4670817 AND 4670917
	Index Only Scan using sbtest8_pkey on sbtest8  (cost=0.43..6.33 rows=95 width=4)
	  Index Cond: ((id >= 4670817) AND (id <= 4670917))

explain: for range-covered :: explain SELECT id FROM sbtest%d WHERE id BETWEEN 4670817 AND 4670917
for range-covered
table 1 : explain SELECT id FROM sbtest1 WHERE id BETWEEN 6983719 AND 6983819
	Index Only Scan using sbtest1_pkey on sbtest1  (cost=0.43..6.50 rows=103 width=4)
	  Index Cond: ((id >= 6983719) AND (id <= 6983819))

table 2 : explain SELECT id FROM sbtest2 WHERE id BETWEEN 6983719 AND 6983819
	Index Only Scan using sbtest2_pkey on sbtest2  (cost=0.43..6.45 rows=101 width=4)
	  Index Cond: ((id >= 6983719) AND (id <= 6983819))

table 3 : explain SELECT id FROM sbtest3 WHERE id BETWEEN 6983719 AND 6983819
	Index Only Scan using sbtest3_pkey on sbtest3  (cost=0.43..6.35 rows=96 width=4)
	  Index Cond: ((id >= 6983719) AND (id <= 6983819))

table 4 : explain SELECT id FROM sbtest4 WHERE id BETWEEN 6983719 AND 6983819
	Index Only Scan using sbtest4_pkey on sbtest4  (cost=0.43..6.53 rows=105 width=4)
	  Index Cond: ((id >= 6983719) AND (id <= 6983819))

table 5 : explain SELECT id FROM sbtest5 WHERE id BETWEEN 6983719 AND 6983819
	Index Only Scan using sbtest5_pkey on sbtest5  (cost=0.43..6.74 rows=115 width=4)
	  Index Cond: ((id >= 6983719) AND (id <= 6983819))

table 6 : explain SELECT id FROM sbtest6 WHERE id BETWEEN 6983719 AND 6983819
	Index Only Scan using sbtest6_pkey on sbtest6  (cost=0.43..6.51 rows=104 width=4)
	  Index Cond: ((id >= 6983719) AND (id <= 6983819))

table 7 : explain SELECT id FROM sbtest7 WHERE id BETWEEN 6983719 AND 6983819
	Index Only Scan using sbtest7_pkey on sbtest7  (cost=0.43..6.40 rows=98 width=4)
	  Index Cond: ((id >= 6983719) AND (id <= 6983819))

table 8 : explain SELECT id FROM sbtest8 WHERE id BETWEEN 6983719 AND 6983819
	Index Only Scan using sbtest8_pkey on sbtest8  (cost=0.43..6.27 rows=92 width=4)
	  Index Cond: ((id >= 6983719) AND (id <= 6983819))

explain: for range-covered :: explain SELECT id FROM sbtest%d WHERE id BETWEEN 6983719 AND 6983819
for range-covered
table 1 : explain SELECT id FROM sbtest1 WHERE id BETWEEN 4608925 AND 4609025
	Index Only Scan using sbtest1_pkey on sbtest1  (cost=0.43..6.59 rows=108 width=4)
	  Index Cond: ((id >= 4608925) AND (id <= 4609025))

table 2 : explain SELECT id FROM sbtest2 WHERE id BETWEEN 4608925 AND 4609025
	Index Only Scan using sbtest2_pkey on sbtest2  (cost=0.43..6.47 rows=102 width=4)
	  Index Cond: ((id >= 4608925) AND (id <= 4609025))

table 3 : explain SELECT id FROM sbtest3 WHERE id BETWEEN 4608925 AND 4609025
	Index Only Scan using sbtest3_pkey on sbtest3  (cost=0.43..6.51 rows=104 width=4)
	  Index Cond: ((id >= 4608925) AND (id <= 4609025))

table 4 : explain SELECT id FROM sbtest4 WHERE id BETWEEN 4608925 AND 4609025
	Index Only Scan using sbtest4_pkey on sbtest4  (cost=0.43..6.43 rows=100 width=4)
	  Index Cond: ((id >= 4608925) AND (id <= 4609025))

table 5 : explain SELECT id FROM sbtest5 WHERE id BETWEEN 4608925 AND 4609025
	Index Only Scan using sbtest5_pkey on sbtest5  (cost=0.43..6.67 rows=112 width=4)
	  Index Cond: ((id >= 4608925) AND (id <= 4609025))

table 6 : explain SELECT id FROM sbtest6 WHERE id BETWEEN 4608925 AND 4609025
	Index Only Scan using sbtest6_pkey on sbtest6  (cost=0.43..6.27 rows=92 width=4)
	  Index Cond: ((id >= 4608925) AND (id <= 4609025))

table 7 : explain SELECT id FROM sbtest7 WHERE id BETWEEN 4608925 AND 4609025
	Index Only Scan using sbtest7_pkey on sbtest7  (cost=0.43..6.51 rows=104 width=4)
	  Index Cond: ((id >= 4608925) AND (id <= 4609025))

table 8 : explain SELECT id FROM sbtest8 WHERE id BETWEEN 4608925 AND 4609025
	Index Only Scan using sbtest8_pkey on sbtest8  (cost=0.43..6.35 rows=96 width=4)
	  Index Cond: ((id >= 4608925) AND (id <= 4609025))

explain: for range-covered :: explain SELECT id FROM sbtest%d WHERE id BETWEEN 4608925 AND 4609025
for range-covered
table 1 : explain SELECT id FROM sbtest1 WHERE id BETWEEN 4520042 AND 4520142
	Index Only Scan using sbtest1_pkey on sbtest1  (cost=0.43..6.43 rows=100 width=4)
	  Index Cond: ((id >= 4520042) AND (id <= 4520142))

table 2 : explain SELECT id FROM sbtest2 WHERE id BETWEEN 4520042 AND 4520142
	Index Only Scan using sbtest2_pkey on sbtest2  (cost=0.43..6.51 rows=104 width=4)
	  Index Cond: ((id >= 4520042) AND (id <= 4520142))

table 3 : explain SELECT id FROM sbtest3 WHERE id BETWEEN 4520042 AND 4520142
	Index Only Scan using sbtest3_pkey on sbtest3  (cost=0.43..6.50 rows=103 width=4)
	  Index Cond: ((id >= 4520042) AND (id <= 4520142))

table 4 : explain SELECT id FROM sbtest4 WHERE id BETWEEN 4520042 AND 4520142
	Index Only Scan using sbtest4_pkey on sbtest4  (cost=0.43..6.42 rows=99 width=4)
	  Index Cond: ((id >= 4520042) AND (id <= 4520142))

table 5 : explain SELECT id FROM sbtest5 WHERE id BETWEEN 4520042 AND 4520142
	Index Only Scan using sbtest5_pkey on sbtest5  (cost=0.43..6.37 rows=97 width=4)
	  Index Cond: ((id >= 4520042) AND (id <= 4520142))

table 6 : explain SELECT id FROM sbtest6 WHERE id BETWEEN 4520042 AND 4520142
	Index Only Scan using sbtest6_pkey on sbtest6  (cost=0.43..6.53 rows=105 width=4)
	  Index Cond: ((id >= 4520042) AND (id <= 4520142))

table 7 : explain SELECT id FROM sbtest7 WHERE id BETWEEN 4520042 AND 4520142
	Index Only Scan using sbtest7_pkey on sbtest7  (cost=0.43..6.50 rows=103 width=4)
	  Index Cond: ((id >= 4520042) AND (id <= 4520142))

table 8 : explain SELECT id FROM sbtest8 WHERE id BETWEEN 4520042 AND 4520142
	Index Only Scan using sbtest8_pkey on sbtest8  (cost=0.43..6.35 rows=96 width=4)
	  Index Cond: ((id >= 4520042) AND (id <= 4520142))

explain: for range-covered :: explain SELECT id FROM sbtest%d WHERE id BETWEEN 4520042 AND 4520142
for range-covered
table 1 : explain SELECT id FROM sbtest1 WHERE id BETWEEN 5157753 AND 5157853
	Index Only Scan using sbtest1_pkey on sbtest1  (cost=0.43..6.63 rows=110 width=4)
	  Index Cond: ((id >= 5157753) AND (id <= 5157853))

table 2 : explain SELECT id FROM sbtest2 WHERE id BETWEEN 5157753 AND 5157853
	Index Only Scan using sbtest2_pkey on sbtest2  (cost=0.43..6.51 rows=104 width=4)
	  Index Cond: ((id >= 5157753) AND (id <= 5157853))

table 3 : explain SELECT id FROM sbtest3 WHERE id BETWEEN 5157753 AND 5157853
	Index Only Scan using sbtest3_pkey on sbtest3  (cost=0.43..6.50 rows=103 width=4)
	  Index Cond: ((id >= 5157753) AND (id <= 5157853))

table 4 : explain SELECT id FROM sbtest4 WHERE id BETWEEN 5157753 AND 5157853
	Index Only Scan using sbtest4_pkey on sbtest4  (cost=0.43..6.50 rows=103 width=4)
	  Index Cond: ((id >= 5157753) AND (id <= 5157853))

table 5 : explain SELECT id FROM sbtest5 WHERE id BETWEEN 5157753 AND 5157853
	Index Only Scan using sbtest5_pkey on sbtest5  (cost=0.43..6.51 rows=104 width=4)
	  Index Cond: ((id >= 5157753) AND (id <= 5157853))

table 6 : explain SELECT id FROM sbtest6 WHERE id BETWEEN 5157753 AND 5157853
	Index Only Scan using sbtest6_pkey on sbtest6  (cost=0.43..6.40 rows=98 width=4)
	  Index Cond: ((id >= 5157753) AND (id <= 5157853))

table 7 : explain SELECT id FROM sbtest7 WHERE id BETWEEN 5157753 AND 5157853
	Index Only Scan using sbtest7_pkey on sbtest7  (cost=0.43..6.29 rows=93 width=4)
	  Index Cond: ((id >= 5157753) AND (id <= 5157853))

table 8 : explain SELECT id FROM sbtest8 WHERE id BETWEEN 5157753 AND 5157853
	Index Only Scan using sbtest8_pkey on sbtest8  (cost=0.43..6.58 rows=107 width=4)
	  Index Cond: ((id >= 5157753) AND (id <= 5157853))

for range-covered
table 1 : explain SELECT id FROM sbtest1 WHERE id BETWEEN 1157503 AND 1157603
	Index Only Scan using sbtest1_pkey on sbtest1  (cost=0.43..6.50 rows=103 width=4)
	  Index Cond: ((id >= 1157503) AND (id <= 1157603))

table 2 : explain SELECT id FROM sbtest2 WHERE id BETWEEN 1157503 AND 1157603
	Index Only Scan using sbtest2_pkey on sbtest2  (cost=0.43..6.50 rows=103 width=4)
	  Index Cond: ((id >= 1157503) AND (id <= 1157603))

table 3 : explain SELECT id FROM sbtest3 WHERE id BETWEEN 1157503 AND 1157603
	Index Only Scan using sbtest3_pkey on sbtest3  (cost=0.43..6.37 rows=97 width=4)
	  Index Cond: ((id >= 1157503) AND (id <= 1157603))

table 4 : explain SELECT id FROM sbtest4 WHERE id BETWEEN 1157503 AND 1157603
	Index Only Scan using sbtest4_pkey on sbtest4  (cost=0.43..6.72 rows=114 width=4)
	  Index Cond: ((id >= 1157503) AND (id <= 1157603))

table 5 : explain SELECT id FROM sbtest5 WHERE id BETWEEN 1157503 AND 1157603
	Index Only Scan using sbtest5_pkey on sbtest5  (cost=0.43..6.63 rows=110 width=4)
	  Index Cond: ((id >= 1157503) AND (id <= 1157603))

table 6 : explain SELECT id FROM sbtest6 WHERE id BETWEEN 1157503 AND 1157603
	Index Only Scan using sbtest6_pkey on sbtest6  (cost=0.43..6.58 rows=107 width=4)
	  Index Cond: ((id >= 1157503) AND (id <= 1157603))

table 7 : explain SELECT id FROM sbtest7 WHERE id BETWEEN 1157503 AND 1157603
	Index Only Scan using sbtest7_pkey on sbtest7  (cost=0.43..6.47 rows=102 width=4)
	  Index Cond: ((id >= 1157503) AND (id <= 1157603))

table 8 : explain SELECT id FROM sbtest8 WHERE id BETWEEN 1157503 AND 1157603
	Index Only Scan using sbtest8_pkey on sbtest8  (cost=0.43..6.50 rows=103 width=4)
	  Index Cond: ((id >= 1157503) AND (id <= 1157603))

explain: for range-covered :: explain SELECT id FROM sbtest%d WHERE id BETWEEN 5157753 AND 5157853
for range-covered
table 1 : explain SELECT id FROM sbtest1 WHERE id BETWEEN 4670817 AND 4670917
	Index Only Scan using sbtest1_pkey on sbtest1  (cost=0.43..6.35 rows=96 width=4)
	  Index Cond: ((id >= 4670817) AND (id <= 4670917))

table 2 : explain SELECT id FROM sbtest2 WHERE id BETWEEN 4670817 AND 4670917
	Index Only Scan using sbtest2_pkey on sbtest2  (cost=0.43..6.47 rows=102 width=4)
	  Index Cond: ((id >= 4670817) AND (id <= 4670917))

table 3 : explain SELECT id FROM sbtest3 WHERE id BETWEEN 4670817 AND 4670917
	Index Only Scan using sbtest3_pkey on sbtest3  (cost=0.43..6.51 rows=104 width=4)
	  Index Cond: ((id >= 4670817) AND (id <= 4670917))

table 4 : explain SELECT id FROM sbtest4 WHERE id BETWEEN 4670817 AND 4670917
	Index Only Scan using sbtest4_pkey on sbtest4  (cost=0.43..6.43 rows=100 width=4)
	  Index Cond: ((id >= 4670817) AND (id <= 4670917))

table 5 : explain SELECT id FROM sbtest5 WHERE id BETWEEN 4670817 AND 4670917
	Index Only Scan using sbtest5_pkey on sbtest5  (cost=0.43..6.67 rows=112 width=4)
	  Index Cond: ((id >= 4670817) AND (id <= 4670917))

table 6 : explain SELECT id FROM sbtest6 WHERE id BETWEEN 4670817 AND 4670917
	Index Only Scan using sbtest6_pkey on sbtest6  (cost=0.43..6.40 rows=98 width=4)
	  Index Cond: ((id >= 4670817) AND (id <= 4670917))

table 7 : explain SELECT id FROM sbtest7 WHERE id BETWEEN 4670817 AND 4670917
	Index Only Scan using sbtest7_pkey on sbtest7  (cost=0.43..6.51 rows=104 width=4)
	  Index Cond: ((id >= 4670817) AND (id <= 4670917))

table 8 : explain SELECT id FROM sbtest8 WHERE id BETWEEN 4670817 AND 4670917
	Index Only Scan using sbtest8_pkey on sbtest8  (cost=0.43..6.33 rows=95 width=4)
	  Index Cond: ((id >= 4670817) AND (id <= 4670917))

for range-covered
table 1 : explain SELECT id FROM sbtest1 WHERE id BETWEEN 5738070 AND 5738170
	Index Only Scan using sbtest1_pkey on sbtest1  (cost=0.43..6.32 rows=94 width=4)
	  Index Cond: ((id >= 5738070) AND (id <= 5738170))

table 2 : explain SELECT id FROM sbtest2 WHERE id BETWEEN 5738070 AND 5738170
	Index Only Scan using sbtest2_pkey on sbtest2  (cost=0.43..6.27 rows=92 width=4)
	  Index Cond: ((id >= 5738070) AND (id <= 5738170))

table 3 : explain SELECT id FROM sbtest3 WHERE id BETWEEN 5738070 AND 5738170
	Index Only Scan using sbtest3_pkey on sbtest3  (cost=0.43..6.67 rows=112 width=4)
	  Index Cond: ((id >= 5738070) AND (id <= 5738170))

table 4 : explain SELECT id FROM sbtest4 WHERE id BETWEEN 5738070 AND 5738170
	Index Only Scan using sbtest4_pkey on sbtest4  (cost=0.43..6.69 rows=113 width=4)
	  Index Cond: ((id >= 5738070) AND (id <= 5738170))

table 5 : explain SELECT id FROM sbtest5 WHERE id BETWEEN 5738070 AND 5738170
	Index Only Scan using sbtest5_pkey on sbtest5  (cost=0.43..6.53 rows=105 width=4)
	  Index Cond: ((id >= 5738070) AND (id <= 5738170))

table 6 : explain SELECT id FROM sbtest6 WHERE id BETWEEN 5738070 AND 5738170
	Index Only Scan using sbtest6_pkey on sbtest6  (cost=0.43..6.45 rows=101 width=4)
	  Index Cond: ((id >= 5738070) AND (id <= 5738170))

table 7 : explain SELECT id FROM sbtest7 WHERE id BETWEEN 5738070 AND 5738170
	Index Only Scan using sbtest7_pkey on sbtest7  (cost=0.43..6.51 rows=104 width=4)
	  Index Cond: ((id >= 5738070) AND (id <= 5738170))

table 8 : explain SELECT id FROM sbtest8 WHERE id BETWEEN 5738070 AND 5738170
	Index Only Scan using sbtest8_pkey on sbtest8  (cost=0.43..6.37 rows=97 width=4)
	  Index Cond: ((id >= 5738070) AND (id <= 5738170))

explain: for range-covered :: explain SELECT id FROM sbtest%d WHERE id BETWEEN 4670817 AND 4670917
for range-covered
table 1 : explain SELECT id FROM sbtest1 WHERE id BETWEEN 6983719 AND 6983819
	Index Only Scan using sbtest1_pkey on sbtest1  (cost=0.43..6.50 rows=103 width=4)
	  Index Cond: ((id >= 6983719) AND (id <= 6983819))

table 2 : explain SELECT id FROM sbtest2 WHERE id BETWEEN 6983719 AND 6983819
	Index Only Scan using sbtest2_pkey on sbtest2  (cost=0.43..6.45 rows=101 width=4)
	  Index Cond: ((id >= 6983719) AND (id <= 6983819))

table 3 : explain SELECT id FROM sbtest3 WHERE id BETWEEN 6983719 AND 6983819
	Index Only Scan using sbtest3_pkey on sbtest3  (cost=0.43..6.35 rows=96 width=4)
	  Index Cond: ((id >= 6983719) AND (id <= 6983819))

table 4 : explain SELECT id FROM sbtest4 WHERE id BETWEEN 6983719 AND 6983819
	Index Only Scan using sbtest4_pkey on sbtest4  (cost=0.43..6.53 rows=105 width=4)
	  Index Cond: ((id >= 6983719) AND (id <= 6983819))

table 5 : explain SELECT id FROM sbtest5 WHERE id BETWEEN 6983719 AND 6983819
	Index Only Scan using sbtest5_pkey on sbtest5  (cost=0.43..6.74 rows=115 width=4)
	  Index Cond: ((id >= 6983719) AND (id <= 6983819))

table 6 : explain SELECT id FROM sbtest6 WHERE id BETWEEN 6983719 AND 6983819
	Index Only Scan using sbtest6_pkey on sbtest6  (cost=0.43..6.51 rows=104 width=4)
	  Index Cond: ((id >= 6983719) AND (id <= 6983819))

table 7 : explain SELECT id FROM sbtest7 WHERE id BETWEEN 6983719 AND 6983819
	Index Only Scan using sbtest7_pkey on sbtest7  (cost=0.43..6.40 rows=98 width=4)
	  Index Cond: ((id >= 6983719) AND (id <= 6983819))

table 8 : explain SELECT id FROM sbtest8 WHERE id BETWEEN 6983719 AND 6983819
	Index Only Scan using sbtest8_pkey on sbtest8  (cost=0.43..6.27 rows=92 width=4)
	  Index Cond: ((id >= 6983719) AND (id <= 6983819))

explain: for range-covered :: explain SELECT id FROM sbtest%d WHERE id BETWEEN 5738070 AND 5738170
explain: for range-covered :: explain SELECT id FROM sbtest%d WHERE id BETWEEN 6983719 AND 6983819
for range-covered
table 1 : explain SELECT id FROM sbtest1 WHERE id BETWEEN 4608925 AND 4609025
	Index Only Scan using sbtest1_pkey on sbtest1  (cost=0.43..6.59 rows=108 width=4)
	  Index Cond: ((id >= 4608925) AND (id <= 4609025))

table 2 : explain SELECT id FROM sbtest2 WHERE id BETWEEN 4608925 AND 4609025
	Index Only Scan using sbtest2_pkey on sbtest2  (cost=0.43..6.47 rows=102 width=4)
	  Index Cond: ((id >= 4608925) AND (id <= 4609025))

table 3 : explain SELECT id FROM sbtest3 WHERE id BETWEEN 4608925 AND 4609025
	Index Only Scan using sbtest3_pkey on sbtest3  (cost=0.43..6.51 rows=104 width=4)
	  Index Cond: ((id >= 4608925) AND (id <= 4609025))

table 4 : explain SELECT id FROM sbtest4 WHERE id BETWEEN 4608925 AND 4609025
	Index Only Scan using sbtest4_pkey on sbtest4  (cost=0.43..6.43 rows=100 width=4)
	  Index Cond: ((id >= 4608925) AND (id <= 4609025))

table 5 : explain SELECT id FROM sbtest5 WHERE id BETWEEN 4608925 AND 4609025
	Index Only Scan using sbtest5_pkey on sbtest5  (cost=0.43..6.67 rows=112 width=4)
	  Index Cond: ((id >= 4608925) AND (id <= 4609025))

table 6 : explain SELECT id FROM sbtest6 WHERE id BETWEEN 4608925 AND 4609025
	Index Only Scan using sbtest6_pkey on sbtest6  (cost=0.43..6.27 rows=92 width=4)
	  Index Cond: ((id >= 4608925) AND (id <= 4609025))

table 7 : explain SELECT id FROM sbtest7 WHERE id BETWEEN 4608925 AND 4609025
	Index Only Scan using sbtest7_pkey on sbtest7  (cost=0.43..6.51 rows=104 width=4)
	  Index Cond: ((id >= 4608925) AND (id <= 4609025))

table 8 : explain SELECT id FROM sbtest8 WHERE id BETWEEN 4608925 AND 4609025
	Index Only Scan using sbtest8_pkey on sbtest8  (cost=0.43..6.35 rows=96 width=4)
	  Index Cond: ((id >= 4608925) AND (id <= 4609025))

explain: for range-covered :: explain SELECT id FROM sbtest%d WHERE id BETWEEN 4608925 AND 4609025
for range-covered
table 1 : explain SELECT id FROM sbtest1 WHERE id BETWEEN 4520042 AND 4520142
	Index Only Scan using sbtest1_pkey on sbtest1  (cost=0.43..6.43 rows=100 width=4)
	  Index Cond: ((id >= 4520042) AND (id <= 4520142))

table 2 : explain SELECT id FROM sbtest2 WHERE id BETWEEN 4520042 AND 4520142
	Index Only Scan using sbtest2_pkey on sbtest2  (cost=0.43..6.51 rows=104 width=4)
	  Index Cond: ((id >= 4520042) AND (id <= 4520142))

table 3 : explain SELECT id FROM sbtest3 WHERE id BETWEEN 4520042 AND 4520142
	Index Only Scan using sbtest3_pkey on sbtest3  (cost=0.43..6.50 rows=103 width=4)
	  Index Cond: ((id >= 4520042) AND (id <= 4520142))

table 4 : explain SELECT id FROM sbtest4 WHERE id BETWEEN 4520042 AND 4520142
	Index Only Scan using sbtest4_pkey on sbtest4  (cost=0.43..6.42 rows=99 width=4)
	  Index Cond: ((id >= 4520042) AND (id <= 4520142))

table 5 : explain SELECT id FROM sbtest5 WHERE id BETWEEN 4520042 AND 4520142
	Index Only Scan using sbtest5_pkey on sbtest5  (cost=0.43..6.37 rows=97 width=4)
	  Index Cond: ((id >= 4520042) AND (id <= 4520142))

table 6 : explain SELECT id FROM sbtest6 WHERE id BETWEEN 4520042 AND 4520142
	Index Only Scan using sbtest6_pkey on sbtest6  (cost=0.43..6.53 rows=105 width=4)
	  Index Cond: ((id >= 4520042) AND (id <= 4520142))

table 7 : explain SELECT id FROM sbtest7 WHERE id BETWEEN 4520042 AND 4520142
	Index Only Scan using sbtest7_pkey on sbtest7  (cost=0.43..6.50 rows=103 width=4)
	  Index Cond: ((id >= 4520042) AND (id <= 4520142))

table 8 : explain SELECT id FROM sbtest8 WHERE id BETWEEN 4520042 AND 4520142
	Index Only Scan using sbtest8_pkey on sbtest8  (cost=0.43..6.35 rows=96 width=4)
	  Index Cond: ((id >= 4520042) AND (id <= 4520142))

explain: for range-covered :: explain SELECT id FROM sbtest%d WHERE id BETWEEN 4520042 AND 4520142
for range-covered
table 1 : explain SELECT id FROM sbtest1 WHERE id BETWEEN 6783486 AND 6783586
	Index Only Scan using sbtest1_pkey on sbtest1  (cost=0.43..6.42 rows=99 width=4)
	  Index Cond: ((id >= 6783486) AND (id <= 6783586))

table 2 : explain SELECT id FROM sbtest2 WHERE id BETWEEN 6783486 AND 6783586
	Index Only Scan using sbtest2_pkey on sbtest2  (cost=0.43..6.37 rows=97 width=4)
	  Index Cond: ((id >= 6783486) AND (id <= 6783586))

table 3 : explain SELECT id FROM sbtest3 WHERE id BETWEEN 6783486 AND 6783586
	Index Only Scan using sbtest3_pkey on sbtest3  (cost=0.43..6.42 rows=99 width=4)
	  Index Cond: ((id >= 6783486) AND (id <= 6783586))

table 4 : explain SELECT id FROM sbtest4 WHERE id BETWEEN 6783486 AND 6783586
	Index Only Scan using sbtest4_pkey on sbtest4  (cost=0.43..6.37 rows=97 width=4)
	  Index Cond: ((id >= 6783486) AND (id <= 6783586))

table 5 : explain SELECT id FROM sbtest5 WHERE id BETWEEN 6783486 AND 6783586
	Index Only Scan using sbtest5_pkey on sbtest5  (cost=0.43..6.37 rows=97 width=4)
	  Index Cond: ((id >= 6783486) AND (id <= 6783586))

table 6 : explain SELECT id FROM sbtest6 WHERE id BETWEEN 6783486 AND 6783586
	Index Only Scan using sbtest6_pkey on sbtest6  (cost=0.43..6.59 rows=108 width=4)
	  Index Cond: ((id >= 6783486) AND (id <= 6783586))

table 7 : explain SELECT id FROM sbtest7 WHERE id BETWEEN 6783486 AND 6783586
	Index Only Scan using sbtest7_pkey on sbtest7  (cost=0.43..6.50 rows=103 width=4)
	  Index Cond: ((id >= 6783486) AND (id <= 6783586))

table 8 : explain SELECT id FROM sbtest8 WHERE id BETWEEN 6783486 AND 6783586
	Index Only Scan using sbtest8_pkey on sbtest8  (cost=0.43..6.79 rows=118 width=4)
	  Index Cond: ((id >= 6783486) AND (id <= 6783586))

explain: for range-covered :: explain SELECT id FROM sbtest%d WHERE id BETWEEN 6783486 AND 6783586
for range-covered
table 1 : explain SELECT id FROM sbtest1 WHERE id BETWEEN 4670817 AND 4670917
	Index Only Scan using sbtest1_pkey on sbtest1  (cost=0.43..6.35 rows=96 width=4)
	  Index Cond: ((id >= 4670817) AND (id <= 4670917))

table 2 : explain SELECT id FROM sbtest2 WHERE id BETWEEN 4670817 AND 4670917
	Index Only Scan using sbtest2_pkey on sbtest2  (cost=0.43..6.47 rows=102 width=4)
	  Index Cond: ((id >= 4670817) AND (id <= 4670917))

table 3 : explain SELECT id FROM sbtest3 WHERE id BETWEEN 4670817 AND 4670917
	Index Only Scan using sbtest3_pkey on sbtest3  (cost=0.43..6.51 rows=104 width=4)
	  Index Cond: ((id >= 4670817) AND (id <= 4670917))

table 4 : explain SELECT id FROM sbtest4 WHERE id BETWEEN 4670817 AND 4670917
	Index Only Scan using sbtest4_pkey on sbtest4  (cost=0.43..6.43 rows=100 width=4)
	  Index Cond: ((id >= 4670817) AND (id <= 4670917))

table 5 : explain SELECT id FROM sbtest5 WHERE id BETWEEN 4670817 AND 4670917
	Index Only Scan using sbtest5_pkey on sbtest5  (cost=0.43..6.67 rows=112 width=4)
	  Index Cond: ((id >= 4670817) AND (id <= 4670917))

table 6 : explain SELECT id FROM sbtest6 WHERE id BETWEEN 4670817 AND 4670917
	Index Only Scan using sbtest6_pkey on sbtest6  (cost=0.43..6.40 rows=98 width=4)
	  Index Cond: ((id >= 4670817) AND (id <= 4670917))

table 7 : explain SELECT id FROM sbtest7 WHERE id BETWEEN 4670817 AND 4670917
	Index Only Scan using sbtest7_pkey on sbtest7  (cost=0.43..6.51 rows=104 width=4)
	  Index Cond: ((id >= 4670817) AND (id <= 4670917))

table 8 : explain SELECT id FROM sbtest8 WHERE id BETWEEN 4670817 AND 4670917
	Index Only Scan using sbtest8_pkey on sbtest8  (cost=0.43..6.33 rows=95 width=4)
	  Index Cond: ((id >= 4670817) AND (id <= 4670917))

explain: for range-covered :: explain SELECT id FROM sbtest%d WHERE id BETWEEN 3870183 AND 3870283
explain: for range-covered :: explain SELECT id FROM sbtest%d WHERE id BETWEEN 4670817 AND 4670917
for range-covered
table 1 : explain SELECT id FROM sbtest1 WHERE id BETWEEN 6983719 AND 6983819
	Index Only Scan using sbtest1_pkey on sbtest1  (cost=0.43..6.50 rows=103 width=4)
	  Index Cond: ((id >= 6983719) AND (id <= 6983819))

table 2 : explain SELECT id FROM sbtest2 WHERE id BETWEEN 6983719 AND 6983819
	Index Only Scan using sbtest2_pkey on sbtest2  (cost=0.43..6.45 rows=101 width=4)
	  Index Cond: ((id >= 6983719) AND (id <= 6983819))

table 3 : explain SELECT id FROM sbtest3 WHERE id BETWEEN 6983719 AND 6983819
	Index Only Scan using sbtest3_pkey on sbtest3  (cost=0.43..6.35 rows=96 width=4)
	  Index Cond: ((id >= 6983719) AND (id <= 6983819))

table 4 : explain SELECT id FROM sbtest4 WHERE id BETWEEN 6983719 AND 6983819
	Index Only Scan using sbtest4_pkey on sbtest4  (cost=0.43..6.53 rows=105 width=4)
	  Index Cond: ((id >= 6983719) AND (id <= 6983819))

table 5 : explain SELECT id FROM sbtest5 WHERE id BETWEEN 6983719 AND 6983819
	Index Only Scan using sbtest5_pkey on sbtest5  (cost=0.43..6.74 rows=115 width=4)
	  Index Cond: ((id >= 6983719) AND (id <= 6983819))

table 6 : explain SELECT id FROM sbtest6 WHERE id BETWEEN 6983719 AND 6983819
	Index Only Scan using sbtest6_pkey on sbtest6  (cost=0.43..6.51 rows=104 width=4)
	  Index Cond: ((id >= 6983719) AND (id <= 6983819))

table 7 : explain SELECT id FROM sbtest7 WHERE id BETWEEN 6983719 AND 6983819
	Index Only Scan using sbtest7_pkey on sbtest7  (cost=0.43..6.40 rows=98 width=4)
	  Index Cond: ((id >= 6983719) AND (id <= 6983819))

table 8 : explain SELECT id FROM sbtest8 WHERE id BETWEEN 6983719 AND 6983819
	Index Only Scan using sbtest8_pkey on sbtest8  (cost=0.43..6.27 rows=92 width=4)
	  Index Cond: ((id >= 6983719) AND (id <= 6983819))

for range-covered
table 1 : explain SELECT id FROM sbtest1 WHERE id BETWEEN 5738070 AND 5738170
	Index Only Scan using sbtest1_pkey on sbtest1  (cost=0.43..6.32 rows=94 width=4)
	  Index Cond: ((id >= 5738070) AND (id <= 5738170))

table 2 : explain SELECT id FROM sbtest2 WHERE id BETWEEN 5738070 AND 5738170
	Index Only Scan using sbtest2_pkey on sbtest2  (cost=0.43..6.27 rows=92 width=4)
	  Index Cond: ((id >= 5738070) AND (id <= 5738170))

table 3 : explain SELECT id FROM sbtest3 WHERE id BETWEEN 5738070 AND 5738170
	Index Only Scan using sbtest3_pkey on sbtest3  (cost=0.43..6.67 rows=112 width=4)
	  Index Cond: ((id >= 5738070) AND (id <= 5738170))

table 4 : explain SELECT id FROM sbtest4 WHERE id BETWEEN 5738070 AND 5738170
	Index Only Scan using sbtest4_pkey on sbtest4  (cost=0.43..6.69 rows=113 width=4)
	  Index Cond: ((id >= 5738070) AND (id <= 5738170))

table 5 : explain SELECT id FROM sbtest5 WHERE id BETWEEN 5738070 AND 5738170
	Index Only Scan using sbtest5_pkey on sbtest5  (cost=0.43..6.53 rows=105 width=4)
	  Index Cond: ((id >= 5738070) AND (id <= 5738170))

table 6 : explain SELECT id FROM sbtest6 WHERE id BETWEEN 5738070 AND 5738170
	Index Only Scan using sbtest6_pkey on sbtest6  (cost=0.43..6.45 rows=101 width=4)
	  Index Cond: ((id >= 5738070) AND (id <= 5738170))

table 7 : explain SELECT id FROM sbtest7 WHERE id BETWEEN 5738070 AND 5738170
	Index Only Scan using sbtest7_pkey on sbtest7  (cost=0.43..6.51 rows=104 width=4)
	  Index Cond: ((id >= 5738070) AND (id <= 5738170))

table 8 : explain SELECT id FROM sbtest8 WHERE id BETWEEN 5738070 AND 5738170
	Index Only Scan using sbtest8_pkey on sbtest8  (cost=0.43..6.37 rows=97 width=4)
	  Index Cond: ((id >= 5738070) AND (id <= 5738170))

explain: for range-covered :: explain SELECT id FROM sbtest%d WHERE id BETWEEN 6983719 AND 6983819
explain: for range-covered :: explain SELECT id FROM sbtest%d WHERE id BETWEEN 5738070 AND 5738170
for range-covered
table 1 : explain SELECT id FROM sbtest1 WHERE id BETWEEN 4520042 AND 4520142
	Index Only Scan using sbtest1_pkey on sbtest1  (cost=0.43..6.43 rows=100 width=4)
	  Index Cond: ((id >= 4520042) AND (id <= 4520142))

table 2 : explain SELECT id FROM sbtest2 WHERE id BETWEEN 4520042 AND 4520142
	Index Only Scan using sbtest2_pkey on sbtest2  (cost=0.43..6.51 rows=104 width=4)
	  Index Cond: ((id >= 4520042) AND (id <= 4520142))

table 3 : explain SELECT id FROM sbtest3 WHERE id BETWEEN 4520042 AND 4520142
	Index Only Scan using sbtest3_pkey on sbtest3  (cost=0.43..6.50 rows=103 width=4)
	  Index Cond: ((id >= 4520042) AND (id <= 4520142))

table 4 : explain SELECT id FROM sbtest4 WHERE id BETWEEN 4520042 AND 4520142
	Index Only Scan using sbtest4_pkey on sbtest4  (cost=0.43..6.42 rows=99 width=4)
	  Index Cond: ((id >= 4520042) AND (id <= 4520142))

table 5 : explain SELECT id FROM sbtest5 WHERE id BETWEEN 4520042 AND 4520142
	Index Only Scan using sbtest5_pkey on sbtest5  (cost=0.43..6.37 rows=97 width=4)
	  Index Cond: ((id >= 4520042) AND (id <= 4520142))

table 6 : explain SELECT id FROM sbtest6 WHERE id BETWEEN 4520042 AND 4520142
	Index Only Scan using sbtest6_pkey on sbtest6  (cost=0.43..6.53 rows=105 width=4)
	  Index Cond: ((id >= 4520042) AND (id <= 4520142))

table 7 : explain SELECT id FROM sbtest7 WHERE id BETWEEN 4520042 AND 4520142
	Index Only Scan using sbtest7_pkey on sbtest7  (cost=0.43..6.50 rows=103 width=4)
	  Index Cond: ((id >= 4520042) AND (id <= 4520142))

table 8 : explain SELECT id FROM sbtest8 WHERE id BETWEEN 4520042 AND 4520142
	Index Only Scan using sbtest8_pkey on sbtest8  (cost=0.43..6.35 rows=96 width=4)
	  Index Cond: ((id >= 4520042) AND (id <= 4520142))

explain: for range-covered :: explain SELECT id FROM sbtest%d WHERE id BETWEEN 2637755 AND 2637855
explain: for range-covered :: explain SELECT id FROM sbtest%d WHERE id BETWEEN 4520042 AND 4520142
for range-covered
table 1 : explain SELECT id FROM sbtest1 WHERE id BETWEEN 5157753 AND 5157853
	Index Only Scan using sbtest1_pkey on sbtest1  (cost=0.43..6.63 rows=110 width=4)
	  Index Cond: ((id >= 5157753) AND (id <= 5157853))

table 2 : explain SELECT id FROM sbtest2 WHERE id BETWEEN 5157753 AND 5157853
	Index Only Scan using sbtest2_pkey on sbtest2  (cost=0.43..6.51 rows=104 width=4)
	  Index Cond: ((id >= 5157753) AND (id <= 5157853))

table 3 : explain SELECT id FROM sbtest3 WHERE id BETWEEN 5157753 AND 5157853
	Index Only Scan using sbtest3_pkey on sbtest3  (cost=0.43..6.50 rows=103 width=4)
	  Index Cond: ((id >= 5157753) AND (id <= 5157853))

table 4 : explain SELECT id FROM sbtest4 WHERE id BETWEEN 5157753 AND 5157853
	Index Only Scan using sbtest4_pkey on sbtest4  (cost=0.43..6.50 rows=103 width=4)
	  Index Cond: ((id >= 5157753) AND (id <= 5157853))

table 5 : explain SELECT id FROM sbtest5 WHERE id BETWEEN 5157753 AND 5157853
	Index Only Scan using sbtest5_pkey on sbtest5  (cost=0.43..6.51 rows=104 width=4)
	  Index Cond: ((id >= 5157753) AND (id <= 5157853))

table 6 : explain SELECT id FROM sbtest6 WHERE id BETWEEN 5157753 AND 5157853
	Index Only Scan using sbtest6_pkey on sbtest6  (cost=0.43..6.40 rows=98 width=4)
	  Index Cond: ((id >= 5157753) AND (id <= 5157853))

table 7 : explain SELECT id FROM sbtest7 WHERE id BETWEEN 5157753 AND 5157853
	Index Only Scan using sbtest7_pkey on sbtest7  (cost=0.43..6.29 rows=93 width=4)
	  Index Cond: ((id >= 5157753) AND (id <= 5157853))

table 8 : explain SELECT id FROM sbtest8 WHERE id BETWEEN 5157753 AND 5157853
	Index Only Scan using sbtest8_pkey on sbtest8  (cost=0.43..6.58 rows=107 width=4)
	  Index Cond: ((id >= 5157753) AND (id <= 5157853))

explain: for range-covered :: explain SELECT id FROM sbtest%d WHERE id BETWEEN 5157753 AND 5157853
for range-covered
table 1 : explain SELECT id FROM sbtest1 WHERE id BETWEEN 4670817 AND 4670917
	Index Only Scan using sbtest1_pkey on sbtest1  (cost=0.43..6.35 rows=96 width=4)
	  Index Cond: ((id >= 4670817) AND (id <= 4670917))

table 2 : explain SELECT id FROM sbtest2 WHERE id BETWEEN 4670817 AND 4670917
	Index Only Scan using sbtest2_pkey on sbtest2  (cost=0.43..6.47 rows=102 width=4)
	  Index Cond: ((id >= 4670817) AND (id <= 4670917))

table 3 : explain SELECT id FROM sbtest3 WHERE id BETWEEN 4670817 AND 4670917
	Index Only Scan using sbtest3_pkey on sbtest3  (cost=0.43..6.51 rows=104 width=4)
	  Index Cond: ((id >= 4670817) AND (id <= 4670917))

table 4 : explain SELECT id FROM sbtest4 WHERE id BETWEEN 4670817 AND 4670917
	Index Only Scan using sbtest4_pkey on sbtest4  (cost=0.43..6.43 rows=100 width=4)
	  Index Cond: ((id >= 4670817) AND (id <= 4670917))

table 5 : explain SELECT id FROM sbtest5 WHERE id BETWEEN 4670817 AND 4670917
	Index Only Scan using sbtest5_pkey on sbtest5  (cost=0.43..6.67 rows=112 width=4)
	  Index Cond: ((id >= 4670817) AND (id <= 4670917))

table 6 : explain SELECT id FROM sbtest6 WHERE id BETWEEN 4670817 AND 4670917
	Index Only Scan using sbtest6_pkey on sbtest6  (cost=0.43..6.40 rows=98 width=4)
	  Index Cond: ((id >= 4670817) AND (id <= 4670917))

table 7 : explain SELECT id FROM sbtest7 WHERE id BETWEEN 4670817 AND 4670917
	Index Only Scan using sbtest7_pkey on sbtest7  (cost=0.43..6.51 rows=104 width=4)
	  Index Cond: ((id >= 4670817) AND (id <= 4670917))

table 8 : explain SELECT id FROM sbtest8 WHERE id BETWEEN 4670817 AND 4670917
	Index Only Scan using sbtest8_pkey on sbtest8  (cost=0.43..6.33 rows=95 width=4)
	  Index Cond: ((id >= 4670817) AND (id <= 4670917))

explain: for range-covered :: explain SELECT id FROM sbtest%d WHERE id BETWEEN 4670817 AND 4670917
for range-covered
table 1 : explain SELECT id FROM sbtest1 WHERE id BETWEEN 6983719 AND 6983819
	Index Only Scan using sbtest1_pkey on sbtest1  (cost=0.43..6.50 rows=103 width=4)
	  Index Cond: ((id >= 6983719) AND (id <= 6983819))

table 2 : explain SELECT id FROM sbtest2 WHERE id BETWEEN 6983719 AND 6983819
	Index Only Scan using sbtest2_pkey on sbtest2  (cost=0.43..6.45 rows=101 width=4)
	  Index Cond: ((id >= 6983719) AND (id <= 6983819))

table 3 : explain SELECT id FROM sbtest3 WHERE id BETWEEN 6983719 AND 6983819
	Index Only Scan using sbtest3_pkey on sbtest3  (cost=0.43..6.35 rows=96 width=4)
	  Index Cond: ((id >= 6983719) AND (id <= 6983819))

table 4 : explain SELECT id FROM sbtest4 WHERE id BETWEEN 6983719 AND 6983819
	Index Only Scan using sbtest4_pkey on sbtest4  (cost=0.43..6.53 rows=105 width=4)
	  Index Cond: ((id >= 6983719) AND (id <= 6983819))

table 5 : explain SELECT id FROM sbtest5 WHERE id BETWEEN 6983719 AND 6983819
	Index Only Scan using sbtest5_pkey on sbtest5  (cost=0.43..6.74 rows=115 width=4)
	  Index Cond: ((id >= 6983719) AND (id <= 6983819))

table 6 : explain SELECT id FROM sbtest6 WHERE id BETWEEN 6983719 AND 6983819
	Index Only Scan using sbtest6_pkey on sbtest6  (cost=0.43..6.51 rows=104 width=4)
	  Index Cond: ((id >= 6983719) AND (id <= 6983819))

table 7 : explain SELECT id FROM sbtest7 WHERE id BETWEEN 6983719 AND 6983819
	Index Only Scan using sbtest7_pkey on sbtest7  (cost=0.43..6.40 rows=98 width=4)
	  Index Cond: ((id >= 6983719) AND (id <= 6983819))

table 8 : explain SELECT id FROM sbtest8 WHERE id BETWEEN 6983719 AND 6983819
	Index Only Scan using sbtest8_pkey on sbtest8  (cost=0.43..6.27 rows=92 width=4)
	  Index Cond: ((id >= 6983719) AND (id <= 6983819))

for range-covered
table 1 : explain SELECT id FROM sbtest1 WHERE id BETWEEN 4520042 AND 4520142
	Index Only Scan using sbtest1_pkey on sbtest1  (cost=0.43..6.43 rows=100 width=4)
	  Index Cond: ((id >= 4520042) AND (id <= 4520142))

table 2 : explain SELECT id FROM sbtest2 WHERE id BETWEEN 4520042 AND 4520142
	Index Only Scan using sbtest2_pkey on sbtest2  (cost=0.43..6.51 rows=104 width=4)
	  Index Cond: ((id >= 4520042) AND (id <= 4520142))

table 3 : explain SELECT id FROM sbtest3 WHERE id BETWEEN 4520042 AND 4520142
	Index Only Scan using sbtest3_pkey on sbtest3  (cost=0.43..6.50 rows=103 width=4)
	  Index Cond: ((id >= 4520042) AND (id <= 4520142))

table 4 : explain SELECT id FROM sbtest4 WHERE id BETWEEN 4520042 AND 4520142
	Index Only Scan using sbtest4_pkey on sbtest4  (cost=0.43..6.42 rows=99 width=4)
	  Index Cond: ((id >= 4520042) AND (id <= 4520142))

table 5 : explain SELECT id FROM sbtest5 WHERE id BETWEEN 4520042 AND 4520142
	Index Only Scan using sbtest5_pkey on sbtest5  (cost=0.43..6.37 rows=97 width=4)
	  Index Cond: ((id >= 4520042) AND (id <= 4520142))

table 6 : explain SELECT id FROM sbtest6 WHERE id BETWEEN 4520042 AND 4520142
	Index Only Scan using sbtest6_pkey on sbtest6  (cost=0.43..6.53 rows=105 width=4)
	  Index Cond: ((id >= 4520042) AND (id <= 4520142))

table 7 : explain SELECT id FROM sbtest7 WHERE id BETWEEN 4520042 AND 4520142
	Index Only Scan using sbtest7_pkey on sbtest7  (cost=0.43..6.50 rows=103 width=4)
	  Index Cond: ((id >= 4520042) AND (id <= 4520142))

table 8 : explain SELECT id FROM sbtest8 WHERE id BETWEEN 4520042 AND 4520142
	Index Only Scan using sbtest8_pkey on sbtest8  (cost=0.43..6.35 rows=96 width=4)
	  Index Cond: ((id >= 4520042) AND (id <= 4520142))

explain: for range-covered :: explain SELECT id FROM sbtest%d WHERE id BETWEEN 6983719 AND 6983819
explain: for range-covered :: explain SELECT id FROM sbtest%d WHERE id BETWEEN 4520042 AND 4520142
for range-covered
table 1 : explain SELECT id FROM sbtest1 WHERE id BETWEEN 6783486 AND 6783586
	Index Only Scan using sbtest1_pkey on sbtest1  (cost=0.43..6.42 rows=99 width=4)
	  Index Cond: ((id >= 6783486) AND (id <= 6783586))

table 2 : explain SELECT id FROM sbtest2 WHERE id BETWEEN 6783486 AND 6783586
	Index Only Scan using sbtest2_pkey on sbtest2  (cost=0.43..6.37 rows=97 width=4)
	  Index Cond: ((id >= 6783486) AND (id <= 6783586))

table 3 : explain SELECT id FROM sbtest3 WHERE id BETWEEN 6783486 AND 6783586
	Index Only Scan using sbtest3_pkey on sbtest3  (cost=0.43..6.42 rows=99 width=4)
	  Index Cond: ((id >= 6783486) AND (id <= 6783586))

table 4 : explain SELECT id FROM sbtest4 WHERE id BETWEEN 6783486 AND 6783586
	Index Only Scan using sbtest4_pkey on sbtest4  (cost=0.43..6.37 rows=97 width=4)
	  Index Cond: ((id >= 6783486) AND (id <= 6783586))

table 5 : explain SELECT id FROM sbtest5 WHERE id BETWEEN 6783486 AND 6783586
	Index Only Scan using sbtest5_pkey on sbtest5  (cost=0.43..6.37 rows=97 width=4)
	  Index Cond: ((id >= 6783486) AND (id <= 6783586))

table 6 : explain SELECT id FROM sbtest6 WHERE id BETWEEN 6783486 AND 6783586
	Index Only Scan using sbtest6_pkey on sbtest6  (cost=0.43..6.59 rows=108 width=4)
	  Index Cond: ((id >= 6783486) AND (id <= 6783586))

table 7 : explain SELECT id FROM sbtest7 WHERE id BETWEEN 6783486 AND 6783586
	Index Only Scan using sbtest7_pkey on sbtest7  (cost=0.43..6.50 rows=103 width=4)
	  Index Cond: ((id >= 6783486) AND (id <= 6783586))

table 8 : explain SELECT id FROM sbtest8 WHERE id BETWEEN 6783486 AND 6783586
	Index Only Scan using sbtest8_pkey on sbtest8  (cost=0.43..6.79 rows=118 width=4)
	  Index Cond: ((id >= 6783486) AND (id <= 6783586))

for range-covered
table 1 : explain SELECT id FROM sbtest1 WHERE id BETWEEN 3870183 AND 3870283
	Index Only Scan using sbtest1_pkey on sbtest1  (cost=0.43..6.67 rows=112 width=4)
	  Index Cond: ((id >= 3870183) AND (id <= 3870283))

table 2 : explain SELECT id FROM sbtest2 WHERE id BETWEEN 3870183 AND 3870283
	Index Only Scan using sbtest2_pkey on sbtest2  (cost=0.43..6.29 rows=93 width=4)
	  Index Cond: ((id >= 3870183) AND (id <= 3870283))

table 3 : explain SELECT id FROM sbtest3 WHERE id BETWEEN 3870183 AND 3870283
	Index Only Scan using sbtest3_pkey on sbtest3  (cost=0.43..6.58 rows=107 width=4)
	  Index Cond: ((id >= 3870183) AND (id <= 3870283))

table 4 : explain SELECT id FROM sbtest4 WHERE id BETWEEN 3870183 AND 3870283
	Index Only Scan using sbtest4_pkey on sbtest4  (cost=0.43..6.29 rows=93 width=4)
	  Index Cond: ((id >= 3870183) AND (id <= 3870283))

table 5 : explain SELECT id FROM sbtest5 WHERE id BETWEEN 3870183 AND 3870283
	Index Only Scan using sbtest5_pkey on sbtest5  (cost=0.43..6.37 rows=97 width=4)
	  Index Cond: ((id >= 3870183) AND (id <= 3870283))

table 6 : explain SELECT id FROM sbtest6 WHERE id BETWEEN 3870183 AND 3870283
	Index Only Scan using sbtest6_pkey on sbtest6  (cost=0.43..6.35 rows=96 width=4)
	  Index Cond: ((id >= 3870183) AND (id <= 3870283))

table 7 : explain SELECT id FROM sbtest7 WHERE id BETWEEN 3870183 AND 3870283
	Index Only Scan using sbtest7_pkey on sbtest7  (cost=0.43..6.32 rows=94 width=4)
	  Index Cond: ((id >= 3870183) AND (id <= 3870283))

table 8 : explain SELECT id FROM sbtest8 WHERE id BETWEEN 3870183 AND 3870283
	Index Only Scan using sbtest8_pkey on sbtest8  (cost=0.43..6.63 rows=110 width=4)
	  Index Cond: ((id >= 3870183) AND (id <= 3870283))

for range-covered
table 1 : explain SELECT id FROM sbtest1 WHERE id BETWEEN 4670817 AND 4670917
	Index Only Scan using sbtest1_pkey on sbtest1  (cost=0.43..6.35 rows=96 width=4)
	  Index Cond: ((id >= 4670817) AND (id <= 4670917))

table 2 : explain SELECT id FROM sbtest2 WHERE id BETWEEN 4670817 AND 4670917
	Index Only Scan using sbtest2_pkey on sbtest2  (cost=0.43..6.47 rows=102 width=4)
	  Index Cond: ((id >= 4670817) AND (id <= 4670917))

table 3 : explain SELECT id FROM sbtest3 WHERE id BETWEEN 4670817 AND 4670917
	Index Only Scan using sbtest3_pkey on sbtest3  (cost=0.43..6.51 rows=104 width=4)
	  Index Cond: ((id >= 4670817) AND (id <= 4670917))

table 4 : explain SELECT id FROM sbtest4 WHERE id BETWEEN 4670817 AND 4670917
	Index Only Scan using sbtest4_pkey on sbtest4  (cost=0.43..6.43 rows=100 width=4)
	  Index Cond: ((id >= 4670817) AND (id <= 4670917))

table 5 : explain SELECT id FROM sbtest5 WHERE id BETWEEN 4670817 AND 4670917
	Index Only Scan using sbtest5_pkey on sbtest5  (cost=0.43..6.67 rows=112 width=4)
	  Index Cond: ((id >= 4670817) AND (id <= 4670917))

table 6 : explain SELECT id FROM sbtest6 WHERE id BETWEEN 4670817 AND 4670917
	Index Only Scan using sbtest6_pkey on sbtest6  (cost=0.43..6.40 rows=98 width=4)
	  Index Cond: ((id >= 4670817) AND (id <= 4670917))

table 7 : explain SELECT id FROM sbtest7 WHERE id BETWEEN 4670817 AND 4670917
	Index Only Scan using sbtest7_pkey on sbtest7  (cost=0.43..6.51 rows=104 width=4)
	  Index Cond: ((id >= 4670817) AND (id <= 4670917))

table 8 : explain SELECT id FROM sbtest8 WHERE id BETWEEN 4670817 AND 4670917
	Index Only Scan using sbtest8_pkey on sbtest8  (cost=0.43..6.33 rows=95 width=4)
	  Index Cond: ((id >= 4670817) AND (id <= 4670917))

for range-covered
table 1 : explain SELECT id FROM sbtest1 WHERE id BETWEEN 5738070 AND 5738170
	Index Only Scan using sbtest1_pkey on sbtest1  (cost=0.43..6.32 rows=94 width=4)
	  Index Cond: ((id >= 5738070) AND (id <= 5738170))

table 2 : explain SELECT id FROM sbtest2 WHERE id BETWEEN 5738070 AND 5738170
	Index Only Scan using sbtest2_pkey on sbtest2  (cost=0.43..6.27 rows=92 width=4)
	  Index Cond: ((id >= 5738070) AND (id <= 5738170))

table 3 : explain SELECT id FROM sbtest3 WHERE id BETWEEN 5738070 AND 5738170
	Index Only Scan using sbtest3_pkey on sbtest3  (cost=0.43..6.67 rows=112 width=4)
	  Index Cond: ((id >= 5738070) AND (id <= 5738170))

table 4 : explain SELECT id FROM sbtest4 WHERE id BETWEEN 5738070 AND 5738170
	Index Only Scan using sbtest4_pkey on sbtest4  (cost=0.43..6.69 rows=113 width=4)
	  Index Cond: ((id >= 5738070) AND (id <= 5738170))

table 5 : explain SELECT id FROM sbtest5 WHERE id BETWEEN 5738070 AND 5738170
	Index Only Scan using sbtest5_pkey on sbtest5  (cost=0.43..6.53 rows=105 width=4)
	  Index Cond: ((id >= 5738070) AND (id <= 5738170))

table 6 : explain SELECT id FROM sbtest6 WHERE id BETWEEN 5738070 AND 5738170
	Index Only Scan using sbtest6_pkey on sbtest6  (cost=0.43..6.45 rows=101 width=4)
	  Index Cond: ((id >= 5738070) AND (id <= 5738170))

table 7 : explain SELECT id FROM sbtest7 WHERE id BETWEEN 5738070 AND 5738170
	Index Only Scan using sbtest7_pkey on sbtest7  (cost=0.43..6.51 rows=104 width=4)
	  Index Cond: ((id >= 5738070) AND (id <= 5738170))

table 8 : explain SELECT id FROM sbtest8 WHERE id BETWEEN 5738070 AND 5738170
	Index Only Scan using sbtest8_pkey on sbtest8  (cost=0.43..6.37 rows=97 width=4)
	  Index Cond: ((id >= 5738070) AND (id <= 5738170))

explain: for range-covered :: explain SELECT id FROM sbtest%d WHERE id BETWEEN 4670817 AND 4670917
explain: for range-covered :: explain SELECT id FROM sbtest%d WHERE id BETWEEN 3870183 AND 3870283
for range-covered
table 1 : explain SELECT id FROM sbtest1 WHERE id BETWEEN 4520042 AND 4520142
	Index Only Scan using sbtest1_pkey on sbtest1  (cost=0.43..6.43 rows=100 width=4)
	  Index Cond: ((id >= 4520042) AND (id <= 4520142))

table 2 : explain SELECT id FROM sbtest2 WHERE id BETWEEN 4520042 AND 4520142
	Index Only Scan using sbtest2_pkey on sbtest2  (cost=0.43..6.51 rows=104 width=4)
	  Index Cond: ((id >= 4520042) AND (id <= 4520142))

table 3 : explain SELECT id FROM sbtest3 WHERE id BETWEEN 4520042 AND 4520142
	Index Only Scan using sbtest3_pkey on sbtest3  (cost=0.43..6.50 rows=103 width=4)
	  Index Cond: ((id >= 4520042) AND (id <= 4520142))

table 4 : explain SELECT id FROM sbtest4 WHERE id BETWEEN 4520042 AND 4520142
	Index Only Scan using sbtest4_pkey on sbtest4  (cost=0.43..6.42 rows=99 width=4)
	  Index Cond: ((id >= 4520042) AND (id <= 4520142))

table 5 : explain SELECT id FROM sbtest5 WHERE id BETWEEN 4520042 AND 4520142
	Index Only Scan using sbtest5_pkey on sbtest5  (cost=0.43..6.37 rows=97 width=4)
	  Index Cond: ((id >= 4520042) AND (id <= 4520142))

table 6 : explain SELECT id FROM sbtest6 WHERE id BETWEEN 4520042 AND 4520142
	Index Only Scan using sbtest6_pkey on sbtest6  (cost=0.43..6.53 rows=105 width=4)
	  Index Cond: ((id >= 4520042) AND (id <= 4520142))

table 7 : explain SELECT id FROM sbtest7 WHERE id BETWEEN 4520042 AND 4520142
	Index Only Scan using sbtest7_pkey on sbtest7  (cost=0.43..6.50 rows=103 width=4)
	  Index Cond: ((id >= 4520042) AND (id <= 4520142))

table 8 : explain SELECT id FROM sbtest8 WHERE id BETWEEN 4520042 AND 4520142
	Index Only Scan using sbtest8_pkey on sbtest8  (cost=0.43..6.35 rows=96 width=4)
	  Index Cond: ((id >= 4520042) AND (id <= 4520142))

for range-covered
table 1 : explain SELECT id FROM sbtest1 WHERE id BETWEEN 6983719 AND 6983819
	Index Only Scan using sbtest1_pkey on sbtest1  (cost=0.43..6.50 rows=103 width=4)
	  Index Cond: ((id >= 6983719) AND (id <= 6983819))

table 2 : explain SELECT id FROM sbtest2 WHERE id BETWEEN 6983719 AND 6983819
	Index Only Scan using sbtest2_pkey on sbtest2  (cost=0.43..6.45 rows=101 width=4)
	  Index Cond: ((id >= 6983719) AND (id <= 6983819))

table 3 : explain SELECT id FROM sbtest3 WHERE id BETWEEN 6983719 AND 6983819
	Index Only Scan using sbtest3_pkey on sbtest3  (cost=0.43..6.35 rows=96 width=4)
	  Index Cond: ((id >= 6983719) AND (id <= 6983819))

table 4 : explain SELECT id FROM sbtest4 WHERE id BETWEEN 6983719 AND 6983819
	Index Only Scan using sbtest4_pkey on sbtest4  (cost=0.43..6.53 rows=105 width=4)
	  Index Cond: ((id >= 6983719) AND (id <= 6983819))

table 5 : explain SELECT id FROM sbtest5 WHERE id BETWEEN 6983719 AND 6983819
	Index Only Scan using sbtest5_pkey on sbtest5  (cost=0.43..6.74 rows=115 width=4)
	  Index Cond: ((id >= 6983719) AND (id <= 6983819))

table 6 : explain SELECT id FROM sbtest6 WHERE id BETWEEN 6983719 AND 6983819
	Index Only Scan using sbtest6_pkey on sbtest6  (cost=0.43..6.51 rows=104 width=4)
	  Index Cond: ((id >= 6983719) AND (id <= 6983819))

table 7 : explain SELECT id FROM sbtest7 WHERE id BETWEEN 6983719 AND 6983819
	Index Only Scan using sbtest7_pkey on sbtest7  (cost=0.43..6.40 rows=98 width=4)
	  Index Cond: ((id >= 6983719) AND (id <= 6983819))

table 8 : explain SELECT id FROM sbtest8 WHERE id BETWEEN 6983719 AND 6983819
	Index Only Scan using sbtest8_pkey on sbtest8  (cost=0.43..6.27 rows=92 width=4)
	  Index Cond: ((id >= 6983719) AND (id <= 6983819))

explain: for range-covered :: explain SELECT id FROM sbtest%d WHERE id BETWEEN 4520042 AND 4520142
explain: for range-covered :: explain SELECT id FROM sbtest%d WHERE id BETWEEN 6983719 AND 6983819
for range-covered
table 1 : explain SELECT id FROM sbtest1 WHERE id BETWEEN 5157753 AND 5157853
	Index Only Scan using sbtest1_pkey on sbtest1  (cost=0.43..6.63 rows=110 width=4)
	  Index Cond: ((id >= 5157753) AND (id <= 5157853))

table 2 : explain SELECT id FROM sbtest2 WHERE id BETWEEN 5157753 AND 5157853
	Index Only Scan using sbtest2_pkey on sbtest2  (cost=0.43..6.51 rows=104 width=4)
	  Index Cond: ((id >= 5157753) AND (id <= 5157853))

table 3 : explain SELECT id FROM sbtest3 WHERE id BETWEEN 5157753 AND 5157853
	Index Only Scan using sbtest3_pkey on sbtest3  (cost=0.43..6.50 rows=103 width=4)
	  Index Cond: ((id >= 5157753) AND (id <= 5157853))

table 4 : explain SELECT id FROM sbtest4 WHERE id BETWEEN 5157753 AND 5157853
	Index Only Scan using sbtest4_pkey on sbtest4  (cost=0.43..6.50 rows=103 width=4)
	  Index Cond: ((id >= 5157753) AND (id <= 5157853))

table 5 : explain SELECT id FROM sbtest5 WHERE id BETWEEN 5157753 AND 5157853
	Index Only Scan using sbtest5_pkey on sbtest5  (cost=0.43..6.51 rows=104 width=4)
	  Index Cond: ((id >= 5157753) AND (id <= 5157853))

table 6 : explain SELECT id FROM sbtest6 WHERE id BETWEEN 5157753 AND 5157853
	Index Only Scan using sbtest6_pkey on sbtest6  (cost=0.43..6.40 rows=98 width=4)
	  Index Cond: ((id >= 5157753) AND (id <= 5157853))

table 7 : explain SELECT id FROM sbtest7 WHERE id BETWEEN 5157753 AND 5157853
	Index Only Scan using sbtest7_pkey on sbtest7  (cost=0.43..6.29 rows=93 width=4)
	  Index Cond: ((id >= 5157753) AND (id <= 5157853))

table 8 : explain SELECT id FROM sbtest8 WHERE id BETWEEN 5157753 AND 5157853
	Index Only Scan using sbtest8_pkey on sbtest8  (cost=0.43..6.58 rows=107 width=4)
	  Index Cond: ((id >= 5157753) AND (id <= 5157853))

explain: for range-covered :: explain SELECT id FROM sbtest%d WHERE id BETWEEN 5157753 AND 5157853
for range-covered
table 1 : explain SELECT id FROM sbtest1 WHERE id BETWEEN 4670817 AND 4670917
	Index Only Scan using sbtest1_pkey on sbtest1  (cost=0.43..6.35 rows=96 width=4)
	  Index Cond: ((id >= 4670817) AND (id <= 4670917))

table 2 : explain SELECT id FROM sbtest2 WHERE id BETWEEN 4670817 AND 4670917
	Index Only Scan using sbtest2_pkey on sbtest2  (cost=0.43..6.47 rows=102 width=4)
	  Index Cond: ((id >= 4670817) AND (id <= 4670917))

table 3 : explain SELECT id FROM sbtest3 WHERE id BETWEEN 4670817 AND 4670917
	Index Only Scan using sbtest3_pkey on sbtest3  (cost=0.43..6.51 rows=104 width=4)
	  Index Cond: ((id >= 4670817) AND (id <= 4670917))

table 4 : explain SELECT id FROM sbtest4 WHERE id BETWEEN 4670817 AND 4670917
	Index Only Scan using sbtest4_pkey on sbtest4  (cost=0.43..6.43 rows=100 width=4)
	  Index Cond: ((id >= 4670817) AND (id <= 4670917))

table 5 : explain SELECT id FROM sbtest5 WHERE id BETWEEN 4670817 AND 4670917
	Index Only Scan using sbtest5_pkey on sbtest5  (cost=0.43..6.67 rows=112 width=4)
	  Index Cond: ((id >= 4670817) AND (id <= 4670917))

table 6 : explain SELECT id FROM sbtest6 WHERE id BETWEEN 4670817 AND 4670917
	Index Only Scan using sbtest6_pkey on sbtest6  (cost=0.43..6.40 rows=98 width=4)
	  Index Cond: ((id >= 4670817) AND (id <= 4670917))

table 7 : explain SELECT id FROM sbtest7 WHERE id BETWEEN 4670817 AND 4670917
	Index Only Scan using sbtest7_pkey on sbtest7  (cost=0.43..6.51 rows=104 width=4)
	  Index Cond: ((id >= 4670817) AND (id <= 4670917))

table 8 : explain SELECT id FROM sbtest8 WHERE id BETWEEN 4670817 AND 4670917
	Index Only Scan using sbtest8_pkey on sbtest8  (cost=0.43..6.33 rows=95 width=4)
	  Index Cond: ((id >= 4670817) AND (id <= 4670917))

for range-covered
table 1 : explain SELECT id FROM sbtest1 WHERE id BETWEEN 4520042 AND 4520142
	Index Only Scan using sbtest1_pkey on sbtest1  (cost=0.43..6.43 rows=100 width=4)
	  Index Cond: ((id >= 4520042) AND (id <= 4520142))

table 2 : explain SELECT id FROM sbtest2 WHERE id BETWEEN 4520042 AND 4520142
	Index Only Scan using sbtest2_pkey on sbtest2  (cost=0.43..6.51 rows=104 width=4)
	  Index Cond: ((id >= 4520042) AND (id <= 4520142))

table 3 : explain SELECT id FROM sbtest3 WHERE id BETWEEN 4520042 AND 4520142
	Index Only Scan using sbtest3_pkey on sbtest3  (cost=0.43..6.50 rows=103 width=4)
	  Index Cond: ((id >= 4520042) AND (id <= 4520142))

table 4 : explain SELECT id FROM sbtest4 WHERE id BETWEEN 4520042 AND 4520142
	Index Only Scan using sbtest4_pkey on sbtest4  (cost=0.43..6.42 rows=99 width=4)
	  Index Cond: ((id >= 4520042) AND (id <= 4520142))

table 5 : explain SELECT id FROM sbtest5 WHERE id BETWEEN 4520042 AND 4520142
	Index Only Scan using sbtest5_pkey on sbtest5  (cost=0.43..6.37 rows=97 width=4)
	  Index Cond: ((id >= 4520042) AND (id <= 4520142))

table 6 : explain SELECT id FROM sbtest6 WHERE id BETWEEN 4520042 AND 4520142
	Index Only Scan using sbtest6_pkey on sbtest6  (cost=0.43..6.53 rows=105 width=4)
	  Index Cond: ((id >= 4520042) AND (id <= 4520142))

table 7 : explain SELECT id FROM sbtest7 WHERE id BETWEEN 4520042 AND 4520142
	Index Only Scan using sbtest7_pkey on sbtest7  (cost=0.43..6.50 rows=103 width=4)
	  Index Cond: ((id >= 4520042) AND (id <= 4520142))

table 8 : explain SELECT id FROM sbtest8 WHERE id BETWEEN 4520042 AND 4520142
	Index Only Scan using sbtest8_pkey on sbtest8  (cost=0.43..6.35 rows=96 width=4)
	  Index Cond: ((id >= 4520042) AND (id <= 4520142))

for range-covered
table 1 : explain SELECT id FROM sbtest1 WHERE id BETWEEN 6983719 AND 6983819
	Index Only Scan using sbtest1_pkey on sbtest1  (cost=0.43..6.50 rows=103 width=4)
	  Index Cond: ((id >= 6983719) AND (id <= 6983819))

table 2 : explain SELECT id FROM sbtest2 WHERE id BETWEEN 6983719 AND 6983819
	Index Only Scan using sbtest2_pkey on sbtest2  (cost=0.43..6.45 rows=101 width=4)
	  Index Cond: ((id >= 6983719) AND (id <= 6983819))

table 3 : explain SELECT id FROM sbtest3 WHERE id BETWEEN 6983719 AND 6983819
	Index Only Scan using sbtest3_pkey on sbtest3  (cost=0.43..6.35 rows=96 width=4)
	  Index Cond: ((id >= 6983719) AND (id <= 6983819))

table 4 : explain SELECT id FROM sbtest4 WHERE id BETWEEN 6983719 AND 6983819
	Index Only Scan using sbtest4_pkey on sbtest4  (cost=0.43..6.53 rows=105 width=4)
	  Index Cond: ((id >= 6983719) AND (id <= 6983819))

table 5 : explain SELECT id FROM sbtest5 WHERE id BETWEEN 6983719 AND 6983819
	Index Only Scan using sbtest5_pkey on sbtest5  (cost=0.43..6.74 rows=115 width=4)
	  Index Cond: ((id >= 6983719) AND (id <= 6983819))

table 6 : explain SELECT id FROM sbtest6 WHERE id BETWEEN 6983719 AND 6983819
	Index Only Scan using sbtest6_pkey on sbtest6  (cost=0.43..6.51 rows=104 width=4)
	  Index Cond: ((id >= 6983719) AND (id <= 6983819))

table 7 : explain SELECT id FROM sbtest7 WHERE id BETWEEN 6983719 AND 6983819
	Index Only Scan using sbtest7_pkey on sbtest7  (cost=0.43..6.40 rows=98 width=4)
	  Index Cond: ((id >= 6983719) AND (id <= 6983819))

table 8 : explain SELECT id FROM sbtest8 WHERE id BETWEEN 6983719 AND 6983819
	Index Only Scan using sbtest8_pkey on sbtest8  (cost=0.43..6.27 rows=92 width=4)
	  Index Cond: ((id >= 6983719) AND (id <= 6983819))

explain: for range-covered :: explain SELECT id FROM sbtest%d WHERE id BETWEEN 5312645 AND 5312745
explain: for range-covered :: explain SELECT id FROM sbtest%d WHERE id BETWEEN 6983719 AND 6983819
for range-covered
table 1 : explain SELECT id FROM sbtest1 WHERE id BETWEEN 3870183 AND 3870283
	Index Only Scan using sbtest1_pkey on sbtest1  (cost=0.43..6.67 rows=112 width=4)
	  Index Cond: ((id >= 3870183) AND (id <= 3870283))

table 2 : explain SELECT id FROM sbtest2 WHERE id BETWEEN 3870183 AND 3870283
	Index Only Scan using sbtest2_pkey on sbtest2  (cost=0.43..6.29 rows=93 width=4)
	  Index Cond: ((id >= 3870183) AND (id <= 3870283))

table 3 : explain SELECT id FROM sbtest3 WHERE id BETWEEN 3870183 AND 3870283
	Index Only Scan using sbtest3_pkey on sbtest3  (cost=0.43..6.58 rows=107 width=4)
	  Index Cond: ((id >= 3870183) AND (id <= 3870283))

table 4 : explain SELECT id FROM sbtest4 WHERE id BETWEEN 3870183 AND 3870283
	Index Only Scan using sbtest4_pkey on sbtest4  (cost=0.43..6.29 rows=93 width=4)
	  Index Cond: ((id >= 3870183) AND (id <= 3870283))

table 5 : explain SELECT id FROM sbtest5 WHERE id BETWEEN 3870183 AND 3870283
	Index Only Scan using sbtest5_pkey on sbtest5  (cost=0.43..6.37 rows=97 width=4)
	  Index Cond: ((id >= 3870183) AND (id <= 3870283))

table 6 : explain SELECT id FROM sbtest6 WHERE id BETWEEN 3870183 AND 3870283
	Index Only Scan using sbtest6_pkey on sbtest6  (cost=0.43..6.35 rows=96 width=4)
	  Index Cond: ((id >= 3870183) AND (id <= 3870283))

table 7 : explain SELECT id FROM sbtest7 WHERE id BETWEEN 3870183 AND 3870283
	Index Only Scan using sbtest7_pkey on sbtest7  (cost=0.43..6.32 rows=94 width=4)
	  Index Cond: ((id >= 3870183) AND (id <= 3870283))

table 8 : explain SELECT id FROM sbtest8 WHERE id BETWEEN 3870183 AND 3870283
	Index Only Scan using sbtest8_pkey on sbtest8  (cost=0.43..6.63 rows=110 width=4)
	  Index Cond: ((id >= 3870183) AND (id <= 3870283))

for range-covered
table 1 : explain SELECT id FROM sbtest1 WHERE id BETWEEN 5157753 AND 5157853
	Index Only Scan using sbtest1_pkey on sbtest1  (cost=0.43..6.63 rows=110 width=4)
	  Index Cond: ((id >= 5157753) AND (id <= 5157853))

table 2 : explain SELECT id FROM sbtest2 WHERE id BETWEEN 5157753 AND 5157853
	Index Only Scan using sbtest2_pkey on sbtest2  (cost=0.43..6.51 rows=104 width=4)
	  Index Cond: ((id >= 5157753) AND (id <= 5157853))

table 3 : explain SELECT id FROM sbtest3 WHERE id BETWEEN 5157753 AND 5157853
	Index Only Scan using sbtest3_pkey on sbtest3  (cost=0.43..6.50 rows=103 width=4)
	  Index Cond: ((id >= 5157753) AND (id <= 5157853))

table 4 : explain SELECT id FROM sbtest4 WHERE id BETWEEN 5157753 AND 5157853
	Index Only Scan using sbtest4_pkey on sbtest4  (cost=0.43..6.50 rows=103 width=4)
	  Index Cond: ((id >= 5157753) AND (id <= 5157853))

table 5 : explain SELECT id FROM sbtest5 WHERE id BETWEEN 5157753 AND 5157853
	Index Only Scan using sbtest5_pkey on sbtest5  (cost=0.43..6.51 rows=104 width=4)
	  Index Cond: ((id >= 5157753) AND (id <= 5157853))

table 6 : explain SELECT id FROM sbtest6 WHERE id BETWEEN 5157753 AND 5157853
	Index Only Scan using sbtest6_pkey on sbtest6  (cost=0.43..6.40 rows=98 width=4)
	  Index Cond: ((id >= 5157753) AND (id <= 5157853))

table 7 : explain SELECT id FROM sbtest7 WHERE id BETWEEN 5157753 AND 5157853
	Index Only Scan using sbtest7_pkey on sbtest7  (cost=0.43..6.29 rows=93 width=4)
	  Index Cond: ((id >= 5157753) AND (id <= 5157853))

table 8 : explain SELECT id FROM sbtest8 WHERE id BETWEEN 5157753 AND 5157853
	Index Only Scan using sbtest8_pkey on sbtest8  (cost=0.43..6.58 rows=107 width=4)
	  Index Cond: ((id >= 5157753) AND (id <= 5157853))

explain: for range-covered :: explain SELECT id FROM sbtest%d WHERE id BETWEEN 3870183 AND 3870283
explain: for range-covered :: explain SELECT id FROM sbtest%d WHERE id BETWEEN 5157753 AND 5157853
explain: for range-covered :: explain SELECT id FROM sbtest%d WHERE id BETWEEN 4121581 AND 4121681
for range-covered
table 1 : explain SELECT id FROM sbtest1 WHERE id BETWEEN 3870183 AND 3870283
	Index Only Scan using sbtest1_pkey on sbtest1  (cost=0.43..6.67 rows=112 width=4)
	  Index Cond: ((id >= 3870183) AND (id <= 3870283))

table 2 : explain SELECT id FROM sbtest2 WHERE id BETWEEN 3870183 AND 3870283
	Index Only Scan using sbtest2_pkey on sbtest2  (cost=0.43..6.29 rows=93 width=4)
	  Index Cond: ((id >= 3870183) AND (id <= 3870283))

table 3 : explain SELECT id FROM sbtest3 WHERE id BETWEEN 3870183 AND 3870283
	Index Only Scan using sbtest3_pkey on sbtest3  (cost=0.43..6.58 rows=107 width=4)
	  Index Cond: ((id >= 3870183) AND (id <= 3870283))

table 4 : explain SELECT id FROM sbtest4 WHERE id BETWEEN 3870183 AND 3870283
	Index Only Scan using sbtest4_pkey on sbtest4  (cost=0.43..6.29 rows=93 width=4)
	  Index Cond: ((id >= 3870183) AND (id <= 3870283))

table 5 : explain SELECT id FROM sbtest5 WHERE id BETWEEN 3870183 AND 3870283
	Index Only Scan using sbtest5_pkey on sbtest5  (cost=0.43..6.37 rows=97 width=4)
	  Index Cond: ((id >= 3870183) AND (id <= 3870283))

table 6 : explain SELECT id FROM sbtest6 WHERE id BETWEEN 3870183 AND 3870283
	Index Only Scan using sbtest6_pkey on sbtest6  (cost=0.43..6.35 rows=96 width=4)
	  Index Cond: ((id >= 3870183) AND (id <= 3870283))

table 7 : explain SELECT id FROM sbtest7 WHERE id BETWEEN 3870183 AND 3870283
	Index Only Scan using sbtest7_pkey on sbtest7  (cost=0.43..6.32 rows=94 width=4)
	  Index Cond: ((id >= 3870183) AND (id <= 3870283))

table 8 : explain SELECT id FROM sbtest8 WHERE id BETWEEN 3870183 AND 3870283
	Index Only Scan using sbtest8_pkey on sbtest8  (cost=0.43..6.63 rows=110 width=4)
	  Index Cond: ((id >= 3870183) AND (id <= 3870283))

explain: for range-covered :: explain SELECT id FROM sbtest%d WHERE id BETWEEN 3870183 AND 3870283
for range-covered
table 1 : explain SELECT id FROM sbtest1 WHERE id BETWEEN 6983719 AND 6983819
	Index Only Scan using sbtest1_pkey on sbtest1  (cost=0.43..6.50 rows=103 width=4)
	  Index Cond: ((id >= 6983719) AND (id <= 6983819))

table 2 : explain SELECT id FROM sbtest2 WHERE id BETWEEN 6983719 AND 6983819
	Index Only Scan using sbtest2_pkey on sbtest2  (cost=0.43..6.45 rows=101 width=4)
	  Index Cond: ((id >= 6983719) AND (id <= 6983819))

table 3 : explain SELECT id FROM sbtest3 WHERE id BETWEEN 6983719 AND 6983819
	Index Only Scan using sbtest3_pkey on sbtest3  (cost=0.43..6.35 rows=96 width=4)
	  Index Cond: ((id >= 6983719) AND (id <= 6983819))

table 4 : explain SELECT id FROM sbtest4 WHERE id BETWEEN 6983719 AND 6983819
	Index Only Scan using sbtest4_pkey on sbtest4  (cost=0.43..6.53 rows=105 width=4)
	  Index Cond: ((id >= 6983719) AND (id <= 6983819))

table 5 : explain SELECT id FROM sbtest5 WHERE id BETWEEN 6983719 AND 6983819
	Index Only Scan using sbtest5_pkey on sbtest5  (cost=0.43..6.74 rows=115 width=4)
	  Index Cond: ((id >= 6983719) AND (id <= 6983819))

table 6 : explain SELECT id FROM sbtest6 WHERE id BETWEEN 6983719 AND 6983819
	Index Only Scan using sbtest6_pkey on sbtest6  (cost=0.43..6.51 rows=104 width=4)
	  Index Cond: ((id >= 6983719) AND (id <= 6983819))

table 7 : explain SELECT id FROM sbtest7 WHERE id BETWEEN 6983719 AND 6983819
	Index Only Scan using sbtest7_pkey on sbtest7  (cost=0.43..6.40 rows=98 width=4)
	  Index Cond: ((id >= 6983719) AND (id <= 6983819))

table 8 : explain SELECT id FROM sbtest8 WHERE id BETWEEN 6983719 AND 6983819
	Index Only Scan using sbtest8_pkey on sbtest8  (cost=0.43..6.27 rows=92 width=4)
	  Index Cond: ((id >= 6983719) AND (id <= 6983819))

for range-covered
table 1 : explain SELECT id FROM sbtest1 WHERE id BETWEEN 8048264 AND 8048364
	Index Only Scan using sbtest1_pkey on sbtest1  (cost=0.43..6.47 rows=102 width=4)
	  Index Cond: ((id >= 8048264) AND (id <= 8048364))

table 2 : explain SELECT id FROM sbtest2 WHERE id BETWEEN 8048264 AND 8048364
	Index Only Scan using sbtest2_pkey on sbtest2  (cost=0.43..6.66 rows=111 width=4)
	  Index Cond: ((id >= 8048264) AND (id <= 8048364))

table 3 : explain SELECT id FROM sbtest3 WHERE id BETWEEN 8048264 AND 8048364
	Index Only Scan using sbtest3_pkey on sbtest3  (cost=0.43..6.43 rows=100 width=4)
	  Index Cond: ((id >= 8048264) AND (id <= 8048364))

table 4 : explain SELECT id FROM sbtest4 WHERE id BETWEEN 8048264 AND 8048364
	Index Only Scan using sbtest4_pkey on sbtest4  (cost=0.43..6.42 rows=99 width=4)
	  Index Cond: ((id >= 8048264) AND (id <= 8048364))

table 5 : explain SELECT id FROM sbtest5 WHERE id BETWEEN 8048264 AND 8048364
	Index Only Scan using sbtest5_pkey on sbtest5  (cost=0.43..6.42 rows=99 width=4)
	  Index Cond: ((id >= 8048264) AND (id <= 8048364))

table 6 : explain SELECT id FROM sbtest6 WHERE id BETWEEN 8048264 AND 8048364
	Index Only Scan using sbtest6_pkey on sbtest6  (cost=0.43..6.43 rows=100 width=4)
	  Index Cond: ((id >= 8048264) AND (id <= 8048364))

table 7 : explain SELECT id FROM sbtest7 WHERE id BETWEEN 8048264 AND 8048364
	Index Only Scan using sbtest7_pkey on sbtest7  (cost=0.43..6.47 rows=102 width=4)
	  Index Cond: ((id >= 8048264) AND (id <= 8048364))

table 8 : explain SELECT id FROM sbtest8 WHERE id BETWEEN 8048264 AND 8048364
	Index Only Scan using sbtest8_pkey on sbtest8  (cost=0.43..6.50 rows=103 width=4)
	  Index Cond: ((id >= 8048264) AND (id <= 8048364))

explain: for range-covered :: explain SELECT id FROM sbtest%d WHERE id BETWEEN 8048264 AND 8048364
for range-covered
table 1 : explain SELECT id FROM sbtest1 WHERE id BETWEEN 5157753 AND 5157853
	Index Only Scan using sbtest1_pkey on sbtest1  (cost=0.43..6.63 rows=110 width=4)
	  Index Cond: ((id >= 5157753) AND (id <= 5157853))

table 2 : explain SELECT id FROM sbtest2 WHERE id BETWEEN 5157753 AND 5157853
	Index Only Scan using sbtest2_pkey on sbtest2  (cost=0.43..6.51 rows=104 width=4)
	  Index Cond: ((id >= 5157753) AND (id <= 5157853))

table 3 : explain SELECT id FROM sbtest3 WHERE id BETWEEN 5157753 AND 5157853
	Index Only Scan using sbtest3_pkey on sbtest3  (cost=0.43..6.50 rows=103 width=4)
	  Index Cond: ((id >= 5157753) AND (id <= 5157853))

table 4 : explain SELECT id FROM sbtest4 WHERE id BETWEEN 5157753 AND 5157853
	Index Only Scan using sbtest4_pkey on sbtest4  (cost=0.43..6.50 rows=103 width=4)
	  Index Cond: ((id >= 5157753) AND (id <= 5157853))

table 5 : explain SELECT id FROM sbtest5 WHERE id BETWEEN 5157753 AND 5157853
	Index Only Scan using sbtest5_pkey on sbtest5  (cost=0.43..6.51 rows=104 width=4)
	  Index Cond: ((id >= 5157753) AND (id <= 5157853))

table 6 : explain SELECT id FROM sbtest6 WHERE id BETWEEN 5157753 AND 5157853
	Index Only Scan using sbtest6_pkey on sbtest6  (cost=0.43..6.40 rows=98 width=4)
	  Index Cond: ((id >= 5157753) AND (id <= 5157853))

table 7 : explain SELECT id FROM sbtest7 WHERE id BETWEEN 5157753 AND 5157853
	Index Only Scan using sbtest7_pkey on sbtest7  (cost=0.43..6.29 rows=93 width=4)
	  Index Cond: ((id >= 5157753) AND (id <= 5157853))

table 8 : explain SELECT id FROM sbtest8 WHERE id BETWEEN 5157753 AND 5157853
	Index Only Scan using sbtest8_pkey on sbtest8  (cost=0.43..6.58 rows=107 width=4)
	  Index Cond: ((id >= 5157753) AND (id <= 5157853))

explain: for range-covered :: explain SELECT id FROM sbtest%d WHERE id BETWEEN 5157753 AND 5157853
for range-covered
table 1 : explain SELECT id FROM sbtest1 WHERE id BETWEEN 3870183 AND 3870283
	Index Only Scan using sbtest1_pkey on sbtest1  (cost=0.43..6.67 rows=112 width=4)
	  Index Cond: ((id >= 3870183) AND (id <= 3870283))

table 2 : explain SELECT id FROM sbtest2 WHERE id BETWEEN 3870183 AND 3870283
	Index Only Scan using sbtest2_pkey on sbtest2  (cost=0.43..6.29 rows=93 width=4)
	  Index Cond: ((id >= 3870183) AND (id <= 3870283))

table 3 : explain SELECT id FROM sbtest3 WHERE id BETWEEN 3870183 AND 3870283
	Index Only Scan using sbtest3_pkey on sbtest3  (cost=0.43..6.58 rows=107 width=4)
	  Index Cond: ((id >= 3870183) AND (id <= 3870283))

table 4 : explain SELECT id FROM sbtest4 WHERE id BETWEEN 3870183 AND 3870283
	Index Only Scan using sbtest4_pkey on sbtest4  (cost=0.43..6.29 rows=93 width=4)
	  Index Cond: ((id >= 3870183) AND (id <= 3870283))

table 5 : explain SELECT id FROM sbtest5 WHERE id BETWEEN 3870183 AND 3870283
	Index Only Scan using sbtest5_pkey on sbtest5  (cost=0.43..6.37 rows=97 width=4)
	  Index Cond: ((id >= 3870183) AND (id <= 3870283))

table 6 : explain SELECT id FROM sbtest6 WHERE id BETWEEN 3870183 AND 3870283
	Index Only Scan using sbtest6_pkey on sbtest6  (cost=0.43..6.35 rows=96 width=4)
	  Index Cond: ((id >= 3870183) AND (id <= 3870283))

table 7 : explain SELECT id FROM sbtest7 WHERE id BETWEEN 3870183 AND 3870283
	Index Only Scan using sbtest7_pkey on sbtest7  (cost=0.43..6.32 rows=94 width=4)
	  Index Cond: ((id >= 3870183) AND (id <= 3870283))

table 8 : explain SELECT id FROM sbtest8 WHERE id BETWEEN 3870183 AND 3870283
	Index Only Scan using sbtest8_pkey on sbtest8  (cost=0.43..6.63 rows=110 width=4)
	  Index Cond: ((id >= 3870183) AND (id <= 3870283))

explain: for range-covered :: explain SELECT id FROM sbtest%d WHERE id BETWEEN 3870183 AND 3870283
for range-covered
table 1 : explain SELECT id FROM sbtest1 WHERE id BETWEEN 8048264 AND 8048364
	Index Only Scan using sbtest1_pkey on sbtest1  (cost=0.43..6.47 rows=102 width=4)
	  Index Cond: ((id >= 8048264) AND (id <= 8048364))

table 2 : explain SELECT id FROM sbtest2 WHERE id BETWEEN 8048264 AND 8048364
	Index Only Scan using sbtest2_pkey on sbtest2  (cost=0.43..6.66 rows=111 width=4)
	  Index Cond: ((id >= 8048264) AND (id <= 8048364))

table 3 : explain SELECT id FROM sbtest3 WHERE id BETWEEN 8048264 AND 8048364
	Index Only Scan using sbtest3_pkey on sbtest3  (cost=0.43..6.43 rows=100 width=4)
	  Index Cond: ((id >= 8048264) AND (id <= 8048364))

table 4 : explain SELECT id FROM sbtest4 WHERE id BETWEEN 8048264 AND 8048364
	Index Only Scan using sbtest4_pkey on sbtest4  (cost=0.43..6.42 rows=99 width=4)
	  Index Cond: ((id >= 8048264) AND (id <= 8048364))

table 5 : explain SELECT id FROM sbtest5 WHERE id BETWEEN 8048264 AND 8048364
	Index Only Scan using sbtest5_pkey on sbtest5  (cost=0.43..6.42 rows=99 width=4)
	  Index Cond: ((id >= 8048264) AND (id <= 8048364))

table 6 : explain SELECT id FROM sbtest6 WHERE id BETWEEN 8048264 AND 8048364
	Index Only Scan using sbtest6_pkey on sbtest6  (cost=0.43..6.43 rows=100 width=4)
	  Index Cond: ((id >= 8048264) AND (id <= 8048364))

table 7 : explain SELECT id FROM sbtest7 WHERE id BETWEEN 8048264 AND 8048364
	Index Only Scan using sbtest7_pkey on sbtest7  (cost=0.43..6.47 rows=102 width=4)
	  Index Cond: ((id >= 8048264) AND (id <= 8048364))

table 8 : explain SELECT id FROM sbtest8 WHERE id BETWEEN 8048264 AND 8048364
	Index Only Scan using sbtest8_pkey on sbtest8  (cost=0.43..6.50 rows=103 width=4)
	  Index Cond: ((id >= 8048264) AND (id <= 8048364))

explain: for range-covered :: explain SELECT id FROM sbtest%d WHERE id BETWEEN 1489293 AND 1489393
explain: for range-covered :: explain SELECT id FROM sbtest%d WHERE id BETWEEN 8048264 AND 8048364
for range-covered
table 1 : explain SELECT id FROM sbtest1 WHERE id BETWEEN 5157753 AND 5157853
	Index Only Scan using sbtest1_pkey on sbtest1  (cost=0.43..6.63 rows=110 width=4)
	  Index Cond: ((id >= 5157753) AND (id <= 5157853))

table 2 : explain SELECT id FROM sbtest2 WHERE id BETWEEN 5157753 AND 5157853
	Index Only Scan using sbtest2_pkey on sbtest2  (cost=0.43..6.51 rows=104 width=4)
	  Index Cond: ((id >= 5157753) AND (id <= 5157853))

table 3 : explain SELECT id FROM sbtest3 WHERE id BETWEEN 5157753 AND 5157853
	Index Only Scan using sbtest3_pkey on sbtest3  (cost=0.43..6.50 rows=103 width=4)
	  Index Cond: ((id >= 5157753) AND (id <= 5157853))

table 4 : explain SELECT id FROM sbtest4 WHERE id BETWEEN 5157753 AND 5157853
	Index Only Scan using sbtest4_pkey on sbtest4  (cost=0.43..6.50 rows=103 width=4)
	  Index Cond: ((id >= 5157753) AND (id <= 5157853))

table 5 : explain SELECT id FROM sbtest5 WHERE id BETWEEN 5157753 AND 5157853
	Index Only Scan using sbtest5_pkey on sbtest5  (cost=0.43..6.51 rows=104 width=4)
	  Index Cond: ((id >= 5157753) AND (id <= 5157853))

table 6 : explain SELECT id FROM sbtest6 WHERE id BETWEEN 5157753 AND 5157853
	Index Only Scan using sbtest6_pkey on sbtest6  (cost=0.43..6.40 rows=98 width=4)
	  Index Cond: ((id >= 5157753) AND (id <= 5157853))

table 7 : explain SELECT id FROM sbtest7 WHERE id BETWEEN 5157753 AND 5157853
	Index Only Scan using sbtest7_pkey on sbtest7  (cost=0.43..6.29 rows=93 width=4)
	  Index Cond: ((id >= 5157753) AND (id <= 5157853))

table 8 : explain SELECT id FROM sbtest8 WHERE id BETWEEN 5157753 AND 5157853
	Index Only Scan using sbtest8_pkey on sbtest8  (cost=0.43..6.58 rows=107 width=4)
	  Index Cond: ((id >= 5157753) AND (id <= 5157853))

explain: for range-covered :: explain SELECT id FROM sbtest%d WHERE id BETWEEN 5157753 AND 5157853
for range-covered
table 1 : explain SELECT id FROM sbtest1 WHERE id BETWEEN 3870183 AND 3870283
	Index Only Scan using sbtest1_pkey on sbtest1  (cost=0.43..6.67 rows=112 width=4)
	  Index Cond: ((id >= 3870183) AND (id <= 3870283))

table 2 : explain SELECT id FROM sbtest2 WHERE id BETWEEN 3870183 AND 3870283
	Index Only Scan using sbtest2_pkey on sbtest2  (cost=0.43..6.29 rows=93 width=4)
	  Index Cond: ((id >= 3870183) AND (id <= 3870283))

table 3 : explain SELECT id FROM sbtest3 WHERE id BETWEEN 3870183 AND 3870283
	Index Only Scan using sbtest3_pkey on sbtest3  (cost=0.43..6.58 rows=107 width=4)
	  Index Cond: ((id >= 3870183) AND (id <= 3870283))

table 4 : explain SELECT id FROM sbtest4 WHERE id BETWEEN 3870183 AND 3870283
	Index Only Scan using sbtest4_pkey on sbtest4  (cost=0.43..6.29 rows=93 width=4)
	  Index Cond: ((id >= 3870183) AND (id <= 3870283))

table 5 : explain SELECT id FROM sbtest5 WHERE id BETWEEN 3870183 AND 3870283
	Index Only Scan using sbtest5_pkey on sbtest5  (cost=0.43..6.37 rows=97 width=4)
	  Index Cond: ((id >= 3870183) AND (id <= 3870283))

table 6 : explain SELECT id FROM sbtest6 WHERE id BETWEEN 3870183 AND 3870283
	Index Only Scan using sbtest6_pkey on sbtest6  (cost=0.43..6.35 rows=96 width=4)
	  Index Cond: ((id >= 3870183) AND (id <= 3870283))

table 7 : explain SELECT id FROM sbtest7 WHERE id BETWEEN 3870183 AND 3870283
	Index Only Scan using sbtest7_pkey on sbtest7  (cost=0.43..6.32 rows=94 width=4)
	  Index Cond: ((id >= 3870183) AND (id <= 3870283))

table 8 : explain SELECT id FROM sbtest8 WHERE id BETWEEN 3870183 AND 3870283
	Index Only Scan using sbtest8_pkey on sbtest8  (cost=0.43..6.63 rows=110 width=4)
	  Index Cond: ((id >= 3870183) AND (id <= 3870283))

explain: for range-covered :: explain SELECT id FROM sbtest%d WHERE id BETWEEN 3870183 AND 3870283
for range-covered
table 1 : explain SELECT id FROM sbtest1 WHERE id BETWEEN 5312645 AND 5312745
	Index Only Scan using sbtest1_pkey on sbtest1  (cost=0.43..6.69 rows=113 width=4)
	  Index Cond: ((id >= 5312645) AND (id <= 5312745))

table 2 : explain SELECT id FROM sbtest2 WHERE id BETWEEN 5312645 AND 5312745
	Index Only Scan using sbtest2_pkey on sbtest2  (cost=0.43..6.43 rows=100 width=4)
	  Index Cond: ((id >= 5312645) AND (id <= 5312745))

table 3 : explain SELECT id FROM sbtest3 WHERE id BETWEEN 5312645 AND 5312745
	Index Only Scan using sbtest3_pkey on sbtest3  (cost=0.43..6.50 rows=103 width=4)
	  Index Cond: ((id >= 5312645) AND (id <= 5312745))

table 4 : explain SELECT id FROM sbtest4 WHERE id BETWEEN 5312645 AND 5312745
	Index Only Scan using sbtest4_pkey on sbtest4  (cost=0.43..6.40 rows=98 width=4)
	  Index Cond: ((id >= 5312645) AND (id <= 5312745))

table 5 : explain SELECT id FROM sbtest5 WHERE id BETWEEN 5312645 AND 5312745
	Index Only Scan using sbtest5_pkey on sbtest5  (cost=0.43..6.63 rows=110 width=4)
	  Index Cond: ((id >= 5312645) AND (id <= 5312745))

table 6 : explain SELECT id FROM sbtest6 WHERE id BETWEEN 5312645 AND 5312745
	Index Only Scan using sbtest6_pkey on sbtest6  (cost=0.43..6.33 rows=95 width=4)
	  Index Cond: ((id >= 5312645) AND (id <= 5312745))

table 7 : explain SELECT id FROM sbtest7 WHERE id BETWEEN 5312645 AND 5312745
	Index Only Scan using sbtest7_pkey on sbtest7  (cost=0.43..6.40 rows=98 width=4)
	  Index Cond: ((id >= 5312645) AND (id <= 5312745))

table 8 : explain SELECT id FROM sbtest8 WHERE id BETWEEN 5312645 AND 5312745
	Index Only Scan using sbtest8_pkey on sbtest8  (cost=0.43..6.56 rows=106 width=4)
	  Index Cond: ((id >= 5312645) AND (id <= 5312745))

for range-covered
table 1 : explain SELECT id FROM sbtest1 WHERE id BETWEEN 8048264 AND 8048364
	Index Only Scan using sbtest1_pkey on sbtest1  (cost=0.43..6.47 rows=102 width=4)
	  Index Cond: ((id >= 8048264) AND (id <= 8048364))

table 2 : explain SELECT id FROM sbtest2 WHERE id BETWEEN 8048264 AND 8048364
	Index Only Scan using sbtest2_pkey on sbtest2  (cost=0.43..6.66 rows=111 width=4)
	  Index Cond: ((id >= 8048264) AND (id <= 8048364))

table 3 : explain SELECT id FROM sbtest3 WHERE id BETWEEN 8048264 AND 8048364
	Index Only Scan using sbtest3_pkey on sbtest3  (cost=0.43..6.43 rows=100 width=4)
	  Index Cond: ((id >= 8048264) AND (id <= 8048364))

table 4 : explain SELECT id FROM sbtest4 WHERE id BETWEEN 8048264 AND 8048364
	Index Only Scan using sbtest4_pkey on sbtest4  (cost=0.43..6.42 rows=99 width=4)
	  Index Cond: ((id >= 8048264) AND (id <= 8048364))

table 5 : explain SELECT id FROM sbtest5 WHERE id BETWEEN 8048264 AND 8048364
	Index Only Scan using sbtest5_pkey on sbtest5  (cost=0.43..6.42 rows=99 width=4)
	  Index Cond: ((id >= 8048264) AND (id <= 8048364))

table 6 : explain SELECT id FROM sbtest6 WHERE id BETWEEN 8048264 AND 8048364
	Index Only Scan using sbtest6_pkey on sbtest6  (cost=0.43..6.43 rows=100 width=4)
	  Index Cond: ((id >= 8048264) AND (id <= 8048364))

table 7 : explain SELECT id FROM sbtest7 WHERE id BETWEEN 8048264 AND 8048364
	Index Only Scan using sbtest7_pkey on sbtest7  (cost=0.43..6.47 rows=102 width=4)
	  Index Cond: ((id >= 8048264) AND (id <= 8048364))

table 8 : explain SELECT id FROM sbtest8 WHERE id BETWEEN 8048264 AND 8048364
	Index Only Scan using sbtest8_pkey on sbtest8  (cost=0.43..6.50 rows=103 width=4)
	  Index Cond: ((id >= 8048264) AND (id <= 8048364))

explain: for range-covered :: explain SELECT id FROM sbtest%d WHERE id BETWEEN 8048264 AND 8048364explain: for range-covered :: explain SELECT id FROM sbtest%d WHERE id BETWEEN 5312645 AND 5312745

for range-covered
table 1 : explain SELECT id FROM sbtest1 WHERE id BETWEEN 5157753 AND 5157853
	Index Only Scan using sbtest1_pkey on sbtest1  (cost=0.43..6.63 rows=110 width=4)
	  Index Cond: ((id >= 5157753) AND (id <= 5157853))

table 2 : explain SELECT id FROM sbtest2 WHERE id BETWEEN 5157753 AND 5157853
	Index Only Scan using sbtest2_pkey on sbtest2  (cost=0.43..6.51 rows=104 width=4)
	  Index Cond: ((id >= 5157753) AND (id <= 5157853))

table 3 : explain SELECT id FROM sbtest3 WHERE id BETWEEN 5157753 AND 5157853
	Index Only Scan using sbtest3_pkey on sbtest3  (cost=0.43..6.50 rows=103 width=4)
	  Index Cond: ((id >= 5157753) AND (id <= 5157853))

table 4 : explain SELECT id FROM sbtest4 WHERE id BETWEEN 5157753 AND 5157853
	Index Only Scan using sbtest4_pkey on sbtest4  (cost=0.43..6.50 rows=103 width=4)
	  Index Cond: ((id >= 5157753) AND (id <= 5157853))

table 5 : explain SELECT id FROM sbtest5 WHERE id BETWEEN 5157753 AND 5157853
	Index Only Scan using sbtest5_pkey on sbtest5  (cost=0.43..6.51 rows=104 width=4)
	  Index Cond: ((id >= 5157753) AND (id <= 5157853))

table 6 : explain SELECT id FROM sbtest6 WHERE id BETWEEN 5157753 AND 5157853
	Index Only Scan using sbtest6_pkey on sbtest6  (cost=0.43..6.40 rows=98 width=4)
	  Index Cond: ((id >= 5157753) AND (id <= 5157853))

table 7 : explain SELECT id FROM sbtest7 WHERE id BETWEEN 5157753 AND 5157853
	Index Only Scan using sbtest7_pkey on sbtest7  (cost=0.43..6.29 rows=93 width=4)
	  Index Cond: ((id >= 5157753) AND (id <= 5157853))

table 8 : explain SELECT id FROM sbtest8 WHERE id BETWEEN 5157753 AND 5157853
	Index Only Scan using sbtest8_pkey on sbtest8  (cost=0.43..6.58 rows=107 width=4)
	  Index Cond: ((id >= 5157753) AND (id <= 5157853))

for range-covered
table 1 : explain SELECT id FROM sbtest1 WHERE id BETWEEN 4121581 AND 4121681
	Index Only Scan using sbtest1_pkey on sbtest1  (cost=0.43..6.50 rows=103 width=4)
	  Index Cond: ((id >= 4121581) AND (id <= 4121681))

table 2 : explain SELECT id FROM sbtest2 WHERE id BETWEEN 4121581 AND 4121681
	Index Only Scan using sbtest2_pkey on sbtest2  (cost=0.43..6.61 rows=109 width=4)
	  Index Cond: ((id >= 4121581) AND (id <= 4121681))

table 3 : explain SELECT id FROM sbtest3 WHERE id BETWEEN 4121581 AND 4121681
	Index Only Scan using sbtest3_pkey on sbtest3  (cost=0.43..6.61 rows=109 width=4)
	  Index Cond: ((id >= 4121581) AND (id <= 4121681))

table 4 : explain SELECT id FROM sbtest4 WHERE id BETWEEN 4121581 AND 4121681
	Index Only Scan using sbtest4_pkey on sbtest4  (cost=0.43..6.32 rows=94 width=4)
	  Index Cond: ((id >= 4121581) AND (id <= 4121681))

table 5 : explain SELECT id FROM sbtest5 WHERE id BETWEEN 4121581 AND 4121681
	Index Only Scan using sbtest5_pkey on sbtest5  (cost=0.43..6.33 rows=95 width=4)
	  Index Cond: ((id >= 4121581) AND (id <= 4121681))

table 6 : explain SELECT id FROM sbtest6 WHERE id BETWEEN 4121581 AND 4121681
	Index Only Scan using sbtest6_pkey on sbtest6  (cost=0.43..6.33 rows=95 width=4)
	  Index Cond: ((id >= 4121581) AND (id <= 4121681))

table 7 : explain SELECT id FROM sbtest7 WHERE id BETWEEN 4121581 AND 4121681
	Index Only Scan using sbtest7_pkey on sbtest7  (cost=0.43..6.42 rows=99 width=4)
	  Index Cond: ((id >= 4121581) AND (id <= 4121681))

table 8 : explain SELECT id FROM sbtest8 WHERE id BETWEEN 4121581 AND 4121681
	Index Only Scan using sbtest8_pkey on sbtest8  (cost=0.43..6.51 rows=104 width=4)
	  Index Cond: ((id >= 4121581) AND (id <= 4121681))

explain: for range-covered :: explain SELECT id FROM sbtest%d WHERE id BETWEEN 4121581 AND 4121681
for range-covered
table 1 : explain SELECT id FROM sbtest1 WHERE id BETWEEN 3870183 AND 3870283
	Index Only Scan using sbtest1_pkey on sbtest1  (cost=0.43..6.67 rows=112 width=4)
	  Index Cond: ((id >= 3870183) AND (id <= 3870283))

table 2 : explain SELECT id FROM sbtest2 WHERE id BETWEEN 3870183 AND 3870283
	Index Only Scan using sbtest2_pkey on sbtest2  (cost=0.43..6.29 rows=93 width=4)
	  Index Cond: ((id >= 3870183) AND (id <= 3870283))

table 3 : explain SELECT id FROM sbtest3 WHERE id BETWEEN 3870183 AND 3870283
	Index Only Scan using sbtest3_pkey on sbtest3  (cost=0.43..6.58 rows=107 width=4)
	  Index Cond: ((id >= 3870183) AND (id <= 3870283))

table 4 : explain SELECT id FROM sbtest4 WHERE id BETWEEN 3870183 AND 3870283
	Index Only Scan using sbtest4_pkey on sbtest4  (cost=0.43..6.29 rows=93 width=4)
	  Index Cond: ((id >= 3870183) AND (id <= 3870283))

table 5 : explain SELECT id FROM sbtest5 WHERE id BETWEEN 3870183 AND 3870283
	Index Only Scan using sbtest5_pkey on sbtest5  (cost=0.43..6.37 rows=97 width=4)
	  Index Cond: ((id >= 3870183) AND (id <= 3870283))

table 6 : explain SELECT id FROM sbtest6 WHERE id BETWEEN 3870183 AND 3870283
	Index Only Scan using sbtest6_pkey on sbtest6  (cost=0.43..6.35 rows=96 width=4)
	  Index Cond: ((id >= 3870183) AND (id <= 3870283))

table 7 : explain SELECT id FROM sbtest7 WHERE id BETWEEN 3870183 AND 3870283
	Index Only Scan using sbtest7_pkey on sbtest7  (cost=0.43..6.32 rows=94 width=4)
	  Index Cond: ((id >= 3870183) AND (id <= 3870283))

table 8 : explain SELECT id FROM sbtest8 WHERE id BETWEEN 3870183 AND 3870283
	Index Only Scan using sbtest8_pkey on sbtest8  (cost=0.43..6.63 rows=110 width=4)
	  Index Cond: ((id >= 3870183) AND (id <= 3870283))

explain: for range-covered :: explain SELECT id FROM sbtest%d WHERE id BETWEEN 3870183 AND 3870283
for range-covered
table 1 : explain SELECT id FROM sbtest1 WHERE id BETWEEN 8048264 AND 8048364
	Index Only Scan using sbtest1_pkey on sbtest1  (cost=0.43..6.47 rows=102 width=4)
	  Index Cond: ((id >= 8048264) AND (id <= 8048364))

table 2 : explain SELECT id FROM sbtest2 WHERE id BETWEEN 8048264 AND 8048364
	Index Only Scan using sbtest2_pkey on sbtest2  (cost=0.43..6.66 rows=111 width=4)
	  Index Cond: ((id >= 8048264) AND (id <= 8048364))

table 3 : explain SELECT id FROM sbtest3 WHERE id BETWEEN 8048264 AND 8048364
	Index Only Scan using sbtest3_pkey on sbtest3  (cost=0.43..6.43 rows=100 width=4)
	  Index Cond: ((id >= 8048264) AND (id <= 8048364))

table 4 : explain SELECT id FROM sbtest4 WHERE id BETWEEN 8048264 AND 8048364
	Index Only Scan using sbtest4_pkey on sbtest4  (cost=0.43..6.42 rows=99 width=4)
	  Index Cond: ((id >= 8048264) AND (id <= 8048364))

table 5 : explain SELECT id FROM sbtest5 WHERE id BETWEEN 8048264 AND 8048364
	Index Only Scan using sbtest5_pkey on sbtest5  (cost=0.43..6.42 rows=99 width=4)
	  Index Cond: ((id >= 8048264) AND (id <= 8048364))

table 6 : explain SELECT id FROM sbtest6 WHERE id BETWEEN 8048264 AND 8048364
	Index Only Scan using sbtest6_pkey on sbtest6  (cost=0.43..6.43 rows=100 width=4)
	  Index Cond: ((id >= 8048264) AND (id <= 8048364))

table 7 : explain SELECT id FROM sbtest7 WHERE id BETWEEN 8048264 AND 8048364
	Index Only Scan using sbtest7_pkey on sbtest7  (cost=0.43..6.47 rows=102 width=4)
	  Index Cond: ((id >= 8048264) AND (id <= 8048364))

table 8 : explain SELECT id FROM sbtest8 WHERE id BETWEEN 8048264 AND 8048364
	Index Only Scan using sbtest8_pkey on sbtest8  (cost=0.43..6.50 rows=103 width=4)
	  Index Cond: ((id >= 8048264) AND (id <= 8048364))

for range-covered
table 1 : explain SELECT id FROM sbtest1 WHERE id BETWEEN 5312645 AND 5312745
	Index Only Scan using sbtest1_pkey on sbtest1  (cost=0.43..6.69 rows=113 width=4)
	  Index Cond: ((id >= 5312645) AND (id <= 5312745))

table 2 : explain SELECT id FROM sbtest2 WHERE id BETWEEN 5312645 AND 5312745
	Index Only Scan using sbtest2_pkey on sbtest2  (cost=0.43..6.43 rows=100 width=4)
	  Index Cond: ((id >= 5312645) AND (id <= 5312745))

table 3 : explain SELECT id FROM sbtest3 WHERE id BETWEEN 5312645 AND 5312745
	Index Only Scan using sbtest3_pkey on sbtest3  (cost=0.43..6.50 rows=103 width=4)
	  Index Cond: ((id >= 5312645) AND (id <= 5312745))

table 4 : explain SELECT id FROM sbtest4 WHERE id BETWEEN 5312645 AND 5312745
	Index Only Scan using sbtest4_pkey on sbtest4  (cost=0.43..6.40 rows=98 width=4)
	  Index Cond: ((id >= 5312645) AND (id <= 5312745))

table 5 : explain SELECT id FROM sbtest5 WHERE id BETWEEN 5312645 AND 5312745
	Index Only Scan using sbtest5_pkey on sbtest5  (cost=0.43..6.63 rows=110 width=4)
	  Index Cond: ((id >= 5312645) AND (id <= 5312745))

table 6 : explain SELECT id FROM sbtest6 WHERE id BETWEEN 5312645 AND 5312745
	Index Only Scan using sbtest6_pkey on sbtest6  (cost=0.43..6.33 rows=95 width=4)
	  Index Cond: ((id >= 5312645) AND (id <= 5312745))

table 7 : explain SELECT id FROM sbtest7 WHERE id BETWEEN 5312645 AND 5312745
	Index Only Scan using sbtest7_pkey on sbtest7  (cost=0.43..6.40 rows=98 width=4)
	  Index Cond: ((id >= 5312645) AND (id <= 5312745))

table 8 : explain SELECT id FROM sbtest8 WHERE id BETWEEN 5312645 AND 5312745
	Index Only Scan using sbtest8_pkey on sbtest8  (cost=0.43..6.56 rows=106 width=4)
	  Index Cond: ((id >= 5312645) AND (id <= 5312745))

explain: for range-covered :: explain SELECT id FROM sbtest%d WHERE id BETWEEN 8048264 AND 8048364
explain: for range-covered :: explain SELECT id FROM sbtest%d WHERE id BETWEEN 5312645 AND 5312745
for range-covered
table 1 : explain SELECT id FROM sbtest1 WHERE id BETWEEN 4121581 AND 4121681
	Index Only Scan using sbtest1_pkey on sbtest1  (cost=0.43..6.50 rows=103 width=4)
	  Index Cond: ((id >= 4121581) AND (id <= 4121681))

table 2 : explain SELECT id FROM sbtest2 WHERE id BETWEEN 4121581 AND 4121681
	Index Only Scan using sbtest2_pkey on sbtest2  (cost=0.43..6.61 rows=109 width=4)
	  Index Cond: ((id >= 4121581) AND (id <= 4121681))

table 3 : explain SELECT id FROM sbtest3 WHERE id BETWEEN 4121581 AND 4121681
	Index Only Scan using sbtest3_pkey on sbtest3  (cost=0.43..6.61 rows=109 width=4)
	  Index Cond: ((id >= 4121581) AND (id <= 4121681))

table 4 : explain SELECT id FROM sbtest4 WHERE id BETWEEN 4121581 AND 4121681
	Index Only Scan using sbtest4_pkey on sbtest4  (cost=0.43..6.32 rows=94 width=4)
	  Index Cond: ((id >= 4121581) AND (id <= 4121681))

table 5 : explain SELECT id FROM sbtest5 WHERE id BETWEEN 4121581 AND 4121681
	Index Only Scan using sbtest5_pkey on sbtest5  (cost=0.43..6.33 rows=95 width=4)
	  Index Cond: ((id >= 4121581) AND (id <= 4121681))

table 6 : explain SELECT id FROM sbtest6 WHERE id BETWEEN 4121581 AND 4121681
	Index Only Scan using sbtest6_pkey on sbtest6  (cost=0.43..6.33 rows=95 width=4)
	  Index Cond: ((id >= 4121581) AND (id <= 4121681))

table 7 : explain SELECT id FROM sbtest7 WHERE id BETWEEN 4121581 AND 4121681
	Index Only Scan using sbtest7_pkey on sbtest7  (cost=0.43..6.42 rows=99 width=4)
	  Index Cond: ((id >= 4121581) AND (id <= 4121681))

table 8 : explain SELECT id FROM sbtest8 WHERE id BETWEEN 4121581 AND 4121681
	Index Only Scan using sbtest8_pkey on sbtest8  (cost=0.43..6.51 rows=104 width=4)
	  Index Cond: ((id >= 4121581) AND (id <= 4121681))

for range-covered
table 1 : explain SELECT id FROM sbtest1 WHERE id BETWEEN 3870183 AND 3870283
	Index Only Scan using sbtest1_pkey on sbtest1  (cost=0.43..6.67 rows=112 width=4)
	  Index Cond: ((id >= 3870183) AND (id <= 3870283))

table 2 : explain SELECT id FROM sbtest2 WHERE id BETWEEN 3870183 AND 3870283
	Index Only Scan using sbtest2_pkey on sbtest2  (cost=0.43..6.29 rows=93 width=4)
	  Index Cond: ((id >= 3870183) AND (id <= 3870283))

table 3 : explain SELECT id FROM sbtest3 WHERE id BETWEEN 3870183 AND 3870283
	Index Only Scan using sbtest3_pkey on sbtest3  (cost=0.43..6.58 rows=107 width=4)
	  Index Cond: ((id >= 3870183) AND (id <= 3870283))

table 4 : explain SELECT id FROM sbtest4 WHERE id BETWEEN 3870183 AND 3870283
	Index Only Scan using sbtest4_pkey on sbtest4  (cost=0.43..6.29 rows=93 width=4)
	  Index Cond: ((id >= 3870183) AND (id <= 3870283))

table 5 : explain SELECT id FROM sbtest5 WHERE id BETWEEN 3870183 AND 3870283
	Index Only Scan using sbtest5_pkey on sbtest5  (cost=0.43..6.37 rows=97 width=4)
	  Index Cond: ((id >= 3870183) AND (id <= 3870283))

table 6 : explain SELECT id FROM sbtest6 WHERE id BETWEEN 3870183 AND 3870283
	Index Only Scan using sbtest6_pkey on sbtest6  (cost=0.43..6.35 rows=96 width=4)
	  Index Cond: ((id >= 3870183) AND (id <= 3870283))

table 7 : explain SELECT id FROM sbtest7 WHERE id BETWEEN 3870183 AND 3870283
	Index Only Scan using sbtest7_pkey on sbtest7  (cost=0.43..6.32 rows=94 width=4)
	  Index Cond: ((id >= 3870183) AND (id <= 3870283))

table 8 : explain SELECT id FROM sbtest8 WHERE id BETWEEN 3870183 AND 3870283
	Index Only Scan using sbtest8_pkey on sbtest8  (cost=0.43..6.63 rows=110 width=4)
	  Index Cond: ((id >= 3870183) AND (id <= 3870283))

explain: for range-covered :: explain SELECT id FROM sbtest%d WHERE id BETWEEN 4121581 AND 4121681
for range-covered
table 1 : explain SELECT id FROM sbtest1 WHERE id BETWEEN 5312645 AND 5312745
	Index Only Scan using sbtest1_pkey on sbtest1  (cost=0.43..6.69 rows=113 width=4)
	  Index Cond: ((id >= 5312645) AND (id <= 5312745))

table 2 : explain SELECT id FROM sbtest2 WHERE id BETWEEN 5312645 AND 5312745
	Index Only Scan using sbtest2_pkey on sbtest2  (cost=0.43..6.43 rows=100 width=4)
	  Index Cond: ((id >= 5312645) AND (id <= 5312745))

table 3 : explain SELECT id FROM sbtest3 WHERE id BETWEEN 5312645 AND 5312745
	Index Only Scan using sbtest3_pkey on sbtest3  (cost=0.43..6.50 rows=103 width=4)
	  Index Cond: ((id >= 5312645) AND (id <= 5312745))

table 4 : explain SELECT id FROM sbtest4 WHERE id BETWEEN 5312645 AND 5312745
	Index Only Scan using sbtest4_pkey on sbtest4  (cost=0.43..6.40 rows=98 width=4)
	  Index Cond: ((id >= 5312645) AND (id <= 5312745))

table 5 : explain SELECT id FROM sbtest5 WHERE id BETWEEN 5312645 AND 5312745
	Index Only Scan using sbtest5_pkey on sbtest5  (cost=0.43..6.63 rows=110 width=4)
	  Index Cond: ((id >= 5312645) AND (id <= 5312745))

table 6 : explain SELECT id FROM sbtest6 WHERE id BETWEEN 5312645 AND 5312745
	Index Only Scan using sbtest6_pkey on sbtest6  (cost=0.43..6.33 rows=95 width=4)
	  Index Cond: ((id >= 5312645) AND (id <= 5312745))

table 7 : explain SELECT id FROM sbtest7 WHERE id BETWEEN 5312645 AND 5312745
	Index Only Scan using sbtest7_pkey on sbtest7  (cost=0.43..6.40 rows=98 width=4)
	  Index Cond: ((id >= 5312645) AND (id <= 5312745))

table 8 : explain SELECT id FROM sbtest8 WHERE id BETWEEN 5312645 AND 5312745
	Index Only Scan using sbtest8_pkey on sbtest8  (cost=0.43..6.56 rows=106 width=4)
	  Index Cond: ((id >= 5312645) AND (id <= 5312745))

for range-covered
table 1 : explain SELECT id FROM sbtest1 WHERE id BETWEEN 8048264 AND 8048364
	Index Only Scan using sbtest1_pkey on sbtest1  (cost=0.43..6.47 rows=102 width=4)
	  Index Cond: ((id >= 8048264) AND (id <= 8048364))

table 2 : explain SELECT id FROM sbtest2 WHERE id BETWEEN 8048264 AND 8048364
	Index Only Scan using sbtest2_pkey on sbtest2  (cost=0.43..6.66 rows=111 width=4)
	  Index Cond: ((id >= 8048264) AND (id <= 8048364))

table 3 : explain SELECT id FROM sbtest3 WHERE id BETWEEN 8048264 AND 8048364
	Index Only Scan using sbtest3_pkey on sbtest3  (cost=0.43..6.43 rows=100 width=4)
	  Index Cond: ((id >= 8048264) AND (id <= 8048364))

table 4 : explain SELECT id FROM sbtest4 WHERE id BETWEEN 8048264 AND 8048364
	Index Only Scan using sbtest4_pkey on sbtest4  (cost=0.43..6.42 rows=99 width=4)
	  Index Cond: ((id >= 8048264) AND (id <= 8048364))

table 5 : explain SELECT id FROM sbtest5 WHERE id BETWEEN 8048264 AND 8048364
	Index Only Scan using sbtest5_pkey on sbtest5  (cost=0.43..6.42 rows=99 width=4)
	  Index Cond: ((id >= 8048264) AND (id <= 8048364))

table 6 : explain SELECT id FROM sbtest6 WHERE id BETWEEN 8048264 AND 8048364
	Index Only Scan using sbtest6_pkey on sbtest6  (cost=0.43..6.43 rows=100 width=4)
	  Index Cond: ((id >= 8048264) AND (id <= 8048364))

table 7 : explain SELECT id FROM sbtest7 WHERE id BETWEEN 8048264 AND 8048364
	Index Only Scan using sbtest7_pkey on sbtest7  (cost=0.43..6.47 rows=102 width=4)
	  Index Cond: ((id >= 8048264) AND (id <= 8048364))

table 8 : explain SELECT id FROM sbtest8 WHERE id BETWEEN 8048264 AND 8048364
	Index Only Scan using sbtest8_pkey on sbtest8  (cost=0.43..6.50 rows=103 width=4)
	  Index Cond: ((id >= 8048264) AND (id <= 8048364))

explain: for range-covered :: explain SELECT id FROM sbtest%d WHERE id BETWEEN 5312645 AND 5312745
for range-covered
table 1 : explain SELECT id FROM sbtest1 WHERE id BETWEEN 4121581 AND 4121681
	Index Only Scan using sbtest1_pkey on sbtest1  (cost=0.43..6.50 rows=103 width=4)
	  Index Cond: ((id >= 4121581) AND (id <= 4121681))

table 2 : explain SELECT id FROM sbtest2 WHERE id BETWEEN 4121581 AND 4121681
	Index Only Scan using sbtest2_pkey on sbtest2  (cost=0.43..6.61 rows=109 width=4)
	  Index Cond: ((id >= 4121581) AND (id <= 4121681))

table 3 : explain SELECT id FROM sbtest3 WHERE id BETWEEN 4121581 AND 4121681
	Index Only Scan using sbtest3_pkey on sbtest3  (cost=0.43..6.61 rows=109 width=4)
	  Index Cond: ((id >= 4121581) AND (id <= 4121681))

table 4 : explain SELECT id FROM sbtest4 WHERE id BETWEEN 4121581 AND 4121681
	Index Only Scan using sbtest4_pkey on sbtest4  (cost=0.43..6.32 rows=94 width=4)
	  Index Cond: ((id >= 4121581) AND (id <= 4121681))

table 5 : explain SELECT id FROM sbtest5 WHERE id BETWEEN 4121581 AND 4121681
	Index Only Scan using sbtest5_pkey on sbtest5  (cost=0.43..6.33 rows=95 width=4)
	  Index Cond: ((id >= 4121581) AND (id <= 4121681))

table 6 : explain SELECT id FROM sbtest6 WHERE id BETWEEN 4121581 AND 4121681
	Index Only Scan using sbtest6_pkey on sbtest6  (cost=0.43..6.33 rows=95 width=4)
	  Index Cond: ((id >= 4121581) AND (id <= 4121681))

table 7 : explain SELECT id FROM sbtest7 WHERE id BETWEEN 4121581 AND 4121681
	Index Only Scan using sbtest7_pkey on sbtest7  (cost=0.43..6.42 rows=99 width=4)
	  Index Cond: ((id >= 4121581) AND (id <= 4121681))

table 8 : explain SELECT id FROM sbtest8 WHERE id BETWEEN 4121581 AND 4121681
	Index Only Scan using sbtest8_pkey on sbtest8  (cost=0.43..6.51 rows=104 width=4)
	  Index Cond: ((id >= 4121581) AND (id <= 4121681))

explain: for range-covered :: explain SELECT id FROM sbtest%d WHERE id BETWEEN 4121581 AND 4121681
for range-covered
table 1 : explain SELECT id FROM sbtest1 WHERE id BETWEEN 5312645 AND 5312745
	Index Only Scan using sbtest1_pkey on sbtest1  (cost=0.43..6.69 rows=113 width=4)
	  Index Cond: ((id >= 5312645) AND (id <= 5312745))

table 2 : explain SELECT id FROM sbtest2 WHERE id BETWEEN 5312645 AND 5312745
	Index Only Scan using sbtest2_pkey on sbtest2  (cost=0.43..6.43 rows=100 width=4)
	  Index Cond: ((id >= 5312645) AND (id <= 5312745))

table 3 : explain SELECT id FROM sbtest3 WHERE id BETWEEN 5312645 AND 5312745
	Index Only Scan using sbtest3_pkey on sbtest3  (cost=0.43..6.50 rows=103 width=4)
	  Index Cond: ((id >= 5312645) AND (id <= 5312745))

table 4 : explain SELECT id FROM sbtest4 WHERE id BETWEEN 5312645 AND 5312745
	Index Only Scan using sbtest4_pkey on sbtest4  (cost=0.43..6.40 rows=98 width=4)
	  Index Cond: ((id >= 5312645) AND (id <= 5312745))

table 5 : explain SELECT id FROM sbtest5 WHERE id BETWEEN 5312645 AND 5312745
	Index Only Scan using sbtest5_pkey on sbtest5  (cost=0.43..6.63 rows=110 width=4)
	  Index Cond: ((id >= 5312645) AND (id <= 5312745))

table 6 : explain SELECT id FROM sbtest6 WHERE id BETWEEN 5312645 AND 5312745
	Index Only Scan using sbtest6_pkey on sbtest6  (cost=0.43..6.33 rows=95 width=4)
	  Index Cond: ((id >= 5312645) AND (id <= 5312745))

table 7 : explain SELECT id FROM sbtest7 WHERE id BETWEEN 5312645 AND 5312745
	Index Only Scan using sbtest7_pkey on sbtest7  (cost=0.43..6.40 rows=98 width=4)
	  Index Cond: ((id >= 5312645) AND (id <= 5312745))

table 8 : explain SELECT id FROM sbtest8 WHERE id BETWEEN 5312645 AND 5312745
	Index Only Scan using sbtest8_pkey on sbtest8  (cost=0.43..6.56 rows=106 width=4)
	  Index Cond: ((id >= 5312645) AND (id <= 5312745))

explain: for range-covered :: explain SELECT id FROM sbtest%d WHERE id BETWEEN 5312645 AND 5312745
explain: for range-covered :: explain SELECT id FROM sbtest%d WHERE id BETWEEN 619313 AND 619413
for range-covered
table 1 : explain SELECT id FROM sbtest1 WHERE id BETWEEN 4608925 AND 4609025
	Index Only Scan using sbtest1_pkey on sbtest1  (cost=0.43..6.59 rows=108 width=4)
	  Index Cond: ((id >= 4608925) AND (id <= 4609025))

table 2 : explain SELECT id FROM sbtest2 WHERE id BETWEEN 4608925 AND 4609025
	Index Only Scan using sbtest2_pkey on sbtest2  (cost=0.43..6.47 rows=102 width=4)
	  Index Cond: ((id >= 4608925) AND (id <= 4609025))

table 3 : explain SELECT id FROM sbtest3 WHERE id BETWEEN 4608925 AND 4609025
	Index Only Scan using sbtest3_pkey on sbtest3  (cost=0.43..6.51 rows=104 width=4)
	  Index Cond: ((id >= 4608925) AND (id <= 4609025))

table 4 : explain SELECT id FROM sbtest4 WHERE id BETWEEN 4608925 AND 4609025
	Index Only Scan using sbtest4_pkey on sbtest4  (cost=0.43..6.43 rows=100 width=4)
	  Index Cond: ((id >= 4608925) AND (id <= 4609025))

table 5 : explain SELECT id FROM sbtest5 WHERE id BETWEEN 4608925 AND 4609025
	Index Only Scan using sbtest5_pkey on sbtest5  (cost=0.43..6.67 rows=112 width=4)
	  Index Cond: ((id >= 4608925) AND (id <= 4609025))

table 6 : explain SELECT id FROM sbtest6 WHERE id BETWEEN 4608925 AND 4609025
	Index Only Scan using sbtest6_pkey on sbtest6  (cost=0.43..6.27 rows=92 width=4)
	  Index Cond: ((id >= 4608925) AND (id <= 4609025))

table 7 : explain SELECT id FROM sbtest7 WHERE id BETWEEN 4608925 AND 4609025
	Index Only Scan using sbtest7_pkey on sbtest7  (cost=0.43..6.51 rows=104 width=4)
	  Index Cond: ((id >= 4608925) AND (id <= 4609025))

table 8 : explain SELECT id FROM sbtest8 WHERE id BETWEEN 4608925 AND 4609025
	Index Only Scan using sbtest8_pkey on sbtest8  (cost=0.43..6.35 rows=96 width=4)
	  Index Cond: ((id >= 4608925) AND (id <= 4609025))

explain: for range-covered :: explain SELECT id FROM sbtest%d WHERE id BETWEEN 4608925 AND 4609025
explain: for range-covered :: explain SELECT id FROM sbtest%d WHERE id BETWEEN 4543150 AND 4543250
for range-covered
table 1 : explain SELECT id FROM sbtest1 WHERE id BETWEEN 4121581 AND 4121681
	Index Only Scan using sbtest1_pkey on sbtest1  (cost=0.43..6.50 rows=103 width=4)
	  Index Cond: ((id >= 4121581) AND (id <= 4121681))

table 2 : explain SELECT id FROM sbtest2 WHERE id BETWEEN 4121581 AND 4121681
	Index Only Scan using sbtest2_pkey on sbtest2  (cost=0.43..6.61 rows=109 width=4)
	  Index Cond: ((id >= 4121581) AND (id <= 4121681))

table 3 : explain SELECT id FROM sbtest3 WHERE id BETWEEN 4121581 AND 4121681
	Index Only Scan using sbtest3_pkey on sbtest3  (cost=0.43..6.61 rows=109 width=4)
	  Index Cond: ((id >= 4121581) AND (id <= 4121681))

table 4 : explain SELECT id FROM sbtest4 WHERE id BETWEEN 4121581 AND 4121681
	Index Only Scan using sbtest4_pkey on sbtest4  (cost=0.43..6.32 rows=94 width=4)
	  Index Cond: ((id >= 4121581) AND (id <= 4121681))

table 5 : explain SELECT id FROM sbtest5 WHERE id BETWEEN 4121581 AND 4121681
	Index Only Scan using sbtest5_pkey on sbtest5  (cost=0.43..6.33 rows=95 width=4)
	  Index Cond: ((id >= 4121581) AND (id <= 4121681))

table 6 : explain SELECT id FROM sbtest6 WHERE id BETWEEN 4121581 AND 4121681
	Index Only Scan using sbtest6_pkey on sbtest6  (cost=0.43..6.33 rows=95 width=4)
	  Index Cond: ((id >= 4121581) AND (id <= 4121681))

table 7 : explain SELECT id FROM sbtest7 WHERE id BETWEEN 4121581 AND 4121681
	Index Only Scan using sbtest7_pkey on sbtest7  (cost=0.43..6.42 rows=99 width=4)
	  Index Cond: ((id >= 4121581) AND (id <= 4121681))

table 8 : explain SELECT id FROM sbtest8 WHERE id BETWEEN 4121581 AND 4121681
	Index Only Scan using sbtest8_pkey on sbtest8  (cost=0.43..6.51 rows=104 width=4)
	  Index Cond: ((id >= 4121581) AND (id <= 4121681))

explain: for range-covered :: explain SELECT id FROM sbtest%d WHERE id BETWEEN 4121581 AND 4121681
for range-covered
table 1 : explain SELECT id FROM sbtest1 WHERE id BETWEEN 5312645 AND 5312745
	Index Only Scan using sbtest1_pkey on sbtest1  (cost=0.43..6.69 rows=113 width=4)
	  Index Cond: ((id >= 5312645) AND (id <= 5312745))

table 2 : explain SELECT id FROM sbtest2 WHERE id BETWEEN 5312645 AND 5312745
	Index Only Scan using sbtest2_pkey on sbtest2  (cost=0.43..6.43 rows=100 width=4)
	  Index Cond: ((id >= 5312645) AND (id <= 5312745))

table 3 : explain SELECT id FROM sbtest3 WHERE id BETWEEN 5312645 AND 5312745
	Index Only Scan using sbtest3_pkey on sbtest3  (cost=0.43..6.50 rows=103 width=4)
	  Index Cond: ((id >= 5312645) AND (id <= 5312745))

table 4 : explain SELECT id FROM sbtest4 WHERE id BETWEEN 5312645 AND 5312745
	Index Only Scan using sbtest4_pkey on sbtest4  (cost=0.43..6.40 rows=98 width=4)
	  Index Cond: ((id >= 5312645) AND (id <= 5312745))

table 5 : explain SELECT id FROM sbtest5 WHERE id BETWEEN 5312645 AND 5312745
	Index Only Scan using sbtest5_pkey on sbtest5  (cost=0.43..6.63 rows=110 width=4)
	  Index Cond: ((id >= 5312645) AND (id <= 5312745))

table 6 : explain SELECT id FROM sbtest6 WHERE id BETWEEN 5312645 AND 5312745
	Index Only Scan using sbtest6_pkey on sbtest6  (cost=0.43..6.33 rows=95 width=4)
	  Index Cond: ((id >= 5312645) AND (id <= 5312745))

table 7 : explain SELECT id FROM sbtest7 WHERE id BETWEEN 5312645 AND 5312745
	Index Only Scan using sbtest7_pkey on sbtest7  (cost=0.43..6.40 rows=98 width=4)
	  Index Cond: ((id >= 5312645) AND (id <= 5312745))

table 8 : explain SELECT id FROM sbtest8 WHERE id BETWEEN 5312645 AND 5312745
	Index Only Scan using sbtest8_pkey on sbtest8  (cost=0.43..6.56 rows=106 width=4)
	  Index Cond: ((id >= 5312645) AND (id <= 5312745))

explain: for range-covered :: explain SELECT id FROM sbtest%d WHERE id BETWEEN 5312645 AND 5312745
explain: for range-covered :: explain SELECT id FROM sbtest%d WHERE id BETWEEN 4570702 AND 4570802
explain: for range-covered :: explain SELECT id FROM sbtest%d WHERE id BETWEEN 4005128 AND 4005228
explain: for range-covered :: explain SELECT id FROM sbtest%d WHERE id BETWEEN 6886935 AND 6887035
for range-covered
table 1 : explain SELECT id FROM sbtest1 WHERE id BETWEEN 4121581 AND 4121681
	Index Only Scan using sbtest1_pkey on sbtest1  (cost=0.43..6.50 rows=103 width=4)
	  Index Cond: ((id >= 4121581) AND (id <= 4121681))

table 2 : explain SELECT id FROM sbtest2 WHERE id BETWEEN 4121581 AND 4121681
	Index Only Scan using sbtest2_pkey on sbtest2  (cost=0.43..6.61 rows=109 width=4)
	  Index Cond: ((id >= 4121581) AND (id <= 4121681))

table 3 : explain SELECT id FROM sbtest3 WHERE id BETWEEN 4121581 AND 4121681
	Index Only Scan using sbtest3_pkey on sbtest3  (cost=0.43..6.61 rows=109 width=4)
	  Index Cond: ((id >= 4121581) AND (id <= 4121681))

table 4 : explain SELECT id FROM sbtest4 WHERE id BETWEEN 4121581 AND 4121681
	Index Only Scan using sbtest4_pkey on sbtest4  (cost=0.43..6.32 rows=94 width=4)
	  Index Cond: ((id >= 4121581) AND (id <= 4121681))

table 5 : explain SELECT id FROM sbtest5 WHERE id BETWEEN 4121581 AND 4121681
	Index Only Scan using sbtest5_pkey on sbtest5  (cost=0.43..6.33 rows=95 width=4)
	  Index Cond: ((id >= 4121581) AND (id <= 4121681))

table 6 : explain SELECT id FROM sbtest6 WHERE id BETWEEN 4121581 AND 4121681
	Index Only Scan using sbtest6_pkey on sbtest6  (cost=0.43..6.33 rows=95 width=4)
	  Index Cond: ((id >= 4121581) AND (id <= 4121681))

table 7 : explain SELECT id FROM sbtest7 WHERE id BETWEEN 4121581 AND 4121681
	Index Only Scan using sbtest7_pkey on sbtest7  (cost=0.43..6.42 rows=99 width=4)
	  Index Cond: ((id >= 4121581) AND (id <= 4121681))

table 8 : explain SELECT id FROM sbtest8 WHERE id BETWEEN 4121581 AND 4121681
	Index Only Scan using sbtest8_pkey on sbtest8  (cost=0.43..6.51 rows=104 width=4)
	  Index Cond: ((id >= 4121581) AND (id <= 4121681))

for range-covered
table 1 : explain SELECT id FROM sbtest1 WHERE id BETWEEN 5312645 AND 5312745
	Index Only Scan using sbtest1_pkey on sbtest1  (cost=0.43..6.69 rows=113 width=4)
	  Index Cond: ((id >= 5312645) AND (id <= 5312745))

table 2 : explain SELECT id FROM sbtest2 WHERE id BETWEEN 5312645 AND 5312745
	Index Only Scan using sbtest2_pkey on sbtest2  (cost=0.43..6.43 rows=100 width=4)
	  Index Cond: ((id >= 5312645) AND (id <= 5312745))

table 3 : explain SELECT id FROM sbtest3 WHERE id BETWEEN 5312645 AND 5312745
	Index Only Scan using sbtest3_pkey on sbtest3  (cost=0.43..6.50 rows=103 width=4)
	  Index Cond: ((id >= 5312645) AND (id <= 5312745))

table 4 : explain SELECT id FROM sbtest4 WHERE id BETWEEN 5312645 AND 5312745
	Index Only Scan using sbtest4_pkey on sbtest4  (cost=0.43..6.40 rows=98 width=4)
	  Index Cond: ((id >= 5312645) AND (id <= 5312745))

table 5 : explain SELECT id FROM sbtest5 WHERE id BETWEEN 5312645 AND 5312745
	Index Only Scan using sbtest5_pkey on sbtest5  (cost=0.43..6.63 rows=110 width=4)
	  Index Cond: ((id >= 5312645) AND (id <= 5312745))

table 6 : explain SELECT id FROM sbtest6 WHERE id BETWEEN 5312645 AND 5312745
	Index Only Scan using sbtest6_pkey on sbtest6  (cost=0.43..6.33 rows=95 width=4)
	  Index Cond: ((id >= 5312645) AND (id <= 5312745))

table 7 : explain SELECT id FROM sbtest7 WHERE id BETWEEN 5312645 AND 5312745
	Index Only Scan using sbtest7_pkey on sbtest7  (cost=0.43..6.40 rows=98 width=4)
	  Index Cond: ((id >= 5312645) AND (id <= 5312745))

table 8 : explain SELECT id FROM sbtest8 WHERE id BETWEEN 5312645 AND 5312745
	Index Only Scan using sbtest8_pkey on sbtest8  (cost=0.43..6.56 rows=106 width=4)
	  Index Cond: ((id >= 5312645) AND (id <= 5312745))

explain: for range-covered :: explain SELECT id FROM sbtest%d WHERE id BETWEEN 4121581 AND 4121681
explain: for range-covered :: explain SELECT id FROM sbtest%d WHERE id BETWEEN 5312645 AND 5312745
for range-covered
table 1 : explain SELECT id FROM sbtest1 WHERE id BETWEEN 1489293 AND 1489393
	Index Only Scan using sbtest1_pkey on sbtest1  (cost=0.43..6.50 rows=103 width=4)
	  Index Cond: ((id >= 1489293) AND (id <= 1489393))

table 2 : explain SELECT id FROM sbtest2 WHERE id BETWEEN 1489293 AND 1489393
	Index Only Scan using sbtest2_pkey on sbtest2  (cost=0.43..6.45 rows=101 width=4)
	  Index Cond: ((id >= 1489293) AND (id <= 1489393))

table 3 : explain SELECT id FROM sbtest3 WHERE id BETWEEN 1489293 AND 1489393
	Index Only Scan using sbtest3_pkey on sbtest3  (cost=0.43..6.56 rows=106 width=4)
	  Index Cond: ((id >= 1489293) AND (id <= 1489393))

table 4 : explain SELECT id FROM sbtest4 WHERE id BETWEEN 1489293 AND 1489393
	Index Only Scan using sbtest4_pkey on sbtest4  (cost=0.43..6.37 rows=97 width=4)
	  Index Cond: ((id >= 1489293) AND (id <= 1489393))

table 5 : explain SELECT id FROM sbtest5 WHERE id BETWEEN 1489293 AND 1489393
	Index Only Scan using sbtest5_pkey on sbtest5  (cost=0.43..6.50 rows=103 width=4)
	  Index Cond: ((id >= 1489293) AND (id <= 1489393))

table 6 : explain SELECT id FROM sbtest6 WHERE id BETWEEN 1489293 AND 1489393
	Index Only Scan using sbtest6_pkey on sbtest6  (cost=0.43..6.56 rows=106 width=4)
	  Index Cond: ((id >= 1489293) AND (id <= 1489393))

table 7 : explain SELECT id FROM sbtest7 WHERE id BETWEEN 1489293 AND 1489393
	Index Only Scan using sbtest7_pkey on sbtest7  (cost=0.43..6.50 rows=103 width=4)
	  Index Cond: ((id >= 1489293) AND (id <= 1489393))

table 8 : explain SELECT id FROM sbtest8 WHERE id BETWEEN 1489293 AND 1489393
	Index Only Scan using sbtest8_pkey on sbtest8  (cost=0.43..6.40 rows=98 width=4)
	  Index Cond: ((id >= 1489293) AND (id <= 1489393))

explain: for range-covered :: explain SELECT id FROM sbtest%d WHERE id BETWEEN 1489293 AND 1489393
for range-covered
table 1 : explain SELECT id FROM sbtest1 WHERE id BETWEEN 4608925 AND 4609025
	Index Only Scan using sbtest1_pkey on sbtest1  (cost=0.43..6.59 rows=108 width=4)
	  Index Cond: ((id >= 4608925) AND (id <= 4609025))

table 2 : explain SELECT id FROM sbtest2 WHERE id BETWEEN 4608925 AND 4609025
	Index Only Scan using sbtest2_pkey on sbtest2  (cost=0.43..6.47 rows=102 width=4)
	  Index Cond: ((id >= 4608925) AND (id <= 4609025))

table 3 : explain SELECT id FROM sbtest3 WHERE id BETWEEN 4608925 AND 4609025
	Index Only Scan using sbtest3_pkey on sbtest3  (cost=0.43..6.51 rows=104 width=4)
	  Index Cond: ((id >= 4608925) AND (id <= 4609025))

table 4 : explain SELECT id FROM sbtest4 WHERE id BETWEEN 4608925 AND 4609025
	Index Only Scan using sbtest4_pkey on sbtest4  (cost=0.43..6.43 rows=100 width=4)
	  Index Cond: ((id >= 4608925) AND (id <= 4609025))

table 5 : explain SELECT id FROM sbtest5 WHERE id BETWEEN 4608925 AND 4609025
	Index Only Scan using sbtest5_pkey on sbtest5  (cost=0.43..6.67 rows=112 width=4)
	  Index Cond: ((id >= 4608925) AND (id <= 4609025))

table 6 : explain SELECT id FROM sbtest6 WHERE id BETWEEN 4608925 AND 4609025
	Index Only Scan using sbtest6_pkey on sbtest6  (cost=0.43..6.27 rows=92 width=4)
	  Index Cond: ((id >= 4608925) AND (id <= 4609025))

table 7 : explain SELECT id FROM sbtest7 WHERE id BETWEEN 4608925 AND 4609025
	Index Only Scan using sbtest7_pkey on sbtest7  (cost=0.43..6.51 rows=104 width=4)
	  Index Cond: ((id >= 4608925) AND (id <= 4609025))

table 8 : explain SELECT id FROM sbtest8 WHERE id BETWEEN 4608925 AND 4609025
	Index Only Scan using sbtest8_pkey on sbtest8  (cost=0.43..6.35 rows=96 width=4)
	  Index Cond: ((id >= 4608925) AND (id <= 4609025))

explain: for range-covered :: explain SELECT id FROM sbtest%d WHERE id BETWEEN 4608925 AND 4609025
explain: for range-covered :: explain SELECT id FROM sbtest%d WHERE id BETWEEN 3757658 AND 3757758
explain: for range-covered :: explain SELECT id FROM sbtest%d WHERE id BETWEEN 5216987 AND 5217087
for range-covered
table 1 : explain SELECT id FROM sbtest1 WHERE id BETWEEN 4121581 AND 4121681
	Index Only Scan using sbtest1_pkey on sbtest1  (cost=0.43..6.50 rows=103 width=4)
	  Index Cond: ((id >= 4121581) AND (id <= 4121681))

table 2 : explain SELECT id FROM sbtest2 WHERE id BETWEEN 4121581 AND 4121681
	Index Only Scan using sbtest2_pkey on sbtest2  (cost=0.43..6.61 rows=109 width=4)
	  Index Cond: ((id >= 4121581) AND (id <= 4121681))

table 3 : explain SELECT id FROM sbtest3 WHERE id BETWEEN 4121581 AND 4121681
	Index Only Scan using sbtest3_pkey on sbtest3  (cost=0.43..6.61 rows=109 width=4)
	  Index Cond: ((id >= 4121581) AND (id <= 4121681))

table 4 : explain SELECT id FROM sbtest4 WHERE id BETWEEN 4121581 AND 4121681
	Index Only Scan using sbtest4_pkey on sbtest4  (cost=0.43..6.32 rows=94 width=4)
	  Index Cond: ((id >= 4121581) AND (id <= 4121681))

table 5 : explain SELECT id FROM sbtest5 WHERE id BETWEEN 4121581 AND 4121681
	Index Only Scan using sbtest5_pkey on sbtest5  (cost=0.43..6.33 rows=95 width=4)
	  Index Cond: ((id >= 4121581) AND (id <= 4121681))

table 6 : explain SELECT id FROM sbtest6 WHERE id BETWEEN 4121581 AND 4121681
	Index Only Scan using sbtest6_pkey on sbtest6  (cost=0.43..6.33 rows=95 width=4)
	  Index Cond: ((id >= 4121581) AND (id <= 4121681))

table 7 : explain SELECT id FROM sbtest7 WHERE id BETWEEN 4121581 AND 4121681
	Index Only Scan using sbtest7_pkey on sbtest7  (cost=0.43..6.42 rows=99 width=4)
	  Index Cond: ((id >= 4121581) AND (id <= 4121681))

table 8 : explain SELECT id FROM sbtest8 WHERE id BETWEEN 4121581 AND 4121681
	Index Only Scan using sbtest8_pkey on sbtest8  (cost=0.43..6.51 rows=104 width=4)
	  Index Cond: ((id >= 4121581) AND (id <= 4121681))

explain: for range-covered :: explain SELECT id FROM sbtest%d WHERE id BETWEEN 4485820 AND 4485920
explain: for range-covered :: explain SELECT id FROM sbtest%d WHERE id BETWEEN 4121581 AND 4121681
for range-covered
table 1 : explain SELECT id FROM sbtest1 WHERE id BETWEEN 1489293 AND 1489393
	Index Only Scan using sbtest1_pkey on sbtest1  (cost=0.43..6.50 rows=103 width=4)
	  Index Cond: ((id >= 1489293) AND (id <= 1489393))

table 2 : explain SELECT id FROM sbtest2 WHERE id BETWEEN 1489293 AND 1489393
	Index Only Scan using sbtest2_pkey on sbtest2  (cost=0.43..6.45 rows=101 width=4)
	  Index Cond: ((id >= 1489293) AND (id <= 1489393))

table 3 : explain SELECT id FROM sbtest3 WHERE id BETWEEN 1489293 AND 1489393
	Index Only Scan using sbtest3_pkey on sbtest3  (cost=0.43..6.56 rows=106 width=4)
	  Index Cond: ((id >= 1489293) AND (id <= 1489393))

table 4 : explain SELECT id FROM sbtest4 WHERE id BETWEEN 1489293 AND 1489393
	Index Only Scan using sbtest4_pkey on sbtest4  (cost=0.43..6.37 rows=97 width=4)
	  Index Cond: ((id >= 1489293) AND (id <= 1489393))

table 5 : explain SELECT id FROM sbtest5 WHERE id BETWEEN 1489293 AND 1489393
	Index Only Scan using sbtest5_pkey on sbtest5  (cost=0.43..6.50 rows=103 width=4)
	  Index Cond: ((id >= 1489293) AND (id <= 1489393))

table 6 : explain SELECT id FROM sbtest6 WHERE id BETWEEN 1489293 AND 1489393
	Index Only Scan using sbtest6_pkey on sbtest6  (cost=0.43..6.56 rows=106 width=4)
	  Index Cond: ((id >= 1489293) AND (id <= 1489393))

table 7 : explain SELECT id FROM sbtest7 WHERE id BETWEEN 1489293 AND 1489393
	Index Only Scan using sbtest7_pkey on sbtest7  (cost=0.43..6.50 rows=103 width=4)
	  Index Cond: ((id >= 1489293) AND (id <= 1489393))

table 8 : explain SELECT id FROM sbtest8 WHERE id BETWEEN 1489293 AND 1489393
	Index Only Scan using sbtest8_pkey on sbtest8  (cost=0.43..6.40 rows=98 width=4)
	  Index Cond: ((id >= 1489293) AND (id <= 1489393))

explain: for range-covered :: explain SELECT id FROM sbtest%d WHERE id BETWEEN 2362159 AND 2362259
explain: for range-covered :: explain SELECT id FROM sbtest%d WHERE id BETWEEN 1489293 AND 1489393
explain: for range-covered :: explain SELECT id FROM sbtest%d WHERE id BETWEEN 2815873 AND 2815973
for range-covered
table 1 : explain SELECT id FROM sbtest1 WHERE id BETWEEN 5312645 AND 5312745
	Index Only Scan using sbtest1_pkey on sbtest1  (cost=0.43..6.69 rows=113 width=4)
	  Index Cond: ((id >= 5312645) AND (id <= 5312745))

table 2 : explain SELECT id FROM sbtest2 WHERE id BETWEEN 5312645 AND 5312745
	Index Only Scan using sbtest2_pkey on sbtest2  (cost=0.43..6.43 rows=100 width=4)
	  Index Cond: ((id >= 5312645) AND (id <= 5312745))

table 3 : explain SELECT id FROM sbtest3 WHERE id BETWEEN 5312645 AND 5312745
	Index Only Scan using sbtest3_pkey on sbtest3  (cost=0.43..6.50 rows=103 width=4)
	  Index Cond: ((id >= 5312645) AND (id <= 5312745))

table 4 : explain SELECT id FROM sbtest4 WHERE id BETWEEN 5312645 AND 5312745
	Index Only Scan using sbtest4_pkey on sbtest4  (cost=0.43..6.40 rows=98 width=4)
	  Index Cond: ((id >= 5312645) AND (id <= 5312745))

table 5 : explain SELECT id FROM sbtest5 WHERE id BETWEEN 5312645 AND 5312745
	Index Only Scan using sbtest5_pkey on sbtest5  (cost=0.43..6.63 rows=110 width=4)
	  Index Cond: ((id >= 5312645) AND (id <= 5312745))

table 6 : explain SELECT id FROM sbtest6 WHERE id BETWEEN 5312645 AND 5312745
	Index Only Scan using sbtest6_pkey on sbtest6  (cost=0.43..6.33 rows=95 width=4)
	  Index Cond: ((id >= 5312645) AND (id <= 5312745))

table 7 : explain SELECT id FROM sbtest7 WHERE id BETWEEN 5312645 AND 5312745
	Index Only Scan using sbtest7_pkey on sbtest7  (cost=0.43..6.40 rows=98 width=4)
	  Index Cond: ((id >= 5312645) AND (id <= 5312745))

table 8 : explain SELECT id FROM sbtest8 WHERE id BETWEEN 5312645 AND 5312745
	Index Only Scan using sbtest8_pkey on sbtest8  (cost=0.43..6.56 rows=106 width=4)
	  Index Cond: ((id >= 5312645) AND (id <= 5312745))

explain: for range-covered :: explain SELECT id FROM sbtest%d WHERE id BETWEEN 5312645 AND 5312745
for range-covered
table 1 : explain SELECT id FROM sbtest1 WHERE id BETWEEN 4543150 AND 4543250
	Index Only Scan using sbtest1_pkey on sbtest1  (cost=0.43..6.43 rows=100 width=4)
	  Index Cond: ((id >= 4543150) AND (id <= 4543250))

table 2 : explain SELECT id FROM sbtest2 WHERE id BETWEEN 4543150 AND 4543250
	Index Only Scan using sbtest2_pkey on sbtest2  (cost=0.43..6.51 rows=104 width=4)
	  Index Cond: ((id >= 4543150) AND (id <= 4543250))

table 3 : explain SELECT id FROM sbtest3 WHERE id BETWEEN 4543150 AND 4543250
	Index Only Scan using sbtest3_pkey on sbtest3  (cost=0.43..6.50 rows=103 width=4)
	  Index Cond: ((id >= 4543150) AND (id <= 4543250))

table 4 : explain SELECT id FROM sbtest4 WHERE id BETWEEN 4543150 AND 4543250
	Index Only Scan using sbtest4_pkey on sbtest4  (cost=0.43..6.42 rows=99 width=4)
	  Index Cond: ((id >= 4543150) AND (id <= 4543250))

table 5 : explain SELECT id FROM sbtest5 WHERE id BETWEEN 4543150 AND 4543250
	Index Only Scan using sbtest5_pkey on sbtest5  (cost=0.43..6.37 rows=97 width=4)
	  Index Cond: ((id >= 4543150) AND (id <= 4543250))

table 6 : explain SELECT id FROM sbtest6 WHERE id BETWEEN 4543150 AND 4543250
	Index Only Scan using sbtest6_pkey on sbtest6  (cost=0.43..6.53 rows=105 width=4)
	  Index Cond: ((id >= 4543150) AND (id <= 4543250))

table 7 : explain SELECT id FROM sbtest7 WHERE id BETWEEN 4543150 AND 4543250
	Index Only Scan using sbtest7_pkey on sbtest7  (cost=0.43..6.50 rows=103 width=4)
	  Index Cond: ((id >= 4543150) AND (id <= 4543250))

table 8 : explain SELECT id FROM sbtest8 WHERE id BETWEEN 4543150 AND 4543250
	Index Only Scan using sbtest8_pkey on sbtest8  (cost=0.43..6.35 rows=96 width=4)
	  Index Cond: ((id >= 4543150) AND (id <= 4543250))

explain: for range-covered :: explain SELECT id FROM sbtest%d WHERE id BETWEEN 4804386 AND 4804486
explain: for range-covered :: explain SELECT id FROM sbtest%d WHERE id BETWEEN 4543150 AND 4543250
for range-covered
table 1 : explain SELECT id FROM sbtest1 WHERE id BETWEEN 4121581 AND 4121681
	Index Only Scan using sbtest1_pkey on sbtest1  (cost=0.43..6.50 rows=103 width=4)
	  Index Cond: ((id >= 4121581) AND (id <= 4121681))

table 2 : explain SELECT id FROM sbtest2 WHERE id BETWEEN 4121581 AND 4121681
	Index Only Scan using sbtest2_pkey on sbtest2  (cost=0.43..6.61 rows=109 width=4)
	  Index Cond: ((id >= 4121581) AND (id <= 4121681))

table 3 : explain SELECT id FROM sbtest3 WHERE id BETWEEN 4121581 AND 4121681
	Index Only Scan using sbtest3_pkey on sbtest3  (cost=0.43..6.61 rows=109 width=4)
	  Index Cond: ((id >= 4121581) AND (id <= 4121681))

table 4 : explain SELECT id FROM sbtest4 WHERE id BETWEEN 4121581 AND 4121681
	Index Only Scan using sbtest4_pkey on sbtest4  (cost=0.43..6.32 rows=94 width=4)
	  Index Cond: ((id >= 4121581) AND (id <= 4121681))

table 5 : explain SELECT id FROM sbtest5 WHERE id BETWEEN 4121581 AND 4121681
	Index Only Scan using sbtest5_pkey on sbtest5  (cost=0.43..6.33 rows=95 width=4)
	  Index Cond: ((id >= 4121581) AND (id <= 4121681))

table 6 : explain SELECT id FROM sbtest6 WHERE id BETWEEN 4121581 AND 4121681
	Index Only Scan using sbtest6_pkey on sbtest6  (cost=0.43..6.33 rows=95 width=4)
	  Index Cond: ((id >= 4121581) AND (id <= 4121681))

table 7 : explain SELECT id FROM sbtest7 WHERE id BETWEEN 4121581 AND 4121681
	Index Only Scan using sbtest7_pkey on sbtest7  (cost=0.43..6.42 rows=99 width=4)
	  Index Cond: ((id >= 4121581) AND (id <= 4121681))

table 8 : explain SELECT id FROM sbtest8 WHERE id BETWEEN 4121581 AND 4121681
	Index Only Scan using sbtest8_pkey on sbtest8  (cost=0.43..6.51 rows=104 width=4)
	  Index Cond: ((id >= 4121581) AND (id <= 4121681))

explain: for range-covered :: explain SELECT id FROM sbtest%d WHERE id BETWEEN 4121581 AND 4121681
for range-covered
table 1 : explain SELECT id FROM sbtest1 WHERE id BETWEEN 1489293 AND 1489393
	Index Only Scan using sbtest1_pkey on sbtest1  (cost=0.43..6.50 rows=103 width=4)
	  Index Cond: ((id >= 1489293) AND (id <= 1489393))

table 2 : explain SELECT id FROM sbtest2 WHERE id BETWEEN 1489293 AND 1489393
	Index Only Scan using sbtest2_pkey on sbtest2  (cost=0.43..6.45 rows=101 width=4)
	  Index Cond: ((id >= 1489293) AND (id <= 1489393))

table 3 : explain SELECT id FROM sbtest3 WHERE id BETWEEN 1489293 AND 1489393
	Index Only Scan using sbtest3_pkey on sbtest3  (cost=0.43..6.56 rows=106 width=4)
	  Index Cond: ((id >= 1489293) AND (id <= 1489393))

table 4 : explain SELECT id FROM sbtest4 WHERE id BETWEEN 1489293 AND 1489393
	Index Only Scan using sbtest4_pkey on sbtest4  (cost=0.43..6.37 rows=97 width=4)
	  Index Cond: ((id >= 1489293) AND (id <= 1489393))

table 5 : explain SELECT id FROM sbtest5 WHERE id BETWEEN 1489293 AND 1489393
	Index Only Scan using sbtest5_pkey on sbtest5  (cost=0.43..6.50 rows=103 width=4)
	  Index Cond: ((id >= 1489293) AND (id <= 1489393))

table 6 : explain SELECT id FROM sbtest6 WHERE id BETWEEN 1489293 AND 1489393
	Index Only Scan using sbtest6_pkey on sbtest6  (cost=0.43..6.56 rows=106 width=4)
	  Index Cond: ((id >= 1489293) AND (id <= 1489393))

table 7 : explain SELECT id FROM sbtest7 WHERE id BETWEEN 1489293 AND 1489393
	Index Only Scan using sbtest7_pkey on sbtest7  (cost=0.43..6.50 rows=103 width=4)
	  Index Cond: ((id >= 1489293) AND (id <= 1489393))

table 8 : explain SELECT id FROM sbtest8 WHERE id BETWEEN 1489293 AND 1489393
	Index Only Scan using sbtest8_pkey on sbtest8  (cost=0.43..6.40 rows=98 width=4)
	  Index Cond: ((id >= 1489293) AND (id <= 1489393))

explain: for range-covered :: explain SELECT id FROM sbtest%d WHERE id BETWEEN 1489293 AND 1489393
for range-covered
table 1 : explain SELECT id FROM sbtest1 WHERE id BETWEEN 4570702 AND 4570802
	Index Only Scan using sbtest1_pkey on sbtest1  (cost=0.43..6.59 rows=108 width=4)
	  Index Cond: ((id >= 4570702) AND (id <= 4570802))

table 2 : explain SELECT id FROM sbtest2 WHERE id BETWEEN 4570702 AND 4570802
	Index Only Scan using sbtest2_pkey on sbtest2  (cost=0.43..6.51 rows=104 width=4)
	  Index Cond: ((id >= 4570702) AND (id <= 4570802))

table 3 : explain SELECT id FROM sbtest3 WHERE id BETWEEN 4570702 AND 4570802
	Index Only Scan using sbtest3_pkey on sbtest3  (cost=0.43..6.50 rows=103 width=4)
	  Index Cond: ((id >= 4570702) AND (id <= 4570802))

table 4 : explain SELECT id FROM sbtest4 WHERE id BETWEEN 4570702 AND 4570802
	Index Only Scan using sbtest4_pkey on sbtest4  (cost=0.43..6.42 rows=99 width=4)
	  Index Cond: ((id >= 4570702) AND (id <= 4570802))

table 5 : explain SELECT id FROM sbtest5 WHERE id BETWEEN 4570702 AND 4570802
	Index Only Scan using sbtest5_pkey on sbtest5  (cost=0.43..6.37 rows=97 width=4)
	  Index Cond: ((id >= 4570702) AND (id <= 4570802))

table 6 : explain SELECT id FROM sbtest6 WHERE id BETWEEN 4570702 AND 4570802
	Index Only Scan using sbtest6_pkey on sbtest6  (cost=0.43..6.27 rows=92 width=4)
	  Index Cond: ((id >= 4570702) AND (id <= 4570802))

table 7 : explain SELECT id FROM sbtest7 WHERE id BETWEEN 4570702 AND 4570802
	Index Only Scan using sbtest7_pkey on sbtest7  (cost=0.43..6.50 rows=103 width=4)
	  Index Cond: ((id >= 4570702) AND (id <= 4570802))

table 8 : explain SELECT id FROM sbtest8 WHERE id BETWEEN 4570702 AND 4570802
	Index Only Scan using sbtest8_pkey on sbtest8  (cost=0.43..6.35 rows=96 width=4)
	  Index Cond: ((id >= 4570702) AND (id <= 4570802))

explain: for range-covered :: explain SELECT id FROM sbtest%d WHERE id BETWEEN 6256336 AND 6256436
explain: for range-covered :: explain SELECT id FROM sbtest%d WHERE id BETWEEN 4570702 AND 4570802
for range-covered
table 1 : explain SELECT id FROM sbtest1 WHERE id BETWEEN 5312645 AND 5312745
	Index Only Scan using sbtest1_pkey on sbtest1  (cost=0.43..6.69 rows=113 width=4)
	  Index Cond: ((id >= 5312645) AND (id <= 5312745))

table 2 : explain SELECT id FROM sbtest2 WHERE id BETWEEN 5312645 AND 5312745
	Index Only Scan using sbtest2_pkey on sbtest2  (cost=0.43..6.43 rows=100 width=4)
	  Index Cond: ((id >= 5312645) AND (id <= 5312745))

table 3 : explain SELECT id FROM sbtest3 WHERE id BETWEEN 5312645 AND 5312745
	Index Only Scan using sbtest3_pkey on sbtest3  (cost=0.43..6.50 rows=103 width=4)
	  Index Cond: ((id >= 5312645) AND (id <= 5312745))

table 4 : explain SELECT id FROM sbtest4 WHERE id BETWEEN 5312645 AND 5312745
	Index Only Scan using sbtest4_pkey on sbtest4  (cost=0.43..6.40 rows=98 width=4)
	  Index Cond: ((id >= 5312645) AND (id <= 5312745))

table 5 : explain SELECT id FROM sbtest5 WHERE id BETWEEN 5312645 AND 5312745
	Index Only Scan using sbtest5_pkey on sbtest5  (cost=0.43..6.63 rows=110 width=4)
	  Index Cond: ((id >= 5312645) AND (id <= 5312745))

table 6 : explain SELECT id FROM sbtest6 WHERE id BETWEEN 5312645 AND 5312745
	Index Only Scan using sbtest6_pkey on sbtest6  (cost=0.43..6.33 rows=95 width=4)
	  Index Cond: ((id >= 5312645) AND (id <= 5312745))

table 7 : explain SELECT id FROM sbtest7 WHERE id BETWEEN 5312645 AND 5312745
	Index Only Scan using sbtest7_pkey on sbtest7  (cost=0.43..6.40 rows=98 width=4)
	  Index Cond: ((id >= 5312645) AND (id <= 5312745))

table 8 : explain SELECT id FROM sbtest8 WHERE id BETWEEN 5312645 AND 5312745
	Index Only Scan using sbtest8_pkey on sbtest8  (cost=0.43..6.56 rows=106 width=4)
	  Index Cond: ((id >= 5312645) AND (id <= 5312745))

for range-covered
table 1 : explain SELECT id FROM sbtest1 WHERE id BETWEEN 4543150 AND 4543250
	Index Only Scan using sbtest1_pkey on sbtest1  (cost=0.43..6.43 rows=100 width=4)
	  Index Cond: ((id >= 4543150) AND (id <= 4543250))

table 2 : explain SELECT id FROM sbtest2 WHERE id BETWEEN 4543150 AND 4543250
	Index Only Scan using sbtest2_pkey on sbtest2  (cost=0.43..6.51 rows=104 width=4)
	  Index Cond: ((id >= 4543150) AND (id <= 4543250))

table 3 : explain SELECT id FROM sbtest3 WHERE id BETWEEN 4543150 AND 4543250
	Index Only Scan using sbtest3_pkey on sbtest3  (cost=0.43..6.50 rows=103 width=4)
	  Index Cond: ((id >= 4543150) AND (id <= 4543250))

table 4 : explain SELECT id FROM sbtest4 WHERE id BETWEEN 4543150 AND 4543250
	Index Only Scan using sbtest4_pkey on sbtest4  (cost=0.43..6.42 rows=99 width=4)
	  Index Cond: ((id >= 4543150) AND (id <= 4543250))

table 5 : explain SELECT id FROM sbtest5 WHERE id BETWEEN 4543150 AND 4543250
	Index Only Scan using sbtest5_pkey on sbtest5  (cost=0.43..6.37 rows=97 width=4)
	  Index Cond: ((id >= 4543150) AND (id <= 4543250))

table 6 : explain SELECT id FROM sbtest6 WHERE id BETWEEN 4543150 AND 4543250
	Index Only Scan using sbtest6_pkey on sbtest6  (cost=0.43..6.53 rows=105 width=4)
	  Index Cond: ((id >= 4543150) AND (id <= 4543250))

table 7 : explain SELECT id FROM sbtest7 WHERE id BETWEEN 4543150 AND 4543250
	Index Only Scan using sbtest7_pkey on sbtest7  (cost=0.43..6.50 rows=103 width=4)
	  Index Cond: ((id >= 4543150) AND (id <= 4543250))

table 8 : explain SELECT id FROM sbtest8 WHERE id BETWEEN 4543150 AND 4543250
	Index Only Scan using sbtest8_pkey on sbtest8  (cost=0.43..6.35 rows=96 width=4)
	  Index Cond: ((id >= 4543150) AND (id <= 4543250))

explain: for range-covered :: explain SELECT id FROM sbtest%d WHERE id BETWEEN 4543150 AND 4543250
for range-covered
table 1 : explain SELECT id FROM sbtest1 WHERE id BETWEEN 4121581 AND 4121681
	Index Only Scan using sbtest1_pkey on sbtest1  (cost=0.43..6.50 rows=103 width=4)
	  Index Cond: ((id >= 4121581) AND (id <= 4121681))

table 2 : explain SELECT id FROM sbtest2 WHERE id BETWEEN 4121581 AND 4121681
	Index Only Scan using sbtest2_pkey on sbtest2  (cost=0.43..6.61 rows=109 width=4)
	  Index Cond: ((id >= 4121581) AND (id <= 4121681))

table 3 : explain SELECT id FROM sbtest3 WHERE id BETWEEN 4121581 AND 4121681
	Index Only Scan using sbtest3_pkey on sbtest3  (cost=0.43..6.61 rows=109 width=4)
	  Index Cond: ((id >= 4121581) AND (id <= 4121681))

table 4 : explain SELECT id FROM sbtest4 WHERE id BETWEEN 4121581 AND 4121681
	Index Only Scan using sbtest4_pkey on sbtest4  (cost=0.43..6.32 rows=94 width=4)
	  Index Cond: ((id >= 4121581) AND (id <= 4121681))

table 5 : explain SELECT id FROM sbtest5 WHERE id BETWEEN 4121581 AND 4121681
	Index Only Scan using sbtest5_pkey on sbtest5  (cost=0.43..6.33 rows=95 width=4)
	  Index Cond: ((id >= 4121581) AND (id <= 4121681))

table 6 : explain SELECT id FROM sbtest6 WHERE id BETWEEN 4121581 AND 4121681
	Index Only Scan using sbtest6_pkey on sbtest6  (cost=0.43..6.33 rows=95 width=4)
	  Index Cond: ((id >= 4121581) AND (id <= 4121681))

table 7 : explain SELECT id FROM sbtest7 WHERE id BETWEEN 4121581 AND 4121681
	Index Only Scan using sbtest7_pkey on sbtest7  (cost=0.43..6.42 rows=99 width=4)
	  Index Cond: ((id >= 4121581) AND (id <= 4121681))

table 8 : explain SELECT id FROM sbtest8 WHERE id BETWEEN 4121581 AND 4121681
	Index Only Scan using sbtest8_pkey on sbtest8  (cost=0.43..6.51 rows=104 width=4)
	  Index Cond: ((id >= 4121581) AND (id <= 4121681))

for range-covered
table 1 : explain SELECT id FROM sbtest1 WHERE id BETWEEN 4570702 AND 4570802
	Index Only Scan using sbtest1_pkey on sbtest1  (cost=0.43..6.59 rows=108 width=4)
	  Index Cond: ((id >= 4570702) AND (id <= 4570802))

table 2 : explain SELECT id FROM sbtest2 WHERE id BETWEEN 4570702 AND 4570802
	Index Only Scan using sbtest2_pkey on sbtest2  (cost=0.43..6.51 rows=104 width=4)
	  Index Cond: ((id >= 4570702) AND (id <= 4570802))

table 3 : explain SELECT id FROM sbtest3 WHERE id BETWEEN 4570702 AND 4570802
	Index Only Scan using sbtest3_pkey on sbtest3  (cost=0.43..6.50 rows=103 width=4)
	  Index Cond: ((id >= 4570702) AND (id <= 4570802))

table 4 : explain SELECT id FROM sbtest4 WHERE id BETWEEN 4570702 AND 4570802
	Index Only Scan using sbtest4_pkey on sbtest4  (cost=0.43..6.42 rows=99 width=4)
	  Index Cond: ((id >= 4570702) AND (id <= 4570802))

table 5 : explain SELECT id FROM sbtest5 WHERE id BETWEEN 4570702 AND 4570802
	Index Only Scan using sbtest5_pkey on sbtest5  (cost=0.43..6.37 rows=97 width=4)
	  Index Cond: ((id >= 4570702) AND (id <= 4570802))

table 6 : explain SELECT id FROM sbtest6 WHERE id BETWEEN 4570702 AND 4570802
	Index Only Scan using sbtest6_pkey on sbtest6  (cost=0.43..6.27 rows=92 width=4)
	  Index Cond: ((id >= 4570702) AND (id <= 4570802))

table 7 : explain SELECT id FROM sbtest7 WHERE id BETWEEN 4570702 AND 4570802
	Index Only Scan using sbtest7_pkey on sbtest7  (cost=0.43..6.50 rows=103 width=4)
	  Index Cond: ((id >= 4570702) AND (id <= 4570802))

table 8 : explain SELECT id FROM sbtest8 WHERE id BETWEEN 4570702 AND 4570802
	Index Only Scan using sbtest8_pkey on sbtest8  (cost=0.43..6.35 rows=96 width=4)
	  Index Cond: ((id >= 4570702) AND (id <= 4570802))

for range-covered
table 1 : explain SELECT id FROM sbtest1 WHERE id BETWEEN 1489293 AND 1489393
	Index Only Scan using sbtest1_pkey on sbtest1  (cost=0.43..6.50 rows=103 width=4)
	  Index Cond: ((id >= 1489293) AND (id <= 1489393))

table 2 : explain SELECT id FROM sbtest2 WHERE id BETWEEN 1489293 AND 1489393
	Index Only Scan using sbtest2_pkey on sbtest2  (cost=0.43..6.45 rows=101 width=4)
	  Index Cond: ((id >= 1489293) AND (id <= 1489393))

table 3 : explain SELECT id FROM sbtest3 WHERE id BETWEEN 1489293 AND 1489393
	Index Only Scan using sbtest3_pkey on sbtest3  (cost=0.43..6.56 rows=106 width=4)
	  Index Cond: ((id >= 1489293) AND (id <= 1489393))

table 4 : explain SELECT id FROM sbtest4 WHERE id BETWEEN 1489293 AND 1489393
	Index Only Scan using sbtest4_pkey on sbtest4  (cost=0.43..6.37 rows=97 width=4)
	  Index Cond: ((id >= 1489293) AND (id <= 1489393))

table 5 : explain SELECT id FROM sbtest5 WHERE id BETWEEN 1489293 AND 1489393
	Index Only Scan using sbtest5_pkey on sbtest5  (cost=0.43..6.50 rows=103 width=4)
	  Index Cond: ((id >= 1489293) AND (id <= 1489393))

table 6 : explain SELECT id FROM sbtest6 WHERE id BETWEEN 1489293 AND 1489393
	Index Only Scan using sbtest6_pkey on sbtest6  (cost=0.43..6.56 rows=106 width=4)
	  Index Cond: ((id >= 1489293) AND (id <= 1489393))

table 7 : explain SELECT id FROM sbtest7 WHERE id BETWEEN 1489293 AND 1489393
	Index Only Scan using sbtest7_pkey on sbtest7  (cost=0.43..6.50 rows=103 width=4)
	  Index Cond: ((id >= 1489293) AND (id <= 1489393))

table 8 : explain SELECT id FROM sbtest8 WHERE id BETWEEN 1489293 AND 1489393
	Index Only Scan using sbtest8_pkey on sbtest8  (cost=0.43..6.40 rows=98 width=4)
	  Index Cond: ((id >= 1489293) AND (id <= 1489393))

for range-covered
table 1 : explain SELECT id FROM sbtest1 WHERE id BETWEEN 4608925 AND 4609025
	Index Only Scan using sbtest1_pkey on sbtest1  (cost=0.43..6.59 rows=108 width=4)
	  Index Cond: ((id >= 4608925) AND (id <= 4609025))

table 2 : explain SELECT id FROM sbtest2 WHERE id BETWEEN 4608925 AND 4609025
	Index Only Scan using sbtest2_pkey on sbtest2  (cost=0.43..6.47 rows=102 width=4)
	  Index Cond: ((id >= 4608925) AND (id <= 4609025))

table 3 : explain SELECT id FROM sbtest3 WHERE id BETWEEN 4608925 AND 4609025
	Index Only Scan using sbtest3_pkey on sbtest3  (cost=0.43..6.51 rows=104 width=4)
	  Index Cond: ((id >= 4608925) AND (id <= 4609025))

table 4 : explain SELECT id FROM sbtest4 WHERE id BETWEEN 4608925 AND 4609025
	Index Only Scan using sbtest4_pkey on sbtest4  (cost=0.43..6.43 rows=100 width=4)
	  Index Cond: ((id >= 4608925) AND (id <= 4609025))

table 5 : explain SELECT id FROM sbtest5 WHERE id BETWEEN 4608925 AND 4609025
	Index Only Scan using sbtest5_pkey on sbtest5  (cost=0.43..6.67 rows=112 width=4)
	  Index Cond: ((id >= 4608925) AND (id <= 4609025))

table 6 : explain SELECT id FROM sbtest6 WHERE id BETWEEN 4608925 AND 4609025
	Index Only Scan using sbtest6_pkey on sbtest6  (cost=0.43..6.27 rows=92 width=4)
	  Index Cond: ((id >= 4608925) AND (id <= 4609025))

table 7 : explain SELECT id FROM sbtest7 WHERE id BETWEEN 4608925 AND 4609025
	Index Only Scan using sbtest7_pkey on sbtest7  (cost=0.43..6.51 rows=104 width=4)
	  Index Cond: ((id >= 4608925) AND (id <= 4609025))

table 8 : explain SELECT id FROM sbtest8 WHERE id BETWEEN 4608925 AND 4609025
	Index Only Scan using sbtest8_pkey on sbtest8  (cost=0.43..6.35 rows=96 width=4)
	  Index Cond: ((id >= 4608925) AND (id <= 4609025))

explain: for range-covered :: explain SELECT id FROM sbtest%d WHERE id BETWEEN 4570702 AND 4570802
explain: for range-covered :: explain SELECT id FROM sbtest%d WHERE id BETWEEN 4608925 AND 4609025
explain: for range-covered :: explain SELECT id FROM sbtest%d WHERE id BETWEEN 1489293 AND 1489393
for range-covered
table 1 : explain SELECT id FROM sbtest1 WHERE id BETWEEN 4543150 AND 4543250
	Index Only Scan using sbtest1_pkey on sbtest1  (cost=0.43..6.43 rows=100 width=4)
	  Index Cond: ((id >= 4543150) AND (id <= 4543250))

table 2 : explain SELECT id FROM sbtest2 WHERE id BETWEEN 4543150 AND 4543250
	Index Only Scan using sbtest2_pkey on sbtest2  (cost=0.43..6.51 rows=104 width=4)
	  Index Cond: ((id >= 4543150) AND (id <= 4543250))

table 3 : explain SELECT id FROM sbtest3 WHERE id BETWEEN 4543150 AND 4543250
	Index Only Scan using sbtest3_pkey on sbtest3  (cost=0.43..6.50 rows=103 width=4)
	  Index Cond: ((id >= 4543150) AND (id <= 4543250))

table 4 : explain SELECT id FROM sbtest4 WHERE id BETWEEN 4543150 AND 4543250
	Index Only Scan using sbtest4_pkey on sbtest4  (cost=0.43..6.42 rows=99 width=4)
	  Index Cond: ((id >= 4543150) AND (id <= 4543250))

table 5 : explain SELECT id FROM sbtest5 WHERE id BETWEEN 4543150 AND 4543250
	Index Only Scan using sbtest5_pkey on sbtest5  (cost=0.43..6.37 rows=97 width=4)
	  Index Cond: ((id >= 4543150) AND (id <= 4543250))

table 6 : explain SELECT id FROM sbtest6 WHERE id BETWEEN 4543150 AND 4543250
	Index Only Scan using sbtest6_pkey on sbtest6  (cost=0.43..6.53 rows=105 width=4)
	  Index Cond: ((id >= 4543150) AND (id <= 4543250))

table 7 : explain SELECT id FROM sbtest7 WHERE id BETWEEN 4543150 AND 4543250
	Index Only Scan using sbtest7_pkey on sbtest7  (cost=0.43..6.50 rows=103 width=4)
	  Index Cond: ((id >= 4543150) AND (id <= 4543250))

table 8 : explain SELECT id FROM sbtest8 WHERE id BETWEEN 4543150 AND 4543250
	Index Only Scan using sbtest8_pkey on sbtest8  (cost=0.43..6.35 rows=96 width=4)
	  Index Cond: ((id >= 4543150) AND (id <= 4543250))

explain: for range-covered :: explain SELECT id FROM sbtest%d WHERE id BETWEEN 4543150 AND 4543250
for range-covered
table 1 : explain SELECT id FROM sbtest1 WHERE id BETWEEN 3757658 AND 3757758
	Index Only Scan using sbtest1_pkey on sbtest1  (cost=0.43..6.42 rows=99 width=4)
	  Index Cond: ((id >= 3757658) AND (id <= 3757758))

table 2 : explain SELECT id FROM sbtest2 WHERE id BETWEEN 3757658 AND 3757758
	Index Only Scan using sbtest2_pkey on sbtest2  (cost=0.43..6.67 rows=112 width=4)
	  Index Cond: ((id >= 3757658) AND (id <= 3757758))

table 3 : explain SELECT id FROM sbtest3 WHERE id BETWEEN 3757658 AND 3757758
	Index Only Scan using sbtest3_pkey on sbtest3  (cost=0.43..6.56 rows=106 width=4)
	  Index Cond: ((id >= 3757658) AND (id <= 3757758))

table 4 : explain SELECT id FROM sbtest4 WHERE id BETWEEN 3757658 AND 3757758
	Index Only Scan using sbtest4_pkey on sbtest4  (cost=0.43..6.74 rows=115 width=4)
	  Index Cond: ((id >= 3757658) AND (id <= 3757758))

table 5 : explain SELECT id FROM sbtest5 WHERE id BETWEEN 3757658 AND 3757758
	Index Only Scan using sbtest5_pkey on sbtest5  (cost=0.43..6.66 rows=111 width=4)
	  Index Cond: ((id >= 3757658) AND (id <= 3757758))

table 6 : explain SELECT id FROM sbtest6 WHERE id BETWEEN 3757658 AND 3757758
	Index Only Scan using sbtest6_pkey on sbtest6  (cost=0.43..6.40 rows=98 width=4)
	  Index Cond: ((id >= 3757658) AND (id <= 3757758))

table 7 : explain SELECT id FROM sbtest7 WHERE id BETWEEN 3757658 AND 3757758
	Index Only Scan using sbtest7_pkey on sbtest7  (cost=0.43..6.21 rows=89 width=4)
	  Index Cond: ((id >= 3757658) AND (id <= 3757758))

table 8 : explain SELECT id FROM sbtest8 WHERE id BETWEEN 3757658 AND 3757758
	Index Only Scan using sbtest8_pkey on sbtest8  (cost=0.43..6.37 rows=97 width=4)
	  Index Cond: ((id >= 3757658) AND (id <= 3757758))

explain: for range-covered :: explain SELECT id FROM sbtest%d WHERE id BETWEEN 3757658 AND 3757758
for range-covered
table 1 : explain SELECT id FROM sbtest1 WHERE id BETWEEN 2637755 AND 2637855
	Index Only Scan using sbtest1_pkey on sbtest1  (cost=0.43..6.50 rows=103 width=4)
	  Index Cond: ((id >= 2637755) AND (id <= 2637855))

table 2 : explain SELECT id FROM sbtest2 WHERE id BETWEEN 2637755 AND 2637855
	Index Only Scan using sbtest2_pkey on sbtest2  (cost=0.43..6.37 rows=97 width=4)
	  Index Cond: ((id >= 2637755) AND (id <= 2637855))

table 3 : explain SELECT id FROM sbtest3 WHERE id BETWEEN 2637755 AND 2637855
	Index Only Scan using sbtest3_pkey on sbtest3  (cost=0.43..6.53 rows=105 width=4)
	  Index Cond: ((id >= 2637755) AND (id <= 2637855))

table 4 : explain SELECT id FROM sbtest4 WHERE id BETWEEN 2637755 AND 2637855
	Index Only Scan using sbtest4_pkey on sbtest4  (cost=0.43..6.63 rows=110 width=4)
	  Index Cond: ((id >= 2637755) AND (id <= 2637855))

table 5 : explain SELECT id FROM sbtest5 WHERE id BETWEEN 2637755 AND 2637855
	Index Only Scan using sbtest5_pkey on sbtest5  (cost=0.43..6.33 rows=95 width=4)
	  Index Cond: ((id >= 2637755) AND (id <= 2637855))

table 6 : explain SELECT id FROM sbtest6 WHERE id BETWEEN 2637755 AND 2637855
	Index Only Scan using sbtest6_pkey on sbtest6  (cost=0.43..6.29 rows=93 width=4)
	  Index Cond: ((id >= 2637755) AND (id <= 2637855))

table 7 : explain SELECT id FROM sbtest7 WHERE id BETWEEN 2637755 AND 2637855
	Index Only Scan using sbtest7_pkey on sbtest7  (cost=0.43..6.47 rows=102 width=4)
	  Index Cond: ((id >= 2637755) AND (id <= 2637855))

table 8 : explain SELECT id FROM sbtest8 WHERE id BETWEEN 2637755 AND 2637855
	Index Only Scan using sbtest8_pkey on sbtest8  (cost=0.43..6.33 rows=95 width=4)
	  Index Cond: ((id >= 2637755) AND (id <= 2637855))

for range-covered
table 1 : explain SELECT id FROM sbtest1 WHERE id BETWEEN 2362159 AND 2362259
	Index Only Scan using sbtest1_pkey on sbtest1  (cost=0.43..6.53 rows=105 width=4)
	  Index Cond: ((id >= 2362159) AND (id <= 2362259))

table 2 : explain SELECT id FROM sbtest2 WHERE id BETWEEN 2362159 AND 2362259
	Index Only Scan using sbtest2_pkey on sbtest2  (cost=0.43..6.42 rows=99 width=4)
	  Index Cond: ((id >= 2362159) AND (id <= 2362259))

table 3 : explain SELECT id FROM sbtest3 WHERE id BETWEEN 2362159 AND 2362259
	Index Only Scan using sbtest3_pkey on sbtest3  (cost=0.43..6.32 rows=94 width=4)
	  Index Cond: ((id >= 2362159) AND (id <= 2362259))

table 4 : explain SELECT id FROM sbtest4 WHERE id BETWEEN 2362159 AND 2362259
	Index Only Scan using sbtest4_pkey on sbtest4  (cost=0.43..6.42 rows=99 width=4)
	  Index Cond: ((id >= 2362159) AND (id <= 2362259))

table 5 : explain SELECT id FROM sbtest5 WHERE id BETWEEN 2362159 AND 2362259
	Index Only Scan using sbtest5_pkey on sbtest5  (cost=0.43..6.32 rows=94 width=4)
	  Index Cond: ((id >= 2362159) AND (id <= 2362259))

table 6 : explain SELECT id FROM sbtest6 WHERE id BETWEEN 2362159 AND 2362259
	Index Only Scan using sbtest6_pkey on sbtest6  (cost=0.43..6.32 rows=94 width=4)
	  Index Cond: ((id >= 2362159) AND (id <= 2362259))

table 7 : explain SELECT id FROM sbtest7 WHERE id BETWEEN 2362159 AND 2362259
	Index Only Scan using sbtest7_pkey on sbtest7  (cost=0.43..6.47 rows=102 width=4)
	  Index Cond: ((id >= 2362159) AND (id <= 2362259))

table 8 : explain SELECT id FROM sbtest8 WHERE id BETWEEN 2362159 AND 2362259
	Index Only Scan using sbtest8_pkey on sbtest8  (cost=0.43..6.45 rows=101 width=4)
	  Index Cond: ((id >= 2362159) AND (id <= 2362259))

explain: for range-covered :: explain SELECT id FROM sbtest%d WHERE id BETWEEN 2362159 AND 2362259
explain: for range-covered :: explain SELECT id FROM sbtest%d WHERE id BETWEEN 2637755 AND 2637855
for range-covered
table 1 : explain SELECT id FROM sbtest1 WHERE id BETWEEN 4570702 AND 4570802
	Index Only Scan using sbtest1_pkey on sbtest1  (cost=0.43..6.59 rows=108 width=4)
	  Index Cond: ((id >= 4570702) AND (id <= 4570802))

table 2 : explain SELECT id FROM sbtest2 WHERE id BETWEEN 4570702 AND 4570802
	Index Only Scan using sbtest2_pkey on sbtest2  (cost=0.43..6.51 rows=104 width=4)
	  Index Cond: ((id >= 4570702) AND (id <= 4570802))

table 3 : explain SELECT id FROM sbtest3 WHERE id BETWEEN 4570702 AND 4570802
	Index Only Scan using sbtest3_pkey on sbtest3  (cost=0.43..6.50 rows=103 width=4)
	  Index Cond: ((id >= 4570702) AND (id <= 4570802))

table 4 : explain SELECT id FROM sbtest4 WHERE id BETWEEN 4570702 AND 4570802
	Index Only Scan using sbtest4_pkey on sbtest4  (cost=0.43..6.42 rows=99 width=4)
	  Index Cond: ((id >= 4570702) AND (id <= 4570802))

table 5 : explain SELECT id FROM sbtest5 WHERE id BETWEEN 4570702 AND 4570802
	Index Only Scan using sbtest5_pkey on sbtest5  (cost=0.43..6.37 rows=97 width=4)
	  Index Cond: ((id >= 4570702) AND (id <= 4570802))

table 6 : explain SELECT id FROM sbtest6 WHERE id BETWEEN 4570702 AND 4570802
	Index Only Scan using sbtest6_pkey on sbtest6  (cost=0.43..6.27 rows=92 width=4)
	  Index Cond: ((id >= 4570702) AND (id <= 4570802))

table 7 : explain SELECT id FROM sbtest7 WHERE id BETWEEN 4570702 AND 4570802
	Index Only Scan using sbtest7_pkey on sbtest7  (cost=0.43..6.50 rows=103 width=4)
	  Index Cond: ((id >= 4570702) AND (id <= 4570802))

table 8 : explain SELECT id FROM sbtest8 WHERE id BETWEEN 4570702 AND 4570802
	Index Only Scan using sbtest8_pkey on sbtest8  (cost=0.43..6.35 rows=96 width=4)
	  Index Cond: ((id >= 4570702) AND (id <= 4570802))

for range-covered
table 1 : explain SELECT id FROM sbtest1 WHERE id BETWEEN 4543150 AND 4543250
	Index Only Scan using sbtest1_pkey on sbtest1  (cost=0.43..6.43 rows=100 width=4)
	  Index Cond: ((id >= 4543150) AND (id <= 4543250))

table 2 : explain SELECT id FROM sbtest2 WHERE id BETWEEN 4543150 AND 4543250
	Index Only Scan using sbtest2_pkey on sbtest2  (cost=0.43..6.51 rows=104 width=4)
	  Index Cond: ((id >= 4543150) AND (id <= 4543250))

table 3 : explain SELECT id FROM sbtest3 WHERE id BETWEEN 4543150 AND 4543250
	Index Only Scan using sbtest3_pkey on sbtest3  (cost=0.43..6.50 rows=103 width=4)
	  Index Cond: ((id >= 4543150) AND (id <= 4543250))

table 4 : explain SELECT id FROM sbtest4 WHERE id BETWEEN 4543150 AND 4543250
	Index Only Scan using sbtest4_pkey on sbtest4  (cost=0.43..6.42 rows=99 width=4)
	  Index Cond: ((id >= 4543150) AND (id <= 4543250))

table 5 : explain SELECT id FROM sbtest5 WHERE id BETWEEN 4543150 AND 4543250
	Index Only Scan using sbtest5_pkey on sbtest5  (cost=0.43..6.37 rows=97 width=4)
	  Index Cond: ((id >= 4543150) AND (id <= 4543250))

table 6 : explain SELECT id FROM sbtest6 WHERE id BETWEEN 4543150 AND 4543250
	Index Only Scan using sbtest6_pkey on sbtest6  (cost=0.43..6.53 rows=105 width=4)
	  Index Cond: ((id >= 4543150) AND (id <= 4543250))

table 7 : explain SELECT id FROM sbtest7 WHERE id BETWEEN 4543150 AND 4543250
	Index Only Scan using sbtest7_pkey on sbtest7  (cost=0.43..6.50 rows=103 width=4)
	  Index Cond: ((id >= 4543150) AND (id <= 4543250))

table 8 : explain SELECT id FROM sbtest8 WHERE id BETWEEN 4543150 AND 4543250
	Index Only Scan using sbtest8_pkey on sbtest8  (cost=0.43..6.35 rows=96 width=4)
	  Index Cond: ((id >= 4543150) AND (id <= 4543250))

explain: for range-covered :: explain SELECT id FROM sbtest%d WHERE id BETWEEN 4570702 AND 4570802
explain: for range-covered :: explain SELECT id FROM sbtest%d WHERE id BETWEEN 4543150 AND 4543250
for range-covered
table 1 : explain SELECT id FROM sbtest1 WHERE id BETWEEN 3757658 AND 3757758
	Index Only Scan using sbtest1_pkey on sbtest1  (cost=0.43..6.42 rows=99 width=4)
	  Index Cond: ((id >= 3757658) AND (id <= 3757758))

table 2 : explain SELECT id FROM sbtest2 WHERE id BETWEEN 3757658 AND 3757758
	Index Only Scan using sbtest2_pkey on sbtest2  (cost=0.43..6.67 rows=112 width=4)
	  Index Cond: ((id >= 3757658) AND (id <= 3757758))

table 3 : explain SELECT id FROM sbtest3 WHERE id BETWEEN 3757658 AND 3757758
	Index Only Scan using sbtest3_pkey on sbtest3  (cost=0.43..6.56 rows=106 width=4)
	  Index Cond: ((id >= 3757658) AND (id <= 3757758))

table 4 : explain SELECT id FROM sbtest4 WHERE id BETWEEN 3757658 AND 3757758
	Index Only Scan using sbtest4_pkey on sbtest4  (cost=0.43..6.74 rows=115 width=4)
	  Index Cond: ((id >= 3757658) AND (id <= 3757758))

table 5 : explain SELECT id FROM sbtest5 WHERE id BETWEEN 3757658 AND 3757758
	Index Only Scan using sbtest5_pkey on sbtest5  (cost=0.43..6.66 rows=111 width=4)
	  Index Cond: ((id >= 3757658) AND (id <= 3757758))

table 6 : explain SELECT id FROM sbtest6 WHERE id BETWEEN 3757658 AND 3757758
	Index Only Scan using sbtest6_pkey on sbtest6  (cost=0.43..6.40 rows=98 width=4)
	  Index Cond: ((id >= 3757658) AND (id <= 3757758))

table 7 : explain SELECT id FROM sbtest7 WHERE id BETWEEN 3757658 AND 3757758
	Index Only Scan using sbtest7_pkey on sbtest7  (cost=0.43..6.21 rows=89 width=4)
	  Index Cond: ((id >= 3757658) AND (id <= 3757758))

table 8 : explain SELECT id FROM sbtest8 WHERE id BETWEEN 3757658 AND 3757758
	Index Only Scan using sbtest8_pkey on sbtest8  (cost=0.43..6.37 rows=97 width=4)
	  Index Cond: ((id >= 3757658) AND (id <= 3757758))

for range-covered
table 1 : explain SELECT id FROM sbtest1 WHERE id BETWEEN 4804386 AND 4804486
	Index Only Scan using sbtest1_pkey on sbtest1  (cost=0.43..6.51 rows=104 width=4)
	  Index Cond: ((id >= 4804386) AND (id <= 4804486))

table 2 : explain SELECT id FROM sbtest2 WHERE id BETWEEN 4804386 AND 4804486
	Index Only Scan using sbtest2_pkey on sbtest2  (cost=0.43..6.40 rows=98 width=4)
	  Index Cond: ((id >= 4804386) AND (id <= 4804486))

table 3 : explain SELECT id FROM sbtest3 WHERE id BETWEEN 4804386 AND 4804486
	Index Only Scan using sbtest3_pkey on sbtest3  (cost=0.43..6.43 rows=100 width=4)
	  Index Cond: ((id >= 4804386) AND (id <= 4804486))

table 4 : explain SELECT id FROM sbtest4 WHERE id BETWEEN 4804386 AND 4804486
	Index Only Scan using sbtest4_pkey on sbtest4  (cost=0.43..6.32 rows=94 width=4)
	  Index Cond: ((id >= 4804386) AND (id <= 4804486))

table 5 : explain SELECT id FROM sbtest5 WHERE id BETWEEN 4804386 AND 4804486
	Index Only Scan using sbtest5_pkey on sbtest5  (cost=0.43..6.51 rows=104 width=4)
	  Index Cond: ((id >= 4804386) AND (id <= 4804486))

table 6 : explain SELECT id FROM sbtest6 WHERE id BETWEEN 4804386 AND 4804486
	Index Only Scan using sbtest6_pkey on sbtest6  (cost=0.43..6.59 rows=108 width=4)
	  Index Cond: ((id >= 4804386) AND (id <= 4804486))

table 7 : explain SELECT id FROM sbtest7 WHERE id BETWEEN 4804386 AND 4804486
	Index Only Scan using sbtest7_pkey on sbtest7  (cost=0.43..6.51 rows=104 width=4)
	  Index Cond: ((id >= 4804386) AND (id <= 4804486))

table 8 : explain SELECT id FROM sbtest8 WHERE id BETWEEN 4804386 AND 4804486
	Index Only Scan using sbtest8_pkey on sbtest8  (cost=0.43..6.58 rows=107 width=4)
	  Index Cond: ((id >= 4804386) AND (id <= 4804486))

for range-covered
table 1 : explain SELECT id FROM sbtest1 WHERE id BETWEEN 4005128 AND 4005228
	Index Only Scan using sbtest1_pkey on sbtest1  (cost=0.43..6.42 rows=99 width=4)
	  Index Cond: ((id >= 4005128) AND (id <= 4005228))

table 2 : explain SELECT id FROM sbtest2 WHERE id BETWEEN 4005128 AND 4005228
	Index Only Scan using sbtest2_pkey on sbtest2  (cost=0.43..6.51 rows=104 width=4)
	  Index Cond: ((id >= 4005128) AND (id <= 4005228))

table 3 : explain SELECT id FROM sbtest3 WHERE id BETWEEN 4005128 AND 4005228
	Index Only Scan using sbtest3_pkey on sbtest3  (cost=0.43..6.53 rows=105 width=4)
	  Index Cond: ((id >= 4005128) AND (id <= 4005228))

table 4 : explain SELECT id FROM sbtest4 WHERE id BETWEEN 4005128 AND 4005228
	Index Only Scan using sbtest4_pkey on sbtest4  (cost=0.43..6.45 rows=101 width=4)
	  Index Cond: ((id >= 4005128) AND (id <= 4005228))

table 5 : explain SELECT id FROM sbtest5 WHERE id BETWEEN 4005128 AND 4005228
	Index Only Scan using sbtest5_pkey on sbtest5  (cost=0.43..6.56 rows=106 width=4)
	  Index Cond: ((id >= 4005128) AND (id <= 4005228))

table 6 : explain SELECT id FROM sbtest6 WHERE id BETWEEN 4005128 AND 4005228
	Index Only Scan using sbtest6_pkey on sbtest6  (cost=0.43..6.61 rows=109 width=4)
	  Index Cond: ((id >= 4005128) AND (id <= 4005228))

table 7 : explain SELECT id FROM sbtest7 WHERE id BETWEEN 4005128 AND 4005228
	Index Only Scan using sbtest7_pkey on sbtest7  (cost=0.43..6.43 rows=100 width=4)
	  Index Cond: ((id >= 4005128) AND (id <= 4005228))

table 8 : explain SELECT id FROM sbtest8 WHERE id BETWEEN 4005128 AND 4005228
	Index Only Scan using sbtest8_pkey on sbtest8  (cost=0.43..6.56 rows=106 width=4)
	  Index Cond: ((id >= 4005128) AND (id <= 4005228))

explain: for range-covered :: explain SELECT id FROM sbtest%d WHERE id BETWEEN 4804386 AND 4804486
for range-covered
table 1 : explain SELECT id FROM sbtest1 WHERE id BETWEEN 6886935 AND 6887035
	Index Only Scan using sbtest1_pkey on sbtest1  (cost=0.43..6.40 rows=98 width=4)
	  Index Cond: ((id >= 6886935) AND (id <= 6887035))

table 2 : explain SELECT id FROM sbtest2 WHERE id BETWEEN 6886935 AND 6887035
	Index Only Scan using sbtest2_pkey on sbtest2  (cost=0.43..6.32 rows=94 width=4)
	  Index Cond: ((id >= 6886935) AND (id <= 6887035))

table 3 : explain SELECT id FROM sbtest3 WHERE id BETWEEN 6886935 AND 6887035
	Index Only Scan using sbtest3_pkey on sbtest3  (cost=0.43..6.56 rows=106 width=4)
	  Index Cond: ((id >= 6886935) AND (id <= 6887035))

table 4 : explain SELECT id FROM sbtest4 WHERE id BETWEEN 6886935 AND 6887035
	Index Only Scan using sbtest4_pkey on sbtest4  (cost=0.43..6.32 rows=94 width=4)
	  Index Cond: ((id >= 6886935) AND (id <= 6887035))

table 5 : explain SELECT id FROM sbtest5 WHERE id BETWEEN 6886935 AND 6887035
	Index Only Scan using sbtest5_pkey on sbtest5  (cost=0.43..6.29 rows=93 width=4)
	  Index Cond: ((id >= 6886935) AND (id <= 6887035))

table 6 : explain SELECT id FROM sbtest6 WHERE id BETWEEN 6886935 AND 6887035
	Index Only Scan using sbtest6_pkey on sbtest6  (cost=0.43..6.45 rows=101 width=4)
	  Index Cond: ((id >= 6886935) AND (id <= 6887035))

table 7 : explain SELECT id FROM sbtest7 WHERE id BETWEEN 6886935 AND 6887035
	Index Only Scan using sbtest7_pkey on sbtest7  (cost=0.43..6.40 rows=98 width=4)
	  Index Cond: ((id >= 6886935) AND (id <= 6887035))

table 8 : explain SELECT id FROM sbtest8 WHERE id BETWEEN 6886935 AND 6887035
	Index Only Scan using sbtest8_pkey on sbtest8  (cost=0.43..6.51 rows=104 width=4)
	  Index Cond: ((id >= 6886935) AND (id <= 6887035))

explain: for range-covered :: explain SELECT id FROM sbtest%d WHERE id BETWEEN 3757658 AND 3757758
explain: for range-covered :: explain SELECT id FROM sbtest%d WHERE id BETWEEN 4005128 AND 4005228
for range-covered
table 1 : explain SELECT id FROM sbtest1 WHERE id BETWEEN 2362159 AND 2362259
	Index Only Scan using sbtest1_pkey on sbtest1  (cost=0.43..6.53 rows=105 width=4)
	  Index Cond: ((id >= 2362159) AND (id <= 2362259))

table 2 : explain SELECT id FROM sbtest2 WHERE id BETWEEN 2362159 AND 2362259
	Index Only Scan using sbtest2_pkey on sbtest2  (cost=0.43..6.42 rows=99 width=4)
	  Index Cond: ((id >= 2362159) AND (id <= 2362259))

table 3 : explain SELECT id FROM sbtest3 WHERE id BETWEEN 2362159 AND 2362259
	Index Only Scan using sbtest3_pkey on sbtest3  (cost=0.43..6.32 rows=94 width=4)
	  Index Cond: ((id >= 2362159) AND (id <= 2362259))

table 4 : explain SELECT id FROM sbtest4 WHERE id BETWEEN 2362159 AND 2362259
	Index Only Scan using sbtest4_pkey on sbtest4  (cost=0.43..6.42 rows=99 width=4)
	  Index Cond: ((id >= 2362159) AND (id <= 2362259))

table 5 : explain SELECT id FROM sbtest5 WHERE id BETWEEN 2362159 AND 2362259
	Index Only Scan using sbtest5_pkey on sbtest5  (cost=0.43..6.32 rows=94 width=4)
	  Index Cond: ((id >= 2362159) AND (id <= 2362259))

table 6 : explain SELECT id FROM sbtest6 WHERE id BETWEEN 2362159 AND 2362259
	Index Only Scan using sbtest6_pkey on sbtest6  (cost=0.43..6.32 rows=94 width=4)
	  Index Cond: ((id >= 2362159) AND (id <= 2362259))

table 7 : explain SELECT id FROM sbtest7 WHERE id BETWEEN 2362159 AND 2362259
	Index Only Scan using sbtest7_pkey on sbtest7  (cost=0.43..6.47 rows=102 width=4)
	  Index Cond: ((id >= 2362159) AND (id <= 2362259))

table 8 : explain SELECT id FROM sbtest8 WHERE id BETWEEN 2362159 AND 2362259
	Index Only Scan using sbtest8_pkey on sbtest8  (cost=0.43..6.45 rows=101 width=4)
	  Index Cond: ((id >= 2362159) AND (id <= 2362259))

for range-covered
table 1 : explain SELECT id FROM sbtest1 WHERE id BETWEEN 1489293 AND 1489393
	Index Only Scan using sbtest1_pkey on sbtest1  (cost=0.43..6.50 rows=103 width=4)
	  Index Cond: ((id >= 1489293) AND (id <= 1489393))

table 2 : explain SELECT id FROM sbtest2 WHERE id BETWEEN 1489293 AND 1489393
	Index Only Scan using sbtest2_pkey on sbtest2  (cost=0.43..6.45 rows=101 width=4)
	  Index Cond: ((id >= 1489293) AND (id <= 1489393))

table 3 : explain SELECT id FROM sbtest3 WHERE id BETWEEN 1489293 AND 1489393
	Index Only Scan using sbtest3_pkey on sbtest3  (cost=0.43..6.56 rows=106 width=4)
	  Index Cond: ((id >= 1489293) AND (id <= 1489393))

table 4 : explain SELECT id FROM sbtest4 WHERE id BETWEEN 1489293 AND 1489393
	Index Only Scan using sbtest4_pkey on sbtest4  (cost=0.43..6.37 rows=97 width=4)
	  Index Cond: ((id >= 1489293) AND (id <= 1489393))

table 5 : explain SELECT id FROM sbtest5 WHERE id BETWEEN 1489293 AND 1489393
	Index Only Scan using sbtest5_pkey on sbtest5  (cost=0.43..6.50 rows=103 width=4)
	  Index Cond: ((id >= 1489293) AND (id <= 1489393))

table 6 : explain SELECT id FROM sbtest6 WHERE id BETWEEN 1489293 AND 1489393
	Index Only Scan using sbtest6_pkey on sbtest6  (cost=0.43..6.56 rows=106 width=4)
	  Index Cond: ((id >= 1489293) AND (id <= 1489393))

table 7 : explain SELECT id FROM sbtest7 WHERE id BETWEEN 1489293 AND 1489393
	Index Only Scan using sbtest7_pkey on sbtest7  (cost=0.43..6.50 rows=103 width=4)
	  Index Cond: ((id >= 1489293) AND (id <= 1489393))

table 8 : explain SELECT id FROM sbtest8 WHERE id BETWEEN 1489293 AND 1489393
	Index Only Scan using sbtest8_pkey on sbtest8  (cost=0.43..6.40 rows=98 width=4)
	  Index Cond: ((id >= 1489293) AND (id <= 1489393))

explain: for range-covered :: explain SELECT id FROM sbtest%d WHERE id BETWEEN 5081211 AND 5081311
explain: for range-covered :: explain SELECT id FROM sbtest%d WHERE id BETWEEN 2362159 AND 2362259
explain: for range-covered :: explain SELECT id FROM sbtest%d WHERE id BETWEEN 6886935 AND 6887035
for range-covered
table 1 : explain SELECT id FROM sbtest1 WHERE id BETWEEN 4570702 AND 4570802
	Index Only Scan using sbtest1_pkey on sbtest1  (cost=0.43..6.59 rows=108 width=4)
	  Index Cond: ((id >= 4570702) AND (id <= 4570802))

table 2 : explain SELECT id FROM sbtest2 WHERE id BETWEEN 4570702 AND 4570802
	Index Only Scan using sbtest2_pkey on sbtest2  (cost=0.43..6.51 rows=104 width=4)
	  Index Cond: ((id >= 4570702) AND (id <= 4570802))

table 3 : explain SELECT id FROM sbtest3 WHERE id BETWEEN 4570702 AND 4570802
	Index Only Scan using sbtest3_pkey on sbtest3  (cost=0.43..6.50 rows=103 width=4)
	  Index Cond: ((id >= 4570702) AND (id <= 4570802))

table 4 : explain SELECT id FROM sbtest4 WHERE id BETWEEN 4570702 AND 4570802
	Index Only Scan using sbtest4_pkey on sbtest4  (cost=0.43..6.42 rows=99 width=4)
	  Index Cond: ((id >= 4570702) AND (id <= 4570802))

table 5 : explain SELECT id FROM sbtest5 WHERE id BETWEEN 4570702 AND 4570802
	Index Only Scan using sbtest5_pkey on sbtest5  (cost=0.43..6.37 rows=97 width=4)
	  Index Cond: ((id >= 4570702) AND (id <= 4570802))

table 6 : explain SELECT id FROM sbtest6 WHERE id BETWEEN 4570702 AND 4570802
	Index Only Scan using sbtest6_pkey on sbtest6  (cost=0.43..6.27 rows=92 width=4)
	  Index Cond: ((id >= 4570702) AND (id <= 4570802))

table 7 : explain SELECT id FROM sbtest7 WHERE id BETWEEN 4570702 AND 4570802
	Index Only Scan using sbtest7_pkey on sbtest7  (cost=0.43..6.50 rows=103 width=4)
	  Index Cond: ((id >= 4570702) AND (id <= 4570802))

table 8 : explain SELECT id FROM sbtest8 WHERE id BETWEEN 4570702 AND 4570802
	Index Only Scan using sbtest8_pkey on sbtest8  (cost=0.43..6.35 rows=96 width=4)
	  Index Cond: ((id >= 4570702) AND (id <= 4570802))

for range-covered
table 1 : explain SELECT id FROM sbtest1 WHERE id BETWEEN 4543150 AND 4543250
	Index Only Scan using sbtest1_pkey on sbtest1  (cost=0.43..6.43 rows=100 width=4)
	  Index Cond: ((id >= 4543150) AND (id <= 4543250))

table 2 : explain SELECT id FROM sbtest2 WHERE id BETWEEN 4543150 AND 4543250
	Index Only Scan using sbtest2_pkey on sbtest2  (cost=0.43..6.51 rows=104 width=4)
	  Index Cond: ((id >= 4543150) AND (id <= 4543250))

table 3 : explain SELECT id FROM sbtest3 WHERE id BETWEEN 4543150 AND 4543250
	Index Only Scan using sbtest3_pkey on sbtest3  (cost=0.43..6.50 rows=103 width=4)
	  Index Cond: ((id >= 4543150) AND (id <= 4543250))

table 4 : explain SELECT id FROM sbtest4 WHERE id BETWEEN 4543150 AND 4543250
	Index Only Scan using sbtest4_pkey on sbtest4  (cost=0.43..6.42 rows=99 width=4)
	  Index Cond: ((id >= 4543150) AND (id <= 4543250))

table 5 : explain SELECT id FROM sbtest5 WHERE id BETWEEN 4543150 AND 4543250
	Index Only Scan using sbtest5_pkey on sbtest5  (cost=0.43..6.37 rows=97 width=4)
	  Index Cond: ((id >= 4543150) AND (id <= 4543250))

table 6 : explain SELECT id FROM sbtest6 WHERE id BETWEEN 4543150 AND 4543250
	Index Only Scan using sbtest6_pkey on sbtest6  (cost=0.43..6.53 rows=105 width=4)
	  Index Cond: ((id >= 4543150) AND (id <= 4543250))

table 7 : explain SELECT id FROM sbtest7 WHERE id BETWEEN 4543150 AND 4543250
	Index Only Scan using sbtest7_pkey on sbtest7  (cost=0.43..6.50 rows=103 width=4)
	  Index Cond: ((id >= 4543150) AND (id <= 4543250))

table 8 : explain SELECT id FROM sbtest8 WHERE id BETWEEN 4543150 AND 4543250
	Index Only Scan using sbtest8_pkey on sbtest8  (cost=0.43..6.35 rows=96 width=4)
	  Index Cond: ((id >= 4543150) AND (id <= 4543250))

explain: for range-covered :: explain SELECT id FROM sbtest%d WHERE id BETWEEN 1489293 AND 1489393
explain: for range-covered :: explain SELECT id FROM sbtest%d WHERE id BETWEEN 4570702 AND 4570802
explain: for range-covered :: explain SELECT id FROM sbtest%d WHERE id BETWEEN 4543150 AND 4543250
for range-covered
table 1 : explain SELECT id FROM sbtest1 WHERE id BETWEEN 4804386 AND 4804486
	Index Only Scan using sbtest1_pkey on sbtest1  (cost=0.43..6.51 rows=104 width=4)
	  Index Cond: ((id >= 4804386) AND (id <= 4804486))

table 2 : explain SELECT id FROM sbtest2 WHERE id BETWEEN 4804386 AND 4804486
	Index Only Scan using sbtest2_pkey on sbtest2  (cost=0.43..6.40 rows=98 width=4)
	  Index Cond: ((id >= 4804386) AND (id <= 4804486))

table 3 : explain SELECT id FROM sbtest3 WHERE id BETWEEN 4804386 AND 4804486
	Index Only Scan using sbtest3_pkey on sbtest3  (cost=0.43..6.43 rows=100 width=4)
	  Index Cond: ((id >= 4804386) AND (id <= 4804486))

table 4 : explain SELECT id FROM sbtest4 WHERE id BETWEEN 4804386 AND 4804486
	Index Only Scan using sbtest4_pkey on sbtest4  (cost=0.43..6.32 rows=94 width=4)
	  Index Cond: ((id >= 4804386) AND (id <= 4804486))

table 5 : explain SELECT id FROM sbtest5 WHERE id BETWEEN 4804386 AND 4804486
	Index Only Scan using sbtest5_pkey on sbtest5  (cost=0.43..6.51 rows=104 width=4)
	  Index Cond: ((id >= 4804386) AND (id <= 4804486))

table 6 : explain SELECT id FROM sbtest6 WHERE id BETWEEN 4804386 AND 4804486
	Index Only Scan using sbtest6_pkey on sbtest6  (cost=0.43..6.59 rows=108 width=4)
	  Index Cond: ((id >= 4804386) AND (id <= 4804486))

table 7 : explain SELECT id FROM sbtest7 WHERE id BETWEEN 4804386 AND 4804486
	Index Only Scan using sbtest7_pkey on sbtest7  (cost=0.43..6.51 rows=104 width=4)
	  Index Cond: ((id >= 4804386) AND (id <= 4804486))

table 8 : explain SELECT id FROM sbtest8 WHERE id BETWEEN 4804386 AND 4804486
	Index Only Scan using sbtest8_pkey on sbtest8  (cost=0.43..6.58 rows=107 width=4)
	  Index Cond: ((id >= 4804386) AND (id <= 4804486))

for range-covered
table 1 : explain SELECT id FROM sbtest1 WHERE id BETWEEN 3757658 AND 3757758
	Index Only Scan using sbtest1_pkey on sbtest1  (cost=0.43..6.42 rows=99 width=4)
	  Index Cond: ((id >= 3757658) AND (id <= 3757758))

table 2 : explain SELECT id FROM sbtest2 WHERE id BETWEEN 3757658 AND 3757758
	Index Only Scan using sbtest2_pkey on sbtest2  (cost=0.43..6.67 rows=112 width=4)
	  Index Cond: ((id >= 3757658) AND (id <= 3757758))

table 3 : explain SELECT id FROM sbtest3 WHERE id BETWEEN 3757658 AND 3757758
	Index Only Scan using sbtest3_pkey on sbtest3  (cost=0.43..6.56 rows=106 width=4)
	  Index Cond: ((id >= 3757658) AND (id <= 3757758))

table 4 : explain SELECT id FROM sbtest4 WHERE id BETWEEN 3757658 AND 3757758
	Index Only Scan using sbtest4_pkey on sbtest4  (cost=0.43..6.74 rows=115 width=4)
	  Index Cond: ((id >= 3757658) AND (id <= 3757758))

table 5 : explain SELECT id FROM sbtest5 WHERE id BETWEEN 3757658 AND 3757758
	Index Only Scan using sbtest5_pkey on sbtest5  (cost=0.43..6.66 rows=111 width=4)
	  Index Cond: ((id >= 3757658) AND (id <= 3757758))

table 6 : explain SELECT id FROM sbtest6 WHERE id BETWEEN 3757658 AND 3757758
	Index Only Scan using sbtest6_pkey on sbtest6  (cost=0.43..6.40 rows=98 width=4)
	  Index Cond: ((id >= 3757658) AND (id <= 3757758))

table 7 : explain SELECT id FROM sbtest7 WHERE id BETWEEN 3757658 AND 3757758
	Index Only Scan using sbtest7_pkey on sbtest7  (cost=0.43..6.21 rows=89 width=4)
	  Index Cond: ((id >= 3757658) AND (id <= 3757758))

table 8 : explain SELECT id FROM sbtest8 WHERE id BETWEEN 3757658 AND 3757758
	Index Only Scan using sbtest8_pkey on sbtest8  (cost=0.43..6.37 rows=97 width=4)
	  Index Cond: ((id >= 3757658) AND (id <= 3757758))

for range-covered
table 1 : explain SELECT id FROM sbtest1 WHERE id BETWEEN 5216987 AND 5217087
	Index Only Scan using sbtest1_pkey on sbtest1  (cost=0.43..6.37 rows=97 width=4)
	  Index Cond: ((id >= 5216987) AND (id <= 5217087))

table 2 : explain SELECT id FROM sbtest2 WHERE id BETWEEN 5216987 AND 5217087
	Index Only Scan using sbtest2_pkey on sbtest2  (cost=0.43..6.59 rows=108 width=4)
	  Index Cond: ((id >= 5216987) AND (id <= 5217087))

table 3 : explain SELECT id FROM sbtest3 WHERE id BETWEEN 5216987 AND 5217087
	Index Only Scan using sbtest3_pkey on sbtest3  (cost=0.43..6.35 rows=96 width=4)
	  Index Cond: ((id >= 5216987) AND (id <= 5217087))

table 4 : explain SELECT id FROM sbtest4 WHERE id BETWEEN 5216987 AND 5217087
	Index Only Scan using sbtest4_pkey on sbtest4  (cost=0.43..6.40 rows=98 width=4)
	  Index Cond: ((id >= 5216987) AND (id <= 5217087))

table 5 : explain SELECT id FROM sbtest5 WHERE id BETWEEN 5216987 AND 5217087
	Index Only Scan using sbtest5_pkey on sbtest5  (cost=0.43..6.25 rows=91 width=4)
	  Index Cond: ((id >= 5216987) AND (id <= 5217087))

table 6 : explain SELECT id FROM sbtest6 WHERE id BETWEEN 5216987 AND 5217087
	Index Only Scan using sbtest6_pkey on sbtest6  (cost=0.43..6.40 rows=98 width=4)
	  Index Cond: ((id >= 5216987) AND (id <= 5217087))

table 7 : explain SELECT id FROM sbtest7 WHERE id BETWEEN 5216987 AND 5217087
	Index Only Scan using sbtest7_pkey on sbtest7  (cost=0.43..6.45 rows=101 width=4)
	  Index Cond: ((id >= 5216987) AND (id <= 5217087))

table 8 : explain SELECT id FROM sbtest8 WHERE id BETWEEN 5216987 AND 5217087
	Index Only Scan using sbtest8_pkey on sbtest8  (cost=0.43..6.58 rows=107 width=4)
	  Index Cond: ((id >= 5216987) AND (id <= 5217087))

explain: for range-covered :: explain SELECT id FROM sbtest%d WHERE id BETWEEN 4804386 AND 4804486
explain: for range-covered :: explain SELECT id FROM sbtest%d WHERE id BETWEEN 3757658 AND 3757758
explain: for range-covered :: explain SELECT id FROM sbtest%d WHERE id BETWEEN 5216987 AND 5217087
for range-covered
table 1 : explain SELECT id FROM sbtest1 WHERE id BETWEEN 2362159 AND 2362259
	Index Only Scan using sbtest1_pkey on sbtest1  (cost=0.43..6.53 rows=105 width=4)
	  Index Cond: ((id >= 2362159) AND (id <= 2362259))

table 2 : explain SELECT id FROM sbtest2 WHERE id BETWEEN 2362159 AND 2362259
	Index Only Scan using sbtest2_pkey on sbtest2  (cost=0.43..6.42 rows=99 width=4)
	  Index Cond: ((id >= 2362159) AND (id <= 2362259))

table 3 : explain SELECT id FROM sbtest3 WHERE id BETWEEN 2362159 AND 2362259
	Index Only Scan using sbtest3_pkey on sbtest3  (cost=0.43..6.32 rows=94 width=4)
	  Index Cond: ((id >= 2362159) AND (id <= 2362259))

table 4 : explain SELECT id FROM sbtest4 WHERE id BETWEEN 2362159 AND 2362259
	Index Only Scan using sbtest4_pkey on sbtest4  (cost=0.43..6.42 rows=99 width=4)
	  Index Cond: ((id >= 2362159) AND (id <= 2362259))

table 5 : explain SELECT id FROM sbtest5 WHERE id BETWEEN 2362159 AND 2362259
	Index Only Scan using sbtest5_pkey on sbtest5  (cost=0.43..6.32 rows=94 width=4)
	  Index Cond: ((id >= 2362159) AND (id <= 2362259))

table 6 : explain SELECT id FROM sbtest6 WHERE id BETWEEN 2362159 AND 2362259
	Index Only Scan using sbtest6_pkey on sbtest6  (cost=0.43..6.32 rows=94 width=4)
	  Index Cond: ((id >= 2362159) AND (id <= 2362259))

table 7 : explain SELECT id FROM sbtest7 WHERE id BETWEEN 2362159 AND 2362259
	Index Only Scan using sbtest7_pkey on sbtest7  (cost=0.43..6.47 rows=102 width=4)
	  Index Cond: ((id >= 2362159) AND (id <= 2362259))

table 8 : explain SELECT id FROM sbtest8 WHERE id BETWEEN 2362159 AND 2362259
	Index Only Scan using sbtest8_pkey on sbtest8  (cost=0.43..6.45 rows=101 width=4)
	  Index Cond: ((id >= 2362159) AND (id <= 2362259))

for range-covered
table 1 : explain SELECT id FROM sbtest1 WHERE id BETWEEN 2637755 AND 2637855
	Index Only Scan using sbtest1_pkey on sbtest1  (cost=0.43..6.50 rows=103 width=4)
	  Index Cond: ((id >= 2637755) AND (id <= 2637855))

table 2 : explain SELECT id FROM sbtest2 WHERE id BETWEEN 2637755 AND 2637855
	Index Only Scan using sbtest2_pkey on sbtest2  (cost=0.43..6.37 rows=97 width=4)
	  Index Cond: ((id >= 2637755) AND (id <= 2637855))

table 3 : explain SELECT id FROM sbtest3 WHERE id BETWEEN 2637755 AND 2637855
	Index Only Scan using sbtest3_pkey on sbtest3  (cost=0.43..6.53 rows=105 width=4)
	  Index Cond: ((id >= 2637755) AND (id <= 2637855))

table 4 : explain SELECT id FROM sbtest4 WHERE id BETWEEN 2637755 AND 2637855
	Index Only Scan using sbtest4_pkey on sbtest4  (cost=0.43..6.63 rows=110 width=4)
	  Index Cond: ((id >= 2637755) AND (id <= 2637855))

table 5 : explain SELECT id FROM sbtest5 WHERE id BETWEEN 2637755 AND 2637855
	Index Only Scan using sbtest5_pkey on sbtest5  (cost=0.43..6.33 rows=95 width=4)
	  Index Cond: ((id >= 2637755) AND (id <= 2637855))

table 6 : explain SELECT id FROM sbtest6 WHERE id BETWEEN 2637755 AND 2637855
	Index Only Scan using sbtest6_pkey on sbtest6  (cost=0.43..6.29 rows=93 width=4)
	  Index Cond: ((id >= 2637755) AND (id <= 2637855))

table 7 : explain SELECT id FROM sbtest7 WHERE id BETWEEN 2637755 AND 2637855
	Index Only Scan using sbtest7_pkey on sbtest7  (cost=0.43..6.47 rows=102 width=4)
	  Index Cond: ((id >= 2637755) AND (id <= 2637855))

table 8 : explain SELECT id FROM sbtest8 WHERE id BETWEEN 2637755 AND 2637855
	Index Only Scan using sbtest8_pkey on sbtest8  (cost=0.43..6.33 rows=95 width=4)
	  Index Cond: ((id >= 2637755) AND (id <= 2637855))

explain: for range-covered :: explain SELECT id FROM sbtest%d WHERE id BETWEEN 2362159 AND 2362259
explain: for range-covered :: explain SELECT id FROM sbtest%d WHERE id BETWEEN 2637755 AND 2637855
for range-covered
table 1 : explain SELECT id FROM sbtest1 WHERE id BETWEEN 4570702 AND 4570802
	Index Only Scan using sbtest1_pkey on sbtest1  (cost=0.43..6.59 rows=108 width=4)
	  Index Cond: ((id >= 4570702) AND (id <= 4570802))

table 2 : explain SELECT id FROM sbtest2 WHERE id BETWEEN 4570702 AND 4570802
	Index Only Scan using sbtest2_pkey on sbtest2  (cost=0.43..6.51 rows=104 width=4)
	  Index Cond: ((id >= 4570702) AND (id <= 4570802))

table 3 : explain SELECT id FROM sbtest3 WHERE id BETWEEN 4570702 AND 4570802
	Index Only Scan using sbtest3_pkey on sbtest3  (cost=0.43..6.50 rows=103 width=4)
	  Index Cond: ((id >= 4570702) AND (id <= 4570802))

table 4 : explain SELECT id FROM sbtest4 WHERE id BETWEEN 4570702 AND 4570802
	Index Only Scan using sbtest4_pkey on sbtest4  (cost=0.43..6.42 rows=99 width=4)
	  Index Cond: ((id >= 4570702) AND (id <= 4570802))

table 5 : explain SELECT id FROM sbtest5 WHERE id BETWEEN 4570702 AND 4570802
	Index Only Scan using sbtest5_pkey on sbtest5  (cost=0.43..6.37 rows=97 width=4)
	  Index Cond: ((id >= 4570702) AND (id <= 4570802))

table 6 : explain SELECT id FROM sbtest6 WHERE id BETWEEN 4570702 AND 4570802
	Index Only Scan using sbtest6_pkey on sbtest6  (cost=0.43..6.27 rows=92 width=4)
	  Index Cond: ((id >= 4570702) AND (id <= 4570802))

table 7 : explain SELECT id FROM sbtest7 WHERE id BETWEEN 4570702 AND 4570802
	Index Only Scan using sbtest7_pkey on sbtest7  (cost=0.43..6.50 rows=103 width=4)
	  Index Cond: ((id >= 4570702) AND (id <= 4570802))

table 8 : explain SELECT id FROM sbtest8 WHERE id BETWEEN 4570702 AND 4570802
	Index Only Scan using sbtest8_pkey on sbtest8  (cost=0.43..6.35 rows=96 width=4)
	  Index Cond: ((id >= 4570702) AND (id <= 4570802))

for range-covered
table 1 : explain SELECT id FROM sbtest1 WHERE id BETWEEN 4543150 AND 4543250
	Index Only Scan using sbtest1_pkey on sbtest1  (cost=0.43..6.43 rows=100 width=4)
	  Index Cond: ((id >= 4543150) AND (id <= 4543250))

table 2 : explain SELECT id FROM sbtest2 WHERE id BETWEEN 4543150 AND 4543250
	Index Only Scan using sbtest2_pkey on sbtest2  (cost=0.43..6.51 rows=104 width=4)
	  Index Cond: ((id >= 4543150) AND (id <= 4543250))

table 3 : explain SELECT id FROM sbtest3 WHERE id BETWEEN 4543150 AND 4543250
	Index Only Scan using sbtest3_pkey on sbtest3  (cost=0.43..6.50 rows=103 width=4)
	  Index Cond: ((id >= 4543150) AND (id <= 4543250))

table 4 : explain SELECT id FROM sbtest4 WHERE id BETWEEN 4543150 AND 4543250
	Index Only Scan using sbtest4_pkey on sbtest4  (cost=0.43..6.42 rows=99 width=4)
	  Index Cond: ((id >= 4543150) AND (id <= 4543250))

table 5 : explain SELECT id FROM sbtest5 WHERE id BETWEEN 4543150 AND 4543250
	Index Only Scan using sbtest5_pkey on sbtest5  (cost=0.43..6.37 rows=97 width=4)
	  Index Cond: ((id >= 4543150) AND (id <= 4543250))

table 6 : explain SELECT id FROM sbtest6 WHERE id BETWEEN 4543150 AND 4543250
	Index Only Scan using sbtest6_pkey on sbtest6  (cost=0.43..6.53 rows=105 width=4)
	  Index Cond: ((id >= 4543150) AND (id <= 4543250))

table 7 : explain SELECT id FROM sbtest7 WHERE id BETWEEN 4543150 AND 4543250
	Index Only Scan using sbtest7_pkey on sbtest7  (cost=0.43..6.50 rows=103 width=4)
	  Index Cond: ((id >= 4543150) AND (id <= 4543250))

table 8 : explain SELECT id FROM sbtest8 WHERE id BETWEEN 4543150 AND 4543250
	Index Only Scan using sbtest8_pkey on sbtest8  (cost=0.43..6.35 rows=96 width=4)
	  Index Cond: ((id >= 4543150) AND (id <= 4543250))

for range-covered
table 1 : explain SELECT id FROM sbtest1 WHERE id BETWEEN 4608925 AND 4609025
	Index Only Scan using sbtest1_pkey on sbtest1  (cost=0.43..6.59 rows=108 width=4)
	  Index Cond: ((id >= 4608925) AND (id <= 4609025))

table 2 : explain SELECT id FROM sbtest2 WHERE id BETWEEN 4608925 AND 4609025
	Index Only Scan using sbtest2_pkey on sbtest2  (cost=0.43..6.47 rows=102 width=4)
	  Index Cond: ((id >= 4608925) AND (id <= 4609025))

table 3 : explain SELECT id FROM sbtest3 WHERE id BETWEEN 4608925 AND 4609025
	Index Only Scan using sbtest3_pkey on sbtest3  (cost=0.43..6.51 rows=104 width=4)
	  Index Cond: ((id >= 4608925) AND (id <= 4609025))

table 4 : explain SELECT id FROM sbtest4 WHERE id BETWEEN 4608925 AND 4609025
	Index Only Scan using sbtest4_pkey on sbtest4  (cost=0.43..6.43 rows=100 width=4)
	  Index Cond: ((id >= 4608925) AND (id <= 4609025))

table 5 : explain SELECT id FROM sbtest5 WHERE id BETWEEN 4608925 AND 4609025
	Index Only Scan using sbtest5_pkey on sbtest5  (cost=0.43..6.67 rows=112 width=4)
	  Index Cond: ((id >= 4608925) AND (id <= 4609025))

table 6 : explain SELECT id FROM sbtest6 WHERE id BETWEEN 4608925 AND 4609025
	Index Only Scan using sbtest6_pkey on sbtest6  (cost=0.43..6.27 rows=92 width=4)
	  Index Cond: ((id >= 4608925) AND (id <= 4609025))

table 7 : explain SELECT id FROM sbtest7 WHERE id BETWEEN 4608925 AND 4609025
	Index Only Scan using sbtest7_pkey on sbtest7  (cost=0.43..6.51 rows=104 width=4)
	  Index Cond: ((id >= 4608925) AND (id <= 4609025))

table 8 : explain SELECT id FROM sbtest8 WHERE id BETWEEN 4608925 AND 4609025
	Index Only Scan using sbtest8_pkey on sbtest8  (cost=0.43..6.35 rows=96 width=4)
	  Index Cond: ((id >= 4608925) AND (id <= 4609025))

explain: for range-covered :: explain SELECT id FROM sbtest%d WHERE id BETWEEN 4570702 AND 4570802
explain: for range-covered :: explain SELECT id FROM sbtest%d WHERE id BETWEEN 4543150 AND 4543250
for range-covered
table 1 : explain SELECT id FROM sbtest1 WHERE id BETWEEN 6886935 AND 6887035
	Index Only Scan using sbtest1_pkey on sbtest1  (cost=0.43..6.40 rows=98 width=4)
	  Index Cond: ((id >= 6886935) AND (id <= 6887035))

table 2 : explain SELECT id FROM sbtest2 WHERE id BETWEEN 6886935 AND 6887035
	Index Only Scan using sbtest2_pkey on sbtest2  (cost=0.43..6.32 rows=94 width=4)
	  Index Cond: ((id >= 6886935) AND (id <= 6887035))

table 3 : explain SELECT id FROM sbtest3 WHERE id BETWEEN 6886935 AND 6887035
	Index Only Scan using sbtest3_pkey on sbtest3  (cost=0.43..6.56 rows=106 width=4)
	  Index Cond: ((id >= 6886935) AND (id <= 6887035))

table 4 : explain SELECT id FROM sbtest4 WHERE id BETWEEN 6886935 AND 6887035
	Index Only Scan using sbtest4_pkey on sbtest4  (cost=0.43..6.32 rows=94 width=4)
	  Index Cond: ((id >= 6886935) AND (id <= 6887035))

table 5 : explain SELECT id FROM sbtest5 WHERE id BETWEEN 6886935 AND 6887035
	Index Only Scan using sbtest5_pkey on sbtest5  (cost=0.43..6.29 rows=93 width=4)
	  Index Cond: ((id >= 6886935) AND (id <= 6887035))

table 6 : explain SELECT id FROM sbtest6 WHERE id BETWEEN 6886935 AND 6887035
	Index Only Scan using sbtest6_pkey on sbtest6  (cost=0.43..6.45 rows=101 width=4)
	  Index Cond: ((id >= 6886935) AND (id <= 6887035))

table 7 : explain SELECT id FROM sbtest7 WHERE id BETWEEN 6886935 AND 6887035
	Index Only Scan using sbtest7_pkey on sbtest7  (cost=0.43..6.40 rows=98 width=4)
	  Index Cond: ((id >= 6886935) AND (id <= 6887035))

table 8 : explain SELECT id FROM sbtest8 WHERE id BETWEEN 6886935 AND 6887035
	Index Only Scan using sbtest8_pkey on sbtest8  (cost=0.43..6.51 rows=104 width=4)
	  Index Cond: ((id >= 6886935) AND (id <= 6887035))

for range-covered
table 1 : explain SELECT id FROM sbtest1 WHERE id BETWEEN 5216987 AND 5217087
	Index Only Scan using sbtest1_pkey on sbtest1  (cost=0.43..6.37 rows=97 width=4)
	  Index Cond: ((id >= 5216987) AND (id <= 5217087))

table 2 : explain SELECT id FROM sbtest2 WHERE id BETWEEN 5216987 AND 5217087
	Index Only Scan using sbtest2_pkey on sbtest2  (cost=0.43..6.59 rows=108 width=4)
	  Index Cond: ((id >= 5216987) AND (id <= 5217087))

table 3 : explain SELECT id FROM sbtest3 WHERE id BETWEEN 5216987 AND 5217087
	Index Only Scan using sbtest3_pkey on sbtest3  (cost=0.43..6.35 rows=96 width=4)
	  Index Cond: ((id >= 5216987) AND (id <= 5217087))

table 4 : explain SELECT id FROM sbtest4 WHERE id BETWEEN 5216987 AND 5217087
	Index Only Scan using sbtest4_pkey on sbtest4  (cost=0.43..6.40 rows=98 width=4)
	  Index Cond: ((id >= 5216987) AND (id <= 5217087))

table 5 : explain SELECT id FROM sbtest5 WHERE id BETWEEN 5216987 AND 5217087
	Index Only Scan using sbtest5_pkey on sbtest5  (cost=0.43..6.25 rows=91 width=4)
	  Index Cond: ((id >= 5216987) AND (id <= 5217087))

table 6 : explain SELECT id FROM sbtest6 WHERE id BETWEEN 5216987 AND 5217087
	Index Only Scan using sbtest6_pkey on sbtest6  (cost=0.43..6.40 rows=98 width=4)
	  Index Cond: ((id >= 5216987) AND (id <= 5217087))

table 7 : explain SELECT id FROM sbtest7 WHERE id BETWEEN 5216987 AND 5217087
	Index Only Scan using sbtest7_pkey on sbtest7  (cost=0.43..6.45 rows=101 width=4)
	  Index Cond: ((id >= 5216987) AND (id <= 5217087))

table 8 : explain SELECT id FROM sbtest8 WHERE id BETWEEN 5216987 AND 5217087
	Index Only Scan using sbtest8_pkey on sbtest8  (cost=0.43..6.58 rows=107 width=4)
	  Index Cond: ((id >= 5216987) AND (id <= 5217087))

for range-covered
table 1 : explain SELECT id FROM sbtest1 WHERE id BETWEEN 2362159 AND 2362259
	Index Only Scan using sbtest1_pkey on sbtest1  (cost=0.43..6.53 rows=105 width=4)
	  Index Cond: ((id >= 2362159) AND (id <= 2362259))

table 2 : explain SELECT id FROM sbtest2 WHERE id BETWEEN 2362159 AND 2362259
	Index Only Scan using sbtest2_pkey on sbtest2  (cost=0.43..6.42 rows=99 width=4)
	  Index Cond: ((id >= 2362159) AND (id <= 2362259))

table 3 : explain SELECT id FROM sbtest3 WHERE id BETWEEN 2362159 AND 2362259
	Index Only Scan using sbtest3_pkey on sbtest3  (cost=0.43..6.32 rows=94 width=4)
	  Index Cond: ((id >= 2362159) AND (id <= 2362259))

table 4 : explain SELECT id FROM sbtest4 WHERE id BETWEEN 2362159 AND 2362259
	Index Only Scan using sbtest4_pkey on sbtest4  (cost=0.43..6.42 rows=99 width=4)
	  Index Cond: ((id >= 2362159) AND (id <= 2362259))

table 5 : explain SELECT id FROM sbtest5 WHERE id BETWEEN 2362159 AND 2362259
	Index Only Scan using sbtest5_pkey on sbtest5  (cost=0.43..6.32 rows=94 width=4)
	  Index Cond: ((id >= 2362159) AND (id <= 2362259))

table 6 : explain SELECT id FROM sbtest6 WHERE id BETWEEN 2362159 AND 2362259
	Index Only Scan using sbtest6_pkey on sbtest6  (cost=0.43..6.32 rows=94 width=4)
	  Index Cond: ((id >= 2362159) AND (id <= 2362259))

table 7 : explain SELECT id FROM sbtest7 WHERE id BETWEEN 2362159 AND 2362259
	Index Only Scan using sbtest7_pkey on sbtest7  (cost=0.43..6.47 rows=102 width=4)
	  Index Cond: ((id >= 2362159) AND (id <= 2362259))

table 8 : explain SELECT id FROM sbtest8 WHERE id BETWEEN 2362159 AND 2362259
	Index Only Scan using sbtest8_pkey on sbtest8  (cost=0.43..6.45 rows=101 width=4)
	  Index Cond: ((id >= 2362159) AND (id <= 2362259))

explain: for range-covered :: explain SELECT id FROM sbtest%d WHERE id BETWEEN 6886935 AND 6887035
for range-covered
table 1 : explain SELECT id FROM sbtest1 WHERE id BETWEEN 3757658 AND 3757758
	Index Only Scan using sbtest1_pkey on sbtest1  (cost=0.43..6.42 rows=99 width=4)
	  Index Cond: ((id >= 3757658) AND (id <= 3757758))

table 2 : explain SELECT id FROM sbtest2 WHERE id BETWEEN 3757658 AND 3757758
	Index Only Scan using sbtest2_pkey on sbtest2  (cost=0.43..6.67 rows=112 width=4)
	  Index Cond: ((id >= 3757658) AND (id <= 3757758))

table 3 : explain SELECT id FROM sbtest3 WHERE id BETWEEN 3757658 AND 3757758
	Index Only Scan using sbtest3_pkey on sbtest3  (cost=0.43..6.56 rows=106 width=4)
	  Index Cond: ((id >= 3757658) AND (id <= 3757758))

table 4 : explain SELECT id FROM sbtest4 WHERE id BETWEEN 3757658 AND 3757758
	Index Only Scan using sbtest4_pkey on sbtest4  (cost=0.43..6.74 rows=115 width=4)
	  Index Cond: ((id >= 3757658) AND (id <= 3757758))

table 5 : explain SELECT id FROM sbtest5 WHERE id BETWEEN 3757658 AND 3757758
	Index Only Scan using sbtest5_pkey on sbtest5  (cost=0.43..6.66 rows=111 width=4)
	  Index Cond: ((id >= 3757658) AND (id <= 3757758))

table 6 : explain SELECT id FROM sbtest6 WHERE id BETWEEN 3757658 AND 3757758
	Index Only Scan using sbtest6_pkey on sbtest6  (cost=0.43..6.40 rows=98 width=4)
	  Index Cond: ((id >= 3757658) AND (id <= 3757758))

table 7 : explain SELECT id FROM sbtest7 WHERE id BETWEEN 3757658 AND 3757758
	Index Only Scan using sbtest7_pkey on sbtest7  (cost=0.43..6.21 rows=89 width=4)
	  Index Cond: ((id >= 3757658) AND (id <= 3757758))

table 8 : explain SELECT id FROM sbtest8 WHERE id BETWEEN 3757658 AND 3757758
	Index Only Scan using sbtest8_pkey on sbtest8  (cost=0.43..6.37 rows=97 width=4)
	  Index Cond: ((id >= 3757658) AND (id <= 3757758))

explain: for range-covered :: explain SELECT id FROM sbtest%d WHERE id BETWEEN 5216987 AND 5217087
explain: for range-covered :: explain SELECT id FROM sbtest%d WHERE id BETWEEN 2362159 AND 2362259
for range-covered
table 1 : explain SELECT id FROM sbtest1 WHERE id BETWEEN 4804386 AND 4804486
	Index Only Scan using sbtest1_pkey on sbtest1  (cost=0.43..6.51 rows=104 width=4)
	  Index Cond: ((id >= 4804386) AND (id <= 4804486))

table 2 : explain SELECT id FROM sbtest2 WHERE id BETWEEN 4804386 AND 4804486
	Index Only Scan using sbtest2_pkey on sbtest2  (cost=0.43..6.40 rows=98 width=4)
	  Index Cond: ((id >= 4804386) AND (id <= 4804486))

table 3 : explain SELECT id FROM sbtest3 WHERE id BETWEEN 4804386 AND 4804486
	Index Only Scan using sbtest3_pkey on sbtest3  (cost=0.43..6.43 rows=100 width=4)
	  Index Cond: ((id >= 4804386) AND (id <= 4804486))

table 4 : explain SELECT id FROM sbtest4 WHERE id BETWEEN 4804386 AND 4804486
	Index Only Scan using sbtest4_pkey on sbtest4  (cost=0.43..6.32 rows=94 width=4)
	  Index Cond: ((id >= 4804386) AND (id <= 4804486))

table 5 : explain SELECT id FROM sbtest5 WHERE id BETWEEN 4804386 AND 4804486
	Index Only Scan using sbtest5_pkey on sbtest5  (cost=0.43..6.51 rows=104 width=4)
	  Index Cond: ((id >= 4804386) AND (id <= 4804486))

table 6 : explain SELECT id FROM sbtest6 WHERE id BETWEEN 4804386 AND 4804486
	Index Only Scan using sbtest6_pkey on sbtest6  (cost=0.43..6.59 rows=108 width=4)
	  Index Cond: ((id >= 4804386) AND (id <= 4804486))

table 7 : explain SELECT id FROM sbtest7 WHERE id BETWEEN 4804386 AND 4804486
	Index Only Scan using sbtest7_pkey on sbtest7  (cost=0.43..6.51 rows=104 width=4)
	  Index Cond: ((id >= 4804386) AND (id <= 4804486))

table 8 : explain SELECT id FROM sbtest8 WHERE id BETWEEN 4804386 AND 4804486
	Index Only Scan using sbtest8_pkey on sbtest8  (cost=0.43..6.58 rows=107 width=4)
	  Index Cond: ((id >= 4804386) AND (id <= 4804486))

for range-covered
table 1 : explain SELECT id FROM sbtest1 WHERE id BETWEEN 1489293 AND 1489393
	Index Only Scan using sbtest1_pkey on sbtest1  (cost=0.43..6.50 rows=103 width=4)
	  Index Cond: ((id >= 1489293) AND (id <= 1489393))

table 2 : explain SELECT id FROM sbtest2 WHERE id BETWEEN 1489293 AND 1489393
	Index Only Scan using sbtest2_pkey on sbtest2  (cost=0.43..6.45 rows=101 width=4)
	  Index Cond: ((id >= 1489293) AND (id <= 1489393))

table 3 : explain SELECT id FROM sbtest3 WHERE id BETWEEN 1489293 AND 1489393
	Index Only Scan using sbtest3_pkey on sbtest3  (cost=0.43..6.56 rows=106 width=4)
	  Index Cond: ((id >= 1489293) AND (id <= 1489393))

table 4 : explain SELECT id FROM sbtest4 WHERE id BETWEEN 1489293 AND 1489393
	Index Only Scan using sbtest4_pkey on sbtest4  (cost=0.43..6.37 rows=97 width=4)
	  Index Cond: ((id >= 1489293) AND (id <= 1489393))

table 5 : explain SELECT id FROM sbtest5 WHERE id BETWEEN 1489293 AND 1489393
	Index Only Scan using sbtest5_pkey on sbtest5  (cost=0.43..6.50 rows=103 width=4)
	  Index Cond: ((id >= 1489293) AND (id <= 1489393))

table 6 : explain SELECT id FROM sbtest6 WHERE id BETWEEN 1489293 AND 1489393
	Index Only Scan using sbtest6_pkey on sbtest6  (cost=0.43..6.56 rows=106 width=4)
	  Index Cond: ((id >= 1489293) AND (id <= 1489393))

table 7 : explain SELECT id FROM sbtest7 WHERE id BETWEEN 1489293 AND 1489393
	Index Only Scan using sbtest7_pkey on sbtest7  (cost=0.43..6.50 rows=103 width=4)
	  Index Cond: ((id >= 1489293) AND (id <= 1489393))

table 8 : explain SELECT id FROM sbtest8 WHERE id BETWEEN 1489293 AND 1489393
	Index Only Scan using sbtest8_pkey on sbtest8  (cost=0.43..6.40 rows=98 width=4)
	  Index Cond: ((id >= 1489293) AND (id <= 1489393))

explain: for range-covered :: explain SELECT id FROM sbtest%d WHERE id BETWEEN 3757658 AND 3757758
explain: for range-covered :: explain SELECT id FROM sbtest%d WHERE id BETWEEN 4804386 AND 4804486
for range-covered
table 1 : explain SELECT id FROM sbtest1 WHERE id BETWEEN 4543150 AND 4543250
	Index Only Scan using sbtest1_pkey on sbtest1  (cost=0.43..6.43 rows=100 width=4)
	  Index Cond: ((id >= 4543150) AND (id <= 4543250))

table 2 : explain SELECT id FROM sbtest2 WHERE id BETWEEN 4543150 AND 4543250
	Index Only Scan using sbtest2_pkey on sbtest2  (cost=0.43..6.51 rows=104 width=4)
	  Index Cond: ((id >= 4543150) AND (id <= 4543250))

table 3 : explain SELECT id FROM sbtest3 WHERE id BETWEEN 4543150 AND 4543250
	Index Only Scan using sbtest3_pkey on sbtest3  (cost=0.43..6.50 rows=103 width=4)
	  Index Cond: ((id >= 4543150) AND (id <= 4543250))

table 4 : explain SELECT id FROM sbtest4 WHERE id BETWEEN 4543150 AND 4543250
	Index Only Scan using sbtest4_pkey on sbtest4  (cost=0.43..6.42 rows=99 width=4)
	  Index Cond: ((id >= 4543150) AND (id <= 4543250))

table 5 : explain SELECT id FROM sbtest5 WHERE id BETWEEN 4543150 AND 4543250
	Index Only Scan using sbtest5_pkey on sbtest5  (cost=0.43..6.37 rows=97 width=4)
	  Index Cond: ((id >= 4543150) AND (id <= 4543250))

table 6 : explain SELECT id FROM sbtest6 WHERE id BETWEEN 4543150 AND 4543250
	Index Only Scan using sbtest6_pkey on sbtest6  (cost=0.43..6.53 rows=105 width=4)
	  Index Cond: ((id >= 4543150) AND (id <= 4543250))

table 7 : explain SELECT id FROM sbtest7 WHERE id BETWEEN 4543150 AND 4543250
	Index Only Scan using sbtest7_pkey on sbtest7  (cost=0.43..6.50 rows=103 width=4)
	  Index Cond: ((id >= 4543150) AND (id <= 4543250))

table 8 : explain SELECT id FROM sbtest8 WHERE id BETWEEN 4543150 AND 4543250
	Index Only Scan using sbtest8_pkey on sbtest8  (cost=0.43..6.35 rows=96 width=4)
	  Index Cond: ((id >= 4543150) AND (id <= 4543250))

for range-covered
table 1 : explain SELECT id FROM sbtest1 WHERE id BETWEEN 4570702 AND 4570802
	Index Only Scan using sbtest1_pkey on sbtest1  (cost=0.43..6.59 rows=108 width=4)
	  Index Cond: ((id >= 4570702) AND (id <= 4570802))

table 2 : explain SELECT id FROM sbtest2 WHERE id BETWEEN 4570702 AND 4570802
	Index Only Scan using sbtest2_pkey on sbtest2  (cost=0.43..6.51 rows=104 width=4)
	  Index Cond: ((id >= 4570702) AND (id <= 4570802))

table 3 : explain SELECT id FROM sbtest3 WHERE id BETWEEN 4570702 AND 4570802
	Index Only Scan using sbtest3_pkey on sbtest3  (cost=0.43..6.50 rows=103 width=4)
	  Index Cond: ((id >= 4570702) AND (id <= 4570802))

table 4 : explain SELECT id FROM sbtest4 WHERE id BETWEEN 4570702 AND 4570802
	Index Only Scan using sbtest4_pkey on sbtest4  (cost=0.43..6.42 rows=99 width=4)
	  Index Cond: ((id >= 4570702) AND (id <= 4570802))

table 5 : explain SELECT id FROM sbtest5 WHERE id BETWEEN 4570702 AND 4570802
	Index Only Scan using sbtest5_pkey on sbtest5  (cost=0.43..6.37 rows=97 width=4)
	  Index Cond: ((id >= 4570702) AND (id <= 4570802))

table 6 : explain SELECT id FROM sbtest6 WHERE id BETWEEN 4570702 AND 4570802
	Index Only Scan using sbtest6_pkey on sbtest6  (cost=0.43..6.27 rows=92 width=4)
	  Index Cond: ((id >= 4570702) AND (id <= 4570802))

table 7 : explain SELECT id FROM sbtest7 WHERE id BETWEEN 4570702 AND 4570802
	Index Only Scan using sbtest7_pkey on sbtest7  (cost=0.43..6.50 rows=103 width=4)
	  Index Cond: ((id >= 4570702) AND (id <= 4570802))

table 8 : explain SELECT id FROM sbtest8 WHERE id BETWEEN 4570702 AND 4570802
	Index Only Scan using sbtest8_pkey on sbtest8  (cost=0.43..6.35 rows=96 width=4)
	  Index Cond: ((id >= 4570702) AND (id <= 4570802))

explain: for range-covered :: explain SELECT id FROM sbtest%d WHERE id BETWEEN 4543150 AND 4543250
explain: for range-covered :: explain SELECT id FROM sbtest%d WHERE id BETWEEN 1489293 AND 1489393
explain: for range-covered :: explain SELECT id FROM sbtest%d WHERE id BETWEEN 4570702 AND 4570802
for range-covered
table 1 : explain SELECT id FROM sbtest1 WHERE id BETWEEN 4485820 AND 4485920
	Index Only Scan using sbtest1_pkey on sbtest1  (cost=0.43..6.43 rows=100 width=4)
	  Index Cond: ((id >= 4485820) AND (id <= 4485920))

table 2 : explain SELECT id FROM sbtest2 WHERE id BETWEEN 4485820 AND 4485920
	Index Only Scan using sbtest2_pkey on sbtest2  (cost=0.43..6.53 rows=105 width=4)
	  Index Cond: ((id >= 4485820) AND (id <= 4485920))

table 3 : explain SELECT id FROM sbtest3 WHERE id BETWEEN 4485820 AND 4485920
	Index Only Scan using sbtest3_pkey on sbtest3  (cost=0.43..6.50 rows=103 width=4)
	  Index Cond: ((id >= 4485820) AND (id <= 4485920))

table 4 : explain SELECT id FROM sbtest4 WHERE id BETWEEN 4485820 AND 4485920
	Index Only Scan using sbtest4_pkey on sbtest4  (cost=0.43..6.33 rows=95 width=4)
	  Index Cond: ((id >= 4485820) AND (id <= 4485920))

table 5 : explain SELECT id FROM sbtest5 WHERE id BETWEEN 4485820 AND 4485920
	Index Only Scan using sbtest5_pkey on sbtest5  (cost=0.43..6.51 rows=104 width=4)
	  Index Cond: ((id >= 4485820) AND (id <= 4485920))

table 6 : explain SELECT id FROM sbtest6 WHERE id BETWEEN 4485820 AND 4485920
	Index Only Scan using sbtest6_pkey on sbtest6  (cost=0.43..6.53 rows=105 width=4)
	  Index Cond: ((id >= 4485820) AND (id <= 4485920))

table 7 : explain SELECT id FROM sbtest7 WHERE id BETWEEN 4485820 AND 4485920
	Index Only Scan using sbtest7_pkey on sbtest7  (cost=0.43..6.42 rows=99 width=4)
	  Index Cond: ((id >= 4485820) AND (id <= 4485920))

table 8 : explain SELECT id FROM sbtest8 WHERE id BETWEEN 4485820 AND 4485920
	Index Only Scan using sbtest8_pkey on sbtest8  (cost=0.43..6.35 rows=96 width=4)
	  Index Cond: ((id >= 4485820) AND (id <= 4485920))

for range-covered
table 1 : explain SELECT id FROM sbtest1 WHERE id BETWEEN 5216987 AND 5217087
	Index Only Scan using sbtest1_pkey on sbtest1  (cost=0.43..6.37 rows=97 width=4)
	  Index Cond: ((id >= 5216987) AND (id <= 5217087))

table 2 : explain SELECT id FROM sbtest2 WHERE id BETWEEN 5216987 AND 5217087
	Index Only Scan using sbtest2_pkey on sbtest2  (cost=0.43..6.59 rows=108 width=4)
	  Index Cond: ((id >= 5216987) AND (id <= 5217087))

table 3 : explain SELECT id FROM sbtest3 WHERE id BETWEEN 5216987 AND 5217087
	Index Only Scan using sbtest3_pkey on sbtest3  (cost=0.43..6.35 rows=96 width=4)
	  Index Cond: ((id >= 5216987) AND (id <= 5217087))

table 4 : explain SELECT id FROM sbtest4 WHERE id BETWEEN 5216987 AND 5217087
	Index Only Scan using sbtest4_pkey on sbtest4  (cost=0.43..6.40 rows=98 width=4)
	  Index Cond: ((id >= 5216987) AND (id <= 5217087))

table 5 : explain SELECT id FROM sbtest5 WHERE id BETWEEN 5216987 AND 5217087
	Index Only Scan using sbtest5_pkey on sbtest5  (cost=0.43..6.25 rows=91 width=4)
	  Index Cond: ((id >= 5216987) AND (id <= 5217087))

table 6 : explain SELECT id FROM sbtest6 WHERE id BETWEEN 5216987 AND 5217087
	Index Only Scan using sbtest6_pkey on sbtest6  (cost=0.43..6.40 rows=98 width=4)
	  Index Cond: ((id >= 5216987) AND (id <= 5217087))

table 7 : explain SELECT id FROM sbtest7 WHERE id BETWEEN 5216987 AND 5217087
	Index Only Scan using sbtest7_pkey on sbtest7  (cost=0.43..6.45 rows=101 width=4)
	  Index Cond: ((id >= 5216987) AND (id <= 5217087))

table 8 : explain SELECT id FROM sbtest8 WHERE id BETWEEN 5216987 AND 5217087
	Index Only Scan using sbtest8_pkey on sbtest8  (cost=0.43..6.58 rows=107 width=4)
	  Index Cond: ((id >= 5216987) AND (id <= 5217087))

explain: for range-covered :: explain SELECT id FROM sbtest%d WHERE id BETWEEN 4485820 AND 4485920
explain: for range-covered :: explain SELECT id FROM sbtest%d WHERE id BETWEEN 5216987 AND 5217087
for range-covered
table 1 : explain SELECT id FROM sbtest1 WHERE id BETWEEN 2637755 AND 2637855
	Index Only Scan using sbtest1_pkey on sbtest1  (cost=0.43..6.50 rows=103 width=4)
	  Index Cond: ((id >= 2637755) AND (id <= 2637855))

table 2 : explain SELECT id FROM sbtest2 WHERE id BETWEEN 2637755 AND 2637855
	Index Only Scan using sbtest2_pkey on sbtest2  (cost=0.43..6.37 rows=97 width=4)
	  Index Cond: ((id >= 2637755) AND (id <= 2637855))

table 3 : explain SELECT id FROM sbtest3 WHERE id BETWEEN 2637755 AND 2637855
	Index Only Scan using sbtest3_pkey on sbtest3  (cost=0.43..6.53 rows=105 width=4)
	  Index Cond: ((id >= 2637755) AND (id <= 2637855))

table 4 : explain SELECT id FROM sbtest4 WHERE id BETWEEN 2637755 AND 2637855
	Index Only Scan using sbtest4_pkey on sbtest4  (cost=0.43..6.63 rows=110 width=4)
	  Index Cond: ((id >= 2637755) AND (id <= 2637855))

table 5 : explain SELECT id FROM sbtest5 WHERE id BETWEEN 2637755 AND 2637855
	Index Only Scan using sbtest5_pkey on sbtest5  (cost=0.43..6.33 rows=95 width=4)
	  Index Cond: ((id >= 2637755) AND (id <= 2637855))

table 6 : explain SELECT id FROM sbtest6 WHERE id BETWEEN 2637755 AND 2637855
	Index Only Scan using sbtest6_pkey on sbtest6  (cost=0.43..6.29 rows=93 width=4)
	  Index Cond: ((id >= 2637755) AND (id <= 2637855))

table 7 : explain SELECT id FROM sbtest7 WHERE id BETWEEN 2637755 AND 2637855
	Index Only Scan using sbtest7_pkey on sbtest7  (cost=0.43..6.47 rows=102 width=4)
	  Index Cond: ((id >= 2637755) AND (id <= 2637855))

table 8 : explain SELECT id FROM sbtest8 WHERE id BETWEEN 2637755 AND 2637855
	Index Only Scan using sbtest8_pkey on sbtest8  (cost=0.43..6.33 rows=95 width=4)
	  Index Cond: ((id >= 2637755) AND (id <= 2637855))

for range-covered
table 1 : explain SELECT id FROM sbtest1 WHERE id BETWEEN 2362159 AND 2362259
	Index Only Scan using sbtest1_pkey on sbtest1  (cost=0.43..6.53 rows=105 width=4)
	  Index Cond: ((id >= 2362159) AND (id <= 2362259))

table 2 : explain SELECT id FROM sbtest2 WHERE id BETWEEN 2362159 AND 2362259
	Index Only Scan using sbtest2_pkey on sbtest2  (cost=0.43..6.42 rows=99 width=4)
	  Index Cond: ((id >= 2362159) AND (id <= 2362259))

table 3 : explain SELECT id FROM sbtest3 WHERE id BETWEEN 2362159 AND 2362259
	Index Only Scan using sbtest3_pkey on sbtest3  (cost=0.43..6.32 rows=94 width=4)
	  Index Cond: ((id >= 2362159) AND (id <= 2362259))

table 4 : explain SELECT id FROM sbtest4 WHERE id BETWEEN 2362159 AND 2362259
	Index Only Scan using sbtest4_pkey on sbtest4  (cost=0.43..6.42 rows=99 width=4)
	  Index Cond: ((id >= 2362159) AND (id <= 2362259))

table 5 : explain SELECT id FROM sbtest5 WHERE id BETWEEN 2362159 AND 2362259
	Index Only Scan using sbtest5_pkey on sbtest5  (cost=0.43..6.32 rows=94 width=4)
	  Index Cond: ((id >= 2362159) AND (id <= 2362259))

table 6 : explain SELECT id FROM sbtest6 WHERE id BETWEEN 2362159 AND 2362259
	Index Only Scan using sbtest6_pkey on sbtest6  (cost=0.43..6.32 rows=94 width=4)
	  Index Cond: ((id >= 2362159) AND (id <= 2362259))

table 7 : explain SELECT id FROM sbtest7 WHERE id BETWEEN 2362159 AND 2362259
	Index Only Scan using sbtest7_pkey on sbtest7  (cost=0.43..6.47 rows=102 width=4)
	  Index Cond: ((id >= 2362159) AND (id <= 2362259))

table 8 : explain SELECT id FROM sbtest8 WHERE id BETWEEN 2362159 AND 2362259
	Index Only Scan using sbtest8_pkey on sbtest8  (cost=0.43..6.45 rows=101 width=4)
	  Index Cond: ((id >= 2362159) AND (id <= 2362259))

explain: for range-covered :: explain SELECT id FROM sbtest%d WHERE id BETWEEN 2362159 AND 2362259
for range-covered
table 1 : explain SELECT id FROM sbtest1 WHERE id BETWEEN 3757658 AND 3757758
	Index Only Scan using sbtest1_pkey on sbtest1  (cost=0.43..6.42 rows=99 width=4)
	  Index Cond: ((id >= 3757658) AND (id <= 3757758))

table 2 : explain SELECT id FROM sbtest2 WHERE id BETWEEN 3757658 AND 3757758
	Index Only Scan using sbtest2_pkey on sbtest2  (cost=0.43..6.67 rows=112 width=4)
	  Index Cond: ((id >= 3757658) AND (id <= 3757758))

table 3 : explain SELECT id FROM sbtest3 WHERE id BETWEEN 3757658 AND 3757758
	Index Only Scan using sbtest3_pkey on sbtest3  (cost=0.43..6.56 rows=106 width=4)
	  Index Cond: ((id >= 3757658) AND (id <= 3757758))

table 4 : explain SELECT id FROM sbtest4 WHERE id BETWEEN 3757658 AND 3757758
	Index Only Scan using sbtest4_pkey on sbtest4  (cost=0.43..6.74 rows=115 width=4)
	  Index Cond: ((id >= 3757658) AND (id <= 3757758))

table 5 : explain SELECT id FROM sbtest5 WHERE id BETWEEN 3757658 AND 3757758
	Index Only Scan using sbtest5_pkey on sbtest5  (cost=0.43..6.66 rows=111 width=4)
	  Index Cond: ((id >= 3757658) AND (id <= 3757758))

table 6 : explain SELECT id FROM sbtest6 WHERE id BETWEEN 3757658 AND 3757758
	Index Only Scan using sbtest6_pkey on sbtest6  (cost=0.43..6.40 rows=98 width=4)
	  Index Cond: ((id >= 3757658) AND (id <= 3757758))

table 7 : explain SELECT id FROM sbtest7 WHERE id BETWEEN 3757658 AND 3757758
	Index Only Scan using sbtest7_pkey on sbtest7  (cost=0.43..6.21 rows=89 width=4)
	  Index Cond: ((id >= 3757658) AND (id <= 3757758))

table 8 : explain SELECT id FROM sbtest8 WHERE id BETWEEN 3757658 AND 3757758
	Index Only Scan using sbtest8_pkey on sbtest8  (cost=0.43..6.37 rows=97 width=4)
	  Index Cond: ((id >= 3757658) AND (id <= 3757758))

for range-covered
table 1 : explain SELECT id FROM sbtest1 WHERE id BETWEEN 4543150 AND 4543250
	Index Only Scan using sbtest1_pkey on sbtest1  (cost=0.43..6.43 rows=100 width=4)
	  Index Cond: ((id >= 4543150) AND (id <= 4543250))

table 2 : explain SELECT id FROM sbtest2 WHERE id BETWEEN 4543150 AND 4543250
	Index Only Scan using sbtest2_pkey on sbtest2  (cost=0.43..6.51 rows=104 width=4)
	  Index Cond: ((id >= 4543150) AND (id <= 4543250))

table 3 : explain SELECT id FROM sbtest3 WHERE id BETWEEN 4543150 AND 4543250
	Index Only Scan using sbtest3_pkey on sbtest3  (cost=0.43..6.50 rows=103 width=4)
	  Index Cond: ((id >= 4543150) AND (id <= 4543250))

table 4 : explain SELECT id FROM sbtest4 WHERE id BETWEEN 4543150 AND 4543250
	Index Only Scan using sbtest4_pkey on sbtest4  (cost=0.43..6.42 rows=99 width=4)
	  Index Cond: ((id >= 4543150) AND (id <= 4543250))

table 5 : explain SELECT id FROM sbtest5 WHERE id BETWEEN 4543150 AND 4543250
	Index Only Scan using sbtest5_pkey on sbtest5  (cost=0.43..6.37 rows=97 width=4)
	  Index Cond: ((id >= 4543150) AND (id <= 4543250))

table 6 : explain SELECT id FROM sbtest6 WHERE id BETWEEN 4543150 AND 4543250
	Index Only Scan using sbtest6_pkey on sbtest6  (cost=0.43..6.53 rows=105 width=4)
	  Index Cond: ((id >= 4543150) AND (id <= 4543250))

table 7 : explain SELECT id FROM sbtest7 WHERE id BETWEEN 4543150 AND 4543250
	Index Only Scan using sbtest7_pkey on sbtest7  (cost=0.43..6.50 rows=103 width=4)
	  Index Cond: ((id >= 4543150) AND (id <= 4543250))

table 8 : explain SELECT id FROM sbtest8 WHERE id BETWEEN 4543150 AND 4543250
	Index Only Scan using sbtest8_pkey on sbtest8  (cost=0.43..6.35 rows=96 width=4)
	  Index Cond: ((id >= 4543150) AND (id <= 4543250))

for range-covered
table 1 : explain SELECT id FROM sbtest1 WHERE id BETWEEN 5081211 AND 5081311
	Index Only Scan using sbtest1_pkey on sbtest1  (cost=0.43..6.63 rows=110 width=4)
	  Index Cond: ((id >= 5081211) AND (id <= 5081311))

table 2 : explain SELECT id FROM sbtest2 WHERE id BETWEEN 5081211 AND 5081311
	Index Only Scan using sbtest2_pkey on sbtest2  (cost=0.43..6.53 rows=105 width=4)
	  Index Cond: ((id >= 5081211) AND (id <= 5081311))

table 3 : explain SELECT id FROM sbtest3 WHERE id BETWEEN 5081211 AND 5081311
	Index Only Scan using sbtest3_pkey on sbtest3  (cost=0.43..6.50 rows=103 width=4)
	  Index Cond: ((id >= 5081211) AND (id <= 5081311))

table 4 : explain SELECT id FROM sbtest4 WHERE id BETWEEN 5081211 AND 5081311
	Index Only Scan using sbtest4_pkey on sbtest4  (cost=0.43..6.42 rows=99 width=4)
	  Index Cond: ((id >= 5081211) AND (id <= 5081311))

table 5 : explain SELECT id FROM sbtest5 WHERE id BETWEEN 5081211 AND 5081311
	Index Only Scan using sbtest5_pkey on sbtest5  (cost=0.43..6.51 rows=104 width=4)
	  Index Cond: ((id >= 5081211) AND (id <= 5081311))

table 6 : explain SELECT id FROM sbtest6 WHERE id BETWEEN 5081211 AND 5081311
	Index Only Scan using sbtest6_pkey on sbtest6  (cost=0.43..6.32 rows=94 width=4)
	  Index Cond: ((id >= 5081211) AND (id <= 5081311))

table 7 : explain SELECT id FROM sbtest7 WHERE id BETWEEN 5081211 AND 5081311
	Index Only Scan using sbtest7_pkey on sbtest7  (cost=0.43..6.29 rows=93 width=4)
	  Index Cond: ((id >= 5081211) AND (id <= 5081311))

table 8 : explain SELECT id FROM sbtest8 WHERE id BETWEEN 5081211 AND 5081311
	Index Only Scan using sbtest8_pkey on sbtest8  (cost=0.43..6.56 rows=106 width=4)
	  Index Cond: ((id >= 5081211) AND (id <= 5081311))

explain: for range-covered :: explain SELECT id FROM sbtest%d WHERE id BETWEEN 3757658 AND 3757758
explain: for range-covered :: explain SELECT id FROM sbtest%d WHERE id BETWEEN 2637755 AND 2637855
explain: for range-covered :: explain SELECT id FROM sbtest%d WHERE id BETWEEN 5081211 AND 5081311
for range-covered
table 1 : explain SELECT id FROM sbtest1 WHERE id BETWEEN 4570702 AND 4570802
	Index Only Scan using sbtest1_pkey on sbtest1  (cost=0.43..6.59 rows=108 width=4)
	  Index Cond: ((id >= 4570702) AND (id <= 4570802))

table 2 : explain SELECT id FROM sbtest2 WHERE id BETWEEN 4570702 AND 4570802
	Index Only Scan using sbtest2_pkey on sbtest2  (cost=0.43..6.51 rows=104 width=4)
	  Index Cond: ((id >= 4570702) AND (id <= 4570802))

table 3 : explain SELECT id FROM sbtest3 WHERE id BETWEEN 4570702 AND 4570802
	Index Only Scan using sbtest3_pkey on sbtest3  (cost=0.43..6.50 rows=103 width=4)
	  Index Cond: ((id >= 4570702) AND (id <= 4570802))

table 4 : explain SELECT id FROM sbtest4 WHERE id BETWEEN 4570702 AND 4570802
	Index Only Scan using sbtest4_pkey on sbtest4  (cost=0.43..6.42 rows=99 width=4)
	  Index Cond: ((id >= 4570702) AND (id <= 4570802))

table 5 : explain SELECT id FROM sbtest5 WHERE id BETWEEN 4570702 AND 4570802
	Index Only Scan using sbtest5_pkey on sbtest5  (cost=0.43..6.37 rows=97 width=4)
	  Index Cond: ((id >= 4570702) AND (id <= 4570802))

table 6 : explain SELECT id FROM sbtest6 WHERE id BETWEEN 4570702 AND 4570802
	Index Only Scan using sbtest6_pkey on sbtest6  (cost=0.43..6.27 rows=92 width=4)
	  Index Cond: ((id >= 4570702) AND (id <= 4570802))

table 7 : explain SELECT id FROM sbtest7 WHERE id BETWEEN 4570702 AND 4570802
	Index Only Scan using sbtest7_pkey on sbtest7  (cost=0.43..6.50 rows=103 width=4)
	  Index Cond: ((id >= 4570702) AND (id <= 4570802))

table 8 : explain SELECT id FROM sbtest8 WHERE id BETWEEN 4570702 AND 4570802
	Index Only Scan using sbtest8_pkey on sbtest8  (cost=0.43..6.35 rows=96 width=4)
	  Index Cond: ((id >= 4570702) AND (id <= 4570802))

for range-covered
table 1 : explain SELECT id FROM sbtest1 WHERE id BETWEEN 6886935 AND 6887035
	Index Only Scan using sbtest1_pkey on sbtest1  (cost=0.43..6.40 rows=98 width=4)
	  Index Cond: ((id >= 6886935) AND (id <= 6887035))

table 2 : explain SELECT id FROM sbtest2 WHERE id BETWEEN 6886935 AND 6887035
	Index Only Scan using sbtest2_pkey on sbtest2  (cost=0.43..6.32 rows=94 width=4)
	  Index Cond: ((id >= 6886935) AND (id <= 6887035))

table 3 : explain SELECT id FROM sbtest3 WHERE id BETWEEN 6886935 AND 6887035
	Index Only Scan using sbtest3_pkey on sbtest3  (cost=0.43..6.56 rows=106 width=4)
	  Index Cond: ((id >= 6886935) AND (id <= 6887035))

table 4 : explain SELECT id FROM sbtest4 WHERE id BETWEEN 6886935 AND 6887035
	Index Only Scan using sbtest4_pkey on sbtest4  (cost=0.43..6.32 rows=94 width=4)
	  Index Cond: ((id >= 6886935) AND (id <= 6887035))

table 5 : explain SELECT id FROM sbtest5 WHERE id BETWEEN 6886935 AND 6887035
	Index Only Scan using sbtest5_pkey on sbtest5  (cost=0.43..6.29 rows=93 width=4)
	  Index Cond: ((id >= 6886935) AND (id <= 6887035))

table 6 : explain SELECT id FROM sbtest6 WHERE id BETWEEN 6886935 AND 6887035
	Index Only Scan using sbtest6_pkey on sbtest6  (cost=0.43..6.45 rows=101 width=4)
	  Index Cond: ((id >= 6886935) AND (id <= 6887035))

table 7 : explain SELECT id FROM sbtest7 WHERE id BETWEEN 6886935 AND 6887035
	Index Only Scan using sbtest7_pkey on sbtest7  (cost=0.43..6.40 rows=98 width=4)
	  Index Cond: ((id >= 6886935) AND (id <= 6887035))

table 8 : explain SELECT id FROM sbtest8 WHERE id BETWEEN 6886935 AND 6887035
	Index Only Scan using sbtest8_pkey on sbtest8  (cost=0.43..6.51 rows=104 width=4)
	  Index Cond: ((id >= 6886935) AND (id <= 6887035))

for range-covered
table 1 : explain SELECT id FROM sbtest1 WHERE id BETWEEN 4804386 AND 4804486
	Index Only Scan using sbtest1_pkey on sbtest1  (cost=0.43..6.51 rows=104 width=4)
	  Index Cond: ((id >= 4804386) AND (id <= 4804486))

table 2 : explain SELECT id FROM sbtest2 WHERE id BETWEEN 4804386 AND 4804486
	Index Only Scan using sbtest2_pkey on sbtest2  (cost=0.43..6.40 rows=98 width=4)
	  Index Cond: ((id >= 4804386) AND (id <= 4804486))

table 3 : explain SELECT id FROM sbtest3 WHERE id BETWEEN 4804386 AND 4804486
	Index Only Scan using sbtest3_pkey on sbtest3  (cost=0.43..6.43 rows=100 width=4)
	  Index Cond: ((id >= 4804386) AND (id <= 4804486))

table 4 : explain SELECT id FROM sbtest4 WHERE id BETWEEN 4804386 AND 4804486
	Index Only Scan using sbtest4_pkey on sbtest4  (cost=0.43..6.32 rows=94 width=4)
	  Index Cond: ((id >= 4804386) AND (id <= 4804486))

table 5 : explain SELECT id FROM sbtest5 WHERE id BETWEEN 4804386 AND 4804486
	Index Only Scan using sbtest5_pkey on sbtest5  (cost=0.43..6.51 rows=104 width=4)
	  Index Cond: ((id >= 4804386) AND (id <= 4804486))

table 6 : explain SELECT id FROM sbtest6 WHERE id BETWEEN 4804386 AND 4804486
	Index Only Scan using sbtest6_pkey on sbtest6  (cost=0.43..6.59 rows=108 width=4)
	  Index Cond: ((id >= 4804386) AND (id <= 4804486))

table 7 : explain SELECT id FROM sbtest7 WHERE id BETWEEN 4804386 AND 4804486
	Index Only Scan using sbtest7_pkey on sbtest7  (cost=0.43..6.51 rows=104 width=4)
	  Index Cond: ((id >= 4804386) AND (id <= 4804486))

table 8 : explain SELECT id FROM sbtest8 WHERE id BETWEEN 4804386 AND 4804486
	Index Only Scan using sbtest8_pkey on sbtest8  (cost=0.43..6.58 rows=107 width=4)
	  Index Cond: ((id >= 4804386) AND (id <= 4804486))

explain: for range-covered :: explain SELECT id FROM sbtest%d WHERE id BETWEEN 4804386 AND 4804486
explain: for range-covered :: explain SELECT id FROM sbtest%d WHERE id BETWEEN 6886935 AND 6887035
explain: for range-covered :: explain SELECT id FROM sbtest%d WHERE id BETWEEN 4570702 AND 4570802
for range-covered
table 1 : explain SELECT id FROM sbtest1 WHERE id BETWEEN 5216987 AND 5217087
	Index Only Scan using sbtest1_pkey on sbtest1  (cost=0.43..6.37 rows=97 width=4)
	  Index Cond: ((id >= 5216987) AND (id <= 5217087))

table 2 : explain SELECT id FROM sbtest2 WHERE id BETWEEN 5216987 AND 5217087
	Index Only Scan using sbtest2_pkey on sbtest2  (cost=0.43..6.59 rows=108 width=4)
	  Index Cond: ((id >= 5216987) AND (id <= 5217087))

table 3 : explain SELECT id FROM sbtest3 WHERE id BETWEEN 5216987 AND 5217087
	Index Only Scan using sbtest3_pkey on sbtest3  (cost=0.43..6.35 rows=96 width=4)
	  Index Cond: ((id >= 5216987) AND (id <= 5217087))

table 4 : explain SELECT id FROM sbtest4 WHERE id BETWEEN 5216987 AND 5217087
	Index Only Scan using sbtest4_pkey on sbtest4  (cost=0.43..6.40 rows=98 width=4)
	  Index Cond: ((id >= 5216987) AND (id <= 5217087))

table 5 : explain SELECT id FROM sbtest5 WHERE id BETWEEN 5216987 AND 5217087
	Index Only Scan using sbtest5_pkey on sbtest5  (cost=0.43..6.25 rows=91 width=4)
	  Index Cond: ((id >= 5216987) AND (id <= 5217087))

table 6 : explain SELECT id FROM sbtest6 WHERE id BETWEEN 5216987 AND 5217087
	Index Only Scan using sbtest6_pkey on sbtest6  (cost=0.43..6.40 rows=98 width=4)
	  Index Cond: ((id >= 5216987) AND (id <= 5217087))

table 7 : explain SELECT id FROM sbtest7 WHERE id BETWEEN 5216987 AND 5217087
	Index Only Scan using sbtest7_pkey on sbtest7  (cost=0.43..6.45 rows=101 width=4)
	  Index Cond: ((id >= 5216987) AND (id <= 5217087))

table 8 : explain SELECT id FROM sbtest8 WHERE id BETWEEN 5216987 AND 5217087
	Index Only Scan using sbtest8_pkey on sbtest8  (cost=0.43..6.58 rows=107 width=4)
	  Index Cond: ((id >= 5216987) AND (id <= 5217087))

for range-covered
table 1 : explain SELECT id FROM sbtest1 WHERE id BETWEEN 619313 AND 619413
	Index Only Scan using sbtest1_pkey on sbtest1  (cost=0.43..6.51 rows=104 width=4)
	  Index Cond: ((id >= 619313) AND (id <= 619413))

table 2 : explain SELECT id FROM sbtest2 WHERE id BETWEEN 619313 AND 619413
	Index Only Scan using sbtest2_pkey on sbtest2  (cost=0.43..6.58 rows=107 width=4)
	  Index Cond: ((id >= 619313) AND (id <= 619413))

table 3 : explain SELECT id FROM sbtest3 WHERE id BETWEEN 619313 AND 619413
	Index Only Scan using sbtest3_pkey on sbtest3  (cost=0.43..6.42 rows=99 width=4)
	  Index Cond: ((id >= 619313) AND (id <= 619413))

table 4 : explain SELECT id FROM sbtest4 WHERE id BETWEEN 619313 AND 619413
	Index Only Scan using sbtest4_pkey on sbtest4  (cost=0.43..6.58 rows=107 width=4)
	  Index Cond: ((id >= 619313) AND (id <= 619413))

table 5 : explain SELECT id FROM sbtest5 WHERE id BETWEEN 619313 AND 619413
	Index Only Scan using sbtest5_pkey on sbtest5  (cost=0.43..6.47 rows=102 width=4)
	  Index Cond: ((id >= 619313) AND (id <= 619413))

table 6 : explain SELECT id FROM sbtest6 WHERE id BETWEEN 619313 AND 619413
	Index Only Scan using sbtest6_pkey on sbtest6  (cost=0.43..6.42 rows=99 width=4)
	  Index Cond: ((id >= 619313) AND (id <= 619413))

table 7 : explain SELECT id FROM sbtest7 WHERE id BETWEEN 619313 AND 619413
	Index Only Scan using sbtest7_pkey on sbtest7  (cost=0.43..6.47 rows=102 width=4)
	  Index Cond: ((id >= 619313) AND (id <= 619413))

table 8 : explain SELECT id FROM sbtest8 WHERE id BETWEEN 619313 AND 619413
	Index Only Scan using sbtest8_pkey on sbtest8  (cost=0.43..6.67 rows=112 width=4)
	  Index Cond: ((id >= 619313) AND (id <= 619413))

for range-covered
table 1 : explain SELECT id FROM sbtest1 WHERE id BETWEEN 1489293 AND 1489393
	Index Only Scan using sbtest1_pkey on sbtest1  (cost=0.43..6.50 rows=103 width=4)
	  Index Cond: ((id >= 1489293) AND (id <= 1489393))

table 2 : explain SELECT id FROM sbtest2 WHERE id BETWEEN 1489293 AND 1489393
	Index Only Scan using sbtest2_pkey on sbtest2  (cost=0.43..6.45 rows=101 width=4)
	  Index Cond: ((id >= 1489293) AND (id <= 1489393))

table 3 : explain SELECT id FROM sbtest3 WHERE id BETWEEN 1489293 AND 1489393
	Index Only Scan using sbtest3_pkey on sbtest3  (cost=0.43..6.56 rows=106 width=4)
	  Index Cond: ((id >= 1489293) AND (id <= 1489393))

table 4 : explain SELECT id FROM sbtest4 WHERE id BETWEEN 1489293 AND 1489393
	Index Only Scan using sbtest4_pkey on sbtest4  (cost=0.43..6.37 rows=97 width=4)
	  Index Cond: ((id >= 1489293) AND (id <= 1489393))

table 5 : explain SELECT id FROM sbtest5 WHERE id BETWEEN 1489293 AND 1489393
	Index Only Scan using sbtest5_pkey on sbtest5  (cost=0.43..6.50 rows=103 width=4)
	  Index Cond: ((id >= 1489293) AND (id <= 1489393))

table 6 : explain SELECT id FROM sbtest6 WHERE id BETWEEN 1489293 AND 1489393
	Index Only Scan using sbtest6_pkey on sbtest6  (cost=0.43..6.56 rows=106 width=4)
	  Index Cond: ((id >= 1489293) AND (id <= 1489393))

table 7 : explain SELECT id FROM sbtest7 WHERE id BETWEEN 1489293 AND 1489393
	Index Only Scan using sbtest7_pkey on sbtest7  (cost=0.43..6.50 rows=103 width=4)
	  Index Cond: ((id >= 1489293) AND (id <= 1489393))

table 8 : explain SELECT id FROM sbtest8 WHERE id BETWEEN 1489293 AND 1489393
	Index Only Scan using sbtest8_pkey on sbtest8  (cost=0.43..6.40 rows=98 width=4)
	  Index Cond: ((id >= 1489293) AND (id <= 1489393))

explain: for range-covered :: explain SELECT id FROM sbtest%d WHERE id BETWEEN 5216987 AND 5217087
for range-covered
table 1 : explain SELECT id FROM sbtest1 WHERE id BETWEEN 3757658 AND 3757758
	Index Only Scan using sbtest1_pkey on sbtest1  (cost=0.43..6.42 rows=99 width=4)
	  Index Cond: ((id >= 3757658) AND (id <= 3757758))

table 2 : explain SELECT id FROM sbtest2 WHERE id BETWEEN 3757658 AND 3757758
	Index Only Scan using sbtest2_pkey on sbtest2  (cost=0.43..6.67 rows=112 width=4)
	  Index Cond: ((id >= 3757658) AND (id <= 3757758))

table 3 : explain SELECT id FROM sbtest3 WHERE id BETWEEN 3757658 AND 3757758
	Index Only Scan using sbtest3_pkey on sbtest3  (cost=0.43..6.56 rows=106 width=4)
	  Index Cond: ((id >= 3757658) AND (id <= 3757758))

table 4 : explain SELECT id FROM sbtest4 WHERE id BETWEEN 3757658 AND 3757758
	Index Only Scan using sbtest4_pkey on sbtest4  (cost=0.43..6.74 rows=115 width=4)
	  Index Cond: ((id >= 3757658) AND (id <= 3757758))

table 5 : explain SELECT id FROM sbtest5 WHERE id BETWEEN 3757658 AND 3757758
	Index Only Scan using sbtest5_pkey on sbtest5  (cost=0.43..6.66 rows=111 width=4)
	  Index Cond: ((id >= 3757658) AND (id <= 3757758))

table 6 : explain SELECT id FROM sbtest6 WHERE id BETWEEN 3757658 AND 3757758
	Index Only Scan using sbtest6_pkey on sbtest6  (cost=0.43..6.40 rows=98 width=4)
	  Index Cond: ((id >= 3757658) AND (id <= 3757758))

table 7 : explain SELECT id FROM sbtest7 WHERE id BETWEEN 3757658 AND 3757758
	Index Only Scan using sbtest7_pkey on sbtest7  (cost=0.43..6.21 rows=89 width=4)
	  Index Cond: ((id >= 3757658) AND (id <= 3757758))

table 8 : explain SELECT id FROM sbtest8 WHERE id BETWEEN 3757658 AND 3757758
	Index Only Scan using sbtest8_pkey on sbtest8  (cost=0.43..6.37 rows=97 width=4)
	  Index Cond: ((id >= 3757658) AND (id <= 3757758))

for range-covered
table 1 : explain SELECT id FROM sbtest1 WHERE id BETWEEN 4005128 AND 4005228
	Index Only Scan using sbtest1_pkey on sbtest1  (cost=0.43..6.42 rows=99 width=4)
	  Index Cond: ((id >= 4005128) AND (id <= 4005228))

table 2 : explain SELECT id FROM sbtest2 WHERE id BETWEEN 4005128 AND 4005228
	Index Only Scan using sbtest2_pkey on sbtest2  (cost=0.43..6.51 rows=104 width=4)
	  Index Cond: ((id >= 4005128) AND (id <= 4005228))

table 3 : explain SELECT id FROM sbtest3 WHERE id BETWEEN 4005128 AND 4005228
	Index Only Scan using sbtest3_pkey on sbtest3  (cost=0.43..6.53 rows=105 width=4)
	  Index Cond: ((id >= 4005128) AND (id <= 4005228))

table 4 : explain SELECT id FROM sbtest4 WHERE id BETWEEN 4005128 AND 4005228
	Index Only Scan using sbtest4_pkey on sbtest4  (cost=0.43..6.45 rows=101 width=4)
	  Index Cond: ((id >= 4005128) AND (id <= 4005228))

table 5 : explain SELECT id FROM sbtest5 WHERE id BETWEEN 4005128 AND 4005228
	Index Only Scan using sbtest5_pkey on sbtest5  (cost=0.43..6.56 rows=106 width=4)
	  Index Cond: ((id >= 4005128) AND (id <= 4005228))

table 6 : explain SELECT id FROM sbtest6 WHERE id BETWEEN 4005128 AND 4005228
	Index Only Scan using sbtest6_pkey on sbtest6  (cost=0.43..6.61 rows=109 width=4)
	  Index Cond: ((id >= 4005128) AND (id <= 4005228))

table 7 : explain SELECT id FROM sbtest7 WHERE id BETWEEN 4005128 AND 4005228
	Index Only Scan using sbtest7_pkey on sbtest7  (cost=0.43..6.43 rows=100 width=4)
	  Index Cond: ((id >= 4005128) AND (id <= 4005228))

table 8 : explain SELECT id FROM sbtest8 WHERE id BETWEEN 4005128 AND 4005228
	Index Only Scan using sbtest8_pkey on sbtest8  (cost=0.43..6.56 rows=106 width=4)
	  Index Cond: ((id >= 4005128) AND (id <= 4005228))

explain: for range-covered :: explain SELECT id FROM sbtest%d WHERE id BETWEEN 3757658 AND 3757758
explain: for range-covered :: explain SELECT id FROM sbtest%d WHERE id BETWEEN 4005128 AND 4005228
explain: for range-covered :: explain SELECT id FROM sbtest%d WHERE id BETWEEN 1489293 AND 1489393
explain: for range-covered :: explain SELECT id FROM sbtest%d WHERE id BETWEEN 619313 AND 619413
explain: for range-covered :: explain SELECT id FROM sbtest%d WHERE id BETWEEN 5131874 AND 5131974
for range-covered
table 1 : explain SELECT id FROM sbtest1 WHERE id BETWEEN 4485820 AND 4485920
	Index Only Scan using sbtest1_pkey on sbtest1  (cost=0.43..6.43 rows=100 width=4)
	  Index Cond: ((id >= 4485820) AND (id <= 4485920))

table 2 : explain SELECT id FROM sbtest2 WHERE id BETWEEN 4485820 AND 4485920
	Index Only Scan using sbtest2_pkey on sbtest2  (cost=0.43..6.53 rows=105 width=4)
	  Index Cond: ((id >= 4485820) AND (id <= 4485920))

table 3 : explain SELECT id FROM sbtest3 WHERE id BETWEEN 4485820 AND 4485920
	Index Only Scan using sbtest3_pkey on sbtest3  (cost=0.43..6.50 rows=103 width=4)
	  Index Cond: ((id >= 4485820) AND (id <= 4485920))

table 4 : explain SELECT id FROM sbtest4 WHERE id BETWEEN 4485820 AND 4485920
	Index Only Scan using sbtest4_pkey on sbtest4  (cost=0.43..6.33 rows=95 width=4)
	  Index Cond: ((id >= 4485820) AND (id <= 4485920))

table 5 : explain SELECT id FROM sbtest5 WHERE id BETWEEN 4485820 AND 4485920
	Index Only Scan using sbtest5_pkey on sbtest5  (cost=0.43..6.51 rows=104 width=4)
	  Index Cond: ((id >= 4485820) AND (id <= 4485920))

table 6 : explain SELECT id FROM sbtest6 WHERE id BETWEEN 4485820 AND 4485920
	Index Only Scan using sbtest6_pkey on sbtest6  (cost=0.43..6.53 rows=105 width=4)
	  Index Cond: ((id >= 4485820) AND (id <= 4485920))

table 7 : explain SELECT id FROM sbtest7 WHERE id BETWEEN 4485820 AND 4485920
	Index Only Scan using sbtest7_pkey on sbtest7  (cost=0.43..6.42 rows=99 width=4)
	  Index Cond: ((id >= 4485820) AND (id <= 4485920))

table 8 : explain SELECT id FROM sbtest8 WHERE id BETWEEN 4485820 AND 4485920
	Index Only Scan using sbtest8_pkey on sbtest8  (cost=0.43..6.35 rows=96 width=4)
	  Index Cond: ((id >= 4485820) AND (id <= 4485920))

for range-covered
table 1 : explain SELECT id FROM sbtest1 WHERE id BETWEEN 4804386 AND 4804486
	Index Only Scan using sbtest1_pkey on sbtest1  (cost=0.43..6.51 rows=104 width=4)
	  Index Cond: ((id >= 4804386) AND (id <= 4804486))

table 2 : explain SELECT id FROM sbtest2 WHERE id BETWEEN 4804386 AND 4804486
	Index Only Scan using sbtest2_pkey on sbtest2  (cost=0.43..6.40 rows=98 width=4)
	  Index Cond: ((id >= 4804386) AND (id <= 4804486))

table 3 : explain SELECT id FROM sbtest3 WHERE id BETWEEN 4804386 AND 4804486
	Index Only Scan using sbtest3_pkey on sbtest3  (cost=0.43..6.43 rows=100 width=4)
	  Index Cond: ((id >= 4804386) AND (id <= 4804486))

table 4 : explain SELECT id FROM sbtest4 WHERE id BETWEEN 4804386 AND 4804486
	Index Only Scan using sbtest4_pkey on sbtest4  (cost=0.43..6.32 rows=94 width=4)
	  Index Cond: ((id >= 4804386) AND (id <= 4804486))

table 5 : explain SELECT id FROM sbtest5 WHERE id BETWEEN 4804386 AND 4804486
	Index Only Scan using sbtest5_pkey on sbtest5  (cost=0.43..6.51 rows=104 width=4)
	  Index Cond: ((id >= 4804386) AND (id <= 4804486))

table 6 : explain SELECT id FROM sbtest6 WHERE id BETWEEN 4804386 AND 4804486
	Index Only Scan using sbtest6_pkey on sbtest6  (cost=0.43..6.59 rows=108 width=4)
	  Index Cond: ((id >= 4804386) AND (id <= 4804486))

table 7 : explain SELECT id FROM sbtest7 WHERE id BETWEEN 4804386 AND 4804486
	Index Only Scan using sbtest7_pkey on sbtest7  (cost=0.43..6.51 rows=104 width=4)
	  Index Cond: ((id >= 4804386) AND (id <= 4804486))

table 8 : explain SELECT id FROM sbtest8 WHERE id BETWEEN 4804386 AND 4804486
	Index Only Scan using sbtest8_pkey on sbtest8  (cost=0.43..6.58 rows=107 width=4)
	  Index Cond: ((id >= 4804386) AND (id <= 4804486))

explain: for range-covered :: explain SELECT id FROM sbtest%d WHERE id BETWEEN 5896269 AND 5896369
explain: for range-covered :: explain SELECT id FROM sbtest%d WHERE id BETWEEN 4485820 AND 4485920
explain: for range-covered :: explain SELECT id FROM sbtest%d WHERE id BETWEEN 4804386 AND 4804486
for range-covered
table 1 : explain SELECT id FROM sbtest1 WHERE id BETWEEN 2362159 AND 2362259
	Index Only Scan using sbtest1_pkey on sbtest1  (cost=0.43..6.53 rows=105 width=4)
	  Index Cond: ((id >= 2362159) AND (id <= 2362259))

table 2 : explain SELECT id FROM sbtest2 WHERE id BETWEEN 2362159 AND 2362259
	Index Only Scan using sbtest2_pkey on sbtest2  (cost=0.43..6.42 rows=99 width=4)
	  Index Cond: ((id >= 2362159) AND (id <= 2362259))

table 3 : explain SELECT id FROM sbtest3 WHERE id BETWEEN 2362159 AND 2362259
	Index Only Scan using sbtest3_pkey on sbtest3  (cost=0.43..6.32 rows=94 width=4)
	  Index Cond: ((id >= 2362159) AND (id <= 2362259))

table 4 : explain SELECT id FROM sbtest4 WHERE id BETWEEN 2362159 AND 2362259
	Index Only Scan using sbtest4_pkey on sbtest4  (cost=0.43..6.42 rows=99 width=4)
	  Index Cond: ((id >= 2362159) AND (id <= 2362259))

table 5 : explain SELECT id FROM sbtest5 WHERE id BETWEEN 2362159 AND 2362259
	Index Only Scan using sbtest5_pkey on sbtest5  (cost=0.43..6.32 rows=94 width=4)
	  Index Cond: ((id >= 2362159) AND (id <= 2362259))

table 6 : explain SELECT id FROM sbtest6 WHERE id BETWEEN 2362159 AND 2362259
	Index Only Scan using sbtest6_pkey on sbtest6  (cost=0.43..6.32 rows=94 width=4)
	  Index Cond: ((id >= 2362159) AND (id <= 2362259))

table 7 : explain SELECT id FROM sbtest7 WHERE id BETWEEN 2362159 AND 2362259
	Index Only Scan using sbtest7_pkey on sbtest7  (cost=0.43..6.47 rows=102 width=4)
	  Index Cond: ((id >= 2362159) AND (id <= 2362259))

table 8 : explain SELECT id FROM sbtest8 WHERE id BETWEEN 2362159 AND 2362259
	Index Only Scan using sbtest8_pkey on sbtest8  (cost=0.43..6.45 rows=101 width=4)
	  Index Cond: ((id >= 2362159) AND (id <= 2362259))

for range-covered
table 1 : explain SELECT id FROM sbtest1 WHERE id BETWEEN 2637755 AND 2637855
	Index Only Scan using sbtest1_pkey on sbtest1  (cost=0.43..6.50 rows=103 width=4)
	  Index Cond: ((id >= 2637755) AND (id <= 2637855))

table 2 : explain SELECT id FROM sbtest2 WHERE id BETWEEN 2637755 AND 2637855
	Index Only Scan using sbtest2_pkey on sbtest2  (cost=0.43..6.37 rows=97 width=4)
	  Index Cond: ((id >= 2637755) AND (id <= 2637855))

table 3 : explain SELECT id FROM sbtest3 WHERE id BETWEEN 2637755 AND 2637855
	Index Only Scan using sbtest3_pkey on sbtest3  (cost=0.43..6.53 rows=105 width=4)
	  Index Cond: ((id >= 2637755) AND (id <= 2637855))

table 4 : explain SELECT id FROM sbtest4 WHERE id BETWEEN 2637755 AND 2637855
	Index Only Scan using sbtest4_pkey on sbtest4  (cost=0.43..6.63 rows=110 width=4)
	  Index Cond: ((id >= 2637755) AND (id <= 2637855))

table 5 : explain SELECT id FROM sbtest5 WHERE id BETWEEN 2637755 AND 2637855
	Index Only Scan using sbtest5_pkey on sbtest5  (cost=0.43..6.33 rows=95 width=4)
	  Index Cond: ((id >= 2637755) AND (id <= 2637855))

table 6 : explain SELECT id FROM sbtest6 WHERE id BETWEEN 2637755 AND 2637855
	Index Only Scan using sbtest6_pkey on sbtest6  (cost=0.43..6.29 rows=93 width=4)
	  Index Cond: ((id >= 2637755) AND (id <= 2637855))

table 7 : explain SELECT id FROM sbtest7 WHERE id BETWEEN 2637755 AND 2637855
	Index Only Scan using sbtest7_pkey on sbtest7  (cost=0.43..6.47 rows=102 width=4)
	  Index Cond: ((id >= 2637755) AND (id <= 2637855))

table 8 : explain SELECT id FROM sbtest8 WHERE id BETWEEN 2637755 AND 2637855
	Index Only Scan using sbtest8_pkey on sbtest8  (cost=0.43..6.33 rows=95 width=4)
	  Index Cond: ((id >= 2637755) AND (id <= 2637855))

explain: for range-covered :: explain SELECT id FROM sbtest%d WHERE id BETWEEN 2362159 AND 2362259
explain: for range-covered :: explain SELECT id FROM sbtest%d WHERE id BETWEEN 2637755 AND 2637855
for range-covered
table 1 : explain SELECT id FROM sbtest1 WHERE id BETWEEN 6886935 AND 6887035
	Index Only Scan using sbtest1_pkey on sbtest1  (cost=0.43..6.40 rows=98 width=4)
	  Index Cond: ((id >= 6886935) AND (id <= 6887035))

table 2 : explain SELECT id FROM sbtest2 WHERE id BETWEEN 6886935 AND 6887035
	Index Only Scan using sbtest2_pkey on sbtest2  (cost=0.43..6.32 rows=94 width=4)
	  Index Cond: ((id >= 6886935) AND (id <= 6887035))

table 3 : explain SELECT id FROM sbtest3 WHERE id BETWEEN 6886935 AND 6887035
	Index Only Scan using sbtest3_pkey on sbtest3  (cost=0.43..6.56 rows=106 width=4)
	  Index Cond: ((id >= 6886935) AND (id <= 6887035))

table 4 : explain SELECT id FROM sbtest4 WHERE id BETWEEN 6886935 AND 6887035
	Index Only Scan using sbtest4_pkey on sbtest4  (cost=0.43..6.32 rows=94 width=4)
	  Index Cond: ((id >= 6886935) AND (id <= 6887035))

table 5 : explain SELECT id FROM sbtest5 WHERE id BETWEEN 6886935 AND 6887035
	Index Only Scan using sbtest5_pkey on sbtest5  (cost=0.43..6.29 rows=93 width=4)
	  Index Cond: ((id >= 6886935) AND (id <= 6887035))

table 6 : explain SELECT id FROM sbtest6 WHERE id BETWEEN 6886935 AND 6887035
	Index Only Scan using sbtest6_pkey on sbtest6  (cost=0.43..6.45 rows=101 width=4)
	  Index Cond: ((id >= 6886935) AND (id <= 6887035))

table 7 : explain SELECT id FROM sbtest7 WHERE id BETWEEN 6886935 AND 6887035
	Index Only Scan using sbtest7_pkey on sbtest7  (cost=0.43..6.40 rows=98 width=4)
	  Index Cond: ((id >= 6886935) AND (id <= 6887035))

table 8 : explain SELECT id FROM sbtest8 WHERE id BETWEEN 6886935 AND 6887035
	Index Only Scan using sbtest8_pkey on sbtest8  (cost=0.43..6.51 rows=104 width=4)
	  Index Cond: ((id >= 6886935) AND (id <= 6887035))

explain: for range-covered :: explain SELECT id FROM sbtest%d WHERE id BETWEEN 6886935 AND 6887035
for range-covered
table 1 : explain SELECT id FROM sbtest1 WHERE id BETWEEN 5081211 AND 5081311
	Index Only Scan using sbtest1_pkey on sbtest1  (cost=0.43..6.63 rows=110 width=4)
	  Index Cond: ((id >= 5081211) AND (id <= 5081311))

table 2 : explain SELECT id FROM sbtest2 WHERE id BETWEEN 5081211 AND 5081311
	Index Only Scan using sbtest2_pkey on sbtest2  (cost=0.43..6.53 rows=105 width=4)
	  Index Cond: ((id >= 5081211) AND (id <= 5081311))

table 3 : explain SELECT id FROM sbtest3 WHERE id BETWEEN 5081211 AND 5081311
	Index Only Scan using sbtest3_pkey on sbtest3  (cost=0.43..6.50 rows=103 width=4)
	  Index Cond: ((id >= 5081211) AND (id <= 5081311))

table 4 : explain SELECT id FROM sbtest4 WHERE id BETWEEN 5081211 AND 5081311
	Index Only Scan using sbtest4_pkey on sbtest4  (cost=0.43..6.42 rows=99 width=4)
	  Index Cond: ((id >= 5081211) AND (id <= 5081311))

table 5 : explain SELECT id FROM sbtest5 WHERE id BETWEEN 5081211 AND 5081311
	Index Only Scan using sbtest5_pkey on sbtest5  (cost=0.43..6.51 rows=104 width=4)
	  Index Cond: ((id >= 5081211) AND (id <= 5081311))

table 6 : explain SELECT id FROM sbtest6 WHERE id BETWEEN 5081211 AND 5081311
	Index Only Scan using sbtest6_pkey on sbtest6  (cost=0.43..6.32 rows=94 width=4)
	  Index Cond: ((id >= 5081211) AND (id <= 5081311))

table 7 : explain SELECT id FROM sbtest7 WHERE id BETWEEN 5081211 AND 5081311
	Index Only Scan using sbtest7_pkey on sbtest7  (cost=0.43..6.29 rows=93 width=4)
	  Index Cond: ((id >= 5081211) AND (id <= 5081311))

table 8 : explain SELECT id FROM sbtest8 WHERE id BETWEEN 5081211 AND 5081311
	Index Only Scan using sbtest8_pkey on sbtest8  (cost=0.43..6.56 rows=106 width=4)
	  Index Cond: ((id >= 5081211) AND (id <= 5081311))

for range-covered
table 1 : explain SELECT id FROM sbtest1 WHERE id BETWEEN 5216987 AND 5217087
	Index Only Scan using sbtest1_pkey on sbtest1  (cost=0.43..6.37 rows=97 width=4)
	  Index Cond: ((id >= 5216987) AND (id <= 5217087))

table 2 : explain SELECT id FROM sbtest2 WHERE id BETWEEN 5216987 AND 5217087
	Index Only Scan using sbtest2_pkey on sbtest2  (cost=0.43..6.59 rows=108 width=4)
	  Index Cond: ((id >= 5216987) AND (id <= 5217087))

table 3 : explain SELECT id FROM sbtest3 WHERE id BETWEEN 5216987 AND 5217087
	Index Only Scan using sbtest3_pkey on sbtest3  (cost=0.43..6.35 rows=96 width=4)
	  Index Cond: ((id >= 5216987) AND (id <= 5217087))

table 4 : explain SELECT id FROM sbtest4 WHERE id BETWEEN 5216987 AND 5217087
	Index Only Scan using sbtest4_pkey on sbtest4  (cost=0.43..6.40 rows=98 width=4)
	  Index Cond: ((id >= 5216987) AND (id <= 5217087))

table 5 : explain SELECT id FROM sbtest5 WHERE id BETWEEN 5216987 AND 5217087
	Index Only Scan using sbtest5_pkey on sbtest5  (cost=0.43..6.25 rows=91 width=4)
	  Index Cond: ((id >= 5216987) AND (id <= 5217087))

table 6 : explain SELECT id FROM sbtest6 WHERE id BETWEEN 5216987 AND 5217087
	Index Only Scan using sbtest6_pkey on sbtest6  (cost=0.43..6.40 rows=98 width=4)
	  Index Cond: ((id >= 5216987) AND (id <= 5217087))

table 7 : explain SELECT id FROM sbtest7 WHERE id BETWEEN 5216987 AND 5217087
	Index Only Scan using sbtest7_pkey on sbtest7  (cost=0.43..6.45 rows=101 width=4)
	  Index Cond: ((id >= 5216987) AND (id <= 5217087))

table 8 : explain SELECT id FROM sbtest8 WHERE id BETWEEN 5216987 AND 5217087
	Index Only Scan using sbtest8_pkey on sbtest8  (cost=0.43..6.58 rows=107 width=4)
	  Index Cond: ((id >= 5216987) AND (id <= 5217087))

explain: for range-covered :: explain SELECT id FROM sbtest%d WHERE id BETWEEN 5081211 AND 5081311
explain: for range-covered :: explain SELECT id FROM sbtest%d WHERE id BETWEEN 5216987 AND 5217087
for range-covered
table 1 : explain SELECT id FROM sbtest1 WHERE id BETWEEN 4804386 AND 4804486
	Index Only Scan using sbtest1_pkey on sbtest1  (cost=0.43..6.51 rows=104 width=4)
	  Index Cond: ((id >= 4804386) AND (id <= 4804486))

table 2 : explain SELECT id FROM sbtest2 WHERE id BETWEEN 4804386 AND 4804486
	Index Only Scan using sbtest2_pkey on sbtest2  (cost=0.43..6.40 rows=98 width=4)
	  Index Cond: ((id >= 4804386) AND (id <= 4804486))

table 3 : explain SELECT id FROM sbtest3 WHERE id BETWEEN 4804386 AND 4804486
	Index Only Scan using sbtest3_pkey on sbtest3  (cost=0.43..6.43 rows=100 width=4)
	  Index Cond: ((id >= 4804386) AND (id <= 4804486))

table 4 : explain SELECT id FROM sbtest4 WHERE id BETWEEN 4804386 AND 4804486
	Index Only Scan using sbtest4_pkey on sbtest4  (cost=0.43..6.32 rows=94 width=4)
	  Index Cond: ((id >= 4804386) AND (id <= 4804486))

table 5 : explain SELECT id FROM sbtest5 WHERE id BETWEEN 4804386 AND 4804486
	Index Only Scan using sbtest5_pkey on sbtest5  (cost=0.43..6.51 rows=104 width=4)
	  Index Cond: ((id >= 4804386) AND (id <= 4804486))

table 6 : explain SELECT id FROM sbtest6 WHERE id BETWEEN 4804386 AND 4804486
	Index Only Scan using sbtest6_pkey on sbtest6  (cost=0.43..6.59 rows=108 width=4)
	  Index Cond: ((id >= 4804386) AND (id <= 4804486))

table 7 : explain SELECT id FROM sbtest7 WHERE id BETWEEN 4804386 AND 4804486
	Index Only Scan using sbtest7_pkey on sbtest7  (cost=0.43..6.51 rows=104 width=4)
	  Index Cond: ((id >= 4804386) AND (id <= 4804486))

table 8 : explain SELECT id FROM sbtest8 WHERE id BETWEEN 4804386 AND 4804486
	Index Only Scan using sbtest8_pkey on sbtest8  (cost=0.43..6.58 rows=107 width=4)
	  Index Cond: ((id >= 4804386) AND (id <= 4804486))

explain: for range-covered :: explain SELECT id FROM sbtest%d WHERE id BETWEEN 4804386 AND 4804486
for range-covered
table 1 : explain SELECT id FROM sbtest1 WHERE id BETWEEN 4570702 AND 4570802
	Index Only Scan using sbtest1_pkey on sbtest1  (cost=0.43..6.59 rows=108 width=4)
	  Index Cond: ((id >= 4570702) AND (id <= 4570802))

table 2 : explain SELECT id FROM sbtest2 WHERE id BETWEEN 4570702 AND 4570802
	Index Only Scan using sbtest2_pkey on sbtest2  (cost=0.43..6.51 rows=104 width=4)
	  Index Cond: ((id >= 4570702) AND (id <= 4570802))

table 3 : explain SELECT id FROM sbtest3 WHERE id BETWEEN 4570702 AND 4570802
	Index Only Scan using sbtest3_pkey on sbtest3  (cost=0.43..6.50 rows=103 width=4)
	  Index Cond: ((id >= 4570702) AND (id <= 4570802))

table 4 : explain SELECT id FROM sbtest4 WHERE id BETWEEN 4570702 AND 4570802
	Index Only Scan using sbtest4_pkey on sbtest4  (cost=0.43..6.42 rows=99 width=4)
	  Index Cond: ((id >= 4570702) AND (id <= 4570802))

table 5 : explain SELECT id FROM sbtest5 WHERE id BETWEEN 4570702 AND 4570802
	Index Only Scan using sbtest5_pkey on sbtest5  (cost=0.43..6.37 rows=97 width=4)
	  Index Cond: ((id >= 4570702) AND (id <= 4570802))

table 6 : explain SELECT id FROM sbtest6 WHERE id BETWEEN 4570702 AND 4570802
	Index Only Scan using sbtest6_pkey on sbtest6  (cost=0.43..6.27 rows=92 width=4)
	  Index Cond: ((id >= 4570702) AND (id <= 4570802))

table 7 : explain SELECT id FROM sbtest7 WHERE id BETWEEN 4570702 AND 4570802
	Index Only Scan using sbtest7_pkey on sbtest7  (cost=0.43..6.50 rows=103 width=4)
	  Index Cond: ((id >= 4570702) AND (id <= 4570802))

table 8 : explain SELECT id FROM sbtest8 WHERE id BETWEEN 4570702 AND 4570802
	Index Only Scan using sbtest8_pkey on sbtest8  (cost=0.43..6.35 rows=96 width=4)
	  Index Cond: ((id >= 4570702) AND (id <= 4570802))

for range-covered
table 1 : explain SELECT id FROM sbtest1 WHERE id BETWEEN 4485820 AND 4485920
	Index Only Scan using sbtest1_pkey on sbtest1  (cost=0.43..6.43 rows=100 width=4)
	  Index Cond: ((id >= 4485820) AND (id <= 4485920))

table 2 : explain SELECT id FROM sbtest2 WHERE id BETWEEN 4485820 AND 4485920
	Index Only Scan using sbtest2_pkey on sbtest2  (cost=0.43..6.53 rows=105 width=4)
	  Index Cond: ((id >= 4485820) AND (id <= 4485920))

table 3 : explain SELECT id FROM sbtest3 WHERE id BETWEEN 4485820 AND 4485920
	Index Only Scan using sbtest3_pkey on sbtest3  (cost=0.43..6.50 rows=103 width=4)
	  Index Cond: ((id >= 4485820) AND (id <= 4485920))

table 4 : explain SELECT id FROM sbtest4 WHERE id BETWEEN 4485820 AND 4485920
	Index Only Scan using sbtest4_pkey on sbtest4  (cost=0.43..6.33 rows=95 width=4)
	  Index Cond: ((id >= 4485820) AND (id <= 4485920))

table 5 : explain SELECT id FROM sbtest5 WHERE id BETWEEN 4485820 AND 4485920
	Index Only Scan using sbtest5_pkey on sbtest5  (cost=0.43..6.51 rows=104 width=4)
	  Index Cond: ((id >= 4485820) AND (id <= 4485920))

table 6 : explain SELECT id FROM sbtest6 WHERE id BETWEEN 4485820 AND 4485920
	Index Only Scan using sbtest6_pkey on sbtest6  (cost=0.43..6.53 rows=105 width=4)
	  Index Cond: ((id >= 4485820) AND (id <= 4485920))

table 7 : explain SELECT id FROM sbtest7 WHERE id BETWEEN 4485820 AND 4485920
	Index Only Scan using sbtest7_pkey on sbtest7  (cost=0.43..6.42 rows=99 width=4)
	  Index Cond: ((id >= 4485820) AND (id <= 4485920))

table 8 : explain SELECT id FROM sbtest8 WHERE id BETWEEN 4485820 AND 4485920
	Index Only Scan using sbtest8_pkey on sbtest8  (cost=0.43..6.35 rows=96 width=4)
	  Index Cond: ((id >= 4485820) AND (id <= 4485920))

explain: for range-covered :: explain SELECT id FROM sbtest%d WHERE id BETWEEN 6978234 AND 6978334
explain: for range-covered :: explain SELECT id FROM sbtest%d WHERE id BETWEEN 4485820 AND 4485920
for range-covered
table 1 : explain SELECT id FROM sbtest1 WHERE id BETWEEN 619313 AND 619413
	Index Only Scan using sbtest1_pkey on sbtest1  (cost=0.43..6.51 rows=104 width=4)
	  Index Cond: ((id >= 619313) AND (id <= 619413))

table 2 : explain SELECT id FROM sbtest2 WHERE id BETWEEN 619313 AND 619413
	Index Only Scan using sbtest2_pkey on sbtest2  (cost=0.43..6.58 rows=107 width=4)
	  Index Cond: ((id >= 619313) AND (id <= 619413))

table 3 : explain SELECT id FROM sbtest3 WHERE id BETWEEN 619313 AND 619413
	Index Only Scan using sbtest3_pkey on sbtest3  (cost=0.43..6.42 rows=99 width=4)
	  Index Cond: ((id >= 619313) AND (id <= 619413))

table 4 : explain SELECT id FROM sbtest4 WHERE id BETWEEN 619313 AND 619413
	Index Only Scan using sbtest4_pkey on sbtest4  (cost=0.43..6.58 rows=107 width=4)
	  Index Cond: ((id >= 619313) AND (id <= 619413))

table 5 : explain SELECT id FROM sbtest5 WHERE id BETWEEN 619313 AND 619413
	Index Only Scan using sbtest5_pkey on sbtest5  (cost=0.43..6.47 rows=102 width=4)
	  Index Cond: ((id >= 619313) AND (id <= 619413))

table 6 : explain SELECT id FROM sbtest6 WHERE id BETWEEN 619313 AND 619413
	Index Only Scan using sbtest6_pkey on sbtest6  (cost=0.43..6.42 rows=99 width=4)
	  Index Cond: ((id >= 619313) AND (id <= 619413))

table 7 : explain SELECT id FROM sbtest7 WHERE id BETWEEN 619313 AND 619413
	Index Only Scan using sbtest7_pkey on sbtest7  (cost=0.43..6.47 rows=102 width=4)
	  Index Cond: ((id >= 619313) AND (id <= 619413))

table 8 : explain SELECT id FROM sbtest8 WHERE id BETWEEN 619313 AND 619413
	Index Only Scan using sbtest8_pkey on sbtest8  (cost=0.43..6.67 rows=112 width=4)
	  Index Cond: ((id >= 619313) AND (id <= 619413))

for range-covered
table 1 : explain SELECT id FROM sbtest1 WHERE id BETWEEN 2637755 AND 2637855
	Index Only Scan using sbtest1_pkey on sbtest1  (cost=0.43..6.50 rows=103 width=4)
	  Index Cond: ((id >= 2637755) AND (id <= 2637855))

table 2 : explain SELECT id FROM sbtest2 WHERE id BETWEEN 2637755 AND 2637855
	Index Only Scan using sbtest2_pkey on sbtest2  (cost=0.43..6.37 rows=97 width=4)
	  Index Cond: ((id >= 2637755) AND (id <= 2637855))

table 3 : explain SELECT id FROM sbtest3 WHERE id BETWEEN 2637755 AND 2637855
	Index Only Scan using sbtest3_pkey on sbtest3  (cost=0.43..6.53 rows=105 width=4)
	  Index Cond: ((id >= 2637755) AND (id <= 2637855))

table 4 : explain SELECT id FROM sbtest4 WHERE id BETWEEN 2637755 AND 2637855
	Index Only Scan using sbtest4_pkey on sbtest4  (cost=0.43..6.63 rows=110 width=4)
	  Index Cond: ((id >= 2637755) AND (id <= 2637855))

table 5 : explain SELECT id FROM sbtest5 WHERE id BETWEEN 2637755 AND 2637855
	Index Only Scan using sbtest5_pkey on sbtest5  (cost=0.43..6.33 rows=95 width=4)
	  Index Cond: ((id >= 2637755) AND (id <= 2637855))

table 6 : explain SELECT id FROM sbtest6 WHERE id BETWEEN 2637755 AND 2637855
	Index Only Scan using sbtest6_pkey on sbtest6  (cost=0.43..6.29 rows=93 width=4)
	  Index Cond: ((id >= 2637755) AND (id <= 2637855))

table 7 : explain SELECT id FROM sbtest7 WHERE id BETWEEN 2637755 AND 2637855
	Index Only Scan using sbtest7_pkey on sbtest7  (cost=0.43..6.47 rows=102 width=4)
	  Index Cond: ((id >= 2637755) AND (id <= 2637855))

table 8 : explain SELECT id FROM sbtest8 WHERE id BETWEEN 2637755 AND 2637855
	Index Only Scan using sbtest8_pkey on sbtest8  (cost=0.43..6.33 rows=95 width=4)
	  Index Cond: ((id >= 2637755) AND (id <= 2637855))

for range-covered
table 1 : explain SELECT id FROM sbtest1 WHERE id BETWEEN 3757658 AND 3757758
	Index Only Scan using sbtest1_pkey on sbtest1  (cost=0.43..6.42 rows=99 width=4)
	  Index Cond: ((id >= 3757658) AND (id <= 3757758))

table 2 : explain SELECT id FROM sbtest2 WHERE id BETWEEN 3757658 AND 3757758
	Index Only Scan using sbtest2_pkey on sbtest2  (cost=0.43..6.67 rows=112 width=4)
	  Index Cond: ((id >= 3757658) AND (id <= 3757758))

table 3 : explain SELECT id FROM sbtest3 WHERE id BETWEEN 3757658 AND 3757758
	Index Only Scan using sbtest3_pkey on sbtest3  (cost=0.43..6.56 rows=106 width=4)
	  Index Cond: ((id >= 3757658) AND (id <= 3757758))

table 4 : explain SELECT id FROM sbtest4 WHERE id BETWEEN 3757658 AND 3757758
	Index Only Scan using sbtest4_pkey on sbtest4  (cost=0.43..6.74 rows=115 width=4)
	  Index Cond: ((id >= 3757658) AND (id <= 3757758))

table 5 : explain SELECT id FROM sbtest5 WHERE id BETWEEN 3757658 AND 3757758
	Index Only Scan using sbtest5_pkey on sbtest5  (cost=0.43..6.66 rows=111 width=4)
	  Index Cond: ((id >= 3757658) AND (id <= 3757758))

table 6 : explain SELECT id FROM sbtest6 WHERE id BETWEEN 3757658 AND 3757758
	Index Only Scan using sbtest6_pkey on sbtest6  (cost=0.43..6.40 rows=98 width=4)
	  Index Cond: ((id >= 3757658) AND (id <= 3757758))

table 7 : explain SELECT id FROM sbtest7 WHERE id BETWEEN 3757658 AND 3757758
	Index Only Scan using sbtest7_pkey on sbtest7  (cost=0.43..6.21 rows=89 width=4)
	  Index Cond: ((id >= 3757658) AND (id <= 3757758))

table 8 : explain SELECT id FROM sbtest8 WHERE id BETWEEN 3757658 AND 3757758
	Index Only Scan using sbtest8_pkey on sbtest8  (cost=0.43..6.37 rows=97 width=4)
	  Index Cond: ((id >= 3757658) AND (id <= 3757758))

explain: for range-covered :: explain SELECT id FROM sbtest%d WHERE id BETWEEN 2637755 AND 2637855
for range-covered
table 1 : explain SELECT id FROM sbtest1 WHERE id BETWEEN 5216987 AND 5217087
	Index Only Scan using sbtest1_pkey on sbtest1  (cost=0.43..6.37 rows=97 width=4)
	  Index Cond: ((id >= 5216987) AND (id <= 5217087))

table 2 : explain SELECT id FROM sbtest2 WHERE id BETWEEN 5216987 AND 5217087
	Index Only Scan using sbtest2_pkey on sbtest2  (cost=0.43..6.59 rows=108 width=4)
	  Index Cond: ((id >= 5216987) AND (id <= 5217087))

table 3 : explain SELECT id FROM sbtest3 WHERE id BETWEEN 5216987 AND 5217087
	Index Only Scan using sbtest3_pkey on sbtest3  (cost=0.43..6.35 rows=96 width=4)
	  Index Cond: ((id >= 5216987) AND (id <= 5217087))

table 4 : explain SELECT id FROM sbtest4 WHERE id BETWEEN 5216987 AND 5217087
	Index Only Scan using sbtest4_pkey on sbtest4  (cost=0.43..6.40 rows=98 width=4)
	  Index Cond: ((id >= 5216987) AND (id <= 5217087))

table 5 : explain SELECT id FROM sbtest5 WHERE id BETWEEN 5216987 AND 5217087
	Index Only Scan using sbtest5_pkey on sbtest5  (cost=0.43..6.25 rows=91 width=4)
	  Index Cond: ((id >= 5216987) AND (id <= 5217087))

table 6 : explain SELECT id FROM sbtest6 WHERE id BETWEEN 5216987 AND 5217087
	Index Only Scan using sbtest6_pkey on sbtest6  (cost=0.43..6.40 rows=98 width=4)
	  Index Cond: ((id >= 5216987) AND (id <= 5217087))

table 7 : explain SELECT id FROM sbtest7 WHERE id BETWEEN 5216987 AND 5217087
	Index Only Scan using sbtest7_pkey on sbtest7  (cost=0.43..6.45 rows=101 width=4)
	  Index Cond: ((id >= 5216987) AND (id <= 5217087))

table 8 : explain SELECT id FROM sbtest8 WHERE id BETWEEN 5216987 AND 5217087
	Index Only Scan using sbtest8_pkey on sbtest8  (cost=0.43..6.58 rows=107 width=4)
	  Index Cond: ((id >= 5216987) AND (id <= 5217087))

explain: for range-covered :: explain SELECT id FROM sbtest%d WHERE id BETWEEN 619313 AND 619413explain: for range-covered :: explain SELECT id FROM sbtest%d WHERE id BETWEEN 3757658 AND 3757758

for range-covered
table 1 : explain SELECT id FROM sbtest1 WHERE id BETWEEN 6886935 AND 6887035
	Index Only Scan using sbtest1_pkey on sbtest1  (cost=0.43..6.40 rows=98 width=4)
	  Index Cond: ((id >= 6886935) AND (id <= 6887035))

table 2 : explain SELECT id FROM sbtest2 WHERE id BETWEEN 6886935 AND 6887035
	Index Only Scan using sbtest2_pkey on sbtest2  (cost=0.43..6.32 rows=94 width=4)
	  Index Cond: ((id >= 6886935) AND (id <= 6887035))

table 3 : explain SELECT id FROM sbtest3 WHERE id BETWEEN 6886935 AND 6887035
	Index Only Scan using sbtest3_pkey on sbtest3  (cost=0.43..6.56 rows=106 width=4)
	  Index Cond: ((id >= 6886935) AND (id <= 6887035))

table 4 : explain SELECT id FROM sbtest4 WHERE id BETWEEN 6886935 AND 6887035
	Index Only Scan using sbtest4_pkey on sbtest4  (cost=0.43..6.32 rows=94 width=4)
	  Index Cond: ((id >= 6886935) AND (id <= 6887035))

table 5 : explain SELECT id FROM sbtest5 WHERE id BETWEEN 6886935 AND 6887035
	Index Only Scan using sbtest5_pkey on sbtest5  (cost=0.43..6.29 rows=93 width=4)
	  Index Cond: ((id >= 6886935) AND (id <= 6887035))

table 6 : explain SELECT id FROM sbtest6 WHERE id BETWEEN 6886935 AND 6887035
	Index Only Scan using sbtest6_pkey on sbtest6  (cost=0.43..6.45 rows=101 width=4)
	  Index Cond: ((id >= 6886935) AND (id <= 6887035))

table 7 : explain SELECT id FROM sbtest7 WHERE id BETWEEN 6886935 AND 6887035
	Index Only Scan using sbtest7_pkey on sbtest7  (cost=0.43..6.40 rows=98 width=4)
	  Index Cond: ((id >= 6886935) AND (id <= 6887035))

table 8 : explain SELECT id FROM sbtest8 WHERE id BETWEEN 6886935 AND 6887035
	Index Only Scan using sbtest8_pkey on sbtest8  (cost=0.43..6.51 rows=104 width=4)
	  Index Cond: ((id >= 6886935) AND (id <= 6887035))

for range-covered
table 1 : explain SELECT id FROM sbtest1 WHERE id BETWEEN 2362159 AND 2362259
	Index Only Scan using sbtest1_pkey on sbtest1  (cost=0.43..6.53 rows=105 width=4)
	  Index Cond: ((id >= 2362159) AND (id <= 2362259))

table 2 : explain SELECT id FROM sbtest2 WHERE id BETWEEN 2362159 AND 2362259
	Index Only Scan using sbtest2_pkey on sbtest2  (cost=0.43..6.42 rows=99 width=4)
	  Index Cond: ((id >= 2362159) AND (id <= 2362259))

table 3 : explain SELECT id FROM sbtest3 WHERE id BETWEEN 2362159 AND 2362259
	Index Only Scan using sbtest3_pkey on sbtest3  (cost=0.43..6.32 rows=94 width=4)
	  Index Cond: ((id >= 2362159) AND (id <= 2362259))

table 4 : explain SELECT id FROM sbtest4 WHERE id BETWEEN 2362159 AND 2362259
	Index Only Scan using sbtest4_pkey on sbtest4  (cost=0.43..6.42 rows=99 width=4)
	  Index Cond: ((id >= 2362159) AND (id <= 2362259))

table 5 : explain SELECT id FROM sbtest5 WHERE id BETWEEN 2362159 AND 2362259
	Index Only Scan using sbtest5_pkey on sbtest5  (cost=0.43..6.32 rows=94 width=4)
	  Index Cond: ((id >= 2362159) AND (id <= 2362259))

table 6 : explain SELECT id FROM sbtest6 WHERE id BETWEEN 2362159 AND 2362259
	Index Only Scan using sbtest6_pkey on sbtest6  (cost=0.43..6.32 rows=94 width=4)
	  Index Cond: ((id >= 2362159) AND (id <= 2362259))

table 7 : explain SELECT id FROM sbtest7 WHERE id BETWEEN 2362159 AND 2362259
	Index Only Scan using sbtest7_pkey on sbtest7  (cost=0.43..6.47 rows=102 width=4)
	  Index Cond: ((id >= 2362159) AND (id <= 2362259))

table 8 : explain SELECT id FROM sbtest8 WHERE id BETWEEN 2362159 AND 2362259
	Index Only Scan using sbtest8_pkey on sbtest8  (cost=0.43..6.45 rows=101 width=4)
	  Index Cond: ((id >= 2362159) AND (id <= 2362259))
explain: for range-covered :: explain SELECT id FROM sbtest%d WHERE id BETWEEN 5216987 AND 5217087

explain: for range-covered :: explain SELECT id FROM sbtest%d WHERE id BETWEEN 2362159 AND 2362259
explain: for range-covered :: explain SELECT id FROM sbtest%d WHERE id BETWEEN 6886935 AND 6887035
for range-covered
table 1 : explain SELECT id FROM sbtest1 WHERE id BETWEEN 5131874 AND 5131974
	Index Only Scan using sbtest1_pkey on sbtest1  (cost=0.43..6.63 rows=110 width=4)
	  Index Cond: ((id >= 5131874) AND (id <= 5131974))

table 2 : explain SELECT id FROM sbtest2 WHERE id BETWEEN 5131874 AND 5131974
	Index Only Scan using sbtest2_pkey on sbtest2  (cost=0.43..6.51 rows=104 width=4)
	  Index Cond: ((id >= 5131874) AND (id <= 5131974))

table 3 : explain SELECT id FROM sbtest3 WHERE id BETWEEN 5131874 AND 5131974
	Index Only Scan using sbtest3_pkey on sbtest3  (cost=0.43..6.50 rows=103 width=4)
	  Index Cond: ((id >= 5131874) AND (id <= 5131974))

table 4 : explain SELECT id FROM sbtest4 WHERE id BETWEEN 5131874 AND 5131974
	Index Only Scan using sbtest4_pkey on sbtest4  (cost=0.43..6.50 rows=103 width=4)
	  Index Cond: ((id >= 5131874) AND (id <= 5131974))

table 5 : explain SELECT id FROM sbtest5 WHERE id BETWEEN 5131874 AND 5131974
	Index Only Scan using sbtest5_pkey on sbtest5  (cost=0.43..6.51 rows=104 width=4)
	  Index Cond: ((id >= 5131874) AND (id <= 5131974))

table 6 : explain SELECT id FROM sbtest6 WHERE id BETWEEN 5131874 AND 5131974
	Index Only Scan using sbtest6_pkey on sbtest6  (cost=0.43..6.40 rows=98 width=4)
	  Index Cond: ((id >= 5131874) AND (id <= 5131974))

table 7 : explain SELECT id FROM sbtest7 WHERE id BETWEEN 5131874 AND 5131974
	Index Only Scan using sbtest7_pkey on sbtest7  (cost=0.43..6.29 rows=93 width=4)
	  Index Cond: ((id >= 5131874) AND (id <= 5131974))

table 8 : explain SELECT id FROM sbtest8 WHERE id BETWEEN 5131874 AND 5131974
	Index Only Scan using sbtest8_pkey on sbtest8  (cost=0.43..6.56 rows=106 width=4)
	  Index Cond: ((id >= 5131874) AND (id <= 5131974))

explain: for range-covered :: explain SELECT id FROM sbtest%d WHERE id BETWEEN 5131874 AND 5131974
for range-covered
table 1 : explain SELECT id FROM sbtest1 WHERE id BETWEEN 5081211 AND 5081311
	Index Only Scan using sbtest1_pkey on sbtest1  (cost=0.43..6.63 rows=110 width=4)
	  Index Cond: ((id >= 5081211) AND (id <= 5081311))

table 2 : explain SELECT id FROM sbtest2 WHERE id BETWEEN 5081211 AND 5081311
	Index Only Scan using sbtest2_pkey on sbtest2  (cost=0.43..6.53 rows=105 width=4)
	  Index Cond: ((id >= 5081211) AND (id <= 5081311))

table 3 : explain SELECT id FROM sbtest3 WHERE id BETWEEN 5081211 AND 5081311
	Index Only Scan using sbtest3_pkey on sbtest3  (cost=0.43..6.50 rows=103 width=4)
	  Index Cond: ((id >= 5081211) AND (id <= 5081311))

table 4 : explain SELECT id FROM sbtest4 WHERE id BETWEEN 5081211 AND 5081311
	Index Only Scan using sbtest4_pkey on sbtest4  (cost=0.43..6.42 rows=99 width=4)
	  Index Cond: ((id >= 5081211) AND (id <= 5081311))

table 5 : explain SELECT id FROM sbtest5 WHERE id BETWEEN 5081211 AND 5081311
	Index Only Scan using sbtest5_pkey on sbtest5  (cost=0.43..6.51 rows=104 width=4)
	  Index Cond: ((id >= 5081211) AND (id <= 5081311))

table 6 : explain SELECT id FROM sbtest6 WHERE id BETWEEN 5081211 AND 5081311
	Index Only Scan using sbtest6_pkey on sbtest6  (cost=0.43..6.32 rows=94 width=4)
	  Index Cond: ((id >= 5081211) AND (id <= 5081311))

table 7 : explain SELECT id FROM sbtest7 WHERE id BETWEEN 5081211 AND 5081311
	Index Only Scan using sbtest7_pkey on sbtest7  (cost=0.43..6.29 rows=93 width=4)
	  Index Cond: ((id >= 5081211) AND (id <= 5081311))

table 8 : explain SELECT id FROM sbtest8 WHERE id BETWEEN 5081211 AND 5081311
	Index Only Scan using sbtest8_pkey on sbtest8  (cost=0.43..6.56 rows=106 width=4)
	  Index Cond: ((id >= 5081211) AND (id <= 5081311))

for range-covered
table 1 : explain SELECT id FROM sbtest1 WHERE id BETWEEN 5896269 AND 5896369
	Index Only Scan using sbtest1_pkey on sbtest1  (cost=0.43..6.61 rows=109 width=4)
	  Index Cond: ((id >= 5896269) AND (id <= 5896369))

table 2 : explain SELECT id FROM sbtest2 WHERE id BETWEEN 5896269 AND 5896369
	Index Only Scan using sbtest2_pkey on sbtest2  (cost=0.43..6.67 rows=112 width=4)
	  Index Cond: ((id >= 5896269) AND (id <= 5896369))

table 3 : explain SELECT id FROM sbtest3 WHERE id BETWEEN 5896269 AND 5896369
	Index Only Scan using sbtest3_pkey on sbtest3  (cost=0.43..6.40 rows=98 width=4)
	  Index Cond: ((id >= 5896269) AND (id <= 5896369))

table 4 : explain SELECT id FROM sbtest4 WHERE id BETWEEN 5896269 AND 5896369
	Index Only Scan using sbtest4_pkey on sbtest4  (cost=0.43..6.45 rows=101 width=4)
	  Index Cond: ((id >= 5896269) AND (id <= 5896369))

table 5 : explain SELECT id FROM sbtest5 WHERE id BETWEEN 5896269 AND 5896369
	Index Only Scan using sbtest5_pkey on sbtest5  (cost=0.43..6.47 rows=102 width=4)
	  Index Cond: ((id >= 5896269) AND (id <= 5896369))

table 6 : explain SELECT id FROM sbtest6 WHERE id BETWEEN 5896269 AND 5896369
	Index Only Scan using sbtest6_pkey on sbtest6  (cost=0.43..6.42 rows=99 width=4)
	  Index Cond: ((id >= 5896269) AND (id <= 5896369))

table 7 : explain SELECT id FROM sbtest7 WHERE id BETWEEN 5896269 AND 5896369
	Index Only Scan using sbtest7_pkey on sbtest7  (cost=0.43..6.40 rows=98 width=4)
	  Index Cond: ((id >= 5896269) AND (id <= 5896369))

table 8 : explain SELECT id FROM sbtest8 WHERE id BETWEEN 5896269 AND 5896369
	Index Only Scan using sbtest8_pkey on sbtest8  (cost=0.43..6.47 rows=102 width=4)
	  Index Cond: ((id >= 5896269) AND (id <= 5896369))

for range-covered
table 1 : explain SELECT id FROM sbtest1 WHERE id BETWEEN 2815873 AND 2815973
	Index Only Scan using sbtest1_pkey on sbtest1  (cost=0.43..6.32 rows=94 width=4)
	  Index Cond: ((id >= 2815873) AND (id <= 2815973))

table 2 : explain SELECT id FROM sbtest2 WHERE id BETWEEN 2815873 AND 2815973
	Index Only Scan using sbtest2_pkey on sbtest2  (cost=0.43..6.29 rows=93 width=4)
	  Index Cond: ((id >= 2815873) AND (id <= 2815973))

table 3 : explain SELECT id FROM sbtest3 WHERE id BETWEEN 2815873 AND 2815973
	Index Only Scan using sbtest3_pkey on sbtest3  (cost=0.43..6.56 rows=106 width=4)
	  Index Cond: ((id >= 2815873) AND (id <= 2815973))

table 4 : explain SELECT id FROM sbtest4 WHERE id BETWEEN 2815873 AND 2815973
	Index Only Scan using sbtest4_pkey on sbtest4  (cost=0.43..6.47 rows=102 width=4)
	  Index Cond: ((id >= 2815873) AND (id <= 2815973))

table 5 : explain SELECT id FROM sbtest5 WHERE id BETWEEN 2815873 AND 2815973
	Index Only Scan using sbtest5_pkey on sbtest5  (cost=0.43..6.29 rows=93 width=4)
	  Index Cond: ((id >= 2815873) AND (id <= 2815973))

table 6 : explain SELECT id FROM sbtest6 WHERE id BETWEEN 2815873 AND 2815973
	Index Only Scan using sbtest6_pkey on sbtest6  (cost=0.43..6.47 rows=102 width=4)
	  Index Cond: ((id >= 2815873) AND (id <= 2815973))

table 7 : explain SELECT id FROM sbtest7 WHERE id BETWEEN 2815873 AND 2815973
	Index Only Scan using sbtest7_pkey on sbtest7  (cost=0.43..6.53 rows=105 width=4)
	  Index Cond: ((id >= 2815873) AND (id <= 2815973))

table 8 : explain SELECT id FROM sbtest8 WHERE id BETWEEN 2815873 AND 2815973
	Index Only Scan using sbtest8_pkey on sbtest8  (cost=0.43..6.19 rows=88 width=4)
	  Index Cond: ((id >= 2815873) AND (id <= 2815973))

explain: for range-covered :: explain SELECT id FROM sbtest%d WHERE id BETWEEN 5081211 AND 5081311
explain: for range-covered :: explain SELECT id FROM sbtest%d WHERE id BETWEEN 5896269 AND 5896369
for range-covered
table 1 : explain SELECT id FROM sbtest1 WHERE id BETWEEN 4804386 AND 4804486
	Index Only Scan using sbtest1_pkey on sbtest1  (cost=0.43..6.51 rows=104 width=4)
	  Index Cond: ((id >= 4804386) AND (id <= 4804486))

table 2 : explain SELECT id FROM sbtest2 WHERE id BETWEEN 4804386 AND 4804486
	Index Only Scan using sbtest2_pkey on sbtest2  (cost=0.43..6.40 rows=98 width=4)
	  Index Cond: ((id >= 4804386) AND (id <= 4804486))

table 3 : explain SELECT id FROM sbtest3 WHERE id BETWEEN 4804386 AND 4804486
	Index Only Scan using sbtest3_pkey on sbtest3  (cost=0.43..6.43 rows=100 width=4)
	  Index Cond: ((id >= 4804386) AND (id <= 4804486))

table 4 : explain SELECT id FROM sbtest4 WHERE id BETWEEN 4804386 AND 4804486
	Index Only Scan using sbtest4_pkey on sbtest4  (cost=0.43..6.32 rows=94 width=4)
	  Index Cond: ((id >= 4804386) AND (id <= 4804486))

table 5 : explain SELECT id FROM sbtest5 WHERE id BETWEEN 4804386 AND 4804486
	Index Only Scan using sbtest5_pkey on sbtest5  (cost=0.43..6.51 rows=104 width=4)
	  Index Cond: ((id >= 4804386) AND (id <= 4804486))

table 6 : explain SELECT id FROM sbtest6 WHERE id BETWEEN 4804386 AND 4804486
	Index Only Scan using sbtest6_pkey on sbtest6  (cost=0.43..6.59 rows=108 width=4)
	  Index Cond: ((id >= 4804386) AND (id <= 4804486))

table 7 : explain SELECT id FROM sbtest7 WHERE id BETWEEN 4804386 AND 4804486
	Index Only Scan using sbtest7_pkey on sbtest7  (cost=0.43..6.51 rows=104 width=4)
	  Index Cond: ((id >= 4804386) AND (id <= 4804486))

table 8 : explain SELECT id FROM sbtest8 WHERE id BETWEEN 4804386 AND 4804486
	Index Only Scan using sbtest8_pkey on sbtest8  (cost=0.43..6.58 rows=107 width=4)
	  Index Cond: ((id >= 4804386) AND (id <= 4804486))

explain: for range-covered :: explain SELECT id FROM sbtest%d WHERE id BETWEEN 2815873 AND 2815973
explain: for range-covered :: explain SELECT id FROM sbtest%d WHERE id BETWEEN 4804386 AND 4804486for range-covered
table 1 : explain SELECT id FROM sbtest1 WHERE id BETWEEN 2362159 AND 2362259
	Index Only Scan using sbtest1_pkey on sbtest1  (cost=0.43..6.53 rows=105 width=4)
	  Index Cond: ((id >= 2362159) AND (id <= 2362259))

table 2 : explain SELECT id FROM sbtest2 WHERE id BETWEEN 2362159 AND 2362259
	Index Only Scan using sbtest2_pkey on sbtest2  (cost=0.43..6.42 rows=99 width=4)
	  Index Cond: ((id >= 2362159) AND (id <= 2362259))

table 3 : explain SELECT id FROM sbtest3 WHERE id BETWEEN 2362159 AND 2362259
	Index Only Scan using sbtest3_pkey on sbtest3  (cost=0.43..6.32 rows=94 width=4)
	  Index Cond: ((id >= 2362159) AND (id <= 2362259))

table 4 : explain SELECT id FROM sbtest4 WHERE id BETWEEN 2362159 AND 2362259
	Index Only Scan using sbtest4_pkey on sbtest4  (cost=0.43..6.42 rows=99 width=4)
	  Index Cond: ((id >= 2362159) AND (id <= 2362259))

table 5 : explain SELECT id FROM sbtest5 WHERE id BETWEEN 2362159 AND 2362259
	Index Only Scan using sbtest5_pkey on sbtest5  (cost=0.43..6.32 rows=94 width=4)
	  Index Cond: ((id >= 2362159) AND (id <= 2362259))

table 6 : explain SELECT id FROM sbtest6 WHERE id BETWEEN 2362159 AND 2362259
	Index Only Scan using sbtest6_pkey on sbtest6  (cost=0.43..6.32 rows=94 width=4)
	  Index Cond: ((id >= 2362159) AND (id <= 2362259))

table 7 : explain SELECT id FROM sbtest7 WHERE id BETWEEN 2362159 AND 2362259
	Index Only Scan using sbtest7_pkey on sbtest7  (cost=0.43..6.47 rows=102 width=4)
	  Index Cond: ((id >= 2362159) AND (id <= 2362259))

table 8 : explain SELECT id FROM sbtest8 WHERE id BETWEEN 2362159 AND 2362259
	Index Only Scan using sbtest8_pkey on sbtest8  (cost=0.43..6.45 rows=101 width=4)
	  Index Cond: ((id >= 2362159) AND (id <= 2362259))


for range-covered
table 1 : explain SELECT id FROM sbtest1 WHERE id BETWEEN 4485820 AND 4485920
	Index Only Scan using sbtest1_pkey on sbtest1  (cost=0.43..6.43 rows=100 width=4)
	  Index Cond: ((id >= 4485820) AND (id <= 4485920))

table 2 : explain SELECT id FROM sbtest2 WHERE id BETWEEN 4485820 AND 4485920
	Index Only Scan using sbtest2_pkey on sbtest2  (cost=0.43..6.53 rows=105 width=4)
	  Index Cond: ((id >= 4485820) AND (id <= 4485920))

table 3 : explain SELECT id FROM sbtest3 WHERE id BETWEEN 4485820 AND 4485920
	Index Only Scan using sbtest3_pkey on sbtest3  (cost=0.43..6.50 rows=103 width=4)
	  Index Cond: ((id >= 4485820) AND (id <= 4485920))

table 4 : explain SELECT id FROM sbtest4 WHERE id BETWEEN 4485820 AND 4485920
	Index Only Scan using sbtest4_pkey on sbtest4  (cost=0.43..6.33 rows=95 width=4)
	  Index Cond: ((id >= 4485820) AND (id <= 4485920))

table 5 : explain SELECT id FROM sbtest5 WHERE id BETWEEN 4485820 AND 4485920
	Index Only Scan using sbtest5_pkey on sbtest5  (cost=0.43..6.51 rows=104 width=4)
	  Index Cond: ((id >= 4485820) AND (id <= 4485920))

table 6 : explain SELECT id FROM sbtest6 WHERE id BETWEEN 4485820 AND 4485920
	Index Only Scan using sbtest6_pkey on sbtest6  (cost=0.43..6.53 rows=105 width=4)
	  Index Cond: ((id >= 4485820) AND (id <= 4485920))

table 7 : explain SELECT id FROM sbtest7 WHERE id BETWEEN 4485820 AND 4485920
	Index Only Scan using sbtest7_pkey on sbtest7  (cost=0.43..6.42 rows=99 width=4)
	  Index Cond: ((id >= 4485820) AND (id <= 4485920))

table 8 : explain SELECT id FROM sbtest8 WHERE id BETWEEN 4485820 AND 4485920
	Index Only Scan using sbtest8_pkey on sbtest8  (cost=0.43..6.35 rows=96 width=4)
	  Index Cond: ((id >= 4485820) AND (id <= 4485920))

explain: for range-covered :: explain SELECT id FROM sbtest%d WHERE id BETWEEN 4485820 AND 4485920
for range-covered
table 1 : explain SELECT id FROM sbtest1 WHERE id BETWEEN 5131874 AND 5131974
	Index Only Scan using sbtest1_pkey on sbtest1  (cost=0.43..6.63 rows=110 width=4)
	  Index Cond: ((id >= 5131874) AND (id <= 5131974))

table 2 : explain SELECT id FROM sbtest2 WHERE id BETWEEN 5131874 AND 5131974
	Index Only Scan using sbtest2_pkey on sbtest2  (cost=0.43..6.51 rows=104 width=4)
	  Index Cond: ((id >= 5131874) AND (id <= 5131974))

table 3 : explain SELECT id FROM sbtest3 WHERE id BETWEEN 5131874 AND 5131974
	Index Only Scan using sbtest3_pkey on sbtest3  (cost=0.43..6.50 rows=103 width=4)
	  Index Cond: ((id >= 5131874) AND (id <= 5131974))

table 4 : explain SELECT id FROM sbtest4 WHERE id BETWEEN 5131874 AND 5131974
	Index Only Scan using sbtest4_pkey on sbtest4  (cost=0.43..6.50 rows=103 width=4)
	  Index Cond: ((id >= 5131874) AND (id <= 5131974))

table 5 : explain SELECT id FROM sbtest5 WHERE id BETWEEN 5131874 AND 5131974
	Index Only Scan using sbtest5_pkey on sbtest5  (cost=0.43..6.51 rows=104 width=4)
	  Index Cond: ((id >= 5131874) AND (id <= 5131974))

table 6 : explain SELECT id FROM sbtest6 WHERE id BETWEEN 5131874 AND 5131974
	Index Only Scan using sbtest6_pkey on sbtest6  (cost=0.43..6.40 rows=98 width=4)
	  Index Cond: ((id >= 5131874) AND (id <= 5131974))

table 7 : explain SELECT id FROM sbtest7 WHERE id BETWEEN 5131874 AND 5131974
	Index Only Scan using sbtest7_pkey on sbtest7  (cost=0.43..6.29 rows=93 width=4)
	  Index Cond: ((id >= 5131874) AND (id <= 5131974))

table 8 : explain SELECT id FROM sbtest8 WHERE id BETWEEN 5131874 AND 5131974
	Index Only Scan using sbtest8_pkey on sbtest8  (cost=0.43..6.56 rows=106 width=4)
	  Index Cond: ((id >= 5131874) AND (id <= 5131974))

for range-covered
table 1 : explain SELECT id FROM sbtest1 WHERE id BETWEEN 619313 AND 619413
	Index Only Scan using sbtest1_pkey on sbtest1  (cost=0.43..6.51 rows=104 width=4)
	  Index Cond: ((id >= 619313) AND (id <= 619413))

table 2 : explain SELECT id FROM sbtest2 WHERE id BETWEEN 619313 AND 619413
	Index Only Scan using sbtest2_pkey on sbtest2  (cost=0.43..6.58 rows=107 width=4)
	  Index Cond: ((id >= 619313) AND (id <= 619413))

table 3 : explain SELECT id FROM sbtest3 WHERE id BETWEEN 619313 AND 619413
	Index Only Scan using sbtest3_pkey on sbtest3  (cost=0.43..6.42 rows=99 width=4)
	  Index Cond: ((id >= 619313) AND (id <= 619413))

table 4 : explain SELECT id FROM sbtest4 WHERE id BETWEEN 619313 AND 619413
	Index Only Scan using sbtest4_pkey on sbtest4  (cost=0.43..6.58 rows=107 width=4)
	  Index Cond: ((id >= 619313) AND (id <= 619413))

table 5 : explain SELECT id FROM sbtest5 WHERE id BETWEEN 619313 AND 619413
	Index Only Scan using sbtest5_pkey on sbtest5  (cost=0.43..6.47 rows=102 width=4)
	  Index Cond: ((id >= 619313) AND (id <= 619413))

table 6 : explain SELECT id FROM sbtest6 WHERE id BETWEEN 619313 AND 619413
	Index Only Scan using sbtest6_pkey on sbtest6  (cost=0.43..6.42 rows=99 width=4)
	  Index Cond: ((id >= 619313) AND (id <= 619413))

table 7 : explain SELECT id FROM sbtest7 WHERE id BETWEEN 619313 AND 619413
	Index Only Scan using sbtest7_pkey on sbtest7  (cost=0.43..6.47 rows=102 width=4)
	  Index Cond: ((id >= 619313) AND (id <= 619413))

table 8 : explain SELECT id FROM sbtest8 WHERE id BETWEEN 619313 AND 619413
	Index Only Scan using sbtest8_pkey on sbtest8  (cost=0.43..6.67 rows=112 width=4)
	  Index Cond: ((id >= 619313) AND (id <= 619413))

for range-covered
table 1 : explain SELECT id FROM sbtest1 WHERE id BETWEEN 2637755 AND 2637855
	Index Only Scan using sbtest1_pkey on sbtest1  (cost=0.43..6.50 rows=103 width=4)
	  Index Cond: ((id >= 2637755) AND (id <= 2637855))

table 2 : explain SELECT id FROM sbtest2 WHERE id BETWEEN 2637755 AND 2637855
	Index Only Scan using sbtest2_pkey on sbtest2  (cost=0.43..6.37 rows=97 width=4)
	  Index Cond: ((id >= 2637755) AND (id <= 2637855))

table 3 : explain SELECT id FROM sbtest3 WHERE id BETWEEN 2637755 AND 2637855
	Index Only Scan using sbtest3_pkey on sbtest3  (cost=0.43..6.53 rows=105 width=4)
	  Index Cond: ((id >= 2637755) AND (id <= 2637855))

table 4 : explain SELECT id FROM sbtest4 WHERE id BETWEEN 2637755 AND 2637855
	Index Only Scan using sbtest4_pkey on sbtest4  (cost=0.43..6.63 rows=110 width=4)
	  Index Cond: ((id >= 2637755) AND (id <= 2637855))

table 5 : explain SELECT id FROM sbtest5 WHERE id BETWEEN 2637755 AND 2637855
	Index Only Scan using sbtest5_pkey on sbtest5  (cost=0.43..6.33 rows=95 width=4)
	  Index Cond: ((id >= 2637755) AND (id <= 2637855))

table 6 : explain SELECT id FROM sbtest6 WHERE id BETWEEN 2637755 AND 2637855
	Index Only Scan using sbtest6_pkey on sbtest6  (cost=0.43..6.29 rows=93 width=4)
	  Index Cond: ((id >= 2637755) AND (id <= 2637855))

table 7 : explain SELECT id FROM sbtest7 WHERE id BETWEEN 2637755 AND 2637855
	Index Only Scan using sbtest7_pkey on sbtest7  (cost=0.43..6.47 rows=102 width=4)
	  Index Cond: ((id >= 2637755) AND (id <= 2637855))

table 8 : explain SELECT id FROM sbtest8 WHERE id BETWEEN 2637755 AND 2637855
	Index Only Scan using sbtest8_pkey on sbtest8  (cost=0.43..6.33 rows=95 width=4)
	  Index Cond: ((id >= 2637755) AND (id <= 2637855))

for range-covered
table 1 : explain SELECT id FROM sbtest1 WHERE id BETWEEN 5216987 AND 5217087
	Index Only Scan using sbtest1_pkey on sbtest1  (cost=0.43..6.37 rows=97 width=4)
	  Index Cond: ((id >= 5216987) AND (id <= 5217087))

table 2 : explain SELECT id FROM sbtest2 WHERE id BETWEEN 5216987 AND 5217087
	Index Only Scan using sbtest2_pkey on sbtest2  (cost=0.43..6.59 rows=108 width=4)
	  Index Cond: ((id >= 5216987) AND (id <= 5217087))

table 3 : explain SELECT id FROM sbtest3 WHERE id BETWEEN 5216987 AND 5217087
	Index Only Scan using sbtest3_pkey on sbtest3  (cost=0.43..6.35 rows=96 width=4)
	  Index Cond: ((id >= 5216987) AND (id <= 5217087))

table 4 : explain SELECT id FROM sbtest4 WHERE id BETWEEN 5216987 AND 5217087
	Index Only Scan using sbtest4_pkey on sbtest4  (cost=0.43..6.40 rows=98 width=4)
	  Index Cond: ((id >= 5216987) AND (id <= 5217087))

table 5 : explain SELECT id FROM sbtest5 WHERE id BETWEEN 5216987 AND 5217087
	Index Only Scan using sbtest5_pkey on sbtest5  (cost=0.43..6.25 rows=91 width=4)
	  Index Cond: ((id >= 5216987) AND (id <= 5217087))

table 6 : explain SELECT id FROM sbtest6 WHERE id BETWEEN 5216987 AND 5217087
	Index Only Scan using sbtest6_pkey on sbtest6  (cost=0.43..6.40 rows=98 width=4)
	  Index Cond: ((id >= 5216987) AND (id <= 5217087))

table 7 : explain SELECT id FROM sbtest7 WHERE id BETWEEN 5216987 AND 5217087
	Index Only Scan using sbtest7_pkey on sbtest7  (cost=0.43..6.45 rows=101 width=4)
	  Index Cond: ((id >= 5216987) AND (id <= 5217087))

table 8 : explain SELECT id FROM sbtest8 WHERE id BETWEEN 5216987 AND 5217087
	Index Only Scan using sbtest8_pkey on sbtest8  (cost=0.43..6.58 rows=107 width=4)
	  Index Cond: ((id >= 5216987) AND (id <= 5217087))

explain: for range-covered :: explain SELECT id FROM sbtest%d WHERE id BETWEEN 5131874 AND 5131974
for range-covered
table 1 : explain SELECT id FROM sbtest1 WHERE id BETWEEN 5896269 AND 5896369
	Index Only Scan using sbtest1_pkey on sbtest1  (cost=0.43..6.61 rows=109 width=4)
	  Index Cond: ((id >= 5896269) AND (id <= 5896369))

table 2 : explain SELECT id FROM sbtest2 WHERE id BETWEEN 5896269 AND 5896369
	Index Only Scan using sbtest2_pkey on sbtest2  (cost=0.43..6.67 rows=112 width=4)
	  Index Cond: ((id >= 5896269) AND (id <= 5896369))

table 3 : explain SELECT id FROM sbtest3 WHERE id BETWEEN 5896269 AND 5896369
	Index Only Scan using sbtest3_pkey on sbtest3  (cost=0.43..6.40 rows=98 width=4)
	  Index Cond: ((id >= 5896269) AND (id <= 5896369))

table 4 : explain SELECT id FROM sbtest4 WHERE id BETWEEN 5896269 AND 5896369
	Index Only Scan using sbtest4_pkey on sbtest4  (cost=0.43..6.45 rows=101 width=4)
	  Index Cond: ((id >= 5896269) AND (id <= 5896369))

table 5 : explain SELECT id FROM sbtest5 WHERE id BETWEEN 5896269 AND 5896369
	Index Only Scan using sbtest5_pkey on sbtest5  (cost=0.43..6.47 rows=102 width=4)
	  Index Cond: ((id >= 5896269) AND (id <= 5896369))

table 6 : explain SELECT id FROM sbtest6 WHERE id BETWEEN 5896269 AND 5896369
	Index Only Scan using sbtest6_pkey on sbtest6  (cost=0.43..6.42 rows=99 width=4)
	  Index Cond: ((id >= 5896269) AND (id <= 5896369))

table 7 : explain SELECT id FROM sbtest7 WHERE id BETWEEN 5896269 AND 5896369
	Index Only Scan using sbtest7_pkey on sbtest7  (cost=0.43..6.40 rows=98 width=4)
	  Index Cond: ((id >= 5896269) AND (id <= 5896369))

table 8 : explain SELECT id FROM sbtest8 WHERE id BETWEEN 5896269 AND 5896369
	Index Only Scan using sbtest8_pkey on sbtest8  (cost=0.43..6.47 rows=102 width=4)
	  Index Cond: ((id >= 5896269) AND (id <= 5896369))

explain: for range-covered :: explain SELECT id FROM sbtest%d WHERE id BETWEEN 619313 AND 619413
explain: for range-covered :: explain SELECT id FROM sbtest%d WHERE id BETWEEN 5216987 AND 5217087
explain: for range-covered :: explain SELECT id FROM sbtest%d WHERE id BETWEEN 2637755 AND 2637855
explain: for range-covered :: explain SELECT id FROM sbtest%d WHERE id BETWEEN 5896269 AND 5896369
for range-covered
table 1 : explain SELECT id FROM sbtest1 WHERE id BETWEEN 3757658 AND 3757758
	Index Only Scan using sbtest1_pkey on sbtest1  (cost=0.43..6.42 rows=99 width=4)
	  Index Cond: ((id >= 3757658) AND (id <= 3757758))

table 2 : explain SELECT id FROM sbtest2 WHERE id BETWEEN 3757658 AND 3757758
	Index Only Scan using sbtest2_pkey on sbtest2  (cost=0.43..6.67 rows=112 width=4)
	  Index Cond: ((id >= 3757658) AND (id <= 3757758))

table 3 : explain SELECT id FROM sbtest3 WHERE id BETWEEN 3757658 AND 3757758
	Index Only Scan using sbtest3_pkey on sbtest3  (cost=0.43..6.56 rows=106 width=4)
	  Index Cond: ((id >= 3757658) AND (id <= 3757758))

table 4 : explain SELECT id FROM sbtest4 WHERE id BETWEEN 3757658 AND 3757758
	Index Only Scan using sbtest4_pkey on sbtest4  (cost=0.43..6.74 rows=115 width=4)
	  Index Cond: ((id >= 3757658) AND (id <= 3757758))

table 5 : explain SELECT id FROM sbtest5 WHERE id BETWEEN 3757658 AND 3757758
	Index Only Scan using sbtest5_pkey on sbtest5  (cost=0.43..6.66 rows=111 width=4)
	  Index Cond: ((id >= 3757658) AND (id <= 3757758))

table 6 : explain SELECT id FROM sbtest6 WHERE id BETWEEN 3757658 AND 3757758
	Index Only Scan using sbtest6_pkey on sbtest6  (cost=0.43..6.40 rows=98 width=4)
	  Index Cond: ((id >= 3757658) AND (id <= 3757758))

table 7 : explain SELECT id FROM sbtest7 WHERE id BETWEEN 3757658 AND 3757758
	Index Only Scan using sbtest7_pkey on sbtest7  (cost=0.43..6.21 rows=89 width=4)
	  Index Cond: ((id >= 3757658) AND (id <= 3757758))

table 8 : explain SELECT id FROM sbtest8 WHERE id BETWEEN 3757658 AND 3757758
	Index Only Scan using sbtest8_pkey on sbtest8  (cost=0.43..6.37 rows=97 width=4)
	  Index Cond: ((id >= 3757658) AND (id <= 3757758))

for range-covered
table 1 : explain SELECT id FROM sbtest1 WHERE id BETWEEN 5081211 AND 5081311
	Index Only Scan using sbtest1_pkey on sbtest1  (cost=0.43..6.63 rows=110 width=4)
	  Index Cond: ((id >= 5081211) AND (id <= 5081311))

table 2 : explain SELECT id FROM sbtest2 WHERE id BETWEEN 5081211 AND 5081311
	Index Only Scan using sbtest2_pkey on sbtest2  (cost=0.43..6.53 rows=105 width=4)
	  Index Cond: ((id >= 5081211) AND (id <= 5081311))

table 3 : explain SELECT id FROM sbtest3 WHERE id BETWEEN 5081211 AND 5081311
	Index Only Scan using sbtest3_pkey on sbtest3  (cost=0.43..6.50 rows=103 width=4)
	  Index Cond: ((id >= 5081211) AND (id <= 5081311))

table 4 : explain SELECT id FROM sbtest4 WHERE id BETWEEN 5081211 AND 5081311
	Index Only Scan using sbtest4_pkey on sbtest4  (cost=0.43..6.42 rows=99 width=4)
	  Index Cond: ((id >= 5081211) AND (id <= 5081311))

table 5 : explain SELECT id FROM sbtest5 WHERE id BETWEEN 5081211 AND 5081311
	Index Only Scan using sbtest5_pkey on sbtest5  (cost=0.43..6.51 rows=104 width=4)
	  Index Cond: ((id >= 5081211) AND (id <= 5081311))

table 6 : explain SELECT id FROM sbtest6 WHERE id BETWEEN 5081211 AND 5081311
	Index Only Scan using sbtest6_pkey on sbtest6  (cost=0.43..6.32 rows=94 width=4)
	  Index Cond: ((id >= 5081211) AND (id <= 5081311))

table 7 : explain SELECT id FROM sbtest7 WHERE id BETWEEN 5081211 AND 5081311
	Index Only Scan using sbtest7_pkey on sbtest7  (cost=0.43..6.29 rows=93 width=4)
	  Index Cond: ((id >= 5081211) AND (id <= 5081311))

table 8 : explain SELECT id FROM sbtest8 WHERE id BETWEEN 5081211 AND 5081311
	Index Only Scan using sbtest8_pkey on sbtest8  (cost=0.43..6.56 rows=106 width=4)
	  Index Cond: ((id >= 5081211) AND (id <= 5081311))

explain: for range-covered :: explain SELECT id FROM sbtest%d WHERE id BETWEEN 5081211 AND 5081311
explain: for range-covered :: explain SELECT id FROM sbtest%d WHERE id BETWEEN 5341094 AND 5341194
for range-covered
table 1 : explain SELECT id FROM sbtest1 WHERE id BETWEEN 6886935 AND 6887035
	Index Only Scan using sbtest1_pkey on sbtest1  (cost=0.43..6.40 rows=98 width=4)
	  Index Cond: ((id >= 6886935) AND (id <= 6887035))

table 2 : explain SELECT id FROM sbtest2 WHERE id BETWEEN 6886935 AND 6887035
	Index Only Scan using sbtest2_pkey on sbtest2  (cost=0.43..6.32 rows=94 width=4)
	  Index Cond: ((id >= 6886935) AND (id <= 6887035))

table 3 : explain SELECT id FROM sbtest3 WHERE id BETWEEN 6886935 AND 6887035
	Index Only Scan using sbtest3_pkey on sbtest3  (cost=0.43..6.56 rows=106 width=4)
	  Index Cond: ((id >= 6886935) AND (id <= 6887035))

table 4 : explain SELECT id FROM sbtest4 WHERE id BETWEEN 6886935 AND 6887035
	Index Only Scan using sbtest4_pkey on sbtest4  (cost=0.43..6.32 rows=94 width=4)
	  Index Cond: ((id >= 6886935) AND (id <= 6887035))

table 5 : explain SELECT id FROM sbtest5 WHERE id BETWEEN 6886935 AND 6887035
	Index Only Scan using sbtest5_pkey on sbtest5  (cost=0.43..6.29 rows=93 width=4)
	  Index Cond: ((id >= 6886935) AND (id <= 6887035))

table 6 : explain SELECT id FROM sbtest6 WHERE id BETWEEN 6886935 AND 6887035
	Index Only Scan using sbtest6_pkey on sbtest6  (cost=0.43..6.45 rows=101 width=4)
	  Index Cond: ((id >= 6886935) AND (id <= 6887035))

table 7 : explain SELECT id FROM sbtest7 WHERE id BETWEEN 6886935 AND 6887035
	Index Only Scan using sbtest7_pkey on sbtest7  (cost=0.43..6.40 rows=98 width=4)
	  Index Cond: ((id >= 6886935) AND (id <= 6887035))

table 8 : explain SELECT id FROM sbtest8 WHERE id BETWEEN 6886935 AND 6887035
	Index Only Scan using sbtest8_pkey on sbtest8  (cost=0.43..6.51 rows=104 width=4)
	  Index Cond: ((id >= 6886935) AND (id <= 6887035))

explain: for range-covered :: explain SELECT id FROM sbtest%d WHERE id BETWEEN 6886935 AND 6887035
for range-covered
table 1 : explain SELECT id FROM sbtest1 WHERE id BETWEEN 6256336 AND 6256436
	Index Only Scan using sbtest1_pkey on sbtest1  (cost=0.43..6.40 rows=98 width=4)
	  Index Cond: ((id >= 6256336) AND (id <= 6256436))

table 2 : explain SELECT id FROM sbtest2 WHERE id BETWEEN 6256336 AND 6256436
	Index Only Scan using sbtest2_pkey on sbtest2  (cost=0.43..6.45 rows=101 width=4)
	  Index Cond: ((id >= 6256336) AND (id <= 6256436))

table 3 : explain SELECT id FROM sbtest3 WHERE id BETWEEN 6256336 AND 6256436
	Index Only Scan using sbtest3_pkey on sbtest3  (cost=0.43..6.35 rows=96 width=4)
	  Index Cond: ((id >= 6256336) AND (id <= 6256436))

table 4 : explain SELECT id FROM sbtest4 WHERE id BETWEEN 6256336 AND 6256436
	Index Only Scan using sbtest4_pkey on sbtest4  (cost=0.43..6.51 rows=104 width=4)
	  Index Cond: ((id >= 6256336) AND (id <= 6256436))

table 5 : explain SELECT id FROM sbtest5 WHERE id BETWEEN 6256336 AND 6256436
	Index Only Scan using sbtest5_pkey on sbtest5  (cost=0.43..6.25 rows=91 width=4)
	  Index Cond: ((id >= 6256336) AND (id <= 6256436))

table 6 : explain SELECT id FROM sbtest6 WHERE id BETWEEN 6256336 AND 6256436
	Index Only Scan using sbtest6_pkey on sbtest6  (cost=0.43..6.37 rows=97 width=4)
	  Index Cond: ((id >= 6256336) AND (id <= 6256436))

table 7 : explain SELECT id FROM sbtest7 WHERE id BETWEEN 6256336 AND 6256436
	Index Only Scan using sbtest7_pkey on sbtest7  (cost=0.43..6.45 rows=101 width=4)
	  Index Cond: ((id >= 6256336) AND (id <= 6256436))

table 8 : explain SELECT id FROM sbtest8 WHERE id BETWEEN 6256336 AND 6256436
	Index Only Scan using sbtest8_pkey on sbtest8  (cost=0.43..6.33 rows=95 width=4)
	  Index Cond: ((id >= 6256336) AND (id <= 6256436))

explain: for range-covered :: explain SELECT id FROM sbtest%d WHERE id BETWEEN 5181865 AND 5181965
explain: for range-covered :: explain SELECT id FROM sbtest%d WHERE id BETWEEN 6256336 AND 6256436
for range-covered
table 1 : explain SELECT id FROM sbtest1 WHERE id BETWEEN 5896269 AND 5896369
	Index Only Scan using sbtest1_pkey on sbtest1  (cost=0.43..6.61 rows=109 width=4)
	  Index Cond: ((id >= 5896269) AND (id <= 5896369))

table 2 : explain SELECT id FROM sbtest2 WHERE id BETWEEN 5896269 AND 5896369
	Index Only Scan using sbtest2_pkey on sbtest2  (cost=0.43..6.67 rows=112 width=4)
	  Index Cond: ((id >= 5896269) AND (id <= 5896369))

table 3 : explain SELECT id FROM sbtest3 WHERE id BETWEEN 5896269 AND 5896369
	Index Only Scan using sbtest3_pkey on sbtest3  (cost=0.43..6.40 rows=98 width=4)
	  Index Cond: ((id >= 5896269) AND (id <= 5896369))

table 4 : explain SELECT id FROM sbtest4 WHERE id BETWEEN 5896269 AND 5896369
	Index Only Scan using sbtest4_pkey on sbtest4  (cost=0.43..6.45 rows=101 width=4)
	  Index Cond: ((id >= 5896269) AND (id <= 5896369))

table 5 : explain SELECT id FROM sbtest5 WHERE id BETWEEN 5896269 AND 5896369
	Index Only Scan using sbtest5_pkey on sbtest5  (cost=0.43..6.47 rows=102 width=4)
	  Index Cond: ((id >= 5896269) AND (id <= 5896369))

table 6 : explain SELECT id FROM sbtest6 WHERE id BETWEEN 5896269 AND 5896369
	Index Only Scan using sbtest6_pkey on sbtest6  (cost=0.43..6.42 rows=99 width=4)
	  Index Cond: ((id >= 5896269) AND (id <= 5896369))

table 7 : explain SELECT id FROM sbtest7 WHERE id BETWEEN 5896269 AND 5896369
	Index Only Scan using sbtest7_pkey on sbtest7  (cost=0.43..6.40 rows=98 width=4)
	  Index Cond: ((id >= 5896269) AND (id <= 5896369))

table 8 : explain SELECT id FROM sbtest8 WHERE id BETWEEN 5896269 AND 5896369
	Index Only Scan using sbtest8_pkey on sbtest8  (cost=0.43..6.47 rows=102 width=4)
	  Index Cond: ((id >= 5896269) AND (id <= 5896369))

explain: for range-covered :: explain SELECT id FROM sbtest%d WHERE id BETWEEN 5896269 AND 5896369
explain: for range-covered :: explain SELECT id FROM sbtest%d WHERE id BETWEEN 6509022 AND 6509122
for range-covered
table 1 : explain SELECT id FROM sbtest1 WHERE id BETWEEN 4804386 AND 4804486
	Index Only Scan using sbtest1_pkey on sbtest1  (cost=0.43..6.51 rows=104 width=4)
	  Index Cond: ((id >= 4804386) AND (id <= 4804486))

table 2 : explain SELECT id FROM sbtest2 WHERE id BETWEEN 4804386 AND 4804486
	Index Only Scan using sbtest2_pkey on sbtest2  (cost=0.43..6.40 rows=98 width=4)
	  Index Cond: ((id >= 4804386) AND (id <= 4804486))

table 3 : explain SELECT id FROM sbtest3 WHERE id BETWEEN 4804386 AND 4804486
	Index Only Scan using sbtest3_pkey on sbtest3  (cost=0.43..6.43 rows=100 width=4)
	  Index Cond: ((id >= 4804386) AND (id <= 4804486))

table 4 : explain SELECT id FROM sbtest4 WHERE id BETWEEN 4804386 AND 4804486
	Index Only Scan using sbtest4_pkey on sbtest4  (cost=0.43..6.32 rows=94 width=4)
	  Index Cond: ((id >= 4804386) AND (id <= 4804486))

table 5 : explain SELECT id FROM sbtest5 WHERE id BETWEEN 4804386 AND 4804486
	Index Only Scan using sbtest5_pkey on sbtest5  (cost=0.43..6.51 rows=104 width=4)
	  Index Cond: ((id >= 4804386) AND (id <= 4804486))

table 6 : explain SELECT id FROM sbtest6 WHERE id BETWEEN 4804386 AND 4804486
	Index Only Scan using sbtest6_pkey on sbtest6  (cost=0.43..6.59 rows=108 width=4)
	  Index Cond: ((id >= 4804386) AND (id <= 4804486))

table 7 : explain SELECT id FROM sbtest7 WHERE id BETWEEN 4804386 AND 4804486
	Index Only Scan using sbtest7_pkey on sbtest7  (cost=0.43..6.51 rows=104 width=4)
	  Index Cond: ((id >= 4804386) AND (id <= 4804486))

table 8 : explain SELECT id FROM sbtest8 WHERE id BETWEEN 4804386 AND 4804486
	Index Only Scan using sbtest8_pkey on sbtest8  (cost=0.43..6.58 rows=107 width=4)
	  Index Cond: ((id >= 4804386) AND (id <= 4804486))

for range-covered
table 1 : explain SELECT id FROM sbtest1 WHERE id BETWEEN 5081211 AND 5081311
	Index Only Scan using sbtest1_pkey on sbtest1  (cost=0.43..6.63 rows=110 width=4)
	  Index Cond: ((id >= 5081211) AND (id <= 5081311))

table 2 : explain SELECT id FROM sbtest2 WHERE id BETWEEN 5081211 AND 5081311
	Index Only Scan using sbtest2_pkey on sbtest2  (cost=0.43..6.53 rows=105 width=4)
	  Index Cond: ((id >= 5081211) AND (id <= 5081311))

table 3 : explain SELECT id FROM sbtest3 WHERE id BETWEEN 5081211 AND 5081311
	Index Only Scan using sbtest3_pkey on sbtest3  (cost=0.43..6.50 rows=103 width=4)
	  Index Cond: ((id >= 5081211) AND (id <= 5081311))

table 4 : explain SELECT id FROM sbtest4 WHERE id BETWEEN 5081211 AND 5081311
	Index Only Scan using sbtest4_pkey on sbtest4  (cost=0.43..6.42 rows=99 width=4)
	  Index Cond: ((id >= 5081211) AND (id <= 5081311))

table 5 : explain SELECT id FROM sbtest5 WHERE id BETWEEN 5081211 AND 5081311
	Index Only Scan using sbtest5_pkey on sbtest5  (cost=0.43..6.51 rows=104 width=4)
	  Index Cond: ((id >= 5081211) AND (id <= 5081311))

table 6 : explain SELECT id FROM sbtest6 WHERE id BETWEEN 5081211 AND 5081311
	Index Only Scan using sbtest6_pkey on sbtest6  (cost=0.43..6.32 rows=94 width=4)
	  Index Cond: ((id >= 5081211) AND (id <= 5081311))

table 7 : explain SELECT id FROM sbtest7 WHERE id BETWEEN 5081211 AND 5081311
	Index Only Scan using sbtest7_pkey on sbtest7  (cost=0.43..6.29 rows=93 width=4)
	  Index Cond: ((id >= 5081211) AND (id <= 5081311))

table 8 : explain SELECT id FROM sbtest8 WHERE id BETWEEN 5081211 AND 5081311
	Index Only Scan using sbtest8_pkey on sbtest8  (cost=0.43..6.56 rows=106 width=4)
	  Index Cond: ((id >= 5081211) AND (id <= 5081311))

for range-covered
table 1 : explain SELECT id FROM sbtest1 WHERE id BETWEEN 5216987 AND 5217087
	Index Only Scan using sbtest1_pkey on sbtest1  (cost=0.43..6.37 rows=97 width=4)
	  Index Cond: ((id >= 5216987) AND (id <= 5217087))

table 2 : explain SELECT id FROM sbtest2 WHERE id BETWEEN 5216987 AND 5217087
	Index Only Scan using sbtest2_pkey on sbtest2  (cost=0.43..6.59 rows=108 width=4)
	  Index Cond: ((id >= 5216987) AND (id <= 5217087))

table 3 : explain SELECT id FROM sbtest3 WHERE id BETWEEN 5216987 AND 5217087
	Index Only Scan using sbtest3_pkey on sbtest3  (cost=0.43..6.35 rows=96 width=4)
	  Index Cond: ((id >= 5216987) AND (id <= 5217087))

table 4 : explain SELECT id FROM sbtest4 WHERE id BETWEEN 5216987 AND 5217087
	Index Only Scan using sbtest4_pkey on sbtest4  (cost=0.43..6.40 rows=98 width=4)
	  Index Cond: ((id >= 5216987) AND (id <= 5217087))

table 5 : explain SELECT id FROM sbtest5 WHERE id BETWEEN 5216987 AND 5217087
	Index Only Scan using sbtest5_pkey on sbtest5  (cost=0.43..6.25 rows=91 width=4)
	  Index Cond: ((id >= 5216987) AND (id <= 5217087))

table 6 : explain SELECT id FROM sbtest6 WHERE id BETWEEN 5216987 AND 5217087
	Index Only Scan using sbtest6_pkey on sbtest6  (cost=0.43..6.40 rows=98 width=4)
	  Index Cond: ((id >= 5216987) AND (id <= 5217087))

table 7 : explain SELECT id FROM sbtest7 WHERE id BETWEEN 5216987 AND 5217087
	Index Only Scan using sbtest7_pkey on sbtest7  (cost=0.43..6.45 rows=101 width=4)
	  Index Cond: ((id >= 5216987) AND (id <= 5217087))

table 8 : explain SELECT id FROM sbtest8 WHERE id BETWEEN 5216987 AND 5217087
	Index Only Scan using sbtest8_pkey on sbtest8  (cost=0.43..6.58 rows=107 width=4)
	  Index Cond: ((id >= 5216987) AND (id <= 5217087))

explain: for range-covered :: explain SELECT id FROM sbtest%d WHERE id BETWEEN 5081211 AND 5081311
for range-covered
table 1 : explain SELECT id FROM sbtest1 WHERE id BETWEEN 4485820 AND 4485920
	Index Only Scan using sbtest1_pkey on sbtest1  (cost=0.43..6.43 rows=100 width=4)
	  Index Cond: ((id >= 4485820) AND (id <= 4485920))

table 2 : explain SELECT id FROM sbtest2 WHERE id BETWEEN 4485820 AND 4485920
	Index Only Scan using sbtest2_pkey on sbtest2  (cost=0.43..6.53 rows=105 width=4)
	  Index Cond: ((id >= 4485820) AND (id <= 4485920))

table 3 : explain SELECT id FROM sbtest3 WHERE id BETWEEN 4485820 AND 4485920
	Index Only Scan using sbtest3_pkey on sbtest3  (cost=0.43..6.50 rows=103 width=4)
	  Index Cond: ((id >= 4485820) AND (id <= 4485920))

table 4 : explain SELECT id FROM sbtest4 WHERE id BETWEEN 4485820 AND 4485920
	Index Only Scan using sbtest4_pkey on sbtest4  (cost=0.43..6.33 rows=95 width=4)
	  Index Cond: ((id >= 4485820) AND (id <= 4485920))

table 5 : explain SELECT id FROM sbtest5 WHERE id BETWEEN 4485820 AND 4485920
	Index Only Scan using sbtest5_pkey on sbtest5  (cost=0.43..6.51 rows=104 width=4)
	  Index Cond: ((id >= 4485820) AND (id <= 4485920))

table 6 : explain SELECT id FROM sbtest6 WHERE id BETWEEN 4485820 AND 4485920
	Index Only Scan using sbtest6_pkey on sbtest6  (cost=0.43..6.53 rows=105 width=4)
	  Index Cond: ((id >= 4485820) AND (id <= 4485920))

table 7 : explain SELECT id FROM sbtest7 WHERE id BETWEEN 4485820 AND 4485920
	Index Only Scan using sbtest7_pkey on sbtest7  (cost=0.43..6.42 rows=99 width=4)
	  Index Cond: ((id >= 4485820) AND (id <= 4485920))

table 8 : explain SELECT id FROM sbtest8 WHERE id BETWEEN 4485820 AND 4485920
	Index Only Scan using sbtest8_pkey on sbtest8  (cost=0.43..6.35 rows=96 width=4)
	  Index Cond: ((id >= 4485820) AND (id <= 4485920))
for range-covered
table 1 : explain SELECT id FROM sbtest1 WHERE id BETWEEN 6256336 AND 6256436
	Index Only Scan using sbtest1_pkey on sbtest1  (cost=0.43..6.40 rows=98 width=4)
	  Index Cond: ((id >= 6256336) AND (id <= 6256436))

table 2 : explain SELECT id FROM sbtest2 WHERE id BETWEEN 6256336 AND 6256436
	Index Only Scan using sbtest2_pkey on sbtest2  (cost=0.43..6.45 rows=101 width=4)
	  Index Cond: ((id >= 6256336) AND (id <= 6256436))

table 3 : explain SELECT id FROM sbtest3 WHERE id BETWEEN 6256336 AND 6256436
	Index Only Scan using sbtest3_pkey on sbtest3  (cost=0.43..6.35 rows=96 width=4)
	  Index Cond: ((id >= 6256336) AND (id <= 6256436))

table 4 : explain SELECT id FROM sbtest4 WHERE id BETWEEN 6256336 AND 6256436
	Index Only Scan using sbtest4_pkey on sbtest4  (cost=0.43..6.51 rows=104 width=4)
	  Index Cond: ((id >= 6256336) AND (id <= 6256436))

table 5 : explain SELECT id FROM sbtest5 WHERE id BETWEEN 6256336 AND 6256436
	Index Only Scan using sbtest5_pkey on sbtest5  (cost=0.43..6.25 rows=91 width=4)
	  Index Cond: ((id >= 6256336) AND (id <= 6256436))

table 6 : explain SELECT id FROM sbtest6 WHERE id BETWEEN 6256336 AND 6256436
	Index Only Scan using sbtest6_pkey on sbtest6  (cost=0.43..6.37 rows=97 width=4)
	  Index Cond: ((id >= 6256336) AND (id <= 6256436))

table 7 : explain SELECT id FROM sbtest7 WHERE id BETWEEN 6256336 AND 6256436
	Index Only Scan using sbtest7_pkey on sbtest7  (cost=0.43..6.45 rows=101 width=4)
	  Index Cond: ((id >= 6256336) AND (id <= 6256436))

table 8 : explain SELECT id FROM sbtest8 WHERE id BETWEEN 6256336 AND 6256436
	Index Only Scan using sbtest8_pkey on sbtest8  (cost=0.43..6.33 rows=95 width=4)
	  Index Cond: ((id >= 6256336) AND (id <= 6256436))


for range-covered
table 1 : explain SELECT id FROM sbtest1 WHERE id BETWEEN 5131874 AND 5131974
	Index Only Scan using sbtest1_pkey on sbtest1  (cost=0.43..6.63 rows=110 width=4)
	  Index Cond: ((id >= 5131874) AND (id <= 5131974))

table 2 : explain SELECT id FROM sbtest2 WHERE id BETWEEN 5131874 AND 5131974
	Index Only Scan using sbtest2_pkey on sbtest2  (cost=0.43..6.51 rows=104 width=4)
	  Index Cond: ((id >= 5131874) AND (id <= 5131974))

table 3 : explain SELECT id FROM sbtest3 WHERE id BETWEEN 5131874 AND 5131974
	Index Only Scan using sbtest3_pkey on sbtest3  (cost=0.43..6.50 rows=103 width=4)
	  Index Cond: ((id >= 5131874) AND (id <= 5131974))

table 4 : explain SELECT id FROM sbtest4 WHERE id BETWEEN 5131874 AND 5131974
	Index Only Scan using sbtest4_pkey on sbtest4  (cost=0.43..6.50 rows=103 width=4)
	  Index Cond: ((id >= 5131874) AND (id <= 5131974))

table 5 : explain SELECT id FROM sbtest5 WHERE id BETWEEN 5131874 AND 5131974
	Index Only Scan using sbtest5_pkey on sbtest5  (cost=0.43..6.51 rows=104 width=4)
	  Index Cond: ((id >= 5131874) AND (id <= 5131974))

table 6 : explain SELECT id FROM sbtest6 WHERE id BETWEEN 5131874 AND 5131974
	Index Only Scan using sbtest6_pkey on sbtest6  (cost=0.43..6.40 rows=98 width=4)
	  Index Cond: ((id >= 5131874) AND (id <= 5131974))

table 7 : explain SELECT id FROM sbtest7 WHERE id BETWEEN 5131874 AND 5131974
	Index Only Scan using sbtest7_pkey on sbtest7  (cost=0.43..6.29 rows=93 width=4)
	  Index Cond: ((id >= 5131874) AND (id <= 5131974))

table 8 : explain SELECT id FROM sbtest8 WHERE id BETWEEN 5131874 AND 5131974
	Index Only Scan using sbtest8_pkey on sbtest8  (cost=0.43..6.56 rows=106 width=4)
	  Index Cond: ((id >= 5131874) AND (id <= 5131974))

explain: for range-covered :: explain SELECT id FROM sbtest%d WHERE id BETWEEN 6256336 AND 6256436
explain: for range-covered :: explain SELECT id FROM sbtest%d WHERE id BETWEEN 4485820 AND 4485920
for range-covered
table 1 : explain SELECT id FROM sbtest1 WHERE id BETWEEN 5896269 AND 5896369
	Index Only Scan using sbtest1_pkey on sbtest1  (cost=0.43..6.61 rows=109 width=4)
	  Index Cond: ((id >= 5896269) AND (id <= 5896369))

table 2 : explain SELECT id FROM sbtest2 WHERE id BETWEEN 5896269 AND 5896369
	Index Only Scan using sbtest2_pkey on sbtest2  (cost=0.43..6.67 rows=112 width=4)
	  Index Cond: ((id >= 5896269) AND (id <= 5896369))

table 3 : explain SELECT id FROM sbtest3 WHERE id BETWEEN 5896269 AND 5896369
	Index Only Scan using sbtest3_pkey on sbtest3  (cost=0.43..6.40 rows=98 width=4)
	  Index Cond: ((id >= 5896269) AND (id <= 5896369))

table 4 : explain SELECT id FROM sbtest4 WHERE id BETWEEN 5896269 AND 5896369
	Index Only Scan using sbtest4_pkey on sbtest4  (cost=0.43..6.45 rows=101 width=4)
	  Index Cond: ((id >= 5896269) AND (id <= 5896369))

table 5 : explain SELECT id FROM sbtest5 WHERE id BETWEEN 5896269 AND 5896369
	Index Only Scan using sbtest5_pkey on sbtest5  (cost=0.43..6.47 rows=102 width=4)
	  Index Cond: ((id >= 5896269) AND (id <= 5896369))

table 6 : explain SELECT id FROM sbtest6 WHERE id BETWEEN 5896269 AND 5896369
	Index Only Scan using sbtest6_pkey on sbtest6  (cost=0.43..6.42 rows=99 width=4)
	  Index Cond: ((id >= 5896269) AND (id <= 5896369))

table 7 : explain SELECT id FROM sbtest7 WHERE id BETWEEN 5896269 AND 5896369
	Index Only Scan using sbtest7_pkey on sbtest7  (cost=0.43..6.40 rows=98 width=4)
	  Index Cond: ((id >= 5896269) AND (id <= 5896369))

table 8 : explain SELECT id FROM sbtest8 WHERE id BETWEEN 5896269 AND 5896369
	Index Only Scan using sbtest8_pkey on sbtest8  (cost=0.43..6.47 rows=102 width=4)
	  Index Cond: ((id >= 5896269) AND (id <= 5896369))

for range-covered
table 1 : explain SELECT id FROM sbtest1 WHERE id BETWEEN 619313 AND 619413
	Index Only Scan using sbtest1_pkey on sbtest1  (cost=0.43..6.51 rows=104 width=4)
	  Index Cond: ((id >= 619313) AND (id <= 619413))

table 2 : explain SELECT id FROM sbtest2 WHERE id BETWEEN 619313 AND 619413
	Index Only Scan using sbtest2_pkey on sbtest2  (cost=0.43..6.58 rows=107 width=4)
	  Index Cond: ((id >= 619313) AND (id <= 619413))

table 3 : explain SELECT id FROM sbtest3 WHERE id BETWEEN 619313 AND 619413
	Index Only Scan using sbtest3_pkey on sbtest3  (cost=0.43..6.42 rows=99 width=4)
	  Index Cond: ((id >= 619313) AND (id <= 619413))

table 4 : explain SELECT id FROM sbtest4 WHERE id BETWEEN 619313 AND 619413
	Index Only Scan using sbtest4_pkey on sbtest4  (cost=0.43..6.58 rows=107 width=4)
	  Index Cond: ((id >= 619313) AND (id <= 619413))

table 5 : explain SELECT id FROM sbtest5 WHERE id BETWEEN 619313 AND 619413
	Index Only Scan using sbtest5_pkey on sbtest5  (cost=0.43..6.47 rows=102 width=4)
	  Index Cond: ((id >= 619313) AND (id <= 619413))

table 6 : explain SELECT id FROM sbtest6 WHERE id BETWEEN 619313 AND 619413
	Index Only Scan using sbtest6_pkey on sbtest6  (cost=0.43..6.42 rows=99 width=4)
	  Index Cond: ((id >= 619313) AND (id <= 619413))

table 7 : explain SELECT id FROM sbtest7 WHERE id BETWEEN 619313 AND 619413
	Index Only Scan using sbtest7_pkey on sbtest7  (cost=0.43..6.47 rows=102 width=4)
	  Index Cond: ((id >= 619313) AND (id <= 619413))

table 8 : explain SELECT id FROM sbtest8 WHERE id BETWEEN 619313 AND 619413
	Index Only Scan using sbtest8_pkey on sbtest8  (cost=0.43..6.67 rows=112 width=4)
	  Index Cond: ((id >= 619313) AND (id <= 619413))

explain: for range-covered :: explain SELECT id FROM sbtest%d WHERE id BETWEEN 5896269 AND 5896369
explain: for range-covered :: explain SELECT id FROM sbtest%d WHERE id BETWEEN 5131874 AND 5131974
for range-covered
table 1 : explain SELECT id FROM sbtest1 WHERE id BETWEEN 2637755 AND 2637855
	Index Only Scan using sbtest1_pkey on sbtest1  (cost=0.43..6.50 rows=103 width=4)
	  Index Cond: ((id >= 2637755) AND (id <= 2637855))

table 2 : explain SELECT id FROM sbtest2 WHERE id BETWEEN 2637755 AND 2637855
	Index Only Scan using sbtest2_pkey on sbtest2  (cost=0.43..6.37 rows=97 width=4)
	  Index Cond: ((id >= 2637755) AND (id <= 2637855))

table 3 : explain SELECT id FROM sbtest3 WHERE id BETWEEN 2637755 AND 2637855
	Index Only Scan using sbtest3_pkey on sbtest3  (cost=0.43..6.53 rows=105 width=4)
	  Index Cond: ((id >= 2637755) AND (id <= 2637855))

table 4 : explain SELECT id FROM sbtest4 WHERE id BETWEEN 2637755 AND 2637855
	Index Only Scan using sbtest4_pkey on sbtest4  (cost=0.43..6.63 rows=110 width=4)
	  Index Cond: ((id >= 2637755) AND (id <= 2637855))

table 5 : explain SELECT id FROM sbtest5 WHERE id BETWEEN 2637755 AND 2637855
	Index Only Scan using sbtest5_pkey on sbtest5  (cost=0.43..6.33 rows=95 width=4)
	  Index Cond: ((id >= 2637755) AND (id <= 2637855))

table 6 : explain SELECT id FROM sbtest6 WHERE id BETWEEN 2637755 AND 2637855
	Index Only Scan using sbtest6_pkey on sbtest6  (cost=0.43..6.29 rows=93 width=4)
	  Index Cond: ((id >= 2637755) AND (id <= 2637855))

table 7 : explain SELECT id FROM sbtest7 WHERE id BETWEEN 2637755 AND 2637855
	Index Only Scan using sbtest7_pkey on sbtest7  (cost=0.43..6.47 rows=102 width=4)
	  Index Cond: ((id >= 2637755) AND (id <= 2637855))

table 8 : explain SELECT id FROM sbtest8 WHERE id BETWEEN 2637755 AND 2637855
	Index Only Scan using sbtest8_pkey on sbtest8  (cost=0.43..6.33 rows=95 width=4)
	  Index Cond: ((id >= 2637755) AND (id <= 2637855))

explain: for range-covered :: explain SELECT id FROM sbtest%d WHERE id BETWEEN 619313 AND 619413
explain: for range-covered :: explain SELECT id FROM sbtest%d WHERE id BETWEEN 2637755 AND 2637855
for range-covered
table 1 : explain SELECT id FROM sbtest1 WHERE id BETWEEN 6886935 AND 6887035
	Index Only Scan using sbtest1_pkey on sbtest1  (cost=0.43..6.40 rows=98 width=4)
	  Index Cond: ((id >= 6886935) AND (id <= 6887035))

table 2 : explain SELECT id FROM sbtest2 WHERE id BETWEEN 6886935 AND 6887035
	Index Only Scan using sbtest2_pkey on sbtest2  (cost=0.43..6.32 rows=94 width=4)
	  Index Cond: ((id >= 6886935) AND (id <= 6887035))

table 3 : explain SELECT id FROM sbtest3 WHERE id BETWEEN 6886935 AND 6887035
	Index Only Scan using sbtest3_pkey on sbtest3  (cost=0.43..6.56 rows=106 width=4)
	  Index Cond: ((id >= 6886935) AND (id <= 6887035))

table 4 : explain SELECT id FROM sbtest4 WHERE id BETWEEN 6886935 AND 6887035
	Index Only Scan using sbtest4_pkey on sbtest4  (cost=0.43..6.32 rows=94 width=4)
	  Index Cond: ((id >= 6886935) AND (id <= 6887035))

table 5 : explain SELECT id FROM sbtest5 WHERE id BETWEEN 6886935 AND 6887035
	Index Only Scan using sbtest5_pkey on sbtest5  (cost=0.43..6.29 rows=93 width=4)
	  Index Cond: ((id >= 6886935) AND (id <= 6887035))

table 6 : explain SELECT id FROM sbtest6 WHERE id BETWEEN 6886935 AND 6887035
	Index Only Scan using sbtest6_pkey on sbtest6  (cost=0.43..6.45 rows=101 width=4)
	  Index Cond: ((id >= 6886935) AND (id <= 6887035))

table 7 : explain SELECT id FROM sbtest7 WHERE id BETWEEN 6886935 AND 6887035
	Index Only Scan using sbtest7_pkey on sbtest7  (cost=0.43..6.40 rows=98 width=4)
	  Index Cond: ((id >= 6886935) AND (id <= 6887035))

table 8 : explain SELECT id FROM sbtest8 WHERE id BETWEEN 6886935 AND 6887035
	Index Only Scan using sbtest8_pkey on sbtest8  (cost=0.43..6.51 rows=104 width=4)
	  Index Cond: ((id >= 6886935) AND (id <= 6887035))

explain: for range-covered :: explain SELECT id FROM sbtest%d WHERE id BETWEEN 6886935 AND 6887035
for range-covered
table 1 : explain SELECT id FROM sbtest1 WHERE id BETWEEN 6256336 AND 6256436
	Index Only Scan using sbtest1_pkey on sbtest1  (cost=0.43..6.40 rows=98 width=4)
	  Index Cond: ((id >= 6256336) AND (id <= 6256436))

table 2 : explain SELECT id FROM sbtest2 WHERE id BETWEEN 6256336 AND 6256436
	Index Only Scan using sbtest2_pkey on sbtest2  (cost=0.43..6.45 rows=101 width=4)
	  Index Cond: ((id >= 6256336) AND (id <= 6256436))

table 3 : explain SELECT id FROM sbtest3 WHERE id BETWEEN 6256336 AND 6256436
	Index Only Scan using sbtest3_pkey on sbtest3  (cost=0.43..6.35 rows=96 width=4)
	  Index Cond: ((id >= 6256336) AND (id <= 6256436))

table 4 : explain SELECT id FROM sbtest4 WHERE id BETWEEN 6256336 AND 6256436
	Index Only Scan using sbtest4_pkey on sbtest4  (cost=0.43..6.51 rows=104 width=4)
	  Index Cond: ((id >= 6256336) AND (id <= 6256436))

table 5 : explain SELECT id FROM sbtest5 WHERE id BETWEEN 6256336 AND 6256436
	Index Only Scan using sbtest5_pkey on sbtest5  (cost=0.43..6.25 rows=91 width=4)
	  Index Cond: ((id >= 6256336) AND (id <= 6256436))

table 6 : explain SELECT id FROM sbtest6 WHERE id BETWEEN 6256336 AND 6256436
	Index Only Scan using sbtest6_pkey on sbtest6  (cost=0.43..6.37 rows=97 width=4)
	  Index Cond: ((id >= 6256336) AND (id <= 6256436))

table 7 : explain SELECT id FROM sbtest7 WHERE id BETWEEN 6256336 AND 6256436
	Index Only Scan using sbtest7_pkey on sbtest7  (cost=0.43..6.45 rows=101 width=4)
	  Index Cond: ((id >= 6256336) AND (id <= 6256436))

table 8 : explain SELECT id FROM sbtest8 WHERE id BETWEEN 6256336 AND 6256436
	Index Only Scan using sbtest8_pkey on sbtest8  (cost=0.43..6.33 rows=95 width=4)
	  Index Cond: ((id >= 6256336) AND (id <= 6256436))

explain: for range-covered :: explain SELECT id FROM sbtest%d WHERE id BETWEEN 6256336 AND 6256436
for range-covered
table 1 : explain SELECT id FROM sbtest1 WHERE id BETWEEN 5081211 AND 5081311
	Index Only Scan using sbtest1_pkey on sbtest1  (cost=0.43..6.63 rows=110 width=4)
	  Index Cond: ((id >= 5081211) AND (id <= 5081311))

table 2 : explain SELECT id FROM sbtest2 WHERE id BETWEEN 5081211 AND 5081311
	Index Only Scan using sbtest2_pkey on sbtest2  (cost=0.43..6.53 rows=105 width=4)
	  Index Cond: ((id >= 5081211) AND (id <= 5081311))

table 3 : explain SELECT id FROM sbtest3 WHERE id BETWEEN 5081211 AND 5081311
	Index Only Scan using sbtest3_pkey on sbtest3  (cost=0.43..6.50 rows=103 width=4)
	  Index Cond: ((id >= 5081211) AND (id <= 5081311))

table 4 : explain SELECT id FROM sbtest4 WHERE id BETWEEN 5081211 AND 5081311
	Index Only Scan using sbtest4_pkey on sbtest4  (cost=0.43..6.42 rows=99 width=4)
	  Index Cond: ((id >= 5081211) AND (id <= 5081311))

table 5 : explain SELECT id FROM sbtest5 WHERE id BETWEEN 5081211 AND 5081311
	Index Only Scan using sbtest5_pkey on sbtest5  (cost=0.43..6.51 rows=104 width=4)
	  Index Cond: ((id >= 5081211) AND (id <= 5081311))

table 6 : explain SELECT id FROM sbtest6 WHERE id BETWEEN 5081211 AND 5081311
	Index Only Scan using sbtest6_pkey on sbtest6  (cost=0.43..6.32 rows=94 width=4)
	  Index Cond: ((id >= 5081211) AND (id <= 5081311))

table 7 : explain SELECT id FROM sbtest7 WHERE id BETWEEN 5081211 AND 5081311
	Index Only Scan using sbtest7_pkey on sbtest7  (cost=0.43..6.29 rows=93 width=4)
	  Index Cond: ((id >= 5081211) AND (id <= 5081311))

table 8 : explain SELECT id FROM sbtest8 WHERE id BETWEEN 5081211 AND 5081311
	Index Only Scan using sbtest8_pkey on sbtest8  (cost=0.43..6.56 rows=106 width=4)
	  Index Cond: ((id >= 5081211) AND (id <= 5081311))

for range-covered
table 1 : explain SELECT id FROM sbtest1 WHERE id BETWEEN 5896269 AND 5896369
	Index Only Scan using sbtest1_pkey on sbtest1  (cost=0.43..6.61 rows=109 width=4)
	  Index Cond: ((id >= 5896269) AND (id <= 5896369))

table 2 : explain SELECT id FROM sbtest2 WHERE id BETWEEN 5896269 AND 5896369
	Index Only Scan using sbtest2_pkey on sbtest2  (cost=0.43..6.67 rows=112 width=4)
	  Index Cond: ((id >= 5896269) AND (id <= 5896369))

table 3 : explain SELECT id FROM sbtest3 WHERE id BETWEEN 5896269 AND 5896369
	Index Only Scan using sbtest3_pkey on sbtest3  (cost=0.43..6.40 rows=98 width=4)
	  Index Cond: ((id >= 5896269) AND (id <= 5896369))

table 4 : explain SELECT id FROM sbtest4 WHERE id BETWEEN 5896269 AND 5896369
	Index Only Scan using sbtest4_pkey on sbtest4  (cost=0.43..6.45 rows=101 width=4)
	  Index Cond: ((id >= 5896269) AND (id <= 5896369))

table 5 : explain SELECT id FROM sbtest5 WHERE id BETWEEN 5896269 AND 5896369
	Index Only Scan using sbtest5_pkey on sbtest5  (cost=0.43..6.47 rows=102 width=4)
	  Index Cond: ((id >= 5896269) AND (id <= 5896369))

table 6 : explain SELECT id FROM sbtest6 WHERE id BETWEEN 5896269 AND 5896369
	Index Only Scan using sbtest6_pkey on sbtest6  (cost=0.43..6.42 rows=99 width=4)
	  Index Cond: ((id >= 5896269) AND (id <= 5896369))

table 7 : explain SELECT id FROM sbtest7 WHERE id BETWEEN 5896269 AND 5896369
	Index Only Scan using sbtest7_pkey on sbtest7  (cost=0.43..6.40 rows=98 width=4)
	  Index Cond: ((id >= 5896269) AND (id <= 5896369))

table 8 : explain SELECT id FROM sbtest8 WHERE id BETWEEN 5896269 AND 5896369
	Index Only Scan using sbtest8_pkey on sbtest8  (cost=0.43..6.47 rows=102 width=4)
	  Index Cond: ((id >= 5896269) AND (id <= 5896369))

explain: for range-covered :: explain SELECT id FROM sbtest%d WHERE id BETWEEN 5081211 AND 5081311
explain: for range-covered :: explain SELECT id FROM sbtest%d WHERE id BETWEEN 5896269 AND 5896369
for range-covered
table 1 : explain SELECT id FROM sbtest1 WHERE id BETWEEN 2637755 AND 2637855
	Index Only Scan using sbtest1_pkey on sbtest1  (cost=0.43..6.50 rows=103 width=4)
	  Index Cond: ((id >= 2637755) AND (id <= 2637855))

table 2 : explain SELECT id FROM sbtest2 WHERE id BETWEEN 2637755 AND 2637855
	Index Only Scan using sbtest2_pkey on sbtest2  (cost=0.43..6.37 rows=97 width=4)
	  Index Cond: ((id >= 2637755) AND (id <= 2637855))

table 3 : explain SELECT id FROM sbtest3 WHERE id BETWEEN 2637755 AND 2637855
	Index Only Scan using sbtest3_pkey on sbtest3  (cost=0.43..6.53 rows=105 width=4)
	  Index Cond: ((id >= 2637755) AND (id <= 2637855))

table 4 : explain SELECT id FROM sbtest4 WHERE id BETWEEN 2637755 AND 2637855
	Index Only Scan using sbtest4_pkey on sbtest4  (cost=0.43..6.63 rows=110 width=4)
	  Index Cond: ((id >= 2637755) AND (id <= 2637855))

table 5 : explain SELECT id FROM sbtest5 WHERE id BETWEEN 2637755 AND 2637855
	Index Only Scan using sbtest5_pkey on sbtest5  (cost=0.43..6.33 rows=95 width=4)
	  Index Cond: ((id >= 2637755) AND (id <= 2637855))

table 6 : explain SELECT id FROM sbtest6 WHERE id BETWEEN 2637755 AND 2637855
	Index Only Scan using sbtest6_pkey on sbtest6  (cost=0.43..6.29 rows=93 width=4)
	  Index Cond: ((id >= 2637755) AND (id <= 2637855))

table 7 : explain SELECT id FROM sbtest7 WHERE id BETWEEN 2637755 AND 2637855
	Index Only Scan using sbtest7_pkey on sbtest7  (cost=0.43..6.47 rows=102 width=4)
	  Index Cond: ((id >= 2637755) AND (id <= 2637855))

table 8 : explain SELECT id FROM sbtest8 WHERE id BETWEEN 2637755 AND 2637855
	Index Only Scan using sbtest8_pkey on sbtest8  (cost=0.43..6.33 rows=95 width=4)
	  Index Cond: ((id >= 2637755) AND (id <= 2637855))

for range-covered
table 1 : explain SELECT id FROM sbtest1 WHERE id BETWEEN 5341094 AND 5341194
	Index Only Scan using sbtest1_pkey on sbtest1  (cost=0.43..6.69 rows=113 width=4)
	  Index Cond: ((id >= 5341094) AND (id <= 5341194))

table 2 : explain SELECT id FROM sbtest2 WHERE id BETWEEN 5341094 AND 5341194
	Index Only Scan using sbtest2_pkey on sbtest2  (cost=0.43..6.43 rows=100 width=4)
	  Index Cond: ((id >= 5341094) AND (id <= 5341194))

table 3 : explain SELECT id FROM sbtest3 WHERE id BETWEEN 5341094 AND 5341194
	Index Only Scan using sbtest3_pkey on sbtest3  (cost=0.43..6.50 rows=103 width=4)
	  Index Cond: ((id >= 5341094) AND (id <= 5341194))

table 4 : explain SELECT id FROM sbtest4 WHERE id BETWEEN 5341094 AND 5341194
	Index Only Scan using sbtest4_pkey on sbtest4  (cost=0.43..6.42 rows=99 width=4)
	  Index Cond: ((id >= 5341094) AND (id <= 5341194))

table 5 : explain SELECT id FROM sbtest5 WHERE id BETWEEN 5341094 AND 5341194
	Index Only Scan using sbtest5_pkey on sbtest5  (cost=0.43..6.63 rows=110 width=4)
	  Index Cond: ((id >= 5341094) AND (id <= 5341194))

table 6 : explain SELECT id FROM sbtest6 WHERE id BETWEEN 5341094 AND 5341194
	Index Only Scan using sbtest6_pkey on sbtest6  (cost=0.43..6.33 rows=95 width=4)
	  Index Cond: ((id >= 5341094) AND (id <= 5341194))

table 7 : explain SELECT id FROM sbtest7 WHERE id BETWEEN 5341094 AND 5341194
	Index Only Scan using sbtest7_pkey on sbtest7  (cost=0.43..6.40 rows=98 width=4)
	  Index Cond: ((id >= 5341094) AND (id <= 5341194))

table 8 : explain SELECT id FROM sbtest8 WHERE id BETWEEN 5341094 AND 5341194
	Index Only Scan using sbtest8_pkey on sbtest8  (cost=0.43..6.59 rows=108 width=4)
	  Index Cond: ((id >= 5341094) AND (id <= 5341194))

explain: for range-covered :: explain SELECT id FROM sbtest%d WHERE id BETWEEN 5341094 AND 5341194
for range-covered
table 1 : explain SELECT id FROM sbtest1 WHERE id BETWEEN 5131874 AND 5131974
	Index Only Scan using sbtest1_pkey on sbtest1  (cost=0.43..6.63 rows=110 width=4)
	  Index Cond: ((id >= 5131874) AND (id <= 5131974))

table 2 : explain SELECT id FROM sbtest2 WHERE id BETWEEN 5131874 AND 5131974
	Index Only Scan using sbtest2_pkey on sbtest2  (cost=0.43..6.51 rows=104 width=4)
	  Index Cond: ((id >= 5131874) AND (id <= 5131974))

table 3 : explain SELECT id FROM sbtest3 WHERE id BETWEEN 5131874 AND 5131974
	Index Only Scan using sbtest3_pkey on sbtest3  (cost=0.43..6.50 rows=103 width=4)
	  Index Cond: ((id >= 5131874) AND (id <= 5131974))

table 4 : explain SELECT id FROM sbtest4 WHERE id BETWEEN 5131874 AND 5131974
	Index Only Scan using sbtest4_pkey on sbtest4  (cost=0.43..6.50 rows=103 width=4)
	  Index Cond: ((id >= 5131874) AND (id <= 5131974))

table 5 : explain SELECT id FROM sbtest5 WHERE id BETWEEN 5131874 AND 5131974
	Index Only Scan using sbtest5_pkey on sbtest5  (cost=0.43..6.51 rows=104 width=4)
	  Index Cond: ((id >= 5131874) AND (id <= 5131974))

table 6 : explain SELECT id FROM sbtest6 WHERE id BETWEEN 5131874 AND 5131974
	Index Only Scan using sbtest6_pkey on sbtest6  (cost=0.43..6.40 rows=98 width=4)
	  Index Cond: ((id >= 5131874) AND (id <= 5131974))

table 7 : explain SELECT id FROM sbtest7 WHERE id BETWEEN 5131874 AND 5131974
	Index Only Scan using sbtest7_pkey on sbtest7  (cost=0.43..6.29 rows=93 width=4)
	  Index Cond: ((id >= 5131874) AND (id <= 5131974))

table 8 : explain SELECT id FROM sbtest8 WHERE id BETWEEN 5131874 AND 5131974
	Index Only Scan using sbtest8_pkey on sbtest8  (cost=0.43..6.56 rows=106 width=4)
	  Index Cond: ((id >= 5131874) AND (id <= 5131974))

for range-covered
table 1 : explain SELECT id FROM sbtest1 WHERE id BETWEEN 6978234 AND 6978334
	Index Only Scan using sbtest1_pkey on sbtest1  (cost=0.43..6.50 rows=103 width=4)
	  Index Cond: ((id >= 6978234) AND (id <= 6978334))

table 2 : explain SELECT id FROM sbtest2 WHERE id BETWEEN 6978234 AND 6978334
	Index Only Scan using sbtest2_pkey on sbtest2  (cost=0.43..6.45 rows=101 width=4)
	  Index Cond: ((id >= 6978234) AND (id <= 6978334))

table 3 : explain SELECT id FROM sbtest3 WHERE id BETWEEN 6978234 AND 6978334
	Index Only Scan using sbtest3_pkey on sbtest3  (cost=0.43..6.35 rows=96 width=4)
	  Index Cond: ((id >= 6978234) AND (id <= 6978334))

table 4 : explain SELECT id FROM sbtest4 WHERE id BETWEEN 6978234 AND 6978334
	Index Only Scan using sbtest4_pkey on sbtest4  (cost=0.43..6.53 rows=105 width=4)
	  Index Cond: ((id >= 6978234) AND (id <= 6978334))

table 5 : explain SELECT id FROM sbtest5 WHERE id BETWEEN 6978234 AND 6978334
	Index Only Scan using sbtest5_pkey on sbtest5  (cost=0.43..6.74 rows=115 width=4)
	  Index Cond: ((id >= 6978234) AND (id <= 6978334))

table 6 : explain SELECT id FROM sbtest6 WHERE id BETWEEN 6978234 AND 6978334
	Index Only Scan using sbtest6_pkey on sbtest6  (cost=0.43..6.51 rows=104 width=4)
	  Index Cond: ((id >= 6978234) AND (id <= 6978334))

table 7 : explain SELECT id FROM sbtest7 WHERE id BETWEEN 6978234 AND 6978334
	Index Only Scan using sbtest7_pkey on sbtest7  (cost=0.43..6.40 rows=98 width=4)
	  Index Cond: ((id >= 6978234) AND (id <= 6978334))

table 8 : explain SELECT id FROM sbtest8 WHERE id BETWEEN 6978234 AND 6978334
	Index Only Scan using sbtest8_pkey on sbtest8  (cost=0.43..6.27 rows=92 width=4)
	  Index Cond: ((id >= 6978234) AND (id <= 6978334))

for range-covered
table 1 : explain SELECT id FROM sbtest1 WHERE id BETWEEN 4485820 AND 4485920
	Index Only Scan using sbtest1_pkey on sbtest1  (cost=0.43..6.43 rows=100 width=4)
	  Index Cond: ((id >= 4485820) AND (id <= 4485920))

table 2 : explain SELECT id FROM sbtest2 WHERE id BETWEEN 4485820 AND 4485920
	Index Only Scan using sbtest2_pkey on sbtest2  (cost=0.43..6.53 rows=105 width=4)
	  Index Cond: ((id >= 4485820) AND (id <= 4485920))

table 3 : explain SELECT id FROM sbtest3 WHERE id BETWEEN 4485820 AND 4485920
	Index Only Scan using sbtest3_pkey on sbtest3  (cost=0.43..6.50 rows=103 width=4)
	  Index Cond: ((id >= 4485820) AND (id <= 4485920))

table 4 : explain SELECT id FROM sbtest4 WHERE id BETWEEN 4485820 AND 4485920
	Index Only Scan using sbtest4_pkey on sbtest4  (cost=0.43..6.33 rows=95 width=4)
	  Index Cond: ((id >= 4485820) AND (id <= 4485920))

table 5 : explain SELECT id FROM sbtest5 WHERE id BETWEEN 4485820 AND 4485920
	Index Only Scan using sbtest5_pkey on sbtest5  (cost=0.43..6.51 rows=104 width=4)
	  Index Cond: ((id >= 4485820) AND (id <= 4485920))

table 6 : explain SELECT id FROM sbtest6 WHERE id BETWEEN 4485820 AND 4485920
	Index Only Scan using sbtest6_pkey on sbtest6  (cost=0.43..6.53 rows=105 width=4)
	  Index Cond: ((id >= 4485820) AND (id <= 4485920))

table 7 : explain SELECT id FROM sbtest7 WHERE id BETWEEN 4485820 AND 4485920
	Index Only Scan using sbtest7_pkey on sbtest7  (cost=0.43..6.42 rows=99 width=4)
	  Index Cond: ((id >= 4485820) AND (id <= 4485920))

table 8 : explain SELECT id FROM sbtest8 WHERE id BETWEEN 4485820 AND 4485920
	Index Only Scan using sbtest8_pkey on sbtest8  (cost=0.43..6.35 rows=96 width=4)
	  Index Cond: ((id >= 4485820) AND (id <= 4485920))

for range-covered
table 1 : explain SELECT id FROM sbtest1 WHERE id BETWEEN 5896269 AND 5896369
	Index Only Scan using sbtest1_pkey on sbtest1  (cost=0.43..6.61 rows=109 width=4)
	  Index Cond: ((id >= 5896269) AND (id <= 5896369))

table 2 : explain SELECT id FROM sbtest2 WHERE id BETWEEN 5896269 AND 5896369
	Index Only Scan using sbtest2_pkey on sbtest2  (cost=0.43..6.67 rows=112 width=4)
	  Index Cond: ((id >= 5896269) AND (id <= 5896369))

table 3 : explain SELECT id FROM sbtest3 WHERE id BETWEEN 5896269 AND 5896369
	Index Only Scan using sbtest3_pkey on sbtest3  (cost=0.43..6.40 rows=98 width=4)
	  Index Cond: ((id >= 5896269) AND (id <= 5896369))

table 4 : explain SELECT id FROM sbtest4 WHERE id BETWEEN 5896269 AND 5896369
	Index Only Scan using sbtest4_pkey on sbtest4  (cost=0.43..6.45 rows=101 width=4)
	  Index Cond: ((id >= 5896269) AND (id <= 5896369))

table 5 : explain SELECT id FROM sbtest5 WHERE id BETWEEN 5896269 AND 5896369
	Index Only Scan using sbtest5_pkey on sbtest5  (cost=0.43..6.47 rows=102 width=4)
	  Index Cond: ((id >= 5896269) AND (id <= 5896369))

table 6 : explain SELECT id FROM sbtest6 WHERE id BETWEEN 5896269 AND 5896369
	Index Only Scan using sbtest6_pkey on sbtest6  (cost=0.43..6.42 rows=99 width=4)
	  Index Cond: ((id >= 5896269) AND (id <= 5896369))

table 7 : explain SELECT id FROM sbtest7 WHERE id BETWEEN 5896269 AND 5896369
	Index Only Scan using sbtest7_pkey on sbtest7  (cost=0.43..6.40 rows=98 width=4)
	  Index Cond: ((id >= 5896269) AND (id <= 5896369))

table 8 : explain SELECT id FROM sbtest8 WHERE id BETWEEN 5896269 AND 5896369
	Index Only Scan using sbtest8_pkey on sbtest8  (cost=0.43..6.47 rows=102 width=4)
	  Index Cond: ((id >= 5896269) AND (id <= 5896369))

explain: for range-covered :: explain SELECT id FROM sbtest%d WHERE id BETWEEN 5131874 AND 5131974
for range-covered
table 1 : explain SELECT id FROM sbtest1 WHERE id BETWEEN 5181865 AND 5181965
	Index Only Scan using sbtest1_pkey on sbtest1  (cost=0.43..6.37 rows=97 width=4)
	  Index Cond: ((id >= 5181865) AND (id <= 5181965))

table 2 : explain SELECT id FROM sbtest2 WHERE id BETWEEN 5181865 AND 5181965
	Index Only Scan using sbtest2_pkey on sbtest2  (cost=0.43..6.51 rows=104 width=4)
	  Index Cond: ((id >= 5181865) AND (id <= 5181965))

table 3 : explain SELECT id FROM sbtest3 WHERE id BETWEEN 5181865 AND 5181965
	Index Only Scan using sbtest3_pkey on sbtest3  (cost=0.43..6.35 rows=96 width=4)
	  Index Cond: ((id >= 5181865) AND (id <= 5181965))

table 4 : explain SELECT id FROM sbtest4 WHERE id BETWEEN 5181865 AND 5181965
	Index Only Scan using sbtest4_pkey on sbtest4  (cost=0.43..6.50 rows=103 width=4)
	  Index Cond: ((id >= 5181865) AND (id <= 5181965))

table 5 : explain SELECT id FROM sbtest5 WHERE id BETWEEN 5181865 AND 5181965
	Index Only Scan using sbtest5_pkey on sbtest5  (cost=0.43..6.25 rows=91 width=4)
	  Index Cond: ((id >= 5181865) AND (id <= 5181965))

table 6 : explain SELECT id FROM sbtest6 WHERE id BETWEEN 5181865 AND 5181965
	Index Only Scan using sbtest6_pkey on sbtest6  (cost=0.43..6.40 rows=98 width=4)
	  Index Cond: ((id >= 5181865) AND (id <= 5181965))

table 7 : explain SELECT id FROM sbtest7 WHERE id BETWEEN 5181865 AND 5181965
	Index Only Scan using sbtest7_pkey on sbtest7  (cost=0.43..6.29 rows=93 width=4)
	  Index Cond: ((id >= 5181865) AND (id <= 5181965))

table 8 : explain SELECT id FROM sbtest8 WHERE id BETWEEN 5181865 AND 5181965
	Index Only Scan using sbtest8_pkey on sbtest8  (cost=0.43..6.58 rows=107 width=4)
	  Index Cond: ((id >= 5181865) AND (id <= 5181965))

explain: for range-covered :: explain SELECT id FROM sbtest%d WHERE id BETWEEN 5896269 AND 5896369
explain: for range-covered :: explain SELECT id FROM sbtest%d WHERE id BETWEEN 4485820 AND 4485920
explain: for range-covered :: explain SELECT id FROM sbtest%d WHERE id BETWEEN 5181865 AND 5181965
for range-covered
table 1 : explain SELECT id FROM sbtest1 WHERE id BETWEEN 2815873 AND 2815973
	Index Only Scan using sbtest1_pkey on sbtest1  (cost=0.43..6.32 rows=94 width=4)
	  Index Cond: ((id >= 2815873) AND (id <= 2815973))

table 2 : explain SELECT id FROM sbtest2 WHERE id BETWEEN 2815873 AND 2815973
	Index Only Scan using sbtest2_pkey on sbtest2  (cost=0.43..6.29 rows=93 width=4)
	  Index Cond: ((id >= 2815873) AND (id <= 2815973))

table 3 : explain SELECT id FROM sbtest3 WHERE id BETWEEN 2815873 AND 2815973
	Index Only Scan using sbtest3_pkey on sbtest3  (cost=0.43..6.56 rows=106 width=4)
	  Index Cond: ((id >= 2815873) AND (id <= 2815973))

table 4 : explain SELECT id FROM sbtest4 WHERE id BETWEEN 2815873 AND 2815973
	Index Only Scan using sbtest4_pkey on sbtest4  (cost=0.43..6.47 rows=102 width=4)
	  Index Cond: ((id >= 2815873) AND (id <= 2815973))

table 5 : explain SELECT id FROM sbtest5 WHERE id BETWEEN 2815873 AND 2815973
	Index Only Scan using sbtest5_pkey on sbtest5  (cost=0.43..6.29 rows=93 width=4)
	  Index Cond: ((id >= 2815873) AND (id <= 2815973))

table 6 : explain SELECT id FROM sbtest6 WHERE id BETWEEN 2815873 AND 2815973
	Index Only Scan using sbtest6_pkey on sbtest6  (cost=0.43..6.47 rows=102 width=4)
	  Index Cond: ((id >= 2815873) AND (id <= 2815973))

table 7 : explain SELECT id FROM sbtest7 WHERE id BETWEEN 2815873 AND 2815973
	Index Only Scan using sbtest7_pkey on sbtest7  (cost=0.43..6.53 rows=105 width=4)
	  Index Cond: ((id >= 2815873) AND (id <= 2815973))

table 8 : explain SELECT id FROM sbtest8 WHERE id BETWEEN 2815873 AND 2815973
	Index Only Scan using sbtest8_pkey on sbtest8  (cost=0.43..6.19 rows=88 width=4)
	  Index Cond: ((id >= 2815873) AND (id <= 2815973))

for range-covered
table 1 : explain SELECT id FROM sbtest1 WHERE id BETWEEN 5081211 AND 5081311
	Index Only Scan using sbtest1_pkey on sbtest1  (cost=0.43..6.63 rows=110 width=4)
	  Index Cond: ((id >= 5081211) AND (id <= 5081311))

table 2 : explain SELECT id FROM sbtest2 WHERE id BETWEEN 5081211 AND 5081311
	Index Only Scan using sbtest2_pkey on sbtest2  (cost=0.43..6.53 rows=105 width=4)
	  Index Cond: ((id >= 5081211) AND (id <= 5081311))

table 3 : explain SELECT id FROM sbtest3 WHERE id BETWEEN 5081211 AND 5081311
	Index Only Scan using sbtest3_pkey on sbtest3  (cost=0.43..6.50 rows=103 width=4)
	  Index Cond: ((id >= 5081211) AND (id <= 5081311))

table 4 : explain SELECT id FROM sbtest4 WHERE id BETWEEN 5081211 AND 5081311
	Index Only Scan using sbtest4_pkey on sbtest4  (cost=0.43..6.42 rows=99 width=4)
	  Index Cond: ((id >= 5081211) AND (id <= 5081311))

table 5 : explain SELECT id FROM sbtest5 WHERE id BETWEEN 5081211 AND 5081311
	Index Only Scan using sbtest5_pkey on sbtest5  (cost=0.43..6.51 rows=104 width=4)
	  Index Cond: ((id >= 5081211) AND (id <= 5081311))

table 6 : explain SELECT id FROM sbtest6 WHERE id BETWEEN 5081211 AND 5081311
	Index Only Scan using sbtest6_pkey on sbtest6  (cost=0.43..6.32 rows=94 width=4)
	  Index Cond: ((id >= 5081211) AND (id <= 5081311))

table 7 : explain SELECT id FROM sbtest7 WHERE id BETWEEN 5081211 AND 5081311
	Index Only Scan using sbtest7_pkey on sbtest7  (cost=0.43..6.29 rows=93 width=4)
	  Index Cond: ((id >= 5081211) AND (id <= 5081311))

table 8 : explain SELECT id FROM sbtest8 WHERE id BETWEEN 5081211 AND 5081311
	Index Only Scan using sbtest8_pkey on sbtest8  (cost=0.43..6.56 rows=106 width=4)
	  Index Cond: ((id >= 5081211) AND (id <= 5081311))

for range-covered
table 1 : explain SELECT id FROM sbtest1 WHERE id BETWEEN 6509022 AND 6509122
	Index Only Scan using sbtest1_pkey on sbtest1  (cost=0.43..6.67 rows=112 width=4)
	  Index Cond: ((id >= 6509022) AND (id <= 6509122))

table 2 : explain SELECT id FROM sbtest2 WHERE id BETWEEN 6509022 AND 6509122
	Index Only Scan using sbtest2_pkey on sbtest2  (cost=0.43..6.37 rows=97 width=4)
	  Index Cond: ((id >= 6509022) AND (id <= 6509122))

table 3 : explain SELECT id FROM sbtest3 WHERE id BETWEEN 6509022 AND 6509122
	Index Only Scan using sbtest3_pkey on sbtest3  (cost=0.43..6.59 rows=108 width=4)
	  Index Cond: ((id >= 6509022) AND (id <= 6509122))

table 4 : explain SELECT id FROM sbtest4 WHERE id BETWEEN 6509022 AND 6509122
	Index Only Scan using sbtest4_pkey on sbtest4  (cost=0.43..6.53 rows=105 width=4)
	  Index Cond: ((id >= 6509022) AND (id <= 6509122))

table 5 : explain SELECT id FROM sbtest5 WHERE id BETWEEN 6509022 AND 6509122
	Index Only Scan using sbtest5_pkey on sbtest5  (cost=0.43..6.42 rows=99 width=4)
	  Index Cond: ((id >= 6509022) AND (id <= 6509122))

table 6 : explain SELECT id FROM sbtest6 WHERE id BETWEEN 6509022 AND 6509122
	Index Only Scan using sbtest6_pkey on sbtest6  (cost=0.43..6.35 rows=96 width=4)
	  Index Cond: ((id >= 6509022) AND (id <= 6509122))

table 7 : explain SELECT id FROM sbtest7 WHERE id BETWEEN 6509022 AND 6509122
	Index Only Scan using sbtest7_pkey on sbtest7  (cost=0.43..6.37 rows=97 width=4)
	  Index Cond: ((id >= 6509022) AND (id <= 6509122))

table 8 : explain SELECT id FROM sbtest8 WHERE id BETWEEN 6509022 AND 6509122
	Index Only Scan using sbtest8_pkey on sbtest8  (cost=0.43..6.56 rows=106 width=4)
	  Index Cond: ((id >= 6509022) AND (id <= 6509122))

for range-covered
table 1 : explain SELECT id FROM sbtest1 WHERE id BETWEEN 619313 AND 619413
	Index Only Scan using sbtest1_pkey on sbtest1  (cost=0.43..6.51 rows=104 width=4)
	  Index Cond: ((id >= 619313) AND (id <= 619413))

table 2 : explain SELECT id FROM sbtest2 WHERE id BETWEEN 619313 AND 619413
	Index Only Scan using sbtest2_pkey on sbtest2  (cost=0.43..6.58 rows=107 width=4)
	  Index Cond: ((id >= 619313) AND (id <= 619413))

table 3 : explain SELECT id FROM sbtest3 WHERE id BETWEEN 619313 AND 619413
	Index Only Scan using sbtest3_pkey on sbtest3  (cost=0.43..6.42 rows=99 width=4)
	  Index Cond: ((id >= 619313) AND (id <= 619413))

table 4 : explain SELECT id FROM sbtest4 WHERE id BETWEEN 619313 AND 619413
	Index Only Scan using sbtest4_pkey on sbtest4  (cost=0.43..6.58 rows=107 width=4)
	  Index Cond: ((id >= 619313) AND (id <= 619413))

table 5 : explain SELECT id FROM sbtest5 WHERE id BETWEEN 619313 AND 619413
	Index Only Scan using sbtest5_pkey on sbtest5  (cost=0.43..6.47 rows=102 width=4)
	  Index Cond: ((id >= 619313) AND (id <= 619413))

table 6 : explain SELECT id FROM sbtest6 WHERE id BETWEEN 619313 AND 619413
	Index Only Scan using sbtest6_pkey on sbtest6  (cost=0.43..6.42 rows=99 width=4)
	  Index Cond: ((id >= 619313) AND (id <= 619413))

table 7 : explain SELECT id FROM sbtest7 WHERE id BETWEEN 619313 AND 619413
	Index Only Scan using sbtest7_pkey on sbtest7  (cost=0.43..6.47 rows=102 width=4)
	  Index Cond: ((id >= 619313) AND (id <= 619413))

table 8 : explain SELECT id FROM sbtest8 WHERE id BETWEEN 619313 AND 619413
	Index Only Scan using sbtest8_pkey on sbtest8  (cost=0.43..6.67 rows=112 width=4)
	  Index Cond: ((id >= 619313) AND (id <= 619413))

explain: for range-covered :: explain SELECT id FROM sbtest%d WHERE id BETWEEN 5081211 AND 5081311
explain: for range-covered :: explain SELECT id FROM sbtest%d WHERE id BETWEEN 6509022 AND 6509122
explain: for range-covered :: explain SELECT id FROM sbtest%d WHERE id BETWEEN 619313 AND 619413
explain: for range-covered :: explain SELECT id FROM sbtest%d WHERE id BETWEEN 2815873 AND 2815973
for range-covered
table 1 : explain SELECT id FROM sbtest1 WHERE id BETWEEN 6886935 AND 6887035
	Index Only Scan using sbtest1_pkey on sbtest1  (cost=0.43..6.40 rows=98 width=4)
	  Index Cond: ((id >= 6886935) AND (id <= 6887035))

table 2 : explain SELECT id FROM sbtest2 WHERE id BETWEEN 6886935 AND 6887035
	Index Only Scan using sbtest2_pkey on sbtest2  (cost=0.43..6.32 rows=94 width=4)
	  Index Cond: ((id >= 6886935) AND (id <= 6887035))

table 3 : explain SELECT id FROM sbtest3 WHERE id BETWEEN 6886935 AND 6887035
	Index Only Scan using sbtest3_pkey on sbtest3  (cost=0.43..6.56 rows=106 width=4)
	  Index Cond: ((id >= 6886935) AND (id <= 6887035))

table 4 : explain SELECT id FROM sbtest4 WHERE id BETWEEN 6886935 AND 6887035
	Index Only Scan using sbtest4_pkey on sbtest4  (cost=0.43..6.32 rows=94 width=4)
	  Index Cond: ((id >= 6886935) AND (id <= 6887035))

table 5 : explain SELECT id FROM sbtest5 WHERE id BETWEEN 6886935 AND 6887035
	Index Only Scan using sbtest5_pkey on sbtest5  (cost=0.43..6.29 rows=93 width=4)
	  Index Cond: ((id >= 6886935) AND (id <= 6887035))

table 6 : explain SELECT id FROM sbtest6 WHERE id BETWEEN 6886935 AND 6887035
	Index Only Scan using sbtest6_pkey on sbtest6  (cost=0.43..6.45 rows=101 width=4)
	  Index Cond: ((id >= 6886935) AND (id <= 6887035))

table 7 : explain SELECT id FROM sbtest7 WHERE id BETWEEN 6886935 AND 6887035
	Index Only Scan using sbtest7_pkey on sbtest7  (cost=0.43..6.40 rows=98 width=4)
	  Index Cond: ((id >= 6886935) AND (id <= 6887035))

table 8 : explain SELECT id FROM sbtest8 WHERE id BETWEEN 6886935 AND 6887035
	Index Only Scan using sbtest8_pkey on sbtest8  (cost=0.43..6.51 rows=104 width=4)
	  Index Cond: ((id >= 6886935) AND (id <= 6887035))

explain: for range-covered :: explain SELECT id FROM sbtest%d WHERE id BETWEEN 5119227 AND 5119327
for range-covered
table 1 : explain SELECT id FROM sbtest1 WHERE id BETWEEN 5341094 AND 5341194
	Index Only Scan using sbtest1_pkey on sbtest1  (cost=0.43..6.69 rows=113 width=4)
	  Index Cond: ((id >= 5341094) AND (id <= 5341194))

table 2 : explain SELECT id FROM sbtest2 WHERE id BETWEEN 5341094 AND 5341194
	Index Only Scan using sbtest2_pkey on sbtest2  (cost=0.43..6.43 rows=100 width=4)
	  Index Cond: ((id >= 5341094) AND (id <= 5341194))

table 3 : explain SELECT id FROM sbtest3 WHERE id BETWEEN 5341094 AND 5341194
	Index Only Scan using sbtest3_pkey on sbtest3  (cost=0.43..6.50 rows=103 width=4)
	  Index Cond: ((id >= 5341094) AND (id <= 5341194))

table 4 : explain SELECT id FROM sbtest4 WHERE id BETWEEN 5341094 AND 5341194
	Index Only Scan using sbtest4_pkey on sbtest4  (cost=0.43..6.42 rows=99 width=4)
	  Index Cond: ((id >= 5341094) AND (id <= 5341194))

table 5 : explain SELECT id FROM sbtest5 WHERE id BETWEEN 5341094 AND 5341194
	Index Only Scan using sbtest5_pkey on sbtest5  (cost=0.43..6.63 rows=110 width=4)
	  Index Cond: ((id >= 5341094) AND (id <= 5341194))

table 6 : explain SELECT id FROM sbtest6 WHERE id BETWEEN 5341094 AND 5341194
	Index Only Scan using sbtest6_pkey on sbtest6  (cost=0.43..6.33 rows=95 width=4)
	  Index Cond: ((id >= 5341094) AND (id <= 5341194))

table 7 : explain SELECT id FROM sbtest7 WHERE id BETWEEN 5341094 AND 5341194
	Index Only Scan using sbtest7_pkey on sbtest7  (cost=0.43..6.40 rows=98 width=4)
	  Index Cond: ((id >= 5341094) AND (id <= 5341194))

table 8 : explain SELECT id FROM sbtest8 WHERE id BETWEEN 5341094 AND 5341194
	Index Only Scan using sbtest8_pkey on sbtest8  (cost=0.43..6.59 rows=108 width=4)
	  Index Cond: ((id >= 5341094) AND (id <= 5341194))

explain: for range-covered :: explain SELECT id FROM sbtest%d WHERE id BETWEEN 6978234 AND 6978334
explain: for range-covered :: explain SELECT id FROM sbtest%d WHERE id BETWEEN 5341094 AND 5341194
for range-covered
table 1 : explain SELECT id FROM sbtest1 WHERE id BETWEEN 5896269 AND 5896369
	Index Only Scan using sbtest1_pkey on sbtest1  (cost=0.43..6.61 rows=109 width=4)
	  Index Cond: ((id >= 5896269) AND (id <= 5896369))

table 2 : explain SELECT id FROM sbtest2 WHERE id BETWEEN 5896269 AND 5896369
	Index Only Scan using sbtest2_pkey on sbtest2  (cost=0.43..6.67 rows=112 width=4)
	  Index Cond: ((id >= 5896269) AND (id <= 5896369))

table 3 : explain SELECT id FROM sbtest3 WHERE id BETWEEN 5896269 AND 5896369
	Index Only Scan using sbtest3_pkey on sbtest3  (cost=0.43..6.40 rows=98 width=4)
	  Index Cond: ((id >= 5896269) AND (id <= 5896369))

table 4 : explain SELECT id FROM sbtest4 WHERE id BETWEEN 5896269 AND 5896369
	Index Only Scan using sbtest4_pkey on sbtest4  (cost=0.43..6.45 rows=101 width=4)
	  Index Cond: ((id >= 5896269) AND (id <= 5896369))

table 5 : explain SELECT id FROM sbtest5 WHERE id BETWEEN 5896269 AND 5896369
	Index Only Scan using sbtest5_pkey on sbtest5  (cost=0.43..6.47 rows=102 width=4)
	  Index Cond: ((id >= 5896269) AND (id <= 5896369))

table 6 : explain SELECT id FROM sbtest6 WHERE id BETWEEN 5896269 AND 5896369
	Index Only Scan using sbtest6_pkey on sbtest6  (cost=0.43..6.42 rows=99 width=4)
	  Index Cond: ((id >= 5896269) AND (id <= 5896369))

table 7 : explain SELECT id FROM sbtest7 WHERE id BETWEEN 5896269 AND 5896369
	Index Only Scan using sbtest7_pkey on sbtest7  (cost=0.43..6.40 rows=98 width=4)
	  Index Cond: ((id >= 5896269) AND (id <= 5896369))

table 8 : explain SELECT id FROM sbtest8 WHERE id BETWEEN 5896269 AND 5896369
	Index Only Scan using sbtest8_pkey on sbtest8  (cost=0.43..6.47 rows=102 width=4)
	  Index Cond: ((id >= 5896269) AND (id <= 5896369))

explain: for range-covered :: explain SELECT id FROM sbtest%d WHERE id BETWEEN 5896269 AND 5896369
for range-covered
table 1 : explain SELECT id FROM sbtest1 WHERE id BETWEEN 6256336 AND 6256436
	Index Only Scan using sbtest1_pkey on sbtest1  (cost=0.43..6.40 rows=98 width=4)
	  Index Cond: ((id >= 6256336) AND (id <= 6256436))

table 2 : explain SELECT id FROM sbtest2 WHERE id BETWEEN 6256336 AND 6256436
	Index Only Scan using sbtest2_pkey on sbtest2  (cost=0.43..6.45 rows=101 width=4)
	  Index Cond: ((id >= 6256336) AND (id <= 6256436))

table 3 : explain SELECT id FROM sbtest3 WHERE id BETWEEN 6256336 AND 6256436
	Index Only Scan using sbtest3_pkey on sbtest3  (cost=0.43..6.35 rows=96 width=4)
	  Index Cond: ((id >= 6256336) AND (id <= 6256436))

table 4 : explain SELECT id FROM sbtest4 WHERE id BETWEEN 6256336 AND 6256436
	Index Only Scan using sbtest4_pkey on sbtest4  (cost=0.43..6.51 rows=104 width=4)
	  Index Cond: ((id >= 6256336) AND (id <= 6256436))

table 5 : explain SELECT id FROM sbtest5 WHERE id BETWEEN 6256336 AND 6256436
	Index Only Scan using sbtest5_pkey on sbtest5  (cost=0.43..6.25 rows=91 width=4)
	  Index Cond: ((id >= 6256336) AND (id <= 6256436))

table 6 : explain SELECT id FROM sbtest6 WHERE id BETWEEN 6256336 AND 6256436
	Index Only Scan using sbtest6_pkey on sbtest6  (cost=0.43..6.37 rows=97 width=4)
	  Index Cond: ((id >= 6256336) AND (id <= 6256436))

table 7 : explain SELECT id FROM sbtest7 WHERE id BETWEEN 6256336 AND 6256436
	Index Only Scan using sbtest7_pkey on sbtest7  (cost=0.43..6.45 rows=101 width=4)
	  Index Cond: ((id >= 6256336) AND (id <= 6256436))

table 8 : explain SELECT id FROM sbtest8 WHERE id BETWEEN 6256336 AND 6256436
	Index Only Scan using sbtest8_pkey on sbtest8  (cost=0.43..6.33 rows=95 width=4)
	  Index Cond: ((id >= 6256336) AND (id <= 6256436))

for range-covered
table 1 : explain SELECT id FROM sbtest1 WHERE id BETWEEN 5181865 AND 5181965
	Index Only Scan using sbtest1_pkey on sbtest1  (cost=0.43..6.37 rows=97 width=4)
	  Index Cond: ((id >= 5181865) AND (id <= 5181965))

table 2 : explain SELECT id FROM sbtest2 WHERE id BETWEEN 5181865 AND 5181965
	Index Only Scan using sbtest2_pkey on sbtest2  (cost=0.43..6.51 rows=104 width=4)
	  Index Cond: ((id >= 5181865) AND (id <= 5181965))

table 3 : explain SELECT id FROM sbtest3 WHERE id BETWEEN 5181865 AND 5181965
	Index Only Scan using sbtest3_pkey on sbtest3  (cost=0.43..6.35 rows=96 width=4)
	  Index Cond: ((id >= 5181865) AND (id <= 5181965))

table 4 : explain SELECT id FROM sbtest4 WHERE id BETWEEN 5181865 AND 5181965
	Index Only Scan using sbtest4_pkey on sbtest4  (cost=0.43..6.50 rows=103 width=4)
	  Index Cond: ((id >= 5181865) AND (id <= 5181965))

table 5 : explain SELECT id FROM sbtest5 WHERE id BETWEEN 5181865 AND 5181965
	Index Only Scan using sbtest5_pkey on sbtest5  (cost=0.43..6.25 rows=91 width=4)
	  Index Cond: ((id >= 5181865) AND (id <= 5181965))

table 6 : explain SELECT id FROM sbtest6 WHERE id BETWEEN 5181865 AND 5181965
	Index Only Scan using sbtest6_pkey on sbtest6  (cost=0.43..6.40 rows=98 width=4)
	  Index Cond: ((id >= 5181865) AND (id <= 5181965))

table 7 : explain SELECT id FROM sbtest7 WHERE id BETWEEN 5181865 AND 5181965
	Index Only Scan using sbtest7_pkey on sbtest7  (cost=0.43..6.29 rows=93 width=4)
	  Index Cond: ((id >= 5181865) AND (id <= 5181965))

table 8 : explain SELECT id FROM sbtest8 WHERE id BETWEEN 5181865 AND 5181965
	Index Only Scan using sbtest8_pkey on sbtest8  (cost=0.43..6.58 rows=107 width=4)
	  Index Cond: ((id >= 5181865) AND (id <= 5181965))

for range-covered
table 1 : explain SELECT id FROM sbtest1 WHERE id BETWEEN 5081211 AND 5081311
	Index Only Scan using sbtest1_pkey on sbtest1  (cost=0.43..6.63 rows=110 width=4)
	  Index Cond: ((id >= 5081211) AND (id <= 5081311))

table 2 : explain SELECT id FROM sbtest2 WHERE id BETWEEN 5081211 AND 5081311
	Index Only Scan using sbtest2_pkey on sbtest2  (cost=0.43..6.53 rows=105 width=4)
	  Index Cond: ((id >= 5081211) AND (id <= 5081311))

table 3 : explain SELECT id FROM sbtest3 WHERE id BETWEEN 5081211 AND 5081311
	Index Only Scan using sbtest3_pkey on sbtest3  (cost=0.43..6.50 rows=103 width=4)
	  Index Cond: ((id >= 5081211) AND (id <= 5081311))

table 4 : explain SELECT id FROM sbtest4 WHERE id BETWEEN 5081211 AND 5081311
	Index Only Scan using sbtest4_pkey on sbtest4  (cost=0.43..6.42 rows=99 width=4)
	  Index Cond: ((id >= 5081211) AND (id <= 5081311))

table 5 : explain SELECT id FROM sbtest5 WHERE id BETWEEN 5081211 AND 5081311
	Index Only Scan using sbtest5_pkey on sbtest5  (cost=0.43..6.51 rows=104 width=4)
	  Index Cond: ((id >= 5081211) AND (id <= 5081311))

table 6 : explain SELECT id FROM sbtest6 WHERE id BETWEEN 5081211 AND 5081311
	Index Only Scan using sbtest6_pkey on sbtest6  (cost=0.43..6.32 rows=94 width=4)
	  Index Cond: ((id >= 5081211) AND (id <= 5081311))

table 7 : explain SELECT id FROM sbtest7 WHERE id BETWEEN 5081211 AND 5081311
	Index Only Scan using sbtest7_pkey on sbtest7  (cost=0.43..6.29 rows=93 width=4)
	  Index Cond: ((id >= 5081211) AND (id <= 5081311))

table 8 : explain SELECT id FROM sbtest8 WHERE id BETWEEN 5081211 AND 5081311
	Index Only Scan using sbtest8_pkey on sbtest8  (cost=0.43..6.56 rows=106 width=4)
	  Index Cond: ((id >= 5081211) AND (id <= 5081311))

explain: for range-covered :: explain SELECT id FROM sbtest%d WHERE id BETWEEN 5181865 AND 5181965
for range-covered
table 1 : explain SELECT id FROM sbtest1 WHERE id BETWEEN 6509022 AND 6509122
	Index Only Scan using sbtest1_pkey on sbtest1  (cost=0.43..6.67 rows=112 width=4)
	  Index Cond: ((id >= 6509022) AND (id <= 6509122))

table 2 : explain SELECT id FROM sbtest2 WHERE id BETWEEN 6509022 AND 6509122
	Index Only Scan using sbtest2_pkey on sbtest2  (cost=0.43..6.37 rows=97 width=4)
	  Index Cond: ((id >= 6509022) AND (id <= 6509122))

table 3 : explain SELECT id FROM sbtest3 WHERE id BETWEEN 6509022 AND 6509122
	Index Only Scan using sbtest3_pkey on sbtest3  (cost=0.43..6.59 rows=108 width=4)
	  Index Cond: ((id >= 6509022) AND (id <= 6509122))

table 4 : explain SELECT id FROM sbtest4 WHERE id BETWEEN 6509022 AND 6509122
	Index Only Scan using sbtest4_pkey on sbtest4  (cost=0.43..6.53 rows=105 width=4)
	  Index Cond: ((id >= 6509022) AND (id <= 6509122))

table 5 : explain SELECT id FROM sbtest5 WHERE id BETWEEN 6509022 AND 6509122
	Index Only Scan using sbtest5_pkey on sbtest5  (cost=0.43..6.42 rows=99 width=4)
	  Index Cond: ((id >= 6509022) AND (id <= 6509122))

table 6 : explain SELECT id FROM sbtest6 WHERE id BETWEEN 6509022 AND 6509122
	Index Only Scan using sbtest6_pkey on sbtest6  (cost=0.43..6.35 rows=96 width=4)
	  Index Cond: ((id >= 6509022) AND (id <= 6509122))

table 7 : explain SELECT id FROM sbtest7 WHERE id BETWEEN 6509022 AND 6509122
	Index Only Scan using sbtest7_pkey on sbtest7  (cost=0.43..6.37 rows=97 width=4)
	  Index Cond: ((id >= 6509022) AND (id <= 6509122))

table 8 : explain SELECT id FROM sbtest8 WHERE id BETWEEN 6509022 AND 6509122
	Index Only Scan using sbtest8_pkey on sbtest8  (cost=0.43..6.56 rows=106 width=4)
	  Index Cond: ((id >= 6509022) AND (id <= 6509122))

explain: for range-covered :: explain SELECT id FROM sbtest%d WHERE id BETWEEN 6509022 AND 6509122
for range-covered
table 1 : explain SELECT id FROM sbtest1 WHERE id BETWEEN 4485820 AND 4485920
	Index Only Scan using sbtest1_pkey on sbtest1  (cost=0.43..6.43 rows=100 width=4)
	  Index Cond: ((id >= 4485820) AND (id <= 4485920))

table 2 : explain SELECT id FROM sbtest2 WHERE id BETWEEN 4485820 AND 4485920
	Index Only Scan using sbtest2_pkey on sbtest2  (cost=0.43..6.53 rows=105 width=4)
	  Index Cond: ((id >= 4485820) AND (id <= 4485920))

table 3 : explain SELECT id FROM sbtest3 WHERE id BETWEEN 4485820 AND 4485920
	Index Only Scan using sbtest3_pkey on sbtest3  (cost=0.43..6.50 rows=103 width=4)
	  Index Cond: ((id >= 4485820) AND (id <= 4485920))

table 4 : explain SELECT id FROM sbtest4 WHERE id BETWEEN 4485820 AND 4485920
	Index Only Scan using sbtest4_pkey on sbtest4  (cost=0.43..6.33 rows=95 width=4)
	  Index Cond: ((id >= 4485820) AND (id <= 4485920))

table 5 : explain SELECT id FROM sbtest5 WHERE id BETWEEN 4485820 AND 4485920
	Index Only Scan using sbtest5_pkey on sbtest5  (cost=0.43..6.51 rows=104 width=4)
	  Index Cond: ((id >= 4485820) AND (id <= 4485920))

table 6 : explain SELECT id FROM sbtest6 WHERE id BETWEEN 4485820 AND 4485920
	Index Only Scan using sbtest6_pkey on sbtest6  (cost=0.43..6.53 rows=105 width=4)
	  Index Cond: ((id >= 4485820) AND (id <= 4485920))

table 7 : explain SELECT id FROM sbtest7 WHERE id BETWEEN 4485820 AND 4485920
	Index Only Scan using sbtest7_pkey on sbtest7  (cost=0.43..6.42 rows=99 width=4)
	  Index Cond: ((id >= 4485820) AND (id <= 4485920))

table 8 : explain SELECT id FROM sbtest8 WHERE id BETWEEN 4485820 AND 4485920
	Index Only Scan using sbtest8_pkey on sbtest8  (cost=0.43..6.35 rows=96 width=4)
	  Index Cond: ((id >= 4485820) AND (id <= 4485920))

explain: for range-covered :: explain SELECT id FROM sbtest%d WHERE id BETWEEN 4485820 AND 4485920
for range-covered
table 1 : explain SELECT id FROM sbtest1 WHERE id BETWEEN 5131874 AND 5131974
	Index Only Scan using sbtest1_pkey on sbtest1  (cost=0.43..6.63 rows=110 width=4)
	  Index Cond: ((id >= 5131874) AND (id <= 5131974))

table 2 : explain SELECT id FROM sbtest2 WHERE id BETWEEN 5131874 AND 5131974
	Index Only Scan using sbtest2_pkey on sbtest2  (cost=0.43..6.51 rows=104 width=4)
	  Index Cond: ((id >= 5131874) AND (id <= 5131974))

table 3 : explain SELECT id FROM sbtest3 WHERE id BETWEEN 5131874 AND 5131974
	Index Only Scan using sbtest3_pkey on sbtest3  (cost=0.43..6.50 rows=103 width=4)
	  Index Cond: ((id >= 5131874) AND (id <= 5131974))

table 4 : explain SELECT id FROM sbtest4 WHERE id BETWEEN 5131874 AND 5131974
	Index Only Scan using sbtest4_pkey on sbtest4  (cost=0.43..6.50 rows=103 width=4)
	  Index Cond: ((id >= 5131874) AND (id <= 5131974))

table 5 : explain SELECT id FROM sbtest5 WHERE id BETWEEN 5131874 AND 5131974
	Index Only Scan using sbtest5_pkey on sbtest5  (cost=0.43..6.51 rows=104 width=4)
	  Index Cond: ((id >= 5131874) AND (id <= 5131974))

table 6 : explain SELECT id FROM sbtest6 WHERE id BETWEEN 5131874 AND 5131974
	Index Only Scan using sbtest6_pkey on sbtest6  (cost=0.43..6.40 rows=98 width=4)
	  Index Cond: ((id >= 5131874) AND (id <= 5131974))

table 7 : explain SELECT id FROM sbtest7 WHERE id BETWEEN 5131874 AND 5131974
	Index Only Scan using sbtest7_pkey on sbtest7  (cost=0.43..6.29 rows=93 width=4)
	  Index Cond: ((id >= 5131874) AND (id <= 5131974))

table 8 : explain SELECT id FROM sbtest8 WHERE id BETWEEN 5131874 AND 5131974
	Index Only Scan using sbtest8_pkey on sbtest8  (cost=0.43..6.56 rows=106 width=4)
	  Index Cond: ((id >= 5131874) AND (id <= 5131974))

for range-covered
table 1 : explain SELECT id FROM sbtest1 WHERE id BETWEEN 5341094 AND 5341194
	Index Only Scan using sbtest1_pkey on sbtest1  (cost=0.43..6.69 rows=113 width=4)
	  Index Cond: ((id >= 5341094) AND (id <= 5341194))

table 2 : explain SELECT id FROM sbtest2 WHERE id BETWEEN 5341094 AND 5341194
	Index Only Scan using sbtest2_pkey on sbtest2  (cost=0.43..6.43 rows=100 width=4)
	  Index Cond: ((id >= 5341094) AND (id <= 5341194))

table 3 : explain SELECT id FROM sbtest3 WHERE id BETWEEN 5341094 AND 5341194
	Index Only Scan using sbtest3_pkey on sbtest3  (cost=0.43..6.50 rows=103 width=4)
	  Index Cond: ((id >= 5341094) AND (id <= 5341194))

table 4 : explain SELECT id FROM sbtest4 WHERE id BETWEEN 5341094 AND 5341194
	Index Only Scan using sbtest4_pkey on sbtest4  (cost=0.43..6.42 rows=99 width=4)
	  Index Cond: ((id >= 5341094) AND (id <= 5341194))

table 5 : explain SELECT id FROM sbtest5 WHERE id BETWEEN 5341094 AND 5341194
	Index Only Scan using sbtest5_pkey on sbtest5  (cost=0.43..6.63 rows=110 width=4)
	  Index Cond: ((id >= 5341094) AND (id <= 5341194))

table 6 : explain SELECT id FROM sbtest6 WHERE id BETWEEN 5341094 AND 5341194
	Index Only Scan using sbtest6_pkey on sbtest6  (cost=0.43..6.33 rows=95 width=4)
	  Index Cond: ((id >= 5341094) AND (id <= 5341194))

table 7 : explain SELECT id FROM sbtest7 WHERE id BETWEEN 5341094 AND 5341194
	Index Only Scan using sbtest7_pkey on sbtest7  (cost=0.43..6.40 rows=98 width=4)
	  Index Cond: ((id >= 5341094) AND (id <= 5341194))

table 8 : explain SELECT id FROM sbtest8 WHERE id BETWEEN 5341094 AND 5341194
	Index Only Scan using sbtest8_pkey on sbtest8  (cost=0.43..6.59 rows=108 width=4)
	  Index Cond: ((id >= 5341094) AND (id <= 5341194))

explain: for range-covered :: explain SELECT id FROM sbtest%d WHERE id BETWEEN 5341094 AND 5341194
for range-covered
table 1 : explain SELECT id FROM sbtest1 WHERE id BETWEEN 5896269 AND 5896369
	Index Only Scan using sbtest1_pkey on sbtest1  (cost=0.43..6.61 rows=109 width=4)
	  Index Cond: ((id >= 5896269) AND (id <= 5896369))

table 2 : explain SELECT id FROM sbtest2 WHERE id BETWEEN 5896269 AND 5896369
	Index Only Scan using sbtest2_pkey on sbtest2  (cost=0.43..6.67 rows=112 width=4)
	  Index Cond: ((id >= 5896269) AND (id <= 5896369))

table 3 : explain SELECT id FROM sbtest3 WHERE id BETWEEN 5896269 AND 5896369
	Index Only Scan using sbtest3_pkey on sbtest3  (cost=0.43..6.40 rows=98 width=4)
	  Index Cond: ((id >= 5896269) AND (id <= 5896369))

table 4 : explain SELECT id FROM sbtest4 WHERE id BETWEEN 5896269 AND 5896369
	Index Only Scan using sbtest4_pkey on sbtest4  (cost=0.43..6.45 rows=101 width=4)
	  Index Cond: ((id >= 5896269) AND (id <= 5896369))

table 5 : explain SELECT id FROM sbtest5 WHERE id BETWEEN 5896269 AND 5896369
	Index Only Scan using sbtest5_pkey on sbtest5  (cost=0.43..6.47 rows=102 width=4)
	  Index Cond: ((id >= 5896269) AND (id <= 5896369))

table 6 : explain SELECT id FROM sbtest6 WHERE id BETWEEN 5896269 AND 5896369
	Index Only Scan using sbtest6_pkey on sbtest6  (cost=0.43..6.42 rows=99 width=4)
	  Index Cond: ((id >= 5896269) AND (id <= 5896369))

table 7 : explain SELECT id FROM sbtest7 WHERE id BETWEEN 5896269 AND 5896369
	Index Only Scan using sbtest7_pkey on sbtest7  (cost=0.43..6.40 rows=98 width=4)
	  Index Cond: ((id >= 5896269) AND (id <= 5896369))

table 8 : explain SELECT id FROM sbtest8 WHERE id BETWEEN 5896269 AND 5896369
	Index Only Scan using sbtest8_pkey on sbtest8  (cost=0.43..6.47 rows=102 width=4)
	  Index Cond: ((id >= 5896269) AND (id <= 5896369))

explain: for range-covered :: explain SELECT id FROM sbtest%d WHERE id BETWEEN 5131874 AND 5131974
for range-covered
table 1 : explain SELECT id FROM sbtest1 WHERE id BETWEEN 5181865 AND 5181965
	Index Only Scan using sbtest1_pkey on sbtest1  (cost=0.43..6.37 rows=97 width=4)
	  Index Cond: ((id >= 5181865) AND (id <= 5181965))

table 2 : explain SELECT id FROM sbtest2 WHERE id BETWEEN 5181865 AND 5181965
	Index Only Scan using sbtest2_pkey on sbtest2  (cost=0.43..6.51 rows=104 width=4)
	  Index Cond: ((id >= 5181865) AND (id <= 5181965))

table 3 : explain SELECT id FROM sbtest3 WHERE id BETWEEN 5181865 AND 5181965
	Index Only Scan using sbtest3_pkey on sbtest3  (cost=0.43..6.35 rows=96 width=4)
	  Index Cond: ((id >= 5181865) AND (id <= 5181965))

table 4 : explain SELECT id FROM sbtest4 WHERE id BETWEEN 5181865 AND 5181965
	Index Only Scan using sbtest4_pkey on sbtest4  (cost=0.43..6.50 rows=103 width=4)
	  Index Cond: ((id >= 5181865) AND (id <= 5181965))

table 5 : explain SELECT id FROM sbtest5 WHERE id BETWEEN 5181865 AND 5181965
	Index Only Scan using sbtest5_pkey on sbtest5  (cost=0.43..6.25 rows=91 width=4)
	  Index Cond: ((id >= 5181865) AND (id <= 5181965))

table 6 : explain SELECT id FROM sbtest6 WHERE id BETWEEN 5181865 AND 5181965
	Index Only Scan using sbtest6_pkey on sbtest6  (cost=0.43..6.40 rows=98 width=4)
	  Index Cond: ((id >= 5181865) AND (id <= 5181965))

table 7 : explain SELECT id FROM sbtest7 WHERE id BETWEEN 5181865 AND 5181965
	Index Only Scan using sbtest7_pkey on sbtest7  (cost=0.43..6.29 rows=93 width=4)
	  Index Cond: ((id >= 5181865) AND (id <= 5181965))

table 8 : explain SELECT id FROM sbtest8 WHERE id BETWEEN 5181865 AND 5181965
	Index Only Scan using sbtest8_pkey on sbtest8  (cost=0.43..6.58 rows=107 width=4)
	  Index Cond: ((id >= 5181865) AND (id <= 5181965))

explain: for range-covered :: explain SELECT id FROM sbtest%d WHERE id BETWEEN 5181865 AND 5181965
for range-covered
table 1 : explain SELECT id FROM sbtest1 WHERE id BETWEEN 619313 AND 619413
	Index Only Scan using sbtest1_pkey on sbtest1  (cost=0.43..6.51 rows=104 width=4)
	  Index Cond: ((id >= 619313) AND (id <= 619413))

table 2 : explain SELECT id FROM sbtest2 WHERE id BETWEEN 619313 AND 619413
	Index Only Scan using sbtest2_pkey on sbtest2  (cost=0.43..6.58 rows=107 width=4)
	  Index Cond: ((id >= 619313) AND (id <= 619413))

table 3 : explain SELECT id FROM sbtest3 WHERE id BETWEEN 619313 AND 619413
	Index Only Scan using sbtest3_pkey on sbtest3  (cost=0.43..6.42 rows=99 width=4)
	  Index Cond: ((id >= 619313) AND (id <= 619413))

table 4 : explain SELECT id FROM sbtest4 WHERE id BETWEEN 619313 AND 619413
	Index Only Scan using sbtest4_pkey on sbtest4  (cost=0.43..6.58 rows=107 width=4)
	  Index Cond: ((id >= 619313) AND (id <= 619413))

table 5 : explain SELECT id FROM sbtest5 WHERE id BETWEEN 619313 AND 619413
	Index Only Scan using sbtest5_pkey on sbtest5  (cost=0.43..6.47 rows=102 width=4)
	  Index Cond: ((id >= 619313) AND (id <= 619413))

table 6 : explain SELECT id FROM sbtest6 WHERE id BETWEEN 619313 AND 619413
	Index Only Scan using sbtest6_pkey on sbtest6  (cost=0.43..6.42 rows=99 width=4)
	  Index Cond: ((id >= 619313) AND (id <= 619413))

table 7 : explain SELECT id FROM sbtest7 WHERE id BETWEEN 619313 AND 619413
	Index Only Scan using sbtest7_pkey on sbtest7  (cost=0.43..6.47 rows=102 width=4)
	  Index Cond: ((id >= 619313) AND (id <= 619413))

table 8 : explain SELECT id FROM sbtest8 WHERE id BETWEEN 619313 AND 619413
	Index Only Scan using sbtest8_pkey on sbtest8  (cost=0.43..6.67 rows=112 width=4)
	  Index Cond: ((id >= 619313) AND (id <= 619413))

for range-covered
table 1 : explain SELECT id FROM sbtest1 WHERE id BETWEEN 6509022 AND 6509122
	Index Only Scan using sbtest1_pkey on sbtest1  (cost=0.43..6.67 rows=112 width=4)
	  Index Cond: ((id >= 6509022) AND (id <= 6509122))

table 2 : explain SELECT id FROM sbtest2 WHERE id BETWEEN 6509022 AND 6509122
	Index Only Scan using sbtest2_pkey on sbtest2  (cost=0.43..6.37 rows=97 width=4)
	  Index Cond: ((id >= 6509022) AND (id <= 6509122))

table 3 : explain SELECT id FROM sbtest3 WHERE id BETWEEN 6509022 AND 6509122
	Index Only Scan using sbtest3_pkey on sbtest3  (cost=0.43..6.59 rows=108 width=4)
	  Index Cond: ((id >= 6509022) AND (id <= 6509122))

table 4 : explain SELECT id FROM sbtest4 WHERE id BETWEEN 6509022 AND 6509122
	Index Only Scan using sbtest4_pkey on sbtest4  (cost=0.43..6.53 rows=105 width=4)
	  Index Cond: ((id >= 6509022) AND (id <= 6509122))

table 5 : explain SELECT id FROM sbtest5 WHERE id BETWEEN 6509022 AND 6509122
	Index Only Scan using sbtest5_pkey on sbtest5  (cost=0.43..6.42 rows=99 width=4)
	  Index Cond: ((id >= 6509022) AND (id <= 6509122))

table 6 : explain SELECT id FROM sbtest6 WHERE id BETWEEN 6509022 AND 6509122
	Index Only Scan using sbtest6_pkey on sbtest6  (cost=0.43..6.35 rows=96 width=4)
	  Index Cond: ((id >= 6509022) AND (id <= 6509122))

table 7 : explain SELECT id FROM sbtest7 WHERE id BETWEEN 6509022 AND 6509122
	Index Only Scan using sbtest7_pkey on sbtest7  (cost=0.43..6.37 rows=97 width=4)
	  Index Cond: ((id >= 6509022) AND (id <= 6509122))

table 8 : explain SELECT id FROM sbtest8 WHERE id BETWEEN 6509022 AND 6509122
	Index Only Scan using sbtest8_pkey on sbtest8  (cost=0.43..6.56 rows=106 width=4)
	  Index Cond: ((id >= 6509022) AND (id <= 6509122))

explain: for range-covered :: explain SELECT id FROM sbtest%d WHERE id BETWEEN 6509022 AND 6509122
explain: for range-covered :: explain SELECT id FROM sbtest%d WHERE id BETWEEN 619313 AND 619413
for range-covered
table 1 : explain SELECT id FROM sbtest1 WHERE id BETWEEN 4485820 AND 4485920
	Index Only Scan using sbtest1_pkey on sbtest1  (cost=0.43..6.43 rows=100 width=4)
	  Index Cond: ((id >= 4485820) AND (id <= 4485920))

table 2 : explain SELECT id FROM sbtest2 WHERE id BETWEEN 4485820 AND 4485920
	Index Only Scan using sbtest2_pkey on sbtest2  (cost=0.43..6.53 rows=105 width=4)
	  Index Cond: ((id >= 4485820) AND (id <= 4485920))

table 3 : explain SELECT id FROM sbtest3 WHERE id BETWEEN 4485820 AND 4485920
	Index Only Scan using sbtest3_pkey on sbtest3  (cost=0.43..6.50 rows=103 width=4)
	  Index Cond: ((id >= 4485820) AND (id <= 4485920))

table 4 : explain SELECT id FROM sbtest4 WHERE id BETWEEN 4485820 AND 4485920
	Index Only Scan using sbtest4_pkey on sbtest4  (cost=0.43..6.33 rows=95 width=4)
	  Index Cond: ((id >= 4485820) AND (id <= 4485920))

table 5 : explain SELECT id FROM sbtest5 WHERE id BETWEEN 4485820 AND 4485920
	Index Only Scan using sbtest5_pkey on sbtest5  (cost=0.43..6.51 rows=104 width=4)
	  Index Cond: ((id >= 4485820) AND (id <= 4485920))

table 6 : explain SELECT id FROM sbtest6 WHERE id BETWEEN 4485820 AND 4485920
	Index Only Scan using sbtest6_pkey on sbtest6  (cost=0.43..6.53 rows=105 width=4)
	  Index Cond: ((id >= 4485820) AND (id <= 4485920))

table 7 : explain SELECT id FROM sbtest7 WHERE id BETWEEN 4485820 AND 4485920
	Index Only Scan using sbtest7_pkey on sbtest7  (cost=0.43..6.42 rows=99 width=4)
	  Index Cond: ((id >= 4485820) AND (id <= 4485920))

table 8 : explain SELECT id FROM sbtest8 WHERE id BETWEEN 4485820 AND 4485920
	Index Only Scan using sbtest8_pkey on sbtest8  (cost=0.43..6.35 rows=96 width=4)
	  Index Cond: ((id >= 4485820) AND (id <= 4485920))

for range-covered
table 1 : explain SELECT id FROM sbtest1 WHERE id BETWEEN 5341094 AND 5341194
	Index Only Scan using sbtest1_pkey on sbtest1  (cost=0.43..6.69 rows=113 width=4)
	  Index Cond: ((id >= 5341094) AND (id <= 5341194))

table 2 : explain SELECT id FROM sbtest2 WHERE id BETWEEN 5341094 AND 5341194
	Index Only Scan using sbtest2_pkey on sbtest2  (cost=0.43..6.43 rows=100 width=4)
	  Index Cond: ((id >= 5341094) AND (id <= 5341194))

table 3 : explain SELECT id FROM sbtest3 WHERE id BETWEEN 5341094 AND 5341194
	Index Only Scan using sbtest3_pkey on sbtest3  (cost=0.43..6.50 rows=103 width=4)
	  Index Cond: ((id >= 5341094) AND (id <= 5341194))

table 4 : explain SELECT id FROM sbtest4 WHERE id BETWEEN 5341094 AND 5341194
	Index Only Scan using sbtest4_pkey on sbtest4  (cost=0.43..6.42 rows=99 width=4)
	  Index Cond: ((id >= 5341094) AND (id <= 5341194))

table 5 : explain SELECT id FROM sbtest5 WHERE id BETWEEN 5341094 AND 5341194
	Index Only Scan using sbtest5_pkey on sbtest5  (cost=0.43..6.63 rows=110 width=4)
	  Index Cond: ((id >= 5341094) AND (id <= 5341194))

table 6 : explain SELECT id FROM sbtest6 WHERE id BETWEEN 5341094 AND 5341194
	Index Only Scan using sbtest6_pkey on sbtest6  (cost=0.43..6.33 rows=95 width=4)
	  Index Cond: ((id >= 5341094) AND (id <= 5341194))

table 7 : explain SELECT id FROM sbtest7 WHERE id BETWEEN 5341094 AND 5341194
	Index Only Scan using sbtest7_pkey on sbtest7  (cost=0.43..6.40 rows=98 width=4)
	  Index Cond: ((id >= 5341094) AND (id <= 5341194))

table 8 : explain SELECT id FROM sbtest8 WHERE id BETWEEN 5341094 AND 5341194
	Index Only Scan using sbtest8_pkey on sbtest8  (cost=0.43..6.59 rows=108 width=4)
	  Index Cond: ((id >= 5341094) AND (id <= 5341194))

explain: for range-covered :: explain SELECT id FROM sbtest%d WHERE id BETWEEN 5341094 AND 5341194
for range-covered
table 1 : explain SELECT id FROM sbtest1 WHERE id BETWEEN 5181865 AND 5181965
	Index Only Scan using sbtest1_pkey on sbtest1  (cost=0.43..6.37 rows=97 width=4)
	  Index Cond: ((id >= 5181865) AND (id <= 5181965))

table 2 : explain SELECT id FROM sbtest2 WHERE id BETWEEN 5181865 AND 5181965
	Index Only Scan using sbtest2_pkey on sbtest2  (cost=0.43..6.51 rows=104 width=4)
	  Index Cond: ((id >= 5181865) AND (id <= 5181965))

table 3 : explain SELECT id FROM sbtest3 WHERE id BETWEEN 5181865 AND 5181965
	Index Only Scan using sbtest3_pkey on sbtest3  (cost=0.43..6.35 rows=96 width=4)
	  Index Cond: ((id >= 5181865) AND (id <= 5181965))

table 4 : explain SELECT id FROM sbtest4 WHERE id BETWEEN 5181865 AND 5181965
	Index Only Scan using sbtest4_pkey on sbtest4  (cost=0.43..6.50 rows=103 width=4)
	  Index Cond: ((id >= 5181865) AND (id <= 5181965))

table 5 : explain SELECT id FROM sbtest5 WHERE id BETWEEN 5181865 AND 5181965
	Index Only Scan using sbtest5_pkey on sbtest5  (cost=0.43..6.25 rows=91 width=4)
	  Index Cond: ((id >= 5181865) AND (id <= 5181965))

table 6 : explain SELECT id FROM sbtest6 WHERE id BETWEEN 5181865 AND 5181965
	Index Only Scan using sbtest6_pkey on sbtest6  (cost=0.43..6.40 rows=98 width=4)
	  Index Cond: ((id >= 5181865) AND (id <= 5181965))

table 7 : explain SELECT id FROM sbtest7 WHERE id BETWEEN 5181865 AND 5181965
	Index Only Scan using sbtest7_pkey on sbtest7  (cost=0.43..6.29 rows=93 width=4)
	  Index Cond: ((id >= 5181865) AND (id <= 5181965))

table 8 : explain SELECT id FROM sbtest8 WHERE id BETWEEN 5181865 AND 5181965
	Index Only Scan using sbtest8_pkey on sbtest8  (cost=0.43..6.58 rows=107 width=4)
	  Index Cond: ((id >= 5181865) AND (id <= 5181965))

explain: for range-covered :: explain SELECT id FROM sbtest%d WHERE id BETWEEN 5181865 AND 5181965
for range-covered
table 1 : explain SELECT id FROM sbtest1 WHERE id BETWEEN 1489293 AND 1489393
	Index Only Scan using sbtest1_pkey on sbtest1  (cost=0.43..6.50 rows=103 width=4)
	  Index Cond: ((id >= 1489293) AND (id <= 1489393))

table 2 : explain SELECT id FROM sbtest2 WHERE id BETWEEN 1489293 AND 1489393
	Index Only Scan using sbtest2_pkey on sbtest2  (cost=0.43..6.45 rows=101 width=4)
	  Index Cond: ((id >= 1489293) AND (id <= 1489393))

table 3 : explain SELECT id FROM sbtest3 WHERE id BETWEEN 1489293 AND 1489393
	Index Only Scan using sbtest3_pkey on sbtest3  (cost=0.43..6.56 rows=106 width=4)
	  Index Cond: ((id >= 1489293) AND (id <= 1489393))

table 4 : explain SELECT id FROM sbtest4 WHERE id BETWEEN 1489293 AND 1489393
	Index Only Scan using sbtest4_pkey on sbtest4  (cost=0.43..6.37 rows=97 width=4)
	  Index Cond: ((id >= 1489293) AND (id <= 1489393))

table 5 : explain SELECT id FROM sbtest5 WHERE id BETWEEN 1489293 AND 1489393
	Index Only Scan using sbtest5_pkey on sbtest5  (cost=0.43..6.50 rows=103 width=4)
	  Index Cond: ((id >= 1489293) AND (id <= 1489393))

table 6 : explain SELECT id FROM sbtest6 WHERE id BETWEEN 1489293 AND 1489393
	Index Only Scan using sbtest6_pkey on sbtest6  (cost=0.43..6.56 rows=106 width=4)
	  Index Cond: ((id >= 1489293) AND (id <= 1489393))

table 7 : explain SELECT id FROM sbtest7 WHERE id BETWEEN 1489293 AND 1489393
	Index Only Scan using sbtest7_pkey on sbtest7  (cost=0.43..6.50 rows=103 width=4)
	  Index Cond: ((id >= 1489293) AND (id <= 1489393))

table 8 : explain SELECT id FROM sbtest8 WHERE id BETWEEN 1489293 AND 1489393
	Index Only Scan using sbtest8_pkey on sbtest8  (cost=0.43..6.40 rows=98 width=4)
	  Index Cond: ((id >= 1489293) AND (id <= 1489393))

for range-covered
table 1 : explain SELECT id FROM sbtest1 WHERE id BETWEEN 6509022 AND 6509122
	Index Only Scan using sbtest1_pkey on sbtest1  (cost=0.43..6.67 rows=112 width=4)
	  Index Cond: ((id >= 6509022) AND (id <= 6509122))

table 2 : explain SELECT id FROM sbtest2 WHERE id BETWEEN 6509022 AND 6509122
	Index Only Scan using sbtest2_pkey on sbtest2  (cost=0.43..6.37 rows=97 width=4)
	  Index Cond: ((id >= 6509022) AND (id <= 6509122))

table 3 : explain SELECT id FROM sbtest3 WHERE id BETWEEN 6509022 AND 6509122
	Index Only Scan using sbtest3_pkey on sbtest3  (cost=0.43..6.59 rows=108 width=4)
	  Index Cond: ((id >= 6509022) AND (id <= 6509122))

table 4 : explain SELECT id FROM sbtest4 WHERE id BETWEEN 6509022 AND 6509122
	Index Only Scan using sbtest4_pkey on sbtest4  (cost=0.43..6.53 rows=105 width=4)
	  Index Cond: ((id >= 6509022) AND (id <= 6509122))

table 5 : explain SELECT id FROM sbtest5 WHERE id BETWEEN 6509022 AND 6509122
	Index Only Scan using sbtest5_pkey on sbtest5  (cost=0.43..6.42 rows=99 width=4)
	  Index Cond: ((id >= 6509022) AND (id <= 6509122))

table 6 : explain SELECT id FROM sbtest6 WHERE id BETWEEN 6509022 AND 6509122
	Index Only Scan using sbtest6_pkey on sbtest6  (cost=0.43..6.35 rows=96 width=4)
	  Index Cond: ((id >= 6509022) AND (id <= 6509122))

table 7 : explain SELECT id FROM sbtest7 WHERE id BETWEEN 6509022 AND 6509122
	Index Only Scan using sbtest7_pkey on sbtest7  (cost=0.43..6.37 rows=97 width=4)
	  Index Cond: ((id >= 6509022) AND (id <= 6509122))

table 8 : explain SELECT id FROM sbtest8 WHERE id BETWEEN 6509022 AND 6509122
	Index Only Scan using sbtest8_pkey on sbtest8  (cost=0.43..6.56 rows=106 width=4)
	  Index Cond: ((id >= 6509022) AND (id <= 6509122))

explain: for range-covered :: explain SELECT id FROM sbtest%d WHERE id BETWEEN 6509022 AND 6509122
for range-covered
table 1 : explain SELECT id FROM sbtest1 WHERE id BETWEEN 4005128 AND 4005228
	Index Only Scan using sbtest1_pkey on sbtest1  (cost=0.43..6.42 rows=99 width=4)
	  Index Cond: ((id >= 4005128) AND (id <= 4005228))

table 2 : explain SELECT id FROM sbtest2 WHERE id BETWEEN 4005128 AND 4005228
	Index Only Scan using sbtest2_pkey on sbtest2  (cost=0.43..6.51 rows=104 width=4)
	  Index Cond: ((id >= 4005128) AND (id <= 4005228))

table 3 : explain SELECT id FROM sbtest3 WHERE id BETWEEN 4005128 AND 4005228
	Index Only Scan using sbtest3_pkey on sbtest3  (cost=0.43..6.53 rows=105 width=4)
	  Index Cond: ((id >= 4005128) AND (id <= 4005228))

table 4 : explain SELECT id FROM sbtest4 WHERE id BETWEEN 4005128 AND 4005228
	Index Only Scan using sbtest4_pkey on sbtest4  (cost=0.43..6.45 rows=101 width=4)
	  Index Cond: ((id >= 4005128) AND (id <= 4005228))

table 5 : explain SELECT id FROM sbtest5 WHERE id BETWEEN 4005128 AND 4005228
	Index Only Scan using sbtest5_pkey on sbtest5  (cost=0.43..6.56 rows=106 width=4)
	  Index Cond: ((id >= 4005128) AND (id <= 4005228))

table 6 : explain SELECT id FROM sbtest6 WHERE id BETWEEN 4005128 AND 4005228
	Index Only Scan using sbtest6_pkey on sbtest6  (cost=0.43..6.61 rows=109 width=4)
	  Index Cond: ((id >= 4005128) AND (id <= 4005228))

table 7 : explain SELECT id FROM sbtest7 WHERE id BETWEEN 4005128 AND 4005228
	Index Only Scan using sbtest7_pkey on sbtest7  (cost=0.43..6.43 rows=100 width=4)
	  Index Cond: ((id >= 4005128) AND (id <= 4005228))

table 8 : explain SELECT id FROM sbtest8 WHERE id BETWEEN 4005128 AND 4005228
	Index Only Scan using sbtest8_pkey on sbtest8  (cost=0.43..6.56 rows=106 width=4)
	  Index Cond: ((id >= 4005128) AND (id <= 4005228))

explain: for range-covered :: explain SELECT id FROM sbtest%d WHERE id BETWEEN 4005128 AND 4005228
explain: for range-covered :: explain SELECT id FROM sbtest%d WHERE id BETWEEN 6256336 AND 6256436
for range-covered
table 1 : explain SELECT id FROM sbtest1 WHERE id BETWEEN 5341094 AND 5341194
	Index Only Scan using sbtest1_pkey on sbtest1  (cost=0.43..6.69 rows=113 width=4)
	  Index Cond: ((id >= 5341094) AND (id <= 5341194))

table 2 : explain SELECT id FROM sbtest2 WHERE id BETWEEN 5341094 AND 5341194
	Index Only Scan using sbtest2_pkey on sbtest2  (cost=0.43..6.43 rows=100 width=4)
	  Index Cond: ((id >= 5341094) AND (id <= 5341194))

table 3 : explain SELECT id FROM sbtest3 WHERE id BETWEEN 5341094 AND 5341194
	Index Only Scan using sbtest3_pkey on sbtest3  (cost=0.43..6.50 rows=103 width=4)
	  Index Cond: ((id >= 5341094) AND (id <= 5341194))

table 4 : explain SELECT id FROM sbtest4 WHERE id BETWEEN 5341094 AND 5341194
	Index Only Scan using sbtest4_pkey on sbtest4  (cost=0.43..6.42 rows=99 width=4)
	  Index Cond: ((id >= 5341094) AND (id <= 5341194))

table 5 : explain SELECT id FROM sbtest5 WHERE id BETWEEN 5341094 AND 5341194
	Index Only Scan using sbtest5_pkey on sbtest5  (cost=0.43..6.63 rows=110 width=4)
	  Index Cond: ((id >= 5341094) AND (id <= 5341194))

table 6 : explain SELECT id FROM sbtest6 WHERE id BETWEEN 5341094 AND 5341194
	Index Only Scan using sbtest6_pkey on sbtest6  (cost=0.43..6.33 rows=95 width=4)
	  Index Cond: ((id >= 5341094) AND (id <= 5341194))

table 7 : explain SELECT id FROM sbtest7 WHERE id BETWEEN 5341094 AND 5341194
	Index Only Scan using sbtest7_pkey on sbtest7  (cost=0.43..6.40 rows=98 width=4)
	  Index Cond: ((id >= 5341094) AND (id <= 5341194))

table 8 : explain SELECT id FROM sbtest8 WHERE id BETWEEN 5341094 AND 5341194
	Index Only Scan using sbtest8_pkey on sbtest8  (cost=0.43..6.59 rows=108 width=4)
	  Index Cond: ((id >= 5341094) AND (id <= 5341194))

for range-covered
table 1 : explain SELECT id FROM sbtest1 WHERE id BETWEEN 5119227 AND 5119327
	Index Only Scan using sbtest1_pkey on sbtest1  (cost=0.43..6.63 rows=110 width=4)
	  Index Cond: ((id >= 5119227) AND (id <= 5119327))

table 2 : explain SELECT id FROM sbtest2 WHERE id BETWEEN 5119227 AND 5119327
	Index Only Scan using sbtest2_pkey on sbtest2  (cost=0.43..6.51 rows=104 width=4)
	  Index Cond: ((id >= 5119227) AND (id <= 5119327))

table 3 : explain SELECT id FROM sbtest3 WHERE id BETWEEN 5119227 AND 5119327
	Index Only Scan using sbtest3_pkey on sbtest3  (cost=0.43..6.50 rows=103 width=4)
	  Index Cond: ((id >= 5119227) AND (id <= 5119327))

table 4 : explain SELECT id FROM sbtest4 WHERE id BETWEEN 5119227 AND 5119327
	Index Only Scan using sbtest4_pkey on sbtest4  (cost=0.43..6.50 rows=103 width=4)
	  Index Cond: ((id >= 5119227) AND (id <= 5119327))

table 5 : explain SELECT id FROM sbtest5 WHERE id BETWEEN 5119227 AND 5119327
	Index Only Scan using sbtest5_pkey on sbtest5  (cost=0.43..6.51 rows=104 width=4)
	  Index Cond: ((id >= 5119227) AND (id <= 5119327))

table 6 : explain SELECT id FROM sbtest6 WHERE id BETWEEN 5119227 AND 5119327
	Index Only Scan using sbtest6_pkey on sbtest6  (cost=0.43..6.40 rows=98 width=4)
	  Index Cond: ((id >= 5119227) AND (id <= 5119327))

table 7 : explain SELECT id FROM sbtest7 WHERE id BETWEEN 5119227 AND 5119327
	Index Only Scan using sbtest7_pkey on sbtest7  (cost=0.43..6.29 rows=93 width=4)
	  Index Cond: ((id >= 5119227) AND (id <= 5119327))

table 8 : explain SELECT id FROM sbtest8 WHERE id BETWEEN 5119227 AND 5119327
	Index Only Scan using sbtest8_pkey on sbtest8  (cost=0.43..6.56 rows=106 width=4)
	  Index Cond: ((id >= 5119227) AND (id <= 5119327))

for range-covered
table 1 : explain SELECT id FROM sbtest1 WHERE id BETWEEN 5131874 AND 5131974
	Index Only Scan using sbtest1_pkey on sbtest1  (cost=0.43..6.63 rows=110 width=4)
	  Index Cond: ((id >= 5131874) AND (id <= 5131974))

table 2 : explain SELECT id FROM sbtest2 WHERE id BETWEEN 5131874 AND 5131974
	Index Only Scan using sbtest2_pkey on sbtest2  (cost=0.43..6.51 rows=104 width=4)
	  Index Cond: ((id >= 5131874) AND (id <= 5131974))

table 3 : explain SELECT id FROM sbtest3 WHERE id BETWEEN 5131874 AND 5131974
	Index Only Scan using sbtest3_pkey on sbtest3  (cost=0.43..6.50 rows=103 width=4)
	  Index Cond: ((id >= 5131874) AND (id <= 5131974))

table 4 : explain SELECT id FROM sbtest4 WHERE id BETWEEN 5131874 AND 5131974
	Index Only Scan using sbtest4_pkey on sbtest4  (cost=0.43..6.50 rows=103 width=4)
	  Index Cond: ((id >= 5131874) AND (id <= 5131974))

table 5 : explain SELECT id FROM sbtest5 WHERE id BETWEEN 5131874 AND 5131974
	Index Only Scan using sbtest5_pkey on sbtest5  (cost=0.43..6.51 rows=104 width=4)
	  Index Cond: ((id >= 5131874) AND (id <= 5131974))

table 6 : explain SELECT id FROM sbtest6 WHERE id BETWEEN 5131874 AND 5131974
	Index Only Scan using sbtest6_pkey on sbtest6  (cost=0.43..6.40 rows=98 width=4)
	  Index Cond: ((id >= 5131874) AND (id <= 5131974))

table 7 : explain SELECT id FROM sbtest7 WHERE id BETWEEN 5131874 AND 5131974
	Index Only Scan using sbtest7_pkey on sbtest7  (cost=0.43..6.29 rows=93 width=4)
	  Index Cond: ((id >= 5131874) AND (id <= 5131974))

table 8 : explain SELECT id FROM sbtest8 WHERE id BETWEEN 5131874 AND 5131974
	Index Only Scan using sbtest8_pkey on sbtest8  (cost=0.43..6.56 rows=106 width=4)
	  Index Cond: ((id >= 5131874) AND (id <= 5131974))

explain: for range-covered :: explain SELECT id FROM sbtest%d WHERE id BETWEEN 5341094 AND 5341194
explain: for range-covered :: explain SELECT id FROM sbtest%d WHERE id BETWEEN 5119227 AND 5119327
for range-covered
table 1 : explain SELECT id FROM sbtest1 WHERE id BETWEEN 5181865 AND 5181965
	Index Only Scan using sbtest1_pkey on sbtest1  (cost=0.43..6.37 rows=97 width=4)
	  Index Cond: ((id >= 5181865) AND (id <= 5181965))

table 2 : explain SELECT id FROM sbtest2 WHERE id BETWEEN 5181865 AND 5181965
	Index Only Scan using sbtest2_pkey on sbtest2  (cost=0.43..6.51 rows=104 width=4)
	  Index Cond: ((id >= 5181865) AND (id <= 5181965))

table 3 : explain SELECT id FROM sbtest3 WHERE id BETWEEN 5181865 AND 5181965
	Index Only Scan using sbtest3_pkey on sbtest3  (cost=0.43..6.35 rows=96 width=4)
	  Index Cond: ((id >= 5181865) AND (id <= 5181965))

table 4 : explain SELECT id FROM sbtest4 WHERE id BETWEEN 5181865 AND 5181965
	Index Only Scan using sbtest4_pkey on sbtest4  (cost=0.43..6.50 rows=103 width=4)
	  Index Cond: ((id >= 5181865) AND (id <= 5181965))

table 5 : explain SELECT id FROM sbtest5 WHERE id BETWEEN 5181865 AND 5181965
	Index Only Scan using sbtest5_pkey on sbtest5  (cost=0.43..6.25 rows=91 width=4)
	  Index Cond: ((id >= 5181865) AND (id <= 5181965))

table 6 : explain SELECT id FROM sbtest6 WHERE id BETWEEN 5181865 AND 5181965
	Index Only Scan using sbtest6_pkey on sbtest6  (cost=0.43..6.40 rows=98 width=4)
	  Index Cond: ((id >= 5181865) AND (id <= 5181965))

table 7 : explain SELECT id FROM sbtest7 WHERE id BETWEEN 5181865 AND 5181965
	Index Only Scan using sbtest7_pkey on sbtest7  (cost=0.43..6.29 rows=93 width=4)
	  Index Cond: ((id >= 5181865) AND (id <= 5181965))

table 8 : explain SELECT id FROM sbtest8 WHERE id BETWEEN 5181865 AND 5181965
	Index Only Scan using sbtest8_pkey on sbtest8  (cost=0.43..6.58 rows=107 width=4)
	  Index Cond: ((id >= 5181865) AND (id <= 5181965))

explain: for range-covered :: explain SELECT id FROM sbtest%d WHERE id BETWEEN 5181865 AND 5181965
explain: for range-covered :: explain SELECT id FROM sbtest%d WHERE id BETWEEN 5131874 AND 5131974
for range-covered
table 1 : explain SELECT id FROM sbtest1 WHERE id BETWEEN 6509022 AND 6509122
	Index Only Scan using sbtest1_pkey on sbtest1  (cost=0.43..6.67 rows=112 width=4)
	  Index Cond: ((id >= 6509022) AND (id <= 6509122))

table 2 : explain SELECT id FROM sbtest2 WHERE id BETWEEN 6509022 AND 6509122
	Index Only Scan using sbtest2_pkey on sbtest2  (cost=0.43..6.37 rows=97 width=4)
	  Index Cond: ((id >= 6509022) AND (id <= 6509122))

table 3 : explain SELECT id FROM sbtest3 WHERE id BETWEEN 6509022 AND 6509122
	Index Only Scan using sbtest3_pkey on sbtest3  (cost=0.43..6.59 rows=108 width=4)
	  Index Cond: ((id >= 6509022) AND (id <= 6509122))

table 4 : explain SELECT id FROM sbtest4 WHERE id BETWEEN 6509022 AND 6509122
	Index Only Scan using sbtest4_pkey on sbtest4  (cost=0.43..6.53 rows=105 width=4)
	  Index Cond: ((id >= 6509022) AND (id <= 6509122))

table 5 : explain SELECT id FROM sbtest5 WHERE id BETWEEN 6509022 AND 6509122
	Index Only Scan using sbtest5_pkey on sbtest5  (cost=0.43..6.42 rows=99 width=4)
	  Index Cond: ((id >= 6509022) AND (id <= 6509122))

table 6 : explain SELECT id FROM sbtest6 WHERE id BETWEEN 6509022 AND 6509122
	Index Only Scan using sbtest6_pkey on sbtest6  (cost=0.43..6.35 rows=96 width=4)
	  Index Cond: ((id >= 6509022) AND (id <= 6509122))

table 7 : explain SELECT id FROM sbtest7 WHERE id BETWEEN 6509022 AND 6509122
	Index Only Scan using sbtest7_pkey on sbtest7  (cost=0.43..6.37 rows=97 width=4)
	  Index Cond: ((id >= 6509022) AND (id <= 6509122))

table 8 : explain SELECT id FROM sbtest8 WHERE id BETWEEN 6509022 AND 6509122
	Index Only Scan using sbtest8_pkey on sbtest8  (cost=0.43..6.56 rows=106 width=4)
	  Index Cond: ((id >= 6509022) AND (id <= 6509122))

explain: for range-covered :: explain SELECT id FROM sbtest%d WHERE id BETWEEN 6509022 AND 6509122
for range-covered
table 1 : explain SELECT id FROM sbtest1 WHERE id BETWEEN 619313 AND 619413
	Index Only Scan using sbtest1_pkey on sbtest1  (cost=0.43..6.51 rows=104 width=4)
	  Index Cond: ((id >= 619313) AND (id <= 619413))

table 2 : explain SELECT id FROM sbtest2 WHERE id BETWEEN 619313 AND 619413
	Index Only Scan using sbtest2_pkey on sbtest2  (cost=0.43..6.58 rows=107 width=4)
	  Index Cond: ((id >= 619313) AND (id <= 619413))

table 3 : explain SELECT id FROM sbtest3 WHERE id BETWEEN 619313 AND 619413
	Index Only Scan using sbtest3_pkey on sbtest3  (cost=0.43..6.42 rows=99 width=4)
	  Index Cond: ((id >= 619313) AND (id <= 619413))

table 4 : explain SELECT id FROM sbtest4 WHERE id BETWEEN 619313 AND 619413
	Index Only Scan using sbtest4_pkey on sbtest4  (cost=0.43..6.58 rows=107 width=4)
	  Index Cond: ((id >= 619313) AND (id <= 619413))

table 5 : explain SELECT id FROM sbtest5 WHERE id BETWEEN 619313 AND 619413
	Index Only Scan using sbtest5_pkey on sbtest5  (cost=0.43..6.47 rows=102 width=4)
	  Index Cond: ((id >= 619313) AND (id <= 619413))

table 6 : explain SELECT id FROM sbtest6 WHERE id BETWEEN 619313 AND 619413
	Index Only Scan using sbtest6_pkey on sbtest6  (cost=0.43..6.42 rows=99 width=4)
	  Index Cond: ((id >= 619313) AND (id <= 619413))

table 7 : explain SELECT id FROM sbtest7 WHERE id BETWEEN 619313 AND 619413
	Index Only Scan using sbtest7_pkey on sbtest7  (cost=0.43..6.47 rows=102 width=4)
	  Index Cond: ((id >= 619313) AND (id <= 619413))

table 8 : explain SELECT id FROM sbtest8 WHERE id BETWEEN 619313 AND 619413
	Index Only Scan using sbtest8_pkey on sbtest8  (cost=0.43..6.67 rows=112 width=4)
	  Index Cond: ((id >= 619313) AND (id <= 619413))

for range-covered
table 1 : explain SELECT id FROM sbtest1 WHERE id BETWEEN 4005128 AND 4005228
	Index Only Scan using sbtest1_pkey on sbtest1  (cost=0.43..6.42 rows=99 width=4)
	  Index Cond: ((id >= 4005128) AND (id <= 4005228))

table 2 : explain SELECT id FROM sbtest2 WHERE id BETWEEN 4005128 AND 4005228
	Index Only Scan using sbtest2_pkey on sbtest2  (cost=0.43..6.51 rows=104 width=4)
	  Index Cond: ((id >= 4005128) AND (id <= 4005228))

table 3 : explain SELECT id FROM sbtest3 WHERE id BETWEEN 4005128 AND 4005228
	Index Only Scan using sbtest3_pkey on sbtest3  (cost=0.43..6.53 rows=105 width=4)
	  Index Cond: ((id >= 4005128) AND (id <= 4005228))

table 4 : explain SELECT id FROM sbtest4 WHERE id BETWEEN 4005128 AND 4005228
	Index Only Scan using sbtest4_pkey on sbtest4  (cost=0.43..6.45 rows=101 width=4)
	  Index Cond: ((id >= 4005128) AND (id <= 4005228))

table 5 : explain SELECT id FROM sbtest5 WHERE id BETWEEN 4005128 AND 4005228
	Index Only Scan using sbtest5_pkey on sbtest5  (cost=0.43..6.56 rows=106 width=4)
	  Index Cond: ((id >= 4005128) AND (id <= 4005228))

table 6 : explain SELECT id FROM sbtest6 WHERE id BETWEEN 4005128 AND 4005228
	Index Only Scan using sbtest6_pkey on sbtest6  (cost=0.43..6.61 rows=109 width=4)
	  Index Cond: ((id >= 4005128) AND (id <= 4005228))

table 7 : explain SELECT id FROM sbtest7 WHERE id BETWEEN 4005128 AND 4005228
	Index Only Scan using sbtest7_pkey on sbtest7  (cost=0.43..6.43 rows=100 width=4)
	  Index Cond: ((id >= 4005128) AND (id <= 4005228))

table 8 : explain SELECT id FROM sbtest8 WHERE id BETWEEN 4005128 AND 4005228
	Index Only Scan using sbtest8_pkey on sbtest8  (cost=0.43..6.56 rows=106 width=4)
	  Index Cond: ((id >= 4005128) AND (id <= 4005228))

explain: for range-covered :: explain SELECT id FROM sbtest%d WHERE id BETWEEN 4005128 AND 4005228
explain: for range-covered :: explain SELECT id FROM sbtest%d WHERE id BETWEEN 619313 AND 619413
for range-covered
table 1 : explain SELECT id FROM sbtest1 WHERE id BETWEEN 2815873 AND 2815973
	Index Only Scan using sbtest1_pkey on sbtest1  (cost=0.43..6.32 rows=94 width=4)
	  Index Cond: ((id >= 2815873) AND (id <= 2815973))

table 2 : explain SELECT id FROM sbtest2 WHERE id BETWEEN 2815873 AND 2815973
	Index Only Scan using sbtest2_pkey on sbtest2  (cost=0.43..6.29 rows=93 width=4)
	  Index Cond: ((id >= 2815873) AND (id <= 2815973))

table 3 : explain SELECT id FROM sbtest3 WHERE id BETWEEN 2815873 AND 2815973
	Index Only Scan using sbtest3_pkey on sbtest3  (cost=0.43..6.56 rows=106 width=4)
	  Index Cond: ((id >= 2815873) AND (id <= 2815973))

table 4 : explain SELECT id FROM sbtest4 WHERE id BETWEEN 2815873 AND 2815973
	Index Only Scan using sbtest4_pkey on sbtest4  (cost=0.43..6.47 rows=102 width=4)
	  Index Cond: ((id >= 2815873) AND (id <= 2815973))

table 5 : explain SELECT id FROM sbtest5 WHERE id BETWEEN 2815873 AND 2815973
	Index Only Scan using sbtest5_pkey on sbtest5  (cost=0.43..6.29 rows=93 width=4)
	  Index Cond: ((id >= 2815873) AND (id <= 2815973))

table 6 : explain SELECT id FROM sbtest6 WHERE id BETWEEN 2815873 AND 2815973
	Index Only Scan using sbtest6_pkey on sbtest6  (cost=0.43..6.47 rows=102 width=4)
	  Index Cond: ((id >= 2815873) AND (id <= 2815973))

table 7 : explain SELECT id FROM sbtest7 WHERE id BETWEEN 2815873 AND 2815973
	Index Only Scan using sbtest7_pkey on sbtest7  (cost=0.43..6.53 rows=105 width=4)
	  Index Cond: ((id >= 2815873) AND (id <= 2815973))

table 8 : explain SELECT id FROM sbtest8 WHERE id BETWEEN 2815873 AND 2815973
	Index Only Scan using sbtest8_pkey on sbtest8  (cost=0.43..6.19 rows=88 width=4)
	  Index Cond: ((id >= 2815873) AND (id <= 2815973))

for range-covered
table 1 : explain SELECT id FROM sbtest1 WHERE id BETWEEN 5341094 AND 5341194
	Index Only Scan using sbtest1_pkey on sbtest1  (cost=0.43..6.69 rows=113 width=4)
	  Index Cond: ((id >= 5341094) AND (id <= 5341194))

table 2 : explain SELECT id FROM sbtest2 WHERE id BETWEEN 5341094 AND 5341194
	Index Only Scan using sbtest2_pkey on sbtest2  (cost=0.43..6.43 rows=100 width=4)
	  Index Cond: ((id >= 5341094) AND (id <= 5341194))

table 3 : explain SELECT id FROM sbtest3 WHERE id BETWEEN 5341094 AND 5341194
	Index Only Scan using sbtest3_pkey on sbtest3  (cost=0.43..6.50 rows=103 width=4)
	  Index Cond: ((id >= 5341094) AND (id <= 5341194))

table 4 : explain SELECT id FROM sbtest4 WHERE id BETWEEN 5341094 AND 5341194
	Index Only Scan using sbtest4_pkey on sbtest4  (cost=0.43..6.42 rows=99 width=4)
	  Index Cond: ((id >= 5341094) AND (id <= 5341194))

table 5 : explain SELECT id FROM sbtest5 WHERE id BETWEEN 5341094 AND 5341194
	Index Only Scan using sbtest5_pkey on sbtest5  (cost=0.43..6.63 rows=110 width=4)
	  Index Cond: ((id >= 5341094) AND (id <= 5341194))

table 6 : explain SELECT id FROM sbtest6 WHERE id BETWEEN 5341094 AND 5341194
	Index Only Scan using sbtest6_pkey on sbtest6  (cost=0.43..6.33 rows=95 width=4)
	  Index Cond: ((id >= 5341094) AND (id <= 5341194))

table 7 : explain SELECT id FROM sbtest7 WHERE id BETWEEN 5341094 AND 5341194
	Index Only Scan using sbtest7_pkey on sbtest7  (cost=0.43..6.40 rows=98 width=4)
	  Index Cond: ((id >= 5341094) AND (id <= 5341194))

table 8 : explain SELECT id FROM sbtest8 WHERE id BETWEEN 5341094 AND 5341194
	Index Only Scan using sbtest8_pkey on sbtest8  (cost=0.43..6.59 rows=108 width=4)
	  Index Cond: ((id >= 5341094) AND (id <= 5341194))

explain: for range-covered :: explain SELECT id FROM sbtest%d WHERE id BETWEEN 5341094 AND 5341194
for range-covered
table 1 : explain SELECT id FROM sbtest1 WHERE id BETWEEN 5119227 AND 5119327
	Index Only Scan using sbtest1_pkey on sbtest1  (cost=0.43..6.63 rows=110 width=4)
	  Index Cond: ((id >= 5119227) AND (id <= 5119327))

table 2 : explain SELECT id FROM sbtest2 WHERE id BETWEEN 5119227 AND 5119327
	Index Only Scan using sbtest2_pkey on sbtest2  (cost=0.43..6.51 rows=104 width=4)
	  Index Cond: ((id >= 5119227) AND (id <= 5119327))

table 3 : explain SELECT id FROM sbtest3 WHERE id BETWEEN 5119227 AND 5119327
	Index Only Scan using sbtest3_pkey on sbtest3  (cost=0.43..6.50 rows=103 width=4)
	  Index Cond: ((id >= 5119227) AND (id <= 5119327))

table 4 : explain SELECT id FROM sbtest4 WHERE id BETWEEN 5119227 AND 5119327
	Index Only Scan using sbtest4_pkey on sbtest4  (cost=0.43..6.50 rows=103 width=4)
	  Index Cond: ((id >= 5119227) AND (id <= 5119327))

table 5 : explain SELECT id FROM sbtest5 WHERE id BETWEEN 5119227 AND 5119327
	Index Only Scan using sbtest5_pkey on sbtest5  (cost=0.43..6.51 rows=104 width=4)
	  Index Cond: ((id >= 5119227) AND (id <= 5119327))

table 6 : explain SELECT id FROM sbtest6 WHERE id BETWEEN 5119227 AND 5119327
	Index Only Scan using sbtest6_pkey on sbtest6  (cost=0.43..6.40 rows=98 width=4)
	  Index Cond: ((id >= 5119227) AND (id <= 5119327))

table 7 : explain SELECT id FROM sbtest7 WHERE id BETWEEN 5119227 AND 5119327
	Index Only Scan using sbtest7_pkey on sbtest7  (cost=0.43..6.29 rows=93 width=4)
	  Index Cond: ((id >= 5119227) AND (id <= 5119327))

table 8 : explain SELECT id FROM sbtest8 WHERE id BETWEEN 5119227 AND 5119327
	Index Only Scan using sbtest8_pkey on sbtest8  (cost=0.43..6.56 rows=106 width=4)
	  Index Cond: ((id >= 5119227) AND (id <= 5119327))

for range-covered
table 1 : explain SELECT id FROM sbtest1 WHERE id BETWEEN 5181865 AND 5181965
	Index Only Scan using sbtest1_pkey on sbtest1  (cost=0.43..6.37 rows=97 width=4)
	  Index Cond: ((id >= 5181865) AND (id <= 5181965))

table 2 : explain SELECT id FROM sbtest2 WHERE id BETWEEN 5181865 AND 5181965
	Index Only Scan using sbtest2_pkey on sbtest2  (cost=0.43..6.51 rows=104 width=4)
	  Index Cond: ((id >= 5181865) AND (id <= 5181965))

table 3 : explain SELECT id FROM sbtest3 WHERE id BETWEEN 5181865 AND 5181965
	Index Only Scan using sbtest3_pkey on sbtest3  (cost=0.43..6.35 rows=96 width=4)
	  Index Cond: ((id >= 5181865) AND (id <= 5181965))

table 4 : explain SELECT id FROM sbtest4 WHERE id BETWEEN 5181865 AND 5181965
	Index Only Scan using sbtest4_pkey on sbtest4  (cost=0.43..6.50 rows=103 width=4)
	  Index Cond: ((id >= 5181865) AND (id <= 5181965))

table 5 : explain SELECT id FROM sbtest5 WHERE id BETWEEN 5181865 AND 5181965
	Index Only Scan using sbtest5_pkey on sbtest5  (cost=0.43..6.25 rows=91 width=4)
	  Index Cond: ((id >= 5181865) AND (id <= 5181965))

table 6 : explain SELECT id FROM sbtest6 WHERE id BETWEEN 5181865 AND 5181965
	Index Only Scan using sbtest6_pkey on sbtest6  (cost=0.43..6.40 rows=98 width=4)
	  Index Cond: ((id >= 5181865) AND (id <= 5181965))

table 7 : explain SELECT id FROM sbtest7 WHERE id BETWEEN 5181865 AND 5181965
	Index Only Scan using sbtest7_pkey on sbtest7  (cost=0.43..6.29 rows=93 width=4)
	  Index Cond: ((id >= 5181865) AND (id <= 5181965))

table 8 : explain SELECT id FROM sbtest8 WHERE id BETWEEN 5181865 AND 5181965
	Index Only Scan using sbtest8_pkey on sbtest8  (cost=0.43..6.58 rows=107 width=4)
	  Index Cond: ((id >= 5181865) AND (id <= 5181965))

explain: for range-covered :: explain SELECT id FROM sbtest%d WHERE id BETWEEN 2815873 AND 2815973
explain: for range-covered :: explain SELECT id FROM sbtest%d WHERE id BETWEEN 5181865 AND 5181965
explain: for range-covered :: explain SELECT id FROM sbtest%d WHERE id BETWEEN 5119227 AND 5119327
for range-covered
table 1 : explain SELECT id FROM sbtest1 WHERE id BETWEEN 6509022 AND 6509122
	Index Only Scan using sbtest1_pkey on sbtest1  (cost=0.43..6.67 rows=112 width=4)
	  Index Cond: ((id >= 6509022) AND (id <= 6509122))

table 2 : explain SELECT id FROM sbtest2 WHERE id BETWEEN 6509022 AND 6509122
	Index Only Scan using sbtest2_pkey on sbtest2  (cost=0.43..6.37 rows=97 width=4)
	  Index Cond: ((id >= 6509022) AND (id <= 6509122))

table 3 : explain SELECT id FROM sbtest3 WHERE id BETWEEN 6509022 AND 6509122
	Index Only Scan using sbtest3_pkey on sbtest3  (cost=0.43..6.59 rows=108 width=4)
	  Index Cond: ((id >= 6509022) AND (id <= 6509122))

table 4 : explain SELECT id FROM sbtest4 WHERE id BETWEEN 6509022 AND 6509122
	Index Only Scan using sbtest4_pkey on sbtest4  (cost=0.43..6.53 rows=105 width=4)
	  Index Cond: ((id >= 6509022) AND (id <= 6509122))

table 5 : explain SELECT id FROM sbtest5 WHERE id BETWEEN 6509022 AND 6509122
	Index Only Scan using sbtest5_pkey on sbtest5  (cost=0.43..6.42 rows=99 width=4)
	  Index Cond: ((id >= 6509022) AND (id <= 6509122))

table 6 : explain SELECT id FROM sbtest6 WHERE id BETWEEN 6509022 AND 6509122
	Index Only Scan using sbtest6_pkey on sbtest6  (cost=0.43..6.35 rows=96 width=4)
	  Index Cond: ((id >= 6509022) AND (id <= 6509122))

table 7 : explain SELECT id FROM sbtest7 WHERE id BETWEEN 6509022 AND 6509122
	Index Only Scan using sbtest7_pkey on sbtest7  (cost=0.43..6.37 rows=97 width=4)
	  Index Cond: ((id >= 6509022) AND (id <= 6509122))

table 8 : explain SELECT id FROM sbtest8 WHERE id BETWEEN 6509022 AND 6509122
	Index Only Scan using sbtest8_pkey on sbtest8  (cost=0.43..6.56 rows=106 width=4)
	  Index Cond: ((id >= 6509022) AND (id <= 6509122))

for range-covered
table 1 : explain SELECT id FROM sbtest1 WHERE id BETWEEN 6256336 AND 6256436
	Index Only Scan using sbtest1_pkey on sbtest1  (cost=0.43..6.40 rows=98 width=4)
	  Index Cond: ((id >= 6256336) AND (id <= 6256436))

table 2 : explain SELECT id FROM sbtest2 WHERE id BETWEEN 6256336 AND 6256436
	Index Only Scan using sbtest2_pkey on sbtest2  (cost=0.43..6.45 rows=101 width=4)
	  Index Cond: ((id >= 6256336) AND (id <= 6256436))

table 3 : explain SELECT id FROM sbtest3 WHERE id BETWEEN 6256336 AND 6256436
	Index Only Scan using sbtest3_pkey on sbtest3  (cost=0.43..6.35 rows=96 width=4)
	  Index Cond: ((id >= 6256336) AND (id <= 6256436))

table 4 : explain SELECT id FROM sbtest4 WHERE id BETWEEN 6256336 AND 6256436
	Index Only Scan using sbtest4_pkey on sbtest4  (cost=0.43..6.51 rows=104 width=4)
	  Index Cond: ((id >= 6256336) AND (id <= 6256436))

table 5 : explain SELECT id FROM sbtest5 WHERE id BETWEEN 6256336 AND 6256436
	Index Only Scan using sbtest5_pkey on sbtest5  (cost=0.43..6.25 rows=91 width=4)
	  Index Cond: ((id >= 6256336) AND (id <= 6256436))

table 6 : explain SELECT id FROM sbtest6 WHERE id BETWEEN 6256336 AND 6256436
	Index Only Scan using sbtest6_pkey on sbtest6  (cost=0.43..6.37 rows=97 width=4)
	  Index Cond: ((id >= 6256336) AND (id <= 6256436))

table 7 : explain SELECT id FROM sbtest7 WHERE id BETWEEN 6256336 AND 6256436
	Index Only Scan using sbtest7_pkey on sbtest7  (cost=0.43..6.45 rows=101 width=4)
	  Index Cond: ((id >= 6256336) AND (id <= 6256436))

table 8 : explain SELECT id FROM sbtest8 WHERE id BETWEEN 6256336 AND 6256436
	Index Only Scan using sbtest8_pkey on sbtest8  (cost=0.43..6.33 rows=95 width=4)
	  Index Cond: ((id >= 6256336) AND (id <= 6256436))

explain: for range-covered :: explain SELECT id FROM sbtest%d WHERE id BETWEEN 6509022 AND 6509122
for range-covered
table 1 : explain SELECT id FROM sbtest1 WHERE id BETWEEN 4005128 AND 4005228
	Index Only Scan using sbtest1_pkey on sbtest1  (cost=0.43..6.42 rows=99 width=4)
	  Index Cond: ((id >= 4005128) AND (id <= 4005228))

table 2 : explain SELECT id FROM sbtest2 WHERE id BETWEEN 4005128 AND 4005228
	Index Only Scan using sbtest2_pkey on sbtest2  (cost=0.43..6.51 rows=104 width=4)
	  Index Cond: ((id >= 4005128) AND (id <= 4005228))

table 3 : explain SELECT id FROM sbtest3 WHERE id BETWEEN 4005128 AND 4005228
	Index Only Scan using sbtest3_pkey on sbtest3  (cost=0.43..6.53 rows=105 width=4)
	  Index Cond: ((id >= 4005128) AND (id <= 4005228))

table 4 : explain SELECT id FROM sbtest4 WHERE id BETWEEN 4005128 AND 4005228
	Index Only Scan using sbtest4_pkey on sbtest4  (cost=0.43..6.45 rows=101 width=4)
	  Index Cond: ((id >= 4005128) AND (id <= 4005228))

table 5 : explain SELECT id FROM sbtest5 WHERE id BETWEEN 4005128 AND 4005228
	Index Only Scan using sbtest5_pkey on sbtest5  (cost=0.43..6.56 rows=106 width=4)
	  Index Cond: ((id >= 4005128) AND (id <= 4005228))

table 6 : explain SELECT id FROM sbtest6 WHERE id BETWEEN 4005128 AND 4005228
	Index Only Scan using sbtest6_pkey on sbtest6  (cost=0.43..6.61 rows=109 width=4)
	  Index Cond: ((id >= 4005128) AND (id <= 4005228))

table 7 : explain SELECT id FROM sbtest7 WHERE id BETWEEN 4005128 AND 4005228
	Index Only Scan using sbtest7_pkey on sbtest7  (cost=0.43..6.43 rows=100 width=4)
	  Index Cond: ((id >= 4005128) AND (id <= 4005228))

table 8 : explain SELECT id FROM sbtest8 WHERE id BETWEEN 4005128 AND 4005228
	Index Only Scan using sbtest8_pkey on sbtest8  (cost=0.43..6.56 rows=106 width=4)
	  Index Cond: ((id >= 4005128) AND (id <= 4005228))

explain: for range-covered :: explain SELECT id FROM sbtest%d WHERE id BETWEEN 6256336 AND 6256436
explain: for range-covered :: explain SELECT id FROM sbtest%d WHERE id BETWEEN 4005128 AND 4005228
for range-covered
table 1 : explain SELECT id FROM sbtest1 WHERE id BETWEEN 5341094 AND 5341194
	Index Only Scan using sbtest1_pkey on sbtest1  (cost=0.43..6.69 rows=113 width=4)
	  Index Cond: ((id >= 5341094) AND (id <= 5341194))

table 2 : explain SELECT id FROM sbtest2 WHERE id BETWEEN 5341094 AND 5341194
	Index Only Scan using sbtest2_pkey on sbtest2  (cost=0.43..6.43 rows=100 width=4)
	  Index Cond: ((id >= 5341094) AND (id <= 5341194))

table 3 : explain SELECT id FROM sbtest3 WHERE id BETWEEN 5341094 AND 5341194
	Index Only Scan using sbtest3_pkey on sbtest3  (cost=0.43..6.50 rows=103 width=4)
	  Index Cond: ((id >= 5341094) AND (id <= 5341194))

table 4 : explain SELECT id FROM sbtest4 WHERE id BETWEEN 5341094 AND 5341194
	Index Only Scan using sbtest4_pkey on sbtest4  (cost=0.43..6.42 rows=99 width=4)
	  Index Cond: ((id >= 5341094) AND (id <= 5341194))

table 5 : explain SELECT id FROM sbtest5 WHERE id BETWEEN 5341094 AND 5341194
	Index Only Scan using sbtest5_pkey on sbtest5  (cost=0.43..6.63 rows=110 width=4)
	  Index Cond: ((id >= 5341094) AND (id <= 5341194))

table 6 : explain SELECT id FROM sbtest6 WHERE id BETWEEN 5341094 AND 5341194
	Index Only Scan using sbtest6_pkey on sbtest6  (cost=0.43..6.33 rows=95 width=4)
	  Index Cond: ((id >= 5341094) AND (id <= 5341194))

table 7 : explain SELECT id FROM sbtest7 WHERE id BETWEEN 5341094 AND 5341194
	Index Only Scan using sbtest7_pkey on sbtest7  (cost=0.43..6.40 rows=98 width=4)
	  Index Cond: ((id >= 5341094) AND (id <= 5341194))

table 8 : explain SELECT id FROM sbtest8 WHERE id BETWEEN 5341094 AND 5341194
	Index Only Scan using sbtest8_pkey on sbtest8  (cost=0.43..6.59 rows=108 width=4)
	  Index Cond: ((id >= 5341094) AND (id <= 5341194))

explain: for range-covered :: explain SELECT id FROM sbtest%d WHERE id BETWEEN 5341094 AND 5341194
for range-covered
table 1 : explain SELECT id FROM sbtest1 WHERE id BETWEEN 5181865 AND 5181965
	Index Only Scan using sbtest1_pkey on sbtest1  (cost=0.43..6.37 rows=97 width=4)
	  Index Cond: ((id >= 5181865) AND (id <= 5181965))

table 2 : explain SELECT id FROM sbtest2 WHERE id BETWEEN 5181865 AND 5181965
	Index Only Scan using sbtest2_pkey on sbtest2  (cost=0.43..6.51 rows=104 width=4)
	  Index Cond: ((id >= 5181865) AND (id <= 5181965))

table 3 : explain SELECT id FROM sbtest3 WHERE id BETWEEN 5181865 AND 5181965
	Index Only Scan using sbtest3_pkey on sbtest3  (cost=0.43..6.35 rows=96 width=4)
	  Index Cond: ((id >= 5181865) AND (id <= 5181965))

table 4 : explain SELECT id FROM sbtest4 WHERE id BETWEEN 5181865 AND 5181965
	Index Only Scan using sbtest4_pkey on sbtest4  (cost=0.43..6.50 rows=103 width=4)
	  Index Cond: ((id >= 5181865) AND (id <= 5181965))

table 5 : explain SELECT id FROM sbtest5 WHERE id BETWEEN 5181865 AND 5181965
	Index Only Scan using sbtest5_pkey on sbtest5  (cost=0.43..6.25 rows=91 width=4)
	  Index Cond: ((id >= 5181865) AND (id <= 5181965))

table 6 : explain SELECT id FROM sbtest6 WHERE id BETWEEN 5181865 AND 5181965
	Index Only Scan using sbtest6_pkey on sbtest6  (cost=0.43..6.40 rows=98 width=4)
	  Index Cond: ((id >= 5181865) AND (id <= 5181965))

table 7 : explain SELECT id FROM sbtest7 WHERE id BETWEEN 5181865 AND 5181965
	Index Only Scan using sbtest7_pkey on sbtest7  (cost=0.43..6.29 rows=93 width=4)
	  Index Cond: ((id >= 5181865) AND (id <= 5181965))

table 8 : explain SELECT id FROM sbtest8 WHERE id BETWEEN 5181865 AND 5181965
	Index Only Scan using sbtest8_pkey on sbtest8  (cost=0.43..6.58 rows=107 width=4)
	  Index Cond: ((id >= 5181865) AND (id <= 5181965))

for range-covered
table 1 : explain SELECT id FROM sbtest1 WHERE id BETWEEN 5131874 AND 5131974
	Index Only Scan using sbtest1_pkey on sbtest1  (cost=0.43..6.63 rows=110 width=4)
	  Index Cond: ((id >= 5131874) AND (id <= 5131974))

table 2 : explain SELECT id FROM sbtest2 WHERE id BETWEEN 5131874 AND 5131974
	Index Only Scan using sbtest2_pkey on sbtest2  (cost=0.43..6.51 rows=104 width=4)
	  Index Cond: ((id >= 5131874) AND (id <= 5131974))

table 3 : explain SELECT id FROM sbtest3 WHERE id BETWEEN 5131874 AND 5131974
	Index Only Scan using sbtest3_pkey on sbtest3  (cost=0.43..6.50 rows=103 width=4)
	  Index Cond: ((id >= 5131874) AND (id <= 5131974))

table 4 : explain SELECT id FROM sbtest4 WHERE id BETWEEN 5131874 AND 5131974
	Index Only Scan using sbtest4_pkey on sbtest4  (cost=0.43..6.50 rows=103 width=4)
	  Index Cond: ((id >= 5131874) AND (id <= 5131974))

table 5 : explain SELECT id FROM sbtest5 WHERE id BETWEEN 5131874 AND 5131974
	Index Only Scan using sbtest5_pkey on sbtest5  (cost=0.43..6.51 rows=104 width=4)
	  Index Cond: ((id >= 5131874) AND (id <= 5131974))

table 6 : explain SELECT id FROM sbtest6 WHERE id BETWEEN 5131874 AND 5131974
	Index Only Scan using sbtest6_pkey on sbtest6  (cost=0.43..6.40 rows=98 width=4)
	  Index Cond: ((id >= 5131874) AND (id <= 5131974))

table 7 : explain SELECT id FROM sbtest7 WHERE id BETWEEN 5131874 AND 5131974
	Index Only Scan using sbtest7_pkey on sbtest7  (cost=0.43..6.29 rows=93 width=4)
	  Index Cond: ((id >= 5131874) AND (id <= 5131974))

table 8 : explain SELECT id FROM sbtest8 WHERE id BETWEEN 5131874 AND 5131974
	Index Only Scan using sbtest8_pkey on sbtest8  (cost=0.43..6.56 rows=106 width=4)
	  Index Cond: ((id >= 5131874) AND (id <= 5131974))

explain: for range-covered :: explain SELECT id FROM sbtest%d WHERE id BETWEEN 5181865 AND 5181965
for range-covered
table 1 : explain SELECT id FROM sbtest1 WHERE id BETWEEN 5119227 AND 5119327
	Index Only Scan using sbtest1_pkey on sbtest1  (cost=0.43..6.63 rows=110 width=4)
	  Index Cond: ((id >= 5119227) AND (id <= 5119327))

table 2 : explain SELECT id FROM sbtest2 WHERE id BETWEEN 5119227 AND 5119327
	Index Only Scan using sbtest2_pkey on sbtest2  (cost=0.43..6.51 rows=104 width=4)
	  Index Cond: ((id >= 5119227) AND (id <= 5119327))

table 3 : explain SELECT id FROM sbtest3 WHERE id BETWEEN 5119227 AND 5119327
	Index Only Scan using sbtest3_pkey on sbtest3  (cost=0.43..6.50 rows=103 width=4)
	  Index Cond: ((id >= 5119227) AND (id <= 5119327))

table 4 : explain SELECT id FROM sbtest4 WHERE id BETWEEN 5119227 AND 5119327
	Index Only Scan using sbtest4_pkey on sbtest4  (cost=0.43..6.50 rows=103 width=4)
	  Index Cond: ((id >= 5119227) AND (id <= 5119327))

table 5 : explain SELECT id FROM sbtest5 WHERE id BETWEEN 5119227 AND 5119327
	Index Only Scan using sbtest5_pkey on sbtest5  (cost=0.43..6.51 rows=104 width=4)
	  Index Cond: ((id >= 5119227) AND (id <= 5119327))

table 6 : explain SELECT id FROM sbtest6 WHERE id BETWEEN 5119227 AND 5119327
	Index Only Scan using sbtest6_pkey on sbtest6  (cost=0.43..6.40 rows=98 width=4)
	  Index Cond: ((id >= 5119227) AND (id <= 5119327))

table 7 : explain SELECT id FROM sbtest7 WHERE id BETWEEN 5119227 AND 5119327
	Index Only Scan using sbtest7_pkey on sbtest7  (cost=0.43..6.29 rows=93 width=4)
	  Index Cond: ((id >= 5119227) AND (id <= 5119327))

table 8 : explain SELECT id FROM sbtest8 WHERE id BETWEEN 5119227 AND 5119327
	Index Only Scan using sbtest8_pkey on sbtest8  (cost=0.43..6.56 rows=106 width=4)
	  Index Cond: ((id >= 5119227) AND (id <= 5119327))

for range-covered
table 1 : explain SELECT id FROM sbtest1 WHERE id BETWEEN 6509022 AND 6509122
	Index Only Scan using sbtest1_pkey on sbtest1  (cost=0.43..6.67 rows=112 width=4)
	  Index Cond: ((id >= 6509022) AND (id <= 6509122))

table 2 : explain SELECT id FROM sbtest2 WHERE id BETWEEN 6509022 AND 6509122
	Index Only Scan using sbtest2_pkey on sbtest2  (cost=0.43..6.37 rows=97 width=4)
	  Index Cond: ((id >= 6509022) AND (id <= 6509122))

table 3 : explain SELECT id FROM sbtest3 WHERE id BETWEEN 6509022 AND 6509122
	Index Only Scan using sbtest3_pkey on sbtest3  (cost=0.43..6.59 rows=108 width=4)
	  Index Cond: ((id >= 6509022) AND (id <= 6509122))

table 4 : explain SELECT id FROM sbtest4 WHERE id BETWEEN 6509022 AND 6509122
	Index Only Scan using sbtest4_pkey on sbtest4  (cost=0.43..6.53 rows=105 width=4)
	  Index Cond: ((id >= 6509022) AND (id <= 6509122))

table 5 : explain SELECT id FROM sbtest5 WHERE id BETWEEN 6509022 AND 6509122
	Index Only Scan using sbtest5_pkey on sbtest5  (cost=0.43..6.42 rows=99 width=4)
	  Index Cond: ((id >= 6509022) AND (id <= 6509122))

table 6 : explain SELECT id FROM sbtest6 WHERE id BETWEEN 6509022 AND 6509122
	Index Only Scan using sbtest6_pkey on sbtest6  (cost=0.43..6.35 rows=96 width=4)
	  Index Cond: ((id >= 6509022) AND (id <= 6509122))

table 7 : explain SELECT id FROM sbtest7 WHERE id BETWEEN 6509022 AND 6509122
	Index Only Scan using sbtest7_pkey on sbtest7  (cost=0.43..6.37 rows=97 width=4)
	  Index Cond: ((id >= 6509022) AND (id <= 6509122))

table 8 : explain SELECT id FROM sbtest8 WHERE id BETWEEN 6509022 AND 6509122
	Index Only Scan using sbtest8_pkey on sbtest8  (cost=0.43..6.56 rows=106 width=4)
	  Index Cond: ((id >= 6509022) AND (id <= 6509122))

explain: for range-covered :: explain SELECT id FROM sbtest%d WHERE id BETWEEN 5131874 AND 5131974
explain: for range-covered :: explain SELECT id FROM sbtest%d WHERE id BETWEEN 6509022 AND 6509122
explain: for range-covered :: explain SELECT id FROM sbtest%d WHERE id BETWEEN 5119227 AND 5119327
for range-covered
table 1 : explain SELECT id FROM sbtest1 WHERE id BETWEEN 4005128 AND 4005228
	Index Only Scan using sbtest1_pkey on sbtest1  (cost=0.43..6.42 rows=99 width=4)
	  Index Cond: ((id >= 4005128) AND (id <= 4005228))

table 2 : explain SELECT id FROM sbtest2 WHERE id BETWEEN 4005128 AND 4005228
	Index Only Scan using sbtest2_pkey on sbtest2  (cost=0.43..6.51 rows=104 width=4)
	  Index Cond: ((id >= 4005128) AND (id <= 4005228))

table 3 : explain SELECT id FROM sbtest3 WHERE id BETWEEN 4005128 AND 4005228
	Index Only Scan using sbtest3_pkey on sbtest3  (cost=0.43..6.53 rows=105 width=4)
	  Index Cond: ((id >= 4005128) AND (id <= 4005228))

table 4 : explain SELECT id FROM sbtest4 WHERE id BETWEEN 4005128 AND 4005228
	Index Only Scan using sbtest4_pkey on sbtest4  (cost=0.43..6.45 rows=101 width=4)
	  Index Cond: ((id >= 4005128) AND (id <= 4005228))

table 5 : explain SELECT id FROM sbtest5 WHERE id BETWEEN 4005128 AND 4005228
	Index Only Scan using sbtest5_pkey on sbtest5  (cost=0.43..6.56 rows=106 width=4)
	  Index Cond: ((id >= 4005128) AND (id <= 4005228))

table 6 : explain SELECT id FROM sbtest6 WHERE id BETWEEN 4005128 AND 4005228
	Index Only Scan using sbtest6_pkey on sbtest6  (cost=0.43..6.61 rows=109 width=4)
	  Index Cond: ((id >= 4005128) AND (id <= 4005228))

table 7 : explain SELECT id FROM sbtest7 WHERE id BETWEEN 4005128 AND 4005228
	Index Only Scan using sbtest7_pkey on sbtest7  (cost=0.43..6.43 rows=100 width=4)
	  Index Cond: ((id >= 4005128) AND (id <= 4005228))

table 8 : explain SELECT id FROM sbtest8 WHERE id BETWEEN 4005128 AND 4005228
	Index Only Scan using sbtest8_pkey on sbtest8  (cost=0.43..6.56 rows=106 width=4)
	  Index Cond: ((id >= 4005128) AND (id <= 4005228))

explain: for range-covered :: explain SELECT id FROM sbtest%d WHERE id BETWEEN 4005128 AND 4005228
for range-covered
table 1 : explain SELECT id FROM sbtest1 WHERE id BETWEEN 619313 AND 619413
	Index Only Scan using sbtest1_pkey on sbtest1  (cost=0.43..6.51 rows=104 width=4)
	  Index Cond: ((id >= 619313) AND (id <= 619413))

table 2 : explain SELECT id FROM sbtest2 WHERE id BETWEEN 619313 AND 619413
	Index Only Scan using sbtest2_pkey on sbtest2  (cost=0.43..6.58 rows=107 width=4)
	  Index Cond: ((id >= 619313) AND (id <= 619413))

table 3 : explain SELECT id FROM sbtest3 WHERE id BETWEEN 619313 AND 619413
	Index Only Scan using sbtest3_pkey on sbtest3  (cost=0.43..6.42 rows=99 width=4)
	  Index Cond: ((id >= 619313) AND (id <= 619413))

table 4 : explain SELECT id FROM sbtest4 WHERE id BETWEEN 619313 AND 619413
	Index Only Scan using sbtest4_pkey on sbtest4  (cost=0.43..6.58 rows=107 width=4)
	  Index Cond: ((id >= 619313) AND (id <= 619413))

table 5 : explain SELECT id FROM sbtest5 WHERE id BETWEEN 619313 AND 619413
	Index Only Scan using sbtest5_pkey on sbtest5  (cost=0.43..6.47 rows=102 width=4)
	  Index Cond: ((id >= 619313) AND (id <= 619413))

table 6 : explain SELECT id FROM sbtest6 WHERE id BETWEEN 619313 AND 619413
	Index Only Scan using sbtest6_pkey on sbtest6  (cost=0.43..6.42 rows=99 width=4)
	  Index Cond: ((id >= 619313) AND (id <= 619413))

table 7 : explain SELECT id FROM sbtest7 WHERE id BETWEEN 619313 AND 619413
	Index Only Scan using sbtest7_pkey on sbtest7  (cost=0.43..6.47 rows=102 width=4)
	  Index Cond: ((id >= 619313) AND (id <= 619413))

table 8 : explain SELECT id FROM sbtest8 WHERE id BETWEEN 619313 AND 619413
	Index Only Scan using sbtest8_pkey on sbtest8  (cost=0.43..6.67 rows=112 width=4)
	  Index Cond: ((id >= 619313) AND (id <= 619413))

for range-covered
table 1 : explain SELECT id FROM sbtest1 WHERE id BETWEEN 2815873 AND 2815973
	Index Only Scan using sbtest1_pkey on sbtest1  (cost=0.43..6.32 rows=94 width=4)
	  Index Cond: ((id >= 2815873) AND (id <= 2815973))

table 2 : explain SELECT id FROM sbtest2 WHERE id BETWEEN 2815873 AND 2815973
	Index Only Scan using sbtest2_pkey on sbtest2  (cost=0.43..6.29 rows=93 width=4)
	  Index Cond: ((id >= 2815873) AND (id <= 2815973))

table 3 : explain SELECT id FROM sbtest3 WHERE id BETWEEN 2815873 AND 2815973
	Index Only Scan using sbtest3_pkey on sbtest3  (cost=0.43..6.56 rows=106 width=4)
	  Index Cond: ((id >= 2815873) AND (id <= 2815973))

table 4 : explain SELECT id FROM sbtest4 WHERE id BETWEEN 2815873 AND 2815973
	Index Only Scan using sbtest4_pkey on sbtest4  (cost=0.43..6.47 rows=102 width=4)
	  Index Cond: ((id >= 2815873) AND (id <= 2815973))

table 5 : explain SELECT id FROM sbtest5 WHERE id BETWEEN 2815873 AND 2815973
	Index Only Scan using sbtest5_pkey on sbtest5  (cost=0.43..6.29 rows=93 width=4)
	  Index Cond: ((id >= 2815873) AND (id <= 2815973))

table 6 : explain SELECT id FROM sbtest6 WHERE id BETWEEN 2815873 AND 2815973
	Index Only Scan using sbtest6_pkey on sbtest6  (cost=0.43..6.47 rows=102 width=4)
	  Index Cond: ((id >= 2815873) AND (id <= 2815973))

table 7 : explain SELECT id FROM sbtest7 WHERE id BETWEEN 2815873 AND 2815973
	Index Only Scan using sbtest7_pkey on sbtest7  (cost=0.43..6.53 rows=105 width=4)
	  Index Cond: ((id >= 2815873) AND (id <= 2815973))

table 8 : explain SELECT id FROM sbtest8 WHERE id BETWEEN 2815873 AND 2815973
	Index Only Scan using sbtest8_pkey on sbtest8  (cost=0.43..6.19 rows=88 width=4)
	  Index Cond: ((id >= 2815873) AND (id <= 2815973))

for range-covered
table 1 : explain SELECT id FROM sbtest1 WHERE id BETWEEN 5341094 AND 5341194
	Index Only Scan using sbtest1_pkey on sbtest1  (cost=0.43..6.69 rows=113 width=4)
	  Index Cond: ((id >= 5341094) AND (id <= 5341194))

table 2 : explain SELECT id FROM sbtest2 WHERE id BETWEEN 5341094 AND 5341194
	Index Only Scan using sbtest2_pkey on sbtest2  (cost=0.43..6.43 rows=100 width=4)
	  Index Cond: ((id >= 5341094) AND (id <= 5341194))

table 3 : explain SELECT id FROM sbtest3 WHERE id BETWEEN 5341094 AND 5341194
	Index Only Scan using sbtest3_pkey on sbtest3  (cost=0.43..6.50 rows=103 width=4)
	  Index Cond: ((id >= 5341094) AND (id <= 5341194))

table 4 : explain SELECT id FROM sbtest4 WHERE id BETWEEN 5341094 AND 5341194
	Index Only Scan using sbtest4_pkey on sbtest4  (cost=0.43..6.42 rows=99 width=4)
	  Index Cond: ((id >= 5341094) AND (id <= 5341194))

table 5 : explain SELECT id FROM sbtest5 WHERE id BETWEEN 5341094 AND 5341194
	Index Only Scan using sbtest5_pkey on sbtest5  (cost=0.43..6.63 rows=110 width=4)
	  Index Cond: ((id >= 5341094) AND (id <= 5341194))

table 6 : explain SELECT id FROM sbtest6 WHERE id BETWEEN 5341094 AND 5341194
	Index Only Scan using sbtest6_pkey on sbtest6  (cost=0.43..6.33 rows=95 width=4)
	  Index Cond: ((id >= 5341094) AND (id <= 5341194))

table 7 : explain SELECT id FROM sbtest7 WHERE id BETWEEN 5341094 AND 5341194
	Index Only Scan using sbtest7_pkey on sbtest7  (cost=0.43..6.40 rows=98 width=4)
	  Index Cond: ((id >= 5341094) AND (id <= 5341194))

table 8 : explain SELECT id FROM sbtest8 WHERE id BETWEEN 5341094 AND 5341194
	Index Only Scan using sbtest8_pkey on sbtest8  (cost=0.43..6.59 rows=108 width=4)
	  Index Cond: ((id >= 5341094) AND (id <= 5341194))

explain: for range-covered :: explain SELECT id FROM sbtest%d WHERE id BETWEEN 2815873 AND 2815973
for range-covered
table 1 : explain SELECT id FROM sbtest1 WHERE id BETWEEN 6256336 AND 6256436
	Index Only Scan using sbtest1_pkey on sbtest1  (cost=0.43..6.40 rows=98 width=4)
	  Index Cond: ((id >= 6256336) AND (id <= 6256436))

table 2 : explain SELECT id FROM sbtest2 WHERE id BETWEEN 6256336 AND 6256436
	Index Only Scan using sbtest2_pkey on sbtest2  (cost=0.43..6.45 rows=101 width=4)
	  Index Cond: ((id >= 6256336) AND (id <= 6256436))

table 3 : explain SELECT id FROM sbtest3 WHERE id BETWEEN 6256336 AND 6256436
	Index Only Scan using sbtest3_pkey on sbtest3  (cost=0.43..6.35 rows=96 width=4)
	  Index Cond: ((id >= 6256336) AND (id <= 6256436))

table 4 : explain SELECT id FROM sbtest4 WHERE id BETWEEN 6256336 AND 6256436
	Index Only Scan using sbtest4_pkey on sbtest4  (cost=0.43..6.51 rows=104 width=4)
	  Index Cond: ((id >= 6256336) AND (id <= 6256436))

table 5 : explain SELECT id FROM sbtest5 WHERE id BETWEEN 6256336 AND 6256436
	Index Only Scan using sbtest5_pkey on sbtest5  (cost=0.43..6.25 rows=91 width=4)
	  Index Cond: ((id >= 6256336) AND (id <= 6256436))

table 6 : explain SELECT id FROM sbtest6 WHERE id BETWEEN 6256336 AND 6256436
	Index Only Scan using sbtest6_pkey on sbtest6  (cost=0.43..6.37 rows=97 width=4)
	  Index Cond: ((id >= 6256336) AND (id <= 6256436))

table 7 : explain SELECT id FROM sbtest7 WHERE id BETWEEN 6256336 AND 6256436
	Index Only Scan using sbtest7_pkey on sbtest7  (cost=0.43..6.45 rows=101 width=4)
	  Index Cond: ((id >= 6256336) AND (id <= 6256436))

table 8 : explain SELECT id FROM sbtest8 WHERE id BETWEEN 6256336 AND 6256436
	Index Only Scan using sbtest8_pkey on sbtest8  (cost=0.43..6.33 rows=95 width=4)
	  Index Cond: ((id >= 6256336) AND (id <= 6256436))

for range-covered
table 1 : explain SELECT id FROM sbtest1 WHERE id BETWEEN 5181865 AND 5181965
	Index Only Scan using sbtest1_pkey on sbtest1  (cost=0.43..6.37 rows=97 width=4)
	  Index Cond: ((id >= 5181865) AND (id <= 5181965))

table 2 : explain SELECT id FROM sbtest2 WHERE id BETWEEN 5181865 AND 5181965
	Index Only Scan using sbtest2_pkey on sbtest2  (cost=0.43..6.51 rows=104 width=4)
	  Index Cond: ((id >= 5181865) AND (id <= 5181965))

table 3 : explain SELECT id FROM sbtest3 WHERE id BETWEEN 5181865 AND 5181965
	Index Only Scan using sbtest3_pkey on sbtest3  (cost=0.43..6.35 rows=96 width=4)
	  Index Cond: ((id >= 5181865) AND (id <= 5181965))

table 4 : explain SELECT id FROM sbtest4 WHERE id BETWEEN 5181865 AND 5181965
	Index Only Scan using sbtest4_pkey on sbtest4  (cost=0.43..6.50 rows=103 width=4)
	  Index Cond: ((id >= 5181865) AND (id <= 5181965))

table 5 : explain SELECT id FROM sbtest5 WHERE id BETWEEN 5181865 AND 5181965
	Index Only Scan using sbtest5_pkey on sbtest5  (cost=0.43..6.25 rows=91 width=4)
	  Index Cond: ((id >= 5181865) AND (id <= 5181965))

table 6 : explain SELECT id FROM sbtest6 WHERE id BETWEEN 5181865 AND 5181965
	Index Only Scan using sbtest6_pkey on sbtest6  (cost=0.43..6.40 rows=98 width=4)
	  Index Cond: ((id >= 5181865) AND (id <= 5181965))

table 7 : explain SELECT id FROM sbtest7 WHERE id BETWEEN 5181865 AND 5181965
	Index Only Scan using sbtest7_pkey on sbtest7  (cost=0.43..6.29 rows=93 width=4)
	  Index Cond: ((id >= 5181865) AND (id <= 5181965))

table 8 : explain SELECT id FROM sbtest8 WHERE id BETWEEN 5181865 AND 5181965
	Index Only Scan using sbtest8_pkey on sbtest8  (cost=0.43..6.58 rows=107 width=4)
	  Index Cond: ((id >= 5181865) AND (id <= 5181965))

explain: for range-covered :: explain SELECT id FROM sbtest%d WHERE id BETWEEN 6256336 AND 6256436
for range-covered
table 1 : explain SELECT id FROM sbtest1 WHERE id BETWEEN 6509022 AND 6509122
	Index Only Scan using sbtest1_pkey on sbtest1  (cost=0.43..6.67 rows=112 width=4)
	  Index Cond: ((id >= 6509022) AND (id <= 6509122))

table 2 : explain SELECT id FROM sbtest2 WHERE id BETWEEN 6509022 AND 6509122
	Index Only Scan using sbtest2_pkey on sbtest2  (cost=0.43..6.37 rows=97 width=4)
	  Index Cond: ((id >= 6509022) AND (id <= 6509122))

table 3 : explain SELECT id FROM sbtest3 WHERE id BETWEEN 6509022 AND 6509122
	Index Only Scan using sbtest3_pkey on sbtest3  (cost=0.43..6.59 rows=108 width=4)
	  Index Cond: ((id >= 6509022) AND (id <= 6509122))

table 4 : explain SELECT id FROM sbtest4 WHERE id BETWEEN 6509022 AND 6509122
	Index Only Scan using sbtest4_pkey on sbtest4  (cost=0.43..6.53 rows=105 width=4)
	  Index Cond: ((id >= 6509022) AND (id <= 6509122))

table 5 : explain SELECT id FROM sbtest5 WHERE id BETWEEN 6509022 AND 6509122
	Index Only Scan using sbtest5_pkey on sbtest5  (cost=0.43..6.42 rows=99 width=4)
	  Index Cond: ((id >= 6509022) AND (id <= 6509122))

table 6 : explain SELECT id FROM sbtest6 WHERE id BETWEEN 6509022 AND 6509122
	Index Only Scan using sbtest6_pkey on sbtest6  (cost=0.43..6.35 rows=96 width=4)
	  Index Cond: ((id >= 6509022) AND (id <= 6509122))

table 7 : explain SELECT id FROM sbtest7 WHERE id BETWEEN 6509022 AND 6509122
	Index Only Scan using sbtest7_pkey on sbtest7  (cost=0.43..6.37 rows=97 width=4)
	  Index Cond: ((id >= 6509022) AND (id <= 6509122))

table 8 : explain SELECT id FROM sbtest8 WHERE id BETWEEN 6509022 AND 6509122
	Index Only Scan using sbtest8_pkey on sbtest8  (cost=0.43..6.56 rows=106 width=4)
	  Index Cond: ((id >= 6509022) AND (id <= 6509122))

for range-covered
table 1 : explain SELECT id FROM sbtest1 WHERE id BETWEEN 4005128 AND 4005228
	Index Only Scan using sbtest1_pkey on sbtest1  (cost=0.43..6.42 rows=99 width=4)
	  Index Cond: ((id >= 4005128) AND (id <= 4005228))

table 2 : explain SELECT id FROM sbtest2 WHERE id BETWEEN 4005128 AND 4005228
	Index Only Scan using sbtest2_pkey on sbtest2  (cost=0.43..6.51 rows=104 width=4)
	  Index Cond: ((id >= 4005128) AND (id <= 4005228))

table 3 : explain SELECT id FROM sbtest3 WHERE id BETWEEN 4005128 AND 4005228
	Index Only Scan using sbtest3_pkey on sbtest3  (cost=0.43..6.53 rows=105 width=4)
	  Index Cond: ((id >= 4005128) AND (id <= 4005228))

table 4 : explain SELECT id FROM sbtest4 WHERE id BETWEEN 4005128 AND 4005228
	Index Only Scan using sbtest4_pkey on sbtest4  (cost=0.43..6.45 rows=101 width=4)
	  Index Cond: ((id >= 4005128) AND (id <= 4005228))

table 5 : explain SELECT id FROM sbtest5 WHERE id BETWEEN 4005128 AND 4005228
	Index Only Scan using sbtest5_pkey on sbtest5  (cost=0.43..6.56 rows=106 width=4)
	  Index Cond: ((id >= 4005128) AND (id <= 4005228))

table 6 : explain SELECT id FROM sbtest6 WHERE id BETWEEN 4005128 AND 4005228
	Index Only Scan using sbtest6_pkey on sbtest6  (cost=0.43..6.61 rows=109 width=4)
	  Index Cond: ((id >= 4005128) AND (id <= 4005228))

table 7 : explain SELECT id FROM sbtest7 WHERE id BETWEEN 4005128 AND 4005228
	Index Only Scan using sbtest7_pkey on sbtest7  (cost=0.43..6.43 rows=100 width=4)
	  Index Cond: ((id >= 4005128) AND (id <= 4005228))

table 8 : explain SELECT id FROM sbtest8 WHERE id BETWEEN 4005128 AND 4005228
	Index Only Scan using sbtest8_pkey on sbtest8  (cost=0.43..6.56 rows=106 width=4)
	  Index Cond: ((id >= 4005128) AND (id <= 4005228))

explain: for range-covered :: explain SELECT id FROM sbtest%d WHERE id BETWEEN 4005128 AND 4005228
for range-covered
table 1 : explain SELECT id FROM sbtest1 WHERE id BETWEEN 5119227 AND 5119327
	Index Only Scan using sbtest1_pkey on sbtest1  (cost=0.43..6.63 rows=110 width=4)
	  Index Cond: ((id >= 5119227) AND (id <= 5119327))

table 2 : explain SELECT id FROM sbtest2 WHERE id BETWEEN 5119227 AND 5119327
	Index Only Scan using sbtest2_pkey on sbtest2  (cost=0.43..6.51 rows=104 width=4)
	  Index Cond: ((id >= 5119227) AND (id <= 5119327))

table 3 : explain SELECT id FROM sbtest3 WHERE id BETWEEN 5119227 AND 5119327
	Index Only Scan using sbtest3_pkey on sbtest3  (cost=0.43..6.50 rows=103 width=4)
	  Index Cond: ((id >= 5119227) AND (id <= 5119327))

table 4 : explain SELECT id FROM sbtest4 WHERE id BETWEEN 5119227 AND 5119327
	Index Only Scan using sbtest4_pkey on sbtest4  (cost=0.43..6.50 rows=103 width=4)
	  Index Cond: ((id >= 5119227) AND (id <= 5119327))

table 5 : explain SELECT id FROM sbtest5 WHERE id BETWEEN 5119227 AND 5119327
	Index Only Scan using sbtest5_pkey on sbtest5  (cost=0.43..6.51 rows=104 width=4)
	  Index Cond: ((id >= 5119227) AND (id <= 5119327))

table 6 : explain SELECT id FROM sbtest6 WHERE id BETWEEN 5119227 AND 5119327
	Index Only Scan using sbtest6_pkey on sbtest6  (cost=0.43..6.40 rows=98 width=4)
	  Index Cond: ((id >= 5119227) AND (id <= 5119327))

table 7 : explain SELECT id FROM sbtest7 WHERE id BETWEEN 5119227 AND 5119327
	Index Only Scan using sbtest7_pkey on sbtest7  (cost=0.43..6.29 rows=93 width=4)
	  Index Cond: ((id >= 5119227) AND (id <= 5119327))

table 8 : explain SELECT id FROM sbtest8 WHERE id BETWEEN 5119227 AND 5119327
	Index Only Scan using sbtest8_pkey on sbtest8  (cost=0.43..6.56 rows=106 width=4)
	  Index Cond: ((id >= 5119227) AND (id <= 5119327))

explain: for range-covered :: explain SELECT id FROM sbtest%d WHERE id BETWEEN 5119227 AND 5119327
for range-covered
table 1 : explain SELECT id FROM sbtest1 WHERE id BETWEEN 5131874 AND 5131974
	Index Only Scan using sbtest1_pkey on sbtest1  (cost=0.43..6.63 rows=110 width=4)
	  Index Cond: ((id >= 5131874) AND (id <= 5131974))

table 2 : explain SELECT id FROM sbtest2 WHERE id BETWEEN 5131874 AND 5131974
	Index Only Scan using sbtest2_pkey on sbtest2  (cost=0.43..6.51 rows=104 width=4)
	  Index Cond: ((id >= 5131874) AND (id <= 5131974))

table 3 : explain SELECT id FROM sbtest3 WHERE id BETWEEN 5131874 AND 5131974
	Index Only Scan using sbtest3_pkey on sbtest3  (cost=0.43..6.50 rows=103 width=4)
	  Index Cond: ((id >= 5131874) AND (id <= 5131974))

table 4 : explain SELECT id FROM sbtest4 WHERE id BETWEEN 5131874 AND 5131974
	Index Only Scan using sbtest4_pkey on sbtest4  (cost=0.43..6.50 rows=103 width=4)
	  Index Cond: ((id >= 5131874) AND (id <= 5131974))

table 5 : explain SELECT id FROM sbtest5 WHERE id BETWEEN 5131874 AND 5131974
	Index Only Scan using sbtest5_pkey on sbtest5  (cost=0.43..6.51 rows=104 width=4)
	  Index Cond: ((id >= 5131874) AND (id <= 5131974))

table 6 : explain SELECT id FROM sbtest6 WHERE id BETWEEN 5131874 AND 5131974
	Index Only Scan using sbtest6_pkey on sbtest6  (cost=0.43..6.40 rows=98 width=4)
	  Index Cond: ((id >= 5131874) AND (id <= 5131974))

table 7 : explain SELECT id FROM sbtest7 WHERE id BETWEEN 5131874 AND 5131974
	Index Only Scan using sbtest7_pkey on sbtest7  (cost=0.43..6.29 rows=93 width=4)
	  Index Cond: ((id >= 5131874) AND (id <= 5131974))

table 8 : explain SELECT id FROM sbtest8 WHERE id BETWEEN 5131874 AND 5131974
	Index Only Scan using sbtest8_pkey on sbtest8  (cost=0.43..6.56 rows=106 width=4)
	  Index Cond: ((id >= 5131874) AND (id <= 5131974))

for range-covered
table 1 : explain SELECT id FROM sbtest1 WHERE id BETWEEN 6978234 AND 6978334
	Index Only Scan using sbtest1_pkey on sbtest1  (cost=0.43..6.50 rows=103 width=4)
	  Index Cond: ((id >= 6978234) AND (id <= 6978334))

table 2 : explain SELECT id FROM sbtest2 WHERE id BETWEEN 6978234 AND 6978334
	Index Only Scan using sbtest2_pkey on sbtest2  (cost=0.43..6.45 rows=101 width=4)
	  Index Cond: ((id >= 6978234) AND (id <= 6978334))

table 3 : explain SELECT id FROM sbtest3 WHERE id BETWEEN 6978234 AND 6978334
	Index Only Scan using sbtest3_pkey on sbtest3  (cost=0.43..6.35 rows=96 width=4)
	  Index Cond: ((id >= 6978234) AND (id <= 6978334))

table 4 : explain SELECT id FROM sbtest4 WHERE id BETWEEN 6978234 AND 6978334
	Index Only Scan using sbtest4_pkey on sbtest4  (cost=0.43..6.53 rows=105 width=4)
	  Index Cond: ((id >= 6978234) AND (id <= 6978334))

table 5 : explain SELECT id FROM sbtest5 WHERE id BETWEEN 6978234 AND 6978334
	Index Only Scan using sbtest5_pkey on sbtest5  (cost=0.43..6.74 rows=115 width=4)
	  Index Cond: ((id >= 6978234) AND (id <= 6978334))

table 6 : explain SELECT id FROM sbtest6 WHERE id BETWEEN 6978234 AND 6978334
	Index Only Scan using sbtest6_pkey on sbtest6  (cost=0.43..6.51 rows=104 width=4)
	  Index Cond: ((id >= 6978234) AND (id <= 6978334))

table 7 : explain SELECT id FROM sbtest7 WHERE id BETWEEN 6978234 AND 6978334
	Index Only Scan using sbtest7_pkey on sbtest7  (cost=0.43..6.40 rows=98 width=4)
	  Index Cond: ((id >= 6978234) AND (id <= 6978334))

table 8 : explain SELECT id FROM sbtest8 WHERE id BETWEEN 6978234 AND 6978334
	Index Only Scan using sbtest8_pkey on sbtest8  (cost=0.43..6.27 rows=92 width=4)
	  Index Cond: ((id >= 6978234) AND (id <= 6978334))

explain: for range-covered :: explain SELECT id FROM sbtest%d WHERE id BETWEEN 6978234 AND 6978334
for range-covered
table 1 : explain SELECT id FROM sbtest1 WHERE id BETWEEN 4005128 AND 4005228
	Index Only Scan using sbtest1_pkey on sbtest1  (cost=0.43..6.42 rows=99 width=4)
	  Index Cond: ((id >= 4005128) AND (id <= 4005228))

table 2 : explain SELECT id FROM sbtest2 WHERE id BETWEEN 4005128 AND 4005228
	Index Only Scan using sbtest2_pkey on sbtest2  (cost=0.43..6.51 rows=104 width=4)
	  Index Cond: ((id >= 4005128) AND (id <= 4005228))

table 3 : explain SELECT id FROM sbtest3 WHERE id BETWEEN 4005128 AND 4005228
	Index Only Scan using sbtest3_pkey on sbtest3  (cost=0.43..6.53 rows=105 width=4)
	  Index Cond: ((id >= 4005128) AND (id <= 4005228))

table 4 : explain SELECT id FROM sbtest4 WHERE id BETWEEN 4005128 AND 4005228
	Index Only Scan using sbtest4_pkey on sbtest4  (cost=0.43..6.45 rows=101 width=4)
	  Index Cond: ((id >= 4005128) AND (id <= 4005228))

table 5 : explain SELECT id FROM sbtest5 WHERE id BETWEEN 4005128 AND 4005228
	Index Only Scan using sbtest5_pkey on sbtest5  (cost=0.43..6.56 rows=106 width=4)
	  Index Cond: ((id >= 4005128) AND (id <= 4005228))

table 6 : explain SELECT id FROM sbtest6 WHERE id BETWEEN 4005128 AND 4005228
	Index Only Scan using sbtest6_pkey on sbtest6  (cost=0.43..6.61 rows=109 width=4)
	  Index Cond: ((id >= 4005128) AND (id <= 4005228))

table 7 : explain SELECT id FROM sbtest7 WHERE id BETWEEN 4005128 AND 4005228
	Index Only Scan using sbtest7_pkey on sbtest7  (cost=0.43..6.43 rows=100 width=4)
	  Index Cond: ((id >= 4005128) AND (id <= 4005228))

table 8 : explain SELECT id FROM sbtest8 WHERE id BETWEEN 4005128 AND 4005228
	Index Only Scan using sbtest8_pkey on sbtest8  (cost=0.43..6.56 rows=106 width=4)
	  Index Cond: ((id >= 4005128) AND (id <= 4005228))

for range-covered
table 1 : explain SELECT id FROM sbtest1 WHERE id BETWEEN 6256336 AND 6256436
	Index Only Scan using sbtest1_pkey on sbtest1  (cost=0.43..6.40 rows=98 width=4)
	  Index Cond: ((id >= 6256336) AND (id <= 6256436))

table 2 : explain SELECT id FROM sbtest2 WHERE id BETWEEN 6256336 AND 6256436
	Index Only Scan using sbtest2_pkey on sbtest2  (cost=0.43..6.45 rows=101 width=4)
	  Index Cond: ((id >= 6256336) AND (id <= 6256436))

table 3 : explain SELECT id FROM sbtest3 WHERE id BETWEEN 6256336 AND 6256436
	Index Only Scan using sbtest3_pkey on sbtest3  (cost=0.43..6.35 rows=96 width=4)
	  Index Cond: ((id >= 6256336) AND (id <= 6256436))

table 4 : explain SELECT id FROM sbtest4 WHERE id BETWEEN 6256336 AND 6256436
	Index Only Scan using sbtest4_pkey on sbtest4  (cost=0.43..6.51 rows=104 width=4)
	  Index Cond: ((id >= 6256336) AND (id <= 6256436))

table 5 : explain SELECT id FROM sbtest5 WHERE id BETWEEN 6256336 AND 6256436
	Index Only Scan using sbtest5_pkey on sbtest5  (cost=0.43..6.25 rows=91 width=4)
	  Index Cond: ((id >= 6256336) AND (id <= 6256436))

table 6 : explain SELECT id FROM sbtest6 WHERE id BETWEEN 6256336 AND 6256436
	Index Only Scan using sbtest6_pkey on sbtest6  (cost=0.43..6.37 rows=97 width=4)
	  Index Cond: ((id >= 6256336) AND (id <= 6256436))

table 7 : explain SELECT id FROM sbtest7 WHERE id BETWEEN 6256336 AND 6256436
	Index Only Scan using sbtest7_pkey on sbtest7  (cost=0.43..6.45 rows=101 width=4)
	  Index Cond: ((id >= 6256336) AND (id <= 6256436))

table 8 : explain SELECT id FROM sbtest8 WHERE id BETWEEN 6256336 AND 6256436
	Index Only Scan using sbtest8_pkey on sbtest8  (cost=0.43..6.33 rows=95 width=4)
	  Index Cond: ((id >= 6256336) AND (id <= 6256436))

explain: for range-covered :: explain SELECT id FROM sbtest%d WHERE id BETWEEN 6256336 AND 6256436
for range-covered
table 1 : explain SELECT id FROM sbtest1 WHERE id BETWEEN 5119227 AND 5119327
	Index Only Scan using sbtest1_pkey on sbtest1  (cost=0.43..6.63 rows=110 width=4)
	  Index Cond: ((id >= 5119227) AND (id <= 5119327))

table 2 : explain SELECT id FROM sbtest2 WHERE id BETWEEN 5119227 AND 5119327
	Index Only Scan using sbtest2_pkey on sbtest2  (cost=0.43..6.51 rows=104 width=4)
	  Index Cond: ((id >= 5119227) AND (id <= 5119327))

table 3 : explain SELECT id FROM sbtest3 WHERE id BETWEEN 5119227 AND 5119327
	Index Only Scan using sbtest3_pkey on sbtest3  (cost=0.43..6.50 rows=103 width=4)
	  Index Cond: ((id >= 5119227) AND (id <= 5119327))

table 4 : explain SELECT id FROM sbtest4 WHERE id BETWEEN 5119227 AND 5119327
	Index Only Scan using sbtest4_pkey on sbtest4  (cost=0.43..6.50 rows=103 width=4)
	  Index Cond: ((id >= 5119227) AND (id <= 5119327))

table 5 : explain SELECT id FROM sbtest5 WHERE id BETWEEN 5119227 AND 5119327
	Index Only Scan using sbtest5_pkey on sbtest5  (cost=0.43..6.51 rows=104 width=4)
	  Index Cond: ((id >= 5119227) AND (id <= 5119327))

table 6 : explain SELECT id FROM sbtest6 WHERE id BETWEEN 5119227 AND 5119327
	Index Only Scan using sbtest6_pkey on sbtest6  (cost=0.43..6.40 rows=98 width=4)
	  Index Cond: ((id >= 5119227) AND (id <= 5119327))

table 7 : explain SELECT id FROM sbtest7 WHERE id BETWEEN 5119227 AND 5119327
	Index Only Scan using sbtest7_pkey on sbtest7  (cost=0.43..6.29 rows=93 width=4)
	  Index Cond: ((id >= 5119227) AND (id <= 5119327))

table 8 : explain SELECT id FROM sbtest8 WHERE id BETWEEN 5119227 AND 5119327
	Index Only Scan using sbtest8_pkey on sbtest8  (cost=0.43..6.56 rows=106 width=4)
	  Index Cond: ((id >= 5119227) AND (id <= 5119327))

explain: for range-covered :: explain SELECT id FROM sbtest%d WHERE id BETWEEN 5119227 AND 5119327
for range-covered
table 1 : explain SELECT id FROM sbtest1 WHERE id BETWEEN 2815873 AND 2815973
	Index Only Scan using sbtest1_pkey on sbtest1  (cost=0.43..6.32 rows=94 width=4)
	  Index Cond: ((id >= 2815873) AND (id <= 2815973))

table 2 : explain SELECT id FROM sbtest2 WHERE id BETWEEN 2815873 AND 2815973
	Index Only Scan using sbtest2_pkey on sbtest2  (cost=0.43..6.29 rows=93 width=4)
	  Index Cond: ((id >= 2815873) AND (id <= 2815973))

table 3 : explain SELECT id FROM sbtest3 WHERE id BETWEEN 2815873 AND 2815973
	Index Only Scan using sbtest3_pkey on sbtest3  (cost=0.43..6.56 rows=106 width=4)
	  Index Cond: ((id >= 2815873) AND (id <= 2815973))

table 4 : explain SELECT id FROM sbtest4 WHERE id BETWEEN 2815873 AND 2815973
	Index Only Scan using sbtest4_pkey on sbtest4  (cost=0.43..6.47 rows=102 width=4)
	  Index Cond: ((id >= 2815873) AND (id <= 2815973))

table 5 : explain SELECT id FROM sbtest5 WHERE id BETWEEN 2815873 AND 2815973
	Index Only Scan using sbtest5_pkey on sbtest5  (cost=0.43..6.29 rows=93 width=4)
	  Index Cond: ((id >= 2815873) AND (id <= 2815973))

table 6 : explain SELECT id FROM sbtest6 WHERE id BETWEEN 2815873 AND 2815973
	Index Only Scan using sbtest6_pkey on sbtest6  (cost=0.43..6.47 rows=102 width=4)
	  Index Cond: ((id >= 2815873) AND (id <= 2815973))

table 7 : explain SELECT id FROM sbtest7 WHERE id BETWEEN 2815873 AND 2815973
	Index Only Scan using sbtest7_pkey on sbtest7  (cost=0.43..6.53 rows=105 width=4)
	  Index Cond: ((id >= 2815873) AND (id <= 2815973))

table 8 : explain SELECT id FROM sbtest8 WHERE id BETWEEN 2815873 AND 2815973
	Index Only Scan using sbtest8_pkey on sbtest8  (cost=0.43..6.19 rows=88 width=4)
	  Index Cond: ((id >= 2815873) AND (id <= 2815973))

explain: for range-covered :: explain SELECT id FROM sbtest%d WHERE id BETWEEN 2815873 AND 2815973
for range-covered
table 1 : explain SELECT id FROM sbtest1 WHERE id BETWEEN 6978234 AND 6978334
	Index Only Scan using sbtest1_pkey on sbtest1  (cost=0.43..6.50 rows=103 width=4)
	  Index Cond: ((id >= 6978234) AND (id <= 6978334))

table 2 : explain SELECT id FROM sbtest2 WHERE id BETWEEN 6978234 AND 6978334
	Index Only Scan using sbtest2_pkey on sbtest2  (cost=0.43..6.45 rows=101 width=4)
	  Index Cond: ((id >= 6978234) AND (id <= 6978334))

table 3 : explain SELECT id FROM sbtest3 WHERE id BETWEEN 6978234 AND 6978334
	Index Only Scan using sbtest3_pkey on sbtest3  (cost=0.43..6.35 rows=96 width=4)
	  Index Cond: ((id >= 6978234) AND (id <= 6978334))

table 4 : explain SELECT id FROM sbtest4 WHERE id BETWEEN 6978234 AND 6978334
	Index Only Scan using sbtest4_pkey on sbtest4  (cost=0.43..6.53 rows=105 width=4)
	  Index Cond: ((id >= 6978234) AND (id <= 6978334))

table 5 : explain SELECT id FROM sbtest5 WHERE id BETWEEN 6978234 AND 6978334
	Index Only Scan using sbtest5_pkey on sbtest5  (cost=0.43..6.74 rows=115 width=4)
	  Index Cond: ((id >= 6978234) AND (id <= 6978334))

table 6 : explain SELECT id FROM sbtest6 WHERE id BETWEEN 6978234 AND 6978334
	Index Only Scan using sbtest6_pkey on sbtest6  (cost=0.43..6.51 rows=104 width=4)
	  Index Cond: ((id >= 6978234) AND (id <= 6978334))

table 7 : explain SELECT id FROM sbtest7 WHERE id BETWEEN 6978234 AND 6978334
	Index Only Scan using sbtest7_pkey on sbtest7  (cost=0.43..6.40 rows=98 width=4)
	  Index Cond: ((id >= 6978234) AND (id <= 6978334))

table 8 : explain SELECT id FROM sbtest8 WHERE id BETWEEN 6978234 AND 6978334
	Index Only Scan using sbtest8_pkey on sbtest8  (cost=0.43..6.27 rows=92 width=4)
	  Index Cond: ((id >= 6978234) AND (id <= 6978334))

explain: for range-covered :: explain SELECT id FROM sbtest%d WHERE id BETWEEN 6978234 AND 6978334
for range-covered
table 1 : explain SELECT id FROM sbtest1 WHERE id BETWEEN 5119227 AND 5119327
	Index Only Scan using sbtest1_pkey on sbtest1  (cost=0.43..6.63 rows=110 width=4)
	  Index Cond: ((id >= 5119227) AND (id <= 5119327))

table 2 : explain SELECT id FROM sbtest2 WHERE id BETWEEN 5119227 AND 5119327
	Index Only Scan using sbtest2_pkey on sbtest2  (cost=0.43..6.51 rows=104 width=4)
	  Index Cond: ((id >= 5119227) AND (id <= 5119327))

table 3 : explain SELECT id FROM sbtest3 WHERE id BETWEEN 5119227 AND 5119327
	Index Only Scan using sbtest3_pkey on sbtest3  (cost=0.43..6.50 rows=103 width=4)
	  Index Cond: ((id >= 5119227) AND (id <= 5119327))

table 4 : explain SELECT id FROM sbtest4 WHERE id BETWEEN 5119227 AND 5119327
	Index Only Scan using sbtest4_pkey on sbtest4  (cost=0.43..6.50 rows=103 width=4)
	  Index Cond: ((id >= 5119227) AND (id <= 5119327))

table 5 : explain SELECT id FROM sbtest5 WHERE id BETWEEN 5119227 AND 5119327
	Index Only Scan using sbtest5_pkey on sbtest5  (cost=0.43..6.51 rows=104 width=4)
	  Index Cond: ((id >= 5119227) AND (id <= 5119327))

table 6 : explain SELECT id FROM sbtest6 WHERE id BETWEEN 5119227 AND 5119327
	Index Only Scan using sbtest6_pkey on sbtest6  (cost=0.43..6.40 rows=98 width=4)
	  Index Cond: ((id >= 5119227) AND (id <= 5119327))

table 7 : explain SELECT id FROM sbtest7 WHERE id BETWEEN 5119227 AND 5119327
	Index Only Scan using sbtest7_pkey on sbtest7  (cost=0.43..6.29 rows=93 width=4)
	  Index Cond: ((id >= 5119227) AND (id <= 5119327))

table 8 : explain SELECT id FROM sbtest8 WHERE id BETWEEN 5119227 AND 5119327
	Index Only Scan using sbtest8_pkey on sbtest8  (cost=0.43..6.56 rows=106 width=4)
	  Index Cond: ((id >= 5119227) AND (id <= 5119327))

explain: for range-covered :: explain SELECT id FROM sbtest%d WHERE id BETWEEN 5119227 AND 5119327
for range-covered
table 1 : explain SELECT id FROM sbtest1 WHERE id BETWEEN 6978234 AND 6978334
	Index Only Scan using sbtest1_pkey on sbtest1  (cost=0.43..6.50 rows=103 width=4)
	  Index Cond: ((id >= 6978234) AND (id <= 6978334))

table 2 : explain SELECT id FROM sbtest2 WHERE id BETWEEN 6978234 AND 6978334
	Index Only Scan using sbtest2_pkey on sbtest2  (cost=0.43..6.45 rows=101 width=4)
	  Index Cond: ((id >= 6978234) AND (id <= 6978334))

table 3 : explain SELECT id FROM sbtest3 WHERE id BETWEEN 6978234 AND 6978334
	Index Only Scan using sbtest3_pkey on sbtest3  (cost=0.43..6.35 rows=96 width=4)
	  Index Cond: ((id >= 6978234) AND (id <= 6978334))

table 4 : explain SELECT id FROM sbtest4 WHERE id BETWEEN 6978234 AND 6978334
	Index Only Scan using sbtest4_pkey on sbtest4  (cost=0.43..6.53 rows=105 width=4)
	  Index Cond: ((id >= 6978234) AND (id <= 6978334))

table 5 : explain SELECT id FROM sbtest5 WHERE id BETWEEN 6978234 AND 6978334
	Index Only Scan using sbtest5_pkey on sbtest5  (cost=0.43..6.74 rows=115 width=4)
	  Index Cond: ((id >= 6978234) AND (id <= 6978334))

table 6 : explain SELECT id FROM sbtest6 WHERE id BETWEEN 6978234 AND 6978334
	Index Only Scan using sbtest6_pkey on sbtest6  (cost=0.43..6.51 rows=104 width=4)
	  Index Cond: ((id >= 6978234) AND (id <= 6978334))

table 7 : explain SELECT id FROM sbtest7 WHERE id BETWEEN 6978234 AND 6978334
	Index Only Scan using sbtest7_pkey on sbtest7  (cost=0.43..6.40 rows=98 width=4)
	  Index Cond: ((id >= 6978234) AND (id <= 6978334))

table 8 : explain SELECT id FROM sbtest8 WHERE id BETWEEN 6978234 AND 6978334
	Index Only Scan using sbtest8_pkey on sbtest8  (cost=0.43..6.27 rows=92 width=4)
	  Index Cond: ((id >= 6978234) AND (id <= 6978334))

explain: for range-covered :: explain SELECT id FROM sbtest%d WHERE id BETWEEN 6978234 AND 6978334
explain: for range-covered :: explain SELECT id FROM sbtest%d WHERE id BETWEEN 7145676 AND 7145776
for range-covered
table 1 : explain SELECT id FROM sbtest1 WHERE id BETWEEN 5119227 AND 5119327
	Index Only Scan using sbtest1_pkey on sbtest1  (cost=0.43..6.63 rows=110 width=4)
	  Index Cond: ((id >= 5119227) AND (id <= 5119327))

table 2 : explain SELECT id FROM sbtest2 WHERE id BETWEEN 5119227 AND 5119327
	Index Only Scan using sbtest2_pkey on sbtest2  (cost=0.43..6.51 rows=104 width=4)
	  Index Cond: ((id >= 5119227) AND (id <= 5119327))

table 3 : explain SELECT id FROM sbtest3 WHERE id BETWEEN 5119227 AND 5119327
	Index Only Scan using sbtest3_pkey on sbtest3  (cost=0.43..6.50 rows=103 width=4)
	  Index Cond: ((id >= 5119227) AND (id <= 5119327))

table 4 : explain SELECT id FROM sbtest4 WHERE id BETWEEN 5119227 AND 5119327
	Index Only Scan using sbtest4_pkey on sbtest4  (cost=0.43..6.50 rows=103 width=4)
	  Index Cond: ((id >= 5119227) AND (id <= 5119327))

table 5 : explain SELECT id FROM sbtest5 WHERE id BETWEEN 5119227 AND 5119327
	Index Only Scan using sbtest5_pkey on sbtest5  (cost=0.43..6.51 rows=104 width=4)
	  Index Cond: ((id >= 5119227) AND (id <= 5119327))

table 6 : explain SELECT id FROM sbtest6 WHERE id BETWEEN 5119227 AND 5119327
	Index Only Scan using sbtest6_pkey on sbtest6  (cost=0.43..6.40 rows=98 width=4)
	  Index Cond: ((id >= 5119227) AND (id <= 5119327))

table 7 : explain SELECT id FROM sbtest7 WHERE id BETWEEN 5119227 AND 5119327
	Index Only Scan using sbtest7_pkey on sbtest7  (cost=0.43..6.29 rows=93 width=4)
	  Index Cond: ((id >= 5119227) AND (id <= 5119327))

table 8 : explain SELECT id FROM sbtest8 WHERE id BETWEEN 5119227 AND 5119327
	Index Only Scan using sbtest8_pkey on sbtest8  (cost=0.43..6.56 rows=106 width=4)
	  Index Cond: ((id >= 5119227) AND (id <= 5119327))

for range-covered
table 1 : explain SELECT id FROM sbtest1 WHERE id BETWEEN 6978234 AND 6978334
	Index Only Scan using sbtest1_pkey on sbtest1  (cost=0.43..6.50 rows=103 width=4)
	  Index Cond: ((id >= 6978234) AND (id <= 6978334))

table 2 : explain SELECT id FROM sbtest2 WHERE id BETWEEN 6978234 AND 6978334
	Index Only Scan using sbtest2_pkey on sbtest2  (cost=0.43..6.45 rows=101 width=4)
	  Index Cond: ((id >= 6978234) AND (id <= 6978334))

table 3 : explain SELECT id FROM sbtest3 WHERE id BETWEEN 6978234 AND 6978334
	Index Only Scan using sbtest3_pkey on sbtest3  (cost=0.43..6.35 rows=96 width=4)
	  Index Cond: ((id >= 6978234) AND (id <= 6978334))

table 4 : explain SELECT id FROM sbtest4 WHERE id BETWEEN 6978234 AND 6978334
	Index Only Scan using sbtest4_pkey on sbtest4  (cost=0.43..6.53 rows=105 width=4)
	  Index Cond: ((id >= 6978234) AND (id <= 6978334))

table 5 : explain SELECT id FROM sbtest5 WHERE id BETWEEN 6978234 AND 6978334
	Index Only Scan using sbtest5_pkey on sbtest5  (cost=0.43..6.74 rows=115 width=4)
	  Index Cond: ((id >= 6978234) AND (id <= 6978334))

table 6 : explain SELECT id FROM sbtest6 WHERE id BETWEEN 6978234 AND 6978334
	Index Only Scan using sbtest6_pkey on sbtest6  (cost=0.43..6.51 rows=104 width=4)
	  Index Cond: ((id >= 6978234) AND (id <= 6978334))

table 7 : explain SELECT id FROM sbtest7 WHERE id BETWEEN 6978234 AND 6978334
	Index Only Scan using sbtest7_pkey on sbtest7  (cost=0.43..6.40 rows=98 width=4)
	  Index Cond: ((id >= 6978234) AND (id <= 6978334))

table 8 : explain SELECT id FROM sbtest8 WHERE id BETWEEN 6978234 AND 6978334
	Index Only Scan using sbtest8_pkey on sbtest8  (cost=0.43..6.27 rows=92 width=4)
	  Index Cond: ((id >= 6978234) AND (id <= 6978334))

explain: for range-covered :: explain SELECT id FROM sbtest%d WHERE id BETWEEN 5119227 AND 5119327
explain: for range-covered :: explain SELECT id FROM sbtest%d WHERE id BETWEEN 6978234 AND 6978334
for range-covered
table 1 : explain SELECT id FROM sbtest1 WHERE id BETWEEN 6256336 AND 6256436
	Index Only Scan using sbtest1_pkey on sbtest1  (cost=0.43..6.40 rows=98 width=4)
	  Index Cond: ((id >= 6256336) AND (id <= 6256436))

table 2 : explain SELECT id FROM sbtest2 WHERE id BETWEEN 6256336 AND 6256436
	Index Only Scan using sbtest2_pkey on sbtest2  (cost=0.43..6.45 rows=101 width=4)
	  Index Cond: ((id >= 6256336) AND (id <= 6256436))

table 3 : explain SELECT id FROM sbtest3 WHERE id BETWEEN 6256336 AND 6256436
	Index Only Scan using sbtest3_pkey on sbtest3  (cost=0.43..6.35 rows=96 width=4)
	  Index Cond: ((id >= 6256336) AND (id <= 6256436))

table 4 : explain SELECT id FROM sbtest4 WHERE id BETWEEN 6256336 AND 6256436
	Index Only Scan using sbtest4_pkey on sbtest4  (cost=0.43..6.51 rows=104 width=4)
	  Index Cond: ((id >= 6256336) AND (id <= 6256436))

table 5 : explain SELECT id FROM sbtest5 WHERE id BETWEEN 6256336 AND 6256436
	Index Only Scan using sbtest5_pkey on sbtest5  (cost=0.43..6.25 rows=91 width=4)
	  Index Cond: ((id >= 6256336) AND (id <= 6256436))

table 6 : explain SELECT id FROM sbtest6 WHERE id BETWEEN 6256336 AND 6256436
	Index Only Scan using sbtest6_pkey on sbtest6  (cost=0.43..6.37 rows=97 width=4)
	  Index Cond: ((id >= 6256336) AND (id <= 6256436))

table 7 : explain SELECT id FROM sbtest7 WHERE id BETWEEN 6256336 AND 6256436
	Index Only Scan using sbtest7_pkey on sbtest7  (cost=0.43..6.45 rows=101 width=4)
	  Index Cond: ((id >= 6256336) AND (id <= 6256436))

table 8 : explain SELECT id FROM sbtest8 WHERE id BETWEEN 6256336 AND 6256436
	Index Only Scan using sbtest8_pkey on sbtest8  (cost=0.43..6.33 rows=95 width=4)
	  Index Cond: ((id >= 6256336) AND (id <= 6256436))

for range-covered
table 1 : explain SELECT id FROM sbtest1 WHERE id BETWEEN 2815873 AND 2815973
	Index Only Scan using sbtest1_pkey on sbtest1  (cost=0.43..6.32 rows=94 width=4)
	  Index Cond: ((id >= 2815873) AND (id <= 2815973))

table 2 : explain SELECT id FROM sbtest2 WHERE id BETWEEN 2815873 AND 2815973
	Index Only Scan using sbtest2_pkey on sbtest2  (cost=0.43..6.29 rows=93 width=4)
	  Index Cond: ((id >= 2815873) AND (id <= 2815973))

table 3 : explain SELECT id FROM sbtest3 WHERE id BETWEEN 2815873 AND 2815973
	Index Only Scan using sbtest3_pkey on sbtest3  (cost=0.43..6.56 rows=106 width=4)
	  Index Cond: ((id >= 2815873) AND (id <= 2815973))

table 4 : explain SELECT id FROM sbtest4 WHERE id BETWEEN 2815873 AND 2815973
	Index Only Scan using sbtest4_pkey on sbtest4  (cost=0.43..6.47 rows=102 width=4)
	  Index Cond: ((id >= 2815873) AND (id <= 2815973))

table 5 : explain SELECT id FROM sbtest5 WHERE id BETWEEN 2815873 AND 2815973
	Index Only Scan using sbtest5_pkey on sbtest5  (cost=0.43..6.29 rows=93 width=4)
	  Index Cond: ((id >= 2815873) AND (id <= 2815973))

table 6 : explain SELECT id FROM sbtest6 WHERE id BETWEEN 2815873 AND 2815973
	Index Only Scan using sbtest6_pkey on sbtest6  (cost=0.43..6.47 rows=102 width=4)
	  Index Cond: ((id >= 2815873) AND (id <= 2815973))

table 7 : explain SELECT id FROM sbtest7 WHERE id BETWEEN 2815873 AND 2815973
	Index Only Scan using sbtest7_pkey on sbtest7  (cost=0.43..6.53 rows=105 width=4)
	  Index Cond: ((id >= 2815873) AND (id <= 2815973))

table 8 : explain SELECT id FROM sbtest8 WHERE id BETWEEN 2815873 AND 2815973
	Index Only Scan using sbtest8_pkey on sbtest8  (cost=0.43..6.19 rows=88 width=4)
	  Index Cond: ((id >= 2815873) AND (id <= 2815973))

for range-covered
table 1 : explain SELECT id FROM sbtest1 WHERE id BETWEEN 6978234 AND 6978334
	Index Only Scan using sbtest1_pkey on sbtest1  (cost=0.43..6.50 rows=103 width=4)
	  Index Cond: ((id >= 6978234) AND (id <= 6978334))

table 2 : explain SELECT id FROM sbtest2 WHERE id BETWEEN 6978234 AND 6978334
	Index Only Scan using sbtest2_pkey on sbtest2  (cost=0.43..6.45 rows=101 width=4)
	  Index Cond: ((id >= 6978234) AND (id <= 6978334))

table 3 : explain SELECT id FROM sbtest3 WHERE id BETWEEN 6978234 AND 6978334
	Index Only Scan using sbtest3_pkey on sbtest3  (cost=0.43..6.35 rows=96 width=4)
	  Index Cond: ((id >= 6978234) AND (id <= 6978334))

table 4 : explain SELECT id FROM sbtest4 WHERE id BETWEEN 6978234 AND 6978334
	Index Only Scan using sbtest4_pkey on sbtest4  (cost=0.43..6.53 rows=105 width=4)
	  Index Cond: ((id >= 6978234) AND (id <= 6978334))

table 5 : explain SELECT id FROM sbtest5 WHERE id BETWEEN 6978234 AND 6978334
	Index Only Scan using sbtest5_pkey on sbtest5  (cost=0.43..6.74 rows=115 width=4)
	  Index Cond: ((id >= 6978234) AND (id <= 6978334))

table 6 : explain SELECT id FROM sbtest6 WHERE id BETWEEN 6978234 AND 6978334
	Index Only Scan using sbtest6_pkey on sbtest6  (cost=0.43..6.51 rows=104 width=4)
	  Index Cond: ((id >= 6978234) AND (id <= 6978334))

table 7 : explain SELECT id FROM sbtest7 WHERE id BETWEEN 6978234 AND 6978334
	Index Only Scan using sbtest7_pkey on sbtest7  (cost=0.43..6.40 rows=98 width=4)
	  Index Cond: ((id >= 6978234) AND (id <= 6978334))

table 8 : explain SELECT id FROM sbtest8 WHERE id BETWEEN 6978234 AND 6978334
	Index Only Scan using sbtest8_pkey on sbtest8  (cost=0.43..6.27 rows=92 width=4)
	  Index Cond: ((id >= 6978234) AND (id <= 6978334))

explain: for range-covered :: explain SELECT id FROM sbtest%d WHERE id BETWEEN 6978234 AND 6978334
for range-covered
table 1 : explain SELECT id FROM sbtest1 WHERE id BETWEEN 5119227 AND 5119327
	Index Only Scan using sbtest1_pkey on sbtest1  (cost=0.43..6.63 rows=110 width=4)
	  Index Cond: ((id >= 5119227) AND (id <= 5119327))

table 2 : explain SELECT id FROM sbtest2 WHERE id BETWEEN 5119227 AND 5119327
	Index Only Scan using sbtest2_pkey on sbtest2  (cost=0.43..6.51 rows=104 width=4)
	  Index Cond: ((id >= 5119227) AND (id <= 5119327))

table 3 : explain SELECT id FROM sbtest3 WHERE id BETWEEN 5119227 AND 5119327
	Index Only Scan using sbtest3_pkey on sbtest3  (cost=0.43..6.50 rows=103 width=4)
	  Index Cond: ((id >= 5119227) AND (id <= 5119327))

table 4 : explain SELECT id FROM sbtest4 WHERE id BETWEEN 5119227 AND 5119327
	Index Only Scan using sbtest4_pkey on sbtest4  (cost=0.43..6.50 rows=103 width=4)
	  Index Cond: ((id >= 5119227) AND (id <= 5119327))

table 5 : explain SELECT id FROM sbtest5 WHERE id BETWEEN 5119227 AND 5119327
	Index Only Scan using sbtest5_pkey on sbtest5  (cost=0.43..6.51 rows=104 width=4)
	  Index Cond: ((id >= 5119227) AND (id <= 5119327))

table 6 : explain SELECT id FROM sbtest6 WHERE id BETWEEN 5119227 AND 5119327
	Index Only Scan using sbtest6_pkey on sbtest6  (cost=0.43..6.40 rows=98 width=4)
	  Index Cond: ((id >= 5119227) AND (id <= 5119327))

table 7 : explain SELECT id FROM sbtest7 WHERE id BETWEEN 5119227 AND 5119327
	Index Only Scan using sbtest7_pkey on sbtest7  (cost=0.43..6.29 rows=93 width=4)
	  Index Cond: ((id >= 5119227) AND (id <= 5119327))

table 8 : explain SELECT id FROM sbtest8 WHERE id BETWEEN 5119227 AND 5119327
	Index Only Scan using sbtest8_pkey on sbtest8  (cost=0.43..6.56 rows=106 width=4)
	  Index Cond: ((id >= 5119227) AND (id <= 5119327))

explain: for range-covered :: explain SELECT id FROM sbtest%d WHERE id BETWEEN 2815873 AND 2815973
for range-covered
table 1 : explain SELECT id FROM sbtest1 WHERE id BETWEEN 6978234 AND 6978334
	Index Only Scan using sbtest1_pkey on sbtest1  (cost=0.43..6.50 rows=103 width=4)
	  Index Cond: ((id >= 6978234) AND (id <= 6978334))

table 2 : explain SELECT id FROM sbtest2 WHERE id BETWEEN 6978234 AND 6978334
	Index Only Scan using sbtest2_pkey on sbtest2  (cost=0.43..6.45 rows=101 width=4)
	  Index Cond: ((id >= 6978234) AND (id <= 6978334))

table 3 : explain SELECT id FROM sbtest3 WHERE id BETWEEN 6978234 AND 6978334
	Index Only Scan using sbtest3_pkey on sbtest3  (cost=0.43..6.35 rows=96 width=4)
	  Index Cond: ((id >= 6978234) AND (id <= 6978334))

table 4 : explain SELECT id FROM sbtest4 WHERE id BETWEEN 6978234 AND 6978334
	Index Only Scan using sbtest4_pkey on sbtest4  (cost=0.43..6.53 rows=105 width=4)
	  Index Cond: ((id >= 6978234) AND (id <= 6978334))

table 5 : explain SELECT id FROM sbtest5 WHERE id BETWEEN 6978234 AND 6978334
	Index Only Scan using sbtest5_pkey on sbtest5  (cost=0.43..6.74 rows=115 width=4)
	  Index Cond: ((id >= 6978234) AND (id <= 6978334))

table 6 : explain SELECT id FROM sbtest6 WHERE id BETWEEN 6978234 AND 6978334
	Index Only Scan using sbtest6_pkey on sbtest6  (cost=0.43..6.51 rows=104 width=4)
	  Index Cond: ((id >= 6978234) AND (id <= 6978334))

table 7 : explain SELECT id FROM sbtest7 WHERE id BETWEEN 6978234 AND 6978334
	Index Only Scan using sbtest7_pkey on sbtest7  (cost=0.43..6.40 rows=98 width=4)
	  Index Cond: ((id >= 6978234) AND (id <= 6978334))

table 8 : explain SELECT id FROM sbtest8 WHERE id BETWEEN 6978234 AND 6978334
	Index Only Scan using sbtest8_pkey on sbtest8  (cost=0.43..6.27 rows=92 width=4)
	  Index Cond: ((id >= 6978234) AND (id <= 6978334))

explain: for range-covered :: explain SELECT id FROM sbtest%d WHERE id BETWEEN 6978234 AND 6978334
for range-covered
table 1 : explain SELECT id FROM sbtest1 WHERE id BETWEEN 2815873 AND 2815973
	Index Only Scan using sbtest1_pkey on sbtest1  (cost=0.43..6.32 rows=94 width=4)
	  Index Cond: ((id >= 2815873) AND (id <= 2815973))

table 2 : explain SELECT id FROM sbtest2 WHERE id BETWEEN 2815873 AND 2815973
	Index Only Scan using sbtest2_pkey on sbtest2  (cost=0.43..6.29 rows=93 width=4)
	  Index Cond: ((id >= 2815873) AND (id <= 2815973))

table 3 : explain SELECT id FROM sbtest3 WHERE id BETWEEN 2815873 AND 2815973
	Index Only Scan using sbtest3_pkey on sbtest3  (cost=0.43..6.56 rows=106 width=4)
	  Index Cond: ((id >= 2815873) AND (id <= 2815973))

table 4 : explain SELECT id FROM sbtest4 WHERE id BETWEEN 2815873 AND 2815973
	Index Only Scan using sbtest4_pkey on sbtest4  (cost=0.43..6.47 rows=102 width=4)
	  Index Cond: ((id >= 2815873) AND (id <= 2815973))

table 5 : explain SELECT id FROM sbtest5 WHERE id BETWEEN 2815873 AND 2815973
	Index Only Scan using sbtest5_pkey on sbtest5  (cost=0.43..6.29 rows=93 width=4)
	  Index Cond: ((id >= 2815873) AND (id <= 2815973))

table 6 : explain SELECT id FROM sbtest6 WHERE id BETWEEN 2815873 AND 2815973
	Index Only Scan using sbtest6_pkey on sbtest6  (cost=0.43..6.47 rows=102 width=4)
	  Index Cond: ((id >= 2815873) AND (id <= 2815973))

table 7 : explain SELECT id FROM sbtest7 WHERE id BETWEEN 2815873 AND 2815973
	Index Only Scan using sbtest7_pkey on sbtest7  (cost=0.43..6.53 rows=105 width=4)
	  Index Cond: ((id >= 2815873) AND (id <= 2815973))

table 8 : explain SELECT id FROM sbtest8 WHERE id BETWEEN 2815873 AND 2815973
	Index Only Scan using sbtest8_pkey on sbtest8  (cost=0.43..6.19 rows=88 width=4)
	  Index Cond: ((id >= 2815873) AND (id <= 2815973))

for range-covered
table 1 : explain SELECT id FROM sbtest1 WHERE id BETWEEN 6978234 AND 6978334
	Index Only Scan using sbtest1_pkey on sbtest1  (cost=0.43..6.50 rows=103 width=4)
	  Index Cond: ((id >= 6978234) AND (id <= 6978334))

table 2 : explain SELECT id FROM sbtest2 WHERE id BETWEEN 6978234 AND 6978334
	Index Only Scan using sbtest2_pkey on sbtest2  (cost=0.43..6.45 rows=101 width=4)
	  Index Cond: ((id >= 6978234) AND (id <= 6978334))

table 3 : explain SELECT id FROM sbtest3 WHERE id BETWEEN 6978234 AND 6978334
	Index Only Scan using sbtest3_pkey on sbtest3  (cost=0.43..6.35 rows=96 width=4)
	  Index Cond: ((id >= 6978234) AND (id <= 6978334))

table 4 : explain SELECT id FROM sbtest4 WHERE id BETWEEN 6978234 AND 6978334
	Index Only Scan using sbtest4_pkey on sbtest4  (cost=0.43..6.53 rows=105 width=4)
	  Index Cond: ((id >= 6978234) AND (id <= 6978334))

table 5 : explain SELECT id FROM sbtest5 WHERE id BETWEEN 6978234 AND 6978334
	Index Only Scan using sbtest5_pkey on sbtest5  (cost=0.43..6.74 rows=115 width=4)
	  Index Cond: ((id >= 6978234) AND (id <= 6978334))

table 6 : explain SELECT id FROM sbtest6 WHERE id BETWEEN 6978234 AND 6978334
	Index Only Scan using sbtest6_pkey on sbtest6  (cost=0.43..6.51 rows=104 width=4)
	  Index Cond: ((id >= 6978234) AND (id <= 6978334))

table 7 : explain SELECT id FROM sbtest7 WHERE id BETWEEN 6978234 AND 6978334
	Index Only Scan using sbtest7_pkey on sbtest7  (cost=0.43..6.40 rows=98 width=4)
	  Index Cond: ((id >= 6978234) AND (id <= 6978334))

table 8 : explain SELECT id FROM sbtest8 WHERE id BETWEEN 6978234 AND 6978334
	Index Only Scan using sbtest8_pkey on sbtest8  (cost=0.43..6.27 rows=92 width=4)
	  Index Cond: ((id >= 6978234) AND (id <= 6978334))

explain: for range-covered :: explain SELECT id FROM sbtest%d WHERE id BETWEEN 2815873 AND 2815973
for range-covered
table 1 : explain SELECT id FROM sbtest1 WHERE id BETWEEN 2815873 AND 2815973
	Index Only Scan using sbtest1_pkey on sbtest1  (cost=0.43..6.32 rows=94 width=4)
	  Index Cond: ((id >= 2815873) AND (id <= 2815973))

table 2 : explain SELECT id FROM sbtest2 WHERE id BETWEEN 2815873 AND 2815973
	Index Only Scan using sbtest2_pkey on sbtest2  (cost=0.43..6.29 rows=93 width=4)
	  Index Cond: ((id >= 2815873) AND (id <= 2815973))

table 3 : explain SELECT id FROM sbtest3 WHERE id BETWEEN 2815873 AND 2815973
	Index Only Scan using sbtest3_pkey on sbtest3  (cost=0.43..6.56 rows=106 width=4)
	  Index Cond: ((id >= 2815873) AND (id <= 2815973))

table 4 : explain SELECT id FROM sbtest4 WHERE id BETWEEN 2815873 AND 2815973
	Index Only Scan using sbtest4_pkey on sbtest4  (cost=0.43..6.47 rows=102 width=4)
	  Index Cond: ((id >= 2815873) AND (id <= 2815973))

table 5 : explain SELECT id FROM sbtest5 WHERE id BETWEEN 2815873 AND 2815973
	Index Only Scan using sbtest5_pkey on sbtest5  (cost=0.43..6.29 rows=93 width=4)
	  Index Cond: ((id >= 2815873) AND (id <= 2815973))

table 6 : explain SELECT id FROM sbtest6 WHERE id BETWEEN 2815873 AND 2815973
	Index Only Scan using sbtest6_pkey on sbtest6  (cost=0.43..6.47 rows=102 width=4)
	  Index Cond: ((id >= 2815873) AND (id <= 2815973))

table 7 : explain SELECT id FROM sbtest7 WHERE id BETWEEN 2815873 AND 2815973
	Index Only Scan using sbtest7_pkey on sbtest7  (cost=0.43..6.53 rows=105 width=4)
	  Index Cond: ((id >= 2815873) AND (id <= 2815973))

table 8 : explain SELECT id FROM sbtest8 WHERE id BETWEEN 2815873 AND 2815973
	Index Only Scan using sbtest8_pkey on sbtest8  (cost=0.43..6.19 rows=88 width=4)
	  Index Cond: ((id >= 2815873) AND (id <= 2815973))

for range-covered
table 1 : explain SELECT id FROM sbtest1 WHERE id BETWEEN 7145676 AND 7145776
	Index Only Scan using sbtest1_pkey on sbtest1  (cost=0.43..6.53 rows=105 width=4)
	  Index Cond: ((id >= 7145676) AND (id <= 7145776))

table 2 : explain SELECT id FROM sbtest2 WHERE id BETWEEN 7145676 AND 7145776
	Index Only Scan using sbtest2_pkey on sbtest2  (cost=0.43..6.67 rows=112 width=4)
	  Index Cond: ((id >= 7145676) AND (id <= 7145776))

table 3 : explain SELECT id FROM sbtest3 WHERE id BETWEEN 7145676 AND 7145776
	Index Only Scan using sbtest3_pkey on sbtest3  (cost=0.43..6.47 rows=102 width=4)
	  Index Cond: ((id >= 7145676) AND (id <= 7145776))

table 4 : explain SELECT id FROM sbtest4 WHERE id BETWEEN 7145676 AND 7145776
	Index Only Scan using sbtest4_pkey on sbtest4  (cost=0.43..6.50 rows=103 width=4)
	  Index Cond: ((id >= 7145676) AND (id <= 7145776))

table 5 : explain SELECT id FROM sbtest5 WHERE id BETWEEN 7145676 AND 7145776
	Index Only Scan using sbtest5_pkey on sbtest5  (cost=0.43..6.33 rows=95 width=4)
	  Index Cond: ((id >= 7145676) AND (id <= 7145776))

table 6 : explain SELECT id FROM sbtest6 WHERE id BETWEEN 7145676 AND 7145776
	Index Only Scan using sbtest6_pkey on sbtest6  (cost=0.43..6.50 rows=103 width=4)
	  Index Cond: ((id >= 7145676) AND (id <= 7145776))

table 7 : explain SELECT id FROM sbtest7 WHERE id BETWEEN 7145676 AND 7145776
	Index Only Scan using sbtest7_pkey on sbtest7  (cost=0.43..6.67 rows=112 width=4)
	  Index Cond: ((id >= 7145676) AND (id <= 7145776))

table 8 : explain SELECT id FROM sbtest8 WHERE id BETWEEN 7145676 AND 7145776
	Index Only Scan using sbtest8_pkey on sbtest8  (cost=0.43..6.63 rows=110 width=4)
	  Index Cond: ((id >= 7145676) AND (id <= 7145776))

explain: for range-covered :: explain SELECT id FROM sbtest%d WHERE id BETWEEN 7145676 AND 7145776
for range-covered
table 1 : explain SELECT id FROM sbtest1 WHERE id BETWEEN 7145676 AND 7145776
	Index Only Scan using sbtest1_pkey on sbtest1  (cost=0.43..6.53 rows=105 width=4)
	  Index Cond: ((id >= 7145676) AND (id <= 7145776))

table 2 : explain SELECT id FROM sbtest2 WHERE id BETWEEN 7145676 AND 7145776
	Index Only Scan using sbtest2_pkey on sbtest2  (cost=0.43..6.67 rows=112 width=4)
	  Index Cond: ((id >= 7145676) AND (id <= 7145776))

table 3 : explain SELECT id FROM sbtest3 WHERE id BETWEEN 7145676 AND 7145776
	Index Only Scan using sbtest3_pkey on sbtest3  (cost=0.43..6.47 rows=102 width=4)
	  Index Cond: ((id >= 7145676) AND (id <= 7145776))

table 4 : explain SELECT id FROM sbtest4 WHERE id BETWEEN 7145676 AND 7145776
	Index Only Scan using sbtest4_pkey on sbtest4  (cost=0.43..6.50 rows=103 width=4)
	  Index Cond: ((id >= 7145676) AND (id <= 7145776))

table 5 : explain SELECT id FROM sbtest5 WHERE id BETWEEN 7145676 AND 7145776
	Index Only Scan using sbtest5_pkey on sbtest5  (cost=0.43..6.33 rows=95 width=4)
	  Index Cond: ((id >= 7145676) AND (id <= 7145776))

table 6 : explain SELECT id FROM sbtest6 WHERE id BETWEEN 7145676 AND 7145776
	Index Only Scan using sbtest6_pkey on sbtest6  (cost=0.43..6.50 rows=103 width=4)
	  Index Cond: ((id >= 7145676) AND (id <= 7145776))

table 7 : explain SELECT id FROM sbtest7 WHERE id BETWEEN 7145676 AND 7145776
	Index Only Scan using sbtest7_pkey on sbtest7  (cost=0.43..6.67 rows=112 width=4)
	  Index Cond: ((id >= 7145676) AND (id <= 7145776))

table 8 : explain SELECT id FROM sbtest8 WHERE id BETWEEN 7145676 AND 7145776
	Index Only Scan using sbtest8_pkey on sbtest8  (cost=0.43..6.63 rows=110 width=4)
	  Index Cond: ((id >= 7145676) AND (id <= 7145776))

explain: for range-covered :: explain SELECT id FROM sbtest%d WHERE id BETWEEN 7145676 AND 7145776
for range-covered
table 1 : explain SELECT id FROM sbtest1 WHERE id BETWEEN 7145676 AND 7145776
	Index Only Scan using sbtest1_pkey on sbtest1  (cost=0.43..6.53 rows=105 width=4)
	  Index Cond: ((id >= 7145676) AND (id <= 7145776))

table 2 : explain SELECT id FROM sbtest2 WHERE id BETWEEN 7145676 AND 7145776
	Index Only Scan using sbtest2_pkey on sbtest2  (cost=0.43..6.67 rows=112 width=4)
	  Index Cond: ((id >= 7145676) AND (id <= 7145776))

table 3 : explain SELECT id FROM sbtest3 WHERE id BETWEEN 7145676 AND 7145776
	Index Only Scan using sbtest3_pkey on sbtest3  (cost=0.43..6.47 rows=102 width=4)
	  Index Cond: ((id >= 7145676) AND (id <= 7145776))

table 4 : explain SELECT id FROM sbtest4 WHERE id BETWEEN 7145676 AND 7145776
	Index Only Scan using sbtest4_pkey on sbtest4  (cost=0.43..6.50 rows=103 width=4)
	  Index Cond: ((id >= 7145676) AND (id <= 7145776))

table 5 : explain SELECT id FROM sbtest5 WHERE id BETWEEN 7145676 AND 7145776
	Index Only Scan using sbtest5_pkey on sbtest5  (cost=0.43..6.33 rows=95 width=4)
	  Index Cond: ((id >= 7145676) AND (id <= 7145776))

table 6 : explain SELECT id FROM sbtest6 WHERE id BETWEEN 7145676 AND 7145776
	Index Only Scan using sbtest6_pkey on sbtest6  (cost=0.43..6.50 rows=103 width=4)
	  Index Cond: ((id >= 7145676) AND (id <= 7145776))

table 7 : explain SELECT id FROM sbtest7 WHERE id BETWEEN 7145676 AND 7145776
	Index Only Scan using sbtest7_pkey on sbtest7  (cost=0.43..6.67 rows=112 width=4)
	  Index Cond: ((id >= 7145676) AND (id <= 7145776))

table 8 : explain SELECT id FROM sbtest8 WHERE id BETWEEN 7145676 AND 7145776
	Index Only Scan using sbtest8_pkey on sbtest8  (cost=0.43..6.63 rows=110 width=4)
	  Index Cond: ((id >= 7145676) AND (id <= 7145776))

explain: for range-covered :: explain SELECT id FROM sbtest%d WHERE id BETWEEN 7145676 AND 7145776
for range-covered
table 1 : explain SELECT id FROM sbtest1 WHERE id BETWEEN 7145676 AND 7145776
	Index Only Scan using sbtest1_pkey on sbtest1  (cost=0.43..6.53 rows=105 width=4)
	  Index Cond: ((id >= 7145676) AND (id <= 7145776))

table 2 : explain SELECT id FROM sbtest2 WHERE id BETWEEN 7145676 AND 7145776
	Index Only Scan using sbtest2_pkey on sbtest2  (cost=0.43..6.67 rows=112 width=4)
	  Index Cond: ((id >= 7145676) AND (id <= 7145776))

table 3 : explain SELECT id FROM sbtest3 WHERE id BETWEEN 7145676 AND 7145776
	Index Only Scan using sbtest3_pkey on sbtest3  (cost=0.43..6.47 rows=102 width=4)
	  Index Cond: ((id >= 7145676) AND (id <= 7145776))

table 4 : explain SELECT id FROM sbtest4 WHERE id BETWEEN 7145676 AND 7145776
	Index Only Scan using sbtest4_pkey on sbtest4  (cost=0.43..6.50 rows=103 width=4)
	  Index Cond: ((id >= 7145676) AND (id <= 7145776))

table 5 : explain SELECT id FROM sbtest5 WHERE id BETWEEN 7145676 AND 7145776
	Index Only Scan using sbtest5_pkey on sbtest5  (cost=0.43..6.33 rows=95 width=4)
	  Index Cond: ((id >= 7145676) AND (id <= 7145776))

table 6 : explain SELECT id FROM sbtest6 WHERE id BETWEEN 7145676 AND 7145776
	Index Only Scan using sbtest6_pkey on sbtest6  (cost=0.43..6.50 rows=103 width=4)
	  Index Cond: ((id >= 7145676) AND (id <= 7145776))

table 7 : explain SELECT id FROM sbtest7 WHERE id BETWEEN 7145676 AND 7145776
	Index Only Scan using sbtest7_pkey on sbtest7  (cost=0.43..6.67 rows=112 width=4)
	  Index Cond: ((id >= 7145676) AND (id <= 7145776))

table 8 : explain SELECT id FROM sbtest8 WHERE id BETWEEN 7145676 AND 7145776
	Index Only Scan using sbtest8_pkey on sbtest8  (cost=0.43..6.63 rows=110 width=4)
	  Index Cond: ((id >= 7145676) AND (id <= 7145776))

explain: for range-covered :: explain SELECT id FROM sbtest%d WHERE id BETWEEN 7145676 AND 7145776
for range-covered
table 1 : explain SELECT id FROM sbtest1 WHERE id BETWEEN 7145676 AND 7145776
	Index Only Scan using sbtest1_pkey on sbtest1  (cost=0.43..6.53 rows=105 width=4)
	  Index Cond: ((id >= 7145676) AND (id <= 7145776))

table 2 : explain SELECT id FROM sbtest2 WHERE id BETWEEN 7145676 AND 7145776
	Index Only Scan using sbtest2_pkey on sbtest2  (cost=0.43..6.67 rows=112 width=4)
	  Index Cond: ((id >= 7145676) AND (id <= 7145776))

table 3 : explain SELECT id FROM sbtest3 WHERE id BETWEEN 7145676 AND 7145776
	Index Only Scan using sbtest3_pkey on sbtest3  (cost=0.43..6.47 rows=102 width=4)
	  Index Cond: ((id >= 7145676) AND (id <= 7145776))

table 4 : explain SELECT id FROM sbtest4 WHERE id BETWEEN 7145676 AND 7145776
	Index Only Scan using sbtest4_pkey on sbtest4  (cost=0.43..6.50 rows=103 width=4)
	  Index Cond: ((id >= 7145676) AND (id <= 7145776))

table 5 : explain SELECT id FROM sbtest5 WHERE id BETWEEN 7145676 AND 7145776
	Index Only Scan using sbtest5_pkey on sbtest5  (cost=0.43..6.33 rows=95 width=4)
	  Index Cond: ((id >= 7145676) AND (id <= 7145776))

table 6 : explain SELECT id FROM sbtest6 WHERE id BETWEEN 7145676 AND 7145776
	Index Only Scan using sbtest6_pkey on sbtest6  (cost=0.43..6.50 rows=103 width=4)
	  Index Cond: ((id >= 7145676) AND (id <= 7145776))

table 7 : explain SELECT id FROM sbtest7 WHERE id BETWEEN 7145676 AND 7145776
	Index Only Scan using sbtest7_pkey on sbtest7  (cost=0.43..6.67 rows=112 width=4)
	  Index Cond: ((id >= 7145676) AND (id <= 7145776))

table 8 : explain SELECT id FROM sbtest8 WHERE id BETWEEN 7145676 AND 7145776
	Index Only Scan using sbtest8_pkey on sbtest8  (cost=0.43..6.63 rows=110 width=4)
	  Index Cond: ((id >= 7145676) AND (id <= 7145776))

explain: for range-covered :: explain SELECT id FROM sbtest%d WHERE id BETWEEN 7145676 AND 7145776
for range-covered
table 1 : explain SELECT id FROM sbtest1 WHERE id BETWEEN 7145676 AND 7145776
	Index Only Scan using sbtest1_pkey on sbtest1  (cost=0.43..6.53 rows=105 width=4)
	  Index Cond: ((id >= 7145676) AND (id <= 7145776))

table 2 : explain SELECT id FROM sbtest2 WHERE id BETWEEN 7145676 AND 7145776
	Index Only Scan using sbtest2_pkey on sbtest2  (cost=0.43..6.67 rows=112 width=4)
	  Index Cond: ((id >= 7145676) AND (id <= 7145776))

table 3 : explain SELECT id FROM sbtest3 WHERE id BETWEEN 7145676 AND 7145776
	Index Only Scan using sbtest3_pkey on sbtest3  (cost=0.43..6.47 rows=102 width=4)
	  Index Cond: ((id >= 7145676) AND (id <= 7145776))

table 4 : explain SELECT id FROM sbtest4 WHERE id BETWEEN 7145676 AND 7145776
	Index Only Scan using sbtest4_pkey on sbtest4  (cost=0.43..6.50 rows=103 width=4)
	  Index Cond: ((id >= 7145676) AND (id <= 7145776))

table 5 : explain SELECT id FROM sbtest5 WHERE id BETWEEN 7145676 AND 7145776
	Index Only Scan using sbtest5_pkey on sbtest5  (cost=0.43..6.33 rows=95 width=4)
	  Index Cond: ((id >= 7145676) AND (id <= 7145776))

table 6 : explain SELECT id FROM sbtest6 WHERE id BETWEEN 7145676 AND 7145776
	Index Only Scan using sbtest6_pkey on sbtest6  (cost=0.43..6.50 rows=103 width=4)
	  Index Cond: ((id >= 7145676) AND (id <= 7145776))

table 7 : explain SELECT id FROM sbtest7 WHERE id BETWEEN 7145676 AND 7145776
	Index Only Scan using sbtest7_pkey on sbtest7  (cost=0.43..6.67 rows=112 width=4)
	  Index Cond: ((id >= 7145676) AND (id <= 7145776))

table 8 : explain SELECT id FROM sbtest8 WHERE id BETWEEN 7145676 AND 7145776
	Index Only Scan using sbtest8_pkey on sbtest8  (cost=0.43..6.63 rows=110 width=4)
	  Index Cond: ((id >= 7145676) AND (id <= 7145776))

explain: for range-covered :: explain SELECT id FROM sbtest%d WHERE id BETWEEN 7145676 AND 7145776
for range-covered
table 1 : explain SELECT id FROM sbtest1 WHERE id BETWEEN 7145676 AND 7145776
	Index Only Scan using sbtest1_pkey on sbtest1  (cost=0.43..6.53 rows=105 width=4)
	  Index Cond: ((id >= 7145676) AND (id <= 7145776))

table 2 : explain SELECT id FROM sbtest2 WHERE id BETWEEN 7145676 AND 7145776
	Index Only Scan using sbtest2_pkey on sbtest2  (cost=0.43..6.67 rows=112 width=4)
	  Index Cond: ((id >= 7145676) AND (id <= 7145776))

table 3 : explain SELECT id FROM sbtest3 WHERE id BETWEEN 7145676 AND 7145776
	Index Only Scan using sbtest3_pkey on sbtest3  (cost=0.43..6.47 rows=102 width=4)
	  Index Cond: ((id >= 7145676) AND (id <= 7145776))

table 4 : explain SELECT id FROM sbtest4 WHERE id BETWEEN 7145676 AND 7145776
	Index Only Scan using sbtest4_pkey on sbtest4  (cost=0.43..6.50 rows=103 width=4)
	  Index Cond: ((id >= 7145676) AND (id <= 7145776))

table 5 : explain SELECT id FROM sbtest5 WHERE id BETWEEN 7145676 AND 7145776
	Index Only Scan using sbtest5_pkey on sbtest5  (cost=0.43..6.33 rows=95 width=4)
	  Index Cond: ((id >= 7145676) AND (id <= 7145776))

table 6 : explain SELECT id FROM sbtest6 WHERE id BETWEEN 7145676 AND 7145776
	Index Only Scan using sbtest6_pkey on sbtest6  (cost=0.43..6.50 rows=103 width=4)
	  Index Cond: ((id >= 7145676) AND (id <= 7145776))

table 7 : explain SELECT id FROM sbtest7 WHERE id BETWEEN 7145676 AND 7145776
	Index Only Scan using sbtest7_pkey on sbtest7  (cost=0.43..6.67 rows=112 width=4)
	  Index Cond: ((id >= 7145676) AND (id <= 7145776))

table 8 : explain SELECT id FROM sbtest8 WHERE id BETWEEN 7145676 AND 7145776
	Index Only Scan using sbtest8_pkey on sbtest8  (cost=0.43..6.63 rows=110 width=4)
	  Index Cond: ((id >= 7145676) AND (id <= 7145776))

explain: for range-covered :: explain SELECT id FROM sbtest%d WHERE id BETWEEN 7145676 AND 7145776
for range-covered
table 1 : explain SELECT id FROM sbtest1 WHERE id BETWEEN 7145676 AND 7145776
	Index Only Scan using sbtest1_pkey on sbtest1  (cost=0.43..6.53 rows=105 width=4)
	  Index Cond: ((id >= 7145676) AND (id <= 7145776))

table 2 : explain SELECT id FROM sbtest2 WHERE id BETWEEN 7145676 AND 7145776
	Index Only Scan using sbtest2_pkey on sbtest2  (cost=0.43..6.67 rows=112 width=4)
	  Index Cond: ((id >= 7145676) AND (id <= 7145776))

table 3 : explain SELECT id FROM sbtest3 WHERE id BETWEEN 7145676 AND 7145776
	Index Only Scan using sbtest3_pkey on sbtest3  (cost=0.43..6.47 rows=102 width=4)
	  Index Cond: ((id >= 7145676) AND (id <= 7145776))

table 4 : explain SELECT id FROM sbtest4 WHERE id BETWEEN 7145676 AND 7145776
	Index Only Scan using sbtest4_pkey on sbtest4  (cost=0.43..6.50 rows=103 width=4)
	  Index Cond: ((id >= 7145676) AND (id <= 7145776))

table 5 : explain SELECT id FROM sbtest5 WHERE id BETWEEN 7145676 AND 7145776
	Index Only Scan using sbtest5_pkey on sbtest5  (cost=0.43..6.33 rows=95 width=4)
	  Index Cond: ((id >= 7145676) AND (id <= 7145776))

table 6 : explain SELECT id FROM sbtest6 WHERE id BETWEEN 7145676 AND 7145776
	Index Only Scan using sbtest6_pkey on sbtest6  (cost=0.43..6.50 rows=103 width=4)
	  Index Cond: ((id >= 7145676) AND (id <= 7145776))

table 7 : explain SELECT id FROM sbtest7 WHERE id BETWEEN 7145676 AND 7145776
	Index Only Scan using sbtest7_pkey on sbtest7  (cost=0.43..6.67 rows=112 width=4)
	  Index Cond: ((id >= 7145676) AND (id <= 7145776))

table 8 : explain SELECT id FROM sbtest8 WHERE id BETWEEN 7145676 AND 7145776
	Index Only Scan using sbtest8_pkey on sbtest8  (cost=0.43..6.63 rows=110 width=4)
	  Index Cond: ((id >= 7145676) AND (id <= 7145776))

Threads started!

Warming up for 5 seconds...

SQL statistics:
    queries performed:
        read:                            260725643
        write:                           0
        other:                           0
        total:                           260725643
    transactions:                        260725643 (413846.19 per sec.)
    queries:                             260725643 (413846.19 per sec.)
    ignored errors:                      0      (0.00 per sec.)
    reconnects:                          0      (0.00 per sec.)

Throughput:
    events/s (eps):                      413846.1929
    time elapsed:                        630.0062s
    total number of events:              260725643

Latency (ms):
         min:                                    0.06
         avg:                                    0.10
         max:                                   12.12
         95th percentile:                        0.11
         sum:                             25122806.91

Threads fairness:
    events (avg/stddev):           6518135.0750/31972.62
    execution time (avg/stddev):   628.0702/0.04

