LUA_PATH=/home/mdcallag/git/mytools/bench/sysbench.lua/lua/?.lua /home/mdcallag/git/mytools/bench/sysbench.lua/lua/sysbench --db-driver=pgsql --range-size=1000 --table-size=10000000 --tables=8 --threads=40 --events=0 --warmup-time=5 --time=630 --pgsql_conn_id=true /home/mdcallag/git/mytools/bench/sysbench.lua/lua/oltp_read_only.lua run --pgsql-user=root --pgsql-password=pw --pgsql-host=127.0.0.1 --pgsql-db=ib --rand-type=uniform --simple-ranges=0 --sum-ranges=0 --order-ranges=1 --distinct-ranges=0
48 CPUs
sysbench 1.1.0-9072687 (using bundled LuaJIT 2.1.0-beta3)

Running the test with following options:
Number of threads: 40
Warmup time: 5s
Initializing random number generator from current time


Initializing worker threads...

explain: for point_selects :: explain SELECT c FROM sbtest%u WHERE id=%u
explain: for point_selects :: explain SELECT c FROM sbtest%u WHERE id=%u
explain: for point_selects :: explain SELECT c FROM sbtest%u WHERE id=%u
explain: for point_selects :: explain SELECT c FROM sbtest%u WHERE id=%u
for point_selects
table 1 : explain SELECT c FROM sbtest1 WHERE id=5167412
	Index Scan using sbtest1_pkey on sbtest1  (cost=0.43..8.45 rows=1 width=121)
	  Index Cond: (id = 5167412)

table 2 : explain SELECT c FROM sbtest2 WHERE id=6038878
	Index Scan using sbtest2_pkey on sbtest2  (cost=0.43..8.45 rows=1 width=121)
	  Index Cond: (id = 6038878)

table 3 : explain SELECT c FROM sbtest3 WHERE id=4729815
	Index Scan using sbtest3_pkey on sbtest3  (cost=0.43..8.45 rows=1 width=121)
	  Index Cond: (id = 4729815)

table 4 : explain SELECT c FROM sbtest4 WHERE id=6650481
	Index Scan using sbtest4_pkey on sbtest4  (cost=0.43..8.45 rows=1 width=121)
	  Index Cond: (id = 6650481)

table 5 : explain SELECT c FROM sbtest5 WHERE id=3837551
	Index Scan using sbtest5_pkey on sbtest5  (cost=0.43..8.45 rows=1 width=121)
	  Index Cond: (id = 3837551)

table 6 : explain SELECT c FROM sbtest6 WHERE id=8881910
	Index Scan using sbtest6_pkey on sbtest6  (cost=0.43..8.45 rows=1 width=121)
	  Index Cond: (id = 8881910)

table 7 : explain SELECT c FROM sbtest7 WHERE id=6625727
	Index Scan using sbtest7_pkey on sbtest7  (cost=0.43..8.45 rows=1 width=121)
	  Index Cond: (id = 6625727)

table 8 : explain SELECT c FROM sbtest8 WHERE id=3674656
	Index Scan using sbtest8_pkey on sbtest8  (cost=0.43..8.45 rows=1 width=121)
	  Index Cond: (id = 3674656)

explain: for point_selects :: explain SELECT c FROM sbtest%u WHERE id=%u
explain: for point_selects :: explain SELECT c FROM sbtest%u WHERE id=%u
for point_selects
table 1 : explain SELECT c FROM sbtest1 WHERE id=4173161
	Index Scan using sbtest1_pkey on sbtest1  (cost=0.43..8.45 rows=1 width=121)
	  Index Cond: (id = 4173161)

table 2 : explain SELECT c FROM sbtest2 WHERE id=2703541
	Index Scan using sbtest2_pkey on sbtest2  (cost=0.43..8.45 rows=1 width=121)
	  Index Cond: (id = 2703541)

table 3 : explain SELECT c FROM sbtest3 WHERE id=434369
	Index Scan using sbtest3_pkey on sbtest3  (cost=0.43..8.45 rows=1 width=121)
	  Index Cond: (id = 434369)

table 4 : explain SELECT c FROM sbtest4 WHERE id=3441979
	Index Scan using sbtest4_pkey on sbtest4  (cost=0.43..8.45 rows=1 width=121)
	  Index Cond: (id = 3441979)

table 5 : explain SELECT c FROM sbtest5 WHERE id=1354955
	Index Scan using sbtest5_pkey on sbtest5  (cost=0.43..8.45 rows=1 width=121)
	  Index Cond: (id = 1354955)

table 6 : explain SELECT c FROM sbtest6 WHERE id=9561566
	Index Scan using sbtest6_pkey on sbtest6  (cost=0.43..8.45 rows=1 width=121)
	  Index Cond: (id = 9561566)

table 7 : explain SELECT c FROM sbtest7 WHERE id=6692410
	Index Scan using sbtest7_pkey on sbtest7  (cost=0.43..8.45 rows=1 width=121)
	  Index Cond: (id = 6692410)

table 8 : explain SELECT c FROM sbtest8 WHERE id=8383169
	Index Scan using sbtest8_pkey on sbtest8  (cost=0.43..8.45 rows=1 width=121)
	  Index Cond: (id = 8383169)

for: simple_ranges
table 1 : explain SELECT c FROM sbtest1 WHERE id BETWEEN 1757880 AND 1758879
	Bitmap Heap Scan on sbtest1  (cost=35.79..4276.34 rows=1108 width=121)
	  Recheck Cond: ((id >= 1757880) AND (id <= 1758879))
	  ->  Bitmap Index Scan on sbtest1_pkey  (cost=0.00..35.52 rows=1108 width=0)
	        Index Cond: ((id >= 1757880) AND (id <= 1758879))

table 2 : explain SELECT c FROM sbtest2 WHERE id BETWEEN 2070612 AND 2071611
	Bitmap Heap Scan on sbtest2  (cost=34.38..3761.38 rows=970 width=121)
	  Recheck Cond: ((id >= 2070612) AND (id <= 2071611))
	  ->  Bitmap Index Scan on sbtest2_pkey  (cost=0.00..34.14 rows=970 width=0)
	        Index Cond: ((id >= 2070612) AND (id <= 2071611))

table 3 : explain SELECT c FROM sbtest3 WHERE id BETWEEN 13172 AND 14171
	Bitmap Heap Scan on sbtest3  (cost=35.47..4164.72 rows=1077 width=121)
	  Recheck Cond: ((id >= 13172) AND (id <= 14171))
	  ->  Bitmap Index Scan on sbtest3_pkey  (cost=0.00..35.20 rows=1077 width=0)
	        Index Cond: ((id >= 13172) AND (id <= 14171))

table 4 : explain SELECT c FROM sbtest4 WHERE id BETWEEN 507438 AND 508437
	Bitmap Heap Scan on sbtest4  (cost=34.45..3794.69 rows=977 width=121)
	  Recheck Cond: ((id >= 507438) AND (id <= 508437))
	  ->  Bitmap Index Scan on sbtest4_pkey  (cost=0.00..34.20 rows=977 width=0)
	        Index Cond: ((id >= 507438) AND (id <= 508437))

table 5 : explain SELECT c FROM sbtest5 WHERE id BETWEEN 443375 AND 444374
	Bitmap Heap Scan on sbtest5  (cost=35.30..4108.21 rows=1060 width=121)
	  Recheck Cond: ((id >= 443375) AND (id <= 444374))
	  ->  Bitmap Index Scan on sbtest5_pkey  (cost=0.00..35.04 rows=1060 width=0)
	        Index Cond: ((id >= 443375) AND (id <= 444374))

table 6 : explain SELECT c FROM sbtest6 WHERE id BETWEEN 3179042 AND 3180041
	Bitmap Heap Scan on sbtest6  (cost=35.41..4142.86 rows=1071 width=121)
	  Recheck Cond: ((id >= 3179042) AND (id <= 3180041))
	  ->  Bitmap Index Scan on sbtest6_pkey  (cost=0.00..35.15 rows=1071 width=0)
	        Index Cond: ((id >= 3179042) AND (id <= 3180041))

table 7 : explain SELECT c FROM sbtest7 WHERE id BETWEEN 6373576 AND 6374575
	Bitmap Heap Scan on sbtest7  (cost=34.75..3896.21 rows=1006 width=121)
	  Recheck Cond: ((id >= 6373576) AND (id <= 6374575))
	  ->  Bitmap Index Scan on sbtest7_pkey  (cost=0.00..34.50 rows=1006 width=0)
	        Index Cond: ((id >= 6373576) AND (id <= 6374575))

table 8 : explain SELECT c FROM sbtest8 WHERE id BETWEEN 6903116 AND 6904115
	Bitmap Heap Scan on sbtest8  (cost=35.00..3991.13 rows=1031 width=121)
	  Recheck Cond: ((id >= 6903116) AND (id <= 6904115))
	  ->  Bitmap Index Scan on sbtest8_pkey  (cost=0.00..34.75 rows=1031 width=0)
	        Index Cond: ((id >= 6903116) AND (id <= 6904115))

explain: for point_selects :: explain SELECT c FROM sbtest%u WHERE id=%u
for point_selects
table 1 : explain SELECT c FROM sbtest1 WHERE id=3843920
	Index Scan using sbtest1_pkey on sbtest1  (cost=0.43..8.45 rows=1 width=121)
	  Index Cond: (id = 3843920)

table 2 : explain SELECT c FROM sbtest2 WHERE id=8563608
	Index Scan using sbtest2_pkey on sbtest2  (cost=0.43..8.45 rows=1 width=121)
	  Index Cond: (id = 8563608)

table 3 : explain SELECT c FROM sbtest3 WHERE id=7955369
	Index Scan using sbtest3_pkey on sbtest3  (cost=0.43..8.45 rows=1 width=121)
	  Index Cond: (id = 7955369)

table 4 : explain SELECT c FROM sbtest4 WHERE id=5380742
	Index Scan using sbtest4_pkey on sbtest4  (cost=0.43..8.45 rows=1 width=121)
	  Index Cond: (id = 5380742)

table 5 : explain SELECT c FROM sbtest5 WHERE id=3154656
	Index Scan using sbtest5_pkey on sbtest5  (cost=0.43..8.45 rows=1 width=121)
	  Index Cond: (id = 3154656)

table 6 : explain SELECT c FROM sbtest6 WHERE id=3926072
	Index Scan using sbtest6_pkey on sbtest6  (cost=0.43..8.45 rows=1 width=121)
	  Index Cond: (id = 3926072)

table 7 : explain SELECT c FROM sbtest7 WHERE id=8539354
	Index Scan using sbtest7_pkey on sbtest7  (cost=0.43..8.45 rows=1 width=121)
	  Index Cond: (id = 8539354)

table 8 : explain SELECT c FROM sbtest8 WHERE id=5815741
	Index Scan using sbtest8_pkey on sbtest8  (cost=0.43..8.45 rows=1 width=121)
	  Index Cond: (id = 5815741)

explain: for point_selects :: explain SELECT c FROM sbtest%u WHERE id=%u
explain: for point_selects :: explain SELECT c FROM sbtest%u WHERE id=%u
for: simple_ranges
table 1 : explain SELECT c FROM sbtest1 WHERE id BETWEEN 1676251 AND 1677250
	Bitmap Heap Scan on sbtest1  (cost=35.79..4276.34 rows=1108 width=121)
	  Recheck Cond: ((id >= 1676251) AND (id <= 1677250))
	  ->  Bitmap Index Scan on sbtest1_pkey  (cost=0.00..35.52 rows=1108 width=0)
	        Index Cond: ((id >= 1676251) AND (id <= 1677250))

table 2 : explain SELECT c FROM sbtest2 WHERE id BETWEEN 7816601 AND 7817600
	Bitmap Heap Scan on sbtest2  (cost=34.66..3866.95 rows=998 width=121)
	  Recheck Cond: ((id >= 7816601) AND (id <= 7817600))
	  ->  Bitmap Index Scan on sbtest2_pkey  (cost=0.00..34.42 rows=998 width=0)
	        Index Cond: ((id >= 7816601) AND (id <= 7817600))

table 3 : explain SELECT c FROM sbtest3 WHERE id BETWEEN 1139273 AND 1140272
	Bitmap Heap Scan on sbtest3  (cost=34.23..3708.94 rows=956 width=121)
	  Recheck Cond: ((id >= 1139273) AND (id <= 1140272))
	  ->  Bitmap Index Scan on sbtest3_pkey  (cost=0.00..34.00 rows=956 width=0)
	        Index Cond: ((id >= 1139273) AND (id <= 1140272))

table 4 : explain SELECT c FROM sbtest4 WHERE id BETWEEN 2368659 AND 2369658
	Bitmap Heap Scan on sbtest4  (cost=34.44..3790.90 rows=976 width=121)
	  Recheck Cond: ((id >= 2368659) AND (id <= 2369658))
	  ->  Bitmap Index Scan on sbtest4_pkey  (cost=0.00..34.20 rows=976 width=0)
	        Index Cond: ((id >= 2368659) AND (id <= 2369658))

table 5 : explain SELECT c FROM sbtest5 WHERE id BETWEEN 8667851 AND 8668850
	Bitmap Heap Scan on sbtest5  (cost=34.75..3904.36 rows=1006 width=121)
	  Recheck Cond: ((id >= 8667851) AND (id <= 8668850))
	  ->  Bitmap Index Scan on sbtest5_pkey  (cost=0.00..34.50 rows=1006 width=0)
	        Index Cond: ((id >= 8667851) AND (id <= 8668850))

table 6 : explain SELECT c FROM sbtest6 WHERE id BETWEEN 1088233 AND 1089232
	Index Scan using sbtest6_pkey on sbtest6  (cost=0.43..3444.58 rows=878 width=121)
	  Index Cond: ((id >= 1088233) AND (id <= 1089232))

table 7 : explain SELECT c FROM sbtest7 WHERE id BETWEEN 4266110 AND 4267109
	Bitmap Heap Scan on sbtest7  (cost=34.97..3979.03 rows=1028 width=121)
	  Recheck Cond: ((id >= 4266110) AND (id <= 4267109))
	  ->  Bitmap Index Scan on sbtest7_pkey  (cost=0.00..34.72 rows=1028 width=0)
	        Index Cond: ((id >= 4266110) AND (id <= 4267109))

table 8 : explain SELECT c FROM sbtest8 WHERE id BETWEEN 5316231 AND 5317230
	Bitmap Heap Scan on sbtest8  (cost=35.21..4066.38 rows=1051 width=121)
	  Recheck Cond: ((id >= 5316231) AND (id <= 5317230))
	  ->  Bitmap Index Scan on sbtest8_pkey  (cost=0.00..34.95 rows=1051 width=0)
	        Index Cond: ((id >= 5316231) AND (id <= 5317230))

for point_selects
table 1 : explain SELECT c FROM sbtest1 WHERE id=198115
	Index Scan using sbtest1_pkey on sbtest1  (cost=0.43..8.45 rows=1 width=121)
	  Index Cond: (id = 198115)

table 2 : explain SELECT c FROM sbtest2 WHERE id=7295591
	Index Scan using sbtest2_pkey on sbtest2  (cost=0.43..8.45 rows=1 width=121)
	  Index Cond: (id = 7295591)

table 3 : explain SELECT c FROM sbtest3 WHERE id=6273970
	Index Scan using sbtest3_pkey on sbtest3  (cost=0.43..8.45 rows=1 width=121)
	  Index Cond: (id = 6273970)

table 4 : explain SELECT c FROM sbtest4 WHERE id=9565587
	Index Scan using sbtest4_pkey on sbtest4  (cost=0.43..8.45 rows=1 width=121)
	  Index Cond: (id = 9565587)

table 5 : explain SELECT c FROM sbtest5 WHERE id=3466157
	Index Scan using sbtest5_pkey on sbtest5  (cost=0.43..8.45 rows=1 width=121)
	  Index Cond: (id = 3466157)

table 6 : explain SELECT c FROM sbtest6 WHERE id=3734113
	Index Scan using sbtest6_pkey on sbtest6  (cost=0.43..8.45 rows=1 width=121)
	  Index Cond: (id = 3734113)

table 7 : explain SELECT c FROM sbtest7 WHERE id=9102866
	Index Scan using sbtest7_pkey on sbtest7  (cost=0.43..8.45 rows=1 width=121)
	  Index Cond: (id = 9102866)

table 8 : explain SELECT c FROM sbtest8 WHERE id=324523
	Index Scan using sbtest8_pkey on sbtest8  (cost=0.43..8.45 rows=1 width=121)
	  Index Cond: (id = 324523)

for point_selects
table 1 : explain SELECT c FROM sbtest1 WHERE id=8575067
	Index Scan using sbtest1_pkey on sbtest1  (cost=0.43..8.45 rows=1 width=121)
	  Index Cond: (id = 8575067)

table 2 : explain SELECT c FROM sbtest2 WHERE id=1232067
	Index Scan using sbtest2_pkey on sbtest2  (cost=0.43..8.45 rows=1 width=121)
	  Index Cond: (id = 1232067)

table 3 : explain SELECT c FROM sbtest3 WHERE id=6896337
	Index Scan using sbtest3_pkey on sbtest3  (cost=0.43..8.45 rows=1 width=121)
	  Index Cond: (id = 6896337)

table 4 : explain SELECT c FROM sbtest4 WHERE id=5319362
	Index Scan using sbtest4_pkey on sbtest4  (cost=0.43..8.45 rows=1 width=121)
	  Index Cond: (id = 5319362)

table 5 : explain SELECT c FROM sbtest5 WHERE id=2857975
	Index Scan using sbtest5_pkey on sbtest5  (cost=0.43..8.45 rows=1 width=121)
	  Index Cond: (id = 2857975)

table 6 : explain SELECT c FROM sbtest6 WHERE id=8356311
	Index Scan using sbtest6_pkey on sbtest6  (cost=0.43..8.45 rows=1 width=121)
	  Index Cond: (id = 8356311)

table 7 : explain SELECT c FROM sbtest7 WHERE id=6643708
	Index Scan using sbtest7_pkey on sbtest7  (cost=0.43..8.45 rows=1 width=121)
	  Index Cond: (id = 6643708)

table 8 : explain SELECT c FROM sbtest8 WHERE id=2041387
	Index Scan using sbtest8_pkey on sbtest8  (cost=0.43..8.45 rows=1 width=121)
	  Index Cond: (id = 2041387)

for point_selects
table 1 : explain SELECT c FROM sbtest1 WHERE id=5592073
	Index Scan using sbtest1_pkey on sbtest1  (cost=0.43..8.45 rows=1 width=121)
	  Index Cond: (id = 5592073)

table 2 : explain SELECT c FROM sbtest2 WHERE id=6578958
	Index Scan using sbtest2_pkey on sbtest2  (cost=0.43..8.45 rows=1 width=121)
	  Index Cond: (id = 6578958)

table 3 : explain SELECT c FROM sbtest3 WHERE id=6886724
	Index Scan using sbtest3_pkey on sbtest3  (cost=0.43..8.45 rows=1 width=121)
	  Index Cond: (id = 6886724)

table 4 : explain SELECT c FROM sbtest4 WHERE id=3492074
	Index Scan using sbtest4_pkey on sbtest4  (cost=0.43..8.45 rows=1 width=121)
	  Index Cond: (id = 3492074)

table 5 : explain SELECT c FROM sbtest5 WHERE id=6690256
	Index Scan using sbtest5_pkey on sbtest5  (cost=0.43..8.45 rows=1 width=121)
	  Index Cond: (id = 6690256)

table 6 : explain SELECT c FROM sbtest6 WHERE id=2199865
	Index Scan using sbtest6_pkey on sbtest6  (cost=0.43..8.45 rows=1 width=121)
	  Index Cond: (id = 2199865)

table 7 : explain SELECT c FROM sbtest7 WHERE id=3992205
	Index Scan using sbtest7_pkey on sbtest7  (cost=0.43..8.45 rows=1 width=121)
	  Index Cond: (id = 3992205)

table 8 : explain SELECT c FROM sbtest8 WHERE id=9679537
	Index Scan using sbtest8_pkey on sbtest8  (cost=0.43..8.45 rows=1 width=121)
	  Index Cond: (id = 9679537)

for: simple_ranges
table 1 : explain SELECT c FROM sbtest1 WHERE id BETWEEN 5071125 AND 5072124
	Bitmap Heap Scan on sbtest1  (cost=35.57..4197.45 rows=1086 width=121)
	  Recheck Cond: ((id >= 5071125) AND (id <= 5072124))
	  ->  Bitmap Index Scan on sbtest1_pkey  (cost=0.00..35.30 rows=1086 width=0)
	        Index Cond: ((id >= 5071125) AND (id <= 5072124))

table 2 : explain SELECT c FROM sbtest2 WHERE id BETWEEN 5775363 AND 5776362
	Bitmap Heap Scan on sbtest2  (cost=29.79..3542.16 rows=913 width=121)
	  Recheck Cond: ((id >= 5775363) AND (id <= 5776362))
	  ->  Bitmap Index Scan on sbtest2_pkey  (cost=0.00..29.57 rows=913 width=0)
	        Index Cond: ((id >= 5775363) AND (id <= 5776362))

table 3 : explain SELECT c FROM sbtest3 WHERE id BETWEEN 4426409 AND 4427408
	Bitmap Heap Scan on sbtest3  (cost=34.51..3810.80 rows=983 width=121)
	  Recheck Cond: ((id >= 4426409) AND (id <= 4427408))
	  ->  Bitmap Index Scan on sbtest3_pkey  (cost=0.00..34.27 rows=983 width=0)
	        Index Cond: ((id >= 4426409) AND (id <= 4427408))

table 4 : explain SELECT c FROM sbtest4 WHERE id BETWEEN 6519636 AND 6520635
	Bitmap Heap Scan on sbtest4  (cost=35.13..4044.02 rows=1043 width=121)
	  Recheck Cond: ((id >= 6519636) AND (id <= 6520635))
	  ->  Bitmap Index Scan on sbtest4_pkey  (cost=0.00..34.87 rows=1043 width=0)
	        Index Cond: ((id >= 6519636) AND (id <= 6520635))

table 5 : explain SELECT c FROM sbtest5 WHERE id BETWEEN 7848346 AND 7849345
	Bitmap Heap Scan on sbtest5  (cost=34.99..3995.00 rows=1030 width=121)
	  Recheck Cond: ((id >= 7848346) AND (id <= 7849345))
	  ->  Bitmap Index Scan on sbtest5_pkey  (cost=0.00..34.73 rows=1030 width=0)
	        Index Cond: ((id >= 7848346) AND (id <= 7849345))

table 6 : explain SELECT c FROM sbtest6 WHERE id BETWEEN 4508742 AND 4509741
	Bitmap Heap Scan on sbtest6  (cost=35.06..4014.92 rows=1037 width=121)
	  Recheck Cond: ((id >= 4508742) AND (id <= 4509741))
	  ->  Bitmap Index Scan on sbtest6_pkey  (cost=0.00..34.81 rows=1037 width=0)
	        Index Cond: ((id >= 4508742) AND (id <= 4509741))

table 7 : explain SELECT c FROM sbtest7 WHERE id BETWEEN 8047705 AND 8048704
	Bitmap Heap Scan on sbtest7  (cost=34.81..3918.80 rows=1012 width=121)
	  Recheck Cond: ((id >= 8047705) AND (id <= 8048704))
	  ->  Bitmap Index Scan on sbtest7_pkey  (cost=0.00..34.56 rows=1012 width=0)
	        Index Cond: ((id >= 8047705) AND (id <= 8048704))

table 8 : explain SELECT c FROM sbtest8 WHERE id BETWEEN 6295708 AND 6296707
	Bitmap Heap Scan on sbtest8  (cost=34.09..3655.62 rows=942 width=121)
	  Recheck Cond: ((id >= 6295708) AND (id <= 6296707))
	  ->  Bitmap Index Scan on sbtest8_pkey  (cost=0.00..33.86 rows=942 width=0)
	        Index Cond: ((id >= 6295708) AND (id <= 6296707))

explain: for point_selects :: explain SELECT c FROM sbtest%u WHERE id=%u
for point_selects
table 1 : explain SELECT c FROM sbtest1 WHERE id=9742874
	Index Scan using sbtest1_pkey on sbtest1  (cost=0.43..8.45 rows=1 width=121)
	  Index Cond: (id = 9742874)

table 2 : explain SELECT c FROM sbtest2 WHERE id=5722180
	Index Scan using sbtest2_pkey on sbtest2  (cost=0.43..8.45 rows=1 width=121)
	  Index Cond: (id = 5722180)

table 3 : explain SELECT c FROM sbtest3 WHERE id=6914210
	Index Scan using sbtest3_pkey on sbtest3  (cost=0.43..8.45 rows=1 width=121)
	  Index Cond: (id = 6914210)

table 4 : explain SELECT c FROM sbtest4 WHERE id=6115709
	Index Scan using sbtest4_pkey on sbtest4  (cost=0.43..8.45 rows=1 width=121)
	  Index Cond: (id = 6115709)

table 5 : explain SELECT c FROM sbtest5 WHERE id=5383105
	Index Scan using sbtest5_pkey on sbtest5  (cost=0.43..8.45 rows=1 width=121)
	  Index Cond: (id = 5383105)

table 6 : explain SELECT c FROM sbtest6 WHERE id=5723168
	Index Scan using sbtest6_pkey on sbtest6  (cost=0.43..8.45 rows=1 width=121)
	  Index Cond: (id = 5723168)

table 7 : explain SELECT c FROM sbtest7 WHERE id=9387408
	Index Scan using sbtest7_pkey on sbtest7  (cost=0.43..8.45 rows=1 width=121)
	  Index Cond: (id = 9387408)

table 8 : explain SELECT c FROM sbtest8 WHERE id=2428583
	Index Scan using sbtest8_pkey on sbtest8  (cost=0.43..8.45 rows=1 width=121)
	  Index Cond: (id = 2428583)

for: simple_ranges
table 1 : explain SELECT c FROM sbtest1 WHERE id BETWEEN 3505712 AND 3506711
	Bitmap Heap Scan on sbtest1  (cost=34.24..3711.81 rows=957 width=121)
	  Recheck Cond: ((id >= 3505712) AND (id <= 3506711))
	  ->  Bitmap Index Scan on sbtest1_pkey  (cost=0.00..34.01 rows=957 width=0)
	        Index Cond: ((id >= 3505712) AND (id <= 3506711))

table 2 : explain SELECT c FROM sbtest2 WHERE id BETWEEN 2915968 AND 2916967
	Bitmap Heap Scan on sbtest2  (cost=29.82..3553.50 rows=916 width=121)
	  Recheck Cond: ((id >= 2915968) AND (id <= 2916967))
	  ->  Bitmap Index Scan on sbtest2_pkey  (cost=0.00..29.59 rows=916 width=0)
	        Index Cond: ((id >= 2915968) AND (id <= 2916967))

table 3 : explain SELECT c FROM sbtest3 WHERE id BETWEEN 6656848 AND 6657847
	Bitmap Heap Scan on sbtest3  (cost=34.06..3644.75 rows=939 width=121)
	  Recheck Cond: ((id >= 6656848) AND (id <= 6657847))
	  ->  Bitmap Index Scan on sbtest3_pkey  (cost=0.00..33.83 rows=939 width=0)
	        Index Cond: ((id >= 6656848) AND (id <= 6657847))

table 4 : explain SELECT c FROM sbtest4 WHERE id BETWEEN 5073104 AND 5074103
	Bitmap Heap Scan on sbtest4  (cost=34.47..3802.25 rows=979 width=121)
	  Recheck Cond: ((id >= 5073104) AND (id <= 5074103))
	  ->  Bitmap Index Scan on sbtest4_pkey  (cost=0.00..34.23 rows=979 width=0)
	        Index Cond: ((id >= 5073104) AND (id <= 5074103))

table 5 : explain SELECT c FROM sbtest5 WHERE id BETWEEN 9278685 AND 9279684
	Bitmap Heap Scan on sbtest5  (cost=34.95..3979.90 rows=1026 width=121)
	  Recheck Cond: ((id >= 9278685) AND (id <= 9279684))
	  ->  Bitmap Index Scan on sbtest5_pkey  (cost=0.00..34.70 rows=1026 width=0)
	        Index Cond: ((id >= 9278685) AND (id <= 9279684))

table 6 : explain SELECT c FROM sbtest6 WHERE id BETWEEN 1748999 AND 1749998
	Bitmap Heap Scan on sbtest6  (cost=34.35..3751.06 rows=967 width=121)
	  Recheck Cond: ((id >= 1748999) AND (id <= 1749998))
	  ->  Bitmap Index Scan on sbtest6_pkey  (cost=0.00..34.11 rows=967 width=0)
	        Index Cond: ((id >= 1748999) AND (id <= 1749998))

table 7 : explain SELECT c FROM sbtest7 WHERE id BETWEEN 7303321 AND 7304320
	Bitmap Heap Scan on sbtest7  (cost=34.45..3786.94 rows=977 width=121)
	  Recheck Cond: ((id >= 7303321) AND (id <= 7304320))
	  ->  Bitmap Index Scan on sbtest7_pkey  (cost=0.00..34.20 rows=977 width=0)
	        Index Cond: ((id >= 7303321) AND (id <= 7304320))

table 8 : explain SELECT c FROM sbtest8 WHERE id BETWEEN 572484 AND 573483
	Bitmap Heap Scan on sbtest8  (cost=34.19..3693.36 rows=952 width=121)
	  Recheck Cond: ((id >= 572484) AND (id <= 573483))
	  ->  Bitmap Index Scan on sbtest8_pkey  (cost=0.00..33.95 rows=952 width=0)
	        Index Cond: ((id >= 572484) AND (id <= 573483))

for: simple_ranges
table 1 : explain SELECT c FROM sbtest1 WHERE id BETWEEN 3273503 AND 3274502
	Bitmap Heap Scan on sbtest1  (cost=34.20..3696.72 rows=953 width=121)
	  Recheck Cond: ((id >= 3273503) AND (id <= 3274502))
	  ->  Bitmap Index Scan on sbtest1_pkey  (cost=0.00..33.97 rows=953 width=0)
	        Index Cond: ((id >= 3273503) AND (id <= 3274502))

table 2 : explain SELECT c FROM sbtest2 WHERE id BETWEEN 131541 AND 132540
	Bitmap Heap Scan on sbtest2  (cost=34.73..3889.56 rows=1004 width=121)
	  Recheck Cond: ((id >= 131541) AND (id <= 132540))
	  ->  Bitmap Index Scan on sbtest2_pkey  (cost=0.00..34.48 rows=1004 width=0)
	        Index Cond: ((id >= 131541) AND (id <= 132540))

table 3 : explain SELECT c FROM sbtest3 WHERE id BETWEEN 8897362 AND 8898361
	Bitmap Heap Scan on sbtest3  (cost=29.38..3391.20 rows=873 width=121)
	  Recheck Cond: ((id >= 8897362) AND (id <= 8898361))
	  ->  Bitmap Index Scan on sbtest3_pkey  (cost=0.00..29.16 rows=873 width=0)
	        Index Cond: ((id >= 8897362) AND (id <= 8898361))

table 4 : explain SELECT c FROM sbtest4 WHERE id BETWEEN 3107946 AND 3108945
	Bitmap Heap Scan on sbtest4  (cost=34.66..3874.08 rows=998 width=121)
	  Recheck Cond: ((id >= 3107946) AND (id <= 3108945))
	  ->  Bitmap Index Scan on sbtest4_pkey  (cost=0.00..34.42 rows=998 width=0)
	        Index Cond: ((id >= 3107946) AND (id <= 3108945))

table 5 : explain SELECT c FROM sbtest5 WHERE id BETWEEN 7159561 AND 7160560
	Bitmap Heap Scan on sbtest5  (cost=34.08..3658.51 rows=941 width=121)
	  Recheck Cond: ((id >= 7159561) AND (id <= 7160560))
	  ->  Bitmap Index Scan on sbtest5_pkey  (cost=0.00..33.84 rows=941 width=0)
	        Index Cond: ((id >= 7159561) AND (id <= 7160560))

table 6 : explain SELECT c FROM sbtest6 WHERE id BETWEEN 5208146 AND 5209145
	Bitmap Heap Scan on sbtest6  (cost=34.37..3758.61 rows=969 width=121)
	  Recheck Cond: ((id >= 5208146) AND (id <= 5209145))
	  ->  Bitmap Index Scan on sbtest6_pkey  (cost=0.00..34.12 rows=969 width=0)
	        Index Cond: ((id >= 5208146) AND (id <= 5209145))

table 7 : explain SELECT c FROM sbtest7 WHERE id BETWEEN 1517931 AND 1518930
	Bitmap Heap Scan on sbtest7  (cost=35.24..4076.83 rows=1054 width=121)
	  Recheck Cond: ((id >= 1517931) AND (id <= 1518930))
	  ->  Bitmap Index Scan on sbtest7_pkey  (cost=0.00..34.98 rows=1054 width=0)
	        Index Cond: ((id >= 1517931) AND (id <= 1518930))

table 8 : explain SELECT c FROM sbtest8 WHERE id BETWEEN 6895190 AND 6896189
	Bitmap Heap Scan on sbtest8  (cost=35.00..3991.13 rows=1031 width=121)
	  Recheck Cond: ((id >= 6895190) AND (id <= 6896189))
	  ->  Bitmap Index Scan on sbtest8_pkey  (cost=0.00..34.75 rows=1031 width=0)
	        Index Cond: ((id >= 6895190) AND (id <= 6896189))

explain: for point_selects :: explain SELECT c FROM sbtest%u WHERE id=%u
for: simple_ranges
table 1 : explain SELECT c FROM sbtest1 WHERE id BETWEEN 1046721 AND 1047720
	Bitmap Heap Scan on sbtest1  (cost=34.67..3870.16 rows=999 width=121)
	  Recheck Cond: ((id >= 1046721) AND (id <= 1047720))
	  ->  Bitmap Index Scan on sbtest1_pkey  (cost=0.00..34.43 rows=999 width=0)
	        Index Cond: ((id >= 1046721) AND (id <= 1047720))

table 2 : explain SELECT c FROM sbtest2 WHERE id BETWEEN 6902147 AND 6903146
	Bitmap Heap Scan on sbtest2  (cost=34.64..3859.41 rows=996 width=121)
	  Recheck Cond: ((id >= 6902147) AND (id <= 6903146))
	  ->  Bitmap Index Scan on sbtest2_pkey  (cost=0.00..34.40 rows=996 width=0)
	        Index Cond: ((id >= 6902147) AND (id <= 6903146))

table 3 : explain SELECT c FROM sbtest3 WHERE id BETWEEN 497540 AND 498539
	Bitmap Heap Scan on sbtest3  (cost=34.38..3761.77 rows=970 width=121)
	  Recheck Cond: ((id >= 497540) AND (id <= 498539))
	  ->  Bitmap Index Scan on sbtest3_pkey  (cost=0.00..34.14 rows=970 width=0)
	        Index Cond: ((id >= 497540) AND (id <= 498539))

table 4 : explain SELECT c FROM sbtest4 WHERE id BETWEEN 7924561 AND 7925560
	Bitmap Heap Scan on sbtest4  (cost=35.11..4036.47 rows=1041 width=121)
	  Recheck Cond: ((id >= 7924561) AND (id <= 7925560))
	  ->  Bitmap Index Scan on sbtest4_pkey  (cost=0.00..34.84 rows=1041 width=0)
	        Index Cond: ((id >= 7924561) AND (id <= 7925560))

table 5 : explain SELECT c FROM sbtest5 WHERE id BETWEEN 6737610 AND 6738609
	Bitmap Heap Scan on sbtest5  (cost=34.33..3749.34 rows=965 width=121)
	  Recheck Cond: ((id >= 6737610) AND (id <= 6738609))
	  ->  Bitmap Index Scan on sbtest5_pkey  (cost=0.00..34.09 rows=965 width=0)
	        Index Cond: ((id >= 6737610) AND (id <= 6738609))

table 6 : explain SELECT c FROM sbtest6 WHERE id BETWEEN 9323441 AND 9324440
	Bitmap Heap Scan on sbtest6  (cost=34.51..3811.43 rows=983 width=121)
	  Recheck Cond: ((id >= 9323441) AND (id <= 9324440))
	  ->  Bitmap Index Scan on sbtest6_pkey  (cost=0.00..34.27 rows=983 width=0)
	        Index Cond: ((id >= 9323441) AND (id <= 9324440))

table 7 : explain SELECT c FROM sbtest7 WHERE id BETWEEN 6805183 AND 6806182
	Bitmap Heap Scan on sbtest7  (cost=34.91..3956.45 rows=1022 width=121)
	  Recheck Cond: ((id >= 6805183) AND (id <= 6806182))
	  ->  Bitmap Index Scan on sbtest7_pkey  (cost=0.00..34.66 rows=1022 width=0)
	        Index Cond: ((id >= 6805183) AND (id <= 6806182))

table 8 : explain SELECT c FROM sbtest8 WHERE id BETWEEN 9161701 AND 9162700
	Bitmap Heap Scan on sbtest8  (cost=34.84..3930.89 rows=1015 width=121)
	  Recheck Cond: ((id >= 9161701) AND (id <= 9162700))
	  ->  Bitmap Index Scan on sbtest8_pkey  (cost=0.00..34.59 rows=1015 width=0)
	        Index Cond: ((id >= 9161701) AND (id <= 9162700))

explain: for point_selects :: explain SELECT c FROM sbtest%u WHERE id=%u
for: simple_ranges
table 1 : explain SELECT c FROM sbtest1 WHERE id BETWEEN 3528165 AND 3529164
	Bitmap Heap Scan on sbtest1  (cost=34.24..3711.81 rows=957 width=121)
	  Recheck Cond: ((id >= 3528165) AND (id <= 3529164))
	  ->  Bitmap Index Scan on sbtest1_pkey  (cost=0.00..34.01 rows=957 width=0)
	        Index Cond: ((id >= 3528165) AND (id <= 3529164))

table 2 : explain SELECT c FROM sbtest2 WHERE id BETWEEN 6538096 AND 6539095
	Bitmap Heap Scan on sbtest2  (cost=34.24..3712.33 rows=957 width=121)
	  Recheck Cond: ((id >= 6538096) AND (id <= 6539095))
	  ->  Bitmap Index Scan on sbtest2_pkey  (cost=0.00..34.01 rows=957 width=0)
	        Index Cond: ((id >= 6538096) AND (id <= 6539095))

table 3 : explain SELECT c FROM sbtest3 WHERE id BETWEEN 211055 AND 212054
	Bitmap Heap Scan on sbtest3  (cost=35.28..4093.27 rows=1058 width=121)
	  Recheck Cond: ((id >= 211055) AND (id <= 212054))
	  ->  Bitmap Index Scan on sbtest3_pkey  (cost=0.00..35.02 rows=1058 width=0)
	        Index Cond: ((id >= 211055) AND (id <= 212054))

table 4 : explain SELECT c FROM sbtest4 WHERE id BETWEEN 5845780 AND 5846779
	Bitmap Heap Scan on sbtest4  (cost=34.67..3877.86 rows=999 width=121)
	  Recheck Cond: ((id >= 5845780) AND (id <= 5846779))
	  ->  Bitmap Index Scan on sbtest4_pkey  (cost=0.00..34.43 rows=999 width=0)
	        Index Cond: ((id >= 5845780) AND (id <= 5846779))

table 5 : explain SELECT c FROM sbtest5 WHERE id BETWEEN 2673060 AND 2674059
	Bitmap Heap Scan on sbtest5  (cost=34.04..3643.36 rows=937 width=121)
	  Recheck Cond: ((id >= 2673060) AND (id <= 2674059))
	  ->  Bitmap Index Scan on sbtest5_pkey  (cost=0.00..33.81 rows=937 width=0)
	        Index Cond: ((id >= 2673060) AND (id <= 2674059))

table 6 : explain SELECT c FROM sbtest6 WHERE id BETWEEN 9810634 AND 9811633
	Bitmap Heap Scan on sbtest6  (cost=40.29..4466.12 rows=1157 width=121)
	  Recheck Cond: ((id >= 9810634) AND (id <= 9811633))
	  ->  Bitmap Index Scan on sbtest6_pkey  (cost=0.00..40.01 rows=1157 width=0)
	        Index Cond: ((id >= 9810634) AND (id <= 9811633))

table 7 : explain SELECT c FROM sbtest7 WHERE id BETWEEN 8623000 AND 8623999
	Bitmap Heap Scan on sbtest7  (cost=29.32..3367.44 rows=867 width=121)
	  Recheck Cond: ((id >= 8623000) AND (id <= 8623999))
	  ->  Bitmap Index Scan on sbtest7_pkey  (cost=0.00..29.11 rows=867 width=0)
	        Index Cond: ((id >= 8623000) AND (id <= 8623999))

table 8 : explain SELECT c FROM sbtest8 WHERE id BETWEEN 2994407 AND 2995406
	Bitmap Heap Scan on sbtest8  (cost=34.22..3704.69 rows=955 width=121)
	  Recheck Cond: ((id >= 2994407) AND (id <= 2995406))
	  ->  Bitmap Index Scan on sbtest8_pkey  (cost=0.00..33.98 rows=955 width=0)
	        Index Cond: ((id >= 2994407) AND (id <= 2995406))

for point_selects
table 1 : explain SELECT c FROM sbtest1 WHERE id=4958472
	Index Scan using sbtest1_pkey on sbtest1  (cost=0.43..8.45 rows=1 width=121)
	  Index Cond: (id = 4958472)

table 2 : explain SELECT c FROM sbtest2 WHERE id=1718378
	Index Scan using sbtest2_pkey on sbtest2  (cost=0.43..8.45 rows=1 width=121)
	  Index Cond: (id = 1718378)

table 3 : explain SELECT c FROM sbtest3 WHERE id=4220210
	Index Scan using sbtest3_pkey on sbtest3  (cost=0.43..8.45 rows=1 width=121)
	  Index Cond: (id = 4220210)

table 4 : explain SELECT c FROM sbtest4 WHERE id=6987790
	Index Scan using sbtest4_pkey on sbtest4  (cost=0.43..8.45 rows=1 width=121)
	  Index Cond: (id = 6987790)

table 5 : explain SELECT c FROM sbtest5 WHERE id=5454109
	Index Scan using sbtest5_pkey on sbtest5  (cost=0.43..8.45 rows=1 width=121)
	  Index Cond: (id = 5454109)

table 6 : explain SELECT c FROM sbtest6 WHERE id=6026251
	Index Scan using sbtest6_pkey on sbtest6  (cost=0.43..8.45 rows=1 width=121)
	  Index Cond: (id = 6026251)

table 7 : explain SELECT c FROM sbtest7 WHERE id=9635963
	Index Scan using sbtest7_pkey on sbtest7  (cost=0.43..8.45 rows=1 width=121)
	  Index Cond: (id = 9635963)

table 8 : explain SELECT c FROM sbtest8 WHERE id=6636334
	Index Scan using sbtest8_pkey on sbtest8  (cost=0.43..8.45 rows=1 width=121)
	  Index Cond: (id = 6636334)

for point_selects
table 1 : explain SELECT c FROM sbtest1 WHERE id=6835652
	Index Scan using sbtest1_pkey on sbtest1  (cost=0.43..8.45 rows=1 width=121)
	  Index Cond: (id = 6835652)

table 2 : explain SELECT c FROM sbtest2 WHERE id=4137099
	Index Scan using sbtest2_pkey on sbtest2  (cost=0.43..8.45 rows=1 width=121)
	  Index Cond: (id = 4137099)

table 3 : explain SELECT c FROM sbtest3 WHERE id=607403
	Index Scan using sbtest3_pkey on sbtest3  (cost=0.43..8.45 rows=1 width=121)
	  Index Cond: (id = 607403)

table 4 : explain SELECT c FROM sbtest4 WHERE id=3838763
	Index Scan using sbtest4_pkey on sbtest4  (cost=0.43..8.45 rows=1 width=121)
	  Index Cond: (id = 3838763)

table 5 : explain SELECT c FROM sbtest5 WHERE id=4391560
	Index Scan using sbtest5_pkey on sbtest5  (cost=0.43..8.45 rows=1 width=121)
	  Index Cond: (id = 4391560)

table 6 : explain SELECT c FROM sbtest6 WHERE id=8679070
	Index Scan using sbtest6_pkey on sbtest6  (cost=0.43..8.45 rows=1 width=121)
	  Index Cond: (id = 8679070)

table 7 : explain SELECT c FROM sbtest7 WHERE id=5709959
	Index Scan using sbtest7_pkey on sbtest7  (cost=0.43..8.45 rows=1 width=121)
	  Index Cond: (id = 5709959)

table 8 : explain SELECT c FROM sbtest8 WHERE id=7849778
	Index Scan using sbtest8_pkey on sbtest8  (cost=0.43..8.45 rows=1 width=121)
	  Index Cond: (id = 7849778)

for: simple_ranges
table 1 : explain SELECT c FROM sbtest1 WHERE id BETWEEN 4815602 AND 4816601
	Bitmap Heap Scan on sbtest1  (cost=35.03..4001.95 rows=1034 width=121)
	  Recheck Cond: ((id >= 4815602) AND (id <= 4816601))
	  ->  Bitmap Index Scan on sbtest1_pkey  (cost=0.00..34.78 rows=1034 width=0)
	        Index Cond: ((id >= 4815602) AND (id <= 4816601))

table 2 : explain SELECT c FROM sbtest2 WHERE id BETWEEN 844708 AND 845707
	Bitmap Heap Scan on sbtest2  (cost=35.83..4292.00 rows=1112 width=121)
	  Recheck Cond: ((id >= 844708) AND (id <= 845707))
	  ->  Bitmap Index Scan on sbtest2_pkey  (cost=0.00..35.56 rows=1112 width=0)
	        Index Cond: ((id >= 844708) AND (id <= 845707))

table 3 : explain SELECT c FROM sbtest3 WHERE id BETWEEN 552700 AND 553699
	Bitmap Heap Scan on sbtest3  (cost=34.38..3761.77 rows=970 width=121)
	  Recheck Cond: ((id >= 552700) AND (id <= 553699))
	  ->  Bitmap Index Scan on sbtest3_pkey  (cost=0.00..34.14 rows=970 width=0)
	        Index Cond: ((id >= 552700) AND (id <= 553699))

table 4 : explain SELECT c FROM sbtest4 WHERE id BETWEEN 6725957 AND 6726956
	Bitmap Heap Scan on sbtest4  (cost=34.31..3741.73 rows=963 width=121)
	  Recheck Cond: ((id >= 6725957) AND (id <= 6726956))
	  ->  Bitmap Index Scan on sbtest4_pkey  (cost=0.00..34.07 rows=963 width=0)
	        Index Cond: ((id >= 6725957) AND (id <= 6726956))

table 5 : explain SELECT c FROM sbtest5 WHERE id BETWEEN 16172 AND 17171
	Bitmap Heap Scan on sbtest5  (cost=34.05..3647.15 rows=938 width=121)
	  Recheck Cond: ((id >= 16172) AND (id <= 17171))
	  ->  Bitmap Index Scan on sbtest5_pkey  (cost=0.00..33.82 rows=938 width=0)
	        Index Cond: ((id >= 16172) AND (id <= 17171))

table 6 : explain SELECT c FROM sbtest6 WHERE id BETWEEN 2142017 AND 2143016
	Bitmap Heap Scan on sbtest6  (cost=35.55..4191.74 rows=1084 width=121)
	  Recheck Cond: ((id >= 2142017) AND (id <= 2143016))
	  ->  Bitmap Index Scan on sbtest6_pkey  (cost=0.00..35.28 rows=1084 width=0)
	        Index Cond: ((id >= 2142017) AND (id <= 2143016))

table 7 : explain SELECT c FROM sbtest7 WHERE id BETWEEN 6220773 AND 6221772
	Bitmap Heap Scan on sbtest7  (cost=34.71..3881.14 rows=1002 width=121)
	  Recheck Cond: ((id >= 6220773) AND (id <= 6221772))
	  ->  Bitmap Index Scan on sbtest7_pkey  (cost=0.00..34.45 rows=1002 width=0)
	        Index Cond: ((id >= 6220773) AND (id <= 6221772))

table 8 : explain SELECT c FROM sbtest8 WHERE id BETWEEN 4674733 AND 4675732
	Bitmap Heap Scan on sbtest8  (cost=34.11..3663.17 rows=944 width=121)
	  Recheck Cond: ((id >= 4674733) AND (id <= 4675732))
	  ->  Bitmap Index Scan on sbtest8_pkey  (cost=0.00..33.88 rows=944 width=0)
	        Index Cond: ((id >= 4674733) AND (id <= 4675732))

for point_selects
table 1 : explain SELECT c FROM sbtest1 WHERE id=5923736
	Index Scan using sbtest1_pkey on sbtest1  (cost=0.43..8.45 rows=1 width=121)
	  Index Cond: (id = 5923736)

table 2 : explain SELECT c FROM sbtest2 WHERE id=1499127
	Index Scan using sbtest2_pkey on sbtest2  (cost=0.43..8.45 rows=1 width=121)
	  Index Cond: (id = 1499127)

table 3 : explain SELECT c FROM sbtest3 WHERE id=999719
	Index Scan using sbtest3_pkey on sbtest3  (cost=0.43..8.45 rows=1 width=121)
	  Index Cond: (id = 999719)

table 4 : explain SELECT c FROM sbtest4 WHERE id=633527
	Index Scan using sbtest4_pkey on sbtest4  (cost=0.43..8.45 rows=1 width=121)
	  Index Cond: (id = 633527)

table 5 : explain SELECT c FROM sbtest5 WHERE id=6592090
	Index Scan using sbtest5_pkey on sbtest5  (cost=0.43..8.45 rows=1 width=121)
	  Index Cond: (id = 6592090)

table 6 : explain SELECT c FROM sbtest6 WHERE id=4248441
	Index Scan using sbtest6_pkey on sbtest6  (cost=0.43..8.45 rows=1 width=121)
	  Index Cond: (id = 4248441)

table 7 : explain SELECT c FROM sbtest7 WHERE id=8071519
	Index Scan using sbtest7_pkey on sbtest7  (cost=0.43..8.45 rows=1 width=121)
	  Index Cond: (id = 8071519)

table 8 : explain SELECT c FROM sbtest8 WHERE id=6412838
	Index Scan using sbtest8_pkey on sbtest8  (cost=0.43..8.45 rows=1 width=121)
	  Index Cond: (id = 6412838)

for point_selects
table 1 : explain SELECT c FROM sbtest1 WHERE id=7186153
	Index Scan using sbtest1_pkey on sbtest1  (cost=0.43..8.45 rows=1 width=121)
	  Index Cond: (id = 7186153)

table 2 : explain SELECT c FROM sbtest2 WHERE id=7114610
	Index Scan using sbtest2_pkey on sbtest2  (cost=0.43..8.45 rows=1 width=121)
	  Index Cond: (id = 7114610)

table 3 : explain SELECT c FROM sbtest3 WHERE id=590738
	Index Scan using sbtest3_pkey on sbtest3  (cost=0.43..8.45 rows=1 width=121)
	  Index Cond: (id = 590738)

table 4 : explain SELECT c FROM sbtest4 WHERE id=9649784
	Index Scan using sbtest4_pkey on sbtest4  (cost=0.43..8.45 rows=1 width=121)
	  Index Cond: (id = 9649784)

table 5 : explain SELECT c FROM sbtest5 WHERE id=8947771
	Index Scan using sbtest5_pkey on sbtest5  (cost=0.43..8.45 rows=1 width=121)
	  Index Cond: (id = 8947771)

table 6 : explain SELECT c FROM sbtest6 WHERE id=9231423
	Index Scan using sbtest6_pkey on sbtest6  (cost=0.43..8.45 rows=1 width=121)
	  Index Cond: (id = 9231423)

table 7 : explain SELECT c FROM sbtest7 WHERE id=3407365
	Index Scan using sbtest7_pkey on sbtest7  (cost=0.43..8.45 rows=1 width=121)
	  Index Cond: (id = 3407365)

table 8 : explain SELECT c FROM sbtest8 WHERE id=8036930
	Index Scan using sbtest8_pkey on sbtest8  (cost=0.43..8.45 rows=1 width=121)
	  Index Cond: (id = 8036930)

explain: for point_selects :: explain SELECT c FROM sbtest%u WHERE id=%u
for: simple_ranges
table 1 : explain SELECT c FROM sbtest1 WHERE id BETWEEN 1578233 AND 1579232
	Bitmap Heap Scan on sbtest1  (cost=34.30..3730.68 rows=962 width=121)
	  Recheck Cond: ((id >= 1578233) AND (id <= 1579232))
	  ->  Bitmap Index Scan on sbtest1_pkey  (cost=0.00..34.06 rows=962 width=0)
	        Index Cond: ((id >= 1578233) AND (id <= 1579232))

table 2 : explain SELECT c FROM sbtest2 WHERE id BETWEEN 5695559 AND 5696558
	Bitmap Heap Scan on sbtest2  (cost=29.79..3542.16 rows=913 width=121)
	  Recheck Cond: ((id >= 5695559) AND (id <= 5696558))
	  ->  Bitmap Index Scan on sbtest2_pkey  (cost=0.00..29.57 rows=913 width=0)
	        Index Cond: ((id >= 5695559) AND (id <= 5696558))

table 3 : explain SELECT c FROM sbtest3 WHERE id BETWEEN 8494277 AND 8495276
	Bitmap Heap Scan on sbtest3  (cost=34.25..3716.49 rows=958 width=121)
	  Recheck Cond: ((id >= 8494277) AND (id <= 8495276))
	  ->  Bitmap Index Scan on sbtest3_pkey  (cost=0.00..34.02 rows=958 width=0)
	        Index Cond: ((id >= 8494277) AND (id <= 8495276))

table 4 : explain SELECT c FROM sbtest4 WHERE id BETWEEN 5037329 AND 5038328
	Bitmap Heap Scan on sbtest4  (cost=34.47..3802.25 rows=979 width=121)
	  Recheck Cond: ((id >= 5037329) AND (id <= 5038328))
	  ->  Bitmap Index Scan on sbtest4_pkey  (cost=0.00..34.23 rows=979 width=0)
	        Index Cond: ((id >= 5037329) AND (id <= 5038328))

table 5 : explain SELECT c FROM sbtest5 WHERE id BETWEEN 2930524 AND 2931523
	Bitmap Heap Scan on sbtest5  (cost=34.57..3840.11 rows=989 width=121)
	  Recheck Cond: ((id >= 2930524) AND (id <= 2931523))
	  ->  Bitmap Index Scan on sbtest5_pkey  (cost=0.00..34.33 rows=989 width=0)
	        Index Cond: ((id >= 2930524) AND (id <= 2931523))

table 6 : explain SELECT c FROM sbtest6 WHERE id BETWEEN 9773690 AND 9774689
	Bitmap Heap Scan on sbtest6  (cost=35.76..4270.66 rows=1105 width=121)
	  Recheck Cond: ((id >= 9773690) AND (id <= 9774689))
	  ->  Bitmap Index Scan on sbtest6_pkey  (cost=0.00..35.48 rows=1105 width=0)
	        Index Cond: ((id >= 9773690) AND (id <= 9774689))

table 7 : explain SELECT c FROM sbtest7 WHERE id BETWEEN 7147126 AND 7148125
	Bitmap Heap Scan on sbtest7  (cost=39.78..4276.21 rows=1107 width=121)
	  Recheck Cond: ((id >= 7147126) AND (id <= 7148125))
	  ->  Bitmap Index Scan on sbtest7_pkey  (cost=0.00..39.51 rows=1107 width=0)
	        Index Cond: ((id >= 7147126) AND (id <= 7148125))

table 8 : explain SELECT c FROM sbtest8 WHERE id BETWEEN 1266438 AND 1267437
	Bitmap Heap Scan on sbtest8  (cost=34.36..3753.74 rows=968 width=121)
	  Recheck Cond: ((id >= 1266438) AND (id <= 1267437))
	  ->  Bitmap Index Scan on sbtest8_pkey  (cost=0.00..34.12 rows=968 width=0)
	        Index Cond: ((id >= 1266438) AND (id <= 1267437))

for: simple_ranges
table 1 : explain SELECT c FROM sbtest1 WHERE id BETWEEN 9199643 AND 9200642
	Bitmap Heap Scan on sbtest1  (cost=30.14..3670.08 rows=947 width=121)
	  Recheck Cond: ((id >= 9199643) AND (id <= 9200642))
	  ->  Bitmap Index Scan on sbtest1_pkey  (cost=0.00..29.90 rows=947 width=0)
	        Index Cond: ((id >= 9199643) AND (id <= 9200642))

table 2 : explain SELECT c FROM sbtest2 WHERE id BETWEEN 8314906 AND 8315905
	Bitmap Heap Scan on sbtest2  (cost=34.24..3712.33 rows=957 width=121)
	  Recheck Cond: ((id >= 8314906) AND (id <= 8315905))
	  ->  Bitmap Index Scan on sbtest2_pkey  (cost=0.00..34.01 rows=957 width=0)
	        Index Cond: ((id >= 8314906) AND (id <= 8315905))

table 3 : explain SELECT c FROM sbtest3 WHERE id BETWEEN 902753 AND 903752
	Bitmap Heap Scan on sbtest3  (cost=34.76..3901.27 rows=1007 width=121)
	  Recheck Cond: ((id >= 902753) AND (id <= 903752))
	  ->  Bitmap Index Scan on sbtest3_pkey  (cost=0.00..34.51 rows=1007 width=0)
	        Index Cond: ((id >= 902753) AND (id <= 903752))

table 4 : explain SELECT c FROM sbtest4 WHERE id BETWEEN 178545 AND 179544
	Bitmap Heap Scan on sbtest4  (cost=34.50..3813.59 rows=982 width=121)
	  Recheck Cond: ((id >= 178545) AND (id <= 179544))
	  ->  Bitmap Index Scan on sbtest4_pkey  (cost=0.00..34.26 rows=982 width=0)
	        Index Cond: ((id >= 178545) AND (id <= 179544))

table 5 : explain SELECT c FROM sbtest5 WHERE id BETWEEN 9617973 AND 9618972
	Bitmap Heap Scan on sbtest5  (cost=34.36..3760.69 rows=968 width=121)
	  Recheck Cond: ((id >= 9617973) AND (id <= 9618972))
	  ->  Bitmap Index Scan on sbtest5_pkey  (cost=0.00..34.12 rows=968 width=0)
	        Index Cond: ((id >= 9617973) AND (id <= 9618972))

table 6 : explain SELECT c FROM sbtest6 WHERE id BETWEEN 6405665 AND 6406664
	Bitmap Heap Scan on sbtest6  (cost=35.19..4060.10 rows=1049 width=121)
	  Recheck Cond: ((id >= 6405665) AND (id <= 6406664))
	  ->  Bitmap Index Scan on sbtest6_pkey  (cost=0.00..34.93 rows=1049 width=0)
	        Index Cond: ((id >= 6405665) AND (id <= 6406664))

table 7 : explain SELECT c FROM sbtest7 WHERE id BETWEEN 5869647 AND 5870646
	Bitmap Heap Scan on sbtest7  (cost=34.37..3756.77 rows=969 width=121)
	  Recheck Cond: ((id >= 5869647) AND (id <= 5870646))
	  ->  Bitmap Index Scan on sbtest7_pkey  (cost=0.00..34.12 rows=969 width=0)
	        Index Cond: ((id >= 5869647) AND (id <= 5870646))

table 8 : explain SELECT c FROM sbtest8 WHERE id BETWEEN 7377795 AND 7378794
	Bitmap Heap Scan on sbtest8  (cost=35.34..4115.27 rows=1064 width=121)
	  Recheck Cond: ((id >= 7377795) AND (id <= 7378794))
	  ->  Bitmap Index Scan on sbtest8_pkey  (cost=0.00..35.08 rows=1064 width=0)
	        Index Cond: ((id >= 7377795) AND (id <= 7378794))

for: simple_ranges
table 1 : explain SELECT c FROM sbtest1 WHERE id BETWEEN 4921985 AND 4922984
	Bitmap Heap Scan on sbtest1  (cost=29.99..3613.45 rows=932 width=121)
	  Recheck Cond: ((id >= 4921985) AND (id <= 4922984))
	  ->  Bitmap Index Scan on sbtest1_pkey  (cost=0.00..29.75 rows=932 width=0)
	        Index Cond: ((id >= 4921985) AND (id <= 4922984))

table 2 : explain SELECT c FROM sbtest2 WHERE id BETWEEN 1624858 AND 1625857
	Bitmap Heap Scan on sbtest2  (cost=34.42..3776.47 rows=974 width=121)
	  Recheck Cond: ((id >= 1624858) AND (id <= 1625857))
	  ->  Bitmap Index Scan on sbtest2_pkey  (cost=0.00..34.18 rows=974 width=0)
	        Index Cond: ((id >= 1624858) AND (id <= 1625857))

table 3 : explain SELECT c FROM sbtest3 WHERE id BETWEEN 8575881 AND 8576880
	Bitmap Heap Scan on sbtest3  (cost=35.05..4010.49 rows=1036 width=121)
	  Recheck Cond: ((id >= 8575881) AND (id <= 8576880))
	  ->  Bitmap Index Scan on sbtest3_pkey  (cost=0.00..34.80 rows=1036 width=0)
	        Index Cond: ((id >= 8575881) AND (id <= 8576880))

table 4 : explain SELECT c FROM sbtest4 WHERE id BETWEEN 7471630 AND 7472629
	Bitmap Heap Scan on sbtest4  (cost=34.70..3885.41 rows=1001 width=121)
	  Recheck Cond: ((id >= 7471630) AND (id <= 7472629))
	  ->  Bitmap Index Scan on sbtest4_pkey  (cost=0.00..34.45 rows=1001 width=0)
	        Index Cond: ((id >= 7471630) AND (id <= 7472629))

table 5 : explain SELECT c FROM sbtest5 WHERE id BETWEEN 2262437 AND 2263436
	Bitmap Heap Scan on sbtest5  (cost=39.79..4293.11 rows=1108 width=121)
	  Recheck Cond: ((id >= 2262437) AND (id <= 2263436))
	  ->  Bitmap Index Scan on sbtest5_pkey  (cost=0.00..39.52 rows=1108 width=0)
	        Index Cond: ((id >= 2262437) AND (id <= 2263436))

table 6 : explain SELECT c FROM sbtest6 WHERE id BETWEEN 6896995 AND 6897994
	Bitmap Heap Scan on sbtest6  (cost=34.64..3860.45 rows=996 width=121)
	  Recheck Cond: ((id >= 6896995) AND (id <= 6897994))
	  ->  Bitmap Index Scan on sbtest6_pkey  (cost=0.00..34.40 rows=996 width=0)
	        Index Cond: ((id >= 6896995) AND (id <= 6897994))

table 7 : explain SELECT c FROM sbtest7 WHERE id BETWEEN 3301604 AND 3302603
	Bitmap Heap Scan on sbtest7  (cost=35.21..4065.55 rows=1051 width=121)
	  Recheck Cond: ((id >= 3301604) AND (id <= 3302603))
	  ->  Bitmap Index Scan on sbtest7_pkey  (cost=0.00..34.95 rows=1051 width=0)
	        Index Cond: ((id >= 3301604) AND (id <= 3302603))

table 8 : explain SELECT c FROM sbtest8 WHERE id BETWEEN 9843336 AND 9844335
	Bitmap Heap Scan on sbtest8  (cost=29.91..3583.63 rows=924 width=121)
	  Recheck Cond: ((id >= 9843336) AND (id <= 9844335))
	  ->  Bitmap Index Scan on sbtest8_pkey  (cost=0.00..29.68 rows=924 width=0)
	        Index Cond: ((id >= 9843336) AND (id <= 9844335))

explain: for point_selects :: explain SELECT c FROM sbtest%u WHERE id=%u
for point_selects
table 1 : explain SELECT c FROM sbtest1 WHERE id=3596250
	Index Scan using sbtest1_pkey on sbtest1  (cost=0.43..8.45 rows=1 width=121)
	  Index Cond: (id = 3596250)

table 2 : explain SELECT c FROM sbtest2 WHERE id=1843502
	Index Scan using sbtest2_pkey on sbtest2  (cost=0.43..8.45 rows=1 width=121)
	  Index Cond: (id = 1843502)

table 3 : explain SELECT c FROM sbtest3 WHERE id=4694941
	Index Scan using sbtest3_pkey on sbtest3  (cost=0.43..8.45 rows=1 width=121)
	  Index Cond: (id = 4694941)

table 4 : explain SELECT c FROM sbtest4 WHERE id=9025335
	Index Scan using sbtest4_pkey on sbtest4  (cost=0.43..8.45 rows=1 width=121)
	  Index Cond: (id = 9025335)

table 5 : explain SELECT c FROM sbtest5 WHERE id=9132057
	Index Scan using sbtest5_pkey on sbtest5  (cost=0.43..8.45 rows=1 width=121)
	  Index Cond: (id = 9132057)

table 6 : explain SELECT c FROM sbtest6 WHERE id=489503
	Index Scan using sbtest6_pkey on sbtest6  (cost=0.43..8.45 rows=1 width=121)
	  Index Cond: (id = 489503)

table 7 : explain SELECT c FROM sbtest7 WHERE id=5354658
	Index Scan using sbtest7_pkey on sbtest7  (cost=0.43..8.45 rows=1 width=121)
	  Index Cond: (id = 5354658)

table 8 : explain SELECT c FROM sbtest8 WHERE id=158237
	Index Scan using sbtest8_pkey on sbtest8  (cost=0.43..8.45 rows=1 width=121)
	  Index Cond: (id = 158237)

for: sum_ranges
table 1 : explain SELECT SUM(k) FROM sbtest1 WHERE id BETWEEN 1056802 AND 1057801
	Aggregate  (cost=3872.66..3872.67 rows=1 width=8)
	  ->  Bitmap Heap Scan on sbtest1  (cost=34.67..3870.16 rows=999 width=4)
	        Recheck Cond: ((id >= 1056802) AND (id <= 1057801))
	        ->  Bitmap Index Scan on sbtest1_pkey  (cost=0.00..34.43 rows=999 width=0)
	              Index Cond: ((id >= 1056802) AND (id <= 1057801))

table 2 : explain SELECT SUM(k) FROM sbtest2 WHERE id BETWEEN 7597469 AND 7598468
	Aggregate  (cost=4016.41..4016.42 rows=1 width=8)
	  ->  Bitmap Heap Scan on sbtest2  (cost=35.06..4013.82 rows=1037 width=4)
	        Recheck Cond: ((id >= 7597469) AND (id <= 7598468))
	        ->  Bitmap Index Scan on sbtest2_pkey  (cost=0.00..34.81 rows=1037 width=0)
	              Index Cond: ((id >= 7597469) AND (id <= 7598468))

table 3 : explain SELECT SUM(k) FROM sbtest3 WHERE id BETWEEN 3679818 AND 3680817
	Aggregate  (cost=3873.62..3873.63 rows=1 width=8)
	  ->  Bitmap Heap Scan on sbtest3  (cost=34.67..3871.12 rows=999 width=4)
	        Recheck Cond: ((id >= 3679818) AND (id <= 3680817))
	        ->  Bitmap Index Scan on sbtest3_pkey  (cost=0.00..34.43 rows=999 width=0)
	              Index Cond: ((id >= 3679818) AND (id <= 3680817))

table 4 : explain SELECT SUM(k) FROM sbtest4 WHERE id BETWEEN 1713857 AND 1714856
	Aggregate  (cost=4088.15..4088.16 rows=1 width=8)
	  ->  Bitmap Heap Scan on sbtest4  (cost=35.24..4085.52 rows=1054 width=4)
	        Recheck Cond: ((id >= 1713857) AND (id <= 1714856))
	        ->  Bitmap Index Scan on sbtest4_pkey  (cost=0.00..34.98 rows=1054 width=0)
	              Index Cond: ((id >= 1713857) AND (id <= 1714856))

table 5 : explain SELECT SUM(k) FROM sbtest5 WHERE id BETWEEN 4078410 AND 4079409
	Aggregate  (cost=3937.11..3937.12 rows=1 width=8)
	  ->  Bitmap Heap Scan on sbtest5  (cost=34.83..3934.58 rows=1014 width=4)
	        Recheck Cond: ((id >= 4078410) AND (id <= 4079409))
	        ->  Bitmap Index Scan on sbtest5_pkey  (cost=0.00..34.58 rows=1014 width=0)
	              Index Cond: ((id >= 4078410) AND (id <= 4079409))

table 6 : explain SELECT SUM(k) FROM sbtest6 WHERE id BETWEEN 9336651 AND 9337650
	Aggregate  (cost=3813.88..3813.89 rows=1 width=8)
	  ->  Bitmap Heap Scan on sbtest6  (cost=34.51..3811.43 rows=983 width=4)
	        Recheck Cond: ((id >= 9336651) AND (id <= 9337650))
	        ->  Bitmap Index Scan on sbtest6_pkey  (cost=0.00..34.27 rows=983 width=0)
	              Index Cond: ((id >= 9336651) AND (id <= 9337650))

table 7 : explain SELECT SUM(k) FROM sbtest7 WHERE id BETWEEN 877815 AND 878814
	Aggregate  (cost=4248.66..4248.67 rows=1 width=8)
	  ->  Bitmap Heap Scan on sbtest7  (cost=35.70..4245.91 rows=1099 width=4)
	        Recheck Cond: ((id >= 877815) AND (id <= 878814))
	        ->  Bitmap Index Scan on sbtest7_pkey  (cost=0.00..35.43 rows=1099 width=0)
	              Index Cond: ((id >= 877815) AND (id <= 878814))

table 8 : explain SELECT SUM(k) FROM sbtest8 WHERE id BETWEEN 1016866 AND 1017865
	Aggregate  (cost=4117.93..4117.94 rows=1 width=8)
	  ->  Bitmap Heap Scan on sbtest8  (cost=35.34..4115.27 rows=1064 width=4)
	        Recheck Cond: ((id >= 1016866) AND (id <= 1017865))
	        ->  Bitmap Index Scan on sbtest8_pkey  (cost=0.00..35.08 rows=1064 width=0)
	              Index Cond: ((id >= 1016866) AND (id <= 1017865))

for: simple_ranges
table 1 : explain SELECT c FROM sbtest1 WHERE id BETWEEN 2157330 AND 2158329
	Bitmap Heap Scan on sbtest1  (cost=40.22..4437.89 rows=1150 width=121)
	  Recheck Cond: ((id >= 2157330) AND (id <= 2158329))
	  ->  Bitmap Index Scan on sbtest1_pkey  (cost=0.00..39.94 rows=1150 width=0)
	        Index Cond: ((id >= 2157330) AND (id <= 2158329))

table 2 : explain SELECT c FROM sbtest2 WHERE id BETWEEN 170822 AND 171821
	Bitmap Heap Scan on sbtest2  (cost=34.73..3889.56 rows=1004 width=121)
	  Recheck Cond: ((id >= 170822) AND (id <= 171821))
	  ->  Bitmap Index Scan on sbtest2_pkey  (cost=0.00..34.48 rows=1004 width=0)
	        Index Cond: ((id >= 170822) AND (id <= 171821))

table 3 : explain SELECT c FROM sbtest3 WHERE id BETWEEN 2216645 AND 2217644
	Bitmap Heap Scan on sbtest3  (cost=29.47..3421.48 rows=881 width=121)
	  Recheck Cond: ((id >= 2216645) AND (id <= 2217644))
	  ->  Bitmap Index Scan on sbtest3_pkey  (cost=0.00..29.25 rows=881 width=0)
	        Index Cond: ((id >= 2216645) AND (id <= 2217644))

table 4 : explain SELECT c FROM sbtest4 WHERE id BETWEEN 2647170 AND 2648169
	Bitmap Heap Scan on sbtest4  (cost=35.60..4217.48 rows=1089 width=121)
	  Recheck Cond: ((id >= 2647170) AND (id <= 2648169))
	  ->  Bitmap Index Scan on sbtest4_pkey  (cost=0.00..35.33 rows=1089 width=0)
	        Index Cond: ((id >= 2647170) AND (id <= 2648169))

table 5 : explain SELECT c FROM sbtest5 WHERE id BETWEEN 2649279 AND 2650278
	Bitmap Heap Scan on sbtest5  (cost=34.04..3643.36 rows=937 width=121)
	  Recheck Cond: ((id >= 2649279) AND (id <= 2650278))
	  ->  Bitmap Index Scan on sbtest5_pkey  (cost=0.00..33.81 rows=937 width=0)
	        Index Cond: ((id >= 2649279) AND (id <= 2650278))

table 6 : explain SELECT c FROM sbtest6 WHERE id BETWEEN 8993220 AND 8994219
	Bitmap Heap Scan on sbtest6  (cost=34.33..3743.51 rows=965 width=121)
	  Recheck Cond: ((id >= 8993220) AND (id <= 8994219))
	  ->  Bitmap Index Scan on sbtest6_pkey  (cost=0.00..34.09 rows=965 width=0)
	        Index Cond: ((id >= 8993220) AND (id <= 8994219))

table 7 : explain SELECT c FROM sbtest7 WHERE id BETWEEN 6931039 AND 6932038
	Bitmap Heap Scan on sbtest7  (cost=34.40..3768.09 rows=972 width=121)
	  Recheck Cond: ((id >= 6931039) AND (id <= 6932038))
	  ->  Bitmap Index Scan on sbtest7_pkey  (cost=0.00..34.16 rows=972 width=0)
	        Index Cond: ((id >= 6931039) AND (id <= 6932038))

table 8 : explain SELECT c FROM sbtest8 WHERE id BETWEEN 6622829 AND 6623828
	Bitmap Heap Scan on sbtest8  (cost=35.15..4043.81 rows=1045 width=121)
	  Recheck Cond: ((id >= 6622829) AND (id <= 6623828))
	  ->  Bitmap Index Scan on sbtest8_pkey  (cost=0.00..34.89 rows=1045 width=0)
	        Index Cond: ((id >= 6622829) AND (id <= 6623828))

for point_selects
table 1 : explain SELECT c FROM sbtest1 WHERE id=6876573
	Index Scan using sbtest1_pkey on sbtest1  (cost=0.43..8.45 rows=1 width=121)
	  Index Cond: (id = 6876573)

table 2 : explain SELECT c FROM sbtest2 WHERE id=7466140
	Index Scan using sbtest2_pkey on sbtest2  (cost=0.43..8.45 rows=1 width=121)
	  Index Cond: (id = 7466140)

table 3 : explain SELECT c FROM sbtest3 WHERE id=7590112
	Index Scan using sbtest3_pkey on sbtest3  (cost=0.43..8.45 rows=1 width=121)
	  Index Cond: (id = 7590112)

table 4 : explain SELECT c FROM sbtest4 WHERE id=8251020
	Index Scan using sbtest4_pkey on sbtest4  (cost=0.43..8.45 rows=1 width=121)
	  Index Cond: (id = 8251020)

table 5 : explain SELECT c FROM sbtest5 WHERE id=2077956
	Index Scan using sbtest5_pkey on sbtest5  (cost=0.43..8.45 rows=1 width=121)
	  Index Cond: (id = 2077956)

table 6 : explain SELECT c FROM sbtest6 WHERE id=6276906
	Index Scan using sbtest6_pkey on sbtest6  (cost=0.43..8.45 rows=1 width=121)
	  Index Cond: (id = 6276906)

table 7 : explain SELECT c FROM sbtest7 WHERE id=2644527
	Index Scan using sbtest7_pkey on sbtest7  (cost=0.43..8.45 rows=1 width=121)
	  Index Cond: (id = 2644527)

table 8 : explain SELECT c FROM sbtest8 WHERE id=8600722
	Index Scan using sbtest8_pkey on sbtest8  (cost=0.43..8.45 rows=1 width=121)
	  Index Cond: (id = 8600722)

for: order_ranges
table 1 : explain SELECT c FROM sbtest1 WHERE id BETWEEN 4564495 AND 4565494 ORDER BY c
	Sort  (cost=3877.86..3880.33 rows=988 width=121)
	  Sort Key: c
	  ->  Bitmap Heap Scan on sbtest1  (cost=34.56..3828.71 rows=988 width=121)
	        Recheck Cond: ((id >= 4564495) AND (id <= 4565494))
	        ->  Bitmap Index Scan on sbtest1_pkey  (cost=0.00..34.32 rows=988 width=0)
	              Index Cond: ((id >= 4564495) AND (id <= 4565494))

table 2 : explain SELECT c FROM sbtest2 WHERE id BETWEEN 8970434 AND 8971433 ORDER BY c
	Sort  (cost=3763.55..3765.94 rows=958 width=121)
	  Sort Key: c
	  ->  Bitmap Heap Scan on sbtest2  (cost=34.25..3716.11 rows=958 width=121)
	        Recheck Cond: ((id >= 8970434) AND (id <= 8971433))
	        ->  Bitmap Index Scan on sbtest2_pkey  (cost=0.00..34.02 rows=958 width=0)
	              Index Cond: ((id >= 8970434) AND (id <= 8971433))

table 3 : explain SELECT c FROM sbtest3 WHERE id BETWEEN 7006399 AND 7007398 ORDER BY c
	Sort  (cost=3721.78..3724.15 rows=947 width=121)
	  Sort Key: c
	  ->  Bitmap Heap Scan on sbtest3  (cost=34.14..3674.96 rows=947 width=121)
	        Recheck Cond: ((id >= 7006399) AND (id <= 7007398))
	        ->  Bitmap Index Scan on sbtest3_pkey  (cost=0.00..33.91 rows=947 width=0)
	              Index Cond: ((id >= 7006399) AND (id <= 7007398))

table 4 : explain SELECT c FROM sbtest4 WHERE id BETWEEN 1085516 AND 1086515 ORDER BY c
	Sort  (cost=3927.63..3930.12 rows=999 width=121)
	  Sort Key: c
	  ->  Bitmap Heap Scan on sbtest4  (cost=34.67..3877.86 rows=999 width=121)
	        Recheck Cond: ((id >= 1085516) AND (id <= 1086515))
	        ->  Bitmap Index Scan on sbtest4_pkey  (cost=0.00..34.43 rows=999 width=0)
	              Index Cond: ((id >= 1085516) AND (id <= 1086515))

table 5 : explain SELECT c FROM sbtest5 WHERE id BETWEEN 6230200 AND 6231199 ORDER BY c
	Sort  (cost=3551.02..3553.27 rows=902 width=121)
	  Sort Key: c
	  ->  Bitmap Heap Scan on sbtest5  (cost=29.68..3506.74 rows=902 width=121)
	        Recheck Cond: ((id >= 6230200) AND (id <= 6231199))
	        ->  Bitmap Index Scan on sbtest5_pkey  (cost=0.00..29.45 rows=902 width=0)
	              Index Cond: ((id >= 6230200) AND (id <= 6231199))

table 6 : explain SELECT c FROM sbtest6 WHERE id BETWEEN 7519577 AND 7520576 ORDER BY c
	Sort  (cost=3776.02..3778.42 rows=961 width=121)
	  Sort Key: c
	  ->  Bitmap Heap Scan on sbtest6  (cost=34.29..3728.41 rows=961 width=121)
	        Recheck Cond: ((id >= 7519577) AND (id <= 7520576))
	        ->  Bitmap Index Scan on sbtest6_pkey  (cost=0.00..34.05 rows=961 width=0)
	              Index Cond: ((id >= 7519577) AND (id <= 7520576))

table 7 : explain SELECT c FROM sbtest7 WHERE id BETWEEN 4855848 AND 4856847 ORDER BY c
	Sort  (cost=4026.64..4029.21 rows=1027 width=121)
	  Sort Key: c
	  ->  Bitmap Heap Scan on sbtest7  (cost=34.96..3975.27 rows=1027 width=121)
	        Recheck Cond: ((id >= 4855848) AND (id <= 4856847))
	        ->  Bitmap Index Scan on sbtest7_pkey  (cost=0.00..34.70 rows=1027 width=0)
	              Index Cond: ((id >= 4855848) AND (id <= 4856847))

table 8 : explain SELECT c FROM sbtest8 WHERE id BETWEEN 6902811 AND 6903810 ORDER BY c
	Sort  (cost=4042.73..4045.31 rows=1031 width=121)
	  Sort Key: c
	  ->  Bitmap Heap Scan on sbtest8  (cost=35.00..3991.13 rows=1031 width=121)
	        Recheck Cond: ((id >= 6902811) AND (id <= 6903810))
	        ->  Bitmap Index Scan on sbtest8_pkey  (cost=0.00..34.75 rows=1031 width=0)
	              Index Cond: ((id >= 6902811) AND (id <= 6903810))

for: sum_ranges
table 1 : explain SELECT SUM(k) FROM sbtest1 WHERE id BETWEEN 1971309 AND 1972308
	Aggregate  (cost=3483.44..3483.45 rows=1 width=8)
	  ->  Bitmap Heap Scan on sbtest1  (cost=29.63..3481.20 rows=897 width=4)
	        Recheck Cond: ((id >= 1971309) AND (id <= 1972308))
	        ->  Bitmap Index Scan on sbtest1_pkey  (cost=0.00..29.40 rows=897 width=0)
	              Index Cond: ((id >= 1971309) AND (id <= 1972308))

table 2 : explain SELECT SUM(k) FROM sbtest2 WHERE id BETWEEN 7953241 AND 7954240
	Aggregate  (cost=3703.40..3703.41 rows=1 width=8)
	  ->  Bitmap Heap Scan on sbtest2  (cost=34.21..3701.01 rows=954 width=4)
	        Recheck Cond: ((id >= 7953241) AND (id <= 7954240))
	        ->  Bitmap Index Scan on sbtest2_pkey  (cost=0.00..33.98 rows=954 width=0)
	              Index Cond: ((id >= 7953241) AND (id <= 7954240))

table 3 : explain SELECT SUM(k) FROM sbtest3 WHERE id BETWEEN 2428436 AND 2429435
	Aggregate  (cost=3888.71..3888.72 rows=1 width=8)
	  ->  Bitmap Heap Scan on sbtest3  (cost=34.72..3886.20 rows=1003 width=4)
	        Recheck Cond: ((id >= 2428436) AND (id <= 2429435))
	        ->  Bitmap Index Scan on sbtest3_pkey  (cost=0.00..34.47 rows=1003 width=0)
	              Index Cond: ((id >= 2428436) AND (id <= 2429435))

table 4 : explain SELECT SUM(k) FROM sbtest4 WHERE id BETWEEN 5968203 AND 5969202
	Aggregate  (cost=3717.63..3717.64 rows=1 width=8)
	  ->  Bitmap Heap Scan on sbtest4  (cost=34.23..3715.24 rows=956 width=4)
	        Recheck Cond: ((id >= 5968203) AND (id <= 5969202))
	        ->  Bitmap Index Scan on sbtest4_pkey  (cost=0.00..34.00 rows=956 width=0)
	              Index Cond: ((id >= 5968203) AND (id <= 5969202))

table 5 : explain SELECT SUM(k) FROM sbtest5 WHERE id BETWEEN 3808724 AND 3809723
	Aggregate  (cost=4084.43..4084.44 rows=1 width=8)
	  ->  Bitmap Heap Scan on sbtest5  (cost=35.23..4081.80 rows=1053 width=4)
	        Recheck Cond: ((id >= 3808724) AND (id <= 3809723))
	        ->  Bitmap Index Scan on sbtest5_pkey  (cost=0.00..34.97 rows=1053 width=0)
	              Index Cond: ((id >= 3808724) AND (id <= 3809723))

table 6 : explain SELECT SUM(k) FROM sbtest6 WHERE id BETWEEN 4358461 AND 4359460
	Aggregate  (cost=3885.57..3885.58 rows=1 width=8)
	  ->  Bitmap Heap Scan on sbtest6  (cost=34.71..3883.07 rows=1002 width=4)
	        Recheck Cond: ((id >= 4358461) AND (id <= 4359460))
	        ->  Bitmap Index Scan on sbtest6_pkey  (cost=0.00..34.45 rows=1002 width=0)
	              Index Cond: ((id >= 4358461) AND (id <= 4359460))

table 7 : explain SELECT SUM(k) FROM sbtest7 WHERE id BETWEEN 4809341 AND 4810340
	Aggregate  (cost=3977.84..3977.85 rows=1 width=8)
	  ->  Bitmap Heap Scan on sbtest7  (cost=34.96..3975.27 rows=1027 width=4)
	        Recheck Cond: ((id >= 4809341) AND (id <= 4810340))
	        ->  Bitmap Index Scan on sbtest7_pkey  (cost=0.00..34.70 rows=1027 width=0)
	              Index Cond: ((id >= 4809341) AND (id <= 4810340))

table 8 : explain SELECT SUM(k) FROM sbtest8 WHERE id BETWEEN 3884382 AND 3885381
	Aggregate  (cost=4208.20..4208.21 rows=1 width=8)
	  ->  Bitmap Heap Scan on sbtest8  (cost=35.59..4205.48 rows=1088 width=4)
	        Recheck Cond: ((id >= 3884382) AND (id <= 3885381))
	        ->  Bitmap Index Scan on sbtest8_pkey  (cost=0.00..35.32 rows=1088 width=0)
	              Index Cond: ((id >= 3884382) AND (id <= 3885381))

for: sum_ranges
table 1 : explain SELECT SUM(k) FROM sbtest1 WHERE id BETWEEN 9499095 AND 9500094
	Aggregate  (cost=3400.17..3400.18 rows=1 width=8)
	  ->  Bitmap Heap Scan on sbtest1  (cost=29.40..3397.98 rows=875 width=4)
	        Recheck Cond: ((id >= 9499095) AND (id <= 9500094))
	        ->  Bitmap Index Scan on sbtest1_pkey  (cost=0.00..29.18 rows=875 width=0)
	              Index Cond: ((id >= 9499095) AND (id <= 9500094))

table 2 : explain SELECT SUM(k) FROM sbtest2 WHERE id BETWEEN 3689189 AND 3690188
	Aggregate  (cost=3827.96..3827.97 rows=1 width=8)
	  ->  Bitmap Heap Scan on sbtest2  (cost=34.55..3825.49 rows=987 width=4)
	        Recheck Cond: ((id >= 3689189) AND (id <= 3690188))
	        ->  Bitmap Index Scan on sbtest2_pkey  (cost=0.00..34.31 rows=987 width=0)
	              Index Cond: ((id >= 3689189) AND (id <= 3690188))

table 3 : explain SELECT SUM(k) FROM sbtest3 WHERE id BETWEEN 9374612 AND 9375611
	Aggregate  (cost=3544.80..3544.81 rows=1 width=8)
	  ->  Bitmap Heap Scan on sbtest3  (cost=29.79..3542.51 rows=913 width=4)
	        Recheck Cond: ((id >= 9374612) AND (id <= 9375611))
	        ->  Bitmap Index Scan on sbtest3_pkey  (cost=0.00..29.57 rows=913 width=0)
	              Index Cond: ((id >= 9374612) AND (id <= 9375611))

table 4 : explain SELECT SUM(k) FROM sbtest4 WHERE id BETWEEN 4343798 AND 4344797
	Aggregate  (cost=4303.36..4303.37 rows=1 width=8)
	  ->  Bitmap Heap Scan on sbtest4  (cost=39.81..4300.58 rows=1110 width=4)
	        Recheck Cond: ((id >= 4343798) AND (id <= 4344797))
	        ->  Bitmap Index Scan on sbtest4_pkey  (cost=0.00..39.54 rows=1110 width=0)
	              Index Cond: ((id >= 4343798) AND (id <= 4344797))

table 5 : explain SELECT SUM(k) FROM sbtest5 WHERE id BETWEEN 7177817 AND 7178816
	Aggregate  (cost=3660.86..3660.87 rows=1 width=8)
	  ->  Bitmap Heap Scan on sbtest5  (cost=34.08..3658.51 rows=941 width=4)
	        Recheck Cond: ((id >= 7177817) AND (id <= 7178816))
	        ->  Bitmap Index Scan on sbtest5_pkey  (cost=0.00..33.84 rows=941 width=0)
	              Index Cond: ((id >= 7177817) AND (id <= 7178816))

table 6 : explain SELECT SUM(k) FROM sbtest6 WHERE id BETWEEN 29448 AND 30447
	Aggregate  (cost=4032.59..4032.60 rows=1 width=8)
	  ->  Bitmap Heap Scan on sbtest6  (cost=35.11..4029.98 rows=1041 width=4)
	        Recheck Cond: ((id >= 29448) AND (id <= 30447))
	        ->  Bitmap Index Scan on sbtest6_pkey  (cost=0.00..34.84 rows=1041 width=0)
	              Index Cond: ((id >= 29448) AND (id <= 30447))

table 7 : explain SELECT SUM(k) FROM sbtest7 WHERE id BETWEEN 9096099 AND 9097098
	Aggregate  (cost=4094.52..4094.53 rows=1 width=8)
	  ->  Bitmap Heap Scan on sbtest7  (cost=35.28..4091.87 rows=1058 width=4)
	        Recheck Cond: ((id >= 9096099) AND (id <= 9097098))
	        ->  Bitmap Index Scan on sbtest7_pkey  (cost=0.00..35.02 rows=1058 width=0)
	              Index Cond: ((id >= 9096099) AND (id <= 9097098))

table 8 : explain SELECT SUM(k) FROM sbtest8 WHERE id BETWEEN 323561 AND 324560
	Aggregate  (cost=3808.99..3809.00 rows=1 width=8)
	  ->  Bitmap Heap Scan on sbtest8  (cost=34.50..3806.53 rows=982 width=4)
	        Recheck Cond: ((id >= 323561) AND (id <= 324560))
	        ->  Bitmap Index Scan on sbtest8_pkey  (cost=0.00..34.26 rows=982 width=0)
	              Index Cond: ((id >= 323561) AND (id <= 324560))

for: sum_ranges
table 1 : explain SELECT SUM(k) FROM sbtest1 WHERE id BETWEEN 4580073 AND 4581072
	Aggregate  (cost=4155.05..4155.06 rows=1 width=8)
	  ->  Bitmap Heap Scan on sbtest1  (cost=35.44..4152.37 rows=1074 width=4)
	        Recheck Cond: ((id >= 4580073) AND (id <= 4581072))
	        ->  Bitmap Index Scan on sbtest1_pkey  (cost=0.00..35.18 rows=1074 width=0)
	              Index Cond: ((id >= 4580073) AND (id <= 4581072))

table 2 : explain SELECT SUM(k) FROM sbtest2 WHERE id BETWEEN 1531555 AND 1532554
	Aggregate  (cost=3805.32..3805.33 rows=1 width=8)
	  ->  Bitmap Heap Scan on sbtest2  (cost=34.49..3802.87 rows=981 width=4)
	        Recheck Cond: ((id >= 1531555) AND (id <= 1532554))
	        ->  Bitmap Index Scan on sbtest2_pkey  (cost=0.00..34.25 rows=981 width=0)
	              Index Cond: ((id >= 1531555) AND (id <= 1532554))

table 3 : explain SELECT SUM(k) FROM sbtest3 WHERE id BETWEEN 1717750 AND 1718749
	Aggregate  (cost=3971.64..3971.65 rows=1 width=8)
	  ->  Bitmap Heap Scan on sbtest3  (cost=34.94..3969.07 rows=1025 width=4)
	        Recheck Cond: ((id >= 1717750) AND (id <= 1718749))
	        ->  Bitmap Index Scan on sbtest3_pkey  (cost=0.00..34.69 rows=1025 width=0)
	              Index Cond: ((id >= 1717750) AND (id <= 1718749))

table 4 : explain SELECT SUM(k) FROM sbtest4 WHERE id BETWEEN 6137239 AND 6138238
	Aggregate  (cost=3713.84..3713.85 rows=1 width=8)
	  ->  Bitmap Heap Scan on sbtest4  (cost=34.22..3711.46 rows=955 width=4)
	        Recheck Cond: ((id >= 6137239) AND (id <= 6138238))
	        ->  Bitmap Index Scan on sbtest4_pkey  (cost=0.00..33.98 rows=955 width=0)
	              Index Cond: ((id >= 6137239) AND (id <= 6138238))

table 5 : explain SELECT SUM(k) FROM sbtest5 WHERE id BETWEEN 8857897 AND 8858896
	Aggregate  (cost=4012.69..4012.70 rows=1 width=8)
	  ->  Bitmap Heap Scan on sbtest5  (cost=35.03..4010.10 rows=1034 width=4)
	        Recheck Cond: ((id >= 8857897) AND (id <= 8858896))
	        ->  Bitmap Index Scan on sbtest5_pkey  (cost=0.00..34.78 rows=1034 width=0)
	              Index Cond: ((id >= 8857897) AND (id <= 8858896))

table 6 : explain SELECT SUM(k) FROM sbtest6 WHERE id BETWEEN 7483562 AND 7484561
	Aggregate  (cost=3828.98..3828.99 rows=1 width=8)
	  ->  Bitmap Heap Scan on sbtest6  (cost=34.55..3826.51 rows=987 width=4)
	        Recheck Cond: ((id >= 7483562) AND (id <= 7484561))
	        ->  Bitmap Index Scan on sbtest6_pkey  (cost=0.00..34.31 rows=987 width=0)
	              Index Cond: ((id >= 7483562) AND (id <= 7484561))

table 7 : explain SELECT SUM(k) FROM sbtest7 WHERE id BETWEEN 1547786 AND 1548785
	Aggregate  (cost=4079.47..4079.48 rows=1 width=8)
	  ->  Bitmap Heap Scan on sbtest7  (cost=35.24..4076.83 rows=1054 width=4)
	        Recheck Cond: ((id >= 1547786) AND (id <= 1548785))
	        ->  Bitmap Index Scan on sbtest7_pkey  (cost=0.00..34.98 rows=1054 width=0)
	              Index Cond: ((id >= 1547786) AND (id <= 1548785))

table 8 : explain SELECT SUM(k) FROM sbtest8 WHERE id BETWEEN 1709457 AND 1710456
	Aggregate  (cost=3827.85..3827.86 rows=1 width=8)
	  ->  Bitmap Heap Scan on sbtest8  (cost=34.55..3825.38 rows=987 width=4)
	        Recheck Cond: ((id >= 1709457) AND (id <= 1710456))
	        ->  Bitmap Index Scan on sbtest8_pkey  (cost=0.00..34.31 rows=987 width=0)
	              Index Cond: ((id >= 1709457) AND (id <= 1710456))

for: sum_ranges
table 1 : explain SELECT SUM(k) FROM sbtest1 WHERE id BETWEEN 4671908 AND 4672907
	Aggregate  (cost=3672.45..3672.46 rows=1 width=8)
	  ->  Bitmap Heap Scan on sbtest1  (cost=30.14..3670.08 rows=947 width=4)
	        Recheck Cond: ((id >= 4671908) AND (id <= 4672907))
	        ->  Bitmap Index Scan on sbtest1_pkey  (cost=0.00..29.90 rows=947 width=0)
	              Index Cond: ((id >= 4671908) AND (id <= 4672907))

table 2 : explain SELECT SUM(k) FROM sbtest2 WHERE id BETWEEN 662859 AND 663858
	Aggregate  (cost=4110.52..4110.53 rows=1 width=8)
	  ->  Bitmap Heap Scan on sbtest2  (cost=35.32..4107.87 rows=1062 width=4)
	        Recheck Cond: ((id >= 662859) AND (id <= 663858))
	        ->  Bitmap Index Scan on sbtest2_pkey  (cost=0.00..35.06 rows=1062 width=0)
	              Index Cond: ((id >= 662859) AND (id <= 663858))

table 3 : explain SELECT SUM(k) FROM sbtest3 WHERE id BETWEEN 8392075 AND 8393074
	Aggregate  (cost=3522.10..3522.11 rows=1 width=8)
	  ->  Bitmap Heap Scan on sbtest3  (cost=29.73..3519.83 rows=907 width=4)
	        Recheck Cond: ((id >= 8392075) AND (id <= 8393074))
	        ->  Bitmap Index Scan on sbtest3_pkey  (cost=0.00..29.50 rows=907 width=0)
	              Index Cond: ((id >= 8392075) AND (id <= 8393074))

table 4 : explain SELECT SUM(k) FROM sbtest4 WHERE id BETWEEN 2537315 AND 2538314
	Aggregate  (cost=3554.47..3554.48 rows=1 width=8)
	  ->  Bitmap Heap Scan on sbtest4  (cost=29.80..3552.18 rows=914 width=4)
	        Recheck Cond: ((id >= 2537315) AND (id <= 2538314))
	        ->  Bitmap Index Scan on sbtest4_pkey  (cost=0.00..29.57 rows=914 width=0)
	              Index Cond: ((id >= 2537315) AND (id <= 2538314))

table 5 : explain SELECT SUM(k) FROM sbtest5 WHERE id BETWEEN 7535584 AND 7536583
	Aggregate  (cost=3850.15..3850.16 rows=1 width=8)
	  ->  Bitmap Heap Scan on sbtest5  (cost=34.59..3847.67 rows=991 width=4)
	        Recheck Cond: ((id >= 7535584) AND (id <= 7536583))
	        ->  Bitmap Index Scan on sbtest5_pkey  (cost=0.00..34.34 rows=991 width=0)
	              Index Cond: ((id >= 7535584) AND (id <= 7536583))

table 6 : explain SELECT SUM(k) FROM sbtest6 WHERE id BETWEEN 7703831 AND 7704830
	Aggregate  (cost=3896.89..3896.90 rows=1 width=8)
	  ->  Bitmap Heap Scan on sbtest6  (cost=34.74..3894.38 rows=1005 width=4)
	        Recheck Cond: ((id >= 7703831) AND (id <= 7704830))
	        ->  Bitmap Index Scan on sbtest6_pkey  (cost=0.00..34.48 rows=1005 width=0)
	              Index Cond: ((id >= 7703831) AND (id <= 7704830))

table 7 : explain SELECT SUM(k) FROM sbtest7 WHERE id BETWEEN 4021554 AND 4022553
	Aggregate  (cost=3932.64..3932.65 rows=1 width=8)
	  ->  Bitmap Heap Scan on sbtest7  (cost=34.84..3930.10 rows=1015 width=4)
	        Recheck Cond: ((id >= 4021554) AND (id <= 4022553))
	        ->  Bitmap Index Scan on sbtest7_pkey  (cost=0.00..34.59 rows=1015 width=0)
	              Index Cond: ((id >= 4021554) AND (id <= 4022553))

table 8 : explain SELECT SUM(k) FROM sbtest8 WHERE id BETWEEN 1926077 AND 1927076
	Aggregate  (cost=3963.57..3963.58 rows=1 width=8)
	  ->  Bitmap Heap Scan on sbtest8  (cost=34.92..3961.01 rows=1023 width=4)
	        Recheck Cond: ((id >= 1926077) AND (id <= 1927076))
	        ->  Bitmap Index Scan on sbtest8_pkey  (cost=0.00..34.67 rows=1023 width=0)
	              Index Cond: ((id >= 1926077) AND (id <= 1927076))

for: sum_ranges
table 1 : explain SELECT SUM(k) FROM sbtest1 WHERE id BETWEEN 7285686 AND 7286685
	Aggregate  (cost=3808.55..3808.56 rows=1 width=8)
	  ->  Bitmap Heap Scan on sbtest1  (cost=34.50..3806.10 rows=982 width=4)
	        Recheck Cond: ((id >= 7285686) AND (id <= 7286685))
	        ->  Bitmap Index Scan on sbtest1_pkey  (cost=0.00..34.26 rows=982 width=0)
	              Index Cond: ((id >= 7285686) AND (id <= 7286685))

table 2 : explain SELECT SUM(k) FROM sbtest2 WHERE id BETWEEN 4108278 AND 4109277
	Aggregate  (cost=4174.47..4174.48 rows=1 width=8)
	  ->  Bitmap Heap Scan on sbtest2  (cost=35.49..4171.78 rows=1079 width=4)
	        Recheck Cond: ((id >= 4108278) AND (id <= 4109277))
	        ->  Bitmap Index Scan on sbtest2_pkey  (cost=0.00..35.23 rows=1079 width=0)
	              Index Cond: ((id >= 4108278) AND (id <= 4109277))

table 3 : explain SELECT SUM(k) FROM sbtest3 WHERE id BETWEEN 5534452 AND 5535451
	Aggregate  (cost=3854.76..3854.77 rows=1 width=8)
	  ->  Bitmap Heap Scan on sbtest3  (cost=34.62..3852.28 rows=994 width=4)
	        Recheck Cond: ((id >= 5534452) AND (id <= 5535451))
	        ->  Bitmap Index Scan on sbtest3_pkey  (cost=0.00..34.38 rows=994 width=0)
	              Index Cond: ((id >= 5534452) AND (id <= 5535451))

table 4 : explain SELECT SUM(k) FROM sbtest4 WHERE id BETWEEN 6643614 AND 6644613
	Aggregate  (cost=4023.96..4023.97 rows=1 width=8)
	  ->  Bitmap Heap Scan on sbtest4  (cost=35.06..4021.37 rows=1037 width=4)
	        Recheck Cond: ((id >= 6643614) AND (id <= 6644613))
	        ->  Bitmap Index Scan on sbtest4_pkey  (cost=0.00..34.81 rows=1037 width=0)
	              Index Cond: ((id >= 6643614) AND (id <= 6644613))

table 5 : explain SELECT SUM(k) FROM sbtest5 WHERE id BETWEEN 2850509 AND 2851508
	Aggregate  (cost=3581.06..3581.07 rows=1 width=8)
	  ->  Bitmap Heap Scan on sbtest5  (cost=29.88..3578.75 rows=921 width=4)
	        Recheck Cond: ((id >= 2850509) AND (id <= 2851508))
	        ->  Bitmap Index Scan on sbtest5_pkey  (cost=0.00..29.64 rows=921 width=0)
	              Index Cond: ((id >= 2850509) AND (id <= 2851508))

table 6 : explain SELECT SUM(k) FROM sbtest6 WHERE id BETWEEN 7824336 AND 7825335
	Aggregate  (cost=3779.91..3779.92 rows=1 width=8)
	  ->  Bitmap Heap Scan on sbtest6  (cost=34.42..3777.47 rows=974 width=4)
	        Recheck Cond: ((id >= 7824336) AND (id <= 7825335))
	        ->  Bitmap Index Scan on sbtest6_pkey  (cost=0.00..34.18 rows=974 width=0)
	              Index Cond: ((id >= 7824336) AND (id <= 7825335))

table 7 : explain SELECT SUM(k) FROM sbtest7 WHERE id BETWEEN 7923925 AND 7924924
	Aggregate  (cost=3380.97..3380.98 rows=1 width=8)
	  ->  Bitmap Heap Scan on sbtest7  (cost=29.35..3378.80 rows=870 width=4)
	        Recheck Cond: ((id >= 7923925) AND (id <= 7924924))
	        ->  Bitmap Index Scan on sbtest7_pkey  (cost=0.00..29.14 rows=870 width=0)
	              Index Cond: ((id >= 7923925) AND (id <= 7924924))

table 8 : explain SELECT SUM(k) FROM sbtest8 WHERE id BETWEEN 229347 AND 230346
	Aggregate  (cost=3873.11..3873.12 rows=1 width=8)
	  ->  Bitmap Heap Scan on sbtest8  (cost=34.67..3870.61 rows=999 width=4)
	        Recheck Cond: ((id >= 229347) AND (id <= 230346))
	        ->  Bitmap Index Scan on sbtest8_pkey  (cost=0.00..34.43 rows=999 width=0)
	              Index Cond: ((id >= 229347) AND (id <= 230346))

for: simple_ranges
table 1 : explain SELECT c FROM sbtest1 WHERE id BETWEEN 4636211 AND 4637210
	Bitmap Heap Scan on sbtest1  (cost=35.44..4152.37 rows=1074 width=121)
	  Recheck Cond: ((id >= 4636211) AND (id <= 4637210))
	  ->  Bitmap Index Scan on sbtest1_pkey  (cost=0.00..35.18 rows=1074 width=0)
	        Index Cond: ((id >= 4636211) AND (id <= 4637210))

table 2 : explain SELECT c FROM sbtest2 WHERE id BETWEEN 3397530 AND 3398529
	Bitmap Heap Scan on sbtest2  (cost=34.28..3723.65 rows=960 width=121)
	  Recheck Cond: ((id >= 3397530) AND (id <= 3398529))
	  ->  Bitmap Index Scan on sbtest2_pkey  (cost=0.00..34.04 rows=960 width=0)
	        Index Cond: ((id >= 3397530) AND (id <= 3398529))

table 3 : explain SELECT c FROM sbtest3 WHERE id BETWEEN 2264338 AND 2265337
	Bitmap Heap Scan on sbtest3  (cost=29.47..3421.48 rows=881 width=121)
	  Recheck Cond: ((id >= 2264338) AND (id <= 2265337))
	  ->  Bitmap Index Scan on sbtest3_pkey  (cost=0.00..29.25 rows=881 width=0)
	        Index Cond: ((id >= 2264338) AND (id <= 2265337))

table 4 : explain SELECT c FROM sbtest4 WHERE id BETWEEN 1493179 AND 1494178
	Bitmap Heap Scan on sbtest4  (cost=34.26..3726.59 rows=959 width=121)
	  Recheck Cond: ((id >= 1493179) AND (id <= 1494178))
	  ->  Bitmap Index Scan on sbtest4_pkey  (cost=0.00..34.03 rows=959 width=0)
	        Index Cond: ((id >= 1493179) AND (id <= 1494178))

table 5 : explain SELECT c FROM sbtest5 WHERE id BETWEEN 5773804 AND 5774803
	Bitmap Heap Scan on sbtest5  (cost=35.11..4036.52 rows=1041 width=121)
	  Recheck Cond: ((id >= 5773804) AND (id <= 5774803))
	  ->  Bitmap Index Scan on sbtest5_pkey  (cost=0.00..34.84 rows=1041 width=0)
	        Index Cond: ((id >= 5773804) AND (id <= 5774803))

table 6 : explain SELECT c FROM sbtest6 WHERE id BETWEEN 673558 AND 674557
	Bitmap Heap Scan on sbtest6  (cost=34.48..3800.11 rows=980 width=121)
	  Recheck Cond: ((id >= 673558) AND (id <= 674557))
	  ->  Bitmap Index Scan on sbtest6_pkey  (cost=0.00..34.23 rows=980 width=0)
	        Index Cond: ((id >= 673558) AND (id <= 674557))

table 7 : explain SELECT c FROM sbtest7 WHERE id BETWEEN 32461 AND 33460
	Bitmap Heap Scan on sbtest7  (cost=29.79..3541.39 rows=913 width=121)
	  Recheck Cond: ((id >= 32461) AND (id <= 33460))
	  ->  Bitmap Index Scan on sbtest7_pkey  (cost=0.00..29.57 rows=913 width=0)
	        Index Cond: ((id >= 32461) AND (id <= 33460))

table 8 : explain SELECT c FROM sbtest8 WHERE id BETWEEN 4423516 AND 4424515
	Bitmap Heap Scan on sbtest8  (cost=34.99..3987.36 rows=1030 width=121)
	  Recheck Cond: ((id >= 4423516) AND (id <= 4424515))
	  ->  Bitmap Index Scan on sbtest8_pkey  (cost=0.00..34.73 rows=1030 width=0)
	        Index Cond: ((id >= 4423516) AND (id <= 4424515))

for: sum_ranges
table 1 : explain SELECT SUM(k) FROM sbtest1 WHERE id BETWEEN 5844300 AND 5845299
	Aggregate  (cost=3555.30..3555.31 rows=1 width=8)
	  ->  Bitmap Heap Scan on sbtest1  (cost=29.82..3553.01 rows=916 width=4)
	        Recheck Cond: ((id >= 5844300) AND (id <= 5845299))
	        ->  Bitmap Index Scan on sbtest1_pkey  (cost=0.00..29.59 rows=916 width=0)
	              Index Cond: ((id >= 5844300) AND (id <= 5845299))

table 2 : explain SELECT SUM(k) FROM sbtest2 WHERE id BETWEEN 9487049 AND 9488048
	Aggregate  (cost=3499.05..3499.06 rows=1 width=8)
	  ->  Bitmap Heap Scan on sbtest2  (cost=29.67..3496.79 rows=901 width=4)
	        Recheck Cond: ((id >= 9487049) AND (id <= 9488048))
	        ->  Bitmap Index Scan on sbtest2_pkey  (cost=0.00..29.44 rows=901 width=0)
	              Index Cond: ((id >= 9487049) AND (id <= 9488048))

table 3 : explain SELECT SUM(k) FROM sbtest3 WHERE id BETWEEN 3937730 AND 3938729
	Aggregate  (cost=4073.33..4073.34 rows=1 width=8)
	  ->  Bitmap Heap Scan on sbtest3  (cost=35.22..4070.70 rows=1052 width=4)
	        Recheck Cond: ((id >= 3937730) AND (id <= 3938729))
	        ->  Bitmap Index Scan on sbtest3_pkey  (cost=0.00..34.95 rows=1052 width=0)
	              Index Cond: ((id >= 3937730) AND (id <= 3938729))

table 4 : explain SELECT SUM(k) FROM sbtest4 WHERE id BETWEEN 8198708 AND 8199707
	Aggregate  (cost=3948.40..3948.41 rows=1 width=8)
	  ->  Bitmap Heap Scan on sbtest4  (cost=34.86..3945.86 rows=1017 width=4)
	        Recheck Cond: ((id >= 8198708) AND (id <= 8199707))
	        ->  Bitmap Index Scan on sbtest4_pkey  (cost=0.00..34.61 rows=1017 width=0)
	              Index Cond: ((id >= 8198708) AND (id <= 8199707))

table 5 : explain SELECT SUM(k) FROM sbtest5 WHERE id BETWEEN 297734 AND 298733
	Aggregate  (cost=3914.43..3914.44 rows=1 width=8)
	  ->  Bitmap Heap Scan on sbtest5  (cost=34.77..3911.91 rows=1008 width=4)
	        Recheck Cond: ((id >= 297734) AND (id <= 298733))
	        ->  Bitmap Index Scan on sbtest5_pkey  (cost=0.00..34.52 rows=1008 width=0)
	              Index Cond: ((id >= 297734) AND (id <= 298733))

table 6 : explain SELECT SUM(k) FROM sbtest6 WHERE id BETWEEN 7298122 AND 7299121
	Aggregate  (cost=3666.58..3666.59 rows=1 width=8)
	  ->  Bitmap Heap Scan on sbtest6  (cost=34.11..3664.22 rows=944 width=4)
	        Recheck Cond: ((id >= 7298122) AND (id <= 7299121))
	        ->  Bitmap Index Scan on sbtest6_pkey  (cost=0.00..33.88 rows=944 width=0)
	              Index Cond: ((id >= 7298122) AND (id <= 7299121))

table 7 : explain SELECT SUM(k) FROM sbtest7 WHERE id BETWEEN 8354616 AND 8355615
	Aggregate  (cost=3483.17..3483.18 rows=1 width=8)
	  ->  Bitmap Heap Scan on sbtest7  (cost=29.63..3480.92 rows=897 width=4)
	        Recheck Cond: ((id >= 8354616) AND (id <= 8355615))
	        ->  Bitmap Index Scan on sbtest7_pkey  (cost=0.00..29.40 rows=897 width=0)
	              Index Cond: ((id >= 8354616) AND (id <= 8355615))

table 8 : explain SELECT SUM(k) FROM sbtest8 WHERE id BETWEEN 1200918 AND 1201917
	Aggregate  (cost=3944.73..3944.74 rows=1 width=8)
	  ->  Bitmap Heap Scan on sbtest8  (cost=34.87..3942.18 rows=1018 width=4)
	        Recheck Cond: ((id >= 1200918) AND (id <= 1201917))
	        ->  Bitmap Index Scan on sbtest8_pkey  (cost=0.00..34.62 rows=1018 width=0)
	              Index Cond: ((id >= 1200918) AND (id <= 1201917))

for: sum_ranges
table 1 : explain SELECT SUM(k) FROM sbtest1 WHERE id BETWEEN 7841018 AND 7842017
	Aggregate  (cost=3623.34..3623.35 rows=1 width=8)
	  ->  Bitmap Heap Scan on sbtest1  (cost=30.01..3621.00 rows=934 width=4)
	        Recheck Cond: ((id >= 7841018) AND (id <= 7842017))
	        ->  Bitmap Index Scan on sbtest1_pkey  (cost=0.00..29.77 rows=934 width=0)
	              Index Cond: ((id >= 7841018) AND (id <= 7842017))

table 2 : explain SELECT SUM(k) FROM sbtest2 WHERE id BETWEEN 3873522 AND 3874521
	Aggregate  (cost=3574.69..3574.70 rows=1 width=8)
	  ->  Bitmap Heap Scan on sbtest2  (cost=29.88..3572.39 rows=921 width=4)
	        Recheck Cond: ((id >= 3873522) AND (id <= 3874521))
	        ->  Bitmap Index Scan on sbtest2_pkey  (cost=0.00..29.64 rows=921 width=0)
	              Index Cond: ((id >= 3873522) AND (id <= 3874521))

table 3 : explain SELECT SUM(k) FROM sbtest3 WHERE id BETWEEN 9866999 AND 9867998
	Aggregate  (cost=4054.50..4054.51 rows=1 width=8)
	  ->  Bitmap Heap Scan on sbtest3  (cost=35.17..4051.89 rows=1047 width=4)
	        Recheck Cond: ((id >= 9866999) AND (id <= 9867998))
	        ->  Bitmap Index Scan on sbtest3_pkey  (cost=0.00..34.91 rows=1047 width=0)
	              Index Cond: ((id >= 9866999) AND (id <= 9867998))

table 4 : explain SELECT SUM(k) FROM sbtest4 WHERE id BETWEEN 4783149 AND 4784148
	Aggregate  (cost=3600.18..3600.19 rows=1 width=8)
	  ->  Bitmap Heap Scan on sbtest4  (cost=33.92..3597.86 rows=925 width=4)
	        Recheck Cond: ((id >= 4783149) AND (id <= 4784148))
	        ->  Bitmap Index Scan on sbtest4_pkey  (cost=0.00..33.69 rows=925 width=0)
	              Index Cond: ((id >= 4783149) AND (id <= 4784148))

table 5 : explain SELECT SUM(k) FROM sbtest5 WHERE id BETWEEN 2103970 AND 2104969
	Aggregate  (cost=3835.02..3835.03 rows=1 width=8)
	  ->  Bitmap Heap Scan on sbtest5  (cost=34.55..3832.55 rows=987 width=4)
	        Recheck Cond: ((id >= 2103970) AND (id <= 2104969))
	        ->  Bitmap Index Scan on sbtest5_pkey  (cost=0.00..34.31 rows=987 width=0)
	              Index Cond: ((id >= 2103970) AND (id <= 2104969))

table 6 : explain SELECT SUM(k) FROM sbtest6 WHERE id BETWEEN 1635204 AND 1636203
	Aggregate  (cost=3825.21..3825.22 rows=1 width=8)
	  ->  Bitmap Heap Scan on sbtest6  (cost=34.54..3822.74 rows=986 width=4)
	        Recheck Cond: ((id >= 1635204) AND (id <= 1636203))
	        ->  Bitmap Index Scan on sbtest6_pkey  (cost=0.00..34.30 rows=986 width=0)
	              Index Cond: ((id >= 1635204) AND (id <= 1636203))

table 7 : explain SELECT SUM(k) FROM sbtest7 WHERE id BETWEEN 6639515 AND 6640514
	Aggregate  (cost=3418.83..3418.84 rows=1 width=8)
	  ->  Bitmap Heap Scan on sbtest7  (cost=29.45..3416.63 rows=880 width=4)
	        Recheck Cond: ((id >= 6639515) AND (id <= 6640514))
	        ->  Bitmap Index Scan on sbtest7_pkey  (cost=0.00..29.23 rows=880 width=0)
	              Index Cond: ((id >= 6639515) AND (id <= 6640514))

table 8 : explain SELECT SUM(k) FROM sbtest8 WHERE id BETWEEN 4351487 AND 4352486
	Aggregate  (cost=3989.94..3989.95 rows=1 width=8)
	  ->  Bitmap Heap Scan on sbtest8  (cost=34.99..3987.36 rows=1030 width=4)
	        Recheck Cond: ((id >= 4351487) AND (id <= 4352486))
	        ->  Bitmap Index Scan on sbtest8_pkey  (cost=0.00..34.73 rows=1030 width=0)
	              Index Cond: ((id >= 4351487) AND (id <= 4352486))

for point_selects
table 1 : explain SELECT c FROM sbtest1 WHERE id=9787306
	Index Scan using sbtest1_pkey on sbtest1  (cost=0.43..8.45 rows=1 width=121)
	  Index Cond: (id = 9787306)

table 2 : explain SELECT c FROM sbtest2 WHERE id=1590660
	Index Scan using sbtest2_pkey on sbtest2  (cost=0.43..8.45 rows=1 width=121)
	  Index Cond: (id = 1590660)

table 3 : explain SELECT c FROM sbtest3 WHERE id=1141236
	Index Scan using sbtest3_pkey on sbtest3  (cost=0.43..8.45 rows=1 width=121)
	  Index Cond: (id = 1141236)

table 4 : explain SELECT c FROM sbtest4 WHERE id=3268185
	Index Scan using sbtest4_pkey on sbtest4  (cost=0.43..8.45 rows=1 width=121)
	  Index Cond: (id = 3268185)

table 5 : explain SELECT c FROM sbtest5 WHERE id=8646641
	Index Scan using sbtest5_pkey on sbtest5  (cost=0.43..8.45 rows=1 width=121)
	  Index Cond: (id = 8646641)

table 6 : explain SELECT c FROM sbtest6 WHERE id=456182
	Index Scan using sbtest6_pkey on sbtest6  (cost=0.43..8.45 rows=1 width=121)
	  Index Cond: (id = 456182)

table 7 : explain SELECT c FROM sbtest7 WHERE id=3460870
	Index Scan using sbtest7_pkey on sbtest7  (cost=0.43..8.45 rows=1 width=121)
	  Index Cond: (id = 3460870)

table 8 : explain SELECT c FROM sbtest8 WHERE id=7540007
	Index Scan using sbtest8_pkey on sbtest8  (cost=0.43..8.45 rows=1 width=121)
	  Index Cond: (id = 7540007)

for: simple_ranges
table 1 : explain SELECT c FROM sbtest1 WHERE id BETWEEN 1826605 AND 1827604
	Bitmap Heap Scan on sbtest1  (cost=34.92..3960.55 rows=1023 width=121)
	  Recheck Cond: ((id >= 1826605) AND (id <= 1827604))
	  ->  Bitmap Index Scan on sbtest1_pkey  (cost=0.00..34.67 rows=1023 width=0)
	        Index Cond: ((id >= 1826605) AND (id <= 1827604))

table 2 : explain SELECT c FROM sbtest2 WHERE id BETWEEN 2904409 AND 2905408
	Bitmap Heap Scan on sbtest2  (cost=29.82..3553.50 rows=916 width=121)
	  Recheck Cond: ((id >= 2904409) AND (id <= 2905408))
	  ->  Bitmap Index Scan on sbtest2_pkey  (cost=0.00..29.59 rows=916 width=0)
	        Index Cond: ((id >= 2904409) AND (id <= 2905408))

table 3 : explain SELECT c FROM sbtest3 WHERE id BETWEEN 4069515 AND 4070514
	Bitmap Heap Scan on sbtest3  (cost=35.11..4029.31 rows=1041 width=121)
	  Recheck Cond: ((id >= 4069515) AND (id <= 4070514))
	  ->  Bitmap Index Scan on sbtest3_pkey  (cost=0.00..34.84 rows=1041 width=0)
	        Index Cond: ((id >= 4069515) AND (id <= 4070514))

table 4 : explain SELECT c FROM sbtest4 WHERE id BETWEEN 6925201 AND 6926200
	Bitmap Heap Scan on sbtest4  (cost=35.09..4032.69 rows=1040 width=121)
	  Recheck Cond: ((id >= 6925201) AND (id <= 6926200))
	  ->  Bitmap Index Scan on sbtest4_pkey  (cost=0.00..34.84 rows=1040 width=0)
	        Index Cond: ((id >= 6925201) AND (id <= 6926200))

table 5 : explain SELECT c FROM sbtest5 WHERE id BETWEEN 7290842 AND 7291841
	Bitmap Heap Scan on sbtest5  (cost=35.59..4213.77 rows=1088 width=121)
	  Recheck Cond: ((id >= 7290842) AND (id <= 7291841))
	  ->  Bitmap Index Scan on sbtest5_pkey  (cost=0.00..35.32 rows=1088 width=0)
	        Index Cond: ((id >= 7290842) AND (id <= 7291841))

table 6 : explain SELECT c FROM sbtest6 WHERE id BETWEEN 4014216 AND 4015215
	Bitmap Heap Scan on sbtest6  (cost=35.55..4191.74 rows=1084 width=121)
	  Recheck Cond: ((id >= 4014216) AND (id <= 4015215))
	  ->  Bitmap Index Scan on sbtest6_pkey  (cost=0.00..35.28 rows=1084 width=0)
	        Index Cond: ((id >= 4014216) AND (id <= 4015215))

table 7 : explain SELECT c FROM sbtest7 WHERE id BETWEEN 2275906 AND 2276905
	Bitmap Heap Scan on sbtest7  (cost=34.88..3945.16 rows=1019 width=121)
	  Recheck Cond: ((id >= 2275906) AND (id <= 2276905))
	  ->  Bitmap Index Scan on sbtest7_pkey  (cost=0.00..34.62 rows=1019 width=0)
	        Index Cond: ((id >= 2275906) AND (id <= 2276905))

table 8 : explain SELECT c FROM sbtest8 WHERE id BETWEEN 5585037 AND 5586036
	Bitmap Heap Scan on sbtest8  (cost=34.97..3979.83 rows=1028 width=121)
	  Recheck Cond: ((id >= 5585037) AND (id <= 5586036))
	  ->  Bitmap Index Scan on sbtest8_pkey  (cost=0.00..34.72 rows=1028 width=0)
	        Index Cond: ((id >= 5585037) AND (id <= 5586036))

for: distinct_ranges
table 1 : explain SELECT DISTINCT c FROM sbtest1 WHERE id BETWEEN 1383200 AND 1384199 ORDER BY c
	Unique  (cost=4011.69..4016.80 rows=1023 width=121)
	  ->  Sort  (cost=4011.69..4014.25 rows=1023 width=121)
	        Sort Key: c
	        ->  Bitmap Heap Scan on sbtest1  (cost=34.92..3960.55 rows=1023 width=121)
	              Recheck Cond: ((id >= 1383200) AND (id <= 1384199))
	              ->  Bitmap Index Scan on sbtest1_pkey  (cost=0.00..34.67 rows=1023 width=0)
	                    Index Cond: ((id >= 1383200) AND (id <= 1384199))

table 2 : explain SELECT DISTINCT c FROM sbtest2 WHERE id BETWEEN 978618 AND 979617 ORDER BY c
	Unique  (cost=3870.75..3875.68 rows=986 width=121)
	  ->  Sort  (cost=3870.75..3873.21 rows=986 width=121)
	        Sort Key: c
	        ->  Bitmap Heap Scan on sbtest2  (cost=34.54..3821.72 rows=986 width=121)
	              Recheck Cond: ((id >= 978618) AND (id <= 979617))
	              ->  Bitmap Index Scan on sbtest2_pkey  (cost=0.00..34.30 rows=986 width=0)
	                    Index Cond: ((id >= 978618) AND (id <= 979617))

table 3 : explain SELECT DISTINCT c FROM sbtest3 WHERE id BETWEEN 119622 AND 120621 ORDER BY c
	Unique  (cost=3928.55..3933.55 rows=1001 width=121)
	  ->  Sort  (cost=3928.55..3931.05 rows=1001 width=121)
	        Sort Key: c
	        ->  Bitmap Heap Scan on sbtest3  (cost=34.70..3878.66 rows=1001 width=121)
	              Recheck Cond: ((id >= 119622) AND (id <= 120621))
	              ->  Bitmap Index Scan on sbtest3_pkey  (cost=0.00..34.45 rows=1001 width=0)
	                    Index Cond: ((id >= 119622) AND (id <= 120621))

table 4 : explain SELECT DISTINCT c FROM sbtest4 WHERE id BETWEEN 1380504 AND 1381503 ORDER BY c
	Unique  (cost=3589.44..3594.00 rows=912 width=121)
	  ->  Sort  (cost=3589.44..3591.72 rows=912 width=121)
	        Sort Key: c
	        ->  Bitmap Heap Scan on sbtest4  (cost=29.78..3544.60 rows=912 width=121)
	              Recheck Cond: ((id >= 1380504) AND (id <= 1381503))
	              ->  Bitmap Index Scan on sbtest4_pkey  (cost=0.00..29.55 rows=912 width=0)
	                    Index Cond: ((id >= 1380504) AND (id <= 1381503))

table 5 : explain SELECT DISTINCT c FROM sbtest5 WHERE id BETWEEN 5062545 AND 5063544 ORDER BY c
	Unique  (cost=4161.47..4166.77 rows=1060 width=121)
	  ->  Sort  (cost=4161.47..4164.12 rows=1060 width=121)
	        Sort Key: c
	        ->  Bitmap Heap Scan on sbtest5  (cost=35.30..4108.21 rows=1060 width=121)
	              Recheck Cond: ((id >= 5062545) AND (id <= 5063544))
	              ->  Bitmap Index Scan on sbtest5_pkey  (cost=0.00..35.04 rows=1060 width=0)
	                    Index Cond: ((id >= 5062545) AND (id <= 5063544))

table 6 : explain SELECT DISTINCT c FROM sbtest6 WHERE id BETWEEN 873644 AND 874643 ORDER BY c
	Unique  (cost=3795.18..3800.01 rows=966 width=121)
	  ->  Sort  (cost=3795.18..3797.59 rows=966 width=121)
	        Sort Key: c
	        ->  Bitmap Heap Scan on sbtest6  (cost=34.34..3747.28 rows=966 width=121)
	              Recheck Cond: ((id >= 873644) AND (id <= 874643))
	              ->  Bitmap Index Scan on sbtest6_pkey  (cost=0.00..34.09 rows=966 width=0)
	                    Index Cond: ((id >= 873644) AND (id <= 874643))

table 7 : explain SELECT DISTINCT c FROM sbtest7 WHERE id BETWEEN 9887661 AND 9888660 ORDER BY c
	Unique  (cost=4160.29..4165.60 rows=1062 width=121)
	  ->  Sort  (cost=4160.29..4162.94 rows=1062 width=121)
	        Sort Key: c
	        ->  Bitmap Heap Scan on sbtest7  (cost=35.32..4106.91 rows=1062 width=121)
	              Recheck Cond: ((id >= 9887661) AND (id <= 9888660))
	              ->  Bitmap Index Scan on sbtest7_pkey  (cost=0.00..35.06 rows=1062 width=0)
	                    Index Cond: ((id >= 9887661) AND (id <= 9888660))

table 8 : explain SELECT DISTINCT c FROM sbtest8 WHERE id BETWEEN 4476480 AND 4477479 ORDER BY c
	Unique  (cost=3725.14..3729.88 rows=948 width=121)
	  ->  Sort  (cost=3725.14..3727.51 rows=948 width=121)
	        Sort Key: c
	        ->  Bitmap Heap Scan on sbtest8  (cost=34.15..3678.27 rows=948 width=121)
	              Recheck Cond: ((id >= 4476480) AND (id <= 4477479))
	              ->  Bitmap Index Scan on sbtest8_pkey  (cost=0.00..33.92 rows=948 width=0)
	                    Index Cond: ((id >= 4476480) AND (id <= 4477479))

for: sum_ranges
table 1 : explain SELECT SUM(k) FROM sbtest1 WHERE id BETWEEN 3321305 AND 3322304
	Aggregate  (cost=4045.94..4045.95 rows=1 width=8)
	  ->  Bitmap Heap Scan on sbtest1  (cost=35.15..4043.33 rows=1045 width=4)
	        Recheck Cond: ((id >= 3321305) AND (id <= 3322304))
	        ->  Bitmap Index Scan on sbtest1_pkey  (cost=0.00..34.89 rows=1045 width=0)
	              Index Cond: ((id >= 3321305) AND (id <= 3322304))

table 2 : explain SELECT SUM(k) FROM sbtest2 WHERE id BETWEEN 4133771 AND 4134770
	Aggregate  (cost=4174.47..4174.48 rows=1 width=8)
	  ->  Bitmap Heap Scan on sbtest2  (cost=35.49..4171.78 rows=1079 width=4)
	        Recheck Cond: ((id >= 4133771) AND (id <= 4134770))
	        ->  Bitmap Index Scan on sbtest2_pkey  (cost=0.00..35.23 rows=1079 width=0)
	              Index Cond: ((id >= 4133771) AND (id <= 4134770))

table 3 : explain SELECT SUM(k) FROM sbtest3 WHERE id BETWEEN 1194590 AND 1195589
	Aggregate  (cost=3711.33..3711.34 rows=1 width=8)
	  ->  Bitmap Heap Scan on sbtest3  (cost=34.23..3708.94 rows=956 width=4)
	        Recheck Cond: ((id >= 1194590) AND (id <= 1195589))
	        ->  Bitmap Index Scan on sbtest3_pkey  (cost=0.00..34.00 rows=956 width=0)
	              Index Cond: ((id >= 1194590) AND (id <= 1195589))

table 4 : explain SELECT SUM(k) FROM sbtest4 WHERE id BETWEEN 7834408 AND 7835407
	Aggregate  (cost=3959.74..3959.75 rows=1 width=8)
	  ->  Bitmap Heap Scan on sbtest4  (cost=34.89..3957.19 rows=1020 width=4)
	        Recheck Cond: ((id >= 7834408) AND (id <= 7835407))
	        ->  Bitmap Index Scan on sbtest4_pkey  (cost=0.00..34.64 rows=1020 width=0)
	              Index Cond: ((id >= 7834408) AND (id <= 7835407))

table 5 : explain SELECT SUM(k) FROM sbtest5 WHERE id BETWEEN 1757115 AND 1758114
	Aggregate  (cost=3842.58..3842.59 rows=1 width=8)
	  ->  Bitmap Heap Scan on sbtest5  (cost=34.57..3840.11 rows=989 width=4)
	        Recheck Cond: ((id >= 1757115) AND (id <= 1758114))
	        ->  Bitmap Index Scan on sbtest5_pkey  (cost=0.00..34.33 rows=989 width=0)
	              Index Cond: ((id >= 1757115) AND (id <= 1758114))

table 6 : explain SELECT SUM(k) FROM sbtest6 WHERE id BETWEEN 6653856 AND 6654855
	Aggregate  (cost=3628.78..3628.79 rows=1 width=8)
	  ->  Bitmap Heap Scan on sbtest6  (cost=34.01..3626.44 rows=934 width=4)
	        Recheck Cond: ((id >= 6653856) AND (id <= 6654855))
	        ->  Bitmap Index Scan on sbtest6_pkey  (cost=0.00..33.78 rows=934 width=0)
	              Index Cond: ((id >= 6653856) AND (id <= 6654855))

table 7 : explain SELECT SUM(k) FROM sbtest7 WHERE id BETWEEN 8036340 AND 8037339
	Aggregate  (cost=3921.33..3921.34 rows=1 width=8)
	  ->  Bitmap Heap Scan on sbtest7  (cost=34.81..3918.80 rows=1012 width=4)
	        Recheck Cond: ((id >= 8036340) AND (id <= 8037339))
	        ->  Bitmap Index Scan on sbtest7_pkey  (cost=0.00..34.56 rows=1012 width=0)
	              Index Cond: ((id >= 8036340) AND (id <= 8037339))

table 8 : explain SELECT SUM(k) FROM sbtest8 WHERE id BETWEEN 783508 AND 784507
	Aggregate  (cost=3775.03..3775.04 rows=1 width=8)
	  ->  Bitmap Heap Scan on sbtest8  (cost=34.41..3772.60 rows=973 width=4)
	        Recheck Cond: ((id >= 783508) AND (id <= 784507))
	        ->  Bitmap Index Scan on sbtest8_pkey  (cost=0.00..34.17 rows=973 width=0)
	              Index Cond: ((id >= 783508) AND (id <= 784507))

for: sum_ranges
table 1 : explain SELECT SUM(k) FROM sbtest1 WHERE id BETWEEN 4866287 AND 4867286
	Aggregate  (cost=3615.78..3615.79 rows=1 width=8)
	  ->  Bitmap Heap Scan on sbtest1  (cost=29.99..3613.45 rows=932 width=4)
	        Recheck Cond: ((id >= 4866287) AND (id <= 4867286))
	        ->  Bitmap Index Scan on sbtest1_pkey  (cost=0.00..29.75 rows=932 width=0)
	              Index Cond: ((id >= 4866287) AND (id <= 4867286))

table 2 : explain SELECT SUM(k) FROM sbtest2 WHERE id BETWEEN 9098801 AND 9099800
	Aggregate  (cost=4279.73..4279.74 rows=1 width=8)
	  ->  Bitmap Heap Scan on sbtest2  (cost=35.78..4276.96 rows=1107 width=4)
	        Recheck Cond: ((id >= 9098801) AND (id <= 9099800))
	        ->  Bitmap Index Scan on sbtest2_pkey  (cost=0.00..35.51 rows=1107 width=0)
	              Index Cond: ((id >= 9098801) AND (id <= 9099800))

table 3 : explain SELECT SUM(k) FROM sbtest3 WHERE id BETWEEN 7922542 AND 7923541
	Aggregate  (cost=3711.33..3711.34 rows=1 width=8)
	  ->  Bitmap Heap Scan on sbtest3  (cost=34.23..3708.94 rows=956 width=4)
	        Recheck Cond: ((id >= 7922542) AND (id <= 7923541))
	        ->  Bitmap Index Scan on sbtest3_pkey  (cost=0.00..34.00 rows=956 width=0)
	              Index Cond: ((id >= 7922542) AND (id <= 7923541))

table 4 : explain SELECT SUM(k) FROM sbtest4 WHERE id BETWEEN 5031442 AND 5032441
	Aggregate  (cost=3804.70..3804.71 rows=1 width=8)
	  ->  Bitmap Heap Scan on sbtest4  (cost=34.47..3802.25 rows=979 width=4)
	        Recheck Cond: ((id >= 5031442) AND (id <= 5032441))
	        ->  Bitmap Index Scan on sbtest4_pkey  (cost=0.00..34.23 rows=979 width=0)
	              Index Cond: ((id >= 5031442) AND (id <= 5032441))

table 5 : explain SELECT SUM(k) FROM sbtest5 WHERE id BETWEEN 6471127 AND 6472126
	Aggregate  (cost=4058.01..4058.02 rows=1 width=8)
	  ->  Bitmap Heap Scan on sbtest5  (cost=35.16..4055.39 rows=1046 width=4)
	        Recheck Cond: ((id >= 6471127) AND (id <= 6472126))
	        ->  Bitmap Index Scan on sbtest5_pkey  (cost=0.00..34.90 rows=1046 width=0)
	              Index Cond: ((id >= 6471127) AND (id <= 6472126))

table 6 : explain SELECT SUM(k) FROM sbtest6 WHERE id BETWEEN 2793397 AND 2794396
	Aggregate  (cost=3915.75..3915.76 rows=1 width=8)
	  ->  Bitmap Heap Scan on sbtest6  (cost=34.79..3913.22 rows=1010 width=4)
	        Recheck Cond: ((id >= 2793397) AND (id <= 2794396))
	        ->  Bitmap Index Scan on sbtest6_pkey  (cost=0.00..34.54 rows=1010 width=0)
	              Index Cond: ((id >= 2793397) AND (id <= 2794396))

table 7 : explain SELECT SUM(k) FROM sbtest7 WHERE id BETWEEN 7593731 AND 7594730
	Aggregate  (cost=3849.72..3849.73 rows=1 width=8)
	  ->  Bitmap Heap Scan on sbtest7  (cost=34.61..3847.24 rows=993 width=4)
	        Recheck Cond: ((id >= 7593731) AND (id <= 7594730))
	        ->  Bitmap Index Scan on sbtest7_pkey  (cost=0.00..34.37 rows=993 width=0)
	              Index Cond: ((id >= 7593731) AND (id <= 7594730))

table 8 : explain SELECT SUM(k) FROM sbtest8 WHERE id BETWEEN 453987 AND 454986
	Aggregate  (cost=3695.74..3695.75 rows=1 width=8)
	  ->  Bitmap Heap Scan on sbtest8  (cost=34.19..3693.36 rows=952 width=4)
	        Recheck Cond: ((id >= 453987) AND (id <= 454986))
	        ->  Bitmap Index Scan on sbtest8_pkey  (cost=0.00..33.95 rows=952 width=0)
	              Index Cond: ((id >= 453987) AND (id <= 454986))

explain: for point_selects :: explain SELECT c FROM sbtest%u WHERE id=%u
explain: for point_selects :: explain SELECT c FROM sbtest%u WHERE id=%u
explain: for point_selects :: explain SELECT c FROM sbtest%u WHERE id=%u
for: sum_ranges
table 1 : explain SELECT SUM(k) FROM sbtest1 WHERE id BETWEEN 7476131 AND 7477130
	Aggregate  (cost=3853.81..3853.82 rows=1 width=8)
	  ->  Bitmap Heap Scan on sbtest1  (cost=34.62..3851.32 rows=994 width=4)
	        Recheck Cond: ((id >= 7476131) AND (id <= 7477130))
	        ->  Bitmap Index Scan on sbtest1_pkey  (cost=0.00..34.38 rows=994 width=0)
	              Index Cond: ((id >= 7476131) AND (id <= 7477130))

table 2 : explain SELECT SUM(k) FROM sbtest2 WHERE id BETWEEN 5153279 AND 5154278
	Aggregate  (cost=4001.35..4001.36 rows=1 width=8)
	  ->  Bitmap Heap Scan on sbtest2  (cost=35.02..3998.77 rows=1033 width=4)
	        Recheck Cond: ((id >= 5153279) AND (id <= 5154278))
	        ->  Bitmap Index Scan on sbtest2_pkey  (cost=0.00..34.77 rows=1033 width=0)
	              Index Cond: ((id >= 5153279) AND (id <= 5154278))

table 3 : explain SELECT SUM(k) FROM sbtest3 WHERE id BETWEEN 6049936 AND 6050935
	Aggregate  (cost=4016.84..4016.85 rows=1 width=8)
	  ->  Bitmap Heap Scan on sbtest3  (cost=35.06..4014.25 rows=1037 width=4)
	        Recheck Cond: ((id >= 6049936) AND (id <= 6050935))
	        ->  Bitmap Index Scan on sbtest3_pkey  (cost=0.00..34.81 rows=1037 width=0)
	              Index Cond: ((id >= 6049936) AND (id <= 6050935))

table 4 : explain SELECT SUM(k) FROM sbtest4 WHERE id BETWEEN 2325791 AND 2326790
	Aggregate  (cost=3793.34..3793.35 rows=1 width=8)
	  ->  Bitmap Heap Scan on sbtest4  (cost=34.44..3790.90 rows=976 width=4)
	        Recheck Cond: ((id >= 2325791) AND (id <= 2326790))
	        ->  Bitmap Index Scan on sbtest4_pkey  (cost=0.00..34.20 rows=976 width=0)
	              Index Cond: ((id >= 2325791) AND (id <= 2326790))

table 5 : explain SELECT SUM(k) FROM sbtest5 WHERE id BETWEEN 1258874 AND 1259873
	Aggregate  (cost=3933.33..3933.34 rows=1 width=8)
	  ->  Bitmap Heap Scan on sbtest5  (cost=34.82..3930.80 rows=1013 width=4)
	        Recheck Cond: ((id >= 1258874) AND (id <= 1259873))
	        ->  Bitmap Index Scan on sbtest5_pkey  (cost=0.00..34.57 rows=1013 width=0)
	              Index Cond: ((id >= 1258874) AND (id <= 1259873))

table 6 : explain SELECT SUM(k) FROM sbtest6 WHERE id BETWEEN 2299746 AND 2300745
	Aggregate  (cost=3896.89..3896.90 rows=1 width=8)
	  ->  Bitmap Heap Scan on sbtest6  (cost=34.74..3894.38 rows=1005 width=4)
	        Recheck Cond: ((id >= 2299746) AND (id <= 2300745))
	        ->  Bitmap Index Scan on sbtest6_pkey  (cost=0.00..34.48 rows=1005 width=0)
	              Index Cond: ((id >= 2299746) AND (id <= 2300745))

table 7 : explain SELECT SUM(k) FROM sbtest7 WHERE id BETWEEN 1361714 AND 1362713
	Aggregate  (cost=4320.29..4320.30 rows=1 width=8)
	  ->  Bitmap Heap Scan on sbtest7  (cost=39.89..4317.49 rows=1118 width=4)
	        Recheck Cond: ((id >= 1361714) AND (id <= 1362713))
	        ->  Bitmap Index Scan on sbtest7_pkey  (cost=0.00..39.62 rows=1118 width=0)
	              Index Cond: ((id >= 1361714) AND (id <= 1362713))

table 8 : explain SELECT SUM(k) FROM sbtest8 WHERE id BETWEEN 866765 AND 867764
	Aggregate  (cost=3631.52..3631.53 rows=1 width=8)
	  ->  Bitmap Heap Scan on sbtest8  (cost=34.02..3629.18 rows=935 width=4)
	        Recheck Cond: ((id >= 866765) AND (id <= 867764))
	        ->  Bitmap Index Scan on sbtest8_pkey  (cost=0.00..33.79 rows=935 width=0)
	              Index Cond: ((id >= 866765) AND (id <= 867764))

for: order_ranges
table 1 : explain SELECT c FROM sbtest1 WHERE id BETWEEN 7676484 AND 7677483 ORDER BY c
	Sort  (cost=4080.46..4083.06 rows=1041 width=121)
	  Sort Key: c
	  ->  Bitmap Heap Scan on sbtest1  (cost=35.11..4028.28 rows=1041 width=121)
	        Recheck Cond: ((id >= 7676484) AND (id <= 7677483))
	        ->  Bitmap Index Scan on sbtest1_pkey  (cost=0.00..34.84 rows=1041 width=0)
	              Index Cond: ((id >= 7676484) AND (id <= 7677483))

table 2 : explain SELECT c FROM sbtest2 WHERE id BETWEEN 5816059 AND 5817058 ORDER BY c
	Sort  (cost=4161.25..4163.90 rows=1062 width=121)
	  Sort Key: c
	  ->  Bitmap Heap Scan on sbtest2  (cost=35.32..4107.87 rows=1062 width=121)
	        Recheck Cond: ((id >= 5816059) AND (id <= 5817058))
	        ->  Bitmap Index Scan on sbtest2_pkey  (cost=0.00..35.06 rows=1062 width=0)
	              Index Cond: ((id >= 5816059) AND (id <= 5817058))

table 3 : explain SELECT c FROM sbtest3 WHERE id BETWEEN 1161967 AND 1162966 ORDER BY c
	Sort  (cost=3756.27..3758.66 rows=956 width=121)
	  Sort Key: c
	  ->  Bitmap Heap Scan on sbtest3  (cost=34.23..3708.94 rows=956 width=121)
	        Recheck Cond: ((id >= 1161967) AND (id <= 1162966))
	        ->  Bitmap Index Scan on sbtest3_pkey  (cost=0.00..34.00 rows=956 width=0)
	              Index Cond: ((id >= 1161967) AND (id <= 1162966))

table 4 : explain SELECT c FROM sbtest4 WHERE id BETWEEN 4573835 AND 4574834 ORDER BY c
	Sort  (cost=3854.72..3857.17 rows=980 width=121)
	  Sort Key: c
	  ->  Bitmap Heap Scan on sbtest4  (cost=34.48..3806.03 rows=980 width=121)
	        Recheck Cond: ((id >= 4573835) AND (id <= 4574834))
	        ->  Bitmap Index Scan on sbtest4_pkey  (cost=0.00..34.23 rows=980 width=0)
	              Index Cond: ((id >= 4573835) AND (id <= 4574834))

table 5 : explain SELECT c FROM sbtest5 WHERE id BETWEEN 9942813 AND 9943812 ORDER BY c
	Sort  (cost=4123.17..4125.80 rows=1050 width=121)
	  Sort Key: c
	  ->  Bitmap Heap Scan on sbtest5  (cost=35.20..4070.48 rows=1050 width=121)
	        Recheck Cond: ((id >= 9942813) AND (id <= 9943812))
	        ->  Bitmap Index Scan on sbtest5_pkey  (cost=0.00..34.94 rows=1050 width=0)
	              Index Cond: ((id >= 9942813) AND (id <= 9943812))

table 6 : explain SELECT c FROM sbtest6 WHERE id BETWEEN 8865473 AND 8866472 ORDER BY c
	Sort  (cost=3741.53..3743.91 rows=952 width=121)
	  Sort Key: c
	  ->  Bitmap Heap Scan on sbtest6  (cost=34.19..3694.43 rows=952 width=121)
	        Recheck Cond: ((id >= 8865473) AND (id <= 8866472))
	        ->  Bitmap Index Scan on sbtest6_pkey  (cost=0.00..33.95 rows=952 width=0)
	              Index Cond: ((id >= 8865473) AND (id <= 8866472))

table 7 : explain SELECT c FROM sbtest7 WHERE id BETWEEN 6448760 AND 6449759 ORDER BY c
	Sort  (cost=3724.43..3726.80 rows=948 width=121)
	  Sort Key: c
	  ->  Bitmap Heap Scan on sbtest7  (cost=34.15..3677.56 rows=948 width=121)
	        Recheck Cond: ((id >= 6448760) AND (id <= 6449759))
	        ->  Bitmap Index Scan on sbtest7_pkey  (cost=0.00..33.92 rows=948 width=0)
	              Index Cond: ((id >= 6448760) AND (id <= 6449759))

table 8 : explain SELECT c FROM sbtest8 WHERE id BETWEEN 7446960 AND 7447959 ORDER BY c
	Sort  (cost=3713.64..3716.01 rows=945 width=121)
	  Sort Key: c
	  ->  Bitmap Heap Scan on sbtest8  (cost=34.12..3666.94 rows=945 width=121)
	        Recheck Cond: ((id >= 7446960) AND (id <= 7447959))
	        ->  Bitmap Index Scan on sbtest8_pkey  (cost=0.00..33.89 rows=945 width=0)
	              Index Cond: ((id >= 7446960) AND (id <= 7447959))

for: order_ranges
table 1 : explain SELECT c FROM sbtest1 WHERE id BETWEEN 6705469 AND 6706468 ORDER BY c
	Sort  (cost=3977.29..3979.82 rows=1014 width=121)
	  Sort Key: c
	  ->  Bitmap Heap Scan on sbtest1  (cost=34.83..3926.66 rows=1014 width=121)
	        Recheck Cond: ((id >= 6705469) AND (id <= 6706468))
	        ->  Bitmap Index Scan on sbtest1_pkey  (cost=0.00..34.58 rows=1014 width=0)
	              Index Cond: ((id >= 6705469) AND (id <= 6706468))

table 2 : explain SELECT c FROM sbtest2 WHERE id BETWEEN 2735197 AND 2736196 ORDER BY c
	Sort  (cost=3771.21..3773.61 rows=960 width=121)
	  Sort Key: c
	  ->  Bitmap Heap Scan on sbtest2  (cost=34.28..3723.65 rows=960 width=121)
	        Recheck Cond: ((id >= 2735197) AND (id <= 2736196))
	        ->  Bitmap Index Scan on sbtest2_pkey  (cost=0.00..34.04 rows=960 width=0)
	              Index Cond: ((id >= 2735197) AND (id <= 2736196))

table 3 : explain SELECT c FROM sbtest3 WHERE id BETWEEN 5007114 AND 5008113 ORDER BY c
	Sort  (cost=4062.37..4064.96 rows=1036 width=121)
	  Sort Key: c
	  ->  Bitmap Heap Scan on sbtest3  (cost=35.05..4010.49 rows=1036 width=121)
	        Recheck Cond: ((id >= 5007114) AND (id <= 5008113))
	        ->  Bitmap Index Scan on sbtest3_pkey  (cost=0.00..34.80 rows=1036 width=0)
	              Index Cond: ((id >= 5007114) AND (id <= 5008113))

table 4 : explain SELECT c FROM sbtest4 WHERE id BETWEEN 2161117 AND 2162116 ORDER BY c
	Sort  (cost=4547.85..4550.75 rows=1161 width=121)
	  Sort Key: c
	  ->  Bitmap Heap Scan on sbtest4  (cost=40.34..4488.75 rows=1161 width=121)
	        Recheck Cond: ((id >= 2161117) AND (id <= 2162116))
	        ->  Bitmap Index Scan on sbtest4_pkey  (cost=0.00..40.05 rows=1161 width=0)
	              Index Cond: ((id >= 2161117) AND (id <= 2162116))

table 5 : explain SELECT c FROM sbtest5 WHERE id BETWEEN 3071597 AND 3072596 ORDER BY c
	Sort  (cost=3820.22..3822.65 rows=971 width=121)
	  Sort Key: c
	  ->  Bitmap Heap Scan on sbtest5  (cost=34.39..3772.04 rows=971 width=121)
	        Recheck Cond: ((id >= 3071597) AND (id <= 3072596))
	        ->  Bitmap Index Scan on sbtest5_pkey  (cost=0.00..34.15 rows=971 width=0)
	              Index Cond: ((id >= 3071597) AND (id <= 3072596))

table 6 : explain SELECT c FROM sbtest6 WHERE id BETWEEN 8871058 AND 8872057 ORDER BY c
	Sort  (cost=3741.53..3743.91 rows=952 width=121)
	  Sort Key: c
	  ->  Bitmap Heap Scan on sbtest6  (cost=34.19..3694.43 rows=952 width=121)
	        Recheck Cond: ((id >= 8871058) AND (id <= 8872057))
	        ->  Bitmap Index Scan on sbtest6_pkey  (cost=0.00..33.95 rows=952 width=0)
	              Index Cond: ((id >= 8871058) AND (id <= 8872057))

table 7 : explain SELECT c FROM sbtest7 WHERE id BETWEEN 6386685 AND 6387684 ORDER BY c
	Sort  (cost=3946.38..3948.90 rows=1006 width=121)
	  Sort Key: c
	  ->  Bitmap Heap Scan on sbtest7  (cost=34.75..3896.21 rows=1006 width=121)
	        Recheck Cond: ((id >= 6386685) AND (id <= 6387684))
	        ->  Bitmap Index Scan on sbtest7_pkey  (cost=0.00..34.50 rows=1006 width=0)
	              Index Cond: ((id >= 6386685) AND (id <= 6387684))

table 8 : explain SELECT c FROM sbtest8 WHERE id BETWEEN 576180 AND 577179 ORDER BY c
	Sort  (cost=3740.46..3742.84 rows=952 width=121)
	  Sort Key: c
	  ->  Bitmap Heap Scan on sbtest8  (cost=34.19..3693.36 rows=952 width=121)
	        Recheck Cond: ((id >= 576180) AND (id <= 577179))
	        ->  Bitmap Index Scan on sbtest8_pkey  (cost=0.00..33.95 rows=952 width=0)
	              Index Cond: ((id >= 576180) AND (id <= 577179))

explain: for point_selects :: explain SELECT c FROM sbtest%u WHERE id=%u
for: sum_ranges
table 1 : explain SELECT SUM(k) FROM sbtest1 WHERE id BETWEEN 8247914 AND 8248913
	Aggregate  (cost=3793.46..3793.47 rows=1 width=8)
	  ->  Bitmap Heap Scan on sbtest1  (cost=34.46..3791.02 rows=978 width=4)
	        Recheck Cond: ((id >= 8247914) AND (id <= 8248913))
	        ->  Bitmap Index Scan on sbtest1_pkey  (cost=0.00..34.22 rows=978 width=0)
	              Index Cond: ((id >= 8247914) AND (id <= 8248913))

table 2 : explain SELECT SUM(k) FROM sbtest2 WHERE id BETWEEN 6694012 AND 6695011
	Aggregate  (cost=3710.95..3710.96 rows=1 width=8)
	  ->  Bitmap Heap Scan on sbtest2  (cost=34.23..3708.56 rows=956 width=4)
	        Recheck Cond: ((id >= 6694012) AND (id <= 6695011))
	        ->  Bitmap Index Scan on sbtest2_pkey  (cost=0.00..34.00 rows=956 width=0)
	              Index Cond: ((id >= 6694012) AND (id <= 6695011))

table 3 : explain SELECT SUM(k) FROM sbtest3 WHERE id BETWEEN 9851509 AND 9852508
	Aggregate  (cost=4054.50..4054.51 rows=1 width=8)
	  ->  Bitmap Heap Scan on sbtest3  (cost=35.17..4051.89 rows=1047 width=4)
	        Recheck Cond: ((id >= 9851509) AND (id <= 9852508))
	        ->  Bitmap Index Scan on sbtest3_pkey  (cost=0.00..34.91 rows=1047 width=0)
	              Index Cond: ((id >= 9851509) AND (id <= 9852508))

table 4 : explain SELECT SUM(k) FROM sbtest4 WHERE id BETWEEN 3459773 AND 3460772
	Aggregate  (cost=4197.57..4197.58 rows=1 width=8)
	  ->  Bitmap Heap Scan on sbtest4  (cost=35.54..4194.87 rows=1083 width=4)
	        Recheck Cond: ((id >= 3459773) AND (id <= 3460772))
	        ->  Bitmap Index Scan on sbtest4_pkey  (cost=0.00..35.27 rows=1083 width=0)
	              Index Cond: ((id >= 3459773) AND (id <= 3460772))

table 5 : explain SELECT SUM(k) FROM sbtest5 WHERE id BETWEEN 2139071 AND 2140070
	Aggregate  (cost=3835.02..3835.03 rows=1 width=8)
	  ->  Bitmap Heap Scan on sbtest5  (cost=34.55..3832.55 rows=987 width=4)
	        Recheck Cond: ((id >= 2139071) AND (id <= 2140070))
	        ->  Bitmap Index Scan on sbtest5_pkey  (cost=0.00..34.31 rows=987 width=0)
	              Index Cond: ((id >= 2139071) AND (id <= 2140070))

table 6 : explain SELECT SUM(k) FROM sbtest6 WHERE id BETWEEN 7572385 AND 7573384
	Aggregate  (cost=3730.81..3730.82 rows=1 width=8)
	  ->  Bitmap Heap Scan on sbtest6  (cost=34.29..3728.41 rows=961 width=4)
	        Recheck Cond: ((id >= 7572385) AND (id <= 7573384))
	        ->  Bitmap Index Scan on sbtest6_pkey  (cost=0.00..34.05 rows=961 width=0)
	              Index Cond: ((id >= 7572385) AND (id <= 7573384))

table 7 : explain SELECT SUM(k) FROM sbtest7 WHERE id BETWEEN 9014451 AND 9015450
	Aggregate  (cost=4090.76..4090.77 rows=1 width=8)
	  ->  Bitmap Heap Scan on sbtest7  (cost=35.27..4088.11 rows=1057 width=4)
	        Recheck Cond: ((id >= 9014451) AND (id <= 9015450))
	        ->  Bitmap Index Scan on sbtest7_pkey  (cost=0.00..35.01 rows=1057 width=0)
	              Index Cond: ((id >= 9014451) AND (id <= 9015450))

table 8 : explain SELECT SUM(k) FROM sbtest8 WHERE id BETWEEN 6620515 AND 6621514
	Aggregate  (cost=4046.42..4046.43 rows=1 width=8)
	  ->  Bitmap Heap Scan on sbtest8  (cost=35.15..4043.81 rows=1045 width=4)
	        Recheck Cond: ((id >= 6620515) AND (id <= 6621514))
	        ->  Bitmap Index Scan on sbtest8_pkey  (cost=0.00..34.89 rows=1045 width=0)
	              Index Cond: ((id >= 6620515) AND (id <= 6621514))

for: distinct_ranges
table 1 : explain SELECT DISTINCT c FROM sbtest1 WHERE id BETWEEN 1117689 AND 1118688 ORDER BY c
	Unique  (cost=4000.22..4005.32 rows=1020 width=121)
	  ->  Sort  (cost=4000.22..4002.77 rows=1020 width=121)
	        Sort Key: c
	        ->  Bitmap Heap Scan on sbtest1  (cost=34.89..3949.25 rows=1020 width=121)
	              Recheck Cond: ((id >= 1117689) AND (id <= 1118688))
	              ->  Bitmap Index Scan on sbtest1_pkey  (cost=0.00..34.64 rows=1020 width=0)
	                    Index Cond: ((id >= 1117689) AND (id <= 1118688))

table 2 : explain SELECT DISTINCT c FROM sbtest2 WHERE id BETWEEN 7903629 AND 7904628 ORDER BY c
	Unique  (cost=3748.22..3752.99 rows=954 width=121)
	  ->  Sort  (cost=3748.22..3750.61 rows=954 width=121)
	        Sort Key: c
	        ->  Bitmap Heap Scan on sbtest2  (cost=34.21..3701.01 rows=954 width=121)
	              Recheck Cond: ((id >= 7903629) AND (id <= 7904628))
	              ->  Bitmap Index Scan on sbtest2_pkey  (cost=0.00..33.98 rows=954 width=0)
	                    Index Cond: ((id >= 7903629) AND (id <= 7904628))

table 3 : explain SELECT DISTINCT c FROM sbtest3 WHERE id BETWEEN 3225106 AND 3226105 ORDER BY c
	Unique  (cost=3882.63..3887.58 rows=989 width=121)
	  ->  Sort  (cost=3882.63..3885.10 rows=989 width=121)
	        Sort Key: c
	        ->  Bitmap Heap Scan on sbtest3  (cost=34.57..3833.43 rows=989 width=121)
	              Recheck Cond: ((id >= 3225106) AND (id <= 3226105))
	              ->  Bitmap Index Scan on sbtest3_pkey  (cost=0.00..34.33 rows=989 width=0)
	                    Index Cond: ((id >= 3225106) AND (id <= 3226105))

table 4 : explain SELECT DISTINCT c FROM sbtest4 WHERE id BETWEEN 5019552 AND 5020551 ORDER BY c
	Unique  (cost=3850.88..3855.78 rows=979 width=121)
	  ->  Sort  (cost=3850.88..3853.33 rows=979 width=121)
	        Sort Key: c
	        ->  Bitmap Heap Scan on sbtest4  (cost=34.47..3802.25 rows=979 width=121)
	              Recheck Cond: ((id >= 5019552) AND (id <= 5020551))
	              ->  Bitmap Index Scan on sbtest4_pkey  (cost=0.00..34.23 rows=979 width=0)
	                    Index Cond: ((id >= 5019552) AND (id <= 5020551))

table 5 : explain SELECT DISTINCT c FROM sbtest5 WHERE id BETWEEN 771817 AND 772816 ORDER BY c
	Unique  (cost=3624.10..3628.70 rows=921 width=121)
	  ->  Sort  (cost=3624.10..3626.40 rows=921 width=121)
	        Sort Key: c
	        ->  Bitmap Heap Scan on sbtest5  (cost=29.88..3578.75 rows=921 width=121)
	              Recheck Cond: ((id >= 771817) AND (id <= 772816))
	              ->  Bitmap Index Scan on sbtest5_pkey  (cost=0.00..29.64 rows=921 width=0)
	                    Index Cond: ((id >= 771817) AND (id <= 772816))

table 6 : explain SELECT DISTINCT c FROM sbtest6 WHERE id BETWEEN 575168 AND 576167 ORDER BY c
	Unique  (cost=3852.63..3857.53 rows=981 width=121)
	  ->  Sort  (cost=3852.63..3855.08 rows=981 width=121)
	        Sort Key: c
	        ->  Bitmap Heap Scan on sbtest6  (cost=34.49..3803.88 rows=981 width=121)
	              Recheck Cond: ((id >= 575168) AND (id <= 576167))
	              ->  Bitmap Index Scan on sbtest6_pkey  (cost=0.00..34.25 rows=981 width=0)
	                    Index Cond: ((id >= 575168) AND (id <= 576167))

table 7 : explain SELECT DISTINCT c FROM sbtest7 WHERE id BETWEEN 8937529 AND 8938528 ORDER BY c
	Unique  (cost=4141.21..4146.49 rows=1057 width=121)
	  ->  Sort  (cost=4141.21..4143.85 rows=1057 width=121)
	        Sort Key: c
	        ->  Bitmap Heap Scan on sbtest7  (cost=35.27..4088.11 rows=1057 width=121)
	              Recheck Cond: ((id >= 8937529) AND (id <= 8938528))
	              ->  Bitmap Index Scan on sbtest7_pkey  (cost=0.00..35.01 rows=1057 width=0)
	                    Index Cond: ((id >= 8937529) AND (id <= 8938528))

table 8 : explain SELECT DISTINCT c FROM sbtest8 WHERE id BETWEEN 1473567 AND 1474566 ORDER BY c
	Unique  (cost=3813.23..3818.09 rows=971 width=121)
	  ->  Sort  (cost=3813.23..3815.66 rows=971 width=121)
	        Sort Key: c
	        ->  Bitmap Heap Scan on sbtest8  (cost=34.39..3765.05 rows=971 width=121)
	              Recheck Cond: ((id >= 1473567) AND (id <= 1474566))
	              ->  Bitmap Index Scan on sbtest8_pkey  (cost=0.00..34.15 rows=971 width=0)
	                    Index Cond: ((id >= 1473567) AND (id <= 1474566))

for: order_ranges
table 1 : explain SELECT c FROM sbtest1 WHERE id BETWEEN 1747538 AND 1748537 ORDER BY c
	Sort  (cost=4332.37..4335.14 rows=1108 width=121)
	  Sort Key: c
	  ->  Bitmap Heap Scan on sbtest1  (cost=35.79..4276.34 rows=1108 width=121)
	        Recheck Cond: ((id >= 1747538) AND (id <= 1748537))
	        ->  Bitmap Index Scan on sbtest1_pkey  (cost=0.00..35.52 rows=1108 width=0)
	              Index Cond: ((id >= 1747538) AND (id <= 1748537))

table 2 : explain SELECT c FROM sbtest2 WHERE id BETWEEN 335322 AND 336321 ORDER BY c
	Sort  (cost=4004.62..4007.17 rows=1021 width=121)
	  Sort Key: c
	  ->  Bitmap Heap Scan on sbtest2  (cost=34.90..3953.59 rows=1021 width=121)
	        Recheck Cond: ((id >= 335322) AND (id <= 336321))
	        ->  Bitmap Index Scan on sbtest2_pkey  (cost=0.00..34.65 rows=1021 width=0)
	              Index Cond: ((id >= 335322) AND (id <= 336321))

table 3 : explain SELECT c FROM sbtest3 WHERE id BETWEEN 9924055 AND 9925054 ORDER BY c
	Sort  (cost=3982.10..3984.63 rows=1015 width=121)
	  Sort Key: c
	  ->  Bitmap Heap Scan on sbtest3  (cost=34.84..3931.41 rows=1015 width=121)
	        Recheck Cond: ((id >= 9924055) AND (id <= 9925054))
	        ->  Bitmap Index Scan on sbtest3_pkey  (cost=0.00..34.59 rows=1015 width=0)
	              Index Cond: ((id >= 9924055) AND (id <= 9925054))

table 4 : explain SELECT c FROM sbtest4 WHERE id BETWEEN 9181061 AND 9182060 ORDER BY c
	Sort  (cost=4004.33..4006.87 rows=1019 width=121)
	  Sort Key: c
	  ->  Bitmap Heap Scan on sbtest4  (cost=34.88..3953.41 rows=1019 width=121)
	        Recheck Cond: ((id >= 9181061) AND (id <= 9182060))
	        ->  Bitmap Index Scan on sbtest4_pkey  (cost=0.00..34.62 rows=1019 width=0)
	              Index Cond: ((id >= 9181061) AND (id <= 9182060))

table 5 : explain SELECT c FROM sbtest5 WHERE id BETWEEN 1064076 AND 1065075 ORDER BY c
	Sort  (cost=3824.06..3826.49 rows=972 width=121)
	  Sort Key: c
	  ->  Bitmap Heap Scan on sbtest5  (cost=34.40..3775.82 rows=972 width=121)
	        Recheck Cond: ((id >= 1064076) AND (id <= 1065075))
	        ->  Bitmap Index Scan on sbtest5_pkey  (cost=0.00..34.16 rows=972 width=0)
	              Index Cond: ((id >= 1064076) AND (id <= 1065075))

table 6 : explain SELECT c FROM sbtest6 WHERE id BETWEEN 8942370 AND 8943369 ORDER BY c
	Sort  (cost=3791.35..3793.76 rows=965 width=121)
	  Sort Key: c
	  ->  Bitmap Heap Scan on sbtest6  (cost=34.33..3743.51 rows=965 width=121)
	        Recheck Cond: ((id >= 8942370) AND (id <= 8943369))
	        ->  Bitmap Index Scan on sbtest6_pkey  (cost=0.00..34.09 rows=965 width=0)
	              Index Cond: ((id >= 8942370) AND (id <= 8943369))

table 7 : explain SELECT c FROM sbtest7 WHERE id BETWEEN 5352948 AND 5353947 ORDER BY c
	Sort  (cost=3804.84..3807.26 rows=969 width=121)
	  Sort Key: c
	  ->  Bitmap Heap Scan on sbtest7  (cost=34.37..3756.77 rows=969 width=121)
	        Recheck Cond: ((id >= 5352948) AND (id <= 5353947))
	        ->  Bitmap Index Scan on sbtest7_pkey  (cost=0.00..34.12 rows=969 width=0)
	              Index Cond: ((id >= 5352948) AND (id <= 5353947))

table 8 : explain SELECT c FROM sbtest8 WHERE id BETWEEN 4281141 AND 4282140 ORDER BY c
	Sort  (cost=3820.89..3823.32 rows=973 width=121)
	  Sort Key: c
	  ->  Bitmap Heap Scan on sbtest8  (cost=34.41..3772.60 rows=973 width=121)
	        Recheck Cond: ((id >= 4281141) AND (id <= 4282140))
	        ->  Bitmap Index Scan on sbtest8_pkey  (cost=0.00..34.17 rows=973 width=0)
	              Index Cond: ((id >= 4281141) AND (id <= 4282140))

for point_selects
table 1 : explain SELECT c FROM sbtest1 WHERE id=2195939
	Index Scan using sbtest1_pkey on sbtest1  (cost=0.43..8.45 rows=1 width=121)
	  Index Cond: (id = 2195939)

table 2 : explain SELECT c FROM sbtest2 WHERE id=1295210
	Index Scan using sbtest2_pkey on sbtest2  (cost=0.43..8.45 rows=1 width=121)
	  Index Cond: (id = 1295210)

table 3 : explain SELECT c FROM sbtest3 WHERE id=9175264
	Index Scan using sbtest3_pkey on sbtest3  (cost=0.43..8.45 rows=1 width=121)
	  Index Cond: (id = 9175264)

table 4 : explain SELECT c FROM sbtest4 WHERE id=7973215
	Index Scan using sbtest4_pkey on sbtest4  (cost=0.43..8.45 rows=1 width=121)
	  Index Cond: (id = 7973215)

table 5 : explain SELECT c FROM sbtest5 WHERE id=5908533
	Index Scan using sbtest5_pkey on sbtest5  (cost=0.43..8.45 rows=1 width=121)
	  Index Cond: (id = 5908533)

table 6 : explain SELECT c FROM sbtest6 WHERE id=4661542
	Index Scan using sbtest6_pkey on sbtest6  (cost=0.43..8.45 rows=1 width=121)
	  Index Cond: (id = 4661542)

table 7 : explain SELECT c FROM sbtest7 WHERE id=6817257
	Index Scan using sbtest7_pkey on sbtest7  (cost=0.43..8.45 rows=1 width=121)
	  Index Cond: (id = 6817257)

table 8 : explain SELECT c FROM sbtest8 WHERE id=2202117
	Index Scan using sbtest8_pkey on sbtest8  (cost=0.43..8.45 rows=1 width=121)
	  Index Cond: (id = 2202117)

for: order_ranges
table 1 : explain SELECT c FROM sbtest1 WHERE id BETWEEN 5371446 AND 5372445 ORDER BY c
	Sort  (cost=4477.32..4480.18 rows=1145 width=121)
	  Sort Key: c
	  ->  Bitmap Heap Scan on sbtest1  (cost=40.17..4419.15 rows=1145 width=121)
	        Recheck Cond: ((id >= 5371446) AND (id <= 5372445))
	        ->  Bitmap Index Scan on sbtest1_pkey  (cost=0.00..39.89 rows=1145 width=0)
	              Index Cond: ((id >= 5371446) AND (id <= 5372445))

table 2 : explain SELECT c FROM sbtest2 WHERE id BETWEEN 5494625 AND 5495624 ORDER BY c
	Sort  (cost=4008.44..4011.00 rows=1022 width=121)
	  Sort Key: c
	  ->  Bitmap Heap Scan on sbtest2  (cost=34.91..3957.35 rows=1022 width=121)
	        Recheck Cond: ((id >= 5494625) AND (id <= 5495624))
	        ->  Bitmap Index Scan on sbtest2_pkey  (cost=0.00..34.66 rows=1022 width=0)
	              Index Cond: ((id >= 5494625) AND (id <= 5495624))

table 3 : explain SELECT c FROM sbtest3 WHERE id BETWEEN 9785884 AND 9786883 ORDER BY c
	Sort  (cost=3802.23..3804.65 rows=968 width=121)
	  Sort Key: c
	  ->  Bitmap Heap Scan on sbtest3  (cost=34.36..3754.23 rows=968 width=121)
	        Recheck Cond: ((id >= 9785884) AND (id <= 9786883))
	        ->  Bitmap Index Scan on sbtest3_pkey  (cost=0.00..34.12 rows=968 width=0)
	              Index Cond: ((id >= 9785884) AND (id <= 9786883))

table 4 : explain SELECT c FROM sbtest4 WHERE id BETWEEN 8191430 AND 8192429 ORDER BY c
	Sort  (cost=3942.97..3945.48 rows=1003 width=121)
	  Sort Key: c
	  ->  Bitmap Heap Scan on sbtest4  (cost=34.72..3892.97 rows=1003 width=121)
	        Recheck Cond: ((id >= 8191430) AND (id <= 8192429))
	        ->  Bitmap Index Scan on sbtest4_pkey  (cost=0.00..34.47 rows=1003 width=0)
	              Index Cond: ((id >= 8191430) AND (id <= 8192429))

table 5 : explain SELECT c FROM sbtest5 WHERE id BETWEEN 220001 AND 221000 ORDER BY c
	Sort  (cost=3962.20..3964.72 rows=1008 width=121)
	  Sort Key: c
	  ->  Bitmap Heap Scan on sbtest5  (cost=34.77..3911.91 rows=1008 width=121)
	        Recheck Cond: ((id >= 220001) AND (id <= 221000))
	        ->  Bitmap Index Scan on sbtest5_pkey  (cost=0.00..34.52 rows=1008 width=0)
	              Index Cond: ((id >= 220001) AND (id <= 221000))

table 6 : explain SELECT c FROM sbtest6 WHERE id BETWEEN 374927 AND 375926 ORDER BY c
	Sort  (cost=4009.52..4012.07 rows=1022 width=121)
	  Sort Key: c
	  ->  Bitmap Heap Scan on sbtest6  (cost=34.91..3958.43 rows=1022 width=121)
	        Recheck Cond: ((id >= 374927) AND (id <= 375926))
	        ->  Bitmap Index Scan on sbtest6_pkey  (cost=0.00..34.66 rows=1022 width=0)
	              Index Cond: ((id >= 374927) AND (id <= 375926))

table 7 : explain SELECT c FROM sbtest7 WHERE id BETWEEN 123337 AND 124336 ORDER BY c
	Sort  (cost=3693.78..3696.13 rows=940 width=121)
	  Sort Key: c
	  ->  Bitmap Heap Scan on sbtest7  (cost=34.07..3647.36 rows=940 width=121)
	        Recheck Cond: ((id >= 123337) AND (id <= 124336))
	        ->  Bitmap Index Scan on sbtest7_pkey  (cost=0.00..33.84 rows=940 width=0)
	              Index Cond: ((id >= 123337) AND (id <= 124336))

table 8 : explain SELECT c FROM sbtest8 WHERE id BETWEEN 8502604 AND 8503603 ORDER BY c
	Sort  (cost=4084.76..4087.36 rows=1042 width=121)
	  Sort Key: c
	  ->  Bitmap Heap Scan on sbtest8  (cost=35.12..4032.52 rows=1042 width=121)
	        Recheck Cond: ((id >= 8502604) AND (id <= 8503603))
	        ->  Bitmap Index Scan on sbtest8_pkey  (cost=0.00..34.86 rows=1042 width=0)
	              Index Cond: ((id >= 8502604) AND (id <= 8503603))

for: order_ranges
table 1 : explain SELECT c FROM sbtest1 WHERE id BETWEEN 8776652 AND 8777651 ORDER BY c
	Sort  (cost=3459.94..3462.14 rows=880 width=121)
	  Sort Key: c
	  ->  Bitmap Heap Scan on sbtest1  (cost=29.45..3416.90 rows=880 width=121)
	        Recheck Cond: ((id >= 8776652) AND (id <= 8777651))
	        ->  Bitmap Index Scan on sbtest1_pkey  (cost=0.00..29.23 rows=880 width=0)
	              Index Cond: ((id >= 8776652) AND (id <= 8777651))

table 2 : explain SELECT c FROM sbtest2 WHERE id BETWEEN 6283165 AND 6284164 ORDER BY c
	Sort  (cost=3916.66..3919.16 rows=998 width=121)
	  Sort Key: c
	  ->  Bitmap Heap Scan on sbtest2  (cost=34.66..3866.95 rows=998 width=121)
	        Recheck Cond: ((id >= 6283165) AND (id <= 6284164))
	        ->  Bitmap Index Scan on sbtest2_pkey  (cost=0.00..34.42 rows=998 width=0)
	              Index Cond: ((id >= 6283165) AND (id <= 6284164))

table 3 : explain SELECT c FROM sbtest3 WHERE id BETWEEN 8082001 AND 8083000 ORDER BY c
	Sort  (cost=4234.22..4236.93 rows=1081 width=121)
	  Sort Key: c
	  ->  Bitmap Heap Scan on sbtest3  (cost=35.52..4179.75 rows=1081 width=121)
	        Recheck Cond: ((id >= 8082001) AND (id <= 8083000))
	        ->  Bitmap Index Scan on sbtest3_pkey  (cost=0.00..35.25 rows=1081 width=0)
	              Index Cond: ((id >= 8082001) AND (id <= 8083000))

table 4 : explain SELECT c FROM sbtest4 WHERE id BETWEEN 5088863 AND 5089862 ORDER BY c
	Sort  (cost=3850.88..3853.33 rows=979 width=121)
	  Sort Key: c
	  ->  Bitmap Heap Scan on sbtest4  (cost=34.47..3802.25 rows=979 width=121)
	        Recheck Cond: ((id >= 5088863) AND (id <= 5089862))
	        ->  Bitmap Index Scan on sbtest4_pkey  (cost=0.00..34.23 rows=979 width=0)
	              Index Cond: ((id >= 5088863) AND (id <= 5089862))

table 5 : explain SELECT c FROM sbtest5 WHERE id BETWEEN 3492230 AND 3493229 ORDER BY c
	Sort  (cost=3785.66..3788.07 rows=962 width=121)
	  Sort Key: c
	  ->  Bitmap Heap Scan on sbtest5  (cost=34.30..3737.99 rows=962 width=121)
	        Recheck Cond: ((id >= 3492230) AND (id <= 3493229))
	        ->  Bitmap Index Scan on sbtest5_pkey  (cost=0.00..34.06 rows=962 width=0)
	              Index Cond: ((id >= 3492230) AND (id <= 3493229))

table 6 : explain SELECT c FROM sbtest6 WHERE id BETWEEN 7479606 AND 7480605 ORDER BY c
	Sort  (cost=3875.60..3878.07 rows=987 width=121)
	  Sort Key: c
	  ->  Bitmap Heap Scan on sbtest6  (cost=34.55..3826.51 rows=987 width=121)
	        Recheck Cond: ((id >= 7479606) AND (id <= 7480605))
	        ->  Bitmap Index Scan on sbtest6_pkey  (cost=0.00..34.31 rows=987 width=0)
	              Index Cond: ((id >= 7479606) AND (id <= 7480605))

table 7 : explain SELECT c FROM sbtest7 WHERE id BETWEEN 6144355 AND 6145354 ORDER BY c
	Sort  (cost=3739.75..3742.13 rows=952 width=121)
	  Sort Key: c
	  ->  Bitmap Heap Scan on sbtest7  (cost=34.19..3692.65 rows=952 width=121)
	        Recheck Cond: ((id >= 6144355) AND (id <= 6145354))
	        ->  Bitmap Index Scan on sbtest7_pkey  (cost=0.00..33.95 rows=952 width=0)
	              Index Cond: ((id >= 6144355) AND (id <= 6145354))

table 8 : explain SELECT c FROM sbtest8 WHERE id BETWEEN 9161951 AND 9162950 ORDER BY c
	Sort  (cost=3981.57..3984.11 rows=1015 width=121)
	  Sort Key: c
	  ->  Bitmap Heap Scan on sbtest8  (cost=34.84..3930.89 rows=1015 width=121)
	        Recheck Cond: ((id >= 9161951) AND (id <= 9162950))
	        ->  Bitmap Index Scan on sbtest8_pkey  (cost=0.00..34.59 rows=1015 width=0)
	              Index Cond: ((id >= 9161951) AND (id <= 9162950))

for: order_ranges
table 1 : explain SELECT c FROM sbtest1 WHERE id BETWEEN 3190128 AND 3191127 ORDER BY c
	Sort  (cost=3743.88..3746.26 rows=953 width=121)
	  Sort Key: c
	  ->  Bitmap Heap Scan on sbtest1  (cost=34.20..3696.72 rows=953 width=121)
	        Recheck Cond: ((id >= 3190128) AND (id <= 3191127))
	        ->  Bitmap Index Scan on sbtest1_pkey  (cost=0.00..33.97 rows=953 width=0)
	              Index Cond: ((id >= 3190128) AND (id <= 3191127))

table 2 : explain SELECT c FROM sbtest2 WHERE id BETWEEN 8824291 AND 8825290 ORDER BY c
	Sort  (cost=4210.87..4213.56 rows=1075 width=121)
	  Sort Key: c
	  ->  Bitmap Heap Scan on sbtest2  (cost=35.45..4156.74 rows=1075 width=121)
	        Recheck Cond: ((id >= 8824291) AND (id <= 8825290))
	        ->  Bitmap Index Scan on sbtest2_pkey  (cost=0.00..35.19 rows=1075 width=0)
	              Index Cond: ((id >= 8824291) AND (id <= 8825290))

table 3 : explain SELECT c FROM sbtest3 WHERE id BETWEEN 4168148 AND 4169147 ORDER BY c
	Sort  (cost=4222.77..4225.47 rows=1078 width=121)
	  Sort Key: c
	  ->  Bitmap Heap Scan on sbtest3  (cost=35.48..4168.47 rows=1078 width=121)
	        Recheck Cond: ((id >= 4168148) AND (id <= 4169147))
	        ->  Bitmap Index Scan on sbtest3_pkey  (cost=0.00..35.22 rows=1078 width=0)
	              Index Cond: ((id >= 4168148) AND (id <= 4169147))

table 4 : explain SELECT c FROM sbtest4 WHERE id BETWEEN 4150257 AND 4151256 ORDER BY c
	Sort  (cost=3678.03..3680.37 rows=934 width=121)
	  Sort Key: c
	  ->  Bitmap Heap Scan on sbtest4  (cost=34.01..3631.95 rows=934 width=121)
	        Recheck Cond: ((id >= 4150257) AND (id <= 4151256))
	        ->  Bitmap Index Scan on sbtest4_pkey  (cost=0.00..33.78 rows=934 width=0)
	              Index Cond: ((id >= 4150257) AND (id <= 4151256))

table 5 : explain SELECT c FROM sbtest5 WHERE id BETWEEN 5651063 AND 5652062 ORDER BY c
	Sort  (cost=3554.86..3557.12 rows=903 width=121)
	  Sort Key: c
	  ->  Bitmap Heap Scan on sbtest5  (cost=29.69..3510.53 rows=903 width=121)
	        Recheck Cond: ((id >= 5651063) AND (id <= 5652062))
	        ->  Bitmap Index Scan on sbtest5_pkey  (cost=0.00..29.46 rows=903 width=0)
	              Index Cond: ((id >= 5651063) AND (id <= 5652062))

table 6 : explain SELECT c FROM sbtest6 WHERE id BETWEEN 6602716 AND 6603715 ORDER BY c
	Sort  (cost=3672.52..3674.86 rows=934 width=121)
	  Sort Key: c
	  ->  Bitmap Heap Scan on sbtest6  (cost=34.01..3626.44 rows=934 width=121)
	        Recheck Cond: ((id >= 6602716) AND (id <= 6603715))
	        ->  Bitmap Index Scan on sbtest6_pkey  (cost=0.00..33.78 rows=934 width=0)
	              Index Cond: ((id >= 6602716) AND (id <= 6603715))

table 7 : explain SELECT c FROM sbtest7 WHERE id BETWEEN 3806900 AND 3807899 ORDER BY c
	Sort  (cost=3647.80..3650.12 rows=928 width=121)
	  Sort Key: c
	  ->  Bitmap Heap Scan on sbtest7  (cost=33.95..3602.06 rows=928 width=121)
	        Recheck Cond: ((id >= 3806900) AND (id <= 3807899))
	        ->  Bitmap Index Scan on sbtest7_pkey  (cost=0.00..33.72 rows=928 width=0)
	              Index Cond: ((id >= 3806900) AND (id <= 3807899))

table 8 : explain SELECT c FROM sbtest8 WHERE id BETWEEN 7735493 AND 7736492 ORDER BY c
	Sort  (cost=4576.84..4579.77 rows=1171 width=121)
	  Sort Key: c
	  ->  Bitmap Heap Scan on sbtest8  (cost=40.44..4517.16 rows=1171 width=121)
	        Recheck Cond: ((id >= 7735493) AND (id <= 7736492))
	        ->  Bitmap Index Scan on sbtest8_pkey  (cost=0.00..40.15 rows=1171 width=0)
	              Index Cond: ((id >= 7735493) AND (id <= 7736492))

explain: for point_selects :: explain SELECT c FROM sbtest%u WHERE id=%u
for point_selects
table 1 : explain SELECT c FROM sbtest1 WHERE id=3606226
	Index Scan using sbtest1_pkey on sbtest1  (cost=0.43..8.45 rows=1 width=121)
	  Index Cond: (id = 3606226)

table 2 : explain SELECT c FROM sbtest2 WHERE id=9546151
	Index Scan using sbtest2_pkey on sbtest2  (cost=0.43..8.45 rows=1 width=121)
	  Index Cond: (id = 9546151)

table 3 : explain SELECT c FROM sbtest3 WHERE id=7114232
	Index Scan using sbtest3_pkey on sbtest3  (cost=0.43..8.45 rows=1 width=121)
	  Index Cond: (id = 7114232)

table 4 : explain SELECT c FROM sbtest4 WHERE id=1502035
	Index Scan using sbtest4_pkey on sbtest4  (cost=0.43..8.45 rows=1 width=121)
	  Index Cond: (id = 1502035)

table 5 : explain SELECT c FROM sbtest5 WHERE id=6750198
	Index Scan using sbtest5_pkey on sbtest5  (cost=0.43..8.45 rows=1 width=121)
	  Index Cond: (id = 6750198)

table 6 : explain SELECT c FROM sbtest6 WHERE id=6214309
	Index Scan using sbtest6_pkey on sbtest6  (cost=0.43..8.45 rows=1 width=121)
	  Index Cond: (id = 6214309)

table 7 : explain SELECT c FROM sbtest7 WHERE id=4035971
	Index Scan using sbtest7_pkey on sbtest7  (cost=0.43..8.45 rows=1 width=121)
	  Index Cond: (id = 4035971)

table 8 : explain SELECT c FROM sbtest8 WHERE id=2219369
	Index Scan using sbtest8_pkey on sbtest8  (cost=0.43..8.45 rows=1 width=121)
	  Index Cond: (id = 2219369)

explain: for point_selects :: explain SELECT c FROM sbtest%u WHERE id=%u
for: distinct_ranges
table 1 : explain SELECT DISTINCT c FROM sbtest1 WHERE id BETWEEN 7627505 AND 7628504 ORDER BY c
	Unique  (cost=4000.22..4005.32 rows=1020 width=121)
	  ->  Sort  (cost=4000.22..4002.77 rows=1020 width=121)
	        Sort Key: c
	        ->  Bitmap Heap Scan on sbtest1  (cost=34.89..3949.25 rows=1020 width=121)
	              Recheck Cond: ((id >= 7627505) AND (id <= 7628504))
	              ->  Bitmap Index Scan on sbtest1_pkey  (cost=0.00..34.64 rows=1020 width=0)
	                    Index Cond: ((id >= 7627505) AND (id <= 7628504))

table 2 : explain SELECT DISTINCT c FROM sbtest2 WHERE id BETWEEN 2991676 AND 2992675 ORDER BY c
	Unique  (cost=3870.75..3875.68 rows=986 width=121)
	  ->  Sort  (cost=3870.75..3873.21 rows=986 width=121)
	        Sort Key: c
	        ->  Bitmap Heap Scan on sbtest2  (cost=34.54..3821.72 rows=986 width=121)
	              Recheck Cond: ((id >= 2991676) AND (id <= 2992675))
	              ->  Bitmap Index Scan on sbtest2_pkey  (cost=0.00..34.30 rows=986 width=0)
	                    Index Cond: ((id >= 2991676) AND (id <= 2992675))

table 3 : explain SELECT DISTINCT c FROM sbtest3 WHERE id BETWEEN 4613251 AND 4614250 ORDER BY c
	Unique  (cost=4054.73..4059.90 rows=1034 width=121)
	  ->  Sort  (cost=4054.73..4057.32 rows=1034 width=121)
	        Sort Key: c
	        ->  Bitmap Heap Scan on sbtest3  (cost=35.03..4002.96 rows=1034 width=121)
	              Recheck Cond: ((id >= 4613251) AND (id <= 4614250))
	              ->  Bitmap Index Scan on sbtest3_pkey  (cost=0.00..34.78 rows=1034 width=0)
	                    Index Cond: ((id >= 4613251) AND (id <= 4614250))

table 4 : explain SELECT DISTINCT c FROM sbtest4 WHERE id BETWEEN 4135573 AND 4136572 ORDER BY c
	Unique  (cost=3678.03..3682.70 rows=934 width=121)
	  ->  Sort  (cost=3678.03..3680.37 rows=934 width=121)
	        Sort Key: c
	        ->  Bitmap Heap Scan on sbtest4  (cost=34.01..3631.95 rows=934 width=121)
	              Recheck Cond: ((id >= 4135573) AND (id <= 4136572))
	              ->  Bitmap Index Scan on sbtest4_pkey  (cost=0.00..33.78 rows=934 width=0)
	                    Index Cond: ((id >= 4135573) AND (id <= 4136572))

table 5 : explain SELECT DISTINCT c FROM sbtest5 WHERE id BETWEEN 5831998 AND 5832997 ORDER BY c
	Unique  (cost=3670.39..3675.05 rows=932 width=121)
	  ->  Sort  (cost=3670.39..3672.72 rows=932 width=121)
	        Sort Key: c
	        ->  Bitmap Heap Scan on sbtest5  (cost=33.99..3624.42 rows=932 width=121)
	              Recheck Cond: ((id >= 5831998) AND (id <= 5832997))
	              ->  Bitmap Index Scan on sbtest5_pkey  (cost=0.00..33.76 rows=932 width=0)
	                    Index Cond: ((id >= 5831998) AND (id <= 5832997))

table 6 : explain SELECT DISTINCT c FROM sbtest6 WHERE id BETWEEN 5179081 AND 5180080 ORDER BY c
	Unique  (cost=3799.01..3803.84 rows=967 width=121)
	  ->  Sort  (cost=3799.01..3801.43 rows=967 width=121)
	        Sort Key: c
	        ->  Bitmap Heap Scan on sbtest6  (cost=34.35..3751.06 rows=967 width=121)
	              Recheck Cond: ((id >= 5179081) AND (id <= 5180080))
	              ->  Bitmap Index Scan on sbtest6_pkey  (cost=0.00..34.11 rows=967 width=0)
	                    Index Cond: ((id >= 5179081) AND (id <= 5180080))

table 7 : explain SELECT DISTINCT c FROM sbtest7 WHERE id BETWEEN 9174447 AND 9175446 ORDER BY c
	Unique  (cost=4267.10..4272.55 rows=1090 width=121)
	  ->  Sort  (cost=4267.10..4269.83 rows=1090 width=121)
	        Sort Key: c
	        ->  Bitmap Heap Scan on sbtest7  (cost=35.61..4212.11 rows=1090 width=121)
	              Recheck Cond: ((id >= 9174447) AND (id <= 9175446))
	              ->  Bitmap Index Scan on sbtest7_pkey  (cost=0.00..35.34 rows=1090 width=0)
	                    Index Cond: ((id >= 9174447) AND (id <= 9175446))

table 8 : explain SELECT DISTINCT c FROM sbtest8 WHERE id BETWEEN 5716969 AND 5717968 ORDER BY c
	Unique  (cost=3840.03..3844.92 rows=978 width=121)
	  ->  Sort  (cost=3840.03..3842.47 rows=978 width=121)
	        Sort Key: c
	        ->  Bitmap Heap Scan on sbtest8  (cost=34.46..3791.45 rows=978 width=121)
	              Recheck Cond: ((id >= 5716969) AND (id <= 5717968))
	              ->  Bitmap Index Scan on sbtest8_pkey  (cost=0.00..34.22 rows=978 width=0)
	                    Index Cond: ((id >= 5716969) AND (id <= 5717968))

for: simple_ranges
table 1 : explain SELECT c FROM sbtest1 WHERE id BETWEEN 850541 AND 851540
	Bitmap Heap Scan on sbtest1  (cost=35.44..4152.37 rows=1074 width=121)
	  Recheck Cond: ((id >= 850541) AND (id <= 851540))
	  ->  Bitmap Index Scan on sbtest1_pkey  (cost=0.00..35.18 rows=1074 width=0)
	        Index Cond: ((id >= 850541) AND (id <= 851540))

table 2 : explain SELECT c FROM sbtest2 WHERE id BETWEEN 2890175 AND 2891174
	Bitmap Heap Scan on sbtest2  (cost=29.82..3553.50 rows=916 width=121)
	  Recheck Cond: ((id >= 2890175) AND (id <= 2891174))
	  ->  Bitmap Index Scan on sbtest2_pkey  (cost=0.00..29.59 rows=916 width=0)
	        Index Cond: ((id >= 2890175) AND (id <= 2891174))

table 3 : explain SELECT c FROM sbtest3 WHERE id BETWEEN 3331921 AND 3332920
	Bitmap Heap Scan on sbtest3  (cost=33.99..3618.31 rows=932 width=121)
	  Recheck Cond: ((id >= 3331921) AND (id <= 3332920))
	  ->  Bitmap Index Scan on sbtest3_pkey  (cost=0.00..33.76 rows=932 width=0)
	        Index Cond: ((id >= 3331921) AND (id <= 3332920))

table 4 : explain SELECT c FROM sbtest4 WHERE id BETWEEN 3090346 AND 3091345
	Bitmap Heap Scan on sbtest4  (cost=34.66..3874.08 rows=998 width=121)
	  Recheck Cond: ((id >= 3090346) AND (id <= 3091345))
	  ->  Bitmap Index Scan on sbtest4_pkey  (cost=0.00..34.42 rows=998 width=0)
	        Index Cond: ((id >= 3090346) AND (id <= 3091345))

table 5 : explain SELECT c FROM sbtest5 WHERE id BETWEEN 1846715 AND 1847714
	Bitmap Heap Scan on sbtest5  (cost=35.29..4104.43 rows=1059 width=121)
	  Recheck Cond: ((id >= 1846715) AND (id <= 1847714))
	  ->  Bitmap Index Scan on sbtest5_pkey  (cost=0.00..35.03 rows=1059 width=0)
	        Index Cond: ((id >= 1846715) AND (id <= 1847714))

table 6 : explain SELECT c FROM sbtest6 WHERE id BETWEEN 9834321 AND 9835320
	Bitmap Heap Scan on sbtest6  (cost=40.52..4548.60 rows=1179 width=121)
	  Recheck Cond: ((id >= 9834321) AND (id <= 9835320))
	  ->  Bitmap Index Scan on sbtest6_pkey  (cost=0.00..40.23 rows=1179 width=0)
	        Index Cond: ((id >= 9834321) AND (id <= 9835320))

table 7 : explain SELECT c FROM sbtest7 WHERE id BETWEEN 508660 AND 509659
	Bitmap Heap Scan on sbtest7  (cost=34.15..3677.56 rows=948 width=121)
	  Recheck Cond: ((id >= 508660) AND (id <= 509659))
	  ->  Bitmap Index Scan on sbtest7_pkey  (cost=0.00..33.92 rows=948 width=0)
	        Index Cond: ((id >= 508660) AND (id <= 509659))

table 8 : explain SELECT c FROM sbtest8 WHERE id BETWEEN 5990024 AND 5991023
	Bitmap Heap Scan on sbtest8  (cost=29.28..3352.92 rows=863 width=121)
	  Recheck Cond: ((id >= 5990024) AND (id <= 5991023))
	  ->  Bitmap Index Scan on sbtest8_pkey  (cost=0.00..29.07 rows=863 width=0)
	        Index Cond: ((id >= 5990024) AND (id <= 5991023))

for: distinct_ranges
table 1 : explain SELECT DISTINCT c FROM sbtest1 WHERE id BETWEEN 1139706 AND 1140705 ORDER BY c
	Unique  (cost=4000.22..4005.32 rows=1020 width=121)
	  ->  Sort  (cost=4000.22..4002.77 rows=1020 width=121)
	        Sort Key: c
	        ->  Bitmap Heap Scan on sbtest1  (cost=34.89..3949.25 rows=1020 width=121)
	              Recheck Cond: ((id >= 1139706) AND (id <= 1140705))
	              ->  Bitmap Index Scan on sbtest1_pkey  (cost=0.00..34.64 rows=1020 width=0)
	                    Index Cond: ((id >= 1139706) AND (id <= 1140705))

table 2 : explain SELECT DISTINCT c FROM sbtest2 WHERE id BETWEEN 7229928 AND 7230927 ORDER BY c
	Unique  (cost=4119.24..4124.50 rows=1051 width=121)
	  ->  Sort  (cost=4119.24..4121.87 rows=1051 width=121)
	        Sort Key: c
	        ->  Bitmap Heap Scan on sbtest2  (cost=35.21..4066.50 rows=1051 width=121)
	              Recheck Cond: ((id >= 7229928) AND (id <= 7230927))
	              ->  Bitmap Index Scan on sbtest2_pkey  (cost=0.00..34.95 rows=1051 width=0)
	                    Index Cond: ((id >= 7229928) AND (id <= 7230927))

table 3 : explain SELECT DISTINCT c FROM sbtest3 WHERE id BETWEEN 797144 AND 798143 ORDER BY c
	Unique  (cost=3614.26..3618.86 rows=920 width=121)
	  ->  Sort  (cost=3614.26..3616.56 rows=920 width=121)
	        Sort Key: c
	        ->  Bitmap Heap Scan on sbtest3  (cost=29.87..3568.97 rows=920 width=121)
	              Recheck Cond: ((id >= 797144) AND (id <= 798143))
	              ->  Bitmap Index Scan on sbtest3_pkey  (cost=0.00..29.64 rows=920 width=0)
	                    Index Cond: ((id >= 797144) AND (id <= 798143))

table 4 : explain SELECT DISTINCT c FROM sbtest4 WHERE id BETWEEN 5521111 AND 5522110 ORDER BY c
	Unique  (cost=3751.04..3755.81 rows=953 width=121)
	  ->  Sort  (cost=3751.04..3753.43 rows=953 width=121)
	        Sort Key: c
	        ->  Bitmap Heap Scan on sbtest4  (cost=34.20..3703.89 rows=953 width=121)
	              Recheck Cond: ((id >= 5521111) AND (id <= 5522110))
	              ->  Bitmap Index Scan on sbtest4_pkey  (cost=0.00..33.97 rows=953 width=0)
	                    Index Cond: ((id >= 5521111) AND (id <= 5522110))

table 5 : explain SELECT DISTINCT c FROM sbtest5 WHERE id BETWEEN 6215942 AND 6216941 ORDER BY c
	Unique  (cost=3551.02..3555.53 rows=902 width=121)
	  ->  Sort  (cost=3551.02..3553.27 rows=902 width=121)
	        Sort Key: c
	        ->  Bitmap Heap Scan on sbtest5  (cost=29.68..3506.74 rows=902 width=121)
	              Recheck Cond: ((id >= 6215942) AND (id <= 6216941))
	              ->  Bitmap Index Scan on sbtest5_pkey  (cost=0.00..29.45 rows=902 width=0)
	                    Index Cond: ((id >= 6215942) AND (id <= 6216941))

table 6 : explain SELECT DISTINCT c FROM sbtest6 WHERE id BETWEEN 9957322 AND 9958321 ORDER BY c
	Unique  (cost=3764.53..3769.32 rows=958 width=121)
	  ->  Sort  (cost=3764.53..3766.92 rows=958 width=121)
	        Sort Key: c
	        ->  Bitmap Heap Scan on sbtest6  (cost=34.25..3717.09 rows=958 width=121)
	              Recheck Cond: ((id >= 9957322) AND (id <= 9958321))
	              ->  Bitmap Index Scan on sbtest6_pkey  (cost=0.00..34.02 rows=958 width=0)
	                    Index Cond: ((id >= 9957322) AND (id <= 9958321))

table 7 : explain SELECT DISTINCT c FROM sbtest7 WHERE id BETWEEN 1449969 AND 1450968 ORDER BY c
	Unique  (cost=4003.71..4008.82 rows=1021 width=121)
	  ->  Sort  (cost=4003.71..4006.27 rows=1021 width=121)
	        Sort Key: c
	        ->  Bitmap Heap Scan on sbtest7  (cost=34.90..3952.69 rows=1021 width=121)
	              Recheck Cond: ((id >= 1449969) AND (id <= 1450968))
	              ->  Bitmap Index Scan on sbtest7_pkey  (cost=0.00..34.65 rows=1021 width=0)
	                    Index Cond: ((id >= 1449969) AND (id <= 1450968))

table 8 : explain SELECT DISTINCT c FROM sbtest8 WHERE id BETWEEN 6076434 AND 6077433 ORDER BY c
	Unique  (cost=3878.30..3883.24 rows=988 width=121)
	  ->  Sort  (cost=3878.30..3880.77 rows=988 width=121)
	        Sort Key: c
	        ->  Bitmap Heap Scan on sbtest8  (cost=34.56..3829.15 rows=988 width=121)
	              Recheck Cond: ((id >= 6076434) AND (id <= 6077433))
	              ->  Bitmap Index Scan on sbtest8_pkey  (cost=0.00..34.32 rows=988 width=0)
	                    Index Cond: ((id >= 6076434) AND (id <= 6077433))

for: order_ranges
table 1 : explain SELECT c FROM sbtest1 WHERE id BETWEEN 439975 AND 440974 ORDER BY c
	Sort  (cost=4378.10..4380.90 rows=1120 width=121)
	  Sort Key: c
	  ->  Bitmap Heap Scan on sbtest1  (cost=35.92..4321.38 rows=1120 width=121)
	        Recheck Cond: ((id >= 439975) AND (id <= 440974))
	        ->  Bitmap Index Scan on sbtest1_pkey  (cost=0.00..35.64 rows=1120 width=0)
	              Index Cond: ((id >= 439975) AND (id <= 440974))

table 2 : explain SELECT c FROM sbtest2 WHERE id BETWEEN 7888925 AND 7889924 ORDER BY c
	Sort  (cost=3916.66..3919.16 rows=998 width=121)
	  Sort Key: c
	  ->  Bitmap Heap Scan on sbtest2  (cost=34.66..3866.95 rows=998 width=121)
	        Recheck Cond: ((id >= 7888925) AND (id <= 7889924))
	        ->  Bitmap Index Scan on sbtest2_pkey  (cost=0.00..34.42 rows=998 width=0)
	              Index Cond: ((id >= 7888925) AND (id <= 7889924))

table 3 : explain SELECT c FROM sbtest3 WHERE id BETWEEN 4580827 AND 4581826 ORDER BY c
	Sort  (cost=4054.73..4057.32 rows=1034 width=121)
	  Sort Key: c
	  ->  Bitmap Heap Scan on sbtest3  (cost=35.03..4002.96 rows=1034 width=121)
	        Recheck Cond: ((id >= 4580827) AND (id <= 4581826))
	        ->  Bitmap Index Scan on sbtest3_pkey  (cost=0.00..34.78 rows=1034 width=0)
	              Index Cond: ((id >= 4580827) AND (id <= 4581826))

table 4 : explain SELECT c FROM sbtest4 WHERE id BETWEEN 5096883 AND 5097882 ORDER BY c
	Sort  (cost=3850.88..3853.33 rows=979 width=121)
	  Sort Key: c
	  ->  Bitmap Heap Scan on sbtest4  (cost=34.47..3802.25 rows=979 width=121)
	        Recheck Cond: ((id >= 5096883) AND (id <= 5097882))
	        ->  Bitmap Index Scan on sbtest4_pkey  (cost=0.00..34.23 rows=979 width=0)
	              Index Cond: ((id >= 5096883) AND (id <= 5097882))

table 5 : explain SELECT c FROM sbtest5 WHERE id BETWEEN 1133025 AND 1134024 ORDER BY c
	Sort  (cost=4264.82..4267.53 rows=1087 width=121)
	  Sort Key: c
	  ->  Bitmap Heap Scan on sbtest5  (cost=35.58..4210.00 rows=1087 width=121)
	        Recheck Cond: ((id >= 1133025) AND (id <= 1134024))
	        ->  Bitmap Index Scan on sbtest5_pkey  (cost=0.00..35.31 rows=1087 width=0)
	              Index Cond: ((id >= 1133025) AND (id <= 1134024))

table 6 : explain SELECT c FROM sbtest6 WHERE id BETWEEN 4478609 AND 4479608 ORDER BY c
	Sort  (cost=4066.87..4069.46 rows=1037 width=121)
	  Sort Key: c
	  ->  Bitmap Heap Scan on sbtest6  (cost=35.06..4014.92 rows=1037 width=121)
	        Recheck Cond: ((id >= 4478609) AND (id <= 4479608))
	        ->  Bitmap Index Scan on sbtest6_pkey  (cost=0.00..34.81 rows=1037 width=0)
	              Index Cond: ((id >= 4478609) AND (id <= 4479608))

table 7 : explain SELECT c FROM sbtest7 WHERE id BETWEEN 808370 AND 809369 ORDER BY c
	Sort  (cost=3739.75..3742.13 rows=952 width=121)
	  Sort Key: c
	  ->  Bitmap Heap Scan on sbtest7  (cost=34.19..3692.65 rows=952 width=121)
	        Recheck Cond: ((id >= 808370) AND (id <= 809369))
	        ->  Bitmap Index Scan on sbtest7_pkey  (cost=0.00..33.95 rows=952 width=0)
	              Index Cond: ((id >= 808370) AND (id <= 809369))

table 8 : explain SELECT c FROM sbtest8 WHERE id BETWEEN 895302 AND 896301 ORDER BY c
	Sort  (cost=3675.32..3677.66 rows=935 width=121)
	  Sort Key: c
	  ->  Bitmap Heap Scan on sbtest8  (cost=34.02..3629.18 rows=935 width=121)
	        Recheck Cond: ((id >= 895302) AND (id <= 896301))
	        ->  Bitmap Index Scan on sbtest8_pkey  (cost=0.00..33.79 rows=935 width=0)
	              Index Cond: ((id >= 895302) AND (id <= 896301))

for: sum_ranges
table 1 : explain SELECT SUM(k) FROM sbtest1 WHERE id BETWEEN 833739 AND 834738
	Aggregate  (cost=4155.05..4155.06 rows=1 width=8)
	  ->  Bitmap Heap Scan on sbtest1  (cost=35.44..4152.37 rows=1074 width=4)
	        Recheck Cond: ((id >= 833739) AND (id <= 834738))
	        ->  Bitmap Index Scan on sbtest1_pkey  (cost=0.00..35.18 rows=1074 width=0)
	              Index Cond: ((id >= 833739) AND (id <= 834738))

table 2 : explain SELECT SUM(k) FROM sbtest2 WHERE id BETWEEN 7826374 AND 7827373
	Aggregate  (cost=3869.44..3869.45 rows=1 width=8)
	  ->  Bitmap Heap Scan on sbtest2  (cost=34.66..3866.95 rows=998 width=4)
	        Recheck Cond: ((id >= 7826374) AND (id <= 7827373))
	        ->  Bitmap Index Scan on sbtest2_pkey  (cost=0.00..34.42 rows=998 width=0)
	              Index Cond: ((id >= 7826374) AND (id <= 7827373))

table 3 : explain SELECT SUM(k) FROM sbtest3 WHERE id BETWEEN 2121628 AND 2122627
	Aggregate  (cost=3960.33..3960.34 rows=1 width=8)
	  ->  Bitmap Heap Scan on sbtest3  (cost=34.91..3957.78 rows=1022 width=4)
	        Recheck Cond: ((id >= 2121628) AND (id <= 2122627))
	        ->  Bitmap Index Scan on sbtest3_pkey  (cost=0.00..34.66 rows=1022 width=0)
	              Index Cond: ((id >= 2121628) AND (id <= 2122627))

table 4 : explain SELECT SUM(k) FROM sbtest4 WHERE id BETWEEN 1097910 AND 1098909
	Aggregate  (cost=3880.35..3880.36 rows=1 width=8)
	  ->  Bitmap Heap Scan on sbtest4  (cost=34.67..3877.86 rows=999 width=4)
	        Recheck Cond: ((id >= 1097910) AND (id <= 1098909))
	        ->  Bitmap Index Scan on sbtest4_pkey  (cost=0.00..34.43 rows=999 width=0)
	              Index Cond: ((id >= 1097910) AND (id <= 1098909))

table 5 : explain SELECT SUM(k) FROM sbtest5 WHERE id BETWEEN 4239099 AND 4240098
	Aggregate  (cost=3990.02..3990.03 rows=1 width=8)
	  ->  Bitmap Heap Scan on sbtest5  (cost=34.97..3987.45 rows=1028 width=4)
	        Recheck Cond: ((id >= 4239099) AND (id <= 4240098))
	        ->  Bitmap Index Scan on sbtest5_pkey  (cost=0.00..34.72 rows=1028 width=0)
	              Index Cond: ((id >= 4239099) AND (id <= 4240098))

table 6 : explain SELECT SUM(k) FROM sbtest6 WHERE id BETWEEN 4689376 AND 4690375
	Aggregate  (cost=3761.03..3761.04 rows=1 width=8)
	  ->  Bitmap Heap Scan on sbtest6  (cost=34.37..3758.61 rows=969 width=4)
	        Recheck Cond: ((id >= 4689376) AND (id <= 4690375))
	        ->  Bitmap Index Scan on sbtest6_pkey  (cost=0.00..34.12 rows=969 width=0)
	              Index Cond: ((id >= 4689376) AND (id <= 4690375))

table 7 : explain SELECT SUM(k) FROM sbtest7 WHERE id BETWEEN 8648385 AND 8649384
	Aggregate  (cost=3369.61..3369.62 rows=1 width=8)
	  ->  Bitmap Heap Scan on sbtest7  (cost=29.32..3367.44 rows=867 width=4)
	        Recheck Cond: ((id >= 8648385) AND (id <= 8649384))
	        ->  Bitmap Index Scan on sbtest7_pkey  (cost=0.00..29.11 rows=867 width=0)
	              Index Cond: ((id >= 8648385) AND (id <= 8649384))

table 8 : explain SELECT SUM(k) FROM sbtest8 WHERE id BETWEEN 5931945 AND 5932944
	Aggregate  (cost=3355.08..3355.09 rows=1 width=8)
	  ->  Bitmap Heap Scan on sbtest8  (cost=29.28..3352.92 rows=863 width=4)
	        Recheck Cond: ((id >= 5931945) AND (id <= 5932944))
	        ->  Bitmap Index Scan on sbtest8_pkey  (cost=0.00..29.07 rows=863 width=0)
	              Index Cond: ((id >= 5931945) AND (id <= 5932944))

explain: for point_selects :: explain SELECT c FROM sbtest%u WHERE id=%u
for: distinct_ranges
table 1 : explain SELECT DISTINCT c FROM sbtest1 WHERE id BETWEEN 1047021 AND 1048020 ORDER BY c
	Unique  (cost=3919.94..3924.93 rows=999 width=121)
	  ->  Sort  (cost=3919.94..3922.43 rows=999 width=121)
	        Sort Key: c
	        ->  Bitmap Heap Scan on sbtest1  (cost=34.67..3870.16 rows=999 width=121)
	              Recheck Cond: ((id >= 1047021) AND (id <= 1048020))
	              ->  Bitmap Index Scan on sbtest1_pkey  (cost=0.00..34.43 rows=999 width=0)
	                    Index Cond: ((id >= 1047021) AND (id <= 1048020))

table 2 : explain SELECT DISTINCT c FROM sbtest2 WHERE id BETWEEN 9090742 AND 9091741 ORDER BY c
	Unique  (cost=3759.72..3764.50 rows=957 width=121)
	  ->  Sort  (cost=3759.72..3762.11 rows=957 width=121)
	        Sort Key: c
	        ->  Bitmap Heap Scan on sbtest2  (cost=34.24..3712.33 rows=957 width=121)
	              Recheck Cond: ((id >= 9090742) AND (id <= 9091741))
	              ->  Bitmap Index Scan on sbtest2_pkey  (cost=0.00..34.01 rows=957 width=0)
	                    Index Cond: ((id >= 9090742) AND (id <= 9091741))

table 3 : explain SELECT DISTINCT c FROM sbtest3 WHERE id BETWEEN 5699851 AND 5700850 ORDER BY c
	Unique  (cost=4356.37..4361.94 rows=1114 width=121)
	  ->  Sort  (cost=4356.37..4359.15 rows=1114 width=121)
	        Sort Key: c
	        ->  Bitmap Heap Scan on sbtest3  (cost=35.85..4299.99 rows=1114 width=121)
	              Recheck Cond: ((id >= 5699851) AND (id <= 5700850))
	              ->  Bitmap Index Scan on sbtest3_pkey  (cost=0.00..35.58 rows=1114 width=0)
	                    Index Cond: ((id >= 5699851) AND (id <= 5700850))

table 4 : explain SELECT DISTINCT c FROM sbtest4 WHERE id BETWEEN 3277557 AND 3278556 ORDER BY c
	Unique  (cost=4061.82..4066.99 rows=1034 width=121)
	  ->  Sort  (cost=4061.82..4064.40 rows=1034 width=121)
	        Sort Key: c
	        ->  Bitmap Heap Scan on sbtest4  (cost=35.03..4010.05 rows=1034 width=121)
	              Recheck Cond: ((id >= 3277557) AND (id <= 3278556))
	              ->  Bitmap Index Scan on sbtest4_pkey  (cost=0.00..34.78 rows=1034 width=0)
	                    Index Cond: ((id >= 3277557) AND (id <= 3278556))

table 5 : explain SELECT DISTINCT c FROM sbtest5 WHERE id BETWEEN 2540238 AND 2541237 ORDER BY c
	Unique  (cost=3943.02..3948.04 rows=1003 width=121)
	  ->  Sort  (cost=3943.02..3945.53 rows=1003 width=121)
	        Sort Key: c
	        ->  Bitmap Heap Scan on sbtest5  (cost=34.72..3893.02 rows=1003 width=121)
	              Recheck Cond: ((id >= 2540238) AND (id <= 2541237))
	              ->  Bitmap Index Scan on sbtest5_pkey  (cost=0.00..34.47 rows=1003 width=0)
	                    Index Cond: ((id >= 2540238) AND (id <= 2541237))

table 6 : explain SELECT DISTINCT c FROM sbtest6 WHERE id BETWEEN 9011436 AND 9012435 ORDER BY c
	Unique  (cost=3791.35..3796.17 rows=965 width=121)
	  ->  Sort  (cost=3791.35..3793.76 rows=965 width=121)
	        Sort Key: c
	        ->  Bitmap Heap Scan on sbtest6  (cost=34.33..3743.51 rows=965 width=121)
	              Recheck Cond: ((id >= 9011436) AND (id <= 9012435))
	              ->  Bitmap Index Scan on sbtest6_pkey  (cost=0.00..34.09 rows=965 width=0)
	                    Index Cond: ((id >= 9011436) AND (id <= 9012435))

table 7 : explain SELECT DISTINCT c FROM sbtest7 WHERE id BETWEEN 2047810 AND 2048809 ORDER BY c
	Unique  (cost=3854.59..3859.50 rows=982 width=121)
	  ->  Sort  (cost=3854.59..3857.04 rows=982 width=121)
	        Sort Key: c
	        ->  Bitmap Heap Scan on sbtest7  (cost=34.50..3805.79 rows=982 width=121)
	              Recheck Cond: ((id >= 2047810) AND (id <= 2048809))
	              ->  Bitmap Index Scan on sbtest7_pkey  (cost=0.00..34.26 rows=982 width=0)
	                    Index Cond: ((id >= 2047810) AND (id <= 2048809))

table 8 : explain SELECT DISTINCT c FROM sbtest8 WHERE id BETWEEN 2464734 AND 2465733 ORDER BY c
	Unique  (cost=4306.12..4311.62 rows=1100 width=121)
	  ->  Sort  (cost=4306.12..4308.87 rows=1100 width=121)
	        Sort Key: c
	        ->  Bitmap Heap Scan on sbtest8  (cost=35.71..4250.55 rows=1100 width=121)
	              Recheck Cond: ((id >= 2464734) AND (id <= 2465733))
	              ->  Bitmap Index Scan on sbtest8_pkey  (cost=0.00..35.44 rows=1100 width=0)
	                    Index Cond: ((id >= 2464734) AND (id <= 2465733))

for: simple_ranges
table 1 : explain SELECT c FROM sbtest1 WHERE id BETWEEN 7795522 AND 7796521
	Bitmap Heap Scan on sbtest1  (cost=30.01..3621.00 rows=934 width=121)
	  Recheck Cond: ((id >= 7795522) AND (id <= 7796521))
	  ->  Bitmap Index Scan on sbtest1_pkey  (cost=0.00..29.77 rows=934 width=0)
	        Index Cond: ((id >= 7795522) AND (id <= 7796521))

table 2 : explain SELECT c FROM sbtest2 WHERE id BETWEEN 2431525 AND 2432524
	Bitmap Heap Scan on sbtest2  (cost=35.03..4002.53 rows=1034 width=121)
	  Recheck Cond: ((id >= 2431525) AND (id <= 2432524))
	  ->  Bitmap Index Scan on sbtest2_pkey  (cost=0.00..34.78 rows=1034 width=0)
	        Index Cond: ((id >= 2431525) AND (id <= 2432524))

table 3 : explain SELECT c FROM sbtest3 WHERE id BETWEEN 3044793 AND 3045792
	Bitmap Heap Scan on sbtest3  (cost=35.57..4198.54 rows=1086 width=121)
	  Recheck Cond: ((id >= 3044793) AND (id <= 3045792))
	  ->  Bitmap Index Scan on sbtest3_pkey  (cost=0.00..35.30 rows=1086 width=0)
	        Index Cond: ((id >= 3044793) AND (id <= 3045792))

table 4 : explain SELECT c FROM sbtest4 WHERE id BETWEEN 7394548 AND 7395547
	Bitmap Heap Scan on sbtest4  (cost=34.54..3828.72 rows=986 width=121)
	  Recheck Cond: ((id >= 7394548) AND (id <= 7395547))
	  ->  Bitmap Index Scan on sbtest4_pkey  (cost=0.00..34.30 rows=986 width=0)
	        Index Cond: ((id >= 7394548) AND (id <= 7395547))

table 5 : explain SELECT c FROM sbtest5 WHERE id BETWEEN 1041949 AND 1042948
	Bitmap Heap Scan on sbtest5  (cost=34.40..3775.82 rows=972 width=121)
	  Recheck Cond: ((id >= 1041949) AND (id <= 1042948))
	  ->  Bitmap Index Scan on sbtest5_pkey  (cost=0.00..34.16 rows=972 width=0)
	        Index Cond: ((id >= 1041949) AND (id <= 1042948))

table 6 : explain SELECT c FROM sbtest6 WHERE id BETWEEN 101589 AND 102588
	Bitmap Heap Scan on sbtest6  (cost=34.95..3973.50 rows=1026 width=121)
	  Recheck Cond: ((id >= 101589) AND (id <= 102588))
	  ->  Bitmap Index Scan on sbtest6_pkey  (cost=0.00..34.70 rows=1026 width=0)
	        Index Cond: ((id >= 101589) AND (id <= 102588))

table 7 : explain SELECT c FROM sbtest7 WHERE id BETWEEN 9397666 AND 9398665
	Bitmap Heap Scan on sbtest7  (cost=39.97..4343.75 rows=1125 width=121)
	  Recheck Cond: ((id >= 9397666) AND (id <= 9398665))
	  ->  Bitmap Index Scan on sbtest7_pkey  (cost=0.00..39.69 rows=1125 width=0)
	        Index Cond: ((id >= 9397666) AND (id <= 9398665))

table 8 : explain SELECT c FROM sbtest8 WHERE id BETWEEN 6499556 AND 6500555
	Bitmap Heap Scan on sbtest8  (cost=35.21..4066.38 rows=1051 width=121)
	  Recheck Cond: ((id >= 6499556) AND (id <= 6500555))
	  ->  Bitmap Index Scan on sbtest8_pkey  (cost=0.00..34.95 rows=1051 width=0)
	        Index Cond: ((id >= 6499556) AND (id <= 6500555))

for point_selects
table 1 : explain SELECT c FROM sbtest1 WHERE id=7191548
	Index Scan using sbtest1_pkey on sbtest1  (cost=0.43..8.45 rows=1 width=121)
	  Index Cond: (id = 7191548)

table 2 : explain SELECT c FROM sbtest2 WHERE id=411734
	Index Scan using sbtest2_pkey on sbtest2  (cost=0.43..8.45 rows=1 width=121)
	  Index Cond: (id = 411734)

table 3 : explain SELECT c FROM sbtest3 WHERE id=2487767
	Index Scan using sbtest3_pkey on sbtest3  (cost=0.43..8.45 rows=1 width=121)
	  Index Cond: (id = 2487767)

table 4 : explain SELECT c FROM sbtest4 WHERE id=1656885
	Index Scan using sbtest4_pkey on sbtest4  (cost=0.43..8.45 rows=1 width=121)
	  Index Cond: (id = 1656885)

table 5 : explain SELECT c FROM sbtest5 WHERE id=9855517
	Index Scan using sbtest5_pkey on sbtest5  (cost=0.43..8.45 rows=1 width=121)
	  Index Cond: (id = 9855517)

table 6 : explain SELECT c FROM sbtest6 WHERE id=6639390
	Index Scan using sbtest6_pkey on sbtest6  (cost=0.43..8.45 rows=1 width=121)
	  Index Cond: (id = 6639390)

table 7 : explain SELECT c FROM sbtest7 WHERE id=6011777
	Index Scan using sbtest7_pkey on sbtest7  (cost=0.43..8.45 rows=1 width=121)
	  Index Cond: (id = 6011777)

table 8 : explain SELECT c FROM sbtest8 WHERE id=7011081
	Index Scan using sbtest8_pkey on sbtest8  (cost=0.43..8.45 rows=1 width=121)
	  Index Cond: (id = 7011081)

explain: for point_selects :: explain SELECT c FROM sbtest%u WHERE id=%u
explain: for point_selects :: explain SELECT c FROM sbtest%u WHERE id=%u
for: order_ranges
table 1 : explain SELECT c FROM sbtest1 WHERE id BETWEEN 8525224 AND 8526223 ORDER BY c
	Sort  (cost=3770.69..3773.09 rows=960 width=121)
	  Sort Key: c
	  ->  Bitmap Heap Scan on sbtest1  (cost=34.28..3723.13 rows=960 width=121)
	        Recheck Cond: ((id >= 8525224) AND (id <= 8526223))
	        ->  Bitmap Index Scan on sbtest1_pkey  (cost=0.00..34.04 rows=960 width=0)
	              Index Cond: ((id >= 8525224) AND (id <= 8526223))

table 2 : explain SELECT c FROM sbtest2 WHERE id BETWEEN 6099289 AND 6100288 ORDER BY c
	Sort  (cost=3970.21..3972.74 rows=1012 width=121)
	  Sort Key: c
	  ->  Bitmap Heap Scan on sbtest2  (cost=34.81..3919.69 rows=1012 width=121)
	        Recheck Cond: ((id >= 6099289) AND (id <= 6100288))
	        ->  Bitmap Index Scan on sbtest2_pkey  (cost=0.00..34.56 rows=1012 width=0)
	              Index Cond: ((id >= 6099289) AND (id <= 6100288))

table 3 : explain SELECT c FROM sbtest3 WHERE id BETWEEN 9746702 AND 9747701 ORDER BY c
	Sort  (cost=3802.23..3804.65 rows=968 width=121)
	  Sort Key: c
	  ->  Bitmap Heap Scan on sbtest3  (cost=34.36..3754.23 rows=968 width=121)
	        Recheck Cond: ((id >= 9746702) AND (id <= 9747701))
	        ->  Bitmap Index Scan on sbtest3_pkey  (cost=0.00..34.12 rows=968 width=0)
	              Index Cond: ((id >= 9746702) AND (id <= 9747701))

table 4 : explain SELECT c FROM sbtest4 WHERE id BETWEEN 9021134 AND 9022133 ORDER BY c
	Sort  (cost=4080.98..4083.58 rows=1039 width=121)
	  Sort Key: c
	  ->  Bitmap Heap Scan on sbtest4  (cost=35.08..4028.92 rows=1039 width=121)
	        Recheck Cond: ((id >= 9021134) AND (id <= 9022133))
	        ->  Bitmap Index Scan on sbtest4_pkey  (cost=0.00..34.83 rows=1039 width=0)
	              Index Cond: ((id >= 9021134) AND (id <= 9022133))

table 5 : explain SELECT c FROM sbtest5 WHERE id BETWEEN 1125320 AND 1126319 ORDER BY c
	Sort  (cost=4264.82..4267.53 rows=1087 width=121)
	  Sort Key: c
	  ->  Bitmap Heap Scan on sbtest5  (cost=35.58..4210.00 rows=1087 width=121)
	        Recheck Cond: ((id >= 1125320) AND (id <= 1126319))
	        ->  Bitmap Index Scan on sbtest5_pkey  (cost=0.00..35.31 rows=1087 width=0)
	              Index Cond: ((id >= 1125320) AND (id <= 1126319))

table 6 : explain SELECT c FROM sbtest6 WHERE id BETWEEN 5814784 AND 5815783 ORDER BY c
	Sort  (cost=3848.80..3851.25 rows=980 width=121)
	  Sort Key: c
	  ->  Bitmap Heap Scan on sbtest6  (cost=34.48..3800.11 rows=980 width=121)
	        Recheck Cond: ((id >= 5814784) AND (id <= 5815783))
	        ->  Bitmap Index Scan on sbtest6_pkey  (cost=0.00..34.23 rows=980 width=0)
	              Index Cond: ((id >= 5814784) AND (id <= 5815783))

table 7 : explain SELECT c FROM sbtest7 WHERE id BETWEEN 9933820 AND 9934819 ORDER BY c
	Sort  (cost=3896.67..3899.15 rows=993 width=121)
	  Sort Key: c
	  ->  Bitmap Heap Scan on sbtest7  (cost=34.61..3847.24 rows=993 width=121)
	        Recheck Cond: ((id >= 9933820) AND (id <= 9934819))
	        ->  Bitmap Index Scan on sbtest7_pkey  (cost=0.00..34.37 rows=993 width=0)
	              Index Cond: ((id >= 9933820) AND (id <= 9934819))

table 8 : explain SELECT c FROM sbtest8 WHERE id BETWEEN 9969178 AND 9970177 ORDER BY c
	Sort  (cost=4203.12..4205.80 rows=1073 width=121)
	  Sort Key: c
	  ->  Bitmap Heap Scan on sbtest8  (cost=35.43..4149.11 rows=1073 width=121)
	        Recheck Cond: ((id >= 9969178) AND (id <= 9970177))
	        ->  Bitmap Index Scan on sbtest8_pkey  (cost=0.00..35.17 rows=1073 width=0)
	              Index Cond: ((id >= 9969178) AND (id <= 9970177))

for: distinct_ranges
table 1 : explain SELECT DISTINCT c FROM sbtest1 WHERE id BETWEEN 9749796 AND 9750795 ORDER BY c
	Unique  (cost=3674.75..3679.43 rows=936 width=121)
	  ->  Sort  (cost=3674.75..3677.09 rows=936 width=121)
	        Sort Key: c
	        ->  Bitmap Heap Scan on sbtest1  (cost=30.03..3628.55 rows=936 width=121)
	              Recheck Cond: ((id >= 9749796) AND (id <= 9750795))
	              ->  Bitmap Index Scan on sbtest1_pkey  (cost=0.00..29.79 rows=936 width=0)
	                    Index Cond: ((id >= 9749796) AND (id <= 9750795))

table 2 : explain SELECT DISTINCT c FROM sbtest2 WHERE id BETWEEN 7280886 AND 7281885 ORDER BY c
	Unique  (cost=3583.22..3587.78 rows=912 width=121)
	  ->  Sort  (cost=3583.22..3585.50 rows=912 width=121)
	        Sort Key: c
	        ->  Bitmap Heap Scan on sbtest2  (cost=29.78..3538.38 rows=912 width=121)
	              Recheck Cond: ((id >= 7280886) AND (id <= 7281885))
	              ->  Bitmap Index Scan on sbtest2_pkey  (cost=0.00..29.55 rows=912 width=0)
	                    Index Cond: ((id >= 7280886) AND (id <= 7281885))

table 3 : explain SELECT DISTINCT c FROM sbtest3 WHERE id BETWEEN 9744455 AND 9745454 ORDER BY c
	Unique  (cost=3802.23..3807.07 rows=968 width=121)
	  ->  Sort  (cost=3802.23..3804.65 rows=968 width=121)
	        Sort Key: c
	        ->  Bitmap Heap Scan on sbtest3  (cost=34.36..3754.23 rows=968 width=121)
	              Recheck Cond: ((id >= 9744455) AND (id <= 9745454))
	              ->  Bitmap Index Scan on sbtest3_pkey  (cost=0.00..34.12 rows=968 width=0)
	                    Index Cond: ((id >= 9744455) AND (id <= 9745454))

table 4 : explain SELECT DISTINCT c FROM sbtest4 WHERE id BETWEEN 171137 AND 172136 ORDER BY c
	Unique  (cost=3862.40..3867.31 rows=982 width=121)
	  ->  Sort  (cost=3862.40..3864.85 rows=982 width=121)
	        Sort Key: c
	        ->  Bitmap Heap Scan on sbtest4  (cost=34.50..3813.59 rows=982 width=121)
	              Recheck Cond: ((id >= 171137) AND (id <= 172136))
	              ->  Bitmap Index Scan on sbtest4_pkey  (cost=0.00..34.26 rows=982 width=0)
	                    Index Cond: ((id >= 171137) AND (id <= 172136))

table 5 : explain SELECT DISTINCT c FROM sbtest5 WHERE id BETWEEN 3106818 AND 3107817 ORDER BY c
	Unique  (cost=3943.02..3948.04 rows=1003 width=121)
	  ->  Sort  (cost=3943.02..3945.53 rows=1003 width=121)
	        Sort Key: c
	        ->  Bitmap Heap Scan on sbtest5  (cost=34.72..3893.02 rows=1003 width=121)
	              Recheck Cond: ((id >= 3106818) AND (id <= 3107817))
	              ->  Bitmap Index Scan on sbtest5_pkey  (cost=0.00..34.47 rows=1003 width=0)
	                    Index Cond: ((id >= 3106818) AND (id <= 3107817))

table 6 : explain SELECT DISTINCT c FROM sbtest6 WHERE id BETWEEN 3547975 AND 3548974 ORDER BY c
	Unique  (cost=3910.05..3915.03 rows=996 width=121)
	  ->  Sort  (cost=3910.05..3912.54 rows=996 width=121)
	        Sort Key: c
	        ->  Bitmap Heap Scan on sbtest6  (cost=34.64..3860.45 rows=996 width=121)
	              Recheck Cond: ((id >= 3547975) AND (id <= 3548974))
	              ->  Bitmap Index Scan on sbtest6_pkey  (cost=0.00..34.40 rows=996 width=0)
	                    Index Cond: ((id >= 3547975) AND (id <= 3548974))

table 7 : explain SELECT DISTINCT c FROM sbtest7 WHERE id BETWEEN 9597890 AND 9598889 ORDER BY c
	Unique  (cost=3544.10..3548.61 rows=902 width=121)
	  ->  Sort  (cost=3544.10..3546.35 rows=902 width=121)
	        Sort Key: c
	        ->  Bitmap Heap Scan on sbtest7  (cost=29.68..3499.82 rows=902 width=121)
	              Recheck Cond: ((id >= 9597890) AND (id <= 9598889))
	              ->  Bitmap Index Scan on sbtest7_pkey  (cost=0.00..29.45 rows=902 width=0)
	                    Index Cond: ((id >= 9597890) AND (id <= 9598889))

table 8 : explain SELECT DISTINCT c FROM sbtest8 WHERE id BETWEEN 3609533 AND 3610532 ORDER BY c
	Unique  (cost=3866.82..3871.74 rows=985 width=121)
	  ->  Sort  (cost=3866.82..3869.28 rows=985 width=121)
	        Sort Key: c
	        ->  Bitmap Heap Scan on sbtest8  (cost=34.53..3817.84 rows=985 width=121)
	              Recheck Cond: ((id >= 3609533) AND (id <= 3610532))
	              ->  Bitmap Index Scan on sbtest8_pkey  (cost=0.00..34.29 rows=985 width=0)
	                    Index Cond: ((id >= 3609533) AND (id <= 3610532))

for: distinct_ranges
table 1 : explain SELECT DISTINCT c FROM sbtest1 WHERE id BETWEEN 8759332 AND 8760331 ORDER BY c
	Unique  (cost=3459.94..3464.34 rows=880 width=121)
	  ->  Sort  (cost=3459.94..3462.14 rows=880 width=121)
	        Sort Key: c
	        ->  Bitmap Heap Scan on sbtest1  (cost=29.45..3416.90 rows=880 width=121)
	              Recheck Cond: ((id >= 8759332) AND (id <= 8760331))
	              ->  Bitmap Index Scan on sbtest1_pkey  (cost=0.00..29.23 rows=880 width=0)
	                    Index Cond: ((id >= 8759332) AND (id <= 8760331))

table 2 : explain SELECT DISTINCT c FROM sbtest2 WHERE id BETWEEN 6340259 AND 6341258 ORDER BY c
	Unique  (cost=4050.48..4055.65 rows=1033 width=121)
	  ->  Sort  (cost=4050.48..4053.06 rows=1033 width=121)
	        Sort Key: c
	        ->  Bitmap Heap Scan on sbtest2  (cost=35.02..3998.77 rows=1033 width=121)
	              Recheck Cond: ((id >= 6340259) AND (id <= 6341258))
	              ->  Bitmap Index Scan on sbtest2_pkey  (cost=0.00..34.77 rows=1033 width=0)
	                    Index Cond: ((id >= 6340259) AND (id <= 6341258))

table 3 : explain SELECT DISTINCT c FROM sbtest3 WHERE id BETWEEN 595552 AND 596551 ORDER BY c
	Unique  (cost=3832.87..3837.75 rows=976 width=121)
	  ->  Sort  (cost=3832.87..3835.31 rows=976 width=121)
	        Sort Key: c
	        ->  Bitmap Heap Scan on sbtest3  (cost=34.44..3784.40 rows=976 width=121)
	              Recheck Cond: ((id >= 595552) AND (id <= 596551))
	              ->  Bitmap Index Scan on sbtest3_pkey  (cost=0.00..34.20 rows=976 width=0)
	                    Index Cond: ((id >= 595552) AND (id <= 596551))

table 4 : explain SELECT DISTINCT c FROM sbtest4 WHERE id BETWEEN 8860377 AND 8861376 ORDER BY c
	Unique  (cost=3793.29..3798.11 rows=964 width=121)
	  ->  Sort  (cost=3793.29..3795.70 rows=964 width=121)
	        Sort Key: c
	        ->  Bitmap Heap Scan on sbtest4  (cost=34.32..3745.51 rows=964 width=121)
	              Recheck Cond: ((id >= 8860377) AND (id <= 8861376))
	              ->  Bitmap Index Scan on sbtest4_pkey  (cost=0.00..34.08 rows=964 width=0)
	                    Index Cond: ((id >= 8860377) AND (id <= 8861376))

table 5 : explain SELECT DISTINCT c FROM sbtest5 WHERE id BETWEEN 9096647 AND 9097646 ORDER BY c
	Unique  (cost=4123.17..4128.42 rows=1050 width=121)
	  ->  Sort  (cost=4123.17..4125.80 rows=1050 width=121)
	        Sort Key: c
	        ->  Bitmap Heap Scan on sbtest5  (cost=35.20..4070.48 rows=1050 width=121)
	              Recheck Cond: ((id >= 9096647) AND (id <= 9097646))
	              ->  Bitmap Index Scan on sbtest5_pkey  (cost=0.00..34.94 rows=1050 width=0)
	                    Index Cond: ((id >= 9096647) AND (id <= 9097646))

table 6 : explain SELECT DISTINCT c FROM sbtest6 WHERE id BETWEEN 8072525 AND 8073524 ORDER BY c
	Unique  (cost=3898.57..3903.53 rows=993 width=121)
	  ->  Sort  (cost=3898.57..3901.05 rows=993 width=121)
	        Sort Key: c
	        ->  Bitmap Heap Scan on sbtest6  (cost=34.61..3849.14 rows=993 width=121)
	              Recheck Cond: ((id >= 8072525) AND (id <= 8073524))
	              ->  Bitmap Index Scan on sbtest6_pkey  (cost=0.00..34.37 rows=993 width=0)
	                    Index Cond: ((id >= 8072525) AND (id <= 8073524))

table 7 : explain SELECT DISTINCT c FROM sbtest7 WHERE id BETWEEN 6720851 AND 6721850 ORDER BY c
	Unique  (cost=4007.54..4012.65 rows=1022 width=121)
	  ->  Sort  (cost=4007.54..4010.09 rows=1022 width=121)
	        Sort Key: c
	        ->  Bitmap Heap Scan on sbtest7  (cost=34.91..3956.45 rows=1022 width=121)
	              Recheck Cond: ((id >= 6720851) AND (id <= 6721850))
	              ->  Bitmap Index Scan on sbtest7_pkey  (cost=0.00..34.66 rows=1022 width=0)
	                    Index Cond: ((id >= 6720851) AND (id <= 6721850))

table 8 : explain SELECT DISTINCT c FROM sbtest8 WHERE id BETWEEN 4257974 AND 4258973 ORDER BY c
	Unique  (cost=3820.89..3825.75 rows=973 width=121)
	  ->  Sort  (cost=3820.89..3823.32 rows=973 width=121)
	        Sort Key: c
	        ->  Bitmap Heap Scan on sbtest8  (cost=34.41..3772.60 rows=973 width=121)
	              Recheck Cond: ((id >= 4257974) AND (id <= 4258973))
	              ->  Bitmap Index Scan on sbtest8_pkey  (cost=0.00..34.17 rows=973 width=0)
	                    Index Cond: ((id >= 4257974) AND (id <= 4258973))

for point_selects
table 1 : explain SELECT c FROM sbtest1 WHERE id=933700
	Index Scan using sbtest1_pkey on sbtest1  (cost=0.43..8.45 rows=1 width=121)
	  Index Cond: (id = 933700)

table 2 : explain SELECT c FROM sbtest2 WHERE id=4277744
	Index Scan using sbtest2_pkey on sbtest2  (cost=0.43..8.45 rows=1 width=121)
	  Index Cond: (id = 4277744)

table 3 : explain SELECT c FROM sbtest3 WHERE id=4516515
	Index Scan using sbtest3_pkey on sbtest3  (cost=0.43..8.45 rows=1 width=121)
	  Index Cond: (id = 4516515)

table 4 : explain SELECT c FROM sbtest4 WHERE id=4418028
	Index Scan using sbtest4_pkey on sbtest4  (cost=0.43..8.45 rows=1 width=121)
	  Index Cond: (id = 4418028)

table 5 : explain SELECT c FROM sbtest5 WHERE id=7129577
	Index Scan using sbtest5_pkey on sbtest5  (cost=0.43..8.45 rows=1 width=121)
	  Index Cond: (id = 7129577)

table 6 : explain SELECT c FROM sbtest6 WHERE id=5261618
	Index Scan using sbtest6_pkey on sbtest6  (cost=0.43..8.45 rows=1 width=121)
	  Index Cond: (id = 5261618)

table 7 : explain SELECT c FROM sbtest7 WHERE id=4184240
	Index Scan using sbtest7_pkey on sbtest7  (cost=0.43..8.45 rows=1 width=121)
	  Index Cond: (id = 4184240)

table 8 : explain SELECT c FROM sbtest8 WHERE id=7990653
	Index Scan using sbtest8_pkey on sbtest8  (cost=0.43..8.45 rows=1 width=121)
	  Index Cond: (id = 7990653)

for: order_ranges
table 1 : explain SELECT c FROM sbtest1 WHERE id BETWEEN 250496 AND 251495 ORDER BY c
	Sort  (cost=3958.17..3960.70 rows=1009 width=121)
	  Sort Key: c
	  ->  Bitmap Heap Scan on sbtest1  (cost=34.78..3907.83 rows=1009 width=121)
	        Recheck Cond: ((id >= 250496) AND (id <= 251495))
	        ->  Bitmap Index Scan on sbtest1_pkey  (cost=0.00..34.53 rows=1009 width=0)
	              Index Cond: ((id >= 250496) AND (id <= 251495))

table 2 : explain SELECT c FROM sbtest2 WHERE id BETWEEN 5840622 AND 5841621 ORDER BY c
	Sort  (cost=4161.25..4163.90 rows=1062 width=121)
	  Sort Key: c
	  ->  Bitmap Heap Scan on sbtest2  (cost=35.32..4107.87 rows=1062 width=121)
	        Recheck Cond: ((id >= 5840622) AND (id <= 5841621))
	        ->  Bitmap Index Scan on sbtest2_pkey  (cost=0.00..35.06 rows=1062 width=0)
	              Index Cond: ((id >= 5840622) AND (id <= 5841621))

table 3 : explain SELECT c FROM sbtest3 WHERE id BETWEEN 4344876 AND 4345875 ORDER BY c
	Sort  (cost=4092.94..4095.55 rows=1044 width=121)
	  Sort Key: c
	  ->  Bitmap Heap Scan on sbtest3  (cost=35.14..4040.60 rows=1044 width=121)
	        Recheck Cond: ((id >= 4344876) AND (id <= 4345875))
	        ->  Bitmap Index Scan on sbtest3_pkey  (cost=0.00..34.88 rows=1044 width=0)
	              Index Cond: ((id >= 4344876) AND (id <= 4345875))

table 4 : explain SELECT c FROM sbtest4 WHERE id BETWEEN 9669691 AND 9670690 ORDER BY c
	Sort  (cost=3751.04..3753.43 rows=953 width=121)
	  Sort Key: c
	  ->  Bitmap Heap Scan on sbtest4  (cost=34.20..3703.89 rows=953 width=121)
	        Recheck Cond: ((id >= 9669691) AND (id <= 9670690))
	        ->  Bitmap Index Scan on sbtest4_pkey  (cost=0.00..33.97 rows=953 width=0)
	              Index Cond: ((id >= 9669691) AND (id <= 9670690))

table 5 : explain SELECT c FROM sbtest5 WHERE id BETWEEN 9206699 AND 9207698 ORDER BY c
	Sort  (cost=4031.21..4033.78 rows=1026 width=121)
	  Sort Key: c
	  ->  Bitmap Heap Scan on sbtest5  (cost=34.95..3979.90 rows=1026 width=121)
	        Recheck Cond: ((id >= 9206699) AND (id <= 9207698))
	        ->  Bitmap Index Scan on sbtest5_pkey  (cost=0.00..34.70 rows=1026 width=0)
	              Index Cond: ((id >= 9206699) AND (id <= 9207698))

table 6 : explain SELECT c FROM sbtest6 WHERE id BETWEEN 6385559 AND 6386558 ORDER BY c
	Sort  (cost=4112.73..4115.35 rows=1049 width=121)
	  Sort Key: c
	  ->  Bitmap Heap Scan on sbtest6  (cost=35.19..4060.10 rows=1049 width=121)
	        Recheck Cond: ((id >= 6385559) AND (id <= 6386558))
	        ->  Bitmap Index Scan on sbtest6_pkey  (cost=0.00..34.93 rows=1049 width=0)
	              Index Cond: ((id >= 6385559) AND (id <= 6386558))

table 7 : explain SELECT c FROM sbtest7 WHERE id BETWEEN 186886 AND 187885 ORDER BY c
	Sort  (cost=3693.78..3696.13 rows=940 width=121)
	  Sort Key: c
	  ->  Bitmap Heap Scan on sbtest7  (cost=34.07..3647.36 rows=940 width=121)
	        Recheck Cond: ((id >= 186886) AND (id <= 187885))
	        ->  Bitmap Index Scan on sbtest7_pkey  (cost=0.00..33.84 rows=940 width=0)
	              Index Cond: ((id >= 186886) AND (id <= 187885))

table 8 : explain SELECT c FROM sbtest8 WHERE id BETWEEN 7281180 AND 7282179 ORDER BY c
	Sort  (cost=4015.98..4018.54 rows=1024 width=121)
	  Sort Key: c
	  ->  Bitmap Heap Scan on sbtest8  (cost=34.93..3964.78 rows=1024 width=121)
	        Recheck Cond: ((id >= 7281180) AND (id <= 7282179))
	        ->  Bitmap Index Scan on sbtest8_pkey  (cost=0.00..34.68 rows=1024 width=0)
	              Index Cond: ((id >= 7281180) AND (id <= 7282179))

for: simple_ranges
table 1 : explain SELECT c FROM sbtest1 WHERE id BETWEEN 3966617 AND 3967616
	Bitmap Heap Scan on sbtest1  (cost=34.49..3802.33 rows=981 width=121)
	  Recheck Cond: ((id >= 3966617) AND (id <= 3967616))
	  ->  Bitmap Index Scan on sbtest1_pkey  (cost=0.00..34.25 rows=981 width=0)
	        Index Cond: ((id >= 3966617) AND (id <= 3967616))

table 2 : explain SELECT c FROM sbtest2 WHERE id BETWEEN 3369882 AND 3370881
	Bitmap Heap Scan on sbtest2  (cost=34.28..3723.65 rows=960 width=121)
	  Recheck Cond: ((id >= 3369882) AND (id <= 3370881))
	  ->  Bitmap Index Scan on sbtest2_pkey  (cost=0.00..34.04 rows=960 width=0)
	        Index Cond: ((id >= 3369882) AND (id <= 3370881))

table 3 : explain SELECT c FROM sbtest3 WHERE id BETWEEN 8050154 AND 8051153
	Bitmap Heap Scan on sbtest3  (cost=35.19..4059.41 rows=1049 width=121)
	  Recheck Cond: ((id >= 8050154) AND (id <= 8051153))
	  ->  Bitmap Index Scan on sbtest3_pkey  (cost=0.00..34.93 rows=1049 width=0)
	        Index Cond: ((id >= 8050154) AND (id <= 8051153))

table 4 : explain SELECT c FROM sbtest4 WHERE id BETWEEN 1248388 AND 1249387
	Bitmap Heap Scan on sbtest4  (cost=35.12..4040.24 rows=1042 width=121)
	  Recheck Cond: ((id >= 1248388) AND (id <= 1249387))
	  ->  Bitmap Index Scan on sbtest4_pkey  (cost=0.00..34.86 rows=1042 width=0)
	        Index Cond: ((id >= 1248388) AND (id <= 1249387))

table 5 : explain SELECT c FROM sbtest5 WHERE id BETWEEN 833222 AND 834221
	Bitmap Heap Scan on sbtest5  (cost=29.75..3533.28 rows=909 width=121)
	  Recheck Cond: ((id >= 833222) AND (id <= 834221))
	  ->  Bitmap Index Scan on sbtest5_pkey  (cost=0.00..29.52 rows=909 width=0)
	        Index Cond: ((id >= 833222) AND (id <= 834221))

table 6 : explain SELECT c FROM sbtest6 WHERE id BETWEEN 9948316 AND 9949315
	Bitmap Heap Scan on sbtest6  (cost=34.25..3717.09 rows=958 width=121)
	  Recheck Cond: ((id >= 9948316) AND (id <= 9949315))
	  ->  Bitmap Index Scan on sbtest6_pkey  (cost=0.00..34.02 rows=958 width=0)
	        Index Cond: ((id >= 9948316) AND (id <= 9949315))

table 7 : explain SELECT c FROM sbtest7 WHERE id BETWEEN 9379040 AND 9380039
	Bitmap Heap Scan on sbtest7  (cost=39.97..4343.75 rows=1125 width=121)
	  Recheck Cond: ((id >= 9379040) AND (id <= 9380039))
	  ->  Bitmap Index Scan on sbtest7_pkey  (cost=0.00..39.69 rows=1125 width=0)
	        Index Cond: ((id >= 9379040) AND (id <= 9380039))

table 8 : explain SELECT c FROM sbtest8 WHERE id BETWEEN 7891646 AND 7892645
	Bitmap Heap Scan on sbtest8  (cost=34.36..3753.74 rows=968 width=121)
	  Recheck Cond: ((id >= 7891646) AND (id <= 7892645))
	  ->  Bitmap Index Scan on sbtest8_pkey  (cost=0.00..34.12 rows=968 width=0)
	        Index Cond: ((id >= 7891646) AND (id <= 7892645))

for: order_ranges
table 1 : explain SELECT c FROM sbtest1 WHERE id BETWEEN 1099873 AND 1100872 ORDER BY c
	Sort  (cost=4000.22..4002.77 rows=1020 width=121)
	  Sort Key: c
	  ->  Bitmap Heap Scan on sbtest1  (cost=34.89..3949.25 rows=1020 width=121)
	        Recheck Cond: ((id >= 1099873) AND (id <= 1100872))
	        ->  Bitmap Index Scan on sbtest1_pkey  (cost=0.00..34.64 rows=1020 width=0)
	              Index Cond: ((id >= 1099873) AND (id <= 1100872))

table 2 : explain SELECT c FROM sbtest2 WHERE id BETWEEN 4818058 AND 4819057 ORDER BY c
	Sort  (cost=3798.02..3800.43 rows=967 width=121)
	  Sort Key: c
	  ->  Bitmap Heap Scan on sbtest2  (cost=34.35..3750.06 rows=967 width=121)
	        Recheck Cond: ((id >= 4818058) AND (id <= 4819057))
	        ->  Bitmap Index Scan on sbtest2_pkey  (cost=0.00..34.11 rows=967 width=0)
	              Index Cond: ((id >= 4818058) AND (id <= 4819057))

table 3 : explain SELECT c FROM sbtest3 WHERE id BETWEEN 4781771 AND 4782770 ORDER BY c
	Sort  (cost=3901.76..3904.25 rows=994 width=121)
	  Sort Key: c
	  ->  Bitmap Heap Scan on sbtest3  (cost=34.62..3852.28 rows=994 width=121)
	        Recheck Cond: ((id >= 4781771) AND (id <= 4782770))
	        ->  Bitmap Index Scan on sbtest3_pkey  (cost=0.00..34.38 rows=994 width=0)
	              Index Cond: ((id >= 4781771) AND (id <= 4782770))

table 4 : explain SELECT c FROM sbtest4 WHERE id BETWEEN 3035389 AND 3036388 ORDER BY c
	Sort  (cost=3923.79..3926.29 rows=998 width=121)
	  Sort Key: c
	  ->  Bitmap Heap Scan on sbtest4  (cost=34.66..3874.08 rows=998 width=121)
	        Recheck Cond: ((id >= 3035389) AND (id <= 3036388))
	        ->  Bitmap Index Scan on sbtest4_pkey  (cost=0.00..34.42 rows=998 width=0)
	              Index Cond: ((id >= 3035389) AND (id <= 3036388))

table 5 : explain SELECT c FROM sbtest5 WHERE id BETWEEN 3647593 AND 3648592 ORDER BY c
	Sort  (cost=3889.31..3891.78 rows=989 width=121)
	  Sort Key: c
	  ->  Bitmap Heap Scan on sbtest5  (cost=34.57..3840.11 rows=989 width=121)
	        Recheck Cond: ((id >= 3647593) AND (id <= 3648592))
	        ->  Bitmap Index Scan on sbtest5_pkey  (cost=0.00..34.33 rows=989 width=0)
	              Index Cond: ((id >= 3647593) AND (id <= 3648592))

table 6 : explain SELECT c FROM sbtest6 WHERE id BETWEEN 3157043 AND 3158042 ORDER BY c
	Sort  (cost=4422.12..4424.94 rows=1130 width=121)
	  Sort Key: c
	  ->  Bitmap Heap Scan on sbtest6  (cost=40.02..4364.81 rows=1130 width=121)
	        Recheck Cond: ((id >= 3157043) AND (id <= 3158042))
	        ->  Bitmap Index Scan on sbtest6_pkey  (cost=0.00..39.73 rows=1130 width=0)
	              Index Cond: ((id >= 3157043) AND (id <= 3158042))

table 7 : explain SELECT c FROM sbtest7 WHERE id BETWEEN 4454553 AND 4455552 ORDER BY c
	Sort  (cost=3831.63..3834.07 rows=976 width=121)
	  Sort Key: c
	  ->  Bitmap Heap Scan on sbtest7  (cost=34.44..3783.17 rows=976 width=121)
	        Recheck Cond: ((id >= 4454553) AND (id <= 4455552))
	        ->  Bitmap Index Scan on sbtest7_pkey  (cost=0.00..34.20 rows=976 width=0)
	              Index Cond: ((id >= 4454553) AND (id <= 4455552))

table 8 : explain SELECT c FROM sbtest8 WHERE id BETWEEN 210874 AND 211873 ORDER BY c
	Sort  (cost=3920.38..3922.88 rows=999 width=121)
	  Sort Key: c
	  ->  Bitmap Heap Scan on sbtest8  (cost=34.67..3870.61 rows=999 width=121)
	        Recheck Cond: ((id >= 210874) AND (id <= 211873))
	        ->  Bitmap Index Scan on sbtest8_pkey  (cost=0.00..34.43 rows=999 width=0)
	              Index Cond: ((id >= 210874) AND (id <= 211873))

for: sum_ranges
table 1 : explain SELECT SUM(k) FROM sbtest1 WHERE id BETWEEN 9147825 AND 9148824
	Aggregate  (cost=4170.09..4170.10 rows=1 width=8)
	  ->  Bitmap Heap Scan on sbtest1  (cost=35.48..4167.40 rows=1078 width=4)
	        Recheck Cond: ((id >= 9147825) AND (id <= 9148824))
	        ->  Bitmap Index Scan on sbtest1_pkey  (cost=0.00..35.22 rows=1078 width=0)
	              Index Cond: ((id >= 9147825) AND (id <= 9148824))

table 2 : explain SELECT SUM(k) FROM sbtest2 WHERE id BETWEEN 7673353 AND 7674352
	Aggregate  (cost=4016.41..4016.42 rows=1 width=8)
	  ->  Bitmap Heap Scan on sbtest2  (cost=35.06..4013.82 rows=1037 width=4)
	        Recheck Cond: ((id >= 7673353) AND (id <= 7674352))
	        ->  Bitmap Index Scan on sbtest2_pkey  (cost=0.00..34.81 rows=1037 width=0)
	              Index Cond: ((id >= 7673353) AND (id <= 7674352))

table 3 : explain SELECT SUM(k) FROM sbtest3 WHERE id BETWEEN 1067852 AND 1068851
	Aggregate  (cost=3820.81..3820.82 rows=1 width=8)
	  ->  Bitmap Heap Scan on sbtest3  (cost=34.53..3818.35 rows=985 width=4)
	        Recheck Cond: ((id >= 1067852) AND (id <= 1068851))
	        ->  Bitmap Index Scan on sbtest3_pkey  (cost=0.00..34.29 rows=985 width=0)
	              Index Cond: ((id >= 1067852) AND (id <= 1068851))

table 4 : explain SELECT SUM(k) FROM sbtest4 WHERE id BETWEEN 6447792 AND 6448791
	Aggregate  (cost=4122.12..4122.13 rows=1 width=8)
	  ->  Bitmap Heap Scan on sbtest4  (cost=35.33..4119.46 rows=1063 width=4)
	        Recheck Cond: ((id >= 6447792) AND (id <= 6448791))
	        ->  Bitmap Index Scan on sbtest4_pkey  (cost=0.00..35.07 rows=1063 width=0)
	              Index Cond: ((id >= 6447792) AND (id <= 6448791))

table 5 : explain SELECT SUM(k) FROM sbtest5 WHERE id BETWEEN 2321951 AND 2322950
	Aggregate  (cost=3619.17..3619.18 rows=1 width=8)
	  ->  Bitmap Heap Scan on sbtest5  (cost=33.97..3616.85 rows=930 width=4)
	        Recheck Cond: ((id >= 2321951) AND (id <= 2322950))
	        ->  Bitmap Index Scan on sbtest5_pkey  (cost=0.00..33.73 rows=930 width=0)
	              Index Cond: ((id >= 2321951) AND (id <= 2322950))

table 6 : explain SELECT SUM(k) FROM sbtest6 WHERE id BETWEEN 8117077 AND 8118076
	Aggregate  (cost=4047.65..4047.66 rows=1 width=8)
	  ->  Bitmap Heap Scan on sbtest6  (cost=35.15..4045.04 rows=1045 width=4)
	        Recheck Cond: ((id >= 8117077) AND (id <= 8118076))
	        ->  Bitmap Index Scan on sbtest6_pkey  (cost=0.00..34.89 rows=1045 width=0)
	              Index Cond: ((id >= 8117077) AND (id <= 8118076))

table 7 : explain SELECT SUM(k) FROM sbtest7 WHERE id BETWEEN 8296226 AND 8297225
	Aggregate  (cost=3611.93..3611.94 rows=1 width=8)
	  ->  Bitmap Heap Scan on sbtest7  (cost=33.97..3609.61 rows=930 width=4)
	        Recheck Cond: ((id >= 8296226) AND (id <= 8297225))
	        ->  Bitmap Index Scan on sbtest7_pkey  (cost=0.00..33.73 rows=930 width=0)
	              Index Cond: ((id >= 8296226) AND (id <= 8297225))

table 8 : explain SELECT SUM(k) FROM sbtest8 WHERE id BETWEEN 6784126 AND 6785125
	Aggregate  (cost=4512.59..4512.60 rows=1 width=8)
	  ->  Bitmap Heap Scan on sbtest8  (cost=40.42..4509.67 rows=1169 width=4)
	        Recheck Cond: ((id >= 6784126) AND (id <= 6785125))
	        ->  Bitmap Index Scan on sbtest8_pkey  (cost=0.00..40.12 rows=1169 width=0)
	              Index Cond: ((id >= 6784126) AND (id <= 6785125))

explain: for point_selects :: explain SELECT c FROM sbtest%u WHERE id=%u
for point_selects
table 1 : explain SELECT c FROM sbtest1 WHERE id=9110061
	Index Scan using sbtest1_pkey on sbtest1  (cost=0.43..8.45 rows=1 width=121)
	  Index Cond: (id = 9110061)

table 2 : explain SELECT c FROM sbtest2 WHERE id=8141198
	Index Scan using sbtest2_pkey on sbtest2  (cost=0.43..8.45 rows=1 width=121)
	  Index Cond: (id = 8141198)

table 3 : explain SELECT c FROM sbtest3 WHERE id=9086366
	Index Scan using sbtest3_pkey on sbtest3  (cost=0.43..8.45 rows=1 width=121)
	  Index Cond: (id = 9086366)

table 4 : explain SELECT c FROM sbtest4 WHERE id=5374937
	Index Scan using sbtest4_pkey on sbtest4  (cost=0.43..8.45 rows=1 width=121)
	  Index Cond: (id = 5374937)

table 5 : explain SELECT c FROM sbtest5 WHERE id=3065921
	Index Scan using sbtest5_pkey on sbtest5  (cost=0.43..8.45 rows=1 width=121)
	  Index Cond: (id = 3065921)

table 6 : explain SELECT c FROM sbtest6 WHERE id=4216539
	Index Scan using sbtest6_pkey on sbtest6  (cost=0.43..8.45 rows=1 width=121)
	  Index Cond: (id = 4216539)

table 7 : explain SELECT c FROM sbtest7 WHERE id=5637669
	Index Scan using sbtest7_pkey on sbtest7  (cost=0.43..8.45 rows=1 width=121)
	  Index Cond: (id = 5637669)

table 8 : explain SELECT c FROM sbtest8 WHERE id=8070599
	Index Scan using sbtest8_pkey on sbtest8  (cost=0.43..8.45 rows=1 width=121)
	  Index Cond: (id = 8070599)

for: order_ranges
table 1 : explain SELECT c FROM sbtest1 WHERE id BETWEEN 5337676 AND 5338675 ORDER BY c
	Sort  (cost=4374.29..4377.09 rows=1119 width=121)
	  Sort Key: c
	  ->  Bitmap Heap Scan on sbtest1  (cost=35.90..4317.62 rows=1119 width=121)
	        Recheck Cond: ((id >= 5337676) AND (id <= 5338675))
	        ->  Bitmap Index Scan on sbtest1_pkey  (cost=0.00..35.62 rows=1119 width=0)
	              Index Cond: ((id >= 5337676) AND (id <= 5338675))

table 2 : explain SELECT c FROM sbtest2 WHERE id BETWEEN 5704297 AND 5705296 ORDER BY c
	Sort  (cost=3587.05..3589.34 rows=913 width=121)
	  Sort Key: c
	  ->  Bitmap Heap Scan on sbtest2  (cost=29.79..3542.16 rows=913 width=121)
	        Recheck Cond: ((id >= 5704297) AND (id <= 5705296))
	        ->  Bitmap Index Scan on sbtest2_pkey  (cost=0.00..29.57 rows=913 width=0)
	              Index Cond: ((id >= 5704297) AND (id <= 5705296))

table 3 : explain SELECT c FROM sbtest3 WHERE id BETWEEN 490682 AND 491681 ORDER BY c
	Sort  (cost=3740.94..3743.32 rows=952 width=121)
	  Sort Key: c
	  ->  Bitmap Heap Scan on sbtest3  (cost=34.19..3693.84 rows=952 width=121)
	        Recheck Cond: ((id >= 490682) AND (id <= 491681))
	        ->  Bitmap Index Scan on sbtest3_pkey  (cost=0.00..33.95 rows=952 width=0)
	              Index Cond: ((id >= 490682) AND (id <= 491681))

table 4 : explain SELECT c FROM sbtest4 WHERE id BETWEEN 3348506 AND 3349505 ORDER BY c
	Sort  (cost=4000.49..4003.04 rows=1018 width=121)
	  Sort Key: c
	  ->  Bitmap Heap Scan on sbtest4  (cost=34.87..3949.64 rows=1018 width=121)
	        Recheck Cond: ((id >= 3348506) AND (id <= 3349505))
	        ->  Bitmap Index Scan on sbtest4_pkey  (cost=0.00..34.62 rows=1018 width=0)
	              Index Cond: ((id >= 3348506) AND (id <= 3349505))

table 5 : explain SELECT c FROM sbtest5 WHERE id BETWEEN 3130994 AND 3131993 ORDER BY c
	Sort  (cost=3943.02..3945.53 rows=1003 width=121)
	  Sort Key: c
	  ->  Bitmap Heap Scan on sbtest5  (cost=34.72..3893.02 rows=1003 width=121)
	        Recheck Cond: ((id >= 3130994) AND (id <= 3131993))
	        ->  Bitmap Index Scan on sbtest5_pkey  (cost=0.00..34.47 rows=1003 width=0)
	              Index Cond: ((id >= 3130994) AND (id <= 3131993))

table 6 : explain SELECT c FROM sbtest6 WHERE id BETWEEN 3054637 AND 3055636 ORDER BY c
	Sort  (cost=3783.68..3786.09 rows=963 width=121)
	  Sort Key: c
	  ->  Bitmap Heap Scan on sbtest6  (cost=34.31..3735.96 rows=963 width=121)
	        Recheck Cond: ((id >= 3054637) AND (id <= 3055636))
	        ->  Bitmap Index Scan on sbtest6_pkey  (cost=0.00..34.07 rows=963 width=0)
	              Index Cond: ((id >= 3054637) AND (id <= 3055636))

table 7 : explain SELECT c FROM sbtest7 WHERE id BETWEEN 3572237 AND 3573236 ORDER BY c
	Sort  (cost=3712.94..3715.30 rows=945 width=121)
	  Sort Key: c
	  ->  Bitmap Heap Scan on sbtest7  (cost=34.12..3666.23 rows=945 width=121)
	        Recheck Cond: ((id >= 3572237) AND (id <= 3573236))
	        ->  Bitmap Index Scan on sbtest7_pkey  (cost=0.00..33.89 rows=945 width=0)
	              Index Cond: ((id >= 3572237) AND (id <= 3573236))

table 8 : explain SELECT c FROM sbtest8 WHERE id BETWEEN 1616379 AND 1617378 ORDER BY c
	Sort  (cost=3847.68..3850.13 rows=980 width=121)
	  Sort Key: c
	  ->  Bitmap Heap Scan on sbtest8  (cost=34.48..3798.99 rows=980 width=121)
	        Recheck Cond: ((id >= 1616379) AND (id <= 1617378))
	        ->  Bitmap Index Scan on sbtest8_pkey  (cost=0.00..34.23 rows=980 width=0)
	              Index Cond: ((id >= 1616379) AND (id <= 1617378))

explain: for point_selects :: explain SELECT c FROM sbtest%u WHERE id=%u
for: distinct_ranges
table 1 : explain SELECT DISTINCT c FROM sbtest1 WHERE id BETWEEN 6010508 AND 6011507 ORDER BY c
	Unique  (cost=3759.20..3763.98 rows=957 width=121)
	  ->  Sort  (cost=3759.20..3761.59 rows=957 width=121)
	        Sort Key: c
	        ->  Bitmap Heap Scan on sbtest1  (cost=34.24..3711.81 rows=957 width=121)
	              Recheck Cond: ((id >= 6010508) AND (id <= 6011507))
	              ->  Bitmap Index Scan on sbtest1_pkey  (cost=0.00..34.01 rows=957 width=0)
	                    Index Cond: ((id >= 6010508) AND (id <= 6011507))

table 2 : explain SELECT DISTINCT c FROM sbtest2 WHERE id BETWEEN 7330035 AND 7331034 ORDER BY c
	Unique  (cost=3583.22..3587.78 rows=912 width=121)
	  ->  Sort  (cost=3583.22..3585.50 rows=912 width=121)
	        Sort Key: c
	        ->  Bitmap Heap Scan on sbtest2  (cost=29.78..3538.38 rows=912 width=121)
	              Recheck Cond: ((id >= 7330035) AND (id <= 7331034))
	              ->  Bitmap Index Scan on sbtest2_pkey  (cost=0.00..29.55 rows=912 width=0)
	                    Index Cond: ((id >= 7330035) AND (id <= 7331034))

table 3 : explain SELECT DISTINCT c FROM sbtest3 WHERE id BETWEEN 3150465 AND 3151464 ORDER BY c
	Unique  (cost=3798.40..3803.24 rows=967 width=121)
	  ->  Sort  (cost=3798.40..3800.82 rows=967 width=121)
	        Sort Key: c
	        ->  Bitmap Heap Scan on sbtest3  (cost=34.35..3750.45 rows=967 width=121)
	              Recheck Cond: ((id >= 3150465) AND (id <= 3151464))
	              ->  Bitmap Index Scan on sbtest3_pkey  (cost=0.00..34.11 rows=967 width=0)
	                    Index Cond: ((id >= 3150465) AND (id <= 3151464))

table 4 : explain SELECT DISTINCT c FROM sbtest4 WHERE id BETWEEN 5611245 AND 5612244 ORDER BY c
	Unique  (cost=4249.45..4254.87 rows=1083 width=121)
	  ->  Sort  (cost=4249.45..4252.16 rows=1083 width=121)
	        Sort Key: c
	        ->  Bitmap Heap Scan on sbtest4  (cost=35.54..4194.87 rows=1083 width=121)
	              Recheck Cond: ((id >= 5611245) AND (id <= 5612244))
	              ->  Bitmap Index Scan on sbtest4_pkey  (cost=0.00..35.27 rows=1083 width=0)
	                    Index Cond: ((id >= 5611245) AND (id <= 5612244))

table 5 : explain SELECT DISTINCT c FROM sbtest5 WHERE id BETWEEN 9688517 AND 9689516 ORDER BY c
	Unique  (cost=3808.70..3813.54 rows=968 width=121)
	  ->  Sort  (cost=3808.70..3811.12 rows=968 width=121)
	        Sort Key: c
	        ->  Bitmap Heap Scan on sbtest5  (cost=34.36..3760.69 rows=968 width=121)
	              Recheck Cond: ((id >= 9688517) AND (id <= 9689516))
	              ->  Bitmap Index Scan on sbtest5_pkey  (cost=0.00..34.12 rows=968 width=0)
	                    Index Cond: ((id >= 9688517) AND (id <= 9689516))

table 6 : explain SELECT DISTINCT c FROM sbtest6 WHERE id BETWEEN 5933798 AND 5934797 ORDER BY c
	Unique  (cost=3856.46..3861.37 rows=982 width=121)
	  ->  Sort  (cost=3856.46..3858.91 rows=982 width=121)
	        Sort Key: c
	        ->  Bitmap Heap Scan on sbtest6  (cost=34.50..3807.65 rows=982 width=121)
	              Recheck Cond: ((id >= 5933798) AND (id <= 5934797))
	              ->  Bitmap Index Scan on sbtest6_pkey  (cost=0.00..34.26 rows=982 width=0)
	                    Index Cond: ((id >= 5933798) AND (id <= 5934797))

table 7 : explain SELECT DISTINCT c FROM sbtest7 WHERE id BETWEEN 7895108 AND 7896107 ORDER BY c
	Unique  (cost=3762.73..3767.52 rows=958 width=121)
	  ->  Sort  (cost=3762.73..3765.12 rows=958 width=121)
	        Sort Key: c
	        ->  Bitmap Heap Scan on sbtest7  (cost=34.25..3715.29 rows=958 width=121)
	              Recheck Cond: ((id >= 7895108) AND (id <= 7896107))
	              ->  Bitmap Index Scan on sbtest7_pkey  (cost=0.00..34.02 rows=958 width=0)
	                    Index Cond: ((id >= 7895108) AND (id <= 7896107))

table 8 : explain SELECT DISTINCT c FROM sbtest8 WHERE id BETWEEN 1914980 AND 1915979 ORDER BY c
	Unique  (cost=3855.34..3860.25 rows=982 width=121)
	  ->  Sort  (cost=3855.34..3857.79 rows=982 width=121)
	        Sort Key: c
	        ->  Bitmap Heap Scan on sbtest8  (cost=34.50..3806.53 rows=982 width=121)
	              Recheck Cond: ((id >= 1914980) AND (id <= 1915979))
	              ->  Bitmap Index Scan on sbtest8_pkey  (cost=0.00..34.26 rows=982 width=0)
	                    Index Cond: ((id >= 1914980) AND (id <= 1915979))

for point_selects
table 1 : explain SELECT c FROM sbtest1 WHERE id=5539905
	Index Scan using sbtest1_pkey on sbtest1  (cost=0.43..8.45 rows=1 width=121)
	  Index Cond: (id = 5539905)

table 2 : explain SELECT c FROM sbtest2 WHERE id=1154592
	Index Scan using sbtest2_pkey on sbtest2  (cost=0.43..8.45 rows=1 width=121)
	  Index Cond: (id = 1154592)

table 3 : explain SELECT c FROM sbtest3 WHERE id=8809794
	Index Scan using sbtest3_pkey on sbtest3  (cost=0.43..8.45 rows=1 width=121)
	  Index Cond: (id = 8809794)

table 4 : explain SELECT c FROM sbtest4 WHERE id=6896479
	Index Scan using sbtest4_pkey on sbtest4  (cost=0.43..8.45 rows=1 width=121)
	  Index Cond: (id = 6896479)

table 5 : explain SELECT c FROM sbtest5 WHERE id=3267306
	Index Scan using sbtest5_pkey on sbtest5  (cost=0.43..8.45 rows=1 width=121)
	  Index Cond: (id = 3267306)

table 6 : explain SELECT c FROM sbtest6 WHERE id=2505656
	Index Scan using sbtest6_pkey on sbtest6  (cost=0.43..8.45 rows=1 width=121)
	  Index Cond: (id = 2505656)

table 7 : explain SELECT c FROM sbtest7 WHERE id=7426174
	Index Scan using sbtest7_pkey on sbtest7  (cost=0.43..8.45 rows=1 width=121)
	  Index Cond: (id = 7426174)

table 8 : explain SELECT c FROM sbtest8 WHERE id=4044923
	Index Scan using sbtest8_pkey on sbtest8  (cost=0.43..8.45 rows=1 width=121)
	  Index Cond: (id = 4044923)

for: distinct_ranges
table 1 : explain SELECT DISTINCT c FROM sbtest1 WHERE id BETWEEN 2762258 AND 2763257 ORDER BY c
	Unique  (cost=3659.42..3664.08 rows=932 width=121)
	  ->  Sort  (cost=3659.42..3661.75 rows=932 width=121)
	        Sort Key: c
	        ->  Bitmap Heap Scan on sbtest1  (cost=29.99..3613.45 rows=932 width=121)
	              Recheck Cond: ((id >= 2762258) AND (id <= 2763257))
	              ->  Bitmap Index Scan on sbtest1_pkey  (cost=0.00..29.75 rows=932 width=0)
	                    Index Cond: ((id >= 2762258) AND (id <= 2763257))

table 2 : explain SELECT DISTINCT c FROM sbtest2 WHERE id BETWEEN 3421424 AND 3422423 ORDER BY c
	Unique  (cost=4134.52..4139.80 rows=1055 width=121)
	  ->  Sort  (cost=4134.52..4137.16 rows=1055 width=121)
	        Sort Key: c
	        ->  Bitmap Heap Scan on sbtest2  (cost=35.25..4081.54 rows=1055 width=121)
	              Recheck Cond: ((id >= 3421424) AND (id <= 3422423))
	              ->  Bitmap Index Scan on sbtest2_pkey  (cost=0.00..34.98 rows=1055 width=0)
	                    Index Cond: ((id >= 3421424) AND (id <= 3422423))

table 3 : explain SELECT DISTINCT c FROM sbtest3 WHERE id BETWEEN 9535960 AND 9536959 ORDER BY c
	Unique  (cost=4039.44..4044.59 rows=1030 width=121)
	  ->  Sort  (cost=4039.44..4042.02 rows=1030 width=121)
	        Sort Key: c
	        ->  Bitmap Heap Scan on sbtest3  (cost=34.99..3987.90 rows=1030 width=121)
	              Recheck Cond: ((id >= 9535960) AND (id <= 9536959))
	              ->  Bitmap Index Scan on sbtest3_pkey  (cost=0.00..34.73 rows=1030 width=0)
	                    Index Cond: ((id >= 9535960) AND (id <= 9536959))

table 4 : explain SELECT DISTINCT c FROM sbtest4 WHERE id BETWEEN 1756398 AND 1757397 ORDER BY c
	Unique  (cost=3962.15..3967.19 rows=1008 width=121)
	  ->  Sort  (cost=3962.15..3964.67 rows=1008 width=121)
	        Sort Key: c
	        ->  Bitmap Heap Scan on sbtest4  (cost=34.77..3911.86 rows=1008 width=121)
	              Recheck Cond: ((id >= 1756398) AND (id <= 1757397))
	              ->  Bitmap Index Scan on sbtest4_pkey  (cost=0.00..34.52 rows=1008 width=0)
	                    Index Cond: ((id >= 1756398) AND (id <= 1757397))

table 5 : explain SELECT DISTINCT c FROM sbtest5 WHERE id BETWEEN 6730261 AND 6731260 ORDER BY c
	Unique  (cost=3797.18..3802.01 rows=965 width=121)
	  ->  Sort  (cost=3797.18..3799.59 rows=965 width=121)
	        Sort Key: c
	        ->  Bitmap Heap Scan on sbtest5  (cost=34.33..3749.34 rows=965 width=121)
	              Recheck Cond: ((id >= 6730261) AND (id <= 6731260))
	              ->  Bitmap Index Scan on sbtest5_pkey  (cost=0.00..34.09 rows=965 width=0)
	                    Index Cond: ((id >= 6730261) AND (id <= 6731260))

table 6 : explain SELECT DISTINCT c FROM sbtest6 WHERE id BETWEEN 8183542 AND 8184541 ORDER BY c
	Unique  (cost=4097.44..4102.67 rows=1045 width=121)
	  ->  Sort  (cost=4097.44..4100.06 rows=1045 width=121)
	        Sort Key: c
	        ->  Bitmap Heap Scan on sbtest6  (cost=35.15..4045.04 rows=1045 width=121)
	              Recheck Cond: ((id >= 8183542) AND (id <= 8184541))
	              ->  Bitmap Index Scan on sbtest6_pkey  (cost=0.00..34.89 rows=1045 width=0)
	                    Index Cond: ((id >= 8183542) AND (id <= 8184541))

table 7 : explain SELECT DISTINCT c FROM sbtest7 WHERE id BETWEEN 7040378 AND 7041377 ORDER BY c
	Unique  (cost=3785.70..3790.52 rows=964 width=121)
	  ->  Sort  (cost=3785.70..3788.11 rows=964 width=121)
	        Sort Key: c
	        ->  Bitmap Heap Scan on sbtest7  (cost=34.32..3737.92 rows=964 width=121)
	              Recheck Cond: ((id >= 7040378) AND (id <= 7041377))
	              ->  Bitmap Index Scan on sbtest7_pkey  (cost=0.00..34.08 rows=964 width=0)
	                    Index Cond: ((id >= 7040378) AND (id <= 7041377))

table 8 : explain SELECT DISTINCT c FROM sbtest8 WHERE id BETWEEN 1324217 AND 1325216 ORDER BY c
	Unique  (cost=3736.63..3741.39 rows=951 width=121)
	  ->  Sort  (cost=3736.63..3739.01 rows=951 width=121)
	        Sort Key: c
	        ->  Bitmap Heap Scan on sbtest8  (cost=34.18..3689.59 rows=951 width=121)
	              Recheck Cond: ((id >= 1324217) AND (id <= 1325216))
	              ->  Bitmap Index Scan on sbtest8_pkey  (cost=0.00..33.95 rows=951 width=0)
	                    Index Cond: ((id >= 1324217) AND (id <= 1325216))

for: distinct_ranges
table 1 : explain SELECT DISTINCT c FROM sbtest1 WHERE id BETWEEN 9499384 AND 9500383 ORDER BY c
	Unique  (cost=3440.74..3445.11 rows=875 width=121)
	  ->  Sort  (cost=3440.74..3442.93 rows=875 width=121)
	        Sort Key: c
	        ->  Bitmap Heap Scan on sbtest1  (cost=29.40..3397.98 rows=875 width=121)
	              Recheck Cond: ((id >= 9499384) AND (id <= 9500383))
	              ->  Bitmap Index Scan on sbtest1_pkey  (cost=0.00..29.18 rows=875 width=0)
	                    Index Cond: ((id >= 9499384) AND (id <= 9500383))

table 2 : explain SELECT DISTINCT c FROM sbtest2 WHERE id BETWEEN 4202999 AND 4203998 ORDER BY c
	Unique  (cost=3882.23..3887.17 rows=989 width=121)
	  ->  Sort  (cost=3882.23..3884.70 rows=989 width=121)
	        Sort Key: c
	        ->  Bitmap Heap Scan on sbtest2  (cost=34.57..3833.03 rows=989 width=121)
	              Recheck Cond: ((id >= 4202999) AND (id <= 4203998))
	              ->  Bitmap Index Scan on sbtest2_pkey  (cost=0.00..34.33 rows=989 width=0)
	                    Index Cond: ((id >= 4202999) AND (id <= 4203998))

table 3 : explain SELECT DISTINCT c FROM sbtest3 WHERE id BETWEEN 4023086 AND 4024085 ORDER BY c
	Unique  (cost=4081.48..4086.69 rows=1041 width=121)
	  ->  Sort  (cost=4081.48..4084.08 rows=1041 width=121)
	        Sort Key: c
	        ->  Bitmap Heap Scan on sbtest3  (cost=35.11..4029.31 rows=1041 width=121)
	              Recheck Cond: ((id >= 4023086) AND (id <= 4024085))
	              ->  Bitmap Index Scan on sbtest3_pkey  (cost=0.00..34.84 rows=1041 width=0)
	                    Index Cond: ((id >= 4023086) AND (id <= 4024085))

table 4 : explain SELECT DISTINCT c FROM sbtest4 WHERE id BETWEEN 727247 AND 728246 ORDER BY c
	Unique  (cost=3912.28..3917.26 rows=995 width=121)
	  ->  Sort  (cost=3912.28..3914.77 rows=995 width=121)
	        Sort Key: c
	        ->  Bitmap Heap Scan on sbtest4  (cost=34.63..3862.74 rows=995 width=121)
	              Recheck Cond: ((id >= 727247) AND (id <= 728246))
	              ->  Bitmap Index Scan on sbtest4_pkey  (cost=0.00..34.39 rows=995 width=0)
	                    Index Cond: ((id >= 727247) AND (id <= 728246))

table 5 : explain SELECT DISTINCT c FROM sbtest5 WHERE id BETWEEN 4084913 AND 4085912 ORDER BY c
	Unique  (cost=3985.21..3990.28 rows=1014 width=121)
	  ->  Sort  (cost=3985.21..3987.74 rows=1014 width=121)
	        Sort Key: c
	        ->  Bitmap Heap Scan on sbtest5  (cost=34.83..3934.58 rows=1014 width=121)
	              Recheck Cond: ((id >= 4084913) AND (id <= 4085912))
	              ->  Bitmap Index Scan on sbtest5_pkey  (cost=0.00..34.58 rows=1014 width=0)
	                    Index Cond: ((id >= 4084913) AND (id <= 4085912))

table 6 : explain SELECT DISTINCT c FROM sbtest6 WHERE id BETWEEN 4352129 AND 4353128 ORDER BY c
	Unique  (cost=4032.46..4037.60 rows=1028 width=121)
	  ->  Sort  (cost=4032.46..4035.03 rows=1028 width=121)
	        Sort Key: c
	        ->  Bitmap Heap Scan on sbtest6  (cost=34.97..3981.03 rows=1028 width=121)
	              Recheck Cond: ((id >= 4352129) AND (id <= 4353128))
	              ->  Bitmap Index Scan on sbtest6_pkey  (cost=0.00..34.72 rows=1028 width=0)
	                    Index Cond: ((id >= 4352129) AND (id <= 4353128))

table 7 : explain SELECT DISTINCT c FROM sbtest7 WHERE id BETWEEN 8479588 AND 8480587 ORDER BY c
	Unique  (cost=4286.17..4291.64 rows=1095 width=121)
	  ->  Sort  (cost=4286.17..4288.91 rows=1095 width=121)
	        Sort Key: c
	        ->  Bitmap Heap Scan on sbtest7  (cost=35.66..4230.89 rows=1095 width=121)
	              Recheck Cond: ((id >= 8479588) AND (id <= 8480587))
	              ->  Bitmap Index Scan on sbtest7_pkey  (cost=0.00..35.39 rows=1095 width=0)
	                    Index Cond: ((id >= 8479588) AND (id <= 8480587))

table 8 : explain SELECT DISTINCT c FROM sbtest8 WHERE id BETWEEN 4153102 AND 4154101 ORDER BY c
	Unique  (cost=3721.31..3726.04 rows=947 width=121)
	  ->  Sort  (cost=3721.31..3723.67 rows=947 width=121)
	        Sort Key: c
	        ->  Bitmap Heap Scan on sbtest8  (cost=34.14..3674.49 rows=947 width=121)
	              Recheck Cond: ((id >= 4153102) AND (id <= 4154101))
	              ->  Bitmap Index Scan on sbtest8_pkey  (cost=0.00..33.91 rows=947 width=0)
	                    Index Cond: ((id >= 4153102) AND (id <= 4154101))

for point_selects
table 1 : explain SELECT c FROM sbtest1 WHERE id=8473240
	Index Scan using sbtest1_pkey on sbtest1  (cost=0.43..8.45 rows=1 width=121)
	  Index Cond: (id = 8473240)

table 2 : explain SELECT c FROM sbtest2 WHERE id=9767533
	Index Scan using sbtest2_pkey on sbtest2  (cost=0.43..8.45 rows=1 width=121)
	  Index Cond: (id = 9767533)

table 3 : explain SELECT c FROM sbtest3 WHERE id=4138840
	Index Scan using sbtest3_pkey on sbtest3  (cost=0.43..8.45 rows=1 width=121)
	  Index Cond: (id = 4138840)

table 4 : explain SELECT c FROM sbtest4 WHERE id=5492444
	Index Scan using sbtest4_pkey on sbtest4  (cost=0.43..8.45 rows=1 width=121)
	  Index Cond: (id = 5492444)

table 5 : explain SELECT c FROM sbtest5 WHERE id=5441183
	Index Scan using sbtest5_pkey on sbtest5  (cost=0.43..8.45 rows=1 width=121)
	  Index Cond: (id = 5441183)

table 6 : explain SELECT c FROM sbtest6 WHERE id=8651410
	Index Scan using sbtest6_pkey on sbtest6  (cost=0.43..8.45 rows=1 width=121)
	  Index Cond: (id = 8651410)

table 7 : explain SELECT c FROM sbtest7 WHERE id=2538221
	Index Scan using sbtest7_pkey on sbtest7  (cost=0.43..8.45 rows=1 width=121)
	  Index Cond: (id = 2538221)

table 8 : explain SELECT c FROM sbtest8 WHERE id=4538621
	Index Scan using sbtest8_pkey on sbtest8  (cost=0.43..8.45 rows=1 width=121)
	  Index Cond: (id = 4538621)

for: simple_ranges
table 1 : explain SELECT c FROM sbtest1 WHERE id BETWEEN 7200142 AND 7201141
	Bitmap Heap Scan on sbtest1  (cost=35.23..4073.42 rows=1053 width=121)
	  Recheck Cond: ((id >= 7200142) AND (id <= 7201141))
	  ->  Bitmap Index Scan on sbtest1_pkey  (cost=0.00..34.97 rows=1053 width=0)
	        Index Cond: ((id >= 7200142) AND (id <= 7201141))

table 2 : explain SELECT c FROM sbtest2 WHERE id BETWEEN 7818198 AND 7819197
	Bitmap Heap Scan on sbtest2  (cost=34.66..3866.95 rows=998 width=121)
	  Recheck Cond: ((id >= 7818198) AND (id <= 7819197))
	  ->  Bitmap Index Scan on sbtest2_pkey  (cost=0.00..34.42 rows=998 width=0)
	        Index Cond: ((id >= 7818198) AND (id <= 7819197))

table 3 : explain SELECT c FROM sbtest3 WHERE id BETWEEN 2855524 AND 2856523
	Bitmap Heap Scan on sbtest3  (cost=35.18..4055.65 rows=1048 width=121)
	  Recheck Cond: ((id >= 2855524) AND (id <= 2856523))
	  ->  Bitmap Index Scan on sbtest3_pkey  (cost=0.00..34.92 rows=1048 width=0)
	        Index Cond: ((id >= 2855524) AND (id <= 2856523))

table 4 : explain SELECT c FROM sbtest4 WHERE id BETWEEN 2942344 AND 2943343
	Bitmap Heap Scan on sbtest4  (cost=34.69..3881.63 rows=1000 width=121)
	  Recheck Cond: ((id >= 2942344) AND (id <= 2943343))
	  ->  Bitmap Index Scan on sbtest4_pkey  (cost=0.00..34.44 rows=1000 width=0)
	        Index Cond: ((id >= 2942344) AND (id <= 2943343))

table 5 : explain SELECT c FROM sbtest5 WHERE id BETWEEN 3890473 AND 3891472
	Bitmap Heap Scan on sbtest5  (cost=34.23..3715.29 rows=956 width=121)
	  Recheck Cond: ((id >= 3890473) AND (id <= 3891472))
	  ->  Bitmap Index Scan on sbtest5_pkey  (cost=0.00..34.00 rows=956 width=0)
	        Index Cond: ((id >= 3890473) AND (id <= 3891472))

table 6 : explain SELECT c FROM sbtest6 WHERE id BETWEEN 4622966 AND 4623965
	Bitmap Heap Scan on sbtest6  (cost=29.73..3520.38 rows=907 width=121)
	  Recheck Cond: ((id >= 4622966) AND (id <= 4623965))
	  ->  Bitmap Index Scan on sbtest6_pkey  (cost=0.00..29.50 rows=907 width=0)
	        Index Cond: ((id >= 4622966) AND (id <= 4623965))

table 7 : explain SELECT c FROM sbtest7 WHERE id BETWEEN 8816731 AND 8817730
	Bitmap Heap Scan on sbtest7  (cost=35.18..4054.27 rows=1048 width=121)
	  Recheck Cond: ((id >= 8816731) AND (id <= 8817730))
	  ->  Bitmap Index Scan on sbtest7_pkey  (cost=0.00..34.92 rows=1048 width=0)
	        Index Cond: ((id >= 8816731) AND (id <= 8817730))

table 8 : explain SELECT c FROM sbtest8 WHERE id BETWEEN 7867605 AND 7868604
	Bitmap Heap Scan on sbtest8  (cost=34.36..3753.74 rows=968 width=121)
	  Recheck Cond: ((id >= 7867605) AND (id <= 7868604))
	  ->  Bitmap Index Scan on sbtest8_pkey  (cost=0.00..34.12 rows=968 width=0)
	        Index Cond: ((id >= 7867605) AND (id <= 7868604))

for: distinct_ranges
table 1 : explain SELECT DISTINCT c FROM sbtest1 WHERE id BETWEEN 3957217 AND 3958216 ORDER BY c
	Unique  (cost=4294.16..4299.65 rows=1097 width=121)
	  ->  Sort  (cost=4294.16..4296.90 rows=1097 width=121)
	        Sort Key: c
	        ->  Bitmap Heap Scan on sbtest1  (cost=35.68..4238.77 rows=1097 width=121)
	              Recheck Cond: ((id >= 3957217) AND (id <= 3958216))
	              ->  Bitmap Index Scan on sbtest1_pkey  (cost=0.00..35.41 rows=1097 width=0)
	                    Index Cond: ((id >= 3957217) AND (id <= 3958216))

table 2 : explain SELECT DISTINCT c FROM sbtest2 WHERE id BETWEEN 9279149 AND 9280148 ORDER BY c
	Unique  (cost=3870.75..3875.68 rows=986 width=121)
	  ->  Sort  (cost=3870.75..3873.21 rows=986 width=121)
	        Sort Key: c
	        ->  Bitmap Heap Scan on sbtest2  (cost=34.54..3821.72 rows=986 width=121)
	              Recheck Cond: ((id >= 9279149) AND (id <= 9280148))
	              ->  Bitmap Index Scan on sbtest2_pkey  (cost=0.00..34.30 rows=986 width=0)
	                    Index Cond: ((id >= 9279149) AND (id <= 9280148))

table 3 : explain SELECT DISTINCT c FROM sbtest3 WHERE id BETWEEN 3688829 AND 3689828 ORDER BY c
	Unique  (cost=3920.90..3925.89 rows=999 width=121)
	  ->  Sort  (cost=3920.90..3923.39 rows=999 width=121)
	        Sort Key: c
	        ->  Bitmap Heap Scan on sbtest3  (cost=34.67..3871.12 rows=999 width=121)
	              Recheck Cond: ((id >= 3688829) AND (id <= 3689828))
	              ->  Bitmap Index Scan on sbtest3_pkey  (cost=0.00..34.43 rows=999 width=0)
	                    Index Cond: ((id >= 3688829) AND (id <= 3689828))

table 4 : explain SELECT DISTINCT c FROM sbtest4 WHERE id BETWEEN 3533272 AND 3534271 ORDER BY c
	Unique  (cost=4080.98..4086.17 rows=1039 width=121)
	  ->  Sort  (cost=4080.98..4083.58 rows=1039 width=121)
	        Sort Key: c
	        ->  Bitmap Heap Scan on sbtest4  (cost=35.08..4028.92 rows=1039 width=121)
	              Recheck Cond: ((id >= 3533272) AND (id <= 3534271))
	              ->  Bitmap Index Scan on sbtest4_pkey  (cost=0.00..34.83 rows=1039 width=0)
	                    Index Cond: ((id >= 3533272) AND (id <= 3534271))

table 5 : explain SELECT DISTINCT c FROM sbtest5 WHERE id BETWEEN 3537444 AND 3538443 ORDER BY c
	Unique  (cost=3439.38..3443.75 rows=873 width=121)
	  ->  Sort  (cost=3439.38..3441.56 rows=873 width=121)
	        Sort Key: c
	        ->  Bitmap Heap Scan on sbtest5  (cost=29.38..3396.74 rows=873 width=121)
	              Recheck Cond: ((id >= 3537444) AND (id <= 3538443))
	              ->  Bitmap Index Scan on sbtest5_pkey  (cost=0.00..29.16 rows=873 width=0)
	                    Index Cond: ((id >= 3537444) AND (id <= 3538443))

table 6 : explain SELECT DISTINCT c FROM sbtest6 WHERE id BETWEEN 2348963 AND 2349962 ORDER BY c
	Unique  (cost=3944.49..3949.52 rows=1005 width=121)
	  ->  Sort  (cost=3944.49..3947.00 rows=1005 width=121)
	        Sort Key: c
	        ->  Bitmap Heap Scan on sbtest6  (cost=34.74..3894.38 rows=1005 width=121)
	              Recheck Cond: ((id >= 2348963) AND (id <= 2349962))
	              ->  Bitmap Index Scan on sbtest6_pkey  (cost=0.00..34.48 rows=1005 width=0)
	                    Index Cond: ((id >= 2348963) AND (id <= 2349962))

table 7 : explain SELECT DISTINCT c FROM sbtest7 WHERE id BETWEEN 5879580 AND 5880579 ORDER BY c
	Unique  (cost=3804.84..3809.68 rows=969 width=121)
	  ->  Sort  (cost=3804.84..3807.26 rows=969 width=121)
	        Sort Key: c
	        ->  Bitmap Heap Scan on sbtest7  (cost=34.37..3756.77 rows=969 width=121)
	              Recheck Cond: ((id >= 5879580) AND (id <= 5880579))
	              ->  Bitmap Index Scan on sbtest7_pkey  (cost=0.00..34.12 rows=969 width=0)
	                    Index Cond: ((id >= 5879580) AND (id <= 5880579))

table 8 : explain SELECT DISTINCT c FROM sbtest8 WHERE id BETWEEN 2904848 AND 2905847 ORDER BY c
	Unique  (cost=3402.69..3407.02 rows=865 width=121)
	  ->  Sort  (cost=3402.69..3404.85 rows=865 width=121)
	        Sort Key: c
	        ->  Bitmap Heap Scan on sbtest8  (cost=29.30..3360.49 rows=865 width=121)
	              Recheck Cond: ((id >= 2904848) AND (id <= 2905847))
	              ->  Bitmap Index Scan on sbtest8_pkey  (cost=0.00..29.08 rows=865 width=0)
	                    Index Cond: ((id >= 2904848) AND (id <= 2905847))

for: sum_ranges
table 1 : explain SELECT SUM(k) FROM sbtest1 WHERE id BETWEEN 7266678 AND 7267677
	Aggregate  (cost=3808.55..3808.56 rows=1 width=8)
	  ->  Bitmap Heap Scan on sbtest1  (cost=34.50..3806.10 rows=982 width=4)
	        Recheck Cond: ((id >= 7266678) AND (id <= 7267677))
	        ->  Bitmap Index Scan on sbtest1_pkey  (cost=0.00..34.26 rows=982 width=0)
	              Index Cond: ((id >= 7266678) AND (id <= 7267677))

table 2 : explain SELECT SUM(k) FROM sbtest2 WHERE id BETWEEN 9359794 AND 9360793
	Aggregate  (cost=3948.61..3948.62 rows=1 width=8)
	  ->  Bitmap Heap Scan on sbtest2  (cost=34.88..3946.06 rows=1019 width=4)
	        Recheck Cond: ((id >= 9359794) AND (id <= 9360793))
	        ->  Bitmap Index Scan on sbtest2_pkey  (cost=0.00..34.62 rows=1019 width=0)
	              Index Cond: ((id >= 9359794) AND (id <= 9360793))

table 3 : explain SELECT SUM(k) FROM sbtest3 WHERE id BETWEEN 6280494 AND 6281493
	Aggregate  (cost=3673.55..3673.56 rows=1 width=8)
	  ->  Bitmap Heap Scan on sbtest3  (cost=34.13..3671.19 rows=946 width=4)
	        Recheck Cond: ((id >= 6280494) AND (id <= 6281493))
	        ->  Bitmap Index Scan on sbtest3_pkey  (cost=0.00..33.90 rows=946 width=0)
	              Index Cond: ((id >= 6280494) AND (id <= 6281493))

table 4 : explain SELECT SUM(k) FROM sbtest4 WHERE id BETWEEN 9505424 AND 9506423
	Aggregate  (cost=3884.13..3884.14 rows=1 width=8)
	  ->  Bitmap Heap Scan on sbtest4  (cost=34.69..3881.63 rows=1000 width=4)
	        Recheck Cond: ((id >= 9505424) AND (id <= 9506423))
	        ->  Bitmap Index Scan on sbtest4_pkey  (cost=0.00..34.44 rows=1000 width=0)
	              Index Cond: ((id >= 9505424) AND (id <= 9506423))

table 5 : explain SELECT SUM(k) FROM sbtest5 WHERE id BETWEEN 4049052 AND 4050051
	Aggregate  (cost=3937.11..3937.12 rows=1 width=8)
	  ->  Bitmap Heap Scan on sbtest5  (cost=34.83..3934.58 rows=1014 width=4)
	        Recheck Cond: ((id >= 4049052) AND (id <= 4050051))
	        ->  Bitmap Index Scan on sbtest5_pkey  (cost=0.00..34.58 rows=1014 width=0)
	              Index Cond: ((id >= 4049052) AND (id <= 4050051))

table 6 : explain SELECT SUM(k) FROM sbtest6 WHERE id BETWEEN 1434720 AND 1435719
	Aggregate  (cost=4066.48..4066.49 rows=1 width=8)
	  ->  Bitmap Heap Scan on sbtest6  (cost=35.20..4063.86 rows=1050 width=4)
	        Recheck Cond: ((id >= 1434720) AND (id <= 1435719))
	        ->  Bitmap Index Scan on sbtest6_pkey  (cost=0.00..34.94 rows=1050 width=0)
	              Index Cond: ((id >= 1434720) AND (id <= 1435719))

table 7 : explain SELECT SUM(k) FROM sbtest7 WHERE id BETWEEN 3530078 AND 3531077
	Aggregate  (cost=3668.60..3668.61 rows=1 width=8)
	  ->  Bitmap Heap Scan on sbtest7  (cost=34.12..3666.23 rows=945 width=4)
	        Recheck Cond: ((id >= 3530078) AND (id <= 3531077))
	        ->  Bitmap Index Scan on sbtest7_pkey  (cost=0.00..33.89 rows=945 width=0)
	              Index Cond: ((id >= 3530078) AND (id <= 3531077))

table 8 : explain SELECT SUM(k) FROM sbtest8 WHERE id BETWEEN 8492818 AND 8493817
	Aggregate  (cost=4035.13..4035.14 rows=1 width=8)
	  ->  Bitmap Heap Scan on sbtest8  (cost=35.12..4032.52 rows=1042 width=4)
	        Recheck Cond: ((id >= 8492818) AND (id <= 8493817))
	        ->  Bitmap Index Scan on sbtest8_pkey  (cost=0.00..34.86 rows=1042 width=0)
	              Index Cond: ((id >= 8492818) AND (id <= 8493817))

for: simple_ranges
table 1 : explain SELECT c FROM sbtest1 WHERE id BETWEEN 1381572 AND 1382571
	Bitmap Heap Scan on sbtest1  (cost=34.92..3960.55 rows=1023 width=121)
	  Recheck Cond: ((id >= 1381572) AND (id <= 1382571))
	  ->  Bitmap Index Scan on sbtest1_pkey  (cost=0.00..34.67 rows=1023 width=0)
	        Index Cond: ((id >= 1381572) AND (id <= 1382571))

table 2 : explain SELECT c FROM sbtest2 WHERE id BETWEEN 2474905 AND 2475904
	Bitmap Heap Scan on sbtest2  (cost=35.03..4002.53 rows=1034 width=121)
	  Recheck Cond: ((id >= 2474905) AND (id <= 2475904))
	  ->  Bitmap Index Scan on sbtest2_pkey  (cost=0.00..34.78 rows=1034 width=0)
	        Index Cond: ((id >= 2474905) AND (id <= 2475904))

table 3 : explain SELECT c FROM sbtest3 WHERE id BETWEEN 5762022 AND 5763021
	Bitmap Heap Scan on sbtest3  (cost=34.56..3829.66 rows=988 width=121)
	  Recheck Cond: ((id >= 5762022) AND (id <= 5763021))
	  ->  Bitmap Index Scan on sbtest3_pkey  (cost=0.00..34.32 rows=988 width=0)
	        Index Cond: ((id >= 5762022) AND (id <= 5763021))

table 4 : explain SELECT c FROM sbtest4 WHERE id BETWEEN 2689228 AND 2690227
	Bitmap Heap Scan on sbtest4  (cost=35.60..4217.48 rows=1089 width=121)
	  Recheck Cond: ((id >= 2689228) AND (id <= 2690227))
	  ->  Bitmap Index Scan on sbtest4_pkey  (cost=0.00..35.33 rows=1089 width=0)
	        Index Cond: ((id >= 2689228) AND (id <= 2690227))

table 5 : explain SELECT c FROM sbtest5 WHERE id BETWEEN 5885788 AND 5886787
	Bitmap Heap Scan on sbtest5  (cost=34.76..3908.14 rows=1007 width=121)
	  Recheck Cond: ((id >= 5885788) AND (id <= 5886787))
	  ->  Bitmap Index Scan on sbtest5_pkey  (cost=0.00..34.51 rows=1007 width=0)
	        Index Cond: ((id >= 5885788) AND (id <= 5886787))

table 6 : explain SELECT c FROM sbtest6 WHERE id BETWEEN 7069278 AND 7070277
	Bitmap Heap Scan on sbtest6  (cost=34.94..3969.73 rows=1025 width=121)
	  Recheck Cond: ((id >= 7069278) AND (id <= 7070277))
	  ->  Bitmap Index Scan on sbtest6_pkey  (cost=0.00..34.69 rows=1025 width=0)
	        Index Cond: ((id >= 7069278) AND (id <= 7070277))

table 7 : explain SELECT c FROM sbtest7 WHERE id BETWEEN 5294391 AND 5295390
	Bitmap Heap Scan on sbtest7  (cost=34.37..3756.77 rows=969 width=121)
	  Recheck Cond: ((id >= 5294391) AND (id <= 5295390))
	  ->  Bitmap Index Scan on sbtest7_pkey  (cost=0.00..34.12 rows=969 width=0)
	        Index Cond: ((id >= 5294391) AND (id <= 5295390))

table 8 : explain SELECT c FROM sbtest8 WHERE id BETWEEN 3391876 AND 3392875
	Bitmap Heap Scan on sbtest8  (cost=29.73..3519.39 rows=907 width=121)
	  Recheck Cond: ((id >= 3391876) AND (id <= 3392875))
	  ->  Bitmap Index Scan on sbtest8_pkey  (cost=0.00..29.50 rows=907 width=0)
	        Index Cond: ((id >= 3391876) AND (id <= 3392875))

for: distinct_ranges
table 1 : explain SELECT DISTINCT c FROM sbtest1 WHERE id BETWEEN 1489131 AND 1490130 ORDER BY c
	Unique  (cost=3984.93..3990.01 rows=1016 width=121)
	  ->  Sort  (cost=3984.93..3987.47 rows=1016 width=121)
	        Sort Key: c
	        ->  Bitmap Heap Scan on sbtest1  (cost=34.85..3934.19 rows=1016 width=121)
	              Recheck Cond: ((id >= 1489131) AND (id <= 1490130))
	              ->  Bitmap Index Scan on sbtest1_pkey  (cost=0.00..34.59 rows=1016 width=0)
	                    Index Cond: ((id >= 1489131) AND (id <= 1490130))

table 2 : explain SELECT DISTINCT c FROM sbtest2 WHERE id BETWEEN 5454001 AND 5455000 ORDER BY c
	Unique  (cost=4008.44..4013.55 rows=1022 width=121)
	  ->  Sort  (cost=4008.44..4011.00 rows=1022 width=121)
	        Sort Key: c
	        ->  Bitmap Heap Scan on sbtest2  (cost=34.91..3957.35 rows=1022 width=121)
	              Recheck Cond: ((id >= 5454001) AND (id <= 5455000))
	              ->  Bitmap Index Scan on sbtest2_pkey  (cost=0.00..34.66 rows=1022 width=0)
	                    Index Cond: ((id >= 5454001) AND (id <= 5455000))

table 3 : explain SELECT DISTINCT c FROM sbtest3 WHERE id BETWEEN 4208683 AND 4209682 ORDER BY c
	Unique  (cost=3840.52..3845.41 rows=978 width=121)
	  ->  Sort  (cost=3840.52..3842.97 rows=978 width=121)
	        Sort Key: c
	        ->  Bitmap Heap Scan on sbtest3  (cost=34.46..3791.95 rows=978 width=121)
	              Recheck Cond: ((id >= 4208683) AND (id <= 4209682))
	              ->  Bitmap Index Scan on sbtest3_pkey  (cost=0.00..34.22 rows=978 width=0)
	                    Index Cond: ((id >= 4208683) AND (id <= 4209682))

table 4 : explain SELECT DISTINCT c FROM sbtest4 WHERE id BETWEEN 8595542 AND 8596541 ORDER BY c
	Unique  (cost=4019.66..4024.78 rows=1023 width=121)
	  ->  Sort  (cost=4019.66..4022.22 rows=1023 width=121)
	        Sort Key: c
	        ->  Bitmap Heap Scan on sbtest4  (cost=34.92..3968.52 rows=1023 width=121)
	              Recheck Cond: ((id >= 8595542) AND (id <= 8596541))
	              ->  Bitmap Index Scan on sbtest4_pkey  (cost=0.00..34.67 rows=1023 width=0)
	                    Index Cond: ((id >= 8595542) AND (id <= 8596541))

table 5 : explain SELECT DISTINCT c FROM sbtest5 WHERE id BETWEEN 5882442 AND 5883441 ORDER BY c
	Unique  (cost=3893.15..3898.10 rows=990 width=121)
	  ->  Sort  (cost=3893.15..3895.62 rows=990 width=121)
	        Sort Key: c
	        ->  Bitmap Heap Scan on sbtest5  (cost=34.58..3843.89 rows=990 width=121)
	              Recheck Cond: ((id >= 5882442) AND (id <= 5883441))
	              ->  Bitmap Index Scan on sbtest5_pkey  (cost=0.00..34.34 rows=990 width=0)
	                    Index Cond: ((id >= 5882442) AND (id <= 5883441))

table 6 : explain SELECT DISTINCT c FROM sbtest6 WHERE id BETWEEN 9576122 AND 9577121 ORDER BY c
	Unique  (cost=3917.70..3922.69 rows=998 width=121)
	  ->  Sort  (cost=3917.70..3920.20 rows=998 width=121)
	        Sort Key: c
	        ->  Bitmap Heap Scan on sbtest6  (cost=34.66..3867.99 rows=998 width=121)
	              Recheck Cond: ((id >= 9576122) AND (id <= 9577121))
	              ->  Bitmap Index Scan on sbtest6_pkey  (cost=0.00..34.42 rows=998 width=0)
	                    Index Cond: ((id >= 9576122) AND (id <= 9577121))

table 7 : explain SELECT DISTINCT c FROM sbtest7 WHERE id BETWEEN 9575194 AND 9576193 ORDER BY c
	Unique  (cost=3938.73..3943.75 rows=1004 width=121)
	  ->  Sort  (cost=3938.73..3941.24 rows=1004 width=121)
	        Sort Key: c
	        ->  Bitmap Heap Scan on sbtest7  (cost=34.73..3888.68 rows=1004 width=121)
	              Recheck Cond: ((id >= 9575194) AND (id <= 9576193))
	              ->  Bitmap Index Scan on sbtest7_pkey  (cost=0.00..34.48 rows=1004 width=0)
	                    Index Cond: ((id >= 9575194) AND (id <= 9576193))

table 8 : explain SELECT DISTINCT c FROM sbtest8 WHERE id BETWEEN 1151141 AND 1152140 ORDER BY c
	Unique  (cost=3993.04..3998.13 rows=1018 width=121)
	  ->  Sort  (cost=3993.04..3995.59 rows=1018 width=121)
	        Sort Key: c
	        ->  Bitmap Heap Scan on sbtest8  (cost=34.87..3942.18 rows=1018 width=121)
	              Recheck Cond: ((id >= 1151141) AND (id <= 1152140))
	              ->  Bitmap Index Scan on sbtest8_pkey  (cost=0.00..34.62 rows=1018 width=0)
	                    Index Cond: ((id >= 1151141) AND (id <= 1152140))

for: simple_ranges
table 1 : explain SELECT c FROM sbtest1 WHERE id BETWEEN 8341491 AND 8342490
	Bitmap Heap Scan on sbtest1  (cost=34.59..3840.02 rows=991 width=121)
	  Recheck Cond: ((id >= 8341491) AND (id <= 8342490))
	  ->  Bitmap Index Scan on sbtest1_pkey  (cost=0.00..34.34 rows=991 width=0)
	        Index Cond: ((id >= 8341491) AND (id <= 8342490))

table 2 : explain SELECT c FROM sbtest2 WHERE id BETWEEN 1992180 AND 1993179
	Bitmap Heap Scan on sbtest2  (cost=34.52..3814.18 rows=984 width=121)
	  Recheck Cond: ((id >= 1992180) AND (id <= 1993179))
	  ->  Bitmap Index Scan on sbtest2_pkey  (cost=0.00..34.28 rows=984 width=0)
	        Index Cond: ((id >= 1992180) AND (id <= 1993179))

table 3 : explain SELECT c FROM sbtest3 WHERE id BETWEEN 1830751 AND 1831750
	Bitmap Heap Scan on sbtest3  (cost=35.24..4078.22 rows=1054 width=121)
	  Recheck Cond: ((id >= 1830751) AND (id <= 1831750))
	  ->  Bitmap Index Scan on sbtest3_pkey  (cost=0.00..34.98 rows=1054 width=0)
	        Index Cond: ((id >= 1830751) AND (id <= 1831750))

table 4 : explain SELECT c FROM sbtest4 WHERE id BETWEEN 2620135 AND 2621134
	Bitmap Heap Scan on sbtest4  (cost=29.80..3552.18 rows=914 width=121)
	  Recheck Cond: ((id >= 2620135) AND (id <= 2621134))
	  ->  Bitmap Index Scan on sbtest4_pkey  (cost=0.00..29.57 rows=914 width=0)
	        Index Cond: ((id >= 2620135) AND (id <= 2621134))

table 5 : explain SELECT c FROM sbtest5 WHERE id BETWEEN 7516993 AND 7517992
	Bitmap Heap Scan on sbtest5  (cost=34.59..3847.67 rows=991 width=121)
	  Recheck Cond: ((id >= 7516993) AND (id <= 7517992))
	  ->  Bitmap Index Scan on sbtest5_pkey  (cost=0.00..34.34 rows=991 width=0)
	        Index Cond: ((id >= 7516993) AND (id <= 7517992))

table 6 : explain SELECT c FROM sbtest6 WHERE id BETWEEN 7695188 AND 7696187
	Bitmap Heap Scan on sbtest6  (cost=35.42..4146.63 rows=1072 width=121)
	  Recheck Cond: ((id >= 7695188) AND (id <= 7696187))
	  ->  Bitmap Index Scan on sbtest6_pkey  (cost=0.00..35.16 rows=1072 width=0)
	        Index Cond: ((id >= 7695188) AND (id <= 7696187))

table 7 : explain SELECT c FROM sbtest7 WHERE id BETWEEN 5667295 AND 5668294
	Bitmap Heap Scan on sbtest7  (cost=34.90..3952.69 rows=1021 width=121)
	  Recheck Cond: ((id >= 5667295) AND (id <= 5668294))
	  ->  Bitmap Index Scan on sbtest7_pkey  (cost=0.00..34.65 rows=1021 width=0)
	        Index Cond: ((id >= 5667295) AND (id <= 5668294))

table 8 : explain SELECT c FROM sbtest8 WHERE id BETWEEN 1319517 AND 1320516
	Bitmap Heap Scan on sbtest8  (cost=34.18..3689.59 rows=951 width=121)
	  Recheck Cond: ((id >= 1319517) AND (id <= 1320516))
	  ->  Bitmap Index Scan on sbtest8_pkey  (cost=0.00..33.95 rows=951 width=0)
	        Index Cond: ((id >= 1319517) AND (id <= 1320516))

for: simple_ranges
table 1 : explain SELECT c FROM sbtest1 WHERE id BETWEEN 2709274 AND 2710273
	Bitmap Heap Scan on sbtest1  (cost=35.39..4133.57 rows=1069 width=121)
	  Recheck Cond: ((id >= 2709274) AND (id <= 2710273))
	  ->  Bitmap Index Scan on sbtest1_pkey  (cost=0.00..35.12 rows=1069 width=0)
	        Index Cond: ((id >= 2709274) AND (id <= 2710273))

table 2 : explain SELECT c FROM sbtest2 WHERE id BETWEEN 8102980 AND 8103979
	Bitmap Heap Scan on sbtest2  (cost=34.83..3927.23 rows=1014 width=121)
	  Recheck Cond: ((id >= 8102980) AND (id <= 8103979))
	  ->  Bitmap Index Scan on sbtest2_pkey  (cost=0.00..34.58 rows=1014 width=0)
	        Index Cond: ((id >= 8102980) AND (id <= 8103979))

table 3 : explain SELECT c FROM sbtest3 WHERE id BETWEEN 9860064 AND 9861063
	Bitmap Heap Scan on sbtest3  (cost=35.17..4051.89 rows=1047 width=121)
	  Recheck Cond: ((id >= 9860064) AND (id <= 9861063))
	  ->  Bitmap Index Scan on sbtest3_pkey  (cost=0.00..34.91 rows=1047 width=0)
	        Index Cond: ((id >= 9860064) AND (id <= 9861063))

table 4 : explain SELECT c FROM sbtest4 WHERE id BETWEEN 7075021 AND 7076020
	Bitmap Heap Scan on sbtest4  (cost=35.09..4032.69 rows=1040 width=121)
	  Recheck Cond: ((id >= 7075021) AND (id <= 7076020))
	  ->  Bitmap Index Scan on sbtest4_pkey  (cost=0.00..34.84 rows=1040 width=0)
	        Index Cond: ((id >= 7075021) AND (id <= 7076020))

table 5 : explain SELECT c FROM sbtest5 WHERE id BETWEEN 4899682 AND 4900681
	Bitmap Heap Scan on sbtest5  (cost=35.17..4059.16 rows=1047 width=121)
	  Recheck Cond: ((id >= 4899682) AND (id <= 4900681))
	  ->  Bitmap Index Scan on sbtest5_pkey  (cost=0.00..34.91 rows=1047 width=0)
	        Index Cond: ((id >= 4899682) AND (id <= 4900681))

table 6 : explain SELECT c FROM sbtest6 WHERE id BETWEEN 2584541 AND 2585540
	Bitmap Heap Scan on sbtest6  (cost=29.83..3558.19 rows=917 width=121)
	  Recheck Cond: ((id >= 2584541) AND (id <= 2585540))
	  ->  Bitmap Index Scan on sbtest6_pkey  (cost=0.00..29.61 rows=917 width=0)
	        Index Cond: ((id >= 2584541) AND (id <= 2585540))

table 7 : explain SELECT c FROM sbtest7 WHERE id BETWEEN 1821228 AND 1822227
	Bitmap Heap Scan on sbtest7  (cost=34.15..3677.56 rows=948 width=121)
	  Recheck Cond: ((id >= 1821228) AND (id <= 1822227))
	  ->  Bitmap Index Scan on sbtest7_pkey  (cost=0.00..33.92 rows=948 width=0)
	        Index Cond: ((id >= 1821228) AND (id <= 1822227))

table 8 : explain SELECT c FROM sbtest8 WHERE id BETWEEN 5534211 AND 5535210
	Bitmap Heap Scan on sbtest8  (cost=34.97..3979.83 rows=1028 width=121)
	  Recheck Cond: ((id >= 5534211) AND (id <= 5535210))
	  ->  Bitmap Index Scan on sbtest8_pkey  (cost=0.00..34.72 rows=1028 width=0)
	        Index Cond: ((id >= 5534211) AND (id <= 5535210))

for: order_ranges
table 1 : explain SELECT c FROM sbtest1 WHERE id BETWEEN 3881183 AND 3882182 ORDER BY c
	Sort  (cost=4294.16..4296.90 rows=1097 width=121)
	  Sort Key: c
	  ->  Bitmap Heap Scan on sbtest1  (cost=35.68..4238.77 rows=1097 width=121)
	        Recheck Cond: ((id >= 3881183) AND (id <= 3882182))
	        ->  Bitmap Index Scan on sbtest1_pkey  (cost=0.00..35.41 rows=1097 width=0)
	              Index Cond: ((id >= 3881183) AND (id <= 3882182))

table 2 : explain SELECT c FROM sbtest2 WHERE id BETWEEN 7123859 AND 7124858 ORDER BY c
	Sort  (cost=4340.64..4343.41 rows=1110 width=121)
	  Sort Key: c
	  ->  Bitmap Heap Scan on sbtest2  (cost=35.81..4284.49 rows=1110 width=121)
	        Recheck Cond: ((id >= 7123859) AND (id <= 7124858))
	        ->  Bitmap Index Scan on sbtest2_pkey  (cost=0.00..35.54 rows=1110 width=0)
	              Index Cond: ((id >= 7123859) AND (id <= 7124858))

table 3 : explain SELECT c FROM sbtest3 WHERE id BETWEEN 3351300 AND 3352299 ORDER BY c
	Sort  (cost=3664.28..3666.61 rows=932 width=121)
	  Sort Key: c
	  ->  Bitmap Heap Scan on sbtest3  (cost=33.99..3618.31 rows=932 width=121)
	        Recheck Cond: ((id >= 3351300) AND (id <= 3352299))
	        ->  Bitmap Index Scan on sbtest3_pkey  (cost=0.00..33.76 rows=932 width=0)
	              Index Cond: ((id >= 3351300) AND (id <= 3352299))

table 4 : explain SELECT c FROM sbtest4 WHERE id BETWEEN 8563659 AND 8564658 ORDER BY c
	Sort  (cost=4019.66..4022.22 rows=1023 width=121)
	  Sort Key: c
	  ->  Bitmap Heap Scan on sbtest4  (cost=34.92..3968.52 rows=1023 width=121)
	        Recheck Cond: ((id >= 8563659) AND (id <= 8564658))
	        ->  Bitmap Index Scan on sbtest4_pkey  (cost=0.00..34.67 rows=1023 width=0)
	              Index Cond: ((id >= 8563659) AND (id <= 8564658))

table 5 : explain SELECT c FROM sbtest5 WHERE id BETWEEN 9144243 AND 9145242 ORDER BY c
	Sort  (cost=4352.97..4355.74 rows=1109 width=121)
	  Sort Key: c
	  ->  Bitmap Heap Scan on sbtest5  (cost=39.80..4296.88 rows=1109 width=121)
	        Recheck Cond: ((id >= 9144243) AND (id <= 9145242))
	        ->  Bitmap Index Scan on sbtest5_pkey  (cost=0.00..39.53 rows=1109 width=0)
	              Index Cond: ((id >= 9144243) AND (id <= 9145242))

table 6 : explain SELECT c FROM sbtest6 WHERE id BETWEEN 9730750 AND 9731749 ORDER BY c
	Sort  (cost=4326.52..4329.28 rows=1105 width=121)
	  Sort Key: c
	  ->  Bitmap Heap Scan on sbtest6  (cost=35.76..4270.66 rows=1105 width=121)
	        Recheck Cond: ((id >= 9730750) AND (id <= 9731749))
	        ->  Bitmap Index Scan on sbtest6_pkey  (cost=0.00..35.48 rows=1105 width=0)
	              Index Cond: ((id >= 9730750) AND (id <= 9731749))

table 7 : explain SELECT c FROM sbtest7 WHERE id BETWEEN 384469 AND 385468 ORDER BY c
	Sort  (cost=3689.95..3692.30 rows=939 width=121)
	  Sort Key: c
	  ->  Bitmap Heap Scan on sbtest7  (cost=34.06..3643.59 rows=939 width=121)
	        Recheck Cond: ((id >= 384469) AND (id <= 385468))
	        ->  Bitmap Index Scan on sbtest7_pkey  (cost=0.00..33.83 rows=939 width=0)
	              Index Cond: ((id >= 384469) AND (id <= 385468))

table 8 : explain SELECT c FROM sbtest8 WHERE id BETWEEN 1029392 AND 1030391 ORDER BY c
	Sort  (cost=4168.77..4171.43 rows=1064 width=121)
	  Sort Key: c
	  ->  Bitmap Heap Scan on sbtest8  (cost=35.34..4115.27 rows=1064 width=121)
	        Recheck Cond: ((id >= 1029392) AND (id <= 1030391))
	        ->  Bitmap Index Scan on sbtest8_pkey  (cost=0.00..35.08 rows=1064 width=0)
	              Index Cond: ((id >= 1029392) AND (id <= 1030391))

explain: for point_selects :: explain SELECT c FROM sbtest%u WHERE id=%u
explain: for point_selects :: explain SELECT c FROM sbtest%u WHERE id=%u
for: order_ranges
table 1 : explain SELECT c FROM sbtest1 WHERE id BETWEEN 2846540 AND 2847539 ORDER BY c
	Sort  (cost=3659.42..3661.75 rows=932 width=121)
	  Sort Key: c
	  ->  Bitmap Heap Scan on sbtest1  (cost=29.99..3613.45 rows=932 width=121)
	        Recheck Cond: ((id >= 2846540) AND (id <= 2847539))
	        ->  Bitmap Index Scan on sbtest1_pkey  (cost=0.00..29.75 rows=932 width=0)
	              Index Cond: ((id >= 2846540) AND (id <= 2847539))

table 2 : explain SELECT c FROM sbtest2 WHERE id BETWEEN 7714333 AND 7715332 ORDER BY c
	Sort  (cost=3782.70..3785.10 rows=963 width=121)
	  Sort Key: c
	  ->  Bitmap Heap Scan on sbtest2  (cost=34.31..3734.97 rows=963 width=121)
	        Recheck Cond: ((id >= 7714333) AND (id <= 7715332))
	        ->  Bitmap Index Scan on sbtest2_pkey  (cost=0.00..34.07 rows=963 width=0)
	              Index Cond: ((id >= 7714333) AND (id <= 7715332))

table 3 : explain SELECT c FROM sbtest3 WHERE id BETWEEN 6883726 AND 6884725 ORDER BY c
	Sort  (cost=4127.32..4129.96 rows=1053 width=121)
	  Sort Key: c
	  ->  Bitmap Heap Scan on sbtest3  (cost=35.23..4074.46 rows=1053 width=121)
	        Recheck Cond: ((id >= 6883726) AND (id <= 6884725))
	        ->  Bitmap Index Scan on sbtest3_pkey  (cost=0.00..34.97 rows=1053 width=0)
	              Index Cond: ((id >= 6883726) AND (id <= 6884725))

table 4 : explain SELECT c FROM sbtest4 WHERE id BETWEEN 6108623 AND 6109622 ORDER BY c
	Sort  (cost=3889.26..3891.73 rows=989 width=121)
	  Sort Key: c
	  ->  Bitmap Heap Scan on sbtest4  (cost=34.57..3840.06 rows=989 width=121)
	        Recheck Cond: ((id >= 6108623) AND (id <= 6109622))
	        ->  Bitmap Index Scan on sbtest4_pkey  (cost=0.00..34.33 rows=989 width=0)
	              Index Cond: ((id >= 6108623) AND (id <= 6109622))

table 5 : explain SELECT c FROM sbtest5 WHERE id BETWEEN 9775186 AND 9776185 ORDER BY c
	Sort  (cost=3527.93..3530.17 rows=896 width=121)
	  Sort Key: c
	  ->  Bitmap Heap Scan on sbtest5  (cost=29.62..3483.99 rows=896 width=121)
	        Recheck Cond: ((id >= 9775186) AND (id <= 9776185))
	        ->  Bitmap Index Scan on sbtest5_pkey  (cost=0.00..29.39 rows=896 width=0)
	              Index Cond: ((id >= 9775186) AND (id <= 9776185))

table 6 : explain SELECT c FROM sbtest6 WHERE id BETWEEN 4149772 AND 4150771 ORDER BY c
	Sort  (cost=3710.87..3713.23 rows=944 width=121)
	  Sort Key: c
	  ->  Bitmap Heap Scan on sbtest6  (cost=34.11..3664.22 rows=944 width=121)
	        Recheck Cond: ((id >= 4149772) AND (id <= 4150771))
	        ->  Bitmap Index Scan on sbtest6_pkey  (cost=0.00..33.88 rows=944 width=0)
	              Index Cond: ((id >= 4149772) AND (id <= 4150771))

table 7 : explain SELECT c FROM sbtest7 WHERE id BETWEEN 149479 AND 150478 ORDER BY c
	Sort  (cost=3693.78..3696.13 rows=940 width=121)
	  Sort Key: c
	  ->  Bitmap Heap Scan on sbtest7  (cost=34.07..3647.36 rows=940 width=121)
	        Recheck Cond: ((id >= 149479) AND (id <= 150478))
	        ->  Bitmap Index Scan on sbtest7_pkey  (cost=0.00..33.84 rows=940 width=0)
	              Index Cond: ((id >= 149479) AND (id <= 150478))

table 8 : explain SELECT c FROM sbtest8 WHERE id BETWEEN 3129474 AND 3130473 ORDER BY c
	Sort  (cost=3755.79..3758.18 rows=956 width=121)
	  Sort Key: c
	  ->  Bitmap Heap Scan on sbtest8  (cost=34.23..3708.46 rows=956 width=121)
	        Recheck Cond: ((id >= 3129474) AND (id <= 3130473))
	        ->  Bitmap Index Scan on sbtest8_pkey  (cost=0.00..34.00 rows=956 width=0)
	              Index Cond: ((id >= 3129474) AND (id <= 3130473))

explain: for point_selects :: explain SELECT c FROM sbtest%u WHERE id=%u
for point_selects
table 1 : explain SELECT c FROM sbtest1 WHERE id=1206619
	Index Scan using sbtest1_pkey on sbtest1  (cost=0.43..8.45 rows=1 width=121)
	  Index Cond: (id = 1206619)

table 2 : explain SELECT c FROM sbtest2 WHERE id=6074254
	Index Scan using sbtest2_pkey on sbtest2  (cost=0.43..8.45 rows=1 width=121)
	  Index Cond: (id = 6074254)

table 3 : explain SELECT c FROM sbtest3 WHERE id=3617357
	Index Scan using sbtest3_pkey on sbtest3  (cost=0.43..8.45 rows=1 width=121)
	  Index Cond: (id = 3617357)

table 4 : explain SELECT c FROM sbtest4 WHERE id=8654700
	Index Scan using sbtest4_pkey on sbtest4  (cost=0.43..8.45 rows=1 width=121)
	  Index Cond: (id = 8654700)

table 5 : explain SELECT c FROM sbtest5 WHERE id=6485729
	Index Scan using sbtest5_pkey on sbtest5  (cost=0.43..8.45 rows=1 width=121)
	  Index Cond: (id = 6485729)

table 6 : explain SELECT c FROM sbtest6 WHERE id=802811
	Index Scan using sbtest6_pkey on sbtest6  (cost=0.43..8.45 rows=1 width=121)
	  Index Cond: (id = 802811)

table 7 : explain SELECT c FROM sbtest7 WHERE id=3936025
	Index Scan using sbtest7_pkey on sbtest7  (cost=0.43..8.45 rows=1 width=121)
	  Index Cond: (id = 3936025)

table 8 : explain SELECT c FROM sbtest8 WHERE id=5753027
	Index Scan using sbtest8_pkey on sbtest8  (cost=0.43..8.45 rows=1 width=121)
	  Index Cond: (id = 5753027)

for: distinct_ranges
table 1 : explain SELECT DISTINCT c FROM sbtest1 WHERE id BETWEEN 934048 AND 935047 ORDER BY c
	Unique  (cost=3881.68..3886.63 rows=989 width=121)
	  ->  Sort  (cost=3881.68..3884.16 rows=989 width=121)
	        Sort Key: c
	        ->  Bitmap Heap Scan on sbtest1  (cost=34.57..3832.48 rows=989 width=121)
	              Recheck Cond: ((id >= 934048) AND (id <= 935047))
	              ->  Bitmap Index Scan on sbtest1_pkey  (cost=0.00..34.33 rows=989 width=0)
	                    Index Cond: ((id >= 934048) AND (id <= 935047))

table 2 : explain SELECT DISTINCT c FROM sbtest2 WHERE id BETWEEN 5058639 AND 5059638 ORDER BY c
	Unique  (cost=4088.69..4093.90 rows=1043 width=121)
	  ->  Sort  (cost=4088.69..4091.30 rows=1043 width=121)
	        Sort Key: c
	        ->  Bitmap Heap Scan on sbtest2  (cost=35.13..4036.40 rows=1043 width=121)
	              Recheck Cond: ((id >= 5058639) AND (id <= 5059638))
	              ->  Bitmap Index Scan on sbtest2_pkey  (cost=0.00..34.87 rows=1043 width=0)
	                    Index Cond: ((id >= 5058639) AND (id <= 5059638))

table 3 : explain SELECT DISTINCT c FROM sbtest3 WHERE id BETWEEN 9053037 AND 9054036 ORDER BY c
	Unique  (cost=3844.35..3849.25 rows=979 width=121)
	  ->  Sort  (cost=3844.35..3846.80 rows=979 width=121)
	        Sort Key: c
	        ->  Bitmap Heap Scan on sbtest3  (cost=34.47..3795.72 rows=979 width=121)
	              Recheck Cond: ((id >= 9053037) AND (id <= 9054036))
	              ->  Bitmap Index Scan on sbtest3_pkey  (cost=0.00..34.23 rows=979 width=0)
	                    Index Cond: ((id >= 9053037) AND (id <= 9054036))

table 4 : explain SELECT DISTINCT c FROM sbtest4 WHERE id BETWEEN 4270339 AND 4271338 ORDER BY c
	Unique  (cost=3674.19..3678.86 rows=933 width=121)
	  ->  Sort  (cost=3674.19..3676.52 rows=933 width=121)
	        Sort Key: c
	        ->  Bitmap Heap Scan on sbtest4  (cost=34.00..3628.17 rows=933 width=121)
	              Recheck Cond: ((id >= 4270339) AND (id <= 4271338))
	              ->  Bitmap Index Scan on sbtest4_pkey  (cost=0.00..33.77 rows=933 width=0)
	                    Index Cond: ((id >= 4270339) AND (id <= 4271338))

table 5 : explain SELECT DISTINCT c FROM sbtest5 WHERE id BETWEEN 5250718 AND 5251717 ORDER BY c
	Unique  (cost=3535.62..3540.11 rows=898 width=121)
	  ->  Sort  (cost=3535.62..3537.87 rows=898 width=121)
	        Sort Key: c
	        ->  Bitmap Heap Scan on sbtest5  (cost=29.64..3491.57 rows=898 width=121)
	              Recheck Cond: ((id >= 5250718) AND (id <= 5251717))
	              ->  Bitmap Index Scan on sbtest5_pkey  (cost=0.00..29.41 rows=898 width=0)
	                    Index Cond: ((id >= 5250718) AND (id <= 5251717))

table 6 : explain SELECT DISTINCT c FROM sbtest6 WHERE id BETWEEN 7543569 AND 7544568 ORDER BY c
	Unique  (cost=3776.02..3780.83 rows=961 width=121)
	  ->  Sort  (cost=3776.02..3778.42 rows=961 width=121)
	        Sort Key: c
	        ->  Bitmap Heap Scan on sbtest6  (cost=34.29..3728.41 rows=961 width=121)
	              Recheck Cond: ((id >= 7543569) AND (id <= 7544568))
	              ->  Bitmap Index Scan on sbtest6_pkey  (cost=0.00..34.05 rows=961 width=0)
	                    Index Cond: ((id >= 7543569) AND (id <= 7544568))

table 7 : explain SELECT DISTINCT c FROM sbtest7 WHERE id BETWEEN 3730161 AND 3731160 ORDER BY c
	Unique  (cost=3444.31..3448.69 rows=876 width=121)
	  ->  Sort  (cost=3444.31..3446.50 rows=876 width=121)
	        Sort Key: c
	        ->  Bitmap Heap Scan on sbtest7  (cost=29.41..3401.50 rows=876 width=121)
	              Recheck Cond: ((id >= 3730161) AND (id <= 3731160))
	              ->  Bitmap Index Scan on sbtest7_pkey  (cost=0.00..29.19 rows=876 width=0)
	                    Index Cond: ((id >= 3730161) AND (id <= 3731160))

table 8 : explain SELECT DISTINCT c FROM sbtest8 WHERE id BETWEEN 6194165 AND 6195164 ORDER BY c
	Unique  (cost=3916.56..3921.55 rows=998 width=121)
	  ->  Sort  (cost=3916.56..3919.05 rows=998 width=121)
	        Sort Key: c
	        ->  Bitmap Heap Scan on sbtest8  (cost=34.66..3866.84 rows=998 width=121)
	              Recheck Cond: ((id >= 6194165) AND (id <= 6195164))
	              ->  Bitmap Index Scan on sbtest8_pkey  (cost=0.00..34.42 rows=998 width=0)
	                    Index Cond: ((id >= 6194165) AND (id <= 6195164))

explain: for point_selects :: explain SELECT c FROM sbtest%u WHERE id=%u
for: sum_ranges
table 1 : explain SELECT SUM(k) FROM sbtest1 WHERE id BETWEEN 1919272 AND 1920271
	Aggregate  (cost=3574.20..3574.21 rows=1 width=8)
	  ->  Bitmap Heap Scan on sbtest1  (cost=29.88..3571.90 rows=921 width=4)
	        Recheck Cond: ((id >= 1919272) AND (id <= 1920271))
	        ->  Bitmap Index Scan on sbtest1_pkey  (cost=0.00..29.64 rows=921 width=0)
	              Index Cond: ((id >= 1919272) AND (id <= 1920271))

table 2 : explain SELECT SUM(k) FROM sbtest2 WHERE id BETWEEN 3919320 AND 3920319
	Aggregate  (cost=3986.28..3986.29 rows=1 width=8)
	  ->  Bitmap Heap Scan on sbtest2  (cost=34.98..3983.71 rows=1029 width=4)
	        Recheck Cond: ((id >= 3919320) AND (id <= 3920319))
	        ->  Bitmap Index Scan on sbtest2_pkey  (cost=0.00..34.73 rows=1029 width=0)
	              Index Cond: ((id >= 3919320) AND (id <= 3920319))

table 3 : explain SELECT SUM(k) FROM sbtest3 WHERE id BETWEEN 6361353 AND 6362352
	Aggregate  (cost=3737.77..3737.78 rows=1 width=8)
	  ->  Bitmap Heap Scan on sbtest3  (cost=34.31..3735.36 rows=963 width=4)
	        Recheck Cond: ((id >= 6361353) AND (id <= 6362352))
	        ->  Bitmap Index Scan on sbtest3_pkey  (cost=0.00..34.07 rows=963 width=0)
	              Index Cond: ((id >= 6361353) AND (id <= 6362352))

table 4 : explain SELECT SUM(k) FROM sbtest4 WHERE id BETWEEN 712717 AND 713716
	Aggregate  (cost=3865.23..3865.24 rows=1 width=8)
	  ->  Bitmap Heap Scan on sbtest4  (cost=34.63..3862.74 rows=995 width=4)
	        Recheck Cond: ((id >= 712717) AND (id <= 713716))
	        ->  Bitmap Index Scan on sbtest4_pkey  (cost=0.00..34.39 rows=995 width=0)
	              Index Cond: ((id >= 712717) AND (id <= 713716))

table 5 : explain SELECT SUM(k) FROM sbtest5 WHERE id BETWEEN 2528974 AND 2529973
	Aggregate  (cost=3895.53..3895.54 rows=1 width=8)
	  ->  Bitmap Heap Scan on sbtest5  (cost=34.72..3893.02 rows=1003 width=4)
	        Recheck Cond: ((id >= 2528974) AND (id <= 2529973))
	        ->  Bitmap Index Scan on sbtest5_pkey  (cost=0.00..34.47 rows=1003 width=0)
	              Index Cond: ((id >= 2528974) AND (id <= 2529973))

table 6 : explain SELECT SUM(k) FROM sbtest6 WHERE id BETWEEN 9399868 AND 9400867
	Aggregate  (cost=3813.88..3813.89 rows=1 width=8)
	  ->  Bitmap Heap Scan on sbtest6  (cost=34.51..3811.43 rows=983 width=4)
	        Recheck Cond: ((id >= 9399868) AND (id <= 9400867))
	        ->  Bitmap Index Scan on sbtest6_pkey  (cost=0.00..34.27 rows=983 width=0)
	              Index Cond: ((id >= 9399868) AND (id <= 9400867))

table 7 : explain SELECT SUM(k) FROM sbtest7 WHERE id BETWEEN 3906568 AND 3907567
	Aggregate  (cost=3604.38..3604.39 rows=1 width=8)
	  ->  Bitmap Heap Scan on sbtest7  (cost=33.95..3602.06 rows=928 width=4)
	        Recheck Cond: ((id >= 3906568) AND (id <= 3907567))
	        ->  Bitmap Index Scan on sbtest7_pkey  (cost=0.00..33.72 rows=928 width=0)
	              Index Cond: ((id >= 3906568) AND (id <= 3907567))

table 8 : explain SELECT SUM(k) FROM sbtest8 WHERE id BETWEEN 6285297 AND 6286296
	Aggregate  (cost=3657.97..3657.98 rows=1 width=8)
	  ->  Bitmap Heap Scan on sbtest8  (cost=34.09..3655.62 rows=942 width=4)
	        Recheck Cond: ((id >= 6285297) AND (id <= 6286296))
	        ->  Bitmap Index Scan on sbtest8_pkey  (cost=0.00..33.86 rows=942 width=0)
	              Index Cond: ((id >= 6285297) AND (id <= 6286296))

for: order_ranges
table 1 : explain SELECT c FROM sbtest1 WHERE id BETWEEN 6777376 AND 6778375 ORDER BY c
	Sort  (cost=3847.25..3849.70 rows=980 width=121)
	  Sort Key: c
	  ->  Bitmap Heap Scan on sbtest1  (cost=34.48..3798.56 rows=980 width=121)
	        Recheck Cond: ((id >= 6777376) AND (id <= 6778375))
	        ->  Bitmap Index Scan on sbtest1_pkey  (cost=0.00..34.23 rows=980 width=0)
	              Index Cond: ((id >= 6777376) AND (id <= 6778375))

table 2 : explain SELECT c FROM sbtest2 WHERE id BETWEEN 6014345 AND 6015344 ORDER BY c
	Sort  (cost=3801.84..3804.26 rows=968 width=121)
	  Sort Key: c
	  ->  Bitmap Heap Scan on sbtest2  (cost=34.36..3753.84 rows=968 width=121)
	        Recheck Cond: ((id >= 6014345) AND (id <= 6015344))
	        ->  Bitmap Index Scan on sbtest2_pkey  (cost=0.00..34.12 rows=968 width=0)
	              Index Cond: ((id >= 6014345) AND (id <= 6015344))

table 3 : explain SELECT c FROM sbtest3 WHERE id BETWEEN 8584988 AND 8585987 ORDER BY c
	Sort  (cost=4062.37..4064.96 rows=1036 width=121)
	  Sort Key: c
	  ->  Bitmap Heap Scan on sbtest3  (cost=35.05..4010.49 rows=1036 width=121)
	        Recheck Cond: ((id >= 8584988) AND (id <= 8585987))
	        ->  Bitmap Index Scan on sbtest3_pkey  (cost=0.00..34.80 rows=1036 width=0)
	              Index Cond: ((id >= 8584988) AND (id <= 8585987))

table 4 : explain SELECT c FROM sbtest4 WHERE id BETWEEN 9668376 AND 9669375 ORDER BY c
	Sort  (cost=3751.04..3753.43 rows=953 width=121)
	  Sort Key: c
	  ->  Bitmap Heap Scan on sbtest4  (cost=34.20..3703.89 rows=953 width=121)
	        Recheck Cond: ((id >= 9668376) AND (id <= 9669375))
	        ->  Bitmap Index Scan on sbtest4_pkey  (cost=0.00..33.97 rows=953 width=0)
	              Index Cond: ((id >= 9668376) AND (id <= 9669375))

table 5 : explain SELECT c FROM sbtest5 WHERE id BETWEEN 4986179 AND 4987178 ORDER BY c
	Sort  (cost=4161.47..4164.12 rows=1060 width=121)
	  Sort Key: c
	  ->  Bitmap Heap Scan on sbtest5  (cost=35.30..4108.21 rows=1060 width=121)
	        Recheck Cond: ((id >= 4986179) AND (id <= 4987178))
	        ->  Bitmap Index Scan on sbtest5_pkey  (cost=0.00..35.04 rows=1060 width=0)
	              Index Cond: ((id >= 4986179) AND (id <= 4987178))

table 6 : explain SELECT c FROM sbtest6 WHERE id BETWEEN 1007286 AND 1008285 ORDER BY c
	Sort  (cost=3487.51..3489.70 rows=878 width=121)
	  Sort Key: c
	  ->  Index Scan using sbtest6_pkey on sbtest6  (cost=0.43..3444.58 rows=878 width=121)
	        Index Cond: ((id >= 1007286) AND (id <= 1008285))

table 7 : explain SELECT c FROM sbtest7 WHERE id BETWEEN 1420842 AND 1421841 ORDER BY c
	Sort  (cost=4003.71..4006.27 rows=1021 width=121)
	  Sort Key: c
	  ->  Bitmap Heap Scan on sbtest7  (cost=34.90..3952.69 rows=1021 width=121)
	        Recheck Cond: ((id >= 1420842) AND (id <= 1421841))
	        ->  Bitmap Index Scan on sbtest7_pkey  (cost=0.00..34.65 rows=1021 width=0)
	              Index Cond: ((id >= 1420842) AND (id <= 1421841))

table 8 : explain SELECT c FROM sbtest8 WHERE id BETWEEN 1501597 AND 1502596 ORDER BY c
	Sort  (cost=3813.23..3815.66 rows=971 width=121)
	  Sort Key: c
	  ->  Bitmap Heap Scan on sbtest8  (cost=34.39..3765.05 rows=971 width=121)
	        Recheck Cond: ((id >= 1501597) AND (id <= 1502596))
	        ->  Bitmap Index Scan on sbtest8_pkey  (cost=0.00..34.15 rows=971 width=0)
	              Index Cond: ((id >= 1501597) AND (id <= 1502596))

for point_selects
table 1 : explain SELECT c FROM sbtest1 WHERE id=8454688
	Index Scan using sbtest1_pkey on sbtest1  (cost=0.43..8.45 rows=1 width=121)
	  Index Cond: (id = 8454688)

table 2 : explain SELECT c FROM sbtest2 WHERE id=1462184
	Index Scan using sbtest2_pkey on sbtest2  (cost=0.43..8.45 rows=1 width=121)
	  Index Cond: (id = 1462184)

table 3 : explain SELECT c FROM sbtest3 WHERE id=4278819
	Index Scan using sbtest3_pkey on sbtest3  (cost=0.43..8.45 rows=1 width=121)
	  Index Cond: (id = 4278819)

table 4 : explain SELECT c FROM sbtest4 WHERE id=7677402
	Index Scan using sbtest4_pkey on sbtest4  (cost=0.43..8.45 rows=1 width=121)
	  Index Cond: (id = 7677402)

table 5 : explain SELECT c FROM sbtest5 WHERE id=839835
	Index Scan using sbtest5_pkey on sbtest5  (cost=0.43..8.45 rows=1 width=121)
	  Index Cond: (id = 839835)

table 6 : explain SELECT c FROM sbtest6 WHERE id=7665159
	Index Scan using sbtest6_pkey on sbtest6  (cost=0.43..8.45 rows=1 width=121)
	  Index Cond: (id = 7665159)

table 7 : explain SELECT c FROM sbtest7 WHERE id=3618657
	Index Scan using sbtest7_pkey on sbtest7  (cost=0.43..8.45 rows=1 width=121)
	  Index Cond: (id = 3618657)

table 8 : explain SELECT c FROM sbtest8 WHERE id=2337686
	Index Scan using sbtest8_pkey on sbtest8  (cost=0.43..8.45 rows=1 width=121)
	  Index Cond: (id = 2337686)

for: sum_ranges
table 1 : explain SELECT SUM(k) FROM sbtest1 WHERE id BETWEEN 741076 AND 742075
	Aggregate  (cost=3891.51..3891.52 rows=1 width=8)
	  ->  Bitmap Heap Scan on sbtest1  (cost=34.73..3889.00 rows=1004 width=4)
	        Recheck Cond: ((id >= 741076) AND (id <= 742075))
	        ->  Bitmap Index Scan on sbtest1_pkey  (cost=0.00..34.48 rows=1004 width=0)
	              Index Cond: ((id >= 741076) AND (id <= 742075))

table 2 : explain SELECT SUM(k) FROM sbtest2 WHERE id BETWEEN 5260894 AND 5261893
	Aggregate  (cost=4148.15..4148.16 rows=1 width=8)
	  ->  Bitmap Heap Scan on sbtest2  (cost=35.42..4145.47 rows=1072 width=4)
	        Recheck Cond: ((id >= 5260894) AND (id <= 5261893))
	        ->  Bitmap Index Scan on sbtest2_pkey  (cost=0.00..35.16 rows=1072 width=0)
	              Index Cond: ((id >= 5260894) AND (id <= 5261893))

table 3 : explain SELECT SUM(k) FROM sbtest3 WHERE id BETWEEN 7804945 AND 7805944
	Aggregate  (cost=3915.10..3915.11 rows=1 width=8)
	  ->  Bitmap Heap Scan on sbtest3  (cost=34.79..3912.57 rows=1010 width=4)
	        Recheck Cond: ((id >= 7804945) AND (id <= 7805944))
	        ->  Bitmap Index Scan on sbtest3_pkey  (cost=0.00..34.54 rows=1010 width=0)
	              Index Cond: ((id >= 7804945) AND (id <= 7805944))

table 4 : explain SELECT SUM(k) FROM sbtest4 WHERE id BETWEEN 1137900 AND 1138899
	Aggregate  (cost=4386.23..4386.24 rows=1 width=8)
	  ->  Bitmap Heap Scan on sbtest4  (cost=40.04..4383.40 rows=1132 width=4)
	        Recheck Cond: ((id >= 1137900) AND (id <= 1138899))
	        ->  Bitmap Index Scan on sbtest4_pkey  (cost=0.00..39.76 rows=1132 width=0)
	              Index Cond: ((id >= 1137900) AND (id <= 1138899))

table 5 : explain SELECT SUM(k) FROM sbtest5 WHERE id BETWEEN 4818720 AND 4819719
	Aggregate  (cost=3993.80..3993.81 rows=1 width=8)
	  ->  Bitmap Heap Scan on sbtest5  (cost=34.98..3991.22 rows=1029 width=4)
	        Recheck Cond: ((id >= 4818720) AND (id <= 4819719))
	        ->  Bitmap Index Scan on sbtest5_pkey  (cost=0.00..34.73 rows=1029 width=0)
	              Index Cond: ((id >= 4818720) AND (id <= 4819719))

table 6 : explain SELECT SUM(k) FROM sbtest6 WHERE id BETWEEN 4898572 AND 4899571
	Aggregate  (cost=3325.67..3325.68 rows=1 width=8)
	  ->  Index Scan using sbtest6_pkey on sbtest6  (cost=0.43..3323.55 rows=847 width=4)
	        Index Cond: ((id >= 4898572) AND (id <= 4899571))

table 7 : explain SELECT SUM(k) FROM sbtest7 WHERE id BETWEEN 5779855 AND 5780854
	Aggregate  (cost=3759.20..3759.21 rows=1 width=8)
	  ->  Bitmap Heap Scan on sbtest7  (cost=34.37..3756.77 rows=969 width=4)
	        Recheck Cond: ((id >= 5779855) AND (id <= 5780854))
	        ->  Bitmap Index Scan on sbtest7_pkey  (cost=0.00..34.12 rows=969 width=0)
	              Index Cond: ((id >= 5779855) AND (id <= 5780854))

table 8 : explain SELECT SUM(k) FROM sbtest8 WHERE id BETWEEN 7328926 AND 7329925
	Aggregate  (cost=3967.34..3967.35 rows=1 width=8)
	  ->  Bitmap Heap Scan on sbtest8  (cost=34.93..3964.78 rows=1024 width=4)
	        Recheck Cond: ((id >= 7328926) AND (id <= 7329925))
	        ->  Bitmap Index Scan on sbtest8_pkey  (cost=0.00..34.68 rows=1024 width=0)
	              Index Cond: ((id >= 7328926) AND (id <= 7329925))

for point_selects
table 1 : explain SELECT c FROM sbtest1 WHERE id=2493369
	Index Scan using sbtest1_pkey on sbtest1  (cost=0.43..8.45 rows=1 width=121)
	  Index Cond: (id = 2493369)

table 2 : explain SELECT c FROM sbtest2 WHERE id=1790907
	Index Scan using sbtest2_pkey on sbtest2  (cost=0.43..8.45 rows=1 width=121)
	  Index Cond: (id = 1790907)

table 3 : explain SELECT c FROM sbtest3 WHERE id=4688277
	Index Scan using sbtest3_pkey on sbtest3  (cost=0.43..8.45 rows=1 width=121)
	  Index Cond: (id = 4688277)

table 4 : explain SELECT c FROM sbtest4 WHERE id=6199145
	Index Scan using sbtest4_pkey on sbtest4  (cost=0.43..8.45 rows=1 width=121)
	  Index Cond: (id = 6199145)

table 5 : explain SELECT c FROM sbtest5 WHERE id=4073697
	Index Scan using sbtest5_pkey on sbtest5  (cost=0.43..8.45 rows=1 width=121)
	  Index Cond: (id = 4073697)

table 6 : explain SELECT c FROM sbtest6 WHERE id=7887076
	Index Scan using sbtest6_pkey on sbtest6  (cost=0.43..8.45 rows=1 width=121)
	  Index Cond: (id = 7887076)

table 7 : explain SELECT c FROM sbtest7 WHERE id=161196
	Index Scan using sbtest7_pkey on sbtest7  (cost=0.43..8.45 rows=1 width=121)
	  Index Cond: (id = 161196)

table 8 : explain SELECT c FROM sbtest8 WHERE id=9440756
	Index Scan using sbtest8_pkey on sbtest8  (cost=0.43..8.45 rows=1 width=121)
	  Index Cond: (id = 9440756)

for: sum_ranges
table 1 : explain SELECT SUM(k) FROM sbtest1 WHERE id BETWEEN 1260237 AND 1261236
	Aggregate  (cost=4057.24..4057.25 rows=1 width=8)
	  ->  Bitmap Heap Scan on sbtest1  (cost=35.18..4054.62 rows=1048 width=4)
	        Recheck Cond: ((id >= 1260237) AND (id <= 1261236))
	        ->  Bitmap Index Scan on sbtest1_pkey  (cost=0.00..34.92 rows=1048 width=0)
	              Index Cond: ((id >= 1260237) AND (id <= 1261236))

table 2 : explain SELECT SUM(k) FROM sbtest2 WHERE id BETWEEN 1173873 AND 1174872
	Aggregate  (cost=3948.61..3948.62 rows=1 width=8)
	  ->  Bitmap Heap Scan on sbtest2  (cost=34.88..3946.06 rows=1019 width=4)
	        Recheck Cond: ((id >= 1173873) AND (id <= 1174872))
	        ->  Bitmap Index Scan on sbtest2_pkey  (cost=0.00..34.62 rows=1019 width=0)
	              Index Cond: ((id >= 1173873) AND (id <= 1174872))

table 3 : explain SELECT SUM(k) FROM sbtest3 WHERE id BETWEEN 6826184 AND 6827183
	Aggregate  (cost=3809.49..3809.50 rows=1 width=8)
	  ->  Bitmap Heap Scan on sbtest3  (cost=34.50..3807.03 rows=982 width=4)
	        Recheck Cond: ((id >= 6826184) AND (id <= 6827183))
	        ->  Bitmap Index Scan on sbtest3_pkey  (cost=0.00..34.26 rows=982 width=0)
	              Index Cond: ((id >= 6826184) AND (id <= 6827183))

table 4 : explain SELECT SUM(k) FROM sbtest4 WHERE id BETWEEN 6487739 AND 6488738
	Aggregate  (cost=4122.12..4122.13 rows=1 width=8)
	  ->  Bitmap Heap Scan on sbtest4  (cost=35.33..4119.46 rows=1063 width=4)
	        Recheck Cond: ((id >= 6487739) AND (id <= 6488738))
	        ->  Bitmap Index Scan on sbtest4_pkey  (cost=0.00..35.07 rows=1063 width=0)
	              Index Cond: ((id >= 6487739) AND (id <= 6488738))

table 5 : explain SELECT SUM(k) FROM sbtest5 WHERE id BETWEEN 8834401 AND 8835400
	Aggregate  (cost=4012.69..4012.70 rows=1 width=8)
	  ->  Bitmap Heap Scan on sbtest5  (cost=35.03..4010.10 rows=1034 width=4)
	        Recheck Cond: ((id >= 8834401) AND (id <= 8835400))
	        ->  Bitmap Index Scan on sbtest5_pkey  (cost=0.00..34.78 rows=1034 width=0)
	              Index Cond: ((id >= 8834401) AND (id <= 8835400))

table 6 : explain SELECT SUM(k) FROM sbtest6 WHERE id BETWEEN 7470862 AND 7471861
	Aggregate  (cost=3828.98..3828.99 rows=1 width=8)
	  ->  Bitmap Heap Scan on sbtest6  (cost=34.55..3826.51 rows=987 width=4)
	        Recheck Cond: ((id >= 7470862) AND (id <= 7471861))
	        ->  Bitmap Index Scan on sbtest6_pkey  (cost=0.00..34.31 rows=987 width=0)
	              Index Cond: ((id >= 7470862) AND (id <= 7471861))

table 7 : explain SELECT SUM(k) FROM sbtest7 WHERE id BETWEEN 4629880 AND 4630879
	Aggregate  (cost=3977.84..3977.85 rows=1 width=8)
	  ->  Bitmap Heap Scan on sbtest7  (cost=34.96..3975.27 rows=1027 width=4)
	        Recheck Cond: ((id >= 4629880) AND (id <= 4630879))
	        ->  Bitmap Index Scan on sbtest7_pkey  (cost=0.00..34.70 rows=1027 width=0)
	              Index Cond: ((id >= 4629880) AND (id <= 4630879))

table 8 : explain SELECT SUM(k) FROM sbtest8 WHERE id BETWEEN 4842972 AND 4843971
	Aggregate  (cost=4095.36..4095.37 rows=1 width=8)
	  ->  Bitmap Heap Scan on sbtest8  (cost=35.28..4092.71 rows=1058 width=4)
	        Recheck Cond: ((id >= 4842972) AND (id <= 4843971))
	        ->  Bitmap Index Scan on sbtest8_pkey  (cost=0.00..35.02 rows=1058 width=0)
	              Index Cond: ((id >= 4842972) AND (id <= 4843971))

explain: for point_selects :: explain SELECT c FROM sbtest%u WHERE id=%u
for: sum_ranges
table 1 : explain SELECT SUM(k) FROM sbtest1 WHERE id BETWEEN 5749311 AND 5750310
	Aggregate  (cost=3555.30..3555.31 rows=1 width=8)
	  ->  Bitmap Heap Scan on sbtest1  (cost=29.82..3553.01 rows=916 width=4)
	        Recheck Cond: ((id >= 5749311) AND (id <= 5750310))
	        ->  Bitmap Index Scan on sbtest1_pkey  (cost=0.00..29.59 rows=916 width=0)
	              Index Cond: ((id >= 5749311) AND (id <= 5750310))

table 2 : explain SELECT SUM(k) FROM sbtest2 WHERE id BETWEEN 6222571 AND 6223570
	Aggregate  (cost=3869.44..3869.45 rows=1 width=8)
	  ->  Bitmap Heap Scan on sbtest2  (cost=34.66..3866.95 rows=998 width=4)
	        Recheck Cond: ((id >= 6222571) AND (id <= 6223570))
	        ->  Bitmap Index Scan on sbtest2_pkey  (cost=0.00..34.42 rows=998 width=0)
	              Index Cond: ((id >= 6222571) AND (id <= 6223570))

table 3 : explain SELECT SUM(k) FROM sbtest3 WHERE id BETWEEN 9703752 AND 9704751
	Aggregate  (cost=3756.65..3756.66 rows=1 width=8)
	  ->  Bitmap Heap Scan on sbtest3  (cost=34.36..3754.23 rows=968 width=4)
	        Recheck Cond: ((id >= 9703752) AND (id <= 9704751))
	        ->  Bitmap Index Scan on sbtest3_pkey  (cost=0.00..34.12 rows=968 width=0)
	              Index Cond: ((id >= 9703752) AND (id <= 9704751))

table 4 : explain SELECT SUM(k) FROM sbtest4 WHERE id BETWEEN 1263528 AND 1264527
	Aggregate  (cost=4042.85..4042.86 rows=1 width=8)
	  ->  Bitmap Heap Scan on sbtest4  (cost=35.12..4040.24 rows=1042 width=4)
	        Recheck Cond: ((id >= 1263528) AND (id <= 1264527))
	        ->  Bitmap Index Scan on sbtest4_pkey  (cost=0.00..34.86 rows=1042 width=0)
	              Index Cond: ((id >= 1263528) AND (id <= 1264527))

table 5 : explain SELECT SUM(k) FROM sbtest5 WHERE id BETWEEN 844557 AND 845556
	Aggregate  (cost=3535.55..3535.56 rows=1 width=8)
	  ->  Bitmap Heap Scan on sbtest5  (cost=29.75..3533.28 rows=909 width=4)
	        Recheck Cond: ((id >= 844557) AND (id <= 845556))
	        ->  Bitmap Index Scan on sbtest5_pkey  (cost=0.00..29.52 rows=909 width=0)
	              Index Cond: ((id >= 844557) AND (id <= 845556))

table 6 : explain SELECT SUM(k) FROM sbtest6 WHERE id BETWEEN 2484564 AND 2485563
	Aggregate  (cost=3564.27..3564.28 rows=1 width=8)
	  ->  Bitmap Heap Scan on sbtest6  (cost=29.84..3561.97 rows=918 width=4)
	        Recheck Cond: ((id >= 2484564) AND (id <= 2485563))
	        ->  Bitmap Index Scan on sbtest6_pkey  (cost=0.00..29.61 rows=918 width=0)
	              Index Cond: ((id >= 2484564) AND (id <= 2485563))

table 7 : explain SELECT SUM(k) FROM sbtest7 WHERE id BETWEEN 8077068 AND 8078067
	Aggregate  (cost=3921.33..3921.34 rows=1 width=8)
	  ->  Bitmap Heap Scan on sbtest7  (cost=34.81..3918.80 rows=1012 width=4)
	        Recheck Cond: ((id >= 8077068) AND (id <= 8078067))
	        ->  Bitmap Index Scan on sbtest7_pkey  (cost=0.00..34.56 rows=1012 width=0)
	              Index Cond: ((id >= 8077068) AND (id <= 8078067))

table 8 : explain SELECT SUM(k) FROM sbtest8 WHERE id BETWEEN 9564908 AND 9565907
	Aggregate  (cost=3959.80..3959.81 rows=1 width=8)
	  ->  Bitmap Heap Scan on sbtest8  (cost=34.91..3957.25 rows=1022 width=4)
	        Recheck Cond: ((id >= 9564908) AND (id <= 9565907))
	        ->  Bitmap Index Scan on sbtest8_pkey  (cost=0.00..34.66 rows=1022 width=0)
	              Index Cond: ((id >= 9564908) AND (id <= 9565907))

for: distinct_ranges
table 1 : explain SELECT DISTINCT c FROM sbtest1 WHERE id BETWEEN 3732046 AND 3733045 ORDER BY c
	Unique  (cost=3854.90..3859.81 rows=982 width=121)
	  ->  Sort  (cost=3854.90..3857.36 rows=982 width=121)
	        Sort Key: c
	        ->  Bitmap Heap Scan on sbtest1  (cost=34.50..3806.10 rows=982 width=121)
	              Recheck Cond: ((id >= 3732046) AND (id <= 3733045))
	              ->  Bitmap Index Scan on sbtest1_pkey  (cost=0.00..34.26 rows=982 width=0)
	                    Index Cond: ((id >= 3732046) AND (id <= 3733045))

table 2 : explain SELECT DISTINCT c FROM sbtest2 WHERE id BETWEEN 3275479 AND 3276478 ORDER BY c
	Unique  (cost=4054.30..4059.47 rows=1034 width=121)
	  ->  Sort  (cost=4054.30..4056.89 rows=1034 width=121)
	        Sort Key: c
	        ->  Bitmap Heap Scan on sbtest2  (cost=35.03..4002.53 rows=1034 width=121)
	              Recheck Cond: ((id >= 3275479) AND (id <= 3276478))
	              ->  Bitmap Index Scan on sbtest2_pkey  (cost=0.00..34.78 rows=1034 width=0)
	                    Index Cond: ((id >= 3275479) AND (id <= 3276478))

table 3 : explain SELECT DISTINCT c FROM sbtest3 WHERE id BETWEEN 9603187 AND 9604186 ORDER BY c
	Unique  (cost=4039.44..4044.59 rows=1030 width=121)
	  ->  Sort  (cost=4039.44..4042.02 rows=1030 width=121)
	        Sort Key: c
	        ->  Bitmap Heap Scan on sbtest3  (cost=34.99..3987.90 rows=1030 width=121)
	              Recheck Cond: ((id >= 9603187) AND (id <= 9604186))
	              ->  Bitmap Index Scan on sbtest3_pkey  (cost=0.00..34.73 rows=1030 width=0)
	                    Index Cond: ((id >= 9603187) AND (id <= 9604186))

table 4 : explain SELECT DISTINCT c FROM sbtest4 WHERE id BETWEEN 3356261 AND 3357260 ORDER BY c
	Unique  (cost=4000.49..4005.58 rows=1018 width=121)
	  ->  Sort  (cost=4000.49..4003.04 rows=1018 width=121)
	        Sort Key: c
	        ->  Bitmap Heap Scan on sbtest4  (cost=34.87..3949.64 rows=1018 width=121)
	              Recheck Cond: ((id >= 3356261) AND (id <= 3357260))
	              ->  Bitmap Index Scan on sbtest4_pkey  (cost=0.00..34.62 rows=1018 width=0)
	                    Index Cond: ((id >= 3356261) AND (id <= 3357260))

table 5 : explain SELECT DISTINCT c FROM sbtest5 WHERE id BETWEEN 1949536 AND 1950535 ORDER BY c
	Unique  (cost=3816.38..3821.23 rows=970 width=121)
	  ->  Sort  (cost=3816.38..3818.81 rows=970 width=121)
	        Sort Key: c
	        ->  Bitmap Heap Scan on sbtest5  (cost=34.38..3768.26 rows=970 width=121)
	              Recheck Cond: ((id >= 1949536) AND (id <= 1950535))
	              ->  Bitmap Index Scan on sbtest5_pkey  (cost=0.00..34.14 rows=970 width=0)
	                    Index Cond: ((id >= 1949536) AND (id <= 1950535))

table 6 : explain SELECT DISTINCT c FROM sbtest6 WHERE id BETWEEN 2562881 AND 2563880 ORDER BY c
	Unique  (cost=3607.15..3611.74 rows=918 width=121)
	  ->  Sort  (cost=3607.15..3609.44 rows=918 width=121)
	        Sort Key: c
	        ->  Bitmap Heap Scan on sbtest6  (cost=29.84..3561.97 rows=918 width=121)
	              Recheck Cond: ((id >= 2562881) AND (id <= 2563880))
	              ->  Bitmap Index Scan on sbtest6_pkey  (cost=0.00..29.61 rows=918 width=0)
	                    Index Cond: ((id >= 2562881) AND (id <= 2563880))

table 7 : explain SELECT DISTINCT c FROM sbtest7 WHERE id BETWEEN 7608246 AND 7609245 ORDER BY c
	Unique  (cost=3896.67..3901.63 rows=993 width=121)
	  ->  Sort  (cost=3896.67..3899.15 rows=993 width=121)
	        Sort Key: c
	        ->  Bitmap Heap Scan on sbtest7  (cost=34.61..3847.24 rows=993 width=121)
	              Recheck Cond: ((id >= 7608246) AND (id <= 7609245))
	              ->  Bitmap Index Scan on sbtest7_pkey  (cost=0.00..34.37 rows=993 width=0)
	                    Index Cond: ((id >= 7608246) AND (id <= 7609245))

table 8 : explain SELECT DISTINCT c FROM sbtest8 WHERE id BETWEEN 4641641 AND 4642640 ORDER BY c
	Unique  (cost=3717.48..3722.21 rows=946 width=121)
	  ->  Sort  (cost=3717.48..3719.84 rows=946 width=121)
	        Sort Key: c
	        ->  Bitmap Heap Scan on sbtest8  (cost=34.13..3670.72 rows=946 width=121)
	              Recheck Cond: ((id >= 4641641) AND (id <= 4642640))
	              ->  Bitmap Index Scan on sbtest8_pkey  (cost=0.00..33.90 rows=946 width=0)
	                    Index Cond: ((id >= 4641641) AND (id <= 4642640))

for point_selects
table 1 : explain SELECT c FROM sbtest1 WHERE id=4730509
	Index Scan using sbtest1_pkey on sbtest1  (cost=0.43..8.45 rows=1 width=121)
	  Index Cond: (id = 4730509)

table 2 : explain SELECT c FROM sbtest2 WHERE id=7317165
	Index Scan using sbtest2_pkey on sbtest2  (cost=0.43..8.45 rows=1 width=121)
	  Index Cond: (id = 7317165)

table 3 : explain SELECT c FROM sbtest3 WHERE id=8169902
	Index Scan using sbtest3_pkey on sbtest3  (cost=0.43..8.45 rows=1 width=121)
	  Index Cond: (id = 8169902)

table 4 : explain SELECT c FROM sbtest4 WHERE id=2540824
	Index Scan using sbtest4_pkey on sbtest4  (cost=0.43..8.45 rows=1 width=121)
	  Index Cond: (id = 2540824)

table 5 : explain SELECT c FROM sbtest5 WHERE id=3356259
	Index Scan using sbtest5_pkey on sbtest5  (cost=0.43..8.45 rows=1 width=121)
	  Index Cond: (id = 3356259)

table 6 : explain SELECT c FROM sbtest6 WHERE id=1071552
	Index Scan using sbtest6_pkey on sbtest6  (cost=0.43..8.45 rows=1 width=121)
	  Index Cond: (id = 1071552)

table 7 : explain SELECT c FROM sbtest7 WHERE id=7760042
	Index Scan using sbtest7_pkey on sbtest7  (cost=0.43..8.45 rows=1 width=121)
	  Index Cond: (id = 7760042)

table 8 : explain SELECT c FROM sbtest8 WHERE id=3621671
	Index Scan using sbtest8_pkey on sbtest8  (cost=0.43..8.45 rows=1 width=121)
	  Index Cond: (id = 3621671)

for: sum_ranges
table 1 : explain SELECT SUM(k) FROM sbtest1 WHERE id BETWEEN 4531360 AND 4532359
	Aggregate  (cost=3831.18..3831.19 rows=1 width=8)
	  ->  Bitmap Heap Scan on sbtest1  (cost=34.56..3828.71 rows=988 width=4)
	        Recheck Cond: ((id >= 4531360) AND (id <= 4532359))
	        ->  Bitmap Index Scan on sbtest1_pkey  (cost=0.00..34.32 rows=988 width=0)
	              Index Cond: ((id >= 4531360) AND (id <= 4532359))

table 2 : explain SELECT SUM(k) FROM sbtest2 WHERE id BETWEEN 272868 AND 273867
	Aggregate  (cost=4005.12..4005.13 rows=1 width=8)
	  ->  Bitmap Heap Scan on sbtest2  (cost=35.03..4002.53 rows=1034 width=4)
	        Recheck Cond: ((id >= 272868) AND (id <= 273867))
	        ->  Bitmap Index Scan on sbtest2_pkey  (cost=0.00..34.78 rows=1034 width=0)
	              Index Cond: ((id >= 272868) AND (id <= 273867))

table 3 : explain SELECT SUM(k) FROM sbtest3 WHERE id BETWEEN 6161655 AND 6162654
	Aggregate  (cost=3960.33..3960.34 rows=1 width=8)
	  ->  Bitmap Heap Scan on sbtest3  (cost=34.91..3957.78 rows=1022 width=4)
	        Recheck Cond: ((id >= 6161655) AND (id <= 6162654))
	        ->  Bitmap Index Scan on sbtest3_pkey  (cost=0.00..34.66 rows=1022 width=0)
	              Index Cond: ((id >= 6161655) AND (id <= 6162654))

table 4 : explain SELECT SUM(k) FROM sbtest4 WHERE id BETWEEN 4807282 AND 4808281
	Aggregate  (cost=3600.18..3600.19 rows=1 width=8)
	  ->  Bitmap Heap Scan on sbtest4  (cost=33.92..3597.86 rows=925 width=4)
	        Recheck Cond: ((id >= 4807282) AND (id <= 4808281))
	        ->  Bitmap Index Scan on sbtest4_pkey  (cost=0.00..33.69 rows=925 width=0)
	              Index Cond: ((id >= 4807282) AND (id <= 4808281))

table 5 : explain SELECT SUM(k) FROM sbtest5 WHERE id BETWEEN 9506380 AND 9507379
	Aggregate  (cost=3974.91..3974.92 rows=1 width=8)
	  ->  Bitmap Heap Scan on sbtest5  (cost=34.93..3972.35 rows=1024 width=4)
	        Recheck Cond: ((id >= 9506380) AND (id <= 9507379))
	        ->  Bitmap Index Scan on sbtest5_pkey  (cost=0.00..34.68 rows=1024 width=0)
	              Index Cond: ((id >= 9506380) AND (id <= 9507379))

table 6 : explain SELECT SUM(k) FROM sbtest6 WHERE id BETWEEN 9136892 AND 9137891
	Aggregate  (cost=4096.61..4096.62 rows=1 width=8)
	  ->  Bitmap Heap Scan on sbtest6  (cost=35.28..4093.96 rows=1058 width=4)
	        Recheck Cond: ((id >= 9136892) AND (id <= 9137891))
	        ->  Bitmap Index Scan on sbtest6_pkey  (cost=0.00..35.02 rows=1058 width=0)
	              Index Cond: ((id >= 9136892) AND (id <= 9137891))

table 7 : explain SELECT SUM(k) FROM sbtest7 WHERE id BETWEEN 2911475 AND 2912474
	Aggregate  (cost=4203.56..4203.57 rows=1 width=8)
	  ->  Bitmap Heap Scan on sbtest7  (cost=35.58..4200.85 rows=1087 width=4)
	        Recheck Cond: ((id >= 2911475) AND (id <= 2912474))
	        ->  Bitmap Index Scan on sbtest7_pkey  (cost=0.00..35.31 rows=1087 width=0)
	              Index Cond: ((id >= 2911475) AND (id <= 2912474))

table 8 : explain SELECT SUM(k) FROM sbtest8 WHERE id BETWEEN 3283539 AND 3284538
	Aggregate  (cost=4001.24..4001.25 rows=1 width=8)
	  ->  Bitmap Heap Scan on sbtest8  (cost=35.02..3998.66 rows=1033 width=4)
	        Recheck Cond: ((id >= 3283539) AND (id <= 3284538))
	        ->  Bitmap Index Scan on sbtest8_pkey  (cost=0.00..34.77 rows=1033 width=0)
	              Index Cond: ((id >= 3283539) AND (id <= 3284538))

for: distinct_ranges
table 1 : explain SELECT DISTINCT c FROM sbtest1 WHERE id BETWEEN 6087033 AND 6088032 ORDER BY c
	Unique  (cost=3517.51..3521.99 rows=895 width=121)
	  ->  Sort  (cost=3517.51..3519.75 rows=895 width=121)
	        Sort Key: c
	        ->  Bitmap Heap Scan on sbtest1  (cost=29.61..3473.63 rows=895 width=121)
	              Recheck Cond: ((id >= 6087033) AND (id <= 6088032))
	              ->  Bitmap Index Scan on sbtest1_pkey  (cost=0.00..29.39 rows=895 width=0)
	                    Index Cond: ((id >= 6087033) AND (id <= 6088032))

table 2 : explain SELECT DISTINCT c FROM sbtest2 WHERE id BETWEEN 9982630 AND 9983629 ORDER BY c
	Unique  (cost=3832.47..3837.35 rows=976 width=121)
	  ->  Sort  (cost=3832.47..3834.91 rows=976 width=121)
	        Sort Key: c
	        ->  Bitmap Heap Scan on sbtest2  (cost=34.44..3784.01 rows=976 width=121)
	              Recheck Cond: ((id >= 9982630) AND (id <= 9983629))
	              ->  Bitmap Index Scan on sbtest2_pkey  (cost=0.00..34.20 rows=976 width=0)
	                    Index Cond: ((id >= 9982630) AND (id <= 9983629))

table 3 : explain SELECT DISTINCT c FROM sbtest3 WHERE id BETWEEN 8374875 AND 8375874 ORDER BY c
	Unique  (cost=3564.39..3568.92 rows=907 width=121)
	  ->  Sort  (cost=3564.39..3566.65 rows=907 width=121)
	        Sort Key: c
	        ->  Bitmap Heap Scan on sbtest3  (cost=29.73..3519.83 rows=907 width=121)
	              Recheck Cond: ((id >= 8374875) AND (id <= 8375874))
	              ->  Bitmap Index Scan on sbtest3_pkey  (cost=0.00..29.50 rows=907 width=0)
	                    Index Cond: ((id >= 8374875) AND (id <= 8375874))

table 4 : explain SELECT DISTINCT c FROM sbtest4 WHERE id BETWEEN 3784021 AND 3785020 ORDER BY c
	Unique  (cost=4463.74..4469.43 rows=1138 width=121)
	  ->  Sort  (cost=4463.74..4466.59 rows=1138 width=121)
	        Sort Key: c
	        ->  Bitmap Heap Scan on sbtest4  (cost=40.10..4405.98 rows=1138 width=121)
	              Recheck Cond: ((id >= 3784021) AND (id <= 3785020))
	              ->  Bitmap Index Scan on sbtest4_pkey  (cost=0.00..39.82 rows=1138 width=0)
	                    Index Cond: ((id >= 3784021) AND (id <= 3785020))

table 5 : explain SELECT DISTINCT c FROM sbtest5 WHERE id BETWEEN 8498592 AND 8499591 ORDER BY c
	Unique  (cost=3954.53..3959.56 rows=1006 width=121)
	  ->  Sort  (cost=3954.53..3957.04 rows=1006 width=121)
	        Sort Key: c
	        ->  Bitmap Heap Scan on sbtest5  (cost=34.75..3904.36 rows=1006 width=121)
	              Recheck Cond: ((id >= 8498592) AND (id <= 8499591))
	              ->  Bitmap Index Scan on sbtest5_pkey  (cost=0.00..34.50 rows=1006 width=0)
	                    Index Cond: ((id >= 8498592) AND (id <= 8499591))

table 6 : explain SELECT DISTINCT c FROM sbtest6 WHERE id BETWEEN 3706207 AND 3707206 ORDER BY c
	Unique  (cost=3806.67..3811.51 rows=969 width=121)
	  ->  Sort  (cost=3806.67..3809.09 rows=969 width=121)
	        Sort Key: c
	        ->  Bitmap Heap Scan on sbtest6  (cost=34.37..3758.61 rows=969 width=121)
	              Recheck Cond: ((id >= 3706207) AND (id <= 3707206))
	              ->  Bitmap Index Scan on sbtest6_pkey  (cost=0.00..34.12 rows=969 width=0)
	                    Index Cond: ((id >= 3706207) AND (id <= 3707206))

table 7 : explain SELECT DISTINCT c FROM sbtest7 WHERE id BETWEEN 6234339 AND 6235338 ORDER BY c
	Unique  (cost=3931.09..3936.10 rows=1002 width=121)
	  ->  Sort  (cost=3931.09..3933.59 rows=1002 width=121)
	        Sort Key: c
	        ->  Bitmap Heap Scan on sbtest7  (cost=34.71..3881.14 rows=1002 width=121)
	              Recheck Cond: ((id >= 6234339) AND (id <= 6235338))
	              ->  Bitmap Index Scan on sbtest7_pkey  (cost=0.00..34.45 rows=1002 width=0)
	                    Index Cond: ((id >= 6234339) AND (id <= 6235338))

table 8 : explain SELECT DISTINCT c FROM sbtest8 WHERE id BETWEEN 4113241 AND 4114240 ORDER BY c
	Unique  (cost=4031.26..4036.40 rows=1028 width=121)
	  ->  Sort  (cost=4031.26..4033.83 rows=1028 width=121)
	        Sort Key: c
	        ->  Bitmap Heap Scan on sbtest8  (cost=34.97..3979.83 rows=1028 width=121)
	              Recheck Cond: ((id >= 4113241) AND (id <= 4114240))
	              ->  Bitmap Index Scan on sbtest8_pkey  (cost=0.00..34.72 rows=1028 width=0)
	                    Index Cond: ((id >= 4113241) AND (id <= 4114240))

for: order_ranges
table 1 : explain SELECT c FROM sbtest1 WHERE id BETWEEN 7297108 AND 7298107 ORDER BY c
	Sort  (cost=3854.90..3857.36 rows=982 width=121)
	  Sort Key: c
	  ->  Bitmap Heap Scan on sbtest1  (cost=34.50..3806.10 rows=982 width=121)
	        Recheck Cond: ((id >= 7297108) AND (id <= 7298107))
	        ->  Bitmap Index Scan on sbtest1_pkey  (cost=0.00..34.26 rows=982 width=0)
	              Index Cond: ((id >= 7297108) AND (id <= 7298107))

table 2 : explain SELECT c FROM sbtest2 WHERE id BETWEEN 8891089 AND 8892088 ORDER BY c
	Sort  (cost=3763.55..3765.94 rows=958 width=121)
	  Sort Key: c
	  ->  Bitmap Heap Scan on sbtest2  (cost=34.25..3716.11 rows=958 width=121)
	        Recheck Cond: ((id >= 8891089) AND (id <= 8892088))
	        ->  Bitmap Index Scan on sbtest2_pkey  (cost=0.00..34.02 rows=958 width=0)
	              Index Cond: ((id >= 8891089) AND (id <= 8892088))

table 3 : explain SELECT c FROM sbtest3 WHERE id BETWEEN 6876042 AND 6877041 ORDER BY c
	Sort  (cost=4127.32..4129.96 rows=1053 width=121)
	  Sort Key: c
	  ->  Bitmap Heap Scan on sbtest3  (cost=35.23..4074.46 rows=1053 width=121)
	        Recheck Cond: ((id >= 6876042) AND (id <= 6877041))
	        ->  Bitmap Index Scan on sbtest3_pkey  (cost=0.00..34.97 rows=1053 width=0)
	              Index Cond: ((id >= 6876042) AND (id <= 6877041))

table 4 : explain SELECT c FROM sbtest4 WHERE id BETWEEN 765902 AND 766901 ORDER BY c
	Sort  (cost=3912.28..3914.77 rows=995 width=121)
	  Sort Key: c
	  ->  Bitmap Heap Scan on sbtest4  (cost=34.63..3862.74 rows=995 width=121)
	        Recheck Cond: ((id >= 765902) AND (id <= 766901))
	        ->  Bitmap Index Scan on sbtest4_pkey  (cost=0.00..34.39 rows=995 width=0)
	              Index Cond: ((id >= 765902) AND (id <= 766901))

table 5 : explain SELECT c FROM sbtest5 WHERE id BETWEEN 3944391 AND 3945390 ORDER BY c
	Sort  (cost=4111.68..4114.30 rows=1047 width=121)
	  Sort Key: c
	  ->  Bitmap Heap Scan on sbtest5  (cost=35.17..4059.16 rows=1047 width=121)
	        Recheck Cond: ((id >= 3944391) AND (id <= 3945390))
	        ->  Bitmap Index Scan on sbtest5_pkey  (cost=0.00..34.91 rows=1047 width=0)
	              Index Cond: ((id >= 3944391) AND (id <= 3945390))

table 6 : explain SELECT c FROM sbtest6 WHERE id BETWEEN 5078796 AND 5079795 ORDER BY c
	Sort  (cost=3661.02..3663.35 rows=931 width=121)
	  Sort Key: c
	  ->  Bitmap Heap Scan on sbtest6  (cost=33.98..3615.11 rows=931 width=121)
	        Recheck Cond: ((id >= 5078796) AND (id <= 5079795))
	        ->  Bitmap Index Scan on sbtest6_pkey  (cost=0.00..33.75 rows=931 width=0)
	              Index Cond: ((id >= 5078796) AND (id <= 5079795))

table 7 : explain SELECT c FROM sbtest7 WHERE id BETWEEN 7377953 AND 7378952 ORDER BY c
	Sort  (cost=3854.59..3857.04 rows=982 width=121)
	  Sort Key: c
	  ->  Bitmap Heap Scan on sbtest7  (cost=34.50..3805.79 rows=982 width=121)
	        Recheck Cond: ((id >= 7377953) AND (id <= 7378952))
	        ->  Bitmap Index Scan on sbtest7_pkey  (cost=0.00..34.26 rows=982 width=0)
	              Index Cond: ((id >= 7377953) AND (id <= 7378952))

table 8 : explain SELECT c FROM sbtest8 WHERE id BETWEEN 1636228 AND 1637227 ORDER BY c
	Sort  (cost=3874.47..3876.94 rows=987 width=121)
	  Sort Key: c
	  ->  Bitmap Heap Scan on sbtest8  (cost=34.55..3825.38 rows=987 width=121)
	        Recheck Cond: ((id >= 1636228) AND (id <= 1637227))
	        ->  Bitmap Index Scan on sbtest8_pkey  (cost=0.00..34.31 rows=987 width=0)
	              Index Cond: ((id >= 1636228) AND (id <= 1637227))

for: order_ranges
table 1 : explain SELECT c FROM sbtest1 WHERE id BETWEEN 2436678 AND 2437677 ORDER BY c
	Sort  (cost=4229.33..4232.03 rows=1080 width=121)
	  Sort Key: c
	  ->  Bitmap Heap Scan on sbtest1  (cost=35.51..4174.91 rows=1080 width=121)
	        Recheck Cond: ((id >= 2436678) AND (id <= 2437677))
	        ->  Bitmap Index Scan on sbtest1_pkey  (cost=0.00..35.23 rows=1080 width=0)
	              Index Cond: ((id >= 2436678) AND (id <= 2437677))

table 2 : explain SELECT c FROM sbtest2 WHERE id BETWEEN 1338198 AND 1339197 ORDER BY c
	Sort  (cost=3947.26..3949.78 rows=1006 width=121)
	  Sort Key: c
	  ->  Bitmap Heap Scan on sbtest2  (cost=34.75..3897.09 rows=1006 width=121)
	        Recheck Cond: ((id >= 1338198) AND (id <= 1339197))
	        ->  Bitmap Index Scan on sbtest2_pkey  (cost=0.00..34.50 rows=1006 width=0)
	              Index Cond: ((id >= 1338198) AND (id <= 1339197))

table 3 : explain SELECT c FROM sbtest3 WHERE id BETWEEN 1160371 AND 1161370 ORDER BY c
	Sort  (cost=3756.27..3758.66 rows=956 width=121)
	  Sort Key: c
	  ->  Bitmap Heap Scan on sbtest3  (cost=34.23..3708.94 rows=956 width=121)
	        Recheck Cond: ((id >= 1160371) AND (id <= 1161370))
	        ->  Bitmap Index Scan on sbtest3_pkey  (cost=0.00..34.00 rows=956 width=0)
	              Index Cond: ((id >= 1160371) AND (id <= 1161370))

table 4 : explain SELECT c FROM sbtest4 WHERE id BETWEEN 1903825 AND 1904824 ORDER BY c
	Sort  (cost=3923.79..3926.29 rows=998 width=121)
	  Sort Key: c
	  ->  Bitmap Heap Scan on sbtest4  (cost=34.66..3874.08 rows=998 width=121)
	        Recheck Cond: ((id >= 1903825) AND (id <= 1904824))
	        ->  Bitmap Index Scan on sbtest4_pkey  (cost=0.00..34.42 rows=998 width=0)
	              Index Cond: ((id >= 1903825) AND (id <= 1904824))

table 5 : explain SELECT c FROM sbtest5 WHERE id BETWEEN 6024459 AND 6025458 ORDER BY c
	Sort  (cost=3712.67..3715.03 rows=943 width=121)
	  Sort Key: c
	  ->  Bitmap Heap Scan on sbtest5  (cost=34.10..3666.08 rows=943 width=121)
	        Recheck Cond: ((id >= 6024459) AND (id <= 6025458))
	        ->  Bitmap Index Scan on sbtest5_pkey  (cost=0.00..33.87 rows=943 width=0)
	              Index Cond: ((id >= 6024459) AND (id <= 6025458))

table 6 : explain SELECT c FROM sbtest6 WHERE id BETWEEN 6820860 AND 6821859 ORDER BY c
	Sort  (cost=3910.05..3912.54 rows=996 width=121)
	  Sort Key: c
	  ->  Bitmap Heap Scan on sbtest6  (cost=34.64..3860.45 rows=996 width=121)
	        Recheck Cond: ((id >= 6820860) AND (id <= 6821859))
	        ->  Bitmap Index Scan on sbtest6_pkey  (cost=0.00..34.40 rows=996 width=0)
	              Index Cond: ((id >= 6820860) AND (id <= 6821859))

table 7 : explain SELECT c FROM sbtest7 WHERE id BETWEEN 2591928 AND 2592927 ORDER BY c
	Sort  (cost=4103.03..4105.65 rows=1047 width=121)
	  Sort Key: c
	  ->  Bitmap Heap Scan on sbtest7  (cost=35.17..4050.51 rows=1047 width=121)
	        Recheck Cond: ((id >= 2591928) AND (id <= 2592927))
	        ->  Bitmap Index Scan on sbtest7_pkey  (cost=0.00..34.91 rows=1047 width=0)
	              Index Cond: ((id >= 2591928) AND (id <= 2592927))

table 8 : explain SELECT c FROM sbtest8 WHERE id BETWEEN 7837614 AND 7838613 ORDER BY c
	Sort  (cost=3801.74..3804.16 rows=968 width=121)
	  Sort Key: c
	  ->  Bitmap Heap Scan on sbtest8  (cost=34.36..3753.74 rows=968 width=121)
	        Recheck Cond: ((id >= 7837614) AND (id <= 7838613))
	        ->  Bitmap Index Scan on sbtest8_pkey  (cost=0.00..34.12 rows=968 width=0)
	              Index Cond: ((id >= 7837614) AND (id <= 7838613))

for point_selects
table 1 : explain SELECT c FROM sbtest1 WHERE id=7354411
	Index Scan using sbtest1_pkey on sbtest1  (cost=0.43..8.45 rows=1 width=121)
	  Index Cond: (id = 7354411)

table 2 : explain SELECT c FROM sbtest2 WHERE id=133980
	Index Scan using sbtest2_pkey on sbtest2  (cost=0.43..8.45 rows=1 width=121)
	  Index Cond: (id = 133980)

table 3 : explain SELECT c FROM sbtest3 WHERE id=6662293
	Index Scan using sbtest3_pkey on sbtest3  (cost=0.43..8.45 rows=1 width=121)
	  Index Cond: (id = 6662293)

table 4 : explain SELECT c FROM sbtest4 WHERE id=2335977
	Index Scan using sbtest4_pkey on sbtest4  (cost=0.43..8.45 rows=1 width=121)
	  Index Cond: (id = 2335977)

table 5 : explain SELECT c FROM sbtest5 WHERE id=9453338
	Index Scan using sbtest5_pkey on sbtest5  (cost=0.43..8.45 rows=1 width=121)
	  Index Cond: (id = 9453338)

table 6 : explain SELECT c FROM sbtest6 WHERE id=1284974
	Index Scan using sbtest6_pkey on sbtest6  (cost=0.43..8.45 rows=1 width=121)
	  Index Cond: (id = 1284974)

table 7 : explain SELECT c FROM sbtest7 WHERE id=7457831
	Index Scan using sbtest7_pkey on sbtest7  (cost=0.43..8.45 rows=1 width=121)
	  Index Cond: (id = 7457831)

table 8 : explain SELECT c FROM sbtest8 WHERE id=2613946
	Index Scan using sbtest8_pkey on sbtest8  (cost=0.43..8.45 rows=1 width=121)
	  Index Cond: (id = 2613946)

explain: for point_selects :: explain SELECT c FROM sbtest%u WHERE id=%u
for: sum_ranges
table 1 : explain SELECT SUM(k) FROM sbtest1 WHERE id BETWEEN 9636111 AND 9637110
	Aggregate  (cost=4331.68..4331.69 rows=1 width=8)
	  ->  Bitmap Heap Scan on sbtest1  (cost=35.94..4328.88 rows=1122 width=4)
	        Recheck Cond: ((id >= 9636111) AND (id <= 9637110))
	        ->  Bitmap Index Scan on sbtest1_pkey  (cost=0.00..35.66 rows=1122 width=0)
	              Index Cond: ((id >= 9636111) AND (id <= 9637110))

table 2 : explain SELECT SUM(k) FROM sbtest2 WHERE id BETWEEN 6779744 AND 6780743
	Aggregate  (cost=3710.95..3710.96 rows=1 width=8)
	  ->  Bitmap Heap Scan on sbtest2  (cost=34.23..3708.56 rows=956 width=4)
	        Recheck Cond: ((id >= 6779744) AND (id <= 6780743))
	        ->  Bitmap Index Scan on sbtest2_pkey  (cost=0.00..34.00 rows=956 width=0)
	              Index Cond: ((id >= 6779744) AND (id <= 6780743))

table 3 : explain SELECT SUM(k) FROM sbtest3 WHERE id BETWEEN 8321559 AND 8322558
	Aggregate  (cost=3590.18..3590.19 rows=1 width=8)
	  ->  Bitmap Heap Scan on sbtest3  (cost=29.92..3587.87 rows=925 width=4)
	        Recheck Cond: ((id >= 8321559) AND (id <= 8322558))
	        ->  Bitmap Index Scan on sbtest3_pkey  (cost=0.00..29.68 rows=925 width=0)
	              Index Cond: ((id >= 8321559) AND (id <= 8322558))

table 4 : explain SELECT SUM(k) FROM sbtest4 WHERE id BETWEEN 4491062 AND 4492061
	Aggregate  (cost=3653.24..3653.25 rows=1 width=8)
	  ->  Bitmap Heap Scan on sbtest4  (cost=34.06..3650.89 rows=939 width=4)
	        Recheck Cond: ((id >= 4491062) AND (id <= 4492061))
	        ->  Bitmap Index Scan on sbtest4_pkey  (cost=0.00..33.83 rows=939 width=0)
	              Index Cond: ((id >= 4491062) AND (id <= 4492061))

table 5 : explain SELECT SUM(k) FROM sbtest5 WHERE id BETWEEN 3627555 AND 3628554
	Aggregate  (cost=3842.58..3842.59 rows=1 width=8)
	  ->  Bitmap Heap Scan on sbtest5  (cost=34.57..3840.11 rows=989 width=4)
	        Recheck Cond: ((id >= 3627555) AND (id <= 3628554))
	        ->  Bitmap Index Scan on sbtest5_pkey  (cost=0.00..34.33 rows=989 width=0)
	              Index Cond: ((id >= 3627555) AND (id <= 3628554))

table 6 : explain SELECT SUM(k) FROM sbtest6 WHERE id BETWEEN 8030601 AND 8031600
	Aggregate  (cost=3851.62..3851.63 rows=1 width=8)
	  ->  Bitmap Heap Scan on sbtest6  (cost=34.61..3849.14 rows=993 width=4)
	        Recheck Cond: ((id >= 8030601) AND (id <= 8031600))
	        ->  Bitmap Index Scan on sbtest6_pkey  (cost=0.00..34.37 rows=993 width=0)
	              Index Cond: ((id >= 8030601) AND (id <= 8031600))

table 7 : explain SELECT SUM(k) FROM sbtest7 WHERE id BETWEEN 7765392 AND 7766391
	Aggregate  (cost=4000.43..4000.44 rows=1 width=8)
	  ->  Bitmap Heap Scan on sbtest7  (cost=35.02..3997.85 rows=1033 width=4)
	        Recheck Cond: ((id >= 7765392) AND (id <= 7766391))
	        ->  Bitmap Index Scan on sbtest7_pkey  (cost=0.00..34.77 rows=1033 width=0)
	              Index Cond: ((id >= 7765392) AND (id <= 7766391))

table 8 : explain SELECT SUM(k) FROM sbtest8 WHERE id BETWEEN 9349091 AND 9350090
	Aggregate  (cost=4020.07..4020.08 rows=1 width=8)
	  ->  Bitmap Heap Scan on sbtest8  (cost=35.07..4017.47 rows=1038 width=4)
	        Recheck Cond: ((id >= 9349091) AND (id <= 9350090))
	        ->  Bitmap Index Scan on sbtest8_pkey  (cost=0.00..34.82 rows=1038 width=0)
	              Index Cond: ((id >= 9349091) AND (id <= 9350090))

for point_selects
table 1 : explain SELECT c FROM sbtest1 WHERE id=7672105
	Index Scan using sbtest1_pkey on sbtest1  (cost=0.43..8.45 rows=1 width=121)
	  Index Cond: (id = 7672105)

table 2 : explain SELECT c FROM sbtest2 WHERE id=6944707
	Index Scan using sbtest2_pkey on sbtest2  (cost=0.43..8.45 rows=1 width=121)
	  Index Cond: (id = 6944707)

table 3 : explain SELECT c FROM sbtest3 WHERE id=2110439
	Index Scan using sbtest3_pkey on sbtest3  (cost=0.43..8.45 rows=1 width=121)
	  Index Cond: (id = 2110439)

table 4 : explain SELECT c FROM sbtest4 WHERE id=7311284
	Index Scan using sbtest4_pkey on sbtest4  (cost=0.43..8.45 rows=1 width=121)
	  Index Cond: (id = 7311284)

table 5 : explain SELECT c FROM sbtest5 WHERE id=4370604
	Index Scan using sbtest5_pkey on sbtest5  (cost=0.43..8.45 rows=1 width=121)
	  Index Cond: (id = 4370604)

table 6 : explain SELECT c FROM sbtest6 WHERE id=7162960
	Index Scan using sbtest6_pkey on sbtest6  (cost=0.43..8.45 rows=1 width=121)
	  Index Cond: (id = 7162960)

table 7 : explain SELECT c FROM sbtest7 WHERE id=2652940
	Index Scan using sbtest7_pkey on sbtest7  (cost=0.43..8.45 rows=1 width=121)
	  Index Cond: (id = 2652940)

table 8 : explain SELECT c FROM sbtest8 WHERE id=3931071
	Index Scan using sbtest8_pkey on sbtest8  (cost=0.43..8.45 rows=1 width=121)
	  Index Cond: (id = 3931071)

for: order_ranges
table 1 : explain SELECT c FROM sbtest1 WHERE id BETWEEN 2292060 AND 2293059 ORDER BY c
	Sort  (cost=4069.00..4071.59 rows=1038 width=121)
	  Sort Key: c
	  ->  Bitmap Heap Scan on sbtest1  (cost=35.07..4017.00 rows=1038 width=121)
	        Recheck Cond: ((id >= 2292060) AND (id <= 2293059))
	        ->  Bitmap Index Scan on sbtest1_pkey  (cost=0.00..34.82 rows=1038 width=0)
	              Index Cond: ((id >= 2292060) AND (id <= 2293059))

table 2 : explain SELECT c FROM sbtest2 WHERE id BETWEEN 2074556 AND 2075555 ORDER BY c
	Sort  (cost=3809.50..3811.93 rows=970 width=121)
	  Sort Key: c
	  ->  Bitmap Heap Scan on sbtest2  (cost=34.38..3761.38 rows=970 width=121)
	        Recheck Cond: ((id >= 2074556) AND (id <= 2075555))
	        ->  Bitmap Index Scan on sbtest2_pkey  (cost=0.00..34.14 rows=970 width=0)
	              Index Cond: ((id >= 2074556) AND (id <= 2075555))

table 3 : explain SELECT c FROM sbtest3 WHERE id BETWEEN 7414594 AND 7415593 ORDER BY c
	Sort  (cost=4157.88..4160.53 rows=1061 width=121)
	  Sort Key: c
	  ->  Bitmap Heap Scan on sbtest3  (cost=35.31..4104.55 rows=1061 width=121)
	        Recheck Cond: ((id >= 7414594) AND (id <= 7415593))
	        ->  Bitmap Index Scan on sbtest3_pkey  (cost=0.00..35.05 rows=1061 width=0)
	              Index Cond: ((id >= 7414594) AND (id <= 7415593))

table 4 : explain SELECT c FROM sbtest4 WHERE id BETWEEN 1259400 AND 1260399 ORDER BY c
	Sort  (cost=4092.47..4095.08 rows=1042 width=121)
	  Sort Key: c
	  ->  Bitmap Heap Scan on sbtest4  (cost=35.12..4040.24 rows=1042 width=121)
	        Recheck Cond: ((id >= 1259400) AND (id <= 1260399))
	        ->  Bitmap Index Scan on sbtest4_pkey  (cost=0.00..34.86 rows=1042 width=0)
	              Index Cond: ((id >= 1259400) AND (id <= 1260399))

table 5 : explain SELECT c FROM sbtest5 WHERE id BETWEEN 9162890 AND 9163889 ORDER BY c
	Sort  (cost=4352.97..4355.74 rows=1109 width=121)
	  Sort Key: c
	  ->  Bitmap Heap Scan on sbtest5  (cost=39.80..4296.88 rows=1109 width=121)
	        Recheck Cond: ((id >= 9162890) AND (id <= 9163889))
	        ->  Bitmap Index Scan on sbtest5_pkey  (cost=0.00..39.53 rows=1109 width=0)
	              Index Cond: ((id >= 9162890) AND (id <= 9163889))

table 6 : explain SELECT c FROM sbtest6 WHERE id BETWEEN 4100638 AND 4101637 ORDER BY c
	Sort  (cost=3710.87..3713.23 rows=944 width=121)
	  Sort Key: c
	  ->  Bitmap Heap Scan on sbtest6  (cost=34.11..3664.22 rows=944 width=121)
	        Recheck Cond: ((id >= 4100638) AND (id <= 4101637))
	        ->  Bitmap Index Scan on sbtest6_pkey  (cost=0.00..33.88 rows=944 width=0)
	              Index Cond: ((id >= 4100638) AND (id <= 4101637))

table 7 : explain SELECT c FROM sbtest7 WHERE id BETWEEN 8522489 AND 8523488 ORDER BY c
	Sort  (cost=4286.17..4288.91 rows=1095 width=121)
	  Sort Key: c
	  ->  Bitmap Heap Scan on sbtest7  (cost=35.66..4230.89 rows=1095 width=121)
	        Recheck Cond: ((id >= 8522489) AND (id <= 8523488))
	        ->  Bitmap Index Scan on sbtest7_pkey  (cost=0.00..35.39 rows=1095 width=0)
	              Index Cond: ((id >= 8522489) AND (id <= 8523488))

table 8 : explain SELECT c FROM sbtest8 WHERE id BETWEEN 5679935 AND 5680934 ORDER BY c
	Sort  (cost=3840.03..3842.47 rows=978 width=121)
	  Sort Key: c
	  ->  Bitmap Heap Scan on sbtest8  (cost=34.46..3791.45 rows=978 width=121)
	        Recheck Cond: ((id >= 5679935) AND (id <= 5680934))
	        ->  Bitmap Index Scan on sbtest8_pkey  (cost=0.00..34.22 rows=978 width=0)
	              Index Cond: ((id >= 5679935) AND (id <= 5680934))

for: order_ranges
table 1 : explain SELECT c FROM sbtest1 WHERE id BETWEEN 3801939 AND 3802938 ORDER BY c
	Sort  (cost=4336.18..4338.95 rows=1109 width=121)
	  Sort Key: c
	  ->  Bitmap Heap Scan on sbtest1  (cost=35.80..4280.09 rows=1109 width=121)
	        Recheck Cond: ((id >= 3801939) AND (id <= 3802938))
	        ->  Bitmap Index Scan on sbtest1_pkey  (cost=0.00..35.53 rows=1109 width=0)
	              Index Cond: ((id >= 3801939) AND (id <= 3802938))

table 2 : explain SELECT c FROM sbtest2 WHERE id BETWEEN 5525848 AND 5526847 ORDER BY c
	Sort  (cost=4012.26..4014.82 rows=1023 width=121)
	  Sort Key: c
	  ->  Bitmap Heap Scan on sbtest2  (cost=34.92..3961.12 rows=1023 width=121)
	        Recheck Cond: ((id >= 5525848) AND (id <= 5526847))
	        ->  Bitmap Index Scan on sbtest2_pkey  (cost=0.00..34.67 rows=1023 width=0)
	              Index Cond: ((id >= 5525848) AND (id <= 5526847))

table 3 : explain SELECT c FROM sbtest3 WHERE id BETWEEN 5096703 AND 5097702 ORDER BY c
	Sort  (cost=3989.74..3992.29 rows=1017 width=121)
	  Sort Key: c
	  ->  Bitmap Heap Scan on sbtest3  (cost=34.86..3938.94 rows=1017 width=121)
	        Recheck Cond: ((id >= 5096703) AND (id <= 5097702))
	        ->  Bitmap Index Scan on sbtest3_pkey  (cost=0.00..34.61 rows=1017 width=0)
	              Index Cond: ((id >= 5096703) AND (id <= 5097702))

table 4 : explain SELECT c FROM sbtest4 WHERE id BETWEEN 1553775 AND 1554774 ORDER BY c
	Sort  (cost=3965.98..3968.50 rows=1009 width=121)
	  Sort Key: c
	  ->  Bitmap Heap Scan on sbtest4  (cost=34.78..3915.64 rows=1009 width=121)
	        Recheck Cond: ((id >= 1553775) AND (id <= 1554774))
	        ->  Bitmap Index Scan on sbtest4_pkey  (cost=0.00..34.53 rows=1009 width=0)
	              Index Cond: ((id >= 1553775) AND (id <= 1554774))

table 5 : explain SELECT c FROM sbtest5 WHERE id BETWEEN 9002898 AND 9003897 ORDER BY c
	Sort  (cost=3639.64..3641.95 rows=924 width=121)
	  Sort Key: c
	  ->  Bitmap Heap Scan on sbtest5  (cost=33.91..3594.12 rows=924 width=121)
	        Recheck Cond: ((id >= 9002898) AND (id <= 9003897))
	        ->  Bitmap Index Scan on sbtest5_pkey  (cost=0.00..33.68 rows=924 width=0)
	              Index Cond: ((id >= 9002898) AND (id <= 9003897))

table 6 : explain SELECT c FROM sbtest6 WHERE id BETWEEN 4779557 AND 4780556 ORDER BY c
	Sort  (cost=4192.94..4195.62 rows=1070 width=121)
	  Sort Key: c
	  ->  Bitmap Heap Scan on sbtest6  (cost=35.40..4139.10 rows=1070 width=121)
	        Recheck Cond: ((id >= 4779557) AND (id <= 4780556))
	        ->  Bitmap Index Scan on sbtest6_pkey  (cost=0.00..35.14 rows=1070 width=0)
	              Index Cond: ((id >= 4779557) AND (id <= 4780556))

table 7 : explain SELECT c FROM sbtest7 WHERE id BETWEEN 8563548 AND 8564547 ORDER BY c
	Sort  (cost=3409.75..3411.92 rows=867 width=121)
	  Sort Key: c
	  ->  Bitmap Heap Scan on sbtest7  (cost=29.32..3367.44 rows=867 width=121)
	        Recheck Cond: ((id >= 8563548) AND (id <= 8564547))
	        ->  Bitmap Index Scan on sbtest7_pkey  (cost=0.00..29.11 rows=867 width=0)
	              Index Cond: ((id >= 8563548) AND (id <= 8564547))

table 8 : explain SELECT c FROM sbtest8 WHERE id BETWEEN 3761533 AND 3762532 ORDER BY c
	Sort  (cost=3782.60..3785.00 rows=963 width=121)
	  Sort Key: c
	  ->  Bitmap Heap Scan on sbtest8  (cost=34.31..3734.87 rows=963 width=121)
	        Recheck Cond: ((id >= 3761533) AND (id <= 3762532))
	        ->  Bitmap Index Scan on sbtest8_pkey  (cost=0.00..34.07 rows=963 width=0)
	              Index Cond: ((id >= 3761533) AND (id <= 3762532))

for point_selects
table 1 : explain SELECT c FROM sbtest1 WHERE id=6876954
	Index Scan using sbtest1_pkey on sbtest1  (cost=0.43..8.45 rows=1 width=121)
	  Index Cond: (id = 6876954)

table 2 : explain SELECT c FROM sbtest2 WHERE id=9374627
	Index Scan using sbtest2_pkey on sbtest2  (cost=0.43..8.45 rows=1 width=121)
	  Index Cond: (id = 9374627)

table 3 : explain SELECT c FROM sbtest3 WHERE id=2015355
	Index Scan using sbtest3_pkey on sbtest3  (cost=0.43..8.45 rows=1 width=121)
	  Index Cond: (id = 2015355)

table 4 : explain SELECT c FROM sbtest4 WHERE id=265036
	Index Scan using sbtest4_pkey on sbtest4  (cost=0.43..8.45 rows=1 width=121)
	  Index Cond: (id = 265036)

table 5 : explain SELECT c FROM sbtest5 WHERE id=9371942
	Index Scan using sbtest5_pkey on sbtest5  (cost=0.43..8.45 rows=1 width=121)
	  Index Cond: (id = 9371942)

table 6 : explain SELECT c FROM sbtest6 WHERE id=115036
	Index Scan using sbtest6_pkey on sbtest6  (cost=0.43..8.45 rows=1 width=121)
	  Index Cond: (id = 115036)

table 7 : explain SELECT c FROM sbtest7 WHERE id=6366396
	Index Scan using sbtest7_pkey on sbtest7  (cost=0.43..8.45 rows=1 width=121)
	  Index Cond: (id = 6366396)

table 8 : explain SELECT c FROM sbtest8 WHERE id=6487509
	Index Scan using sbtest8_pkey on sbtest8  (cost=0.43..8.45 rows=1 width=121)
	  Index Cond: (id = 6487509)

for: simple_ranges
table 1 : explain SELECT c FROM sbtest1 WHERE id BETWEEN 9176098 AND 9177097
	Bitmap Heap Scan on sbtest1  (cost=35.48..4167.40 rows=1078 width=121)
	  Recheck Cond: ((id >= 9176098) AND (id <= 9177097))
	  ->  Bitmap Index Scan on sbtest1_pkey  (cost=0.00..35.22 rows=1078 width=0)
	        Index Cond: ((id >= 9176098) AND (id <= 9177097))

table 2 : explain SELECT c FROM sbtest2 WHERE id BETWEEN 2988979 AND 2989978
	Bitmap Heap Scan on sbtest2  (cost=34.54..3821.72 rows=986 width=121)
	  Recheck Cond: ((id >= 2988979) AND (id <= 2989978))
	  ->  Bitmap Index Scan on sbtest2_pkey  (cost=0.00..34.30 rows=986 width=0)
	        Index Cond: ((id >= 2988979) AND (id <= 2989978))

table 3 : explain SELECT c FROM sbtest3 WHERE id BETWEEN 6987096 AND 6988095
	Bitmap Heap Scan on sbtest3  (cost=34.14..3674.96 rows=947 width=121)
	  Recheck Cond: ((id >= 6987096) AND (id <= 6988095))
	  ->  Bitmap Index Scan on sbtest3_pkey  (cost=0.00..33.91 rows=947 width=0)
	        Index Cond: ((id >= 6987096) AND (id <= 6988095))

table 4 : explain SELECT c FROM sbtest4 WHERE id BETWEEN 9038051 AND 9039050
	Bitmap Heap Scan on sbtest4  (cost=35.08..4028.92 rows=1039 width=121)
	  Recheck Cond: ((id >= 9038051) AND (id <= 9039050))
	  ->  Bitmap Index Scan on sbtest4_pkey  (cost=0.00..34.83 rows=1039 width=0)
	        Index Cond: ((id >= 9038051) AND (id <= 9039050))

table 5 : explain SELECT c FROM sbtest5 WHERE id BETWEEN 2099107 AND 2100106
	Bitmap Heap Scan on sbtest5  (cost=34.55..3832.55 rows=987 width=121)
	  Recheck Cond: ((id >= 2099107) AND (id <= 2100106))
	  ->  Bitmap Index Scan on sbtest5_pkey  (cost=0.00..34.31 rows=987 width=0)
	        Index Cond: ((id >= 2099107) AND (id <= 2100106))

table 6 : explain SELECT c FROM sbtest6 WHERE id BETWEEN 6369680 AND 6370679
	Bitmap Heap Scan on sbtest6  (cost=35.19..4060.10 rows=1049 width=121)
	  Recheck Cond: ((id >= 6369680) AND (id <= 6370679))
	  ->  Bitmap Index Scan on sbtest6_pkey  (cost=0.00..34.93 rows=1049 width=0)
	        Index Cond: ((id >= 6369680) AND (id <= 6370679))

table 7 : explain SELECT c FROM sbtest7 WHERE id BETWEEN 9303541 AND 9304540
	Bitmap Heap Scan on sbtest7  (cost=35.11..4027.94 rows=1041 width=121)
	  Recheck Cond: ((id >= 9303541) AND (id <= 9304540))
	  ->  Bitmap Index Scan on sbtest7_pkey  (cost=0.00..34.84 rows=1041 width=0)
	        Index Cond: ((id >= 9303541) AND (id <= 9304540))

table 8 : explain SELECT c FROM sbtest8 WHERE id BETWEEN 7843665 AND 7844664
	Bitmap Heap Scan on sbtest8  (cost=34.36..3753.74 rows=968 width=121)
	  Recheck Cond: ((id >= 7843665) AND (id <= 7844664))
	  ->  Bitmap Index Scan on sbtest8_pkey  (cost=0.00..34.12 rows=968 width=0)
	        Index Cond: ((id >= 7843665) AND (id <= 7844664))

for: distinct_ranges
table 1 : explain SELECT DISTINCT c FROM sbtest1 WHERE id BETWEEN 1509461 AND 1510460 ORDER BY c
	Unique  (cost=3984.93..3990.01 rows=1016 width=121)
	  ->  Sort  (cost=3984.93..3987.47 rows=1016 width=121)
	        Sort Key: c
	        ->  Bitmap Heap Scan on sbtest1  (cost=34.85..3934.19 rows=1016 width=121)
	              Recheck Cond: ((id >= 1509461) AND (id <= 1510460))
	              ->  Bitmap Index Scan on sbtest1_pkey  (cost=0.00..34.59 rows=1016 width=0)
	                    Index Cond: ((id >= 1509461) AND (id <= 1510460))

table 2 : explain SELECT DISTINCT c FROM sbtest2 WHERE id BETWEEN 2623687 AND 2624686 ORDER BY c
	Unique  (cost=3775.04..3779.84 rows=961 width=121)
	  ->  Sort  (cost=3775.04..3777.44 rows=961 width=121)
	        Sort Key: c
	        ->  Bitmap Heap Scan on sbtest2  (cost=34.29..3727.43 rows=961 width=121)
	              Recheck Cond: ((id >= 2623687) AND (id <= 2624686))
	              ->  Bitmap Index Scan on sbtest2_pkey  (cost=0.00..34.05 rows=961 width=0)
	                    Index Cond: ((id >= 2623687) AND (id <= 2624686))

table 3 : explain SELECT DISTINCT c FROM sbtest3 WHERE id BETWEEN 7976441 AND 7977440 ORDER BY c
	Unique  (cost=3882.63..3887.58 rows=989 width=121)
	  ->  Sort  (cost=3882.63..3885.10 rows=989 width=121)
	        Sort Key: c
	        ->  Bitmap Heap Scan on sbtest3  (cost=34.57..3833.43 rows=989 width=121)
	              Recheck Cond: ((id >= 7976441) AND (id <= 7977440))
	              ->  Bitmap Index Scan on sbtest3_pkey  (cost=0.00..34.33 rows=989 width=0)
	                    Index Cond: ((id >= 7976441) AND (id <= 7977440))

table 4 : explain SELECT DISTINCT c FROM sbtest4 WHERE id BETWEEN 891064 AND 892063 ORDER BY c
	Unique  (cost=3643.44..3648.06 rows=925 width=121)
	  ->  Sort  (cost=3643.44..3645.75 rows=925 width=121)
	        Sort Key: c
	        ->  Bitmap Heap Scan on sbtest4  (cost=33.92..3597.86 rows=925 width=121)
	              Recheck Cond: ((id >= 891064) AND (id <= 892063))
	              ->  Bitmap Index Scan on sbtest4_pkey  (cost=0.00..33.69 rows=925 width=0)
	                    Index Cond: ((id >= 891064) AND (id <= 892063))

table 5 : explain SELECT DISTINCT c FROM sbtest5 WHERE id BETWEEN 8407650 AND 8408649 ORDER BY c
	Unique  (cost=4023.55..4028.67 rows=1024 width=121)
	  ->  Sort  (cost=4023.55..4026.11 rows=1024 width=121)
	        Sort Key: c
	        ->  Bitmap Heap Scan on sbtest5  (cost=34.93..3972.35 rows=1024 width=121)
	              Recheck Cond: ((id >= 8407650) AND (id <= 8408649))
	              ->  Bitmap Index Scan on sbtest5_pkey  (cost=0.00..34.68 rows=1024 width=0)
	                    Index Cond: ((id >= 8407650) AND (id <= 8408649))

table 6 : explain SELECT DISTINCT c FROM sbtest6 WHERE id BETWEEN 1607479 AND 1608478 ORDER BY c
	Unique  (cost=3871.77..3876.70 rows=986 width=121)
	  ->  Sort  (cost=3871.77..3874.24 rows=986 width=121)
	        Sort Key: c
	        ->  Bitmap Heap Scan on sbtest6  (cost=34.54..3822.74 rows=986 width=121)
	              Recheck Cond: ((id >= 1607479) AND (id <= 1608478))
	              ->  Bitmap Index Scan on sbtest6_pkey  (cost=0.00..34.30 rows=986 width=0)
	                    Index Cond: ((id >= 1607479) AND (id <= 1608478))

table 7 : explain SELECT DISTINCT c FROM sbtest7 WHERE id BETWEEN 2293238 AND 2294237 ORDER BY c
	Unique  (cost=3996.07..4001.17 rows=1019 width=121)
	  ->  Sort  (cost=3996.07..3998.62 rows=1019 width=121)
	        Sort Key: c
	        ->  Bitmap Heap Scan on sbtest7  (cost=34.88..3945.16 rows=1019 width=121)
	              Recheck Cond: ((id >= 2293238) AND (id <= 2294237))
	              ->  Bitmap Index Scan on sbtest7_pkey  (cost=0.00..34.62 rows=1019 width=0)
	                    Index Cond: ((id >= 2293238) AND (id <= 2294237))

table 8 : explain SELECT DISTINCT c FROM sbtest8 WHERE id BETWEEN 2598370 AND 2599369 ORDER BY c
	Unique  (cost=4100.03..4105.26 rows=1046 width=121)
	  ->  Sort  (cost=4100.03..4102.65 rows=1046 width=121)
	        Sort Key: c
	        ->  Bitmap Heap Scan on sbtest8  (cost=35.16..4047.57 rows=1046 width=121)
	              Recheck Cond: ((id >= 2598370) AND (id <= 2599369))
	              ->  Bitmap Index Scan on sbtest8_pkey  (cost=0.00..34.90 rows=1046 width=0)
	                    Index Cond: ((id >= 2598370) AND (id <= 2599369))

for point_selects
table 1 : explain SELECT c FROM sbtest1 WHERE id=4200928
	Index Scan using sbtest1_pkey on sbtest1  (cost=0.43..8.45 rows=1 width=121)
	  Index Cond: (id = 4200928)

table 2 : explain SELECT c FROM sbtest2 WHERE id=332588
	Index Scan using sbtest2_pkey on sbtest2  (cost=0.43..8.45 rows=1 width=121)
	  Index Cond: (id = 332588)

table 3 : explain SELECT c FROM sbtest3 WHERE id=5494634
	Index Scan using sbtest3_pkey on sbtest3  (cost=0.43..8.45 rows=1 width=121)
	  Index Cond: (id = 5494634)

table 4 : explain SELECT c FROM sbtest4 WHERE id=6053676
	Index Scan using sbtest4_pkey on sbtest4  (cost=0.43..8.45 rows=1 width=121)
	  Index Cond: (id = 6053676)

table 5 : explain SELECT c FROM sbtest5 WHERE id=5939731
	Index Scan using sbtest5_pkey on sbtest5  (cost=0.43..8.45 rows=1 width=121)
	  Index Cond: (id = 5939731)

table 6 : explain SELECT c FROM sbtest6 WHERE id=7839284
	Index Scan using sbtest6_pkey on sbtest6  (cost=0.43..8.45 rows=1 width=121)
	  Index Cond: (id = 7839284)

table 7 : explain SELECT c FROM sbtest7 WHERE id=2013709
	Index Scan using sbtest7_pkey on sbtest7  (cost=0.43..8.45 rows=1 width=121)
	  Index Cond: (id = 2013709)

table 8 : explain SELECT c FROM sbtest8 WHERE id=8164737
	Index Scan using sbtest8_pkey on sbtest8  (cost=0.43..8.45 rows=1 width=121)
	  Index Cond: (id = 8164737)

for: distinct_ranges
table 1 : explain SELECT DISTINCT c FROM sbtest1 WHERE id BETWEEN 5232069 AND 5233068 ORDER BY c
	Unique  (cost=3774.51..3779.32 rows=961 width=121)
	  ->  Sort  (cost=3774.51..3776.92 rows=961 width=121)
	        Sort Key: c
	        ->  Bitmap Heap Scan on sbtest1  (cost=34.29..3726.90 rows=961 width=121)
	              Recheck Cond: ((id >= 5232069) AND (id <= 5233068))
	              ->  Bitmap Index Scan on sbtest1_pkey  (cost=0.00..34.05 rows=961 width=0)
	                    Index Cond: ((id >= 5232069) AND (id <= 5233068))

table 2 : explain SELECT DISTINCT c FROM sbtest2 WHERE id BETWEEN 3495583 AND 3496582 ORDER BY c
	Unique  (cost=4241.40..4246.81 rows=1083 width=121)
	  ->  Sort  (cost=4241.40..4244.10 rows=1083 width=121)
	        Sort Key: c
	        ->  Bitmap Heap Scan on sbtest2  (cost=35.54..4186.81 rows=1083 width=121)
	              Recheck Cond: ((id >= 3495583) AND (id <= 3496582))
	              ->  Bitmap Index Scan on sbtest2_pkey  (cost=0.00..35.27 rows=1083 width=0)
	                    Index Cond: ((id >= 3495583) AND (id <= 3496582))

table 3 : explain SELECT DISTINCT c FROM sbtest3 WHERE id BETWEEN 7723959 AND 7724958 ORDER BY c
	Unique  (cost=4127.32..4132.59 rows=1053 width=121)
	  ->  Sort  (cost=4127.32..4129.96 rows=1053 width=121)
	        Sort Key: c
	        ->  Bitmap Heap Scan on sbtest3  (cost=35.23..4074.46 rows=1053 width=121)
	              Recheck Cond: ((id >= 7723959) AND (id <= 7724958))
	              ->  Bitmap Index Scan on sbtest3_pkey  (cost=0.00..34.97 rows=1053 width=0)
	                    Index Cond: ((id >= 7723959) AND (id <= 7724958))

table 4 : explain SELECT DISTINCT c FROM sbtest4 WHERE id BETWEEN 4872963 AND 4873962 ORDER BY c
	Unique  (cost=3597.13..3601.70 rows=914 width=121)
	  ->  Sort  (cost=3597.13..3599.42 rows=914 width=121)
	        Sort Key: c
	        ->  Bitmap Heap Scan on sbtest4  (cost=29.80..3552.18 rows=914 width=121)
	              Recheck Cond: ((id >= 4872963) AND (id <= 4873962))
	              ->  Bitmap Index Scan on sbtest4_pkey  (cost=0.00..29.57 rows=914 width=0)
	                    Index Cond: ((id >= 4872963) AND (id <= 4873962))

table 5 : explain SELECT DISTINCT c FROM sbtest5 WHERE id BETWEEN 7925168 AND 7926167 ORDER BY c
	Unique  (cost=3754.93..3759.70 rows=954 width=121)
	  ->  Sort  (cost=3754.93..3757.32 rows=954 width=121)
	        Sort Key: c
	        ->  Bitmap Heap Scan on sbtest5  (cost=34.21..3707.72 rows=954 width=121)
	              Recheck Cond: ((id >= 7925168) AND (id <= 7926167))
	              ->  Bitmap Index Scan on sbtest5_pkey  (cost=0.00..33.98 rows=954 width=0)
	                    Index Cond: ((id >= 7925168) AND (id <= 7926167))

table 6 : explain SELECT DISTINCT c FROM sbtest6 WHERE id BETWEEN 8929183 AND 8930182 ORDER BY c
	Unique  (cost=3791.35..3796.17 rows=965 width=121)
	  ->  Sort  (cost=3791.35..3793.76 rows=965 width=121)
	        Sort Key: c
	        ->  Bitmap Heap Scan on sbtest6  (cost=34.33..3743.51 rows=965 width=121)
	              Recheck Cond: ((id >= 8929183) AND (id <= 8930182))
	              ->  Bitmap Index Scan on sbtest6_pkey  (cost=0.00..34.09 rows=965 width=0)
	                    Index Cond: ((id >= 8929183) AND (id <= 8930182))

table 7 : explain SELECT DISTINCT c FROM sbtest7 WHERE id BETWEEN 8152620 AND 8153619 ORDER BY c
	Unique  (cost=3946.38..3951.41 rows=1006 width=121)
	  ->  Sort  (cost=3946.38..3948.90 rows=1006 width=121)
	        Sort Key: c
	        ->  Bitmap Heap Scan on sbtest7  (cost=34.75..3896.21 rows=1006 width=121)
	              Recheck Cond: ((id >= 8152620) AND (id <= 8153619))
	              ->  Bitmap Index Scan on sbtest7_pkey  (cost=0.00..34.50 rows=1006 width=0)
	                    Index Cond: ((id >= 8152620) AND (id <= 8153619))

table 8 : explain SELECT DISTINCT c FROM sbtest8 WHERE id BETWEEN 7433840 AND 7434839 ORDER BY c
	Unique  (cost=3713.64..3718.37 rows=945 width=121)
	  ->  Sort  (cost=3713.64..3716.01 rows=945 width=121)
	        Sort Key: c
	        ->  Bitmap Heap Scan on sbtest8  (cost=34.12..3666.94 rows=945 width=121)
	              Recheck Cond: ((id >= 7433840) AND (id <= 7434839))
	              ->  Bitmap Index Scan on sbtest8_pkey  (cost=0.00..33.89 rows=945 width=0)
	                    Index Cond: ((id >= 7433840) AND (id <= 7434839))

for: simple_ranges
table 1 : explain SELECT c FROM sbtest1 WHERE id BETWEEN 2072487 AND 2073486
	Bitmap Heap Scan on sbtest1  (cost=29.63..3481.20 rows=897 width=121)
	  Recheck Cond: ((id >= 2072487) AND (id <= 2073486))
	  ->  Bitmap Index Scan on sbtest1_pkey  (cost=0.00..29.40 rows=897 width=0)
	        Index Cond: ((id >= 2072487) AND (id <= 2073486))

table 2 : explain SELECT c FROM sbtest2 WHERE id BETWEEN 2336859 AND 2337858
	Bitmap Heap Scan on sbtest2  (cost=34.52..3814.18 rows=984 width=121)
	  Recheck Cond: ((id >= 2336859) AND (id <= 2337858))
	  ->  Bitmap Index Scan on sbtest2_pkey  (cost=0.00..34.28 rows=984 width=0)
	        Index Cond: ((id >= 2336859) AND (id <= 2337858))

table 3 : explain SELECT c FROM sbtest3 WHERE id BETWEEN 1166164 AND 1167163
	Bitmap Heap Scan on sbtest3  (cost=34.23..3708.94 rows=956 width=121)
	  Recheck Cond: ((id >= 1166164) AND (id <= 1167163))
	  ->  Bitmap Index Scan on sbtest3_pkey  (cost=0.00..34.00 rows=956 width=0)
	        Index Cond: ((id >= 1166164) AND (id <= 1167163))

table 4 : explain SELECT c FROM sbtest4 WHERE id BETWEEN 3597398 AND 3598397
	Bitmap Heap Scan on sbtest4  (cost=35.08..4028.92 rows=1039 width=121)
	  Recheck Cond: ((id >= 3597398) AND (id <= 3598397))
	  ->  Bitmap Index Scan on sbtest4_pkey  (cost=0.00..34.83 rows=1039 width=0)
	        Index Cond: ((id >= 3597398) AND (id <= 3598397))

table 5 : explain SELECT c FROM sbtest5 WHERE id BETWEEN 9721831 AND 9722830
	Bitmap Heap Scan on sbtest5  (cost=29.62..3483.99 rows=896 width=121)
	  Recheck Cond: ((id >= 9721831) AND (id <= 9722830))
	  ->  Bitmap Index Scan on sbtest5_pkey  (cost=0.00..29.39 rows=896 width=0)
	        Index Cond: ((id >= 9721831) AND (id <= 9722830))

table 6 : explain SELECT c FROM sbtest6 WHERE id BETWEEN 93744 AND 94743
	Bitmap Heap Scan on sbtest6  (cost=35.11..4029.98 rows=1041 width=121)
	  Recheck Cond: ((id >= 93744) AND (id <= 94743))
	  ->  Bitmap Index Scan on sbtest6_pkey  (cost=0.00..34.84 rows=1041 width=0)
	        Index Cond: ((id >= 93744) AND (id <= 94743))

table 7 : explain SELECT c FROM sbtest7 WHERE id BETWEEN 8195965 AND 8196964
	Bitmap Heap Scan on sbtest7  (cost=34.75..3896.21 rows=1006 width=121)
	  Recheck Cond: ((id >= 8195965) AND (id <= 8196964))
	  ->  Bitmap Index Scan on sbtest7_pkey  (cost=0.00..34.50 rows=1006 width=0)
	        Index Cond: ((id >= 8195965) AND (id <= 8196964))

table 8 : explain SELECT c FROM sbtest8 WHERE id BETWEEN 2523105 AND 2524104
	Bitmap Heap Scan on sbtest8  (cost=35.16..4047.57 rows=1046 width=121)
	  Recheck Cond: ((id >= 2523105) AND (id <= 2524104))
	  ->  Bitmap Index Scan on sbtest8_pkey  (cost=0.00..34.90 rows=1046 width=0)
	        Index Cond: ((id >= 2523105) AND (id <= 2524104))

for: distinct_ranges
table 1 : explain SELECT DISTINCT c FROM sbtest1 WHERE id BETWEEN 1752457 AND 1753456 ORDER BY c
	Unique  (cost=4332.37..4337.91 rows=1108 width=121)
	  ->  Sort  (cost=4332.37..4335.14 rows=1108 width=121)
	        Sort Key: c
	        ->  Bitmap Heap Scan on sbtest1  (cost=35.79..4276.34 rows=1108 width=121)
	              Recheck Cond: ((id >= 1752457) AND (id <= 1753456))
	              ->  Bitmap Index Scan on sbtest1_pkey  (cost=0.00..35.52 rows=1108 width=0)
	                    Index Cond: ((id >= 1752457) AND (id <= 1753456))

table 2 : explain SELECT DISTINCT c FROM sbtest2 WHERE id BETWEEN 6655044 AND 6656043 ORDER BY c
	Unique  (cost=3786.53..3791.35 rows=964 width=121)
	  ->  Sort  (cost=3786.53..3788.94 rows=964 width=121)
	        Sort Key: c
	        ->  Bitmap Heap Scan on sbtest2  (cost=34.32..3738.75 rows=964 width=121)
	              Recheck Cond: ((id >= 6655044) AND (id <= 6656043))
	              ->  Bitmap Index Scan on sbtest2_pkey  (cost=0.00..34.08 rows=964 width=0)
	                    Index Cond: ((id >= 6655044) AND (id <= 6656043))

table 3 : explain SELECT DISTINCT c FROM sbtest3 WHERE id BETWEEN 3891176 AND 3892175 ORDER BY c
	Unique  (cost=4146.42..4151.71 rows=1058 width=121)
	  ->  Sort  (cost=4146.42..4149.06 rows=1058 width=121)
	        Sort Key: c
	        ->  Bitmap Heap Scan on sbtest3  (cost=35.28..4093.27 rows=1058 width=121)
	              Recheck Cond: ((id >= 3891176) AND (id <= 3892175))
	              ->  Bitmap Index Scan on sbtest3_pkey  (cost=0.00..35.02 rows=1058 width=0)
	                    Index Cond: ((id >= 3891176) AND (id <= 3892175))

table 4 : explain SELECT DISTINCT c FROM sbtest4 WHERE id BETWEEN 9327018 AND 9328017 ORDER BY c
	Unique  (cost=3981.32..3986.39 rows=1013 width=121)
	  ->  Sort  (cost=3981.32..3983.85 rows=1013 width=121)
	        Sort Key: c
	        ->  Bitmap Heap Scan on sbtest4  (cost=34.82..3930.75 rows=1013 width=121)
	              Recheck Cond: ((id >= 9327018) AND (id <= 9328017))
	              ->  Bitmap Index Scan on sbtest4_pkey  (cost=0.00..34.57 rows=1013 width=0)
	                    Index Cond: ((id >= 9327018) AND (id <= 9328017))

table 5 : explain SELECT DISTINCT c FROM sbtest5 WHERE id BETWEEN 3238230 AND 3239229 ORDER BY c
	Unique  (cost=4127.00..4132.26 rows=1051 width=121)
	  ->  Sort  (cost=4127.00..4129.63 rows=1051 width=121)
	        Sort Key: c
	        ->  Bitmap Heap Scan on sbtest5  (cost=35.21..4074.26 rows=1051 width=121)
	              Recheck Cond: ((id >= 3238230) AND (id <= 3239229))
	              ->  Bitmap Index Scan on sbtest5_pkey  (cost=0.00..34.95 rows=1051 width=0)
	                    Index Cond: ((id >= 3238230) AND (id <= 3239229))

table 6 : explain SELECT DISTINCT c FROM sbtest6 WHERE id BETWEEN 1931965 AND 1932964 ORDER BY c
	Unique  (cost=4158.57..4163.88 rows=1061 width=121)
	  ->  Sort  (cost=4158.57..4161.22 rows=1061 width=121)
	        Sort Key: c
	        ->  Bitmap Heap Scan on sbtest6  (cost=35.31..4105.25 rows=1061 width=121)
	              Recheck Cond: ((id >= 1931965) AND (id <= 1932964))
	              ->  Bitmap Index Scan on sbtest6_pkey  (cost=0.00..35.05 rows=1061 width=0)
	                    Index Cond: ((id >= 1931965) AND (id <= 1932964))

table 7 : explain SELECT DISTINCT c FROM sbtest7 WHERE id BETWEEN 5197055 AND 5198054 ORDER BY c
	Unique  (cost=3911.97..3916.95 rows=997 width=121)
	  ->  Sort  (cost=3911.97..3914.46 rows=997 width=121)
	        Sort Key: c
	        ->  Bitmap Heap Scan on sbtest7  (cost=34.65..3862.31 rows=997 width=121)
	              Recheck Cond: ((id >= 5197055) AND (id <= 5198054))
	              ->  Bitmap Index Scan on sbtest7_pkey  (cost=0.00..34.41 rows=997 width=0)
	                    Index Cond: ((id >= 5197055) AND (id <= 5198054))

table 8 : explain SELECT DISTINCT c FROM sbtest8 WHERE id BETWEEN 8655943 AND 8656942 ORDER BY c
	Unique  (cost=3985.39..3990.47 rows=1016 width=121)
	  ->  Sort  (cost=3985.39..3987.93 rows=1016 width=121)
	        Sort Key: c
	        ->  Bitmap Heap Scan on sbtest8  (cost=34.85..3934.65 rows=1016 width=121)
	              Recheck Cond: ((id >= 8655943) AND (id <= 8656942))
	              ->  Bitmap Index Scan on sbtest8_pkey  (cost=0.00..34.59 rows=1016 width=0)
	                    Index Cond: ((id >= 8655943) AND (id <= 8656942))

for: distinct_ranges
table 1 : explain SELECT DISTINCT c FROM sbtest1 WHERE id BETWEEN 7455508 AND 7456507 ORDER BY c
	Unique  (cost=3900.81..3905.78 rows=994 width=121)
	  ->  Sort  (cost=3900.81..3903.30 rows=994 width=121)
	        Sort Key: c
	        ->  Bitmap Heap Scan on sbtest1  (cost=34.62..3851.32 rows=994 width=121)
	              Recheck Cond: ((id >= 7455508) AND (id <= 7456507))
	              ->  Bitmap Index Scan on sbtest1_pkey  (cost=0.00..34.38 rows=994 width=0)
	                    Index Cond: ((id >= 7455508) AND (id <= 7456507))

table 2 : explain SELECT DISTINCT c FROM sbtest2 WHERE id BETWEEN 8266575 AND 8267574 ORDER BY c
	Unique  (cost=3851.61..3856.52 rows=981 width=121)
	  ->  Sort  (cost=3851.61..3854.07 rows=981 width=121)
	        Sort Key: c
	        ->  Bitmap Heap Scan on sbtest2  (cost=34.49..3802.87 rows=981 width=121)
	              Recheck Cond: ((id >= 8266575) AND (id <= 8267574))
	              ->  Bitmap Index Scan on sbtest2_pkey  (cost=0.00..34.25 rows=981 width=0)
	                    Index Cond: ((id >= 8266575) AND (id <= 8267574))

table 3 : explain SELECT DISTINCT c FROM sbtest3 WHERE id BETWEEN 3796738 AND 3797737 ORDER BY c
	Unique  (cost=4108.22..4113.46 rows=1048 width=121)
	  ->  Sort  (cost=4108.22..4110.84 rows=1048 width=121)
	        Sort Key: c
	        ->  Bitmap Heap Scan on sbtest3  (cost=35.18..4055.65 rows=1048 width=121)
	              Recheck Cond: ((id >= 3796738) AND (id <= 3797737))
	              ->  Bitmap Index Scan on sbtest3_pkey  (cost=0.00..34.92 rows=1048 width=0)
	                    Index Cond: ((id >= 3796738) AND (id <= 3797737))

table 4 : explain SELECT DISTINCT c FROM sbtest4 WHERE id BETWEEN 7820086 AND 7821085 ORDER BY c
	Unique  (cost=4008.16..4013.26 rows=1020 width=121)
	  ->  Sort  (cost=4008.16..4010.71 rows=1020 width=121)
	        Sort Key: c
	        ->  Bitmap Heap Scan on sbtest4  (cost=34.89..3957.19 rows=1020 width=121)
	              Recheck Cond: ((id >= 7820086) AND (id <= 7821085))
	              ->  Bitmap Index Scan on sbtest4_pkey  (cost=0.00..34.64 rows=1020 width=0)
	                    Index Cond: ((id >= 7820086) AND (id <= 7821085))

table 5 : explain SELECT DISTINCT c FROM sbtest5 WHERE id BETWEEN 7060740 AND 7061739 ORDER BY c
	Unique  (cost=3881.64..3886.57 rows=987 width=121)
	  ->  Sort  (cost=3881.64..3884.10 rows=987 width=121)
	        Sort Key: c
	        ->  Bitmap Heap Scan on sbtest5  (cost=34.55..3832.55 rows=987 width=121)
	              Recheck Cond: ((id >= 7060740) AND (id <= 7061739))
	              ->  Bitmap Index Scan on sbtest5_pkey  (cost=0.00..34.31 rows=987 width=0)
	                    Index Cond: ((id >= 7060740) AND (id <= 7061739))

table 6 : explain SELECT DISTINCT c FROM sbtest6 WHERE id BETWEEN 7538768 AND 7539767 ORDER BY c
	Unique  (cost=3776.02..3780.83 rows=961 width=121)
	  ->  Sort  (cost=3776.02..3778.42 rows=961 width=121)
	        Sort Key: c
	        ->  Bitmap Heap Scan on sbtest6  (cost=34.29..3728.41 rows=961 width=121)
	              Recheck Cond: ((id >= 7538768) AND (id <= 7539767))
	              ->  Bitmap Index Scan on sbtest6_pkey  (cost=0.00..34.05 rows=961 width=0)
	                    Index Cond: ((id >= 7538768) AND (id <= 7539767))

table 7 : explain SELECT DISTINCT c FROM sbtest7 WHERE id BETWEEN 3516963 AND 3517962 ORDER BY c
	Unique  (cost=3712.94..3717.66 rows=945 width=121)
	  ->  Sort  (cost=3712.94..3715.30 rows=945 width=121)
	        Sort Key: c
	        ->  Bitmap Heap Scan on sbtest7  (cost=34.12..3666.23 rows=945 width=121)
	              Recheck Cond: ((id >= 3516963) AND (id <= 3517962))
	              ->  Bitmap Index Scan on sbtest7_pkey  (cost=0.00..33.89 rows=945 width=0)
	                    Index Cond: ((id >= 3516963) AND (id <= 3517962))

table 8 : explain SELECT DISTINCT c FROM sbtest8 WHERE id BETWEEN 6347920 AND 6348919 ORDER BY c
	Unique  (cost=3702.15..3706.86 rows=942 width=121)
	  ->  Sort  (cost=3702.15..3704.50 rows=942 width=121)
	        Sort Key: c
	        ->  Bitmap Heap Scan on sbtest8  (cost=34.09..3655.62 rows=942 width=121)
	              Recheck Cond: ((id >= 6347920) AND (id <= 6348919))
	              ->  Bitmap Index Scan on sbtest8_pkey  (cost=0.00..33.86 rows=942 width=0)
	                    Index Cond: ((id >= 6347920) AND (id <= 6348919))

for: simple_ranges
table 1 : explain SELECT c FROM sbtest1 WHERE id BETWEEN 7811445 AND 7812444
	Bitmap Heap Scan on sbtest1  (cost=30.01..3621.00 rows=934 width=121)
	  Recheck Cond: ((id >= 7811445) AND (id <= 7812444))
	  ->  Bitmap Index Scan on sbtest1_pkey  (cost=0.00..29.77 rows=934 width=0)
	        Index Cond: ((id >= 7811445) AND (id <= 7812444))

table 2 : explain SELECT c FROM sbtest2 WHERE id BETWEEN 5572060 AND 5573059
	Bitmap Heap Scan on sbtest2  (cost=34.92..3961.12 rows=1023 width=121)
	  Recheck Cond: ((id >= 5572060) AND (id <= 5573059))
	  ->  Bitmap Index Scan on sbtest2_pkey  (cost=0.00..34.67 rows=1023 width=0)
	        Index Cond: ((id >= 5572060) AND (id <= 5573059))

table 3 : explain SELECT c FROM sbtest3 WHERE id BETWEEN 476527 AND 477526
	Bitmap Heap Scan on sbtest3  (cost=34.18..3690.07 rows=951 width=121)
	  Recheck Cond: ((id >= 476527) AND (id <= 477526))
	  ->  Bitmap Index Scan on sbtest3_pkey  (cost=0.00..33.95 rows=951 width=0)
	        Index Cond: ((id >= 476527) AND (id <= 477526))

table 4 : explain SELECT c FROM sbtest4 WHERE id BETWEEN 5076876 AND 5077875
	Bitmap Heap Scan on sbtest4  (cost=34.47..3802.25 rows=979 width=121)
	  Recheck Cond: ((id >= 5076876) AND (id <= 5077875))
	  ->  Bitmap Index Scan on sbtest4_pkey  (cost=0.00..34.23 rows=979 width=0)
	        Index Cond: ((id >= 5076876) AND (id <= 5077875))

table 5 : explain SELECT c FROM sbtest5 WHERE id BETWEEN 1187132 AND 1188131
	Bitmap Heap Scan on sbtest5  (cost=35.58..4210.00 rows=1087 width=121)
	  Recheck Cond: ((id >= 1187132) AND (id <= 1188131))
	  ->  Bitmap Index Scan on sbtest5_pkey  (cost=0.00..35.31 rows=1087 width=0)
	        Index Cond: ((id >= 1187132) AND (id <= 1188131))

table 6 : explain SELECT c FROM sbtest6 WHERE id BETWEEN 3115671 AND 3116670
	Bitmap Heap Scan on sbtest6  (cost=40.02..4364.81 rows=1130 width=121)
	  Recheck Cond: ((id >= 3115671) AND (id <= 3116670))
	  ->  Bitmap Index Scan on sbtest6_pkey  (cost=0.00..39.73 rows=1130 width=0)
	        Index Cond: ((id >= 3115671) AND (id <= 3116670))

table 7 : explain SELECT c FROM sbtest7 WHERE id BETWEEN 8452184 AND 8453183
	Bitmap Heap Scan on sbtest7  (cost=35.66..4230.89 rows=1095 width=121)
	  Recheck Cond: ((id >= 8452184) AND (id <= 8453183))
	  ->  Bitmap Index Scan on sbtest7_pkey  (cost=0.00..35.39 rows=1095 width=0)
	        Index Cond: ((id >= 8452184) AND (id <= 8453183))

table 8 : explain SELECT c FROM sbtest8 WHERE id BETWEEN 637585 AND 638584
	Bitmap Heap Scan on sbtest8  (cost=39.82..4292.12 rows=1111 width=121)
	  Recheck Cond: ((id >= 637585) AND (id <= 638584))
	  ->  Bitmap Index Scan on sbtest8_pkey  (cost=0.00..39.55 rows=1111 width=0)
	        Index Cond: ((id >= 637585) AND (id <= 638584))

for: order_ranges
table 1 : explain SELECT c FROM sbtest1 WHERE id BETWEEN 3737781 AND 3738780 ORDER BY c
	Sort  (cost=3854.90..3857.36 rows=982 width=121)
	  Sort Key: c
	  ->  Bitmap Heap Scan on sbtest1  (cost=34.50..3806.10 rows=982 width=121)
	        Recheck Cond: ((id >= 3737781) AND (id <= 3738780))
	        ->  Bitmap Index Scan on sbtest1_pkey  (cost=0.00..34.26 rows=982 width=0)
	              Index Cond: ((id >= 3737781) AND (id <= 3738780))

table 2 : explain SELECT c FROM sbtest2 WHERE id BETWEEN 9157331 AND 9158330 ORDER BY c
	Sort  (cost=4332.93..4335.70 rows=1107 width=121)
	  Sort Key: c
	  ->  Bitmap Heap Scan on sbtest2  (cost=35.78..4276.96 rows=1107 width=121)
	        Recheck Cond: ((id >= 9157331) AND (id <= 9158330))
	        ->  Bitmap Index Scan on sbtest2_pkey  (cost=0.00..35.51 rows=1107 width=0)
	              Index Cond: ((id >= 9157331) AND (id <= 9158330))

table 3 : explain SELECT c FROM sbtest3 WHERE id BETWEEN 8432691 AND 8433690 ORDER BY c
	Sort  (cost=3564.39..3566.65 rows=907 width=121)
	  Sort Key: c
	  ->  Bitmap Heap Scan on sbtest3  (cost=29.73..3519.83 rows=907 width=121)
	        Recheck Cond: ((id >= 8432691) AND (id <= 8433690))
	        ->  Bitmap Index Scan on sbtest3_pkey  (cost=0.00..29.50 rows=907 width=0)
	              Index Cond: ((id >= 8432691) AND (id <= 8433690))

table 4 : explain SELECT c FROM sbtest4 WHERE id BETWEEN 4166168 AND 4167167 ORDER BY c
	Sort  (cost=3678.03..3680.37 rows=934 width=121)
	  Sort Key: c
	  ->  Bitmap Heap Scan on sbtest4  (cost=34.01..3631.95 rows=934 width=121)
	        Recheck Cond: ((id >= 4166168) AND (id <= 4167167))
	        ->  Bitmap Index Scan on sbtest4_pkey  (cost=0.00..33.78 rows=934 width=0)
	              Index Cond: ((id >= 4166168) AND (id <= 4167167))

table 5 : explain SELECT c FROM sbtest5 WHERE id BETWEEN 726327 AND 727326 ORDER BY c
	Sort  (cost=3624.10..3626.40 rows=921 width=121)
	  Sort Key: c
	  ->  Bitmap Heap Scan on sbtest5  (cost=29.88..3578.75 rows=921 width=121)
	        Recheck Cond: ((id >= 726327) AND (id <= 727326))
	        ->  Bitmap Index Scan on sbtest5_pkey  (cost=0.00..29.64 rows=921 width=0)
	              Index Cond: ((id >= 726327) AND (id <= 727326))

table 6 : explain SELECT c FROM sbtest6 WHERE id BETWEEN 6632928 AND 6633927 ORDER BY c
	Sort  (cost=3672.52..3674.86 rows=934 width=121)
	  Sort Key: c
	  ->  Bitmap Heap Scan on sbtest6  (cost=34.01..3626.44 rows=934 width=121)
	        Recheck Cond: ((id >= 6632928) AND (id <= 6633927))
	        ->  Bitmap Index Scan on sbtest6_pkey  (cost=0.00..33.78 rows=934 width=0)
	              Index Cond: ((id >= 6632928) AND (id <= 6633927))

table 7 : explain SELECT c FROM sbtest7 WHERE id BETWEEN 204618 AND 205617 ORDER BY c
	Sort  (cost=3693.78..3696.13 rows=940 width=121)
	  Sort Key: c
	  ->  Bitmap Heap Scan on sbtest7  (cost=34.07..3647.36 rows=940 width=121)
	        Recheck Cond: ((id >= 204618) AND (id <= 205617))
	        ->  Bitmap Index Scan on sbtest7_pkey  (cost=0.00..33.84 rows=940 width=0)
	              Index Cond: ((id >= 204618) AND (id <= 205617))

table 8 : explain SELECT c FROM sbtest8 WHERE id BETWEEN 9885452 AND 9886451 ORDER BY c
	Sort  (cost=3629.15..3631.46 rows=924 width=121)
	  Sort Key: c
	  ->  Bitmap Heap Scan on sbtest8  (cost=29.91..3583.63 rows=924 width=121)
	        Recheck Cond: ((id >= 9885452) AND (id <= 9886451))
	        ->  Bitmap Index Scan on sbtest8_pkey  (cost=0.00..29.68 rows=924 width=0)
	              Index Cond: ((id >= 9885452) AND (id <= 9886451))

for: simple_ranges
table 1 : explain SELECT c FROM sbtest1 WHERE id BETWEEN 3459710 AND 3460709
	Bitmap Heap Scan on sbtest1  (cost=35.09..4024.52 rows=1040 width=121)
	  Recheck Cond: ((id >= 3459710) AND (id <= 3460709))
	  ->  Bitmap Index Scan on sbtest1_pkey  (cost=0.00..34.84 rows=1040 width=0)
	        Index Cond: ((id >= 3459710) AND (id <= 3460709))

table 2 : explain SELECT c FROM sbtest2 WHERE id BETWEEN 2818623 AND 2819622
	Bitmap Heap Scan on sbtest2  (cost=29.82..3553.50 rows=916 width=121)
	  Recheck Cond: ((id >= 2818623) AND (id <= 2819622))
	  ->  Bitmap Index Scan on sbtest2_pkey  (cost=0.00..29.59 rows=916 width=0)
	        Index Cond: ((id >= 2818623) AND (id <= 2819622))

table 3 : explain SELECT c FROM sbtest3 WHERE id BETWEEN 3866326 AND 3867325
	Bitmap Heap Scan on sbtest3  (cost=35.28..4093.27 rows=1058 width=121)
	  Recheck Cond: ((id >= 3866326) AND (id <= 3867325))
	  ->  Bitmap Index Scan on sbtest3_pkey  (cost=0.00..35.02 rows=1058 width=0)
	        Index Cond: ((id >= 3866326) AND (id <= 3867325))

table 4 : explain SELECT c FROM sbtest4 WHERE id BETWEEN 1399830 AND 1400829
	Bitmap Heap Scan on sbtest4  (cost=29.78..3544.60 rows=912 width=121)
	  Recheck Cond: ((id >= 1399830) AND (id <= 1400829))
	  ->  Bitmap Index Scan on sbtest4_pkey  (cost=0.00..29.55 rows=912 width=0)
	        Index Cond: ((id >= 1399830) AND (id <= 1400829))

table 5 : explain SELECT c FROM sbtest5 WHERE id BETWEEN 244678 AND 245677
	Bitmap Heap Scan on sbtest5  (cost=34.77..3911.91 rows=1008 width=121)
	  Recheck Cond: ((id >= 244678) AND (id <= 245677))
	  ->  Bitmap Index Scan on sbtest5_pkey  (cost=0.00..34.52 rows=1008 width=0)
	        Index Cond: ((id >= 244678) AND (id <= 245677))

table 6 : explain SELECT c FROM sbtest6 WHERE id BETWEEN 9360899 AND 9361898
	Bitmap Heap Scan on sbtest6  (cost=34.51..3811.43 rows=983 width=121)
	  Recheck Cond: ((id >= 9360899) AND (id <= 9361898))
	  ->  Bitmap Index Scan on sbtest6_pkey  (cost=0.00..34.27 rows=983 width=0)
	        Index Cond: ((id >= 9360899) AND (id <= 9361898))

table 7 : explain SELECT c FROM sbtest7 WHERE id BETWEEN 2415428 AND 2416427
	Bitmap Heap Scan on sbtest7  (cost=34.61..3847.24 rows=993 width=121)
	  Recheck Cond: ((id >= 2415428) AND (id <= 2416427))
	  ->  Bitmap Index Scan on sbtest7_pkey  (cost=0.00..34.37 rows=993 width=0)
	        Index Cond: ((id >= 2415428) AND (id <= 2416427))

table 8 : explain SELECT c FROM sbtest8 WHERE id BETWEEN 3714870 AND 3715869
	Bitmap Heap Scan on sbtest8  (cost=35.34..4115.27 rows=1064 width=121)
	  Recheck Cond: ((id >= 3714870) AND (id <= 3715869))
	  ->  Bitmap Index Scan on sbtest8_pkey  (cost=0.00..35.08 rows=1064 width=0)
	        Index Cond: ((id >= 3714870) AND (id <= 3715869))

explain: for point_selects :: explain SELECT c FROM sbtest%u WHERE id=%u
for: order_ranges
table 1 : explain SELECT c FROM sbtest1 WHERE id BETWEEN 846037 AND 847036 ORDER BY c
	Sort  (cost=4206.44..4209.12 rows=1074 width=121)
	  Sort Key: c
	  ->  Bitmap Heap Scan on sbtest1  (cost=35.44..4152.37 rows=1074 width=121)
	        Recheck Cond: ((id >= 846037) AND (id <= 847036))
	        ->  Bitmap Index Scan on sbtest1_pkey  (cost=0.00..35.18 rows=1074 width=0)
	              Index Cond: ((id >= 846037) AND (id <= 847036))

table 2 : explain SELECT c FROM sbtest2 WHERE id BETWEEN 5017132 AND 5018131 ORDER BY c
	Sort  (cost=4088.69..4091.30 rows=1043 width=121)
	  Sort Key: c
	  ->  Bitmap Heap Scan on sbtest2  (cost=35.13..4036.40 rows=1043 width=121)
	        Recheck Cond: ((id >= 5017132) AND (id <= 5018131))
	        ->  Bitmap Index Scan on sbtest2_pkey  (cost=0.00..34.87 rows=1043 width=0)
	              Index Cond: ((id >= 5017132) AND (id <= 5018131))

table 3 : explain SELECT c FROM sbtest3 WHERE id BETWEEN 6673155 AND 6674154 ORDER BY c
	Sort  (cost=4073.84..4076.44 rows=1039 width=121)
	  Sort Key: c
	  ->  Bitmap Heap Scan on sbtest3  (cost=35.08..4021.78 rows=1039 width=121)
	        Recheck Cond: ((id >= 6673155) AND (id <= 6674154))
	        ->  Bitmap Index Scan on sbtest3_pkey  (cost=0.00..34.83 rows=1039 width=0)
	              Index Cond: ((id >= 6673155) AND (id <= 6674154))

table 4 : explain SELECT c FROM sbtest4 WHERE id BETWEEN 8008891 AND 8009890 ORDER BY c
	Sort  (cost=3847.04..3849.49 rows=978 width=121)
	  Sort Key: c
	  ->  Bitmap Heap Scan on sbtest4  (cost=34.46..3798.47 rows=978 width=121)
	        Recheck Cond: ((id >= 8008891) AND (id <= 8009890))
	        ->  Bitmap Index Scan on sbtest4_pkey  (cost=0.00..34.22 rows=978 width=0)
	              Index Cond: ((id >= 8008891) AND (id <= 8009890))

table 5 : explain SELECT c FROM sbtest5 WHERE id BETWEEN 205221 AND 206220 ORDER BY c
	Sort  (cost=3962.20..3964.72 rows=1008 width=121)
	  Sort Key: c
	  ->  Bitmap Heap Scan on sbtest5  (cost=34.77..3911.91 rows=1008 width=121)
	        Recheck Cond: ((id >= 205221) AND (id <= 206220))
	        ->  Bitmap Index Scan on sbtest5_pkey  (cost=0.00..34.52 rows=1008 width=0)
	              Index Cond: ((id >= 205221) AND (id <= 206220))

table 6 : explain SELECT c FROM sbtest6 WHERE id BETWEEN 4210394 AND 4211393 ORDER BY c
	Sort  (cost=4085.98..4088.58 rows=1042 width=121)
	  Sort Key: c
	  ->  Bitmap Heap Scan on sbtest6  (cost=35.12..4033.75 rows=1042 width=121)
	        Recheck Cond: ((id >= 4210394) AND (id <= 4211393))
	        ->  Bitmap Index Scan on sbtest6_pkey  (cost=0.00..34.86 rows=1042 width=0)
	              Index Cond: ((id >= 4210394) AND (id <= 4211393))

table 7 : explain SELECT c FROM sbtest7 WHERE id BETWEEN 6129323 AND 6130322 ORDER BY c
	Sort  (cost=3739.75..3742.13 rows=952 width=121)
	  Sort Key: c
	  ->  Bitmap Heap Scan on sbtest7  (cost=34.19..3692.65 rows=952 width=121)
	        Recheck Cond: ((id >= 6129323) AND (id <= 6130322))
	        ->  Bitmap Index Scan on sbtest7_pkey  (cost=0.00..33.95 rows=952 width=0)
	              Index Cond: ((id >= 6129323) AND (id <= 6130322))

table 8 : explain SELECT c FROM sbtest8 WHERE id BETWEEN 4798826 AND 4799825 ORDER BY c
	Sort  (cost=4145.86..4148.51 rows=1058 width=121)
	  Sort Key: c
	  ->  Bitmap Heap Scan on sbtest8  (cost=35.28..4092.71 rows=1058 width=121)
	        Recheck Cond: ((id >= 4798826) AND (id <= 4799825))
	        ->  Bitmap Index Scan on sbtest8_pkey  (cost=0.00..35.02 rows=1058 width=0)
	              Index Cond: ((id >= 4798826) AND (id <= 4799825))

for: sum_ranges
table 1 : explain SELECT SUM(k) FROM sbtest1 WHERE id BETWEEN 4644822 AND 4645821
	Aggregate  (cost=4155.05..4155.06 rows=1 width=8)
	  ->  Bitmap Heap Scan on sbtest1  (cost=35.44..4152.37 rows=1074 width=4)
	        Recheck Cond: ((id >= 4644822) AND (id <= 4645821))
	        ->  Bitmap Index Scan on sbtest1_pkey  (cost=0.00..35.18 rows=1074 width=0)
	              Index Cond: ((id >= 4644822) AND (id <= 4645821))

table 2 : explain SELECT SUM(k) FROM sbtest2 WHERE id BETWEEN 266165 AND 267164
	Aggregate  (cost=4005.12..4005.13 rows=1 width=8)
	  ->  Bitmap Heap Scan on sbtest2  (cost=35.03..4002.53 rows=1034 width=4)
	        Recheck Cond: ((id >= 266165) AND (id <= 267164))
	        ->  Bitmap Index Scan on sbtest2_pkey  (cost=0.00..34.78 rows=1034 width=0)
	              Index Cond: ((id >= 266165) AND (id <= 267164))

table 3 : explain SELECT SUM(k) FROM sbtest3 WHERE id BETWEEN 9905994 AND 9906993
	Aggregate  (cost=3933.95..3933.96 rows=1 width=8)
	  ->  Bitmap Heap Scan on sbtest3  (cost=34.84..3931.41 rows=1015 width=4)
	        Recheck Cond: ((id >= 9905994) AND (id <= 9906993))
	        ->  Bitmap Index Scan on sbtest3_pkey  (cost=0.00..34.59 rows=1015 width=0)
	              Index Cond: ((id >= 9905994) AND (id <= 9906993))

table 4 : explain SELECT SUM(k) FROM sbtest4 WHERE id BETWEEN 333588 AND 334587
	Aggregate  (cost=3997.52..3997.53 rows=1 width=8)
	  ->  Bitmap Heap Scan on sbtest4  (cost=34.99..3994.95 rows=1030 width=4)
	        Recheck Cond: ((id >= 333588) AND (id <= 334587))
	        ->  Bitmap Index Scan on sbtest4_pkey  (cost=0.00..34.73 rows=1030 width=0)
	              Index Cond: ((id >= 333588) AND (id <= 334587))

table 5 : explain SELECT SUM(k) FROM sbtest5 WHERE id BETWEEN 7325322 AND 7326321
	Aggregate  (cost=3974.91..3974.92 rows=1 width=8)
	  ->  Bitmap Heap Scan on sbtest5  (cost=34.93..3972.35 rows=1024 width=4)
	        Recheck Cond: ((id >= 7325322) AND (id <= 7326321))
	        ->  Bitmap Index Scan on sbtest5_pkey  (cost=0.00..34.68 rows=1024 width=0)
	              Index Cond: ((id >= 7325322) AND (id <= 7326321))

table 6 : explain SELECT SUM(k) FROM sbtest6 WHERE id BETWEEN 3865307 AND 3866306
	Aggregate  (cost=3693.03..3693.04 rows=1 width=8)
	  ->  Bitmap Heap Scan on sbtest6  (cost=34.18..3690.66 rows=951 width=4)
	        Recheck Cond: ((id >= 3865307) AND (id <= 3866306))
	        ->  Bitmap Index Scan on sbtest6_pkey  (cost=0.00..33.95 rows=951 width=0)
	              Index Cond: ((id >= 3865307) AND (id <= 3866306))

table 7 : explain SELECT SUM(k) FROM sbtest7 WHERE id BETWEEN 7942974 AND 7943973
	Aggregate  (cost=3380.97..3380.98 rows=1 width=8)
	  ->  Bitmap Heap Scan on sbtest7  (cost=29.35..3378.80 rows=870 width=4)
	        Recheck Cond: ((id >= 7942974) AND (id <= 7943973))
	        ->  Bitmap Index Scan on sbtest7_pkey  (cost=0.00..29.14 rows=870 width=0)
	              Index Cond: ((id >= 7942974) AND (id <= 7943973))

table 8 : explain SELECT SUM(k) FROM sbtest8 WHERE id BETWEEN 3332954 AND 3333953
	Aggregate  (cost=4001.24..4001.25 rows=1 width=8)
	  ->  Bitmap Heap Scan on sbtest8  (cost=35.02..3998.66 rows=1033 width=4)
	        Recheck Cond: ((id >= 3332954) AND (id <= 3333953))
	        ->  Bitmap Index Scan on sbtest8_pkey  (cost=0.00..34.77 rows=1033 width=0)
	              Index Cond: ((id >= 3332954) AND (id <= 3333953))

for: simple_ranges
table 1 : explain SELECT c FROM sbtest1 WHERE id BETWEEN 8238845 AND 8239844
	Bitmap Heap Scan on sbtest1  (cost=34.46..3791.02 rows=978 width=121)
	  Recheck Cond: ((id >= 8238845) AND (id <= 8239844))
	  ->  Bitmap Index Scan on sbtest1_pkey  (cost=0.00..34.22 rows=978 width=0)
	        Index Cond: ((id >= 8238845) AND (id <= 8239844))

table 2 : explain SELECT c FROM sbtest2 WHERE id BETWEEN 9665680 AND 9666679
	Bitmap Heap Scan on sbtest2  (cost=34.62..3851.87 rows=994 width=121)
	  Recheck Cond: ((id >= 9665680) AND (id <= 9666679))
	  ->  Bitmap Index Scan on sbtest2_pkey  (cost=0.00..34.38 rows=994 width=0)
	        Index Cond: ((id >= 9665680) AND (id <= 9666679))

table 3 : explain SELECT c FROM sbtest3 WHERE id BETWEEN 4901524 AND 4902523
	Bitmap Heap Scan on sbtest3  (cost=35.33..4112.08 rows=1063 width=121)
	  Recheck Cond: ((id >= 4901524) AND (id <= 4902523))
	  ->  Bitmap Index Scan on sbtest3_pkey  (cost=0.00..35.07 rows=1063 width=0)
	        Index Cond: ((id >= 4901524) AND (id <= 4902523))

table 4 : explain SELECT c FROM sbtest4 WHERE id BETWEEN 9089932 AND 9090931
	Bitmap Heap Scan on sbtest4  (cost=35.08..4028.92 rows=1039 width=121)
	  Recheck Cond: ((id >= 9089932) AND (id <= 9090931))
	  ->  Bitmap Index Scan on sbtest4_pkey  (cost=0.00..34.83 rows=1039 width=0)
	        Index Cond: ((id >= 9089932) AND (id <= 9090931))

table 5 : explain SELECT c FROM sbtest5 WHERE id BETWEEN 5469512 AND 5470511
	Bitmap Heap Scan on sbtest5  (cost=34.61..3855.23 rows=993 width=121)
	  Recheck Cond: ((id >= 5469512) AND (id <= 5470511))
	  ->  Bitmap Index Scan on sbtest5_pkey  (cost=0.00..34.37 rows=993 width=0)
	        Index Cond: ((id >= 5469512) AND (id <= 5470511))

table 6 : explain SELECT c FROM sbtest6 WHERE id BETWEEN 1811319 AND 1812318
	Bitmap Heap Scan on sbtest6  (cost=35.18..4056.33 rows=1048 width=121)
	  Recheck Cond: ((id >= 1811319) AND (id <= 1812318))
	  ->  Bitmap Index Scan on sbtest6_pkey  (cost=0.00..34.92 rows=1048 width=0)
	        Index Cond: ((id >= 1811319) AND (id <= 1812318))

table 7 : explain SELECT c FROM sbtest7 WHERE id BETWEEN 1883149 AND 1884148
	Bitmap Heap Scan on sbtest7  (cost=34.15..3677.56 rows=948 width=121)
	  Recheck Cond: ((id >= 1883149) AND (id <= 1884148))
	  ->  Bitmap Index Scan on sbtest7_pkey  (cost=0.00..33.92 rows=948 width=0)
	        Index Cond: ((id >= 1883149) AND (id <= 1884148))

table 8 : explain SELECT c FROM sbtest8 WHERE id BETWEEN 1227651 AND 1228650
	Bitmap Heap Scan on sbtest8  (cost=34.36..3753.74 rows=968 width=121)
	  Recheck Cond: ((id >= 1227651) AND (id <= 1228650))
	  ->  Bitmap Index Scan on sbtest8_pkey  (cost=0.00..34.12 rows=968 width=0)
	        Index Cond: ((id >= 1227651) AND (id <= 1228650))

for: distinct_ranges
table 1 : explain SELECT DISTINCT c FROM sbtest1 WHERE id BETWEEN 3350807 AND 3351806 ORDER BY c
	Unique  (cost=4095.74..4100.96 rows=1045 width=121)
	  ->  Sort  (cost=4095.74..4098.35 rows=1045 width=121)
	        Sort Key: c
	        ->  Bitmap Heap Scan on sbtest1  (cost=35.15..4043.33 rows=1045 width=121)
	              Recheck Cond: ((id >= 3350807) AND (id <= 3351806))
	              ->  Bitmap Index Scan on sbtest1_pkey  (cost=0.00..34.89 rows=1045 width=0)
	                    Index Cond: ((id >= 3350807) AND (id <= 3351806))

table 2 : explain SELECT DISTINCT c FROM sbtest2 WHERE id BETWEEN 5885851 AND 5886850 ORDER BY c
	Unique  (cost=4161.25..4166.56 rows=1062 width=121)
	  ->  Sort  (cost=4161.25..4163.90 rows=1062 width=121)
	        Sort Key: c
	        ->  Bitmap Heap Scan on sbtest2  (cost=35.32..4107.87 rows=1062 width=121)
	              Recheck Cond: ((id >= 5885851) AND (id <= 5886850))
	              ->  Bitmap Index Scan on sbtest2_pkey  (cost=0.00..35.06 rows=1062 width=0)
	                    Index Cond: ((id >= 5885851) AND (id <= 5886850))

table 3 : explain SELECT DISTINCT c FROM sbtest3 WHERE id BETWEEN 1272975 AND 1273974 ORDER BY c
	Unique  (cost=3832.87..3837.75 rows=976 width=121)
	  ->  Sort  (cost=3832.87..3835.31 rows=976 width=121)
	        Sort Key: c
	        ->  Bitmap Heap Scan on sbtest3  (cost=34.44..3784.40 rows=976 width=121)
	              Recheck Cond: ((id >= 1272975) AND (id <= 1273974))
	              ->  Bitmap Index Scan on sbtest3_pkey  (cost=0.00..34.20 rows=976 width=0)
	                    Index Cond: ((id >= 1272975) AND (id <= 1273974))

table 4 : explain SELECT DISTINCT c FROM sbtest4 WHERE id BETWEEN 2872124 AND 2873123 ORDER BY c
	Unique  (cost=3935.30..3940.30 rows=1001 width=121)
	  ->  Sort  (cost=3935.30..3937.80 rows=1001 width=121)
	        Sort Key: c
	        ->  Bitmap Heap Scan on sbtest4  (cost=34.70..3885.41 rows=1001 width=121)
	              Recheck Cond: ((id >= 2872124) AND (id <= 2873123))
	              ->  Bitmap Index Scan on sbtest4_pkey  (cost=0.00..34.45 rows=1001 width=0)
	                    Index Cond: ((id >= 2872124) AND (id <= 2873123))

table 5 : explain SELECT DISTINCT c FROM sbtest5 WHERE id BETWEEN 3727759 AND 3728758 ORDER BY c
	Unique  (cost=4299.25..4304.73 rows=1096 width=121)
	  ->  Sort  (cost=4299.25..4301.99 rows=1096 width=121)
	        Sort Key: c
	        ->  Bitmap Heap Scan on sbtest5  (cost=35.67..4243.91 rows=1096 width=121)
	              Recheck Cond: ((id >= 3727759) AND (id <= 3728758))
	              ->  Bitmap Index Scan on sbtest5_pkey  (cost=0.00..35.40 rows=1096 width=0)
	                    Index Cond: ((id >= 3727759) AND (id <= 3728758))

table 6 : explain SELECT DISTINCT c FROM sbtest6 WHERE id BETWEEN 8784250 AND 8785249 ORDER BY c
	Unique  (cost=3806.67..3811.51 rows=969 width=121)
	  ->  Sort  (cost=3806.67..3809.09 rows=969 width=121)
	        Sort Key: c
	        ->  Bitmap Heap Scan on sbtest6  (cost=34.37..3758.61 rows=969 width=121)
	              Recheck Cond: ((id >= 8784250) AND (id <= 8785249))
	              ->  Bitmap Index Scan on sbtest6_pkey  (cost=0.00..34.12 rows=969 width=0)
	                    Index Cond: ((id >= 8784250) AND (id <= 8785249))

table 7 : explain SELECT DISTINCT c FROM sbtest7 WHERE id BETWEEN 790891 AND 791890 ORDER BY c
	Unique  (cost=3739.75..3744.51 rows=952 width=121)
	  ->  Sort  (cost=3739.75..3742.13 rows=952 width=121)
	        Sort Key: c
	        ->  Bitmap Heap Scan on sbtest7  (cost=34.19..3692.65 rows=952 width=121)
	              Recheck Cond: ((id >= 790891) AND (id <= 791890))
	              ->  Bitmap Index Scan on sbtest7_pkey  (cost=0.00..33.95 rows=952 width=0)
	                    Index Cond: ((id >= 790891) AND (id <= 791890))

table 8 : explain SELECT DISTINCT c FROM sbtest8 WHERE id BETWEEN 3145103 AND 3146102 ORDER BY c
	Unique  (cost=3813.23..3818.09 rows=971 width=121)
	  ->  Sort  (cost=3813.23..3815.66 rows=971 width=121)
	        Sort Key: c
	        ->  Bitmap Heap Scan on sbtest8  (cost=34.39..3765.05 rows=971 width=121)
	              Recheck Cond: ((id >= 3145103) AND (id <= 3146102))
	              ->  Bitmap Index Scan on sbtest8_pkey  (cost=0.00..34.15 rows=971 width=0)
	                    Index Cond: ((id >= 3145103) AND (id <= 3146102))
for: sum_ranges
table 1 : explain SELECT SUM(k) FROM sbtest1 WHERE id BETWEEN 1996788 AND 1997787
	Aggregate  (cost=3483.44..3483.45 rows=1 width=8)
	  ->  Bitmap Heap Scan on sbtest1  (cost=29.63..3481.20 rows=897 width=4)
	        Recheck Cond: ((id >= 1996788) AND (id <= 1997787))
	        ->  Bitmap Index Scan on sbtest1_pkey  (cost=0.00..29.40 rows=897 width=0)
	              Index Cond: ((id >= 1996788) AND (id <= 1997787))

table 2 : explain SELECT SUM(k) FROM sbtest2 WHERE id BETWEEN 2211702 AND 2212701
	Aggregate  (cost=4287.27..4287.28 rows=1 width=8)
	  ->  Bitmap Heap Scan on sbtest2  (cost=35.81..4284.49 rows=1110 width=4)
	        Recheck Cond: ((id >= 2211702) AND (id <= 2212701))
	        ->  Bitmap Index Scan on sbtest2_pkey  (cost=0.00..35.54 rows=1110 width=0)
	              Index Cond: ((id >= 2211702) AND (id <= 2212701))

table 3 : explain SELECT SUM(k) FROM sbtest3 WHERE id BETWEEN 1017898 AND 1018897
	Aggregate  (cost=3820.81..3820.82 rows=1 width=8)
	  ->  Bitmap Heap Scan on sbtest3  (cost=34.53..3818.35 rows=985 width=4)
	        Recheck Cond: ((id >= 1017898) AND (id <= 1018897))
	        ->  Bitmap Index Scan on sbtest3_pkey  (cost=0.00..34.29 rows=985 width=0)
	              Index Cond: ((id >= 1017898) AND (id <= 1018897))

table 4 : explain SELECT SUM(k) FROM sbtest4 WHERE id BETWEEN 2236650 AND 2237649
	Aggregate  (cost=3770.64..3770.65 rows=1 width=8)
	  ->  Bitmap Heap Scan on sbtest4  (cost=34.38..3768.21 rows=970 width=4)
	        Recheck Cond: ((id >= 2236650) AND (id <= 2237649))
	        ->  Bitmap Index Scan on sbtest4_pkey  (cost=0.00..34.14 rows=970 width=0)
	              Index Cond: ((id >= 2236650) AND (id <= 2237649))

table 5 : explain SELECT SUM(k) FROM sbtest5 WHERE id BETWEEN 8333726 AND 8334725
	Aggregate  (cost=3853.93..3853.94 rows=1 width=8)
	  ->  Bitmap Heap Scan on sbtest5  (cost=34.60..3851.45 rows=992 width=4)
	        Recheck Cond: ((id >= 8333726) AND (id <= 8334725))
	        ->  Bitmap Index Scan on sbtest5_pkey  (cost=0.00..34.36 rows=992 width=0)
	              Index Cond: ((id >= 8333726) AND (id <= 8334725))

table 6 : explain SELECT SUM(k) FROM sbtest6 WHERE id BETWEEN 8836284 AND 8837283
	Aggregate  (cost=3696.81..3696.82 rows=1 width=8)
	  ->  Bitmap Heap Scan on sbtest6  (cost=34.19..3694.43 rows=952 width=4)
	        Recheck Cond: ((id >= 8836284) AND (id <= 8837283))
	        ->  Bitmap Index Scan on sbtest6_pkey  (cost=0.00..33.95 rows=952 width=0)
	              Index Cond: ((id >= 8836284) AND (id <= 8837283))

table 7 : explain SELECT SUM(k) FROM sbtest7 WHERE id BETWEEN 3046929 AND 3047928
	Aggregate  (cost=3819.55..3819.56 rows=1 width=8)
	  ->  Bitmap Heap Scan on sbtest7  (cost=34.53..3817.09 rows=985 width=4)
	        Recheck Cond: ((id >= 3046929) AND (id <= 3047928))
	        ->  Bitmap Index Scan on sbtest7_pkey  (cost=0.00..34.29 rows=985 width=0)
	              Index Cond: ((id >= 3046929) AND (id <= 3047928))

table 8 : explain SELECT SUM(k) FROM sbtest8 WHERE id BETWEEN 953981 AND 954980
	Aggregate  (cost=3850.48..3850.49 rows=1 width=8)
	  ->  Bitmap Heap Scan on sbtest8  (cost=34.61..3848.00 rows=993 width=4)
	        Recheck Cond: ((id >= 953981) AND (id <= 954980))
	        ->  Bitmap Index Scan on sbtest8_pkey  (cost=0.00..34.37 rows=993 width=0)
	              Index Cond: ((id >= 953981) AND (id <= 954980))


for: simple_ranges
table 1 : explain SELECT c FROM sbtest1 WHERE id BETWEEN 8993435 AND 8994434
	Bitmap Heap Scan on sbtest1  (cost=34.35..3749.54 rows=967 width=121)
	  Recheck Cond: ((id >= 8993435) AND (id <= 8994434))
	  ->  Bitmap Index Scan on sbtest1_pkey  (cost=0.00..34.11 rows=967 width=0)
	        Index Cond: ((id >= 8993435) AND (id <= 8994434))

table 2 : explain SELECT c FROM sbtest2 WHERE id BETWEEN 8613398 AND 8614397
	Bitmap Heap Scan on sbtest2  (cost=35.05..4010.06 rows=1036 width=121)
	  Recheck Cond: ((id >= 8613398) AND (id <= 8614397))
	  ->  Bitmap Index Scan on sbtest2_pkey  (cost=0.00..34.80 rows=1036 width=0)
	        Index Cond: ((id >= 8613398) AND (id <= 8614397))

table 3 : explain SELECT c FROM sbtest3 WHERE id BETWEEN 3117813 AND 3118812
	Bitmap Heap Scan on sbtest3  (cost=34.35..3750.45 rows=967 width=121)
	  Recheck Cond: ((id >= 3117813) AND (id <= 3118812))
	  ->  Bitmap Index Scan on sbtest3_pkey  (cost=0.00..34.11 rows=967 width=0)
	        Index Cond: ((id >= 3117813) AND (id <= 3118812))

table 4 : explain SELECT c FROM sbtest4 WHERE id BETWEEN 8916861 AND 8917860
	Bitmap Heap Scan on sbtest4  (cost=35.20..4070.43 rows=1050 width=121)
	  Recheck Cond: ((id >= 8916861) AND (id <= 8917860))
	  ->  Bitmap Index Scan on sbtest4_pkey  (cost=0.00..34.94 rows=1050 width=0)
	        Index Cond: ((id >= 8916861) AND (id <= 8917860))

table 5 : explain SELECT c FROM sbtest5 WHERE id BETWEEN 6619422 AND 6620421
	Bitmap Heap Scan on sbtest5  (cost=34.10..3666.08 rows=943 width=121)
	  Recheck Cond: ((id >= 6619422) AND (id <= 6620421))
	  ->  Bitmap Index Scan on sbtest5_pkey  (cost=0.00..33.87 rows=943 width=0)
	        Index Cond: ((id >= 6619422) AND (id <= 6620421))

table 6 : explain SELECT c FROM sbtest6 WHERE id BETWEEN 5950706 AND 5951705
	Bitmap Heap Scan on sbtest6  (cost=34.50..3807.65 rows=982 width=121)
	  Recheck Cond: ((id >= 5950706) AND (id <= 5951705))
	  ->  Bitmap Index Scan on sbtest6_pkey  (cost=0.00..34.26 rows=982 width=0)
	        Index Cond: ((id >= 5950706) AND (id <= 5951705))

table 7 : explain SELECT c FROM sbtest7 WHERE id BETWEEN 4778077 AND 4779076
	Bitmap Heap Scan on sbtest7  (cost=39.75..4264.95 rows=1104 width=121)
	  Recheck Cond: ((id >= 4778077) AND (id <= 4779076))
	  ->  Bitmap Index Scan on sbtest7_pkey  (cost=0.00..39.48 rows=1104 width=0)
	        Index Cond: ((id >= 4778077) AND (id <= 4779076))

table 8 : explain SELECT c FROM sbtest8 WHERE id BETWEEN 9212149 AND 9213148
	Bitmap Heap Scan on sbtest8  (cost=34.36..3753.74 rows=968 width=121)
	  Recheck Cond: ((id >= 9212149) AND (id <= 9213148))
	  ->  Bitmap Index Scan on sbtest8_pkey  (cost=0.00..34.12 rows=968 width=0)
	        Index Cond: ((id >= 9212149) AND (id <= 9213148))

for: simple_ranges
table 1 : explain SELECT c FROM sbtest1 WHERE id BETWEEN 914955 AND 915954
	Bitmap Heap Scan on sbtest1  (cost=34.57..3832.48 rows=989 width=121)
	  Recheck Cond: ((id >= 914955) AND (id <= 915954))
	  ->  Bitmap Index Scan on sbtest1_pkey  (cost=0.00..34.33 rows=989 width=0)
	        Index Cond: ((id >= 914955) AND (id <= 915954))

table 2 : explain SELECT c FROM sbtest2 WHERE id BETWEEN 7076977 AND 7077976
	Bitmap Heap Scan on sbtest2  (cost=35.02..3998.77 rows=1033 width=121)
	  Recheck Cond: ((id >= 7076977) AND (id <= 7077976))
	  ->  Bitmap Index Scan on sbtest2_pkey  (cost=0.00..34.77 rows=1033 width=0)
	        Index Cond: ((id >= 7076977) AND (id <= 7077976))

table 3 : explain SELECT c FROM sbtest3 WHERE id BETWEEN 7425626 AND 7426625
	Bitmap Heap Scan on sbtest3  (cost=35.31..4104.55 rows=1061 width=121)
	  Recheck Cond: ((id >= 7425626) AND (id <= 7426625))
	  ->  Bitmap Index Scan on sbtest3_pkey  (cost=0.00..35.05 rows=1061 width=0)
	        Index Cond: ((id >= 7425626) AND (id <= 7426625))

table 4 : explain SELECT c FROM sbtest4 WHERE id BETWEEN 7907634 AND 7908633
	Bitmap Heap Scan on sbtest4  (cost=35.11..4036.47 rows=1041 width=121)
	  Recheck Cond: ((id >= 7907634) AND (id <= 7908633))
	  ->  Bitmap Index Scan on sbtest4_pkey  (cost=0.00..34.84 rows=1041 width=0)
	        Index Cond: ((id >= 7907634) AND (id <= 7908633))

table 5 : explain SELECT c FROM sbtest5 WHERE id BETWEEN 3736888 AND 3737887
	Bitmap Heap Scan on sbtest5  (cost=35.67..4243.91 rows=1096 width=121)
	  Recheck Cond: ((id >= 3736888) AND (id <= 3737887))
	  ->  Bitmap Index Scan on sbtest5_pkey  (cost=0.00..35.40 rows=1096 width=0)
	        Index Cond: ((id >= 3736888) AND (id <= 3737887))

table 6 : explain SELECT c FROM sbtest6 WHERE id BETWEEN 6618444 AND 6619443
	Bitmap Heap Scan on sbtest6  (cost=34.01..3626.44 rows=934 width=121)
	  Recheck Cond: ((id >= 6618444) AND (id <= 6619443))
	  ->  Bitmap Index Scan on sbtest6_pkey  (cost=0.00..33.78 rows=934 width=0)
	        Index Cond: ((id >= 6618444) AND (id <= 6619443))

table 7 : explain SELECT c FROM sbtest7 WHERE id BETWEEN 7654027 AND 7655026
	Bitmap Heap Scan on sbtest7  (cost=34.74..3892.44 rows=1005 width=121)
	  Recheck Cond: ((id >= 7654027) AND (id <= 7655026))
	  ->  Bitmap Index Scan on sbtest7_pkey  (cost=0.00..34.48 rows=1005 width=0)
	        Index Cond: ((id >= 7654027) AND (id <= 7655026))

table 8 : explain SELECT c FROM sbtest8 WHERE id BETWEEN 149530 AND 150529
	Bitmap Heap Scan on sbtest8  (cost=34.76..3900.75 rows=1007 width=121)
	  Recheck Cond: ((id >= 149530) AND (id <= 150529))
	  ->  Bitmap Index Scan on sbtest8_pkey  (cost=0.00..34.51 rows=1007 width=0)
	        Index Cond: ((id >= 149530) AND (id <= 150529))

for point_selects
table 1 : explain SELECT c FROM sbtest1 WHERE id=3582676
	Index Scan using sbtest1_pkey on sbtest1  (cost=0.43..8.45 rows=1 width=121)
	  Index Cond: (id = 3582676)

table 2 : explain SELECT c FROM sbtest2 WHERE id=4742124
	Index Scan using sbtest2_pkey on sbtest2  (cost=0.43..8.45 rows=1 width=121)
	  Index Cond: (id = 4742124)

table 3 : explain SELECT c FROM sbtest3 WHERE id=8387033
	Index Scan using sbtest3_pkey on sbtest3  (cost=0.43..8.45 rows=1 width=121)
	  Index Cond: (id = 8387033)

table 4 : explain SELECT c FROM sbtest4 WHERE id=548613
	Index Scan using sbtest4_pkey on sbtest4  (cost=0.43..8.45 rows=1 width=121)
	  Index Cond: (id = 548613)

table 5 : explain SELECT c FROM sbtest5 WHERE id=5302699
	Index Scan using sbtest5_pkey on sbtest5  (cost=0.43..8.45 rows=1 width=121)
	  Index Cond: (id = 5302699)

table 6 : explain SELECT c FROM sbtest6 WHERE id=7957542
	Index Scan using sbtest6_pkey on sbtest6  (cost=0.43..8.45 rows=1 width=121)
	  Index Cond: (id = 7957542)

table 7 : explain SELECT c FROM sbtest7 WHERE id=2118137
	Index Scan using sbtest7_pkey on sbtest7  (cost=0.43..8.45 rows=1 width=121)
	  Index Cond: (id = 2118137)

table 8 : explain SELECT c FROM sbtest8 WHERE id=5899608
	Index Scan using sbtest8_pkey on sbtest8  (cost=0.43..8.45 rows=1 width=121)
	  Index Cond: (id = 5899608)

for: sum_ranges
table 1 : explain SELECT SUM(k) FROM sbtest1 WHERE id BETWEEN 3509377 AND 3510376
	Aggregate  (cost=3714.21..3714.22 rows=1 width=8)
	  ->  Bitmap Heap Scan on sbtest1  (cost=34.24..3711.81 rows=957 width=4)
	        Recheck Cond: ((id >= 3509377) AND (id <= 3510376))
	        ->  Bitmap Index Scan on sbtest1_pkey  (cost=0.00..34.01 rows=957 width=0)
	              Index Cond: ((id >= 3509377) AND (id <= 3510376))

table 2 : explain SELECT SUM(k) FROM sbtest2 WHERE id BETWEEN 4285901 AND 4286900
	Aggregate  (cost=3835.50..3835.51 rows=1 width=8)
	  ->  Bitmap Heap Scan on sbtest2  (cost=34.57..3833.03 rows=989 width=4)
	        Recheck Cond: ((id >= 4285901) AND (id <= 4286900))
	        ->  Bitmap Index Scan on sbtest2_pkey  (cost=0.00..34.33 rows=989 width=0)
	              Index Cond: ((id >= 4285901) AND (id <= 4286900))

table 3 : explain SELECT SUM(k) FROM sbtest3 WHERE id BETWEEN 8843338 AND 8844337
	Aggregate  (cost=4054.50..4054.51 rows=1 width=8)
	  ->  Bitmap Heap Scan on sbtest3  (cost=35.17..4051.89 rows=1047 width=4)
	        Recheck Cond: ((id >= 8843338) AND (id <= 8844337))
	        ->  Bitmap Index Scan on sbtest3_pkey  (cost=0.00..34.91 rows=1047 width=0)
	              Index Cond: ((id >= 8843338) AND (id <= 8844337))

table 4 : explain SELECT SUM(k) FROM sbtest4 WHERE id BETWEEN 5976812 AND 5977811
	Aggregate  (cost=3717.63..3717.64 rows=1 width=8)
	  ->  Bitmap Heap Scan on sbtest4  (cost=34.23..3715.24 rows=956 width=4)
	        Recheck Cond: ((id >= 5976812) AND (id <= 5977811))
	        ->  Bitmap Index Scan on sbtest4_pkey  (cost=0.00..34.00 rows=956 width=0)
	              Index Cond: ((id >= 5976812) AND (id <= 5977811))

table 5 : explain SELECT SUM(k) FROM sbtest5 WHERE id BETWEEN 3422504 AND 3423503
	Aggregate  (cost=3740.40..3740.41 rows=1 width=8)
	  ->  Bitmap Heap Scan on sbtest5  (cost=34.30..3737.99 rows=962 width=4)
	        Recheck Cond: ((id >= 3422504) AND (id <= 3423503))
	        ->  Bitmap Index Scan on sbtest5_pkey  (cost=0.00..34.06 rows=962 width=0)
	              Index Cond: ((id >= 3422504) AND (id <= 3423503))

table 6 : explain SELECT SUM(k) FROM sbtest6 WHERE id BETWEEN 9923114 AND 9924113
	Aggregate  (cost=3719.48..3719.49 rows=1 width=8)
	  ->  Bitmap Heap Scan on sbtest6  (cost=34.25..3717.09 rows=958 width=4)
	        Recheck Cond: ((id >= 9923114) AND (id <= 9924113))
	        ->  Bitmap Index Scan on sbtest6_pkey  (cost=0.00..34.02 rows=958 width=0)
	              Index Cond: ((id >= 9923114) AND (id <= 9924113))

table 7 : explain SELECT SUM(k) FROM sbtest7 WHERE id BETWEEN 832249 AND 833248
	Aggregate  (cost=4248.66..4248.67 rows=1 width=8)
	  ->  Bitmap Heap Scan on sbtest7  (cost=35.70..4245.91 rows=1099 width=4)
	        Recheck Cond: ((id >= 832249) AND (id <= 833248))
	        ->  Bitmap Index Scan on sbtest7_pkey  (cost=0.00..35.43 rows=1099 width=0)
	              Index Cond: ((id >= 832249) AND (id <= 833248))

table 8 : explain SELECT SUM(k) FROM sbtest8 WHERE id BETWEEN 7715105 AND 7716104
	Aggregate  (cost=3918.35..3918.36 rows=1 width=8)
	  ->  Bitmap Heap Scan on sbtest8  (cost=34.80..3915.82 rows=1011 width=4)
	        Recheck Cond: ((id >= 7715105) AND (id <= 7716104))
	        ->  Bitmap Index Scan on sbtest8_pkey  (cost=0.00..34.55 rows=1011 width=0)
	              Index Cond: ((id >= 7715105) AND (id <= 7716104))

for: sum_ranges
table 1 : explain SELECT SUM(k) FROM sbtest1 WHERE id BETWEEN 5103180 AND 5104179
	Aggregate  (cost=4200.17..4200.18 rows=1 width=8)
	  ->  Bitmap Heap Scan on sbtest1  (cost=35.57..4197.45 rows=1086 width=4)
	        Recheck Cond: ((id >= 5103180) AND (id <= 5104179))
	        ->  Bitmap Index Scan on sbtest1_pkey  (cost=0.00..35.30 rows=1086 width=0)
	              Index Cond: ((id >= 5103180) AND (id <= 5104179))

table 2 : explain SELECT SUM(k) FROM sbtest2 WHERE id BETWEEN 7942486 AND 7943485
	Aggregate  (cost=3703.40..3703.41 rows=1 width=8)
	  ->  Bitmap Heap Scan on sbtest2  (cost=34.21..3701.01 rows=954 width=4)
	        Recheck Cond: ((id >= 7942486) AND (id <= 7943485))
	        ->  Bitmap Index Scan on sbtest2_pkey  (cost=0.00..33.98 rows=954 width=0)
	              Index Cond: ((id >= 7942486) AND (id <= 7943485))

table 3 : explain SELECT SUM(k) FROM sbtest3 WHERE id BETWEEN 7034760 AND 7035759
	Aggregate  (cost=3677.33..3677.34 rows=1 width=8)
	  ->  Bitmap Heap Scan on sbtest3  (cost=34.14..3674.96 rows=947 width=4)
	        Recheck Cond: ((id >= 7034760) AND (id <= 7035759))
	        ->  Bitmap Index Scan on sbtest3_pkey  (cost=0.00..33.91 rows=947 width=0)
	              Index Cond: ((id >= 7034760) AND (id <= 7035759))

table 4 : explain SELECT SUM(k) FROM sbtest4 WHERE id BETWEEN 6063393 AND 6064392
	Aggregate  (cost=4091.93..4091.94 rows=1 width=8)
	  ->  Bitmap Heap Scan on sbtest4  (cost=35.25..4089.29 rows=1055 width=4)
	        Recheck Cond: ((id >= 6063393) AND (id <= 6064392))
	        ->  Bitmap Index Scan on sbtest4_pkey  (cost=0.00..34.98 rows=1055 width=0)
	              Index Cond: ((id >= 6063393) AND (id <= 6064392))

table 5 : explain SELECT SUM(k) FROM sbtest5 WHERE id BETWEEN 5038794 AND 5039793
	Aggregate  (cost=4110.86..4110.87 rows=1 width=8)
	  ->  Bitmap Heap Scan on sbtest5  (cost=35.30..4108.21 rows=1060 width=4)
	        Recheck Cond: ((id >= 5038794) AND (id <= 5039793))
	        ->  Bitmap Index Scan on sbtest5_pkey  (cost=0.00..35.04 rows=1060 width=0)
	              Index Cond: ((id >= 5038794) AND (id <= 5039793))

table 6 : explain SELECT SUM(k) FROM sbtest6 WHERE id BETWEEN 3962534 AND 3963533
	Aggregate  (cost=3693.03..3693.04 rows=1 width=8)
	  ->  Bitmap Heap Scan on sbtest6  (cost=34.18..3690.66 rows=951 width=4)
	        Recheck Cond: ((id >= 3962534) AND (id <= 3963533))
	        ->  Bitmap Index Scan on sbtest6_pkey  (cost=0.00..33.95 rows=951 width=0)
	              Index Cond: ((id >= 3962534) AND (id <= 3963533))

table 7 : explain SELECT SUM(k) FROM sbtest7 WHERE id BETWEEN 4923370 AND 4924369
	Aggregate  (cost=4154.69..4154.70 rows=1 width=8)
	  ->  Bitmap Heap Scan on sbtest7  (cost=35.44..4152.01 rows=1074 width=4)
	        Recheck Cond: ((id >= 4923370) AND (id <= 4924369))
	        ->  Bitmap Index Scan on sbtest7_pkey  (cost=0.00..35.18 rows=1074 width=0)
	              Index Cond: ((id >= 4923370) AND (id <= 4924369))

table 8 : explain SELECT SUM(k) FROM sbtest8 WHERE id BETWEEN 2700046 AND 2701045
	Aggregate  (cost=3665.53..3665.54 rows=1 width=8)
	  ->  Bitmap Heap Scan on sbtest8  (cost=34.11..3663.17 rows=944 width=4)
	        Recheck Cond: ((id >= 2700046) AND (id <= 2701045))
	        ->  Bitmap Index Scan on sbtest8_pkey  (cost=0.00..33.88 rows=944 width=0)
	              Index Cond: ((id >= 2700046) AND (id <= 2701045))

for: order_ranges
table 1 : explain SELECT c FROM sbtest1 WHERE id BETWEEN 5719048 AND 5720047 ORDER BY c
	Sort  (cost=3651.75..3654.07 rows=930 width=121)
	  Sort Key: c
	  ->  Bitmap Heap Scan on sbtest1  (cost=29.97..3605.90 rows=930 width=121)
	        Recheck Cond: ((id >= 5719048) AND (id <= 5720047))
	        ->  Bitmap Index Scan on sbtest1_pkey  (cost=0.00..29.73 rows=930 width=0)
	              Index Cond: ((id >= 5719048) AND (id <= 5720047))

table 2 : explain SELECT c FROM sbtest2 WHERE id BETWEEN 4016481 AND 4017480 ORDER BY c
	Sort  (cost=4264.29..4267.01 rows=1089 width=121)
	  Sort Key: c
	  ->  Bitmap Heap Scan on sbtest2  (cost=35.60..4209.35 rows=1089 width=121)
	        Recheck Cond: ((id >= 4016481) AND (id <= 4017480))
	        ->  Bitmap Index Scan on sbtest2_pkey  (cost=0.00..35.33 rows=1089 width=0)
	              Index Cond: ((id >= 4016481) AND (id <= 4017480))

table 3 : explain SELECT c FROM sbtest3 WHERE id BETWEEN 5023573 AND 5024572 ORDER BY c
	Sort  (cost=4062.37..4064.96 rows=1036 width=121)
	  Sort Key: c
	  ->  Bitmap Heap Scan on sbtest3  (cost=35.05..4010.49 rows=1036 width=121)
	        Recheck Cond: ((id >= 5023573) AND (id <= 5024572))
	        ->  Bitmap Index Scan on sbtest3_pkey  (cost=0.00..34.80 rows=1036 width=0)
	              Index Cond: ((id >= 5023573) AND (id <= 5024572))

table 4 : explain SELECT c FROM sbtest4 WHERE id BETWEEN 1662989 AND 1663988 ORDER BY c
	Sort  (cost=4138.44..4141.07 rows=1054 width=121)
	  Sort Key: c
	  ->  Bitmap Heap Scan on sbtest4  (cost=35.24..4085.52 rows=1054 width=121)
	        Recheck Cond: ((id >= 1662989) AND (id <= 1663988))
	        ->  Bitmap Index Scan on sbtest4_pkey  (cost=0.00..34.98 rows=1054 width=0)
	              Index Cond: ((id >= 1662989) AND (id <= 1663988))

table 5 : explain SELECT c FROM sbtest5 WHERE id BETWEEN 8426216 AND 8427215 ORDER BY c
	Sort  (cost=4023.55..4026.11 rows=1024 width=121)
	  Sort Key: c
	  ->  Bitmap Heap Scan on sbtest5  (cost=34.93..3972.35 rows=1024 width=121)
	        Recheck Cond: ((id >= 8426216) AND (id <= 8427215))
	        ->  Bitmap Index Scan on sbtest5_pkey  (cost=0.00..34.68 rows=1024 width=0)
	              Index Cond: ((id >= 8426216) AND (id <= 8427215))

table 6 : explain SELECT c FROM sbtest6 WHERE id BETWEEN 2205333 AND 2206332 ORDER BY c
	Sort  (cost=3875.60..3878.07 rows=987 width=121)
	  Sort Key: c
	  ->  Bitmap Heap Scan on sbtest6  (cost=34.55..3826.51 rows=987 width=121)
	        Recheck Cond: ((id >= 2205333) AND (id <= 2206332))
	        ->  Bitmap Index Scan on sbtest6_pkey  (cost=0.00..34.31 rows=987 width=0)
	              Index Cond: ((id >= 2205333) AND (id <= 2206332))

table 7 : explain SELECT c FROM sbtest7 WHERE id BETWEEN 4826670 AND 4827669 ORDER BY c
	Sort  (cost=4026.64..4029.21 rows=1027 width=121)
	  Sort Key: c
	  ->  Bitmap Heap Scan on sbtest7  (cost=34.96..3975.27 rows=1027 width=121)
	        Recheck Cond: ((id >= 4826670) AND (id <= 4827669))
	        ->  Bitmap Index Scan on sbtest7_pkey  (cost=0.00..34.70 rows=1027 width=0)
	              Index Cond: ((id >= 4826670) AND (id <= 4827669))

table 8 : explain SELECT c FROM sbtest8 WHERE id BETWEEN 9830509 AND 9831508 ORDER BY c
	Sort  (cost=3629.15..3631.46 rows=924 width=121)
	  Sort Key: c
	  ->  Bitmap Heap Scan on sbtest8  (cost=29.91..3583.63 rows=924 width=121)
	        Recheck Cond: ((id >= 9830509) AND (id <= 9831508))
	        ->  Bitmap Index Scan on sbtest8_pkey  (cost=0.00..29.68 rows=924 width=0)
	              Index Cond: ((id >= 9830509) AND (id <= 9831508))

for: order_ranges
table 1 : explain SELECT c FROM sbtest1 WHERE id BETWEEN 2570646 AND 2571645 ORDER BY c
	Sort  (cost=3996.40..3998.95 rows=1019 width=121)
	  Sort Key: c
	  ->  Bitmap Heap Scan on sbtest1  (cost=34.88..3945.49 rows=1019 width=121)
	        Recheck Cond: ((id >= 2570646) AND (id <= 2571645))
	        ->  Bitmap Index Scan on sbtest1_pkey  (cost=0.00..34.62 rows=1019 width=0)
	              Index Cond: ((id >= 2570646) AND (id <= 2571645))

table 2 : explain SELECT c FROM sbtest2 WHERE id BETWEEN 5833758 AND 5834757 ORDER BY c
	Sort  (cost=4161.25..4163.90 rows=1062 width=121)
	  Sort Key: c
	  ->  Bitmap Heap Scan on sbtest2  (cost=35.32..4107.87 rows=1062 width=121)
	        Recheck Cond: ((id >= 5833758) AND (id <= 5834757))
	        ->  Bitmap Index Scan on sbtest2_pkey  (cost=0.00..35.06 rows=1062 width=0)
	              Index Cond: ((id >= 5833758) AND (id <= 5834757))

table 3 : explain SELECT c FROM sbtest3 WHERE id BETWEEN 911112 AND 912111 ORDER BY c
	Sort  (cost=4226.59..4229.29 rows=1079 width=121)
	  Sort Key: c
	  ->  Bitmap Heap Scan on sbtest3  (cost=35.49..4172.23 rows=1079 width=121)
	        Recheck Cond: ((id >= 911112) AND (id <= 912111))
	        ->  Bitmap Index Scan on sbtest3_pkey  (cost=0.00..35.23 rows=1079 width=0)
	              Index Cond: ((id >= 911112) AND (id <= 912111))

table 4 : explain SELECT c FROM sbtest4 WHERE id BETWEEN 1026372 AND 1027371 ORDER BY c
	Sort  (cost=3927.63..3930.12 rows=999 width=121)
	  Sort Key: c
	  ->  Bitmap Heap Scan on sbtest4  (cost=34.67..3877.86 rows=999 width=121)
	        Recheck Cond: ((id >= 1026372) AND (id <= 1027371))
	        ->  Bitmap Index Scan on sbtest4_pkey  (cost=0.00..34.43 rows=999 width=0)
	              Index Cond: ((id >= 1026372) AND (id <= 1027371))

table 5 : explain SELECT c FROM sbtest5 WHERE id BETWEEN 6726473 AND 6727472 ORDER BY c
	Sort  (cost=3797.18..3799.59 rows=965 width=121)
	  Sort Key: c
	  ->  Bitmap Heap Scan on sbtest5  (cost=34.33..3749.34 rows=965 width=121)
	        Recheck Cond: ((id >= 6726473) AND (id <= 6727472))
	        ->  Bitmap Index Scan on sbtest5_pkey  (cost=0.00..34.09 rows=965 width=0)
	              Index Cond: ((id >= 6726473) AND (id <= 6727472))

table 6 : explain SELECT c FROM sbtest6 WHERE id BETWEEN 1043464 AND 1044463 ORDER BY c
	Sort  (cost=3487.51..3489.70 rows=878 width=121)
	  Sort Key: c
	  ->  Index Scan using sbtest6_pkey on sbtest6  (cost=0.43..3444.58 rows=878 width=121)
	        Index Cond: ((id >= 1043464) AND (id <= 1044463))

table 7 : explain SELECT c FROM sbtest7 WHERE id BETWEEN 6246052 AND 6247051 ORDER BY c
	Sort  (cost=3931.09..3933.59 rows=1002 width=121)
	  Sort Key: c
	  ->  Bitmap Heap Scan on sbtest7  (cost=34.71..3881.14 rows=1002 width=121)
	        Recheck Cond: ((id >= 6246052) AND (id <= 6247051))
	        ->  Bitmap Index Scan on sbtest7_pkey  (cost=0.00..34.45 rows=1002 width=0)
	              Index Cond: ((id >= 6246052) AND (id <= 6247051))

table 8 : explain SELECT c FROM sbtest8 WHERE id BETWEEN 5685291 AND 5686290 ORDER BY c
	Sort  (cost=3840.03..3842.47 rows=978 width=121)
	  Sort Key: c
	  ->  Bitmap Heap Scan on sbtest8  (cost=34.46..3791.45 rows=978 width=121)
	        Recheck Cond: ((id >= 5685291) AND (id <= 5686290))
	        ->  Bitmap Index Scan on sbtest8_pkey  (cost=0.00..34.22 rows=978 width=0)
	              Index Cond: ((id >= 5685291) AND (id <= 5686290))

for: distinct_ranges
table 1 : explain SELECT DISTINCT c FROM sbtest1 WHERE id BETWEEN 1751738 AND 1752737 ORDER BY c
	Unique  (cost=4332.37..4337.91 rows=1108 width=121)
	  ->  Sort  (cost=4332.37..4335.14 rows=1108 width=121)
	        Sort Key: c
	        ->  Bitmap Heap Scan on sbtest1  (cost=35.79..4276.34 rows=1108 width=121)
	              Recheck Cond: ((id >= 1751738) AND (id <= 1752737))
	              ->  Bitmap Index Scan on sbtest1_pkey  (cost=0.00..35.52 rows=1108 width=0)
	                    Index Cond: ((id >= 1751738) AND (id <= 1752737))

table 2 : explain SELECT DISTINCT c FROM sbtest2 WHERE id BETWEEN 2654574 AND 2655573 ORDER BY c
	Unique  (cost=3775.04..3779.84 rows=961 width=121)
	  ->  Sort  (cost=3775.04..3777.44 rows=961 width=121)
	        Sort Key: c
	        ->  Bitmap Heap Scan on sbtest2  (cost=34.29..3727.43 rows=961 width=121)
	              Recheck Cond: ((id >= 2654574) AND (id <= 2655573))
	              ->  Bitmap Index Scan on sbtest2_pkey  (cost=0.00..34.05 rows=961 width=0)
	                    Index Cond: ((id >= 2654574) AND (id <= 2655573))

table 3 : explain SELECT DISTINCT c FROM sbtest3 WHERE id BETWEEN 2884086 AND 2885085 ORDER BY c
	Unique  (cost=4108.22..4113.46 rows=1048 width=121)
	  ->  Sort  (cost=4108.22..4110.84 rows=1048 width=121)
	        Sort Key: c
	        ->  Bitmap Heap Scan on sbtest3  (cost=35.18..4055.65 rows=1048 width=121)
	              Recheck Cond: ((id >= 2884086) AND (id <= 2885085))
	              ->  Bitmap Index Scan on sbtest3_pkey  (cost=0.00..34.92 rows=1048 width=0)
	                    Index Cond: ((id >= 2884086) AND (id <= 2885085))

table 4 : explain SELECT DISTINCT c FROM sbtest4 WHERE id BETWEEN 2523136 AND 2524135 ORDER BY c
	Unique  (cost=3597.13..3601.70 rows=914 width=121)
	  ->  Sort  (cost=3597.13..3599.42 rows=914 width=121)
	        Sort Key: c
	        ->  Bitmap Heap Scan on sbtest4  (cost=29.80..3552.18 rows=914 width=121)
	              Recheck Cond: ((id >= 2523136) AND (id <= 2524135))
	              ->  Bitmap Index Scan on sbtest4_pkey  (cost=0.00..29.57 rows=914 width=0)
	                    Index Cond: ((id >= 2523136) AND (id <= 2524135))

table 5 : explain SELECT DISTINCT c FROM sbtest5 WHERE id BETWEEN 3961956 AND 3962955 ORDER BY c
	Unique  (cost=4111.68..4116.92 rows=1047 width=121)
	  ->  Sort  (cost=4111.68..4114.30 rows=1047 width=121)
	        Sort Key: c
	        ->  Bitmap Heap Scan on sbtest5  (cost=35.17..4059.16 rows=1047 width=121)
	              Recheck Cond: ((id >= 3961956) AND (id <= 3962955))
	              ->  Bitmap Index Scan on sbtest5_pkey  (cost=0.00..34.91 rows=1047 width=0)
	                    Index Cond: ((id >= 3961956) AND (id <= 3962955))

table 6 : explain SELECT DISTINCT c FROM sbtest6 WHERE id BETWEEN 7794614 AND 7795613 ORDER BY c
	Unique  (cost=3944.49..3949.52 rows=1005 width=121)
	  ->  Sort  (cost=3944.49..3947.00 rows=1005 width=121)
	        Sort Key: c
	        ->  Bitmap Heap Scan on sbtest6  (cost=34.74..3894.38 rows=1005 width=121)
	              Recheck Cond: ((id >= 7794614) AND (id <= 7795613))
	              ->  Bitmap Index Scan on sbtest6_pkey  (cost=0.00..34.48 rows=1005 width=0)
	                    Index Cond: ((id >= 7794614) AND (id <= 7795613))

table 7 : explain SELECT DISTINCT c FROM sbtest7 WHERE id BETWEEN 6008621 AND 6009620 ORDER BY c
	Unique  (cost=3827.80..3832.68 rows=975 width=121)
	  ->  Sort  (cost=3827.80..3830.24 rows=975 width=121)
	        Sort Key: c
	        ->  Bitmap Heap Scan on sbtest7  (cost=34.43..3779.40 rows=975 width=121)
	              Recheck Cond: ((id >= 6008621) AND (id <= 6009620))
	              ->  Bitmap Index Scan on sbtest7_pkey  (cost=0.00..34.19 rows=975 width=0)
	                    Index Cond: ((id >= 6008621) AND (id <= 6009620))

table 8 : explain SELECT DISTINCT c FROM sbtest8 WHERE id BETWEEN 69584 AND 70583 ORDER BY c
	Unique  (cost=3885.95..3890.90 rows=990 width=121)
	  ->  Sort  (cost=3885.95..3888.43 rows=990 width=121)
	        Sort Key: c
	        ->  Bitmap Heap Scan on sbtest8  (cost=34.58..3836.69 rows=990 width=121)
	              Recheck Cond: ((id >= 69584) AND (id <= 70583))
	              ->  Bitmap Index Scan on sbtest8_pkey  (cost=0.00..34.34 rows=990 width=0)
	                    Index Cond: ((id >= 69584) AND (id <= 70583))

for: sum_ranges
table 1 : explain SELECT SUM(k) FROM sbtest1 WHERE id BETWEEN 9094091 AND 9095090
	Aggregate  (cost=4170.09..4170.10 rows=1 width=8)
	  ->  Bitmap Heap Scan on sbtest1  (cost=35.48..4167.40 rows=1078 width=4)
	        Recheck Cond: ((id >= 9094091) AND (id <= 9095090))
	        ->  Bitmap Index Scan on sbtest1_pkey  (cost=0.00..35.22 rows=1078 width=0)
	              Index Cond: ((id >= 9094091) AND (id <= 9095090))

table 2 : explain SELECT SUM(k) FROM sbtest2 WHERE id BETWEEN 3174166 AND 3175165
	Aggregate  (cost=3914.69..3914.70 rows=1 width=8)
	  ->  Bitmap Heap Scan on sbtest2  (cost=34.79..3912.16 rows=1010 width=4)
	        Recheck Cond: ((id >= 3174166) AND (id <= 3175165))
	        ->  Bitmap Index Scan on sbtest2_pkey  (cost=0.00..34.54 rows=1010 width=0)
	              Index Cond: ((id >= 3174166) AND (id <= 3175165))

table 3 : explain SELECT SUM(k) FROM sbtest3 WHERE id BETWEEN 331805 AND 332804
	Aggregate  (cost=3892.48..3892.49 rows=1 width=8)
	  ->  Bitmap Heap Scan on sbtest3  (cost=34.73..3889.97 rows=1004 width=4)
	        Recheck Cond: ((id >= 331805) AND (id <= 332804))
	        ->  Bitmap Index Scan on sbtest3_pkey  (cost=0.00..34.48 rows=1004 width=0)
	              Index Cond: ((id >= 331805) AND (id <= 332804))

table 4 : explain SELECT SUM(k) FROM sbtest4 WHERE id BETWEEN 3557513 AND 3558512
	Aggregate  (cost=4031.52..4031.53 rows=1 width=8)
	  ->  Bitmap Heap Scan on sbtest4  (cost=35.08..4028.92 rows=1039 width=4)
	        Recheck Cond: ((id >= 3557513) AND (id <= 3558512))
	        ->  Bitmap Index Scan on sbtest4_pkey  (cost=0.00..34.83 rows=1039 width=0)
	              Index Cond: ((id >= 3557513) AND (id <= 3558512))

table 5 : explain SELECT SUM(k) FROM sbtest5 WHERE id BETWEEN 7480391 AND 7481390
	Aggregate  (cost=3751.76..3751.77 rows=1 width=8)
	  ->  Bitmap Heap Scan on sbtest5  (cost=34.33..3749.34 rows=965 width=4)
	        Recheck Cond: ((id >= 7480391) AND (id <= 7481390))
	        ->  Bitmap Index Scan on sbtest5_pkey  (cost=0.00..34.09 rows=965 width=0)
	              Index Cond: ((id >= 7480391) AND (id <= 7481390))

table 6 : explain SELECT SUM(k) FROM sbtest6 WHERE id BETWEEN 8851045 AND 8852044
	Aggregate  (cost=3696.81..3696.82 rows=1 width=8)
	  ->  Bitmap Heap Scan on sbtest6  (cost=34.19..3694.43 rows=952 width=4)
	        Recheck Cond: ((id >= 8851045) AND (id <= 8852044))
	        ->  Bitmap Index Scan on sbtest6_pkey  (cost=0.00..33.95 rows=952 width=0)
	              Index Cond: ((id >= 8851045) AND (id <= 8852044))

table 7 : explain SELECT SUM(k) FROM sbtest7 WHERE id BETWEEN 2985475 AND 2986474
	Aggregate  (cost=4199.81..4199.82 rows=1 width=8)
	  ->  Bitmap Heap Scan on sbtest7  (cost=35.57..4197.09 rows=1086 width=4)
	        Recheck Cond: ((id >= 2985475) AND (id <= 2986474))
	        ->  Bitmap Index Scan on sbtest7_pkey  (cost=0.00..35.30 rows=1086 width=0)
	              Index Cond: ((id >= 2985475) AND (id <= 2986474))

table 8 : explain SELECT SUM(k) FROM sbtest8 WHERE id BETWEEN 796964 AND 797963
	Aggregate  (cost=3775.03..3775.04 rows=1 width=8)
	  ->  Bitmap Heap Scan on sbtest8  (cost=34.41..3772.60 rows=973 width=4)
	        Recheck Cond: ((id >= 796964) AND (id <= 797963))
	        ->  Bitmap Index Scan on sbtest8_pkey  (cost=0.00..34.17 rows=973 width=0)
	              Index Cond: ((id >= 796964) AND (id <= 797963))

for: order_ranges
table 1 : explain SELECT c FROM sbtest1 WHERE id BETWEEN 1659922 AND 1660921 ORDER BY c
	Sort  (cost=3778.34..3780.75 rows=962 width=121)
	  Sort Key: c
	  ->  Bitmap Heap Scan on sbtest1  (cost=34.30..3730.68 rows=962 width=121)
	        Recheck Cond: ((id >= 1659922) AND (id <= 1660921))
	        ->  Bitmap Index Scan on sbtest1_pkey  (cost=0.00..34.06 rows=962 width=0)
	              Index Cond: ((id >= 1659922) AND (id <= 1660921))

table 2 : explain SELECT c FROM sbtest2 WHERE id BETWEEN 1156971 AND 1157970 ORDER BY c
	Sort  (cost=3996.97..3999.52 rows=1019 width=121)
	  Sort Key: c
	  ->  Bitmap Heap Scan on sbtest2  (cost=34.88..3946.06 rows=1019 width=121)
	        Recheck Cond: ((id >= 1156971) AND (id <= 1157970))
	        ->  Bitmap Index Scan on sbtest2_pkey  (cost=0.00..34.62 rows=1019 width=0)
	              Index Cond: ((id >= 1156971) AND (id <= 1157970))

table 3 : explain SELECT c FROM sbtest3 WHERE id BETWEEN 1054749 AND 1055748 ORDER BY c
	Sort  (cost=3867.32..3869.78 rows=985 width=121)
	  Sort Key: c
	  ->  Bitmap Heap Scan on sbtest3  (cost=34.53..3818.35 rows=985 width=121)
	        Recheck Cond: ((id >= 1054749) AND (id <= 1055748))
	        ->  Bitmap Index Scan on sbtest3_pkey  (cost=0.00..34.29 rows=985 width=0)
	              Index Cond: ((id >= 1054749) AND (id <= 1055748))

table 4 : explain SELECT c FROM sbtest4 WHERE id BETWEEN 1378634 AND 1379633 ORDER BY c
	Sort  (cost=3589.44..3591.72 rows=912 width=121)
	  Sort Key: c
	  ->  Bitmap Heap Scan on sbtest4  (cost=29.78..3544.60 rows=912 width=121)
	        Recheck Cond: ((id >= 1378634) AND (id <= 1379633))
	        ->  Bitmap Index Scan on sbtest4_pkey  (cost=0.00..29.55 rows=912 width=0)
	              Index Cond: ((id >= 1378634) AND (id <= 1379633))

table 5 : explain SELECT c FROM sbtest5 WHERE id BETWEEN 1535858 AND 1536857 ORDER BY c
	Sort  (cost=4015.88..4018.43 rows=1022 width=121)
	  Sort Key: c
	  ->  Bitmap Heap Scan on sbtest5  (cost=34.91..3964.79 rows=1022 width=121)
	        Recheck Cond: ((id >= 1535858) AND (id <= 1536857))
	        ->  Bitmap Index Scan on sbtest5_pkey  (cost=0.00..34.66 rows=1022 width=0)
	              Index Cond: ((id >= 1535858) AND (id <= 1536857))

table 6 : explain SELECT c FROM sbtest6 WHERE id BETWEEN 7759259 AND 7760258 ORDER BY c
	Sort  (cost=3944.49..3947.00 rows=1005 width=121)
	  Sort Key: c
	  ->  Bitmap Heap Scan on sbtest6  (cost=34.74..3894.38 rows=1005 width=121)
	        Recheck Cond: ((id >= 7759259) AND (id <= 7760258))
	        ->  Bitmap Index Scan on sbtest6_pkey  (cost=0.00..34.48 rows=1005 width=0)
	              Index Cond: ((id >= 7759259) AND (id <= 7760258))

table 7 : explain SELECT c FROM sbtest7 WHERE id BETWEEN 4255353 AND 4256352 ORDER BY c
	Sort  (cost=4030.46..4033.03 rows=1028 width=121)
	  Sort Key: c
	  ->  Bitmap Heap Scan on sbtest7  (cost=34.97..3979.03 rows=1028 width=121)
	        Recheck Cond: ((id >= 4255353) AND (id <= 4256352))
	        ->  Bitmap Index Scan on sbtest7_pkey  (cost=0.00..34.72 rows=1028 width=0)
	              Index Cond: ((id >= 4255353) AND (id <= 4256352))

table 8 : explain SELECT c FROM sbtest8 WHERE id BETWEEN 4288380 AND 4289379 ORDER BY c
	Sort  (cost=3820.89..3823.32 rows=973 width=121)
	  Sort Key: c
	  ->  Bitmap Heap Scan on sbtest8  (cost=34.41..3772.60 rows=973 width=121)
	        Recheck Cond: ((id >= 4288380) AND (id <= 4289379))
	        ->  Bitmap Index Scan on sbtest8_pkey  (cost=0.00..34.17 rows=973 width=0)
	              Index Cond: ((id >= 4288380) AND (id <= 4289379))

for point_selects
table 1 : explain SELECT c FROM sbtest1 WHERE id=9733104
	Index Scan using sbtest1_pkey on sbtest1  (cost=0.43..8.45 rows=1 width=121)
	  Index Cond: (id = 9733104)

table 2 : explain SELECT c FROM sbtest2 WHERE id=3625299
	Index Scan using sbtest2_pkey on sbtest2  (cost=0.43..8.45 rows=1 width=121)
	  Index Cond: (id = 3625299)

table 3 : explain SELECT c FROM sbtest3 WHERE id=3073718
	Index Scan using sbtest3_pkey on sbtest3  (cost=0.43..8.45 rows=1 width=121)
	  Index Cond: (id = 3073718)

table 4 : explain SELECT c FROM sbtest4 WHERE id=6860132
	Index Scan using sbtest4_pkey on sbtest4  (cost=0.43..8.45 rows=1 width=121)
	  Index Cond: (id = 6860132)

table 5 : explain SELECT c FROM sbtest5 WHERE id=5453137
	Index Scan using sbtest5_pkey on sbtest5  (cost=0.43..8.45 rows=1 width=121)
	  Index Cond: (id = 5453137)

table 6 : explain SELECT c FROM sbtest6 WHERE id=4523390
	Index Scan using sbtest6_pkey on sbtest6  (cost=0.43..8.45 rows=1 width=121)
	  Index Cond: (id = 4523390)

table 7 : explain SELECT c FROM sbtest7 WHERE id=5808715
	Index Scan using sbtest7_pkey on sbtest7  (cost=0.43..8.45 rows=1 width=121)
	  Index Cond: (id = 5808715)

table 8 : explain SELECT c FROM sbtest8 WHERE id=4183632
	Index Scan using sbtest8_pkey on sbtest8  (cost=0.43..8.45 rows=1 width=121)
	  Index Cond: (id = 4183632)

for: simple_ranges
table 1 : explain SELECT c FROM sbtest1 WHERE id BETWEEN 9358284 AND 9359283
	Bitmap Heap Scan on sbtest1  (cost=34.50..3806.10 rows=982 width=121)
	  Recheck Cond: ((id >= 9358284) AND (id <= 9359283))
	  ->  Bitmap Index Scan on sbtest1_pkey  (cost=0.00..34.26 rows=982 width=0)
	        Index Cond: ((id >= 9358284) AND (id <= 9359283))

table 2 : explain SELECT c FROM sbtest2 WHERE id BETWEEN 1341472 AND 1342471
	Bitmap Heap Scan on sbtest2  (cost=34.75..3897.09 rows=1006 width=121)
	  Recheck Cond: ((id >= 1341472) AND (id <= 1342471))
	  ->  Bitmap Index Scan on sbtest2_pkey  (cost=0.00..34.50 rows=1006 width=0)
	        Index Cond: ((id >= 1341472) AND (id <= 1342471))

table 3 : explain SELECT c FROM sbtest3 WHERE id BETWEEN 2796115 AND 2797114
	Bitmap Heap Scan on sbtest3  (cost=34.82..3923.88 rows=1013 width=121)
	  Recheck Cond: ((id >= 2796115) AND (id <= 2797114))
	  ->  Bitmap Index Scan on sbtest3_pkey  (cost=0.00..34.57 rows=1013 width=0)
	        Index Cond: ((id >= 2796115) AND (id <= 2797114))

table 4 : explain SELECT c FROM sbtest4 WHERE id BETWEEN 6035261 AND 6036260
	Bitmap Heap Scan on sbtest4  (cost=35.25..4089.29 rows=1055 width=121)
	  Recheck Cond: ((id >= 6035261) AND (id <= 6036260))
	  ->  Bitmap Index Scan on sbtest4_pkey  (cost=0.00..34.98 rows=1055 width=0)
	        Index Cond: ((id >= 6035261) AND (id <= 6036260))

table 5 : explain SELECT c FROM sbtest5 WHERE id BETWEEN 217803 AND 218802
	Bitmap Heap Scan on sbtest5  (cost=34.77..3911.91 rows=1008 width=121)
	  Recheck Cond: ((id >= 217803) AND (id <= 218802))
	  ->  Bitmap Index Scan on sbtest5_pkey  (cost=0.00..34.52 rows=1008 width=0)
	        Index Cond: ((id >= 217803) AND (id <= 218802))

table 6 : explain SELECT c FROM sbtest6 WHERE id BETWEEN 8312254 AND 8313253
	Bitmap Heap Scan on sbtest6  (cost=35.07..4018.69 rows=1038 width=121)
	  Recheck Cond: ((id >= 8312254) AND (id <= 8313253))
	  ->  Bitmap Index Scan on sbtest6_pkey  (cost=0.00..34.82 rows=1038 width=0)
	        Index Cond: ((id >= 8312254) AND (id <= 8313253))

table 7 : explain SELECT c FROM sbtest7 WHERE id BETWEEN 1486485 AND 1487484
	Bitmap Heap Scan on sbtest7  (cost=34.90..3952.69 rows=1021 width=121)
	  Recheck Cond: ((id >= 1486485) AND (id <= 1487484))
	  ->  Bitmap Index Scan on sbtest7_pkey  (cost=0.00..34.65 rows=1021 width=0)
	        Index Cond: ((id >= 1486485) AND (id <= 1487484))

table 8 : explain SELECT c FROM sbtest8 WHERE id BETWEEN 310973 AND 311972
	Bitmap Heap Scan on sbtest8  (cost=34.50..3806.53 rows=982 width=121)
	  Recheck Cond: ((id >= 310973) AND (id <= 311972))
	  ->  Bitmap Index Scan on sbtest8_pkey  (cost=0.00..34.26 rows=982 width=0)
	        Index Cond: ((id >= 310973) AND (id <= 311972))

for: distinct_ranges
table 1 : explain SELECT DISTINCT c FROM sbtest1 WHERE id BETWEEN 8474226 AND 8475225 ORDER BY c
	Unique  (cost=3778.34..3783.15 rows=962 width=121)
	  ->  Sort  (cost=3778.34..3780.75 rows=962 width=121)
	        Sort Key: c
	        ->  Bitmap Heap Scan on sbtest1  (cost=34.30..3730.68 rows=962 width=121)
	              Recheck Cond: ((id >= 8474226) AND (id <= 8475225))
	              ->  Bitmap Index Scan on sbtest1_pkey  (cost=0.00..34.06 rows=962 width=0)
	                    Index Cond: ((id >= 8474226) AND (id <= 8475225))

table 2 : explain SELECT DISTINCT c FROM sbtest2 WHERE id BETWEEN 3161897 AND 3162896 ORDER BY c
	Unique  (cost=3962.56..3967.61 rows=1010 width=121)
	  ->  Sort  (cost=3962.56..3965.09 rows=1010 width=121)
	        Sort Key: c
	        ->  Bitmap Heap Scan on sbtest2  (cost=34.79..3912.16 rows=1010 width=121)
	              Recheck Cond: ((id >= 3161897) AND (id <= 3162896))
	              ->  Bitmap Index Scan on sbtest2_pkey  (cost=0.00..34.54 rows=1010 width=0)
	                    Index Cond: ((id >= 3161897) AND (id <= 3162896))

table 3 : explain SELECT DISTINCT c FROM sbtest3 WHERE id BETWEEN 8464465 AND 8465464 ORDER BY c
	Unique  (cost=3564.39..3568.92 rows=907 width=121)
	  ->  Sort  (cost=3564.39..3566.65 rows=907 width=121)
	        Sort Key: c
	        ->  Bitmap Heap Scan on sbtest3  (cost=29.73..3519.83 rows=907 width=121)
	              Recheck Cond: ((id >= 8464465) AND (id <= 8465464))
	              ->  Bitmap Index Scan on sbtest3_pkey  (cost=0.00..29.50 rows=907 width=0)
	                    Index Cond: ((id >= 8464465) AND (id <= 8465464))

table 4 : explain SELECT DISTINCT c FROM sbtest4 WHERE id BETWEEN 4488488 AND 4489487 ORDER BY c
	Unique  (cost=3697.25..3701.95 rows=939 width=121)
	  ->  Sort  (cost=3697.25..3699.60 rows=939 width=121)
	        Sort Key: c
	        ->  Bitmap Heap Scan on sbtest4  (cost=34.06..3650.89 rows=939 width=121)
	              Recheck Cond: ((id >= 4488488) AND (id <= 4489487))
	              ->  Bitmap Index Scan on sbtest4_pkey  (cost=0.00..33.83 rows=939 width=0)
	                    Index Cond: ((id >= 4488488) AND (id <= 4489487))

table 5 : explain SELECT DISTINCT c FROM sbtest5 WHERE id BETWEEN 9878762 AND 9879761 ORDER BY c
	Unique  (cost=3966.03..3971.08 rows=1009 width=121)
	  ->  Sort  (cost=3966.03..3968.56 rows=1009 width=121)
	        Sort Key: c
	        ->  Bitmap Heap Scan on sbtest5  (cost=34.78..3915.69 rows=1009 width=121)
	              Recheck Cond: ((id >= 9878762) AND (id <= 9879761))
	              ->  Bitmap Index Scan on sbtest5_pkey  (cost=0.00..34.53 rows=1009 width=0)
	                    Index Cond: ((id >= 9878762) AND (id <= 9879761))

table 6 : explain SELECT DISTINCT c FROM sbtest6 WHERE id BETWEEN 1815389 AND 1816388 ORDER BY c
	Unique  (cost=4108.91..4114.15 rows=1048 width=121)
	  ->  Sort  (cost=4108.91..4111.53 rows=1048 width=121)
	        Sort Key: c
	        ->  Bitmap Heap Scan on sbtest6  (cost=35.18..4056.33 rows=1048 width=121)
	              Recheck Cond: ((id >= 1815389) AND (id <= 1816388))
	              ->  Bitmap Index Scan on sbtest6_pkey  (cost=0.00..34.92 rows=1048 width=0)
	                    Index Cond: ((id >= 1815389) AND (id <= 1816388))

table 7 : explain SELECT DISTINCT c FROM sbtest7 WHERE id BETWEEN 4217862 AND 4218861 ORDER BY c
	Unique  (cost=4030.46..4035.60 rows=1028 width=121)
	  ->  Sort  (cost=4030.46..4033.03 rows=1028 width=121)
	        Sort Key: c
	        ->  Bitmap Heap Scan on sbtest7  (cost=34.97..3979.03 rows=1028 width=121)
	              Recheck Cond: ((id >= 4217862) AND (id <= 4218861))
	              ->  Bitmap Index Scan on sbtest7_pkey  (cost=0.00..34.72 rows=1028 width=0)
	                    Index Cond: ((id >= 4217862) AND (id <= 4218861))

table 8 : explain SELECT DISTINCT c FROM sbtest8 WHERE id BETWEEN 3391820 AND 3392819 ORDER BY c
	Unique  (cost=3563.94..3568.48 rows=907 width=121)
	  ->  Sort  (cost=3563.94..3566.21 rows=907 width=121)
	        Sort Key: c
	        ->  Bitmap Heap Scan on sbtest8  (cost=29.73..3519.39 rows=907 width=121)
	              Recheck Cond: ((id >= 3391820) AND (id <= 3392819))
	              ->  Bitmap Index Scan on sbtest8_pkey  (cost=0.00..29.50 rows=907 width=0)
	                    Index Cond: ((id >= 3391820) AND (id <= 3392819))

for: order_ranges
table 1 : explain SELECT c FROM sbtest1 WHERE id BETWEEN 7812762 AND 7813761 ORDER BY c
	Sort  (cost=3667.08..3669.42 rows=934 width=121)
	  Sort Key: c
	  ->  Bitmap Heap Scan on sbtest1  (cost=30.01..3621.00 rows=934 width=121)
	        Recheck Cond: ((id >= 7812762) AND (id <= 7813761))
	        ->  Bitmap Index Scan on sbtest1_pkey  (cost=0.00..29.77 rows=934 width=0)
	              Index Cond: ((id >= 7812762) AND (id <= 7813761))

table 2 : explain SELECT c FROM sbtest2 WHERE id BETWEEN 4005712 AND 4006711 ORDER BY c
	Sort  (cost=4035.20..4037.77 rows=1029 width=121)
	  Sort Key: c
	  ->  Bitmap Heap Scan on sbtest2  (cost=34.98..3983.71 rows=1029 width=121)
	        Recheck Cond: ((id >= 4005712) AND (id <= 4006711))
	        ->  Bitmap Index Scan on sbtest2_pkey  (cost=0.00..34.73 rows=1029 width=0)
	              Index Cond: ((id >= 4005712) AND (id <= 4006711))

table 3 : explain SELECT c FROM sbtest3 WHERE id BETWEEN 7375647 AND 7376646 ORDER BY c
	Sort  (cost=4157.88..4160.53 rows=1061 width=121)
	  Sort Key: c
	  ->  Bitmap Heap Scan on sbtest3  (cost=35.31..4104.55 rows=1061 width=121)
	        Recheck Cond: ((id >= 7375647) AND (id <= 7376646))
	        ->  Bitmap Index Scan on sbtest3_pkey  (cost=0.00..35.05 rows=1061 width=0)
	              Index Cond: ((id >= 7375647) AND (id <= 7376646))

table 4 : explain SELECT c FROM sbtest4 WHERE id BETWEEN 9745083 AND 9746082 ORDER BY c
	Sort  (cost=3962.15..3964.67 rows=1008 width=121)
	  Sort Key: c
	  ->  Bitmap Heap Scan on sbtest4  (cost=34.77..3911.86 rows=1008 width=121)
	        Recheck Cond: ((id >= 9745083) AND (id <= 9746082))
	        ->  Bitmap Index Scan on sbtest4_pkey  (cost=0.00..34.52 rows=1008 width=0)
	              Index Cond: ((id >= 9745083) AND (id <= 9746082))

table 5 : explain SELECT c FROM sbtest5 WHERE id BETWEEN 5655599 AND 5656598 ORDER BY c
	Sort  (cost=3554.86..3557.12 rows=903 width=121)
	  Sort Key: c
	  ->  Bitmap Heap Scan on sbtest5  (cost=29.69..3510.53 rows=903 width=121)
	        Recheck Cond: ((id >= 5655599) AND (id <= 5656598))
	        ->  Bitmap Index Scan on sbtest5_pkey  (cost=0.00..29.46 rows=903 width=0)
	              Index Cond: ((id >= 5655599) AND (id <= 5656598))

table 6 : explain SELECT c FROM sbtest6 WHERE id BETWEEN 3083416 AND 3084415 ORDER BY c
	Sort  (cost=3783.68..3786.09 rows=963 width=121)
	  Sort Key: c
	  ->  Bitmap Heap Scan on sbtest6  (cost=34.31..3735.96 rows=963 width=121)
	        Recheck Cond: ((id >= 3083416) AND (id <= 3084415))
	        ->  Bitmap Index Scan on sbtest6_pkey  (cost=0.00..34.07 rows=963 width=0)
	              Index Cond: ((id >= 3083416) AND (id <= 3084415))

table 7 : explain SELECT c FROM sbtest7 WHERE id BETWEEN 2885395 AND 2886394 ORDER BY c
	Sort  (cost=4083.94..4086.54 rows=1042 width=121)
	  Sort Key: c
	  ->  Bitmap Heap Scan on sbtest7  (cost=35.12..4031.71 rows=1042 width=121)
	        Recheck Cond: ((id >= 2885395) AND (id <= 2886394))
	        ->  Bitmap Index Scan on sbtest7_pkey  (cost=0.00..34.86 rows=1042 width=0)
	              Index Cond: ((id >= 2885395) AND (id <= 2886394))

table 8 : explain SELECT c FROM sbtest8 WHERE id BETWEEN 2328261 AND 2329260 ORDER BY c
	Sort  (cost=3912.73..3915.23 rows=997 width=121)
	  Sort Key: c
	  ->  Bitmap Heap Scan on sbtest8  (cost=34.65..3863.08 rows=997 width=121)
	        Recheck Cond: ((id >= 2328261) AND (id <= 2329260))
	        ->  Bitmap Index Scan on sbtest8_pkey  (cost=0.00..34.41 rows=997 width=0)
	              Index Cond: ((id >= 2328261) AND (id <= 2329260))

for: distinct_ranges
table 1 : explain SELECT DISTINCT c FROM sbtest1 WHERE id BETWEEN 4825706 AND 4826705 ORDER BY c
	Unique  (cost=4053.72..4058.89 rows=1034 width=121)
	  ->  Sort  (cost=4053.72..4056.30 rows=1034 width=121)
	        Sort Key: c
	        ->  Bitmap Heap Scan on sbtest1  (cost=35.03..4001.95 rows=1034 width=121)
	              Recheck Cond: ((id >= 4825706) AND (id <= 4826705))
	              ->  Bitmap Index Scan on sbtest1_pkey  (cost=0.00..34.78 rows=1034 width=0)
	                    Index Cond: ((id >= 4825706) AND (id <= 4826705))

table 2 : explain SELECT DISTINCT c FROM sbtest2 WHERE id BETWEEN 4635006 AND 4636005 ORDER BY c
	Unique  (cost=3958.74..3963.78 rows=1009 width=121)
	  ->  Sort  (cost=3958.74..3961.26 rows=1009 width=121)
	        Sort Key: c
	        ->  Bitmap Heap Scan on sbtest2  (cost=34.78..3908.39 rows=1009 width=121)
	              Recheck Cond: ((id >= 4635006) AND (id <= 4636005))
	              ->  Bitmap Index Scan on sbtest2_pkey  (cost=0.00..34.53 rows=1009 width=0)
	                    Index Cond: ((id >= 4635006) AND (id <= 4636005))

table 3 : explain SELECT DISTINCT c FROM sbtest3 WHERE id BETWEEN 7934120 AND 7935119 ORDER BY c
	Unique  (cost=3756.27..3761.05 rows=956 width=121)
	  ->  Sort  (cost=3756.27..3758.66 rows=956 width=121)
	        Sort Key: c
	        ->  Bitmap Heap Scan on sbtest3  (cost=34.23..3708.94 rows=956 width=121)
	              Recheck Cond: ((id >= 7934120) AND (id <= 7935119))
	              ->  Bitmap Index Scan on sbtest3_pkey  (cost=0.00..34.00 rows=956 width=0)
	                    Index Cond: ((id >= 7934120) AND (id <= 7935119))

table 4 : explain SELECT DISTINCT c FROM sbtest4 WHERE id BETWEEN 320087 AND 321086 ORDER BY c
	Unique  (cost=4046.49..4051.64 rows=1030 width=121)
	  ->  Sort  (cost=4046.49..4049.07 rows=1030 width=121)
	        Sort Key: c
	        ->  Bitmap Heap Scan on sbtest4  (cost=34.99..3994.95 rows=1030 width=121)
	              Recheck Cond: ((id >= 320087) AND (id <= 321086))
	              ->  Bitmap Index Scan on sbtest4_pkey  (cost=0.00..34.73 rows=1030 width=0)
	                    Index Cond: ((id >= 320087) AND (id <= 321086))

table 5 : explain SELECT DISTINCT c FROM sbtest5 WHERE id BETWEEN 3189396 AND 3190395 ORDER BY c
	Unique  (cost=3943.02..3948.04 rows=1003 width=121)
	  ->  Sort  (cost=3943.02..3945.53 rows=1003 width=121)
	        Sort Key: c
	        ->  Bitmap Heap Scan on sbtest5  (cost=34.72..3893.02 rows=1003 width=121)
	              Recheck Cond: ((id >= 3189396) AND (id <= 3190395))
	              ->  Bitmap Index Scan on sbtest5_pkey  (cost=0.00..34.47 rows=1003 width=0)
	                    Index Cond: ((id >= 3189396) AND (id <= 3190395))

table 6 : explain SELECT DISTINCT c FROM sbtest6 WHERE id BETWEEN 780794 AND 781793 ORDER BY c
	Unique  (cost=3703.20..3707.91 rows=942 width=121)
	  ->  Sort  (cost=3703.20..3705.55 rows=942 width=121)
	        Sort Key: c
	        ->  Bitmap Heap Scan on sbtest6  (cost=34.09..3656.67 rows=942 width=121)
	              Recheck Cond: ((id >= 780794) AND (id <= 781793))
	              ->  Bitmap Index Scan on sbtest6_pkey  (cost=0.00..33.86 rows=942 width=0)
	                    Index Cond: ((id >= 780794) AND (id <= 781793))

table 7 : explain SELECT DISTINCT c FROM sbtest7 WHERE id BETWEEN 9963486 AND 9964485 ORDER BY c
	Unique  (cost=3896.67..3901.63 rows=993 width=121)
	  ->  Sort  (cost=3896.67..3899.15 rows=993 width=121)
	        Sort Key: c
	        ->  Bitmap Heap Scan on sbtest7  (cost=34.61..3847.24 rows=993 width=121)
	              Recheck Cond: ((id >= 9963486) AND (id <= 9964485))
	              ->  Bitmap Index Scan on sbtest7_pkey  (cost=0.00..34.37 rows=993 width=0)
	                    Index Cond: ((id >= 9963486) AND (id <= 9964485))

table 8 : explain SELECT DISTINCT c FROM sbtest8 WHERE id BETWEEN 3951030 AND 3952029 ORDER BY c
	Unique  (cost=4107.67..4112.91 rows=1048 width=121)
	  ->  Sort  (cost=4107.67..4110.29 rows=1048 width=121)
	        Sort Key: c
	        ->  Bitmap Heap Scan on sbtest8  (cost=35.18..4055.10 rows=1048 width=121)
	              Recheck Cond: ((id >= 3951030) AND (id <= 3952029))
	              ->  Bitmap Index Scan on sbtest8_pkey  (cost=0.00..34.92 rows=1048 width=0)
	                    Index Cond: ((id >= 3951030) AND (id <= 3952029))

for: sum_ranges
table 1 : explain SELECT SUM(k) FROM sbtest1 WHERE id BETWEEN 2553301 AND 2554300
	Aggregate  (cost=4023.36..4023.37 rows=1 width=8)
	  ->  Bitmap Heap Scan on sbtest1  (cost=35.08..4020.76 rows=1039 width=4)
	        Recheck Cond: ((id >= 2553301) AND (id <= 2554300))
	        ->  Bitmap Index Scan on sbtest1_pkey  (cost=0.00..34.83 rows=1039 width=0)
	              Index Cond: ((id >= 2553301) AND (id <= 2554300))

table 2 : explain SELECT SUM(k) FROM sbtest2 WHERE id BETWEEN 3006529 AND 3007528
	Aggregate  (cost=3824.18..3824.19 rows=1 width=8)
	  ->  Bitmap Heap Scan on sbtest2  (cost=34.54..3821.72 rows=986 width=4)
	        Recheck Cond: ((id >= 3006529) AND (id <= 3007528))
	        ->  Bitmap Index Scan on sbtest2_pkey  (cost=0.00..34.30 rows=986 width=0)
	              Index Cond: ((id >= 3006529) AND (id <= 3007528))

table 3 : explain SELECT SUM(k) FROM sbtest3 WHERE id BETWEEN 5211768 AND 5212767
	Aggregate  (cost=3696.22..3696.23 rows=1 width=8)
	  ->  Bitmap Heap Scan on sbtest3  (cost=34.19..3693.84 rows=952 width=4)
	        Recheck Cond: ((id >= 5211768) AND (id <= 5212767))
	        ->  Bitmap Index Scan on sbtest3_pkey  (cost=0.00..33.95 rows=952 width=0)
	              Index Cond: ((id >= 5211768) AND (id <= 5212767))

table 4 : explain SELECT SUM(k) FROM sbtest4 WHERE id BETWEEN 6723018 AND 6724017
	Aggregate  (cost=3744.14..3744.15 rows=1 width=8)
	  ->  Bitmap Heap Scan on sbtest4  (cost=34.31..3741.73 rows=963 width=4)
	        Recheck Cond: ((id >= 6723018) AND (id <= 6724017))
	        ->  Bitmap Index Scan on sbtest4_pkey  (cost=0.00..34.07 rows=963 width=0)
	              Index Cond: ((id >= 6723018) AND (id <= 6724017))

table 5 : explain SELECT SUM(k) FROM sbtest5 WHERE id BETWEEN 8425508 AND 8426507
	Aggregate  (cost=3974.91..3974.92 rows=1 width=8)
	  ->  Bitmap Heap Scan on sbtest5  (cost=34.93..3972.35 rows=1024 width=4)
	        Recheck Cond: ((id >= 8425508) AND (id <= 8426507))
	        ->  Bitmap Index Scan on sbtest5_pkey  (cost=0.00..34.68 rows=1024 width=0)
	              Index Cond: ((id >= 8425508) AND (id <= 8426507))

table 6 : explain SELECT SUM(k) FROM sbtest6 WHERE id BETWEEN 9983674 AND 9984673
	Aggregate  (cost=3719.48..3719.49 rows=1 width=8)
	  ->  Bitmap Heap Scan on sbtest6  (cost=34.25..3717.09 rows=958 width=4)
	        Recheck Cond: ((id >= 9983674) AND (id <= 9984673))
	        ->  Bitmap Index Scan on sbtest6_pkey  (cost=0.00..34.02 rows=958 width=0)
	              Index Cond: ((id >= 9983674) AND (id <= 9984673))

table 7 : explain SELECT SUM(k) FROM sbtest7 WHERE id BETWEEN 5436746 AND 5437745
	Aggregate  (cost=3838.41..3838.42 rows=1 width=8)
	  ->  Bitmap Heap Scan on sbtest7  (cost=34.58..3835.93 rows=990 width=4)
	        Recheck Cond: ((id >= 5436746) AND (id <= 5437745))
	        ->  Bitmap Index Scan on sbtest7_pkey  (cost=0.00..34.34 rows=990 width=0)
	              Index Cond: ((id >= 5436746) AND (id <= 5437745))

table 8 : explain SELECT SUM(k) FROM sbtest8 WHERE id BETWEEN 6959385 AND 6960384
	Aggregate  (cost=3525.44..3525.45 rows=1 width=8)
	  ->  Bitmap Heap Scan on sbtest8  (cost=29.74..3523.17 rows=908 width=4)
	        Recheck Cond: ((id >= 6959385) AND (id <= 6960384))
	        ->  Bitmap Index Scan on sbtest8_pkey  (cost=0.00..29.51 rows=908 width=0)
	              Index Cond: ((id >= 6959385) AND (id <= 6960384))

for: order_ranges
table 1 : explain SELECT c FROM sbtest1 WHERE id BETWEEN 3827078 AND 3828077 ORDER BY c
	Sort  (cost=4336.18..4338.95 rows=1109 width=121)
	  Sort Key: c
	  ->  Bitmap Heap Scan on sbtest1  (cost=35.80..4280.09 rows=1109 width=121)
	        Recheck Cond: ((id >= 3827078) AND (id <= 3828077))
	        ->  Bitmap Index Scan on sbtest1_pkey  (cost=0.00..35.53 rows=1109 width=0)
	              Index Cond: ((id >= 3827078) AND (id <= 3828077))

table 2 : explain SELECT c FROM sbtest2 WHERE id BETWEEN 6794660 AND 6795659 ORDER BY c
	Sort  (cost=3663.75..3666.08 rows=933 width=121)
	  Sort Key: c
	  ->  Bitmap Heap Scan on sbtest2  (cost=30.00..3617.72 rows=933 width=121)
	        Recheck Cond: ((id >= 6794660) AND (id <= 6795659))
	        ->  Bitmap Index Scan on sbtest2_pkey  (cost=0.00..29.76 rows=933 width=0)
	              Index Cond: ((id >= 6794660) AND (id <= 6795659))

table 3 : explain SELECT c FROM sbtest3 WHERE id BETWEEN 6803602 AND 6804601 ORDER BY c
	Sort  (cost=3855.84..3858.29 rows=982 width=121)
	  Sort Key: c
	  ->  Bitmap Heap Scan on sbtest3  (cost=34.50..3807.03 rows=982 width=121)
	        Recheck Cond: ((id >= 6803602) AND (id <= 6804601))
	        ->  Bitmap Index Scan on sbtest3_pkey  (cost=0.00..34.26 rows=982 width=0)
	              Index Cond: ((id >= 6803602) AND (id <= 6804601))

table 4 : explain SELECT c FROM sbtest4 WHERE id BETWEEN 543732 AND 544731 ORDER BY c
	Sort  (cost=3843.21..3845.65 rows=977 width=121)
	  Sort Key: c
	  ->  Bitmap Heap Scan on sbtest4  (cost=34.45..3794.69 rows=977 width=121)
	        Recheck Cond: ((id >= 543732) AND (id <= 544731))
	        ->  Bitmap Index Scan on sbtest4_pkey  (cost=0.00..34.20 rows=977 width=0)
	              Index Cond: ((id >= 543732) AND (id <= 544731))

table 5 : explain SELECT c FROM sbtest5 WHERE id BETWEEN 715027 AND 716026 ORDER BY c
	Sort  (cost=3624.10..3626.40 rows=921 width=121)
	  Sort Key: c
	  ->  Bitmap Heap Scan on sbtest5  (cost=29.88..3578.75 rows=921 width=121)
	        Recheck Cond: ((id >= 715027) AND (id <= 716026))
	        ->  Bitmap Index Scan on sbtest5_pkey  (cost=0.00..29.64 rows=921 width=0)
	              Index Cond: ((id >= 715027) AND (id <= 716026))

table 6 : explain SELECT c FROM sbtest6 WHERE id BETWEEN 1135505 AND 1136504 ORDER BY c
	Sort  (cost=4162.39..4165.05 rows=1062 width=121)
	  Sort Key: c
	  ->  Bitmap Heap Scan on sbtest6  (cost=35.32..4109.01 rows=1062 width=121)
	        Recheck Cond: ((id >= 1135505) AND (id <= 1136504))
	        ->  Bitmap Index Scan on sbtest6_pkey  (cost=0.00..35.06 rows=1062 width=0)
	              Index Cond: ((id >= 1135505) AND (id <= 1136504))

table 7 : explain SELECT c FROM sbtest7 WHERE id BETWEEN 542738 AND 543737 ORDER BY c
	Sort  (cost=3724.43..3726.80 rows=948 width=121)
	  Sort Key: c
	  ->  Bitmap Heap Scan on sbtest7  (cost=34.15..3677.56 rows=948 width=121)
	        Recheck Cond: ((id >= 542738) AND (id <= 543737))
	        ->  Bitmap Index Scan on sbtest7_pkey  (cost=0.00..33.92 rows=948 width=0)
	              Index Cond: ((id >= 542738) AND (id <= 543737))

table 8 : explain SELECT c FROM sbtest8 WHERE id BETWEEN 2070470 AND 2071469 ORDER BY c
	Sort  (cost=3820.89..3823.32 rows=973 width=121)
	  Sort Key: c
	  ->  Bitmap Heap Scan on sbtest8  (cost=34.41..3772.60 rows=973 width=121)
	        Recheck Cond: ((id >= 2070470) AND (id <= 2071469))
	        ->  Bitmap Index Scan on sbtest8_pkey  (cost=0.00..34.17 rows=973 width=0)
	              Index Cond: ((id >= 2070470) AND (id <= 2071469))

for: sum_ranges
table 1 : explain SELECT SUM(k) FROM sbtest1 WHERE id BETWEEN 5260786 AND 5261785
	Aggregate  (cost=3729.31..3729.32 rows=1 width=8)
	  ->  Bitmap Heap Scan on sbtest1  (cost=34.29..3726.90 rows=961 width=4)
	        Recheck Cond: ((id >= 5260786) AND (id <= 5261785))
	        ->  Bitmap Index Scan on sbtest1_pkey  (cost=0.00..34.05 rows=961 width=0)
	              Index Cond: ((id >= 5260786) AND (id <= 5261785))

table 2 : explain SELECT SUM(k) FROM sbtest2 WHERE id BETWEEN 4447699 AND 4448698
	Aggregate  (cost=4012.65..4012.66 rows=1 width=8)
	  ->  Bitmap Heap Scan on sbtest2  (cost=35.05..4010.06 rows=1036 width=4)
	        Recheck Cond: ((id >= 4447699) AND (id <= 4448698))
	        ->  Bitmap Index Scan on sbtest2_pkey  (cost=0.00..34.80 rows=1036 width=0)
	              Index Cond: ((id >= 4447699) AND (id <= 4448698))

table 3 : explain SELECT SUM(k) FROM sbtest3 WHERE id BETWEEN 1436309 AND 1437308
	Aggregate  (cost=4062.03..4062.04 rows=1 width=8)
	  ->  Bitmap Heap Scan on sbtest3  (cost=35.19..4059.41 rows=1049 width=4)
	        Recheck Cond: ((id >= 1436309) AND (id <= 1437308))
	        ->  Bitmap Index Scan on sbtest3_pkey  (cost=0.00..34.93 rows=1049 width=0)
	              Index Cond: ((id >= 1436309) AND (id <= 1437308))

table 4 : explain SELECT SUM(k) FROM sbtest4 WHERE id BETWEEN 5358084 AND 5359083
	Aggregate  (cost=3827.40..3827.41 rows=1 width=8)
	  ->  Bitmap Heap Scan on sbtest4  (cost=34.53..3824.94 rows=985 width=4)
	        Recheck Cond: ((id >= 5358084) AND (id <= 5359083))
	        ->  Bitmap Index Scan on sbtest4_pkey  (cost=0.00..34.29 rows=985 width=0)
	              Index Cond: ((id >= 5358084) AND (id <= 5359083))

table 5 : explain SELECT SUM(k) FROM sbtest5 WHERE id BETWEEN 6302019 AND 6303018
	Aggregate  (cost=3861.49..3861.50 rows=1 width=8)
	  ->  Bitmap Heap Scan on sbtest5  (cost=34.62..3859.01 rows=994 width=4)
	        Recheck Cond: ((id >= 6302019) AND (id <= 6303018))
	        ->  Bitmap Index Scan on sbtest5_pkey  (cost=0.00..34.38 rows=994 width=0)
	              Index Cond: ((id >= 6302019) AND (id <= 6303018))

table 6 : explain SELECT SUM(k) FROM sbtest6 WHERE id BETWEEN 8909748 AND 8910747
	Aggregate  (cost=3696.81..3696.82 rows=1 width=8)
	  ->  Bitmap Heap Scan on sbtest6  (cost=34.19..3694.43 rows=952 width=4)
	        Recheck Cond: ((id >= 8909748) AND (id <= 8910747))
	        ->  Bitmap Index Scan on sbtest6_pkey  (cost=0.00..33.95 rows=952 width=0)
	              Index Cond: ((id >= 8909748) AND (id <= 8910747))

table 7 : explain SELECT SUM(k) FROM sbtest7 WHERE id BETWEEN 3505943 AND 3506942
	Aggregate  (cost=3668.60..3668.61 rows=1 width=8)
	  ->  Bitmap Heap Scan on sbtest7  (cost=34.12..3666.23 rows=945 width=4)
	        Recheck Cond: ((id >= 3505943) AND (id <= 3506942))
	        ->  Bitmap Index Scan on sbtest7_pkey  (cost=0.00..33.89 rows=945 width=0)
	              Index Cond: ((id >= 3505943) AND (id <= 3506942))

table 8 : explain SELECT SUM(k) FROM sbtest8 WHERE id BETWEEN 229321 AND 230320
	Aggregate  (cost=3873.11..3873.12 rows=1 width=8)
	  ->  Bitmap Heap Scan on sbtest8  (cost=34.67..3870.61 rows=999 width=4)
	        Recheck Cond: ((id >= 229321) AND (id <= 230320))
	        ->  Bitmap Index Scan on sbtest8_pkey  (cost=0.00..34.43 rows=999 width=0)
	              Index Cond: ((id >= 229321) AND (id <= 230320))

explain: for point_selects :: explain SELECT c FROM sbtest%u WHERE id=%u
for: distinct_ranges
table 1 : explain SELECT DISTINCT c FROM sbtest1 WHERE id BETWEEN 7987109 AND 7988108 ORDER BY c
	Unique  (cost=3950.53..3955.56 rows=1007 width=121)
	  ->  Sort  (cost=3950.53..3953.04 rows=1007 width=121)
	        Sort Key: c
	        ->  Bitmap Heap Scan on sbtest1  (cost=34.76..3900.30 rows=1007 width=121)
	              Recheck Cond: ((id >= 7987109) AND (id <= 7988108))
	              ->  Bitmap Index Scan on sbtest1_pkey  (cost=0.00..34.51 rows=1007 width=0)
	                    Index Cond: ((id >= 7987109) AND (id <= 7988108))

table 2 : explain SELECT DISTINCT c FROM sbtest2 WHERE id BETWEEN 4320087 AND 4321086 ORDER BY c
	Unique  (cost=3702.24..3706.95 rows=942 width=121)
	  ->  Sort  (cost=3702.24..3704.60 rows=942 width=121)
	        Sort Key: c
	        ->  Bitmap Heap Scan on sbtest2  (cost=34.09..3655.71 rows=942 width=121)
	              Recheck Cond: ((id >= 4320087) AND (id <= 4321086))
	              ->  Bitmap Index Scan on sbtest2_pkey  (cost=0.00..33.86 rows=942 width=0)
	                    Index Cond: ((id >= 4320087) AND (id <= 4321086))

table 3 : explain SELECT DISTINCT c FROM sbtest3 WHERE id BETWEEN 4404821 AND 4405820 ORDER BY c
	Unique  (cost=3859.66..3864.58 rows=983 width=121)
	  ->  Sort  (cost=3859.66..3862.12 rows=983 width=121)
	        Sort Key: c
	        ->  Bitmap Heap Scan on sbtest3  (cost=34.51..3810.80 rows=983 width=121)
	              Recheck Cond: ((id >= 4404821) AND (id <= 4405820))
	              ->  Bitmap Index Scan on sbtest3_pkey  (cost=0.00..34.27 rows=983 width=0)
	                    Index Cond: ((id >= 4404821) AND (id <= 4405820))

table 4 : explain SELECT DISTINCT c FROM sbtest4 WHERE id BETWEEN 8483591 AND 8484590 ORDER BY c
	Unique  (cost=3785.61..3790.42 rows=962 width=121)
	  ->  Sort  (cost=3785.61..3788.02 rows=962 width=121)
	        Sort Key: c
	        ->  Bitmap Heap Scan on sbtest4  (cost=34.30..3737.95 rows=962 width=121)
	              Recheck Cond: ((id >= 8483591) AND (id <= 8484590))
	              ->  Bitmap Index Scan on sbtest4_pkey  (cost=0.00..34.06 rows=962 width=0)
	                    Index Cond: ((id >= 8483591) AND (id <= 8484590))

table 5 : explain SELECT DISTINCT c FROM sbtest5 WHERE id BETWEEN 4147201 AND 4148200 ORDER BY c
	Unique  (cost=3685.77..3690.45 rows=936 width=121)
	  ->  Sort  (cost=3685.77..3688.11 rows=936 width=121)
	        Sort Key: c
	        ->  Bitmap Heap Scan on sbtest5  (cost=34.03..3639.57 rows=936 width=121)
	              Recheck Cond: ((id >= 4147201) AND (id <= 4148200))
	              ->  Bitmap Index Scan on sbtest5_pkey  (cost=0.00..33.80 rows=936 width=0)
	                    Index Cond: ((id >= 4147201) AND (id <= 4148200))

table 6 : explain SELECT DISTINCT c FROM sbtest6 WHERE id BETWEEN 4046768 AND 4047767 ORDER BY c
	Unique  (cost=4246.39..4251.81 rows=1084 width=121)
	  ->  Sort  (cost=4246.39..4249.10 rows=1084 width=121)
	        Sort Key: c
	        ->  Bitmap Heap Scan on sbtest6  (cost=35.55..4191.74 rows=1084 width=121)
	              Recheck Cond: ((id >= 4046768) AND (id <= 4047767))
	              ->  Bitmap Index Scan on sbtest6_pkey  (cost=0.00..35.28 rows=1084 width=0)
	                    Index Cond: ((id >= 4046768) AND (id <= 4047767))

table 7 : explain SELECT DISTINCT c FROM sbtest7 WHERE id BETWEEN 1100056 AND 1101055 ORDER BY c
	Unique  (cost=3355.97..3360.24 rows=853 width=121)
	  ->  Sort  (cost=3355.97..3358.10 rows=853 width=121)
	        Sort Key: c
	        ->  Bitmap Heap Scan on sbtest7  (cost=29.18..3314.45 rows=853 width=121)
	              Recheck Cond: ((id >= 1100056) AND (id <= 1101055))
	              ->  Bitmap Index Scan on sbtest7_pkey  (cost=0.00..28.96 rows=853 width=0)
	                    Index Cond: ((id >= 1100056) AND (id <= 1101055))

table 8 : explain SELECT DISTINCT c FROM sbtest8 WHERE id BETWEEN 5360414 AND 5361413 ORDER BY c
	Unique  (cost=4176.40..4181.73 rows=1066 width=121)
	  ->  Sort  (cost=4176.40..4179.07 rows=1066 width=121)
	        Sort Key: c
	        ->  Bitmap Heap Scan on sbtest8  (cost=35.36..4122.79 rows=1066 width=121)
	              Recheck Cond: ((id >= 5360414) AND (id <= 5361413))
	              ->  Bitmap Index Scan on sbtest8_pkey  (cost=0.00..35.09 rows=1066 width=0)
	                    Index Cond: ((id >= 5360414) AND (id <= 5361413))

for point_selects
table 1 : explain SELECT c FROM sbtest1 WHERE id=7473817
	Index Scan using sbtest1_pkey on sbtest1  (cost=0.43..8.45 rows=1 width=121)
	  Index Cond: (id = 7473817)

table 2 : explain SELECT c FROM sbtest2 WHERE id=7029159
	Index Scan using sbtest2_pkey on sbtest2  (cost=0.43..8.45 rows=1 width=121)
	  Index Cond: (id = 7029159)

table 3 : explain SELECT c FROM sbtest3 WHERE id=1361936
	Index Scan using sbtest3_pkey on sbtest3  (cost=0.43..8.45 rows=1 width=121)
	  Index Cond: (id = 1361936)

table 4 : explain SELECT c FROM sbtest4 WHERE id=3157053
	Index Scan using sbtest4_pkey on sbtest4  (cost=0.43..8.45 rows=1 width=121)
	  Index Cond: (id = 3157053)

table 5 : explain SELECT c FROM sbtest5 WHERE id=6946392
	Index Scan using sbtest5_pkey on sbtest5  (cost=0.43..8.45 rows=1 width=121)
	  Index Cond: (id = 6946392)

table 6 : explain SELECT c FROM sbtest6 WHERE id=8217343
	Index Scan using sbtest6_pkey on sbtest6  (cost=0.43..8.45 rows=1 width=121)
	  Index Cond: (id = 8217343)

table 7 : explain SELECT c FROM sbtest7 WHERE id=655800
	Index Scan using sbtest7_pkey on sbtest7  (cost=0.43..8.45 rows=1 width=121)
	  Index Cond: (id = 655800)

table 8 : explain SELECT c FROM sbtest8 WHERE id=9342956
	Index Scan using sbtest8_pkey on sbtest8  (cost=0.43..8.45 rows=1 width=121)
	  Index Cond: (id = 9342956)

for: simple_ranges
table 1 : explain SELECT c FROM sbtest1 WHERE id BETWEEN 2987408 AND 2988407
	Bitmap Heap Scan on sbtest1  (cost=29.90..3579.46 rows=923 width=121)
	  Recheck Cond: ((id >= 2987408) AND (id <= 2988407))
	  ->  Bitmap Index Scan on sbtest1_pkey  (cost=0.00..29.66 rows=923 width=0)
	        Index Cond: ((id >= 2987408) AND (id <= 2988407))

table 2 : explain SELECT c FROM sbtest2 WHERE id BETWEEN 531782 AND 532781
	Bitmap Heap Scan on sbtest2  (cost=35.13..4036.40 rows=1043 width=121)
	  Recheck Cond: ((id >= 531782) AND (id <= 532781))
	  ->  Bitmap Index Scan on sbtest2_pkey  (cost=0.00..34.87 rows=1043 width=0)
	        Index Cond: ((id >= 531782) AND (id <= 532781))

table 3 : explain SELECT c FROM sbtest3 WHERE id BETWEEN 3358006 AND 3359005
	Bitmap Heap Scan on sbtest3  (cost=33.99..3618.31 rows=932 width=121)
	  Recheck Cond: ((id >= 3358006) AND (id <= 3359005))
	  ->  Bitmap Index Scan on sbtest3_pkey  (cost=0.00..33.76 rows=932 width=0)
	        Index Cond: ((id >= 3358006) AND (id <= 3359005))

table 4 : explain SELECT c FROM sbtest4 WHERE id BETWEEN 5817353 AND 5818352
	Bitmap Heap Scan on sbtest4  (cost=34.67..3877.86 rows=999 width=121)
	  Recheck Cond: ((id >= 5817353) AND (id <= 5818352))
	  ->  Bitmap Index Scan on sbtest4_pkey  (cost=0.00..34.43 rows=999 width=0)
	        Index Cond: ((id >= 5817353) AND (id <= 5818352))

table 5 : explain SELECT c FROM sbtest5 WHERE id BETWEEN 9434243 AND 9435242
	Bitmap Heap Scan on sbtest5  (cost=34.01..3632.00 rows=934 width=121)
	  Recheck Cond: ((id >= 9434243) AND (id <= 9435242))
	  ->  Bitmap Index Scan on sbtest5_pkey  (cost=0.00..33.78 rows=934 width=0)
	        Index Cond: ((id >= 9434243) AND (id <= 9435242))

table 6 : explain SELECT c FROM sbtest6 WHERE id BETWEEN 3215050 AND 3216049
	Bitmap Heap Scan on sbtest6  (cost=35.41..4142.86 rows=1071 width=121)
	  Recheck Cond: ((id >= 3215050) AND (id <= 3216049))
	  ->  Bitmap Index Scan on sbtest6_pkey  (cost=0.00..35.15 rows=1071 width=0)
	        Index Cond: ((id >= 3215050) AND (id <= 3216049))

table 7 : explain SELECT c FROM sbtest7 WHERE id BETWEEN 4515372 AND 4516371
	Bitmap Heap Scan on sbtest7  (cost=34.87..3941.39 rows=1018 width=121)
	  Recheck Cond: ((id >= 4515372) AND (id <= 4516371))
	  ->  Bitmap Index Scan on sbtest7_pkey  (cost=0.00..34.62 rows=1018 width=0)
	        Index Cond: ((id >= 4515372) AND (id <= 4516371))

table 8 : explain SELECT c FROM sbtest8 WHERE id BETWEEN 8129586 AND 8130585
	Bitmap Heap Scan on sbtest8  (cost=35.03..4002.42 rows=1034 width=121)
	  Recheck Cond: ((id >= 8129586) AND (id <= 8130585))
	  ->  Bitmap Index Scan on sbtest8_pkey  (cost=0.00..34.78 rows=1034 width=0)
	        Index Cond: ((id >= 8129586) AND (id <= 8130585))

for: simple_ranges
table 1 : explain SELECT c FROM sbtest1 WHERE id BETWEEN 8539901 AND 8540900
	Bitmap Heap Scan on sbtest1  (cost=34.28..3723.13 rows=960 width=121)
	  Recheck Cond: ((id >= 8539901) AND (id <= 8540900))
	  ->  Bitmap Index Scan on sbtest1_pkey  (cost=0.00..34.04 rows=960 width=0)
	        Index Cond: ((id >= 8539901) AND (id <= 8540900))

table 2 : explain SELECT c FROM sbtest2 WHERE id BETWEEN 5583375 AND 5584374
	Bitmap Heap Scan on sbtest2  (cost=34.92..3961.12 rows=1023 width=121)
	  Recheck Cond: ((id >= 5583375) AND (id <= 5584374))
	  ->  Bitmap Index Scan on sbtest2_pkey  (cost=0.00..34.67 rows=1023 width=0)
	        Index Cond: ((id >= 5583375) AND (id <= 5584374))

table 3 : explain SELECT c FROM sbtest3 WHERE id BETWEEN 3723316 AND 3724315
	Bitmap Heap Scan on sbtest3  (cost=35.18..4055.65 rows=1048 width=121)
	  Recheck Cond: ((id >= 3723316) AND (id <= 3724315))
	  ->  Bitmap Index Scan on sbtest3_pkey  (cost=0.00..34.92 rows=1048 width=0)
	        Index Cond: ((id >= 3723316) AND (id <= 3724315))

table 4 : explain SELECT c FROM sbtest4 WHERE id BETWEEN 7319448 AND 7320447
	Bitmap Heap Scan on sbtest4  (cost=34.54..3828.72 rows=986 width=121)
	  Recheck Cond: ((id >= 7319448) AND (id <= 7320447))
	  ->  Bitmap Index Scan on sbtest4_pkey  (cost=0.00..34.30 rows=986 width=0)
	        Index Cond: ((id >= 7319448) AND (id <= 7320447))

table 5 : explain SELECT c FROM sbtest5 WHERE id BETWEEN 4319385 AND 4320384
	Bitmap Heap Scan on sbtest5  (cost=35.31..4111.98 rows=1061 width=121)
	  Recheck Cond: ((id >= 4319385) AND (id <= 4320384))
	  ->  Bitmap Index Scan on sbtest5_pkey  (cost=0.00..35.05 rows=1061 width=0)
	        Index Cond: ((id >= 4319385) AND (id <= 4320384))

table 6 : explain SELECT c FROM sbtest6 WHERE id BETWEEN 8692648 AND 8693647
	Bitmap Heap Scan on sbtest6  (cost=34.31..3735.96 rows=963 width=121)
	  Recheck Cond: ((id >= 8692648) AND (id <= 8693647))
	  ->  Bitmap Index Scan on sbtest6_pkey  (cost=0.00..34.07 rows=963 width=0)
	        Index Cond: ((id >= 8692648) AND (id <= 8693647))

table 7 : explain SELECT c FROM sbtest7 WHERE id BETWEEN 3568008 AND 3569007
	Bitmap Heap Scan on sbtest7  (cost=34.12..3666.23 rows=945 width=121)
	  Recheck Cond: ((id >= 3568008) AND (id <= 3569007))
	  ->  Bitmap Index Scan on sbtest7_pkey  (cost=0.00..33.89 rows=945 width=0)
	        Index Cond: ((id >= 3568008) AND (id <= 3569007))

table 8 : explain SELECT c FROM sbtest8 WHERE id BETWEEN 1623400 AND 1624399
	Bitmap Heap Scan on sbtest8  (cost=34.55..3825.38 rows=987 width=121)
	  Recheck Cond: ((id >= 1623400) AND (id <= 1624399))
	  ->  Bitmap Index Scan on sbtest8_pkey  (cost=0.00..34.31 rows=987 width=0)
	        Index Cond: ((id >= 1623400) AND (id <= 1624399))

for: sum_ranges
table 1 : explain SELECT SUM(k) FROM sbtest1 WHERE id BETWEEN 8865450 AND 8866449
	Aggregate  (cost=3793.46..3793.47 rows=1 width=8)
	  ->  Bitmap Heap Scan on sbtest1  (cost=34.46..3791.02 rows=978 width=4)
	        Recheck Cond: ((id >= 8865450) AND (id <= 8866449))
	        ->  Bitmap Index Scan on sbtest1_pkey  (cost=0.00..34.22 rows=978 width=0)
	              Index Cond: ((id >= 8865450) AND (id <= 8866449))

table 2 : explain SELECT SUM(k) FROM sbtest2 WHERE id BETWEEN 8334650 AND 8335649
	Aggregate  (cost=3714.73..3714.74 rows=1 width=8)
	  ->  Bitmap Heap Scan on sbtest2  (cost=34.24..3712.33 rows=957 width=4)
	        Recheck Cond: ((id >= 8334650) AND (id <= 8335649))
	        ->  Bitmap Index Scan on sbtest2_pkey  (cost=0.00..34.01 rows=957 width=0)
	              Index Cond: ((id >= 8334650) AND (id <= 8335649))

table 3 : explain SELECT SUM(k) FROM sbtest3 WHERE id BETWEEN 1331651 AND 1332650
	Aggregate  (cost=4141.07..4141.08 rows=1 width=8)
	  ->  Bitmap Heap Scan on sbtest3  (cost=35.40..4138.40 rows=1070 width=4)
	        Recheck Cond: ((id >= 1331651) AND (id <= 1332650))
	        ->  Bitmap Index Scan on sbtest3_pkey  (cost=0.00..35.14 rows=1070 width=0)
	              Index Cond: ((id >= 1331651) AND (id <= 1332650))

table 4 : explain SELECT SUM(k) FROM sbtest4 WHERE id BETWEEN 4947838 AND 4948837
	Aggregate  (cost=4110.80..4110.81 rows=1 width=8)
	  ->  Bitmap Heap Scan on sbtest4  (cost=35.30..4108.15 rows=1060 width=4)
	        Recheck Cond: ((id >= 4947838) AND (id <= 4948837))
	        ->  Bitmap Index Scan on sbtest4_pkey  (cost=0.00..35.04 rows=1060 width=0)
	              Index Cond: ((id >= 4947838) AND (id <= 4948837))

table 5 : explain SELECT SUM(k) FROM sbtest5 WHERE id BETWEEN 3404963 AND 3405962
	Aggregate  (cost=3740.40..3740.41 rows=1 width=8)
	  ->  Bitmap Heap Scan on sbtest5  (cost=34.30..3737.99 rows=962 width=4)
	        Recheck Cond: ((id >= 3404963) AND (id <= 3405962))
	        ->  Bitmap Index Scan on sbtest5_pkey  (cost=0.00..34.06 rows=962 width=0)
	              Index Cond: ((id >= 3404963) AND (id <= 3405962))

table 6 : explain SELECT SUM(k) FROM sbtest6 WHERE id BETWEEN 1878955 AND 1879954
	Aggregate  (cost=4058.95..4058.96 rows=1 width=8)
	  ->  Bitmap Heap Scan on sbtest6  (cost=35.18..4056.33 rows=1048 width=4)
	        Recheck Cond: ((id >= 1878955) AND (id <= 1879954))
	        ->  Bitmap Index Scan on sbtest6_pkey  (cost=0.00..34.92 rows=1048 width=0)
	              Index Cond: ((id >= 1878955) AND (id <= 1879954))

table 7 : explain SELECT SUM(k) FROM sbtest7 WHERE id BETWEEN 2344281 AND 2345280
	Aggregate  (cost=3902.49..3902.50 rows=1 width=8)
	  ->  Bitmap Heap Scan on sbtest7  (cost=34.76..3899.98 rows=1007 width=4)
	        Recheck Cond: ((id >= 2344281) AND (id <= 2345280))
	        ->  Bitmap Index Scan on sbtest7_pkey  (cost=0.00..34.51 rows=1007 width=0)
	              Index Cond: ((id >= 2344281) AND (id <= 2345280))

table 8 : explain SELECT SUM(k) FROM sbtest8 WHERE id BETWEEN 6374165 AND 6375164
	Aggregate  (cost=3997.47..3997.48 rows=1 width=8)
	  ->  Bitmap Heap Scan on sbtest8  (cost=35.01..3994.89 rows=1032 width=4)
	        Recheck Cond: ((id >= 6374165) AND (id <= 6375164))
	        ->  Bitmap Index Scan on sbtest8_pkey  (cost=0.00..34.76 rows=1032 width=0)
	              Index Cond: ((id >= 6374165) AND (id <= 6375164))

for: distinct_ranges
table 1 : explain SELECT DISTINCT c FROM sbtest1 WHERE id BETWEEN 1529989 AND 1530988 ORDER BY c
	Unique  (cost=3984.93..3990.01 rows=1016 width=121)
	  ->  Sort  (cost=3984.93..3987.47 rows=1016 width=121)
	        Sort Key: c
	        ->  Bitmap Heap Scan on sbtest1  (cost=34.85..3934.19 rows=1016 width=121)
	              Recheck Cond: ((id >= 1529989) AND (id <= 1530988))
	              ->  Bitmap Index Scan on sbtest1_pkey  (cost=0.00..34.59 rows=1016 width=0)
	                    Index Cond: ((id >= 1529989) AND (id <= 1530988))

table 2 : explain SELECT DISTINCT c FROM sbtest2 WHERE id BETWEEN 30795 AND 31794 ORDER BY c
	Unique  (cost=3548.69..3553.20 rows=903 width=121)
	  ->  Sort  (cost=3548.69..3550.94 rows=903 width=121)
	        Sort Key: c
	        ->  Bitmap Heap Scan on sbtest2  (cost=29.69..3504.36 rows=903 width=121)
	              Recheck Cond: ((id >= 30795) AND (id <= 31794))
	              ->  Bitmap Index Scan on sbtest2_pkey  (cost=0.00..29.46 rows=903 width=0)
	                    Index Cond: ((id >= 30795) AND (id <= 31794))

table 3 : explain SELECT DISTINCT c FROM sbtest3 WHERE id BETWEEN 3910432 AND 3911431 ORDER BY c
	Unique  (cost=4123.50..4128.76 rows=1052 width=121)
	  ->  Sort  (cost=4123.50..4126.13 rows=1052 width=121)
	        Sort Key: c
	        ->  Bitmap Heap Scan on sbtest3  (cost=35.22..4070.70 rows=1052 width=121)
	              Recheck Cond: ((id >= 3910432) AND (id <= 3911431))
	              ->  Bitmap Index Scan on sbtest3_pkey  (cost=0.00..34.95 rows=1052 width=0)
	                    Index Cond: ((id >= 3910432) AND (id <= 3911431))

table 4 : explain SELECT DISTINCT c FROM sbtest4 WHERE id BETWEEN 140344 AND 141343 ORDER BY c
	Unique  (cost=3862.40..3867.31 rows=982 width=121)
	  ->  Sort  (cost=3862.40..3864.85 rows=982 width=121)
	        Sort Key: c
	        ->  Bitmap Heap Scan on sbtest4  (cost=34.50..3813.59 rows=982 width=121)
	              Recheck Cond: ((id >= 140344) AND (id <= 141343))
	              ->  Bitmap Index Scan on sbtest4_pkey  (cost=0.00..34.26 rows=982 width=0)
	                    Index Cond: ((id >= 140344) AND (id <= 141343))

table 5 : explain SELECT DISTINCT c FROM sbtest5 WHERE id BETWEEN 2556405 AND 2557404 ORDER BY c
	Unique  (cost=3943.02..3948.04 rows=1003 width=121)
	  ->  Sort  (cost=3943.02..3945.53 rows=1003 width=121)
	        Sort Key: c
	        ->  Bitmap Heap Scan on sbtest5  (cost=34.72..3893.02 rows=1003 width=121)
	              Recheck Cond: ((id >= 2556405) AND (id <= 2557404))
	              ->  Bitmap Index Scan on sbtest5_pkey  (cost=0.00..34.47 rows=1003 width=0)
	                    Index Cond: ((id >= 2556405) AND (id <= 2557404))

table 6 : explain SELECT DISTINCT c FROM sbtest6 WHERE id BETWEEN 8402211 AND 8403210 ORDER BY c
	Unique  (cost=3672.52..3677.19 rows=934 width=121)
	  ->  Sort  (cost=3672.52..3674.86 rows=934 width=121)
	        Sort Key: c
	        ->  Bitmap Heap Scan on sbtest6  (cost=34.01..3626.44 rows=934 width=121)
	              Recheck Cond: ((id >= 8402211) AND (id <= 8403210))
	              ->  Bitmap Index Scan on sbtest6_pkey  (cost=0.00..33.78 rows=934 width=0)
	                    Index Cond: ((id >= 8402211) AND (id <= 8403210))

table 7 : explain SELECT DISTINCT c FROM sbtest7 WHERE id BETWEEN 4092688 AND 4093687 ORDER BY c
	Unique  (cost=3980.78..3985.86 rows=1015 width=121)
	  ->  Sort  (cost=3980.78..3983.32 rows=1015 width=121)
	        Sort Key: c
	        ->  Bitmap Heap Scan on sbtest7  (cost=34.84..3930.10 rows=1015 width=121)
	              Recheck Cond: ((id >= 4092688) AND (id <= 4093687))
	              ->  Bitmap Index Scan on sbtest7_pkey  (cost=0.00..34.59 rows=1015 width=0)
	                    Index Cond: ((id >= 4092688) AND (id <= 4093687))

table 8 : explain SELECT DISTINCT c FROM sbtest8 WHERE id BETWEEN 5059539 AND 5060538 ORDER BY c
	Unique  (cost=4103.85..4109.09 rows=1047 width=121)
	  ->  Sort  (cost=4103.85..4106.47 rows=1047 width=121)
	        Sort Key: c
	        ->  Bitmap Heap Scan on sbtest8  (cost=35.17..4051.34 rows=1047 width=121)
	              Recheck Cond: ((id >= 5059539) AND (id <= 5060538))
	              ->  Bitmap Index Scan on sbtest8_pkey  (cost=0.00..34.91 rows=1047 width=0)
	                    Index Cond: ((id >= 5059539) AND (id <= 5060538))

for: distinct_ranges
table 1 : explain SELECT DISTINCT c FROM sbtest1 WHERE id BETWEEN 7495150 AND 7496149 ORDER BY c
	Unique  (cost=3900.81..3905.78 rows=994 width=121)
	  ->  Sort  (cost=3900.81..3903.30 rows=994 width=121)
	        Sort Key: c
	        ->  Bitmap Heap Scan on sbtest1  (cost=34.62..3851.32 rows=994 width=121)
	              Recheck Cond: ((id >= 7495150) AND (id <= 7496149))
	              ->  Bitmap Index Scan on sbtest1_pkey  (cost=0.00..34.38 rows=994 width=0)
	                    Index Cond: ((id >= 7495150) AND (id <= 7496149))

table 2 : explain SELECT DISTINCT c FROM sbtest2 WHERE id BETWEEN 7373415 AND 7374414 ORDER BY c
	Unique  (cost=3583.22..3587.78 rows=912 width=121)
	  ->  Sort  (cost=3583.22..3585.50 rows=912 width=121)
	        Sort Key: c
	        ->  Bitmap Heap Scan on sbtest2  (cost=29.78..3538.38 rows=912 width=121)
	              Recheck Cond: ((id >= 7373415) AND (id <= 7374414))
	              ->  Bitmap Index Scan on sbtest2_pkey  (cost=0.00..29.55 rows=912 width=0)
	                    Index Cond: ((id >= 7373415) AND (id <= 7374414))

table 3 : explain SELECT DISTINCT c FROM sbtest3 WHERE id BETWEEN 450955 AND 451954 ORDER BY c
	Unique  (cost=3737.11..3741.86 rows=951 width=121)
	  ->  Sort  (cost=3737.11..3739.49 rows=951 width=121)
	        Sort Key: c
	        ->  Bitmap Heap Scan on sbtest3  (cost=34.18..3690.07 rows=951 width=121)
	              Recheck Cond: ((id >= 450955) AND (id <= 451954))
	              ->  Bitmap Index Scan on sbtest3_pkey  (cost=0.00..33.95 rows=951 width=0)
	                    Index Cond: ((id >= 450955) AND (id <= 451954))

table 4 : explain SELECT DISTINCT c FROM sbtest4 WHERE id BETWEEN 5229179 AND 5230178 ORDER BY c
	Unique  (cost=3804.81..3809.65 rows=967 width=121)
	  ->  Sort  (cost=3804.81..3807.23 rows=967 width=121)
	        Sort Key: c
	        ->  Bitmap Heap Scan on sbtest4  (cost=34.35..3756.86 rows=967 width=121)
	              Recheck Cond: ((id >= 5229179) AND (id <= 5230178))
	              ->  Bitmap Index Scan on sbtest4_pkey  (cost=0.00..34.11 rows=967 width=0)
	                    Index Cond: ((id >= 5229179) AND (id <= 5230178))

table 5 : explain SELECT DISTINCT c FROM sbtest5 WHERE id BETWEEN 461204 AND 462203 ORDER BY c
	Unique  (cost=4161.47..4166.77 rows=1060 width=121)
	  ->  Sort  (cost=4161.47..4164.12 rows=1060 width=121)
	        Sort Key: c
	        ->  Bitmap Heap Scan on sbtest5  (cost=35.30..4108.21 rows=1060 width=121)
	              Recheck Cond: ((id >= 461204) AND (id <= 462203))
	              ->  Bitmap Index Scan on sbtest5_pkey  (cost=0.00..35.04 rows=1060 width=0)
	                    Index Cond: ((id >= 461204) AND (id <= 462203))

table 6 : explain SELECT DISTINCT c FROM sbtest6 WHERE id BETWEEN 8881972 AND 8882971 ORDER BY c
	Unique  (cost=3741.53..3746.29 rows=952 width=121)
	  ->  Sort  (cost=3741.53..3743.91 rows=952 width=121)
	        Sort Key: c
	        ->  Bitmap Heap Scan on sbtest6  (cost=34.19..3694.43 rows=952 width=121)
	              Recheck Cond: ((id >= 8881972) AND (id <= 8882971))
	              ->  Bitmap Index Scan on sbtest6_pkey  (cost=0.00..33.95 rows=952 width=0)
	                    Index Cond: ((id >= 8881972) AND (id <= 8882971))

table 7 : explain SELECT DISTINCT c FROM sbtest7 WHERE id BETWEEN 6437406 AND 6438405 ORDER BY c
	Unique  (cost=3724.43..3729.17 rows=948 width=121)
	  ->  Sort  (cost=3724.43..3726.80 rows=948 width=121)
	        Sort Key: c
	        ->  Bitmap Heap Scan on sbtest7  (cost=34.15..3677.56 rows=948 width=121)
	              Recheck Cond: ((id >= 6437406) AND (id <= 6438405))
	              ->  Bitmap Index Scan on sbtest7_pkey  (cost=0.00..33.92 rows=948 width=0)
	                    Index Cond: ((id >= 6437406) AND (id <= 6438405))

table 8 : explain SELECT DISTINCT c FROM sbtest8 WHERE id BETWEEN 7360112 AND 7361111 ORDER BY c
	Unique  (cost=4168.77..4174.09 rows=1064 width=121)
	  ->  Sort  (cost=4168.77..4171.43 rows=1064 width=121)
	        Sort Key: c
	        ->  Bitmap Heap Scan on sbtest8  (cost=35.34..4115.27 rows=1064 width=121)
	              Recheck Cond: ((id >= 7360112) AND (id <= 7361111))
	              ->  Bitmap Index Scan on sbtest8_pkey  (cost=0.00..35.08 rows=1064 width=0)
	                    Index Cond: ((id >= 7360112) AND (id <= 7361111))

for: sum_ranges
table 1 : explain SELECT SUM(k) FROM sbtest1 WHERE id BETWEEN 2673347 AND 2674346
	Aggregate  (cost=4136.25..4136.26 rows=1 width=8)
	  ->  Bitmap Heap Scan on sbtest1  (cost=35.39..4133.57 rows=1069 width=4)
	        Recheck Cond: ((id >= 2673347) AND (id <= 2674346))
	        ->  Bitmap Index Scan on sbtest1_pkey  (cost=0.00..35.12 rows=1069 width=0)
	              Index Cond: ((id >= 2673347) AND (id <= 2674346))

table 2 : explain SELECT SUM(k) FROM sbtest2 WHERE id BETWEEN 9099234 AND 9100233
	Aggregate  (cost=4279.73..4279.74 rows=1 width=8)
	  ->  Bitmap Heap Scan on sbtest2  (cost=35.78..4276.96 rows=1107 width=4)
	        Recheck Cond: ((id >= 9099234) AND (id <= 9100233))
	        ->  Bitmap Index Scan on sbtest2_pkey  (cost=0.00..35.51 rows=1107 width=0)
	              Index Cond: ((id >= 9099234) AND (id <= 9100233))

table 3 : explain SELECT SUM(k) FROM sbtest3 WHERE id BETWEEN 8643325 AND 8644324
	Aggregate  (cost=4013.08..4013.09 rows=1 width=8)
	  ->  Bitmap Heap Scan on sbtest3  (cost=35.05..4010.49 rows=1036 width=4)
	        Recheck Cond: ((id >= 8643325) AND (id <= 8644324))
	        ->  Bitmap Index Scan on sbtest3_pkey  (cost=0.00..34.80 rows=1036 width=0)
	              Index Cond: ((id >= 8643325) AND (id <= 8644324))

table 4 : explain SELECT SUM(k) FROM sbtest4 WHERE id BETWEEN 4322750 AND 4323749
	Aggregate  (cost=4303.36..4303.37 rows=1 width=8)
	  ->  Bitmap Heap Scan on sbtest4  (cost=39.81..4300.58 rows=1110 width=4)
	        Recheck Cond: ((id >= 4322750) AND (id <= 4323749))
	        ->  Bitmap Index Scan on sbtest4_pkey  (cost=0.00..39.54 rows=1110 width=0)
	              Index Cond: ((id >= 4322750) AND (id <= 4323749))

table 5 : explain SELECT SUM(k) FROM sbtest5 WHERE id BETWEEN 9070826 AND 9071825
	Aggregate  (cost=4073.11..4073.12 rows=1 width=8)
	  ->  Bitmap Heap Scan on sbtest5  (cost=35.20..4070.48 rows=1050 width=4)
	        Recheck Cond: ((id >= 9070826) AND (id <= 9071825))
	        ->  Bitmap Index Scan on sbtest5_pkey  (cost=0.00..34.94 rows=1050 width=0)
	              Index Cond: ((id >= 9070826) AND (id <= 9071825))

table 6 : explain SELECT SUM(k) FROM sbtest6 WHERE id BETWEEN 5384858 AND 5385857
	Aggregate  (cost=3647.68..3647.69 rows=1 width=8)
	  ->  Bitmap Heap Scan on sbtest6  (cost=34.06..3645.33 rows=939 width=4)
	        Recheck Cond: ((id >= 5384858) AND (id <= 5385857))
	        ->  Bitmap Index Scan on sbtest6_pkey  (cost=0.00..33.83 rows=939 width=0)
	              Index Cond: ((id >= 5384858) AND (id <= 5385857))

table 7 : explain SELECT SUM(k) FROM sbtest7 WHERE id BETWEEN 173308 AND 174307
	Aggregate  (cost=3649.71..3649.72 rows=1 width=8)
	  ->  Bitmap Heap Scan on sbtest7  (cost=34.07..3647.36 rows=940 width=4)
	        Recheck Cond: ((id >= 173308) AND (id <= 174307))
	        ->  Bitmap Index Scan on sbtest7_pkey  (cost=0.00..33.84 rows=940 width=0)
	              Index Cond: ((id >= 173308) AND (id <= 174307))

table 8 : explain SELECT SUM(k) FROM sbtest8 WHERE id BETWEEN 9884746 AND 9885745
	Aggregate  (cost=3585.94..3585.95 rows=1 width=8)
	  ->  Bitmap Heap Scan on sbtest8  (cost=29.91..3583.63 rows=924 width=4)
	        Recheck Cond: ((id >= 9884746) AND (id <= 9885745))
	        ->  Bitmap Index Scan on sbtest8_pkey  (cost=0.00..29.68 rows=924 width=0)
	              Index Cond: ((id >= 9884746) AND (id <= 9885745))

for point_selects
table 1 : explain SELECT c FROM sbtest1 WHERE id=8181263
	Index Scan using sbtest1_pkey on sbtest1  (cost=0.43..8.45 rows=1 width=121)
	  Index Cond: (id = 8181263)

table 2 : explain SELECT c FROM sbtest2 WHERE id=6063563
	Index Scan using sbtest2_pkey on sbtest2  (cost=0.43..8.45 rows=1 width=121)
	  Index Cond: (id = 6063563)

table 3 : explain SELECT c FROM sbtest3 WHERE id=7436539
	Index Scan using sbtest3_pkey on sbtest3  (cost=0.43..8.45 rows=1 width=121)
	  Index Cond: (id = 7436539)

table 4 : explain SELECT c FROM sbtest4 WHERE id=9499177
	Index Scan using sbtest4_pkey on sbtest4  (cost=0.43..8.45 rows=1 width=121)
	  Index Cond: (id = 9499177)

table 5 : explain SELECT c FROM sbtest5 WHERE id=360377
	Index Scan using sbtest5_pkey on sbtest5  (cost=0.43..8.45 rows=1 width=121)
	  Index Cond: (id = 360377)

table 6 : explain SELECT c FROM sbtest6 WHERE id=5140574
	Index Scan using sbtest6_pkey on sbtest6  (cost=0.43..8.45 rows=1 width=121)
	  Index Cond: (id = 5140574)

table 7 : explain SELECT c FROM sbtest7 WHERE id=1542561
	Index Scan using sbtest7_pkey on sbtest7  (cost=0.43..8.45 rows=1 width=121)
	  Index Cond: (id = 1542561)

table 8 : explain SELECT c FROM sbtest8 WHERE id=4059441
	Index Scan using sbtest8_pkey on sbtest8  (cost=0.43..8.45 rows=1 width=121)
	  Index Cond: (id = 4059441)

explain: for point_selects :: explain SELECT c FROM sbtest%u WHERE id=%u
explain: for point_selects :: explain SELECT c FROM sbtest%u WHERE id=%u
for: order_ranges
table 1 : explain SELECT c FROM sbtest1 WHERE id BETWEEN 4860104 AND 4861103 ORDER BY c
	Sort  (cost=4053.72..4056.30 rows=1034 width=121)
	  Sort Key: c
	  ->  Bitmap Heap Scan on sbtest1  (cost=35.03..4001.95 rows=1034 width=121)
	        Recheck Cond: ((id >= 4860104) AND (id <= 4861103))
	        ->  Bitmap Index Scan on sbtest1_pkey  (cost=0.00..34.78 rows=1034 width=0)
	              Index Cond: ((id >= 4860104) AND (id <= 4861103))

table 2 : explain SELECT c FROM sbtest2 WHERE id BETWEEN 6693865 AND 6694864 ORDER BY c
	Sort  (cost=3755.89..3758.28 rows=956 width=121)
	  Sort Key: c
	  ->  Bitmap Heap Scan on sbtest2  (cost=34.23..3708.56 rows=956 width=121)
	        Recheck Cond: ((id >= 6693865) AND (id <= 6694864))
	        ->  Bitmap Index Scan on sbtest2_pkey  (cost=0.00..34.00 rows=956 width=0)
	              Index Cond: ((id >= 6693865) AND (id <= 6694864))

table 3 : explain SELECT c FROM sbtest3 WHERE id BETWEEN 286955 AND 287954 ORDER BY c
	Sort  (cost=3970.62..3973.15 rows=1012 width=121)
	  Sort Key: c
	  ->  Bitmap Heap Scan on sbtest3  (cost=34.81..3920.11 rows=1012 width=121)
	        Recheck Cond: ((id >= 286955) AND (id <= 287954))
	        ->  Bitmap Index Scan on sbtest3_pkey  (cost=0.00..34.56 rows=1012 width=0)
	              Index Cond: ((id >= 286955) AND (id <= 287954))

table 4 : explain SELECT c FROM sbtest4 WHERE id BETWEEN 3167405 AND 3168404 ORDER BY c
	Sort  (cost=3919.95..3922.45 rows=997 width=121)
	  Sort Key: c
	  ->  Bitmap Heap Scan on sbtest4  (cost=34.65..3870.30 rows=997 width=121)
	        Recheck Cond: ((id >= 3167405) AND (id <= 3168404))
	        ->  Bitmap Index Scan on sbtest4_pkey  (cost=0.00..34.41 rows=997 width=0)
	              Index Cond: ((id >= 3167405) AND (id <= 3168404))

table 5 : explain SELECT c FROM sbtest5 WHERE id BETWEEN 5514738 AND 5515737 ORDER BY c
	Sort  (cost=4019.71..4022.27 rows=1023 width=121)
	  Sort Key: c
	  ->  Bitmap Heap Scan on sbtest5  (cost=34.92..3968.57 rows=1023 width=121)
	        Recheck Cond: ((id >= 5514738) AND (id <= 5515737))
	        ->  Bitmap Index Scan on sbtest5_pkey  (cost=0.00..34.67 rows=1023 width=0)
	              Index Cond: ((id >= 5514738) AND (id <= 5515737))

table 6 : explain SELECT c FROM sbtest6 WHERE id BETWEEN 2884804 AND 2885803 ORDER BY c
	Sort  (cost=3687.86..3690.21 rows=938 width=121)
	  Sort Key: c
	  ->  Bitmap Heap Scan on sbtest6  (cost=34.05..3641.56 rows=938 width=121)
	        Recheck Cond: ((id >= 2884804) AND (id <= 2885803))
	        ->  Bitmap Index Scan on sbtest6_pkey  (cost=0.00..33.82 rows=938 width=0)
	              Index Cond: ((id >= 2884804) AND (id <= 2885803))

table 7 : explain SELECT c FROM sbtest7 WHERE id BETWEEN 9124442 AND 9125441 ORDER BY c
	Sort  (cost=4206.08..4208.76 rows=1074 width=121)
	  Sort Key: c
	  ->  Bitmap Heap Scan on sbtest7  (cost=35.44..4152.01 rows=1074 width=121)
	        Recheck Cond: ((id >= 9124442) AND (id <= 9125441))
	        ->  Bitmap Index Scan on sbtest7_pkey  (cost=0.00..35.18 rows=1074 width=0)
	              Index Cond: ((id >= 9124442) AND (id <= 9125441))

table 8 : explain SELECT c FROM sbtest8 WHERE id BETWEEN 984750 AND 985749 ORDER BY c
	Sort  (cost=3897.43..3899.91 rows=993 width=121)
	  Sort Key: c
	  ->  Bitmap Heap Scan on sbtest8  (cost=34.61..3848.00 rows=993 width=121)
	        Recheck Cond: ((id >= 984750) AND (id <= 985749))
	        ->  Bitmap Index Scan on sbtest8_pkey  (cost=0.00..34.37 rows=993 width=0)
	              Index Cond: ((id >= 984750) AND (id <= 985749))

for: order_ranges
table 1 : explain SELECT c FROM sbtest1 WHERE id BETWEEN 8443991 AND 8444990 ORDER BY c
	Sort  (cost=3778.34..3780.75 rows=962 width=121)
	  Sort Key: c
	  ->  Bitmap Heap Scan on sbtest1  (cost=34.30..3730.68 rows=962 width=121)
	        Recheck Cond: ((id >= 8443991) AND (id <= 8444990))
	        ->  Bitmap Index Scan on sbtest1_pkey  (cost=0.00..34.06 rows=962 width=0)
	              Index Cond: ((id >= 8443991) AND (id <= 8444990))

table 2 : explain SELECT c FROM sbtest2 WHERE id BETWEEN 1011106 AND 1012105 ORDER BY c
	Sort  (cost=4103.97..4106.58 rows=1047 width=121)
	  Sort Key: c
	  ->  Bitmap Heap Scan on sbtest2  (cost=35.17..4051.45 rows=1047 width=121)
	        Recheck Cond: ((id >= 1011106) AND (id <= 1012105))
	        ->  Bitmap Index Scan on sbtest2_pkey  (cost=0.00..34.91 rows=1047 width=0)
	              Index Cond: ((id >= 1011106) AND (id <= 1012105))

table 3 : explain SELECT c FROM sbtest3 WHERE id BETWEEN 1836640 AND 1837639 ORDER BY c
	Sort  (cost=4131.14..4133.78 rows=1054 width=121)
	  Sort Key: c
	  ->  Bitmap Heap Scan on sbtest3  (cost=35.24..4078.22 rows=1054 width=121)
	        Recheck Cond: ((id >= 1836640) AND (id <= 1837639))
	        ->  Bitmap Index Scan on sbtest3_pkey  (cost=0.00..34.98 rows=1054 width=0)
	              Index Cond: ((id >= 1836640) AND (id <= 1837639))

table 4 : explain SELECT c FROM sbtest4 WHERE id BETWEEN 8981553 AND 8982552 ORDER BY c
	Sort  (cost=4123.12..4125.74 rows=1050 width=121)
	  Sort Key: c
	  ->  Bitmap Heap Scan on sbtest4  (cost=35.20..4070.43 rows=1050 width=121)
	        Recheck Cond: ((id >= 8981553) AND (id <= 8982552))
	        ->  Bitmap Index Scan on sbtest4_pkey  (cost=0.00..34.94 rows=1050 width=0)
	              Index Cond: ((id >= 8981553) AND (id <= 8982552))

table 5 : explain SELECT c FROM sbtest5 WHERE id BETWEEN 7253571 AND 7254570 ORDER BY c
	Sort  (cost=4268.64..4271.36 rows=1088 width=121)
	  Sort Key: c
	  ->  Bitmap Heap Scan on sbtest5  (cost=35.59..4213.77 rows=1088 width=121)
	        Recheck Cond: ((id >= 7253571) AND (id <= 7254570))
	        ->  Bitmap Index Scan on sbtest5_pkey  (cost=0.00..35.32 rows=1088 width=0)
	              Index Cond: ((id >= 7253571) AND (id <= 7254570))

table 6 : explain SELECT c FROM sbtest6 WHERE id BETWEEN 9245139 AND 9246138 ORDER BY c
	Sort  (cost=3756.86..3759.25 rows=956 width=121)
	  Sort Key: c
	  ->  Bitmap Heap Scan on sbtest6  (cost=34.23..3709.54 rows=956 width=121)
	        Recheck Cond: ((id >= 9245139) AND (id <= 9246138))
	        ->  Bitmap Index Scan on sbtest6_pkey  (cost=0.00..34.00 rows=956 width=0)
	              Index Cond: ((id >= 9245139) AND (id <= 9246138))

table 7 : explain SELECT c FROM sbtest7 WHERE id BETWEEN 5932726 AND 5933725 ORDER BY c
	Sort  (cost=3827.80..3830.24 rows=975 width=121)
	  Sort Key: c
	  ->  Bitmap Heap Scan on sbtest7  (cost=34.43..3779.40 rows=975 width=121)
	        Recheck Cond: ((id >= 5932726) AND (id <= 5933725))
	        ->  Bitmap Index Scan on sbtest7_pkey  (cost=0.00..34.19 rows=975 width=0)
	              Index Cond: ((id >= 5932726) AND (id <= 5933725))

table 8 : explain SELECT c FROM sbtest8 WHERE id BETWEEN 9664308 AND 9665307 ORDER BY c
	Sort  (cost=3970.10..3972.63 rows=1012 width=121)
	  Sort Key: c
	  ->  Bitmap Heap Scan on sbtest8  (cost=34.81..3919.59 rows=1012 width=121)
	        Recheck Cond: ((id >= 9664308) AND (id <= 9665307))
	        ->  Bitmap Index Scan on sbtest8_pkey  (cost=0.00..34.56 rows=1012 width=0)
	              Index Cond: ((id >= 9664308) AND (id <= 9665307))

explain: for point_selects :: explain SELECT c FROM sbtest%u WHERE id=%u
for: order_ranges
table 1 : explain SELECT c FROM sbtest1 WHERE id BETWEEN 1989931 AND 1990930 ORDER BY c
	Sort  (cost=3525.19..3527.43 rows=897 width=121)
	  Sort Key: c
	  ->  Bitmap Heap Scan on sbtest1  (cost=29.63..3481.20 rows=897 width=121)
	        Recheck Cond: ((id >= 1989931) AND (id <= 1990930))
	        ->  Bitmap Index Scan on sbtest1_pkey  (cost=0.00..29.40 rows=897 width=0)
	              Index Cond: ((id >= 1989931) AND (id <= 1990930))

table 2 : explain SELECT c FROM sbtest2 WHERE id BETWEEN 6151552 AND 6152551 ORDER BY c
	Sort  (cost=3970.21..3972.74 rows=1012 width=121)
	  Sort Key: c
	  ->  Bitmap Heap Scan on sbtest2  (cost=34.81..3919.69 rows=1012 width=121)
	        Recheck Cond: ((id >= 6151552) AND (id <= 6152551))
	        ->  Bitmap Index Scan on sbtest2_pkey  (cost=0.00..34.56 rows=1012 width=0)
	              Index Cond: ((id >= 6151552) AND (id <= 6152551))

table 3 : explain SELECT c FROM sbtest3 WHERE id BETWEEN 2779653 AND 2780652 ORDER BY c
	Sort  (cost=3974.45..3976.98 rows=1013 width=121)
	  Sort Key: c
	  ->  Bitmap Heap Scan on sbtest3  (cost=34.82..3923.88 rows=1013 width=121)
	        Recheck Cond: ((id >= 2779653) AND (id <= 2780652))
	        ->  Bitmap Index Scan on sbtest3_pkey  (cost=0.00..34.57 rows=1013 width=0)
	              Index Cond: ((id >= 2779653) AND (id <= 2780652))

table 4 : explain SELECT c FROM sbtest4 WHERE id BETWEEN 4721112 AND 4722111 ORDER BY c
	Sort  (cost=3643.44..3645.75 rows=925 width=121)
	  Sort Key: c
	  ->  Bitmap Heap Scan on sbtest4  (cost=33.92..3597.86 rows=925 width=121)
	        Recheck Cond: ((id >= 4721112) AND (id <= 4722111))
	        ->  Bitmap Index Scan on sbtest4_pkey  (cost=0.00..33.69 rows=925 width=0)
	              Index Cond: ((id >= 4721112) AND (id <= 4722111))

table 5 : explain SELECT c FROM sbtest5 WHERE id BETWEEN 2586733 AND 2587732 ORDER BY c
	Sort  (cost=3689.61..3691.95 rows=937 width=121)
	  Sort Key: c
	  ->  Bitmap Heap Scan on sbtest5  (cost=34.04..3643.36 rows=937 width=121)
	        Recheck Cond: ((id >= 2586733) AND (id <= 2587732))
	        ->  Bitmap Index Scan on sbtest5_pkey  (cost=0.00..33.81 rows=937 width=0)
	              Index Cond: ((id >= 2586733) AND (id <= 2587732))

table 6 : explain SELECT c FROM sbtest6 WHERE id BETWEEN 4872517 AND 4873516 ORDER BY c
	Sort  (cost=3364.74..3366.86 rows=847 width=121)
	  Sort Key: c
	  ->  Index Scan using sbtest6_pkey on sbtest6  (cost=0.43..3323.55 rows=847 width=121)
	        Index Cond: ((id >= 4872517) AND (id <= 4873516))

table 7 : explain SELECT c FROM sbtest7 WHERE id BETWEEN 7176674 AND 7177673 ORDER BY c
	Sort  (cost=4332.18..4334.95 rows=1107 width=121)
	  Sort Key: c
	  ->  Bitmap Heap Scan on sbtest7  (cost=39.78..4276.21 rows=1107 width=121)
	        Recheck Cond: ((id >= 7176674) AND (id <= 7177673))
	        ->  Bitmap Index Scan on sbtest7_pkey  (cost=0.00..39.51 rows=1107 width=0)
	              Index Cond: ((id >= 7176674) AND (id <= 7177673))

table 8 : explain SELECT c FROM sbtest8 WHERE id BETWEEN 2787316 AND 2788315 ORDER BY c
	Sort  (cost=3609.97..3612.27 rows=919 width=121)
	  Sort Key: c
	  ->  Bitmap Heap Scan on sbtest8  (cost=29.85..3564.74 rows=919 width=121)
	        Recheck Cond: ((id >= 2787316) AND (id <= 2788315))
	        ->  Bitmap Index Scan on sbtest8_pkey  (cost=0.00..29.62 rows=919 width=0)
	              Index Cond: ((id >= 2787316) AND (id <= 2788315))

for: simple_ranges
table 1 : explain SELECT c FROM sbtest1 WHERE id BETWEEN 9051555 AND 9052554
	Bitmap Heap Scan on sbtest1  (cost=34.35..3749.54 rows=967 width=121)
	  Recheck Cond: ((id >= 9051555) AND (id <= 9052554))
	  ->  Bitmap Index Scan on sbtest1_pkey  (cost=0.00..34.11 rows=967 width=0)
	        Index Cond: ((id >= 9051555) AND (id <= 9052554))

table 2 : explain SELECT c FROM sbtest2 WHERE id BETWEEN 6221714 AND 6222713
	Bitmap Heap Scan on sbtest2  (cost=34.66..3866.95 rows=998 width=121)
	  Recheck Cond: ((id >= 6221714) AND (id <= 6222713))
	  ->  Bitmap Index Scan on sbtest2_pkey  (cost=0.00..34.42 rows=998 width=0)
	        Index Cond: ((id >= 6221714) AND (id <= 6222713))

table 3 : explain SELECT c FROM sbtest3 WHERE id BETWEEN 1241255 AND 1242254
	Bitmap Heap Scan on sbtest3  (cost=34.44..3784.40 rows=976 width=121)
	  Recheck Cond: ((id >= 1241255) AND (id <= 1242254))
	  ->  Bitmap Index Scan on sbtest3_pkey  (cost=0.00..34.20 rows=976 width=0)
	        Index Cond: ((id >= 1241255) AND (id <= 1242254))

table 4 : explain SELECT c FROM sbtest4 WHERE id BETWEEN 3047188 AND 3048187
	Bitmap Heap Scan on sbtest4  (cost=34.66..3874.08 rows=998 width=121)
	  Recheck Cond: ((id >= 3047188) AND (id <= 3048187))
	  ->  Bitmap Index Scan on sbtest4_pkey  (cost=0.00..34.42 rows=998 width=0)
	        Index Cond: ((id >= 3047188) AND (id <= 3048187))

table 5 : explain SELECT c FROM sbtest5 WHERE id BETWEEN 8578730 AND 8579729
	Bitmap Heap Scan on sbtest5  (cost=29.80..3552.23 rows=914 width=121)
	  Recheck Cond: ((id >= 8578730) AND (id <= 8579729))
	  ->  Bitmap Index Scan on sbtest5_pkey  (cost=0.00..29.57 rows=914 width=0)
	        Index Cond: ((id >= 8578730) AND (id <= 8579729))

table 6 : explain SELECT c FROM sbtest6 WHERE id BETWEEN 8763010 AND 8764009
	Bitmap Heap Scan on sbtest6  (cost=34.37..3758.61 rows=969 width=121)
	  Recheck Cond: ((id >= 8763010) AND (id <= 8764009))
	  ->  Bitmap Index Scan on sbtest6_pkey  (cost=0.00..34.12 rows=969 width=0)
	        Index Cond: ((id >= 8763010) AND (id <= 8764009))

table 7 : explain SELECT c FROM sbtest7 WHERE id BETWEEN 7605137 AND 7606136
	Bitmap Heap Scan on sbtest7  (cost=34.61..3847.24 rows=993 width=121)
	  Recheck Cond: ((id >= 7605137) AND (id <= 7606136))
	  ->  Bitmap Index Scan on sbtest7_pkey  (cost=0.00..34.37 rows=993 width=0)
	        Index Cond: ((id >= 7605137) AND (id <= 7606136))

table 8 : explain SELECT c FROM sbtest8 WHERE id BETWEEN 2245665 AND 2246664
	Bitmap Heap Scan on sbtest8  (cost=35.68..4239.28 rows=1097 width=121)
	  Recheck Cond: ((id >= 2245665) AND (id <= 2246664))
	  ->  Bitmap Index Scan on sbtest8_pkey  (cost=0.00..35.41 rows=1097 width=0)
	        Index Cond: ((id >= 2245665) AND (id <= 2246664))

for: order_ranges
table 1 : explain SELECT c FROM sbtest1 WHERE id BETWEEN 8508568 AND 8509567 ORDER BY c
	Sort  (cost=3770.69..3773.09 rows=960 width=121)
	  Sort Key: c
	  ->  Bitmap Heap Scan on sbtest1  (cost=34.28..3723.13 rows=960 width=121)
	        Recheck Cond: ((id >= 8508568) AND (id <= 8509567))
	        ->  Bitmap Index Scan on sbtest1_pkey  (cost=0.00..34.04 rows=960 width=0)
	              Index Cond: ((id >= 8508568) AND (id <= 8509567))

table 2 : explain SELECT c FROM sbtest2 WHERE id BETWEEN 9094525 AND 9095524 ORDER BY c
	Sort  (cost=4332.93..4335.70 rows=1107 width=121)
	  Sort Key: c
	  ->  Bitmap Heap Scan on sbtest2  (cost=35.78..4276.96 rows=1107 width=121)
	        Recheck Cond: ((id >= 9094525) AND (id <= 9095524))
	        ->  Bitmap Index Scan on sbtest2_pkey  (cost=0.00..35.51 rows=1107 width=0)
	              Index Cond: ((id >= 9094525) AND (id <= 9095524))

table 3 : explain SELECT c FROM sbtest3 WHERE id BETWEEN 3451650 AND 3452649 ORDER BY c
	Sort  (cost=3863.49..3865.95 rows=984 width=121)
	  Sort Key: c
	  ->  Bitmap Heap Scan on sbtest3  (cost=34.52..3814.58 rows=984 width=121)
	        Recheck Cond: ((id >= 3451650) AND (id <= 3452649))
	        ->  Bitmap Index Scan on sbtest3_pkey  (cost=0.00..34.28 rows=984 width=0)
	              Index Cond: ((id >= 3451650) AND (id <= 3452649))

table 4 : explain SELECT c FROM sbtest4 WHERE id BETWEEN 8620009 AND 8621008 ORDER BY c
	Sort  (cost=3824.01..3826.44 rows=972 width=121)
	  Sort Key: c
	  ->  Bitmap Heap Scan on sbtest4  (cost=34.40..3775.78 rows=972 width=121)
	        Recheck Cond: ((id >= 8620009) AND (id <= 8621008))
	        ->  Bitmap Index Scan on sbtest4_pkey  (cost=0.00..34.16 rows=972 width=0)
	              Index Cond: ((id >= 8620009) AND (id <= 8621008))

table 5 : explain SELECT c FROM sbtest5 WHERE id BETWEEN 8995692 AND 8996691 ORDER BY c
	Sort  (cost=3639.64..3641.95 rows=924 width=121)
	  Sort Key: c
	  ->  Bitmap Heap Scan on sbtest5  (cost=33.91..3594.12 rows=924 width=121)
	        Recheck Cond: ((id >= 8995692) AND (id <= 8996691))
	        ->  Bitmap Index Scan on sbtest5_pkey  (cost=0.00..33.68 rows=924 width=0)
	              Index Cond: ((id >= 8995692) AND (id <= 8996691))

table 6 : explain SELECT c FROM sbtest6 WHERE id BETWEEN 7219469 AND 7220468 ORDER BY c
	Sort  (cost=3710.87..3713.23 rows=944 width=121)
	  Sort Key: c
	  ->  Bitmap Heap Scan on sbtest6  (cost=34.11..3664.22 rows=944 width=121)
	        Recheck Cond: ((id >= 7219469) AND (id <= 7220468))
	        ->  Bitmap Index Scan on sbtest6_pkey  (cost=0.00..33.88 rows=944 width=0)
	              Index Cond: ((id >= 7219469) AND (id <= 7220468))

table 7 : explain SELECT c FROM sbtest7 WHERE id BETWEEN 7517197 AND 7518196 ORDER BY c
	Sort  (cost=3636.30..3638.61 rows=925 width=121)
	  Sort Key: c
	  ->  Bitmap Heap Scan on sbtest7  (cost=33.92..3590.73 rows=925 width=121)
	        Recheck Cond: ((id >= 7517197) AND (id <= 7518196))
	        ->  Bitmap Index Scan on sbtest7_pkey  (cost=0.00..33.69 rows=925 width=0)
	              Index Cond: ((id >= 7517197) AND (id <= 7518196))

table 8 : explain SELECT c FROM sbtest8 WHERE id BETWEEN 9443834 AND 9444833 ORDER BY c
	Sort  (cost=4329.00..4331.76 rows=1106 width=121)
	  Sort Key: c
	  ->  Bitmap Heap Scan on sbtest8  (cost=35.77..4273.08 rows=1106 width=121)
	        Recheck Cond: ((id >= 9443834) AND (id <= 9444833))
	        ->  Bitmap Index Scan on sbtest8_pkey  (cost=0.00..35.50 rows=1106 width=0)
	              Index Cond: ((id >= 9443834) AND (id <= 9444833))

explain: for point_selects :: explain SELECT c FROM sbtest%u WHERE id=%u
for: simple_ranges
table 1 : explain SELECT c FROM sbtest1 WHERE id BETWEEN 6958372 AND 6959371
	Bitmap Heap Scan on sbtest1  (cost=34.39..3764.62 rows=971 width=121)
	  Recheck Cond: ((id >= 6958372) AND (id <= 6959371))
	  ->  Bitmap Index Scan on sbtest1_pkey  (cost=0.00..34.15 rows=971 width=0)
	        Index Cond: ((id >= 6958372) AND (id <= 6959371))

table 2 : explain SELECT c FROM sbtest2 WHERE id BETWEEN 2009800 AND 2010799
	Bitmap Heap Scan on sbtest2  (cost=34.38..3761.38 rows=970 width=121)
	  Recheck Cond: ((id >= 2009800) AND (id <= 2010799))
	  ->  Bitmap Index Scan on sbtest2_pkey  (cost=0.00..34.14 rows=970 width=0)
	        Index Cond: ((id >= 2009800) AND (id <= 2010799))

table 3 : explain SELECT c FROM sbtest3 WHERE id BETWEEN 1061700 AND 1062699
	Bitmap Heap Scan on sbtest3  (cost=34.53..3818.35 rows=985 width=121)
	  Recheck Cond: ((id >= 1061700) AND (id <= 1062699))
	  ->  Bitmap Index Scan on sbtest3_pkey  (cost=0.00..34.29 rows=985 width=0)
	        Index Cond: ((id >= 1061700) AND (id <= 1062699))

table 4 : explain SELECT c FROM sbtest4 WHERE id BETWEEN 3740260 AND 3741259
	Bitmap Heap Scan on sbtest4  (cost=40.10..4405.98 rows=1138 width=121)
	  Recheck Cond: ((id >= 3740260) AND (id <= 3741259))
	  ->  Bitmap Index Scan on sbtest4_pkey  (cost=0.00..39.82 rows=1138 width=0)
	        Index Cond: ((id >= 3740260) AND (id <= 3741259))

table 5 : explain SELECT c FROM sbtest5 WHERE id BETWEEN 7458847 AND 7459846
	Bitmap Heap Scan on sbtest5  (cost=34.33..3749.34 rows=965 width=121)
	  Recheck Cond: ((id >= 7458847) AND (id <= 7459846))
	  ->  Bitmap Index Scan on sbtest5_pkey  (cost=0.00..34.09 rows=965 width=0)
	        Index Cond: ((id >= 7458847) AND (id <= 7459846))

table 6 : explain SELECT c FROM sbtest6 WHERE id BETWEEN 3281265 AND 3282264
	Bitmap Heap Scan on sbtest6  (cost=35.51..4176.71 rows=1080 width=121)
	  Recheck Cond: ((id >= 3281265) AND (id <= 3282264))
	  ->  Bitmap Index Scan on sbtest6_pkey  (cost=0.00..35.23 rows=1080 width=0)
	        Index Cond: ((id >= 3281265) AND (id <= 3282264))

table 7 : explain SELECT c FROM sbtest7 WHERE id BETWEEN 9771114 AND 9772113
	Bitmap Heap Scan on sbtest7  (cost=34.37..3756.77 rows=969 width=121)
	  Recheck Cond: ((id >= 9771114) AND (id <= 9772113))
	  ->  Bitmap Index Scan on sbtest7_pkey  (cost=0.00..34.12 rows=969 width=0)
	        Index Cond: ((id >= 9771114) AND (id <= 9772113))

table 8 : explain SELECT c FROM sbtest8 WHERE id BETWEEN 6786868 AND 6787867
	Bitmap Heap Scan on sbtest8  (cost=40.42..4509.67 rows=1169 width=121)
	  Recheck Cond: ((id >= 6786868) AND (id <= 6787867))
	  ->  Bitmap Index Scan on sbtest8_pkey  (cost=0.00..40.12 rows=1169 width=0)
	        Index Cond: ((id >= 6786868) AND (id <= 6787867))

for: distinct_ranges
table 1 : explain SELECT DISTINCT c FROM sbtest1 WHERE id BETWEEN 9239826 AND 9240825 ORDER BY c
	Unique  (cost=3716.89..3721.63 rows=947 width=121)
	  ->  Sort  (cost=3716.89..3719.26 rows=947 width=121)
	        Sort Key: c
	        ->  Bitmap Heap Scan on sbtest1  (cost=30.14..3670.08 rows=947 width=121)
	              Recheck Cond: ((id >= 9239826) AND (id <= 9240825))
	              ->  Bitmap Index Scan on sbtest1_pkey  (cost=0.00..29.90 rows=947 width=0)
	                    Index Cond: ((id >= 9239826) AND (id <= 9240825))

table 2 : explain SELECT DISTINCT c FROM sbtest2 WHERE id BETWEEN 7926022 AND 7927021 ORDER BY c
	Unique  (cost=3748.22..3752.99 rows=954 width=121)
	  ->  Sort  (cost=3748.22..3750.61 rows=954 width=121)
	        Sort Key: c
	        ->  Bitmap Heap Scan on sbtest2  (cost=34.21..3701.01 rows=954 width=121)
	              Recheck Cond: ((id >= 7926022) AND (id <= 7927021))
	              ->  Bitmap Index Scan on sbtest2_pkey  (cost=0.00..33.98 rows=954 width=0)
	                    Index Cond: ((id >= 7926022) AND (id <= 7927021))

table 3 : explain SELECT DISTINCT c FROM sbtest3 WHERE id BETWEEN 2691892 AND 2692891 ORDER BY c
	Unique  (cost=4081.48..4086.69 rows=1041 width=121)
	  ->  Sort  (cost=4081.48..4084.08 rows=1041 width=121)
	        Sort Key: c
	        ->  Bitmap Heap Scan on sbtest3  (cost=35.11..4029.31 rows=1041 width=121)
	              Recheck Cond: ((id >= 2691892) AND (id <= 2692891))
	              ->  Bitmap Index Scan on sbtest3_pkey  (cost=0.00..34.84 rows=1041 width=0)
	                    Index Cond: ((id >= 2691892) AND (id <= 2692891))

table 4 : explain SELECT DISTINCT c FROM sbtest4 WHERE id BETWEEN 202265 AND 203264 ORDER BY c
	Unique  (cost=3862.40..3867.31 rows=982 width=121)
	  ->  Sort  (cost=3862.40..3864.85 rows=982 width=121)
	        Sort Key: c
	        ->  Bitmap Heap Scan on sbtest4  (cost=34.50..3813.59 rows=982 width=121)
	              Recheck Cond: ((id >= 202265) AND (id <= 203264))
	              ->  Bitmap Index Scan on sbtest4_pkey  (cost=0.00..34.26 rows=982 width=0)
	                    Index Cond: ((id >= 202265) AND (id <= 203264))

table 5 : explain SELECT DISTINCT c FROM sbtest5 WHERE id BETWEEN 8015239 AND 8016238 ORDER BY c
	Unique  (cost=3847.09..3851.98 rows=978 width=121)
	  ->  Sort  (cost=3847.09..3849.54 rows=978 width=121)
	        Sort Key: c
	        ->  Bitmap Heap Scan on sbtest5  (cost=34.46..3798.52 rows=978 width=121)
	              Recheck Cond: ((id >= 8015239) AND (id <= 8016238))
	              ->  Bitmap Index Scan on sbtest5_pkey  (cost=0.00..34.22 rows=978 width=0)
	                    Index Cond: ((id >= 8015239) AND (id <= 8016238))

table 6 : explain SELECT DISTINCT c FROM sbtest6 WHERE id BETWEEN 3252851 AND 3253850 ORDER BY c
	Unique  (cost=4196.76..4202.12 rows=1071 width=121)
	  ->  Sort  (cost=4196.76..4199.44 rows=1071 width=121)
	        Sort Key: c
	        ->  Bitmap Heap Scan on sbtest6  (cost=35.41..4142.86 rows=1071 width=121)
	              Recheck Cond: ((id >= 3252851) AND (id <= 3253850))
	              ->  Bitmap Index Scan on sbtest6_pkey  (cost=0.00..35.15 rows=1071 width=0)
	                    Index Cond: ((id >= 3252851) AND (id <= 3253850))

table 7 : explain SELECT DISTINCT c FROM sbtest7 WHERE id BETWEEN 2328953 AND 2329952 ORDER BY c
	Unique  (cost=3950.20..3955.24 rows=1007 width=121)
	  ->  Sort  (cost=3950.20..3952.72 rows=1007 width=121)
	        Sort Key: c
	        ->  Bitmap Heap Scan on sbtest7  (cost=34.76..3899.98 rows=1007 width=121)
	              Recheck Cond: ((id >= 2328953) AND (id <= 2329952))
	              ->  Bitmap Index Scan on sbtest7_pkey  (cost=0.00..34.51 rows=1007 width=0)
	                    Index Cond: ((id >= 2328953) AND (id <= 2329952))

table 8 : explain SELECT DISTINCT c FROM sbtest8 WHERE id BETWEEN 5352838 AND 5353837 ORDER BY c
	Unique  (cost=4176.40..4181.73 rows=1066 width=121)
	  ->  Sort  (cost=4176.40..4179.07 rows=1066 width=121)
	        Sort Key: c
	        ->  Bitmap Heap Scan on sbtest8  (cost=35.36..4122.79 rows=1066 width=121)
	              Recheck Cond: ((id >= 5352838) AND (id <= 5353837))
	              ->  Bitmap Index Scan on sbtest8_pkey  (cost=0.00..35.09 rows=1066 width=0)
	                    Index Cond: ((id >= 5352838) AND (id <= 5353837))

for: distinct_ranges
table 1 : explain SELECT DISTINCT c FROM sbtest1 WHERE id BETWEEN 5784490 AND 5785489 ORDER BY c
	Unique  (cost=3598.07..3602.65 rows=916 width=121)
	  ->  Sort  (cost=3598.07..3600.36 rows=916 width=121)
	        Sort Key: c
	        ->  Bitmap Heap Scan on sbtest1  (cost=29.82..3553.01 rows=916 width=121)
	              Recheck Cond: ((id >= 5784490) AND (id <= 5785489))
	              ->  Bitmap Index Scan on sbtest1_pkey  (cost=0.00..29.59 rows=916 width=0)
	                    Index Cond: ((id >= 5784490) AND (id <= 5785489))

table 2 : explain SELECT DISTINCT c FROM sbtest2 WHERE id BETWEEN 2524600 AND 2525599 ORDER BY c
	Unique  (cost=3863.10..3868.02 rows=984 width=121)
	  ->  Sort  (cost=3863.10..3865.56 rows=984 width=121)
	        Sort Key: c
	        ->  Bitmap Heap Scan on sbtest2  (cost=34.52..3814.18 rows=984 width=121)
	              Recheck Cond: ((id >= 2524600) AND (id <= 2525599))
	              ->  Bitmap Index Scan on sbtest2_pkey  (cost=0.00..34.28 rows=984 width=0)
	                    Index Cond: ((id >= 2524600) AND (id <= 2525599))

table 3 : explain SELECT DISTINCT c FROM sbtest3 WHERE id BETWEEN 2910465 AND 2911464 ORDER BY c
	Unique  (cost=3771.59..3776.39 rows=960 width=121)
	  ->  Sort  (cost=3771.59..3773.99 rows=960 width=121)
	        Sort Key: c
	        ->  Bitmap Heap Scan on sbtest3  (cost=34.28..3724.04 rows=960 width=121)
	              Recheck Cond: ((id >= 2910465) AND (id <= 2911464))
	              ->  Bitmap Index Scan on sbtest3_pkey  (cost=0.00..34.04 rows=960 width=0)
	                    Index Cond: ((id >= 2910465) AND (id <= 2911464))

table 4 : explain SELECT DISTINCT c FROM sbtest4 WHERE id BETWEEN 3707699 AND 3708698 ORDER BY c
	Unique  (cost=4463.74..4469.43 rows=1138 width=121)
	  ->  Sort  (cost=4463.74..4466.59 rows=1138 width=121)
	        Sort Key: c
	        ->  Bitmap Heap Scan on sbtest4  (cost=40.10..4405.98 rows=1138 width=121)
	              Recheck Cond: ((id >= 3707699) AND (id <= 3708698))
	              ->  Bitmap Index Scan on sbtest4_pkey  (cost=0.00..39.82 rows=1138 width=0)
	                    Index Cond: ((id >= 3707699) AND (id <= 3708698))

table 5 : explain SELECT DISTINCT c FROM sbtest5 WHERE id BETWEEN 6671314 AND 6672313 ORDER BY c
	Unique  (cost=3712.67..3717.38 rows=943 width=121)
	  ->  Sort  (cost=3712.67..3715.03 rows=943 width=121)
	        Sort Key: c
	        ->  Bitmap Heap Scan on sbtest5  (cost=34.10..3666.08 rows=943 width=121)
	              Recheck Cond: ((id >= 6671314) AND (id <= 6672313))
	              ->  Bitmap Index Scan on sbtest5_pkey  (cost=0.00..33.87 rows=943 width=0)
	                    Index Cond: ((id >= 6671314) AND (id <= 6672313))

table 6 : explain SELECT DISTINCT c FROM sbtest6 WHERE id BETWEEN 7490328 AND 7491327 ORDER BY c
	Unique  (cost=3875.60..3880.53 rows=987 width=121)
	  ->  Sort  (cost=3875.60..3878.07 rows=987 width=121)
	        Sort Key: c
	        ->  Bitmap Heap Scan on sbtest6  (cost=34.55..3826.51 rows=987 width=121)
	              Recheck Cond: ((id >= 7490328) AND (id <= 7491327))
	              ->  Bitmap Index Scan on sbtest6_pkey  (cost=0.00..34.31 rows=987 width=0)
	                    Index Cond: ((id >= 7490328) AND (id <= 7491327))

table 7 : explain SELECT DISTINCT c FROM sbtest7 WHERE id BETWEEN 2432313 AND 2433312 ORDER BY c
	Unique  (cost=3896.67..3901.63 rows=993 width=121)
	  ->  Sort  (cost=3896.67..3899.15 rows=993 width=121)
	        Sort Key: c
	        ->  Bitmap Heap Scan on sbtest7  (cost=34.61..3847.24 rows=993 width=121)
	              Recheck Cond: ((id >= 2432313) AND (id <= 2433312))
	              ->  Bitmap Index Scan on sbtest7_pkey  (cost=0.00..34.37 rows=993 width=0)
	                    Index Cond: ((id >= 2432313) AND (id <= 2433312))

table 8 : explain SELECT DISTINCT c FROM sbtest8 WHERE id BETWEEN 8594820 AND 8595819 ORDER BY c
	Unique  (cost=3813.23..3818.09 rows=971 width=121)
	  ->  Sort  (cost=3813.23..3815.66 rows=971 width=121)
	        Sort Key: c
	        ->  Bitmap Heap Scan on sbtest8  (cost=34.39..3765.05 rows=971 width=121)
	              Recheck Cond: ((id >= 8594820) AND (id <= 8595819))
	              ->  Bitmap Index Scan on sbtest8_pkey  (cost=0.00..34.15 rows=971 width=0)
	                    Index Cond: ((id >= 8594820) AND (id <= 8595819))

for: sum_ranges
table 1 : explain SELECT SUM(k) FROM sbtest1 WHERE id BETWEEN 893235 AND 894234
	Aggregate  (cost=3834.95..3834.96 rows=1 width=8)
	  ->  Bitmap Heap Scan on sbtest1  (cost=34.57..3832.48 rows=989 width=4)
	        Recheck Cond: ((id >= 893235) AND (id <= 894234))
	        ->  Bitmap Index Scan on sbtest1_pkey  (cost=0.00..34.33 rows=989 width=0)
	              Index Cond: ((id >= 893235) AND (id <= 894234))

table 2 : explain SELECT SUM(k) FROM sbtest2 WHERE id BETWEEN 2372292 AND 2373291
	Aggregate  (cost=3816.64..3816.65 rows=1 width=8)
	  ->  Bitmap Heap Scan on sbtest2  (cost=34.52..3814.18 rows=984 width=4)
	        Recheck Cond: ((id >= 2372292) AND (id <= 2373291))
	        ->  Bitmap Index Scan on sbtest2_pkey  (cost=0.00..34.28 rows=984 width=0)
	              Index Cond: ((id >= 2372292) AND (id <= 2373291))

table 3 : explain SELECT SUM(k) FROM sbtest3 WHERE id BETWEEN 9810263 AND 9811262
	Aggregate  (cost=4054.50..4054.51 rows=1 width=8)
	  ->  Bitmap Heap Scan on sbtest3  (cost=35.17..4051.89 rows=1047 width=4)
	        Recheck Cond: ((id >= 9810263) AND (id <= 9811262))
	        ->  Bitmap Index Scan on sbtest3_pkey  (cost=0.00..34.91 rows=1047 width=0)
	              Index Cond: ((id >= 9810263) AND (id <= 9811262))

table 4 : explain SELECT SUM(k) FROM sbtest4 WHERE id BETWEEN 2333033 AND 2334032
	Aggregate  (cost=3793.34..3793.35 rows=1 width=8)
	  ->  Bitmap Heap Scan on sbtest4  (cost=34.44..3790.90 rows=976 width=4)
	        Recheck Cond: ((id >= 2333033) AND (id <= 2334032))
	        ->  Bitmap Index Scan on sbtest4_pkey  (cost=0.00..34.20 rows=976 width=0)
	              Index Cond: ((id >= 2333033) AND (id <= 2334032))

table 5 : explain SELECT SUM(k) FROM sbtest5 WHERE id BETWEEN 8163117 AND 8164116
	Aggregate  (cost=3486.23..3486.24 rows=1 width=8)
	  ->  Bitmap Heap Scan on sbtest5  (cost=29.62..3483.99 rows=896 width=4)
	        Recheck Cond: ((id >= 8163117) AND (id <= 8164116))
	        ->  Bitmap Index Scan on sbtest5_pkey  (cost=0.00..29.39 rows=896 width=0)
	              Index Cond: ((id >= 8163117) AND (id <= 8164116))

table 6 : explain SELECT SUM(k) FROM sbtest6 WHERE id BETWEEN 3015812 AND 3016811
	Aggregate  (cost=3738.37..3738.38 rows=1 width=8)
	  ->  Bitmap Heap Scan on sbtest6  (cost=34.31..3735.96 rows=963 width=4)
	        Recheck Cond: ((id >= 3015812) AND (id <= 3016811))
	        ->  Bitmap Index Scan on sbtest6_pkey  (cost=0.00..34.07 rows=963 width=0)
	              Index Cond: ((id >= 3015812) AND (id <= 3016811))

table 7 : explain SELECT SUM(k) FROM sbtest7 WHERE id BETWEEN 3279971 AND 3280970
	Aggregate  (cost=3872.34..3872.35 rows=1 width=8)
	  ->  Bitmap Heap Scan on sbtest7  (cost=34.67..3869.84 rows=999 width=4)
	        Recheck Cond: ((id >= 3279971) AND (id <= 3280970))
	        ->  Bitmap Index Scan on sbtest7_pkey  (cost=0.00..34.43 rows=999 width=0)
	              Index Cond: ((id >= 3279971) AND (id <= 3280970))

table 8 : explain SELECT SUM(k) FROM sbtest8 WHERE id BETWEEN 9134517 AND 9135516
	Aggregate  (cost=3933.42..3933.43 rows=1 width=8)
	  ->  Bitmap Heap Scan on sbtest8  (cost=34.84..3930.89 rows=1015 width=4)
	        Recheck Cond: ((id >= 9134517) AND (id <= 9135516))
	        ->  Bitmap Index Scan on sbtest8_pkey  (cost=0.00..34.59 rows=1015 width=0)
	              Index Cond: ((id >= 9134517) AND (id <= 9135516))

for: distinct_ranges
table 1 : explain SELECT DISTINCT c FROM sbtest1 WHERE id BETWEEN 8851854 AND 8852853 ORDER BY c
	Unique  (cost=3839.59..3844.48 rows=978 width=121)
	  ->  Sort  (cost=3839.59..3842.04 rows=978 width=121)
	        Sort Key: c
	        ->  Bitmap Heap Scan on sbtest1  (cost=34.46..3791.02 rows=978 width=121)
	              Recheck Cond: ((id >= 8851854) AND (id <= 8852853))
	              ->  Bitmap Index Scan on sbtest1_pkey  (cost=0.00..34.22 rows=978 width=0)
	                    Index Cond: ((id >= 8851854) AND (id <= 8852853))

table 2 : explain SELECT DISTINCT c FROM sbtest2 WHERE id BETWEEN 3041563 AND 3042562 ORDER BY c
	Unique  (cost=3874.58..3879.51 rows=987 width=121)
	  ->  Sort  (cost=3874.58..3877.04 rows=987 width=121)
	        Sort Key: c
	        ->  Bitmap Heap Scan on sbtest2  (cost=34.55..3825.49 rows=987 width=121)
	              Recheck Cond: ((id >= 3041563) AND (id <= 3042562))
	              ->  Bitmap Index Scan on sbtest2_pkey  (cost=0.00..34.31 rows=987 width=0)
	                    Index Cond: ((id >= 3041563) AND (id <= 3042562))

table 3 : explain SELECT DISTINCT c FROM sbtest3 WHERE id BETWEEN 3688296 AND 3689295 ORDER BY c
	Unique  (cost=3920.90..3925.89 rows=999 width=121)
	  ->  Sort  (cost=3920.90..3923.39 rows=999 width=121)
	        Sort Key: c
	        ->  Bitmap Heap Scan on sbtest3  (cost=34.67..3871.12 rows=999 width=121)
	              Recheck Cond: ((id >= 3688296) AND (id <= 3689295))
	              ->  Bitmap Index Scan on sbtest3_pkey  (cost=0.00..34.43 rows=999 width=0)
	                    Index Cond: ((id >= 3688296) AND (id <= 3689295))

table 4 : explain SELECT DISTINCT c FROM sbtest4 WHERE id BETWEEN 1954851 AND 1955850 ORDER BY c
	Unique  (cost=3616.36..3620.96 rows=919 width=121)
	  ->  Sort  (cost=3616.36..3618.66 rows=919 width=121)
	        Sort Key: c
	        ->  Bitmap Heap Scan on sbtest4  (cost=29.85..3571.13 rows=919 width=121)
	              Recheck Cond: ((id >= 1954851) AND (id <= 1955850))
	              ->  Bitmap Index Scan on sbtest4_pkey  (cost=0.00..29.62 rows=919 width=0)
	                    Index Cond: ((id >= 1954851) AND (id <= 1955850))

table 5 : explain SELECT DISTINCT c FROM sbtest5 WHERE id BETWEEN 8830905 AND 8831904 ORDER BY c
	Unique  (cost=4061.87..4067.04 rows=1034 width=121)
	  ->  Sort  (cost=4061.87..4064.46 rows=1034 width=121)
	        Sort Key: c
	        ->  Bitmap Heap Scan on sbtest5  (cost=35.03..4010.10 rows=1034 width=121)
	              Recheck Cond: ((id >= 8830905) AND (id <= 8831904))
	              ->  Bitmap Index Scan on sbtest5_pkey  (cost=0.00..34.78 rows=1034 width=0)
	                    Index Cond: ((id >= 8830905) AND (id <= 8831904))

table 6 : explain SELECT DISTINCT c FROM sbtest6 WHERE id BETWEEN 8254047 AND 8255046 ORDER BY c
	Unique  (cost=3994.22..3999.31 rows=1018 width=121)
	  ->  Sort  (cost=3994.22..3996.77 rows=1018 width=121)
	        Sort Key: c
	        ->  Bitmap Heap Scan on sbtest6  (cost=34.87..3943.36 rows=1018 width=121)
	              Recheck Cond: ((id >= 8254047) AND (id <= 8255046))
	              ->  Bitmap Index Scan on sbtest6_pkey  (cost=0.00..34.62 rows=1018 width=0)
	                    Index Cond: ((id >= 8254047) AND (id <= 8255046))

table 7 : explain SELECT DISTINCT c FROM sbtest7 WHERE id BETWEEN 8215035 AND 8216034 ORDER BY c
	Unique  (cost=3946.38..3951.41 rows=1006 width=121)
	  ->  Sort  (cost=3946.38..3948.90 rows=1006 width=121)
	        Sort Key: c
	        ->  Bitmap Heap Scan on sbtest7  (cost=34.75..3896.21 rows=1006 width=121)
	              Recheck Cond: ((id >= 8215035) AND (id <= 8216034))
	              ->  Bitmap Index Scan on sbtest7_pkey  (cost=0.00..34.50 rows=1006 width=0)
	                    Index Cond: ((id >= 8215035) AND (id <= 8216034))

table 8 : explain SELECT DISTINCT c FROM sbtest8 WHERE id BETWEEN 6823328 AND 6824327 ORDER BY c
	Unique  (cost=4569.23..4575.08 rows=1169 width=121)
	  ->  Sort  (cost=4569.23..4572.16 rows=1169 width=121)
	        Sort Key: c
	        ->  Bitmap Heap Scan on sbtest8  (cost=40.42..4509.67 rows=1169 width=121)
	              Recheck Cond: ((id >= 6823328) AND (id <= 6824327))
	              ->  Bitmap Index Scan on sbtest8_pkey  (cost=0.00..40.12 rows=1169 width=0)
	                    Index Cond: ((id >= 6823328) AND (id <= 6824327))

for point_selects
table 1 : explain SELECT c FROM sbtest1 WHERE id=428585
	Index Scan using sbtest1_pkey on sbtest1  (cost=0.43..8.45 rows=1 width=121)
	  Index Cond: (id = 428585)

table 2 : explain SELECT c FROM sbtest2 WHERE id=8276995
	Index Scan using sbtest2_pkey on sbtest2  (cost=0.43..8.45 rows=1 width=121)
	  Index Cond: (id = 8276995)

table 3 : explain SELECT c FROM sbtest3 WHERE id=286702
	Index Scan using sbtest3_pkey on sbtest3  (cost=0.43..8.45 rows=1 width=121)
	  Index Cond: (id = 286702)

table 4 : explain SELECT c FROM sbtest4 WHERE id=429712
	Index Scan using sbtest4_pkey on sbtest4  (cost=0.43..8.45 rows=1 width=121)
	  Index Cond: (id = 429712)

table 5 : explain SELECT c FROM sbtest5 WHERE id=2748464
	Index Scan using sbtest5_pkey on sbtest5  (cost=0.43..8.45 rows=1 width=121)
	  Index Cond: (id = 2748464)

table 6 : explain SELECT c FROM sbtest6 WHERE id=320418
	Index Scan using sbtest6_pkey on sbtest6  (cost=0.43..8.45 rows=1 width=121)
	  Index Cond: (id = 320418)

table 7 : explain SELECT c FROM sbtest7 WHERE id=1606758
	Index Scan using sbtest7_pkey on sbtest7  (cost=0.43..8.45 rows=1 width=121)
	  Index Cond: (id = 1606758)

table 8 : explain SELECT c FROM sbtest8 WHERE id=4309399
	Index Scan using sbtest8_pkey on sbtest8  (cost=0.43..8.45 rows=1 width=121)
	  Index Cond: (id = 4309399)

for point_selects
table 1 : explain SELECT c FROM sbtest1 WHERE id=5207693
	Index Scan using sbtest1_pkey on sbtest1  (cost=0.43..8.45 rows=1 width=121)
	  Index Cond: (id = 5207693)

table 2 : explain SELECT c FROM sbtest2 WHERE id=1808554
	Index Scan using sbtest2_pkey on sbtest2  (cost=0.43..8.45 rows=1 width=121)
	  Index Cond: (id = 1808554)

table 3 : explain SELECT c FROM sbtest3 WHERE id=7659313
	Index Scan using sbtest3_pkey on sbtest3  (cost=0.43..8.45 rows=1 width=121)
	  Index Cond: (id = 7659313)

table 4 : explain SELECT c FROM sbtest4 WHERE id=3107112
	Index Scan using sbtest4_pkey on sbtest4  (cost=0.43..8.45 rows=1 width=121)
	  Index Cond: (id = 3107112)

table 5 : explain SELECT c FROM sbtest5 WHERE id=4339156
	Index Scan using sbtest5_pkey on sbtest5  (cost=0.43..8.45 rows=1 width=121)
	  Index Cond: (id = 4339156)

table 6 : explain SELECT c FROM sbtest6 WHERE id=5764983
	Index Scan using sbtest6_pkey on sbtest6  (cost=0.43..8.45 rows=1 width=121)
	  Index Cond: (id = 5764983)

table 7 : explain SELECT c FROM sbtest7 WHERE id=3995451
	Index Scan using sbtest7_pkey on sbtest7  (cost=0.43..8.45 rows=1 width=121)
	  Index Cond: (id = 3995451)

table 8 : explain SELECT c FROM sbtest8 WHERE id=516317
	Index Scan using sbtest8_pkey on sbtest8  (cost=0.43..8.45 rows=1 width=121)
	  Index Cond: (id = 516317)

for: distinct_ranges
table 1 : explain SELECT DISTINCT c FROM sbtest1 WHERE id BETWEEN 6568227 AND 6569226 ORDER BY c
	Unique  (cost=3452.26..3456.65 rows=878 width=121)
	  ->  Sort  (cost=3452.26..3454.45 rows=878 width=121)
	        Sort Key: c
	        ->  Bitmap Heap Scan on sbtest1  (cost=29.43..3409.33 rows=878 width=121)
	              Recheck Cond: ((id >= 6568227) AND (id <= 6569226))
	              ->  Bitmap Index Scan on sbtest1_pkey  (cost=0.00..29.21 rows=878 width=0)
	                    Index Cond: ((id >= 6568227) AND (id <= 6569226))

table 2 : explain SELECT DISTINCT c FROM sbtest2 WHERE id BETWEEN 6183889 AND 6184888 ORDER BY c
	Unique  (cost=3970.21..3975.27 rows=1012 width=121)
	  ->  Sort  (cost=3970.21..3972.74 rows=1012 width=121)
	        Sort Key: c
	        ->  Bitmap Heap Scan on sbtest2  (cost=34.81..3919.69 rows=1012 width=121)
	              Recheck Cond: ((id >= 6183889) AND (id <= 6184888))
	              ->  Bitmap Index Scan on sbtest2_pkey  (cost=0.00..34.56 rows=1012 width=0)
	                    Index Cond: ((id >= 6183889) AND (id <= 6184888))

table 3 : explain SELECT DISTINCT c FROM sbtest3 WHERE id BETWEEN 3352632 AND 3353631 ORDER BY c
	Unique  (cost=3664.28..3668.94 rows=932 width=121)
	  ->  Sort  (cost=3664.28..3666.61 rows=932 width=121)
	        Sort Key: c
	        ->  Bitmap Heap Scan on sbtest3  (cost=33.99..3618.31 rows=932 width=121)
	              Recheck Cond: ((id >= 3352632) AND (id <= 3353631))
	              ->  Bitmap Index Scan on sbtest3_pkey  (cost=0.00..33.76 rows=932 width=0)
	                    Index Cond: ((id >= 3352632) AND (id <= 3353631))

table 4 : explain SELECT DISTINCT c FROM sbtest4 WHERE id BETWEEN 9471515 AND 9472514 ORDER BY c
	Unique  (cost=4149.93..4155.21 rows=1057 width=121)
	  ->  Sort  (cost=4149.93..4152.57 rows=1057 width=121)
	        Sort Key: c
	        ->  Bitmap Heap Scan on sbtest4  (cost=35.27..4096.83 rows=1057 width=121)
	              Recheck Cond: ((id >= 9471515) AND (id <= 9472514))
	              ->  Bitmap Index Scan on sbtest4_pkey  (cost=0.00..35.01 rows=1057 width=0)
	                    Index Cond: ((id >= 9471515) AND (id <= 9472514))

table 5 : explain SELECT DISTINCT c FROM sbtest5 WHERE id BETWEEN 9299503 AND 9300502 ORDER BY c
	Unique  (cost=3985.21..3990.28 rows=1014 width=121)
	  ->  Sort  (cost=3985.21..3987.74 rows=1014 width=121)
	        Sort Key: c
	        ->  Bitmap Heap Scan on sbtest5  (cost=34.83..3934.58 rows=1014 width=121)
	              Recheck Cond: ((id >= 9299503) AND (id <= 9300502))
	              ->  Bitmap Index Scan on sbtest5_pkey  (cost=0.00..34.58 rows=1014 width=0)
	                    Index Cond: ((id >= 9299503) AND (id <= 9300502))

table 6 : explain SELECT DISTINCT c FROM sbtest6 WHERE id BETWEEN 8654944 AND 8655943 ORDER BY c
	Unique  (cost=3783.68..3788.50 rows=963 width=121)
	  ->  Sort  (cost=3783.68..3786.09 rows=963 width=121)
	        Sort Key: c
	        ->  Bitmap Heap Scan on sbtest6  (cost=34.31..3735.96 rows=963 width=121)
	              Recheck Cond: ((id >= 8654944) AND (id <= 8655943))
	              ->  Bitmap Index Scan on sbtest6_pkey  (cost=0.00..34.07 rows=963 width=0)
	                    Index Cond: ((id >= 8654944) AND (id <= 8655943))

table 7 : explain SELECT DISTINCT c FROM sbtest7 WHERE id BETWEEN 5965264 AND 5966263 ORDER BY c
	Unique  (cost=3827.80..3832.68 rows=975 width=121)
	  ->  Sort  (cost=3827.80..3830.24 rows=975 width=121)
	        Sort Key: c
	        ->  Bitmap Heap Scan on sbtest7  (cost=34.43..3779.40 rows=975 width=121)
	              Recheck Cond: ((id >= 5965264) AND (id <= 5966263))
	              ->  Bitmap Index Scan on sbtest7_pkey  (cost=0.00..34.19 rows=975 width=0)
	                    Index Cond: ((id >= 5965264) AND (id <= 5966263))

table 8 : explain SELECT DISTINCT c FROM sbtest8 WHERE id BETWEEN 3654668 AND 3655667 ORDER BY c
	Unique  (cost=3866.82..3871.74 rows=985 width=121)
	  ->  Sort  (cost=3866.82..3869.28 rows=985 width=121)
	        Sort Key: c
	        ->  Bitmap Heap Scan on sbtest8  (cost=34.53..3817.84 rows=985 width=121)
	              Recheck Cond: ((id >= 3654668) AND (id <= 3655667))
	              ->  Bitmap Index Scan on sbtest8_pkey  (cost=0.00..34.29 rows=985 width=0)
	                    Index Cond: ((id >= 3654668) AND (id <= 3655667))

for: sum_ranges
table 1 : explain SELECT SUM(k) FROM sbtest1 WHERE id BETWEEN 4870341 AND 4871340
	Aggregate  (cost=3615.78..3615.79 rows=1 width=8)
	  ->  Bitmap Heap Scan on sbtest1  (cost=29.99..3613.45 rows=932 width=4)
	        Recheck Cond: ((id >= 4870341) AND (id <= 4871340))
	        ->  Bitmap Index Scan on sbtest1_pkey  (cost=0.00..29.75 rows=932 width=0)
	              Index Cond: ((id >= 4870341) AND (id <= 4871340))

table 2 : explain SELECT SUM(k) FROM sbtest2 WHERE id BETWEEN 579565 AND 580564
	Aggregate  (cost=4039.01..4039.02 rows=1 width=8)
	  ->  Bitmap Heap Scan on sbtest2  (cost=35.13..4036.40 rows=1043 width=4)
	        Recheck Cond: ((id >= 579565) AND (id <= 580564))
	        ->  Bitmap Index Scan on sbtest2_pkey  (cost=0.00..34.87 rows=1043 width=0)
	              Index Cond: ((id >= 579565) AND (id <= 580564))

table 3 : explain SELECT SUM(k) FROM sbtest3 WHERE id BETWEEN 2517265 AND 2518264
	Aggregate  (cost=3843.45..3843.46 rows=1 width=8)
	  ->  Bitmap Heap Scan on sbtest3  (cost=34.59..3840.97 rows=991 width=4)
	        Recheck Cond: ((id >= 2517265) AND (id <= 2518264))
	        ->  Bitmap Index Scan on sbtest3_pkey  (cost=0.00..34.34 rows=991 width=0)
	              Index Cond: ((id >= 2517265) AND (id <= 2518264))

table 4 : explain SELECT SUM(k) FROM sbtest4 WHERE id BETWEEN 8091278 AND 8092277
	Aggregate  (cost=3800.91..3800.92 rows=1 width=8)
	  ->  Bitmap Heap Scan on sbtest4  (cost=34.46..3798.47 rows=978 width=4)
	        Recheck Cond: ((id >= 8091278) AND (id <= 8092277))
	        ->  Bitmap Index Scan on sbtest4_pkey  (cost=0.00..34.22 rows=978 width=0)
	              Index Cond: ((id >= 8091278) AND (id <= 8092277))

table 5 : explain SELECT SUM(k) FROM sbtest5 WHERE id BETWEEN 6323011 AND 6324010
	Aggregate  (cost=3861.49..3861.50 rows=1 width=8)
	  ->  Bitmap Heap Scan on sbtest5  (cost=34.62..3859.01 rows=994 width=4)
	        Recheck Cond: ((id >= 6323011) AND (id <= 6324010))
	        ->  Bitmap Index Scan on sbtest5_pkey  (cost=0.00..34.38 rows=994 width=0)
	              Index Cond: ((id >= 6323011) AND (id <= 6324010))

table 6 : explain SELECT SUM(k) FROM sbtest6 WHERE id BETWEEN 8180904 AND 8181903
	Aggregate  (cost=4047.65..4047.66 rows=1 width=8)
	  ->  Bitmap Heap Scan on sbtest6  (cost=35.15..4045.04 rows=1045 width=4)
	        Recheck Cond: ((id >= 8180904) AND (id <= 8181903))
	        ->  Bitmap Index Scan on sbtest6_pkey  (cost=0.00..34.89 rows=1045 width=0)
	              Index Cond: ((id >= 8180904) AND (id <= 8181903))

table 7 : explain SELECT SUM(k) FROM sbtest7 WHERE id BETWEEN 9467069 AND 9468068
	Aggregate  (cost=4184.77..4184.78 rows=1 width=8)
	  ->  Bitmap Heap Scan on sbtest7  (cost=35.53..4182.07 rows=1082 width=4)
	        Recheck Cond: ((id >= 9467069) AND (id <= 9468068))
	        ->  Bitmap Index Scan on sbtest7_pkey  (cost=0.00..35.26 rows=1082 width=0)
	              Index Cond: ((id >= 9467069) AND (id <= 9468068))

table 8 : explain SELECT SUM(k) FROM sbtest8 WHERE id BETWEEN 1230640 AND 1231639
	Aggregate  (cost=3756.16..3756.17 rows=1 width=8)
	  ->  Bitmap Heap Scan on sbtest8  (cost=34.36..3753.74 rows=968 width=4)
	        Recheck Cond: ((id >= 1230640) AND (id <= 1231639))
	        ->  Bitmap Index Scan on sbtest8_pkey  (cost=0.00..34.12 rows=968 width=0)
	              Index Cond: ((id >= 1230640) AND (id <= 1231639))

for point_selects
table 1 : explain SELECT c FROM sbtest1 WHERE id=4338484
	Index Scan using sbtest1_pkey on sbtest1  (cost=0.43..8.45 rows=1 width=121)
	  Index Cond: (id = 4338484)

table 2 : explain SELECT c FROM sbtest2 WHERE id=8088823
	Index Scan using sbtest2_pkey on sbtest2  (cost=0.43..8.45 rows=1 width=121)
	  Index Cond: (id = 8088823)

table 3 : explain SELECT c FROM sbtest3 WHERE id=7957995
	Index Scan using sbtest3_pkey on sbtest3  (cost=0.43..8.45 rows=1 width=121)
	  Index Cond: (id = 7957995)

table 4 : explain SELECT c FROM sbtest4 WHERE id=1406905
	Index Scan using sbtest4_pkey on sbtest4  (cost=0.43..8.45 rows=1 width=121)
	  Index Cond: (id = 1406905)

table 5 : explain SELECT c FROM sbtest5 WHERE id=9322031
	Index Scan using sbtest5_pkey on sbtest5  (cost=0.43..8.45 rows=1 width=121)
	  Index Cond: (id = 9322031)

table 6 : explain SELECT c FROM sbtest6 WHERE id=5123559
	Index Scan using sbtest6_pkey on sbtest6  (cost=0.43..8.45 rows=1 width=121)
	  Index Cond: (id = 5123559)

table 7 : explain SELECT c FROM sbtest7 WHERE id=7328687
	Index Scan using sbtest7_pkey on sbtest7  (cost=0.43..8.45 rows=1 width=121)
	  Index Cond: (id = 7328687)

table 8 : explain SELECT c FROM sbtest8 WHERE id=5874127
	Index Scan using sbtest8_pkey on sbtest8  (cost=0.43..8.45 rows=1 width=121)
	  Index Cond: (id = 5874127)

for: sum_ranges
table 1 : explain SELECT SUM(k) FROM sbtest1 WHERE id BETWEEN 9527845 AND 9528844
	Aggregate  (cost=3400.17..3400.18 rows=1 width=8)
	  ->  Bitmap Heap Scan on sbtest1  (cost=29.40..3397.98 rows=875 width=4)
	        Recheck Cond: ((id >= 9527845) AND (id <= 9528844))
	        ->  Bitmap Index Scan on sbtest1_pkey  (cost=0.00..29.18 rows=875 width=0)
	              Index Cond: ((id >= 9527845) AND (id <= 9528844))

table 2 : explain SELECT SUM(k) FROM sbtest2 WHERE id BETWEEN 8832211 AND 8833210
	Aggregate  (cost=4159.43..4159.44 rows=1 width=8)
	  ->  Bitmap Heap Scan on sbtest2  (cost=35.45..4156.74 rows=1075 width=4)
	        Recheck Cond: ((id >= 8832211) AND (id <= 8833210))
	        ->  Bitmap Index Scan on sbtest2_pkey  (cost=0.00..35.19 rows=1075 width=0)
	              Index Cond: ((id >= 8832211) AND (id <= 8833210))

table 3 : explain SELECT SUM(k) FROM sbtest3 WHERE id BETWEEN 948055 AND 949054
	Aggregate  (cost=4174.93..4174.94 rows=1 width=8)
	  ->  Bitmap Heap Scan on sbtest3  (cost=35.49..4172.23 rows=1079 width=4)
	        Recheck Cond: ((id >= 948055) AND (id <= 949054))
	        ->  Bitmap Index Scan on sbtest3_pkey  (cost=0.00..35.23 rows=1079 width=0)
	              Index Cond: ((id >= 948055) AND (id <= 949054))

table 4 : explain SELECT SUM(k) FROM sbtest4 WHERE id BETWEEN 7547040 AND 7548039
	Aggregate  (cost=3967.30..3967.31 rows=1 width=8)
	  ->  Bitmap Heap Scan on sbtest4  (cost=34.91..3964.74 rows=1022 width=4)
	        Recheck Cond: ((id >= 7547040) AND (id <= 7548039))
	        ->  Bitmap Index Scan on sbtest4_pkey  (cost=0.00..34.66 rows=1022 width=0)
	              Index Cond: ((id >= 7547040) AND (id <= 7548039))

table 5 : explain SELECT SUM(k) FROM sbtest5 WHERE id BETWEEN 8482064 AND 8483063
	Aggregate  (cost=3974.91..3974.92 rows=1 width=8)
	  ->  Bitmap Heap Scan on sbtest5  (cost=34.93..3972.35 rows=1024 width=4)
	        Recheck Cond: ((id >= 8482064) AND (id <= 8483063))
	        ->  Bitmap Index Scan on sbtest5_pkey  (cost=0.00..34.68 rows=1024 width=0)
	              Index Cond: ((id >= 8482064) AND (id <= 8483063))

table 6 : explain SELECT SUM(k) FROM sbtest6 WHERE id BETWEEN 499124 AND 500123
	Aggregate  (cost=3844.07..3844.08 rows=1 width=8)
	  ->  Bitmap Heap Scan on sbtest6  (cost=34.59..3841.60 rows=991 width=4)
	        Recheck Cond: ((id >= 499124) AND (id <= 500123))
	        ->  Bitmap Index Scan on sbtest6_pkey  (cost=0.00..34.34 rows=991 width=0)
	              Index Cond: ((id >= 499124) AND (id <= 500123))

table 7 : explain SELECT SUM(k) FROM sbtest7 WHERE id BETWEEN 3235777 AND 3236776
	Aggregate  (cost=3872.34..3872.35 rows=1 width=8)
	  ->  Bitmap Heap Scan on sbtest7  (cost=34.67..3869.84 rows=999 width=4)
	        Recheck Cond: ((id >= 3235777) AND (id <= 3236776))
	        ->  Bitmap Index Scan on sbtest7_pkey  (cost=0.00..34.43 rows=999 width=0)
	              Index Cond: ((id >= 3235777) AND (id <= 3236776))

table 8 : explain SELECT SUM(k) FROM sbtest8 WHERE id BETWEEN 1398297 AND 1399296
	Aggregate  (cost=3691.97..3691.98 rows=1 width=8)
	  ->  Bitmap Heap Scan on sbtest8  (cost=34.18..3689.59 rows=951 width=4)
	        Recheck Cond: ((id >= 1398297) AND (id <= 1399296))
	        ->  Bitmap Index Scan on sbtest8_pkey  (cost=0.00..33.95 rows=951 width=0)
	              Index Cond: ((id >= 1398297) AND (id <= 1399296))

explain: for point_selects :: explain SELECT c FROM sbtest%u WHERE id=%u
for point_selects
table 1 : explain SELECT c FROM sbtest1 WHERE id=7550329
	Index Scan using sbtest1_pkey on sbtest1  (cost=0.43..8.45 rows=1 width=121)
	  Index Cond: (id = 7550329)

table 2 : explain SELECT c FROM sbtest2 WHERE id=9295035
	Index Scan using sbtest2_pkey on sbtest2  (cost=0.43..8.45 rows=1 width=121)
	  Index Cond: (id = 9295035)

table 3 : explain SELECT c FROM sbtest3 WHERE id=5428940
	Index Scan using sbtest3_pkey on sbtest3  (cost=0.43..8.45 rows=1 width=121)
	  Index Cond: (id = 5428940)

table 4 : explain SELECT c FROM sbtest4 WHERE id=3536092
	Index Scan using sbtest4_pkey on sbtest4  (cost=0.43..8.45 rows=1 width=121)
	  Index Cond: (id = 3536092)

table 5 : explain SELECT c FROM sbtest5 WHERE id=3979605
	Index Scan using sbtest5_pkey on sbtest5  (cost=0.43..8.45 rows=1 width=121)
	  Index Cond: (id = 3979605)

table 6 : explain SELECT c FROM sbtest6 WHERE id=4462479
	Index Scan using sbtest6_pkey on sbtest6  (cost=0.43..8.45 rows=1 width=121)
	  Index Cond: (id = 4462479)

table 7 : explain SELECT c FROM sbtest7 WHERE id=746496
	Index Scan using sbtest7_pkey on sbtest7  (cost=0.43..8.45 rows=1 width=121)
	  Index Cond: (id = 746496)

table 8 : explain SELECT c FROM sbtest8 WHERE id=1596304
	Index Scan using sbtest8_pkey on sbtest8  (cost=0.43..8.45 rows=1 width=121)
	  Index Cond: (id = 1596304)
for: simple_ranges
table 1 : explain SELECT c FROM sbtest1 WHERE id BETWEEN 7545513 AND 7546512
	Bitmap Heap Scan on sbtest1  (cost=34.62..3851.32 rows=994 width=121)
	  Recheck Cond: ((id >= 7545513) AND (id <= 7546512))
	  ->  Bitmap Index Scan on sbtest1_pkey  (cost=0.00..34.38 rows=994 width=0)
	        Index Cond: ((id >= 7545513) AND (id <= 7546512))

table 2 : explain SELECT c FROM sbtest2 WHERE id BETWEEN 2588518 AND 2589517
	Bitmap Heap Scan on sbtest2  (cost=34.52..3814.18 rows=984 width=121)
	  Recheck Cond: ((id >= 2588518) AND (id <= 2589517))
	  ->  Bitmap Index Scan on sbtest2_pkey  (cost=0.00..34.28 rows=984 width=0)
	        Index Cond: ((id >= 2588518) AND (id <= 2589517))

table 3 : explain SELECT c FROM sbtest3 WHERE id BETWEEN 2128144 AND 2129143
	Bitmap Heap Scan on sbtest3  (cost=34.91..3957.78 rows=1022 width=121)
	  Recheck Cond: ((id >= 2128144) AND (id <= 2129143))
	  ->  Bitmap Index Scan on sbtest3_pkey  (cost=0.00..34.66 rows=1022 width=0)
	        Index Cond: ((id >= 2128144) AND (id <= 2129143))

table 4 : explain SELECT c FROM sbtest4 WHERE id BETWEEN 6992818 AND 6993817
	Bitmap Heap Scan on sbtest4  (cost=35.09..4032.69 rows=1040 width=121)
	  Recheck Cond: ((id >= 6992818) AND (id <= 6993817))
	  ->  Bitmap Index Scan on sbtest4_pkey  (cost=0.00..34.84 rows=1040 width=0)
	        Index Cond: ((id >= 6992818) AND (id <= 6993817))

table 5 : explain SELECT c FROM sbtest5 WHERE id BETWEEN 8996671 AND 8997670
	Bitmap Heap Scan on sbtest5  (cost=33.91..3594.12 rows=924 width=121)
	  Recheck Cond: ((id >= 8996671) AND (id <= 8997670))
	  ->  Bitmap Index Scan on sbtest5_pkey  (cost=0.00..33.68 rows=924 width=0)
	        Index Cond: ((id >= 8996671) AND (id <= 8997670))

table 6 : explain SELECT c FROM sbtest6 WHERE id BETWEEN 920611 AND 921610
	Bitmap Heap Scan on sbtest6  (cost=29.74..3524.16 rows=908 width=121)
	  Recheck Cond: ((id >= 920611) AND (id <= 921610))
	  ->  Bitmap Index Scan on sbtest6_pkey  (cost=0.00..29.51 rows=908 width=0)
	        Index Cond: ((id >= 920611) AND (id <= 921610))

table 7 : explain SELECT c FROM sbtest7 WHERE id BETWEEN 8648110 AND 8649109
	Bitmap Heap Scan on sbtest7  (cost=29.32..3367.44 rows=867 width=121)
	  Recheck Cond: ((id >= 8648110) AND (id <= 8649109))
	  ->  Bitmap Index Scan on sbtest7_pkey  (cost=0.00..29.11 rows=867 width=0)
	        Index Cond: ((id >= 8648110) AND (id <= 8649109))

table 8 : explain SELECT c FROM sbtest8 WHERE id BETWEEN 1892697 AND 1893696
	Bitmap Heap Scan on sbtest8  (cost=34.50..3806.53 rows=982 width=121)
	  Recheck Cond: ((id >= 1892697) AND (id <= 1893696))
	  ->  Bitmap Index Scan on sbtest8_pkey  (cost=0.00..34.26 rows=982 width=0)
	        Index Cond: ((id >= 1892697) AND (id <= 1893696))


for: simple_ranges
table 1 : explain SELECT c FROM sbtest1 WHERE id BETWEEN 745373 AND 746372
	Bitmap Heap Scan on sbtest1  (cost=34.73..3889.00 rows=1004 width=121)
	  Recheck Cond: ((id >= 745373) AND (id <= 746372))
	  ->  Bitmap Index Scan on sbtest1_pkey  (cost=0.00..34.48 rows=1004 width=0)
	        Index Cond: ((id >= 745373) AND (id <= 746372))

table 2 : explain SELECT c FROM sbtest2 WHERE id BETWEEN 9501563 AND 9502562
	Bitmap Heap Scan on sbtest2  (cost=29.67..3496.79 rows=901 width=121)
	  Recheck Cond: ((id >= 9501563) AND (id <= 9502562))
	  ->  Bitmap Index Scan on sbtest2_pkey  (cost=0.00..29.44 rows=901 width=0)
	        Index Cond: ((id >= 9501563) AND (id <= 9502562))

table 3 : explain SELECT c FROM sbtest3 WHERE id BETWEEN 7875940 AND 7876939
	Bitmap Heap Scan on sbtest3  (cost=34.23..3708.94 rows=956 width=121)
	  Recheck Cond: ((id >= 7875940) AND (id <= 7876939))
	  ->  Bitmap Index Scan on sbtest3_pkey  (cost=0.00..34.00 rows=956 width=0)
	        Index Cond: ((id >= 7875940) AND (id <= 7876939))

table 4 : explain SELECT c FROM sbtest4 WHERE id BETWEEN 3094299 AND 3095298
	Bitmap Heap Scan on sbtest4  (cost=34.66..3874.08 rows=998 width=121)
	  Recheck Cond: ((id >= 3094299) AND (id <= 3095298))
	  ->  Bitmap Index Scan on sbtest4_pkey  (cost=0.00..34.42 rows=998 width=0)
	        Index Cond: ((id >= 3094299) AND (id <= 3095298))

table 5 : explain SELECT c FROM sbtest5 WHERE id BETWEEN 5977365 AND 5978364
	Bitmap Heap Scan on sbtest5  (cost=34.76..3908.14 rows=1007 width=121)
	  Recheck Cond: ((id >= 5977365) AND (id <= 5978364))
	  ->  Bitmap Index Scan on sbtest5_pkey  (cost=0.00..34.51 rows=1007 width=0)
	        Index Cond: ((id >= 5977365) AND (id <= 5978364))

table 6 : explain SELECT c FROM sbtest6 WHERE id BETWEEN 8226973 AND 8227972
	Bitmap Heap Scan on sbtest6  (cost=34.87..3943.36 rows=1018 width=121)
	  Recheck Cond: ((id >= 8226973) AND (id <= 8227972))
	  ->  Bitmap Index Scan on sbtest6_pkey  (cost=0.00..34.62 rows=1018 width=0)
	        Index Cond: ((id >= 8226973) AND (id <= 8227972))

table 7 : explain SELECT c FROM sbtest7 WHERE id BETWEEN 8271969 AND 8272968
	Bitmap Heap Scan on sbtest7  (cost=33.97..3609.61 rows=930 width=121)
	  Recheck Cond: ((id >= 8271969) AND (id <= 8272968))
	  ->  Bitmap Index Scan on sbtest7_pkey  (cost=0.00..33.73 rows=930 width=0)
	        Index Cond: ((id >= 8271969) AND (id <= 8272968))

table 8 : explain SELECT c FROM sbtest8 WHERE id BETWEEN 1105019 AND 1106018
	Bitmap Heap Scan on sbtest8  (cost=35.34..4115.27 rows=1064 width=121)
	  Recheck Cond: ((id >= 1105019) AND (id <= 1106018))
	  ->  Bitmap Index Scan on sbtest8_pkey  (cost=0.00..35.08 rows=1064 width=0)
	        Index Cond: ((id >= 1105019) AND (id <= 1106018))

for: simple_ranges
table 1 : explain SELECT c FROM sbtest1 WHERE id BETWEEN 1216326 AND 1217325
	Bitmap Heap Scan on sbtest1  (cost=35.18..4054.62 rows=1048 width=121)
	  Recheck Cond: ((id >= 1216326) AND (id <= 1217325))
	  ->  Bitmap Index Scan on sbtest1_pkey  (cost=0.00..34.92 rows=1048 width=0)
	        Index Cond: ((id >= 1216326) AND (id <= 1217325))

table 2 : explain SELECT c FROM sbtest2 WHERE id BETWEEN 4892614 AND 4893613
	Bitmap Heap Scan on sbtest2  (cost=34.35..3750.06 rows=967 width=121)
	  Recheck Cond: ((id >= 4892614) AND (id <= 4893613))
	  ->  Bitmap Index Scan on sbtest2_pkey  (cost=0.00..34.11 rows=967 width=0)
	        Index Cond: ((id >= 4892614) AND (id <= 4893613))

table 3 : explain SELECT c FROM sbtest3 WHERE id BETWEEN 2557524 AND 2558523
	Bitmap Heap Scan on sbtest3  (cost=34.59..3840.97 rows=991 width=121)
	  Recheck Cond: ((id >= 2557524) AND (id <= 2558523))
	  ->  Bitmap Index Scan on sbtest3_pkey  (cost=0.00..34.34 rows=991 width=0)
	        Index Cond: ((id >= 2557524) AND (id <= 2558523))

table 4 : explain SELECT c FROM sbtest4 WHERE id BETWEEN 9178030 AND 9179029
	Bitmap Heap Scan on sbtest4  (cost=34.88..3953.41 rows=1019 width=121)
	  Recheck Cond: ((id >= 9178030) AND (id <= 9179029))
	  ->  Bitmap Index Scan on sbtest4_pkey  (cost=0.00..34.62 rows=1019 width=0)
	        Index Cond: ((id >= 9178030) AND (id <= 9179029))

table 5 : explain SELECT c FROM sbtest5 WHERE id BETWEEN 1363475 AND 1364474
	Bitmap Heap Scan on sbtest5  (cost=35.58..4210.00 rows=1087 width=121)
	  Recheck Cond: ((id >= 1363475) AND (id <= 1364474))
	  ->  Bitmap Index Scan on sbtest5_pkey  (cost=0.00..35.31 rows=1087 width=0)
	        Index Cond: ((id >= 1363475) AND (id <= 1364474))

table 6 : explain SELECT c FROM sbtest6 WHERE id BETWEEN 5472539 AND 5473538
	Bitmap Heap Scan on sbtest6  (cost=34.38..3762.38 rows=970 width=121)
	  Recheck Cond: ((id >= 5472539) AND (id <= 5473538))
	  ->  Bitmap Index Scan on sbtest6_pkey  (cost=0.00..34.14 rows=970 width=0)
	        Index Cond: ((id >= 5472539) AND (id <= 5473538))

table 7 : explain SELECT c FROM sbtest7 WHERE id BETWEEN 4725414 AND 4726413
	Bitmap Heap Scan on sbtest7  (cost=39.75..4264.95 rows=1104 width=121)
	  Recheck Cond: ((id >= 4725414) AND (id <= 4726413))
	  ->  Bitmap Index Scan on sbtest7_pkey  (cost=0.00..39.48 rows=1104 width=0)
	        Index Cond: ((id >= 4725414) AND (id <= 4726413))

table 8 : explain SELECT c FROM sbtest8 WHERE id BETWEEN 3546478 AND 3547477
	Bitmap Heap Scan on sbtest8  (cost=34.00..3621.63 rows=933 width=121)
	  Recheck Cond: ((id >= 3546478) AND (id <= 3547477))
	  ->  Bitmap Index Scan on sbtest8_pkey  (cost=0.00..33.77 rows=933 width=0)
	        Index Cond: ((id >= 3546478) AND (id <= 3547477))

for: order_ranges
table 1 : explain SELECT c FROM sbtest1 WHERE id BETWEEN 496235 AND 497234 ORDER BY c
	Sort  (cost=3386.96..3389.12 rows=861 width=121)
	  Sort Key: c
	  ->  Bitmap Heap Scan on sbtest1  (cost=29.26..3344.99 rows=861 width=121)
	        Recheck Cond: ((id >= 496235) AND (id <= 497234))
	        ->  Bitmap Index Scan on sbtest1_pkey  (cost=0.00..29.04 rows=861 width=0)
	              Index Cond: ((id >= 496235) AND (id <= 497234))

table 2 : explain SELECT c FROM sbtest2 WHERE id BETWEEN 649594 AND 650593 ORDER BY c
	Sort  (cost=4161.25..4163.90 rows=1062 width=121)
	  Sort Key: c
	  ->  Bitmap Heap Scan on sbtest2  (cost=35.32..4107.87 rows=1062 width=121)
	        Recheck Cond: ((id >= 649594) AND (id <= 650593))
	        ->  Bitmap Index Scan on sbtest2_pkey  (cost=0.00..35.06 rows=1062 width=0)
	              Index Cond: ((id >= 649594) AND (id <= 650593))

table 3 : explain SELECT c FROM sbtest3 WHERE id BETWEEN 7545428 AND 7546427 ORDER BY c
	Sort  (cost=4188.42..4191.09 rows=1069 width=121)
	  Sort Key: c
	  ->  Bitmap Heap Scan on sbtest3  (cost=35.39..4134.64 rows=1069 width=121)
	        Recheck Cond: ((id >= 7545428) AND (id <= 7546427))
	        ->  Bitmap Index Scan on sbtest3_pkey  (cost=0.00..35.12 rows=1069 width=0)
	              Index Cond: ((id >= 7545428) AND (id <= 7546427))

table 4 : explain SELECT c FROM sbtest4 WHERE id BETWEEN 2490605 AND 2491604 ORDER BY c
	Sort  (cost=3824.01..3826.44 rows=972 width=121)
	  Sort Key: c
	  ->  Bitmap Heap Scan on sbtest4  (cost=34.40..3775.78 rows=972 width=121)
	        Recheck Cond: ((id >= 2490605) AND (id <= 2491604))
	        ->  Bitmap Index Scan on sbtest4_pkey  (cost=0.00..34.16 rows=972 width=0)
	              Index Cond: ((id >= 2490605) AND (id <= 2491604))

table 5 : explain SELECT c FROM sbtest5 WHERE id BETWEEN 4018125 AND 4019124 ORDER BY c
	Sort  (cost=3985.21..3987.74 rows=1014 width=121)
	  Sort Key: c
	  ->  Bitmap Heap Scan on sbtest5  (cost=34.83..3934.58 rows=1014 width=121)
	        Recheck Cond: ((id >= 4018125) AND (id <= 4019124))
	        ->  Bitmap Index Scan on sbtest5_pkey  (cost=0.00..34.58 rows=1014 width=0)
	              Index Cond: ((id >= 4018125) AND (id <= 4019124))

table 6 : explain SELECT c FROM sbtest6 WHERE id BETWEEN 1882184 AND 1883183 ORDER BY c
	Sort  (cost=4143.29..4145.93 rows=1057 width=121)
	  Sort Key: c
	  ->  Bitmap Heap Scan on sbtest6  (cost=35.27..4090.20 rows=1057 width=121)
	        Recheck Cond: ((id >= 1882184) AND (id <= 1883183))
	        ->  Bitmap Index Scan on sbtest6_pkey  (cost=0.00..35.01 rows=1057 width=0)
	              Index Cond: ((id >= 1882184) AND (id <= 1883183))

table 7 : explain SELECT c FROM sbtest7 WHERE id BETWEEN 4965605 AND 4966604 ORDER BY c
	Sort  (cost=4206.08..4208.76 rows=1074 width=121)
	  Sort Key: c
	  ->  Bitmap Heap Scan on sbtest7  (cost=35.44..4152.01 rows=1074 width=121)
	        Recheck Cond: ((id >= 4965605) AND (id <= 4966604))
	        ->  Bitmap Index Scan on sbtest7_pkey  (cost=0.00..35.18 rows=1074 width=0)
	              Index Cond: ((id >= 4965605) AND (id <= 4966604))

table 8 : explain SELECT c FROM sbtest8 WHERE id BETWEEN 3569595 AND 3570594 ORDER BY c
	Sort  (cost=3866.82..3869.28 rows=985 width=121)
	  Sort Key: c
	  ->  Bitmap Heap Scan on sbtest8  (cost=34.53..3817.84 rows=985 width=121)
	        Recheck Cond: ((id >= 3569595) AND (id <= 3570594))
	        ->  Bitmap Index Scan on sbtest8_pkey  (cost=0.00..34.29 rows=985 width=0)
	              Index Cond: ((id >= 3569595) AND (id <= 3570594))

for: order_ranges
table 1 : explain SELECT c FROM sbtest1 WHERE id BETWEEN 9106914 AND 9107913 ORDER BY c
	Sort  (cost=4221.70..4224.39 rows=1078 width=121)
	  Sort Key: c
	  ->  Bitmap Heap Scan on sbtest1  (cost=35.48..4167.40 rows=1078 width=121)
	        Recheck Cond: ((id >= 9106914) AND (id <= 9107913))
	        ->  Bitmap Index Scan on sbtest1_pkey  (cost=0.00..35.22 rows=1078 width=0)
	              Index Cond: ((id >= 9106914) AND (id <= 9107913))

table 2 : explain SELECT c FROM sbtest2 WHERE id BETWEEN 7786549 AND 7787548 ORDER BY c
	Sort  (cost=3782.70..3785.10 rows=963 width=121)
	  Sort Key: c
	  ->  Bitmap Heap Scan on sbtest2  (cost=34.31..3734.97 rows=963 width=121)
	        Recheck Cond: ((id >= 7786549) AND (id <= 7787548))
	        ->  Bitmap Index Scan on sbtest2_pkey  (cost=0.00..34.07 rows=963 width=0)
	              Index Cond: ((id >= 7786549) AND (id <= 7787548))

table 3 : explain SELECT c FROM sbtest3 WHERE id BETWEEN 6004424 AND 6005423 ORDER BY c
	Sort  (cost=4066.20..4068.79 rows=1037 width=121)
	  Sort Key: c
	  ->  Bitmap Heap Scan on sbtest3  (cost=35.06..4014.25 rows=1037 width=121)
	        Recheck Cond: ((id >= 6004424) AND (id <= 6005423))
	        ->  Bitmap Index Scan on sbtest3_pkey  (cost=0.00..34.81 rows=1037 width=0)
	              Index Cond: ((id >= 6004424) AND (id <= 6005423))

table 4 : explain SELECT c FROM sbtest4 WHERE id BETWEEN 8710192 AND 8711191 ORDER BY c
	Sort  (cost=3985.16..3987.69 rows=1014 width=121)
	  Sort Key: c
	  ->  Bitmap Heap Scan on sbtest4  (cost=34.83..3934.53 rows=1014 width=121)
	        Recheck Cond: ((id >= 8710192) AND (id <= 8711191))
	        ->  Bitmap Index Scan on sbtest4_pkey  (cost=0.00..34.58 rows=1014 width=0)
	              Index Cond: ((id >= 8710192) AND (id <= 8711191))

table 5 : explain SELECT c FROM sbtest5 WHERE id BETWEEN 7761081 AND 7762080 ORDER BY c
	Sort  (cost=4375.91..4378.69 rows=1115 width=121)
	  Sort Key: c
	  ->  Bitmap Heap Scan on sbtest5  (cost=39.86..4319.47 rows=1115 width=121)
	        Recheck Cond: ((id >= 7761081) AND (id <= 7762080))
	        ->  Bitmap Index Scan on sbtest5_pkey  (cost=0.00..39.59 rows=1115 width=0)
	              Index Cond: ((id >= 7761081) AND (id <= 7762080))

table 6 : explain SELECT c FROM sbtest6 WHERE id BETWEEN 8914203 AND 8915202 ORDER BY c
	Sort  (cost=3741.53..3743.91 rows=952 width=121)
	  Sort Key: c
	  ->  Bitmap Heap Scan on sbtest6  (cost=34.19..3694.43 rows=952 width=121)
	        Recheck Cond: ((id >= 8914203) AND (id <= 8915202))
	        ->  Bitmap Index Scan on sbtest6_pkey  (cost=0.00..33.95 rows=952 width=0)
	              Index Cond: ((id >= 8914203) AND (id <= 8915202))

table 7 : explain SELECT c FROM sbtest7 WHERE id BETWEEN 1123250 AND 1124249 ORDER BY c
	Sort  (cost=3969.32..3971.85 rows=1012 width=121)
	  Sort Key: c
	  ->  Bitmap Heap Scan on sbtest7  (cost=34.81..3918.80 rows=1012 width=121)
	        Recheck Cond: ((id >= 1123250) AND (id <= 1124249))
	        ->  Bitmap Index Scan on sbtest7_pkey  (cost=0.00..34.56 rows=1012 width=0)
	              Index Cond: ((id >= 1123250) AND (id <= 1124249))

table 8 : explain SELECT c FROM sbtest8 WHERE id BETWEEN 9728776 AND 9729775 ORDER BY c
	Sort  (cost=3709.81..3712.17 rows=944 width=121)
	  Sort Key: c
	  ->  Bitmap Heap Scan on sbtest8  (cost=34.11..3663.17 rows=944 width=121)
	        Recheck Cond: ((id >= 9728776) AND (id <= 9729775))
	        ->  Bitmap Index Scan on sbtest8_pkey  (cost=0.00..33.88 rows=944 width=0)
	              Index Cond: ((id >= 9728776) AND (id <= 9729775))

for: simple_ranges
table 1 : explain SELECT c FROM sbtest1 WHERE id BETWEEN 5804888 AND 5805887
	Bitmap Heap Scan on sbtest1  (cost=29.82..3553.01 rows=916 width=121)
	  Recheck Cond: ((id >= 5804888) AND (id <= 5805887))
	  ->  Bitmap Index Scan on sbtest1_pkey  (cost=0.00..29.59 rows=916 width=0)
	        Index Cond: ((id >= 5804888) AND (id <= 5805887))

table 2 : explain SELECT c FROM sbtest2 WHERE id BETWEEN 402554 AND 403553
	Bitmap Heap Scan on sbtest2  (cost=34.90..3953.59 rows=1021 width=121)
	  Recheck Cond: ((id >= 402554) AND (id <= 403553))
	  ->  Bitmap Index Scan on sbtest2_pkey  (cost=0.00..34.65 rows=1021 width=0)
	        Index Cond: ((id >= 402554) AND (id <= 403553))

table 3 : explain SELECT c FROM sbtest3 WHERE id BETWEEN 2417630 AND 2418629
	Bitmap Heap Scan on sbtest3  (cost=34.72..3886.20 rows=1003 width=121)
	  Recheck Cond: ((id >= 2417630) AND (id <= 2418629))
	  ->  Bitmap Index Scan on sbtest3_pkey  (cost=0.00..34.47 rows=1003 width=0)
	        Index Cond: ((id >= 2417630) AND (id <= 2418629))

table 4 : explain SELECT c FROM sbtest4 WHERE id BETWEEN 3785919 AND 3786918
	Bitmap Heap Scan on sbtest4  (cost=40.10..4405.98 rows=1138 width=121)
	  Recheck Cond: ((id >= 3785919) AND (id <= 3786918))
	  ->  Bitmap Index Scan on sbtest4_pkey  (cost=0.00..39.82 rows=1138 width=0)
	        Index Cond: ((id >= 3785919) AND (id <= 3786918))

table 5 : explain SELECT c FROM sbtest5 WHERE id BETWEEN 2793449 AND 2794448
	Bitmap Heap Scan on sbtest5  (cost=29.88..3578.75 rows=921 width=121)
	  Recheck Cond: ((id >= 2793449) AND (id <= 2794448))
	  ->  Bitmap Index Scan on sbtest5_pkey  (cost=0.00..29.64 rows=921 width=0)
	        Index Cond: ((id >= 2793449) AND (id <= 2794448))

table 6 : explain SELECT c FROM sbtest6 WHERE id BETWEEN 5751881 AND 5752880
	Bitmap Heap Scan on sbtest6  (cost=34.73..3890.61 rows=1004 width=121)
	  Recheck Cond: ((id >= 5751881) AND (id <= 5752880))
	  ->  Bitmap Index Scan on sbtest6_pkey  (cost=0.00..34.48 rows=1004 width=0)
	        Index Cond: ((id >= 5751881) AND (id <= 5752880))

table 7 : explain SELECT c FROM sbtest7 WHERE id BETWEEN 5684782 AND 5685781
	Bitmap Heap Scan on sbtest7  (cost=35.00..3990.32 rows=1031 width=121)
	  Recheck Cond: ((id >= 5684782) AND (id <= 5685781))
	  ->  Bitmap Index Scan on sbtest7_pkey  (cost=0.00..34.75 rows=1031 width=0)
	        Index Cond: ((id >= 5684782) AND (id <= 5685781))

table 8 : explain SELECT c FROM sbtest8 WHERE id BETWEEN 6791789 AND 6792788
	Bitmap Heap Scan on sbtest8  (cost=40.42..4509.67 rows=1169 width=121)
	  Recheck Cond: ((id >= 6791789) AND (id <= 6792788))
	  ->  Bitmap Index Scan on sbtest8_pkey  (cost=0.00..40.12 rows=1169 width=0)
	        Index Cond: ((id >= 6791789) AND (id <= 6792788))

for: order_ranges
table 1 : explain SELECT c FROM sbtest1 WHERE id BETWEEN 1016583 AND 1017582 ORDER BY c
	Sort  (cost=3919.94..3922.43 rows=999 width=121)
	  Sort Key: c
	  ->  Bitmap Heap Scan on sbtest1  (cost=34.67..3870.16 rows=999 width=121)
	        Recheck Cond: ((id >= 1016583) AND (id <= 1017582))
	        ->  Bitmap Index Scan on sbtest1_pkey  (cost=0.00..34.43 rows=999 width=0)
	              Index Cond: ((id >= 1016583) AND (id <= 1017582))

table 2 : explain SELECT c FROM sbtest2 WHERE id BETWEEN 1231814 AND 1232813 ORDER BY c
	Sort  (cost=4153.61..4156.26 rows=1060 width=121)
	  Sort Key: c
	  ->  Bitmap Heap Scan on sbtest2  (cost=35.30..4100.35 rows=1060 width=121)
	        Recheck Cond: ((id >= 1231814) AND (id <= 1232813))
	        ->  Bitmap Index Scan on sbtest2_pkey  (cost=0.00..35.04 rows=1060 width=0)
	              Index Cond: ((id >= 1231814) AND (id <= 1232813))

table 3 : explain SELECT c FROM sbtest3 WHERE id BETWEEN 1597812 AND 1598811 ORDER BY c
	Sort  (cost=4180.78..4183.45 rows=1067 width=121)
	  Sort Key: c
	  ->  Bitmap Heap Scan on sbtest3  (cost=35.37..4127.12 rows=1067 width=121)
	        Recheck Cond: ((id >= 1597812) AND (id <= 1598811))
	        ->  Bitmap Index Scan on sbtest3_pkey  (cost=0.00..35.11 rows=1067 width=0)
	              Index Cond: ((id >= 1597812) AND (id <= 1598811))

table 4 : explain SELECT c FROM sbtest4 WHERE id BETWEEN 8299152 AND 8300151 ORDER BY c
	Sort  (cost=3562.51..3564.78 rows=905 width=121)
	  Sort Key: c
	  ->  Bitmap Heap Scan on sbtest4  (cost=29.71..3518.07 rows=905 width=121)
	        Recheck Cond: ((id >= 8299152) AND (id <= 8300151))
	        ->  Bitmap Index Scan on sbtest4_pkey  (cost=0.00..29.48 rows=905 width=0)
	              Index Cond: ((id >= 8299152) AND (id <= 8300151))

table 5 : explain SELECT c FROM sbtest5 WHERE id BETWEEN 6095140 AND 6096139 ORDER BY c
	Sort  (cost=3939.19..3941.69 rows=1002 width=121)
	  Sort Key: c
	  ->  Bitmap Heap Scan on sbtest5  (cost=34.71..3889.24 rows=1002 width=121)
	        Recheck Cond: ((id >= 6095140) AND (id <= 6096139))
	        ->  Bitmap Index Scan on sbtest5_pkey  (cost=0.00..34.45 rows=1002 width=0)
	              Index Cond: ((id >= 6095140) AND (id <= 6096139))

table 6 : explain SELECT c FROM sbtest6 WHERE id BETWEEN 7389617 AND 7390616 ORDER BY c
	Sort  (cost=3998.05..4000.59 rows=1019 width=121)
	  Sort Key: c
	  ->  Bitmap Heap Scan on sbtest6  (cost=34.88..3947.13 rows=1019 width=121)
	        Recheck Cond: ((id >= 7389617) AND (id <= 7390616))
	        ->  Bitmap Index Scan on sbtest6_pkey  (cost=0.00..34.62 rows=1019 width=0)
	              Index Cond: ((id >= 7389617) AND (id <= 7390616))

table 7 : explain SELECT c FROM sbtest7 WHERE id BETWEEN 9969107 AND 9970106 ORDER BY c
	Sort  (cost=3896.67..3899.15 rows=993 width=121)
	  Sort Key: c
	  ->  Bitmap Heap Scan on sbtest7  (cost=34.61..3847.24 rows=993 width=121)
	        Recheck Cond: ((id >= 9969107) AND (id <= 9970106))
	        ->  Bitmap Index Scan on sbtest7_pkey  (cost=0.00..34.37 rows=993 width=0)
	              Index Cond: ((id >= 9969107) AND (id <= 9970106))

table 8 : explain SELECT c FROM sbtest8 WHERE id BETWEEN 8026119 AND 8027118 ORDER BY c
	Sort  (cost=3606.14..3608.43 rows=918 width=121)
	  Sort Key: c
	  ->  Bitmap Heap Scan on sbtest8  (cost=29.84..3560.96 rows=918 width=121)
	        Recheck Cond: ((id >= 8026119) AND (id <= 8027118))
	        ->  Bitmap Index Scan on sbtest8_pkey  (cost=0.00..29.61 rows=918 width=0)
	              Index Cond: ((id >= 8026119) AND (id <= 8027118))

for: distinct_ranges
table 1 : explain SELECT DISTINCT c FROM sbtest1 WHERE id BETWEEN 7237188 AND 7238187 ORDER BY c
	Unique  (cost=4126.28..4131.55 rows=1053 width=121)
	  ->  Sort  (cost=4126.28..4128.92 rows=1053 width=121)
	        Sort Key: c
	        ->  Bitmap Heap Scan on sbtest1  (cost=35.23..4073.42 rows=1053 width=121)
	              Recheck Cond: ((id >= 7237188) AND (id <= 7238187))
	              ->  Bitmap Index Scan on sbtest1_pkey  (cost=0.00..34.97 rows=1053 width=0)
	                    Index Cond: ((id >= 7237188) AND (id <= 7238187))

table 2 : explain SELECT DISTINCT c FROM sbtest2 WHERE id BETWEEN 7375346 AND 7376345 ORDER BY c
	Unique  (cost=3583.22..3587.78 rows=912 width=121)
	  ->  Sort  (cost=3583.22..3585.50 rows=912 width=121)
	        Sort Key: c
	        ->  Bitmap Heap Scan on sbtest2  (cost=29.78..3538.38 rows=912 width=121)
	              Recheck Cond: ((id >= 7375346) AND (id <= 7376345))
	              ->  Bitmap Index Scan on sbtest2_pkey  (cost=0.00..29.55 rows=912 width=0)
	                    Index Cond: ((id >= 7375346) AND (id <= 7376345))

table 3 : explain SELECT DISTINCT c FROM sbtest3 WHERE id BETWEEN 2106436 AND 2107435 ORDER BY c
	Unique  (cost=4008.86..4013.97 rows=1022 width=121)
	  ->  Sort  (cost=4008.86..4011.42 rows=1022 width=121)
	        Sort Key: c
	        ->  Bitmap Heap Scan on sbtest3  (cost=34.91..3957.78 rows=1022 width=121)
	              Recheck Cond: ((id >= 2106436) AND (id <= 2107435))
	              ->  Bitmap Index Scan on sbtest3_pkey  (cost=0.00..34.66 rows=1022 width=0)
	                    Index Cond: ((id >= 2106436) AND (id <= 2107435))

table 4 : explain SELECT DISTINCT c FROM sbtest4 WHERE id BETWEEN 5494073 AND 5495072 ORDER BY c
	Unique  (cost=3751.04..3755.81 rows=953 width=121)
	  ->  Sort  (cost=3751.04..3753.43 rows=953 width=121)
	        Sort Key: c
	        ->  Bitmap Heap Scan on sbtest4  (cost=34.20..3703.89 rows=953 width=121)
	              Recheck Cond: ((id >= 5494073) AND (id <= 5495072))
	              ->  Bitmap Index Scan on sbtest4_pkey  (cost=0.00..33.97 rows=953 width=0)
	                    Index Cond: ((id >= 5494073) AND (id <= 5495072))

table 5 : explain SELECT DISTINCT c FROM sbtest5 WHERE id BETWEEN 9299343 AND 9300342 ORDER BY c
	Unique  (cost=3985.21..3990.28 rows=1014 width=121)
	  ->  Sort  (cost=3985.21..3987.74 rows=1014 width=121)
	        Sort Key: c
	        ->  Bitmap Heap Scan on sbtest5  (cost=34.83..3934.58 rows=1014 width=121)
	              Recheck Cond: ((id >= 9299343) AND (id <= 9300342))
	              ->  Bitmap Index Scan on sbtest5_pkey  (cost=0.00..34.58 rows=1014 width=0)
	                    Index Cond: ((id >= 9299343) AND (id <= 9300342))

table 6 : explain SELECT DISTINCT c FROM sbtest6 WHERE id BETWEEN 9014779 AND 9015778 ORDER BY c
	Unique  (cost=3791.35..3796.17 rows=965 width=121)
	  ->  Sort  (cost=3791.35..3793.76 rows=965 width=121)
	        Sort Key: c
	        ->  Bitmap Heap Scan on sbtest6  (cost=34.33..3743.51 rows=965 width=121)
	              Recheck Cond: ((id >= 9014779) AND (id <= 9015778))
	              ->  Bitmap Index Scan on sbtest6_pkey  (cost=0.00..34.09 rows=965 width=0)
	                    Index Cond: ((id >= 9014779) AND (id <= 9015778))

table 7 : explain SELECT DISTINCT c FROM sbtest7 WHERE id BETWEEN 5242550 AND 5243549 ORDER BY c
	Unique  (cost=3911.97..3916.95 rows=997 width=121)
	  ->  Sort  (cost=3911.97..3914.46 rows=997 width=121)
	        Sort Key: c
	        ->  Bitmap Heap Scan on sbtest7  (cost=34.65..3862.31 rows=997 width=121)
	              Recheck Cond: ((id >= 5242550) AND (id <= 5243549))
	              ->  Bitmap Index Scan on sbtest7_pkey  (cost=0.00..34.41 rows=997 width=0)
	                    Index Cond: ((id >= 5242550) AND (id <= 5243549))

table 8 : explain SELECT DISTINCT c FROM sbtest8 WHERE id BETWEEN 7860620 AND 7861619 ORDER BY c
	Unique  (cost=3801.74..3806.58 rows=968 width=121)
	  ->  Sort  (cost=3801.74..3804.16 rows=968 width=121)
	        Sort Key: c
	        ->  Bitmap Heap Scan on sbtest8  (cost=34.36..3753.74 rows=968 width=121)
	              Recheck Cond: ((id >= 7860620) AND (id <= 7861619))
	              ->  Bitmap Index Scan on sbtest8_pkey  (cost=0.00..34.12 rows=968 width=0)
	                    Index Cond: ((id >= 7860620) AND (id <= 7861619))

for: sum_ranges
table 1 : explain SELECT SUM(k) FROM sbtest1 WHERE id BETWEEN 3531331 AND 3532330
	Aggregate  (cost=3714.21..3714.22 rows=1 width=8)
	  ->  Bitmap Heap Scan on sbtest1  (cost=34.24..3711.81 rows=957 width=4)
	        Recheck Cond: ((id >= 3531331) AND (id <= 3532330))
	        ->  Bitmap Index Scan on sbtest1_pkey  (cost=0.00..34.01 rows=957 width=0)
	              Index Cond: ((id >= 3531331) AND (id <= 3532330))

table 2 : explain SELECT SUM(k) FROM sbtest2 WHERE id BETWEEN 7044555 AND 7045554
	Aggregate  (cost=4001.35..4001.36 rows=1 width=8)
	  ->  Bitmap Heap Scan on sbtest2  (cost=35.02..3998.77 rows=1033 width=4)
	        Recheck Cond: ((id >= 7044555) AND (id <= 7045554))
	        ->  Bitmap Index Scan on sbtest2_pkey  (cost=0.00..34.77 rows=1033 width=0)
	              Index Cond: ((id >= 7044555) AND (id <= 7045554))

table 3 : explain SELECT SUM(k) FROM sbtest3 WHERE id BETWEEN 4228071 AND 4229070
	Aggregate  (cost=3794.39..3794.40 rows=1 width=8)
	  ->  Bitmap Heap Scan on sbtest3  (cost=34.46..3791.95 rows=978 width=4)
	        Recheck Cond: ((id >= 4228071) AND (id <= 4229070))
	        ->  Bitmap Index Scan on sbtest3_pkey  (cost=0.00..34.22 rows=978 width=0)
	              Index Cond: ((id >= 4228071) AND (id <= 4229070))

table 4 : explain SELECT SUM(k) FROM sbtest4 WHERE id BETWEEN 3500122 AND 3501121
	Aggregate  (cost=4197.57..4197.58 rows=1 width=8)
	  ->  Bitmap Heap Scan on sbtest4  (cost=35.54..4194.87 rows=1083 width=4)
	        Recheck Cond: ((id >= 3500122) AND (id <= 3501121))
	        ->  Bitmap Index Scan on sbtest4_pkey  (cost=0.00..35.27 rows=1083 width=0)
	              Index Cond: ((id >= 3500122) AND (id <= 3501121))

table 5 : explain SELECT SUM(k) FROM sbtest5 WHERE id BETWEEN 8919803 AND 8920802
	Aggregate  (cost=3596.43..3596.44 rows=1 width=8)
	  ->  Bitmap Heap Scan on sbtest5  (cost=33.91..3594.12 rows=924 width=4)
	        Recheck Cond: ((id >= 8919803) AND (id <= 8920802))
	        ->  Bitmap Index Scan on sbtest5_pkey  (cost=0.00..33.68 rows=924 width=0)
	              Index Cond: ((id >= 8919803) AND (id <= 8920802))

table 6 : explain SELECT SUM(k) FROM sbtest6 WHERE id BETWEEN 5512686 AND 5513685
	Aggregate  (cost=3934.60..3934.61 rows=1 width=8)
	  ->  Bitmap Heap Scan on sbtest6  (cost=34.84..3932.06 rows=1015 width=4)
	        Recheck Cond: ((id >= 5512686) AND (id <= 5513685))
	        ->  Bitmap Index Scan on sbtest6_pkey  (cost=0.00..34.59 rows=1015 width=0)
	              Index Cond: ((id >= 5512686) AND (id <= 5513685))

table 7 : explain SELECT SUM(k) FROM sbtest7 WHERE id BETWEEN 1898612 AND 1899611
	Aggregate  (cost=3834.64..3834.65 rows=1 width=8)
	  ->  Bitmap Heap Scan on sbtest7  (cost=34.57..3832.17 rows=989 width=4)
	        Recheck Cond: ((id >= 1898612) AND (id <= 1899611))
	        ->  Bitmap Index Scan on sbtest7_pkey  (cost=0.00..34.33 rows=989 width=0)
	              Index Cond: ((id >= 1898612) AND (id <= 1899611))

table 8 : explain SELECT SUM(k) FROM sbtest8 WHERE id BETWEEN 9756 AND 10755
	Aggregate  (cost=3839.17..3839.18 rows=1 width=8)
	  ->  Bitmap Heap Scan on sbtest8  (cost=34.58..3836.69 rows=990 width=4)
	        Recheck Cond: ((id >= 9756) AND (id <= 10755))
	        ->  Bitmap Index Scan on sbtest8_pkey  (cost=0.00..34.34 rows=990 width=0)
	              Index Cond: ((id >= 9756) AND (id <= 10755))

for: sum_ranges
table 1 : explain SELECT SUM(k) FROM sbtest1 WHERE id BETWEEN 6163038 AND 6164037
	Aggregate  (cost=3955.57..3955.58 rows=1 width=8)
	  ->  Bitmap Heap Scan on sbtest1  (cost=34.90..3953.02 rows=1021 width=4)
	        Recheck Cond: ((id >= 6163038) AND (id <= 6164037))
	        ->  Bitmap Index Scan on sbtest1_pkey  (cost=0.00..34.65 rows=1021 width=0)
	              Index Cond: ((id >= 6163038) AND (id <= 6164037))

table 2 : explain SELECT SUM(k) FROM sbtest2 WHERE id BETWEEN 4434762 AND 4435761
	Aggregate  (cost=4012.65..4012.66 rows=1 width=8)
	  ->  Bitmap Heap Scan on sbtest2  (cost=35.05..4010.06 rows=1036 width=4)
	        Recheck Cond: ((id >= 4434762) AND (id <= 4435761))
	        ->  Bitmap Index Scan on sbtest2_pkey  (cost=0.00..34.80 rows=1036 width=0)
	              Index Cond: ((id >= 4434762) AND (id <= 4435761))

table 3 : explain SELECT SUM(k) FROM sbtest3 WHERE id BETWEEN 4896688 AND 4897687
	Aggregate  (cost=4114.73..4114.74 rows=1 width=8)
	  ->  Bitmap Heap Scan on sbtest3  (cost=35.33..4112.08 rows=1063 width=4)
	        Recheck Cond: ((id >= 4896688) AND (id <= 4897687))
	        ->  Bitmap Index Scan on sbtest3_pkey  (cost=0.00..35.07 rows=1063 width=0)
	              Index Cond: ((id >= 4896688) AND (id <= 4897687))

table 4 : explain SELECT SUM(k) FROM sbtest4 WHERE id BETWEEN 1287518 AND 1288517
	Aggregate  (cost=4042.85..4042.86 rows=1 width=8)
	  ->  Bitmap Heap Scan on sbtest4  (cost=35.12..4040.24 rows=1042 width=4)
	        Recheck Cond: ((id >= 1287518) AND (id <= 1288517))
	        ->  Bitmap Index Scan on sbtest4_pkey  (cost=0.00..34.86 rows=1042 width=0)
	              Index Cond: ((id >= 1287518) AND (id <= 1288517))

table 5 : explain SELECT SUM(k) FROM sbtest5 WHERE id BETWEEN 6479442 AND 6480441
	Aggregate  (cost=4058.01..4058.02 rows=1 width=8)
	  ->  Bitmap Heap Scan on sbtest5  (cost=35.16..4055.39 rows=1046 width=4)
	        Recheck Cond: ((id >= 6479442) AND (id <= 6480441))
	        ->  Bitmap Index Scan on sbtest5_pkey  (cost=0.00..34.90 rows=1046 width=0)
	              Index Cond: ((id >= 6479442) AND (id <= 6480441))

table 6 : explain SELECT SUM(k) FROM sbtest6 WHERE id BETWEEN 9915551 AND 9916550
	Aggregate  (cost=3719.48..3719.49 rows=1 width=8)
	  ->  Bitmap Heap Scan on sbtest6  (cost=34.25..3717.09 rows=958 width=4)
	        Recheck Cond: ((id >= 9915551) AND (id <= 9916550))
	        ->  Bitmap Index Scan on sbtest6_pkey  (cost=0.00..34.02 rows=958 width=0)
	              Index Cond: ((id >= 9915551) AND (id <= 9916550))

table 7 : explain SELECT SUM(k) FROM sbtest7 WHERE id BETWEEN 8680872 AND 8681871
	Aggregate  (cost=4271.47..4271.48 rows=1 width=8)
	  ->  Bitmap Heap Scan on sbtest7  (cost=39.76..4268.70 rows=1105 width=4)
	        Recheck Cond: ((id >= 8680872) AND (id <= 8681871))
	        ->  Bitmap Index Scan on sbtest7_pkey  (cost=0.00..39.48 rows=1105 width=0)
	              Index Cond: ((id >= 8680872) AND (id <= 8681871))

table 8 : explain SELECT SUM(k) FROM sbtest8 WHERE id BETWEEN 8031572 AND 8032571
	Aggregate  (cost=3959.80..3959.81 rows=1 width=8)
	  ->  Bitmap Heap Scan on sbtest8  (cost=34.91..3957.25 rows=1022 width=4)
	        Recheck Cond: ((id >= 8031572) AND (id <= 8032571))
	        ->  Bitmap Index Scan on sbtest8_pkey  (cost=0.00..34.66 rows=1022 width=0)
	              Index Cond: ((id >= 8031572) AND (id <= 8032571))

for: distinct_ranges
table 1 : explain SELECT DISTINCT c FROM sbtest1 WHERE id BETWEEN 1191545 AND 1192544 ORDER BY c
	Unique  (cost=4107.19..4112.43 rows=1048 width=121)
	  ->  Sort  (cost=4107.19..4109.81 rows=1048 width=121)
	        Sort Key: c
	        ->  Bitmap Heap Scan on sbtest1  (cost=35.18..4054.62 rows=1048 width=121)
	              Recheck Cond: ((id >= 1191545) AND (id <= 1192544))
	              ->  Bitmap Index Scan on sbtest1_pkey  (cost=0.00..34.92 rows=1048 width=0)
	                    Index Cond: ((id >= 1191545) AND (id <= 1192544))

table 2 : explain SELECT DISTINCT c FROM sbtest2 WHERE id BETWEEN 1226541 AND 1227540 ORDER BY c
	Unique  (cost=4153.61..4158.91 rows=1060 width=121)
	  ->  Sort  (cost=4153.61..4156.26 rows=1060 width=121)
	        Sort Key: c
	        ->  Bitmap Heap Scan on sbtest2  (cost=35.30..4100.35 rows=1060 width=121)
	              Recheck Cond: ((id >= 1226541) AND (id <= 1227540))
	              ->  Bitmap Index Scan on sbtest2_pkey  (cost=0.00..35.04 rows=1060 width=0)
	                    Index Cond: ((id >= 1226541) AND (id <= 1227540))

table 3 : explain SELECT DISTINCT c FROM sbtest3 WHERE id BETWEEN 1802028 AND 1803027 ORDER BY c
	Unique  (cost=4131.14..4136.41 rows=1054 width=121)
	  ->  Sort  (cost=4131.14..4133.78 rows=1054 width=121)
	        Sort Key: c
	        ->  Bitmap Heap Scan on sbtest3  (cost=35.24..4078.22 rows=1054 width=121)
	              Recheck Cond: ((id >= 1802028) AND (id <= 1803027))
	              ->  Bitmap Index Scan on sbtest3_pkey  (cost=0.00..34.98 rows=1054 width=0)
	                    Index Cond: ((id >= 1802028) AND (id <= 1803027))

table 4 : explain SELECT DISTINCT c FROM sbtest4 WHERE id BETWEEN 2908295 AND 2909294 ORDER BY c
	Unique  (cost=3935.30..3940.30 rows=1001 width=121)
	  ->  Sort  (cost=3935.30..3937.80 rows=1001 width=121)
	        Sort Key: c
	        ->  Bitmap Heap Scan on sbtest4  (cost=34.70..3885.41 rows=1001 width=121)
	              Recheck Cond: ((id >= 2908295) AND (id <= 2909294))
	              ->  Bitmap Index Scan on sbtest4_pkey  (cost=0.00..34.45 rows=1001 width=0)
	                    Index Cond: ((id >= 2908295) AND (id <= 2909294))

table 5 : explain SELECT DISTINCT c FROM sbtest5 WHERE id BETWEEN 7001156 AND 7002155 ORDER BY c
	Unique  (cost=3881.64..3886.57 rows=987 width=121)
	  ->  Sort  (cost=3881.64..3884.10 rows=987 width=121)
	        Sort Key: c
	        ->  Bitmap Heap Scan on sbtest5  (cost=34.55..3832.55 rows=987 width=121)
	              Recheck Cond: ((id >= 7001156) AND (id <= 7002155))
	              ->  Bitmap Index Scan on sbtest5_pkey  (cost=0.00..34.31 rows=987 width=0)
	                    Index Cond: ((id >= 7001156) AND (id <= 7002155))

table 6 : explain SELECT DISTINCT c FROM sbtest6 WHERE id BETWEEN 2970600 AND 2971599 ORDER BY c
	Unique  (cost=3687.86..3692.55 rows=938 width=121)
	  ->  Sort  (cost=3687.86..3690.21 rows=938 width=121)
	        Sort Key: c
	        ->  Bitmap Heap Scan on sbtest6  (cost=34.05..3641.56 rows=938 width=121)
	              Recheck Cond: ((id >= 2970600) AND (id <= 2971599))
	              ->  Bitmap Index Scan on sbtest6_pkey  (cost=0.00..33.82 rows=938 width=0)
	                    Index Cond: ((id >= 2970600) AND (id <= 2971599))

table 7 : explain SELECT DISTINCT c FROM sbtest7 WHERE id BETWEEN 2356911 AND 2357910 ORDER BY c
	Unique  (cost=3950.20..3955.24 rows=1007 width=121)
	  ->  Sort  (cost=3950.20..3952.72 rows=1007 width=121)
	        Sort Key: c
	        ->  Bitmap Heap Scan on sbtest7  (cost=34.76..3899.98 rows=1007 width=121)
	              Recheck Cond: ((id >= 2356911) AND (id <= 2357910))
	              ->  Bitmap Index Scan on sbtest7_pkey  (cost=0.00..34.51 rows=1007 width=0)
	                    Index Cond: ((id >= 2356911) AND (id <= 2357910))

table 8 : explain SELECT DISTINCT c FROM sbtest8 WHERE id BETWEEN 4043388 AND 4044387 ORDER BY c
	Unique  (cost=4107.67..4112.91 rows=1048 width=121)
	  ->  Sort  (cost=4107.67..4110.29 rows=1048 width=121)
	        Sort Key: c
	        ->  Bitmap Heap Scan on sbtest8  (cost=35.18..4055.10 rows=1048 width=121)
	              Recheck Cond: ((id >= 4043388) AND (id <= 4044387))
	              ->  Bitmap Index Scan on sbtest8_pkey  (cost=0.00..34.92 rows=1048 width=0)
	                    Index Cond: ((id >= 4043388) AND (id <= 4044387))

for: sum_ranges
table 1 : explain SELECT SUM(k) FROM sbtest1 WHERE id BETWEEN 5379403 AND 5380402
	Aggregate  (cost=4422.01..4422.02 rows=1 width=8)
	  ->  Bitmap Heap Scan on sbtest1  (cost=40.17..4419.15 rows=1145 width=4)
	        Recheck Cond: ((id >= 5379403) AND (id <= 5380402))
	        ->  Bitmap Index Scan on sbtest1_pkey  (cost=0.00..39.89 rows=1145 width=0)
	              Index Cond: ((id >= 5379403) AND (id <= 5380402))

table 2 : explain SELECT SUM(k) FROM sbtest2 WHERE id BETWEEN 4585308 AND 4586307
	Aggregate  (cost=3986.28..3986.29 rows=1 width=8)
	  ->  Bitmap Heap Scan on sbtest2  (cost=34.98..3983.71 rows=1029 width=4)
	        Recheck Cond: ((id >= 4585308) AND (id <= 4586307))
	        ->  Bitmap Index Scan on sbtest2_pkey  (cost=0.00..34.73 rows=1029 width=0)
	              Index Cond: ((id >= 4585308) AND (id <= 4586307))

table 3 : explain SELECT SUM(k) FROM sbtest3 WHERE id BETWEEN 3746680 AND 3747679
	Aggregate  (cost=4058.27..4058.28 rows=1 width=8)
	  ->  Bitmap Heap Scan on sbtest3  (cost=35.18..4055.65 rows=1048 width=4)
	        Recheck Cond: ((id >= 3746680) AND (id <= 3747679))
	        ->  Bitmap Index Scan on sbtest3_pkey  (cost=0.00..34.92 rows=1048 width=0)
	              Index Cond: ((id >= 3746680) AND (id <= 3747679))

table 4 : explain SELECT SUM(k) FROM sbtest4 WHERE id BETWEEN 2107087 AND 2108086
	Aggregate  (cost=3906.82..3906.83 rows=1 width=8)
	  ->  Bitmap Heap Scan on sbtest4  (cost=34.75..3904.31 rows=1006 width=4)
	        Recheck Cond: ((id >= 2107087) AND (id <= 2108086))
	        ->  Bitmap Index Scan on sbtest4_pkey  (cost=0.00..34.50 rows=1006 width=0)
	              Index Cond: ((id >= 2107087) AND (id <= 2108086))

table 5 : explain SELECT SUM(k) FROM sbtest5 WHERE id BETWEEN 3058086 AND 3059085
	Aggregate  (cost=3774.47..3774.48 rows=1 width=8)
	  ->  Bitmap Heap Scan on sbtest5  (cost=34.39..3772.04 rows=971 width=4)
	        Recheck Cond: ((id >= 3058086) AND (id <= 3059085))
	        ->  Bitmap Index Scan on sbtest5_pkey  (cost=0.00..34.15 rows=971 width=0)
	              Index Cond: ((id >= 3058086) AND (id <= 3059085))

table 6 : explain SELECT SUM(k) FROM sbtest6 WHERE id BETWEEN 1017120 AND 1018119
	Aggregate  (cost=3446.78..3446.79 rows=1 width=8)
	  ->  Index Scan using sbtest6_pkey on sbtest6  (cost=0.43..3444.58 rows=878 width=4)
	        Index Cond: ((id >= 1017120) AND (id <= 1018119))

table 7 : explain SELECT SUM(k) FROM sbtest7 WHERE id BETWEEN 874665 AND 875664
	Aggregate  (cost=4248.66..4248.67 rows=1 width=8)
	  ->  Bitmap Heap Scan on sbtest7  (cost=35.70..4245.91 rows=1099 width=4)
	        Recheck Cond: ((id >= 874665) AND (id <= 875664))
	        ->  Bitmap Index Scan on sbtest7_pkey  (cost=0.00..35.43 rows=1099 width=0)
	              Index Cond: ((id >= 874665) AND (id <= 875664))

table 8 : explain SELECT SUM(k) FROM sbtest8 WHERE id BETWEEN 6182906 AND 6183905
	Aggregate  (cost=3869.34..3869.35 rows=1 width=8)
	  ->  Bitmap Heap Scan on sbtest8  (cost=34.66..3866.84 rows=998 width=4)
	        Recheck Cond: ((id >= 6182906) AND (id <= 6183905))
	        ->  Bitmap Index Scan on sbtest8_pkey  (cost=0.00..34.42 rows=998 width=0)
	              Index Cond: ((id >= 6182906) AND (id <= 6183905))

for point_selects
table 1 : explain SELECT c FROM sbtest1 WHERE id=7971158
	Index Scan using sbtest1_pkey on sbtest1  (cost=0.43..8.45 rows=1 width=121)
	  Index Cond: (id = 7971158)

table 2 : explain SELECT c FROM sbtest2 WHERE id=3301478
	Index Scan using sbtest2_pkey on sbtest2  (cost=0.43..8.45 rows=1 width=121)
	  Index Cond: (id = 3301478)

table 3 : explain SELECT c FROM sbtest3 WHERE id=9071340
	Index Scan using sbtest3_pkey on sbtest3  (cost=0.43..8.45 rows=1 width=121)
	  Index Cond: (id = 9071340)

table 4 : explain SELECT c FROM sbtest4 WHERE id=1068731
	Index Scan using sbtest4_pkey on sbtest4  (cost=0.43..8.45 rows=1 width=121)
	  Index Cond: (id = 1068731)

table 5 : explain SELECT c FROM sbtest5 WHERE id=9522759
	Index Scan using sbtest5_pkey on sbtest5  (cost=0.43..8.45 rows=1 width=121)
	  Index Cond: (id = 9522759)

table 6 : explain SELECT c FROM sbtest6 WHERE id=5595244
	Index Scan using sbtest6_pkey on sbtest6  (cost=0.43..8.45 rows=1 width=121)
	  Index Cond: (id = 5595244)

table 7 : explain SELECT c FROM sbtest7 WHERE id=5635350
	Index Scan using sbtest7_pkey on sbtest7  (cost=0.43..8.45 rows=1 width=121)
	  Index Cond: (id = 5635350)

table 8 : explain SELECT c FROM sbtest8 WHERE id=4271903
	Index Scan using sbtest8_pkey on sbtest8  (cost=0.43..8.45 rows=1 width=121)
	  Index Cond: (id = 4271903)

for: distinct_ranges
table 1 : explain SELECT DISTINCT c FROM sbtest1 WHERE id BETWEEN 8769775 AND 8770774 ORDER BY c
	Unique  (cost=3459.94..3464.34 rows=880 width=121)
	  ->  Sort  (cost=3459.94..3462.14 rows=880 width=121)
	        Sort Key: c
	        ->  Bitmap Heap Scan on sbtest1  (cost=29.45..3416.90 rows=880 width=121)
	              Recheck Cond: ((id >= 8769775) AND (id <= 8770774))
	              ->  Bitmap Index Scan on sbtest1_pkey  (cost=0.00..29.23 rows=880 width=0)
	                    Index Cond: ((id >= 8769775) AND (id <= 8770774))

table 2 : explain SELECT DISTINCT c FROM sbtest2 WHERE id BETWEEN 3367678 AND 3368677 ORDER BY c
	Unique  (cost=3771.21..3776.01 rows=960 width=121)
	  ->  Sort  (cost=3771.21..3773.61 rows=960 width=121)
	        Sort Key: c
	        ->  Bitmap Heap Scan on sbtest2  (cost=34.28..3723.65 rows=960 width=121)
	              Recheck Cond: ((id >= 3367678) AND (id <= 3368677))
	              ->  Bitmap Index Scan on sbtest2_pkey  (cost=0.00..34.04 rows=960 width=0)
	                    Index Cond: ((id >= 3367678) AND (id <= 3368677))

table 3 : explain SELECT DISTINCT c FROM sbtest3 WHERE id BETWEEN 6159996 AND 6160995 ORDER BY c
	Unique  (cost=4008.86..4013.97 rows=1022 width=121)
	  ->  Sort  (cost=4008.86..4011.42 rows=1022 width=121)
	        Sort Key: c
	        ->  Bitmap Heap Scan on sbtest3  (cost=34.91..3957.78 rows=1022 width=121)
	              Recheck Cond: ((id >= 6159996) AND (id <= 6160995))
	              ->  Bitmap Index Scan on sbtest3_pkey  (cost=0.00..34.66 rows=1022 width=0)
	                    Index Cond: ((id >= 6159996) AND (id <= 6160995))

table 4 : explain SELECT DISTINCT c FROM sbtest4 WHERE id BETWEEN 4982819 AND 4983818 ORDER BY c
	Unique  (cost=4161.41..4166.71 rows=1060 width=121)
	  ->  Sort  (cost=4161.41..4164.06 rows=1060 width=121)
	        Sort Key: c
	        ->  Bitmap Heap Scan on sbtest4  (cost=35.30..4108.15 rows=1060 width=121)
	              Recheck Cond: ((id >= 4982819) AND (id <= 4983818))
	              ->  Bitmap Index Scan on sbtest4_pkey  (cost=0.00..35.04 rows=1060 width=0)
	                    Index Cond: ((id >= 4982819) AND (id <= 4983818))

table 5 : explain SELECT DISTINCT c FROM sbtest5 WHERE id BETWEEN 1199157 AND 1200156 ORDER BY c
	Unique  (cost=3981.37..3986.44 rows=1013 width=121)
	  ->  Sort  (cost=3981.37..3983.91 rows=1013 width=121)
	        Sort Key: c
	        ->  Bitmap Heap Scan on sbtest5  (cost=34.82..3930.80 rows=1013 width=121)
	              Recheck Cond: ((id >= 1199157) AND (id <= 1200156))
	              ->  Bitmap Index Scan on sbtest5_pkey  (cost=0.00..34.57 rows=1013 width=0)
	                    Index Cond: ((id >= 1199157) AND (id <= 1200156))

table 6 : explain SELECT DISTINCT c FROM sbtest6 WHERE id BETWEEN 1057449 AND 1058448 ORDER BY c
	Unique  (cost=3487.51..3491.90 rows=878 width=121)
	  ->  Sort  (cost=3487.51..3489.70 rows=878 width=121)
	        Sort Key: c
	        ->  Index Scan using sbtest6_pkey on sbtest6  (cost=0.43..3444.58 rows=878 width=121)
	              Index Cond: ((id >= 1057449) AND (id <= 1058448))

table 7 : explain SELECT DISTINCT c FROM sbtest7 WHERE id BETWEEN 5398265 AND 5399264 ORDER BY c
	Unique  (cost=3885.19..3890.14 rows=990 width=121)
	  ->  Sort  (cost=3885.19..3887.67 rows=990 width=121)
	        Sort Key: c
	        ->  Bitmap Heap Scan on sbtest7  (cost=34.58..3835.93 rows=990 width=121)
	              Recheck Cond: ((id >= 5398265) AND (id <= 5399264))
	              ->  Bitmap Index Scan on sbtest7_pkey  (cost=0.00..34.34 rows=990 width=0)
	                    Index Cond: ((id >= 5398265) AND (id <= 5399264))

table 8 : explain SELECT DISTINCT c FROM sbtest8 WHERE id BETWEEN 3303257 AND 3304256 ORDER BY c
	Unique  (cost=4050.37..4055.54 rows=1033 width=121)
	  ->  Sort  (cost=4050.37..4052.95 rows=1033 width=121)
	        Sort Key: c
	        ->  Bitmap Heap Scan on sbtest8  (cost=35.02..3998.66 rows=1033 width=121)
	              Recheck Cond: ((id >= 3303257) AND (id <= 3304256))
	              ->  Bitmap Index Scan on sbtest8_pkey  (cost=0.00..34.77 rows=1033 width=0)
	                    Index Cond: ((id >= 3303257) AND (id <= 3304256))

for: sum_ranges
table 1 : explain SELECT SUM(k) FROM sbtest1 WHERE id BETWEEN 8694413 AND 8695412
	Aggregate  (cost=3419.10..3419.11 rows=1 width=8)
	  ->  Bitmap Heap Scan on sbtest1  (cost=29.45..3416.90 rows=880 width=4)
	        Recheck Cond: ((id >= 8694413) AND (id <= 8695412))
	        ->  Bitmap Index Scan on sbtest1_pkey  (cost=0.00..29.23 rows=880 width=0)
	              Index Cond: ((id >= 8694413) AND (id <= 8695412))

table 2 : explain SELECT SUM(k) FROM sbtest2 WHERE id BETWEEN 4775148 AND 4776147
	Aggregate  (cost=3820.41..3820.42 rows=1 width=8)
	  ->  Bitmap Heap Scan on sbtest2  (cost=34.53..3817.95 rows=985 width=4)
	        Recheck Cond: ((id >= 4775148) AND (id <= 4776147))
	        ->  Bitmap Index Scan on sbtest2_pkey  (cost=0.00..34.29 rows=985 width=0)
	              Index Cond: ((id >= 4775148) AND (id <= 4776147))

table 3 : explain SELECT SUM(k) FROM sbtest3 WHERE id BETWEEN 1913360 AND 1914359
	Aggregate  (cost=4024.38..4024.39 rows=1 width=8)
	  ->  Bitmap Heap Scan on sbtest3  (cost=35.08..4021.78 rows=1039 width=4)
	        Recheck Cond: ((id >= 1913360) AND (id <= 1914359))
	        ->  Bitmap Index Scan on sbtest3_pkey  (cost=0.00..34.83 rows=1039 width=0)
	              Index Cond: ((id >= 1913360) AND (id <= 1914359))

table 4 : explain SELECT SUM(k) FROM sbtest4 WHERE id BETWEEN 4231338 AND 4232337
	Aggregate  (cost=3630.50..3630.51 rows=1 width=8)
	  ->  Bitmap Heap Scan on sbtest4  (cost=34.00..3628.17 rows=933 width=4)
	        Recheck Cond: ((id >= 4231338) AND (id <= 4232337))
	        ->  Bitmap Index Scan on sbtest4_pkey  (cost=0.00..33.77 rows=933 width=0)
	              Index Cond: ((id >= 4231338) AND (id <= 4232337))

table 5 : explain SELECT SUM(k) FROM sbtest5 WHERE id BETWEEN 2509659 AND 2510658
	Aggregate  (cost=3895.53..3895.54 rows=1 width=8)
	  ->  Bitmap Heap Scan on sbtest5  (cost=34.72..3893.02 rows=1003 width=4)
	        Recheck Cond: ((id >= 2509659) AND (id <= 2510658))
	        ->  Bitmap Index Scan on sbtest5_pkey  (cost=0.00..34.47 rows=1003 width=0)
	              Index Cond: ((id >= 2509659) AND (id <= 2510658))

table 6 : explain SELECT SUM(k) FROM sbtest6 WHERE id BETWEEN 6989201 AND 6990200
	Aggregate  (cost=3979.83..3979.84 rows=1 width=8)
	  ->  Bitmap Heap Scan on sbtest6  (cost=34.96..3977.27 rows=1027 width=4)
	        Recheck Cond: ((id >= 6989201) AND (id <= 6990200))
	        ->  Bitmap Index Scan on sbtest6_pkey  (cost=0.00..34.70 rows=1027 width=0)
	              Index Cond: ((id >= 6989201) AND (id <= 6990200))

table 7 : explain SELECT SUM(k) FROM sbtest7 WHERE id BETWEEN 6704608 AND 6705607
	Aggregate  (cost=3418.83..3418.84 rows=1 width=8)
	  ->  Bitmap Heap Scan on sbtest7  (cost=29.45..3416.63 rows=880 width=4)
	        Recheck Cond: ((id >= 6704608) AND (id <= 6705607))
	        ->  Bitmap Index Scan on sbtest7_pkey  (cost=0.00..29.23 rows=880 width=0)
	              Index Cond: ((id >= 6704608) AND (id <= 6705607))

table 8 : explain SELECT SUM(k) FROM sbtest8 WHERE id BETWEEN 5636288 AND 5637287
	Aggregate  (cost=3793.90..3793.91 rows=1 width=8)
	  ->  Bitmap Heap Scan on sbtest8  (cost=34.46..3791.45 rows=978 width=4)
	        Recheck Cond: ((id >= 5636288) AND (id <= 5637287))
	        ->  Bitmap Index Scan on sbtest8_pkey  (cost=0.00..34.22 rows=978 width=0)
	              Index Cond: ((id >= 5636288) AND (id <= 5637287))

for: order_ranges
table 1 : explain SELECT c FROM sbtest1 WHERE id BETWEEN 8825255 AND 8826254 ORDER BY c
	Sort  (cost=3839.59..3842.04 rows=978 width=121)
	  Sort Key: c
	  ->  Bitmap Heap Scan on sbtest1  (cost=34.46..3791.02 rows=978 width=121)
	        Recheck Cond: ((id >= 8825255) AND (id <= 8826254))
	        ->  Bitmap Index Scan on sbtest1_pkey  (cost=0.00..34.22 rows=978 width=0)
	              Index Cond: ((id >= 8825255) AND (id <= 8826254))

table 2 : explain SELECT c FROM sbtest2 WHERE id BETWEEN 2286200 AND 2287199 ORDER BY c
	Sort  (cost=4340.64..4343.41 rows=1110 width=121)
	  Sort Key: c
	  ->  Bitmap Heap Scan on sbtest2  (cost=35.81..4284.49 rows=1110 width=121)
	        Recheck Cond: ((id >= 2286200) AND (id <= 2287199))
	        ->  Bitmap Index Scan on sbtest2_pkey  (cost=0.00..35.54 rows=1110 width=0)
	              Index Cond: ((id >= 2286200) AND (id <= 2287199))

table 3 : explain SELECT c FROM sbtest3 WHERE id BETWEEN 9121896 AND 9122895 ORDER BY c
	Sort  (cost=3491.45..3493.67 rows=888 width=121)
	  Sort Key: c
	  ->  Bitmap Heap Scan on sbtest3  (cost=29.54..3447.97 rows=888 width=121)
	        Recheck Cond: ((id >= 9121896) AND (id <= 9122895))
	        ->  Bitmap Index Scan on sbtest3_pkey  (cost=0.00..29.32 rows=888 width=0)
	              Index Cond: ((id >= 9121896) AND (id <= 9122895))

table 4 : explain SELECT c FROM sbtest4 WHERE id BETWEEN 4602355 AND 4603354 ORDER BY c
	Sort  (cost=3866.24..3868.69 rows=983 width=121)
	  Sort Key: c
	  ->  Bitmap Heap Scan on sbtest4  (cost=34.51..3817.37 rows=983 width=121)
	        Recheck Cond: ((id >= 4602355) AND (id <= 4603354))
	        ->  Bitmap Index Scan on sbtest4_pkey  (cost=0.00..34.27 rows=983 width=0)
	              Index Cond: ((id >= 4602355) AND (id <= 4603354))

table 5 : explain SELECT c FROM sbtest5 WHERE id BETWEEN 7218221 AND 7219220 ORDER BY c
	Sort  (cost=4268.64..4271.36 rows=1088 width=121)
	  Sort Key: c
	  ->  Bitmap Heap Scan on sbtest5  (cost=35.59..4213.77 rows=1088 width=121)
	        Recheck Cond: ((id >= 7218221) AND (id <= 7219220))
	        ->  Bitmap Index Scan on sbtest5_pkey  (cost=0.00..35.32 rows=1088 width=0)
	              Index Cond: ((id >= 7218221) AND (id <= 7219220))

table 6 : explain SELECT c FROM sbtest6 WHERE id BETWEEN 407556 AND 408555 ORDER BY c
	Sort  (cost=4112.73..4115.35 rows=1049 width=121)
	  Sort Key: c
	  ->  Bitmap Heap Scan on sbtest6  (cost=35.19..4060.10 rows=1049 width=121)
	        Recheck Cond: ((id >= 407556) AND (id <= 408555))
	        ->  Bitmap Index Scan on sbtest6_pkey  (cost=0.00..34.93 rows=1049 width=0)
	              Index Cond: ((id >= 407556) AND (id <= 408555))

table 7 : explain SELECT c FROM sbtest7 WHERE id BETWEEN 8455620 AND 8456619 ORDER BY c
	Sort  (cost=4286.17..4288.91 rows=1095 width=121)
	  Sort Key: c
	  ->  Bitmap Heap Scan on sbtest7  (cost=35.66..4230.89 rows=1095 width=121)
	        Recheck Cond: ((id >= 8455620) AND (id <= 8456619))
	        ->  Bitmap Index Scan on sbtest7_pkey  (cost=0.00..35.39 rows=1095 width=0)
	              Index Cond: ((id >= 8455620) AND (id <= 8456619))

table 8 : explain SELECT c FROM sbtest8 WHERE id BETWEEN 779853 AND 780852 ORDER BY c
	Sort  (cost=3820.89..3823.32 rows=973 width=121)
	  Sort Key: c
	  ->  Bitmap Heap Scan on sbtest8  (cost=34.41..3772.60 rows=973 width=121)
	        Recheck Cond: ((id >= 779853) AND (id <= 780852))
	        ->  Bitmap Index Scan on sbtest8_pkey  (cost=0.00..34.17 rows=973 width=0)
	              Index Cond: ((id >= 779853) AND (id <= 780852))

for: simple_ranges
table 1 : explain SELECT c FROM sbtest1 WHERE id BETWEEN 8086487 AND 8087486
	Bitmap Heap Scan on sbtest1  (cost=34.46..3791.02 rows=978 width=121)
	  Recheck Cond: ((id >= 8086487) AND (id <= 8087486))
	  ->  Bitmap Index Scan on sbtest1_pkey  (cost=0.00..34.22 rows=978 width=0)
	        Index Cond: ((id >= 8086487) AND (id <= 8087486))

table 2 : explain SELECT c FROM sbtest2 WHERE id BETWEEN 2420765 AND 2421764
	Bitmap Heap Scan on sbtest2  (cost=35.03..4002.53 rows=1034 width=121)
	  Recheck Cond: ((id >= 2420765) AND (id <= 2421764))
	  ->  Bitmap Index Scan on sbtest2_pkey  (cost=0.00..34.78 rows=1034 width=0)
	        Index Cond: ((id >= 2420765) AND (id <= 2421764))

table 3 : explain SELECT c FROM sbtest3 WHERE id BETWEEN 7630471 AND 7631470
	Bitmap Heap Scan on sbtest3  (cost=35.18..4055.65 rows=1048 width=121)
	  Recheck Cond: ((id >= 7630471) AND (id <= 7631470))
	  ->  Bitmap Index Scan on sbtest3_pkey  (cost=0.00..34.92 rows=1048 width=0)
	        Index Cond: ((id >= 7630471) AND (id <= 7631470))

table 4 : explain SELECT c FROM sbtest4 WHERE id BETWEEN 2416002 AND 2417001
	Bitmap Heap Scan on sbtest4  (cost=34.40..3775.78 rows=972 width=121)
	  Recheck Cond: ((id >= 2416002) AND (id <= 2417001))
	  ->  Bitmap Index Scan on sbtest4_pkey  (cost=0.00..34.16 rows=972 width=0)
	        Index Cond: ((id >= 2416002) AND (id <= 2417001))

table 5 : explain SELECT c FROM sbtest5 WHERE id BETWEEN 5711190 AND 5712189
	Bitmap Heap Scan on sbtest5  (cost=35.11..4036.52 rows=1041 width=121)
	  Recheck Cond: ((id >= 5711190) AND (id <= 5712189))
	  ->  Bitmap Index Scan on sbtest5_pkey  (cost=0.00..34.84 rows=1041 width=0)
	        Index Cond: ((id >= 5711190) AND (id <= 5712189))

table 6 : explain SELECT c FROM sbtest6 WHERE id BETWEEN 2295076 AND 2296075
	Bitmap Heap Scan on sbtest6  (cost=34.74..3894.38 rows=1005 width=121)
	  Recheck Cond: ((id >= 2295076) AND (id <= 2296075))
	  ->  Bitmap Index Scan on sbtest6_pkey  (cost=0.00..34.48 rows=1005 width=0)
	        Index Cond: ((id >= 2295076) AND (id <= 2296075))

table 7 : explain SELECT c FROM sbtest7 WHERE id BETWEEN 4494102 AND 4495101
	Bitmap Heap Scan on sbtest7  (cost=34.44..3783.17 rows=976 width=121)
	  Recheck Cond: ((id >= 4494102) AND (id <= 4495101))
	  ->  Bitmap Index Scan on sbtest7_pkey  (cost=0.00..34.20 rows=976 width=0)
	        Index Cond: ((id >= 4494102) AND (id <= 4495101))

table 8 : explain SELECT c FROM sbtest8 WHERE id BETWEEN 1852067 AND 1853066
	Bitmap Heap Scan on sbtest8  (cost=34.50..3806.53 rows=982 width=121)
	  Recheck Cond: ((id >= 1852067) AND (id <= 1853066))
	  ->  Bitmap Index Scan on sbtest8_pkey  (cost=0.00..34.26 rows=982 width=0)
	        Index Cond: ((id >= 1852067) AND (id <= 1853066))

for: order_ranges
table 1 : explain SELECT c FROM sbtest1 WHERE id BETWEEN 3919917 AND 3920916 ORDER BY c
	Sort  (cost=4294.16..4296.90 rows=1097 width=121)
	  Sort Key: c
	  ->  Bitmap Heap Scan on sbtest1  (cost=35.68..4238.77 rows=1097 width=121)
	        Recheck Cond: ((id >= 3919917) AND (id <= 3920916))
	        ->  Bitmap Index Scan on sbtest1_pkey  (cost=0.00..35.41 rows=1097 width=0)
	              Index Cond: ((id >= 3919917) AND (id <= 3920916))

table 2 : explain SELECT c FROM sbtest2 WHERE id BETWEEN 2713163 AND 2714162 ORDER BY c
	Sort  (cost=3771.21..3773.61 rows=960 width=121)
	  Sort Key: c
	  ->  Bitmap Heap Scan on sbtest2  (cost=34.28..3723.65 rows=960 width=121)
	        Recheck Cond: ((id >= 2713163) AND (id <= 2714162))
	        ->  Bitmap Index Scan on sbtest2_pkey  (cost=0.00..34.04 rows=960 width=0)
	              Index Cond: ((id >= 2713163) AND (id <= 2714162))

table 3 : explain SELECT c FROM sbtest3 WHERE id BETWEEN 4798979 AND 4799978 ORDER BY c
	Sort  (cost=3901.76..3904.25 rows=994 width=121)
	  Sort Key: c
	  ->  Bitmap Heap Scan on sbtest3  (cost=34.62..3852.28 rows=994 width=121)
	        Recheck Cond: ((id >= 4798979) AND (id <= 4799978))
	        ->  Bitmap Index Scan on sbtest3_pkey  (cost=0.00..34.38 rows=994 width=0)
	              Index Cond: ((id >= 4798979) AND (id <= 4799978))

table 4 : explain SELECT c FROM sbtest4 WHERE id BETWEEN 7365742 AND 7366741 ORDER BY c
	Sort  (cost=3877.75..3880.21 rows=986 width=121)
	  Sort Key: c
	  ->  Bitmap Heap Scan on sbtest4  (cost=34.54..3828.72 rows=986 width=121)
	        Recheck Cond: ((id >= 7365742) AND (id <= 7366741))
	        ->  Bitmap Index Scan on sbtest4_pkey  (cost=0.00..34.30 rows=986 width=0)
	              Index Cond: ((id >= 7365742) AND (id <= 7366741))

table 5 : explain SELECT c FROM sbtest5 WHERE id BETWEEN 4010657 AND 4011656 ORDER BY c
	Sort  (cost=3985.21..3987.74 rows=1014 width=121)
	  Sort Key: c
	  ->  Bitmap Heap Scan on sbtest5  (cost=34.83..3934.58 rows=1014 width=121)
	        Recheck Cond: ((id >= 4010657) AND (id <= 4011656))
	        ->  Bitmap Index Scan on sbtest5_pkey  (cost=0.00..34.58 rows=1014 width=0)
	              Index Cond: ((id >= 4010657) AND (id <= 4011656))

table 6 : explain SELECT c FROM sbtest6 WHERE id BETWEEN 4507341 AND 4508340 ORDER BY c
	Sort  (cost=4066.87..4069.46 rows=1037 width=121)
	  Sort Key: c
	  ->  Bitmap Heap Scan on sbtest6  (cost=35.06..4014.92 rows=1037 width=121)
	        Recheck Cond: ((id >= 4507341) AND (id <= 4508340))
	        ->  Bitmap Index Scan on sbtest6_pkey  (cost=0.00..34.81 rows=1037 width=0)
	              Index Cond: ((id >= 4507341) AND (id <= 4508340))

table 7 : explain SELECT c FROM sbtest7 WHERE id BETWEEN 95928 AND 96927 ORDER BY c
	Sort  (cost=3586.29..3588.57 rows=913 width=121)
	  Sort Key: c
	  ->  Bitmap Heap Scan on sbtest7  (cost=29.79..3541.39 rows=913 width=121)
	        Recheck Cond: ((id >= 95928) AND (id <= 96927))
	        ->  Bitmap Index Scan on sbtest7_pkey  (cost=0.00..29.57 rows=913 width=0)
	              Index Cond: ((id >= 95928) AND (id <= 96927))

table 8 : explain SELECT c FROM sbtest8 WHERE id BETWEEN 9618185 AND 9619184 ORDER BY c
	Sort  (cost=3970.10..3972.63 rows=1012 width=121)
	  Sort Key: c
	  ->  Bitmap Heap Scan on sbtest8  (cost=34.81..3919.59 rows=1012 width=121)
	        Recheck Cond: ((id >= 9618185) AND (id <= 9619184))
	        ->  Bitmap Index Scan on sbtest8_pkey  (cost=0.00..34.56 rows=1012 width=0)
	              Index Cond: ((id >= 9618185) AND (id <= 9619184))

for: order_ranges
table 1 : explain SELECT c FROM sbtest1 WHERE id BETWEEN 8977145 AND 8978144 ORDER BY c
	Sort  (cost=4275.10..4277.83 rows=1092 width=121)
	  Sort Key: c
	  ->  Bitmap Heap Scan on sbtest1  (cost=35.63..4219.99 rows=1092 width=121)
	        Recheck Cond: ((id >= 8977145) AND (id <= 8978144))
	        ->  Bitmap Index Scan on sbtest1_pkey  (cost=0.00..35.36 rows=1092 width=0)
	              Index Cond: ((id >= 8977145) AND (id <= 8978144))

table 2 : explain SELECT c FROM sbtest2 WHERE id BETWEEN 1342626 AND 1343625 ORDER BY c
	Sort  (cost=3947.26..3949.78 rows=1006 width=121)
	  Sort Key: c
	  ->  Bitmap Heap Scan on sbtest2  (cost=34.75..3897.09 rows=1006 width=121)
	        Recheck Cond: ((id >= 1342626) AND (id <= 1343625))
	        ->  Bitmap Index Scan on sbtest2_pkey  (cost=0.00..34.50 rows=1006 width=0)
	              Index Cond: ((id >= 1342626) AND (id <= 1343625))

table 3 : explain SELECT c FROM sbtest3 WHERE id BETWEEN 1602638 AND 1603637 ORDER BY c
	Sort  (cost=4180.78..4183.45 rows=1067 width=121)
	  Sort Key: c
	  ->  Bitmap Heap Scan on sbtest3  (cost=35.37..4127.12 rows=1067 width=121)
	        Recheck Cond: ((id >= 1602638) AND (id <= 1603637))
	        ->  Bitmap Index Scan on sbtest3_pkey  (cost=0.00..35.11 rows=1067 width=0)
	              Index Cond: ((id >= 1602638) AND (id <= 1603637))

table 4 : explain SELECT c FROM sbtest4 WHERE id BETWEEN 7557492 AND 7558491 ORDER BY c
	Sort  (cost=4015.83..4018.38 rows=1022 width=121)
	  Sort Key: c
	  ->  Bitmap Heap Scan on sbtest4  (cost=34.91..3964.74 rows=1022 width=121)
	        Recheck Cond: ((id >= 7557492) AND (id <= 7558491))
	        ->  Bitmap Index Scan on sbtest4_pkey  (cost=0.00..34.66 rows=1022 width=0)
	              Index Cond: ((id >= 7557492) AND (id <= 7558491))

table 5 : explain SELECT c FROM sbtest5 WHERE id BETWEEN 4560696 AND 4561695 ORDER BY c
	Sort  (cost=3793.34..3795.75 rows=964 width=121)
	  Sort Key: c
	  ->  Bitmap Heap Scan on sbtest5  (cost=34.32..3745.56 rows=964 width=121)
	        Recheck Cond: ((id >= 4560696) AND (id <= 4561695))
	        ->  Bitmap Index Scan on sbtest5_pkey  (cost=0.00..34.08 rows=964 width=0)
	              Index Cond: ((id >= 4560696) AND (id <= 4561695))

table 6 : explain SELECT c FROM sbtest6 WHERE id BETWEEN 8710730 AND 8711729 ORDER BY c
	Sort  (cost=3783.68..3786.09 rows=963 width=121)
	  Sort Key: c
	  ->  Bitmap Heap Scan on sbtest6  (cost=34.31..3735.96 rows=963 width=121)
	        Recheck Cond: ((id >= 8710730) AND (id <= 8711729))
	        ->  Bitmap Index Scan on sbtest6_pkey  (cost=0.00..34.07 rows=963 width=0)
	              Index Cond: ((id >= 8710730) AND (id <= 8711729))

table 7 : explain SELECT c FROM sbtest7 WHERE id BETWEEN 794832 AND 795831 ORDER BY c
	Sort  (cost=3739.75..3742.13 rows=952 width=121)
	  Sort Key: c
	  ->  Bitmap Heap Scan on sbtest7  (cost=34.19..3692.65 rows=952 width=121)
	        Recheck Cond: ((id >= 794832) AND (id <= 795831))
	        ->  Bitmap Index Scan on sbtest7_pkey  (cost=0.00..33.95 rows=952 width=0)
	              Index Cond: ((id >= 794832) AND (id <= 795831))

table 8 : explain SELECT c FROM sbtest8 WHERE id BETWEEN 382003 AND 383002 ORDER BY c
	Sort  (cost=3855.34..3857.79 rows=982 width=121)
	  Sort Key: c
	  ->  Bitmap Heap Scan on sbtest8  (cost=34.50..3806.53 rows=982 width=121)
	        Recheck Cond: ((id >= 382003) AND (id <= 383002))
	        ->  Bitmap Index Scan on sbtest8_pkey  (cost=0.00..34.26 rows=982 width=0)
	              Index Cond: ((id >= 382003) AND (id <= 383002))

for: order_ranges
table 1 : explain SELECT c FROM sbtest1 WHERE id BETWEEN 3076202 AND 3077201 ORDER BY c
	Sort  (cost=3709.23..3711.59 rows=945 width=121)
	  Sort Key: c
	  ->  Bitmap Heap Scan on sbtest1  (cost=30.12..3662.53 rows=945 width=121)
	        Recheck Cond: ((id >= 3076202) AND (id <= 3077201))
	        ->  Bitmap Index Scan on sbtest1_pkey  (cost=0.00..29.89 rows=945 width=0)
	              Index Cond: ((id >= 3076202) AND (id <= 3077201))

table 2 : explain SELECT c FROM sbtest2 WHERE id BETWEEN 1962351 AND 1963350 ORDER BY c
	Sort  (cost=3863.10..3865.56 rows=984 width=121)
	  Sort Key: c
	  ->  Bitmap Heap Scan on sbtest2  (cost=34.52..3814.18 rows=984 width=121)
	        Recheck Cond: ((id >= 1962351) AND (id <= 1963350))
	        ->  Bitmap Index Scan on sbtest2_pkey  (cost=0.00..34.28 rows=984 width=0)
	              Index Cond: ((id >= 1962351) AND (id <= 1963350))

table 3 : explain SELECT c FROM sbtest3 WHERE id BETWEEN 9788232 AND 9789231 ORDER BY c
	Sort  (cost=3802.23..3804.65 rows=968 width=121)
	  Sort Key: c
	  ->  Bitmap Heap Scan on sbtest3  (cost=34.36..3754.23 rows=968 width=121)
	        Recheck Cond: ((id >= 9788232) AND (id <= 9789231))
	        ->  Bitmap Index Scan on sbtest3_pkey  (cost=0.00..34.12 rows=968 width=0)
	              Index Cond: ((id >= 9788232) AND (id <= 9789231))

table 4 : explain SELECT c FROM sbtest4 WHERE id BETWEEN 1191165 AND 1192164 ORDER BY c
	Sort  (cost=4440.82..4443.65 rows=1132 width=121)
	  Sort Key: c
	  ->  Bitmap Heap Scan on sbtest4  (cost=40.04..4383.40 rows=1132 width=121)
	        Recheck Cond: ((id >= 1191165) AND (id <= 1192164))
	        ->  Bitmap Index Scan on sbtest4_pkey  (cost=0.00..39.76 rows=1132 width=0)
	              Index Cond: ((id >= 1191165) AND (id <= 1192164))

table 5 : explain SELECT c FROM sbtest5 WHERE id BETWEEN 9736840 AND 9737839 ORDER BY c
	Sort  (cost=3527.93..3530.17 rows=896 width=121)
	  Sort Key: c
	  ->  Bitmap Heap Scan on sbtest5  (cost=29.62..3483.99 rows=896 width=121)
	        Recheck Cond: ((id >= 9736840) AND (id <= 9737839))
	        ->  Bitmap Index Scan on sbtest5_pkey  (cost=0.00..29.39 rows=896 width=0)
	              Index Cond: ((id >= 9736840) AND (id <= 9737839))

table 6 : explain SELECT c FROM sbtest6 WHERE id BETWEEN 4161053 AND 4162052 ORDER BY c
	Sort  (cost=3710.87..3713.23 rows=944 width=121)
	  Sort Key: c
	  ->  Bitmap Heap Scan on sbtest6  (cost=34.11..3664.22 rows=944 width=121)
	        Recheck Cond: ((id >= 4161053) AND (id <= 4162052))
	        ->  Bitmap Index Scan on sbtest6_pkey  (cost=0.00..33.88 rows=944 width=0)
	              Index Cond: ((id >= 4161053) AND (id <= 4162052))

table 7 : explain SELECT c FROM sbtest7 WHERE id BETWEEN 238654 AND 239653 ORDER BY c
	Sort  (cost=4057.20..4059.79 rows=1035 width=121)
	  Sort Key: c
	  ->  Bitmap Heap Scan on sbtest7  (cost=35.04..4005.37 rows=1035 width=121)
	        Recheck Cond: ((id >= 238654) AND (id <= 239653))
	        ->  Bitmap Index Scan on sbtest7_pkey  (cost=0.00..34.79 rows=1035 width=0)
	              Index Cond: ((id >= 238654) AND (id <= 239653))

table 8 : explain SELECT c FROM sbtest8 WHERE id BETWEEN 9868600 AND 9869599 ORDER BY c
	Sort  (cost=3629.15..3631.46 rows=924 width=121)
	  Sort Key: c
	  ->  Bitmap Heap Scan on sbtest8  (cost=29.91..3583.63 rows=924 width=121)
	        Recheck Cond: ((id >= 9868600) AND (id <= 9869599))
	        ->  Bitmap Index Scan on sbtest8_pkey  (cost=0.00..29.68 rows=924 width=0)
	              Index Cond: ((id >= 9868600) AND (id <= 9869599))

for: distinct_ranges
table 1 : explain SELECT DISTINCT c FROM sbtest1 WHERE id BETWEEN 6434131 AND 6435130 ORDER BY c
	Unique  (cost=4069.00..4074.19 rows=1038 width=121)
	  ->  Sort  (cost=4069.00..4071.59 rows=1038 width=121)
	        Sort Key: c
	        ->  Bitmap Heap Scan on sbtest1  (cost=35.07..4017.00 rows=1038 width=121)
	              Recheck Cond: ((id >= 6434131) AND (id <= 6435130))
	              ->  Bitmap Index Scan on sbtest1_pkey  (cost=0.00..34.82 rows=1038 width=0)
	                    Index Cond: ((id >= 6434131) AND (id <= 6435130))

table 2 : explain SELECT DISTINCT c FROM sbtest2 WHERE id BETWEEN 5831284 AND 5832283 ORDER BY c
	Unique  (cost=4161.25..4166.56 rows=1062 width=121)
	  ->  Sort  (cost=4161.25..4163.90 rows=1062 width=121)
	        Sort Key: c
	        ->  Bitmap Heap Scan on sbtest2  (cost=35.32..4107.87 rows=1062 width=121)
	              Recheck Cond: ((id >= 5831284) AND (id <= 5832283))
	              ->  Bitmap Index Scan on sbtest2_pkey  (cost=0.00..35.06 rows=1062 width=0)
	                    Index Cond: ((id >= 5831284) AND (id <= 5832283))

table 3 : explain SELECT DISTINCT c FROM sbtest3 WHERE id BETWEEN 9443470 AND 9444469 ORDER BY c
	Unique  (cost=4337.22..4342.76 rows=1108 width=121)
	  ->  Sort  (cost=4337.22..4339.99 rows=1108 width=121)
	        Sort Key: c
	        ->  Bitmap Heap Scan on sbtest3  (cost=35.79..4281.19 rows=1108 width=121)
	              Recheck Cond: ((id >= 9443470) AND (id <= 9444469))
	              ->  Bitmap Index Scan on sbtest3_pkey  (cost=0.00..35.52 rows=1108 width=0)
	                    Index Cond: ((id >= 9443470) AND (id <= 9444469))

table 4 : explain SELECT DISTINCT c FROM sbtest4 WHERE id BETWEEN 5653150 AND 5654149 ORDER BY c
	Unique  (cost=3904.61..3909.57 rows=993 width=121)
	  ->  Sort  (cost=3904.61..3907.09 rows=993 width=121)
	        Sort Key: c
	        ->  Bitmap Heap Scan on sbtest4  (cost=34.61..3855.18 rows=993 width=121)
	              Recheck Cond: ((id >= 5653150) AND (id <= 5654149))
	              ->  Bitmap Index Scan on sbtest4_pkey  (cost=0.00..34.37 rows=993 width=0)
	                    Index Cond: ((id >= 5653150) AND (id <= 5654149))

table 5 : explain SELECT DISTINCT c FROM sbtest5 WHERE id BETWEEN 1920374 AND 1921373 ORDER BY c
	Unique  (cost=3816.38..3821.23 rows=970 width=121)
	  ->  Sort  (cost=3816.38..3818.81 rows=970 width=121)
	        Sort Key: c
	        ->  Bitmap Heap Scan on sbtest5  (cost=34.38..3768.26 rows=970 width=121)
	              Recheck Cond: ((id >= 1920374) AND (id <= 1921373))
	              ->  Bitmap Index Scan on sbtest5_pkey  (cost=0.00..34.14 rows=970 width=0)
	                    Index Cond: ((id >= 1920374) AND (id <= 1921373))

table 6 : explain SELECT DISTINCT c FROM sbtest6 WHERE id BETWEEN 3813122 AND 3814121 ORDER BY c
	Unique  (cost=4105.09..4110.32 rows=1047 width=121)
	  ->  Sort  (cost=4105.09..4107.70 rows=1047 width=121)
	        Sort Key: c
	        ->  Bitmap Heap Scan on sbtest6  (cost=35.17..4052.57 rows=1047 width=121)
	              Recheck Cond: ((id >= 3813122) AND (id <= 3814121))
	              ->  Bitmap Index Scan on sbtest6_pkey  (cost=0.00..34.91 rows=1047 width=0)
	                    Index Cond: ((id >= 3813122) AND (id <= 3814121))

table 7 : explain SELECT DISTINCT c FROM sbtest7 WHERE id BETWEEN 4538257 AND 4539256 ORDER BY c
	Unique  (cost=3992.25..3997.34 rows=1018 width=121)
	  ->  Sort  (cost=3992.25..3994.79 rows=1018 width=121)
	        Sort Key: c
	        ->  Bitmap Heap Scan on sbtest7  (cost=34.87..3941.39 rows=1018 width=121)
	              Recheck Cond: ((id >= 4538257) AND (id <= 4539256))
	              ->  Bitmap Index Scan on sbtest7_pkey  (cost=0.00..34.62 rows=1018 width=0)
	                    Index Cond: ((id >= 4538257) AND (id <= 4539256))

table 8 : explain SELECT DISTINCT c FROM sbtest8 WHERE id BETWEEN 7519129 AND 7520128 ORDER BY c
	Unique  (cost=3713.64..3718.37 rows=945 width=121)
	  ->  Sort  (cost=3713.64..3716.01 rows=945 width=121)
	        Sort Key: c
	        ->  Bitmap Heap Scan on sbtest8  (cost=34.12..3666.94 rows=945 width=121)
	              Recheck Cond: ((id >= 7519129) AND (id <= 7520128))
	              ->  Bitmap Index Scan on sbtest8_pkey  (cost=0.00..33.89 rows=945 width=0)
	                    Index Cond: ((id >= 7519129) AND (id <= 7520128))

for: distinct_ranges
table 1 : explain SELECT DISTINCT c FROM sbtest1 WHERE id BETWEEN 5842516 AND 5843515 ORDER BY c
	Unique  (cost=3598.07..3602.65 rows=916 width=121)
	  ->  Sort  (cost=3598.07..3600.36 rows=916 width=121)
	        Sort Key: c
	        ->  Bitmap Heap Scan on sbtest1  (cost=29.82..3553.01 rows=916 width=121)
	              Recheck Cond: ((id >= 5842516) AND (id <= 5843515))
	              ->  Bitmap Index Scan on sbtest1_pkey  (cost=0.00..29.59 rows=916 width=0)
	                    Index Cond: ((id >= 5842516) AND (id <= 5843515))

table 2 : explain SELECT DISTINCT c FROM sbtest2 WHERE id BETWEEN 1446488 AND 1447487 ORDER BY c
	Unique  (cost=3939.61..3944.63 rows=1004 width=121)
	  ->  Sort  (cost=3939.61..3942.12 rows=1004 width=121)
	        Sort Key: c
	        ->  Bitmap Heap Scan on sbtest2  (cost=34.73..3889.56 rows=1004 width=121)
	              Recheck Cond: ((id >= 1446488) AND (id <= 1447487))
	              ->  Bitmap Index Scan on sbtest2_pkey  (cost=0.00..34.48 rows=1004 width=0)
	                    Index Cond: ((id >= 1446488) AND (id <= 1447487))

table 3 : explain SELECT DISTINCT c FROM sbtest3 WHERE id BETWEEN 1226412 AND 1227411 ORDER BY c
	Unique  (cost=3832.87..3837.75 rows=976 width=121)
	  ->  Sort  (cost=3832.87..3835.31 rows=976 width=121)
	        Sort Key: c
	        ->  Bitmap Heap Scan on sbtest3  (cost=34.44..3784.40 rows=976 width=121)
	              Recheck Cond: ((id >= 1226412) AND (id <= 1227411))
	              ->  Bitmap Index Scan on sbtest3_pkey  (cost=0.00..34.20 rows=976 width=0)
	                    Index Cond: ((id >= 1226412) AND (id <= 1227411))

table 4 : explain SELECT DISTINCT c FROM sbtest4 WHERE id BETWEEN 460395 AND 461394 ORDER BY c
	Unique  (cost=3965.98..3971.03 rows=1009 width=121)
	  ->  Sort  (cost=3965.98..3968.50 rows=1009 width=121)
	        Sort Key: c
	        ->  Bitmap Heap Scan on sbtest4  (cost=34.78..3915.64 rows=1009 width=121)
	              Recheck Cond: ((id >= 460395) AND (id <= 461394))
	              ->  Bitmap Index Scan on sbtest4_pkey  (cost=0.00..34.53 rows=1009 width=0)
	                    Index Cond: ((id >= 460395) AND (id <= 461394))

table 5 : explain SELECT DISTINCT c FROM sbtest5 WHERE id BETWEEN 7737963 AND 7738962 ORDER BY c
	Unique  (cost=4375.91..4381.48 rows=1115 width=121)
	  ->  Sort  (cost=4375.91..4378.69 rows=1115 width=121)
	        Sort Key: c
	        ->  Bitmap Heap Scan on sbtest5  (cost=39.86..4319.47 rows=1115 width=121)
	              Recheck Cond: ((id >= 7737963) AND (id <= 7738962))
	              ->  Bitmap Index Scan on sbtest5_pkey  (cost=0.00..39.59 rows=1115 width=0)
	                    Index Cond: ((id >= 7737963) AND (id <= 7738962))

table 6 : explain SELECT DISTINCT c FROM sbtest6 WHERE id BETWEEN 5760814 AND 5761813 ORDER BY c
	Unique  (cost=3940.66..3945.68 rows=1004 width=121)
	  ->  Sort  (cost=3940.66..3943.17 rows=1004 width=121)
	        Sort Key: c
	        ->  Bitmap Heap Scan on sbtest6  (cost=34.73..3890.61 rows=1004 width=121)
	              Recheck Cond: ((id >= 5760814) AND (id <= 5761813))
	              ->  Bitmap Index Scan on sbtest6_pkey  (cost=0.00..34.48 rows=1004 width=0)
	                    Index Cond: ((id >= 5760814) AND (id <= 5761813))

table 7 : explain SELECT DISTINCT c FROM sbtest7 WHERE id BETWEEN 9789137 AND 9790136 ORDER BY c
	Unique  (cost=3804.84..3809.68 rows=969 width=121)
	  ->  Sort  (cost=3804.84..3807.26 rows=969 width=121)
	        Sort Key: c
	        ->  Bitmap Heap Scan on sbtest7  (cost=34.37..3756.77 rows=969 width=121)
	              Recheck Cond: ((id >= 9789137) AND (id <= 9790136))
	              ->  Bitmap Index Scan on sbtest7_pkey  (cost=0.00..34.12 rows=969 width=0)
	                    Index Cond: ((id >= 9789137) AND (id <= 9790136))

table 8 : explain SELECT DISTINCT c FROM sbtest8 WHERE id BETWEEN 6578955 AND 6579954 ORDER BY c
	Unique  (cost=4096.21..4101.44 rows=1045 width=121)
	  ->  Sort  (cost=4096.21..4098.83 rows=1045 width=121)
	        Sort Key: c
	        ->  Bitmap Heap Scan on sbtest8  (cost=35.15..4043.81 rows=1045 width=121)
	              Recheck Cond: ((id >= 6578955) AND (id <= 6579954))
	              ->  Bitmap Index Scan on sbtest8_pkey  (cost=0.00..34.89 rows=1045 width=0)
	                    Index Cond: ((id >= 6578955) AND (id <= 6579954))

for: distinct_ranges
table 1 : explain SELECT DISTINCT c FROM sbtest1 WHERE id BETWEEN 9701200 AND 9702199 ORDER BY c
	Unique  (cost=3674.75..3679.43 rows=936 width=121)
	  ->  Sort  (cost=3674.75..3677.09 rows=936 width=121)
	        Sort Key: c
	        ->  Bitmap Heap Scan on sbtest1  (cost=30.03..3628.55 rows=936 width=121)
	              Recheck Cond: ((id >= 9701200) AND (id <= 9702199))
	              ->  Bitmap Index Scan on sbtest1_pkey  (cost=0.00..29.79 rows=936 width=0)
	                    Index Cond: ((id >= 9701200) AND (id <= 9702199))

table 2 : explain SELECT DISTINCT c FROM sbtest2 WHERE id BETWEEN 5297250 AND 5298249 ORDER BY c
	Unique  (cost=3874.58..3879.51 rows=987 width=121)
	  ->  Sort  (cost=3874.58..3877.04 rows=987 width=121)
	        Sort Key: c
	        ->  Bitmap Heap Scan on sbtest2  (cost=34.55..3825.49 rows=987 width=121)
	              Recheck Cond: ((id >= 5297250) AND (id <= 5298249))
	              ->  Bitmap Index Scan on sbtest2_pkey  (cost=0.00..34.31 rows=987 width=0)
	                    Index Cond: ((id >= 5297250) AND (id <= 5298249))

table 3 : explain SELECT DISTINCT c FROM sbtest3 WHERE id BETWEEN 6027236 AND 6028235 ORDER BY c
	Unique  (cost=4066.20..4071.38 rows=1037 width=121)
	  ->  Sort  (cost=4066.20..4068.79 rows=1037 width=121)
	        Sort Key: c
	        ->  Bitmap Heap Scan on sbtest3  (cost=35.06..4014.25 rows=1037 width=121)
	              Recheck Cond: ((id >= 6027236) AND (id <= 6028235))
	              ->  Bitmap Index Scan on sbtest3_pkey  (cost=0.00..34.81 rows=1037 width=0)
	                    Index Cond: ((id >= 6027236) AND (id <= 6028235))

table 4 : explain SELECT DISTINCT c FROM sbtest4 WHERE id BETWEEN 790138 AND 791137 ORDER BY c
	Unique  (cost=3912.28..3917.26 rows=995 width=121)
	  ->  Sort  (cost=3912.28..3914.77 rows=995 width=121)
	        Sort Key: c
	        ->  Bitmap Heap Scan on sbtest4  (cost=34.63..3862.74 rows=995 width=121)
	              Recheck Cond: ((id >= 790138) AND (id <= 791137))
	              ->  Bitmap Index Scan on sbtest4_pkey  (cost=0.00..34.39 rows=995 width=0)
	                    Index Cond: ((id >= 790138) AND (id <= 791137))

table 5 : explain SELECT DISTINCT c FROM sbtest5 WHERE id BETWEEN 4995020 AND 4996019 ORDER BY c
	Unique  (cost=4161.47..4166.77 rows=1060 width=121)
	  ->  Sort  (cost=4161.47..4164.12 rows=1060 width=121)
	        Sort Key: c
	        ->  Bitmap Heap Scan on sbtest5  (cost=35.30..4108.21 rows=1060 width=121)
	              Recheck Cond: ((id >= 4995020) AND (id <= 4996019))
	              ->  Bitmap Index Scan on sbtest5_pkey  (cost=0.00..35.04 rows=1060 width=0)
	                    Index Cond: ((id >= 4995020) AND (id <= 4996019))

table 6 : explain SELECT DISTINCT c FROM sbtest6 WHERE id BETWEEN 9519812 AND 9520811 ORDER BY c
	Unique  (cost=3917.70..3922.69 rows=998 width=121)
	  ->  Sort  (cost=3917.70..3920.20 rows=998 width=121)
	        Sort Key: c
	        ->  Bitmap Heap Scan on sbtest6  (cost=34.66..3867.99 rows=998 width=121)
	              Recheck Cond: ((id >= 9519812) AND (id <= 9520811))
	              ->  Bitmap Index Scan on sbtest6_pkey  (cost=0.00..34.42 rows=998 width=0)
	                    Index Cond: ((id >= 9519812) AND (id <= 9520811))

table 7 : explain SELECT DISTINCT c FROM sbtest7 WHERE id BETWEEN 519920 AND 520919 ORDER BY c
	Unique  (cost=3724.43..3729.17 rows=948 width=121)
	  ->  Sort  (cost=3724.43..3726.80 rows=948 width=121)
	        Sort Key: c
	        ->  Bitmap Heap Scan on sbtest7  (cost=34.15..3677.56 rows=948 width=121)
	              Recheck Cond: ((id >= 519920) AND (id <= 520919))
	              ->  Bitmap Index Scan on sbtest7_pkey  (cost=0.00..33.92 rows=948 width=0)
	                    Index Cond: ((id >= 519920) AND (id <= 520919))

table 8 : explain SELECT DISTINCT c FROM sbtest8 WHERE id BETWEEN 6509466 AND 6510465 ORDER BY c
	Unique  (cost=4119.13..4124.39 rows=1051 width=121)
	  ->  Sort  (cost=4119.13..4121.76 rows=1051 width=121)
	        Sort Key: c
	        ->  Bitmap Heap Scan on sbtest8  (cost=35.21..4066.38 rows=1051 width=121)
	              Recheck Cond: ((id >= 6509466) AND (id <= 6510465))
	              ->  Bitmap Index Scan on sbtest8_pkey  (cost=0.00..34.95 rows=1051 width=0)
	                    Index Cond: ((id >= 6509466) AND (id <= 6510465))

for: sum_ranges
table 1 : explain SELECT SUM(k) FROM sbtest1 WHERE id BETWEEN 2515028 AND 2516027
	Aggregate  (cost=4023.36..4023.37 rows=1 width=8)
	  ->  Bitmap Heap Scan on sbtest1  (cost=35.08..4020.76 rows=1039 width=4)
	        Recheck Cond: ((id >= 2515028) AND (id <= 2516027))
	        ->  Bitmap Index Scan on sbtest1_pkey  (cost=0.00..34.83 rows=1039 width=0)
	              Index Cond: ((id >= 2515028) AND (id <= 2516027))

table 2 : explain SELECT SUM(k) FROM sbtest2 WHERE id BETWEEN 7216620 AND 7217619
	Aggregate  (cost=4069.13..4069.14 rows=1 width=8)
	  ->  Bitmap Heap Scan on sbtest2  (cost=35.21..4066.50 rows=1051 width=4)
	        Recheck Cond: ((id >= 7216620) AND (id <= 7217619))
	        ->  Bitmap Index Scan on sbtest2_pkey  (cost=0.00..34.95 rows=1051 width=0)
	              Index Cond: ((id >= 7216620) AND (id <= 7217619))

table 3 : explain SELECT SUM(k) FROM sbtest3 WHERE id BETWEEN 1369781 AND 1370780
	Aggregate  (cost=4141.07..4141.08 rows=1 width=8)
	  ->  Bitmap Heap Scan on sbtest3  (cost=35.40..4138.40 rows=1070 width=4)
	        Recheck Cond: ((id >= 1369781) AND (id <= 1370780))
	        ->  Bitmap Index Scan on sbtest3_pkey  (cost=0.00..35.14 rows=1070 width=0)
	              Index Cond: ((id >= 1369781) AND (id <= 1370780))

table 4 : explain SELECT SUM(k) FROM sbtest4 WHERE id BETWEEN 5886411 AND 5887410
	Aggregate  (cost=3880.35..3880.36 rows=1 width=8)
	  ->  Bitmap Heap Scan on sbtest4  (cost=34.67..3877.86 rows=999 width=4)
	        Recheck Cond: ((id >= 5886411) AND (id <= 5887410))
	        ->  Bitmap Index Scan on sbtest4_pkey  (cost=0.00..34.43 rows=999 width=0)
	              Index Cond: ((id >= 5886411) AND (id <= 5887410))

table 5 : explain SELECT SUM(k) FROM sbtest5 WHERE id BETWEEN 2452983 AND 2453982
	Aggregate  (cost=3853.93..3853.94 rows=1 width=8)
	  ->  Bitmap Heap Scan on sbtest5  (cost=34.60..3851.45 rows=992 width=4)
	        Recheck Cond: ((id >= 2452983) AND (id <= 2453982))
	        ->  Bitmap Index Scan on sbtest5_pkey  (cost=0.00..34.36 rows=992 width=0)
	              Index Cond: ((id >= 2452983) AND (id <= 2453982))

table 6 : explain SELECT SUM(k) FROM sbtest6 WHERE id BETWEEN 304700 AND 305699
	Aggregate  (cost=3960.99..3961.00 rows=1 width=8)
	  ->  Bitmap Heap Scan on sbtest6  (cost=34.91..3958.43 rows=1022 width=4)
	        Recheck Cond: ((id >= 304700) AND (id <= 305699))
	        ->  Bitmap Index Scan on sbtest6_pkey  (cost=0.00..34.66 rows=1022 width=0)
	              Index Cond: ((id >= 304700) AND (id <= 305699))

table 7 : explain SELECT SUM(k) FROM sbtest7 WHERE id BETWEEN 4738285 AND 4739284
	Aggregate  (cost=4267.71..4267.72 rows=1 width=8)
	  ->  Bitmap Heap Scan on sbtest7  (cost=39.75..4264.95 rows=1104 width=4)
	        Recheck Cond: ((id >= 4738285) AND (id <= 4739284))
	        ->  Bitmap Index Scan on sbtest7_pkey  (cost=0.00..39.48 rows=1104 width=0)
	              Index Cond: ((id >= 4738285) AND (id <= 4739284))

table 8 : explain SELECT SUM(k) FROM sbtest8 WHERE id BETWEEN 3820454 AND 3821453
	Aggregate  (cost=3737.28..3737.29 rows=1 width=8)
	  ->  Bitmap Heap Scan on sbtest8  (cost=34.31..3734.87 rows=963 width=4)
	        Recheck Cond: ((id >= 3820454) AND (id <= 3821453))
	        ->  Bitmap Index Scan on sbtest8_pkey  (cost=0.00..34.07 rows=963 width=0)
	              Index Cond: ((id >= 3820454) AND (id <= 3821453))

explain: for point_selects :: explain SELECT c FROM sbtest%u WHERE id=%u
for: distinct_ranges
table 1 : explain SELECT DISTINCT c FROM sbtest1 WHERE id BETWEEN 6978847 AND 6979846 ORDER BY c
	Unique  (cost=3981.11..3986.19 rows=1015 width=121)
	  ->  Sort  (cost=3981.11..3983.65 rows=1015 width=121)
	        Sort Key: c
	        ->  Bitmap Heap Scan on sbtest1  (cost=34.84..3930.43 rows=1015 width=121)
	              Recheck Cond: ((id >= 6978847) AND (id <= 6979846))
	              ->  Bitmap Index Scan on sbtest1_pkey  (cost=0.00..34.59 rows=1015 width=0)
	                    Index Cond: ((id >= 6978847) AND (id <= 6979846))

table 2 : explain SELECT DISTINCT c FROM sbtest2 WHERE id BETWEEN 1437591 AND 1438590 ORDER BY c
	Unique  (cost=3939.61..3944.63 rows=1004 width=121)
	  ->  Sort  (cost=3939.61..3942.12 rows=1004 width=121)
	        Sort Key: c
	        ->  Bitmap Heap Scan on sbtest2  (cost=34.73..3889.56 rows=1004 width=121)
	              Recheck Cond: ((id >= 1437591) AND (id <= 1438590))
	              ->  Bitmap Index Scan on sbtest2_pkey  (cost=0.00..34.48 rows=1004 width=0)
	                    Index Cond: ((id >= 1437591) AND (id <= 1438590))

table 3 : explain SELECT DISTINCT c FROM sbtest3 WHERE id BETWEEN 2104011 AND 2105010 ORDER BY c
	Unique  (cost=4008.86..4013.97 rows=1022 width=121)
	  ->  Sort  (cost=4008.86..4011.42 rows=1022 width=121)
	        Sort Key: c
	        ->  Bitmap Heap Scan on sbtest3  (cost=34.91..3957.78 rows=1022 width=121)
	              Recheck Cond: ((id >= 2104011) AND (id <= 2105010))
	              ->  Bitmap Index Scan on sbtest3_pkey  (cost=0.00..34.66 rows=1022 width=0)
	                    Index Cond: ((id >= 2104011) AND (id <= 2105010))

table 4 : explain SELECT DISTINCT c FROM sbtest4 WHERE id BETWEEN 9406830 AND 9407829 ORDER BY c
	Unique  (cost=4149.93..4155.21 rows=1057 width=121)
	  ->  Sort  (cost=4149.93..4152.57 rows=1057 width=121)
	        Sort Key: c
	        ->  Bitmap Heap Scan on sbtest4  (cost=35.27..4096.83 rows=1057 width=121)
	              Recheck Cond: ((id >= 9406830) AND (id <= 9407829))
	              ->  Bitmap Index Scan on sbtest4_pkey  (cost=0.00..35.01 rows=1057 width=0)
	                    Index Cond: ((id >= 9406830) AND (id <= 9407829))

table 5 : explain SELECT DISTINCT c FROM sbtest5 WHERE id BETWEEN 9359499 AND 9360498 ORDER BY c
	Unique  (cost=3985.21..3990.28 rows=1014 width=121)
	  ->  Sort  (cost=3985.21..3987.74 rows=1014 width=121)
	        Sort Key: c
	        ->  Bitmap Heap Scan on sbtest5  (cost=34.83..3934.58 rows=1014 width=121)
	              Recheck Cond: ((id >= 9359499) AND (id <= 9360498))
	              ->  Bitmap Index Scan on sbtest5_pkey  (cost=0.00..34.58 rows=1014 width=0)
	                    Index Cond: ((id >= 9359499) AND (id <= 9360498))

table 6 : explain SELECT DISTINCT c FROM sbtest6 WHERE id BETWEEN 2626307 AND 2627306 ORDER BY c
	Unique  (cost=3603.31..3607.90 rows=917 width=121)
	  ->  Sort  (cost=3603.31..3605.61 rows=917 width=121)
	        Sort Key: c
	        ->  Bitmap Heap Scan on sbtest6  (cost=29.83..3558.19 rows=917 width=121)
	              Recheck Cond: ((id >= 2626307) AND (id <= 2627306))
	              ->  Bitmap Index Scan on sbtest6_pkey  (cost=0.00..29.61 rows=917 width=0)
	                    Index Cond: ((id >= 2626307) AND (id <= 2627306))

table 7 : explain SELECT DISTINCT c FROM sbtest7 WHERE id BETWEEN 325649 AND 326648 ORDER BY c
	Unique  (cost=3689.95..3694.65 rows=939 width=121)
	  ->  Sort  (cost=3689.95..3692.30 rows=939 width=121)
	        Sort Key: c
	        ->  Bitmap Heap Scan on sbtest7  (cost=34.06..3643.59 rows=939 width=121)
	              Recheck Cond: ((id >= 325649) AND (id <= 326648))
	              ->  Bitmap Index Scan on sbtest7_pkey  (cost=0.00..33.83 rows=939 width=0)
	                    Index Cond: ((id >= 325649) AND (id <= 326648))

table 8 : explain SELECT DISTINCT c FROM sbtest8 WHERE id BETWEEN 6071254 AND 6072253 ORDER BY c
	Unique  (cost=3878.30..3883.24 rows=988 width=121)
	  ->  Sort  (cost=3878.30..3880.77 rows=988 width=121)
	        Sort Key: c
	        ->  Bitmap Heap Scan on sbtest8  (cost=34.56..3829.15 rows=988 width=121)
	              Recheck Cond: ((id >= 6071254) AND (id <= 6072253))
	              ->  Bitmap Index Scan on sbtest8_pkey  (cost=0.00..34.32 rows=988 width=0)
	                    Index Cond: ((id >= 6071254) AND (id <= 6072253))

for: order_ranges
table 1 : explain SELECT c FROM sbtest1 WHERE id BETWEEN 8666622 AND 8667621 ORDER BY c
	Sort  (cost=4282.72..4285.46 rows=1094 width=121)
	  Sort Key: c
	  ->  Bitmap Heap Scan on sbtest1  (cost=35.65..4227.50 rows=1094 width=121)
	        Recheck Cond: ((id >= 8666622) AND (id <= 8667621))
	        ->  Bitmap Index Scan on sbtest1_pkey  (cost=0.00..35.38 rows=1094 width=0)
	              Index Cond: ((id >= 8666622) AND (id <= 8667621))

table 2 : explain SELECT c FROM sbtest2 WHERE id BETWEEN 1546814 AND 1547813 ORDER BY c
	Sort  (cost=3851.61..3854.07 rows=981 width=121)
	  Sort Key: c
	  ->  Bitmap Heap Scan on sbtest2  (cost=34.49..3802.87 rows=981 width=121)
	        Recheck Cond: ((id >= 1546814) AND (id <= 1547813))
	        ->  Bitmap Index Scan on sbtest2_pkey  (cost=0.00..34.25 rows=981 width=0)
	              Index Cond: ((id >= 1546814) AND (id <= 1547813))

table 3 : explain SELECT c FROM sbtest3 WHERE id BETWEEN 4573514 AND 4574513 ORDER BY c
	Sort  (cost=3997.39..3999.94 rows=1019 width=121)
	  Sort Key: c
	  ->  Bitmap Heap Scan on sbtest3  (cost=34.88..3946.48 rows=1019 width=121)
	        Recheck Cond: ((id >= 4573514) AND (id <= 4574513))
	        ->  Bitmap Index Scan on sbtest3_pkey  (cost=0.00..34.62 rows=1019 width=0)
	              Index Cond: ((id >= 4573514) AND (id <= 4574513))

table 4 : explain SELECT c FROM sbtest4 WHERE id BETWEEN 8988206 AND 8989205 ORDER BY c
	Sort  (cost=4123.12..4125.74 rows=1050 width=121)
	  Sort Key: c
	  ->  Bitmap Heap Scan on sbtest4  (cost=35.20..4070.43 rows=1050 width=121)
	        Recheck Cond: ((id >= 8988206) AND (id <= 8989205))
	        ->  Bitmap Index Scan on sbtest4_pkey  (cost=0.00..34.94 rows=1050 width=0)
	              Index Cond: ((id >= 8988206) AND (id <= 8989205))

table 5 : explain SELECT c FROM sbtest5 WHERE id BETWEEN 3108332 AND 3109331 ORDER BY c
	Sort  (cost=3943.02..3945.53 rows=1003 width=121)
	  Sort Key: c
	  ->  Bitmap Heap Scan on sbtest5  (cost=34.72..3893.02 rows=1003 width=121)
	        Recheck Cond: ((id >= 3108332) AND (id <= 3109331))
	        ->  Bitmap Index Scan on sbtest5_pkey  (cost=0.00..34.47 rows=1003 width=0)
	              Index Cond: ((id >= 3108332) AND (id <= 3109331))

table 6 : explain SELECT c FROM sbtest6 WHERE id BETWEEN 4578472 AND 4579471 ORDER BY c
	Sort  (cost=3564.94..3567.20 rows=907 width=121)
	  Sort Key: c
	  ->  Bitmap Heap Scan on sbtest6  (cost=29.73..3520.38 rows=907 width=121)
	        Recheck Cond: ((id >= 4578472) AND (id <= 4579471))
	        ->  Bitmap Index Scan on sbtest6_pkey  (cost=0.00..29.50 rows=907 width=0)
	              Index Cond: ((id >= 4578472) AND (id <= 4579471))

table 7 : explain SELECT c FROM sbtest7 WHERE id BETWEEN 5832955 AND 5833954 ORDER BY c
	Sort  (cost=3804.84..3807.26 rows=969 width=121)
	  Sort Key: c
	  ->  Bitmap Heap Scan on sbtest7  (cost=34.37..3756.77 rows=969 width=121)
	        Recheck Cond: ((id >= 5832955) AND (id <= 5833954))
	        ->  Bitmap Index Scan on sbtest7_pkey  (cost=0.00..34.12 rows=969 width=0)
	              Index Cond: ((id >= 5832955) AND (id <= 5833954))

table 8 : explain SELECT c FROM sbtest8 WHERE id BETWEEN 2661390 AND 2662389 ORDER BY c
	Sort  (cost=3709.81..3712.17 rows=944 width=121)
	  Sort Key: c
	  ->  Bitmap Heap Scan on sbtest8  (cost=34.11..3663.17 rows=944 width=121)
	        Recheck Cond: ((id >= 2661390) AND (id <= 2662389))
	        ->  Bitmap Index Scan on sbtest8_pkey  (cost=0.00..33.88 rows=944 width=0)
	              Index Cond: ((id >= 2661390) AND (id <= 2662389))

for: distinct_ranges
table 1 : explain SELECT DISTINCT c FROM sbtest1 WHERE id BETWEEN 2554698 AND 2555697 ORDER BY c
	Unique  (cost=4034.62..4039.76 rows=1029 width=121)
	  ->  Sort  (cost=4034.62..4037.19 rows=1029 width=121)
	        Sort Key: c
	        ->  Bitmap Heap Scan on sbtest1  (cost=34.98..3983.13 rows=1029 width=121)
	              Recheck Cond: ((id >= 2554698) AND (id <= 2555697))
	              ->  Bitmap Index Scan on sbtest1_pkey  (cost=0.00..34.73 rows=1029 width=0)
	                    Index Cond: ((id >= 2554698) AND (id <= 2555697))

table 2 : explain SELECT DISTINCT c FROM sbtest2 WHERE id BETWEEN 4870241 AND 4871240 ORDER BY c
	Unique  (cost=3798.02..3802.85 rows=967 width=121)
	  ->  Sort  (cost=3798.02..3800.43 rows=967 width=121)
	        Sort Key: c
	        ->  Bitmap Heap Scan on sbtest2  (cost=34.35..3750.06 rows=967 width=121)
	              Recheck Cond: ((id >= 4870241) AND (id <= 4871240))
	              ->  Bitmap Index Scan on sbtest2_pkey  (cost=0.00..34.11 rows=967 width=0)
	                    Index Cond: ((id >= 4870241) AND (id <= 4871240))

table 3 : explain SELECT DISTINCT c FROM sbtest3 WHERE id BETWEEN 1521545 AND 1522544 ORDER BY c
	Unique  (cost=3966.80..3971.85 rows=1011 width=121)
	  ->  Sort  (cost=3966.80..3969.33 rows=1011 width=121)
	        Sort Key: c
	        ->  Bitmap Heap Scan on sbtest3  (cost=34.80..3916.34 rows=1011 width=121)
	              Recheck Cond: ((id >= 1521545) AND (id <= 1522544))
	              ->  Bitmap Index Scan on sbtest3_pkey  (cost=0.00..34.55 rows=1011 width=0)
	                    Index Cond: ((id >= 1521545) AND (id <= 1522544))

table 4 : explain SELECT DISTINCT c FROM sbtest4 WHERE id BETWEEN 6833065 AND 6834064 ORDER BY c
	Unique  (cost=3643.44..3648.06 rows=925 width=121)
	  ->  Sort  (cost=3643.44..3645.75 rows=925 width=121)
	        Sort Key: c
	        ->  Bitmap Heap Scan on sbtest4  (cost=33.92..3597.86 rows=925 width=121)
	              Recheck Cond: ((id >= 6833065) AND (id <= 6834064))
	              ->  Bitmap Index Scan on sbtest4_pkey  (cost=0.00..33.69 rows=925 width=0)
	                    Index Cond: ((id >= 6833065) AND (id <= 6834064))

table 5 : explain SELECT DISTINCT c FROM sbtest5 WHERE id BETWEEN 1699467 AND 1700466 ORDER BY c
	Unique  (cost=3889.31..3894.26 rows=989 width=121)
	  ->  Sort  (cost=3889.31..3891.78 rows=989 width=121)
	        Sort Key: c
	        ->  Bitmap Heap Scan on sbtest5  (cost=34.57..3840.11 rows=989 width=121)
	              Recheck Cond: ((id >= 1699467) AND (id <= 1700466))
	              ->  Bitmap Index Scan on sbtest5_pkey  (cost=0.00..34.33 rows=989 width=0)
	                    Index Cond: ((id >= 1699467) AND (id <= 1700466))

table 6 : explain SELECT DISTINCT c FROM sbtest6 WHERE id BETWEEN 3547423 AND 3548422 ORDER BY c
	Unique  (cost=3910.05..3915.03 rows=996 width=121)
	  ->  Sort  (cost=3910.05..3912.54 rows=996 width=121)
	        Sort Key: c
	        ->  Bitmap Heap Scan on sbtest6  (cost=34.64..3860.45 rows=996 width=121)
	              Recheck Cond: ((id >= 3547423) AND (id <= 3548422))
	              ->  Bitmap Index Scan on sbtest6_pkey  (cost=0.00..34.40 rows=996 width=0)
	                    Index Cond: ((id >= 3547423) AND (id <= 3548422))

table 7 : explain SELECT DISTINCT c FROM sbtest7 WHERE id BETWEEN 5348624 AND 5349623 ORDER BY c
	Unique  (cost=3804.84..3809.68 rows=969 width=121)
	  ->  Sort  (cost=3804.84..3807.26 rows=969 width=121)
	        Sort Key: c
	        ->  Bitmap Heap Scan on sbtest7  (cost=34.37..3756.77 rows=969 width=121)
	              Recheck Cond: ((id >= 5348624) AND (id <= 5349623))
	              ->  Bitmap Index Scan on sbtest7_pkey  (cost=0.00..34.12 rows=969 width=0)
	                    Index Cond: ((id >= 5348624) AND (id <= 5349623))

table 8 : explain SELECT DISTINCT c FROM sbtest8 WHERE id BETWEEN 2120639 AND 2121638 ORDER BY c
	Unique  (cost=3820.89..3825.75 rows=973 width=121)
	  ->  Sort  (cost=3820.89..3823.32 rows=973 width=121)
	        Sort Key: c
	        ->  Bitmap Heap Scan on sbtest8  (cost=34.41..3772.60 rows=973 width=121)
	              Recheck Cond: ((id >= 2120639) AND (id <= 2121638))
	              ->  Bitmap Index Scan on sbtest8_pkey  (cost=0.00..34.17 rows=973 width=0)
	                    Index Cond: ((id >= 2120639) AND (id <= 2121638))

for point_selects
table 1 : explain SELECT c FROM sbtest1 WHERE id=9094979
	Index Scan using sbtest1_pkey on sbtest1  (cost=0.43..8.45 rows=1 width=121)
	  Index Cond: (id = 9094979)

table 2 : explain SELECT c FROM sbtest2 WHERE id=674442
	Index Scan using sbtest2_pkey on sbtest2  (cost=0.43..8.45 rows=1 width=121)
	  Index Cond: (id = 674442)

table 3 : explain SELECT c FROM sbtest3 WHERE id=1667857
	Index Scan using sbtest3_pkey on sbtest3  (cost=0.43..8.45 rows=1 width=121)
	  Index Cond: (id = 1667857)

table 4 : explain SELECT c FROM sbtest4 WHERE id=4443278
	Index Scan using sbtest4_pkey on sbtest4  (cost=0.43..8.45 rows=1 width=121)
	  Index Cond: (id = 4443278)

table 5 : explain SELECT c FROM sbtest5 WHERE id=9360835
	Index Scan using sbtest5_pkey on sbtest5  (cost=0.43..8.45 rows=1 width=121)
	  Index Cond: (id = 9360835)

table 6 : explain SELECT c FROM sbtest6 WHERE id=5739273
	Index Scan using sbtest6_pkey on sbtest6  (cost=0.43..8.45 rows=1 width=121)
	  Index Cond: (id = 5739273)

table 7 : explain SELECT c FROM sbtest7 WHERE id=2502482
	Index Scan using sbtest7_pkey on sbtest7  (cost=0.43..8.45 rows=1 width=121)
	  Index Cond: (id = 2502482)

table 8 : explain SELECT c FROM sbtest8 WHERE id=5228815
	Index Scan using sbtest8_pkey on sbtest8  (cost=0.43..8.45 rows=1 width=121)
	  Index Cond: (id = 5228815)

explain: for point_selects :: explain SELECT c FROM sbtest%u WHERE id=%u
for: simple_ranges
table 1 : explain SELECT c FROM sbtest1 WHERE id BETWEEN 9697288 AND 9698287
	Bitmap Heap Scan on sbtest1  (cost=30.03..3628.55 rows=936 width=121)
	  Recheck Cond: ((id >= 9697288) AND (id <= 9698287))
	  ->  Bitmap Index Scan on sbtest1_pkey  (cost=0.00..29.79 rows=936 width=0)
	        Index Cond: ((id >= 9697288) AND (id <= 9698287))

table 2 : explain SELECT c FROM sbtest2 WHERE id BETWEEN 3171609 AND 3172608
	Bitmap Heap Scan on sbtest2  (cost=34.79..3912.16 rows=1010 width=121)
	  Recheck Cond: ((id >= 3171609) AND (id <= 3172608))
	  ->  Bitmap Index Scan on sbtest2_pkey  (cost=0.00..34.54 rows=1010 width=0)
	        Index Cond: ((id >= 3171609) AND (id <= 3172608))

table 3 : explain SELECT c FROM sbtest3 WHERE id BETWEEN 5963075 AND 5964074
	Bitmap Heap Scan on sbtest3  (cost=35.06..4014.25 rows=1037 width=121)
	  Recheck Cond: ((id >= 5963075) AND (id <= 5964074))
	  ->  Bitmap Index Scan on sbtest3_pkey  (cost=0.00..34.81 rows=1037 width=0)
	        Index Cond: ((id >= 5963075) AND (id <= 5964074))

table 4 : explain SELECT c FROM sbtest4 WHERE id BETWEEN 3955992 AND 3956991
	Bitmap Heap Scan on sbtest4  (cost=39.98..4360.82 rows=1126 width=121)
	  Recheck Cond: ((id >= 3955992) AND (id <= 3956991))
	  ->  Bitmap Index Scan on sbtest4_pkey  (cost=0.00..39.70 rows=1126 width=0)
	        Index Cond: ((id >= 3955992) AND (id <= 3956991))

table 5 : explain SELECT c FROM sbtest5 WHERE id BETWEEN 2260175 AND 2261174
	Bitmap Heap Scan on sbtest5  (cost=39.79..4293.11 rows=1108 width=121)
	  Recheck Cond: ((id >= 2260175) AND (id <= 2261174))
	  ->  Bitmap Index Scan on sbtest5_pkey  (cost=0.00..39.52 rows=1108 width=0)
	        Index Cond: ((id >= 2260175) AND (id <= 2261174))

table 6 : explain SELECT c FROM sbtest6 WHERE id BETWEEN 1234882 AND 1235881
	Bitmap Heap Scan on sbtest6  (cost=34.89..3950.90 rows=1020 width=121)
	  Recheck Cond: ((id >= 1234882) AND (id <= 1235881))
	  ->  Bitmap Index Scan on sbtest6_pkey  (cost=0.00..34.64 rows=1020 width=0)
	        Index Cond: ((id >= 1234882) AND (id <= 1235881))

table 7 : explain SELECT c FROM sbtest7 WHERE id BETWEEN 2345664 AND 2346663
	Bitmap Heap Scan on sbtest7  (cost=34.76..3899.98 rows=1007 width=121)
	  Recheck Cond: ((id >= 2345664) AND (id <= 2346663))
	  ->  Bitmap Index Scan on sbtest7_pkey  (cost=0.00..34.51 rows=1007 width=0)
	        Index Cond: ((id >= 2345664) AND (id <= 2346663))

table 8 : explain SELECT c FROM sbtest8 WHERE id BETWEEN 6368670 AND 6369669
	Bitmap Heap Scan on sbtest8  (cost=35.01..3994.89 rows=1032 width=121)
	  Recheck Cond: ((id >= 6368670) AND (id <= 6369669))
	  ->  Bitmap Index Scan on sbtest8_pkey  (cost=0.00..34.76 rows=1032 width=0)
	        Index Cond: ((id >= 6368670) AND (id <= 6369669))

for point_selects
table 1 : explain SELECT c FROM sbtest1 WHERE id=5688635
	Index Scan using sbtest1_pkey on sbtest1  (cost=0.43..8.45 rows=1 width=121)
	  Index Cond: (id = 5688635)

table 2 : explain SELECT c FROM sbtest2 WHERE id=4307611
	Index Scan using sbtest2_pkey on sbtest2  (cost=0.43..8.45 rows=1 width=121)
	  Index Cond: (id = 4307611)

table 3 : explain SELECT c FROM sbtest3 WHERE id=6527404
	Index Scan using sbtest3_pkey on sbtest3  (cost=0.43..8.45 rows=1 width=121)
	  Index Cond: (id = 6527404)

table 4 : explain SELECT c FROM sbtest4 WHERE id=3729542
	Index Scan using sbtest4_pkey on sbtest4  (cost=0.43..8.45 rows=1 width=121)
	  Index Cond: (id = 3729542)

table 5 : explain SELECT c FROM sbtest5 WHERE id=26076
	Index Scan using sbtest5_pkey on sbtest5  (cost=0.43..8.45 rows=1 width=121)
	  Index Cond: (id = 26076)

table 6 : explain SELECT c FROM sbtest6 WHERE id=2878830
	Index Scan using sbtest6_pkey on sbtest6  (cost=0.43..8.45 rows=1 width=121)
	  Index Cond: (id = 2878830)

table 7 : explain SELECT c FROM sbtest7 WHERE id=4155231
	Index Scan using sbtest7_pkey on sbtest7  (cost=0.43..8.45 rows=1 width=121)
	  Index Cond: (id = 4155231)

table 8 : explain SELECT c FROM sbtest8 WHERE id=3908687
	Index Scan using sbtest8_pkey on sbtest8  (cost=0.43..8.45 rows=1 width=121)
	  Index Cond: (id = 3908687)

for: sum_ranges
table 1 : explain SELECT SUM(k) FROM sbtest1 WHERE id BETWEEN 9629491 AND 9630490
	Aggregate  (cost=4331.68..4331.69 rows=1 width=8)
	  ->  Bitmap Heap Scan on sbtest1  (cost=35.94..4328.88 rows=1122 width=4)
	        Recheck Cond: ((id >= 9629491) AND (id <= 9630490))
	        ->  Bitmap Index Scan on sbtest1_pkey  (cost=0.00..35.66 rows=1122 width=0)
	              Index Cond: ((id >= 9629491) AND (id <= 9630490))

table 2 : explain SELECT SUM(k) FROM sbtest2 WHERE id BETWEEN 7458706 AND 7459705
	Aggregate  (cost=3918.46..3918.47 rows=1 width=8)
	  ->  Bitmap Heap Scan on sbtest2  (cost=34.80..3915.93 rows=1011 width=4)
	        Recheck Cond: ((id >= 7458706) AND (id <= 7459705))
	        ->  Bitmap Index Scan on sbtest2_pkey  (cost=0.00..34.55 rows=1011 width=0)
	              Index Cond: ((id >= 7458706) AND (id <= 7459705))

table 3 : explain SELECT SUM(k) FROM sbtest3 WHERE id BETWEEN 1924928 AND 1925927
	Aggregate  (cost=4024.38..4024.39 rows=1 width=8)
	  ->  Bitmap Heap Scan on sbtest3  (cost=35.08..4021.78 rows=1039 width=4)
	        Recheck Cond: ((id >= 1924928) AND (id <= 1925927))
	        ->  Bitmap Index Scan on sbtest3_pkey  (cost=0.00..34.83 rows=1039 width=0)
	              Index Cond: ((id >= 1924928) AND (id <= 1925927))

table 4 : explain SELECT SUM(k) FROM sbtest4 WHERE id BETWEEN 5119598 AND 5120597
	Aggregate  (cost=3978.63..3978.64 rows=1 width=8)
	  ->  Bitmap Heap Scan on sbtest4  (cost=34.94..3976.07 rows=1025 width=4)
	        Recheck Cond: ((id >= 5119598) AND (id <= 5120597))
	        ->  Bitmap Index Scan on sbtest4_pkey  (cost=0.00..34.69 rows=1025 width=0)
	              Index Cond: ((id >= 5119598) AND (id <= 5120597))

table 5 : explain SELECT SUM(k) FROM sbtest5 WHERE id BETWEEN 1664595 AND 1665594
	Aggregate  (cost=3959.79..3959.80 rows=1 width=8)
	  ->  Bitmap Heap Scan on sbtest5  (cost=34.89..3957.24 rows=1020 width=4)
	        Recheck Cond: ((id >= 1664595) AND (id <= 1665594))
	        ->  Bitmap Index Scan on sbtest5_pkey  (cost=0.00..34.64 rows=1020 width=0)
	              Index Cond: ((id >= 1664595) AND (id <= 1665594))

table 6 : explain SELECT SUM(k) FROM sbtest6 WHERE id BETWEEN 8166681 AND 8167680
	Aggregate  (cost=4047.65..4047.66 rows=1 width=8)
	  ->  Bitmap Heap Scan on sbtest6  (cost=35.15..4045.04 rows=1045 width=4)
	        Recheck Cond: ((id >= 8166681) AND (id <= 8167680))
	        ->  Bitmap Index Scan on sbtest6_pkey  (cost=0.00..34.89 rows=1045 width=0)
	              Index Cond: ((id >= 8166681) AND (id <= 8167680))

table 7 : explain SELECT SUM(k) FROM sbtest7 WHERE id BETWEEN 1622195 AND 1623194
	Aggregate  (cost=3864.80..3864.81 rows=1 width=8)
	  ->  Bitmap Heap Scan on sbtest7  (cost=34.65..3862.31 rows=997 width=4)
	        Recheck Cond: ((id >= 1622195) AND (id <= 1623194))
	        ->  Bitmap Index Scan on sbtest7_pkey  (cost=0.00..34.41 rows=997 width=0)
	              Index Cond: ((id >= 1622195) AND (id <= 1623194))

table 8 : explain SELECT SUM(k) FROM sbtest8 WHERE id BETWEEN 3696778 AND 3697777
	Aggregate  (cost=4117.93..4117.94 rows=1 width=8)
	  ->  Bitmap Heap Scan on sbtest8  (cost=35.34..4115.27 rows=1064 width=4)
	        Recheck Cond: ((id >= 3696778) AND (id <= 3697777))
	        ->  Bitmap Index Scan on sbtest8_pkey  (cost=0.00..35.08 rows=1064 width=0)
	              Index Cond: ((id >= 3696778) AND (id <= 3697777))

for: simple_ranges
table 1 : explain SELECT c FROM sbtest1 WHERE id BETWEEN 1015269 AND 1016268
	Bitmap Heap Scan on sbtest1  (cost=34.67..3870.16 rows=999 width=121)
	  Recheck Cond: ((id >= 1015269) AND (id <= 1016268))
	  ->  Bitmap Index Scan on sbtest1_pkey  (cost=0.00..34.43 rows=999 width=0)
	        Index Cond: ((id >= 1015269) AND (id <= 1016268))

table 2 : explain SELECT c FROM sbtest2 WHERE id BETWEEN 5592929 AND 5593928
	Bitmap Heap Scan on sbtest2  (cost=35.13..4036.40 rows=1043 width=121)
	  Recheck Cond: ((id >= 5592929) AND (id <= 5593928))
	  ->  Bitmap Index Scan on sbtest2_pkey  (cost=0.00..34.87 rows=1043 width=0)
	        Index Cond: ((id >= 5592929) AND (id <= 5593928))

table 3 : explain SELECT c FROM sbtest3 WHERE id BETWEEN 7108350 AND 7109349
	Bitmap Heap Scan on sbtest3  (cost=34.75..3897.50 rows=1006 width=121)
	  Recheck Cond: ((id >= 7108350) AND (id <= 7109349))
	  ->  Bitmap Index Scan on sbtest3_pkey  (cost=0.00..34.50 rows=1006 width=0)
	        Index Cond: ((id >= 7108350) AND (id <= 7109349))

table 4 : explain SELECT c FROM sbtest4 WHERE id BETWEEN 3486587 AND 3487586
	Bitmap Heap Scan on sbtest4  (cost=35.54..4194.87 rows=1083 width=121)
	  Recheck Cond: ((id >= 3486587) AND (id <= 3487586))
	  ->  Bitmap Index Scan on sbtest4_pkey  (cost=0.00..35.27 rows=1083 width=0)
	        Index Cond: ((id >= 3486587) AND (id <= 3487586))

table 5 : explain SELECT c FROM sbtest5 WHERE id BETWEEN 915707 AND 916706
	Bitmap Heap Scan on sbtest5  (cost=35.18..4062.94 rows=1048 width=121)
	  Recheck Cond: ((id >= 915707) AND (id <= 916706))
	  ->  Bitmap Index Scan on sbtest5_pkey  (cost=0.00..34.92 rows=1048 width=0)
	        Index Cond: ((id >= 915707) AND (id <= 916706))

table 6 : explain SELECT c FROM sbtest6 WHERE id BETWEEN 8539089 AND 8540088
	Index Scan using sbtest6_pkey on sbtest6  (cost=0.43..3350.87 rows=854 width=121)
	  Index Cond: ((id >= 8539089) AND (id <= 8540088))

table 7 : explain SELECT c FROM sbtest7 WHERE id BETWEEN 122557 AND 123556
	Bitmap Heap Scan on sbtest7  (cost=34.07..3647.36 rows=940 width=121)
	  Recheck Cond: ((id >= 122557) AND (id <= 123556))
	  ->  Bitmap Index Scan on sbtest7_pkey  (cost=0.00..33.84 rows=940 width=0)
	        Index Cond: ((id >= 122557) AND (id <= 123556))

table 8 : explain SELECT c FROM sbtest8 WHERE id BETWEEN 9392904 AND 9393903
	Bitmap Heap Scan on sbtest8  (cost=35.07..4017.47 rows=1038 width=121)
	  Recheck Cond: ((id >= 9392904) AND (id <= 9393903))
	  ->  Bitmap Index Scan on sbtest8_pkey  (cost=0.00..34.82 rows=1038 width=0)
	        Index Cond: ((id >= 9392904) AND (id <= 9393903))

for: order_ranges
table 1 : explain SELECT c FROM sbtest1 WHERE id BETWEEN 5509799 AND 5510798 ORDER BY c
	Sort  (cost=4488.74..4491.61 rows=1148 width=121)
	  Sort Key: c
	  ->  Bitmap Heap Scan on sbtest1  (cost=40.20..4430.40 rows=1148 width=121)
	        Recheck Cond: ((id >= 5509799) AND (id <= 5510798))
	        ->  Bitmap Index Scan on sbtest1_pkey  (cost=0.00..39.92 rows=1148 width=0)
	              Index Cond: ((id >= 5509799) AND (id <= 5510798))

table 2 : explain SELECT c FROM sbtest2 WHERE id BETWEEN 3851344 AND 3852343 ORDER BY c
	Sort  (cost=3617.74..3620.04 rows=921 width=121)
	  Sort Key: c
	  ->  Bitmap Heap Scan on sbtest2  (cost=29.88..3572.39 rows=921 width=121)
	        Recheck Cond: ((id >= 3851344) AND (id <= 3852343))
	        ->  Bitmap Index Scan on sbtest2_pkey  (cost=0.00..29.64 rows=921 width=0)
	              Index Cond: ((id >= 3851344) AND (id <= 3852343))

table 3 : explain SELECT c FROM sbtest3 WHERE id BETWEEN 2657023 AND 2658022 ORDER BY c
	Sort  (cost=4081.48..4084.08 rows=1041 width=121)
	  Sort Key: c
	  ->  Bitmap Heap Scan on sbtest3  (cost=35.11..4029.31 rows=1041 width=121)
	        Recheck Cond: ((id >= 2657023) AND (id <= 2658022))
	        ->  Bitmap Index Scan on sbtest3_pkey  (cost=0.00..34.84 rows=1041 width=0)
	              Index Cond: ((id >= 2657023) AND (id <= 2658022))

table 4 : explain SELECT c FROM sbtest4 WHERE id BETWEEN 9447236 AND 9448235 ORDER BY c
	Sort  (cost=4149.93..4152.57 rows=1057 width=121)
	  Sort Key: c
	  ->  Bitmap Heap Scan on sbtest4  (cost=35.27..4096.83 rows=1057 width=121)
	        Recheck Cond: ((id >= 9447236) AND (id <= 9448235))
	        ->  Bitmap Index Scan on sbtest4_pkey  (cost=0.00..35.01 rows=1057 width=0)
	              Index Cond: ((id >= 9447236) AND (id <= 9448235))

table 5 : explain SELECT c FROM sbtest5 WHERE id BETWEEN 5896738 AND 5897737 ORDER BY c
	Sort  (cost=3958.36..3960.88 rows=1007 width=121)
	  Sort Key: c
	  ->  Bitmap Heap Scan on sbtest5  (cost=34.76..3908.14 rows=1007 width=121)
	        Recheck Cond: ((id >= 5896738) AND (id <= 5897737))
	        ->  Bitmap Index Scan on sbtest5_pkey  (cost=0.00..34.51 rows=1007 width=0)
	              Index Cond: ((id >= 5896738) AND (id <= 5897737))

table 6 : explain SELECT c FROM sbtest6 WHERE id BETWEEN 7717673 AND 7718672 ORDER BY c
	Sort  (cost=3944.49..3947.00 rows=1005 width=121)
	  Sort Key: c
	  ->  Bitmap Heap Scan on sbtest6  (cost=34.74..3894.38 rows=1005 width=121)
	        Recheck Cond: ((id >= 7717673) AND (id <= 7718672))
	        ->  Bitmap Index Scan on sbtest6_pkey  (cost=0.00..34.48 rows=1005 width=0)
	              Index Cond: ((id >= 7717673) AND (id <= 7718672))

table 7 : explain SELECT c FROM sbtest7 WHERE id BETWEEN 2587885 AND 2588884 ORDER BY c
	Sort  (cost=4103.03..4105.65 rows=1047 width=121)
	  Sort Key: c
	  ->  Bitmap Heap Scan on sbtest7  (cost=35.17..4050.51 rows=1047 width=121)
	        Recheck Cond: ((id >= 2587885) AND (id <= 2588884))
	        ->  Bitmap Index Scan on sbtest7_pkey  (cost=0.00..34.91 rows=1047 width=0)
	              Index Cond: ((id >= 2587885) AND (id <= 2588884))

table 8 : explain SELECT c FROM sbtest8 WHERE id BETWEEN 7071876 AND 7072875 ORDER BY c
	Sort  (cost=3759.62..3762.01 rows=957 width=121)
	  Sort Key: c
	  ->  Bitmap Heap Scan on sbtest8  (cost=34.24..3712.23 rows=957 width=121)
	        Recheck Cond: ((id >= 7071876) AND (id <= 7072875))
	        ->  Bitmap Index Scan on sbtest8_pkey  (cost=0.00..34.01 rows=957 width=0)
	              Index Cond: ((id >= 7071876) AND (id <= 7072875))

for: sum_ranges
table 1 : explain SELECT SUM(k) FROM sbtest1 WHERE id BETWEEN 6832543 AND 6833542
	Aggregate  (cost=3801.01..3801.02 rows=1 width=8)
	  ->  Bitmap Heap Scan on sbtest1  (cost=34.48..3798.56 rows=980 width=4)
	        Recheck Cond: ((id >= 6832543) AND (id <= 6833542))
	        ->  Bitmap Index Scan on sbtest1_pkey  (cost=0.00..34.23 rows=980 width=0)
	              Index Cond: ((id >= 6832543) AND (id <= 6833542))

table 2 : explain SELECT SUM(k) FROM sbtest2 WHERE id BETWEEN 1587436 AND 1588435
	Aggregate  (cost=3805.32..3805.33 rows=1 width=8)
	  ->  Bitmap Heap Scan on sbtest2  (cost=34.49..3802.87 rows=981 width=4)
	        Recheck Cond: ((id >= 1587436) AND (id <= 1588435))
	        ->  Bitmap Index Scan on sbtest2_pkey  (cost=0.00..34.25 rows=981 width=0)
	              Index Cond: ((id >= 1587436) AND (id <= 1588435))

table 3 : explain SELECT SUM(k) FROM sbtest3 WHERE id BETWEEN 4179210 AND 4180209
	Aggregate  (cost=3794.39..3794.40 rows=1 width=8)
	  ->  Bitmap Heap Scan on sbtest3  (cost=34.46..3791.95 rows=978 width=4)
	        Recheck Cond: ((id >= 4179210) AND (id <= 4180209))
	        ->  Bitmap Index Scan on sbtest3_pkey  (cost=0.00..34.22 rows=978 width=0)
	              Index Cond: ((id >= 4179210) AND (id <= 4180209))

table 4 : explain SELECT SUM(k) FROM sbtest4 WHERE id BETWEEN 6490105 AND 6491104
	Aggregate  (cost=4122.12..4122.13 rows=1 width=8)
	  ->  Bitmap Heap Scan on sbtest4  (cost=35.33..4119.46 rows=1063 width=4)
	        Recheck Cond: ((id >= 6490105) AND (id <= 6491104))
	        ->  Bitmap Index Scan on sbtest4_pkey  (cost=0.00..35.07 rows=1063 width=0)
	              Index Cond: ((id >= 6490105) AND (id <= 6491104))

table 5 : explain SELECT SUM(k) FROM sbtest5 WHERE id BETWEEN 311740 AND 312739
	Aggregate  (cost=3937.11..3937.12 rows=1 width=8)
	  ->  Bitmap Heap Scan on sbtest5  (cost=34.83..3934.58 rows=1014 width=4)
	        Recheck Cond: ((id >= 311740) AND (id <= 312739))
	        ->  Bitmap Index Scan on sbtest5_pkey  (cost=0.00..34.58 rows=1014 width=0)
	              Index Cond: ((id >= 311740) AND (id <= 312739))

table 6 : explain SELECT SUM(k) FROM sbtest6 WHERE id BETWEEN 638538 AND 639537
	Aggregate  (cost=3802.56..3802.57 rows=1 width=8)
	  ->  Bitmap Heap Scan on sbtest6  (cost=34.48..3800.11 rows=980 width=4)
	        Recheck Cond: ((id >= 638538) AND (id <= 639537))
	        ->  Bitmap Index Scan on sbtest6_pkey  (cost=0.00..34.23 rows=980 width=0)
	              Index Cond: ((id >= 638538) AND (id <= 639537))

table 7 : explain SELECT SUM(k) FROM sbtest7 WHERE id BETWEEN 366915 AND 367914
	Aggregate  (cost=3645.93..3645.94 rows=1 width=8)
	  ->  Bitmap Heap Scan on sbtest7  (cost=34.06..3643.59 rows=939 width=4)
	        Recheck Cond: ((id >= 366915) AND (id <= 367914))
	        ->  Bitmap Index Scan on sbtest7_pkey  (cost=0.00..33.83 rows=939 width=0)
	              Index Cond: ((id >= 366915) AND (id <= 367914))

table 8 : explain SELECT SUM(k) FROM sbtest8 WHERE id BETWEEN 3960402 AND 3961401
	Aggregate  (cost=4057.72..4057.73 rows=1 width=8)
	  ->  Bitmap Heap Scan on sbtest8  (cost=35.18..4055.10 rows=1048 width=4)
	        Recheck Cond: ((id >= 3960402) AND (id <= 3961401))
	        ->  Bitmap Index Scan on sbtest8_pkey  (cost=0.00..34.92 rows=1048 width=0)
	              Index Cond: ((id >= 3960402) AND (id <= 3961401))

for: distinct_ranges
table 1 : explain SELECT DISTINCT c FROM sbtest1 WHERE id BETWEEN 8392479 AND 8393478 ORDER BY c
	Unique  (cost=3778.34..3783.15 rows=962 width=121)
	  ->  Sort  (cost=3778.34..3780.75 rows=962 width=121)
	        Sort Key: c
	        ->  Bitmap Heap Scan on sbtest1  (cost=34.30..3730.68 rows=962 width=121)
	              Recheck Cond: ((id >= 8392479) AND (id <= 8393478))
	              ->  Bitmap Index Scan on sbtest1_pkey  (cost=0.00..34.06 rows=962 width=0)
	                    Index Cond: ((id >= 8392479) AND (id <= 8393478))

table 2 : explain SELECT DISTINCT c FROM sbtest2 WHERE id BETWEEN 7737376 AND 7738375 ORDER BY c
	Unique  (cost=3782.70..3787.51 rows=963 width=121)
	  ->  Sort  (cost=3782.70..3785.10 rows=963 width=121)
	        Sort Key: c
	        ->  Bitmap Heap Scan on sbtest2  (cost=34.31..3734.97 rows=963 width=121)
	              Recheck Cond: ((id >= 7737376) AND (id <= 7738375))
	              ->  Bitmap Index Scan on sbtest2_pkey  (cost=0.00..34.07 rows=963 width=0)
	                    Index Cond: ((id >= 7737376) AND (id <= 7738375))

table 3 : explain SELECT DISTINCT c FROM sbtest3 WHERE id BETWEEN 2914224 AND 2915223 ORDER BY c
	Unique  (cost=3771.59..3776.39 rows=960 width=121)
	  ->  Sort  (cost=3771.59..3773.99 rows=960 width=121)
	        Sort Key: c
	        ->  Bitmap Heap Scan on sbtest3  (cost=34.28..3724.04 rows=960 width=121)
	              Recheck Cond: ((id >= 2914224) AND (id <= 2915223))
	              ->  Bitmap Index Scan on sbtest3_pkey  (cost=0.00..34.04 rows=960 width=0)
	                    Index Cond: ((id >= 2914224) AND (id <= 2915223))

table 4 : explain SELECT DISTINCT c FROM sbtest4 WHERE id BETWEEN 3062240 AND 3063239 ORDER BY c
	Unique  (cost=3923.79..3928.78 rows=998 width=121)
	  ->  Sort  (cost=3923.79..3926.29 rows=998 width=121)
	        Sort Key: c
	        ->  Bitmap Heap Scan on sbtest4  (cost=34.66..3874.08 rows=998 width=121)
	              Recheck Cond: ((id >= 3062240) AND (id <= 3063239))
	              ->  Bitmap Index Scan on sbtest4_pkey  (cost=0.00..34.42 rows=998 width=0)
	                    Index Cond: ((id >= 3062240) AND (id <= 3063239))

table 5 : explain SELECT DISTINCT c FROM sbtest5 WHERE id BETWEEN 2528711 AND 2529710 ORDER BY c
	Unique  (cost=3943.02..3948.04 rows=1003 width=121)
	  ->  Sort  (cost=3943.02..3945.53 rows=1003 width=121)
	        Sort Key: c
	        ->  Bitmap Heap Scan on sbtest5  (cost=34.72..3893.02 rows=1003 width=121)
	              Recheck Cond: ((id >= 2528711) AND (id <= 2529710))
	              ->  Bitmap Index Scan on sbtest5_pkey  (cost=0.00..34.47 rows=1003 width=0)
	                    Index Cond: ((id >= 2528711) AND (id <= 2529710))

table 6 : explain SELECT DISTINCT c FROM sbtest6 WHERE id BETWEEN 2676382 AND 2677381 ORDER BY c
	Unique  (cost=3603.31..3607.90 rows=917 width=121)
	  ->  Sort  (cost=3603.31..3605.61 rows=917 width=121)
	        Sort Key: c
	        ->  Bitmap Heap Scan on sbtest6  (cost=29.83..3558.19 rows=917 width=121)
	              Recheck Cond: ((id >= 2676382) AND (id <= 2677381))
	              ->  Bitmap Index Scan on sbtest6_pkey  (cost=0.00..29.61 rows=917 width=0)
	                    Index Cond: ((id >= 2676382) AND (id <= 2677381))

table 7 : explain SELECT DISTINCT c FROM sbtest7 WHERE id BETWEEN 1850994 AND 1851993 ORDER BY c
	Unique  (cost=3724.43..3729.17 rows=948 width=121)
	  ->  Sort  (cost=3724.43..3726.80 rows=948 width=121)
	        Sort Key: c
	        ->  Bitmap Heap Scan on sbtest7  (cost=34.15..3677.56 rows=948 width=121)
	              Recheck Cond: ((id >= 1850994) AND (id <= 1851993))
	              ->  Bitmap Index Scan on sbtest7_pkey  (cost=0.00..33.92 rows=948 width=0)
	                    Index Cond: ((id >= 1850994) AND (id <= 1851993))

table 8 : explain SELECT DISTINCT c FROM sbtest8 WHERE id BETWEEN 3335983 AND 3336982 ORDER BY c
	Unique  (cost=4050.37..4055.54 rows=1033 width=121)
	  ->  Sort  (cost=4050.37..4052.95 rows=1033 width=121)
	        Sort Key: c
	        ->  Bitmap Heap Scan on sbtest8  (cost=35.02..3998.66 rows=1033 width=121)
	              Recheck Cond: ((id >= 3335983) AND (id <= 3336982))
	              ->  Bitmap Index Scan on sbtest8_pkey  (cost=0.00..34.77 rows=1033 width=0)
	                    Index Cond: ((id >= 3335983) AND (id <= 3336982))

for: order_ranges
table 1 : explain SELECT c FROM sbtest1 WHERE id BETWEEN 5809553 AND 5810552 ORDER BY c
	Sort  (cost=3598.07..3600.36 rows=916 width=121)
	  Sort Key: c
	  ->  Bitmap Heap Scan on sbtest1  (cost=29.82..3553.01 rows=916 width=121)
	        Recheck Cond: ((id >= 5809553) AND (id <= 5810552))
	        ->  Bitmap Index Scan on sbtest1_pkey  (cost=0.00..29.59 rows=916 width=0)
	              Index Cond: ((id >= 5809553) AND (id <= 5810552))

table 2 : explain SELECT c FROM sbtest2 WHERE id BETWEEN 4871525 AND 4872524 ORDER BY c
	Sort  (cost=3798.02..3800.43 rows=967 width=121)
	  Sort Key: c
	  ->  Bitmap Heap Scan on sbtest2  (cost=34.35..3750.06 rows=967 width=121)
	        Recheck Cond: ((id >= 4871525) AND (id <= 4872524))
	        ->  Bitmap Index Scan on sbtest2_pkey  (cost=0.00..34.11 rows=967 width=0)
	              Index Cond: ((id >= 4871525) AND (id <= 4872524))

table 3 : explain SELECT c FROM sbtest3 WHERE id BETWEEN 4799330 AND 4800329 ORDER BY c
	Sort  (cost=3901.76..3904.25 rows=994 width=121)
	  Sort Key: c
	  ->  Bitmap Heap Scan on sbtest3  (cost=34.62..3852.28 rows=994 width=121)
	        Recheck Cond: ((id >= 4799330) AND (id <= 4800329))
	        ->  Bitmap Index Scan on sbtest3_pkey  (cost=0.00..34.38 rows=994 width=0)
	              Index Cond: ((id >= 4799330) AND (id <= 4800329))

table 4 : explain SELECT c FROM sbtest4 WHERE id BETWEEN 192460 AND 193459 ORDER BY c
	Sort  (cost=3862.40..3864.85 rows=982 width=121)
	  Sort Key: c
	  ->  Bitmap Heap Scan on sbtest4  (cost=34.50..3813.59 rows=982 width=121)
	        Recheck Cond: ((id >= 192460) AND (id <= 193459))
	        ->  Bitmap Index Scan on sbtest4_pkey  (cost=0.00..34.26 rows=982 width=0)
	              Index Cond: ((id >= 192460) AND (id <= 193459))

table 5 : explain SELECT c FROM sbtest5 WHERE id BETWEEN 7543684 AND 7544683 ORDER BY c
	Sort  (cost=3896.99..3899.46 rows=991 width=121)
	  Sort Key: c
	  ->  Bitmap Heap Scan on sbtest5  (cost=34.59..3847.67 rows=991 width=121)
	        Recheck Cond: ((id >= 7543684) AND (id <= 7544683))
	        ->  Bitmap Index Scan on sbtest5_pkey  (cost=0.00..34.34 rows=991 width=0)
	              Index Cond: ((id >= 7543684) AND (id <= 7544683))

table 6 : explain SELECT c FROM sbtest6 WHERE id BETWEEN 1569830 AND 1570829 ORDER BY c
	Sort  (cost=4467.85..4470.70 rows=1142 width=121)
	  Sort Key: c
	  ->  Bitmap Heap Scan on sbtest6  (cost=40.14..4409.85 rows=1142 width=121)
	        Recheck Cond: ((id >= 1569830) AND (id <= 1570829))
	        ->  Bitmap Index Scan on sbtest6_pkey  (cost=0.00..39.86 rows=1142 width=0)
	              Index Cond: ((id >= 1569830) AND (id <= 1570829))

table 7 : explain SELECT c FROM sbtest7 WHERE id BETWEEN 6475676 AND 6476675 ORDER BY c
	Sort  (cost=3724.43..3726.80 rows=948 width=121)
	  Sort Key: c
	  ->  Bitmap Heap Scan on sbtest7  (cost=34.15..3677.56 rows=948 width=121)
	        Recheck Cond: ((id >= 6475676) AND (id <= 6476675))
	        ->  Bitmap Index Scan on sbtest7_pkey  (cost=0.00..33.92 rows=948 width=0)
	              Index Cond: ((id >= 6475676) AND (id <= 6476675))

table 8 : explain SELECT c FROM sbtest8 WHERE id BETWEEN 2358488 AND 2359487 ORDER BY c
	Sort  (cost=3912.73..3915.23 rows=997 width=121)
	  Sort Key: c
	  ->  Bitmap Heap Scan on sbtest8  (cost=34.65..3863.08 rows=997 width=121)
	        Recheck Cond: ((id >= 2358488) AND (id <= 2359487))
	        ->  Bitmap Index Scan on sbtest8_pkey  (cost=0.00..34.41 rows=997 width=0)
	              Index Cond: ((id >= 2358488) AND (id <= 2359487))

for: distinct_ranges
table 1 : explain SELECT DISTINCT c FROM sbtest1 WHERE id BETWEEN 3591400 AND 3592399 ORDER BY c
	Unique  (cost=3701.57..3706.28 rows=943 width=121)
	  ->  Sort  (cost=3701.57..3703.93 rows=943 width=121)
	        Sort Key: c
	        ->  Bitmap Heap Scan on sbtest1  (cost=30.10..3654.98 rows=943 width=121)
	              Recheck Cond: ((id >= 3591400) AND (id <= 3592399))
	              ->  Bitmap Index Scan on sbtest1_pkey  (cost=0.00..29.86 rows=943 width=0)
	                    Index Cond: ((id >= 3591400) AND (id <= 3592399))

table 2 : explain SELECT DISTINCT c FROM sbtest2 WHERE id BETWEEN 2462884 AND 2463883 ORDER BY c
	Unique  (cost=4054.30..4059.47 rows=1034 width=121)
	  ->  Sort  (cost=4054.30..4056.89 rows=1034 width=121)
	        Sort Key: c
	        ->  Bitmap Heap Scan on sbtest2  (cost=35.03..4002.53 rows=1034 width=121)
	              Recheck Cond: ((id >= 2462884) AND (id <= 2463883))
	              ->  Bitmap Index Scan on sbtest2_pkey  (cost=0.00..34.78 rows=1034 width=0)
	                    Index Cond: ((id >= 2462884) AND (id <= 2463883))

table 3 : explain SELECT DISTINCT c FROM sbtest3 WHERE id BETWEEN 5374706 AND 5375705 ORDER BY c
	Unique  (cost=3710.28..3715.00 rows=944 width=121)
	  ->  Sort  (cost=3710.28..3712.64 rows=944 width=121)
	        Sort Key: c
	        ->  Bitmap Heap Scan on sbtest3  (cost=34.11..3663.64 rows=944 width=121)
	              Recheck Cond: ((id >= 5374706) AND (id <= 5375705))
	              ->  Bitmap Index Scan on sbtest3_pkey  (cost=0.00..33.88 rows=944 width=0)
	                    Index Cond: ((id >= 5374706) AND (id <= 5375705))

table 4 : explain SELECT DISTINCT c FROM sbtest4 WHERE id BETWEEN 7034806 AND 7035805 ORDER BY c
	Unique  (cost=4084.81..4090.01 rows=1040 width=121)
	  ->  Sort  (cost=4084.81..4087.41 rows=1040 width=121)
	        Sort Key: c
	        ->  Bitmap Heap Scan on sbtest4  (cost=35.09..4032.69 rows=1040 width=121)
	              Recheck Cond: ((id >= 7034806) AND (id <= 7035805))
	              ->  Bitmap Index Scan on sbtest4_pkey  (cost=0.00..34.84 rows=1040 width=0)
	                    Index Cond: ((id >= 7034806) AND (id <= 7035805))

table 5 : explain SELECT DISTINCT c FROM sbtest5 WHERE id BETWEEN 7750708 AND 7751707 ORDER BY c
	Unique  (cost=4375.91..4381.48 rows=1115 width=121)
	  ->  Sort  (cost=4375.91..4378.69 rows=1115 width=121)
	        Sort Key: c
	        ->  Bitmap Heap Scan on sbtest5  (cost=39.86..4319.47 rows=1115 width=121)
	              Recheck Cond: ((id >= 7750708) AND (id <= 7751707))
	              ->  Bitmap Index Scan on sbtest5_pkey  (cost=0.00..39.59 rows=1115 width=0)
	                    Index Cond: ((id >= 7750708) AND (id <= 7751707))

table 6 : explain SELECT DISTINCT c FROM sbtest6 WHERE id BETWEEN 5129179 AND 5130178 ORDER BY c
	Unique  (cost=3799.01..3803.84 rows=967 width=121)
	  ->  Sort  (cost=3799.01..3801.43 rows=967 width=121)
	        Sort Key: c
	        ->  Bitmap Heap Scan on sbtest6  (cost=34.35..3751.06 rows=967 width=121)
	              Recheck Cond: ((id >= 5129179) AND (id <= 5130178))
	              ->  Bitmap Index Scan on sbtest6_pkey  (cost=0.00..34.11 rows=967 width=0)
	                    Index Cond: ((id >= 5129179) AND (id <= 5130178))

table 7 : explain SELECT DISTINCT c FROM sbtest7 WHERE id BETWEEN 2598033 AND 2599032 ORDER BY c
	Unique  (cost=4007.54..4012.65 rows=1022 width=121)
	  ->  Sort  (cost=4007.54..4010.09 rows=1022 width=121)
	        Sort Key: c
	        ->  Bitmap Heap Scan on sbtest7  (cost=34.91..3956.45 rows=1022 width=121)
	              Recheck Cond: ((id >= 2598033) AND (id <= 2599032))
	              ->  Bitmap Index Scan on sbtest7_pkey  (cost=0.00..34.66 rows=1022 width=0)
	                    Index Cond: ((id >= 2598033) AND (id <= 2599032))

table 8 : explain SELECT DISTINCT c FROM sbtest8 WHERE id BETWEEN 3327928 AND 3328927 ORDER BY c
	Unique  (cost=4050.37..4055.54 rows=1033 width=121)
	  ->  Sort  (cost=4050.37..4052.95 rows=1033 width=121)
	        Sort Key: c
	        ->  Bitmap Heap Scan on sbtest8  (cost=35.02..3998.66 rows=1033 width=121)
	              Recheck Cond: ((id >= 3327928) AND (id <= 3328927))
	              ->  Bitmap Index Scan on sbtest8_pkey  (cost=0.00..34.77 rows=1033 width=0)
	                    Index Cond: ((id >= 3327928) AND (id <= 3328927))

Threads started!

Warming up for 5 seconds...

SQL statistics:
    queries performed:
        read:                            93466477
        write:                           0
        other:                           16993936
        total:                           110460413
    transactions:                        8496988 (13487.04 per sec.)
    queries:                             110460413 (175330.89 per sec.)
    ignored errors:                      0      (0.00 per sec.)
    reconnects:                          0      (0.00 per sec.)

Throughput:
    events/s (eps):                      13487.0445
    time elapsed:                        630.0113s
    total number of events:              8496988

Latency (ms):
         min:                                    0.51
         avg:                                    2.96
         max:                                   32.42
         95th percentile:                        3.07
         sum:                             25190627.77

Threads fairness:
    events (avg/stddev):           212424.6000/619.68
    execution time (avg/stddev):   629.7657/0.01

