LUA_PATH=/home/mdcallag/git/mytools/bench/sysbench.lua/lua/?.lua /home/mdcallag/git/mytools/bench/sysbench.lua/lua/sysbench --db-driver=pgsql --range-size=1000 --table-size=10000000 --tables=8 --threads=40 --events=0 --warmup-time=5 --time=630 --pgsql_conn_id=true /home/mdcallag/git/mytools/bench/sysbench.lua/lua/oltp_read_only.lua run --pgsql-user=root --pgsql-password=pw --pgsql-host=127.0.0.1 --pgsql-db=ib --rand-type=uniform --simple-ranges=0 --sum-ranges=1 --order-ranges=0 --distinct-ranges=0
48 CPUs
sysbench 1.1.0-9072687 (using bundled LuaJIT 2.1.0-beta3)

Running the test with following options:
Number of threads: 40
Warmup time: 5s
Initializing random number generator from current time


Initializing worker threads...

explain: for point_selects :: explain SELECT c FROM sbtest%u WHERE id=%u
explain: for point_selects :: explain SELECT c FROM sbtest%u WHERE id=%u
explain: for point_selects :: explain SELECT c FROM sbtest%u WHERE id=%u
explain: for point_selects :: explain SELECT c FROM sbtest%u WHERE id=%u
explain: for point_selects :: explain SELECT c FROM sbtest%u WHERE id=%u
for point_selects
table 1 : explain SELECT c FROM sbtest1 WHERE id=8192621
	Index Scan using sbtest1_pkey on sbtest1  (cost=0.43..8.45 rows=1 width=121)
	  Index Cond: (id = 8192621)

table 2 : explain SELECT c FROM sbtest2 WHERE id=9683288
	Index Scan using sbtest2_pkey on sbtest2  (cost=0.43..8.45 rows=1 width=121)
	  Index Cond: (id = 9683288)

table 3 : explain SELECT c FROM sbtest3 WHERE id=2617876
	Index Scan using sbtest3_pkey on sbtest3  (cost=0.43..8.45 rows=1 width=121)
	  Index Cond: (id = 2617876)

table 4 : explain SELECT c FROM sbtest4 WHERE id=4620238
	Index Scan using sbtest4_pkey on sbtest4  (cost=0.43..8.45 rows=1 width=121)
	  Index Cond: (id = 4620238)

table 5 : explain SELECT c FROM sbtest5 WHERE id=8244232
	Index Scan using sbtest5_pkey on sbtest5  (cost=0.43..8.45 rows=1 width=121)
	  Index Cond: (id = 8244232)

table 6 : explain SELECT c FROM sbtest6 WHERE id=1366515
	Index Scan using sbtest6_pkey on sbtest6  (cost=0.43..8.45 rows=1 width=121)
	  Index Cond: (id = 1366515)

table 7 : explain SELECT c FROM sbtest7 WHERE id=2183268
	Index Scan using sbtest7_pkey on sbtest7  (cost=0.43..8.45 rows=1 width=121)
	  Index Cond: (id = 2183268)

table 8 : explain SELECT c FROM sbtest8 WHERE id=4853178
	Index Scan using sbtest8_pkey on sbtest8  (cost=0.43..8.45 rows=1 width=121)
	  Index Cond: (id = 4853178)

explain: for point_selects :: explain SELECT c FROM sbtest%u WHERE id=%u
for point_selects
table 1 : explain SELECT c FROM sbtest1 WHERE id=1022722
	Index Scan using sbtest1_pkey on sbtest1  (cost=0.43..8.45 rows=1 width=121)
	  Index Cond: (id = 1022722)

table 2 : explain SELECT c FROM sbtest2 WHERE id=3610303
	Index Scan using sbtest2_pkey on sbtest2  (cost=0.43..8.45 rows=1 width=121)
	  Index Cond: (id = 3610303)

table 3 : explain SELECT c FROM sbtest3 WHERE id=3225371
	Index Scan using sbtest3_pkey on sbtest3  (cost=0.43..8.45 rows=1 width=121)
	  Index Cond: (id = 3225371)

table 4 : explain SELECT c FROM sbtest4 WHERE id=9196125
	Index Scan using sbtest4_pkey on sbtest4  (cost=0.43..8.45 rows=1 width=121)
	  Index Cond: (id = 9196125)

table 5 : explain SELECT c FROM sbtest5 WHERE id=9730525
	Index Scan using sbtest5_pkey on sbtest5  (cost=0.43..8.45 rows=1 width=121)
	  Index Cond: (id = 9730525)

table 6 : explain SELECT c FROM sbtest6 WHERE id=1910384
	Index Scan using sbtest6_pkey on sbtest6  (cost=0.43..8.45 rows=1 width=121)
	  Index Cond: (id = 1910384)

table 7 : explain SELECT c FROM sbtest7 WHERE id=2014046
	Index Scan using sbtest7_pkey on sbtest7  (cost=0.43..8.45 rows=1 width=121)
	  Index Cond: (id = 2014046)

table 8 : explain SELECT c FROM sbtest8 WHERE id=619626
	Index Scan using sbtest8_pkey on sbtest8  (cost=0.43..8.45 rows=1 width=121)
	  Index Cond: (id = 619626)

explain: for point_selects :: explain SELECT c FROM sbtest%u WHERE id=%u
for point_selects
table 1 : explain SELECT c FROM sbtest1 WHERE id=9212802
	Index Scan using sbtest1_pkey on sbtest1  (cost=0.43..8.45 rows=1 width=121)
	  Index Cond: (id = 9212802)

table 2 : explain SELECT c FROM sbtest2 WHERE id=7306909
	Index Scan using sbtest2_pkey on sbtest2  (cost=0.43..8.45 rows=1 width=121)
	  Index Cond: (id = 7306909)

table 3 : explain SELECT c FROM sbtest3 WHERE id=9145860
	Index Scan using sbtest3_pkey on sbtest3  (cost=0.43..8.45 rows=1 width=121)
	  Index Cond: (id = 9145860)

table 4 : explain SELECT c FROM sbtest4 WHERE id=7436588
	Index Scan using sbtest4_pkey on sbtest4  (cost=0.43..8.45 rows=1 width=121)
	  Index Cond: (id = 7436588)

table 5 : explain SELECT c FROM sbtest5 WHERE id=5548933
	Index Scan using sbtest5_pkey on sbtest5  (cost=0.43..8.45 rows=1 width=121)
	  Index Cond: (id = 5548933)

table 6 : explain SELECT c FROM sbtest6 WHERE id=8532500
	Index Scan using sbtest6_pkey on sbtest6  (cost=0.43..8.45 rows=1 width=121)
	  Index Cond: (id = 8532500)

table 7 : explain SELECT c FROM sbtest7 WHERE id=645839
	Index Scan using sbtest7_pkey on sbtest7  (cost=0.43..8.45 rows=1 width=121)
	  Index Cond: (id = 645839)

table 8 : explain SELECT c FROM sbtest8 WHERE id=6968733
	Index Scan using sbtest8_pkey on sbtest8  (cost=0.43..8.45 rows=1 width=121)
	  Index Cond: (id = 6968733)

explain: for point_selects :: explain SELECT c FROM sbtest%u WHERE id=%u
for point_selects
table 1 : explain SELECT c FROM sbtest1 WHERE id=8617622
	Index Scan using sbtest1_pkey on sbtest1  (cost=0.43..8.45 rows=1 width=121)
	  Index Cond: (id = 8617622)

table 2 : explain SELECT c FROM sbtest2 WHERE id=2364543
	Index Scan using sbtest2_pkey on sbtest2  (cost=0.43..8.45 rows=1 width=121)
	  Index Cond: (id = 2364543)

table 3 : explain SELECT c FROM sbtest3 WHERE id=914314
	Index Scan using sbtest3_pkey on sbtest3  (cost=0.43..8.45 rows=1 width=121)
	  Index Cond: (id = 914314)

table 4 : explain SELECT c FROM sbtest4 WHERE id=7058869
	Index Scan using sbtest4_pkey on sbtest4  (cost=0.43..8.45 rows=1 width=121)
	  Index Cond: (id = 7058869)

table 5 : explain SELECT c FROM sbtest5 WHERE id=7758355
	Index Scan using sbtest5_pkey on sbtest5  (cost=0.43..8.45 rows=1 width=121)
	  Index Cond: (id = 7758355)

table 6 : explain SELECT c FROM sbtest6 WHERE id=5292907
	Index Scan using sbtest6_pkey on sbtest6  (cost=0.43..8.45 rows=1 width=121)
	  Index Cond: (id = 5292907)

table 7 : explain SELECT c FROM sbtest7 WHERE id=8545647
	Index Scan using sbtest7_pkey on sbtest7  (cost=0.43..8.45 rows=1 width=121)
	  Index Cond: (id = 8545647)

table 8 : explain SELECT c FROM sbtest8 WHERE id=8167267
	Index Scan using sbtest8_pkey on sbtest8  (cost=0.43..8.45 rows=1 width=121)
	  Index Cond: (id = 8167267)

for: simple_ranges
table 1 : explain SELECT c FROM sbtest1 WHERE id BETWEEN 4019589 AND 4020588
	Bitmap Heap Scan on sbtest1  (cost=34.49..3802.33 rows=981 width=121)
	  Recheck Cond: ((id >= 4019589) AND (id <= 4020588))
	  ->  Bitmap Index Scan on sbtest1_pkey  (cost=0.00..34.25 rows=981 width=0)
	        Index Cond: ((id >= 4019589) AND (id <= 4020588))

table 2 : explain SELECT c FROM sbtest2 WHERE id BETWEEN 9087066 AND 9088065
	Bitmap Heap Scan on sbtest2  (cost=34.24..3712.33 rows=957 width=121)
	  Recheck Cond: ((id >= 9087066) AND (id <= 9088065))
	  ->  Bitmap Index Scan on sbtest2_pkey  (cost=0.00..34.01 rows=957 width=0)
	        Index Cond: ((id >= 9087066) AND (id <= 9088065))

table 3 : explain SELECT c FROM sbtest3 WHERE id BETWEEN 6352425 AND 6353424
	Bitmap Heap Scan on sbtest3  (cost=34.13..3671.19 rows=946 width=121)
	  Recheck Cond: ((id >= 6352425) AND (id <= 6353424))
	  ->  Bitmap Index Scan on sbtest3_pkey  (cost=0.00..33.90 rows=946 width=0)
	        Index Cond: ((id >= 6352425) AND (id <= 6353424))

table 4 : explain SELECT c FROM sbtest4 WHERE id BETWEEN 4146124 AND 4147123
	Bitmap Heap Scan on sbtest4  (cost=34.01..3631.95 rows=934 width=121)
	  Recheck Cond: ((id >= 4146124) AND (id <= 4147123))
	  ->  Bitmap Index Scan on sbtest4_pkey  (cost=0.00..33.78 rows=934 width=0)
	        Index Cond: ((id >= 4146124) AND (id <= 4147123))

table 5 : explain SELECT c FROM sbtest5 WHERE id BETWEEN 8536483 AND 8537482
	Bitmap Heap Scan on sbtest5  (cost=29.80..3552.23 rows=914 width=121)
	  Recheck Cond: ((id >= 8536483) AND (id <= 8537482))
	  ->  Bitmap Index Scan on sbtest5_pkey  (cost=0.00..29.57 rows=914 width=0)
	        Index Cond: ((id >= 8536483) AND (id <= 8537482))

table 6 : explain SELECT c FROM sbtest6 WHERE id BETWEEN 5507028 AND 5508027
	Bitmap Heap Scan on sbtest6  (cost=34.84..3932.06 rows=1015 width=121)
	  Recheck Cond: ((id >= 5507028) AND (id <= 5508027))
	  ->  Bitmap Index Scan on sbtest6_pkey  (cost=0.00..34.59 rows=1015 width=0)
	        Index Cond: ((id >= 5507028) AND (id <= 5508027))

table 7 : explain SELECT c FROM sbtest7 WHERE id BETWEEN 935854 AND 936853
	Bitmap Heap Scan on sbtest7  (cost=35.35..4118.19 rows=1065 width=121)
	  Recheck Cond: ((id >= 935854) AND (id <= 936853))
	  ->  Bitmap Index Scan on sbtest7_pkey  (cost=0.00..35.09 rows=1065 width=0)
	        Index Cond: ((id >= 935854) AND (id <= 936853))

table 8 : explain SELECT c FROM sbtest8 WHERE id BETWEEN 4322694 AND 4323693
	Bitmap Heap Scan on sbtest8  (cost=34.41..3772.60 rows=973 width=121)
	  Recheck Cond: ((id >= 4322694) AND (id <= 4323693))
	  ->  Bitmap Index Scan on sbtest8_pkey  (cost=0.00..34.17 rows=973 width=0)
	        Index Cond: ((id >= 4322694) AND (id <= 4323693))

explain: for point_selects :: explain SELECT c FROM sbtest%u WHERE id=%u
for: simple_ranges
table 1 : explain SELECT c FROM sbtest1 WHERE id BETWEEN 2010170 AND 2011169
	Bitmap Heap Scan on sbtest1  (cost=29.63..3481.20 rows=897 width=121)
	  Recheck Cond: ((id >= 2010170) AND (id <= 2011169))
	  ->  Bitmap Index Scan on sbtest1_pkey  (cost=0.00..29.40 rows=897 width=0)
	        Index Cond: ((id >= 2010170) AND (id <= 2011169))

table 2 : explain SELECT c FROM sbtest2 WHERE id BETWEEN 5555530 AND 5556529
	Bitmap Heap Scan on sbtest2  (cost=34.92..3961.12 rows=1023 width=121)
	  Recheck Cond: ((id >= 5555530) AND (id <= 5556529))
	  ->  Bitmap Index Scan on sbtest2_pkey  (cost=0.00..34.67 rows=1023 width=0)
	        Index Cond: ((id >= 5555530) AND (id <= 5556529))

table 3 : explain SELECT c FROM sbtest3 WHERE id BETWEEN 1499464 AND 1500463
	Bitmap Heap Scan on sbtest3  (cost=34.80..3916.34 rows=1011 width=121)
	  Recheck Cond: ((id >= 1499464) AND (id <= 1500463))
	  ->  Bitmap Index Scan on sbtest3_pkey  (cost=0.00..34.55 rows=1011 width=0)
	        Index Cond: ((id >= 1499464) AND (id <= 1500463))

table 4 : explain SELECT c FROM sbtest4 WHERE id BETWEEN 1993260 AND 1994259
	Bitmap Heap Scan on sbtest4  (cost=29.85..3571.13 rows=919 width=121)
	  Recheck Cond: ((id >= 1993260) AND (id <= 1994259))
	  ->  Bitmap Index Scan on sbtest4_pkey  (cost=0.00..29.62 rows=919 width=0)
	        Index Cond: ((id >= 1993260) AND (id <= 1994259))

table 5 : explain SELECT c FROM sbtest5 WHERE id BETWEEN 5172038 AND 5173037
	Bitmap Heap Scan on sbtest5  (cost=29.64..3491.57 rows=898 width=121)
	  Recheck Cond: ((id >= 5172038) AND (id <= 5173037))
	  ->  Bitmap Index Scan on sbtest5_pkey  (cost=0.00..29.41 rows=898 width=0)
	        Index Cond: ((id >= 5172038) AND (id <= 5173037))

table 6 : explain SELECT c FROM sbtest6 WHERE id BETWEEN 6536488 AND 6537487
	Bitmap Heap Scan on sbtest6  (cost=40.18..4424.86 rows=1146 width=121)
	  Recheck Cond: ((id >= 6536488) AND (id <= 6537487))
	  ->  Bitmap Index Scan on sbtest6_pkey  (cost=0.00..39.90 rows=1146 width=0)
	        Index Cond: ((id >= 6536488) AND (id <= 6537487))

table 7 : explain SELECT c FROM sbtest7 WHERE id BETWEEN 5013148 AND 5014147
	Bitmap Heap Scan on sbtest7  (cost=34.89..3948.92 rows=1020 width=121)
	  Recheck Cond: ((id >= 5013148) AND (id <= 5014147))
	  ->  Bitmap Index Scan on sbtest7_pkey  (cost=0.00..34.64 rows=1020 width=0)
	        Index Cond: ((id >= 5013148) AND (id <= 5014147))

table 8 : explain SELECT c FROM sbtest8 WHERE id BETWEEN 2529655 AND 2530654
	Bitmap Heap Scan on sbtest8  (cost=35.16..4047.57 rows=1046 width=121)
	  Recheck Cond: ((id >= 2529655) AND (id <= 2530654))
	  ->  Bitmap Index Scan on sbtest8_pkey  (cost=0.00..34.90 rows=1046 width=0)
	        Index Cond: ((id >= 2529655) AND (id <= 2530654))

for: simple_ranges
table 1 : explain SELECT c FROM sbtest1 WHERE id BETWEEN 1991621 AND 1992620
	Bitmap Heap Scan on sbtest1  (cost=29.63..3481.20 rows=897 width=121)
	  Recheck Cond: ((id >= 1991621) AND (id <= 1992620))
	  ->  Bitmap Index Scan on sbtest1_pkey  (cost=0.00..29.40 rows=897 width=0)
	        Index Cond: ((id >= 1991621) AND (id <= 1992620))

table 2 : explain SELECT c FROM sbtest2 WHERE id BETWEEN 5099542 AND 5100541
	Bitmap Heap Scan on sbtest2  (cost=35.13..4036.40 rows=1043 width=121)
	  Recheck Cond: ((id >= 5099542) AND (id <= 5100541))
	  ->  Bitmap Index Scan on sbtest2_pkey  (cost=0.00..34.87 rows=1043 width=0)
	        Index Cond: ((id >= 5099542) AND (id <= 5100541))

table 3 : explain SELECT c FROM sbtest3 WHERE id BETWEEN 2277725 AND 2278724
	Bitmap Heap Scan on sbtest3  (cost=29.47..3421.48 rows=881 width=121)
	  Recheck Cond: ((id >= 2277725) AND (id <= 2278724))
	  ->  Bitmap Index Scan on sbtest3_pkey  (cost=0.00..29.25 rows=881 width=0)
	        Index Cond: ((id >= 2277725) AND (id <= 2278724))

table 4 : explain SELECT c FROM sbtest4 WHERE id BETWEEN 2128822 AND 2129821
	Bitmap Heap Scan on sbtest4  (cost=40.34..4488.75 rows=1161 width=121)
	  Recheck Cond: ((id >= 2128822) AND (id <= 2129821))
	  ->  Bitmap Index Scan on sbtest4_pkey  (cost=0.00..40.05 rows=1161 width=0)
	        Index Cond: ((id >= 2128822) AND (id <= 2129821))

table 5 : explain SELECT c FROM sbtest5 WHERE id BETWEEN 2723136 AND 2724135
	Bitmap Heap Scan on sbtest5  (cost=34.14..3681.22 rows=947 width=121)
	  Recheck Cond: ((id >= 2723136) AND (id <= 2724135))
	  ->  Bitmap Index Scan on sbtest5_pkey  (cost=0.00..33.91 rows=947 width=0)
	        Index Cond: ((id >= 2723136) AND (id <= 2724135))

table 6 : explain SELECT c FROM sbtest6 WHERE id BETWEEN 109683 AND 110682
	Bitmap Heap Scan on sbtest6  (cost=34.95..3973.50 rows=1026 width=121)
	  Recheck Cond: ((id >= 109683) AND (id <= 110682))
	  ->  Bitmap Index Scan on sbtest6_pkey  (cost=0.00..34.70 rows=1026 width=0)
	        Index Cond: ((id >= 109683) AND (id <= 110682))

table 7 : explain SELECT c FROM sbtest7 WHERE id BETWEEN 2207977 AND 2208976
	Bitmap Heap Scan on sbtest7  (cost=34.88..3945.16 rows=1019 width=121)
	  Recheck Cond: ((id >= 2207977) AND (id <= 2208976))
	  ->  Bitmap Index Scan on sbtest7_pkey  (cost=0.00..34.62 rows=1019 width=0)
	        Index Cond: ((id >= 2207977) AND (id <= 2208976))

table 8 : explain SELECT c FROM sbtest8 WHERE id BETWEEN 6104510 AND 6105509
	Bitmap Heap Scan on sbtest8  (cost=34.56..3829.15 rows=988 width=121)
	  Recheck Cond: ((id >= 6104510) AND (id <= 6105509))
	  ->  Bitmap Index Scan on sbtest8_pkey  (cost=0.00..34.32 rows=988 width=0)
	        Index Cond: ((id >= 6104510) AND (id <= 6105509))

for: simple_ranges
table 1 : explain SELECT c FROM sbtest1 WHERE id BETWEEN 583302 AND 584301
	Bitmap Heap Scan on sbtest1  (cost=29.26..3344.99 rows=861 width=121)
	  Recheck Cond: ((id >= 583302) AND (id <= 584301))
	  ->  Bitmap Index Scan on sbtest1_pkey  (cost=0.00..29.04 rows=861 width=0)
	        Index Cond: ((id >= 583302) AND (id <= 584301))

table 2 : explain SELECT c FROM sbtest2 WHERE id BETWEEN 288055 AND 289054
	Bitmap Heap Scan on sbtest2  (cost=35.03..4002.53 rows=1034 width=121)
	  Recheck Cond: ((id >= 288055) AND (id <= 289054))
	  ->  Bitmap Index Scan on sbtest2_pkey  (cost=0.00..34.78 rows=1034 width=0)
	        Index Cond: ((id >= 288055) AND (id <= 289054))

table 3 : explain SELECT c FROM sbtest3 WHERE id BETWEEN 7468038 AND 7469037
	Bitmap Heap Scan on sbtest3  (cost=35.39..4134.64 rows=1069 width=121)
	  Recheck Cond: ((id >= 7468038) AND (id <= 7469037))
	  ->  Bitmap Index Scan on sbtest3_pkey  (cost=0.00..35.12 rows=1069 width=0)
	        Index Cond: ((id >= 7468038) AND (id <= 7469037))

table 4 : explain SELECT c FROM sbtest4 WHERE id BETWEEN 7348673 AND 7349672
	Bitmap Heap Scan on sbtest4  (cost=34.54..3828.72 rows=986 width=121)
	  Recheck Cond: ((id >= 7348673) AND (id <= 7349672))
	  ->  Bitmap Index Scan on sbtest4_pkey  (cost=0.00..34.30 rows=986 width=0)
	        Index Cond: ((id >= 7348673) AND (id <= 7349672))

table 5 : explain SELECT c FROM sbtest5 WHERE id BETWEEN 7155149 AND 7156148
	Bitmap Heap Scan on sbtest5  (cost=34.08..3658.51 rows=941 width=121)
	  Recheck Cond: ((id >= 7155149) AND (id <= 7156148))
	  ->  Bitmap Index Scan on sbtest5_pkey  (cost=0.00..33.84 rows=941 width=0)
	        Index Cond: ((id >= 7155149) AND (id <= 7156148))

table 6 : explain SELECT c FROM sbtest6 WHERE id BETWEEN 1659404 AND 1660403
	Bitmap Heap Scan on sbtest6  (cost=34.54..3822.74 rows=986 width=121)
	  Recheck Cond: ((id >= 1659404) AND (id <= 1660403))
	  ->  Bitmap Index Scan on sbtest6_pkey  (cost=0.00..34.30 rows=986 width=0)
	        Index Cond: ((id >= 1659404) AND (id <= 1660403))

table 7 : explain SELECT c FROM sbtest7 WHERE id BETWEEN 8557113 AND 8558112
	Bitmap Heap Scan on sbtest7  (cost=29.32..3367.44 rows=867 width=121)
	  Recheck Cond: ((id >= 8557113) AND (id <= 8558112))
	  ->  Bitmap Index Scan on sbtest7_pkey  (cost=0.00..29.11 rows=867 width=0)
	        Index Cond: ((id >= 8557113) AND (id <= 8558112))

table 8 : explain SELECT c FROM sbtest8 WHERE id BETWEEN 6375802 AND 6376801
	Bitmap Heap Scan on sbtest8  (cost=35.01..3994.89 rows=1032 width=121)
	  Recheck Cond: ((id >= 6375802) AND (id <= 6376801))
	  ->  Bitmap Index Scan on sbtest8_pkey  (cost=0.00..34.76 rows=1032 width=0)
	        Index Cond: ((id >= 6375802) AND (id <= 6376801))

explain: for point_selects :: explain SELECT c FROM sbtest%u WHERE id=%u
explain: for point_selects :: explain SELECT c FROM sbtest%u WHERE id=%u
for point_selects
table 1 : explain SELECT c FROM sbtest1 WHERE id=5407921
	Index Scan using sbtest1_pkey on sbtest1  (cost=0.43..8.45 rows=1 width=121)
	  Index Cond: (id = 5407921)

table 2 : explain SELECT c FROM sbtest2 WHERE id=5110434
	Index Scan using sbtest2_pkey on sbtest2  (cost=0.43..8.45 rows=1 width=121)
	  Index Cond: (id = 5110434)

table 3 : explain SELECT c FROM sbtest3 WHERE id=8648909
	Index Scan using sbtest3_pkey on sbtest3  (cost=0.43..8.45 rows=1 width=121)
	  Index Cond: (id = 8648909)

table 4 : explain SELECT c FROM sbtest4 WHERE id=2387574
	Index Scan using sbtest4_pkey on sbtest4  (cost=0.43..8.45 rows=1 width=121)
	  Index Cond: (id = 2387574)

table 5 : explain SELECT c FROM sbtest5 WHERE id=1894868
	Index Scan using sbtest5_pkey on sbtest5  (cost=0.43..8.45 rows=1 width=121)
	  Index Cond: (id = 1894868)

table 6 : explain SELECT c FROM sbtest6 WHERE id=1834214
	Index Scan using sbtest6_pkey on sbtest6  (cost=0.43..8.45 rows=1 width=121)
	  Index Cond: (id = 1834214)

table 7 : explain SELECT c FROM sbtest7 WHERE id=7693067
	Index Scan using sbtest7_pkey on sbtest7  (cost=0.43..8.45 rows=1 width=121)
	  Index Cond: (id = 7693067)

table 8 : explain SELECT c FROM sbtest8 WHERE id=4840734
	Index Scan using sbtest8_pkey on sbtest8  (cost=0.43..8.45 rows=1 width=121)
	  Index Cond: (id = 4840734)

for point_selects
table 1 : explain SELECT c FROM sbtest1 WHERE id=2420535
	Index Scan using sbtest1_pkey on sbtest1  (cost=0.43..8.45 rows=1 width=121)
	  Index Cond: (id = 2420535)

table 2 : explain SELECT c FROM sbtest2 WHERE id=8737859
	Index Scan using sbtest2_pkey on sbtest2  (cost=0.43..8.45 rows=1 width=121)
	  Index Cond: (id = 8737859)

table 3 : explain SELECT c FROM sbtest3 WHERE id=838168
	Index Scan using sbtest3_pkey on sbtest3  (cost=0.43..8.45 rows=1 width=121)
	  Index Cond: (id = 838168)

table 4 : explain SELECT c FROM sbtest4 WHERE id=3143170
	Index Scan using sbtest4_pkey on sbtest4  (cost=0.43..8.45 rows=1 width=121)
	  Index Cond: (id = 3143170)

table 5 : explain SELECT c FROM sbtest5 WHERE id=1222549
	Index Scan using sbtest5_pkey on sbtest5  (cost=0.43..8.45 rows=1 width=121)
	  Index Cond: (id = 1222549)

table 6 : explain SELECT c FROM sbtest6 WHERE id=3596995
	Index Scan using sbtest6_pkey on sbtest6  (cost=0.43..8.45 rows=1 width=121)
	  Index Cond: (id = 3596995)

table 7 : explain SELECT c FROM sbtest7 WHERE id=6765876
	Index Scan using sbtest7_pkey on sbtest7  (cost=0.43..8.45 rows=1 width=121)
	  Index Cond: (id = 6765876)

table 8 : explain SELECT c FROM sbtest8 WHERE id=2582028
	Index Scan using sbtest8_pkey on sbtest8  (cost=0.43..8.45 rows=1 width=121)
	  Index Cond: (id = 2582028)

for point_selects
table 1 : explain SELECT c FROM sbtest1 WHERE id=9168364
	Index Scan using sbtest1_pkey on sbtest1  (cost=0.43..8.45 rows=1 width=121)
	  Index Cond: (id = 9168364)

table 2 : explain SELECT c FROM sbtest2 WHERE id=9888441
	Index Scan using sbtest2_pkey on sbtest2  (cost=0.43..8.45 rows=1 width=121)
	  Index Cond: (id = 9888441)

table 3 : explain SELECT c FROM sbtest3 WHERE id=6028590
	Index Scan using sbtest3_pkey on sbtest3  (cost=0.43..8.45 rows=1 width=121)
	  Index Cond: (id = 6028590)

table 4 : explain SELECT c FROM sbtest4 WHERE id=8646228
	Index Scan using sbtest4_pkey on sbtest4  (cost=0.43..8.45 rows=1 width=121)
	  Index Cond: (id = 8646228)

table 5 : explain SELECT c FROM sbtest5 WHERE id=253884
	Index Scan using sbtest5_pkey on sbtest5  (cost=0.43..8.45 rows=1 width=121)
	  Index Cond: (id = 253884)

table 6 : explain SELECT c FROM sbtest6 WHERE id=320477
	Index Scan using sbtest6_pkey on sbtest6  (cost=0.43..8.45 rows=1 width=121)
	  Index Cond: (id = 320477)

table 7 : explain SELECT c FROM sbtest7 WHERE id=7317464
	Index Scan using sbtest7_pkey on sbtest7  (cost=0.43..8.45 rows=1 width=121)
	  Index Cond: (id = 7317464)

table 8 : explain SELECT c FROM sbtest8 WHERE id=7066200
	Index Scan using sbtest8_pkey on sbtest8  (cost=0.43..8.45 rows=1 width=121)
	  Index Cond: (id = 7066200)

explain: for point_selects :: explain SELECT c FROM sbtest%u WHERE id=%u
for: simple_ranges
table 1 : explain SELECT c FROM sbtest1 WHERE id BETWEEN 3829836 AND 3830835
	Bitmap Heap Scan on sbtest1  (cost=35.80..4280.09 rows=1109 width=121)
	  Recheck Cond: ((id >= 3829836) AND (id <= 3830835))
	  ->  Bitmap Index Scan on sbtest1_pkey  (cost=0.00..35.53 rows=1109 width=0)
	        Index Cond: ((id >= 3829836) AND (id <= 3830835))

table 2 : explain SELECT c FROM sbtest2 WHERE id BETWEEN 4524040 AND 4525039
	Bitmap Heap Scan on sbtest2  (cost=34.98..3983.71 rows=1029 width=121)
	  Recheck Cond: ((id >= 4524040) AND (id <= 4525039))
	  ->  Bitmap Index Scan on sbtest2_pkey  (cost=0.00..34.73 rows=1029 width=0)
	        Index Cond: ((id >= 4524040) AND (id <= 4525039))

table 3 : explain SELECT c FROM sbtest3 WHERE id BETWEEN 2734974 AND 2735973
	Bitmap Heap Scan on sbtest3  (cost=34.82..3923.88 rows=1013 width=121)
	  Recheck Cond: ((id >= 2734974) AND (id <= 2735973))
	  ->  Bitmap Index Scan on sbtest3_pkey  (cost=0.00..34.57 rows=1013 width=0)
	        Index Cond: ((id >= 2734974) AND (id <= 2735973))

table 4 : explain SELECT c FROM sbtest4 WHERE id BETWEEN 7469139 AND 7470138
	Bitmap Heap Scan on sbtest4  (cost=34.70..3885.41 rows=1001 width=121)
	  Recheck Cond: ((id >= 7469139) AND (id <= 7470138))
	  ->  Bitmap Index Scan on sbtest4_pkey  (cost=0.00..34.45 rows=1001 width=0)
	        Index Cond: ((id >= 7469139) AND (id <= 7470138))

table 5 : explain SELECT c FROM sbtest5 WHERE id BETWEEN 2909707 AND 2910706
	Bitmap Heap Scan on sbtest5  (cost=34.57..3840.11 rows=989 width=121)
	  Recheck Cond: ((id >= 2909707) AND (id <= 2910706))
	  ->  Bitmap Index Scan on sbtest5_pkey  (cost=0.00..34.33 rows=989 width=0)
	        Index Cond: ((id >= 2909707) AND (id <= 2910706))

table 6 : explain SELECT c FROM sbtest6 WHERE id BETWEEN 3022501 AND 3023500
	Bitmap Heap Scan on sbtest6  (cost=34.31..3735.96 rows=963 width=121)
	  Recheck Cond: ((id >= 3022501) AND (id <= 3023500))
	  ->  Bitmap Index Scan on sbtest6_pkey  (cost=0.00..34.07 rows=963 width=0)
	        Index Cond: ((id >= 3022501) AND (id <= 3023500))

table 7 : explain SELECT c FROM sbtest7 WHERE id BETWEEN 6234008 AND 6235007
	Bitmap Heap Scan on sbtest7  (cost=34.71..3881.14 rows=1002 width=121)
	  Recheck Cond: ((id >= 6234008) AND (id <= 6235007))
	  ->  Bitmap Index Scan on sbtest7_pkey  (cost=0.00..34.45 rows=1002 width=0)
	        Index Cond: ((id >= 6234008) AND (id <= 6235007))

table 8 : explain SELECT c FROM sbtest8 WHERE id BETWEEN 4360272 AND 4361271
	Bitmap Heap Scan on sbtest8  (cost=34.99..3987.36 rows=1030 width=121)
	  Recheck Cond: ((id >= 4360272) AND (id <= 4361271))
	  ->  Bitmap Index Scan on sbtest8_pkey  (cost=0.00..34.73 rows=1030 width=0)
	        Index Cond: ((id >= 4360272) AND (id <= 4361271))

explain: for point_selects :: explain SELECT c FROM sbtest%u WHERE id=%u
for: simple_ranges
table 1 : explain SELECT c FROM sbtest1 WHERE id BETWEEN 6844305 AND 6845304
	Bitmap Heap Scan on sbtest1  (cost=34.48..3798.56 rows=980 width=121)
	  Recheck Cond: ((id >= 6844305) AND (id <= 6845304))
	  ->  Bitmap Index Scan on sbtest1_pkey  (cost=0.00..34.23 rows=980 width=0)
	        Index Cond: ((id >= 6844305) AND (id <= 6845304))

table 2 : explain SELECT c FROM sbtest2 WHERE id BETWEEN 9217915 AND 9218914
	Bitmap Heap Scan on sbtest2  (cost=34.54..3821.72 rows=986 width=121)
	  Recheck Cond: ((id >= 9217915) AND (id <= 9218914))
	  ->  Bitmap Index Scan on sbtest2_pkey  (cost=0.00..34.30 rows=986 width=0)
	        Index Cond: ((id >= 9217915) AND (id <= 9218914))

table 3 : explain SELECT c FROM sbtest3 WHERE id BETWEEN 2047256 AND 2048255
	Bitmap Heap Scan on sbtest3  (cost=29.71..3512.27 rows=905 width=121)
	  Recheck Cond: ((id >= 2047256) AND (id <= 2048255))
	  ->  Bitmap Index Scan on sbtest3_pkey  (cost=0.00..29.48 rows=905 width=0)
	        Index Cond: ((id >= 2047256) AND (id <= 2048255))

table 4 : explain SELECT c FROM sbtest4 WHERE id BETWEEN 425967 AND 426966
	Bitmap Heap Scan on sbtest4  (cost=34.78..3915.64 rows=1009 width=121)
	  Recheck Cond: ((id >= 425967) AND (id <= 426966))
	  ->  Bitmap Index Scan on sbtest4_pkey  (cost=0.00..34.53 rows=1009 width=0)
	        Index Cond: ((id >= 425967) AND (id <= 426966))

table 5 : explain SELECT c FROM sbtest5 WHERE id BETWEEN 5426687 AND 5427686
	Bitmap Heap Scan on sbtest5  (cost=34.61..3855.23 rows=993 width=121)
	  Recheck Cond: ((id >= 5426687) AND (id <= 5427686))
	  ->  Bitmap Index Scan on sbtest5_pkey  (cost=0.00..34.37 rows=993 width=0)
	        Index Cond: ((id >= 5426687) AND (id <= 5427686))

table 6 : explain SELECT c FROM sbtest6 WHERE id BETWEEN 2512621 AND 2513620
	Bitmap Heap Scan on sbtest6  (cost=29.84..3561.97 rows=918 width=121)
	  Recheck Cond: ((id >= 2512621) AND (id <= 2513620))
	  ->  Bitmap Index Scan on sbtest6_pkey  (cost=0.00..29.61 rows=918 width=0)
	        Index Cond: ((id >= 2512621) AND (id <= 2513620))

table 7 : explain SELECT c FROM sbtest7 WHERE id BETWEEN 2257933 AND 2258932
	Bitmap Heap Scan on sbtest7  (cost=34.88..3945.16 rows=1019 width=121)
	  Recheck Cond: ((id >= 2257933) AND (id <= 2258932))
	  ->  Bitmap Index Scan on sbtest7_pkey  (cost=0.00..34.62 rows=1019 width=0)
	        Index Cond: ((id >= 2257933) AND (id <= 2258932))

table 8 : explain SELECT c FROM sbtest8 WHERE id BETWEEN 7363697 AND 7364696
	Bitmap Heap Scan on sbtest8  (cost=35.34..4115.27 rows=1064 width=121)
	  Recheck Cond: ((id >= 7363697) AND (id <= 7364696))
	  ->  Bitmap Index Scan on sbtest8_pkey  (cost=0.00..35.08 rows=1064 width=0)
	        Index Cond: ((id >= 7363697) AND (id <= 7364696))

for point_selects
table 1 : explain SELECT c FROM sbtest1 WHERE id=2967388
	Index Scan using sbtest1_pkey on sbtest1  (cost=0.43..8.45 rows=1 width=121)
	  Index Cond: (id = 2967388)

table 2 : explain SELECT c FROM sbtest2 WHERE id=7513501
	Index Scan using sbtest2_pkey on sbtest2  (cost=0.43..8.45 rows=1 width=121)
	  Index Cond: (id = 7513501)

table 3 : explain SELECT c FROM sbtest3 WHERE id=9973030
	Index Scan using sbtest3_pkey on sbtest3  (cost=0.43..8.45 rows=1 width=121)
	  Index Cond: (id = 9973030)

table 4 : explain SELECT c FROM sbtest4 WHERE id=8995855
	Index Scan using sbtest4_pkey on sbtest4  (cost=0.43..8.45 rows=1 width=121)
	  Index Cond: (id = 8995855)

table 5 : explain SELECT c FROM sbtest5 WHERE id=3452709
	Index Scan using sbtest5_pkey on sbtest5  (cost=0.43..8.45 rows=1 width=121)
	  Index Cond: (id = 3452709)

table 6 : explain SELECT c FROM sbtest6 WHERE id=3552798
	Index Scan using sbtest6_pkey on sbtest6  (cost=0.43..8.45 rows=1 width=121)
	  Index Cond: (id = 3552798)

table 7 : explain SELECT c FROM sbtest7 WHERE id=2191286
	Index Scan using sbtest7_pkey on sbtest7  (cost=0.43..8.45 rows=1 width=121)
	  Index Cond: (id = 2191286)

table 8 : explain SELECT c FROM sbtest8 WHERE id=4771102
	Index Scan using sbtest8_pkey on sbtest8  (cost=0.43..8.45 rows=1 width=121)
	  Index Cond: (id = 4771102)

for point_selects
table 1 : explain SELECT c FROM sbtest1 WHERE id=1343997
	Index Scan using sbtest1_pkey on sbtest1  (cost=0.43..8.45 rows=1 width=121)
	  Index Cond: (id = 1343997)

table 2 : explain SELECT c FROM sbtest2 WHERE id=9754869
	Index Scan using sbtest2_pkey on sbtest2  (cost=0.43..8.45 rows=1 width=121)
	  Index Cond: (id = 9754869)

table 3 : explain SELECT c FROM sbtest3 WHERE id=3719118
	Index Scan using sbtest3_pkey on sbtest3  (cost=0.43..8.45 rows=1 width=121)
	  Index Cond: (id = 3719118)

table 4 : explain SELECT c FROM sbtest4 WHERE id=6510750
	Index Scan using sbtest4_pkey on sbtest4  (cost=0.43..8.45 rows=1 width=121)
	  Index Cond: (id = 6510750)

table 5 : explain SELECT c FROM sbtest5 WHERE id=4202846
	Index Scan using sbtest5_pkey on sbtest5  (cost=0.43..8.45 rows=1 width=121)
	  Index Cond: (id = 4202846)

table 6 : explain SELECT c FROM sbtest6 WHERE id=5006612
	Index Scan using sbtest6_pkey on sbtest6  (cost=0.43..8.45 rows=1 width=121)
	  Index Cond: (id = 5006612)

table 7 : explain SELECT c FROM sbtest7 WHERE id=3757196
	Index Scan using sbtest7_pkey on sbtest7  (cost=0.43..8.45 rows=1 width=121)
	  Index Cond: (id = 3757196)

table 8 : explain SELECT c FROM sbtest8 WHERE id=8278614
	Index Scan using sbtest8_pkey on sbtest8  (cost=0.43..8.45 rows=1 width=121)
	  Index Cond: (id = 8278614)

for: simple_ranges
table 1 : explain SELECT c FROM sbtest1 WHERE id BETWEEN 4090215 AND 4091214
	Bitmap Heap Scan on sbtest1  (cost=34.92..3960.55 rows=1023 width=121)
	  Recheck Cond: ((id >= 4090215) AND (id <= 4091214))
	  ->  Bitmap Index Scan on sbtest1_pkey  (cost=0.00..34.67 rows=1023 width=0)
	        Index Cond: ((id >= 4090215) AND (id <= 4091214))

table 2 : explain SELECT c FROM sbtest2 WHERE id BETWEEN 3445671 AND 3446670
	Bitmap Heap Scan on sbtest2  (cost=35.54..4186.81 rows=1083 width=121)
	  Recheck Cond: ((id >= 3445671) AND (id <= 3446670))
	  ->  Bitmap Index Scan on sbtest2_pkey  (cost=0.00..35.27 rows=1083 width=0)
	        Index Cond: ((id >= 3445671) AND (id <= 3446670))

table 3 : explain SELECT c FROM sbtest3 WHERE id BETWEEN 8629508 AND 8630507
	Bitmap Heap Scan on sbtest3  (cost=35.05..4010.49 rows=1036 width=121)
	  Recheck Cond: ((id >= 8629508) AND (id <= 8630507))
	  ->  Bitmap Index Scan on sbtest3_pkey  (cost=0.00..34.80 rows=1036 width=0)
	        Index Cond: ((id >= 8629508) AND (id <= 8630507))

table 4 : explain SELECT c FROM sbtest4 WHERE id BETWEEN 8034897 AND 8035896
	Bitmap Heap Scan on sbtest4  (cost=34.46..3798.47 rows=978 width=121)
	  Recheck Cond: ((id >= 8034897) AND (id <= 8035896))
	  ->  Bitmap Index Scan on sbtest4_pkey  (cost=0.00..34.22 rows=978 width=0)
	        Index Cond: ((id >= 8034897) AND (id <= 8035896))

table 5 : explain SELECT c FROM sbtest5 WHERE id BETWEEN 7830265 AND 7831264
	Bitmap Heap Scan on sbtest5  (cost=34.99..3995.00 rows=1030 width=121)
	  Recheck Cond: ((id >= 7830265) AND (id <= 7831264))
	  ->  Bitmap Index Scan on sbtest5_pkey  (cost=0.00..34.73 rows=1030 width=0)
	        Index Cond: ((id >= 7830265) AND (id <= 7831264))

table 6 : explain SELECT c FROM sbtest6 WHERE id BETWEEN 2786301 AND 2787300
	Bitmap Heap Scan on sbtest6  (cost=34.79..3913.22 rows=1010 width=121)
	  Recheck Cond: ((id >= 2786301) AND (id <= 2787300))
	  ->  Bitmap Index Scan on sbtest6_pkey  (cost=0.00..34.54 rows=1010 width=0)
	        Index Cond: ((id >= 2786301) AND (id <= 2787300))

table 7 : explain SELECT c FROM sbtest7 WHERE id BETWEEN 1715646 AND 1716645
	Bitmap Heap Scan on sbtest7  (cost=35.36..4121.95 rows=1066 width=121)
	  Recheck Cond: ((id >= 1715646) AND (id <= 1716645))
	  ->  Bitmap Index Scan on sbtest7_pkey  (cost=0.00..35.09 rows=1066 width=0)
	        Index Cond: ((id >= 1715646) AND (id <= 1716645))

table 8 : explain SELECT c FROM sbtest8 WHERE id BETWEEN 6072328 AND 6073327
	Bitmap Heap Scan on sbtest8  (cost=34.56..3829.15 rows=988 width=121)
	  Recheck Cond: ((id >= 6072328) AND (id <= 6073327))
	  ->  Bitmap Index Scan on sbtest8_pkey  (cost=0.00..34.32 rows=988 width=0)
	        Index Cond: ((id >= 6072328) AND (id <= 6073327))

for point_selects
table 1 : explain SELECT c FROM sbtest1 WHERE id=2610075
	Index Scan using sbtest1_pkey on sbtest1  (cost=0.43..8.45 rows=1 width=121)
	  Index Cond: (id = 2610075)

table 2 : explain SELECT c FROM sbtest2 WHERE id=6176392
	Index Scan using sbtest2_pkey on sbtest2  (cost=0.43..8.45 rows=1 width=121)
	  Index Cond: (id = 6176392)

table 3 : explain SELECT c FROM sbtest3 WHERE id=8312925
	Index Scan using sbtest3_pkey on sbtest3  (cost=0.43..8.45 rows=1 width=121)
	  Index Cond: (id = 8312925)

table 4 : explain SELECT c FROM sbtest4 WHERE id=9181839
	Index Scan using sbtest4_pkey on sbtest4  (cost=0.43..8.45 rows=1 width=121)
	  Index Cond: (id = 9181839)

table 5 : explain SELECT c FROM sbtest5 WHERE id=6734808
	Index Scan using sbtest5_pkey on sbtest5  (cost=0.43..8.45 rows=1 width=121)
	  Index Cond: (id = 6734808)

table 6 : explain SELECT c FROM sbtest6 WHERE id=9028165
	Index Scan using sbtest6_pkey on sbtest6  (cost=0.43..8.45 rows=1 width=121)
	  Index Cond: (id = 9028165)

table 7 : explain SELECT c FROM sbtest7 WHERE id=6821393
	Index Scan using sbtest7_pkey on sbtest7  (cost=0.43..8.45 rows=1 width=121)
	  Index Cond: (id = 6821393)

table 8 : explain SELECT c FROM sbtest8 WHERE id=2955744
	Index Scan using sbtest8_pkey on sbtest8  (cost=0.43..8.45 rows=1 width=121)
	  Index Cond: (id = 2955744)

for: simple_ranges
table 1 : explain SELECT c FROM sbtest1 WHERE id BETWEEN 6010164 AND 6011163
	Bitmap Heap Scan on sbtest1  (cost=34.24..3711.81 rows=957 width=121)
	  Recheck Cond: ((id >= 6010164) AND (id <= 6011163))
	  ->  Bitmap Index Scan on sbtest1_pkey  (cost=0.00..34.01 rows=957 width=0)
	        Index Cond: ((id >= 6010164) AND (id <= 6011163))

table 2 : explain SELECT c FROM sbtest2 WHERE id BETWEEN 304201 AND 305200
	Bitmap Heap Scan on sbtest2  (cost=35.03..4002.53 rows=1034 width=121)
	  Recheck Cond: ((id >= 304201) AND (id <= 305200))
	  ->  Bitmap Index Scan on sbtest2_pkey  (cost=0.00..34.78 rows=1034 width=0)
	        Index Cond: ((id >= 304201) AND (id <= 305200))

table 3 : explain SELECT c FROM sbtest3 WHERE id BETWEEN 8378997 AND 8379996
	Bitmap Heap Scan on sbtest3  (cost=29.73..3519.83 rows=907 width=121)
	  Recheck Cond: ((id >= 8378997) AND (id <= 8379996))
	  ->  Bitmap Index Scan on sbtest3_pkey  (cost=0.00..29.50 rows=907 width=0)
	        Index Cond: ((id >= 8378997) AND (id <= 8379996))

table 4 : explain SELECT c FROM sbtest4 WHERE id BETWEEN 6111122 AND 6112121
	Bitmap Heap Scan on sbtest4  (cost=34.22..3711.46 rows=955 width=121)
	  Recheck Cond: ((id >= 6111122) AND (id <= 6112121))
	  ->  Bitmap Index Scan on sbtest4_pkey  (cost=0.00..33.98 rows=955 width=0)
	        Index Cond: ((id >= 6111122) AND (id <= 6112121))

table 5 : explain SELECT c FROM sbtest5 WHERE id BETWEEN 3198945 AND 3199944
	Bitmap Heap Scan on sbtest5  (cost=34.72..3893.02 rows=1003 width=121)
	  Recheck Cond: ((id >= 3198945) AND (id <= 3199944))
	  ->  Bitmap Index Scan on sbtest5_pkey  (cost=0.00..34.47 rows=1003 width=0)
	        Index Cond: ((id >= 3198945) AND (id <= 3199944))

table 6 : explain SELECT c FROM sbtest6 WHERE id BETWEEN 4396359 AND 4397358
	Bitmap Heap Scan on sbtest6  (cost=34.71..3883.07 rows=1002 width=121)
	  Recheck Cond: ((id >= 4396359) AND (id <= 4397358))
	  ->  Bitmap Index Scan on sbtest6_pkey  (cost=0.00..34.45 rows=1002 width=0)
	        Index Cond: ((id >= 4396359) AND (id <= 4397358))

table 7 : explain SELECT c FROM sbtest7 WHERE id BETWEEN 493388 AND 494387
	Bitmap Heap Scan on sbtest7  (cost=40.23..4441.25 rows=1151 width=121)
	  Recheck Cond: ((id >= 493388) AND (id <= 494387))
	  ->  Bitmap Index Scan on sbtest7_pkey  (cost=0.00..39.95 rows=1151 width=0)
	        Index Cond: ((id >= 493388) AND (id <= 494387))

table 8 : explain SELECT c FROM sbtest8 WHERE id BETWEEN 1653678 AND 1654677
	Bitmap Heap Scan on sbtest8  (cost=34.55..3825.38 rows=987 width=121)
	  Recheck Cond: ((id >= 1653678) AND (id <= 1654677))
	  ->  Bitmap Index Scan on sbtest8_pkey  (cost=0.00..34.31 rows=987 width=0)
	        Index Cond: ((id >= 1653678) AND (id <= 1654677))

for point_selects
table 1 : explain SELECT c FROM sbtest1 WHERE id=9936972
	Index Scan using sbtest1_pkey on sbtest1  (cost=0.43..8.45 rows=1 width=121)
	  Index Cond: (id = 9936972)

table 2 : explain SELECT c FROM sbtest2 WHERE id=7475274
	Index Scan using sbtest2_pkey on sbtest2  (cost=0.43..8.45 rows=1 width=121)
	  Index Cond: (id = 7475274)

table 3 : explain SELECT c FROM sbtest3 WHERE id=5309358
	Index Scan using sbtest3_pkey on sbtest3  (cost=0.43..8.45 rows=1 width=121)
	  Index Cond: (id = 5309358)

table 4 : explain SELECT c FROM sbtest4 WHERE id=5817811
	Index Scan using sbtest4_pkey on sbtest4  (cost=0.43..8.45 rows=1 width=121)
	  Index Cond: (id = 5817811)

table 5 : explain SELECT c FROM sbtest5 WHERE id=3140964
	Index Scan using sbtest5_pkey on sbtest5  (cost=0.43..8.45 rows=1 width=121)
	  Index Cond: (id = 3140964)

table 6 : explain SELECT c FROM sbtest6 WHERE id=6719547
	Index Scan using sbtest6_pkey on sbtest6  (cost=0.43..8.45 rows=1 width=121)
	  Index Cond: (id = 6719547)

table 7 : explain SELECT c FROM sbtest7 WHERE id=6962105
	Index Scan using sbtest7_pkey on sbtest7  (cost=0.43..8.45 rows=1 width=121)
	  Index Cond: (id = 6962105)

table 8 : explain SELECT c FROM sbtest8 WHERE id=4877522
	Index Scan using sbtest8_pkey on sbtest8  (cost=0.43..8.45 rows=1 width=121)
	  Index Cond: (id = 4877522)

for: simple_ranges
table 1 : explain SELECT c FROM sbtest1 WHERE id BETWEEN 8827491 AND 8828490
	Bitmap Heap Scan on sbtest1  (cost=34.46..3791.02 rows=978 width=121)
	  Recheck Cond: ((id >= 8827491) AND (id <= 8828490))
	  ->  Bitmap Index Scan on sbtest1_pkey  (cost=0.00..34.22 rows=978 width=0)
	        Index Cond: ((id >= 8827491) AND (id <= 8828490))

table 2 : explain SELECT c FROM sbtest2 WHERE id BETWEEN 6381261 AND 6382260
	Bitmap Heap Scan on sbtest2  (cost=35.02..3998.77 rows=1033 width=121)
	  Recheck Cond: ((id >= 6381261) AND (id <= 6382260))
	  ->  Bitmap Index Scan on sbtest2_pkey  (cost=0.00..34.77 rows=1033 width=0)
	        Index Cond: ((id >= 6381261) AND (id <= 6382260))

table 3 : explain SELECT c FROM sbtest3 WHERE id BETWEEN 7956520 AND 7957519
	Bitmap Heap Scan on sbtest3  (cost=34.57..3833.43 rows=989 width=121)
	  Recheck Cond: ((id >= 7956520) AND (id <= 7957519))
	  ->  Bitmap Index Scan on sbtest3_pkey  (cost=0.00..34.33 rows=989 width=0)
	        Index Cond: ((id >= 7956520) AND (id <= 7957519))

table 4 : explain SELECT c FROM sbtest4 WHERE id BETWEEN 794877 AND 795876
	Bitmap Heap Scan on sbtest4  (cost=34.63..3862.74 rows=995 width=121)
	  Recheck Cond: ((id >= 794877) AND (id <= 795876))
	  ->  Bitmap Index Scan on sbtest4_pkey  (cost=0.00..34.39 rows=995 width=0)
	        Index Cond: ((id >= 794877) AND (id <= 795876))

table 5 : explain SELECT c FROM sbtest5 WHERE id BETWEEN 3883401 AND 3884400
	Bitmap Heap Scan on sbtest5  (cost=34.23..3715.29 rows=956 width=121)
	  Recheck Cond: ((id >= 3883401) AND (id <= 3884400))
	  ->  Bitmap Index Scan on sbtest5_pkey  (cost=0.00..34.00 rows=956 width=0)
	        Index Cond: ((id >= 3883401) AND (id <= 3884400))

table 6 : explain SELECT c FROM sbtest6 WHERE id BETWEEN 7591679 AND 7592678
	Bitmap Heap Scan on sbtest6  (cost=34.29..3728.41 rows=961 width=121)
	  Recheck Cond: ((id >= 7591679) AND (id <= 7592678))
	  ->  Bitmap Index Scan on sbtest6_pkey  (cost=0.00..34.05 rows=961 width=0)
	        Index Cond: ((id >= 7591679) AND (id <= 7592678))

table 7 : explain SELECT c FROM sbtest7 WHERE id BETWEEN 354888 AND 355887
	Bitmap Heap Scan on sbtest7  (cost=34.06..3643.59 rows=939 width=121)
	  Recheck Cond: ((id >= 354888) AND (id <= 355887))
	  ->  Bitmap Index Scan on sbtest7_pkey  (cost=0.00..33.83 rows=939 width=0)
	        Index Cond: ((id >= 354888) AND (id <= 355887))

table 8 : explain SELECT c FROM sbtest8 WHERE id BETWEEN 4405338 AND 4406337
	Bitmap Heap Scan on sbtest8  (cost=34.99..3987.36 rows=1030 width=121)
	  Recheck Cond: ((id >= 4405338) AND (id <= 4406337))
	  ->  Bitmap Index Scan on sbtest8_pkey  (cost=0.00..34.73 rows=1030 width=0)
	        Index Cond: ((id >= 4405338) AND (id <= 4406337))

for: sum_ranges
table 1 : explain SELECT SUM(k) FROM sbtest1 WHERE id BETWEEN 180590 AND 181589
	Aggregate  (cost=3876.43..3876.44 rows=1 width=8)
	  ->  Bitmap Heap Scan on sbtest1  (cost=34.69..3873.93 rows=1000 width=4)
	        Recheck Cond: ((id >= 180590) AND (id <= 181589))
	        ->  Bitmap Index Scan on sbtest1_pkey  (cost=0.00..34.44 rows=1000 width=0)
	              Index Cond: ((id >= 180590) AND (id <= 181589))

table 2 : explain SELECT SUM(k) FROM sbtest2 WHERE id BETWEEN 516616 AND 517615
	Aggregate  (cost=4039.01..4039.02 rows=1 width=8)
	  ->  Bitmap Heap Scan on sbtest2  (cost=35.13..4036.40 rows=1043 width=4)
	        Recheck Cond: ((id >= 516616) AND (id <= 517615))
	        ->  Bitmap Index Scan on sbtest2_pkey  (cost=0.00..34.87 rows=1043 width=0)
	              Index Cond: ((id >= 516616) AND (id <= 517615))

table 3 : explain SELECT SUM(k) FROM sbtest3 WHERE id BETWEEN 9774805 AND 9775804
	Aggregate  (cost=3756.65..3756.66 rows=1 width=8)
	  ->  Bitmap Heap Scan on sbtest3  (cost=34.36..3754.23 rows=968 width=4)
	        Recheck Cond: ((id >= 9774805) AND (id <= 9775804))
	        ->  Bitmap Index Scan on sbtest3_pkey  (cost=0.00..34.12 rows=968 width=0)
	              Index Cond: ((id >= 9774805) AND (id <= 9775804))

table 4 : explain SELECT SUM(k) FROM sbtest4 WHERE id BETWEEN 3250516 AND 3251515
	Aggregate  (cost=4012.63..4012.64 rows=1 width=8)
	  ->  Bitmap Heap Scan on sbtest4  (cost=35.03..4010.05 rows=1034 width=4)
	        Recheck Cond: ((id >= 3250516) AND (id <= 3251515))
	        ->  Bitmap Index Scan on sbtest4_pkey  (cost=0.00..34.78 rows=1034 width=0)
	              Index Cond: ((id >= 3250516) AND (id <= 3251515))

table 5 : explain SELECT SUM(k) FROM sbtest5 WHERE id BETWEEN 8182805 AND 8183804
	Aggregate  (cost=3486.23..3486.24 rows=1 width=8)
	  ->  Bitmap Heap Scan on sbtest5  (cost=29.62..3483.99 rows=896 width=4)
	        Recheck Cond: ((id >= 8182805) AND (id <= 8183804))
	        ->  Bitmap Index Scan on sbtest5_pkey  (cost=0.00..29.39 rows=896 width=0)
	              Index Cond: ((id >= 8182805) AND (id <= 8183804))

table 6 : explain SELECT SUM(k) FROM sbtest6 WHERE id BETWEEN 3615735 AND 3616734
	Aggregate  (cost=3855.39..3855.40 rows=1 width=8)
	  ->  Bitmap Heap Scan on sbtest6  (cost=34.62..3852.91 rows=994 width=4)
	        Recheck Cond: ((id >= 3615735) AND (id <= 3616734))
	        ->  Bitmap Index Scan on sbtest6_pkey  (cost=0.00..34.38 rows=994 width=0)
	              Index Cond: ((id >= 3615735) AND (id <= 3616734))

table 7 : explain SELECT SUM(k) FROM sbtest7 WHERE id BETWEEN 455708 AND 456707
	Aggregate  (cost=4444.12..4444.13 rows=1 width=8)
	  ->  Bitmap Heap Scan on sbtest7  (cost=40.23..4441.25 rows=1151 width=4)
	        Recheck Cond: ((id >= 455708) AND (id <= 456707))
	        ->  Bitmap Index Scan on sbtest7_pkey  (cost=0.00..39.95 rows=1151 width=0)
	              Index Cond: ((id >= 455708) AND (id <= 456707))

table 8 : explain SELECT SUM(k) FROM sbtest8 WHERE id BETWEEN 4337744 AND 4338743
	Aggregate  (cost=3775.03..3775.04 rows=1 width=8)
	  ->  Bitmap Heap Scan on sbtest8  (cost=34.41..3772.60 rows=973 width=4)
	        Recheck Cond: ((id >= 4337744) AND (id <= 4338743))
	        ->  Bitmap Index Scan on sbtest8_pkey  (cost=0.00..34.17 rows=973 width=0)
	              Index Cond: ((id >= 4337744) AND (id <= 4338743))

explain: for point_selects :: explain SELECT c FROM sbtest%u WHERE id=%u
for point_selects
table 1 : explain SELECT c FROM sbtest1 WHERE id=112610
	Index Scan using sbtest1_pkey on sbtest1  (cost=0.43..8.45 rows=1 width=121)
	  Index Cond: (id = 112610)

table 2 : explain SELECT c FROM sbtest2 WHERE id=1214657
	Index Scan using sbtest2_pkey on sbtest2  (cost=0.43..8.45 rows=1 width=121)
	  Index Cond: (id = 1214657)

table 3 : explain SELECT c FROM sbtest3 WHERE id=5017211
	Index Scan using sbtest3_pkey on sbtest3  (cost=0.43..8.45 rows=1 width=121)
	  Index Cond: (id = 5017211)

table 4 : explain SELECT c FROM sbtest4 WHERE id=2069241
	Index Scan using sbtest4_pkey on sbtest4  (cost=0.43..8.45 rows=1 width=121)
	  Index Cond: (id = 2069241)

table 5 : explain SELECT c FROM sbtest5 WHERE id=586917
	Index Scan using sbtest5_pkey on sbtest5  (cost=0.43..8.45 rows=1 width=121)
	  Index Cond: (id = 586917)

table 6 : explain SELECT c FROM sbtest6 WHERE id=6462532
	Index Scan using sbtest6_pkey on sbtest6  (cost=0.43..8.45 rows=1 width=121)
	  Index Cond: (id = 6462532)

table 7 : explain SELECT c FROM sbtest7 WHERE id=3614653
	Index Scan using sbtest7_pkey on sbtest7  (cost=0.43..8.45 rows=1 width=121)
	  Index Cond: (id = 3614653)

table 8 : explain SELECT c FROM sbtest8 WHERE id=1479588
	Index Scan using sbtest8_pkey on sbtest8  (cost=0.43..8.45 rows=1 width=121)
	  Index Cond: (id = 1479588)

for point_selects
table 1 : explain SELECT c FROM sbtest1 WHERE id=849421
	Index Scan using sbtest1_pkey on sbtest1  (cost=0.43..8.45 rows=1 width=121)
	  Index Cond: (id = 849421)

table 2 : explain SELECT c FROM sbtest2 WHERE id=6585919
	Index Scan using sbtest2_pkey on sbtest2  (cost=0.43..8.45 rows=1 width=121)
	  Index Cond: (id = 6585919)

table 3 : explain SELECT c FROM sbtest3 WHERE id=9863755
	Index Scan using sbtest3_pkey on sbtest3  (cost=0.43..8.45 rows=1 width=121)
	  Index Cond: (id = 9863755)

table 4 : explain SELECT c FROM sbtest4 WHERE id=5721245
	Index Scan using sbtest4_pkey on sbtest4  (cost=0.43..8.45 rows=1 width=121)
	  Index Cond: (id = 5721245)

table 5 : explain SELECT c FROM sbtest5 WHERE id=3573963
	Index Scan using sbtest5_pkey on sbtest5  (cost=0.43..8.45 rows=1 width=121)
	  Index Cond: (id = 3573963)

table 6 : explain SELECT c FROM sbtest6 WHERE id=1511468
	Index Scan using sbtest6_pkey on sbtest6  (cost=0.43..8.45 rows=1 width=121)
	  Index Cond: (id = 1511468)

table 7 : explain SELECT c FROM sbtest7 WHERE id=8233097
	Index Scan using sbtest7_pkey on sbtest7  (cost=0.43..8.45 rows=1 width=121)
	  Index Cond: (id = 8233097)

table 8 : explain SELECT c FROM sbtest8 WHERE id=711571
	Index Scan using sbtest8_pkey on sbtest8  (cost=0.43..8.45 rows=1 width=121)
	  Index Cond: (id = 711571)

for: simple_ranges
table 1 : explain SELECT c FROM sbtest1 WHERE id BETWEEN 6863894 AND 6864893
	Bitmap Heap Scan on sbtest1  (cost=34.39..3764.62 rows=971 width=121)
	  Recheck Cond: ((id >= 6863894) AND (id <= 6864893))
	  ->  Bitmap Index Scan on sbtest1_pkey  (cost=0.00..34.15 rows=971 width=0)
	        Index Cond: ((id >= 6863894) AND (id <= 6864893))

table 2 : explain SELECT c FROM sbtest2 WHERE id BETWEEN 9450896 AND 9451895
	Bitmap Heap Scan on sbtest2  (cost=34.40..3768.93 rows=972 width=121)
	  Recheck Cond: ((id >= 9450896) AND (id <= 9451895))
	  ->  Bitmap Index Scan on sbtest2_pkey  (cost=0.00..34.16 rows=972 width=0)
	        Index Cond: ((id >= 9450896) AND (id <= 9451895))

table 3 : explain SELECT c FROM sbtest3 WHERE id BETWEEN 1188109 AND 1189108
	Bitmap Heap Scan on sbtest3  (cost=34.23..3708.94 rows=956 width=121)
	  Recheck Cond: ((id >= 1188109) AND (id <= 1189108))
	  ->  Bitmap Index Scan on sbtest3_pkey  (cost=0.00..34.00 rows=956 width=0)
	        Index Cond: ((id >= 1188109) AND (id <= 1189108))

table 4 : explain SELECT c FROM sbtest4 WHERE id BETWEEN 1911532 AND 1912531
	Bitmap Heap Scan on sbtest4  (cost=34.66..3874.08 rows=998 width=121)
	  Recheck Cond: ((id >= 1911532) AND (id <= 1912531))
	  ->  Bitmap Index Scan on sbtest4_pkey  (cost=0.00..34.42 rows=998 width=0)
	        Index Cond: ((id >= 1911532) AND (id <= 1912531))

table 5 : explain SELECT c FROM sbtest5 WHERE id BETWEEN 7406116 AND 7407115
	Bitmap Heap Scan on sbtest5  (cost=34.33..3749.34 rows=965 width=121)
	  Recheck Cond: ((id >= 7406116) AND (id <= 7407115))
	  ->  Bitmap Index Scan on sbtest5_pkey  (cost=0.00..34.09 rows=965 width=0)
	        Index Cond: ((id >= 7406116) AND (id <= 7407115))

table 6 : explain SELECT c FROM sbtest6 WHERE id BETWEEN 1918804 AND 1919803
	Bitmap Heap Scan on sbtest6  (cost=35.31..4105.25 rows=1061 width=121)
	  Recheck Cond: ((id >= 1918804) AND (id <= 1919803))
	  ->  Bitmap Index Scan on sbtest6_pkey  (cost=0.00..35.05 rows=1061 width=0)
	        Index Cond: ((id >= 1918804) AND (id <= 1919803))

table 7 : explain SELECT c FROM sbtest7 WHERE id BETWEEN 8268257 AND 8269256
	Bitmap Heap Scan on sbtest7  (cost=33.97..3609.61 rows=930 width=121)
	  Recheck Cond: ((id >= 8268257) AND (id <= 8269256))
	  ->  Bitmap Index Scan on sbtest7_pkey  (cost=0.00..33.73 rows=930 width=0)
	        Index Cond: ((id >= 8268257) AND (id <= 8269256))

table 8 : explain SELECT c FROM sbtest8 WHERE id BETWEEN 4980452 AND 4981451
	Bitmap Heap Scan on sbtest8  (cost=35.07..4017.47 rows=1038 width=121)
	  Recheck Cond: ((id >= 4980452) AND (id <= 4981451))
	  ->  Bitmap Index Scan on sbtest8_pkey  (cost=0.00..34.82 rows=1038 width=0)
	        Index Cond: ((id >= 4980452) AND (id <= 4981451))

for: simple_ranges
table 1 : explain SELECT c FROM sbtest1 WHERE id BETWEEN 9910409 AND 9911408
	Bitmap Heap Scan on sbtest1  (cost=34.50..3806.10 rows=982 width=121)
	  Recheck Cond: ((id >= 9910409) AND (id <= 9911408))
	  ->  Bitmap Index Scan on sbtest1_pkey  (cost=0.00..34.26 rows=982 width=0)
	        Index Cond: ((id >= 9910409) AND (id <= 9911408))

table 2 : explain SELECT c FROM sbtest2 WHERE id BETWEEN 4933256 AND 4934255
	Bitmap Heap Scan on sbtest2  (cost=34.14..3674.59 rows=947 width=121)
	  Recheck Cond: ((id >= 4933256) AND (id <= 4934255))
	  ->  Bitmap Index Scan on sbtest2_pkey  (cost=0.00..33.91 rows=947 width=0)
	        Index Cond: ((id >= 4933256) AND (id <= 4934255))

table 3 : explain SELECT c FROM sbtest3 WHERE id BETWEEN 7947546 AND 7948545
	Bitmap Heap Scan on sbtest3  (cost=34.23..3708.94 rows=956 width=121)
	  Recheck Cond: ((id >= 7947546) AND (id <= 7948545))
	  ->  Bitmap Index Scan on sbtest3_pkey  (cost=0.00..34.00 rows=956 width=0)
	        Index Cond: ((id >= 7947546) AND (id <= 7948545))

table 4 : explain SELECT c FROM sbtest4 WHERE id BETWEEN 5278689 AND 5279688
	Bitmap Heap Scan on sbtest4  (cost=34.35..3756.86 rows=967 width=121)
	  Recheck Cond: ((id >= 5278689) AND (id <= 5279688))
	  ->  Bitmap Index Scan on sbtest4_pkey  (cost=0.00..34.11 rows=967 width=0)
	        Index Cond: ((id >= 5278689) AND (id <= 5279688))

table 5 : explain SELECT c FROM sbtest5 WHERE id BETWEEN 1727420 AND 1728419
	Bitmap Heap Scan on sbtest5  (cost=34.57..3840.11 rows=989 width=121)
	  Recheck Cond: ((id >= 1727420) AND (id <= 1728419))
	  ->  Bitmap Index Scan on sbtest5_pkey  (cost=0.00..34.33 rows=989 width=0)
	        Index Cond: ((id >= 1727420) AND (id <= 1728419))

table 6 : explain SELECT c FROM sbtest6 WHERE id BETWEEN 1476281 AND 1477280
	Bitmap Heap Scan on sbtest6  (cost=35.20..4063.86 rows=1050 width=121)
	  Recheck Cond: ((id >= 1476281) AND (id <= 1477280))
	  ->  Bitmap Index Scan on sbtest6_pkey  (cost=0.00..34.94 rows=1050 width=0)
	        Index Cond: ((id >= 1476281) AND (id <= 1477280))

table 7 : explain SELECT c FROM sbtest7 WHERE id BETWEEN 7612425 AND 7613424
	Bitmap Heap Scan on sbtest7  (cost=34.61..3847.24 rows=993 width=121)
	  Recheck Cond: ((id >= 7612425) AND (id <= 7613424))
	  ->  Bitmap Index Scan on sbtest7_pkey  (cost=0.00..34.37 rows=993 width=0)
	        Index Cond: ((id >= 7612425) AND (id <= 7613424))

table 8 : explain SELECT c FROM sbtest8 WHERE id BETWEEN 8866126 AND 8867125
	Bitmap Heap Scan on sbtest8  (cost=34.16..3682.04 rows=949 width=121)
	  Recheck Cond: ((id >= 8866126) AND (id <= 8867125))
	  ->  Bitmap Index Scan on sbtest8_pkey  (cost=0.00..33.93 rows=949 width=0)
	        Index Cond: ((id >= 8866126) AND (id <= 8867125))

for: sum_ranges
table 1 : explain SELECT SUM(k) FROM sbtest1 WHERE id BETWEEN 5545989 AND 5546988
	Aggregate  (cost=3887.74..3887.75 rows=1 width=8)
	  ->  Bitmap Heap Scan on sbtest1  (cost=34.72..3885.23 rows=1003 width=4)
	        Recheck Cond: ((id >= 5545989) AND (id <= 5546988))
	        ->  Bitmap Index Scan on sbtest1_pkey  (cost=0.00..34.47 rows=1003 width=0)
	              Index Cond: ((id >= 5545989) AND (id <= 5546988))

table 2 : explain SELECT SUM(k) FROM sbtest2 WHERE id BETWEEN 6310866 AND 6311865
	Aggregate  (cost=4001.35..4001.36 rows=1 width=8)
	  ->  Bitmap Heap Scan on sbtest2  (cost=35.02..3998.77 rows=1033 width=4)
	        Recheck Cond: ((id >= 6310866) AND (id <= 6311865))
	        ->  Bitmap Index Scan on sbtest2_pkey  (cost=0.00..34.77 rows=1033 width=0)
	              Index Cond: ((id >= 6310866) AND (id <= 6311865))

table 3 : explain SELECT SUM(k) FROM sbtest3 WHERE id BETWEEN 3435158 AND 3436157
	Aggregate  (cost=3817.04..3817.05 rows=1 width=8)
	  ->  Bitmap Heap Scan on sbtest3  (cost=34.52..3814.58 rows=984 width=4)
	        Recheck Cond: ((id >= 3435158) AND (id <= 3436157))
	        ->  Bitmap Index Scan on sbtest3_pkey  (cost=0.00..34.28 rows=984 width=0)
	              Index Cond: ((id >= 3435158) AND (id <= 3436157))

table 4 : explain SELECT SUM(k) FROM sbtest4 WHERE id BETWEEN 6114286 AND 6115285
	Aggregate  (cost=3713.84..3713.85 rows=1 width=8)
	  ->  Bitmap Heap Scan on sbtest4  (cost=34.22..3711.46 rows=955 width=4)
	        Recheck Cond: ((id >= 6114286) AND (id <= 6115285))
	        ->  Bitmap Index Scan on sbtest4_pkey  (cost=0.00..33.98 rows=955 width=0)
	              Index Cond: ((id >= 6114286) AND (id <= 6115285))

table 5 : explain SELECT SUM(k) FROM sbtest5 WHERE id BETWEEN 2578152 AND 2579151
	Aggregate  (cost=3895.53..3895.54 rows=1 width=8)
	  ->  Bitmap Heap Scan on sbtest5  (cost=34.72..3893.02 rows=1003 width=4)
	        Recheck Cond: ((id >= 2578152) AND (id <= 2579151))
	        ->  Bitmap Index Scan on sbtest5_pkey  (cost=0.00..34.47 rows=1003 width=0)
	              Index Cond: ((id >= 2578152) AND (id <= 2579151))

table 6 : explain SELECT SUM(k) FROM sbtest6 WHERE id BETWEEN 6623628 AND 6624627
	Aggregate  (cost=3628.78..3628.79 rows=1 width=8)
	  ->  Bitmap Heap Scan on sbtest6  (cost=34.01..3626.44 rows=934 width=4)
	        Recheck Cond: ((id >= 6623628) AND (id <= 6624627))
	        ->  Bitmap Index Scan on sbtest6_pkey  (cost=0.00..33.78 rows=934 width=0)
	              Index Cond: ((id >= 6623628) AND (id <= 6624627))

table 7 : explain SELECT SUM(k) FROM sbtest7 WHERE id BETWEEN 1572605 AND 1573604
	Aggregate  (cost=4079.47..4079.48 rows=1 width=8)
	  ->  Bitmap Heap Scan on sbtest7  (cost=35.24..4076.83 rows=1054 width=4)
	        Recheck Cond: ((id >= 1572605) AND (id <= 1573604))
	        ->  Bitmap Index Scan on sbtest7_pkey  (cost=0.00..34.98 rows=1054 width=0)
	              Index Cond: ((id >= 1572605) AND (id <= 1573604))

table 8 : explain SELECT SUM(k) FROM sbtest8 WHERE id BETWEEN 5894231 AND 5895230
	Aggregate  (cost=3907.04..3907.05 rows=1 width=8)
	  ->  Bitmap Heap Scan on sbtest8  (cost=34.77..3904.52 rows=1008 width=4)
	        Recheck Cond: ((id >= 5894231) AND (id <= 5895230))
	        ->  Bitmap Index Scan on sbtest8_pkey  (cost=0.00..34.52 rows=1008 width=0)
	              Index Cond: ((id >= 5894231) AND (id <= 5895230))

explain: for point_selects :: explain SELECT c FROM sbtest%u WHERE id=%u
for: sum_ranges
table 1 : explain SELECT SUM(k) FROM sbtest1 WHERE id BETWEEN 3314995 AND 3315994
	Aggregate  (cost=4045.94..4045.95 rows=1 width=8)
	  ->  Bitmap Heap Scan on sbtest1  (cost=35.15..4043.33 rows=1045 width=4)
	        Recheck Cond: ((id >= 3314995) AND (id <= 3315994))
	        ->  Bitmap Index Scan on sbtest1_pkey  (cost=0.00..34.89 rows=1045 width=0)
	              Index Cond: ((id >= 3314995) AND (id <= 3315994))

table 2 : explain SELECT SUM(k) FROM sbtest2 WHERE id BETWEEN 8499493 AND 8500492
	Aggregate  (cost=3907.15..3907.16 rows=1 width=8)
	  ->  Bitmap Heap Scan on sbtest2  (cost=34.77..3904.63 rows=1008 width=4)
	        Recheck Cond: ((id >= 8499493) AND (id <= 8500492))
	        ->  Bitmap Index Scan on sbtest2_pkey  (cost=0.00..34.52 rows=1008 width=0)
	              Index Cond: ((id >= 8499493) AND (id <= 8500492))

table 3 : explain SELECT SUM(k) FROM sbtest3 WHERE id BETWEEN 165552 AND 166551
	Aggregate  (cost=3881.16..3881.17 rows=1 width=8)
	  ->  Bitmap Heap Scan on sbtest3  (cost=34.70..3878.66 rows=1001 width=4)
	        Recheck Cond: ((id >= 165552) AND (id <= 166551))
	        ->  Bitmap Index Scan on sbtest3_pkey  (cost=0.00..34.45 rows=1001 width=0)
	              Index Cond: ((id >= 165552) AND (id <= 166551))

table 4 : explain SELECT SUM(k) FROM sbtest4 WHERE id BETWEEN 1333316 AND 1334315
	Aggregate  (cost=3546.88..3546.89 rows=1 width=8)
	  ->  Bitmap Heap Scan on sbtest4  (cost=29.78..3544.60 rows=912 width=4)
	        Recheck Cond: ((id >= 1333316) AND (id <= 1334315))
	        ->  Bitmap Index Scan on sbtest4_pkey  (cost=0.00..29.55 rows=912 width=0)
	              Index Cond: ((id >= 1333316) AND (id <= 1334315))

table 5 : explain SELECT SUM(k) FROM sbtest5 WHERE id BETWEEN 8881416 AND 8882415
	Aggregate  (cost=4012.69..4012.70 rows=1 width=8)
	  ->  Bitmap Heap Scan on sbtest5  (cost=35.03..4010.10 rows=1034 width=4)
	        Recheck Cond: ((id >= 8881416) AND (id <= 8882415))
	        ->  Bitmap Index Scan on sbtest5_pkey  (cost=0.00..34.78 rows=1034 width=0)
	              Index Cond: ((id >= 8881416) AND (id <= 8882415))

table 6 : explain SELECT SUM(k) FROM sbtest6 WHERE id BETWEEN 2180775 AND 2181774
	Aggregate  (cost=3828.98..3828.99 rows=1 width=8)
	  ->  Bitmap Heap Scan on sbtest6  (cost=34.55..3826.51 rows=987 width=4)
	        Recheck Cond: ((id >= 2180775) AND (id <= 2181774))
	        ->  Bitmap Index Scan on sbtest6_pkey  (cost=0.00..34.31 rows=987 width=0)
	              Index Cond: ((id >= 2180775) AND (id <= 2181774))

table 7 : explain SELECT SUM(k) FROM sbtest7 WHERE id BETWEEN 6274551 AND 6275550
	Aggregate  (cost=3883.65..3883.66 rows=1 width=8)
	  ->  Bitmap Heap Scan on sbtest7  (cost=34.71..3881.14 rows=1002 width=4)
	        Recheck Cond: ((id >= 6274551) AND (id <= 6275550))
	        ->  Bitmap Index Scan on sbtest7_pkey  (cost=0.00..34.45 rows=1002 width=0)
	              Index Cond: ((id >= 6274551) AND (id <= 6275550))

table 8 : explain SELECT SUM(k) FROM sbtest8 WHERE id BETWEEN 8276302 AND 8277301
	Aggregate  (cost=4031.36..4031.37 rows=1 width=8)
	  ->  Bitmap Heap Scan on sbtest8  (cost=35.11..4028.76 rows=1041 width=4)
	        Recheck Cond: ((id >= 8276302) AND (id <= 8277301))
	        ->  Bitmap Index Scan on sbtest8_pkey  (cost=0.00..34.84 rows=1041 width=0)
	              Index Cond: ((id >= 8276302) AND (id <= 8277301))

for: simple_ranges
table 1 : explain SELECT c FROM sbtest1 WHERE id BETWEEN 4369486 AND 4370485
	Bitmap Heap Scan on sbtest1  (cost=34.43..3779.71 rows=975 width=121)
	  Recheck Cond: ((id >= 4369486) AND (id <= 4370485))
	  ->  Bitmap Index Scan on sbtest1_pkey  (cost=0.00..34.19 rows=975 width=0)
	        Index Cond: ((id >= 4369486) AND (id <= 4370485))

table 2 : explain SELECT c FROM sbtest2 WHERE id BETWEEN 8519042 AND 8520041
	Bitmap Heap Scan on sbtest2  (cost=34.77..3904.63 rows=1008 width=121)
	  Recheck Cond: ((id >= 8519042) AND (id <= 8520041))
	  ->  Bitmap Index Scan on sbtest2_pkey  (cost=0.00..34.52 rows=1008 width=0)
	        Index Cond: ((id >= 8519042) AND (id <= 8520041))

table 3 : explain SELECT c FROM sbtest3 WHERE id BETWEEN 2393295 AND 2394294
	Bitmap Heap Scan on sbtest3  (cost=29.93..3591.65 rows=926 width=121)
	  Recheck Cond: ((id >= 2393295) AND (id <= 2394294))
	  ->  Bitmap Index Scan on sbtest3_pkey  (cost=0.00..29.69 rows=926 width=0)
	        Index Cond: ((id >= 2393295) AND (id <= 2394294))

table 4 : explain SELECT c FROM sbtest4 WHERE id BETWEEN 6843574 AND 6844573
	Bitmap Heap Scan on sbtest4  (cost=33.92..3597.86 rows=925 width=121)
	  Recheck Cond: ((id >= 6843574) AND (id <= 6844573))
	  ->  Bitmap Index Scan on sbtest4_pkey  (cost=0.00..33.69 rows=925 width=0)
	        Index Cond: ((id >= 6843574) AND (id <= 6844573))

table 5 : explain SELECT c FROM sbtest5 WHERE id BETWEEN 103777 AND 104776
	Bitmap Heap Scan on sbtest5  (cost=34.05..3647.15 rows=938 width=121)
	  Recheck Cond: ((id >= 103777) AND (id <= 104776))
	  ->  Bitmap Index Scan on sbtest5_pkey  (cost=0.00..33.82 rows=938 width=0)
	        Index Cond: ((id >= 103777) AND (id <= 104776))

table 6 : explain SELECT c FROM sbtest6 WHERE id BETWEEN 3145228 AND 3146227
	Bitmap Heap Scan on sbtest6  (cost=40.02..4364.81 rows=1130 width=121)
	  Recheck Cond: ((id >= 3145228) AND (id <= 3146227))
	  ->  Bitmap Index Scan on sbtest6_pkey  (cost=0.00..39.73 rows=1130 width=0)
	        Index Cond: ((id >= 3145228) AND (id <= 3146227))

table 7 : explain SELECT c FROM sbtest7 WHERE id BETWEEN 676031 AND 677030
	Bitmap Heap Scan on sbtest7  (cost=34.81..3918.80 rows=1012 width=121)
	  Recheck Cond: ((id >= 676031) AND (id <= 677030))
	  ->  Bitmap Index Scan on sbtest7_pkey  (cost=0.00..34.56 rows=1012 width=0)
	        Index Cond: ((id >= 676031) AND (id <= 677030))

table 8 : explain SELECT c FROM sbtest8 WHERE id BETWEEN 466692 AND 467691
	Bitmap Heap Scan on sbtest8  (cost=34.19..3693.36 rows=952 width=121)
	  Recheck Cond: ((id >= 466692) AND (id <= 467691))
	  ->  Bitmap Index Scan on sbtest8_pkey  (cost=0.00..33.95 rows=952 width=0)
	        Index Cond: ((id >= 466692) AND (id <= 467691))

for point_selects
table 1 : explain SELECT c FROM sbtest1 WHERE id=6886269
	Index Scan using sbtest1_pkey on sbtest1  (cost=0.43..8.45 rows=1 width=121)
	  Index Cond: (id = 6886269)

table 2 : explain SELECT c FROM sbtest2 WHERE id=5300313
	Index Scan using sbtest2_pkey on sbtest2  (cost=0.43..8.45 rows=1 width=121)
	  Index Cond: (id = 5300313)

table 3 : explain SELECT c FROM sbtest3 WHERE id=8081235
	Index Scan using sbtest3_pkey on sbtest3  (cost=0.43..8.45 rows=1 width=121)
	  Index Cond: (id = 8081235)

table 4 : explain SELECT c FROM sbtest4 WHERE id=5647579
	Index Scan using sbtest4_pkey on sbtest4  (cost=0.43..8.45 rows=1 width=121)
	  Index Cond: (id = 5647579)

table 5 : explain SELECT c FROM sbtest5 WHERE id=6862702
	Index Scan using sbtest5_pkey on sbtest5  (cost=0.43..8.45 rows=1 width=121)
	  Index Cond: (id = 6862702)

table 6 : explain SELECT c FROM sbtest6 WHERE id=4524148
	Index Scan using sbtest6_pkey on sbtest6  (cost=0.43..8.45 rows=1 width=121)
	  Index Cond: (id = 4524148)

table 7 : explain SELECT c FROM sbtest7 WHERE id=4994225
	Index Scan using sbtest7_pkey on sbtest7  (cost=0.43..8.45 rows=1 width=121)
	  Index Cond: (id = 4994225)

table 8 : explain SELECT c FROM sbtest8 WHERE id=8403863
	Index Scan using sbtest8_pkey on sbtest8  (cost=0.43..8.45 rows=1 width=121)
	  Index Cond: (id = 8403863)

for: sum_ranges
table 1 : explain SELECT SUM(k) FROM sbtest1 WHERE id BETWEEN 5349868 AND 5350867
	Aggregate  (cost=4320.42..4320.43 rows=1 width=8)
	  ->  Bitmap Heap Scan on sbtest1  (cost=35.90..4317.62 rows=1119 width=4)
	        Recheck Cond: ((id >= 5349868) AND (id <= 5350867))
	        ->  Bitmap Index Scan on sbtest1_pkey  (cost=0.00..35.62 rows=1119 width=0)
	              Index Cond: ((id >= 5349868) AND (id <= 5350867))

table 2 : explain SELECT SUM(k) FROM sbtest2 WHERE id BETWEEN 296801 AND 297800
	Aggregate  (cost=4005.12..4005.13 rows=1 width=8)
	  ->  Bitmap Heap Scan on sbtest2  (cost=35.03..4002.53 rows=1034 width=4)
	        Recheck Cond: ((id >= 296801) AND (id <= 297800))
	        ->  Bitmap Index Scan on sbtest2_pkey  (cost=0.00..34.78 rows=1034 width=0)
	              Index Cond: ((id >= 296801) AND (id <= 297800))

table 3 : explain SELECT SUM(k) FROM sbtest3 WHERE id BETWEEN 8574321 AND 8575320
	Aggregate  (cost=4013.08..4013.09 rows=1 width=8)
	  ->  Bitmap Heap Scan on sbtest3  (cost=35.05..4010.49 rows=1036 width=4)
	        Recheck Cond: ((id >= 8574321) AND (id <= 8575320))
	        ->  Bitmap Index Scan on sbtest3_pkey  (cost=0.00..34.80 rows=1036 width=0)
	              Index Cond: ((id >= 8574321) AND (id <= 8575320))

table 4 : explain SELECT SUM(k) FROM sbtest4 WHERE id BETWEEN 6425986 AND 6426985
	Aggregate  (cost=4122.12..4122.13 rows=1 width=8)
	  ->  Bitmap Heap Scan on sbtest4  (cost=35.33..4119.46 rows=1063 width=4)
	        Recheck Cond: ((id >= 6425986) AND (id <= 6426985))
	        ->  Bitmap Index Scan on sbtest4_pkey  (cost=0.00..35.07 rows=1063 width=0)
	              Index Cond: ((id >= 6425986) AND (id <= 6426985))

table 5 : explain SELECT SUM(k) FROM sbtest5 WHERE id BETWEEN 3670512 AND 3671511
	Aggregate  (cost=3842.58..3842.59 rows=1 width=8)
	  ->  Bitmap Heap Scan on sbtest5  (cost=34.57..3840.11 rows=989 width=4)
	        Recheck Cond: ((id >= 3670512) AND (id <= 3671511))
	        ->  Bitmap Index Scan on sbtest5_pkey  (cost=0.00..34.33 rows=989 width=0)
	              Index Cond: ((id >= 3670512) AND (id <= 3671511))

table 6 : explain SELECT SUM(k) FROM sbtest6 WHERE id BETWEEN 9418972 AND 9419971
	Aggregate  (cost=3813.88..3813.89 rows=1 width=8)
	  ->  Bitmap Heap Scan on sbtest6  (cost=34.51..3811.43 rows=983 width=4)
	        Recheck Cond: ((id >= 9418972) AND (id <= 9419971))
	        ->  Bitmap Index Scan on sbtest6_pkey  (cost=0.00..34.27 rows=983 width=0)
	              Index Cond: ((id >= 9418972) AND (id <= 9419971))

table 7 : explain SELECT SUM(k) FROM sbtest7 WHERE id BETWEEN 2779051 AND 2780050
	Aggregate  (cost=3796.92..3796.93 rows=1 width=8)
	  ->  Bitmap Heap Scan on sbtest7  (cost=34.47..3794.48 rows=979 width=4)
	        Recheck Cond: ((id >= 2779051) AND (id <= 2780050))
	        ->  Bitmap Index Scan on sbtest7_pkey  (cost=0.00..34.23 rows=979 width=0)
	              Index Cond: ((id >= 2779051) AND (id <= 2780050))

table 8 : explain SELECT SUM(k) FROM sbtest8 WHERE id BETWEEN 2402758 AND 2403757
	Aggregate  (cost=3865.57..3865.58 rows=1 width=8)
	  ->  Bitmap Heap Scan on sbtest8  (cost=34.65..3863.08 rows=997 width=4)
	        Recheck Cond: ((id >= 2402758) AND (id <= 2403757))
	        ->  Bitmap Index Scan on sbtest8_pkey  (cost=0.00..34.41 rows=997 width=0)
	              Index Cond: ((id >= 2402758) AND (id <= 2403757))

for: simple_ranges
table 1 : explain SELECT c FROM sbtest1 WHERE id BETWEEN 9207979 AND 9208978
	Bitmap Heap Scan on sbtest1  (cost=30.14..3670.08 rows=947 width=121)
	  Recheck Cond: ((id >= 9207979) AND (id <= 9208978))
	  ->  Bitmap Index Scan on sbtest1_pkey  (cost=0.00..29.90 rows=947 width=0)
	        Index Cond: ((id >= 9207979) AND (id <= 9208978))

table 2 : explain SELECT c FROM sbtest2 WHERE id BETWEEN 422324 AND 423323
	Bitmap Heap Scan on sbtest2  (cost=29.98..3610.17 rows=931 width=121)
	  Recheck Cond: ((id >= 422324) AND (id <= 423323))
	  ->  Bitmap Index Scan on sbtest2_pkey  (cost=0.00..29.75 rows=931 width=0)
	        Index Cond: ((id >= 422324) AND (id <= 423323))

table 3 : explain SELECT c FROM sbtest3 WHERE id BETWEEN 4382174 AND 4383173
	Bitmap Heap Scan on sbtest3  (cost=34.51..3810.80 rows=983 width=121)
	  Recheck Cond: ((id >= 4382174) AND (id <= 4383173))
	  ->  Bitmap Index Scan on sbtest3_pkey  (cost=0.00..34.27 rows=983 width=0)
	        Index Cond: ((id >= 4382174) AND (id <= 4383173))

table 4 : explain SELECT c FROM sbtest4 WHERE id BETWEEN 9058318 AND 9059317
	Bitmap Heap Scan on sbtest4  (cost=35.08..4028.92 rows=1039 width=121)
	  Recheck Cond: ((id >= 9058318) AND (id <= 9059317))
	  ->  Bitmap Index Scan on sbtest4_pkey  (cost=0.00..34.83 rows=1039 width=0)
	        Index Cond: ((id >= 9058318) AND (id <= 9059317))

table 5 : explain SELECT c FROM sbtest5 WHERE id BETWEEN 7378322 AND 7379321
	Bitmap Heap Scan on sbtest5  (cost=34.93..3972.35 rows=1024 width=121)
	  Recheck Cond: ((id >= 7378322) AND (id <= 7379321))
	  ->  Bitmap Index Scan on sbtest5_pkey  (cost=0.00..34.68 rows=1024 width=0)
	        Index Cond: ((id >= 7378322) AND (id <= 7379321))

table 6 : explain SELECT c FROM sbtest6 WHERE id BETWEEN 5019413 AND 5020412
	Bitmap Heap Scan on sbtest6  (cost=33.98..3615.11 rows=931 width=121)
	  Recheck Cond: ((id >= 5019413) AND (id <= 5020412))
	  ->  Bitmap Index Scan on sbtest6_pkey  (cost=0.00..33.75 rows=931 width=0)
	        Index Cond: ((id >= 5019413) AND (id <= 5020412))

table 7 : explain SELECT c FROM sbtest7 WHERE id BETWEEN 564581 AND 565580
	Bitmap Heap Scan on sbtest7  (cost=34.15..3677.56 rows=948 width=121)
	  Recheck Cond: ((id >= 564581) AND (id <= 565580))
	  ->  Bitmap Index Scan on sbtest7_pkey  (cost=0.00..33.92 rows=948 width=0)
	        Index Cond: ((id >= 564581) AND (id <= 565580))

table 8 : explain SELECT c FROM sbtest8 WHERE id BETWEEN 5402563 AND 5403562
	Bitmap Heap Scan on sbtest8  (cost=35.36..4122.79 rows=1066 width=121)
	  Recheck Cond: ((id >= 5402563) AND (id <= 5403562))
	  ->  Bitmap Index Scan on sbtest8_pkey  (cost=0.00..35.09 rows=1066 width=0)
	        Index Cond: ((id >= 5402563) AND (id <= 5403562))

for: simple_ranges
table 1 : explain SELECT c FROM sbtest1 WHERE id BETWEEN 4844345 AND 4845344
	Bitmap Heap Scan on sbtest1  (cost=35.03..4001.95 rows=1034 width=121)
	  Recheck Cond: ((id >= 4844345) AND (id <= 4845344))
	  ->  Bitmap Index Scan on sbtest1_pkey  (cost=0.00..34.78 rows=1034 width=0)
	        Index Cond: ((id >= 4844345) AND (id <= 4845344))

table 2 : explain SELECT c FROM sbtest2 WHERE id BETWEEN 1488282 AND 1489281
	Bitmap Heap Scan on sbtest2  (cost=34.73..3889.56 rows=1004 width=121)
	  Recheck Cond: ((id >= 1488282) AND (id <= 1489281))
	  ->  Bitmap Index Scan on sbtest2_pkey  (cost=0.00..34.48 rows=1004 width=0)
	        Index Cond: ((id >= 1488282) AND (id <= 1489281))

table 3 : explain SELECT c FROM sbtest3 WHERE id BETWEEN 1131551 AND 1132550
	Bitmap Heap Scan on sbtest3  (cost=34.23..3708.94 rows=956 width=121)
	  Recheck Cond: ((id >= 1131551) AND (id <= 1132550))
	  ->  Bitmap Index Scan on sbtest3_pkey  (cost=0.00..34.00 rows=956 width=0)
	        Index Cond: ((id >= 1131551) AND (id <= 1132550))

table 4 : explain SELECT c FROM sbtest4 WHERE id BETWEEN 6594604 AND 6595603
	Bitmap Heap Scan on sbtest4  (cost=35.06..4021.37 rows=1037 width=121)
	  Recheck Cond: ((id >= 6594604) AND (id <= 6595603))
	  ->  Bitmap Index Scan on sbtest4_pkey  (cost=0.00..34.81 rows=1037 width=0)
	        Index Cond: ((id >= 6594604) AND (id <= 6595603))

table 5 : explain SELECT c FROM sbtest5 WHERE id BETWEEN 409310 AND 410309
	Bitmap Heap Scan on sbtest5  (cost=35.30..4108.21 rows=1060 width=121)
	  Recheck Cond: ((id >= 409310) AND (id <= 410309))
	  ->  Bitmap Index Scan on sbtest5_pkey  (cost=0.00..35.04 rows=1060 width=0)
	        Index Cond: ((id >= 409310) AND (id <= 410309))

table 6 : explain SELECT c FROM sbtest6 WHERE id BETWEEN 1591835 AND 1592834
	Bitmap Heap Scan on sbtest6  (cost=34.54..3822.74 rows=986 width=121)
	  Recheck Cond: ((id >= 1591835) AND (id <= 1592834))
	  ->  Bitmap Index Scan on sbtest6_pkey  (cost=0.00..34.30 rows=986 width=0)
	        Index Cond: ((id >= 1591835) AND (id <= 1592834))

table 7 : explain SELECT c FROM sbtest7 WHERE id BETWEEN 9766345 AND 9767344
	Bitmap Heap Scan on sbtest7  (cost=34.37..3756.77 rows=969 width=121)
	  Recheck Cond: ((id >= 9766345) AND (id <= 9767344))
	  ->  Bitmap Index Scan on sbtest7_pkey  (cost=0.00..34.12 rows=969 width=0)
	        Index Cond: ((id >= 9766345) AND (id <= 9767344))

table 8 : explain SELECT c FROM sbtest8 WHERE id BETWEEN 8211915 AND 8212914
	Bitmap Heap Scan on sbtest8  (cost=35.03..4002.42 rows=1034 width=121)
	  Recheck Cond: ((id >= 8211915) AND (id <= 8212914))
	  ->  Bitmap Index Scan on sbtest8_pkey  (cost=0.00..34.78 rows=1034 width=0)
	        Index Cond: ((id >= 8211915) AND (id <= 8212914))

for point_selects
table 1 : explain SELECT c FROM sbtest1 WHERE id=3112674
	Index Scan using sbtest1_pkey on sbtest1  (cost=0.43..8.45 rows=1 width=121)
	  Index Cond: (id = 3112674)

table 2 : explain SELECT c FROM sbtest2 WHERE id=5745972
	Index Scan using sbtest2_pkey on sbtest2  (cost=0.43..8.45 rows=1 width=121)
	  Index Cond: (id = 5745972)

table 3 : explain SELECT c FROM sbtest3 WHERE id=6751980
	Index Scan using sbtest3_pkey on sbtest3  (cost=0.43..8.45 rows=1 width=121)
	  Index Cond: (id = 6751980)

table 4 : explain SELECT c FROM sbtest4 WHERE id=4363883
	Index Scan using sbtest4_pkey on sbtest4  (cost=0.43..8.45 rows=1 width=121)
	  Index Cond: (id = 4363883)

table 5 : explain SELECT c FROM sbtest5 WHERE id=388383
	Index Scan using sbtest5_pkey on sbtest5  (cost=0.43..8.45 rows=1 width=121)
	  Index Cond: (id = 388383)

table 6 : explain SELECT c FROM sbtest6 WHERE id=7559722
	Index Scan using sbtest6_pkey on sbtest6  (cost=0.43..8.45 rows=1 width=121)
	  Index Cond: (id = 7559722)

table 7 : explain SELECT c FROM sbtest7 WHERE id=7555089
	Index Scan using sbtest7_pkey on sbtest7  (cost=0.43..8.45 rows=1 width=121)
	  Index Cond: (id = 7555089)

table 8 : explain SELECT c FROM sbtest8 WHERE id=9275355
	Index Scan using sbtest8_pkey on sbtest8  (cost=0.43..8.45 rows=1 width=121)
	  Index Cond: (id = 9275355)

for: sum_ranges
table 1 : explain SELECT SUM(k) FROM sbtest1 WHERE id BETWEEN 2035985 AND 2036984
	Aggregate  (cost=3483.44..3483.45 rows=1 width=8)
	  ->  Bitmap Heap Scan on sbtest1  (cost=29.63..3481.20 rows=897 width=4)
	        Recheck Cond: ((id >= 2035985) AND (id <= 2036984))
	        ->  Bitmap Index Scan on sbtest1_pkey  (cost=0.00..29.40 rows=897 width=0)
	              Index Cond: ((id >= 2035985) AND (id <= 2036984))

table 2 : explain SELECT SUM(k) FROM sbtest2 WHERE id BETWEEN 9510036 AND 9511035
	Aggregate  (cost=3499.05..3499.06 rows=1 width=8)
	  ->  Bitmap Heap Scan on sbtest2  (cost=29.67..3496.79 rows=901 width=4)
	        Recheck Cond: ((id >= 9510036) AND (id <= 9511035))
	        ->  Bitmap Index Scan on sbtest2_pkey  (cost=0.00..29.44 rows=901 width=0)
	              Index Cond: ((id >= 9510036) AND (id <= 9511035))

table 3 : explain SELECT SUM(k) FROM sbtest3 WHERE id BETWEEN 7464243 AND 7465242
	Aggregate  (cost=4137.31..4137.32 rows=1 width=8)
	  ->  Bitmap Heap Scan on sbtest3  (cost=35.39..4134.64 rows=1069 width=4)
	        Recheck Cond: ((id >= 7464243) AND (id <= 7465242))
	        ->  Bitmap Index Scan on sbtest3_pkey  (cost=0.00..35.12 rows=1069 width=0)
	              Index Cond: ((id >= 7464243) AND (id <= 7465242))

table 4 : explain SELECT SUM(k) FROM sbtest4 WHERE id BETWEEN 5321439 AND 5322438
	Aggregate  (cost=3827.40..3827.41 rows=1 width=8)
	  ->  Bitmap Heap Scan on sbtest4  (cost=34.53..3824.94 rows=985 width=4)
	        Recheck Cond: ((id >= 5321439) AND (id <= 5322438))
	        ->  Bitmap Index Scan on sbtest4_pkey  (cost=0.00..34.29 rows=985 width=0)
	              Index Cond: ((id >= 5321439) AND (id <= 5322438))

table 5 : explain SELECT SUM(k) FROM sbtest5 WHERE id BETWEEN 3751608 AND 3752607
	Aggregate  (cost=4246.65..4246.66 rows=1 width=8)
	  ->  Bitmap Heap Scan on sbtest5  (cost=35.67..4243.91 rows=1096 width=4)
	        Recheck Cond: ((id >= 3751608) AND (id <= 3752607))
	        ->  Bitmap Index Scan on sbtest5_pkey  (cost=0.00..35.40 rows=1096 width=0)
	              Index Cond: ((id >= 3751608) AND (id <= 3752607))

table 6 : explain SELECT SUM(k) FROM sbtest6 WHERE id BETWEEN 5183155 AND 5184154
	Aggregate  (cost=3753.48..3753.49 rows=1 width=8)
	  ->  Bitmap Heap Scan on sbtest6  (cost=34.35..3751.06 rows=967 width=4)
	        Recheck Cond: ((id >= 5183155) AND (id <= 5184154))
	        ->  Bitmap Index Scan on sbtest6_pkey  (cost=0.00..34.11 rows=967 width=0)
	              Index Cond: ((id >= 5183155) AND (id <= 5184154))

table 7 : explain SELECT SUM(k) FROM sbtest7 WHERE id BETWEEN 2298502 AND 2299501
	Aggregate  (cost=3947.71..3947.72 rows=1 width=8)
	  ->  Bitmap Heap Scan on sbtest7  (cost=34.88..3945.16 rows=1019 width=4)
	        Recheck Cond: ((id >= 2298502) AND (id <= 2299501))
	        ->  Bitmap Index Scan on sbtest7_pkey  (cost=0.00..34.62 rows=1019 width=0)
	              Index Cond: ((id >= 2298502) AND (id <= 2299501))

table 8 : explain SELECT SUM(k) FROM sbtest8 WHERE id BETWEEN 1118995 AND 1119994
	Aggregate  (cost=3944.73..3944.74 rows=1 width=8)
	  ->  Bitmap Heap Scan on sbtest8  (cost=34.87..3942.18 rows=1018 width=4)
	        Recheck Cond: ((id >= 1118995) AND (id <= 1119994))
	        ->  Bitmap Index Scan on sbtest8_pkey  (cost=0.00..34.62 rows=1018 width=0)
	              Index Cond: ((id >= 1118995) AND (id <= 1119994))

for: order_ranges
table 1 : explain SELECT c FROM sbtest1 WHERE id BETWEEN 1463519 AND 1464518 ORDER BY c
	Sort  (cost=4011.69..4014.25 rows=1023 width=121)
	  Sort Key: c
	  ->  Bitmap Heap Scan on sbtest1  (cost=34.92..3960.55 rows=1023 width=121)
	        Recheck Cond: ((id >= 1463519) AND (id <= 1464518))
	        ->  Bitmap Index Scan on sbtest1_pkey  (cost=0.00..34.67 rows=1023 width=0)
	              Index Cond: ((id >= 1463519) AND (id <= 1464518))

table 2 : explain SELECT c FROM sbtest2 WHERE id BETWEEN 8296765 AND 8297764 ORDER BY c
	Sort  (cost=3759.72..3762.11 rows=957 width=121)
	  Sort Key: c
	  ->  Bitmap Heap Scan on sbtest2  (cost=34.24..3712.33 rows=957 width=121)
	        Recheck Cond: ((id >= 8296765) AND (id <= 8297764))
	        ->  Bitmap Index Scan on sbtest2_pkey  (cost=0.00..34.01 rows=957 width=0)
	              Index Cond: ((id >= 8296765) AND (id <= 8297764))

table 3 : explain SELECT c FROM sbtest3 WHERE id BETWEEN 3904454 AND 3905453 ORDER BY c
	Sort  (cost=4123.50..4126.13 rows=1052 width=121)
	  Sort Key: c
	  ->  Bitmap Heap Scan on sbtest3  (cost=35.22..4070.70 rows=1052 width=121)
	        Recheck Cond: ((id >= 3904454) AND (id <= 3905453))
	        ->  Bitmap Index Scan on sbtest3_pkey  (cost=0.00..34.95 rows=1052 width=0)
	              Index Cond: ((id >= 3904454) AND (id <= 3905453))

table 4 : explain SELECT c FROM sbtest4 WHERE id BETWEEN 1222053 AND 1223052 ORDER BY c
	Sort  (cost=4092.47..4095.08 rows=1042 width=121)
	  Sort Key: c
	  ->  Bitmap Heap Scan on sbtest4  (cost=35.12..4040.24 rows=1042 width=121)
	        Recheck Cond: ((id >= 1222053) AND (id <= 1223052))
	        ->  Bitmap Index Scan on sbtest4_pkey  (cost=0.00..34.86 rows=1042 width=0)
	              Index Cond: ((id >= 1222053) AND (id <= 1223052))

table 5 : explain SELECT c FROM sbtest5 WHERE id BETWEEN 5898172 AND 5899171 ORDER BY c
	Sort  (cost=3958.36..3960.88 rows=1007 width=121)
	  Sort Key: c
	  ->  Bitmap Heap Scan on sbtest5  (cost=34.76..3908.14 rows=1007 width=121)
	        Recheck Cond: ((id >= 5898172) AND (id <= 5899171))
	        ->  Bitmap Index Scan on sbtest5_pkey  (cost=0.00..34.51 rows=1007 width=0)
	              Index Cond: ((id >= 5898172) AND (id <= 5899171))

table 6 : explain SELECT c FROM sbtest6 WHERE id BETWEEN 3318098 AND 3319097 ORDER BY c
	Sort  (cost=4231.12..4233.82 rows=1080 width=121)
	  Sort Key: c
	  ->  Bitmap Heap Scan on sbtest6  (cost=35.51..4176.71 rows=1080 width=121)
	        Recheck Cond: ((id >= 3318098) AND (id <= 3319097))
	        ->  Bitmap Index Scan on sbtest6_pkey  (cost=0.00..35.23 rows=1080 width=0)
	              Index Cond: ((id >= 3318098) AND (id <= 3319097))

table 7 : explain SELECT c FROM sbtest7 WHERE id BETWEEN 8960211 AND 8961210 ORDER BY c
	Sort  (cost=4141.21..4143.85 rows=1057 width=121)
	  Sort Key: c
	  ->  Bitmap Heap Scan on sbtest7  (cost=35.27..4088.11 rows=1057 width=121)
	        Recheck Cond: ((id >= 8960211) AND (id <= 8961210))
	        ->  Bitmap Index Scan on sbtest7_pkey  (cost=0.00..35.01 rows=1057 width=0)
	              Index Cond: ((id >= 8960211) AND (id <= 8961210))

table 8 : explain SELECT c FROM sbtest8 WHERE id BETWEEN 8395667 AND 8396666 ORDER BY c
	Sort  (cost=3954.81..3957.33 rows=1008 width=121)
	  Sort Key: c
	  ->  Bitmap Heap Scan on sbtest8  (cost=34.77..3904.52 rows=1008 width=121)
	        Recheck Cond: ((id >= 8395667) AND (id <= 8396666))
	        ->  Bitmap Index Scan on sbtest8_pkey  (cost=0.00..34.52 rows=1008 width=0)
	              Index Cond: ((id >= 8395667) AND (id <= 8396666))

for: sum_ranges
table 1 : explain SELECT SUM(k) FROM sbtest1 WHERE id BETWEEN 9165206 AND 9166205
	Aggregate  (cost=4170.09..4170.10 rows=1 width=8)
	  ->  Bitmap Heap Scan on sbtest1  (cost=35.48..4167.40 rows=1078 width=4)
	        Recheck Cond: ((id >= 9165206) AND (id <= 9166205))
	        ->  Bitmap Index Scan on sbtest1_pkey  (cost=0.00..35.22 rows=1078 width=0)
	              Index Cond: ((id >= 9165206) AND (id <= 9166205))

table 2 : explain SELECT SUM(k) FROM sbtest2 WHERE id BETWEEN 5039776 AND 5040775
	Aggregate  (cost=4039.01..4039.02 rows=1 width=8)
	  ->  Bitmap Heap Scan on sbtest2  (cost=35.13..4036.40 rows=1043 width=4)
	        Recheck Cond: ((id >= 5039776) AND (id <= 5040775))
	        ->  Bitmap Index Scan on sbtest2_pkey  (cost=0.00..34.87 rows=1043 width=0)
	              Index Cond: ((id >= 5039776) AND (id <= 5040775))

table 3 : explain SELECT SUM(k) FROM sbtest3 WHERE id BETWEEN 8086943 AND 8087942
	Aggregate  (cost=4182.45..4182.46 rows=1 width=8)
	  ->  Bitmap Heap Scan on sbtest3  (cost=35.52..4179.75 rows=1081 width=4)
	        Recheck Cond: ((id >= 8086943) AND (id <= 8087942))
	        ->  Bitmap Index Scan on sbtest3_pkey  (cost=0.00..35.25 rows=1081 width=0)
	              Index Cond: ((id >= 8086943) AND (id <= 8087942))

table 4 : explain SELECT SUM(k) FROM sbtest4 WHERE id BETWEEN 5363376 AND 5364375
	Aggregate  (cost=3827.40..3827.41 rows=1 width=8)
	  ->  Bitmap Heap Scan on sbtest4  (cost=34.53..3824.94 rows=985 width=4)
	        Recheck Cond: ((id >= 5363376) AND (id <= 5364375))
	        ->  Bitmap Index Scan on sbtest4_pkey  (cost=0.00..34.29 rows=985 width=0)
	              Index Cond: ((id >= 5363376) AND (id <= 5364375))

table 5 : explain SELECT SUM(k) FROM sbtest5 WHERE id BETWEEN 2876078 AND 2877077
	Aggregate  (cost=3581.06..3581.07 rows=1 width=8)
	  ->  Bitmap Heap Scan on sbtest5  (cost=29.88..3578.75 rows=921 width=4)
	        Recheck Cond: ((id >= 2876078) AND (id <= 2877077))
	        ->  Bitmap Index Scan on sbtest5_pkey  (cost=0.00..29.64 rows=921 width=0)
	              Index Cond: ((id >= 2876078) AND (id <= 2877077))

table 6 : explain SELECT SUM(k) FROM sbtest6 WHERE id BETWEEN 2575656 AND 2576655
	Aggregate  (cost=3564.27..3564.28 rows=1 width=8)
	  ->  Bitmap Heap Scan on sbtest6  (cost=29.84..3561.97 rows=918 width=4)
	        Recheck Cond: ((id >= 2575656) AND (id <= 2576655))
	        ->  Bitmap Index Scan on sbtest6_pkey  (cost=0.00..29.61 rows=918 width=0)
	              Index Cond: ((id >= 2575656) AND (id <= 2576655))

table 7 : explain SELECT SUM(k) FROM sbtest7 WHERE id BETWEEN 8859779 AND 8860778
	Aggregate  (cost=4064.42..4064.43 rows=1 width=8)
	  ->  Bitmap Heap Scan on sbtest7  (cost=35.20..4061.79 rows=1050 width=4)
	        Recheck Cond: ((id >= 8859779) AND (id <= 8860778))
	        ->  Bitmap Index Scan on sbtest7_pkey  (cost=0.00..34.94 rows=1050 width=0)
	              Index Cond: ((id >= 8859779) AND (id <= 8860778))

table 8 : explain SELECT SUM(k) FROM sbtest8 WHERE id BETWEEN 6718769 AND 6719768
	Aggregate  (cost=3608.84..3608.85 rows=1 width=8)
	  ->  Bitmap Heap Scan on sbtest8  (cost=33.96..3606.52 rows=929 width=4)
	        Recheck Cond: ((id >= 6718769) AND (id <= 6719768))
	        ->  Bitmap Index Scan on sbtest8_pkey  (cost=0.00..33.73 rows=929 width=0)
	              Index Cond: ((id >= 6718769) AND (id <= 6719768))

for: sum_ranges
table 1 : explain SELECT SUM(k) FROM sbtest1 WHERE id BETWEEN 8031493 AND 8032492
	Aggregate  (cost=3902.82..3902.83 rows=1 width=8)
	  ->  Bitmap Heap Scan on sbtest1  (cost=34.76..3900.30 rows=1007 width=4)
	        Recheck Cond: ((id >= 8031493) AND (id <= 8032492))
	        ->  Bitmap Index Scan on sbtest1_pkey  (cost=0.00..34.51 rows=1007 width=0)
	              Index Cond: ((id >= 8031493) AND (id <= 8032492))

table 2 : explain SELECT SUM(k) FROM sbtest2 WHERE id BETWEEN 9391941 AND 9392940
	Aggregate  (cost=3771.36..3771.37 rows=1 width=8)
	  ->  Bitmap Heap Scan on sbtest2  (cost=34.40..3768.93 rows=972 width=4)
	        Recheck Cond: ((id >= 9391941) AND (id <= 9392940))
	        ->  Bitmap Index Scan on sbtest2_pkey  (cost=0.00..34.16 rows=972 width=0)
	              Index Cond: ((id >= 9391941) AND (id <= 9392940))

table 3 : explain SELECT SUM(k) FROM sbtest3 WHERE id BETWEEN 2567070 AND 2568069
	Aggregate  (cost=3843.45..3843.46 rows=1 width=8)
	  ->  Bitmap Heap Scan on sbtest3  (cost=34.59..3840.97 rows=991 width=4)
	        Recheck Cond: ((id >= 2567070) AND (id <= 2568069))
	        ->  Bitmap Index Scan on sbtest3_pkey  (cost=0.00..34.34 rows=991 width=0)
	              Index Cond: ((id >= 2567070) AND (id <= 2568069))

table 4 : explain SELECT SUM(k) FROM sbtest4 WHERE id BETWEEN 4026694 AND 4027693
	Aggregate  (cost=3884.13..3884.14 rows=1 width=8)
	  ->  Bitmap Heap Scan on sbtest4  (cost=34.69..3881.63 rows=1000 width=4)
	        Recheck Cond: ((id >= 4026694) AND (id <= 4027693))
	        ->  Bitmap Index Scan on sbtest4_pkey  (cost=0.00..34.44 rows=1000 width=0)
	              Index Cond: ((id >= 4026694) AND (id <= 4027693))

table 5 : explain SELECT SUM(k) FROM sbtest5 WHERE id BETWEEN 3894192 AND 3895191
	Aggregate  (cost=3717.68..3717.69 rows=1 width=8)
	  ->  Bitmap Heap Scan on sbtest5  (cost=34.23..3715.29 rows=956 width=4)
	        Recheck Cond: ((id >= 3894192) AND (id <= 3895191))
	        ->  Bitmap Index Scan on sbtest5_pkey  (cost=0.00..34.00 rows=956 width=0)
	              Index Cond: ((id >= 3894192) AND (id <= 3895191))

table 6 : explain SELECT SUM(k) FROM sbtest6 WHERE id BETWEEN 5387899 AND 5388898
	Aggregate  (cost=3647.68..3647.69 rows=1 width=8)
	  ->  Bitmap Heap Scan on sbtest6  (cost=34.06..3645.33 rows=939 width=4)
	        Recheck Cond: ((id >= 5387899) AND (id <= 5388898))
	        ->  Bitmap Index Scan on sbtest6_pkey  (cost=0.00..33.83 rows=939 width=0)
	              Index Cond: ((id >= 5387899) AND (id <= 5388898))

table 7 : explain SELECT SUM(k) FROM sbtest7 WHERE id BETWEEN 9887726 AND 9888725
	Aggregate  (cost=4109.57..4109.58 rows=1 width=8)
	  ->  Bitmap Heap Scan on sbtest7  (cost=35.32..4106.91 rows=1062 width=4)
	        Recheck Cond: ((id >= 9887726) AND (id <= 9888725))
	        ->  Bitmap Index Scan on sbtest7_pkey  (cost=0.00..35.06 rows=1062 width=0)
	              Index Cond: ((id >= 9887726) AND (id <= 9888725))

table 8 : explain SELECT SUM(k) FROM sbtest8 WHERE id BETWEEN 3333177 AND 3334176
	Aggregate  (cost=4001.24..4001.25 rows=1 width=8)
	  ->  Bitmap Heap Scan on sbtest8  (cost=35.02..3998.66 rows=1033 width=4)
	        Recheck Cond: ((id >= 3333177) AND (id <= 3334176))
	        ->  Bitmap Index Scan on sbtest8_pkey  (cost=0.00..34.77 rows=1033 width=0)
	              Index Cond: ((id >= 3333177) AND (id <= 3334176))

for: simple_ranges
table 1 : explain SELECT c FROM sbtest1 WHERE id BETWEEN 4840605 AND 4841604
	Bitmap Heap Scan on sbtest1  (cost=35.03..4001.95 rows=1034 width=121)
	  Recheck Cond: ((id >= 4840605) AND (id <= 4841604))
	  ->  Bitmap Index Scan on sbtest1_pkey  (cost=0.00..34.78 rows=1034 width=0)
	        Index Cond: ((id >= 4840605) AND (id <= 4841604))

table 2 : explain SELECT c FROM sbtest2 WHERE id BETWEEN 3294358 AND 3295357
	Bitmap Heap Scan on sbtest2  (cost=35.03..4002.53 rows=1034 width=121)
	  Recheck Cond: ((id >= 3294358) AND (id <= 3295357))
	  ->  Bitmap Index Scan on sbtest2_pkey  (cost=0.00..34.78 rows=1034 width=0)
	        Index Cond: ((id >= 3294358) AND (id <= 3295357))

table 3 : explain SELECT c FROM sbtest3 WHERE id BETWEEN 1490233 AND 1491232
	Bitmap Heap Scan on sbtest3  (cost=35.19..4059.41 rows=1049 width=121)
	  Recheck Cond: ((id >= 1490233) AND (id <= 1491232))
	  ->  Bitmap Index Scan on sbtest3_pkey  (cost=0.00..34.93 rows=1049 width=0)
	        Index Cond: ((id >= 1490233) AND (id <= 1491232))

table 4 : explain SELECT c FROM sbtest4 WHERE id BETWEEN 7870015 AND 7871014
	Bitmap Heap Scan on sbtest4  (cost=34.89..3957.19 rows=1020 width=121)
	  Recheck Cond: ((id >= 7870015) AND (id <= 7871014))
	  ->  Bitmap Index Scan on sbtest4_pkey  (cost=0.00..34.64 rows=1020 width=0)
	        Index Cond: ((id >= 7870015) AND (id <= 7871014))

table 5 : explain SELECT c FROM sbtest5 WHERE id BETWEEN 8406754 AND 8407753
	Bitmap Heap Scan on sbtest5  (cost=34.93..3972.35 rows=1024 width=121)
	  Recheck Cond: ((id >= 8406754) AND (id <= 8407753))
	  ->  Bitmap Index Scan on sbtest5_pkey  (cost=0.00..34.68 rows=1024 width=0)
	        Index Cond: ((id >= 8406754) AND (id <= 8407753))

table 6 : explain SELECT c FROM sbtest6 WHERE id BETWEEN 6781928 AND 6782927
	Bitmap Heap Scan on sbtest6  (cost=35.42..4146.63 rows=1072 width=121)
	  Recheck Cond: ((id >= 6781928) AND (id <= 6782927))
	  ->  Bitmap Index Scan on sbtest6_pkey  (cost=0.00..35.16 rows=1072 width=0)
	        Index Cond: ((id >= 6781928) AND (id <= 6782927))

table 7 : explain SELECT c FROM sbtest7 WHERE id BETWEEN 4311267 AND 4312266
	Bitmap Heap Scan on sbtest7  (cost=35.25..4080.59 rows=1055 width=121)
	  Recheck Cond: ((id >= 4311267) AND (id <= 4312266))
	  ->  Bitmap Index Scan on sbtest7_pkey  (cost=0.00..34.98 rows=1055 width=0)
	        Index Cond: ((id >= 4311267) AND (id <= 4312266))

table 8 : explain SELECT c FROM sbtest8 WHERE id BETWEEN 801259 AND 802258
	Bitmap Heap Scan on sbtest8  (cost=34.41..3772.60 rows=973 width=121)
	  Recheck Cond: ((id >= 801259) AND (id <= 802258))
	  ->  Bitmap Index Scan on sbtest8_pkey  (cost=0.00..34.17 rows=973 width=0)
	        Index Cond: ((id >= 801259) AND (id <= 802258))

for: sum_ranges
table 1 : explain SELECT SUM(k) FROM sbtest1 WHERE id BETWEEN 9110536 AND 9111535
	Aggregate  (cost=4170.09..4170.10 rows=1 width=8)
	  ->  Bitmap Heap Scan on sbtest1  (cost=35.48..4167.40 rows=1078 width=4)
	        Recheck Cond: ((id >= 9110536) AND (id <= 9111535))
	        ->  Bitmap Index Scan on sbtest1_pkey  (cost=0.00..35.22 rows=1078 width=0)
	              Index Cond: ((id >= 9110536) AND (id <= 9111535))

table 2 : explain SELECT SUM(k) FROM sbtest2 WHERE id BETWEEN 8530400 AND 8531399
	Aggregate  (cost=3907.15..3907.16 rows=1 width=8)
	  ->  Bitmap Heap Scan on sbtest2  (cost=34.77..3904.63 rows=1008 width=4)
	        Recheck Cond: ((id >= 8530400) AND (id <= 8531399))
	        ->  Bitmap Index Scan on sbtest2_pkey  (cost=0.00..34.52 rows=1008 width=0)
	              Index Cond: ((id >= 8530400) AND (id <= 8531399))

table 3 : explain SELECT SUM(k) FROM sbtest3 WHERE id BETWEEN 5026861 AND 5027860
	Aggregate  (cost=4013.08..4013.09 rows=1 width=8)
	  ->  Bitmap Heap Scan on sbtest3  (cost=35.05..4010.49 rows=1036 width=4)
	        Recheck Cond: ((id >= 5026861) AND (id <= 5027860))
	        ->  Bitmap Index Scan on sbtest3_pkey  (cost=0.00..34.80 rows=1036 width=0)
	              Index Cond: ((id >= 5026861) AND (id <= 5027860))

table 4 : explain SELECT SUM(k) FROM sbtest4 WHERE id BETWEEN 4144035 AND 4145034
	Aggregate  (cost=3634.29..3634.30 rows=1 width=8)
	  ->  Bitmap Heap Scan on sbtest4  (cost=34.01..3631.95 rows=934 width=4)
	        Recheck Cond: ((id >= 4144035) AND (id <= 4145034))
	        ->  Bitmap Index Scan on sbtest4_pkey  (cost=0.00..33.78 rows=934 width=0)
	              Index Cond: ((id >= 4144035) AND (id <= 4145034))

table 5 : explain SELECT SUM(k) FROM sbtest5 WHERE id BETWEEN 538346 AND 539345
	Aggregate  (cost=4050.45..4050.46 rows=1 width=8)
	  ->  Bitmap Heap Scan on sbtest5  (cost=35.14..4047.84 rows=1044 width=4)
	        Recheck Cond: ((id >= 538346) AND (id <= 539345))
	        ->  Bitmap Index Scan on sbtest5_pkey  (cost=0.00..34.88 rows=1044 width=0)
	              Index Cond: ((id >= 538346) AND (id <= 539345))

table 6 : explain SELECT SUM(k) FROM sbtest6 WHERE id BETWEEN 5239889 AND 5240888
	Aggregate  (cost=3761.03..3761.04 rows=1 width=8)
	  ->  Bitmap Heap Scan on sbtest6  (cost=34.37..3758.61 rows=969 width=4)
	        Recheck Cond: ((id >= 5239889) AND (id <= 5240888))
	        ->  Bitmap Index Scan on sbtest6_pkey  (cost=0.00..34.12 rows=969 width=0)
	              Index Cond: ((id >= 5239889) AND (id <= 5240888))

table 7 : explain SELECT SUM(k) FROM sbtest7 WHERE id BETWEEN 1002309 AND 1003308
	Aggregate  (cost=3316.58..3316.59 rows=1 width=8)
	  ->  Bitmap Heap Scan on sbtest7  (cost=29.18..3314.45 rows=853 width=4)
	        Recheck Cond: ((id >= 1002309) AND (id <= 1003308))
	        ->  Bitmap Index Scan on sbtest7_pkey  (cost=0.00..28.96 rows=853 width=0)
	              Index Cond: ((id >= 1002309) AND (id <= 1003308))

table 8 : explain SELECT SUM(k) FROM sbtest8 WHERE id BETWEEN 1661525 AND 1662524
	Aggregate  (cost=3827.85..3827.86 rows=1 width=8)
	  ->  Bitmap Heap Scan on sbtest8  (cost=34.55..3825.38 rows=987 width=4)
	        Recheck Cond: ((id >= 1661525) AND (id <= 1662524))
	        ->  Bitmap Index Scan on sbtest8_pkey  (cost=0.00..34.31 rows=987 width=0)
	              Index Cond: ((id >= 1661525) AND (id <= 1662524))

for: distinct_ranges
table 1 : explain SELECT DISTINCT c FROM sbtest1 WHERE id BETWEEN 323614 AND 324613 ORDER BY c
	Unique  (cost=4072.82..4078.01 rows=1039 width=121)
	  ->  Sort  (cost=4072.82..4075.42 rows=1039 width=121)
	        Sort Key: c
	        ->  Bitmap Heap Scan on sbtest1  (cost=35.08..4020.76 rows=1039 width=121)
	              Recheck Cond: ((id >= 323614) AND (id <= 324613))
	              ->  Bitmap Index Scan on sbtest1_pkey  (cost=0.00..34.83 rows=1039 width=0)
	                    Index Cond: ((id >= 323614) AND (id <= 324613))

table 2 : explain SELECT DISTINCT c FROM sbtest2 WHERE id BETWEEN 3035343 AND 3036342 ORDER BY c
	Unique  (cost=3874.58..3879.51 rows=987 width=121)
	  ->  Sort  (cost=3874.58..3877.04 rows=987 width=121)
	        Sort Key: c
	        ->  Bitmap Heap Scan on sbtest2  (cost=34.55..3825.49 rows=987 width=121)
	              Recheck Cond: ((id >= 3035343) AND (id <= 3036342))
	              ->  Bitmap Index Scan on sbtest2_pkey  (cost=0.00..34.31 rows=987 width=0)
	                    Index Cond: ((id >= 3035343) AND (id <= 3036342))

table 3 : explain SELECT DISTINCT c FROM sbtest3 WHERE id BETWEEN 9438961 AND 9439960 ORDER BY c
	Unique  (cost=4337.22..4342.76 rows=1108 width=121)
	  ->  Sort  (cost=4337.22..4339.99 rows=1108 width=121)
	        Sort Key: c
	        ->  Bitmap Heap Scan on sbtest3  (cost=35.79..4281.19 rows=1108 width=121)
	              Recheck Cond: ((id >= 9438961) AND (id <= 9439960))
	              ->  Bitmap Index Scan on sbtest3_pkey  (cost=0.00..35.52 rows=1108 width=0)
	                    Index Cond: ((id >= 9438961) AND (id <= 9439960))

table 4 : explain SELECT DISTINCT c FROM sbtest4 WHERE id BETWEEN 5160598 AND 5161597 ORDER BY c
	Unique  (cost=4027.33..4032.45 rows=1025 width=121)
	  ->  Sort  (cost=4027.33..4029.89 rows=1025 width=121)
	        Sort Key: c
	        ->  Bitmap Heap Scan on sbtest4  (cost=34.94..3976.07 rows=1025 width=121)
	              Recheck Cond: ((id >= 5160598) AND (id <= 5161597))
	              ->  Bitmap Index Scan on sbtest4_pkey  (cost=0.00..34.69 rows=1025 width=0)
	                    Index Cond: ((id >= 5160598) AND (id <= 5161597))

table 5 : explain SELECT DISTINCT c FROM sbtest5 WHERE id BETWEEN 2069354 AND 2070353 ORDER BY c
	Unique  (cost=3820.22..3825.07 rows=971 width=121)
	  ->  Sort  (cost=3820.22..3822.65 rows=971 width=121)
	        Sort Key: c
	        ->  Bitmap Heap Scan on sbtest5  (cost=34.39..3772.04 rows=971 width=121)
	              Recheck Cond: ((id >= 2069354) AND (id <= 2070353))
	              ->  Bitmap Index Scan on sbtest5_pkey  (cost=0.00..34.15 rows=971 width=0)
	                    Index Cond: ((id >= 2069354) AND (id <= 2070353))

table 6 : explain SELECT DISTINCT c FROM sbtest6 WHERE id BETWEEN 5282005 AND 5283004 ORDER BY c
	Unique  (cost=3806.67..3811.51 rows=969 width=121)
	  ->  Sort  (cost=3806.67..3809.09 rows=969 width=121)
	        Sort Key: c
	        ->  Bitmap Heap Scan on sbtest6  (cost=34.37..3758.61 rows=969 width=121)
	              Recheck Cond: ((id >= 5282005) AND (id <= 5283004))
	              ->  Bitmap Index Scan on sbtest6_pkey  (cost=0.00..34.12 rows=969 width=0)
	                    Index Cond: ((id >= 5282005) AND (id <= 5283004))

table 7 : explain SELECT DISTINCT c FROM sbtest7 WHERE id BETWEEN 390299 AND 391298 ORDER BY c
	Unique  (cost=3689.95..3694.65 rows=939 width=121)
	  ->  Sort  (cost=3689.95..3692.30 rows=939 width=121)
	        Sort Key: c
	        ->  Bitmap Heap Scan on sbtest7  (cost=34.06..3643.59 rows=939 width=121)
	              Recheck Cond: ((id >= 390299) AND (id <= 391298))
	              ->  Bitmap Index Scan on sbtest7_pkey  (cost=0.00..33.83 rows=939 width=0)
	                    Index Cond: ((id >= 390299) AND (id <= 391298))

table 8 : explain SELECT DISTINCT c FROM sbtest8 WHERE id BETWEEN 2769575 AND 2770574 ORDER BY c
	Unique  (cost=3609.97..3614.57 rows=919 width=121)
	  ->  Sort  (cost=3609.97..3612.27 rows=919 width=121)
	        Sort Key: c
	        ->  Bitmap Heap Scan on sbtest8  (cost=29.85..3564.74 rows=919 width=121)
	              Recheck Cond: ((id >= 2769575) AND (id <= 2770574))
	              ->  Bitmap Index Scan on sbtest8_pkey  (cost=0.00..29.62 rows=919 width=0)
	                    Index Cond: ((id >= 2769575) AND (id <= 2770574))

for: order_ranges
table 1 : explain SELECT c FROM sbtest1 WHERE id BETWEEN 3760601 AND 3761600 ORDER BY c
	Sort  (cost=3854.90..3857.36 rows=982 width=121)
	  Sort Key: c
	  ->  Bitmap Heap Scan on sbtest1  (cost=34.50..3806.10 rows=982 width=121)
	        Recheck Cond: ((id >= 3760601) AND (id <= 3761600))
	        ->  Bitmap Index Scan on sbtest1_pkey  (cost=0.00..34.26 rows=982 width=0)
	              Index Cond: ((id >= 3760601) AND (id <= 3761600))

table 2 : explain SELECT c FROM sbtest2 WHERE id BETWEEN 5579499 AND 5580498 ORDER BY c
	Sort  (cost=4012.26..4014.82 rows=1023 width=121)
	  Sort Key: c
	  ->  Bitmap Heap Scan on sbtest2  (cost=34.92..3961.12 rows=1023 width=121)
	        Recheck Cond: ((id >= 5579499) AND (id <= 5580498))
	        ->  Bitmap Index Scan on sbtest2_pkey  (cost=0.00..34.67 rows=1023 width=0)
	              Index Cond: ((id >= 5579499) AND (id <= 5580498))

table 3 : explain SELECT c FROM sbtest3 WHERE id BETWEEN 3262634 AND 3263633 ORDER BY c
	Sort  (cost=3882.63..3885.10 rows=989 width=121)
	  Sort Key: c
	  ->  Bitmap Heap Scan on sbtest3  (cost=34.57..3833.43 rows=989 width=121)
	        Recheck Cond: ((id >= 3262634) AND (id <= 3263633))
	        ->  Bitmap Index Scan on sbtest3_pkey  (cost=0.00..34.33 rows=989 width=0)
	              Index Cond: ((id >= 3262634) AND (id <= 3263633))

table 4 : explain SELECT c FROM sbtest4 WHERE id BETWEEN 6153907 AND 6154906 ORDER BY c
	Sort  (cost=3758.73..3761.11 rows=955 width=121)
	  Sort Key: c
	  ->  Bitmap Heap Scan on sbtest4  (cost=34.22..3711.46 rows=955 width=121)
	        Recheck Cond: ((id >= 6153907) AND (id <= 6154906))
	        ->  Bitmap Index Scan on sbtest4_pkey  (cost=0.00..33.98 rows=955 width=0)
	              Index Cond: ((id >= 6153907) AND (id <= 6154906))

table 5 : explain SELECT c FROM sbtest5 WHERE id BETWEEN 5921695 AND 5922694 ORDER BY c
	Sort  (cost=3958.36..3960.88 rows=1007 width=121)
	  Sort Key: c
	  ->  Bitmap Heap Scan on sbtest5  (cost=34.76..3908.14 rows=1007 width=121)
	        Recheck Cond: ((id >= 5921695) AND (id <= 5922694))
	        ->  Bitmap Index Scan on sbtest5_pkey  (cost=0.00..34.51 rows=1007 width=0)
	              Index Cond: ((id >= 5921695) AND (id <= 5922694))

table 6 : explain SELECT c FROM sbtest6 WHERE id BETWEEN 4044932 AND 4045931 ORDER BY c
	Sort  (cost=4246.39..4249.10 rows=1084 width=121)
	  Sort Key: c
	  ->  Bitmap Heap Scan on sbtest6  (cost=35.55..4191.74 rows=1084 width=121)
	        Recheck Cond: ((id >= 4044932) AND (id <= 4045931))
	        ->  Bitmap Index Scan on sbtest6_pkey  (cost=0.00..35.28 rows=1084 width=0)
	              Index Cond: ((id >= 4044932) AND (id <= 4045931))

table 7 : explain SELECT c FROM sbtest7 WHERE id BETWEEN 6315612 AND 6316611 ORDER BY c
	Sort  (cost=3946.38..3948.90 rows=1006 width=121)
	  Sort Key: c
	  ->  Bitmap Heap Scan on sbtest7  (cost=34.75..3896.21 rows=1006 width=121)
	        Recheck Cond: ((id >= 6315612) AND (id <= 6316611))
	        ->  Bitmap Index Scan on sbtest7_pkey  (cost=0.00..34.50 rows=1006 width=0)
	              Index Cond: ((id >= 6315612) AND (id <= 6316611))

table 8 : explain SELECT c FROM sbtest8 WHERE id BETWEEN 6079881 AND 6080880 ORDER BY c
	Sort  (cost=3878.30..3880.77 rows=988 width=121)
	  Sort Key: c
	  ->  Bitmap Heap Scan on sbtest8  (cost=34.56..3829.15 rows=988 width=121)
	        Recheck Cond: ((id >= 6079881) AND (id <= 6080880))
	        ->  Bitmap Index Scan on sbtest8_pkey  (cost=0.00..34.32 rows=988 width=0)
	              Index Cond: ((id >= 6079881) AND (id <= 6080880))

explain: for point_selects :: explain SELECT c FROM sbtest%u WHERE id=%u
for: distinct_ranges
table 1 : explain SELECT DISTINCT c FROM sbtest1 WHERE id BETWEEN 8430730 AND 8431729 ORDER BY c
	Unique  (cost=3778.34..3783.15 rows=962 width=121)
	  ->  Sort  (cost=3778.34..3780.75 rows=962 width=121)
	        Sort Key: c
	        ->  Bitmap Heap Scan on sbtest1  (cost=34.30..3730.68 rows=962 width=121)
	              Recheck Cond: ((id >= 8430730) AND (id <= 8431729))
	              ->  Bitmap Index Scan on sbtest1_pkey  (cost=0.00..34.06 rows=962 width=0)
	                    Index Cond: ((id >= 8430730) AND (id <= 8431729))

table 2 : explain SELECT DISTINCT c FROM sbtest2 WHERE id BETWEEN 3829093 AND 3830092 ORDER BY c
	Unique  (cost=3617.74..3622.34 rows=921 width=121)
	  ->  Sort  (cost=3617.74..3620.04 rows=921 width=121)
	        Sort Key: c
	        ->  Bitmap Heap Scan on sbtest2  (cost=29.88..3572.39 rows=921 width=121)
	              Recheck Cond: ((id >= 3829093) AND (id <= 3830092))
	              ->  Bitmap Index Scan on sbtest2_pkey  (cost=0.00..29.64 rows=921 width=0)
	                    Index Cond: ((id >= 3829093) AND (id <= 3830092))

table 3 : explain SELECT DISTINCT c FROM sbtest3 WHERE id BETWEEN 875688 AND 876687 ORDER BY c
	Unique  (cost=3951.50..3956.53 rows=1007 width=121)
	  ->  Sort  (cost=3951.50..3954.02 rows=1007 width=121)
	        Sort Key: c
	        ->  Bitmap Heap Scan on sbtest3  (cost=34.76..3901.27 rows=1007 width=121)
	              Recheck Cond: ((id >= 875688) AND (id <= 876687))
	              ->  Bitmap Index Scan on sbtest3_pkey  (cost=0.00..34.51 rows=1007 width=0)
	                    Index Cond: ((id >= 875688) AND (id <= 876687))

table 4 : explain SELECT DISTINCT c FROM sbtest4 WHERE id BETWEEN 8989241 AND 8990240 ORDER BY c
	Unique  (cost=4123.12..4128.37 rows=1050 width=121)
	  ->  Sort  (cost=4123.12..4125.74 rows=1050 width=121)
	        Sort Key: c
	        ->  Bitmap Heap Scan on sbtest4  (cost=35.20..4070.43 rows=1050 width=121)
	              Recheck Cond: ((id >= 8989241) AND (id <= 8990240))
	              ->  Bitmap Index Scan on sbtest4_pkey  (cost=0.00..34.94 rows=1050 width=0)
	                    Index Cond: ((id >= 8989241) AND (id <= 8990240))

table 5 : explain SELECT DISTINCT c FROM sbtest5 WHERE id BETWEEN 8460034 AND 8461033 ORDER BY c
	Unique  (cost=4023.55..4028.67 rows=1024 width=121)
	  ->  Sort  (cost=4023.55..4026.11 rows=1024 width=121)
	        Sort Key: c
	        ->  Bitmap Heap Scan on sbtest5  (cost=34.93..3972.35 rows=1024 width=121)
	              Recheck Cond: ((id >= 8460034) AND (id <= 8461033))
	              ->  Bitmap Index Scan on sbtest5_pkey  (cost=0.00..34.68 rows=1024 width=0)
	                    Index Cond: ((id >= 8460034) AND (id <= 8461033))

table 6 : explain SELECT DISTINCT c FROM sbtest6 WHERE id BETWEEN 9361677 AND 9362676 ORDER BY c
	Unique  (cost=3860.29..3865.20 rows=983 width=121)
	  ->  Sort  (cost=3860.29..3862.74 rows=983 width=121)
	        Sort Key: c
	        ->  Bitmap Heap Scan on sbtest6  (cost=34.51..3811.43 rows=983 width=121)
	              Recheck Cond: ((id >= 9361677) AND (id <= 9362676))
	              ->  Bitmap Index Scan on sbtest6_pkey  (cost=0.00..34.27 rows=983 width=0)
	                    Index Cond: ((id >= 9361677) AND (id <= 9362676))

table 7 : explain SELECT DISTINCT c FROM sbtest7 WHERE id BETWEEN 5034783 AND 5035782 ORDER BY c
	Unique  (cost=3999.89..4004.99 rows=1020 width=121)
	  ->  Sort  (cost=3999.89..4002.44 rows=1020 width=121)
	        Sort Key: c
	        ->  Bitmap Heap Scan on sbtest7  (cost=34.89..3948.92 rows=1020 width=121)
	              Recheck Cond: ((id >= 5034783) AND (id <= 5035782))
	              ->  Bitmap Index Scan on sbtest7_pkey  (cost=0.00..34.64 rows=1020 width=0)
	                    Index Cond: ((id >= 5034783) AND (id <= 5035782))

table 8 : explain SELECT DISTINCT c FROM sbtest8 WHERE id BETWEEN 4374319 AND 4375318 ORDER BY c
	Unique  (cost=4038.91..4044.06 rows=1030 width=121)
	  ->  Sort  (cost=4038.91..4041.48 rows=1030 width=121)
	        Sort Key: c
	        ->  Bitmap Heap Scan on sbtest8  (cost=34.99..3987.36 rows=1030 width=121)
	              Recheck Cond: ((id >= 4374319) AND (id <= 4375318))
	              ->  Bitmap Index Scan on sbtest8_pkey  (cost=0.00..34.73 rows=1030 width=0)
	                    Index Cond: ((id >= 4374319) AND (id <= 4375318))

for: sum_ranges
table 1 : explain SELECT SUM(k) FROM sbtest1 WHERE id BETWEEN 6398737 AND 6399736
	Aggregate  (cost=4019.59..4019.60 rows=1 width=8)
	  ->  Bitmap Heap Scan on sbtest1  (cost=35.07..4017.00 rows=1038 width=4)
	        Recheck Cond: ((id >= 6398737) AND (id <= 6399736))
	        ->  Bitmap Index Scan on sbtest1_pkey  (cost=0.00..34.82 rows=1038 width=0)
	              Index Cond: ((id >= 6398737) AND (id <= 6399736))

table 2 : explain SELECT SUM(k) FROM sbtest2 WHERE id BETWEEN 3126153 AND 3127152
	Aggregate  (cost=3914.69..3914.70 rows=1 width=8)
	  ->  Bitmap Heap Scan on sbtest2  (cost=34.79..3912.16 rows=1010 width=4)
	        Recheck Cond: ((id >= 3126153) AND (id <= 3127152))
	        ->  Bitmap Index Scan on sbtest2_pkey  (cost=0.00..34.54 rows=1010 width=0)
	              Index Cond: ((id >= 3126153) AND (id <= 3127152))

table 3 : explain SELECT SUM(k) FROM sbtest3 WHERE id BETWEEN 1995844 AND 1996843
	Aggregate  (cost=3514.53..3514.54 rows=1 width=8)
	  ->  Bitmap Heap Scan on sbtest3  (cost=29.71..3512.27 rows=905 width=4)
	        Recheck Cond: ((id >= 1995844) AND (id <= 1996843))
	        ->  Bitmap Index Scan on sbtest3_pkey  (cost=0.00..29.48 rows=905 width=0)
	              Index Cond: ((id >= 1995844) AND (id <= 1996843))

table 4 : explain SELECT SUM(k) FROM sbtest4 WHERE id BETWEEN 5766638 AND 5767637
	Aggregate  (cost=4348.57..4348.58 rows=1 width=8)
	  ->  Bitmap Heap Scan on sbtest4  (cost=39.94..4345.76 rows=1122 width=4)
	        Recheck Cond: ((id >= 5766638) AND (id <= 5767637))
	        ->  Bitmap Index Scan on sbtest4_pkey  (cost=0.00..39.66 rows=1122 width=0)
	              Index Cond: ((id >= 5766638) AND (id <= 5767637))

table 5 : explain SELECT SUM(k) FROM sbtest5 WHERE id BETWEEN 5923313 AND 5924312
	Aggregate  (cost=3910.65..3910.66 rows=1 width=8)
	  ->  Bitmap Heap Scan on sbtest5  (cost=34.76..3908.14 rows=1007 width=4)
	        Recheck Cond: ((id >= 5923313) AND (id <= 5924312))
	        ->  Bitmap Index Scan on sbtest5_pkey  (cost=0.00..34.51 rows=1007 width=0)
	              Index Cond: ((id >= 5923313) AND (id <= 5924312))

table 6 : explain SELECT SUM(k) FROM sbtest6 WHERE id BETWEEN 8784494 AND 8785493
	Aggregate  (cost=3761.03..3761.04 rows=1 width=8)
	  ->  Bitmap Heap Scan on sbtest6  (cost=34.37..3758.61 rows=969 width=4)
	        Recheck Cond: ((id >= 8784494) AND (id <= 8785493))
	        ->  Bitmap Index Scan on sbtest6_pkey  (cost=0.00..34.12 rows=969 width=0)
	              Index Cond: ((id >= 8784494) AND (id <= 8785493))

table 7 : explain SELECT SUM(k) FROM sbtest7 WHERE id BETWEEN 7739686 AND 7740685
	Aggregate  (cost=4000.43..4000.44 rows=1 width=8)
	  ->  Bitmap Heap Scan on sbtest7  (cost=35.02..3997.85 rows=1033 width=4)
	        Recheck Cond: ((id >= 7739686) AND (id <= 7740685))
	        ->  Bitmap Index Scan on sbtest7_pkey  (cost=0.00..34.77 rows=1033 width=0)
	              Index Cond: ((id >= 7739686) AND (id <= 7740685))

table 8 : explain SELECT SUM(k) FROM sbtest8 WHERE id BETWEEN 9990660 AND 9991659
	Aggregate  (cost=4151.79..4151.80 rows=1 width=8)
	  ->  Bitmap Heap Scan on sbtest8  (cost=35.43..4149.11 rows=1073 width=4)
	        Recheck Cond: ((id >= 9990660) AND (id <= 9991659))
	        ->  Bitmap Index Scan on sbtest8_pkey  (cost=0.00..35.17 rows=1073 width=0)
	              Index Cond: ((id >= 9990660) AND (id <= 9991659))

explain: for point_selects :: explain SELECT c FROM sbtest%u WHERE id=%u
for: sum_ranges
table 1 : explain SELECT SUM(k) FROM sbtest1 WHERE id BETWEEN 58897 AND 59896
	Aggregate  (cost=4098.63..4098.64 rows=1 width=8)
	  ->  Bitmap Heap Scan on sbtest1  (cost=35.29..4095.98 rows=1059 width=4)
	        Recheck Cond: ((id >= 58897) AND (id <= 59896))
	        ->  Bitmap Index Scan on sbtest1_pkey  (cost=0.00..35.03 rows=1059 width=0)
	              Index Cond: ((id >= 58897) AND (id <= 59896))

table 2 : explain SELECT SUM(k) FROM sbtest2 WHERE id BETWEEN 2717787 AND 2718786
	Aggregate  (cost=3726.05..3726.06 rows=1 width=8)
	  ->  Bitmap Heap Scan on sbtest2  (cost=34.28..3723.65 rows=960 width=4)
	        Recheck Cond: ((id >= 2717787) AND (id <= 2718786))
	        ->  Bitmap Index Scan on sbtest2_pkey  (cost=0.00..34.04 rows=960 width=0)
	              Index Cond: ((id >= 2717787) AND (id <= 2718786))

table 3 : explain SELECT SUM(k) FROM sbtest3 WHERE id BETWEEN 3398042 AND 3399041
	Aggregate  (cost=3620.64..3620.65 rows=1 width=8)
	  ->  Bitmap Heap Scan on sbtest3  (cost=33.99..3618.31 rows=932 width=4)
	        Recheck Cond: ((id >= 3398042) AND (id <= 3399041))
	        ->  Bitmap Index Scan on sbtest3_pkey  (cost=0.00..33.76 rows=932 width=0)
	              Index Cond: ((id >= 3398042) AND (id <= 3399041))

table 4 : explain SELECT SUM(k) FROM sbtest4 WHERE id BETWEEN 2410962 AND 2411961
	Aggregate  (cost=3793.34..3793.35 rows=1 width=8)
	  ->  Bitmap Heap Scan on sbtest4  (cost=34.44..3790.90 rows=976 width=4)
	        Recheck Cond: ((id >= 2410962) AND (id <= 2411961))
	        ->  Bitmap Index Scan on sbtest4_pkey  (cost=0.00..34.20 rows=976 width=0)
	              Index Cond: ((id >= 2410962) AND (id <= 2411961))

table 5 : explain SELECT SUM(k) FROM sbtest5 WHERE id BETWEEN 2716681 AND 2717680
	Aggregate  (cost=3683.59..3683.60 rows=1 width=8)
	  ->  Bitmap Heap Scan on sbtest5  (cost=34.14..3681.22 rows=947 width=4)
	        Recheck Cond: ((id >= 2716681) AND (id <= 2717680))
	        ->  Bitmap Index Scan on sbtest5_pkey  (cost=0.00..33.91 rows=947 width=0)
	              Index Cond: ((id >= 2716681) AND (id <= 2717680))

table 6 : explain SELECT SUM(k) FROM sbtest6 WHERE id BETWEEN 6152577 AND 6153576
	Aggregate  (cost=3908.20..3908.21 rows=1 width=8)
	  ->  Bitmap Heap Scan on sbtest6  (cost=34.77..3905.68 rows=1008 width=4)
	        Recheck Cond: ((id >= 6152577) AND (id <= 6153576))
	        ->  Bitmap Index Scan on sbtest6_pkey  (cost=0.00..34.52 rows=1008 width=0)
	              Index Cond: ((id >= 6152577) AND (id <= 6153576))

table 7 : explain SELECT SUM(k) FROM sbtest7 WHERE id BETWEEN 5657834 AND 5658833
	Aggregate  (cost=3955.24..3955.25 rows=1 width=8)
	  ->  Bitmap Heap Scan on sbtest7  (cost=34.90..3952.69 rows=1021 width=4)
	        Recheck Cond: ((id >= 5657834) AND (id <= 5658833))
	        ->  Bitmap Index Scan on sbtest7_pkey  (cost=0.00..34.65 rows=1021 width=0)
	              Index Cond: ((id >= 5657834) AND (id <= 5658833))

table 8 : explain SELECT SUM(k) FROM sbtest8 WHERE id BETWEEN 6353257 AND 6354256
	Aggregate  (cost=3997.47..3997.48 rows=1 width=8)
	  ->  Bitmap Heap Scan on sbtest8  (cost=35.01..3994.89 rows=1032 width=4)
	        Recheck Cond: ((id >= 6353257) AND (id <= 6354256))
	        ->  Bitmap Index Scan on sbtest8_pkey  (cost=0.00..34.76 rows=1032 width=0)
	              Index Cond: ((id >= 6353257) AND (id <= 6354256))

for: order_ranges
table 1 : explain SELECT c FROM sbtest1 WHERE id BETWEEN 4724228 AND 4725227 ORDER BY c
	Sort  (cost=3716.89..3719.26 rows=947 width=121)
	  Sort Key: c
	  ->  Bitmap Heap Scan on sbtest1  (cost=30.14..3670.08 rows=947 width=121)
	        Recheck Cond: ((id >= 4724228) AND (id <= 4725227))
	        ->  Bitmap Index Scan on sbtest1_pkey  (cost=0.00..29.90 rows=947 width=0)
	              Index Cond: ((id >= 4724228) AND (id <= 4725227))

table 2 : explain SELECT c FROM sbtest2 WHERE id BETWEEN 6111558 AND 6112557 ORDER BY c
	Sort  (cost=3970.21..3972.74 rows=1012 width=121)
	  Sort Key: c
	  ->  Bitmap Heap Scan on sbtest2  (cost=34.81..3919.69 rows=1012 width=121)
	        Recheck Cond: ((id >= 6111558) AND (id <= 6112557))
	        ->  Bitmap Index Scan on sbtest2_pkey  (cost=0.00..34.56 rows=1012 width=0)
	              Index Cond: ((id >= 6111558) AND (id <= 6112557))

table 3 : explain SELECT c FROM sbtest3 WHERE id BETWEEN 4949996 AND 4950995 ORDER BY c
	Sort  (cost=4165.51..4168.17 rows=1063 width=121)
	  Sort Key: c
	  ->  Bitmap Heap Scan on sbtest3  (cost=35.33..4112.08 rows=1063 width=121)
	        Recheck Cond: ((id >= 4949996) AND (id <= 4950995))
	        ->  Bitmap Index Scan on sbtest3_pkey  (cost=0.00..35.07 rows=1063 width=0)
	              Index Cond: ((id >= 4949996) AND (id <= 4950995))

table 4 : explain SELECT c FROM sbtest4 WHERE id BETWEEN 9318147 AND 9319146 ORDER BY c
	Sort  (cost=3981.32..3983.85 rows=1013 width=121)
	  Sort Key: c
	  ->  Bitmap Heap Scan on sbtest4  (cost=34.82..3930.75 rows=1013 width=121)
	        Recheck Cond: ((id >= 9318147) AND (id <= 9319146))
	        ->  Bitmap Index Scan on sbtest4_pkey  (cost=0.00..34.57 rows=1013 width=0)
	              Index Cond: ((id >= 9318147) AND (id <= 9319146))

table 5 : explain SELECT c FROM sbtest5 WHERE id BETWEEN 9012925 AND 9013924 ORDER BY c
	Sort  (cost=4123.17..4125.80 rows=1050 width=121)
	  Sort Key: c
	  ->  Bitmap Heap Scan on sbtest5  (cost=35.20..4070.48 rows=1050 width=121)
	        Recheck Cond: ((id >= 9012925) AND (id <= 9013924))
	        ->  Bitmap Index Scan on sbtest5_pkey  (cost=0.00..34.94 rows=1050 width=0)
	              Index Cond: ((id >= 9012925) AND (id <= 9013924))

table 6 : explain SELECT c FROM sbtest6 WHERE id BETWEEN 3349856 AND 3350855 ORDER BY c
	Sort  (cost=4231.12..4233.82 rows=1080 width=121)
	  Sort Key: c
	  ->  Bitmap Heap Scan on sbtest6  (cost=35.51..4176.71 rows=1080 width=121)
	        Recheck Cond: ((id >= 3349856) AND (id <= 3350855))
	        ->  Bitmap Index Scan on sbtest6_pkey  (cost=0.00..35.23 rows=1080 width=0)
	              Index Cond: ((id >= 3349856) AND (id <= 3350855))

table 7 : explain SELECT c FROM sbtest7 WHERE id BETWEEN 8045300 AND 8046299 ORDER BY c
	Sort  (cost=3969.32..3971.85 rows=1012 width=121)
	  Sort Key: c
	  ->  Bitmap Heap Scan on sbtest7  (cost=34.81..3918.80 rows=1012 width=121)
	        Recheck Cond: ((id >= 8045300) AND (id <= 8046299))
	        ->  Bitmap Index Scan on sbtest7_pkey  (cost=0.00..34.56 rows=1012 width=0)
	              Index Cond: ((id >= 8045300) AND (id <= 8046299))

table 8 : explain SELECT c FROM sbtest8 WHERE id BETWEEN 3973208 AND 3974207 ORDER BY c
	Sort  (cost=4107.67..4110.29 rows=1048 width=121)
	  Sort Key: c
	  ->  Bitmap Heap Scan on sbtest8  (cost=35.18..4055.10 rows=1048 width=121)
	        Recheck Cond: ((id >= 3973208) AND (id <= 3974207))
	        ->  Bitmap Index Scan on sbtest8_pkey  (cost=0.00..34.92 rows=1048 width=0)
	              Index Cond: ((id >= 3973208) AND (id <= 3974207))

for: order_ranges
table 1 : explain SELECT c FROM sbtest1 WHERE id BETWEEN 9851244 AND 9852243 ORDER BY c
	Sort  (cost=4061.36..4063.95 rows=1036 width=121)
	  Sort Key: c
	  ->  Bitmap Heap Scan on sbtest1  (cost=35.05..4009.47 rows=1036 width=121)
	        Recheck Cond: ((id >= 9851244) AND (id <= 9852243))
	        ->  Bitmap Index Scan on sbtest1_pkey  (cost=0.00..34.80 rows=1036 width=0)
	              Index Cond: ((id >= 9851244) AND (id <= 9852243))

table 2 : explain SELECT c FROM sbtest2 WHERE id BETWEEN 6213571 AND 6214570 ORDER BY c
	Sort  (cost=3916.66..3919.16 rows=998 width=121)
	  Sort Key: c
	  ->  Bitmap Heap Scan on sbtest2  (cost=34.66..3866.95 rows=998 width=121)
	        Recheck Cond: ((id >= 6213571) AND (id <= 6214570))
	        ->  Bitmap Index Scan on sbtest2_pkey  (cost=0.00..34.42 rows=998 width=0)
	              Index Cond: ((id >= 6213571) AND (id <= 6214570))

table 3 : explain SELECT c FROM sbtest3 WHERE id BETWEEN 1978013 AND 1979012 ORDER BY c
	Sort  (cost=3556.71..3558.97 rows=905 width=121)
	  Sort Key: c
	  ->  Bitmap Heap Scan on sbtest3  (cost=29.71..3512.27 rows=905 width=121)
	        Recheck Cond: ((id >= 1978013) AND (id <= 1979012))
	        ->  Bitmap Index Scan on sbtest3_pkey  (cost=0.00..29.48 rows=905 width=0)
	              Index Cond: ((id >= 1978013) AND (id <= 1979012))

table 4 : explain SELECT c FROM sbtest4 WHERE id BETWEEN 3707861 AND 3708860 ORDER BY c
	Sort  (cost=4463.74..4466.59 rows=1138 width=121)
	  Sort Key: c
	  ->  Bitmap Heap Scan on sbtest4  (cost=40.10..4405.98 rows=1138 width=121)
	        Recheck Cond: ((id >= 3707861) AND (id <= 3708860))
	        ->  Bitmap Index Scan on sbtest4_pkey  (cost=0.00..39.82 rows=1138 width=0)
	              Index Cond: ((id >= 3707861) AND (id <= 3708860))

table 5 : explain SELECT c FROM sbtest5 WHERE id BETWEEN 3663132 AND 3664131 ORDER BY c
	Sort  (cost=3889.31..3891.78 rows=989 width=121)
	  Sort Key: c
	  ->  Bitmap Heap Scan on sbtest5  (cost=34.57..3840.11 rows=989 width=121)
	        Recheck Cond: ((id >= 3663132) AND (id <= 3664131))
	        ->  Bitmap Index Scan on sbtest5_pkey  (cost=0.00..34.33 rows=989 width=0)
	              Index Cond: ((id >= 3663132) AND (id <= 3664131))

table 6 : explain SELECT c FROM sbtest6 WHERE id BETWEEN 1544673 AND 1545672 ORDER BY c
	Sort  (cost=4467.85..4470.70 rows=1142 width=121)
	  Sort Key: c
	  ->  Bitmap Heap Scan on sbtest6  (cost=40.14..4409.85 rows=1142 width=121)
	        Recheck Cond: ((id >= 1544673) AND (id <= 1545672))
	        ->  Bitmap Index Scan on sbtest6_pkey  (cost=0.00..39.86 rows=1142 width=0)
	              Index Cond: ((id >= 1544673) AND (id <= 1545672))

table 7 : explain SELECT c FROM sbtest7 WHERE id BETWEEN 7365959 AND 7366958 ORDER BY c
	Sort  (cost=3854.59..3857.04 rows=982 width=121)
	  Sort Key: c
	  ->  Bitmap Heap Scan on sbtest7  (cost=34.50..3805.79 rows=982 width=121)
	        Recheck Cond: ((id >= 7365959) AND (id <= 7366958))
	        ->  Bitmap Index Scan on sbtest7_pkey  (cost=0.00..34.26 rows=982 width=0)
	              Index Cond: ((id >= 7365959) AND (id <= 7366958))

table 8 : explain SELECT c FROM sbtest8 WHERE id BETWEEN 4530303 AND 4531302 ORDER BY c
	Sort  (cost=3725.14..3727.51 rows=948 width=121)
	  Sort Key: c
	  ->  Bitmap Heap Scan on sbtest8  (cost=34.15..3678.27 rows=948 width=121)
	        Recheck Cond: ((id >= 4530303) AND (id <= 4531302))
	        ->  Bitmap Index Scan on sbtest8_pkey  (cost=0.00..33.92 rows=948 width=0)
	              Index Cond: ((id >= 4530303) AND (id <= 4531302))

for: order_ranges
table 1 : explain SELECT c FROM sbtest1 WHERE id BETWEEN 6958277 AND 6959276 ORDER BY c
	Sort  (cost=3812.80..3815.23 rows=971 width=121)
	  Sort Key: c
	  ->  Bitmap Heap Scan on sbtest1  (cost=34.39..3764.62 rows=971 width=121)
	        Recheck Cond: ((id >= 6958277) AND (id <= 6959276))
	        ->  Bitmap Index Scan on sbtest1_pkey  (cost=0.00..34.15 rows=971 width=0)
	              Index Cond: ((id >= 6958277) AND (id <= 6959276))

table 2 : explain SELECT c FROM sbtest2 WHERE id BETWEEN 6054433 AND 6055432 ORDER BY c
	Sort  (cost=3801.84..3804.26 rows=968 width=121)
	  Sort Key: c
	  ->  Bitmap Heap Scan on sbtest2  (cost=34.36..3753.84 rows=968 width=121)
	        Recheck Cond: ((id >= 6054433) AND (id <= 6055432))
	        ->  Bitmap Index Scan on sbtest2_pkey  (cost=0.00..34.12 rows=968 width=0)
	              Index Cond: ((id >= 6054433) AND (id <= 6055432))

table 3 : explain SELECT c FROM sbtest3 WHERE id BETWEEN 5538312 AND 5539311 ORDER BY c
	Sort  (cost=3901.76..3904.25 rows=994 width=121)
	  Sort Key: c
	  ->  Bitmap Heap Scan on sbtest3  (cost=34.62..3852.28 rows=994 width=121)
	        Recheck Cond: ((id >= 5538312) AND (id <= 5539311))
	        ->  Bitmap Index Scan on sbtest3_pkey  (cost=0.00..34.38 rows=994 width=0)
	              Index Cond: ((id >= 5538312) AND (id <= 5539311))

table 4 : explain SELECT c FROM sbtest4 WHERE id BETWEEN 2979903 AND 2980902 ORDER BY c
	Sort  (cost=3931.46..3933.96 rows=1000 width=121)
	  Sort Key: c
	  ->  Bitmap Heap Scan on sbtest4  (cost=34.69..3881.63 rows=1000 width=121)
	        Recheck Cond: ((id >= 2979903) AND (id <= 2980902))
	        ->  Bitmap Index Scan on sbtest4_pkey  (cost=0.00..34.44 rows=1000 width=0)
	              Index Cond: ((id >= 2979903) AND (id <= 2980902))

table 5 : explain SELECT c FROM sbtest5 WHERE id BETWEEN 4956793 AND 4957792 ORDER BY c
	Sort  (cost=4111.68..4114.30 rows=1047 width=121)
	  Sort Key: c
	  ->  Bitmap Heap Scan on sbtest5  (cost=35.17..4059.16 rows=1047 width=121)
	        Recheck Cond: ((id >= 4956793) AND (id <= 4957792))
	        ->  Bitmap Index Scan on sbtest5_pkey  (cost=0.00..34.91 rows=1047 width=0)
	              Index Cond: ((id >= 4956793) AND (id <= 4957792))

table 6 : explain SELECT c FROM sbtest6 WHERE id BETWEEN 369600 AND 370599 ORDER BY c
	Sort  (cost=4009.52..4012.07 rows=1022 width=121)
	  Sort Key: c
	  ->  Bitmap Heap Scan on sbtest6  (cost=34.91..3958.43 rows=1022 width=121)
	        Recheck Cond: ((id >= 369600) AND (id <= 370599))
	        ->  Bitmap Index Scan on sbtest6_pkey  (cost=0.00..34.66 rows=1022 width=0)
	              Index Cond: ((id >= 369600) AND (id <= 370599))

table 7 : explain SELECT c FROM sbtest7 WHERE id BETWEEN 2525541 AND 2526540 ORDER BY c
	Sort  (cost=4103.03..4105.65 rows=1047 width=121)
	  Sort Key: c
	  ->  Bitmap Heap Scan on sbtest7  (cost=35.17..4050.51 rows=1047 width=121)
	        Recheck Cond: ((id >= 2525541) AND (id <= 2526540))
	        ->  Bitmap Index Scan on sbtest7_pkey  (cost=0.00..34.91 rows=1047 width=0)
	              Index Cond: ((id >= 2525541) AND (id <= 2526540))

table 8 : explain SELECT c FROM sbtest8 WHERE id BETWEEN 6663595 AND 6664594 ORDER BY c
	Sort  (cost=3652.32..3654.64 rows=929 width=121)
	  Sort Key: c
	  ->  Bitmap Heap Scan on sbtest8  (cost=33.96..3606.52 rows=929 width=121)
	        Recheck Cond: ((id >= 6663595) AND (id <= 6664594))
	        ->  Bitmap Index Scan on sbtest8_pkey  (cost=0.00..33.73 rows=929 width=0)
	              Index Cond: ((id >= 6663595) AND (id <= 6664594))

for: order_ranges
table 1 : explain SELECT c FROM sbtest1 WHERE id BETWEEN 8804002 AND 8805001 ORDER BY c
	Sort  (cost=3839.59..3842.04 rows=978 width=121)
	  Sort Key: c
	  ->  Bitmap Heap Scan on sbtest1  (cost=34.46..3791.02 rows=978 width=121)
	        Recheck Cond: ((id >= 8804002) AND (id <= 8805001))
	        ->  Bitmap Index Scan on sbtest1_pkey  (cost=0.00..34.22 rows=978 width=0)
	              Index Cond: ((id >= 8804002) AND (id <= 8805001))

table 2 : explain SELECT c FROM sbtest2 WHERE id BETWEEN 8720810 AND 8721809 ORDER BY c
	Sort  (cost=3813.33..3815.76 rows=971 width=121)
	  Sort Key: c
	  ->  Bitmap Heap Scan on sbtest2  (cost=34.39..3765.15 rows=971 width=121)
	        Recheck Cond: ((id >= 8720810) AND (id <= 8721809))
	        ->  Bitmap Index Scan on sbtest2_pkey  (cost=0.00..34.15 rows=971 width=0)
	              Index Cond: ((id >= 8720810) AND (id <= 8721809))

table 3 : explain SELECT c FROM sbtest3 WHERE id BETWEEN 862433 AND 863432 ORDER BY c
	Sort  (cost=3951.50..3954.02 rows=1007 width=121)
	  Sort Key: c
	  ->  Bitmap Heap Scan on sbtest3  (cost=34.76..3901.27 rows=1007 width=121)
	        Recheck Cond: ((id >= 862433) AND (id <= 863432))
	        ->  Bitmap Index Scan on sbtest3_pkey  (cost=0.00..34.51 rows=1007 width=0)
	              Index Cond: ((id >= 862433) AND (id <= 863432))

table 4 : explain SELECT c FROM sbtest4 WHERE id BETWEEN 6553615 AND 6554614 ORDER BY c
	Sort  (cost=4096.30..4098.91 rows=1043 width=121)
	  Sort Key: c
	  ->  Bitmap Heap Scan on sbtest4  (cost=35.13..4044.02 rows=1043 width=121)
	        Recheck Cond: ((id >= 6553615) AND (id <= 6554614))
	        ->  Bitmap Index Scan on sbtest4_pkey  (cost=0.00..34.87 rows=1043 width=0)
	              Index Cond: ((id >= 6553615) AND (id <= 6554614))

table 5 : explain SELECT c FROM sbtest5 WHERE id BETWEEN 3152047 AND 3153046 ORDER BY c
	Sort  (cost=3943.02..3945.53 rows=1003 width=121)
	  Sort Key: c
	  ->  Bitmap Heap Scan on sbtest5  (cost=34.72..3893.02 rows=1003 width=121)
	        Recheck Cond: ((id >= 3152047) AND (id <= 3153046))
	        ->  Bitmap Index Scan on sbtest5_pkey  (cost=0.00..34.47 rows=1003 width=0)
	              Index Cond: ((id >= 3152047) AND (id <= 3153046))

table 6 : explain SELECT c FROM sbtest6 WHERE id BETWEEN 9020980 AND 9021979 ORDER BY c
	Sort  (cost=3791.35..3793.76 rows=965 width=121)
	  Sort Key: c
	  ->  Bitmap Heap Scan on sbtest6  (cost=34.33..3743.51 rows=965 width=121)
	        Recheck Cond: ((id >= 9020980) AND (id <= 9021979))
	        ->  Bitmap Index Scan on sbtest6_pkey  (cost=0.00..34.09 rows=965 width=0)
	              Index Cond: ((id >= 9020980) AND (id <= 9021979))

table 7 : explain SELECT c FROM sbtest7 WHERE id BETWEEN 1288247 AND 1289246 ORDER BY c
	Sort  (cost=3751.24..3753.63 rows=955 width=121)
	  Sort Key: c
	  ->  Bitmap Heap Scan on sbtest7  (cost=34.22..3703.97 rows=955 width=121)
	        Recheck Cond: ((id >= 1288247) AND (id <= 1289246))
	        ->  Bitmap Index Scan on sbtest7_pkey  (cost=0.00..33.98 rows=955 width=0)
	              Index Cond: ((id >= 1288247) AND (id <= 1289246))

table 8 : explain SELECT c FROM sbtest8 WHERE id BETWEEN 8789534 AND 8790533 ORDER BY c
	Sort  (cost=3985.39..3987.93 rows=1016 width=121)
	  Sort Key: c
	  ->  Bitmap Heap Scan on sbtest8  (cost=34.85..3934.65 rows=1016 width=121)
	        Recheck Cond: ((id >= 8789534) AND (id <= 8790533))
	        ->  Bitmap Index Scan on sbtest8_pkey  (cost=0.00..34.59 rows=1016 width=0)
	              Index Cond: ((id >= 8789534) AND (id <= 8790533))

for point_selects
table 1 : explain SELECT c FROM sbtest1 WHERE id=5481277
	Index Scan using sbtest1_pkey on sbtest1  (cost=0.43..8.45 rows=1 width=121)
	  Index Cond: (id = 5481277)

table 2 : explain SELECT c FROM sbtest2 WHERE id=7974560
	Index Scan using sbtest2_pkey on sbtest2  (cost=0.43..8.45 rows=1 width=121)
	  Index Cond: (id = 7974560)

table 3 : explain SELECT c FROM sbtest3 WHERE id=2400483
	Index Scan using sbtest3_pkey on sbtest3  (cost=0.43..8.45 rows=1 width=121)
	  Index Cond: (id = 2400483)

table 4 : explain SELECT c FROM sbtest4 WHERE id=651101
	Index Scan using sbtest4_pkey on sbtest4  (cost=0.43..8.45 rows=1 width=121)
	  Index Cond: (id = 651101)

table 5 : explain SELECT c FROM sbtest5 WHERE id=4988552
	Index Scan using sbtest5_pkey on sbtest5  (cost=0.43..8.45 rows=1 width=121)
	  Index Cond: (id = 4988552)

table 6 : explain SELECT c FROM sbtest6 WHERE id=4904178
	Index Scan using sbtest6_pkey on sbtest6  (cost=0.43..8.45 rows=1 width=121)
	  Index Cond: (id = 4904178)

table 7 : explain SELECT c FROM sbtest7 WHERE id=6649736
	Index Scan using sbtest7_pkey on sbtest7  (cost=0.43..8.45 rows=1 width=121)
	  Index Cond: (id = 6649736)

table 8 : explain SELECT c FROM sbtest8 WHERE id=1000779
	Index Scan using sbtest8_pkey on sbtest8  (cost=0.43..8.45 rows=1 width=121)
	  Index Cond: (id = 1000779)

for: distinct_ranges
table 1 : explain SELECT DISTINCT c FROM sbtest1 WHERE id BETWEEN 5633521 AND 5634520 ORDER BY c
	Unique  (cost=3651.75..3656.40 rows=930 width=121)
	  ->  Sort  (cost=3651.75..3654.07 rows=930 width=121)
	        Sort Key: c
	        ->  Bitmap Heap Scan on sbtest1  (cost=29.97..3605.90 rows=930 width=121)
	              Recheck Cond: ((id >= 5633521) AND (id <= 5634520))
	              ->  Bitmap Index Scan on sbtest1_pkey  (cost=0.00..29.73 rows=930 width=0)
	                    Index Cond: ((id >= 5633521) AND (id <= 5634520))

table 2 : explain SELECT DISTINCT c FROM sbtest2 WHERE id BETWEEN 3637039 AND 3638038 ORDER BY c
	Unique  (cost=3874.58..3879.51 rows=987 width=121)
	  ->  Sort  (cost=3874.58..3877.04 rows=987 width=121)
	        Sort Key: c
	        ->  Bitmap Heap Scan on sbtest2  (cost=34.55..3825.49 rows=987 width=121)
	              Recheck Cond: ((id >= 3637039) AND (id <= 3638038))
	              ->  Bitmap Index Scan on sbtest2_pkey  (cost=0.00..34.31 rows=987 width=0)
	                    Index Cond: ((id >= 3637039) AND (id <= 3638038))

table 3 : explain SELECT DISTINCT c FROM sbtest3 WHERE id BETWEEN 6073486 AND 6074485 ORDER BY c
	Unique  (cost=4100.58..4105.81 rows=1046 width=121)
	  ->  Sort  (cost=4100.58..4103.20 rows=1046 width=121)
	        Sort Key: c
	        ->  Bitmap Heap Scan on sbtest3  (cost=35.16..4048.12 rows=1046 width=121)
	              Recheck Cond: ((id >= 6073486) AND (id <= 6074485))
	              ->  Bitmap Index Scan on sbtest3_pkey  (cost=0.00..34.90 rows=1046 width=0)
	                    Index Cond: ((id >= 6073486) AND (id <= 6074485))

table 4 : explain SELECT DISTINCT c FROM sbtest4 WHERE id BETWEEN 9173813 AND 9174812 ORDER BY c
	Unique  (cost=4004.33..4009.42 rows=1019 width=121)
	  ->  Sort  (cost=4004.33..4006.87 rows=1019 width=121)
	        Sort Key: c
	        ->  Bitmap Heap Scan on sbtest4  (cost=34.88..3953.41 rows=1019 width=121)
	              Recheck Cond: ((id >= 9173813) AND (id <= 9174812))
	              ->  Bitmap Index Scan on sbtest4_pkey  (cost=0.00..34.62 rows=1019 width=0)
	                    Index Cond: ((id >= 9173813) AND (id <= 9174812))

table 5 : explain SELECT DISTINCT c FROM sbtest5 WHERE id BETWEEN 3464388 AND 3465387 ORDER BY c
	Unique  (cost=3785.66..3790.47 rows=962 width=121)
	  ->  Sort  (cost=3785.66..3788.07 rows=962 width=121)
	        Sort Key: c
	        ->  Bitmap Heap Scan on sbtest5  (cost=34.30..3737.99 rows=962 width=121)
	              Recheck Cond: ((id >= 3464388) AND (id <= 3465387))
	              ->  Bitmap Index Scan on sbtest5_pkey  (cost=0.00..34.06 rows=962 width=0)
	                    Index Cond: ((id >= 3464388) AND (id <= 3465387))

table 6 : explain SELECT DISTINCT c FROM sbtest6 WHERE id BETWEEN 2428648 AND 2429647 ORDER BY c
	Unique  (cost=3676.36..3681.03 rows=935 width=121)
	  ->  Sort  (cost=3676.36..3678.70 rows=935 width=121)
	        Sort Key: c
	        ->  Bitmap Heap Scan on sbtest6  (cost=34.02..3630.22 rows=935 width=121)
	              Recheck Cond: ((id >= 2428648) AND (id <= 2429647))
	              ->  Bitmap Index Scan on sbtest6_pkey  (cost=0.00..33.79 rows=935 width=0)
	                    Index Cond: ((id >= 2428648) AND (id <= 2429647))

table 7 : explain SELECT DISTINCT c FROM sbtest7 WHERE id BETWEEN 4002102 AND 4003101 ORDER BY c
	Unique  (cost=3881.37..3886.31 rows=989 width=121)
	  ->  Sort  (cost=3881.37..3883.84 rows=989 width=121)
	        Sort Key: c
	        ->  Bitmap Heap Scan on sbtest7  (cost=34.57..3832.17 rows=989 width=121)
	              Recheck Cond: ((id >= 4002102) AND (id <= 4003101))
	              ->  Bitmap Index Scan on sbtest7_pkey  (cost=0.00..34.33 rows=989 width=0)
	                    Index Cond: ((id >= 4002102) AND (id <= 4003101))

table 8 : explain SELECT DISTINCT c FROM sbtest8 WHERE id BETWEEN 9433925 AND 9434924 ORDER BY c
	Unique  (cost=4329.00..4334.53 rows=1106 width=121)
	  ->  Sort  (cost=4329.00..4331.76 rows=1106 width=121)
	        Sort Key: c
	        ->  Bitmap Heap Scan on sbtest8  (cost=35.77..4273.08 rows=1106 width=121)
	              Recheck Cond: ((id >= 9433925) AND (id <= 9434924))
	              ->  Bitmap Index Scan on sbtest8_pkey  (cost=0.00..35.50 rows=1106 width=0)
	                    Index Cond: ((id >= 9433925) AND (id <= 9434924))

for: distinct_ranges
table 1 : explain SELECT DISTINCT c FROM sbtest1 WHERE id BETWEEN 1167989 AND 1168988 ORDER BY c
	Unique  (cost=4000.22..4005.32 rows=1020 width=121)
	  ->  Sort  (cost=4000.22..4002.77 rows=1020 width=121)
	        Sort Key: c
	        ->  Bitmap Heap Scan on sbtest1  (cost=34.89..3949.25 rows=1020 width=121)
	              Recheck Cond: ((id >= 1167989) AND (id <= 1168988))
	              ->  Bitmap Index Scan on sbtest1_pkey  (cost=0.00..34.64 rows=1020 width=0)
	                    Index Cond: ((id >= 1167989) AND (id <= 1168988))

table 2 : explain SELECT DISTINCT c FROM sbtest2 WHERE id BETWEEN 4561571 AND 4562570 ORDER BY c
	Unique  (cost=4035.20..4040.34 rows=1029 width=121)
	  ->  Sort  (cost=4035.20..4037.77 rows=1029 width=121)
	        Sort Key: c
	        ->  Bitmap Heap Scan on sbtest2  (cost=34.98..3983.71 rows=1029 width=121)
	              Recheck Cond: ((id >= 4561571) AND (id <= 4562570))
	              ->  Bitmap Index Scan on sbtest2_pkey  (cost=0.00..34.73 rows=1029 width=0)
	                    Index Cond: ((id >= 4561571) AND (id <= 4562570))

table 3 : explain SELECT DISTINCT c FROM sbtest3 WHERE id BETWEEN 3968960 AND 3969959 ORDER BY c
	Unique  (cost=4123.50..4128.76 rows=1052 width=121)
	  ->  Sort  (cost=4123.50..4126.13 rows=1052 width=121)
	        Sort Key: c
	        ->  Bitmap Heap Scan on sbtest3  (cost=35.22..4070.70 rows=1052 width=121)
	              Recheck Cond: ((id >= 3968960) AND (id <= 3969959))
	              ->  Bitmap Index Scan on sbtest3_pkey  (cost=0.00..34.95 rows=1052 width=0)
	                    Index Cond: ((id >= 3968960) AND (id <= 3969959))

table 4 : explain SELECT DISTINCT c FROM sbtest4 WHERE id BETWEEN 243406 AND 244405 ORDER BY c
	Unique  (cost=4000.49..4005.58 rows=1018 width=121)
	  ->  Sort  (cost=4000.49..4003.04 rows=1018 width=121)
	        Sort Key: c
	        ->  Bitmap Heap Scan on sbtest4  (cost=34.87..3949.64 rows=1018 width=121)
	              Recheck Cond: ((id >= 243406) AND (id <= 244405))
	              ->  Bitmap Index Scan on sbtest4_pkey  (cost=0.00..34.62 rows=1018 width=0)
	                    Index Cond: ((id >= 243406) AND (id <= 244405))

table 5 : explain SELECT DISTINCT c FROM sbtest5 WHERE id BETWEEN 6121714 AND 6122713 ORDER BY c
	Unique  (cost=3939.19..3944.20 rows=1002 width=121)
	  ->  Sort  (cost=3939.19..3941.69 rows=1002 width=121)
	        Sort Key: c
	        ->  Bitmap Heap Scan on sbtest5  (cost=34.71..3889.24 rows=1002 width=121)
	              Recheck Cond: ((id >= 6121714) AND (id <= 6122713))
	              ->  Bitmap Index Scan on sbtest5_pkey  (cost=0.00..34.45 rows=1002 width=0)
	                    Index Cond: ((id >= 6121714) AND (id <= 6122713))

table 6 : explain SELECT DISTINCT c FROM sbtest6 WHERE id BETWEEN 3431555 AND 3432554 ORDER BY c
	Unique  (cost=4032.46..4037.60 rows=1028 width=121)
	  ->  Sort  (cost=4032.46..4035.03 rows=1028 width=121)
	        Sort Key: c
	        ->  Bitmap Heap Scan on sbtest6  (cost=34.97..3981.03 rows=1028 width=121)
	              Recheck Cond: ((id >= 3431555) AND (id <= 3432554))
	              ->  Bitmap Index Scan on sbtest6_pkey  (cost=0.00..34.72 rows=1028 width=0)
	                    Index Cond: ((id >= 3431555) AND (id <= 3432554))

table 7 : explain SELECT DISTINCT c FROM sbtest7 WHERE id BETWEEN 4483366 AND 4484365 ORDER BY c
	Unique  (cost=3831.63..3836.51 rows=976 width=121)
	  ->  Sort  (cost=3831.63..3834.07 rows=976 width=121)
	        Sort Key: c
	        ->  Bitmap Heap Scan on sbtest7  (cost=34.44..3783.17 rows=976 width=121)
	              Recheck Cond: ((id >= 4483366) AND (id <= 4484365))
	              ->  Bitmap Index Scan on sbtest7_pkey  (cost=0.00..34.20 rows=976 width=0)
	                    Index Cond: ((id >= 4483366) AND (id <= 4484365))

table 8 : explain SELECT DISTINCT c FROM sbtest8 WHERE id BETWEEN 880077 AND 881076 ORDER BY c
	Unique  (cost=3675.32..3679.99 rows=935 width=121)
	  ->  Sort  (cost=3675.32..3677.66 rows=935 width=121)
	        Sort Key: c
	        ->  Bitmap Heap Scan on sbtest8  (cost=34.02..3629.18 rows=935 width=121)
	              Recheck Cond: ((id >= 880077) AND (id <= 881076))
	              ->  Bitmap Index Scan on sbtest8_pkey  (cost=0.00..33.79 rows=935 width=0)
	                    Index Cond: ((id >= 880077) AND (id <= 881076))

for: order_ranges
table 1 : explain SELECT c FROM sbtest1 WHERE id BETWEEN 3845873 AND 3846872 ORDER BY c
	Sort  (cost=4336.18..4338.95 rows=1109 width=121)
	  Sort Key: c
	  ->  Bitmap Heap Scan on sbtest1  (cost=35.80..4280.09 rows=1109 width=121)
	        Recheck Cond: ((id >= 3845873) AND (id <= 3846872))
	        ->  Bitmap Index Scan on sbtest1_pkey  (cost=0.00..35.53 rows=1109 width=0)
	              Index Cond: ((id >= 3845873) AND (id <= 3846872))

table 2 : explain SELECT c FROM sbtest2 WHERE id BETWEEN 6349299 AND 6350298 ORDER BY c
	Sort  (cost=4050.48..4053.06 rows=1033 width=121)
	  Sort Key: c
	  ->  Bitmap Heap Scan on sbtest2  (cost=35.02..3998.77 rows=1033 width=121)
	        Recheck Cond: ((id >= 6349299) AND (id <= 6350298))
	        ->  Bitmap Index Scan on sbtest2_pkey  (cost=0.00..34.77 rows=1033 width=0)
	              Index Cond: ((id >= 6349299) AND (id <= 6350298))

table 3 : explain SELECT c FROM sbtest3 WHERE id BETWEEN 4927901 AND 4928900 ORDER BY c
	Sort  (cost=4165.51..4168.17 rows=1063 width=121)
	  Sort Key: c
	  ->  Bitmap Heap Scan on sbtest3  (cost=35.33..4112.08 rows=1063 width=121)
	        Recheck Cond: ((id >= 4927901) AND (id <= 4928900))
	        ->  Bitmap Index Scan on sbtest3_pkey  (cost=0.00..35.07 rows=1063 width=0)
	              Index Cond: ((id >= 4927901) AND (id <= 4928900))

table 4 : explain SELECT c FROM sbtest4 WHERE id BETWEEN 4754385 AND 4755384 ORDER BY c
	Sort  (cost=3643.44..3645.75 rows=925 width=121)
	  Sort Key: c
	  ->  Bitmap Heap Scan on sbtest4  (cost=33.92..3597.86 rows=925 width=121)
	        Recheck Cond: ((id >= 4754385) AND (id <= 4755384))
	        ->  Bitmap Index Scan on sbtest4_pkey  (cost=0.00..33.69 rows=925 width=0)
	              Index Cond: ((id >= 4754385) AND (id <= 4755384))

table 5 : explain SELECT c FROM sbtest5 WHERE id BETWEEN 1771340 AND 1772339 ORDER BY c
	Sort  (cost=3889.31..3891.78 rows=989 width=121)
	  Sort Key: c
	  ->  Bitmap Heap Scan on sbtest5  (cost=34.57..3840.11 rows=989 width=121)
	        Recheck Cond: ((id >= 1771340) AND (id <= 1772339))
	        ->  Bitmap Index Scan on sbtest5_pkey  (cost=0.00..34.33 rows=989 width=0)
	              Index Cond: ((id >= 1771340) AND (id <= 1772339))

table 6 : explain SELECT c FROM sbtest6 WHERE id BETWEEN 4020859 AND 4021858 ORDER BY c
	Sort  (cost=4246.39..4249.10 rows=1084 width=121)
	  Sort Key: c
	  ->  Bitmap Heap Scan on sbtest6  (cost=35.55..4191.74 rows=1084 width=121)
	        Recheck Cond: ((id >= 4020859) AND (id <= 4021858))
	        ->  Bitmap Index Scan on sbtest6_pkey  (cost=0.00..35.28 rows=1084 width=0)
	              Index Cond: ((id >= 4020859) AND (id <= 4021858))

table 7 : explain SELECT c FROM sbtest7 WHERE id BETWEEN 6007960 AND 6008959 ORDER BY c
	Sort  (cost=3827.80..3830.24 rows=975 width=121)
	  Sort Key: c
	  ->  Bitmap Heap Scan on sbtest7  (cost=34.43..3779.40 rows=975 width=121)
	        Recheck Cond: ((id >= 6007960) AND (id <= 6008959))
	        ->  Bitmap Index Scan on sbtest7_pkey  (cost=0.00..34.19 rows=975 width=0)
	              Index Cond: ((id >= 6007960) AND (id <= 6008959))

table 8 : explain SELECT c FROM sbtest8 WHERE id BETWEEN 1565281 AND 1566280 ORDER BY c
	Sort  (cost=3847.68..3850.13 rows=980 width=121)
	  Sort Key: c
	  ->  Bitmap Heap Scan on sbtest8  (cost=34.48..3798.99 rows=980 width=121)
	        Recheck Cond: ((id >= 1565281) AND (id <= 1566280))
	        ->  Bitmap Index Scan on sbtest8_pkey  (cost=0.00..34.23 rows=980 width=0)
	              Index Cond: ((id >= 1565281) AND (id <= 1566280))

for: sum_ranges
table 1 : explain SELECT SUM(k) FROM sbtest1 WHERE id BETWEEN 7691814 AND 7692813
	Aggregate  (cost=4030.89..4030.90 rows=1 width=8)
	  ->  Bitmap Heap Scan on sbtest1  (cost=35.11..4028.28 rows=1041 width=4)
	        Recheck Cond: ((id >= 7691814) AND (id <= 7692813))
	        ->  Bitmap Index Scan on sbtest1_pkey  (cost=0.00..34.84 rows=1041 width=0)
	              Index Cond: ((id >= 7691814) AND (id <= 7692813))

table 2 : explain SELECT SUM(k) FROM sbtest2 WHERE id BETWEEN 4829711 AND 4830710
	Aggregate  (cost=3752.48..3752.49 rows=1 width=8)
	  ->  Bitmap Heap Scan on sbtest2  (cost=34.35..3750.06 rows=967 width=4)
	        Recheck Cond: ((id >= 4829711) AND (id <= 4830710))
	        ->  Bitmap Index Scan on sbtest2_pkey  (cost=0.00..34.11 rows=967 width=0)
	              Index Cond: ((id >= 4829711) AND (id <= 4830710))

table 3 : explain SELECT SUM(k) FROM sbtest3 WHERE id BETWEEN 6872076 AND 6873075
	Aggregate  (cost=4077.09..4077.10 rows=1 width=8)
	  ->  Bitmap Heap Scan on sbtest3  (cost=35.23..4074.46 rows=1053 width=4)
	        Recheck Cond: ((id >= 6872076) AND (id <= 6873075))
	        ->  Bitmap Index Scan on sbtest3_pkey  (cost=0.00..34.97 rows=1053 width=0)
	              Index Cond: ((id >= 6872076) AND (id <= 6873075))

table 4 : explain SELECT SUM(k) FROM sbtest4 WHERE id BETWEEN 8965240 AND 8966239
	Aggregate  (cost=4073.05..4073.06 rows=1 width=8)
	  ->  Bitmap Heap Scan on sbtest4  (cost=35.20..4070.43 rows=1050 width=4)
	        Recheck Cond: ((id >= 8965240) AND (id <= 8966239))
	        ->  Bitmap Index Scan on sbtest4_pkey  (cost=0.00..34.94 rows=1050 width=0)
	              Index Cond: ((id >= 8965240) AND (id <= 8966239))

table 5 : explain SELECT SUM(k) FROM sbtest5 WHERE id BETWEEN 1917470 AND 1918469
	Aggregate  (cost=3770.68..3770.69 rows=1 width=8)
	  ->  Bitmap Heap Scan on sbtest5  (cost=34.38..3768.26 rows=970 width=4)
	        Recheck Cond: ((id >= 1917470) AND (id <= 1918469))
	        ->  Bitmap Index Scan on sbtest5_pkey  (cost=0.00..34.14 rows=970 width=0)
	              Index Cond: ((id >= 1917470) AND (id <= 1918469))

table 6 : explain SELECT SUM(k) FROM sbtest6 WHERE id BETWEEN 489083 AND 490082
	Aggregate  (cost=3844.07..3844.08 rows=1 width=8)
	  ->  Bitmap Heap Scan on sbtest6  (cost=34.59..3841.60 rows=991 width=4)
	        Recheck Cond: ((id >= 489083) AND (id <= 490082))
	        ->  Bitmap Index Scan on sbtest6_pkey  (cost=0.00..34.34 rows=991 width=0)
	              Index Cond: ((id >= 489083) AND (id <= 490082))

table 7 : explain SELECT SUM(k) FROM sbtest7 WHERE id BETWEEN 936745 AND 937744
	Aggregate  (cost=4120.85..4120.86 rows=1 width=8)
	  ->  Bitmap Heap Scan on sbtest7  (cost=35.35..4118.19 rows=1065 width=4)
	        Recheck Cond: ((id >= 936745) AND (id <= 937744))
	        ->  Bitmap Index Scan on sbtest7_pkey  (cost=0.00..35.09 rows=1065 width=0)
	              Index Cond: ((id >= 936745) AND (id <= 937744))

table 8 : explain SELECT SUM(k) FROM sbtest8 WHERE id BETWEEN 9426738 AND 9427737
	Aggregate  (cost=4275.85..4275.86 rows=1 width=8)
	  ->  Bitmap Heap Scan on sbtest8  (cost=35.77..4273.08 rows=1106 width=4)
	        Recheck Cond: ((id >= 9426738) AND (id <= 9427737))
	        ->  Bitmap Index Scan on sbtest8_pkey  (cost=0.00..35.50 rows=1106 width=0)
	              Index Cond: ((id >= 9426738) AND (id <= 9427737))

for: distinct_ranges
table 1 : explain SELECT DISTINCT c FROM sbtest1 WHERE id BETWEEN 5958792 AND 5959791 ORDER BY c
	Unique  (cost=3759.20..3763.98 rows=957 width=121)
	  ->  Sort  (cost=3759.20..3761.59 rows=957 width=121)
	        Sort Key: c
	        ->  Bitmap Heap Scan on sbtest1  (cost=34.24..3711.81 rows=957 width=121)
	              Recheck Cond: ((id >= 5958792) AND (id <= 5959791))
	              ->  Bitmap Index Scan on sbtest1_pkey  (cost=0.00..34.01 rows=957 width=0)
	                    Index Cond: ((id >= 5958792) AND (id <= 5959791))

table 2 : explain SELECT DISTINCT c FROM sbtest2 WHERE id BETWEEN 4000154 AND 4001153 ORDER BY c
	Unique  (cost=4035.20..4040.34 rows=1029 width=121)
	  ->  Sort  (cost=4035.20..4037.77 rows=1029 width=121)
	        Sort Key: c
	        ->  Bitmap Heap Scan on sbtest2  (cost=34.98..3983.71 rows=1029 width=121)
	              Recheck Cond: ((id >= 4000154) AND (id <= 4001153))
	              ->  Bitmap Index Scan on sbtest2_pkey  (cost=0.00..34.73 rows=1029 width=0)
	                    Index Cond: ((id >= 4000154) AND (id <= 4001153))

table 3 : explain SELECT DISTINCT c FROM sbtest3 WHERE id BETWEEN 9450347 AND 9451346 ORDER BY c
	Unique  (cost=4337.22..4342.76 rows=1108 width=121)
	  ->  Sort  (cost=4337.22..4339.99 rows=1108 width=121)
	        Sort Key: c
	        ->  Bitmap Heap Scan on sbtest3  (cost=35.79..4281.19 rows=1108 width=121)
	              Recheck Cond: ((id >= 9450347) AND (id <= 9451346))
	              ->  Bitmap Index Scan on sbtest3_pkey  (cost=0.00..35.52 rows=1108 width=0)
	                    Index Cond: ((id >= 9450347) AND (id <= 9451346))

table 4 : explain SELECT DISTINCT c FROM sbtest4 WHERE id BETWEEN 7262291 AND 7263290 ORDER BY c
	Unique  (cost=3574.06..3578.60 rows=908 width=121)
	  ->  Sort  (cost=3574.06..3576.33 rows=908 width=121)
	        Sort Key: c
	        ->  Bitmap Heap Scan on sbtest4  (cost=29.74..3529.44 rows=908 width=121)
	              Recheck Cond: ((id >= 7262291) AND (id <= 7263290))
	              ->  Bitmap Index Scan on sbtest4_pkey  (cost=0.00..29.51 rows=908 width=0)
	                    Index Cond: ((id >= 7262291) AND (id <= 7263290))

table 5 : explain SELECT DISTINCT c FROM sbtest5 WHERE id BETWEEN 4290401 AND 4291400 ORDER BY c
	Unique  (cost=4038.88..4044.02 rows=1028 width=121)
	  ->  Sort  (cost=4038.88..4041.45 rows=1028 width=121)
	        Sort Key: c
	        ->  Bitmap Heap Scan on sbtest5  (cost=34.97..3987.45 rows=1028 width=121)
	              Recheck Cond: ((id >= 4290401) AND (id <= 4291400))
	              ->  Bitmap Index Scan on sbtest5_pkey  (cost=0.00..34.72 rows=1028 width=0)
	                    Index Cond: ((id >= 4290401) AND (id <= 4291400))

table 6 : explain SELECT DISTINCT c FROM sbtest6 WHERE id BETWEEN 5100208 AND 5101207 ORDER BY c
	Unique  (cost=3799.01..3803.84 rows=967 width=121)
	  ->  Sort  (cost=3799.01..3801.43 rows=967 width=121)
	        Sort Key: c
	        ->  Bitmap Heap Scan on sbtest6  (cost=34.35..3751.06 rows=967 width=121)
	              Recheck Cond: ((id >= 5100208) AND (id <= 5101207))
	              ->  Bitmap Index Scan on sbtest6_pkey  (cost=0.00..34.11 rows=967 width=0)
	                    Index Cond: ((id >= 5100208) AND (id <= 5101207))

table 7 : explain SELECT DISTINCT c FROM sbtest7 WHERE id BETWEEN 1805239 AND 1806238 ORDER BY c
	Unique  (cost=3724.43..3729.17 rows=948 width=121)
	  ->  Sort  (cost=3724.43..3726.80 rows=948 width=121)
	        Sort Key: c
	        ->  Bitmap Heap Scan on sbtest7  (cost=34.15..3677.56 rows=948 width=121)
	              Recheck Cond: ((id >= 1805239) AND (id <= 1806238))
	              ->  Bitmap Index Scan on sbtest7_pkey  (cost=0.00..33.92 rows=948 width=0)
	                    Index Cond: ((id >= 1805239) AND (id <= 1806238))

table 8 : explain SELECT DISTINCT c FROM sbtest8 WHERE id BETWEEN 4655762 AND 4656761 ORDER BY c
	Unique  (cost=3717.48..3722.21 rows=946 width=121)
	  ->  Sort  (cost=3717.48..3719.84 rows=946 width=121)
	        Sort Key: c
	        ->  Bitmap Heap Scan on sbtest8  (cost=34.13..3670.72 rows=946 width=121)
	              Recheck Cond: ((id >= 4655762) AND (id <= 4656761))
	              ->  Bitmap Index Scan on sbtest8_pkey  (cost=0.00..33.90 rows=946 width=0)
	                    Index Cond: ((id >= 4655762) AND (id <= 4656761))

for: simple_ranges
table 1 : explain SELECT c FROM sbtest1 WHERE id BETWEEN 2888228 AND 2889227
	Bitmap Heap Scan on sbtest1  (cost=34.47..3794.79 rows=979 width=121)
	  Recheck Cond: ((id >= 2888228) AND (id <= 2889227))
	  ->  Bitmap Index Scan on sbtest1_pkey  (cost=0.00..34.23 rows=979 width=0)
	        Index Cond: ((id >= 2888228) AND (id <= 2889227))

table 2 : explain SELECT c FROM sbtest2 WHERE id BETWEEN 5379279 AND 5380278
	Bitmap Heap Scan on sbtest2  (cost=34.55..3825.49 rows=987 width=121)
	  Recheck Cond: ((id >= 5379279) AND (id <= 5380278))
	  ->  Bitmap Index Scan on sbtest2_pkey  (cost=0.00..34.31 rows=987 width=0)
	        Index Cond: ((id >= 5379279) AND (id <= 5380278))

table 3 : explain SELECT c FROM sbtest3 WHERE id BETWEEN 6079899 AND 6080898
	Bitmap Heap Scan on sbtest3  (cost=35.16..4048.12 rows=1046 width=121)
	  Recheck Cond: ((id >= 6079899) AND (id <= 6080898))
	  ->  Bitmap Index Scan on sbtest3_pkey  (cost=0.00..34.90 rows=1046 width=0)
	        Index Cond: ((id >= 6079899) AND (id <= 6080898))

table 4 : explain SELECT c FROM sbtest4 WHERE id BETWEEN 8815243 AND 8816242
	Bitmap Heap Scan on sbtest4  (cost=34.32..3745.51 rows=964 width=121)
	  Recheck Cond: ((id >= 8815243) AND (id <= 8816242))
	  ->  Bitmap Index Scan on sbtest4_pkey  (cost=0.00..34.08 rows=964 width=0)
	        Index Cond: ((id >= 8815243) AND (id <= 8816242))

table 5 : explain SELECT c FROM sbtest5 WHERE id BETWEEN 5231775 AND 5232774
	Bitmap Heap Scan on sbtest5  (cost=29.64..3491.57 rows=898 width=121)
	  Recheck Cond: ((id >= 5231775) AND (id <= 5232774))
	  ->  Bitmap Index Scan on sbtest5_pkey  (cost=0.00..29.41 rows=898 width=0)
	        Index Cond: ((id >= 5231775) AND (id <= 5232774))

table 6 : explain SELECT c FROM sbtest6 WHERE id BETWEEN 1874964 AND 1875963
	Bitmap Heap Scan on sbtest6  (cost=35.18..4056.33 rows=1048 width=121)
	  Recheck Cond: ((id >= 1874964) AND (id <= 1875963))
	  ->  Bitmap Index Scan on sbtest6_pkey  (cost=0.00..34.92 rows=1048 width=0)
	        Index Cond: ((id >= 1874964) AND (id <= 1875963))

table 7 : explain SELECT c FROM sbtest7 WHERE id BETWEEN 4596250 AND 4597249
	Bitmap Heap Scan on sbtest7  (cost=34.87..3941.39 rows=1018 width=121)
	  Recheck Cond: ((id >= 4596250) AND (id <= 4597249))
	  ->  Bitmap Index Scan on sbtest7_pkey  (cost=0.00..34.62 rows=1018 width=0)
	        Index Cond: ((id >= 4596250) AND (id <= 4597249))

table 8 : explain SELECT c FROM sbtest8 WHERE id BETWEEN 7965454 AND 7966453
	Bitmap Heap Scan on sbtest8  (cost=29.84..3560.96 rows=918 width=121)
	  Recheck Cond: ((id >= 7965454) AND (id <= 7966453))
	  ->  Bitmap Index Scan on sbtest8_pkey  (cost=0.00..29.61 rows=918 width=0)
	        Index Cond: ((id >= 7965454) AND (id <= 7966453))

for: distinct_ranges
table 1 : explain SELECT DISTINCT c FROM sbtest1 WHERE id BETWEEN 8849424 AND 8850423 ORDER BY c
	Unique  (cost=3839.59..3844.48 rows=978 width=121)
	  ->  Sort  (cost=3839.59..3842.04 rows=978 width=121)
	        Sort Key: c
	        ->  Bitmap Heap Scan on sbtest1  (cost=34.46..3791.02 rows=978 width=121)
	              Recheck Cond: ((id >= 8849424) AND (id <= 8850423))
	              ->  Bitmap Index Scan on sbtest1_pkey  (cost=0.00..34.22 rows=978 width=0)
	                    Index Cond: ((id >= 8849424) AND (id <= 8850423))

table 2 : explain SELECT DISTINCT c FROM sbtest2 WHERE id BETWEEN 1123700 AND 1124699 ORDER BY c
	Unique  (cost=3996.97..4002.07 rows=1019 width=121)
	  ->  Sort  (cost=3996.97..3999.52 rows=1019 width=121)
	        Sort Key: c
	        ->  Bitmap Heap Scan on sbtest2  (cost=34.88..3946.06 rows=1019 width=121)
	              Recheck Cond: ((id >= 1123700) AND (id <= 1124699))
	              ->  Bitmap Index Scan on sbtest2_pkey  (cost=0.00..34.62 rows=1019 width=0)
	                    Index Cond: ((id >= 1123700) AND (id <= 1124699))

table 3 : explain SELECT DISTINCT c FROM sbtest3 WHERE id BETWEEN 7471610 AND 7472609 ORDER BY c
	Unique  (cost=4188.42..4193.76 rows=1069 width=121)
	  ->  Sort  (cost=4188.42..4191.09 rows=1069 width=121)
	        Sort Key: c
	        ->  Bitmap Heap Scan on sbtest3  (cost=35.39..4134.64 rows=1069 width=121)
	              Recheck Cond: ((id >= 7471610) AND (id <= 7472609))
	              ->  Bitmap Index Scan on sbtest3_pkey  (cost=0.00..35.12 rows=1069 width=0)
	                    Index Cond: ((id >= 7471610) AND (id <= 7472609))

table 4 : explain SELECT DISTINCT c FROM sbtest4 WHERE id BETWEEN 8771375 AND 8772374 ORDER BY c
	Unique  (cost=4000.49..4005.58 rows=1018 width=121)
	  ->  Sort  (cost=4000.49..4003.04 rows=1018 width=121)
	        Sort Key: c
	        ->  Bitmap Heap Scan on sbtest4  (cost=34.87..3949.64 rows=1018 width=121)
	              Recheck Cond: ((id >= 8771375) AND (id <= 8772374))
	              ->  Bitmap Index Scan on sbtest4_pkey  (cost=0.00..34.62 rows=1018 width=0)
	                    Index Cond: ((id >= 8771375) AND (id <= 8772374))

table 5 : explain SELECT DISTINCT c FROM sbtest5 WHERE id BETWEEN 8446568 AND 8447567 ORDER BY c
	Unique  (cost=4023.55..4028.67 rows=1024 width=121)
	  ->  Sort  (cost=4023.55..4026.11 rows=1024 width=121)
	        Sort Key: c
	        ->  Bitmap Heap Scan on sbtest5  (cost=34.93..3972.35 rows=1024 width=121)
	              Recheck Cond: ((id >= 8446568) AND (id <= 8447567))
	              ->  Bitmap Index Scan on sbtest5_pkey  (cost=0.00..34.68 rows=1024 width=0)
	                    Index Cond: ((id >= 8446568) AND (id <= 8447567))

table 6 : explain SELECT DISTINCT c FROM sbtest6 WHERE id BETWEEN 5299095 AND 5300094 ORDER BY c
	Unique  (cost=3691.70..3696.39 rows=939 width=121)
	  ->  Sort  (cost=3691.70..3694.04 rows=939 width=121)
	        Sort Key: c
	        ->  Bitmap Heap Scan on sbtest6  (cost=34.06..3645.33 rows=939 width=121)
	              Recheck Cond: ((id >= 5299095) AND (id <= 5300094))
	              ->  Bitmap Index Scan on sbtest6_pkey  (cost=0.00..33.83 rows=939 width=0)
	                    Index Cond: ((id >= 5299095) AND (id <= 5300094))

table 7 : explain SELECT DISTINCT c FROM sbtest7 WHERE id BETWEEN 6117844 AND 6118843 ORDER BY c
	Unique  (cost=3739.75..3744.51 rows=952 width=121)
	  ->  Sort  (cost=3739.75..3742.13 rows=952 width=121)
	        Sort Key: c
	        ->  Bitmap Heap Scan on sbtest7  (cost=34.19..3692.65 rows=952 width=121)
	              Recheck Cond: ((id >= 6117844) AND (id <= 6118843))
	              ->  Bitmap Index Scan on sbtest7_pkey  (cost=0.00..33.95 rows=952 width=0)
	                    Index Cond: ((id >= 6117844) AND (id <= 6118843))

table 8 : explain SELECT DISTINCT c FROM sbtest8 WHERE id BETWEEN 1648211 AND 1649210 ORDER BY c
	Unique  (cost=3874.47..3879.41 rows=987 width=121)
	  ->  Sort  (cost=3874.47..3876.94 rows=987 width=121)
	        Sort Key: c
	        ->  Bitmap Heap Scan on sbtest8  (cost=34.55..3825.38 rows=987 width=121)
	              Recheck Cond: ((id >= 1648211) AND (id <= 1649210))
	              ->  Bitmap Index Scan on sbtest8_pkey  (cost=0.00..34.31 rows=987 width=0)
	                    Index Cond: ((id >= 1648211) AND (id <= 1649210))

for: sum_ranges
table 1 : explain SELECT SUM(k) FROM sbtest1 WHERE id BETWEEN 7648755 AND 7649754
	Aggregate  (cost=3951.80..3951.81 rows=1 width=8)
	  ->  Bitmap Heap Scan on sbtest1  (cost=34.89..3949.25 rows=1020 width=4)
	        Recheck Cond: ((id >= 7648755) AND (id <= 7649754))
	        ->  Bitmap Index Scan on sbtest1_pkey  (cost=0.00..34.64 rows=1020 width=0)
	              Index Cond: ((id >= 7648755) AND (id <= 7649754))

table 2 : explain SELECT SUM(k) FROM sbtest2 WHERE id BETWEEN 5770596 AND 5771595
	Aggregate  (cost=3544.44..3544.45 rows=1 width=8)
	  ->  Bitmap Heap Scan on sbtest2  (cost=29.79..3542.16 rows=913 width=4)
	        Recheck Cond: ((id >= 5770596) AND (id <= 5771595))
	        ->  Bitmap Index Scan on sbtest2_pkey  (cost=0.00..29.57 rows=913 width=0)
	              Index Cond: ((id >= 5770596) AND (id <= 5771595))

table 3 : explain SELECT SUM(k) FROM sbtest3 WHERE id BETWEEN 6955189 AND 6956188
	Aggregate  (cost=3677.33..3677.34 rows=1 width=8)
	  ->  Bitmap Heap Scan on sbtest3  (cost=34.14..3674.96 rows=947 width=4)
	        Recheck Cond: ((id >= 6955189) AND (id <= 6956188))
	        ->  Bitmap Index Scan on sbtest3_pkey  (cost=0.00..33.91 rows=947 width=0)
	              Index Cond: ((id >= 6955189) AND (id <= 6956188))

table 4 : explain SELECT SUM(k) FROM sbtest4 WHERE id BETWEEN 8493086 AND 8494085
	Aggregate  (cost=3740.35..3740.36 rows=1 width=8)
	  ->  Bitmap Heap Scan on sbtest4  (cost=34.30..3737.95 rows=962 width=4)
	        Recheck Cond: ((id >= 8493086) AND (id <= 8494085))
	        ->  Bitmap Index Scan on sbtest4_pkey  (cost=0.00..34.06 rows=962 width=0)
	              Index Cond: ((id >= 8493086) AND (id <= 8494085))

table 5 : explain SELECT SUM(k) FROM sbtest5 WHERE id BETWEEN 2118609 AND 2119608
	Aggregate  (cost=3835.02..3835.03 rows=1 width=8)
	  ->  Bitmap Heap Scan on sbtest5  (cost=34.55..3832.55 rows=987 width=4)
	        Recheck Cond: ((id >= 2118609) AND (id <= 2119608))
	        ->  Bitmap Index Scan on sbtest5_pkey  (cost=0.00..34.31 rows=987 width=0)
	              Index Cond: ((id >= 2118609) AND (id <= 2119608))

table 6 : explain SELECT SUM(k) FROM sbtest6 WHERE id BETWEEN 7167049 AND 7168048
	Aggregate  (cost=3964.76..3964.77 rows=1 width=8)
	  ->  Bitmap Heap Scan on sbtest6  (cost=34.92..3962.20 rows=1023 width=4)
	        Recheck Cond: ((id >= 7167049) AND (id <= 7168048))
	        ->  Bitmap Index Scan on sbtest6_pkey  (cost=0.00..34.67 rows=1023 width=0)
	              Index Cond: ((id >= 7167049) AND (id <= 7168048))

table 7 : explain SELECT SUM(k) FROM sbtest7 WHERE id BETWEEN 7810125 AND 7811124
	Aggregate  (cost=4000.43..4000.44 rows=1 width=8)
	  ->  Bitmap Heap Scan on sbtest7  (cost=35.02..3997.85 rows=1033 width=4)
	        Recheck Cond: ((id >= 7810125) AND (id <= 7811124))
	        ->  Bitmap Index Scan on sbtest7_pkey  (cost=0.00..34.77 rows=1033 width=0)
	              Index Cond: ((id >= 7810125) AND (id <= 7811124))

table 8 : explain SELECT SUM(k) FROM sbtest8 WHERE id BETWEEN 6205725 AND 6206724
	Aggregate  (cost=3869.34..3869.35 rows=1 width=8)
	  ->  Bitmap Heap Scan on sbtest8  (cost=34.66..3866.84 rows=998 width=4)
	        Recheck Cond: ((id >= 6205725) AND (id <= 6206724))
	        ->  Bitmap Index Scan on sbtest8_pkey  (cost=0.00..34.42 rows=998 width=0)
	              Index Cond: ((id >= 6205725) AND (id <= 6206724))

for: sum_ranges
table 1 : explain SELECT SUM(k) FROM sbtest1 WHERE id BETWEEN 4462708 AND 4463707
	Aggregate  (cost=3782.14..3782.15 rows=1 width=8)
	  ->  Bitmap Heap Scan on sbtest1  (cost=34.43..3779.71 rows=975 width=4)
	        Recheck Cond: ((id >= 4462708) AND (id <= 4463707))
	        ->  Bitmap Index Scan on sbtest1_pkey  (cost=0.00..34.19 rows=975 width=0)
	              Index Cond: ((id >= 4462708) AND (id <= 4463707))

table 2 : explain SELECT SUM(k) FROM sbtest2 WHERE id BETWEEN 807158 AND 808157
	Aggregate  (cost=3642.95..3642.96 rows=1 width=8)
	  ->  Bitmap Heap Scan on sbtest2  (cost=34.05..3640.61 rows=938 width=4)
	        Recheck Cond: ((id >= 807158) AND (id <= 808157))
	        ->  Bitmap Index Scan on sbtest2_pkey  (cost=0.00..33.82 rows=938 width=0)
	              Index Cond: ((id >= 807158) AND (id <= 808157))

table 3 : explain SELECT SUM(k) FROM sbtest3 WHERE id BETWEEN 4008460 AND 4009459
	Aggregate  (cost=4031.91..4031.92 rows=1 width=8)
	  ->  Bitmap Heap Scan on sbtest3  (cost=35.11..4029.31 rows=1041 width=4)
	        Recheck Cond: ((id >= 4008460) AND (id <= 4009459))
	        ->  Bitmap Index Scan on sbtest3_pkey  (cost=0.00..34.84 rows=1041 width=0)
	              Index Cond: ((id >= 4008460) AND (id <= 4009459))

table 4 : explain SELECT SUM(k) FROM sbtest4 WHERE id BETWEEN 2180225 AND 2181224
	Aggregate  (cost=4491.65..4491.66 rows=1 width=8)
	  ->  Bitmap Heap Scan on sbtest4  (cost=40.34..4488.75 rows=1161 width=4)
	        Recheck Cond: ((id >= 2180225) AND (id <= 2181224))
	        ->  Bitmap Index Scan on sbtest4_pkey  (cost=0.00..40.05 rows=1161 width=0)
	              Index Cond: ((id >= 2180225) AND (id <= 2181224))

table 5 : explain SELECT SUM(k) FROM sbtest5 WHERE id BETWEEN 958738 AND 959737
	Aggregate  (cost=4065.56..4065.57 rows=1 width=8)
	  ->  Bitmap Heap Scan on sbtest5  (cost=35.18..4062.94 rows=1048 width=4)
	        Recheck Cond: ((id >= 958738) AND (id <= 959737))
	        ->  Bitmap Index Scan on sbtest5_pkey  (cost=0.00..34.92 rows=1048 width=0)
	              Index Cond: ((id >= 958738) AND (id <= 959737))

table 6 : explain SELECT SUM(k) FROM sbtest6 WHERE id BETWEEN 2118747 AND 2119746
	Aggregate  (cost=4194.45..4194.46 rows=1 width=8)
	  ->  Bitmap Heap Scan on sbtest6  (cost=35.55..4191.74 rows=1084 width=4)
	        Recheck Cond: ((id >= 2118747) AND (id <= 2119746))
	        ->  Bitmap Index Scan on sbtest6_pkey  (cost=0.00..35.28 rows=1084 width=0)
	              Index Cond: ((id >= 2118747) AND (id <= 2119746))

table 7 : explain SELECT SUM(k) FROM sbtest7 WHERE id BETWEEN 7723371 AND 7724370
	Aggregate  (cost=4000.43..4000.44 rows=1 width=8)
	  ->  Bitmap Heap Scan on sbtest7  (cost=35.02..3997.85 rows=1033 width=4)
	        Recheck Cond: ((id >= 7723371) AND (id <= 7724370))
	        ->  Bitmap Index Scan on sbtest7_pkey  (cost=0.00..34.77 rows=1033 width=0)
	              Index Cond: ((id >= 7723371) AND (id <= 7724370))

table 8 : explain SELECT SUM(k) FROM sbtest8 WHERE id BETWEEN 2366936 AND 2367935
	Aggregate  (cost=3865.57..3865.58 rows=1 width=8)
	  ->  Bitmap Heap Scan on sbtest8  (cost=34.65..3863.08 rows=997 width=4)
	        Recheck Cond: ((id >= 2366936) AND (id <= 2367935))
	        ->  Bitmap Index Scan on sbtest8_pkey  (cost=0.00..34.41 rows=997 width=0)
	              Index Cond: ((id >= 2366936) AND (id <= 2367935))

for point_selects
table 1 : explain SELECT c FROM sbtest1 WHERE id=6451896
	Index Scan using sbtest1_pkey on sbtest1  (cost=0.43..8.45 rows=1 width=121)
	  Index Cond: (id = 6451896)

table 2 : explain SELECT c FROM sbtest2 WHERE id=2781085
	Index Scan using sbtest2_pkey on sbtest2  (cost=0.43..8.45 rows=1 width=121)
	  Index Cond: (id = 2781085)

table 3 : explain SELECT c FROM sbtest3 WHERE id=8635103
	Index Scan using sbtest3_pkey on sbtest3  (cost=0.43..8.45 rows=1 width=121)
	  Index Cond: (id = 8635103)

table 4 : explain SELECT c FROM sbtest4 WHERE id=4148568
	Index Scan using sbtest4_pkey on sbtest4  (cost=0.43..8.45 rows=1 width=121)
	  Index Cond: (id = 4148568)

table 5 : explain SELECT c FROM sbtest5 WHERE id=8512989
	Index Scan using sbtest5_pkey on sbtest5  (cost=0.43..8.45 rows=1 width=121)
	  Index Cond: (id = 8512989)

table 6 : explain SELECT c FROM sbtest6 WHERE id=6345986
	Index Scan using sbtest6_pkey on sbtest6  (cost=0.43..8.45 rows=1 width=121)
	  Index Cond: (id = 6345986)

table 7 : explain SELECT c FROM sbtest7 WHERE id=9770459
	Index Scan using sbtest7_pkey on sbtest7  (cost=0.43..8.45 rows=1 width=121)
	  Index Cond: (id = 9770459)

table 8 : explain SELECT c FROM sbtest8 WHERE id=7520644
	Index Scan using sbtest8_pkey on sbtest8  (cost=0.43..8.45 rows=1 width=121)
	  Index Cond: (id = 7520644)

explain: for point_selects :: explain SELECT c FROM sbtest%u WHERE id=%u
for: order_ranges
table 1 : explain SELECT c FROM sbtest1 WHERE id BETWEEN 7018079 AND 7019078 ORDER BY c
	Sort  (cost=3981.11..3983.65 rows=1015 width=121)
	  Sort Key: c
	  ->  Bitmap Heap Scan on sbtest1  (cost=34.84..3930.43 rows=1015 width=121)
	        Recheck Cond: ((id >= 7018079) AND (id <= 7019078))
	        ->  Bitmap Index Scan on sbtest1_pkey  (cost=0.00..34.59 rows=1015 width=0)
	              Index Cond: ((id >= 7018079) AND (id <= 7019078))

table 2 : explain SELECT c FROM sbtest2 WHERE id BETWEEN 106285 AND 107284 ORDER BY c
	Sort  (cost=3548.69..3550.94 rows=903 width=121)
	  Sort Key: c
	  ->  Bitmap Heap Scan on sbtest2  (cost=29.69..3504.36 rows=903 width=121)
	        Recheck Cond: ((id >= 106285) AND (id <= 107284))
	        ->  Bitmap Index Scan on sbtest2_pkey  (cost=0.00..29.46 rows=903 width=0)
	              Index Cond: ((id >= 106285) AND (id <= 107284))

table 3 : explain SELECT c FROM sbtest3 WHERE id BETWEEN 8782412 AND 8783411 ORDER BY c
	Sort  (cost=4104.40..4107.02 rows=1047 width=121)
	  Sort Key: c
	  ->  Bitmap Heap Scan on sbtest3  (cost=35.17..4051.89 rows=1047 width=121)
	        Recheck Cond: ((id >= 8782412) AND (id <= 8783411))
	        ->  Bitmap Index Scan on sbtest3_pkey  (cost=0.00..34.91 rows=1047 width=0)
	              Index Cond: ((id >= 8782412) AND (id <= 8783411))

table 4 : explain SELECT c FROM sbtest4 WHERE id BETWEEN 1012406 AND 1013405 ORDER BY c
	Sort  (cost=3547.12..3549.38 rows=901 width=121)
	  Sort Key: c
	  ->  Bitmap Heap Scan on sbtest4  (cost=29.67..3502.91 rows=901 width=121)
	        Recheck Cond: ((id >= 1012406) AND (id <= 1013405))
	        ->  Bitmap Index Scan on sbtest4_pkey  (cost=0.00..29.44 rows=901 width=0)
	              Index Cond: ((id >= 1012406) AND (id <= 1013405))

table 5 : explain SELECT c FROM sbtest5 WHERE id BETWEEN 4105062 AND 4106061 ORDER BY c
	Sort  (cost=3985.21..3987.74 rows=1014 width=121)
	  Sort Key: c
	  ->  Bitmap Heap Scan on sbtest5  (cost=34.83..3934.58 rows=1014 width=121)
	        Recheck Cond: ((id >= 4105062) AND (id <= 4106061))
	        ->  Bitmap Index Scan on sbtest5_pkey  (cost=0.00..34.58 rows=1014 width=0)
	              Index Cond: ((id >= 4105062) AND (id <= 4106061))

table 6 : explain SELECT c FROM sbtest6 WHERE id BETWEEN 1342920 AND 1343919 ORDER BY c
	Sort  (cost=4043.93..4046.51 rows=1031 width=121)
	  Sort Key: c
	  ->  Bitmap Heap Scan on sbtest6  (cost=35.00..3992.33 rows=1031 width=121)
	        Recheck Cond: ((id >= 1342920) AND (id <= 1343919))
	        ->  Bitmap Index Scan on sbtest6_pkey  (cost=0.00..34.75 rows=1031 width=0)
	              Index Cond: ((id >= 1342920) AND (id <= 1343919))

table 7 : explain SELECT c FROM sbtest7 WHERE id BETWEEN 4365645 AND 4366644 ORDER BY c
	Sort  (cost=4133.57..4136.21 rows=1055 width=121)
	  Sort Key: c
	  ->  Bitmap Heap Scan on sbtest7  (cost=35.25..4080.59 rows=1055 width=121)
	        Recheck Cond: ((id >= 4365645) AND (id <= 4366644))
	        ->  Bitmap Index Scan on sbtest7_pkey  (cost=0.00..34.98 rows=1055 width=0)
	              Index Cond: ((id >= 4365645) AND (id <= 4366644))

table 8 : explain SELECT c FROM sbtest8 WHERE id BETWEEN 5117081 AND 5118080 ORDER BY c
	Sort  (cost=4103.85..4106.47 rows=1047 width=121)
	  Sort Key: c
	  ->  Bitmap Heap Scan on sbtest8  (cost=35.17..4051.34 rows=1047 width=121)
	        Recheck Cond: ((id >= 5117081) AND (id <= 5118080))
	        ->  Bitmap Index Scan on sbtest8_pkey  (cost=0.00..34.91 rows=1047 width=0)
	              Index Cond: ((id >= 5117081) AND (id <= 5118080))

explain: for point_selects :: explain SELECT c FROM sbtest%u WHERE id=%u
for: order_ranges
table 1 : explain SELECT c FROM sbtest1 WHERE id BETWEEN 2028437 AND 2029436 ORDER BY c
	Sort  (cost=3525.19..3527.43 rows=897 width=121)
	  Sort Key: c
	  ->  Bitmap Heap Scan on sbtest1  (cost=29.63..3481.20 rows=897 width=121)
	        Recheck Cond: ((id >= 2028437) AND (id <= 2029436))
	        ->  Bitmap Index Scan on sbtest1_pkey  (cost=0.00..29.40 rows=897 width=0)
	              Index Cond: ((id >= 2028437) AND (id <= 2029436))

table 2 : explain SELECT c FROM sbtest2 WHERE id BETWEEN 6155399 AND 6156398 ORDER BY c
	Sort  (cost=3970.21..3972.74 rows=1012 width=121)
	  Sort Key: c
	  ->  Bitmap Heap Scan on sbtest2  (cost=34.81..3919.69 rows=1012 width=121)
	        Recheck Cond: ((id >= 6155399) AND (id <= 6156398))
	        ->  Bitmap Index Scan on sbtest2_pkey  (cost=0.00..34.56 rows=1012 width=0)
	              Index Cond: ((id >= 6155399) AND (id <= 6156398))

table 3 : explain SELECT c FROM sbtest3 WHERE id BETWEEN 270917 AND 271916 ORDER BY c
	Sort  (cost=4146.42..4149.06 rows=1058 width=121)
	  Sort Key: c
	  ->  Bitmap Heap Scan on sbtest3  (cost=35.28..4093.27 rows=1058 width=121)
	        Recheck Cond: ((id >= 270917) AND (id <= 271916))
	        ->  Bitmap Index Scan on sbtest3_pkey  (cost=0.00..35.02 rows=1058 width=0)
	              Index Cond: ((id >= 270917) AND (id <= 271916))

table 4 : explain SELECT c FROM sbtest4 WHERE id BETWEEN 3337032 AND 3338031 ORDER BY c
	Sort  (cost=4000.49..4003.04 rows=1018 width=121)
	  Sort Key: c
	  ->  Bitmap Heap Scan on sbtest4  (cost=34.87..3949.64 rows=1018 width=121)
	        Recheck Cond: ((id >= 3337032) AND (id <= 3338031))
	        ->  Bitmap Index Scan on sbtest4_pkey  (cost=0.00..34.62 rows=1018 width=0)
	              Index Cond: ((id >= 3337032) AND (id <= 3338031))

table 5 : explain SELECT c FROM sbtest5 WHERE id BETWEEN 8757851 AND 8758850 ORDER BY c
	Sort  (cost=4042.71..4045.28 rows=1029 width=121)
	  Sort Key: c
	  ->  Bitmap Heap Scan on sbtest5  (cost=34.98..3991.22 rows=1029 width=121)
	        Recheck Cond: ((id >= 8757851) AND (id <= 8758850))
	        ->  Bitmap Index Scan on sbtest5_pkey  (cost=0.00..34.73 rows=1029 width=0)
	              Index Cond: ((id >= 8757851) AND (id <= 8758850))

table 6 : explain SELECT c FROM sbtest6 WHERE id BETWEEN 2232440 AND 2233439 ORDER BY c
	Sort  (cost=3875.60..3878.07 rows=987 width=121)
	  Sort Key: c
	  ->  Bitmap Heap Scan on sbtest6  (cost=34.55..3826.51 rows=987 width=121)
	        Recheck Cond: ((id >= 2232440) AND (id <= 2233439))
	        ->  Bitmap Index Scan on sbtest6_pkey  (cost=0.00..34.31 rows=987 width=0)
	              Index Cond: ((id >= 2232440) AND (id <= 2233439))

table 7 : explain SELECT c FROM sbtest7 WHERE id BETWEEN 8698814 AND 8699813 ORDER BY c
	Sort  (cost=4324.56..4327.32 rows=1105 width=121)
	  Sort Key: c
	  ->  Bitmap Heap Scan on sbtest7  (cost=39.76..4268.70 rows=1105 width=121)
	        Recheck Cond: ((id >= 8698814) AND (id <= 8699813))
	        ->  Bitmap Index Scan on sbtest7_pkey  (cost=0.00..39.48 rows=1105 width=0)
	              Index Cond: ((id >= 8698814) AND (id <= 8699813))

table 8 : explain SELECT c FROM sbtest8 WHERE id BETWEEN 9214733 AND 9215732 ORDER BY c
	Sort  (cost=3801.74..3804.16 rows=968 width=121)
	  Sort Key: c
	  ->  Bitmap Heap Scan on sbtest8  (cost=34.36..3753.74 rows=968 width=121)
	        Recheck Cond: ((id >= 9214733) AND (id <= 9215732))
	        ->  Bitmap Index Scan on sbtest8_pkey  (cost=0.00..34.12 rows=968 width=0)
	              Index Cond: ((id >= 9214733) AND (id <= 9215732))

explain: for point_selects :: explain SELECT c FROM sbtest%u WHERE id=%u
for: order_ranges
table 1 : explain SELECT c FROM sbtest1 WHERE id BETWEEN 9096718 AND 9097717 ORDER BY c
	Sort  (cost=4221.70..4224.39 rows=1078 width=121)
	  Sort Key: c
	  ->  Bitmap Heap Scan on sbtest1  (cost=35.48..4167.40 rows=1078 width=121)
	        Recheck Cond: ((id >= 9096718) AND (id <= 9097717))
	        ->  Bitmap Index Scan on sbtest1_pkey  (cost=0.00..35.22 rows=1078 width=0)
	              Index Cond: ((id >= 9096718) AND (id <= 9097717))

table 2 : explain SELECT c FROM sbtest2 WHERE id BETWEEN 6583124 AND 6584123 ORDER BY c
	Sort  (cost=3786.53..3788.94 rows=964 width=121)
	  Sort Key: c
	  ->  Bitmap Heap Scan on sbtest2  (cost=34.32..3738.75 rows=964 width=121)
	        Recheck Cond: ((id >= 6583124) AND (id <= 6584123))
	        ->  Bitmap Index Scan on sbtest2_pkey  (cost=0.00..34.08 rows=964 width=0)
	              Index Cond: ((id >= 6583124) AND (id <= 6584123))

table 3 : explain SELECT c FROM sbtest3 WHERE id BETWEEN 6119590 AND 6120589 ORDER BY c
	Sort  (cost=4100.58..4103.20 rows=1046 width=121)
	  Sort Key: c
	  ->  Bitmap Heap Scan on sbtest3  (cost=35.16..4048.12 rows=1046 width=121)
	        Recheck Cond: ((id >= 6119590) AND (id <= 6120589))
	        ->  Bitmap Index Scan on sbtest3_pkey  (cost=0.00..34.90 rows=1046 width=0)
	              Index Cond: ((id >= 6119590) AND (id <= 6120589))

table 4 : explain SELECT c FROM sbtest4 WHERE id BETWEEN 6691583 AND 6692582 ORDER BY c
	Sort  (cost=3789.45..3791.86 rows=963 width=121)
	  Sort Key: c
	  ->  Bitmap Heap Scan on sbtest4  (cost=34.31..3741.73 rows=963 width=121)
	        Recheck Cond: ((id >= 6691583) AND (id <= 6692582))
	        ->  Bitmap Index Scan on sbtest4_pkey  (cost=0.00..34.07 rows=963 width=0)
	              Index Cond: ((id >= 6691583) AND (id <= 6692582))

table 5 : explain SELECT c FROM sbtest5 WHERE id BETWEEN 3503286 AND 3504285 ORDER BY c
	Sort  (cost=3574.10..3576.37 rows=908 width=121)
	  Sort Key: c
	  ->  Bitmap Heap Scan on sbtest5  (cost=29.74..3529.49 rows=908 width=121)
	        Recheck Cond: ((id >= 3503286) AND (id <= 3504285))
	        ->  Bitmap Index Scan on sbtest5_pkey  (cost=0.00..29.51 rows=908 width=0)
	              Index Cond: ((id >= 3503286) AND (id <= 3504285))

table 6 : explain SELECT c FROM sbtest6 WHERE id BETWEEN 3708128 AND 3709127 ORDER BY c
	Sort  (cost=3806.67..3809.09 rows=969 width=121)
	  Sort Key: c
	  ->  Bitmap Heap Scan on sbtest6  (cost=34.37..3758.61 rows=969 width=121)
	        Recheck Cond: ((id >= 3708128) AND (id <= 3709127))
	        ->  Bitmap Index Scan on sbtest6_pkey  (cost=0.00..34.12 rows=969 width=0)
	              Index Cond: ((id >= 3708128) AND (id <= 3709127))

table 7 : explain SELECT c FROM sbtest7 WHERE id BETWEEN 2770844 AND 2771843 ORDER BY c
	Sort  (cost=3843.11..3845.56 rows=979 width=121)
	  Sort Key: c
	  ->  Bitmap Heap Scan on sbtest7  (cost=34.47..3794.48 rows=979 width=121)
	        Recheck Cond: ((id >= 2770844) AND (id <= 2771843))
	        ->  Bitmap Index Scan on sbtest7_pkey  (cost=0.00..34.23 rows=979 width=0)
	              Index Cond: ((id >= 2770844) AND (id <= 2771843))

table 8 : explain SELECT c FROM sbtest8 WHERE id BETWEEN 5351281 AND 5352280 ORDER BY c
	Sort  (cost=4176.40..4179.07 rows=1066 width=121)
	  Sort Key: c
	  ->  Bitmap Heap Scan on sbtest8  (cost=35.36..4122.79 rows=1066 width=121)
	        Recheck Cond: ((id >= 5351281) AND (id <= 5352280))
	        ->  Bitmap Index Scan on sbtest8_pkey  (cost=0.00..35.09 rows=1066 width=0)
	              Index Cond: ((id >= 5351281) AND (id <= 5352280))

for: distinct_ranges
table 1 : explain SELECT DISTINCT c FROM sbtest1 WHERE id BETWEEN 3511608 AND 3512607 ORDER BY c
	Unique  (cost=3759.20..3763.98 rows=957 width=121)
	  ->  Sort  (cost=3759.20..3761.59 rows=957 width=121)
	        Sort Key: c
	        ->  Bitmap Heap Scan on sbtest1  (cost=34.24..3711.81 rows=957 width=121)
	              Recheck Cond: ((id >= 3511608) AND (id <= 3512607))
	              ->  Bitmap Index Scan on sbtest1_pkey  (cost=0.00..34.01 rows=957 width=0)
	                    Index Cond: ((id >= 3511608) AND (id <= 3512607))

table 2 : explain SELECT DISTINCT c FROM sbtest2 WHERE id BETWEEN 411563 AND 412562 ORDER BY c
	Unique  (cost=3656.08..3660.74 rows=931 width=121)
	  ->  Sort  (cost=3656.08..3658.41 rows=931 width=121)
	        Sort Key: c
	        ->  Bitmap Heap Scan on sbtest2  (cost=29.98..3610.17 rows=931 width=121)
	              Recheck Cond: ((id >= 411563) AND (id <= 412562))
	              ->  Bitmap Index Scan on sbtest2_pkey  (cost=0.00..29.75 rows=931 width=0)
	                    Index Cond: ((id >= 411563) AND (id <= 412562))

table 3 : explain SELECT DISTINCT c FROM sbtest3 WHERE id BETWEEN 4130962 AND 4131961 ORDER BY c
	Unique  (cost=4222.77..4228.16 rows=1078 width=121)
	  ->  Sort  (cost=4222.77..4225.47 rows=1078 width=121)
	        Sort Key: c
	        ->  Bitmap Heap Scan on sbtest3  (cost=35.48..4168.47 rows=1078 width=121)
	              Recheck Cond: ((id >= 4130962) AND (id <= 4131961))
	              ->  Bitmap Index Scan on sbtest3_pkey  (cost=0.00..35.22 rows=1078 width=0)
	                    Index Cond: ((id >= 4130962) AND (id <= 4131961))

table 4 : explain SELECT DISTINCT c FROM sbtest4 WHERE id BETWEEN 2522873 AND 2523872 ORDER BY c
	Unique  (cost=3597.13..3601.70 rows=914 width=121)
	  ->  Sort  (cost=3597.13..3599.42 rows=914 width=121)
	        Sort Key: c
	        ->  Bitmap Heap Scan on sbtest4  (cost=29.80..3552.18 rows=914 width=121)
	              Recheck Cond: ((id >= 2522873) AND (id <= 2523872))
	              ->  Bitmap Index Scan on sbtest4_pkey  (cost=0.00..29.57 rows=914 width=0)
	                    Index Cond: ((id >= 2522873) AND (id <= 2523872))

table 5 : explain SELECT DISTINCT c FROM sbtest5 WHERE id BETWEEN 6889822 AND 6890821 ORDER BY c
	Unique  (cost=3620.25..3624.85 rows=920 width=121)
	  ->  Sort  (cost=3620.25..3622.55 rows=920 width=121)
	        Sort Key: c
	        ->  Bitmap Heap Scan on sbtest5  (cost=29.87..3574.97 rows=920 width=121)
	              Recheck Cond: ((id >= 6889822) AND (id <= 6890821))
	              ->  Bitmap Index Scan on sbtest5_pkey  (cost=0.00..29.64 rows=920 width=0)
	                    Index Cond: ((id >= 6889822) AND (id <= 6890821))

table 6 : explain SELECT DISTINCT c FROM sbtest6 WHERE id BETWEEN 6790588 AND 6791587 ORDER BY c
	Unique  (cost=4200.58..4205.94 rows=1072 width=121)
	  ->  Sort  (cost=4200.58..4203.26 rows=1072 width=121)
	        Sort Key: c
	        ->  Bitmap Heap Scan on sbtest6  (cost=35.42..4146.63 rows=1072 width=121)
	              Recheck Cond: ((id >= 6790588) AND (id <= 6791587))
	              ->  Bitmap Index Scan on sbtest6_pkey  (cost=0.00..35.16 rows=1072 width=0)
	                    Index Cond: ((id >= 6790588) AND (id <= 6791587))

table 7 : explain SELECT DISTINCT c FROM sbtest7 WHERE id BETWEEN 4921447 AND 4922446 ORDER BY c
	Unique  (cost=4206.08..4211.45 rows=1074 width=121)
	  ->  Sort  (cost=4206.08..4208.76 rows=1074 width=121)
	        Sort Key: c
	        ->  Bitmap Heap Scan on sbtest7  (cost=35.44..4152.01 rows=1074 width=121)
	              Recheck Cond: ((id >= 4921447) AND (id <= 4922446))
	              ->  Bitmap Index Scan on sbtest7_pkey  (cost=0.00..35.18 rows=1074 width=0)
	                    Index Cond: ((id >= 4921447) AND (id <= 4922446))

table 8 : explain SELECT DISTINCT c FROM sbtest8 WHERE id BETWEEN 7323075 AND 7324074 ORDER BY c
	Unique  (cost=4015.98..4021.10 rows=1024 width=121)
	  ->  Sort  (cost=4015.98..4018.54 rows=1024 width=121)
	        Sort Key: c
	        ->  Bitmap Heap Scan on sbtest8  (cost=34.93..3964.78 rows=1024 width=121)
	              Recheck Cond: ((id >= 7323075) AND (id <= 7324074))
	              ->  Bitmap Index Scan on sbtest8_pkey  (cost=0.00..34.68 rows=1024 width=0)
	                    Index Cond: ((id >= 7323075) AND (id <= 7324074))

for: distinct_ranges
table 1 : explain SELECT DISTINCT c FROM sbtest1 WHERE id BETWEEN 8982647 AND 8983646 ORDER BY c
	Unique  (cost=3797.49..3802.32 rows=967 width=121)
	  ->  Sort  (cost=3797.49..3799.91 rows=967 width=121)
	        Sort Key: c
	        ->  Bitmap Heap Scan on sbtest1  (cost=34.35..3749.54 rows=967 width=121)
	              Recheck Cond: ((id >= 8982647) AND (id <= 8983646))
	              ->  Bitmap Index Scan on sbtest1_pkey  (cost=0.00..34.11 rows=967 width=0)
	                    Index Cond: ((id >= 8982647) AND (id <= 8983646))

table 2 : explain SELECT DISTINCT c FROM sbtest2 WHERE id BETWEEN 1005657 AND 1006656 ORDER BY c
	Unique  (cost=4103.97..4109.20 rows=1047 width=121)
	  ->  Sort  (cost=4103.97..4106.58 rows=1047 width=121)
	        Sort Key: c
	        ->  Bitmap Heap Scan on sbtest2  (cost=35.17..4051.45 rows=1047 width=121)
	              Recheck Cond: ((id >= 1005657) AND (id <= 1006656))
	              ->  Bitmap Index Scan on sbtest2_pkey  (cost=0.00..34.91 rows=1047 width=0)
	                    Index Cond: ((id >= 1005657) AND (id <= 1006656))

table 3 : explain SELECT DISTINCT c FROM sbtest3 WHERE id BETWEEN 764566 AND 765565 ORDER BY c
	Unique  (cost=3614.26..3618.86 rows=920 width=121)
	  ->  Sort  (cost=3614.26..3616.56 rows=920 width=121)
	        Sort Key: c
	        ->  Bitmap Heap Scan on sbtest3  (cost=29.87..3568.97 rows=920 width=121)
	              Recheck Cond: ((id >= 764566) AND (id <= 765565))
	              ->  Bitmap Index Scan on sbtest3_pkey  (cost=0.00..29.64 rows=920 width=0)
	                    Index Cond: ((id >= 764566) AND (id <= 765565))

table 4 : explain SELECT DISTINCT c FROM sbtest4 WHERE id BETWEEN 496146 AND 497145 ORDER BY c
	Unique  (cost=3965.98..3971.03 rows=1009 width=121)
	  ->  Sort  (cost=3965.98..3968.50 rows=1009 width=121)
	        Sort Key: c
	        ->  Bitmap Heap Scan on sbtest4  (cost=34.78..3915.64 rows=1009 width=121)
	              Recheck Cond: ((id >= 496146) AND (id <= 497145))
	              ->  Bitmap Index Scan on sbtest4_pkey  (cost=0.00..34.53 rows=1009 width=0)
	                    Index Cond: ((id >= 496146) AND (id <= 497145))

table 5 : explain SELECT DISTINCT c FROM sbtest5 WHERE id BETWEEN 4423856 AND 4424855 ORDER BY c
	Unique  (cost=4035.05..4040.18 rows=1027 width=121)
	  ->  Sort  (cost=4035.05..4037.61 rows=1027 width=121)
	        Sort Key: c
	        ->  Bitmap Heap Scan on sbtest5  (cost=34.96..3983.67 rows=1027 width=121)
	              Recheck Cond: ((id >= 4423856) AND (id <= 4424855))
	              ->  Bitmap Index Scan on sbtest5_pkey  (cost=0.00..34.70 rows=1027 width=0)
	                    Index Cond: ((id >= 4423856) AND (id <= 4424855))

table 6 : explain SELECT DISTINCT c FROM sbtest6 WHERE id BETWEEN 9227866 AND 9228865 ORDER BY c
	Unique  (cost=3756.86..3761.64 rows=956 width=121)
	  ->  Sort  (cost=3756.86..3759.25 rows=956 width=121)
	        Sort Key: c
	        ->  Bitmap Heap Scan on sbtest6  (cost=34.23..3709.54 rows=956 width=121)
	              Recheck Cond: ((id >= 9227866) AND (id <= 9228865))
	              ->  Bitmap Index Scan on sbtest6_pkey  (cost=0.00..34.00 rows=956 width=0)
	                    Index Cond: ((id >= 9227866) AND (id <= 9228865))

table 7 : explain SELECT DISTINCT c FROM sbtest7 WHERE id BETWEEN 1790600 AND 1791599 ORDER BY c
	Unique  (cost=4175.55..4180.88 rows=1066 width=121)
	  ->  Sort  (cost=4175.55..4178.22 rows=1066 width=121)
	        Sort Key: c
	        ->  Bitmap Heap Scan on sbtest7  (cost=35.36..4121.95 rows=1066 width=121)
	              Recheck Cond: ((id >= 1790600) AND (id <= 1791599))
	              ->  Bitmap Index Scan on sbtest7_pkey  (cost=0.00..35.09 rows=1066 width=0)
	                    Index Cond: ((id >= 1790600) AND (id <= 1791599))

table 8 : explain SELECT DISTINCT c FROM sbtest8 WHERE id BETWEEN 4858987 AND 4859986 ORDER BY c
	Unique  (cost=4252.72..4258.15 rows=1086 width=121)
	  ->  Sort  (cost=4252.72..4255.44 rows=1086 width=121)
	        Sort Key: c
	        ->  Bitmap Heap Scan on sbtest8  (cost=35.57..4197.96 rows=1086 width=121)
	              Recheck Cond: ((id >= 4858987) AND (id <= 4859986))
	              ->  Bitmap Index Scan on sbtest8_pkey  (cost=0.00..35.30 rows=1086 width=0)
	                    Index Cond: ((id >= 4858987) AND (id <= 4859986))

explain: for point_selects :: explain SELECT c FROM sbtest%u WHERE id=%u
for: sum_ranges
table 1 : explain SELECT SUM(k) FROM sbtest1 WHERE id BETWEEN 7082636 AND 7083635
	Aggregate  (cost=4042.18..4042.19 rows=1 width=8)
	  ->  Bitmap Heap Scan on sbtest1  (cost=35.14..4039.57 rows=1044 width=4)
	        Recheck Cond: ((id >= 7082636) AND (id <= 7083635))
	        ->  Bitmap Index Scan on sbtest1_pkey  (cost=0.00..34.88 rows=1044 width=0)
	              Index Cond: ((id >= 7082636) AND (id <= 7083635))

table 2 : explain SELECT SUM(k) FROM sbtest2 WHERE id BETWEEN 8763081 AND 8764080
	Aggregate  (cost=3767.58..3767.59 rows=1 width=8)
	  ->  Bitmap Heap Scan on sbtest2  (cost=34.39..3765.15 rows=971 width=4)
	        Recheck Cond: ((id >= 8763081) AND (id <= 8764080))
	        ->  Bitmap Index Scan on sbtest2_pkey  (cost=0.00..34.15 rows=971 width=0)
	              Index Cond: ((id >= 8763081) AND (id <= 8764080))

table 3 : explain SELECT SUM(k) FROM sbtest3 WHERE id BETWEEN 5244665 AND 5245664
	Aggregate  (cost=3696.22..3696.23 rows=1 width=8)
	  ->  Bitmap Heap Scan on sbtest3  (cost=34.19..3693.84 rows=952 width=4)
	        Recheck Cond: ((id >= 5244665) AND (id <= 5245664))
	        ->  Bitmap Index Scan on sbtest3_pkey  (cost=0.00..33.95 rows=952 width=0)
	              Index Cond: ((id >= 5244665) AND (id <= 5245664))

table 4 : explain SELECT SUM(k) FROM sbtest4 WHERE id BETWEEN 2822537 AND 2823536
	Aggregate  (cost=3887.92..3887.93 rows=1 width=8)
	  ->  Bitmap Heap Scan on sbtest4  (cost=34.70..3885.41 rows=1001 width=4)
	        Recheck Cond: ((id >= 2822537) AND (id <= 2823536))
	        ->  Bitmap Index Scan on sbtest4_pkey  (cost=0.00..34.45 rows=1001 width=0)
	              Index Cond: ((id >= 2822537) AND (id <= 2823536))

table 5 : explain SELECT SUM(k) FROM sbtest5 WHERE id BETWEEN 1928845 AND 1929844
	Aggregate  (cost=3770.68..3770.69 rows=1 width=8)
	  ->  Bitmap Heap Scan on sbtest5  (cost=34.38..3768.26 rows=970 width=4)
	        Recheck Cond: ((id >= 1928845) AND (id <= 1929844))
	        ->  Bitmap Index Scan on sbtest5_pkey  (cost=0.00..34.14 rows=970 width=0)
	              Index Cond: ((id >= 1928845) AND (id <= 1929844))

table 6 : explain SELECT SUM(k) FROM sbtest6 WHERE id BETWEEN 2478622 AND 2479621
	Aggregate  (cost=3564.27..3564.28 rows=1 width=8)
	  ->  Bitmap Heap Scan on sbtest6  (cost=29.84..3561.97 rows=918 width=4)
	        Recheck Cond: ((id >= 2478622) AND (id <= 2479621))
	        ->  Bitmap Index Scan on sbtest6_pkey  (cost=0.00..29.61 rows=918 width=0)
	              Index Cond: ((id >= 2478622) AND (id <= 2479621))

table 7 : explain SELECT SUM(k) FROM sbtest7 WHERE id BETWEEN 4206388 AND 4207387
	Aggregate  (cost=3800.70..3800.71 rows=1 width=8)
	  ->  Bitmap Heap Scan on sbtest7  (cost=34.48..3798.25 rows=980 width=4)
	        Recheck Cond: ((id >= 4206388) AND (id <= 4207387))
	        ->  Bitmap Index Scan on sbtest7_pkey  (cost=0.00..34.23 rows=980 width=0)
	              Index Cond: ((id >= 4206388) AND (id <= 4207387))

table 8 : explain SELECT SUM(k) FROM sbtest8 WHERE id BETWEEN 8196132 AND 8197131
	Aggregate  (cost=4005.00..4005.01 rows=1 width=8)
	  ->  Bitmap Heap Scan on sbtest8  (cost=35.03..4002.42 rows=1034 width=4)
	        Recheck Cond: ((id >= 8196132) AND (id <= 8197131))
	        ->  Bitmap Index Scan on sbtest8_pkey  (cost=0.00..34.78 rows=1034 width=0)
	              Index Cond: ((id >= 8196132) AND (id <= 8197131))

for: distinct_ranges
table 1 : explain SELECT DISTINCT c FROM sbtest1 WHERE id BETWEEN 8504928 AND 8505927 ORDER BY c
	Unique  (cost=3770.69..3775.49 rows=960 width=121)
	  ->  Sort  (cost=3770.69..3773.09 rows=960 width=121)
	        Sort Key: c
	        ->  Bitmap Heap Scan on sbtest1  (cost=34.28..3723.13 rows=960 width=121)
	              Recheck Cond: ((id >= 8504928) AND (id <= 8505927))
	              ->  Bitmap Index Scan on sbtest1_pkey  (cost=0.00..34.04 rows=960 width=0)
	                    Index Cond: ((id >= 8504928) AND (id <= 8505927))

table 2 : explain SELECT DISTINCT c FROM sbtest2 WHERE id BETWEEN 5310628 AND 5311627 ORDER BY c
	Unique  (cost=3874.58..3879.51 rows=987 width=121)
	  ->  Sort  (cost=3874.58..3877.04 rows=987 width=121)
	        Sort Key: c
	        ->  Bitmap Heap Scan on sbtest2  (cost=34.55..3825.49 rows=987 width=121)
	              Recheck Cond: ((id >= 5310628) AND (id <= 5311627))
	              ->  Bitmap Index Scan on sbtest2_pkey  (cost=0.00..34.31 rows=987 width=0)
	                    Index Cond: ((id >= 5310628) AND (id <= 5311627))

table 3 : explain SELECT DISTINCT c FROM sbtest3 WHERE id BETWEEN 5036665 AND 5037664 ORDER BY c
	Unique  (cost=4062.37..4067.55 rows=1036 width=121)
	  ->  Sort  (cost=4062.37..4064.96 rows=1036 width=121)
	        Sort Key: c
	        ->  Bitmap Heap Scan on sbtest3  (cost=35.05..4010.49 rows=1036 width=121)
	              Recheck Cond: ((id >= 5036665) AND (id <= 5037664))
	              ->  Bitmap Index Scan on sbtest3_pkey  (cost=0.00..34.80 rows=1036 width=0)
	                    Index Cond: ((id >= 5036665) AND (id <= 5037664))

table 4 : explain SELECT DISTINCT c FROM sbtest4 WHERE id BETWEEN 5203168 AND 5204167 ORDER BY c
	Unique  (cost=4027.33..4032.45 rows=1025 width=121)
	  ->  Sort  (cost=4027.33..4029.89 rows=1025 width=121)
	        Sort Key: c
	        ->  Bitmap Heap Scan on sbtest4  (cost=34.94..3976.07 rows=1025 width=121)
	              Recheck Cond: ((id >= 5203168) AND (id <= 5204167))
	              ->  Bitmap Index Scan on sbtest4_pkey  (cost=0.00..34.69 rows=1025 width=0)
	                    Index Cond: ((id >= 5203168) AND (id <= 5204167))

table 5 : explain SELECT DISTINCT c FROM sbtest5 WHERE id BETWEEN 698745 AND 699744 ORDER BY c
	Unique  (cost=3624.10..3628.70 rows=921 width=121)
	  ->  Sort  (cost=3624.10..3626.40 rows=921 width=121)
	        Sort Key: c
	        ->  Bitmap Heap Scan on sbtest5  (cost=29.88..3578.75 rows=921 width=121)
	              Recheck Cond: ((id >= 698745) AND (id <= 699744))
	              ->  Bitmap Index Scan on sbtest5_pkey  (cost=0.00..29.64 rows=921 width=0)
	                    Index Cond: ((id >= 698745) AND (id <= 699744))

table 6 : explain SELECT DISTINCT c FROM sbtest6 WHERE id BETWEEN 9779182 AND 9780181 ORDER BY c
	Unique  (cost=4326.52..4332.04 rows=1105 width=121)
	  ->  Sort  (cost=4326.52..4329.28 rows=1105 width=121)
	        Sort Key: c
	        ->  Bitmap Heap Scan on sbtest6  (cost=35.76..4270.66 rows=1105 width=121)
	              Recheck Cond: ((id >= 9779182) AND (id <= 9780181))
	              ->  Bitmap Index Scan on sbtest6_pkey  (cost=0.00..35.48 rows=1105 width=0)
	                    Index Cond: ((id >= 9779182) AND (id <= 9780181))

table 7 : explain SELECT DISTINCT c FROM sbtest7 WHERE id BETWEEN 4993459 AND 4994458 ORDER BY c
	Unique  (cost=3999.89..4004.99 rows=1020 width=121)
	  ->  Sort  (cost=3999.89..4002.44 rows=1020 width=121)
	        Sort Key: c
	        ->  Bitmap Heap Scan on sbtest7  (cost=34.89..3948.92 rows=1020 width=121)
	              Recheck Cond: ((id >= 4993459) AND (id <= 4994458))
	              ->  Bitmap Index Scan on sbtest7_pkey  (cost=0.00..34.64 rows=1020 width=0)
	                    Index Cond: ((id >= 4993459) AND (id <= 4994458))

table 8 : explain SELECT DISTINCT c FROM sbtest8 WHERE id BETWEEN 8654761 AND 8655760 ORDER BY c
	Unique  (cost=3985.39..3990.47 rows=1016 width=121)
	  ->  Sort  (cost=3985.39..3987.93 rows=1016 width=121)
	        Sort Key: c
	        ->  Bitmap Heap Scan on sbtest8  (cost=34.85..3934.65 rows=1016 width=121)
	              Recheck Cond: ((id >= 8654761) AND (id <= 8655760))
	              ->  Bitmap Index Scan on sbtest8_pkey  (cost=0.00..34.59 rows=1016 width=0)
	                    Index Cond: ((id >= 8654761) AND (id <= 8655760))

for point_selects
table 1 : explain SELECT c FROM sbtest1 WHERE id=9171140
	Index Scan using sbtest1_pkey on sbtest1  (cost=0.43..8.45 rows=1 width=121)
	  Index Cond: (id = 9171140)

table 2 : explain SELECT c FROM sbtest2 WHERE id=9421272
	Index Scan using sbtest2_pkey on sbtest2  (cost=0.43..8.45 rows=1 width=121)
	  Index Cond: (id = 9421272)

table 3 : explain SELECT c FROM sbtest3 WHERE id=1280449
	Index Scan using sbtest3_pkey on sbtest3  (cost=0.43..8.45 rows=1 width=121)
	  Index Cond: (id = 1280449)

table 4 : explain SELECT c FROM sbtest4 WHERE id=7694480
	Index Scan using sbtest4_pkey on sbtest4  (cost=0.43..8.45 rows=1 width=121)
	  Index Cond: (id = 7694480)

table 5 : explain SELECT c FROM sbtest5 WHERE id=7650911
	Index Scan using sbtest5_pkey on sbtest5  (cost=0.43..8.45 rows=1 width=121)
	  Index Cond: (id = 7650911)

table 6 : explain SELECT c FROM sbtest6 WHERE id=6342475
	Index Scan using sbtest6_pkey on sbtest6  (cost=0.43..8.45 rows=1 width=121)
	  Index Cond: (id = 6342475)

table 7 : explain SELECT c FROM sbtest7 WHERE id=5356248
	Index Scan using sbtest7_pkey on sbtest7  (cost=0.43..8.45 rows=1 width=121)
	  Index Cond: (id = 5356248)

table 8 : explain SELECT c FROM sbtest8 WHERE id=3411664
	Index Scan using sbtest8_pkey on sbtest8  (cost=0.43..8.45 rows=1 width=121)
	  Index Cond: (id = 3411664)

for: sum_ranges
table 1 : explain SELECT SUM(k) FROM sbtest1 WHERE id BETWEEN 5146447 AND 5147446
	Aggregate  (cost=4200.17..4200.18 rows=1 width=8)
	  ->  Bitmap Heap Scan on sbtest1  (cost=35.57..4197.45 rows=1086 width=4)
	        Recheck Cond: ((id >= 5146447) AND (id <= 5147446))
	        ->  Bitmap Index Scan on sbtest1_pkey  (cost=0.00..35.30 rows=1086 width=0)
	              Index Cond: ((id >= 5146447) AND (id <= 5147446))

table 2 : explain SELECT SUM(k) FROM sbtest2 WHERE id BETWEEN 3313585 AND 3314584
	Aggregate  (cost=4005.12..4005.13 rows=1 width=8)
	  ->  Bitmap Heap Scan on sbtest2  (cost=35.03..4002.53 rows=1034 width=4)
	        Recheck Cond: ((id >= 3313585) AND (id <= 3314584))
	        ->  Bitmap Index Scan on sbtest2_pkey  (cost=0.00..34.78 rows=1034 width=0)
	              Index Cond: ((id >= 3313585) AND (id <= 3314584))

table 3 : explain SELECT SUM(k) FROM sbtest3 WHERE id BETWEEN 5377358 AND 5378357
	Aggregate  (cost=3666.00..3666.01 rows=1 width=8)
	  ->  Bitmap Heap Scan on sbtest3  (cost=34.11..3663.64 rows=944 width=4)
	        Recheck Cond: ((id >= 5377358) AND (id <= 5378357))
	        ->  Bitmap Index Scan on sbtest3_pkey  (cost=0.00..33.88 rows=944 width=0)
	              Index Cond: ((id >= 5377358) AND (id <= 5378357))

table 4 : explain SELECT SUM(k) FROM sbtest4 WHERE id BETWEEN 4264192 AND 4265191
	Aggregate  (cost=3630.50..3630.51 rows=1 width=8)
	  ->  Bitmap Heap Scan on sbtest4  (cost=34.00..3628.17 rows=933 width=4)
	        Recheck Cond: ((id >= 4264192) AND (id <= 4265191))
	        ->  Bitmap Index Scan on sbtest4_pkey  (cost=0.00..33.77 rows=933 width=0)
	              Index Cond: ((id >= 4264192) AND (id <= 4265191))

table 5 : explain SELECT SUM(k) FROM sbtest5 WHERE id BETWEEN 4942925 AND 4943924
	Aggregate  (cost=4061.78..4061.79 rows=1 width=8)
	  ->  Bitmap Heap Scan on sbtest5  (cost=35.17..4059.16 rows=1047 width=4)
	        Recheck Cond: ((id >= 4942925) AND (id <= 4943924))
	        ->  Bitmap Index Scan on sbtest5_pkey  (cost=0.00..34.91 rows=1047 width=0)
	              Index Cond: ((id >= 4942925) AND (id <= 4943924))

table 6 : explain SELECT SUM(k) FROM sbtest6 WHERE id BETWEEN 2040942 AND 2041941
	Aggregate  (cost=4190.69..4190.70 rows=1 width=8)
	  ->  Bitmap Heap Scan on sbtest6  (cost=35.54..4187.99 rows=1083 width=4)
	        Recheck Cond: ((id >= 2040942) AND (id <= 2041941))
	        ->  Bitmap Index Scan on sbtest6_pkey  (cost=0.00..35.27 rows=1083 width=0)
	              Index Cond: ((id >= 2040942) AND (id <= 2041941))

table 7 : explain SELECT SUM(k) FROM sbtest7 WHERE id BETWEEN 5651833 AND 5652832
	Aggregate  (cost=3955.24..3955.25 rows=1 width=8)
	  ->  Bitmap Heap Scan on sbtest7  (cost=34.90..3952.69 rows=1021 width=4)
	        Recheck Cond: ((id >= 5651833) AND (id <= 5652832))
	        ->  Bitmap Index Scan on sbtest7_pkey  (cost=0.00..34.65 rows=1021 width=0)
	              Index Cond: ((id >= 5651833) AND (id <= 5652832))

table 8 : explain SELECT SUM(k) FROM sbtest8 WHERE id BETWEEN 7648468 AND 7649467
	Aggregate  (cost=3918.35..3918.36 rows=1 width=8)
	  ->  Bitmap Heap Scan on sbtest8  (cost=34.80..3915.82 rows=1011 width=4)
	        Recheck Cond: ((id >= 7648468) AND (id <= 7649467))
	        ->  Bitmap Index Scan on sbtest8_pkey  (cost=0.00..34.55 rows=1011 width=0)
	              Index Cond: ((id >= 7648468) AND (id <= 7649467))

for point_selects
table 1 : explain SELECT c FROM sbtest1 WHERE id=3811557
	Index Scan using sbtest1_pkey on sbtest1  (cost=0.43..8.45 rows=1 width=121)
	  Index Cond: (id = 3811557)

table 2 : explain SELECT c FROM sbtest2 WHERE id=6405256
	Index Scan using sbtest2_pkey on sbtest2  (cost=0.43..8.45 rows=1 width=121)
	  Index Cond: (id = 6405256)

table 3 : explain SELECT c FROM sbtest3 WHERE id=4834095
	Index Scan using sbtest3_pkey on sbtest3  (cost=0.43..8.45 rows=1 width=121)
	  Index Cond: (id = 4834095)

table 4 : explain SELECT c FROM sbtest4 WHERE id=2165139
	Index Scan using sbtest4_pkey on sbtest4  (cost=0.43..8.45 rows=1 width=121)
	  Index Cond: (id = 2165139)

table 5 : explain SELECT c FROM sbtest5 WHERE id=9606319
	Index Scan using sbtest5_pkey on sbtest5  (cost=0.43..8.45 rows=1 width=121)
	  Index Cond: (id = 9606319)

table 6 : explain SELECT c FROM sbtest6 WHERE id=1145316
	Index Scan using sbtest6_pkey on sbtest6  (cost=0.43..8.45 rows=1 width=121)
	  Index Cond: (id = 1145316)

table 7 : explain SELECT c FROM sbtest7 WHERE id=9713397
	Index Scan using sbtest7_pkey on sbtest7  (cost=0.43..8.45 rows=1 width=121)
	  Index Cond: (id = 9713397)

table 8 : explain SELECT c FROM sbtest8 WHERE id=7500360
	Index Scan using sbtest8_pkey on sbtest8  (cost=0.43..8.45 rows=1 width=121)
	  Index Cond: (id = 7500360)

for: simple_ranges
table 1 : explain SELECT c FROM sbtest1 WHERE id BETWEEN 1421338 AND 1422337
	Bitmap Heap Scan on sbtest1  (cost=34.92..3960.55 rows=1023 width=121)
	  Recheck Cond: ((id >= 1421338) AND (id <= 1422337))
	  ->  Bitmap Index Scan on sbtest1_pkey  (cost=0.00..34.67 rows=1023 width=0)
	        Index Cond: ((id >= 1421338) AND (id <= 1422337))

table 2 : explain SELECT c FROM sbtest2 WHERE id BETWEEN 9247332 AND 9248331
	Bitmap Heap Scan on sbtest2  (cost=34.54..3821.72 rows=986 width=121)
	  Recheck Cond: ((id >= 9247332) AND (id <= 9248331))
	  ->  Bitmap Index Scan on sbtest2_pkey  (cost=0.00..34.30 rows=986 width=0)
	        Index Cond: ((id >= 9247332) AND (id <= 9248331))

table 3 : explain SELECT c FROM sbtest3 WHERE id BETWEEN 6056407 AND 6057406
	Bitmap Heap Scan on sbtest3  (cost=35.06..4014.25 rows=1037 width=121)
	  Recheck Cond: ((id >= 6056407) AND (id <= 6057406))
	  ->  Bitmap Index Scan on sbtest3_pkey  (cost=0.00..34.81 rows=1037 width=0)
	        Index Cond: ((id >= 6056407) AND (id <= 6057406))

table 4 : explain SELECT c FROM sbtest4 WHERE id BETWEEN 2550108 AND 2551107
	Bitmap Heap Scan on sbtest4  (cost=29.80..3552.18 rows=914 width=121)
	  Recheck Cond: ((id >= 2550108) AND (id <= 2551107))
	  ->  Bitmap Index Scan on sbtest4_pkey  (cost=0.00..29.57 rows=914 width=0)
	        Index Cond: ((id >= 2550108) AND (id <= 2551107))

table 5 : explain SELECT c FROM sbtest5 WHERE id BETWEEN 4265961 AND 4266960
	Bitmap Heap Scan on sbtest5  (cost=34.97..3987.45 rows=1028 width=121)
	  Recheck Cond: ((id >= 4265961) AND (id <= 4266960))
	  ->  Bitmap Index Scan on sbtest5_pkey  (cost=0.00..34.72 rows=1028 width=0)
	        Index Cond: ((id >= 4265961) AND (id <= 4266960))

table 6 : explain SELECT c FROM sbtest6 WHERE id BETWEEN 3280994 AND 3281993
	Bitmap Heap Scan on sbtest6  (cost=35.51..4176.71 rows=1080 width=121)
	  Recheck Cond: ((id >= 3280994) AND (id <= 3281993))
	  ->  Bitmap Index Scan on sbtest6_pkey  (cost=0.00..35.23 rows=1080 width=0)
	        Index Cond: ((id >= 3280994) AND (id <= 3281993))

table 7 : explain SELECT c FROM sbtest7 WHERE id BETWEEN 9163167 AND 9164166
	Bitmap Heap Scan on sbtest7  (cost=35.61..4212.11 rows=1090 width=121)
	  Recheck Cond: ((id >= 9163167) AND (id <= 9164166))
	  ->  Bitmap Index Scan on sbtest7_pkey  (cost=0.00..35.34 rows=1090 width=0)
	        Index Cond: ((id >= 9163167) AND (id <= 9164166))

table 8 : explain SELECT c FROM sbtest8 WHERE id BETWEEN 1120257 AND 1121256
	Bitmap Heap Scan on sbtest8  (cost=34.87..3942.18 rows=1018 width=121)
	  Recheck Cond: ((id >= 1120257) AND (id <= 1121256))
	  ->  Bitmap Index Scan on sbtest8_pkey  (cost=0.00..34.62 rows=1018 width=0)
	        Index Cond: ((id >= 1120257) AND (id <= 1121256))

for: distinct_ranges
table 1 : explain SELECT DISTINCT c FROM sbtest1 WHERE id BETWEEN 7195808 AND 7196807 ORDER BY c
	Unique  (cost=4126.28..4131.55 rows=1053 width=121)
	  ->  Sort  (cost=4126.28..4128.92 rows=1053 width=121)
	        Sort Key: c
	        ->  Bitmap Heap Scan on sbtest1  (cost=35.23..4073.42 rows=1053 width=121)
	              Recheck Cond: ((id >= 7195808) AND (id <= 7196807))
	              ->  Bitmap Index Scan on sbtest1_pkey  (cost=0.00..34.97 rows=1053 width=0)
	                    Index Cond: ((id >= 7195808) AND (id <= 7196807))

table 2 : explain SELECT DISTINCT c FROM sbtest2 WHERE id BETWEEN 7704510 AND 7705509 ORDER BY c
	Unique  (cost=3782.70..3787.51 rows=963 width=121)
	  ->  Sort  (cost=3782.70..3785.10 rows=963 width=121)
	        Sort Key: c
	        ->  Bitmap Heap Scan on sbtest2  (cost=34.31..3734.97 rows=963 width=121)
	              Recheck Cond: ((id >= 7704510) AND (id <= 7705509))
	              ->  Bitmap Index Scan on sbtest2_pkey  (cost=0.00..34.07 rows=963 width=0)
	                    Index Cond: ((id >= 7704510) AND (id <= 7705509))

table 3 : explain SELECT DISTINCT c FROM sbtest3 WHERE id BETWEEN 5264596 AND 5265595 ORDER BY c
	Unique  (cost=3829.04..3833.91 rows=975 width=121)
	  ->  Sort  (cost=3829.04..3831.48 rows=975 width=121)
	        Sort Key: c
	        ->  Bitmap Heap Scan on sbtest3  (cost=34.43..3780.63 rows=975 width=121)
	              Recheck Cond: ((id >= 5264596) AND (id <= 5265595))
	              ->  Bitmap Index Scan on sbtest3_pkey  (cost=0.00..34.19 rows=975 width=0)
	                    Index Cond: ((id >= 5264596) AND (id <= 5265595))

table 4 : explain SELECT DISTINCT c FROM sbtest4 WHERE id BETWEEN 8797799 AND 8798798 ORDER BY c
	Unique  (cost=4000.49..4005.58 rows=1018 width=121)
	  ->  Sort  (cost=4000.49..4003.04 rows=1018 width=121)
	        Sort Key: c
	        ->  Bitmap Heap Scan on sbtest4  (cost=34.87..3949.64 rows=1018 width=121)
	              Recheck Cond: ((id >= 8797799) AND (id <= 8798798))
	              ->  Bitmap Index Scan on sbtest4_pkey  (cost=0.00..34.62 rows=1018 width=0)
	                    Index Cond: ((id >= 8797799) AND (id <= 8798798))

table 5 : explain SELECT DISTINCT c FROM sbtest5 WHERE id BETWEEN 2292804 AND 2293803 ORDER BY c
	Unique  (cost=3662.70..3667.35 rows=930 width=121)
	  ->  Sort  (cost=3662.70..3665.03 rows=930 width=121)
	        Sort Key: c
	        ->  Bitmap Heap Scan on sbtest5  (cost=33.97..3616.85 rows=930 width=121)
	              Recheck Cond: ((id >= 2292804) AND (id <= 2293803))
	              ->  Bitmap Index Scan on sbtest5_pkey  (cost=0.00..33.73 rows=930 width=0)
	                    Index Cond: ((id >= 2292804) AND (id <= 2293803))

table 6 : explain SELECT DISTINCT c FROM sbtest6 WHERE id BETWEEN 3780609 AND 3781608 ORDER BY c
	Unique  (cost=4105.09..4110.32 rows=1047 width=121)
	  ->  Sort  (cost=4105.09..4107.70 rows=1047 width=121)
	        Sort Key: c
	        ->  Bitmap Heap Scan on sbtest6  (cost=35.17..4052.57 rows=1047 width=121)
	              Recheck Cond: ((id >= 3780609) AND (id <= 3781608))
	              ->  Bitmap Index Scan on sbtest6_pkey  (cost=0.00..34.91 rows=1047 width=0)
	                    Index Cond: ((id >= 3780609) AND (id <= 3781608))

table 7 : explain SELECT DISTINCT c FROM sbtest7 WHERE id BETWEEN 801026 AND 802025 ORDER BY c
	Unique  (cost=3739.75..3744.51 rows=952 width=121)
	  ->  Sort  (cost=3739.75..3742.13 rows=952 width=121)
	        Sort Key: c
	        ->  Bitmap Heap Scan on sbtest7  (cost=34.19..3692.65 rows=952 width=121)
	              Recheck Cond: ((id >= 801026) AND (id <= 802025))
	              ->  Bitmap Index Scan on sbtest7_pkey  (cost=0.00..33.95 rows=952 width=0)
	                    Index Cond: ((id >= 801026) AND (id <= 802025))

table 8 : explain SELECT DISTINCT c FROM sbtest8 WHERE id BETWEEN 869731 AND 870730 ORDER BY c
	Unique  (cost=3675.32..3679.99 rows=935 width=121)
	  ->  Sort  (cost=3675.32..3677.66 rows=935 width=121)
	        Sort Key: c
	        ->  Bitmap Heap Scan on sbtest8  (cost=34.02..3629.18 rows=935 width=121)
	              Recheck Cond: ((id >= 869731) AND (id <= 870730))
	              ->  Bitmap Index Scan on sbtest8_pkey  (cost=0.00..33.79 rows=935 width=0)
	                    Index Cond: ((id >= 869731) AND (id <= 870730))

explain: for point_selects :: explain SELECT c FROM sbtest%u WHERE id=%u
for point_selects
table 1 : explain SELECT c FROM sbtest1 WHERE id=9003182
	Index Scan using sbtest1_pkey on sbtest1  (cost=0.43..8.45 rows=1 width=121)
	  Index Cond: (id = 9003182)

table 2 : explain SELECT c FROM sbtest2 WHERE id=6800103
	Index Scan using sbtest2_pkey on sbtest2  (cost=0.43..8.45 rows=1 width=121)
	  Index Cond: (id = 6800103)

table 3 : explain SELECT c FROM sbtest3 WHERE id=3145143
	Index Scan using sbtest3_pkey on sbtest3  (cost=0.43..8.45 rows=1 width=121)
	  Index Cond: (id = 3145143)

table 4 : explain SELECT c FROM sbtest4 WHERE id=7371034
	Index Scan using sbtest4_pkey on sbtest4  (cost=0.43..8.45 rows=1 width=121)
	  Index Cond: (id = 7371034)

table 5 : explain SELECT c FROM sbtest5 WHERE id=5333033
	Index Scan using sbtest5_pkey on sbtest5  (cost=0.43..8.45 rows=1 width=121)
	  Index Cond: (id = 5333033)

table 6 : explain SELECT c FROM sbtest6 WHERE id=6812024
	Index Scan using sbtest6_pkey on sbtest6  (cost=0.43..8.45 rows=1 width=121)
	  Index Cond: (id = 6812024)

table 7 : explain SELECT c FROM sbtest7 WHERE id=6719466
	Index Scan using sbtest7_pkey on sbtest7  (cost=0.43..8.45 rows=1 width=121)
	  Index Cond: (id = 6719466)

table 8 : explain SELECT c FROM sbtest8 WHERE id=7732385
	Index Scan using sbtest8_pkey on sbtest8  (cost=0.43..8.45 rows=1 width=121)
	  Index Cond: (id = 7732385)

for: order_ranges
table 1 : explain SELECT c FROM sbtest1 WHERE id BETWEEN 6200174 AND 6201173 ORDER BY c
	Sort  (cost=4004.05..4006.60 rows=1021 width=121)
	  Sort Key: c
	  ->  Bitmap Heap Scan on sbtest1  (cost=34.90..3953.02 rows=1021 width=121)
	        Recheck Cond: ((id >= 6200174) AND (id <= 6201173))
	        ->  Bitmap Index Scan on sbtest1_pkey  (cost=0.00..34.65 rows=1021 width=0)
	              Index Cond: ((id >= 6200174) AND (id <= 6201173))

table 2 : explain SELECT c FROM sbtest2 WHERE id BETWEEN 784913 AND 785912 ORDER BY c
	Sort  (cost=3686.91..3689.26 rows=938 width=121)
	  Sort Key: c
	  ->  Bitmap Heap Scan on sbtest2  (cost=34.05..3640.61 rows=938 width=121)
	        Recheck Cond: ((id >= 784913) AND (id <= 785912))
	        ->  Bitmap Index Scan on sbtest2_pkey  (cost=0.00..33.82 rows=938 width=0)
	              Index Cond: ((id >= 784913) AND (id <= 785912))

table 3 : explain SELECT c FROM sbtest3 WHERE id BETWEEN 1561924 AND 1562923 ORDER BY c
	Sort  (cost=3966.80..3969.33 rows=1011 width=121)
	  Sort Key: c
	  ->  Bitmap Heap Scan on sbtest3  (cost=34.80..3916.34 rows=1011 width=121)
	        Recheck Cond: ((id >= 1561924) AND (id <= 1562923))
	        ->  Bitmap Index Scan on sbtest3_pkey  (cost=0.00..34.55 rows=1011 width=0)
	              Index Cond: ((id >= 1561924) AND (id <= 1562923))

table 4 : explain SELECT c FROM sbtest4 WHERE id BETWEEN 4055126 AND 4056125 ORDER BY c
	Sort  (cost=3931.46..3933.96 rows=1000 width=121)
	  Sort Key: c
	  ->  Bitmap Heap Scan on sbtest4  (cost=34.69..3881.63 rows=1000 width=121)
	        Recheck Cond: ((id >= 4055126) AND (id <= 4056125))
	        ->  Bitmap Index Scan on sbtest4_pkey  (cost=0.00..34.44 rows=1000 width=0)
	              Index Cond: ((id >= 4055126) AND (id <= 4056125))

table 5 : explain SELECT c FROM sbtest5 WHERE id BETWEEN 2486160 AND 2487159 ORDER BY c
	Sort  (cost=3943.02..3945.53 rows=1003 width=121)
	  Sort Key: c
	  ->  Bitmap Heap Scan on sbtest5  (cost=34.72..3893.02 rows=1003 width=121)
	        Recheck Cond: ((id >= 2486160) AND (id <= 2487159))
	        ->  Bitmap Index Scan on sbtest5_pkey  (cost=0.00..34.47 rows=1003 width=0)
	              Index Cond: ((id >= 2486160) AND (id <= 2487159))

table 6 : explain SELECT c FROM sbtest6 WHERE id BETWEEN 7695117 AND 7696116 ORDER BY c
	Sort  (cost=4200.58..4203.26 rows=1072 width=121)
	  Sort Key: c
	  ->  Bitmap Heap Scan on sbtest6  (cost=35.42..4146.63 rows=1072 width=121)
	        Recheck Cond: ((id >= 7695117) AND (id <= 7696116))
	        ->  Bitmap Index Scan on sbtest6_pkey  (cost=0.00..35.16 rows=1072 width=0)
	              Index Cond: ((id >= 7695117) AND (id <= 7696116))

table 7 : explain SELECT c FROM sbtest7 WHERE id BETWEEN 7918400 AND 7919399 ORDER BY c
	Sort  (cost=3743.58..3745.96 rows=953 width=121)
	  Sort Key: c
	  ->  Bitmap Heap Scan on sbtest7  (cost=34.20..3696.42 rows=953 width=121)
	        Recheck Cond: ((id >= 7918400) AND (id <= 7919399))
	        ->  Bitmap Index Scan on sbtest7_pkey  (cost=0.00..33.97 rows=953 width=0)
	              Index Cond: ((id >= 7918400) AND (id <= 7919399))

table 8 : explain SELECT c FROM sbtest8 WHERE id BETWEEN 3953263 AND 3954262 ORDER BY c
	Sort  (cost=4107.67..4110.29 rows=1048 width=121)
	  Sort Key: c
	  ->  Bitmap Heap Scan on sbtest8  (cost=35.18..4055.10 rows=1048 width=121)
	        Recheck Cond: ((id >= 3953263) AND (id <= 3954262))
	        ->  Bitmap Index Scan on sbtest8_pkey  (cost=0.00..34.92 rows=1048 width=0)
	              Index Cond: ((id >= 3953263) AND (id <= 3954262))

for: simple_ranges
table 1 : explain SELECT c FROM sbtest1 WHERE id BETWEEN 8257332 AND 8258331
	Bitmap Heap Scan on sbtest1  (cost=34.46..3791.02 rows=978 width=121)
	  Recheck Cond: ((id >= 8257332) AND (id <= 8258331))
	  ->  Bitmap Index Scan on sbtest1_pkey  (cost=0.00..34.22 rows=978 width=0)
	        Index Cond: ((id >= 8257332) AND (id <= 8258331))

table 2 : explain SELECT c FROM sbtest2 WHERE id BETWEEN 5285626 AND 5286625
	Bitmap Heap Scan on sbtest2  (cost=35.42..4145.47 rows=1072 width=121)
	  Recheck Cond: ((id >= 5285626) AND (id <= 5286625))
	  ->  Bitmap Index Scan on sbtest2_pkey  (cost=0.00..35.16 rows=1072 width=0)
	        Index Cond: ((id >= 5285626) AND (id <= 5286625))

table 3 : explain SELECT c FROM sbtest3 WHERE id BETWEEN 9986459 AND 9987458
	Bitmap Heap Scan on sbtest3  (cost=34.84..3931.41 rows=1015 width=121)
	  Recheck Cond: ((id >= 9986459) AND (id <= 9987458))
	  ->  Bitmap Index Scan on sbtest3_pkey  (cost=0.00..34.59 rows=1015 width=0)
	        Index Cond: ((id >= 9986459) AND (id <= 9987458))

table 4 : explain SELECT c FROM sbtest4 WHERE id BETWEEN 3387365 AND 3388364
	Bitmap Heap Scan on sbtest4  (cost=34.87..3949.64 rows=1018 width=121)
	  Recheck Cond: ((id >= 3387365) AND (id <= 3388364))
	  ->  Bitmap Index Scan on sbtest4_pkey  (cost=0.00..34.62 rows=1018 width=0)
	        Index Cond: ((id >= 3387365) AND (id <= 3388364))

table 5 : explain SELECT c FROM sbtest5 WHERE id BETWEEN 3629945 AND 3630944
	Bitmap Heap Scan on sbtest5  (cost=34.57..3840.11 rows=989 width=121)
	  Recheck Cond: ((id >= 3629945) AND (id <= 3630944))
	  ->  Bitmap Index Scan on sbtest5_pkey  (cost=0.00..34.33 rows=989 width=0)
	        Index Cond: ((id >= 3629945) AND (id <= 3630944))

table 6 : explain SELECT c FROM sbtest6 WHERE id BETWEEN 3312070 AND 3313069
	Bitmap Heap Scan on sbtest6  (cost=35.51..4176.71 rows=1080 width=121)
	  Recheck Cond: ((id >= 3312070) AND (id <= 3313069))
	  ->  Bitmap Index Scan on sbtest6_pkey  (cost=0.00..35.23 rows=1080 width=0)
	        Index Cond: ((id >= 3312070) AND (id <= 3313069))

table 7 : explain SELECT c FROM sbtest7 WHERE id BETWEEN 524580 AND 525579
	Bitmap Heap Scan on sbtest7  (cost=34.15..3677.56 rows=948 width=121)
	  Recheck Cond: ((id >= 524580) AND (id <= 525579))
	  ->  Bitmap Index Scan on sbtest7_pkey  (cost=0.00..33.92 rows=948 width=0)
	        Index Cond: ((id >= 524580) AND (id <= 525579))

table 8 : explain SELECT c FROM sbtest8 WHERE id BETWEEN 999946 AND 1000945
	Bitmap Heap Scan on sbtest8  (cost=34.61..3848.00 rows=993 width=121)
	  Recheck Cond: ((id >= 999946) AND (id <= 1000945))
	  ->  Bitmap Index Scan on sbtest8_pkey  (cost=0.00..34.37 rows=993 width=0)
	        Index Cond: ((id >= 999946) AND (id <= 1000945))

for point_selects
table 1 : explain SELECT c FROM sbtest1 WHERE id=6046657
	Index Scan using sbtest1_pkey on sbtest1  (cost=0.43..8.45 rows=1 width=121)
	  Index Cond: (id = 6046657)

table 2 : explain SELECT c FROM sbtest2 WHERE id=3503756
	Index Scan using sbtest2_pkey on sbtest2  (cost=0.43..8.45 rows=1 width=121)
	  Index Cond: (id = 3503756)

table 3 : explain SELECT c FROM sbtest3 WHERE id=3653777
	Index Scan using sbtest3_pkey on sbtest3  (cost=0.43..8.45 rows=1 width=121)
	  Index Cond: (id = 3653777)

table 4 : explain SELECT c FROM sbtest4 WHERE id=7132402
	Index Scan using sbtest4_pkey on sbtest4  (cost=0.43..8.45 rows=1 width=121)
	  Index Cond: (id = 7132402)

table 5 : explain SELECT c FROM sbtest5 WHERE id=5976485
	Index Scan using sbtest5_pkey on sbtest5  (cost=0.43..8.45 rows=1 width=121)
	  Index Cond: (id = 5976485)

table 6 : explain SELECT c FROM sbtest6 WHERE id=1414344
	Index Scan using sbtest6_pkey on sbtest6  (cost=0.43..8.45 rows=1 width=121)
	  Index Cond: (id = 1414344)

table 7 : explain SELECT c FROM sbtest7 WHERE id=9538967
	Index Scan using sbtest7_pkey on sbtest7  (cost=0.43..8.45 rows=1 width=121)
	  Index Cond: (id = 9538967)

table 8 : explain SELECT c FROM sbtest8 WHERE id=4091377
	Index Scan using sbtest8_pkey on sbtest8  (cost=0.43..8.45 rows=1 width=121)
	  Index Cond: (id = 4091377)

for: simple_ranges
table 1 : explain SELECT c FROM sbtest1 WHERE id BETWEEN 6893016 AND 6894015
	Bitmap Heap Scan on sbtest1  (cost=34.39..3764.62 rows=971 width=121)
	  Recheck Cond: ((id >= 6893016) AND (id <= 6894015))
	  ->  Bitmap Index Scan on sbtest1_pkey  (cost=0.00..34.15 rows=971 width=0)
	        Index Cond: ((id >= 6893016) AND (id <= 6894015))

table 2 : explain SELECT c FROM sbtest2 WHERE id BETWEEN 5064011 AND 5065010
	Bitmap Heap Scan on sbtest2  (cost=35.13..4036.40 rows=1043 width=121)
	  Recheck Cond: ((id >= 5064011) AND (id <= 5065010))
	  ->  Bitmap Index Scan on sbtest2_pkey  (cost=0.00..34.87 rows=1043 width=0)
	        Index Cond: ((id >= 5064011) AND (id <= 5065010))

table 3 : explain SELECT c FROM sbtest3 WHERE id BETWEEN 9310726 AND 9311725
	Bitmap Heap Scan on sbtest3  (cost=29.79..3542.51 rows=913 width=121)
	  Recheck Cond: ((id >= 9310726) AND (id <= 9311725))
	  ->  Bitmap Index Scan on sbtest3_pkey  (cost=0.00..29.57 rows=913 width=0)
	        Index Cond: ((id >= 9310726) AND (id <= 9311725))

table 4 : explain SELECT c FROM sbtest4 WHERE id BETWEEN 5927000 AND 5927999
	Bitmap Heap Scan on sbtest4  (cost=34.23..3715.24 rows=956 width=121)
	  Recheck Cond: ((id >= 5927000) AND (id <= 5927999))
	  ->  Bitmap Index Scan on sbtest4_pkey  (cost=0.00..34.00 rows=956 width=0)
	        Index Cond: ((id >= 5927000) AND (id <= 5927999))

table 5 : explain SELECT c FROM sbtest5 WHERE id BETWEEN 9231012 AND 9232011
	Bitmap Heap Scan on sbtest5  (cost=34.95..3979.90 rows=1026 width=121)
	  Recheck Cond: ((id >= 9231012) AND (id <= 9232011))
	  ->  Bitmap Index Scan on sbtest5_pkey  (cost=0.00..34.70 rows=1026 width=0)
	        Index Cond: ((id >= 9231012) AND (id <= 9232011))

table 6 : explain SELECT c FROM sbtest6 WHERE id BETWEEN 3927955 AND 3928954
	Bitmap Heap Scan on sbtest6  (cost=34.18..3690.66 rows=951 width=121)
	  Recheck Cond: ((id >= 3927955) AND (id <= 3928954))
	  ->  Bitmap Index Scan on sbtest6_pkey  (cost=0.00..33.95 rows=951 width=0)
	        Index Cond: ((id >= 3927955) AND (id <= 3928954))

table 7 : explain SELECT c FROM sbtest7 WHERE id BETWEEN 230421 AND 231420
	Bitmap Heap Scan on sbtest7  (cost=35.04..4005.37 rows=1035 width=121)
	  Recheck Cond: ((id >= 230421) AND (id <= 231420))
	  ->  Bitmap Index Scan on sbtest7_pkey  (cost=0.00..34.79 rows=1035 width=0)
	        Index Cond: ((id >= 230421) AND (id <= 231420))

table 8 : explain SELECT c FROM sbtest8 WHERE id BETWEEN 4939929 AND 4940928
	Bitmap Heap Scan on sbtest8  (cost=39.81..4288.37 rows=1110 width=121)
	  Recheck Cond: ((id >= 4939929) AND (id <= 4940928))
	  ->  Bitmap Index Scan on sbtest8_pkey  (cost=0.00..39.54 rows=1110 width=0)
	        Index Cond: ((id >= 4939929) AND (id <= 4940928))

for: order_ranges
table 1 : explain SELECT c FROM sbtest1 WHERE id BETWEEN 2680174 AND 2681173 ORDER BY c
	Sort  (cost=4187.36..4190.03 rows=1069 width=121)
	  Sort Key: c
	  ->  Bitmap Heap Scan on sbtest1  (cost=35.39..4133.57 rows=1069 width=121)
	        Recheck Cond: ((id >= 2680174) AND (id <= 2681173))
	        ->  Bitmap Index Scan on sbtest1_pkey  (cost=0.00..35.12 rows=1069 width=0)
	              Index Cond: ((id >= 2680174) AND (id <= 2681173))

table 2 : explain SELECT c FROM sbtest2 WHERE id BETWEEN 4183254 AND 4184253 ORDER BY c
	Sort  (cost=4226.13..4228.83 rows=1079 width=121)
	  Sort Key: c
	  ->  Bitmap Heap Scan on sbtest2  (cost=35.49..4171.78 rows=1079 width=121)
	        Recheck Cond: ((id >= 4183254) AND (id <= 4184253))
	        ->  Bitmap Index Scan on sbtest2_pkey  (cost=0.00..35.23 rows=1079 width=0)
	              Index Cond: ((id >= 4183254) AND (id <= 4184253))

table 3 : explain SELECT c FROM sbtest3 WHERE id BETWEEN 6096865 AND 6097864 ORDER BY c
	Sort  (cost=4100.58..4103.20 rows=1046 width=121)
	  Sort Key: c
	  ->  Bitmap Heap Scan on sbtest3  (cost=35.16..4048.12 rows=1046 width=121)
	        Recheck Cond: ((id >= 6096865) AND (id <= 6097864))
	        ->  Bitmap Index Scan on sbtest3_pkey  (cost=0.00..34.90 rows=1046 width=0)
	              Index Cond: ((id >= 6096865) AND (id <= 6097864))

table 4 : explain SELECT c FROM sbtest4 WHERE id BETWEEN 6849880 AND 6850879 ORDER BY c
	Sort  (cost=3643.44..3645.75 rows=925 width=121)
	  Sort Key: c
	  ->  Bitmap Heap Scan on sbtest4  (cost=33.92..3597.86 rows=925 width=121)
	        Recheck Cond: ((id >= 6849880) AND (id <= 6850879))
	        ->  Bitmap Index Scan on sbtest4_pkey  (cost=0.00..33.69 rows=925 width=0)
	              Index Cond: ((id >= 6849880) AND (id <= 6850879))

table 5 : explain SELECT c FROM sbtest5 WHERE id BETWEEN 7834710 AND 7835709 ORDER BY c
	Sort  (cost=4046.54..4049.12 rows=1030 width=121)
	  Sort Key: c
	  ->  Bitmap Heap Scan on sbtest5  (cost=34.99..3995.00 rows=1030 width=121)
	        Recheck Cond: ((id >= 7834710) AND (id <= 7835709))
	        ->  Bitmap Index Scan on sbtest5_pkey  (cost=0.00..34.73 rows=1030 width=0)
	              Index Cond: ((id >= 7834710) AND (id <= 7835709))

table 6 : explain SELECT c FROM sbtest6 WHERE id BETWEEN 7646959 AND 7647958 ORDER BY c
	Sort  (cost=4200.58..4203.26 rows=1072 width=121)
	  Sort Key: c
	  ->  Bitmap Heap Scan on sbtest6  (cost=35.42..4146.63 rows=1072 width=121)
	        Recheck Cond: ((id >= 7646959) AND (id <= 7647958))
	        ->  Bitmap Index Scan on sbtest6_pkey  (cost=0.00..35.16 rows=1072 width=0)
	              Index Cond: ((id >= 7646959) AND (id <= 7647958))

table 7 : explain SELECT c FROM sbtest7 WHERE id BETWEEN 5894489 AND 5895488 ORDER BY c
	Sort  (cost=3827.80..3830.24 rows=975 width=121)
	  Sort Key: c
	  ->  Bitmap Heap Scan on sbtest7  (cost=34.43..3779.40 rows=975 width=121)
	        Recheck Cond: ((id >= 5894489) AND (id <= 5895488))
	        ->  Bitmap Index Scan on sbtest7_pkey  (cost=0.00..34.19 rows=975 width=0)
	              Index Cond: ((id >= 5894489) AND (id <= 5895488))

table 8 : explain SELECT c FROM sbtest8 WHERE id BETWEEN 1646218 AND 1647217 ORDER BY c
	Sort  (cost=3874.47..3876.94 rows=987 width=121)
	  Sort Key: c
	  ->  Bitmap Heap Scan on sbtest8  (cost=34.55..3825.38 rows=987 width=121)
	        Recheck Cond: ((id >= 1646218) AND (id <= 1647217))
	        ->  Bitmap Index Scan on sbtest8_pkey  (cost=0.00..34.31 rows=987 width=0)
	              Index Cond: ((id >= 1646218) AND (id <= 1647217))

for: sum_ranges
table 1 : explain SELECT SUM(k) FROM sbtest1 WHERE id BETWEEN 5249036 AND 5250035
	Aggregate  (cost=3729.31..3729.32 rows=1 width=8)
	  ->  Bitmap Heap Scan on sbtest1  (cost=34.29..3726.90 rows=961 width=4)
	        Recheck Cond: ((id >= 5249036) AND (id <= 5250035))
	        ->  Bitmap Index Scan on sbtest1_pkey  (cost=0.00..34.05 rows=961 width=0)
	              Index Cond: ((id >= 5249036) AND (id <= 5250035))

table 2 : explain SELECT SUM(k) FROM sbtest2 WHERE id BETWEEN 2462052 AND 2463051
	Aggregate  (cost=4005.12..4005.13 rows=1 width=8)
	  ->  Bitmap Heap Scan on sbtest2  (cost=35.03..4002.53 rows=1034 width=4)
	        Recheck Cond: ((id >= 2462052) AND (id <= 2463051))
	        ->  Bitmap Index Scan on sbtest2_pkey  (cost=0.00..34.78 rows=1034 width=0)
	              Index Cond: ((id >= 2462052) AND (id <= 2463051))

table 3 : explain SELECT SUM(k) FROM sbtest3 WHERE id BETWEEN 4598715 AND 4599714
	Aggregate  (cost=4005.54..4005.55 rows=1 width=8)
	  ->  Bitmap Heap Scan on sbtest3  (cost=35.03..4002.96 rows=1034 width=4)
	        Recheck Cond: ((id >= 4598715) AND (id <= 4599714))
	        ->  Bitmap Index Scan on sbtest3_pkey  (cost=0.00..34.78 rows=1034 width=0)
	              Index Cond: ((id >= 4598715) AND (id <= 4599714))

table 4 : explain SELECT SUM(k) FROM sbtest4 WHERE id BETWEEN 9601026 AND 9602025
	Aggregate  (cost=3706.27..3706.28 rows=1 width=8)
	  ->  Bitmap Heap Scan on sbtest4  (cost=34.20..3703.89 rows=953 width=4)
	        Recheck Cond: ((id >= 9601026) AND (id <= 9602025))
	        ->  Bitmap Index Scan on sbtest4_pkey  (cost=0.00..33.97 rows=953 width=0)
	              Index Cond: ((id >= 9601026) AND (id <= 9602025))

table 5 : explain SELECT SUM(k) FROM sbtest5 WHERE id BETWEEN 3489589 AND 3490588
	Aggregate  (cost=3740.40..3740.41 rows=1 width=8)
	  ->  Bitmap Heap Scan on sbtest5  (cost=34.30..3737.99 rows=962 width=4)
	        Recheck Cond: ((id >= 3489589) AND (id <= 3490588))
	        ->  Bitmap Index Scan on sbtest5_pkey  (cost=0.00..34.06 rows=962 width=0)
	              Index Cond: ((id >= 3489589) AND (id <= 3490588))

table 6 : explain SELECT SUM(k) FROM sbtest6 WHERE id BETWEEN 9596707 AND 9597706
	Aggregate  (cost=3870.48..3870.49 rows=1 width=8)
	  ->  Bitmap Heap Scan on sbtest6  (cost=34.66..3867.99 rows=998 width=4)
	        Recheck Cond: ((id >= 9596707) AND (id <= 9597706))
	        ->  Bitmap Index Scan on sbtest6_pkey  (cost=0.00..34.42 rows=998 width=0)
	              Index Cond: ((id >= 9596707) AND (id <= 9597706))

table 7 : explain SELECT SUM(k) FROM sbtest7 WHERE id BETWEEN 1753189 AND 1754188
	Aggregate  (cost=4124.61..4124.62 rows=1 width=8)
	  ->  Bitmap Heap Scan on sbtest7  (cost=35.36..4121.95 rows=1066 width=4)
	        Recheck Cond: ((id >= 1753189) AND (id <= 1754188))
	        ->  Bitmap Index Scan on sbtest7_pkey  (cost=0.00..35.09 rows=1066 width=0)
	              Index Cond: ((id >= 1753189) AND (id <= 1754188))

table 8 : explain SELECT SUM(k) FROM sbtest8 WHERE id BETWEEN 9395833 AND 9396832
	Aggregate  (cost=4020.07..4020.08 rows=1 width=8)
	  ->  Bitmap Heap Scan on sbtest8  (cost=35.07..4017.47 rows=1038 width=4)
	        Recheck Cond: ((id >= 9395833) AND (id <= 9396832))
	        ->  Bitmap Index Scan on sbtest8_pkey  (cost=0.00..34.82 rows=1038 width=0)
	              Index Cond: ((id >= 9395833) AND (id <= 9396832))

explain: for point_selects :: explain SELECT c FROM sbtest%u WHERE id=%u
for: order_ranges
table 1 : explain SELECT c FROM sbtest1 WHERE id BETWEEN 621650 AND 622649 ORDER BY c
	Sort  (cost=4038.44..4041.01 rows=1030 width=121)
	  Sort Key: c
	  ->  Bitmap Heap Scan on sbtest1  (cost=34.99..3986.89 rows=1030 width=121)
	        Recheck Cond: ((id >= 621650) AND (id <= 622649))
	        ->  Bitmap Index Scan on sbtest1_pkey  (cost=0.00..34.73 rows=1030 width=0)
	              Index Cond: ((id >= 621650) AND (id <= 622649))

table 2 : explain SELECT c FROM sbtest2 WHERE id BETWEEN 3155957 AND 3156956 ORDER BY c
	Sort  (cost=3962.56..3965.09 rows=1010 width=121)
	  Sort Key: c
	  ->  Bitmap Heap Scan on sbtest2  (cost=34.79..3912.16 rows=1010 width=121)
	        Recheck Cond: ((id >= 3155957) AND (id <= 3156956))
	        ->  Bitmap Index Scan on sbtest2_pkey  (cost=0.00..34.54 rows=1010 width=0)
	              Index Cond: ((id >= 3155957) AND (id <= 3156956))

table 3 : explain SELECT c FROM sbtest3 WHERE id BETWEEN 4152879 AND 4153878 ORDER BY c
	Sort  (cost=4222.77..4225.47 rows=1078 width=121)
	  Sort Key: c
	  ->  Bitmap Heap Scan on sbtest3  (cost=35.48..4168.47 rows=1078 width=121)
	        Recheck Cond: ((id >= 4152879) AND (id <= 4153878))
	        ->  Bitmap Index Scan on sbtest3_pkey  (cost=0.00..35.22 rows=1078 width=0)
	              Index Cond: ((id >= 4152879) AND (id <= 4153878))

table 4 : explain SELECT c FROM sbtest4 WHERE id BETWEEN 5066400 AND 5067399 ORDER BY c
	Sort  (cost=3850.88..3853.33 rows=979 width=121)
	  Sort Key: c
	  ->  Bitmap Heap Scan on sbtest4  (cost=34.47..3802.25 rows=979 width=121)
	        Recheck Cond: ((id >= 5066400) AND (id <= 5067399))
	        ->  Bitmap Index Scan on sbtest4_pkey  (cost=0.00..34.23 rows=979 width=0)
	              Index Cond: ((id >= 5066400) AND (id <= 5067399))

table 5 : explain SELECT c FROM sbtest5 WHERE id BETWEEN 2947819 AND 2948818 ORDER BY c
	Sort  (cost=3889.31..3891.78 rows=989 width=121)
	  Sort Key: c
	  ->  Bitmap Heap Scan on sbtest5  (cost=34.57..3840.11 rows=989 width=121)
	        Recheck Cond: ((id >= 2947819) AND (id <= 2948818))
	        ->  Bitmap Index Scan on sbtest5_pkey  (cost=0.00..34.33 rows=989 width=0)
	              Index Cond: ((id >= 2947819) AND (id <= 2948818))

table 6 : explain SELECT c FROM sbtest6 WHERE id BETWEEN 3515818 AND 3516817 ORDER BY c
	Sort  (cost=3910.05..3912.54 rows=996 width=121)
	  Sort Key: c
	  ->  Bitmap Heap Scan on sbtest6  (cost=34.64..3860.45 rows=996 width=121)
	        Recheck Cond: ((id >= 3515818) AND (id <= 3516817))
	        ->  Bitmap Index Scan on sbtest6_pkey  (cost=0.00..34.40 rows=996 width=0)
	              Index Cond: ((id >= 3515818) AND (id <= 3516817))

table 7 : explain SELECT c FROM sbtest7 WHERE id BETWEEN 7831011 AND 7832010 ORDER BY c
	Sort  (cost=3762.73..3765.12 rows=958 width=121)
	  Sort Key: c
	  ->  Bitmap Heap Scan on sbtest7  (cost=34.25..3715.29 rows=958 width=121)
	        Recheck Cond: ((id >= 7831011) AND (id <= 7832010))
	        ->  Bitmap Index Scan on sbtest7_pkey  (cost=0.00..34.02 rows=958 width=0)
	              Index Cond: ((id >= 7831011) AND (id <= 7832010))

table 8 : explain SELECT c FROM sbtest8 WHERE id BETWEEN 4215984 AND 4216983 ORDER BY c
	Sort  (cost=3721.31..3723.67 rows=947 width=121)
	  Sort Key: c
	  ->  Bitmap Heap Scan on sbtest8  (cost=34.14..3674.49 rows=947 width=121)
	        Recheck Cond: ((id >= 4215984) AND (id <= 4216983))
	        ->  Bitmap Index Scan on sbtest8_pkey  (cost=0.00..33.91 rows=947 width=0)
	              Index Cond: ((id >= 4215984) AND (id <= 4216983))

for: order_ranges
table 1 : explain SELECT c FROM sbtest1 WHERE id BETWEEN 7244533 AND 7245532 ORDER BY c
	Sort  (cost=4126.28..4128.92 rows=1053 width=121)
	  Sort Key: c
	  ->  Bitmap Heap Scan on sbtest1  (cost=35.23..4073.42 rows=1053 width=121)
	        Recheck Cond: ((id >= 7244533) AND (id <= 7245532))
	        ->  Bitmap Index Scan on sbtest1_pkey  (cost=0.00..34.97 rows=1053 width=0)
	              Index Cond: ((id >= 7244533) AND (id <= 7245532))

table 2 : explain SELECT c FROM sbtest2 WHERE id BETWEEN 9793806 AND 9794805 ORDER BY c
	Sort  (cost=3717.57..3719.94 rows=946 width=121)
	  Sort Key: c
	  ->  Bitmap Heap Scan on sbtest2  (cost=34.13..3670.81 rows=946 width=121)
	        Recheck Cond: ((id >= 9793806) AND (id <= 9794805))
	        ->  Bitmap Index Scan on sbtest2_pkey  (cost=0.00..33.90 rows=946 width=0)
	              Index Cond: ((id >= 9793806) AND (id <= 9794805))

table 3 : explain SELECT c FROM sbtest3 WHERE id BETWEEN 2068078 AND 2069077 ORDER BY c
	Sort  (cost=3556.71..3558.97 rows=905 width=121)
	  Sort Key: c
	  ->  Bitmap Heap Scan on sbtest3  (cost=29.71..3512.27 rows=905 width=121)
	        Recheck Cond: ((id >= 2068078) AND (id <= 2069077))
	        ->  Bitmap Index Scan on sbtest3_pkey  (cost=0.00..29.48 rows=905 width=0)
	              Index Cond: ((id >= 2068078) AND (id <= 2069077))

table 4 : explain SELECT c FROM sbtest4 WHERE id BETWEEN 9685514 AND 9686513 ORDER BY c
	Sort  (cost=3751.04..3753.43 rows=953 width=121)
	  Sort Key: c
	  ->  Bitmap Heap Scan on sbtest4  (cost=34.20..3703.89 rows=953 width=121)
	        Recheck Cond: ((id >= 9685514) AND (id <= 9686513))
	        ->  Bitmap Index Scan on sbtest4_pkey  (cost=0.00..33.97 rows=953 width=0)
	              Index Cond: ((id >= 9685514) AND (id <= 9686513))

table 5 : explain SELECT c FROM sbtest5 WHERE id BETWEEN 7463331 AND 7464330 ORDER BY c
	Sort  (cost=3797.18..3799.59 rows=965 width=121)
	  Sort Key: c
	  ->  Bitmap Heap Scan on sbtest5  (cost=34.33..3749.34 rows=965 width=121)
	        Recheck Cond: ((id >= 7463331) AND (id <= 7464330))
	        ->  Bitmap Index Scan on sbtest5_pkey  (cost=0.00..34.09 rows=965 width=0)
	              Index Cond: ((id >= 7463331) AND (id <= 7464330))

table 6 : explain SELECT c FROM sbtest6 WHERE id BETWEEN 5313952 AND 5314951 ORDER BY c
	Sort  (cost=3691.70..3694.04 rows=939 width=121)
	  Sort Key: c
	  ->  Bitmap Heap Scan on sbtest6  (cost=34.06..3645.33 rows=939 width=121)
	        Recheck Cond: ((id >= 5313952) AND (id <= 5314951))
	        ->  Bitmap Index Scan on sbtest6_pkey  (cost=0.00..33.83 rows=939 width=0)
	              Index Cond: ((id >= 5313952) AND (id <= 5314951))

table 7 : explain SELECT c FROM sbtest7 WHERE id BETWEEN 6190440 AND 6191439 ORDER BY c
	Sort  (cost=3931.09..3933.59 rows=1002 width=121)
	  Sort Key: c
	  ->  Bitmap Heap Scan on sbtest7  (cost=34.71..3881.14 rows=1002 width=121)
	        Recheck Cond: ((id >= 6190440) AND (id <= 6191439))
	        ->  Bitmap Index Scan on sbtest7_pkey  (cost=0.00..34.45 rows=1002 width=0)
	              Index Cond: ((id >= 6190440) AND (id <= 6191439))

table 8 : explain SELECT c FROM sbtest8 WHERE id BETWEEN 9187545 AND 9188544 ORDER BY c
	Sort  (cost=3981.57..3984.11 rows=1015 width=121)
	  Sort Key: c
	  ->  Bitmap Heap Scan on sbtest8  (cost=34.84..3930.89 rows=1015 width=121)
	        Recheck Cond: ((id >= 9187545) AND (id <= 9188544))
	        ->  Bitmap Index Scan on sbtest8_pkey  (cost=0.00..34.59 rows=1015 width=0)
	              Index Cond: ((id >= 9187545) AND (id <= 9188544))

for: distinct_ranges
table 1 : explain SELECT DISTINCT c FROM sbtest1 WHERE id BETWEEN 8034643 AND 8035642 ORDER BY c
	Unique  (cost=3950.53..3955.56 rows=1007 width=121)
	  ->  Sort  (cost=3950.53..3953.04 rows=1007 width=121)
	        Sort Key: c
	        ->  Bitmap Heap Scan on sbtest1  (cost=34.76..3900.30 rows=1007 width=121)
	              Recheck Cond: ((id >= 8034643) AND (id <= 8035642))
	              ->  Bitmap Index Scan on sbtest1_pkey  (cost=0.00..34.51 rows=1007 width=0)
	                    Index Cond: ((id >= 8034643) AND (id <= 8035642))

table 2 : explain SELECT DISTINCT c FROM sbtest2 WHERE id BETWEEN 6197861 AND 6198860 ORDER BY c
	Unique  (cost=3916.66..3921.65 rows=998 width=121)
	  ->  Sort  (cost=3916.66..3919.16 rows=998 width=121)
	        Sort Key: c
	        ->  Bitmap Heap Scan on sbtest2  (cost=34.66..3866.95 rows=998 width=121)
	              Recheck Cond: ((id >= 6197861) AND (id <= 6198860))
	              ->  Bitmap Index Scan on sbtest2_pkey  (cost=0.00..34.42 rows=998 width=0)
	                    Index Cond: ((id >= 6197861) AND (id <= 6198860))

table 3 : explain SELECT DISTINCT c FROM sbtest3 WHERE id BETWEEN 2999688 AND 3000687 ORDER BY c
	Unique  (cost=4161.69..4167.00 rows=1062 width=121)
	  ->  Sort  (cost=4161.69..4164.35 rows=1062 width=121)
	        Sort Key: c
	        ->  Bitmap Heap Scan on sbtest3  (cost=35.32..4108.31 rows=1062 width=121)
	              Recheck Cond: ((id >= 2999688) AND (id <= 3000687))
	              ->  Bitmap Index Scan on sbtest3_pkey  (cost=0.00..35.06 rows=1062 width=0)
	                    Index Cond: ((id >= 2999688) AND (id <= 3000687))

table 4 : explain SELECT DISTINCT c FROM sbtest4 WHERE id BETWEEN 8068186 AND 8069185 ORDER BY c
	Unique  (cost=3847.04..3851.93 rows=978 width=121)
	  ->  Sort  (cost=3847.04..3849.49 rows=978 width=121)
	        Sort Key: c
	        ->  Bitmap Heap Scan on sbtest4  (cost=34.46..3798.47 rows=978 width=121)
	              Recheck Cond: ((id >= 8068186) AND (id <= 8069185))
	              ->  Bitmap Index Scan on sbtest4_pkey  (cost=0.00..34.22 rows=978 width=0)
	                    Index Cond: ((id >= 8068186) AND (id <= 8069185))

table 5 : explain SELECT DISTINCT c FROM sbtest5 WHERE id BETWEEN 2960855 AND 2961854 ORDER BY c
	Unique  (cost=3889.31..3894.26 rows=989 width=121)
	  ->  Sort  (cost=3889.31..3891.78 rows=989 width=121)
	        Sort Key: c
	        ->  Bitmap Heap Scan on sbtest5  (cost=34.57..3840.11 rows=989 width=121)
	              Recheck Cond: ((id >= 2960855) AND (id <= 2961854))
	              ->  Bitmap Index Scan on sbtest5_pkey  (cost=0.00..34.33 rows=989 width=0)
	                    Index Cond: ((id >= 2960855) AND (id <= 2961854))

table 6 : explain SELECT DISTINCT c FROM sbtest6 WHERE id BETWEEN 438633 AND 439632 ORDER BY c
	Unique  (cost=4112.73..4117.97 rows=1049 width=121)
	  ->  Sort  (cost=4112.73..4115.35 rows=1049 width=121)
	        Sort Key: c
	        ->  Bitmap Heap Scan on sbtest6  (cost=35.19..4060.10 rows=1049 width=121)
	              Recheck Cond: ((id >= 438633) AND (id <= 439632))
	              ->  Bitmap Index Scan on sbtest6_pkey  (cost=0.00..34.93 rows=1049 width=0)
	                    Index Cond: ((id >= 438633) AND (id <= 439632))

table 7 : explain SELECT DISTINCT c FROM sbtest7 WHERE id BETWEEN 615975 AND 616974 ORDER BY c
	Unique  (cost=3969.32..3974.38 rows=1012 width=121)
	  ->  Sort  (cost=3969.32..3971.85 rows=1012 width=121)
	        Sort Key: c
	        ->  Bitmap Heap Scan on sbtest7  (cost=34.81..3918.80 rows=1012 width=121)
	              Recheck Cond: ((id >= 615975) AND (id <= 616974))
	              ->  Bitmap Index Scan on sbtest7_pkey  (cost=0.00..34.56 rows=1012 width=0)
	                    Index Cond: ((id >= 615975) AND (id <= 616974))

table 8 : explain SELECT DISTINCT c FROM sbtest8 WHERE id BETWEEN 692099 AND 693098 ORDER BY c
	Unique  (cost=4348.33..4353.88 rows=1111 width=121)
	  ->  Sort  (cost=4348.33..4351.10 rows=1111 width=121)
	        Sort Key: c
	        ->  Bitmap Heap Scan on sbtest8  (cost=39.82..4292.12 rows=1111 width=121)
	              Recheck Cond: ((id >= 692099) AND (id <= 693098))
	              ->  Bitmap Index Scan on sbtest8_pkey  (cost=0.00..39.55 rows=1111 width=0)
	                    Index Cond: ((id >= 692099) AND (id <= 693098))

for: order_ranges
table 1 : explain SELECT c FROM sbtest1 WHERE id BETWEEN 2544653 AND 2545652 ORDER BY c
	Sort  (cost=4072.82..4075.42 rows=1039 width=121)
	  Sort Key: c
	  ->  Bitmap Heap Scan on sbtest1  (cost=35.08..4020.76 rows=1039 width=121)
	        Recheck Cond: ((id >= 2544653) AND (id <= 2545652))
	        ->  Bitmap Index Scan on sbtest1_pkey  (cost=0.00..34.83 rows=1039 width=0)
	              Index Cond: ((id >= 2544653) AND (id <= 2545652))

table 2 : explain SELECT c FROM sbtest2 WHERE id BETWEEN 1312861 AND 1313860 ORDER BY c
	Sort  (cost=3947.26..3949.78 rows=1006 width=121)
	  Sort Key: c
	  ->  Bitmap Heap Scan on sbtest2  (cost=34.75..3897.09 rows=1006 width=121)
	        Recheck Cond: ((id >= 1312861) AND (id <= 1313860))
	        ->  Bitmap Index Scan on sbtest2_pkey  (cost=0.00..34.50 rows=1006 width=0)
	              Index Cond: ((id >= 1312861) AND (id <= 1313860))

table 3 : explain SELECT c FROM sbtest3 WHERE id BETWEEN 6753467 AND 6754466 ORDER BY c
	Sort  (cost=4073.84..4076.44 rows=1039 width=121)
	  Sort Key: c
	  ->  Bitmap Heap Scan on sbtest3  (cost=35.08..4021.78 rows=1039 width=121)
	        Recheck Cond: ((id >= 6753467) AND (id <= 6754466))
	        ->  Bitmap Index Scan on sbtest3_pkey  (cost=0.00..34.83 rows=1039 width=0)
	              Index Cond: ((id >= 6753467) AND (id <= 6754466))

table 4 : explain SELECT c FROM sbtest4 WHERE id BETWEEN 7457092 AND 7458091 ORDER BY c
	Sort  (cost=3935.30..3937.80 rows=1001 width=121)
	  Sort Key: c
	  ->  Bitmap Heap Scan on sbtest4  (cost=34.70..3885.41 rows=1001 width=121)
	        Recheck Cond: ((id >= 7457092) AND (id <= 7458091))
	        ->  Bitmap Index Scan on sbtest4_pkey  (cost=0.00..34.45 rows=1001 width=0)
	              Index Cond: ((id >= 7457092) AND (id <= 7458091))

table 5 : explain SELECT c FROM sbtest5 WHERE id BETWEEN 8077188 AND 8078187 ORDER BY c
	Sort  (cost=3847.09..3849.54 rows=978 width=121)
	  Sort Key: c
	  ->  Bitmap Heap Scan on sbtest5  (cost=34.46..3798.52 rows=978 width=121)
	        Recheck Cond: ((id >= 8077188) AND (id <= 8078187))
	        ->  Bitmap Index Scan on sbtest5_pkey  (cost=0.00..34.22 rows=978 width=0)
	              Index Cond: ((id >= 8077188) AND (id <= 8078187))

table 6 : explain SELECT c FROM sbtest6 WHERE id BETWEEN 5814446 AND 5815445 ORDER BY c
	Sort  (cost=3848.80..3851.25 rows=980 width=121)
	  Sort Key: c
	  ->  Bitmap Heap Scan on sbtest6  (cost=34.48..3800.11 rows=980 width=121)
	        Recheck Cond: ((id >= 5814446) AND (id <= 5815445))
	        ->  Bitmap Index Scan on sbtest6_pkey  (cost=0.00..34.23 rows=980 width=0)
	              Index Cond: ((id >= 5814446) AND (id <= 5815445))

table 7 : explain SELECT c FROM sbtest7 WHERE id BETWEEN 6907229 AND 6908228 ORDER BY c
	Sort  (cost=3812.49..3814.92 rows=971 width=121)
	  Sort Key: c
	  ->  Bitmap Heap Scan on sbtest7  (cost=34.39..3764.32 rows=971 width=121)
	        Recheck Cond: ((id >= 6907229) AND (id <= 6908228))
	        ->  Bitmap Index Scan on sbtest7_pkey  (cost=0.00..34.15 rows=971 width=0)
	              Index Cond: ((id >= 6907229) AND (id <= 6908228))

table 8 : explain SELECT c FROM sbtest8 WHERE id BETWEEN 8824862 AND 8825861 ORDER BY c
	Sort  (cost=3728.97..3731.34 rows=949 width=121)
	  Sort Key: c
	  ->  Bitmap Heap Scan on sbtest8  (cost=34.16..3682.04 rows=949 width=121)
	        Recheck Cond: ((id >= 8824862) AND (id <= 8825861))
	        ->  Bitmap Index Scan on sbtest8_pkey  (cost=0.00..33.93 rows=949 width=0)
	              Index Cond: ((id >= 8824862) AND (id <= 8825861))

for: order_ranges
table 1 : explain SELECT c FROM sbtest1 WHERE id BETWEEN 2675411 AND 2676410 ORDER BY c
	Sort  (cost=4187.36..4190.03 rows=1069 width=121)
	  Sort Key: c
	  ->  Bitmap Heap Scan on sbtest1  (cost=35.39..4133.57 rows=1069 width=121)
	        Recheck Cond: ((id >= 2675411) AND (id <= 2676410))
	        ->  Bitmap Index Scan on sbtest1_pkey  (cost=0.00..35.12 rows=1069 width=0)
	              Index Cond: ((id >= 2675411) AND (id <= 2676410))

table 2 : explain SELECT c FROM sbtest2 WHERE id BETWEEN 8479537 AND 8480536 ORDER BY c
	Sort  (cost=4069.59..4072.18 rows=1038 width=121)
	  Sort Key: c
	  ->  Bitmap Heap Scan on sbtest2  (cost=35.07..4017.58 rows=1038 width=121)
	        Recheck Cond: ((id >= 8479537) AND (id <= 8480536))
	        ->  Bitmap Index Scan on sbtest2_pkey  (cost=0.00..34.82 rows=1038 width=0)
	              Index Cond: ((id >= 8479537) AND (id <= 8480536))

table 3 : explain SELECT c FROM sbtest3 WHERE id BETWEEN 854622 AND 855621 ORDER BY c
	Sort  (cost=3951.50..3954.02 rows=1007 width=121)
	  Sort Key: c
	  ->  Bitmap Heap Scan on sbtest3  (cost=34.76..3901.27 rows=1007 width=121)
	        Recheck Cond: ((id >= 854622) AND (id <= 855621))
	        ->  Bitmap Index Scan on sbtest3_pkey  (cost=0.00..34.51 rows=1007 width=0)
	              Index Cond: ((id >= 854622) AND (id <= 855621))

table 4 : explain SELECT c FROM sbtest4 WHERE id BETWEEN 5912794 AND 5913793 ORDER BY c
	Sort  (cost=3762.57..3764.96 rows=956 width=121)
	  Sort Key: c
	  ->  Bitmap Heap Scan on sbtest4  (cost=34.23..3715.24 rows=956 width=121)
	        Recheck Cond: ((id >= 5912794) AND (id <= 5913793))
	        ->  Bitmap Index Scan on sbtest4_pkey  (cost=0.00..34.00 rows=956 width=0)
	              Index Cond: ((id >= 5912794) AND (id <= 5913793))

table 5 : explain SELECT c FROM sbtest5 WHERE id BETWEEN 9894719 AND 9895718 ORDER BY c
	Sort  (cost=3966.03..3968.56 rows=1009 width=121)
	  Sort Key: c
	  ->  Bitmap Heap Scan on sbtest5  (cost=34.78..3915.69 rows=1009 width=121)
	        Recheck Cond: ((id >= 9894719) AND (id <= 9895718))
	        ->  Bitmap Index Scan on sbtest5_pkey  (cost=0.00..34.53 rows=1009 width=0)
	              Index Cond: ((id >= 9894719) AND (id <= 9895718))

table 6 : explain SELECT c FROM sbtest6 WHERE id BETWEEN 4916040 AND 4917039 ORDER BY c
	Sort  (cost=3364.74..3366.86 rows=847 width=121)
	  Sort Key: c
	  ->  Index Scan using sbtest6_pkey on sbtest6  (cost=0.43..3323.55 rows=847 width=121)
	        Index Cond: ((id >= 4916040) AND (id <= 4917039))

table 7 : explain SELECT c FROM sbtest7 WHERE id BETWEEN 6414037 AND 6415036 ORDER BY c
	Sort  (cost=3724.43..3726.80 rows=948 width=121)
	  Sort Key: c
	  ->  Bitmap Heap Scan on sbtest7  (cost=34.15..3677.56 rows=948 width=121)
	        Recheck Cond: ((id >= 6414037) AND (id <= 6415036))
	        ->  Bitmap Index Scan on sbtest7_pkey  (cost=0.00..33.92 rows=948 width=0)
	              Index Cond: ((id >= 6414037) AND (id <= 6415036))

table 8 : explain SELECT c FROM sbtest8 WHERE id BETWEEN 5951416 AND 5952415 ORDER BY c
	Sort  (cost=3395.01..3397.16 rows=863 width=121)
	  Sort Key: c
	  ->  Bitmap Heap Scan on sbtest8  (cost=29.28..3352.92 rows=863 width=121)
	        Recheck Cond: ((id >= 5951416) AND (id <= 5952415))
	        ->  Bitmap Index Scan on sbtest8_pkey  (cost=0.00..29.07 rows=863 width=0)
	              Index Cond: ((id >= 5951416) AND (id <= 5952415))

for: distinct_ranges
table 1 : explain SELECT DISTINCT c FROM sbtest1 WHERE id BETWEEN 4864340 AND 4865339 ORDER BY c
	Unique  (cost=4053.72..4058.89 rows=1034 width=121)
	  ->  Sort  (cost=4053.72..4056.30 rows=1034 width=121)
	        Sort Key: c
	        ->  Bitmap Heap Scan on sbtest1  (cost=35.03..4001.95 rows=1034 width=121)
	              Recheck Cond: ((id >= 4864340) AND (id <= 4865339))
	              ->  Bitmap Index Scan on sbtest1_pkey  (cost=0.00..34.78 rows=1034 width=0)
	                    Index Cond: ((id >= 4864340) AND (id <= 4865339))

table 2 : explain SELECT DISTINCT c FROM sbtest2 WHERE id BETWEEN 8620838 AND 8621837 ORDER BY c
	Unique  (cost=4061.94..4067.12 rows=1036 width=121)
	  ->  Sort  (cost=4061.94..4064.53 rows=1036 width=121)
	        Sort Key: c
	        ->  Bitmap Heap Scan on sbtest2  (cost=35.05..4010.06 rows=1036 width=121)
	              Recheck Cond: ((id >= 8620838) AND (id <= 8621837))
	              ->  Bitmap Index Scan on sbtest2_pkey  (cost=0.00..34.80 rows=1036 width=0)
	                    Index Cond: ((id >= 8620838) AND (id <= 8621837))

table 3 : explain SELECT DISTINCT c FROM sbtest3 WHERE id BETWEEN 6660019 AND 6661018 ORDER BY c
	Unique  (cost=3691.12..3695.81 rows=939 width=121)
	  ->  Sort  (cost=3691.12..3693.46 rows=939 width=121)
	        Sort Key: c
	        ->  Bitmap Heap Scan on sbtest3  (cost=34.06..3644.75 rows=939 width=121)
	              Recheck Cond: ((id >= 6660019) AND (id <= 6661018))
	              ->  Bitmap Index Scan on sbtest3_pkey  (cost=0.00..33.83 rows=939 width=0)
	                    Index Cond: ((id >= 6660019) AND (id <= 6661018))

table 4 : explain SELECT DISTINCT c FROM sbtest4 WHERE id BETWEEN 9361956 AND 9362955 ORDER BY c
	Unique  (cost=3981.32..3986.39 rows=1013 width=121)
	  ->  Sort  (cost=3981.32..3983.85 rows=1013 width=121)
	        Sort Key: c
	        ->  Bitmap Heap Scan on sbtest4  (cost=34.82..3930.75 rows=1013 width=121)
	              Recheck Cond: ((id >= 9361956) AND (id <= 9362955))
	              ->  Bitmap Index Scan on sbtest4_pkey  (cost=0.00..34.57 rows=1013 width=0)
	                    Index Cond: ((id >= 9361956) AND (id <= 9362955))

table 5 : explain SELECT DISTINCT c FROM sbtest5 WHERE id BETWEEN 6516796 AND 6517795 ORDER BY c
	Unique  (cost=3847.09..3851.98 rows=978 width=121)
	  ->  Sort  (cost=3847.09..3849.54 rows=978 width=121)
	        Sort Key: c
	        ->  Bitmap Heap Scan on sbtest5  (cost=34.46..3798.52 rows=978 width=121)
	              Recheck Cond: ((id >= 6516796) AND (id <= 6517795))
	              ->  Bitmap Index Scan on sbtest5_pkey  (cost=0.00..34.22 rows=978 width=0)
	                    Index Cond: ((id >= 6516796) AND (id <= 6517795))

table 6 : explain SELECT DISTINCT c FROM sbtest6 WHERE id BETWEEN 4955857 AND 4956856 ORDER BY c
	Unique  (cost=3364.74..3368.97 rows=847 width=121)
	  ->  Sort  (cost=3364.74..3366.86 rows=847 width=121)
	        Sort Key: c
	        ->  Index Scan using sbtest6_pkey on sbtest6  (cost=0.43..3323.55 rows=847 width=121)
	              Index Cond: ((id >= 4955857) AND (id <= 4956856))

table 7 : explain SELECT DISTINCT c FROM sbtest7 WHERE id BETWEEN 513909 AND 514908 ORDER BY c
	Unique  (cost=3724.43..3729.17 rows=948 width=121)
	  ->  Sort  (cost=3724.43..3726.80 rows=948 width=121)
	        Sort Key: c
	        ->  Bitmap Heap Scan on sbtest7  (cost=34.15..3677.56 rows=948 width=121)
	              Recheck Cond: ((id >= 513909) AND (id <= 514908))
	              ->  Bitmap Index Scan on sbtest7_pkey  (cost=0.00..33.92 rows=948 width=0)
	                    Index Cond: ((id >= 513909) AND (id <= 514908))

table 8 : explain SELECT DISTINCT c FROM sbtest8 WHERE id BETWEEN 7598818 AND 7599817 ORDER BY c
	Unique  (cost=3878.30..3883.24 rows=988 width=121)
	  ->  Sort  (cost=3878.30..3880.77 rows=988 width=121)
	        Sort Key: c
	        ->  Bitmap Heap Scan on sbtest8  (cost=34.56..3829.15 rows=988 width=121)
	              Recheck Cond: ((id >= 7598818) AND (id <= 7599817))
	              ->  Bitmap Index Scan on sbtest8_pkey  (cost=0.00..34.32 rows=988 width=0)
	                    Index Cond: ((id >= 7598818) AND (id <= 7599817))

for: distinct_ranges
table 1 : explain SELECT DISTINCT c FROM sbtest1 WHERE id BETWEEN 9792572 AND 9793571 ORDER BY c
	Unique  (cost=3674.75..3679.43 rows=936 width=121)
	  ->  Sort  (cost=3674.75..3677.09 rows=936 width=121)
	        Sort Key: c
	        ->  Bitmap Heap Scan on sbtest1  (cost=30.03..3628.55 rows=936 width=121)
	              Recheck Cond: ((id >= 9792572) AND (id <= 9793571))
	              ->  Bitmap Index Scan on sbtest1_pkey  (cost=0.00..29.79 rows=936 width=0)
	                    Index Cond: ((id >= 9792572) AND (id <= 9793571))

table 2 : explain SELECT DISTINCT c FROM sbtest2 WHERE id BETWEEN 6597606 AND 6598605 ORDER BY c
	Unique  (cost=3786.53..3791.35 rows=964 width=121)
	  ->  Sort  (cost=3786.53..3788.94 rows=964 width=121)
	        Sort Key: c
	        ->  Bitmap Heap Scan on sbtest2  (cost=34.32..3738.75 rows=964 width=121)
	              Recheck Cond: ((id >= 6597606) AND (id <= 6598605))
	              ->  Bitmap Index Scan on sbtest2_pkey  (cost=0.00..34.08 rows=964 width=0)
	                    Index Cond: ((id >= 6597606) AND (id <= 6598605))

table 3 : explain SELECT DISTINCT c FROM sbtest3 WHERE id BETWEEN 7304739 AND 7305738 ORDER BY c
	Unique  (cost=3625.77..3630.38 rows=923 width=121)
	  ->  Sort  (cost=3625.77..3628.08 rows=923 width=121)
	        Sort Key: c
	        ->  Bitmap Heap Scan on sbtest3  (cost=29.90..3580.31 rows=923 width=121)
	              Recheck Cond: ((id >= 7304739) AND (id <= 7305738))
	              ->  Bitmap Index Scan on sbtest3_pkey  (cost=0.00..29.66 rows=923 width=0)
	                    Index Cond: ((id >= 7304739) AND (id <= 7305738))

table 4 : explain SELECT DISTINCT c FROM sbtest4 WHERE id BETWEEN 1840034 AND 1841033 ORDER BY c
	Unique  (cost=3923.79..3928.78 rows=998 width=121)
	  ->  Sort  (cost=3923.79..3926.29 rows=998 width=121)
	        Sort Key: c
	        ->  Bitmap Heap Scan on sbtest4  (cost=34.66..3874.08 rows=998 width=121)
	              Recheck Cond: ((id >= 1840034) AND (id <= 1841033))
	              ->  Bitmap Index Scan on sbtest4_pkey  (cost=0.00..34.42 rows=998 width=0)
	                    Index Cond: ((id >= 1840034) AND (id <= 1841033))

table 5 : explain SELECT DISTINCT c FROM sbtest5 WHERE id BETWEEN 3742502 AND 3743501 ORDER BY c
	Unique  (cost=4299.25..4304.73 rows=1096 width=121)
	  ->  Sort  (cost=4299.25..4301.99 rows=1096 width=121)
	        Sort Key: c
	        ->  Bitmap Heap Scan on sbtest5  (cost=35.67..4243.91 rows=1096 width=121)
	              Recheck Cond: ((id >= 3742502) AND (id <= 3743501))
	              ->  Bitmap Index Scan on sbtest5_pkey  (cost=0.00..35.40 rows=1096 width=0)
	                    Index Cond: ((id >= 3742502) AND (id <= 3743501))

table 6 : explain SELECT DISTINCT c FROM sbtest6 WHERE id BETWEEN 4204572 AND 4205571 ORDER BY c
	Unique  (cost=4085.98..4091.19 rows=1042 width=121)
	  ->  Sort  (cost=4085.98..4088.58 rows=1042 width=121)
	        Sort Key: c
	        ->  Bitmap Heap Scan on sbtest6  (cost=35.12..4033.75 rows=1042 width=121)
	              Recheck Cond: ((id >= 4204572) AND (id <= 4205571))
	              ->  Bitmap Index Scan on sbtest6_pkey  (cost=0.00..34.86 rows=1042 width=0)
	                    Index Cond: ((id >= 4204572) AND (id <= 4205571))

table 7 : explain SELECT DISTINCT c FROM sbtest7 WHERE id BETWEEN 5663762 AND 5664761 ORDER BY c
	Unique  (cost=4003.71..4008.82 rows=1021 width=121)
	  ->  Sort  (cost=4003.71..4006.27 rows=1021 width=121)
	        Sort Key: c
	        ->  Bitmap Heap Scan on sbtest7  (cost=34.90..3952.69 rows=1021 width=121)
	              Recheck Cond: ((id >= 5663762) AND (id <= 5664761))
	              ->  Bitmap Index Scan on sbtest7_pkey  (cost=0.00..34.65 rows=1021 width=0)
	                    Index Cond: ((id >= 5663762) AND (id <= 5664761))

table 8 : explain SELECT DISTINCT c FROM sbtest8 WHERE id BETWEEN 1704817 AND 1705816 ORDER BY c
	Unique  (cost=3874.47..3879.41 rows=987 width=121)
	  ->  Sort  (cost=3874.47..3876.94 rows=987 width=121)
	        Sort Key: c
	        ->  Bitmap Heap Scan on sbtest8  (cost=34.55..3825.38 rows=987 width=121)
	              Recheck Cond: ((id >= 1704817) AND (id <= 1705816))
	              ->  Bitmap Index Scan on sbtest8_pkey  (cost=0.00..34.31 rows=987 width=0)
	                    Index Cond: ((id >= 1704817) AND (id <= 1705816))

for: sum_ranges
table 1 : explain SELECT SUM(k) FROM sbtest1 WHERE id BETWEEN 5564425 AND 5565424
	Aggregate  (cost=3887.74..3887.75 rows=1 width=8)
	  ->  Bitmap Heap Scan on sbtest1  (cost=34.72..3885.23 rows=1003 width=4)
	        Recheck Cond: ((id >= 5564425) AND (id <= 5565424))
	        ->  Bitmap Index Scan on sbtest1_pkey  (cost=0.00..34.47 rows=1003 width=0)
	              Index Cond: ((id >= 5564425) AND (id <= 5565424))

table 2 : explain SELECT SUM(k) FROM sbtest2 WHERE id BETWEEN 8368320 AND 8369319
	Aggregate  (cost=3714.73..3714.74 rows=1 width=8)
	  ->  Bitmap Heap Scan on sbtest2  (cost=34.24..3712.33 rows=957 width=4)
	        Recheck Cond: ((id >= 8368320) AND (id <= 8369319))
	        ->  Bitmap Index Scan on sbtest2_pkey  (cost=0.00..34.01 rows=957 width=0)
	              Index Cond: ((id >= 8368320) AND (id <= 8369319))

table 3 : explain SELECT SUM(k) FROM sbtest3 WHERE id BETWEEN 3308263 AND 3309262
	Aggregate  (cost=3620.64..3620.65 rows=1 width=8)
	  ->  Bitmap Heap Scan on sbtest3  (cost=33.99..3618.31 rows=932 width=4)
	        Recheck Cond: ((id >= 3308263) AND (id <= 3309262))
	        ->  Bitmap Index Scan on sbtest3_pkey  (cost=0.00..33.76 rows=932 width=0)
	              Index Cond: ((id >= 3308263) AND (id <= 3309262))

table 4 : explain SELECT SUM(k) FROM sbtest4 WHERE id BETWEEN 3152841 AND 3153840
	Aggregate  (cost=3872.79..3872.80 rows=1 width=8)
	  ->  Bitmap Heap Scan on sbtest4  (cost=34.65..3870.30 rows=997 width=4)
	        Recheck Cond: ((id >= 3152841) AND (id <= 3153840))
	        ->  Bitmap Index Scan on sbtest4_pkey  (cost=0.00..34.41 rows=997 width=0)
	              Index Cond: ((id >= 3152841) AND (id <= 3153840))

table 5 : explain SELECT SUM(k) FROM sbtest5 WHERE id BETWEEN 6595260 AND 6596259
	Aggregate  (cost=3668.44..3668.45 rows=1 width=8)
	  ->  Bitmap Heap Scan on sbtest5  (cost=34.10..3666.08 rows=943 width=4)
	        Recheck Cond: ((id >= 6595260) AND (id <= 6596259))
	        ->  Bitmap Index Scan on sbtest5_pkey  (cost=0.00..33.87 rows=943 width=0)
	              Index Cond: ((id >= 6595260) AND (id <= 6596259))

table 6 : explain SELECT SUM(k) FROM sbtest6 WHERE id BETWEEN 1148817 AND 1149816
	Aggregate  (cost=4111.67..4111.68 rows=1 width=8)
	  ->  Bitmap Heap Scan on sbtest6  (cost=35.32..4109.01 rows=1062 width=4)
	        Recheck Cond: ((id >= 1148817) AND (id <= 1149816))
	        ->  Bitmap Index Scan on sbtest6_pkey  (cost=0.00..35.06 rows=1062 width=0)
	              Index Cond: ((id >= 1148817) AND (id <= 1149816))

table 7 : explain SELECT SUM(k) FROM sbtest7 WHERE id BETWEEN 6307809 AND 6308808
	Aggregate  (cost=3898.72..3898.73 rows=1 width=8)
	  ->  Bitmap Heap Scan on sbtest7  (cost=34.75..3896.21 rows=1006 width=4)
	        Recheck Cond: ((id >= 6307809) AND (id <= 6308808))
	        ->  Bitmap Index Scan on sbtest7_pkey  (cost=0.00..34.50 rows=1006 width=0)
	              Index Cond: ((id >= 6307809) AND (id <= 6308808))

table 8 : explain SELECT SUM(k) FROM sbtest8 WHERE id BETWEEN 8971550 AND 8972549
	Aggregate  (cost=4144.27..4144.28 rows=1 width=8)
	  ->  Bitmap Heap Scan on sbtest8  (cost=35.41..4141.59 rows=1071 width=4)
	        Recheck Cond: ((id >= 8971550) AND (id <= 8972549))
	        ->  Bitmap Index Scan on sbtest8_pkey  (cost=0.00..35.15 rows=1071 width=0)
	              Index Cond: ((id >= 8971550) AND (id <= 8972549))

for: distinct_ranges
table 1 : explain SELECT DISTINCT c FROM sbtest1 WHERE id BETWEEN 2590601 AND 2591600 ORDER BY c
	Unique  (cost=3996.40..4001.50 rows=1019 width=121)
	  ->  Sort  (cost=3996.40..3998.95 rows=1019 width=121)
	        Sort Key: c
	        ->  Bitmap Heap Scan on sbtest1  (cost=34.88..3945.49 rows=1019 width=121)
	              Recheck Cond: ((id >= 2590601) AND (id <= 2591600))
	              ->  Bitmap Index Scan on sbtest1_pkey  (cost=0.00..34.62 rows=1019 width=0)
	                    Index Cond: ((id >= 2590601) AND (id <= 2591600))

table 2 : explain SELECT DISTINCT c FROM sbtest2 WHERE id BETWEEN 5045710 AND 5046709 ORDER BY c
	Unique  (cost=4088.69..4093.90 rows=1043 width=121)
	  ->  Sort  (cost=4088.69..4091.30 rows=1043 width=121)
	        Sort Key: c
	        ->  Bitmap Heap Scan on sbtest2  (cost=35.13..4036.40 rows=1043 width=121)
	              Recheck Cond: ((id >= 5045710) AND (id <= 5046709))
	              ->  Bitmap Index Scan on sbtest2_pkey  (cost=0.00..34.87 rows=1043 width=0)
	                    Index Cond: ((id >= 5045710) AND (id <= 5046709))

table 3 : explain SELECT DISTINCT c FROM sbtest3 WHERE id BETWEEN 9206608 AND 9207607 ORDER BY c
	Unique  (cost=3591.24..3595.81 rows=914 width=121)
	  ->  Sort  (cost=3591.24..3593.53 rows=914 width=121)
	        Sort Key: c
	        ->  Bitmap Heap Scan on sbtest3  (cost=29.80..3546.29 rows=914 width=121)
	              Recheck Cond: ((id >= 9206608) AND (id <= 9207607))
	              ->  Bitmap Index Scan on sbtest3_pkey  (cost=0.00..29.57 rows=914 width=0)
	                    Index Cond: ((id >= 9206608) AND (id <= 9207607))

table 4 : explain SELECT DISTINCT c FROM sbtest4 WHERE id BETWEEN 8547765 AND 8548764 ORDER BY c
	Unique  (cost=4019.66..4024.78 rows=1023 width=121)
	  ->  Sort  (cost=4019.66..4022.22 rows=1023 width=121)
	        Sort Key: c
	        ->  Bitmap Heap Scan on sbtest4  (cost=34.92..3968.52 rows=1023 width=121)
	              Recheck Cond: ((id >= 8547765) AND (id <= 8548764))
	              ->  Bitmap Index Scan on sbtest4_pkey  (cost=0.00..34.67 rows=1023 width=0)
	                    Index Cond: ((id >= 8547765) AND (id <= 8548764))

table 5 : explain SELECT DISTINCT c FROM sbtest5 WHERE id BETWEEN 5181420 AND 5182419 ORDER BY c
	Unique  (cost=3535.62..3540.11 rows=898 width=121)
	  ->  Sort  (cost=3535.62..3537.87 rows=898 width=121)
	        Sort Key: c
	        ->  Bitmap Heap Scan on sbtest5  (cost=29.64..3491.57 rows=898 width=121)
	              Recheck Cond: ((id >= 5181420) AND (id <= 5182419))
	              ->  Bitmap Index Scan on sbtest5_pkey  (cost=0.00..29.41 rows=898 width=0)
	                    Index Cond: ((id >= 5181420) AND (id <= 5182419))

table 6 : explain SELECT DISTINCT c FROM sbtest6 WHERE id BETWEEN 4263419 AND 4264418 ORDER BY c
	Unique  (cost=4032.46..4037.60 rows=1028 width=121)
	  ->  Sort  (cost=4032.46..4035.03 rows=1028 width=121)
	        Sort Key: c
	        ->  Bitmap Heap Scan on sbtest6  (cost=34.97..3981.03 rows=1028 width=121)
	              Recheck Cond: ((id >= 4263419) AND (id <= 4264418))
	              ->  Bitmap Index Scan on sbtest6_pkey  (cost=0.00..34.72 rows=1028 width=0)
	                    Index Cond: ((id >= 4263419) AND (id <= 4264418))

table 7 : explain SELECT DISTINCT c FROM sbtest7 WHERE id BETWEEN 4071243 AND 4072242 ORDER BY c
	Unique  (cost=3980.78..3985.86 rows=1015 width=121)
	  ->  Sort  (cost=3980.78..3983.32 rows=1015 width=121)
	        Sort Key: c
	        ->  Bitmap Heap Scan on sbtest7  (cost=34.84..3930.10 rows=1015 width=121)
	              Recheck Cond: ((id >= 4071243) AND (id <= 4072242))
	              ->  Bitmap Index Scan on sbtest7_pkey  (cost=0.00..34.59 rows=1015 width=0)
	                    Index Cond: ((id >= 4071243) AND (id <= 4072242))

table 8 : explain SELECT DISTINCT c FROM sbtest8 WHERE id BETWEEN 4764491 AND 4765490 ORDER BY c
	Unique  (cost=3993.04..3998.13 rows=1018 width=121)
	  ->  Sort  (cost=3993.04..3995.59 rows=1018 width=121)
	        Sort Key: c
	        ->  Bitmap Heap Scan on sbtest8  (cost=34.87..3942.18 rows=1018 width=121)
	              Recheck Cond: ((id >= 4764491) AND (id <= 4765490))
	              ->  Bitmap Index Scan on sbtest8_pkey  (cost=0.00..34.62 rows=1018 width=0)
	                    Index Cond: ((id >= 4764491) AND (id <= 4765490))

for: distinct_ranges
table 1 : explain SELECT DISTINCT c FROM sbtest1 WHERE id BETWEEN 317169 AND 318168 ORDER BY c
	Unique  (cost=4072.82..4078.01 rows=1039 width=121)
	  ->  Sort  (cost=4072.82..4075.42 rows=1039 width=121)
	        Sort Key: c
	        ->  Bitmap Heap Scan on sbtest1  (cost=35.08..4020.76 rows=1039 width=121)
	              Recheck Cond: ((id >= 317169) AND (id <= 318168))
	              ->  Bitmap Index Scan on sbtest1_pkey  (cost=0.00..34.83 rows=1039 width=0)
	                    Index Cond: ((id >= 317169) AND (id <= 318168))

table 2 : explain SELECT DISTINCT c FROM sbtest2 WHERE id BETWEEN 4361267 AND 4362266 ORDER BY c
	Unique  (cost=3702.24..3706.95 rows=942 width=121)
	  ->  Sort  (cost=3702.24..3704.60 rows=942 width=121)
	        Sort Key: c
	        ->  Bitmap Heap Scan on sbtest2  (cost=34.09..3655.71 rows=942 width=121)
	              Recheck Cond: ((id >= 4361267) AND (id <= 4362266))
	              ->  Bitmap Index Scan on sbtest2_pkey  (cost=0.00..33.86 rows=942 width=0)
	                    Index Cond: ((id >= 4361267) AND (id <= 4362266))

table 3 : explain SELECT DISTINCT c FROM sbtest3 WHERE id BETWEEN 2563963 AND 2564962 ORDER BY c
	Unique  (cost=3890.28..3895.24 rows=991 width=121)
	  ->  Sort  (cost=3890.28..3892.76 rows=991 width=121)
	        Sort Key: c
	        ->  Bitmap Heap Scan on sbtest3  (cost=34.59..3840.97 rows=991 width=121)
	              Recheck Cond: ((id >= 2563963) AND (id <= 2564962))
	              ->  Bitmap Index Scan on sbtest3_pkey  (cost=0.00..34.34 rows=991 width=0)
	                    Index Cond: ((id >= 2563963) AND (id <= 2564962))

table 4 : explain SELECT DISTINCT c FROM sbtest4 WHERE id BETWEEN 5675249 AND 5676248 ORDER BY c
	Unique  (cost=3904.61..3909.57 rows=993 width=121)
	  ->  Sort  (cost=3904.61..3907.09 rows=993 width=121)
	        Sort Key: c
	        ->  Bitmap Heap Scan on sbtest4  (cost=34.61..3855.18 rows=993 width=121)
	              Recheck Cond: ((id >= 5675249) AND (id <= 5676248))
	              ->  Bitmap Index Scan on sbtest4_pkey  (cost=0.00..34.37 rows=993 width=0)
	                    Index Cond: ((id >= 5675249) AND (id <= 5676248))

table 5 : explain SELECT DISTINCT c FROM sbtest5 WHERE id BETWEEN 7100389 AND 7101388 ORDER BY c
	Unique  (cost=3704.98..3709.69 rows=941 width=121)
	  ->  Sort  (cost=3704.98..3707.34 rows=941 width=121)
	        Sort Key: c
	        ->  Bitmap Heap Scan on sbtest5  (cost=34.08..3658.51 rows=941 width=121)
	              Recheck Cond: ((id >= 7100389) AND (id <= 7101388))
	              ->  Bitmap Index Scan on sbtest5_pkey  (cost=0.00..33.84 rows=941 width=0)
	                    Index Cond: ((id >= 7100389) AND (id <= 7101388))

table 6 : explain SELECT DISTINCT c FROM sbtest6 WHERE id BETWEEN 8272671 AND 8273670 ORDER BY c
	Unique  (cost=3994.22..3999.31 rows=1018 width=121)
	  ->  Sort  (cost=3994.22..3996.77 rows=1018 width=121)
	        Sort Key: c
	        ->  Bitmap Heap Scan on sbtest6  (cost=34.87..3943.36 rows=1018 width=121)
	              Recheck Cond: ((id >= 8272671) AND (id <= 8273670))
	              ->  Bitmap Index Scan on sbtest6_pkey  (cost=0.00..34.62 rows=1018 width=0)
	                    Index Cond: ((id >= 8272671) AND (id <= 8273670))

table 7 : explain SELECT DISTINCT c FROM sbtest7 WHERE id BETWEEN 2307798 AND 2308797 ORDER BY c
	Unique  (cost=3950.20..3955.24 rows=1007 width=121)
	  ->  Sort  (cost=3950.20..3952.72 rows=1007 width=121)
	        Sort Key: c
	        ->  Bitmap Heap Scan on sbtest7  (cost=34.76..3899.98 rows=1007 width=121)
	              Recheck Cond: ((id >= 2307798) AND (id <= 2308797))
	              ->  Bitmap Index Scan on sbtest7_pkey  (cost=0.00..34.51 rows=1007 width=0)
	                    Index Cond: ((id >= 2307798) AND (id <= 2308797))

table 8 : explain SELECT DISTINCT c FROM sbtest8 WHERE id BETWEEN 5873221 AND 5874220 ORDER BY c
	Unique  (cost=3954.81..3959.85 rows=1008 width=121)
	  ->  Sort  (cost=3954.81..3957.33 rows=1008 width=121)
	        Sort Key: c
	        ->  Bitmap Heap Scan on sbtest8  (cost=34.77..3904.52 rows=1008 width=121)
	              Recheck Cond: ((id >= 5873221) AND (id <= 5874220))
	              ->  Bitmap Index Scan on sbtest8_pkey  (cost=0.00..34.52 rows=1008 width=0)
	                    Index Cond: ((id >= 5873221) AND (id <= 5874220))

explain: for point_selects :: explain SELECT c FROM sbtest%u WHERE id=%u
for: sum_ranges
table 1 : explain SELECT SUM(k) FROM sbtest1 WHERE id BETWEEN 5819882 AND 5820881
	Aggregate  (cost=3555.30..3555.31 rows=1 width=8)
	  ->  Bitmap Heap Scan on sbtest1  (cost=29.82..3553.01 rows=916 width=4)
	        Recheck Cond: ((id >= 5819882) AND (id <= 5820881))
	        ->  Bitmap Index Scan on sbtest1_pkey  (cost=0.00..29.59 rows=916 width=0)
	              Index Cond: ((id >= 5819882) AND (id <= 5820881))

table 2 : explain SELECT SUM(k) FROM sbtest2 WHERE id BETWEEN 6936252 AND 6937251
	Aggregate  (cost=3861.90..3861.91 rows=1 width=8)
	  ->  Bitmap Heap Scan on sbtest2  (cost=34.64..3859.41 rows=996 width=4)
	        Recheck Cond: ((id >= 6936252) AND (id <= 6937251))
	        ->  Bitmap Index Scan on sbtest2_pkey  (cost=0.00..34.40 rows=996 width=0)
	              Index Cond: ((id >= 6936252) AND (id <= 6937251))

table 3 : explain SELECT SUM(k) FROM sbtest3 WHERE id BETWEEN 8998079 AND 8999078
	Aggregate  (cost=3798.17..3798.18 rows=1 width=8)
	  ->  Bitmap Heap Scan on sbtest3  (cost=34.47..3795.72 rows=979 width=4)
	        Recheck Cond: ((id >= 8998079) AND (id <= 8999078))
	        ->  Bitmap Index Scan on sbtest3_pkey  (cost=0.00..34.23 rows=979 width=0)
	              Index Cond: ((id >= 8998079) AND (id <= 8999078))

table 4 : explain SELECT SUM(k) FROM sbtest4 WHERE id BETWEEN 7681758 AND 7682757
	Aggregate  (cost=3967.30..3967.31 rows=1 width=8)
	  ->  Bitmap Heap Scan on sbtest4  (cost=34.91..3964.74 rows=1022 width=4)
	        Recheck Cond: ((id >= 7681758) AND (id <= 7682757))
	        ->  Bitmap Index Scan on sbtest4_pkey  (cost=0.00..34.66 rows=1022 width=0)
	              Index Cond: ((id >= 7681758) AND (id <= 7682757))

table 5 : explain SELECT SUM(k) FROM sbtest5 WHERE id BETWEEN 8596434 AND 8597433
	Aggregate  (cost=3554.51..3554.52 rows=1 width=8)
	  ->  Bitmap Heap Scan on sbtest5  (cost=29.80..3552.23 rows=914 width=4)
	        Recheck Cond: ((id >= 8596434) AND (id <= 8597433))
	        ->  Bitmap Index Scan on sbtest5_pkey  (cost=0.00..29.57 rows=914 width=0)
	              Index Cond: ((id >= 8596434) AND (id <= 8597433))

table 6 : explain SELECT SUM(k) FROM sbtest6 WHERE id BETWEEN 9383922 AND 9384921
	Aggregate  (cost=3813.88..3813.89 rows=1 width=8)
	  ->  Bitmap Heap Scan on sbtest6  (cost=34.51..3811.43 rows=983 width=4)
	        Recheck Cond: ((id >= 9383922) AND (id <= 9384921))
	        ->  Bitmap Index Scan on sbtest6_pkey  (cost=0.00..34.27 rows=983 width=0)
	              Index Cond: ((id >= 9383922) AND (id <= 9384921))

table 7 : explain SELECT SUM(k) FROM sbtest7 WHERE id BETWEEN 1865392 AND 1866391
	Aggregate  (cost=3679.93..3679.94 rows=1 width=8)
	  ->  Bitmap Heap Scan on sbtest7  (cost=34.15..3677.56 rows=948 width=4)
	        Recheck Cond: ((id >= 1865392) AND (id <= 1866391))
	        ->  Bitmap Index Scan on sbtest7_pkey  (cost=0.00..33.92 rows=948 width=0)
	              Index Cond: ((id >= 1865392) AND (id <= 1866391))

table 8 : explain SELECT SUM(k) FROM sbtest8 WHERE id BETWEEN 8169152 AND 8170151
	Aggregate  (cost=4005.00..4005.01 rows=1 width=8)
	  ->  Bitmap Heap Scan on sbtest8  (cost=35.03..4002.42 rows=1034 width=4)
	        Recheck Cond: ((id >= 8169152) AND (id <= 8170151))
	        ->  Bitmap Index Scan on sbtest8_pkey  (cost=0.00..34.78 rows=1034 width=0)
	              Index Cond: ((id >= 8169152) AND (id <= 8170151))

for point_selects
table 1 : explain SELECT c FROM sbtest1 WHERE id=6784567
	Index Scan using sbtest1_pkey on sbtest1  (cost=0.43..8.45 rows=1 width=121)
	  Index Cond: (id = 6784567)

table 2 : explain SELECT c FROM sbtest2 WHERE id=4481202
	Index Scan using sbtest2_pkey on sbtest2  (cost=0.43..8.45 rows=1 width=121)
	  Index Cond: (id = 4481202)

table 3 : explain SELECT c FROM sbtest3 WHERE id=3332633
	Index Scan using sbtest3_pkey on sbtest3  (cost=0.43..8.45 rows=1 width=121)
	  Index Cond: (id = 3332633)

table 4 : explain SELECT c FROM sbtest4 WHERE id=3638786
	Index Scan using sbtest4_pkey on sbtest4  (cost=0.43..8.45 rows=1 width=121)
	  Index Cond: (id = 3638786)

table 5 : explain SELECT c FROM sbtest5 WHERE id=2522406
	Index Scan using sbtest5_pkey on sbtest5  (cost=0.43..8.45 rows=1 width=121)
	  Index Cond: (id = 2522406)

table 6 : explain SELECT c FROM sbtest6 WHERE id=9284925
	Index Scan using sbtest6_pkey on sbtest6  (cost=0.43..8.45 rows=1 width=121)
	  Index Cond: (id = 9284925)

table 7 : explain SELECT c FROM sbtest7 WHERE id=2143708
	Index Scan using sbtest7_pkey on sbtest7  (cost=0.43..8.45 rows=1 width=121)
	  Index Cond: (id = 2143708)

table 8 : explain SELECT c FROM sbtest8 WHERE id=8055175
	Index Scan using sbtest8_pkey on sbtest8  (cost=0.43..8.45 rows=1 width=121)
	  Index Cond: (id = 8055175)

for: distinct_ranges
table 1 : explain SELECT DISTINCT c FROM sbtest1 WHERE id BETWEEN 7699300 AND 7700299 ORDER BY c
	Unique  (cost=4080.46..4085.66 rows=1041 width=121)
	  ->  Sort  (cost=4080.46..4083.06 rows=1041 width=121)
	        Sort Key: c
	        ->  Bitmap Heap Scan on sbtest1  (cost=35.11..4028.28 rows=1041 width=121)
	              Recheck Cond: ((id >= 7699300) AND (id <= 7700299))
	              ->  Bitmap Index Scan on sbtest1_pkey  (cost=0.00..34.84 rows=1041 width=0)
	                    Index Cond: ((id >= 7699300) AND (id <= 7700299))

table 2 : explain SELECT DISTINCT c FROM sbtest2 WHERE id BETWEEN 615819 AND 616818 ORDER BY c
	Unique  (cost=4161.25..4166.56 rows=1062 width=121)
	  ->  Sort  (cost=4161.25..4163.90 rows=1062 width=121)
	        Sort Key: c
	        ->  Bitmap Heap Scan on sbtest2  (cost=35.32..4107.87 rows=1062 width=121)
	              Recheck Cond: ((id >= 615819) AND (id <= 616818))
	              ->  Bitmap Index Scan on sbtest2_pkey  (cost=0.00..35.06 rows=1062 width=0)
	                    Index Cond: ((id >= 615819) AND (id <= 616818))

table 3 : explain SELECT DISTINCT c FROM sbtest3 WHERE id BETWEEN 5275957 AND 5276956 ORDER BY c
	Unique  (cost=4012.68..4017.80 rows=1023 width=121)
	  ->  Sort  (cost=4012.68..4015.24 rows=1023 width=121)
	        Sort Key: c
	        ->  Bitmap Heap Scan on sbtest3  (cost=34.92..3961.54 rows=1023 width=121)
	              Recheck Cond: ((id >= 5275957) AND (id <= 5276956))
	              ->  Bitmap Index Scan on sbtest3_pkey  (cost=0.00..34.67 rows=1023 width=0)
	                    Index Cond: ((id >= 5275957) AND (id <= 5276956))

table 4 : explain SELECT DISTINCT c FROM sbtest4 WHERE id BETWEEN 7683160 AND 7684159 ORDER BY c
	Unique  (cost=4015.83..4020.94 rows=1022 width=121)
	  ->  Sort  (cost=4015.83..4018.38 rows=1022 width=121)
	        Sort Key: c
	        ->  Bitmap Heap Scan on sbtest4  (cost=34.91..3964.74 rows=1022 width=121)
	              Recheck Cond: ((id >= 7683160) AND (id <= 7684159))
	              ->  Bitmap Index Scan on sbtest4_pkey  (cost=0.00..34.66 rows=1022 width=0)
	                    Index Cond: ((id >= 7683160) AND (id <= 7684159))

table 5 : explain SELECT DISTINCT c FROM sbtest5 WHERE id BETWEEN 4758578 AND 4759577 ORDER BY c
	Unique  (cost=4180.61..4185.94 rows=1065 width=121)
	  ->  Sort  (cost=4180.61..4183.28 rows=1065 width=121)
	        Sort Key: c
	        ->  Bitmap Heap Scan on sbtest5  (cost=35.35..4127.06 rows=1065 width=121)
	              Recheck Cond: ((id >= 4758578) AND (id <= 4759577))
	              ->  Bitmap Index Scan on sbtest5_pkey  (cost=0.00..35.09 rows=1065 width=0)
	                    Index Cond: ((id >= 4758578) AND (id <= 4759577))

table 6 : explain SELECT DISTINCT c FROM sbtest6 WHERE id BETWEEN 2903340 AND 2904339 ORDER BY c
	Unique  (cost=3687.86..3692.55 rows=938 width=121)
	  ->  Sort  (cost=3687.86..3690.21 rows=938 width=121)
	        Sort Key: c
	        ->  Bitmap Heap Scan on sbtest6  (cost=34.05..3641.56 rows=938 width=121)
	              Recheck Cond: ((id >= 2903340) AND (id <= 2904339))
	              ->  Bitmap Index Scan on sbtest6_pkey  (cost=0.00..33.82 rows=938 width=0)
	                    Index Cond: ((id >= 2903340) AND (id <= 2904339))

table 7 : explain SELECT DISTINCT c FROM sbtest7 WHERE id BETWEEN 9466867 AND 9467866 ORDER BY c
	Unique  (cost=4236.60..4242.01 rows=1082 width=121)
	  ->  Sort  (cost=4236.60..4239.30 rows=1082 width=121)
	        Sort Key: c
	        ->  Bitmap Heap Scan on sbtest7  (cost=35.53..4182.07 rows=1082 width=121)
	              Recheck Cond: ((id >= 9466867) AND (id <= 9467866))
	              ->  Bitmap Index Scan on sbtest7_pkey  (cost=0.00..35.26 rows=1082 width=0)
	                    Index Cond: ((id >= 9466867) AND (id <= 9467866))

table 8 : explain SELECT DISTINCT c FROM sbtest8 WHERE id BETWEEN 884287 AND 885286 ORDER BY c
	Unique  (cost=3675.32..3679.99 rows=935 width=121)
	  ->  Sort  (cost=3675.32..3677.66 rows=935 width=121)
	        Sort Key: c
	        ->  Bitmap Heap Scan on sbtest8  (cost=34.02..3629.18 rows=935 width=121)
	              Recheck Cond: ((id >= 884287) AND (id <= 885286))
	              ->  Bitmap Index Scan on sbtest8_pkey  (cost=0.00..33.79 rows=935 width=0)
	                    Index Cond: ((id >= 884287) AND (id <= 885286))

explain: for point_selects :: explain SELECT c FROM sbtest%u WHERE id=%u
for point_selects
table 1 : explain SELECT c FROM sbtest1 WHERE id=6547131
	Index Scan using sbtest1_pkey on sbtest1  (cost=0.43..8.45 rows=1 width=121)
	  Index Cond: (id = 6547131)

table 2 : explain SELECT c FROM sbtest2 WHERE id=1964751
	Index Scan using sbtest2_pkey on sbtest2  (cost=0.43..8.45 rows=1 width=121)
	  Index Cond: (id = 1964751)

table 3 : explain SELECT c FROM sbtest3 WHERE id=679369
	Index Scan using sbtest3_pkey on sbtest3  (cost=0.43..8.45 rows=1 width=121)
	  Index Cond: (id = 679369)

table 4 : explain SELECT c FROM sbtest4 WHERE id=2179095
	Index Scan using sbtest4_pkey on sbtest4  (cost=0.43..8.45 rows=1 width=121)
	  Index Cond: (id = 2179095)

table 5 : explain SELECT c FROM sbtest5 WHERE id=6804470
	Index Scan using sbtest5_pkey on sbtest5  (cost=0.43..8.45 rows=1 width=121)
	  Index Cond: (id = 6804470)

table 6 : explain SELECT c FROM sbtest6 WHERE id=9374258
	Index Scan using sbtest6_pkey on sbtest6  (cost=0.43..8.45 rows=1 width=121)
	  Index Cond: (id = 9374258)

table 7 : explain SELECT c FROM sbtest7 WHERE id=7236568
	Index Scan using sbtest7_pkey on sbtest7  (cost=0.43..8.45 rows=1 width=121)
	  Index Cond: (id = 7236568)

table 8 : explain SELECT c FROM sbtest8 WHERE id=9139649
	Index Scan using sbtest8_pkey on sbtest8  (cost=0.43..8.45 rows=1 width=121)
	  Index Cond: (id = 9139649)

for: order_ranges
table 1 : explain SELECT c FROM sbtest1 WHERE id BETWEEN 3387665 AND 3388664 ORDER BY c
	Sort  (cost=4076.64..4079.24 rows=1040 width=121)
	  Sort Key: c
	  ->  Bitmap Heap Scan on sbtest1  (cost=35.09..4024.52 rows=1040 width=121)
	        Recheck Cond: ((id >= 3387665) AND (id <= 3388664))
	        ->  Bitmap Index Scan on sbtest1_pkey  (cost=0.00..34.84 rows=1040 width=0)
	              Index Cond: ((id >= 3387665) AND (id <= 3388664))

table 2 : explain SELECT c FROM sbtest2 WHERE id BETWEEN 9123438 AND 9124437 ORDER BY c
	Sort  (cost=4332.93..4335.70 rows=1107 width=121)
	  Sort Key: c
	  ->  Bitmap Heap Scan on sbtest2  (cost=35.78..4276.96 rows=1107 width=121)
	        Recheck Cond: ((id >= 9123438) AND (id <= 9124437))
	        ->  Bitmap Index Scan on sbtest2_pkey  (cost=0.00..35.51 rows=1107 width=0)
	              Index Cond: ((id >= 9123438) AND (id <= 9124437))

table 3 : explain SELECT c FROM sbtest3 WHERE id BETWEEN 3806117 AND 3807116 ORDER BY c
	Sort  (cost=4146.42..4149.06 rows=1058 width=121)
	  Sort Key: c
	  ->  Bitmap Heap Scan on sbtest3  (cost=35.28..4093.27 rows=1058 width=121)
	        Recheck Cond: ((id >= 3806117) AND (id <= 3807116))
	        ->  Bitmap Index Scan on sbtest3_pkey  (cost=0.00..35.02 rows=1058 width=0)
	              Index Cond: ((id >= 3806117) AND (id <= 3807116))

table 4 : explain SELECT c FROM sbtest4 WHERE id BETWEEN 8542725 AND 8543724 ORDER BY c
	Sort  (cost=4019.66..4022.22 rows=1023 width=121)
	  Sort Key: c
	  ->  Bitmap Heap Scan on sbtest4  (cost=34.92..3968.52 rows=1023 width=121)
	        Recheck Cond: ((id >= 8542725) AND (id <= 8543724))
	        ->  Bitmap Index Scan on sbtest4_pkey  (cost=0.00..34.67 rows=1023 width=0)
	              Index Cond: ((id >= 8542725) AND (id <= 8543724))

table 5 : explain SELECT c FROM sbtest5 WHERE id BETWEEN 9749276 AND 9750275 ORDER BY c
	Sort  (cost=3527.93..3530.17 rows=896 width=121)
	  Sort Key: c
	  ->  Bitmap Heap Scan on sbtest5  (cost=29.62..3483.99 rows=896 width=121)
	        Recheck Cond: ((id >= 9749276) AND (id <= 9750275))
	        ->  Bitmap Index Scan on sbtest5_pkey  (cost=0.00..29.39 rows=896 width=0)
	              Index Cond: ((id >= 9749276) AND (id <= 9750275))

table 6 : explain SELECT c FROM sbtest6 WHERE id BETWEEN 2801011 AND 2802010 ORDER BY c
	Sort  (cost=3963.62..3966.15 rows=1010 width=121)
	  Sort Key: c
	  ->  Bitmap Heap Scan on sbtest6  (cost=34.79..3913.22 rows=1010 width=121)
	        Recheck Cond: ((id >= 2801011) AND (id <= 2802010))
	        ->  Bitmap Index Scan on sbtest6_pkey  (cost=0.00..34.54 rows=1010 width=0)
	              Index Cond: ((id >= 2801011) AND (id <= 2802010))

table 7 : explain SELECT c FROM sbtest7 WHERE id BETWEEN 7131225 AND 7132224 ORDER BY c
	Sort  (cost=4332.18..4334.95 rows=1107 width=121)
	  Sort Key: c
	  ->  Bitmap Heap Scan on sbtest7  (cost=39.78..4276.21 rows=1107 width=121)
	        Recheck Cond: ((id >= 7131225) AND (id <= 7132224))
	        ->  Bitmap Index Scan on sbtest7_pkey  (cost=0.00..39.51 rows=1107 width=0)
	              Index Cond: ((id >= 7131225) AND (id <= 7132224))

table 8 : explain SELECT c FROM sbtest8 WHERE id BETWEEN 6063875 AND 6064874 ORDER BY c
	Sort  (cost=3878.30..3880.77 rows=988 width=121)
	  Sort Key: c
	  ->  Bitmap Heap Scan on sbtest8  (cost=34.56..3829.15 rows=988 width=121)
	        Recheck Cond: ((id >= 6063875) AND (id <= 6064874))
	        ->  Bitmap Index Scan on sbtest8_pkey  (cost=0.00..34.32 rows=988 width=0)
	              Index Cond: ((id >= 6063875) AND (id <= 6064874))

for: order_ranges
table 1 : explain SELECT c FROM sbtest1 WHERE id BETWEEN 2328905 AND 2329904 ORDER BY c
	Sort  (cost=4069.00..4071.59 rows=1038 width=121)
	  Sort Key: c
	  ->  Bitmap Heap Scan on sbtest1  (cost=35.07..4017.00 rows=1038 width=121)
	        Recheck Cond: ((id >= 2328905) AND (id <= 2329904))
	        ->  Bitmap Index Scan on sbtest1_pkey  (cost=0.00..34.82 rows=1038 width=0)
	              Index Cond: ((id >= 2328905) AND (id <= 2329904))

table 2 : explain SELECT c FROM sbtest2 WHERE id BETWEEN 7336223 AND 7337222 ORDER BY c
	Sort  (cost=3583.22..3585.50 rows=912 width=121)
	  Sort Key: c
	  ->  Bitmap Heap Scan on sbtest2  (cost=29.78..3538.38 rows=912 width=121)
	        Recheck Cond: ((id >= 7336223) AND (id <= 7337222))
	        ->  Bitmap Index Scan on sbtest2_pkey  (cost=0.00..29.55 rows=912 width=0)
	              Index Cond: ((id >= 7336223) AND (id <= 7337222))

table 3 : explain SELECT c FROM sbtest3 WHERE id BETWEEN 4976006 AND 4977005 ORDER BY c
	Sort  (cost=4062.37..4064.96 rows=1036 width=121)
	  Sort Key: c
	  ->  Bitmap Heap Scan on sbtest3  (cost=35.05..4010.49 rows=1036 width=121)
	        Recheck Cond: ((id >= 4976006) AND (id <= 4977005))
	        ->  Bitmap Index Scan on sbtest3_pkey  (cost=0.00..34.80 rows=1036 width=0)
	              Index Cond: ((id >= 4976006) AND (id <= 4977005))

table 4 : explain SELECT c FROM sbtest4 WHERE id BETWEEN 2471252 AND 2472251 ORDER BY c
	Sort  (cost=3824.01..3826.44 rows=972 width=121)
	  Sort Key: c
	  ->  Bitmap Heap Scan on sbtest4  (cost=34.40..3775.78 rows=972 width=121)
	        Recheck Cond: ((id >= 2471252) AND (id <= 2472251))
	        ->  Bitmap Index Scan on sbtest4_pkey  (cost=0.00..34.16 rows=972 width=0)
	              Index Cond: ((id >= 2471252) AND (id <= 2472251))

table 5 : explain SELECT c FROM sbtest5 WHERE id BETWEEN 2387664 AND 2388663 ORDER BY c
	Sort  (cost=3900.82..3903.30 rows=992 width=121)
	  Sort Key: c
	  ->  Bitmap Heap Scan on sbtest5  (cost=34.60..3851.45 rows=992 width=121)
	        Recheck Cond: ((id >= 2387664) AND (id <= 2388663))
	        ->  Bitmap Index Scan on sbtest5_pkey  (cost=0.00..34.36 rows=992 width=0)
	              Index Cond: ((id >= 2387664) AND (id <= 2388663))

table 6 : explain SELECT c FROM sbtest6 WHERE id BETWEEN 3882711 AND 3883710 ORDER BY c
	Sort  (cost=3737.70..3740.08 rows=951 width=121)
	  Sort Key: c
	  ->  Bitmap Heap Scan on sbtest6  (cost=34.18..3690.66 rows=951 width=121)
	        Recheck Cond: ((id >= 3882711) AND (id <= 3883710))
	        ->  Bitmap Index Scan on sbtest6_pkey  (cost=0.00..33.95 rows=951 width=0)
	              Index Cond: ((id >= 3882711) AND (id <= 3883710))

table 7 : explain SELECT c FROM sbtest7 WHERE id BETWEEN 3099819 AND 3100818 ORDER BY c
	Sort  (cost=3785.70..3788.11 rows=964 width=121)
	  Sort Key: c
	  ->  Bitmap Heap Scan on sbtest7  (cost=34.32..3737.92 rows=964 width=121)
	        Recheck Cond: ((id >= 3099819) AND (id <= 3100818))
	        ->  Bitmap Index Scan on sbtest7_pkey  (cost=0.00..34.08 rows=964 width=0)
	              Index Cond: ((id >= 3099819) AND (id <= 3100818))

table 8 : explain SELECT c FROM sbtest8 WHERE id BETWEEN 3684900 AND 3685899 ORDER BY c
	Sort  (cost=4168.77..4171.43 rows=1064 width=121)
	  Sort Key: c
	  ->  Bitmap Heap Scan on sbtest8  (cost=35.34..4115.27 rows=1064 width=121)
	        Recheck Cond: ((id >= 3684900) AND (id <= 3685899))
	        ->  Bitmap Index Scan on sbtest8_pkey  (cost=0.00..35.08 rows=1064 width=0)
	              Index Cond: ((id >= 3684900) AND (id <= 3685899))

for: simple_ranges
table 1 : explain SELECT c FROM sbtest1 WHERE id BETWEEN 4742371 AND 4743370
	Bitmap Heap Scan on sbtest1  (cost=30.14..3670.08 rows=947 width=121)
	  Recheck Cond: ((id >= 4742371) AND (id <= 4743370))
	  ->  Bitmap Index Scan on sbtest1_pkey  (cost=0.00..29.90 rows=947 width=0)
	        Index Cond: ((id >= 4742371) AND (id <= 4743370))

table 2 : explain SELECT c FROM sbtest2 WHERE id BETWEEN 8758145 AND 8759144
	Bitmap Heap Scan on sbtest2  (cost=34.39..3765.15 rows=971 width=121)
	  Recheck Cond: ((id >= 8758145) AND (id <= 8759144))
	  ->  Bitmap Index Scan on sbtest2_pkey  (cost=0.00..34.15 rows=971 width=0)
	        Index Cond: ((id >= 8758145) AND (id <= 8759144))

table 3 : explain SELECT c FROM sbtest3 WHERE id BETWEEN 3573832 AND 3574831
	Bitmap Heap Scan on sbtest3  (cost=34.65..3863.59 rows=997 width=121)
	  Recheck Cond: ((id >= 3573832) AND (id <= 3574831))
	  ->  Bitmap Index Scan on sbtest3_pkey  (cost=0.00..34.41 rows=997 width=0)
	        Index Cond: ((id >= 3573832) AND (id <= 3574831))

table 4 : explain SELECT c FROM sbtest4 WHERE id BETWEEN 9880462 AND 9881461
	Bitmap Heap Scan on sbtest4  (cost=34.25..3722.81 rows=958 width=121)
	  Recheck Cond: ((id >= 9880462) AND (id <= 9881461))
	  ->  Bitmap Index Scan on sbtest4_pkey  (cost=0.00..34.02 rows=958 width=0)
	        Index Cond: ((id >= 9880462) AND (id <= 9881461))

table 5 : explain SELECT c FROM sbtest5 WHERE id BETWEEN 9485062 AND 9486061
	Bitmap Heap Scan on sbtest5  (cost=34.01..3632.00 rows=934 width=121)
	  Recheck Cond: ((id >= 9485062) AND (id <= 9486061))
	  ->  Bitmap Index Scan on sbtest5_pkey  (cost=0.00..33.78 rows=934 width=0)
	        Index Cond: ((id >= 9485062) AND (id <= 9486061))

table 6 : explain SELECT c FROM sbtest6 WHERE id BETWEEN 5592523 AND 5593522
	Bitmap Heap Scan on sbtest6  (cost=34.84..3932.06 rows=1015 width=121)
	  Recheck Cond: ((id >= 5592523) AND (id <= 5593522))
	  ->  Bitmap Index Scan on sbtest6_pkey  (cost=0.00..34.59 rows=1015 width=0)
	        Index Cond: ((id >= 5592523) AND (id <= 5593522))

table 7 : explain SELECT c FROM sbtest7 WHERE id BETWEEN 7367174 AND 7368173
	Bitmap Heap Scan on sbtest7  (cost=34.50..3805.79 rows=982 width=121)
	  Recheck Cond: ((id >= 7367174) AND (id <= 7368173))
	  ->  Bitmap Index Scan on sbtest7_pkey  (cost=0.00..34.26 rows=982 width=0)
	        Index Cond: ((id >= 7367174) AND (id <= 7368173))

table 8 : explain SELECT c FROM sbtest8 WHERE id BETWEEN 192250 AND 193249
	Bitmap Heap Scan on sbtest8  (cost=34.76..3900.75 rows=1007 width=121)
	  Recheck Cond: ((id >= 192250) AND (id <= 193249))
	  ->  Bitmap Index Scan on sbtest8_pkey  (cost=0.00..34.51 rows=1007 width=0)
	        Index Cond: ((id >= 192250) AND (id <= 193249))

explain: for point_selects :: explain SELECT c FROM sbtest%u WHERE id=%u
explain: for point_selects :: explain SELECT c FROM sbtest%u WHERE id=%u
for: simple_ranges
table 1 : explain SELECT c FROM sbtest1 WHERE id BETWEEN 4576712 AND 4577711
	Bitmap Heap Scan on sbtest1  (cost=35.44..4152.37 rows=1074 width=121)
	  Recheck Cond: ((id >= 4576712) AND (id <= 4577711))
	  ->  Bitmap Index Scan on sbtest1_pkey  (cost=0.00..35.18 rows=1074 width=0)
	        Index Cond: ((id >= 4576712) AND (id <= 4577711))

table 2 : explain SELECT c FROM sbtest2 WHERE id BETWEEN 410007 AND 411006
	Bitmap Heap Scan on sbtest2  (cost=29.98..3610.17 rows=931 width=121)
	  Recheck Cond: ((id >= 410007) AND (id <= 411006))
	  ->  Bitmap Index Scan on sbtest2_pkey  (cost=0.00..29.75 rows=931 width=0)
	        Index Cond: ((id >= 410007) AND (id <= 411006))

table 3 : explain SELECT c FROM sbtest3 WHERE id BETWEEN 5006141 AND 5007140
	Bitmap Heap Scan on sbtest3  (cost=35.05..4010.49 rows=1036 width=121)
	  Recheck Cond: ((id >= 5006141) AND (id <= 5007140))
	  ->  Bitmap Index Scan on sbtest3_pkey  (cost=0.00..34.80 rows=1036 width=0)
	        Index Cond: ((id >= 5006141) AND (id <= 5007140))

table 4 : explain SELECT c FROM sbtest4 WHERE id BETWEEN 943583 AND 944582
	Bitmap Heap Scan on sbtest4  (cost=29.67..3502.91 rows=901 width=121)
	  Recheck Cond: ((id >= 943583) AND (id <= 944582))
	  ->  Bitmap Index Scan on sbtest4_pkey  (cost=0.00..29.44 rows=901 width=0)
	        Index Cond: ((id >= 943583) AND (id <= 944582))

table 5 : explain SELECT c FROM sbtest5 WHERE id BETWEEN 4590905 AND 4591904
	Bitmap Heap Scan on sbtest5  (cost=34.32..3745.56 rows=964 width=121)
	  Recheck Cond: ((id >= 4590905) AND (id <= 4591904))
	  ->  Bitmap Index Scan on sbtest5_pkey  (cost=0.00..34.08 rows=964 width=0)
	        Index Cond: ((id >= 4590905) AND (id <= 4591904))

table 6 : explain SELECT c FROM sbtest6 WHERE id BETWEEN 9811740 AND 9812739
	Bitmap Heap Scan on sbtest6  (cost=40.52..4548.60 rows=1179 width=121)
	  Recheck Cond: ((id >= 9811740) AND (id <= 9812739))
	  ->  Bitmap Index Scan on sbtest6_pkey  (cost=0.00..40.23 rows=1179 width=0)
	        Index Cond: ((id >= 9811740) AND (id <= 9812739))

table 7 : explain SELECT c FROM sbtest7 WHERE id BETWEEN 5842456 AND 5843455
	Bitmap Heap Scan on sbtest7  (cost=34.37..3756.77 rows=969 width=121)
	  Recheck Cond: ((id >= 5842456) AND (id <= 5843455))
	  ->  Bitmap Index Scan on sbtest7_pkey  (cost=0.00..34.12 rows=969 width=0)
	        Index Cond: ((id >= 5842456) AND (id <= 5843455))

table 8 : explain SELECT c FROM sbtest8 WHERE id BETWEEN 8948660 AND 8949659
	Bitmap Heap Scan on sbtest8  (cost=35.41..4141.59 rows=1071 width=121)
	  Recheck Cond: ((id >= 8948660) AND (id <= 8949659))
	  ->  Bitmap Index Scan on sbtest8_pkey  (cost=0.00..35.15 rows=1071 width=0)
	        Index Cond: ((id >= 8948660) AND (id <= 8949659))

for: sum_ranges
table 1 : explain SELECT SUM(k) FROM sbtest1 WHERE id BETWEEN 2502001 AND 2503000
	Aggregate  (cost=4023.36..4023.37 rows=1 width=8)
	  ->  Bitmap Heap Scan on sbtest1  (cost=35.08..4020.76 rows=1039 width=4)
	        Recheck Cond: ((id >= 2502001) AND (id <= 2503000))
	        ->  Bitmap Index Scan on sbtest1_pkey  (cost=0.00..34.83 rows=1039 width=0)
	              Index Cond: ((id >= 2502001) AND (id <= 2503000))

table 2 : explain SELECT SUM(k) FROM sbtest2 WHERE id BETWEEN 7962903 AND 7963902
	Aggregate  (cost=3703.40..3703.41 rows=1 width=8)
	  ->  Bitmap Heap Scan on sbtest2  (cost=34.21..3701.01 rows=954 width=4)
	        Recheck Cond: ((id >= 7962903) AND (id <= 7963902))
	        ->  Bitmap Index Scan on sbtest2_pkey  (cost=0.00..33.98 rows=954 width=0)
	              Index Cond: ((id >= 7962903) AND (id <= 7963902))

table 3 : explain SELECT SUM(k) FROM sbtest3 WHERE id BETWEEN 501570 AND 502569
	Aggregate  (cost=3764.20..3764.21 rows=1 width=8)
	  ->  Bitmap Heap Scan on sbtest3  (cost=34.38..3761.77 rows=970 width=4)
	        Recheck Cond: ((id >= 501570) AND (id <= 502569))
	        ->  Bitmap Index Scan on sbtest3_pkey  (cost=0.00..34.14 rows=970 width=0)
	              Index Cond: ((id >= 501570) AND (id <= 502569))

table 4 : explain SELECT SUM(k) FROM sbtest4 WHERE id BETWEEN 9616139 AND 9617138
	Aggregate  (cost=3706.27..3706.28 rows=1 width=8)
	  ->  Bitmap Heap Scan on sbtest4  (cost=34.20..3703.89 rows=953 width=4)
	        Recheck Cond: ((id >= 9616139) AND (id <= 9617138))
	        ->  Bitmap Index Scan on sbtest4_pkey  (cost=0.00..33.97 rows=953 width=0)
	              Index Cond: ((id >= 9616139) AND (id <= 9617138))

table 5 : explain SELECT SUM(k) FROM sbtest5 WHERE id BETWEEN 5378601 AND 5379600
	Aggregate  (cost=3857.71..3857.72 rows=1 width=8)
	  ->  Bitmap Heap Scan on sbtest5  (cost=34.61..3855.23 rows=993 width=4)
	        Recheck Cond: ((id >= 5378601) AND (id <= 5379600))
	        ->  Bitmap Index Scan on sbtest5_pkey  (cost=0.00..34.37 rows=993 width=0)
	              Index Cond: ((id >= 5378601) AND (id <= 5379600))

table 6 : explain SELECT SUM(k) FROM sbtest6 WHERE id BETWEEN 625248 AND 626247
	Aggregate  (cost=3802.56..3802.57 rows=1 width=8)
	  ->  Bitmap Heap Scan on sbtest6  (cost=34.48..3800.11 rows=980 width=4)
	        Recheck Cond: ((id >= 625248) AND (id <= 626247))
	        ->  Bitmap Index Scan on sbtest6_pkey  (cost=0.00..34.23 rows=980 width=0)
	              Index Cond: ((id >= 625248) AND (id <= 626247))

table 7 : explain SELECT SUM(k) FROM sbtest7 WHERE id BETWEEN 1403916 AND 1404915
	Aggregate  (cost=4320.29..4320.30 rows=1 width=8)
	  ->  Bitmap Heap Scan on sbtest7  (cost=39.89..4317.49 rows=1118 width=4)
	        Recheck Cond: ((id >= 1403916) AND (id <= 1404915))
	        ->  Bitmap Index Scan on sbtest7_pkey  (cost=0.00..39.62 rows=1118 width=0)
	              Index Cond: ((id >= 1403916) AND (id <= 1404915))

table 8 : explain SELECT SUM(k) FROM sbtest8 WHERE id BETWEEN 9567181 AND 9568180
	Aggregate  (cost=3959.80..3959.81 rows=1 width=8)
	  ->  Bitmap Heap Scan on sbtest8  (cost=34.91..3957.25 rows=1022 width=4)
	        Recheck Cond: ((id >= 9567181) AND (id <= 9568180))
	        ->  Bitmap Index Scan on sbtest8_pkey  (cost=0.00..34.66 rows=1022 width=0)
	              Index Cond: ((id >= 9567181) AND (id <= 9568180))

for: simple_ranges
table 1 : explain SELECT c FROM sbtest1 WHERE id BETWEEN 7342858 AND 7343857
	Bitmap Heap Scan on sbtest1  (cost=34.50..3806.10 rows=982 width=121)
	  Recheck Cond: ((id >= 7342858) AND (id <= 7343857))
	  ->  Bitmap Index Scan on sbtest1_pkey  (cost=0.00..34.26 rows=982 width=0)
	        Index Cond: ((id >= 7342858) AND (id <= 7343857))

table 2 : explain SELECT c FROM sbtest2 WHERE id BETWEEN 485607 AND 486606
	Bitmap Heap Scan on sbtest2  (cost=29.98..3610.17 rows=931 width=121)
	  Recheck Cond: ((id >= 485607) AND (id <= 486606))
	  ->  Bitmap Index Scan on sbtest2_pkey  (cost=0.00..29.75 rows=931 width=0)
	        Index Cond: ((id >= 485607) AND (id <= 486606))

table 3 : explain SELECT c FROM sbtest3 WHERE id BETWEEN 9498431 AND 9499430
	Bitmap Heap Scan on sbtest3  (cost=35.79..4281.19 rows=1108 width=121)
	  Recheck Cond: ((id >= 9498431) AND (id <= 9499430))
	  ->  Bitmap Index Scan on sbtest3_pkey  (cost=0.00..35.52 rows=1108 width=0)
	        Index Cond: ((id >= 9498431) AND (id <= 9499430))

table 4 : explain SELECT c FROM sbtest4 WHERE id BETWEEN 3034813 AND 3035812
	Bitmap Heap Scan on sbtest4  (cost=34.66..3874.08 rows=998 width=121)
	  Recheck Cond: ((id >= 3034813) AND (id <= 3035812))
	  ->  Bitmap Index Scan on sbtest4_pkey  (cost=0.00..34.42 rows=998 width=0)
	        Index Cond: ((id >= 3034813) AND (id <= 3035812))

table 5 : explain SELECT c FROM sbtest5 WHERE id BETWEEN 7493980 AND 7494979
	Bitmap Heap Scan on sbtest5  (cost=34.33..3749.34 rows=965 width=121)
	  Recheck Cond: ((id >= 7493980) AND (id <= 7494979))
	  ->  Bitmap Index Scan on sbtest5_pkey  (cost=0.00..34.09 rows=965 width=0)
	        Index Cond: ((id >= 7493980) AND (id <= 7494979))

table 6 : explain SELECT c FROM sbtest6 WHERE id BETWEEN 321990 AND 322989
	Bitmap Heap Scan on sbtest6  (cost=34.91..3958.43 rows=1022 width=121)
	  Recheck Cond: ((id >= 321990) AND (id <= 322989))
	  ->  Bitmap Index Scan on sbtest6_pkey  (cost=0.00..34.66 rows=1022 width=0)
	        Index Cond: ((id >= 321990) AND (id <= 322989))

table 7 : explain SELECT c FROM sbtest7 WHERE id BETWEEN 5506315 AND 5507314
	Bitmap Heap Scan on sbtest7  (cost=35.48..4167.04 rows=1078 width=121)
	  Recheck Cond: ((id >= 5506315) AND (id <= 5507314))
	  ->  Bitmap Index Scan on sbtest7_pkey  (cost=0.00..35.22 rows=1078 width=0)
	        Index Cond: ((id >= 5506315) AND (id <= 5507314))

table 8 : explain SELECT c FROM sbtest8 WHERE id BETWEEN 3438970 AND 3439969
	Bitmap Heap Scan on sbtest8  (cost=29.73..3519.39 rows=907 width=121)
	  Recheck Cond: ((id >= 3438970) AND (id <= 3439969))
	  ->  Bitmap Index Scan on sbtest8_pkey  (cost=0.00..29.50 rows=907 width=0)
	        Index Cond: ((id >= 3438970) AND (id <= 3439969))

for point_selects
table 1 : explain SELECT c FROM sbtest1 WHERE id=7665707
	Index Scan using sbtest1_pkey on sbtest1  (cost=0.43..8.45 rows=1 width=121)
	  Index Cond: (id = 7665707)

table 2 : explain SELECT c FROM sbtest2 WHERE id=7593932
	Index Scan using sbtest2_pkey on sbtest2  (cost=0.43..8.45 rows=1 width=121)
	  Index Cond: (id = 7593932)

table 3 : explain SELECT c FROM sbtest3 WHERE id=4450131
	Index Scan using sbtest3_pkey on sbtest3  (cost=0.43..8.45 rows=1 width=121)
	  Index Cond: (id = 4450131)

table 4 : explain SELECT c FROM sbtest4 WHERE id=2928183
	Index Scan using sbtest4_pkey on sbtest4  (cost=0.43..8.45 rows=1 width=121)
	  Index Cond: (id = 2928183)

table 5 : explain SELECT c FROM sbtest5 WHERE id=5069409
	Index Scan using sbtest5_pkey on sbtest5  (cost=0.43..8.45 rows=1 width=121)
	  Index Cond: (id = 5069409)

table 6 : explain SELECT c FROM sbtest6 WHERE id=5895655
	Index Scan using sbtest6_pkey on sbtest6  (cost=0.43..8.45 rows=1 width=121)
	  Index Cond: (id = 5895655)

table 7 : explain SELECT c FROM sbtest7 WHERE id=1494399
	Index Scan using sbtest7_pkey on sbtest7  (cost=0.43..8.45 rows=1 width=121)
	  Index Cond: (id = 1494399)

table 8 : explain SELECT c FROM sbtest8 WHERE id=4653455
	Index Scan using sbtest8_pkey on sbtest8  (cost=0.43..8.45 rows=1 width=121)
	  Index Cond: (id = 4653455)

for: distinct_ranges
table 1 : explain SELECT DISTINCT c FROM sbtest1 WHERE id BETWEEN 3256901 AND 3257900 ORDER BY c
	Unique  (cost=3743.88..3748.64 rows=953 width=121)
	  ->  Sort  (cost=3743.88..3746.26 rows=953 width=121)
	        Sort Key: c
	        ->  Bitmap Heap Scan on sbtest1  (cost=34.20..3696.72 rows=953 width=121)
	              Recheck Cond: ((id >= 3256901) AND (id <= 3257900))
	              ->  Bitmap Index Scan on sbtest1_pkey  (cost=0.00..33.97 rows=953 width=0)
	                    Index Cond: ((id >= 3256901) AND (id <= 3257900))

table 2 : explain SELECT DISTINCT c FROM sbtest2 WHERE id BETWEEN 2420647 AND 2421646 ORDER BY c
	Unique  (cost=4054.30..4059.47 rows=1034 width=121)
	  ->  Sort  (cost=4054.30..4056.89 rows=1034 width=121)
	        Sort Key: c
	        ->  Bitmap Heap Scan on sbtest2  (cost=35.03..4002.53 rows=1034 width=121)
	              Recheck Cond: ((id >= 2420647) AND (id <= 2421646))
	              ->  Bitmap Index Scan on sbtest2_pkey  (cost=0.00..34.78 rows=1034 width=0)
	                    Index Cond: ((id >= 2420647) AND (id <= 2421646))

table 3 : explain SELECT DISTINCT c FROM sbtest3 WHERE id BETWEEN 2230923 AND 2231922 ORDER BY c
	Unique  (cost=3464.57..3468.98 rows=881 width=121)
	  ->  Sort  (cost=3464.57..3466.77 rows=881 width=121)
	        Sort Key: c
	        ->  Bitmap Heap Scan on sbtest3  (cost=29.47..3421.48 rows=881 width=121)
	              Recheck Cond: ((id >= 2230923) AND (id <= 2231922))
	              ->  Bitmap Index Scan on sbtest3_pkey  (cost=0.00..29.25 rows=881 width=0)
	                    Index Cond: ((id >= 2230923) AND (id <= 2231922))

table 4 : explain SELECT DISTINCT c FROM sbtest4 WHERE id BETWEEN 8686409 AND 8687408 ORDER BY c
	Unique  (cost=3824.01..3828.87 rows=972 width=121)
	  ->  Sort  (cost=3824.01..3826.44 rows=972 width=121)
	        Sort Key: c
	        ->  Bitmap Heap Scan on sbtest4  (cost=34.40..3775.78 rows=972 width=121)
	              Recheck Cond: ((id >= 8686409) AND (id <= 8687408))
	              ->  Bitmap Index Scan on sbtest4_pkey  (cost=0.00..34.16 rows=972 width=0)
	                    Index Cond: ((id >= 8686409) AND (id <= 8687408))

table 5 : explain SELECT DISTINCT c FROM sbtest5 WHERE id BETWEEN 1971286 AND 1972285 ORDER BY c
	Unique  (cost=3816.38..3821.23 rows=970 width=121)
	  ->  Sort  (cost=3816.38..3818.81 rows=970 width=121)
	        Sort Key: c
	        ->  Bitmap Heap Scan on sbtest5  (cost=34.38..3768.26 rows=970 width=121)
	              Recheck Cond: ((id >= 1971286) AND (id <= 1972285))
	              ->  Bitmap Index Scan on sbtest5_pkey  (cost=0.00..34.14 rows=970 width=0)
	                    Index Cond: ((id >= 1971286) AND (id <= 1972285))

table 6 : explain SELECT DISTINCT c FROM sbtest6 WHERE id BETWEEN 9047301 AND 9048300 ORDER BY c
	Unique  (cost=4120.37..4125.62 rows=1051 width=121)
	  ->  Sort  (cost=4120.37..4123.00 rows=1051 width=121)
	        Sort Key: c
	        ->  Bitmap Heap Scan on sbtest6  (cost=35.21..4067.62 rows=1051 width=121)
	              Recheck Cond: ((id >= 9047301) AND (id <= 9048300))
	              ->  Bitmap Index Scan on sbtest6_pkey  (cost=0.00..34.95 rows=1051 width=0)
	                    Index Cond: ((id >= 9047301) AND (id <= 9048300))

table 7 : explain SELECT DISTINCT c FROM sbtest7 WHERE id BETWEEN 5968252 AND 5969251 ORDER BY c
	Unique  (cost=3827.80..3832.68 rows=975 width=121)
	  ->  Sort  (cost=3827.80..3830.24 rows=975 width=121)
	        Sort Key: c
	        ->  Bitmap Heap Scan on sbtest7  (cost=34.43..3779.40 rows=975 width=121)
	              Recheck Cond: ((id >= 5968252) AND (id <= 5969251))
	              ->  Bitmap Index Scan on sbtest7_pkey  (cost=0.00..34.19 rows=975 width=0)
	                    Index Cond: ((id >= 5968252) AND (id <= 5969251))

table 8 : explain SELECT DISTINCT c FROM sbtest8 WHERE id BETWEEN 5696035 AND 5697034 ORDER BY c
	Unique  (cost=3840.03..3844.92 rows=978 width=121)
	  ->  Sort  (cost=3840.03..3842.47 rows=978 width=121)
	        Sort Key: c
	        ->  Bitmap Heap Scan on sbtest8  (cost=34.46..3791.45 rows=978 width=121)
	              Recheck Cond: ((id >= 5696035) AND (id <= 5697034))
	              ->  Bitmap Index Scan on sbtest8_pkey  (cost=0.00..34.22 rows=978 width=0)
	                    Index Cond: ((id >= 5696035) AND (id <= 5697034))

for: simple_ranges
table 1 : explain SELECT c FROM sbtest1 WHERE id BETWEEN 9359519 AND 9360518
	Bitmap Heap Scan on sbtest1  (cost=34.50..3806.10 rows=982 width=121)
	  Recheck Cond: ((id >= 9359519) AND (id <= 9360518))
	  ->  Bitmap Index Scan on sbtest1_pkey  (cost=0.00..34.26 rows=982 width=0)
	        Index Cond: ((id >= 9359519) AND (id <= 9360518))

table 2 : explain SELECT c FROM sbtest2 WHERE id BETWEEN 5502448 AND 5503447
	Bitmap Heap Scan on sbtest2  (cost=34.92..3961.12 rows=1023 width=121)
	  Recheck Cond: ((id >= 5502448) AND (id <= 5503447))
	  ->  Bitmap Index Scan on sbtest2_pkey  (cost=0.00..34.67 rows=1023 width=0)
	        Index Cond: ((id >= 5502448) AND (id <= 5503447))

table 3 : explain SELECT c FROM sbtest3 WHERE id BETWEEN 5367059 AND 5368058
	Bitmap Heap Scan on sbtest3  (cost=34.11..3663.64 rows=944 width=121)
	  Recheck Cond: ((id >= 5367059) AND (id <= 5368058))
	  ->  Bitmap Index Scan on sbtest3_pkey  (cost=0.00..33.88 rows=944 width=0)
	        Index Cond: ((id >= 5367059) AND (id <= 5368058))

table 4 : explain SELECT c FROM sbtest4 WHERE id BETWEEN 2405321 AND 2406320
	Bitmap Heap Scan on sbtest4  (cost=34.44..3790.90 rows=976 width=121)
	  Recheck Cond: ((id >= 2405321) AND (id <= 2406320))
	  ->  Bitmap Index Scan on sbtest4_pkey  (cost=0.00..34.20 rows=976 width=0)
	        Index Cond: ((id >= 2405321) AND (id <= 2406320))

table 5 : explain SELECT c FROM sbtest5 WHERE id BETWEEN 1069845 AND 1070844
	Bitmap Heap Scan on sbtest5  (cost=34.40..3775.82 rows=972 width=121)
	  Recheck Cond: ((id >= 1069845) AND (id <= 1070844))
	  ->  Bitmap Index Scan on sbtest5_pkey  (cost=0.00..34.16 rows=972 width=0)
	        Index Cond: ((id >= 1069845) AND (id <= 1070844))

table 6 : explain SELECT c FROM sbtest6 WHERE id BETWEEN 8073006 AND 8074005
	Bitmap Heap Scan on sbtest6  (cost=34.61..3849.14 rows=993 width=121)
	  Recheck Cond: ((id >= 8073006) AND (id <= 8074005))
	  ->  Bitmap Index Scan on sbtest6_pkey  (cost=0.00..34.37 rows=993 width=0)
	        Index Cond: ((id >= 8073006) AND (id <= 8074005))

table 7 : explain SELECT c FROM sbtest7 WHERE id BETWEEN 2525390 AND 2526389
	Bitmap Heap Scan on sbtest7  (cost=35.17..4050.51 rows=1047 width=121)
	  Recheck Cond: ((id >= 2525390) AND (id <= 2526389))
	  ->  Bitmap Index Scan on sbtest7_pkey  (cost=0.00..34.91 rows=1047 width=0)
	        Index Cond: ((id >= 2525390) AND (id <= 2526389))

table 8 : explain SELECT c FROM sbtest8 WHERE id BETWEEN 6924048 AND 6925047
	Bitmap Heap Scan on sbtest8  (cost=35.00..3991.13 rows=1031 width=121)
	  Recheck Cond: ((id >= 6924048) AND (id <= 6925047))
	  ->  Bitmap Index Scan on sbtest8_pkey  (cost=0.00..34.75 rows=1031 width=0)
	        Index Cond: ((id >= 6924048) AND (id <= 6925047))

for: sum_ranges
table 1 : explain SELECT SUM(k) FROM sbtest1 WHERE id BETWEEN 9603030 AND 9604029
	Aggregate  (cost=3400.17..3400.18 rows=1 width=8)
	  ->  Bitmap Heap Scan on sbtest1  (cost=29.40..3397.98 rows=875 width=4)
	        Recheck Cond: ((id >= 9603030) AND (id <= 9604029))
	        ->  Bitmap Index Scan on sbtest1_pkey  (cost=0.00..29.18 rows=875 width=0)
	              Index Cond: ((id >= 9603030) AND (id <= 9604029))

table 2 : explain SELECT SUM(k) FROM sbtest2 WHERE id BETWEEN 753311 AND 754310
	Aggregate  (cost=3642.95..3642.96 rows=1 width=8)
	  ->  Bitmap Heap Scan on sbtest2  (cost=34.05..3640.61 rows=938 width=4)
	        Recheck Cond: ((id >= 753311) AND (id <= 754310))
	        ->  Bitmap Index Scan on sbtest2_pkey  (cost=0.00..33.82 rows=938 width=0)
	              Index Cond: ((id >= 753311) AND (id <= 754310))

table 3 : explain SELECT SUM(k) FROM sbtest3 WHERE id BETWEEN 6646648 AND 6647647
	Aggregate  (cost=3647.10..3647.11 rows=1 width=8)
	  ->  Bitmap Heap Scan on sbtest3  (cost=34.06..3644.75 rows=939 width=4)
	        Recheck Cond: ((id >= 6646648) AND (id <= 6647647))
	        ->  Bitmap Index Scan on sbtest3_pkey  (cost=0.00..33.83 rows=939 width=0)
	              Index Cond: ((id >= 6646648) AND (id <= 6647647))

table 4 : explain SELECT SUM(k) FROM sbtest4 WHERE id BETWEEN 8617547 AND 8618546
	Aggregate  (cost=3778.21..3778.22 rows=1 width=8)
	  ->  Bitmap Heap Scan on sbtest4  (cost=34.40..3775.78 rows=972 width=4)
	        Recheck Cond: ((id >= 8617547) AND (id <= 8618546))
	        ->  Bitmap Index Scan on sbtest4_pkey  (cost=0.00..34.16 rows=972 width=0)
	              Index Cond: ((id >= 8617547) AND (id <= 8618546))

table 5 : explain SELECT SUM(k) FROM sbtest5 WHERE id BETWEEN 1719224 AND 1720223
	Aggregate  (cost=3842.58..3842.59 rows=1 width=8)
	  ->  Bitmap Heap Scan on sbtest5  (cost=34.57..3840.11 rows=989 width=4)
	        Recheck Cond: ((id >= 1719224) AND (id <= 1720223))
	        ->  Bitmap Index Scan on sbtest5_pkey  (cost=0.00..34.33 rows=989 width=0)
	              Index Cond: ((id >= 1719224) AND (id <= 1720223))

table 6 : explain SELECT SUM(k) FROM sbtest6 WHERE id BETWEEN 3093902 AND 3094901
	Aggregate  (cost=4367.64..4367.65 rows=1 width=8)
	  ->  Bitmap Heap Scan on sbtest6  (cost=40.02..4364.81 rows=1130 width=4)
	        Recheck Cond: ((id >= 3093902) AND (id <= 3094901))
	        ->  Bitmap Index Scan on sbtest6_pkey  (cost=0.00..39.73 rows=1130 width=0)
	              Index Cond: ((id >= 3093902) AND (id <= 3094901))

table 7 : explain SELECT SUM(k) FROM sbtest7 WHERE id BETWEEN 4219968 AND 4220967
	Aggregate  (cost=3981.60..3981.61 rows=1 width=8)
	  ->  Bitmap Heap Scan on sbtest7  (cost=34.97..3979.03 rows=1028 width=4)
	        Recheck Cond: ((id >= 4219968) AND (id <= 4220967))
	        ->  Bitmap Index Scan on sbtest7_pkey  (cost=0.00..34.72 rows=1028 width=0)
	              Index Cond: ((id >= 4219968) AND (id <= 4220967))

table 8 : explain SELECT SUM(k) FROM sbtest8 WHERE id BETWEEN 4703410 AND 4704409
	Aggregate  (cost=3665.53..3665.54 rows=1 width=8)
	  ->  Bitmap Heap Scan on sbtest8  (cost=34.11..3663.17 rows=944 width=4)
	        Recheck Cond: ((id >= 4703410) AND (id <= 4704409))
	        ->  Bitmap Index Scan on sbtest8_pkey  (cost=0.00..33.88 rows=944 width=0)
	              Index Cond: ((id >= 4703410) AND (id <= 4704409))

for: distinct_ranges
table 1 : explain SELECT DISTINCT c FROM sbtest1 WHERE id BETWEEN 4474215 AND 4475214 ORDER BY c
	Unique  (cost=3877.86..3882.80 rows=988 width=121)
	  ->  Sort  (cost=3877.86..3880.33 rows=988 width=121)
	        Sort Key: c
	        ->  Bitmap Heap Scan on sbtest1  (cost=34.56..3828.71 rows=988 width=121)
	              Recheck Cond: ((id >= 4474215) AND (id <= 4475214))
	              ->  Bitmap Index Scan on sbtest1_pkey  (cost=0.00..34.32 rows=988 width=0)
	                    Index Cond: ((id >= 4474215) AND (id <= 4475214))

table 2 : explain SELECT DISTINCT c FROM sbtest2 WHERE id BETWEEN 1323800 AND 1324799 ORDER BY c
	Unique  (cost=3947.26..3952.29 rows=1006 width=121)
	  ->  Sort  (cost=3947.26..3949.78 rows=1006 width=121)
	        Sort Key: c
	        ->  Bitmap Heap Scan on sbtest2  (cost=34.75..3897.09 rows=1006 width=121)
	              Recheck Cond: ((id >= 1323800) AND (id <= 1324799))
	              ->  Bitmap Index Scan on sbtest2_pkey  (cost=0.00..34.50 rows=1006 width=0)
	                    Index Cond: ((id >= 1323800) AND (id <= 1324799))

table 3 : explain SELECT DISTINCT c FROM sbtest3 WHERE id BETWEEN 8882310 AND 8883309 ORDER BY c
	Unique  (cost=3433.84..3438.21 rows=873 width=121)
	  ->  Sort  (cost=3433.84..3436.02 rows=873 width=121)
	        Sort Key: c
	        ->  Bitmap Heap Scan on sbtest3  (cost=29.38..3391.20 rows=873 width=121)
	              Recheck Cond: ((id >= 8882310) AND (id <= 8883309))
	              ->  Bitmap Index Scan on sbtest3_pkey  (cost=0.00..29.16 rows=873 width=0)
	                    Index Cond: ((id >= 8882310) AND (id <= 8883309))

table 4 : explain SELECT DISTINCT c FROM sbtest4 WHERE id BETWEEN 2907115 AND 2908114 ORDER BY c
	Unique  (cost=3935.30..3940.30 rows=1001 width=121)
	  ->  Sort  (cost=3935.30..3937.80 rows=1001 width=121)
	        Sort Key: c
	        ->  Bitmap Heap Scan on sbtest4  (cost=34.70..3885.41 rows=1001 width=121)
	              Recheck Cond: ((id >= 2907115) AND (id <= 2908114))
	              ->  Bitmap Index Scan on sbtest4_pkey  (cost=0.00..34.45 rows=1001 width=0)
	                    Index Cond: ((id >= 2907115) AND (id <= 2908114))

table 5 : explain SELECT DISTINCT c FROM sbtest5 WHERE id BETWEEN 8759619 AND 8760618 ORDER BY c
	Unique  (cost=4042.71..4047.86 rows=1029 width=121)
	  ->  Sort  (cost=4042.71..4045.28 rows=1029 width=121)
	        Sort Key: c
	        ->  Bitmap Heap Scan on sbtest5  (cost=34.98..3991.22 rows=1029 width=121)
	              Recheck Cond: ((id >= 8759619) AND (id <= 8760618))
	              ->  Bitmap Index Scan on sbtest5_pkey  (cost=0.00..34.73 rows=1029 width=0)
	                    Index Cond: ((id >= 8759619) AND (id <= 8760618))

table 6 : explain SELECT DISTINCT c FROM sbtest6 WHERE id BETWEEN 4066277 AND 4067276 ORDER BY c
	Unique  (cost=3710.87..3715.59 rows=944 width=121)
	  ->  Sort  (cost=3710.87..3713.23 rows=944 width=121)
	        Sort Key: c
	        ->  Bitmap Heap Scan on sbtest6  (cost=34.11..3664.22 rows=944 width=121)
	              Recheck Cond: ((id >= 4066277) AND (id <= 4067276))
	              ->  Bitmap Index Scan on sbtest6_pkey  (cost=0.00..33.88 rows=944 width=0)
	                    Index Cond: ((id >= 4066277) AND (id <= 4067276))

table 7 : explain SELECT DISTINCT c FROM sbtest7 WHERE id BETWEEN 3902895 AND 3903894 ORDER BY c
	Unique  (cost=3647.80..3652.44 rows=928 width=121)
	  ->  Sort  (cost=3647.80..3650.12 rows=928 width=121)
	        Sort Key: c
	        ->  Bitmap Heap Scan on sbtest7  (cost=33.95..3602.06 rows=928 width=121)
	              Recheck Cond: ((id >= 3902895) AND (id <= 3903894))
	              ->  Bitmap Index Scan on sbtest7_pkey  (cost=0.00..33.72 rows=928 width=0)
	                    Index Cond: ((id >= 3902895) AND (id <= 3903894))

table 8 : explain SELECT DISTINCT c FROM sbtest8 WHERE id BETWEEN 5289689 AND 5290688 ORDER BY c
	Unique  (cost=4119.13..4124.39 rows=1051 width=121)
	  ->  Sort  (cost=4119.13..4121.76 rows=1051 width=121)
	        Sort Key: c
	        ->  Bitmap Heap Scan on sbtest8  (cost=35.21..4066.38 rows=1051 width=121)
	              Recheck Cond: ((id >= 5289689) AND (id <= 5290688))
	              ->  Bitmap Index Scan on sbtest8_pkey  (cost=0.00..34.95 rows=1051 width=0)
	                    Index Cond: ((id >= 5289689) AND (id <= 5290688))

for: sum_ranges
table 1 : explain SELECT SUM(k) FROM sbtest1 WHERE id BETWEEN 3470886 AND 3471885
	Aggregate  (cost=3714.21..3714.22 rows=1 width=8)
	  ->  Bitmap Heap Scan on sbtest1  (cost=34.24..3711.81 rows=957 width=4)
	        Recheck Cond: ((id >= 3470886) AND (id <= 3471885))
	        ->  Bitmap Index Scan on sbtest1_pkey  (cost=0.00..34.01 rows=957 width=0)
	              Index Cond: ((id >= 3470886) AND (id <= 3471885))

table 2 : explain SELECT SUM(k) FROM sbtest2 WHERE id BETWEEN 9475688 AND 9476687
	Aggregate  (cost=3771.36..3771.37 rows=1 width=8)
	  ->  Bitmap Heap Scan on sbtest2  (cost=34.40..3768.93 rows=972 width=4)
	        Recheck Cond: ((id >= 9475688) AND (id <= 9476687))
	        ->  Bitmap Index Scan on sbtest2_pkey  (cost=0.00..34.16 rows=972 width=0)
	              Index Cond: ((id >= 9475688) AND (id <= 9476687))

table 3 : explain SELECT SUM(k) FROM sbtest3 WHERE id BETWEEN 6273787 AND 6274786
	Aggregate  (cost=3673.55..3673.56 rows=1 width=8)
	  ->  Bitmap Heap Scan on sbtest3  (cost=34.13..3671.19 rows=946 width=4)
	        Recheck Cond: ((id >= 6273787) AND (id <= 6274786))
	        ->  Bitmap Index Scan on sbtest3_pkey  (cost=0.00..33.90 rows=946 width=0)
	              Index Cond: ((id >= 6273787) AND (id <= 6274786))

table 4 : explain SELECT SUM(k) FROM sbtest4 WHERE id BETWEEN 3055454 AND 3056453
	Aggregate  (cost=3876.57..3876.58 rows=1 width=8)
	  ->  Bitmap Heap Scan on sbtest4  (cost=34.66..3874.08 rows=998 width=4)
	        Recheck Cond: ((id >= 3055454) AND (id <= 3056453))
	        ->  Bitmap Index Scan on sbtest4_pkey  (cost=0.00..34.42 rows=998 width=0)
	              Index Cond: ((id >= 3055454) AND (id <= 3056453))

table 5 : explain SELECT SUM(k) FROM sbtest5 WHERE id BETWEEN 5688945 AND 5689944
	Aggregate  (cost=4039.12..4039.13 rows=1 width=8)
	  ->  Bitmap Heap Scan on sbtest5  (cost=35.11..4036.52 rows=1041 width=4)
	        Recheck Cond: ((id >= 5688945) AND (id <= 5689944))
	        ->  Bitmap Index Scan on sbtest5_pkey  (cost=0.00..34.84 rows=1041 width=0)
	              Index Cond: ((id >= 5688945) AND (id <= 5689944))

table 6 : explain SELECT SUM(k) FROM sbtest6 WHERE id BETWEEN 829852 AND 830851
	Aggregate  (cost=3749.70..3749.71 rows=1 width=8)
	  ->  Bitmap Heap Scan on sbtest6  (cost=34.34..3747.28 rows=966 width=4)
	        Recheck Cond: ((id >= 829852) AND (id <= 830851))
	        ->  Bitmap Index Scan on sbtest6_pkey  (cost=0.00..34.09 rows=966 width=0)
	              Index Cond: ((id >= 829852) AND (id <= 830851))

table 7 : explain SELECT SUM(k) FROM sbtest7 WHERE id BETWEEN 3923766 AND 3924765
	Aggregate  (cost=3834.64..3834.65 rows=1 width=8)
	  ->  Bitmap Heap Scan on sbtest7  (cost=34.57..3832.17 rows=989 width=4)
	        Recheck Cond: ((id >= 3923766) AND (id <= 3924765))
	        ->  Bitmap Index Scan on sbtest7_pkey  (cost=0.00..34.33 rows=989 width=0)
	              Index Cond: ((id >= 3923766) AND (id <= 3924765))

table 8 : explain SELECT SUM(k) FROM sbtest8 WHERE id BETWEEN 9565859 AND 9566858
	Aggregate  (cost=3959.80..3959.81 rows=1 width=8)
	  ->  Bitmap Heap Scan on sbtest8  (cost=34.91..3957.25 rows=1022 width=4)
	        Recheck Cond: ((id >= 9565859) AND (id <= 9566858))
	        ->  Bitmap Index Scan on sbtest8_pkey  (cost=0.00..34.66 rows=1022 width=0)
	              Index Cond: ((id >= 9565859) AND (id <= 9566858))

for: simple_ranges
table 1 : explain SELECT c FROM sbtest1 WHERE id BETWEEN 9574593 AND 9575592
	Bitmap Heap Scan on sbtest1  (cost=29.40..3397.98 rows=875 width=121)
	  Recheck Cond: ((id >= 9574593) AND (id <= 9575592))
	  ->  Bitmap Index Scan on sbtest1_pkey  (cost=0.00..29.18 rows=875 width=0)
	        Index Cond: ((id >= 9574593) AND (id <= 9575592))

table 2 : explain SELECT c FROM sbtest2 WHERE id BETWEEN 7431907 AND 7432906
	Bitmap Heap Scan on sbtest2  (cost=34.80..3915.93 rows=1011 width=121)
	  Recheck Cond: ((id >= 7431907) AND (id <= 7432906))
	  ->  Bitmap Index Scan on sbtest2_pkey  (cost=0.00..34.55 rows=1011 width=0)
	        Index Cond: ((id >= 7431907) AND (id <= 7432906))

table 3 : explain SELECT c FROM sbtest3 WHERE id BETWEEN 4745590 AND 4746589
	Bitmap Heap Scan on sbtest3  (cost=34.90..3954.01 rows=1021 width=121)
	  Recheck Cond: ((id >= 4745590) AND (id <= 4746589))
	  ->  Bitmap Index Scan on sbtest3_pkey  (cost=0.00..34.65 rows=1021 width=0)
	        Index Cond: ((id >= 4745590) AND (id <= 4746589))

table 4 : explain SELECT c FROM sbtest4 WHERE id BETWEEN 9825753 AND 9826752
	Bitmap Heap Scan on sbtest4  (cost=34.25..3722.81 rows=958 width=121)
	  Recheck Cond: ((id >= 9825753) AND (id <= 9826752))
	  ->  Bitmap Index Scan on sbtest4_pkey  (cost=0.00..34.02 rows=958 width=0)
	        Index Cond: ((id >= 9825753) AND (id <= 9826752))

table 5 : explain SELECT c FROM sbtest5 WHERE id BETWEEN 9729162 AND 9730161
	Bitmap Heap Scan on sbtest5  (cost=29.62..3483.99 rows=896 width=121)
	  Recheck Cond: ((id >= 9729162) AND (id <= 9730161))
	  ->  Bitmap Index Scan on sbtest5_pkey  (cost=0.00..29.39 rows=896 width=0)
	        Index Cond: ((id >= 9729162) AND (id <= 9730161))

table 6 : explain SELECT c FROM sbtest6 WHERE id BETWEEN 7016559 AND 7017558
	Bitmap Heap Scan on sbtest6  (cost=34.94..3969.73 rows=1025 width=121)
	  Recheck Cond: ((id >= 7016559) AND (id <= 7017558))
	  ->  Bitmap Index Scan on sbtest6_pkey  (cost=0.00..34.69 rows=1025 width=0)
	        Index Cond: ((id >= 7016559) AND (id <= 7017558))

table 7 : explain SELECT c FROM sbtest7 WHERE id BETWEEN 1228828 AND 1229827
	Bitmap Heap Scan on sbtest7  (cost=34.22..3703.97 rows=955 width=121)
	  Recheck Cond: ((id >= 1228828) AND (id <= 1229827))
	  ->  Bitmap Index Scan on sbtest7_pkey  (cost=0.00..33.98 rows=955 width=0)
	        Index Cond: ((id >= 1228828) AND (id <= 1229827))

table 8 : explain SELECT c FROM sbtest8 WHERE id BETWEEN 8133288 AND 8134287
	Bitmap Heap Scan on sbtest8  (cost=35.03..4002.42 rows=1034 width=121)
	  Recheck Cond: ((id >= 8133288) AND (id <= 8134287))
	  ->  Bitmap Index Scan on sbtest8_pkey  (cost=0.00..34.78 rows=1034 width=0)
	        Index Cond: ((id >= 8133288) AND (id <= 8134287))

for point_selects
table 1 : explain SELECT c FROM sbtest1 WHERE id=4535489
	Index Scan using sbtest1_pkey on sbtest1  (cost=0.43..8.45 rows=1 width=121)
	  Index Cond: (id = 4535489)

table 2 : explain SELECT c FROM sbtest2 WHERE id=9658120
	Index Scan using sbtest2_pkey on sbtest2  (cost=0.43..8.45 rows=1 width=121)
	  Index Cond: (id = 9658120)

table 3 : explain SELECT c FROM sbtest3 WHERE id=6841269
	Index Scan using sbtest3_pkey on sbtest3  (cost=0.43..8.45 rows=1 width=121)
	  Index Cond: (id = 6841269)

table 4 : explain SELECT c FROM sbtest4 WHERE id=8365616
	Index Scan using sbtest4_pkey on sbtest4  (cost=0.43..8.45 rows=1 width=121)
	  Index Cond: (id = 8365616)

table 5 : explain SELECT c FROM sbtest5 WHERE id=54424
	Index Scan using sbtest5_pkey on sbtest5  (cost=0.43..8.45 rows=1 width=121)
	  Index Cond: (id = 54424)

table 6 : explain SELECT c FROM sbtest6 WHERE id=2329112
	Index Scan using sbtest6_pkey on sbtest6  (cost=0.43..8.45 rows=1 width=121)
	  Index Cond: (id = 2329112)

table 7 : explain SELECT c FROM sbtest7 WHERE id=4494630
	Index Scan using sbtest7_pkey on sbtest7  (cost=0.43..8.45 rows=1 width=121)
	  Index Cond: (id = 4494630)

table 8 : explain SELECT c FROM sbtest8 WHERE id=7801097
	Index Scan using sbtest8_pkey on sbtest8  (cost=0.43..8.45 rows=1 width=121)
	  Index Cond: (id = 7801097)

for point_selects
table 1 : explain SELECT c FROM sbtest1 WHERE id=655187
	Index Scan using sbtest1_pkey on sbtest1  (cost=0.43..8.45 rows=1 width=121)
	  Index Cond: (id = 655187)

table 2 : explain SELECT c FROM sbtest2 WHERE id=8352300
	Index Scan using sbtest2_pkey on sbtest2  (cost=0.43..8.45 rows=1 width=121)
	  Index Cond: (id = 8352300)

table 3 : explain SELECT c FROM sbtest3 WHERE id=6892092
	Index Scan using sbtest3_pkey on sbtest3  (cost=0.43..8.45 rows=1 width=121)
	  Index Cond: (id = 6892092)

table 4 : explain SELECT c FROM sbtest4 WHERE id=6226183
	Index Scan using sbtest4_pkey on sbtest4  (cost=0.43..8.45 rows=1 width=121)
	  Index Cond: (id = 6226183)

table 5 : explain SELECT c FROM sbtest5 WHERE id=9468533
	Index Scan using sbtest5_pkey on sbtest5  (cost=0.43..8.45 rows=1 width=121)
	  Index Cond: (id = 9468533)

table 6 : explain SELECT c FROM sbtest6 WHERE id=2510793
	Index Scan using sbtest6_pkey on sbtest6  (cost=0.43..8.45 rows=1 width=121)
	  Index Cond: (id = 2510793)

table 7 : explain SELECT c FROM sbtest7 WHERE id=5977652
	Index Scan using sbtest7_pkey on sbtest7  (cost=0.43..8.45 rows=1 width=121)
	  Index Cond: (id = 5977652)

table 8 : explain SELECT c FROM sbtest8 WHERE id=4038603
	Index Scan using sbtest8_pkey on sbtest8  (cost=0.43..8.45 rows=1 width=121)
	  Index Cond: (id = 4038603)

explain: for point_selects :: explain SELECT c FROM sbtest%u WHERE id=%u
explain: for point_selects :: explain SELECT c FROM sbtest%u WHERE id=%u
explain: for point_selects :: explain SELECT c FROM sbtest%u WHERE id=%u
for: order_ranges
table 1 : explain SELECT c FROM sbtest1 WHERE id BETWEEN 7916793 AND 7917792 ORDER BY c
	Sort  (cost=3559.72..3561.98 rows=906 width=121)
	  Sort Key: c
	  ->  Bitmap Heap Scan on sbtest1  (cost=29.72..3515.22 rows=906 width=121)
	        Recheck Cond: ((id >= 7916793) AND (id <= 7917792))
	        ->  Bitmap Index Scan on sbtest1_pkey  (cost=0.00..29.50 rows=906 width=0)
	              Index Cond: ((id >= 7916793) AND (id <= 7917792))

table 2 : explain SELECT c FROM sbtest2 WHERE id BETWEEN 9680867 AND 9681866 ORDER BY c
	Sort  (cost=3901.36..3903.85 rows=994 width=121)
	  Sort Key: c
	  ->  Bitmap Heap Scan on sbtest2  (cost=34.62..3851.87 rows=994 width=121)
	        Recheck Cond: ((id >= 9680867) AND (id <= 9681866))
	        ->  Bitmap Index Scan on sbtest2_pkey  (cost=0.00..34.38 rows=994 width=0)
	              Index Cond: ((id >= 9680867) AND (id <= 9681866))

table 3 : explain SELECT c FROM sbtest3 WHERE id BETWEEN 3316834 AND 3317833 ORDER BY c
	Sort  (cost=3664.28..3666.61 rows=932 width=121)
	  Sort Key: c
	  ->  Bitmap Heap Scan on sbtest3  (cost=33.99..3618.31 rows=932 width=121)
	        Recheck Cond: ((id >= 3316834) AND (id <= 3317833))
	        ->  Bitmap Index Scan on sbtest3_pkey  (cost=0.00..33.76 rows=932 width=0)
	              Index Cond: ((id >= 3316834) AND (id <= 3317833))

table 4 : explain SELECT c FROM sbtest4 WHERE id BETWEEN 8300057 AND 8301056 ORDER BY c
	Sort  (cost=3562.51..3564.78 rows=905 width=121)
	  Sort Key: c
	  ->  Bitmap Heap Scan on sbtest4  (cost=29.71..3518.07 rows=905 width=121)
	        Recheck Cond: ((id >= 8300057) AND (id <= 8301056))
	        ->  Bitmap Index Scan on sbtest4_pkey  (cost=0.00..29.48 rows=905 width=0)
	              Index Cond: ((id >= 8300057) AND (id <= 8301056))

table 5 : explain SELECT c FROM sbtest5 WHERE id BETWEEN 3591755 AND 3592754 ORDER BY c
	Sort  (cost=3439.38..3441.56 rows=873 width=121)
	  Sort Key: c
	  ->  Bitmap Heap Scan on sbtest5  (cost=29.38..3396.74 rows=873 width=121)
	        Recheck Cond: ((id >= 3591755) AND (id <= 3592754))
	        ->  Bitmap Index Scan on sbtest5_pkey  (cost=0.00..29.16 rows=873 width=0)
	              Index Cond: ((id >= 3591755) AND (id <= 3592754))

table 6 : explain SELECT c FROM sbtest6 WHERE id BETWEEN 799940 AND 800939 ORDER BY c
	Sort  (cost=3795.18..3797.59 rows=966 width=121)
	  Sort Key: c
	  ->  Bitmap Heap Scan on sbtest6  (cost=34.34..3747.28 rows=966 width=121)
	        Recheck Cond: ((id >= 799940) AND (id <= 800939))
	        ->  Bitmap Index Scan on sbtest6_pkey  (cost=0.00..34.09 rows=966 width=0)
	              Index Cond: ((id >= 799940) AND (id <= 800939))

table 7 : explain SELECT c FROM sbtest7 WHERE id BETWEEN 7615578 AND 7616577 ORDER BY c
	Sort  (cost=3896.67..3899.15 rows=993 width=121)
	  Sort Key: c
	  ->  Bitmap Heap Scan on sbtest7  (cost=34.61..3847.24 rows=993 width=121)
	        Recheck Cond: ((id >= 7615578) AND (id <= 7616577))
	        ->  Bitmap Index Scan on sbtest7_pkey  (cost=0.00..34.37 rows=993 width=0)
	              Index Cond: ((id >= 7615578) AND (id <= 7616577))

table 8 : explain SELECT c FROM sbtest8 WHERE id BETWEEN 9116726 AND 9117725 ORDER BY c
	Sort  (cost=3981.57..3984.11 rows=1015 width=121)
	  Sort Key: c
	  ->  Bitmap Heap Scan on sbtest8  (cost=34.84..3930.89 rows=1015 width=121)
	        Recheck Cond: ((id >= 9116726) AND (id <= 9117725))
	        ->  Bitmap Index Scan on sbtest8_pkey  (cost=0.00..34.59 rows=1015 width=0)
	              Index Cond: ((id >= 9116726) AND (id <= 9117725))

for: order_ranges
table 1 : explain SELECT c FROM sbtest1 WHERE id BETWEEN 9664155 AND 9665154 ORDER BY c
	Sort  (cost=4385.72..4388.52 rows=1122 width=121)
	  Sort Key: c
	  ->  Bitmap Heap Scan on sbtest1  (cost=35.94..4328.88 rows=1122 width=121)
	        Recheck Cond: ((id >= 9664155) AND (id <= 9665154))
	        ->  Bitmap Index Scan on sbtest1_pkey  (cost=0.00..35.66 rows=1122 width=0)
	              Index Cond: ((id >= 9664155) AND (id <= 9665154))

table 2 : explain SELECT c FROM sbtest2 WHERE id BETWEEN 4282378 AND 4283377 ORDER BY c
	Sort  (cost=3882.23..3884.70 rows=989 width=121)
	  Sort Key: c
	  ->  Bitmap Heap Scan on sbtest2  (cost=34.57..3833.03 rows=989 width=121)
	        Recheck Cond: ((id >= 4282378) AND (id <= 4283377))
	        ->  Bitmap Index Scan on sbtest2_pkey  (cost=0.00..34.33 rows=989 width=0)
	              Index Cond: ((id >= 4282378) AND (id <= 4283377))

table 3 : explain SELECT c FROM sbtest3 WHERE id BETWEEN 1878565 AND 1879564 ORDER BY c
	Sort  (cost=4123.50..4126.13 rows=1052 width=121)
	  Sort Key: c
	  ->  Bitmap Heap Scan on sbtest3  (cost=35.22..4070.70 rows=1052 width=121)
	        Recheck Cond: ((id >= 1878565) AND (id <= 1879564))
	        ->  Bitmap Index Scan on sbtest3_pkey  (cost=0.00..34.95 rows=1052 width=0)
	              Index Cond: ((id >= 1878565) AND (id <= 1879564))

table 4 : explain SELECT c FROM sbtest4 WHERE id BETWEEN 7736847 AND 7737846 ORDER BY c
	Sort  (cost=3935.30..3937.80 rows=1001 width=121)
	  Sort Key: c
	  ->  Bitmap Heap Scan on sbtest4  (cost=34.70..3885.41 rows=1001 width=121)
	        Recheck Cond: ((id >= 7736847) AND (id <= 7737846))
	        ->  Bitmap Index Scan on sbtest4_pkey  (cost=0.00..34.45 rows=1001 width=0)
	              Index Cond: ((id >= 7736847) AND (id <= 7737846))

table 5 : explain SELECT c FROM sbtest5 WHERE id BETWEEN 609380 AND 610379 ORDER BY c
	Sort  (cost=3950.69..3953.21 rows=1005 width=121)
	  Sort Key: c
	  ->  Bitmap Heap Scan on sbtest5  (cost=34.74..3900.58 rows=1005 width=121)
	        Recheck Cond: ((id >= 609380) AND (id <= 610379))
	        ->  Bitmap Index Scan on sbtest5_pkey  (cost=0.00..34.48 rows=1005 width=0)
	              Index Cond: ((id >= 609380) AND (id <= 610379))

table 6 : explain SELECT c FROM sbtest6 WHERE id BETWEEN 8823994 AND 8824993 ORDER BY c
	Sort  (cost=3741.53..3743.91 rows=952 width=121)
	  Sort Key: c
	  ->  Bitmap Heap Scan on sbtest6  (cost=34.19..3694.43 rows=952 width=121)
	        Recheck Cond: ((id >= 8823994) AND (id <= 8824993))
	        ->  Bitmap Index Scan on sbtest6_pkey  (cost=0.00..33.95 rows=952 width=0)
	              Index Cond: ((id >= 8823994) AND (id <= 8824993))

table 7 : explain SELECT c FROM sbtest7 WHERE id BETWEEN 1854465 AND 1855464 ORDER BY c
	Sort  (cost=3724.43..3726.80 rows=948 width=121)
	  Sort Key: c
	  ->  Bitmap Heap Scan on sbtest7  (cost=34.15..3677.56 rows=948 width=121)
	        Recheck Cond: ((id >= 1854465) AND (id <= 1855464))
	        ->  Bitmap Index Scan on sbtest7_pkey  (cost=0.00..33.92 rows=948 width=0)
	              Index Cond: ((id >= 1854465) AND (id <= 1855464))

table 8 : explain SELECT c FROM sbtest8 WHERE id BETWEEN 36885 AND 37884 ORDER BY c
	Sort  (cost=3885.95..3888.43 rows=990 width=121)
	  Sort Key: c
	  ->  Bitmap Heap Scan on sbtest8  (cost=34.58..3836.69 rows=990 width=121)
	        Recheck Cond: ((id >= 36885) AND (id <= 37884))
	        ->  Bitmap Index Scan on sbtest8_pkey  (cost=0.00..34.34 rows=990 width=0)
	              Index Cond: ((id >= 36885) AND (id <= 37884))

for: sum_ranges
table 1 : explain SELECT SUM(k) FROM sbtest1 WHERE id BETWEEN 4180136 AND 4181135
	Aggregate  (cost=3865.12..3865.13 rows=1 width=8)
	  ->  Bitmap Heap Scan on sbtest1  (cost=34.65..3862.63 rows=997 width=4)
	        Recheck Cond: ((id >= 4180136) AND (id <= 4181135))
	        ->  Bitmap Index Scan on sbtest1_pkey  (cost=0.00..34.41 rows=997 width=0)
	              Index Cond: ((id >= 4180136) AND (id <= 4181135))

table 2 : explain SELECT SUM(k) FROM sbtest2 WHERE id BETWEEN 2434523 AND 2435522
	Aggregate  (cost=4005.12..4005.13 rows=1 width=8)
	  ->  Bitmap Heap Scan on sbtest2  (cost=35.03..4002.53 rows=1034 width=4)
	        Recheck Cond: ((id >= 2434523) AND (id <= 2435522))
	        ->  Bitmap Index Scan on sbtest2_pkey  (cost=0.00..34.78 rows=1034 width=0)
	              Index Cond: ((id >= 2434523) AND (id <= 2435522))

table 3 : explain SELECT SUM(k) FROM sbtest3 WHERE id BETWEEN 56271 AND 57270
	Aggregate  (cost=4167.41..4167.42 rows=1 width=8)
	  ->  Bitmap Heap Scan on sbtest3  (cost=35.47..4164.72 rows=1077 width=4)
	        Recheck Cond: ((id >= 56271) AND (id <= 57270))
	        ->  Bitmap Index Scan on sbtest3_pkey  (cost=0.00..35.20 rows=1077 width=0)
	              Index Cond: ((id >= 56271) AND (id <= 57270))

table 4 : explain SELECT SUM(k) FROM sbtest4 WHERE id BETWEEN 8911643 AND 8912642
	Aggregate  (cost=3816.05..3816.06 rows=1 width=8)
	  ->  Bitmap Heap Scan on sbtest4  (cost=34.50..3813.59 rows=982 width=4)
	        Recheck Cond: ((id >= 8911643) AND (id <= 8912642))
	        ->  Bitmap Index Scan on sbtest4_pkey  (cost=0.00..34.26 rows=982 width=0)
	              Index Cond: ((id >= 8911643) AND (id <= 8912642))

table 5 : explain SELECT SUM(k) FROM sbtest5 WHERE id BETWEEN 8061346 AND 8062345
	Aggregate  (cost=3800.96..3800.97 rows=1 width=8)
	  ->  Bitmap Heap Scan on sbtest5  (cost=34.46..3798.52 rows=978 width=4)
	        Recheck Cond: ((id >= 8061346) AND (id <= 8062345))
	        ->  Bitmap Index Scan on sbtest5_pkey  (cost=0.00..34.22 rows=978 width=0)
	              Index Cond: ((id >= 8061346) AND (id <= 8062345))

table 6 : explain SELECT SUM(k) FROM sbtest6 WHERE id BETWEEN 4501680 AND 4502679
	Aggregate  (cost=4017.52..4017.53 rows=1 width=8)
	  ->  Bitmap Heap Scan on sbtest6  (cost=35.06..4014.92 rows=1037 width=4)
	        Recheck Cond: ((id >= 4501680) AND (id <= 4502679))
	        ->  Bitmap Index Scan on sbtest6_pkey  (cost=0.00..34.81 rows=1037 width=0)
	              Index Cond: ((id >= 4501680) AND (id <= 4502679))

table 7 : explain SELECT SUM(k) FROM sbtest7 WHERE id BETWEEN 5413332 AND 5414331
	Aggregate  (cost=3838.41..3838.42 rows=1 width=8)
	  ->  Bitmap Heap Scan on sbtest7  (cost=34.58..3835.93 rows=990 width=4)
	        Recheck Cond: ((id >= 5413332) AND (id <= 5414331))
	        ->  Bitmap Index Scan on sbtest7_pkey  (cost=0.00..34.34 rows=990 width=0)
	              Index Cond: ((id >= 5413332) AND (id <= 5414331))

table 8 : explain SELECT SUM(k) FROM sbtest8 WHERE id BETWEEN 4868647 AND 4869646
	Aggregate  (cost=4291.14..4291.15 rows=1 width=8)
	  ->  Bitmap Heap Scan on sbtest8  (cost=39.81..4288.37 rows=1110 width=4)
	        Recheck Cond: ((id >= 4868647) AND (id <= 4869646))
	        ->  Bitmap Index Scan on sbtest8_pkey  (cost=0.00..39.54 rows=1110 width=0)
	              Index Cond: ((id >= 4868647) AND (id <= 4869646))

explain: for point_selects :: explain SELECT c FROM sbtest%u WHERE id=%u
for: sum_ranges
table 1 : explain SELECT SUM(k) FROM sbtest1 WHERE id BETWEEN 7278870 AND 7279869
	Aggregate  (cost=3808.55..3808.56 rows=1 width=8)
	  ->  Bitmap Heap Scan on sbtest1  (cost=34.50..3806.10 rows=982 width=4)
	        Recheck Cond: ((id >= 7278870) AND (id <= 7279869))
	        ->  Bitmap Index Scan on sbtest1_pkey  (cost=0.00..34.26 rows=982 width=0)
	              Index Cond: ((id >= 7278870) AND (id <= 7279869))

table 2 : explain SELECT SUM(k) FROM sbtest2 WHERE id BETWEEN 4125937 AND 4126936
	Aggregate  (cost=4174.47..4174.48 rows=1 width=8)
	  ->  Bitmap Heap Scan on sbtest2  (cost=35.49..4171.78 rows=1079 width=4)
	        Recheck Cond: ((id >= 4125937) AND (id <= 4126936))
	        ->  Bitmap Index Scan on sbtest2_pkey  (cost=0.00..35.23 rows=1079 width=0)
	              Index Cond: ((id >= 4125937) AND (id <= 4126936))

table 3 : explain SELECT SUM(k) FROM sbtest3 WHERE id BETWEEN 290279 AND 291278
	Aggregate  (cost=3892.48..3892.49 rows=1 width=8)
	  ->  Bitmap Heap Scan on sbtest3  (cost=34.73..3889.97 rows=1004 width=4)
	        Recheck Cond: ((id >= 290279) AND (id <= 291278))
	        ->  Bitmap Index Scan on sbtest3_pkey  (cost=0.00..34.48 rows=1004 width=0)
	              Index Cond: ((id >= 290279) AND (id <= 291278))

table 4 : explain SELECT SUM(k) FROM sbtest4 WHERE id BETWEEN 2861465 AND 2862464
	Aggregate  (cost=3887.92..3887.93 rows=1 width=8)
	  ->  Bitmap Heap Scan on sbtest4  (cost=34.70..3885.41 rows=1001 width=4)
	        Recheck Cond: ((id >= 2861465) AND (id <= 2862464))
	        ->  Bitmap Index Scan on sbtest4_pkey  (cost=0.00..34.45 rows=1001 width=0)
	              Index Cond: ((id >= 2861465) AND (id <= 2862464))

table 5 : explain SELECT SUM(k) FROM sbtest5 WHERE id BETWEEN 8790021 AND 8791020
	Aggregate  (cost=3993.80..3993.81 rows=1 width=8)
	  ->  Bitmap Heap Scan on sbtest5  (cost=34.98..3991.22 rows=1029 width=4)
	        Recheck Cond: ((id >= 8790021) AND (id <= 8791020))
	        ->  Bitmap Index Scan on sbtest5_pkey  (cost=0.00..34.73 rows=1029 width=0)
	              Index Cond: ((id >= 8790021) AND (id <= 8791020))

table 6 : explain SELECT SUM(k) FROM sbtest6 WHERE id BETWEEN 7307718 AND 7308717
	Aggregate  (cost=3949.68..3949.69 rows=1 width=8)
	  ->  Bitmap Heap Scan on sbtest6  (cost=34.88..3947.13 rows=1019 width=4)
	        Recheck Cond: ((id >= 7307718) AND (id <= 7308717))
	        ->  Bitmap Index Scan on sbtest6_pkey  (cost=0.00..34.62 rows=1019 width=0)
	              Index Cond: ((id >= 7307718) AND (id <= 7308717))

table 7 : explain SELECT SUM(k) FROM sbtest7 WHERE id BETWEEN 5379503 AND 5380502
	Aggregate  (cost=3759.20..3759.21 rows=1 width=8)
	  ->  Bitmap Heap Scan on sbtest7  (cost=34.37..3756.77 rows=969 width=4)
	        Recheck Cond: ((id >= 5379503) AND (id <= 5380502))
	        ->  Bitmap Index Scan on sbtest7_pkey  (cost=0.00..34.12 rows=969 width=0)
	              Index Cond: ((id >= 5379503) AND (id <= 5380502))

table 8 : explain SELECT SUM(k) FROM sbtest8 WHERE id BETWEEN 8621888 AND 8622887
	Aggregate  (cost=3937.19..3937.20 rows=1 width=8)
	  ->  Bitmap Heap Scan on sbtest8  (cost=34.85..3934.65 rows=1016 width=4)
	        Recheck Cond: ((id >= 8621888) AND (id <= 8622887))
	        ->  Bitmap Index Scan on sbtest8_pkey  (cost=0.00..34.59 rows=1016 width=0)
	              Index Cond: ((id >= 8621888) AND (id <= 8622887))

for: order_ranges
table 1 : explain SELECT c FROM sbtest1 WHERE id BETWEEN 2407533 AND 2408532 ORDER BY c
	Sort  (cost=4229.33..4232.03 rows=1080 width=121)
	  Sort Key: c
	  ->  Bitmap Heap Scan on sbtest1  (cost=35.51..4174.91 rows=1080 width=121)
	        Recheck Cond: ((id >= 2407533) AND (id <= 2408532))
	        ->  Bitmap Index Scan on sbtest1_pkey  (cost=0.00..35.23 rows=1080 width=0)
	              Index Cond: ((id >= 2407533) AND (id <= 2408532))

table 2 : explain SELECT c FROM sbtest2 WHERE id BETWEEN 2850190 AND 2851189 ORDER BY c
	Sort  (cost=3598.56..3600.85 rows=916 width=121)
	  Sort Key: c
	  ->  Bitmap Heap Scan on sbtest2  (cost=29.82..3553.50 rows=916 width=121)
	        Recheck Cond: ((id >= 2850190) AND (id <= 2851189))
	        ->  Bitmap Index Scan on sbtest2_pkey  (cost=0.00..29.59 rows=916 width=0)
	              Index Cond: ((id >= 2850190) AND (id <= 2851189))

table 3 : explain SELECT c FROM sbtest3 WHERE id BETWEEN 2831164 AND 2832163 ORDER BY c
	Sort  (cost=4108.22..4110.84 rows=1048 width=121)
	  Sort Key: c
	  ->  Bitmap Heap Scan on sbtest3  (cost=35.18..4055.65 rows=1048 width=121)
	        Recheck Cond: ((id >= 2831164) AND (id <= 2832163))
	        ->  Bitmap Index Scan on sbtest3_pkey  (cost=0.00..34.92 rows=1048 width=0)
	              Index Cond: ((id >= 2831164) AND (id <= 2832163))

table 4 : explain SELECT c FROM sbtest4 WHERE id BETWEEN 1116027 AND 1117026 ORDER BY c
	Sort  (cost=3927.63..3930.12 rows=999 width=121)
	  Sort Key: c
	  ->  Bitmap Heap Scan on sbtest4  (cost=34.67..3877.86 rows=999 width=121)
	        Recheck Cond: ((id >= 1116027) AND (id <= 1117026))
	        ->  Bitmap Index Scan on sbtest4_pkey  (cost=0.00..34.43 rows=999 width=0)
	              Index Cond: ((id >= 1116027) AND (id <= 1117026))

table 5 : explain SELECT c FROM sbtest5 WHERE id BETWEEN 8245630 AND 8246629 ORDER BY c
	Sort  (cost=4169.13..4171.78 rows=1062 width=121)
	  Sort Key: c
	  ->  Bitmap Heap Scan on sbtest5  (cost=35.32..4115.75 rows=1062 width=121)
	        Recheck Cond: ((id >= 8245630) AND (id <= 8246629))
	        ->  Bitmap Index Scan on sbtest5_pkey  (cost=0.00..35.06 rows=1062 width=0)
	              Index Cond: ((id >= 8245630) AND (id <= 8246629))

table 6 : explain SELECT c FROM sbtest6 WHERE id BETWEEN 2821477 AND 2822476 ORDER BY c
	Sort  (cost=3963.62..3966.15 rows=1010 width=121)
	  Sort Key: c
	  ->  Bitmap Heap Scan on sbtest6  (cost=34.79..3913.22 rows=1010 width=121)
	        Recheck Cond: ((id >= 2821477) AND (id <= 2822476))
	        ->  Bitmap Index Scan on sbtest6_pkey  (cost=0.00..34.54 rows=1010 width=0)
	              Index Cond: ((id >= 2821477) AND (id <= 2822476))

table 7 : explain SELECT c FROM sbtest7 WHERE id BETWEEN 1772274 AND 1773273 ORDER BY c
	Sort  (cost=4175.55..4178.22 rows=1066 width=121)
	  Sort Key: c
	  ->  Bitmap Heap Scan on sbtest7  (cost=35.36..4121.95 rows=1066 width=121)
	        Recheck Cond: ((id >= 1772274) AND (id <= 1773273))
	        ->  Bitmap Index Scan on sbtest7_pkey  (cost=0.00..35.09 rows=1066 width=0)
	              Index Cond: ((id >= 1772274) AND (id <= 1773273))

table 8 : explain SELECT c FROM sbtest8 WHERE id BETWEEN 9703798 AND 9704797 ORDER BY c
	Sort  (cost=3709.81..3712.17 rows=944 width=121)
	  Sort Key: c
	  ->  Bitmap Heap Scan on sbtest8  (cost=34.11..3663.17 rows=944 width=121)
	        Recheck Cond: ((id >= 9703798) AND (id <= 9704797))
	        ->  Bitmap Index Scan on sbtest8_pkey  (cost=0.00..33.88 rows=944 width=0)
	              Index Cond: ((id >= 9703798) AND (id <= 9704797))

for: simple_ranges
table 1 : explain SELECT c FROM sbtest1 WHERE id BETWEEN 4817401 AND 4818400
	Bitmap Heap Scan on sbtest1  (cost=35.03..4001.95 rows=1034 width=121)
	  Recheck Cond: ((id >= 4817401) AND (id <= 4818400))
	  ->  Bitmap Index Scan on sbtest1_pkey  (cost=0.00..34.78 rows=1034 width=0)
	        Index Cond: ((id >= 4817401) AND (id <= 4818400))

table 2 : explain SELECT c FROM sbtest2 WHERE id BETWEEN 9109254 AND 9110253
	Bitmap Heap Scan on sbtest2  (cost=35.78..4276.96 rows=1107 width=121)
	  Recheck Cond: ((id >= 9109254) AND (id <= 9110253))
	  ->  Bitmap Index Scan on sbtest2_pkey  (cost=0.00..35.51 rows=1107 width=0)
	        Index Cond: ((id >= 9109254) AND (id <= 9110253))

table 3 : explain SELECT c FROM sbtest3 WHERE id BETWEEN 6848458 AND 6849457
	Bitmap Heap Scan on sbtest3  (cost=34.50..3807.03 rows=982 width=121)
	  Recheck Cond: ((id >= 6848458) AND (id <= 6849457))
	  ->  Bitmap Index Scan on sbtest3_pkey  (cost=0.00..34.26 rows=982 width=0)
	        Index Cond: ((id >= 6848458) AND (id <= 6849457))

table 4 : explain SELECT c FROM sbtest4 WHERE id BETWEEN 7901626 AND 7902625
	Bitmap Heap Scan on sbtest4  (cost=35.11..4036.47 rows=1041 width=121)
	  Recheck Cond: ((id >= 7901626) AND (id <= 7902625))
	  ->  Bitmap Index Scan on sbtest4_pkey  (cost=0.00..34.84 rows=1041 width=0)
	        Index Cond: ((id >= 7901626) AND (id <= 7902625))

table 5 : explain SELECT c FROM sbtest5 WHERE id BETWEEN 1814593 AND 1815592
	Bitmap Heap Scan on sbtest5  (cost=35.29..4104.43 rows=1059 width=121)
	  Recheck Cond: ((id >= 1814593) AND (id <= 1815592))
	  ->  Bitmap Index Scan on sbtest5_pkey  (cost=0.00..35.03 rows=1059 width=0)
	        Index Cond: ((id >= 1814593) AND (id <= 1815592))

table 6 : explain SELECT c FROM sbtest6 WHERE id BETWEEN 2818503 AND 2819502
	Bitmap Heap Scan on sbtest6  (cost=34.79..3913.22 rows=1010 width=121)
	  Recheck Cond: ((id >= 2818503) AND (id <= 2819502))
	  ->  Bitmap Index Scan on sbtest6_pkey  (cost=0.00..34.54 rows=1010 width=0)
	        Index Cond: ((id >= 2818503) AND (id <= 2819502))

table 7 : explain SELECT c FROM sbtest7 WHERE id BETWEEN 5696679 AND 5697678
	Bitmap Heap Scan on sbtest7  (cost=35.00..3990.32 rows=1031 width=121)
	  Recheck Cond: ((id >= 5696679) AND (id <= 5697678))
	  ->  Bitmap Index Scan on sbtest7_pkey  (cost=0.00..34.75 rows=1031 width=0)
	        Index Cond: ((id >= 5696679) AND (id <= 5697678))

table 8 : explain SELECT c FROM sbtest8 WHERE id BETWEEN 2371800 AND 2372799
	Bitmap Heap Scan on sbtest8  (cost=34.65..3863.08 rows=997 width=121)
	  Recheck Cond: ((id >= 2371800) AND (id <= 2372799))
	  ->  Bitmap Index Scan on sbtest8_pkey  (cost=0.00..34.41 rows=997 width=0)
	        Index Cond: ((id >= 2371800) AND (id <= 2372799))

for: distinct_ranges
table 1 : explain SELECT DISTINCT c FROM sbtest1 WHERE id BETWEEN 281424 AND 282423 ORDER BY c
	Unique  (cost=3958.17..3963.22 rows=1009 width=121)
	  ->  Sort  (cost=3958.17..3960.70 rows=1009 width=121)
	        Sort Key: c
	        ->  Bitmap Heap Scan on sbtest1  (cost=34.78..3907.83 rows=1009 width=121)
	              Recheck Cond: ((id >= 281424) AND (id <= 282423))
	              ->  Bitmap Index Scan on sbtest1_pkey  (cost=0.00..34.53 rows=1009 width=0)
	                    Index Cond: ((id >= 281424) AND (id <= 282423))

table 2 : explain SELECT DISTINCT c FROM sbtest2 WHERE id BETWEEN 6546811 AND 6547810 ORDER BY c
	Unique  (cost=3759.72..3764.50 rows=957 width=121)
	  ->  Sort  (cost=3759.72..3762.11 rows=957 width=121)
	        Sort Key: c
	        ->  Bitmap Heap Scan on sbtest2  (cost=34.24..3712.33 rows=957 width=121)
	              Recheck Cond: ((id >= 6546811) AND (id <= 6547810))
	              ->  Bitmap Index Scan on sbtest2_pkey  (cost=0.00..34.01 rows=957 width=0)
	                    Index Cond: ((id >= 6546811) AND (id <= 6547810))

table 3 : explain SELECT DISTINCT c FROM sbtest3 WHERE id BETWEEN 4629025 AND 4630024 ORDER BY c
	Unique  (cost=4054.73..4059.90 rows=1034 width=121)
	  ->  Sort  (cost=4054.73..4057.32 rows=1034 width=121)
	        Sort Key: c
	        ->  Bitmap Heap Scan on sbtest3  (cost=35.03..4002.96 rows=1034 width=121)
	              Recheck Cond: ((id >= 4629025) AND (id <= 4630024))
	              ->  Bitmap Index Scan on sbtest3_pkey  (cost=0.00..34.78 rows=1034 width=0)
	                    Index Cond: ((id >= 4629025) AND (id <= 4630024))

table 4 : explain SELECT DISTINCT c FROM sbtest4 WHERE id BETWEEN 6970642 AND 6971641 ORDER BY c
	Unique  (cost=4084.81..4090.01 rows=1040 width=121)
	  ->  Sort  (cost=4084.81..4087.41 rows=1040 width=121)
	        Sort Key: c
	        ->  Bitmap Heap Scan on sbtest4  (cost=35.09..4032.69 rows=1040 width=121)
	              Recheck Cond: ((id >= 6970642) AND (id <= 6971641))
	              ->  Bitmap Index Scan on sbtest4_pkey  (cost=0.00..34.84 rows=1040 width=0)
	                    Index Cond: ((id >= 6970642) AND (id <= 6971641))

table 5 : explain SELECT DISTINCT c FROM sbtest5 WHERE id BETWEEN 103771 AND 104770 ORDER BY c
	Unique  (cost=3693.45..3698.14 rows=938 width=121)
	  ->  Sort  (cost=3693.45..3695.80 rows=938 width=121)
	        Sort Key: c
	        ->  Bitmap Heap Scan on sbtest5  (cost=34.05..3647.15 rows=938 width=121)
	              Recheck Cond: ((id >= 103771) AND (id <= 104770))
	              ->  Bitmap Index Scan on sbtest5_pkey  (cost=0.00..33.82 rows=938 width=0)
	                    Index Cond: ((id >= 103771) AND (id <= 104770))

table 6 : explain SELECT DISTINCT c FROM sbtest6 WHERE id BETWEEN 1701145 AND 1702144 ORDER BY c
	Unique  (cost=3799.01..3803.84 rows=967 width=121)
	  ->  Sort  (cost=3799.01..3801.43 rows=967 width=121)
	        Sort Key: c
	        ->  Bitmap Heap Scan on sbtest6  (cost=34.35..3751.06 rows=967 width=121)
	              Recheck Cond: ((id >= 1701145) AND (id <= 1702144))
	              ->  Bitmap Index Scan on sbtest6_pkey  (cost=0.00..34.11 rows=967 width=0)
	                    Index Cond: ((id >= 1701145) AND (id <= 1702144))

table 7 : explain SELECT DISTINCT c FROM sbtest7 WHERE id BETWEEN 1189882 AND 1190881 ORDER BY c
	Unique  (cost=3969.32..3974.38 rows=1012 width=121)
	  ->  Sort  (cost=3969.32..3971.85 rows=1012 width=121)
	        Sort Key: c
	        ->  Bitmap Heap Scan on sbtest7  (cost=34.81..3918.80 rows=1012 width=121)
	              Recheck Cond: ((id >= 1189882) AND (id <= 1190881))
	              ->  Bitmap Index Scan on sbtest7_pkey  (cost=0.00..34.56 rows=1012 width=0)
	                    Index Cond: ((id >= 1189882) AND (id <= 1190881))

table 8 : explain SELECT DISTINCT c FROM sbtest8 WHERE id BETWEEN 1536749 AND 1537748 ORDER BY c
	Unique  (cost=3847.68..3852.58 rows=980 width=121)
	  ->  Sort  (cost=3847.68..3850.13 rows=980 width=121)
	        Sort Key: c
	        ->  Bitmap Heap Scan on sbtest8  (cost=34.48..3798.99 rows=980 width=121)
	              Recheck Cond: ((id >= 1536749) AND (id <= 1537748))
	              ->  Bitmap Index Scan on sbtest8_pkey  (cost=0.00..34.23 rows=980 width=0)
	                    Index Cond: ((id >= 1536749) AND (id <= 1537748))

for: sum_ranges
table 1 : explain SELECT SUM(k) FROM sbtest1 WHERE id BETWEEN 5219517 AND 5220516
	Aggregate  (cost=3729.31..3729.32 rows=1 width=8)
	  ->  Bitmap Heap Scan on sbtest1  (cost=34.29..3726.90 rows=961 width=4)
	        Recheck Cond: ((id >= 5219517) AND (id <= 5220516))
	        ->  Bitmap Index Scan on sbtest1_pkey  (cost=0.00..34.05 rows=961 width=0)
	              Index Cond: ((id >= 5219517) AND (id <= 5220516))

table 2 : explain SELECT SUM(k) FROM sbtest2 WHERE id BETWEEN 4990831 AND 4991830
	Aggregate  (cost=3676.96..3676.97 rows=1 width=8)
	  ->  Bitmap Heap Scan on sbtest2  (cost=34.14..3674.59 rows=947 width=4)
	        Recheck Cond: ((id >= 4990831) AND (id <= 4991830))
	        ->  Bitmap Index Scan on sbtest2_pkey  (cost=0.00..33.91 rows=947 width=0)
	              Index Cond: ((id >= 4990831) AND (id <= 4991830))

table 3 : explain SELECT SUM(k) FROM sbtest3 WHERE id BETWEEN 864519 AND 865518
	Aggregate  (cost=3903.79..3903.80 rows=1 width=8)
	  ->  Bitmap Heap Scan on sbtest3  (cost=34.76..3901.27 rows=1007 width=4)
	        Recheck Cond: ((id >= 864519) AND (id <= 865518))
	        ->  Bitmap Index Scan on sbtest3_pkey  (cost=0.00..34.51 rows=1007 width=0)
	              Index Cond: ((id >= 864519) AND (id <= 865518))

table 4 : explain SELECT SUM(k) FROM sbtest4 WHERE id BETWEEN 279437 AND 280436
	Aggregate  (cost=3952.18..3952.19 rows=1 width=8)
	  ->  Bitmap Heap Scan on sbtest4  (cost=34.87..3949.64 rows=1018 width=4)
	        Recheck Cond: ((id >= 279437) AND (id <= 280436))
	        ->  Bitmap Index Scan on sbtest4_pkey  (cost=0.00..34.62 rows=1018 width=0)
	              Index Cond: ((id >= 279437) AND (id <= 280436))

table 5 : explain SELECT SUM(k) FROM sbtest5 WHERE id BETWEEN 9422637 AND 9423636
	Aggregate  (cost=3634.33..3634.34 rows=1 width=8)
	  ->  Bitmap Heap Scan on sbtest5  (cost=34.01..3632.00 rows=934 width=4)
	        Recheck Cond: ((id >= 9422637) AND (id <= 9423636))
	        ->  Bitmap Index Scan on sbtest5_pkey  (cost=0.00..33.78 rows=934 width=0)
	              Index Cond: ((id >= 9422637) AND (id <= 9423636))

table 6 : explain SELECT SUM(k) FROM sbtest6 WHERE id BETWEEN 4833239 AND 4834238
	Aggregate  (cost=4141.78..4141.79 rows=1 width=8)
	  ->  Bitmap Heap Scan on sbtest6  (cost=35.40..4139.10 rows=1070 width=4)
	        Recheck Cond: ((id >= 4833239) AND (id <= 4834238))
	        ->  Bitmap Index Scan on sbtest6_pkey  (cost=0.00..35.14 rows=1070 width=0)
	              Index Cond: ((id >= 4833239) AND (id <= 4834238))

table 7 : explain SELECT SUM(k) FROM sbtest7 WHERE id BETWEEN 28364 AND 29363
	Aggregate  (cost=3543.68..3543.69 rows=1 width=8)
	  ->  Bitmap Heap Scan on sbtest7  (cost=29.79..3541.39 rows=913 width=4)
	        Recheck Cond: ((id >= 28364) AND (id <= 29363))
	        ->  Bitmap Index Scan on sbtest7_pkey  (cost=0.00..29.57 rows=913 width=0)
	              Index Cond: ((id >= 28364) AND (id <= 29363))

table 8 : explain SELECT SUM(k) FROM sbtest8 WHERE id BETWEEN 7726140 AND 7727139
	Aggregate  (cost=3918.35..3918.36 rows=1 width=8)
	  ->  Bitmap Heap Scan on sbtest8  (cost=34.80..3915.82 rows=1011 width=4)
	        Recheck Cond: ((id >= 7726140) AND (id <= 7727139))
	        ->  Bitmap Index Scan on sbtest8_pkey  (cost=0.00..34.55 rows=1011 width=0)
	              Index Cond: ((id >= 7726140) AND (id <= 7727139))

for: order_ranges
table 1 : explain SELECT c FROM sbtest1 WHERE id BETWEEN 8369032 AND 8370031 ORDER BY c
	Sort  (cost=3889.34..3891.81 rows=991 width=121)
	  Sort Key: c
	  ->  Bitmap Heap Scan on sbtest1  (cost=34.59..3840.02 rows=991 width=121)
	        Recheck Cond: ((id >= 8369032) AND (id <= 8370031))
	        ->  Bitmap Index Scan on sbtest1_pkey  (cost=0.00..34.34 rows=991 width=0)
	              Index Cond: ((id >= 8369032) AND (id <= 8370031))

table 2 : explain SELECT c FROM sbtest2 WHERE id BETWEEN 3533051 AND 3534050 ORDER BY c
	Sort  (cost=3981.68..3984.22 rows=1015 width=121)
	  Sort Key: c
	  ->  Bitmap Heap Scan on sbtest2  (cost=34.84..3930.99 rows=1015 width=121)
	        Recheck Cond: ((id >= 3533051) AND (id <= 3534050))
	        ->  Bitmap Index Scan on sbtest2_pkey  (cost=0.00..34.59 rows=1015 width=0)
	              Index Cond: ((id >= 3533051) AND (id <= 3534050))

table 3 : explain SELECT c FROM sbtest3 WHERE id BETWEEN 7248927 AND 7249926 ORDER BY c
	Sort  (cost=3917.07..3919.56 rows=998 width=121)
	  Sort Key: c
	  ->  Bitmap Heap Scan on sbtest3  (cost=34.66..3867.36 rows=998 width=121)
	        Recheck Cond: ((id >= 7248927) AND (id <= 7249926))
	        ->  Bitmap Index Scan on sbtest3_pkey  (cost=0.00..34.42 rows=998 width=0)
	              Index Cond: ((id >= 7248927) AND (id <= 7249926))

table 4 : explain SELECT c FROM sbtest4 WHERE id BETWEEN 4282337 AND 4283336 ORDER BY c
	Sort  (cost=3674.19..3676.52 rows=933 width=121)
	  Sort Key: c
	  ->  Bitmap Heap Scan on sbtest4  (cost=34.00..3628.17 rows=933 width=121)
	        Recheck Cond: ((id >= 4282337) AND (id <= 4283336))
	        ->  Bitmap Index Scan on sbtest4_pkey  (cost=0.00..33.77 rows=933 width=0)
	              Index Cond: ((id >= 4282337) AND (id <= 4283336))

table 5 : explain SELECT c FROM sbtest5 WHERE id BETWEEN 1791315 AND 1792314 ORDER BY c
	Sort  (cost=4157.64..4160.29 rows=1059 width=121)
	  Sort Key: c
	  ->  Bitmap Heap Scan on sbtest5  (cost=35.29..4104.43 rows=1059 width=121)
	        Recheck Cond: ((id >= 1791315) AND (id <= 1792314))
	        ->  Bitmap Index Scan on sbtest5_pkey  (cost=0.00..35.03 rows=1059 width=0)
	              Index Cond: ((id >= 1791315) AND (id <= 1792314))

table 6 : explain SELECT c FROM sbtest6 WHERE id BETWEEN 7418240 AND 7419239 ORDER BY c
	Sort  (cost=3875.60..3878.07 rows=987 width=121)
	  Sort Key: c
	  ->  Bitmap Heap Scan on sbtest6  (cost=34.55..3826.51 rows=987 width=121)
	        Recheck Cond: ((id >= 7418240) AND (id <= 7419239))
	        ->  Bitmap Index Scan on sbtest6_pkey  (cost=0.00..34.31 rows=987 width=0)
	              Index Cond: ((id >= 7418240) AND (id <= 7419239))

table 7 : explain SELECT c FROM sbtest7 WHERE id BETWEEN 2367449 AND 2368448 ORDER BY c
	Sort  (cost=3950.20..3952.72 rows=1007 width=121)
	  Sort Key: c
	  ->  Bitmap Heap Scan on sbtest7  (cost=34.76..3899.98 rows=1007 width=121)
	        Recheck Cond: ((id >= 2367449) AND (id <= 2368448))
	        ->  Bitmap Index Scan on sbtest7_pkey  (cost=0.00..34.51 rows=1007 width=0)
	              Index Cond: ((id >= 2367449) AND (id <= 2368448))

table 8 : explain SELECT c FROM sbtest8 WHERE id BETWEEN 5764590 AND 5765589 ORDER BY c
	Sort  (cost=3774.94..3777.34 rows=961 width=121)
	  Sort Key: c
	  ->  Bitmap Heap Scan on sbtest8  (cost=34.29..3727.33 rows=961 width=121)
	        Recheck Cond: ((id >= 5764590) AND (id <= 5765589))
	        ->  Bitmap Index Scan on sbtest8_pkey  (cost=0.00..34.05 rows=961 width=0)
	              Index Cond: ((id >= 5764590) AND (id <= 5765589))

for point_selects
table 1 : explain SELECT c FROM sbtest1 WHERE id=8322472
	Index Scan using sbtest1_pkey on sbtest1  (cost=0.43..8.45 rows=1 width=121)
	  Index Cond: (id = 8322472)

table 2 : explain SELECT c FROM sbtest2 WHERE id=6136985
	Index Scan using sbtest2_pkey on sbtest2  (cost=0.43..8.45 rows=1 width=121)
	  Index Cond: (id = 6136985)

table 3 : explain SELECT c FROM sbtest3 WHERE id=1717673
	Index Scan using sbtest3_pkey on sbtest3  (cost=0.43..8.45 rows=1 width=121)
	  Index Cond: (id = 1717673)

table 4 : explain SELECT c FROM sbtest4 WHERE id=8959883
	Index Scan using sbtest4_pkey on sbtest4  (cost=0.43..8.45 rows=1 width=121)
	  Index Cond: (id = 8959883)

table 5 : explain SELECT c FROM sbtest5 WHERE id=9320318
	Index Scan using sbtest5_pkey on sbtest5  (cost=0.43..8.45 rows=1 width=121)
	  Index Cond: (id = 9320318)

table 6 : explain SELECT c FROM sbtest6 WHERE id=5386578
	Index Scan using sbtest6_pkey on sbtest6  (cost=0.43..8.45 rows=1 width=121)
	  Index Cond: (id = 5386578)

table 7 : explain SELECT c FROM sbtest7 WHERE id=2682593
	Index Scan using sbtest7_pkey on sbtest7  (cost=0.43..8.45 rows=1 width=121)
	  Index Cond: (id = 2682593)

table 8 : explain SELECT c FROM sbtest8 WHERE id=7008236
	Index Scan using sbtest8_pkey on sbtest8  (cost=0.43..8.45 rows=1 width=121)
	  Index Cond: (id = 7008236)

for point_selects
table 1 : explain SELECT c FROM sbtest1 WHERE id=5298276
	Index Scan using sbtest1_pkey on sbtest1  (cost=0.43..8.45 rows=1 width=121)
	  Index Cond: (id = 5298276)

table 2 : explain SELECT c FROM sbtest2 WHERE id=6060434
	Index Scan using sbtest2_pkey on sbtest2  (cost=0.43..8.45 rows=1 width=121)
	  Index Cond: (id = 6060434)

table 3 : explain SELECT c FROM sbtest3 WHERE id=4541393
	Index Scan using sbtest3_pkey on sbtest3  (cost=0.43..8.45 rows=1 width=121)
	  Index Cond: (id = 4541393)

table 4 : explain SELECT c FROM sbtest4 WHERE id=5342220
	Index Scan using sbtest4_pkey on sbtest4  (cost=0.43..8.45 rows=1 width=121)
	  Index Cond: (id = 5342220)

table 5 : explain SELECT c FROM sbtest5 WHERE id=7953052
	Index Scan using sbtest5_pkey on sbtest5  (cost=0.43..8.45 rows=1 width=121)
	  Index Cond: (id = 7953052)

table 6 : explain SELECT c FROM sbtest6 WHERE id=3280171
	Index Scan using sbtest6_pkey on sbtest6  (cost=0.43..8.45 rows=1 width=121)
	  Index Cond: (id = 3280171)

table 7 : explain SELECT c FROM sbtest7 WHERE id=6988077
	Index Scan using sbtest7_pkey on sbtest7  (cost=0.43..8.45 rows=1 width=121)
	  Index Cond: (id = 6988077)

table 8 : explain SELECT c FROM sbtest8 WHERE id=5992306
	Index Scan using sbtest8_pkey on sbtest8  (cost=0.43..8.45 rows=1 width=121)
	  Index Cond: (id = 5992306)

for point_selects
table 1 : explain SELECT c FROM sbtest1 WHERE id=5130024
	Index Scan using sbtest1_pkey on sbtest1  (cost=0.43..8.45 rows=1 width=121)
	  Index Cond: (id = 5130024)

table 2 : explain SELECT c FROM sbtest2 WHERE id=3510878
	Index Scan using sbtest2_pkey on sbtest2  (cost=0.43..8.45 rows=1 width=121)
	  Index Cond: (id = 3510878)

table 3 : explain SELECT c FROM sbtest3 WHERE id=408034
	Index Scan using sbtest3_pkey on sbtest3  (cost=0.43..8.45 rows=1 width=121)
	  Index Cond: (id = 408034)

table 4 : explain SELECT c FROM sbtest4 WHERE id=5133799
	Index Scan using sbtest4_pkey on sbtest4  (cost=0.43..8.45 rows=1 width=121)
	  Index Cond: (id = 5133799)

table 5 : explain SELECT c FROM sbtest5 WHERE id=6216080
	Index Scan using sbtest5_pkey on sbtest5  (cost=0.43..8.45 rows=1 width=121)
	  Index Cond: (id = 6216080)

table 6 : explain SELECT c FROM sbtest6 WHERE id=7078622
	Index Scan using sbtest6_pkey on sbtest6  (cost=0.43..8.45 rows=1 width=121)
	  Index Cond: (id = 7078622)

table 7 : explain SELECT c FROM sbtest7 WHERE id=3281917
	Index Scan using sbtest7_pkey on sbtest7  (cost=0.43..8.45 rows=1 width=121)
	  Index Cond: (id = 3281917)

table 8 : explain SELECT c FROM sbtest8 WHERE id=2958144
	Index Scan using sbtest8_pkey on sbtest8  (cost=0.43..8.45 rows=1 width=121)
	  Index Cond: (id = 2958144)

for point_selects
table 1 : explain SELECT c FROM sbtest1 WHERE id=6327513
	Index Scan using sbtest1_pkey on sbtest1  (cost=0.43..8.45 rows=1 width=121)
	  Index Cond: (id = 6327513)

table 2 : explain SELECT c FROM sbtest2 WHERE id=6724737
	Index Scan using sbtest2_pkey on sbtest2  (cost=0.43..8.45 rows=1 width=121)
	  Index Cond: (id = 6724737)

table 3 : explain SELECT c FROM sbtest3 WHERE id=7088494
	Index Scan using sbtest3_pkey on sbtest3  (cost=0.43..8.45 rows=1 width=121)
	  Index Cond: (id = 7088494)

table 4 : explain SELECT c FROM sbtest4 WHERE id=1676771
	Index Scan using sbtest4_pkey on sbtest4  (cost=0.43..8.45 rows=1 width=121)
	  Index Cond: (id = 1676771)

table 5 : explain SELECT c FROM sbtest5 WHERE id=4636607
	Index Scan using sbtest5_pkey on sbtest5  (cost=0.43..8.45 rows=1 width=121)
	  Index Cond: (id = 4636607)

table 6 : explain SELECT c FROM sbtest6 WHERE id=4213605
	Index Scan using sbtest6_pkey on sbtest6  (cost=0.43..8.45 rows=1 width=121)
	  Index Cond: (id = 4213605)

table 7 : explain SELECT c FROM sbtest7 WHERE id=2350420
	Index Scan using sbtest7_pkey on sbtest7  (cost=0.43..8.45 rows=1 width=121)
	  Index Cond: (id = 2350420)

table 8 : explain SELECT c FROM sbtest8 WHERE id=6572037
	Index Scan using sbtest8_pkey on sbtest8  (cost=0.43..8.45 rows=1 width=121)
	  Index Cond: (id = 6572037)

for: distinct_ranges
table 1 : explain SELECT DISTINCT c FROM sbtest1 WHERE id BETWEEN 8908337 AND 8909336 ORDER BY c
	Unique  (cost=4275.10..4280.56 rows=1092 width=121)
	  ->  Sort  (cost=4275.10..4277.83 rows=1092 width=121)
	        Sort Key: c
	        ->  Bitmap Heap Scan on sbtest1  (cost=35.63..4219.99 rows=1092 width=121)
	              Recheck Cond: ((id >= 8908337) AND (id <= 8909336))
	              ->  Bitmap Index Scan on sbtest1_pkey  (cost=0.00..35.36 rows=1092 width=0)
	                    Index Cond: ((id >= 8908337) AND (id <= 8909336))

table 2 : explain SELECT DISTINCT c FROM sbtest2 WHERE id BETWEEN 1078430 AND 1079429 ORDER BY c
	Unique  (cost=4103.97..4109.20 rows=1047 width=121)
	  ->  Sort  (cost=4103.97..4106.58 rows=1047 width=121)
	        Sort Key: c
	        ->  Bitmap Heap Scan on sbtest2  (cost=35.17..4051.45 rows=1047 width=121)
	              Recheck Cond: ((id >= 1078430) AND (id <= 1079429))
	              ->  Bitmap Index Scan on sbtest2_pkey  (cost=0.00..34.91 rows=1047 width=0)
	                    Index Cond: ((id >= 1078430) AND (id <= 1079429))

table 3 : explain SELECT DISTINCT c FROM sbtest3 WHERE id BETWEEN 8434443 AND 8435442 ORDER BY c
	Unique  (cost=3564.39..3568.92 rows=907 width=121)
	  ->  Sort  (cost=3564.39..3566.65 rows=907 width=121)
	        Sort Key: c
	        ->  Bitmap Heap Scan on sbtest3  (cost=29.73..3519.83 rows=907 width=121)
	              Recheck Cond: ((id >= 8434443) AND (id <= 8435442))
	              ->  Bitmap Index Scan on sbtest3_pkey  (cost=0.00..29.50 rows=907 width=0)
	                    Index Cond: ((id >= 8434443) AND (id <= 8435442))

table 4 : explain SELECT DISTINCT c FROM sbtest4 WHERE id BETWEEN 3085498 AND 3086497 ORDER BY c
	Unique  (cost=3923.79..3928.78 rows=998 width=121)
	  ->  Sort  (cost=3923.79..3926.29 rows=998 width=121)
	        Sort Key: c
	        ->  Bitmap Heap Scan on sbtest4  (cost=34.66..3874.08 rows=998 width=121)
	              Recheck Cond: ((id >= 3085498) AND (id <= 3086497))
	              ->  Bitmap Index Scan on sbtest4_pkey  (cost=0.00..34.42 rows=998 width=0)
	                    Index Cond: ((id >= 3085498) AND (id <= 3086497))

table 5 : explain SELECT DISTINCT c FROM sbtest5 WHERE id BETWEEN 7923708 AND 7924707 ORDER BY c
	Unique  (cost=3754.93..3759.70 rows=954 width=121)
	  ->  Sort  (cost=3754.93..3757.32 rows=954 width=121)
	        Sort Key: c
	        ->  Bitmap Heap Scan on sbtest5  (cost=34.21..3707.72 rows=954 width=121)
	              Recheck Cond: ((id >= 7923708) AND (id <= 7924707))
	              ->  Bitmap Index Scan on sbtest5_pkey  (cost=0.00..33.98 rows=954 width=0)
	                    Index Cond: ((id >= 7923708) AND (id <= 7924707))

table 6 : explain SELECT DISTINCT c FROM sbtest6 WHERE id BETWEEN 8652942 AND 8653941 ORDER BY c
	Unique  (cost=3783.68..3788.50 rows=963 width=121)
	  ->  Sort  (cost=3783.68..3786.09 rows=963 width=121)
	        Sort Key: c
	        ->  Bitmap Heap Scan on sbtest6  (cost=34.31..3735.96 rows=963 width=121)
	              Recheck Cond: ((id >= 8652942) AND (id <= 8653941))
	              ->  Bitmap Index Scan on sbtest6_pkey  (cost=0.00..34.07 rows=963 width=0)
	                    Index Cond: ((id >= 8652942) AND (id <= 8653941))

table 7 : explain SELECT DISTINCT c FROM sbtest7 WHERE id BETWEEN 1913790 AND 1914789 ORDER BY c
	Unique  (cost=3881.37..3886.31 rows=989 width=121)
	  ->  Sort  (cost=3881.37..3883.84 rows=989 width=121)
	        Sort Key: c
	        ->  Bitmap Heap Scan on sbtest7  (cost=34.57..3832.17 rows=989 width=121)
	              Recheck Cond: ((id >= 1913790) AND (id <= 1914789))
	              ->  Bitmap Index Scan on sbtest7_pkey  (cost=0.00..34.33 rows=989 width=0)
	                    Index Cond: ((id >= 1913790) AND (id <= 1914789))

table 8 : explain SELECT DISTINCT c FROM sbtest8 WHERE id BETWEEN 2924259 AND 2925258 ORDER BY c
	Unique  (cost=3402.69..3407.02 rows=865 width=121)
	  ->  Sort  (cost=3402.69..3404.85 rows=865 width=121)
	        Sort Key: c
	        ->  Bitmap Heap Scan on sbtest8  (cost=29.30..3360.49 rows=865 width=121)
	              Recheck Cond: ((id >= 2924259) AND (id <= 2925258))
	              ->  Bitmap Index Scan on sbtest8_pkey  (cost=0.00..29.08 rows=865 width=0)
	                    Index Cond: ((id >= 2924259) AND (id <= 2925258))

for: distinct_ranges
table 1 : explain SELECT DISTINCT c FROM sbtest1 WHERE id BETWEEN 4477385 AND 4478384 ORDER BY c
	Unique  (cost=3877.86..3882.80 rows=988 width=121)
	  ->  Sort  (cost=3877.86..3880.33 rows=988 width=121)
	        Sort Key: c
	        ->  Bitmap Heap Scan on sbtest1  (cost=34.56..3828.71 rows=988 width=121)
	              Recheck Cond: ((id >= 4477385) AND (id <= 4478384))
	              ->  Bitmap Index Scan on sbtest1_pkey  (cost=0.00..34.32 rows=988 width=0)
	                    Index Cond: ((id >= 4477385) AND (id <= 4478384))

table 2 : explain SELECT DISTINCT c FROM sbtest2 WHERE id BETWEEN 3967496 AND 3968495 ORDER BY c
	Unique  (cost=4035.20..4040.34 rows=1029 width=121)
	  ->  Sort  (cost=4035.20..4037.77 rows=1029 width=121)
	        Sort Key: c
	        ->  Bitmap Heap Scan on sbtest2  (cost=34.98..3983.71 rows=1029 width=121)
	              Recheck Cond: ((id >= 3967496) AND (id <= 3968495))
	              ->  Bitmap Index Scan on sbtest2_pkey  (cost=0.00..34.73 rows=1029 width=0)
	                    Index Cond: ((id >= 3967496) AND (id <= 3968495))

table 3 : explain SELECT DISTINCT c FROM sbtest3 WHERE id BETWEEN 1533355 AND 1534354 ORDER BY c
	Unique  (cost=3966.80..3971.85 rows=1011 width=121)
	  ->  Sort  (cost=3966.80..3969.33 rows=1011 width=121)
	        Sort Key: c
	        ->  Bitmap Heap Scan on sbtest3  (cost=34.80..3916.34 rows=1011 width=121)
	              Recheck Cond: ((id >= 1533355) AND (id <= 1534354))
	              ->  Bitmap Index Scan on sbtest3_pkey  (cost=0.00..34.55 rows=1011 width=0)
	                    Index Cond: ((id >= 1533355) AND (id <= 1534354))

table 4 : explain SELECT DISTINCT c FROM sbtest4 WHERE id BETWEEN 9367795 AND 9368794 ORDER BY c
	Unique  (cost=3981.32..3986.39 rows=1013 width=121)
	  ->  Sort  (cost=3981.32..3983.85 rows=1013 width=121)
	        Sort Key: c
	        ->  Bitmap Heap Scan on sbtest4  (cost=34.82..3930.75 rows=1013 width=121)
	              Recheck Cond: ((id >= 9367795) AND (id <= 9368794))
	              ->  Bitmap Index Scan on sbtest4_pkey  (cost=0.00..34.57 rows=1013 width=0)
	                    Index Cond: ((id >= 9367795) AND (id <= 9368794))

table 5 : explain SELECT DISTINCT c FROM sbtest5 WHERE id BETWEEN 4268104 AND 4269103 ORDER BY c
	Unique  (cost=4038.88..4044.02 rows=1028 width=121)
	  ->  Sort  (cost=4038.88..4041.45 rows=1028 width=121)
	        Sort Key: c
	        ->  Bitmap Heap Scan on sbtest5  (cost=34.97..3987.45 rows=1028 width=121)
	              Recheck Cond: ((id >= 4268104) AND (id <= 4269103))
	              ->  Bitmap Index Scan on sbtest5_pkey  (cost=0.00..34.72 rows=1028 width=0)
	                    Index Cond: ((id >= 4268104) AND (id <= 4269103))

table 6 : explain SELECT DISTINCT c FROM sbtest6 WHERE id BETWEEN 7783243 AND 7784242 ORDER BY c
	Unique  (cost=3944.49..3949.52 rows=1005 width=121)
	  ->  Sort  (cost=3944.49..3947.00 rows=1005 width=121)
	        Sort Key: c
	        ->  Bitmap Heap Scan on sbtest6  (cost=34.74..3894.38 rows=1005 width=121)
	              Recheck Cond: ((id >= 7783243) AND (id <= 7784242))
	              ->  Bitmap Index Scan on sbtest6_pkey  (cost=0.00..34.48 rows=1005 width=0)
	                    Index Cond: ((id >= 7783243) AND (id <= 7784242))

table 7 : explain SELECT DISTINCT c FROM sbtest7 WHERE id BETWEEN 3376981 AND 3377980 ORDER BY c
	Unique  (cost=4118.30..4123.56 rows=1051 width=121)
	  ->  Sort  (cost=4118.30..4120.93 rows=1051 width=121)
	        Sort Key: c
	        ->  Bitmap Heap Scan on sbtest7  (cost=35.21..4065.55 rows=1051 width=121)
	              Recheck Cond: ((id >= 3376981) AND (id <= 3377980))
	              ->  Bitmap Index Scan on sbtest7_pkey  (cost=0.00..34.95 rows=1051 width=0)
	                    Index Cond: ((id >= 3376981) AND (id <= 3377980))

table 8 : explain SELECT DISTINCT c FROM sbtest8 WHERE id BETWEEN 3459620 AND 3460619 ORDER BY c
	Unique  (cost=3667.65..3672.32 rows=933 width=121)
	  ->  Sort  (cost=3667.65..3669.99 rows=933 width=121)
	        Sort Key: c
	        ->  Bitmap Heap Scan on sbtest8  (cost=34.00..3621.63 rows=933 width=121)
	              Recheck Cond: ((id >= 3459620) AND (id <= 3460619))
	              ->  Bitmap Index Scan on sbtest8_pkey  (cost=0.00..33.77 rows=933 width=0)
	                    Index Cond: ((id >= 3459620) AND (id <= 3460619))

for: order_ranges
table 1 : explain SELECT c FROM sbtest1 WHERE id BETWEEN 7815432 AND 7816431 ORDER BY c
	Sort  (cost=3667.08..3669.42 rows=934 width=121)
	  Sort Key: c
	  ->  Bitmap Heap Scan on sbtest1  (cost=30.01..3621.00 rows=934 width=121)
	        Recheck Cond: ((id >= 7815432) AND (id <= 7816431))
	        ->  Bitmap Index Scan on sbtest1_pkey  (cost=0.00..29.77 rows=934 width=0)
	              Index Cond: ((id >= 7815432) AND (id <= 7816431))

table 2 : explain SELECT c FROM sbtest2 WHERE id BETWEEN 6302633 AND 6303632 ORDER BY c
	Sort  (cost=4050.48..4053.06 rows=1033 width=121)
	  Sort Key: c
	  ->  Bitmap Heap Scan on sbtest2  (cost=35.02..3998.77 rows=1033 width=121)
	        Recheck Cond: ((id >= 6302633) AND (id <= 6303632))
	        ->  Bitmap Index Scan on sbtest2_pkey  (cost=0.00..34.77 rows=1033 width=0)
	              Index Cond: ((id >= 6302633) AND (id <= 6303632))

table 3 : explain SELECT c FROM sbtest3 WHERE id BETWEEN 1513827 AND 1514826 ORDER BY c
	Sort  (cost=3966.80..3969.33 rows=1011 width=121)
	  Sort Key: c
	  ->  Bitmap Heap Scan on sbtest3  (cost=34.80..3916.34 rows=1011 width=121)
	        Recheck Cond: ((id >= 1513827) AND (id <= 1514826))
	        ->  Bitmap Index Scan on sbtest3_pkey  (cost=0.00..34.55 rows=1011 width=0)
	              Index Cond: ((id >= 1513827) AND (id <= 1514826))

table 4 : explain SELECT c FROM sbtest4 WHERE id BETWEEN 319631 AND 320630 ORDER BY c
	Sort  (cost=4046.49..4049.07 rows=1030 width=121)
	  Sort Key: c
	  ->  Bitmap Heap Scan on sbtest4  (cost=34.99..3994.95 rows=1030 width=121)
	        Recheck Cond: ((id >= 319631) AND (id <= 320630))
	        ->  Bitmap Index Scan on sbtest4_pkey  (cost=0.00..34.73 rows=1030 width=0)
	              Index Cond: ((id >= 319631) AND (id <= 320630))

table 5 : explain SELECT c FROM sbtest5 WHERE id BETWEEN 1258695 AND 1259694 ORDER BY c
	Sort  (cost=3981.37..3983.91 rows=1013 width=121)
	  Sort Key: c
	  ->  Bitmap Heap Scan on sbtest5  (cost=34.82..3930.80 rows=1013 width=121)
	        Recheck Cond: ((id >= 1258695) AND (id <= 1259694))
	        ->  Bitmap Index Scan on sbtest5_pkey  (cost=0.00..34.57 rows=1013 width=0)
	              Index Cond: ((id >= 1258695) AND (id <= 1259694))

table 6 : explain SELECT c FROM sbtest6 WHERE id BETWEEN 1171759 AND 1172758 ORDER BY c
	Sort  (cost=4162.39..4165.05 rows=1062 width=121)
	  Sort Key: c
	  ->  Bitmap Heap Scan on sbtest6  (cost=35.32..4109.01 rows=1062 width=121)
	        Recheck Cond: ((id >= 1171759) AND (id <= 1172758))
	        ->  Bitmap Index Scan on sbtest6_pkey  (cost=0.00..35.06 rows=1062 width=0)
	              Index Cond: ((id >= 1171759) AND (id <= 1172758))

table 7 : explain SELECT c FROM sbtest7 WHERE id BETWEEN 624703 AND 625702 ORDER BY c
	Sort  (cost=3969.32..3971.85 rows=1012 width=121)
	  Sort Key: c
	  ->  Bitmap Heap Scan on sbtest7  (cost=34.81..3918.80 rows=1012 width=121)
	        Recheck Cond: ((id >= 624703) AND (id <= 625702))
	        ->  Bitmap Index Scan on sbtest7_pkey  (cost=0.00..34.56 rows=1012 width=0)
	              Index Cond: ((id >= 624703) AND (id <= 625702))

table 8 : explain SELECT c FROM sbtest8 WHERE id BETWEEN 4485955 AND 4486954 ORDER BY c
	Sort  (cost=3725.14..3727.51 rows=948 width=121)
	  Sort Key: c
	  ->  Bitmap Heap Scan on sbtest8  (cost=34.15..3678.27 rows=948 width=121)
	        Recheck Cond: ((id >= 4485955) AND (id <= 4486954))
	        ->  Bitmap Index Scan on sbtest8_pkey  (cost=0.00..33.92 rows=948 width=0)
	              Index Cond: ((id >= 4485955) AND (id <= 4486954))

for: simple_ranges
table 1 : explain SELECT c FROM sbtest1 WHERE id BETWEEN 1236696 AND 1237695
	Bitmap Heap Scan on sbtest1  (cost=35.18..4054.62 rows=1048 width=121)
	  Recheck Cond: ((id >= 1236696) AND (id <= 1237695))
	  ->  Bitmap Index Scan on sbtest1_pkey  (cost=0.00..34.92 rows=1048 width=0)
	        Index Cond: ((id >= 1236696) AND (id <= 1237695))

table 2 : explain SELECT c FROM sbtest2 WHERE id BETWEEN 4532918 AND 4533917
	Bitmap Heap Scan on sbtest2  (cost=34.98..3983.71 rows=1029 width=121)
	  Recheck Cond: ((id >= 4532918) AND (id <= 4533917))
	  ->  Bitmap Index Scan on sbtest2_pkey  (cost=0.00..34.73 rows=1029 width=0)
	        Index Cond: ((id >= 4532918) AND (id <= 4533917))

table 3 : explain SELECT c FROM sbtest3 WHERE id BETWEEN 2362939 AND 2363938
	Bitmap Heap Scan on sbtest3  (cost=29.93..3591.65 rows=926 width=121)
	  Recheck Cond: ((id >= 2362939) AND (id <= 2363938))
	  ->  Bitmap Index Scan on sbtest3_pkey  (cost=0.00..29.69 rows=926 width=0)
	        Index Cond: ((id >= 2362939) AND (id <= 2363938))

table 4 : explain SELECT c FROM sbtest4 WHERE id BETWEEN 5020716 AND 5021715
	Bitmap Heap Scan on sbtest4  (cost=34.47..3802.25 rows=979 width=121)
	  Recheck Cond: ((id >= 5020716) AND (id <= 5021715))
	  ->  Bitmap Index Scan on sbtest4_pkey  (cost=0.00..34.23 rows=979 width=0)
	        Index Cond: ((id >= 5020716) AND (id <= 5021715))

table 5 : explain SELECT c FROM sbtest5 WHERE id BETWEEN 6420435 AND 6421434
	Bitmap Heap Scan on sbtest5  (cost=35.16..4055.39 rows=1046 width=121)
	  Recheck Cond: ((id >= 6420435) AND (id <= 6421434))
	  ->  Bitmap Index Scan on sbtest5_pkey  (cost=0.00..34.90 rows=1046 width=0)
	        Index Cond: ((id >= 6420435) AND (id <= 6421434))

table 6 : explain SELECT c FROM sbtest6 WHERE id BETWEEN 9766854 AND 9767853
	Bitmap Heap Scan on sbtest6  (cost=35.76..4270.66 rows=1105 width=121)
	  Recheck Cond: ((id >= 9766854) AND (id <= 9767853))
	  ->  Bitmap Index Scan on sbtest6_pkey  (cost=0.00..35.48 rows=1105 width=0)
	        Index Cond: ((id >= 9766854) AND (id <= 9767853))

table 7 : explain SELECT c FROM sbtest7 WHERE id BETWEEN 4568814 AND 4569813
	Bitmap Heap Scan on sbtest7  (cost=34.87..3941.39 rows=1018 width=121)
	  Recheck Cond: ((id >= 4568814) AND (id <= 4569813))
	  ->  Bitmap Index Scan on sbtest7_pkey  (cost=0.00..34.62 rows=1018 width=0)
	        Index Cond: ((id >= 4568814) AND (id <= 4569813))

table 8 : explain SELECT c FROM sbtest8 WHERE id BETWEEN 2120075 AND 2121074
	Bitmap Heap Scan on sbtest8  (cost=34.41..3772.60 rows=973 width=121)
	  Recheck Cond: ((id >= 2120075) AND (id <= 2121074))
	  ->  Bitmap Index Scan on sbtest8_pkey  (cost=0.00..34.17 rows=973 width=0)
	        Index Cond: ((id >= 2120075) AND (id <= 2121074))

explain: for point_selects :: explain SELECT c FROM sbtest%u WHERE id=%u
for: simple_ranges
table 1 : explain SELECT c FROM sbtest1 WHERE id BETWEEN 5653050 AND 5654049
	Bitmap Heap Scan on sbtest1  (cost=29.97..3605.90 rows=930 width=121)
	  Recheck Cond: ((id >= 5653050) AND (id <= 5654049))
	  ->  Bitmap Index Scan on sbtest1_pkey  (cost=0.00..29.73 rows=930 width=0)
	        Index Cond: ((id >= 5653050) AND (id <= 5654049))

table 2 : explain SELECT c FROM sbtest2 WHERE id BETWEEN 9790779 AND 9791778
	Bitmap Heap Scan on sbtest2  (cost=34.75..3897.09 rows=1006 width=121)
	  Recheck Cond: ((id >= 9790779) AND (id <= 9791778))
	  ->  Bitmap Index Scan on sbtest2_pkey  (cost=0.00..34.50 rows=1006 width=0)
	        Index Cond: ((id >= 9790779) AND (id <= 9791778))

table 3 : explain SELECT c FROM sbtest3 WHERE id BETWEEN 6941622 AND 6942621
	Bitmap Heap Scan on sbtest3  (cost=35.23..4074.46 rows=1053 width=121)
	  Recheck Cond: ((id >= 6941622) AND (id <= 6942621))
	  ->  Bitmap Index Scan on sbtest3_pkey  (cost=0.00..34.97 rows=1053 width=0)
	        Index Cond: ((id >= 6941622) AND (id <= 6942621))

table 4 : explain SELECT c FROM sbtest4 WHERE id BETWEEN 6575057 AND 6576056
	Bitmap Heap Scan on sbtest4  (cost=35.13..4044.02 rows=1043 width=121)
	  Recheck Cond: ((id >= 6575057) AND (id <= 6576056))
	  ->  Bitmap Index Scan on sbtest4_pkey  (cost=0.00..34.87 rows=1043 width=0)
	        Index Cond: ((id >= 6575057) AND (id <= 6576056))

table 5 : explain SELECT c FROM sbtest5 WHERE id BETWEEN 5851417 AND 5852416
	Bitmap Heap Scan on sbtest5  (cost=33.99..3624.42 rows=932 width=121)
	  Recheck Cond: ((id >= 5851417) AND (id <= 5852416))
	  ->  Bitmap Index Scan on sbtest5_pkey  (cost=0.00..33.76 rows=932 width=0)
	        Index Cond: ((id >= 5851417) AND (id <= 5852416))

table 6 : explain SELECT c FROM sbtest6 WHERE id BETWEEN 9412920 AND 9413919
	Bitmap Heap Scan on sbtest6  (cost=34.51..3811.43 rows=983 width=121)
	  Recheck Cond: ((id >= 9412920) AND (id <= 9413919))
	  ->  Bitmap Index Scan on sbtest6_pkey  (cost=0.00..34.27 rows=983 width=0)
	        Index Cond: ((id >= 9412920) AND (id <= 9413919))

table 7 : explain SELECT c FROM sbtest7 WHERE id BETWEEN 2478298 AND 2479297
	Bitmap Heap Scan on sbtest7  (cost=34.61..3847.24 rows=993 width=121)
	  Recheck Cond: ((id >= 2478298) AND (id <= 2479297))
	  ->  Bitmap Index Scan on sbtest7_pkey  (cost=0.00..34.37 rows=993 width=0)
	        Index Cond: ((id >= 2478298) AND (id <= 2479297))

table 8 : explain SELECT c FROM sbtest8 WHERE id BETWEEN 2086992 AND 2087991
	Bitmap Heap Scan on sbtest8  (cost=34.41..3772.60 rows=973 width=121)
	  Recheck Cond: ((id >= 2086992) AND (id <= 2087991))
	  ->  Bitmap Index Scan on sbtest8_pkey  (cost=0.00..34.17 rows=973 width=0)
	        Index Cond: ((id >= 2086992) AND (id <= 2087991))

for: simple_ranges
table 1 : explain SELECT c FROM sbtest1 WHERE id BETWEEN 521605 AND 522604
	Bitmap Heap Scan on sbtest1  (cost=29.26..3344.99 rows=861 width=121)
	  Recheck Cond: ((id >= 521605) AND (id <= 522604))
	  ->  Bitmap Index Scan on sbtest1_pkey  (cost=0.00..29.04 rows=861 width=0)
	        Index Cond: ((id >= 521605) AND (id <= 522604))

table 2 : explain SELECT c FROM sbtest2 WHERE id BETWEEN 1219585 AND 1220584
	Bitmap Heap Scan on sbtest2  (cost=35.30..4100.35 rows=1060 width=121)
	  Recheck Cond: ((id >= 1219585) AND (id <= 1220584))
	  ->  Bitmap Index Scan on sbtest2_pkey  (cost=0.00..35.04 rows=1060 width=0)
	        Index Cond: ((id >= 1219585) AND (id <= 1220584))

table 3 : explain SELECT c FROM sbtest3 WHERE id BETWEEN 7450704 AND 7451703
	Bitmap Heap Scan on sbtest3  (cost=35.31..4104.55 rows=1061 width=121)
	  Recheck Cond: ((id >= 7450704) AND (id <= 7451703))
	  ->  Bitmap Index Scan on sbtest3_pkey  (cost=0.00..35.05 rows=1061 width=0)
	        Index Cond: ((id >= 7450704) AND (id <= 7451703))

table 4 : explain SELECT c FROM sbtest4 WHERE id BETWEEN 464485 AND 465484
	Bitmap Heap Scan on sbtest4  (cost=34.78..3915.64 rows=1009 width=121)
	  Recheck Cond: ((id >= 464485) AND (id <= 465484))
	  ->  Bitmap Index Scan on sbtest4_pkey  (cost=0.00..34.53 rows=1009 width=0)
	        Index Cond: ((id >= 464485) AND (id <= 465484))

table 5 : explain SELECT c FROM sbtest5 WHERE id BETWEEN 8543470 AND 8544469
	Bitmap Heap Scan on sbtest5  (cost=29.80..3552.23 rows=914 width=121)
	  Recheck Cond: ((id >= 8543470) AND (id <= 8544469))
	  ->  Bitmap Index Scan on sbtest5_pkey  (cost=0.00..29.57 rows=914 width=0)
	        Index Cond: ((id >= 8543470) AND (id <= 8544469))

table 6 : explain SELECT c FROM sbtest6 WHERE id BETWEEN 7386881 AND 7387880
	Bitmap Heap Scan on sbtest6  (cost=34.88..3947.13 rows=1019 width=121)
	  Recheck Cond: ((id >= 7386881) AND (id <= 7387880))
	  ->  Bitmap Index Scan on sbtest6_pkey  (cost=0.00..34.62 rows=1019 width=0)
	        Index Cond: ((id >= 7386881) AND (id <= 7387880))

table 7 : explain SELECT c FROM sbtest7 WHERE id BETWEEN 8525891 AND 8526890
	Bitmap Heap Scan on sbtest7  (cost=35.66..4230.89 rows=1095 width=121)
	  Recheck Cond: ((id >= 8525891) AND (id <= 8526890))
	  ->  Bitmap Index Scan on sbtest7_pkey  (cost=0.00..35.39 rows=1095 width=0)
	        Index Cond: ((id >= 8525891) AND (id <= 8526890))

table 8 : explain SELECT c FROM sbtest8 WHERE id BETWEEN 6735570 AND 6736569
	Bitmap Heap Scan on sbtest8  (cost=33.96..3606.52 rows=929 width=121)
	  Recheck Cond: ((id >= 6735570) AND (id <= 6736569))
	  ->  Bitmap Index Scan on sbtest8_pkey  (cost=0.00..33.73 rows=929 width=0)
	        Index Cond: ((id >= 6735570) AND (id <= 6736569))

for: distinct_ranges
table 1 : explain SELECT DISTINCT c FROM sbtest1 WHERE id BETWEEN 4361074 AND 4362073 ORDER BY c
	Unique  (cost=3896.99..3901.95 rows=993 width=121)
	  ->  Sort  (cost=3896.99..3899.47 rows=993 width=121)
	        Sort Key: c
	        ->  Bitmap Heap Scan on sbtest1  (cost=34.61..3847.56 rows=993 width=121)
	              Recheck Cond: ((id >= 4361074) AND (id <= 4362073))
	              ->  Bitmap Index Scan on sbtest1_pkey  (cost=0.00..34.37 rows=993 width=0)
	                    Index Cond: ((id >= 4361074) AND (id <= 4362073))

table 2 : explain SELECT DISTINCT c FROM sbtest2 WHERE id BETWEEN 8596421 AND 8597420 ORDER BY c
	Unique  (cost=4061.94..4067.12 rows=1036 width=121)
	  ->  Sort  (cost=4061.94..4064.53 rows=1036 width=121)
	        Sort Key: c
	        ->  Bitmap Heap Scan on sbtest2  (cost=35.05..4010.06 rows=1036 width=121)
	              Recheck Cond: ((id >= 8596421) AND (id <= 8597420))
	              ->  Bitmap Index Scan on sbtest2_pkey  (cost=0.00..34.80 rows=1036 width=0)
	                    Index Cond: ((id >= 8596421) AND (id <= 8597420))

table 3 : explain SELECT DISTINCT c FROM sbtest3 WHERE id BETWEEN 382167 AND 383166 ORDER BY c
	Unique  (cost=3940.02..3945.04 rows=1004 width=121)
	  ->  Sort  (cost=3940.02..3942.53 rows=1004 width=121)
	        Sort Key: c
	        ->  Bitmap Heap Scan on sbtest3  (cost=34.73..3889.97 rows=1004 width=121)
	              Recheck Cond: ((id >= 382167) AND (id <= 383166))
	              ->  Bitmap Index Scan on sbtest3_pkey  (cost=0.00..34.48 rows=1004 width=0)
	                    Index Cond: ((id >= 382167) AND (id <= 383166))

table 4 : explain SELECT DISTINCT c FROM sbtest4 WHERE id BETWEEN 1822742 AND 1823741 ORDER BY c
	Unique  (cost=3923.79..3928.78 rows=998 width=121)
	  ->  Sort  (cost=3923.79..3926.29 rows=998 width=121)
	        Sort Key: c
	        ->  Bitmap Heap Scan on sbtest4  (cost=34.66..3874.08 rows=998 width=121)
	              Recheck Cond: ((id >= 1822742) AND (id <= 1823741))
	              ->  Bitmap Index Scan on sbtest4_pkey  (cost=0.00..34.42 rows=998 width=0)
	                    Index Cond: ((id >= 1822742) AND (id <= 1823741))

table 5 : explain SELECT DISTINCT c FROM sbtest5 WHERE id BETWEEN 5290852 AND 5291851 ORDER BY c
	Unique  (cost=4291.60..4297.07 rows=1094 width=121)
	  ->  Sort  (cost=4291.60..4294.33 rows=1094 width=121)
	        Sort Key: c
	        ->  Bitmap Heap Scan on sbtest5  (cost=35.65..4236.38 rows=1094 width=121)
	              Recheck Cond: ((id >= 5290852) AND (id <= 5291851))
	              ->  Bitmap Index Scan on sbtest5_pkey  (cost=0.00..35.38 rows=1094 width=0)
	                    Index Cond: ((id >= 5290852) AND (id <= 5291851))

table 6 : explain SELECT DISTINCT c FROM sbtest6 WHERE id BETWEEN 3537508 AND 3538507 ORDER BY c
	Unique  (cost=3910.05..3915.03 rows=996 width=121)
	  ->  Sort  (cost=3910.05..3912.54 rows=996 width=121)
	        Sort Key: c
	        ->  Bitmap Heap Scan on sbtest6  (cost=34.64..3860.45 rows=996 width=121)
	              Recheck Cond: ((id >= 3537508) AND (id <= 3538507))
	              ->  Bitmap Index Scan on sbtest6_pkey  (cost=0.00..34.40 rows=996 width=0)
	                    Index Cond: ((id >= 3537508) AND (id <= 3538507))

table 7 : explain SELECT DISTINCT c FROM sbtest7 WHERE id BETWEEN 343831 AND 344830 ORDER BY c
	Unique  (cost=3689.95..3694.65 rows=939 width=121)
	  ->  Sort  (cost=3689.95..3692.30 rows=939 width=121)
	        Sort Key: c
	        ->  Bitmap Heap Scan on sbtest7  (cost=34.06..3643.59 rows=939 width=121)
	              Recheck Cond: ((id >= 343831) AND (id <= 344830))
	              ->  Bitmap Index Scan on sbtest7_pkey  (cost=0.00..33.83 rows=939 width=0)
	                    Index Cond: ((id >= 343831) AND (id <= 344830))

table 8 : explain SELECT DISTINCT c FROM sbtest8 WHERE id BETWEEN 1080606 AND 1081605 ORDER BY c
	Unique  (cost=4168.77..4174.09 rows=1064 width=121)
	  ->  Sort  (cost=4168.77..4171.43 rows=1064 width=121)
	        Sort Key: c
	        ->  Bitmap Heap Scan on sbtest8  (cost=35.34..4115.27 rows=1064 width=121)
	              Recheck Cond: ((id >= 1080606) AND (id <= 1081605))
	              ->  Bitmap Index Scan on sbtest8_pkey  (cost=0.00..35.08 rows=1064 width=0)
	                    Index Cond: ((id >= 1080606) AND (id <= 1081605))

for: simple_ranges
table 1 : explain SELECT c FROM sbtest1 WHERE id BETWEEN 4764049 AND 4765048
	Bitmap Heap Scan on sbtest1  (cost=30.14..3670.08 rows=947 width=121)
	  Recheck Cond: ((id >= 4764049) AND (id <= 4765048))
	  ->  Bitmap Index Scan on sbtest1_pkey  (cost=0.00..29.90 rows=947 width=0)
	        Index Cond: ((id >= 4764049) AND (id <= 4765048))

table 2 : explain SELECT c FROM sbtest2 WHERE id BETWEEN 4562133 AND 4563132
	Bitmap Heap Scan on sbtest2  (cost=34.98..3983.71 rows=1029 width=121)
	  Recheck Cond: ((id >= 4562133) AND (id <= 4563132))
	  ->  Bitmap Index Scan on sbtest2_pkey  (cost=0.00..34.73 rows=1029 width=0)
	        Index Cond: ((id >= 4562133) AND (id <= 4563132))

table 3 : explain SELECT c FROM sbtest3 WHERE id BETWEEN 7345656 AND 7346655
	Bitmap Heap Scan on sbtest3  (cost=29.90..3580.31 rows=923 width=121)
	  Recheck Cond: ((id >= 7345656) AND (id <= 7346655))
	  ->  Bitmap Index Scan on sbtest3_pkey  (cost=0.00..29.66 rows=923 width=0)
	        Index Cond: ((id >= 7345656) AND (id <= 7346655))

table 4 : explain SELECT c FROM sbtest4 WHERE id BETWEEN 1648416 AND 1649415
	Bitmap Heap Scan on sbtest4  (cost=35.24..4085.52 rows=1054 width=121)
	  Recheck Cond: ((id >= 1648416) AND (id <= 1649415))
	  ->  Bitmap Index Scan on sbtest4_pkey  (cost=0.00..34.98 rows=1054 width=0)
	        Index Cond: ((id >= 1648416) AND (id <= 1649415))

table 5 : explain SELECT c FROM sbtest5 WHERE id BETWEEN 2907288 AND 2908287
	Bitmap Heap Scan on sbtest5  (cost=34.57..3840.11 rows=989 width=121)
	  Recheck Cond: ((id >= 2907288) AND (id <= 2908287))
	  ->  Bitmap Index Scan on sbtest5_pkey  (cost=0.00..34.33 rows=989 width=0)
	        Index Cond: ((id >= 2907288) AND (id <= 2908287))

table 6 : explain SELECT c FROM sbtest6 WHERE id BETWEEN 9903703 AND 9904702
	Bitmap Heap Scan on sbtest6  (cost=34.25..3717.09 rows=958 width=121)
	  Recheck Cond: ((id >= 9903703) AND (id <= 9904702))
	  ->  Bitmap Index Scan on sbtest6_pkey  (cost=0.00..34.02 rows=958 width=0)
	        Index Cond: ((id >= 9903703) AND (id <= 9904702))

table 7 : explain SELECT c FROM sbtest7 WHERE id BETWEEN 1150710 AND 1151709
	Bitmap Heap Scan on sbtest7  (cost=34.81..3918.80 rows=1012 width=121)
	  Recheck Cond: ((id >= 1150710) AND (id <= 1151709))
	  ->  Bitmap Index Scan on sbtest7_pkey  (cost=0.00..34.56 rows=1012 width=0)
	        Index Cond: ((id >= 1150710) AND (id <= 1151709))

table 8 : explain SELECT c FROM sbtest8 WHERE id BETWEEN 1915188 AND 1916187
	Bitmap Heap Scan on sbtest8  (cost=34.50..3806.53 rows=982 width=121)
	  Recheck Cond: ((id >= 1915188) AND (id <= 1916187))
	  ->  Bitmap Index Scan on sbtest8_pkey  (cost=0.00..34.26 rows=982 width=0)
	        Index Cond: ((id >= 1915188) AND (id <= 1916187))

for: sum_ranges
table 1 : explain SELECT SUM(k) FROM sbtest1 WHERE id BETWEEN 9640346 AND 9641345
	Aggregate  (cost=4331.68..4331.69 rows=1 width=8)
	  ->  Bitmap Heap Scan on sbtest1  (cost=35.94..4328.88 rows=1122 width=4)
	        Recheck Cond: ((id >= 9640346) AND (id <= 9641345))
	        ->  Bitmap Index Scan on sbtest1_pkey  (cost=0.00..35.66 rows=1122 width=0)
	              Index Cond: ((id >= 9640346) AND (id <= 9641345))

table 2 : explain SELECT SUM(k) FROM sbtest2 WHERE id BETWEEN 8328788 AND 8329787
	Aggregate  (cost=3714.73..3714.74 rows=1 width=8)
	  ->  Bitmap Heap Scan on sbtest2  (cost=34.24..3712.33 rows=957 width=4)
	        Recheck Cond: ((id >= 8328788) AND (id <= 8329787))
	        ->  Bitmap Index Scan on sbtest2_pkey  (cost=0.00..34.01 rows=957 width=0)
	              Index Cond: ((id >= 8328788) AND (id <= 8329787))

table 3 : explain SELECT SUM(k) FROM sbtest3 WHERE id BETWEEN 710911 AND 711910
	Aggregate  (cost=3571.27..3571.28 rows=1 width=8)
	  ->  Bitmap Heap Scan on sbtest3  (cost=29.87..3568.97 rows=920 width=4)
	        Recheck Cond: ((id >= 710911) AND (id <= 711910))
	        ->  Bitmap Index Scan on sbtest3_pkey  (cost=0.00..29.64 rows=920 width=0)
	              Index Cond: ((id >= 710911) AND (id <= 711910))

table 4 : explain SELECT SUM(k) FROM sbtest4 WHERE id BETWEEN 4144217 AND 4145216
	Aggregate  (cost=3634.29..3634.30 rows=1 width=8)
	  ->  Bitmap Heap Scan on sbtest4  (cost=34.01..3631.95 rows=934 width=4)
	        Recheck Cond: ((id >= 4144217) AND (id <= 4145216))
	        ->  Bitmap Index Scan on sbtest4_pkey  (cost=0.00..33.78 rows=934 width=0)
	              Index Cond: ((id >= 4144217) AND (id <= 4145216))

table 5 : explain SELECT SUM(k) FROM sbtest5 WHERE id BETWEEN 6504914 AND 6505913
	Aggregate  (cost=3800.96..3800.97 rows=1 width=8)
	  ->  Bitmap Heap Scan on sbtest5  (cost=34.46..3798.52 rows=978 width=4)
	        Recheck Cond: ((id >= 6504914) AND (id <= 6505913))
	        ->  Bitmap Index Scan on sbtest5_pkey  (cost=0.00..34.22 rows=978 width=0)
	              Index Cond: ((id >= 6504914) AND (id <= 6505913))

table 6 : explain SELECT SUM(k) FROM sbtest6 WHERE id BETWEEN 4560602 AND 4561601
	Aggregate  (cost=3522.65..3522.66 rows=1 width=8)
	  ->  Bitmap Heap Scan on sbtest6  (cost=29.73..3520.38 rows=907 width=4)
	        Recheck Cond: ((id >= 4560602) AND (id <= 4561601))
	        ->  Bitmap Index Scan on sbtest6_pkey  (cost=0.00..29.50 rows=907 width=0)
	              Index Cond: ((id >= 4560602) AND (id <= 4561601))

table 7 : explain SELECT SUM(k) FROM sbtest7 WHERE id BETWEEN 169884 AND 170883
	Aggregate  (cost=3649.71..3649.72 rows=1 width=8)
	  ->  Bitmap Heap Scan on sbtest7  (cost=34.07..3647.36 rows=940 width=4)
	        Recheck Cond: ((id >= 169884) AND (id <= 170883))
	        ->  Bitmap Index Scan on sbtest7_pkey  (cost=0.00..33.84 rows=940 width=0)
	              Index Cond: ((id >= 169884) AND (id <= 170883))

table 8 : explain SELECT SUM(k) FROM sbtest8 WHERE id BETWEEN 9393124 AND 9394123
	Aggregate  (cost=4020.07..4020.08 rows=1 width=8)
	  ->  Bitmap Heap Scan on sbtest8  (cost=35.07..4017.47 rows=1038 width=4)
	        Recheck Cond: ((id >= 9393124) AND (id <= 9394123))
	        ->  Bitmap Index Scan on sbtest8_pkey  (cost=0.00..34.82 rows=1038 width=0)
	              Index Cond: ((id >= 9393124) AND (id <= 9394123))

for point_selects
table 1 : explain SELECT c FROM sbtest1 WHERE id=5830764
	Index Scan using sbtest1_pkey on sbtest1  (cost=0.43..8.45 rows=1 width=121)
	  Index Cond: (id = 5830764)

table 2 : explain SELECT c FROM sbtest2 WHERE id=6846270
	Index Scan using sbtest2_pkey on sbtest2  (cost=0.43..8.45 rows=1 width=121)
	  Index Cond: (id = 6846270)

table 3 : explain SELECT c FROM sbtest3 WHERE id=1408312
	Index Scan using sbtest3_pkey on sbtest3  (cost=0.43..8.45 rows=1 width=121)
	  Index Cond: (id = 1408312)

table 4 : explain SELECT c FROM sbtest4 WHERE id=6914538
	Index Scan using sbtest4_pkey on sbtest4  (cost=0.43..8.45 rows=1 width=121)
	  Index Cond: (id = 6914538)

table 5 : explain SELECT c FROM sbtest5 WHERE id=6790169
	Index Scan using sbtest5_pkey on sbtest5  (cost=0.43..8.45 rows=1 width=121)
	  Index Cond: (id = 6790169)

table 6 : explain SELECT c FROM sbtest6 WHERE id=9440725
	Index Scan using sbtest6_pkey on sbtest6  (cost=0.43..8.45 rows=1 width=121)
	  Index Cond: (id = 9440725)

table 7 : explain SELECT c FROM sbtest7 WHERE id=4284703
	Index Scan using sbtest7_pkey on sbtest7  (cost=0.43..8.45 rows=1 width=121)
	  Index Cond: (id = 4284703)

table 8 : explain SELECT c FROM sbtest8 WHERE id=5362131
	Index Scan using sbtest8_pkey on sbtest8  (cost=0.43..8.45 rows=1 width=121)
	  Index Cond: (id = 5362131)

for: sum_ranges
table 1 : explain SELECT SUM(k) FROM sbtest1 WHERE id BETWEEN 8234184 AND 8235183
	Aggregate  (cost=3793.46..3793.47 rows=1 width=8)
	  ->  Bitmap Heap Scan on sbtest1  (cost=34.46..3791.02 rows=978 width=4)
	        Recheck Cond: ((id >= 8234184) AND (id <= 8235183))
	        ->  Bitmap Index Scan on sbtest1_pkey  (cost=0.00..34.22 rows=978 width=0)
	              Index Cond: ((id >= 8234184) AND (id <= 8235183))

table 2 : explain SELECT SUM(k) FROM sbtest2 WHERE id BETWEEN 3417024 AND 3418023
	Aggregate  (cost=3726.05..3726.06 rows=1 width=8)
	  ->  Bitmap Heap Scan on sbtest2  (cost=34.28..3723.65 rows=960 width=4)
	        Recheck Cond: ((id >= 3417024) AND (id <= 3418023))
	        ->  Bitmap Index Scan on sbtest2_pkey  (cost=0.00..34.04 rows=960 width=0)
	              Index Cond: ((id >= 3417024) AND (id <= 3418023))

table 3 : explain SELECT SUM(k) FROM sbtest3 WHERE id BETWEEN 9609058 AND 9610057
	Aggregate  (cost=3945.26..3945.27 rows=1 width=8)
	  ->  Bitmap Heap Scan on sbtest3  (cost=34.87..3942.71 rows=1018 width=4)
	        Recheck Cond: ((id >= 9609058) AND (id <= 9610057))
	        ->  Bitmap Index Scan on sbtest3_pkey  (cost=0.00..34.62 rows=1018 width=0)
	              Index Cond: ((id >= 9609058) AND (id <= 9610057))

table 4 : explain SELECT SUM(k) FROM sbtest4 WHERE id BETWEEN 4395368 AND 4396367
	Aggregate  (cost=3653.24..3653.25 rows=1 width=8)
	  ->  Bitmap Heap Scan on sbtest4  (cost=34.06..3650.89 rows=939 width=4)
	        Recheck Cond: ((id >= 4395368) AND (id <= 4396367))
	        ->  Bitmap Index Scan on sbtest4_pkey  (cost=0.00..33.83 rows=939 width=0)
	              Index Cond: ((id >= 4395368) AND (id <= 4396367))

table 5 : explain SELECT SUM(k) FROM sbtest5 WHERE id BETWEEN 6033193 AND 6034192
	Aggregate  (cost=3668.44..3668.45 rows=1 width=8)
	  ->  Bitmap Heap Scan on sbtest5  (cost=34.10..3666.08 rows=943 width=4)
	        Recheck Cond: ((id >= 6033193) AND (id <= 6034192))
	        ->  Bitmap Index Scan on sbtest5_pkey  (cost=0.00..33.87 rows=943 width=0)
	              Index Cond: ((id >= 6033193) AND (id <= 6034192))

table 6 : explain SELECT SUM(k) FROM sbtest6 WHERE id BETWEEN 6705250 AND 6706249
	Aggregate  (cost=3628.78..3628.79 rows=1 width=8)
	  ->  Bitmap Heap Scan on sbtest6  (cost=34.01..3626.44 rows=934 width=4)
	        Recheck Cond: ((id >= 6705250) AND (id <= 6706249))
	        ->  Bitmap Index Scan on sbtest6_pkey  (cost=0.00..33.78 rows=934 width=0)
	              Index Cond: ((id >= 6705250) AND (id <= 6706249))

table 7 : explain SELECT SUM(k) FROM sbtest7 WHERE id BETWEEN 9199060 AND 9200059
	Aggregate  (cost=4214.84..4214.85 rows=1 width=8)
	  ->  Bitmap Heap Scan on sbtest7  (cost=35.61..4212.11 rows=1090 width=4)
	        Recheck Cond: ((id >= 9199060) AND (id <= 9200059))
	        ->  Bitmap Index Scan on sbtest7_pkey  (cost=0.00..35.34 rows=1090 width=0)
	              Index Cond: ((id >= 9199060) AND (id <= 9200059))

table 8 : explain SELECT SUM(k) FROM sbtest8 WHERE id BETWEEN 7604784 AND 7605783
	Aggregate  (cost=3831.62..3831.63 rows=1 width=8)
	  ->  Bitmap Heap Scan on sbtest8  (cost=34.56..3829.15 rows=988 width=4)
	        Recheck Cond: ((id >= 7604784) AND (id <= 7605783))
	        ->  Bitmap Index Scan on sbtest8_pkey  (cost=0.00..34.32 rows=988 width=0)
	              Index Cond: ((id >= 7604784) AND (id <= 7605783))

explain: for point_selects :: explain SELECT c FROM sbtest%u WHERE id=%u
for: simple_ranges
table 1 : explain SELECT c FROM sbtest1 WHERE id BETWEEN 6611312 AND 6612311
	Bitmap Heap Scan on sbtest1  (cost=29.43..3409.33 rows=878 width=121)
	  Recheck Cond: ((id >= 6611312) AND (id <= 6612311))
	  ->  Bitmap Index Scan on sbtest1_pkey  (cost=0.00..29.21 rows=878 width=0)
	        Index Cond: ((id >= 6611312) AND (id <= 6612311))

table 2 : explain SELECT c FROM sbtest2 WHERE id BETWEEN 8101891 AND 8102890
	Bitmap Heap Scan on sbtest2  (cost=34.83..3927.23 rows=1014 width=121)
	  Recheck Cond: ((id >= 8101891) AND (id <= 8102890))
	  ->  Bitmap Index Scan on sbtest2_pkey  (cost=0.00..34.58 rows=1014 width=0)
	        Index Cond: ((id >= 8101891) AND (id <= 8102890))

table 3 : explain SELECT c FROM sbtest3 WHERE id BETWEEN 2989628 AND 2990627
	Bitmap Heap Scan on sbtest3  (cost=34.28..3724.04 rows=960 width=121)
	  Recheck Cond: ((id >= 2989628) AND (id <= 2990627))
	  ->  Bitmap Index Scan on sbtest3_pkey  (cost=0.00..34.04 rows=960 width=0)
	        Index Cond: ((id >= 2989628) AND (id <= 2990627))

table 4 : explain SELECT c FROM sbtest4 WHERE id BETWEEN 4445173 AND 4446172
	Bitmap Heap Scan on sbtest4  (cost=34.06..3650.89 rows=939 width=121)
	  Recheck Cond: ((id >= 4445173) AND (id <= 4446172))
	  ->  Bitmap Index Scan on sbtest4_pkey  (cost=0.00..33.83 rows=939 width=0)
	        Index Cond: ((id >= 4445173) AND (id <= 4446172))

table 5 : explain SELECT c FROM sbtest5 WHERE id BETWEEN 2750770 AND 2751769
	Bitmap Heap Scan on sbtest5  (cost=34.14..3681.22 rows=947 width=121)
	  Recheck Cond: ((id >= 2750770) AND (id <= 2751769))
	  ->  Bitmap Index Scan on sbtest5_pkey  (cost=0.00..33.91 rows=947 width=0)
	        Index Cond: ((id >= 2750770) AND (id <= 2751769))

table 6 : explain SELECT c FROM sbtest6 WHERE id BETWEEN 664971 AND 665970
	Bitmap Heap Scan on sbtest6  (cost=34.48..3800.11 rows=980 width=121)
	  Recheck Cond: ((id >= 664971) AND (id <= 665970))
	  ->  Bitmap Index Scan on sbtest6_pkey  (cost=0.00..34.23 rows=980 width=0)
	        Index Cond: ((id >= 664971) AND (id <= 665970))

table 7 : explain SELECT c FROM sbtest7 WHERE id BETWEEN 1455970 AND 1456969
	Bitmap Heap Scan on sbtest7  (cost=34.90..3952.69 rows=1021 width=121)
	  Recheck Cond: ((id >= 1455970) AND (id <= 1456969))
	  ->  Bitmap Index Scan on sbtest7_pkey  (cost=0.00..34.65 rows=1021 width=0)
	        Index Cond: ((id >= 1455970) AND (id <= 1456969))

table 8 : explain SELECT c FROM sbtest8 WHERE id BETWEEN 9075889 AND 9076888
	Bitmap Heap Scan on sbtest8  (cost=35.56..4194.20 rows=1085 width=121)
	  Recheck Cond: ((id >= 9075889) AND (id <= 9076888))
	  ->  Bitmap Index Scan on sbtest8_pkey  (cost=0.00..35.29 rows=1085 width=0)
	        Index Cond: ((id >= 9075889) AND (id <= 9076888))

for: sum_ranges
table 1 : explain SELECT SUM(k) FROM sbtest1 WHERE id BETWEEN 3456663 AND 3457662
	Aggregate  (cost=4027.12..4027.13 rows=1 width=8)
	  ->  Bitmap Heap Scan on sbtest1  (cost=35.09..4024.52 rows=1040 width=4)
	        Recheck Cond: ((id >= 3456663) AND (id <= 3457662))
	        ->  Bitmap Index Scan on sbtest1_pkey  (cost=0.00..34.84 rows=1040 width=0)
	              Index Cond: ((id >= 3456663) AND (id <= 3457662))

table 2 : explain SELECT SUM(k) FROM sbtest2 WHERE id BETWEEN 8342572 AND 8343571
	Aggregate  (cost=3714.73..3714.74 rows=1 width=8)
	  ->  Bitmap Heap Scan on sbtest2  (cost=34.24..3712.33 rows=957 width=4)
	        Recheck Cond: ((id >= 8342572) AND (id <= 8343571))
	        ->  Bitmap Index Scan on sbtest2_pkey  (cost=0.00..34.01 rows=957 width=0)
	              Index Cond: ((id >= 8342572) AND (id <= 8343571))

table 3 : explain SELECT SUM(k) FROM sbtest3 WHERE id BETWEEN 6880546 AND 6881545
	Aggregate  (cost=4077.09..4077.10 rows=1 width=8)
	  ->  Bitmap Heap Scan on sbtest3  (cost=35.23..4074.46 rows=1053 width=4)
	        Recheck Cond: ((id >= 6880546) AND (id <= 6881545))
	        ->  Bitmap Index Scan on sbtest3_pkey  (cost=0.00..34.97 rows=1053 width=0)
	              Index Cond: ((id >= 6880546) AND (id <= 6881545))

table 4 : explain SELECT SUM(k) FROM sbtest4 WHERE id BETWEEN 9953201 AND 9954200
	Aggregate  (cost=4201.35..4201.36 rows=1 width=8)
	  ->  Bitmap Heap Scan on sbtest4  (cost=35.55..4198.64 rows=1084 width=4)
	        Recheck Cond: ((id >= 9953201) AND (id <= 9954200))
	        ->  Bitmap Index Scan on sbtest4_pkey  (cost=0.00..35.28 rows=1084 width=0)
	              Index Cond: ((id >= 9953201) AND (id <= 9954200))

table 5 : explain SELECT SUM(k) FROM sbtest5 WHERE id BETWEEN 8694226 AND 8695225
	Aggregate  (cost=3906.87..3906.88 rows=1 width=8)
	  ->  Bitmap Heap Scan on sbtest5  (cost=34.75..3904.36 rows=1006 width=4)
	        Recheck Cond: ((id >= 8694226) AND (id <= 8695225))
	        ->  Bitmap Index Scan on sbtest5_pkey  (cost=0.00..34.50 rows=1006 width=0)
	              Index Cond: ((id >= 8694226) AND (id <= 8695225))

table 6 : explain SELECT SUM(k) FROM sbtest6 WHERE id BETWEEN 4301760 AND 4302759
	Aggregate  (cost=3983.60..3983.61 rows=1 width=8)
	  ->  Bitmap Heap Scan on sbtest6  (cost=34.97..3981.03 rows=1028 width=4)
	        Recheck Cond: ((id >= 4301760) AND (id <= 4302759))
	        ->  Bitmap Index Scan on sbtest6_pkey  (cost=0.00..34.72 rows=1028 width=0)
	              Index Cond: ((id >= 4301760) AND (id <= 4302759))

table 7 : explain SELECT SUM(k) FROM sbtest7 WHERE id BETWEEN 5359423 AND 5360422
	Aggregate  (cost=3759.20..3759.21 rows=1 width=8)
	  ->  Bitmap Heap Scan on sbtest7  (cost=34.37..3756.77 rows=969 width=4)
	        Recheck Cond: ((id >= 5359423) AND (id <= 5360422))
	        ->  Bitmap Index Scan on sbtest7_pkey  (cost=0.00..34.12 rows=969 width=0)
	              Index Cond: ((id >= 5359423) AND (id <= 5360422))

table 8 : explain SELECT SUM(k) FROM sbtest8 WHERE id BETWEEN 1397522 AND 1398521
	Aggregate  (cost=3691.97..3691.98 rows=1 width=8)
	  ->  Bitmap Heap Scan on sbtest8  (cost=34.18..3689.59 rows=951 width=4)
	        Recheck Cond: ((id >= 1397522) AND (id <= 1398521))
	        ->  Bitmap Index Scan on sbtest8_pkey  (cost=0.00..33.95 rows=951 width=0)
	              Index Cond: ((id >= 1397522) AND (id <= 1398521))

for: sum_ranges
table 1 : explain SELECT SUM(k) FROM sbtest1 WHERE id BETWEEN 4569754 AND 4570753
	Aggregate  (cost=4155.05..4155.06 rows=1 width=8)
	  ->  Bitmap Heap Scan on sbtest1  (cost=35.44..4152.37 rows=1074 width=4)
	        Recheck Cond: ((id >= 4569754) AND (id <= 4570753))
	        ->  Bitmap Index Scan on sbtest1_pkey  (cost=0.00..35.18 rows=1074 width=0)
	              Index Cond: ((id >= 4569754) AND (id <= 4570753))

table 2 : explain SELECT SUM(k) FROM sbtest2 WHERE id BETWEEN 1192614 AND 1193613
	Aggregate  (cost=3948.61..3948.62 rows=1 width=8)
	  ->  Bitmap Heap Scan on sbtest2  (cost=34.88..3946.06 rows=1019 width=4)
	        Recheck Cond: ((id >= 1192614) AND (id <= 1193613))
	        ->  Bitmap Index Scan on sbtest2_pkey  (cost=0.00..34.62 rows=1019 width=0)
	              Index Cond: ((id >= 1192614) AND (id <= 1193613))

table 3 : explain SELECT SUM(k) FROM sbtest3 WHERE id BETWEEN 442041 AND 443040
	Aggregate  (cost=3692.44..3692.45 rows=1 width=8)
	  ->  Bitmap Heap Scan on sbtest3  (cost=34.18..3690.07 rows=951 width=4)
	        Recheck Cond: ((id >= 442041) AND (id <= 443040))
	        ->  Bitmap Index Scan on sbtest3_pkey  (cost=0.00..33.95 rows=951 width=0)
	              Index Cond: ((id >= 442041) AND (id <= 443040))

table 4 : explain SELECT SUM(k) FROM sbtest4 WHERE id BETWEEN 7550523 AND 7551522
	Aggregate  (cost=3967.30..3967.31 rows=1 width=8)
	  ->  Bitmap Heap Scan on sbtest4  (cost=34.91..3964.74 rows=1022 width=4)
	        Recheck Cond: ((id >= 7550523) AND (id <= 7551522))
	        ->  Bitmap Index Scan on sbtest4_pkey  (cost=0.00..34.66 rows=1022 width=0)
	              Index Cond: ((id >= 7550523) AND (id <= 7551522))

table 5 : explain SELECT SUM(k) FROM sbtest5 WHERE id BETWEEN 7679241 AND 7680240
	Aggregate  (cost=3638.12..3638.13 rows=1 width=8)
	  ->  Bitmap Heap Scan on sbtest5  (cost=34.02..3635.79 rows=935 width=4)
	        Recheck Cond: ((id >= 7679241) AND (id <= 7680240))
	        ->  Bitmap Index Scan on sbtest5_pkey  (cost=0.00..33.79 rows=935 width=0)
	              Index Cond: ((id >= 7679241) AND (id <= 7680240))

table 6 : explain SELECT SUM(k) FROM sbtest6 WHERE id BETWEEN 7760891 AND 7761890
	Aggregate  (cost=3896.89..3896.90 rows=1 width=8)
	  ->  Bitmap Heap Scan on sbtest6  (cost=34.74..3894.38 rows=1005 width=4)
	        Recheck Cond: ((id >= 7760891) AND (id <= 7761890))
	        ->  Bitmap Index Scan on sbtest6_pkey  (cost=0.00..34.48 rows=1005 width=0)
	              Index Cond: ((id >= 7760891) AND (id <= 7761890))

table 7 : explain SELECT SUM(k) FROM sbtest7 WHERE id BETWEEN 342451 AND 343450
	Aggregate  (cost=3645.93..3645.94 rows=1 width=8)
	  ->  Bitmap Heap Scan on sbtest7  (cost=34.06..3643.59 rows=939 width=4)
	        Recheck Cond: ((id >= 342451) AND (id <= 343450))
	        ->  Bitmap Index Scan on sbtest7_pkey  (cost=0.00..33.83 rows=939 width=0)
	              Index Cond: ((id >= 342451) AND (id <= 343450))

table 8 : explain SELECT SUM(k) FROM sbtest8 WHERE id BETWEEN 8982997 AND 8983996
	Aggregate  (cost=4144.27..4144.28 rows=1 width=8)
	  ->  Bitmap Heap Scan on sbtest8  (cost=35.41..4141.59 rows=1071 width=4)
	        Recheck Cond: ((id >= 8982997) AND (id <= 8983996))
	        ->  Bitmap Index Scan on sbtest8_pkey  (cost=0.00..35.15 rows=1071 width=0)
	              Index Cond: ((id >= 8982997) AND (id <= 8983996))

for point_selects
table 1 : explain SELECT c FROM sbtest1 WHERE id=4651338
	Index Scan using sbtest1_pkey on sbtest1  (cost=0.43..8.45 rows=1 width=121)
	  Index Cond: (id = 4651338)

table 2 : explain SELECT c FROM sbtest2 WHERE id=9945826
	Index Scan using sbtest2_pkey on sbtest2  (cost=0.43..8.45 rows=1 width=121)
	  Index Cond: (id = 9945826)

table 3 : explain SELECT c FROM sbtest3 WHERE id=7617315
	Index Scan using sbtest3_pkey on sbtest3  (cost=0.43..8.45 rows=1 width=121)
	  Index Cond: (id = 7617315)

table 4 : explain SELECT c FROM sbtest4 WHERE id=158449
	Index Scan using sbtest4_pkey on sbtest4  (cost=0.43..8.45 rows=1 width=121)
	  Index Cond: (id = 158449)

table 5 : explain SELECT c FROM sbtest5 WHERE id=7064169
	Index Scan using sbtest5_pkey on sbtest5  (cost=0.43..8.45 rows=1 width=121)
	  Index Cond: (id = 7064169)

table 6 : explain SELECT c FROM sbtest6 WHERE id=7244374
	Index Scan using sbtest6_pkey on sbtest6  (cost=0.43..8.45 rows=1 width=121)
	  Index Cond: (id = 7244374)

table 7 : explain SELECT c FROM sbtest7 WHERE id=3617263
	Index Scan using sbtest7_pkey on sbtest7  (cost=0.43..8.45 rows=1 width=121)
	  Index Cond: (id = 3617263)

table 8 : explain SELECT c FROM sbtest8 WHERE id=2527723
	Index Scan using sbtest8_pkey on sbtest8  (cost=0.43..8.45 rows=1 width=121)
	  Index Cond: (id = 2527723)

for: order_ranges
table 1 : explain SELECT c FROM sbtest1 WHERE id BETWEEN 3127667 AND 3128666 ORDER BY c
	Sort  (cost=3709.23..3711.59 rows=945 width=121)
	  Sort Key: c
	  ->  Bitmap Heap Scan on sbtest1  (cost=30.12..3662.53 rows=945 width=121)
	        Recheck Cond: ((id >= 3127667) AND (id <= 3128666))
	        ->  Bitmap Index Scan on sbtest1_pkey  (cost=0.00..29.89 rows=945 width=0)
	              Index Cond: ((id >= 3127667) AND (id <= 3128666))

table 2 : explain SELECT c FROM sbtest2 WHERE id BETWEEN 1647958 AND 1648957 ORDER BY c
	Sort  (cost=3824.82..3827.25 rows=974 width=121)
	  Sort Key: c
	  ->  Bitmap Heap Scan on sbtest2  (cost=34.42..3776.47 rows=974 width=121)
	        Recheck Cond: ((id >= 1647958) AND (id <= 1648957))
	        ->  Bitmap Index Scan on sbtest2_pkey  (cost=0.00..34.18 rows=974 width=0)
	              Index Cond: ((id >= 1647958) AND (id <= 1648957))

table 3 : explain SELECT c FROM sbtest3 WHERE id BETWEEN 6069238 AND 6070237 ORDER BY c
	Sort  (cost=4100.58..4103.20 rows=1046 width=121)
	  Sort Key: c
	  ->  Bitmap Heap Scan on sbtest3  (cost=35.16..4048.12 rows=1046 width=121)
	        Recheck Cond: ((id >= 6069238) AND (id <= 6070237))
	        ->  Bitmap Index Scan on sbtest3_pkey  (cost=0.00..34.90 rows=1046 width=0)
	              Index Cond: ((id >= 6069238) AND (id <= 6070237))

table 4 : explain SELECT c FROM sbtest4 WHERE id BETWEEN 9744225 AND 9745224 ORDER BY c
	Sort  (cost=3962.15..3964.67 rows=1008 width=121)
	  Sort Key: c
	  ->  Bitmap Heap Scan on sbtest4  (cost=34.77..3911.86 rows=1008 width=121)
	        Recheck Cond: ((id >= 9744225) AND (id <= 9745224))
	        ->  Bitmap Index Scan on sbtest4_pkey  (cost=0.00..34.52 rows=1008 width=0)
	              Index Cond: ((id >= 9744225) AND (id <= 9745224))

table 5 : explain SELECT c FROM sbtest5 WHERE id BETWEEN 718941 AND 719940 ORDER BY c
	Sort  (cost=3624.10..3626.40 rows=921 width=121)
	  Sort Key: c
	  ->  Bitmap Heap Scan on sbtest5  (cost=29.88..3578.75 rows=921 width=121)
	        Recheck Cond: ((id >= 718941) AND (id <= 719940))
	        ->  Bitmap Index Scan on sbtest5_pkey  (cost=0.00..29.64 rows=921 width=0)
	              Index Cond: ((id >= 718941) AND (id <= 719940))

table 6 : explain SELECT c FROM sbtest6 WHERE id BETWEEN 8435574 AND 8436573 ORDER BY c
	Sort  (cost=3672.52..3674.86 rows=934 width=121)
	  Sort Key: c
	  ->  Bitmap Heap Scan on sbtest6  (cost=34.01..3626.44 rows=934 width=121)
	        Recheck Cond: ((id >= 8435574) AND (id <= 8436573))
	        ->  Bitmap Index Scan on sbtest6_pkey  (cost=0.00..33.78 rows=934 width=0)
	              Index Cond: ((id >= 8435574) AND (id <= 8436573))

table 7 : explain SELECT c FROM sbtest7 WHERE id BETWEEN 7375946 AND 7376945 ORDER BY c
	Sort  (cost=3854.59..3857.04 rows=982 width=121)
	  Sort Key: c
	  ->  Bitmap Heap Scan on sbtest7  (cost=34.50..3805.79 rows=982 width=121)
	        Recheck Cond: ((id >= 7375946) AND (id <= 7376945))
	        ->  Bitmap Index Scan on sbtest7_pkey  (cost=0.00..34.26 rows=982 width=0)
	              Index Cond: ((id >= 7375946) AND (id <= 7376945))

table 8 : explain SELECT c FROM sbtest8 WHERE id BETWEEN 3923108 AND 3924107 ORDER BY c
	Sort  (cost=4260.35..4263.07 rows=1088 width=121)
	  Sort Key: c
	  ->  Bitmap Heap Scan on sbtest8  (cost=35.59..4205.48 rows=1088 width=121)
	        Recheck Cond: ((id >= 3923108) AND (id <= 3924107))
	        ->  Bitmap Index Scan on sbtest8_pkey  (cost=0.00..35.32 rows=1088 width=0)
	              Index Cond: ((id >= 3923108) AND (id <= 3924107))

for: distinct_ranges
table 1 : explain SELECT DISTINCT c FROM sbtest1 WHERE id BETWEEN 6289958 AND 6290957 ORDER BY c
	Unique  (cost=3824.28..3829.15 rows=974 width=121)
	  ->  Sort  (cost=3824.28..3826.72 rows=974 width=121)
	        Sort Key: c
	        ->  Bitmap Heap Scan on sbtest1  (cost=34.42..3775.94 rows=974 width=121)
	              Recheck Cond: ((id >= 6289958) AND (id <= 6290957))
	              ->  Bitmap Index Scan on sbtest1_pkey  (cost=0.00..34.18 rows=974 width=0)
	                    Index Cond: ((id >= 6289958) AND (id <= 6290957))

table 2 : explain SELECT DISTINCT c FROM sbtest2 WHERE id BETWEEN 6584255 AND 6585254 ORDER BY c
	Unique  (cost=3786.53..3791.35 rows=964 width=121)
	  ->  Sort  (cost=3786.53..3788.94 rows=964 width=121)
	        Sort Key: c
	        ->  Bitmap Heap Scan on sbtest2  (cost=34.32..3738.75 rows=964 width=121)
	              Recheck Cond: ((id >= 6584255) AND (id <= 6585254))
	              ->  Bitmap Index Scan on sbtest2_pkey  (cost=0.00..34.08 rows=964 width=0)
	                    Index Cond: ((id >= 6584255) AND (id <= 6585254))

table 3 : explain SELECT DISTINCT c FROM sbtest3 WHERE id BETWEEN 4875661 AND 4876660 ORDER BY c
	Unique  (cost=4165.51..4170.83 rows=1063 width=121)
	  ->  Sort  (cost=4165.51..4168.17 rows=1063 width=121)
	        Sort Key: c
	        ->  Bitmap Heap Scan on sbtest3  (cost=35.33..4112.08 rows=1063 width=121)
	              Recheck Cond: ((id >= 4875661) AND (id <= 4876660))
	              ->  Bitmap Index Scan on sbtest3_pkey  (cost=0.00..35.07 rows=1063 width=0)
	                    Index Cond: ((id >= 4875661) AND (id <= 4876660))

table 4 : explain SELECT DISTINCT c FROM sbtest4 WHERE id BETWEEN 9715318 AND 9716317 ORDER BY c
	Unique  (cost=3962.15..3967.19 rows=1008 width=121)
	  ->  Sort  (cost=3962.15..3964.67 rows=1008 width=121)
	        Sort Key: c
	        ->  Bitmap Heap Scan on sbtest4  (cost=34.77..3911.86 rows=1008 width=121)
	              Recheck Cond: ((id >= 9715318) AND (id <= 9716317))
	              ->  Bitmap Index Scan on sbtest4_pkey  (cost=0.00..34.52 rows=1008 width=0)
	                    Index Cond: ((id >= 9715318) AND (id <= 9716317))

table 5 : explain SELECT DISTINCT c FROM sbtest5 WHERE id BETWEEN 4895792 AND 4896791 ORDER BY c
	Unique  (cost=4111.68..4116.92 rows=1047 width=121)
	  ->  Sort  (cost=4111.68..4114.30 rows=1047 width=121)
	        Sort Key: c
	        ->  Bitmap Heap Scan on sbtest5  (cost=35.17..4059.16 rows=1047 width=121)
	              Recheck Cond: ((id >= 4895792) AND (id <= 4896791))
	              ->  Bitmap Index Scan on sbtest5_pkey  (cost=0.00..34.91 rows=1047 width=0)
	                    Index Cond: ((id >= 4895792) AND (id <= 4896791))

table 6 : explain SELECT DISTINCT c FROM sbtest6 WHERE id BETWEEN 3826886 AND 3827885 ORDER BY c
	Unique  (cost=4105.09..4110.32 rows=1047 width=121)
	  ->  Sort  (cost=4105.09..4107.70 rows=1047 width=121)
	        Sort Key: c
	        ->  Bitmap Heap Scan on sbtest6  (cost=35.17..4052.57 rows=1047 width=121)
	              Recheck Cond: ((id >= 3826886) AND (id <= 3827885))
	              ->  Bitmap Index Scan on sbtest6_pkey  (cost=0.00..34.91 rows=1047 width=0)
	                    Index Cond: ((id >= 3826886) AND (id <= 3827885))

table 7 : explain SELECT DISTINCT c FROM sbtest7 WHERE id BETWEEN 1989189 AND 1990188 ORDER BY c
	Unique  (cost=3881.37..3886.31 rows=989 width=121)
	  ->  Sort  (cost=3881.37..3883.84 rows=989 width=121)
	        Sort Key: c
	        ->  Bitmap Heap Scan on sbtest7  (cost=34.57..3832.17 rows=989 width=121)
	              Recheck Cond: ((id >= 1989189) AND (id <= 1990188))
	              ->  Bitmap Index Scan on sbtest7_pkey  (cost=0.00..34.33 rows=989 width=0)
	                    Index Cond: ((id >= 1989189) AND (id <= 1990188))

table 8 : explain SELECT DISTINCT c FROM sbtest8 WHERE id BETWEEN 1475190 AND 1476189 ORDER BY c
	Unique  (cost=3813.23..3818.09 rows=971 width=121)
	  ->  Sort  (cost=3813.23..3815.66 rows=971 width=121)
	        Sort Key: c
	        ->  Bitmap Heap Scan on sbtest8  (cost=34.39..3765.05 rows=971 width=121)
	              Recheck Cond: ((id >= 1475190) AND (id <= 1476189))
	              ->  Bitmap Index Scan on sbtest8_pkey  (cost=0.00..34.15 rows=971 width=0)
	                    Index Cond: ((id >= 1475190) AND (id <= 1476189))

for: simple_ranges
table 1 : explain SELECT c FROM sbtest1 WHERE id BETWEEN 1764477 AND 1765476
	Bitmap Heap Scan on sbtest1  (cost=34.92..3960.55 rows=1023 width=121)
	  Recheck Cond: ((id >= 1764477) AND (id <= 1765476))
	  ->  Bitmap Index Scan on sbtest1_pkey  (cost=0.00..34.67 rows=1023 width=0)
	        Index Cond: ((id >= 1764477) AND (id <= 1765476))

table 2 : explain SELECT c FROM sbtest2 WHERE id BETWEEN 1104579 AND 1105578
	Bitmap Heap Scan on sbtest2  (cost=34.88..3946.06 rows=1019 width=121)
	  Recheck Cond: ((id >= 1104579) AND (id <= 1105578))
	  ->  Bitmap Index Scan on sbtest2_pkey  (cost=0.00..34.62 rows=1019 width=0)
	        Index Cond: ((id >= 1104579) AND (id <= 1105578))

table 3 : explain SELECT c FROM sbtest3 WHERE id BETWEEN 7662338 AND 7663337
	Bitmap Heap Scan on sbtest3  (cost=35.23..4074.46 rows=1053 width=121)
	  Recheck Cond: ((id >= 7662338) AND (id <= 7663337))
	  ->  Bitmap Index Scan on sbtest3_pkey  (cost=0.00..34.97 rows=1053 width=0)
	        Index Cond: ((id >= 7662338) AND (id <= 7663337))

table 4 : explain SELECT c FROM sbtest4 WHERE id BETWEEN 316663 AND 317662
	Bitmap Heap Scan on sbtest4  (cost=34.99..3994.95 rows=1030 width=121)
	  Recheck Cond: ((id >= 316663) AND (id <= 317662))
	  ->  Bitmap Index Scan on sbtest4_pkey  (cost=0.00..34.73 rows=1030 width=0)
	        Index Cond: ((id >= 316663) AND (id <= 317662))

table 5 : explain SELECT c FROM sbtest5 WHERE id BETWEEN 4433650 AND 4434649
	Bitmap Heap Scan on sbtest5  (cost=34.96..3983.67 rows=1027 width=121)
	  Recheck Cond: ((id >= 4433650) AND (id <= 4434649))
	  ->  Bitmap Index Scan on sbtest5_pkey  (cost=0.00..34.70 rows=1027 width=0)
	        Index Cond: ((id >= 4433650) AND (id <= 4434649))

table 6 : explain SELECT c FROM sbtest6 WHERE id BETWEEN 3414103 AND 3415102
	Bitmap Heap Scan on sbtest6  (cost=34.97..3981.03 rows=1028 width=121)
	  Recheck Cond: ((id >= 3414103) AND (id <= 3415102))
	  ->  Bitmap Index Scan on sbtest6_pkey  (cost=0.00..34.72 rows=1028 width=0)
	        Index Cond: ((id >= 3414103) AND (id <= 3415102))

table 7 : explain SELECT c FROM sbtest7 WHERE id BETWEEN 6518419 AND 6519418
	Bitmap Heap Scan on sbtest7  (cost=34.23..3707.74 rows=956 width=121)
	  Recheck Cond: ((id >= 6518419) AND (id <= 6519418))
	  ->  Bitmap Index Scan on sbtest7_pkey  (cost=0.00..34.00 rows=956 width=0)
	        Index Cond: ((id >= 6518419) AND (id <= 6519418))

table 8 : explain SELECT c FROM sbtest8 WHERE id BETWEEN 1238792 AND 1239791
	Bitmap Heap Scan on sbtest8  (cost=34.36..3753.74 rows=968 width=121)
	  Recheck Cond: ((id >= 1238792) AND (id <= 1239791))
	  ->  Bitmap Index Scan on sbtest8_pkey  (cost=0.00..34.12 rows=968 width=0)
	        Index Cond: ((id >= 1238792) AND (id <= 1239791))

for: order_ranges
table 1 : explain SELECT c FROM sbtest1 WHERE id BETWEEN 7912414 AND 7913413 ORDER BY c
	Sort  (cost=3559.72..3561.98 rows=906 width=121)
	  Sort Key: c
	  ->  Bitmap Heap Scan on sbtest1  (cost=29.72..3515.22 rows=906 width=121)
	        Recheck Cond: ((id >= 7912414) AND (id <= 7913413))
	        ->  Bitmap Index Scan on sbtest1_pkey  (cost=0.00..29.50 rows=906 width=0)
	              Index Cond: ((id >= 7912414) AND (id <= 7913413))

table 2 : explain SELECT c FROM sbtest2 WHERE id BETWEEN 5787349 AND 5788348 ORDER BY c
	Sort  (cost=3587.05..3589.34 rows=913 width=121)
	  Sort Key: c
	  ->  Bitmap Heap Scan on sbtest2  (cost=29.79..3542.16 rows=913 width=121)
	        Recheck Cond: ((id >= 5787349) AND (id <= 5788348))
	        ->  Bitmap Index Scan on sbtest2_pkey  (cost=0.00..29.57 rows=913 width=0)
	              Index Cond: ((id >= 5787349) AND (id <= 5788348))

table 3 : explain SELECT c FROM sbtest3 WHERE id BETWEEN 7836188 AND 7837187 ORDER BY c
	Sort  (cost=3962.97..3965.50 rows=1010 width=121)
	  Sort Key: c
	  ->  Bitmap Heap Scan on sbtest3  (cost=34.79..3912.57 rows=1010 width=121)
	        Recheck Cond: ((id >= 7836188) AND (id <= 7837187))
	        ->  Bitmap Index Scan on sbtest3_pkey  (cost=0.00..34.54 rows=1010 width=0)
	              Index Cond: ((id >= 7836188) AND (id <= 7837187))

table 4 : explain SELECT c FROM sbtest4 WHERE id BETWEEN 5237543 AND 5238542 ORDER BY c
	Sort  (cost=3804.81..3807.23 rows=967 width=121)
	  Sort Key: c
	  ->  Bitmap Heap Scan on sbtest4  (cost=34.35..3756.86 rows=967 width=121)
	        Recheck Cond: ((id >= 5237543) AND (id <= 5238542))
	        ->  Bitmap Index Scan on sbtest4_pkey  (cost=0.00..34.11 rows=967 width=0)
	              Index Cond: ((id >= 5237543) AND (id <= 5238542))

table 5 : explain SELECT c FROM sbtest5 WHERE id BETWEEN 2829645 AND 2830644 ORDER BY c
	Sort  (cost=3624.10..3626.40 rows=921 width=121)
	  Sort Key: c
	  ->  Bitmap Heap Scan on sbtest5  (cost=29.88..3578.75 rows=921 width=121)
	        Recheck Cond: ((id >= 2829645) AND (id <= 2830644))
	        ->  Bitmap Index Scan on sbtest5_pkey  (cost=0.00..29.64 rows=921 width=0)
	              Index Cond: ((id >= 2829645) AND (id <= 2830644))

table 6 : explain SELECT c FROM sbtest6 WHERE id BETWEEN 9118308 AND 9119307 ORDER BY c
	Sort  (cost=4120.37..4123.00 rows=1051 width=121)
	  Sort Key: c
	  ->  Bitmap Heap Scan on sbtest6  (cost=35.21..4067.62 rows=1051 width=121)
	        Recheck Cond: ((id >= 9118308) AND (id <= 9119307))
	        ->  Bitmap Index Scan on sbtest6_pkey  (cost=0.00..34.95 rows=1051 width=0)
	              Index Cond: ((id >= 9118308) AND (id <= 9119307))

table 7 : explain SELECT c FROM sbtest7 WHERE id BETWEEN 7652967 AND 7653966 ORDER BY c
	Sort  (cost=3942.56..3945.07 rows=1005 width=121)
	  Sort Key: c
	  ->  Bitmap Heap Scan on sbtest7  (cost=34.74..3892.44 rows=1005 width=121)
	        Recheck Cond: ((id >= 7652967) AND (id <= 7653966))
	        ->  Bitmap Index Scan on sbtest7_pkey  (cost=0.00..34.48 rows=1005 width=0)
	              Index Cond: ((id >= 7652967) AND (id <= 7653966))

table 8 : explain SELECT c FROM sbtest8 WHERE id BETWEEN 6626934 AND 6627933 ORDER BY c
	Sort  (cost=4096.21..4098.83 rows=1045 width=121)
	  Sort Key: c
	  ->  Bitmap Heap Scan on sbtest8  (cost=35.15..4043.81 rows=1045 width=121)
	        Recheck Cond: ((id >= 6626934) AND (id <= 6627933))
	        ->  Bitmap Index Scan on sbtest8_pkey  (cost=0.00..34.89 rows=1045 width=0)
	              Index Cond: ((id >= 6626934) AND (id <= 6627933))

for: order_ranges
table 1 : explain SELECT c FROM sbtest1 WHERE id BETWEEN 4196771 AND 4197770 ORDER BY c
	Sort  (cost=3912.29..3914.78 rows=997 width=121)
	  Sort Key: c
	  ->  Bitmap Heap Scan on sbtest1  (cost=34.65..3862.63 rows=997 width=121)
	        Recheck Cond: ((id >= 4196771) AND (id <= 4197770))
	        ->  Bitmap Index Scan on sbtest1_pkey  (cost=0.00..34.41 rows=997 width=0)
	              Index Cond: ((id >= 4196771) AND (id <= 4197770))

table 2 : explain SELECT c FROM sbtest2 WHERE id BETWEEN 8652977 AND 8653976 ORDER BY c
	Sort  (cost=4061.94..4064.53 rows=1036 width=121)
	  Sort Key: c
	  ->  Bitmap Heap Scan on sbtest2  (cost=35.05..4010.06 rows=1036 width=121)
	        Recheck Cond: ((id >= 8652977) AND (id <= 8653976))
	        ->  Bitmap Index Scan on sbtest2_pkey  (cost=0.00..34.80 rows=1036 width=0)
	              Index Cond: ((id >= 8652977) AND (id <= 8653976))

table 3 : explain SELECT c FROM sbtest3 WHERE id BETWEEN 1132011 AND 1133010 ORDER BY c
	Sort  (cost=3756.27..3758.66 rows=956 width=121)
	  Sort Key: c
	  ->  Bitmap Heap Scan on sbtest3  (cost=34.23..3708.94 rows=956 width=121)
	        Recheck Cond: ((id >= 1132011) AND (id <= 1133010))
	        ->  Bitmap Index Scan on sbtest3_pkey  (cost=0.00..34.00 rows=956 width=0)
	              Index Cond: ((id >= 1132011) AND (id <= 1133010))

table 4 : explain SELECT c FROM sbtest4 WHERE id BETWEEN 1934309 AND 1935308 ORDER BY c
	Sort  (cost=3616.36..3618.66 rows=919 width=121)
	  Sort Key: c
	  ->  Bitmap Heap Scan on sbtest4  (cost=29.85..3571.13 rows=919 width=121)
	        Recheck Cond: ((id >= 1934309) AND (id <= 1935308))
	        ->  Bitmap Index Scan on sbtest4_pkey  (cost=0.00..29.62 rows=919 width=0)
	              Index Cond: ((id >= 1934309) AND (id <= 1935308))

table 5 : explain SELECT c FROM sbtest5 WHERE id BETWEEN 4810732 AND 4811731 ORDER BY c
	Sort  (cost=4042.71..4045.28 rows=1029 width=121)
	  Sort Key: c
	  ->  Bitmap Heap Scan on sbtest5  (cost=34.98..3991.22 rows=1029 width=121)
	        Recheck Cond: ((id >= 4810732) AND (id <= 4811731))
	        ->  Bitmap Index Scan on sbtest5_pkey  (cost=0.00..34.73 rows=1029 width=0)
	              Index Cond: ((id >= 4810732) AND (id <= 4811731))

table 6 : explain SELECT c FROM sbtest6 WHERE id BETWEEN 7804746 AND 7805745 ORDER BY c
	Sort  (cost=3825.82..3828.26 rows=974 width=121)
	  Sort Key: c
	  ->  Bitmap Heap Scan on sbtest6  (cost=34.42..3777.47 rows=974 width=121)
	        Recheck Cond: ((id >= 7804746) AND (id <= 7805745))
	        ->  Bitmap Index Scan on sbtest6_pkey  (cost=0.00..34.18 rows=974 width=0)
	              Index Cond: ((id >= 7804746) AND (id <= 7805745))

table 7 : explain SELECT c FROM sbtest7 WHERE id BETWEEN 9299598 AND 9300597 ORDER BY c
	Sort  (cost=4080.12..4082.72 rows=1041 width=121)
	  Sort Key: c
	  ->  Bitmap Heap Scan on sbtest7  (cost=35.11..4027.94 rows=1041 width=121)
	        Recheck Cond: ((id >= 9299598) AND (id <= 9300597))
	        ->  Bitmap Index Scan on sbtest7_pkey  (cost=0.00..34.84 rows=1041 width=0)
	              Index Cond: ((id >= 9299598) AND (id <= 9300597))

table 8 : explain SELECT c FROM sbtest8 WHERE id BETWEEN 9864437 AND 9865436 ORDER BY c
	Sort  (cost=3629.15..3631.46 rows=924 width=121)
	  Sort Key: c
	  ->  Bitmap Heap Scan on sbtest8  (cost=29.91..3583.63 rows=924 width=121)
	        Recheck Cond: ((id >= 9864437) AND (id <= 9865436))
	        ->  Bitmap Index Scan on sbtest8_pkey  (cost=0.00..29.68 rows=924 width=0)
	              Index Cond: ((id >= 9864437) AND (id <= 9865436))

for: order_ranges
table 1 : explain SELECT c FROM sbtest1 WHERE id BETWEEN 7656335 AND 7657334 ORDER BY c
	Sort  (cost=4080.46..4083.06 rows=1041 width=121)
	  Sort Key: c
	  ->  Bitmap Heap Scan on sbtest1  (cost=35.11..4028.28 rows=1041 width=121)
	        Recheck Cond: ((id >= 7656335) AND (id <= 7657334))
	        ->  Bitmap Index Scan on sbtest1_pkey  (cost=0.00..34.84 rows=1041 width=0)
	              Index Cond: ((id >= 7656335) AND (id <= 7657334))

table 2 : explain SELECT c FROM sbtest2 WHERE id BETWEEN 2605764 AND 2606763 ORDER BY c
	Sort  (cost=3775.04..3777.44 rows=961 width=121)
	  Sort Key: c
	  ->  Bitmap Heap Scan on sbtest2  (cost=34.29..3727.43 rows=961 width=121)
	        Recheck Cond: ((id >= 2605764) AND (id <= 2606763))
	        ->  Bitmap Index Scan on sbtest2_pkey  (cost=0.00..34.05 rows=961 width=0)
	              Index Cond: ((id >= 2605764) AND (id <= 2606763))

table 3 : explain SELECT c FROM sbtest3 WHERE id BETWEEN 894569 AND 895568 ORDER BY c
	Sort  (cost=3951.50..3954.02 rows=1007 width=121)
	  Sort Key: c
	  ->  Bitmap Heap Scan on sbtest3  (cost=34.76..3901.27 rows=1007 width=121)
	        Recheck Cond: ((id >= 894569) AND (id <= 895568))
	        ->  Bitmap Index Scan on sbtest3_pkey  (cost=0.00..34.51 rows=1007 width=0)
	              Index Cond: ((id >= 894569) AND (id <= 895568))

table 4 : explain SELECT c FROM sbtest4 WHERE id BETWEEN 2795184 AND 2796183 ORDER BY c
	Sort  (cost=3950.64..3953.15 rows=1005 width=121)
	  Sort Key: c
	  ->  Bitmap Heap Scan on sbtest4  (cost=34.74..3900.53 rows=1005 width=121)
	        Recheck Cond: ((id >= 2795184) AND (id <= 2796183))
	        ->  Bitmap Index Scan on sbtest4_pkey  (cost=0.00..34.48 rows=1005 width=0)
	              Index Cond: ((id >= 2795184) AND (id <= 2796183))

table 5 : explain SELECT c FROM sbtest5 WHERE id BETWEEN 5881593 AND 5882592 ORDER BY c
	Sort  (cost=3670.39..3672.72 rows=932 width=121)
	  Sort Key: c
	  ->  Bitmap Heap Scan on sbtest5  (cost=33.99..3624.42 rows=932 width=121)
	        Recheck Cond: ((id >= 5881593) AND (id <= 5882592))
	        ->  Bitmap Index Scan on sbtest5_pkey  (cost=0.00..33.76 rows=932 width=0)
	              Index Cond: ((id >= 5881593) AND (id <= 5882592))

table 6 : explain SELECT c FROM sbtest6 WHERE id BETWEEN 7229843 AND 7230842 ORDER BY c
	Sort  (cost=3710.87..3713.23 rows=944 width=121)
	  Sort Key: c
	  ->  Bitmap Heap Scan on sbtest6  (cost=34.11..3664.22 rows=944 width=121)
	        Recheck Cond: ((id >= 7229843) AND (id <= 7230842))
	        ->  Bitmap Index Scan on sbtest6_pkey  (cost=0.00..33.88 rows=944 width=0)
	              Index Cond: ((id >= 7229843) AND (id <= 7230842))

table 7 : explain SELECT c FROM sbtest7 WHERE id BETWEEN 4947118 AND 4948117 ORDER BY c
	Sort  (cost=4206.08..4208.76 rows=1074 width=121)
	  Sort Key: c
	  ->  Bitmap Heap Scan on sbtest7  (cost=35.44..4152.01 rows=1074 width=121)
	        Recheck Cond: ((id >= 4947118) AND (id <= 4948117))
	        ->  Bitmap Index Scan on sbtest7_pkey  (cost=0.00..35.18 rows=1074 width=0)
	              Index Cond: ((id >= 4947118) AND (id <= 4948117))

table 8 : explain SELECT c FROM sbtest8 WHERE id BETWEEN 8302109 AND 8303108 ORDER BY c
	Sort  (cost=4080.94..4083.54 rows=1041 width=121)
	  Sort Key: c
	  ->  Bitmap Heap Scan on sbtest8  (cost=35.11..4028.76 rows=1041 width=121)
	        Recheck Cond: ((id >= 8302109) AND (id <= 8303108))
	        ->  Bitmap Index Scan on sbtest8_pkey  (cost=0.00..34.84 rows=1041 width=0)
	              Index Cond: ((id >= 8302109) AND (id <= 8303108))

for: simple_ranges
table 1 : explain SELECT c FROM sbtest1 WHERE id BETWEEN 5241984 AND 5242983
	Bitmap Heap Scan on sbtest1  (cost=34.29..3726.90 rows=961 width=121)
	  Recheck Cond: ((id >= 5241984) AND (id <= 5242983))
	  ->  Bitmap Index Scan on sbtest1_pkey  (cost=0.00..34.05 rows=961 width=0)
	        Index Cond: ((id >= 5241984) AND (id <= 5242983))

table 2 : explain SELECT c FROM sbtest2 WHERE id BETWEEN 2854801 AND 2855800
	Bitmap Heap Scan on sbtest2  (cost=29.82..3553.50 rows=916 width=121)
	  Recheck Cond: ((id >= 2854801) AND (id <= 2855800))
	  ->  Bitmap Index Scan on sbtest2_pkey  (cost=0.00..29.59 rows=916 width=0)
	        Index Cond: ((id >= 2854801) AND (id <= 2855800))

table 3 : explain SELECT c FROM sbtest3 WHERE id BETWEEN 3497210 AND 3498209
	Bitmap Heap Scan on sbtest3  (cost=34.52..3814.58 rows=984 width=121)
	  Recheck Cond: ((id >= 3497210) AND (id <= 3498209))
	  ->  Bitmap Index Scan on sbtest3_pkey  (cost=0.00..34.28 rows=984 width=0)
	        Index Cond: ((id >= 3497210) AND (id <= 3498209))

table 4 : explain SELECT c FROM sbtest4 WHERE id BETWEEN 7753638 AND 7754637
	Bitmap Heap Scan on sbtest4  (cost=34.70..3885.41 rows=1001 width=121)
	  Recheck Cond: ((id >= 7753638) AND (id <= 7754637))
	  ->  Bitmap Index Scan on sbtest4_pkey  (cost=0.00..34.45 rows=1001 width=0)
	        Index Cond: ((id >= 7753638) AND (id <= 7754637))

table 5 : explain SELECT c FROM sbtest5 WHERE id BETWEEN 9310652 AND 9311651
	Bitmap Heap Scan on sbtest5  (cost=34.83..3934.58 rows=1014 width=121)
	  Recheck Cond: ((id >= 9310652) AND (id <= 9311651))
	  ->  Bitmap Index Scan on sbtest5_pkey  (cost=0.00..34.58 rows=1014 width=0)
	        Index Cond: ((id >= 9310652) AND (id <= 9311651))

table 6 : explain SELECT c FROM sbtest6 WHERE id BETWEEN 7120753 AND 7121752
	Bitmap Heap Scan on sbtest6  (cost=34.92..3962.20 rows=1023 width=121)
	  Recheck Cond: ((id >= 7120753) AND (id <= 7121752))
	  ->  Bitmap Index Scan on sbtest6_pkey  (cost=0.00..34.67 rows=1023 width=0)
	        Index Cond: ((id >= 7120753) AND (id <= 7121752))

table 7 : explain SELECT c FROM sbtest7 WHERE id BETWEEN 2095168 AND 2096167
	Bitmap Heap Scan on sbtest7  (cost=34.50..3805.79 rows=982 width=121)
	  Recheck Cond: ((id >= 2095168) AND (id <= 2096167))
	  ->  Bitmap Index Scan on sbtest7_pkey  (cost=0.00..34.26 rows=982 width=0)
	        Index Cond: ((id >= 2095168) AND (id <= 2096167))

table 8 : explain SELECT c FROM sbtest8 WHERE id BETWEEN 9260427 AND 9261426
	Bitmap Heap Scan on sbtest8  (cost=34.36..3753.74 rows=968 width=121)
	  Recheck Cond: ((id >= 9260427) AND (id <= 9261426))
	  ->  Bitmap Index Scan on sbtest8_pkey  (cost=0.00..34.12 rows=968 width=0)
	        Index Cond: ((id >= 9260427) AND (id <= 9261426))

for: sum_ranges
table 1 : explain SELECT SUM(k) FROM sbtest1 WHERE id BETWEEN 4768147 AND 4769146
	Aggregate  (cost=3891.51..3891.52 rows=1 width=8)
	  ->  Bitmap Heap Scan on sbtest1  (cost=34.73..3889.00 rows=1004 width=4)
	        Recheck Cond: ((id >= 4768147) AND (id <= 4769146))
	        ->  Bitmap Index Scan on sbtest1_pkey  (cost=0.00..34.48 rows=1004 width=0)
	              Index Cond: ((id >= 4768147) AND (id <= 4769146))

table 2 : explain SELECT SUM(k) FROM sbtest2 WHERE id BETWEEN 2340707 AND 2341706
	Aggregate  (cost=3816.64..3816.65 rows=1 width=8)
	  ->  Bitmap Heap Scan on sbtest2  (cost=34.52..3814.18 rows=984 width=4)
	        Recheck Cond: ((id >= 2340707) AND (id <= 2341706))
	        ->  Bitmap Index Scan on sbtest2_pkey  (cost=0.00..34.28 rows=984 width=0)
	              Index Cond: ((id >= 2340707) AND (id <= 2341706))

table 3 : explain SELECT SUM(k) FROM sbtest3 WHERE id BETWEEN 5809175 AND 5810174
	Aggregate  (cost=3832.13..3832.14 rows=1 width=8)
	  ->  Bitmap Heap Scan on sbtest3  (cost=34.56..3829.66 rows=988 width=4)
	        Recheck Cond: ((id >= 5809175) AND (id <= 5810174))
	        ->  Bitmap Index Scan on sbtest3_pkey  (cost=0.00..34.32 rows=988 width=0)
	              Index Cond: ((id >= 5809175) AND (id <= 5810174))

table 4 : explain SELECT SUM(k) FROM sbtest4 WHERE id BETWEEN 4859438 AND 4860437
	Aggregate  (cost=3554.47..3554.48 rows=1 width=8)
	  ->  Bitmap Heap Scan on sbtest4  (cost=29.80..3552.18 rows=914 width=4)
	        Recheck Cond: ((id >= 4859438) AND (id <= 4860437))
	        ->  Bitmap Index Scan on sbtest4_pkey  (cost=0.00..29.57 rows=914 width=0)
	              Index Cond: ((id >= 4859438) AND (id <= 4860437))

table 5 : explain SELECT SUM(k) FROM sbtest5 WHERE id BETWEEN 3206100 AND 3207099
	Aggregate  (cost=4076.88..4076.89 rows=1 width=8)
	  ->  Bitmap Heap Scan on sbtest5  (cost=35.21..4074.26 rows=1051 width=4)
	        Recheck Cond: ((id >= 3206100) AND (id <= 3207099))
	        ->  Bitmap Index Scan on sbtest5_pkey  (cost=0.00..34.95 rows=1051 width=0)
	              Index Cond: ((id >= 3206100) AND (id <= 3207099))

table 6 : explain SELECT SUM(k) FROM sbtest6 WHERE id BETWEEN 324790 AND 325789
	Aggregate  (cost=3960.99..3961.00 rows=1 width=8)
	  ->  Bitmap Heap Scan on sbtest6  (cost=34.91..3958.43 rows=1022 width=4)
	        Recheck Cond: ((id >= 324790) AND (id <= 325789))
	        ->  Bitmap Index Scan on sbtest6_pkey  (cost=0.00..34.66 rows=1022 width=0)
	              Index Cond: ((id >= 324790) AND (id <= 325789))

table 7 : explain SELECT SUM(k) FROM sbtest7 WHERE id BETWEEN 7030625 AND 7031624
	Aggregate  (cost=3740.33..3740.34 rows=1 width=8)
	  ->  Bitmap Heap Scan on sbtest7  (cost=34.32..3737.92 rows=964 width=4)
	        Recheck Cond: ((id >= 7030625) AND (id <= 7031624))
	        ->  Bitmap Index Scan on sbtest7_pkey  (cost=0.00..34.08 rows=964 width=0)
	              Index Cond: ((id >= 7030625) AND (id <= 7031624))

table 8 : explain SELECT SUM(k) FROM sbtest8 WHERE id BETWEEN 6269623 AND 6270622
	Aggregate  (cost=3657.97..3657.98 rows=1 width=8)
	  ->  Bitmap Heap Scan on sbtest8  (cost=34.09..3655.62 rows=942 width=4)
	        Recheck Cond: ((id >= 6269623) AND (id <= 6270622))
	        ->  Bitmap Index Scan on sbtest8_pkey  (cost=0.00..33.86 rows=942 width=0)
	              Index Cond: ((id >= 6269623) AND (id <= 6270622))

for: order_ranges
table 1 : explain SELECT c FROM sbtest1 WHERE id BETWEEN 8986505 AND 8987504 ORDER BY c
	Sort  (cost=3797.49..3799.91 rows=967 width=121)
	  Sort Key: c
	  ->  Bitmap Heap Scan on sbtest1  (cost=34.35..3749.54 rows=967 width=121)
	        Recheck Cond: ((id >= 8986505) AND (id <= 8987504))
	        ->  Bitmap Index Scan on sbtest1_pkey  (cost=0.00..34.11 rows=967 width=0)
	              Index Cond: ((id >= 8986505) AND (id <= 8987504))

table 2 : explain SELECT c FROM sbtest2 WHERE id BETWEEN 3707132 AND 3708131 ORDER BY c
	Sort  (cost=3874.58..3877.04 rows=987 width=121)
	  Sort Key: c
	  ->  Bitmap Heap Scan on sbtest2  (cost=34.55..3825.49 rows=987 width=121)
	        Recheck Cond: ((id >= 3707132) AND (id <= 3708131))
	        ->  Bitmap Index Scan on sbtest2_pkey  (cost=0.00..34.31 rows=987 width=0)
	              Index Cond: ((id >= 3707132) AND (id <= 3708131))

table 3 : explain SELECT c FROM sbtest3 WHERE id BETWEEN 2650946 AND 2651945 ORDER BY c
	Sort  (cost=4081.48..4084.08 rows=1041 width=121)
	  Sort Key: c
	  ->  Bitmap Heap Scan on sbtest3  (cost=35.11..4029.31 rows=1041 width=121)
	        Recheck Cond: ((id >= 2650946) AND (id <= 2651945))
	        ->  Bitmap Index Scan on sbtest3_pkey  (cost=0.00..34.84 rows=1041 width=0)
	              Index Cond: ((id >= 2650946) AND (id <= 2651945))

table 4 : explain SELECT c FROM sbtest4 WHERE id BETWEEN 217789 AND 218788 ORDER BY c
	Sort  (cost=4000.49..4003.04 rows=1018 width=121)
	  Sort Key: c
	  ->  Bitmap Heap Scan on sbtest4  (cost=34.87..3949.64 rows=1018 width=121)
	        Recheck Cond: ((id >= 217789) AND (id <= 218788))
	        ->  Bitmap Index Scan on sbtest4_pkey  (cost=0.00..34.62 rows=1018 width=0)
	              Index Cond: ((id >= 217789) AND (id <= 218788))

table 5 : explain SELECT c FROM sbtest5 WHERE id BETWEEN 9560197 AND 9561196 ORDER BY c
	Sort  (cost=4023.55..4026.11 rows=1024 width=121)
	  Sort Key: c
	  ->  Bitmap Heap Scan on sbtest5  (cost=34.93..3972.35 rows=1024 width=121)
	        Recheck Cond: ((id >= 9560197) AND (id <= 9561196))
	        ->  Bitmap Index Scan on sbtest5_pkey  (cost=0.00..34.68 rows=1024 width=0)
	              Index Cond: ((id >= 9560197) AND (id <= 9561196))

table 6 : explain SELECT c FROM sbtest6 WHERE id BETWEEN 360198 AND 361197 ORDER BY c
	Sort  (cost=4009.52..4012.07 rows=1022 width=121)
	  Sort Key: c
	  ->  Bitmap Heap Scan on sbtest6  (cost=34.91..3958.43 rows=1022 width=121)
	        Recheck Cond: ((id >= 360198) AND (id <= 361197))
	        ->  Bitmap Index Scan on sbtest6_pkey  (cost=0.00..34.66 rows=1022 width=0)
	              Index Cond: ((id >= 360198) AND (id <= 361197))

table 7 : explain SELECT c FROM sbtest7 WHERE id BETWEEN 2180453 AND 2181452 ORDER BY c
	Sort  (cost=3693.78..3696.13 rows=940 width=121)
	  Sort Key: c
	  ->  Bitmap Heap Scan on sbtest7  (cost=34.07..3647.36 rows=940 width=121)
	        Recheck Cond: ((id >= 2180453) AND (id <= 2181452))
	        ->  Bitmap Index Scan on sbtest7_pkey  (cost=0.00..33.84 rows=940 width=0)
	              Index Cond: ((id >= 2180453) AND (id <= 2181452))

table 8 : explain SELECT c FROM sbtest8 WHERE id BETWEEN 3534845 AND 3535844 ORDER BY c
	Sort  (cost=3667.65..3669.99 rows=933 width=121)
	  Sort Key: c
	  ->  Bitmap Heap Scan on sbtest8  (cost=34.00..3621.63 rows=933 width=121)
	        Recheck Cond: ((id >= 3534845) AND (id <= 3535844))
	        ->  Bitmap Index Scan on sbtest8_pkey  (cost=0.00..33.77 rows=933 width=0)
	              Index Cond: ((id >= 3534845) AND (id <= 3535844))

for point_selects
table 1 : explain SELECT c FROM sbtest1 WHERE id=9395393
	Index Scan using sbtest1_pkey on sbtest1  (cost=0.43..8.45 rows=1 width=121)
	  Index Cond: (id = 9395393)

table 2 : explain SELECT c FROM sbtest2 WHERE id=3309255
	Index Scan using sbtest2_pkey on sbtest2  (cost=0.43..8.45 rows=1 width=121)
	  Index Cond: (id = 3309255)

table 3 : explain SELECT c FROM sbtest3 WHERE id=632994
	Index Scan using sbtest3_pkey on sbtest3  (cost=0.43..8.45 rows=1 width=121)
	  Index Cond: (id = 632994)

table 4 : explain SELECT c FROM sbtest4 WHERE id=7897286
	Index Scan using sbtest4_pkey on sbtest4  (cost=0.43..8.45 rows=1 width=121)
	  Index Cond: (id = 7897286)

table 5 : explain SELECT c FROM sbtest5 WHERE id=1059814
	Index Scan using sbtest5_pkey on sbtest5  (cost=0.43..8.45 rows=1 width=121)
	  Index Cond: (id = 1059814)

table 6 : explain SELECT c FROM sbtest6 WHERE id=9480257
	Index Scan using sbtest6_pkey on sbtest6  (cost=0.43..8.45 rows=1 width=121)
	  Index Cond: (id = 9480257)

table 7 : explain SELECT c FROM sbtest7 WHERE id=5412799
	Index Scan using sbtest7_pkey on sbtest7  (cost=0.43..8.45 rows=1 width=121)
	  Index Cond: (id = 5412799)

table 8 : explain SELECT c FROM sbtest8 WHERE id=1631432
	Index Scan using sbtest8_pkey on sbtest8  (cost=0.43..8.45 rows=1 width=121)
	  Index Cond: (id = 1631432)

for: sum_ranges
table 1 : explain SELECT SUM(k) FROM sbtest1 WHERE id BETWEEN 1303986 AND 1304985
	Aggregate  (cost=4327.93..4327.94 rows=1 width=8)
	  ->  Bitmap Heap Scan on sbtest1  (cost=35.93..4325.13 rows=1121 width=4)
	        Recheck Cond: ((id >= 1303986) AND (id <= 1304985))
	        ->  Bitmap Index Scan on sbtest1_pkey  (cost=0.00..35.65 rows=1121 width=0)
	              Index Cond: ((id >= 1303986) AND (id <= 1304985))

table 2 : explain SELECT SUM(k) FROM sbtest2 WHERE id BETWEEN 4834678 AND 4835677
	Aggregate  (cost=3752.48..3752.49 rows=1 width=8)
	  ->  Bitmap Heap Scan on sbtest2  (cost=34.35..3750.06 rows=967 width=4)
	        Recheck Cond: ((id >= 4834678) AND (id <= 4835677))
	        ->  Bitmap Index Scan on sbtest2_pkey  (cost=0.00..34.11 rows=967 width=0)
	              Index Cond: ((id >= 4834678) AND (id <= 4835677))

table 3 : explain SELECT SUM(k) FROM sbtest3 WHERE id BETWEEN 5765076 AND 5766075
	Aggregate  (cost=3832.13..3832.14 rows=1 width=8)
	  ->  Bitmap Heap Scan on sbtest3  (cost=34.56..3829.66 rows=988 width=4)
	        Recheck Cond: ((id >= 5765076) AND (id <= 5766075))
	        ->  Bitmap Index Scan on sbtest3_pkey  (cost=0.00..34.32 rows=988 width=0)
	              Index Cond: ((id >= 5765076) AND (id <= 5766075))

table 4 : explain SELECT SUM(k) FROM sbtest4 WHERE id BETWEEN 9219572 AND 9220571
	Aggregate  (cost=3781.99..3782.00 rows=1 width=8)
	  ->  Bitmap Heap Scan on sbtest4  (cost=34.41..3779.56 rows=973 width=4)
	        Recheck Cond: ((id >= 9219572) AND (id <= 9220571))
	        ->  Bitmap Index Scan on sbtest4_pkey  (cost=0.00..34.17 rows=973 width=0)
	              Index Cond: ((id >= 9219572) AND (id <= 9220571))

table 5 : explain SELECT SUM(k) FROM sbtest5 WHERE id BETWEEN 5278673 AND 5279672
	Aggregate  (cost=3493.82..3493.83 rows=1 width=8)
	  ->  Bitmap Heap Scan on sbtest5  (cost=29.64..3491.57 rows=898 width=4)
	        Recheck Cond: ((id >= 5278673) AND (id <= 5279672))
	        ->  Bitmap Index Scan on sbtest5_pkey  (cost=0.00..29.41 rows=898 width=0)
	              Index Cond: ((id >= 5278673) AND (id <= 5279672))

table 6 : explain SELECT SUM(k) FROM sbtest6 WHERE id BETWEEN 3141822 AND 3142821
	Aggregate  (cost=4367.64..4367.65 rows=1 width=8)
	  ->  Bitmap Heap Scan on sbtest6  (cost=40.02..4364.81 rows=1130 width=4)
	        Recheck Cond: ((id >= 3141822) AND (id <= 3142821))
	        ->  Bitmap Index Scan on sbtest6_pkey  (cost=0.00..39.73 rows=1130 width=0)
	              Index Cond: ((id >= 3141822) AND (id <= 3142821))

table 7 : explain SELECT SUM(k) FROM sbtest7 WHERE id BETWEEN 1038606 AND 1039605
	Aggregate  (cost=3316.58..3316.59 rows=1 width=8)
	  ->  Bitmap Heap Scan on sbtest7  (cost=29.18..3314.45 rows=853 width=4)
	        Recheck Cond: ((id >= 1038606) AND (id <= 1039605))
	        ->  Bitmap Index Scan on sbtest7_pkey  (cost=0.00..28.96 rows=853 width=0)
	              Index Cond: ((id >= 1038606) AND (id <= 1039605))

table 8 : explain SELECT SUM(k) FROM sbtest8 WHERE id BETWEEN 5829999 AND 5830998
	Aggregate  (cost=3907.04..3907.05 rows=1 width=8)
	  ->  Bitmap Heap Scan on sbtest8  (cost=34.77..3904.52 rows=1008 width=4)
	        Recheck Cond: ((id >= 5829999) AND (id <= 5830998))
	        ->  Bitmap Index Scan on sbtest8_pkey  (cost=0.00..34.52 rows=1008 width=0)
	              Index Cond: ((id >= 5829999) AND (id <= 5830998))

for: sum_ranges
table 1 : explain SELECT SUM(k) FROM sbtest1 WHERE id BETWEEN 6170943 AND 6171942
	Aggregate  (cost=3955.57..3955.58 rows=1 width=8)
	  ->  Bitmap Heap Scan on sbtest1  (cost=34.90..3953.02 rows=1021 width=4)
	        Recheck Cond: ((id >= 6170943) AND (id <= 6171942))
	        ->  Bitmap Index Scan on sbtest1_pkey  (cost=0.00..34.65 rows=1021 width=0)
	              Index Cond: ((id >= 6170943) AND (id <= 6171942))

table 2 : explain SELECT SUM(k) FROM sbtest2 WHERE id BETWEEN 4844981 AND 4845980
	Aggregate  (cost=3752.48..3752.49 rows=1 width=8)
	  ->  Bitmap Heap Scan on sbtest2  (cost=34.35..3750.06 rows=967 width=4)
	        Recheck Cond: ((id >= 4844981) AND (id <= 4845980))
	        ->  Bitmap Index Scan on sbtest2_pkey  (cost=0.00..34.11 rows=967 width=0)
	              Index Cond: ((id >= 4844981) AND (id <= 4845980))

table 3 : explain SELECT SUM(k) FROM sbtest3 WHERE id BETWEEN 8641822 AND 8642821
	Aggregate  (cost=4013.08..4013.09 rows=1 width=8)
	  ->  Bitmap Heap Scan on sbtest3  (cost=35.05..4010.49 rows=1036 width=4)
	        Recheck Cond: ((id >= 8641822) AND (id <= 8642821))
	        ->  Bitmap Index Scan on sbtest3_pkey  (cost=0.00..34.80 rows=1036 width=0)
	              Index Cond: ((id >= 8641822) AND (id <= 8642821))

table 4 : explain SELECT SUM(k) FROM sbtest4 WHERE id BETWEEN 9642943 AND 9643942
	Aggregate  (cost=3706.27..3706.28 rows=1 width=8)
	  ->  Bitmap Heap Scan on sbtest4  (cost=34.20..3703.89 rows=953 width=4)
	        Recheck Cond: ((id >= 9642943) AND (id <= 9643942))
	        ->  Bitmap Index Scan on sbtest4_pkey  (cost=0.00..33.97 rows=953 width=0)
	              Index Cond: ((id >= 9642943) AND (id <= 9643942))

table 5 : explain SELECT SUM(k) FROM sbtest5 WHERE id BETWEEN 1721854 AND 1722853
	Aggregate  (cost=3842.58..3842.59 rows=1 width=8)
	  ->  Bitmap Heap Scan on sbtest5  (cost=34.57..3840.11 rows=989 width=4)
	        Recheck Cond: ((id >= 1721854) AND (id <= 1722853))
	        ->  Bitmap Index Scan on sbtest5_pkey  (cost=0.00..34.33 rows=989 width=0)
	              Index Cond: ((id >= 1721854) AND (id <= 1722853))

table 6 : explain SELECT SUM(k) FROM sbtest6 WHERE id BETWEEN 4687696 AND 4688695
	Aggregate  (cost=3761.03..3761.04 rows=1 width=8)
	  ->  Bitmap Heap Scan on sbtest6  (cost=34.37..3758.61 rows=969 width=4)
	        Recheck Cond: ((id >= 4687696) AND (id <= 4688695))
	        ->  Bitmap Index Scan on sbtest6_pkey  (cost=0.00..34.12 rows=969 width=0)
	              Index Cond: ((id >= 4687696) AND (id <= 4688695))

table 7 : explain SELECT SUM(k) FROM sbtest7 WHERE id BETWEEN 2167660 AND 2168659
	Aggregate  (cost=3649.71..3649.72 rows=1 width=8)
	  ->  Bitmap Heap Scan on sbtest7  (cost=34.07..3647.36 rows=940 width=4)
	        Recheck Cond: ((id >= 2167660) AND (id <= 2168659))
	        ->  Bitmap Index Scan on sbtest7_pkey  (cost=0.00..33.84 rows=940 width=0)
	              Index Cond: ((id >= 2167660) AND (id <= 2168659))

table 8 : explain SELECT SUM(k) FROM sbtest8 WHERE id BETWEEN 7938539 AND 7939538
	Aggregate  (cost=3563.26..3563.27 rows=1 width=8)
	  ->  Bitmap Heap Scan on sbtest8  (cost=29.84..3560.96 rows=918 width=4)
	        Recheck Cond: ((id >= 7938539) AND (id <= 7939538))
	        ->  Bitmap Index Scan on sbtest8_pkey  (cost=0.00..29.61 rows=918 width=0)
	              Index Cond: ((id >= 7938539) AND (id <= 7939538))

for: distinct_ranges
table 1 : explain SELECT DISTINCT c FROM sbtest1 WHERE id BETWEEN 171895 AND 172894 ORDER BY c
	Unique  (cost=3923.76..3928.76 rows=1000 width=121)
	  ->  Sort  (cost=3923.76..3926.26 rows=1000 width=121)
	        Sort Key: c
	        ->  Bitmap Heap Scan on sbtest1  (cost=34.69..3873.93 rows=1000 width=121)
	              Recheck Cond: ((id >= 171895) AND (id <= 172894))
	              ->  Bitmap Index Scan on sbtest1_pkey  (cost=0.00..34.44 rows=1000 width=0)
	                    Index Cond: ((id >= 171895) AND (id <= 172894))

table 2 : explain SELECT DISTINCT c FROM sbtest2 WHERE id BETWEEN 9901803 AND 9902802 ORDER BY c
	Unique  (cost=3832.47..3837.35 rows=976 width=121)
	  ->  Sort  (cost=3832.47..3834.91 rows=976 width=121)
	        Sort Key: c
	        ->  Bitmap Heap Scan on sbtest2  (cost=34.44..3784.01 rows=976 width=121)
	              Recheck Cond: ((id >= 9901803) AND (id <= 9902802))
	              ->  Bitmap Index Scan on sbtest2_pkey  (cost=0.00..34.20 rows=976 width=0)
	                    Index Cond: ((id >= 9901803) AND (id <= 9902802))

table 3 : explain SELECT DISTINCT c FROM sbtest3 WHERE id BETWEEN 4668921 AND 4669920 ORDER BY c
	Unique  (cost=4054.73..4059.90 rows=1034 width=121)
	  ->  Sort  (cost=4054.73..4057.32 rows=1034 width=121)
	        Sort Key: c
	        ->  Bitmap Heap Scan on sbtest3  (cost=35.03..4002.96 rows=1034 width=121)
	              Recheck Cond: ((id >= 4668921) AND (id <= 4669920))
	              ->  Bitmap Index Scan on sbtest3_pkey  (cost=0.00..34.78 rows=1034 width=0)
	                    Index Cond: ((id >= 4668921) AND (id <= 4669920))

table 4 : explain SELECT DISTINCT c FROM sbtest4 WHERE id BETWEEN 4615719 AND 4616718 ORDER BY c
	Unique  (cost=3877.75..3882.68 rows=986 width=121)
	  ->  Sort  (cost=3877.75..3880.21 rows=986 width=121)
	        Sort Key: c
	        ->  Bitmap Heap Scan on sbtest4  (cost=34.54..3828.72 rows=986 width=121)
	              Recheck Cond: ((id >= 4615719) AND (id <= 4616718))
	              ->  Bitmap Index Scan on sbtest4_pkey  (cost=0.00..34.30 rows=986 width=0)
	                    Index Cond: ((id >= 4615719) AND (id <= 4616718))

table 5 : explain SELECT DISTINCT c FROM sbtest5 WHERE id BETWEEN 3523750 AND 3524749 ORDER BY c
	Unique  (cost=3439.38..3443.75 rows=873 width=121)
	  ->  Sort  (cost=3439.38..3441.56 rows=873 width=121)
	        Sort Key: c
	        ->  Bitmap Heap Scan on sbtest5  (cost=29.38..3396.74 rows=873 width=121)
	              Recheck Cond: ((id >= 3523750) AND (id <= 3524749))
	              ->  Bitmap Index Scan on sbtest5_pkey  (cost=0.00..29.16 rows=873 width=0)
	                    Index Cond: ((id >= 3523750) AND (id <= 3524749))

table 6 : explain SELECT DISTINCT c FROM sbtest6 WHERE id BETWEEN 3461611 AND 3462610 ORDER BY c
	Unique  (cost=3910.05..3915.03 rows=996 width=121)
	  ->  Sort  (cost=3910.05..3912.54 rows=996 width=121)
	        Sort Key: c
	        ->  Bitmap Heap Scan on sbtest6  (cost=34.64..3860.45 rows=996 width=121)
	              Recheck Cond: ((id >= 3461611) AND (id <= 3462610))
	              ->  Bitmap Index Scan on sbtest6_pkey  (cost=0.00..34.40 rows=996 width=0)
	                    Index Cond: ((id >= 3461611) AND (id <= 3462610))

table 7 : explain SELECT DISTINCT c FROM sbtest7 WHERE id BETWEEN 7581062 AND 7582061 ORDER BY c
	Unique  (cost=3896.67..3901.63 rows=993 width=121)
	  ->  Sort  (cost=3896.67..3899.15 rows=993 width=121)
	        Sort Key: c
	        ->  Bitmap Heap Scan on sbtest7  (cost=34.61..3847.24 rows=993 width=121)
	              Recheck Cond: ((id >= 7581062) AND (id <= 7582061))
	              ->  Bitmap Index Scan on sbtest7_pkey  (cost=0.00..34.37 rows=993 width=0)
	                    Index Cond: ((id >= 7581062) AND (id <= 7582061))

table 8 : explain SELECT DISTINCT c FROM sbtest8 WHERE id BETWEEN 7610785 AND 7611784 ORDER BY c
	Unique  (cost=3878.30..3883.24 rows=988 width=121)
	  ->  Sort  (cost=3878.30..3880.77 rows=988 width=121)
	        Sort Key: c
	        ->  Bitmap Heap Scan on sbtest8  (cost=34.56..3829.15 rows=988 width=121)
	              Recheck Cond: ((id >= 7610785) AND (id <= 7611784))
	              ->  Bitmap Index Scan on sbtest8_pkey  (cost=0.00..34.32 rows=988 width=0)
	                    Index Cond: ((id >= 7610785) AND (id <= 7611784))

for: distinct_ranges
table 1 : explain SELECT DISTINCT c FROM sbtest1 WHERE id BETWEEN 2345432 AND 2346431 ORDER BY c
	Unique  (cost=4069.00..4074.19 rows=1038 width=121)
	  ->  Sort  (cost=4069.00..4071.59 rows=1038 width=121)
	        Sort Key: c
	        ->  Bitmap Heap Scan on sbtest1  (cost=35.07..4017.00 rows=1038 width=121)
	              Recheck Cond: ((id >= 2345432) AND (id <= 2346431))
	              ->  Bitmap Index Scan on sbtest1_pkey  (cost=0.00..34.82 rows=1038 width=0)
	                    Index Cond: ((id >= 2345432) AND (id <= 2346431))

table 2 : explain SELECT DISTINCT c FROM sbtest2 WHERE id BETWEEN 4349162 AND 4350161 ORDER BY c
	Unique  (cost=3702.24..3706.95 rows=942 width=121)
	  ->  Sort  (cost=3702.24..3704.60 rows=942 width=121)
	        Sort Key: c
	        ->  Bitmap Heap Scan on sbtest2  (cost=34.09..3655.71 rows=942 width=121)
	              Recheck Cond: ((id >= 4349162) AND (id <= 4350161))
	              ->  Bitmap Index Scan on sbtest2_pkey  (cost=0.00..33.86 rows=942 width=0)
	                    Index Cond: ((id >= 4349162) AND (id <= 4350161))

table 3 : explain SELECT DISTINCT c FROM sbtest3 WHERE id BETWEEN 3723178 AND 3724177 ORDER BY c
	Unique  (cost=4108.22..4113.46 rows=1048 width=121)
	  ->  Sort  (cost=4108.22..4110.84 rows=1048 width=121)
	        Sort Key: c
	        ->  Bitmap Heap Scan on sbtest3  (cost=35.18..4055.65 rows=1048 width=121)
	              Recheck Cond: ((id >= 3723178) AND (id <= 3724177))
	              ->  Bitmap Index Scan on sbtest3_pkey  (cost=0.00..34.92 rows=1048 width=0)
	                    Index Cond: ((id >= 3723178) AND (id <= 3724177))

table 4 : explain SELECT DISTINCT c FROM sbtest4 WHERE id BETWEEN 2059768 AND 2060767 ORDER BY c
	Unique  (cost=3954.48..3959.51 rows=1006 width=121)
	  ->  Sort  (cost=3954.48..3956.99 rows=1006 width=121)
	        Sort Key: c
	        ->  Bitmap Heap Scan on sbtest4  (cost=34.75..3904.31 rows=1006 width=121)
	              Recheck Cond: ((id >= 2059768) AND (id <= 2060767))
	              ->  Bitmap Index Scan on sbtest4_pkey  (cost=0.00..34.50 rows=1006 width=0)
	                    Index Cond: ((id >= 2059768) AND (id <= 2060767))

table 5 : explain SELECT DISTINCT c FROM sbtest5 WHERE id BETWEEN 4930720 AND 4931719 ORDER BY c
	Unique  (cost=4111.68..4116.92 rows=1047 width=121)
	  ->  Sort  (cost=4111.68..4114.30 rows=1047 width=121)
	        Sort Key: c
	        ->  Bitmap Heap Scan on sbtest5  (cost=35.17..4059.16 rows=1047 width=121)
	              Recheck Cond: ((id >= 4930720) AND (id <= 4931719))
	              ->  Bitmap Index Scan on sbtest5_pkey  (cost=0.00..34.91 rows=1047 width=0)
	                    Index Cond: ((id >= 4930720) AND (id <= 4931719))

table 6 : explain SELECT DISTINCT c FROM sbtest6 WHERE id BETWEEN 4324850 AND 4325849 ORDER BY c
	Unique  (cost=4032.46..4037.60 rows=1028 width=121)
	  ->  Sort  (cost=4032.46..4035.03 rows=1028 width=121)
	        Sort Key: c
	        ->  Bitmap Heap Scan on sbtest6  (cost=34.97..3981.03 rows=1028 width=121)
	              Recheck Cond: ((id >= 4324850) AND (id <= 4325849))
	              ->  Bitmap Index Scan on sbtest6_pkey  (cost=0.00..34.72 rows=1028 width=0)
	                    Index Cond: ((id >= 4324850) AND (id <= 4325849))

table 7 : explain SELECT DISTINCT c FROM sbtest7 WHERE id BETWEEN 9757518 AND 9758517 ORDER BY c
	Unique  (cost=3804.84..3809.68 rows=969 width=121)
	  ->  Sort  (cost=3804.84..3807.26 rows=969 width=121)
	        Sort Key: c
	        ->  Bitmap Heap Scan on sbtest7  (cost=34.37..3756.77 rows=969 width=121)
	              Recheck Cond: ((id >= 9757518) AND (id <= 9758517))
	              ->  Bitmap Index Scan on sbtest7_pkey  (cost=0.00..34.12 rows=969 width=0)
	                    Index Cond: ((id >= 9757518) AND (id <= 9758517))

table 8 : explain SELECT DISTINCT c FROM sbtest8 WHERE id BETWEEN 4027623 AND 4028622 ORDER BY c
	Unique  (cost=4107.67..4112.91 rows=1048 width=121)
	  ->  Sort  (cost=4107.67..4110.29 rows=1048 width=121)
	        Sort Key: c
	        ->  Bitmap Heap Scan on sbtest8  (cost=35.18..4055.10 rows=1048 width=121)
	              Recheck Cond: ((id >= 4027623) AND (id <= 4028622))
	              ->  Bitmap Index Scan on sbtest8_pkey  (cost=0.00..34.92 rows=1048 width=0)
	                    Index Cond: ((id >= 4027623) AND (id <= 4028622))

explain: for point_selects :: explain SELECT c FROM sbtest%u WHERE id=%u
for: simple_ranges
table 1 : explain SELECT c FROM sbtest1 WHERE id BETWEEN 1467867 AND 1468866
	Bitmap Heap Scan on sbtest1  (cost=34.92..3960.55 rows=1023 width=121)
	  Recheck Cond: ((id >= 1467867) AND (id <= 1468866))
	  ->  Bitmap Index Scan on sbtest1_pkey  (cost=0.00..34.67 rows=1023 width=0)
	        Index Cond: ((id >= 1467867) AND (id <= 1468866))

table 2 : explain SELECT c FROM sbtest2 WHERE id BETWEEN 3785721 AND 3786720
	Bitmap Heap Scan on sbtest2  (cost=35.80..4280.74 rows=1109 width=121)
	  Recheck Cond: ((id >= 3785721) AND (id <= 3786720))
	  ->  Bitmap Index Scan on sbtest2_pkey  (cost=0.00..35.53 rows=1109 width=0)
	        Index Cond: ((id >= 3785721) AND (id <= 3786720))

table 3 : explain SELECT c FROM sbtest3 WHERE id BETWEEN 9046052 AND 9047051
	Bitmap Heap Scan on sbtest3  (cost=34.47..3795.72 rows=979 width=121)
	  Recheck Cond: ((id >= 9046052) AND (id <= 9047051))
	  ->  Bitmap Index Scan on sbtest3_pkey  (cost=0.00..34.23 rows=979 width=0)
	        Index Cond: ((id >= 9046052) AND (id <= 9047051))

table 4 : explain SELECT c FROM sbtest4 WHERE id BETWEEN 6904857 AND 6905856
	Bitmap Heap Scan on sbtest4  (cost=35.09..4032.69 rows=1040 width=121)
	  Recheck Cond: ((id >= 6904857) AND (id <= 6905856))
	  ->  Bitmap Index Scan on sbtest4_pkey  (cost=0.00..34.84 rows=1040 width=0)
	        Index Cond: ((id >= 6904857) AND (id <= 6905856))

table 5 : explain SELECT c FROM sbtest5 WHERE id BETWEEN 3209320 AND 3210319
	Bitmap Heap Scan on sbtest5  (cost=35.21..4074.26 rows=1051 width=121)
	  Recheck Cond: ((id >= 3209320) AND (id <= 3210319))
	  ->  Bitmap Index Scan on sbtest5_pkey  (cost=0.00..34.95 rows=1051 width=0)
	        Index Cond: ((id >= 3209320) AND (id <= 3210319))

table 6 : explain SELECT c FROM sbtest6 WHERE id BETWEEN 4957740 AND 4958739
	Index Scan using sbtest6_pkey on sbtest6  (cost=0.43..3323.55 rows=847 width=121)
	  Index Cond: ((id >= 4957740) AND (id <= 4958739))

table 7 : explain SELECT c FROM sbtest7 WHERE id BETWEEN 6725356 AND 6726355
	Bitmap Heap Scan on sbtest7  (cost=34.91..3956.45 rows=1022 width=121)
	  Recheck Cond: ((id >= 6725356) AND (id <= 6726355))
	  ->  Bitmap Index Scan on sbtest7_pkey  (cost=0.00..34.66 rows=1022 width=0)
	        Index Cond: ((id >= 6725356) AND (id <= 6726355))

table 8 : explain SELECT c FROM sbtest8 WHERE id BETWEEN 4320261 AND 4321260
	Bitmap Heap Scan on sbtest8  (cost=34.41..3772.60 rows=973 width=121)
	  Recheck Cond: ((id >= 4320261) AND (id <= 4321260))
	  ->  Bitmap Index Scan on sbtest8_pkey  (cost=0.00..34.17 rows=973 width=0)
	        Index Cond: ((id >= 4320261) AND (id <= 4321260))

for: sum_ranges
table 1 : explain SELECT SUM(k) FROM sbtest1 WHERE id BETWEEN 5787744 AND 5788743
	Aggregate  (cost=3555.30..3555.31 rows=1 width=8)
	  ->  Bitmap Heap Scan on sbtest1  (cost=29.82..3553.01 rows=916 width=4)
	        Recheck Cond: ((id >= 5787744) AND (id <= 5788743))
	        ->  Bitmap Index Scan on sbtest1_pkey  (cost=0.00..29.59 rows=916 width=0)
	              Index Cond: ((id >= 5787744) AND (id <= 5788743))

table 2 : explain SELECT SUM(k) FROM sbtest2 WHERE id BETWEEN 5111815 AND 5112814
	Aggregate  (cost=4001.35..4001.36 rows=1 width=8)
	  ->  Bitmap Heap Scan on sbtest2  (cost=35.02..3998.77 rows=1033 width=4)
	        Recheck Cond: ((id >= 5111815) AND (id <= 5112814))
	        ->  Bitmap Index Scan on sbtest2_pkey  (cost=0.00..34.77 rows=1033 width=0)
	              Index Cond: ((id >= 5111815) AND (id <= 5112814))

table 3 : explain SELECT SUM(k) FROM sbtest3 WHERE id BETWEEN 335648 AND 336647
	Aggregate  (cost=3892.48..3892.49 rows=1 width=8)
	  ->  Bitmap Heap Scan on sbtest3  (cost=34.73..3889.97 rows=1004 width=4)
	        Recheck Cond: ((id >= 335648) AND (id <= 336647))
	        ->  Bitmap Index Scan on sbtest3_pkey  (cost=0.00..34.48 rows=1004 width=0)
	              Index Cond: ((id >= 335648) AND (id <= 336647))

table 4 : explain SELECT SUM(k) FROM sbtest4 WHERE id BETWEEN 8782341 AND 8783340
	Aggregate  (cost=3952.18..3952.19 rows=1 width=8)
	  ->  Bitmap Heap Scan on sbtest4  (cost=34.87..3949.64 rows=1018 width=4)
	        Recheck Cond: ((id >= 8782341) AND (id <= 8783340))
	        ->  Bitmap Index Scan on sbtest4_pkey  (cost=0.00..34.62 rows=1018 width=0)
	              Index Cond: ((id >= 8782341) AND (id <= 8783340))

table 5 : explain SELECT SUM(k) FROM sbtest5 WHERE id BETWEEN 9030219 AND 9031218
	Aggregate  (cost=4073.11..4073.12 rows=1 width=8)
	  ->  Bitmap Heap Scan on sbtest5  (cost=35.20..4070.48 rows=1050 width=4)
	        Recheck Cond: ((id >= 9030219) AND (id <= 9031218))
	        ->  Bitmap Index Scan on sbtest5_pkey  (cost=0.00..34.94 rows=1050 width=0)
	              Index Cond: ((id >= 9030219) AND (id <= 9031218))

table 6 : explain SELECT SUM(k) FROM sbtest6 WHERE id BETWEEN 9457942 AND 9458941
	Aggregate  (cost=3976.07..3976.08 rows=1 width=8)
	  ->  Bitmap Heap Scan on sbtest6  (cost=34.95..3973.50 rows=1026 width=4)
	        Recheck Cond: ((id >= 9457942) AND (id <= 9458941))
	        ->  Bitmap Index Scan on sbtest6_pkey  (cost=0.00..34.70 rows=1026 width=0)
	              Index Cond: ((id >= 9457942) AND (id <= 9458941))

table 7 : explain SELECT SUM(k) FROM sbtest7 WHERE id BETWEEN 8485491 AND 8486490
	Aggregate  (cost=4233.63..4233.64 rows=1 width=8)
	  ->  Bitmap Heap Scan on sbtest7  (cost=35.66..4230.89 rows=1095 width=4)
	        Recheck Cond: ((id >= 8485491) AND (id <= 8486490))
	        ->  Bitmap Index Scan on sbtest7_pkey  (cost=0.00..35.39 rows=1095 width=0)
	              Index Cond: ((id >= 8485491) AND (id <= 8486490))

table 8 : explain SELECT SUM(k) FROM sbtest8 WHERE id BETWEEN 2909670 AND 2910669
	Aggregate  (cost=3362.66..3362.67 rows=1 width=8)
	  ->  Bitmap Heap Scan on sbtest8  (cost=29.30..3360.49 rows=865 width=4)
	        Recheck Cond: ((id >= 2909670) AND (id <= 2910669))
	        ->  Bitmap Index Scan on sbtest8_pkey  (cost=0.00..29.08 rows=865 width=0)
	              Index Cond: ((id >= 2909670) AND (id <= 2910669))

for: distinct_ranges
table 1 : explain SELECT DISTINCT c FROM sbtest1 WHERE id BETWEEN 4777527 AND 4778526 ORDER BY c
	Unique  (cost=4053.72..4058.89 rows=1034 width=121)
	  ->  Sort  (cost=4053.72..4056.30 rows=1034 width=121)
	        Sort Key: c
	        ->  Bitmap Heap Scan on sbtest1  (cost=35.03..4001.95 rows=1034 width=121)
	              Recheck Cond: ((id >= 4777527) AND (id <= 4778526))
	              ->  Bitmap Index Scan on sbtest1_pkey  (cost=0.00..34.78 rows=1034 width=0)
	                    Index Cond: ((id >= 4777527) AND (id <= 4778526))

table 2 : explain SELECT DISTINCT c FROM sbtest2 WHERE id BETWEEN 2171176 AND 2172175 ORDER BY c
	Unique  (cost=3817.16..3822.02 rows=972 width=121)
	  ->  Sort  (cost=3817.16..3819.59 rows=972 width=121)
	        Sort Key: c
	        ->  Bitmap Heap Scan on sbtest2  (cost=34.40..3768.93 rows=972 width=121)
	              Recheck Cond: ((id >= 2171176) AND (id <= 2172175))
	              ->  Bitmap Index Scan on sbtest2_pkey  (cost=0.00..34.16 rows=972 width=0)
	                    Index Cond: ((id >= 2171176) AND (id <= 2172175))

table 3 : explain SELECT DISTINCT c FROM sbtest3 WHERE id BETWEEN 1678951 AND 1679950 ORDER BY c
	Unique  (cost=4180.78..4186.12 rows=1067 width=121)
	  ->  Sort  (cost=4180.78..4183.45 rows=1067 width=121)
	        Sort Key: c
	        ->  Bitmap Heap Scan on sbtest3  (cost=35.37..4127.12 rows=1067 width=121)
	              Recheck Cond: ((id >= 1678951) AND (id <= 1679950))
	              ->  Bitmap Index Scan on sbtest3_pkey  (cost=0.00..35.11 rows=1067 width=0)
	                    Index Cond: ((id >= 1678951) AND (id <= 1679950))

table 4 : explain SELECT DISTINCT c FROM sbtest4 WHERE id BETWEEN 3936602 AND 3937601 ORDER BY c
	Unique  (cost=4417.89..4423.52 rows=1126 width=121)
	  ->  Sort  (cost=4417.89..4420.71 rows=1126 width=121)
	        Sort Key: c
	        ->  Bitmap Heap Scan on sbtest4  (cost=39.98..4360.82 rows=1126 width=121)
	              Recheck Cond: ((id >= 3936602) AND (id <= 3937601))
	              ->  Bitmap Index Scan on sbtest4_pkey  (cost=0.00..39.70 rows=1126 width=0)
	                    Index Cond: ((id >= 3936602) AND (id <= 3937601))

table 5 : explain SELECT DISTINCT c FROM sbtest5 WHERE id BETWEEN 9855362 AND 9856361 ORDER BY c
	Unique  (cost=3966.03..3971.08 rows=1009 width=121)
	  ->  Sort  (cost=3966.03..3968.56 rows=1009 width=121)
	        Sort Key: c
	        ->  Bitmap Heap Scan on sbtest5  (cost=34.78..3915.69 rows=1009 width=121)
	              Recheck Cond: ((id >= 9855362) AND (id <= 9856361))
	              ->  Bitmap Index Scan on sbtest5_pkey  (cost=0.00..34.53 rows=1009 width=0)
	                    Index Cond: ((id >= 9855362) AND (id <= 9856361))

table 6 : explain SELECT DISTINCT c FROM sbtest6 WHERE id BETWEEN 9698671 AND 9699670 ORDER BY c
	Unique  (cost=3829.65..3834.53 rows=975 width=121)
	  ->  Sort  (cost=3829.65..3832.09 rows=975 width=121)
	        Sort Key: c
	        ->  Bitmap Heap Scan on sbtest6  (cost=34.43..3781.25 rows=975 width=121)
	              Recheck Cond: ((id >= 9698671) AND (id <= 9699670))
	              ->  Bitmap Index Scan on sbtest6_pkey  (cost=0.00..34.19 rows=975 width=0)
	                    Index Cond: ((id >= 9698671) AND (id <= 9699670))

table 7 : explain SELECT DISTINCT c FROM sbtest7 WHERE id BETWEEN 2058129 AND 2059128 ORDER BY c
	Unique  (cost=3854.59..3859.50 rows=982 width=121)
	  ->  Sort  (cost=3854.59..3857.04 rows=982 width=121)
	        Sort Key: c
	        ->  Bitmap Heap Scan on sbtest7  (cost=34.50..3805.79 rows=982 width=121)
	              Recheck Cond: ((id >= 2058129) AND (id <= 2059128))
	              ->  Bitmap Index Scan on sbtest7_pkey  (cost=0.00..34.26 rows=982 width=0)
	                    Index Cond: ((id >= 2058129) AND (id <= 2059128))

table 8 : explain SELECT DISTINCT c FROM sbtest8 WHERE id BETWEEN 874235 AND 875234 ORDER BY c
	Unique  (cost=3675.32..3679.99 rows=935 width=121)
	  ->  Sort  (cost=3675.32..3677.66 rows=935 width=121)
	        Sort Key: c
	        ->  Bitmap Heap Scan on sbtest8  (cost=34.02..3629.18 rows=935 width=121)
	              Recheck Cond: ((id >= 874235) AND (id <= 875234))
	              ->  Bitmap Index Scan on sbtest8_pkey  (cost=0.00..33.79 rows=935 width=0)
	                    Index Cond: ((id >= 874235) AND (id <= 875234))

for: distinct_ranges
table 1 : explain SELECT DISTINCT c FROM sbtest1 WHERE id BETWEEN 5229961 AND 5230960 ORDER BY c
	Unique  (cost=3774.51..3779.32 rows=961 width=121)
	  ->  Sort  (cost=3774.51..3776.92 rows=961 width=121)
	        Sort Key: c
	        ->  Bitmap Heap Scan on sbtest1  (cost=34.29..3726.90 rows=961 width=121)
	              Recheck Cond: ((id >= 5229961) AND (id <= 5230960))
	              ->  Bitmap Index Scan on sbtest1_pkey  (cost=0.00..34.05 rows=961 width=0)
	                    Index Cond: ((id >= 5229961) AND (id <= 5230960))

table 2 : explain SELECT DISTINCT c FROM sbtest2 WHERE id BETWEEN 9976169 AND 9977168 ORDER BY c
	Unique  (cost=3832.47..3837.35 rows=976 width=121)
	  ->  Sort  (cost=3832.47..3834.91 rows=976 width=121)
	        Sort Key: c
	        ->  Bitmap Heap Scan on sbtest2  (cost=34.44..3784.01 rows=976 width=121)
	              Recheck Cond: ((id >= 9976169) AND (id <= 9977168))
	              ->  Bitmap Index Scan on sbtest2_pkey  (cost=0.00..34.20 rows=976 width=0)
	                    Index Cond: ((id >= 9976169) AND (id <= 9977168))

table 3 : explain SELECT DISTINCT c FROM sbtest3 WHERE id BETWEEN 8609564 AND 8610563 ORDER BY c
	Unique  (cost=4062.37..4067.55 rows=1036 width=121)
	  ->  Sort  (cost=4062.37..4064.96 rows=1036 width=121)
	        Sort Key: c
	        ->  Bitmap Heap Scan on sbtest3  (cost=35.05..4010.49 rows=1036 width=121)
	              Recheck Cond: ((id >= 8609564) AND (id <= 8610563))
	              ->  Bitmap Index Scan on sbtest3_pkey  (cost=0.00..34.80 rows=1036 width=0)
	                    Index Cond: ((id >= 8609564) AND (id <= 8610563))

table 4 : explain SELECT DISTINCT c FROM sbtest4 WHERE id BETWEEN 3392353 AND 3393352 ORDER BY c
	Unique  (cost=4000.49..4005.58 rows=1018 width=121)
	  ->  Sort  (cost=4000.49..4003.04 rows=1018 width=121)
	        Sort Key: c
	        ->  Bitmap Heap Scan on sbtest4  (cost=34.87..3949.64 rows=1018 width=121)
	              Recheck Cond: ((id >= 3392353) AND (id <= 3393352))
	              ->  Bitmap Index Scan on sbtest4_pkey  (cost=0.00..34.62 rows=1018 width=0)
	                    Index Cond: ((id >= 3392353) AND (id <= 3393352))

table 5 : explain SELECT DISTINCT c FROM sbtest5 WHERE id BETWEEN 4117985 AND 4118984 ORDER BY c
	Unique  (cost=3685.77..3690.45 rows=936 width=121)
	  ->  Sort  (cost=3685.77..3688.11 rows=936 width=121)
	        Sort Key: c
	        ->  Bitmap Heap Scan on sbtest5  (cost=34.03..3639.57 rows=936 width=121)
	              Recheck Cond: ((id >= 4117985) AND (id <= 4118984))
	              ->  Bitmap Index Scan on sbtest5_pkey  (cost=0.00..33.80 rows=936 width=0)
	                    Index Cond: ((id >= 4117985) AND (id <= 4118984))

table 6 : explain SELECT DISTINCT c FROM sbtest6 WHERE id BETWEEN 9508738 AND 9509737 ORDER BY c
	Unique  (cost=4024.81..4029.94 rows=1026 width=121)
	  ->  Sort  (cost=4024.81..4027.38 rows=1026 width=121)
	        Sort Key: c
	        ->  Bitmap Heap Scan on sbtest6  (cost=34.95..3973.50 rows=1026 width=121)
	              Recheck Cond: ((id >= 9508738) AND (id <= 9509737))
	              ->  Bitmap Index Scan on sbtest6_pkey  (cost=0.00..34.70 rows=1026 width=0)
	                    Index Cond: ((id >= 9508738) AND (id <= 9509737))

table 7 : explain SELECT DISTINCT c FROM sbtest7 WHERE id BETWEEN 634323 AND 635322 ORDER BY c
	Unique  (cost=3969.32..3974.38 rows=1012 width=121)
	  ->  Sort  (cost=3969.32..3971.85 rows=1012 width=121)
	        Sort Key: c
	        ->  Bitmap Heap Scan on sbtest7  (cost=34.81..3918.80 rows=1012 width=121)
	              Recheck Cond: ((id >= 634323) AND (id <= 635322))
	              ->  Bitmap Index Scan on sbtest7_pkey  (cost=0.00..34.56 rows=1012 width=0)
	                    Index Cond: ((id >= 634323) AND (id <= 635322))

table 8 : explain SELECT DISTINCT c FROM sbtest8 WHERE id BETWEEN 4196487 AND 4197486 ORDER BY c
	Unique  (cost=3721.31..3726.04 rows=947 width=121)
	  ->  Sort  (cost=3721.31..3723.67 rows=947 width=121)
	        Sort Key: c
	        ->  Bitmap Heap Scan on sbtest8  (cost=34.14..3674.49 rows=947 width=121)
	              Recheck Cond: ((id >= 4196487) AND (id <= 4197486))
	              ->  Bitmap Index Scan on sbtest8_pkey  (cost=0.00..33.91 rows=947 width=0)
	                    Index Cond: ((id >= 4196487) AND (id <= 4197486))

for: order_ranges
table 1 : explain SELECT c FROM sbtest1 WHERE id BETWEEN 1620863 AND 1621862 ORDER BY c
	Sort  (cost=3778.34..3780.75 rows=962 width=121)
	  Sort Key: c
	  ->  Bitmap Heap Scan on sbtest1  (cost=34.30..3730.68 rows=962 width=121)
	        Recheck Cond: ((id >= 1620863) AND (id <= 1621862))
	        ->  Bitmap Index Scan on sbtest1_pkey  (cost=0.00..34.06 rows=962 width=0)
	              Index Cond: ((id >= 1620863) AND (id <= 1621862))

table 2 : explain SELECT c FROM sbtest2 WHERE id BETWEEN 2122271 AND 2123270 ORDER BY c
	Sort  (cost=3817.16..3819.59 rows=972 width=121)
	  Sort Key: c
	  ->  Bitmap Heap Scan on sbtest2  (cost=34.40..3768.93 rows=972 width=121)
	        Recheck Cond: ((id >= 2122271) AND (id <= 2123270))
	        ->  Bitmap Index Scan on sbtest2_pkey  (cost=0.00..34.16 rows=972 width=0)
	              Index Cond: ((id >= 2122271) AND (id <= 2123270))

table 3 : explain SELECT c FROM sbtest3 WHERE id BETWEEN 880919 AND 881918 ORDER BY c
	Sort  (cost=3951.50..3954.02 rows=1007 width=121)
	  Sort Key: c
	  ->  Bitmap Heap Scan on sbtest3  (cost=34.76..3901.27 rows=1007 width=121)
	        Recheck Cond: ((id >= 880919) AND (id <= 881918))
	        ->  Bitmap Index Scan on sbtest3_pkey  (cost=0.00..34.51 rows=1007 width=0)
	              Index Cond: ((id >= 880919) AND (id <= 881918))

table 4 : explain SELECT c FROM sbtest4 WHERE id BETWEEN 9311532 AND 9312531 ORDER BY c
	Sort  (cost=3981.32..3983.85 rows=1013 width=121)
	  Sort Key: c
	  ->  Bitmap Heap Scan on sbtest4  (cost=34.82..3930.75 rows=1013 width=121)
	        Recheck Cond: ((id >= 9311532) AND (id <= 9312531))
	        ->  Bitmap Index Scan on sbtest4_pkey  (cost=0.00..34.57 rows=1013 width=0)
	              Index Cond: ((id >= 9311532) AND (id <= 9312531))

table 5 : explain SELECT c FROM sbtest5 WHERE id BETWEEN 5412913 AND 5413912 ORDER BY c
	Sort  (cost=3904.66..3907.14 rows=993 width=121)
	  Sort Key: c
	  ->  Bitmap Heap Scan on sbtest5  (cost=34.61..3855.23 rows=993 width=121)
	        Recheck Cond: ((id >= 5412913) AND (id <= 5413912))
	        ->  Bitmap Index Scan on sbtest5_pkey  (cost=0.00..34.37 rows=993 width=0)
	              Index Cond: ((id >= 5412913) AND (id <= 5413912))

table 6 : explain SELECT c FROM sbtest6 WHERE id BETWEEN 8050724 AND 8051723 ORDER BY c
	Sort  (cost=3898.57..3901.05 rows=993 width=121)
	  Sort Key: c
	  ->  Bitmap Heap Scan on sbtest6  (cost=34.61..3849.14 rows=993 width=121)
	        Recheck Cond: ((id >= 8050724) AND (id <= 8051723))
	        ->  Bitmap Index Scan on sbtest6_pkey  (cost=0.00..34.37 rows=993 width=0)
	              Index Cond: ((id >= 8050724) AND (id <= 8051723))

table 7 : explain SELECT c FROM sbtest7 WHERE id BETWEEN 7503178 AND 7504177 ORDER BY c
	Sort  (cost=3636.30..3638.61 rows=925 width=121)
	  Sort Key: c
	  ->  Bitmap Heap Scan on sbtest7  (cost=33.92..3590.73 rows=925 width=121)
	        Recheck Cond: ((id >= 7503178) AND (id <= 7504177))
	        ->  Bitmap Index Scan on sbtest7_pkey  (cost=0.00..33.69 rows=925 width=0)
	              Index Cond: ((id >= 7503178) AND (id <= 7504177))

table 8 : explain SELECT c FROM sbtest8 WHERE id BETWEEN 3627381 AND 3628380 ORDER BY c
	Sort  (cost=3866.82..3869.28 rows=985 width=121)
	  Sort Key: c
	  ->  Bitmap Heap Scan on sbtest8  (cost=34.53..3817.84 rows=985 width=121)
	        Recheck Cond: ((id >= 3627381) AND (id <= 3628380))
	        ->  Bitmap Index Scan on sbtest8_pkey  (cost=0.00..34.29 rows=985 width=0)
	              Index Cond: ((id >= 3627381) AND (id <= 3628380))

for: order_ranges
table 1 : explain SELECT c FROM sbtest1 WHERE id BETWEEN 6799215 AND 6800214 ORDER BY c
	Sort  (cost=3847.25..3849.70 rows=980 width=121)
	  Sort Key: c
	  ->  Bitmap Heap Scan on sbtest1  (cost=34.48..3798.56 rows=980 width=121)
	        Recheck Cond: ((id >= 6799215) AND (id <= 6800214))
	        ->  Bitmap Index Scan on sbtest1_pkey  (cost=0.00..34.23 rows=980 width=0)
	              Index Cond: ((id >= 6799215) AND (id <= 6800214))

table 2 : explain SELECT c FROM sbtest2 WHERE id BETWEEN 7976450 AND 7977449 ORDER BY c
	Sort  (cost=3748.22..3750.61 rows=954 width=121)
	  Sort Key: c
	  ->  Bitmap Heap Scan on sbtest2  (cost=34.21..3701.01 rows=954 width=121)
	        Recheck Cond: ((id >= 7976450) AND (id <= 7977449))
	        ->  Bitmap Index Scan on sbtest2_pkey  (cost=0.00..33.98 rows=954 width=0)
	              Index Cond: ((id >= 7976450) AND (id <= 7977449))

table 3 : explain SELECT c FROM sbtest3 WHERE id BETWEEN 3672836 AND 3673835 ORDER BY c
	Sort  (cost=3920.90..3923.39 rows=999 width=121)
	  Sort Key: c
	  ->  Bitmap Heap Scan on sbtest3  (cost=34.67..3871.12 rows=999 width=121)
	        Recheck Cond: ((id >= 3672836) AND (id <= 3673835))
	        ->  Bitmap Index Scan on sbtest3_pkey  (cost=0.00..34.43 rows=999 width=0)
	              Index Cond: ((id >= 3672836) AND (id <= 3673835))

table 4 : explain SELECT c FROM sbtest4 WHERE id BETWEEN 5320714 AND 5321713 ORDER BY c
	Sort  (cost=3873.91..3876.37 rows=985 width=121)
	  Sort Key: c
	  ->  Bitmap Heap Scan on sbtest4  (cost=34.53..3824.94 rows=985 width=121)
	        Recheck Cond: ((id >= 5320714) AND (id <= 5321713))
	        ->  Bitmap Index Scan on sbtest4_pkey  (cost=0.00..34.29 rows=985 width=0)
	              Index Cond: ((id >= 5320714) AND (id <= 5321713))

table 5 : explain SELECT c FROM sbtest5 WHERE id BETWEEN 907544 AND 908543 ORDER BY c
	Sort  (cost=4115.51..4118.13 rows=1048 width=121)
	  Sort Key: c
	  ->  Bitmap Heap Scan on sbtest5  (cost=35.18..4062.94 rows=1048 width=121)
	        Recheck Cond: ((id >= 907544) AND (id <= 908543))
	        ->  Bitmap Index Scan on sbtest5_pkey  (cost=0.00..34.92 rows=1048 width=0)
	              Index Cond: ((id >= 907544) AND (id <= 908543))

table 6 : explain SELECT c FROM sbtest6 WHERE id BETWEEN 1685139 AND 1686138 ORDER BY c
	Sort  (cost=3799.01..3801.43 rows=967 width=121)
	  Sort Key: c
	  ->  Bitmap Heap Scan on sbtest6  (cost=34.35..3751.06 rows=967 width=121)
	        Recheck Cond: ((id >= 1685139) AND (id <= 1686138))
	        ->  Bitmap Index Scan on sbtest6_pkey  (cost=0.00..34.11 rows=967 width=0)
	              Index Cond: ((id >= 1685139) AND (id <= 1686138))

table 7 : explain SELECT c FROM sbtest7 WHERE id BETWEEN 5419052 AND 5420051 ORDER BY c
	Sort  (cost=3885.19..3887.67 rows=990 width=121)
	  Sort Key: c
	  ->  Bitmap Heap Scan on sbtest7  (cost=34.58..3835.93 rows=990 width=121)
	        Recheck Cond: ((id >= 5419052) AND (id <= 5420051))
	        ->  Bitmap Index Scan on sbtest7_pkey  (cost=0.00..34.34 rows=990 width=0)
	              Index Cond: ((id >= 5419052) AND (id <= 5420051))

table 8 : explain SELECT c FROM sbtest8 WHERE id BETWEEN 8413597 AND 8414596 ORDER BY c
	Sort  (cost=3954.81..3957.33 rows=1008 width=121)
	  Sort Key: c
	  ->  Bitmap Heap Scan on sbtest8  (cost=34.77..3904.52 rows=1008 width=121)
	        Recheck Cond: ((id >= 8413597) AND (id <= 8414596))
	        ->  Bitmap Index Scan on sbtest8_pkey  (cost=0.00..34.52 rows=1008 width=0)
	              Index Cond: ((id >= 8413597) AND (id <= 8414596))

for: distinct_ranges
table 1 : explain SELECT DISTINCT c FROM sbtest1 WHERE id BETWEEN 3560557 AND 3561556 ORDER BY c
	Unique  (cost=3759.20..3763.98 rows=957 width=121)
	  ->  Sort  (cost=3759.20..3761.59 rows=957 width=121)
	        Sort Key: c
	        ->  Bitmap Heap Scan on sbtest1  (cost=34.24..3711.81 rows=957 width=121)
	              Recheck Cond: ((id >= 3560557) AND (id <= 3561556))
	              ->  Bitmap Index Scan on sbtest1_pkey  (cost=0.00..34.01 rows=957 width=0)
	                    Index Cond: ((id >= 3560557) AND (id <= 3561556))

table 2 : explain SELECT DISTINCT c FROM sbtest2 WHERE id BETWEEN 2720946 AND 2721945 ORDER BY c
	Unique  (cost=3771.21..3776.01 rows=960 width=121)
	  ->  Sort  (cost=3771.21..3773.61 rows=960 width=121)
	        Sort Key: c
	        ->  Bitmap Heap Scan on sbtest2  (cost=34.28..3723.65 rows=960 width=121)
	              Recheck Cond: ((id >= 2720946) AND (id <= 2721945))
	              ->  Bitmap Index Scan on sbtest2_pkey  (cost=0.00..34.04 rows=960 width=0)
	                    Index Cond: ((id >= 2720946) AND (id <= 2721945))

table 3 : explain SELECT DISTINCT c FROM sbtest3 WHERE id BETWEEN 863041 AND 864040 ORDER BY c
	Unique  (cost=3951.50..3956.53 rows=1007 width=121)
	  ->  Sort  (cost=3951.50..3954.02 rows=1007 width=121)
	        Sort Key: c
	        ->  Bitmap Heap Scan on sbtest3  (cost=34.76..3901.27 rows=1007 width=121)
	              Recheck Cond: ((id >= 863041) AND (id <= 864040))
	              ->  Bitmap Index Scan on sbtest3_pkey  (cost=0.00..34.51 rows=1007 width=0)
	                    Index Cond: ((id >= 863041) AND (id <= 864040))

table 4 : explain SELECT DISTINCT c FROM sbtest4 WHERE id BETWEEN 4524091 AND 4525090 ORDER BY c
	Unique  (cost=3854.72..3859.62 rows=980 width=121)
	  ->  Sort  (cost=3854.72..3857.17 rows=980 width=121)
	        Sort Key: c
	        ->  Bitmap Heap Scan on sbtest4  (cost=34.48..3806.03 rows=980 width=121)
	              Recheck Cond: ((id >= 4524091) AND (id <= 4525090))
	              ->  Bitmap Index Scan on sbtest4_pkey  (cost=0.00..34.23 rows=980 width=0)
	                    Index Cond: ((id >= 4524091) AND (id <= 4525090))

table 5 : explain SELECT DISTINCT c FROM sbtest5 WHERE id BETWEEN 205288 AND 206287 ORDER BY c
	Unique  (cost=3962.20..3967.24 rows=1008 width=121)
	  ->  Sort  (cost=3962.20..3964.72 rows=1008 width=121)
	        Sort Key: c
	        ->  Bitmap Heap Scan on sbtest5  (cost=34.77..3911.91 rows=1008 width=121)
	              Recheck Cond: ((id >= 205288) AND (id <= 206287))
	              ->  Bitmap Index Scan on sbtest5_pkey  (cost=0.00..34.52 rows=1008 width=0)
	                    Index Cond: ((id >= 205288) AND (id <= 206287))

table 6 : explain SELECT DISTINCT c FROM sbtest6 WHERE id BETWEEN 175773 AND 176772 ORDER BY c
	Unique  (cost=4024.81..4029.94 rows=1026 width=121)
	  ->  Sort  (cost=4024.81..4027.38 rows=1026 width=121)
	        Sort Key: c
	        ->  Bitmap Heap Scan on sbtest6  (cost=34.95..3973.50 rows=1026 width=121)
	              Recheck Cond: ((id >= 175773) AND (id <= 176772))
	              ->  Bitmap Index Scan on sbtest6_pkey  (cost=0.00..34.70 rows=1026 width=0)
	                    Index Cond: ((id >= 175773) AND (id <= 176772))

table 7 : explain SELECT DISTINCT c FROM sbtest7 WHERE id BETWEEN 9462130 AND 9463129 ORDER BY c
	Unique  (cost=4236.60..4242.01 rows=1082 width=121)
	  ->  Sort  (cost=4236.60..4239.30 rows=1082 width=121)
	        Sort Key: c
	        ->  Bitmap Heap Scan on sbtest7  (cost=35.53..4182.07 rows=1082 width=121)
	              Recheck Cond: ((id >= 9462130) AND (id <= 9463129))
	              ->  Bitmap Index Scan on sbtest7_pkey  (cost=0.00..35.26 rows=1082 width=0)
	                    Index Cond: ((id >= 9462130) AND (id <= 9463129))

table 8 : explain SELECT DISTINCT c FROM sbtest8 WHERE id BETWEEN 6814493 AND 6815492 ORDER BY c
	Unique  (cost=4569.23..4575.08 rows=1169 width=121)
	  ->  Sort  (cost=4569.23..4572.16 rows=1169 width=121)
	        Sort Key: c
	        ->  Bitmap Heap Scan on sbtest8  (cost=40.42..4509.67 rows=1169 width=121)
	              Recheck Cond: ((id >= 6814493) AND (id <= 6815492))
	              ->  Bitmap Index Scan on sbtest8_pkey  (cost=0.00..40.12 rows=1169 width=0)
	                    Index Cond: ((id >= 6814493) AND (id <= 6815492))

for: order_ranges
table 1 : explain SELECT c FROM sbtest1 WHERE id BETWEEN 4260172 AND 4261171 ORDER BY c
	Sort  (cost=3912.29..3914.78 rows=997 width=121)
	  Sort Key: c
	  ->  Bitmap Heap Scan on sbtest1  (cost=34.65..3862.63 rows=997 width=121)
	        Recheck Cond: ((id >= 4260172) AND (id <= 4261171))
	        ->  Bitmap Index Scan on sbtest1_pkey  (cost=0.00..34.41 rows=997 width=0)
	              Index Cond: ((id >= 4260172) AND (id <= 4261171))

table 2 : explain SELECT c FROM sbtest2 WHERE id BETWEEN 3767573 AND 3768572 ORDER BY c
	Sort  (cost=4336.83..4339.60 rows=1109 width=121)
	  Sort Key: c
	  ->  Bitmap Heap Scan on sbtest2  (cost=35.80..4280.74 rows=1109 width=121)
	        Recheck Cond: ((id >= 3767573) AND (id <= 3768572))
	        ->  Bitmap Index Scan on sbtest2_pkey  (cost=0.00..35.53 rows=1109 width=0)
	              Index Cond: ((id >= 3767573) AND (id <= 3768572))

table 3 : explain SELECT c FROM sbtest3 WHERE id BETWEEN 6538576 AND 6539575 ORDER BY c
	Sort  (cost=4184.60..4187.27 rows=1068 width=121)
	  Sort Key: c
	  ->  Bitmap Heap Scan on sbtest3  (cost=35.38..4130.88 rows=1068 width=121)
	        Recheck Cond: ((id >= 6538576) AND (id <= 6539575))
	        ->  Bitmap Index Scan on sbtest3_pkey  (cost=0.00..35.12 rows=1068 width=0)
	              Index Cond: ((id >= 6538576) AND (id <= 6539575))

table 4 : explain SELECT c FROM sbtest4 WHERE id BETWEEN 5114041 AND 5115040 ORDER BY c
	Sort  (cost=3850.88..3853.33 rows=979 width=121)
	  Sort Key: c
	  ->  Bitmap Heap Scan on sbtest4  (cost=34.47..3802.25 rows=979 width=121)
	        Recheck Cond: ((id >= 5114041) AND (id <= 5115040))
	        ->  Bitmap Index Scan on sbtest4_pkey  (cost=0.00..34.23 rows=979 width=0)
	              Index Cond: ((id >= 5114041) AND (id <= 5115040))

table 5 : explain SELECT c FROM sbtest5 WHERE id BETWEEN 1201526 AND 1202525 ORDER BY c
	Sort  (cost=3981.37..3983.91 rows=1013 width=121)
	  Sort Key: c
	  ->  Bitmap Heap Scan on sbtest5  (cost=34.82..3930.80 rows=1013 width=121)
	        Recheck Cond: ((id >= 1201526) AND (id <= 1202525))
	        ->  Bitmap Index Scan on sbtest5_pkey  (cost=0.00..34.57 rows=1013 width=0)
	              Index Cond: ((id >= 1201526) AND (id <= 1202525))

table 6 : explain SELECT c FROM sbtest6 WHERE id BETWEEN 3236344 AND 3237343 ORDER BY c
	Sort  (cost=4196.76..4199.44 rows=1071 width=121)
	  Sort Key: c
	  ->  Bitmap Heap Scan on sbtest6  (cost=35.41..4142.86 rows=1071 width=121)
	        Recheck Cond: ((id >= 3236344) AND (id <= 3237343))
	        ->  Bitmap Index Scan on sbtest6_pkey  (cost=0.00..35.15 rows=1071 width=0)
	              Index Cond: ((id >= 3236344) AND (id <= 3237343))

table 7 : explain SELECT c FROM sbtest7 WHERE id BETWEEN 8384077 AND 8385076 ORDER BY c
	Sort  (cost=3524.92..3527.16 rows=897 width=121)
	  Sort Key: c
	  ->  Bitmap Heap Scan on sbtest7  (cost=29.63..3480.92 rows=897 width=121)
	        Recheck Cond: ((id >= 8384077) AND (id <= 8385076))
	        ->  Bitmap Index Scan on sbtest7_pkey  (cost=0.00..29.40 rows=897 width=0)
	              Index Cond: ((id >= 8384077) AND (id <= 8385076))

table 8 : explain SELECT c FROM sbtest8 WHERE id BETWEEN 661929 AND 662928 ORDER BY c
	Sort  (cost=4348.33..4351.10 rows=1111 width=121)
	  Sort Key: c
	  ->  Bitmap Heap Scan on sbtest8  (cost=39.82..4292.12 rows=1111 width=121)
	        Recheck Cond: ((id >= 661929) AND (id <= 662928))
	        ->  Bitmap Index Scan on sbtest8_pkey  (cost=0.00..39.55 rows=1111 width=0)
	              Index Cond: ((id >= 661929) AND (id <= 662928))

for: distinct_ranges
table 1 : explain SELECT DISTINCT c FROM sbtest1 WHERE id BETWEEN 2640890 AND 2641889 ORDER BY c
	Unique  (cost=3996.40..4001.50 rows=1019 width=121)
	  ->  Sort  (cost=3996.40..3998.95 rows=1019 width=121)
	        Sort Key: c
	        ->  Bitmap Heap Scan on sbtest1  (cost=34.88..3945.49 rows=1019 width=121)
	              Recheck Cond: ((id >= 2640890) AND (id <= 2641889))
	              ->  Bitmap Index Scan on sbtest1_pkey  (cost=0.00..34.62 rows=1019 width=0)
	                    Index Cond: ((id >= 2640890) AND (id <= 2641889))

table 2 : explain SELECT DISTINCT c FROM sbtest2 WHERE id BETWEEN 9005172 AND 9006171 ORDER BY c
	Unique  (cost=3759.72..3764.50 rows=957 width=121)
	  ->  Sort  (cost=3759.72..3762.11 rows=957 width=121)
	        Sort Key: c
	        ->  Bitmap Heap Scan on sbtest2  (cost=34.24..3712.33 rows=957 width=121)
	              Recheck Cond: ((id >= 9005172) AND (id <= 9006171))
	              ->  Bitmap Index Scan on sbtest2_pkey  (cost=0.00..34.01 rows=957 width=0)
	                    Index Cond: ((id >= 9005172) AND (id <= 9006171))

table 3 : explain SELECT DISTINCT c FROM sbtest3 WHERE id BETWEEN 1013928 AND 1014927 ORDER BY c
	Unique  (cost=3867.32..3872.25 rows=985 width=121)
	  ->  Sort  (cost=3867.32..3869.78 rows=985 width=121)
	        Sort Key: c
	        ->  Bitmap Heap Scan on sbtest3  (cost=34.53..3818.35 rows=985 width=121)
	              Recheck Cond: ((id >= 1013928) AND (id <= 1014927))
	              ->  Bitmap Index Scan on sbtest3_pkey  (cost=0.00..34.29 rows=985 width=0)
	                    Index Cond: ((id >= 1013928) AND (id <= 1014927))

table 4 : explain SELECT DISTINCT c FROM sbtest4 WHERE id BETWEEN 6555571 AND 6556570 ORDER BY c
	Unique  (cost=4096.30..4101.52 rows=1043 width=121)
	  ->  Sort  (cost=4096.30..4098.91 rows=1043 width=121)
	        Sort Key: c
	        ->  Bitmap Heap Scan on sbtest4  (cost=35.13..4044.02 rows=1043 width=121)
	              Recheck Cond: ((id >= 6555571) AND (id <= 6556570))
	              ->  Bitmap Index Scan on sbtest4_pkey  (cost=0.00..34.87 rows=1043 width=0)
	                    Index Cond: ((id >= 6555571) AND (id <= 6556570))

table 5 : explain SELECT DISTINCT c FROM sbtest5 WHERE id BETWEEN 3935846 AND 3936845 ORDER BY c
	Unique  (cost=4111.68..4116.92 rows=1047 width=121)
	  ->  Sort  (cost=4111.68..4114.30 rows=1047 width=121)
	        Sort Key: c
	        ->  Bitmap Heap Scan on sbtest5  (cost=35.17..4059.16 rows=1047 width=121)
	              Recheck Cond: ((id >= 3935846) AND (id <= 3936845))
	              ->  Bitmap Index Scan on sbtest5_pkey  (cost=0.00..34.91 rows=1047 width=0)
	                    Index Cond: ((id >= 3935846) AND (id <= 3936845))

table 6 : explain SELECT DISTINCT c FROM sbtest6 WHERE id BETWEEN 1180675 AND 1181674 ORDER BY c
	Unique  (cost=4162.39..4167.70 rows=1062 width=121)
	  ->  Sort  (cost=4162.39..4165.05 rows=1062 width=121)
	        Sort Key: c
	        ->  Bitmap Heap Scan on sbtest6  (cost=35.32..4109.01 rows=1062 width=121)
	              Recheck Cond: ((id >= 1180675) AND (id <= 1181674))
	              ->  Bitmap Index Scan on sbtest6_pkey  (cost=0.00..35.06 rows=1062 width=0)
	                    Index Cond: ((id >= 1180675) AND (id <= 1181674))

table 7 : explain SELECT DISTINCT c FROM sbtest7 WHERE id BETWEEN 4313285 AND 4314284 ORDER BY c
	Unique  (cost=4133.57..4138.85 rows=1055 width=121)
	  ->  Sort  (cost=4133.57..4136.21 rows=1055 width=121)
	        Sort Key: c
	        ->  Bitmap Heap Scan on sbtest7  (cost=35.25..4080.59 rows=1055 width=121)
	              Recheck Cond: ((id >= 4313285) AND (id <= 4314284))
	              ->  Bitmap Index Scan on sbtest7_pkey  (cost=0.00..34.98 rows=1055 width=0)
	                    Index Cond: ((id >= 4313285) AND (id <= 4314284))

table 8 : explain SELECT DISTINCT c FROM sbtest8 WHERE id BETWEEN 85866 AND 86865 ORDER BY c
	Unique  (cost=3885.95..3890.90 rows=990 width=121)
	  ->  Sort  (cost=3885.95..3888.43 rows=990 width=121)
	        Sort Key: c
	        ->  Bitmap Heap Scan on sbtest8  (cost=34.58..3836.69 rows=990 width=121)
	              Recheck Cond: ((id >= 85866) AND (id <= 86865))
	              ->  Bitmap Index Scan on sbtest8_pkey  (cost=0.00..34.34 rows=990 width=0)
	                    Index Cond: ((id >= 85866) AND (id <= 86865))

for: distinct_ranges
table 1 : explain SELECT DISTINCT c FROM sbtest1 WHERE id BETWEEN 1933965 AND 1934964 ORDER BY c
	Unique  (cost=3617.25..3621.85 rows=921 width=121)
	  ->  Sort  (cost=3617.25..3619.55 rows=921 width=121)
	        Sort Key: c
	        ->  Bitmap Heap Scan on sbtest1  (cost=29.88..3571.90 rows=921 width=121)
	              Recheck Cond: ((id >= 1933965) AND (id <= 1934964))
	              ->  Bitmap Index Scan on sbtest1_pkey  (cost=0.00..29.64 rows=921 width=0)
	                    Index Cond: ((id >= 1933965) AND (id <= 1934964))

table 2 : explain SELECT DISTINCT c FROM sbtest2 WHERE id BETWEEN 8809326 AND 8810325 ORDER BY c
	Unique  (cost=4210.87..4216.24 rows=1075 width=121)
	  ->  Sort  (cost=4210.87..4213.56 rows=1075 width=121)
	        Sort Key: c
	        ->  Bitmap Heap Scan on sbtest2  (cost=35.45..4156.74 rows=1075 width=121)
	              Recheck Cond: ((id >= 8809326) AND (id <= 8810325))
	              ->  Bitmap Index Scan on sbtest2_pkey  (cost=0.00..35.19 rows=1075 width=0)
	                    Index Cond: ((id >= 8809326) AND (id <= 8810325))

table 3 : explain SELECT DISTINCT c FROM sbtest3 WHERE id BETWEEN 7053233 AND 7054232 ORDER BY c
	Unique  (cost=3721.78..3726.52 rows=947 width=121)
	  ->  Sort  (cost=3721.78..3724.15 rows=947 width=121)
	        Sort Key: c
	        ->  Bitmap Heap Scan on sbtest3  (cost=34.14..3674.96 rows=947 width=121)
	              Recheck Cond: ((id >= 7053233) AND (id <= 7054232))
	              ->  Bitmap Index Scan on sbtest3_pkey  (cost=0.00..33.91 rows=947 width=0)
	                    Index Cond: ((id >= 7053233) AND (id <= 7054232))

table 4 : explain SELECT DISTINCT c FROM sbtest4 WHERE id BETWEEN 8204262 AND 8205261 ORDER BY c
	Unique  (cost=3996.66..4001.74 rows=1017 width=121)
	  ->  Sort  (cost=3996.66..3999.20 rows=1017 width=121)
	        Sort Key: c
	        ->  Bitmap Heap Scan on sbtest4  (cost=34.86..3945.86 rows=1017 width=121)
	              Recheck Cond: ((id >= 8204262) AND (id <= 8205261))
	              ->  Bitmap Index Scan on sbtest4_pkey  (cost=0.00..34.61 rows=1017 width=0)
	                    Index Cond: ((id >= 8204262) AND (id <= 8205261))

table 5 : explain SELECT DISTINCT c FROM sbtest5 WHERE id BETWEEN 5545285 AND 5546284 ORDER BY c
	Unique  (cost=4019.71..4024.83 rows=1023 width=121)
	  ->  Sort  (cost=4019.71..4022.27 rows=1023 width=121)
	        Sort Key: c
	        ->  Bitmap Heap Scan on sbtest5  (cost=34.92..3968.57 rows=1023 width=121)
	              Recheck Cond: ((id >= 5545285) AND (id <= 5546284))
	              ->  Bitmap Index Scan on sbtest5_pkey  (cost=0.00..34.67 rows=1023 width=0)
	                    Index Cond: ((id >= 5545285) AND (id <= 5546284))

table 6 : explain SELECT DISTINCT c FROM sbtest6 WHERE id BETWEEN 1127721 AND 1128720 ORDER BY c
	Unique  (cost=4162.39..4167.70 rows=1062 width=121)
	  ->  Sort  (cost=4162.39..4165.05 rows=1062 width=121)
	        Sort Key: c
	        ->  Bitmap Heap Scan on sbtest6  (cost=35.32..4109.01 rows=1062 width=121)
	              Recheck Cond: ((id >= 1127721) AND (id <= 1128720))
	              ->  Bitmap Index Scan on sbtest6_pkey  (cost=0.00..35.06 rows=1062 width=0)
	                    Index Cond: ((id >= 1127721) AND (id <= 1128720))

table 7 : explain SELECT DISTINCT c FROM sbtest7 WHERE id BETWEEN 1786369 AND 1787368 ORDER BY c
	Unique  (cost=4175.55..4180.88 rows=1066 width=121)
	  ->  Sort  (cost=4175.55..4178.22 rows=1066 width=121)
	        Sort Key: c
	        ->  Bitmap Heap Scan on sbtest7  (cost=35.36..4121.95 rows=1066 width=121)
	              Recheck Cond: ((id >= 1786369) AND (id <= 1787368))
	              ->  Bitmap Index Scan on sbtest7_pkey  (cost=0.00..35.09 rows=1066 width=0)
	                    Index Cond: ((id >= 1786369) AND (id <= 1787368))

table 8 : explain SELECT DISTINCT c FROM sbtest8 WHERE id BETWEEN 7463043 AND 7464042 ORDER BY c
	Unique  (cost=3713.64..3718.37 rows=945 width=121)
	  ->  Sort  (cost=3713.64..3716.01 rows=945 width=121)
	        Sort Key: c
	        ->  Bitmap Heap Scan on sbtest8  (cost=34.12..3666.94 rows=945 width=121)
	              Recheck Cond: ((id >= 7463043) AND (id <= 7464042))
	              ->  Bitmap Index Scan on sbtest8_pkey  (cost=0.00..33.89 rows=945 width=0)
	                    Index Cond: ((id >= 7463043) AND (id <= 7464042))

for point_selects
table 1 : explain SELECT c FROM sbtest1 WHERE id=7511018
	Index Scan using sbtest1_pkey on sbtest1  (cost=0.43..8.45 rows=1 width=121)
	  Index Cond: (id = 7511018)

table 2 : explain SELECT c FROM sbtest2 WHERE id=7415001
	Index Scan using sbtest2_pkey on sbtest2  (cost=0.43..8.45 rows=1 width=121)
	  Index Cond: (id = 7415001)

table 3 : explain SELECT c FROM sbtest3 WHERE id=4215645
	Index Scan using sbtest3_pkey on sbtest3  (cost=0.43..8.45 rows=1 width=121)
	  Index Cond: (id = 4215645)

table 4 : explain SELECT c FROM sbtest4 WHERE id=8207078
	Index Scan using sbtest4_pkey on sbtest4  (cost=0.43..8.45 rows=1 width=121)
	  Index Cond: (id = 8207078)

table 5 : explain SELECT c FROM sbtest5 WHERE id=7107157
	Index Scan using sbtest5_pkey on sbtest5  (cost=0.43..8.45 rows=1 width=121)
	  Index Cond: (id = 7107157)

table 6 : explain SELECT c FROM sbtest6 WHERE id=2756754
	Index Scan using sbtest6_pkey on sbtest6  (cost=0.43..8.45 rows=1 width=121)
	  Index Cond: (id = 2756754)

table 7 : explain SELECT c FROM sbtest7 WHERE id=4323567
	Index Scan using sbtest7_pkey on sbtest7  (cost=0.43..8.45 rows=1 width=121)
	  Index Cond: (id = 4323567)

table 8 : explain SELECT c FROM sbtest8 WHERE id=2998165
	Index Scan using sbtest8_pkey on sbtest8  (cost=0.43..8.45 rows=1 width=121)
	  Index Cond: (id = 2998165)

for: order_ranges
table 1 : explain SELECT c FROM sbtest1 WHERE id BETWEEN 2627548 AND 2628547 ORDER BY c
	Sort  (cost=3996.40..3998.95 rows=1019 width=121)
	  Sort Key: c
	  ->  Bitmap Heap Scan on sbtest1  (cost=34.88..3945.49 rows=1019 width=121)
	        Recheck Cond: ((id >= 2627548) AND (id <= 2628547))
	        ->  Bitmap Index Scan on sbtest1_pkey  (cost=0.00..34.62 rows=1019 width=0)
	              Index Cond: ((id >= 2627548) AND (id <= 2628547))

table 2 : explain SELECT c FROM sbtest2 WHERE id BETWEEN 9267597 AND 9268596 ORDER BY c
	Sort  (cost=3870.75..3873.21 rows=986 width=121)
	  Sort Key: c
	  ->  Bitmap Heap Scan on sbtest2  (cost=34.54..3821.72 rows=986 width=121)
	        Recheck Cond: ((id >= 9267597) AND (id <= 9268596))
	        ->  Bitmap Index Scan on sbtest2_pkey  (cost=0.00..34.30 rows=986 width=0)
	              Index Cond: ((id >= 9267597) AND (id <= 9268596))

table 3 : explain SELECT c FROM sbtest3 WHERE id BETWEEN 596370 AND 597369 ORDER BY c
	Sort  (cost=3832.87..3835.31 rows=976 width=121)
	  Sort Key: c
	  ->  Bitmap Heap Scan on sbtest3  (cost=34.44..3784.40 rows=976 width=121)
	        Recheck Cond: ((id >= 596370) AND (id <= 597369))
	        ->  Bitmap Index Scan on sbtest3_pkey  (cost=0.00..34.20 rows=976 width=0)
	              Index Cond: ((id >= 596370) AND (id <= 597369))

table 4 : explain SELECT c FROM sbtest4 WHERE id BETWEEN 423141 AND 424140 ORDER BY c
	Sort  (cost=3965.98..3968.50 rows=1009 width=121)
	  Sort Key: c
	  ->  Bitmap Heap Scan on sbtest4  (cost=34.78..3915.64 rows=1009 width=121)
	        Recheck Cond: ((id >= 423141) AND (id <= 424140))
	        ->  Bitmap Index Scan on sbtest4_pkey  (cost=0.00..34.53 rows=1009 width=0)
	              Index Cond: ((id >= 423141) AND (id <= 424140))

table 5 : explain SELECT c FROM sbtest5 WHERE id BETWEEN 572318 AND 573317 ORDER BY c
	Sort  (cost=4100.19..4102.80 rows=1044 width=121)
	  Sort Key: c
	  ->  Bitmap Heap Scan on sbtest5  (cost=35.14..4047.84 rows=1044 width=121)
	        Recheck Cond: ((id >= 572318) AND (id <= 573317))
	        ->  Bitmap Index Scan on sbtest5_pkey  (cost=0.00..34.88 rows=1044 width=0)
	              Index Cond: ((id >= 572318) AND (id <= 573317))

table 6 : explain SELECT c FROM sbtest6 WHERE id BETWEEN 2686412 AND 2687411 ORDER BY c
	Sort  (cost=4043.93..4046.51 rows=1031 width=121)
	  Sort Key: c
	  ->  Bitmap Heap Scan on sbtest6  (cost=35.00..3992.33 rows=1031 width=121)
	        Recheck Cond: ((id >= 2686412) AND (id <= 2687411))
	        ->  Bitmap Index Scan on sbtest6_pkey  (cost=0.00..34.75 rows=1031 width=0)
	              Index Cond: ((id >= 2686412) AND (id <= 2687411))

table 7 : explain SELECT c FROM sbtest7 WHERE id BETWEEN 5554414 AND 5555413 ORDER BY c
	Sort  (cost=4221.34..4224.03 rows=1078 width=121)
	  Sort Key: c
	  ->  Bitmap Heap Scan on sbtest7  (cost=35.48..4167.04 rows=1078 width=121)
	        Recheck Cond: ((id >= 5554414) AND (id <= 5555413))
	        ->  Bitmap Index Scan on sbtest7_pkey  (cost=0.00..35.22 rows=1078 width=0)
	              Index Cond: ((id >= 5554414) AND (id <= 5555413))

table 8 : explain SELECT c FROM sbtest8 WHERE id BETWEEN 6238959 AND 6239958 ORDER BY c
	Sort  (cost=3916.56..3919.05 rows=998 width=121)
	  Sort Key: c
	  ->  Bitmap Heap Scan on sbtest8  (cost=34.66..3866.84 rows=998 width=121)
	        Recheck Cond: ((id >= 6238959) AND (id <= 6239958))
	        ->  Bitmap Index Scan on sbtest8_pkey  (cost=0.00..34.42 rows=998 width=0)
	              Index Cond: ((id >= 6238959) AND (id <= 6239958))

for: sum_ranges
table 1 : explain SELECT SUM(k) FROM sbtest1 WHERE id BETWEEN 1572649 AND 1573648
	Aggregate  (cost=3733.08..3733.09 rows=1 width=8)
	  ->  Bitmap Heap Scan on sbtest1  (cost=34.30..3730.68 rows=962 width=4)
	        Recheck Cond: ((id >= 1572649) AND (id <= 1573648))
	        ->  Bitmap Index Scan on sbtest1_pkey  (cost=0.00..34.06 rows=962 width=0)
	              Index Cond: ((id >= 1572649) AND (id <= 1573648))

table 2 : explain SELECT SUM(k) FROM sbtest2 WHERE id BETWEEN 693893 AND 694892
	Aggregate  (cost=4110.52..4110.53 rows=1 width=8)
	  ->  Bitmap Heap Scan on sbtest2  (cost=35.32..4107.87 rows=1062 width=4)
	        Recheck Cond: ((id >= 693893) AND (id <= 694892))
	        ->  Bitmap Index Scan on sbtest2_pkey  (cost=0.00..35.06 rows=1062 width=0)
	              Index Cond: ((id >= 693893) AND (id <= 694892))

table 3 : explain SELECT SUM(k) FROM sbtest3 WHERE id BETWEEN 2070134 AND 2071133
	Aggregate  (cost=3514.53..3514.54 rows=1 width=8)
	  ->  Bitmap Heap Scan on sbtest3  (cost=29.71..3512.27 rows=905 width=4)
	        Recheck Cond: ((id >= 2070134) AND (id <= 2071133))
	        ->  Bitmap Index Scan on sbtest3_pkey  (cost=0.00..29.48 rows=905 width=0)
	              Index Cond: ((id >= 2070134) AND (id <= 2071133))

table 4 : explain SELECT SUM(k) FROM sbtest4 WHERE id BETWEEN 7806911 AND 7807910
	Aggregate  (cost=3959.74..3959.75 rows=1 width=8)
	  ->  Bitmap Heap Scan on sbtest4  (cost=34.89..3957.19 rows=1020 width=4)
	        Recheck Cond: ((id >= 7806911) AND (id <= 7807910))
	        ->  Bitmap Index Scan on sbtest4_pkey  (cost=0.00..34.64 rows=1020 width=0)
	              Index Cond: ((id >= 7806911) AND (id <= 7807910))

table 5 : explain SELECT SUM(k) FROM sbtest5 WHERE id BETWEEN 6540114 AND 6541113
	Aggregate  (cost=3800.96..3800.97 rows=1 width=8)
	  ->  Bitmap Heap Scan on sbtest5  (cost=34.46..3798.52 rows=978 width=4)
	        Recheck Cond: ((id >= 6540114) AND (id <= 6541113))
	        ->  Bitmap Index Scan on sbtest5_pkey  (cost=0.00..34.22 rows=978 width=0)
	              Index Cond: ((id >= 6540114) AND (id <= 6541113))

table 6 : explain SELECT SUM(k) FROM sbtest6 WHERE id BETWEEN 1042332 AND 1043331
	Aggregate  (cost=3446.78..3446.79 rows=1 width=8)
	  ->  Index Scan using sbtest6_pkey on sbtest6  (cost=0.43..3444.58 rows=878 width=4)
	        Index Cond: ((id >= 1042332) AND (id <= 1043331))

table 7 : explain SELECT SUM(k) FROM sbtest7 WHERE id BETWEEN 3060106 AND 3061105
	Aggregate  (cost=3819.55..3819.56 rows=1 width=8)
	  ->  Bitmap Heap Scan on sbtest7  (cost=34.53..3817.09 rows=985 width=4)
	        Recheck Cond: ((id >= 3060106) AND (id <= 3061105))
	        ->  Bitmap Index Scan on sbtest7_pkey  (cost=0.00..34.29 rows=985 width=0)
	              Index Cond: ((id >= 3060106) AND (id <= 3061105))

table 8 : explain SELECT SUM(k) FROM sbtest8 WHERE id BETWEEN 7333812 AND 7334811
	Aggregate  (cost=4117.93..4117.94 rows=1 width=8)
	  ->  Bitmap Heap Scan on sbtest8  (cost=35.34..4115.27 rows=1064 width=4)
	        Recheck Cond: ((id >= 7333812) AND (id <= 7334811))
	        ->  Bitmap Index Scan on sbtest8_pkey  (cost=0.00..35.08 rows=1064 width=0)
	              Index Cond: ((id >= 7333812) AND (id <= 7334811))

explain: for point_selects :: explain SELECT c FROM sbtest%u WHERE id=%u
explain: for point_selects :: explain SELECT c FROM sbtest%u WHERE id=%u
for: distinct_ranges
table 1 : explain SELECT DISTINCT c FROM sbtest1 WHERE id BETWEEN 5348221 AND 5349220 ORDER BY c
	Unique  (cost=4374.29..4379.88 rows=1119 width=121)
	  ->  Sort  (cost=4374.29..4377.09 rows=1119 width=121)
	        Sort Key: c
	        ->  Bitmap Heap Scan on sbtest1  (cost=35.90..4317.62 rows=1119 width=121)
	              Recheck Cond: ((id >= 5348221) AND (id <= 5349220))
	              ->  Bitmap Index Scan on sbtest1_pkey  (cost=0.00..35.62 rows=1119 width=0)
	                    Index Cond: ((id >= 5348221) AND (id <= 5349220))

table 2 : explain SELECT DISTINCT c FROM sbtest2 WHERE id BETWEEN 2735409 AND 2736408 ORDER BY c
	Unique  (cost=3771.21..3776.01 rows=960 width=121)
	  ->  Sort  (cost=3771.21..3773.61 rows=960 width=121)
	        Sort Key: c
	        ->  Bitmap Heap Scan on sbtest2  (cost=34.28..3723.65 rows=960 width=121)
	              Recheck Cond: ((id >= 2735409) AND (id <= 2736408))
	              ->  Bitmap Index Scan on sbtest2_pkey  (cost=0.00..34.04 rows=960 width=0)
	                    Index Cond: ((id >= 2735409) AND (id <= 2736408))

table 3 : explain SELECT DISTINCT c FROM sbtest3 WHERE id BETWEEN 9754889 AND 9755888 ORDER BY c
	Unique  (cost=3802.23..3807.07 rows=968 width=121)
	  ->  Sort  (cost=3802.23..3804.65 rows=968 width=121)
	        Sort Key: c
	        ->  Bitmap Heap Scan on sbtest3  (cost=34.36..3754.23 rows=968 width=121)
	              Recheck Cond: ((id >= 9754889) AND (id <= 9755888))
	              ->  Bitmap Index Scan on sbtest3_pkey  (cost=0.00..34.12 rows=968 width=0)
	                    Index Cond: ((id >= 9754889) AND (id <= 9755888))

table 4 : explain SELECT DISTINCT c FROM sbtest4 WHERE id BETWEEN 5326334 AND 5327333 ORDER BY c
	Unique  (cost=3873.91..3878.84 rows=985 width=121)
	  ->  Sort  (cost=3873.91..3876.37 rows=985 width=121)
	        Sort Key: c
	        ->  Bitmap Heap Scan on sbtest4  (cost=34.53..3824.94 rows=985 width=121)
	              Recheck Cond: ((id >= 5326334) AND (id <= 5327333))
	              ->  Bitmap Index Scan on sbtest4_pkey  (cost=0.00..34.29 rows=985 width=0)
	                    Index Cond: ((id >= 5326334) AND (id <= 5327333))

table 5 : explain SELECT DISTINCT c FROM sbtest5 WHERE id BETWEEN 3269327 AND 3270326 ORDER BY c
	Unique  (cost=4127.00..4132.26 rows=1051 width=121)
	  ->  Sort  (cost=4127.00..4129.63 rows=1051 width=121)
	        Sort Key: c
	        ->  Bitmap Heap Scan on sbtest5  (cost=35.21..4074.26 rows=1051 width=121)
	              Recheck Cond: ((id >= 3269327) AND (id <= 3270326))
	              ->  Bitmap Index Scan on sbtest5_pkey  (cost=0.00..34.95 rows=1051 width=0)
	                    Index Cond: ((id >= 3269327) AND (id <= 3270326))

table 6 : explain SELECT DISTINCT c FROM sbtest6 WHERE id BETWEEN 4183773 AND 4184772 ORDER BY c
	Unique  (cost=4085.98..4091.19 rows=1042 width=121)
	  ->  Sort  (cost=4085.98..4088.58 rows=1042 width=121)
	        Sort Key: c
	        ->  Bitmap Heap Scan on sbtest6  (cost=35.12..4033.75 rows=1042 width=121)
	              Recheck Cond: ((id >= 4183773) AND (id <= 4184772))
	              ->  Bitmap Index Scan on sbtest6_pkey  (cost=0.00..34.86 rows=1042 width=0)
	                    Index Cond: ((id >= 4183773) AND (id <= 4184772))

table 7 : explain SELECT DISTINCT c FROM sbtest7 WHERE id BETWEEN 7920471 AND 7921470 ORDER BY c
	Unique  (cost=3421.28..3425.63 rows=870 width=121)
	  ->  Sort  (cost=3421.28..3423.45 rows=870 width=121)
	        Sort Key: c
	        ->  Bitmap Heap Scan on sbtest7  (cost=29.35..3378.80 rows=870 width=121)
	              Recheck Cond: ((id >= 7920471) AND (id <= 7921470))
	              ->  Bitmap Index Scan on sbtest7_pkey  (cost=0.00..29.14 rows=870 width=0)
	                    Index Cond: ((id >= 7920471) AND (id <= 7921470))

table 8 : explain SELECT DISTINCT c FROM sbtest8 WHERE id BETWEEN 9929487 AND 9930486 ORDER BY c
	Unique  (cost=4203.12..4208.48 rows=1073 width=121)
	  ->  Sort  (cost=4203.12..4205.80 rows=1073 width=121)
	        Sort Key: c
	        ->  Bitmap Heap Scan on sbtest8  (cost=35.43..4149.11 rows=1073 width=121)
	              Recheck Cond: ((id >= 9929487) AND (id <= 9930486))
	              ->  Bitmap Index Scan on sbtest8_pkey  (cost=0.00..35.17 rows=1073 width=0)
	                    Index Cond: ((id >= 9929487) AND (id <= 9930486))

for: simple_ranges
table 1 : explain SELECT c FROM sbtest1 WHERE id BETWEEN 6607805 AND 6608804
	Bitmap Heap Scan on sbtest1  (cost=29.43..3409.33 rows=878 width=121)
	  Recheck Cond: ((id >= 6607805) AND (id <= 6608804))
	  ->  Bitmap Index Scan on sbtest1_pkey  (cost=0.00..29.21 rows=878 width=0)
	        Index Cond: ((id >= 6607805) AND (id <= 6608804))

table 2 : explain SELECT c FROM sbtest2 WHERE id BETWEEN 2388391 AND 2389390
	Bitmap Heap Scan on sbtest2  (cost=34.52..3814.18 rows=984 width=121)
	  Recheck Cond: ((id >= 2388391) AND (id <= 2389390))
	  ->  Bitmap Index Scan on sbtest2_pkey  (cost=0.00..34.28 rows=984 width=0)
	        Index Cond: ((id >= 2388391) AND (id <= 2389390))

table 3 : explain SELECT c FROM sbtest3 WHERE id BETWEEN 6533050 AND 6534049
	Bitmap Heap Scan on sbtest3  (cost=35.38..4130.88 rows=1068 width=121)
	  Recheck Cond: ((id >= 6533050) AND (id <= 6534049))
	  ->  Bitmap Index Scan on sbtest3_pkey  (cost=0.00..35.12 rows=1068 width=0)
	        Index Cond: ((id >= 6533050) AND (id <= 6534049))

table 4 : explain SELECT c FROM sbtest4 WHERE id BETWEEN 9772299 AND 9773298
	Bitmap Heap Scan on sbtest4  (cost=34.77..3911.86 rows=1008 width=121)
	  Recheck Cond: ((id >= 9772299) AND (id <= 9773298))
	  ->  Bitmap Index Scan on sbtest4_pkey  (cost=0.00..34.52 rows=1008 width=0)
	        Index Cond: ((id >= 9772299) AND (id <= 9773298))

table 5 : explain SELECT c FROM sbtest5 WHERE id BETWEEN 2148743 AND 2149742
	Bitmap Heap Scan on sbtest5  (cost=34.55..3832.55 rows=987 width=121)
	  Recheck Cond: ((id >= 2148743) AND (id <= 2149742))
	  ->  Bitmap Index Scan on sbtest5_pkey  (cost=0.00..34.31 rows=987 width=0)
	        Index Cond: ((id >= 2148743) AND (id <= 2149742))

table 6 : explain SELECT c FROM sbtest6 WHERE id BETWEEN 5193079 AND 5194078
	Bitmap Heap Scan on sbtest6  (cost=34.37..3758.61 rows=969 width=121)
	  Recheck Cond: ((id >= 5193079) AND (id <= 5194078))
	  ->  Bitmap Index Scan on sbtest6_pkey  (cost=0.00..34.12 rows=969 width=0)
	        Index Cond: ((id >= 5193079) AND (id <= 5194078))

table 7 : explain SELECT c FROM sbtest7 WHERE id BETWEEN 1948834 AND 1949833
	Bitmap Heap Scan on sbtest7  (cost=34.57..3832.17 rows=989 width=121)
	  Recheck Cond: ((id >= 1948834) AND (id <= 1949833))
	  ->  Bitmap Index Scan on sbtest7_pkey  (cost=0.00..34.33 rows=989 width=0)
	        Index Cond: ((id >= 1948834) AND (id <= 1949833))

table 8 : explain SELECT c FROM sbtest8 WHERE id BETWEEN 5580629 AND 5581628
	Bitmap Heap Scan on sbtest8  (cost=34.97..3979.83 rows=1028 width=121)
	  Recheck Cond: ((id >= 5580629) AND (id <= 5581628))
	  ->  Bitmap Index Scan on sbtest8_pkey  (cost=0.00..34.72 rows=1028 width=0)
	        Index Cond: ((id >= 5580629) AND (id <= 5581628))

explain: for point_selects :: explain SELECT c FROM sbtest%u WHERE id=%u
explain: for point_selects :: explain SELECT c FROM sbtest%u WHERE id=%u
for: distinct_ranges
table 1 : explain SELECT DISTINCT c FROM sbtest1 WHERE id BETWEEN 7803468 AND 7804467 ORDER BY c
	Unique  (cost=3667.08..3671.75 rows=934 width=121)
	  ->  Sort  (cost=3667.08..3669.42 rows=934 width=121)
	        Sort Key: c
	        ->  Bitmap Heap Scan on sbtest1  (cost=30.01..3621.00 rows=934 width=121)
	              Recheck Cond: ((id >= 7803468) AND (id <= 7804467))
	              ->  Bitmap Index Scan on sbtest1_pkey  (cost=0.00..29.77 rows=934 width=0)
	                    Index Cond: ((id >= 7803468) AND (id <= 7804467))

table 2 : explain SELECT DISTINCT c FROM sbtest2 WHERE id BETWEEN 4246347 AND 4247346 ORDER BY c
	Unique  (cost=3882.23..3887.17 rows=989 width=121)
	  ->  Sort  (cost=3882.23..3884.70 rows=989 width=121)
	        Sort Key: c
	        ->  Bitmap Heap Scan on sbtest2  (cost=34.57..3833.03 rows=989 width=121)
	              Recheck Cond: ((id >= 4246347) AND (id <= 4247346))
	              ->  Bitmap Index Scan on sbtest2_pkey  (cost=0.00..34.33 rows=989 width=0)
	                    Index Cond: ((id >= 4246347) AND (id <= 4247346))

table 3 : explain SELECT DISTINCT c FROM sbtest3 WHERE id BETWEEN 4448080 AND 4449079 ORDER BY c
	Unique  (cost=3859.66..3864.58 rows=983 width=121)
	  ->  Sort  (cost=3859.66..3862.12 rows=983 width=121)
	        Sort Key: c
	        ->  Bitmap Heap Scan on sbtest3  (cost=34.51..3810.80 rows=983 width=121)
	              Recheck Cond: ((id >= 4448080) AND (id <= 4449079))
	              ->  Bitmap Index Scan on sbtest3_pkey  (cost=0.00..34.27 rows=983 width=0)
	                    Index Cond: ((id >= 4448080) AND (id <= 4449079))

table 4 : explain SELECT DISTINCT c FROM sbtest4 WHERE id BETWEEN 668792 AND 669791 ORDER BY c
	Unique  (cost=4142.27..4147.54 rows=1055 width=121)
	  ->  Sort  (cost=4142.27..4144.91 rows=1055 width=121)
	        Sort Key: c
	        ->  Bitmap Heap Scan on sbtest4  (cost=35.25..4089.29 rows=1055 width=121)
	              Recheck Cond: ((id >= 668792) AND (id <= 669791))
	              ->  Bitmap Index Scan on sbtest4_pkey  (cost=0.00..34.98 rows=1055 width=0)
	                    Index Cond: ((id >= 668792) AND (id <= 669791))

table 5 : explain SELECT DISTINCT c FROM sbtest5 WHERE id BETWEEN 7205273 AND 7206272 ORDER BY c
	Unique  (cost=4172.96..4178.27 rows=1063 width=121)
	  ->  Sort  (cost=4172.96..4175.61 rows=1063 width=121)
	        Sort Key: c
	        ->  Bitmap Heap Scan on sbtest5  (cost=35.33..4119.52 rows=1063 width=121)
	              Recheck Cond: ((id >= 7205273) AND (id <= 7206272))
	              ->  Bitmap Index Scan on sbtest5_pkey  (cost=0.00..35.07 rows=1063 width=0)
	                    Index Cond: ((id >= 7205273) AND (id <= 7206272))

table 6 : explain SELECT DISTINCT c FROM sbtest6 WHERE id BETWEEN 5651044 AND 5652043 ORDER BY c
	Unique  (cost=3902.40..3907.37 rows=994 width=121)
	  ->  Sort  (cost=3902.40..3904.88 rows=994 width=121)
	        Sort Key: c
	        ->  Bitmap Heap Scan on sbtest6  (cost=34.62..3852.91 rows=994 width=121)
	              Recheck Cond: ((id >= 5651044) AND (id <= 5652043))
	              ->  Bitmap Index Scan on sbtest6_pkey  (cost=0.00..34.38 rows=994 width=0)
	                    Index Cond: ((id >= 5651044) AND (id <= 5652043))

table 7 : explain SELECT DISTINCT c FROM sbtest7 WHERE id BETWEEN 6997860 AND 6998859 ORDER BY c
	Unique  (cost=3816.32..3821.18 rows=972 width=121)
	  ->  Sort  (cost=3816.32..3818.75 rows=972 width=121)
	        Sort Key: c
	        ->  Bitmap Heap Scan on sbtest7  (cost=34.40..3768.09 rows=972 width=121)
	              Recheck Cond: ((id >= 6997860) AND (id <= 6998859))
	              ->  Bitmap Index Scan on sbtest7_pkey  (cost=0.00..34.16 rows=972 width=0)
	                    Index Cond: ((id >= 6997860) AND (id <= 6998859))

table 8 : explain SELECT DISTINCT c FROM sbtest8 WHERE id BETWEEN 9894505 AND 9895504 ORDER BY c
	Unique  (cost=3629.15..3633.77 rows=924 width=121)
	  ->  Sort  (cost=3629.15..3631.46 rows=924 width=121)
	        Sort Key: c
	        ->  Bitmap Heap Scan on sbtest8  (cost=29.91..3583.63 rows=924 width=121)
	              Recheck Cond: ((id >= 9894505) AND (id <= 9895504))
	              ->  Bitmap Index Scan on sbtest8_pkey  (cost=0.00..29.68 rows=924 width=0)
	                    Index Cond: ((id >= 9894505) AND (id <= 9895504))

for: sum_ranges
table 1 : explain SELECT SUM(k) FROM sbtest1 WHERE id BETWEEN 2405807 AND 2406806
	Aggregate  (cost=4177.61..4177.62 rows=1 width=8)
	  ->  Bitmap Heap Scan on sbtest1  (cost=35.51..4174.91 rows=1080 width=4)
	        Recheck Cond: ((id >= 2405807) AND (id <= 2406806))
	        ->  Bitmap Index Scan on sbtest1_pkey  (cost=0.00..35.23 rows=1080 width=0)
	              Index Cond: ((id >= 2405807) AND (id <= 2406806))

table 2 : explain SELECT SUM(k) FROM sbtest2 WHERE id BETWEEN 5056713 AND 5057712
	Aggregate  (cost=4039.01..4039.02 rows=1 width=8)
	  ->  Bitmap Heap Scan on sbtest2  (cost=35.13..4036.40 rows=1043 width=4)
	        Recheck Cond: ((id >= 5056713) AND (id <= 5057712))
	        ->  Bitmap Index Scan on sbtest2_pkey  (cost=0.00..34.87 rows=1043 width=0)
	              Index Cond: ((id >= 5056713) AND (id <= 5057712))

table 3 : explain SELECT SUM(k) FROM sbtest3 WHERE id BETWEEN 8178985 AND 8179984
	Aggregate  (cost=3647.10..3647.11 rows=1 width=8)
	  ->  Bitmap Heap Scan on sbtest3  (cost=34.06..3644.75 rows=939 width=4)
	        Recheck Cond: ((id >= 8178985) AND (id <= 8179984))
	        ->  Bitmap Index Scan on sbtest3_pkey  (cost=0.00..33.83 rows=939 width=0)
	              Index Cond: ((id >= 8178985) AND (id <= 8179984))

table 4 : explain SELECT SUM(k) FROM sbtest4 WHERE id BETWEEN 8205896 AND 8206895
	Aggregate  (cost=3948.40..3948.41 rows=1 width=8)
	  ->  Bitmap Heap Scan on sbtest4  (cost=34.86..3945.86 rows=1017 width=4)
	        Recheck Cond: ((id >= 8205896) AND (id <= 8206895))
	        ->  Bitmap Index Scan on sbtest4_pkey  (cost=0.00..34.61 rows=1017 width=0)
	              Index Cond: ((id >= 8205896) AND (id <= 8206895))

table 5 : explain SELECT SUM(k) FROM sbtest5 WHERE id BETWEEN 5895488 AND 5896487
	Aggregate  (cost=3910.65..3910.66 rows=1 width=8)
	  ->  Bitmap Heap Scan on sbtest5  (cost=34.76..3908.14 rows=1007 width=4)
	        Recheck Cond: ((id >= 5895488) AND (id <= 5896487))
	        ->  Bitmap Index Scan on sbtest5_pkey  (cost=0.00..34.51 rows=1007 width=0)
	              Index Cond: ((id >= 5895488) AND (id <= 5896487))

table 6 : explain SELECT SUM(k) FROM sbtest6 WHERE id BETWEEN 3389426 AND 3390425
	Aggregate  (cost=3983.60..3983.61 rows=1 width=8)
	  ->  Bitmap Heap Scan on sbtest6  (cost=34.97..3981.03 rows=1028 width=4)
	        Recheck Cond: ((id >= 3389426) AND (id <= 3390425))
	        ->  Bitmap Index Scan on sbtest6_pkey  (cost=0.00..34.72 rows=1028 width=0)
	              Index Cond: ((id >= 3389426) AND (id <= 3390425))

table 7 : explain SELECT SUM(k) FROM sbtest7 WHERE id BETWEEN 5981545 AND 5982544
	Aggregate  (cost=3781.84..3781.85 rows=1 width=8)
	  ->  Bitmap Heap Scan on sbtest7  (cost=34.43..3779.40 rows=975 width=4)
	        Recheck Cond: ((id >= 5981545) AND (id <= 5982544))
	        ->  Bitmap Index Scan on sbtest7_pkey  (cost=0.00..34.19 rows=975 width=0)
	              Index Cond: ((id >= 5981545) AND (id <= 5982544))

table 8 : explain SELECT SUM(k) FROM sbtest8 WHERE id BETWEEN 5621431 AND 5622430
	Aggregate  (cost=3793.90..3793.91 rows=1 width=8)
	  ->  Bitmap Heap Scan on sbtest8  (cost=34.46..3791.45 rows=978 width=4)
	        Recheck Cond: ((id >= 5621431) AND (id <= 5622430))
	        ->  Bitmap Index Scan on sbtest8_pkey  (cost=0.00..34.22 rows=978 width=0)
	              Index Cond: ((id >= 5621431) AND (id <= 5622430))

for point_selects
table 1 : explain SELECT c FROM sbtest1 WHERE id=1872616
	Index Scan using sbtest1_pkey on sbtest1  (cost=0.43..8.45 rows=1 width=121)
	  Index Cond: (id = 1872616)

table 2 : explain SELECT c FROM sbtest2 WHERE id=5315944
	Index Scan using sbtest2_pkey on sbtest2  (cost=0.43..8.45 rows=1 width=121)
	  Index Cond: (id = 5315944)

table 3 : explain SELECT c FROM sbtest3 WHERE id=2432269
	Index Scan using sbtest3_pkey on sbtest3  (cost=0.43..8.45 rows=1 width=121)
	  Index Cond: (id = 2432269)

table 4 : explain SELECT c FROM sbtest4 WHERE id=3724777
	Index Scan using sbtest4_pkey on sbtest4  (cost=0.43..8.45 rows=1 width=121)
	  Index Cond: (id = 3724777)

table 5 : explain SELECT c FROM sbtest5 WHERE id=7791671
	Index Scan using sbtest5_pkey on sbtest5  (cost=0.43..8.45 rows=1 width=121)
	  Index Cond: (id = 7791671)

table 6 : explain SELECT c FROM sbtest6 WHERE id=9903559
	Index Scan using sbtest6_pkey on sbtest6  (cost=0.43..8.45 rows=1 width=121)
	  Index Cond: (id = 9903559)

table 7 : explain SELECT c FROM sbtest7 WHERE id=6285035
	Index Scan using sbtest7_pkey on sbtest7  (cost=0.43..8.45 rows=1 width=121)
	  Index Cond: (id = 6285035)

table 8 : explain SELECT c FROM sbtest8 WHERE id=2418447
	Index Scan using sbtest8_pkey on sbtest8  (cost=0.43..8.45 rows=1 width=121)
	  Index Cond: (id = 2418447)

for point_selects
table 1 : explain SELECT c FROM sbtest1 WHERE id=6494657
	Index Scan using sbtest1_pkey on sbtest1  (cost=0.43..8.45 rows=1 width=121)
	  Index Cond: (id = 6494657)

table 2 : explain SELECT c FROM sbtest2 WHERE id=3491684
	Index Scan using sbtest2_pkey on sbtest2  (cost=0.43..8.45 rows=1 width=121)
	  Index Cond: (id = 3491684)

table 3 : explain SELECT c FROM sbtest3 WHERE id=7729547
	Index Scan using sbtest3_pkey on sbtest3  (cost=0.43..8.45 rows=1 width=121)
	  Index Cond: (id = 7729547)

table 4 : explain SELECT c FROM sbtest4 WHERE id=9119448
	Index Scan using sbtest4_pkey on sbtest4  (cost=0.43..8.45 rows=1 width=121)
	  Index Cond: (id = 9119448)

table 5 : explain SELECT c FROM sbtest5 WHERE id=2495801
	Index Scan using sbtest5_pkey on sbtest5  (cost=0.43..8.45 rows=1 width=121)
	  Index Cond: (id = 2495801)

table 6 : explain SELECT c FROM sbtest6 WHERE id=9180100
	Index Scan using sbtest6_pkey on sbtest6  (cost=0.43..8.45 rows=1 width=121)
	  Index Cond: (id = 9180100)

table 7 : explain SELECT c FROM sbtest7 WHERE id=5311025
	Index Scan using sbtest7_pkey on sbtest7  (cost=0.43..8.45 rows=1 width=121)
	  Index Cond: (id = 5311025)

table 8 : explain SELECT c FROM sbtest8 WHERE id=4497908
	Index Scan using sbtest8_pkey on sbtest8  (cost=0.43..8.45 rows=1 width=121)
	  Index Cond: (id = 4497908)

for: order_ranges
table 1 : explain SELECT c FROM sbtest1 WHERE id BETWEEN 8303035 AND 8304034 ORDER BY c
	Sort  (cost=3889.34..3891.81 rows=991 width=121)
	  Sort Key: c
	  ->  Bitmap Heap Scan on sbtest1  (cost=34.59..3840.02 rows=991 width=121)
	        Recheck Cond: ((id >= 8303035) AND (id <= 8304034))
	        ->  Bitmap Index Scan on sbtest1_pkey  (cost=0.00..34.34 rows=991 width=0)
	              Index Cond: ((id >= 8303035) AND (id <= 8304034))

table 2 : explain SELECT c FROM sbtest2 WHERE id BETWEEN 9903953 AND 9904952 ORDER BY c
	Sort  (cost=3832.47..3834.91 rows=976 width=121)
	  Sort Key: c
	  ->  Bitmap Heap Scan on sbtest2  (cost=34.44..3784.01 rows=976 width=121)
	        Recheck Cond: ((id >= 9903953) AND (id <= 9904952))
	        ->  Bitmap Index Scan on sbtest2_pkey  (cost=0.00..34.20 rows=976 width=0)
	              Index Cond: ((id >= 9903953) AND (id <= 9904952))

table 3 : explain SELECT c FROM sbtest3 WHERE id BETWEEN 6864928 AND 6865927 ORDER BY c
	Sort  (cost=4127.32..4129.96 rows=1053 width=121)
	  Sort Key: c
	  ->  Bitmap Heap Scan on sbtest3  (cost=35.23..4074.46 rows=1053 width=121)
	        Recheck Cond: ((id >= 6864928) AND (id <= 6865927))
	        ->  Bitmap Index Scan on sbtest3_pkey  (cost=0.00..34.97 rows=1053 width=0)
	              Index Cond: ((id >= 6864928) AND (id <= 6865927))

table 4 : explain SELECT c FROM sbtest4 WHERE id BETWEEN 6704537 AND 6705536 ORDER BY c
	Sort  (cost=3789.45..3791.86 rows=963 width=121)
	  Sort Key: c
	  ->  Bitmap Heap Scan on sbtest4  (cost=34.31..3741.73 rows=963 width=121)
	        Recheck Cond: ((id >= 6704537) AND (id <= 6705536))
	        ->  Bitmap Index Scan on sbtest4_pkey  (cost=0.00..34.07 rows=963 width=0)
	              Index Cond: ((id >= 6704537) AND (id <= 6705536))

table 5 : explain SELECT c FROM sbtest5 WHERE id BETWEEN 6705398 AND 6706397 ORDER BY c
	Sort  (cost=3797.18..3799.59 rows=965 width=121)
	  Sort Key: c
	  ->  Bitmap Heap Scan on sbtest5  (cost=34.33..3749.34 rows=965 width=121)
	        Recheck Cond: ((id >= 6705398) AND (id <= 6706397))
	        ->  Bitmap Index Scan on sbtest5_pkey  (cost=0.00..34.09 rows=965 width=0)
	              Index Cond: ((id >= 6705398) AND (id <= 6706397))

table 6 : explain SELECT c FROM sbtest6 WHERE id BETWEEN 1689918 AND 1690917 ORDER BY c
	Sort  (cost=3799.01..3801.43 rows=967 width=121)
	  Sort Key: c
	  ->  Bitmap Heap Scan on sbtest6  (cost=34.35..3751.06 rows=967 width=121)
	        Recheck Cond: ((id >= 1689918) AND (id <= 1690917))
	        ->  Bitmap Index Scan on sbtest6_pkey  (cost=0.00..34.11 rows=967 width=0)
	              Index Cond: ((id >= 1689918) AND (id <= 1690917))

table 7 : explain SELECT c FROM sbtest7 WHERE id BETWEEN 6731137 AND 6732136 ORDER BY c
	Sort  (cost=4007.54..4010.09 rows=1022 width=121)
	  Sort Key: c
	  ->  Bitmap Heap Scan on sbtest7  (cost=34.91..3956.45 rows=1022 width=121)
	        Recheck Cond: ((id >= 6731137) AND (id <= 6732136))
	        ->  Bitmap Index Scan on sbtest7_pkey  (cost=0.00..34.66 rows=1022 width=0)
	              Index Cond: ((id >= 6731137) AND (id <= 6732136))

table 8 : explain SELECT c FROM sbtest8 WHERE id BETWEEN 8906646 AND 8907645 ORDER BY c
	Sort  (cost=3728.97..3731.34 rows=949 width=121)
	  Sort Key: c
	  ->  Bitmap Heap Scan on sbtest8  (cost=34.16..3682.04 rows=949 width=121)
	        Recheck Cond: ((id >= 8906646) AND (id <= 8907645))
	        ->  Bitmap Index Scan on sbtest8_pkey  (cost=0.00..33.93 rows=949 width=0)
	              Index Cond: ((id >= 8906646) AND (id <= 8907645))

explain: for point_selects :: explain SELECT c FROM sbtest%u WHERE id=%u
explain: for point_selects :: explain SELECT c FROM sbtest%u WHERE id=%u
for: simple_ranges
table 1 : explain SELECT c FROM sbtest1 WHERE id BETWEEN 129793 AND 130792
	Bitmap Heap Scan on sbtest1  (cost=34.69..3873.93 rows=1000 width=121)
	  Recheck Cond: ((id >= 129793) AND (id <= 130792))
	  ->  Bitmap Index Scan on sbtest1_pkey  (cost=0.00..34.44 rows=1000 width=0)
	        Index Cond: ((id >= 129793) AND (id <= 130792))

table 2 : explain SELECT c FROM sbtest2 WHERE id BETWEEN 4048749 AND 4049748
	Bitmap Heap Scan on sbtest2  (cost=35.60..4209.35 rows=1089 width=121)
	  Recheck Cond: ((id >= 4048749) AND (id <= 4049748))
	  ->  Bitmap Index Scan on sbtest2_pkey  (cost=0.00..35.33 rows=1089 width=0)
	        Index Cond: ((id >= 4048749) AND (id <= 4049748))

table 3 : explain SELECT c FROM sbtest3 WHERE id BETWEEN 5116209 AND 5117208
	Bitmap Heap Scan on sbtest3  (cost=34.86..3938.94 rows=1017 width=121)
	  Recheck Cond: ((id >= 5116209) AND (id <= 5117208))
	  ->  Bitmap Index Scan on sbtest3_pkey  (cost=0.00..34.61 rows=1017 width=0)
	        Index Cond: ((id >= 5116209) AND (id <= 5117208))

table 4 : explain SELECT c FROM sbtest4 WHERE id BETWEEN 7983522 AND 7984521
	Bitmap Heap Scan on sbtest4  (cost=35.11..4036.47 rows=1041 width=121)
	  Recheck Cond: ((id >= 7983522) AND (id <= 7984521))
	  ->  Bitmap Index Scan on sbtest4_pkey  (cost=0.00..34.84 rows=1041 width=0)
	        Index Cond: ((id >= 7983522) AND (id <= 7984521))

table 5 : explain SELECT c FROM sbtest5 WHERE id BETWEEN 3418043 AND 3419042
	Bitmap Heap Scan on sbtest5  (cost=34.30..3737.99 rows=962 width=121)
	  Recheck Cond: ((id >= 3418043) AND (id <= 3419042))
	  ->  Bitmap Index Scan on sbtest5_pkey  (cost=0.00..34.06 rows=962 width=0)
	        Index Cond: ((id >= 3418043) AND (id <= 3419042))

table 6 : explain SELECT c FROM sbtest6 WHERE id BETWEEN 5685618 AND 5686617
	Bitmap Heap Scan on sbtest6  (cost=34.62..3852.91 rows=994 width=121)
	  Recheck Cond: ((id >= 5685618) AND (id <= 5686617))
	  ->  Bitmap Index Scan on sbtest6_pkey  (cost=0.00..34.38 rows=994 width=0)
	        Index Cond: ((id >= 5685618) AND (id <= 5686617))

table 7 : explain SELECT c FROM sbtest7 WHERE id BETWEEN 4096815 AND 4097814
	Bitmap Heap Scan on sbtest7  (cost=34.84..3930.10 rows=1015 width=121)
	  Recheck Cond: ((id >= 4096815) AND (id <= 4097814))
	  ->  Bitmap Index Scan on sbtest7_pkey  (cost=0.00..34.59 rows=1015 width=0)
	        Index Cond: ((id >= 4096815) AND (id <= 4097814))

table 8 : explain SELECT c FROM sbtest8 WHERE id BETWEEN 8701478 AND 8702477
	Bitmap Heap Scan on sbtest8  (cost=34.85..3934.65 rows=1016 width=121)
	  Recheck Cond: ((id >= 8701478) AND (id <= 8702477))
	  ->  Bitmap Index Scan on sbtest8_pkey  (cost=0.00..34.59 rows=1016 width=0)
	        Index Cond: ((id >= 8701478) AND (id <= 8702477))

for: simple_ranges
table 1 : explain SELECT c FROM sbtest1 WHERE id BETWEEN 5744506 AND 5745505
	Bitmap Heap Scan on sbtest1  (cost=29.82..3553.01 rows=916 width=121)
	  Recheck Cond: ((id >= 5744506) AND (id <= 5745505))
	  ->  Bitmap Index Scan on sbtest1_pkey  (cost=0.00..29.59 rows=916 width=0)
	        Index Cond: ((id >= 5744506) AND (id <= 5745505))

table 2 : explain SELECT c FROM sbtest2 WHERE id BETWEEN 4476431 AND 4477430
	Bitmap Heap Scan on sbtest2  (cost=35.05..4010.06 rows=1036 width=121)
	  Recheck Cond: ((id >= 4476431) AND (id <= 4477430))
	  ->  Bitmap Index Scan on sbtest2_pkey  (cost=0.00..34.80 rows=1036 width=0)
	        Index Cond: ((id >= 4476431) AND (id <= 4477430))

table 3 : explain SELECT c FROM sbtest3 WHERE id BETWEEN 4338656 AND 4339655
	Bitmap Heap Scan on sbtest3  (cost=35.14..4040.60 rows=1044 width=121)
	  Recheck Cond: ((id >= 4338656) AND (id <= 4339655))
	  ->  Bitmap Index Scan on sbtest3_pkey  (cost=0.00..34.88 rows=1044 width=0)
	        Index Cond: ((id >= 4338656) AND (id <= 4339655))

table 4 : explain SELECT c FROM sbtest4 WHERE id BETWEEN 4243134 AND 4244133
	Bitmap Heap Scan on sbtest4  (cost=34.00..3628.17 rows=933 width=121)
	  Recheck Cond: ((id >= 4243134) AND (id <= 4244133))
	  ->  Bitmap Index Scan on sbtest4_pkey  (cost=0.00..33.77 rows=933 width=0)
	        Index Cond: ((id >= 4243134) AND (id <= 4244133))

table 5 : explain SELECT c FROM sbtest5 WHERE id BETWEEN 2868939 AND 2869938
	Bitmap Heap Scan on sbtest5  (cost=29.88..3578.75 rows=921 width=121)
	  Recheck Cond: ((id >= 2868939) AND (id <= 2869938))
	  ->  Bitmap Index Scan on sbtest5_pkey  (cost=0.00..29.64 rows=921 width=0)
	        Index Cond: ((id >= 2868939) AND (id <= 2869938))

table 6 : explain SELECT c FROM sbtest6 WHERE id BETWEEN 1641212 AND 1642211
	Bitmap Heap Scan on sbtest6  (cost=34.54..3822.74 rows=986 width=121)
	  Recheck Cond: ((id >= 1641212) AND (id <= 1642211))
	  ->  Bitmap Index Scan on sbtest6_pkey  (cost=0.00..34.30 rows=986 width=0)
	        Index Cond: ((id >= 1641212) AND (id <= 1642211))

table 7 : explain SELECT c FROM sbtest7 WHERE id BETWEEN 1017417 AND 1018416
	Bitmap Heap Scan on sbtest7  (cost=29.18..3314.45 rows=853 width=121)
	  Recheck Cond: ((id >= 1017417) AND (id <= 1018416))
	  ->  Bitmap Index Scan on sbtest7_pkey  (cost=0.00..28.96 rows=853 width=0)
	        Index Cond: ((id >= 1017417) AND (id <= 1018416))

table 8 : explain SELECT c FROM sbtest8 WHERE id BETWEEN 1427186 AND 1428185
	Bitmap Heap Scan on sbtest8  (cost=34.39..3765.05 rows=971 width=121)
	  Recheck Cond: ((id >= 1427186) AND (id <= 1428185))
	  ->  Bitmap Index Scan on sbtest8_pkey  (cost=0.00..34.15 rows=971 width=0)
	        Index Cond: ((id >= 1427186) AND (id <= 1428185))

for: order_ranges
table 1 : explain SELECT c FROM sbtest1 WHERE id BETWEEN 1886624 AND 1887623 ORDER BY c
	Sort  (cost=3617.25..3619.55 rows=921 width=121)
	  Sort Key: c
	  ->  Bitmap Heap Scan on sbtest1  (cost=29.88..3571.90 rows=921 width=121)
	        Recheck Cond: ((id >= 1886624) AND (id <= 1887623))
	        ->  Bitmap Index Scan on sbtest1_pkey  (cost=0.00..29.64 rows=921 width=0)
	              Index Cond: ((id >= 1886624) AND (id <= 1887623))

table 2 : explain SELECT c FROM sbtest2 WHERE id BETWEEN 4758722 AND 4759721 ORDER BY c
	Sort  (cost=3866.92..3869.38 rows=985 width=121)
	  Sort Key: c
	  ->  Bitmap Heap Scan on sbtest2  (cost=34.53..3817.95 rows=985 width=121)
	        Recheck Cond: ((id >= 4758722) AND (id <= 4759721))
	        ->  Bitmap Index Scan on sbtest2_pkey  (cost=0.00..34.29 rows=985 width=0)
	              Index Cond: ((id >= 4758722) AND (id <= 4759721))

table 3 : explain SELECT c FROM sbtest3 WHERE id BETWEEN 8882886 AND 8883885 ORDER BY c
	Sort  (cost=3433.84..3436.02 rows=873 width=121)
	  Sort Key: c
	  ->  Bitmap Heap Scan on sbtest3  (cost=29.38..3391.20 rows=873 width=121)
	        Recheck Cond: ((id >= 8882886) AND (id <= 8883885))
	        ->  Bitmap Index Scan on sbtest3_pkey  (cost=0.00..29.16 rows=873 width=0)
	              Index Cond: ((id >= 8882886) AND (id <= 8883885))

table 4 : explain SELECT c FROM sbtest4 WHERE id BETWEEN 1867456 AND 1868455 ORDER BY c
	Sort  (cost=3923.79..3926.29 rows=998 width=121)
	  Sort Key: c
	  ->  Bitmap Heap Scan on sbtest4  (cost=34.66..3874.08 rows=998 width=121)
	        Recheck Cond: ((id >= 1867456) AND (id <= 1868455))
	        ->  Bitmap Index Scan on sbtest4_pkey  (cost=0.00..34.42 rows=998 width=0)
	              Index Cond: ((id >= 1867456) AND (id <= 1868455))

table 5 : explain SELECT c FROM sbtest5 WHERE id BETWEEN 576475 AND 577474 ORDER BY c
	Sort  (cost=4100.19..4102.80 rows=1044 width=121)
	  Sort Key: c
	  ->  Bitmap Heap Scan on sbtest5  (cost=35.14..4047.84 rows=1044 width=121)
	        Recheck Cond: ((id >= 576475) AND (id <= 577474))
	        ->  Bitmap Index Scan on sbtest5_pkey  (cost=0.00..34.88 rows=1044 width=0)
	              Index Cond: ((id >= 576475) AND (id <= 577474))

table 6 : explain SELECT c FROM sbtest6 WHERE id BETWEEN 56190 AND 57189 ORDER BY c
	Sort  (cost=4082.16..4084.76 rows=1041 width=121)
	  Sort Key: c
	  ->  Bitmap Heap Scan on sbtest6  (cost=35.11..4029.98 rows=1041 width=121)
	        Recheck Cond: ((id >= 56190) AND (id <= 57189))
	        ->  Bitmap Index Scan on sbtest6_pkey  (cost=0.00..34.84 rows=1041 width=0)
	              Index Cond: ((id >= 56190) AND (id <= 57189))

table 7 : explain SELECT c FROM sbtest7 WHERE id BETWEEN 9694255 AND 9695254 ORDER BY c
	Sort  (cost=3544.10..3546.35 rows=902 width=121)
	  Sort Key: c
	  ->  Bitmap Heap Scan on sbtest7  (cost=29.68..3499.82 rows=902 width=121)
	        Recheck Cond: ((id >= 9694255) AND (id <= 9695254))
	        ->  Bitmap Index Scan on sbtest7_pkey  (cost=0.00..29.45 rows=902 width=0)
	              Index Cond: ((id >= 9694255) AND (id <= 9695254))

table 8 : explain SELECT c FROM sbtest8 WHERE id BETWEEN 2034603 AND 2035602 ORDER BY c
	Sort  (cost=3820.89..3823.32 rows=973 width=121)
	  Sort Key: c
	  ->  Bitmap Heap Scan on sbtest8  (cost=34.41..3772.60 rows=973 width=121)
	        Recheck Cond: ((id >= 2034603) AND (id <= 2035602))
	        ->  Bitmap Index Scan on sbtest8_pkey  (cost=0.00..34.17 rows=973 width=0)
	              Index Cond: ((id >= 2034603) AND (id <= 2035602))

for point_selects
table 1 : explain SELECT c FROM sbtest1 WHERE id=4084424
	Index Scan using sbtest1_pkey on sbtest1  (cost=0.43..8.45 rows=1 width=121)
	  Index Cond: (id = 4084424)

table 2 : explain SELECT c FROM sbtest2 WHERE id=7541437
	Index Scan using sbtest2_pkey on sbtest2  (cost=0.43..8.45 rows=1 width=121)
	  Index Cond: (id = 7541437)

table 3 : explain SELECT c FROM sbtest3 WHERE id=6094646
	Index Scan using sbtest3_pkey on sbtest3  (cost=0.43..8.45 rows=1 width=121)
	  Index Cond: (id = 6094646)

table 4 : explain SELECT c FROM sbtest4 WHERE id=4164849
	Index Scan using sbtest4_pkey on sbtest4  (cost=0.43..8.45 rows=1 width=121)
	  Index Cond: (id = 4164849)

table 5 : explain SELECT c FROM sbtest5 WHERE id=4922315
	Index Scan using sbtest5_pkey on sbtest5  (cost=0.43..8.45 rows=1 width=121)
	  Index Cond: (id = 4922315)

table 6 : explain SELECT c FROM sbtest6 WHERE id=339108
	Index Scan using sbtest6_pkey on sbtest6  (cost=0.43..8.45 rows=1 width=121)
	  Index Cond: (id = 339108)

table 7 : explain SELECT c FROM sbtest7 WHERE id=9470645
	Index Scan using sbtest7_pkey on sbtest7  (cost=0.43..8.45 rows=1 width=121)
	  Index Cond: (id = 9470645)

table 8 : explain SELECT c FROM sbtest8 WHERE id=6646077
	Index Scan using sbtest8_pkey on sbtest8  (cost=0.43..8.45 rows=1 width=121)
	  Index Cond: (id = 6646077)

for: distinct_ranges
table 1 : explain SELECT DISTINCT c FROM sbtest1 WHERE id BETWEEN 3639004 AND 3640003 ORDER BY c
	Unique  (cost=3701.57..3706.28 rows=943 width=121)
	  ->  Sort  (cost=3701.57..3703.93 rows=943 width=121)
	        Sort Key: c
	        ->  Bitmap Heap Scan on sbtest1  (cost=30.10..3654.98 rows=943 width=121)
	              Recheck Cond: ((id >= 3639004) AND (id <= 3640003))
	              ->  Bitmap Index Scan on sbtest1_pkey  (cost=0.00..29.86 rows=943 width=0)
	                    Index Cond: ((id >= 3639004) AND (id <= 3640003))

table 2 : explain SELECT DISTINCT c FROM sbtest2 WHERE id BETWEEN 8390769 AND 8391768 ORDER BY c
	Unique  (cost=3759.72..3764.50 rows=957 width=121)
	  ->  Sort  (cost=3759.72..3762.11 rows=957 width=121)
	        Sort Key: c
	        ->  Bitmap Heap Scan on sbtest2  (cost=34.24..3712.33 rows=957 width=121)
	              Recheck Cond: ((id >= 8390769) AND (id <= 8391768))
	              ->  Bitmap Index Scan on sbtest2_pkey  (cost=0.00..34.01 rows=957 width=0)
	                    Index Cond: ((id >= 8390769) AND (id <= 8391768))

table 3 : explain SELECT DISTINCT c FROM sbtest3 WHERE id BETWEEN 601695 AND 602694 ORDER BY c
	Unique  (cost=3832.87..3837.75 rows=976 width=121)
	  ->  Sort  (cost=3832.87..3835.31 rows=976 width=121)
	        Sort Key: c
	        ->  Bitmap Heap Scan on sbtest3  (cost=34.44..3784.40 rows=976 width=121)
	              Recheck Cond: ((id >= 601695) AND (id <= 602694))
	              ->  Bitmap Index Scan on sbtest3_pkey  (cost=0.00..34.20 rows=976 width=0)
	                    Index Cond: ((id >= 601695) AND (id <= 602694))

table 4 : explain SELECT DISTINCT c FROM sbtest4 WHERE id BETWEEN 7035907 AND 7036906 ORDER BY c
	Unique  (cost=4084.81..4090.01 rows=1040 width=121)
	  ->  Sort  (cost=4084.81..4087.41 rows=1040 width=121)
	        Sort Key: c
	        ->  Bitmap Heap Scan on sbtest4  (cost=35.09..4032.69 rows=1040 width=121)
	              Recheck Cond: ((id >= 7035907) AND (id <= 7036906))
	              ->  Bitmap Index Scan on sbtest4_pkey  (cost=0.00..34.84 rows=1040 width=0)
	                    Index Cond: ((id >= 7035907) AND (id <= 7036906))

table 5 : explain SELECT DISTINCT c FROM sbtest5 WHERE id BETWEEN 2713797 AND 2714796 ORDER BY c
	Unique  (cost=3728.04..3732.77 rows=947 width=121)
	  ->  Sort  (cost=3728.04..3730.41 rows=947 width=121)
	        Sort Key: c
	        ->  Bitmap Heap Scan on sbtest5  (cost=34.14..3681.22 rows=947 width=121)
	              Recheck Cond: ((id >= 2713797) AND (id <= 2714796))
	              ->  Bitmap Index Scan on sbtest5_pkey  (cost=0.00..33.91 rows=947 width=0)
	                    Index Cond: ((id >= 2713797) AND (id <= 2714796))

table 6 : explain SELECT DISTINCT c FROM sbtest6 WHERE id BETWEEN 7009655 AND 7010654 ORDER BY c
	Unique  (cost=4020.99..4026.12 rows=1025 width=121)
	  ->  Sort  (cost=4020.99..4023.55 rows=1025 width=121)
	        Sort Key: c
	        ->  Bitmap Heap Scan on sbtest6  (cost=34.94..3969.73 rows=1025 width=121)
	              Recheck Cond: ((id >= 7009655) AND (id <= 7010654))
	              ->  Bitmap Index Scan on sbtest6_pkey  (cost=0.00..34.69 rows=1025 width=0)
	                    Index Cond: ((id >= 7009655) AND (id <= 7010654))

table 7 : explain SELECT DISTINCT c FROM sbtest7 WHERE id BETWEEN 5108506 AND 5109505 ORDER BY c
	Unique  (cost=3628.63..3633.25 rows=923 width=121)
	  ->  Sort  (cost=3628.63..3630.94 rows=923 width=121)
	        Sort Key: c
	        ->  Bitmap Heap Scan on sbtest7  (cost=33.90..3583.17 rows=923 width=121)
	              Recheck Cond: ((id >= 5108506) AND (id <= 5109505))
	              ->  Bitmap Index Scan on sbtest7_pkey  (cost=0.00..33.67 rows=923 width=0)
	                    Index Cond: ((id >= 5108506) AND (id <= 5109505))

table 8 : explain SELECT DISTINCT c FROM sbtest8 WHERE id BETWEEN 7281250 AND 7282249 ORDER BY c
	Unique  (cost=4015.98..4021.10 rows=1024 width=121)
	  ->  Sort  (cost=4015.98..4018.54 rows=1024 width=121)
	        Sort Key: c
	        ->  Bitmap Heap Scan on sbtest8  (cost=34.93..3964.78 rows=1024 width=121)
	              Recheck Cond: ((id >= 7281250) AND (id <= 7282249))
	              ->  Bitmap Index Scan on sbtest8_pkey  (cost=0.00..34.68 rows=1024 width=0)
	                    Index Cond: ((id >= 7281250) AND (id <= 7282249))

for point_selects
table 1 : explain SELECT c FROM sbtest1 WHERE id=7644469
	Index Scan using sbtest1_pkey on sbtest1  (cost=0.43..8.45 rows=1 width=121)
	  Index Cond: (id = 7644469)

table 2 : explain SELECT c FROM sbtest2 WHERE id=4807981
	Index Scan using sbtest2_pkey on sbtest2  (cost=0.43..8.45 rows=1 width=121)
	  Index Cond: (id = 4807981)

table 3 : explain SELECT c FROM sbtest3 WHERE id=8060912
	Index Scan using sbtest3_pkey on sbtest3  (cost=0.43..8.45 rows=1 width=121)
	  Index Cond: (id = 8060912)

table 4 : explain SELECT c FROM sbtest4 WHERE id=7753952
	Index Scan using sbtest4_pkey on sbtest4  (cost=0.43..8.45 rows=1 width=121)
	  Index Cond: (id = 7753952)

table 5 : explain SELECT c FROM sbtest5 WHERE id=9211191
	Index Scan using sbtest5_pkey on sbtest5  (cost=0.43..8.45 rows=1 width=121)
	  Index Cond: (id = 9211191)

table 6 : explain SELECT c FROM sbtest6 WHERE id=2840882
	Index Scan using sbtest6_pkey on sbtest6  (cost=0.43..8.45 rows=1 width=121)
	  Index Cond: (id = 2840882)

table 7 : explain SELECT c FROM sbtest7 WHERE id=6713870
	Index Scan using sbtest7_pkey on sbtest7  (cost=0.43..8.45 rows=1 width=121)
	  Index Cond: (id = 6713870)

table 8 : explain SELECT c FROM sbtest8 WHERE id=3939071
	Index Scan using sbtest8_pkey on sbtest8  (cost=0.43..8.45 rows=1 width=121)
	  Index Cond: (id = 3939071)

for: distinct_ranges
table 1 : explain SELECT DISTINCT c FROM sbtest1 WHERE id BETWEEN 501213 AND 502212 ORDER BY c
	Unique  (cost=3386.96..3391.27 rows=861 width=121)
	  ->  Sort  (cost=3386.96..3389.12 rows=861 width=121)
	        Sort Key: c
	        ->  Bitmap Heap Scan on sbtest1  (cost=29.26..3344.99 rows=861 width=121)
	              Recheck Cond: ((id >= 501213) AND (id <= 502212))
	              ->  Bitmap Index Scan on sbtest1_pkey  (cost=0.00..29.04 rows=861 width=0)
	                    Index Cond: ((id >= 501213) AND (id <= 502212))

table 2 : explain SELECT DISTINCT c FROM sbtest2 WHERE id BETWEEN 7228701 AND 7229700 ORDER BY c
	Unique  (cost=4119.24..4124.50 rows=1051 width=121)
	  ->  Sort  (cost=4119.24..4121.87 rows=1051 width=121)
	        Sort Key: c
	        ->  Bitmap Heap Scan on sbtest2  (cost=35.21..4066.50 rows=1051 width=121)
	              Recheck Cond: ((id >= 7228701) AND (id <= 7229700))
	              ->  Bitmap Index Scan on sbtest2_pkey  (cost=0.00..34.95 rows=1051 width=0)
	                    Index Cond: ((id >= 7228701) AND (id <= 7229700))

table 3 : explain SELECT DISTINCT c FROM sbtest3 WHERE id BETWEEN 5017769 AND 5018768 ORDER BY c
	Unique  (cost=4062.37..4067.55 rows=1036 width=121)
	  ->  Sort  (cost=4062.37..4064.96 rows=1036 width=121)
	        Sort Key: c
	        ->  Bitmap Heap Scan on sbtest3  (cost=35.05..4010.49 rows=1036 width=121)
	              Recheck Cond: ((id >= 5017769) AND (id <= 5018768))
	              ->  Bitmap Index Scan on sbtest3_pkey  (cost=0.00..34.80 rows=1036 width=0)
	                    Index Cond: ((id >= 5017769) AND (id <= 5018768))

table 4 : explain SELECT DISTINCT c FROM sbtest4 WHERE id BETWEEN 5356661 AND 5357660 ORDER BY c
	Unique  (cost=3873.91..3878.84 rows=985 width=121)
	  ->  Sort  (cost=3873.91..3876.37 rows=985 width=121)
	        Sort Key: c
	        ->  Bitmap Heap Scan on sbtest4  (cost=34.53..3824.94 rows=985 width=121)
	              Recheck Cond: ((id >= 5356661) AND (id <= 5357660))
	              ->  Bitmap Index Scan on sbtest4_pkey  (cost=0.00..34.29 rows=985 width=0)
	                    Index Cond: ((id >= 5356661) AND (id <= 5357660))

table 5 : explain SELECT DISTINCT c FROM sbtest5 WHERE id BETWEEN 6979912 AND 6980911 ORDER BY c
	Unique  (cost=4479.09..4484.80 rows=1142 width=121)
	  ->  Sort  (cost=4479.09..4481.94 rows=1142 width=121)
	        Sort Key: c
	        ->  Bitmap Heap Scan on sbtest5  (cost=40.14..4421.09 rows=1142 width=121)
	              Recheck Cond: ((id >= 6979912) AND (id <= 6980911))
	              ->  Bitmap Index Scan on sbtest5_pkey  (cost=0.00..39.86 rows=1142 width=0)
	                    Index Cond: ((id >= 6979912) AND (id <= 6980911))

table 6 : explain SELECT DISTINCT c FROM sbtest6 WHERE id BETWEEN 4818872 AND 4819871 ORDER BY c
	Unique  (cost=4192.94..4198.29 rows=1070 width=121)
	  ->  Sort  (cost=4192.94..4195.62 rows=1070 width=121)
	        Sort Key: c
	        ->  Bitmap Heap Scan on sbtest6  (cost=35.40..4139.10 rows=1070 width=121)
	              Recheck Cond: ((id >= 4818872) AND (id <= 4819871))
	              ->  Bitmap Index Scan on sbtest6_pkey  (cost=0.00..35.14 rows=1070 width=0)
	                    Index Cond: ((id >= 4818872) AND (id <= 4819871))

table 7 : explain SELECT DISTINCT c FROM sbtest7 WHERE id BETWEEN 7646587 AND 7647586 ORDER BY c
	Unique  (cost=3942.56..3947.58 rows=1005 width=121)
	  ->  Sort  (cost=3942.56..3945.07 rows=1005 width=121)
	        Sort Key: c
	        ->  Bitmap Heap Scan on sbtest7  (cost=34.74..3892.44 rows=1005 width=121)
	              Recheck Cond: ((id >= 7646587) AND (id <= 7647586))
	              ->  Bitmap Index Scan on sbtest7_pkey  (cost=0.00..34.48 rows=1005 width=0)
	                    Index Cond: ((id >= 7646587) AND (id <= 7647586))

table 8 : explain SELECT DISTINCT c FROM sbtest8 WHERE id BETWEEN 9724935 AND 9725934 ORDER BY c
	Unique  (cost=3709.81..3714.53 rows=944 width=121)
	  ->  Sort  (cost=3709.81..3712.17 rows=944 width=121)
	        Sort Key: c
	        ->  Bitmap Heap Scan on sbtest8  (cost=34.11..3663.17 rows=944 width=121)
	              Recheck Cond: ((id >= 9724935) AND (id <= 9725934))
	              ->  Bitmap Index Scan on sbtest8_pkey  (cost=0.00..33.88 rows=944 width=0)
	                    Index Cond: ((id >= 9724935) AND (id <= 9725934))

for: sum_ranges
table 1 : explain SELECT SUM(k) FROM sbtest1 WHERE id BETWEEN 4502890 AND 4503889
	Aggregate  (cost=3831.18..3831.19 rows=1 width=8)
	  ->  Bitmap Heap Scan on sbtest1  (cost=34.56..3828.71 rows=988 width=4)
	        Recheck Cond: ((id >= 4502890) AND (id <= 4503889))
	        ->  Bitmap Index Scan on sbtest1_pkey  (cost=0.00..34.32 rows=988 width=0)
	              Index Cond: ((id >= 4502890) AND (id <= 4503889))

table 2 : explain SELECT SUM(k) FROM sbtest2 WHERE id BETWEEN 2663543 AND 2664542
	Aggregate  (cost=3729.83..3729.84 rows=1 width=8)
	  ->  Bitmap Heap Scan on sbtest2  (cost=34.29..3727.43 rows=961 width=4)
	        Recheck Cond: ((id >= 2663543) AND (id <= 2664542))
	        ->  Bitmap Index Scan on sbtest2_pkey  (cost=0.00..34.05 rows=961 width=0)
	              Index Cond: ((id >= 2663543) AND (id <= 2664542))

table 3 : explain SELECT SUM(k) FROM sbtest3 WHERE id BETWEEN 4875009 AND 4876008
	Aggregate  (cost=4114.73..4114.74 rows=1 width=8)
	  ->  Bitmap Heap Scan on sbtest3  (cost=35.33..4112.08 rows=1063 width=4)
	        Recheck Cond: ((id >= 4875009) AND (id <= 4876008))
	        ->  Bitmap Index Scan on sbtest3_pkey  (cost=0.00..35.07 rows=1063 width=0)
	              Index Cond: ((id >= 4875009) AND (id <= 4876008))

table 4 : explain SELECT SUM(k) FROM sbtest4 WHERE id BETWEEN 1492388 AND 1493387
	Aggregate  (cost=3728.99..3729.00 rows=1 width=8)
	  ->  Bitmap Heap Scan on sbtest4  (cost=34.26..3726.59 rows=959 width=4)
	        Recheck Cond: ((id >= 1492388) AND (id <= 1493387))
	        ->  Bitmap Index Scan on sbtest4_pkey  (cost=0.00..34.03 rows=959 width=0)
	              Index Cond: ((id >= 1492388) AND (id <= 1493387))

table 5 : explain SELECT SUM(k) FROM sbtest5 WHERE id BETWEEN 7825470 AND 7826469
	Aggregate  (cost=3997.58..3997.59 rows=1 width=8)
	  ->  Bitmap Heap Scan on sbtest5  (cost=34.99..3995.00 rows=1030 width=4)
	        Recheck Cond: ((id >= 7825470) AND (id <= 7826469))
	        ->  Bitmap Index Scan on sbtest5_pkey  (cost=0.00..34.73 rows=1030 width=0)
	              Index Cond: ((id >= 7825470) AND (id <= 7826469))

table 6 : explain SELECT SUM(k) FROM sbtest6 WHERE id BETWEEN 3571042 AND 3572041
	Aggregate  (cost=3855.39..3855.40 rows=1 width=8)
	  ->  Bitmap Heap Scan on sbtest6  (cost=34.62..3852.91 rows=994 width=4)
	        Recheck Cond: ((id >= 3571042) AND (id <= 3572041))
	        ->  Bitmap Index Scan on sbtest6_pkey  (cost=0.00..34.38 rows=994 width=0)
	              Index Cond: ((id >= 3571042) AND (id <= 3572041))

table 7 : explain SELECT SUM(k) FROM sbtest7 WHERE id BETWEEN 3788126 AND 3789125
	Aggregate  (cost=3403.69..3403.70 rows=1 width=8)
	  ->  Bitmap Heap Scan on sbtest7  (cost=29.41..3401.50 rows=876 width=4)
	        Recheck Cond: ((id >= 3788126) AND (id <= 3789125))
	        ->  Bitmap Index Scan on sbtest7_pkey  (cost=0.00..29.19 rows=876 width=0)
	              Index Cond: ((id >= 3788126) AND (id <= 3789125))

table 8 : explain SELECT SUM(k) FROM sbtest8 WHERE id BETWEEN 5956746 AND 5957745
	Aggregate  (cost=3355.08..3355.09 rows=1 width=8)
	  ->  Bitmap Heap Scan on sbtest8  (cost=29.28..3352.92 rows=863 width=4)
	        Recheck Cond: ((id >= 5956746) AND (id <= 5957745))
	        ->  Bitmap Index Scan on sbtest8_pkey  (cost=0.00..29.07 rows=863 width=0)
	              Index Cond: ((id >= 5956746) AND (id <= 5957745))

for: sum_ranges
table 1 : explain SELECT SUM(k) FROM sbtest1 WHERE id BETWEEN 1820650 AND 1821649
	Aggregate  (cost=3963.10..3963.11 rows=1 width=8)
	  ->  Bitmap Heap Scan on sbtest1  (cost=34.92..3960.55 rows=1023 width=4)
	        Recheck Cond: ((id >= 1820650) AND (id <= 1821649))
	        ->  Bitmap Index Scan on sbtest1_pkey  (cost=0.00..34.67 rows=1023 width=0)
	              Index Cond: ((id >= 1820650) AND (id <= 1821649))

table 2 : explain SELECT SUM(k) FROM sbtest2 WHERE id BETWEEN 5169568 AND 5170567
	Aggregate  (cost=4001.35..4001.36 rows=1 width=8)
	  ->  Bitmap Heap Scan on sbtest2  (cost=35.02..3998.77 rows=1033 width=4)
	        Recheck Cond: ((id >= 5169568) AND (id <= 5170567))
	        ->  Bitmap Index Scan on sbtest2_pkey  (cost=0.00..34.77 rows=1033 width=0)
	              Index Cond: ((id >= 5169568) AND (id <= 5170567))

table 3 : explain SELECT SUM(k) FROM sbtest3 WHERE id BETWEEN 4006322 AND 4007321
	Aggregate  (cost=4031.91..4031.92 rows=1 width=8)
	  ->  Bitmap Heap Scan on sbtest3  (cost=35.11..4029.31 rows=1041 width=4)
	        Recheck Cond: ((id >= 4006322) AND (id <= 4007321))
	        ->  Bitmap Index Scan on sbtest3_pkey  (cost=0.00..34.84 rows=1041 width=0)
	              Index Cond: ((id >= 4006322) AND (id <= 4007321))

table 4 : explain SELECT SUM(k) FROM sbtest4 WHERE id BETWEEN 8757422 AND 8758421
	Aggregate  (cost=3952.18..3952.19 rows=1 width=8)
	  ->  Bitmap Heap Scan on sbtest4  (cost=34.87..3949.64 rows=1018 width=4)
	        Recheck Cond: ((id >= 8757422) AND (id <= 8758421))
	        ->  Bitmap Index Scan on sbtest4_pkey  (cost=0.00..34.62 rows=1018 width=0)
	              Index Cond: ((id >= 8757422) AND (id <= 8758421))

table 5 : explain SELECT SUM(k) FROM sbtest5 WHERE id BETWEEN 2794477 AND 2795476
	Aggregate  (cost=3581.06..3581.07 rows=1 width=8)
	  ->  Bitmap Heap Scan on sbtest5  (cost=29.88..3578.75 rows=921 width=4)
	        Recheck Cond: ((id >= 2794477) AND (id <= 2795476))
	        ->  Bitmap Index Scan on sbtest5_pkey  (cost=0.00..29.64 rows=921 width=0)
	              Index Cond: ((id >= 2794477) AND (id <= 2795476))

table 6 : explain SELECT SUM(k) FROM sbtest6 WHERE id BETWEEN 603188 AND 604187
	Aggregate  (cost=3802.56..3802.57 rows=1 width=8)
	  ->  Bitmap Heap Scan on sbtest6  (cost=34.48..3800.11 rows=980 width=4)
	        Recheck Cond: ((id >= 603188) AND (id <= 604187))
	        ->  Bitmap Index Scan on sbtest6_pkey  (cost=0.00..34.23 rows=980 width=0)
	              Index Cond: ((id >= 603188) AND (id <= 604187))

table 7 : explain SELECT SUM(k) FROM sbtest7 WHERE id BETWEEN 7137366 AND 7138365
	Aggregate  (cost=4278.98..4278.99 rows=1 width=8)
	  ->  Bitmap Heap Scan on sbtest7  (cost=39.78..4276.21 rows=1107 width=4)
	        Recheck Cond: ((id >= 7137366) AND (id <= 7138365))
	        ->  Bitmap Index Scan on sbtest7_pkey  (cost=0.00..39.51 rows=1107 width=0)
	              Index Cond: ((id >= 7137366) AND (id <= 7138365))

table 8 : explain SELECT SUM(k) FROM sbtest8 WHERE id BETWEEN 2964273 AND 2965272
	Aggregate  (cost=3707.07..3707.08 rows=1 width=8)
	  ->  Bitmap Heap Scan on sbtest8  (cost=34.22..3704.69 rows=955 width=4)
	        Recheck Cond: ((id >= 2964273) AND (id <= 2965272))
	        ->  Bitmap Index Scan on sbtest8_pkey  (cost=0.00..33.98 rows=955 width=0)
	              Index Cond: ((id >= 2964273) AND (id <= 2965272))

for: simple_ranges
table 1 : explain SELECT c FROM sbtest1 WHERE id BETWEEN 9588237 AND 9589236
	Bitmap Heap Scan on sbtest1  (cost=29.40..3397.98 rows=875 width=121)
	  Recheck Cond: ((id >= 9588237) AND (id <= 9589236))
	  ->  Bitmap Index Scan on sbtest1_pkey  (cost=0.00..29.18 rows=875 width=0)
	        Index Cond: ((id >= 9588237) AND (id <= 9589236))

table 2 : explain SELECT c FROM sbtest2 WHERE id BETWEEN 2431916 AND 2432915
	Bitmap Heap Scan on sbtest2  (cost=35.03..4002.53 rows=1034 width=121)
	  Recheck Cond: ((id >= 2431916) AND (id <= 2432915))
	  ->  Bitmap Index Scan on sbtest2_pkey  (cost=0.00..34.78 rows=1034 width=0)
	        Index Cond: ((id >= 2431916) AND (id <= 2432915))

table 3 : explain SELECT c FROM sbtest3 WHERE id BETWEEN 9399630 AND 9400629
	Bitmap Heap Scan on sbtest3  (cost=29.79..3542.51 rows=913 width=121)
	  Recheck Cond: ((id >= 9399630) AND (id <= 9400629))
	  ->  Bitmap Index Scan on sbtest3_pkey  (cost=0.00..29.57 rows=913 width=0)
	        Index Cond: ((id >= 9399630) AND (id <= 9400629))

table 4 : explain SELECT c FROM sbtest4 WHERE id BETWEEN 5758143 AND 5759142
	Bitmap Heap Scan on sbtest4  (cost=39.94..4345.76 rows=1122 width=121)
	  Recheck Cond: ((id >= 5758143) AND (id <= 5759142))
	  ->  Bitmap Index Scan on sbtest4_pkey  (cost=0.00..39.66 rows=1122 width=0)
	        Index Cond: ((id >= 5758143) AND (id <= 5759142))

table 5 : explain SELECT c FROM sbtest5 WHERE id BETWEEN 6789723 AND 6790722
	Bitmap Heap Scan on sbtest5  (cost=34.33..3749.34 rows=965 width=121)
	  Recheck Cond: ((id >= 6789723) AND (id <= 6790722))
	  ->  Bitmap Index Scan on sbtest5_pkey  (cost=0.00..34.09 rows=965 width=0)
	        Index Cond: ((id >= 6789723) AND (id <= 6790722))

table 6 : explain SELECT c FROM sbtest6 WHERE id BETWEEN 8285197 AND 8286196
	Bitmap Heap Scan on sbtest6  (cost=34.87..3943.36 rows=1018 width=121)
	  Recheck Cond: ((id >= 8285197) AND (id <= 8286196))
	  ->  Bitmap Index Scan on sbtest6_pkey  (cost=0.00..34.62 rows=1018 width=0)
	        Index Cond: ((id >= 8285197) AND (id <= 8286196))

table 7 : explain SELECT c FROM sbtest7 WHERE id BETWEEN 5793365 AND 5794364
	Bitmap Heap Scan on sbtest7  (cost=34.37..3756.77 rows=969 width=121)
	  Recheck Cond: ((id >= 5793365) AND (id <= 5794364))
	  ->  Bitmap Index Scan on sbtest7_pkey  (cost=0.00..34.12 rows=969 width=0)
	        Index Cond: ((id >= 5793365) AND (id <= 5794364))

table 8 : explain SELECT c FROM sbtest8 WHERE id BETWEEN 9356974 AND 9357973
	Bitmap Heap Scan on sbtest8  (cost=35.07..4017.47 rows=1038 width=121)
	  Recheck Cond: ((id >= 9356974) AND (id <= 9357973))
	  ->  Bitmap Index Scan on sbtest8_pkey  (cost=0.00..34.82 rows=1038 width=0)
	        Index Cond: ((id >= 9356974) AND (id <= 9357973))

for: simple_ranges
table 1 : explain SELECT c FROM sbtest1 WHERE id BETWEEN 3143359 AND 3144358
	Bitmap Heap Scan on sbtest1  (cost=30.12..3662.53 rows=945 width=121)
	  Recheck Cond: ((id >= 3143359) AND (id <= 3144358))
	  ->  Bitmap Index Scan on sbtest1_pkey  (cost=0.00..29.89 rows=945 width=0)
	        Index Cond: ((id >= 3143359) AND (id <= 3144358))

table 2 : explain SELECT c FROM sbtest2 WHERE id BETWEEN 4660796 AND 4661795
	Bitmap Heap Scan on sbtest2  (cost=34.78..3908.39 rows=1009 width=121)
	  Recheck Cond: ((id >= 4660796) AND (id <= 4661795))
	  ->  Bitmap Index Scan on sbtest2_pkey  (cost=0.00..34.53 rows=1009 width=0)
	        Index Cond: ((id >= 4660796) AND (id <= 4661795))

table 3 : explain SELECT c FROM sbtest3 WHERE id BETWEEN 8698475 AND 8699474
	Bitmap Heap Scan on sbtest3  (cost=34.13..3671.19 rows=946 width=121)
	  Recheck Cond: ((id >= 8698475) AND (id <= 8699474))
	  ->  Bitmap Index Scan on sbtest3_pkey  (cost=0.00..33.90 rows=946 width=0)
	        Index Cond: ((id >= 8698475) AND (id <= 8699474))

table 4 : explain SELECT c FROM sbtest4 WHERE id BETWEEN 4757029 AND 4758028
	Bitmap Heap Scan on sbtest4  (cost=33.92..3597.86 rows=925 width=121)
	  Recheck Cond: ((id >= 4757029) AND (id <= 4758028))
	  ->  Bitmap Index Scan on sbtest4_pkey  (cost=0.00..33.69 rows=925 width=0)
	        Index Cond: ((id >= 4757029) AND (id <= 4758028))

table 5 : explain SELECT c FROM sbtest5 WHERE id BETWEEN 947313 AND 948312
	Bitmap Heap Scan on sbtest5  (cost=35.18..4062.94 rows=1048 width=121)
	  Recheck Cond: ((id >= 947313) AND (id <= 948312))
	  ->  Bitmap Index Scan on sbtest5_pkey  (cost=0.00..34.92 rows=1048 width=0)
	        Index Cond: ((id >= 947313) AND (id <= 948312))

table 6 : explain SELECT c FROM sbtest6 WHERE id BETWEEN 6165515 AND 6166514
	Bitmap Heap Scan on sbtest6  (cost=34.77..3905.68 rows=1008 width=121)
	  Recheck Cond: ((id >= 6165515) AND (id <= 6166514))
	  ->  Bitmap Index Scan on sbtest6_pkey  (cost=0.00..34.52 rows=1008 width=0)
	        Index Cond: ((id >= 6165515) AND (id <= 6166514))

table 7 : explain SELECT c FROM sbtest7 WHERE id BETWEEN 6543239 AND 6544238
	Bitmap Heap Scan on sbtest7  (cost=34.23..3707.74 rows=956 width=121)
	  Recheck Cond: ((id >= 6543239) AND (id <= 6544238))
	  ->  Bitmap Index Scan on sbtest7_pkey  (cost=0.00..34.00 rows=956 width=0)
	        Index Cond: ((id >= 6543239) AND (id <= 6544238))

table 8 : explain SELECT c FROM sbtest8 WHERE id BETWEEN 212201 AND 213200
	Bitmap Heap Scan on sbtest8  (cost=34.67..3870.61 rows=999 width=121)
	  Recheck Cond: ((id >= 212201) AND (id <= 213200))
	  ->  Bitmap Index Scan on sbtest8_pkey  (cost=0.00..34.43 rows=999 width=0)
	        Index Cond: ((id >= 212201) AND (id <= 213200))

for point_selects
table 1 : explain SELECT c FROM sbtest1 WHERE id=8964580
	Index Scan using sbtest1_pkey on sbtest1  (cost=0.43..8.45 rows=1 width=121)
	  Index Cond: (id = 8964580)

table 2 : explain SELECT c FROM sbtest2 WHERE id=7480674
	Index Scan using sbtest2_pkey on sbtest2  (cost=0.43..8.45 rows=1 width=121)
	  Index Cond: (id = 7480674)

table 3 : explain SELECT c FROM sbtest3 WHERE id=5238372
	Index Scan using sbtest3_pkey on sbtest3  (cost=0.43..8.45 rows=1 width=121)
	  Index Cond: (id = 5238372)

table 4 : explain SELECT c FROM sbtest4 WHERE id=3519075
	Index Scan using sbtest4_pkey on sbtest4  (cost=0.43..8.45 rows=1 width=121)
	  Index Cond: (id = 3519075)

table 5 : explain SELECT c FROM sbtest5 WHERE id=8625442
	Index Scan using sbtest5_pkey on sbtest5  (cost=0.43..8.45 rows=1 width=121)
	  Index Cond: (id = 8625442)

table 6 : explain SELECT c FROM sbtest6 WHERE id=7330735
	Index Scan using sbtest6_pkey on sbtest6  (cost=0.43..8.45 rows=1 width=121)
	  Index Cond: (id = 7330735)

table 7 : explain SELECT c FROM sbtest7 WHERE id=9811885
	Index Scan using sbtest7_pkey on sbtest7  (cost=0.43..8.45 rows=1 width=121)
	  Index Cond: (id = 9811885)

table 8 : explain SELECT c FROM sbtest8 WHERE id=8991067
	Index Scan using sbtest8_pkey on sbtest8  (cost=0.43..8.45 rows=1 width=121)
	  Index Cond: (id = 8991067)

for point_selects
table 1 : explain SELECT c FROM sbtest1 WHERE id=1798533
	Index Scan using sbtest1_pkey on sbtest1  (cost=0.43..8.45 rows=1 width=121)
	  Index Cond: (id = 1798533)

table 2 : explain SELECT c FROM sbtest2 WHERE id=2918692
	Index Scan using sbtest2_pkey on sbtest2  (cost=0.43..8.45 rows=1 width=121)
	  Index Cond: (id = 2918692)

table 3 : explain SELECT c FROM sbtest3 WHERE id=349330
	Index Scan using sbtest3_pkey on sbtest3  (cost=0.43..8.45 rows=1 width=121)
	  Index Cond: (id = 349330)

table 4 : explain SELECT c FROM sbtest4 WHERE id=6090726
	Index Scan using sbtest4_pkey on sbtest4  (cost=0.43..8.45 rows=1 width=121)
	  Index Cond: (id = 6090726)

table 5 : explain SELECT c FROM sbtest5 WHERE id=1024473
	Index Scan using sbtest5_pkey on sbtest5  (cost=0.43..8.45 rows=1 width=121)
	  Index Cond: (id = 1024473)

table 6 : explain SELECT c FROM sbtest6 WHERE id=2227089
	Index Scan using sbtest6_pkey on sbtest6  (cost=0.43..8.45 rows=1 width=121)
	  Index Cond: (id = 2227089)

table 7 : explain SELECT c FROM sbtest7 WHERE id=3882809
	Index Scan using sbtest7_pkey on sbtest7  (cost=0.43..8.45 rows=1 width=121)
	  Index Cond: (id = 3882809)

table 8 : explain SELECT c FROM sbtest8 WHERE id=2834347
	Index Scan using sbtest8_pkey on sbtest8  (cost=0.43..8.45 rows=1 width=121)
	  Index Cond: (id = 2834347)

for: order_ranges
table 1 : explain SELECT c FROM sbtest1 WHERE id BETWEEN 1824981 AND 1825980 ORDER BY c
	Sort  (cost=4011.69..4014.25 rows=1023 width=121)
	  Sort Key: c
	  ->  Bitmap Heap Scan on sbtest1  (cost=34.92..3960.55 rows=1023 width=121)
	        Recheck Cond: ((id >= 1824981) AND (id <= 1825980))
	        ->  Bitmap Index Scan on sbtest1_pkey  (cost=0.00..34.67 rows=1023 width=0)
	              Index Cond: ((id >= 1824981) AND (id <= 1825980))

table 2 : explain SELECT c FROM sbtest2 WHERE id BETWEEN 8499170 AND 8500169 ORDER BY c
	Sort  (cost=3954.91..3957.43 rows=1008 width=121)
	  Sort Key: c
	  ->  Bitmap Heap Scan on sbtest2  (cost=34.77..3904.63 rows=1008 width=121)
	        Recheck Cond: ((id >= 8499170) AND (id <= 8500169))
	        ->  Bitmap Index Scan on sbtest2_pkey  (cost=0.00..34.52 rows=1008 width=0)
	              Index Cond: ((id >= 8499170) AND (id <= 8500169))

table 3 : explain SELECT c FROM sbtest3 WHERE id BETWEEN 2520290 AND 2521289 ORDER BY c
	Sort  (cost=3890.28..3892.76 rows=991 width=121)
	  Sort Key: c
	  ->  Bitmap Heap Scan on sbtest3  (cost=34.59..3840.97 rows=991 width=121)
	        Recheck Cond: ((id >= 2520290) AND (id <= 2521289))
	        ->  Bitmap Index Scan on sbtest3_pkey  (cost=0.00..34.34 rows=991 width=0)
	              Index Cond: ((id >= 2520290) AND (id <= 2521289))

table 4 : explain SELECT c FROM sbtest4 WHERE id BETWEEN 6746110 AND 6747109 ORDER BY c
	Sort  (cost=3789.45..3791.86 rows=963 width=121)
	  Sort Key: c
	  ->  Bitmap Heap Scan on sbtest4  (cost=34.31..3741.73 rows=963 width=121)
	        Recheck Cond: ((id >= 6746110) AND (id <= 6747109))
	        ->  Bitmap Index Scan on sbtest4_pkey  (cost=0.00..34.07 rows=963 width=0)
	              Index Cond: ((id >= 6746110) AND (id <= 6747109))

table 5 : explain SELECT c FROM sbtest5 WHERE id BETWEEN 3841873 AND 3842872 ORDER BY c
	Sort  (cost=3762.62..3765.01 rows=956 width=121)
	  Sort Key: c
	  ->  Bitmap Heap Scan on sbtest5  (cost=34.23..3715.29 rows=956 width=121)
	        Recheck Cond: ((id >= 3841873) AND (id <= 3842872))
	        ->  Bitmap Index Scan on sbtest5_pkey  (cost=0.00..34.00 rows=956 width=0)
	              Index Cond: ((id >= 3841873) AND (id <= 3842872))

table 6 : explain SELECT c FROM sbtest6 WHERE id BETWEEN 9616402 AND 9617401 ORDER BY c
	Sort  (cost=3917.70..3920.20 rows=998 width=121)
	  Sort Key: c
	  ->  Bitmap Heap Scan on sbtest6  (cost=34.66..3867.99 rows=998 width=121)
	        Recheck Cond: ((id >= 9616402) AND (id <= 9617401))
	        ->  Bitmap Index Scan on sbtest6_pkey  (cost=0.00..34.42 rows=998 width=0)
	              Index Cond: ((id >= 9616402) AND (id <= 9617401))

table 7 : explain SELECT c FROM sbtest7 WHERE id BETWEEN 2342742 AND 2343741 ORDER BY c
	Sort  (cost=3950.20..3952.72 rows=1007 width=121)
	  Sort Key: c
	  ->  Bitmap Heap Scan on sbtest7  (cost=34.76..3899.98 rows=1007 width=121)
	        Recheck Cond: ((id >= 2342742) AND (id <= 2343741))
	        ->  Bitmap Index Scan on sbtest7_pkey  (cost=0.00..34.51 rows=1007 width=0)
	              Index Cond: ((id >= 2342742) AND (id <= 2343741))

table 8 : explain SELECT c FROM sbtest8 WHERE id BETWEEN 8921468 AND 8922467 ORDER BY c
	Sort  (cost=4195.49..4198.16 rows=1071 width=121)
	  Sort Key: c
	  ->  Bitmap Heap Scan on sbtest8  (cost=35.41..4141.59 rows=1071 width=121)
	        Recheck Cond: ((id >= 8921468) AND (id <= 8922467))
	        ->  Bitmap Index Scan on sbtest8_pkey  (cost=0.00..35.15 rows=1071 width=0)
	              Index Cond: ((id >= 8921468) AND (id <= 8922467))

for: order_ranges
table 1 : explain SELECT c FROM sbtest1 WHERE id BETWEEN 3744027 AND 3745026 ORDER BY c
	Sort  (cost=3854.90..3857.36 rows=982 width=121)
	  Sort Key: c
	  ->  Bitmap Heap Scan on sbtest1  (cost=34.50..3806.10 rows=982 width=121)
	        Recheck Cond: ((id >= 3744027) AND (id <= 3745026))
	        ->  Bitmap Index Scan on sbtest1_pkey  (cost=0.00..34.26 rows=982 width=0)
	              Index Cond: ((id >= 3744027) AND (id <= 3745026))

table 2 : explain SELECT c FROM sbtest2 WHERE id BETWEEN 979303 AND 980302 ORDER BY c
	Sort  (cost=3870.75..3873.21 rows=986 width=121)
	  Sort Key: c
	  ->  Bitmap Heap Scan on sbtest2  (cost=34.54..3821.72 rows=986 width=121)
	        Recheck Cond: ((id >= 979303) AND (id <= 980302))
	        ->  Bitmap Index Scan on sbtest2_pkey  (cost=0.00..34.30 rows=986 width=0)
	              Index Cond: ((id >= 979303) AND (id <= 980302))

table 3 : explain SELECT c FROM sbtest3 WHERE id BETWEEN 5484110 AND 5485109 ORDER BY c
	Sort  (cost=3901.76..3904.25 rows=994 width=121)
	  Sort Key: c
	  ->  Bitmap Heap Scan on sbtest3  (cost=34.62..3852.28 rows=994 width=121)
	        Recheck Cond: ((id >= 5484110) AND (id <= 5485109))
	        ->  Bitmap Index Scan on sbtest3_pkey  (cost=0.00..34.38 rows=994 width=0)
	              Index Cond: ((id >= 5484110) AND (id <= 5485109))

table 4 : explain SELECT c FROM sbtest4 WHERE id BETWEEN 3788843 AND 3789842 ORDER BY c
	Sort  (cost=4463.74..4466.59 rows=1138 width=121)
	  Sort Key: c
	  ->  Bitmap Heap Scan on sbtest4  (cost=40.10..4405.98 rows=1138 width=121)
	        Recheck Cond: ((id >= 3788843) AND (id <= 3789842))
	        ->  Bitmap Index Scan on sbtest4_pkey  (cost=0.00..39.82 rows=1138 width=0)
	              Index Cond: ((id >= 3788843) AND (id <= 3789842))

table 5 : explain SELECT c FROM sbtest5 WHERE id BETWEEN 9759587 AND 9760586 ORDER BY c
	Sort  (cost=3527.93..3530.17 rows=896 width=121)
	  Sort Key: c
	  ->  Bitmap Heap Scan on sbtest5  (cost=29.62..3483.99 rows=896 width=121)
	        Recheck Cond: ((id >= 9759587) AND (id <= 9760586))
	        ->  Bitmap Index Scan on sbtest5_pkey  (cost=0.00..29.39 rows=896 width=0)
	              Index Cond: ((id >= 9759587) AND (id <= 9760586))

table 6 : explain SELECT c FROM sbtest6 WHERE id BETWEEN 564738 AND 565737 ORDER BY c
	Sort  (cost=3890.91..3893.39 rows=991 width=121)
	  Sort Key: c
	  ->  Bitmap Heap Scan on sbtest6  (cost=34.59..3841.60 rows=991 width=121)
	        Recheck Cond: ((id >= 564738) AND (id <= 565737))
	        ->  Bitmap Index Scan on sbtest6_pkey  (cost=0.00..34.34 rows=991 width=0)
	              Index Cond: ((id >= 564738) AND (id <= 565737))

table 7 : explain SELECT c FROM sbtest7 WHERE id BETWEEN 3662742 AND 3663741 ORDER BY c
	Sort  (cost=4145.02..4147.67 rows=1058 width=121)
	  Sort Key: c
	  ->  Bitmap Heap Scan on sbtest7  (cost=35.28..4091.87 rows=1058 width=121)
	        Recheck Cond: ((id >= 3662742) AND (id <= 3663741))
	        ->  Bitmap Index Scan on sbtest7_pkey  (cost=0.00..35.02 rows=1058 width=0)
	              Index Cond: ((id >= 3662742) AND (id <= 3663741))

table 8 : explain SELECT c FROM sbtest8 WHERE id BETWEEN 9105112 AND 9106111 ORDER BY c
	Sort  (cost=4248.91..4251.62 rows=1085 width=121)
	  Sort Key: c
	  ->  Bitmap Heap Scan on sbtest8  (cost=35.56..4194.20 rows=1085 width=121)
	        Recheck Cond: ((id >= 9105112) AND (id <= 9106111))
	        ->  Bitmap Index Scan on sbtest8_pkey  (cost=0.00..35.29 rows=1085 width=0)
	              Index Cond: ((id >= 9105112) AND (id <= 9106111))

for: sum_ranges
table 1 : explain SELECT SUM(k) FROM sbtest1 WHERE id BETWEEN 1454944 AND 1455943
	Aggregate  (cost=3963.10..3963.11 rows=1 width=8)
	  ->  Bitmap Heap Scan on sbtest1  (cost=34.92..3960.55 rows=1023 width=4)
	        Recheck Cond: ((id >= 1454944) AND (id <= 1455943))
	        ->  Bitmap Index Scan on sbtest1_pkey  (cost=0.00..34.67 rows=1023 width=0)
	              Index Cond: ((id >= 1454944) AND (id <= 1455943))

table 2 : explain SELECT SUM(k) FROM sbtest2 WHERE id BETWEEN 7318418 AND 7319417
	Aggregate  (cost=3540.66..3540.67 rows=1 width=8)
	  ->  Bitmap Heap Scan on sbtest2  (cost=29.78..3538.38 rows=912 width=4)
	        Recheck Cond: ((id >= 7318418) AND (id <= 7319417))
	        ->  Bitmap Index Scan on sbtest2_pkey  (cost=0.00..29.55 rows=912 width=0)
	              Index Cond: ((id >= 7318418) AND (id <= 7319417))

table 3 : explain SELECT SUM(k) FROM sbtest3 WHERE id BETWEEN 2205796 AND 2206795
	Aggregate  (cost=3423.68..3423.69 rows=1 width=8)
	  ->  Bitmap Heap Scan on sbtest3  (cost=29.47..3421.48 rows=881 width=4)
	        Recheck Cond: ((id >= 2205796) AND (id <= 2206795))
	        ->  Bitmap Index Scan on sbtest3_pkey  (cost=0.00..29.25 rows=881 width=0)
	              Index Cond: ((id >= 2205796) AND (id <= 2206795))

table 4 : explain SELECT SUM(k) FROM sbtest4 WHERE id BETWEEN 5419279 AND 5420278
	Aggregate  (cost=3827.40..3827.41 rows=1 width=8)
	  ->  Bitmap Heap Scan on sbtest4  (cost=34.53..3824.94 rows=985 width=4)
	        Recheck Cond: ((id >= 5419279) AND (id <= 5420278))
	        ->  Bitmap Index Scan on sbtest4_pkey  (cost=0.00..34.29 rows=985 width=0)
	              Index Cond: ((id >= 5419279) AND (id <= 5420278))

table 5 : explain SELECT SUM(k) FROM sbtest5 WHERE id BETWEEN 7175019 AND 7176018
	Aggregate  (cost=3660.86..3660.87 rows=1 width=8)
	  ->  Bitmap Heap Scan on sbtest5  (cost=34.08..3658.51 rows=941 width=4)
	        Recheck Cond: ((id >= 7175019) AND (id <= 7176018))
	        ->  Bitmap Index Scan on sbtest5_pkey  (cost=0.00..33.84 rows=941 width=0)
	              Index Cond: ((id >= 7175019) AND (id <= 7176018))

table 6 : explain SELECT SUM(k) FROM sbtest6 WHERE id BETWEEN 693191 AND 694190
	Aggregate  (cost=3659.02..3659.03 rows=1 width=8)
	  ->  Bitmap Heap Scan on sbtest6  (cost=34.09..3656.67 rows=942 width=4)
	        Recheck Cond: ((id >= 693191) AND (id <= 694190))
	        ->  Bitmap Index Scan on sbtest6_pkey  (cost=0.00..33.86 rows=942 width=0)
	              Index Cond: ((id >= 693191) AND (id <= 694190))

table 7 : explain SELECT SUM(k) FROM sbtest7 WHERE id BETWEEN 9492477 AND 9493476
	Aggregate  (cost=4049.37..4049.38 rows=1 width=8)
	  ->  Bitmap Heap Scan on sbtest7  (cost=35.16..4046.75 rows=1046 width=4)
	        Recheck Cond: ((id >= 9492477) AND (id <= 9493476))
	        ->  Bitmap Index Scan on sbtest7_pkey  (cost=0.00..34.90 rows=1046 width=0)
	              Index Cond: ((id >= 9492477) AND (id <= 9493476))

table 8 : explain SELECT SUM(k) FROM sbtest8 WHERE id BETWEEN 1903308 AND 1904307
	Aggregate  (cost=3808.99..3809.00 rows=1 width=8)
	  ->  Bitmap Heap Scan on sbtest8  (cost=34.50..3806.53 rows=982 width=4)
	        Recheck Cond: ((id >= 1903308) AND (id <= 1904307))
	        ->  Bitmap Index Scan on sbtest8_pkey  (cost=0.00..34.26 rows=982 width=0)
	              Index Cond: ((id >= 1903308) AND (id <= 1904307))

for: simple_ranges
table 1 : explain SELECT c FROM sbtest1 WHERE id BETWEEN 4513640 AND 4514639
	Bitmap Heap Scan on sbtest1  (cost=34.56..3828.71 rows=988 width=121)
	  Recheck Cond: ((id >= 4513640) AND (id <= 4514639))
	  ->  Bitmap Index Scan on sbtest1_pkey  (cost=0.00..34.32 rows=988 width=0)
	        Index Cond: ((id >= 4513640) AND (id <= 4514639))

table 2 : explain SELECT c FROM sbtest2 WHERE id BETWEEN 6403419 AND 6404418
	Bitmap Heap Scan on sbtest2  (cost=35.82..4288.25 rows=1111 width=121)
	  Recheck Cond: ((id >= 6403419) AND (id <= 6404418))
	  ->  Bitmap Index Scan on sbtest2_pkey  (cost=0.00..35.55 rows=1111 width=0)
	        Index Cond: ((id >= 6403419) AND (id <= 6404418))

table 3 : explain SELECT c FROM sbtest3 WHERE id BETWEEN 6913152 AND 6914151
	Bitmap Heap Scan on sbtest3  (cost=35.23..4074.46 rows=1053 width=121)
	  Recheck Cond: ((id >= 6913152) AND (id <= 6914151))
	  ->  Bitmap Index Scan on sbtest3_pkey  (cost=0.00..34.97 rows=1053 width=0)
	        Index Cond: ((id >= 6913152) AND (id <= 6914151))

table 4 : explain SELECT c FROM sbtest4 WHERE id BETWEEN 4200218 AND 4201217
	Bitmap Heap Scan on sbtest4  (cost=34.00..3628.17 rows=933 width=121)
	  Recheck Cond: ((id >= 4200218) AND (id <= 4201217))
	  ->  Bitmap Index Scan on sbtest4_pkey  (cost=0.00..33.77 rows=933 width=0)
	        Index Cond: ((id >= 4200218) AND (id <= 4201217))

table 5 : explain SELECT c FROM sbtest5 WHERE id BETWEEN 6643475 AND 6644474
	Bitmap Heap Scan on sbtest5  (cost=34.10..3666.08 rows=943 width=121)
	  Recheck Cond: ((id >= 6643475) AND (id <= 6644474))
	  ->  Bitmap Index Scan on sbtest5_pkey  (cost=0.00..33.87 rows=943 width=0)
	        Index Cond: ((id >= 6643475) AND (id <= 6644474))

table 6 : explain SELECT c FROM sbtest6 WHERE id BETWEEN 6684802 AND 6685801
	Bitmap Heap Scan on sbtest6  (cost=34.01..3626.44 rows=934 width=121)
	  Recheck Cond: ((id >= 6684802) AND (id <= 6685801))
	  ->  Bitmap Index Scan on sbtest6_pkey  (cost=0.00..33.78 rows=934 width=0)
	        Index Cond: ((id >= 6684802) AND (id <= 6685801))

table 7 : explain SELECT c FROM sbtest7 WHERE id BETWEEN 8828813 AND 8829812
	Bitmap Heap Scan on sbtest7  (cost=35.18..4054.27 rows=1048 width=121)
	  Recheck Cond: ((id >= 8828813) AND (id <= 8829812))
	  ->  Bitmap Index Scan on sbtest7_pkey  (cost=0.00..34.92 rows=1048 width=0)
	        Index Cond: ((id >= 8828813) AND (id <= 8829812))

table 8 : explain SELECT c FROM sbtest8 WHERE id BETWEEN 3432551 AND 3433550
	Bitmap Heap Scan on sbtest8  (cost=29.73..3519.39 rows=907 width=121)
	  Recheck Cond: ((id >= 3432551) AND (id <= 3433550))
	  ->  Bitmap Index Scan on sbtest8_pkey  (cost=0.00..29.50 rows=907 width=0)
	        Index Cond: ((id >= 3432551) AND (id <= 3433550))

for: simple_ranges
table 1 : explain SELECT c FROM sbtest1 WHERE id BETWEEN 6045633 AND 6046632
	Bitmap Heap Scan on sbtest1  (cost=29.61..3473.63 rows=895 width=121)
	  Recheck Cond: ((id >= 6045633) AND (id <= 6046632))
	  ->  Bitmap Index Scan on sbtest1_pkey  (cost=0.00..29.39 rows=895 width=0)
	        Index Cond: ((id >= 6045633) AND (id <= 6046632))

table 2 : explain SELECT c FROM sbtest2 WHERE id BETWEEN 9810451 AND 9811450
	Bitmap Heap Scan on sbtest2  (cost=34.13..3670.81 rows=946 width=121)
	  Recheck Cond: ((id >= 9810451) AND (id <= 9811450))
	  ->  Bitmap Index Scan on sbtest2_pkey  (cost=0.00..33.90 rows=946 width=0)
	        Index Cond: ((id >= 9810451) AND (id <= 9811450))

table 3 : explain SELECT c FROM sbtest3 WHERE id BETWEEN 6029806 AND 6030805
	Bitmap Heap Scan on sbtest3  (cost=35.06..4014.25 rows=1037 width=121)
	  Recheck Cond: ((id >= 6029806) AND (id <= 6030805))
	  ->  Bitmap Index Scan on sbtest3_pkey  (cost=0.00..34.81 rows=1037 width=0)
	        Index Cond: ((id >= 6029806) AND (id <= 6030805))

table 4 : explain SELECT c FROM sbtest4 WHERE id BETWEEN 8611246 AND 8612245
	Bitmap Heap Scan on sbtest4  (cost=34.40..3775.78 rows=972 width=121)
	  Recheck Cond: ((id >= 8611246) AND (id <= 8612245))
	  ->  Bitmap Index Scan on sbtest4_pkey  (cost=0.00..34.16 rows=972 width=0)
	        Index Cond: ((id >= 8611246) AND (id <= 8612245))

table 5 : explain SELECT c FROM sbtest5 WHERE id BETWEEN 4678050 AND 4679049
	Bitmap Heap Scan on sbtest5  (cost=39.82..4304.41 rows=1111 width=121)
	  Recheck Cond: ((id >= 4678050) AND (id <= 4679049))
	  ->  Bitmap Index Scan on sbtest5_pkey  (cost=0.00..39.55 rows=1111 width=0)
	        Index Cond: ((id >= 4678050) AND (id <= 4679049))

table 6 : explain SELECT c FROM sbtest6 WHERE id BETWEEN 5572622 AND 5573621
	Bitmap Heap Scan on sbtest6  (cost=34.84..3932.06 rows=1015 width=121)
	  Recheck Cond: ((id >= 5572622) AND (id <= 5573621))
	  ->  Bitmap Index Scan on sbtest6_pkey  (cost=0.00..34.59 rows=1015 width=0)
	        Index Cond: ((id >= 5572622) AND (id <= 5573621))

table 7 : explain SELECT c FROM sbtest7 WHERE id BETWEEN 3072531 AND 3073530
	Bitmap Heap Scan on sbtest7  (cost=34.53..3817.09 rows=985 width=121)
	  Recheck Cond: ((id >= 3072531) AND (id <= 3073530))
	  ->  Bitmap Index Scan on sbtest7_pkey  (cost=0.00..34.29 rows=985 width=0)
	        Index Cond: ((id >= 3072531) AND (id <= 3073530))

table 8 : explain SELECT c FROM sbtest8 WHERE id BETWEEN 6584360 AND 6585359
	Bitmap Heap Scan on sbtest8  (cost=35.15..4043.81 rows=1045 width=121)
	  Recheck Cond: ((id >= 6584360) AND (id <= 6585359))
	  ->  Bitmap Index Scan on sbtest8_pkey  (cost=0.00..34.89 rows=1045 width=0)
	        Index Cond: ((id >= 6584360) AND (id <= 6585359))
for: sum_ranges
table 1 : explain SELECT SUM(k) FROM sbtest1 WHERE id BETWEEN 1629731 AND 1630730
	Aggregate  (cost=3733.08..3733.09 rows=1 width=8)
	  ->  Bitmap Heap Scan on sbtest1  (cost=34.30..3730.68 rows=962 width=4)
	        Recheck Cond: ((id >= 1629731) AND (id <= 1630730))
	        ->  Bitmap Index Scan on sbtest1_pkey  (cost=0.00..34.06 rows=962 width=0)
	              Index Cond: ((id >= 1629731) AND (id <= 1630730))

table 2 : explain SELECT SUM(k) FROM sbtest2 WHERE id BETWEEN 434590 AND 435589
	Aggregate  (cost=3612.50..3612.51 rows=1 width=8)
	  ->  Bitmap Heap Scan on sbtest2  (cost=29.98..3610.17 rows=931 width=4)
	        Recheck Cond: ((id >= 434590) AND (id <= 435589))
	        ->  Bitmap Index Scan on sbtest2_pkey  (cost=0.00..29.75 rows=931 width=0)
	              Index Cond: ((id >= 434590) AND (id <= 435589))

table 3 : explain SELECT SUM(k) FROM sbtest3 WHERE id BETWEEN 7199754 AND 7200753
	Aggregate  (cost=3869.85..3869.86 rows=1 width=8)
	  ->  Bitmap Heap Scan on sbtest3  (cost=34.66..3867.36 rows=998 width=4)
	        Recheck Cond: ((id >= 7199754) AND (id <= 7200753))
	        ->  Bitmap Index Scan on sbtest3_pkey  (cost=0.00..34.42 rows=998 width=0)
	              Index Cond: ((id >= 7199754) AND (id <= 7200753))

table 4 : explain SELECT SUM(k) FROM sbtest4 WHERE id BETWEEN 3204025 AND 3205024
	Aggregate  (cost=3872.79..3872.80 rows=1 width=8)
	  ->  Bitmap Heap Scan on sbtest4  (cost=34.65..3870.30 rows=997 width=4)
	        Recheck Cond: ((id >= 3204025) AND (id <= 3205024))
	        ->  Bitmap Index Scan on sbtest4_pkey  (cost=0.00..34.41 rows=997 width=0)
	              Index Cond: ((id >= 3204025) AND (id <= 3205024))

table 5 : explain SELECT SUM(k) FROM sbtest5 WHERE id BETWEEN 7327600 AND 7328599
	Aggregate  (cost=3974.91..3974.92 rows=1 width=8)
	  ->  Bitmap Heap Scan on sbtest5  (cost=34.93..3972.35 rows=1024 width=4)
	        Recheck Cond: ((id >= 7327600) AND (id <= 7328599))
	        ->  Bitmap Index Scan on sbtest5_pkey  (cost=0.00..34.68 rows=1024 width=0)
	              Index Cond: ((id >= 7327600) AND (id <= 7328599))

table 6 : explain SELECT SUM(k) FROM sbtest6 WHERE id BETWEEN 8760813 AND 8761812
	Aggregate  (cost=3761.03..3761.04 rows=1 width=8)
	  ->  Bitmap Heap Scan on sbtest6  (cost=34.37..3758.61 rows=969 width=4)
	        Recheck Cond: ((id >= 8760813) AND (id <= 8761812))
	        ->  Bitmap Index Scan on sbtest6_pkey  (cost=0.00..34.12 rows=969 width=0)
	              Index Cond: ((id >= 8760813) AND (id <= 8761812))

table 7 : explain SELECT SUM(k) FROM sbtest7 WHERE id BETWEEN 5024394 AND 5025393
	Aggregate  (cost=3951.47..3951.48 rows=1 width=8)
	  ->  Bitmap Heap Scan on sbtest7  (cost=34.89..3948.92 rows=1020 width=4)
	        Recheck Cond: ((id >= 5024394) AND (id <= 5025393))
	        ->  Bitmap Index Scan on sbtest7_pkey  (cost=0.00..34.64 rows=1020 width=0)
	              Index Cond: ((id >= 5024394) AND (id <= 5025393))

table 8 : explain SELECT SUM(k) FROM sbtest8 WHERE id BETWEEN 8875806 AND 8876805
	Aggregate  (cost=3684.41..3684.42 rows=1 width=8)
	  ->  Bitmap Heap Scan on sbtest8  (cost=34.16..3682.04 rows=949 width=4)
	        Recheck Cond: ((id >= 8875806) AND (id <= 8876805))
	        ->  Bitmap Index Scan on sbtest8_pkey  (cost=0.00..33.93 rows=949 width=0)
	              Index Cond: ((id >= 8875806) AND (id <= 8876805))


for: distinct_ranges
table 1 : explain SELECT DISTINCT c FROM sbtest1 WHERE id BETWEEN 6428412 AND 6429411 ORDER BY c
	Unique  (cost=4069.00..4074.19 rows=1038 width=121)
	  ->  Sort  (cost=4069.00..4071.59 rows=1038 width=121)
	        Sort Key: c
	        ->  Bitmap Heap Scan on sbtest1  (cost=35.07..4017.00 rows=1038 width=121)
	              Recheck Cond: ((id >= 6428412) AND (id <= 6429411))
	              ->  Bitmap Index Scan on sbtest1_pkey  (cost=0.00..34.82 rows=1038 width=0)
	                    Index Cond: ((id >= 6428412) AND (id <= 6429411))

table 2 : explain SELECT DISTINCT c FROM sbtest2 WHERE id BETWEEN 5470888 AND 5471887 ORDER BY c
	Unique  (cost=4008.44..4013.55 rows=1022 width=121)
	  ->  Sort  (cost=4008.44..4011.00 rows=1022 width=121)
	        Sort Key: c
	        ->  Bitmap Heap Scan on sbtest2  (cost=34.91..3957.35 rows=1022 width=121)
	              Recheck Cond: ((id >= 5470888) AND (id <= 5471887))
	              ->  Bitmap Index Scan on sbtest2_pkey  (cost=0.00..34.66 rows=1022 width=0)
	                    Index Cond: ((id >= 5470888) AND (id <= 5471887))

table 3 : explain SELECT DISTINCT c FROM sbtest3 WHERE id BETWEEN 7472909 AND 7473908 ORDER BY c
	Unique  (cost=4188.42..4193.76 rows=1069 width=121)
	  ->  Sort  (cost=4188.42..4191.09 rows=1069 width=121)
	        Sort Key: c
	        ->  Bitmap Heap Scan on sbtest3  (cost=35.39..4134.64 rows=1069 width=121)
	              Recheck Cond: ((id >= 7472909) AND (id <= 7473908))
	              ->  Bitmap Index Scan on sbtest3_pkey  (cost=0.00..35.12 rows=1069 width=0)
	                    Index Cond: ((id >= 7472909) AND (id <= 7473908))

table 4 : explain SELECT DISTINCT c FROM sbtest4 WHERE id BETWEEN 7249431 AND 7250430 ORDER BY c
	Unique  (cost=3574.06..3578.60 rows=908 width=121)
	  ->  Sort  (cost=3574.06..3576.33 rows=908 width=121)
	        Sort Key: c
	        ->  Bitmap Heap Scan on sbtest4  (cost=29.74..3529.44 rows=908 width=121)
	              Recheck Cond: ((id >= 7249431) AND (id <= 7250430))
	              ->  Bitmap Index Scan on sbtest4_pkey  (cost=0.00..29.51 rows=908 width=0)
	                    Index Cond: ((id >= 7249431) AND (id <= 7250430))

table 5 : explain SELECT DISTINCT c FROM sbtest5 WHERE id BETWEEN 6623562 AND 6624561 ORDER BY c
	Unique  (cost=3712.67..3717.38 rows=943 width=121)
	  ->  Sort  (cost=3712.67..3715.03 rows=943 width=121)
	        Sort Key: c
	        ->  Bitmap Heap Scan on sbtest5  (cost=34.10..3666.08 rows=943 width=121)
	              Recheck Cond: ((id >= 6623562) AND (id <= 6624561))
	              ->  Bitmap Index Scan on sbtest5_pkey  (cost=0.00..33.87 rows=943 width=0)
	                    Index Cond: ((id >= 6623562) AND (id <= 6624561))

table 6 : explain SELECT DISTINCT c FROM sbtest6 WHERE id BETWEEN 3751226 AND 3752225 ORDER BY c
	Unique  (cost=3806.67..3811.51 rows=969 width=121)
	  ->  Sort  (cost=3806.67..3809.09 rows=969 width=121)
	        Sort Key: c
	        ->  Bitmap Heap Scan on sbtest6  (cost=34.37..3758.61 rows=969 width=121)
	              Recheck Cond: ((id >= 3751226) AND (id <= 3752225))
	              ->  Bitmap Index Scan on sbtest6_pkey  (cost=0.00..34.12 rows=969 width=0)
	                    Index Cond: ((id >= 3751226) AND (id <= 3752225))

table 7 : explain SELECT DISTINCT c FROM sbtest7 WHERE id BETWEEN 9035466 AND 9036465 ORDER BY c
	Unique  (cost=4145.02..4150.31 rows=1058 width=121)
	  ->  Sort  (cost=4145.02..4147.67 rows=1058 width=121)
	        Sort Key: c
	        ->  Bitmap Heap Scan on sbtest7  (cost=35.28..4091.87 rows=1058 width=121)
	              Recheck Cond: ((id >= 9035466) AND (id <= 9036465))
	              ->  Bitmap Index Scan on sbtest7_pkey  (cost=0.00..35.02 rows=1058 width=0)
	                    Index Cond: ((id >= 9035466) AND (id <= 9036465))

table 8 : explain SELECT DISTINCT c FROM sbtest8 WHERE id BETWEEN 1502964 AND 1503963 ORDER BY c
	Unique  (cost=3813.23..3818.09 rows=971 width=121)
	  ->  Sort  (cost=3813.23..3815.66 rows=971 width=121)
	        Sort Key: c
	        ->  Bitmap Heap Scan on sbtest8  (cost=34.39..3765.05 rows=971 width=121)
	              Recheck Cond: ((id >= 1502964) AND (id <= 1503963))
	              ->  Bitmap Index Scan on sbtest8_pkey  (cost=0.00..34.15 rows=971 width=0)
	                    Index Cond: ((id >= 1502964) AND (id <= 1503963))

for: distinct_ranges
table 1 : explain SELECT DISTINCT c FROM sbtest1 WHERE id BETWEEN 4037407 AND 4038406 ORDER BY c
	Unique  (cost=3851.07..3855.98 rows=981 width=121)
	  ->  Sort  (cost=3851.07..3853.53 rows=981 width=121)
	        Sort Key: c
	        ->  Bitmap Heap Scan on sbtest1  (cost=34.49..3802.33 rows=981 width=121)
	              Recheck Cond: ((id >= 4037407) AND (id <= 4038406))
	              ->  Bitmap Index Scan on sbtest1_pkey  (cost=0.00..34.25 rows=981 width=0)
	                    Index Cond: ((id >= 4037407) AND (id <= 4038406))

table 2 : explain SELECT DISTINCT c FROM sbtest2 WHERE id BETWEEN 4556206 AND 4557205 ORDER BY c
	Unique  (cost=4035.20..4040.34 rows=1029 width=121)
	  ->  Sort  (cost=4035.20..4037.77 rows=1029 width=121)
	        Sort Key: c
	        ->  Bitmap Heap Scan on sbtest2  (cost=34.98..3983.71 rows=1029 width=121)
	              Recheck Cond: ((id >= 4556206) AND (id <= 4557205))
	              ->  Bitmap Index Scan on sbtest2_pkey  (cost=0.00..34.73 rows=1029 width=0)
	                    Index Cond: ((id >= 4556206) AND (id <= 4557205))

table 3 : explain SELECT DISTINCT c FROM sbtest3 WHERE id BETWEEN 2418763 AND 2419762 ORDER BY c
	Unique  (cost=3936.20..3941.21 rows=1003 width=121)
	  ->  Sort  (cost=3936.20..3938.71 rows=1003 width=121)
	        Sort Key: c
	        ->  Bitmap Heap Scan on sbtest3  (cost=34.72..3886.20 rows=1003 width=121)
	              Recheck Cond: ((id >= 2418763) AND (id <= 2419762))
	              ->  Bitmap Index Scan on sbtest3_pkey  (cost=0.00..34.47 rows=1003 width=0)
	                    Index Cond: ((id >= 2418763) AND (id <= 2419762))

table 4 : explain SELECT DISTINCT c FROM sbtest4 WHERE id BETWEEN 3586737 AND 3587736 ORDER BY c
	Unique  (cost=4080.98..4086.17 rows=1039 width=121)
	  ->  Sort  (cost=4080.98..4083.58 rows=1039 width=121)
	        Sort Key: c
	        ->  Bitmap Heap Scan on sbtest4  (cost=35.08..4028.92 rows=1039 width=121)
	              Recheck Cond: ((id >= 3586737) AND (id <= 3587736))
	              ->  Bitmap Index Scan on sbtest4_pkey  (cost=0.00..34.83 rows=1039 width=0)
	                    Index Cond: ((id >= 3586737) AND (id <= 3587736))

table 5 : explain SELECT DISTINCT c FROM sbtest5 WHERE id BETWEEN 9327626 AND 9328625 ORDER BY c
	Unique  (cost=3985.21..3990.28 rows=1014 width=121)
	  ->  Sort  (cost=3985.21..3987.74 rows=1014 width=121)
	        Sort Key: c
	        ->  Bitmap Heap Scan on sbtest5  (cost=34.83..3934.58 rows=1014 width=121)
	              Recheck Cond: ((id >= 9327626) AND (id <= 9328625))
	              ->  Bitmap Index Scan on sbtest5_pkey  (cost=0.00..34.58 rows=1014 width=0)
	                    Index Cond: ((id >= 9327626) AND (id <= 9328625))

table 6 : explain SELECT DISTINCT c FROM sbtest6 WHERE id BETWEEN 5187004 AND 5188003 ORDER BY c
	Unique  (cost=3799.01..3803.84 rows=967 width=121)
	  ->  Sort  (cost=3799.01..3801.43 rows=967 width=121)
	        Sort Key: c
	        ->  Bitmap Heap Scan on sbtest6  (cost=34.35..3751.06 rows=967 width=121)
	              Recheck Cond: ((id >= 5187004) AND (id <= 5188003))
	              ->  Bitmap Index Scan on sbtest6_pkey  (cost=0.00..34.11 rows=967 width=0)
	                    Index Cond: ((id >= 5187004) AND (id <= 5188003))

table 7 : explain SELECT DISTINCT c FROM sbtest7 WHERE id BETWEEN 9539001 AND 9540000 ORDER BY c
	Unique  (cost=3938.73..3943.75 rows=1004 width=121)
	  ->  Sort  (cost=3938.73..3941.24 rows=1004 width=121)
	        Sort Key: c
	        ->  Bitmap Heap Scan on sbtest7  (cost=34.73..3888.68 rows=1004 width=121)
	              Recheck Cond: ((id >= 9539001) AND (id <= 9540000))
	              ->  Bitmap Index Scan on sbtest7_pkey  (cost=0.00..34.48 rows=1004 width=0)
	                    Index Cond: ((id >= 9539001) AND (id <= 9540000))

table 8 : explain SELECT DISTINCT c FROM sbtest8 WHERE id BETWEEN 2581734 AND 2582733 ORDER BY c
	Unique  (cost=4100.03..4105.26 rows=1046 width=121)
	  ->  Sort  (cost=4100.03..4102.65 rows=1046 width=121)
	        Sort Key: c
	        ->  Bitmap Heap Scan on sbtest8  (cost=35.16..4047.57 rows=1046 width=121)
	              Recheck Cond: ((id >= 2581734) AND (id <= 2582733))
	              ->  Bitmap Index Scan on sbtest8_pkey  (cost=0.00..34.90 rows=1046 width=0)
	                    Index Cond: ((id >= 2581734) AND (id <= 2582733))

for: order_ranges
table 1 : explain SELECT c FROM sbtest1 WHERE id BETWEEN 4877850 AND 4878849 ORDER BY c
	Sort  (cost=3659.42..3661.75 rows=932 width=121)
	  Sort Key: c
	  ->  Bitmap Heap Scan on sbtest1  (cost=29.99..3613.45 rows=932 width=121)
	        Recheck Cond: ((id >= 4877850) AND (id <= 4878849))
	        ->  Bitmap Index Scan on sbtest1_pkey  (cost=0.00..29.75 rows=932 width=0)
	              Index Cond: ((id >= 4877850) AND (id <= 4878849))

table 2 : explain SELECT c FROM sbtest2 WHERE id BETWEEN 9716629 AND 9717628 ORDER BY c
	Sort  (cost=4199.42..4202.10 rows=1072 width=121)
	  Sort Key: c
	  ->  Bitmap Heap Scan on sbtest2  (cost=35.42..4145.47 rows=1072 width=121)
	        Recheck Cond: ((id >= 9716629) AND (id <= 9717628))
	        ->  Bitmap Index Scan on sbtest2_pkey  (cost=0.00..35.16 rows=1072 width=0)
	              Index Cond: ((id >= 9716629) AND (id <= 9717628))

table 3 : explain SELECT c FROM sbtest3 WHERE id BETWEEN 2049805 AND 2050804 ORDER BY c
	Sort  (cost=3556.71..3558.97 rows=905 width=121)
	  Sort Key: c
	  ->  Bitmap Heap Scan on sbtest3  (cost=29.71..3512.27 rows=905 width=121)
	        Recheck Cond: ((id >= 2049805) AND (id <= 2050804))
	        ->  Bitmap Index Scan on sbtest3_pkey  (cost=0.00..29.48 rows=905 width=0)
	              Index Cond: ((id >= 2049805) AND (id <= 2050804))

table 4 : explain SELECT c FROM sbtest4 WHERE id BETWEEN 2447186 AND 2448185 ORDER BY c
	Sort  (cost=3824.01..3826.44 rows=972 width=121)
	  Sort Key: c
	  ->  Bitmap Heap Scan on sbtest4  (cost=34.40..3775.78 rows=972 width=121)
	        Recheck Cond: ((id >= 2447186) AND (id <= 2448185))
	        ->  Bitmap Index Scan on sbtest4_pkey  (cost=0.00..34.16 rows=972 width=0)
	              Index Cond: ((id >= 2447186) AND (id <= 2448185))

table 5 : explain SELECT c FROM sbtest5 WHERE id BETWEEN 7011419 AND 7012418 ORDER BY c
	Sort  (cost=3881.64..3884.10 rows=987 width=121)
	  Sort Key: c
	  ->  Bitmap Heap Scan on sbtest5  (cost=34.55..3832.55 rows=987 width=121)
	        Recheck Cond: ((id >= 7011419) AND (id <= 7012418))
	        ->  Bitmap Index Scan on sbtest5_pkey  (cost=0.00..34.31 rows=987 width=0)
	              Index Cond: ((id >= 7011419) AND (id <= 7012418))

table 6 : explain SELECT c FROM sbtest6 WHERE id BETWEEN 887827 AND 888826 ORDER BY c
	Sort  (cost=3568.77..3571.04 rows=908 width=121)
	  Sort Key: c
	  ->  Bitmap Heap Scan on sbtest6  (cost=29.74..3524.16 rows=908 width=121)
	        Recheck Cond: ((id >= 887827) AND (id <= 888826))
	        ->  Bitmap Index Scan on sbtest6_pkey  (cost=0.00..29.51 rows=908 width=0)
	              Index Cond: ((id >= 887827) AND (id <= 888826))

table 7 : explain SELECT c FROM sbtest7 WHERE id BETWEEN 8065728 AND 8066727 ORDER BY c
	Sort  (cost=3969.32..3971.85 rows=1012 width=121)
	  Sort Key: c
	  ->  Bitmap Heap Scan on sbtest7  (cost=34.81..3918.80 rows=1012 width=121)
	        Recheck Cond: ((id >= 8065728) AND (id <= 8066727))
	        ->  Bitmap Index Scan on sbtest7_pkey  (cost=0.00..34.56 rows=1012 width=0)
	              Index Cond: ((id >= 8065728) AND (id <= 8066727))

table 8 : explain SELECT c FROM sbtest8 WHERE id BETWEEN 9486129 AND 9487128 ORDER BY c
	Sort  (cost=4329.00..4331.76 rows=1106 width=121)
	  Sort Key: c
	  ->  Bitmap Heap Scan on sbtest8  (cost=35.77..4273.08 rows=1106 width=121)
	        Recheck Cond: ((id >= 9486129) AND (id <= 9487128))
	        ->  Bitmap Index Scan on sbtest8_pkey  (cost=0.00..35.50 rows=1106 width=0)
	              Index Cond: ((id >= 9486129) AND (id <= 9487128))

for: sum_ranges
table 1 : explain SELECT SUM(k) FROM sbtest1 WHERE id BETWEEN 8897659 AND 8898658
	Aggregate  (cost=4222.72..4222.73 rows=1 width=8)
	  ->  Bitmap Heap Scan on sbtest1  (cost=35.63..4219.99 rows=1092 width=4)
	        Recheck Cond: ((id >= 8897659) AND (id <= 8898658))
	        ->  Bitmap Index Scan on sbtest1_pkey  (cost=0.00..35.36 rows=1092 width=0)
	              Index Cond: ((id >= 8897659) AND (id <= 8898658))

table 2 : explain SELECT SUM(k) FROM sbtest2 WHERE id BETWEEN 3546073 AND 3547072
	Aggregate  (cost=3933.53..3933.54 rows=1 width=8)
	  ->  Bitmap Heap Scan on sbtest2  (cost=34.84..3930.99 rows=1015 width=4)
	        Recheck Cond: ((id >= 3546073) AND (id <= 3547072))
	        ->  Bitmap Index Scan on sbtest2_pkey  (cost=0.00..34.59 rows=1015 width=0)
	              Index Cond: ((id >= 3546073) AND (id <= 3547072))

table 3 : explain SELECT SUM(k) FROM sbtest3 WHERE id BETWEEN 3480844 AND 3481843
	Aggregate  (cost=3817.04..3817.05 rows=1 width=8)
	  ->  Bitmap Heap Scan on sbtest3  (cost=34.52..3814.58 rows=984 width=4)
	        Recheck Cond: ((id >= 3480844) AND (id <= 3481843))
	        ->  Bitmap Index Scan on sbtest3_pkey  (cost=0.00..34.28 rows=984 width=0)
	              Index Cond: ((id >= 3480844) AND (id <= 3481843))

table 4 : explain SELECT SUM(k) FROM sbtest4 WHERE id BETWEEN 4703506 AND 4704505
	Aggregate  (cost=3819.83..3819.84 rows=1 width=8)
	  ->  Bitmap Heap Scan on sbtest4  (cost=34.51..3817.37 rows=983 width=4)
	        Recheck Cond: ((id >= 4703506) AND (id <= 4704505))
	        ->  Bitmap Index Scan on sbtest4_pkey  (cost=0.00..34.27 rows=983 width=0)
	              Index Cond: ((id >= 4703506) AND (id <= 4704505))

table 5 : explain SELECT SUM(k) FROM sbtest5 WHERE id BETWEEN 4903306 AND 4904305
	Aggregate  (cost=4061.78..4061.79 rows=1 width=8)
	  ->  Bitmap Heap Scan on sbtest5  (cost=35.17..4059.16 rows=1047 width=4)
	        Recheck Cond: ((id >= 4903306) AND (id <= 4904305))
	        ->  Bitmap Index Scan on sbtest5_pkey  (cost=0.00..34.91 rows=1047 width=0)
	              Index Cond: ((id >= 4903306) AND (id <= 4904305))

table 6 : explain SELECT SUM(k) FROM sbtest6 WHERE id BETWEEN 876887 AND 877886
	Aggregate  (cost=3749.70..3749.71 rows=1 width=8)
	  ->  Bitmap Heap Scan on sbtest6  (cost=34.34..3747.28 rows=966 width=4)
	        Recheck Cond: ((id >= 876887) AND (id <= 877886))
	        ->  Bitmap Index Scan on sbtest6_pkey  (cost=0.00..34.09 rows=966 width=0)
	              Index Cond: ((id >= 876887) AND (id <= 877886))

table 7 : explain SELECT SUM(k) FROM sbtest7 WHERE id BETWEEN 6528788 AND 6529787
	Aggregate  (cost=3710.13..3710.14 rows=1 width=8)
	  ->  Bitmap Heap Scan on sbtest7  (cost=34.23..3707.74 rows=956 width=4)
	        Recheck Cond: ((id >= 6528788) AND (id <= 6529787))
	        ->  Bitmap Index Scan on sbtest7_pkey  (cost=0.00..34.00 rows=956 width=0)
	              Index Cond: ((id >= 6528788) AND (id <= 6529787))

table 8 : explain SELECT SUM(k) FROM sbtest8 WHERE id BETWEEN 1403987 AND 1404986
	Aggregate  (cost=3691.97..3691.98 rows=1 width=8)
	  ->  Bitmap Heap Scan on sbtest8  (cost=34.18..3689.59 rows=951 width=4)
	        Recheck Cond: ((id >= 1403987) AND (id <= 1404986))
	        ->  Bitmap Index Scan on sbtest8_pkey  (cost=0.00..33.95 rows=951 width=0)
	              Index Cond: ((id >= 1403987) AND (id <= 1404986))

for: sum_ranges
table 1 : explain SELECT SUM(k) FROM sbtest1 WHERE id BETWEEN 7061195 AND 7062194
	Aggregate  (cost=3932.96..3932.97 rows=1 width=8)
	  ->  Bitmap Heap Scan on sbtest1  (cost=34.84..3930.43 rows=1015 width=4)
	        Recheck Cond: ((id >= 7061195) AND (id <= 7062194))
	        ->  Bitmap Index Scan on sbtest1_pkey  (cost=0.00..34.59 rows=1015 width=0)
	              Index Cond: ((id >= 7061195) AND (id <= 7062194))

table 2 : explain SELECT SUM(k) FROM sbtest2 WHERE id BETWEEN 1026547 AND 1027546
	Aggregate  (cost=4054.07..4054.08 rows=1 width=8)
	  ->  Bitmap Heap Scan on sbtest2  (cost=35.17..4051.45 rows=1047 width=4)
	        Recheck Cond: ((id >= 1026547) AND (id <= 1027546))
	        ->  Bitmap Index Scan on sbtest2_pkey  (cost=0.00..34.91 rows=1047 width=0)
	              Index Cond: ((id >= 1026547) AND (id <= 1027546))

table 3 : explain SELECT SUM(k) FROM sbtest3 WHERE id BETWEEN 1466475 AND 1467474
	Aggregate  (cost=4062.03..4062.04 rows=1 width=8)
	  ->  Bitmap Heap Scan on sbtest3  (cost=35.19..4059.41 rows=1049 width=4)
	        Recheck Cond: ((id >= 1466475) AND (id <= 1467474))
	        ->  Bitmap Index Scan on sbtest3_pkey  (cost=0.00..34.93 rows=1049 width=0)
	              Index Cond: ((id >= 1466475) AND (id <= 1467474))

table 4 : explain SELECT SUM(k) FROM sbtest4 WHERE id BETWEEN 2126995 AND 2127994
	Aggregate  (cost=4491.65..4491.66 rows=1 width=8)
	  ->  Bitmap Heap Scan on sbtest4  (cost=40.34..4488.75 rows=1161 width=4)
	        Recheck Cond: ((id >= 2126995) AND (id <= 2127994))
	        ->  Bitmap Index Scan on sbtest4_pkey  (cost=0.00..40.05 rows=1161 width=0)
	              Index Cond: ((id >= 2126995) AND (id <= 2127994))

table 5 : explain SELECT SUM(k) FROM sbtest5 WHERE id BETWEEN 4007542 AND 4008541
	Aggregate  (cost=4061.78..4061.79 rows=1 width=8)
	  ->  Bitmap Heap Scan on sbtest5  (cost=35.17..4059.16 rows=1047 width=4)
	        Recheck Cond: ((id >= 4007542) AND (id <= 4008541))
	        ->  Bitmap Index Scan on sbtest5_pkey  (cost=0.00..34.91 rows=1047 width=0)
	              Index Cond: ((id >= 4007542) AND (id <= 4008541))

table 6 : explain SELECT SUM(k) FROM sbtest6 WHERE id BETWEEN 8479895 AND 8480894
	Aggregate  (cost=3628.78..3628.79 rows=1 width=8)
	  ->  Bitmap Heap Scan on sbtest6  (cost=34.01..3626.44 rows=934 width=4)
	        Recheck Cond: ((id >= 8479895) AND (id <= 8480894))
	        ->  Bitmap Index Scan on sbtest6_pkey  (cost=0.00..33.78 rows=934 width=0)
	              Index Cond: ((id >= 8479895) AND (id <= 8480894))

table 7 : explain SELECT SUM(k) FROM sbtest7 WHERE id BETWEEN 2042445 AND 2043444
	Aggregate  (cost=3808.24..3808.25 rows=1 width=8)
	  ->  Bitmap Heap Scan on sbtest7  (cost=34.50..3805.79 rows=982 width=4)
	        Recheck Cond: ((id >= 2042445) AND (id <= 2043444))
	        ->  Bitmap Index Scan on sbtest7_pkey  (cost=0.00..34.26 rows=982 width=0)
	              Index Cond: ((id >= 2042445) AND (id <= 2043444))

table 8 : explain SELECT SUM(k) FROM sbtest8 WHERE id BETWEEN 5540122 AND 5541121
	Aggregate  (cost=3982.40..3982.41 rows=1 width=8)
	  ->  Bitmap Heap Scan on sbtest8  (cost=34.97..3979.83 rows=1028 width=4)
	        Recheck Cond: ((id >= 5540122) AND (id <= 5541121))
	        ->  Bitmap Index Scan on sbtest8_pkey  (cost=0.00..34.72 rows=1028 width=0)
	              Index Cond: ((id >= 5540122) AND (id <= 5541121))

for: order_ranges
table 1 : explain SELECT c FROM sbtest1 WHERE id BETWEEN 7800452 AND 7801451 ORDER BY c
	Sort  (cost=3667.08..3669.42 rows=934 width=121)
	  Sort Key: c
	  ->  Bitmap Heap Scan on sbtest1  (cost=30.01..3621.00 rows=934 width=121)
	        Recheck Cond: ((id >= 7800452) AND (id <= 7801451))
	        ->  Bitmap Index Scan on sbtest1_pkey  (cost=0.00..29.77 rows=934 width=0)
	              Index Cond: ((id >= 7800452) AND (id <= 7801451))

table 2 : explain SELECT c FROM sbtest2 WHERE id BETWEEN 9127609 AND 9128608 ORDER BY c
	Sort  (cost=4332.93..4335.70 rows=1107 width=121)
	  Sort Key: c
	  ->  Bitmap Heap Scan on sbtest2  (cost=35.78..4276.96 rows=1107 width=121)
	        Recheck Cond: ((id >= 9127609) AND (id <= 9128608))
	        ->  Bitmap Index Scan on sbtest2_pkey  (cost=0.00..35.51 rows=1107 width=0)
	              Index Cond: ((id >= 9127609) AND (id <= 9128608))

table 3 : explain SELECT c FROM sbtest3 WHERE id BETWEEN 804885 AND 805884 ORDER BY c
	Sort  (cost=3679.62..3681.96 rows=936 width=121)
	  Sort Key: c
	  ->  Bitmap Heap Scan on sbtest3  (cost=34.03..3633.42 rows=936 width=121)
	        Recheck Cond: ((id >= 804885) AND (id <= 805884))
	        ->  Bitmap Index Scan on sbtest3_pkey  (cost=0.00..33.80 rows=936 width=0)
	              Index Cond: ((id >= 804885) AND (id <= 805884))

table 4 : explain SELECT c FROM sbtest4 WHERE id BETWEEN 5475805 AND 5476804 ORDER BY c
	Sort  (cost=3751.04..3753.43 rows=953 width=121)
	  Sort Key: c
	  ->  Bitmap Heap Scan on sbtest4  (cost=34.20..3703.89 rows=953 width=121)
	        Recheck Cond: ((id >= 5475805) AND (id <= 5476804))
	        ->  Bitmap Index Scan on sbtest4_pkey  (cost=0.00..33.97 rows=953 width=0)
	              Index Cond: ((id >= 5475805) AND (id <= 5476804))

table 5 : explain SELECT c FROM sbtest5 WHERE id BETWEEN 4103004 AND 4104003 ORDER BY c
	Sort  (cost=3985.21..3987.74 rows=1014 width=121)
	  Sort Key: c
	  ->  Bitmap Heap Scan on sbtest5  (cost=34.83..3934.58 rows=1014 width=121)
	        Recheck Cond: ((id >= 4103004) AND (id <= 4104003))
	        ->  Bitmap Index Scan on sbtest5_pkey  (cost=0.00..34.58 rows=1014 width=0)
	              Index Cond: ((id >= 4103004) AND (id <= 4104003))

table 6 : explain SELECT c FROM sbtest6 WHERE id BETWEEN 8320358 AND 8321357 ORDER BY c
	Sort  (cost=4070.69..4073.29 rows=1038 width=121)
	  Sort Key: c
	  ->  Bitmap Heap Scan on sbtest6  (cost=35.07..4018.69 rows=1038 width=121)
	        Recheck Cond: ((id >= 8320358) AND (id <= 8321357))
	        ->  Bitmap Index Scan on sbtest6_pkey  (cost=0.00..34.82 rows=1038 width=0)
	              Index Cond: ((id >= 8320358) AND (id <= 8321357))

table 7 : explain SELECT c FROM sbtest7 WHERE id BETWEEN 9909286 AND 9910285 ORDER BY c
	Sort  (cost=3896.67..3899.15 rows=993 width=121)
	  Sort Key: c
	  ->  Bitmap Heap Scan on sbtest7  (cost=34.61..3847.24 rows=993 width=121)
	        Recheck Cond: ((id >= 9909286) AND (id <= 9910285))
	        ->  Bitmap Index Scan on sbtest7_pkey  (cost=0.00..34.37 rows=993 width=0)
	              Index Cond: ((id >= 9909286) AND (id <= 9910285))

table 8 : explain SELECT c FROM sbtest8 WHERE id BETWEEN 8589481 AND 8590480 ORDER BY c
	Sort  (cost=3813.23..3815.66 rows=971 width=121)
	  Sort Key: c
	  ->  Bitmap Heap Scan on sbtest8  (cost=34.39..3765.05 rows=971 width=121)
	        Recheck Cond: ((id >= 8589481) AND (id <= 8590480))
	        ->  Bitmap Index Scan on sbtest8_pkey  (cost=0.00..34.15 rows=971 width=0)
	              Index Cond: ((id >= 8589481) AND (id <= 8590480))

for: distinct_ranges
table 1 : explain SELECT DISTINCT c FROM sbtest1 WHERE id BETWEEN 6631939 AND 6632938 ORDER BY c
	Unique  (cost=3452.26..3456.65 rows=878 width=121)
	  ->  Sort  (cost=3452.26..3454.45 rows=878 width=121)
	        Sort Key: c
	        ->  Bitmap Heap Scan on sbtest1  (cost=29.43..3409.33 rows=878 width=121)
	              Recheck Cond: ((id >= 6631939) AND (id <= 6632938))
	              ->  Bitmap Index Scan on sbtest1_pkey  (cost=0.00..29.21 rows=878 width=0)
	                    Index Cond: ((id >= 6631939) AND (id <= 6632938))

table 2 : explain SELECT DISTINCT c FROM sbtest2 WHERE id BETWEEN 6693833 AND 6694832 ORDER BY c
	Unique  (cost=3755.89..3760.67 rows=956 width=121)
	  ->  Sort  (cost=3755.89..3758.28 rows=956 width=121)
	        Sort Key: c
	        ->  Bitmap Heap Scan on sbtest2  (cost=34.23..3708.56 rows=956 width=121)
	              Recheck Cond: ((id >= 6693833) AND (id <= 6694832))
	              ->  Bitmap Index Scan on sbtest2_pkey  (cost=0.00..34.00 rows=956 width=0)
	                    Index Cond: ((id >= 6693833) AND (id <= 6694832))

table 3 : explain SELECT DISTINCT c FROM sbtest3 WHERE id BETWEEN 3570252 AND 3571251 ORDER BY c
	Unique  (cost=3913.24..3918.23 rows=997 width=121)
	  ->  Sort  (cost=3913.24..3915.74 rows=997 width=121)
	        Sort Key: c
	        ->  Bitmap Heap Scan on sbtest3  (cost=34.65..3863.59 rows=997 width=121)
	              Recheck Cond: ((id >= 3570252) AND (id <= 3571251))
	              ->  Bitmap Index Scan on sbtest3_pkey  (cost=0.00..34.41 rows=997 width=0)
	                    Index Cond: ((id >= 3570252) AND (id <= 3571251))

table 4 : explain SELECT DISTINCT c FROM sbtest4 WHERE id BETWEEN 4453922 AND 4454921 ORDER BY c
	Unique  (cost=3697.25..3701.95 rows=939 width=121)
	  ->  Sort  (cost=3697.25..3699.60 rows=939 width=121)
	        Sort Key: c
	        ->  Bitmap Heap Scan on sbtest4  (cost=34.06..3650.89 rows=939 width=121)
	              Recheck Cond: ((id >= 4453922) AND (id <= 4454921))
	              ->  Bitmap Index Scan on sbtest4_pkey  (cost=0.00..33.83 rows=939 width=0)
	                    Index Cond: ((id >= 4453922) AND (id <= 4454921))

table 5 : explain SELECT DISTINCT c FROM sbtest5 WHERE id BETWEEN 8153417 AND 8154416 ORDER BY c
	Unique  (cost=3527.93..3532.41 rows=896 width=121)
	  ->  Sort  (cost=3527.93..3530.17 rows=896 width=121)
	        Sort Key: c
	        ->  Bitmap Heap Scan on sbtest5  (cost=29.62..3483.99 rows=896 width=121)
	              Recheck Cond: ((id >= 8153417) AND (id <= 8154416))
	              ->  Bitmap Index Scan on sbtest5_pkey  (cost=0.00..29.39 rows=896 width=0)
	                    Index Cond: ((id >= 8153417) AND (id <= 8154416))

table 6 : explain SELECT DISTINCT c FROM sbtest6 WHERE id BETWEEN 6567080 AND 6568079 ORDER BY c
	Unique  (cost=4483.09..4488.82 rows=1146 width=121)
	  ->  Sort  (cost=4483.09..4485.95 rows=1146 width=121)
	        Sort Key: c
	        ->  Bitmap Heap Scan on sbtest6  (cost=40.18..4424.86 rows=1146 width=121)
	              Recheck Cond: ((id >= 6567080) AND (id <= 6568079))
	              ->  Bitmap Index Scan on sbtest6_pkey  (cost=0.00..39.90 rows=1146 width=0)
	                    Index Cond: ((id >= 6567080) AND (id <= 6568079))

table 7 : explain SELECT DISTINCT c FROM sbtest7 WHERE id BETWEEN 1274074 AND 1275073 ORDER BY c
	Unique  (cost=3751.24..3756.01 rows=955 width=121)
	  ->  Sort  (cost=3751.24..3753.63 rows=955 width=121)
	        Sort Key: c
	        ->  Bitmap Heap Scan on sbtest7  (cost=34.22..3703.97 rows=955 width=121)
	              Recheck Cond: ((id >= 1274074) AND (id <= 1275073))
	              ->  Bitmap Index Scan on sbtest7_pkey  (cost=0.00..33.98 rows=955 width=0)
	                    Index Cond: ((id >= 1274074) AND (id <= 1275073))

table 8 : explain SELECT DISTINCT c FROM sbtest8 WHERE id BETWEEN 6593133 AND 6594132 ORDER BY c
	Unique  (cost=4096.21..4101.44 rows=1045 width=121)
	  ->  Sort  (cost=4096.21..4098.83 rows=1045 width=121)
	        Sort Key: c
	        ->  Bitmap Heap Scan on sbtest8  (cost=35.15..4043.81 rows=1045 width=121)
	              Recheck Cond: ((id >= 6593133) AND (id <= 6594132))
	              ->  Bitmap Index Scan on sbtest8_pkey  (cost=0.00..34.89 rows=1045 width=0)
	                    Index Cond: ((id >= 6593133) AND (id <= 6594132))

for: distinct_ranges
table 1 : explain SELECT DISTINCT c FROM sbtest1 WHERE id BETWEEN 1405509 AND 1406508 ORDER BY c
	Unique  (cost=4011.69..4016.80 rows=1023 width=121)
	  ->  Sort  (cost=4011.69..4014.25 rows=1023 width=121)
	        Sort Key: c
	        ->  Bitmap Heap Scan on sbtest1  (cost=34.92..3960.55 rows=1023 width=121)
	              Recheck Cond: ((id >= 1405509) AND (id <= 1406508))
	              ->  Bitmap Index Scan on sbtest1_pkey  (cost=0.00..34.67 rows=1023 width=0)
	                    Index Cond: ((id >= 1405509) AND (id <= 1406508))

table 2 : explain SELECT DISTINCT c FROM sbtest2 WHERE id BETWEEN 3217417 AND 3218416 ORDER BY c
	Unique  (cost=3962.56..3967.61 rows=1010 width=121)
	  ->  Sort  (cost=3962.56..3965.09 rows=1010 width=121)
	        Sort Key: c
	        ->  Bitmap Heap Scan on sbtest2  (cost=34.79..3912.16 rows=1010 width=121)
	              Recheck Cond: ((id >= 3217417) AND (id <= 3218416))
	              ->  Bitmap Index Scan on sbtest2_pkey  (cost=0.00..34.54 rows=1010 width=0)
	                    Index Cond: ((id >= 3217417) AND (id <= 3218416))

table 3 : explain SELECT DISTINCT c FROM sbtest3 WHERE id BETWEEN 1207904 AND 1208903 ORDER BY c
	Unique  (cost=3832.87..3837.75 rows=976 width=121)
	  ->  Sort  (cost=3832.87..3835.31 rows=976 width=121)
	        Sort Key: c
	        ->  Bitmap Heap Scan on sbtest3  (cost=34.44..3784.40 rows=976 width=121)
	              Recheck Cond: ((id >= 1207904) AND (id <= 1208903))
	              ->  Bitmap Index Scan on sbtest3_pkey  (cost=0.00..34.20 rows=976 width=0)
	                    Index Cond: ((id >= 1207904) AND (id <= 1208903))

table 4 : explain SELECT DISTINCT c FROM sbtest4 WHERE id BETWEEN 5878756 AND 5879755 ORDER BY c
	Unique  (cost=3927.63..3932.62 rows=999 width=121)
	  ->  Sort  (cost=3927.63..3930.12 rows=999 width=121)
	        Sort Key: c
	        ->  Bitmap Heap Scan on sbtest4  (cost=34.67..3877.86 rows=999 width=121)
	              Recheck Cond: ((id >= 5878756) AND (id <= 5879755))
	              ->  Bitmap Index Scan on sbtest4_pkey  (cost=0.00..34.43 rows=999 width=0)
	                    Index Cond: ((id >= 5878756) AND (id <= 5879755))

table 5 : explain SELECT DISTINCT c FROM sbtest5 WHERE id BETWEEN 2397575 AND 2398574 ORDER BY c
	Unique  (cost=3900.82..3905.78 rows=992 width=121)
	  ->  Sort  (cost=3900.82..3903.30 rows=992 width=121)
	        Sort Key: c
	        ->  Bitmap Heap Scan on sbtest5  (cost=34.60..3851.45 rows=992 width=121)
	              Recheck Cond: ((id >= 2397575) AND (id <= 2398574))
	              ->  Bitmap Index Scan on sbtest5_pkey  (cost=0.00..34.36 rows=992 width=0)
	                    Index Cond: ((id >= 2397575) AND (id <= 2398574))

table 6 : explain SELECT DISTINCT c FROM sbtest6 WHERE id BETWEEN 5218959 AND 5219958 ORDER BY c
	Unique  (cost=3806.67..3811.51 rows=969 width=121)
	  ->  Sort  (cost=3806.67..3809.09 rows=969 width=121)
	        Sort Key: c
	        ->  Bitmap Heap Scan on sbtest6  (cost=34.37..3758.61 rows=969 width=121)
	              Recheck Cond: ((id >= 5218959) AND (id <= 5219958))
	              ->  Bitmap Index Scan on sbtest6_pkey  (cost=0.00..34.12 rows=969 width=0)
	                    Index Cond: ((id >= 5218959) AND (id <= 5219958))

table 7 : explain SELECT DISTINCT c FROM sbtest7 WHERE id BETWEEN 8555852 AND 8556851 ORDER BY c
	Unique  (cost=3409.75..3414.09 rows=867 width=121)
	  ->  Sort  (cost=3409.75..3411.92 rows=867 width=121)
	        Sort Key: c
	        ->  Bitmap Heap Scan on sbtest7  (cost=29.32..3367.44 rows=867 width=121)
	              Recheck Cond: ((id >= 8555852) AND (id <= 8556851))
	              ->  Bitmap Index Scan on sbtest7_pkey  (cost=0.00..29.11 rows=867 width=0)
	                    Index Cond: ((id >= 8555852) AND (id <= 8556851))

table 8 : explain SELECT DISTINCT c FROM sbtest8 WHERE id BETWEEN 5649936 AND 5650935 ORDER BY c
	Unique  (cost=3840.03..3844.92 rows=978 width=121)
	  ->  Sort  (cost=3840.03..3842.47 rows=978 width=121)
	        Sort Key: c
	        ->  Bitmap Heap Scan on sbtest8  (cost=34.46..3791.45 rows=978 width=121)
	              Recheck Cond: ((id >= 5649936) AND (id <= 5650935))
	              ->  Bitmap Index Scan on sbtest8_pkey  (cost=0.00..34.22 rows=978 width=0)
	                    Index Cond: ((id >= 5649936) AND (id <= 5650935))

for: order_ranges
table 1 : explain SELECT c FROM sbtest1 WHERE id BETWEEN 120170 AND 121169 ORDER BY c
	Sort  (cost=3923.76..3926.26 rows=1000 width=121)
	  Sort Key: c
	  ->  Bitmap Heap Scan on sbtest1  (cost=34.69..3873.93 rows=1000 width=121)
	        Recheck Cond: ((id >= 120170) AND (id <= 121169))
	        ->  Bitmap Index Scan on sbtest1_pkey  (cost=0.00..34.44 rows=1000 width=0)
	              Index Cond: ((id >= 120170) AND (id <= 121169))

table 2 : explain SELECT c FROM sbtest2 WHERE id BETWEEN 5904590 AND 5905589 ORDER BY c
	Sort  (cost=4352.08..4354.86 rows=1113 width=121)
	  Sort Key: c
	  ->  Bitmap Heap Scan on sbtest2  (cost=35.84..4295.76 rows=1113 width=121)
	        Recheck Cond: ((id >= 5904590) AND (id <= 5905589))
	        ->  Bitmap Index Scan on sbtest2_pkey  (cost=0.00..35.57 rows=1113 width=0)
	              Index Cond: ((id >= 5904590) AND (id <= 5905589))

table 3 : explain SELECT c FROM sbtest3 WHERE id BETWEEN 2752244 AND 2753243 ORDER BY c
	Sort  (cost=3974.45..3976.98 rows=1013 width=121)
	  Sort Key: c
	  ->  Bitmap Heap Scan on sbtest3  (cost=34.82..3923.88 rows=1013 width=121)
	        Recheck Cond: ((id >= 2752244) AND (id <= 2753243))
	        ->  Bitmap Index Scan on sbtest3_pkey  (cost=0.00..34.57 rows=1013 width=0)
	              Index Cond: ((id >= 2752244) AND (id <= 2753243))

table 4 : explain SELECT c FROM sbtest4 WHERE id BETWEEN 1879330 AND 1880329 ORDER BY c
	Sort  (cost=3923.79..3926.29 rows=998 width=121)
	  Sort Key: c
	  ->  Bitmap Heap Scan on sbtest4  (cost=34.66..3874.08 rows=998 width=121)
	        Recheck Cond: ((id >= 1879330) AND (id <= 1880329))
	        ->  Bitmap Index Scan on sbtest4_pkey  (cost=0.00..34.42 rows=998 width=0)
	              Index Cond: ((id >= 1879330) AND (id <= 1880329))

table 5 : explain SELECT c FROM sbtest5 WHERE id BETWEEN 9047723 AND 9048722 ORDER BY c
	Sort  (cost=4123.17..4125.80 rows=1050 width=121)
	  Sort Key: c
	  ->  Bitmap Heap Scan on sbtest5  (cost=35.20..4070.48 rows=1050 width=121)
	        Recheck Cond: ((id >= 9047723) AND (id <= 9048722))
	        ->  Bitmap Index Scan on sbtest5_pkey  (cost=0.00..34.94 rows=1050 width=0)
	              Index Cond: ((id >= 9047723) AND (id <= 9048722))

table 6 : explain SELECT c FROM sbtest6 WHERE id BETWEEN 3347191 AND 3348190 ORDER BY c
	Sort  (cost=4231.12..4233.82 rows=1080 width=121)
	  Sort Key: c
	  ->  Bitmap Heap Scan on sbtest6  (cost=35.51..4176.71 rows=1080 width=121)
	        Recheck Cond: ((id >= 3347191) AND (id <= 3348190))
	        ->  Bitmap Index Scan on sbtest6_pkey  (cost=0.00..35.23 rows=1080 width=0)
	              Index Cond: ((id >= 3347191) AND (id <= 3348190))

table 7 : explain SELECT c FROM sbtest7 WHERE id BETWEEN 5695463 AND 5696462 ORDER BY c
	Sort  (cost=4041.92..4044.50 rows=1031 width=121)
	  Sort Key: c
	  ->  Bitmap Heap Scan on sbtest7  (cost=35.00..3990.32 rows=1031 width=121)
	        Recheck Cond: ((id >= 5695463) AND (id <= 5696462))
	        ->  Bitmap Index Scan on sbtest7_pkey  (cost=0.00..34.75 rows=1031 width=0)
	              Index Cond: ((id >= 5695463) AND (id <= 5696462))

table 8 : explain SELECT c FROM sbtest8 WHERE id BETWEEN 8507169 AND 8508168 ORDER BY c
	Sort  (cost=4084.76..4087.36 rows=1042 width=121)
	  Sort Key: c
	  ->  Bitmap Heap Scan on sbtest8  (cost=35.12..4032.52 rows=1042 width=121)
	        Recheck Cond: ((id >= 8507169) AND (id <= 8508168))
	        ->  Bitmap Index Scan on sbtest8_pkey  (cost=0.00..34.86 rows=1042 width=0)
	              Index Cond: ((id >= 8507169) AND (id <= 8508168))

for: order_ranges
table 1 : explain SELECT c FROM sbtest1 WHERE id BETWEEN 3833035 AND 3834034 ORDER BY c
	Sort  (cost=4336.18..4338.95 rows=1109 width=121)
	  Sort Key: c
	  ->  Bitmap Heap Scan on sbtest1  (cost=35.80..4280.09 rows=1109 width=121)
	        Recheck Cond: ((id >= 3833035) AND (id <= 3834034))
	        ->  Bitmap Index Scan on sbtest1_pkey  (cost=0.00..35.53 rows=1109 width=0)
	              Index Cond: ((id >= 3833035) AND (id <= 3834034))

table 2 : explain SELECT c FROM sbtest2 WHERE id BETWEEN 9277855 AND 9278854 ORDER BY c
	Sort  (cost=3870.75..3873.21 rows=986 width=121)
	  Sort Key: c
	  ->  Bitmap Heap Scan on sbtest2  (cost=34.54..3821.72 rows=986 width=121)
	        Recheck Cond: ((id >= 9277855) AND (id <= 9278854))
	        ->  Bitmap Index Scan on sbtest2_pkey  (cost=0.00..34.30 rows=986 width=0)
	              Index Cond: ((id >= 9277855) AND (id <= 9278854))

table 3 : explain SELECT c FROM sbtest3 WHERE id BETWEEN 1160952 AND 1161951 ORDER BY c
	Sort  (cost=3756.27..3758.66 rows=956 width=121)
	  Sort Key: c
	  ->  Bitmap Heap Scan on sbtest3  (cost=34.23..3708.94 rows=956 width=121)
	        Recheck Cond: ((id >= 1160952) AND (id <= 1161951))
	        ->  Bitmap Index Scan on sbtest3_pkey  (cost=0.00..34.00 rows=956 width=0)
	              Index Cond: ((id >= 1160952) AND (id <= 1161951))

table 4 : explain SELECT c FROM sbtest4 WHERE id BETWEEN 881161 AND 882160 ORDER BY c
	Sort  (cost=3643.44..3645.75 rows=925 width=121)
	  Sort Key: c
	  ->  Bitmap Heap Scan on sbtest4  (cost=33.92..3597.86 rows=925 width=121)
	        Recheck Cond: ((id >= 881161) AND (id <= 882160))
	        ->  Bitmap Index Scan on sbtest4_pkey  (cost=0.00..33.69 rows=925 width=0)
	              Index Cond: ((id >= 881161) AND (id <= 882160))

table 5 : explain SELECT c FROM sbtest5 WHERE id BETWEEN 9070580 AND 9071579 ORDER BY c
	Sort  (cost=4123.17..4125.80 rows=1050 width=121)
	  Sort Key: c
	  ->  Bitmap Heap Scan on sbtest5  (cost=35.20..4070.48 rows=1050 width=121)
	        Recheck Cond: ((id >= 9070580) AND (id <= 9071579))
	        ->  Bitmap Index Scan on sbtest5_pkey  (cost=0.00..34.94 rows=1050 width=0)
	              Index Cond: ((id >= 9070580) AND (id <= 9071579))

table 6 : explain SELECT c FROM sbtest6 WHERE id BETWEEN 6587640 AND 6588639 ORDER BY c
	Sort  (cost=4483.09..4485.95 rows=1146 width=121)
	  Sort Key: c
	  ->  Bitmap Heap Scan on sbtest6  (cost=40.18..4424.86 rows=1146 width=121)
	        Recheck Cond: ((id >= 6587640) AND (id <= 6588639))
	        ->  Bitmap Index Scan on sbtest6_pkey  (cost=0.00..39.90 rows=1146 width=0)
	              Index Cond: ((id >= 6587640) AND (id <= 6588639))

table 7 : explain SELECT c FROM sbtest7 WHERE id BETWEEN 1870410 AND 1871409 ORDER BY c
	Sort  (cost=3724.43..3726.80 rows=948 width=121)
	  Sort Key: c
	  ->  Bitmap Heap Scan on sbtest7  (cost=34.15..3677.56 rows=948 width=121)
	        Recheck Cond: ((id >= 1870410) AND (id <= 1871409))
	        ->  Bitmap Index Scan on sbtest7_pkey  (cost=0.00..33.92 rows=948 width=0)
	              Index Cond: ((id >= 1870410) AND (id <= 1871409))

table 8 : explain SELECT c FROM sbtest8 WHERE id BETWEEN 8946240 AND 8947239 ORDER BY c
	Sort  (cost=4195.49..4198.16 rows=1071 width=121)
	  Sort Key: c
	  ->  Bitmap Heap Scan on sbtest8  (cost=35.41..4141.59 rows=1071 width=121)
	        Recheck Cond: ((id >= 8946240) AND (id <= 8947239))
	        ->  Bitmap Index Scan on sbtest8_pkey  (cost=0.00..35.15 rows=1071 width=0)
	              Index Cond: ((id >= 8946240) AND (id <= 8947239))

for: distinct_ranges
table 1 : explain SELECT DISTINCT c FROM sbtest1 WHERE id BETWEEN 5580976 AND 5581975 ORDER BY c
	Unique  (cost=3935.23..3940.25 rows=1003 width=121)
	  ->  Sort  (cost=3935.23..3937.74 rows=1003 width=121)
	        Sort Key: c
	        ->  Bitmap Heap Scan on sbtest1  (cost=34.72..3885.23 rows=1003 width=121)
	              Recheck Cond: ((id >= 5580976) AND (id <= 5581975))
	              ->  Bitmap Index Scan on sbtest1_pkey  (cost=0.00..34.47 rows=1003 width=0)
	                    Index Cond: ((id >= 5580976) AND (id <= 5581975))

table 2 : explain SELECT DISTINCT c FROM sbtest2 WHERE id BETWEEN 5669732 AND 5670731 ORDER BY c
	Unique  (cost=4123.06..4128.32 rows=1052 width=121)
	  ->  Sort  (cost=4123.06..4125.69 rows=1052 width=121)
	        Sort Key: c
	        ->  Bitmap Heap Scan on sbtest2  (cost=35.22..4070.26 rows=1052 width=121)
	              Recheck Cond: ((id >= 5669732) AND (id <= 5670731))
	              ->  Bitmap Index Scan on sbtest2_pkey  (cost=0.00..34.95 rows=1052 width=0)
	                    Index Cond: ((id >= 5669732) AND (id <= 5670731))

table 3 : explain SELECT DISTINCT c FROM sbtest3 WHERE id BETWEEN 7398528 AND 7399527 ORDER BY c
	Unique  (cost=4157.88..4163.18 rows=1061 width=121)
	  ->  Sort  (cost=4157.88..4160.53 rows=1061 width=121)
	        Sort Key: c
	        ->  Bitmap Heap Scan on sbtest3  (cost=35.31..4104.55 rows=1061 width=121)
	              Recheck Cond: ((id >= 7398528) AND (id <= 7399527))
	              ->  Bitmap Index Scan on sbtest3_pkey  (cost=0.00..35.05 rows=1061 width=0)
	                    Index Cond: ((id >= 7398528) AND (id <= 7399527))

table 4 : explain SELECT DISTINCT c FROM sbtest4 WHERE id BETWEEN 5736642 AND 5737641 ORDER BY c
	Unique  (cost=4402.60..4408.21 rows=1122 width=121)
	  ->  Sort  (cost=4402.60..4405.41 rows=1122 width=121)
	        Sort Key: c
	        ->  Bitmap Heap Scan on sbtest4  (cost=39.94..4345.76 rows=1122 width=121)
	              Recheck Cond: ((id >= 5736642) AND (id <= 5737641))
	              ->  Bitmap Index Scan on sbtest4_pkey  (cost=0.00..39.66 rows=1122 width=0)
	                    Index Cond: ((id >= 5736642) AND (id <= 5737641))

table 5 : explain SELECT DISTINCT c FROM sbtest5 WHERE id BETWEEN 7641138 AND 7642137 ORDER BY c
	Unique  (cost=3681.92..3686.60 rows=935 width=121)
	  ->  Sort  (cost=3681.92..3684.26 rows=935 width=121)
	        Sort Key: c
	        ->  Bitmap Heap Scan on sbtest5  (cost=34.02..3635.79 rows=935 width=121)
	              Recheck Cond: ((id >= 7641138) AND (id <= 7642137))
	              ->  Bitmap Index Scan on sbtest5_pkey  (cost=0.00..33.79 rows=935 width=0)
	                    Index Cond: ((id >= 7641138) AND (id <= 7642137))

table 6 : explain SELECT DISTINCT c FROM sbtest6 WHERE id BETWEEN 8019443 AND 8020442 ORDER BY c
	Unique  (cost=3898.57..3903.53 rows=993 width=121)
	  ->  Sort  (cost=3898.57..3901.05 rows=993 width=121)
	        Sort Key: c
	        ->  Bitmap Heap Scan on sbtest6  (cost=34.61..3849.14 rows=993 width=121)
	              Recheck Cond: ((id >= 8019443) AND (id <= 8020442))
	              ->  Bitmap Index Scan on sbtest6_pkey  (cost=0.00..34.37 rows=993 width=0)
	                    Index Cond: ((id >= 8019443) AND (id <= 8020442))

table 7 : explain SELECT DISTINCT c FROM sbtest7 WHERE id BETWEEN 9360742 AND 9361741 ORDER BY c
	Unique  (cost=4400.77..4406.39 rows=1125 width=121)
	  ->  Sort  (cost=4400.77..4403.58 rows=1125 width=121)
	        Sort Key: c
	        ->  Bitmap Heap Scan on sbtest7  (cost=39.97..4343.75 rows=1125 width=121)
	              Recheck Cond: ((id >= 9360742) AND (id <= 9361741))
	              ->  Bitmap Index Scan on sbtest7_pkey  (cost=0.00..39.69 rows=1125 width=0)
	                    Index Cond: ((id >= 9360742) AND (id <= 9361741))

table 8 : explain SELECT DISTINCT c FROM sbtest8 WHERE id BETWEEN 1274017 AND 1275016 ORDER BY c
	Unique  (cost=3801.74..3806.58 rows=968 width=121)
	  ->  Sort  (cost=3801.74..3804.16 rows=968 width=121)
	        Sort Key: c
	        ->  Bitmap Heap Scan on sbtest8  (cost=34.36..3753.74 rows=968 width=121)
	              Recheck Cond: ((id >= 1274017) AND (id <= 1275016))
	              ->  Bitmap Index Scan on sbtest8_pkey  (cost=0.00..34.12 rows=968 width=0)
	                    Index Cond: ((id >= 1274017) AND (id <= 1275016))

for: distinct_ranges
table 1 : explain SELECT DISTINCT c FROM sbtest1 WHERE id BETWEEN 8929097 AND 8930096 ORDER BY c
	Unique  (cost=4275.10..4280.56 rows=1092 width=121)
	  ->  Sort  (cost=4275.10..4277.83 rows=1092 width=121)
	        Sort Key: c
	        ->  Bitmap Heap Scan on sbtest1  (cost=35.63..4219.99 rows=1092 width=121)
	              Recheck Cond: ((id >= 8929097) AND (id <= 8930096))
	              ->  Bitmap Index Scan on sbtest1_pkey  (cost=0.00..35.36 rows=1092 width=0)
	                    Index Cond: ((id >= 8929097) AND (id <= 8930096))

table 2 : explain SELECT DISTINCT c FROM sbtest2 WHERE id BETWEEN 705059 AND 706058 ORDER BY c
	Unique  (cost=3686.91..3691.60 rows=938 width=121)
	  ->  Sort  (cost=3686.91..3689.26 rows=938 width=121)
	        Sort Key: c
	        ->  Bitmap Heap Scan on sbtest2  (cost=34.05..3640.61 rows=938 width=121)
	              Recheck Cond: ((id >= 705059) AND (id <= 706058))
	              ->  Bitmap Index Scan on sbtest2_pkey  (cost=0.00..33.82 rows=938 width=0)
	                    Index Cond: ((id >= 705059) AND (id <= 706058))

table 3 : explain SELECT DISTINCT c FROM sbtest3 WHERE id BETWEEN 4952027 AND 4953026 ORDER BY c
	Unique  (cost=4165.51..4170.83 rows=1063 width=121)
	  ->  Sort  (cost=4165.51..4168.17 rows=1063 width=121)
	        Sort Key: c
	        ->  Bitmap Heap Scan on sbtest3  (cost=35.33..4112.08 rows=1063 width=121)
	              Recheck Cond: ((id >= 4952027) AND (id <= 4953026))
	              ->  Bitmap Index Scan on sbtest3_pkey  (cost=0.00..35.07 rows=1063 width=0)
	                    Index Cond: ((id >= 4952027) AND (id <= 4953026))

table 4 : explain SELECT DISTINCT c FROM sbtest4 WHERE id BETWEEN 6988615 AND 6989614 ORDER BY c
	Unique  (cost=4084.81..4090.01 rows=1040 width=121)
	  ->  Sort  (cost=4084.81..4087.41 rows=1040 width=121)
	        Sort Key: c
	        ->  Bitmap Heap Scan on sbtest4  (cost=35.09..4032.69 rows=1040 width=121)
	              Recheck Cond: ((id >= 6988615) AND (id <= 6989614))
	              ->  Bitmap Index Scan on sbtest4_pkey  (cost=0.00..34.84 rows=1040 width=0)
	                    Index Cond: ((id >= 6988615) AND (id <= 6989614))

table 5 : explain SELECT DISTINCT c FROM sbtest5 WHERE id BETWEEN 2114026 AND 2115025 ORDER BY c
	Unique  (cost=3881.64..3886.57 rows=987 width=121)
	  ->  Sort  (cost=3881.64..3884.10 rows=987 width=121)
	        Sort Key: c
	        ->  Bitmap Heap Scan on sbtest5  (cost=34.55..3832.55 rows=987 width=121)
	              Recheck Cond: ((id >= 2114026) AND (id <= 2115025))
	              ->  Bitmap Index Scan on sbtest5_pkey  (cost=0.00..34.31 rows=987 width=0)
	                    Index Cond: ((id >= 2114026) AND (id <= 2115025))

table 6 : explain SELECT DISTINCT c FROM sbtest6 WHERE id BETWEEN 6933153 AND 6934152 ORDER BY c
	Unique  (cost=4028.64..4033.77 rows=1027 width=121)
	  ->  Sort  (cost=4028.64..4031.21 rows=1027 width=121)
	        Sort Key: c
	        ->  Bitmap Heap Scan on sbtest6  (cost=34.96..3977.27 rows=1027 width=121)
	              Recheck Cond: ((id >= 6933153) AND (id <= 6934152))
	              ->  Bitmap Index Scan on sbtest6_pkey  (cost=0.00..34.70 rows=1027 width=0)
	                    Index Cond: ((id >= 6933153) AND (id <= 6934152))

table 7 : explain SELECT DISTINCT c FROM sbtest7 WHERE id BETWEEN 9804309 AND 9805308 ORDER BY c
	Unique  (cost=3804.84..3809.68 rows=969 width=121)
	  ->  Sort  (cost=3804.84..3807.26 rows=969 width=121)
	        Sort Key: c
	        ->  Bitmap Heap Scan on sbtest7  (cost=34.37..3756.77 rows=969 width=121)
	              Recheck Cond: ((id >= 9804309) AND (id <= 9805308))
	              ->  Bitmap Index Scan on sbtest7_pkey  (cost=0.00..34.12 rows=969 width=0)
	                    Index Cond: ((id >= 9804309) AND (id <= 9805308))

table 8 : explain SELECT DISTINCT c FROM sbtest8 WHERE id BETWEEN 1345327 AND 1346326 ORDER BY c
	Unique  (cost=3736.63..3741.39 rows=951 width=121)
	  ->  Sort  (cost=3736.63..3739.01 rows=951 width=121)
	        Sort Key: c
	        ->  Bitmap Heap Scan on sbtest8  (cost=34.18..3689.59 rows=951 width=121)
	              Recheck Cond: ((id >= 1345327) AND (id <= 1346326))
	              ->  Bitmap Index Scan on sbtest8_pkey  (cost=0.00..33.95 rows=951 width=0)
	                    Index Cond: ((id >= 1345327) AND (id <= 1346326))

Threads started!

Warming up for 5 seconds...

SQL statistics:
    queries performed:
        read:                            161072811
        write:                           0
        other:                           29285990
        total:                           190358801
    transactions:                        14643015 (23242.62 per sec.)
    queries:                             190358801 (302153.41 per sec.)
    ignored errors:                      0      (0.00 per sec.)
    reconnects:                          0      (0.00 per sec.)

Throughput:
    events/s (eps):                      23242.6178
    time elapsed:                        630.0073s
    total number of events:              14643015

Latency (ms):
         min:                                    0.49
         avg:                                    1.72
         max:                                   33.94
         95th percentile:                        1.82
         sum:                             25186157.41

Threads fairness:
    events (avg/stddev):           366074.9250/827.08
    execution time (avg/stddev):   629.6539/0.00

