LUA_PATH=/home/mdcallag/git/mytools/bench/sysbench.lua/lua/?.lua /home/mdcallag/git/mytools/bench/sysbench.lua/lua/sysbench --db-driver=pgsql --range-size=1000 --table-size=10000000 --tables=8 --threads=40 --events=0 --warmup-time=5 --time=630 --pgsql_conn_id=true /home/mdcallag/git/mytools/bench/sysbench.lua/lua/oltp_read_only.lua run --pgsql-user=root --pgsql-password=pw --pgsql-host=127.0.0.1 --pgsql-db=ib --rand-type=uniform --simple-ranges=0 --sum-ranges=0 --order-ranges=0 --distinct-ranges=1
48 CPUs
sysbench 1.1.0-9072687 (using bundled LuaJIT 2.1.0-beta3)

Running the test with following options:
Number of threads: 40
Warmup time: 5s
Initializing random number generator from current time


Initializing worker threads...

explain: for point_selects :: explain SELECT c FROM sbtest%u WHERE id=%u
explain: for point_selects :: explain SELECT c FROM sbtest%u WHERE id=%u
explain: for point_selects :: explain SELECT c FROM sbtest%u WHERE id=%u
for point_selects
table 1 : explain SELECT c FROM sbtest1 WHERE id=6515696
	Index Scan using sbtest1_pkey on sbtest1  (cost=0.43..8.45 rows=1 width=121)
	  Index Cond: (id = 6515696)

table 2 : explain SELECT c FROM sbtest2 WHERE id=6294906
	Index Scan using sbtest2_pkey on sbtest2  (cost=0.43..8.45 rows=1 width=121)
	  Index Cond: (id = 6294906)

table 3 : explain SELECT c FROM sbtest3 WHERE id=9075914
	Index Scan using sbtest3_pkey on sbtest3  (cost=0.43..8.45 rows=1 width=121)
	  Index Cond: (id = 9075914)

table 4 : explain SELECT c FROM sbtest4 WHERE id=4321686
	Index Scan using sbtest4_pkey on sbtest4  (cost=0.43..8.45 rows=1 width=121)
	  Index Cond: (id = 4321686)

table 5 : explain SELECT c FROM sbtest5 WHERE id=5943622
	Index Scan using sbtest5_pkey on sbtest5  (cost=0.43..8.45 rows=1 width=121)
	  Index Cond: (id = 5943622)

table 6 : explain SELECT c FROM sbtest6 WHERE id=626741
	Index Scan using sbtest6_pkey on sbtest6  (cost=0.43..8.45 rows=1 width=121)
	  Index Cond: (id = 626741)

table 7 : explain SELECT c FROM sbtest7 WHERE id=8414128
	Index Scan using sbtest7_pkey on sbtest7  (cost=0.43..8.45 rows=1 width=121)
	  Index Cond: (id = 8414128)

table 8 : explain SELECT c FROM sbtest8 WHERE id=698304
	Index Scan using sbtest8_pkey on sbtest8  (cost=0.43..8.45 rows=1 width=121)
	  Index Cond: (id = 698304)

explain: for point_selects :: explain SELECT c FROM sbtest%u WHERE id=%u
explain: for point_selects :: explain SELECT c FROM sbtest%u WHERE id=%u
explain: for point_selects :: explain SELECT c FROM sbtest%u WHERE id=%u
for: simple_ranges
table 1 : explain SELECT c FROM sbtest1 WHERE id BETWEEN 9324138 AND 9325137
	Bitmap Heap Scan on sbtest1  (cost=34.50..3806.10 rows=982 width=121)
	  Recheck Cond: ((id >= 9324138) AND (id <= 9325137))
	  ->  Bitmap Index Scan on sbtest1_pkey  (cost=0.00..34.26 rows=982 width=0)
	        Index Cond: ((id >= 9324138) AND (id <= 9325137))

table 2 : explain SELECT c FROM sbtest2 WHERE id BETWEEN 934336 AND 935335
	Bitmap Heap Scan on sbtest2  (cost=34.54..3821.72 rows=986 width=121)
	  Recheck Cond: ((id >= 934336) AND (id <= 935335))
	  ->  Bitmap Index Scan on sbtest2_pkey  (cost=0.00..34.30 rows=986 width=0)
	        Index Cond: ((id >= 934336) AND (id <= 935335))

table 3 : explain SELECT c FROM sbtest3 WHERE id BETWEEN 5564258 AND 5565257
	Bitmap Heap Scan on sbtest3  (cost=34.62..3852.28 rows=994 width=121)
	  Recheck Cond: ((id >= 5564258) AND (id <= 5565257))
	  ->  Bitmap Index Scan on sbtest3_pkey  (cost=0.00..34.38 rows=994 width=0)
	        Index Cond: ((id >= 5564258) AND (id <= 5565257))

table 4 : explain SELECT c FROM sbtest4 WHERE id BETWEEN 7921172 AND 7922171
	Bitmap Heap Scan on sbtest4  (cost=35.11..4036.47 rows=1041 width=121)
	  Recheck Cond: ((id >= 7921172) AND (id <= 7922171))
	  ->  Bitmap Index Scan on sbtest4_pkey  (cost=0.00..34.84 rows=1041 width=0)
	        Index Cond: ((id >= 7921172) AND (id <= 7922171))

table 5 : explain SELECT c FROM sbtest5 WHERE id BETWEEN 5592504 AND 5593503
	Bitmap Heap Scan on sbtest5  (cost=29.69..3510.53 rows=903 width=121)
	  Recheck Cond: ((id >= 5592504) AND (id <= 5593503))
	  ->  Bitmap Index Scan on sbtest5_pkey  (cost=0.00..29.46 rows=903 width=0)
	        Index Cond: ((id >= 5592504) AND (id <= 5593503))

table 6 : explain SELECT c FROM sbtest6 WHERE id BETWEEN 9601280 AND 9602279
	Bitmap Heap Scan on sbtest6  (cost=34.66..3867.99 rows=998 width=121)
	  Recheck Cond: ((id >= 9601280) AND (id <= 9602279))
	  ->  Bitmap Index Scan on sbtest6_pkey  (cost=0.00..34.42 rows=998 width=0)
	        Index Cond: ((id >= 9601280) AND (id <= 9602279))

table 7 : explain SELECT c FROM sbtest7 WHERE id BETWEEN 4960155 AND 4961154
	Bitmap Heap Scan on sbtest7  (cost=35.44..4152.01 rows=1074 width=121)
	  Recheck Cond: ((id >= 4960155) AND (id <= 4961154))
	  ->  Bitmap Index Scan on sbtest7_pkey  (cost=0.00..35.18 rows=1074 width=0)
	        Index Cond: ((id >= 4960155) AND (id <= 4961154))

table 8 : explain SELECT c FROM sbtest8 WHERE id BETWEEN 4808922 AND 4809921
	Bitmap Heap Scan on sbtest8  (cost=35.28..4092.71 rows=1058 width=121)
	  Recheck Cond: ((id >= 4808922) AND (id <= 4809921))
	  ->  Bitmap Index Scan on sbtest8_pkey  (cost=0.00..35.02 rows=1058 width=0)
	        Index Cond: ((id >= 4808922) AND (id <= 4809921))

for point_selects
table 1 : explain SELECT c FROM sbtest1 WHERE id=9451412
	Index Scan using sbtest1_pkey on sbtest1  (cost=0.43..8.45 rows=1 width=121)
	  Index Cond: (id = 9451412)

table 2 : explain SELECT c FROM sbtest2 WHERE id=6143403
	Index Scan using sbtest2_pkey on sbtest2  (cost=0.43..8.45 rows=1 width=121)
	  Index Cond: (id = 6143403)

table 3 : explain SELECT c FROM sbtest3 WHERE id=9942937
	Index Scan using sbtest3_pkey on sbtest3  (cost=0.43..8.45 rows=1 width=121)
	  Index Cond: (id = 9942937)

table 4 : explain SELECT c FROM sbtest4 WHERE id=8915857
	Index Scan using sbtest4_pkey on sbtest4  (cost=0.43..8.45 rows=1 width=121)
	  Index Cond: (id = 8915857)

table 5 : explain SELECT c FROM sbtest5 WHERE id=5876122
	Index Scan using sbtest5_pkey on sbtest5  (cost=0.43..8.45 rows=1 width=121)
	  Index Cond: (id = 5876122)

table 6 : explain SELECT c FROM sbtest6 WHERE id=4735168
	Index Scan using sbtest6_pkey on sbtest6  (cost=0.43..8.45 rows=1 width=121)
	  Index Cond: (id = 4735168)

table 7 : explain SELECT c FROM sbtest7 WHERE id=2148947
	Index Scan using sbtest7_pkey on sbtest7  (cost=0.43..8.45 rows=1 width=121)
	  Index Cond: (id = 2148947)

table 8 : explain SELECT c FROM sbtest8 WHERE id=6114554
	Index Scan using sbtest8_pkey on sbtest8  (cost=0.43..8.45 rows=1 width=121)
	  Index Cond: (id = 6114554)

for point_selects
table 1 : explain SELECT c FROM sbtest1 WHERE id=5158143
	Index Scan using sbtest1_pkey on sbtest1  (cost=0.43..8.45 rows=1 width=121)
	  Index Cond: (id = 5158143)

table 2 : explain SELECT c FROM sbtest2 WHERE id=9774807
	Index Scan using sbtest2_pkey on sbtest2  (cost=0.43..8.45 rows=1 width=121)
	  Index Cond: (id = 9774807)

table 3 : explain SELECT c FROM sbtest3 WHERE id=9192248
	Index Scan using sbtest3_pkey on sbtest3  (cost=0.43..8.45 rows=1 width=121)
	  Index Cond: (id = 9192248)

table 4 : explain SELECT c FROM sbtest4 WHERE id=5177892
	Index Scan using sbtest4_pkey on sbtest4  (cost=0.43..8.45 rows=1 width=121)
	  Index Cond: (id = 5177892)

table 5 : explain SELECT c FROM sbtest5 WHERE id=9844227
	Index Scan using sbtest5_pkey on sbtest5  (cost=0.43..8.45 rows=1 width=121)
	  Index Cond: (id = 9844227)

table 6 : explain SELECT c FROM sbtest6 WHERE id=1289617
	Index Scan using sbtest6_pkey on sbtest6  (cost=0.43..8.45 rows=1 width=121)
	  Index Cond: (id = 1289617)

table 7 : explain SELECT c FROM sbtest7 WHERE id=5630795
	Index Scan using sbtest7_pkey on sbtest7  (cost=0.43..8.45 rows=1 width=121)
	  Index Cond: (id = 5630795)

table 8 : explain SELECT c FROM sbtest8 WHERE id=8433935
	Index Scan using sbtest8_pkey on sbtest8  (cost=0.43..8.45 rows=1 width=121)
	  Index Cond: (id = 8433935)

for point_selects
table 1 : explain SELECT c FROM sbtest1 WHERE id=4740178
	Index Scan using sbtest1_pkey on sbtest1  (cost=0.43..8.45 rows=1 width=121)
	  Index Cond: (id = 4740178)

table 2 : explain SELECT c FROM sbtest2 WHERE id=1800859
	Index Scan using sbtest2_pkey on sbtest2  (cost=0.43..8.45 rows=1 width=121)
	  Index Cond: (id = 1800859)

table 3 : explain SELECT c FROM sbtest3 WHERE id=1423788
	Index Scan using sbtest3_pkey on sbtest3  (cost=0.43..8.45 rows=1 width=121)
	  Index Cond: (id = 1423788)

table 4 : explain SELECT c FROM sbtest4 WHERE id=5381386
	Index Scan using sbtest4_pkey on sbtest4  (cost=0.43..8.45 rows=1 width=121)
	  Index Cond: (id = 5381386)

table 5 : explain SELECT c FROM sbtest5 WHERE id=2293456
	Index Scan using sbtest5_pkey on sbtest5  (cost=0.43..8.45 rows=1 width=121)
	  Index Cond: (id = 2293456)

table 6 : explain SELECT c FROM sbtest6 WHERE id=7419159
	Index Scan using sbtest6_pkey on sbtest6  (cost=0.43..8.45 rows=1 width=121)
	  Index Cond: (id = 7419159)

table 7 : explain SELECT c FROM sbtest7 WHERE id=2349085
	Index Scan using sbtest7_pkey on sbtest7  (cost=0.43..8.45 rows=1 width=121)
	  Index Cond: (id = 2349085)

table 8 : explain SELECT c FROM sbtest8 WHERE id=2184577
	Index Scan using sbtest8_pkey on sbtest8  (cost=0.43..8.45 rows=1 width=121)
	  Index Cond: (id = 2184577)

for point_selects
table 1 : explain SELECT c FROM sbtest1 WHERE id=8152544
	Index Scan using sbtest1_pkey on sbtest1  (cost=0.43..8.45 rows=1 width=121)
	  Index Cond: (id = 8152544)

table 2 : explain SELECT c FROM sbtest2 WHERE id=9030852
	Index Scan using sbtest2_pkey on sbtest2  (cost=0.43..8.45 rows=1 width=121)
	  Index Cond: (id = 9030852)

table 3 : explain SELECT c FROM sbtest3 WHERE id=5658182
	Index Scan using sbtest3_pkey on sbtest3  (cost=0.43..8.45 rows=1 width=121)
	  Index Cond: (id = 5658182)

table 4 : explain SELECT c FROM sbtest4 WHERE id=6731437
	Index Scan using sbtest4_pkey on sbtest4  (cost=0.43..8.45 rows=1 width=121)
	  Index Cond: (id = 6731437)

table 5 : explain SELECT c FROM sbtest5 WHERE id=8644843
	Index Scan using sbtest5_pkey on sbtest5  (cost=0.43..8.45 rows=1 width=121)
	  Index Cond: (id = 8644843)

table 6 : explain SELECT c FROM sbtest6 WHERE id=622265
	Index Scan using sbtest6_pkey on sbtest6  (cost=0.43..8.45 rows=1 width=121)
	  Index Cond: (id = 622265)

table 7 : explain SELECT c FROM sbtest7 WHERE id=5845233
	Index Scan using sbtest7_pkey on sbtest7  (cost=0.43..8.45 rows=1 width=121)
	  Index Cond: (id = 5845233)

table 8 : explain SELECT c FROM sbtest8 WHERE id=1025583
	Index Scan using sbtest8_pkey on sbtest8  (cost=0.43..8.45 rows=1 width=121)
	  Index Cond: (id = 1025583)

explain: for point_selects :: explain SELECT c FROM sbtest%u WHERE id=%u
for: simple_ranges
table 1 : explain SELECT c FROM sbtest1 WHERE id BETWEEN 4036750 AND 4037749
	Bitmap Heap Scan on sbtest1  (cost=34.49..3802.33 rows=981 width=121)
	  Recheck Cond: ((id >= 4036750) AND (id <= 4037749))
	  ->  Bitmap Index Scan on sbtest1_pkey  (cost=0.00..34.25 rows=981 width=0)
	        Index Cond: ((id >= 4036750) AND (id <= 4037749))

table 2 : explain SELECT c FROM sbtest2 WHERE id BETWEEN 8659195 AND 8660194
	Bitmap Heap Scan on sbtest2  (cost=35.05..4010.06 rows=1036 width=121)
	  Recheck Cond: ((id >= 8659195) AND (id <= 8660194))
	  ->  Bitmap Index Scan on sbtest2_pkey  (cost=0.00..34.80 rows=1036 width=0)
	        Index Cond: ((id >= 8659195) AND (id <= 8660194))

table 3 : explain SELECT c FROM sbtest3 WHERE id BETWEEN 9750854 AND 9751853
	Bitmap Heap Scan on sbtest3  (cost=34.36..3754.23 rows=968 width=121)
	  Recheck Cond: ((id >= 9750854) AND (id <= 9751853))
	  ->  Bitmap Index Scan on sbtest3_pkey  (cost=0.00..34.12 rows=968 width=0)
	        Index Cond: ((id >= 9750854) AND (id <= 9751853))

table 4 : explain SELECT c FROM sbtest4 WHERE id BETWEEN 2217527 AND 2218526
	Bitmap Heap Scan on sbtest4  (cost=34.38..3768.21 rows=970 width=121)
	  Recheck Cond: ((id >= 2217527) AND (id <= 2218526))
	  ->  Bitmap Index Scan on sbtest4_pkey  (cost=0.00..34.14 rows=970 width=0)
	        Index Cond: ((id >= 2217527) AND (id <= 2218526))

table 5 : explain SELECT c FROM sbtest5 WHERE id BETWEEN 5637337 AND 5638336
	Bitmap Heap Scan on sbtest5  (cost=29.69..3510.53 rows=903 width=121)
	  Recheck Cond: ((id >= 5637337) AND (id <= 5638336))
	  ->  Bitmap Index Scan on sbtest5_pkey  (cost=0.00..29.46 rows=903 width=0)
	        Index Cond: ((id >= 5637337) AND (id <= 5638336))

table 6 : explain SELECT c FROM sbtest6 WHERE id BETWEEN 4401526 AND 4402525
	Bitmap Heap Scan on sbtest6  (cost=34.71..3883.07 rows=1002 width=121)
	  Recheck Cond: ((id >= 4401526) AND (id <= 4402525))
	  ->  Bitmap Index Scan on sbtest6_pkey  (cost=0.00..34.45 rows=1002 width=0)
	        Index Cond: ((id >= 4401526) AND (id <= 4402525))

table 7 : explain SELECT c FROM sbtest7 WHERE id BETWEEN 4350444 AND 4351443
	Bitmap Heap Scan on sbtest7  (cost=35.25..4080.59 rows=1055 width=121)
	  Recheck Cond: ((id >= 4350444) AND (id <= 4351443))
	  ->  Bitmap Index Scan on sbtest7_pkey  (cost=0.00..34.98 rows=1055 width=0)
	        Index Cond: ((id >= 4350444) AND (id <= 4351443))

table 8 : explain SELECT c FROM sbtest8 WHERE id BETWEEN 5219114 AND 5220113
	Bitmap Heap Scan on sbtest8  (cost=35.34..4115.27 rows=1064 width=121)
	  Recheck Cond: ((id >= 5219114) AND (id <= 5220113))
	  ->  Bitmap Index Scan on sbtest8_pkey  (cost=0.00..35.08 rows=1064 width=0)
	        Index Cond: ((id >= 5219114) AND (id <= 5220113))

for: sum_ranges
table 1 : explain SELECT SUM(k) FROM sbtest1 WHERE id BETWEEN 7226628 AND 7227627
	Aggregate  (cost=4076.05..4076.06 rows=1 width=8)
	  ->  Bitmap Heap Scan on sbtest1  (cost=35.23..4073.42 rows=1053 width=4)
	        Recheck Cond: ((id >= 7226628) AND (id <= 7227627))
	        ->  Bitmap Index Scan on sbtest1_pkey  (cost=0.00..34.97 rows=1053 width=0)
	              Index Cond: ((id >= 7226628) AND (id <= 7227627))

table 2 : explain SELECT SUM(k) FROM sbtest2 WHERE id BETWEEN 8210826 AND 8211825
	Aggregate  (cost=3805.32..3805.33 rows=1 width=8)
	  ->  Bitmap Heap Scan on sbtest2  (cost=34.49..3802.87 rows=981 width=4)
	        Recheck Cond: ((id >= 8210826) AND (id <= 8211825))
	        ->  Bitmap Index Scan on sbtest2_pkey  (cost=0.00..34.25 rows=981 width=0)
	              Index Cond: ((id >= 8210826) AND (id <= 8211825))

table 3 : explain SELECT SUM(k) FROM sbtest3 WHERE id BETWEEN 1432025 AND 1433024
	Aggregate  (cost=4062.03..4062.04 rows=1 width=8)
	  ->  Bitmap Heap Scan on sbtest3  (cost=35.19..4059.41 rows=1049 width=4)
	        Recheck Cond: ((id >= 1432025) AND (id <= 1433024))
	        ->  Bitmap Index Scan on sbtest3_pkey  (cost=0.00..34.93 rows=1049 width=0)
	              Index Cond: ((id >= 1432025) AND (id <= 1433024))

table 4 : explain SELECT SUM(k) FROM sbtest4 WHERE id BETWEEN 9729325 AND 9730324
	Aggregate  (cost=3914.38..3914.39 rows=1 width=8)
	  ->  Bitmap Heap Scan on sbtest4  (cost=34.77..3911.86 rows=1008 width=4)
	        Recheck Cond: ((id >= 9729325) AND (id <= 9730324))
	        ->  Bitmap Index Scan on sbtest4_pkey  (cost=0.00..34.52 rows=1008 width=0)
	              Index Cond: ((id >= 9729325) AND (id <= 9730324))

table 5 : explain SELECT SUM(k) FROM sbtest5 WHERE id BETWEEN 9540854 AND 9541853
	Aggregate  (cost=3974.91..3974.92 rows=1 width=8)
	  ->  Bitmap Heap Scan on sbtest5  (cost=34.93..3972.35 rows=1024 width=4)
	        Recheck Cond: ((id >= 9540854) AND (id <= 9541853))
	        ->  Bitmap Index Scan on sbtest5_pkey  (cost=0.00..34.68 rows=1024 width=0)
	              Index Cond: ((id >= 9540854) AND (id <= 9541853))

table 6 : explain SELECT SUM(k) FROM sbtest6 WHERE id BETWEEN 6415541 AND 6416540
	Aggregate  (cost=3674.14..3674.15 rows=1 width=8)
	  ->  Bitmap Heap Scan on sbtest6  (cost=34.13..3671.77 rows=946 width=4)
	        Recheck Cond: ((id >= 6415541) AND (id <= 6416540))
	        ->  Bitmap Index Scan on sbtest6_pkey  (cost=0.00..33.90 rows=946 width=0)
	              Index Cond: ((id >= 6415541) AND (id <= 6416540))

table 7 : explain SELECT SUM(k) FROM sbtest7 WHERE id BETWEEN 8196326 AND 8197325
	Aggregate  (cost=3898.72..3898.73 rows=1 width=8)
	  ->  Bitmap Heap Scan on sbtest7  (cost=34.75..3896.21 rows=1006 width=4)
	        Recheck Cond: ((id >= 8196326) AND (id <= 8197325))
	        ->  Bitmap Index Scan on sbtest7_pkey  (cost=0.00..34.50 rows=1006 width=0)
	              Index Cond: ((id >= 8196326) AND (id <= 8197325))

table 8 : explain SELECT SUM(k) FROM sbtest8 WHERE id BETWEEN 9989254 AND 9990253
	Aggregate  (cost=4151.79..4151.80 rows=1 width=8)
	  ->  Bitmap Heap Scan on sbtest8  (cost=35.43..4149.11 rows=1073 width=4)
	        Recheck Cond: ((id >= 9989254) AND (id <= 9990253))
	        ->  Bitmap Index Scan on sbtest8_pkey  (cost=0.00..35.17 rows=1073 width=0)
	              Index Cond: ((id >= 9989254) AND (id <= 9990253))

for: simple_ranges
table 1 : explain SELECT c FROM sbtest1 WHERE id BETWEEN 5853227 AND 5854226
	Bitmap Heap Scan on sbtest1  (cost=35.47..4163.64 rows=1077 width=121)
	  Recheck Cond: ((id >= 5853227) AND (id <= 5854226))
	  ->  Bitmap Index Scan on sbtest1_pkey  (cost=0.00..35.20 rows=1077 width=0)
	        Index Cond: ((id >= 5853227) AND (id <= 5854226))

table 2 : explain SELECT c FROM sbtest2 WHERE id BETWEEN 8438837 AND 8439836
	Bitmap Heap Scan on sbtest2  (cost=35.07..4017.58 rows=1038 width=121)
	  Recheck Cond: ((id >= 8438837) AND (id <= 8439836))
	  ->  Bitmap Index Scan on sbtest2_pkey  (cost=0.00..34.82 rows=1038 width=0)
	        Index Cond: ((id >= 8438837) AND (id <= 8439836))

table 3 : explain SELECT c FROM sbtest3 WHERE id BETWEEN 3957117 AND 3958116
	Bitmap Heap Scan on sbtest3  (cost=35.22..4070.70 rows=1052 width=121)
	  Recheck Cond: ((id >= 3957117) AND (id <= 3958116))
	  ->  Bitmap Index Scan on sbtest3_pkey  (cost=0.00..34.95 rows=1052 width=0)
	        Index Cond: ((id >= 3957117) AND (id <= 3958116))

table 4 : explain SELECT c FROM sbtest4 WHERE id BETWEEN 203130 AND 204129
	Bitmap Heap Scan on sbtest4  (cost=34.50..3813.59 rows=982 width=121)
	  Recheck Cond: ((id >= 203130) AND (id <= 204129))
	  ->  Bitmap Index Scan on sbtest4_pkey  (cost=0.00..34.26 rows=982 width=0)
	        Index Cond: ((id >= 203130) AND (id <= 204129))

table 5 : explain SELECT c FROM sbtest5 WHERE id BETWEEN 5264221 AND 5265220
	Bitmap Heap Scan on sbtest5  (cost=29.64..3491.57 rows=898 width=121)
	  Recheck Cond: ((id >= 5264221) AND (id <= 5265220))
	  ->  Bitmap Index Scan on sbtest5_pkey  (cost=0.00..29.41 rows=898 width=0)
	        Index Cond: ((id >= 5264221) AND (id <= 5265220))

table 6 : explain SELECT c FROM sbtest6 WHERE id BETWEEN 7841731 AND 7842730
	Bitmap Heap Scan on sbtest6  (cost=34.42..3777.47 rows=974 width=121)
	  Recheck Cond: ((id >= 7841731) AND (id <= 7842730))
	  ->  Bitmap Index Scan on sbtest6_pkey  (cost=0.00..34.18 rows=974 width=0)
	        Index Cond: ((id >= 7841731) AND (id <= 7842730))

table 7 : explain SELECT c FROM sbtest7 WHERE id BETWEEN 384110 AND 385109
	Bitmap Heap Scan on sbtest7  (cost=34.06..3643.59 rows=939 width=121)
	  Recheck Cond: ((id >= 384110) AND (id <= 385109))
	  ->  Bitmap Index Scan on sbtest7_pkey  (cost=0.00..33.83 rows=939 width=0)
	        Index Cond: ((id >= 384110) AND (id <= 385109))

table 8 : explain SELECT c FROM sbtest8 WHERE id BETWEEN 2920422 AND 2921421
	Bitmap Heap Scan on sbtest8  (cost=29.30..3360.49 rows=865 width=121)
	  Recheck Cond: ((id >= 2920422) AND (id <= 2921421))
	  ->  Bitmap Index Scan on sbtest8_pkey  (cost=0.00..29.08 rows=865 width=0)
	        Index Cond: ((id >= 2920422) AND (id <= 2921421))

explain: for point_selects :: explain SELECT c FROM sbtest%u WHERE id=%u
for point_selects
table 1 : explain SELECT c FROM sbtest1 WHERE id=6907597
	Index Scan using sbtest1_pkey on sbtest1  (cost=0.43..8.45 rows=1 width=121)
	  Index Cond: (id = 6907597)

table 2 : explain SELECT c FROM sbtest2 WHERE id=8104599
	Index Scan using sbtest2_pkey on sbtest2  (cost=0.43..8.45 rows=1 width=121)
	  Index Cond: (id = 8104599)

table 3 : explain SELECT c FROM sbtest3 WHERE id=3547279
	Index Scan using sbtest3_pkey on sbtest3  (cost=0.43..8.45 rows=1 width=121)
	  Index Cond: (id = 3547279)

table 4 : explain SELECT c FROM sbtest4 WHERE id=5664512
	Index Scan using sbtest4_pkey on sbtest4  (cost=0.43..8.45 rows=1 width=121)
	  Index Cond: (id = 5664512)

table 5 : explain SELECT c FROM sbtest5 WHERE id=6401477
	Index Scan using sbtest5_pkey on sbtest5  (cost=0.43..8.45 rows=1 width=121)
	  Index Cond: (id = 6401477)

table 6 : explain SELECT c FROM sbtest6 WHERE id=7995181
	Index Scan using sbtest6_pkey on sbtest6  (cost=0.43..8.45 rows=1 width=121)
	  Index Cond: (id = 7995181)

table 7 : explain SELECT c FROM sbtest7 WHERE id=8966941
	Index Scan using sbtest7_pkey on sbtest7  (cost=0.43..8.45 rows=1 width=121)
	  Index Cond: (id = 8966941)

table 8 : explain SELECT c FROM sbtest8 WHERE id=8296039
	Index Scan using sbtest8_pkey on sbtest8  (cost=0.43..8.45 rows=1 width=121)
	  Index Cond: (id = 8296039)

for: simple_ranges
table 1 : explain SELECT c FROM sbtest1 WHERE id BETWEEN 5954000 AND 5954999
	Bitmap Heap Scan on sbtest1  (cost=34.24..3711.81 rows=957 width=121)
	  Recheck Cond: ((id >= 5954000) AND (id <= 5954999))
	  ->  Bitmap Index Scan on sbtest1_pkey  (cost=0.00..34.01 rows=957 width=0)
	        Index Cond: ((id >= 5954000) AND (id <= 5954999))

table 2 : explain SELECT c FROM sbtest2 WHERE id BETWEEN 8031174 AND 8032173
	Bitmap Heap Scan on sbtest2  (cost=35.71..4250.67 rows=1100 width=121)
	  Recheck Cond: ((id >= 8031174) AND (id <= 8032173))
	  ->  Bitmap Index Scan on sbtest2_pkey  (cost=0.00..35.44 rows=1100 width=0)
	        Index Cond: ((id >= 8031174) AND (id <= 8032173))

table 3 : explain SELECT c FROM sbtest3 WHERE id BETWEEN 2616731 AND 2617730
	Bitmap Heap Scan on sbtest3  (cost=35.11..4029.31 rows=1041 width=121)
	  Recheck Cond: ((id >= 2616731) AND (id <= 2617730))
	  ->  Bitmap Index Scan on sbtest3_pkey  (cost=0.00..34.84 rows=1041 width=0)
	        Index Cond: ((id >= 2616731) AND (id <= 2617730))

table 4 : explain SELECT c FROM sbtest4 WHERE id BETWEEN 9198432 AND 9199431
	Bitmap Heap Scan on sbtest4  (cost=34.88..3953.41 rows=1019 width=121)
	  Recheck Cond: ((id >= 9198432) AND (id <= 9199431))
	  ->  Bitmap Index Scan on sbtest4_pkey  (cost=0.00..34.62 rows=1019 width=0)
	        Index Cond: ((id >= 9198432) AND (id <= 9199431))

table 5 : explain SELECT c FROM sbtest5 WHERE id BETWEEN 43064 AND 44063
	Bitmap Heap Scan on sbtest5  (cost=34.05..3647.15 rows=938 width=121)
	  Recheck Cond: ((id >= 43064) AND (id <= 44063))
	  ->  Bitmap Index Scan on sbtest5_pkey  (cost=0.00..33.82 rows=938 width=0)
	        Index Cond: ((id >= 43064) AND (id <= 44063))

table 6 : explain SELECT c FROM sbtest6 WHERE id BETWEEN 7920711 AND 7921710
	Bitmap Heap Scan on sbtest6  (cost=35.12..4033.75 rows=1042 width=121)
	  Recheck Cond: ((id >= 7920711) AND (id <= 7921710))
	  ->  Bitmap Index Scan on sbtest6_pkey  (cost=0.00..34.86 rows=1042 width=0)
	        Index Cond: ((id >= 7920711) AND (id <= 7921710))

table 7 : explain SELECT c FROM sbtest7 WHERE id BETWEEN 255049 AND 256048
	Bitmap Heap Scan on sbtest7  (cost=35.04..4005.37 rows=1035 width=121)
	  Recheck Cond: ((id >= 255049) AND (id <= 256048))
	  ->  Bitmap Index Scan on sbtest7_pkey  (cost=0.00..34.79 rows=1035 width=0)
	        Index Cond: ((id >= 255049) AND (id <= 256048))

table 8 : explain SELECT c FROM sbtest8 WHERE id BETWEEN 6091117 AND 6092116
	Bitmap Heap Scan on sbtest8  (cost=34.56..3829.15 rows=988 width=121)
	  Recheck Cond: ((id >= 6091117) AND (id <= 6092116))
	  ->  Bitmap Index Scan on sbtest8_pkey  (cost=0.00..34.32 rows=988 width=0)
	        Index Cond: ((id >= 6091117) AND (id <= 6092116))

for: simple_ranges
table 1 : explain SELECT c FROM sbtest1 WHERE id BETWEEN 3907813 AND 3908812
	Bitmap Heap Scan on sbtest1  (cost=35.68..4238.77 rows=1097 width=121)
	  Recheck Cond: ((id >= 3907813) AND (id <= 3908812))
	  ->  Bitmap Index Scan on sbtest1_pkey  (cost=0.00..35.41 rows=1097 width=0)
	        Index Cond: ((id >= 3907813) AND (id <= 3908812))

table 2 : explain SELECT c FROM sbtest2 WHERE id BETWEEN 6636069 AND 6637068
	Bitmap Heap Scan on sbtest2  (cost=34.32..3738.75 rows=964 width=121)
	  Recheck Cond: ((id >= 6636069) AND (id <= 6637068))
	  ->  Bitmap Index Scan on sbtest2_pkey  (cost=0.00..34.08 rows=964 width=0)
	        Index Cond: ((id >= 6636069) AND (id <= 6637068))

table 3 : explain SELECT c FROM sbtest3 WHERE id BETWEEN 6899538 AND 6900537
	Bitmap Heap Scan on sbtest3  (cost=35.23..4074.46 rows=1053 width=121)
	  Recheck Cond: ((id >= 6899538) AND (id <= 6900537))
	  ->  Bitmap Index Scan on sbtest3_pkey  (cost=0.00..34.97 rows=1053 width=0)
	        Index Cond: ((id >= 6899538) AND (id <= 6900537))

table 4 : explain SELECT c FROM sbtest4 WHERE id BETWEEN 1487859 AND 1488858
	Bitmap Heap Scan on sbtest4  (cost=34.26..3726.59 rows=959 width=121)
	  Recheck Cond: ((id >= 1487859) AND (id <= 1488858))
	  ->  Bitmap Index Scan on sbtest4_pkey  (cost=0.00..34.03 rows=959 width=0)
	        Index Cond: ((id >= 1487859) AND (id <= 1488858))

table 5 : explain SELECT c FROM sbtest5 WHERE id BETWEEN 3449793 AND 3450792
	Bitmap Heap Scan on sbtest5  (cost=34.30..3737.99 rows=962 width=121)
	  Recheck Cond: ((id >= 3449793) AND (id <= 3450792))
	  ->  Bitmap Index Scan on sbtest5_pkey  (cost=0.00..34.06 rows=962 width=0)
	        Index Cond: ((id >= 3449793) AND (id <= 3450792))

table 6 : explain SELECT c FROM sbtest6 WHERE id BETWEEN 5413677 AND 5414676
	Bitmap Heap Scan on sbtest6  (cost=34.38..3762.38 rows=970 width=121)
	  Recheck Cond: ((id >= 5413677) AND (id <= 5414676))
	  ->  Bitmap Index Scan on sbtest6_pkey  (cost=0.00..34.14 rows=970 width=0)
	        Index Cond: ((id >= 5413677) AND (id <= 5414676))

table 7 : explain SELECT c FROM sbtest7 WHERE id BETWEEN 6242963 AND 6243962
	Bitmap Heap Scan on sbtest7  (cost=34.71..3881.14 rows=1002 width=121)
	  Recheck Cond: ((id >= 6242963) AND (id <= 6243962))
	  ->  Bitmap Index Scan on sbtest7_pkey  (cost=0.00..34.45 rows=1002 width=0)
	        Index Cond: ((id >= 6242963) AND (id <= 6243962))

table 8 : explain SELECT c FROM sbtest8 WHERE id BETWEEN 3138257 AND 3139256
	Bitmap Heap Scan on sbtest8  (cost=34.23..3708.46 rows=956 width=121)
	  Recheck Cond: ((id >= 3138257) AND (id <= 3139256))
	  ->  Bitmap Index Scan on sbtest8_pkey  (cost=0.00..34.00 rows=956 width=0)
	        Index Cond: ((id >= 3138257) AND (id <= 3139256))

for point_selects
table 1 : explain SELECT c FROM sbtest1 WHERE id=1050744
	Index Scan using sbtest1_pkey on sbtest1  (cost=0.43..8.45 rows=1 width=121)
	  Index Cond: (id = 1050744)

table 2 : explain SELECT c FROM sbtest2 WHERE id=2474029
	Index Scan using sbtest2_pkey on sbtest2  (cost=0.43..8.45 rows=1 width=121)
	  Index Cond: (id = 2474029)

table 3 : explain SELECT c FROM sbtest3 WHERE id=1747307
	Index Scan using sbtest3_pkey on sbtest3  (cost=0.43..8.45 rows=1 width=121)
	  Index Cond: (id = 1747307)

table 4 : explain SELECT c FROM sbtest4 WHERE id=5385597
	Index Scan using sbtest4_pkey on sbtest4  (cost=0.43..8.45 rows=1 width=121)
	  Index Cond: (id = 5385597)

table 5 : explain SELECT c FROM sbtest5 WHERE id=3295830
	Index Scan using sbtest5_pkey on sbtest5  (cost=0.43..8.45 rows=1 width=121)
	  Index Cond: (id = 3295830)

table 6 : explain SELECT c FROM sbtest6 WHERE id=2446383
	Index Scan using sbtest6_pkey on sbtest6  (cost=0.43..8.45 rows=1 width=121)
	  Index Cond: (id = 2446383)

table 7 : explain SELECT c FROM sbtest7 WHERE id=3666995
	Index Scan using sbtest7_pkey on sbtest7  (cost=0.43..8.45 rows=1 width=121)
	  Index Cond: (id = 3666995)

table 8 : explain SELECT c FROM sbtest8 WHERE id=8955297
	Index Scan using sbtest8_pkey on sbtest8  (cost=0.43..8.45 rows=1 width=121)
	  Index Cond: (id = 8955297)

for: simple_ranges
table 1 : explain SELECT c FROM sbtest1 WHERE id BETWEEN 8474913 AND 8475912
	Bitmap Heap Scan on sbtest1  (cost=34.30..3730.68 rows=962 width=121)
	  Recheck Cond: ((id >= 8474913) AND (id <= 8475912))
	  ->  Bitmap Index Scan on sbtest1_pkey  (cost=0.00..34.06 rows=962 width=0)
	        Index Cond: ((id >= 8474913) AND (id <= 8475912))

table 2 : explain SELECT c FROM sbtest2 WHERE id BETWEEN 2372773 AND 2373772
	Bitmap Heap Scan on sbtest2  (cost=34.52..3814.18 rows=984 width=121)
	  Recheck Cond: ((id >= 2372773) AND (id <= 2373772))
	  ->  Bitmap Index Scan on sbtest2_pkey  (cost=0.00..34.28 rows=984 width=0)
	        Index Cond: ((id >= 2372773) AND (id <= 2373772))

table 3 : explain SELECT c FROM sbtest3 WHERE id BETWEEN 463428 AND 464427
	Bitmap Heap Scan on sbtest3  (cost=34.18..3690.07 rows=951 width=121)
	  Recheck Cond: ((id >= 463428) AND (id <= 464427))
	  ->  Bitmap Index Scan on sbtest3_pkey  (cost=0.00..33.95 rows=951 width=0)
	        Index Cond: ((id >= 463428) AND (id <= 464427))

table 4 : explain SELECT c FROM sbtest4 WHERE id BETWEEN 6175293 AND 6176292
	Bitmap Heap Scan on sbtest4  (cost=34.22..3711.46 rows=955 width=121)
	  Recheck Cond: ((id >= 6175293) AND (id <= 6176292))
	  ->  Bitmap Index Scan on sbtest4_pkey  (cost=0.00..33.98 rows=955 width=0)
	        Index Cond: ((id >= 6175293) AND (id <= 6176292))

table 5 : explain SELECT c FROM sbtest5 WHERE id BETWEEN 2597750 AND 2598749
	Bitmap Heap Scan on sbtest5  (cost=34.04..3643.36 rows=937 width=121)
	  Recheck Cond: ((id >= 2597750) AND (id <= 2598749))
	  ->  Bitmap Index Scan on sbtest5_pkey  (cost=0.00..33.81 rows=937 width=0)
	        Index Cond: ((id >= 2597750) AND (id <= 2598749))

table 6 : explain SELECT c FROM sbtest6 WHERE id BETWEEN 8111410 AND 8112409
	Bitmap Heap Scan on sbtest6  (cost=35.15..4045.04 rows=1045 width=121)
	  Recheck Cond: ((id >= 8111410) AND (id <= 8112409))
	  ->  Bitmap Index Scan on sbtest6_pkey  (cost=0.00..34.89 rows=1045 width=0)
	        Index Cond: ((id >= 8111410) AND (id <= 8112409))

table 7 : explain SELECT c FROM sbtest7 WHERE id BETWEEN 9715939 AND 9716938
	Bitmap Heap Scan on sbtest7  (cost=34.37..3756.77 rows=969 width=121)
	  Recheck Cond: ((id >= 9715939) AND (id <= 9716938))
	  ->  Bitmap Index Scan on sbtest7_pkey  (cost=0.00..34.12 rows=969 width=0)
	        Index Cond: ((id >= 9715939) AND (id <= 9716938))

table 8 : explain SELECT c FROM sbtest8 WHERE id BETWEEN 3926003 AND 3927002
	Bitmap Heap Scan on sbtest8  (cost=35.59..4205.48 rows=1088 width=121)
	  Recheck Cond: ((id >= 3926003) AND (id <= 3927002))
	  ->  Bitmap Index Scan on sbtest8_pkey  (cost=0.00..35.32 rows=1088 width=0)
	        Index Cond: ((id >= 3926003) AND (id <= 3927002))

explain: for point_selects :: explain SELECT c FROM sbtest%u WHERE id=%u
for: simple_ranges
table 1 : explain SELECT c FROM sbtest1 WHERE id BETWEEN 7229171 AND 7230170
	Bitmap Heap Scan on sbtest1  (cost=35.23..4073.42 rows=1053 width=121)
	  Recheck Cond: ((id >= 7229171) AND (id <= 7230170))
	  ->  Bitmap Index Scan on sbtest1_pkey  (cost=0.00..34.97 rows=1053 width=0)
	        Index Cond: ((id >= 7229171) AND (id <= 7230170))

table 2 : explain SELECT c FROM sbtest2 WHERE id BETWEEN 3597356 AND 3598355
	Bitmap Heap Scan on sbtest2  (cost=34.84..3930.99 rows=1015 width=121)
	  Recheck Cond: ((id >= 3597356) AND (id <= 3598355))
	  ->  Bitmap Index Scan on sbtest2_pkey  (cost=0.00..34.59 rows=1015 width=0)
	        Index Cond: ((id >= 3597356) AND (id <= 3598355))

table 3 : explain SELECT c FROM sbtest3 WHERE id BETWEEN 6739959 AND 6740958
	Bitmap Heap Scan on sbtest3  (cost=35.08..4021.78 rows=1039 width=121)
	  Recheck Cond: ((id >= 6739959) AND (id <= 6740958))
	  ->  Bitmap Index Scan on sbtest3_pkey  (cost=0.00..34.83 rows=1039 width=0)
	        Index Cond: ((id >= 6739959) AND (id <= 6740958))

table 4 : explain SELECT c FROM sbtest4 WHERE id BETWEEN 7882610 AND 7883609
	Bitmap Heap Scan on sbtest4  (cost=34.89..3957.19 rows=1020 width=121)
	  Recheck Cond: ((id >= 7882610) AND (id <= 7883609))
	  ->  Bitmap Index Scan on sbtest4_pkey  (cost=0.00..34.64 rows=1020 width=0)
	        Index Cond: ((id >= 7882610) AND (id <= 7883609))

table 5 : explain SELECT c FROM sbtest5 WHERE id BETWEEN 7381155 AND 7382154
	Bitmap Heap Scan on sbtest5  (cost=34.93..3972.35 rows=1024 width=121)
	  Recheck Cond: ((id >= 7381155) AND (id <= 7382154))
	  ->  Bitmap Index Scan on sbtest5_pkey  (cost=0.00..34.68 rows=1024 width=0)
	        Index Cond: ((id >= 7381155) AND (id <= 7382154))

table 6 : explain SELECT c FROM sbtest6 WHERE id BETWEEN 7999263 AND 8000262
	Bitmap Heap Scan on sbtest6  (cost=34.61..3849.14 rows=993 width=121)
	  Recheck Cond: ((id >= 7999263) AND (id <= 8000262))
	  ->  Bitmap Index Scan on sbtest6_pkey  (cost=0.00..34.37 rows=993 width=0)
	        Index Cond: ((id >= 7999263) AND (id <= 8000262))

table 7 : explain SELECT c FROM sbtest7 WHERE id BETWEEN 6999351 AND 7000350
	Bitmap Heap Scan on sbtest7  (cost=34.40..3768.09 rows=972 width=121)
	  Recheck Cond: ((id >= 6999351) AND (id <= 7000350))
	  ->  Bitmap Index Scan on sbtest7_pkey  (cost=0.00..34.16 rows=972 width=0)
	        Index Cond: ((id >= 6999351) AND (id <= 7000350))

table 8 : explain SELECT c FROM sbtest8 WHERE id BETWEEN 6278275 AND 6279274
	Bitmap Heap Scan on sbtest8  (cost=34.09..3655.62 rows=942 width=121)
	  Recheck Cond: ((id >= 6278275) AND (id <= 6279274))
	  ->  Bitmap Index Scan on sbtest8_pkey  (cost=0.00..33.86 rows=942 width=0)
	        Index Cond: ((id >= 6278275) AND (id <= 6279274))

for: order_ranges
table 1 : explain SELECT c FROM sbtest1 WHERE id BETWEEN 1526274 AND 1527273 ORDER BY c
	Sort  (cost=3984.93..3987.47 rows=1016 width=121)
	  Sort Key: c
	  ->  Bitmap Heap Scan on sbtest1  (cost=34.85..3934.19 rows=1016 width=121)
	        Recheck Cond: ((id >= 1526274) AND (id <= 1527273))
	        ->  Bitmap Index Scan on sbtest1_pkey  (cost=0.00..34.59 rows=1016 width=0)
	              Index Cond: ((id >= 1526274) AND (id <= 1527273))

table 2 : explain SELECT c FROM sbtest2 WHERE id BETWEEN 4174939 AND 4175938 ORDER BY c
	Sort  (cost=4226.13..4228.83 rows=1079 width=121)
	  Sort Key: c
	  ->  Bitmap Heap Scan on sbtest2  (cost=35.49..4171.78 rows=1079 width=121)
	        Recheck Cond: ((id >= 4174939) AND (id <= 4175938))
	        ->  Bitmap Index Scan on sbtest2_pkey  (cost=0.00..35.23 rows=1079 width=0)
	              Index Cond: ((id >= 4174939) AND (id <= 4175938))

table 3 : explain SELECT c FROM sbtest3 WHERE id BETWEEN 2464262 AND 2465261 ORDER BY c
	Sort  (cost=3936.20..3938.71 rows=1003 width=121)
	  Sort Key: c
	  ->  Bitmap Heap Scan on sbtest3  (cost=34.72..3886.20 rows=1003 width=121)
	        Recheck Cond: ((id >= 2464262) AND (id <= 2465261))
	        ->  Bitmap Index Scan on sbtest3_pkey  (cost=0.00..34.47 rows=1003 width=0)
	              Index Cond: ((id >= 2464262) AND (id <= 2465261))

table 4 : explain SELECT c FROM sbtest4 WHERE id BETWEEN 3128109 AND 3129108 ORDER BY c
	Sort  (cost=3919.95..3922.45 rows=997 width=121)
	  Sort Key: c
	  ->  Bitmap Heap Scan on sbtest4  (cost=34.65..3870.30 rows=997 width=121)
	        Recheck Cond: ((id >= 3128109) AND (id <= 3129108))
	        ->  Bitmap Index Scan on sbtest4_pkey  (cost=0.00..34.41 rows=997 width=0)
	              Index Cond: ((id >= 3128109) AND (id <= 3129108))

table 5 : explain SELECT c FROM sbtest5 WHERE id BETWEEN 3183240 AND 3184239 ORDER BY c
	Sort  (cost=3943.02..3945.53 rows=1003 width=121)
	  Sort Key: c
	  ->  Bitmap Heap Scan on sbtest5  (cost=34.72..3893.02 rows=1003 width=121)
	        Recheck Cond: ((id >= 3183240) AND (id <= 3184239))
	        ->  Bitmap Index Scan on sbtest5_pkey  (cost=0.00..34.47 rows=1003 width=0)
	              Index Cond: ((id >= 3183240) AND (id <= 3184239))

table 6 : explain SELECT c FROM sbtest6 WHERE id BETWEEN 1186426 AND 1187425 ORDER BY c
	Sort  (cost=4162.39..4165.05 rows=1062 width=121)
	  Sort Key: c
	  ->  Bitmap Heap Scan on sbtest6  (cost=35.32..4109.01 rows=1062 width=121)
	        Recheck Cond: ((id >= 1186426) AND (id <= 1187425))
	        ->  Bitmap Index Scan on sbtest6_pkey  (cost=0.00..35.06 rows=1062 width=0)
	              Index Cond: ((id >= 1186426) AND (id <= 1187425))

table 7 : explain SELECT c FROM sbtest7 WHERE id BETWEEN 3698114 AND 3699113 ORDER BY c
	Sort  (cost=3444.31..3446.50 rows=876 width=121)
	  Sort Key: c
	  ->  Bitmap Heap Scan on sbtest7  (cost=29.41..3401.50 rows=876 width=121)
	        Recheck Cond: ((id >= 3698114) AND (id <= 3699113))
	        ->  Bitmap Index Scan on sbtest7_pkey  (cost=0.00..29.19 rows=876 width=0)
	              Index Cond: ((id >= 3698114) AND (id <= 3699113))

table 8 : explain SELECT c FROM sbtest8 WHERE id BETWEEN 589968 AND 590967 ORDER BY c
	Sort  (cost=3740.46..3742.84 rows=952 width=121)
	  Sort Key: c
	  ->  Bitmap Heap Scan on sbtest8  (cost=34.19..3693.36 rows=952 width=121)
	        Recheck Cond: ((id >= 589968) AND (id <= 590967))
	        ->  Bitmap Index Scan on sbtest8_pkey  (cost=0.00..33.95 rows=952 width=0)
	              Index Cond: ((id >= 589968) AND (id <= 590967))

for point_selects
table 1 : explain SELECT c FROM sbtest1 WHERE id=7543523
	Index Scan using sbtest1_pkey on sbtest1  (cost=0.43..8.45 rows=1 width=121)
	  Index Cond: (id = 7543523)

table 2 : explain SELECT c FROM sbtest2 WHERE id=7209108
	Index Scan using sbtest2_pkey on sbtest2  (cost=0.43..8.45 rows=1 width=121)
	  Index Cond: (id = 7209108)

table 3 : explain SELECT c FROM sbtest3 WHERE id=7005655
	Index Scan using sbtest3_pkey on sbtest3  (cost=0.43..8.45 rows=1 width=121)
	  Index Cond: (id = 7005655)

table 4 : explain SELECT c FROM sbtest4 WHERE id=8269483
	Index Scan using sbtest4_pkey on sbtest4  (cost=0.43..8.45 rows=1 width=121)
	  Index Cond: (id = 8269483)

table 5 : explain SELECT c FROM sbtest5 WHERE id=9563323
	Index Scan using sbtest5_pkey on sbtest5  (cost=0.43..8.45 rows=1 width=121)
	  Index Cond: (id = 9563323)

table 6 : explain SELECT c FROM sbtest6 WHERE id=7777739
	Index Scan using sbtest6_pkey on sbtest6  (cost=0.43..8.45 rows=1 width=121)
	  Index Cond: (id = 7777739)

table 7 : explain SELECT c FROM sbtest7 WHERE id=4407684
	Index Scan using sbtest7_pkey on sbtest7  (cost=0.43..8.45 rows=1 width=121)
	  Index Cond: (id = 4407684)

table 8 : explain SELECT c FROM sbtest8 WHERE id=4711989
	Index Scan using sbtest8_pkey on sbtest8  (cost=0.43..8.45 rows=1 width=121)
	  Index Cond: (id = 4711989)

explain: for point_selects :: explain SELECT c FROM sbtest%u WHERE id=%u
for: sum_ranges
table 1 : explain SELECT SUM(k) FROM sbtest1 WHERE id BETWEEN 581803 AND 582802
	Aggregate  (cost=3347.14..3347.15 rows=1 width=8)
	  ->  Bitmap Heap Scan on sbtest1  (cost=29.26..3344.99 rows=861 width=4)
	        Recheck Cond: ((id >= 581803) AND (id <= 582802))
	        ->  Bitmap Index Scan on sbtest1_pkey  (cost=0.00..29.04 rows=861 width=0)
	              Index Cond: ((id >= 581803) AND (id <= 582802))

table 2 : explain SELECT SUM(k) FROM sbtest2 WHERE id BETWEEN 6577990 AND 6578989
	Aggregate  (cost=3741.16..3741.17 rows=1 width=8)
	  ->  Bitmap Heap Scan on sbtest2  (cost=34.32..3738.75 rows=964 width=4)
	        Recheck Cond: ((id >= 6577990) AND (id <= 6578989))
	        ->  Bitmap Index Scan on sbtest2_pkey  (cost=0.00..34.08 rows=964 width=0)
	              Index Cond: ((id >= 6577990) AND (id <= 6578989))

table 3 : explain SELECT SUM(k) FROM sbtest3 WHERE id BETWEEN 6078108 AND 6079107
	Aggregate  (cost=4050.74..4050.75 rows=1 width=8)
	  ->  Bitmap Heap Scan on sbtest3  (cost=35.16..4048.12 rows=1046 width=4)
	        Recheck Cond: ((id >= 6078108) AND (id <= 6079107))
	        ->  Bitmap Index Scan on sbtest3_pkey  (cost=0.00..34.90 rows=1046 width=0)
	              Index Cond: ((id >= 6078108) AND (id <= 6079107))

table 4 : explain SELECT SUM(k) FROM sbtest4 WHERE id BETWEEN 3534105 AND 3535104
	Aggregate  (cost=4031.52..4031.53 rows=1 width=8)
	  ->  Bitmap Heap Scan on sbtest4  (cost=35.08..4028.92 rows=1039 width=4)
	        Recheck Cond: ((id >= 3534105) AND (id <= 3535104))
	        ->  Bitmap Index Scan on sbtest4_pkey  (cost=0.00..34.83 rows=1039 width=0)
	              Index Cond: ((id >= 3534105) AND (id <= 3535104))

table 5 : explain SELECT SUM(k) FROM sbtest5 WHERE id BETWEEN 2132929 AND 2133928
	Aggregate  (cost=3835.02..3835.03 rows=1 width=8)
	  ->  Bitmap Heap Scan on sbtest5  (cost=34.55..3832.55 rows=987 width=4)
	        Recheck Cond: ((id >= 2132929) AND (id <= 2133928))
	        ->  Bitmap Index Scan on sbtest5_pkey  (cost=0.00..34.31 rows=987 width=0)
	              Index Cond: ((id >= 2132929) AND (id <= 2133928))

table 6 : explain SELECT SUM(k) FROM sbtest6 WHERE id BETWEEN 3418880 AND 3419879
	Aggregate  (cost=3983.60..3983.61 rows=1 width=8)
	  ->  Bitmap Heap Scan on sbtest6  (cost=34.97..3981.03 rows=1028 width=4)
	        Recheck Cond: ((id >= 3418880) AND (id <= 3419879))
	        ->  Bitmap Index Scan on sbtest6_pkey  (cost=0.00..34.72 rows=1028 width=0)
	              Index Cond: ((id >= 3418880) AND (id <= 3419879))

table 7 : explain SELECT SUM(k) FROM sbtest7 WHERE id BETWEEN 4546839 AND 4547838
	Aggregate  (cost=3943.94..3943.95 rows=1 width=8)
	  ->  Bitmap Heap Scan on sbtest7  (cost=34.87..3941.39 rows=1018 width=4)
	        Recheck Cond: ((id >= 4546839) AND (id <= 4547838))
	        ->  Bitmap Index Scan on sbtest7_pkey  (cost=0.00..34.62 rows=1018 width=0)
	              Index Cond: ((id >= 4546839) AND (id <= 4547838))

table 8 : explain SELECT SUM(k) FROM sbtest8 WHERE id BETWEEN 4722900 AND 4723899
	Aggregate  (cost=3665.53..3665.54 rows=1 width=8)
	  ->  Bitmap Heap Scan on sbtest8  (cost=34.11..3663.17 rows=944 width=4)
	        Recheck Cond: ((id >= 4722900) AND (id <= 4723899))
	        ->  Bitmap Index Scan on sbtest8_pkey  (cost=0.00..33.88 rows=944 width=0)
	              Index Cond: ((id >= 4722900) AND (id <= 4723899))

for: distinct_ranges
table 1 : explain SELECT DISTINCT c FROM sbtest1 WHERE id BETWEEN 619317 AND 620316 ORDER BY c
	Unique  (cost=4038.44..4043.59 rows=1030 width=121)
	  ->  Sort  (cost=4038.44..4041.01 rows=1030 width=121)
	        Sort Key: c
	        ->  Bitmap Heap Scan on sbtest1  (cost=34.99..3986.89 rows=1030 width=121)
	              Recheck Cond: ((id >= 619317) AND (id <= 620316))
	              ->  Bitmap Index Scan on sbtest1_pkey  (cost=0.00..34.73 rows=1030 width=0)
	                    Index Cond: ((id >= 619317) AND (id <= 620316))

table 2 : explain SELECT DISTINCT c FROM sbtest2 WHERE id BETWEEN 4713145 AND 4714144 ORDER BY c
	Unique  (cost=3866.92..3871.85 rows=985 width=121)
	  ->  Sort  (cost=3866.92..3869.38 rows=985 width=121)
	        Sort Key: c
	        ->  Bitmap Heap Scan on sbtest2  (cost=34.53..3817.95 rows=985 width=121)
	              Recheck Cond: ((id >= 4713145) AND (id <= 4714144))
	              ->  Bitmap Index Scan on sbtest2_pkey  (cost=0.00..34.29 rows=985 width=0)
	                    Index Cond: ((id >= 4713145) AND (id <= 4714144))

table 3 : explain SELECT DISTINCT c FROM sbtest3 WHERE id BETWEEN 775594 AND 776593 ORDER BY c
	Unique  (cost=3614.26..3618.86 rows=920 width=121)
	  ->  Sort  (cost=3614.26..3616.56 rows=920 width=121)
	        Sort Key: c
	        ->  Bitmap Heap Scan on sbtest3  (cost=29.87..3568.97 rows=920 width=121)
	              Recheck Cond: ((id >= 775594) AND (id <= 776593))
	              ->  Bitmap Index Scan on sbtest3_pkey  (cost=0.00..29.64 rows=920 width=0)
	                    Index Cond: ((id >= 775594) AND (id <= 776593))

table 4 : explain SELECT DISTINCT c FROM sbtest4 WHERE id BETWEEN 3548596 AND 3549595 ORDER BY c
	Unique  (cost=4080.98..4086.17 rows=1039 width=121)
	  ->  Sort  (cost=4080.98..4083.58 rows=1039 width=121)
	        Sort Key: c
	        ->  Bitmap Heap Scan on sbtest4  (cost=35.08..4028.92 rows=1039 width=121)
	              Recheck Cond: ((id >= 3548596) AND (id <= 3549595))
	              ->  Bitmap Index Scan on sbtest4_pkey  (cost=0.00..34.83 rows=1039 width=0)
	                    Index Cond: ((id >= 3548596) AND (id <= 3549595))

table 5 : explain SELECT DISTINCT c FROM sbtest5 WHERE id BETWEEN 2560492 AND 2561491 ORDER BY c
	Unique  (cost=3943.02..3948.04 rows=1003 width=121)
	  ->  Sort  (cost=3943.02..3945.53 rows=1003 width=121)
	        Sort Key: c
	        ->  Bitmap Heap Scan on sbtest5  (cost=34.72..3893.02 rows=1003 width=121)
	              Recheck Cond: ((id >= 2560492) AND (id <= 2561491))
	              ->  Bitmap Index Scan on sbtest5_pkey  (cost=0.00..34.47 rows=1003 width=0)
	                    Index Cond: ((id >= 2560492) AND (id <= 2561491))

table 6 : explain SELECT DISTINCT c FROM sbtest6 WHERE id BETWEEN 3260437 AND 3261436 ORDER BY c
	Unique  (cost=4196.76..4202.12 rows=1071 width=121)
	  ->  Sort  (cost=4196.76..4199.44 rows=1071 width=121)
	        Sort Key: c
	        ->  Bitmap Heap Scan on sbtest6  (cost=35.41..4142.86 rows=1071 width=121)
	              Recheck Cond: ((id >= 3260437) AND (id <= 3261436))
	              ->  Bitmap Index Scan on sbtest6_pkey  (cost=0.00..35.15 rows=1071 width=0)
	                    Index Cond: ((id >= 3260437) AND (id <= 3261436))

table 7 : explain SELECT DISTINCT c FROM sbtest7 WHERE id BETWEEN 8511179 AND 8512178 ORDER BY c
	Unique  (cost=4286.17..4291.64 rows=1095 width=121)
	  ->  Sort  (cost=4286.17..4288.91 rows=1095 width=121)
	        Sort Key: c
	        ->  Bitmap Heap Scan on sbtest7  (cost=35.66..4230.89 rows=1095 width=121)
	              Recheck Cond: ((id >= 8511179) AND (id <= 8512178))
	              ->  Bitmap Index Scan on sbtest7_pkey  (cost=0.00..35.39 rows=1095 width=0)
	                    Index Cond: ((id >= 8511179) AND (id <= 8512178))

table 8 : explain SELECT DISTINCT c FROM sbtest8 WHERE id BETWEEN 6130201 AND 6131200 ORDER BY c
	Unique  (cost=3878.30..3883.24 rows=988 width=121)
	  ->  Sort  (cost=3878.30..3880.77 rows=988 width=121)
	        Sort Key: c
	        ->  Bitmap Heap Scan on sbtest8  (cost=34.56..3829.15 rows=988 width=121)
	              Recheck Cond: ((id >= 6130201) AND (id <= 6131200))
	              ->  Bitmap Index Scan on sbtest8_pkey  (cost=0.00..34.32 rows=988 width=0)
	                    Index Cond: ((id >= 6130201) AND (id <= 6131200))

for: sum_ranges
table 1 : explain SELECT SUM(k) FROM sbtest1 WHERE id BETWEEN 8799440 AND 8800439
	Aggregate  (cost=3793.46..3793.47 rows=1 width=8)
	  ->  Bitmap Heap Scan on sbtest1  (cost=34.46..3791.02 rows=978 width=4)
	        Recheck Cond: ((id >= 8799440) AND (id <= 8800439))
	        ->  Bitmap Index Scan on sbtest1_pkey  (cost=0.00..34.22 rows=978 width=0)
	              Index Cond: ((id >= 8799440) AND (id <= 8800439))

table 2 : explain SELECT SUM(k) FROM sbtest2 WHERE id BETWEEN 3212578 AND 3213577
	Aggregate  (cost=3914.69..3914.70 rows=1 width=8)
	  ->  Bitmap Heap Scan on sbtest2  (cost=34.79..3912.16 rows=1010 width=4)
	        Recheck Cond: ((id >= 3212578) AND (id <= 3213577))
	        ->  Bitmap Index Scan on sbtest2_pkey  (cost=0.00..34.54 rows=1010 width=0)
	              Index Cond: ((id >= 3212578) AND (id <= 3213577))

table 3 : explain SELECT SUM(k) FROM sbtest3 WHERE id BETWEEN 8030928 AND 8031927
	Aggregate  (cost=3835.90..3835.91 rows=1 width=8)
	  ->  Bitmap Heap Scan on sbtest3  (cost=34.57..3833.43 rows=989 width=4)
	        Recheck Cond: ((id >= 8030928) AND (id <= 8031927))
	        ->  Bitmap Index Scan on sbtest3_pkey  (cost=0.00..34.33 rows=989 width=0)
	              Index Cond: ((id >= 8030928) AND (id <= 8031927))

table 4 : explain SELECT SUM(k) FROM sbtest4 WHERE id BETWEEN 1875449 AND 1876448
	Aggregate  (cost=3876.57..3876.58 rows=1 width=8)
	  ->  Bitmap Heap Scan on sbtest4  (cost=34.66..3874.08 rows=998 width=4)
	        Recheck Cond: ((id >= 1875449) AND (id <= 1876448))
	        ->  Bitmap Index Scan on sbtest4_pkey  (cost=0.00..34.42 rows=998 width=0)
	              Index Cond: ((id >= 1875449) AND (id <= 1876448))

table 5 : explain SELECT SUM(k) FROM sbtest5 WHERE id BETWEEN 4935469 AND 4936468
	Aggregate  (cost=4061.78..4061.79 rows=1 width=8)
	  ->  Bitmap Heap Scan on sbtest5  (cost=35.17..4059.16 rows=1047 width=4)
	        Recheck Cond: ((id >= 4935469) AND (id <= 4936468))
	        ->  Bitmap Index Scan on sbtest5_pkey  (cost=0.00..34.91 rows=1047 width=0)
	              Index Cond: ((id >= 4935469) AND (id <= 4936468))

table 6 : explain SELECT SUM(k) FROM sbtest6 WHERE id BETWEEN 791578 AND 792577
	Aggregate  (cost=3749.70..3749.71 rows=1 width=8)
	  ->  Bitmap Heap Scan on sbtest6  (cost=34.34..3747.28 rows=966 width=4)
	        Recheck Cond: ((id >= 791578) AND (id <= 792577))
	        ->  Bitmap Index Scan on sbtest6_pkey  (cost=0.00..34.09 rows=966 width=0)
	              Index Cond: ((id >= 791578) AND (id <= 792577))

table 7 : explain SELECT SUM(k) FROM sbtest7 WHERE id BETWEEN 7648821 AND 7649820
	Aggregate  (cost=3894.96..3894.97 rows=1 width=8)
	  ->  Bitmap Heap Scan on sbtest7  (cost=34.74..3892.44 rows=1005 width=4)
	        Recheck Cond: ((id >= 7648821) AND (id <= 7649820))
	        ->  Bitmap Index Scan on sbtest7_pkey  (cost=0.00..34.48 rows=1005 width=0)
	              Index Cond: ((id >= 7648821) AND (id <= 7649820))

table 8 : explain SELECT SUM(k) FROM sbtest8 WHERE id BETWEEN 7858982 AND 7859981
	Aggregate  (cost=3756.16..3756.17 rows=1 width=8)
	  ->  Bitmap Heap Scan on sbtest8  (cost=34.36..3753.74 rows=968 width=4)
	        Recheck Cond: ((id >= 7858982) AND (id <= 7859981))
	        ->  Bitmap Index Scan on sbtest8_pkey  (cost=0.00..34.12 rows=968 width=0)
	              Index Cond: ((id >= 7858982) AND (id <= 7859981))

for: sum_ranges
table 1 : explain SELECT SUM(k) FROM sbtest1 WHERE id BETWEEN 8468144 AND 8469143
	Aggregate  (cost=3733.08..3733.09 rows=1 width=8)
	  ->  Bitmap Heap Scan on sbtest1  (cost=34.30..3730.68 rows=962 width=4)
	        Recheck Cond: ((id >= 8468144) AND (id <= 8469143))
	        ->  Bitmap Index Scan on sbtest1_pkey  (cost=0.00..34.06 rows=962 width=0)
	              Index Cond: ((id >= 8468144) AND (id <= 8469143))

table 2 : explain SELECT SUM(k) FROM sbtest2 WHERE id BETWEEN 229128 AND 230127
	Aggregate  (cost=4005.12..4005.13 rows=1 width=8)
	  ->  Bitmap Heap Scan on sbtest2  (cost=35.03..4002.53 rows=1034 width=4)
	        Recheck Cond: ((id >= 229128) AND (id <= 230127))
	        ->  Bitmap Index Scan on sbtest2_pkey  (cost=0.00..34.78 rows=1034 width=0)
	              Index Cond: ((id >= 229128) AND (id <= 230127))

table 3 : explain SELECT SUM(k) FROM sbtest3 WHERE id BETWEEN 7304100 AND 7305099
	Aggregate  (cost=3582.62..3582.63 rows=1 width=8)
	  ->  Bitmap Heap Scan on sbtest3  (cost=29.90..3580.31 rows=923 width=4)
	        Recheck Cond: ((id >= 7304100) AND (id <= 7305099))
	        ->  Bitmap Index Scan on sbtest3_pkey  (cost=0.00..29.66 rows=923 width=0)
	              Index Cond: ((id >= 7304100) AND (id <= 7305099))

table 4 : explain SELECT SUM(k) FROM sbtest4 WHERE id BETWEEN 4213381 AND 4214380
	Aggregate  (cost=3630.50..3630.51 rows=1 width=8)
	  ->  Bitmap Heap Scan on sbtest4  (cost=34.00..3628.17 rows=933 width=4)
	        Recheck Cond: ((id >= 4213381) AND (id <= 4214380))
	        ->  Bitmap Index Scan on sbtest4_pkey  (cost=0.00..33.77 rows=933 width=0)
	              Index Cond: ((id >= 4213381) AND (id <= 4214380))

table 5 : explain SELECT SUM(k) FROM sbtest5 WHERE id BETWEEN 623560 AND 624559
	Aggregate  (cost=3903.09..3903.10 rows=1 width=8)
	  ->  Bitmap Heap Scan on sbtest5  (cost=34.74..3900.58 rows=1005 width=4)
	        Recheck Cond: ((id >= 623560) AND (id <= 624559))
	        ->  Bitmap Index Scan on sbtest5_pkey  (cost=0.00..34.48 rows=1005 width=0)
	              Index Cond: ((id >= 623560) AND (id <= 624559))

table 6 : explain SELECT SUM(k) FROM sbtest6 WHERE id BETWEEN 6898149 AND 6899148
	Aggregate  (cost=3862.94..3862.95 rows=1 width=8)
	  ->  Bitmap Heap Scan on sbtest6  (cost=34.64..3860.45 rows=996 width=4)
	        Recheck Cond: ((id >= 6898149) AND (id <= 6899148))
	        ->  Bitmap Index Scan on sbtest6_pkey  (cost=0.00..34.40 rows=996 width=0)
	              Index Cond: ((id >= 6898149) AND (id <= 6899148))

table 7 : explain SELECT SUM(k) FROM sbtest7 WHERE id BETWEEN 1043682 AND 1044681
	Aggregate  (cost=3316.58..3316.59 rows=1 width=8)
	  ->  Bitmap Heap Scan on sbtest7  (cost=29.18..3314.45 rows=853 width=4)
	        Recheck Cond: ((id >= 1043682) AND (id <= 1044681))
	        ->  Bitmap Index Scan on sbtest7_pkey  (cost=0.00..28.96 rows=853 width=0)
	              Index Cond: ((id >= 1043682) AND (id <= 1044681))

table 8 : explain SELECT SUM(k) FROM sbtest8 WHERE id BETWEEN 1858989 AND 1859988
	Aggregate  (cost=3808.99..3809.00 rows=1 width=8)
	  ->  Bitmap Heap Scan on sbtest8  (cost=34.50..3806.53 rows=982 width=4)
	        Recheck Cond: ((id >= 1858989) AND (id <= 1859988))
	        ->  Bitmap Index Scan on sbtest8_pkey  (cost=0.00..34.26 rows=982 width=0)
	              Index Cond: ((id >= 1858989) AND (id <= 1859988))

for point_selects
table 1 : explain SELECT c FROM sbtest1 WHERE id=5741605
	Index Scan using sbtest1_pkey on sbtest1  (cost=0.43..8.45 rows=1 width=121)
	  Index Cond: (id = 5741605)

table 2 : explain SELECT c FROM sbtest2 WHERE id=5921169
	Index Scan using sbtest2_pkey on sbtest2  (cost=0.43..8.45 rows=1 width=121)
	  Index Cond: (id = 5921169)

table 3 : explain SELECT c FROM sbtest3 WHERE id=5639582
	Index Scan using sbtest3_pkey on sbtest3  (cost=0.43..8.45 rows=1 width=121)
	  Index Cond: (id = 5639582)

table 4 : explain SELECT c FROM sbtest4 WHERE id=7410490
	Index Scan using sbtest4_pkey on sbtest4  (cost=0.43..8.45 rows=1 width=121)
	  Index Cond: (id = 7410490)

table 5 : explain SELECT c FROM sbtest5 WHERE id=801382
	Index Scan using sbtest5_pkey on sbtest5  (cost=0.43..8.45 rows=1 width=121)
	  Index Cond: (id = 801382)

table 6 : explain SELECT c FROM sbtest6 WHERE id=6668115
	Index Scan using sbtest6_pkey on sbtest6  (cost=0.43..8.45 rows=1 width=121)
	  Index Cond: (id = 6668115)

table 7 : explain SELECT c FROM sbtest7 WHERE id=22627
	Index Scan using sbtest7_pkey on sbtest7  (cost=0.43..8.45 rows=1 width=121)
	  Index Cond: (id = 22627)

table 8 : explain SELECT c FROM sbtest8 WHERE id=937779
	Index Scan using sbtest8_pkey on sbtest8  (cost=0.43..8.45 rows=1 width=121)
	  Index Cond: (id = 937779)

for: simple_ranges
table 1 : explain SELECT c FROM sbtest1 WHERE id BETWEEN 1152445 AND 1153444
	Bitmap Heap Scan on sbtest1  (cost=34.89..3949.25 rows=1020 width=121)
	  Recheck Cond: ((id >= 1152445) AND (id <= 1153444))
	  ->  Bitmap Index Scan on sbtest1_pkey  (cost=0.00..34.64 rows=1020 width=0)
	        Index Cond: ((id >= 1152445) AND (id <= 1153444))

table 2 : explain SELECT c FROM sbtest2 WHERE id BETWEEN 1077469 AND 1078468
	Bitmap Heap Scan on sbtest2  (cost=35.17..4051.45 rows=1047 width=121)
	  Recheck Cond: ((id >= 1077469) AND (id <= 1078468))
	  ->  Bitmap Index Scan on sbtest2_pkey  (cost=0.00..34.91 rows=1047 width=0)
	        Index Cond: ((id >= 1077469) AND (id <= 1078468))

table 3 : explain SELECT c FROM sbtest3 WHERE id BETWEEN 8582110 AND 8583109
	Bitmap Heap Scan on sbtest3  (cost=35.05..4010.49 rows=1036 width=121)
	  Recheck Cond: ((id >= 8582110) AND (id <= 8583109))
	  ->  Bitmap Index Scan on sbtest3_pkey  (cost=0.00..34.80 rows=1036 width=0)
	        Index Cond: ((id >= 8582110) AND (id <= 8583109))

table 4 : explain SELECT c FROM sbtest4 WHERE id BETWEEN 4488203 AND 4489202
	Bitmap Heap Scan on sbtest4  (cost=34.06..3650.89 rows=939 width=121)
	  Recheck Cond: ((id >= 4488203) AND (id <= 4489202))
	  ->  Bitmap Index Scan on sbtest4_pkey  (cost=0.00..33.83 rows=939 width=0)
	        Index Cond: ((id >= 4488203) AND (id <= 4489202))

table 5 : explain SELECT c FROM sbtest5 WHERE id BETWEEN 6649000 AND 6649999
	Bitmap Heap Scan on sbtest5  (cost=34.10..3666.08 rows=943 width=121)
	  Recheck Cond: ((id >= 6649000) AND (id <= 6649999))
	  ->  Bitmap Index Scan on sbtest5_pkey  (cost=0.00..33.87 rows=943 width=0)
	        Index Cond: ((id >= 6649000) AND (id <= 6649999))

table 6 : explain SELECT c FROM sbtest6 WHERE id BETWEEN 1249206 AND 1250205
	Bitmap Heap Scan on sbtest6  (cost=34.89..3950.90 rows=1020 width=121)
	  Recheck Cond: ((id >= 1249206) AND (id <= 1250205))
	  ->  Bitmap Index Scan on sbtest6_pkey  (cost=0.00..34.64 rows=1020 width=0)
	        Index Cond: ((id >= 1249206) AND (id <= 1250205))

table 7 : explain SELECT c FROM sbtest7 WHERE id BETWEEN 6291324 AND 6292323
	Bitmap Heap Scan on sbtest7  (cost=34.75..3896.21 rows=1006 width=121)
	  Recheck Cond: ((id >= 6291324) AND (id <= 6292323))
	  ->  Bitmap Index Scan on sbtest7_pkey  (cost=0.00..34.50 rows=1006 width=0)
	        Index Cond: ((id >= 6291324) AND (id <= 6292323))

table 8 : explain SELECT c FROM sbtest8 WHERE id BETWEEN 6894200 AND 6895199
	Bitmap Heap Scan on sbtest8  (cost=35.00..3991.13 rows=1031 width=121)
	  Recheck Cond: ((id >= 6894200) AND (id <= 6895199))
	  ->  Bitmap Index Scan on sbtest8_pkey  (cost=0.00..34.75 rows=1031 width=0)
	        Index Cond: ((id >= 6894200) AND (id <= 6895199))

for: sum_ranges
table 1 : explain SELECT SUM(k) FROM sbtest1 WHERE id BETWEEN 1861965 AND 1862964
	Aggregate  (cost=3574.20..3574.21 rows=1 width=8)
	  ->  Bitmap Heap Scan on sbtest1  (cost=29.88..3571.90 rows=921 width=4)
	        Recheck Cond: ((id >= 1861965) AND (id <= 1862964))
	        ->  Bitmap Index Scan on sbtest1_pkey  (cost=0.00..29.64 rows=921 width=0)
	              Index Cond: ((id >= 1861965) AND (id <= 1862964))

table 2 : explain SELECT SUM(k) FROM sbtest2 WHERE id BETWEEN 3019226 AND 3020225
	Aggregate  (cost=3827.96..3827.97 rows=1 width=8)
	  ->  Bitmap Heap Scan on sbtest2  (cost=34.55..3825.49 rows=987 width=4)
	        Recheck Cond: ((id >= 3019226) AND (id <= 3020225))
	        ->  Bitmap Index Scan on sbtest2_pkey  (cost=0.00..34.31 rows=987 width=0)
	              Index Cond: ((id >= 3019226) AND (id <= 3020225))

table 3 : explain SELECT SUM(k) FROM sbtest3 WHERE id BETWEEN 3782086 AND 3783085
	Aggregate  (cost=4058.27..4058.28 rows=1 width=8)
	  ->  Bitmap Heap Scan on sbtest3  (cost=35.18..4055.65 rows=1048 width=4)
	        Recheck Cond: ((id >= 3782086) AND (id <= 3783085))
	        ->  Bitmap Index Scan on sbtest3_pkey  (cost=0.00..34.92 rows=1048 width=0)
	              Index Cond: ((id >= 3782086) AND (id <= 3783085))

table 4 : explain SELECT SUM(k) FROM sbtest4 WHERE id BETWEEN 5257437 AND 5258436
	Aggregate  (cost=3759.28..3759.29 rows=1 width=8)
	  ->  Bitmap Heap Scan on sbtest4  (cost=34.35..3756.86 rows=967 width=4)
	        Recheck Cond: ((id >= 5257437) AND (id <= 5258436))
	        ->  Bitmap Index Scan on sbtest4_pkey  (cost=0.00..34.11 rows=967 width=0)
	              Index Cond: ((id >= 5257437) AND (id <= 5258436))

table 5 : explain SELECT SUM(k) FROM sbtest5 WHERE id BETWEEN 2128906 AND 2129905
	Aggregate  (cost=3835.02..3835.03 rows=1 width=8)
	  ->  Bitmap Heap Scan on sbtest5  (cost=34.55..3832.55 rows=987 width=4)
	        Recheck Cond: ((id >= 2128906) AND (id <= 2129905))
	        ->  Bitmap Index Scan on sbtest5_pkey  (cost=0.00..34.31 rows=987 width=0)
	              Index Cond: ((id >= 2128906) AND (id <= 2129905))

table 6 : explain SELECT SUM(k) FROM sbtest6 WHERE id BETWEEN 4127356 AND 4128355
	Aggregate  (cost=3666.58..3666.59 rows=1 width=8)
	  ->  Bitmap Heap Scan on sbtest6  (cost=34.11..3664.22 rows=944 width=4)
	        Recheck Cond: ((id >= 4127356) AND (id <= 4128355))
	        ->  Bitmap Index Scan on sbtest6_pkey  (cost=0.00..33.88 rows=944 width=0)
	              Index Cond: ((id >= 4127356) AND (id <= 4128355))

table 7 : explain SELECT SUM(k) FROM sbtest7 WHERE id BETWEEN 9916463 AND 9917462
	Aggregate  (cost=3849.72..3849.73 rows=1 width=8)
	  ->  Bitmap Heap Scan on sbtest7  (cost=34.61..3847.24 rows=993 width=4)
	        Recheck Cond: ((id >= 9916463) AND (id <= 9917462))
	        ->  Bitmap Index Scan on sbtest7_pkey  (cost=0.00..34.37 rows=993 width=0)
	              Index Cond: ((id >= 9916463) AND (id <= 9917462))

table 8 : explain SELECT SUM(k) FROM sbtest8 WHERE id BETWEEN 7308617 AND 7309616
	Aggregate  (cost=3967.34..3967.35 rows=1 width=8)
	  ->  Bitmap Heap Scan on sbtest8  (cost=34.93..3964.78 rows=1024 width=4)
	        Recheck Cond: ((id >= 7308617) AND (id <= 7309616))
	        ->  Bitmap Index Scan on sbtest8_pkey  (cost=0.00..34.68 rows=1024 width=0)
	              Index Cond: ((id >= 7308617) AND (id <= 7309616))

for: simple_ranges
table 1 : explain SELECT c FROM sbtest1 WHERE id BETWEEN 6182693 AND 6183692
	Bitmap Heap Scan on sbtest1  (cost=34.90..3953.02 rows=1021 width=121)
	  Recheck Cond: ((id >= 6182693) AND (id <= 6183692))
	  ->  Bitmap Index Scan on sbtest1_pkey  (cost=0.00..34.65 rows=1021 width=0)
	        Index Cond: ((id >= 6182693) AND (id <= 6183692))

table 2 : explain SELECT c FROM sbtest2 WHERE id BETWEEN 2373387 AND 2374386
	Bitmap Heap Scan on sbtest2  (cost=34.52..3814.18 rows=984 width=121)
	  Recheck Cond: ((id >= 2373387) AND (id <= 2374386))
	  ->  Bitmap Index Scan on sbtest2_pkey  (cost=0.00..34.28 rows=984 width=0)
	        Index Cond: ((id >= 2373387) AND (id <= 2374386))

table 3 : explain SELECT c FROM sbtest3 WHERE id BETWEEN 2643176 AND 2644175
	Bitmap Heap Scan on sbtest3  (cost=35.11..4029.31 rows=1041 width=121)
	  Recheck Cond: ((id >= 2643176) AND (id <= 2644175))
	  ->  Bitmap Index Scan on sbtest3_pkey  (cost=0.00..34.84 rows=1041 width=0)
	        Index Cond: ((id >= 2643176) AND (id <= 2644175))

table 4 : explain SELECT c FROM sbtest4 WHERE id BETWEEN 27868 AND 28867
	Bitmap Heap Scan on sbtest4  (cost=33.92..3597.86 rows=925 width=121)
	  Recheck Cond: ((id >= 27868) AND (id <= 28867))
	  ->  Bitmap Index Scan on sbtest4_pkey  (cost=0.00..33.69 rows=925 width=0)
	        Index Cond: ((id >= 27868) AND (id <= 28867))

table 5 : explain SELECT c FROM sbtest5 WHERE id BETWEEN 7510364 AND 7511363
	Bitmap Heap Scan on sbtest5  (cost=34.59..3847.67 rows=991 width=121)
	  Recheck Cond: ((id >= 7510364) AND (id <= 7511363))
	  ->  Bitmap Index Scan on sbtest5_pkey  (cost=0.00..34.34 rows=991 width=0)
	        Index Cond: ((id >= 7510364) AND (id <= 7511363))

table 6 : explain SELECT c FROM sbtest6 WHERE id BETWEEN 3560701 AND 3561700
	Bitmap Heap Scan on sbtest6  (cost=34.63..3856.68 rows=995 width=121)
	  Recheck Cond: ((id >= 3560701) AND (id <= 3561700))
	  ->  Bitmap Index Scan on sbtest6_pkey  (cost=0.00..34.39 rows=995 width=0)
	        Index Cond: ((id >= 3560701) AND (id <= 3561700))

table 7 : explain SELECT c FROM sbtest7 WHERE id BETWEEN 3559833 AND 3560832
	Bitmap Heap Scan on sbtest7  (cost=34.12..3666.23 rows=945 width=121)
	  Recheck Cond: ((id >= 3559833) AND (id <= 3560832))
	  ->  Bitmap Index Scan on sbtest7_pkey  (cost=0.00..33.89 rows=945 width=0)
	        Index Cond: ((id >= 3559833) AND (id <= 3560832))

table 8 : explain SELECT c FROM sbtest8 WHERE id BETWEEN 8928871 AND 8929870
	Bitmap Heap Scan on sbtest8  (cost=35.41..4141.59 rows=1071 width=121)
	  Recheck Cond: ((id >= 8928871) AND (id <= 8929870))
	  ->  Bitmap Index Scan on sbtest8_pkey  (cost=0.00..35.15 rows=1071 width=0)
	        Index Cond: ((id >= 8928871) AND (id <= 8929870))

explain: for point_selects :: explain SELECT c FROM sbtest%u WHERE id=%u
explain: for point_selects :: explain SELECT c FROM sbtest%u WHERE id=%u
for: sum_ranges
table 1 : explain SELECT SUM(k) FROM sbtest1 WHERE id BETWEEN 6855517 AND 6856516
	Aggregate  (cost=3801.01..3801.02 rows=1 width=8)
	  ->  Bitmap Heap Scan on sbtest1  (cost=34.48..3798.56 rows=980 width=4)
	        Recheck Cond: ((id >= 6855517) AND (id <= 6856516))
	        ->  Bitmap Index Scan on sbtest1_pkey  (cost=0.00..34.23 rows=980 width=0)
	              Index Cond: ((id >= 6855517) AND (id <= 6856516))

table 2 : explain SELECT SUM(k) FROM sbtest2 WHERE id BETWEEN 5770852 AND 5771851
	Aggregate  (cost=3544.44..3544.45 rows=1 width=8)
	  ->  Bitmap Heap Scan on sbtest2  (cost=29.79..3542.16 rows=913 width=4)
	        Recheck Cond: ((id >= 5770852) AND (id <= 5771851))
	        ->  Bitmap Index Scan on sbtest2_pkey  (cost=0.00..29.57 rows=913 width=0)
	              Index Cond: ((id >= 5770852) AND (id <= 5771851))

table 3 : explain SELECT SUM(k) FROM sbtest3 WHERE id BETWEEN 5688887 AND 5689886
	Aggregate  (cost=4302.77..4302.78 rows=1 width=8)
	  ->  Bitmap Heap Scan on sbtest3  (cost=35.85..4299.99 rows=1114 width=4)
	        Recheck Cond: ((id >= 5688887) AND (id <= 5689886))
	        ->  Bitmap Index Scan on sbtest3_pkey  (cost=0.00..35.58 rows=1114 width=0)
	              Index Cond: ((id >= 5688887) AND (id <= 5689886))

table 4 : explain SELECT SUM(k) FROM sbtest4 WHERE id BETWEEN 9167448 AND 9168447
	Aggregate  (cost=3955.96..3955.97 rows=1 width=8)
	  ->  Bitmap Heap Scan on sbtest4  (cost=34.88..3953.41 rows=1019 width=4)
	        Recheck Cond: ((id >= 9167448) AND (id <= 9168447))
	        ->  Bitmap Index Scan on sbtest4_pkey  (cost=0.00..34.62 rows=1019 width=0)
	              Index Cond: ((id >= 9167448) AND (id <= 9168447))

table 5 : explain SELECT SUM(k) FROM sbtest5 WHERE id BETWEEN 1304086 AND 1305085
	Aggregate  (cost=4212.72..4212.73 rows=1 width=8)
	  ->  Bitmap Heap Scan on sbtest5  (cost=35.58..4210.00 rows=1087 width=4)
	        Recheck Cond: ((id >= 1304086) AND (id <= 1305085))
	        ->  Bitmap Index Scan on sbtest5_pkey  (cost=0.00..35.31 rows=1087 width=0)
	              Index Cond: ((id >= 1304086) AND (id <= 1305085))

table 6 : explain SELECT SUM(k) FROM sbtest6 WHERE id BETWEEN 4783249 AND 4784248
	Aggregate  (cost=4141.78..4141.79 rows=1 width=8)
	  ->  Bitmap Heap Scan on sbtest6  (cost=35.40..4139.10 rows=1070 width=4)
	        Recheck Cond: ((id >= 4783249) AND (id <= 4784248))
	        ->  Bitmap Index Scan on sbtest6_pkey  (cost=0.00..35.14 rows=1070 width=0)
	              Index Cond: ((id >= 4783249) AND (id <= 4784248))

table 7 : explain SELECT SUM(k) FROM sbtest7 WHERE id BETWEEN 4456570 AND 4457569
	Aggregate  (cost=3785.61..3785.62 rows=1 width=8)
	  ->  Bitmap Heap Scan on sbtest7  (cost=34.44..3783.17 rows=976 width=4)
	        Recheck Cond: ((id >= 4456570) AND (id <= 4457569))
	        ->  Bitmap Index Scan on sbtest7_pkey  (cost=0.00..34.20 rows=976 width=0)
	              Index Cond: ((id >= 4456570) AND (id <= 4457569))

table 8 : explain SELECT SUM(k) FROM sbtest8 WHERE id BETWEEN 4880689 AND 4881688
	Aggregate  (cost=4291.14..4291.15 rows=1 width=8)
	  ->  Bitmap Heap Scan on sbtest8  (cost=39.81..4288.37 rows=1110 width=4)
	        Recheck Cond: ((id >= 4880689) AND (id <= 4881688))
	        ->  Bitmap Index Scan on sbtest8_pkey  (cost=0.00..39.54 rows=1110 width=0)
	              Index Cond: ((id >= 4880689) AND (id <= 4881688))

for point_selects
table 1 : explain SELECT c FROM sbtest1 WHERE id=6107513
	Index Scan using sbtest1_pkey on sbtest1  (cost=0.43..8.45 rows=1 width=121)
	  Index Cond: (id = 6107513)

table 2 : explain SELECT c FROM sbtest2 WHERE id=1832204
	Index Scan using sbtest2_pkey on sbtest2  (cost=0.43..8.45 rows=1 width=121)
	  Index Cond: (id = 1832204)

table 3 : explain SELECT c FROM sbtest3 WHERE id=3673088
	Index Scan using sbtest3_pkey on sbtest3  (cost=0.43..8.45 rows=1 width=121)
	  Index Cond: (id = 3673088)

table 4 : explain SELECT c FROM sbtest4 WHERE id=9031100
	Index Scan using sbtest4_pkey on sbtest4  (cost=0.43..8.45 rows=1 width=121)
	  Index Cond: (id = 9031100)

table 5 : explain SELECT c FROM sbtest5 WHERE id=1300770
	Index Scan using sbtest5_pkey on sbtest5  (cost=0.43..8.45 rows=1 width=121)
	  Index Cond: (id = 1300770)

table 6 : explain SELECT c FROM sbtest6 WHERE id=3986411
	Index Scan using sbtest6_pkey on sbtest6  (cost=0.43..8.45 rows=1 width=121)
	  Index Cond: (id = 3986411)

table 7 : explain SELECT c FROM sbtest7 WHERE id=2096136
	Index Scan using sbtest7_pkey on sbtest7  (cost=0.43..8.45 rows=1 width=121)
	  Index Cond: (id = 2096136)

table 8 : explain SELECT c FROM sbtest8 WHERE id=3272623
	Index Scan using sbtest8_pkey on sbtest8  (cost=0.43..8.45 rows=1 width=121)
	  Index Cond: (id = 3272623)

explain: for point_selects :: explain SELECT c FROM sbtest%u WHERE id=%u
for: sum_ranges
table 1 : explain SELECT SUM(k) FROM sbtest1 WHERE id BETWEEN 6302010 AND 6303009
	Aggregate  (cost=3778.37..3778.38 rows=1 width=8)
	  ->  Bitmap Heap Scan on sbtest1  (cost=34.42..3775.94 rows=974 width=4)
	        Recheck Cond: ((id >= 6302010) AND (id <= 6303009))
	        ->  Bitmap Index Scan on sbtest1_pkey  (cost=0.00..34.18 rows=974 width=0)
	              Index Cond: ((id >= 6302010) AND (id <= 6303009))

table 2 : explain SELECT SUM(k) FROM sbtest2 WHERE id BETWEEN 8495774 AND 8496773
	Aggregate  (cost=3907.15..3907.16 rows=1 width=8)
	  ->  Bitmap Heap Scan on sbtest2  (cost=34.77..3904.63 rows=1008 width=4)
	        Recheck Cond: ((id >= 8495774) AND (id <= 8496773))
	        ->  Bitmap Index Scan on sbtest2_pkey  (cost=0.00..34.52 rows=1008 width=0)
	              Index Cond: ((id >= 8495774) AND (id <= 8496773))

table 3 : explain SELECT SUM(k) FROM sbtest3 WHERE id BETWEEN 6115302 AND 6116301
	Aggregate  (cost=4050.74..4050.75 rows=1 width=8)
	  ->  Bitmap Heap Scan on sbtest3  (cost=35.16..4048.12 rows=1046 width=4)
	        Recheck Cond: ((id >= 6115302) AND (id <= 6116301))
	        ->  Bitmap Index Scan on sbtest3_pkey  (cost=0.00..34.90 rows=1046 width=0)
	              Index Cond: ((id >= 6115302) AND (id <= 6116301))

table 4 : explain SELECT SUM(k) FROM sbtest4 WHERE id BETWEEN 577914 AND 578913
	Aggregate  (cost=3797.13..3797.14 rows=1 width=8)
	  ->  Bitmap Heap Scan on sbtest4  (cost=34.45..3794.69 rows=977 width=4)
	        Recheck Cond: ((id >= 577914) AND (id <= 578913))
	        ->  Bitmap Index Scan on sbtest4_pkey  (cost=0.00..34.20 rows=977 width=0)
	              Index Cond: ((id >= 577914) AND (id <= 578913))

table 5 : explain SELECT SUM(k) FROM sbtest5 WHERE id BETWEEN 2053570 AND 2054569
	Aggregate  (cost=3774.47..3774.48 rows=1 width=8)
	  ->  Bitmap Heap Scan on sbtest5  (cost=34.39..3772.04 rows=971 width=4)
	        Recheck Cond: ((id >= 2053570) AND (id <= 2054569))
	        ->  Bitmap Index Scan on sbtest5_pkey  (cost=0.00..34.15 rows=971 width=0)
	              Index Cond: ((id >= 2053570) AND (id <= 2054569))

table 6 : explain SELECT SUM(k) FROM sbtest6 WHERE id BETWEEN 2322474 AND 2323473
	Aggregate  (cost=3896.89..3896.90 rows=1 width=8)
	  ->  Bitmap Heap Scan on sbtest6  (cost=34.74..3894.38 rows=1005 width=4)
	        Recheck Cond: ((id >= 2322474) AND (id <= 2323473))
	        ->  Bitmap Index Scan on sbtest6_pkey  (cost=0.00..34.48 rows=1005 width=0)
	              Index Cond: ((id >= 2322474) AND (id <= 2323473))

table 7 : explain SELECT SUM(k) FROM sbtest7 WHERE id BETWEEN 7188691 AND 7189690
	Aggregate  (cost=4278.98..4278.99 rows=1 width=8)
	  ->  Bitmap Heap Scan on sbtest7  (cost=39.78..4276.21 rows=1107 width=4)
	        Recheck Cond: ((id >= 7188691) AND (id <= 7189690))
	        ->  Bitmap Index Scan on sbtest7_pkey  (cost=0.00..39.51 rows=1107 width=0)
	              Index Cond: ((id >= 7188691) AND (id <= 7189690))

table 8 : explain SELECT SUM(k) FROM sbtest8 WHERE id BETWEEN 1420185 AND 1421184
	Aggregate  (cost=3767.48..3767.49 rows=1 width=8)
	  ->  Bitmap Heap Scan on sbtest8  (cost=34.39..3765.05 rows=971 width=4)
	        Recheck Cond: ((id >= 1420185) AND (id <= 1421184))
	        ->  Bitmap Index Scan on sbtest8_pkey  (cost=0.00..34.15 rows=971 width=0)
	              Index Cond: ((id >= 1420185) AND (id <= 1421184))

for: order_ranges
table 1 : explain SELECT c FROM sbtest1 WHERE id BETWEEN 1571521 AND 1572520 ORDER BY c
	Sort  (cost=3778.34..3780.75 rows=962 width=121)
	  Sort Key: c
	  ->  Bitmap Heap Scan on sbtest1  (cost=34.30..3730.68 rows=962 width=121)
	        Recheck Cond: ((id >= 1571521) AND (id <= 1572520))
	        ->  Bitmap Index Scan on sbtest1_pkey  (cost=0.00..34.06 rows=962 width=0)
	              Index Cond: ((id >= 1571521) AND (id <= 1572520))

table 2 : explain SELECT c FROM sbtest2 WHERE id BETWEEN 3334104 AND 3335103 ORDER BY c
	Sort  (cost=3771.21..3773.61 rows=960 width=121)
	  Sort Key: c
	  ->  Bitmap Heap Scan on sbtest2  (cost=34.28..3723.65 rows=960 width=121)
	        Recheck Cond: ((id >= 3334104) AND (id <= 3335103))
	        ->  Bitmap Index Scan on sbtest2_pkey  (cost=0.00..34.04 rows=960 width=0)
	              Index Cond: ((id >= 3334104) AND (id <= 3335103))

table 3 : explain SELECT c FROM sbtest3 WHERE id BETWEEN 827724 AND 828723 ORDER BY c
	Sort  (cost=3951.50..3954.02 rows=1007 width=121)
	  Sort Key: c
	  ->  Bitmap Heap Scan on sbtest3  (cost=34.76..3901.27 rows=1007 width=121)
	        Recheck Cond: ((id >= 827724) AND (id <= 828723))
	        ->  Bitmap Index Scan on sbtest3_pkey  (cost=0.00..34.51 rows=1007 width=0)
	              Index Cond: ((id >= 827724) AND (id <= 828723))

table 4 : explain SELECT c FROM sbtest4 WHERE id BETWEEN 5953859 AND 5954858 ORDER BY c
	Sort  (cost=3762.57..3764.96 rows=956 width=121)
	  Sort Key: c
	  ->  Bitmap Heap Scan on sbtest4  (cost=34.23..3715.24 rows=956 width=121)
	        Recheck Cond: ((id >= 5953859) AND (id <= 5954858))
	        ->  Bitmap Index Scan on sbtest4_pkey  (cost=0.00..34.00 rows=956 width=0)
	              Index Cond: ((id >= 5953859) AND (id <= 5954858))

table 5 : explain SELECT c FROM sbtest5 WHERE id BETWEEN 6033653 AND 6034652 ORDER BY c
	Sort  (cost=3712.67..3715.03 rows=943 width=121)
	  Sort Key: c
	  ->  Bitmap Heap Scan on sbtest5  (cost=34.10..3666.08 rows=943 width=121)
	        Recheck Cond: ((id >= 6033653) AND (id <= 6034652))
	        ->  Bitmap Index Scan on sbtest5_pkey  (cost=0.00..33.87 rows=943 width=0)
	              Index Cond: ((id >= 6033653) AND (id <= 6034652))

table 6 : explain SELECT c FROM sbtest6 WHERE id BETWEEN 8316874 AND 8317873 ORDER BY c
	Sort  (cost=4070.69..4073.29 rows=1038 width=121)
	  Sort Key: c
	  ->  Bitmap Heap Scan on sbtest6  (cost=35.07..4018.69 rows=1038 width=121)
	        Recheck Cond: ((id >= 8316874) AND (id <= 8317873))
	        ->  Bitmap Index Scan on sbtest6_pkey  (cost=0.00..34.82 rows=1038 width=0)
	              Index Cond: ((id >= 8316874) AND (id <= 8317873))

table 7 : explain SELECT c FROM sbtest7 WHERE id BETWEEN 5654117 AND 5655116 ORDER BY c
	Sort  (cost=4003.71..4006.27 rows=1021 width=121)
	  Sort Key: c
	  ->  Bitmap Heap Scan on sbtest7  (cost=34.90..3952.69 rows=1021 width=121)
	        Recheck Cond: ((id >= 5654117) AND (id <= 5655116))
	        ->  Bitmap Index Scan on sbtest7_pkey  (cost=0.00..34.65 rows=1021 width=0)
	              Index Cond: ((id >= 5654117) AND (id <= 5655116))

table 8 : explain SELECT c FROM sbtest8 WHERE id BETWEEN 4974965 AND 4975964 ORDER BY c
	Sort  (cost=4069.47..4072.07 rows=1038 width=121)
	  Sort Key: c
	  ->  Bitmap Heap Scan on sbtest8  (cost=35.07..4017.47 rows=1038 width=121)
	        Recheck Cond: ((id >= 4974965) AND (id <= 4975964))
	        ->  Bitmap Index Scan on sbtest8_pkey  (cost=0.00..34.82 rows=1038 width=0)
	              Index Cond: ((id >= 4974965) AND (id <= 4975964))

for: order_ranges
table 1 : explain SELECT c FROM sbtest1 WHERE id BETWEEN 9638445 AND 9639444 ORDER BY c
	Sort  (cost=4385.72..4388.52 rows=1122 width=121)
	  Sort Key: c
	  ->  Bitmap Heap Scan on sbtest1  (cost=35.94..4328.88 rows=1122 width=121)
	        Recheck Cond: ((id >= 9638445) AND (id <= 9639444))
	        ->  Bitmap Index Scan on sbtest1_pkey  (cost=0.00..35.66 rows=1122 width=0)
	              Index Cond: ((id >= 9638445) AND (id <= 9639444))

table 2 : explain SELECT c FROM sbtest2 WHERE id BETWEEN 8274848 AND 8275847 ORDER BY c
	Sort  (cost=3851.61..3854.07 rows=981 width=121)
	  Sort Key: c
	  ->  Bitmap Heap Scan on sbtest2  (cost=34.49..3802.87 rows=981 width=121)
	        Recheck Cond: ((id >= 8274848) AND (id <= 8275847))
	        ->  Bitmap Index Scan on sbtest2_pkey  (cost=0.00..34.25 rows=981 width=0)
	              Index Cond: ((id >= 8274848) AND (id <= 8275847))

table 3 : explain SELECT c FROM sbtest3 WHERE id BETWEEN 4359769 AND 4360768 ORDER BY c
	Sort  (cost=4092.94..4095.55 rows=1044 width=121)
	  Sort Key: c
	  ->  Bitmap Heap Scan on sbtest3  (cost=35.14..4040.60 rows=1044 width=121)
	        Recheck Cond: ((id >= 4359769) AND (id <= 4360768))
	        ->  Bitmap Index Scan on sbtest3_pkey  (cost=0.00..34.88 rows=1044 width=0)
	              Index Cond: ((id >= 4359769) AND (id <= 4360768))

table 4 : explain SELECT c FROM sbtest4 WHERE id BETWEEN 5406674 AND 5407673 ORDER BY c
	Sort  (cost=3873.91..3876.37 rows=985 width=121)
	  Sort Key: c
	  ->  Bitmap Heap Scan on sbtest4  (cost=34.53..3824.94 rows=985 width=121)
	        Recheck Cond: ((id >= 5406674) AND (id <= 5407673))
	        ->  Bitmap Index Scan on sbtest4_pkey  (cost=0.00..34.29 rows=985 width=0)
	              Index Cond: ((id >= 5406674) AND (id <= 5407673))

table 5 : explain SELECT c FROM sbtest5 WHERE id BETWEEN 7449968 AND 7450967 ORDER BY c
	Sort  (cost=3797.18..3799.59 rows=965 width=121)
	  Sort Key: c
	  ->  Bitmap Heap Scan on sbtest5  (cost=34.33..3749.34 rows=965 width=121)
	        Recheck Cond: ((id >= 7449968) AND (id <= 7450967))
	        ->  Bitmap Index Scan on sbtest5_pkey  (cost=0.00..34.09 rows=965 width=0)
	              Index Cond: ((id >= 7449968) AND (id <= 7450967))

table 6 : explain SELECT c FROM sbtest6 WHERE id BETWEEN 7908170 AND 7909169 ORDER BY c
	Sort  (cost=4085.98..4088.58 rows=1042 width=121)
	  Sort Key: c
	  ->  Bitmap Heap Scan on sbtest6  (cost=35.12..4033.75 rows=1042 width=121)
	        Recheck Cond: ((id >= 7908170) AND (id <= 7909169))
	        ->  Bitmap Index Scan on sbtest6_pkey  (cost=0.00..34.86 rows=1042 width=0)
	              Index Cond: ((id >= 7908170) AND (id <= 7909169))

table 7 : explain SELECT c FROM sbtest7 WHERE id BETWEEN 5088632 AND 5089631 ORDER BY c
	Sort  (cost=3628.63..3630.94 rows=923 width=121)
	  Sort Key: c
	  ->  Bitmap Heap Scan on sbtest7  (cost=33.90..3583.17 rows=923 width=121)
	        Recheck Cond: ((id >= 5088632) AND (id <= 5089631))
	        ->  Bitmap Index Scan on sbtest7_pkey  (cost=0.00..33.67 rows=923 width=0)
	              Index Cond: ((id >= 5088632) AND (id <= 5089631))

table 8 : explain SELECT c FROM sbtest8 WHERE id BETWEEN 6406953 AND 6407952 ORDER BY c
	Sort  (cost=4046.55..4049.13 rows=1032 width=121)
	  Sort Key: c
	  ->  Bitmap Heap Scan on sbtest8  (cost=35.01..3994.89 rows=1032 width=121)
	        Recheck Cond: ((id >= 6406953) AND (id <= 6407952))
	        ->  Bitmap Index Scan on sbtest8_pkey  (cost=0.00..34.76 rows=1032 width=0)
	              Index Cond: ((id >= 6406953) AND (id <= 6407952))

explain: for point_selects :: explain SELECT c FROM sbtest%u WHERE id=%u
explain: for point_selects :: explain SELECT c FROM sbtest%u WHERE id=%u
for: order_ranges
table 1 : explain SELECT c FROM sbtest1 WHERE id BETWEEN 6946487 AND 6947486 ORDER BY c
	Sort  (cost=3812.80..3815.23 rows=971 width=121)
	  Sort Key: c
	  ->  Bitmap Heap Scan on sbtest1  (cost=34.39..3764.62 rows=971 width=121)
	        Recheck Cond: ((id >= 6946487) AND (id <= 6947486))
	        ->  Bitmap Index Scan on sbtest1_pkey  (cost=0.00..34.15 rows=971 width=0)
	              Index Cond: ((id >= 6946487) AND (id <= 6947486))

table 2 : explain SELECT c FROM sbtest2 WHERE id BETWEEN 6935846 AND 6936845 ORDER BY c
	Sort  (cost=3909.01..3911.50 rows=996 width=121)
	  Sort Key: c
	  ->  Bitmap Heap Scan on sbtest2  (cost=34.64..3859.41 rows=996 width=121)
	        Recheck Cond: ((id >= 6935846) AND (id <= 6936845))
	        ->  Bitmap Index Scan on sbtest2_pkey  (cost=0.00..34.40 rows=996 width=0)
	              Index Cond: ((id >= 6935846) AND (id <= 6936845))

table 3 : explain SELECT c FROM sbtest3 WHERE id BETWEEN 3136037 AND 3137036 ORDER BY c
	Sort  (cost=3798.40..3800.82 rows=967 width=121)
	  Sort Key: c
	  ->  Bitmap Heap Scan on sbtest3  (cost=34.35..3750.45 rows=967 width=121)
	        Recheck Cond: ((id >= 3136037) AND (id <= 3137036))
	        ->  Bitmap Index Scan on sbtest3_pkey  (cost=0.00..34.11 rows=967 width=0)
	              Index Cond: ((id >= 3136037) AND (id <= 3137036))

table 4 : explain SELECT c FROM sbtest4 WHERE id BETWEEN 425002 AND 426001 ORDER BY c
	Sort  (cost=3965.98..3968.50 rows=1009 width=121)
	  Sort Key: c
	  ->  Bitmap Heap Scan on sbtest4  (cost=34.78..3915.64 rows=1009 width=121)
	        Recheck Cond: ((id >= 425002) AND (id <= 426001))
	        ->  Bitmap Index Scan on sbtest4_pkey  (cost=0.00..34.53 rows=1009 width=0)
	              Index Cond: ((id >= 425002) AND (id <= 426001))

table 5 : explain SELECT c FROM sbtest5 WHERE id BETWEEN 6797415 AND 6798414 ORDER BY c
	Sort  (cost=3797.18..3799.59 rows=965 width=121)
	  Sort Key: c
	  ->  Bitmap Heap Scan on sbtest5  (cost=34.33..3749.34 rows=965 width=121)
	        Recheck Cond: ((id >= 6797415) AND (id <= 6798414))
	        ->  Bitmap Index Scan on sbtest5_pkey  (cost=0.00..34.09 rows=965 width=0)
	              Index Cond: ((id >= 6797415) AND (id <= 6798414))

table 6 : explain SELECT c FROM sbtest6 WHERE id BETWEEN 1144191 AND 1145190 ORDER BY c
	Sort  (cost=4162.39..4165.05 rows=1062 width=121)
	  Sort Key: c
	  ->  Bitmap Heap Scan on sbtest6  (cost=35.32..4109.01 rows=1062 width=121)
	        Recheck Cond: ((id >= 1144191) AND (id <= 1145190))
	        ->  Bitmap Index Scan on sbtest6_pkey  (cost=0.00..35.06 rows=1062 width=0)
	              Index Cond: ((id >= 1144191) AND (id <= 1145190))

table 7 : explain SELECT c FROM sbtest7 WHERE id BETWEEN 4786573 AND 4787572 ORDER BY c
	Sort  (cost=4320.75..4323.51 rows=1104 width=121)
	  Sort Key: c
	  ->  Bitmap Heap Scan on sbtest7  (cost=39.75..4264.95 rows=1104 width=121)
	        Recheck Cond: ((id >= 4786573) AND (id <= 4787572))
	        ->  Bitmap Index Scan on sbtest7_pkey  (cost=0.00..39.48 rows=1104 width=0)
	              Index Cond: ((id >= 4786573) AND (id <= 4787572))

table 8 : explain SELECT c FROM sbtest8 WHERE id BETWEEN 9224336 AND 9225335 ORDER BY c
	Sort  (cost=3801.74..3804.16 rows=968 width=121)
	  Sort Key: c
	  ->  Bitmap Heap Scan on sbtest8  (cost=34.36..3753.74 rows=968 width=121)
	        Recheck Cond: ((id >= 9224336) AND (id <= 9225335))
	        ->  Bitmap Index Scan on sbtest8_pkey  (cost=0.00..34.12 rows=968 width=0)
	              Index Cond: ((id >= 9224336) AND (id <= 9225335))

for: simple_ranges
table 1 : explain SELECT c FROM sbtest1 WHERE id BETWEEN 1416910 AND 1417909
	Bitmap Heap Scan on sbtest1  (cost=34.92..3960.55 rows=1023 width=121)
	  Recheck Cond: ((id >= 1416910) AND (id <= 1417909))
	  ->  Bitmap Index Scan on sbtest1_pkey  (cost=0.00..34.67 rows=1023 width=0)
	        Index Cond: ((id >= 1416910) AND (id <= 1417909))

table 2 : explain SELECT c FROM sbtest2 WHERE id BETWEEN 3420460 AND 3421459
	Bitmap Heap Scan on sbtest2  (cost=34.28..3723.65 rows=960 width=121)
	  Recheck Cond: ((id >= 3420460) AND (id <= 3421459))
	  ->  Bitmap Index Scan on sbtest2_pkey  (cost=0.00..34.04 rows=960 width=0)
	        Index Cond: ((id >= 3420460) AND (id <= 3421459))

table 3 : explain SELECT c FROM sbtest3 WHERE id BETWEEN 4456446 AND 4457445
	Bitmap Heap Scan on sbtest3  (cost=34.51..3810.80 rows=983 width=121)
	  Recheck Cond: ((id >= 4456446) AND (id <= 4457445))
	  ->  Bitmap Index Scan on sbtest3_pkey  (cost=0.00..34.27 rows=983 width=0)
	        Index Cond: ((id >= 4456446) AND (id <= 4457445))

table 4 : explain SELECT c FROM sbtest4 WHERE id BETWEEN 8632853 AND 8633852
	Bitmap Heap Scan on sbtest4  (cost=34.40..3775.78 rows=972 width=121)
	  Recheck Cond: ((id >= 8632853) AND (id <= 8633852))
	  ->  Bitmap Index Scan on sbtest4_pkey  (cost=0.00..34.16 rows=972 width=0)
	        Index Cond: ((id >= 8632853) AND (id <= 8633852))

table 5 : explain SELECT c FROM sbtest5 WHERE id BETWEEN 4391983 AND 4392982
	Bitmap Heap Scan on sbtest5  (cost=35.31..4111.98 rows=1061 width=121)
	  Recheck Cond: ((id >= 4391983) AND (id <= 4392982))
	  ->  Bitmap Index Scan on sbtest5_pkey  (cost=0.00..35.05 rows=1061 width=0)
	        Index Cond: ((id >= 4391983) AND (id <= 4392982))

table 6 : explain SELECT c FROM sbtest6 WHERE id BETWEEN 1569152 AND 1570151
	Bitmap Heap Scan on sbtest6  (cost=40.14..4409.85 rows=1142 width=121)
	  Recheck Cond: ((id >= 1569152) AND (id <= 1570151))
	  ->  Bitmap Index Scan on sbtest6_pkey  (cost=0.00..39.86 rows=1142 width=0)
	        Index Cond: ((id >= 1569152) AND (id <= 1570151))

table 7 : explain SELECT c FROM sbtest7 WHERE id BETWEEN 7775562 AND 7776561
	Bitmap Heap Scan on sbtest7  (cost=35.02..3997.85 rows=1033 width=121)
	  Recheck Cond: ((id >= 7775562) AND (id <= 7776561))
	  ->  Bitmap Index Scan on sbtest7_pkey  (cost=0.00..34.77 rows=1033 width=0)
	        Index Cond: ((id >= 7775562) AND (id <= 7776561))

table 8 : explain SELECT c FROM sbtest8 WHERE id BETWEEN 4251498 AND 4252497
	Bitmap Heap Scan on sbtest8  (cost=34.41..3772.60 rows=973 width=121)
	  Recheck Cond: ((id >= 4251498) AND (id <= 4252497))
	  ->  Bitmap Index Scan on sbtest8_pkey  (cost=0.00..34.17 rows=973 width=0)
	        Index Cond: ((id >= 4251498) AND (id <= 4252497))

for: sum_ranges
table 1 : explain SELECT SUM(k) FROM sbtest1 WHERE id BETWEEN 4119548 AND 4120547
	Aggregate  (cost=3963.10..3963.11 rows=1 width=8)
	  ->  Bitmap Heap Scan on sbtest1  (cost=34.92..3960.55 rows=1023 width=4)
	        Recheck Cond: ((id >= 4119548) AND (id <= 4120547))
	        ->  Bitmap Index Scan on sbtest1_pkey  (cost=0.00..34.67 rows=1023 width=0)
	              Index Cond: ((id >= 4119548) AND (id <= 4120547))

table 2 : explain SELECT SUM(k) FROM sbtest2 WHERE id BETWEEN 7646361 AND 7647360
	Aggregate  (cost=4016.41..4016.42 rows=1 width=8)
	  ->  Bitmap Heap Scan on sbtest2  (cost=35.06..4013.82 rows=1037 width=4)
	        Recheck Cond: ((id >= 7646361) AND (id <= 7647360))
	        ->  Bitmap Index Scan on sbtest2_pkey  (cost=0.00..34.81 rows=1037 width=0)
	              Index Cond: ((id >= 7646361) AND (id <= 7647360))

table 3 : explain SELECT SUM(k) FROM sbtest3 WHERE id BETWEEN 5359655 AND 5360654
	Aggregate  (cost=3964.10..3964.11 rows=1 width=8)
	  ->  Bitmap Heap Scan on sbtest3  (cost=34.92..3961.54 rows=1023 width=4)
	        Recheck Cond: ((id >= 5359655) AND (id <= 5360654))
	        ->  Bitmap Index Scan on sbtest3_pkey  (cost=0.00..34.67 rows=1023 width=0)
	              Index Cond: ((id >= 5359655) AND (id <= 5360654))

table 4 : explain SELECT SUM(k) FROM sbtest4 WHERE id BETWEEN 7879150 AND 7880149
	Aggregate  (cost=3959.74..3959.75 rows=1 width=8)
	  ->  Bitmap Heap Scan on sbtest4  (cost=34.89..3957.19 rows=1020 width=4)
	        Recheck Cond: ((id >= 7879150) AND (id <= 7880149))
	        ->  Bitmap Index Scan on sbtest4_pkey  (cost=0.00..34.64 rows=1020 width=0)
	              Index Cond: ((id >= 7879150) AND (id <= 7880149))

table 5 : explain SELECT SUM(k) FROM sbtest5 WHERE id BETWEEN 1811662 AND 1812661
	Aggregate  (cost=4107.08..4107.09 rows=1 width=8)
	  ->  Bitmap Heap Scan on sbtest5  (cost=35.29..4104.43 rows=1059 width=4)
	        Recheck Cond: ((id >= 1811662) AND (id <= 1812661))
	        ->  Bitmap Index Scan on sbtest5_pkey  (cost=0.00..35.03 rows=1059 width=0)
	              Index Cond: ((id >= 1811662) AND (id <= 1812661))

table 6 : explain SELECT SUM(k) FROM sbtest6 WHERE id BETWEEN 6479537 AND 6480536
	Aggregate  (cost=3674.14..3674.15 rows=1 width=8)
	  ->  Bitmap Heap Scan on sbtest6  (cost=34.13..3671.77 rows=946 width=4)
	        Recheck Cond: ((id >= 6479537) AND (id <= 6480536))
	        ->  Bitmap Index Scan on sbtest6_pkey  (cost=0.00..33.90 rows=946 width=0)
	              Index Cond: ((id >= 6479537) AND (id <= 6480536))

table 7 : explain SELECT SUM(k) FROM sbtest7 WHERE id BETWEEN 2003214 AND 2004213
	Aggregate  (cost=3808.24..3808.25 rows=1 width=8)
	  ->  Bitmap Heap Scan on sbtest7  (cost=34.50..3805.79 rows=982 width=4)
	        Recheck Cond: ((id >= 2003214) AND (id <= 2004213))
	        ->  Bitmap Index Scan on sbtest7_pkey  (cost=0.00..34.26 rows=982 width=0)
	              Index Cond: ((id >= 2003214) AND (id <= 2004213))

table 8 : explain SELECT SUM(k) FROM sbtest8 WHERE id BETWEEN 6905600 AND 6906599
	Aggregate  (cost=3993.70..3993.71 rows=1 width=8)
	  ->  Bitmap Heap Scan on sbtest8  (cost=35.00..3991.13 rows=1031 width=4)
	        Recheck Cond: ((id >= 6905600) AND (id <= 6906599))
	        ->  Bitmap Index Scan on sbtest8_pkey  (cost=0.00..34.75 rows=1031 width=0)
	              Index Cond: ((id >= 6905600) AND (id <= 6906599))

explain: for point_selects :: explain SELECT c FROM sbtest%u WHERE id=%u
for point_selects
table 1 : explain SELECT c FROM sbtest1 WHERE id=6403021
	Index Scan using sbtest1_pkey on sbtest1  (cost=0.43..8.45 rows=1 width=121)
	  Index Cond: (id = 6403021)

table 2 : explain SELECT c FROM sbtest2 WHERE id=201257
	Index Scan using sbtest2_pkey on sbtest2  (cost=0.43..8.45 rows=1 width=121)
	  Index Cond: (id = 201257)

table 3 : explain SELECT c FROM sbtest3 WHERE id=6556721
	Index Scan using sbtest3_pkey on sbtest3  (cost=0.43..8.45 rows=1 width=121)
	  Index Cond: (id = 6556721)

table 4 : explain SELECT c FROM sbtest4 WHERE id=4343144
	Index Scan using sbtest4_pkey on sbtest4  (cost=0.43..8.45 rows=1 width=121)
	  Index Cond: (id = 4343144)

table 5 : explain SELECT c FROM sbtest5 WHERE id=6955395
	Index Scan using sbtest5_pkey on sbtest5  (cost=0.43..8.45 rows=1 width=121)
	  Index Cond: (id = 6955395)

table 6 : explain SELECT c FROM sbtest6 WHERE id=5847640
	Index Scan using sbtest6_pkey on sbtest6  (cost=0.43..8.45 rows=1 width=121)
	  Index Cond: (id = 5847640)

table 7 : explain SELECT c FROM sbtest7 WHERE id=1380970
	Index Scan using sbtest7_pkey on sbtest7  (cost=0.43..8.45 rows=1 width=121)
	  Index Cond: (id = 1380970)

table 8 : explain SELECT c FROM sbtest8 WHERE id=9081841
	Index Scan using sbtest8_pkey on sbtest8  (cost=0.43..8.45 rows=1 width=121)
	  Index Cond: (id = 9081841)

for: order_ranges
table 1 : explain SELECT c FROM sbtest1 WHERE id BETWEEN 2507597 AND 2508596 ORDER BY c
	Sort  (cost=4072.82..4075.42 rows=1039 width=121)
	  Sort Key: c
	  ->  Bitmap Heap Scan on sbtest1  (cost=35.08..4020.76 rows=1039 width=121)
	        Recheck Cond: ((id >= 2507597) AND (id <= 2508596))
	        ->  Bitmap Index Scan on sbtest1_pkey  (cost=0.00..34.83 rows=1039 width=0)
	              Index Cond: ((id >= 2507597) AND (id <= 2508596))

table 2 : explain SELECT c FROM sbtest2 WHERE id BETWEEN 6496244 AND 6497243 ORDER BY c
	Sort  (cost=3759.72..3762.11 rows=957 width=121)
	  Sort Key: c
	  ->  Bitmap Heap Scan on sbtest2  (cost=34.24..3712.33 rows=957 width=121)
	        Recheck Cond: ((id >= 6496244) AND (id <= 6497243))
	        ->  Bitmap Index Scan on sbtest2_pkey  (cost=0.00..34.01 rows=957 width=0)
	              Index Cond: ((id >= 6496244) AND (id <= 6497243))

table 3 : explain SELECT c FROM sbtest3 WHERE id BETWEEN 7131060 AND 7132059 ORDER BY c
	Sort  (cost=3947.67..3950.19 rows=1006 width=121)
	  Sort Key: c
	  ->  Bitmap Heap Scan on sbtest3  (cost=34.75..3897.50 rows=1006 width=121)
	        Recheck Cond: ((id >= 7131060) AND (id <= 7132059))
	        ->  Bitmap Index Scan on sbtest3_pkey  (cost=0.00..34.50 rows=1006 width=0)
	              Index Cond: ((id >= 7131060) AND (id <= 7132059))

table 4 : explain SELECT c FROM sbtest4 WHERE id BETWEEN 8881413 AND 8882412 ORDER BY c
	Sort  (cost=3793.29..3795.70 rows=964 width=121)
	  Sort Key: c
	  ->  Bitmap Heap Scan on sbtest4  (cost=34.32..3745.51 rows=964 width=121)
	        Recheck Cond: ((id >= 8881413) AND (id <= 8882412))
	        ->  Bitmap Index Scan on sbtest4_pkey  (cost=0.00..34.08 rows=964 width=0)
	              Index Cond: ((id >= 8881413) AND (id <= 8882412))

table 5 : explain SELECT c FROM sbtest5 WHERE id BETWEEN 2816944 AND 2817943 ORDER BY c
	Sort  (cost=3624.10..3626.40 rows=921 width=121)
	  Sort Key: c
	  ->  Bitmap Heap Scan on sbtest5  (cost=29.88..3578.75 rows=921 width=121)
	        Recheck Cond: ((id >= 2816944) AND (id <= 2817943))
	        ->  Bitmap Index Scan on sbtest5_pkey  (cost=0.00..29.64 rows=921 width=0)
	              Index Cond: ((id >= 2816944) AND (id <= 2817943))

table 6 : explain SELECT c FROM sbtest6 WHERE id BETWEEN 5085025 AND 5086024 ORDER BY c
	Sort  (cost=3799.01..3801.43 rows=967 width=121)
	  Sort Key: c
	  ->  Bitmap Heap Scan on sbtest6  (cost=34.35..3751.06 rows=967 width=121)
	        Recheck Cond: ((id >= 5085025) AND (id <= 5086024))
	        ->  Bitmap Index Scan on sbtest6_pkey  (cost=0.00..34.11 rows=967 width=0)
	              Index Cond: ((id >= 5085025) AND (id <= 5086024))

table 7 : explain SELECT c FROM sbtest7 WHERE id BETWEEN 616308 AND 617307 ORDER BY c
	Sort  (cost=3969.32..3971.85 rows=1012 width=121)
	  Sort Key: c
	  ->  Bitmap Heap Scan on sbtest7  (cost=34.81..3918.80 rows=1012 width=121)
	        Recheck Cond: ((id >= 616308) AND (id <= 617307))
	        ->  Bitmap Index Scan on sbtest7_pkey  (cost=0.00..34.56 rows=1012 width=0)
	              Index Cond: ((id >= 616308) AND (id <= 617307))

table 8 : explain SELECT c FROM sbtest8 WHERE id BETWEEN 5877062 AND 5878061 ORDER BY c
	Sort  (cost=3954.81..3957.33 rows=1008 width=121)
	  Sort Key: c
	  ->  Bitmap Heap Scan on sbtest8  (cost=34.77..3904.52 rows=1008 width=121)
	        Recheck Cond: ((id >= 5877062) AND (id <= 5878061))
	        ->  Bitmap Index Scan on sbtest8_pkey  (cost=0.00..34.52 rows=1008 width=0)
	              Index Cond: ((id >= 5877062) AND (id <= 5878061))

explain: for point_selects :: explain SELECT c FROM sbtest%u WHERE id=%u
for: distinct_ranges
table 1 : explain SELECT DISTINCT c FROM sbtest1 WHERE id BETWEEN 8511887 AND 8512886 ORDER BY c
	Unique  (cost=3770.69..3775.49 rows=960 width=121)
	  ->  Sort  (cost=3770.69..3773.09 rows=960 width=121)
	        Sort Key: c
	        ->  Bitmap Heap Scan on sbtest1  (cost=34.28..3723.13 rows=960 width=121)
	              Recheck Cond: ((id >= 8511887) AND (id <= 8512886))
	              ->  Bitmap Index Scan on sbtest1_pkey  (cost=0.00..34.04 rows=960 width=0)
	                    Index Cond: ((id >= 8511887) AND (id <= 8512886))

table 2 : explain SELECT DISTINCT c FROM sbtest2 WHERE id BETWEEN 8959091 AND 8960090 ORDER BY c
	Unique  (cost=3763.55..3768.34 rows=958 width=121)
	  ->  Sort  (cost=3763.55..3765.94 rows=958 width=121)
	        Sort Key: c
	        ->  Bitmap Heap Scan on sbtest2  (cost=34.25..3716.11 rows=958 width=121)
	              Recheck Cond: ((id >= 8959091) AND (id <= 8960090))
	              ->  Bitmap Index Scan on sbtest2_pkey  (cost=0.00..34.02 rows=958 width=0)
	                    Index Cond: ((id >= 8959091) AND (id <= 8960090))

table 3 : explain SELECT DISTINCT c FROM sbtest3 WHERE id BETWEEN 1782781 AND 1783780 ORDER BY c
	Unique  (cost=4020.33..4025.46 rows=1025 width=121)
	  ->  Sort  (cost=4020.33..4022.89 rows=1025 width=121)
	        Sort Key: c
	        ->  Bitmap Heap Scan on sbtest3  (cost=34.94..3969.07 rows=1025 width=121)
	              Recheck Cond: ((id >= 1782781) AND (id <= 1783780))
	              ->  Bitmap Index Scan on sbtest3_pkey  (cost=0.00..34.69 rows=1025 width=0)
	                    Index Cond: ((id >= 1782781) AND (id <= 1783780))

table 4 : explain SELECT DISTINCT c FROM sbtest4 WHERE id BETWEEN 1569400 AND 1570399 ORDER BY c
	Unique  (cost=3965.98..3971.03 rows=1009 width=121)
	  ->  Sort  (cost=3965.98..3968.50 rows=1009 width=121)
	        Sort Key: c
	        ->  Bitmap Heap Scan on sbtest4  (cost=34.78..3915.64 rows=1009 width=121)
	              Recheck Cond: ((id >= 1569400) AND (id <= 1570399))
	              ->  Bitmap Index Scan on sbtest4_pkey  (cost=0.00..34.53 rows=1009 width=0)
	                    Index Cond: ((id >= 1569400) AND (id <= 1570399))

table 5 : explain SELECT DISTINCT c FROM sbtest5 WHERE id BETWEEN 4797112 AND 4798111 ORDER BY c
	Unique  (cost=4042.71..4047.86 rows=1029 width=121)
	  ->  Sort  (cost=4042.71..4045.28 rows=1029 width=121)
	        Sort Key: c
	        ->  Bitmap Heap Scan on sbtest5  (cost=34.98..3991.22 rows=1029 width=121)
	              Recheck Cond: ((id >= 4797112) AND (id <= 4798111))
	              ->  Bitmap Index Scan on sbtest5_pkey  (cost=0.00..34.73 rows=1029 width=0)
	                    Index Cond: ((id >= 4797112) AND (id <= 4798111))

table 6 : explain SELECT DISTINCT c FROM sbtest6 WHERE id BETWEEN 4343679 AND 4344678 ORDER BY c
	Unique  (cost=4032.46..4037.60 rows=1028 width=121)
	  ->  Sort  (cost=4032.46..4035.03 rows=1028 width=121)
	        Sort Key: c
	        ->  Bitmap Heap Scan on sbtest6  (cost=34.97..3981.03 rows=1028 width=121)
	              Recheck Cond: ((id >= 4343679) AND (id <= 4344678))
	              ->  Bitmap Index Scan on sbtest6_pkey  (cost=0.00..34.72 rows=1028 width=0)
	                    Index Cond: ((id >= 4343679) AND (id <= 4344678))

table 7 : explain SELECT DISTINCT c FROM sbtest7 WHERE id BETWEEN 5973944 AND 5974943 ORDER BY c
	Unique  (cost=3827.80..3832.68 rows=975 width=121)
	  ->  Sort  (cost=3827.80..3830.24 rows=975 width=121)
	        Sort Key: c
	        ->  Bitmap Heap Scan on sbtest7  (cost=34.43..3779.40 rows=975 width=121)
	              Recheck Cond: ((id >= 5973944) AND (id <= 5974943))
	              ->  Bitmap Index Scan on sbtest7_pkey  (cost=0.00..34.19 rows=975 width=0)
	                    Index Cond: ((id >= 5973944) AND (id <= 5974943))

table 8 : explain SELECT DISTINCT c FROM sbtest8 WHERE id BETWEEN 5846038 AND 5847037 ORDER BY c
	Unique  (cost=3954.81..3959.85 rows=1008 width=121)
	  ->  Sort  (cost=3954.81..3957.33 rows=1008 width=121)
	        Sort Key: c
	        ->  Bitmap Heap Scan on sbtest8  (cost=34.77..3904.52 rows=1008 width=121)
	              Recheck Cond: ((id >= 5846038) AND (id <= 5847037))
	              ->  Bitmap Index Scan on sbtest8_pkey  (cost=0.00..34.52 rows=1008 width=0)
	                    Index Cond: ((id >= 5846038) AND (id <= 5847037))

for: distinct_ranges
table 1 : explain SELECT DISTINCT c FROM sbtest1 WHERE id BETWEEN 587727 AND 588726 ORDER BY c
	Unique  (cost=3386.96..3391.27 rows=861 width=121)
	  ->  Sort  (cost=3386.96..3389.12 rows=861 width=121)
	        Sort Key: c
	        ->  Bitmap Heap Scan on sbtest1  (cost=29.26..3344.99 rows=861 width=121)
	              Recheck Cond: ((id >= 587727) AND (id <= 588726))
	              ->  Bitmap Index Scan on sbtest1_pkey  (cost=0.00..29.04 rows=861 width=0)
	                    Index Cond: ((id >= 587727) AND (id <= 588726))

table 2 : explain SELECT DISTINCT c FROM sbtest2 WHERE id BETWEEN 1634687 AND 1635686 ORDER BY c
	Unique  (cost=3824.82..3829.69 rows=974 width=121)
	  ->  Sort  (cost=3824.82..3827.25 rows=974 width=121)
	        Sort Key: c
	        ->  Bitmap Heap Scan on sbtest2  (cost=34.42..3776.47 rows=974 width=121)
	              Recheck Cond: ((id >= 1634687) AND (id <= 1635686))
	              ->  Bitmap Index Scan on sbtest2_pkey  (cost=0.00..34.18 rows=974 width=0)
	                    Index Cond: ((id >= 1634687) AND (id <= 1635686))

table 3 : explain SELECT DISTINCT c FROM sbtest3 WHERE id BETWEEN 8469760 AND 8470759 ORDER BY c
	Unique  (cost=3763.93..3768.72 rows=958 width=121)
	  ->  Sort  (cost=3763.93..3766.32 rows=958 width=121)
	        Sort Key: c
	        ->  Bitmap Heap Scan on sbtest3  (cost=34.25..3716.49 rows=958 width=121)
	              Recheck Cond: ((id >= 8469760) AND (id <= 8470759))
	              ->  Bitmap Index Scan on sbtest3_pkey  (cost=0.00..34.02 rows=958 width=0)
	                    Index Cond: ((id >= 8469760) AND (id <= 8470759))

table 4 : explain SELECT DISTINCT c FROM sbtest4 WHERE id BETWEEN 6474555 AND 6475554 ORDER BY c
	Unique  (cost=4172.90..4178.22 rows=1063 width=121)
	  ->  Sort  (cost=4172.90..4175.56 rows=1063 width=121)
	        Sort Key: c
	        ->  Bitmap Heap Scan on sbtest4  (cost=35.33..4119.46 rows=1063 width=121)
	              Recheck Cond: ((id >= 6474555) AND (id <= 6475554))
	              ->  Bitmap Index Scan on sbtest4_pkey  (cost=0.00..35.07 rows=1063 width=0)
	                    Index Cond: ((id >= 6474555) AND (id <= 6475554))

table 5 : explain SELECT DISTINCT c FROM sbtest5 WHERE id BETWEEN 7044839 AND 7045838 ORDER BY c
	Unique  (cost=3881.64..3886.57 rows=987 width=121)
	  ->  Sort  (cost=3881.64..3884.10 rows=987 width=121)
	        Sort Key: c
	        ->  Bitmap Heap Scan on sbtest5  (cost=34.55..3832.55 rows=987 width=121)
	              Recheck Cond: ((id >= 7044839) AND (id <= 7045838))
	              ->  Bitmap Index Scan on sbtest5_pkey  (cost=0.00..34.31 rows=987 width=0)
	                    Index Cond: ((id >= 7044839) AND (id <= 7045838))

table 6 : explain SELECT DISTINCT c FROM sbtest6 WHERE id BETWEEN 5209925 AND 5210924 ORDER BY c
	Unique  (cost=3806.67..3811.51 rows=969 width=121)
	  ->  Sort  (cost=3806.67..3809.09 rows=969 width=121)
	        Sort Key: c
	        ->  Bitmap Heap Scan on sbtest6  (cost=34.37..3758.61 rows=969 width=121)
	              Recheck Cond: ((id >= 5209925) AND (id <= 5210924))
	              ->  Bitmap Index Scan on sbtest6_pkey  (cost=0.00..34.12 rows=969 width=0)
	                    Index Cond: ((id >= 5209925) AND (id <= 5210924))

table 7 : explain SELECT DISTINCT c FROM sbtest7 WHERE id BETWEEN 1916781 AND 1917780 ORDER BY c
	Unique  (cost=3881.37..3886.31 rows=989 width=121)
	  ->  Sort  (cost=3881.37..3883.84 rows=989 width=121)
	        Sort Key: c
	        ->  Bitmap Heap Scan on sbtest7  (cost=34.57..3832.17 rows=989 width=121)
	              Recheck Cond: ((id >= 1916781) AND (id <= 1917780))
	              ->  Bitmap Index Scan on sbtest7_pkey  (cost=0.00..34.33 rows=989 width=0)
	                    Index Cond: ((id >= 1916781) AND (id <= 1917780))

table 8 : explain SELECT DISTINCT c FROM sbtest8 WHERE id BETWEEN 7173666 AND 7174665 ORDER BY c
	Unique  (cost=4260.35..4265.79 rows=1088 width=121)
	  ->  Sort  (cost=4260.35..4263.07 rows=1088 width=121)
	        Sort Key: c
	        ->  Bitmap Heap Scan on sbtest8  (cost=35.59..4205.48 rows=1088 width=121)
	              Recheck Cond: ((id >= 7173666) AND (id <= 7174665))
	              ->  Bitmap Index Scan on sbtest8_pkey  (cost=0.00..35.32 rows=1088 width=0)
	                    Index Cond: ((id >= 7173666) AND (id <= 7174665))

for: order_ranges
table 1 : explain SELECT c FROM sbtest1 WHERE id BETWEEN 6281630 AND 6282629 ORDER BY c
	Sort  (cost=3824.28..3826.72 rows=974 width=121)
	  Sort Key: c
	  ->  Bitmap Heap Scan on sbtest1  (cost=34.42..3775.94 rows=974 width=121)
	        Recheck Cond: ((id >= 6281630) AND (id <= 6282629))
	        ->  Bitmap Index Scan on sbtest1_pkey  (cost=0.00..34.18 rows=974 width=0)
	              Index Cond: ((id >= 6281630) AND (id <= 6282629))

table 2 : explain SELECT c FROM sbtest2 WHERE id BETWEEN 1564889 AND 1565888 ORDER BY c
	Sort  (cost=3851.61..3854.07 rows=981 width=121)
	  Sort Key: c
	  ->  Bitmap Heap Scan on sbtest2  (cost=34.49..3802.87 rows=981 width=121)
	        Recheck Cond: ((id >= 1564889) AND (id <= 1565888))
	        ->  Bitmap Index Scan on sbtest2_pkey  (cost=0.00..34.25 rows=981 width=0)
	              Index Cond: ((id >= 1564889) AND (id <= 1565888))

table 3 : explain SELECT c FROM sbtest3 WHERE id BETWEEN 5663099 AND 5664098 ORDER BY c
	Sort  (cost=3959.15..3961.67 rows=1009 width=121)
	  Sort Key: c
	  ->  Bitmap Heap Scan on sbtest3  (cost=34.78..3908.81 rows=1009 width=121)
	        Recheck Cond: ((id >= 5663099) AND (id <= 5664098))
	        ->  Bitmap Index Scan on sbtest3_pkey  (cost=0.00..34.53 rows=1009 width=0)
	              Index Cond: ((id >= 5663099) AND (id <= 5664098))

table 4 : explain SELECT c FROM sbtest4 WHERE id BETWEEN 1963257 AND 1964256 ORDER BY c
	Sort  (cost=3616.36..3618.66 rows=919 width=121)
	  Sort Key: c
	  ->  Bitmap Heap Scan on sbtest4  (cost=29.85..3571.13 rows=919 width=121)
	        Recheck Cond: ((id >= 1963257) AND (id <= 1964256))
	        ->  Bitmap Index Scan on sbtest4_pkey  (cost=0.00..29.62 rows=919 width=0)
	              Index Cond: ((id >= 1963257) AND (id <= 1964256))

table 5 : explain SELECT c FROM sbtest5 WHERE id BETWEEN 5208396 AND 5209395 ORDER BY c
	Sort  (cost=3535.62..3537.87 rows=898 width=121)
	  Sort Key: c
	  ->  Bitmap Heap Scan on sbtest5  (cost=29.64..3491.57 rows=898 width=121)
	        Recheck Cond: ((id >= 5208396) AND (id <= 5209395))
	        ->  Bitmap Index Scan on sbtest5_pkey  (cost=0.00..29.41 rows=898 width=0)
	              Index Cond: ((id >= 5208396) AND (id <= 5209395))

table 6 : explain SELECT c FROM sbtest6 WHERE id BETWEEN 8516609 AND 8517608 ORDER BY c
	Sort  (cost=3392.45..3394.59 rows=854 width=121)
	  Sort Key: c
	  ->  Index Scan using sbtest6_pkey on sbtest6  (cost=0.43..3350.87 rows=854 width=121)
	        Index Cond: ((id >= 8516609) AND (id <= 8517608))

table 7 : explain SELECT c FROM sbtest7 WHERE id BETWEEN 3292614 AND 3293613 ORDER BY c
	Sort  (cost=4118.30..4120.93 rows=1051 width=121)
	  Sort Key: c
	  ->  Bitmap Heap Scan on sbtest7  (cost=35.21..4065.55 rows=1051 width=121)
	        Recheck Cond: ((id >= 3292614) AND (id <= 3293613))
	        ->  Bitmap Index Scan on sbtest7_pkey  (cost=0.00..34.95 rows=1051 width=0)
	              Index Cond: ((id >= 3292614) AND (id <= 3293613))

table 8 : explain SELECT c FROM sbtest8 WHERE id BETWEEN 7148754 AND 7149753 ORDER BY c
	Sort  (cost=4260.35..4263.07 rows=1088 width=121)
	  Sort Key: c
	  ->  Bitmap Heap Scan on sbtest8  (cost=35.59..4205.48 rows=1088 width=121)
	        Recheck Cond: ((id >= 7148754) AND (id <= 7149753))
	        ->  Bitmap Index Scan on sbtest8_pkey  (cost=0.00..35.32 rows=1088 width=0)
	              Index Cond: ((id >= 7148754) AND (id <= 7149753))

for: order_ranges
table 1 : explain SELECT c FROM sbtest1 WHERE id BETWEEN 6848616 AND 6849615 ORDER BY c
	Sort  (cost=3847.25..3849.70 rows=980 width=121)
	  Sort Key: c
	  ->  Bitmap Heap Scan on sbtest1  (cost=34.48..3798.56 rows=980 width=121)
	        Recheck Cond: ((id >= 6848616) AND (id <= 6849615))
	        ->  Bitmap Index Scan on sbtest1_pkey  (cost=0.00..34.23 rows=980 width=0)
	              Index Cond: ((id >= 6848616) AND (id <= 6849615))

table 2 : explain SELECT c FROM sbtest2 WHERE id BETWEEN 680400 AND 681399 ORDER BY c
	Sort  (cost=4161.25..4163.90 rows=1062 width=121)
	  Sort Key: c
	  ->  Bitmap Heap Scan on sbtest2  (cost=35.32..4107.87 rows=1062 width=121)
	        Recheck Cond: ((id >= 680400) AND (id <= 681399))
	        ->  Bitmap Index Scan on sbtest2_pkey  (cost=0.00..35.06 rows=1062 width=0)
	              Index Cond: ((id >= 680400) AND (id <= 681399))

table 3 : explain SELECT c FROM sbtest3 WHERE id BETWEEN 234820 AND 235819 ORDER BY c
	Sort  (cost=4146.42..4149.06 rows=1058 width=121)
	  Sort Key: c
	  ->  Bitmap Heap Scan on sbtest3  (cost=35.28..4093.27 rows=1058 width=121)
	        Recheck Cond: ((id >= 234820) AND (id <= 235819))
	        ->  Bitmap Index Scan on sbtest3_pkey  (cost=0.00..35.02 rows=1058 width=0)
	              Index Cond: ((id >= 234820) AND (id <= 235819))

table 4 : explain SELECT c FROM sbtest4 WHERE id BETWEEN 9464622 AND 9465621 ORDER BY c
	Sort  (cost=4149.93..4152.57 rows=1057 width=121)
	  Sort Key: c
	  ->  Bitmap Heap Scan on sbtest4  (cost=35.27..4096.83 rows=1057 width=121)
	        Recheck Cond: ((id >= 9464622) AND (id <= 9465621))
	        ->  Bitmap Index Scan on sbtest4_pkey  (cost=0.00..35.01 rows=1057 width=0)
	              Index Cond: ((id >= 9464622) AND (id <= 9465621))

table 5 : explain SELECT c FROM sbtest5 WHERE id BETWEEN 8484136 AND 8485135 ORDER BY c
	Sort  (cost=4023.55..4026.11 rows=1024 width=121)
	  Sort Key: c
	  ->  Bitmap Heap Scan on sbtest5  (cost=34.93..3972.35 rows=1024 width=121)
	        Recheck Cond: ((id >= 8484136) AND (id <= 8485135))
	        ->  Bitmap Index Scan on sbtest5_pkey  (cost=0.00..34.68 rows=1024 width=0)
	              Index Cond: ((id >= 8484136) AND (id <= 8485135))

table 6 : explain SELECT c FROM sbtest6 WHERE id BETWEEN 8212815 AND 8213814 ORDER BY c
	Sort  (cost=3994.22..3996.77 rows=1018 width=121)
	  Sort Key: c
	  ->  Bitmap Heap Scan on sbtest6  (cost=34.87..3943.36 rows=1018 width=121)
	        Recheck Cond: ((id >= 8212815) AND (id <= 8213814))
	        ->  Bitmap Index Scan on sbtest6_pkey  (cost=0.00..34.62 rows=1018 width=0)
	              Index Cond: ((id >= 8212815) AND (id <= 8213814))

table 7 : explain SELECT c FROM sbtest7 WHERE id BETWEEN 7642620 AND 7643619 ORDER BY c
	Sort  (cost=3942.56..3945.07 rows=1005 width=121)
	  Sort Key: c
	  ->  Bitmap Heap Scan on sbtest7  (cost=34.74..3892.44 rows=1005 width=121)
	        Recheck Cond: ((id >= 7642620) AND (id <= 7643619))
	        ->  Bitmap Index Scan on sbtest7_pkey  (cost=0.00..34.48 rows=1005 width=0)
	              Index Cond: ((id >= 7642620) AND (id <= 7643619))

table 8 : explain SELECT c FROM sbtest8 WHERE id BETWEEN 2730447 AND 2731446 ORDER BY c
	Sort  (cost=3609.97..3612.27 rows=919 width=121)
	  Sort Key: c
	  ->  Bitmap Heap Scan on sbtest8  (cost=29.85..3564.74 rows=919 width=121)
	        Recheck Cond: ((id >= 2730447) AND (id <= 2731446))
	        ->  Bitmap Index Scan on sbtest8_pkey  (cost=0.00..29.62 rows=919 width=0)
	              Index Cond: ((id >= 2730447) AND (id <= 2731446))

for: simple_ranges
table 1 : explain SELECT c FROM sbtest1 WHERE id BETWEEN 7471998 AND 7472997
	Bitmap Heap Scan on sbtest1  (cost=34.62..3851.32 rows=994 width=121)
	  Recheck Cond: ((id >= 7471998) AND (id <= 7472997))
	  ->  Bitmap Index Scan on sbtest1_pkey  (cost=0.00..34.38 rows=994 width=0)
	        Index Cond: ((id >= 7471998) AND (id <= 7472997))

table 2 : explain SELECT c FROM sbtest2 WHERE id BETWEEN 121464 AND 122463
	Bitmap Heap Scan on sbtest2  (cost=34.73..3889.56 rows=1004 width=121)
	  Recheck Cond: ((id >= 121464) AND (id <= 122463))
	  ->  Bitmap Index Scan on sbtest2_pkey  (cost=0.00..34.48 rows=1004 width=0)
	        Index Cond: ((id >= 121464) AND (id <= 122463))

table 3 : explain SELECT c FROM sbtest3 WHERE id BETWEEN 6646092 AND 6647091
	Bitmap Heap Scan on sbtest3  (cost=34.06..3644.75 rows=939 width=121)
	  Recheck Cond: ((id >= 6646092) AND (id <= 6647091))
	  ->  Bitmap Index Scan on sbtest3_pkey  (cost=0.00..33.83 rows=939 width=0)
	        Index Cond: ((id >= 6646092) AND (id <= 6647091))

table 4 : explain SELECT c FROM sbtest4 WHERE id BETWEEN 2980375 AND 2981374
	Bitmap Heap Scan on sbtest4  (cost=34.69..3881.63 rows=1000 width=121)
	  Recheck Cond: ((id >= 2980375) AND (id <= 2981374))
	  ->  Bitmap Index Scan on sbtest4_pkey  (cost=0.00..34.44 rows=1000 width=0)
	        Index Cond: ((id >= 2980375) AND (id <= 2981374))

table 5 : explain SELECT c FROM sbtest5 WHERE id BETWEEN 2817239 AND 2818238
	Bitmap Heap Scan on sbtest5  (cost=29.88..3578.75 rows=921 width=121)
	  Recheck Cond: ((id >= 2817239) AND (id <= 2818238))
	  ->  Bitmap Index Scan on sbtest5_pkey  (cost=0.00..29.64 rows=921 width=0)
	        Index Cond: ((id >= 2817239) AND (id <= 2818238))

table 6 : explain SELECT c FROM sbtest6 WHERE id BETWEEN 4272982 AND 4273981
	Bitmap Heap Scan on sbtest6  (cost=34.97..3981.03 rows=1028 width=121)
	  Recheck Cond: ((id >= 4272982) AND (id <= 4273981))
	  ->  Bitmap Index Scan on sbtest6_pkey  (cost=0.00..34.72 rows=1028 width=0)
	        Index Cond: ((id >= 4272982) AND (id <= 4273981))

table 7 : explain SELECT c FROM sbtest7 WHERE id BETWEEN 5798329 AND 5799328
	Bitmap Heap Scan on sbtest7  (cost=34.37..3756.77 rows=969 width=121)
	  Recheck Cond: ((id >= 5798329) AND (id <= 5799328))
	  ->  Bitmap Index Scan on sbtest7_pkey  (cost=0.00..34.12 rows=969 width=0)
	        Index Cond: ((id >= 5798329) AND (id <= 5799328))

table 8 : explain SELECT c FROM sbtest8 WHERE id BETWEEN 279191 AND 280190
	Bitmap Heap Scan on sbtest8  (cost=34.67..3870.61 rows=999 width=121)
	  Recheck Cond: ((id >= 279191) AND (id <= 280190))
	  ->  Bitmap Index Scan on sbtest8_pkey  (cost=0.00..34.43 rows=999 width=0)
	        Index Cond: ((id >= 279191) AND (id <= 280190))

for: distinct_ranges
table 1 : explain SELECT DISTINCT c FROM sbtest1 WHERE id BETWEEN 7997743 AND 7998742 ORDER BY c
	Unique  (cost=3950.53..3955.56 rows=1007 width=121)
	  ->  Sort  (cost=3950.53..3953.04 rows=1007 width=121)
	        Sort Key: c
	        ->  Bitmap Heap Scan on sbtest1  (cost=34.76..3900.30 rows=1007 width=121)
	              Recheck Cond: ((id >= 7997743) AND (id <= 7998742))
	              ->  Bitmap Index Scan on sbtest1_pkey  (cost=0.00..34.51 rows=1007 width=0)
	                    Index Cond: ((id >= 7997743) AND (id <= 7998742))

table 2 : explain SELECT DISTINCT c FROM sbtest2 WHERE id BETWEEN 2418605 AND 2419604 ORDER BY c
	Unique  (cost=4054.30..4059.47 rows=1034 width=121)
	  ->  Sort  (cost=4054.30..4056.89 rows=1034 width=121)
	        Sort Key: c
	        ->  Bitmap Heap Scan on sbtest2  (cost=35.03..4002.53 rows=1034 width=121)
	              Recheck Cond: ((id >= 2418605) AND (id <= 2419604))
	              ->  Bitmap Index Scan on sbtest2_pkey  (cost=0.00..34.78 rows=1034 width=0)
	                    Index Cond: ((id >= 2418605) AND (id <= 2419604))

table 3 : explain SELECT DISTINCT c FROM sbtest3 WHERE id BETWEEN 5702473 AND 5703472 ORDER BY c
	Unique  (cost=4356.37..4361.94 rows=1114 width=121)
	  ->  Sort  (cost=4356.37..4359.15 rows=1114 width=121)
	        Sort Key: c
	        ->  Bitmap Heap Scan on sbtest3  (cost=35.85..4299.99 rows=1114 width=121)
	              Recheck Cond: ((id >= 5702473) AND (id <= 5703472))
	              ->  Bitmap Index Scan on sbtest3_pkey  (cost=0.00..35.58 rows=1114 width=0)
	                    Index Cond: ((id >= 5702473) AND (id <= 5703472))

table 4 : explain SELECT DISTINCT c FROM sbtest4 WHERE id BETWEEN 1275719 AND 1276718 ORDER BY c
	Unique  (cost=4092.47..4097.68 rows=1042 width=121)
	  ->  Sort  (cost=4092.47..4095.08 rows=1042 width=121)
	        Sort Key: c
	        ->  Bitmap Heap Scan on sbtest4  (cost=35.12..4040.24 rows=1042 width=121)
	              Recheck Cond: ((id >= 1275719) AND (id <= 1276718))
	              ->  Bitmap Index Scan on sbtest4_pkey  (cost=0.00..34.86 rows=1042 width=0)
	                    Index Cond: ((id >= 1275719) AND (id <= 1276718))

table 5 : explain SELECT DISTINCT c FROM sbtest5 WHERE id BETWEEN 5524628 AND 5525627 ORDER BY c
	Unique  (cost=4019.71..4024.83 rows=1023 width=121)
	  ->  Sort  (cost=4019.71..4022.27 rows=1023 width=121)
	        Sort Key: c
	        ->  Bitmap Heap Scan on sbtest5  (cost=34.92..3968.57 rows=1023 width=121)
	              Recheck Cond: ((id >= 5524628) AND (id <= 5525627))
	              ->  Bitmap Index Scan on sbtest5_pkey  (cost=0.00..34.67 rows=1023 width=0)
	                    Index Cond: ((id >= 5524628) AND (id <= 5525627))

table 6 : explain SELECT DISTINCT c FROM sbtest6 WHERE id BETWEEN 4105796 AND 4106795 ORDER BY c
	Unique  (cost=3710.87..3715.59 rows=944 width=121)
	  ->  Sort  (cost=3710.87..3713.23 rows=944 width=121)
	        Sort Key: c
	        ->  Bitmap Heap Scan on sbtest6  (cost=34.11..3664.22 rows=944 width=121)
	              Recheck Cond: ((id >= 4105796) AND (id <= 4106795))
	              ->  Bitmap Index Scan on sbtest6_pkey  (cost=0.00..33.88 rows=944 width=0)
	                    Index Cond: ((id >= 4105796) AND (id <= 4106795))

table 7 : explain SELECT DISTINCT c FROM sbtest7 WHERE id BETWEEN 5949396 AND 5950395 ORDER BY c
	Unique  (cost=3827.80..3832.68 rows=975 width=121)
	  ->  Sort  (cost=3827.80..3830.24 rows=975 width=121)
	        Sort Key: c
	        ->  Bitmap Heap Scan on sbtest7  (cost=34.43..3779.40 rows=975 width=121)
	              Recheck Cond: ((id >= 5949396) AND (id <= 5950395))
	              ->  Bitmap Index Scan on sbtest7_pkey  (cost=0.00..34.19 rows=975 width=0)
	                    Index Cond: ((id >= 5949396) AND (id <= 5950395))

table 8 : explain SELECT DISTINCT c FROM sbtest8 WHERE id BETWEEN 3473833 AND 3474832 ORDER BY c
	Unique  (cost=3667.65..3672.32 rows=933 width=121)
	  ->  Sort  (cost=3667.65..3669.99 rows=933 width=121)
	        Sort Key: c
	        ->  Bitmap Heap Scan on sbtest8  (cost=34.00..3621.63 rows=933 width=121)
	              Recheck Cond: ((id >= 3473833) AND (id <= 3474832))
	              ->  Bitmap Index Scan on sbtest8_pkey  (cost=0.00..33.77 rows=933 width=0)
	                    Index Cond: ((id >= 3473833) AND (id <= 3474832))

explain: for point_selects :: explain SELECT c FROM sbtest%u WHERE id=%u
for: distinct_ranges
table 1 : explain SELECT DISTINCT c FROM sbtest1 WHERE id BETWEEN 3046594 AND 3047593 ORDER BY c
	Unique  (cost=3624.91..3629.53 rows=923 width=121)
	  ->  Sort  (cost=3624.91..3627.22 rows=923 width=121)
	        Sort Key: c
	        ->  Bitmap Heap Scan on sbtest1  (cost=29.90..3579.46 rows=923 width=121)
	              Recheck Cond: ((id >= 3046594) AND (id <= 3047593))
	              ->  Bitmap Index Scan on sbtest1_pkey  (cost=0.00..29.66 rows=923 width=0)
	                    Index Cond: ((id >= 3046594) AND (id <= 3047593))

table 2 : explain SELECT DISTINCT c FROM sbtest2 WHERE id BETWEEN 4975442 AND 4976441 ORDER BY c
	Unique  (cost=3721.40..3726.14 rows=947 width=121)
	  ->  Sort  (cost=3721.40..3723.77 rows=947 width=121)
	        Sort Key: c
	        ->  Bitmap Heap Scan on sbtest2  (cost=34.14..3674.59 rows=947 width=121)
	              Recheck Cond: ((id >= 4975442) AND (id <= 4976441))
	              ->  Bitmap Index Scan on sbtest2_pkey  (cost=0.00..33.91 rows=947 width=0)
	                    Index Cond: ((id >= 4975442) AND (id <= 4976441))

table 3 : explain SELECT DISTINCT c FROM sbtest3 WHERE id BETWEEN 2394722 AND 2395721 ORDER BY c
	Unique  (cost=3637.27..3641.90 rows=926 width=121)
	  ->  Sort  (cost=3637.27..3639.59 rows=926 width=121)
	        Sort Key: c
	        ->  Bitmap Heap Scan on sbtest3  (cost=29.93..3591.65 rows=926 width=121)
	              Recheck Cond: ((id >= 2394722) AND (id <= 2395721))
	              ->  Bitmap Index Scan on sbtest3_pkey  (cost=0.00..29.69 rows=926 width=0)
	                    Index Cond: ((id >= 2394722) AND (id <= 2395721))

table 4 : explain SELECT DISTINCT c FROM sbtest4 WHERE id BETWEEN 8199084 AND 8200083 ORDER BY c
	Unique  (cost=3996.66..4001.74 rows=1017 width=121)
	  ->  Sort  (cost=3996.66..3999.20 rows=1017 width=121)
	        Sort Key: c
	        ->  Bitmap Heap Scan on sbtest4  (cost=34.86..3945.86 rows=1017 width=121)
	              Recheck Cond: ((id >= 8199084) AND (id <= 8200083))
	              ->  Bitmap Index Scan on sbtest4_pkey  (cost=0.00..34.61 rows=1017 width=0)
	                    Index Cond: ((id >= 8199084) AND (id <= 8200083))

table 5 : explain SELECT DISTINCT c FROM sbtest5 WHERE id BETWEEN 6511575 AND 6512574 ORDER BY c
	Unique  (cost=3847.09..3851.98 rows=978 width=121)
	  ->  Sort  (cost=3847.09..3849.54 rows=978 width=121)
	        Sort Key: c
	        ->  Bitmap Heap Scan on sbtest5  (cost=34.46..3798.52 rows=978 width=121)
	              Recheck Cond: ((id >= 6511575) AND (id <= 6512574))
	              ->  Bitmap Index Scan on sbtest5_pkey  (cost=0.00..34.22 rows=978 width=0)
	                    Index Cond: ((id >= 6511575) AND (id <= 6512574))

table 6 : explain SELECT DISTINCT c FROM sbtest6 WHERE id BETWEEN 8829546 AND 8830545 ORDER BY c
	Unique  (cost=3741.53..3746.29 rows=952 width=121)
	  ->  Sort  (cost=3741.53..3743.91 rows=952 width=121)
	        Sort Key: c
	        ->  Bitmap Heap Scan on sbtest6  (cost=34.19..3694.43 rows=952 width=121)
	              Recheck Cond: ((id >= 8829546) AND (id <= 8830545))
	              ->  Bitmap Index Scan on sbtest6_pkey  (cost=0.00..33.95 rows=952 width=0)
	                    Index Cond: ((id >= 8829546) AND (id <= 8830545))

table 7 : explain SELECT DISTINCT c FROM sbtest7 WHERE id BETWEEN 1832950 AND 1833949 ORDER BY c
	Unique  (cost=3724.43..3729.17 rows=948 width=121)
	  ->  Sort  (cost=3724.43..3726.80 rows=948 width=121)
	        Sort Key: c
	        ->  Bitmap Heap Scan on sbtest7  (cost=34.15..3677.56 rows=948 width=121)
	              Recheck Cond: ((id >= 1832950) AND (id <= 1833949))
	              ->  Bitmap Index Scan on sbtest7_pkey  (cost=0.00..33.92 rows=948 width=0)
	                    Index Cond: ((id >= 1832950) AND (id <= 1833949))

table 8 : explain SELECT DISTINCT c FROM sbtest8 WHERE id BETWEEN 5574440 AND 5575439 ORDER BY c
	Unique  (cost=4031.26..4036.40 rows=1028 width=121)
	  ->  Sort  (cost=4031.26..4033.83 rows=1028 width=121)
	        Sort Key: c
	        ->  Bitmap Heap Scan on sbtest8  (cost=34.97..3979.83 rows=1028 width=121)
	              Recheck Cond: ((id >= 5574440) AND (id <= 5575439))
	              ->  Bitmap Index Scan on sbtest8_pkey  (cost=0.00..34.72 rows=1028 width=0)
	                    Index Cond: ((id >= 5574440) AND (id <= 5575439))

for: order_ranges
table 1 : explain SELECT c FROM sbtest1 WHERE id BETWEEN 1255576 AND 1256575 ORDER BY c
	Sort  (cost=4107.19..4109.81 rows=1048 width=121)
	  Sort Key: c
	  ->  Bitmap Heap Scan on sbtest1  (cost=35.18..4054.62 rows=1048 width=121)
	        Recheck Cond: ((id >= 1255576) AND (id <= 1256575))
	        ->  Bitmap Index Scan on sbtest1_pkey  (cost=0.00..34.92 rows=1048 width=0)
	              Index Cond: ((id >= 1255576) AND (id <= 1256575))

table 2 : explain SELECT c FROM sbtest2 WHERE id BETWEEN 1254017 AND 1255016 ORDER BY c
	Sort  (cost=4153.61..4156.26 rows=1060 width=121)
	  Sort Key: c
	  ->  Bitmap Heap Scan on sbtest2  (cost=35.30..4100.35 rows=1060 width=121)
	        Recheck Cond: ((id >= 1254017) AND (id <= 1255016))
	        ->  Bitmap Index Scan on sbtest2_pkey  (cost=0.00..35.04 rows=1060 width=0)
	              Index Cond: ((id >= 1254017) AND (id <= 1255016))

table 3 : explain SELECT c FROM sbtest3 WHERE id BETWEEN 6558894 AND 6559893 ORDER BY c
	Sort  (cost=3691.12..3693.46 rows=939 width=121)
	  Sort Key: c
	  ->  Bitmap Heap Scan on sbtest3  (cost=34.06..3644.75 rows=939 width=121)
	        Recheck Cond: ((id >= 6558894) AND (id <= 6559893))
	        ->  Bitmap Index Scan on sbtest3_pkey  (cost=0.00..33.83 rows=939 width=0)
	              Index Cond: ((id >= 6558894) AND (id <= 6559893))

table 4 : explain SELECT c FROM sbtest4 WHERE id BETWEEN 5234629 AND 5235628 ORDER BY c
	Sort  (cost=3804.81..3807.23 rows=967 width=121)
	  Sort Key: c
	  ->  Bitmap Heap Scan on sbtest4  (cost=34.35..3756.86 rows=967 width=121)
	        Recheck Cond: ((id >= 5234629) AND (id <= 5235628))
	        ->  Bitmap Index Scan on sbtest4_pkey  (cost=0.00..34.11 rows=967 width=0)
	              Index Cond: ((id >= 5234629) AND (id <= 5235628))

table 5 : explain SELECT c FROM sbtest5 WHERE id BETWEEN 3098725 AND 3099724 ORDER BY c
	Sort  (cost=3820.22..3822.65 rows=971 width=121)
	  Sort Key: c
	  ->  Bitmap Heap Scan on sbtest5  (cost=34.39..3772.04 rows=971 width=121)
	        Recheck Cond: ((id >= 3098725) AND (id <= 3099724))
	        ->  Bitmap Index Scan on sbtest5_pkey  (cost=0.00..34.15 rows=971 width=0)
	              Index Cond: ((id >= 3098725) AND (id <= 3099724))

table 6 : explain SELECT c FROM sbtest6 WHERE id BETWEEN 2311900 AND 2312899 ORDER BY c
	Sort  (cost=3944.49..3947.00 rows=1005 width=121)
	  Sort Key: c
	  ->  Bitmap Heap Scan on sbtest6  (cost=34.74..3894.38 rows=1005 width=121)
	        Recheck Cond: ((id >= 2311900) AND (id <= 2312899))
	        ->  Bitmap Index Scan on sbtest6_pkey  (cost=0.00..34.48 rows=1005 width=0)
	              Index Cond: ((id >= 2311900) AND (id <= 2312899))

table 7 : explain SELECT c FROM sbtest7 WHERE id BETWEEN 170775 AND 171774 ORDER BY c
	Sort  (cost=3693.78..3696.13 rows=940 width=121)
	  Sort Key: c
	  ->  Bitmap Heap Scan on sbtest7  (cost=34.07..3647.36 rows=940 width=121)
	        Recheck Cond: ((id >= 170775) AND (id <= 171774))
	        ->  Bitmap Index Scan on sbtest7_pkey  (cost=0.00..33.84 rows=940 width=0)
	              Index Cond: ((id >= 170775) AND (id <= 171774))

table 8 : explain SELECT c FROM sbtest8 WHERE id BETWEEN 8512377 AND 8513376 ORDER BY c
	Sort  (cost=4084.76..4087.36 rows=1042 width=121)
	  Sort Key: c
	  ->  Bitmap Heap Scan on sbtest8  (cost=35.12..4032.52 rows=1042 width=121)
	        Recheck Cond: ((id >= 8512377) AND (id <= 8513376))
	        ->  Bitmap Index Scan on sbtest8_pkey  (cost=0.00..34.86 rows=1042 width=0)
	              Index Cond: ((id >= 8512377) AND (id <= 8513376))

for: distinct_ranges
table 1 : explain SELECT DISTINCT c FROM sbtest1 WHERE id BETWEEN 4677702 AND 4678701 ORDER BY c
	Unique  (cost=3716.89..3721.63 rows=947 width=121)
	  ->  Sort  (cost=3716.89..3719.26 rows=947 width=121)
	        Sort Key: c
	        ->  Bitmap Heap Scan on sbtest1  (cost=30.14..3670.08 rows=947 width=121)
	              Recheck Cond: ((id >= 4677702) AND (id <= 4678701))
	              ->  Bitmap Index Scan on sbtest1_pkey  (cost=0.00..29.90 rows=947 width=0)
	                    Index Cond: ((id >= 4677702) AND (id <= 4678701))

table 2 : explain SELECT DISTINCT c FROM sbtest2 WHERE id BETWEEN 3908383 AND 3909382 ORDER BY c
	Unique  (cost=3617.74..3622.34 rows=921 width=121)
	  ->  Sort  (cost=3617.74..3620.04 rows=921 width=121)
	        Sort Key: c
	        ->  Bitmap Heap Scan on sbtest2  (cost=29.88..3572.39 rows=921 width=121)
	              Recheck Cond: ((id >= 3908383) AND (id <= 3909382))
	              ->  Bitmap Index Scan on sbtest2_pkey  (cost=0.00..29.64 rows=921 width=0)
	                    Index Cond: ((id >= 3908383) AND (id <= 3909382))

table 3 : explain SELECT DISTINCT c FROM sbtest3 WHERE id BETWEEN 5062981 AND 5063980 ORDER BY c
	Unique  (cost=3989.74..3994.83 rows=1017 width=121)
	  ->  Sort  (cost=3989.74..3992.29 rows=1017 width=121)
	        Sort Key: c
	        ->  Bitmap Heap Scan on sbtest3  (cost=34.86..3938.94 rows=1017 width=121)
	              Recheck Cond: ((id >= 5062981) AND (id <= 5063980))
	              ->  Bitmap Index Scan on sbtest3_pkey  (cost=0.00..34.61 rows=1017 width=0)
	                    Index Cond: ((id >= 5062981) AND (id <= 5063980))

table 4 : explain SELECT DISTINCT c FROM sbtest4 WHERE id BETWEEN 7418517 AND 7419516 ORDER BY c
	Unique  (cost=3935.30..3940.30 rows=1001 width=121)
	  ->  Sort  (cost=3935.30..3937.80 rows=1001 width=121)
	        Sort Key: c
	        ->  Bitmap Heap Scan on sbtest4  (cost=34.70..3885.41 rows=1001 width=121)
	              Recheck Cond: ((id >= 7418517) AND (id <= 7419516))
	              ->  Bitmap Index Scan on sbtest4_pkey  (cost=0.00..34.45 rows=1001 width=0)
	                    Index Cond: ((id >= 7418517) AND (id <= 7419516))

table 5 : explain SELECT DISTINCT c FROM sbtest5 WHERE id BETWEEN 2436604 AND 2437603 ORDER BY c
	Unique  (cost=3900.82..3905.78 rows=992 width=121)
	  ->  Sort  (cost=3900.82..3903.30 rows=992 width=121)
	        Sort Key: c
	        ->  Bitmap Heap Scan on sbtest5  (cost=34.60..3851.45 rows=992 width=121)
	              Recheck Cond: ((id >= 2436604) AND (id <= 2437603))
	              ->  Bitmap Index Scan on sbtest5_pkey  (cost=0.00..34.36 rows=992 width=0)
	                    Index Cond: ((id >= 2436604) AND (id <= 2437603))

table 6 : explain SELECT DISTINCT c FROM sbtest6 WHERE id BETWEEN 7528476 AND 7529475 ORDER BY c
	Unique  (cost=3776.02..3780.83 rows=961 width=121)
	  ->  Sort  (cost=3776.02..3778.42 rows=961 width=121)
	        Sort Key: c
	        ->  Bitmap Heap Scan on sbtest6  (cost=34.29..3728.41 rows=961 width=121)
	              Recheck Cond: ((id >= 7528476) AND (id <= 7529475))
	              ->  Bitmap Index Scan on sbtest6_pkey  (cost=0.00..34.05 rows=961 width=0)
	                    Index Cond: ((id >= 7528476) AND (id <= 7529475))

table 7 : explain SELECT DISTINCT c FROM sbtest7 WHERE id BETWEEN 4181997 AND 4182996 ORDER BY c
	Unique  (cost=3846.94..3851.84 rows=980 width=121)
	  ->  Sort  (cost=3846.94..3849.39 rows=980 width=121)
	        Sort Key: c
	        ->  Bitmap Heap Scan on sbtest7  (cost=34.48..3798.25 rows=980 width=121)
	              Recheck Cond: ((id >= 4181997) AND (id <= 4182996))
	              ->  Bitmap Index Scan on sbtest7_pkey  (cost=0.00..34.23 rows=980 width=0)
	                    Index Cond: ((id >= 4181997) AND (id <= 4182996))

table 8 : explain SELECT DISTINCT c FROM sbtest8 WHERE id BETWEEN 8696851 AND 8697850 ORDER BY c
	Unique  (cost=3985.39..3990.47 rows=1016 width=121)
	  ->  Sort  (cost=3985.39..3987.93 rows=1016 width=121)
	        Sort Key: c
	        ->  Bitmap Heap Scan on sbtest8  (cost=34.85..3934.65 rows=1016 width=121)
	              Recheck Cond: ((id >= 8696851) AND (id <= 8697850))
	              ->  Bitmap Index Scan on sbtest8_pkey  (cost=0.00..34.59 rows=1016 width=0)
	                    Index Cond: ((id >= 8696851) AND (id <= 8697850))

for point_selects
table 1 : explain SELECT c FROM sbtest1 WHERE id=9516647
	Index Scan using sbtest1_pkey on sbtest1  (cost=0.43..8.45 rows=1 width=121)
	  Index Cond: (id = 9516647)

table 2 : explain SELECT c FROM sbtest2 WHERE id=4822568
	Index Scan using sbtest2_pkey on sbtest2  (cost=0.43..8.45 rows=1 width=121)
	  Index Cond: (id = 4822568)

table 3 : explain SELECT c FROM sbtest3 WHERE id=7158571
	Index Scan using sbtest3_pkey on sbtest3  (cost=0.43..8.45 rows=1 width=121)
	  Index Cond: (id = 7158571)

table 4 : explain SELECT c FROM sbtest4 WHERE id=4246837
	Index Scan using sbtest4_pkey on sbtest4  (cost=0.43..8.45 rows=1 width=121)
	  Index Cond: (id = 4246837)

table 5 : explain SELECT c FROM sbtest5 WHERE id=1833132
	Index Scan using sbtest5_pkey on sbtest5  (cost=0.43..8.45 rows=1 width=121)
	  Index Cond: (id = 1833132)

table 6 : explain SELECT c FROM sbtest6 WHERE id=3218748
	Index Scan using sbtest6_pkey on sbtest6  (cost=0.43..8.45 rows=1 width=121)
	  Index Cond: (id = 3218748)

table 7 : explain SELECT c FROM sbtest7 WHERE id=473226
	Index Scan using sbtest7_pkey on sbtest7  (cost=0.43..8.45 rows=1 width=121)
	  Index Cond: (id = 473226)

table 8 : explain SELECT c FROM sbtest8 WHERE id=495909
	Index Scan using sbtest8_pkey on sbtest8  (cost=0.43..8.45 rows=1 width=121)
	  Index Cond: (id = 495909)

for: sum_ranges
table 1 : explain SELECT SUM(k) FROM sbtest1 WHERE id BETWEEN 2193565 AND 2194564
	Aggregate  (cost=3846.27..3846.28 rows=1 width=8)
	  ->  Bitmap Heap Scan on sbtest1  (cost=34.60..3843.79 rows=992 width=4)
	        Recheck Cond: ((id >= 2193565) AND (id <= 2194564))
	        ->  Bitmap Index Scan on sbtest1_pkey  (cost=0.00..34.36 rows=992 width=0)
	              Index Cond: ((id >= 2193565) AND (id <= 2194564))

table 2 : explain SELECT SUM(k) FROM sbtest2 WHERE id BETWEEN 5506381 AND 5507380
	Aggregate  (cost=3963.68..3963.69 rows=1 width=8)
	  ->  Bitmap Heap Scan on sbtest2  (cost=34.92..3961.12 rows=1023 width=4)
	        Recheck Cond: ((id >= 5506381) AND (id <= 5507380))
	        ->  Bitmap Index Scan on sbtest2_pkey  (cost=0.00..34.67 rows=1023 width=0)
	              Index Cond: ((id >= 5506381) AND (id <= 5507380))

table 3 : explain SELECT SUM(k) FROM sbtest3 WHERE id BETWEEN 7107884 AND 7108883
	Aggregate  (cost=3900.02..3900.03 rows=1 width=8)
	  ->  Bitmap Heap Scan on sbtest3  (cost=34.75..3897.50 rows=1006 width=4)
	        Recheck Cond: ((id >= 7107884) AND (id <= 7108883))
	        ->  Bitmap Index Scan on sbtest3_pkey  (cost=0.00..34.50 rows=1006 width=0)
	              Index Cond: ((id >= 7107884) AND (id <= 7108883))

table 4 : explain SELECT SUM(k) FROM sbtest4 WHERE id BETWEEN 4642678 AND 4643677
	Aggregate  (cost=3831.18..3831.19 rows=1 width=8)
	  ->  Bitmap Heap Scan on sbtest4  (cost=34.54..3828.72 rows=986 width=4)
	        Recheck Cond: ((id >= 4642678) AND (id <= 4643677))
	        ->  Bitmap Index Scan on sbtest4_pkey  (cost=0.00..34.30 rows=986 width=0)
	              Index Cond: ((id >= 4642678) AND (id <= 4643677))

table 5 : explain SELECT SUM(k) FROM sbtest5 WHERE id BETWEEN 4105003 AND 4106002
	Aggregate  (cost=3937.11..3937.12 rows=1 width=8)
	  ->  Bitmap Heap Scan on sbtest5  (cost=34.83..3934.58 rows=1014 width=4)
	        Recheck Cond: ((id >= 4105003) AND (id <= 4106002))
	        ->  Bitmap Index Scan on sbtest5_pkey  (cost=0.00..34.58 rows=1014 width=0)
	              Index Cond: ((id >= 4105003) AND (id <= 4106002))

table 6 : explain SELECT SUM(k) FROM sbtest6 WHERE id BETWEEN 2718114 AND 2719113
	Aggregate  (cost=4126.72..4126.73 rows=1 width=8)
	  ->  Bitmap Heap Scan on sbtest6  (cost=35.36..4124.06 rows=1066 width=4)
	        Recheck Cond: ((id >= 2718114) AND (id <= 2719113))
	        ->  Bitmap Index Scan on sbtest6_pkey  (cost=0.00..35.09 rows=1066 width=0)
	              Index Cond: ((id >= 2718114) AND (id <= 2719113))

table 7 : explain SELECT SUM(k) FROM sbtest7 WHERE id BETWEEN 6058170 AND 6059169
	Aggregate  (cost=3781.84..3781.85 rows=1 width=8)
	  ->  Bitmap Heap Scan on sbtest7  (cost=34.43..3779.40 rows=975 width=4)
	        Recheck Cond: ((id >= 6058170) AND (id <= 6059169))
	        ->  Bitmap Index Scan on sbtest7_pkey  (cost=0.00..34.19 rows=975 width=0)
	              Index Cond: ((id >= 6058170) AND (id <= 6059169))

table 8 : explain SELECT SUM(k) FROM sbtest8 WHERE id BETWEEN 3344855 AND 3345854
	Aggregate  (cost=3521.65..3521.66 rows=1 width=8)
	  ->  Bitmap Heap Scan on sbtest8  (cost=29.73..3519.39 rows=907 width=4)
	        Recheck Cond: ((id >= 3344855) AND (id <= 3345854))
	        ->  Bitmap Index Scan on sbtest8_pkey  (cost=0.00..29.50 rows=907 width=0)
	              Index Cond: ((id >= 3344855) AND (id <= 3345854))

for: distinct_ranges
table 1 : explain SELECT DISTINCT c FROM sbtest1 WHERE id BETWEEN 9818168 AND 9819167 ORDER BY c
	Unique  (cost=4061.36..4066.54 rows=1036 width=121)
	  ->  Sort  (cost=4061.36..4063.95 rows=1036 width=121)
	        Sort Key: c
	        ->  Bitmap Heap Scan on sbtest1  (cost=35.05..4009.47 rows=1036 width=121)
	              Recheck Cond: ((id >= 9818168) AND (id <= 9819167))
	              ->  Bitmap Index Scan on sbtest1_pkey  (cost=0.00..34.80 rows=1036 width=0)
	                    Index Cond: ((id >= 9818168) AND (id <= 9819167))

table 2 : explain SELECT DISTINCT c FROM sbtest2 WHERE id BETWEEN 2238056 AND 2239055 ORDER BY c
	Unique  (cost=4340.64..4346.19 rows=1110 width=121)
	  ->  Sort  (cost=4340.64..4343.41 rows=1110 width=121)
	        Sort Key: c
	        ->  Bitmap Heap Scan on sbtest2  (cost=35.81..4284.49 rows=1110 width=121)
	              Recheck Cond: ((id >= 2238056) AND (id <= 2239055))
	              ->  Bitmap Index Scan on sbtest2_pkey  (cost=0.00..35.54 rows=1110 width=0)
	                    Index Cond: ((id >= 2238056) AND (id <= 2239055))

table 3 : explain SELECT DISTINCT c FROM sbtest3 WHERE id BETWEEN 8085186 AND 8086185 ORDER BY c
	Unique  (cost=4234.22..4239.63 rows=1081 width=121)
	  ->  Sort  (cost=4234.22..4236.93 rows=1081 width=121)
	        Sort Key: c
	        ->  Bitmap Heap Scan on sbtest3  (cost=35.52..4179.75 rows=1081 width=121)
	              Recheck Cond: ((id >= 8085186) AND (id <= 8086185))
	              ->  Bitmap Index Scan on sbtest3_pkey  (cost=0.00..35.25 rows=1081 width=0)
	                    Index Cond: ((id >= 8085186) AND (id <= 8086185))

table 4 : explain SELECT DISTINCT c FROM sbtest4 WHERE id BETWEEN 2118615 AND 2119614 ORDER BY c
	Unique  (cost=3954.48..3959.51 rows=1006 width=121)
	  ->  Sort  (cost=3954.48..3956.99 rows=1006 width=121)
	        Sort Key: c
	        ->  Bitmap Heap Scan on sbtest4  (cost=34.75..3904.31 rows=1006 width=121)
	              Recheck Cond: ((id >= 2118615) AND (id <= 2119614))
	              ->  Bitmap Index Scan on sbtest4_pkey  (cost=0.00..34.50 rows=1006 width=0)
	                    Index Cond: ((id >= 2118615) AND (id <= 2119614))

table 5 : explain SELECT DISTINCT c FROM sbtest5 WHERE id BETWEEN 908924 AND 909923 ORDER BY c
	Unique  (cost=4115.51..4120.75 rows=1048 width=121)
	  ->  Sort  (cost=4115.51..4118.13 rows=1048 width=121)
	        Sort Key: c
	        ->  Bitmap Heap Scan on sbtest5  (cost=35.18..4062.94 rows=1048 width=121)
	              Recheck Cond: ((id >= 908924) AND (id <= 909923))
	              ->  Bitmap Index Scan on sbtest5_pkey  (cost=0.00..34.92 rows=1048 width=0)
	                    Index Cond: ((id >= 908924) AND (id <= 909923))

table 6 : explain SELECT DISTINCT c FROM sbtest6 WHERE id BETWEEN 5460198 AND 5461197 ORDER BY c
	Unique  (cost=3810.50..3815.35 rows=970 width=121)
	  ->  Sort  (cost=3810.50..3812.92 rows=970 width=121)
	        Sort Key: c
	        ->  Bitmap Heap Scan on sbtest6  (cost=34.38..3762.38 rows=970 width=121)
	              Recheck Cond: ((id >= 5460198) AND (id <= 5461197))
	              ->  Bitmap Index Scan on sbtest6_pkey  (cost=0.00..34.14 rows=970 width=0)
	                    Index Cond: ((id >= 5460198) AND (id <= 5461197))

table 7 : explain SELECT DISTINCT c FROM sbtest7 WHERE id BETWEEN 9599662 AND 9600661 ORDER BY c
	Unique  (cost=3544.10..3548.61 rows=902 width=121)
	  ->  Sort  (cost=3544.10..3546.35 rows=902 width=121)
	        Sort Key: c
	        ->  Bitmap Heap Scan on sbtest7  (cost=29.68..3499.82 rows=902 width=121)
	              Recheck Cond: ((id >= 9599662) AND (id <= 9600661))
	              ->  Bitmap Index Scan on sbtest7_pkey  (cost=0.00..29.45 rows=902 width=0)
	                    Index Cond: ((id >= 9599662) AND (id <= 9600661))

table 8 : explain SELECT DISTINCT c FROM sbtest8 WHERE id BETWEEN 789901 AND 790900 ORDER BY c
	Unique  (cost=3820.89..3825.75 rows=973 width=121)
	  ->  Sort  (cost=3820.89..3823.32 rows=973 width=121)
	        Sort Key: c
	        ->  Bitmap Heap Scan on sbtest8  (cost=34.41..3772.60 rows=973 width=121)
	              Recheck Cond: ((id >= 789901) AND (id <= 790900))
	              ->  Bitmap Index Scan on sbtest8_pkey  (cost=0.00..34.17 rows=973 width=0)
	                    Index Cond: ((id >= 789901) AND (id <= 790900))

for point_selects
table 1 : explain SELECT c FROM sbtest1 WHERE id=8625841
	Index Scan using sbtest1_pkey on sbtest1  (cost=0.43..8.45 rows=1 width=121)
	  Index Cond: (id = 8625841)

table 2 : explain SELECT c FROM sbtest2 WHERE id=5686166
	Index Scan using sbtest2_pkey on sbtest2  (cost=0.43..8.45 rows=1 width=121)
	  Index Cond: (id = 5686166)

table 3 : explain SELECT c FROM sbtest3 WHERE id=4182538
	Index Scan using sbtest3_pkey on sbtest3  (cost=0.43..8.45 rows=1 width=121)
	  Index Cond: (id = 4182538)

table 4 : explain SELECT c FROM sbtest4 WHERE id=2962652
	Index Scan using sbtest4_pkey on sbtest4  (cost=0.43..8.45 rows=1 width=121)
	  Index Cond: (id = 2962652)

table 5 : explain SELECT c FROM sbtest5 WHERE id=1199377
	Index Scan using sbtest5_pkey on sbtest5  (cost=0.43..8.45 rows=1 width=121)
	  Index Cond: (id = 1199377)

table 6 : explain SELECT c FROM sbtest6 WHERE id=3038315
	Index Scan using sbtest6_pkey on sbtest6  (cost=0.43..8.45 rows=1 width=121)
	  Index Cond: (id = 3038315)

table 7 : explain SELECT c FROM sbtest7 WHERE id=8307033
	Index Scan using sbtest7_pkey on sbtest7  (cost=0.43..8.45 rows=1 width=121)
	  Index Cond: (id = 8307033)

table 8 : explain SELECT c FROM sbtest8 WHERE id=4138901
	Index Scan using sbtest8_pkey on sbtest8  (cost=0.43..8.45 rows=1 width=121)
	  Index Cond: (id = 4138901)

for point_selects
table 1 : explain SELECT c FROM sbtest1 WHERE id=5092557
	Index Scan using sbtest1_pkey on sbtest1  (cost=0.43..8.45 rows=1 width=121)
	  Index Cond: (id = 5092557)

table 2 : explain SELECT c FROM sbtest2 WHERE id=3858600
	Index Scan using sbtest2_pkey on sbtest2  (cost=0.43..8.45 rows=1 width=121)
	  Index Cond: (id = 3858600)

table 3 : explain SELECT c FROM sbtest3 WHERE id=5501172
	Index Scan using sbtest3_pkey on sbtest3  (cost=0.43..8.45 rows=1 width=121)
	  Index Cond: (id = 5501172)

table 4 : explain SELECT c FROM sbtest4 WHERE id=9647005
	Index Scan using sbtest4_pkey on sbtest4  (cost=0.43..8.45 rows=1 width=121)
	  Index Cond: (id = 9647005)

table 5 : explain SELECT c FROM sbtest5 WHERE id=4313995
	Index Scan using sbtest5_pkey on sbtest5  (cost=0.43..8.45 rows=1 width=121)
	  Index Cond: (id = 4313995)

table 6 : explain SELECT c FROM sbtest6 WHERE id=6317420
	Index Scan using sbtest6_pkey on sbtest6  (cost=0.43..8.45 rows=1 width=121)
	  Index Cond: (id = 6317420)

table 7 : explain SELECT c FROM sbtest7 WHERE id=7295457
	Index Scan using sbtest7_pkey on sbtest7  (cost=0.43..8.45 rows=1 width=121)
	  Index Cond: (id = 7295457)

table 8 : explain SELECT c FROM sbtest8 WHERE id=633285
	Index Scan using sbtest8_pkey on sbtest8  (cost=0.43..8.45 rows=1 width=121)
	  Index Cond: (id = 633285)

for: sum_ranges
table 1 : explain SELECT SUM(k) FROM sbtest1 WHERE id BETWEEN 4447967 AND 4448966
	Aggregate  (cost=3782.14..3782.15 rows=1 width=8)
	  ->  Bitmap Heap Scan on sbtest1  (cost=34.43..3779.71 rows=975 width=4)
	        Recheck Cond: ((id >= 4447967) AND (id <= 4448966))
	        ->  Bitmap Index Scan on sbtest1_pkey  (cost=0.00..34.19 rows=975 width=0)
	              Index Cond: ((id >= 4447967) AND (id <= 4448966))

table 2 : explain SELECT SUM(k) FROM sbtest2 WHERE id BETWEEN 8851554 AND 8852553
	Aggregate  (cost=4159.43..4159.44 rows=1 width=8)
	  ->  Bitmap Heap Scan on sbtest2  (cost=35.45..4156.74 rows=1075 width=4)
	        Recheck Cond: ((id >= 8851554) AND (id <= 8852553))
	        ->  Bitmap Index Scan on sbtest2_pkey  (cost=0.00..35.19 rows=1075 width=0)
	              Index Cond: ((id >= 8851554) AND (id <= 8852553))

table 3 : explain SELECT SUM(k) FROM sbtest3 WHERE id BETWEEN 1760258 AND 1761257
	Aggregate  (cost=3971.64..3971.65 rows=1 width=8)
	  ->  Bitmap Heap Scan on sbtest3  (cost=34.94..3969.07 rows=1025 width=4)
	        Recheck Cond: ((id >= 1760258) AND (id <= 1761257))
	        ->  Bitmap Index Scan on sbtest3_pkey  (cost=0.00..34.69 rows=1025 width=0)
	              Index Cond: ((id >= 1760258) AND (id <= 1761257))

table 4 : explain SELECT SUM(k) FROM sbtest4 WHERE id BETWEEN 4123113 AND 4124112
	Aggregate  (cost=3634.29..3634.30 rows=1 width=8)
	  ->  Bitmap Heap Scan on sbtest4  (cost=34.01..3631.95 rows=934 width=4)
	        Recheck Cond: ((id >= 4123113) AND (id <= 4124112))
	        ->  Bitmap Index Scan on sbtest4_pkey  (cost=0.00..33.78 rows=934 width=0)
	              Index Cond: ((id >= 4123113) AND (id <= 4124112))

table 5 : explain SELECT SUM(k) FROM sbtest5 WHERE id BETWEEN 4532077 AND 4533076
	Aggregate  (cost=3747.97..3747.98 rows=1 width=8)
	  ->  Bitmap Heap Scan on sbtest5  (cost=34.32..3745.56 rows=964 width=4)
	        Recheck Cond: ((id >= 4532077) AND (id <= 4533076))
	        ->  Bitmap Index Scan on sbtest5_pkey  (cost=0.00..34.08 rows=964 width=0)
	              Index Cond: ((id >= 4532077) AND (id <= 4533076))

table 6 : explain SELECT SUM(k) FROM sbtest6 WHERE id BETWEEN 1216996 AND 1217995
	Aggregate  (cost=3953.45..3953.46 rows=1 width=8)
	  ->  Bitmap Heap Scan on sbtest6  (cost=34.89..3950.90 rows=1020 width=4)
	        Recheck Cond: ((id >= 1216996) AND (id <= 1217995))
	        ->  Bitmap Index Scan on sbtest6_pkey  (cost=0.00..34.64 rows=1020 width=0)
	              Index Cond: ((id >= 1216996) AND (id <= 1217995))

table 7 : explain SELECT SUM(k) FROM sbtest7 WHERE id BETWEEN 6442643 AND 6443642
	Aggregate  (cost=3679.93..3679.94 rows=1 width=8)
	  ->  Bitmap Heap Scan on sbtest7  (cost=34.15..3677.56 rows=948 width=4)
	        Recheck Cond: ((id >= 6442643) AND (id <= 6443642))
	        ->  Bitmap Index Scan on sbtest7_pkey  (cost=0.00..33.92 rows=948 width=0)
	              Index Cond: ((id >= 6442643) AND (id <= 6443642))

table 8 : explain SELECT SUM(k) FROM sbtest8 WHERE id BETWEEN 2181320 AND 2182319
	Aggregate  (cost=3959.80..3959.81 rows=1 width=8)
	  ->  Bitmap Heap Scan on sbtest8  (cost=34.91..3957.25 rows=1022 width=4)
	        Recheck Cond: ((id >= 2181320) AND (id <= 2182319))
	        ->  Bitmap Index Scan on sbtest8_pkey  (cost=0.00..34.66 rows=1022 width=0)
	              Index Cond: ((id >= 2181320) AND (id <= 2182319))

for: sum_ranges
table 1 : explain SELECT SUM(k) FROM sbtest1 WHERE id BETWEEN 7077913 AND 7078912
	Aggregate  (cost=4042.18..4042.19 rows=1 width=8)
	  ->  Bitmap Heap Scan on sbtest1  (cost=35.14..4039.57 rows=1044 width=4)
	        Recheck Cond: ((id >= 7077913) AND (id <= 7078912))
	        ->  Bitmap Index Scan on sbtest1_pkey  (cost=0.00..34.88 rows=1044 width=0)
	              Index Cond: ((id >= 7077913) AND (id <= 7078912))

table 2 : explain SELECT SUM(k) FROM sbtest2 WHERE id BETWEEN 7543287 AND 7544286
	Aggregate  (cost=3775.13..3775.14 rows=1 width=8)
	  ->  Bitmap Heap Scan on sbtest2  (cost=34.41..3772.70 rows=973 width=4)
	        Recheck Cond: ((id >= 7543287) AND (id <= 7544286))
	        ->  Bitmap Index Scan on sbtest2_pkey  (cost=0.00..34.17 rows=973 width=0)
	              Index Cond: ((id >= 7543287) AND (id <= 7544286))

table 3 : explain SELECT SUM(k) FROM sbtest3 WHERE id BETWEEN 930639 AND 931638
	Aggregate  (cost=4174.93..4174.94 rows=1 width=8)
	  ->  Bitmap Heap Scan on sbtest3  (cost=35.49..4172.23 rows=1079 width=4)
	        Recheck Cond: ((id >= 930639) AND (id <= 931638))
	        ->  Bitmap Index Scan on sbtest3_pkey  (cost=0.00..35.23 rows=1079 width=0)
	              Index Cond: ((id >= 930639) AND (id <= 931638))

table 4 : explain SELECT SUM(k) FROM sbtest4 WHERE id BETWEEN 802464 AND 803463
	Aggregate  (cost=3672.18..3672.19 rows=1 width=8)
	  ->  Bitmap Heap Scan on sbtest4  (cost=34.11..3669.82 rows=944 width=4)
	        Recheck Cond: ((id >= 802464) AND (id <= 803463))
	        ->  Bitmap Index Scan on sbtest4_pkey  (cost=0.00..33.88 rows=944 width=0)
	              Index Cond: ((id >= 802464) AND (id <= 803463))

table 5 : explain SELECT SUM(k) FROM sbtest5 WHERE id BETWEEN 612434 AND 613433
	Aggregate  (cost=3903.09..3903.10 rows=1 width=8)
	  ->  Bitmap Heap Scan on sbtest5  (cost=34.74..3900.58 rows=1005 width=4)
	        Recheck Cond: ((id >= 612434) AND (id <= 613433))
	        ->  Bitmap Index Scan on sbtest5_pkey  (cost=0.00..34.48 rows=1005 width=0)
	              Index Cond: ((id >= 612434) AND (id <= 613433))

table 6 : explain SELECT SUM(k) FROM sbtest6 WHERE id BETWEEN 3219342 AND 3220341
	Aggregate  (cost=4145.54..4145.55 rows=1 width=8)
	  ->  Bitmap Heap Scan on sbtest6  (cost=35.41..4142.86 rows=1071 width=4)
	        Recheck Cond: ((id >= 3219342) AND (id <= 3220341))
	        ->  Bitmap Index Scan on sbtest6_pkey  (cost=0.00..35.15 rows=1071 width=0)
	              Index Cond: ((id >= 3219342) AND (id <= 3220341))

table 7 : explain SELECT SUM(k) FROM sbtest7 WHERE id BETWEEN 3203932 AND 3204931
	Aggregate  (cost=3872.34..3872.35 rows=1 width=8)
	  ->  Bitmap Heap Scan on sbtest7  (cost=34.67..3869.84 rows=999 width=4)
	        Recheck Cond: ((id >= 3203932) AND (id <= 3204931))
	        ->  Bitmap Index Scan on sbtest7_pkey  (cost=0.00..34.43 rows=999 width=0)
	              Index Cond: ((id >= 3203932) AND (id <= 3204931))

table 8 : explain SELECT SUM(k) FROM sbtest8 WHERE id BETWEEN 3189199 AND 3190198
	Aggregate  (cost=3767.48..3767.49 rows=1 width=8)
	  ->  Bitmap Heap Scan on sbtest8  (cost=34.39..3765.05 rows=971 width=4)
	        Recheck Cond: ((id >= 3189199) AND (id <= 3190198))
	        ->  Bitmap Index Scan on sbtest8_pkey  (cost=0.00..34.15 rows=971 width=0)
	              Index Cond: ((id >= 3189199) AND (id <= 3190198))

for point_selects
table 1 : explain SELECT c FROM sbtest1 WHERE id=9169598
	Index Scan using sbtest1_pkey on sbtest1  (cost=0.43..8.45 rows=1 width=121)
	  Index Cond: (id = 9169598)

table 2 : explain SELECT c FROM sbtest2 WHERE id=4812147
	Index Scan using sbtest2_pkey on sbtest2  (cost=0.43..8.45 rows=1 width=121)
	  Index Cond: (id = 4812147)

table 3 : explain SELECT c FROM sbtest3 WHERE id=3795285
	Index Scan using sbtest3_pkey on sbtest3  (cost=0.43..8.45 rows=1 width=121)
	  Index Cond: (id = 3795285)

table 4 : explain SELECT c FROM sbtest4 WHERE id=1075910
	Index Scan using sbtest4_pkey on sbtest4  (cost=0.43..8.45 rows=1 width=121)
	  Index Cond: (id = 1075910)

table 5 : explain SELECT c FROM sbtest5 WHERE id=5858981
	Index Scan using sbtest5_pkey on sbtest5  (cost=0.43..8.45 rows=1 width=121)
	  Index Cond: (id = 5858981)

table 6 : explain SELECT c FROM sbtest6 WHERE id=7758335
	Index Scan using sbtest6_pkey on sbtest6  (cost=0.43..8.45 rows=1 width=121)
	  Index Cond: (id = 7758335)

table 7 : explain SELECT c FROM sbtest7 WHERE id=6322067
	Index Scan using sbtest7_pkey on sbtest7  (cost=0.43..8.45 rows=1 width=121)
	  Index Cond: (id = 6322067)

table 8 : explain SELECT c FROM sbtest8 WHERE id=1837778
	Index Scan using sbtest8_pkey on sbtest8  (cost=0.43..8.45 rows=1 width=121)
	  Index Cond: (id = 1837778)

for: simple_ranges
table 1 : explain SELECT c FROM sbtest1 WHERE id BETWEEN 7169335 AND 7170334
	Bitmap Heap Scan on sbtest1  (cost=35.23..4073.42 rows=1053 width=121)
	  Recheck Cond: ((id >= 7169335) AND (id <= 7170334))
	  ->  Bitmap Index Scan on sbtest1_pkey  (cost=0.00..34.97 rows=1053 width=0)
	        Index Cond: ((id >= 7169335) AND (id <= 7170334))

table 2 : explain SELECT c FROM sbtest2 WHERE id BETWEEN 6265717 AND 6266716
	Bitmap Heap Scan on sbtest2  (cost=34.66..3866.95 rows=998 width=121)
	  Recheck Cond: ((id >= 6265717) AND (id <= 6266716))
	  ->  Bitmap Index Scan on sbtest2_pkey  (cost=0.00..34.42 rows=998 width=0)
	        Index Cond: ((id >= 6265717) AND (id <= 6266716))

table 3 : explain SELECT c FROM sbtest3 WHERE id BETWEEN 2802893 AND 2803892
	Bitmap Heap Scan on sbtest3  (cost=35.18..4055.65 rows=1048 width=121)
	  Recheck Cond: ((id >= 2802893) AND (id <= 2803892))
	  ->  Bitmap Index Scan on sbtest3_pkey  (cost=0.00..34.92 rows=1048 width=0)
	        Index Cond: ((id >= 2802893) AND (id <= 2803892))

table 4 : explain SELECT c FROM sbtest4 WHERE id BETWEEN 873583 AND 874582
	Bitmap Heap Scan on sbtest4  (cost=33.92..3597.86 rows=925 width=121)
	  Recheck Cond: ((id >= 873583) AND (id <= 874582))
	  ->  Bitmap Index Scan on sbtest4_pkey  (cost=0.00..33.69 rows=925 width=0)
	        Index Cond: ((id >= 873583) AND (id <= 874582))

table 5 : explain SELECT c FROM sbtest5 WHERE id BETWEEN 8879720 AND 8880719
	Bitmap Heap Scan on sbtest5  (cost=35.03..4010.10 rows=1034 width=121)
	  Recheck Cond: ((id >= 8879720) AND (id <= 8880719))
	  ->  Bitmap Index Scan on sbtest5_pkey  (cost=0.00..34.78 rows=1034 width=0)
	        Index Cond: ((id >= 8879720) AND (id <= 8880719))

table 6 : explain SELECT c FROM sbtest6 WHERE id BETWEEN 6804564 AND 6805563
	Bitmap Heap Scan on sbtest6  (cost=34.64..3860.45 rows=996 width=121)
	  Recheck Cond: ((id >= 6804564) AND (id <= 6805563))
	  ->  Bitmap Index Scan on sbtest6_pkey  (cost=0.00..34.40 rows=996 width=0)
	        Index Cond: ((id >= 6804564) AND (id <= 6805563))

table 7 : explain SELECT c FROM sbtest7 WHERE id BETWEEN 6194358 AND 6195357
	Bitmap Heap Scan on sbtest7  (cost=34.71..3881.14 rows=1002 width=121)
	  Recheck Cond: ((id >= 6194358) AND (id <= 6195357))
	  ->  Bitmap Index Scan on sbtest7_pkey  (cost=0.00..34.45 rows=1002 width=0)
	        Index Cond: ((id >= 6194358) AND (id <= 6195357))

table 8 : explain SELECT c FROM sbtest8 WHERE id BETWEEN 4615293 AND 4616292
	Bitmap Heap Scan on sbtest8  (cost=34.13..3670.72 rows=946 width=121)
	  Recheck Cond: ((id >= 4615293) AND (id <= 4616292))
	  ->  Bitmap Index Scan on sbtest8_pkey  (cost=0.00..33.90 rows=946 width=0)
	        Index Cond: ((id >= 4615293) AND (id <= 4616292))

for point_selects
table 1 : explain SELECT c FROM sbtest1 WHERE id=1252964
	Index Scan using sbtest1_pkey on sbtest1  (cost=0.43..8.45 rows=1 width=121)
	  Index Cond: (id = 1252964)

table 2 : explain SELECT c FROM sbtest2 WHERE id=1955077
	Index Scan using sbtest2_pkey on sbtest2  (cost=0.43..8.45 rows=1 width=121)
	  Index Cond: (id = 1955077)

table 3 : explain SELECT c FROM sbtest3 WHERE id=9644207
	Index Scan using sbtest3_pkey on sbtest3  (cost=0.43..8.45 rows=1 width=121)
	  Index Cond: (id = 9644207)

table 4 : explain SELECT c FROM sbtest4 WHERE id=1774318
	Index Scan using sbtest4_pkey on sbtest4  (cost=0.43..8.45 rows=1 width=121)
	  Index Cond: (id = 1774318)

table 5 : explain SELECT c FROM sbtest5 WHERE id=5386371
	Index Scan using sbtest5_pkey on sbtest5  (cost=0.43..8.45 rows=1 width=121)
	  Index Cond: (id = 5386371)

table 6 : explain SELECT c FROM sbtest6 WHERE id=9910046
	Index Scan using sbtest6_pkey on sbtest6  (cost=0.43..8.45 rows=1 width=121)
	  Index Cond: (id = 9910046)

table 7 : explain SELECT c FROM sbtest7 WHERE id=3107540
	Index Scan using sbtest7_pkey on sbtest7  (cost=0.43..8.45 rows=1 width=121)
	  Index Cond: (id = 3107540)

table 8 : explain SELECT c FROM sbtest8 WHERE id=9375778
	Index Scan using sbtest8_pkey on sbtest8  (cost=0.43..8.45 rows=1 width=121)
	  Index Cond: (id = 9375778)

for: simple_ranges
table 1 : explain SELECT c FROM sbtest1 WHERE id BETWEEN 104746 AND 105745
	Bitmap Heap Scan on sbtest1  (cost=34.69..3873.93 rows=1000 width=121)
	  Recheck Cond: ((id >= 104746) AND (id <= 105745))
	  ->  Bitmap Index Scan on sbtest1_pkey  (cost=0.00..34.44 rows=1000 width=0)
	        Index Cond: ((id >= 104746) AND (id <= 105745))

table 2 : explain SELECT c FROM sbtest2 WHERE id BETWEEN 9406673 AND 9407672
	Bitmap Heap Scan on sbtest2  (cost=34.40..3768.93 rows=972 width=121)
	  Recheck Cond: ((id >= 9406673) AND (id <= 9407672))
	  ->  Bitmap Index Scan on sbtest2_pkey  (cost=0.00..34.16 rows=972 width=0)
	        Index Cond: ((id >= 9406673) AND (id <= 9407672))

table 3 : explain SELECT c FROM sbtest3 WHERE id BETWEEN 2648440 AND 2649439
	Bitmap Heap Scan on sbtest3  (cost=35.11..4029.31 rows=1041 width=121)
	  Recheck Cond: ((id >= 2648440) AND (id <= 2649439))
	  ->  Bitmap Index Scan on sbtest3_pkey  (cost=0.00..34.84 rows=1041 width=0)
	        Index Cond: ((id >= 2648440) AND (id <= 2649439))

table 4 : explain SELECT c FROM sbtest4 WHERE id BETWEEN 8326727 AND 8327726
	Bitmap Heap Scan on sbtest4  (cost=29.71..3518.07 rows=905 width=121)
	  Recheck Cond: ((id >= 8326727) AND (id <= 8327726))
	  ->  Bitmap Index Scan on sbtest4_pkey  (cost=0.00..29.48 rows=905 width=0)
	        Index Cond: ((id >= 8326727) AND (id <= 8327726))

table 5 : explain SELECT c FROM sbtest5 WHERE id BETWEEN 2794605 AND 2795604
	Bitmap Heap Scan on sbtest5  (cost=29.88..3578.75 rows=921 width=121)
	  Recheck Cond: ((id >= 2794605) AND (id <= 2795604))
	  ->  Bitmap Index Scan on sbtest5_pkey  (cost=0.00..29.64 rows=921 width=0)
	        Index Cond: ((id >= 2794605) AND (id <= 2795604))

table 6 : explain SELECT c FROM sbtest6 WHERE id BETWEEN 301184 AND 302183
	Bitmap Heap Scan on sbtest6  (cost=34.91..3958.43 rows=1022 width=121)
	  Recheck Cond: ((id >= 301184) AND (id <= 302183))
	  ->  Bitmap Index Scan on sbtest6_pkey  (cost=0.00..34.66 rows=1022 width=0)
	        Index Cond: ((id >= 301184) AND (id <= 302183))

table 7 : explain SELECT c FROM sbtest7 WHERE id BETWEEN 7198228 AND 7199227
	Bitmap Heap Scan on sbtest7  (cost=39.78..4276.21 rows=1107 width=121)
	  Recheck Cond: ((id >= 7198228) AND (id <= 7199227))
	  ->  Bitmap Index Scan on sbtest7_pkey  (cost=0.00..39.51 rows=1107 width=0)
	        Index Cond: ((id >= 7198228) AND (id <= 7199227))

table 8 : explain SELECT c FROM sbtest8 WHERE id BETWEEN 4001893 AND 4002892
	Bitmap Heap Scan on sbtest8  (cost=35.18..4055.10 rows=1048 width=121)
	  Recheck Cond: ((id >= 4001893) AND (id <= 4002892))
	  ->  Bitmap Index Scan on sbtest8_pkey  (cost=0.00..34.92 rows=1048 width=0)
	        Index Cond: ((id >= 4001893) AND (id <= 4002892))

for: simple_ranges
table 1 : explain SELECT c FROM sbtest1 WHERE id BETWEEN 2801262 AND 2802261
	Bitmap Heap Scan on sbtest1  (cost=29.99..3613.45 rows=932 width=121)
	  Recheck Cond: ((id >= 2801262) AND (id <= 2802261))
	  ->  Bitmap Index Scan on sbtest1_pkey  (cost=0.00..29.75 rows=932 width=0)
	        Index Cond: ((id >= 2801262) AND (id <= 2802261))

table 2 : explain SELECT c FROM sbtest2 WHERE id BETWEEN 7990930 AND 7991929
	Bitmap Heap Scan on sbtest2  (cost=34.21..3701.01 rows=954 width=121)
	  Recheck Cond: ((id >= 7990930) AND (id <= 7991929))
	  ->  Bitmap Index Scan on sbtest2_pkey  (cost=0.00..33.98 rows=954 width=0)
	        Index Cond: ((id >= 7990930) AND (id <= 7991929))

table 3 : explain SELECT c FROM sbtest3 WHERE id BETWEEN 9611933 AND 9612932
	Bitmap Heap Scan on sbtest3  (cost=34.87..3942.71 rows=1018 width=121)
	  Recheck Cond: ((id >= 9611933) AND (id <= 9612932))
	  ->  Bitmap Index Scan on sbtest3_pkey  (cost=0.00..34.62 rows=1018 width=0)
	        Index Cond: ((id >= 9611933) AND (id <= 9612932))

table 4 : explain SELECT c FROM sbtest4 WHERE id BETWEEN 4535946 AND 4536945
	Bitmap Heap Scan on sbtest4  (cost=34.48..3806.03 rows=980 width=121)
	  Recheck Cond: ((id >= 4535946) AND (id <= 4536945))
	  ->  Bitmap Index Scan on sbtest4_pkey  (cost=0.00..34.23 rows=980 width=0)
	        Index Cond: ((id >= 4535946) AND (id <= 4536945))

table 5 : explain SELECT c FROM sbtest5 WHERE id BETWEEN 7081876 AND 7082875
	Bitmap Heap Scan on sbtest5  (cost=34.55..3832.55 rows=987 width=121)
	  Recheck Cond: ((id >= 7081876) AND (id <= 7082875))
	  ->  Bitmap Index Scan on sbtest5_pkey  (cost=0.00..34.31 rows=987 width=0)
	        Index Cond: ((id >= 7081876) AND (id <= 7082875))

table 6 : explain SELECT c FROM sbtest6 WHERE id BETWEEN 3782763 AND 3783762
	Bitmap Heap Scan on sbtest6  (cost=35.17..4052.57 rows=1047 width=121)
	  Recheck Cond: ((id >= 3782763) AND (id <= 3783762))
	  ->  Bitmap Index Scan on sbtest6_pkey  (cost=0.00..34.91 rows=1047 width=0)
	        Index Cond: ((id >= 3782763) AND (id <= 3783762))

table 7 : explain SELECT c FROM sbtest7 WHERE id BETWEEN 6098027 AND 6099026
	Bitmap Heap Scan on sbtest7  (cost=34.19..3692.65 rows=952 width=121)
	  Recheck Cond: ((id >= 6098027) AND (id <= 6099026))
	  ->  Bitmap Index Scan on sbtest7_pkey  (cost=0.00..33.95 rows=952 width=0)
	        Index Cond: ((id >= 6098027) AND (id <= 6099026))

table 8 : explain SELECT c FROM sbtest8 WHERE id BETWEEN 1827970 AND 1828969
	Bitmap Heap Scan on sbtest8  (cost=34.50..3806.53 rows=982 width=121)
	  Recheck Cond: ((id >= 1827970) AND (id <= 1828969))
	  ->  Bitmap Index Scan on sbtest8_pkey  (cost=0.00..34.26 rows=982 width=0)
	        Index Cond: ((id >= 1827970) AND (id <= 1828969))

for: order_ranges
table 1 : explain SELECT c FROM sbtest1 WHERE id BETWEEN 6833971 AND 6834970 ORDER BY c
	Sort  (cost=3847.25..3849.70 rows=980 width=121)
	  Sort Key: c
	  ->  Bitmap Heap Scan on sbtest1  (cost=34.48..3798.56 rows=980 width=121)
	        Recheck Cond: ((id >= 6833971) AND (id <= 6834970))
	        ->  Bitmap Index Scan on sbtest1_pkey  (cost=0.00..34.23 rows=980 width=0)
	              Index Cond: ((id >= 6833971) AND (id <= 6834970))

table 2 : explain SELECT c FROM sbtest2 WHERE id BETWEEN 2585912 AND 2586911 ORDER BY c
	Sort  (cost=3863.10..3865.56 rows=984 width=121)
	  Sort Key: c
	  ->  Bitmap Heap Scan on sbtest2  (cost=34.52..3814.18 rows=984 width=121)
	        Recheck Cond: ((id >= 2585912) AND (id <= 2586911))
	        ->  Bitmap Index Scan on sbtest2_pkey  (cost=0.00..34.28 rows=984 width=0)
	              Index Cond: ((id >= 2585912) AND (id <= 2586911))

table 3 : explain SELECT c FROM sbtest3 WHERE id BETWEEN 3750956 AND 3751955 ORDER BY c
	Sort  (cost=4108.22..4110.84 rows=1048 width=121)
	  Sort Key: c
	  ->  Bitmap Heap Scan on sbtest3  (cost=35.18..4055.65 rows=1048 width=121)
	        Recheck Cond: ((id >= 3750956) AND (id <= 3751955))
	        ->  Bitmap Index Scan on sbtest3_pkey  (cost=0.00..34.92 rows=1048 width=0)
	              Index Cond: ((id >= 3750956) AND (id <= 3751955))

table 4 : explain SELECT c FROM sbtest4 WHERE id BETWEEN 9659455 AND 9660454 ORDER BY c
	Sort  (cost=3751.04..3753.43 rows=953 width=121)
	  Sort Key: c
	  ->  Bitmap Heap Scan on sbtest4  (cost=34.20..3703.89 rows=953 width=121)
	        Recheck Cond: ((id >= 9659455) AND (id <= 9660454))
	        ->  Bitmap Index Scan on sbtest4_pkey  (cost=0.00..33.97 rows=953 width=0)
	              Index Cond: ((id >= 9659455) AND (id <= 9660454))

table 5 : explain SELECT c FROM sbtest5 WHERE id BETWEEN 8435451 AND 8436450 ORDER BY c
	Sort  (cost=4023.55..4026.11 rows=1024 width=121)
	  Sort Key: c
	  ->  Bitmap Heap Scan on sbtest5  (cost=34.93..3972.35 rows=1024 width=121)
	        Recheck Cond: ((id >= 8435451) AND (id <= 8436450))
	        ->  Bitmap Index Scan on sbtest5_pkey  (cost=0.00..34.68 rows=1024 width=0)
	              Index Cond: ((id >= 8435451) AND (id <= 8436450))

table 6 : explain SELECT c FROM sbtest6 WHERE id BETWEEN 3802108 AND 3803107 ORDER BY c
	Sort  (cost=4105.09..4107.70 rows=1047 width=121)
	  Sort Key: c
	  ->  Bitmap Heap Scan on sbtest6  (cost=35.17..4052.57 rows=1047 width=121)
	        Recheck Cond: ((id >= 3802108) AND (id <= 3803107))
	        ->  Bitmap Index Scan on sbtest6_pkey  (cost=0.00..34.91 rows=1047 width=0)
	              Index Cond: ((id >= 3802108) AND (id <= 3803107))

table 7 : explain SELECT c FROM sbtest7 WHERE id BETWEEN 105912 AND 106911 ORDER BY c
	Sort  (cost=3586.29..3588.57 rows=913 width=121)
	  Sort Key: c
	  ->  Bitmap Heap Scan on sbtest7  (cost=29.79..3541.39 rows=913 width=121)
	        Recheck Cond: ((id >= 105912) AND (id <= 106911))
	        ->  Bitmap Index Scan on sbtest7_pkey  (cost=0.00..29.57 rows=913 width=0)
	              Index Cond: ((id >= 105912) AND (id <= 106911))

table 8 : explain SELECT c FROM sbtest8 WHERE id BETWEEN 3484440 AND 3485439 ORDER BY c
	Sort  (cost=3667.65..3669.99 rows=933 width=121)
	  Sort Key: c
	  ->  Bitmap Heap Scan on sbtest8  (cost=34.00..3621.63 rows=933 width=121)
	        Recheck Cond: ((id >= 3484440) AND (id <= 3485439))
	        ->  Bitmap Index Scan on sbtest8_pkey  (cost=0.00..33.77 rows=933 width=0)
	              Index Cond: ((id >= 3484440) AND (id <= 3485439))

for: sum_ranges
table 1 : explain SELECT SUM(k) FROM sbtest1 WHERE id BETWEEN 2932845 AND 2933844
	Aggregate  (cost=3797.24..3797.25 rows=1 width=8)
	  ->  Bitmap Heap Scan on sbtest1  (cost=34.47..3794.79 rows=979 width=4)
	        Recheck Cond: ((id >= 2932845) AND (id <= 2933844))
	        ->  Bitmap Index Scan on sbtest1_pkey  (cost=0.00..34.23 rows=979 width=0)
	              Index Cond: ((id >= 2932845) AND (id <= 2933844))

table 2 : explain SELECT SUM(k) FROM sbtest2 WHERE id BETWEEN 2544029 AND 2545028
	Aggregate  (cost=3816.64..3816.65 rows=1 width=8)
	  ->  Bitmap Heap Scan on sbtest2  (cost=34.52..3814.18 rows=984 width=4)
	        Recheck Cond: ((id >= 2544029) AND (id <= 2545028))
	        ->  Bitmap Index Scan on sbtest2_pkey  (cost=0.00..34.28 rows=984 width=0)
	              Index Cond: ((id >= 2544029) AND (id <= 2545028))

table 3 : explain SELECT SUM(k) FROM sbtest3 WHERE id BETWEEN 5484711 AND 5485710
	Aggregate  (cost=3854.76..3854.77 rows=1 width=8)
	  ->  Bitmap Heap Scan on sbtest3  (cost=34.62..3852.28 rows=994 width=4)
	        Recheck Cond: ((id >= 5484711) AND (id <= 5485710))
	        ->  Bitmap Index Scan on sbtest3_pkey  (cost=0.00..34.38 rows=994 width=0)
	              Index Cond: ((id >= 5484711) AND (id <= 5485710))

table 4 : explain SELECT SUM(k) FROM sbtest4 WHERE id BETWEEN 4496772 AND 4497771
	Aggregate  (cost=3653.24..3653.25 rows=1 width=8)
	  ->  Bitmap Heap Scan on sbtest4  (cost=34.06..3650.89 rows=939 width=4)
	        Recheck Cond: ((id >= 4496772) AND (id <= 4497771))
	        ->  Bitmap Index Scan on sbtest4_pkey  (cost=0.00..33.83 rows=939 width=0)
	              Index Cond: ((id >= 4496772) AND (id <= 4497771))

table 5 : explain SELECT SUM(k) FROM sbtest5 WHERE id BETWEEN 7422287 AND 7423286
	Aggregate  (cost=3751.76..3751.77 rows=1 width=8)
	  ->  Bitmap Heap Scan on sbtest5  (cost=34.33..3749.34 rows=965 width=4)
	        Recheck Cond: ((id >= 7422287) AND (id <= 7423286))
	        ->  Bitmap Index Scan on sbtest5_pkey  (cost=0.00..34.09 rows=965 width=0)
	              Index Cond: ((id >= 7422287) AND (id <= 7423286))

table 6 : explain SELECT SUM(k) FROM sbtest6 WHERE id BETWEEN 5925205 AND 5926204
	Aggregate  (cost=3810.11..3810.12 rows=1 width=8)
	  ->  Bitmap Heap Scan on sbtest6  (cost=34.50..3807.65 rows=982 width=4)
	        Recheck Cond: ((id >= 5925205) AND (id <= 5926204))
	        ->  Bitmap Index Scan on sbtest6_pkey  (cost=0.00..34.26 rows=982 width=0)
	              Index Cond: ((id >= 5925205) AND (id <= 5926204))

table 7 : explain SELECT SUM(k) FROM sbtest7 WHERE id BETWEEN 7347394 AND 7348393
	Aggregate  (cost=3808.24..3808.25 rows=1 width=8)
	  ->  Bitmap Heap Scan on sbtest7  (cost=34.50..3805.79 rows=982 width=4)
	        Recheck Cond: ((id >= 7347394) AND (id <= 7348393))
	        ->  Bitmap Index Scan on sbtest7_pkey  (cost=0.00..34.26 rows=982 width=0)
	              Index Cond: ((id >= 7347394) AND (id <= 7348393))

table 8 : explain SELECT SUM(k) FROM sbtest8 WHERE id BETWEEN 7244005 AND 7245004
	Aggregate  (cost=3967.34..3967.35 rows=1 width=8)
	  ->  Bitmap Heap Scan on sbtest8  (cost=34.93..3964.78 rows=1024 width=4)
	        Recheck Cond: ((id >= 7244005) AND (id <= 7245004))
	        ->  Bitmap Index Scan on sbtest8_pkey  (cost=0.00..34.68 rows=1024 width=0)
	              Index Cond: ((id >= 7244005) AND (id <= 7245004))

for: simple_ranges
table 1 : explain SELECT c FROM sbtest1 WHERE id BETWEEN 6875276 AND 6876275
	Bitmap Heap Scan on sbtest1  (cost=34.39..3764.62 rows=971 width=121)
	  Recheck Cond: ((id >= 6875276) AND (id <= 6876275))
	  ->  Bitmap Index Scan on sbtest1_pkey  (cost=0.00..34.15 rows=971 width=0)
	        Index Cond: ((id >= 6875276) AND (id <= 6876275))

table 2 : explain SELECT c FROM sbtest2 WHERE id BETWEEN 7207587 AND 7208586
	Bitmap Heap Scan on sbtest2  (cost=35.21..4066.50 rows=1051 width=121)
	  Recheck Cond: ((id >= 7207587) AND (id <= 7208586))
	  ->  Bitmap Index Scan on sbtest2_pkey  (cost=0.00..34.95 rows=1051 width=0)
	        Index Cond: ((id >= 7207587) AND (id <= 7208586))

table 3 : explain SELECT c FROM sbtest3 WHERE id BETWEEN 2807807 AND 2808806
	Bitmap Heap Scan on sbtest3  (cost=35.18..4055.65 rows=1048 width=121)
	  Recheck Cond: ((id >= 2807807) AND (id <= 2808806))
	  ->  Bitmap Index Scan on sbtest3_pkey  (cost=0.00..34.92 rows=1048 width=0)
	        Index Cond: ((id >= 2807807) AND (id <= 2808806))

table 4 : explain SELECT c FROM sbtest4 WHERE id BETWEEN 858744 AND 859743
	Bitmap Heap Scan on sbtest4  (cost=33.92..3597.86 rows=925 width=121)
	  Recheck Cond: ((id >= 858744) AND (id <= 859743))
	  ->  Bitmap Index Scan on sbtest4_pkey  (cost=0.00..33.69 rows=925 width=0)
	        Index Cond: ((id >= 858744) AND (id <= 859743))

table 5 : explain SELECT c FROM sbtest5 WHERE id BETWEEN 7223014 AND 7224013
	Bitmap Heap Scan on sbtest5  (cost=35.59..4213.77 rows=1088 width=121)
	  Recheck Cond: ((id >= 7223014) AND (id <= 7224013))
	  ->  Bitmap Index Scan on sbtest5_pkey  (cost=0.00..35.32 rows=1088 width=0)
	        Index Cond: ((id >= 7223014) AND (id <= 7224013))

table 6 : explain SELECT c FROM sbtest6 WHERE id BETWEEN 8783287 AND 8784286
	Bitmap Heap Scan on sbtest6  (cost=34.37..3758.61 rows=969 width=121)
	  Recheck Cond: ((id >= 8783287) AND (id <= 8784286))
	  ->  Bitmap Index Scan on sbtest6_pkey  (cost=0.00..34.12 rows=969 width=0)
	        Index Cond: ((id >= 8783287) AND (id <= 8784286))

table 7 : explain SELECT c FROM sbtest7 WHERE id BETWEEN 8108323 AND 8109322
	Bitmap Heap Scan on sbtest7  (cost=34.81..3918.80 rows=1012 width=121)
	  Recheck Cond: ((id >= 8108323) AND (id <= 8109322))
	  ->  Bitmap Index Scan on sbtest7_pkey  (cost=0.00..34.56 rows=1012 width=0)
	        Index Cond: ((id >= 8108323) AND (id <= 8109322))

table 8 : explain SELECT c FROM sbtest8 WHERE id BETWEEN 3984282 AND 3985281
	Bitmap Heap Scan on sbtest8  (cost=35.18..4055.10 rows=1048 width=121)
	  Recheck Cond: ((id >= 3984282) AND (id <= 3985281))
	  ->  Bitmap Index Scan on sbtest8_pkey  (cost=0.00..34.92 rows=1048 width=0)
	        Index Cond: ((id >= 3984282) AND (id <= 3985281))

for: distinct_ranges
table 1 : explain SELECT DISTINCT c FROM sbtest1 WHERE id BETWEEN 2512392 AND 2513391 ORDER BY c
	Unique  (cost=4072.82..4078.01 rows=1039 width=121)
	  ->  Sort  (cost=4072.82..4075.42 rows=1039 width=121)
	        Sort Key: c
	        ->  Bitmap Heap Scan on sbtest1  (cost=35.08..4020.76 rows=1039 width=121)
	              Recheck Cond: ((id >= 2512392) AND (id <= 2513391))
	              ->  Bitmap Index Scan on sbtest1_pkey  (cost=0.00..34.83 rows=1039 width=0)
	                    Index Cond: ((id >= 2512392) AND (id <= 2513391))

table 2 : explain SELECT DISTINCT c FROM sbtest2 WHERE id BETWEEN 8659978 AND 8660977 ORDER BY c
	Unique  (cost=4061.94..4067.12 rows=1036 width=121)
	  ->  Sort  (cost=4061.94..4064.53 rows=1036 width=121)
	        Sort Key: c
	        ->  Bitmap Heap Scan on sbtest2  (cost=35.05..4010.06 rows=1036 width=121)
	              Recheck Cond: ((id >= 8659978) AND (id <= 8660977))
	              ->  Bitmap Index Scan on sbtest2_pkey  (cost=0.00..34.80 rows=1036 width=0)
	                    Index Cond: ((id >= 8659978) AND (id <= 8660977))

table 3 : explain SELECT DISTINCT c FROM sbtest3 WHERE id BETWEEN 5536373 AND 5537372 ORDER BY c
	Unique  (cost=3901.76..3906.73 rows=994 width=121)
	  ->  Sort  (cost=3901.76..3904.25 rows=994 width=121)
	        Sort Key: c
	        ->  Bitmap Heap Scan on sbtest3  (cost=34.62..3852.28 rows=994 width=121)
	              Recheck Cond: ((id >= 5536373) AND (id <= 5537372))
	              ->  Bitmap Index Scan on sbtest3_pkey  (cost=0.00..34.38 rows=994 width=0)
	                    Index Cond: ((id >= 5536373) AND (id <= 5537372))

table 4 : explain SELECT DISTINCT c FROM sbtest4 WHERE id BETWEEN 8841122 AND 8842121 ORDER BY c
	Unique  (cost=3793.29..3798.11 rows=964 width=121)
	  ->  Sort  (cost=3793.29..3795.70 rows=964 width=121)
	        Sort Key: c
	        ->  Bitmap Heap Scan on sbtest4  (cost=34.32..3745.51 rows=964 width=121)
	              Recheck Cond: ((id >= 8841122) AND (id <= 8842121))
	              ->  Bitmap Index Scan on sbtest4_pkey  (cost=0.00..34.08 rows=964 width=0)
	                    Index Cond: ((id >= 8841122) AND (id <= 8842121))

table 5 : explain SELECT DISTINCT c FROM sbtest5 WHERE id BETWEEN 4575548 AND 4576547 ORDER BY c
	Unique  (cost=3793.34..3798.16 rows=964 width=121)
	  ->  Sort  (cost=3793.34..3795.75 rows=964 width=121)
	        Sort Key: c
	        ->  Bitmap Heap Scan on sbtest5  (cost=34.32..3745.56 rows=964 width=121)
	              Recheck Cond: ((id >= 4575548) AND (id <= 4576547))
	              ->  Bitmap Index Scan on sbtest5_pkey  (cost=0.00..34.08 rows=964 width=0)
	                    Index Cond: ((id >= 4575548) AND (id <= 4576547))

table 6 : explain SELECT DISTINCT c FROM sbtest6 WHERE id BETWEEN 445949 AND 446948 ORDER BY c
	Unique  (cost=4112.73..4117.97 rows=1049 width=121)
	  ->  Sort  (cost=4112.73..4115.35 rows=1049 width=121)
	        Sort Key: c
	        ->  Bitmap Heap Scan on sbtest6  (cost=35.19..4060.10 rows=1049 width=121)
	              Recheck Cond: ((id >= 445949) AND (id <= 446948))
	              ->  Bitmap Index Scan on sbtest6_pkey  (cost=0.00..34.93 rows=1049 width=0)
	                    Index Cond: ((id >= 445949) AND (id <= 446948))

table 7 : explain SELECT DISTINCT c FROM sbtest7 WHERE id BETWEEN 3114864 AND 3115863 ORDER BY c
	Unique  (cost=3785.70..3790.52 rows=964 width=121)
	  ->  Sort  (cost=3785.70..3788.11 rows=964 width=121)
	        Sort Key: c
	        ->  Bitmap Heap Scan on sbtest7  (cost=34.32..3737.92 rows=964 width=121)
	              Recheck Cond: ((id >= 3114864) AND (id <= 3115863))
	              ->  Bitmap Index Scan on sbtest7_pkey  (cost=0.00..34.08 rows=964 width=0)
	                    Index Cond: ((id >= 3114864) AND (id <= 3115863))

table 8 : explain SELECT DISTINCT c FROM sbtest8 WHERE id BETWEEN 3782693 AND 3783692 ORDER BY c
	Unique  (cost=3782.60..3787.41 rows=963 width=121)
	  ->  Sort  (cost=3782.60..3785.00 rows=963 width=121)
	        Sort Key: c
	        ->  Bitmap Heap Scan on sbtest8  (cost=34.31..3734.87 rows=963 width=121)
	              Recheck Cond: ((id >= 3782693) AND (id <= 3783692))
	              ->  Bitmap Index Scan on sbtest8_pkey  (cost=0.00..34.07 rows=963 width=0)
	                    Index Cond: ((id >= 3782693) AND (id <= 3783692))

for: order_ranges
table 1 : explain SELECT c FROM sbtest1 WHERE id BETWEEN 6996677 AND 6997676 ORDER BY c
	Sort  (cost=3981.11..3983.65 rows=1015 width=121)
	  Sort Key: c
	  ->  Bitmap Heap Scan on sbtest1  (cost=34.84..3930.43 rows=1015 width=121)
	        Recheck Cond: ((id >= 6996677) AND (id <= 6997676))
	        ->  Bitmap Index Scan on sbtest1_pkey  (cost=0.00..34.59 rows=1015 width=0)
	              Index Cond: ((id >= 6996677) AND (id <= 6997676))

table 2 : explain SELECT c FROM sbtest2 WHERE id BETWEEN 3321111 AND 3322110 ORDER BY c
	Sort  (cost=3771.21..3773.61 rows=960 width=121)
	  Sort Key: c
	  ->  Bitmap Heap Scan on sbtest2  (cost=34.28..3723.65 rows=960 width=121)
	        Recheck Cond: ((id >= 3321111) AND (id <= 3322110))
	        ->  Bitmap Index Scan on sbtest2_pkey  (cost=0.00..34.04 rows=960 width=0)
	              Index Cond: ((id >= 3321111) AND (id <= 3322110))

table 3 : explain SELECT c FROM sbtest3 WHERE id BETWEEN 3729133 AND 3730132 ORDER BY c
	Sort  (cost=4108.22..4110.84 rows=1048 width=121)
	  Sort Key: c
	  ->  Bitmap Heap Scan on sbtest3  (cost=35.18..4055.65 rows=1048 width=121)
	        Recheck Cond: ((id >= 3729133) AND (id <= 3730132))
	        ->  Bitmap Index Scan on sbtest3_pkey  (cost=0.00..34.92 rows=1048 width=0)
	              Index Cond: ((id >= 3729133) AND (id <= 3730132))

table 4 : explain SELECT c FROM sbtest4 WHERE id BETWEEN 7853085 AND 7854084 ORDER BY c
	Sort  (cost=4008.16..4010.71 rows=1020 width=121)
	  Sort Key: c
	  ->  Bitmap Heap Scan on sbtest4  (cost=34.89..3957.19 rows=1020 width=121)
	        Recheck Cond: ((id >= 7853085) AND (id <= 7854084))
	        ->  Bitmap Index Scan on sbtest4_pkey  (cost=0.00..34.64 rows=1020 width=0)
	              Index Cond: ((id >= 7853085) AND (id <= 7854084))

table 5 : explain SELECT c FROM sbtest5 WHERE id BETWEEN 1401145 AND 1402144 ORDER BY c
	Sort  (cost=3850.93..3853.38 rows=979 width=121)
	  Sort Key: c
	  ->  Bitmap Heap Scan on sbtest5  (cost=34.47..3802.30 rows=979 width=121)
	        Recheck Cond: ((id >= 1401145) AND (id <= 1402144))
	        ->  Bitmap Index Scan on sbtest5_pkey  (cost=0.00..34.23 rows=979 width=0)
	              Index Cond: ((id >= 1401145) AND (id <= 1402144))

table 6 : explain SELECT c FROM sbtest6 WHERE id BETWEEN 2457645 AND 2458644 ORDER BY c
	Sort  (cost=3676.36..3678.70 rows=935 width=121)
	  Sort Key: c
	  ->  Bitmap Heap Scan on sbtest6  (cost=34.02..3630.22 rows=935 width=121)
	        Recheck Cond: ((id >= 2457645) AND (id <= 2458644))
	        ->  Bitmap Index Scan on sbtest6_pkey  (cost=0.00..33.79 rows=935 width=0)
	              Index Cond: ((id >= 2457645) AND (id <= 2458644))

table 7 : explain SELECT c FROM sbtest7 WHERE id BETWEEN 349151 AND 350150 ORDER BY c
	Sort  (cost=3689.95..3692.30 rows=939 width=121)
	  Sort Key: c
	  ->  Bitmap Heap Scan on sbtest7  (cost=34.06..3643.59 rows=939 width=121)
	        Recheck Cond: ((id >= 349151) AND (id <= 350150))
	        ->  Bitmap Index Scan on sbtest7_pkey  (cost=0.00..33.83 rows=939 width=0)
	              Index Cond: ((id >= 349151) AND (id <= 350150))

table 8 : explain SELECT c FROM sbtest8 WHERE id BETWEEN 9075167 AND 9076166 ORDER BY c
	Sort  (cost=4248.91..4251.62 rows=1085 width=121)
	  Sort Key: c
	  ->  Bitmap Heap Scan on sbtest8  (cost=35.56..4194.20 rows=1085 width=121)
	        Recheck Cond: ((id >= 9075167) AND (id <= 9076166))
	        ->  Bitmap Index Scan on sbtest8_pkey  (cost=0.00..35.29 rows=1085 width=0)
	              Index Cond: ((id >= 9075167) AND (id <= 9076166))

for: simple_ranges
table 1 : explain SELECT c FROM sbtest1 WHERE id BETWEEN 6392911 AND 6393910
	Bitmap Heap Scan on sbtest1  (cost=35.07..4017.00 rows=1038 width=121)
	  Recheck Cond: ((id >= 6392911) AND (id <= 6393910))
	  ->  Bitmap Index Scan on sbtest1_pkey  (cost=0.00..34.82 rows=1038 width=0)
	        Index Cond: ((id >= 6392911) AND (id <= 6393910))

table 2 : explain SELECT c FROM sbtest2 WHERE id BETWEEN 4034249 AND 4035248
	Bitmap Heap Scan on sbtest2  (cost=35.60..4209.35 rows=1089 width=121)
	  Recheck Cond: ((id >= 4034249) AND (id <= 4035248))
	  ->  Bitmap Index Scan on sbtest2_pkey  (cost=0.00..35.33 rows=1089 width=0)
	        Index Cond: ((id >= 4034249) AND (id <= 4035248))

table 3 : explain SELECT c FROM sbtest3 WHERE id BETWEEN 9688701 AND 9689700
	Bitmap Heap Scan on sbtest3  (cost=34.87..3942.71 rows=1018 width=121)
	  Recheck Cond: ((id >= 9688701) AND (id <= 9689700))
	  ->  Bitmap Index Scan on sbtest3_pkey  (cost=0.00..34.62 rows=1018 width=0)
	        Index Cond: ((id >= 9688701) AND (id <= 9689700))

table 4 : explain SELECT c FROM sbtest4 WHERE id BETWEEN 7276535 AND 7277534
	Bitmap Heap Scan on sbtest4  (cost=29.74..3529.44 rows=908 width=121)
	  Recheck Cond: ((id >= 7276535) AND (id <= 7277534))
	  ->  Bitmap Index Scan on sbtest4_pkey  (cost=0.00..29.51 rows=908 width=0)
	        Index Cond: ((id >= 7276535) AND (id <= 7277534))

table 5 : explain SELECT c FROM sbtest5 WHERE id BETWEEN 3387122 AND 3388121
	Bitmap Heap Scan on sbtest5  (cost=34.38..3768.26 rows=970 width=121)
	  Recheck Cond: ((id >= 3387122) AND (id <= 3388121))
	  ->  Bitmap Index Scan on sbtest5_pkey  (cost=0.00..34.14 rows=970 width=0)
	        Index Cond: ((id >= 3387122) AND (id <= 3388121))

table 6 : explain SELECT c FROM sbtest6 WHERE id BETWEEN 5718169 AND 5719168
	Bitmap Heap Scan on sbtest6  (cost=34.73..3890.61 rows=1004 width=121)
	  Recheck Cond: ((id >= 5718169) AND (id <= 5719168))
	  ->  Bitmap Index Scan on sbtest6_pkey  (cost=0.00..34.48 rows=1004 width=0)
	        Index Cond: ((id >= 5718169) AND (id <= 5719168))

table 7 : explain SELECT c FROM sbtest7 WHERE id BETWEEN 2011621 AND 2012620
	Bitmap Heap Scan on sbtest7  (cost=34.50..3805.79 rows=982 width=121)
	  Recheck Cond: ((id >= 2011621) AND (id <= 2012620))
	  ->  Bitmap Index Scan on sbtest7_pkey  (cost=0.00..34.26 rows=982 width=0)
	        Index Cond: ((id >= 2011621) AND (id <= 2012620))

table 8 : explain SELECT c FROM sbtest8 WHERE id BETWEEN 1906375 AND 1907374
	Bitmap Heap Scan on sbtest8  (cost=34.50..3806.53 rows=982 width=121)
	  Recheck Cond: ((id >= 1906375) AND (id <= 1907374))
	  ->  Bitmap Index Scan on sbtest8_pkey  (cost=0.00..34.26 rows=982 width=0)
	        Index Cond: ((id >= 1906375) AND (id <= 1907374))

for point_selects
table 1 : explain SELECT c FROM sbtest1 WHERE id=7265968
	Index Scan using sbtest1_pkey on sbtest1  (cost=0.43..8.45 rows=1 width=121)
	  Index Cond: (id = 7265968)

table 2 : explain SELECT c FROM sbtest2 WHERE id=2243715
	Index Scan using sbtest2_pkey on sbtest2  (cost=0.43..8.45 rows=1 width=121)
	  Index Cond: (id = 2243715)

table 3 : explain SELECT c FROM sbtest3 WHERE id=6657661
	Index Scan using sbtest3_pkey on sbtest3  (cost=0.43..8.45 rows=1 width=121)
	  Index Cond: (id = 6657661)

table 4 : explain SELECT c FROM sbtest4 WHERE id=4552534
	Index Scan using sbtest4_pkey on sbtest4  (cost=0.43..8.45 rows=1 width=121)
	  Index Cond: (id = 4552534)

table 5 : explain SELECT c FROM sbtest5 WHERE id=373754
	Index Scan using sbtest5_pkey on sbtest5  (cost=0.43..8.45 rows=1 width=121)
	  Index Cond: (id = 373754)

table 6 : explain SELECT c FROM sbtest6 WHERE id=3099067
	Index Scan using sbtest6_pkey on sbtest6  (cost=0.43..8.45 rows=1 width=121)
	  Index Cond: (id = 3099067)

table 7 : explain SELECT c FROM sbtest7 WHERE id=7641753
	Index Scan using sbtest7_pkey on sbtest7  (cost=0.43..8.45 rows=1 width=121)
	  Index Cond: (id = 7641753)

table 8 : explain SELECT c FROM sbtest8 WHERE id=4644157
	Index Scan using sbtest8_pkey on sbtest8  (cost=0.43..8.45 rows=1 width=121)
	  Index Cond: (id = 4644157)

for: order_ranges
table 1 : explain SELECT c FROM sbtest1 WHERE id BETWEEN 5572812 AND 5573811 ORDER BY c
	Sort  (cost=3935.23..3937.74 rows=1003 width=121)
	  Sort Key: c
	  ->  Bitmap Heap Scan on sbtest1  (cost=34.72..3885.23 rows=1003 width=121)
	        Recheck Cond: ((id >= 5572812) AND (id <= 5573811))
	        ->  Bitmap Index Scan on sbtest1_pkey  (cost=0.00..34.47 rows=1003 width=0)
	              Index Cond: ((id >= 5572812) AND (id <= 5573811))

table 2 : explain SELECT c FROM sbtest2 WHERE id BETWEEN 9353070 AND 9354069 ORDER BY c
	Sort  (cost=3996.97..3999.52 rows=1019 width=121)
	  Sort Key: c
	  ->  Bitmap Heap Scan on sbtest2  (cost=34.88..3946.06 rows=1019 width=121)
	        Recheck Cond: ((id >= 9353070) AND (id <= 9354069))
	        ->  Bitmap Index Scan on sbtest2_pkey  (cost=0.00..34.62 rows=1019 width=0)
	              Index Cond: ((id >= 9353070) AND (id <= 9354069))

table 3 : explain SELECT c FROM sbtest3 WHERE id BETWEEN 13722 AND 14721 ORDER BY c
	Sort  (cost=4218.96..4221.65 rows=1077 width=121)
	  Sort Key: c
	  ->  Bitmap Heap Scan on sbtest3  (cost=35.47..4164.72 rows=1077 width=121)
	        Recheck Cond: ((id >= 13722) AND (id <= 14721))
	        ->  Bitmap Index Scan on sbtest3_pkey  (cost=0.00..35.20 rows=1077 width=0)
	              Index Cond: ((id >= 13722) AND (id <= 14721))

table 4 : explain SELECT c FROM sbtest4 WHERE id BETWEEN 5953452 AND 5954451 ORDER BY c
	Sort  (cost=3762.57..3764.96 rows=956 width=121)
	  Sort Key: c
	  ->  Bitmap Heap Scan on sbtest4  (cost=34.23..3715.24 rows=956 width=121)
	        Recheck Cond: ((id >= 5953452) AND (id <= 5954451))
	        ->  Bitmap Index Scan on sbtest4_pkey  (cost=0.00..34.00 rows=956 width=0)
	              Index Cond: ((id >= 5953452) AND (id <= 5954451))

table 5 : explain SELECT c FROM sbtest5 WHERE id BETWEEN 3898344 AND 3899343 ORDER BY c
	Sort  (cost=3762.62..3765.01 rows=956 width=121)
	  Sort Key: c
	  ->  Bitmap Heap Scan on sbtest5  (cost=34.23..3715.29 rows=956 width=121)
	        Recheck Cond: ((id >= 3898344) AND (id <= 3899343))
	        ->  Bitmap Index Scan on sbtest5_pkey  (cost=0.00..34.00 rows=956 width=0)
	              Index Cond: ((id >= 3898344) AND (id <= 3899343))

table 6 : explain SELECT c FROM sbtest6 WHERE id BETWEEN 417127 AND 418126 ORDER BY c
	Sort  (cost=4112.73..4115.35 rows=1049 width=121)
	  Sort Key: c
	  ->  Bitmap Heap Scan on sbtest6  (cost=35.19..4060.10 rows=1049 width=121)
	        Recheck Cond: ((id >= 417127) AND (id <= 418126))
	        ->  Bitmap Index Scan on sbtest6_pkey  (cost=0.00..34.93 rows=1049 width=0)
	              Index Cond: ((id >= 417127) AND (id <= 418126))

table 7 : explain SELECT c FROM sbtest7 WHERE id BETWEEN 7757673 AND 7758672 ORDER BY c
	Sort  (cost=4049.56..4052.14 rows=1033 width=121)
	  Sort Key: c
	  ->  Bitmap Heap Scan on sbtest7  (cost=35.02..3997.85 rows=1033 width=121)
	        Recheck Cond: ((id >= 7757673) AND (id <= 7758672))
	        ->  Bitmap Index Scan on sbtest7_pkey  (cost=0.00..34.77 rows=1033 width=0)
	              Index Cond: ((id >= 7757673) AND (id <= 7758672))

table 8 : explain SELECT c FROM sbtest8 WHERE id BETWEEN 4323081 AND 4324080 ORDER BY c
	Sort  (cost=3820.89..3823.32 rows=973 width=121)
	  Sort Key: c
	  ->  Bitmap Heap Scan on sbtest8  (cost=34.41..3772.60 rows=973 width=121)
	        Recheck Cond: ((id >= 4323081) AND (id <= 4324080))
	        ->  Bitmap Index Scan on sbtest8_pkey  (cost=0.00..34.17 rows=973 width=0)
	              Index Cond: ((id >= 4323081) AND (id <= 4324080))

for: sum_ranges
table 1 : explain SELECT SUM(k) FROM sbtest1 WHERE id BETWEEN 7054582 AND 7055581
	Aggregate  (cost=3932.96..3932.97 rows=1 width=8)
	  ->  Bitmap Heap Scan on sbtest1  (cost=34.84..3930.43 rows=1015 width=4)
	        Recheck Cond: ((id >= 7054582) AND (id <= 7055581))
	        ->  Bitmap Index Scan on sbtest1_pkey  (cost=0.00..34.59 rows=1015 width=0)
	              Index Cond: ((id >= 7054582) AND (id <= 7055581))

table 2 : explain SELECT SUM(k) FROM sbtest2 WHERE id BETWEEN 9691751 AND 9692750
	Aggregate  (cost=3854.36..3854.37 rows=1 width=8)
	  ->  Bitmap Heap Scan on sbtest2  (cost=34.62..3851.87 rows=994 width=4)
	        Recheck Cond: ((id >= 9691751) AND (id <= 9692750))
	        ->  Bitmap Index Scan on sbtest2_pkey  (cost=0.00..34.38 rows=994 width=0)
	              Index Cond: ((id >= 9691751) AND (id <= 9692750))

table 3 : explain SELECT SUM(k) FROM sbtest3 WHERE id BETWEEN 7653042 AND 7654041
	Aggregate  (cost=4077.09..4077.10 rows=1 width=8)
	  ->  Bitmap Heap Scan on sbtest3  (cost=35.23..4074.46 rows=1053 width=4)
	        Recheck Cond: ((id >= 7653042) AND (id <= 7654041))
	        ->  Bitmap Index Scan on sbtest3_pkey  (cost=0.00..34.97 rows=1053 width=0)
	              Index Cond: ((id >= 7653042) AND (id <= 7654041))

table 4 : explain SELECT SUM(k) FROM sbtest4 WHERE id BETWEEN 7209950 AND 7210949
	Aggregate  (cost=3531.71..3531.72 rows=1 width=8)
	  ->  Bitmap Heap Scan on sbtest4  (cost=29.74..3529.44 rows=908 width=4)
	        Recheck Cond: ((id >= 7209950) AND (id <= 7210949))
	        ->  Bitmap Index Scan on sbtest4_pkey  (cost=0.00..29.51 rows=908 width=0)
	              Index Cond: ((id >= 7209950) AND (id <= 7210949))

table 5 : explain SELECT SUM(k) FROM sbtest5 WHERE id BETWEEN 9026001 AND 9027000
	Aggregate  (cost=4073.11..4073.12 rows=1 width=8)
	  ->  Bitmap Heap Scan on sbtest5  (cost=35.20..4070.48 rows=1050 width=4)
	        Recheck Cond: ((id >= 9026001) AND (id <= 9027000))
	        ->  Bitmap Index Scan on sbtest5_pkey  (cost=0.00..34.94 rows=1050 width=0)
	              Index Cond: ((id >= 9026001) AND (id <= 9027000))

table 6 : explain SELECT SUM(k) FROM sbtest6 WHERE id BETWEEN 8545544 AND 8546543
	Aggregate  (cost=3353.01..3353.02 rows=1 width=8)
	  ->  Index Scan using sbtest6_pkey on sbtest6  (cost=0.43..3350.87 rows=854 width=4)
	        Index Cond: ((id >= 8545544) AND (id <= 8546543))

table 7 : explain SELECT SUM(k) FROM sbtest7 WHERE id BETWEEN 5089689 AND 5090688
	Aggregate  (cost=3585.48..3585.49 rows=1 width=8)
	  ->  Bitmap Heap Scan on sbtest7  (cost=33.90..3583.17 rows=923 width=4)
	        Recheck Cond: ((id >= 5089689) AND (id <= 5090688))
	        ->  Bitmap Index Scan on sbtest7_pkey  (cost=0.00..33.67 rows=923 width=0)
	              Index Cond: ((id >= 5089689) AND (id <= 5090688))

table 8 : explain SELECT SUM(k) FROM sbtest8 WHERE id BETWEEN 9071248 AND 9072247
	Aggregate  (cost=4196.92..4196.93 rows=1 width=8)
	  ->  Bitmap Heap Scan on sbtest8  (cost=35.56..4194.20 rows=1085 width=4)
	        Recheck Cond: ((id >= 9071248) AND (id <= 9072247))
	        ->  Bitmap Index Scan on sbtest8_pkey  (cost=0.00..35.29 rows=1085 width=0)
	              Index Cond: ((id >= 9071248) AND (id <= 9072247))

for: order_ranges
table 1 : explain SELECT c FROM sbtest1 WHERE id BETWEEN 1363487 AND 1364486 ORDER BY c
	Sort  (cost=4381.91..4384.71 rows=1121 width=121)
	  Sort Key: c
	  ->  Bitmap Heap Scan on sbtest1  (cost=35.93..4325.13 rows=1121 width=121)
	        Recheck Cond: ((id >= 1363487) AND (id <= 1364486))
	        ->  Bitmap Index Scan on sbtest1_pkey  (cost=0.00..35.65 rows=1121 width=0)
	              Index Cond: ((id >= 1363487) AND (id <= 1364486))

table 2 : explain SELECT c FROM sbtest2 WHERE id BETWEEN 8582884 AND 8583883 ORDER BY c
	Sort  (cost=3954.91..3957.43 rows=1008 width=121)
	  Sort Key: c
	  ->  Bitmap Heap Scan on sbtest2  (cost=34.77..3904.63 rows=1008 width=121)
	        Recheck Cond: ((id >= 8582884) AND (id <= 8583883))
	        ->  Bitmap Index Scan on sbtest2_pkey  (cost=0.00..34.52 rows=1008 width=0)
	              Index Cond: ((id >= 8582884) AND (id <= 8583883))

table 3 : explain SELECT c FROM sbtest3 WHERE id BETWEEN 8901235 AND 8902234 ORDER BY c
	Sort  (cost=3433.84..3436.02 rows=873 width=121)
	  Sort Key: c
	  ->  Bitmap Heap Scan on sbtest3  (cost=29.38..3391.20 rows=873 width=121)
	        Recheck Cond: ((id >= 8901235) AND (id <= 8902234))
	        ->  Bitmap Index Scan on sbtest3_pkey  (cost=0.00..29.16 rows=873 width=0)
	              Index Cond: ((id >= 8901235) AND (id <= 8902234))

table 4 : explain SELECT c FROM sbtest4 WHERE id BETWEEN 7026981 AND 7027980 ORDER BY c
	Sort  (cost=4084.81..4087.41 rows=1040 width=121)
	  Sort Key: c
	  ->  Bitmap Heap Scan on sbtest4  (cost=35.09..4032.69 rows=1040 width=121)
	        Recheck Cond: ((id >= 7026981) AND (id <= 7027980))
	        ->  Bitmap Index Scan on sbtest4_pkey  (cost=0.00..34.84 rows=1040 width=0)
	              Index Cond: ((id >= 7026981) AND (id <= 7027980))

table 5 : explain SELECT c FROM sbtest5 WHERE id BETWEEN 6250119 AND 6251118 ORDER BY c
	Sort  (cost=3551.02..3553.27 rows=902 width=121)
	  Sort Key: c
	  ->  Bitmap Heap Scan on sbtest5  (cost=29.68..3506.74 rows=902 width=121)
	        Recheck Cond: ((id >= 6250119) AND (id <= 6251118))
	        ->  Bitmap Index Scan on sbtest5_pkey  (cost=0.00..29.45 rows=902 width=0)
	              Index Cond: ((id >= 6250119) AND (id <= 6251118))

table 6 : explain SELECT c FROM sbtest6 WHERE id BETWEEN 9292934 AND 9293933 ORDER BY c
	Sort  (cost=3756.86..3759.25 rows=956 width=121)
	  Sort Key: c
	  ->  Bitmap Heap Scan on sbtest6  (cost=34.23..3709.54 rows=956 width=121)
	        Recheck Cond: ((id >= 9292934) AND (id <= 9293933))
	        ->  Bitmap Index Scan on sbtest6_pkey  (cost=0.00..34.00 rows=956 width=0)
	              Index Cond: ((id >= 9292934) AND (id <= 9293933))

table 7 : explain SELECT c FROM sbtest7 WHERE id BETWEEN 1829292 AND 1830291 ORDER BY c
	Sort  (cost=3724.43..3726.80 rows=948 width=121)
	  Sort Key: c
	  ->  Bitmap Heap Scan on sbtest7  (cost=34.15..3677.56 rows=948 width=121)
	        Recheck Cond: ((id >= 1829292) AND (id <= 1830291))
	        ->  Bitmap Index Scan on sbtest7_pkey  (cost=0.00..33.92 rows=948 width=0)
	              Index Cond: ((id >= 1829292) AND (id <= 1830291))

table 8 : explain SELECT c FROM sbtest8 WHERE id BETWEEN 8483365 AND 8484364 ORDER BY c
	Sort  (cost=4084.76..4087.36 rows=1042 width=121)
	  Sort Key: c
	  ->  Bitmap Heap Scan on sbtest8  (cost=35.12..4032.52 rows=1042 width=121)
	        Recheck Cond: ((id >= 8483365) AND (id <= 8484364))
	        ->  Bitmap Index Scan on sbtest8_pkey  (cost=0.00..34.86 rows=1042 width=0)
	              Index Cond: ((id >= 8483365) AND (id <= 8484364))

for: distinct_ranges
table 1 : explain SELECT DISTINCT c FROM sbtest1 WHERE id BETWEEN 2310904 AND 2311903 ORDER BY c
	Unique  (cost=4069.00..4074.19 rows=1038 width=121)
	  ->  Sort  (cost=4069.00..4071.59 rows=1038 width=121)
	        Sort Key: c
	        ->  Bitmap Heap Scan on sbtest1  (cost=35.07..4017.00 rows=1038 width=121)
	              Recheck Cond: ((id >= 2310904) AND (id <= 2311903))
	              ->  Bitmap Index Scan on sbtest1_pkey  (cost=0.00..34.82 rows=1038 width=0)
	                    Index Cond: ((id >= 2310904) AND (id <= 2311903))

table 2 : explain SELECT DISTINCT c FROM sbtest2 WHERE id BETWEEN 5306228 AND 5307227 ORDER BY c
	Unique  (cost=3874.58..3879.51 rows=987 width=121)
	  ->  Sort  (cost=3874.58..3877.04 rows=987 width=121)
	        Sort Key: c
	        ->  Bitmap Heap Scan on sbtest2  (cost=34.55..3825.49 rows=987 width=121)
	              Recheck Cond: ((id >= 5306228) AND (id <= 5307227))
	              ->  Bitmap Index Scan on sbtest2_pkey  (cost=0.00..34.31 rows=987 width=0)
	                    Index Cond: ((id >= 5306228) AND (id <= 5307227))

table 3 : explain SELECT DISTINCT c FROM sbtest3 WHERE id BETWEEN 3878113 AND 3879112 ORDER BY c
	Unique  (cost=4146.42..4151.71 rows=1058 width=121)
	  ->  Sort  (cost=4146.42..4149.06 rows=1058 width=121)
	        Sort Key: c
	        ->  Bitmap Heap Scan on sbtest3  (cost=35.28..4093.27 rows=1058 width=121)
	              Recheck Cond: ((id >= 3878113) AND (id <= 3879112))
	              ->  Bitmap Index Scan on sbtest3_pkey  (cost=0.00..35.02 rows=1058 width=0)
	                    Index Cond: ((id >= 3878113) AND (id <= 3879112))

table 4 : explain SELECT DISTINCT c FROM sbtest4 WHERE id BETWEEN 7291426 AND 7292425 ORDER BY c
	Unique  (cost=3574.06..3578.60 rows=908 width=121)
	  ->  Sort  (cost=3574.06..3576.33 rows=908 width=121)
	        Sort Key: c
	        ->  Bitmap Heap Scan on sbtest4  (cost=29.74..3529.44 rows=908 width=121)
	              Recheck Cond: ((id >= 7291426) AND (id <= 7292425))
	              ->  Bitmap Index Scan on sbtest4_pkey  (cost=0.00..29.51 rows=908 width=0)
	                    Index Cond: ((id >= 7291426) AND (id <= 7292425))

table 5 : explain SELECT DISTINCT c FROM sbtest5 WHERE id BETWEEN 3323016 AND 3324015 ORDER BY c
	Unique  (cost=3816.38..3821.23 rows=970 width=121)
	  ->  Sort  (cost=3816.38..3818.81 rows=970 width=121)
	        Sort Key: c
	        ->  Bitmap Heap Scan on sbtest5  (cost=34.38..3768.26 rows=970 width=121)
	              Recheck Cond: ((id >= 3323016) AND (id <= 3324015))
	              ->  Bitmap Index Scan on sbtest5_pkey  (cost=0.00..34.14 rows=970 width=0)
	                    Index Cond: ((id >= 3323016) AND (id <= 3324015))

table 6 : explain SELECT DISTINCT c FROM sbtest6 WHERE id BETWEEN 165577 AND 166576 ORDER BY c
	Unique  (cost=4024.81..4029.94 rows=1026 width=121)
	  ->  Sort  (cost=4024.81..4027.38 rows=1026 width=121)
	        Sort Key: c
	        ->  Bitmap Heap Scan on sbtest6  (cost=34.95..3973.50 rows=1026 width=121)
	              Recheck Cond: ((id >= 165577) AND (id <= 166576))
	              ->  Bitmap Index Scan on sbtest6_pkey  (cost=0.00..34.70 rows=1026 width=0)
	                    Index Cond: ((id >= 165577) AND (id <= 166576))

table 7 : explain SELECT DISTINCT c FROM sbtest7 WHERE id BETWEEN 9230987 AND 9231986 ORDER BY c
	Unique  (cost=4080.12..4085.32 rows=1041 width=121)
	  ->  Sort  (cost=4080.12..4082.72 rows=1041 width=121)
	        Sort Key: c
	        ->  Bitmap Heap Scan on sbtest7  (cost=35.11..4027.94 rows=1041 width=121)
	              Recheck Cond: ((id >= 9230987) AND (id <= 9231986))
	              ->  Bitmap Index Scan on sbtest7_pkey  (cost=0.00..34.84 rows=1041 width=0)
	                    Index Cond: ((id >= 9230987) AND (id <= 9231986))

table 8 : explain SELECT DISTINCT c FROM sbtest8 WHERE id BETWEEN 4598866 AND 4599865 ORDER BY c
	Unique  (cost=3717.48..3722.21 rows=946 width=121)
	  ->  Sort  (cost=3717.48..3719.84 rows=946 width=121)
	        Sort Key: c
	        ->  Bitmap Heap Scan on sbtest8  (cost=34.13..3670.72 rows=946 width=121)
	              Recheck Cond: ((id >= 4598866) AND (id <= 4599865))
	              ->  Bitmap Index Scan on sbtest8_pkey  (cost=0.00..33.90 rows=946 width=0)
	                    Index Cond: ((id >= 4598866) AND (id <= 4599865))

for: sum_ranges
table 1 : explain SELECT SUM(k) FROM sbtest1 WHERE id BETWEEN 890573 AND 891572
	Aggregate  (cost=3834.95..3834.96 rows=1 width=8)
	  ->  Bitmap Heap Scan on sbtest1  (cost=34.57..3832.48 rows=989 width=4)
	        Recheck Cond: ((id >= 890573) AND (id <= 891572))
	        ->  Bitmap Index Scan on sbtest1_pkey  (cost=0.00..34.33 rows=989 width=0)
	              Index Cond: ((id >= 890573) AND (id <= 891572))

table 2 : explain SELECT SUM(k) FROM sbtest2 WHERE id BETWEEN 9785514 AND 9786513
	Aggregate  (cost=4148.15..4148.16 rows=1 width=8)
	  ->  Bitmap Heap Scan on sbtest2  (cost=35.42..4145.47 rows=1072 width=4)
	        Recheck Cond: ((id >= 9785514) AND (id <= 9786513))
	        ->  Bitmap Index Scan on sbtest2_pkey  (cost=0.00..35.16 rows=1072 width=0)
	              Index Cond: ((id >= 9785514) AND (id <= 9786513))

table 3 : explain SELECT SUM(k) FROM sbtest3 WHERE id BETWEEN 5873513 AND 5874512
	Aggregate  (cost=3749.09..3749.10 rows=1 width=8)
	  ->  Bitmap Heap Scan on sbtest3  (cost=34.34..3746.68 rows=966 width=4)
	        Recheck Cond: ((id >= 5873513) AND (id <= 5874512))
	        ->  Bitmap Index Scan on sbtest3_pkey  (cost=0.00..34.09 rows=966 width=0)
	              Index Cond: ((id >= 5873513) AND (id <= 5874512))

table 4 : explain SELECT SUM(k) FROM sbtest4 WHERE id BETWEEN 5643789 AND 5644788
	Aggregate  (cost=3857.66..3857.67 rows=1 width=8)
	  ->  Bitmap Heap Scan on sbtest4  (cost=34.61..3855.18 rows=993 width=4)
	        Recheck Cond: ((id >= 5643789) AND (id <= 5644788))
	        ->  Bitmap Index Scan on sbtest4_pkey  (cost=0.00..34.37 rows=993 width=0)
	              Index Cond: ((id >= 5643789) AND (id <= 5644788))

table 5 : explain SELECT SUM(k) FROM sbtest5 WHERE id BETWEEN 5343485 AND 5344484
	Aggregate  (cost=4239.11..4239.12 rows=1 width=8)
	  ->  Bitmap Heap Scan on sbtest5  (cost=35.65..4236.38 rows=1094 width=4)
	        Recheck Cond: ((id >= 5343485) AND (id <= 5344484))
	        ->  Bitmap Index Scan on sbtest5_pkey  (cost=0.00..35.38 rows=1094 width=0)
	              Index Cond: ((id >= 5343485) AND (id <= 5344484))

table 6 : explain SELECT SUM(k) FROM sbtest6 WHERE id BETWEEN 1212640 AND 1213639
	Aggregate  (cost=3953.45..3953.46 rows=1 width=8)
	  ->  Bitmap Heap Scan on sbtest6  (cost=34.89..3950.90 rows=1020 width=4)
	        Recheck Cond: ((id >= 1212640) AND (id <= 1213639))
	        ->  Bitmap Index Scan on sbtest6_pkey  (cost=0.00..34.64 rows=1020 width=0)
	              Index Cond: ((id >= 1212640) AND (id <= 1213639))

table 7 : explain SELECT SUM(k) FROM sbtest7 WHERE id BETWEEN 6036191 AND 6037190
	Aggregate  (cost=3781.84..3781.85 rows=1 width=8)
	  ->  Bitmap Heap Scan on sbtest7  (cost=34.43..3779.40 rows=975 width=4)
	        Recheck Cond: ((id >= 6036191) AND (id <= 6037190))
	        ->  Bitmap Index Scan on sbtest7_pkey  (cost=0.00..34.19 rows=975 width=0)
	              Index Cond: ((id >= 6036191) AND (id <= 6037190))

table 8 : explain SELECT SUM(k) FROM sbtest8 WHERE id BETWEEN 1650305 AND 1651304
	Aggregate  (cost=3827.85..3827.86 rows=1 width=8)
	  ->  Bitmap Heap Scan on sbtest8  (cost=34.55..3825.38 rows=987 width=4)
	        Recheck Cond: ((id >= 1650305) AND (id <= 1651304))
	        ->  Bitmap Index Scan on sbtest8_pkey  (cost=0.00..34.31 rows=987 width=0)
	              Index Cond: ((id >= 1650305) AND (id <= 1651304))

for point_selects
table 1 : explain SELECT c FROM sbtest1 WHERE id=4749749
	Index Scan using sbtest1_pkey on sbtest1  (cost=0.43..8.45 rows=1 width=121)
	  Index Cond: (id = 4749749)

table 2 : explain SELECT c FROM sbtest2 WHERE id=7334015
	Index Scan using sbtest2_pkey on sbtest2  (cost=0.43..8.45 rows=1 width=121)
	  Index Cond: (id = 7334015)

table 3 : explain SELECT c FROM sbtest3 WHERE id=7930521
	Index Scan using sbtest3_pkey on sbtest3  (cost=0.43..8.45 rows=1 width=121)
	  Index Cond: (id = 7930521)

table 4 : explain SELECT c FROM sbtest4 WHERE id=8876244
	Index Scan using sbtest4_pkey on sbtest4  (cost=0.43..8.45 rows=1 width=121)
	  Index Cond: (id = 8876244)

table 5 : explain SELECT c FROM sbtest5 WHERE id=7873472
	Index Scan using sbtest5_pkey on sbtest5  (cost=0.43..8.45 rows=1 width=121)
	  Index Cond: (id = 7873472)

table 6 : explain SELECT c FROM sbtest6 WHERE id=3372721
	Index Scan using sbtest6_pkey on sbtest6  (cost=0.43..8.45 rows=1 width=121)
	  Index Cond: (id = 3372721)

table 7 : explain SELECT c FROM sbtest7 WHERE id=9315986
	Index Scan using sbtest7_pkey on sbtest7  (cost=0.43..8.45 rows=1 width=121)
	  Index Cond: (id = 9315986)

table 8 : explain SELECT c FROM sbtest8 WHERE id=8439169
	Index Scan using sbtest8_pkey on sbtest8  (cost=0.43..8.45 rows=1 width=121)
	  Index Cond: (id = 8439169)

for: sum_ranges
table 1 : explain SELECT SUM(k) FROM sbtest1 WHERE id BETWEEN 9823650 AND 9824649
	Aggregate  (cost=4012.06..4012.07 rows=1 width=8)
	  ->  Bitmap Heap Scan on sbtest1  (cost=35.05..4009.47 rows=1036 width=4)
	        Recheck Cond: ((id >= 9823650) AND (id <= 9824649))
	        ->  Bitmap Index Scan on sbtest1_pkey  (cost=0.00..34.80 rows=1036 width=0)
	              Index Cond: ((id >= 9823650) AND (id <= 9824649))

table 2 : explain SELECT SUM(k) FROM sbtest2 WHERE id BETWEEN 6124370 AND 6125369
	Aggregate  (cost=3922.22..3922.23 rows=1 width=8)
	  ->  Bitmap Heap Scan on sbtest2  (cost=34.81..3919.69 rows=1012 width=4)
	        Recheck Cond: ((id >= 6124370) AND (id <= 6125369))
	        ->  Bitmap Index Scan on sbtest2_pkey  (cost=0.00..34.56 rows=1012 width=0)
	              Index Cond: ((id >= 6124370) AND (id <= 6125369))

table 3 : explain SELECT SUM(k) FROM sbtest3 WHERE id BETWEEN 2220394 AND 2221393
	Aggregate  (cost=3423.68..3423.69 rows=1 width=8)
	  ->  Bitmap Heap Scan on sbtest3  (cost=29.47..3421.48 rows=881 width=4)
	        Recheck Cond: ((id >= 2220394) AND (id <= 2221393))
	        ->  Bitmap Index Scan on sbtest3_pkey  (cost=0.00..29.25 rows=881 width=0)
	              Index Cond: ((id >= 2220394) AND (id <= 2221393))

table 4 : explain SELECT SUM(k) FROM sbtest4 WHERE id BETWEEN 9495380 AND 9496379
	Aggregate  (cost=4099.48..4099.49 rows=1 width=8)
	  ->  Bitmap Heap Scan on sbtest4  (cost=35.27..4096.83 rows=1057 width=4)
	        Recheck Cond: ((id >= 9495380) AND (id <= 9496379))
	        ->  Bitmap Index Scan on sbtest4_pkey  (cost=0.00..35.01 rows=1057 width=0)
	              Index Cond: ((id >= 9495380) AND (id <= 9496379))

table 5 : explain SELECT SUM(k) FROM sbtest5 WHERE id BETWEEN 1710509 AND 1711508
	Aggregate  (cost=3842.58..3842.59 rows=1 width=8)
	  ->  Bitmap Heap Scan on sbtest5  (cost=34.57..3840.11 rows=989 width=4)
	        Recheck Cond: ((id >= 1710509) AND (id <= 1711508))
	        ->  Bitmap Index Scan on sbtest5_pkey  (cost=0.00..34.33 rows=989 width=0)
	              Index Cond: ((id >= 1710509) AND (id <= 1711508))

table 6 : explain SELECT SUM(k) FROM sbtest6 WHERE id BETWEEN 5581755 AND 5582754
	Aggregate  (cost=3934.60..3934.61 rows=1 width=8)
	  ->  Bitmap Heap Scan on sbtest6  (cost=34.84..3932.06 rows=1015 width=4)
	        Recheck Cond: ((id >= 5581755) AND (id <= 5582754))
	        ->  Bitmap Index Scan on sbtest6_pkey  (cost=0.00..34.59 rows=1015 width=0)
	              Index Cond: ((id >= 5581755) AND (id <= 5582754))

table 7 : explain SELECT SUM(k) FROM sbtest7 WHERE id BETWEEN 7021721 AND 7022720
	Aggregate  (cost=3740.33..3740.34 rows=1 width=8)
	  ->  Bitmap Heap Scan on sbtest7  (cost=34.32..3737.92 rows=964 width=4)
	        Recheck Cond: ((id >= 7021721) AND (id <= 7022720))
	        ->  Bitmap Index Scan on sbtest7_pkey  (cost=0.00..34.08 rows=964 width=0)
	              Index Cond: ((id >= 7021721) AND (id <= 7022720))

table 8 : explain SELECT SUM(k) FROM sbtest8 WHERE id BETWEEN 6574869 AND 6575868
	Aggregate  (cost=4046.42..4046.43 rows=1 width=8)
	  ->  Bitmap Heap Scan on sbtest8  (cost=35.15..4043.81 rows=1045 width=4)
	        Recheck Cond: ((id >= 6574869) AND (id <= 6575868))
	        ->  Bitmap Index Scan on sbtest8_pkey  (cost=0.00..34.89 rows=1045 width=0)
	              Index Cond: ((id >= 6574869) AND (id <= 6575868))

for: sum_ranges
table 1 : explain SELECT SUM(k) FROM sbtest1 WHERE id BETWEEN 5802541 AND 5803540
	Aggregate  (cost=3555.30..3555.31 rows=1 width=8)
	  ->  Bitmap Heap Scan on sbtest1  (cost=29.82..3553.01 rows=916 width=4)
	        Recheck Cond: ((id >= 5802541) AND (id <= 5803540))
	        ->  Bitmap Index Scan on sbtest1_pkey  (cost=0.00..29.59 rows=916 width=0)
	              Index Cond: ((id >= 5802541) AND (id <= 5803540))

table 2 : explain SELECT SUM(k) FROM sbtest2 WHERE id BETWEEN 3370765 AND 3371764
	Aggregate  (cost=3726.05..3726.06 rows=1 width=8)
	  ->  Bitmap Heap Scan on sbtest2  (cost=34.28..3723.65 rows=960 width=4)
	        Recheck Cond: ((id >= 3370765) AND (id <= 3371764))
	        ->  Bitmap Index Scan on sbtest2_pkey  (cost=0.00..34.04 rows=960 width=0)
	              Index Cond: ((id >= 3370765) AND (id <= 3371764))

table 3 : explain SELECT SUM(k) FROM sbtest3 WHERE id BETWEEN 362761 AND 363760
	Aggregate  (cost=3892.48..3892.49 rows=1 width=8)
	  ->  Bitmap Heap Scan on sbtest3  (cost=34.73..3889.97 rows=1004 width=4)
	        Recheck Cond: ((id >= 362761) AND (id <= 363760))
	        ->  Bitmap Index Scan on sbtest3_pkey  (cost=0.00..34.48 rows=1004 width=0)
	              Index Cond: ((id >= 362761) AND (id <= 363760))

table 4 : explain SELECT SUM(k) FROM sbtest4 WHERE id BETWEEN 2061756 AND 2062755
	Aggregate  (cost=3906.82..3906.83 rows=1 width=8)
	  ->  Bitmap Heap Scan on sbtest4  (cost=34.75..3904.31 rows=1006 width=4)
	        Recheck Cond: ((id >= 2061756) AND (id <= 2062755))
	        ->  Bitmap Index Scan on sbtest4_pkey  (cost=0.00..34.50 rows=1006 width=0)
	              Index Cond: ((id >= 2061756) AND (id <= 2062755))

table 5 : explain SELECT SUM(k) FROM sbtest5 WHERE id BETWEEN 4963721 AND 4964720
	Aggregate  (cost=4061.78..4061.79 rows=1 width=8)
	  ->  Bitmap Heap Scan on sbtest5  (cost=35.17..4059.16 rows=1047 width=4)
	        Recheck Cond: ((id >= 4963721) AND (id <= 4964720))
	        ->  Bitmap Index Scan on sbtest5_pkey  (cost=0.00..34.91 rows=1047 width=0)
	              Index Cond: ((id >= 4963721) AND (id <= 4964720))

table 6 : explain SELECT SUM(k) FROM sbtest6 WHERE id BETWEEN 3609955 AND 3610954
	Aggregate  (cost=3855.39..3855.40 rows=1 width=8)
	  ->  Bitmap Heap Scan on sbtest6  (cost=34.62..3852.91 rows=994 width=4)
	        Recheck Cond: ((id >= 3609955) AND (id <= 3610954))
	        ->  Bitmap Index Scan on sbtest6_pkey  (cost=0.00..34.38 rows=994 width=0)
	              Index Cond: ((id >= 3609955) AND (id <= 3610954))

table 7 : explain SELECT SUM(k) FROM sbtest7 WHERE id BETWEEN 128559 AND 129558
	Aggregate  (cost=3649.71..3649.72 rows=1 width=8)
	  ->  Bitmap Heap Scan on sbtest7  (cost=34.07..3647.36 rows=940 width=4)
	        Recheck Cond: ((id >= 128559) AND (id <= 129558))
	        ->  Bitmap Index Scan on sbtest7_pkey  (cost=0.00..33.84 rows=940 width=0)
	              Index Cond: ((id >= 128559) AND (id <= 129558))

table 8 : explain SELECT SUM(k) FROM sbtest8 WHERE id BETWEEN 5325816 AND 5326815
	Aggregate  (cost=4069.01..4069.02 rows=1 width=8)
	  ->  Bitmap Heap Scan on sbtest8  (cost=35.21..4066.38 rows=1051 width=4)
	        Recheck Cond: ((id >= 5325816) AND (id <= 5326815))
	        ->  Bitmap Index Scan on sbtest8_pkey  (cost=0.00..34.95 rows=1051 width=0)
	              Index Cond: ((id >= 5325816) AND (id <= 5326815))

for: distinct_ranges
table 1 : explain SELECT DISTINCT c FROM sbtest1 WHERE id BETWEEN 8679624 AND 8680623 ORDER BY c
	Unique  (cost=3459.94..3464.34 rows=880 width=121)
	  ->  Sort  (cost=3459.94..3462.14 rows=880 width=121)
	        Sort Key: c
	        ->  Bitmap Heap Scan on sbtest1  (cost=29.45..3416.90 rows=880 width=121)
	              Recheck Cond: ((id >= 8679624) AND (id <= 8680623))
	              ->  Bitmap Index Scan on sbtest1_pkey  (cost=0.00..29.23 rows=880 width=0)
	                    Index Cond: ((id >= 8679624) AND (id <= 8680623))

table 2 : explain SELECT DISTINCT c FROM sbtest2 WHERE id BETWEEN 324884 AND 325883 ORDER BY c
	Unique  (cost=4004.62..4009.72 rows=1021 width=121)
	  ->  Sort  (cost=4004.62..4007.17 rows=1021 width=121)
	        Sort Key: c
	        ->  Bitmap Heap Scan on sbtest2  (cost=34.90..3953.59 rows=1021 width=121)
	              Recheck Cond: ((id >= 324884) AND (id <= 325883))
	              ->  Bitmap Index Scan on sbtest2_pkey  (cost=0.00..34.65 rows=1021 width=0)
	                    Index Cond: ((id >= 324884) AND (id <= 325883))

table 3 : explain SELECT DISTINCT c FROM sbtest3 WHERE id BETWEEN 4568865 AND 4569864 ORDER BY c
	Unique  (cost=3997.39..4002.49 rows=1019 width=121)
	  ->  Sort  (cost=3997.39..3999.94 rows=1019 width=121)
	        Sort Key: c
	        ->  Bitmap Heap Scan on sbtest3  (cost=34.88..3946.48 rows=1019 width=121)
	              Recheck Cond: ((id >= 4568865) AND (id <= 4569864))
	              ->  Bitmap Index Scan on sbtest3_pkey  (cost=0.00..34.62 rows=1019 width=0)
	                    Index Cond: ((id >= 4568865) AND (id <= 4569864))

table 4 : explain SELECT DISTINCT c FROM sbtest4 WHERE id BETWEEN 9610980 AND 9611979 ORDER BY c
	Unique  (cost=3751.04..3755.81 rows=953 width=121)
	  ->  Sort  (cost=3751.04..3753.43 rows=953 width=121)
	        Sort Key: c
	        ->  Bitmap Heap Scan on sbtest4  (cost=34.20..3703.89 rows=953 width=121)
	              Recheck Cond: ((id >= 9610980) AND (id <= 9611979))
	              ->  Bitmap Index Scan on sbtest4_pkey  (cost=0.00..33.97 rows=953 width=0)
	                    Index Cond: ((id >= 9610980) AND (id <= 9611979))

table 5 : explain SELECT DISTINCT c FROM sbtest5 WHERE id BETWEEN 3275944 AND 3276943 ORDER BY c
	Unique  (cost=4127.00..4132.26 rows=1051 width=121)
	  ->  Sort  (cost=4127.00..4129.63 rows=1051 width=121)
	        Sort Key: c
	        ->  Bitmap Heap Scan on sbtest5  (cost=35.21..4074.26 rows=1051 width=121)
	              Recheck Cond: ((id >= 3275944) AND (id <= 3276943))
	              ->  Bitmap Index Scan on sbtest5_pkey  (cost=0.00..34.95 rows=1051 width=0)
	                    Index Cond: ((id >= 3275944) AND (id <= 3276943))

table 6 : explain SELECT DISTINCT c FROM sbtest6 WHERE id BETWEEN 7026078 AND 7027077 ORDER BY c
	Unique  (cost=4020.99..4026.12 rows=1025 width=121)
	  ->  Sort  (cost=4020.99..4023.55 rows=1025 width=121)
	        Sort Key: c
	        ->  Bitmap Heap Scan on sbtest6  (cost=34.94..3969.73 rows=1025 width=121)
	              Recheck Cond: ((id >= 7026078) AND (id <= 7027077))
	              ->  Bitmap Index Scan on sbtest6_pkey  (cost=0.00..34.69 rows=1025 width=0)
	                    Index Cond: ((id >= 7026078) AND (id <= 7027077))

table 7 : explain SELECT DISTINCT c FROM sbtest7 WHERE id BETWEEN 7143284 AND 7144283 ORDER BY c
	Unique  (cost=4332.18..4337.72 rows=1107 width=121)
	  ->  Sort  (cost=4332.18..4334.95 rows=1107 width=121)
	        Sort Key: c
	        ->  Bitmap Heap Scan on sbtest7  (cost=39.78..4276.21 rows=1107 width=121)
	              Recheck Cond: ((id >= 7143284) AND (id <= 7144283))
	              ->  Bitmap Index Scan on sbtest7_pkey  (cost=0.00..39.51 rows=1107 width=0)
	                    Index Cond: ((id >= 7143284) AND (id <= 7144283))

table 8 : explain SELECT DISTINCT c FROM sbtest8 WHERE id BETWEEN 9922048 AND 9923047 ORDER BY c
	Unique  (cost=4203.12..4208.48 rows=1073 width=121)
	  ->  Sort  (cost=4203.12..4205.80 rows=1073 width=121)
	        Sort Key: c
	        ->  Bitmap Heap Scan on sbtest8  (cost=35.43..4149.11 rows=1073 width=121)
	              Recheck Cond: ((id >= 9922048) AND (id <= 9923047))
	              ->  Bitmap Index Scan on sbtest8_pkey  (cost=0.00..35.17 rows=1073 width=0)
	                    Index Cond: ((id >= 9922048) AND (id <= 9923047))

for: order_ranges
table 1 : explain SELECT c FROM sbtest1 WHERE id BETWEEN 6564434 AND 6565433 ORDER BY c
	Sort  (cost=3452.26..3454.45 rows=878 width=121)
	  Sort Key: c
	  ->  Bitmap Heap Scan on sbtest1  (cost=29.43..3409.33 rows=878 width=121)
	        Recheck Cond: ((id >= 6564434) AND (id <= 6565433))
	        ->  Bitmap Index Scan on sbtest1_pkey  (cost=0.00..29.21 rows=878 width=0)
	              Index Cond: ((id >= 6564434) AND (id <= 6565433))

table 2 : explain SELECT c FROM sbtest2 WHERE id BETWEEN 7869936 AND 7870935 ORDER BY c
	Sort  (cost=3916.66..3919.16 rows=998 width=121)
	  Sort Key: c
	  ->  Bitmap Heap Scan on sbtest2  (cost=34.66..3866.95 rows=998 width=121)
	        Recheck Cond: ((id >= 7869936) AND (id <= 7870935))
	        ->  Bitmap Index Scan on sbtest2_pkey  (cost=0.00..34.42 rows=998 width=0)
	              Index Cond: ((id >= 7869936) AND (id <= 7870935))

table 3 : explain SELECT c FROM sbtest3 WHERE id BETWEEN 4508727 AND 4509726 ORDER BY c
	Sort  (cost=3997.39..3999.94 rows=1019 width=121)
	  Sort Key: c
	  ->  Bitmap Heap Scan on sbtest3  (cost=34.88..3946.48 rows=1019 width=121)
	        Recheck Cond: ((id >= 4508727) AND (id <= 4509726))
	        ->  Bitmap Index Scan on sbtest3_pkey  (cost=0.00..34.62 rows=1019 width=0)
	              Index Cond: ((id >= 4508727) AND (id <= 4509726))

table 4 : explain SELECT c FROM sbtest4 WHERE id BETWEEN 8834072 AND 8835071 ORDER BY c
	Sort  (cost=3793.29..3795.70 rows=964 width=121)
	  Sort Key: c
	  ->  Bitmap Heap Scan on sbtest4  (cost=34.32..3745.51 rows=964 width=121)
	        Recheck Cond: ((id >= 8834072) AND (id <= 8835071))
	        ->  Bitmap Index Scan on sbtest4_pkey  (cost=0.00..34.08 rows=964 width=0)
	              Index Cond: ((id >= 8834072) AND (id <= 8835071))

table 5 : explain SELECT c FROM sbtest5 WHERE id BETWEEN 8030900 AND 8031899 ORDER BY c
	Sort  (cost=3847.09..3849.54 rows=978 width=121)
	  Sort Key: c
	  ->  Bitmap Heap Scan on sbtest5  (cost=34.46..3798.52 rows=978 width=121)
	        Recheck Cond: ((id >= 8030900) AND (id <= 8031899))
	        ->  Bitmap Index Scan on sbtest5_pkey  (cost=0.00..34.22 rows=978 width=0)
	              Index Cond: ((id >= 8030900) AND (id <= 8031899))

table 6 : explain SELECT c FROM sbtest6 WHERE id BETWEEN 6626771 AND 6627770 ORDER BY c
	Sort  (cost=3672.52..3674.86 rows=934 width=121)
	  Sort Key: c
	  ->  Bitmap Heap Scan on sbtest6  (cost=34.01..3626.44 rows=934 width=121)
	        Recheck Cond: ((id >= 6626771) AND (id <= 6627770))
	        ->  Bitmap Index Scan on sbtest6_pkey  (cost=0.00..33.78 rows=934 width=0)
	              Index Cond: ((id >= 6626771) AND (id <= 6627770))

table 7 : explain SELECT c FROM sbtest7 WHERE id BETWEEN 9364971 AND 9365970 ORDER BY c
	Sort  (cost=4400.77..4403.58 rows=1125 width=121)
	  Sort Key: c
	  ->  Bitmap Heap Scan on sbtest7  (cost=39.97..4343.75 rows=1125 width=121)
	        Recheck Cond: ((id >= 9364971) AND (id <= 9365970))
	        ->  Bitmap Index Scan on sbtest7_pkey  (cost=0.00..39.69 rows=1125 width=0)
	              Index Cond: ((id >= 9364971) AND (id <= 9365970))

table 8 : explain SELECT c FROM sbtest8 WHERE id BETWEEN 5348299 AND 5349298 ORDER BY c
	Sort  (cost=4176.40..4179.07 rows=1066 width=121)
	  Sort Key: c
	  ->  Bitmap Heap Scan on sbtest8  (cost=35.36..4122.79 rows=1066 width=121)
	        Recheck Cond: ((id >= 5348299) AND (id <= 5349298))
	        ->  Bitmap Index Scan on sbtest8_pkey  (cost=0.00..35.09 rows=1066 width=0)
	              Index Cond: ((id >= 5348299) AND (id <= 5349298))

for: distinct_ranges
table 1 : explain SELECT DISTINCT c FROM sbtest1 WHERE id BETWEEN 4291560 AND 4292559 ORDER BY c
	Unique  (cost=3896.99..3901.95 rows=993 width=121)
	  ->  Sort  (cost=3896.99..3899.47 rows=993 width=121)
	        Sort Key: c
	        ->  Bitmap Heap Scan on sbtest1  (cost=34.61..3847.56 rows=993 width=121)
	              Recheck Cond: ((id >= 4291560) AND (id <= 4292559))
	              ->  Bitmap Index Scan on sbtest1_pkey  (cost=0.00..34.37 rows=993 width=0)
	                    Index Cond: ((id >= 4291560) AND (id <= 4292559))

table 2 : explain SELECT DISTINCT c FROM sbtest2 WHERE id BETWEEN 6298855 AND 6299854 ORDER BY c
	Unique  (cost=4050.48..4055.65 rows=1033 width=121)
	  ->  Sort  (cost=4050.48..4053.06 rows=1033 width=121)
	        Sort Key: c
	        ->  Bitmap Heap Scan on sbtest2  (cost=35.02..3998.77 rows=1033 width=121)
	              Recheck Cond: ((id >= 6298855) AND (id <= 6299854))
	              ->  Bitmap Index Scan on sbtest2_pkey  (cost=0.00..34.77 rows=1033 width=0)
	                    Index Cond: ((id >= 6298855) AND (id <= 6299854))

table 3 : explain SELECT DISTINCT c FROM sbtest3 WHERE id BETWEEN 6451227 AND 6452226 ORDER BY c
	Unique  (cost=3783.08..3787.90 rows=963 width=121)
	  ->  Sort  (cost=3783.08..3785.49 rows=963 width=121)
	        Sort Key: c
	        ->  Bitmap Heap Scan on sbtest3  (cost=34.31..3735.36 rows=963 width=121)
	              Recheck Cond: ((id >= 6451227) AND (id <= 6452226))
	              ->  Bitmap Index Scan on sbtest3_pkey  (cost=0.00..34.07 rows=963 width=0)
	                    Index Cond: ((id >= 6451227) AND (id <= 6452226))

table 4 : explain SELECT DISTINCT c FROM sbtest4 WHERE id BETWEEN 2709050 AND 2710049 ORDER BY c
	Unique  (cost=4272.41..4277.86 rows=1089 width=121)
	  ->  Sort  (cost=4272.41..4275.13 rows=1089 width=121)
	        Sort Key: c
	        ->  Bitmap Heap Scan on sbtest4  (cost=35.60..4217.48 rows=1089 width=121)
	              Recheck Cond: ((id >= 2709050) AND (id <= 2710049))
	              ->  Bitmap Index Scan on sbtest4_pkey  (cost=0.00..35.33 rows=1089 width=0)
	                    Index Cond: ((id >= 2709050) AND (id <= 2710049))

table 5 : explain SELECT DISTINCT c FROM sbtest5 WHERE id BETWEEN 4767592 AND 4768591 ORDER BY c
	Unique  (cost=4180.61..4185.94 rows=1065 width=121)
	  ->  Sort  (cost=4180.61..4183.28 rows=1065 width=121)
	        Sort Key: c
	        ->  Bitmap Heap Scan on sbtest5  (cost=35.35..4127.06 rows=1065 width=121)
	              Recheck Cond: ((id >= 4767592) AND (id <= 4768591))
	              ->  Bitmap Index Scan on sbtest5_pkey  (cost=0.00..35.09 rows=1065 width=0)
	                    Index Cond: ((id >= 4767592) AND (id <= 4768591))

table 6 : explain SELECT DISTINCT c FROM sbtest6 WHERE id BETWEEN 113567 AND 114566 ORDER BY c
	Unique  (cost=4024.81..4029.94 rows=1026 width=121)
	  ->  Sort  (cost=4024.81..4027.38 rows=1026 width=121)
	        Sort Key: c
	        ->  Bitmap Heap Scan on sbtest6  (cost=34.95..3973.50 rows=1026 width=121)
	              Recheck Cond: ((id >= 113567) AND (id <= 114566))
	              ->  Bitmap Index Scan on sbtest6_pkey  (cost=0.00..34.70 rows=1026 width=0)
	                    Index Cond: ((id >= 113567) AND (id <= 114566))

table 7 : explain SELECT DISTINCT c FROM sbtest7 WHERE id BETWEEN 3994859 AND 3995858 ORDER BY c
	Unique  (cost=3881.37..3886.31 rows=989 width=121)
	  ->  Sort  (cost=3881.37..3883.84 rows=989 width=121)
	        Sort Key: c
	        ->  Bitmap Heap Scan on sbtest7  (cost=34.57..3832.17 rows=989 width=121)
	              Recheck Cond: ((id >= 3994859) AND (id <= 3995858))
	              ->  Bitmap Index Scan on sbtest7_pkey  (cost=0.00..34.33 rows=989 width=0)
	                    Index Cond: ((id >= 3994859) AND (id <= 3995858))

table 8 : explain SELECT DISTINCT c FROM sbtest8 WHERE id BETWEEN 2263845 AND 2264844 ORDER BY c
	Unique  (cost=4294.68..4300.16 rows=1097 width=121)
	  ->  Sort  (cost=4294.68..4297.42 rows=1097 width=121)
	        Sort Key: c
	        ->  Bitmap Heap Scan on sbtest8  (cost=35.68..4239.28 rows=1097 width=121)
	              Recheck Cond: ((id >= 2263845) AND (id <= 2264844))
	              ->  Bitmap Index Scan on sbtest8_pkey  (cost=0.00..35.41 rows=1097 width=0)
	                    Index Cond: ((id >= 2263845) AND (id <= 2264844))

for: order_ranges
table 1 : explain SELECT c FROM sbtest1 WHERE id BETWEEN 9347522 AND 9348521 ORDER BY c
	Sort  (cost=3854.90..3857.36 rows=982 width=121)
	  Sort Key: c
	  ->  Bitmap Heap Scan on sbtest1  (cost=34.50..3806.10 rows=982 width=121)
	        Recheck Cond: ((id >= 9347522) AND (id <= 9348521))
	        ->  Bitmap Index Scan on sbtest1_pkey  (cost=0.00..34.26 rows=982 width=0)
	              Index Cond: ((id >= 9347522) AND (id <= 9348521))

table 2 : explain SELECT c FROM sbtest2 WHERE id BETWEEN 3075578 AND 3076577 ORDER BY c
	Sort  (cost=3874.58..3877.04 rows=987 width=121)
	  Sort Key: c
	  ->  Bitmap Heap Scan on sbtest2  (cost=34.55..3825.49 rows=987 width=121)
	        Recheck Cond: ((id >= 3075578) AND (id <= 3076577))
	        ->  Bitmap Index Scan on sbtest2_pkey  (cost=0.00..34.31 rows=987 width=0)
	              Index Cond: ((id >= 3075578) AND (id <= 3076577))

table 3 : explain SELECT c FROM sbtest3 WHERE id BETWEEN 8226341 AND 8227340 ORDER BY c
	Sort  (cost=3691.12..3693.46 rows=939 width=121)
	  Sort Key: c
	  ->  Bitmap Heap Scan on sbtest3  (cost=34.06..3644.75 rows=939 width=121)
	        Recheck Cond: ((id >= 8226341) AND (id <= 8227340))
	        ->  Bitmap Index Scan on sbtest3_pkey  (cost=0.00..33.83 rows=939 width=0)
	              Index Cond: ((id >= 8226341) AND (id <= 8227340))

table 4 : explain SELECT c FROM sbtest4 WHERE id BETWEEN 572885 AND 573884 ORDER BY c
	Sort  (cost=3843.21..3845.65 rows=977 width=121)
	  Sort Key: c
	  ->  Bitmap Heap Scan on sbtest4  (cost=34.45..3794.69 rows=977 width=121)
	        Recheck Cond: ((id >= 572885) AND (id <= 573884))
	        ->  Bitmap Index Scan on sbtest4_pkey  (cost=0.00..34.20 rows=977 width=0)
	              Index Cond: ((id >= 572885) AND (id <= 573884))

table 5 : explain SELECT c FROM sbtest5 WHERE id BETWEEN 1284535 AND 1285534 ORDER BY c
	Sort  (cost=3981.37..3983.91 rows=1013 width=121)
	  Sort Key: c
	  ->  Bitmap Heap Scan on sbtest5  (cost=34.82..3930.80 rows=1013 width=121)
	        Recheck Cond: ((id >= 1284535) AND (id <= 1285534))
	        ->  Bitmap Index Scan on sbtest5_pkey  (cost=0.00..34.57 rows=1013 width=0)
	              Index Cond: ((id >= 1284535) AND (id <= 1285534))

table 6 : explain SELECT c FROM sbtest6 WHERE id BETWEEN 9647 AND 10646 ORDER BY c
	Sort  (cost=4082.16..4084.76 rows=1041 width=121)
	  Sort Key: c
	  ->  Bitmap Heap Scan on sbtest6  (cost=35.11..4029.98 rows=1041 width=121)
	        Recheck Cond: ((id >= 9647) AND (id <= 10646))
	        ->  Bitmap Index Scan on sbtest6_pkey  (cost=0.00..34.84 rows=1041 width=0)
	              Index Cond: ((id >= 9647) AND (id <= 10646))

table 7 : explain SELECT c FROM sbtest7 WHERE id BETWEEN 2326150 AND 2327149 ORDER BY c
	Sort  (cost=3950.20..3952.72 rows=1007 width=121)
	  Sort Key: c
	  ->  Bitmap Heap Scan on sbtest7  (cost=34.76..3899.98 rows=1007 width=121)
	        Recheck Cond: ((id >= 2326150) AND (id <= 2327149))
	        ->  Bitmap Index Scan on sbtest7_pkey  (cost=0.00..34.51 rows=1007 width=0)
	              Index Cond: ((id >= 2326150) AND (id <= 2327149))

table 8 : explain SELECT c FROM sbtest8 WHERE id BETWEEN 2374994 AND 2375993 ORDER BY c
	Sort  (cost=3912.73..3915.23 rows=997 width=121)
	  Sort Key: c
	  ->  Bitmap Heap Scan on sbtest8  (cost=34.65..3863.08 rows=997 width=121)
	        Recheck Cond: ((id >= 2374994) AND (id <= 2375993))
	        ->  Bitmap Index Scan on sbtest8_pkey  (cost=0.00..34.41 rows=997 width=0)
	              Index Cond: ((id >= 2374994) AND (id <= 2375993))

for: simple_ranges
table 1 : explain SELECT c FROM sbtest1 WHERE id BETWEEN 966385 AND 967384
	Bitmap Heap Scan on sbtest1  (cost=34.57..3832.48 rows=989 width=121)
	  Recheck Cond: ((id >= 966385) AND (id <= 967384))
	  ->  Bitmap Index Scan on sbtest1_pkey  (cost=0.00..34.33 rows=989 width=0)
	        Index Cond: ((id >= 966385) AND (id <= 967384))

table 2 : explain SELECT c FROM sbtest2 WHERE id BETWEEN 9506767 AND 9507766
	Bitmap Heap Scan on sbtest2  (cost=29.67..3496.79 rows=901 width=121)
	  Recheck Cond: ((id >= 9506767) AND (id <= 9507766))
	  ->  Bitmap Index Scan on sbtest2_pkey  (cost=0.00..29.44 rows=901 width=0)
	        Index Cond: ((id >= 9506767) AND (id <= 9507766))

table 3 : explain SELECT c FROM sbtest3 WHERE id BETWEEN 4437603 AND 4438602
	Bitmap Heap Scan on sbtest3  (cost=34.51..3810.80 rows=983 width=121)
	  Recheck Cond: ((id >= 4437603) AND (id <= 4438602))
	  ->  Bitmap Index Scan on sbtest3_pkey  (cost=0.00..34.27 rows=983 width=0)
	        Index Cond: ((id >= 4437603) AND (id <= 4438602))

table 4 : explain SELECT c FROM sbtest4 WHERE id BETWEEN 7821273 AND 7822272
	Bitmap Heap Scan on sbtest4  (cost=34.89..3957.19 rows=1020 width=121)
	  Recheck Cond: ((id >= 7821273) AND (id <= 7822272))
	  ->  Bitmap Index Scan on sbtest4_pkey  (cost=0.00..34.64 rows=1020 width=0)
	        Index Cond: ((id >= 7821273) AND (id <= 7822272))

table 5 : explain SELECT c FROM sbtest5 WHERE id BETWEEN 7230469 AND 7231468
	Bitmap Heap Scan on sbtest5  (cost=35.59..4213.77 rows=1088 width=121)
	  Recheck Cond: ((id >= 7230469) AND (id <= 7231468))
	  ->  Bitmap Index Scan on sbtest5_pkey  (cost=0.00..35.32 rows=1088 width=0)
	        Index Cond: ((id >= 7230469) AND (id <= 7231468))

table 6 : explain SELECT c FROM sbtest6 WHERE id BETWEEN 9246583 AND 9247582
	Bitmap Heap Scan on sbtest6  (cost=34.23..3709.54 rows=956 width=121)
	  Recheck Cond: ((id >= 9246583) AND (id <= 9247582))
	  ->  Bitmap Index Scan on sbtest6_pkey  (cost=0.00..34.00 rows=956 width=0)
	        Index Cond: ((id >= 9246583) AND (id <= 9247582))

table 7 : explain SELECT c FROM sbtest7 WHERE id BETWEEN 383418 AND 384417
	Bitmap Heap Scan on sbtest7  (cost=34.06..3643.59 rows=939 width=121)
	  Recheck Cond: ((id >= 383418) AND (id <= 384417))
	  ->  Bitmap Index Scan on sbtest7_pkey  (cost=0.00..33.83 rows=939 width=0)
	        Index Cond: ((id >= 383418) AND (id <= 384417))

table 8 : explain SELECT c FROM sbtest8 WHERE id BETWEEN 9740891 AND 9741890
	Bitmap Heap Scan on sbtest8  (cost=34.11..3663.17 rows=944 width=121)
	  Recheck Cond: ((id >= 9740891) AND (id <= 9741890))
	  ->  Bitmap Index Scan on sbtest8_pkey  (cost=0.00..33.88 rows=944 width=0)
	        Index Cond: ((id >= 9740891) AND (id <= 9741890))

explain: for point_selects :: explain SELECT c FROM sbtest%u WHERE id=%u
for: distinct_ranges
table 1 : explain SELECT DISTINCT c FROM sbtest1 WHERE id BETWEEN 5379503 AND 5380502 ORDER BY c
	Unique  (cost=4477.32..4483.05 rows=1145 width=121)
	  ->  Sort  (cost=4477.32..4480.18 rows=1145 width=121)
	        Sort Key: c
	        ->  Bitmap Heap Scan on sbtest1  (cost=40.17..4419.15 rows=1145 width=121)
	              Recheck Cond: ((id >= 5379503) AND (id <= 5380502))
	              ->  Bitmap Index Scan on sbtest1_pkey  (cost=0.00..39.89 rows=1145 width=0)
	                    Index Cond: ((id >= 5379503) AND (id <= 5380502))

table 2 : explain SELECT DISTINCT c FROM sbtest2 WHERE id BETWEEN 2192576 AND 2193575 ORDER BY c
	Unique  (cost=3817.16..3822.02 rows=972 width=121)
	  ->  Sort  (cost=3817.16..3819.59 rows=972 width=121)
	        Sort Key: c
	        ->  Bitmap Heap Scan on sbtest2  (cost=34.40..3768.93 rows=972 width=121)
	              Recheck Cond: ((id >= 2192576) AND (id <= 2193575))
	              ->  Bitmap Index Scan on sbtest2_pkey  (cost=0.00..34.16 rows=972 width=0)
	                    Index Cond: ((id >= 2192576) AND (id <= 2193575))

table 3 : explain SELECT DISTINCT c FROM sbtest3 WHERE id BETWEEN 5983737 AND 5984736 ORDER BY c
	Unique  (cost=4066.20..4071.38 rows=1037 width=121)
	  ->  Sort  (cost=4066.20..4068.79 rows=1037 width=121)
	        Sort Key: c
	        ->  Bitmap Heap Scan on sbtest3  (cost=35.06..4014.25 rows=1037 width=121)
	              Recheck Cond: ((id >= 5983737) AND (id <= 5984736))
	              ->  Bitmap Index Scan on sbtest3_pkey  (cost=0.00..34.81 rows=1037 width=0)
	                    Index Cond: ((id >= 5983737) AND (id <= 5984736))

table 4 : explain SELECT DISTINCT c FROM sbtest4 WHERE id BETWEEN 7687582 AND 7688581 ORDER BY c
	Unique  (cost=4015.83..4020.94 rows=1022 width=121)
	  ->  Sort  (cost=4015.83..4018.38 rows=1022 width=121)
	        Sort Key: c
	        ->  Bitmap Heap Scan on sbtest4  (cost=34.91..3964.74 rows=1022 width=121)
	              Recheck Cond: ((id >= 7687582) AND (id <= 7688581))
	              ->  Bitmap Index Scan on sbtest4_pkey  (cost=0.00..34.66 rows=1022 width=0)
	                    Index Cond: ((id >= 7687582) AND (id <= 7688581))

table 5 : explain SELECT DISTINCT c FROM sbtest5 WHERE id BETWEEN 56504 AND 57503 ORDER BY c
	Unique  (cost=3693.45..3698.14 rows=938 width=121)
	  ->  Sort  (cost=3693.45..3695.80 rows=938 width=121)
	        Sort Key: c
	        ->  Bitmap Heap Scan on sbtest5  (cost=34.05..3647.15 rows=938 width=121)
	              Recheck Cond: ((id >= 56504) AND (id <= 57503))
	              ->  Bitmap Index Scan on sbtest5_pkey  (cost=0.00..33.82 rows=938 width=0)
	                    Index Cond: ((id >= 56504) AND (id <= 57503))

table 6 : explain SELECT DISTINCT c FROM sbtest6 WHERE id BETWEEN 8644487 AND 8645486 ORDER BY c
	Unique  (cost=3783.68..3788.50 rows=963 width=121)
	  ->  Sort  (cost=3783.68..3786.09 rows=963 width=121)
	        Sort Key: c
	        ->  Bitmap Heap Scan on sbtest6  (cost=34.31..3735.96 rows=963 width=121)
	              Recheck Cond: ((id >= 8644487) AND (id <= 8645486))
	              ->  Bitmap Index Scan on sbtest6_pkey  (cost=0.00..34.07 rows=963 width=0)
	                    Index Cond: ((id >= 8644487) AND (id <= 8645486))

table 7 : explain SELECT DISTINCT c FROM sbtest7 WHERE id BETWEEN 7571772 AND 7572771 ORDER BY c
	Unique  (cost=3896.67..3901.63 rows=993 width=121)
	  ->  Sort  (cost=3896.67..3899.15 rows=993 width=121)
	        Sort Key: c
	        ->  Bitmap Heap Scan on sbtest7  (cost=34.61..3847.24 rows=993 width=121)
	              Recheck Cond: ((id >= 7571772) AND (id <= 7572771))
	              ->  Bitmap Index Scan on sbtest7_pkey  (cost=0.00..34.37 rows=993 width=0)
	                    Index Cond: ((id >= 7571772) AND (id <= 7572771))

table 8 : explain SELECT DISTINCT c FROM sbtest8 WHERE id BETWEEN 5704946 AND 5705945 ORDER BY c
	Unique  (cost=3840.03..3844.92 rows=978 width=121)
	  ->  Sort  (cost=3840.03..3842.47 rows=978 width=121)
	        Sort Key: c
	        ->  Bitmap Heap Scan on sbtest8  (cost=34.46..3791.45 rows=978 width=121)
	              Recheck Cond: ((id >= 5704946) AND (id <= 5705945))
	              ->  Bitmap Index Scan on sbtest8_pkey  (cost=0.00..34.22 rows=978 width=0)
	                    Index Cond: ((id >= 5704946) AND (id <= 5705945))

for: simple_ranges
table 1 : explain SELECT c FROM sbtest1 WHERE id BETWEEN 8873604 AND 8874603
	Bitmap Heap Scan on sbtest1  (cost=34.46..3791.02 rows=978 width=121)
	  Recheck Cond: ((id >= 8873604) AND (id <= 8874603))
	  ->  Bitmap Index Scan on sbtest1_pkey  (cost=0.00..34.22 rows=978 width=0)
	        Index Cond: ((id >= 8873604) AND (id <= 8874603))

table 2 : explain SELECT c FROM sbtest2 WHERE id BETWEEN 2689688 AND 2690687
	Bitmap Heap Scan on sbtest2  (cost=34.29..3727.43 rows=961 width=121)
	  Recheck Cond: ((id >= 2689688) AND (id <= 2690687))
	  ->  Bitmap Index Scan on sbtest2_pkey  (cost=0.00..34.05 rows=961 width=0)
	        Index Cond: ((id >= 2689688) AND (id <= 2690687))

table 3 : explain SELECT c FROM sbtest3 WHERE id BETWEEN 8691061 AND 8692060
	Bitmap Heap Scan on sbtest3  (cost=34.13..3671.19 rows=946 width=121)
	  Recheck Cond: ((id >= 8691061) AND (id <= 8692060))
	  ->  Bitmap Index Scan on sbtest3_pkey  (cost=0.00..33.90 rows=946 width=0)
	        Index Cond: ((id >= 8691061) AND (id <= 8692060))

table 4 : explain SELECT c FROM sbtest4 WHERE id BETWEEN 4318961 AND 4319960
	Bitmap Heap Scan on sbtest4  (cost=39.81..4300.58 rows=1110 width=121)
	  Recheck Cond: ((id >= 4318961) AND (id <= 4319960))
	  ->  Bitmap Index Scan on sbtest4_pkey  (cost=0.00..39.54 rows=1110 width=0)
	        Index Cond: ((id >= 4318961) AND (id <= 4319960))

table 5 : explain SELECT c FROM sbtest5 WHERE id BETWEEN 3421960 AND 3422959
	Bitmap Heap Scan on sbtest5  (cost=34.30..3737.99 rows=962 width=121)
	  Recheck Cond: ((id >= 3421960) AND (id <= 3422959))
	  ->  Bitmap Index Scan on sbtest5_pkey  (cost=0.00..34.06 rows=962 width=0)
	        Index Cond: ((id >= 3421960) AND (id <= 3422959))

table 6 : explain SELECT c FROM sbtest6 WHERE id BETWEEN 3757411 AND 3758410
	Bitmap Heap Scan on sbtest6  (cost=34.37..3758.61 rows=969 width=121)
	  Recheck Cond: ((id >= 3757411) AND (id <= 3758410))
	  ->  Bitmap Index Scan on sbtest6_pkey  (cost=0.00..34.12 rows=969 width=0)
	        Index Cond: ((id >= 3757411) AND (id <= 3758410))

table 7 : explain SELECT c FROM sbtest7 WHERE id BETWEEN 5202154 AND 5203153
	Bitmap Heap Scan on sbtest7  (cost=34.65..3862.31 rows=997 width=121)
	  Recheck Cond: ((id >= 5202154) AND (id <= 5203153))
	  ->  Bitmap Index Scan on sbtest7_pkey  (cost=0.00..34.41 rows=997 width=0)
	        Index Cond: ((id >= 5202154) AND (id <= 5203153))

table 8 : explain SELECT c FROM sbtest8 WHERE id BETWEEN 492635 AND 493634
	Bitmap Heap Scan on sbtest8  (cost=34.19..3693.36 rows=952 width=121)
	  Recheck Cond: ((id >= 492635) AND (id <= 493634))
	  ->  Bitmap Index Scan on sbtest8_pkey  (cost=0.00..33.95 rows=952 width=0)
	        Index Cond: ((id >= 492635) AND (id <= 493634))

for: distinct_ranges
table 1 : explain SELECT DISTINCT c FROM sbtest1 WHERE id BETWEEN 3382724 AND 3383723 ORDER BY c
	Unique  (cost=4076.64..4081.84 rows=1040 width=121)
	  ->  Sort  (cost=4076.64..4079.24 rows=1040 width=121)
	        Sort Key: c
	        ->  Bitmap Heap Scan on sbtest1  (cost=35.09..4024.52 rows=1040 width=121)
	              Recheck Cond: ((id >= 3382724) AND (id <= 3383723))
	              ->  Bitmap Index Scan on sbtest1_pkey  (cost=0.00..34.84 rows=1040 width=0)
	                    Index Cond: ((id >= 3382724) AND (id <= 3383723))

table 2 : explain SELECT DISTINCT c FROM sbtest2 WHERE id BETWEEN 9945659 AND 9946658 ORDER BY c
	Unique  (cost=3832.47..3837.35 rows=976 width=121)
	  ->  Sort  (cost=3832.47..3834.91 rows=976 width=121)
	        Sort Key: c
	        ->  Bitmap Heap Scan on sbtest2  (cost=34.44..3784.01 rows=976 width=121)
	              Recheck Cond: ((id >= 9945659) AND (id <= 9946658))
	              ->  Bitmap Index Scan on sbtest2_pkey  (cost=0.00..34.20 rows=976 width=0)
	                    Index Cond: ((id >= 9945659) AND (id <= 9946658))

table 3 : explain SELECT DISTINCT c FROM sbtest3 WHERE id BETWEEN 9879300 AND 9880299 ORDER BY c
	Unique  (cost=4104.40..4109.64 rows=1047 width=121)
	  ->  Sort  (cost=4104.40..4107.02 rows=1047 width=121)
	        Sort Key: c
	        ->  Bitmap Heap Scan on sbtest3  (cost=35.17..4051.89 rows=1047 width=121)
	              Recheck Cond: ((id >= 9879300) AND (id <= 9880299))
	              ->  Bitmap Index Scan on sbtest3_pkey  (cost=0.00..34.91 rows=1047 width=0)
	                    Index Cond: ((id >= 9879300) AND (id <= 9880299))

table 4 : explain SELECT DISTINCT c FROM sbtest4 WHERE id BETWEEN 1602514 AND 1603513 ORDER BY c
	Unique  (cost=3965.98..3971.03 rows=1009 width=121)
	  ->  Sort  (cost=3965.98..3968.50 rows=1009 width=121)
	        Sort Key: c
	        ->  Bitmap Heap Scan on sbtest4  (cost=34.78..3915.64 rows=1009 width=121)
	              Recheck Cond: ((id >= 1602514) AND (id <= 1603513))
	              ->  Bitmap Index Scan on sbtest4_pkey  (cost=0.00..34.53 rows=1009 width=0)
	                    Index Cond: ((id >= 1602514) AND (id <= 1603513))

table 5 : explain SELECT DISTINCT c FROM sbtest5 WHERE id BETWEEN 2847328 AND 2848327 ORDER BY c
	Unique  (cost=3624.10..3628.70 rows=921 width=121)
	  ->  Sort  (cost=3624.10..3626.40 rows=921 width=121)
	        Sort Key: c
	        ->  Bitmap Heap Scan on sbtest5  (cost=29.88..3578.75 rows=921 width=121)
	              Recheck Cond: ((id >= 2847328) AND (id <= 2848327))
	              ->  Bitmap Index Scan on sbtest5_pkey  (cost=0.00..29.64 rows=921 width=0)
	                    Index Cond: ((id >= 2847328) AND (id <= 2848327))

table 6 : explain SELECT DISTINCT c FROM sbtest6 WHERE id BETWEEN 8749988 AND 8750987 ORDER BY c
	Unique  (cost=3806.67..3811.51 rows=969 width=121)
	  ->  Sort  (cost=3806.67..3809.09 rows=969 width=121)
	        Sort Key: c
	        ->  Bitmap Heap Scan on sbtest6  (cost=34.37..3758.61 rows=969 width=121)
	              Recheck Cond: ((id >= 8749988) AND (id <= 8750987))
	              ->  Bitmap Index Scan on sbtest6_pkey  (cost=0.00..34.12 rows=969 width=0)
	                    Index Cond: ((id >= 8749988) AND (id <= 8750987))

table 7 : explain SELECT DISTINCT c FROM sbtest7 WHERE id BETWEEN 1126686 AND 1127685 ORDER BY c
	Unique  (cost=3969.32..3974.38 rows=1012 width=121)
	  ->  Sort  (cost=3969.32..3971.85 rows=1012 width=121)
	        Sort Key: c
	        ->  Bitmap Heap Scan on sbtest7  (cost=34.81..3918.80 rows=1012 width=121)
	              Recheck Cond: ((id >= 1126686) AND (id <= 1127685))
	              ->  Bitmap Index Scan on sbtest7_pkey  (cost=0.00..34.56 rows=1012 width=0)
	                    Index Cond: ((id >= 1126686) AND (id <= 1127685))

table 8 : explain SELECT DISTINCT c FROM sbtest8 WHERE id BETWEEN 4644605 AND 4645604 ORDER BY c
	Unique  (cost=3717.48..3722.21 rows=946 width=121)
	  ->  Sort  (cost=3717.48..3719.84 rows=946 width=121)
	        Sort Key: c
	        ->  Bitmap Heap Scan on sbtest8  (cost=34.13..3670.72 rows=946 width=121)
	              Recheck Cond: ((id >= 4644605) AND (id <= 4645604))
	              ->  Bitmap Index Scan on sbtest8_pkey  (cost=0.00..33.90 rows=946 width=0)
	                    Index Cond: ((id >= 4644605) AND (id <= 4645604))

explain: for point_selects :: explain SELECT c FROM sbtest%u WHERE id=%u
for: order_ranges
table 1 : explain SELECT c FROM sbtest1 WHERE id BETWEEN 4327408 AND 4328407 ORDER BY c
	Sort  (cost=3896.99..3899.47 rows=993 width=121)
	  Sort Key: c
	  ->  Bitmap Heap Scan on sbtest1  (cost=34.61..3847.56 rows=993 width=121)
	        Recheck Cond: ((id >= 4327408) AND (id <= 4328407))
	        ->  Bitmap Index Scan on sbtest1_pkey  (cost=0.00..34.37 rows=993 width=0)
	              Index Cond: ((id >= 4327408) AND (id <= 4328407))

table 2 : explain SELECT c FROM sbtest2 WHERE id BETWEEN 1844762 AND 1845761 ORDER BY c
	Sort  (cost=3924.31..3926.81 rows=1000 width=121)
	  Sort Key: c
	  ->  Bitmap Heap Scan on sbtest2  (cost=34.69..3874.49 rows=1000 width=121)
	        Recheck Cond: ((id >= 1844762) AND (id <= 1845761))
	        ->  Bitmap Index Scan on sbtest2_pkey  (cost=0.00..34.44 rows=1000 width=0)
	              Index Cond: ((id >= 1844762) AND (id <= 1845761))

table 3 : explain SELECT c FROM sbtest3 WHERE id BETWEEN 4800211 AND 4801210 ORDER BY c
	Sort  (cost=3901.76..3904.25 rows=994 width=121)
	  Sort Key: c
	  ->  Bitmap Heap Scan on sbtest3  (cost=34.62..3852.28 rows=994 width=121)
	        Recheck Cond: ((id >= 4800211) AND (id <= 4801210))
	        ->  Bitmap Index Scan on sbtest3_pkey  (cost=0.00..34.38 rows=994 width=0)
	              Index Cond: ((id >= 4800211) AND (id <= 4801210))

table 4 : explain SELECT c FROM sbtest4 WHERE id BETWEEN 8810018 AND 8811017 ORDER BY c
	Sort  (cost=3793.29..3795.70 rows=964 width=121)
	  Sort Key: c
	  ->  Bitmap Heap Scan on sbtest4  (cost=34.32..3745.51 rows=964 width=121)
	        Recheck Cond: ((id >= 8810018) AND (id <= 8811017))
	        ->  Bitmap Index Scan on sbtest4_pkey  (cost=0.00..34.08 rows=964 width=0)
	              Index Cond: ((id >= 8810018) AND (id <= 8811017))

table 5 : explain SELECT c FROM sbtest5 WHERE id BETWEEN 7231222 AND 7232221 ORDER BY c
	Sort  (cost=4268.64..4271.36 rows=1088 width=121)
	  Sort Key: c
	  ->  Bitmap Heap Scan on sbtest5  (cost=35.59..4213.77 rows=1088 width=121)
	        Recheck Cond: ((id >= 7231222) AND (id <= 7232221))
	        ->  Bitmap Index Scan on sbtest5_pkey  (cost=0.00..35.32 rows=1088 width=0)
	              Index Cond: ((id >= 7231222) AND (id <= 7232221))

table 6 : explain SELECT c FROM sbtest6 WHERE id BETWEEN 5931477 AND 5932476 ORDER BY c
	Sort  (cost=3856.46..3858.91 rows=982 width=121)
	  Sort Key: c
	  ->  Bitmap Heap Scan on sbtest6  (cost=34.50..3807.65 rows=982 width=121)
	        Recheck Cond: ((id >= 5931477) AND (id <= 5932476))
	        ->  Bitmap Index Scan on sbtest6_pkey  (cost=0.00..34.26 rows=982 width=0)
	              Index Cond: ((id >= 5931477) AND (id <= 5932476))

table 7 : explain SELECT c FROM sbtest7 WHERE id BETWEEN 9440627 AND 9441626 ORDER BY c
	Sort  (cost=4236.60..4239.30 rows=1082 width=121)
	  Sort Key: c
	  ->  Bitmap Heap Scan on sbtest7  (cost=35.53..4182.07 rows=1082 width=121)
	        Recheck Cond: ((id >= 9440627) AND (id <= 9441626))
	        ->  Bitmap Index Scan on sbtest7_pkey  (cost=0.00..35.26 rows=1082 width=0)
	              Index Cond: ((id >= 9440627) AND (id <= 9441626))

table 8 : explain SELECT c FROM sbtest8 WHERE id BETWEEN 9280897 AND 9281896 ORDER BY c
	Sort  (cost=3801.74..3804.16 rows=968 width=121)
	  Sort Key: c
	  ->  Bitmap Heap Scan on sbtest8  (cost=34.36..3753.74 rows=968 width=121)
	        Recheck Cond: ((id >= 9280897) AND (id <= 9281896))
	        ->  Bitmap Index Scan on sbtest8_pkey  (cost=0.00..34.12 rows=968 width=0)
	              Index Cond: ((id >= 9280897) AND (id <= 9281896))

for: order_ranges
table 1 : explain SELECT c FROM sbtest1 WHERE id BETWEEN 4350256 AND 4351255 ORDER BY c
	Sort  (cost=3896.99..3899.47 rows=993 width=121)
	  Sort Key: c
	  ->  Bitmap Heap Scan on sbtest1  (cost=34.61..3847.56 rows=993 width=121)
	        Recheck Cond: ((id >= 4350256) AND (id <= 4351255))
	        ->  Bitmap Index Scan on sbtest1_pkey  (cost=0.00..34.37 rows=993 width=0)
	              Index Cond: ((id >= 4350256) AND (id <= 4351255))

table 2 : explain SELECT c FROM sbtest2 WHERE id BETWEEN 573066 AND 574065 ORDER BY c
	Sort  (cost=4088.69..4091.30 rows=1043 width=121)
	  Sort Key: c
	  ->  Bitmap Heap Scan on sbtest2  (cost=35.13..4036.40 rows=1043 width=121)
	        Recheck Cond: ((id >= 573066) AND (id <= 574065))
	        ->  Bitmap Index Scan on sbtest2_pkey  (cost=0.00..34.87 rows=1043 width=0)
	              Index Cond: ((id >= 573066) AND (id <= 574065))

table 3 : explain SELECT c FROM sbtest3 WHERE id BETWEEN 1199824 AND 1200823 ORDER BY c
	Sort  (cost=3756.27..3758.66 rows=956 width=121)
	  Sort Key: c
	  ->  Bitmap Heap Scan on sbtest3  (cost=34.23..3708.94 rows=956 width=121)
	        Recheck Cond: ((id >= 1199824) AND (id <= 1200823))
	        ->  Bitmap Index Scan on sbtest3_pkey  (cost=0.00..34.00 rows=956 width=0)
	              Index Cond: ((id >= 1199824) AND (id <= 1200823))

table 4 : explain SELECT c FROM sbtest4 WHERE id BETWEEN 595974 AND 596973 ORDER BY c
	Sort  (cost=3843.21..3845.65 rows=977 width=121)
	  Sort Key: c
	  ->  Bitmap Heap Scan on sbtest4  (cost=34.45..3794.69 rows=977 width=121)
	        Recheck Cond: ((id >= 595974) AND (id <= 596973))
	        ->  Bitmap Index Scan on sbtest4_pkey  (cost=0.00..34.20 rows=977 width=0)
	              Index Cond: ((id >= 595974) AND (id <= 596973))

table 5 : explain SELECT c FROM sbtest5 WHERE id BETWEEN 9182076 AND 9183075 ORDER BY c
	Sort  (cost=4352.97..4355.74 rows=1109 width=121)
	  Sort Key: c
	  ->  Bitmap Heap Scan on sbtest5  (cost=39.80..4296.88 rows=1109 width=121)
	        Recheck Cond: ((id >= 9182076) AND (id <= 9183075))
	        ->  Bitmap Index Scan on sbtest5_pkey  (cost=0.00..39.53 rows=1109 width=0)
	              Index Cond: ((id >= 9182076) AND (id <= 9183075))

table 6 : explain SELECT c FROM sbtest6 WHERE id BETWEEN 5078176 AND 5079175 ORDER BY c
	Sort  (cost=3661.02..3663.35 rows=931 width=121)
	  Sort Key: c
	  ->  Bitmap Heap Scan on sbtest6  (cost=33.98..3615.11 rows=931 width=121)
	        Recheck Cond: ((id >= 5078176) AND (id <= 5079175))
	        ->  Bitmap Index Scan on sbtest6_pkey  (cost=0.00..33.75 rows=931 width=0)
	              Index Cond: ((id >= 5078176) AND (id <= 5079175))

table 7 : explain SELECT c FROM sbtest7 WHERE id BETWEEN 8194857 AND 8195856 ORDER BY c
	Sort  (cost=3946.38..3948.90 rows=1006 width=121)
	  Sort Key: c
	  ->  Bitmap Heap Scan on sbtest7  (cost=34.75..3896.21 rows=1006 width=121)
	        Recheck Cond: ((id >= 8194857) AND (id <= 8195856))
	        ->  Bitmap Index Scan on sbtest7_pkey  (cost=0.00..34.50 rows=1006 width=0)
	              Index Cond: ((id >= 8194857) AND (id <= 8195856))

table 8 : explain SELECT c FROM sbtest8 WHERE id BETWEEN 6122451 AND 6123450 ORDER BY c
	Sort  (cost=3878.30..3880.77 rows=988 width=121)
	  Sort Key: c
	  ->  Bitmap Heap Scan on sbtest8  (cost=34.56..3829.15 rows=988 width=121)
	        Recheck Cond: ((id >= 6122451) AND (id <= 6123450))
	        ->  Bitmap Index Scan on sbtest8_pkey  (cost=0.00..34.32 rows=988 width=0)
	              Index Cond: ((id >= 6122451) AND (id <= 6123450))

for: distinct_ranges
table 1 : explain SELECT DISTINCT c FROM sbtest1 WHERE id BETWEEN 7259136 AND 7260135 ORDER BY c
	Unique  (cost=3854.90..3859.81 rows=982 width=121)
	  ->  Sort  (cost=3854.90..3857.36 rows=982 width=121)
	        Sort Key: c
	        ->  Bitmap Heap Scan on sbtest1  (cost=34.50..3806.10 rows=982 width=121)
	              Recheck Cond: ((id >= 7259136) AND (id <= 7260135))
	              ->  Bitmap Index Scan on sbtest1_pkey  (cost=0.00..34.26 rows=982 width=0)
	                    Index Cond: ((id >= 7259136) AND (id <= 7260135))

table 2 : explain SELECT DISTINCT c FROM sbtest2 WHERE id BETWEEN 573219 AND 574218 ORDER BY c
	Unique  (cost=4088.69..4093.90 rows=1043 width=121)
	  ->  Sort  (cost=4088.69..4091.30 rows=1043 width=121)
	        Sort Key: c
	        ->  Bitmap Heap Scan on sbtest2  (cost=35.13..4036.40 rows=1043 width=121)
	              Recheck Cond: ((id >= 573219) AND (id <= 574218))
	              ->  Bitmap Index Scan on sbtest2_pkey  (cost=0.00..34.87 rows=1043 width=0)
	                    Index Cond: ((id >= 573219) AND (id <= 574218))

table 3 : explain SELECT DISTINCT c FROM sbtest3 WHERE id BETWEEN 8684636 AND 8685635 ORDER BY c
	Unique  (cost=3717.95..3722.68 rows=946 width=121)
	  ->  Sort  (cost=3717.95..3720.31 rows=946 width=121)
	        Sort Key: c
	        ->  Bitmap Heap Scan on sbtest3  (cost=34.13..3671.19 rows=946 width=121)
	              Recheck Cond: ((id >= 8684636) AND (id <= 8685635))
	              ->  Bitmap Index Scan on sbtest3_pkey  (cost=0.00..33.90 rows=946 width=0)
	                    Index Cond: ((id >= 8684636) AND (id <= 8685635))

table 4 : explain SELECT DISTINCT c FROM sbtest4 WHERE id BETWEEN 4458107 AND 4459106 ORDER BY c
	Unique  (cost=3697.25..3701.95 rows=939 width=121)
	  ->  Sort  (cost=3697.25..3699.60 rows=939 width=121)
	        Sort Key: c
	        ->  Bitmap Heap Scan on sbtest4  (cost=34.06..3650.89 rows=939 width=121)
	              Recheck Cond: ((id >= 4458107) AND (id <= 4459106))
	              ->  Bitmap Index Scan on sbtest4_pkey  (cost=0.00..33.83 rows=939 width=0)
	                    Index Cond: ((id >= 4458107) AND (id <= 4459106))

table 5 : explain SELECT DISTINCT c FROM sbtest5 WHERE id BETWEEN 2720210 AND 2721209 ORDER BY c
	Unique  (cost=3728.04..3732.77 rows=947 width=121)
	  ->  Sort  (cost=3728.04..3730.41 rows=947 width=121)
	        Sort Key: c
	        ->  Bitmap Heap Scan on sbtest5  (cost=34.14..3681.22 rows=947 width=121)
	              Recheck Cond: ((id >= 2720210) AND (id <= 2721209))
	              ->  Bitmap Index Scan on sbtest5_pkey  (cost=0.00..33.91 rows=947 width=0)
	                    Index Cond: ((id >= 2720210) AND (id <= 2721209))

table 6 : explain SELECT DISTINCT c FROM sbtest6 WHERE id BETWEEN 7902947 AND 7903946 ORDER BY c
	Unique  (cost=4085.98..4091.19 rows=1042 width=121)
	  ->  Sort  (cost=4085.98..4088.58 rows=1042 width=121)
	        Sort Key: c
	        ->  Bitmap Heap Scan on sbtest6  (cost=35.12..4033.75 rows=1042 width=121)
	              Recheck Cond: ((id >= 7902947) AND (id <= 7903946))
	              ->  Bitmap Index Scan on sbtest6_pkey  (cost=0.00..34.86 rows=1042 width=0)
	                    Index Cond: ((id >= 7902947) AND (id <= 7903946))

table 7 : explain SELECT DISTINCT c FROM sbtest7 WHERE id BETWEEN 5116769 AND 5117768 ORDER BY c
	Unique  (cost=3628.63..3633.25 rows=923 width=121)
	  ->  Sort  (cost=3628.63..3630.94 rows=923 width=121)
	        Sort Key: c
	        ->  Bitmap Heap Scan on sbtest7  (cost=33.90..3583.17 rows=923 width=121)
	              Recheck Cond: ((id >= 5116769) AND (id <= 5117768))
	              ->  Bitmap Index Scan on sbtest7_pkey  (cost=0.00..33.67 rows=923 width=0)
	                    Index Cond: ((id >= 5116769) AND (id <= 5117768))

table 8 : explain SELECT DISTINCT c FROM sbtest8 WHERE id BETWEEN 3590332 AND 3591331 ORDER BY c
	Unique  (cost=3866.82..3871.74 rows=985 width=121)
	  ->  Sort  (cost=3866.82..3869.28 rows=985 width=121)
	        Sort Key: c
	        ->  Bitmap Heap Scan on sbtest8  (cost=34.53..3817.84 rows=985 width=121)
	              Recheck Cond: ((id >= 3590332) AND (id <= 3591331))
	              ->  Bitmap Index Scan on sbtest8_pkey  (cost=0.00..34.29 rows=985 width=0)
	                    Index Cond: ((id >= 3590332) AND (id <= 3591331))

explain: for point_selects :: explain SELECT c FROM sbtest%u WHERE id=%u
for: sum_ranges
table 1 : explain SELECT SUM(k) FROM sbtest1 WHERE id BETWEEN 4826454 AND 4827453
	Aggregate  (cost=4004.53..4004.54 rows=1 width=8)
	  ->  Bitmap Heap Scan on sbtest1  (cost=35.03..4001.95 rows=1034 width=4)
	        Recheck Cond: ((id >= 4826454) AND (id <= 4827453))
	        ->  Bitmap Index Scan on sbtest1_pkey  (cost=0.00..34.78 rows=1034 width=0)
	              Index Cond: ((id >= 4826454) AND (id <= 4827453))

table 2 : explain SELECT SUM(k) FROM sbtest2 WHERE id BETWEEN 1621568 AND 1622567
	Aggregate  (cost=3778.90..3778.91 rows=1 width=8)
	  ->  Bitmap Heap Scan on sbtest2  (cost=34.42..3776.47 rows=974 width=4)
	        Recheck Cond: ((id >= 1621568) AND (id <= 1622567))
	        ->  Bitmap Index Scan on sbtest2_pkey  (cost=0.00..34.18 rows=974 width=0)
	              Index Cond: ((id >= 1621568) AND (id <= 1622567))

table 3 : explain SELECT SUM(k) FROM sbtest3 WHERE id BETWEEN 4797692 AND 4798691
	Aggregate  (cost=3854.76..3854.77 rows=1 width=8)
	  ->  Bitmap Heap Scan on sbtest3  (cost=34.62..3852.28 rows=994 width=4)
	        Recheck Cond: ((id >= 4797692) AND (id <= 4798691))
	        ->  Bitmap Index Scan on sbtest3_pkey  (cost=0.00..34.38 rows=994 width=0)
	              Index Cond: ((id >= 4797692) AND (id <= 4798691))

table 4 : explain SELECT SUM(k) FROM sbtest4 WHERE id BETWEEN 5717821 AND 5718820
	Aggregate  (cost=3857.66..3857.67 rows=1 width=8)
	  ->  Bitmap Heap Scan on sbtest4  (cost=34.61..3855.18 rows=993 width=4)
	        Recheck Cond: ((id >= 5717821) AND (id <= 5718820))
	        ->  Bitmap Index Scan on sbtest4_pkey  (cost=0.00..34.37 rows=993 width=0)
	              Index Cond: ((id >= 5717821) AND (id <= 5718820))

table 5 : explain SELECT SUM(k) FROM sbtest5 WHERE id BETWEEN 2897789 AND 2898788
	Aggregate  (cost=3581.06..3581.07 rows=1 width=8)
	  ->  Bitmap Heap Scan on sbtest5  (cost=29.88..3578.75 rows=921 width=4)
	        Recheck Cond: ((id >= 2897789) AND (id <= 2898788))
	        ->  Bitmap Index Scan on sbtest5_pkey  (cost=0.00..29.64 rows=921 width=0)
	              Index Cond: ((id >= 2897789) AND (id <= 2898788))

table 6 : explain SELECT SUM(k) FROM sbtest6 WHERE id BETWEEN 4216090 AND 4217089
	Aggregate  (cost=4036.35..4036.36 rows=1 width=8)
	  ->  Bitmap Heap Scan on sbtest6  (cost=35.12..4033.75 rows=1042 width=4)
	        Recheck Cond: ((id >= 4216090) AND (id <= 4217089))
	        ->  Bitmap Index Scan on sbtest6_pkey  (cost=0.00..34.86 rows=1042 width=0)
	              Index Cond: ((id >= 4216090) AND (id <= 4217089))

table 7 : explain SELECT SUM(k) FROM sbtest7 WHERE id BETWEEN 8448047 AND 8449046
	Aggregate  (cost=3483.17..3483.18 rows=1 width=8)
	  ->  Bitmap Heap Scan on sbtest7  (cost=29.63..3480.92 rows=897 width=4)
	        Recheck Cond: ((id >= 8448047) AND (id <= 8449046))
	        ->  Bitmap Index Scan on sbtest7_pkey  (cost=0.00..29.40 rows=897 width=0)
	              Index Cond: ((id >= 8448047) AND (id <= 8449046))

table 8 : explain SELECT SUM(k) FROM sbtest8 WHERE id BETWEEN 9667443 AND 9668442
	Aggregate  (cost=3922.12..3922.13 rows=1 width=8)
	  ->  Bitmap Heap Scan on sbtest8  (cost=34.81..3919.59 rows=1012 width=4)
	        Recheck Cond: ((id >= 9667443) AND (id <= 9668442))
	        ->  Bitmap Index Scan on sbtest8_pkey  (cost=0.00..34.56 rows=1012 width=0)
	              Index Cond: ((id >= 9667443) AND (id <= 9668442))

explain: for point_selects :: explain SELECT c FROM sbtest%u WHERE id=%u
for: sum_ranges
table 1 : explain SELECT SUM(k) FROM sbtest1 WHERE id BETWEEN 2904761 AND 2905760
	Aggregate  (cost=3797.24..3797.25 rows=1 width=8)
	  ->  Bitmap Heap Scan on sbtest1  (cost=34.47..3794.79 rows=979 width=4)
	        Recheck Cond: ((id >= 2904761) AND (id <= 2905760))
	        ->  Bitmap Index Scan on sbtest1_pkey  (cost=0.00..34.23 rows=979 width=0)
	              Index Cond: ((id >= 2904761) AND (id <= 2905760))

table 2 : explain SELECT SUM(k) FROM sbtest2 WHERE id BETWEEN 8687653 AND 8688652
	Aggregate  (cost=3767.58..3767.59 rows=1 width=8)
	  ->  Bitmap Heap Scan on sbtest2  (cost=34.39..3765.15 rows=971 width=4)
	        Recheck Cond: ((id >= 8687653) AND (id <= 8688652))
	        ->  Bitmap Index Scan on sbtest2_pkey  (cost=0.00..34.15 rows=971 width=0)
	              Index Cond: ((id >= 8687653) AND (id <= 8688652))

table 3 : explain SELECT SUM(k) FROM sbtest3 WHERE id BETWEEN 435188 AND 436187
	Aggregate  (cost=3692.44..3692.45 rows=1 width=8)
	  ->  Bitmap Heap Scan on sbtest3  (cost=34.18..3690.07 rows=951 width=4)
	        Recheck Cond: ((id >= 435188) AND (id <= 436187))
	        ->  Bitmap Index Scan on sbtest3_pkey  (cost=0.00..33.95 rows=951 width=0)
	              Index Cond: ((id >= 435188) AND (id <= 436187))

table 4 : explain SELECT SUM(k) FROM sbtest4 WHERE id BETWEEN 884340 AND 885339
	Aggregate  (cost=3600.18..3600.19 rows=1 width=8)
	  ->  Bitmap Heap Scan on sbtest4  (cost=33.92..3597.86 rows=925 width=4)
	        Recheck Cond: ((id >= 884340) AND (id <= 885339))
	        ->  Bitmap Index Scan on sbtest4_pkey  (cost=0.00..33.69 rows=925 width=0)
	              Index Cond: ((id >= 884340) AND (id <= 885339))

table 5 : explain SELECT SUM(k) FROM sbtest5 WHERE id BETWEEN 4978062 AND 4979061
	Aggregate  (cost=4061.78..4061.79 rows=1 width=8)
	  ->  Bitmap Heap Scan on sbtest5  (cost=35.17..4059.16 rows=1047 width=4)
	        Recheck Cond: ((id >= 4978062) AND (id <= 4979061))
	        ->  Bitmap Index Scan on sbtest5_pkey  (cost=0.00..34.91 rows=1047 width=0)
	              Index Cond: ((id >= 4978062) AND (id <= 4979061))

table 6 : explain SELECT SUM(k) FROM sbtest6 WHERE id BETWEEN 3570330 AND 3571329
	Aggregate  (cost=3855.39..3855.40 rows=1 width=8)
	  ->  Bitmap Heap Scan on sbtest6  (cost=34.62..3852.91 rows=994 width=4)
	        Recheck Cond: ((id >= 3570330) AND (id <= 3571329))
	        ->  Bitmap Index Scan on sbtest6_pkey  (cost=0.00..34.38 rows=994 width=0)
	              Index Cond: ((id >= 3570330) AND (id <= 3571329))

table 7 : explain SELECT SUM(k) FROM sbtest7 WHERE id BETWEEN 6126427 AND 6127426
	Aggregate  (cost=3695.03..3695.04 rows=1 width=8)
	  ->  Bitmap Heap Scan on sbtest7  (cost=34.19..3692.65 rows=952 width=4)
	        Recheck Cond: ((id >= 6126427) AND (id <= 6127426))
	        ->  Bitmap Index Scan on sbtest7_pkey  (cost=0.00..33.95 rows=952 width=0)
	              Index Cond: ((id >= 6126427) AND (id <= 6127426))

table 8 : explain SELECT SUM(k) FROM sbtest8 WHERE id BETWEEN 3309975 AND 3310974
	Aggregate  (cost=4001.24..4001.25 rows=1 width=8)
	  ->  Bitmap Heap Scan on sbtest8  (cost=35.02..3998.66 rows=1033 width=4)
	        Recheck Cond: ((id >= 3309975) AND (id <= 3310974))
	        ->  Bitmap Index Scan on sbtest8_pkey  (cost=0.00..34.77 rows=1033 width=0)
	              Index Cond: ((id >= 3309975) AND (id <= 3310974))

for point_selects
table 1 : explain SELECT c FROM sbtest1 WHERE id=188220
	Index Scan using sbtest1_pkey on sbtest1  (cost=0.43..8.45 rows=1 width=121)
	  Index Cond: (id = 188220)

table 2 : explain SELECT c FROM sbtest2 WHERE id=231071
	Index Scan using sbtest2_pkey on sbtest2  (cost=0.43..8.45 rows=1 width=121)
	  Index Cond: (id = 231071)

table 3 : explain SELECT c FROM sbtest3 WHERE id=173188
	Index Scan using sbtest3_pkey on sbtest3  (cost=0.43..8.45 rows=1 width=121)
	  Index Cond: (id = 173188)

table 4 : explain SELECT c FROM sbtest4 WHERE id=7532420
	Index Scan using sbtest4_pkey on sbtest4  (cost=0.43..8.45 rows=1 width=121)
	  Index Cond: (id = 7532420)

table 5 : explain SELECT c FROM sbtest5 WHERE id=3241635
	Index Scan using sbtest5_pkey on sbtest5  (cost=0.43..8.45 rows=1 width=121)
	  Index Cond: (id = 3241635)

table 6 : explain SELECT c FROM sbtest6 WHERE id=8429586
	Index Scan using sbtest6_pkey on sbtest6  (cost=0.43..8.45 rows=1 width=121)
	  Index Cond: (id = 8429586)

table 7 : explain SELECT c FROM sbtest7 WHERE id=7004506
	Index Scan using sbtest7_pkey on sbtest7  (cost=0.43..8.45 rows=1 width=121)
	  Index Cond: (id = 7004506)

table 8 : explain SELECT c FROM sbtest8 WHERE id=3740522
	Index Scan using sbtest8_pkey on sbtest8  (cost=0.43..8.45 rows=1 width=121)
	  Index Cond: (id = 3740522)

for: distinct_ranges
table 1 : explain SELECT DISTINCT c FROM sbtest1 WHERE id BETWEEN 8500270 AND 8501269 ORDER BY c
	Unique  (cost=3770.69..3775.49 rows=960 width=121)
	  ->  Sort  (cost=3770.69..3773.09 rows=960 width=121)
	        Sort Key: c
	        ->  Bitmap Heap Scan on sbtest1  (cost=34.28..3723.13 rows=960 width=121)
	              Recheck Cond: ((id >= 8500270) AND (id <= 8501269))
	              ->  Bitmap Index Scan on sbtest1_pkey  (cost=0.00..34.04 rows=960 width=0)
	                    Index Cond: ((id >= 8500270) AND (id <= 8501269))

table 2 : explain SELECT DISTINCT c FROM sbtest2 WHERE id BETWEEN 5691670 AND 5692669 ORDER BY c
	Unique  (cost=3587.05..3591.62 rows=913 width=121)
	  ->  Sort  (cost=3587.05..3589.34 rows=913 width=121)
	        Sort Key: c
	        ->  Bitmap Heap Scan on sbtest2  (cost=29.79..3542.16 rows=913 width=121)
	              Recheck Cond: ((id >= 5691670) AND (id <= 5692669))
	              ->  Bitmap Index Scan on sbtest2_pkey  (cost=0.00..29.57 rows=913 width=0)
	                    Index Cond: ((id >= 5691670) AND (id <= 5692669))

table 3 : explain SELECT DISTINCT c FROM sbtest3 WHERE id BETWEEN 632787 AND 633786 ORDER BY c
	Unique  (cost=3832.87..3837.75 rows=976 width=121)
	  ->  Sort  (cost=3832.87..3835.31 rows=976 width=121)
	        Sort Key: c
	        ->  Bitmap Heap Scan on sbtest3  (cost=34.44..3784.40 rows=976 width=121)
	              Recheck Cond: ((id >= 632787) AND (id <= 633786))
	              ->  Bitmap Index Scan on sbtest3_pkey  (cost=0.00..34.20 rows=976 width=0)
	                    Index Cond: ((id >= 632787) AND (id <= 633786))

table 4 : explain SELECT DISTINCT c FROM sbtest4 WHERE id BETWEEN 6783586 AND 6784585 ORDER BY c
	Unique  (cost=3789.45..3794.27 rows=963 width=121)
	  ->  Sort  (cost=3789.45..3791.86 rows=963 width=121)
	        Sort Key: c
	        ->  Bitmap Heap Scan on sbtest4  (cost=34.31..3741.73 rows=963 width=121)
	              Recheck Cond: ((id >= 6783586) AND (id <= 6784585))
	              ->  Bitmap Index Scan on sbtest4_pkey  (cost=0.00..34.07 rows=963 width=0)
	                    Index Cond: ((id >= 6783586) AND (id <= 6784585))

table 5 : explain SELECT DISTINCT c FROM sbtest5 WHERE id BETWEEN 8923722 AND 8924721 ORDER BY c
	Unique  (cost=3639.64..3644.26 rows=924 width=121)
	  ->  Sort  (cost=3639.64..3641.95 rows=924 width=121)
	        Sort Key: c
	        ->  Bitmap Heap Scan on sbtest5  (cost=33.91..3594.12 rows=924 width=121)
	              Recheck Cond: ((id >= 8923722) AND (id <= 8924721))
	              ->  Bitmap Index Scan on sbtest5_pkey  (cost=0.00..33.68 rows=924 width=0)
	                    Index Cond: ((id >= 8923722) AND (id <= 8924721))

table 6 : explain SELECT DISTINCT c FROM sbtest6 WHERE id BETWEEN 2479402 AND 2480401 ORDER BY c
	Unique  (cost=3607.15..3611.74 rows=918 width=121)
	  ->  Sort  (cost=3607.15..3609.44 rows=918 width=121)
	        Sort Key: c
	        ->  Bitmap Heap Scan on sbtest6  (cost=29.84..3561.97 rows=918 width=121)
	              Recheck Cond: ((id >= 2479402) AND (id <= 2480401))
	              ->  Bitmap Index Scan on sbtest6_pkey  (cost=0.00..29.61 rows=918 width=0)
	                    Index Cond: ((id >= 2479402) AND (id <= 2480401))

table 7 : explain SELECT DISTINCT c FROM sbtest7 WHERE id BETWEEN 6729653 AND 6730652 ORDER BY c
	Unique  (cost=4007.54..4012.65 rows=1022 width=121)
	  ->  Sort  (cost=4007.54..4010.09 rows=1022 width=121)
	        Sort Key: c
	        ->  Bitmap Heap Scan on sbtest7  (cost=34.91..3956.45 rows=1022 width=121)
	              Recheck Cond: ((id >= 6729653) AND (id <= 6730652))
	              ->  Bitmap Index Scan on sbtest7_pkey  (cost=0.00..34.66 rows=1022 width=0)
	                    Index Cond: ((id >= 6729653) AND (id <= 6730652))

table 8 : explain SELECT DISTINCT c FROM sbtest8 WHERE id BETWEEN 5243705 AND 5244704 ORDER BY c
	Unique  (cost=4119.13..4124.39 rows=1051 width=121)
	  ->  Sort  (cost=4119.13..4121.76 rows=1051 width=121)
	        Sort Key: c
	        ->  Bitmap Heap Scan on sbtest8  (cost=35.21..4066.38 rows=1051 width=121)
	              Recheck Cond: ((id >= 5243705) AND (id <= 5244704))
	              ->  Bitmap Index Scan on sbtest8_pkey  (cost=0.00..34.95 rows=1051 width=0)
	                    Index Cond: ((id >= 5243705) AND (id <= 5244704))

explain: for point_selects :: explain SELECT c FROM sbtest%u WHERE id=%u
explain: for point_selects :: explain SELECT c FROM sbtest%u WHERE id=%u
for: distinct_ranges
table 1 : explain SELECT DISTINCT c FROM sbtest1 WHERE id BETWEEN 1750825 AND 1751824 ORDER BY c
	Unique  (cost=4332.37..4337.91 rows=1108 width=121)
	  ->  Sort  (cost=4332.37..4335.14 rows=1108 width=121)
	        Sort Key: c
	        ->  Bitmap Heap Scan on sbtest1  (cost=35.79..4276.34 rows=1108 width=121)
	              Recheck Cond: ((id >= 1750825) AND (id <= 1751824))
	              ->  Bitmap Index Scan on sbtest1_pkey  (cost=0.00..35.52 rows=1108 width=0)
	                    Index Cond: ((id >= 1750825) AND (id <= 1751824))

table 2 : explain SELECT DISTINCT c FROM sbtest2 WHERE id BETWEEN 6594091 AND 6595090 ORDER BY c
	Unique  (cost=3786.53..3791.35 rows=964 width=121)
	  ->  Sort  (cost=3786.53..3788.94 rows=964 width=121)
	        Sort Key: c
	        ->  Bitmap Heap Scan on sbtest2  (cost=34.32..3738.75 rows=964 width=121)
	              Recheck Cond: ((id >= 6594091) AND (id <= 6595090))
	              ->  Bitmap Index Scan on sbtest2_pkey  (cost=0.00..34.08 rows=964 width=0)
	                    Index Cond: ((id >= 6594091) AND (id <= 6595090))

table 3 : explain SELECT DISTINCT c FROM sbtest3 WHERE id BETWEEN 8049365 AND 8050364 ORDER BY c
	Unique  (cost=3882.63..3887.58 rows=989 width=121)
	  ->  Sort  (cost=3882.63..3885.10 rows=989 width=121)
	        Sort Key: c
	        ->  Bitmap Heap Scan on sbtest3  (cost=34.57..3833.43 rows=989 width=121)
	              Recheck Cond: ((id >= 8049365) AND (id <= 8050364))
	              ->  Bitmap Index Scan on sbtest3_pkey  (cost=0.00..34.33 rows=989 width=0)
	                    Index Cond: ((id >= 8049365) AND (id <= 8050364))

table 4 : explain SELECT DISTINCT c FROM sbtest4 WHERE id BETWEEN 1391512 AND 1392511 ORDER BY c
	Unique  (cost=3589.44..3594.00 rows=912 width=121)
	  ->  Sort  (cost=3589.44..3591.72 rows=912 width=121)
	        Sort Key: c
	        ->  Bitmap Heap Scan on sbtest4  (cost=29.78..3544.60 rows=912 width=121)
	              Recheck Cond: ((id >= 1391512) AND (id <= 1392511))
	              ->  Bitmap Index Scan on sbtest4_pkey  (cost=0.00..29.55 rows=912 width=0)
	                    Index Cond: ((id >= 1391512) AND (id <= 1392511))

table 5 : explain SELECT DISTINCT c FROM sbtest5 WHERE id BETWEEN 2806334 AND 2807333 ORDER BY c
	Unique  (cost=3624.10..3628.70 rows=921 width=121)
	  ->  Sort  (cost=3624.10..3626.40 rows=921 width=121)
	        Sort Key: c
	        ->  Bitmap Heap Scan on sbtest5  (cost=29.88..3578.75 rows=921 width=121)
	              Recheck Cond: ((id >= 2806334) AND (id <= 2807333))
	              ->  Bitmap Index Scan on sbtest5_pkey  (cost=0.00..29.64 rows=921 width=0)
	                    Index Cond: ((id >= 2806334) AND (id <= 2807333))

table 6 : explain SELECT DISTINCT c FROM sbtest6 WHERE id BETWEEN 782581 AND 783580 ORDER BY c
	Unique  (cost=3722.37..3727.10 rows=947 width=121)
	  ->  Sort  (cost=3722.37..3724.73 rows=947 width=121)
	        Sort Key: c
	        ->  Bitmap Heap Scan on sbtest6  (cost=34.14..3675.55 rows=947 width=121)
	              Recheck Cond: ((id >= 782581) AND (id <= 783580))
	              ->  Bitmap Index Scan on sbtest6_pkey  (cost=0.00..33.91 rows=947 width=0)
	                    Index Cond: ((id >= 782581) AND (id <= 783580))

table 7 : explain SELECT DISTINCT c FROM sbtest7 WHERE id BETWEEN 2762693 AND 2763692 ORDER BY c
	Unique  (cost=3843.11..3848.00 rows=979 width=121)
	  ->  Sort  (cost=3843.11..3845.56 rows=979 width=121)
	        Sort Key: c
	        ->  Bitmap Heap Scan on sbtest7  (cost=34.47..3794.48 rows=979 width=121)
	              Recheck Cond: ((id >= 2762693) AND (id <= 2763692))
	              ->  Bitmap Index Scan on sbtest7_pkey  (cost=0.00..34.23 rows=979 width=0)
	                    Index Cond: ((id >= 2762693) AND (id <= 2763692))

table 8 : explain SELECT DISTINCT c FROM sbtest8 WHERE id BETWEEN 6473603 AND 6474602 ORDER BY c
	Unique  (cost=4119.13..4124.39 rows=1051 width=121)
	  ->  Sort  (cost=4119.13..4121.76 rows=1051 width=121)
	        Sort Key: c
	        ->  Bitmap Heap Scan on sbtest8  (cost=35.21..4066.38 rows=1051 width=121)
	              Recheck Cond: ((id >= 6473603) AND (id <= 6474602))
	              ->  Bitmap Index Scan on sbtest8_pkey  (cost=0.00..34.95 rows=1051 width=0)
	                    Index Cond: ((id >= 6473603) AND (id <= 6474602))

for: order_ranges
table 1 : explain SELECT c FROM sbtest1 WHERE id BETWEEN 6717291 AND 6718290 ORDER BY c
	Sort  (cost=3977.29..3979.82 rows=1014 width=121)
	  Sort Key: c
	  ->  Bitmap Heap Scan on sbtest1  (cost=34.83..3926.66 rows=1014 width=121)
	        Recheck Cond: ((id >= 6717291) AND (id <= 6718290))
	        ->  Bitmap Index Scan on sbtest1_pkey  (cost=0.00..34.58 rows=1014 width=0)
	              Index Cond: ((id >= 6717291) AND (id <= 6718290))

table 2 : explain SELECT c FROM sbtest2 WHERE id BETWEEN 3645565 AND 3646564 ORDER BY c
	Sort  (cost=3874.58..3877.04 rows=987 width=121)
	  Sort Key: c
	  ->  Bitmap Heap Scan on sbtest2  (cost=34.55..3825.49 rows=987 width=121)
	        Recheck Cond: ((id >= 3645565) AND (id <= 3646564))
	        ->  Bitmap Index Scan on sbtest2_pkey  (cost=0.00..34.31 rows=987 width=0)
	              Index Cond: ((id >= 3645565) AND (id <= 3646564))

table 3 : explain SELECT c FROM sbtest3 WHERE id BETWEEN 2291766 AND 2292765 ORDER BY c
	Sort  (cost=3464.57..3466.77 rows=881 width=121)
	  Sort Key: c
	  ->  Bitmap Heap Scan on sbtest3  (cost=29.47..3421.48 rows=881 width=121)
	        Recheck Cond: ((id >= 2291766) AND (id <= 2292765))
	        ->  Bitmap Index Scan on sbtest3_pkey  (cost=0.00..29.25 rows=881 width=0)
	              Index Cond: ((id >= 2291766) AND (id <= 2292765))

table 4 : explain SELECT c FROM sbtest4 WHERE id BETWEEN 1501314 AND 1502313 ORDER BY c
	Sort  (cost=3774.09..3776.49 rows=959 width=121)
	  Sort Key: c
	  ->  Bitmap Heap Scan on sbtest4  (cost=34.26..3726.59 rows=959 width=121)
	        Recheck Cond: ((id >= 1501314) AND (id <= 1502313))
	        ->  Bitmap Index Scan on sbtest4_pkey  (cost=0.00..34.03 rows=959 width=0)
	              Index Cond: ((id >= 1501314) AND (id <= 1502313))

table 5 : explain SELECT c FROM sbtest5 WHERE id BETWEEN 6526647 AND 6527646 ORDER BY c
	Sort  (cost=3847.09..3849.54 rows=978 width=121)
	  Sort Key: c
	  ->  Bitmap Heap Scan on sbtest5  (cost=34.46..3798.52 rows=978 width=121)
	        Recheck Cond: ((id >= 6526647) AND (id <= 6527646))
	        ->  Bitmap Index Scan on sbtest5_pkey  (cost=0.00..34.22 rows=978 width=0)
	              Index Cond: ((id >= 6526647) AND (id <= 6527646))

table 6 : explain SELECT c FROM sbtest6 WHERE id BETWEEN 115194 AND 116193 ORDER BY c
	Sort  (cost=4024.81..4027.38 rows=1026 width=121)
	  Sort Key: c
	  ->  Bitmap Heap Scan on sbtest6  (cost=34.95..3973.50 rows=1026 width=121)
	        Recheck Cond: ((id >= 115194) AND (id <= 116193))
	        ->  Bitmap Index Scan on sbtest6_pkey  (cost=0.00..34.70 rows=1026 width=0)
	              Index Cond: ((id >= 115194) AND (id <= 116193))

table 7 : explain SELECT c FROM sbtest7 WHERE id BETWEEN 8405385 AND 8406384 ORDER BY c
	Sort  (cost=3524.92..3527.16 rows=897 width=121)
	  Sort Key: c
	  ->  Bitmap Heap Scan on sbtest7  (cost=29.63..3480.92 rows=897 width=121)
	        Recheck Cond: ((id >= 8405385) AND (id <= 8406384))
	        ->  Bitmap Index Scan on sbtest7_pkey  (cost=0.00..29.40 rows=897 width=0)
	              Index Cond: ((id >= 8405385) AND (id <= 8406384))

table 8 : explain SELECT c FROM sbtest8 WHERE id BETWEEN 240705 AND 241704 ORDER BY c
	Sort  (cost=3920.38..3922.88 rows=999 width=121)
	  Sort Key: c
	  ->  Bitmap Heap Scan on sbtest8  (cost=34.67..3870.61 rows=999 width=121)
	        Recheck Cond: ((id >= 240705) AND (id <= 241704))
	        ->  Bitmap Index Scan on sbtest8_pkey  (cost=0.00..34.43 rows=999 width=0)
	              Index Cond: ((id >= 240705) AND (id <= 241704))

for: simple_ranges
table 1 : explain SELECT c FROM sbtest1 WHERE id BETWEEN 3471882 AND 3472881
	Bitmap Heap Scan on sbtest1  (cost=34.24..3711.81 rows=957 width=121)
	  Recheck Cond: ((id >= 3471882) AND (id <= 3472881))
	  ->  Bitmap Index Scan on sbtest1_pkey  (cost=0.00..34.01 rows=957 width=0)
	        Index Cond: ((id >= 3471882) AND (id <= 3472881))

table 2 : explain SELECT c FROM sbtest2 WHERE id BETWEEN 3340114 AND 3341113
	Bitmap Heap Scan on sbtest2  (cost=34.28..3723.65 rows=960 width=121)
	  Recheck Cond: ((id >= 3340114) AND (id <= 3341113))
	  ->  Bitmap Index Scan on sbtest2_pkey  (cost=0.00..34.04 rows=960 width=0)
	        Index Cond: ((id >= 3340114) AND (id <= 3341113))

table 3 : explain SELECT c FROM sbtest3 WHERE id BETWEEN 6545940 AND 6546939
	Bitmap Heap Scan on sbtest3  (cost=35.38..4130.88 rows=1068 width=121)
	  Recheck Cond: ((id >= 6545940) AND (id <= 6546939))
	  ->  Bitmap Index Scan on sbtest3_pkey  (cost=0.00..35.12 rows=1068 width=0)
	        Index Cond: ((id >= 6545940) AND (id <= 6546939))

table 4 : explain SELECT c FROM sbtest4 WHERE id BETWEEN 4557642 AND 4558641
	Bitmap Heap Scan on sbtest4  (cost=34.48..3806.03 rows=980 width=121)
	  Recheck Cond: ((id >= 4557642) AND (id <= 4558641))
	  ->  Bitmap Index Scan on sbtest4_pkey  (cost=0.00..34.23 rows=980 width=0)
	        Index Cond: ((id >= 4557642) AND (id <= 4558641))

table 5 : explain SELECT c FROM sbtest5 WHERE id BETWEEN 5668625 AND 5669624
	Bitmap Heap Scan on sbtest5  (cost=29.69..3510.53 rows=903 width=121)
	  Recheck Cond: ((id >= 5668625) AND (id <= 5669624))
	  ->  Bitmap Index Scan on sbtest5_pkey  (cost=0.00..29.46 rows=903 width=0)
	        Index Cond: ((id >= 5668625) AND (id <= 5669624))

table 6 : explain SELECT c FROM sbtest6 WHERE id BETWEEN 7916900 AND 7917899
	Bitmap Heap Scan on sbtest6  (cost=35.12..4033.75 rows=1042 width=121)
	  Recheck Cond: ((id >= 7916900) AND (id <= 7917899))
	  ->  Bitmap Index Scan on sbtest6_pkey  (cost=0.00..34.86 rows=1042 width=0)
	        Index Cond: ((id >= 7916900) AND (id <= 7917899))

table 7 : explain SELECT c FROM sbtest7 WHERE id BETWEEN 7170238 AND 7171237
	Bitmap Heap Scan on sbtest7  (cost=39.78..4276.21 rows=1107 width=121)
	  Recheck Cond: ((id >= 7170238) AND (id <= 7171237))
	  ->  Bitmap Index Scan on sbtest7_pkey  (cost=0.00..39.51 rows=1107 width=0)
	        Index Cond: ((id >= 7170238) AND (id <= 7171237))

table 8 : explain SELECT c FROM sbtest8 WHERE id BETWEEN 5554787 AND 5555786
	Bitmap Heap Scan on sbtest8  (cost=34.97..3979.83 rows=1028 width=121)
	  Recheck Cond: ((id >= 5554787) AND (id <= 5555786))
	  ->  Bitmap Index Scan on sbtest8_pkey  (cost=0.00..34.72 rows=1028 width=0)
	        Index Cond: ((id >= 5554787) AND (id <= 5555786))

for point_selects
table 1 : explain SELECT c FROM sbtest1 WHERE id=1965919
	Index Scan using sbtest1_pkey on sbtest1  (cost=0.43..8.45 rows=1 width=121)
	  Index Cond: (id = 1965919)

table 2 : explain SELECT c FROM sbtest2 WHERE id=7292268
	Index Scan using sbtest2_pkey on sbtest2  (cost=0.43..8.45 rows=1 width=121)
	  Index Cond: (id = 7292268)

table 3 : explain SELECT c FROM sbtest3 WHERE id=5257259
	Index Scan using sbtest3_pkey on sbtest3  (cost=0.43..8.45 rows=1 width=121)
	  Index Cond: (id = 5257259)

table 4 : explain SELECT c FROM sbtest4 WHERE id=4132550
	Index Scan using sbtest4_pkey on sbtest4  (cost=0.43..8.45 rows=1 width=121)
	  Index Cond: (id = 4132550)

table 5 : explain SELECT c FROM sbtest5 WHERE id=8566917
	Index Scan using sbtest5_pkey on sbtest5  (cost=0.43..8.45 rows=1 width=121)
	  Index Cond: (id = 8566917)

table 6 : explain SELECT c FROM sbtest6 WHERE id=6544917
	Index Scan using sbtest6_pkey on sbtest6  (cost=0.43..8.45 rows=1 width=121)
	  Index Cond: (id = 6544917)

table 7 : explain SELECT c FROM sbtest7 WHERE id=3183407
	Index Scan using sbtest7_pkey on sbtest7  (cost=0.43..8.45 rows=1 width=121)
	  Index Cond: (id = 3183407)

table 8 : explain SELECT c FROM sbtest8 WHERE id=5383688
	Index Scan using sbtest8_pkey on sbtest8  (cost=0.43..8.45 rows=1 width=121)
	  Index Cond: (id = 5383688)

for: distinct_ranges
table 1 : explain SELECT DISTINCT c FROM sbtest1 WHERE id BETWEEN 5634811 AND 5635810 ORDER BY c
	Unique  (cost=3651.75..3656.40 rows=930 width=121)
	  ->  Sort  (cost=3651.75..3654.07 rows=930 width=121)
	        Sort Key: c
	        ->  Bitmap Heap Scan on sbtest1  (cost=29.97..3605.90 rows=930 width=121)
	              Recheck Cond: ((id >= 5634811) AND (id <= 5635810))
	              ->  Bitmap Index Scan on sbtest1_pkey  (cost=0.00..29.73 rows=930 width=0)
	                    Index Cond: ((id >= 5634811) AND (id <= 5635810))

table 2 : explain SELECT DISTINCT c FROM sbtest2 WHERE id BETWEEN 6922227 AND 6923226 ORDER BY c
	Unique  (cost=3909.01..3913.99 rows=996 width=121)
	  ->  Sort  (cost=3909.01..3911.50 rows=996 width=121)
	        Sort Key: c
	        ->  Bitmap Heap Scan on sbtest2  (cost=34.64..3859.41 rows=996 width=121)
	              Recheck Cond: ((id >= 6922227) AND (id <= 6923226))
	              ->  Bitmap Index Scan on sbtest2_pkey  (cost=0.00..34.40 rows=996 width=0)
	                    Index Cond: ((id >= 6922227) AND (id <= 6923226))

table 3 : explain SELECT DISTINCT c FROM sbtest3 WHERE id BETWEEN 6987584 AND 6988583 ORDER BY c
	Unique  (cost=3721.78..3726.52 rows=947 width=121)
	  ->  Sort  (cost=3721.78..3724.15 rows=947 width=121)
	        Sort Key: c
	        ->  Bitmap Heap Scan on sbtest3  (cost=34.14..3674.96 rows=947 width=121)
	              Recheck Cond: ((id >= 6987584) AND (id <= 6988583))
	              ->  Bitmap Index Scan on sbtest3_pkey  (cost=0.00..33.91 rows=947 width=0)
	                    Index Cond: ((id >= 6987584) AND (id <= 6988583))

table 4 : explain SELECT DISTINCT c FROM sbtest4 WHERE id BETWEEN 4587573 AND 4588572 ORDER BY c
	Unique  (cost=3854.72..3859.62 rows=980 width=121)
	  ->  Sort  (cost=3854.72..3857.17 rows=980 width=121)
	        Sort Key: c
	        ->  Bitmap Heap Scan on sbtest4  (cost=34.48..3806.03 rows=980 width=121)
	              Recheck Cond: ((id >= 4587573) AND (id <= 4588572))
	              ->  Bitmap Index Scan on sbtest4_pkey  (cost=0.00..34.23 rows=980 width=0)
	                    Index Cond: ((id >= 4587573) AND (id <= 4588572))

table 5 : explain SELECT DISTINCT c FROM sbtest5 WHERE id BETWEEN 7217516 AND 7218515 ORDER BY c
	Unique  (cost=4268.64..4274.08 rows=1088 width=121)
	  ->  Sort  (cost=4268.64..4271.36 rows=1088 width=121)
	        Sort Key: c
	        ->  Bitmap Heap Scan on sbtest5  (cost=35.59..4213.77 rows=1088 width=121)
	              Recheck Cond: ((id >= 7217516) AND (id <= 7218515))
	              ->  Bitmap Index Scan on sbtest5_pkey  (cost=0.00..35.32 rows=1088 width=0)
	                    Index Cond: ((id >= 7217516) AND (id <= 7218515))

table 6 : explain SELECT DISTINCT c FROM sbtest6 WHERE id BETWEEN 9637419 AND 9638418 ORDER BY c
	Unique  (cost=3829.65..3834.53 rows=975 width=121)
	  ->  Sort  (cost=3829.65..3832.09 rows=975 width=121)
	        Sort Key: c
	        ->  Bitmap Heap Scan on sbtest6  (cost=34.43..3781.25 rows=975 width=121)
	              Recheck Cond: ((id >= 9637419) AND (id <= 9638418))
	              ->  Bitmap Index Scan on sbtest6_pkey  (cost=0.00..34.19 rows=975 width=0)
	                    Index Cond: ((id >= 9637419) AND (id <= 9638418))

table 7 : explain SELECT DISTINCT c FROM sbtest7 WHERE id BETWEEN 7669726 AND 7670725 ORDER BY c
	Unique  (cost=3942.56..3947.58 rows=1005 width=121)
	  ->  Sort  (cost=3942.56..3945.07 rows=1005 width=121)
	        Sort Key: c
	        ->  Bitmap Heap Scan on sbtest7  (cost=34.74..3892.44 rows=1005 width=121)
	              Recheck Cond: ((id >= 7669726) AND (id <= 7670725))
	              ->  Bitmap Index Scan on sbtest7_pkey  (cost=0.00..34.48 rows=1005 width=0)
	                    Index Cond: ((id >= 7669726) AND (id <= 7670725))

table 8 : explain SELECT DISTINCT c FROM sbtest8 WHERE id BETWEEN 710914 AND 711913 ORDER BY c
	Unique  (cost=3820.89..3825.75 rows=973 width=121)
	  ->  Sort  (cost=3820.89..3823.32 rows=973 width=121)
	        Sort Key: c
	        ->  Bitmap Heap Scan on sbtest8  (cost=34.41..3772.60 rows=973 width=121)
	              Recheck Cond: ((id >= 710914) AND (id <= 711913))
	              ->  Bitmap Index Scan on sbtest8_pkey  (cost=0.00..34.17 rows=973 width=0)
	                    Index Cond: ((id >= 710914) AND (id <= 711913))

for point_selects
table 1 : explain SELECT c FROM sbtest1 WHERE id=1269296
	Index Scan using sbtest1_pkey on sbtest1  (cost=0.43..8.45 rows=1 width=121)
	  Index Cond: (id = 1269296)

table 2 : explain SELECT c FROM sbtest2 WHERE id=9894179
	Index Scan using sbtest2_pkey on sbtest2  (cost=0.43..8.45 rows=1 width=121)
	  Index Cond: (id = 9894179)

table 3 : explain SELECT c FROM sbtest3 WHERE id=4405918
	Index Scan using sbtest3_pkey on sbtest3  (cost=0.43..8.45 rows=1 width=121)
	  Index Cond: (id = 4405918)

table 4 : explain SELECT c FROM sbtest4 WHERE id=6967347
	Index Scan using sbtest4_pkey on sbtest4  (cost=0.43..8.45 rows=1 width=121)
	  Index Cond: (id = 6967347)

table 5 : explain SELECT c FROM sbtest5 WHERE id=9153045
	Index Scan using sbtest5_pkey on sbtest5  (cost=0.43..8.45 rows=1 width=121)
	  Index Cond: (id = 9153045)

table 6 : explain SELECT c FROM sbtest6 WHERE id=7535543
	Index Scan using sbtest6_pkey on sbtest6  (cost=0.43..8.45 rows=1 width=121)
	  Index Cond: (id = 7535543)

table 7 : explain SELECT c FROM sbtest7 WHERE id=9667332
	Index Scan using sbtest7_pkey on sbtest7  (cost=0.43..8.45 rows=1 width=121)
	  Index Cond: (id = 9667332)

table 8 : explain SELECT c FROM sbtest8 WHERE id=3552765
	Index Scan using sbtest8_pkey on sbtest8  (cost=0.43..8.45 rows=1 width=121)
	  Index Cond: (id = 3552765)

for: sum_ranges
table 1 : explain SELECT SUM(k) FROM sbtest1 WHERE id BETWEEN 3806349 AND 3807348
	Aggregate  (cost=4282.86..4282.87 rows=1 width=8)
	  ->  Bitmap Heap Scan on sbtest1  (cost=35.80..4280.09 rows=1109 width=4)
	        Recheck Cond: ((id >= 3806349) AND (id <= 3807348))
	        ->  Bitmap Index Scan on sbtest1_pkey  (cost=0.00..35.53 rows=1109 width=0)
	              Index Cond: ((id >= 3806349) AND (id <= 3807348))

table 2 : explain SELECT SUM(k) FROM sbtest2 WHERE id BETWEEN 4131718 AND 4132717
	Aggregate  (cost=4174.47..4174.48 rows=1 width=8)
	  ->  Bitmap Heap Scan on sbtest2  (cost=35.49..4171.78 rows=1079 width=4)
	        Recheck Cond: ((id >= 4131718) AND (id <= 4132717))
	        ->  Bitmap Index Scan on sbtest2_pkey  (cost=0.00..35.23 rows=1079 width=0)
	              Index Cond: ((id >= 4131718) AND (id <= 4132717))

table 3 : explain SELECT SUM(k) FROM sbtest3 WHERE id BETWEEN 6653377 AND 6654376
	Aggregate  (cost=3647.10..3647.11 rows=1 width=8)
	  ->  Bitmap Heap Scan on sbtest3  (cost=34.06..3644.75 rows=939 width=4)
	        Recheck Cond: ((id >= 6653377) AND (id <= 6654376))
	        ->  Bitmap Index Scan on sbtest3_pkey  (cost=0.00..33.83 rows=939 width=0)
	              Index Cond: ((id >= 6653377) AND (id <= 6654376))

table 4 : explain SELECT SUM(k) FROM sbtest4 WHERE id BETWEEN 4141229 AND 4142228
	Aggregate  (cost=3634.29..3634.30 rows=1 width=8)
	  ->  Bitmap Heap Scan on sbtest4  (cost=34.01..3631.95 rows=934 width=4)
	        Recheck Cond: ((id >= 4141229) AND (id <= 4142228))
	        ->  Bitmap Index Scan on sbtest4_pkey  (cost=0.00..33.78 rows=934 width=0)
	              Index Cond: ((id >= 4141229) AND (id <= 4142228))

table 5 : explain SELECT SUM(k) FROM sbtest5 WHERE id BETWEEN 9331585 AND 9332584
	Aggregate  (cost=3937.11..3937.12 rows=1 width=8)
	  ->  Bitmap Heap Scan on sbtest5  (cost=34.83..3934.58 rows=1014 width=4)
	        Recheck Cond: ((id >= 9331585) AND (id <= 9332584))
	        ->  Bitmap Index Scan on sbtest5_pkey  (cost=0.00..34.58 rows=1014 width=0)
	              Index Cond: ((id >= 9331585) AND (id <= 9332584))

table 6 : explain SELECT SUM(k) FROM sbtest6 WHERE id BETWEEN 946773 AND 947772
	Aggregate  (cost=3526.43..3526.44 rows=1 width=8)
	  ->  Bitmap Heap Scan on sbtest6  (cost=29.74..3524.16 rows=908 width=4)
	        Recheck Cond: ((id >= 946773) AND (id <= 947772))
	        ->  Bitmap Index Scan on sbtest6_pkey  (cost=0.00..29.51 rows=908 width=0)
	              Index Cond: ((id >= 946773) AND (id <= 947772))

table 7 : explain SELECT SUM(k) FROM sbtest7 WHERE id BETWEEN 6629575 AND 6630574
	Aggregate  (cost=3418.83..3418.84 rows=1 width=8)
	  ->  Bitmap Heap Scan on sbtest7  (cost=29.45..3416.63 rows=880 width=4)
	        Recheck Cond: ((id >= 6629575) AND (id <= 6630574))
	        ->  Bitmap Index Scan on sbtest7_pkey  (cost=0.00..29.23 rows=880 width=0)
	              Index Cond: ((id >= 6629575) AND (id <= 6630574))

table 8 : explain SELECT SUM(k) FROM sbtest8 WHERE id BETWEEN 3443785 AND 3444784
	Aggregate  (cost=3521.65..3521.66 rows=1 width=8)
	  ->  Bitmap Heap Scan on sbtest8  (cost=29.73..3519.39 rows=907 width=4)
	        Recheck Cond: ((id >= 3443785) AND (id <= 3444784))
	        ->  Bitmap Index Scan on sbtest8_pkey  (cost=0.00..29.50 rows=907 width=0)
	              Index Cond: ((id >= 3443785) AND (id <= 3444784))

for point_selects
table 1 : explain SELECT c FROM sbtest1 WHERE id=5718837
	Index Scan using sbtest1_pkey on sbtest1  (cost=0.43..8.45 rows=1 width=121)
	  Index Cond: (id = 5718837)

table 2 : explain SELECT c FROM sbtest2 WHERE id=1251277
	Index Scan using sbtest2_pkey on sbtest2  (cost=0.43..8.45 rows=1 width=121)
	  Index Cond: (id = 1251277)

table 3 : explain SELECT c FROM sbtest3 WHERE id=3003898
	Index Scan using sbtest3_pkey on sbtest3  (cost=0.43..8.45 rows=1 width=121)
	  Index Cond: (id = 3003898)

table 4 : explain SELECT c FROM sbtest4 WHERE id=4422640
	Index Scan using sbtest4_pkey on sbtest4  (cost=0.43..8.45 rows=1 width=121)
	  Index Cond: (id = 4422640)

table 5 : explain SELECT c FROM sbtest5 WHERE id=8519065
	Index Scan using sbtest5_pkey on sbtest5  (cost=0.43..8.45 rows=1 width=121)
	  Index Cond: (id = 8519065)

table 6 : explain SELECT c FROM sbtest6 WHERE id=8998481
	Index Scan using sbtest6_pkey on sbtest6  (cost=0.43..8.45 rows=1 width=121)
	  Index Cond: (id = 8998481)

table 7 : explain SELECT c FROM sbtest7 WHERE id=1008616
	Index Scan using sbtest7_pkey on sbtest7  (cost=0.43..8.45 rows=1 width=121)
	  Index Cond: (id = 1008616)

table 8 : explain SELECT c FROM sbtest8 WHERE id=1029987
	Index Scan using sbtest8_pkey on sbtest8  (cost=0.43..8.45 rows=1 width=121)
	  Index Cond: (id = 1029987)

for: simple_ranges
table 1 : explain SELECT c FROM sbtest1 WHERE id BETWEEN 6786549 AND 6787548
	Bitmap Heap Scan on sbtest1  (cost=34.48..3798.56 rows=980 width=121)
	  Recheck Cond: ((id >= 6786549) AND (id <= 6787548))
	  ->  Bitmap Index Scan on sbtest1_pkey  (cost=0.00..34.23 rows=980 width=0)
	        Index Cond: ((id >= 6786549) AND (id <= 6787548))

table 2 : explain SELECT c FROM sbtest2 WHERE id BETWEEN 1115634 AND 1116633
	Bitmap Heap Scan on sbtest2  (cost=34.88..3946.06 rows=1019 width=121)
	  Recheck Cond: ((id >= 1115634) AND (id <= 1116633))
	  ->  Bitmap Index Scan on sbtest2_pkey  (cost=0.00..34.62 rows=1019 width=0)
	        Index Cond: ((id >= 1115634) AND (id <= 1116633))

table 3 : explain SELECT c FROM sbtest3 WHERE id BETWEEN 7915756 AND 7916755
	Bitmap Heap Scan on sbtest3  (cost=34.23..3708.94 rows=956 width=121)
	  Recheck Cond: ((id >= 7915756) AND (id <= 7916755))
	  ->  Bitmap Index Scan on sbtest3_pkey  (cost=0.00..34.00 rows=956 width=0)
	        Index Cond: ((id >= 7915756) AND (id <= 7916755))

table 4 : explain SELECT c FROM sbtest4 WHERE id BETWEEN 7326073 AND 7327072
	Bitmap Heap Scan on sbtest4  (cost=34.54..3828.72 rows=986 width=121)
	  Recheck Cond: ((id >= 7326073) AND (id <= 7327072))
	  ->  Bitmap Index Scan on sbtest4_pkey  (cost=0.00..34.30 rows=986 width=0)
	        Index Cond: ((id >= 7326073) AND (id <= 7327072))

table 5 : explain SELECT c FROM sbtest5 WHERE id BETWEEN 7254960 AND 7255959
	Bitmap Heap Scan on sbtest5  (cost=35.59..4213.77 rows=1088 width=121)
	  Recheck Cond: ((id >= 7254960) AND (id <= 7255959))
	  ->  Bitmap Index Scan on sbtest5_pkey  (cost=0.00..35.32 rows=1088 width=0)
	        Index Cond: ((id >= 7254960) AND (id <= 7255959))

table 6 : explain SELECT c FROM sbtest6 WHERE id BETWEEN 9727181 AND 9728180
	Bitmap Heap Scan on sbtest6  (cost=35.76..4270.66 rows=1105 width=121)
	  Recheck Cond: ((id >= 9727181) AND (id <= 9728180))
	  ->  Bitmap Index Scan on sbtest6_pkey  (cost=0.00..35.48 rows=1105 width=0)
	        Index Cond: ((id >= 9727181) AND (id <= 9728180))

table 7 : explain SELECT c FROM sbtest7 WHERE id BETWEEN 1750384 AND 1751383
	Bitmap Heap Scan on sbtest7  (cost=35.36..4121.95 rows=1066 width=121)
	  Recheck Cond: ((id >= 1750384) AND (id <= 1751383))
	  ->  Bitmap Index Scan on sbtest7_pkey  (cost=0.00..35.09 rows=1066 width=0)
	        Index Cond: ((id >= 1750384) AND (id <= 1751383))

table 8 : explain SELECT c FROM sbtest8 WHERE id BETWEEN 1487663 AND 1488662
	Bitmap Heap Scan on sbtest8  (cost=34.39..3765.05 rows=971 width=121)
	  Recheck Cond: ((id >= 1487663) AND (id <= 1488662))
	  ->  Bitmap Index Scan on sbtest8_pkey  (cost=0.00..34.15 rows=971 width=0)
	        Index Cond: ((id >= 1487663) AND (id <= 1488662))

for: order_ranges
table 1 : explain SELECT c FROM sbtest1 WHERE id BETWEEN 4898093 AND 4899092 ORDER BY c
	Sort  (cost=3659.42..3661.75 rows=932 width=121)
	  Sort Key: c
	  ->  Bitmap Heap Scan on sbtest1  (cost=29.99..3613.45 rows=932 width=121)
	        Recheck Cond: ((id >= 4898093) AND (id <= 4899092))
	        ->  Bitmap Index Scan on sbtest1_pkey  (cost=0.00..29.75 rows=932 width=0)
	              Index Cond: ((id >= 4898093) AND (id <= 4899092))

table 2 : explain SELECT c FROM sbtest2 WHERE id BETWEEN 7738417 AND 7739416 ORDER BY c
	Sort  (cost=3782.70..3785.10 rows=963 width=121)
	  Sort Key: c
	  ->  Bitmap Heap Scan on sbtest2  (cost=34.31..3734.97 rows=963 width=121)
	        Recheck Cond: ((id >= 7738417) AND (id <= 7739416))
	        ->  Bitmap Index Scan on sbtest2_pkey  (cost=0.00..34.07 rows=963 width=0)
	              Index Cond: ((id >= 7738417) AND (id <= 7739416))

table 3 : explain SELECT c FROM sbtest3 WHERE id BETWEEN 1427482 AND 1428481 ORDER BY c
	Sort  (cost=4112.04..4114.67 rows=1049 width=121)
	  Sort Key: c
	  ->  Bitmap Heap Scan on sbtest3  (cost=35.19..4059.41 rows=1049 width=121)
	        Recheck Cond: ((id >= 1427482) AND (id <= 1428481))
	        ->  Bitmap Index Scan on sbtest3_pkey  (cost=0.00..34.93 rows=1049 width=0)
	              Index Cond: ((id >= 1427482) AND (id <= 1428481))

table 4 : explain SELECT c FROM sbtest4 WHERE id BETWEEN 1748388 AND 1749387 ORDER BY c
	Sort  (cost=3962.15..3964.67 rows=1008 width=121)
	  Sort Key: c
	  ->  Bitmap Heap Scan on sbtest4  (cost=34.77..3911.86 rows=1008 width=121)
	        Recheck Cond: ((id >= 1748388) AND (id <= 1749387))
	        ->  Bitmap Index Scan on sbtest4_pkey  (cost=0.00..34.52 rows=1008 width=0)
	              Index Cond: ((id >= 1748388) AND (id <= 1749387))

table 5 : explain SELECT c FROM sbtest5 WHERE id BETWEEN 5161252 AND 5162251 ORDER BY c
	Sort  (cost=4050.38..4052.95 rows=1031 width=121)
	  Sort Key: c
	  ->  Bitmap Heap Scan on sbtest5  (cost=35.00..3998.78 rows=1031 width=121)
	        Recheck Cond: ((id >= 5161252) AND (id <= 5162251))
	        ->  Bitmap Index Scan on sbtest5_pkey  (cost=0.00..34.75 rows=1031 width=0)
	              Index Cond: ((id >= 5161252) AND (id <= 5162251))

table 6 : explain SELECT c FROM sbtest6 WHERE id BETWEEN 2002532 AND 2003531 ORDER BY c
	Sort  (cost=4242.57..4245.28 rows=1083 width=121)
	  Sort Key: c
	  ->  Bitmap Heap Scan on sbtest6  (cost=35.54..4187.99 rows=1083 width=121)
	        Recheck Cond: ((id >= 2002532) AND (id <= 2003531))
	        ->  Bitmap Index Scan on sbtest6_pkey  (cost=0.00..35.27 rows=1083 width=0)
	              Index Cond: ((id >= 2002532) AND (id <= 2003531))

table 7 : explain SELECT c FROM sbtest7 WHERE id BETWEEN 757082 AND 758081 ORDER BY c
	Sort  (cost=3739.75..3742.13 rows=952 width=121)
	  Sort Key: c
	  ->  Bitmap Heap Scan on sbtest7  (cost=34.19..3692.65 rows=952 width=121)
	        Recheck Cond: ((id >= 757082) AND (id <= 758081))
	        ->  Bitmap Index Scan on sbtest7_pkey  (cost=0.00..33.95 rows=952 width=0)
	              Index Cond: ((id >= 757082) AND (id <= 758081))

table 8 : explain SELECT c FROM sbtest8 WHERE id BETWEEN 9691762 AND 9692761 ORDER BY c
	Sort  (cost=3878.30..3880.77 rows=988 width=121)
	  Sort Key: c
	  ->  Bitmap Heap Scan on sbtest8  (cost=34.56..3829.15 rows=988 width=121)
	        Recheck Cond: ((id >= 9691762) AND (id <= 9692761))
	        ->  Bitmap Index Scan on sbtest8_pkey  (cost=0.00..34.32 rows=988 width=0)
	              Index Cond: ((id >= 9691762) AND (id <= 9692761))

for point_selects
table 1 : explain SELECT c FROM sbtest1 WHERE id=4262565
	Index Scan using sbtest1_pkey on sbtest1  (cost=0.43..8.45 rows=1 width=121)
	  Index Cond: (id = 4262565)

table 2 : explain SELECT c FROM sbtest2 WHERE id=4408110
	Index Scan using sbtest2_pkey on sbtest2  (cost=0.43..8.45 rows=1 width=121)
	  Index Cond: (id = 4408110)

table 3 : explain SELECT c FROM sbtest3 WHERE id=9603283
	Index Scan using sbtest3_pkey on sbtest3  (cost=0.43..8.45 rows=1 width=121)
	  Index Cond: (id = 9603283)

table 4 : explain SELECT c FROM sbtest4 WHERE id=3933899
	Index Scan using sbtest4_pkey on sbtest4  (cost=0.43..8.45 rows=1 width=121)
	  Index Cond: (id = 3933899)

table 5 : explain SELECT c FROM sbtest5 WHERE id=9646734
	Index Scan using sbtest5_pkey on sbtest5  (cost=0.43..8.45 rows=1 width=121)
	  Index Cond: (id = 9646734)

table 6 : explain SELECT c FROM sbtest6 WHERE id=7592650
	Index Scan using sbtest6_pkey on sbtest6  (cost=0.43..8.45 rows=1 width=121)
	  Index Cond: (id = 7592650)

table 7 : explain SELECT c FROM sbtest7 WHERE id=533150
	Index Scan using sbtest7_pkey on sbtest7  (cost=0.43..8.45 rows=1 width=121)
	  Index Cond: (id = 533150)

table 8 : explain SELECT c FROM sbtest8 WHERE id=2809116
	Index Scan using sbtest8_pkey on sbtest8  (cost=0.43..8.45 rows=1 width=121)
	  Index Cond: (id = 2809116)

for: simple_ranges
table 1 : explain SELECT c FROM sbtest1 WHERE id BETWEEN 1738985 AND 1739984
	Bitmap Heap Scan on sbtest1  (cost=35.79..4276.34 rows=1108 width=121)
	  Recheck Cond: ((id >= 1738985) AND (id <= 1739984))
	  ->  Bitmap Index Scan on sbtest1_pkey  (cost=0.00..35.52 rows=1108 width=0)
	        Index Cond: ((id >= 1738985) AND (id <= 1739984))

table 2 : explain SELECT c FROM sbtest2 WHERE id BETWEEN 8507452 AND 8508451
	Bitmap Heap Scan on sbtest2  (cost=34.77..3904.63 rows=1008 width=121)
	  Recheck Cond: ((id >= 8507452) AND (id <= 8508451))
	  ->  Bitmap Index Scan on sbtest2_pkey  (cost=0.00..34.52 rows=1008 width=0)
	        Index Cond: ((id >= 8507452) AND (id <= 8508451))

table 3 : explain SELECT c FROM sbtest3 WHERE id BETWEEN 1099217 AND 1100216
	Bitmap Heap Scan on sbtest3  (cost=34.23..3708.94 rows=956 width=121)
	  Recheck Cond: ((id >= 1099217) AND (id <= 1100216))
	  ->  Bitmap Index Scan on sbtest3_pkey  (cost=0.00..34.00 rows=956 width=0)
	        Index Cond: ((id >= 1099217) AND (id <= 1100216))

table 4 : explain SELECT c FROM sbtest4 WHERE id BETWEEN 710855 AND 711854
	Bitmap Heap Scan on sbtest4  (cost=34.63..3862.74 rows=995 width=121)
	  Recheck Cond: ((id >= 710855) AND (id <= 711854))
	  ->  Bitmap Index Scan on sbtest4_pkey  (cost=0.00..34.39 rows=995 width=0)
	        Index Cond: ((id >= 710855) AND (id <= 711854))

table 5 : explain SELECT c FROM sbtest5 WHERE id BETWEEN 9205053 AND 9206052
	Bitmap Heap Scan on sbtest5  (cost=34.95..3979.90 rows=1026 width=121)
	  Recheck Cond: ((id >= 9205053) AND (id <= 9206052))
	  ->  Bitmap Index Scan on sbtest5_pkey  (cost=0.00..34.70 rows=1026 width=0)
	        Index Cond: ((id >= 9205053) AND (id <= 9206052))

table 6 : explain SELECT c FROM sbtest6 WHERE id BETWEEN 9501518 AND 9502517
	Bitmap Heap Scan on sbtest6  (cost=34.95..3973.50 rows=1026 width=121)
	  Recheck Cond: ((id >= 9501518) AND (id <= 9502517))
	  ->  Bitmap Index Scan on sbtest6_pkey  (cost=0.00..34.70 rows=1026 width=0)
	        Index Cond: ((id >= 9501518) AND (id <= 9502517))

table 7 : explain SELECT c FROM sbtest7 WHERE id BETWEEN 9726564 AND 9727563
	Bitmap Heap Scan on sbtest7  (cost=34.37..3756.77 rows=969 width=121)
	  Recheck Cond: ((id >= 9726564) AND (id <= 9727563))
	  ->  Bitmap Index Scan on sbtest7_pkey  (cost=0.00..34.12 rows=969 width=0)
	        Index Cond: ((id >= 9726564) AND (id <= 9727563))

table 8 : explain SELECT c FROM sbtest8 WHERE id BETWEEN 9869677 AND 9870676
	Bitmap Heap Scan on sbtest8  (cost=29.91..3583.63 rows=924 width=121)
	  Recheck Cond: ((id >= 9869677) AND (id <= 9870676))
	  ->  Bitmap Index Scan on sbtest8_pkey  (cost=0.00..29.68 rows=924 width=0)
	        Index Cond: ((id >= 9869677) AND (id <= 9870676))

explain: for point_selects :: explain SELECT c FROM sbtest%u WHERE id=%u
explain: for point_selects :: explain SELECT c FROM sbtest%u WHERE id=%u
explain: for point_selects :: explain SELECT c FROM sbtest%u WHERE id=%u
for: order_ranges
table 1 : explain SELECT c FROM sbtest1 WHERE id BETWEEN 9044598 AND 9045597 ORDER BY c
	Sort  (cost=3797.49..3799.91 rows=967 width=121)
	  Sort Key: c
	  ->  Bitmap Heap Scan on sbtest1  (cost=34.35..3749.54 rows=967 width=121)
	        Recheck Cond: ((id >= 9044598) AND (id <= 9045597))
	        ->  Bitmap Index Scan on sbtest1_pkey  (cost=0.00..34.11 rows=967 width=0)
	              Index Cond: ((id >= 9044598) AND (id <= 9045597))

table 2 : explain SELECT c FROM sbtest2 WHERE id BETWEEN 9244246 AND 9245245 ORDER BY c
	Sort  (cost=3870.75..3873.21 rows=986 width=121)
	  Sort Key: c
	  ->  Bitmap Heap Scan on sbtest2  (cost=34.54..3821.72 rows=986 width=121)
	        Recheck Cond: ((id >= 9244246) AND (id <= 9245245))
	        ->  Bitmap Index Scan on sbtest2_pkey  (cost=0.00..34.30 rows=986 width=0)
	              Index Cond: ((id >= 9244246) AND (id <= 9245245))

table 3 : explain SELECT c FROM sbtest3 WHERE id BETWEEN 856028 AND 857027 ORDER BY c
	Sort  (cost=3951.50..3954.02 rows=1007 width=121)
	  Sort Key: c
	  ->  Bitmap Heap Scan on sbtest3  (cost=34.76..3901.27 rows=1007 width=121)
	        Recheck Cond: ((id >= 856028) AND (id <= 857027))
	        ->  Bitmap Index Scan on sbtest3_pkey  (cost=0.00..34.51 rows=1007 width=0)
	              Index Cond: ((id >= 856028) AND (id <= 857027))

table 4 : explain SELECT c FROM sbtest4 WHERE id BETWEEN 4874314 AND 4875313 ORDER BY c
	Sort  (cost=3597.13..3599.42 rows=914 width=121)
	  Sort Key: c
	  ->  Bitmap Heap Scan on sbtest4  (cost=29.80..3552.18 rows=914 width=121)
	        Recheck Cond: ((id >= 4874314) AND (id <= 4875313))
	        ->  Bitmap Index Scan on sbtest4_pkey  (cost=0.00..29.57 rows=914 width=0)
	              Index Cond: ((id >= 4874314) AND (id <= 4875313))

table 5 : explain SELECT c FROM sbtest5 WHERE id BETWEEN 312097 AND 313096 ORDER BY c
	Sort  (cost=3985.21..3987.74 rows=1014 width=121)
	  Sort Key: c
	  ->  Bitmap Heap Scan on sbtest5  (cost=34.83..3934.58 rows=1014 width=121)
	        Recheck Cond: ((id >= 312097) AND (id <= 313096))
	        ->  Bitmap Index Scan on sbtest5_pkey  (cost=0.00..34.58 rows=1014 width=0)
	              Index Cond: ((id >= 312097) AND (id <= 313096))

table 6 : explain SELECT c FROM sbtest6 WHERE id BETWEEN 481722 AND 482721 ORDER BY c
	Sort  (cost=3890.91..3893.39 rows=991 width=121)
	  Sort Key: c
	  ->  Bitmap Heap Scan on sbtest6  (cost=34.59..3841.60 rows=991 width=121)
	        Recheck Cond: ((id >= 481722) AND (id <= 482721))
	        ->  Bitmap Index Scan on sbtest6_pkey  (cost=0.00..34.34 rows=991 width=0)
	              Index Cond: ((id >= 481722) AND (id <= 482721))

table 7 : explain SELECT c FROM sbtest7 WHERE id BETWEEN 7988876 AND 7989875 ORDER BY c
	Sort  (cost=3421.28..3423.45 rows=870 width=121)
	  Sort Key: c
	  ->  Bitmap Heap Scan on sbtest7  (cost=29.35..3378.80 rows=870 width=121)
	        Recheck Cond: ((id >= 7988876) AND (id <= 7989875))
	        ->  Bitmap Index Scan on sbtest7_pkey  (cost=0.00..29.14 rows=870 width=0)
	              Index Cond: ((id >= 7988876) AND (id <= 7989875))

table 8 : explain SELECT c FROM sbtest8 WHERE id BETWEEN 5449478 AND 5450477 ORDER BY c
	Sort  (cost=4027.44..4030.01 rows=1027 width=121)
	  Sort Key: c
	  ->  Bitmap Heap Scan on sbtest8  (cost=34.96..3976.07 rows=1027 width=121)
	        Recheck Cond: ((id >= 5449478) AND (id <= 5450477))
	        ->  Bitmap Index Scan on sbtest8_pkey  (cost=0.00..34.70 rows=1027 width=0)
	              Index Cond: ((id >= 5449478) AND (id <= 5450477))

for: simple_ranges
table 1 : explain SELECT c FROM sbtest1 WHERE id BETWEEN 8136554 AND 8137553
	Bitmap Heap Scan on sbtest1  (cost=34.46..3791.02 rows=978 width=121)
	  Recheck Cond: ((id >= 8136554) AND (id <= 8137553))
	  ->  Bitmap Index Scan on sbtest1_pkey  (cost=0.00..34.22 rows=978 width=0)
	        Index Cond: ((id >= 8136554) AND (id <= 8137553))

table 2 : explain SELECT c FROM sbtest2 WHERE id BETWEEN 14476 AND 15475
	Bitmap Heap Scan on sbtest2  (cost=29.69..3504.36 rows=903 width=121)
	  Recheck Cond: ((id >= 14476) AND (id <= 15475))
	  ->  Bitmap Index Scan on sbtest2_pkey  (cost=0.00..29.46 rows=903 width=0)
	        Index Cond: ((id >= 14476) AND (id <= 15475))

table 3 : explain SELECT c FROM sbtest3 WHERE id BETWEEN 406920 AND 407919
	Bitmap Heap Scan on sbtest3  (cost=34.18..3690.07 rows=951 width=121)
	  Recheck Cond: ((id >= 406920) AND (id <= 407919))
	  ->  Bitmap Index Scan on sbtest3_pkey  (cost=0.00..33.95 rows=951 width=0)
	        Index Cond: ((id >= 406920) AND (id <= 407919))

table 4 : explain SELECT c FROM sbtest4 WHERE id BETWEEN 5259701 AND 5260700
	Bitmap Heap Scan on sbtest4  (cost=34.35..3756.86 rows=967 width=121)
	  Recheck Cond: ((id >= 5259701) AND (id <= 5260700))
	  ->  Bitmap Index Scan on sbtest4_pkey  (cost=0.00..34.11 rows=967 width=0)
	        Index Cond: ((id >= 5259701) AND (id <= 5260700))

table 5 : explain SELECT c FROM sbtest5 WHERE id BETWEEN 5556569 AND 5557568
	Bitmap Heap Scan on sbtest5  (cost=34.92..3968.57 rows=1023 width=121)
	  Recheck Cond: ((id >= 5556569) AND (id <= 5557568))
	  ->  Bitmap Index Scan on sbtest5_pkey  (cost=0.00..34.67 rows=1023 width=0)
	        Index Cond: ((id >= 5556569) AND (id <= 5557568))

table 6 : explain SELECT c FROM sbtest6 WHERE id BETWEEN 7609642 AND 7610641
	Bitmap Heap Scan on sbtest6  (cost=35.42..4146.63 rows=1072 width=121)
	  Recheck Cond: ((id >= 7609642) AND (id <= 7610641))
	  ->  Bitmap Index Scan on sbtest6_pkey  (cost=0.00..35.16 rows=1072 width=0)
	        Index Cond: ((id >= 7609642) AND (id <= 7610641))

table 7 : explain SELECT c FROM sbtest7 WHERE id BETWEEN 3816474 AND 3817473
	Bitmap Heap Scan on sbtest7  (cost=33.95..3602.06 rows=928 width=121)
	  Recheck Cond: ((id >= 3816474) AND (id <= 3817473))
	  ->  Bitmap Index Scan on sbtest7_pkey  (cost=0.00..33.72 rows=928 width=0)
	        Index Cond: ((id >= 3816474) AND (id <= 3817473))

table 8 : explain SELECT c FROM sbtest8 WHERE id BETWEEN 2779718 AND 2780717
	Bitmap Heap Scan on sbtest8  (cost=29.85..3564.74 rows=919 width=121)
	  Recheck Cond: ((id >= 2779718) AND (id <= 2780717))
	  ->  Bitmap Index Scan on sbtest8_pkey  (cost=0.00..29.62 rows=919 width=0)
	        Index Cond: ((id >= 2779718) AND (id <= 2780717))

for: distinct_ranges
table 1 : explain SELECT DISTINCT c FROM sbtest1 WHERE id BETWEEN 9629329 AND 9630328 ORDER BY c
	Unique  (cost=4385.72..4391.33 rows=1122 width=121)
	  ->  Sort  (cost=4385.72..4388.52 rows=1122 width=121)
	        Sort Key: c
	        ->  Bitmap Heap Scan on sbtest1  (cost=35.94..4328.88 rows=1122 width=121)
	              Recheck Cond: ((id >= 9629329) AND (id <= 9630328))
	              ->  Bitmap Index Scan on sbtest1_pkey  (cost=0.00..35.66 rows=1122 width=0)
	                    Index Cond: ((id >= 9629329) AND (id <= 9630328))

table 2 : explain SELECT DISTINCT c FROM sbtest2 WHERE id BETWEEN 7886528 AND 7887527 ORDER BY c
	Unique  (cost=3916.66..3921.65 rows=998 width=121)
	  ->  Sort  (cost=3916.66..3919.16 rows=998 width=121)
	        Sort Key: c
	        ->  Bitmap Heap Scan on sbtest2  (cost=34.66..3866.95 rows=998 width=121)
	              Recheck Cond: ((id >= 7886528) AND (id <= 7887527))
	              ->  Bitmap Index Scan on sbtest2_pkey  (cost=0.00..34.42 rows=998 width=0)
	                    Index Cond: ((id >= 7886528) AND (id <= 7887527))

table 3 : explain SELECT DISTINCT c FROM sbtest3 WHERE id BETWEEN 9448920 AND 9449919 ORDER BY c
	Unique  (cost=4337.22..4342.76 rows=1108 width=121)
	  ->  Sort  (cost=4337.22..4339.99 rows=1108 width=121)
	        Sort Key: c
	        ->  Bitmap Heap Scan on sbtest3  (cost=35.79..4281.19 rows=1108 width=121)
	              Recheck Cond: ((id >= 9448920) AND (id <= 9449919))
	              ->  Bitmap Index Scan on sbtest3_pkey  (cost=0.00..35.52 rows=1108 width=0)
	                    Index Cond: ((id >= 9448920) AND (id <= 9449919))

table 4 : explain SELECT DISTINCT c FROM sbtest4 WHERE id BETWEEN 2399885 AND 2400884 ORDER BY c
	Unique  (cost=3839.37..3844.25 rows=976 width=121)
	  ->  Sort  (cost=3839.37..3841.81 rows=976 width=121)
	        Sort Key: c
	        ->  Bitmap Heap Scan on sbtest4  (cost=34.44..3790.90 rows=976 width=121)
	              Recheck Cond: ((id >= 2399885) AND (id <= 2400884))
	              ->  Bitmap Index Scan on sbtest4_pkey  (cost=0.00..34.20 rows=976 width=0)
	                    Index Cond: ((id >= 2399885) AND (id <= 2400884))

table 5 : explain SELECT DISTINCT c FROM sbtest5 WHERE id BETWEEN 3119347 AND 3120346 ORDER BY c
	Unique  (cost=3943.02..3948.04 rows=1003 width=121)
	  ->  Sort  (cost=3943.02..3945.53 rows=1003 width=121)
	        Sort Key: c
	        ->  Bitmap Heap Scan on sbtest5  (cost=34.72..3893.02 rows=1003 width=121)
	              Recheck Cond: ((id >= 3119347) AND (id <= 3120346))
	              ->  Bitmap Index Scan on sbtest5_pkey  (cost=0.00..34.47 rows=1003 width=0)
	                    Index Cond: ((id >= 3119347) AND (id <= 3120346))

table 6 : explain SELECT DISTINCT c FROM sbtest6 WHERE id BETWEEN 8325638 AND 8326637 ORDER BY c
	Unique  (cost=4070.69..4075.88 rows=1038 width=121)
	  ->  Sort  (cost=4070.69..4073.29 rows=1038 width=121)
	        Sort Key: c
	        ->  Bitmap Heap Scan on sbtest6  (cost=35.07..4018.69 rows=1038 width=121)
	              Recheck Cond: ((id >= 8325638) AND (id <= 8326637))
	              ->  Bitmap Index Scan on sbtest6_pkey  (cost=0.00..34.82 rows=1038 width=0)
	                    Index Cond: ((id >= 8325638) AND (id <= 8326637))

table 7 : explain SELECT DISTINCT c FROM sbtest7 WHERE id BETWEEN 1962260 AND 1963259 ORDER BY c
	Unique  (cost=3881.37..3886.31 rows=989 width=121)
	  ->  Sort  (cost=3881.37..3883.84 rows=989 width=121)
	        Sort Key: c
	        ->  Bitmap Heap Scan on sbtest7  (cost=34.57..3832.17 rows=989 width=121)
	              Recheck Cond: ((id >= 1962260) AND (id <= 1963259))
	              ->  Bitmap Index Scan on sbtest7_pkey  (cost=0.00..34.33 rows=989 width=0)
	                    Index Cond: ((id >= 1962260) AND (id <= 1963259))

table 8 : explain SELECT DISTINCT c FROM sbtest8 WHERE id BETWEEN 4580431 AND 4581430 ORDER BY c
	Unique  (cost=3717.48..3722.21 rows=946 width=121)
	  ->  Sort  (cost=3717.48..3719.84 rows=946 width=121)
	        Sort Key: c
	        ->  Bitmap Heap Scan on sbtest8  (cost=34.13..3670.72 rows=946 width=121)
	              Recheck Cond: ((id >= 4580431) AND (id <= 4581430))
	              ->  Bitmap Index Scan on sbtest8_pkey  (cost=0.00..33.90 rows=946 width=0)
	                    Index Cond: ((id >= 4580431) AND (id <= 4581430))

for: simple_ranges
table 1 : explain SELECT c FROM sbtest1 WHERE id BETWEEN 8320665 AND 8321664
	Bitmap Heap Scan on sbtest1  (cost=34.59..3840.02 rows=991 width=121)
	  Recheck Cond: ((id >= 8320665) AND (id <= 8321664))
	  ->  Bitmap Index Scan on sbtest1_pkey  (cost=0.00..34.34 rows=991 width=0)
	        Index Cond: ((id >= 8320665) AND (id <= 8321664))

table 2 : explain SELECT c FROM sbtest2 WHERE id BETWEEN 9542751 AND 9543750
	Bitmap Heap Scan on sbtest2  (cost=29.67..3496.79 rows=901 width=121)
	  Recheck Cond: ((id >= 9542751) AND (id <= 9543750))
	  ->  Bitmap Index Scan on sbtest2_pkey  (cost=0.00..29.44 rows=901 width=0)
	        Index Cond: ((id >= 9542751) AND (id <= 9543750))

table 3 : explain SELECT c FROM sbtest3 WHERE id BETWEEN 5343904 AND 5344903
	Bitmap Heap Scan on sbtest3  (cost=34.92..3961.54 rows=1023 width=121)
	  Recheck Cond: ((id >= 5343904) AND (id <= 5344903))
	  ->  Bitmap Index Scan on sbtest3_pkey  (cost=0.00..34.67 rows=1023 width=0)
	        Index Cond: ((id >= 5343904) AND (id <= 5344903))

table 4 : explain SELECT c FROM sbtest4 WHERE id BETWEEN 2529364 AND 2530363
	Bitmap Heap Scan on sbtest4  (cost=29.80..3552.18 rows=914 width=121)
	  Recheck Cond: ((id >= 2529364) AND (id <= 2530363))
	  ->  Bitmap Index Scan on sbtest4_pkey  (cost=0.00..29.57 rows=914 width=0)
	        Index Cond: ((id >= 2529364) AND (id <= 2530363))

table 5 : explain SELECT c FROM sbtest5 WHERE id BETWEEN 926332 AND 927331
	Bitmap Heap Scan on sbtest5  (cost=35.18..4062.94 rows=1048 width=121)
	  Recheck Cond: ((id >= 926332) AND (id <= 927331))
	  ->  Bitmap Index Scan on sbtest5_pkey  (cost=0.00..34.92 rows=1048 width=0)
	        Index Cond: ((id >= 926332) AND (id <= 927331))

table 6 : explain SELECT c FROM sbtest6 WHERE id BETWEEN 1823533 AND 1824532
	Bitmap Heap Scan on sbtest6  (cost=35.18..4056.33 rows=1048 width=121)
	  Recheck Cond: ((id >= 1823533) AND (id <= 1824532))
	  ->  Bitmap Index Scan on sbtest6_pkey  (cost=0.00..34.92 rows=1048 width=0)
	        Index Cond: ((id >= 1823533) AND (id <= 1824532))

table 7 : explain SELECT c FROM sbtest7 WHERE id BETWEEN 8651217 AND 8652216
	Bitmap Heap Scan on sbtest7  (cost=29.32..3367.44 rows=867 width=121)
	  Recheck Cond: ((id >= 8651217) AND (id <= 8652216))
	  ->  Bitmap Index Scan on sbtest7_pkey  (cost=0.00..29.11 rows=867 width=0)
	        Index Cond: ((id >= 8651217) AND (id <= 8652216))

table 8 : explain SELECT c FROM sbtest8 WHERE id BETWEEN 7955002 AND 7956001
	Bitmap Heap Scan on sbtest8  (cost=29.84..3560.96 rows=918 width=121)
	  Recheck Cond: ((id >= 7955002) AND (id <= 7956001))
	  ->  Bitmap Index Scan on sbtest8_pkey  (cost=0.00..29.61 rows=918 width=0)
	        Index Cond: ((id >= 7955002) AND (id <= 7956001))

for: sum_ranges
table 1 : explain SELECT SUM(k) FROM sbtest1 WHERE id BETWEEN 4468029 AND 4469028
	Aggregate  (cost=3831.18..3831.19 rows=1 width=8)
	  ->  Bitmap Heap Scan on sbtest1  (cost=34.56..3828.71 rows=988 width=4)
	        Recheck Cond: ((id >= 4468029) AND (id <= 4469028))
	        ->  Bitmap Index Scan on sbtest1_pkey  (cost=0.00..34.32 rows=988 width=0)
	              Index Cond: ((id >= 4468029) AND (id <= 4469028))

table 2 : explain SELECT SUM(k) FROM sbtest2 WHERE id BETWEEN 6949580 AND 6950579
	Aggregate  (cost=3861.90..3861.91 rows=1 width=8)
	  ->  Bitmap Heap Scan on sbtest2  (cost=34.64..3859.41 rows=996 width=4)
	        Recheck Cond: ((id >= 6949580) AND (id <= 6950579))
	        ->  Bitmap Index Scan on sbtest2_pkey  (cost=0.00..34.40 rows=996 width=0)
	              Index Cond: ((id >= 6949580) AND (id <= 6950579))

table 3 : explain SELECT SUM(k) FROM sbtest3 WHERE id BETWEEN 3330292 AND 3331291
	Aggregate  (cost=3620.64..3620.65 rows=1 width=8)
	  ->  Bitmap Heap Scan on sbtest3  (cost=33.99..3618.31 rows=932 width=4)
	        Recheck Cond: ((id >= 3330292) AND (id <= 3331291))
	        ->  Bitmap Index Scan on sbtest3_pkey  (cost=0.00..33.76 rows=932 width=0)
	              Index Cond: ((id >= 3330292) AND (id <= 3331291))

table 4 : explain SELECT SUM(k) FROM sbtest4 WHERE id BETWEEN 7794352 AND 7795351
	Aggregate  (cost=3887.92..3887.93 rows=1 width=8)
	  ->  Bitmap Heap Scan on sbtest4  (cost=34.70..3885.41 rows=1001 width=4)
	        Recheck Cond: ((id >= 7794352) AND (id <= 7795351))
	        ->  Bitmap Index Scan on sbtest4_pkey  (cost=0.00..34.45 rows=1001 width=0)
	              Index Cond: ((id >= 7794352) AND (id <= 7795351))

table 5 : explain SELECT SUM(k) FROM sbtest5 WHERE id BETWEEN 7883833 AND 7884832
	Aggregate  (cost=3997.58..3997.59 rows=1 width=8)
	  ->  Bitmap Heap Scan on sbtest5  (cost=34.99..3995.00 rows=1030 width=4)
	        Recheck Cond: ((id >= 7883833) AND (id <= 7884832))
	        ->  Bitmap Index Scan on sbtest5_pkey  (cost=0.00..34.73 rows=1030 width=0)
	              Index Cond: ((id >= 7883833) AND (id <= 7884832))

table 6 : explain SELECT SUM(k) FROM sbtest6 WHERE id BETWEEN 5144352 AND 5145351
	Aggregate  (cost=3753.48..3753.49 rows=1 width=8)
	  ->  Bitmap Heap Scan on sbtest6  (cost=34.35..3751.06 rows=967 width=4)
	        Recheck Cond: ((id >= 5144352) AND (id <= 5145351))
	        ->  Bitmap Index Scan on sbtest6_pkey  (cost=0.00..34.11 rows=967 width=0)
	              Index Cond: ((id >= 5144352) AND (id <= 5145351))

table 7 : explain SELECT SUM(k) FROM sbtest7 WHERE id BETWEEN 2899380 AND 2900379
	Aggregate  (cost=4203.56..4203.57 rows=1 width=8)
	  ->  Bitmap Heap Scan on sbtest7  (cost=35.58..4200.85 rows=1087 width=4)
	        Recheck Cond: ((id >= 2899380) AND (id <= 2900379))
	        ->  Bitmap Index Scan on sbtest7_pkey  (cost=0.00..35.31 rows=1087 width=0)
	              Index Cond: ((id >= 2899380) AND (id <= 2900379))

table 8 : explain SELECT SUM(k) FROM sbtest8 WHERE id BETWEEN 778107 AND 779106
	Aggregate  (cost=3775.03..3775.04 rows=1 width=8)
	  ->  Bitmap Heap Scan on sbtest8  (cost=34.41..3772.60 rows=973 width=4)
	        Recheck Cond: ((id >= 778107) AND (id <= 779106))
	        ->  Bitmap Index Scan on sbtest8_pkey  (cost=0.00..34.17 rows=973 width=0)
	              Index Cond: ((id >= 778107) AND (id <= 779106))

explain: for point_selects :: explain SELECT c FROM sbtest%u WHERE id=%u
for: sum_ranges
table 1 : explain SELECT SUM(k) FROM sbtest1 WHERE id BETWEEN 3065925 AND 3066924
	Aggregate  (cost=3664.89..3664.90 rows=1 width=8)
	  ->  Bitmap Heap Scan on sbtest1  (cost=30.12..3662.53 rows=945 width=4)
	        Recheck Cond: ((id >= 3065925) AND (id <= 3066924))
	        ->  Bitmap Index Scan on sbtest1_pkey  (cost=0.00..29.89 rows=945 width=0)
	              Index Cond: ((id >= 3065925) AND (id <= 3066924))

table 2 : explain SELECT SUM(k) FROM sbtest2 WHERE id BETWEEN 745405 AND 746404
	Aggregate  (cost=3642.95..3642.96 rows=1 width=8)
	  ->  Bitmap Heap Scan on sbtest2  (cost=34.05..3640.61 rows=938 width=4)
	        Recheck Cond: ((id >= 745405) AND (id <= 746404))
	        ->  Bitmap Index Scan on sbtest2_pkey  (cost=0.00..33.82 rows=938 width=0)
	              Index Cond: ((id >= 745405) AND (id <= 746404))

table 3 : explain SELECT SUM(k) FROM sbtest3 WHERE id BETWEEN 5028322 AND 5029321
	Aggregate  (cost=4013.08..4013.09 rows=1 width=8)
	  ->  Bitmap Heap Scan on sbtest3  (cost=35.05..4010.49 rows=1036 width=4)
	        Recheck Cond: ((id >= 5028322) AND (id <= 5029321))
	        ->  Bitmap Index Scan on sbtest3_pkey  (cost=0.00..34.80 rows=1036 width=0)
	              Index Cond: ((id >= 5028322) AND (id <= 5029321))

table 4 : explain SELECT SUM(k) FROM sbtest4 WHERE id BETWEEN 563946 AND 564945
	Aggregate  (cost=3797.13..3797.14 rows=1 width=8)
	  ->  Bitmap Heap Scan on sbtest4  (cost=34.45..3794.69 rows=977 width=4)
	        Recheck Cond: ((id >= 563946) AND (id <= 564945))
	        ->  Bitmap Index Scan on sbtest4_pkey  (cost=0.00..34.20 rows=977 width=0)
	              Index Cond: ((id >= 563946) AND (id <= 564945))

table 5 : explain SELECT SUM(k) FROM sbtest5 WHERE id BETWEEN 8087550 AND 8088549
	Aggregate  (cost=3800.96..3800.97 rows=1 width=8)
	  ->  Bitmap Heap Scan on sbtest5  (cost=34.46..3798.52 rows=978 width=4)
	        Recheck Cond: ((id >= 8087550) AND (id <= 8088549))
	        ->  Bitmap Index Scan on sbtest5_pkey  (cost=0.00..34.22 rows=978 width=0)
	              Index Cond: ((id >= 8087550) AND (id <= 8088549))

table 6 : explain SELECT SUM(k) FROM sbtest6 WHERE id BETWEEN 7448770 AND 7449769
	Aggregate  (cost=3828.98..3828.99 rows=1 width=8)
	  ->  Bitmap Heap Scan on sbtest6  (cost=34.55..3826.51 rows=987 width=4)
	        Recheck Cond: ((id >= 7448770) AND (id <= 7449769))
	        ->  Bitmap Index Scan on sbtest6_pkey  (cost=0.00..34.31 rows=987 width=0)
	              Index Cond: ((id >= 7448770) AND (id <= 7449769))

table 7 : explain SELECT SUM(k) FROM sbtest7 WHERE id BETWEEN 6216886 AND 6217885
	Aggregate  (cost=3883.65..3883.66 rows=1 width=8)
	  ->  Bitmap Heap Scan on sbtest7  (cost=34.71..3881.14 rows=1002 width=4)
	        Recheck Cond: ((id >= 6216886) AND (id <= 6217885))
	        ->  Bitmap Index Scan on sbtest7_pkey  (cost=0.00..34.45 rows=1002 width=0)
	              Index Cond: ((id >= 6216886) AND (id <= 6217885))

table 8 : explain SELECT SUM(k) FROM sbtest8 WHERE id BETWEEN 3632658 AND 3633657
	Aggregate  (cost=3820.31..3820.32 rows=1 width=8)
	  ->  Bitmap Heap Scan on sbtest8  (cost=34.53..3817.84 rows=985 width=4)
	        Recheck Cond: ((id >= 3632658) AND (id <= 3633657))
	        ->  Bitmap Index Scan on sbtest8_pkey  (cost=0.00..34.29 rows=985 width=0)
	              Index Cond: ((id >= 3632658) AND (id <= 3633657))

for: distinct_ranges
table 1 : explain SELECT DISTINCT c FROM sbtest1 WHERE id BETWEEN 2851265 AND 2852264 ORDER BY c
	Unique  (cost=3659.42..3664.08 rows=932 width=121)
	  ->  Sort  (cost=3659.42..3661.75 rows=932 width=121)
	        Sort Key: c
	        ->  Bitmap Heap Scan on sbtest1  (cost=29.99..3613.45 rows=932 width=121)
	              Recheck Cond: ((id >= 2851265) AND (id <= 2852264))
	              ->  Bitmap Index Scan on sbtest1_pkey  (cost=0.00..29.75 rows=932 width=0)
	                    Index Cond: ((id >= 2851265) AND (id <= 2852264))

table 2 : explain SELECT DISTINCT c FROM sbtest2 WHERE id BETWEEN 846578 AND 847577 ORDER BY c
	Unique  (cost=4348.26..4353.82 rows=1112 width=121)
	  ->  Sort  (cost=4348.26..4351.04 rows=1112 width=121)
	        Sort Key: c
	        ->  Bitmap Heap Scan on sbtest2  (cost=35.83..4292.00 rows=1112 width=121)
	              Recheck Cond: ((id >= 846578) AND (id <= 847577))
	              ->  Bitmap Index Scan on sbtest2_pkey  (cost=0.00..35.56 rows=1112 width=0)
	                    Index Cond: ((id >= 846578) AND (id <= 847577))

table 3 : explain SELECT DISTINCT c FROM sbtest3 WHERE id BETWEEN 877719 AND 878718 ORDER BY c
	Unique  (cost=3951.50..3956.53 rows=1007 width=121)
	  ->  Sort  (cost=3951.50..3954.02 rows=1007 width=121)
	        Sort Key: c
	        ->  Bitmap Heap Scan on sbtest3  (cost=34.76..3901.27 rows=1007 width=121)
	              Recheck Cond: ((id >= 877719) AND (id <= 878718))
	              ->  Bitmap Index Scan on sbtest3_pkey  (cost=0.00..34.51 rows=1007 width=0)
	                    Index Cond: ((id >= 877719) AND (id <= 878718))

table 4 : explain SELECT DISTINCT c FROM sbtest4 WHERE id BETWEEN 2965908 AND 2966907 ORDER BY c
	Unique  (cost=3931.46..3936.46 rows=1000 width=121)
	  ->  Sort  (cost=3931.46..3933.96 rows=1000 width=121)
	        Sort Key: c
	        ->  Bitmap Heap Scan on sbtest4  (cost=34.69..3881.63 rows=1000 width=121)
	              Recheck Cond: ((id >= 2965908) AND (id <= 2966907))
	              ->  Bitmap Index Scan on sbtest4_pkey  (cost=0.00..34.44 rows=1000 width=0)
	                    Index Cond: ((id >= 2965908) AND (id <= 2966907))

table 5 : explain SELECT DISTINCT c FROM sbtest5 WHERE id BETWEEN 9743275 AND 9744274 ORDER BY c
	Unique  (cost=3527.93..3532.41 rows=896 width=121)
	  ->  Sort  (cost=3527.93..3530.17 rows=896 width=121)
	        Sort Key: c
	        ->  Bitmap Heap Scan on sbtest5  (cost=29.62..3483.99 rows=896 width=121)
	              Recheck Cond: ((id >= 9743275) AND (id <= 9744274))
	              ->  Bitmap Index Scan on sbtest5_pkey  (cost=0.00..29.39 rows=896 width=0)
	                    Index Cond: ((id >= 9743275) AND (id <= 9744274))

table 6 : explain SELECT DISTINCT c FROM sbtest6 WHERE id BETWEEN 1799820 AND 1800819 ORDER BY c
	Unique  (cost=4108.91..4114.15 rows=1048 width=121)
	  ->  Sort  (cost=4108.91..4111.53 rows=1048 width=121)
	        Sort Key: c
	        ->  Bitmap Heap Scan on sbtest6  (cost=35.18..4056.33 rows=1048 width=121)
	              Recheck Cond: ((id >= 1799820) AND (id <= 1800819))
	              ->  Bitmap Index Scan on sbtest6_pkey  (cost=0.00..34.92 rows=1048 width=0)
	                    Index Cond: ((id >= 1799820) AND (id <= 1800819))

table 7 : explain SELECT DISTINCT c FROM sbtest7 WHERE id BETWEEN 5416507 AND 5417506 ORDER BY c
	Unique  (cost=3885.19..3890.14 rows=990 width=121)
	  ->  Sort  (cost=3885.19..3887.67 rows=990 width=121)
	        Sort Key: c
	        ->  Bitmap Heap Scan on sbtest7  (cost=34.58..3835.93 rows=990 width=121)
	              Recheck Cond: ((id >= 5416507) AND (id <= 5417506))
	              ->  Bitmap Index Scan on sbtest7_pkey  (cost=0.00..34.34 rows=990 width=0)
	                    Index Cond: ((id >= 5416507) AND (id <= 5417506))

table 8 : explain SELECT DISTINCT c FROM sbtest8 WHERE id BETWEEN 6989351 AND 6990350 ORDER BY c
	Unique  (cost=3567.78..3572.32 rows=908 width=121)
	  ->  Sort  (cost=3567.78..3570.05 rows=908 width=121)
	        Sort Key: c
	        ->  Bitmap Heap Scan on sbtest8  (cost=29.74..3523.17 rows=908 width=121)
	              Recheck Cond: ((id >= 6989351) AND (id <= 6990350))
	              ->  Bitmap Index Scan on sbtest8_pkey  (cost=0.00..29.51 rows=908 width=0)
	                    Index Cond: ((id >= 6989351) AND (id <= 6990350))

explain: for point_selects :: explain SELECT c FROM sbtest%u WHERE id=%u
for: sum_ranges
table 1 : explain SELECT SUM(k) FROM sbtest1 WHERE id BETWEEN 7868674 AND 7869673
	Aggregate  (cost=3517.48..3517.49 rows=1 width=8)
	  ->  Bitmap Heap Scan on sbtest1  (cost=29.72..3515.22 rows=906 width=4)
	        Recheck Cond: ((id >= 7868674) AND (id <= 7869673))
	        ->  Bitmap Index Scan on sbtest1_pkey  (cost=0.00..29.50 rows=906 width=0)
	              Index Cond: ((id >= 7868674) AND (id <= 7869673))

table 2 : explain SELECT SUM(k) FROM sbtest2 WHERE id BETWEEN 163248 AND 164247
	Aggregate  (cost=3892.07..3892.08 rows=1 width=8)
	  ->  Bitmap Heap Scan on sbtest2  (cost=34.73..3889.56 rows=1004 width=4)
	        Recheck Cond: ((id >= 163248) AND (id <= 164247))
	        ->  Bitmap Index Scan on sbtest2_pkey  (cost=0.00..34.48 rows=1004 width=0)
	              Index Cond: ((id >= 163248) AND (id <= 164247))

table 3 : explain SELECT SUM(k) FROM sbtest3 WHERE id BETWEEN 7651370 AND 7652369
	Aggregate  (cost=4077.09..4077.10 rows=1 width=8)
	  ->  Bitmap Heap Scan on sbtest3  (cost=35.23..4074.46 rows=1053 width=4)
	        Recheck Cond: ((id >= 7651370) AND (id <= 7652369))
	        ->  Bitmap Index Scan on sbtest3_pkey  (cost=0.00..34.97 rows=1053 width=0)
	              Index Cond: ((id >= 7651370) AND (id <= 7652369))

table 4 : explain SELECT SUM(k) FROM sbtest4 WHERE id BETWEEN 9040574 AND 9041573
	Aggregate  (cost=4031.52..4031.53 rows=1 width=8)
	  ->  Bitmap Heap Scan on sbtest4  (cost=35.08..4028.92 rows=1039 width=4)
	        Recheck Cond: ((id >= 9040574) AND (id <= 9041573))
	        ->  Bitmap Index Scan on sbtest4_pkey  (cost=0.00..34.83 rows=1039 width=0)
	              Index Cond: ((id >= 9040574) AND (id <= 9041573))

table 5 : explain SELECT SUM(k) FROM sbtest5 WHERE id BETWEEN 5713031 AND 5714030
	Aggregate  (cost=4039.12..4039.13 rows=1 width=8)
	  ->  Bitmap Heap Scan on sbtest5  (cost=35.11..4036.52 rows=1041 width=4)
	        Recheck Cond: ((id >= 5713031) AND (id <= 5714030))
	        ->  Bitmap Index Scan on sbtest5_pkey  (cost=0.00..34.84 rows=1041 width=0)
	              Index Cond: ((id >= 5713031) AND (id <= 5714030))

table 6 : explain SELECT SUM(k) FROM sbtest6 WHERE id BETWEEN 8430376 AND 8431375
	Aggregate  (cost=3628.78..3628.79 rows=1 width=8)
	  ->  Bitmap Heap Scan on sbtest6  (cost=34.01..3626.44 rows=934 width=4)
	        Recheck Cond: ((id >= 8430376) AND (id <= 8431375))
	        ->  Bitmap Index Scan on sbtest6_pkey  (cost=0.00..33.78 rows=934 width=0)
	              Index Cond: ((id >= 8430376) AND (id <= 8431375))

table 7 : explain SELECT SUM(k) FROM sbtest7 WHERE id BETWEEN 2762388 AND 2763387
	Aggregate  (cost=3796.92..3796.93 rows=1 width=8)
	  ->  Bitmap Heap Scan on sbtest7  (cost=34.47..3794.48 rows=979 width=4)
	        Recheck Cond: ((id >= 2762388) AND (id <= 2763387))
	        ->  Bitmap Index Scan on sbtest7_pkey  (cost=0.00..34.23 rows=979 width=0)
	              Index Cond: ((id >= 2762388) AND (id <= 2763387))

table 8 : explain SELECT SUM(k) FROM sbtest8 WHERE id BETWEEN 9287064 AND 9288063
	Aggregate  (cost=3756.16..3756.17 rows=1 width=8)
	  ->  Bitmap Heap Scan on sbtest8  (cost=34.36..3753.74 rows=968 width=4)
	        Recheck Cond: ((id >= 9287064) AND (id <= 9288063))
	        ->  Bitmap Index Scan on sbtest8_pkey  (cost=0.00..34.12 rows=968 width=0)
	              Index Cond: ((id >= 9287064) AND (id <= 9288063))

for: sum_ranges
table 1 : explain SELECT SUM(k) FROM sbtest1 WHERE id BETWEEN 2620074 AND 2621073
	Aggregate  (cost=3948.03..3948.04 rows=1 width=8)
	  ->  Bitmap Heap Scan on sbtest1  (cost=34.88..3945.49 rows=1019 width=4)
	        Recheck Cond: ((id >= 2620074) AND (id <= 2621073))
	        ->  Bitmap Index Scan on sbtest1_pkey  (cost=0.00..34.62 rows=1019 width=0)
	              Index Cond: ((id >= 2620074) AND (id <= 2621073))

table 2 : explain SELECT SUM(k) FROM sbtest2 WHERE id BETWEEN 5669857 AND 5670856
	Aggregate  (cost=4072.89..4072.90 rows=1 width=8)
	  ->  Bitmap Heap Scan on sbtest2  (cost=35.22..4070.26 rows=1052 width=4)
	        Recheck Cond: ((id >= 5669857) AND (id <= 5670856))
	        ->  Bitmap Index Scan on sbtest2_pkey  (cost=0.00..34.95 rows=1052 width=0)
	              Index Cond: ((id >= 5669857) AND (id <= 5670856))

table 3 : explain SELECT SUM(k) FROM sbtest3 WHERE id BETWEEN 724062 AND 725061
	Aggregate  (cost=3571.27..3571.28 rows=1 width=8)
	  ->  Bitmap Heap Scan on sbtest3  (cost=29.87..3568.97 rows=920 width=4)
	        Recheck Cond: ((id >= 724062) AND (id <= 725061))
	        ->  Bitmap Index Scan on sbtest3_pkey  (cost=0.00..29.64 rows=920 width=0)
	              Index Cond: ((id >= 724062) AND (id <= 725061))

table 4 : explain SELECT SUM(k) FROM sbtest4 WHERE id BETWEEN 4829169 AND 4830168
	Aggregate  (cost=3554.47..3554.48 rows=1 width=8)
	  ->  Bitmap Heap Scan on sbtest4  (cost=29.80..3552.18 rows=914 width=4)
	        Recheck Cond: ((id >= 4829169) AND (id <= 4830168))
	        ->  Bitmap Index Scan on sbtest4_pkey  (cost=0.00..29.57 rows=914 width=0)
	              Index Cond: ((id >= 4829169) AND (id <= 4830168))

table 5 : explain SELECT SUM(k) FROM sbtest5 WHERE id BETWEEN 5790406 AND 5791405
	Aggregate  (cost=3626.75..3626.76 rows=1 width=8)
	  ->  Bitmap Heap Scan on sbtest5  (cost=33.99..3624.42 rows=932 width=4)
	        Recheck Cond: ((id >= 5790406) AND (id <= 5791405))
	        ->  Bitmap Index Scan on sbtest5_pkey  (cost=0.00..33.76 rows=932 width=0)
	              Index Cond: ((id >= 5790406) AND (id <= 5791405))

table 6 : explain SELECT SUM(k) FROM sbtest6 WHERE id BETWEEN 5991692 AND 5992691
	Aggregate  (cost=3810.11..3810.12 rows=1 width=8)
	  ->  Bitmap Heap Scan on sbtest6  (cost=34.50..3807.65 rows=982 width=4)
	        Recheck Cond: ((id >= 5991692) AND (id <= 5992691))
	        ->  Bitmap Index Scan on sbtest6_pkey  (cost=0.00..34.26 rows=982 width=0)
	              Index Cond: ((id >= 5991692) AND (id <= 5992691))

table 7 : explain SELECT SUM(k) FROM sbtest7 WHERE id BETWEEN 7340779 AND 7341778
	Aggregate  (cost=3808.24..3808.25 rows=1 width=8)
	  ->  Bitmap Heap Scan on sbtest7  (cost=34.50..3805.79 rows=982 width=4)
	        Recheck Cond: ((id >= 7340779) AND (id <= 7341778))
	        ->  Bitmap Index Scan on sbtest7_pkey  (cost=0.00..34.26 rows=982 width=0)
	              Index Cond: ((id >= 7340779) AND (id <= 7341778))

table 8 : explain SELECT SUM(k) FROM sbtest8 WHERE id BETWEEN 642600 AND 643599
	Aggregate  (cost=4294.90..4294.91 rows=1 width=8)
	  ->  Bitmap Heap Scan on sbtest8  (cost=39.82..4292.12 rows=1111 width=4)
	        Recheck Cond: ((id >= 642600) AND (id <= 643599))
	        ->  Bitmap Index Scan on sbtest8_pkey  (cost=0.00..39.55 rows=1111 width=0)
	              Index Cond: ((id >= 642600) AND (id <= 643599))

for: order_ranges
table 1 : explain SELECT c FROM sbtest1 WHERE id BETWEEN 4176241 AND 4177240 ORDER BY c
	Sort  (cost=3912.29..3914.78 rows=997 width=121)
	  Sort Key: c
	  ->  Bitmap Heap Scan on sbtest1  (cost=34.65..3862.63 rows=997 width=121)
	        Recheck Cond: ((id >= 4176241) AND (id <= 4177240))
	        ->  Bitmap Index Scan on sbtest1_pkey  (cost=0.00..34.41 rows=997 width=0)
	              Index Cond: ((id >= 4176241) AND (id <= 4177240))

table 2 : explain SELECT c FROM sbtest2 WHERE id BETWEEN 5541717 AND 5542716 ORDER BY c
	Sort  (cost=4012.26..4014.82 rows=1023 width=121)
	  Sort Key: c
	  ->  Bitmap Heap Scan on sbtest2  (cost=34.92..3961.12 rows=1023 width=121)
	        Recheck Cond: ((id >= 5541717) AND (id <= 5542716))
	        ->  Bitmap Index Scan on sbtest2_pkey  (cost=0.00..34.67 rows=1023 width=0)
	              Index Cond: ((id >= 5541717) AND (id <= 5542716))

table 3 : explain SELECT c FROM sbtest3 WHERE id BETWEEN 7255815 AND 7256814 ORDER BY c
	Sort  (cost=3917.07..3919.56 rows=998 width=121)
	  Sort Key: c
	  ->  Bitmap Heap Scan on sbtest3  (cost=34.66..3867.36 rows=998 width=121)
	        Recheck Cond: ((id >= 7255815) AND (id <= 7256814))
	        ->  Bitmap Index Scan on sbtest3_pkey  (cost=0.00..34.42 rows=998 width=0)
	              Index Cond: ((id >= 7255815) AND (id <= 7256814))

table 4 : explain SELECT c FROM sbtest4 WHERE id BETWEEN 5239234 AND 5240233 ORDER BY c
	Sort  (cost=3804.81..3807.23 rows=967 width=121)
	  Sort Key: c
	  ->  Bitmap Heap Scan on sbtest4  (cost=34.35..3756.86 rows=967 width=121)
	        Recheck Cond: ((id >= 5239234) AND (id <= 5240233))
	        ->  Bitmap Index Scan on sbtest4_pkey  (cost=0.00..34.11 rows=967 width=0)
	              Index Cond: ((id >= 5239234) AND (id <= 5240233))

table 5 : explain SELECT c FROM sbtest5 WHERE id BETWEEN 6272557 AND 6273556 ORDER BY c
	Sort  (cost=3551.02..3553.27 rows=902 width=121)
	  Sort Key: c
	  ->  Bitmap Heap Scan on sbtest5  (cost=29.68..3506.74 rows=902 width=121)
	        Recheck Cond: ((id >= 6272557) AND (id <= 6273556))
	        ->  Bitmap Index Scan on sbtest5_pkey  (cost=0.00..29.45 rows=902 width=0)
	              Index Cond: ((id >= 6272557) AND (id <= 6273556))

table 6 : explain SELECT c FROM sbtest6 WHERE id BETWEEN 5781047 AND 5782046 ORDER BY c
	Sort  (cost=3940.66..3943.17 rows=1004 width=121)
	  Sort Key: c
	  ->  Bitmap Heap Scan on sbtest6  (cost=34.73..3890.61 rows=1004 width=121)
	        Recheck Cond: ((id >= 5781047) AND (id <= 5782046))
	        ->  Bitmap Index Scan on sbtest6_pkey  (cost=0.00..34.48 rows=1004 width=0)
	              Index Cond: ((id >= 5781047) AND (id <= 5782046))

table 7 : explain SELECT c FROM sbtest7 WHERE id BETWEEN 9982129 AND 9983128 ORDER BY c
	Sort  (cost=3896.67..3899.15 rows=993 width=121)
	  Sort Key: c
	  ->  Bitmap Heap Scan on sbtest7  (cost=34.61..3847.24 rows=993 width=121)
	        Recheck Cond: ((id >= 9982129) AND (id <= 9983128))
	        ->  Bitmap Index Scan on sbtest7_pkey  (cost=0.00..34.37 rows=993 width=0)
	              Index Cond: ((id >= 9982129) AND (id <= 9983128))

table 8 : explain SELECT c FROM sbtest8 WHERE id BETWEEN 8101635 AND 8102634 ORDER BY c
	Sort  (cost=4008.33..4010.89 rows=1022 width=121)
	  Sort Key: c
	  ->  Bitmap Heap Scan on sbtest8  (cost=34.91..3957.25 rows=1022 width=121)
	        Recheck Cond: ((id >= 8101635) AND (id <= 8102634))
	        ->  Bitmap Index Scan on sbtest8_pkey  (cost=0.00..34.66 rows=1022 width=0)
	              Index Cond: ((id >= 8101635) AND (id <= 8102634))

for point_selects
table 1 : explain SELECT c FROM sbtest1 WHERE id=3463735
	Index Scan using sbtest1_pkey on sbtest1  (cost=0.43..8.45 rows=1 width=121)
	  Index Cond: (id = 3463735)

table 2 : explain SELECT c FROM sbtest2 WHERE id=2830231
	Index Scan using sbtest2_pkey on sbtest2  (cost=0.43..8.45 rows=1 width=121)
	  Index Cond: (id = 2830231)

table 3 : explain SELECT c FROM sbtest3 WHERE id=9318186
	Index Scan using sbtest3_pkey on sbtest3  (cost=0.43..8.45 rows=1 width=121)
	  Index Cond: (id = 9318186)

table 4 : explain SELECT c FROM sbtest4 WHERE id=1065807
	Index Scan using sbtest4_pkey on sbtest4  (cost=0.43..8.45 rows=1 width=121)
	  Index Cond: (id = 1065807)

table 5 : explain SELECT c FROM sbtest5 WHERE id=8113714
	Index Scan using sbtest5_pkey on sbtest5  (cost=0.43..8.45 rows=1 width=121)
	  Index Cond: (id = 8113714)

table 6 : explain SELECT c FROM sbtest6 WHERE id=8720524
	Index Scan using sbtest6_pkey on sbtest6  (cost=0.43..8.45 rows=1 width=121)
	  Index Cond: (id = 8720524)

table 7 : explain SELECT c FROM sbtest7 WHERE id=7157980
	Index Scan using sbtest7_pkey on sbtest7  (cost=0.43..8.45 rows=1 width=121)
	  Index Cond: (id = 7157980)

table 8 : explain SELECT c FROM sbtest8 WHERE id=1395678
	Index Scan using sbtest8_pkey on sbtest8  (cost=0.43..8.45 rows=1 width=121)
	  Index Cond: (id = 1395678)

for point_selects
table 1 : explain SELECT c FROM sbtest1 WHERE id=8940206
	Index Scan using sbtest1_pkey on sbtest1  (cost=0.43..8.45 rows=1 width=121)
	  Index Cond: (id = 8940206)

table 2 : explain SELECT c FROM sbtest2 WHERE id=8503342
	Index Scan using sbtest2_pkey on sbtest2  (cost=0.43..8.45 rows=1 width=121)
	  Index Cond: (id = 8503342)

table 3 : explain SELECT c FROM sbtest3 WHERE id=1587499
	Index Scan using sbtest3_pkey on sbtest3  (cost=0.43..8.45 rows=1 width=121)
	  Index Cond: (id = 1587499)

table 4 : explain SELECT c FROM sbtest4 WHERE id=6270754
	Index Scan using sbtest4_pkey on sbtest4  (cost=0.43..8.45 rows=1 width=121)
	  Index Cond: (id = 6270754)

table 5 : explain SELECT c FROM sbtest5 WHERE id=243015
	Index Scan using sbtest5_pkey on sbtest5  (cost=0.43..8.45 rows=1 width=121)
	  Index Cond: (id = 243015)

table 6 : explain SELECT c FROM sbtest6 WHERE id=4296096
	Index Scan using sbtest6_pkey on sbtest6  (cost=0.43..8.45 rows=1 width=121)
	  Index Cond: (id = 4296096)

table 7 : explain SELECT c FROM sbtest7 WHERE id=3977751
	Index Scan using sbtest7_pkey on sbtest7  (cost=0.43..8.45 rows=1 width=121)
	  Index Cond: (id = 3977751)

table 8 : explain SELECT c FROM sbtest8 WHERE id=4954940
	Index Scan using sbtest8_pkey on sbtest8  (cost=0.43..8.45 rows=1 width=121)
	  Index Cond: (id = 4954940)

for point_selects
table 1 : explain SELECT c FROM sbtest1 WHERE id=8883618
	Index Scan using sbtest1_pkey on sbtest1  (cost=0.43..8.45 rows=1 width=121)
	  Index Cond: (id = 8883618)

table 2 : explain SELECT c FROM sbtest2 WHERE id=2397930
	Index Scan using sbtest2_pkey on sbtest2  (cost=0.43..8.45 rows=1 width=121)
	  Index Cond: (id = 2397930)

table 3 : explain SELECT c FROM sbtest3 WHERE id=8154901
	Index Scan using sbtest3_pkey on sbtest3  (cost=0.43..8.45 rows=1 width=121)
	  Index Cond: (id = 8154901)

table 4 : explain SELECT c FROM sbtest4 WHERE id=800161
	Index Scan using sbtest4_pkey on sbtest4  (cost=0.43..8.45 rows=1 width=121)
	  Index Cond: (id = 800161)

table 5 : explain SELECT c FROM sbtest5 WHERE id=609913
	Index Scan using sbtest5_pkey on sbtest5  (cost=0.43..8.45 rows=1 width=121)
	  Index Cond: (id = 609913)

table 6 : explain SELECT c FROM sbtest6 WHERE id=771722
	Index Scan using sbtest6_pkey on sbtest6  (cost=0.43..8.45 rows=1 width=121)
	  Index Cond: (id = 771722)

table 7 : explain SELECT c FROM sbtest7 WHERE id=8434521
	Index Scan using sbtest7_pkey on sbtest7  (cost=0.43..8.45 rows=1 width=121)
	  Index Cond: (id = 8434521)

table 8 : explain SELECT c FROM sbtest8 WHERE id=2520077
	Index Scan using sbtest8_pkey on sbtest8  (cost=0.43..8.45 rows=1 width=121)
	  Index Cond: (id = 2520077)

for: order_ranges
table 1 : explain SELECT c FROM sbtest1 WHERE id BETWEEN 539945 AND 540944 ORDER BY c
	Sort  (cost=3386.96..3389.12 rows=861 width=121)
	  Sort Key: c
	  ->  Bitmap Heap Scan on sbtest1  (cost=29.26..3344.99 rows=861 width=121)
	        Recheck Cond: ((id >= 539945) AND (id <= 540944))
	        ->  Bitmap Index Scan on sbtest1_pkey  (cost=0.00..29.04 rows=861 width=0)
	              Index Cond: ((id >= 539945) AND (id <= 540944))

table 2 : explain SELECT c FROM sbtest2 WHERE id BETWEEN 9604432 AND 9605431 ORDER BY c
	Sort  (cost=3901.36..3903.85 rows=994 width=121)
	  Sort Key: c
	  ->  Bitmap Heap Scan on sbtest2  (cost=34.62..3851.87 rows=994 width=121)
	        Recheck Cond: ((id >= 9604432) AND (id <= 9605431))
	        ->  Bitmap Index Scan on sbtest2_pkey  (cost=0.00..34.38 rows=994 width=0)
	              Index Cond: ((id >= 9604432) AND (id <= 9605431))

table 3 : explain SELECT c FROM sbtest3 WHERE id BETWEEN 7410348 AND 7411347 ORDER BY c
	Sort  (cost=4157.88..4160.53 rows=1061 width=121)
	  Sort Key: c
	  ->  Bitmap Heap Scan on sbtest3  (cost=35.31..4104.55 rows=1061 width=121)
	        Recheck Cond: ((id >= 7410348) AND (id <= 7411347))
	        ->  Bitmap Index Scan on sbtest3_pkey  (cost=0.00..35.05 rows=1061 width=0)
	              Index Cond: ((id >= 7410348) AND (id <= 7411347))

table 4 : explain SELECT c FROM sbtest4 WHERE id BETWEEN 5471413 AND 5472412 ORDER BY c
	Sort  (cost=3751.04..3753.43 rows=953 width=121)
	  Sort Key: c
	  ->  Bitmap Heap Scan on sbtest4  (cost=34.20..3703.89 rows=953 width=121)
	        Recheck Cond: ((id >= 5471413) AND (id <= 5472412))
	        ->  Bitmap Index Scan on sbtest4_pkey  (cost=0.00..33.97 rows=953 width=0)
	              Index Cond: ((id >= 5471413) AND (id <= 5472412))

table 5 : explain SELECT c FROM sbtest5 WHERE id BETWEEN 736475 AND 737474 ORDER BY c
	Sort  (cost=3624.10..3626.40 rows=921 width=121)
	  Sort Key: c
	  ->  Bitmap Heap Scan on sbtest5  (cost=29.88..3578.75 rows=921 width=121)
	        Recheck Cond: ((id >= 736475) AND (id <= 737474))
	        ->  Bitmap Index Scan on sbtest5_pkey  (cost=0.00..29.64 rows=921 width=0)
	              Index Cond: ((id >= 736475) AND (id <= 737474))

table 6 : explain SELECT c FROM sbtest6 WHERE id BETWEEN 3445786 AND 3446785 ORDER BY c
	Sort  (cost=4032.46..4035.03 rows=1028 width=121)
	  Sort Key: c
	  ->  Bitmap Heap Scan on sbtest6  (cost=34.97..3981.03 rows=1028 width=121)
	        Recheck Cond: ((id >= 3445786) AND (id <= 3446785))
	        ->  Bitmap Index Scan on sbtest6_pkey  (cost=0.00..34.72 rows=1028 width=0)
	              Index Cond: ((id >= 3445786) AND (id <= 3446785))

table 7 : explain SELECT c FROM sbtest7 WHERE id BETWEEN 8415320 AND 8416319 ORDER BY c
	Sort  (cost=3524.92..3527.16 rows=897 width=121)
	  Sort Key: c
	  ->  Bitmap Heap Scan on sbtest7  (cost=29.63..3480.92 rows=897 width=121)
	        Recheck Cond: ((id >= 8415320) AND (id <= 8416319))
	        ->  Bitmap Index Scan on sbtest7_pkey  (cost=0.00..29.40 rows=897 width=0)
	              Index Cond: ((id >= 8415320) AND (id <= 8416319))

table 8 : explain SELECT c FROM sbtest8 WHERE id BETWEEN 5036273 AND 5037272 ORDER BY c
	Sort  (cost=4069.47..4072.07 rows=1038 width=121)
	  Sort Key: c
	  ->  Bitmap Heap Scan on sbtest8  (cost=35.07..4017.47 rows=1038 width=121)
	        Recheck Cond: ((id >= 5036273) AND (id <= 5037272))
	        ->  Bitmap Index Scan on sbtest8_pkey  (cost=0.00..34.82 rows=1038 width=0)
	              Index Cond: ((id >= 5036273) AND (id <= 5037272))

for point_selects
table 1 : explain SELECT c FROM sbtest1 WHERE id=7181075
	Index Scan using sbtest1_pkey on sbtest1  (cost=0.43..8.45 rows=1 width=121)
	  Index Cond: (id = 7181075)

table 2 : explain SELECT c FROM sbtest2 WHERE id=2288495
	Index Scan using sbtest2_pkey on sbtest2  (cost=0.43..8.45 rows=1 width=121)
	  Index Cond: (id = 2288495)

table 3 : explain SELECT c FROM sbtest3 WHERE id=438057
	Index Scan using sbtest3_pkey on sbtest3  (cost=0.43..8.45 rows=1 width=121)
	  Index Cond: (id = 438057)

table 4 : explain SELECT c FROM sbtest4 WHERE id=8722650
	Index Scan using sbtest4_pkey on sbtest4  (cost=0.43..8.45 rows=1 width=121)
	  Index Cond: (id = 8722650)

table 5 : explain SELECT c FROM sbtest5 WHERE id=4975991
	Index Scan using sbtest5_pkey on sbtest5  (cost=0.43..8.45 rows=1 width=121)
	  Index Cond: (id = 4975991)

table 6 : explain SELECT c FROM sbtest6 WHERE id=9473217
	Index Scan using sbtest6_pkey on sbtest6  (cost=0.43..8.45 rows=1 width=121)
	  Index Cond: (id = 9473217)

table 7 : explain SELECT c FROM sbtest7 WHERE id=7182105
	Index Scan using sbtest7_pkey on sbtest7  (cost=0.43..8.45 rows=1 width=121)
	  Index Cond: (id = 7182105)

table 8 : explain SELECT c FROM sbtest8 WHERE id=3583756
	Index Scan using sbtest8_pkey on sbtest8  (cost=0.43..8.45 rows=1 width=121)
	  Index Cond: (id = 3583756)

explain: for point_selects :: explain SELECT c FROM sbtest%u WHERE id=%u
for: order_ranges
table 1 : explain SELECT c FROM sbtest1 WHERE id BETWEEN 8509504 AND 8510503 ORDER BY c
	Sort  (cost=3770.69..3773.09 rows=960 width=121)
	  Sort Key: c
	  ->  Bitmap Heap Scan on sbtest1  (cost=34.28..3723.13 rows=960 width=121)
	        Recheck Cond: ((id >= 8509504) AND (id <= 8510503))
	        ->  Bitmap Index Scan on sbtest1_pkey  (cost=0.00..34.04 rows=960 width=0)
	              Index Cond: ((id >= 8509504) AND (id <= 8510503))

table 2 : explain SELECT c FROM sbtest2 WHERE id BETWEEN 6614257 AND 6615256 ORDER BY c
	Sort  (cost=3786.53..3788.94 rows=964 width=121)
	  Sort Key: c
	  ->  Bitmap Heap Scan on sbtest2  (cost=34.32..3738.75 rows=964 width=121)
	        Recheck Cond: ((id >= 6614257) AND (id <= 6615256))
	        ->  Bitmap Index Scan on sbtest2_pkey  (cost=0.00..34.08 rows=964 width=0)
	              Index Cond: ((id >= 6614257) AND (id <= 6615256))

table 3 : explain SELECT c FROM sbtest3 WHERE id BETWEEN 1119963 AND 1120962 ORDER BY c
	Sort  (cost=3756.27..3758.66 rows=956 width=121)
	  Sort Key: c
	  ->  Bitmap Heap Scan on sbtest3  (cost=34.23..3708.94 rows=956 width=121)
	        Recheck Cond: ((id >= 1119963) AND (id <= 1120962))
	        ->  Bitmap Index Scan on sbtest3_pkey  (cost=0.00..34.00 rows=956 width=0)
	              Index Cond: ((id >= 1119963) AND (id <= 1120962))

table 4 : explain SELECT c FROM sbtest4 WHERE id BETWEEN 2799506 AND 2800505 ORDER BY c
	Sort  (cost=3950.64..3953.15 rows=1005 width=121)
	  Sort Key: c
	  ->  Bitmap Heap Scan on sbtest4  (cost=34.74..3900.53 rows=1005 width=121)
	        Recheck Cond: ((id >= 2799506) AND (id <= 2800505))
	        ->  Bitmap Index Scan on sbtest4_pkey  (cost=0.00..34.48 rows=1005 width=0)
	              Index Cond: ((id >= 2799506) AND (id <= 2800505))

table 5 : explain SELECT c FROM sbtest5 WHERE id BETWEEN 122652 AND 123651 ORDER BY c
	Sort  (cost=4058.04..4060.62 rows=1033 width=121)
	  Sort Key: c
	  ->  Bitmap Heap Scan on sbtest5  (cost=35.02..4006.33 rows=1033 width=121)
	        Recheck Cond: ((id >= 122652) AND (id <= 123651))
	        ->  Bitmap Index Scan on sbtest5_pkey  (cost=0.00..34.77 rows=1033 width=0)
	              Index Cond: ((id >= 122652) AND (id <= 123651))

table 6 : explain SELECT c FROM sbtest6 WHERE id BETWEEN 8294924 AND 8295923 ORDER BY c
	Sort  (cost=4070.69..4073.29 rows=1038 width=121)
	  Sort Key: c
	  ->  Bitmap Heap Scan on sbtest6  (cost=35.07..4018.69 rows=1038 width=121)
	        Recheck Cond: ((id >= 8294924) AND (id <= 8295923))
	        ->  Bitmap Index Scan on sbtest6_pkey  (cost=0.00..34.82 rows=1038 width=0)
	              Index Cond: ((id >= 8294924) AND (id <= 8295923))

table 7 : explain SELECT c FROM sbtest7 WHERE id BETWEEN 9587208 AND 9588207 ORDER BY c
	Sort  (cost=3938.73..3941.24 rows=1004 width=121)
	  Sort Key: c
	  ->  Bitmap Heap Scan on sbtest7  (cost=34.73..3888.68 rows=1004 width=121)
	        Recheck Cond: ((id >= 9587208) AND (id <= 9588207))
	        ->  Bitmap Index Scan on sbtest7_pkey  (cost=0.00..34.48 rows=1004 width=0)
	              Index Cond: ((id >= 9587208) AND (id <= 9588207))

table 8 : explain SELECT c FROM sbtest8 WHERE id BETWEEN 8641371 AND 8642370 ORDER BY c
	Sort  (cost=3985.39..3987.93 rows=1016 width=121)
	  Sort Key: c
	  ->  Bitmap Heap Scan on sbtest8  (cost=34.85..3934.65 rows=1016 width=121)
	        Recheck Cond: ((id >= 8641371) AND (id <= 8642370))
	        ->  Bitmap Index Scan on sbtest8_pkey  (cost=0.00..34.59 rows=1016 width=0)
	              Index Cond: ((id >= 8641371) AND (id <= 8642370))

for: distinct_ranges
table 1 : explain SELECT DISTINCT c FROM sbtest1 WHERE id BETWEEN 4332375 AND 4333374 ORDER BY c
	Unique  (cost=3896.99..3901.95 rows=993 width=121)
	  ->  Sort  (cost=3896.99..3899.47 rows=993 width=121)
	        Sort Key: c
	        ->  Bitmap Heap Scan on sbtest1  (cost=34.61..3847.56 rows=993 width=121)
	              Recheck Cond: ((id >= 4332375) AND (id <= 4333374))
	              ->  Bitmap Index Scan on sbtest1_pkey  (cost=0.00..34.37 rows=993 width=0)
	                    Index Cond: ((id >= 4332375) AND (id <= 4333374))

table 2 : explain SELECT DISTINCT c FROM sbtest2 WHERE id BETWEEN 7446729 AND 7447728 ORDER BY c
	Unique  (cost=3966.38..3971.44 rows=1011 width=121)
	  ->  Sort  (cost=3966.38..3968.91 rows=1011 width=121)
	        Sort Key: c
	        ->  Bitmap Heap Scan on sbtest2  (cost=34.80..3915.93 rows=1011 width=121)
	              Recheck Cond: ((id >= 7446729) AND (id <= 7447728))
	              ->  Bitmap Index Scan on sbtest2_pkey  (cost=0.00..34.55 rows=1011 width=0)
	                    Index Cond: ((id >= 7446729) AND (id <= 7447728))

table 3 : explain SELECT DISTINCT c FROM sbtest3 WHERE id BETWEEN 2056361 AND 2057360 ORDER BY c
	Unique  (cost=3556.71..3561.24 rows=905 width=121)
	  ->  Sort  (cost=3556.71..3558.97 rows=905 width=121)
	        Sort Key: c
	        ->  Bitmap Heap Scan on sbtest3  (cost=29.71..3512.27 rows=905 width=121)
	              Recheck Cond: ((id >= 2056361) AND (id <= 2057360))
	              ->  Bitmap Index Scan on sbtest3_pkey  (cost=0.00..29.48 rows=905 width=0)
	                    Index Cond: ((id >= 2056361) AND (id <= 2057360))

table 4 : explain SELECT DISTINCT c FROM sbtest4 WHERE id BETWEEN 3844439 AND 3845438 ORDER BY c
	Unique  (cost=3600.98..3605.56 rows=915 width=121)
	  ->  Sort  (cost=3600.98..3603.27 rows=915 width=121)
	        Sort Key: c
	        ->  Bitmap Heap Scan on sbtest4  (cost=29.81..3555.97 rows=915 width=121)
	              Recheck Cond: ((id >= 3844439) AND (id <= 3845438))
	              ->  Bitmap Index Scan on sbtest4_pkey  (cost=0.00..29.58 rows=915 width=0)
	                    Index Cond: ((id >= 3844439) AND (id <= 3845438))

table 5 : explain SELECT DISTINCT c FROM sbtest5 WHERE id BETWEEN 7664170 AND 7665169 ORDER BY c
	Unique  (cost=3681.92..3686.60 rows=935 width=121)
	  ->  Sort  (cost=3681.92..3684.26 rows=935 width=121)
	        Sort Key: c
	        ->  Bitmap Heap Scan on sbtest5  (cost=34.02..3635.79 rows=935 width=121)
	              Recheck Cond: ((id >= 7664170) AND (id <= 7665169))
	              ->  Bitmap Index Scan on sbtest5_pkey  (cost=0.00..33.79 rows=935 width=0)
	                    Index Cond: ((id >= 7664170) AND (id <= 7665169))

table 6 : explain SELECT DISTINCT c FROM sbtest6 WHERE id BETWEEN 8092618 AND 8093617 ORDER BY c
	Unique  (cost=3898.57..3903.53 rows=993 width=121)
	  ->  Sort  (cost=3898.57..3901.05 rows=993 width=121)
	        Sort Key: c
	        ->  Bitmap Heap Scan on sbtest6  (cost=34.61..3849.14 rows=993 width=121)
	              Recheck Cond: ((id >= 8092618) AND (id <= 8093617))
	              ->  Bitmap Index Scan on sbtest6_pkey  (cost=0.00..34.37 rows=993 width=0)
	                    Index Cond: ((id >= 8092618) AND (id <= 8093617))

table 7 : explain SELECT DISTINCT c FROM sbtest7 WHERE id BETWEEN 3047978 AND 3048977 ORDER BY c
	Unique  (cost=3866.07..3870.99 rows=985 width=121)
	  ->  Sort  (cost=3866.07..3868.53 rows=985 width=121)
	        Sort Key: c
	        ->  Bitmap Heap Scan on sbtest7  (cost=34.53..3817.09 rows=985 width=121)
	              Recheck Cond: ((id >= 3047978) AND (id <= 3048977))
	              ->  Bitmap Index Scan on sbtest7_pkey  (cost=0.00..34.29 rows=985 width=0)
	                    Index Cond: ((id >= 3047978) AND (id <= 3048977))

table 8 : explain SELECT DISTINCT c FROM sbtest8 WHERE id BETWEEN 1683232 AND 1684231 ORDER BY c
	Unique  (cost=3874.47..3879.41 rows=987 width=121)
	  ->  Sort  (cost=3874.47..3876.94 rows=987 width=121)
	        Sort Key: c
	        ->  Bitmap Heap Scan on sbtest8  (cost=34.55..3825.38 rows=987 width=121)
	              Recheck Cond: ((id >= 1683232) AND (id <= 1684231))
	              ->  Bitmap Index Scan on sbtest8_pkey  (cost=0.00..34.31 rows=987 width=0)
	                    Index Cond: ((id >= 1683232) AND (id <= 1684231))

for: order_ranges
table 1 : explain SELECT c FROM sbtest1 WHERE id BETWEEN 195763 AND 196762 ORDER BY c
	Sort  (cost=3958.17..3960.70 rows=1009 width=121)
	  Sort Key: c
	  ->  Bitmap Heap Scan on sbtest1  (cost=34.78..3907.83 rows=1009 width=121)
	        Recheck Cond: ((id >= 195763) AND (id <= 196762))
	        ->  Bitmap Index Scan on sbtest1_pkey  (cost=0.00..34.53 rows=1009 width=0)
	              Index Cond: ((id >= 195763) AND (id <= 196762))

table 2 : explain SELECT c FROM sbtest2 WHERE id BETWEEN 8292414 AND 8293413 ORDER BY c
	Sort  (cost=3759.72..3762.11 rows=957 width=121)
	  Sort Key: c
	  ->  Bitmap Heap Scan on sbtest2  (cost=34.24..3712.33 rows=957 width=121)
	        Recheck Cond: ((id >= 8292414) AND (id <= 8293413))
	        ->  Bitmap Index Scan on sbtest2_pkey  (cost=0.00..34.01 rows=957 width=0)
	              Index Cond: ((id >= 8292414) AND (id <= 8293413))

table 3 : explain SELECT c FROM sbtest3 WHERE id BETWEEN 9967036 AND 9968035 ORDER BY c
	Sort  (cost=3982.10..3984.63 rows=1015 width=121)
	  Sort Key: c
	  ->  Bitmap Heap Scan on sbtest3  (cost=34.84..3931.41 rows=1015 width=121)
	        Recheck Cond: ((id >= 9967036) AND (id <= 9968035))
	        ->  Bitmap Index Scan on sbtest3_pkey  (cost=0.00..34.59 rows=1015 width=0)
	              Index Cond: ((id >= 9967036) AND (id <= 9968035))

table 4 : explain SELECT c FROM sbtest4 WHERE id BETWEEN 8388693 AND 8389692 ORDER BY c
	Sort  (cost=3562.51..3564.78 rows=905 width=121)
	  Sort Key: c
	  ->  Bitmap Heap Scan on sbtest4  (cost=29.71..3518.07 rows=905 width=121)
	        Recheck Cond: ((id >= 8388693) AND (id <= 8389692))
	        ->  Bitmap Index Scan on sbtest4_pkey  (cost=0.00..29.48 rows=905 width=0)
	              Index Cond: ((id >= 8388693) AND (id <= 8389692))

table 5 : explain SELECT c FROM sbtest5 WHERE id BETWEEN 9849088 AND 9850087 ORDER BY c
	Sort  (cost=3966.03..3968.56 rows=1009 width=121)
	  Sort Key: c
	  ->  Bitmap Heap Scan on sbtest5  (cost=34.78..3915.69 rows=1009 width=121)
	        Recheck Cond: ((id >= 9849088) AND (id <= 9850087))
	        ->  Bitmap Index Scan on sbtest5_pkey  (cost=0.00..34.53 rows=1009 width=0)
	              Index Cond: ((id >= 9849088) AND (id <= 9850087))

table 6 : explain SELECT c FROM sbtest6 WHERE id BETWEEN 712542 AND 713541 ORDER BY c
	Sort  (cost=3703.20..3705.55 rows=942 width=121)
	  Sort Key: c
	  ->  Bitmap Heap Scan on sbtest6  (cost=34.09..3656.67 rows=942 width=121)
	        Recheck Cond: ((id >= 712542) AND (id <= 713541))
	        ->  Bitmap Index Scan on sbtest6_pkey  (cost=0.00..33.86 rows=942 width=0)
	              Index Cond: ((id >= 712542) AND (id <= 713541))

table 7 : explain SELECT c FROM sbtest7 WHERE id BETWEEN 4537714 AND 4538713 ORDER BY c
	Sort  (cost=3992.25..3994.79 rows=1018 width=121)
	  Sort Key: c
	  ->  Bitmap Heap Scan on sbtest7  (cost=34.87..3941.39 rows=1018 width=121)
	        Recheck Cond: ((id >= 4537714) AND (id <= 4538713))
	        ->  Bitmap Index Scan on sbtest7_pkey  (cost=0.00..34.62 rows=1018 width=0)
	              Index Cond: ((id >= 4537714) AND (id <= 4538713))

table 8 : explain SELECT c FROM sbtest8 WHERE id BETWEEN 197148 AND 198147 ORDER BY c
	Sort  (cost=3950.98..3953.50 rows=1007 width=121)
	  Sort Key: c
	  ->  Bitmap Heap Scan on sbtest8  (cost=34.76..3900.75 rows=1007 width=121)
	        Recheck Cond: ((id >= 197148) AND (id <= 198147))
	        ->  Bitmap Index Scan on sbtest8_pkey  (cost=0.00..34.51 rows=1007 width=0)
	              Index Cond: ((id >= 197148) AND (id <= 198147))

for: simple_ranges
table 1 : explain SELECT c FROM sbtest1 WHERE id BETWEEN 7823682 AND 7824681
	Bitmap Heap Scan on sbtest1  (cost=30.01..3621.00 rows=934 width=121)
	  Recheck Cond: ((id >= 7823682) AND (id <= 7824681))
	  ->  Bitmap Index Scan on sbtest1_pkey  (cost=0.00..29.77 rows=934 width=0)
	        Index Cond: ((id >= 7823682) AND (id <= 7824681))

table 2 : explain SELECT c FROM sbtest2 WHERE id BETWEEN 1699084 AND 1700083
	Bitmap Heap Scan on sbtest2  (cost=34.37..3757.61 rows=969 width=121)
	  Recheck Cond: ((id >= 1699084) AND (id <= 1700083))
	  ->  Bitmap Index Scan on sbtest2_pkey  (cost=0.00..34.12 rows=969 width=0)
	        Index Cond: ((id >= 1699084) AND (id <= 1700083))

table 3 : explain SELECT c FROM sbtest3 WHERE id BETWEEN 6061793 AND 6062792
	Bitmap Heap Scan on sbtest3  (cost=35.16..4048.12 rows=1046 width=121)
	  Recheck Cond: ((id >= 6061793) AND (id <= 6062792))
	  ->  Bitmap Index Scan on sbtest3_pkey  (cost=0.00..34.90 rows=1046 width=0)
	        Index Cond: ((id >= 6061793) AND (id <= 6062792))

table 4 : explain SELECT c FROM sbtest4 WHERE id BETWEEN 4772206 AND 4773205
	Bitmap Heap Scan on sbtest4  (cost=33.92..3597.86 rows=925 width=121)
	  Recheck Cond: ((id >= 4772206) AND (id <= 4773205))
	  ->  Bitmap Index Scan on sbtest4_pkey  (cost=0.00..33.69 rows=925 width=0)
	        Index Cond: ((id >= 4772206) AND (id <= 4773205))

table 5 : explain SELECT c FROM sbtest5 WHERE id BETWEEN 4672268 AND 4673267
	Bitmap Heap Scan on sbtest5  (cost=39.82..4304.41 rows=1111 width=121)
	  Recheck Cond: ((id >= 4672268) AND (id <= 4673267))
	  ->  Bitmap Index Scan on sbtest5_pkey  (cost=0.00..39.55 rows=1111 width=0)
	        Index Cond: ((id >= 4672268) AND (id <= 4673267))

table 6 : explain SELECT c FROM sbtest6 WHERE id BETWEEN 1778996 AND 1779995
	Bitmap Heap Scan on sbtest6  (cost=34.35..3751.06 rows=967 width=121)
	  Recheck Cond: ((id >= 1778996) AND (id <= 1779995))
	  ->  Bitmap Index Scan on sbtest6_pkey  (cost=0.00..34.11 rows=967 width=0)
	        Index Cond: ((id >= 1778996) AND (id <= 1779995))

table 7 : explain SELECT c FROM sbtest7 WHERE id BETWEEN 3786751 AND 3787750
	Bitmap Heap Scan on sbtest7  (cost=29.41..3401.50 rows=876 width=121)
	  Recheck Cond: ((id >= 3786751) AND (id <= 3787750))
	  ->  Bitmap Index Scan on sbtest7_pkey  (cost=0.00..29.19 rows=876 width=0)
	        Index Cond: ((id >= 3786751) AND (id <= 3787750))

table 8 : explain SELECT c FROM sbtest8 WHERE id BETWEEN 466058 AND 467057
	Bitmap Heap Scan on sbtest8  (cost=34.19..3693.36 rows=952 width=121)
	  Recheck Cond: ((id >= 466058) AND (id <= 467057))
	  ->  Bitmap Index Scan on sbtest8_pkey  (cost=0.00..33.95 rows=952 width=0)
	        Index Cond: ((id >= 466058) AND (id <= 467057))

for: simple_ranges
table 1 : explain SELECT c FROM sbtest1 WHERE id BETWEEN 118242 AND 119241
	Bitmap Heap Scan on sbtest1  (cost=34.69..3873.93 rows=1000 width=121)
	  Recheck Cond: ((id >= 118242) AND (id <= 119241))
	  ->  Bitmap Index Scan on sbtest1_pkey  (cost=0.00..34.44 rows=1000 width=0)
	        Index Cond: ((id >= 118242) AND (id <= 119241))

table 2 : explain SELECT c FROM sbtest2 WHERE id BETWEEN 6221407 AND 6222406
	Bitmap Heap Scan on sbtest2  (cost=34.66..3866.95 rows=998 width=121)
	  Recheck Cond: ((id >= 6221407) AND (id <= 6222406))
	  ->  Bitmap Index Scan on sbtest2_pkey  (cost=0.00..34.42 rows=998 width=0)
	        Index Cond: ((id >= 6221407) AND (id <= 6222406))

table 3 : explain SELECT c FROM sbtest3 WHERE id BETWEEN 8000712 AND 8001711
	Bitmap Heap Scan on sbtest3  (cost=34.57..3833.43 rows=989 width=121)
	  Recheck Cond: ((id >= 8000712) AND (id <= 8001711))
	  ->  Bitmap Index Scan on sbtest3_pkey  (cost=0.00..34.33 rows=989 width=0)
	        Index Cond: ((id >= 8000712) AND (id <= 8001711))

table 4 : explain SELECT c FROM sbtest4 WHERE id BETWEEN 9977869 AND 9978868
	Bitmap Heap Scan on sbtest4  (cost=35.55..4198.64 rows=1084 width=121)
	  Recheck Cond: ((id >= 9977869) AND (id <= 9978868))
	  ->  Bitmap Index Scan on sbtest4_pkey  (cost=0.00..35.28 rows=1084 width=0)
	        Index Cond: ((id >= 9977869) AND (id <= 9978868))

table 5 : explain SELECT c FROM sbtest5 WHERE id BETWEEN 6908686 AND 6909685
	Bitmap Heap Scan on sbtest5  (cost=29.87..3574.97 rows=920 width=121)
	  Recheck Cond: ((id >= 6908686) AND (id <= 6909685))
	  ->  Bitmap Index Scan on sbtest5_pkey  (cost=0.00..29.64 rows=920 width=0)
	        Index Cond: ((id >= 6908686) AND (id <= 6909685))

table 6 : explain SELECT c FROM sbtest6 WHERE id BETWEEN 2025274 AND 2026273
	Bitmap Heap Scan on sbtest6  (cost=35.54..4187.99 rows=1083 width=121)
	  Recheck Cond: ((id >= 2025274) AND (id <= 2026273))
	  ->  Bitmap Index Scan on sbtest6_pkey  (cost=0.00..35.27 rows=1083 width=0)
	        Index Cond: ((id >= 2025274) AND (id <= 2026273))

table 7 : explain SELECT c FROM sbtest7 WHERE id BETWEEN 5083769 AND 5084768
	Bitmap Heap Scan on sbtest7  (cost=33.90..3583.17 rows=923 width=121)
	  Recheck Cond: ((id >= 5083769) AND (id <= 5084768))
	  ->  Bitmap Index Scan on sbtest7_pkey  (cost=0.00..33.67 rows=923 width=0)
	        Index Cond: ((id >= 5083769) AND (id <= 5084768))

table 8 : explain SELECT c FROM sbtest8 WHERE id BETWEEN 5423743 AND 5424742
	Bitmap Heap Scan on sbtest8  (cost=35.36..4122.79 rows=1066 width=121)
	  Recheck Cond: ((id >= 5423743) AND (id <= 5424742))
	  ->  Bitmap Index Scan on sbtest8_pkey  (cost=0.00..35.09 rows=1066 width=0)
	        Index Cond: ((id >= 5423743) AND (id <= 5424742))

for: simple_ranges
table 1 : explain SELECT c FROM sbtest1 WHERE id BETWEEN 4118452 AND 4119451
	Bitmap Heap Scan on sbtest1  (cost=34.92..3960.55 rows=1023 width=121)
	  Recheck Cond: ((id >= 4118452) AND (id <= 4119451))
	  ->  Bitmap Index Scan on sbtest1_pkey  (cost=0.00..34.67 rows=1023 width=0)
	        Index Cond: ((id >= 4118452) AND (id <= 4119451))

table 2 : explain SELECT c FROM sbtest2 WHERE id BETWEEN 1333269 AND 1334268
	Bitmap Heap Scan on sbtest2  (cost=34.75..3897.09 rows=1006 width=121)
	  Recheck Cond: ((id >= 1333269) AND (id <= 1334268))
	  ->  Bitmap Index Scan on sbtest2_pkey  (cost=0.00..34.50 rows=1006 width=0)
	        Index Cond: ((id >= 1333269) AND (id <= 1334268))

table 3 : explain SELECT c FROM sbtest3 WHERE id BETWEEN 9514820 AND 9515819
	Bitmap Heap Scan on sbtest3  (cost=34.99..3987.90 rows=1030 width=121)
	  Recheck Cond: ((id >= 9514820) AND (id <= 9515819))
	  ->  Bitmap Index Scan on sbtest3_pkey  (cost=0.00..34.73 rows=1030 width=0)
	        Index Cond: ((id >= 9514820) AND (id <= 9515819))

table 4 : explain SELECT c FROM sbtest4 WHERE id BETWEEN 3258368 AND 3259367
	Bitmap Heap Scan on sbtest4  (cost=35.03..4010.05 rows=1034 width=121)
	  Recheck Cond: ((id >= 3258368) AND (id <= 3259367))
	  ->  Bitmap Index Scan on sbtest4_pkey  (cost=0.00..34.78 rows=1034 width=0)
	        Index Cond: ((id >= 3258368) AND (id <= 3259367))

table 5 : explain SELECT c FROM sbtest5 WHERE id BETWEEN 9679371 AND 9680370
	Bitmap Heap Scan on sbtest5  (cost=34.36..3760.69 rows=968 width=121)
	  Recheck Cond: ((id >= 9679371) AND (id <= 9680370))
	  ->  Bitmap Index Scan on sbtest5_pkey  (cost=0.00..34.12 rows=968 width=0)
	        Index Cond: ((id >= 9679371) AND (id <= 9680370))

table 6 : explain SELECT c FROM sbtest6 WHERE id BETWEEN 52122 AND 53121
	Bitmap Heap Scan on sbtest6  (cost=35.11..4029.98 rows=1041 width=121)
	  Recheck Cond: ((id >= 52122) AND (id <= 53121))
	  ->  Bitmap Index Scan on sbtest6_pkey  (cost=0.00..34.84 rows=1041 width=0)
	        Index Cond: ((id >= 52122) AND (id <= 53121))

table 7 : explain SELECT c FROM sbtest7 WHERE id BETWEEN 1609550 AND 1610549
	Bitmap Heap Scan on sbtest7  (cost=34.65..3862.31 rows=997 width=121)
	  Recheck Cond: ((id >= 1609550) AND (id <= 1610549))
	  ->  Bitmap Index Scan on sbtest7_pkey  (cost=0.00..34.41 rows=997 width=0)
	        Index Cond: ((id >= 1609550) AND (id <= 1610549))

table 8 : explain SELECT c FROM sbtest8 WHERE id BETWEEN 3256335 AND 3257334
	Bitmap Heap Scan on sbtest8  (cost=35.02..3998.66 rows=1033 width=121)
	  Recheck Cond: ((id >= 3256335) AND (id <= 3257334))
	  ->  Bitmap Index Scan on sbtest8_pkey  (cost=0.00..34.77 rows=1033 width=0)
	        Index Cond: ((id >= 3256335) AND (id <= 3257334))

for point_selects
table 1 : explain SELECT c FROM sbtest1 WHERE id=5715964
	Index Scan using sbtest1_pkey on sbtest1  (cost=0.43..8.45 rows=1 width=121)
	  Index Cond: (id = 5715964)

table 2 : explain SELECT c FROM sbtest2 WHERE id=8405294
	Index Scan using sbtest2_pkey on sbtest2  (cost=0.43..8.45 rows=1 width=121)
	  Index Cond: (id = 8405294)

table 3 : explain SELECT c FROM sbtest3 WHERE id=2702630
	Index Scan using sbtest3_pkey on sbtest3  (cost=0.43..8.45 rows=1 width=121)
	  Index Cond: (id = 2702630)

table 4 : explain SELECT c FROM sbtest4 WHERE id=7240104
	Index Scan using sbtest4_pkey on sbtest4  (cost=0.43..8.45 rows=1 width=121)
	  Index Cond: (id = 7240104)

table 5 : explain SELECT c FROM sbtest5 WHERE id=295259
	Index Scan using sbtest5_pkey on sbtest5  (cost=0.43..8.45 rows=1 width=121)
	  Index Cond: (id = 295259)

table 6 : explain SELECT c FROM sbtest6 WHERE id=587573
	Index Scan using sbtest6_pkey on sbtest6  (cost=0.43..8.45 rows=1 width=121)
	  Index Cond: (id = 587573)

table 7 : explain SELECT c FROM sbtest7 WHERE id=2923433
	Index Scan using sbtest7_pkey on sbtest7  (cost=0.43..8.45 rows=1 width=121)
	  Index Cond: (id = 2923433)

table 8 : explain SELECT c FROM sbtest8 WHERE id=9649158
	Index Scan using sbtest8_pkey on sbtest8  (cost=0.43..8.45 rows=1 width=121)
	  Index Cond: (id = 9649158)

explain: for point_selects :: explain SELECT c FROM sbtest%u WHERE id=%u
for: distinct_ranges
table 1 : explain SELECT DISTINCT c FROM sbtest1 WHERE id BETWEEN 509885 AND 510884 ORDER BY c
	Unique  (cost=3386.96..3391.27 rows=861 width=121)
	  ->  Sort  (cost=3386.96..3389.12 rows=861 width=121)
	        Sort Key: c
	        ->  Bitmap Heap Scan on sbtest1  (cost=29.26..3344.99 rows=861 width=121)
	              Recheck Cond: ((id >= 509885) AND (id <= 510884))
	              ->  Bitmap Index Scan on sbtest1_pkey  (cost=0.00..29.04 rows=861 width=0)
	                    Index Cond: ((id >= 509885) AND (id <= 510884))

table 2 : explain SELECT DISTINCT c FROM sbtest2 WHERE id BETWEEN 5282337 AND 5283336 ORDER BY c
	Unique  (cost=4199.42..4204.78 rows=1072 width=121)
	  ->  Sort  (cost=4199.42..4202.10 rows=1072 width=121)
	        Sort Key: c
	        ->  Bitmap Heap Scan on sbtest2  (cost=35.42..4145.47 rows=1072 width=121)
	              Recheck Cond: ((id >= 5282337) AND (id <= 5283336))
	              ->  Bitmap Index Scan on sbtest2_pkey  (cost=0.00..35.16 rows=1072 width=0)
	                    Index Cond: ((id >= 5282337) AND (id <= 5283336))

table 3 : explain SELECT DISTINCT c FROM sbtest3 WHERE id BETWEEN 5542376 AND 5543375 ORDER BY c
	Unique  (cost=3901.76..3906.73 rows=994 width=121)
	  ->  Sort  (cost=3901.76..3904.25 rows=994 width=121)
	        Sort Key: c
	        ->  Bitmap Heap Scan on sbtest3  (cost=34.62..3852.28 rows=994 width=121)
	              Recheck Cond: ((id >= 5542376) AND (id <= 5543375))
	              ->  Bitmap Index Scan on sbtest3_pkey  (cost=0.00..34.38 rows=994 width=0)
	                    Index Cond: ((id >= 5542376) AND (id <= 5543375))

table 4 : explain SELECT DISTINCT c FROM sbtest4 WHERE id BETWEEN 5313204 AND 5314203 ORDER BY c
	Unique  (cost=3804.81..3809.65 rows=967 width=121)
	  ->  Sort  (cost=3804.81..3807.23 rows=967 width=121)
	        Sort Key: c
	        ->  Bitmap Heap Scan on sbtest4  (cost=34.35..3756.86 rows=967 width=121)
	              Recheck Cond: ((id >= 5313204) AND (id <= 5314203))
	              ->  Bitmap Index Scan on sbtest4_pkey  (cost=0.00..34.11 rows=967 width=0)
	                    Index Cond: ((id >= 5313204) AND (id <= 5314203))

table 5 : explain SELECT DISTINCT c FROM sbtest5 WHERE id BETWEEN 3994970 AND 3995969 ORDER BY c
	Unique  (cost=4111.68..4116.92 rows=1047 width=121)
	  ->  Sort  (cost=4111.68..4114.30 rows=1047 width=121)
	        Sort Key: c
	        ->  Bitmap Heap Scan on sbtest5  (cost=35.17..4059.16 rows=1047 width=121)
	              Recheck Cond: ((id >= 3994970) AND (id <= 3995969))
	              ->  Bitmap Index Scan on sbtest5_pkey  (cost=0.00..34.91 rows=1047 width=0)
	                    Index Cond: ((id >= 3994970) AND (id <= 3995969))

table 6 : explain SELECT DISTINCT c FROM sbtest6 WHERE id BETWEEN 1877815 AND 1878814 ORDER BY c
	Unique  (cost=4108.91..4114.15 rows=1048 width=121)
	  ->  Sort  (cost=4108.91..4111.53 rows=1048 width=121)
	        Sort Key: c
	        ->  Bitmap Heap Scan on sbtest6  (cost=35.18..4056.33 rows=1048 width=121)
	              Recheck Cond: ((id >= 1877815) AND (id <= 1878814))
	              ->  Bitmap Index Scan on sbtest6_pkey  (cost=0.00..34.92 rows=1048 width=0)
	                    Index Cond: ((id >= 1877815) AND (id <= 1878814))

table 7 : explain SELECT DISTINCT c FROM sbtest7 WHERE id BETWEEN 1914656 AND 1915655 ORDER BY c
	Unique  (cost=3881.37..3886.31 rows=989 width=121)
	  ->  Sort  (cost=3881.37..3883.84 rows=989 width=121)
	        Sort Key: c
	        ->  Bitmap Heap Scan on sbtest7  (cost=34.57..3832.17 rows=989 width=121)
	              Recheck Cond: ((id >= 1914656) AND (id <= 1915655))
	              ->  Bitmap Index Scan on sbtest7_pkey  (cost=0.00..34.33 rows=989 width=0)
	                    Index Cond: ((id >= 1914656) AND (id <= 1915655))

table 8 : explain SELECT DISTINCT c FROM sbtest8 WHERE id BETWEEN 9977971 AND 9978970 ORDER BY c
	Unique  (cost=4203.12..4208.48 rows=1073 width=121)
	  ->  Sort  (cost=4203.12..4205.80 rows=1073 width=121)
	        Sort Key: c
	        ->  Bitmap Heap Scan on sbtest8  (cost=35.43..4149.11 rows=1073 width=121)
	              Recheck Cond: ((id >= 9977971) AND (id <= 9978970))
	              ->  Bitmap Index Scan on sbtest8_pkey  (cost=0.00..35.17 rows=1073 width=0)
	                    Index Cond: ((id >= 9977971) AND (id <= 9978970))

for: simple_ranges
table 1 : explain SELECT c FROM sbtest1 WHERE id BETWEEN 1674827 AND 1675826
	Bitmap Heap Scan on sbtest1  (cost=35.79..4276.34 rows=1108 width=121)
	  Recheck Cond: ((id >= 1674827) AND (id <= 1675826))
	  ->  Bitmap Index Scan on sbtest1_pkey  (cost=0.00..35.52 rows=1108 width=0)
	        Index Cond: ((id >= 1674827) AND (id <= 1675826))

table 2 : explain SELECT c FROM sbtest2 WHERE id BETWEEN 6488694 AND 6489693
	Bitmap Heap Scan on sbtest2  (cost=34.24..3712.33 rows=957 width=121)
	  Recheck Cond: ((id >= 6488694) AND (id <= 6489693))
	  ->  Bitmap Index Scan on sbtest2_pkey  (cost=0.00..34.01 rows=957 width=0)
	        Index Cond: ((id >= 6488694) AND (id <= 6489693))

table 3 : explain SELECT c FROM sbtest3 WHERE id BETWEEN 4053587 AND 4054586
	Bitmap Heap Scan on sbtest3  (cost=35.11..4029.31 rows=1041 width=121)
	  Recheck Cond: ((id >= 4053587) AND (id <= 4054586))
	  ->  Bitmap Index Scan on sbtest3_pkey  (cost=0.00..34.84 rows=1041 width=0)
	        Index Cond: ((id >= 4053587) AND (id <= 4054586))

table 4 : explain SELECT c FROM sbtest4 WHERE id BETWEEN 8806053 AND 8807052
	Bitmap Heap Scan on sbtest4  (cost=34.87..3949.64 rows=1018 width=121)
	  Recheck Cond: ((id >= 8806053) AND (id <= 8807052))
	  ->  Bitmap Index Scan on sbtest4_pkey  (cost=0.00..34.62 rows=1018 width=0)
	        Index Cond: ((id >= 8806053) AND (id <= 8807052))

table 5 : explain SELECT c FROM sbtest5 WHERE id BETWEEN 2251200 AND 2252199
	Bitmap Heap Scan on sbtest5  (cost=39.79..4293.11 rows=1108 width=121)
	  Recheck Cond: ((id >= 2251200) AND (id <= 2252199))
	  ->  Bitmap Index Scan on sbtest5_pkey  (cost=0.00..39.52 rows=1108 width=0)
	        Index Cond: ((id >= 2251200) AND (id <= 2252199))

table 6 : explain SELECT c FROM sbtest6 WHERE id BETWEEN 4512234 AND 4513233
	Bitmap Heap Scan on sbtest6  (cost=35.06..4014.92 rows=1037 width=121)
	  Recheck Cond: ((id >= 4512234) AND (id <= 4513233))
	  ->  Bitmap Index Scan on sbtest6_pkey  (cost=0.00..34.81 rows=1037 width=0)
	        Index Cond: ((id >= 4512234) AND (id <= 4513233))

table 7 : explain SELECT c FROM sbtest7 WHERE id BETWEEN 1578125 AND 1579124
	Bitmap Heap Scan on sbtest7  (cost=35.24..4076.83 rows=1054 width=121)
	  Recheck Cond: ((id >= 1578125) AND (id <= 1579124))
	  ->  Bitmap Index Scan on sbtest7_pkey  (cost=0.00..34.98 rows=1054 width=0)
	        Index Cond: ((id >= 1578125) AND (id <= 1579124))

table 8 : explain SELECT c FROM sbtest8 WHERE id BETWEEN 5935094 AND 5936093
	Bitmap Heap Scan on sbtest8  (cost=29.28..3352.92 rows=863 width=121)
	  Recheck Cond: ((id >= 5935094) AND (id <= 5936093))
	  ->  Bitmap Index Scan on sbtest8_pkey  (cost=0.00..29.07 rows=863 width=0)
	        Index Cond: ((id >= 5935094) AND (id <= 5936093))

for: distinct_ranges
table 1 : explain SELECT DISTINCT c FROM sbtest1 WHERE id BETWEEN 9232195 AND 9233194 ORDER BY c
	Unique  (cost=3716.89..3721.63 rows=947 width=121)
	  ->  Sort  (cost=3716.89..3719.26 rows=947 width=121)
	        Sort Key: c
	        ->  Bitmap Heap Scan on sbtest1  (cost=30.14..3670.08 rows=947 width=121)
	              Recheck Cond: ((id >= 9232195) AND (id <= 9233194))
	              ->  Bitmap Index Scan on sbtest1_pkey  (cost=0.00..29.90 rows=947 width=0)
	                    Index Cond: ((id >= 9232195) AND (id <= 9233194))

table 2 : explain SELECT DISTINCT c FROM sbtest2 WHERE id BETWEEN 1329377 AND 1330376 ORDER BY c
	Unique  (cost=3947.26..3952.29 rows=1006 width=121)
	  ->  Sort  (cost=3947.26..3949.78 rows=1006 width=121)
	        Sort Key: c
	        ->  Bitmap Heap Scan on sbtest2  (cost=34.75..3897.09 rows=1006 width=121)
	              Recheck Cond: ((id >= 1329377) AND (id <= 1330376))
	              ->  Bitmap Index Scan on sbtest2_pkey  (cost=0.00..34.50 rows=1006 width=0)
	                    Index Cond: ((id >= 1329377) AND (id <= 1330376))

table 3 : explain SELECT DISTINCT c FROM sbtest3 WHERE id BETWEEN 9379239 AND 9380238 ORDER BY c
	Unique  (cost=3587.41..3591.97 rows=913 width=121)
	  ->  Sort  (cost=3587.41..3589.69 rows=913 width=121)
	        Sort Key: c
	        ->  Bitmap Heap Scan on sbtest3  (cost=29.79..3542.51 rows=913 width=121)
	              Recheck Cond: ((id >= 9379239) AND (id <= 9380238))
	              ->  Bitmap Index Scan on sbtest3_pkey  (cost=0.00..29.57 rows=913 width=0)
	                    Index Cond: ((id >= 9379239) AND (id <= 9380238))

table 4 : explain SELECT DISTINCT c FROM sbtest4 WHERE id BETWEEN 893519 AND 894518 ORDER BY c
	Unique  (cost=3643.44..3648.06 rows=925 width=121)
	  ->  Sort  (cost=3643.44..3645.75 rows=925 width=121)
	        Sort Key: c
	        ->  Bitmap Heap Scan on sbtest4  (cost=33.92..3597.86 rows=925 width=121)
	              Recheck Cond: ((id >= 893519) AND (id <= 894518))
	              ->  Bitmap Index Scan on sbtest4_pkey  (cost=0.00..33.69 rows=925 width=0)
	                    Index Cond: ((id >= 893519) AND (id <= 894518))

table 5 : explain SELECT DISTINCT c FROM sbtest5 WHERE id BETWEEN 7703761 AND 7704760 ORDER BY c
	Unique  (cost=3812.54..3817.39 rows=969 width=121)
	  ->  Sort  (cost=3812.54..3814.96 rows=969 width=121)
	        Sort Key: c
	        ->  Bitmap Heap Scan on sbtest5  (cost=34.37..3764.48 rows=969 width=121)
	              Recheck Cond: ((id >= 7703761) AND (id <= 7704760))
	              ->  Bitmap Index Scan on sbtest5_pkey  (cost=0.00..34.12 rows=969 width=0)
	                    Index Cond: ((id >= 7703761) AND (id <= 7704760))

table 6 : explain SELECT DISTINCT c FROM sbtest6 WHERE id BETWEEN 270389 AND 271388 ORDER BY c
	Unique  (cost=4441.17..4446.85 rows=1135 width=121)
	  ->  Sort  (cost=4441.17..4444.01 rows=1135 width=121)
	        Sort Key: c
	        ->  Bitmap Heap Scan on sbtest6  (cost=40.07..4383.58 rows=1135 width=121)
	              Recheck Cond: ((id >= 270389) AND (id <= 271388))
	              ->  Bitmap Index Scan on sbtest6_pkey  (cost=0.00..39.79 rows=1135 width=0)
	                    Index Cond: ((id >= 270389) AND (id <= 271388))

table 7 : explain SELECT DISTINCT c FROM sbtest7 WHERE id BETWEEN 5559877 AND 5560876 ORDER BY c
	Unique  (cost=4221.34..4226.73 rows=1078 width=121)
	  ->  Sort  (cost=4221.34..4224.03 rows=1078 width=121)
	        Sort Key: c
	        ->  Bitmap Heap Scan on sbtest7  (cost=35.48..4167.04 rows=1078 width=121)
	              Recheck Cond: ((id >= 5559877) AND (id <= 5560876))
	              ->  Bitmap Index Scan on sbtest7_pkey  (cost=0.00..35.22 rows=1078 width=0)
	                    Index Cond: ((id >= 5559877) AND (id <= 5560876))

table 8 : explain SELECT DISTINCT c FROM sbtest8 WHERE id BETWEEN 2556040 AND 2557039 ORDER BY c
	Unique  (cost=4100.03..4105.26 rows=1046 width=121)
	  ->  Sort  (cost=4100.03..4102.65 rows=1046 width=121)
	        Sort Key: c
	        ->  Bitmap Heap Scan on sbtest8  (cost=35.16..4047.57 rows=1046 width=121)
	              Recheck Cond: ((id >= 2556040) AND (id <= 2557039))
	              ->  Bitmap Index Scan on sbtest8_pkey  (cost=0.00..34.90 rows=1046 width=0)
	                    Index Cond: ((id >= 2556040) AND (id <= 2557039))

for: distinct_ranges
table 1 : explain SELECT DISTINCT c FROM sbtest1 WHERE id BETWEEN 9902451 AND 9903450 ORDER BY c
	Unique  (cost=3854.90..3859.81 rows=982 width=121)
	  ->  Sort  (cost=3854.90..3857.36 rows=982 width=121)
	        Sort Key: c
	        ->  Bitmap Heap Scan on sbtest1  (cost=34.50..3806.10 rows=982 width=121)
	              Recheck Cond: ((id >= 9902451) AND (id <= 9903450))
	              ->  Bitmap Index Scan on sbtest1_pkey  (cost=0.00..34.26 rows=982 width=0)
	                    Index Cond: ((id >= 9902451) AND (id <= 9903450))

table 2 : explain SELECT DISTINCT c FROM sbtest2 WHERE id BETWEEN 6428226 AND 6429225 ORDER BY c
	Unique  (cost=4344.45..4350.01 rows=1111 width=121)
	  ->  Sort  (cost=4344.45..4347.23 rows=1111 width=121)
	        Sort Key: c
	        ->  Bitmap Heap Scan on sbtest2  (cost=35.82..4288.25 rows=1111 width=121)
	              Recheck Cond: ((id >= 6428226) AND (id <= 6429225))
	              ->  Bitmap Index Scan on sbtest2_pkey  (cost=0.00..35.55 rows=1111 width=0)
	                    Index Cond: ((id >= 6428226) AND (id <= 6429225))

table 3 : explain SELECT DISTINCT c FROM sbtest3 WHERE id BETWEEN 3415661 AND 3416660 ORDER BY c
	Unique  (cost=3863.49..3868.41 rows=984 width=121)
	  ->  Sort  (cost=3863.49..3865.95 rows=984 width=121)
	        Sort Key: c
	        ->  Bitmap Heap Scan on sbtest3  (cost=34.52..3814.58 rows=984 width=121)
	              Recheck Cond: ((id >= 3415661) AND (id <= 3416660))
	              ->  Bitmap Index Scan on sbtest3_pkey  (cost=0.00..34.28 rows=984 width=0)
	                    Index Cond: ((id >= 3415661) AND (id <= 3416660))

table 4 : explain SELECT DISTINCT c FROM sbtest4 WHERE id BETWEEN 3508521 AND 3509520 ORDER BY c
	Unique  (cost=4080.98..4086.17 rows=1039 width=121)
	  ->  Sort  (cost=4080.98..4083.58 rows=1039 width=121)
	        Sort Key: c
	        ->  Bitmap Heap Scan on sbtest4  (cost=35.08..4028.92 rows=1039 width=121)
	              Recheck Cond: ((id >= 3508521) AND (id <= 3509520))
	              ->  Bitmap Index Scan on sbtest4_pkey  (cost=0.00..34.83 rows=1039 width=0)
	                    Index Cond: ((id >= 3508521) AND (id <= 3509520))

table 5 : explain SELECT DISTINCT c FROM sbtest5 WHERE id BETWEEN 5609922 AND 5610921 ORDER BY c
	Unique  (cost=3554.86..3559.38 rows=903 width=121)
	  ->  Sort  (cost=3554.86..3557.12 rows=903 width=121)
	        Sort Key: c
	        ->  Bitmap Heap Scan on sbtest5  (cost=29.69..3510.53 rows=903 width=121)
	              Recheck Cond: ((id >= 5609922) AND (id <= 5610921))
	              ->  Bitmap Index Scan on sbtest5_pkey  (cost=0.00..29.46 rows=903 width=0)
	                    Index Cond: ((id >= 5609922) AND (id <= 5610921))

table 6 : explain SELECT DISTINCT c FROM sbtest6 WHERE id BETWEEN 1215 AND 2214 ORDER BY c
	Unique  (cost=4082.16..4087.36 rows=1041 width=121)
	  ->  Sort  (cost=4082.16..4084.76 rows=1041 width=121)
	        Sort Key: c
	        ->  Bitmap Heap Scan on sbtest6  (cost=35.11..4029.98 rows=1041 width=121)
	              Recheck Cond: ((id >= 1215) AND (id <= 2214))
	              ->  Bitmap Index Scan on sbtest6_pkey  (cost=0.00..34.84 rows=1041 width=0)
	                    Index Cond: ((id >= 1215) AND (id <= 2214))

table 7 : explain SELECT DISTINCT c FROM sbtest7 WHERE id BETWEEN 3087868 AND 3088867 ORDER BY c
	Unique  (cost=3785.70..3790.52 rows=964 width=121)
	  ->  Sort  (cost=3785.70..3788.11 rows=964 width=121)
	        Sort Key: c
	        ->  Bitmap Heap Scan on sbtest7  (cost=34.32..3737.92 rows=964 width=121)
	              Recheck Cond: ((id >= 3087868) AND (id <= 3088867))
	              ->  Bitmap Index Scan on sbtest7_pkey  (cost=0.00..34.08 rows=964 width=0)
	                    Index Cond: ((id >= 3087868) AND (id <= 3088867))

table 8 : explain SELECT DISTINCT c FROM sbtest8 WHERE id BETWEEN 9087776 AND 9088775 ORDER BY c
	Unique  (cost=4248.91..4254.33 rows=1085 width=121)
	  ->  Sort  (cost=4248.91..4251.62 rows=1085 width=121)
	        Sort Key: c
	        ->  Bitmap Heap Scan on sbtest8  (cost=35.56..4194.20 rows=1085 width=121)
	              Recheck Cond: ((id >= 9087776) AND (id <= 9088775))
	              ->  Bitmap Index Scan on sbtest8_pkey  (cost=0.00..35.29 rows=1085 width=0)
	                    Index Cond: ((id >= 9087776) AND (id <= 9088775))

for: sum_ranges
table 1 : explain SELECT SUM(k) FROM sbtest1 WHERE id BETWEEN 4492244 AND 4493243
	Aggregate  (cost=3831.18..3831.19 rows=1 width=8)
	  ->  Bitmap Heap Scan on sbtest1  (cost=34.56..3828.71 rows=988 width=4)
	        Recheck Cond: ((id >= 4492244) AND (id <= 4493243))
	        ->  Bitmap Index Scan on sbtest1_pkey  (cost=0.00..34.32 rows=988 width=0)
	              Index Cond: ((id >= 4492244) AND (id <= 4493243))

table 2 : explain SELECT SUM(k) FROM sbtest2 WHERE id BETWEEN 3489185 AND 3490184
	Aggregate  (cost=4189.52..4189.53 rows=1 width=8)
	  ->  Bitmap Heap Scan on sbtest2  (cost=35.54..4186.81 rows=1083 width=4)
	        Recheck Cond: ((id >= 3489185) AND (id <= 3490184))
	        ->  Bitmap Index Scan on sbtest2_pkey  (cost=0.00..35.27 rows=1083 width=0)
	              Index Cond: ((id >= 3489185) AND (id <= 3490184))

table 3 : explain SELECT SUM(k) FROM sbtest3 WHERE id BETWEEN 4569680 AND 4570679
	Aggregate  (cost=3949.02..3949.03 rows=1 width=8)
	  ->  Bitmap Heap Scan on sbtest3  (cost=34.88..3946.48 rows=1019 width=4)
	        Recheck Cond: ((id >= 4569680) AND (id <= 4570679))
	        ->  Bitmap Index Scan on sbtest3_pkey  (cost=0.00..34.62 rows=1019 width=0)
	              Index Cond: ((id >= 4569680) AND (id <= 4570679))

table 4 : explain SELECT SUM(k) FROM sbtest4 WHERE id BETWEEN 5237128 AND 5238127
	Aggregate  (cost=3759.28..3759.29 rows=1 width=8)
	  ->  Bitmap Heap Scan on sbtest4  (cost=34.35..3756.86 rows=967 width=4)
	        Recheck Cond: ((id >= 5237128) AND (id <= 5238127))
	        ->  Bitmap Index Scan on sbtest4_pkey  (cost=0.00..34.11 rows=967 width=0)
	              Index Cond: ((id >= 5237128) AND (id <= 5238127))

table 5 : explain SELECT SUM(k) FROM sbtest5 WHERE id BETWEEN 167399 AND 168398
	Aggregate  (cost=4008.91..4008.92 rows=1 width=8)
	  ->  Bitmap Heap Scan on sbtest5  (cost=35.02..4006.33 rows=1033 width=4)
	        Recheck Cond: ((id >= 167399) AND (id <= 168398))
	        ->  Bitmap Index Scan on sbtest5_pkey  (cost=0.00..34.77 rows=1033 width=0)
	              Index Cond: ((id >= 167399) AND (id <= 168398))

table 6 : explain SELECT SUM(k) FROM sbtest6 WHERE id BETWEEN 5766239 AND 5767238
	Aggregate  (cost=3893.12..3893.13 rows=1 width=8)
	  ->  Bitmap Heap Scan on sbtest6  (cost=34.73..3890.61 rows=1004 width=4)
	        Recheck Cond: ((id >= 5766239) AND (id <= 5767238))
	        ->  Bitmap Index Scan on sbtest6_pkey  (cost=0.00..34.48 rows=1004 width=0)
	              Index Cond: ((id >= 5766239) AND (id <= 5767238))

table 7 : explain SELECT SUM(k) FROM sbtest7 WHERE id BETWEEN 2868374 AND 2869373
	Aggregate  (cost=4034.31..4034.32 rows=1 width=8)
	  ->  Bitmap Heap Scan on sbtest7  (cost=35.12..4031.71 rows=1042 width=4)
	        Recheck Cond: ((id >= 2868374) AND (id <= 2869373))
	        ->  Bitmap Index Scan on sbtest7_pkey  (cost=0.00..34.86 rows=1042 width=0)
	              Index Cond: ((id >= 2868374) AND (id <= 2869373))

table 8 : explain SELECT SUM(k) FROM sbtest8 WHERE id BETWEEN 547258 AND 548257
	Aggregate  (cost=3695.74..3695.75 rows=1 width=8)
	  ->  Bitmap Heap Scan on sbtest8  (cost=34.19..3693.36 rows=952 width=4)
	        Recheck Cond: ((id >= 547258) AND (id <= 548257))
	        ->  Bitmap Index Scan on sbtest8_pkey  (cost=0.00..33.95 rows=952 width=0)
	              Index Cond: ((id >= 547258) AND (id <= 548257))

explain: for point_selects :: explain SELECT c FROM sbtest%u WHERE id=%u
for: sum_ranges
table 1 : explain SELECT SUM(k) FROM sbtest1 WHERE id BETWEEN 6497357 AND 6498356
	Aggregate  (cost=4290.38..4290.39 rows=1 width=8)
	  ->  Bitmap Heap Scan on sbtest1  (cost=35.82..4287.60 rows=1111 width=4)
	        Recheck Cond: ((id >= 6497357) AND (id <= 6498356))
	        ->  Bitmap Index Scan on sbtest1_pkey  (cost=0.00..35.55 rows=1111 width=0)
	              Index Cond: ((id >= 6497357) AND (id <= 6498356))

table 2 : explain SELECT SUM(k) FROM sbtest2 WHERE id BETWEEN 5770291 AND 5771290
	Aggregate  (cost=3544.44..3544.45 rows=1 width=8)
	  ->  Bitmap Heap Scan on sbtest2  (cost=29.79..3542.16 rows=913 width=4)
	        Recheck Cond: ((id >= 5770291) AND (id <= 5771290))
	        ->  Bitmap Index Scan on sbtest2_pkey  (cost=0.00..29.57 rows=913 width=0)
	              Index Cond: ((id >= 5770291) AND (id <= 5771290))

table 3 : explain SELECT SUM(k) FROM sbtest3 WHERE id BETWEEN 1964398 AND 1965397
	Aggregate  (cost=4024.38..4024.39 rows=1 width=8)
	  ->  Bitmap Heap Scan on sbtest3  (cost=35.08..4021.78 rows=1039 width=4)
	        Recheck Cond: ((id >= 1964398) AND (id <= 1965397))
	        ->  Bitmap Index Scan on sbtest3_pkey  (cost=0.00..34.83 rows=1039 width=0)
	              Index Cond: ((id >= 1964398) AND (id <= 1965397))

table 4 : explain SELECT SUM(k) FROM sbtest4 WHERE id BETWEEN 5835641 AND 5836640
	Aggregate  (cost=3880.35..3880.36 rows=1 width=8)
	  ->  Bitmap Heap Scan on sbtest4  (cost=34.67..3877.86 rows=999 width=4)
	        Recheck Cond: ((id >= 5835641) AND (id <= 5836640))
	        ->  Bitmap Index Scan on sbtest4_pkey  (cost=0.00..34.43 rows=999 width=0)
	              Index Cond: ((id >= 5835641) AND (id <= 5836640))

table 5 : explain SELECT SUM(k) FROM sbtest5 WHERE id BETWEEN 6777963 AND 6778962
	Aggregate  (cost=3751.76..3751.77 rows=1 width=8)
	  ->  Bitmap Heap Scan on sbtest5  (cost=34.33..3749.34 rows=965 width=4)
	        Recheck Cond: ((id >= 6777963) AND (id <= 6778962))
	        ->  Bitmap Index Scan on sbtest5_pkey  (cost=0.00..34.09 rows=965 width=0)
	              Index Cond: ((id >= 6777963) AND (id <= 6778962))

table 6 : explain SELECT SUM(k) FROM sbtest6 WHERE id BETWEEN 7900272 AND 7901271
	Aggregate  (cost=4036.35..4036.36 rows=1 width=8)
	  ->  Bitmap Heap Scan on sbtest6  (cost=35.12..4033.75 rows=1042 width=4)
	        Recheck Cond: ((id >= 7900272) AND (id <= 7901271))
	        ->  Bitmap Index Scan on sbtest6_pkey  (cost=0.00..34.86 rows=1042 width=0)
	              Index Cond: ((id >= 7900272) AND (id <= 7901271))

table 7 : explain SELECT SUM(k) FROM sbtest7 WHERE id BETWEEN 2558191 AND 2559190
	Aggregate  (cost=4053.13..4053.14 rows=1 width=8)
	  ->  Bitmap Heap Scan on sbtest7  (cost=35.17..4050.51 rows=1047 width=4)
	        Recheck Cond: ((id >= 2558191) AND (id <= 2559190))
	        ->  Bitmap Index Scan on sbtest7_pkey  (cost=0.00..34.91 rows=1047 width=0)
	              Index Cond: ((id >= 2558191) AND (id <= 2559190))

table 8 : explain SELECT SUM(k) FROM sbtest8 WHERE id BETWEEN 7062322 AND 7063321
	Aggregate  (cost=3714.63..3714.64 rows=1 width=8)
	  ->  Bitmap Heap Scan on sbtest8  (cost=34.24..3712.23 rows=957 width=4)
	        Recheck Cond: ((id >= 7062322) AND (id <= 7063321))
	        ->  Bitmap Index Scan on sbtest8_pkey  (cost=0.00..34.01 rows=957 width=0)
	              Index Cond: ((id >= 7062322) AND (id <= 7063321))

for: sum_ranges
table 1 : explain SELECT SUM(k) FROM sbtest1 WHERE id BETWEEN 2790758 AND 2791757
	Aggregate  (cost=3615.78..3615.79 rows=1 width=8)
	  ->  Bitmap Heap Scan on sbtest1  (cost=29.99..3613.45 rows=932 width=4)
	        Recheck Cond: ((id >= 2790758) AND (id <= 2791757))
	        ->  Bitmap Index Scan on sbtest1_pkey  (cost=0.00..29.75 rows=932 width=0)
	              Index Cond: ((id >= 2790758) AND (id <= 2791757))

table 2 : explain SELECT SUM(k) FROM sbtest2 WHERE id BETWEEN 8119290 AND 8120289
	Aggregate  (cost=3929.76..3929.77 rows=1 width=8)
	  ->  Bitmap Heap Scan on sbtest2  (cost=34.83..3927.23 rows=1014 width=4)
	        Recheck Cond: ((id >= 8119290) AND (id <= 8120289))
	        ->  Bitmap Index Scan on sbtest2_pkey  (cost=0.00..34.58 rows=1014 width=0)
	              Index Cond: ((id >= 8119290) AND (id <= 8120289))

table 3 : explain SELECT SUM(k) FROM sbtest3 WHERE id BETWEEN 6073169 AND 6074168
	Aggregate  (cost=4050.74..4050.75 rows=1 width=8)
	  ->  Bitmap Heap Scan on sbtest3  (cost=35.16..4048.12 rows=1046 width=4)
	        Recheck Cond: ((id >= 6073169) AND (id <= 6074168))
	        ->  Bitmap Index Scan on sbtest3_pkey  (cost=0.00..34.90 rows=1046 width=0)
	              Index Cond: ((id >= 6073169) AND (id <= 6074168))

table 4 : explain SELECT SUM(k) FROM sbtest4 WHERE id BETWEEN 7082656 AND 7083655
	Aggregate  (cost=4035.29..4035.30 rows=1 width=8)
	  ->  Bitmap Heap Scan on sbtest4  (cost=35.09..4032.69 rows=1040 width=4)
	        Recheck Cond: ((id >= 7082656) AND (id <= 7083655))
	        ->  Bitmap Index Scan on sbtest4_pkey  (cost=0.00..34.84 rows=1040 width=0)
	              Index Cond: ((id >= 7082656) AND (id <= 7083655))

table 5 : explain SELECT SUM(k) FROM sbtest5 WHERE id BETWEEN 9075525 AND 9076524
	Aggregate  (cost=4073.11..4073.12 rows=1 width=8)
	  ->  Bitmap Heap Scan on sbtest5  (cost=35.20..4070.48 rows=1050 width=4)
	        Recheck Cond: ((id >= 9075525) AND (id <= 9076524))
	        ->  Bitmap Index Scan on sbtest5_pkey  (cost=0.00..34.94 rows=1050 width=0)
	              Index Cond: ((id >= 9075525) AND (id <= 9076524))

table 6 : explain SELECT SUM(k) FROM sbtest6 WHERE id BETWEEN 5198925 AND 5199924
	Aggregate  (cost=3761.03..3761.04 rows=1 width=8)
	  ->  Bitmap Heap Scan on sbtest6  (cost=34.37..3758.61 rows=969 width=4)
	        Recheck Cond: ((id >= 5198925) AND (id <= 5199924))
	        ->  Bitmap Index Scan on sbtest6_pkey  (cost=0.00..34.12 rows=969 width=0)
	              Index Cond: ((id >= 5198925) AND (id <= 5199924))

table 7 : explain SELECT SUM(k) FROM sbtest7 WHERE id BETWEEN 2812715 AND 2813714
	Aggregate  (cost=4034.31..4034.32 rows=1 width=8)
	  ->  Bitmap Heap Scan on sbtest7  (cost=35.12..4031.71 rows=1042 width=4)
	        Recheck Cond: ((id >= 2812715) AND (id <= 2813714))
	        ->  Bitmap Index Scan on sbtest7_pkey  (cost=0.00..34.86 rows=1042 width=0)
	              Index Cond: ((id >= 2812715) AND (id <= 2813714))

table 8 : explain SELECT SUM(k) FROM sbtest8 WHERE id BETWEEN 5878422 AND 5879421
	Aggregate  (cost=3907.04..3907.05 rows=1 width=8)
	  ->  Bitmap Heap Scan on sbtest8  (cost=34.77..3904.52 rows=1008 width=4)
	        Recheck Cond: ((id >= 5878422) AND (id <= 5879421))
	        ->  Bitmap Index Scan on sbtest8_pkey  (cost=0.00..34.52 rows=1008 width=0)
	              Index Cond: ((id >= 5878422) AND (id <= 5879421))

explain: for point_selects :: explain SELECT c FROM sbtest%u WHERE id=%u
for point_selects
table 1 : explain SELECT c FROM sbtest1 WHERE id=5422521
	Index Scan using sbtest1_pkey on sbtest1  (cost=0.43..8.45 rows=1 width=121)
	  Index Cond: (id = 5422521)

table 2 : explain SELECT c FROM sbtest2 WHERE id=2737865
	Index Scan using sbtest2_pkey on sbtest2  (cost=0.43..8.45 rows=1 width=121)
	  Index Cond: (id = 2737865)

table 3 : explain SELECT c FROM sbtest3 WHERE id=640903
	Index Scan using sbtest3_pkey on sbtest3  (cost=0.43..8.45 rows=1 width=121)
	  Index Cond: (id = 640903)

table 4 : explain SELECT c FROM sbtest4 WHERE id=5146549
	Index Scan using sbtest4_pkey on sbtest4  (cost=0.43..8.45 rows=1 width=121)
	  Index Cond: (id = 5146549)

table 5 : explain SELECT c FROM sbtest5 WHERE id=4654014
	Index Scan using sbtest5_pkey on sbtest5  (cost=0.43..8.45 rows=1 width=121)
	  Index Cond: (id = 4654014)

table 6 : explain SELECT c FROM sbtest6 WHERE id=1237933
	Index Scan using sbtest6_pkey on sbtest6  (cost=0.43..8.45 rows=1 width=121)
	  Index Cond: (id = 1237933)

table 7 : explain SELECT c FROM sbtest7 WHERE id=799727
	Index Scan using sbtest7_pkey on sbtest7  (cost=0.43..8.45 rows=1 width=121)
	  Index Cond: (id = 799727)

table 8 : explain SELECT c FROM sbtest8 WHERE id=8774850
	Index Scan using sbtest8_pkey on sbtest8  (cost=0.43..8.45 rows=1 width=121)
	  Index Cond: (id = 8774850)

for: sum_ranges
table 1 : explain SELECT SUM(k) FROM sbtest1 WHERE id BETWEEN 3484798 AND 3485797
	Aggregate  (cost=3714.21..3714.22 rows=1 width=8)
	  ->  Bitmap Heap Scan on sbtest1  (cost=34.24..3711.81 rows=957 width=4)
	        Recheck Cond: ((id >= 3484798) AND (id <= 3485797))
	        ->  Bitmap Index Scan on sbtest1_pkey  (cost=0.00..34.01 rows=957 width=0)
	              Index Cond: ((id >= 3484798) AND (id <= 3485797))

table 2 : explain SELECT SUM(k) FROM sbtest2 WHERE id BETWEEN 454149 AND 455148
	Aggregate  (cost=3612.50..3612.51 rows=1 width=8)
	  ->  Bitmap Heap Scan on sbtest2  (cost=29.98..3610.17 rows=931 width=4)
	        Recheck Cond: ((id >= 454149) AND (id <= 455148))
	        ->  Bitmap Index Scan on sbtest2_pkey  (cost=0.00..29.75 rows=931 width=0)
	              Index Cond: ((id >= 454149) AND (id <= 455148))

table 3 : explain SELECT SUM(k) FROM sbtest3 WHERE id BETWEEN 2126500 AND 2127499
	Aggregate  (cost=3960.33..3960.34 rows=1 width=8)
	  ->  Bitmap Heap Scan on sbtest3  (cost=34.91..3957.78 rows=1022 width=4)
	        Recheck Cond: ((id >= 2126500) AND (id <= 2127499))
	        ->  Bitmap Index Scan on sbtest3_pkey  (cost=0.00..34.66 rows=1022 width=0)
	              Index Cond: ((id >= 2126500) AND (id <= 2127499))

table 4 : explain SELECT SUM(k) FROM sbtest4 WHERE id BETWEEN 6576619 AND 6577618
	Aggregate  (cost=4046.62..4046.63 rows=1 width=8)
	  ->  Bitmap Heap Scan on sbtest4  (cost=35.13..4044.02 rows=1043 width=4)
	        Recheck Cond: ((id >= 6576619) AND (id <= 6577618))
	        ->  Bitmap Index Scan on sbtest4_pkey  (cost=0.00..34.87 rows=1043 width=0)
	              Index Cond: ((id >= 6576619) AND (id <= 6577618))

table 5 : explain SELECT SUM(k) FROM sbtest5 WHERE id BETWEEN 1145111 AND 1146110
	Aggregate  (cost=4212.72..4212.73 rows=1 width=8)
	  ->  Bitmap Heap Scan on sbtest5  (cost=35.58..4210.00 rows=1087 width=4)
	        Recheck Cond: ((id >= 1145111) AND (id <= 1146110))
	        ->  Bitmap Index Scan on sbtest5_pkey  (cost=0.00..35.31 rows=1087 width=0)
	              Index Cond: ((id >= 1145111) AND (id <= 1146110))

table 6 : explain SELECT SUM(k) FROM sbtest6 WHERE id BETWEEN 1080983 AND 1081982
	Aggregate  (cost=3446.78..3446.79 rows=1 width=8)
	  ->  Index Scan using sbtest6_pkey on sbtest6  (cost=0.43..3444.58 rows=878 width=4)
	        Index Cond: ((id >= 1080983) AND (id <= 1081982))

table 7 : explain SELECT SUM(k) FROM sbtest7 WHERE id BETWEEN 5480830 AND 5481829
	Aggregate  (cost=3838.41..3838.42 rows=1 width=8)
	  ->  Bitmap Heap Scan on sbtest7  (cost=34.58..3835.93 rows=990 width=4)
	        Recheck Cond: ((id >= 5480830) AND (id <= 5481829))
	        ->  Bitmap Index Scan on sbtest7_pkey  (cost=0.00..34.34 rows=990 width=0)
	              Index Cond: ((id >= 5480830) AND (id <= 5481829))

table 8 : explain SELECT SUM(k) FROM sbtest8 WHERE id BETWEEN 8061882 AND 8062881
	Aggregate  (cost=3959.80..3959.81 rows=1 width=8)
	  ->  Bitmap Heap Scan on sbtest8  (cost=34.91..3957.25 rows=1022 width=4)
	        Recheck Cond: ((id >= 8061882) AND (id <= 8062881))
	        ->  Bitmap Index Scan on sbtest8_pkey  (cost=0.00..34.66 rows=1022 width=0)
	              Index Cond: ((id >= 8061882) AND (id <= 8062881))

explain: for point_selects :: explain SELECT c FROM sbtest%u WHERE id=%u
explain: for point_selects :: explain SELECT c FROM sbtest%u WHERE id=%u
explain: for point_selects :: explain SELECT c FROM sbtest%u WHERE id=%u
explain: for point_selects :: explain SELECT c FROM sbtest%u WHERE id=%u
for point_selects
table 1 : explain SELECT c FROM sbtest1 WHERE id=3222763
	Index Scan using sbtest1_pkey on sbtest1  (cost=0.43..8.45 rows=1 width=121)
	  Index Cond: (id = 3222763)

table 2 : explain SELECT c FROM sbtest2 WHERE id=8840359
	Index Scan using sbtest2_pkey on sbtest2  (cost=0.43..8.45 rows=1 width=121)
	  Index Cond: (id = 8840359)

table 3 : explain SELECT c FROM sbtest3 WHERE id=9815511
	Index Scan using sbtest3_pkey on sbtest3  (cost=0.43..8.45 rows=1 width=121)
	  Index Cond: (id = 9815511)

table 4 : explain SELECT c FROM sbtest4 WHERE id=4143708
	Index Scan using sbtest4_pkey on sbtest4  (cost=0.43..8.45 rows=1 width=121)
	  Index Cond: (id = 4143708)

table 5 : explain SELECT c FROM sbtest5 WHERE id=633674
	Index Scan using sbtest5_pkey on sbtest5  (cost=0.43..8.45 rows=1 width=121)
	  Index Cond: (id = 633674)

table 6 : explain SELECT c FROM sbtest6 WHERE id=8697331
	Index Scan using sbtest6_pkey on sbtest6  (cost=0.43..8.45 rows=1 width=121)
	  Index Cond: (id = 8697331)

table 7 : explain SELECT c FROM sbtest7 WHERE id=189838
	Index Scan using sbtest7_pkey on sbtest7  (cost=0.43..8.45 rows=1 width=121)
	  Index Cond: (id = 189838)

table 8 : explain SELECT c FROM sbtest8 WHERE id=4688683
	Index Scan using sbtest8_pkey on sbtest8  (cost=0.43..8.45 rows=1 width=121)
	  Index Cond: (id = 4688683)

for point_selects
table 1 : explain SELECT c FROM sbtest1 WHERE id=7981647
	Index Scan using sbtest1_pkey on sbtest1  (cost=0.43..8.45 rows=1 width=121)
	  Index Cond: (id = 7981647)

table 2 : explain SELECT c FROM sbtest2 WHERE id=2812106
	Index Scan using sbtest2_pkey on sbtest2  (cost=0.43..8.45 rows=1 width=121)
	  Index Cond: (id = 2812106)

table 3 : explain SELECT c FROM sbtest3 WHERE id=9853393
	Index Scan using sbtest3_pkey on sbtest3  (cost=0.43..8.45 rows=1 width=121)
	  Index Cond: (id = 9853393)

table 4 : explain SELECT c FROM sbtest4 WHERE id=9072124
	Index Scan using sbtest4_pkey on sbtest4  (cost=0.43..8.45 rows=1 width=121)
	  Index Cond: (id = 9072124)

table 5 : explain SELECT c FROM sbtest5 WHERE id=7894932
	Index Scan using sbtest5_pkey on sbtest5  (cost=0.43..8.45 rows=1 width=121)
	  Index Cond: (id = 7894932)

table 6 : explain SELECT c FROM sbtest6 WHERE id=6528009
	Index Scan using sbtest6_pkey on sbtest6  (cost=0.43..8.45 rows=1 width=121)
	  Index Cond: (id = 6528009)

table 7 : explain SELECT c FROM sbtest7 WHERE id=6420853
	Index Scan using sbtest7_pkey on sbtest7  (cost=0.43..8.45 rows=1 width=121)
	  Index Cond: (id = 6420853)

table 8 : explain SELECT c FROM sbtest8 WHERE id=4815396
	Index Scan using sbtest8_pkey on sbtest8  (cost=0.43..8.45 rows=1 width=121)
	  Index Cond: (id = 4815396)

for: order_ranges
table 1 : explain SELECT c FROM sbtest1 WHERE id BETWEEN 1562045 AND 1563044 ORDER BY c
	Sort  (cost=3984.93..3987.47 rows=1016 width=121)
	  Sort Key: c
	  ->  Bitmap Heap Scan on sbtest1  (cost=34.85..3934.19 rows=1016 width=121)
	        Recheck Cond: ((id >= 1562045) AND (id <= 1563044))
	        ->  Bitmap Index Scan on sbtest1_pkey  (cost=0.00..34.59 rows=1016 width=0)
	              Index Cond: ((id >= 1562045) AND (id <= 1563044))

table 2 : explain SELECT c FROM sbtest2 WHERE id BETWEEN 1214437 AND 1215436 ORDER BY c
	Sort  (cost=4153.61..4156.26 rows=1060 width=121)
	  Sort Key: c
	  ->  Bitmap Heap Scan on sbtest2  (cost=35.30..4100.35 rows=1060 width=121)
	        Recheck Cond: ((id >= 1214437) AND (id <= 1215436))
	        ->  Bitmap Index Scan on sbtest2_pkey  (cost=0.00..35.04 rows=1060 width=0)
	              Index Cond: ((id >= 1214437) AND (id <= 1215436))

table 3 : explain SELECT c FROM sbtest3 WHERE id BETWEEN 8373562 AND 8374561 ORDER BY c
	Sort  (cost=3564.39..3566.65 rows=907 width=121)
	  Sort Key: c
	  ->  Bitmap Heap Scan on sbtest3  (cost=29.73..3519.83 rows=907 width=121)
	        Recheck Cond: ((id >= 8373562) AND (id <= 8374561))
	        ->  Bitmap Index Scan on sbtest3_pkey  (cost=0.00..29.50 rows=907 width=0)
	              Index Cond: ((id >= 8373562) AND (id <= 8374561))

table 4 : explain SELECT c FROM sbtest4 WHERE id BETWEEN 5515618 AND 5516617 ORDER BY c
	Sort  (cost=3751.04..3753.43 rows=953 width=121)
	  Sort Key: c
	  ->  Bitmap Heap Scan on sbtest4  (cost=34.20..3703.89 rows=953 width=121)
	        Recheck Cond: ((id >= 5515618) AND (id <= 5516617))
	        ->  Bitmap Index Scan on sbtest4_pkey  (cost=0.00..33.97 rows=953 width=0)
	              Index Cond: ((id >= 5515618) AND (id <= 5516617))

table 5 : explain SELECT c FROM sbtest5 WHERE id BETWEEN 5394168 AND 5395167 ORDER BY c
	Sort  (cost=3904.66..3907.14 rows=993 width=121)
	  Sort Key: c
	  ->  Bitmap Heap Scan on sbtest5  (cost=34.61..3855.23 rows=993 width=121)
	        Recheck Cond: ((id >= 5394168) AND (id <= 5395167))
	        ->  Bitmap Index Scan on sbtest5_pkey  (cost=0.00..34.37 rows=993 width=0)
	              Index Cond: ((id >= 5394168) AND (id <= 5395167))

table 6 : explain SELECT c FROM sbtest6 WHERE id BETWEEN 3910455 AND 3911454 ORDER BY c
	Sort  (cost=3737.70..3740.08 rows=951 width=121)
	  Sort Key: c
	  ->  Bitmap Heap Scan on sbtest6  (cost=34.18..3690.66 rows=951 width=121)
	        Recheck Cond: ((id >= 3910455) AND (id <= 3911454))
	        ->  Bitmap Index Scan on sbtest6_pkey  (cost=0.00..33.95 rows=951 width=0)
	              Index Cond: ((id >= 3910455) AND (id <= 3911454))

table 7 : explain SELECT c FROM sbtest7 WHERE id BETWEEN 1159389 AND 1160388 ORDER BY c
	Sort  (cost=3969.32..3971.85 rows=1012 width=121)
	  Sort Key: c
	  ->  Bitmap Heap Scan on sbtest7  (cost=34.81..3918.80 rows=1012 width=121)
	        Recheck Cond: ((id >= 1159389) AND (id <= 1160388))
	        ->  Bitmap Index Scan on sbtest7_pkey  (cost=0.00..34.56 rows=1012 width=0)
	              Index Cond: ((id >= 1159389) AND (id <= 1160388))

table 8 : explain SELECT c FROM sbtest8 WHERE id BETWEEN 667673 AND 668672 ORDER BY c
	Sort  (cost=4348.33..4351.10 rows=1111 width=121)
	  Sort Key: c
	  ->  Bitmap Heap Scan on sbtest8  (cost=39.82..4292.12 rows=1111 width=121)
	        Recheck Cond: ((id >= 667673) AND (id <= 668672))
	        ->  Bitmap Index Scan on sbtest8_pkey  (cost=0.00..39.55 rows=1111 width=0)
	              Index Cond: ((id >= 667673) AND (id <= 668672))

for: simple_ranges
table 1 : explain SELECT c FROM sbtest1 WHERE id BETWEEN 4951087 AND 4952086
	Bitmap Heap Scan on sbtest1  (cost=29.99..3613.45 rows=932 width=121)
	  Recheck Cond: ((id >= 4951087) AND (id <= 4952086))
	  ->  Bitmap Index Scan on sbtest1_pkey  (cost=0.00..29.75 rows=932 width=0)
	        Index Cond: ((id >= 4951087) AND (id <= 4952086))

table 2 : explain SELECT c FROM sbtest2 WHERE id BETWEEN 6179307 AND 6180306
	Bitmap Heap Scan on sbtest2  (cost=34.81..3919.69 rows=1012 width=121)
	  Recheck Cond: ((id >= 6179307) AND (id <= 6180306))
	  ->  Bitmap Index Scan on sbtest2_pkey  (cost=0.00..34.56 rows=1012 width=0)
	        Index Cond: ((id >= 6179307) AND (id <= 6180306))

table 3 : explain SELECT c FROM sbtest3 WHERE id BETWEEN 4994530 AND 4995529
	Bitmap Heap Scan on sbtest3  (cost=35.05..4010.49 rows=1036 width=121)
	  Recheck Cond: ((id >= 4994530) AND (id <= 4995529))
	  ->  Bitmap Index Scan on sbtest3_pkey  (cost=0.00..34.80 rows=1036 width=0)
	        Index Cond: ((id >= 4994530) AND (id <= 4995529))

table 4 : explain SELECT c FROM sbtest4 WHERE id BETWEEN 9321268 AND 9322267
	Bitmap Heap Scan on sbtest4  (cost=34.82..3930.75 rows=1013 width=121)
	  Recheck Cond: ((id >= 9321268) AND (id <= 9322267))
	  ->  Bitmap Index Scan on sbtest4_pkey  (cost=0.00..34.57 rows=1013 width=0)
	        Index Cond: ((id >= 9321268) AND (id <= 9322267))

table 5 : explain SELECT c FROM sbtest5 WHERE id BETWEEN 6248255 AND 6249254
	Bitmap Heap Scan on sbtest5  (cost=29.68..3506.74 rows=902 width=121)
	  Recheck Cond: ((id >= 6248255) AND (id <= 6249254))
	  ->  Bitmap Index Scan on sbtest5_pkey  (cost=0.00..29.45 rows=902 width=0)
	        Index Cond: ((id >= 6248255) AND (id <= 6249254))

table 6 : explain SELECT c FROM sbtest6 WHERE id BETWEEN 4171823 AND 4172822
	Bitmap Heap Scan on sbtest6  (cost=35.12..4033.75 rows=1042 width=121)
	  Recheck Cond: ((id >= 4171823) AND (id <= 4172822))
	  ->  Bitmap Index Scan on sbtest6_pkey  (cost=0.00..34.86 rows=1042 width=0)
	        Index Cond: ((id >= 4171823) AND (id <= 4172822))

table 7 : explain SELECT c FROM sbtest7 WHERE id BETWEEN 8939488 AND 8940487
	Bitmap Heap Scan on sbtest7  (cost=35.27..4088.11 rows=1057 width=121)
	  Recheck Cond: ((id >= 8939488) AND (id <= 8940487))
	  ->  Bitmap Index Scan on sbtest7_pkey  (cost=0.00..35.01 rows=1057 width=0)
	        Index Cond: ((id >= 8939488) AND (id <= 8940487))

table 8 : explain SELECT c FROM sbtest8 WHERE id BETWEEN 4450067 AND 4451066
	Bitmap Heap Scan on sbtest8  (cost=34.15..3678.27 rows=948 width=121)
	  Recheck Cond: ((id >= 4450067) AND (id <= 4451066))
	  ->  Bitmap Index Scan on sbtest8_pkey  (cost=0.00..33.92 rows=948 width=0)
	        Index Cond: ((id >= 4450067) AND (id <= 4451066))

for: order_ranges
table 1 : explain SELECT c FROM sbtest1 WHERE id BETWEEN 2736654 AND 2737653 ORDER BY c
	Sort  (cost=4187.36..4190.03 rows=1069 width=121)
	  Sort Key: c
	  ->  Bitmap Heap Scan on sbtest1  (cost=35.39..4133.57 rows=1069 width=121)
	        Recheck Cond: ((id >= 2736654) AND (id <= 2737653))
	        ->  Bitmap Index Scan on sbtest1_pkey  (cost=0.00..35.12 rows=1069 width=0)
	              Index Cond: ((id >= 2736654) AND (id <= 2737653))

table 2 : explain SELECT c FROM sbtest2 WHERE id BETWEEN 8360606 AND 8361605 ORDER BY c
	Sort  (cost=3759.72..3762.11 rows=957 width=121)
	  Sort Key: c
	  ->  Bitmap Heap Scan on sbtest2  (cost=34.24..3712.33 rows=957 width=121)
	        Recheck Cond: ((id >= 8360606) AND (id <= 8361605))
	        ->  Bitmap Index Scan on sbtest2_pkey  (cost=0.00..34.01 rows=957 width=0)
	              Index Cond: ((id >= 8360606) AND (id <= 8361605))

table 3 : explain SELECT c FROM sbtest3 WHERE id BETWEEN 1896564 AND 1897563 ORDER BY c
	Sort  (cost=4073.84..4076.44 rows=1039 width=121)
	  Sort Key: c
	  ->  Bitmap Heap Scan on sbtest3  (cost=35.08..4021.78 rows=1039 width=121)
	        Recheck Cond: ((id >= 1896564) AND (id <= 1897563))
	        ->  Bitmap Index Scan on sbtest3_pkey  (cost=0.00..34.83 rows=1039 width=0)
	              Index Cond: ((id >= 1896564) AND (id <= 1897563))

table 4 : explain SELECT c FROM sbtest4 WHERE id BETWEEN 2755308 AND 2756307 ORDER BY c
	Sort  (cost=3950.64..3953.15 rows=1005 width=121)
	  Sort Key: c
	  ->  Bitmap Heap Scan on sbtest4  (cost=34.74..3900.53 rows=1005 width=121)
	        Recheck Cond: ((id >= 2755308) AND (id <= 2756307))
	        ->  Bitmap Index Scan on sbtest4_pkey  (cost=0.00..34.48 rows=1005 width=0)
	              Index Cond: ((id >= 2755308) AND (id <= 2756307))

table 5 : explain SELECT c FROM sbtest5 WHERE id BETWEEN 7236438 AND 7237437 ORDER BY c
	Sort  (cost=4268.64..4271.36 rows=1088 width=121)
	  Sort Key: c
	  ->  Bitmap Heap Scan on sbtest5  (cost=35.59..4213.77 rows=1088 width=121)
	        Recheck Cond: ((id >= 7236438) AND (id <= 7237437))
	        ->  Bitmap Index Scan on sbtest5_pkey  (cost=0.00..35.32 rows=1088 width=0)
	              Index Cond: ((id >= 7236438) AND (id <= 7237437))

table 6 : explain SELECT c FROM sbtest6 WHERE id BETWEEN 3864504 AND 3865503 ORDER BY c
	Sort  (cost=3737.70..3740.08 rows=951 width=121)
	  Sort Key: c
	  ->  Bitmap Heap Scan on sbtest6  (cost=34.18..3690.66 rows=951 width=121)
	        Recheck Cond: ((id >= 3864504) AND (id <= 3865503))
	        ->  Bitmap Index Scan on sbtest6_pkey  (cost=0.00..33.95 rows=951 width=0)
	              Index Cond: ((id >= 3864504) AND (id <= 3865503))

table 7 : explain SELECT c FROM sbtest7 WHERE id BETWEEN 6171336 AND 6172335 ORDER BY c
	Sort  (cost=3739.75..3742.13 rows=952 width=121)
	  Sort Key: c
	  ->  Bitmap Heap Scan on sbtest7  (cost=34.19..3692.65 rows=952 width=121)
	        Recheck Cond: ((id >= 6171336) AND (id <= 6172335))
	        ->  Bitmap Index Scan on sbtest7_pkey  (cost=0.00..33.95 rows=952 width=0)
	              Index Cond: ((id >= 6171336) AND (id <= 6172335))

table 8 : explain SELECT c FROM sbtest8 WHERE id BETWEEN 9161671 AND 9162670 ORDER BY c
	Sort  (cost=3981.57..3984.11 rows=1015 width=121)
	  Sort Key: c
	  ->  Bitmap Heap Scan on sbtest8  (cost=34.84..3930.89 rows=1015 width=121)
	        Recheck Cond: ((id >= 9161671) AND (id <= 9162670))
	        ->  Bitmap Index Scan on sbtest8_pkey  (cost=0.00..34.59 rows=1015 width=0)
	              Index Cond: ((id >= 9161671) AND (id <= 9162670))

for: order_ranges
table 1 : explain SELECT c FROM sbtest1 WHERE id BETWEEN 418190 AND 419189 ORDER BY c
	Sort  (cost=4378.10..4380.90 rows=1120 width=121)
	  Sort Key: c
	  ->  Bitmap Heap Scan on sbtest1  (cost=35.92..4321.38 rows=1120 width=121)
	        Recheck Cond: ((id >= 418190) AND (id <= 419189))
	        ->  Bitmap Index Scan on sbtest1_pkey  (cost=0.00..35.64 rows=1120 width=0)
	              Index Cond: ((id >= 418190) AND (id <= 419189))

table 2 : explain SELECT c FROM sbtest2 WHERE id BETWEEN 6991347 AND 6992346 ORDER BY c
	Sort  (cost=3909.01..3911.50 rows=996 width=121)
	  Sort Key: c
	  ->  Bitmap Heap Scan on sbtest2  (cost=34.64..3859.41 rows=996 width=121)
	        Recheck Cond: ((id >= 6991347) AND (id <= 6992346))
	        ->  Bitmap Index Scan on sbtest2_pkey  (cost=0.00..34.40 rows=996 width=0)
	              Index Cond: ((id >= 6991347) AND (id <= 6992346))

table 3 : explain SELECT c FROM sbtest3 WHERE id BETWEEN 8269819 AND 8270818 ORDER BY c
	Sort  (cost=3633.44..3635.75 rows=925 width=121)
	  Sort Key: c
	  ->  Bitmap Heap Scan on sbtest3  (cost=29.92..3587.87 rows=925 width=121)
	        Recheck Cond: ((id >= 8269819) AND (id <= 8270818))
	        ->  Bitmap Index Scan on sbtest3_pkey  (cost=0.00..29.68 rows=925 width=0)
	              Index Cond: ((id >= 8269819) AND (id <= 8270818))

table 4 : explain SELECT c FROM sbtest4 WHERE id BETWEEN 4388753 AND 4389752 ORDER BY c
	Sort  (cost=4356.73..4359.50 rows=1110 width=121)
	  Sort Key: c
	  ->  Bitmap Heap Scan on sbtest4  (cost=39.81..4300.58 rows=1110 width=121)
	        Recheck Cond: ((id >= 4388753) AND (id <= 4389752))
	        ->  Bitmap Index Scan on sbtest4_pkey  (cost=0.00..39.54 rows=1110 width=0)
	              Index Cond: ((id >= 4388753) AND (id <= 4389752))

table 5 : explain SELECT c FROM sbtest5 WHERE id BETWEEN 3410686 AND 3411685 ORDER BY c
	Sort  (cost=3785.66..3788.07 rows=962 width=121)
	  Sort Key: c
	  ->  Bitmap Heap Scan on sbtest5  (cost=34.30..3737.99 rows=962 width=121)
	        Recheck Cond: ((id >= 3410686) AND (id <= 3411685))
	        ->  Bitmap Index Scan on sbtest5_pkey  (cost=0.00..34.06 rows=962 width=0)
	              Index Cond: ((id >= 3410686) AND (id <= 3411685))

table 6 : explain SELECT c FROM sbtest6 WHERE id BETWEEN 766224 AND 767223 ORDER BY c
	Sort  (cost=3703.20..3705.55 rows=942 width=121)
	  Sort Key: c
	  ->  Bitmap Heap Scan on sbtest6  (cost=34.09..3656.67 rows=942 width=121)
	        Recheck Cond: ((id >= 766224) AND (id <= 767223))
	        ->  Bitmap Index Scan on sbtest6_pkey  (cost=0.00..33.86 rows=942 width=0)
	              Index Cond: ((id >= 766224) AND (id <= 767223))

table 7 : explain SELECT c FROM sbtest7 WHERE id BETWEEN 9161729 AND 9162728 ORDER BY c
	Sort  (cost=4267.10..4269.83 rows=1090 width=121)
	  Sort Key: c
	  ->  Bitmap Heap Scan on sbtest7  (cost=35.61..4212.11 rows=1090 width=121)
	        Recheck Cond: ((id >= 9161729) AND (id <= 9162728))
	        ->  Bitmap Index Scan on sbtest7_pkey  (cost=0.00..35.34 rows=1090 width=0)
	              Index Cond: ((id >= 9161729) AND (id <= 9162728))

table 8 : explain SELECT c FROM sbtest8 WHERE id BETWEEN 2524065 AND 2525064 ORDER BY c
	Sort  (cost=4100.03..4102.65 rows=1046 width=121)
	  Sort Key: c
	  ->  Bitmap Heap Scan on sbtest8  (cost=35.16..4047.57 rows=1046 width=121)
	        Recheck Cond: ((id >= 2524065) AND (id <= 2525064))
	        ->  Bitmap Index Scan on sbtest8_pkey  (cost=0.00..34.90 rows=1046 width=0)
	              Index Cond: ((id >= 2524065) AND (id <= 2525064))

for: order_ranges
table 1 : explain SELECT c FROM sbtest1 WHERE id BETWEEN 4386345 AND 4387344 ORDER BY c
	Sort  (cost=3828.11..3830.55 rows=975 width=121)
	  Sort Key: c
	  ->  Bitmap Heap Scan on sbtest1  (cost=34.43..3779.71 rows=975 width=121)
	        Recheck Cond: ((id >= 4386345) AND (id <= 4387344))
	        ->  Bitmap Index Scan on sbtest1_pkey  (cost=0.00..34.19 rows=975 width=0)
	              Index Cond: ((id >= 4386345) AND (id <= 4387344))

table 2 : explain SELECT c FROM sbtest2 WHERE id BETWEEN 6172946 AND 6173945 ORDER BY c
	Sort  (cost=3970.21..3972.74 rows=1012 width=121)
	  Sort Key: c
	  ->  Bitmap Heap Scan on sbtest2  (cost=34.81..3919.69 rows=1012 width=121)
	        Recheck Cond: ((id >= 6172946) AND (id <= 6173945))
	        ->  Bitmap Index Scan on sbtest2_pkey  (cost=0.00..34.56 rows=1012 width=0)
	              Index Cond: ((id >= 6172946) AND (id <= 6173945))

table 3 : explain SELECT c FROM sbtest3 WHERE id BETWEEN 9447870 AND 9448869 ORDER BY c
	Sort  (cost=4337.22..4339.99 rows=1108 width=121)
	  Sort Key: c
	  ->  Bitmap Heap Scan on sbtest3  (cost=35.79..4281.19 rows=1108 width=121)
	        Recheck Cond: ((id >= 9447870) AND (id <= 9448869))
	        ->  Bitmap Index Scan on sbtest3_pkey  (cost=0.00..35.52 rows=1108 width=0)
	              Index Cond: ((id >= 9447870) AND (id <= 9448869))

table 4 : explain SELECT c FROM sbtest4 WHERE id BETWEEN 5093440 AND 5094439 ORDER BY c
	Sort  (cost=3850.88..3853.33 rows=979 width=121)
	  Sort Key: c
	  ->  Bitmap Heap Scan on sbtest4  (cost=34.47..3802.25 rows=979 width=121)
	        Recheck Cond: ((id >= 5093440) AND (id <= 5094439))
	        ->  Bitmap Index Scan on sbtest4_pkey  (cost=0.00..34.23 rows=979 width=0)
	              Index Cond: ((id >= 5093440) AND (id <= 5094439))

table 5 : explain SELECT c FROM sbtest5 WHERE id BETWEEN 2966821 AND 2967820 ORDER BY c
	Sort  (cost=3889.31..3891.78 rows=989 width=121)
	  Sort Key: c
	  ->  Bitmap Heap Scan on sbtest5  (cost=34.57..3840.11 rows=989 width=121)
	        Recheck Cond: ((id >= 2966821) AND (id <= 2967820))
	        ->  Bitmap Index Scan on sbtest5_pkey  (cost=0.00..34.33 rows=989 width=0)
	              Index Cond: ((id >= 2966821) AND (id <= 2967820))

table 6 : explain SELECT c FROM sbtest6 WHERE id BETWEEN 4565491 AND 4566490 ORDER BY c
	Sort  (cost=3564.94..3567.20 rows=907 width=121)
	  Sort Key: c
	  ->  Bitmap Heap Scan on sbtest6  (cost=29.73..3520.38 rows=907 width=121)
	        Recheck Cond: ((id >= 4565491) AND (id <= 4566490))
	        ->  Bitmap Index Scan on sbtest6_pkey  (cost=0.00..29.50 rows=907 width=0)
	              Index Cond: ((id >= 4565491) AND (id <= 4566490))

table 7 : explain SELECT c FROM sbtest7 WHERE id BETWEEN 1294166 AND 1295165 ORDER BY c
	Sort  (cost=3751.24..3753.63 rows=955 width=121)
	  Sort Key: c
	  ->  Bitmap Heap Scan on sbtest7  (cost=34.22..3703.97 rows=955 width=121)
	        Recheck Cond: ((id >= 1294166) AND (id <= 1295165))
	        ->  Bitmap Index Scan on sbtest7_pkey  (cost=0.00..33.98 rows=955 width=0)
	              Index Cond: ((id >= 1294166) AND (id <= 1295165))

table 8 : explain SELECT c FROM sbtest8 WHERE id BETWEEN 3763609 AND 3764608 ORDER BY c
	Sort  (cost=3782.60..3785.00 rows=963 width=121)
	  Sort Key: c
	  ->  Bitmap Heap Scan on sbtest8  (cost=34.31..3734.87 rows=963 width=121)
	        Recheck Cond: ((id >= 3763609) AND (id <= 3764608))
	        ->  Bitmap Index Scan on sbtest8_pkey  (cost=0.00..34.07 rows=963 width=0)
	              Index Cond: ((id >= 3763609) AND (id <= 3764608))

explain: for point_selects :: explain SELECT c FROM sbtest%u WHERE id=%u
for point_selects
table 1 : explain SELECT c FROM sbtest1 WHERE id=5782512
	Index Scan using sbtest1_pkey on sbtest1  (cost=0.43..8.45 rows=1 width=121)
	  Index Cond: (id = 5782512)

table 2 : explain SELECT c FROM sbtest2 WHERE id=2303323
	Index Scan using sbtest2_pkey on sbtest2  (cost=0.43..8.45 rows=1 width=121)
	  Index Cond: (id = 2303323)

table 3 : explain SELECT c FROM sbtest3 WHERE id=5805626
	Index Scan using sbtest3_pkey on sbtest3  (cost=0.43..8.45 rows=1 width=121)
	  Index Cond: (id = 5805626)

table 4 : explain SELECT c FROM sbtest4 WHERE id=3104480
	Index Scan using sbtest4_pkey on sbtest4  (cost=0.43..8.45 rows=1 width=121)
	  Index Cond: (id = 3104480)

table 5 : explain SELECT c FROM sbtest5 WHERE id=8846131
	Index Scan using sbtest5_pkey on sbtest5  (cost=0.43..8.45 rows=1 width=121)
	  Index Cond: (id = 8846131)

table 6 : explain SELECT c FROM sbtest6 WHERE id=380158
	Index Scan using sbtest6_pkey on sbtest6  (cost=0.43..8.45 rows=1 width=121)
	  Index Cond: (id = 380158)

table 7 : explain SELECT c FROM sbtest7 WHERE id=1784016
	Index Scan using sbtest7_pkey on sbtest7  (cost=0.43..8.45 rows=1 width=121)
	  Index Cond: (id = 1784016)

table 8 : explain SELECT c FROM sbtest8 WHERE id=2360626
	Index Scan using sbtest8_pkey on sbtest8  (cost=0.43..8.45 rows=1 width=121)
	  Index Cond: (id = 2360626)

for: simple_ranges
table 1 : explain SELECT c FROM sbtest1 WHERE id BETWEEN 2404837 AND 2405836
	Bitmap Heap Scan on sbtest1  (cost=35.51..4174.91 rows=1080 width=121)
	  Recheck Cond: ((id >= 2404837) AND (id <= 2405836))
	  ->  Bitmap Index Scan on sbtest1_pkey  (cost=0.00..35.23 rows=1080 width=0)
	        Index Cond: ((id >= 2404837) AND (id <= 2405836))

table 2 : explain SELECT c FROM sbtest2 WHERE id BETWEEN 1599151 AND 1600150
	Bitmap Heap Scan on sbtest2  (cost=34.42..3776.47 rows=974 width=121)
	  Recheck Cond: ((id >= 1599151) AND (id <= 1600150))
	  ->  Bitmap Index Scan on sbtest2_pkey  (cost=0.00..34.18 rows=974 width=0)
	        Index Cond: ((id >= 1599151) AND (id <= 1600150))

table 3 : explain SELECT c FROM sbtest3 WHERE id BETWEEN 4612377 AND 4613376
	Bitmap Heap Scan on sbtest3  (cost=35.03..4002.96 rows=1034 width=121)
	  Recheck Cond: ((id >= 4612377) AND (id <= 4613376))
	  ->  Bitmap Index Scan on sbtest3_pkey  (cost=0.00..34.78 rows=1034 width=0)
	        Index Cond: ((id >= 4612377) AND (id <= 4613376))

table 4 : explain SELECT c FROM sbtest4 WHERE id BETWEEN 1240478 AND 1241477
	Bitmap Heap Scan on sbtest4  (cost=35.12..4040.24 rows=1042 width=121)
	  Recheck Cond: ((id >= 1240478) AND (id <= 1241477))
	  ->  Bitmap Index Scan on sbtest4_pkey  (cost=0.00..34.86 rows=1042 width=0)
	        Index Cond: ((id >= 1240478) AND (id <= 1241477))

table 5 : explain SELECT c FROM sbtest5 WHERE id BETWEEN 9589806 AND 9590805
	Bitmap Heap Scan on sbtest5  (cost=34.93..3972.35 rows=1024 width=121)
	  Recheck Cond: ((id >= 9589806) AND (id <= 9590805))
	  ->  Bitmap Index Scan on sbtest5_pkey  (cost=0.00..34.68 rows=1024 width=0)
	        Index Cond: ((id >= 9589806) AND (id <= 9590805))

table 6 : explain SELECT c FROM sbtest6 WHERE id BETWEEN 7138876 AND 7139875
	Bitmap Heap Scan on sbtest6  (cost=34.92..3962.20 rows=1023 width=121)
	  Recheck Cond: ((id >= 7138876) AND (id <= 7139875))
	  ->  Bitmap Index Scan on sbtest6_pkey  (cost=0.00..34.67 rows=1023 width=0)
	        Index Cond: ((id >= 7138876) AND (id <= 7139875))

table 7 : explain SELECT c FROM sbtest7 WHERE id BETWEEN 3408040 AND 3409039
	Bitmap Heap Scan on sbtest7  (cost=34.16..3681.33 rows=949 width=121)
	  Recheck Cond: ((id >= 3408040) AND (id <= 3409039))
	  ->  Bitmap Index Scan on sbtest7_pkey  (cost=0.00..33.93 rows=949 width=0)
	        Index Cond: ((id >= 3408040) AND (id <= 3409039))

table 8 : explain SELECT c FROM sbtest8 WHERE id BETWEEN 3169774 AND 3170773
	Bitmap Heap Scan on sbtest8  (cost=34.39..3765.05 rows=971 width=121)
	  Recheck Cond: ((id >= 3169774) AND (id <= 3170773))
	  ->  Bitmap Index Scan on sbtest8_pkey  (cost=0.00..34.15 rows=971 width=0)
	        Index Cond: ((id >= 3169774) AND (id <= 3170773))

explain: for point_selects :: explain SELECT c FROM sbtest%u WHERE id=%u
for: distinct_ranges
table 1 : explain SELECT DISTINCT c FROM sbtest1 WHERE id BETWEEN 2170793 AND 2171792 ORDER BY c
	Unique  (cost=3893.16..3898.12 rows=992 width=121)
	  ->  Sort  (cost=3893.16..3895.64 rows=992 width=121)
	        Sort Key: c
	        ->  Bitmap Heap Scan on sbtest1  (cost=34.60..3843.79 rows=992 width=121)
	              Recheck Cond: ((id >= 2170793) AND (id <= 2171792))
	              ->  Bitmap Index Scan on sbtest1_pkey  (cost=0.00..34.36 rows=992 width=0)
	                    Index Cond: ((id >= 2170793) AND (id <= 2171792))

table 2 : explain SELECT DISTINCT c FROM sbtest2 WHERE id BETWEEN 3937322 AND 3938321 ORDER BY c
	Unique  (cost=4035.20..4040.34 rows=1029 width=121)
	  ->  Sort  (cost=4035.20..4037.77 rows=1029 width=121)
	        Sort Key: c
	        ->  Bitmap Heap Scan on sbtest2  (cost=34.98..3983.71 rows=1029 width=121)
	              Recheck Cond: ((id >= 3937322) AND (id <= 3938321))
	              ->  Bitmap Index Scan on sbtest2_pkey  (cost=0.00..34.73 rows=1029 width=0)
	                    Index Cond: ((id >= 3937322) AND (id <= 3938321))

table 3 : explain SELECT DISTINCT c FROM sbtest3 WHERE id BETWEEN 2635796 AND 2636795 ORDER BY c
	Unique  (cost=4081.48..4086.69 rows=1041 width=121)
	  ->  Sort  (cost=4081.48..4084.08 rows=1041 width=121)
	        Sort Key: c
	        ->  Bitmap Heap Scan on sbtest3  (cost=35.11..4029.31 rows=1041 width=121)
	              Recheck Cond: ((id >= 2635796) AND (id <= 2636795))
	              ->  Bitmap Index Scan on sbtest3_pkey  (cost=0.00..34.84 rows=1041 width=0)
	                    Index Cond: ((id >= 2635796) AND (id <= 2636795))

table 4 : explain SELECT DISTINCT c FROM sbtest4 WHERE id BETWEEN 7607136 AND 7608135 ORDER BY c
	Unique  (cost=4015.83..4020.94 rows=1022 width=121)
	  ->  Sort  (cost=4015.83..4018.38 rows=1022 width=121)
	        Sort Key: c
	        ->  Bitmap Heap Scan on sbtest4  (cost=34.91..3964.74 rows=1022 width=121)
	              Recheck Cond: ((id >= 7607136) AND (id <= 7608135))
	              ->  Bitmap Index Scan on sbtest4_pkey  (cost=0.00..34.66 rows=1022 width=0)
	                    Index Cond: ((id >= 7607136) AND (id <= 7608135))

table 5 : explain SELECT DISTINCT c FROM sbtest5 WHERE id BETWEEN 242772 AND 243771 ORDER BY c
	Unique  (cost=3962.20..3967.24 rows=1008 width=121)
	  ->  Sort  (cost=3962.20..3964.72 rows=1008 width=121)
	        Sort Key: c
	        ->  Bitmap Heap Scan on sbtest5  (cost=34.77..3911.91 rows=1008 width=121)
	              Recheck Cond: ((id >= 242772) AND (id <= 243771))
	              ->  Bitmap Index Scan on sbtest5_pkey  (cost=0.00..34.52 rows=1008 width=0)
	                    Index Cond: ((id >= 242772) AND (id <= 243771))

table 6 : explain SELECT DISTINCT c FROM sbtest6 WHERE id BETWEEN 7730829 AND 7731828 ORDER BY c
	Unique  (cost=3944.49..3949.52 rows=1005 width=121)
	  ->  Sort  (cost=3944.49..3947.00 rows=1005 width=121)
	        Sort Key: c
	        ->  Bitmap Heap Scan on sbtest6  (cost=34.74..3894.38 rows=1005 width=121)
	              Recheck Cond: ((id >= 7730829) AND (id <= 7731828))
	              ->  Bitmap Index Scan on sbtest6_pkey  (cost=0.00..34.48 rows=1005 width=0)
	                    Index Cond: ((id >= 7730829) AND (id <= 7731828))

table 7 : explain SELECT DISTINCT c FROM sbtest7 WHERE id BETWEEN 1787816 AND 1788815 ORDER BY c
	Unique  (cost=4175.55..4180.88 rows=1066 width=121)
	  ->  Sort  (cost=4175.55..4178.22 rows=1066 width=121)
	        Sort Key: c
	        ->  Bitmap Heap Scan on sbtest7  (cost=35.36..4121.95 rows=1066 width=121)
	              Recheck Cond: ((id >= 1787816) AND (id <= 1788815))
	              ->  Bitmap Index Scan on sbtest7_pkey  (cost=0.00..35.09 rows=1066 width=0)
	                    Index Cond: ((id >= 1787816) AND (id <= 1788815))

table 8 : explain SELECT DISTINCT c FROM sbtest8 WHERE id BETWEEN 6708997 AND 6709996 ORDER BY c
	Unique  (cost=3652.32..3656.96 rows=929 width=121)
	  ->  Sort  (cost=3652.32..3654.64 rows=929 width=121)
	        Sort Key: c
	        ->  Bitmap Heap Scan on sbtest8  (cost=33.96..3606.52 rows=929 width=121)
	              Recheck Cond: ((id >= 6708997) AND (id <= 6709996))
	              ->  Bitmap Index Scan on sbtest8_pkey  (cost=0.00..33.73 rows=929 width=0)
	                    Index Cond: ((id >= 6708997) AND (id <= 6709996))

for: simple_ranges
table 1 : explain SELECT c FROM sbtest1 WHERE id BETWEEN 2240889 AND 2241888
	Bitmap Heap Scan on sbtest1  (cost=34.60..3843.79 rows=992 width=121)
	  Recheck Cond: ((id >= 2240889) AND (id <= 2241888))
	  ->  Bitmap Index Scan on sbtest1_pkey  (cost=0.00..34.36 rows=992 width=0)
	        Index Cond: ((id >= 2240889) AND (id <= 2241888))

table 2 : explain SELECT c FROM sbtest2 WHERE id BETWEEN 5761851 AND 5762850
	Bitmap Heap Scan on sbtest2  (cost=29.79..3542.16 rows=913 width=121)
	  Recheck Cond: ((id >= 5761851) AND (id <= 5762850))
	  ->  Bitmap Index Scan on sbtest2_pkey  (cost=0.00..29.57 rows=913 width=0)
	        Index Cond: ((id >= 5761851) AND (id <= 5762850))

table 3 : explain SELECT c FROM sbtest3 WHERE id BETWEEN 7205681 AND 7206680
	Bitmap Heap Scan on sbtest3  (cost=34.66..3867.36 rows=998 width=121)
	  Recheck Cond: ((id >= 7205681) AND (id <= 7206680))
	  ->  Bitmap Index Scan on sbtest3_pkey  (cost=0.00..34.42 rows=998 width=0)
	        Index Cond: ((id >= 7205681) AND (id <= 7206680))

table 4 : explain SELECT c FROM sbtest4 WHERE id BETWEEN 5743239 AND 5744238
	Bitmap Heap Scan on sbtest4  (cost=39.94..4345.76 rows=1122 width=121)
	  Recheck Cond: ((id >= 5743239) AND (id <= 5744238))
	  ->  Bitmap Index Scan on sbtest4_pkey  (cost=0.00..39.66 rows=1122 width=0)
	        Index Cond: ((id >= 5743239) AND (id <= 5744238))

table 5 : explain SELECT c FROM sbtest5 WHERE id BETWEEN 6603161 AND 6604160
	Bitmap Heap Scan on sbtest5  (cost=34.10..3666.08 rows=943 width=121)
	  Recheck Cond: ((id >= 6603161) AND (id <= 6604160))
	  ->  Bitmap Index Scan on sbtest5_pkey  (cost=0.00..33.87 rows=943 width=0)
	        Index Cond: ((id >= 6603161) AND (id <= 6604160))

table 6 : explain SELECT c FROM sbtest6 WHERE id BETWEEN 4620609 AND 4621608
	Bitmap Heap Scan on sbtest6  (cost=29.73..3520.38 rows=907 width=121)
	  Recheck Cond: ((id >= 4620609) AND (id <= 4621608))
	  ->  Bitmap Index Scan on sbtest6_pkey  (cost=0.00..29.50 rows=907 width=0)
	        Index Cond: ((id >= 4620609) AND (id <= 4621608))

table 7 : explain SELECT c FROM sbtest7 WHERE id BETWEEN 7973748 AND 7974747
	Bitmap Heap Scan on sbtest7  (cost=29.35..3378.80 rows=870 width=121)
	  Recheck Cond: ((id >= 7973748) AND (id <= 7974747))
	  ->  Bitmap Index Scan on sbtest7_pkey  (cost=0.00..29.14 rows=870 width=0)
	        Index Cond: ((id >= 7973748) AND (id <= 7974747))

table 8 : explain SELECT c FROM sbtest8 WHERE id BETWEEN 7329792 AND 7330791
	Bitmap Heap Scan on sbtest8  (cost=34.93..3964.78 rows=1024 width=121)
	  Recheck Cond: ((id >= 7329792) AND (id <= 7330791))
	  ->  Bitmap Index Scan on sbtest8_pkey  (cost=0.00..34.68 rows=1024 width=0)
	        Index Cond: ((id >= 7329792) AND (id <= 7330791))

for: distinct_ranges
table 1 : explain SELECT DISTINCT c FROM sbtest1 WHERE id BETWEEN 9440823 AND 9441822 ORDER BY c
	Unique  (cost=3793.66..3798.49 rows=966 width=121)
	  ->  Sort  (cost=3793.66..3796.07 rows=966 width=121)
	        Sort Key: c
	        ->  Bitmap Heap Scan on sbtest1  (cost=34.34..3745.77 rows=966 width=121)
	              Recheck Cond: ((id >= 9440823) AND (id <= 9441822))
	              ->  Bitmap Index Scan on sbtest1_pkey  (cost=0.00..34.09 rows=966 width=0)
	                    Index Cond: ((id >= 9440823) AND (id <= 9441822))

table 2 : explain SELECT DISTINCT c FROM sbtest2 WHERE id BETWEEN 4816342 AND 4817341 ORDER BY c
	Unique  (cost=3798.02..3802.85 rows=967 width=121)
	  ->  Sort  (cost=3798.02..3800.43 rows=967 width=121)
	        Sort Key: c
	        ->  Bitmap Heap Scan on sbtest2  (cost=34.35..3750.06 rows=967 width=121)
	              Recheck Cond: ((id >= 4816342) AND (id <= 4817341))
	              ->  Bitmap Index Scan on sbtest2_pkey  (cost=0.00..34.11 rows=967 width=0)
	                    Index Cond: ((id >= 4816342) AND (id <= 4817341))

table 3 : explain SELECT DISTINCT c FROM sbtest3 WHERE id BETWEEN 2690741 AND 2691740 ORDER BY c
	Unique  (cost=4081.48..4086.69 rows=1041 width=121)
	  ->  Sort  (cost=4081.48..4084.08 rows=1041 width=121)
	        Sort Key: c
	        ->  Bitmap Heap Scan on sbtest3  (cost=35.11..4029.31 rows=1041 width=121)
	              Recheck Cond: ((id >= 2690741) AND (id <= 2691740))
	              ->  Bitmap Index Scan on sbtest3_pkey  (cost=0.00..34.84 rows=1041 width=0)
	                    Index Cond: ((id >= 2690741) AND (id <= 2691740))

table 4 : explain SELECT DISTINCT c FROM sbtest4 WHERE id BETWEEN 917961 AND 918960 ORDER BY c
	Unique  (cost=3547.12..3551.63 rows=901 width=121)
	  ->  Sort  (cost=3547.12..3549.38 rows=901 width=121)
	        Sort Key: c
	        ->  Bitmap Heap Scan on sbtest4  (cost=29.67..3502.91 rows=901 width=121)
	              Recheck Cond: ((id >= 917961) AND (id <= 918960))
	              ->  Bitmap Index Scan on sbtest4_pkey  (cost=0.00..29.44 rows=901 width=0)
	                    Index Cond: ((id >= 917961) AND (id <= 918960))

table 5 : explain SELECT DISTINCT c FROM sbtest5 WHERE id BETWEEN 2304647 AND 2305646 ORDER BY c
	Unique  (cost=3662.70..3667.35 rows=930 width=121)
	  ->  Sort  (cost=3662.70..3665.03 rows=930 width=121)
	        Sort Key: c
	        ->  Bitmap Heap Scan on sbtest5  (cost=33.97..3616.85 rows=930 width=121)
	              Recheck Cond: ((id >= 2304647) AND (id <= 2305646))
	              ->  Bitmap Index Scan on sbtest5_pkey  (cost=0.00..33.73 rows=930 width=0)
	                    Index Cond: ((id >= 2304647) AND (id <= 2305646))

table 6 : explain SELECT DISTINCT c FROM sbtest6 WHERE id BETWEEN 8836530 AND 8837529 ORDER BY c
	Unique  (cost=3741.53..3746.29 rows=952 width=121)
	  ->  Sort  (cost=3741.53..3743.91 rows=952 width=121)
	        Sort Key: c
	        ->  Bitmap Heap Scan on sbtest6  (cost=34.19..3694.43 rows=952 width=121)
	              Recheck Cond: ((id >= 8836530) AND (id <= 8837529))
	              ->  Bitmap Index Scan on sbtest6_pkey  (cost=0.00..33.95 rows=952 width=0)
	                    Index Cond: ((id >= 8836530) AND (id <= 8837529))

table 7 : explain SELECT DISTINCT c FROM sbtest7 WHERE id BETWEEN 9798614 AND 9799613 ORDER BY c
	Unique  (cost=3804.84..3809.68 rows=969 width=121)
	  ->  Sort  (cost=3804.84..3807.26 rows=969 width=121)
	        Sort Key: c
	        ->  Bitmap Heap Scan on sbtest7  (cost=34.37..3756.77 rows=969 width=121)
	              Recheck Cond: ((id >= 9798614) AND (id <= 9799613))
	              ->  Bitmap Index Scan on sbtest7_pkey  (cost=0.00..34.12 rows=969 width=0)
	                    Index Cond: ((id >= 9798614) AND (id <= 9799613))

table 8 : explain SELECT DISTINCT c FROM sbtest8 WHERE id BETWEEN 6061351 AND 6062350 ORDER BY c
	Unique  (cost=3878.30..3883.24 rows=988 width=121)
	  ->  Sort  (cost=3878.30..3880.77 rows=988 width=121)
	        Sort Key: c
	        ->  Bitmap Heap Scan on sbtest8  (cost=34.56..3829.15 rows=988 width=121)
	              Recheck Cond: ((id >= 6061351) AND (id <= 6062350))
	              ->  Bitmap Index Scan on sbtest8_pkey  (cost=0.00..34.32 rows=988 width=0)
	                    Index Cond: ((id >= 6061351) AND (id <= 6062350))

for: distinct_ranges
table 1 : explain SELECT DISTINCT c FROM sbtest1 WHERE id BETWEEN 5683820 AND 5684819 ORDER BY c
	Unique  (cost=3651.75..3656.40 rows=930 width=121)
	  ->  Sort  (cost=3651.75..3654.07 rows=930 width=121)
	        Sort Key: c
	        ->  Bitmap Heap Scan on sbtest1  (cost=29.97..3605.90 rows=930 width=121)
	              Recheck Cond: ((id >= 5683820) AND (id <= 5684819))
	              ->  Bitmap Index Scan on sbtest1_pkey  (cost=0.00..29.73 rows=930 width=0)
	                    Index Cond: ((id >= 5683820) AND (id <= 5684819))

table 2 : explain SELECT DISTINCT c FROM sbtest2 WHERE id BETWEEN 401517 AND 402516 ORDER BY c
	Unique  (cost=4004.62..4009.72 rows=1021 width=121)
	  ->  Sort  (cost=4004.62..4007.17 rows=1021 width=121)
	        Sort Key: c
	        ->  Bitmap Heap Scan on sbtest2  (cost=34.90..3953.59 rows=1021 width=121)
	              Recheck Cond: ((id >= 401517) AND (id <= 402516))
	              ->  Bitmap Index Scan on sbtest2_pkey  (cost=0.00..34.65 rows=1021 width=0)
	                    Index Cond: ((id >= 401517) AND (id <= 402516))

table 3 : explain SELECT DISTINCT c FROM sbtest3 WHERE id BETWEEN 3887784 AND 3888783 ORDER BY c
	Unique  (cost=4146.42..4151.71 rows=1058 width=121)
	  ->  Sort  (cost=4146.42..4149.06 rows=1058 width=121)
	        Sort Key: c
	        ->  Bitmap Heap Scan on sbtest3  (cost=35.28..4093.27 rows=1058 width=121)
	              Recheck Cond: ((id >= 3887784) AND (id <= 3888783))
	              ->  Bitmap Index Scan on sbtest3_pkey  (cost=0.00..35.02 rows=1058 width=0)
	                    Index Cond: ((id >= 3887784) AND (id <= 3888783))

table 4 : explain SELECT DISTINCT c FROM sbtest4 WHERE id BETWEEN 3473748 AND 3474747 ORDER BY c
	Unique  (cost=4249.45..4254.87 rows=1083 width=121)
	  ->  Sort  (cost=4249.45..4252.16 rows=1083 width=121)
	        Sort Key: c
	        ->  Bitmap Heap Scan on sbtest4  (cost=35.54..4194.87 rows=1083 width=121)
	              Recheck Cond: ((id >= 3473748) AND (id <= 3474747))
	              ->  Bitmap Index Scan on sbtest4_pkey  (cost=0.00..35.27 rows=1083 width=0)
	                    Index Cond: ((id >= 3473748) AND (id <= 3474747))

table 5 : explain SELECT DISTINCT c FROM sbtest5 WHERE id BETWEEN 2506251 AND 2507250 ORDER BY c
	Unique  (cost=3943.02..3948.04 rows=1003 width=121)
	  ->  Sort  (cost=3943.02..3945.53 rows=1003 width=121)
	        Sort Key: c
	        ->  Bitmap Heap Scan on sbtest5  (cost=34.72..3893.02 rows=1003 width=121)
	              Recheck Cond: ((id >= 2506251) AND (id <= 2507250))
	              ->  Bitmap Index Scan on sbtest5_pkey  (cost=0.00..34.47 rows=1003 width=0)
	                    Index Cond: ((id >= 2506251) AND (id <= 2507250))

table 6 : explain SELECT DISTINCT c FROM sbtest6 WHERE id BETWEEN 9903851 AND 9904850 ORDER BY c
	Unique  (cost=3764.53..3769.32 rows=958 width=121)
	  ->  Sort  (cost=3764.53..3766.92 rows=958 width=121)
	        Sort Key: c
	        ->  Bitmap Heap Scan on sbtest6  (cost=34.25..3717.09 rows=958 width=121)
	              Recheck Cond: ((id >= 9903851) AND (id <= 9904850))
	              ->  Bitmap Index Scan on sbtest6_pkey  (cost=0.00..34.02 rows=958 width=0)
	                    Index Cond: ((id >= 9903851) AND (id <= 9904850))

table 7 : explain SELECT DISTINCT c FROM sbtest7 WHERE id BETWEEN 4471899 AND 4472898 ORDER BY c
	Unique  (cost=3831.63..3836.51 rows=976 width=121)
	  ->  Sort  (cost=3831.63..3834.07 rows=976 width=121)
	        Sort Key: c
	        ->  Bitmap Heap Scan on sbtest7  (cost=34.44..3783.17 rows=976 width=121)
	              Recheck Cond: ((id >= 4471899) AND (id <= 4472898))
	              ->  Bitmap Index Scan on sbtest7_pkey  (cost=0.00..34.20 rows=976 width=0)
	                    Index Cond: ((id >= 4471899) AND (id <= 4472898))

table 8 : explain SELECT DISTINCT c FROM sbtest8 WHERE id BETWEEN 4368308 AND 4369307 ORDER BY c
	Unique  (cost=4038.91..4044.06 rows=1030 width=121)
	  ->  Sort  (cost=4038.91..4041.48 rows=1030 width=121)
	        Sort Key: c
	        ->  Bitmap Heap Scan on sbtest8  (cost=34.99..3987.36 rows=1030 width=121)
	              Recheck Cond: ((id >= 4368308) AND (id <= 4369307))
	              ->  Bitmap Index Scan on sbtest8_pkey  (cost=0.00..34.73 rows=1030 width=0)
	                    Index Cond: ((id >= 4368308) AND (id <= 4369307))

for: sum_ranges
table 1 : explain SELECT SUM(k) FROM sbtest1 WHERE id BETWEEN 8873800 AND 8874799
	Aggregate  (cost=3793.46..3793.47 rows=1 width=8)
	  ->  Bitmap Heap Scan on sbtest1  (cost=34.46..3791.02 rows=978 width=4)
	        Recheck Cond: ((id >= 8873800) AND (id <= 8874799))
	        ->  Bitmap Index Scan on sbtest1_pkey  (cost=0.00..34.22 rows=978 width=0)
	              Index Cond: ((id >= 8873800) AND (id <= 8874799))

table 2 : explain SELECT SUM(k) FROM sbtest2 WHERE id BETWEEN 5731430 AND 5732429
	Aggregate  (cost=3544.44..3544.45 rows=1 width=8)
	  ->  Bitmap Heap Scan on sbtest2  (cost=29.79..3542.16 rows=913 width=4)
	        Recheck Cond: ((id >= 5731430) AND (id <= 5732429))
	        ->  Bitmap Index Scan on sbtest2_pkey  (cost=0.00..29.57 rows=913 width=0)
	              Index Cond: ((id >= 5731430) AND (id <= 5732429))

table 3 : explain SELECT SUM(k) FROM sbtest3 WHERE id BETWEEN 3898396 AND 3899395
	Aggregate  (cost=4073.33..4073.34 rows=1 width=8)
	  ->  Bitmap Heap Scan on sbtest3  (cost=35.22..4070.70 rows=1052 width=4)
	        Recheck Cond: ((id >= 3898396) AND (id <= 3899395))
	        ->  Bitmap Index Scan on sbtest3_pkey  (cost=0.00..34.95 rows=1052 width=0)
	              Index Cond: ((id >= 3898396) AND (id <= 3899395))

table 4 : explain SELECT SUM(k) FROM sbtest4 WHERE id BETWEEN 2074673 AND 2075672
	Aggregate  (cost=3906.82..3906.83 rows=1 width=8)
	  ->  Bitmap Heap Scan on sbtest4  (cost=34.75..3904.31 rows=1006 width=4)
	        Recheck Cond: ((id >= 2074673) AND (id <= 2075672))
	        ->  Bitmap Index Scan on sbtest4_pkey  (cost=0.00..34.50 rows=1006 width=0)
	              Index Cond: ((id >= 2074673) AND (id <= 2075672))

table 5 : explain SELECT SUM(k) FROM sbtest5 WHERE id BETWEEN 3872683 AND 3873682
	Aggregate  (cost=3717.68..3717.69 rows=1 width=8)
	  ->  Bitmap Heap Scan on sbtest5  (cost=34.23..3715.29 rows=956 width=4)
	        Recheck Cond: ((id >= 3872683) AND (id <= 3873682))
	        ->  Bitmap Index Scan on sbtest5_pkey  (cost=0.00..34.00 rows=956 width=0)
	              Index Cond: ((id >= 3872683) AND (id <= 3873682))

table 6 : explain SELECT SUM(k) FROM sbtest6 WHERE id BETWEEN 3592333 AND 3593332
	Aggregate  (cost=3855.39..3855.40 rows=1 width=8)
	  ->  Bitmap Heap Scan on sbtest6  (cost=34.62..3852.91 rows=994 width=4)
	        Recheck Cond: ((id >= 3592333) AND (id <= 3593332))
	        ->  Bitmap Index Scan on sbtest6_pkey  (cost=0.00..34.38 rows=994 width=0)
	              Index Cond: ((id >= 3592333) AND (id <= 3593332))

table 7 : explain SELECT SUM(k) FROM sbtest7 WHERE id BETWEEN 4992877 AND 4993876
	Aggregate  (cost=3951.47..3951.48 rows=1 width=8)
	  ->  Bitmap Heap Scan on sbtest7  (cost=34.89..3948.92 rows=1020 width=4)
	        Recheck Cond: ((id >= 4992877) AND (id <= 4993876))
	        ->  Bitmap Index Scan on sbtest7_pkey  (cost=0.00..34.64 rows=1020 width=0)
	              Index Cond: ((id >= 4992877) AND (id <= 4993876))

table 8 : explain SELECT SUM(k) FROM sbtest8 WHERE id BETWEEN 6000602 AND 6001601
	Aggregate  (cost=3355.08..3355.09 rows=1 width=8)
	  ->  Bitmap Heap Scan on sbtest8  (cost=29.28..3352.92 rows=863 width=4)
	        Recheck Cond: ((id >= 6000602) AND (id <= 6001601))
	        ->  Bitmap Index Scan on sbtest8_pkey  (cost=0.00..29.07 rows=863 width=0)
	              Index Cond: ((id >= 6000602) AND (id <= 6001601))

for point_selects
table 1 : explain SELECT c FROM sbtest1 WHERE id=8227149
	Index Scan using sbtest1_pkey on sbtest1  (cost=0.43..8.45 rows=1 width=121)
	  Index Cond: (id = 8227149)

table 2 : explain SELECT c FROM sbtest2 WHERE id=4567752
	Index Scan using sbtest2_pkey on sbtest2  (cost=0.43..8.45 rows=1 width=121)
	  Index Cond: (id = 4567752)

table 3 : explain SELECT c FROM sbtest3 WHERE id=2333355
	Index Scan using sbtest3_pkey on sbtest3  (cost=0.43..8.45 rows=1 width=121)
	  Index Cond: (id = 2333355)

table 4 : explain SELECT c FROM sbtest4 WHERE id=7942458
	Index Scan using sbtest4_pkey on sbtest4  (cost=0.43..8.45 rows=1 width=121)
	  Index Cond: (id = 7942458)

table 5 : explain SELECT c FROM sbtest5 WHERE id=874925
	Index Scan using sbtest5_pkey on sbtest5  (cost=0.43..8.45 rows=1 width=121)
	  Index Cond: (id = 874925)

table 6 : explain SELECT c FROM sbtest6 WHERE id=2288509
	Index Scan using sbtest6_pkey on sbtest6  (cost=0.43..8.45 rows=1 width=121)
	  Index Cond: (id = 2288509)

table 7 : explain SELECT c FROM sbtest7 WHERE id=3498523
	Index Scan using sbtest7_pkey on sbtest7  (cost=0.43..8.45 rows=1 width=121)
	  Index Cond: (id = 3498523)

table 8 : explain SELECT c FROM sbtest8 WHERE id=9565033
	Index Scan using sbtest8_pkey on sbtest8  (cost=0.43..8.45 rows=1 width=121)
	  Index Cond: (id = 9565033)
for point_selects
table 1 : explain SELECT c FROM sbtest1 WHERE id=1663337
	Index Scan using sbtest1_pkey on sbtest1  (cost=0.43..8.45 rows=1 width=121)
	  Index Cond: (id = 1663337)

table 2 : explain SELECT c FROM sbtest2 WHERE id=8463747
	Index Scan using sbtest2_pkey on sbtest2  (cost=0.43..8.45 rows=1 width=121)
	  Index Cond: (id = 8463747)

table 3 : explain SELECT c FROM sbtest3 WHERE id=5861702
	Index Scan using sbtest3_pkey on sbtest3  (cost=0.43..8.45 rows=1 width=121)
	  Index Cond: (id = 5861702)

table 4 : explain SELECT c FROM sbtest4 WHERE id=8109001
	Index Scan using sbtest4_pkey on sbtest4  (cost=0.43..8.45 rows=1 width=121)
	  Index Cond: (id = 8109001)

table 5 : explain SELECT c FROM sbtest5 WHERE id=3425171
	Index Scan using sbtest5_pkey on sbtest5  (cost=0.43..8.45 rows=1 width=121)
	  Index Cond: (id = 3425171)

table 6 : explain SELECT c FROM sbtest6 WHERE id=7543437
	Index Scan using sbtest6_pkey on sbtest6  (cost=0.43..8.45 rows=1 width=121)
	  Index Cond: (id = 7543437)

table 7 : explain SELECT c FROM sbtest7 WHERE id=88977
	Index Scan using sbtest7_pkey on sbtest7  (cost=0.43..8.45 rows=1 width=121)
	  Index Cond: (id = 88977)

table 8 : explain SELECT c FROM sbtest8 WHERE id=1705932
	Index Scan using sbtest8_pkey on sbtest8  (cost=0.43..8.45 rows=1 width=121)
	  Index Cond: (id = 1705932)


for point_selects
table 1 : explain SELECT c FROM sbtest1 WHERE id=4408581
	Index Scan using sbtest1_pkey on sbtest1  (cost=0.43..8.45 rows=1 width=121)
	  Index Cond: (id = 4408581)

table 2 : explain SELECT c FROM sbtest2 WHERE id=2497146
	Index Scan using sbtest2_pkey on sbtest2  (cost=0.43..8.45 rows=1 width=121)
	  Index Cond: (id = 2497146)

table 3 : explain SELECT c FROM sbtest3 WHERE id=1791708
	Index Scan using sbtest3_pkey on sbtest3  (cost=0.43..8.45 rows=1 width=121)
	  Index Cond: (id = 1791708)

table 4 : explain SELECT c FROM sbtest4 WHERE id=7182875
	Index Scan using sbtest4_pkey on sbtest4  (cost=0.43..8.45 rows=1 width=121)
	  Index Cond: (id = 7182875)

table 5 : explain SELECT c FROM sbtest5 WHERE id=4119181
	Index Scan using sbtest5_pkey on sbtest5  (cost=0.43..8.45 rows=1 width=121)
	  Index Cond: (id = 4119181)

table 6 : explain SELECT c FROM sbtest6 WHERE id=9386312
	Index Scan using sbtest6_pkey on sbtest6  (cost=0.43..8.45 rows=1 width=121)
	  Index Cond: (id = 9386312)

table 7 : explain SELECT c FROM sbtest7 WHERE id=5056026
	Index Scan using sbtest7_pkey on sbtest7  (cost=0.43..8.45 rows=1 width=121)
	  Index Cond: (id = 5056026)

table 8 : explain SELECT c FROM sbtest8 WHERE id=5692202
	Index Scan using sbtest8_pkey on sbtest8  (cost=0.43..8.45 rows=1 width=121)
	  Index Cond: (id = 5692202)

for point_selects
table 1 : explain SELECT c FROM sbtest1 WHERE id=6819024
	Index Scan using sbtest1_pkey on sbtest1  (cost=0.43..8.45 rows=1 width=121)
	  Index Cond: (id = 6819024)

table 2 : explain SELECT c FROM sbtest2 WHERE id=9097118
	Index Scan using sbtest2_pkey on sbtest2  (cost=0.43..8.45 rows=1 width=121)
	  Index Cond: (id = 9097118)

table 3 : explain SELECT c FROM sbtest3 WHERE id=5572189
	Index Scan using sbtest3_pkey on sbtest3  (cost=0.43..8.45 rows=1 width=121)
	  Index Cond: (id = 5572189)

table 4 : explain SELECT c FROM sbtest4 WHERE id=7979735
	Index Scan using sbtest4_pkey on sbtest4  (cost=0.43..8.45 rows=1 width=121)
	  Index Cond: (id = 7979735)

table 5 : explain SELECT c FROM sbtest5 WHERE id=4487277
	Index Scan using sbtest5_pkey on sbtest5  (cost=0.43..8.45 rows=1 width=121)
	  Index Cond: (id = 4487277)

table 6 : explain SELECT c FROM sbtest6 WHERE id=2385807
	Index Scan using sbtest6_pkey on sbtest6  (cost=0.43..8.45 rows=1 width=121)
	  Index Cond: (id = 2385807)

table 7 : explain SELECT c FROM sbtest7 WHERE id=902377
	Index Scan using sbtest7_pkey on sbtest7  (cost=0.43..8.45 rows=1 width=121)
	  Index Cond: (id = 902377)

table 8 : explain SELECT c FROM sbtest8 WHERE id=7991815
	Index Scan using sbtest8_pkey on sbtest8  (cost=0.43..8.45 rows=1 width=121)
	  Index Cond: (id = 7991815)

for: distinct_ranges
table 1 : explain SELECT DISTINCT c FROM sbtest1 WHERE id BETWEEN 1467558 AND 1468557 ORDER BY c
	Unique  (cost=4011.69..4016.80 rows=1023 width=121)
	  ->  Sort  (cost=4011.69..4014.25 rows=1023 width=121)
	        Sort Key: c
	        ->  Bitmap Heap Scan on sbtest1  (cost=34.92..3960.55 rows=1023 width=121)
	              Recheck Cond: ((id >= 1467558) AND (id <= 1468557))
	              ->  Bitmap Index Scan on sbtest1_pkey  (cost=0.00..34.67 rows=1023 width=0)
	                    Index Cond: ((id >= 1467558) AND (id <= 1468557))

table 2 : explain SELECT DISTINCT c FROM sbtest2 WHERE id BETWEEN 1622253 AND 1623252 ORDER BY c
	Unique  (cost=3824.82..3829.69 rows=974 width=121)
	  ->  Sort  (cost=3824.82..3827.25 rows=974 width=121)
	        Sort Key: c
	        ->  Bitmap Heap Scan on sbtest2  (cost=34.42..3776.47 rows=974 width=121)
	              Recheck Cond: ((id >= 1622253) AND (id <= 1623252))
	              ->  Bitmap Index Scan on sbtest2_pkey  (cost=0.00..34.18 rows=974 width=0)
	                    Index Cond: ((id >= 1622253) AND (id <= 1623252))

table 3 : explain SELECT DISTINCT c FROM sbtest3 WHERE id BETWEEN 3261906 AND 3262905 ORDER BY c
	Unique  (cost=3882.63..3887.58 rows=989 width=121)
	  ->  Sort  (cost=3882.63..3885.10 rows=989 width=121)
	        Sort Key: c
	        ->  Bitmap Heap Scan on sbtest3  (cost=34.57..3833.43 rows=989 width=121)
	              Recheck Cond: ((id >= 3261906) AND (id <= 3262905))
	              ->  Bitmap Index Scan on sbtest3_pkey  (cost=0.00..34.33 rows=989 width=0)
	                    Index Cond: ((id >= 3261906) AND (id <= 3262905))

table 4 : explain SELECT DISTINCT c FROM sbtest4 WHERE id BETWEEN 2151669 AND 2152668 ORDER BY c
	Unique  (cost=4547.85..4553.66 rows=1161 width=121)
	  ->  Sort  (cost=4547.85..4550.75 rows=1161 width=121)
	        Sort Key: c
	        ->  Bitmap Heap Scan on sbtest4  (cost=40.34..4488.75 rows=1161 width=121)
	              Recheck Cond: ((id >= 2151669) AND (id <= 2152668))
	              ->  Bitmap Index Scan on sbtest4_pkey  (cost=0.00..40.05 rows=1161 width=0)
	                    Index Cond: ((id >= 2151669) AND (id <= 2152668))

table 5 : explain SELECT DISTINCT c FROM sbtest5 WHERE id BETWEEN 9182334 AND 9183333 ORDER BY c
	Unique  (cost=4352.97..4358.51 rows=1109 width=121)
	  ->  Sort  (cost=4352.97..4355.74 rows=1109 width=121)
	        Sort Key: c
	        ->  Bitmap Heap Scan on sbtest5  (cost=39.80..4296.88 rows=1109 width=121)
	              Recheck Cond: ((id >= 9182334) AND (id <= 9183333))
	              ->  Bitmap Index Scan on sbtest5_pkey  (cost=0.00..39.53 rows=1109 width=0)
	                    Index Cond: ((id >= 9182334) AND (id <= 9183333))

table 6 : explain SELECT DISTINCT c FROM sbtest6 WHERE id BETWEEN 1241437 AND 1242436 ORDER BY c
	Unique  (cost=4001.87..4006.97 rows=1020 width=121)
	  ->  Sort  (cost=4001.87..4004.42 rows=1020 width=121)
	        Sort Key: c
	        ->  Bitmap Heap Scan on sbtest6  (cost=34.89..3950.90 rows=1020 width=121)
	              Recheck Cond: ((id >= 1241437) AND (id <= 1242436))
	              ->  Bitmap Index Scan on sbtest6_pkey  (cost=0.00..34.64 rows=1020 width=0)
	                    Index Cond: ((id >= 1241437) AND (id <= 1242436))

table 7 : explain SELECT DISTINCT c FROM sbtest7 WHERE id BETWEEN 4146580 AND 4147579 ORDER BY c
	Unique  (cost=3846.94..3851.84 rows=980 width=121)
	  ->  Sort  (cost=3846.94..3849.39 rows=980 width=121)
	        Sort Key: c
	        ->  Bitmap Heap Scan on sbtest7  (cost=34.48..3798.25 rows=980 width=121)
	              Recheck Cond: ((id >= 4146580) AND (id <= 4147579))
	              ->  Bitmap Index Scan on sbtest7_pkey  (cost=0.00..34.23 rows=980 width=0)
	                    Index Cond: ((id >= 4146580) AND (id <= 4147579))

table 8 : explain SELECT DISTINCT c FROM sbtest8 WHERE id BETWEEN 9992348 AND 9993347 ORDER BY c
	Unique  (cost=4203.12..4208.48 rows=1073 width=121)
	  ->  Sort  (cost=4203.12..4205.80 rows=1073 width=121)
	        Sort Key: c
	        ->  Bitmap Heap Scan on sbtest8  (cost=35.43..4149.11 rows=1073 width=121)
	              Recheck Cond: ((id >= 9992348) AND (id <= 9993347))
	              ->  Bitmap Index Scan on sbtest8_pkey  (cost=0.00..35.17 rows=1073 width=0)
	                    Index Cond: ((id >= 9992348) AND (id <= 9993347))

for: simple_ranges
table 1 : explain SELECT c FROM sbtest1 WHERE id BETWEEN 9889731 AND 9890730
	Bitmap Heap Scan on sbtest1  (cost=35.05..4009.47 rows=1036 width=121)
	  Recheck Cond: ((id >= 9889731) AND (id <= 9890730))
	  ->  Bitmap Index Scan on sbtest1_pkey  (cost=0.00..34.80 rows=1036 width=0)
	        Index Cond: ((id >= 9889731) AND (id <= 9890730))

table 2 : explain SELECT c FROM sbtest2 WHERE id BETWEEN 730135 AND 731134
	Bitmap Heap Scan on sbtest2  (cost=34.05..3640.61 rows=938 width=121)
	  Recheck Cond: ((id >= 730135) AND (id <= 731134))
	  ->  Bitmap Index Scan on sbtest2_pkey  (cost=0.00..33.82 rows=938 width=0)
	        Index Cond: ((id >= 730135) AND (id <= 731134))

table 3 : explain SELECT c FROM sbtest3 WHERE id BETWEEN 6708489 AND 6709488
	Bitmap Heap Scan on sbtest3  (cost=35.08..4021.78 rows=1039 width=121)
	  Recheck Cond: ((id >= 6708489) AND (id <= 6709488))
	  ->  Bitmap Index Scan on sbtest3_pkey  (cost=0.00..34.83 rows=1039 width=0)
	        Index Cond: ((id >= 6708489) AND (id <= 6709488))

table 4 : explain SELECT c FROM sbtest4 WHERE id BETWEEN 9641129 AND 9642128
	Bitmap Heap Scan on sbtest4  (cost=34.20..3703.89 rows=953 width=121)
	  Recheck Cond: ((id >= 9641129) AND (id <= 9642128))
	  ->  Bitmap Index Scan on sbtest4_pkey  (cost=0.00..33.97 rows=953 width=0)
	        Index Cond: ((id >= 9641129) AND (id <= 9642128))

table 5 : explain SELECT c FROM sbtest5 WHERE id BETWEEN 2425651 AND 2426650
	Bitmap Heap Scan on sbtest5  (cost=34.60..3851.45 rows=992 width=121)
	  Recheck Cond: ((id >= 2425651) AND (id <= 2426650))
	  ->  Bitmap Index Scan on sbtest5_pkey  (cost=0.00..34.36 rows=992 width=0)
	        Index Cond: ((id >= 2425651) AND (id <= 2426650))

table 6 : explain SELECT c FROM sbtest6 WHERE id BETWEEN 2412625 AND 2413624
	Bitmap Heap Scan on sbtest6  (cost=34.02..3630.22 rows=935 width=121)
	  Recheck Cond: ((id >= 2412625) AND (id <= 2413624))
	  ->  Bitmap Index Scan on sbtest6_pkey  (cost=0.00..33.79 rows=935 width=0)
	        Index Cond: ((id >= 2412625) AND (id <= 2413624))

table 7 : explain SELECT c FROM sbtest7 WHERE id BETWEEN 6186537 AND 6187536
	Bitmap Heap Scan on sbtest7  (cost=34.19..3692.65 rows=952 width=121)
	  Recheck Cond: ((id >= 6186537) AND (id <= 6187536))
	  ->  Bitmap Index Scan on sbtest7_pkey  (cost=0.00..33.95 rows=952 width=0)
	        Index Cond: ((id >= 6186537) AND (id <= 6187536))

table 8 : explain SELECT c FROM sbtest8 WHERE id BETWEEN 2860606 AND 2861605
	Bitmap Heap Scan on sbtest8  (cost=29.30..3360.49 rows=865 width=121)
	  Recheck Cond: ((id >= 2860606) AND (id <= 2861605))
	  ->  Bitmap Index Scan on sbtest8_pkey  (cost=0.00..29.08 rows=865 width=0)
	        Index Cond: ((id >= 2860606) AND (id <= 2861605))

for: sum_ranges
table 1 : explain SELECT SUM(k) FROM sbtest1 WHERE id BETWEEN 4899244 AND 4900243
	Aggregate  (cost=3615.78..3615.79 rows=1 width=8)
	  ->  Bitmap Heap Scan on sbtest1  (cost=29.99..3613.45 rows=932 width=4)
	        Recheck Cond: ((id >= 4899244) AND (id <= 4900243))
	        ->  Bitmap Index Scan on sbtest1_pkey  (cost=0.00..29.75 rows=932 width=0)
	              Index Cond: ((id >= 4899244) AND (id <= 4900243))

table 2 : explain SELECT SUM(k) FROM sbtest2 WHERE id BETWEEN 8933451 AND 8934450
	Aggregate  (cost=3718.50..3718.51 rows=1 width=8)
	  ->  Bitmap Heap Scan on sbtest2  (cost=34.25..3716.11 rows=958 width=4)
	        Recheck Cond: ((id >= 8933451) AND (id <= 8934450))
	        ->  Bitmap Index Scan on sbtest2_pkey  (cost=0.00..34.02 rows=958 width=0)
	              Index Cond: ((id >= 8933451) AND (id <= 8934450))

table 3 : explain SELECT SUM(k) FROM sbtest3 WHERE id BETWEEN 4714969 AND 4715968
	Aggregate  (cost=3956.56..3956.57 rows=1 width=8)
	  ->  Bitmap Heap Scan on sbtest3  (cost=34.90..3954.01 rows=1021 width=4)
	        Recheck Cond: ((id >= 4714969) AND (id <= 4715968))
	        ->  Bitmap Index Scan on sbtest3_pkey  (cost=0.00..34.65 rows=1021 width=0)
	              Index Cond: ((id >= 4714969) AND (id <= 4715968))

table 4 : explain SELECT SUM(k) FROM sbtest4 WHERE id BETWEEN 290440 AND 291439
	Aggregate  (cost=3952.18..3952.19 rows=1 width=8)
	  ->  Bitmap Heap Scan on sbtest4  (cost=34.87..3949.64 rows=1018 width=4)
	        Recheck Cond: ((id >= 290440) AND (id <= 291439))
	        ->  Bitmap Index Scan on sbtest4_pkey  (cost=0.00..34.62 rows=1018 width=0)
	              Index Cond: ((id >= 290440) AND (id <= 291439))

table 5 : explain SELECT SUM(k) FROM sbtest5 WHERE id BETWEEN 8946925 AND 8947924
	Aggregate  (cost=3596.43..3596.44 rows=1 width=8)
	  ->  Bitmap Heap Scan on sbtest5  (cost=33.91..3594.12 rows=924 width=4)
	        Recheck Cond: ((id >= 8946925) AND (id <= 8947924))
	        ->  Bitmap Index Scan on sbtest5_pkey  (cost=0.00..33.68 rows=924 width=0)
	              Index Cond: ((id >= 8946925) AND (id <= 8947924))

table 6 : explain SELECT SUM(k) FROM sbtest6 WHERE id BETWEEN 4507077 AND 4508076
	Aggregate  (cost=4017.52..4017.53 rows=1 width=8)
	  ->  Bitmap Heap Scan on sbtest6  (cost=35.06..4014.92 rows=1037 width=4)
	        Recheck Cond: ((id >= 4507077) AND (id <= 4508076))
	        ->  Bitmap Index Scan on sbtest6_pkey  (cost=0.00..34.81 rows=1037 width=0)
	              Index Cond: ((id >= 4507077) AND (id <= 4508076))

table 7 : explain SELECT SUM(k) FROM sbtest7 WHERE id BETWEEN 267496 AND 268495
	Aggregate  (cost=4007.96..4007.97 rows=1 width=8)
	  ->  Bitmap Heap Scan on sbtest7  (cost=35.04..4005.37 rows=1035 width=4)
	        Recheck Cond: ((id >= 267496) AND (id <= 268495))
	        ->  Bitmap Index Scan on sbtest7_pkey  (cost=0.00..34.79 rows=1035 width=0)
	              Index Cond: ((id >= 267496) AND (id <= 268495))

table 8 : explain SELECT SUM(k) FROM sbtest8 WHERE id BETWEEN 6087574 AND 6088573
	Aggregate  (cost=3831.62..3831.63 rows=1 width=8)
	  ->  Bitmap Heap Scan on sbtest8  (cost=34.56..3829.15 rows=988 width=4)
	        Recheck Cond: ((id >= 6087574) AND (id <= 6088573))
	        ->  Bitmap Index Scan on sbtest8_pkey  (cost=0.00..34.32 rows=988 width=0)
	              Index Cond: ((id >= 6087574) AND (id <= 6088573))

for: sum_ranges
table 1 : explain SELECT SUM(k) FROM sbtest1 WHERE id BETWEEN 1280072 AND 1281071
	Aggregate  (cost=4057.24..4057.25 rows=1 width=8)
	  ->  Bitmap Heap Scan on sbtest1  (cost=35.18..4054.62 rows=1048 width=4)
	        Recheck Cond: ((id >= 1280072) AND (id <= 1281071))
	        ->  Bitmap Index Scan on sbtest1_pkey  (cost=0.00..34.92 rows=1048 width=0)
	              Index Cond: ((id >= 1280072) AND (id <= 1281071))

table 2 : explain SELECT SUM(k) FROM sbtest2 WHERE id BETWEEN 7901054 AND 7902053
	Aggregate  (cost=3703.40..3703.41 rows=1 width=8)
	  ->  Bitmap Heap Scan on sbtest2  (cost=34.21..3701.01 rows=954 width=4)
	        Recheck Cond: ((id >= 7901054) AND (id <= 7902053))
	        ->  Bitmap Index Scan on sbtest2_pkey  (cost=0.00..33.98 rows=954 width=0)
	              Index Cond: ((id >= 7901054) AND (id <= 7902053))

table 3 : explain SELECT SUM(k) FROM sbtest3 WHERE id BETWEEN 3881 AND 4880
	Aggregate  (cost=4167.41..4167.42 rows=1 width=8)
	  ->  Bitmap Heap Scan on sbtest3  (cost=35.47..4164.72 rows=1077 width=4)
	        Recheck Cond: ((id >= 3881) AND (id <= 4880))
	        ->  Bitmap Index Scan on sbtest3_pkey  (cost=0.00..35.20 rows=1077 width=0)
	              Index Cond: ((id >= 3881) AND (id <= 4880))

table 4 : explain SELECT SUM(k) FROM sbtest4 WHERE id BETWEEN 2200197 AND 2201196
	Aggregate  (cost=4491.65..4491.66 rows=1 width=8)
	  ->  Bitmap Heap Scan on sbtest4  (cost=40.34..4488.75 rows=1161 width=4)
	        Recheck Cond: ((id >= 2200197) AND (id <= 2201196))
	        ->  Bitmap Index Scan on sbtest4_pkey  (cost=0.00..40.05 rows=1161 width=0)
	              Index Cond: ((id >= 2200197) AND (id <= 2201196))

table 5 : explain SELECT SUM(k) FROM sbtest5 WHERE id BETWEEN 1072087 AND 1073086
	Aggregate  (cost=3778.25..3778.26 rows=1 width=8)
	  ->  Bitmap Heap Scan on sbtest5  (cost=34.40..3775.82 rows=972 width=4)
	        Recheck Cond: ((id >= 1072087) AND (id <= 1073086))
	        ->  Bitmap Index Scan on sbtest5_pkey  (cost=0.00..34.16 rows=972 width=0)
	              Index Cond: ((id >= 1072087) AND (id <= 1073086))

table 6 : explain SELECT SUM(k) FROM sbtest6 WHERE id BETWEEN 4464859 AND 4465858
	Aggregate  (cost=4017.52..4017.53 rows=1 width=8)
	  ->  Bitmap Heap Scan on sbtest6  (cost=35.06..4014.92 rows=1037 width=4)
	        Recheck Cond: ((id >= 4464859) AND (id <= 4465858))
	        ->  Bitmap Index Scan on sbtest6_pkey  (cost=0.00..34.81 rows=1037 width=0)
	              Index Cond: ((id >= 4464859) AND (id <= 4465858))

table 7 : explain SELECT SUM(k) FROM sbtest7 WHERE id BETWEEN 2938359 AND 2939358
	Aggregate  (cost=4203.56..4203.57 rows=1 width=8)
	  ->  Bitmap Heap Scan on sbtest7  (cost=35.58..4200.85 rows=1087 width=4)
	        Recheck Cond: ((id >= 2938359) AND (id <= 2939358))
	        ->  Bitmap Index Scan on sbtest7_pkey  (cost=0.00..35.31 rows=1087 width=0)
	              Index Cond: ((id >= 2938359) AND (id <= 2939358))

table 8 : explain SELECT SUM(k) FROM sbtest8 WHERE id BETWEEN 6773614 AND 6774613
	Aggregate  (cost=4512.59..4512.60 rows=1 width=8)
	  ->  Bitmap Heap Scan on sbtest8  (cost=40.42..4509.67 rows=1169 width=4)
	        Recheck Cond: ((id >= 6773614) AND (id <= 6774613))
	        ->  Bitmap Index Scan on sbtest8_pkey  (cost=0.00..40.12 rows=1169 width=0)
	              Index Cond: ((id >= 6773614) AND (id <= 6774613))

for point_selects
table 1 : explain SELECT c FROM sbtest1 WHERE id=445144
	Index Scan using sbtest1_pkey on sbtest1  (cost=0.43..8.45 rows=1 width=121)
	  Index Cond: (id = 445144)

table 2 : explain SELECT c FROM sbtest2 WHERE id=7385898
	Index Scan using sbtest2_pkey on sbtest2  (cost=0.43..8.45 rows=1 width=121)
	  Index Cond: (id = 7385898)

table 3 : explain SELECT c FROM sbtest3 WHERE id=3136662
	Index Scan using sbtest3_pkey on sbtest3  (cost=0.43..8.45 rows=1 width=121)
	  Index Cond: (id = 3136662)

table 4 : explain SELECT c FROM sbtest4 WHERE id=8271566
	Index Scan using sbtest4_pkey on sbtest4  (cost=0.43..8.45 rows=1 width=121)
	  Index Cond: (id = 8271566)

table 5 : explain SELECT c FROM sbtest5 WHERE id=4130190
	Index Scan using sbtest5_pkey on sbtest5  (cost=0.43..8.45 rows=1 width=121)
	  Index Cond: (id = 4130190)

table 6 : explain SELECT c FROM sbtest6 WHERE id=6529159
	Index Scan using sbtest6_pkey on sbtest6  (cost=0.43..8.45 rows=1 width=121)
	  Index Cond: (id = 6529159)

table 7 : explain SELECT c FROM sbtest7 WHERE id=8103540
	Index Scan using sbtest7_pkey on sbtest7  (cost=0.43..8.45 rows=1 width=121)
	  Index Cond: (id = 8103540)

table 8 : explain SELECT c FROM sbtest8 WHERE id=5602136
	Index Scan using sbtest8_pkey on sbtest8  (cost=0.43..8.45 rows=1 width=121)
	  Index Cond: (id = 5602136)

for point_selects
table 1 : explain SELECT c FROM sbtest1 WHERE id=1275655
	Index Scan using sbtest1_pkey on sbtest1  (cost=0.43..8.45 rows=1 width=121)
	  Index Cond: (id = 1275655)

table 2 : explain SELECT c FROM sbtest2 WHERE id=301236
	Index Scan using sbtest2_pkey on sbtest2  (cost=0.43..8.45 rows=1 width=121)
	  Index Cond: (id = 301236)

table 3 : explain SELECT c FROM sbtest3 WHERE id=4582370
	Index Scan using sbtest3_pkey on sbtest3  (cost=0.43..8.45 rows=1 width=121)
	  Index Cond: (id = 4582370)

table 4 : explain SELECT c FROM sbtest4 WHERE id=3386712
	Index Scan using sbtest4_pkey on sbtest4  (cost=0.43..8.45 rows=1 width=121)
	  Index Cond: (id = 3386712)

table 5 : explain SELECT c FROM sbtest5 WHERE id=5877783
	Index Scan using sbtest5_pkey on sbtest5  (cost=0.43..8.45 rows=1 width=121)
	  Index Cond: (id = 5877783)

table 6 : explain SELECT c FROM sbtest6 WHERE id=5222159
	Index Scan using sbtest6_pkey on sbtest6  (cost=0.43..8.45 rows=1 width=121)
	  Index Cond: (id = 5222159)

table 7 : explain SELECT c FROM sbtest7 WHERE id=1670606
	Index Scan using sbtest7_pkey on sbtest7  (cost=0.43..8.45 rows=1 width=121)
	  Index Cond: (id = 1670606)

table 8 : explain SELECT c FROM sbtest8 WHERE id=2225053
	Index Scan using sbtest8_pkey on sbtest8  (cost=0.43..8.45 rows=1 width=121)
	  Index Cond: (id = 2225053)

for: order_ranges
table 1 : explain SELECT c FROM sbtest1 WHERE id BETWEEN 941035 AND 942034 ORDER BY c
	Sort  (cost=3881.68..3884.16 rows=989 width=121)
	  Sort Key: c
	  ->  Bitmap Heap Scan on sbtest1  (cost=34.57..3832.48 rows=989 width=121)
	        Recheck Cond: ((id >= 941035) AND (id <= 942034))
	        ->  Bitmap Index Scan on sbtest1_pkey  (cost=0.00..34.33 rows=989 width=0)
	              Index Cond: ((id >= 941035) AND (id <= 942034))

table 2 : explain SELECT c FROM sbtest2 WHERE id BETWEEN 3956660 AND 3957659 ORDER BY c
	Sort  (cost=4035.20..4037.77 rows=1029 width=121)
	  Sort Key: c
	  ->  Bitmap Heap Scan on sbtest2  (cost=34.98..3983.71 rows=1029 width=121)
	        Recheck Cond: ((id >= 3956660) AND (id <= 3957659))
	        ->  Bitmap Index Scan on sbtest2_pkey  (cost=0.00..34.73 rows=1029 width=0)
	              Index Cond: ((id >= 3956660) AND (id <= 3957659))

table 3 : explain SELECT c FROM sbtest3 WHERE id BETWEEN 6756731 AND 6757730 ORDER BY c
	Sort  (cost=4073.84..4076.44 rows=1039 width=121)
	  Sort Key: c
	  ->  Bitmap Heap Scan on sbtest3  (cost=35.08..4021.78 rows=1039 width=121)
	        Recheck Cond: ((id >= 6756731) AND (id <= 6757730))
	        ->  Bitmap Index Scan on sbtest3_pkey  (cost=0.00..34.83 rows=1039 width=0)
	              Index Cond: ((id >= 6756731) AND (id <= 6757730))

table 4 : explain SELECT c FROM sbtest4 WHERE id BETWEEN 5036493 AND 5037492 ORDER BY c
	Sort  (cost=3850.88..3853.33 rows=979 width=121)
	  Sort Key: c
	  ->  Bitmap Heap Scan on sbtest4  (cost=34.47..3802.25 rows=979 width=121)
	        Recheck Cond: ((id >= 5036493) AND (id <= 5037492))
	        ->  Bitmap Index Scan on sbtest4_pkey  (cost=0.00..34.23 rows=979 width=0)
	              Index Cond: ((id >= 5036493) AND (id <= 5037492))

table 5 : explain SELECT c FROM sbtest5 WHERE id BETWEEN 285326 AND 286325 ORDER BY c
	Sort  (cost=3962.20..3964.72 rows=1008 width=121)
	  Sort Key: c
	  ->  Bitmap Heap Scan on sbtest5  (cost=34.77..3911.91 rows=1008 width=121)
	        Recheck Cond: ((id >= 285326) AND (id <= 286325))
	        ->  Bitmap Index Scan on sbtest5_pkey  (cost=0.00..34.52 rows=1008 width=0)
	              Index Cond: ((id >= 285326) AND (id <= 286325))

table 6 : explain SELECT c FROM sbtest6 WHERE id BETWEEN 5625116 AND 5626115 ORDER BY c
	Sort  (cost=3902.40..3904.88 rows=994 width=121)
	  Sort Key: c
	  ->  Bitmap Heap Scan on sbtest6  (cost=34.62..3852.91 rows=994 width=121)
	        Recheck Cond: ((id >= 5625116) AND (id <= 5626115))
	        ->  Bitmap Index Scan on sbtest6_pkey  (cost=0.00..34.38 rows=994 width=0)
	              Index Cond: ((id >= 5625116) AND (id <= 5626115))

table 7 : explain SELECT c FROM sbtest7 WHERE id BETWEEN 5639319 AND 5640318 ORDER BY c
	Sort  (cost=4003.71..4006.27 rows=1021 width=121)
	  Sort Key: c
	  ->  Bitmap Heap Scan on sbtest7  (cost=34.90..3952.69 rows=1021 width=121)
	        Recheck Cond: ((id >= 5639319) AND (id <= 5640318))
	        ->  Bitmap Index Scan on sbtest7_pkey  (cost=0.00..34.65 rows=1021 width=0)
	              Index Cond: ((id >= 5639319) AND (id <= 5640318))

table 8 : explain SELECT c FROM sbtest8 WHERE id BETWEEN 2925090 AND 2926089 ORDER BY c
	Sort  (cost=3402.69..3404.85 rows=865 width=121)
	  Sort Key: c
	  ->  Bitmap Heap Scan on sbtest8  (cost=29.30..3360.49 rows=865 width=121)
	        Recheck Cond: ((id >= 2925090) AND (id <= 2926089))
	        ->  Bitmap Index Scan on sbtest8_pkey  (cost=0.00..29.08 rows=865 width=0)
	              Index Cond: ((id >= 2925090) AND (id <= 2926089))

for: simple_ranges
table 1 : explain SELECT c FROM sbtest1 WHERE id BETWEEN 6763010 AND 6764009
	Bitmap Heap Scan on sbtest1  (cost=34.48..3798.56 rows=980 width=121)
	  Recheck Cond: ((id >= 6763010) AND (id <= 6764009))
	  ->  Bitmap Index Scan on sbtest1_pkey  (cost=0.00..34.23 rows=980 width=0)
	        Index Cond: ((id >= 6763010) AND (id <= 6764009))

table 2 : explain SELECT c FROM sbtest2 WHERE id BETWEEN 4899706 AND 4900705
	Bitmap Heap Scan on sbtest2  (cost=34.35..3750.06 rows=967 width=121)
	  Recheck Cond: ((id >= 4899706) AND (id <= 4900705))
	  ->  Bitmap Index Scan on sbtest2_pkey  (cost=0.00..34.11 rows=967 width=0)
	        Index Cond: ((id >= 4899706) AND (id <= 4900705))

table 3 : explain SELECT c FROM sbtest3 WHERE id BETWEEN 8104046 AND 8105045
	Bitmap Heap Scan on sbtest3  (cost=35.52..4179.75 rows=1081 width=121)
	  Recheck Cond: ((id >= 8104046) AND (id <= 8105045))
	  ->  Bitmap Index Scan on sbtest3_pkey  (cost=0.00..35.25 rows=1081 width=0)
	        Index Cond: ((id >= 8104046) AND (id <= 8105045))

table 4 : explain SELECT c FROM sbtest4 WHERE id BETWEEN 6888593 AND 6889592
	Bitmap Heap Scan on sbtest4  (cost=33.92..3597.86 rows=925 width=121)
	  Recheck Cond: ((id >= 6888593) AND (id <= 6889592))
	  ->  Bitmap Index Scan on sbtest4_pkey  (cost=0.00..33.69 rows=925 width=0)
	        Index Cond: ((id >= 6888593) AND (id <= 6889592))

table 5 : explain SELECT c FROM sbtest5 WHERE id BETWEEN 7674294 AND 7675293
	Bitmap Heap Scan on sbtest5  (cost=34.02..3635.79 rows=935 width=121)
	  Recheck Cond: ((id >= 7674294) AND (id <= 7675293))
	  ->  Bitmap Index Scan on sbtest5_pkey  (cost=0.00..33.79 rows=935 width=0)
	        Index Cond: ((id >= 7674294) AND (id <= 7675293))

table 6 : explain SELECT c FROM sbtest6 WHERE id BETWEEN 751858 AND 752857
	Bitmap Heap Scan on sbtest6  (cost=34.09..3656.67 rows=942 width=121)
	  Recheck Cond: ((id >= 751858) AND (id <= 752857))
	  ->  Bitmap Index Scan on sbtest6_pkey  (cost=0.00..33.86 rows=942 width=0)
	        Index Cond: ((id >= 751858) AND (id <= 752857))

table 7 : explain SELECT c FROM sbtest7 WHERE id BETWEEN 7268545 AND 7269544
	Bitmap Heap Scan on sbtest7  (cost=34.45..3786.94 rows=977 width=121)
	  Recheck Cond: ((id >= 7268545) AND (id <= 7269544))
	  ->  Bitmap Index Scan on sbtest7_pkey  (cost=0.00..34.20 rows=977 width=0)
	        Index Cond: ((id >= 7268545) AND (id <= 7269544))

table 8 : explain SELECT c FROM sbtest8 WHERE id BETWEEN 3088339 AND 3089338
	Bitmap Heap Scan on sbtest8  (cost=34.23..3708.46 rows=956 width=121)
	  Recheck Cond: ((id >= 3088339) AND (id <= 3089338))
	  ->  Bitmap Index Scan on sbtest8_pkey  (cost=0.00..34.00 rows=956 width=0)
	        Index Cond: ((id >= 3088339) AND (id <= 3089338))

for: simple_ranges
table 1 : explain SELECT c FROM sbtest1 WHERE id BETWEEN 7582359 AND 7583358
	Bitmap Heap Scan on sbtest1  (cost=34.89..3949.25 rows=1020 width=121)
	  Recheck Cond: ((id >= 7582359) AND (id <= 7583358))
	  ->  Bitmap Index Scan on sbtest1_pkey  (cost=0.00..34.64 rows=1020 width=0)
	        Index Cond: ((id >= 7582359) AND (id <= 7583358))

table 2 : explain SELECT c FROM sbtest2 WHERE id BETWEEN 5452564 AND 5453563
	Bitmap Heap Scan on sbtest2  (cost=34.91..3957.35 rows=1022 width=121)
	  Recheck Cond: ((id >= 5452564) AND (id <= 5453563))
	  ->  Bitmap Index Scan on sbtest2_pkey  (cost=0.00..34.66 rows=1022 width=0)
	        Index Cond: ((id >= 5452564) AND (id <= 5453563))

table 3 : explain SELECT c FROM sbtest3 WHERE id BETWEEN 5752694 AND 5753693
	Bitmap Heap Scan on sbtest3  (cost=35.85..4299.99 rows=1114 width=121)
	  Recheck Cond: ((id >= 5752694) AND (id <= 5753693))
	  ->  Bitmap Index Scan on sbtest3_pkey  (cost=0.00..35.58 rows=1114 width=0)
	        Index Cond: ((id >= 5752694) AND (id <= 5753693))

table 4 : explain SELECT c FROM sbtest4 WHERE id BETWEEN 4546917 AND 4547916
	Bitmap Heap Scan on sbtest4  (cost=34.48..3806.03 rows=980 width=121)
	  Recheck Cond: ((id >= 4546917) AND (id <= 4547916))
	  ->  Bitmap Index Scan on sbtest4_pkey  (cost=0.00..34.23 rows=980 width=0)
	        Index Cond: ((id >= 4546917) AND (id <= 4547916))

table 5 : explain SELECT c FROM sbtest5 WHERE id BETWEEN 1033055 AND 1034054
	Bitmap Heap Scan on sbtest5  (cost=34.40..3775.82 rows=972 width=121)
	  Recheck Cond: ((id >= 1033055) AND (id <= 1034054))
	  ->  Bitmap Index Scan on sbtest5_pkey  (cost=0.00..34.16 rows=972 width=0)
	        Index Cond: ((id >= 1033055) AND (id <= 1034054))

table 6 : explain SELECT c FROM sbtest6 WHERE id BETWEEN 8934468 AND 8935467
	Bitmap Heap Scan on sbtest6  (cost=34.33..3743.51 rows=965 width=121)
	  Recheck Cond: ((id >= 8934468) AND (id <= 8935467))
	  ->  Bitmap Index Scan on sbtest6_pkey  (cost=0.00..34.09 rows=965 width=0)
	        Index Cond: ((id >= 8934468) AND (id <= 8935467))

table 7 : explain SELECT c FROM sbtest7 WHERE id BETWEEN 7404651 AND 7405650
	Bitmap Heap Scan on sbtest7  (cost=34.50..3805.79 rows=982 width=121)
	  Recheck Cond: ((id >= 7404651) AND (id <= 7405650))
	  ->  Bitmap Index Scan on sbtest7_pkey  (cost=0.00..34.26 rows=982 width=0)
	        Index Cond: ((id >= 7404651) AND (id <= 7405650))

table 8 : explain SELECT c FROM sbtest8 WHERE id BETWEEN 5899780 AND 5900779
	Bitmap Heap Scan on sbtest8  (cost=34.77..3904.52 rows=1008 width=121)
	  Recheck Cond: ((id >= 5899780) AND (id <= 5900779))
	  ->  Bitmap Index Scan on sbtest8_pkey  (cost=0.00..34.52 rows=1008 width=0)
	        Index Cond: ((id >= 5899780) AND (id <= 5900779))

for: simple_ranges
table 1 : explain SELECT c FROM sbtest1 WHERE id BETWEEN 6587869 AND 6588868
	Bitmap Heap Scan on sbtest1  (cost=29.43..3409.33 rows=878 width=121)
	  Recheck Cond: ((id >= 6587869) AND (id <= 6588868))
	  ->  Bitmap Index Scan on sbtest1_pkey  (cost=0.00..29.21 rows=878 width=0)
	        Index Cond: ((id >= 6587869) AND (id <= 6588868))

table 2 : explain SELECT c FROM sbtest2 WHERE id BETWEEN 4024618 AND 4025617
	Bitmap Heap Scan on sbtest2  (cost=35.60..4209.35 rows=1089 width=121)
	  Recheck Cond: ((id >= 4024618) AND (id <= 4025617))
	  ->  Bitmap Index Scan on sbtest2_pkey  (cost=0.00..35.33 rows=1089 width=0)
	        Index Cond: ((id >= 4024618) AND (id <= 4025617))

table 3 : explain SELECT c FROM sbtest3 WHERE id BETWEEN 7425586 AND 7426585
	Bitmap Heap Scan on sbtest3  (cost=35.31..4104.55 rows=1061 width=121)
	  Recheck Cond: ((id >= 7425586) AND (id <= 7426585))
	  ->  Bitmap Index Scan on sbtest3_pkey  (cost=0.00..35.05 rows=1061 width=0)
	        Index Cond: ((id >= 7425586) AND (id <= 7426585))

table 4 : explain SELECT c FROM sbtest4 WHERE id BETWEEN 2342101 AND 2343100
	Bitmap Heap Scan on sbtest4  (cost=34.44..3790.90 rows=976 width=121)
	  Recheck Cond: ((id >= 2342101) AND (id <= 2343100))
	  ->  Bitmap Index Scan on sbtest4_pkey  (cost=0.00..34.20 rows=976 width=0)
	        Index Cond: ((id >= 2342101) AND (id <= 2343100))

table 5 : explain SELECT c FROM sbtest5 WHERE id BETWEEN 440322 AND 441321
	Bitmap Heap Scan on sbtest5  (cost=35.30..4108.21 rows=1060 width=121)
	  Recheck Cond: ((id >= 440322) AND (id <= 441321))
	  ->  Bitmap Index Scan on sbtest5_pkey  (cost=0.00..35.04 rows=1060 width=0)
	        Index Cond: ((id >= 440322) AND (id <= 441321))

table 6 : explain SELECT c FROM sbtest6 WHERE id BETWEEN 1235054 AND 1236053
	Bitmap Heap Scan on sbtest6  (cost=34.89..3950.90 rows=1020 width=121)
	  Recheck Cond: ((id >= 1235054) AND (id <= 1236053))
	  ->  Bitmap Index Scan on sbtest6_pkey  (cost=0.00..34.64 rows=1020 width=0)
	        Index Cond: ((id >= 1235054) AND (id <= 1236053))

table 7 : explain SELECT c FROM sbtest7 WHERE id BETWEEN 4263628 AND 4264627
	Bitmap Heap Scan on sbtest7  (cost=34.97..3979.03 rows=1028 width=121)
	  Recheck Cond: ((id >= 4263628) AND (id <= 4264627))
	  ->  Bitmap Index Scan on sbtest7_pkey  (cost=0.00..34.72 rows=1028 width=0)
	        Index Cond: ((id >= 4263628) AND (id <= 4264627))

table 8 : explain SELECT c FROM sbtest8 WHERE id BETWEEN 622561 AND 623560
	Bitmap Heap Scan on sbtest8  (cost=39.82..4292.12 rows=1111 width=121)
	  Recheck Cond: ((id >= 622561) AND (id <= 623560))
	  ->  Bitmap Index Scan on sbtest8_pkey  (cost=0.00..39.55 rows=1111 width=0)
	        Index Cond: ((id >= 622561) AND (id <= 623560))

for: simple_ranges
table 1 : explain SELECT c FROM sbtest1 WHERE id BETWEEN 3483331 AND 3484330
	Bitmap Heap Scan on sbtest1  (cost=34.24..3711.81 rows=957 width=121)
	  Recheck Cond: ((id >= 3483331) AND (id <= 3484330))
	  ->  Bitmap Index Scan on sbtest1_pkey  (cost=0.00..34.01 rows=957 width=0)
	        Index Cond: ((id >= 3483331) AND (id <= 3484330))

table 2 : explain SELECT c FROM sbtest2 WHERE id BETWEEN 8774401 AND 8775400
	Bitmap Heap Scan on sbtest2  (cost=34.39..3765.15 rows=971 width=121)
	  Recheck Cond: ((id >= 8774401) AND (id <= 8775400))
	  ->  Bitmap Index Scan on sbtest2_pkey  (cost=0.00..34.15 rows=971 width=0)
	        Index Cond: ((id >= 8774401) AND (id <= 8775400))

table 3 : explain SELECT c FROM sbtest3 WHERE id BETWEEN 1015925 AND 1016924
	Bitmap Heap Scan on sbtest3  (cost=34.53..3818.35 rows=985 width=121)
	  Recheck Cond: ((id >= 1015925) AND (id <= 1016924))
	  ->  Bitmap Index Scan on sbtest3_pkey  (cost=0.00..34.29 rows=985 width=0)
	        Index Cond: ((id >= 1015925) AND (id <= 1016924))

table 4 : explain SELECT c FROM sbtest4 WHERE id BETWEEN 6980992 AND 6981991
	Bitmap Heap Scan on sbtest4  (cost=35.09..4032.69 rows=1040 width=121)
	  Recheck Cond: ((id >= 6980992) AND (id <= 6981991))
	  ->  Bitmap Index Scan on sbtest4_pkey  (cost=0.00..34.84 rows=1040 width=0)
	        Index Cond: ((id >= 6980992) AND (id <= 6981991))

table 5 : explain SELECT c FROM sbtest5 WHERE id BETWEEN 4233111 AND 4234110
	Bitmap Heap Scan on sbtest5  (cost=34.97..3987.45 rows=1028 width=121)
	  Recheck Cond: ((id >= 4233111) AND (id <= 4234110))
	  ->  Bitmap Index Scan on sbtest5_pkey  (cost=0.00..34.72 rows=1028 width=0)
	        Index Cond: ((id >= 4233111) AND (id <= 4234110))

table 6 : explain SELECT c FROM sbtest6 WHERE id BETWEEN 6917650 AND 6918649
	Bitmap Heap Scan on sbtest6  (cost=34.96..3977.27 rows=1027 width=121)
	  Recheck Cond: ((id >= 6917650) AND (id <= 6918649))
	  ->  Bitmap Index Scan on sbtest6_pkey  (cost=0.00..34.70 rows=1027 width=0)
	        Index Cond: ((id >= 6917650) AND (id <= 6918649))

table 7 : explain SELECT c FROM sbtest7 WHERE id BETWEEN 7353313 AND 7354312
	Bitmap Heap Scan on sbtest7  (cost=34.50..3805.79 rows=982 width=121)
	  Recheck Cond: ((id >= 7353313) AND (id <= 7354312))
	  ->  Bitmap Index Scan on sbtest7_pkey  (cost=0.00..34.26 rows=982 width=0)
	        Index Cond: ((id >= 7353313) AND (id <= 7354312))

table 8 : explain SELECT c FROM sbtest8 WHERE id BETWEEN 5602416 AND 5603415
	Bitmap Heap Scan on sbtest8  (cost=34.97..3979.83 rows=1028 width=121)
	  Recheck Cond: ((id >= 5602416) AND (id <= 5603415))
	  ->  Bitmap Index Scan on sbtest8_pkey  (cost=0.00..34.72 rows=1028 width=0)
	        Index Cond: ((id >= 5602416) AND (id <= 5603415))

for point_selects
table 1 : explain SELECT c FROM sbtest1 WHERE id=6249713
	Index Scan using sbtest1_pkey on sbtest1  (cost=0.43..8.45 rows=1 width=121)
	  Index Cond: (id = 6249713)

table 2 : explain SELECT c FROM sbtest2 WHERE id=5010110
	Index Scan using sbtest2_pkey on sbtest2  (cost=0.43..8.45 rows=1 width=121)
	  Index Cond: (id = 5010110)

table 3 : explain SELECT c FROM sbtest3 WHERE id=5452833
	Index Scan using sbtest3_pkey on sbtest3  (cost=0.43..8.45 rows=1 width=121)
	  Index Cond: (id = 5452833)

table 4 : explain SELECT c FROM sbtest4 WHERE id=3353110
	Index Scan using sbtest4_pkey on sbtest4  (cost=0.43..8.45 rows=1 width=121)
	  Index Cond: (id = 3353110)

table 5 : explain SELECT c FROM sbtest5 WHERE id=7119548
	Index Scan using sbtest5_pkey on sbtest5  (cost=0.43..8.45 rows=1 width=121)
	  Index Cond: (id = 7119548)

table 6 : explain SELECT c FROM sbtest6 WHERE id=6336442
	Index Scan using sbtest6_pkey on sbtest6  (cost=0.43..8.45 rows=1 width=121)
	  Index Cond: (id = 6336442)

table 7 : explain SELECT c FROM sbtest7 WHERE id=6451920
	Index Scan using sbtest7_pkey on sbtest7  (cost=0.43..8.45 rows=1 width=121)
	  Index Cond: (id = 6451920)

table 8 : explain SELECT c FROM sbtest8 WHERE id=9428382
	Index Scan using sbtest8_pkey on sbtest8  (cost=0.43..8.45 rows=1 width=121)
	  Index Cond: (id = 9428382)

for: sum_ranges
table 1 : explain SELECT SUM(k) FROM sbtest1 WHERE id BETWEEN 531776 AND 532775
	Aggregate  (cost=3347.14..3347.15 rows=1 width=8)
	  ->  Bitmap Heap Scan on sbtest1  (cost=29.26..3344.99 rows=861 width=4)
	        Recheck Cond: ((id >= 531776) AND (id <= 532775))
	        ->  Bitmap Index Scan on sbtest1_pkey  (cost=0.00..29.04 rows=861 width=0)
	              Index Cond: ((id >= 531776) AND (id <= 532775))

table 2 : explain SELECT SUM(k) FROM sbtest2 WHERE id BETWEEN 9642577 AND 9643576
	Aggregate  (cost=3854.36..3854.37 rows=1 width=8)
	  ->  Bitmap Heap Scan on sbtest2  (cost=34.62..3851.87 rows=994 width=4)
	        Recheck Cond: ((id >= 9642577) AND (id <= 9643576))
	        ->  Bitmap Index Scan on sbtest2_pkey  (cost=0.00..34.38 rows=994 width=0)
	              Index Cond: ((id >= 9642577) AND (id <= 9643576))

table 3 : explain SELECT SUM(k) FROM sbtest3 WHERE id BETWEEN 6736093 AND 6737092
	Aggregate  (cost=4024.38..4024.39 rows=1 width=8)
	  ->  Bitmap Heap Scan on sbtest3  (cost=35.08..4021.78 rows=1039 width=4)
	        Recheck Cond: ((id >= 6736093) AND (id <= 6737092))
	        ->  Bitmap Index Scan on sbtest3_pkey  (cost=0.00..34.83 rows=1039 width=0)
	              Index Cond: ((id >= 6736093) AND (id <= 6737092))

table 4 : explain SELECT SUM(k) FROM sbtest4 WHERE id BETWEEN 6920966 AND 6921965
	Aggregate  (cost=4035.29..4035.30 rows=1 width=8)
	  ->  Bitmap Heap Scan on sbtest4  (cost=35.09..4032.69 rows=1040 width=4)
	        Recheck Cond: ((id >= 6920966) AND (id <= 6921965))
	        ->  Bitmap Index Scan on sbtest4_pkey  (cost=0.00..34.84 rows=1040 width=0)
	              Index Cond: ((id >= 6920966) AND (id <= 6921965))

table 5 : explain SELECT SUM(k) FROM sbtest5 WHERE id BETWEEN 1921604 AND 1922603
	Aggregate  (cost=3770.68..3770.69 rows=1 width=8)
	  ->  Bitmap Heap Scan on sbtest5  (cost=34.38..3768.26 rows=970 width=4)
	        Recheck Cond: ((id >= 1921604) AND (id <= 1922603))
	        ->  Bitmap Index Scan on sbtest5_pkey  (cost=0.00..34.14 rows=970 width=0)
	              Index Cond: ((id >= 1921604) AND (id <= 1922603))

table 6 : explain SELECT SUM(k) FROM sbtest6 WHERE id BETWEEN 5234812 AND 5235811
	Aggregate  (cost=3761.03..3761.04 rows=1 width=8)
	  ->  Bitmap Heap Scan on sbtest6  (cost=34.37..3758.61 rows=969 width=4)
	        Recheck Cond: ((id >= 5234812) AND (id <= 5235811))
	        ->  Bitmap Index Scan on sbtest6_pkey  (cost=0.00..34.12 rows=969 width=0)
	              Index Cond: ((id >= 5234812) AND (id <= 5235811))

table 7 : explain SELECT SUM(k) FROM sbtest7 WHERE id BETWEEN 4693645 AND 4694644
	Aggregate  (cost=3977.84..3977.85 rows=1 width=8)
	  ->  Bitmap Heap Scan on sbtest7  (cost=34.96..3975.27 rows=1027 width=4)
	        Recheck Cond: ((id >= 4693645) AND (id <= 4694644))
	        ->  Bitmap Index Scan on sbtest7_pkey  (cost=0.00..34.70 rows=1027 width=0)
	              Index Cond: ((id >= 4693645) AND (id <= 4694644))

table 8 : explain SELECT SUM(k) FROM sbtest8 WHERE id BETWEEN 1088160 AND 1089159
	Aggregate  (cost=4117.93..4117.94 rows=1 width=8)
	  ->  Bitmap Heap Scan on sbtest8  (cost=35.34..4115.27 rows=1064 width=4)
	        Recheck Cond: ((id >= 1088160) AND (id <= 1089159))
	        ->  Bitmap Index Scan on sbtest8_pkey  (cost=0.00..35.08 rows=1064 width=0)
	              Index Cond: ((id >= 1088160) AND (id <= 1089159))

for: simple_ranges
table 1 : explain SELECT c FROM sbtest1 WHERE id BETWEEN 2936000 AND 2936999
	Bitmap Heap Scan on sbtest1  (cost=34.47..3794.79 rows=979 width=121)
	  Recheck Cond: ((id >= 2936000) AND (id <= 2936999))
	  ->  Bitmap Index Scan on sbtest1_pkey  (cost=0.00..34.23 rows=979 width=0)
	        Index Cond: ((id >= 2936000) AND (id <= 2936999))

table 2 : explain SELECT c FROM sbtest2 WHERE id BETWEEN 5978469 AND 5979468
	Bitmap Heap Scan on sbtest2  (cost=35.84..4295.76 rows=1113 width=121)
	  Recheck Cond: ((id >= 5978469) AND (id <= 5979468))
	  ->  Bitmap Index Scan on sbtest2_pkey  (cost=0.00..35.57 rows=1113 width=0)
	        Index Cond: ((id >= 5978469) AND (id <= 5979468))

table 3 : explain SELECT c FROM sbtest3 WHERE id BETWEEN 2437879 AND 2438878
	Bitmap Heap Scan on sbtest3  (cost=34.72..3886.20 rows=1003 width=121)
	  Recheck Cond: ((id >= 2437879) AND (id <= 2438878))
	  ->  Bitmap Index Scan on sbtest3_pkey  (cost=0.00..34.47 rows=1003 width=0)
	        Index Cond: ((id >= 2437879) AND (id <= 2438878))

table 4 : explain SELECT c FROM sbtest4 WHERE id BETWEEN 183193 AND 184192
	Bitmap Heap Scan on sbtest4  (cost=34.50..3813.59 rows=982 width=121)
	  Recheck Cond: ((id >= 183193) AND (id <= 184192))
	  ->  Bitmap Index Scan on sbtest4_pkey  (cost=0.00..34.26 rows=982 width=0)
	        Index Cond: ((id >= 183193) AND (id <= 184192))

table 5 : explain SELECT c FROM sbtest5 WHERE id BETWEEN 7763044 AND 7764043
	Bitmap Heap Scan on sbtest5  (cost=39.86..4319.47 rows=1115 width=121)
	  Recheck Cond: ((id >= 7763044) AND (id <= 7764043))
	  ->  Bitmap Index Scan on sbtest5_pkey  (cost=0.00..39.59 rows=1115 width=0)
	        Index Cond: ((id >= 7763044) AND (id <= 7764043))

table 6 : explain SELECT c FROM sbtest6 WHERE id BETWEEN 4342183 AND 4343182
	Bitmap Heap Scan on sbtest6  (cost=34.97..3981.03 rows=1028 width=121)
	  Recheck Cond: ((id >= 4342183) AND (id <= 4343182))
	  ->  Bitmap Index Scan on sbtest6_pkey  (cost=0.00..34.72 rows=1028 width=0)
	        Index Cond: ((id >= 4342183) AND (id <= 4343182))

table 7 : explain SELECT c FROM sbtest7 WHERE id BETWEEN 3067392 AND 3068391
	Bitmap Heap Scan on sbtest7  (cost=34.53..3817.09 rows=985 width=121)
	  Recheck Cond: ((id >= 3067392) AND (id <= 3068391))
	  ->  Bitmap Index Scan on sbtest7_pkey  (cost=0.00..34.29 rows=985 width=0)
	        Index Cond: ((id >= 3067392) AND (id <= 3068391))

table 8 : explain SELECT c FROM sbtest8 WHERE id BETWEEN 4298514 AND 4299513
	Bitmap Heap Scan on sbtest8  (cost=34.41..3772.60 rows=973 width=121)
	  Recheck Cond: ((id >= 4298514) AND (id <= 4299513))
	  ->  Bitmap Index Scan on sbtest8_pkey  (cost=0.00..34.17 rows=973 width=0)
	        Index Cond: ((id >= 4298514) AND (id <= 4299513))

for: order_ranges
table 1 : explain SELECT c FROM sbtest1 WHERE id BETWEEN 9609141 AND 9610140 ORDER BY c
	Sort  (cost=4385.72..4388.52 rows=1122 width=121)
	  Sort Key: c
	  ->  Bitmap Heap Scan on sbtest1  (cost=35.94..4328.88 rows=1122 width=121)
	        Recheck Cond: ((id >= 9609141) AND (id <= 9610140))
	        ->  Bitmap Index Scan on sbtest1_pkey  (cost=0.00..35.66 rows=1122 width=0)
	              Index Cond: ((id >= 9609141) AND (id <= 9610140))

table 2 : explain SELECT c FROM sbtest2 WHERE id BETWEEN 8865905 AND 8866904 ORDER BY c
	Sort  (cost=4210.87..4213.56 rows=1075 width=121)
	  Sort Key: c
	  ->  Bitmap Heap Scan on sbtest2  (cost=35.45..4156.74 rows=1075 width=121)
	        Recheck Cond: ((id >= 8865905) AND (id <= 8866904))
	        ->  Bitmap Index Scan on sbtest2_pkey  (cost=0.00..35.19 rows=1075 width=0)
	              Index Cond: ((id >= 8865905) AND (id <= 8866904))

table 3 : explain SELECT c FROM sbtest3 WHERE id BETWEEN 8091708 AND 8092707 ORDER BY c
	Sort  (cost=4234.22..4236.93 rows=1081 width=121)
	  Sort Key: c
	  ->  Bitmap Heap Scan on sbtest3  (cost=35.52..4179.75 rows=1081 width=121)
	        Recheck Cond: ((id >= 8091708) AND (id <= 8092707))
	        ->  Bitmap Index Scan on sbtest3_pkey  (cost=0.00..35.25 rows=1081 width=0)
	              Index Cond: ((id >= 8091708) AND (id <= 8092707))

table 4 : explain SELECT c FROM sbtest4 WHERE id BETWEEN 9988779 AND 9989778 ORDER BY c
	Sort  (cost=4253.28..4255.99 rows=1084 width=121)
	  Sort Key: c
	  ->  Bitmap Heap Scan on sbtest4  (cost=35.55..4198.64 rows=1084 width=121)
	        Recheck Cond: ((id >= 9988779) AND (id <= 9989778))
	        ->  Bitmap Index Scan on sbtest4_pkey  (cost=0.00..35.28 rows=1084 width=0)
	              Index Cond: ((id >= 9988779) AND (id <= 9989778))

table 5 : explain SELECT c FROM sbtest5 WHERE id BETWEEN 6852305 AND 6853304 ORDER BY c
	Sort  (cost=3620.25..3622.55 rows=920 width=121)
	  Sort Key: c
	  ->  Bitmap Heap Scan on sbtest5  (cost=29.87..3574.97 rows=920 width=121)
	        Recheck Cond: ((id >= 6852305) AND (id <= 6853304))
	        ->  Bitmap Index Scan on sbtest5_pkey  (cost=0.00..29.64 rows=920 width=0)
	              Index Cond: ((id >= 6852305) AND (id <= 6853304))

table 6 : explain SELECT c FROM sbtest6 WHERE id BETWEEN 507654 AND 508653 ORDER BY c
	Sort  (cost=3890.91..3893.39 rows=991 width=121)
	  Sort Key: c
	  ->  Bitmap Heap Scan on sbtest6  (cost=34.59..3841.60 rows=991 width=121)
	        Recheck Cond: ((id >= 507654) AND (id <= 508653))
	        ->  Bitmap Index Scan on sbtest6_pkey  (cost=0.00..34.34 rows=991 width=0)
	              Index Cond: ((id >= 507654) AND (id <= 508653))

table 7 : explain SELECT c FROM sbtest7 WHERE id BETWEEN 520955 AND 521954 ORDER BY c
	Sort  (cost=3724.43..3726.80 rows=948 width=121)
	  Sort Key: c
	  ->  Bitmap Heap Scan on sbtest7  (cost=34.15..3677.56 rows=948 width=121)
	        Recheck Cond: ((id >= 520955) AND (id <= 521954))
	        ->  Bitmap Index Scan on sbtest7_pkey  (cost=0.00..33.92 rows=948 width=0)
	              Index Cond: ((id >= 520955) AND (id <= 521954))

table 8 : explain SELECT c FROM sbtest8 WHERE id BETWEEN 1031969 AND 1032968 ORDER BY c
	Sort  (cost=4168.77..4171.43 rows=1064 width=121)
	  Sort Key: c
	  ->  Bitmap Heap Scan on sbtest8  (cost=35.34..4115.27 rows=1064 width=121)
	        Recheck Cond: ((id >= 1031969) AND (id <= 1032968))
	        ->  Bitmap Index Scan on sbtest8_pkey  (cost=0.00..35.08 rows=1064 width=0)
	              Index Cond: ((id >= 1031969) AND (id <= 1032968))

for: order_ranges
table 1 : explain SELECT c FROM sbtest1 WHERE id BETWEEN 7454422 AND 7455421 ORDER BY c
	Sort  (cost=3923.76..3926.26 rows=1000 width=121)
	  Sort Key: c
	  ->  Bitmap Heap Scan on sbtest1  (cost=34.69..3873.93 rows=1000 width=121)
	        Recheck Cond: ((id >= 7454422) AND (id <= 7455421))
	        ->  Bitmap Index Scan on sbtest1_pkey  (cost=0.00..34.44 rows=1000 width=0)
	              Index Cond: ((id >= 7454422) AND (id <= 7455421))

table 2 : explain SELECT c FROM sbtest2 WHERE id BETWEEN 8802614 AND 8803613 ORDER BY c
	Sort  (cost=4210.87..4213.56 rows=1075 width=121)
	  Sort Key: c
	  ->  Bitmap Heap Scan on sbtest2  (cost=35.45..4156.74 rows=1075 width=121)
	        Recheck Cond: ((id >= 8802614) AND (id <= 8803613))
	        ->  Bitmap Index Scan on sbtest2_pkey  (cost=0.00..35.19 rows=1075 width=0)
	              Index Cond: ((id >= 8802614) AND (id <= 8803613))

table 3 : explain SELECT c FROM sbtest3 WHERE id BETWEEN 735913 AND 736912 ORDER BY c
	Sort  (cost=3614.26..3616.56 rows=920 width=121)
	  Sort Key: c
	  ->  Bitmap Heap Scan on sbtest3  (cost=29.87..3568.97 rows=920 width=121)
	        Recheck Cond: ((id >= 735913) AND (id <= 736912))
	        ->  Bitmap Index Scan on sbtest3_pkey  (cost=0.00..29.64 rows=920 width=0)
	              Index Cond: ((id >= 735913) AND (id <= 736912))

table 4 : explain SELECT c FROM sbtest4 WHERE id BETWEEN 3121548 AND 3122547 ORDER BY c
	Sort  (cost=3919.95..3922.45 rows=997 width=121)
	  Sort Key: c
	  ->  Bitmap Heap Scan on sbtest4  (cost=34.65..3870.30 rows=997 width=121)
	        Recheck Cond: ((id >= 3121548) AND (id <= 3122547))
	        ->  Bitmap Index Scan on sbtest4_pkey  (cost=0.00..34.41 rows=997 width=0)
	              Index Cond: ((id >= 3121548) AND (id <= 3122547))

table 5 : explain SELECT c FROM sbtest5 WHERE id BETWEEN 1990518 AND 1991517 ORDER BY c
	Sort  (cost=3820.22..3822.65 rows=971 width=121)
	  Sort Key: c
	  ->  Bitmap Heap Scan on sbtest5  (cost=34.39..3772.04 rows=971 width=121)
	        Recheck Cond: ((id >= 1990518) AND (id <= 1991517))
	        ->  Bitmap Index Scan on sbtest5_pkey  (cost=0.00..34.15 rows=971 width=0)
	              Index Cond: ((id >= 1990518) AND (id <= 1991517))

table 6 : explain SELECT c FROM sbtest6 WHERE id BETWEEN 6831584 AND 6832583 ORDER BY c
	Sort  (cost=3910.05..3912.54 rows=996 width=121)
	  Sort Key: c
	  ->  Bitmap Heap Scan on sbtest6  (cost=34.64..3860.45 rows=996 width=121)
	        Recheck Cond: ((id >= 6831584) AND (id <= 6832583))
	        ->  Bitmap Index Scan on sbtest6_pkey  (cost=0.00..34.40 rows=996 width=0)
	              Index Cond: ((id >= 6831584) AND (id <= 6832583))

table 7 : explain SELECT c FROM sbtest7 WHERE id BETWEEN 2703705 AND 2704704 ORDER BY c
	Sort  (cost=3843.11..3845.56 rows=979 width=121)
	  Sort Key: c
	  ->  Bitmap Heap Scan on sbtest7  (cost=34.47..3794.48 rows=979 width=121)
	        Recheck Cond: ((id >= 2703705) AND (id <= 2704704))
	        ->  Bitmap Index Scan on sbtest7_pkey  (cost=0.00..34.23 rows=979 width=0)
	              Index Cond: ((id >= 2703705) AND (id <= 2704704))

table 8 : explain SELECT c FROM sbtest8 WHERE id BETWEEN 1493728 AND 1494727 ORDER BY c
	Sort  (cost=3813.23..3815.66 rows=971 width=121)
	  Sort Key: c
	  ->  Bitmap Heap Scan on sbtest8  (cost=34.39..3765.05 rows=971 width=121)
	        Recheck Cond: ((id >= 1493728) AND (id <= 1494727))
	        ->  Bitmap Index Scan on sbtest8_pkey  (cost=0.00..34.15 rows=971 width=0)
	              Index Cond: ((id >= 1493728) AND (id <= 1494727))

for: simple_ranges
table 1 : explain SELECT c FROM sbtest1 WHERE id BETWEEN 8234770 AND 8235769
	Bitmap Heap Scan on sbtest1  (cost=34.46..3791.02 rows=978 width=121)
	  Recheck Cond: ((id >= 8234770) AND (id <= 8235769))
	  ->  Bitmap Index Scan on sbtest1_pkey  (cost=0.00..34.22 rows=978 width=0)
	        Index Cond: ((id >= 8234770) AND (id <= 8235769))

table 2 : explain SELECT c FROM sbtest2 WHERE id BETWEEN 8284883 AND 8285882
	Bitmap Heap Scan on sbtest2  (cost=34.49..3802.87 rows=981 width=121)
	  Recheck Cond: ((id >= 8284883) AND (id <= 8285882))
	  ->  Bitmap Index Scan on sbtest2_pkey  (cost=0.00..34.25 rows=981 width=0)
	        Index Cond: ((id >= 8284883) AND (id <= 8285882))

table 3 : explain SELECT c FROM sbtest3 WHERE id BETWEEN 212043 AND 213042
	Bitmap Heap Scan on sbtest3  (cost=35.28..4093.27 rows=1058 width=121)
	  Recheck Cond: ((id >= 212043) AND (id <= 213042))
	  ->  Bitmap Index Scan on sbtest3_pkey  (cost=0.00..35.02 rows=1058 width=0)
	        Index Cond: ((id >= 212043) AND (id <= 213042))

table 4 : explain SELECT c FROM sbtest4 WHERE id BETWEEN 611062 AND 612061
	Bitmap Heap Scan on sbtest4  (cost=35.25..4089.29 rows=1055 width=121)
	  Recheck Cond: ((id >= 611062) AND (id <= 612061))
	  ->  Bitmap Index Scan on sbtest4_pkey  (cost=0.00..34.98 rows=1055 width=0)
	        Index Cond: ((id >= 611062) AND (id <= 612061))

table 5 : explain SELECT c FROM sbtest5 WHERE id BETWEEN 9982697 AND 9983696
	Bitmap Heap Scan on sbtest5  (cost=35.20..4070.48 rows=1050 width=121)
	  Recheck Cond: ((id >= 9982697) AND (id <= 9983696))
	  ->  Bitmap Index Scan on sbtest5_pkey  (cost=0.00..34.94 rows=1050 width=0)
	        Index Cond: ((id >= 9982697) AND (id <= 9983696))

table 6 : explain SELECT c FROM sbtest6 WHERE id BETWEEN 6748569 AND 6749568
	Bitmap Heap Scan on sbtest6  (cost=35.42..4146.63 rows=1072 width=121)
	  Recheck Cond: ((id >= 6748569) AND (id <= 6749568))
	  ->  Bitmap Index Scan on sbtest6_pkey  (cost=0.00..35.16 rows=1072 width=0)
	        Index Cond: ((id >= 6748569) AND (id <= 6749568))

table 7 : explain SELECT c FROM sbtest7 WHERE id BETWEEN 2253595 AND 2254594
	Bitmap Heap Scan on sbtest7  (cost=34.88..3945.16 rows=1019 width=121)
	  Recheck Cond: ((id >= 2253595) AND (id <= 2254594))
	  ->  Bitmap Index Scan on sbtest7_pkey  (cost=0.00..34.62 rows=1019 width=0)
	        Index Cond: ((id >= 2253595) AND (id <= 2254594))

table 8 : explain SELECT c FROM sbtest8 WHERE id BETWEEN 735281 AND 736280
	Bitmap Heap Scan on sbtest8  (cost=34.41..3772.60 rows=973 width=121)
	  Recheck Cond: ((id >= 735281) AND (id <= 736280))
	  ->  Bitmap Index Scan on sbtest8_pkey  (cost=0.00..34.17 rows=973 width=0)
	        Index Cond: ((id >= 735281) AND (id <= 736280))

for: simple_ranges
table 1 : explain SELECT c FROM sbtest1 WHERE id BETWEEN 7993067 AND 7994066
	Bitmap Heap Scan on sbtest1  (cost=34.76..3900.30 rows=1007 width=121)
	  Recheck Cond: ((id >= 7993067) AND (id <= 7994066))
	  ->  Bitmap Index Scan on sbtest1_pkey  (cost=0.00..34.51 rows=1007 width=0)
	        Index Cond: ((id >= 7993067) AND (id <= 7994066))

table 2 : explain SELECT c FROM sbtest2 WHERE id BETWEEN 7333298 AND 7334297
	Bitmap Heap Scan on sbtest2  (cost=29.78..3538.38 rows=912 width=121)
	  Recheck Cond: ((id >= 7333298) AND (id <= 7334297))
	  ->  Bitmap Index Scan on sbtest2_pkey  (cost=0.00..29.55 rows=912 width=0)
	        Index Cond: ((id >= 7333298) AND (id <= 7334297))

table 3 : explain SELECT c FROM sbtest3 WHERE id BETWEEN 5708232 AND 5709231
	Bitmap Heap Scan on sbtest3  (cost=35.85..4299.99 rows=1114 width=121)
	  Recheck Cond: ((id >= 5708232) AND (id <= 5709231))
	  ->  Bitmap Index Scan on sbtest3_pkey  (cost=0.00..35.58 rows=1114 width=0)
	        Index Cond: ((id >= 5708232) AND (id <= 5709231))

table 4 : explain SELECT c FROM sbtest4 WHERE id BETWEEN 904069 AND 905068
	Bitmap Heap Scan on sbtest4  (cost=33.92..3597.86 rows=925 width=121)
	  Recheck Cond: ((id >= 904069) AND (id <= 905068))
	  ->  Bitmap Index Scan on sbtest4_pkey  (cost=0.00..33.69 rows=925 width=0)
	        Index Cond: ((id >= 904069) AND (id <= 905068))

table 5 : explain SELECT c FROM sbtest5 WHERE id BETWEEN 7811130 AND 7812129
	Bitmap Heap Scan on sbtest5  (cost=34.99..3995.00 rows=1030 width=121)
	  Recheck Cond: ((id >= 7811130) AND (id <= 7812129))
	  ->  Bitmap Index Scan on sbtest5_pkey  (cost=0.00..34.73 rows=1030 width=0)
	        Index Cond: ((id >= 7811130) AND (id <= 7812129))

table 6 : explain SELECT c FROM sbtest6 WHERE id BETWEEN 803055 AND 804054
	Bitmap Heap Scan on sbtest6  (cost=34.34..3747.28 rows=966 width=121)
	  Recheck Cond: ((id >= 803055) AND (id <= 804054))
	  ->  Bitmap Index Scan on sbtest6_pkey  (cost=0.00..34.09 rows=966 width=0)
	        Index Cond: ((id >= 803055) AND (id <= 804054))

table 7 : explain SELECT c FROM sbtest7 WHERE id BETWEEN 3039850 AND 3040849
	Bitmap Heap Scan on sbtest7  (cost=34.53..3817.09 rows=985 width=121)
	  Recheck Cond: ((id >= 3039850) AND (id <= 3040849))
	  ->  Bitmap Index Scan on sbtest7_pkey  (cost=0.00..34.29 rows=985 width=0)
	        Index Cond: ((id >= 3039850) AND (id <= 3040849))

table 8 : explain SELECT c FROM sbtest8 WHERE id BETWEEN 4779961 AND 4780960
	Bitmap Heap Scan on sbtest8  (cost=35.28..4092.71 rows=1058 width=121)
	  Recheck Cond: ((id >= 4779961) AND (id <= 4780960))
	  ->  Bitmap Index Scan on sbtest8_pkey  (cost=0.00..35.02 rows=1058 width=0)
	        Index Cond: ((id >= 4779961) AND (id <= 4780960))

for: simple_ranges
table 1 : explain SELECT c FROM sbtest1 WHERE id BETWEEN 3956283 AND 3957282
	Bitmap Heap Scan on sbtest1  (cost=35.68..4238.77 rows=1097 width=121)
	  Recheck Cond: ((id >= 3956283) AND (id <= 3957282))
	  ->  Bitmap Index Scan on sbtest1_pkey  (cost=0.00..35.41 rows=1097 width=0)
	        Index Cond: ((id >= 3956283) AND (id <= 3957282))

table 2 : explain SELECT c FROM sbtest2 WHERE id BETWEEN 9220992 AND 9221991
	Bitmap Heap Scan on sbtest2  (cost=34.54..3821.72 rows=986 width=121)
	  Recheck Cond: ((id >= 9220992) AND (id <= 9221991))
	  ->  Bitmap Index Scan on sbtest2_pkey  (cost=0.00..34.30 rows=986 width=0)
	        Index Cond: ((id >= 9220992) AND (id <= 9221991))

table 3 : explain SELECT c FROM sbtest3 WHERE id BETWEEN 5740140 AND 5741139
	Bitmap Heap Scan on sbtest3  (cost=35.85..4299.99 rows=1114 width=121)
	  Recheck Cond: ((id >= 5740140) AND (id <= 5741139))
	  ->  Bitmap Index Scan on sbtest3_pkey  (cost=0.00..35.58 rows=1114 width=0)
	        Index Cond: ((id >= 5740140) AND (id <= 5741139))

table 4 : explain SELECT c FROM sbtest4 WHERE id BETWEEN 1930336 AND 1931335
	Bitmap Heap Scan on sbtest4  (cost=29.85..3571.13 rows=919 width=121)
	  Recheck Cond: ((id >= 1930336) AND (id <= 1931335))
	  ->  Bitmap Index Scan on sbtest4_pkey  (cost=0.00..29.62 rows=919 width=0)
	        Index Cond: ((id >= 1930336) AND (id <= 1931335))

table 5 : explain SELECT c FROM sbtest5 WHERE id BETWEEN 406045 AND 407044
	Bitmap Heap Scan on sbtest5  (cost=35.30..4108.21 rows=1060 width=121)
	  Recheck Cond: ((id >= 406045) AND (id <= 407044))
	  ->  Bitmap Index Scan on sbtest5_pkey  (cost=0.00..35.04 rows=1060 width=0)
	        Index Cond: ((id >= 406045) AND (id <= 407044))

table 6 : explain SELECT c FROM sbtest6 WHERE id BETWEEN 5676877 AND 5677876
	Bitmap Heap Scan on sbtest6  (cost=34.62..3852.91 rows=994 width=121)
	  Recheck Cond: ((id >= 5676877) AND (id <= 5677876))
	  ->  Bitmap Index Scan on sbtest6_pkey  (cost=0.00..34.38 rows=994 width=0)
	        Index Cond: ((id >= 5676877) AND (id <= 5677876))

table 7 : explain SELECT c FROM sbtest7 WHERE id BETWEEN 4298800 AND 4299799
	Bitmap Heap Scan on sbtest7  (cost=34.97..3979.03 rows=1028 width=121)
	  Recheck Cond: ((id >= 4298800) AND (id <= 4299799))
	  ->  Bitmap Index Scan on sbtest7_pkey  (cost=0.00..34.72 rows=1028 width=0)
	        Index Cond: ((id >= 4298800) AND (id <= 4299799))

table 8 : explain SELECT c FROM sbtest8 WHERE id BETWEEN 457359 AND 458358
	Bitmap Heap Scan on sbtest8  (cost=34.19..3693.36 rows=952 width=121)
	  Recheck Cond: ((id >= 457359) AND (id <= 458358))
	  ->  Bitmap Index Scan on sbtest8_pkey  (cost=0.00..33.95 rows=952 width=0)
	        Index Cond: ((id >= 457359) AND (id <= 458358))

for: sum_ranges
table 1 : explain SELECT SUM(k) FROM sbtest1 WHERE id BETWEEN 2351231 AND 2352230
	Aggregate  (cost=4019.59..4019.60 rows=1 width=8)
	  ->  Bitmap Heap Scan on sbtest1  (cost=35.07..4017.00 rows=1038 width=4)
	        Recheck Cond: ((id >= 2351231) AND (id <= 2352230))
	        ->  Bitmap Index Scan on sbtest1_pkey  (cost=0.00..34.82 rows=1038 width=0)
	              Index Cond: ((id >= 2351231) AND (id <= 2352230))

table 2 : explain SELECT SUM(k) FROM sbtest2 WHERE id BETWEEN 187823 AND 188822
	Aggregate  (cost=3892.07..3892.08 rows=1 width=8)
	  ->  Bitmap Heap Scan on sbtest2  (cost=34.73..3889.56 rows=1004 width=4)
	        Recheck Cond: ((id >= 187823) AND (id <= 188822))
	        ->  Bitmap Index Scan on sbtest2_pkey  (cost=0.00..34.48 rows=1004 width=0)
	              Index Cond: ((id >= 187823) AND (id <= 188822))

table 3 : explain SELECT SUM(k) FROM sbtest3 WHERE id BETWEEN 8291135 AND 8292134
	Aggregate  (cost=3590.18..3590.19 rows=1 width=8)
	  ->  Bitmap Heap Scan on sbtest3  (cost=29.92..3587.87 rows=925 width=4)
	        Recheck Cond: ((id >= 8291135) AND (id <= 8292134))
	        ->  Bitmap Index Scan on sbtest3_pkey  (cost=0.00..29.68 rows=925 width=0)
	              Index Cond: ((id >= 8291135) AND (id <= 8292134))

table 4 : explain SELECT SUM(k) FROM sbtest4 WHERE id BETWEEN 6259557 AND 6260556
	Aggregate  (cost=4001.30..4001.31 rows=1 width=8)
	  ->  Bitmap Heap Scan on sbtest4  (cost=35.00..3998.72 rows=1031 width=4)
	        Recheck Cond: ((id >= 6259557) AND (id <= 6260556))
	        ->  Bitmap Index Scan on sbtest4_pkey  (cost=0.00..34.75 rows=1031 width=0)
	              Index Cond: ((id >= 6259557) AND (id <= 6260556))

table 5 : explain SELECT SUM(k) FROM sbtest5 WHERE id BETWEEN 6187217 AND 6188216
	Aggregate  (cost=3509.00..3509.01 rows=1 width=8)
	  ->  Bitmap Heap Scan on sbtest5  (cost=29.68..3506.74 rows=902 width=4)
	        Recheck Cond: ((id >= 6187217) AND (id <= 6188216))
	        ->  Bitmap Index Scan on sbtest5_pkey  (cost=0.00..29.45 rows=902 width=0)
	              Index Cond: ((id >= 6187217) AND (id <= 6188216))

table 6 : explain SELECT SUM(k) FROM sbtest6 WHERE id BETWEEN 9321848 AND 9322847
	Aggregate  (cost=3813.88..3813.89 rows=1 width=8)
	  ->  Bitmap Heap Scan on sbtest6  (cost=34.51..3811.43 rows=983 width=4)
	        Recheck Cond: ((id >= 9321848) AND (id <= 9322847))
	        ->  Bitmap Index Scan on sbtest6_pkey  (cost=0.00..34.27 rows=983 width=0)
	              Index Cond: ((id >= 9321848) AND (id <= 9322847))

table 7 : explain SELECT SUM(k) FROM sbtest7 WHERE id BETWEEN 2550048 AND 2551047
	Aggregate  (cost=4053.13..4053.14 rows=1 width=8)
	  ->  Bitmap Heap Scan on sbtest7  (cost=35.17..4050.51 rows=1047 width=4)
	        Recheck Cond: ((id >= 2550048) AND (id <= 2551047))
	        ->  Bitmap Index Scan on sbtest7_pkey  (cost=0.00..34.91 rows=1047 width=0)
	              Index Cond: ((id >= 2550048) AND (id <= 2551047))

table 8 : explain SELECT SUM(k) FROM sbtest8 WHERE id BETWEEN 6921853 AND 6922852
	Aggregate  (cost=3993.70..3993.71 rows=1 width=8)
	  ->  Bitmap Heap Scan on sbtest8  (cost=35.00..3991.13 rows=1031 width=4)
	        Recheck Cond: ((id >= 6921853) AND (id <= 6922852))
	        ->  Bitmap Index Scan on sbtest8_pkey  (cost=0.00..34.75 rows=1031 width=0)
	              Index Cond: ((id >= 6921853) AND (id <= 6922852))

for: sum_ranges
table 1 : explain SELECT SUM(k) FROM sbtest1 WHERE id BETWEEN 785092 AND 786091
	Aggregate  (cost=3891.51..3891.52 rows=1 width=8)
	  ->  Bitmap Heap Scan on sbtest1  (cost=34.73..3889.00 rows=1004 width=4)
	        Recheck Cond: ((id >= 785092) AND (id <= 786091))
	        ->  Bitmap Index Scan on sbtest1_pkey  (cost=0.00..34.48 rows=1004 width=0)
	              Index Cond: ((id >= 785092) AND (id <= 786091))

table 2 : explain SELECT SUM(k) FROM sbtest2 WHERE id BETWEEN 5759411 AND 5760410
	Aggregate  (cost=3544.44..3544.45 rows=1 width=8)
	  ->  Bitmap Heap Scan on sbtest2  (cost=29.79..3542.16 rows=913 width=4)
	        Recheck Cond: ((id >= 5759411) AND (id <= 5760410))
	        ->  Bitmap Index Scan on sbtest2_pkey  (cost=0.00..29.57 rows=913 width=0)
	              Index Cond: ((id >= 5759411) AND (id <= 5760410))

table 3 : explain SELECT SUM(k) FROM sbtest3 WHERE id BETWEEN 1262331 AND 1263330
	Aggregate  (cost=3786.84..3786.85 rows=1 width=8)
	  ->  Bitmap Heap Scan on sbtest3  (cost=34.44..3784.40 rows=976 width=4)
	        Recheck Cond: ((id >= 1262331) AND (id <= 1263330))
	        ->  Bitmap Index Scan on sbtest3_pkey  (cost=0.00..34.20 rows=976 width=0)
	              Index Cond: ((id >= 1262331) AND (id <= 1263330))

table 4 : explain SELECT SUM(k) FROM sbtest4 WHERE id BETWEEN 4782541 AND 4783540
	Aggregate  (cost=3600.18..3600.19 rows=1 width=8)
	  ->  Bitmap Heap Scan on sbtest4  (cost=33.92..3597.86 rows=925 width=4)
	        Recheck Cond: ((id >= 4782541) AND (id <= 4783540))
	        ->  Bitmap Index Scan on sbtest4_pkey  (cost=0.00..33.69 rows=925 width=0)
	              Index Cond: ((id >= 4782541) AND (id <= 4783540))

table 5 : explain SELECT SUM(k) FROM sbtest5 WHERE id BETWEEN 1170748 AND 1171747
	Aggregate  (cost=4212.72..4212.73 rows=1 width=8)
	  ->  Bitmap Heap Scan on sbtest5  (cost=35.58..4210.00 rows=1087 width=4)
	        Recheck Cond: ((id >= 1170748) AND (id <= 1171747))
	        ->  Bitmap Index Scan on sbtest5_pkey  (cost=0.00..35.31 rows=1087 width=0)
	              Index Cond: ((id >= 1170748) AND (id <= 1171747))

table 6 : explain SELECT SUM(k) FROM sbtest6 WHERE id BETWEEN 6963235 AND 6964234
	Aggregate  (cost=3979.83..3979.84 rows=1 width=8)
	  ->  Bitmap Heap Scan on sbtest6  (cost=34.96..3977.27 rows=1027 width=4)
	        Recheck Cond: ((id >= 6963235) AND (id <= 6964234))
	        ->  Bitmap Index Scan on sbtest6_pkey  (cost=0.00..34.70 rows=1027 width=0)
	              Index Cond: ((id >= 6963235) AND (id <= 6964234))

table 7 : explain SELECT SUM(k) FROM sbtest7 WHERE id BETWEEN 7720106 AND 7721105
	Aggregate  (cost=4000.43..4000.44 rows=1 width=8)
	  ->  Bitmap Heap Scan on sbtest7  (cost=35.02..3997.85 rows=1033 width=4)
	        Recheck Cond: ((id >= 7720106) AND (id <= 7721105))
	        ->  Bitmap Index Scan on sbtest7_pkey  (cost=0.00..34.77 rows=1033 width=0)
	              Index Cond: ((id >= 7720106) AND (id <= 7721105))

table 8 : explain SELECT SUM(k) FROM sbtest8 WHERE id BETWEEN 7930273 AND 7931272
	Aggregate  (cost=3563.26..3563.27 rows=1 width=8)
	  ->  Bitmap Heap Scan on sbtest8  (cost=29.84..3560.96 rows=918 width=4)
	        Recheck Cond: ((id >= 7930273) AND (id <= 7931272))
	        ->  Bitmap Index Scan on sbtest8_pkey  (cost=0.00..29.61 rows=918 width=0)
	              Index Cond: ((id >= 7930273) AND (id <= 7931272))

for: sum_ranges
table 1 : explain SELECT SUM(k) FROM sbtest1 WHERE id BETWEEN 6292973 AND 6293972
	Aggregate  (cost=3778.37..3778.38 rows=1 width=8)
	  ->  Bitmap Heap Scan on sbtest1  (cost=34.42..3775.94 rows=974 width=4)
	        Recheck Cond: ((id >= 6292973) AND (id <= 6293972))
	        ->  Bitmap Index Scan on sbtest1_pkey  (cost=0.00..34.18 rows=974 width=0)
	              Index Cond: ((id >= 6292973) AND (id <= 6293972))

table 2 : explain SELECT SUM(k) FROM sbtest2 WHERE id BETWEEN 1811444 AND 1812443
	Aggregate  (cost=3876.99..3877.00 rows=1 width=8)
	  ->  Bitmap Heap Scan on sbtest2  (cost=34.69..3874.49 rows=1000 width=4)
	        Recheck Cond: ((id >= 1811444) AND (id <= 1812443))
	        ->  Bitmap Index Scan on sbtest2_pkey  (cost=0.00..34.44 rows=1000 width=0)
	              Index Cond: ((id >= 1811444) AND (id <= 1812443))

table 3 : explain SELECT SUM(k) FROM sbtest3 WHERE id BETWEEN 9792232 AND 9793231
	Aggregate  (cost=3756.65..3756.66 rows=1 width=8)
	  ->  Bitmap Heap Scan on sbtest3  (cost=34.36..3754.23 rows=968 width=4)
	        Recheck Cond: ((id >= 9792232) AND (id <= 9793231))
	        ->  Bitmap Index Scan on sbtest3_pkey  (cost=0.00..34.12 rows=968 width=0)
	              Index Cond: ((id >= 9792232) AND (id <= 9793231))

table 4 : explain SELECT SUM(k) FROM sbtest4 WHERE id BETWEEN 8939145 AND 8940144
	Aggregate  (cost=4073.05..4073.06 rows=1 width=8)
	  ->  Bitmap Heap Scan on sbtest4  (cost=35.20..4070.43 rows=1050 width=4)
	        Recheck Cond: ((id >= 8939145) AND (id <= 8940144))
	        ->  Bitmap Index Scan on sbtest4_pkey  (cost=0.00..34.94 rows=1050 width=0)
	              Index Cond: ((id >= 8939145) AND (id <= 8940144))

table 5 : explain SELECT SUM(k) FROM sbtest5 WHERE id BETWEEN 9537013 AND 9538012
	Aggregate  (cost=3974.91..3974.92 rows=1 width=8)
	  ->  Bitmap Heap Scan on sbtest5  (cost=34.93..3972.35 rows=1024 width=4)
	        Recheck Cond: ((id >= 9537013) AND (id <= 9538012))
	        ->  Bitmap Index Scan on sbtest5_pkey  (cost=0.00..34.68 rows=1024 width=0)
	              Index Cond: ((id >= 9537013) AND (id <= 9538012))

table 6 : explain SELECT SUM(k) FROM sbtest6 WHERE id BETWEEN 6530229 AND 6531228
	Aggregate  (cost=4427.72..4427.73 rows=1 width=8)
	  ->  Bitmap Heap Scan on sbtest6  (cost=40.18..4424.86 rows=1146 width=4)
	        Recheck Cond: ((id >= 6530229) AND (id <= 6531228))
	        ->  Bitmap Index Scan on sbtest6_pkey  (cost=0.00..39.90 rows=1146 width=0)
	              Index Cond: ((id >= 6530229) AND (id <= 6531228))

table 7 : explain SELECT SUM(k) FROM sbtest7 WHERE id BETWEEN 5031823 AND 5032822
	Aggregate  (cost=3951.47..3951.48 rows=1 width=8)
	  ->  Bitmap Heap Scan on sbtest7  (cost=34.89..3948.92 rows=1020 width=4)
	        Recheck Cond: ((id >= 5031823) AND (id <= 5032822))
	        ->  Bitmap Index Scan on sbtest7_pkey  (cost=0.00..34.64 rows=1020 width=0)
	              Index Cond: ((id >= 5031823) AND (id <= 5032822))

table 8 : explain SELECT SUM(k) FROM sbtest8 WHERE id BETWEEN 5466525 AND 5467524
	Aggregate  (cost=3978.64..3978.65 rows=1 width=8)
	  ->  Bitmap Heap Scan on sbtest8  (cost=34.96..3976.07 rows=1027 width=4)
	        Recheck Cond: ((id >= 5466525) AND (id <= 5467524))
	        ->  Bitmap Index Scan on sbtest8_pkey  (cost=0.00..34.70 rows=1027 width=0)
	              Index Cond: ((id >= 5466525) AND (id <= 5467524))

for: order_ranges
table 1 : explain SELECT c FROM sbtest1 WHERE id BETWEEN 4607370 AND 4608369 ORDER BY c
	Sort  (cost=4206.44..4209.12 rows=1074 width=121)
	  Sort Key: c
	  ->  Bitmap Heap Scan on sbtest1  (cost=35.44..4152.37 rows=1074 width=121)
	        Recheck Cond: ((id >= 4607370) AND (id <= 4608369))
	        ->  Bitmap Index Scan on sbtest1_pkey  (cost=0.00..35.18 rows=1074 width=0)
	              Index Cond: ((id >= 4607370) AND (id <= 4608369))

table 2 : explain SELECT c FROM sbtest2 WHERE id BETWEEN 1457487 AND 1458486 ORDER BY c
	Sort  (cost=3939.61..3942.12 rows=1004 width=121)
	  Sort Key: c
	  ->  Bitmap Heap Scan on sbtest2  (cost=34.73..3889.56 rows=1004 width=121)
	        Recheck Cond: ((id >= 1457487) AND (id <= 1458486))
	        ->  Bitmap Index Scan on sbtest2_pkey  (cost=0.00..34.48 rows=1004 width=0)
	              Index Cond: ((id >= 1457487) AND (id <= 1458486))

table 3 : explain SELECT c FROM sbtest3 WHERE id BETWEEN 5726092 AND 5727091 ORDER BY c
	Sort  (cost=4356.37..4359.15 rows=1114 width=121)
	  Sort Key: c
	  ->  Bitmap Heap Scan on sbtest3  (cost=35.85..4299.99 rows=1114 width=121)
	        Recheck Cond: ((id >= 5726092) AND (id <= 5727091))
	        ->  Bitmap Index Scan on sbtest3_pkey  (cost=0.00..35.58 rows=1114 width=0)
	              Index Cond: ((id >= 5726092) AND (id <= 5727091))

table 4 : explain SELECT c FROM sbtest4 WHERE id BETWEEN 2211363 AND 2212362 ORDER BY c
	Sort  (cost=3816.33..3818.76 rows=970 width=121)
	  Sort Key: c
	  ->  Bitmap Heap Scan on sbtest4  (cost=34.38..3768.21 rows=970 width=121)
	        Recheck Cond: ((id >= 2211363) AND (id <= 2212362))
	        ->  Bitmap Index Scan on sbtest4_pkey  (cost=0.00..34.14 rows=970 width=0)
	              Index Cond: ((id >= 2211363) AND (id <= 2212362))

table 5 : explain SELECT c FROM sbtest5 WHERE id BETWEEN 1803119 AND 1804118 ORDER BY c
	Sort  (cost=4157.64..4160.29 rows=1059 width=121)
	  Sort Key: c
	  ->  Bitmap Heap Scan on sbtest5  (cost=35.29..4104.43 rows=1059 width=121)
	        Recheck Cond: ((id >= 1803119) AND (id <= 1804118))
	        ->  Bitmap Index Scan on sbtest5_pkey  (cost=0.00..35.03 rows=1059 width=0)
	              Index Cond: ((id >= 1803119) AND (id <= 1804118))

table 6 : explain SELECT c FROM sbtest6 WHERE id BETWEEN 2899663 AND 2900662 ORDER BY c
	Sort  (cost=3687.86..3690.21 rows=938 width=121)
	  Sort Key: c
	  ->  Bitmap Heap Scan on sbtest6  (cost=34.05..3641.56 rows=938 width=121)
	        Recheck Cond: ((id >= 2899663) AND (id <= 2900662))
	        ->  Bitmap Index Scan on sbtest6_pkey  (cost=0.00..33.82 rows=938 width=0)
	              Index Cond: ((id >= 2899663) AND (id <= 2900662))

table 7 : explain SELECT c FROM sbtest7 WHERE id BETWEEN 6004963 AND 6005962 ORDER BY c
	Sort  (cost=3827.80..3830.24 rows=975 width=121)
	  Sort Key: c
	  ->  Bitmap Heap Scan on sbtest7  (cost=34.43..3779.40 rows=975 width=121)
	        Recheck Cond: ((id >= 6004963) AND (id <= 6005962))
	        ->  Bitmap Index Scan on sbtest7_pkey  (cost=0.00..34.19 rows=975 width=0)
	              Index Cond: ((id >= 6004963) AND (id <= 6005962))

table 8 : explain SELECT c FROM sbtest8 WHERE id BETWEEN 845780 AND 846779 ORDER BY c
	Sort  (cost=3675.32..3677.66 rows=935 width=121)
	  Sort Key: c
	  ->  Bitmap Heap Scan on sbtest8  (cost=34.02..3629.18 rows=935 width=121)
	        Recheck Cond: ((id >= 845780) AND (id <= 846779))
	        ->  Bitmap Index Scan on sbtest8_pkey  (cost=0.00..33.79 rows=935 width=0)
	              Index Cond: ((id >= 845780) AND (id <= 846779))

for: distinct_ranges
table 1 : explain SELECT DISTINCT c FROM sbtest1 WHERE id BETWEEN 7073642 AND 7074641 ORDER BY c
	Unique  (cost=4091.92..4097.14 rows=1044 width=121)
	  ->  Sort  (cost=4091.92..4094.53 rows=1044 width=121)
	        Sort Key: c
	        ->  Bitmap Heap Scan on sbtest1  (cost=35.14..4039.57 rows=1044 width=121)
	              Recheck Cond: ((id >= 7073642) AND (id <= 7074641))
	              ->  Bitmap Index Scan on sbtest1_pkey  (cost=0.00..34.88 rows=1044 width=0)
	                    Index Cond: ((id >= 7073642) AND (id <= 7074641))

table 2 : explain SELECT DISTINCT c FROM sbtest2 WHERE id BETWEEN 7191707 AND 7192706 ORDER BY c
	Unique  (cost=4119.24..4124.50 rows=1051 width=121)
	  ->  Sort  (cost=4119.24..4121.87 rows=1051 width=121)
	        Sort Key: c
	        ->  Bitmap Heap Scan on sbtest2  (cost=35.21..4066.50 rows=1051 width=121)
	              Recheck Cond: ((id >= 7191707) AND (id <= 7192706))
	              ->  Bitmap Index Scan on sbtest2_pkey  (cost=0.00..34.95 rows=1051 width=0)
	                    Index Cond: ((id >= 7191707) AND (id <= 7192706))

table 3 : explain SELECT DISTINCT c FROM sbtest3 WHERE id BETWEEN 710178 AND 711177 ORDER BY c
	Unique  (cost=3614.26..3618.86 rows=920 width=121)
	  ->  Sort  (cost=3614.26..3616.56 rows=920 width=121)
	        Sort Key: c
	        ->  Bitmap Heap Scan on sbtest3  (cost=29.87..3568.97 rows=920 width=121)
	              Recheck Cond: ((id >= 710178) AND (id <= 711177))
	              ->  Bitmap Index Scan on sbtest3_pkey  (cost=0.00..29.64 rows=920 width=0)
	                    Index Cond: ((id >= 710178) AND (id <= 711177))

table 4 : explain SELECT DISTINCT c FROM sbtest4 WHERE id BETWEEN 9101620 AND 9102619 ORDER BY c
	Unique  (cost=4080.98..4086.17 rows=1039 width=121)
	  ->  Sort  (cost=4080.98..4083.58 rows=1039 width=121)
	        Sort Key: c
	        ->  Bitmap Heap Scan on sbtest4  (cost=35.08..4028.92 rows=1039 width=121)
	              Recheck Cond: ((id >= 9101620) AND (id <= 9102619))
	              ->  Bitmap Index Scan on sbtest4_pkey  (cost=0.00..34.83 rows=1039 width=0)
	                    Index Cond: ((id >= 9101620) AND (id <= 9102619))

table 5 : explain SELECT DISTINCT c FROM sbtest5 WHERE id BETWEEN 8476890 AND 8477889 ORDER BY c
	Unique  (cost=4023.55..4028.67 rows=1024 width=121)
	  ->  Sort  (cost=4023.55..4026.11 rows=1024 width=121)
	        Sort Key: c
	        ->  Bitmap Heap Scan on sbtest5  (cost=34.93..3972.35 rows=1024 width=121)
	              Recheck Cond: ((id >= 8476890) AND (id <= 8477889))
	              ->  Bitmap Index Scan on sbtest5_pkey  (cost=0.00..34.68 rows=1024 width=0)
	                    Index Cond: ((id >= 8476890) AND (id <= 8477889))

table 6 : explain SELECT DISTINCT c FROM sbtest6 WHERE id BETWEEN 9421817 AND 9422816 ORDER BY c
	Unique  (cost=4024.81..4029.94 rows=1026 width=121)
	  ->  Sort  (cost=4024.81..4027.38 rows=1026 width=121)
	        Sort Key: c
	        ->  Bitmap Heap Scan on sbtest6  (cost=34.95..3973.50 rows=1026 width=121)
	              Recheck Cond: ((id >= 9421817) AND (id <= 9422816))
	              ->  Bitmap Index Scan on sbtest6_pkey  (cost=0.00..34.70 rows=1026 width=0)
	                    Index Cond: ((id >= 9421817) AND (id <= 9422816))

table 7 : explain SELECT DISTINCT c FROM sbtest7 WHERE id BETWEEN 9787589 AND 9788588 ORDER BY c
	Unique  (cost=3804.84..3809.68 rows=969 width=121)
	  ->  Sort  (cost=3804.84..3807.26 rows=969 width=121)
	        Sort Key: c
	        ->  Bitmap Heap Scan on sbtest7  (cost=34.37..3756.77 rows=969 width=121)
	              Recheck Cond: ((id >= 9787589) AND (id <= 9788588))
	              ->  Bitmap Index Scan on sbtest7_pkey  (cost=0.00..34.12 rows=969 width=0)
	                    Index Cond: ((id >= 9787589) AND (id <= 9788588))

table 8 : explain SELECT DISTINCT c FROM sbtest8 WHERE id BETWEEN 3941491 AND 3942490 ORDER BY c
	Unique  (cost=4260.35..4265.79 rows=1088 width=121)
	  ->  Sort  (cost=4260.35..4263.07 rows=1088 width=121)
	        Sort Key: c
	        ->  Bitmap Heap Scan on sbtest8  (cost=35.59..4205.48 rows=1088 width=121)
	              Recheck Cond: ((id >= 3941491) AND (id <= 3942490))
	              ->  Bitmap Index Scan on sbtest8_pkey  (cost=0.00..35.32 rows=1088 width=0)
	                    Index Cond: ((id >= 3941491) AND (id <= 3942490))

for: distinct_ranges
table 1 : explain SELECT DISTINCT c FROM sbtest1 WHERE id BETWEEN 6625771 AND 6626770 ORDER BY c
	Unique  (cost=3452.26..3456.65 rows=878 width=121)
	  ->  Sort  (cost=3452.26..3454.45 rows=878 width=121)
	        Sort Key: c
	        ->  Bitmap Heap Scan on sbtest1  (cost=29.43..3409.33 rows=878 width=121)
	              Recheck Cond: ((id >= 6625771) AND (id <= 6626770))
	              ->  Bitmap Index Scan on sbtest1_pkey  (cost=0.00..29.21 rows=878 width=0)
	                    Index Cond: ((id >= 6625771) AND (id <= 6626770))

table 2 : explain SELECT DISTINCT c FROM sbtest2 WHERE id BETWEEN 5048713 AND 5049712 ORDER BY c
	Unique  (cost=4088.69..4093.90 rows=1043 width=121)
	  ->  Sort  (cost=4088.69..4091.30 rows=1043 width=121)
	        Sort Key: c
	        ->  Bitmap Heap Scan on sbtest2  (cost=35.13..4036.40 rows=1043 width=121)
	              Recheck Cond: ((id >= 5048713) AND (id <= 5049712))
	              ->  Bitmap Index Scan on sbtest2_pkey  (cost=0.00..34.87 rows=1043 width=0)
	                    Index Cond: ((id >= 5048713) AND (id <= 5049712))

table 3 : explain SELECT DISTINCT c FROM sbtest3 WHERE id BETWEEN 3418226 AND 3419225 ORDER BY c
	Unique  (cost=3863.49..3868.41 rows=984 width=121)
	  ->  Sort  (cost=3863.49..3865.95 rows=984 width=121)
	        Sort Key: c
	        ->  Bitmap Heap Scan on sbtest3  (cost=34.52..3814.58 rows=984 width=121)
	              Recheck Cond: ((id >= 3418226) AND (id <= 3419225))
	              ->  Bitmap Index Scan on sbtest3_pkey  (cost=0.00..34.28 rows=984 width=0)
	                    Index Cond: ((id >= 3418226) AND (id <= 3419225))

table 4 : explain SELECT DISTINCT c FROM sbtest4 WHERE id BETWEEN 5989056 AND 5990055 ORDER BY c
	Unique  (cost=3762.57..3767.35 rows=956 width=121)
	  ->  Sort  (cost=3762.57..3764.96 rows=956 width=121)
	        Sort Key: c
	        ->  Bitmap Heap Scan on sbtest4  (cost=34.23..3715.24 rows=956 width=121)
	              Recheck Cond: ((id >= 5989056) AND (id <= 5990055))
	              ->  Bitmap Index Scan on sbtest4_pkey  (cost=0.00..34.00 rows=956 width=0)
	                    Index Cond: ((id >= 5989056) AND (id <= 5990055))

table 5 : explain SELECT DISTINCT c FROM sbtest5 WHERE id BETWEEN 8380233 AND 8381232 ORDER BY c
	Unique  (cost=3900.82..3905.78 rows=992 width=121)
	  ->  Sort  (cost=3900.82..3903.30 rows=992 width=121)
	        Sort Key: c
	        ->  Bitmap Heap Scan on sbtest5  (cost=34.60..3851.45 rows=992 width=121)
	              Recheck Cond: ((id >= 8380233) AND (id <= 8381232))
	              ->  Bitmap Index Scan on sbtest5_pkey  (cost=0.00..34.36 rows=992 width=0)
	                    Index Cond: ((id >= 8380233) AND (id <= 8381232))

table 6 : explain SELECT DISTINCT c FROM sbtest6 WHERE id BETWEEN 8234048 AND 8235047 ORDER BY c
	Unique  (cost=3994.22..3999.31 rows=1018 width=121)
	  ->  Sort  (cost=3994.22..3996.77 rows=1018 width=121)
	        Sort Key: c
	        ->  Bitmap Heap Scan on sbtest6  (cost=34.87..3943.36 rows=1018 width=121)
	              Recheck Cond: ((id >= 8234048) AND (id <= 8235047))
	              ->  Bitmap Index Scan on sbtest6_pkey  (cost=0.00..34.62 rows=1018 width=0)
	                    Index Cond: ((id >= 8234048) AND (id <= 8235047))

table 7 : explain SELECT DISTINCT c FROM sbtest7 WHERE id BETWEEN 4296937 AND 4297936 ORDER BY c
	Unique  (cost=4030.46..4035.60 rows=1028 width=121)
	  ->  Sort  (cost=4030.46..4033.03 rows=1028 width=121)
	        Sort Key: c
	        ->  Bitmap Heap Scan on sbtest7  (cost=34.97..3979.03 rows=1028 width=121)
	              Recheck Cond: ((id >= 4296937) AND (id <= 4297936))
	              ->  Bitmap Index Scan on sbtest7_pkey  (cost=0.00..34.72 rows=1028 width=0)
	                    Index Cond: ((id >= 4296937) AND (id <= 4297936))

table 8 : explain SELECT DISTINCT c FROM sbtest8 WHERE id BETWEEN 3740994 AND 3741993 ORDER BY c
	Unique  (cost=4168.77..4174.09 rows=1064 width=121)
	  ->  Sort  (cost=4168.77..4171.43 rows=1064 width=121)
	        Sort Key: c
	        ->  Bitmap Heap Scan on sbtest8  (cost=35.34..4115.27 rows=1064 width=121)
	              Recheck Cond: ((id >= 3740994) AND (id <= 3741993))
	              ->  Bitmap Index Scan on sbtest8_pkey  (cost=0.00..35.08 rows=1064 width=0)
	                    Index Cond: ((id >= 3740994) AND (id <= 3741993))

for: sum_ranges
table 1 : explain SELECT SUM(k) FROM sbtest1 WHERE id BETWEEN 8636614 AND 8637613
	Aggregate  (cost=4230.24..4230.25 rows=1 width=8)
	  ->  Bitmap Heap Scan on sbtest1  (cost=35.65..4227.50 rows=1094 width=4)
	        Recheck Cond: ((id >= 8636614) AND (id <= 8637613))
	        ->  Bitmap Index Scan on sbtest1_pkey  (cost=0.00..35.38 rows=1094 width=0)
	              Index Cond: ((id >= 8636614) AND (id <= 8637613))

table 2 : explain SELECT SUM(k) FROM sbtest2 WHERE id BETWEEN 6182972 AND 6183971
	Aggregate  (cost=3922.22..3922.23 rows=1 width=8)
	  ->  Bitmap Heap Scan on sbtest2  (cost=34.81..3919.69 rows=1012 width=4)
	        Recheck Cond: ((id >= 6182972) AND (id <= 6183971))
	        ->  Bitmap Index Scan on sbtest2_pkey  (cost=0.00..34.56 rows=1012 width=0)
	              Index Cond: ((id >= 6182972) AND (id <= 6183971))

table 3 : explain SELECT SUM(k) FROM sbtest3 WHERE id BETWEEN 4059037 AND 4060036
	Aggregate  (cost=4031.91..4031.92 rows=1 width=8)
	  ->  Bitmap Heap Scan on sbtest3  (cost=35.11..4029.31 rows=1041 width=4)
	        Recheck Cond: ((id >= 4059037) AND (id <= 4060036))
	        ->  Bitmap Index Scan on sbtest3_pkey  (cost=0.00..34.84 rows=1041 width=0)
	              Index Cond: ((id >= 4059037) AND (id <= 4060036))

table 4 : explain SELECT SUM(k) FROM sbtest4 WHERE id BETWEEN 8652738 AND 8653737
	Aggregate  (cost=3778.21..3778.22 rows=1 width=8)
	  ->  Bitmap Heap Scan on sbtest4  (cost=34.40..3775.78 rows=972 width=4)
	        Recheck Cond: ((id >= 8652738) AND (id <= 8653737))
	        ->  Bitmap Index Scan on sbtest4_pkey  (cost=0.00..34.16 rows=972 width=0)
	              Index Cond: ((id >= 8652738) AND (id <= 8653737))

table 5 : explain SELECT SUM(k) FROM sbtest5 WHERE id BETWEEN 4193649 AND 4194648
	Aggregate  (cost=3641.91..3641.92 rows=1 width=8)
	  ->  Bitmap Heap Scan on sbtest5  (cost=34.03..3639.57 rows=936 width=4)
	        Recheck Cond: ((id >= 4193649) AND (id <= 4194648))
	        ->  Bitmap Index Scan on sbtest5_pkey  (cost=0.00..33.80 rows=936 width=0)
	              Index Cond: ((id >= 4193649) AND (id <= 4194648))

table 6 : explain SELECT SUM(k) FROM sbtest6 WHERE id BETWEEN 7278075 AND 7279074
	Aggregate  (cost=3666.58..3666.59 rows=1 width=8)
	  ->  Bitmap Heap Scan on sbtest6  (cost=34.11..3664.22 rows=944 width=4)
	        Recheck Cond: ((id >= 7278075) AND (id <= 7279074))
	        ->  Bitmap Index Scan on sbtest6_pkey  (cost=0.00..33.88 rows=944 width=0)
	              Index Cond: ((id >= 7278075) AND (id <= 7279074))

table 7 : explain SELECT SUM(k) FROM sbtest7 WHERE id BETWEEN 8345694 AND 8346693
	Aggregate  (cost=3483.17..3483.18 rows=1 width=8)
	  ->  Bitmap Heap Scan on sbtest7  (cost=29.63..3480.92 rows=897 width=4)
	        Recheck Cond: ((id >= 8345694) AND (id <= 8346693))
	        ->  Bitmap Index Scan on sbtest7_pkey  (cost=0.00..29.40 rows=897 width=0)
	              Index Cond: ((id >= 8345694) AND (id <= 8346693))

table 8 : explain SELECT SUM(k) FROM sbtest8 WHERE id BETWEEN 7508400 AND 7509399
	Aggregate  (cost=3669.30..3669.31 rows=1 width=8)
	  ->  Bitmap Heap Scan on sbtest8  (cost=34.12..3666.94 rows=945 width=4)
	        Recheck Cond: ((id >= 7508400) AND (id <= 7509399))
	        ->  Bitmap Index Scan on sbtest8_pkey  (cost=0.00..33.89 rows=945 width=0)
	              Index Cond: ((id >= 7508400) AND (id <= 7509399))

for: sum_ranges
table 1 : explain SELECT SUM(k) FROM sbtest1 WHERE id BETWEEN 4614668 AND 4615667
	Aggregate  (cost=4155.05..4155.06 rows=1 width=8)
	  ->  Bitmap Heap Scan on sbtest1  (cost=35.44..4152.37 rows=1074 width=4)
	        Recheck Cond: ((id >= 4614668) AND (id <= 4615667))
	        ->  Bitmap Index Scan on sbtest1_pkey  (cost=0.00..35.18 rows=1074 width=0)
	              Index Cond: ((id >= 4614668) AND (id <= 4615667))

table 2 : explain SELECT SUM(k) FROM sbtest2 WHERE id BETWEEN 878198 AND 879197
	Aggregate  (cost=4294.78..4294.79 rows=1 width=8)
	  ->  Bitmap Heap Scan on sbtest2  (cost=35.83..4292.00 rows=1112 width=4)
	        Recheck Cond: ((id >= 878198) AND (id <= 879197))
	        ->  Bitmap Index Scan on sbtest2_pkey  (cost=0.00..35.56 rows=1112 width=0)
	              Index Cond: ((id >= 878198) AND (id <= 879197))

table 3 : explain SELECT SUM(k) FROM sbtest3 WHERE id BETWEEN 9346336 AND 9347335
	Aggregate  (cost=3544.80..3544.81 rows=1 width=8)
	  ->  Bitmap Heap Scan on sbtest3  (cost=29.79..3542.51 rows=913 width=4)
	        Recheck Cond: ((id >= 9346336) AND (id <= 9347335))
	        ->  Bitmap Index Scan on sbtest3_pkey  (cost=0.00..29.57 rows=913 width=0)
	              Index Cond: ((id >= 9346336) AND (id <= 9347335))

table 4 : explain SELECT SUM(k) FROM sbtest4 WHERE id BETWEEN 684816 AND 685815
	Aggregate  (cost=4091.93..4091.94 rows=1 width=8)
	  ->  Bitmap Heap Scan on sbtest4  (cost=35.25..4089.29 rows=1055 width=4)
	        Recheck Cond: ((id >= 684816) AND (id <= 685815))
	        ->  Bitmap Index Scan on sbtest4_pkey  (cost=0.00..34.98 rows=1055 width=0)
	              Index Cond: ((id >= 684816) AND (id <= 685815))

table 5 : explain SELECT SUM(k) FROM sbtest5 WHERE id BETWEEN 1690112 AND 1691111
	Aggregate  (cost=3842.58..3842.59 rows=1 width=8)
	  ->  Bitmap Heap Scan on sbtest5  (cost=34.57..3840.11 rows=989 width=4)
	        Recheck Cond: ((id >= 1690112) AND (id <= 1691111))
	        ->  Bitmap Index Scan on sbtest5_pkey  (cost=0.00..34.33 rows=989 width=0)
	              Index Cond: ((id >= 1690112) AND (id <= 1691111))

table 6 : explain SELECT SUM(k) FROM sbtest6 WHERE id BETWEEN 6960966 AND 6961965
	Aggregate  (cost=3979.83..3979.84 rows=1 width=8)
	  ->  Bitmap Heap Scan on sbtest6  (cost=34.96..3977.27 rows=1027 width=4)
	        Recheck Cond: ((id >= 6960966) AND (id <= 6961965))
	        ->  Bitmap Index Scan on sbtest6_pkey  (cost=0.00..34.70 rows=1027 width=0)
	              Index Cond: ((id >= 6960966) AND (id <= 6961965))

table 7 : explain SELECT SUM(k) FROM sbtest7 WHERE id BETWEEN 3766510 AND 3767509
	Aggregate  (cost=3403.69..3403.70 rows=1 width=8)
	  ->  Bitmap Heap Scan on sbtest7  (cost=29.41..3401.50 rows=876 width=4)
	        Recheck Cond: ((id >= 3766510) AND (id <= 3767509))
	        ->  Bitmap Index Scan on sbtest7_pkey  (cost=0.00..29.19 rows=876 width=0)
	              Index Cond: ((id >= 3766510) AND (id <= 3767509))

table 8 : explain SELECT SUM(k) FROM sbtest8 WHERE id BETWEEN 2811241 AND 2812240
	Aggregate  (cost=3567.04..3567.05 rows=1 width=8)
	  ->  Bitmap Heap Scan on sbtest8  (cost=29.85..3564.74 rows=919 width=4)
	        Recheck Cond: ((id >= 2811241) AND (id <= 2812240))
	        ->  Bitmap Index Scan on sbtest8_pkey  (cost=0.00..29.62 rows=919 width=0)
	              Index Cond: ((id >= 2811241) AND (id <= 2812240))

for: sum_ranges
table 1 : explain SELECT SUM(k) FROM sbtest1 WHERE id BETWEEN 9087837 AND 9088836
	Aggregate  (cost=4170.09..4170.10 rows=1 width=8)
	  ->  Bitmap Heap Scan on sbtest1  (cost=35.48..4167.40 rows=1078 width=4)
	        Recheck Cond: ((id >= 9087837) AND (id <= 9088836))
	        ->  Bitmap Index Scan on sbtest1_pkey  (cost=0.00..35.22 rows=1078 width=0)
	              Index Cond: ((id >= 9087837) AND (id <= 9088836))

table 2 : explain SELECT SUM(k) FROM sbtest2 WHERE id BETWEEN 3267439 AND 3268438
	Aggregate  (cost=4005.12..4005.13 rows=1 width=8)
	  ->  Bitmap Heap Scan on sbtest2  (cost=35.03..4002.53 rows=1034 width=4)
	        Recheck Cond: ((id >= 3267439) AND (id <= 3268438))
	        ->  Bitmap Index Scan on sbtest2_pkey  (cost=0.00..34.78 rows=1034 width=0)
	              Index Cond: ((id >= 3267439) AND (id <= 3268438))

table 3 : explain SELECT SUM(k) FROM sbtest3 WHERE id BETWEEN 5188611 AND 5189610
	Aggregate  (cost=3696.22..3696.23 rows=1 width=8)
	  ->  Bitmap Heap Scan on sbtest3  (cost=34.19..3693.84 rows=952 width=4)
	        Recheck Cond: ((id >= 5188611) AND (id <= 5189610))
	        ->  Bitmap Index Scan on sbtest3_pkey  (cost=0.00..33.95 rows=952 width=0)
	              Index Cond: ((id >= 5188611) AND (id <= 5189610))

table 4 : explain SELECT SUM(k) FROM sbtest4 WHERE id BETWEEN 7106490 AND 7107489
	Aggregate  (cost=3940.84..3940.85 rows=1 width=8)
	  ->  Bitmap Heap Scan on sbtest4  (cost=34.84..3938.30 rows=1015 width=4)
	        Recheck Cond: ((id >= 7106490) AND (id <= 7107489))
	        ->  Bitmap Index Scan on sbtest4_pkey  (cost=0.00..34.59 rows=1015 width=0)
	              Index Cond: ((id >= 7106490) AND (id <= 7107489))

table 5 : explain SELECT SUM(k) FROM sbtest5 WHERE id BETWEEN 7663269 AND 7664268
	Aggregate  (cost=3638.12..3638.13 rows=1 width=8)
	  ->  Bitmap Heap Scan on sbtest5  (cost=34.02..3635.79 rows=935 width=4)
	        Recheck Cond: ((id >= 7663269) AND (id <= 7664268))
	        ->  Bitmap Index Scan on sbtest5_pkey  (cost=0.00..33.79 rows=935 width=0)
	              Index Cond: ((id >= 7663269) AND (id <= 7664268))

table 6 : explain SELECT SUM(k) FROM sbtest6 WHERE id BETWEEN 6371667 AND 6372666
	Aggregate  (cost=4062.72..4062.73 rows=1 width=8)
	  ->  Bitmap Heap Scan on sbtest6  (cost=35.19..4060.10 rows=1049 width=4)
	        Recheck Cond: ((id >= 6371667) AND (id <= 6372666))
	        ->  Bitmap Index Scan on sbtest6_pkey  (cost=0.00..34.93 rows=1049 width=0)
	              Index Cond: ((id >= 6371667) AND (id <= 6372666))

table 7 : explain SELECT SUM(k) FROM sbtest7 WHERE id BETWEEN 4166164 AND 4167163
	Aggregate  (cost=3800.70..3800.71 rows=1 width=8)
	  ->  Bitmap Heap Scan on sbtest7  (cost=34.48..3798.25 rows=980 width=4)
	        Recheck Cond: ((id >= 4166164) AND (id <= 4167163))
	        ->  Bitmap Index Scan on sbtest7_pkey  (cost=0.00..34.23 rows=980 width=0)
	              Index Cond: ((id >= 4166164) AND (id <= 4167163))

table 8 : explain SELECT SUM(k) FROM sbtest8 WHERE id BETWEEN 9417250 AND 9418249
	Aggregate  (cost=4275.85..4275.86 rows=1 width=8)
	  ->  Bitmap Heap Scan on sbtest8  (cost=35.77..4273.08 rows=1106 width=4)
	        Recheck Cond: ((id >= 9417250) AND (id <= 9418249))
	        ->  Bitmap Index Scan on sbtest8_pkey  (cost=0.00..35.50 rows=1106 width=0)
	              Index Cond: ((id >= 9417250) AND (id <= 9418249))

for: sum_ranges
table 1 : explain SELECT SUM(k) FROM sbtest1 WHERE id BETWEEN 2457267 AND 2458266
	Aggregate  (cost=4177.61..4177.62 rows=1 width=8)
	  ->  Bitmap Heap Scan on sbtest1  (cost=35.51..4174.91 rows=1080 width=4)
	        Recheck Cond: ((id >= 2457267) AND (id <= 2458266))
	        ->  Bitmap Index Scan on sbtest1_pkey  (cost=0.00..35.23 rows=1080 width=0)
	              Index Cond: ((id >= 2457267) AND (id <= 2458266))

table 2 : explain SELECT SUM(k) FROM sbtest2 WHERE id BETWEEN 5712840 AND 5713839
	Aggregate  (cost=3544.44..3544.45 rows=1 width=8)
	  ->  Bitmap Heap Scan on sbtest2  (cost=29.79..3542.16 rows=913 width=4)
	        Recheck Cond: ((id >= 5712840) AND (id <= 5713839))
	        ->  Bitmap Index Scan on sbtest2_pkey  (cost=0.00..29.57 rows=913 width=0)
	              Index Cond: ((id >= 5712840) AND (id <= 5713839))

table 3 : explain SELECT SUM(k) FROM sbtest3 WHERE id BETWEEN 6633910 AND 6634909
	Aggregate  (cost=3647.10..3647.11 rows=1 width=8)
	  ->  Bitmap Heap Scan on sbtest3  (cost=34.06..3644.75 rows=939 width=4)
	        Recheck Cond: ((id >= 6633910) AND (id <= 6634909))
	        ->  Bitmap Index Scan on sbtest3_pkey  (cost=0.00..33.83 rows=939 width=0)
	              Index Cond: ((id >= 6633910) AND (id <= 6634909))

table 4 : explain SELECT SUM(k) FROM sbtest4 WHERE id BETWEEN 8435452 AND 8436451
	Aggregate  (cost=3740.35..3740.36 rows=1 width=8)
	  ->  Bitmap Heap Scan on sbtest4  (cost=34.30..3737.95 rows=962 width=4)
	        Recheck Cond: ((id >= 8435452) AND (id <= 8436451))
	        ->  Bitmap Index Scan on sbtest4_pkey  (cost=0.00..34.06 rows=962 width=0)
	              Index Cond: ((id >= 8435452) AND (id <= 8436451))

table 5 : explain SELECT SUM(k) FROM sbtest5 WHERE id BETWEEN 3449774 AND 3450773
	Aggregate  (cost=3740.40..3740.41 rows=1 width=8)
	  ->  Bitmap Heap Scan on sbtest5  (cost=34.30..3737.99 rows=962 width=4)
	        Recheck Cond: ((id >= 3449774) AND (id <= 3450773))
	        ->  Bitmap Index Scan on sbtest5_pkey  (cost=0.00..34.06 rows=962 width=0)
	              Index Cond: ((id >= 3449774) AND (id <= 3450773))

table 6 : explain SELECT SUM(k) FROM sbtest6 WHERE id BETWEEN 7182955 AND 7183954
	Aggregate  (cost=3964.76..3964.77 rows=1 width=8)
	  ->  Bitmap Heap Scan on sbtest6  (cost=34.92..3962.20 rows=1023 width=4)
	        Recheck Cond: ((id >= 7182955) AND (id <= 7183954))
	        ->  Bitmap Index Scan on sbtest6_pkey  (cost=0.00..34.67 rows=1023 width=0)
	              Index Cond: ((id >= 7182955) AND (id <= 7183954))

table 7 : explain SELECT SUM(k) FROM sbtest7 WHERE id BETWEEN 866711 AND 867710
	Aggregate  (cost=4248.66..4248.67 rows=1 width=8)
	  ->  Bitmap Heap Scan on sbtest7  (cost=35.70..4245.91 rows=1099 width=4)
	        Recheck Cond: ((id >= 866711) AND (id <= 867710))
	        ->  Bitmap Index Scan on sbtest7_pkey  (cost=0.00..35.43 rows=1099 width=0)
	              Index Cond: ((id >= 866711) AND (id <= 867710))

table 8 : explain SELECT SUM(k) FROM sbtest8 WHERE id BETWEEN 8269306 AND 8270305
	Aggregate  (cost=4031.36..4031.37 rows=1 width=8)
	  ->  Bitmap Heap Scan on sbtest8  (cost=35.11..4028.76 rows=1041 width=4)
	        Recheck Cond: ((id >= 8269306) AND (id <= 8270305))
	        ->  Bitmap Index Scan on sbtest8_pkey  (cost=0.00..34.84 rows=1041 width=0)
	              Index Cond: ((id >= 8269306) AND (id <= 8270305))

for: sum_ranges
table 1 : explain SELECT SUM(k) FROM sbtest1 WHERE id BETWEEN 2891598 AND 2892597
	Aggregate  (cost=3797.24..3797.25 rows=1 width=8)
	  ->  Bitmap Heap Scan on sbtest1  (cost=34.47..3794.79 rows=979 width=4)
	        Recheck Cond: ((id >= 2891598) AND (id <= 2892597))
	        ->  Bitmap Index Scan on sbtest1_pkey  (cost=0.00..34.23 rows=979 width=0)
	              Index Cond: ((id >= 2891598) AND (id <= 2892597))

table 2 : explain SELECT SUM(k) FROM sbtest2 WHERE id BETWEEN 6996007 AND 6997006
	Aggregate  (cost=4001.35..4001.36 rows=1 width=8)
	  ->  Bitmap Heap Scan on sbtest2  (cost=35.02..3998.77 rows=1033 width=4)
	        Recheck Cond: ((id >= 6996007) AND (id <= 6997006))
	        ->  Bitmap Index Scan on sbtest2_pkey  (cost=0.00..34.77 rows=1033 width=0)
	              Index Cond: ((id >= 6996007) AND (id <= 6997006))

table 3 : explain SELECT SUM(k) FROM sbtest3 WHERE id BETWEEN 3859453 AND 3860452
	Aggregate  (cost=4095.91..4095.92 rows=1 width=8)
	  ->  Bitmap Heap Scan on sbtest3  (cost=35.28..4093.27 rows=1058 width=4)
	        Recheck Cond: ((id >= 3859453) AND (id <= 3860452))
	        ->  Bitmap Index Scan on sbtest3_pkey  (cost=0.00..35.02 rows=1058 width=0)
	              Index Cond: ((id >= 3859453) AND (id <= 3860452))

table 4 : explain SELECT SUM(k) FROM sbtest4 WHERE id BETWEEN 3491118 AND 3492117
	Aggregate  (cost=4197.57..4197.58 rows=1 width=8)
	  ->  Bitmap Heap Scan on sbtest4  (cost=35.54..4194.87 rows=1083 width=4)
	        Recheck Cond: ((id >= 3491118) AND (id <= 3492117))
	        ->  Bitmap Index Scan on sbtest4_pkey  (cost=0.00..35.27 rows=1083 width=0)
	              Index Cond: ((id >= 3491118) AND (id <= 3492117))

table 5 : explain SELECT SUM(k) FROM sbtest5 WHERE id BETWEEN 3684044 AND 3685043
	Aggregate  (cost=3842.58..3842.59 rows=1 width=8)
	  ->  Bitmap Heap Scan on sbtest5  (cost=34.57..3840.11 rows=989 width=4)
	        Recheck Cond: ((id >= 3684044) AND (id <= 3685043))
	        ->  Bitmap Index Scan on sbtest5_pkey  (cost=0.00..34.33 rows=989 width=0)
	              Index Cond: ((id >= 3684044) AND (id <= 3685043))

table 6 : explain SELECT SUM(k) FROM sbtest6 WHERE id BETWEEN 7312852 AND 7313851
	Aggregate  (cost=3949.68..3949.69 rows=1 width=8)
	  ->  Bitmap Heap Scan on sbtest6  (cost=34.88..3947.13 rows=1019 width=4)
	        Recheck Cond: ((id >= 7312852) AND (id <= 7313851))
	        ->  Bitmap Index Scan on sbtest6_pkey  (cost=0.00..34.62 rows=1019 width=0)
	              Index Cond: ((id >= 7312852) AND (id <= 7313851))

table 7 : explain SELECT SUM(k) FROM sbtest7 WHERE id BETWEEN 4215111 AND 4216110
	Aggregate  (cost=3981.60..3981.61 rows=1 width=8)
	  ->  Bitmap Heap Scan on sbtest7  (cost=34.97..3979.03 rows=1028 width=4)
	        Recheck Cond: ((id >= 4215111) AND (id <= 4216110))
	        ->  Bitmap Index Scan on sbtest7_pkey  (cost=0.00..34.72 rows=1028 width=0)
	              Index Cond: ((id >= 4215111) AND (id <= 4216110))

table 8 : explain SELECT SUM(k) FROM sbtest8 WHERE id BETWEEN 8871834 AND 8872833
	Aggregate  (cost=3684.41..3684.42 rows=1 width=8)
	  ->  Bitmap Heap Scan on sbtest8  (cost=34.16..3682.04 rows=949 width=4)
	        Recheck Cond: ((id >= 8871834) AND (id <= 8872833))
	        ->  Bitmap Index Scan on sbtest8_pkey  (cost=0.00..33.93 rows=949 width=0)
	              Index Cond: ((id >= 8871834) AND (id <= 8872833))

for: order_ranges
table 1 : explain SELECT c FROM sbtest1 WHERE id BETWEEN 7353112 AND 7354111 ORDER BY c
	Sort  (cost=3854.90..3857.36 rows=982 width=121)
	  Sort Key: c
	  ->  Bitmap Heap Scan on sbtest1  (cost=34.50..3806.10 rows=982 width=121)
	        Recheck Cond: ((id >= 7353112) AND (id <= 7354111))
	        ->  Bitmap Index Scan on sbtest1_pkey  (cost=0.00..34.26 rows=982 width=0)
	              Index Cond: ((id >= 7353112) AND (id <= 7354111))

table 2 : explain SELECT c FROM sbtest2 WHERE id BETWEEN 8259195 AND 8260194 ORDER BY c
	Sort  (cost=3851.61..3854.07 rows=981 width=121)
	  Sort Key: c
	  ->  Bitmap Heap Scan on sbtest2  (cost=34.49..3802.87 rows=981 width=121)
	        Recheck Cond: ((id >= 8259195) AND (id <= 8260194))
	        ->  Bitmap Index Scan on sbtest2_pkey  (cost=0.00..34.25 rows=981 width=0)
	              Index Cond: ((id >= 8259195) AND (id <= 8260194))

table 3 : explain SELECT c FROM sbtest3 WHERE id BETWEEN 2942801 AND 2943800 ORDER BY c
	Sort  (cost=3771.59..3773.99 rows=960 width=121)
	  Sort Key: c
	  ->  Bitmap Heap Scan on sbtest3  (cost=34.28..3724.04 rows=960 width=121)
	        Recheck Cond: ((id >= 2942801) AND (id <= 2943800))
	        ->  Bitmap Index Scan on sbtest3_pkey  (cost=0.00..34.04 rows=960 width=0)
	              Index Cond: ((id >= 2942801) AND (id <= 2943800))

table 4 : explain SELECT c FROM sbtest4 WHERE id BETWEEN 3570661 AND 3571660 ORDER BY c
	Sort  (cost=4080.98..4083.58 rows=1039 width=121)
	  Sort Key: c
	  ->  Bitmap Heap Scan on sbtest4  (cost=35.08..4028.92 rows=1039 width=121)
	        Recheck Cond: ((id >= 3570661) AND (id <= 3571660))
	        ->  Bitmap Index Scan on sbtest4_pkey  (cost=0.00..34.83 rows=1039 width=0)
	              Index Cond: ((id >= 3570661) AND (id <= 3571660))

table 5 : explain SELECT c FROM sbtest5 WHERE id BETWEEN 4882728 AND 4883727 ORDER BY c
	Sort  (cost=4042.71..4045.28 rows=1029 width=121)
	  Sort Key: c
	  ->  Bitmap Heap Scan on sbtest5  (cost=34.98..3991.22 rows=1029 width=121)
	        Recheck Cond: ((id >= 4882728) AND (id <= 4883727))
	        ->  Bitmap Index Scan on sbtest5_pkey  (cost=0.00..34.73 rows=1029 width=0)
	              Index Cond: ((id >= 4882728) AND (id <= 4883727))

table 6 : explain SELECT c FROM sbtest6 WHERE id BETWEEN 4902414 AND 4903413 ORDER BY c
	Sort  (cost=3364.74..3366.86 rows=847 width=121)
	  Sort Key: c
	  ->  Index Scan using sbtest6_pkey on sbtest6  (cost=0.43..3323.55 rows=847 width=121)
	        Index Cond: ((id >= 4902414) AND (id <= 4903413))

table 7 : explain SELECT c FROM sbtest7 WHERE id BETWEEN 8954752 AND 8955751 ORDER BY c
	Sort  (cost=4141.21..4143.85 rows=1057 width=121)
	  Sort Key: c
	  ->  Bitmap Heap Scan on sbtest7  (cost=35.27..4088.11 rows=1057 width=121)
	        Recheck Cond: ((id >= 8954752) AND (id <= 8955751))
	        ->  Bitmap Index Scan on sbtest7_pkey  (cost=0.00..35.01 rows=1057 width=0)
	              Index Cond: ((id >= 8954752) AND (id <= 8955751))

table 8 : explain SELECT c FROM sbtest8 WHERE id BETWEEN 2865945 AND 2866944 ORDER BY c
	Sort  (cost=3402.69..3404.85 rows=865 width=121)
	  Sort Key: c
	  ->  Bitmap Heap Scan on sbtest8  (cost=29.30..3360.49 rows=865 width=121)
	        Recheck Cond: ((id >= 2865945) AND (id <= 2866944))
	        ->  Bitmap Index Scan on sbtest8_pkey  (cost=0.00..29.08 rows=865 width=0)
	              Index Cond: ((id >= 2865945) AND (id <= 2866944))

for: order_ranges
table 1 : explain SELECT c FROM sbtest1 WHERE id BETWEEN 1885904 AND 1886903 ORDER BY c
	Sort  (cost=3617.25..3619.55 rows=921 width=121)
	  Sort Key: c
	  ->  Bitmap Heap Scan on sbtest1  (cost=29.88..3571.90 rows=921 width=121)
	        Recheck Cond: ((id >= 1885904) AND (id <= 1886903))
	        ->  Bitmap Index Scan on sbtest1_pkey  (cost=0.00..29.64 rows=921 width=0)
	              Index Cond: ((id >= 1885904) AND (id <= 1886903))

table 2 : explain SELECT c FROM sbtest2 WHERE id BETWEEN 9445814 AND 9446813 ORDER BY c
	Sort  (cost=3817.16..3819.59 rows=972 width=121)
	  Sort Key: c
	  ->  Bitmap Heap Scan on sbtest2  (cost=34.40..3768.93 rows=972 width=121)
	        Recheck Cond: ((id >= 9445814) AND (id <= 9446813))
	        ->  Bitmap Index Scan on sbtest2_pkey  (cost=0.00..34.16 rows=972 width=0)
	              Index Cond: ((id >= 9445814) AND (id <= 9446813))

table 3 : explain SELECT c FROM sbtest3 WHERE id BETWEEN 8390047 AND 8391046 ORDER BY c
	Sort  (cost=3564.39..3566.65 rows=907 width=121)
	  Sort Key: c
	  ->  Bitmap Heap Scan on sbtest3  (cost=29.73..3519.83 rows=907 width=121)
	        Recheck Cond: ((id >= 8390047) AND (id <= 8391046))
	        ->  Bitmap Index Scan on sbtest3_pkey  (cost=0.00..29.50 rows=907 width=0)
	              Index Cond: ((id >= 8390047) AND (id <= 8391046))

table 4 : explain SELECT c FROM sbtest4 WHERE id BETWEEN 4091116 AND 4092115 ORDER BY c
	Sort  (cost=3678.03..3680.37 rows=934 width=121)
	  Sort Key: c
	  ->  Bitmap Heap Scan on sbtest4  (cost=34.01..3631.95 rows=934 width=121)
	        Recheck Cond: ((id >= 4091116) AND (id <= 4092115))
	        ->  Bitmap Index Scan on sbtest4_pkey  (cost=0.00..33.78 rows=934 width=0)
	              Index Cond: ((id >= 4091116) AND (id <= 4092115))

table 5 : explain SELECT c FROM sbtest5 WHERE id BETWEEN 6688715 AND 6689714 ORDER BY c
	Sort  (cost=3712.67..3715.03 rows=943 width=121)
	  Sort Key: c
	  ->  Bitmap Heap Scan on sbtest5  (cost=34.10..3666.08 rows=943 width=121)
	        Recheck Cond: ((id >= 6688715) AND (id <= 6689714))
	        ->  Bitmap Index Scan on sbtest5_pkey  (cost=0.00..33.87 rows=943 width=0)
	              Index Cond: ((id >= 6688715) AND (id <= 6689714))

table 6 : explain SELECT c FROM sbtest6 WHERE id BETWEEN 714288 AND 715287 ORDER BY c
	Sort  (cost=3703.20..3705.55 rows=942 width=121)
	  Sort Key: c
	  ->  Bitmap Heap Scan on sbtest6  (cost=34.09..3656.67 rows=942 width=121)
	        Recheck Cond: ((id >= 714288) AND (id <= 715287))
	        ->  Bitmap Index Scan on sbtest6_pkey  (cost=0.00..33.86 rows=942 width=0)
	              Index Cond: ((id >= 714288) AND (id <= 715287))

table 7 : explain SELECT c FROM sbtest7 WHERE id BETWEEN 7034437 AND 7035436 ORDER BY c
	Sort  (cost=3785.70..3788.11 rows=964 width=121)
	  Sort Key: c
	  ->  Bitmap Heap Scan on sbtest7  (cost=34.32..3737.92 rows=964 width=121)
	        Recheck Cond: ((id >= 7034437) AND (id <= 7035436))
	        ->  Bitmap Index Scan on sbtest7_pkey  (cost=0.00..34.08 rows=964 width=0)
	              Index Cond: ((id >= 7034437) AND (id <= 7035436))

table 8 : explain SELECT c FROM sbtest8 WHERE id BETWEEN 1387077 AND 1388076 ORDER BY c
	Sort  (cost=3736.63..3739.01 rows=951 width=121)
	  Sort Key: c
	  ->  Bitmap Heap Scan on sbtest8  (cost=34.18..3689.59 rows=951 width=121)
	        Recheck Cond: ((id >= 1387077) AND (id <= 1388076))
	        ->  Bitmap Index Scan on sbtest8_pkey  (cost=0.00..33.95 rows=951 width=0)
	              Index Cond: ((id >= 1387077) AND (id <= 1388076))

for: distinct_ranges
table 1 : explain SELECT DISTINCT c FROM sbtest1 WHERE id BETWEEN 7748442 AND 7749441 ORDER BY c
	Unique  (cost=4080.46..4085.66 rows=1041 width=121)
	  ->  Sort  (cost=4080.46..4083.06 rows=1041 width=121)
	        Sort Key: c
	        ->  Bitmap Heap Scan on sbtest1  (cost=35.11..4028.28 rows=1041 width=121)
	              Recheck Cond: ((id >= 7748442) AND (id <= 7749441))
	              ->  Bitmap Index Scan on sbtest1_pkey  (cost=0.00..34.84 rows=1041 width=0)
	                    Index Cond: ((id >= 7748442) AND (id <= 7749441))

table 2 : explain SELECT DISTINCT c FROM sbtest2 WHERE id BETWEEN 6268202 AND 6269201 ORDER BY c
	Unique  (cost=3916.66..3921.65 rows=998 width=121)
	  ->  Sort  (cost=3916.66..3919.16 rows=998 width=121)
	        Sort Key: c
	        ->  Bitmap Heap Scan on sbtest2  (cost=34.66..3866.95 rows=998 width=121)
	              Recheck Cond: ((id >= 6268202) AND (id <= 6269201))
	              ->  Bitmap Index Scan on sbtest2_pkey  (cost=0.00..34.42 rows=998 width=0)
	                    Index Cond: ((id >= 6268202) AND (id <= 6269201))

table 3 : explain SELECT DISTINCT c FROM sbtest3 WHERE id BETWEEN 9763821 AND 9764820 ORDER BY c
	Unique  (cost=3802.23..3807.07 rows=968 width=121)
	  ->  Sort  (cost=3802.23..3804.65 rows=968 width=121)
	        Sort Key: c
	        ->  Bitmap Heap Scan on sbtest3  (cost=34.36..3754.23 rows=968 width=121)
	              Recheck Cond: ((id >= 9763821) AND (id <= 9764820))
	              ->  Bitmap Index Scan on sbtest3_pkey  (cost=0.00..34.12 rows=968 width=0)
	                    Index Cond: ((id >= 9763821) AND (id <= 9764820))

table 4 : explain SELECT DISTINCT c FROM sbtest4 WHERE id BETWEEN 486504 AND 487503 ORDER BY c
	Unique  (cost=3965.98..3971.03 rows=1009 width=121)
	  ->  Sort  (cost=3965.98..3968.50 rows=1009 width=121)
	        Sort Key: c
	        ->  Bitmap Heap Scan on sbtest4  (cost=34.78..3915.64 rows=1009 width=121)
	              Recheck Cond: ((id >= 486504) AND (id <= 487503))
	              ->  Bitmap Index Scan on sbtest4_pkey  (cost=0.00..34.53 rows=1009 width=0)
	                    Index Cond: ((id >= 486504) AND (id <= 487503))

table 5 : explain SELECT DISTINCT c FROM sbtest5 WHERE id BETWEEN 3989508 AND 3990507 ORDER BY c
	Unique  (cost=4111.68..4116.92 rows=1047 width=121)
	  ->  Sort  (cost=4111.68..4114.30 rows=1047 width=121)
	        Sort Key: c
	        ->  Bitmap Heap Scan on sbtest5  (cost=35.17..4059.16 rows=1047 width=121)
	              Recheck Cond: ((id >= 3989508) AND (id <= 3990507))
	              ->  Bitmap Index Scan on sbtest5_pkey  (cost=0.00..34.91 rows=1047 width=0)
	                    Index Cond: ((id >= 3989508) AND (id <= 3990507))

table 6 : explain SELECT DISTINCT c FROM sbtest6 WHERE id BETWEEN 2352418 AND 2353417 ORDER BY c
	Unique  (cost=3944.49..3949.52 rows=1005 width=121)
	  ->  Sort  (cost=3944.49..3947.00 rows=1005 width=121)
	        Sort Key: c
	        ->  Bitmap Heap Scan on sbtest6  (cost=34.74..3894.38 rows=1005 width=121)
	              Recheck Cond: ((id >= 2352418) AND (id <= 2353417))
	              ->  Bitmap Index Scan on sbtest6_pkey  (cost=0.00..34.48 rows=1005 width=0)
	                    Index Cond: ((id >= 2352418) AND (id <= 2353417))

table 7 : explain SELECT DISTINCT c FROM sbtest7 WHERE id BETWEEN 3555129 AND 3556128 ORDER BY c
	Unique  (cost=3712.94..3717.66 rows=945 width=121)
	  ->  Sort  (cost=3712.94..3715.30 rows=945 width=121)
	        Sort Key: c
	        ->  Bitmap Heap Scan on sbtest7  (cost=34.12..3666.23 rows=945 width=121)
	              Recheck Cond: ((id >= 3555129) AND (id <= 3556128))
	              ->  Bitmap Index Scan on sbtest7_pkey  (cost=0.00..33.89 rows=945 width=0)
	                    Index Cond: ((id >= 3555129) AND (id <= 3556128))

table 8 : explain SELECT DISTINCT c FROM sbtest8 WHERE id BETWEEN 968430 AND 969429 ORDER BY c
	Unique  (cost=3897.43..3902.40 rows=993 width=121)
	  ->  Sort  (cost=3897.43..3899.91 rows=993 width=121)
	        Sort Key: c
	        ->  Bitmap Heap Scan on sbtest8  (cost=34.61..3848.00 rows=993 width=121)
	              Recheck Cond: ((id >= 968430) AND (id <= 969429))
	              ->  Bitmap Index Scan on sbtest8_pkey  (cost=0.00..34.37 rows=993 width=0)
	                    Index Cond: ((id >= 968430) AND (id <= 969429))

for: order_ranges
table 1 : explain SELECT c FROM sbtest1 WHERE id BETWEEN 9285314 AND 9286313 ORDER BY c
	Sort  (cost=3854.90..3857.36 rows=982 width=121)
	  Sort Key: c
	  ->  Bitmap Heap Scan on sbtest1  (cost=34.50..3806.10 rows=982 width=121)
	        Recheck Cond: ((id >= 9285314) AND (id <= 9286313))
	        ->  Bitmap Index Scan on sbtest1_pkey  (cost=0.00..34.26 rows=982 width=0)
	              Index Cond: ((id >= 9285314) AND (id <= 9286313))

table 2 : explain SELECT c FROM sbtest2 WHERE id BETWEEN 575393 AND 576392 ORDER BY c
	Sort  (cost=4088.69..4091.30 rows=1043 width=121)
	  Sort Key: c
	  ->  Bitmap Heap Scan on sbtest2  (cost=35.13..4036.40 rows=1043 width=121)
	        Recheck Cond: ((id >= 575393) AND (id <= 576392))
	        ->  Bitmap Index Scan on sbtest2_pkey  (cost=0.00..34.87 rows=1043 width=0)
	              Index Cond: ((id >= 575393) AND (id <= 576392))

table 3 : explain SELECT c FROM sbtest3 WHERE id BETWEEN 7922146 AND 7923145 ORDER BY c
	Sort  (cost=3756.27..3758.66 rows=956 width=121)
	  Sort Key: c
	  ->  Bitmap Heap Scan on sbtest3  (cost=34.23..3708.94 rows=956 width=121)
	        Recheck Cond: ((id >= 7922146) AND (id <= 7923145))
	        ->  Bitmap Index Scan on sbtest3_pkey  (cost=0.00..34.00 rows=956 width=0)
	              Index Cond: ((id >= 7922146) AND (id <= 7923145))

table 4 : explain SELECT c FROM sbtest4 WHERE id BETWEEN 5119494 AND 5120493 ORDER BY c
	Sort  (cost=4027.33..4029.89 rows=1025 width=121)
	  Sort Key: c
	  ->  Bitmap Heap Scan on sbtest4  (cost=34.94..3976.07 rows=1025 width=121)
	        Recheck Cond: ((id >= 5119494) AND (id <= 5120493))
	        ->  Bitmap Index Scan on sbtest4_pkey  (cost=0.00..34.69 rows=1025 width=0)
	              Index Cond: ((id >= 5119494) AND (id <= 5120493))

table 5 : explain SELECT c FROM sbtest5 WHERE id BETWEEN 5016016 AND 5017015 ORDER BY c
	Sort  (cost=4161.47..4164.12 rows=1060 width=121)
	  Sort Key: c
	  ->  Bitmap Heap Scan on sbtest5  (cost=35.30..4108.21 rows=1060 width=121)
	        Recheck Cond: ((id >= 5016016) AND (id <= 5017015))
	        ->  Bitmap Index Scan on sbtest5_pkey  (cost=0.00..35.04 rows=1060 width=0)
	              Index Cond: ((id >= 5016016) AND (id <= 5017015))

table 6 : explain SELECT c FROM sbtest6 WHERE id BETWEEN 9930232 AND 9931231 ORDER BY c
	Sort  (cost=3764.53..3766.92 rows=958 width=121)
	  Sort Key: c
	  ->  Bitmap Heap Scan on sbtest6  (cost=34.25..3717.09 rows=958 width=121)
	        Recheck Cond: ((id >= 9930232) AND (id <= 9931231))
	        ->  Bitmap Index Scan on sbtest6_pkey  (cost=0.00..34.02 rows=958 width=0)
	              Index Cond: ((id >= 9930232) AND (id <= 9931231))

table 7 : explain SELECT c FROM sbtest7 WHERE id BETWEEN 5038172 AND 5039171 ORDER BY c
	Sort  (cost=3999.89..4002.44 rows=1020 width=121)
	  Sort Key: c
	  ->  Bitmap Heap Scan on sbtest7  (cost=34.89..3948.92 rows=1020 width=121)
	        Recheck Cond: ((id >= 5038172) AND (id <= 5039171))
	        ->  Bitmap Index Scan on sbtest7_pkey  (cost=0.00..34.64 rows=1020 width=0)
	              Index Cond: ((id >= 5038172) AND (id <= 5039171))

table 8 : explain SELECT c FROM sbtest8 WHERE id BETWEEN 3414220 AND 3415219 ORDER BY c
	Sort  (cost=3563.94..3566.21 rows=907 width=121)
	  Sort Key: c
	  ->  Bitmap Heap Scan on sbtest8  (cost=29.73..3519.39 rows=907 width=121)
	        Recheck Cond: ((id >= 3414220) AND (id <= 3415219))
	        ->  Bitmap Index Scan on sbtest8_pkey  (cost=0.00..29.50 rows=907 width=0)
	              Index Cond: ((id >= 3414220) AND (id <= 3415219))

explain: for point_selects :: explain SELECT c FROM sbtest%u WHERE id=%u
for: distinct_ranges
table 1 : explain SELECT DISTINCT c FROM sbtest1 WHERE id BETWEEN 5568899 AND 5569898 ORDER BY c
	Unique  (cost=3935.23..3940.25 rows=1003 width=121)
	  ->  Sort  (cost=3935.23..3937.74 rows=1003 width=121)
	        Sort Key: c
	        ->  Bitmap Heap Scan on sbtest1  (cost=34.72..3885.23 rows=1003 width=121)
	              Recheck Cond: ((id >= 5568899) AND (id <= 5569898))
	              ->  Bitmap Index Scan on sbtest1_pkey  (cost=0.00..34.47 rows=1003 width=0)
	                    Index Cond: ((id >= 5568899) AND (id <= 5569898))

table 2 : explain SELECT DISTINCT c FROM sbtest2 WHERE id BETWEEN 4797245 AND 4798244 ORDER BY c
	Unique  (cost=3866.92..3871.85 rows=985 width=121)
	  ->  Sort  (cost=3866.92..3869.38 rows=985 width=121)
	        Sort Key: c
	        ->  Bitmap Heap Scan on sbtest2  (cost=34.53..3817.95 rows=985 width=121)
	              Recheck Cond: ((id >= 4797245) AND (id <= 4798244))
	              ->  Bitmap Index Scan on sbtest2_pkey  (cost=0.00..34.29 rows=985 width=0)
	                    Index Cond: ((id >= 4797245) AND (id <= 4798244))

table 3 : explain SELECT DISTINCT c FROM sbtest3 WHERE id BETWEEN 9854083 AND 9855082 ORDER BY c
	Unique  (cost=4104.40..4109.64 rows=1047 width=121)
	  ->  Sort  (cost=4104.40..4107.02 rows=1047 width=121)
	        Sort Key: c
	        ->  Bitmap Heap Scan on sbtest3  (cost=35.17..4051.89 rows=1047 width=121)
	              Recheck Cond: ((id >= 9854083) AND (id <= 9855082))
	              ->  Bitmap Index Scan on sbtest3_pkey  (cost=0.00..34.91 rows=1047 width=0)
	                    Index Cond: ((id >= 9854083) AND (id <= 9855082))

table 4 : explain SELECT DISTINCT c FROM sbtest4 WHERE id BETWEEN 6076703 AND 6077702 ORDER BY c
	Unique  (cost=4142.27..4147.54 rows=1055 width=121)
	  ->  Sort  (cost=4142.27..4144.91 rows=1055 width=121)
	        Sort Key: c
	        ->  Bitmap Heap Scan on sbtest4  (cost=35.25..4089.29 rows=1055 width=121)
	              Recheck Cond: ((id >= 6076703) AND (id <= 6077702))
	              ->  Bitmap Index Scan on sbtest4_pkey  (cost=0.00..34.98 rows=1055 width=0)
	                    Index Cond: ((id >= 6076703) AND (id <= 6077702))

table 5 : explain SELECT DISTINCT c FROM sbtest5 WHERE id BETWEEN 5023112 AND 5024111 ORDER BY c
	Unique  (cost=4161.47..4166.77 rows=1060 width=121)
	  ->  Sort  (cost=4161.47..4164.12 rows=1060 width=121)
	        Sort Key: c
	        ->  Bitmap Heap Scan on sbtest5  (cost=35.30..4108.21 rows=1060 width=121)
	              Recheck Cond: ((id >= 5023112) AND (id <= 5024111))
	              ->  Bitmap Index Scan on sbtest5_pkey  (cost=0.00..35.04 rows=1060 width=0)
	                    Index Cond: ((id >= 5023112) AND (id <= 5024111))

table 6 : explain SELECT DISTINCT c FROM sbtest6 WHERE id BETWEEN 7259376 AND 7260375 ORDER BY c
	Unique  (cost=3710.87..3715.59 rows=944 width=121)
	  ->  Sort  (cost=3710.87..3713.23 rows=944 width=121)
	        Sort Key: c
	        ->  Bitmap Heap Scan on sbtest6  (cost=34.11..3664.22 rows=944 width=121)
	              Recheck Cond: ((id >= 7259376) AND (id <= 7260375))
	              ->  Bitmap Index Scan on sbtest6_pkey  (cost=0.00..33.88 rows=944 width=0)
	                    Index Cond: ((id >= 7259376) AND (id <= 7260375))

table 7 : explain SELECT DISTINCT c FROM sbtest7 WHERE id BETWEEN 1794031 AND 1795030 ORDER BY c
	Unique  (cost=3724.43..3729.17 rows=948 width=121)
	  ->  Sort  (cost=3724.43..3726.80 rows=948 width=121)
	        Sort Key: c
	        ->  Bitmap Heap Scan on sbtest7  (cost=34.15..3677.56 rows=948 width=121)
	              Recheck Cond: ((id >= 1794031) AND (id <= 1795030))
	              ->  Bitmap Index Scan on sbtest7_pkey  (cost=0.00..33.92 rows=948 width=0)
	                    Index Cond: ((id >= 1794031) AND (id <= 1795030))

table 8 : explain SELECT DISTINCT c FROM sbtest8 WHERE id BETWEEN 6069059 AND 6070058 ORDER BY c
	Unique  (cost=3878.30..3883.24 rows=988 width=121)
	  ->  Sort  (cost=3878.30..3880.77 rows=988 width=121)
	        Sort Key: c
	        ->  Bitmap Heap Scan on sbtest8  (cost=34.56..3829.15 rows=988 width=121)
	              Recheck Cond: ((id >= 6069059) AND (id <= 6070058))
	              ->  Bitmap Index Scan on sbtest8_pkey  (cost=0.00..34.32 rows=988 width=0)
	                    Index Cond: ((id >= 6069059) AND (id <= 6070058))

for: order_ranges
table 1 : explain SELECT c FROM sbtest1 WHERE id BETWEEN 3000591 AND 3001590 ORDER BY c
	Sort  (cost=3624.91..3627.22 rows=923 width=121)
	  Sort Key: c
	  ->  Bitmap Heap Scan on sbtest1  (cost=29.90..3579.46 rows=923 width=121)
	        Recheck Cond: ((id >= 3000591) AND (id <= 3001590))
	        ->  Bitmap Index Scan on sbtest1_pkey  (cost=0.00..29.66 rows=923 width=0)
	              Index Cond: ((id >= 3000591) AND (id <= 3001590))

table 2 : explain SELECT c FROM sbtest2 WHERE id BETWEEN 6478664 AND 6479663 ORDER BY c
	Sort  (cost=3759.72..3762.11 rows=957 width=121)
	  Sort Key: c
	  ->  Bitmap Heap Scan on sbtest2  (cost=34.24..3712.33 rows=957 width=121)
	        Recheck Cond: ((id >= 6478664) AND (id <= 6479663))
	        ->  Bitmap Index Scan on sbtest2_pkey  (cost=0.00..34.01 rows=957 width=0)
	              Index Cond: ((id >= 6478664) AND (id <= 6479663))

table 3 : explain SELECT c FROM sbtest3 WHERE id BETWEEN 7655378 AND 7656377 ORDER BY c
	Sort  (cost=4127.32..4129.96 rows=1053 width=121)
	  Sort Key: c
	  ->  Bitmap Heap Scan on sbtest3  (cost=35.23..4074.46 rows=1053 width=121)
	        Recheck Cond: ((id >= 7655378) AND (id <= 7656377))
	        ->  Bitmap Index Scan on sbtest3_pkey  (cost=0.00..34.97 rows=1053 width=0)
	              Index Cond: ((id >= 7655378) AND (id <= 7656377))

table 4 : explain SELECT c FROM sbtest4 WHERE id BETWEEN 4912678 AND 4913677 ORDER BY c
	Sort  (cost=3597.13..3599.42 rows=914 width=121)
	  Sort Key: c
	  ->  Bitmap Heap Scan on sbtest4  (cost=29.80..3552.18 rows=914 width=121)
	        Recheck Cond: ((id >= 4912678) AND (id <= 4913677))
	        ->  Bitmap Index Scan on sbtest4_pkey  (cost=0.00..29.57 rows=914 width=0)
	              Index Cond: ((id >= 4912678) AND (id <= 4913677))

table 5 : explain SELECT c FROM sbtest5 WHERE id BETWEEN 4671028 AND 4672027 ORDER BY c
	Sort  (cost=4360.61..4363.39 rows=1111 width=121)
	  Sort Key: c
	  ->  Bitmap Heap Scan on sbtest5  (cost=39.82..4304.41 rows=1111 width=121)
	        Recheck Cond: ((id >= 4671028) AND (id <= 4672027))
	        ->  Bitmap Index Scan on sbtest5_pkey  (cost=0.00..39.55 rows=1111 width=0)
	              Index Cond: ((id >= 4671028) AND (id <= 4672027))

table 6 : explain SELECT c FROM sbtest6 WHERE id BETWEEN 1481894 AND 1482893 ORDER BY c
	Sort  (cost=4116.55..4119.17 rows=1050 width=121)
	  Sort Key: c
	  ->  Bitmap Heap Scan on sbtest6  (cost=35.20..4063.86 rows=1050 width=121)
	        Recheck Cond: ((id >= 1481894) AND (id <= 1482893))
	        ->  Bitmap Index Scan on sbtest6_pkey  (cost=0.00..34.94 rows=1050 width=0)
	              Index Cond: ((id >= 1481894) AND (id <= 1482893))

table 7 : explain SELECT c FROM sbtest7 WHERE id BETWEEN 3315026 AND 3316025 ORDER BY c
	Sort  (cost=4118.30..4120.93 rows=1051 width=121)
	  Sort Key: c
	  ->  Bitmap Heap Scan on sbtest7  (cost=35.21..4065.55 rows=1051 width=121)
	        Recheck Cond: ((id >= 3315026) AND (id <= 3316025))
	        ->  Bitmap Index Scan on sbtest7_pkey  (cost=0.00..34.95 rows=1051 width=0)
	              Index Cond: ((id >= 3315026) AND (id <= 3316025))

table 8 : explain SELECT c FROM sbtest8 WHERE id BETWEEN 4838068 AND 4839067 ORDER BY c
	Sort  (cost=4145.86..4148.51 rows=1058 width=121)
	  Sort Key: c
	  ->  Bitmap Heap Scan on sbtest8  (cost=35.28..4092.71 rows=1058 width=121)
	        Recheck Cond: ((id >= 4838068) AND (id <= 4839067))
	        ->  Bitmap Index Scan on sbtest8_pkey  (cost=0.00..35.02 rows=1058 width=0)
	              Index Cond: ((id >= 4838068) AND (id <= 4839067))

for: distinct_ranges
table 1 : explain SELECT DISTINCT c FROM sbtest1 WHERE id BETWEEN 1930834 AND 1931833 ORDER BY c
	Unique  (cost=3617.25..3621.85 rows=921 width=121)
	  ->  Sort  (cost=3617.25..3619.55 rows=921 width=121)
	        Sort Key: c
	        ->  Bitmap Heap Scan on sbtest1  (cost=29.88..3571.90 rows=921 width=121)
	              Recheck Cond: ((id >= 1930834) AND (id <= 1931833))
	              ->  Bitmap Index Scan on sbtest1_pkey  (cost=0.00..29.64 rows=921 width=0)
	                    Index Cond: ((id >= 1930834) AND (id <= 1931833))

table 2 : explain SELECT DISTINCT c FROM sbtest2 WHERE id BETWEEN 1658765 AND 1659764 ORDER BY c
	Unique  (cost=3824.82..3829.69 rows=974 width=121)
	  ->  Sort  (cost=3824.82..3827.25 rows=974 width=121)
	        Sort Key: c
	        ->  Bitmap Heap Scan on sbtest2  (cost=34.42..3776.47 rows=974 width=121)
	              Recheck Cond: ((id >= 1658765) AND (id <= 1659764))
	              ->  Bitmap Index Scan on sbtest2_pkey  (cost=0.00..34.18 rows=974 width=0)
	                    Index Cond: ((id >= 1658765) AND (id <= 1659764))

table 3 : explain SELECT DISTINCT c FROM sbtest3 WHERE id BETWEEN 596652 AND 597651 ORDER BY c
	Unique  (cost=3832.87..3837.75 rows=976 width=121)
	  ->  Sort  (cost=3832.87..3835.31 rows=976 width=121)
	        Sort Key: c
	        ->  Bitmap Heap Scan on sbtest3  (cost=34.44..3784.40 rows=976 width=121)
	              Recheck Cond: ((id >= 596652) AND (id <= 597651))
	              ->  Bitmap Index Scan on sbtest3_pkey  (cost=0.00..34.20 rows=976 width=0)
	                    Index Cond: ((id >= 596652) AND (id <= 597651))

table 4 : explain SELECT DISTINCT c FROM sbtest4 WHERE id BETWEEN 1284930 AND 1285929 ORDER BY c
	Unique  (cost=4092.47..4097.68 rows=1042 width=121)
	  ->  Sort  (cost=4092.47..4095.08 rows=1042 width=121)
	        Sort Key: c
	        ->  Bitmap Heap Scan on sbtest4  (cost=35.12..4040.24 rows=1042 width=121)
	              Recheck Cond: ((id >= 1284930) AND (id <= 1285929))
	              ->  Bitmap Index Scan on sbtest4_pkey  (cost=0.00..34.86 rows=1042 width=0)
	                    Index Cond: ((id >= 1284930) AND (id <= 1285929))

table 5 : explain SELECT DISTINCT c FROM sbtest5 WHERE id BETWEEN 7374668 AND 7375667 ORDER BY c
	Unique  (cost=4023.55..4028.67 rows=1024 width=121)
	  ->  Sort  (cost=4023.55..4026.11 rows=1024 width=121)
	        Sort Key: c
	        ->  Bitmap Heap Scan on sbtest5  (cost=34.93..3972.35 rows=1024 width=121)
	              Recheck Cond: ((id >= 7374668) AND (id <= 7375667))
	              ->  Bitmap Index Scan on sbtest5_pkey  (cost=0.00..34.68 rows=1024 width=0)
	                    Index Cond: ((id >= 7374668) AND (id <= 7375667))

table 6 : explain SELECT DISTINCT c FROM sbtest6 WHERE id BETWEEN 926486 AND 927485 ORDER BY c
	Unique  (cost=3568.77..3573.31 rows=908 width=121)
	  ->  Sort  (cost=3568.77..3571.04 rows=908 width=121)
	        Sort Key: c
	        ->  Bitmap Heap Scan on sbtest6  (cost=29.74..3524.16 rows=908 width=121)
	              Recheck Cond: ((id >= 926486) AND (id <= 927485))
	              ->  Bitmap Index Scan on sbtest6_pkey  (cost=0.00..29.51 rows=908 width=0)
	                    Index Cond: ((id >= 926486) AND (id <= 927485))

table 7 : explain SELECT DISTINCT c FROM sbtest7 WHERE id BETWEEN 8934080 AND 8935079 ORDER BY c
	Unique  (cost=4114.48..4119.73 rows=1050 width=121)
	  ->  Sort  (cost=4114.48..4117.11 rows=1050 width=121)
	        Sort Key: c
	        ->  Bitmap Heap Scan on sbtest7  (cost=35.20..4061.79 rows=1050 width=121)
	              Recheck Cond: ((id >= 8934080) AND (id <= 8935079))
	              ->  Bitmap Index Scan on sbtest7_pkey  (cost=0.00..34.94 rows=1050 width=0)
	                    Index Cond: ((id >= 8934080) AND (id <= 8935079))

table 8 : explain SELECT DISTINCT c FROM sbtest8 WHERE id BETWEEN 6965369 AND 6966368 ORDER BY c
	Unique  (cost=3567.78..3572.32 rows=908 width=121)
	  ->  Sort  (cost=3567.78..3570.05 rows=908 width=121)
	        Sort Key: c
	        ->  Bitmap Heap Scan on sbtest8  (cost=29.74..3523.17 rows=908 width=121)
	              Recheck Cond: ((id >= 6965369) AND (id <= 6966368))
	              ->  Bitmap Index Scan on sbtest8_pkey  (cost=0.00..29.51 rows=908 width=0)
	                    Index Cond: ((id >= 6965369) AND (id <= 6966368))

for: order_ranges
table 1 : explain SELECT c FROM sbtest1 WHERE id BETWEEN 1081372 AND 1082371 ORDER BY c
	Sort  (cost=3919.94..3922.43 rows=999 width=121)
	  Sort Key: c
	  ->  Bitmap Heap Scan on sbtest1  (cost=34.67..3870.16 rows=999 width=121)
	        Recheck Cond: ((id >= 1081372) AND (id <= 1082371))
	        ->  Bitmap Index Scan on sbtest1_pkey  (cost=0.00..34.43 rows=999 width=0)
	              Index Cond: ((id >= 1081372) AND (id <= 1082371))

table 2 : explain SELECT c FROM sbtest2 WHERE id BETWEEN 7284376 AND 7285375 ORDER BY c
	Sort  (cost=3583.22..3585.50 rows=912 width=121)
	  Sort Key: c
	  ->  Bitmap Heap Scan on sbtest2  (cost=29.78..3538.38 rows=912 width=121)
	        Recheck Cond: ((id >= 7284376) AND (id <= 7285375))
	        ->  Bitmap Index Scan on sbtest2_pkey  (cost=0.00..29.55 rows=912 width=0)
	              Index Cond: ((id >= 7284376) AND (id <= 7285375))

table 3 : explain SELECT c FROM sbtest3 WHERE id BETWEEN 3863519 AND 3864518 ORDER BY c
	Sort  (cost=4146.42..4149.06 rows=1058 width=121)
	  Sort Key: c
	  ->  Bitmap Heap Scan on sbtest3  (cost=35.28..4093.27 rows=1058 width=121)
	        Recheck Cond: ((id >= 3863519) AND (id <= 3864518))
	        ->  Bitmap Index Scan on sbtest3_pkey  (cost=0.00..35.02 rows=1058 width=0)
	              Index Cond: ((id >= 3863519) AND (id <= 3864518))

table 4 : explain SELECT c FROM sbtest4 WHERE id BETWEEN 1145588 AND 1146587 ORDER BY c
	Sort  (cost=4440.82..4443.65 rows=1132 width=121)
	  Sort Key: c
	  ->  Bitmap Heap Scan on sbtest4  (cost=40.04..4383.40 rows=1132 width=121)
	        Recheck Cond: ((id >= 1145588) AND (id <= 1146587))
	        ->  Bitmap Index Scan on sbtest4_pkey  (cost=0.00..39.76 rows=1132 width=0)
	              Index Cond: ((id >= 1145588) AND (id <= 1146587))

table 5 : explain SELECT c FROM sbtest5 WHERE id BETWEEN 738432 AND 739431 ORDER BY c
	Sort  (cost=3624.10..3626.40 rows=921 width=121)
	  Sort Key: c
	  ->  Bitmap Heap Scan on sbtest5  (cost=29.88..3578.75 rows=921 width=121)
	        Recheck Cond: ((id >= 738432) AND (id <= 739431))
	        ->  Bitmap Index Scan on sbtest5_pkey  (cost=0.00..29.64 rows=921 width=0)
	              Index Cond: ((id >= 738432) AND (id <= 739431))

table 6 : explain SELECT c FROM sbtest6 WHERE id BETWEEN 9236523 AND 9237522 ORDER BY c
	Sort  (cost=3756.86..3759.25 rows=956 width=121)
	  Sort Key: c
	  ->  Bitmap Heap Scan on sbtest6  (cost=34.23..3709.54 rows=956 width=121)
	        Recheck Cond: ((id >= 9236523) AND (id <= 9237522))
	        ->  Bitmap Index Scan on sbtest6_pkey  (cost=0.00..34.00 rows=956 width=0)
	              Index Cond: ((id >= 9236523) AND (id <= 9237522))

table 7 : explain SELECT c FROM sbtest7 WHERE id BETWEEN 3147505 AND 3148504 ORDER BY c
	Sort  (cost=3785.70..3788.11 rows=964 width=121)
	  Sort Key: c
	  ->  Bitmap Heap Scan on sbtest7  (cost=34.32..3737.92 rows=964 width=121)
	        Recheck Cond: ((id >= 3147505) AND (id <= 3148504))
	        ->  Bitmap Index Scan on sbtest7_pkey  (cost=0.00..34.08 rows=964 width=0)
	              Index Cond: ((id >= 3147505) AND (id <= 3148504))

table 8 : explain SELECT c FROM sbtest8 WHERE id BETWEEN 3782380 AND 3783379 ORDER BY c
	Sort  (cost=3782.60..3785.00 rows=963 width=121)
	  Sort Key: c
	  ->  Bitmap Heap Scan on sbtest8  (cost=34.31..3734.87 rows=963 width=121)
	        Recheck Cond: ((id >= 3782380) AND (id <= 3783379))
	        ->  Bitmap Index Scan on sbtest8_pkey  (cost=0.00..34.07 rows=963 width=0)
	              Index Cond: ((id >= 3782380) AND (id <= 3783379))

for: order_ranges
table 1 : explain SELECT c FROM sbtest1 WHERE id BETWEEN 5854862 AND 5855861 ORDER BY c
	Sort  (cost=4217.88..4220.57 rows=1077 width=121)
	  Sort Key: c
	  ->  Bitmap Heap Scan on sbtest1  (cost=35.47..4163.64 rows=1077 width=121)
	        Recheck Cond: ((id >= 5854862) AND (id <= 5855861))
	        ->  Bitmap Index Scan on sbtest1_pkey  (cost=0.00..35.20 rows=1077 width=0)
	              Index Cond: ((id >= 5854862) AND (id <= 5855861))

table 2 : explain SELECT c FROM sbtest2 WHERE id BETWEEN 4795848 AND 4796847 ORDER BY c
	Sort  (cost=3866.92..3869.38 rows=985 width=121)
	  Sort Key: c
	  ->  Bitmap Heap Scan on sbtest2  (cost=34.53..3817.95 rows=985 width=121)
	        Recheck Cond: ((id >= 4795848) AND (id <= 4796847))
	        ->  Bitmap Index Scan on sbtest2_pkey  (cost=0.00..34.29 rows=985 width=0)
	              Index Cond: ((id >= 4795848) AND (id <= 4796847))

table 3 : explain SELECT c FROM sbtest3 WHERE id BETWEEN 9122402 AND 9123401 ORDER BY c
	Sort  (cost=3491.45..3493.67 rows=888 width=121)
	  Sort Key: c
	  ->  Bitmap Heap Scan on sbtest3  (cost=29.54..3447.97 rows=888 width=121)
	        Recheck Cond: ((id >= 9122402) AND (id <= 9123401))
	        ->  Bitmap Index Scan on sbtest3_pkey  (cost=0.00..29.32 rows=888 width=0)
	              Index Cond: ((id >= 9122402) AND (id <= 9123401))

table 4 : explain SELECT c FROM sbtest4 WHERE id BETWEEN 1354225 AND 1355224 ORDER BY c
	Sort  (cost=3589.44..3591.72 rows=912 width=121)
	  Sort Key: c
	  ->  Bitmap Heap Scan on sbtest4  (cost=29.78..3544.60 rows=912 width=121)
	        Recheck Cond: ((id >= 1354225) AND (id <= 1355224))
	        ->  Bitmap Index Scan on sbtest4_pkey  (cost=0.00..29.55 rows=912 width=0)
	              Index Cond: ((id >= 1354225) AND (id <= 1355224))

table 5 : explain SELECT c FROM sbtest5 WHERE id BETWEEN 2920023 AND 2921022 ORDER BY c
	Sort  (cost=3889.31..3891.78 rows=989 width=121)
	  Sort Key: c
	  ->  Bitmap Heap Scan on sbtest5  (cost=34.57..3840.11 rows=989 width=121)
	        Recheck Cond: ((id >= 2920023) AND (id <= 2921022))
	        ->  Bitmap Index Scan on sbtest5_pkey  (cost=0.00..34.33 rows=989 width=0)
	              Index Cond: ((id >= 2920023) AND (id <= 2921022))

table 6 : explain SELECT c FROM sbtest6 WHERE id BETWEEN 1849162 AND 1850161 ORDER BY c
	Sort  (cost=4108.91..4111.53 rows=1048 width=121)
	  Sort Key: c
	  ->  Bitmap Heap Scan on sbtest6  (cost=35.18..4056.33 rows=1048 width=121)
	        Recheck Cond: ((id >= 1849162) AND (id <= 1850161))
	        ->  Bitmap Index Scan on sbtest6_pkey  (cost=0.00..34.92 rows=1048 width=0)
	              Index Cond: ((id >= 1849162) AND (id <= 1850161))

table 7 : explain SELECT c FROM sbtest7 WHERE id BETWEEN 7988571 AND 7989570 ORDER BY c
	Sort  (cost=3421.28..3423.45 rows=870 width=121)
	  Sort Key: c
	  ->  Bitmap Heap Scan on sbtest7  (cost=29.35..3378.80 rows=870 width=121)
	        Recheck Cond: ((id >= 7988571) AND (id <= 7989570))
	        ->  Bitmap Index Scan on sbtest7_pkey  (cost=0.00..29.14 rows=870 width=0)
	              Index Cond: ((id >= 7988571) AND (id <= 7989570))

table 8 : explain SELECT c FROM sbtest8 WHERE id BETWEEN 6320325 AND 6321324 ORDER BY c
	Sort  (cost=3702.15..3704.50 rows=942 width=121)
	  Sort Key: c
	  ->  Bitmap Heap Scan on sbtest8  (cost=34.09..3655.62 rows=942 width=121)
	        Recheck Cond: ((id >= 6320325) AND (id <= 6321324))
	        ->  Bitmap Index Scan on sbtest8_pkey  (cost=0.00..33.86 rows=942 width=0)
	              Index Cond: ((id >= 6320325) AND (id <= 6321324))

for: distinct_ranges
table 1 : explain SELECT DISTINCT c FROM sbtest1 WHERE id BETWEEN 5532591 AND 5533590 ORDER BY c
	Unique  (cost=3935.23..3940.25 rows=1003 width=121)
	  ->  Sort  (cost=3935.23..3937.74 rows=1003 width=121)
	        Sort Key: c
	        ->  Bitmap Heap Scan on sbtest1  (cost=34.72..3885.23 rows=1003 width=121)
	              Recheck Cond: ((id >= 5532591) AND (id <= 5533590))
	              ->  Bitmap Index Scan on sbtest1_pkey  (cost=0.00..34.47 rows=1003 width=0)
	                    Index Cond: ((id >= 5532591) AND (id <= 5533590))

table 2 : explain SELECT DISTINCT c FROM sbtest2 WHERE id BETWEEN 6462236 AND 6463235 ORDER BY c
	Unique  (cost=4344.45..4350.01 rows=1111 width=121)
	  ->  Sort  (cost=4344.45..4347.23 rows=1111 width=121)
	        Sort Key: c
	        ->  Bitmap Heap Scan on sbtest2  (cost=35.82..4288.25 rows=1111 width=121)
	              Recheck Cond: ((id >= 6462236) AND (id <= 6463235))
	              ->  Bitmap Index Scan on sbtest2_pkey  (cost=0.00..35.55 rows=1111 width=0)
	                    Index Cond: ((id >= 6462236) AND (id <= 6463235))

table 3 : explain SELECT DISTINCT c FROM sbtest3 WHERE id BETWEEN 1679854 AND 1680853 ORDER BY c
	Unique  (cost=4180.78..4186.12 rows=1067 width=121)
	  ->  Sort  (cost=4180.78..4183.45 rows=1067 width=121)
	        Sort Key: c
	        ->  Bitmap Heap Scan on sbtest3  (cost=35.37..4127.12 rows=1067 width=121)
	              Recheck Cond: ((id >= 1679854) AND (id <= 1680853))
	              ->  Bitmap Index Scan on sbtest3_pkey  (cost=0.00..35.11 rows=1067 width=0)
	                    Index Cond: ((id >= 1679854) AND (id <= 1680853))

table 4 : explain SELECT DISTINCT c FROM sbtest4 WHERE id BETWEEN 4863907 AND 4864906 ORDER BY c
	Unique  (cost=3597.13..3601.70 rows=914 width=121)
	  ->  Sort  (cost=3597.13..3599.42 rows=914 width=121)
	        Sort Key: c
	        ->  Bitmap Heap Scan on sbtest4  (cost=29.80..3552.18 rows=914 width=121)
	              Recheck Cond: ((id >= 4863907) AND (id <= 4864906))
	              ->  Bitmap Index Scan on sbtest4_pkey  (cost=0.00..29.57 rows=914 width=0)
	                    Index Cond: ((id >= 4863907) AND (id <= 4864906))

table 5 : explain SELECT DISTINCT c FROM sbtest5 WHERE id BETWEEN 51408 AND 52407 ORDER BY c
	Unique  (cost=3693.45..3698.14 rows=938 width=121)
	  ->  Sort  (cost=3693.45..3695.80 rows=938 width=121)
	        Sort Key: c
	        ->  Bitmap Heap Scan on sbtest5  (cost=34.05..3647.15 rows=938 width=121)
	              Recheck Cond: ((id >= 51408) AND (id <= 52407))
	              ->  Bitmap Index Scan on sbtest5_pkey  (cost=0.00..33.82 rows=938 width=0)
	                    Index Cond: ((id >= 51408) AND (id <= 52407))

table 6 : explain SELECT DISTINCT c FROM sbtest6 WHERE id BETWEEN 8703833 AND 8704832 ORDER BY c
	Unique  (cost=3783.68..3788.50 rows=963 width=121)
	  ->  Sort  (cost=3783.68..3786.09 rows=963 width=121)
	        Sort Key: c
	        ->  Bitmap Heap Scan on sbtest6  (cost=34.31..3735.96 rows=963 width=121)
	              Recheck Cond: ((id >= 8703833) AND (id <= 8704832))
	              ->  Bitmap Index Scan on sbtest6_pkey  (cost=0.00..34.07 rows=963 width=0)
	                    Index Cond: ((id >= 8703833) AND (id <= 8704832))

table 7 : explain SELECT DISTINCT c FROM sbtest7 WHERE id BETWEEN 9298665 AND 9299664 ORDER BY c
	Unique  (cost=4080.12..4085.32 rows=1041 width=121)
	  ->  Sort  (cost=4080.12..4082.72 rows=1041 width=121)
	        Sort Key: c
	        ->  Bitmap Heap Scan on sbtest7  (cost=35.11..4027.94 rows=1041 width=121)
	              Recheck Cond: ((id >= 9298665) AND (id <= 9299664))
	              ->  Bitmap Index Scan on sbtest7_pkey  (cost=0.00..34.84 rows=1041 width=0)
	                    Index Cond: ((id >= 9298665) AND (id <= 9299664))

table 8 : explain SELECT DISTINCT c FROM sbtest8 WHERE id BETWEEN 3853733 AND 3854732 ORDER BY c
	Unique  (cost=3782.60..3787.41 rows=963 width=121)
	  ->  Sort  (cost=3782.60..3785.00 rows=963 width=121)
	        Sort Key: c
	        ->  Bitmap Heap Scan on sbtest8  (cost=34.31..3734.87 rows=963 width=121)
	              Recheck Cond: ((id >= 3853733) AND (id <= 3854732))
	              ->  Bitmap Index Scan on sbtest8_pkey  (cost=0.00..34.07 rows=963 width=0)
	                    Index Cond: ((id >= 3853733) AND (id <= 3854732))

for: order_ranges
table 1 : explain SELECT c FROM sbtest1 WHERE id BETWEEN 1060246 AND 1061245 ORDER BY c
	Sort  (cost=3919.94..3922.43 rows=999 width=121)
	  Sort Key: c
	  ->  Bitmap Heap Scan on sbtest1  (cost=34.67..3870.16 rows=999 width=121)
	        Recheck Cond: ((id >= 1060246) AND (id <= 1061245))
	        ->  Bitmap Index Scan on sbtest1_pkey  (cost=0.00..34.43 rows=999 width=0)
	              Index Cond: ((id >= 1060246) AND (id <= 1061245))

table 2 : explain SELECT c FROM sbtest2 WHERE id BETWEEN 5903502 AND 5904501 ORDER BY c
	Sort  (cost=4352.08..4354.86 rows=1113 width=121)
	  Sort Key: c
	  ->  Bitmap Heap Scan on sbtest2  (cost=35.84..4295.76 rows=1113 width=121)
	        Recheck Cond: ((id >= 5903502) AND (id <= 5904501))
	        ->  Bitmap Index Scan on sbtest2_pkey  (cost=0.00..35.57 rows=1113 width=0)
	              Index Cond: ((id >= 5903502) AND (id <= 5904501))

table 3 : explain SELECT c FROM sbtest3 WHERE id BETWEEN 2553743 AND 2554742 ORDER BY c
	Sort  (cost=3890.28..3892.76 rows=991 width=121)
	  Sort Key: c
	  ->  Bitmap Heap Scan on sbtest3  (cost=34.59..3840.97 rows=991 width=121)
	        Recheck Cond: ((id >= 2553743) AND (id <= 2554742))
	        ->  Bitmap Index Scan on sbtest3_pkey  (cost=0.00..34.34 rows=991 width=0)
	              Index Cond: ((id >= 2553743) AND (id <= 2554742))

table 4 : explain SELECT c FROM sbtest4 WHERE id BETWEEN 8818417 AND 8819416 ORDER BY c
	Sort  (cost=3793.29..3795.70 rows=964 width=121)
	  Sort Key: c
	  ->  Bitmap Heap Scan on sbtest4  (cost=34.32..3745.51 rows=964 width=121)
	        Recheck Cond: ((id >= 8818417) AND (id <= 8819416))
	        ->  Bitmap Index Scan on sbtest4_pkey  (cost=0.00..34.08 rows=964 width=0)
	              Index Cond: ((id >= 8818417) AND (id <= 8819416))

table 5 : explain SELECT c FROM sbtest5 WHERE id BETWEEN 7755866 AND 7756865 ORDER BY c
	Sort  (cost=4375.91..4378.69 rows=1115 width=121)
	  Sort Key: c
	  ->  Bitmap Heap Scan on sbtest5  (cost=39.86..4319.47 rows=1115 width=121)
	        Recheck Cond: ((id >= 7755866) AND (id <= 7756865))
	        ->  Bitmap Index Scan on sbtest5_pkey  (cost=0.00..39.59 rows=1115 width=0)
	              Index Cond: ((id >= 7755866) AND (id <= 7756865))

table 6 : explain SELECT c FROM sbtest6 WHERE id BETWEEN 3506639 AND 3507638 ORDER BY c
	Sort  (cost=3910.05..3912.54 rows=996 width=121)
	  Sort Key: c
	  ->  Bitmap Heap Scan on sbtest6  (cost=34.64..3860.45 rows=996 width=121)
	        Recheck Cond: ((id >= 3506639) AND (id <= 3507638))
	        ->  Bitmap Index Scan on sbtest6_pkey  (cost=0.00..34.40 rows=996 width=0)
	              Index Cond: ((id >= 3506639) AND (id <= 3507638))

table 7 : explain SELECT c FROM sbtest7 WHERE id BETWEEN 7141555 AND 7142554 ORDER BY c
	Sort  (cost=4332.18..4334.95 rows=1107 width=121)
	  Sort Key: c
	  ->  Bitmap Heap Scan on sbtest7  (cost=39.78..4276.21 rows=1107 width=121)
	        Recheck Cond: ((id >= 7141555) AND (id <= 7142554))
	        ->  Bitmap Index Scan on sbtest7_pkey  (cost=0.00..39.51 rows=1107 width=0)
	              Index Cond: ((id >= 7141555) AND (id <= 7142554))

table 8 : explain SELECT c FROM sbtest8 WHERE id BETWEEN 6120740 AND 6121739 ORDER BY c
	Sort  (cost=3878.30..3880.77 rows=988 width=121)
	  Sort Key: c
	  ->  Bitmap Heap Scan on sbtest8  (cost=34.56..3829.15 rows=988 width=121)
	        Recheck Cond: ((id >= 6120740) AND (id <= 6121739))
	        ->  Bitmap Index Scan on sbtest8_pkey  (cost=0.00..34.32 rows=988 width=0)
	              Index Cond: ((id >= 6120740) AND (id <= 6121739))

for: distinct_ranges
table 1 : explain SELECT DISTINCT c FROM sbtest1 WHERE id BETWEEN 528383 AND 529382 ORDER BY c
	Unique  (cost=3386.96..3391.27 rows=861 width=121)
	  ->  Sort  (cost=3386.96..3389.12 rows=861 width=121)
	        Sort Key: c
	        ->  Bitmap Heap Scan on sbtest1  (cost=29.26..3344.99 rows=861 width=121)
	              Recheck Cond: ((id >= 528383) AND (id <= 529382))
	              ->  Bitmap Index Scan on sbtest1_pkey  (cost=0.00..29.04 rows=861 width=0)
	                    Index Cond: ((id >= 528383) AND (id <= 529382))

table 2 : explain SELECT DISTINCT c FROM sbtest2 WHERE id BETWEEN 1697891 AND 1698890 ORDER BY c
	Unique  (cost=3805.67..3810.52 rows=969 width=121)
	  ->  Sort  (cost=3805.67..3808.10 rows=969 width=121)
	        Sort Key: c
	        ->  Bitmap Heap Scan on sbtest2  (cost=34.37..3757.61 rows=969 width=121)
	              Recheck Cond: ((id >= 1697891) AND (id <= 1698890))
	              ->  Bitmap Index Scan on sbtest2_pkey  (cost=0.00..34.12 rows=969 width=0)
	                    Index Cond: ((id >= 1697891) AND (id <= 1698890))

table 3 : explain SELECT DISTINCT c FROM sbtest3 WHERE id BETWEEN 7441576 AND 7442575 ORDER BY c
	Unique  (cost=4157.88..4163.18 rows=1061 width=121)
	  ->  Sort  (cost=4157.88..4160.53 rows=1061 width=121)
	        Sort Key: c
	        ->  Bitmap Heap Scan on sbtest3  (cost=35.31..4104.55 rows=1061 width=121)
	              Recheck Cond: ((id >= 7441576) AND (id <= 7442575))
	              ->  Bitmap Index Scan on sbtest3_pkey  (cost=0.00..35.05 rows=1061 width=0)
	                    Index Cond: ((id >= 7441576) AND (id <= 7442575))

table 4 : explain SELECT DISTINCT c FROM sbtest4 WHERE id BETWEEN 8805730 AND 8806729 ORDER BY c
	Unique  (cost=4000.49..4005.58 rows=1018 width=121)
	  ->  Sort  (cost=4000.49..4003.04 rows=1018 width=121)
	        Sort Key: c
	        ->  Bitmap Heap Scan on sbtest4  (cost=34.87..3949.64 rows=1018 width=121)
	              Recheck Cond: ((id >= 8805730) AND (id <= 8806729))
	              ->  Bitmap Index Scan on sbtest4_pkey  (cost=0.00..34.62 rows=1018 width=0)
	                    Index Cond: ((id >= 8805730) AND (id <= 8806729))

table 5 : explain SELECT DISTINCT c FROM sbtest5 WHERE id BETWEEN 2644679 AND 2645678 ORDER BY c
	Unique  (cost=3689.61..3694.30 rows=937 width=121)
	  ->  Sort  (cost=3689.61..3691.95 rows=937 width=121)
	        Sort Key: c
	        ->  Bitmap Heap Scan on sbtest5  (cost=34.04..3643.36 rows=937 width=121)
	              Recheck Cond: ((id >= 2644679) AND (id <= 2645678))
	              ->  Bitmap Index Scan on sbtest5_pkey  (cost=0.00..33.81 rows=937 width=0)
	                    Index Cond: ((id >= 2644679) AND (id <= 2645678))

table 6 : explain SELECT DISTINCT c FROM sbtest6 WHERE id BETWEEN 2995248 AND 2996247 ORDER BY c
	Unique  (cost=3783.68..3788.50 rows=963 width=121)
	  ->  Sort  (cost=3783.68..3786.09 rows=963 width=121)
	        Sort Key: c
	        ->  Bitmap Heap Scan on sbtest6  (cost=34.31..3735.96 rows=963 width=121)
	              Recheck Cond: ((id >= 2995248) AND (id <= 2996247))
	              ->  Bitmap Index Scan on sbtest6_pkey  (cost=0.00..34.07 rows=963 width=0)
	                    Index Cond: ((id >= 2995248) AND (id <= 2996247))

table 7 : explain SELECT DISTINCT c FROM sbtest7 WHERE id BETWEEN 4039940 AND 4040939 ORDER BY c
	Unique  (cost=3980.78..3985.86 rows=1015 width=121)
	  ->  Sort  (cost=3980.78..3983.32 rows=1015 width=121)
	        Sort Key: c
	        ->  Bitmap Heap Scan on sbtest7  (cost=34.84..3930.10 rows=1015 width=121)
	              Recheck Cond: ((id >= 4039940) AND (id <= 4040939))
	              ->  Bitmap Index Scan on sbtest7_pkey  (cost=0.00..34.59 rows=1015 width=0)
	                    Index Cond: ((id >= 4039940) AND (id <= 4040939))

table 8 : explain SELECT DISTINCT c FROM sbtest8 WHERE id BETWEEN 4447968 AND 4448967 ORDER BY c
	Unique  (cost=3725.14..3729.88 rows=948 width=121)
	  ->  Sort  (cost=3725.14..3727.51 rows=948 width=121)
	        Sort Key: c
	        ->  Bitmap Heap Scan on sbtest8  (cost=34.15..3678.27 rows=948 width=121)
	              Recheck Cond: ((id >= 4447968) AND (id <= 4448967))
	              ->  Bitmap Index Scan on sbtest8_pkey  (cost=0.00..33.92 rows=948 width=0)
	                    Index Cond: ((id >= 4447968) AND (id <= 4448967))

for: order_ranges
table 1 : explain SELECT c FROM sbtest1 WHERE id BETWEEN 6125872 AND 6126871 ORDER BY c
	Sort  (cost=3517.51..3519.75 rows=895 width=121)
	  Sort Key: c
	  ->  Bitmap Heap Scan on sbtest1  (cost=29.61..3473.63 rows=895 width=121)
	        Recheck Cond: ((id >= 6125872) AND (id <= 6126871))
	        ->  Bitmap Index Scan on sbtest1_pkey  (cost=0.00..29.39 rows=895 width=0)
	              Index Cond: ((id >= 6125872) AND (id <= 6126871))

table 2 : explain SELECT c FROM sbtest2 WHERE id BETWEEN 4106203 AND 4107202 ORDER BY c
	Sort  (cost=4226.13..4228.83 rows=1079 width=121)
	  Sort Key: c
	  ->  Bitmap Heap Scan on sbtest2  (cost=35.49..4171.78 rows=1079 width=121)
	        Recheck Cond: ((id >= 4106203) AND (id <= 4107202))
	        ->  Bitmap Index Scan on sbtest2_pkey  (cost=0.00..35.23 rows=1079 width=0)
	              Index Cond: ((id >= 4106203) AND (id <= 4107202))

table 3 : explain SELECT c FROM sbtest3 WHERE id BETWEEN 3311558 AND 3312557 ORDER BY c
	Sort  (cost=3664.28..3666.61 rows=932 width=121)
	  Sort Key: c
	  ->  Bitmap Heap Scan on sbtest3  (cost=33.99..3618.31 rows=932 width=121)
	        Recheck Cond: ((id >= 3311558) AND (id <= 3312557))
	        ->  Bitmap Index Scan on sbtest3_pkey  (cost=0.00..33.76 rows=932 width=0)
	              Index Cond: ((id >= 3311558) AND (id <= 3312557))

table 4 : explain SELECT c FROM sbtest4 WHERE id BETWEEN 855199 AND 856198 ORDER BY c
	Sort  (cost=3643.44..3645.75 rows=925 width=121)
	  Sort Key: c
	  ->  Bitmap Heap Scan on sbtest4  (cost=33.92..3597.86 rows=925 width=121)
	        Recheck Cond: ((id >= 855199) AND (id <= 856198))
	        ->  Bitmap Index Scan on sbtest4_pkey  (cost=0.00..33.69 rows=925 width=0)
	              Index Cond: ((id >= 855199) AND (id <= 856198))

table 5 : explain SELECT c FROM sbtest5 WHERE id BETWEEN 9577555 AND 9578554 ORDER BY c
	Sort  (cost=4023.55..4026.11 rows=1024 width=121)
	  Sort Key: c
	  ->  Bitmap Heap Scan on sbtest5  (cost=34.93..3972.35 rows=1024 width=121)
	        Recheck Cond: ((id >= 9577555) AND (id <= 9578554))
	        ->  Bitmap Index Scan on sbtest5_pkey  (cost=0.00..34.68 rows=1024 width=0)
	              Index Cond: ((id >= 9577555) AND (id <= 9578554))

table 6 : explain SELECT c FROM sbtest6 WHERE id BETWEEN 4992507 AND 4993506 ORDER BY c
	Sort  (cost=3661.02..3663.35 rows=931 width=121)
	  Sort Key: c
	  ->  Bitmap Heap Scan on sbtest6  (cost=33.98..3615.11 rows=931 width=121)
	        Recheck Cond: ((id >= 4992507) AND (id <= 4993506))
	        ->  Bitmap Index Scan on sbtest6_pkey  (cost=0.00..33.75 rows=931 width=0)
	              Index Cond: ((id >= 4992507) AND (id <= 4993506))

table 7 : explain SELECT c FROM sbtest7 WHERE id BETWEEN 1575602 AND 1576601 ORDER BY c
	Sort  (cost=4129.75..4132.39 rows=1054 width=121)
	  Sort Key: c
	  ->  Bitmap Heap Scan on sbtest7  (cost=35.24..4076.83 rows=1054 width=121)
	        Recheck Cond: ((id >= 1575602) AND (id <= 1576601))
	        ->  Bitmap Index Scan on sbtest7_pkey  (cost=0.00..34.98 rows=1054 width=0)
	              Index Cond: ((id >= 1575602) AND (id <= 1576601))

table 8 : explain SELECT c FROM sbtest8 WHERE id BETWEEN 8825126 AND 8826125 ORDER BY c
	Sort  (cost=3728.97..3731.34 rows=949 width=121)
	  Sort Key: c
	  ->  Bitmap Heap Scan on sbtest8  (cost=34.16..3682.04 rows=949 width=121)
	        Recheck Cond: ((id >= 8825126) AND (id <= 8826125))
	        ->  Bitmap Index Scan on sbtest8_pkey  (cost=0.00..33.93 rows=949 width=0)
	              Index Cond: ((id >= 8825126) AND (id <= 8826125))

for: distinct_ranges
table 1 : explain SELECT DISTINCT c FROM sbtest1 WHERE id BETWEEN 6950337 AND 6951336 ORDER BY c
	Unique  (cost=3812.80..3817.66 rows=971 width=121)
	  ->  Sort  (cost=3812.80..3815.23 rows=971 width=121)
	        Sort Key: c
	        ->  Bitmap Heap Scan on sbtest1  (cost=34.39..3764.62 rows=971 width=121)
	              Recheck Cond: ((id >= 6950337) AND (id <= 6951336))
	              ->  Bitmap Index Scan on sbtest1_pkey  (cost=0.00..34.15 rows=971 width=0)
	                    Index Cond: ((id >= 6950337) AND (id <= 6951336))

table 2 : explain SELECT DISTINCT c FROM sbtest2 WHERE id BETWEEN 6631527 AND 6632526 ORDER BY c
	Unique  (cost=3786.53..3791.35 rows=964 width=121)
	  ->  Sort  (cost=3786.53..3788.94 rows=964 width=121)
	        Sort Key: c
	        ->  Bitmap Heap Scan on sbtest2  (cost=34.32..3738.75 rows=964 width=121)
	              Recheck Cond: ((id >= 6631527) AND (id <= 6632526))
	              ->  Bitmap Index Scan on sbtest2_pkey  (cost=0.00..34.08 rows=964 width=0)
	                    Index Cond: ((id >= 6631527) AND (id <= 6632526))

table 3 : explain SELECT DISTINCT c FROM sbtest3 WHERE id BETWEEN 9036079 AND 9037078 ORDER BY c
	Unique  (cost=3844.35..3849.25 rows=979 width=121)
	  ->  Sort  (cost=3844.35..3846.80 rows=979 width=121)
	        Sort Key: c
	        ->  Bitmap Heap Scan on sbtest3  (cost=34.47..3795.72 rows=979 width=121)
	              Recheck Cond: ((id >= 9036079) AND (id <= 9037078))
	              ->  Bitmap Index Scan on sbtest3_pkey  (cost=0.00..34.23 rows=979 width=0)
	                    Index Cond: ((id >= 9036079) AND (id <= 9037078))

table 4 : explain SELECT DISTINCT c FROM sbtest4 WHERE id BETWEEN 4947248 AND 4948247 ORDER BY c
	Unique  (cost=4161.41..4166.71 rows=1060 width=121)
	  ->  Sort  (cost=4161.41..4164.06 rows=1060 width=121)
	        Sort Key: c
	        ->  Bitmap Heap Scan on sbtest4  (cost=35.30..4108.15 rows=1060 width=121)
	              Recheck Cond: ((id >= 4947248) AND (id <= 4948247))
	              ->  Bitmap Index Scan on sbtest4_pkey  (cost=0.00..35.04 rows=1060 width=0)
	                    Index Cond: ((id >= 4947248) AND (id <= 4948247))

table 5 : explain SELECT DISTINCT c FROM sbtest5 WHERE id BETWEEN 7280692 AND 7281691 ORDER BY c
	Unique  (cost=4268.64..4274.08 rows=1088 width=121)
	  ->  Sort  (cost=4268.64..4271.36 rows=1088 width=121)
	        Sort Key: c
	        ->  Bitmap Heap Scan on sbtest5  (cost=35.59..4213.77 rows=1088 width=121)
	              Recheck Cond: ((id >= 7280692) AND (id <= 7281691))
	              ->  Bitmap Index Scan on sbtest5_pkey  (cost=0.00..35.32 rows=1088 width=0)
	                    Index Cond: ((id >= 7280692) AND (id <= 7281691))

table 6 : explain SELECT DISTINCT c FROM sbtest6 WHERE id BETWEEN 5070226 AND 5071225 ORDER BY c
	Unique  (cost=3661.02..3665.67 rows=931 width=121)
	  ->  Sort  (cost=3661.02..3663.35 rows=931 width=121)
	        Sort Key: c
	        ->  Bitmap Heap Scan on sbtest6  (cost=33.98..3615.11 rows=931 width=121)
	              Recheck Cond: ((id >= 5070226) AND (id <= 5071225))
	              ->  Bitmap Index Scan on sbtest6_pkey  (cost=0.00..33.75 rows=931 width=0)
	                    Index Cond: ((id >= 5070226) AND (id <= 5071225))

table 7 : explain SELECT DISTINCT c FROM sbtest7 WHERE id BETWEEN 9053158 AND 9054157 ORDER BY c
	Unique  (cost=4145.02..4150.31 rows=1058 width=121)
	  ->  Sort  (cost=4145.02..4147.67 rows=1058 width=121)
	        Sort Key: c
	        ->  Bitmap Heap Scan on sbtest7  (cost=35.28..4091.87 rows=1058 width=121)
	              Recheck Cond: ((id >= 9053158) AND (id <= 9054157))
	              ->  Bitmap Index Scan on sbtest7_pkey  (cost=0.00..35.02 rows=1058 width=0)
	                    Index Cond: ((id >= 9053158) AND (id <= 9054157))

table 8 : explain SELECT DISTINCT c FROM sbtest8 WHERE id BETWEEN 4244275 AND 4245274 ORDER BY c
	Unique  (cost=3721.31..3726.04 rows=947 width=121)
	  ->  Sort  (cost=3721.31..3723.67 rows=947 width=121)
	        Sort Key: c
	        ->  Bitmap Heap Scan on sbtest8  (cost=34.14..3674.49 rows=947 width=121)
	              Recheck Cond: ((id >= 4244275) AND (id <= 4245274))
	              ->  Bitmap Index Scan on sbtest8_pkey  (cost=0.00..33.91 rows=947 width=0)
	                    Index Cond: ((id >= 4244275) AND (id <= 4245274))

for: distinct_ranges
table 1 : explain SELECT DISTINCT c FROM sbtest1 WHERE id BETWEEN 8792439 AND 8793438 ORDER BY c
	Unique  (cost=3839.59..3844.48 rows=978 width=121)
	  ->  Sort  (cost=3839.59..3842.04 rows=978 width=121)
	        Sort Key: c
	        ->  Bitmap Heap Scan on sbtest1  (cost=34.46..3791.02 rows=978 width=121)
	              Recheck Cond: ((id >= 8792439) AND (id <= 8793438))
	              ->  Bitmap Index Scan on sbtest1_pkey  (cost=0.00..34.22 rows=978 width=0)
	                    Index Cond: ((id >= 8792439) AND (id <= 8793438))

table 2 : explain SELECT DISTINCT c FROM sbtest2 WHERE id BETWEEN 2406704 AND 2407703 ORDER BY c
	Unique  (cost=4054.30..4059.47 rows=1034 width=121)
	  ->  Sort  (cost=4054.30..4056.89 rows=1034 width=121)
	        Sort Key: c
	        ->  Bitmap Heap Scan on sbtest2  (cost=35.03..4002.53 rows=1034 width=121)
	              Recheck Cond: ((id >= 2406704) AND (id <= 2407703))
	              ->  Bitmap Index Scan on sbtest2_pkey  (cost=0.00..34.78 rows=1034 width=0)
	                    Index Cond: ((id >= 2406704) AND (id <= 2407703))

table 3 : explain SELECT DISTINCT c FROM sbtest3 WHERE id BETWEEN 3014208 AND 3015207 ORDER BY c
	Unique  (cost=4253.30..4258.73 rows=1086 width=121)
	  ->  Sort  (cost=4253.30..4256.02 rows=1086 width=121)
	        Sort Key: c
	        ->  Bitmap Heap Scan on sbtest3  (cost=35.57..4198.54 rows=1086 width=121)
	              Recheck Cond: ((id >= 3014208) AND (id <= 3015207))
	              ->  Bitmap Index Scan on sbtest3_pkey  (cost=0.00..35.30 rows=1086 width=0)
	                    Index Cond: ((id >= 3014208) AND (id <= 3015207))

table 4 : explain SELECT DISTINCT c FROM sbtest4 WHERE id BETWEEN 3448673 AND 3449672 ORDER BY c
	Unique  (cost=4249.45..4254.87 rows=1083 width=121)
	  ->  Sort  (cost=4249.45..4252.16 rows=1083 width=121)
	        Sort Key: c
	        ->  Bitmap Heap Scan on sbtest4  (cost=35.54..4194.87 rows=1083 width=121)
	              Recheck Cond: ((id >= 3448673) AND (id <= 3449672))
	              ->  Bitmap Index Scan on sbtest4_pkey  (cost=0.00..35.27 rows=1083 width=0)
	                    Index Cond: ((id >= 3448673) AND (id <= 3449672))

table 5 : explain SELECT DISTINCT c FROM sbtest5 WHERE id BETWEEN 9631091 AND 9632090 ORDER BY c
	Unique  (cost=3808.70..3813.54 rows=968 width=121)
	  ->  Sort  (cost=3808.70..3811.12 rows=968 width=121)
	        Sort Key: c
	        ->  Bitmap Heap Scan on sbtest5  (cost=34.36..3760.69 rows=968 width=121)
	              Recheck Cond: ((id >= 9631091) AND (id <= 9632090))
	              ->  Bitmap Index Scan on sbtest5_pkey  (cost=0.00..34.12 rows=968 width=0)
	                    Index Cond: ((id >= 9631091) AND (id <= 9632090))

table 6 : explain SELECT DISTINCT c FROM sbtest6 WHERE id BETWEEN 8958269 AND 8959268 ORDER BY c
	Unique  (cost=3791.35..3796.17 rows=965 width=121)
	  ->  Sort  (cost=3791.35..3793.76 rows=965 width=121)
	        Sort Key: c
	        ->  Bitmap Heap Scan on sbtest6  (cost=34.33..3743.51 rows=965 width=121)
	              Recheck Cond: ((id >= 8958269) AND (id <= 8959268))
	              ->  Bitmap Index Scan on sbtest6_pkey  (cost=0.00..34.09 rows=965 width=0)
	                    Index Cond: ((id >= 8958269) AND (id <= 8959268))

table 7 : explain SELECT DISTINCT c FROM sbtest7 WHERE id BETWEEN 1074738 AND 1075737 ORDER BY c
	Unique  (cost=3355.97..3360.24 rows=853 width=121)
	  ->  Sort  (cost=3355.97..3358.10 rows=853 width=121)
	        Sort Key: c
	        ->  Bitmap Heap Scan on sbtest7  (cost=29.18..3314.45 rows=853 width=121)
	              Recheck Cond: ((id >= 1074738) AND (id <= 1075737))
	              ->  Bitmap Index Scan on sbtest7_pkey  (cost=0.00..28.96 rows=853 width=0)
	                    Index Cond: ((id >= 1074738) AND (id <= 1075737))

table 8 : explain SELECT DISTINCT c FROM sbtest8 WHERE id BETWEEN 8639721 AND 8640720 ORDER BY c
	Unique  (cost=3985.39..3990.47 rows=1016 width=121)
	  ->  Sort  (cost=3985.39..3987.93 rows=1016 width=121)
	        Sort Key: c
	        ->  Bitmap Heap Scan on sbtest8  (cost=34.85..3934.65 rows=1016 width=121)
	              Recheck Cond: ((id >= 8639721) AND (id <= 8640720))
	              ->  Bitmap Index Scan on sbtest8_pkey  (cost=0.00..34.59 rows=1016 width=0)
	                    Index Cond: ((id >= 8639721) AND (id <= 8640720))

for: distinct_ranges
table 1 : explain SELECT DISTINCT c FROM sbtest1 WHERE id BETWEEN 4435635 AND 4436634 ORDER BY c
	Unique  (cost=3828.11..3832.99 rows=975 width=121)
	  ->  Sort  (cost=3828.11..3830.55 rows=975 width=121)
	        Sort Key: c
	        ->  Bitmap Heap Scan on sbtest1  (cost=34.43..3779.71 rows=975 width=121)
	              Recheck Cond: ((id >= 4435635) AND (id <= 4436634))
	              ->  Bitmap Index Scan on sbtest1_pkey  (cost=0.00..34.19 rows=975 width=0)
	                    Index Cond: ((id >= 4435635) AND (id <= 4436634))

table 2 : explain SELECT DISTINCT c FROM sbtest2 WHERE id BETWEEN 8614812 AND 8615811 ORDER BY c
	Unique  (cost=4061.94..4067.12 rows=1036 width=121)
	  ->  Sort  (cost=4061.94..4064.53 rows=1036 width=121)
	        Sort Key: c
	        ->  Bitmap Heap Scan on sbtest2  (cost=35.05..4010.06 rows=1036 width=121)
	              Recheck Cond: ((id >= 8614812) AND (id <= 8615811))
	              ->  Bitmap Index Scan on sbtest2_pkey  (cost=0.00..34.80 rows=1036 width=0)
	                    Index Cond: ((id >= 8614812) AND (id <= 8615811))

table 3 : explain SELECT DISTINCT c FROM sbtest3 WHERE id BETWEEN 1374060 AND 1375059 ORDER BY c
	Unique  (cost=4192.24..4197.59 rows=1070 width=121)
	  ->  Sort  (cost=4192.24..4194.91 rows=1070 width=121)
	        Sort Key: c
	        ->  Bitmap Heap Scan on sbtest3  (cost=35.40..4138.40 rows=1070 width=121)
	              Recheck Cond: ((id >= 1374060) AND (id <= 1375059))
	              ->  Bitmap Index Scan on sbtest3_pkey  (cost=0.00..35.14 rows=1070 width=0)
	                    Index Cond: ((id >= 1374060) AND (id <= 1375059))

table 4 : explain SELECT DISTINCT c FROM sbtest4 WHERE id BETWEEN 5874119 AND 5875118 ORDER BY c
	Unique  (cost=3927.63..3932.62 rows=999 width=121)
	  ->  Sort  (cost=3927.63..3930.12 rows=999 width=121)
	        Sort Key: c
	        ->  Bitmap Heap Scan on sbtest4  (cost=34.67..3877.86 rows=999 width=121)
	              Recheck Cond: ((id >= 5874119) AND (id <= 5875118))
	              ->  Bitmap Index Scan on sbtest4_pkey  (cost=0.00..34.43 rows=999 width=0)
	                    Index Cond: ((id >= 5874119) AND (id <= 5875118))

table 5 : explain SELECT DISTINCT c FROM sbtest5 WHERE id BETWEEN 1568071 AND 1569070 ORDER BY c
	Unique  (cost=4015.88..4020.99 rows=1022 width=121)
	  ->  Sort  (cost=4015.88..4018.43 rows=1022 width=121)
	        Sort Key: c
	        ->  Bitmap Heap Scan on sbtest5  (cost=34.91..3964.79 rows=1022 width=121)
	              Recheck Cond: ((id >= 1568071) AND (id <= 1569070))
	              ->  Bitmap Index Scan on sbtest5_pkey  (cost=0.00..34.66 rows=1022 width=0)
	                    Index Cond: ((id >= 1568071) AND (id <= 1569070))

table 6 : explain SELECT DISTINCT c FROM sbtest6 WHERE id BETWEEN 8442909 AND 8443908 ORDER BY c
	Unique  (cost=3672.52..3677.19 rows=934 width=121)
	  ->  Sort  (cost=3672.52..3674.86 rows=934 width=121)
	        Sort Key: c
	        ->  Bitmap Heap Scan on sbtest6  (cost=34.01..3626.44 rows=934 width=121)
	              Recheck Cond: ((id >= 8442909) AND (id <= 8443908))
	              ->  Bitmap Index Scan on sbtest6_pkey  (cost=0.00..33.78 rows=934 width=0)
	                    Index Cond: ((id >= 8442909) AND (id <= 8443908))

table 7 : explain SELECT DISTINCT c FROM sbtest7 WHERE id BETWEEN 9134475 AND 9135474 ORDER BY c
	Unique  (cost=4267.10..4272.55 rows=1090 width=121)
	  ->  Sort  (cost=4267.10..4269.83 rows=1090 width=121)
	        Sort Key: c
	        ->  Bitmap Heap Scan on sbtest7  (cost=35.61..4212.11 rows=1090 width=121)
	              Recheck Cond: ((id >= 9134475) AND (id <= 9135474))
	              ->  Bitmap Index Scan on sbtest7_pkey  (cost=0.00..35.34 rows=1090 width=0)
	                    Index Cond: ((id >= 9134475) AND (id <= 9135474))

table 8 : explain SELECT DISTINCT c FROM sbtest8 WHERE id BETWEEN 8397896 AND 8398895 ORDER BY c
	Unique  (cost=3954.81..3959.85 rows=1008 width=121)
	  ->  Sort  (cost=3954.81..3957.33 rows=1008 width=121)
	        Sort Key: c
	        ->  Bitmap Heap Scan on sbtest8  (cost=34.77..3904.52 rows=1008 width=121)
	              Recheck Cond: ((id >= 8397896) AND (id <= 8398895))
	              ->  Bitmap Index Scan on sbtest8_pkey  (cost=0.00..34.52 rows=1008 width=0)
	                    Index Cond: ((id >= 8397896) AND (id <= 8398895))

for point_selects
table 1 : explain SELECT c FROM sbtest1 WHERE id=909131
	Index Scan using sbtest1_pkey on sbtest1  (cost=0.43..8.45 rows=1 width=121)
	  Index Cond: (id = 909131)

table 2 : explain SELECT c FROM sbtest2 WHERE id=8639841
	Index Scan using sbtest2_pkey on sbtest2  (cost=0.43..8.45 rows=1 width=121)
	  Index Cond: (id = 8639841)

table 3 : explain SELECT c FROM sbtest3 WHERE id=3376545
	Index Scan using sbtest3_pkey on sbtest3  (cost=0.43..8.45 rows=1 width=121)
	  Index Cond: (id = 3376545)

table 4 : explain SELECT c FROM sbtest4 WHERE id=7744
	Index Scan using sbtest4_pkey on sbtest4  (cost=0.43..8.45 rows=1 width=121)
	  Index Cond: (id = 7744)

table 5 : explain SELECT c FROM sbtest5 WHERE id=3682099
	Index Scan using sbtest5_pkey on sbtest5  (cost=0.43..8.45 rows=1 width=121)
	  Index Cond: (id = 3682099)

table 6 : explain SELECT c FROM sbtest6 WHERE id=2686862
	Index Scan using sbtest6_pkey on sbtest6  (cost=0.43..8.45 rows=1 width=121)
	  Index Cond: (id = 2686862)

table 7 : explain SELECT c FROM sbtest7 WHERE id=9966291
	Index Scan using sbtest7_pkey on sbtest7  (cost=0.43..8.45 rows=1 width=121)
	  Index Cond: (id = 9966291)

table 8 : explain SELECT c FROM sbtest8 WHERE id=5146468
	Index Scan using sbtest8_pkey on sbtest8  (cost=0.43..8.45 rows=1 width=121)
	  Index Cond: (id = 5146468)

for: distinct_ranges
table 1 : explain SELECT DISTINCT c FROM sbtest1 WHERE id BETWEEN 6681270 AND 6682269 ORDER BY c
	Unique  (cost=3977.29..3982.36 rows=1014 width=121)
	  ->  Sort  (cost=3977.29..3979.82 rows=1014 width=121)
	        Sort Key: c
	        ->  Bitmap Heap Scan on sbtest1  (cost=34.83..3926.66 rows=1014 width=121)
	              Recheck Cond: ((id >= 6681270) AND (id <= 6682269))
	              ->  Bitmap Index Scan on sbtest1_pkey  (cost=0.00..34.58 rows=1014 width=0)
	                    Index Cond: ((id >= 6681270) AND (id <= 6682269))

table 2 : explain SELECT DISTINCT c FROM sbtest2 WHERE id BETWEEN 7723484 AND 7724483 ORDER BY c
	Unique  (cost=3782.70..3787.51 rows=963 width=121)
	  ->  Sort  (cost=3782.70..3785.10 rows=963 width=121)
	        Sort Key: c
	        ->  Bitmap Heap Scan on sbtest2  (cost=34.31..3734.97 rows=963 width=121)
	              Recheck Cond: ((id >= 7723484) AND (id <= 7724483))
	              ->  Bitmap Index Scan on sbtest2_pkey  (cost=0.00..34.07 rows=963 width=0)
	                    Index Cond: ((id >= 7723484) AND (id <= 7724483))

table 3 : explain SELECT DISTINCT c FROM sbtest3 WHERE id BETWEEN 2890855 AND 2891854 ORDER BY c
	Unique  (cost=4108.22..4113.46 rows=1048 width=121)
	  ->  Sort  (cost=4108.22..4110.84 rows=1048 width=121)
	        Sort Key: c
	        ->  Bitmap Heap Scan on sbtest3  (cost=35.18..4055.65 rows=1048 width=121)
	              Recheck Cond: ((id >= 2890855) AND (id <= 2891854))
	              ->  Bitmap Index Scan on sbtest3_pkey  (cost=0.00..34.92 rows=1048 width=0)
	                    Index Cond: ((id >= 2890855) AND (id <= 2891854))

table 4 : explain SELECT DISTINCT c FROM sbtest4 WHERE id BETWEEN 9906311 AND 9907310 ORDER BY c
	Unique  (cost=3770.25..3775.04 rows=958 width=121)
	  ->  Sort  (cost=3770.25..3772.64 rows=958 width=121)
	        Sort Key: c
	        ->  Bitmap Heap Scan on sbtest4  (cost=34.25..3722.81 rows=958 width=121)
	              Recheck Cond: ((id >= 9906311) AND (id <= 9907310))
	              ->  Bitmap Index Scan on sbtest4_pkey  (cost=0.00..34.02 rows=958 width=0)
	                    Index Cond: ((id >= 9906311) AND (id <= 9907310))

table 5 : explain SELECT DISTINCT c FROM sbtest5 WHERE id BETWEEN 2596696 AND 2597695 ORDER BY c
	Unique  (cost=3689.61..3694.30 rows=937 width=121)
	  ->  Sort  (cost=3689.61..3691.95 rows=937 width=121)
	        Sort Key: c
	        ->  Bitmap Heap Scan on sbtest5  (cost=34.04..3643.36 rows=937 width=121)
	              Recheck Cond: ((id >= 2596696) AND (id <= 2597695))
	              ->  Bitmap Index Scan on sbtest5_pkey  (cost=0.00..33.81 rows=937 width=0)
	                    Index Cond: ((id >= 2596696) AND (id <= 2597695))

table 6 : explain SELECT DISTINCT c FROM sbtest6 WHERE id BETWEEN 5092372 AND 5093371 ORDER BY c
	Unique  (cost=3799.01..3803.84 rows=967 width=121)
	  ->  Sort  (cost=3799.01..3801.43 rows=967 width=121)
	        Sort Key: c
	        ->  Bitmap Heap Scan on sbtest6  (cost=34.35..3751.06 rows=967 width=121)
	              Recheck Cond: ((id >= 5092372) AND (id <= 5093371))
	              ->  Bitmap Index Scan on sbtest6_pkey  (cost=0.00..34.11 rows=967 width=0)
	                    Index Cond: ((id >= 5092372) AND (id <= 5093371))

table 7 : explain SELECT DISTINCT c FROM sbtest7 WHERE id BETWEEN 9105994 AND 9106993 ORDER BY c
	Unique  (cost=4145.02..4150.31 rows=1058 width=121)
	  ->  Sort  (cost=4145.02..4147.67 rows=1058 width=121)
	        Sort Key: c
	        ->  Bitmap Heap Scan on sbtest7  (cost=35.28..4091.87 rows=1058 width=121)
	              Recheck Cond: ((id >= 9105994) AND (id <= 9106993))
	              ->  Bitmap Index Scan on sbtest7_pkey  (cost=0.00..35.02 rows=1058 width=0)
	                    Index Cond: ((id >= 9105994) AND (id <= 9106993))

table 8 : explain SELECT DISTINCT c FROM sbtest8 WHERE id BETWEEN 3540608 AND 3541607 ORDER BY c
	Unique  (cost=3667.65..3672.32 rows=933 width=121)
	  ->  Sort  (cost=3667.65..3669.99 rows=933 width=121)
	        Sort Key: c
	        ->  Bitmap Heap Scan on sbtest8  (cost=34.00..3621.63 rows=933 width=121)
	              Recheck Cond: ((id >= 3540608) AND (id <= 3541607))
	              ->  Bitmap Index Scan on sbtest8_pkey  (cost=0.00..33.77 rows=933 width=0)
	                    Index Cond: ((id >= 3540608) AND (id <= 3541607))

for: distinct_ranges
table 1 : explain SELECT DISTINCT c FROM sbtest1 WHERE id BETWEEN 1811651 AND 1812650 ORDER BY c
	Unique  (cost=4011.69..4016.80 rows=1023 width=121)
	  ->  Sort  (cost=4011.69..4014.25 rows=1023 width=121)
	        Sort Key: c
	        ->  Bitmap Heap Scan on sbtest1  (cost=34.92..3960.55 rows=1023 width=121)
	              Recheck Cond: ((id >= 1811651) AND (id <= 1812650))
	              ->  Bitmap Index Scan on sbtest1_pkey  (cost=0.00..34.67 rows=1023 width=0)
	                    Index Cond: ((id >= 1811651) AND (id <= 1812650))

table 2 : explain SELECT DISTINCT c FROM sbtest2 WHERE id BETWEEN 9338193 AND 9339192 ORDER BY c
	Unique  (cost=3996.97..4002.07 rows=1019 width=121)
	  ->  Sort  (cost=3996.97..3999.52 rows=1019 width=121)
	        Sort Key: c
	        ->  Bitmap Heap Scan on sbtest2  (cost=34.88..3946.06 rows=1019 width=121)
	              Recheck Cond: ((id >= 9338193) AND (id <= 9339192))
	              ->  Bitmap Index Scan on sbtest2_pkey  (cost=0.00..34.62 rows=1019 width=0)
	                    Index Cond: ((id >= 9338193) AND (id <= 9339192))

table 3 : explain SELECT DISTINCT c FROM sbtest3 WHERE id BETWEEN 9817768 AND 9818767 ORDER BY c
	Unique  (cost=4104.40..4109.64 rows=1047 width=121)
	  ->  Sort  (cost=4104.40..4107.02 rows=1047 width=121)
	        Sort Key: c
	        ->  Bitmap Heap Scan on sbtest3  (cost=35.17..4051.89 rows=1047 width=121)
	              Recheck Cond: ((id >= 9817768) AND (id <= 9818767))
	              ->  Bitmap Index Scan on sbtest3_pkey  (cost=0.00..34.91 rows=1047 width=0)
	                    Index Cond: ((id >= 9817768) AND (id <= 9818767))

table 4 : explain SELECT DISTINCT c FROM sbtest4 WHERE id BETWEEN 6736131 AND 6737130 ORDER BY c
	Unique  (cost=3789.45..3794.27 rows=963 width=121)
	  ->  Sort  (cost=3789.45..3791.86 rows=963 width=121)
	        Sort Key: c
	        ->  Bitmap Heap Scan on sbtest4  (cost=34.31..3741.73 rows=963 width=121)
	              Recheck Cond: ((id >= 6736131) AND (id <= 6737130))
	              ->  Bitmap Index Scan on sbtest4_pkey  (cost=0.00..34.07 rows=963 width=0)
	                    Index Cond: ((id >= 6736131) AND (id <= 6737130))

table 5 : explain SELECT DISTINCT c FROM sbtest5 WHERE id BETWEEN 3991109 AND 3992108 ORDER BY c
	Unique  (cost=4111.68..4116.92 rows=1047 width=121)
	  ->  Sort  (cost=4111.68..4114.30 rows=1047 width=121)
	        Sort Key: c
	        ->  Bitmap Heap Scan on sbtest5  (cost=35.17..4059.16 rows=1047 width=121)
	              Recheck Cond: ((id >= 3991109) AND (id <= 3992108))
	              ->  Bitmap Index Scan on sbtest5_pkey  (cost=0.00..34.91 rows=1047 width=0)
	                    Index Cond: ((id >= 3991109) AND (id <= 3992108))

table 6 : explain SELECT DISTINCT c FROM sbtest6 WHERE id BETWEEN 2952440 AND 2953439 ORDER BY c
	Unique  (cost=3687.86..3692.55 rows=938 width=121)
	  ->  Sort  (cost=3687.86..3690.21 rows=938 width=121)
	        Sort Key: c
	        ->  Bitmap Heap Scan on sbtest6  (cost=34.05..3641.56 rows=938 width=121)
	              Recheck Cond: ((id >= 2952440) AND (id <= 2953439))
	              ->  Bitmap Index Scan on sbtest6_pkey  (cost=0.00..33.82 rows=938 width=0)
	                    Index Cond: ((id >= 2952440) AND (id <= 2953439))

table 7 : explain SELECT DISTINCT c FROM sbtest7 WHERE id BETWEEN 3147527 AND 3148526 ORDER BY c
	Unique  (cost=3785.70..3790.52 rows=964 width=121)
	  ->  Sort  (cost=3785.70..3788.11 rows=964 width=121)
	        Sort Key: c
	        ->  Bitmap Heap Scan on sbtest7  (cost=34.32..3737.92 rows=964 width=121)
	              Recheck Cond: ((id >= 3147527) AND (id <= 3148526))
	              ->  Bitmap Index Scan on sbtest7_pkey  (cost=0.00..34.08 rows=964 width=0)
	                    Index Cond: ((id >= 3147527) AND (id <= 3148526))

table 8 : explain SELECT DISTINCT c FROM sbtest8 WHERE id BETWEEN 5378218 AND 5379217 ORDER BY c
	Unique  (cost=4176.40..4181.73 rows=1066 width=121)
	  ->  Sort  (cost=4176.40..4179.07 rows=1066 width=121)
	        Sort Key: c
	        ->  Bitmap Heap Scan on sbtest8  (cost=35.36..4122.79 rows=1066 width=121)
	              Recheck Cond: ((id >= 5378218) AND (id <= 5379217))
	              ->  Bitmap Index Scan on sbtest8_pkey  (cost=0.00..35.09 rows=1066 width=0)
	                    Index Cond: ((id >= 5378218) AND (id <= 5379217))

for: simple_ranges
table 1 : explain SELECT c FROM sbtest1 WHERE id BETWEEN 4094467 AND 4095466
	Bitmap Heap Scan on sbtest1  (cost=34.92..3960.55 rows=1023 width=121)
	  Recheck Cond: ((id >= 4094467) AND (id <= 4095466))
	  ->  Bitmap Index Scan on sbtest1_pkey  (cost=0.00..34.67 rows=1023 width=0)
	        Index Cond: ((id >= 4094467) AND (id <= 4095466))

table 2 : explain SELECT c FROM sbtest2 WHERE id BETWEEN 9581436 AND 9582435
	Bitmap Heap Scan on sbtest2  (cost=29.67..3496.79 rows=901 width=121)
	  Recheck Cond: ((id >= 9581436) AND (id <= 9582435))
	  ->  Bitmap Index Scan on sbtest2_pkey  (cost=0.00..29.44 rows=901 width=0)
	        Index Cond: ((id >= 9581436) AND (id <= 9582435))

table 3 : explain SELECT c FROM sbtest3 WHERE id BETWEEN 9891644 AND 9892643
	Bitmap Heap Scan on sbtest3  (cost=35.17..4051.89 rows=1047 width=121)
	  Recheck Cond: ((id >= 9891644) AND (id <= 9892643))
	  ->  Bitmap Index Scan on sbtest3_pkey  (cost=0.00..34.91 rows=1047 width=0)
	        Index Cond: ((id >= 9891644) AND (id <= 9892643))

table 4 : explain SELECT c FROM sbtest4 WHERE id BETWEEN 9097152 AND 9098151
	Bitmap Heap Scan on sbtest4  (cost=35.08..4028.92 rows=1039 width=121)
	  Recheck Cond: ((id >= 9097152) AND (id <= 9098151))
	  ->  Bitmap Index Scan on sbtest4_pkey  (cost=0.00..34.83 rows=1039 width=0)
	        Index Cond: ((id >= 9097152) AND (id <= 9098151))

table 5 : explain SELECT c FROM sbtest5 WHERE id BETWEEN 7580527 AND 7581526
	Bitmap Heap Scan on sbtest5  (cost=34.59..3847.67 rows=991 width=121)
	  Recheck Cond: ((id >= 7580527) AND (id <= 7581526))
	  ->  Bitmap Index Scan on sbtest5_pkey  (cost=0.00..34.34 rows=991 width=0)
	        Index Cond: ((id >= 7580527) AND (id <= 7581526))

table 6 : explain SELECT c FROM sbtest6 WHERE id BETWEEN 9372497 AND 9373496
	Bitmap Heap Scan on sbtest6  (cost=34.51..3811.43 rows=983 width=121)
	  Recheck Cond: ((id >= 9372497) AND (id <= 9373496))
	  ->  Bitmap Index Scan on sbtest6_pkey  (cost=0.00..34.27 rows=983 width=0)
	        Index Cond: ((id >= 9372497) AND (id <= 9373496))

table 7 : explain SELECT c FROM sbtest7 WHERE id BETWEEN 4292109 AND 4293108
	Bitmap Heap Scan on sbtest7  (cost=34.97..3979.03 rows=1028 width=121)
	  Recheck Cond: ((id >= 4292109) AND (id <= 4293108))
	  ->  Bitmap Index Scan on sbtest7_pkey  (cost=0.00..34.72 rows=1028 width=0)
	        Index Cond: ((id >= 4292109) AND (id <= 4293108))

table 8 : explain SELECT c FROM sbtest8 WHERE id BETWEEN 7735652 AND 7736651
	Bitmap Heap Scan on sbtest8  (cost=40.44..4517.16 rows=1171 width=121)
	  Recheck Cond: ((id >= 7735652) AND (id <= 7736651))
	  ->  Bitmap Index Scan on sbtest8_pkey  (cost=0.00..40.15 rows=1171 width=0)
	        Index Cond: ((id >= 7735652) AND (id <= 7736651))

for: sum_ranges
table 1 : explain SELECT SUM(k) FROM sbtest1 WHERE id BETWEEN 9459815 AND 9460814
	Aggregate  (cost=3748.18..3748.19 rows=1 width=8)
	  ->  Bitmap Heap Scan on sbtest1  (cost=34.34..3745.77 rows=966 width=4)
	        Recheck Cond: ((id >= 9459815) AND (id <= 9460814))
	        ->  Bitmap Index Scan on sbtest1_pkey  (cost=0.00..34.09 rows=966 width=0)
	              Index Cond: ((id >= 9459815) AND (id <= 9460814))

table 2 : explain SELECT SUM(k) FROM sbtest2 WHERE id BETWEEN 1749717 AND 1750716
	Aggregate  (cost=3760.03..3760.04 rows=1 width=8)
	  ->  Bitmap Heap Scan on sbtest2  (cost=34.37..3757.61 rows=969 width=4)
	        Recheck Cond: ((id >= 1749717) AND (id <= 1750716))
	        ->  Bitmap Index Scan on sbtest2_pkey  (cost=0.00..34.12 rows=969 width=0)
	              Index Cond: ((id >= 1749717) AND (id <= 1750716))

table 3 : explain SELECT SUM(k) FROM sbtest3 WHERE id BETWEEN 2087864 AND 2088863
	Aggregate  (cost=3960.33..3960.34 rows=1 width=8)
	  ->  Bitmap Heap Scan on sbtest3  (cost=34.91..3957.78 rows=1022 width=4)
	        Recheck Cond: ((id >= 2087864) AND (id <= 2088863))
	        ->  Bitmap Index Scan on sbtest3_pkey  (cost=0.00..34.66 rows=1022 width=0)
	              Index Cond: ((id >= 2087864) AND (id <= 2088863))

table 4 : explain SELECT SUM(k) FROM sbtest4 WHERE id BETWEEN 4587947 AND 4588946
	Aggregate  (cost=3808.48..3808.49 rows=1 width=8)
	  ->  Bitmap Heap Scan on sbtest4  (cost=34.48..3806.03 rows=980 width=4)
	        Recheck Cond: ((id >= 4587947) AND (id <= 4588946))
	        ->  Bitmap Index Scan on sbtest4_pkey  (cost=0.00..34.23 rows=980 width=0)
	              Index Cond: ((id >= 4587947) AND (id <= 4588946))

table 5 : explain SELECT SUM(k) FROM sbtest5 WHERE id BETWEEN 1240643 AND 1241642
	Aggregate  (cost=3933.33..3933.34 rows=1 width=8)
	  ->  Bitmap Heap Scan on sbtest5  (cost=34.82..3930.80 rows=1013 width=4)
	        Recheck Cond: ((id >= 1240643) AND (id <= 1241642))
	        ->  Bitmap Index Scan on sbtest5_pkey  (cost=0.00..34.57 rows=1013 width=0)
	              Index Cond: ((id >= 1240643) AND (id <= 1241642))

table 6 : explain SELECT SUM(k) FROM sbtest6 WHERE id BETWEEN 2544527 AND 2545526
	Aggregate  (cost=3564.27..3564.28 rows=1 width=8)
	  ->  Bitmap Heap Scan on sbtest6  (cost=29.84..3561.97 rows=918 width=4)
	        Recheck Cond: ((id >= 2544527) AND (id <= 2545526))
	        ->  Bitmap Index Scan on sbtest6_pkey  (cost=0.00..29.61 rows=918 width=0)
	              Index Cond: ((id >= 2544527) AND (id <= 2545526))

table 7 : explain SELECT SUM(k) FROM sbtest7 WHERE id BETWEEN 2889654 AND 2890653
	Aggregate  (cost=4034.31..4034.32 rows=1 width=8)
	  ->  Bitmap Heap Scan on sbtest7  (cost=35.12..4031.71 rows=1042 width=4)
	        Recheck Cond: ((id >= 2889654) AND (id <= 2890653))
	        ->  Bitmap Index Scan on sbtest7_pkey  (cost=0.00..34.86 rows=1042 width=0)
	              Index Cond: ((id >= 2889654) AND (id <= 2890653))

table 8 : explain SELECT SUM(k) FROM sbtest8 WHERE id BETWEEN 6056546 AND 6057545
	Aggregate  (cost=3831.62..3831.63 rows=1 width=8)
	  ->  Bitmap Heap Scan on sbtest8  (cost=34.56..3829.15 rows=988 width=4)
	        Recheck Cond: ((id >= 6056546) AND (id <= 6057545))
	        ->  Bitmap Index Scan on sbtest8_pkey  (cost=0.00..34.32 rows=988 width=0)
	              Index Cond: ((id >= 6056546) AND (id <= 6057545))

for: order_ranges
table 1 : explain SELECT c FROM sbtest1 WHERE id BETWEEN 8346070 AND 8347069 ORDER BY c
	Sort  (cost=3889.34..3891.81 rows=991 width=121)
	  Sort Key: c
	  ->  Bitmap Heap Scan on sbtest1  (cost=34.59..3840.02 rows=991 width=121)
	        Recheck Cond: ((id >= 8346070) AND (id <= 8347069))
	        ->  Bitmap Index Scan on sbtest1_pkey  (cost=0.00..34.34 rows=991 width=0)
	              Index Cond: ((id >= 8346070) AND (id <= 8347069))

table 2 : explain SELECT c FROM sbtest2 WHERE id BETWEEN 2631437 AND 2632436 ORDER BY c
	Sort  (cost=3775.04..3777.44 rows=961 width=121)
	  Sort Key: c
	  ->  Bitmap Heap Scan on sbtest2  (cost=34.29..3727.43 rows=961 width=121)
	        Recheck Cond: ((id >= 2631437) AND (id <= 2632436))
	        ->  Bitmap Index Scan on sbtest2_pkey  (cost=0.00..34.05 rows=961 width=0)
	              Index Cond: ((id >= 2631437) AND (id <= 2632436))

table 3 : explain SELECT c FROM sbtest3 WHERE id BETWEEN 3601694 AND 3602693 ORDER BY c
	Sort  (cost=3913.24..3915.74 rows=997 width=121)
	  Sort Key: c
	  ->  Bitmap Heap Scan on sbtest3  (cost=34.65..3863.59 rows=997 width=121)
	        Recheck Cond: ((id >= 3601694) AND (id <= 3602693))
	        ->  Bitmap Index Scan on sbtest3_pkey  (cost=0.00..34.41 rows=997 width=0)
	              Index Cond: ((id >= 3601694) AND (id <= 3602693))

table 4 : explain SELECT c FROM sbtest4 WHERE id BETWEEN 1075299 AND 1076298 ORDER BY c
	Sort  (cost=3927.63..3930.12 rows=999 width=121)
	  Sort Key: c
	  ->  Bitmap Heap Scan on sbtest4  (cost=34.67..3877.86 rows=999 width=121)
	        Recheck Cond: ((id >= 1075299) AND (id <= 1076298))
	        ->  Bitmap Index Scan on sbtest4_pkey  (cost=0.00..34.43 rows=999 width=0)
	              Index Cond: ((id >= 1075299) AND (id <= 1076298))

table 5 : explain SELECT c FROM sbtest5 WHERE id BETWEEN 8921679 AND 8922678 ORDER BY c
	Sort  (cost=3639.64..3641.95 rows=924 width=121)
	  Sort Key: c
	  ->  Bitmap Heap Scan on sbtest5  (cost=33.91..3594.12 rows=924 width=121)
	        Recheck Cond: ((id >= 8921679) AND (id <= 8922678))
	        ->  Bitmap Index Scan on sbtest5_pkey  (cost=0.00..33.68 rows=924 width=0)
	              Index Cond: ((id >= 8921679) AND (id <= 8922678))

table 6 : explain SELECT c FROM sbtest6 WHERE id BETWEEN 4383903 AND 4384902 ORDER BY c
	Sort  (cost=3933.01..3935.52 rows=1002 width=121)
	  Sort Key: c
	  ->  Bitmap Heap Scan on sbtest6  (cost=34.71..3883.07 rows=1002 width=121)
	        Recheck Cond: ((id >= 4383903) AND (id <= 4384902))
	        ->  Bitmap Index Scan on sbtest6_pkey  (cost=0.00..34.45 rows=1002 width=0)
	              Index Cond: ((id >= 4383903) AND (id <= 4384902))

table 7 : explain SELECT c FROM sbtest7 WHERE id BETWEEN 3486588 AND 3487587 ORDER BY c
	Sort  (cost=3728.26..3730.63 rows=949 width=121)
	  Sort Key: c
	  ->  Bitmap Heap Scan on sbtest7  (cost=34.16..3681.33 rows=949 width=121)
	        Recheck Cond: ((id >= 3486588) AND (id <= 3487587))
	        ->  Bitmap Index Scan on sbtest7_pkey  (cost=0.00..33.93 rows=949 width=0)
	              Index Cond: ((id >= 3486588) AND (id <= 3487587))

table 8 : explain SELECT c FROM sbtest8 WHERE id BETWEEN 6263000 AND 6263999 ORDER BY c
	Sort  (cost=3702.15..3704.50 rows=942 width=121)
	  Sort Key: c
	  ->  Bitmap Heap Scan on sbtest8  (cost=34.09..3655.62 rows=942 width=121)
	        Recheck Cond: ((id >= 6263000) AND (id <= 6263999))
	        ->  Bitmap Index Scan on sbtest8_pkey  (cost=0.00..33.86 rows=942 width=0)
	              Index Cond: ((id >= 6263000) AND (id <= 6263999))

for: distinct_ranges
table 1 : explain SELECT DISTINCT c FROM sbtest1 WHERE id BETWEEN 3993282 AND 3994281 ORDER BY c
	Unique  (cost=3851.07..3855.98 rows=981 width=121)
	  ->  Sort  (cost=3851.07..3853.53 rows=981 width=121)
	        Sort Key: c
	        ->  Bitmap Heap Scan on sbtest1  (cost=34.49..3802.33 rows=981 width=121)
	              Recheck Cond: ((id >= 3993282) AND (id <= 3994281))
	              ->  Bitmap Index Scan on sbtest1_pkey  (cost=0.00..34.25 rows=981 width=0)
	                    Index Cond: ((id >= 3993282) AND (id <= 3994281))

table 2 : explain SELECT DISTINCT c FROM sbtest2 WHERE id BETWEEN 2816803 AND 2817802 ORDER BY c
	Unique  (cost=3598.56..3603.14 rows=916 width=121)
	  ->  Sort  (cost=3598.56..3600.85 rows=916 width=121)
	        Sort Key: c
	        ->  Bitmap Heap Scan on sbtest2  (cost=29.82..3553.50 rows=916 width=121)
	              Recheck Cond: ((id >= 2816803) AND (id <= 2817802))
	              ->  Bitmap Index Scan on sbtest2_pkey  (cost=0.00..29.59 rows=916 width=0)
	                    Index Cond: ((id >= 2816803) AND (id <= 2817802))

table 3 : explain SELECT DISTINCT c FROM sbtest3 WHERE id BETWEEN 9220603 AND 9221602 ORDER BY c
	Unique  (cost=3591.24..3595.81 rows=914 width=121)
	  ->  Sort  (cost=3591.24..3593.53 rows=914 width=121)
	        Sort Key: c
	        ->  Bitmap Heap Scan on sbtest3  (cost=29.80..3546.29 rows=914 width=121)
	              Recheck Cond: ((id >= 9220603) AND (id <= 9221602))
	              ->  Bitmap Index Scan on sbtest3_pkey  (cost=0.00..29.57 rows=914 width=0)
	                    Index Cond: ((id >= 9220603) AND (id <= 9221602))

table 4 : explain SELECT DISTINCT c FROM sbtest4 WHERE id BETWEEN 6577230 AND 6578229 ORDER BY c
	Unique  (cost=4096.30..4101.52 rows=1043 width=121)
	  ->  Sort  (cost=4096.30..4098.91 rows=1043 width=121)
	        Sort Key: c
	        ->  Bitmap Heap Scan on sbtest4  (cost=35.13..4044.02 rows=1043 width=121)
	              Recheck Cond: ((id >= 6577230) AND (id <= 6578229))
	              ->  Bitmap Index Scan on sbtest4_pkey  (cost=0.00..34.87 rows=1043 width=0)
	                    Index Cond: ((id >= 6577230) AND (id <= 6578229))

table 5 : explain SELECT DISTINCT c FROM sbtest5 WHERE id BETWEEN 3800613 AND 3801612 ORDER BY c
	Unique  (cost=4299.25..4304.73 rows=1096 width=121)
	  ->  Sort  (cost=4299.25..4301.99 rows=1096 width=121)
	        Sort Key: c
	        ->  Bitmap Heap Scan on sbtest5  (cost=35.67..4243.91 rows=1096 width=121)
	              Recheck Cond: ((id >= 3800613) AND (id <= 3801612))
	              ->  Bitmap Index Scan on sbtest5_pkey  (cost=0.00..35.40 rows=1096 width=0)
	                    Index Cond: ((id >= 3800613) AND (id <= 3801612))

table 6 : explain SELECT DISTINCT c FROM sbtest6 WHERE id BETWEEN 5037438 AND 5038437 ORDER BY c
	Unique  (cost=3661.02..3665.67 rows=931 width=121)
	  ->  Sort  (cost=3661.02..3663.35 rows=931 width=121)
	        Sort Key: c
	        ->  Bitmap Heap Scan on sbtest6  (cost=33.98..3615.11 rows=931 width=121)
	              Recheck Cond: ((id >= 5037438) AND (id <= 5038437))
	              ->  Bitmap Index Scan on sbtest6_pkey  (cost=0.00..33.75 rows=931 width=0)
	                    Index Cond: ((id >= 5037438) AND (id <= 5038437))

table 7 : explain SELECT DISTINCT c FROM sbtest7 WHERE id BETWEEN 3969839 AND 3970838 ORDER BY c
	Unique  (cost=3881.37..3886.31 rows=989 width=121)
	  ->  Sort  (cost=3881.37..3883.84 rows=989 width=121)
	        Sort Key: c
	        ->  Bitmap Heap Scan on sbtest7  (cost=34.57..3832.17 rows=989 width=121)
	              Recheck Cond: ((id >= 3969839) AND (id <= 3970838))
	              ->  Bitmap Index Scan on sbtest7_pkey  (cost=0.00..34.33 rows=989 width=0)
	                    Index Cond: ((id >= 3969839) AND (id <= 3970838))

table 8 : explain SELECT DISTINCT c FROM sbtest8 WHERE id BETWEEN 2217410 AND 2218409 ORDER BY c
	Unique  (cost=4008.33..4013.44 rows=1022 width=121)
	  ->  Sort  (cost=4008.33..4010.89 rows=1022 width=121)
	        Sort Key: c
	        ->  Bitmap Heap Scan on sbtest8  (cost=34.91..3957.25 rows=1022 width=121)
	              Recheck Cond: ((id >= 2217410) AND (id <= 2218409))
	              ->  Bitmap Index Scan on sbtest8_pkey  (cost=0.00..34.66 rows=1022 width=0)
	                    Index Cond: ((id >= 2217410) AND (id <= 2218409))

Threads started!

Warming up for 5 seconds...

SQL statistics:
    queries performed:
        read:                            89994114
        write:                           0
        other:                           16362591
        total:                           106356705
    transactions:                        8181315 (12986.06 per sec.)
    queries:                             106356705 (168818.21 per sec.)
    ignored errors:                      0      (0.00 per sec.)
    reconnects:                          0      (0.00 per sec.)

Throughput:
    events/s (eps):                      12986.0637
    time elapsed:                        630.0074s
    total number of events:              8181315

Latency (ms):
         min:                                    0.51
         avg:                                    3.08
         max:                                   27.42
         95th percentile:                        3.19
         sum:                             25190893.27

Threads fairness:
    events (avg/stddev):           204532.8000/716.92
    execution time (avg/stddev):   629.7723/0.00

