LUA_PATH=/home/mdcallag/git/mytools/bench/sysbench.lua/lua/?.lua /home/mdcallag/git/mytools/bench/sysbench.lua/lua/sysbench --db-driver=pgsql --range-size=100 --table-size=10000000 --tables=8 --threads=40 --events=0 --warmup-time=5 --time=630 --pgsql_conn_id=true /home/mdcallag/git/mytools/bench/sysbench.lua/lua/oltp_range_covered.lua run --pgsql-user=root --pgsql-password=pw --pgsql-host=127.0.0.1 --pgsql-db=ib --rand-type=uniform --random-points=100 --skip-trx
48 CPUs
sysbench 1.1.0-9072687 (using bundled LuaJIT 2.1.0-beta3)

Running the test with following options:
Number of threads: 40
Warmup time: 5s
Initializing random number generator from current time


Initializing worker threads...

explain: for range-covered :: explain SELECT id FROM sbtest%d WHERE id BETWEEN 3281357 AND 3281457
explain: for range-covered :: explain SELECT id FROM sbtest%d WHERE id BETWEEN 4530596 AND 4530696
explain: for range-covered :: explain SELECT id FROM sbtest%d WHERE id BETWEEN 6581829 AND 6581929
explain: for range-covered :: explain SELECT id FROM sbtest%d WHERE id BETWEEN 6970869 AND 6970969
explain: for range-covered :: explain SELECT id FROM sbtest%d WHERE id BETWEEN 5312817 AND 5312917
for range-covered
table 1 : explain SELECT id FROM sbtest1 WHERE id BETWEEN 4530596 AND 4530696
	Index Only Scan using sbtest1_pkey on sbtest1  (cost=0.43..6.45 rows=101 width=4)
	  Index Cond: ((id >= 4530596) AND (id <= 4530696))

table 2 : explain SELECT id FROM sbtest2 WHERE id BETWEEN 4530596 AND 4530696
	Index Only Scan using sbtest2_pkey on sbtest2  (cost=0.43..6.25 rows=91 width=4)
	  Index Cond: ((id >= 4530596) AND (id <= 4530696))

table 3 : explain SELECT id FROM sbtest3 WHERE id BETWEEN 4530596 AND 4530696
	Index Only Scan using sbtest3_pkey on sbtest3  (cost=0.43..6.53 rows=105 width=4)
	  Index Cond: ((id >= 4530596) AND (id <= 4530696))

table 4 : explain SELECT id FROM sbtest4 WHERE id BETWEEN 4530596 AND 4530696
	Index Only Scan using sbtest4_pkey on sbtest4  (cost=0.43..6.40 rows=98 width=4)
	  Index Cond: ((id >= 4530596) AND (id <= 4530696))

table 5 : explain SELECT id FROM sbtest5 WHERE id BETWEEN 4530596 AND 4530696
	Index Only Scan using sbtest5_pkey on sbtest5  (cost=0.43..6.53 rows=105 width=4)
	  Index Cond: ((id >= 4530596) AND (id <= 4530696))

table 6 : explain SELECT id FROM sbtest6 WHERE id BETWEEN 4530596 AND 4530696
	Index Only Scan using sbtest6_pkey on sbtest6  (cost=0.43..6.51 rows=104 width=4)
	  Index Cond: ((id >= 4530596) AND (id <= 4530696))

table 7 : explain SELECT id FROM sbtest7 WHERE id BETWEEN 4530596 AND 4530696
	Index Only Scan using sbtest7_pkey on sbtest7  (cost=0.43..6.33 rows=95 width=4)
	  Index Cond: ((id >= 4530596) AND (id <= 4530696))

table 8 : explain SELECT id FROM sbtest8 WHERE id BETWEEN 4530596 AND 4530696
	Index Only Scan using sbtest8_pkey on sbtest8  (cost=0.43..6.40 rows=98 width=4)
	  Index Cond: ((id >= 4530596) AND (id <= 4530696))

explain: for range-covered :: explain SELECT id FROM sbtest%d WHERE id BETWEEN 4530596 AND 4530696
for range-covered
table 1 : explain SELECT id FROM sbtest1 WHERE id BETWEEN 3281357 AND 3281457
	Index Only Scan using sbtest1_pkey on sbtest1  (cost=0.43..6.61 rows=109 width=4)
	  Index Cond: ((id >= 3281357) AND (id <= 3281457))

table 2 : explain SELECT id FROM sbtest2 WHERE id BETWEEN 3281357 AND 3281457
	Index Only Scan using sbtest2_pkey on sbtest2  (cost=0.43..6.53 rows=105 width=4)
	  Index Cond: ((id >= 3281357) AND (id <= 3281457))

table 3 : explain SELECT id FROM sbtest3 WHERE id BETWEEN 3281357 AND 3281457
	Index Only Scan using sbtest3_pkey on sbtest3  (cost=0.43..6.63 rows=110 width=4)
	  Index Cond: ((id >= 3281357) AND (id <= 3281457))

table 4 : explain SELECT id FROM sbtest4 WHERE id BETWEEN 3281357 AND 3281457
	Index Only Scan using sbtest4_pkey on sbtest4  (cost=0.43..6.42 rows=99 width=4)
	  Index Cond: ((id >= 3281357) AND (id <= 3281457))

table 5 : explain SELECT id FROM sbtest5 WHERE id BETWEEN 3281357 AND 3281457
	Index Only Scan using sbtest5_pkey on sbtest5  (cost=0.43..6.72 rows=114 width=4)
	  Index Cond: ((id >= 3281357) AND (id <= 3281457))

table 6 : explain SELECT id FROM sbtest6 WHERE id BETWEEN 3281357 AND 3281457
	Index Only Scan using sbtest6_pkey on sbtest6  (cost=0.43..6.37 rows=97 width=4)
	  Index Cond: ((id >= 3281357) AND (id <= 3281457))

table 7 : explain SELECT id FROM sbtest7 WHERE id BETWEEN 3281357 AND 3281457
	Index Only Scan using sbtest7_pkey on sbtest7  (cost=0.43..6.29 rows=93 width=4)
	  Index Cond: ((id >= 3281357) AND (id <= 3281457))

table 8 : explain SELECT id FROM sbtest8 WHERE id BETWEEN 3281357 AND 3281457
	Index Only Scan using sbtest8_pkey on sbtest8  (cost=0.43..6.45 rows=101 width=4)
	  Index Cond: ((id >= 3281357) AND (id <= 3281457))

explain: for range-covered :: explain SELECT id FROM sbtest%d WHERE id BETWEEN 3281357 AND 3281457
for range-covered
table 1 : explain SELECT id FROM sbtest1 WHERE id BETWEEN 6581829 AND 6581929
	Index Only Scan using sbtest1_pkey on sbtest1  (cost=0.43..6.47 rows=102 width=4)
	  Index Cond: ((id >= 6581829) AND (id <= 6581929))

table 2 : explain SELECT id FROM sbtest2 WHERE id BETWEEN 6581829 AND 6581929
	Index Only Scan using sbtest2_pkey on sbtest2  (cost=0.43..6.53 rows=105 width=4)
	  Index Cond: ((id >= 6581829) AND (id <= 6581929))

table 3 : explain SELECT id FROM sbtest3 WHERE id BETWEEN 6581829 AND 6581929
	Index Only Scan using sbtest3_pkey on sbtest3  (cost=0.43..6.47 rows=102 width=4)
	  Index Cond: ((id >= 6581829) AND (id <= 6581929))

table 4 : explain SELECT id FROM sbtest4 WHERE id BETWEEN 6581829 AND 6581929
	Index Only Scan using sbtest4_pkey on sbtest4  (cost=0.43..6.63 rows=110 width=4)
	  Index Cond: ((id >= 6581829) AND (id <= 6581929))

table 5 : explain SELECT id FROM sbtest5 WHERE id BETWEEN 6581829 AND 6581929
	Index Only Scan using sbtest5_pkey on sbtest5  (cost=0.43..6.56 rows=106 width=4)
	  Index Cond: ((id >= 6581829) AND (id <= 6581929))

table 6 : explain SELECT id FROM sbtest6 WHERE id BETWEEN 6581829 AND 6581929
	Index Only Scan using sbtest6_pkey on sbtest6  (cost=0.43..6.53 rows=105 width=4)
	  Index Cond: ((id >= 6581829) AND (id <= 6581929))

table 7 : explain SELECT id FROM sbtest7 WHERE id BETWEEN 6581829 AND 6581929
	Index Only Scan using sbtest7_pkey on sbtest7  (cost=0.43..6.59 rows=108 width=4)
	  Index Cond: ((id >= 6581829) AND (id <= 6581929))

table 8 : explain SELECT id FROM sbtest8 WHERE id BETWEEN 6581829 AND 6581929
	Index Only Scan using sbtest8_pkey on sbtest8  (cost=0.43..6.51 rows=104 width=4)
	  Index Cond: ((id >= 6581829) AND (id <= 6581929))

explain: for range-covered :: explain SELECT id FROM sbtest%d WHERE id BETWEEN 6581829 AND 6581929
for range-covered
table 1 : explain SELECT id FROM sbtest1 WHERE id BETWEEN 4530596 AND 4530696
	Index Only Scan using sbtest1_pkey on sbtest1  (cost=0.43..6.45 rows=101 width=4)
	  Index Cond: ((id >= 4530596) AND (id <= 4530696))

table 2 : explain SELECT id FROM sbtest2 WHERE id BETWEEN 4530596 AND 4530696
	Index Only Scan using sbtest2_pkey on sbtest2  (cost=0.43..6.25 rows=91 width=4)
	  Index Cond: ((id >= 4530596) AND (id <= 4530696))

table 3 : explain SELECT id FROM sbtest3 WHERE id BETWEEN 4530596 AND 4530696
	Index Only Scan using sbtest3_pkey on sbtest3  (cost=0.43..6.53 rows=105 width=4)
	  Index Cond: ((id >= 4530596) AND (id <= 4530696))

table 4 : explain SELECT id FROM sbtest4 WHERE id BETWEEN 4530596 AND 4530696
	Index Only Scan using sbtest4_pkey on sbtest4  (cost=0.43..6.40 rows=98 width=4)
	  Index Cond: ((id >= 4530596) AND (id <= 4530696))

table 5 : explain SELECT id FROM sbtest5 WHERE id BETWEEN 4530596 AND 4530696
	Index Only Scan using sbtest5_pkey on sbtest5  (cost=0.43..6.53 rows=105 width=4)
	  Index Cond: ((id >= 4530596) AND (id <= 4530696))

table 6 : explain SELECT id FROM sbtest6 WHERE id BETWEEN 4530596 AND 4530696
	Index Only Scan using sbtest6_pkey on sbtest6  (cost=0.43..6.51 rows=104 width=4)
	  Index Cond: ((id >= 4530596) AND (id <= 4530696))

table 7 : explain SELECT id FROM sbtest7 WHERE id BETWEEN 4530596 AND 4530696
	Index Only Scan using sbtest7_pkey on sbtest7  (cost=0.43..6.33 rows=95 width=4)
	  Index Cond: ((id >= 4530596) AND (id <= 4530696))

table 8 : explain SELECT id FROM sbtest8 WHERE id BETWEEN 4530596 AND 4530696
	Index Only Scan using sbtest8_pkey on sbtest8  (cost=0.43..6.40 rows=98 width=4)
	  Index Cond: ((id >= 4530596) AND (id <= 4530696))

explain: for range-covered :: explain SELECT id FROM sbtest%d WHERE id BETWEEN 4530596 AND 4530696
for range-covered
table 1 : explain SELECT id FROM sbtest1 WHERE id BETWEEN 3281357 AND 3281457
	Index Only Scan using sbtest1_pkey on sbtest1  (cost=0.43..6.61 rows=109 width=4)
	  Index Cond: ((id >= 3281357) AND (id <= 3281457))

table 2 : explain SELECT id FROM sbtest2 WHERE id BETWEEN 3281357 AND 3281457
	Index Only Scan using sbtest2_pkey on sbtest2  (cost=0.43..6.53 rows=105 width=4)
	  Index Cond: ((id >= 3281357) AND (id <= 3281457))

table 3 : explain SELECT id FROM sbtest3 WHERE id BETWEEN 3281357 AND 3281457
	Index Only Scan using sbtest3_pkey on sbtest3  (cost=0.43..6.63 rows=110 width=4)
	  Index Cond: ((id >= 3281357) AND (id <= 3281457))

table 4 : explain SELECT id FROM sbtest4 WHERE id BETWEEN 3281357 AND 3281457
	Index Only Scan using sbtest4_pkey on sbtest4  (cost=0.43..6.42 rows=99 width=4)
	  Index Cond: ((id >= 3281357) AND (id <= 3281457))

table 5 : explain SELECT id FROM sbtest5 WHERE id BETWEEN 3281357 AND 3281457
	Index Only Scan using sbtest5_pkey on sbtest5  (cost=0.43..6.72 rows=114 width=4)
	  Index Cond: ((id >= 3281357) AND (id <= 3281457))

table 6 : explain SELECT id FROM sbtest6 WHERE id BETWEEN 3281357 AND 3281457
	Index Only Scan using sbtest6_pkey on sbtest6  (cost=0.43..6.37 rows=97 width=4)
	  Index Cond: ((id >= 3281357) AND (id <= 3281457))

table 7 : explain SELECT id FROM sbtest7 WHERE id BETWEEN 3281357 AND 3281457
	Index Only Scan using sbtest7_pkey on sbtest7  (cost=0.43..6.29 rows=93 width=4)
	  Index Cond: ((id >= 3281357) AND (id <= 3281457))

table 8 : explain SELECT id FROM sbtest8 WHERE id BETWEEN 3281357 AND 3281457
	Index Only Scan using sbtest8_pkey on sbtest8  (cost=0.43..6.45 rows=101 width=4)
	  Index Cond: ((id >= 3281357) AND (id <= 3281457))

for range-covered
table 1 : explain SELECT id FROM sbtest1 WHERE id BETWEEN 6581829 AND 6581929
	Index Only Scan using sbtest1_pkey on sbtest1  (cost=0.43..6.47 rows=102 width=4)
	  Index Cond: ((id >= 6581829) AND (id <= 6581929))

table 2 : explain SELECT id FROM sbtest2 WHERE id BETWEEN 6581829 AND 6581929
	Index Only Scan using sbtest2_pkey on sbtest2  (cost=0.43..6.53 rows=105 width=4)
	  Index Cond: ((id >= 6581829) AND (id <= 6581929))

table 3 : explain SELECT id FROM sbtest3 WHERE id BETWEEN 6581829 AND 6581929
	Index Only Scan using sbtest3_pkey on sbtest3  (cost=0.43..6.47 rows=102 width=4)
	  Index Cond: ((id >= 6581829) AND (id <= 6581929))

table 4 : explain SELECT id FROM sbtest4 WHERE id BETWEEN 6581829 AND 6581929
	Index Only Scan using sbtest4_pkey on sbtest4  (cost=0.43..6.63 rows=110 width=4)
	  Index Cond: ((id >= 6581829) AND (id <= 6581929))

table 5 : explain SELECT id FROM sbtest5 WHERE id BETWEEN 6581829 AND 6581929
	Index Only Scan using sbtest5_pkey on sbtest5  (cost=0.43..6.56 rows=106 width=4)
	  Index Cond: ((id >= 6581829) AND (id <= 6581929))

table 6 : explain SELECT id FROM sbtest6 WHERE id BETWEEN 6581829 AND 6581929
	Index Only Scan using sbtest6_pkey on sbtest6  (cost=0.43..6.53 rows=105 width=4)
	  Index Cond: ((id >= 6581829) AND (id <= 6581929))

table 7 : explain SELECT id FROM sbtest7 WHERE id BETWEEN 6581829 AND 6581929
	Index Only Scan using sbtest7_pkey on sbtest7  (cost=0.43..6.59 rows=108 width=4)
	  Index Cond: ((id >= 6581829) AND (id <= 6581929))

table 8 : explain SELECT id FROM sbtest8 WHERE id BETWEEN 6581829 AND 6581929
	Index Only Scan using sbtest8_pkey on sbtest8  (cost=0.43..6.51 rows=104 width=4)
	  Index Cond: ((id >= 6581829) AND (id <= 6581929))

explain: for range-covered :: explain SELECT id FROM sbtest%d WHERE id BETWEEN 3281357 AND 3281457
explain: for range-covered :: explain SELECT id FROM sbtest%d WHERE id BETWEEN 6581829 AND 6581929
for range-covered
table 1 : explain SELECT id FROM sbtest1 WHERE id BETWEEN 4530596 AND 4530696
	Index Only Scan using sbtest1_pkey on sbtest1  (cost=0.43..6.45 rows=101 width=4)
	  Index Cond: ((id >= 4530596) AND (id <= 4530696))

table 2 : explain SELECT id FROM sbtest2 WHERE id BETWEEN 4530596 AND 4530696
	Index Only Scan using sbtest2_pkey on sbtest2  (cost=0.43..6.25 rows=91 width=4)
	  Index Cond: ((id >= 4530596) AND (id <= 4530696))

table 3 : explain SELECT id FROM sbtest3 WHERE id BETWEEN 4530596 AND 4530696
	Index Only Scan using sbtest3_pkey on sbtest3  (cost=0.43..6.53 rows=105 width=4)
	  Index Cond: ((id >= 4530596) AND (id <= 4530696))

table 4 : explain SELECT id FROM sbtest4 WHERE id BETWEEN 4530596 AND 4530696
	Index Only Scan using sbtest4_pkey on sbtest4  (cost=0.43..6.40 rows=98 width=4)
	  Index Cond: ((id >= 4530596) AND (id <= 4530696))

table 5 : explain SELECT id FROM sbtest5 WHERE id BETWEEN 4530596 AND 4530696
	Index Only Scan using sbtest5_pkey on sbtest5  (cost=0.43..6.53 rows=105 width=4)
	  Index Cond: ((id >= 4530596) AND (id <= 4530696))

table 6 : explain SELECT id FROM sbtest6 WHERE id BETWEEN 4530596 AND 4530696
	Index Only Scan using sbtest6_pkey on sbtest6  (cost=0.43..6.51 rows=104 width=4)
	  Index Cond: ((id >= 4530596) AND (id <= 4530696))

table 7 : explain SELECT id FROM sbtest7 WHERE id BETWEEN 4530596 AND 4530696
	Index Only Scan using sbtest7_pkey on sbtest7  (cost=0.43..6.33 rows=95 width=4)
	  Index Cond: ((id >= 4530596) AND (id <= 4530696))

table 8 : explain SELECT id FROM sbtest8 WHERE id BETWEEN 4530596 AND 4530696
	Index Only Scan using sbtest8_pkey on sbtest8  (cost=0.43..6.40 rows=98 width=4)
	  Index Cond: ((id >= 4530596) AND (id <= 4530696))

explain: for range-covered :: explain SELECT id FROM sbtest%d WHERE id BETWEEN 4530596 AND 4530696
for range-covered
table 1 : explain SELECT id FROM sbtest1 WHERE id BETWEEN 6581829 AND 6581929
	Index Only Scan using sbtest1_pkey on sbtest1  (cost=0.43..6.47 rows=102 width=4)
	  Index Cond: ((id >= 6581829) AND (id <= 6581929))

table 2 : explain SELECT id FROM sbtest2 WHERE id BETWEEN 6581829 AND 6581929
	Index Only Scan using sbtest2_pkey on sbtest2  (cost=0.43..6.53 rows=105 width=4)
	  Index Cond: ((id >= 6581829) AND (id <= 6581929))

table 3 : explain SELECT id FROM sbtest3 WHERE id BETWEEN 6581829 AND 6581929
	Index Only Scan using sbtest3_pkey on sbtest3  (cost=0.43..6.47 rows=102 width=4)
	  Index Cond: ((id >= 6581829) AND (id <= 6581929))

table 4 : explain SELECT id FROM sbtest4 WHERE id BETWEEN 6581829 AND 6581929
	Index Only Scan using sbtest4_pkey on sbtest4  (cost=0.43..6.63 rows=110 width=4)
	  Index Cond: ((id >= 6581829) AND (id <= 6581929))

table 5 : explain SELECT id FROM sbtest5 WHERE id BETWEEN 6581829 AND 6581929
	Index Only Scan using sbtest5_pkey on sbtest5  (cost=0.43..6.56 rows=106 width=4)
	  Index Cond: ((id >= 6581829) AND (id <= 6581929))

table 6 : explain SELECT id FROM sbtest6 WHERE id BETWEEN 6581829 AND 6581929
	Index Only Scan using sbtest6_pkey on sbtest6  (cost=0.43..6.53 rows=105 width=4)
	  Index Cond: ((id >= 6581829) AND (id <= 6581929))

table 7 : explain SELECT id FROM sbtest7 WHERE id BETWEEN 6581829 AND 6581929
	Index Only Scan using sbtest7_pkey on sbtest7  (cost=0.43..6.59 rows=108 width=4)
	  Index Cond: ((id >= 6581829) AND (id <= 6581929))

table 8 : explain SELECT id FROM sbtest8 WHERE id BETWEEN 6581829 AND 6581929
	Index Only Scan using sbtest8_pkey on sbtest8  (cost=0.43..6.51 rows=104 width=4)
	  Index Cond: ((id >= 6581829) AND (id <= 6581929))

for range-covered
table 1 : explain SELECT id FROM sbtest1 WHERE id BETWEEN 3281357 AND 3281457
	Index Only Scan using sbtest1_pkey on sbtest1  (cost=0.43..6.61 rows=109 width=4)
	  Index Cond: ((id >= 3281357) AND (id <= 3281457))

table 2 : explain SELECT id FROM sbtest2 WHERE id BETWEEN 3281357 AND 3281457
	Index Only Scan using sbtest2_pkey on sbtest2  (cost=0.43..6.53 rows=105 width=4)
	  Index Cond: ((id >= 3281357) AND (id <= 3281457))

table 3 : explain SELECT id FROM sbtest3 WHERE id BETWEEN 3281357 AND 3281457
	Index Only Scan using sbtest3_pkey on sbtest3  (cost=0.43..6.63 rows=110 width=4)
	  Index Cond: ((id >= 3281357) AND (id <= 3281457))

table 4 : explain SELECT id FROM sbtest4 WHERE id BETWEEN 3281357 AND 3281457
	Index Only Scan using sbtest4_pkey on sbtest4  (cost=0.43..6.42 rows=99 width=4)
	  Index Cond: ((id >= 3281357) AND (id <= 3281457))

table 5 : explain SELECT id FROM sbtest5 WHERE id BETWEEN 3281357 AND 3281457
	Index Only Scan using sbtest5_pkey on sbtest5  (cost=0.43..6.72 rows=114 width=4)
	  Index Cond: ((id >= 3281357) AND (id <= 3281457))

table 6 : explain SELECT id FROM sbtest6 WHERE id BETWEEN 3281357 AND 3281457
	Index Only Scan using sbtest6_pkey on sbtest6  (cost=0.43..6.37 rows=97 width=4)
	  Index Cond: ((id >= 3281357) AND (id <= 3281457))

table 7 : explain SELECT id FROM sbtest7 WHERE id BETWEEN 3281357 AND 3281457
	Index Only Scan using sbtest7_pkey on sbtest7  (cost=0.43..6.29 rows=93 width=4)
	  Index Cond: ((id >= 3281357) AND (id <= 3281457))

table 8 : explain SELECT id FROM sbtest8 WHERE id BETWEEN 3281357 AND 3281457
	Index Only Scan using sbtest8_pkey on sbtest8  (cost=0.43..6.45 rows=101 width=4)
	  Index Cond: ((id >= 3281357) AND (id <= 3281457))

explain: for range-covered :: explain SELECT id FROM sbtest%d WHERE id BETWEEN 6581829 AND 6581929
explain: for range-covered :: explain SELECT id FROM sbtest%d WHERE id BETWEEN 3281357 AND 3281457
for range-covered
table 1 : explain SELECT id FROM sbtest1 WHERE id BETWEEN 4530596 AND 4530696
	Index Only Scan using sbtest1_pkey on sbtest1  (cost=0.43..6.45 rows=101 width=4)
	  Index Cond: ((id >= 4530596) AND (id <= 4530696))

table 2 : explain SELECT id FROM sbtest2 WHERE id BETWEEN 4530596 AND 4530696
	Index Only Scan using sbtest2_pkey on sbtest2  (cost=0.43..6.25 rows=91 width=4)
	  Index Cond: ((id >= 4530596) AND (id <= 4530696))

table 3 : explain SELECT id FROM sbtest3 WHERE id BETWEEN 4530596 AND 4530696
	Index Only Scan using sbtest3_pkey on sbtest3  (cost=0.43..6.53 rows=105 width=4)
	  Index Cond: ((id >= 4530596) AND (id <= 4530696))

table 4 : explain SELECT id FROM sbtest4 WHERE id BETWEEN 4530596 AND 4530696
	Index Only Scan using sbtest4_pkey on sbtest4  (cost=0.43..6.40 rows=98 width=4)
	  Index Cond: ((id >= 4530596) AND (id <= 4530696))

table 5 : explain SELECT id FROM sbtest5 WHERE id BETWEEN 4530596 AND 4530696
	Index Only Scan using sbtest5_pkey on sbtest5  (cost=0.43..6.53 rows=105 width=4)
	  Index Cond: ((id >= 4530596) AND (id <= 4530696))

table 6 : explain SELECT id FROM sbtest6 WHERE id BETWEEN 4530596 AND 4530696
	Index Only Scan using sbtest6_pkey on sbtest6  (cost=0.43..6.51 rows=104 width=4)
	  Index Cond: ((id >= 4530596) AND (id <= 4530696))

table 7 : explain SELECT id FROM sbtest7 WHERE id BETWEEN 4530596 AND 4530696
	Index Only Scan using sbtest7_pkey on sbtest7  (cost=0.43..6.33 rows=95 width=4)
	  Index Cond: ((id >= 4530596) AND (id <= 4530696))

table 8 : explain SELECT id FROM sbtest8 WHERE id BETWEEN 4530596 AND 4530696
	Index Only Scan using sbtest8_pkey on sbtest8  (cost=0.43..6.40 rows=98 width=4)
	  Index Cond: ((id >= 4530596) AND (id <= 4530696))

explain: for range-covered :: explain SELECT id FROM sbtest%d WHERE id BETWEEN 4530596 AND 4530696
for range-covered
table 1 : explain SELECT id FROM sbtest1 WHERE id BETWEEN 6970869 AND 6970969
	Index Only Scan using sbtest1_pkey on sbtest1  (cost=0.43..6.50 rows=103 width=4)
	  Index Cond: ((id >= 6970869) AND (id <= 6970969))

table 2 : explain SELECT id FROM sbtest2 WHERE id BETWEEN 6970869 AND 6970969
	Index Only Scan using sbtest2_pkey on sbtest2  (cost=0.43..6.72 rows=114 width=4)
	  Index Cond: ((id >= 6970869) AND (id <= 6970969))

table 3 : explain SELECT id FROM sbtest3 WHERE id BETWEEN 6970869 AND 6970969
	Index Only Scan using sbtest3_pkey on sbtest3  (cost=0.43..6.33 rows=95 width=4)
	  Index Cond: ((id >= 6970869) AND (id <= 6970969))

table 4 : explain SELECT id FROM sbtest4 WHERE id BETWEEN 6970869 AND 6970969
	Index Only Scan using sbtest4_pkey on sbtest4  (cost=0.43..6.43 rows=100 width=4)
	  Index Cond: ((id >= 6970869) AND (id <= 6970969))

table 5 : explain SELECT id FROM sbtest5 WHERE id BETWEEN 6970869 AND 6970969
	Index Only Scan using sbtest5_pkey on sbtest5  (cost=0.43..6.37 rows=97 width=4)
	  Index Cond: ((id >= 6970869) AND (id <= 6970969))

table 6 : explain SELECT id FROM sbtest6 WHERE id BETWEEN 6970869 AND 6970969
	Index Only Scan using sbtest6_pkey on sbtest6  (cost=0.43..6.58 rows=107 width=4)
	  Index Cond: ((id >= 6970869) AND (id <= 6970969))

table 7 : explain SELECT id FROM sbtest7 WHERE id BETWEEN 6970869 AND 6970969
	Index Only Scan using sbtest7_pkey on sbtest7  (cost=0.43..6.47 rows=102 width=4)
	  Index Cond: ((id >= 6970869) AND (id <= 6970969))

table 8 : explain SELECT id FROM sbtest8 WHERE id BETWEEN 6970869 AND 6970969
	Index Only Scan using sbtest8_pkey on sbtest8  (cost=0.43..6.53 rows=105 width=4)
	  Index Cond: ((id >= 6970869) AND (id <= 6970969))

explain: for range-covered :: explain SELECT id FROM sbtest%d WHERE id BETWEEN 6970869 AND 6970969
for range-covered
table 1 : explain SELECT id FROM sbtest1 WHERE id BETWEEN 6581829 AND 6581929
	Index Only Scan using sbtest1_pkey on sbtest1  (cost=0.43..6.47 rows=102 width=4)
	  Index Cond: ((id >= 6581829) AND (id <= 6581929))

table 2 : explain SELECT id FROM sbtest2 WHERE id BETWEEN 6581829 AND 6581929
	Index Only Scan using sbtest2_pkey on sbtest2  (cost=0.43..6.53 rows=105 width=4)
	  Index Cond: ((id >= 6581829) AND (id <= 6581929))

table 3 : explain SELECT id FROM sbtest3 WHERE id BETWEEN 6581829 AND 6581929
	Index Only Scan using sbtest3_pkey on sbtest3  (cost=0.43..6.47 rows=102 width=4)
	  Index Cond: ((id >= 6581829) AND (id <= 6581929))

table 4 : explain SELECT id FROM sbtest4 WHERE id BETWEEN 6581829 AND 6581929
	Index Only Scan using sbtest4_pkey on sbtest4  (cost=0.43..6.63 rows=110 width=4)
	  Index Cond: ((id >= 6581829) AND (id <= 6581929))

table 5 : explain SELECT id FROM sbtest5 WHERE id BETWEEN 6581829 AND 6581929
	Index Only Scan using sbtest5_pkey on sbtest5  (cost=0.43..6.56 rows=106 width=4)
	  Index Cond: ((id >= 6581829) AND (id <= 6581929))

table 6 : explain SELECT id FROM sbtest6 WHERE id BETWEEN 6581829 AND 6581929
	Index Only Scan using sbtest6_pkey on sbtest6  (cost=0.43..6.53 rows=105 width=4)
	  Index Cond: ((id >= 6581829) AND (id <= 6581929))

table 7 : explain SELECT id FROM sbtest7 WHERE id BETWEEN 6581829 AND 6581929
	Index Only Scan using sbtest7_pkey on sbtest7  (cost=0.43..6.59 rows=108 width=4)
	  Index Cond: ((id >= 6581829) AND (id <= 6581929))

table 8 : explain SELECT id FROM sbtest8 WHERE id BETWEEN 6581829 AND 6581929
	Index Only Scan using sbtest8_pkey on sbtest8  (cost=0.43..6.51 rows=104 width=4)
	  Index Cond: ((id >= 6581829) AND (id <= 6581929))

explain: for range-covered :: explain SELECT id FROM sbtest%d WHERE id BETWEEN 6581829 AND 6581929
for range-covered
table 1 : explain SELECT id FROM sbtest1 WHERE id BETWEEN 3281357 AND 3281457
	Index Only Scan using sbtest1_pkey on sbtest1  (cost=0.43..6.61 rows=109 width=4)
	  Index Cond: ((id >= 3281357) AND (id <= 3281457))

table 2 : explain SELECT id FROM sbtest2 WHERE id BETWEEN 3281357 AND 3281457
	Index Only Scan using sbtest2_pkey on sbtest2  (cost=0.43..6.53 rows=105 width=4)
	  Index Cond: ((id >= 3281357) AND (id <= 3281457))

table 3 : explain SELECT id FROM sbtest3 WHERE id BETWEEN 3281357 AND 3281457
	Index Only Scan using sbtest3_pkey on sbtest3  (cost=0.43..6.63 rows=110 width=4)
	  Index Cond: ((id >= 3281357) AND (id <= 3281457))

table 4 : explain SELECT id FROM sbtest4 WHERE id BETWEEN 3281357 AND 3281457
	Index Only Scan using sbtest4_pkey on sbtest4  (cost=0.43..6.42 rows=99 width=4)
	  Index Cond: ((id >= 3281357) AND (id <= 3281457))

table 5 : explain SELECT id FROM sbtest5 WHERE id BETWEEN 3281357 AND 3281457
	Index Only Scan using sbtest5_pkey on sbtest5  (cost=0.43..6.72 rows=114 width=4)
	  Index Cond: ((id >= 3281357) AND (id <= 3281457))

table 6 : explain SELECT id FROM sbtest6 WHERE id BETWEEN 3281357 AND 3281457
	Index Only Scan using sbtest6_pkey on sbtest6  (cost=0.43..6.37 rows=97 width=4)
	  Index Cond: ((id >= 3281357) AND (id <= 3281457))

table 7 : explain SELECT id FROM sbtest7 WHERE id BETWEEN 3281357 AND 3281457
	Index Only Scan using sbtest7_pkey on sbtest7  (cost=0.43..6.29 rows=93 width=4)
	  Index Cond: ((id >= 3281357) AND (id <= 3281457))

table 8 : explain SELECT id FROM sbtest8 WHERE id BETWEEN 3281357 AND 3281457
	Index Only Scan using sbtest8_pkey on sbtest8  (cost=0.43..6.45 rows=101 width=4)
	  Index Cond: ((id >= 3281357) AND (id <= 3281457))

explain: for range-covered :: explain SELECT id FROM sbtest%d WHERE id BETWEEN 3281357 AND 3281457
for range-covered
table 1 : explain SELECT id FROM sbtest1 WHERE id BETWEEN 4530596 AND 4530696
	Index Only Scan using sbtest1_pkey on sbtest1  (cost=0.43..6.45 rows=101 width=4)
	  Index Cond: ((id >= 4530596) AND (id <= 4530696))

table 2 : explain SELECT id FROM sbtest2 WHERE id BETWEEN 4530596 AND 4530696
	Index Only Scan using sbtest2_pkey on sbtest2  (cost=0.43..6.25 rows=91 width=4)
	  Index Cond: ((id >= 4530596) AND (id <= 4530696))

table 3 : explain SELECT id FROM sbtest3 WHERE id BETWEEN 4530596 AND 4530696
	Index Only Scan using sbtest3_pkey on sbtest3  (cost=0.43..6.53 rows=105 width=4)
	  Index Cond: ((id >= 4530596) AND (id <= 4530696))

table 4 : explain SELECT id FROM sbtest4 WHERE id BETWEEN 4530596 AND 4530696
	Index Only Scan using sbtest4_pkey on sbtest4  (cost=0.43..6.40 rows=98 width=4)
	  Index Cond: ((id >= 4530596) AND (id <= 4530696))

table 5 : explain SELECT id FROM sbtest5 WHERE id BETWEEN 4530596 AND 4530696
	Index Only Scan using sbtest5_pkey on sbtest5  (cost=0.43..6.53 rows=105 width=4)
	  Index Cond: ((id >= 4530596) AND (id <= 4530696))

table 6 : explain SELECT id FROM sbtest6 WHERE id BETWEEN 4530596 AND 4530696
	Index Only Scan using sbtest6_pkey on sbtest6  (cost=0.43..6.51 rows=104 width=4)
	  Index Cond: ((id >= 4530596) AND (id <= 4530696))

table 7 : explain SELECT id FROM sbtest7 WHERE id BETWEEN 4530596 AND 4530696
	Index Only Scan using sbtest7_pkey on sbtest7  (cost=0.43..6.33 rows=95 width=4)
	  Index Cond: ((id >= 4530596) AND (id <= 4530696))

table 8 : explain SELECT id FROM sbtest8 WHERE id BETWEEN 4530596 AND 4530696
	Index Only Scan using sbtest8_pkey on sbtest8  (cost=0.43..6.40 rows=98 width=4)
	  Index Cond: ((id >= 4530596) AND (id <= 4530696))

explain: for range-covered :: explain SELECT id FROM sbtest%d WHERE id BETWEEN 4530596 AND 4530696
for range-covered
table 1 : explain SELECT id FROM sbtest1 WHERE id BETWEEN 6970869 AND 6970969
	Index Only Scan using sbtest1_pkey on sbtest1  (cost=0.43..6.50 rows=103 width=4)
	  Index Cond: ((id >= 6970869) AND (id <= 6970969))

table 2 : explain SELECT id FROM sbtest2 WHERE id BETWEEN 6970869 AND 6970969
	Index Only Scan using sbtest2_pkey on sbtest2  (cost=0.43..6.72 rows=114 width=4)
	  Index Cond: ((id >= 6970869) AND (id <= 6970969))

table 3 : explain SELECT id FROM sbtest3 WHERE id BETWEEN 6970869 AND 6970969
	Index Only Scan using sbtest3_pkey on sbtest3  (cost=0.43..6.33 rows=95 width=4)
	  Index Cond: ((id >= 6970869) AND (id <= 6970969))

table 4 : explain SELECT id FROM sbtest4 WHERE id BETWEEN 6970869 AND 6970969
	Index Only Scan using sbtest4_pkey on sbtest4  (cost=0.43..6.43 rows=100 width=4)
	  Index Cond: ((id >= 6970869) AND (id <= 6970969))

table 5 : explain SELECT id FROM sbtest5 WHERE id BETWEEN 6970869 AND 6970969
	Index Only Scan using sbtest5_pkey on sbtest5  (cost=0.43..6.37 rows=97 width=4)
	  Index Cond: ((id >= 6970869) AND (id <= 6970969))

table 6 : explain SELECT id FROM sbtest6 WHERE id BETWEEN 6970869 AND 6970969
	Index Only Scan using sbtest6_pkey on sbtest6  (cost=0.43..6.58 rows=107 width=4)
	  Index Cond: ((id >= 6970869) AND (id <= 6970969))

table 7 : explain SELECT id FROM sbtest7 WHERE id BETWEEN 6970869 AND 6970969
	Index Only Scan using sbtest7_pkey on sbtest7  (cost=0.43..6.47 rows=102 width=4)
	  Index Cond: ((id >= 6970869) AND (id <= 6970969))

table 8 : explain SELECT id FROM sbtest8 WHERE id BETWEEN 6970869 AND 6970969
	Index Only Scan using sbtest8_pkey on sbtest8  (cost=0.43..6.53 rows=105 width=4)
	  Index Cond: ((id >= 6970869) AND (id <= 6970969))

explain: for range-covered :: explain SELECT id FROM sbtest%d WHERE id BETWEEN 6970869 AND 6970969
for range-covered
table 1 : explain SELECT id FROM sbtest1 WHERE id BETWEEN 6581829 AND 6581929
	Index Only Scan using sbtest1_pkey on sbtest1  (cost=0.43..6.47 rows=102 width=4)
	  Index Cond: ((id >= 6581829) AND (id <= 6581929))

table 2 : explain SELECT id FROM sbtest2 WHERE id BETWEEN 6581829 AND 6581929
	Index Only Scan using sbtest2_pkey on sbtest2  (cost=0.43..6.53 rows=105 width=4)
	  Index Cond: ((id >= 6581829) AND (id <= 6581929))

table 3 : explain SELECT id FROM sbtest3 WHERE id BETWEEN 6581829 AND 6581929
	Index Only Scan using sbtest3_pkey on sbtest3  (cost=0.43..6.47 rows=102 width=4)
	  Index Cond: ((id >= 6581829) AND (id <= 6581929))

table 4 : explain SELECT id FROM sbtest4 WHERE id BETWEEN 6581829 AND 6581929
	Index Only Scan using sbtest4_pkey on sbtest4  (cost=0.43..6.63 rows=110 width=4)
	  Index Cond: ((id >= 6581829) AND (id <= 6581929))

table 5 : explain SELECT id FROM sbtest5 WHERE id BETWEEN 6581829 AND 6581929
	Index Only Scan using sbtest5_pkey on sbtest5  (cost=0.43..6.56 rows=106 width=4)
	  Index Cond: ((id >= 6581829) AND (id <= 6581929))

table 6 : explain SELECT id FROM sbtest6 WHERE id BETWEEN 6581829 AND 6581929
	Index Only Scan using sbtest6_pkey on sbtest6  (cost=0.43..6.53 rows=105 width=4)
	  Index Cond: ((id >= 6581829) AND (id <= 6581929))

table 7 : explain SELECT id FROM sbtest7 WHERE id BETWEEN 6581829 AND 6581929
	Index Only Scan using sbtest7_pkey on sbtest7  (cost=0.43..6.59 rows=108 width=4)
	  Index Cond: ((id >= 6581829) AND (id <= 6581929))

table 8 : explain SELECT id FROM sbtest8 WHERE id BETWEEN 6581829 AND 6581929
	Index Only Scan using sbtest8_pkey on sbtest8  (cost=0.43..6.51 rows=104 width=4)
	  Index Cond: ((id >= 6581829) AND (id <= 6581929))

explain: for range-covered :: explain SELECT id FROM sbtest%d WHERE id BETWEEN 6581829 AND 6581929
for range-covered
table 1 : explain SELECT id FROM sbtest1 WHERE id BETWEEN 3281357 AND 3281457
	Index Only Scan using sbtest1_pkey on sbtest1  (cost=0.43..6.61 rows=109 width=4)
	  Index Cond: ((id >= 3281357) AND (id <= 3281457))

table 2 : explain SELECT id FROM sbtest2 WHERE id BETWEEN 3281357 AND 3281457
	Index Only Scan using sbtest2_pkey on sbtest2  (cost=0.43..6.53 rows=105 width=4)
	  Index Cond: ((id >= 3281357) AND (id <= 3281457))

table 3 : explain SELECT id FROM sbtest3 WHERE id BETWEEN 3281357 AND 3281457
	Index Only Scan using sbtest3_pkey on sbtest3  (cost=0.43..6.63 rows=110 width=4)
	  Index Cond: ((id >= 3281357) AND (id <= 3281457))

table 4 : explain SELECT id FROM sbtest4 WHERE id BETWEEN 3281357 AND 3281457
	Index Only Scan using sbtest4_pkey on sbtest4  (cost=0.43..6.42 rows=99 width=4)
	  Index Cond: ((id >= 3281357) AND (id <= 3281457))

table 5 : explain SELECT id FROM sbtest5 WHERE id BETWEEN 3281357 AND 3281457
	Index Only Scan using sbtest5_pkey on sbtest5  (cost=0.43..6.72 rows=114 width=4)
	  Index Cond: ((id >= 3281357) AND (id <= 3281457))

table 6 : explain SELECT id FROM sbtest6 WHERE id BETWEEN 3281357 AND 3281457
	Index Only Scan using sbtest6_pkey on sbtest6  (cost=0.43..6.37 rows=97 width=4)
	  Index Cond: ((id >= 3281357) AND (id <= 3281457))

table 7 : explain SELECT id FROM sbtest7 WHERE id BETWEEN 3281357 AND 3281457
	Index Only Scan using sbtest7_pkey on sbtest7  (cost=0.43..6.29 rows=93 width=4)
	  Index Cond: ((id >= 3281357) AND (id <= 3281457))

table 8 : explain SELECT id FROM sbtest8 WHERE id BETWEEN 3281357 AND 3281457
	Index Only Scan using sbtest8_pkey on sbtest8  (cost=0.43..6.45 rows=101 width=4)
	  Index Cond: ((id >= 3281357) AND (id <= 3281457))

explain: for range-covered :: explain SELECT id FROM sbtest%d WHERE id BETWEEN 3281357 AND 3281457
for range-covered
table 1 : explain SELECT id FROM sbtest1 WHERE id BETWEEN 4530596 AND 4530696
	Index Only Scan using sbtest1_pkey on sbtest1  (cost=0.43..6.45 rows=101 width=4)
	  Index Cond: ((id >= 4530596) AND (id <= 4530696))

table 2 : explain SELECT id FROM sbtest2 WHERE id BETWEEN 4530596 AND 4530696
	Index Only Scan using sbtest2_pkey on sbtest2  (cost=0.43..6.25 rows=91 width=4)
	  Index Cond: ((id >= 4530596) AND (id <= 4530696))

table 3 : explain SELECT id FROM sbtest3 WHERE id BETWEEN 4530596 AND 4530696
	Index Only Scan using sbtest3_pkey on sbtest3  (cost=0.43..6.53 rows=105 width=4)
	  Index Cond: ((id >= 4530596) AND (id <= 4530696))

table 4 : explain SELECT id FROM sbtest4 WHERE id BETWEEN 4530596 AND 4530696
	Index Only Scan using sbtest4_pkey on sbtest4  (cost=0.43..6.40 rows=98 width=4)
	  Index Cond: ((id >= 4530596) AND (id <= 4530696))

table 5 : explain SELECT id FROM sbtest5 WHERE id BETWEEN 4530596 AND 4530696
	Index Only Scan using sbtest5_pkey on sbtest5  (cost=0.43..6.53 rows=105 width=4)
	  Index Cond: ((id >= 4530596) AND (id <= 4530696))

table 6 : explain SELECT id FROM sbtest6 WHERE id BETWEEN 4530596 AND 4530696
	Index Only Scan using sbtest6_pkey on sbtest6  (cost=0.43..6.51 rows=104 width=4)
	  Index Cond: ((id >= 4530596) AND (id <= 4530696))

table 7 : explain SELECT id FROM sbtest7 WHERE id BETWEEN 4530596 AND 4530696
	Index Only Scan using sbtest7_pkey on sbtest7  (cost=0.43..6.33 rows=95 width=4)
	  Index Cond: ((id >= 4530596) AND (id <= 4530696))

table 8 : explain SELECT id FROM sbtest8 WHERE id BETWEEN 4530596 AND 4530696
	Index Only Scan using sbtest8_pkey on sbtest8  (cost=0.43..6.40 rows=98 width=4)
	  Index Cond: ((id >= 4530596) AND (id <= 4530696))

explain: for range-covered :: explain SELECT id FROM sbtest%d WHERE id BETWEEN 4530596 AND 4530696
for range-covered
table 1 : explain SELECT id FROM sbtest1 WHERE id BETWEEN 6970869 AND 6970969
	Index Only Scan using sbtest1_pkey on sbtest1  (cost=0.43..6.50 rows=103 width=4)
	  Index Cond: ((id >= 6970869) AND (id <= 6970969))

table 2 : explain SELECT id FROM sbtest2 WHERE id BETWEEN 6970869 AND 6970969
	Index Only Scan using sbtest2_pkey on sbtest2  (cost=0.43..6.72 rows=114 width=4)
	  Index Cond: ((id >= 6970869) AND (id <= 6970969))

table 3 : explain SELECT id FROM sbtest3 WHERE id BETWEEN 6970869 AND 6970969
	Index Only Scan using sbtest3_pkey on sbtest3  (cost=0.43..6.33 rows=95 width=4)
	  Index Cond: ((id >= 6970869) AND (id <= 6970969))

table 4 : explain SELECT id FROM sbtest4 WHERE id BETWEEN 6970869 AND 6970969
	Index Only Scan using sbtest4_pkey on sbtest4  (cost=0.43..6.43 rows=100 width=4)
	  Index Cond: ((id >= 6970869) AND (id <= 6970969))

table 5 : explain SELECT id FROM sbtest5 WHERE id BETWEEN 6970869 AND 6970969
	Index Only Scan using sbtest5_pkey on sbtest5  (cost=0.43..6.37 rows=97 width=4)
	  Index Cond: ((id >= 6970869) AND (id <= 6970969))

table 6 : explain SELECT id FROM sbtest6 WHERE id BETWEEN 6970869 AND 6970969
	Index Only Scan using sbtest6_pkey on sbtest6  (cost=0.43..6.58 rows=107 width=4)
	  Index Cond: ((id >= 6970869) AND (id <= 6970969))

table 7 : explain SELECT id FROM sbtest7 WHERE id BETWEEN 6970869 AND 6970969
	Index Only Scan using sbtest7_pkey on sbtest7  (cost=0.43..6.47 rows=102 width=4)
	  Index Cond: ((id >= 6970869) AND (id <= 6970969))

table 8 : explain SELECT id FROM sbtest8 WHERE id BETWEEN 6970869 AND 6970969
	Index Only Scan using sbtest8_pkey on sbtest8  (cost=0.43..6.53 rows=105 width=4)
	  Index Cond: ((id >= 6970869) AND (id <= 6970969))

explain: for range-covered :: explain SELECT id FROM sbtest%d WHERE id BETWEEN 6970869 AND 6970969
for range-covered
table 1 : explain SELECT id FROM sbtest1 WHERE id BETWEEN 6581829 AND 6581929
	Index Only Scan using sbtest1_pkey on sbtest1  (cost=0.43..6.47 rows=102 width=4)
	  Index Cond: ((id >= 6581829) AND (id <= 6581929))

table 2 : explain SELECT id FROM sbtest2 WHERE id BETWEEN 6581829 AND 6581929
	Index Only Scan using sbtest2_pkey on sbtest2  (cost=0.43..6.53 rows=105 width=4)
	  Index Cond: ((id >= 6581829) AND (id <= 6581929))

table 3 : explain SELECT id FROM sbtest3 WHERE id BETWEEN 6581829 AND 6581929
	Index Only Scan using sbtest3_pkey on sbtest3  (cost=0.43..6.47 rows=102 width=4)
	  Index Cond: ((id >= 6581829) AND (id <= 6581929))

table 4 : explain SELECT id FROM sbtest4 WHERE id BETWEEN 6581829 AND 6581929
	Index Only Scan using sbtest4_pkey on sbtest4  (cost=0.43..6.63 rows=110 width=4)
	  Index Cond: ((id >= 6581829) AND (id <= 6581929))

table 5 : explain SELECT id FROM sbtest5 WHERE id BETWEEN 6581829 AND 6581929
	Index Only Scan using sbtest5_pkey on sbtest5  (cost=0.43..6.56 rows=106 width=4)
	  Index Cond: ((id >= 6581829) AND (id <= 6581929))

table 6 : explain SELECT id FROM sbtest6 WHERE id BETWEEN 6581829 AND 6581929
	Index Only Scan using sbtest6_pkey on sbtest6  (cost=0.43..6.53 rows=105 width=4)
	  Index Cond: ((id >= 6581829) AND (id <= 6581929))

table 7 : explain SELECT id FROM sbtest7 WHERE id BETWEEN 6581829 AND 6581929
	Index Only Scan using sbtest7_pkey on sbtest7  (cost=0.43..6.59 rows=108 width=4)
	  Index Cond: ((id >= 6581829) AND (id <= 6581929))

table 8 : explain SELECT id FROM sbtest8 WHERE id BETWEEN 6581829 AND 6581929
	Index Only Scan using sbtest8_pkey on sbtest8  (cost=0.43..6.51 rows=104 width=4)
	  Index Cond: ((id >= 6581829) AND (id <= 6581929))

explain: for range-covered :: explain SELECT id FROM sbtest%d WHERE id BETWEEN 6581829 AND 6581929
for range-covered
table 1 : explain SELECT id FROM sbtest1 WHERE id BETWEEN 3281357 AND 3281457
	Index Only Scan using sbtest1_pkey on sbtest1  (cost=0.43..6.61 rows=109 width=4)
	  Index Cond: ((id >= 3281357) AND (id <= 3281457))

table 2 : explain SELECT id FROM sbtest2 WHERE id BETWEEN 3281357 AND 3281457
	Index Only Scan using sbtest2_pkey on sbtest2  (cost=0.43..6.53 rows=105 width=4)
	  Index Cond: ((id >= 3281357) AND (id <= 3281457))

table 3 : explain SELECT id FROM sbtest3 WHERE id BETWEEN 3281357 AND 3281457
	Index Only Scan using sbtest3_pkey on sbtest3  (cost=0.43..6.63 rows=110 width=4)
	  Index Cond: ((id >= 3281357) AND (id <= 3281457))

table 4 : explain SELECT id FROM sbtest4 WHERE id BETWEEN 3281357 AND 3281457
	Index Only Scan using sbtest4_pkey on sbtest4  (cost=0.43..6.42 rows=99 width=4)
	  Index Cond: ((id >= 3281357) AND (id <= 3281457))

table 5 : explain SELECT id FROM sbtest5 WHERE id BETWEEN 3281357 AND 3281457
	Index Only Scan using sbtest5_pkey on sbtest5  (cost=0.43..6.72 rows=114 width=4)
	  Index Cond: ((id >= 3281357) AND (id <= 3281457))

table 6 : explain SELECT id FROM sbtest6 WHERE id BETWEEN 3281357 AND 3281457
	Index Only Scan using sbtest6_pkey on sbtest6  (cost=0.43..6.37 rows=97 width=4)
	  Index Cond: ((id >= 3281357) AND (id <= 3281457))

table 7 : explain SELECT id FROM sbtest7 WHERE id BETWEEN 3281357 AND 3281457
	Index Only Scan using sbtest7_pkey on sbtest7  (cost=0.43..6.29 rows=93 width=4)
	  Index Cond: ((id >= 3281357) AND (id <= 3281457))

table 8 : explain SELECT id FROM sbtest8 WHERE id BETWEEN 3281357 AND 3281457
	Index Only Scan using sbtest8_pkey on sbtest8  (cost=0.43..6.45 rows=101 width=4)
	  Index Cond: ((id >= 3281357) AND (id <= 3281457))

explain: for range-covered :: explain SELECT id FROM sbtest%d WHERE id BETWEEN 3281357 AND 3281457
for range-covered
table 1 : explain SELECT id FROM sbtest1 WHERE id BETWEEN 4530596 AND 4530696
	Index Only Scan using sbtest1_pkey on sbtest1  (cost=0.43..6.45 rows=101 width=4)
	  Index Cond: ((id >= 4530596) AND (id <= 4530696))

table 2 : explain SELECT id FROM sbtest2 WHERE id BETWEEN 4530596 AND 4530696
	Index Only Scan using sbtest2_pkey on sbtest2  (cost=0.43..6.25 rows=91 width=4)
	  Index Cond: ((id >= 4530596) AND (id <= 4530696))

table 3 : explain SELECT id FROM sbtest3 WHERE id BETWEEN 4530596 AND 4530696
	Index Only Scan using sbtest3_pkey on sbtest3  (cost=0.43..6.53 rows=105 width=4)
	  Index Cond: ((id >= 4530596) AND (id <= 4530696))

table 4 : explain SELECT id FROM sbtest4 WHERE id BETWEEN 4530596 AND 4530696
	Index Only Scan using sbtest4_pkey on sbtest4  (cost=0.43..6.40 rows=98 width=4)
	  Index Cond: ((id >= 4530596) AND (id <= 4530696))

table 5 : explain SELECT id FROM sbtest5 WHERE id BETWEEN 4530596 AND 4530696
	Index Only Scan using sbtest5_pkey on sbtest5  (cost=0.43..6.53 rows=105 width=4)
	  Index Cond: ((id >= 4530596) AND (id <= 4530696))

table 6 : explain SELECT id FROM sbtest6 WHERE id BETWEEN 4530596 AND 4530696
	Index Only Scan using sbtest6_pkey on sbtest6  (cost=0.43..6.51 rows=104 width=4)
	  Index Cond: ((id >= 4530596) AND (id <= 4530696))

table 7 : explain SELECT id FROM sbtest7 WHERE id BETWEEN 4530596 AND 4530696
	Index Only Scan using sbtest7_pkey on sbtest7  (cost=0.43..6.33 rows=95 width=4)
	  Index Cond: ((id >= 4530596) AND (id <= 4530696))

table 8 : explain SELECT id FROM sbtest8 WHERE id BETWEEN 4530596 AND 4530696
	Index Only Scan using sbtest8_pkey on sbtest8  (cost=0.43..6.40 rows=98 width=4)
	  Index Cond: ((id >= 4530596) AND (id <= 4530696))

explain: for range-covered :: explain SELECT id FROM sbtest%d WHERE id BETWEEN 4530596 AND 4530696
for range-covered
table 1 : explain SELECT id FROM sbtest1 WHERE id BETWEEN 6970869 AND 6970969
	Index Only Scan using sbtest1_pkey on sbtest1  (cost=0.43..6.50 rows=103 width=4)
	  Index Cond: ((id >= 6970869) AND (id <= 6970969))

table 2 : explain SELECT id FROM sbtest2 WHERE id BETWEEN 6970869 AND 6970969
	Index Only Scan using sbtest2_pkey on sbtest2  (cost=0.43..6.72 rows=114 width=4)
	  Index Cond: ((id >= 6970869) AND (id <= 6970969))

table 3 : explain SELECT id FROM sbtest3 WHERE id BETWEEN 6970869 AND 6970969
	Index Only Scan using sbtest3_pkey on sbtest3  (cost=0.43..6.33 rows=95 width=4)
	  Index Cond: ((id >= 6970869) AND (id <= 6970969))

table 4 : explain SELECT id FROM sbtest4 WHERE id BETWEEN 6970869 AND 6970969
	Index Only Scan using sbtest4_pkey on sbtest4  (cost=0.43..6.43 rows=100 width=4)
	  Index Cond: ((id >= 6970869) AND (id <= 6970969))

table 5 : explain SELECT id FROM sbtest5 WHERE id BETWEEN 6970869 AND 6970969
	Index Only Scan using sbtest5_pkey on sbtest5  (cost=0.43..6.37 rows=97 width=4)
	  Index Cond: ((id >= 6970869) AND (id <= 6970969))

table 6 : explain SELECT id FROM sbtest6 WHERE id BETWEEN 6970869 AND 6970969
	Index Only Scan using sbtest6_pkey on sbtest6  (cost=0.43..6.58 rows=107 width=4)
	  Index Cond: ((id >= 6970869) AND (id <= 6970969))

table 7 : explain SELECT id FROM sbtest7 WHERE id BETWEEN 6970869 AND 6970969
	Index Only Scan using sbtest7_pkey on sbtest7  (cost=0.43..6.47 rows=102 width=4)
	  Index Cond: ((id >= 6970869) AND (id <= 6970969))

table 8 : explain SELECT id FROM sbtest8 WHERE id BETWEEN 6970869 AND 6970969
	Index Only Scan using sbtest8_pkey on sbtest8  (cost=0.43..6.53 rows=105 width=4)
	  Index Cond: ((id >= 6970869) AND (id <= 6970969))

explain: for range-covered :: explain SELECT id FROM sbtest%d WHERE id BETWEEN 6970869 AND 6970969
for range-covered
table 1 : explain SELECT id FROM sbtest1 WHERE id BETWEEN 6581829 AND 6581929
	Index Only Scan using sbtest1_pkey on sbtest1  (cost=0.43..6.47 rows=102 width=4)
	  Index Cond: ((id >= 6581829) AND (id <= 6581929))

table 2 : explain SELECT id FROM sbtest2 WHERE id BETWEEN 6581829 AND 6581929
	Index Only Scan using sbtest2_pkey on sbtest2  (cost=0.43..6.53 rows=105 width=4)
	  Index Cond: ((id >= 6581829) AND (id <= 6581929))

table 3 : explain SELECT id FROM sbtest3 WHERE id BETWEEN 6581829 AND 6581929
	Index Only Scan using sbtest3_pkey on sbtest3  (cost=0.43..6.47 rows=102 width=4)
	  Index Cond: ((id >= 6581829) AND (id <= 6581929))

table 4 : explain SELECT id FROM sbtest4 WHERE id BETWEEN 6581829 AND 6581929
	Index Only Scan using sbtest4_pkey on sbtest4  (cost=0.43..6.63 rows=110 width=4)
	  Index Cond: ((id >= 6581829) AND (id <= 6581929))

table 5 : explain SELECT id FROM sbtest5 WHERE id BETWEEN 6581829 AND 6581929
	Index Only Scan using sbtest5_pkey on sbtest5  (cost=0.43..6.56 rows=106 width=4)
	  Index Cond: ((id >= 6581829) AND (id <= 6581929))

table 6 : explain SELECT id FROM sbtest6 WHERE id BETWEEN 6581829 AND 6581929
	Index Only Scan using sbtest6_pkey on sbtest6  (cost=0.43..6.53 rows=105 width=4)
	  Index Cond: ((id >= 6581829) AND (id <= 6581929))

table 7 : explain SELECT id FROM sbtest7 WHERE id BETWEEN 6581829 AND 6581929
	Index Only Scan using sbtest7_pkey on sbtest7  (cost=0.43..6.59 rows=108 width=4)
	  Index Cond: ((id >= 6581829) AND (id <= 6581929))

table 8 : explain SELECT id FROM sbtest8 WHERE id BETWEEN 6581829 AND 6581929
	Index Only Scan using sbtest8_pkey on sbtest8  (cost=0.43..6.51 rows=104 width=4)
	  Index Cond: ((id >= 6581829) AND (id <= 6581929))

explain: for range-covered :: explain SELECT id FROM sbtest%d WHERE id BETWEEN 6581829 AND 6581929
for range-covered
table 1 : explain SELECT id FROM sbtest1 WHERE id BETWEEN 3281357 AND 3281457
	Index Only Scan using sbtest1_pkey on sbtest1  (cost=0.43..6.61 rows=109 width=4)
	  Index Cond: ((id >= 3281357) AND (id <= 3281457))

table 2 : explain SELECT id FROM sbtest2 WHERE id BETWEEN 3281357 AND 3281457
	Index Only Scan using sbtest2_pkey on sbtest2  (cost=0.43..6.53 rows=105 width=4)
	  Index Cond: ((id >= 3281357) AND (id <= 3281457))

table 3 : explain SELECT id FROM sbtest3 WHERE id BETWEEN 3281357 AND 3281457
	Index Only Scan using sbtest3_pkey on sbtest3  (cost=0.43..6.63 rows=110 width=4)
	  Index Cond: ((id >= 3281357) AND (id <= 3281457))

table 4 : explain SELECT id FROM sbtest4 WHERE id BETWEEN 3281357 AND 3281457
	Index Only Scan using sbtest4_pkey on sbtest4  (cost=0.43..6.42 rows=99 width=4)
	  Index Cond: ((id >= 3281357) AND (id <= 3281457))

table 5 : explain SELECT id FROM sbtest5 WHERE id BETWEEN 3281357 AND 3281457
	Index Only Scan using sbtest5_pkey on sbtest5  (cost=0.43..6.72 rows=114 width=4)
	  Index Cond: ((id >= 3281357) AND (id <= 3281457))

table 6 : explain SELECT id FROM sbtest6 WHERE id BETWEEN 3281357 AND 3281457
	Index Only Scan using sbtest6_pkey on sbtest6  (cost=0.43..6.37 rows=97 width=4)
	  Index Cond: ((id >= 3281357) AND (id <= 3281457))

table 7 : explain SELECT id FROM sbtest7 WHERE id BETWEEN 3281357 AND 3281457
	Index Only Scan using sbtest7_pkey on sbtest7  (cost=0.43..6.29 rows=93 width=4)
	  Index Cond: ((id >= 3281357) AND (id <= 3281457))

table 8 : explain SELECT id FROM sbtest8 WHERE id BETWEEN 3281357 AND 3281457
	Index Only Scan using sbtest8_pkey on sbtest8  (cost=0.43..6.45 rows=101 width=4)
	  Index Cond: ((id >= 3281357) AND (id <= 3281457))

explain: for range-covered :: explain SELECT id FROM sbtest%d WHERE id BETWEEN 3281357 AND 3281457
for range-covered
table 1 : explain SELECT id FROM sbtest1 WHERE id BETWEEN 4530596 AND 4530696
	Index Only Scan using sbtest1_pkey on sbtest1  (cost=0.43..6.45 rows=101 width=4)
	  Index Cond: ((id >= 4530596) AND (id <= 4530696))

table 2 : explain SELECT id FROM sbtest2 WHERE id BETWEEN 4530596 AND 4530696
	Index Only Scan using sbtest2_pkey on sbtest2  (cost=0.43..6.25 rows=91 width=4)
	  Index Cond: ((id >= 4530596) AND (id <= 4530696))

table 3 : explain SELECT id FROM sbtest3 WHERE id BETWEEN 4530596 AND 4530696
	Index Only Scan using sbtest3_pkey on sbtest3  (cost=0.43..6.53 rows=105 width=4)
	  Index Cond: ((id >= 4530596) AND (id <= 4530696))

table 4 : explain SELECT id FROM sbtest4 WHERE id BETWEEN 4530596 AND 4530696
	Index Only Scan using sbtest4_pkey on sbtest4  (cost=0.43..6.40 rows=98 width=4)
	  Index Cond: ((id >= 4530596) AND (id <= 4530696))

table 5 : explain SELECT id FROM sbtest5 WHERE id BETWEEN 4530596 AND 4530696
	Index Only Scan using sbtest5_pkey on sbtest5  (cost=0.43..6.53 rows=105 width=4)
	  Index Cond: ((id >= 4530596) AND (id <= 4530696))

table 6 : explain SELECT id FROM sbtest6 WHERE id BETWEEN 4530596 AND 4530696
	Index Only Scan using sbtest6_pkey on sbtest6  (cost=0.43..6.51 rows=104 width=4)
	  Index Cond: ((id >= 4530596) AND (id <= 4530696))

table 7 : explain SELECT id FROM sbtest7 WHERE id BETWEEN 4530596 AND 4530696
	Index Only Scan using sbtest7_pkey on sbtest7  (cost=0.43..6.33 rows=95 width=4)
	  Index Cond: ((id >= 4530596) AND (id <= 4530696))

table 8 : explain SELECT id FROM sbtest8 WHERE id BETWEEN 4530596 AND 4530696
	Index Only Scan using sbtest8_pkey on sbtest8  (cost=0.43..6.40 rows=98 width=4)
	  Index Cond: ((id >= 4530596) AND (id <= 4530696))

for range-covered
table 1 : explain SELECT id FROM sbtest1 WHERE id BETWEEN 6970869 AND 6970969
	Index Only Scan using sbtest1_pkey on sbtest1  (cost=0.43..6.50 rows=103 width=4)
	  Index Cond: ((id >= 6970869) AND (id <= 6970969))

table 2 : explain SELECT id FROM sbtest2 WHERE id BETWEEN 6970869 AND 6970969
	Index Only Scan using sbtest2_pkey on sbtest2  (cost=0.43..6.72 rows=114 width=4)
	  Index Cond: ((id >= 6970869) AND (id <= 6970969))

table 3 : explain SELECT id FROM sbtest3 WHERE id BETWEEN 6970869 AND 6970969
	Index Only Scan using sbtest3_pkey on sbtest3  (cost=0.43..6.33 rows=95 width=4)
	  Index Cond: ((id >= 6970869) AND (id <= 6970969))

table 4 : explain SELECT id FROM sbtest4 WHERE id BETWEEN 6970869 AND 6970969
	Index Only Scan using sbtest4_pkey on sbtest4  (cost=0.43..6.43 rows=100 width=4)
	  Index Cond: ((id >= 6970869) AND (id <= 6970969))

table 5 : explain SELECT id FROM sbtest5 WHERE id BETWEEN 6970869 AND 6970969
	Index Only Scan using sbtest5_pkey on sbtest5  (cost=0.43..6.37 rows=97 width=4)
	  Index Cond: ((id >= 6970869) AND (id <= 6970969))

table 6 : explain SELECT id FROM sbtest6 WHERE id BETWEEN 6970869 AND 6970969
	Index Only Scan using sbtest6_pkey on sbtest6  (cost=0.43..6.58 rows=107 width=4)
	  Index Cond: ((id >= 6970869) AND (id <= 6970969))

table 7 : explain SELECT id FROM sbtest7 WHERE id BETWEEN 6970869 AND 6970969
	Index Only Scan using sbtest7_pkey on sbtest7  (cost=0.43..6.47 rows=102 width=4)
	  Index Cond: ((id >= 6970869) AND (id <= 6970969))

table 8 : explain SELECT id FROM sbtest8 WHERE id BETWEEN 6970869 AND 6970969
	Index Only Scan using sbtest8_pkey on sbtest8  (cost=0.43..6.53 rows=105 width=4)
	  Index Cond: ((id >= 6970869) AND (id <= 6970969))

explain: for range-covered :: explain SELECT id FROM sbtest%d WHERE id BETWEEN 6970869 AND 6970969
for range-covered
table 1 : explain SELECT id FROM sbtest1 WHERE id BETWEEN 3281357 AND 3281457
	Index Only Scan using sbtest1_pkey on sbtest1  (cost=0.43..6.61 rows=109 width=4)
	  Index Cond: ((id >= 3281357) AND (id <= 3281457))

table 2 : explain SELECT id FROM sbtest2 WHERE id BETWEEN 3281357 AND 3281457
	Index Only Scan using sbtest2_pkey on sbtest2  (cost=0.43..6.53 rows=105 width=4)
	  Index Cond: ((id >= 3281357) AND (id <= 3281457))

table 3 : explain SELECT id FROM sbtest3 WHERE id BETWEEN 3281357 AND 3281457
	Index Only Scan using sbtest3_pkey on sbtest3  (cost=0.43..6.63 rows=110 width=4)
	  Index Cond: ((id >= 3281357) AND (id <= 3281457))

table 4 : explain SELECT id FROM sbtest4 WHERE id BETWEEN 3281357 AND 3281457
	Index Only Scan using sbtest4_pkey on sbtest4  (cost=0.43..6.42 rows=99 width=4)
	  Index Cond: ((id >= 3281357) AND (id <= 3281457))

table 5 : explain SELECT id FROM sbtest5 WHERE id BETWEEN 3281357 AND 3281457
	Index Only Scan using sbtest5_pkey on sbtest5  (cost=0.43..6.72 rows=114 width=4)
	  Index Cond: ((id >= 3281357) AND (id <= 3281457))

table 6 : explain SELECT id FROM sbtest6 WHERE id BETWEEN 3281357 AND 3281457
	Index Only Scan using sbtest6_pkey on sbtest6  (cost=0.43..6.37 rows=97 width=4)
	  Index Cond: ((id >= 3281357) AND (id <= 3281457))

table 7 : explain SELECT id FROM sbtest7 WHERE id BETWEEN 3281357 AND 3281457
	Index Only Scan using sbtest7_pkey on sbtest7  (cost=0.43..6.29 rows=93 width=4)
	  Index Cond: ((id >= 3281357) AND (id <= 3281457))

table 8 : explain SELECT id FROM sbtest8 WHERE id BETWEEN 3281357 AND 3281457
	Index Only Scan using sbtest8_pkey on sbtest8  (cost=0.43..6.45 rows=101 width=4)
	  Index Cond: ((id >= 3281357) AND (id <= 3281457))

for range-covered
table 1 : explain SELECT id FROM sbtest1 WHERE id BETWEEN 6970869 AND 6970969
	Index Only Scan using sbtest1_pkey on sbtest1  (cost=0.43..6.50 rows=103 width=4)
	  Index Cond: ((id >= 6970869) AND (id <= 6970969))

table 2 : explain SELECT id FROM sbtest2 WHERE id BETWEEN 6970869 AND 6970969
	Index Only Scan using sbtest2_pkey on sbtest2  (cost=0.43..6.72 rows=114 width=4)
	  Index Cond: ((id >= 6970869) AND (id <= 6970969))

table 3 : explain SELECT id FROM sbtest3 WHERE id BETWEEN 6970869 AND 6970969
	Index Only Scan using sbtest3_pkey on sbtest3  (cost=0.43..6.33 rows=95 width=4)
	  Index Cond: ((id >= 6970869) AND (id <= 6970969))

table 4 : explain SELECT id FROM sbtest4 WHERE id BETWEEN 6970869 AND 6970969
	Index Only Scan using sbtest4_pkey on sbtest4  (cost=0.43..6.43 rows=100 width=4)
	  Index Cond: ((id >= 6970869) AND (id <= 6970969))

table 5 : explain SELECT id FROM sbtest5 WHERE id BETWEEN 6970869 AND 6970969
	Index Only Scan using sbtest5_pkey on sbtest5  (cost=0.43..6.37 rows=97 width=4)
	  Index Cond: ((id >= 6970869) AND (id <= 6970969))

table 6 : explain SELECT id FROM sbtest6 WHERE id BETWEEN 6970869 AND 6970969
	Index Only Scan using sbtest6_pkey on sbtest6  (cost=0.43..6.58 rows=107 width=4)
	  Index Cond: ((id >= 6970869) AND (id <= 6970969))

table 7 : explain SELECT id FROM sbtest7 WHERE id BETWEEN 6970869 AND 6970969
	Index Only Scan using sbtest7_pkey on sbtest7  (cost=0.43..6.47 rows=102 width=4)
	  Index Cond: ((id >= 6970869) AND (id <= 6970969))

table 8 : explain SELECT id FROM sbtest8 WHERE id BETWEEN 6970869 AND 6970969
	Index Only Scan using sbtest8_pkey on sbtest8  (cost=0.43..6.53 rows=105 width=4)
	  Index Cond: ((id >= 6970869) AND (id <= 6970969))

explain: for range-covered :: explain SELECT id FROM sbtest%d WHERE id BETWEEN 6970869 AND 6970969
for range-covered
table 1 : explain SELECT id FROM sbtest1 WHERE id BETWEEN 6970869 AND 6970969
	Index Only Scan using sbtest1_pkey on sbtest1  (cost=0.43..6.50 rows=103 width=4)
	  Index Cond: ((id >= 6970869) AND (id <= 6970969))

table 2 : explain SELECT id FROM sbtest2 WHERE id BETWEEN 6970869 AND 6970969
	Index Only Scan using sbtest2_pkey on sbtest2  (cost=0.43..6.72 rows=114 width=4)
	  Index Cond: ((id >= 6970869) AND (id <= 6970969))

table 3 : explain SELECT id FROM sbtest3 WHERE id BETWEEN 6970869 AND 6970969
	Index Only Scan using sbtest3_pkey on sbtest3  (cost=0.43..6.33 rows=95 width=4)
	  Index Cond: ((id >= 6970869) AND (id <= 6970969))

table 4 : explain SELECT id FROM sbtest4 WHERE id BETWEEN 6970869 AND 6970969
	Index Only Scan using sbtest4_pkey on sbtest4  (cost=0.43..6.43 rows=100 width=4)
	  Index Cond: ((id >= 6970869) AND (id <= 6970969))

table 5 : explain SELECT id FROM sbtest5 WHERE id BETWEEN 6970869 AND 6970969
	Index Only Scan using sbtest5_pkey on sbtest5  (cost=0.43..6.37 rows=97 width=4)
	  Index Cond: ((id >= 6970869) AND (id <= 6970969))

table 6 : explain SELECT id FROM sbtest6 WHERE id BETWEEN 6970869 AND 6970969
	Index Only Scan using sbtest6_pkey on sbtest6  (cost=0.43..6.58 rows=107 width=4)
	  Index Cond: ((id >= 6970869) AND (id <= 6970969))

table 7 : explain SELECT id FROM sbtest7 WHERE id BETWEEN 6970869 AND 6970969
	Index Only Scan using sbtest7_pkey on sbtest7  (cost=0.43..6.47 rows=102 width=4)
	  Index Cond: ((id >= 6970869) AND (id <= 6970969))

table 8 : explain SELECT id FROM sbtest8 WHERE id BETWEEN 6970869 AND 6970969
	Index Only Scan using sbtest8_pkey on sbtest8  (cost=0.43..6.53 rows=105 width=4)
	  Index Cond: ((id >= 6970869) AND (id <= 6970969))

explain: for range-covered :: explain SELECT id FROM sbtest%d WHERE id BETWEEN 6970869 AND 6970969
explain: for range-covered :: explain SELECT id FROM sbtest%d WHERE id BETWEEN 5257836 AND 5257936
for range-covered
table 1 : explain SELECT id FROM sbtest1 WHERE id BETWEEN 6581829 AND 6581929
	Index Only Scan using sbtest1_pkey on sbtest1  (cost=0.43..6.47 rows=102 width=4)
	  Index Cond: ((id >= 6581829) AND (id <= 6581929))

table 2 : explain SELECT id FROM sbtest2 WHERE id BETWEEN 6581829 AND 6581929
	Index Only Scan using sbtest2_pkey on sbtest2  (cost=0.43..6.53 rows=105 width=4)
	  Index Cond: ((id >= 6581829) AND (id <= 6581929))

table 3 : explain SELECT id FROM sbtest3 WHERE id BETWEEN 6581829 AND 6581929
	Index Only Scan using sbtest3_pkey on sbtest3  (cost=0.43..6.47 rows=102 width=4)
	  Index Cond: ((id >= 6581829) AND (id <= 6581929))

table 4 : explain SELECT id FROM sbtest4 WHERE id BETWEEN 6581829 AND 6581929
	Index Only Scan using sbtest4_pkey on sbtest4  (cost=0.43..6.63 rows=110 width=4)
	  Index Cond: ((id >= 6581829) AND (id <= 6581929))

table 5 : explain SELECT id FROM sbtest5 WHERE id BETWEEN 6581829 AND 6581929
	Index Only Scan using sbtest5_pkey on sbtest5  (cost=0.43..6.56 rows=106 width=4)
	  Index Cond: ((id >= 6581829) AND (id <= 6581929))

table 6 : explain SELECT id FROM sbtest6 WHERE id BETWEEN 6581829 AND 6581929
	Index Only Scan using sbtest6_pkey on sbtest6  (cost=0.43..6.53 rows=105 width=4)
	  Index Cond: ((id >= 6581829) AND (id <= 6581929))

table 7 : explain SELECT id FROM sbtest7 WHERE id BETWEEN 6581829 AND 6581929
	Index Only Scan using sbtest7_pkey on sbtest7  (cost=0.43..6.59 rows=108 width=4)
	  Index Cond: ((id >= 6581829) AND (id <= 6581929))

table 8 : explain SELECT id FROM sbtest8 WHERE id BETWEEN 6581829 AND 6581929
	Index Only Scan using sbtest8_pkey on sbtest8  (cost=0.43..6.51 rows=104 width=4)
	  Index Cond: ((id >= 6581829) AND (id <= 6581929))

for range-covered
table 1 : explain SELECT id FROM sbtest1 WHERE id BETWEEN 6970869 AND 6970969
	Index Only Scan using sbtest1_pkey on sbtest1  (cost=0.43..6.50 rows=103 width=4)
	  Index Cond: ((id >= 6970869) AND (id <= 6970969))

table 2 : explain SELECT id FROM sbtest2 WHERE id BETWEEN 6970869 AND 6970969
	Index Only Scan using sbtest2_pkey on sbtest2  (cost=0.43..6.72 rows=114 width=4)
	  Index Cond: ((id >= 6970869) AND (id <= 6970969))

table 3 : explain SELECT id FROM sbtest3 WHERE id BETWEEN 6970869 AND 6970969
	Index Only Scan using sbtest3_pkey on sbtest3  (cost=0.43..6.33 rows=95 width=4)
	  Index Cond: ((id >= 6970869) AND (id <= 6970969))

table 4 : explain SELECT id FROM sbtest4 WHERE id BETWEEN 6970869 AND 6970969
	Index Only Scan using sbtest4_pkey on sbtest4  (cost=0.43..6.43 rows=100 width=4)
	  Index Cond: ((id >= 6970869) AND (id <= 6970969))

table 5 : explain SELECT id FROM sbtest5 WHERE id BETWEEN 6970869 AND 6970969
	Index Only Scan using sbtest5_pkey on sbtest5  (cost=0.43..6.37 rows=97 width=4)
	  Index Cond: ((id >= 6970869) AND (id <= 6970969))

table 6 : explain SELECT id FROM sbtest6 WHERE id BETWEEN 6970869 AND 6970969
	Index Only Scan using sbtest6_pkey on sbtest6  (cost=0.43..6.58 rows=107 width=4)
	  Index Cond: ((id >= 6970869) AND (id <= 6970969))

table 7 : explain SELECT id FROM sbtest7 WHERE id BETWEEN 6970869 AND 6970969
	Index Only Scan using sbtest7_pkey on sbtest7  (cost=0.43..6.47 rows=102 width=4)
	  Index Cond: ((id >= 6970869) AND (id <= 6970969))

table 8 : explain SELECT id FROM sbtest8 WHERE id BETWEEN 6970869 AND 6970969
	Index Only Scan using sbtest8_pkey on sbtest8  (cost=0.43..6.53 rows=105 width=4)
	  Index Cond: ((id >= 6970869) AND (id <= 6970969))

explain: for range-covered :: explain SELECT id FROM sbtest%d WHERE id BETWEEN 7463953 AND 7464053
explain: for range-covered :: explain SELECT id FROM sbtest%d WHERE id BETWEEN 4034761 AND 4034861
explain: for range-covered :: explain SELECT id FROM sbtest%d WHERE id BETWEEN 9403920 AND 9404020
for range-covered
table 1 : explain SELECT id FROM sbtest1 WHERE id BETWEEN 5257836 AND 5257936
	Index Only Scan using sbtest1_pkey on sbtest1  (cost=0.43..6.40 rows=98 width=4)
	  Index Cond: ((id >= 5257836) AND (id <= 5257936))

table 2 : explain SELECT id FROM sbtest2 WHERE id BETWEEN 5257836 AND 5257936
	Index Only Scan using sbtest2_pkey on sbtest2  (cost=0.43..6.56 rows=106 width=4)
	  Index Cond: ((id >= 5257836) AND (id <= 5257936))

table 3 : explain SELECT id FROM sbtest3 WHERE id BETWEEN 5257836 AND 5257936
	Index Only Scan using sbtest3_pkey on sbtest3  (cost=0.43..6.69 rows=113 width=4)
	  Index Cond: ((id >= 5257836) AND (id <= 5257936))

table 4 : explain SELECT id FROM sbtest4 WHERE id BETWEEN 5257836 AND 5257936
	Index Only Scan using sbtest4_pkey on sbtest4  (cost=0.43..6.33 rows=95 width=4)
	  Index Cond: ((id >= 5257836) AND (id <= 5257936))

table 5 : explain SELECT id FROM sbtest5 WHERE id BETWEEN 5257836 AND 5257936
	Index Only Scan using sbtest5_pkey on sbtest5  (cost=0.43..6.66 rows=111 width=4)
	  Index Cond: ((id >= 5257836) AND (id <= 5257936))

table 6 : explain SELECT id FROM sbtest6 WHERE id BETWEEN 5257836 AND 5257936
	Index Only Scan using sbtest6_pkey on sbtest6  (cost=0.43..6.42 rows=99 width=4)
	  Index Cond: ((id >= 5257836) AND (id <= 5257936))

table 7 : explain SELECT id FROM sbtest7 WHERE id BETWEEN 5257836 AND 5257936
	Index Only Scan using sbtest7_pkey on sbtest7  (cost=0.43..6.51 rows=104 width=4)
	  Index Cond: ((id >= 5257836) AND (id <= 5257936))

table 8 : explain SELECT id FROM sbtest8 WHERE id BETWEEN 5257836 AND 5257936
	Index Only Scan using sbtest8_pkey on sbtest8  (cost=0.43..6.43 rows=100 width=4)
	  Index Cond: ((id >= 5257836) AND (id <= 5257936))

explain: for range-covered :: explain SELECT id FROM sbtest%d WHERE id BETWEEN 5257836 AND 5257936
for range-covered
table 1 : explain SELECT id FROM sbtest1 WHERE id BETWEEN 5257836 AND 5257936
	Index Only Scan using sbtest1_pkey on sbtest1  (cost=0.43..6.40 rows=98 width=4)
	  Index Cond: ((id >= 5257836) AND (id <= 5257936))

table 2 : explain SELECT id FROM sbtest2 WHERE id BETWEEN 5257836 AND 5257936
	Index Only Scan using sbtest2_pkey on sbtest2  (cost=0.43..6.56 rows=106 width=4)
	  Index Cond: ((id >= 5257836) AND (id <= 5257936))

table 3 : explain SELECT id FROM sbtest3 WHERE id BETWEEN 5257836 AND 5257936
	Index Only Scan using sbtest3_pkey on sbtest3  (cost=0.43..6.69 rows=113 width=4)
	  Index Cond: ((id >= 5257836) AND (id <= 5257936))

table 4 : explain SELECT id FROM sbtest4 WHERE id BETWEEN 5257836 AND 5257936
	Index Only Scan using sbtest4_pkey on sbtest4  (cost=0.43..6.33 rows=95 width=4)
	  Index Cond: ((id >= 5257836) AND (id <= 5257936))

table 5 : explain SELECT id FROM sbtest5 WHERE id BETWEEN 5257836 AND 5257936
	Index Only Scan using sbtest5_pkey on sbtest5  (cost=0.43..6.66 rows=111 width=4)
	  Index Cond: ((id >= 5257836) AND (id <= 5257936))

table 6 : explain SELECT id FROM sbtest6 WHERE id BETWEEN 5257836 AND 5257936
	Index Only Scan using sbtest6_pkey on sbtest6  (cost=0.43..6.42 rows=99 width=4)
	  Index Cond: ((id >= 5257836) AND (id <= 5257936))

table 7 : explain SELECT id FROM sbtest7 WHERE id BETWEEN 5257836 AND 5257936
	Index Only Scan using sbtest7_pkey on sbtest7  (cost=0.43..6.51 rows=104 width=4)
	  Index Cond: ((id >= 5257836) AND (id <= 5257936))

table 8 : explain SELECT id FROM sbtest8 WHERE id BETWEEN 5257836 AND 5257936
	Index Only Scan using sbtest8_pkey on sbtest8  (cost=0.43..6.43 rows=100 width=4)
	  Index Cond: ((id >= 5257836) AND (id <= 5257936))

explain: for range-covered :: explain SELECT id FROM sbtest%d WHERE id BETWEEN 5257836 AND 5257936
explain: for range-covered :: explain SELECT id FROM sbtest%d WHERE id BETWEEN 9715415 AND 9715515
for range-covered
table 1 : explain SELECT id FROM sbtest1 WHERE id BETWEEN 7463953 AND 7464053
	Index Only Scan using sbtest1_pkey on sbtest1  (cost=0.43..6.43 rows=100 width=4)
	  Index Cond: ((id >= 7463953) AND (id <= 7464053))

table 2 : explain SELECT id FROM sbtest2 WHERE id BETWEEN 7463953 AND 7464053
	Index Only Scan using sbtest2_pkey on sbtest2  (cost=0.43..6.53 rows=105 width=4)
	  Index Cond: ((id >= 7463953) AND (id <= 7464053))

table 3 : explain SELECT id FROM sbtest3 WHERE id BETWEEN 7463953 AND 7464053
	Index Only Scan using sbtest3_pkey on sbtest3  (cost=0.43..6.25 rows=91 width=4)
	  Index Cond: ((id >= 7463953) AND (id <= 7464053))

table 4 : explain SELECT id FROM sbtest4 WHERE id BETWEEN 7463953 AND 7464053
	Index Only Scan using sbtest4_pkey on sbtest4  (cost=0.43..6.51 rows=104 width=4)
	  Index Cond: ((id >= 7463953) AND (id <= 7464053))

table 5 : explain SELECT id FROM sbtest5 WHERE id BETWEEN 7463953 AND 7464053
	Index Only Scan using sbtest5_pkey on sbtest5  (cost=0.43..6.25 rows=91 width=4)
	  Index Cond: ((id >= 7463953) AND (id <= 7464053))

table 6 : explain SELECT id FROM sbtest6 WHERE id BETWEEN 7463953 AND 7464053
	Index Only Scan using sbtest6_pkey on sbtest6  (cost=0.43..6.42 rows=99 width=4)
	  Index Cond: ((id >= 7463953) AND (id <= 7464053))

table 7 : explain SELECT id FROM sbtest7 WHERE id BETWEEN 7463953 AND 7464053
	Index Only Scan using sbtest7_pkey on sbtest7  (cost=0.43..6.87 rows=122 width=4)
	  Index Cond: ((id >= 7463953) AND (id <= 7464053))

table 8 : explain SELECT id FROM sbtest8 WHERE id BETWEEN 7463953 AND 7464053
	Index Only Scan using sbtest8_pkey on sbtest8  (cost=0.43..6.53 rows=105 width=4)
	  Index Cond: ((id >= 7463953) AND (id <= 7464053))

for range-covered
table 1 : explain SELECT id FROM sbtest1 WHERE id BETWEEN 4034761 AND 4034861
	Index Only Scan using sbtest1_pkey on sbtest1  (cost=0.43..6.47 rows=102 width=4)
	  Index Cond: ((id >= 4034761) AND (id <= 4034861))

table 2 : explain SELECT id FROM sbtest2 WHERE id BETWEEN 4034761 AND 4034861
	Index Only Scan using sbtest2_pkey on sbtest2  (cost=0.43..6.43 rows=100 width=4)
	  Index Cond: ((id >= 4034761) AND (id <= 4034861))

table 3 : explain SELECT id FROM sbtest3 WHERE id BETWEEN 4034761 AND 4034861
	Index Only Scan using sbtest3_pkey on sbtest3  (cost=0.43..6.37 rows=97 width=4)
	  Index Cond: ((id >= 4034761) AND (id <= 4034861))

table 4 : explain SELECT id FROM sbtest4 WHERE id BETWEEN 4034761 AND 4034861
	Index Only Scan using sbtest4_pkey on sbtest4  (cost=0.43..6.45 rows=101 width=4)
	  Index Cond: ((id >= 4034761) AND (id <= 4034861))

table 5 : explain SELECT id FROM sbtest5 WHERE id BETWEEN 4034761 AND 4034861
	Index Only Scan using sbtest5_pkey on sbtest5  (cost=0.43..6.37 rows=97 width=4)
	  Index Cond: ((id >= 4034761) AND (id <= 4034861))

table 6 : explain SELECT id FROM sbtest6 WHERE id BETWEEN 4034761 AND 4034861
	Index Only Scan using sbtest6_pkey on sbtest6  (cost=0.43..6.33 rows=95 width=4)
	  Index Cond: ((id >= 4034761) AND (id <= 4034861))

table 7 : explain SELECT id FROM sbtest7 WHERE id BETWEEN 4034761 AND 4034861
	Index Only Scan using sbtest7_pkey on sbtest7  (cost=0.43..6.42 rows=99 width=4)
	  Index Cond: ((id >= 4034761) AND (id <= 4034861))

table 8 : explain SELECT id FROM sbtest8 WHERE id BETWEEN 4034761 AND 4034861
	Index Only Scan using sbtest8_pkey on sbtest8  (cost=0.43..6.61 rows=109 width=4)
	  Index Cond: ((id >= 4034761) AND (id <= 4034861))

explain: for range-covered :: explain SELECT id FROM sbtest%d WHERE id BETWEEN 7463953 AND 7464053
explain: for range-covered :: explain SELECT id FROM sbtest%d WHERE id BETWEEN 4034761 AND 4034861
for range-covered
table 1 : explain SELECT id FROM sbtest1 WHERE id BETWEEN 5257836 AND 5257936
	Index Only Scan using sbtest1_pkey on sbtest1  (cost=0.43..6.40 rows=98 width=4)
	  Index Cond: ((id >= 5257836) AND (id <= 5257936))

table 2 : explain SELECT id FROM sbtest2 WHERE id BETWEEN 5257836 AND 5257936
	Index Only Scan using sbtest2_pkey on sbtest2  (cost=0.43..6.56 rows=106 width=4)
	  Index Cond: ((id >= 5257836) AND (id <= 5257936))

table 3 : explain SELECT id FROM sbtest3 WHERE id BETWEEN 5257836 AND 5257936
	Index Only Scan using sbtest3_pkey on sbtest3  (cost=0.43..6.69 rows=113 width=4)
	  Index Cond: ((id >= 5257836) AND (id <= 5257936))

table 4 : explain SELECT id FROM sbtest4 WHERE id BETWEEN 5257836 AND 5257936
	Index Only Scan using sbtest4_pkey on sbtest4  (cost=0.43..6.33 rows=95 width=4)
	  Index Cond: ((id >= 5257836) AND (id <= 5257936))

table 5 : explain SELECT id FROM sbtest5 WHERE id BETWEEN 5257836 AND 5257936
	Index Only Scan using sbtest5_pkey on sbtest5  (cost=0.43..6.66 rows=111 width=4)
	  Index Cond: ((id >= 5257836) AND (id <= 5257936))

table 6 : explain SELECT id FROM sbtest6 WHERE id BETWEEN 5257836 AND 5257936
	Index Only Scan using sbtest6_pkey on sbtest6  (cost=0.43..6.42 rows=99 width=4)
	  Index Cond: ((id >= 5257836) AND (id <= 5257936))

table 7 : explain SELECT id FROM sbtest7 WHERE id BETWEEN 5257836 AND 5257936
	Index Only Scan using sbtest7_pkey on sbtest7  (cost=0.43..6.51 rows=104 width=4)
	  Index Cond: ((id >= 5257836) AND (id <= 5257936))

table 8 : explain SELECT id FROM sbtest8 WHERE id BETWEEN 5257836 AND 5257936
	Index Only Scan using sbtest8_pkey on sbtest8  (cost=0.43..6.43 rows=100 width=4)
	  Index Cond: ((id >= 5257836) AND (id <= 5257936))

explain: for range-covered :: explain SELECT id FROM sbtest%d WHERE id BETWEEN 5257836 AND 5257936
for range-covered
table 1 : explain SELECT id FROM sbtest1 WHERE id BETWEEN 7463953 AND 7464053
	Index Only Scan using sbtest1_pkey on sbtest1  (cost=0.43..6.43 rows=100 width=4)
	  Index Cond: ((id >= 7463953) AND (id <= 7464053))

table 2 : explain SELECT id FROM sbtest2 WHERE id BETWEEN 7463953 AND 7464053
	Index Only Scan using sbtest2_pkey on sbtest2  (cost=0.43..6.53 rows=105 width=4)
	  Index Cond: ((id >= 7463953) AND (id <= 7464053))

table 3 : explain SELECT id FROM sbtest3 WHERE id BETWEEN 7463953 AND 7464053
	Index Only Scan using sbtest3_pkey on sbtest3  (cost=0.43..6.25 rows=91 width=4)
	  Index Cond: ((id >= 7463953) AND (id <= 7464053))

table 4 : explain SELECT id FROM sbtest4 WHERE id BETWEEN 7463953 AND 7464053
	Index Only Scan using sbtest4_pkey on sbtest4  (cost=0.43..6.51 rows=104 width=4)
	  Index Cond: ((id >= 7463953) AND (id <= 7464053))

table 5 : explain SELECT id FROM sbtest5 WHERE id BETWEEN 7463953 AND 7464053
	Index Only Scan using sbtest5_pkey on sbtest5  (cost=0.43..6.25 rows=91 width=4)
	  Index Cond: ((id >= 7463953) AND (id <= 7464053))

table 6 : explain SELECT id FROM sbtest6 WHERE id BETWEEN 7463953 AND 7464053
	Index Only Scan using sbtest6_pkey on sbtest6  (cost=0.43..6.42 rows=99 width=4)
	  Index Cond: ((id >= 7463953) AND (id <= 7464053))

table 7 : explain SELECT id FROM sbtest7 WHERE id BETWEEN 7463953 AND 7464053
	Index Only Scan using sbtest7_pkey on sbtest7  (cost=0.43..6.87 rows=122 width=4)
	  Index Cond: ((id >= 7463953) AND (id <= 7464053))

table 8 : explain SELECT id FROM sbtest8 WHERE id BETWEEN 7463953 AND 7464053
	Index Only Scan using sbtest8_pkey on sbtest8  (cost=0.43..6.53 rows=105 width=4)
	  Index Cond: ((id >= 7463953) AND (id <= 7464053))

explain: for range-covered :: explain SELECT id FROM sbtest%d WHERE id BETWEEN 7463953 AND 7464053
for range-covered
table 1 : explain SELECT id FROM sbtest1 WHERE id BETWEEN 9403920 AND 9404020
	Index Only Scan using sbtest1_pkey on sbtest1  (cost=0.43..6.59 rows=108 width=4)
	  Index Cond: ((id >= 9403920) AND (id <= 9404020))

table 2 : explain SELECT id FROM sbtest2 WHERE id BETWEEN 9403920 AND 9404020
	Index Only Scan using sbtest2_pkey on sbtest2  (cost=0.43..6.33 rows=95 width=4)
	  Index Cond: ((id >= 9403920) AND (id <= 9404020))

table 3 : explain SELECT id FROM sbtest3 WHERE id BETWEEN 9403920 AND 9404020
	Index Only Scan using sbtest3_pkey on sbtest3  (cost=0.43..6.69 rows=113 width=4)
	  Index Cond: ((id >= 9403920) AND (id <= 9404020))

table 4 : explain SELECT id FROM sbtest4 WHERE id BETWEEN 9403920 AND 9404020
	Index Only Scan using sbtest4_pkey on sbtest4  (cost=0.43..6.47 rows=102 width=4)
	  Index Cond: ((id >= 9403920) AND (id <= 9404020))

table 5 : explain SELECT id FROM sbtest5 WHERE id BETWEEN 9403920 AND 9404020
	Index Only Scan using sbtest5_pkey on sbtest5  (cost=0.43..6.40 rows=98 width=4)
	  Index Cond: ((id >= 9403920) AND (id <= 9404020))

table 6 : explain SELECT id FROM sbtest6 WHERE id BETWEEN 9403920 AND 9404020
	Index Only Scan using sbtest6_pkey on sbtest6  (cost=0.43..6.29 rows=93 width=4)
	  Index Cond: ((id >= 9403920) AND (id <= 9404020))

table 7 : explain SELECT id FROM sbtest7 WHERE id BETWEEN 9403920 AND 9404020
	Index Only Scan using sbtest7_pkey on sbtest7  (cost=0.43..6.51 rows=104 width=4)
	  Index Cond: ((id >= 9403920) AND (id <= 9404020))

table 8 : explain SELECT id FROM sbtest8 WHERE id BETWEEN 9403920 AND 9404020
	Index Only Scan using sbtest8_pkey on sbtest8  (cost=0.43..6.29 rows=93 width=4)
	  Index Cond: ((id >= 9403920) AND (id <= 9404020))

explain: for range-covered :: explain SELECT id FROM sbtest%d WHERE id BETWEEN 9403920 AND 9404020
for range-covered
table 1 : explain SELECT id FROM sbtest1 WHERE id BETWEEN 5257836 AND 5257936
	Index Only Scan using sbtest1_pkey on sbtest1  (cost=0.43..6.40 rows=98 width=4)
	  Index Cond: ((id >= 5257836) AND (id <= 5257936))

table 2 : explain SELECT id FROM sbtest2 WHERE id BETWEEN 5257836 AND 5257936
	Index Only Scan using sbtest2_pkey on sbtest2  (cost=0.43..6.56 rows=106 width=4)
	  Index Cond: ((id >= 5257836) AND (id <= 5257936))

table 3 : explain SELECT id FROM sbtest3 WHERE id BETWEEN 5257836 AND 5257936
	Index Only Scan using sbtest3_pkey on sbtest3  (cost=0.43..6.69 rows=113 width=4)
	  Index Cond: ((id >= 5257836) AND (id <= 5257936))

table 4 : explain SELECT id FROM sbtest4 WHERE id BETWEEN 5257836 AND 5257936
	Index Only Scan using sbtest4_pkey on sbtest4  (cost=0.43..6.33 rows=95 width=4)
	  Index Cond: ((id >= 5257836) AND (id <= 5257936))

table 5 : explain SELECT id FROM sbtest5 WHERE id BETWEEN 5257836 AND 5257936
	Index Only Scan using sbtest5_pkey on sbtest5  (cost=0.43..6.66 rows=111 width=4)
	  Index Cond: ((id >= 5257836) AND (id <= 5257936))

table 6 : explain SELECT id FROM sbtest6 WHERE id BETWEEN 5257836 AND 5257936
	Index Only Scan using sbtest6_pkey on sbtest6  (cost=0.43..6.42 rows=99 width=4)
	  Index Cond: ((id >= 5257836) AND (id <= 5257936))

table 7 : explain SELECT id FROM sbtest7 WHERE id BETWEEN 5257836 AND 5257936
	Index Only Scan using sbtest7_pkey on sbtest7  (cost=0.43..6.51 rows=104 width=4)
	  Index Cond: ((id >= 5257836) AND (id <= 5257936))

table 8 : explain SELECT id FROM sbtest8 WHERE id BETWEEN 5257836 AND 5257936
	Index Only Scan using sbtest8_pkey on sbtest8  (cost=0.43..6.43 rows=100 width=4)
	  Index Cond: ((id >= 5257836) AND (id <= 5257936))

explain: for range-covered :: explain SELECT id FROM sbtest%d WHERE id BETWEEN 5257836 AND 5257936
for range-covered
table 1 : explain SELECT id FROM sbtest1 WHERE id BETWEEN 4034761 AND 4034861
	Index Only Scan using sbtest1_pkey on sbtest1  (cost=0.43..6.47 rows=102 width=4)
	  Index Cond: ((id >= 4034761) AND (id <= 4034861))

table 2 : explain SELECT id FROM sbtest2 WHERE id BETWEEN 4034761 AND 4034861
	Index Only Scan using sbtest2_pkey on sbtest2  (cost=0.43..6.43 rows=100 width=4)
	  Index Cond: ((id >= 4034761) AND (id <= 4034861))

table 3 : explain SELECT id FROM sbtest3 WHERE id BETWEEN 4034761 AND 4034861
	Index Only Scan using sbtest3_pkey on sbtest3  (cost=0.43..6.37 rows=97 width=4)
	  Index Cond: ((id >= 4034761) AND (id <= 4034861))

table 4 : explain SELECT id FROM sbtest4 WHERE id BETWEEN 4034761 AND 4034861
	Index Only Scan using sbtest4_pkey on sbtest4  (cost=0.43..6.45 rows=101 width=4)
	  Index Cond: ((id >= 4034761) AND (id <= 4034861))

table 5 : explain SELECT id FROM sbtest5 WHERE id BETWEEN 4034761 AND 4034861
	Index Only Scan using sbtest5_pkey on sbtest5  (cost=0.43..6.37 rows=97 width=4)
	  Index Cond: ((id >= 4034761) AND (id <= 4034861))

table 6 : explain SELECT id FROM sbtest6 WHERE id BETWEEN 4034761 AND 4034861
	Index Only Scan using sbtest6_pkey on sbtest6  (cost=0.43..6.33 rows=95 width=4)
	  Index Cond: ((id >= 4034761) AND (id <= 4034861))

table 7 : explain SELECT id FROM sbtest7 WHERE id BETWEEN 4034761 AND 4034861
	Index Only Scan using sbtest7_pkey on sbtest7  (cost=0.43..6.42 rows=99 width=4)
	  Index Cond: ((id >= 4034761) AND (id <= 4034861))

table 8 : explain SELECT id FROM sbtest8 WHERE id BETWEEN 4034761 AND 4034861
	Index Only Scan using sbtest8_pkey on sbtest8  (cost=0.43..6.61 rows=109 width=4)
	  Index Cond: ((id >= 4034761) AND (id <= 4034861))

explain: for range-covered :: explain SELECT id FROM sbtest%d WHERE id BETWEEN 4034761 AND 4034861
for range-covered
table 1 : explain SELECT id FROM sbtest1 WHERE id BETWEEN 7463953 AND 7464053
	Index Only Scan using sbtest1_pkey on sbtest1  (cost=0.43..6.43 rows=100 width=4)
	  Index Cond: ((id >= 7463953) AND (id <= 7464053))

table 2 : explain SELECT id FROM sbtest2 WHERE id BETWEEN 7463953 AND 7464053
	Index Only Scan using sbtest2_pkey on sbtest2  (cost=0.43..6.53 rows=105 width=4)
	  Index Cond: ((id >= 7463953) AND (id <= 7464053))

table 3 : explain SELECT id FROM sbtest3 WHERE id BETWEEN 7463953 AND 7464053
	Index Only Scan using sbtest3_pkey on sbtest3  (cost=0.43..6.25 rows=91 width=4)
	  Index Cond: ((id >= 7463953) AND (id <= 7464053))

table 4 : explain SELECT id FROM sbtest4 WHERE id BETWEEN 7463953 AND 7464053
	Index Only Scan using sbtest4_pkey on sbtest4  (cost=0.43..6.51 rows=104 width=4)
	  Index Cond: ((id >= 7463953) AND (id <= 7464053))

table 5 : explain SELECT id FROM sbtest5 WHERE id BETWEEN 7463953 AND 7464053
	Index Only Scan using sbtest5_pkey on sbtest5  (cost=0.43..6.25 rows=91 width=4)
	  Index Cond: ((id >= 7463953) AND (id <= 7464053))

table 6 : explain SELECT id FROM sbtest6 WHERE id BETWEEN 7463953 AND 7464053
	Index Only Scan using sbtest6_pkey on sbtest6  (cost=0.43..6.42 rows=99 width=4)
	  Index Cond: ((id >= 7463953) AND (id <= 7464053))

table 7 : explain SELECT id FROM sbtest7 WHERE id BETWEEN 7463953 AND 7464053
	Index Only Scan using sbtest7_pkey on sbtest7  (cost=0.43..6.87 rows=122 width=4)
	  Index Cond: ((id >= 7463953) AND (id <= 7464053))

table 8 : explain SELECT id FROM sbtest8 WHERE id BETWEEN 7463953 AND 7464053
	Index Only Scan using sbtest8_pkey on sbtest8  (cost=0.43..6.53 rows=105 width=4)
	  Index Cond: ((id >= 7463953) AND (id <= 7464053))

explain: for range-covered :: explain SELECT id FROM sbtest%d WHERE id BETWEEN 7463953 AND 7464053
for range-covered
table 1 : explain SELECT id FROM sbtest1 WHERE id BETWEEN 9403920 AND 9404020
	Index Only Scan using sbtest1_pkey on sbtest1  (cost=0.43..6.59 rows=108 width=4)
	  Index Cond: ((id >= 9403920) AND (id <= 9404020))

table 2 : explain SELECT id FROM sbtest2 WHERE id BETWEEN 9403920 AND 9404020
	Index Only Scan using sbtest2_pkey on sbtest2  (cost=0.43..6.33 rows=95 width=4)
	  Index Cond: ((id >= 9403920) AND (id <= 9404020))

table 3 : explain SELECT id FROM sbtest3 WHERE id BETWEEN 9403920 AND 9404020
	Index Only Scan using sbtest3_pkey on sbtest3  (cost=0.43..6.69 rows=113 width=4)
	  Index Cond: ((id >= 9403920) AND (id <= 9404020))

table 4 : explain SELECT id FROM sbtest4 WHERE id BETWEEN 9403920 AND 9404020
	Index Only Scan using sbtest4_pkey on sbtest4  (cost=0.43..6.47 rows=102 width=4)
	  Index Cond: ((id >= 9403920) AND (id <= 9404020))

table 5 : explain SELECT id FROM sbtest5 WHERE id BETWEEN 9403920 AND 9404020
	Index Only Scan using sbtest5_pkey on sbtest5  (cost=0.43..6.40 rows=98 width=4)
	  Index Cond: ((id >= 9403920) AND (id <= 9404020))

table 6 : explain SELECT id FROM sbtest6 WHERE id BETWEEN 9403920 AND 9404020
	Index Only Scan using sbtest6_pkey on sbtest6  (cost=0.43..6.29 rows=93 width=4)
	  Index Cond: ((id >= 9403920) AND (id <= 9404020))

table 7 : explain SELECT id FROM sbtest7 WHERE id BETWEEN 9403920 AND 9404020
	Index Only Scan using sbtest7_pkey on sbtest7  (cost=0.43..6.51 rows=104 width=4)
	  Index Cond: ((id >= 9403920) AND (id <= 9404020))

table 8 : explain SELECT id FROM sbtest8 WHERE id BETWEEN 9403920 AND 9404020
	Index Only Scan using sbtest8_pkey on sbtest8  (cost=0.43..6.29 rows=93 width=4)
	  Index Cond: ((id >= 9403920) AND (id <= 9404020))

explain: for range-covered :: explain SELECT id FROM sbtest%d WHERE id BETWEEN 9403920 AND 9404020
for range-covered
table 1 : explain SELECT id FROM sbtest1 WHERE id BETWEEN 5257836 AND 5257936
	Index Only Scan using sbtest1_pkey on sbtest1  (cost=0.43..6.40 rows=98 width=4)
	  Index Cond: ((id >= 5257836) AND (id <= 5257936))

table 2 : explain SELECT id FROM sbtest2 WHERE id BETWEEN 5257836 AND 5257936
	Index Only Scan using sbtest2_pkey on sbtest2  (cost=0.43..6.56 rows=106 width=4)
	  Index Cond: ((id >= 5257836) AND (id <= 5257936))

table 3 : explain SELECT id FROM sbtest3 WHERE id BETWEEN 5257836 AND 5257936
	Index Only Scan using sbtest3_pkey on sbtest3  (cost=0.43..6.69 rows=113 width=4)
	  Index Cond: ((id >= 5257836) AND (id <= 5257936))

table 4 : explain SELECT id FROM sbtest4 WHERE id BETWEEN 5257836 AND 5257936
	Index Only Scan using sbtest4_pkey on sbtest4  (cost=0.43..6.33 rows=95 width=4)
	  Index Cond: ((id >= 5257836) AND (id <= 5257936))

table 5 : explain SELECT id FROM sbtest5 WHERE id BETWEEN 5257836 AND 5257936
	Index Only Scan using sbtest5_pkey on sbtest5  (cost=0.43..6.66 rows=111 width=4)
	  Index Cond: ((id >= 5257836) AND (id <= 5257936))

table 6 : explain SELECT id FROM sbtest6 WHERE id BETWEEN 5257836 AND 5257936
	Index Only Scan using sbtest6_pkey on sbtest6  (cost=0.43..6.42 rows=99 width=4)
	  Index Cond: ((id >= 5257836) AND (id <= 5257936))

table 7 : explain SELECT id FROM sbtest7 WHERE id BETWEEN 5257836 AND 5257936
	Index Only Scan using sbtest7_pkey on sbtest7  (cost=0.43..6.51 rows=104 width=4)
	  Index Cond: ((id >= 5257836) AND (id <= 5257936))

table 8 : explain SELECT id FROM sbtest8 WHERE id BETWEEN 5257836 AND 5257936
	Index Only Scan using sbtest8_pkey on sbtest8  (cost=0.43..6.43 rows=100 width=4)
	  Index Cond: ((id >= 5257836) AND (id <= 5257936))

explain: for range-covered :: explain SELECT id FROM sbtest%d WHERE id BETWEEN 5257836 AND 5257936
for range-covered
table 1 : explain SELECT id FROM sbtest1 WHERE id BETWEEN 4034761 AND 4034861
	Index Only Scan using sbtest1_pkey on sbtest1  (cost=0.43..6.47 rows=102 width=4)
	  Index Cond: ((id >= 4034761) AND (id <= 4034861))

table 2 : explain SELECT id FROM sbtest2 WHERE id BETWEEN 4034761 AND 4034861
	Index Only Scan using sbtest2_pkey on sbtest2  (cost=0.43..6.43 rows=100 width=4)
	  Index Cond: ((id >= 4034761) AND (id <= 4034861))

table 3 : explain SELECT id FROM sbtest3 WHERE id BETWEEN 4034761 AND 4034861
	Index Only Scan using sbtest3_pkey on sbtest3  (cost=0.43..6.37 rows=97 width=4)
	  Index Cond: ((id >= 4034761) AND (id <= 4034861))

table 4 : explain SELECT id FROM sbtest4 WHERE id BETWEEN 4034761 AND 4034861
	Index Only Scan using sbtest4_pkey on sbtest4  (cost=0.43..6.45 rows=101 width=4)
	  Index Cond: ((id >= 4034761) AND (id <= 4034861))

table 5 : explain SELECT id FROM sbtest5 WHERE id BETWEEN 4034761 AND 4034861
	Index Only Scan using sbtest5_pkey on sbtest5  (cost=0.43..6.37 rows=97 width=4)
	  Index Cond: ((id >= 4034761) AND (id <= 4034861))

table 6 : explain SELECT id FROM sbtest6 WHERE id BETWEEN 4034761 AND 4034861
	Index Only Scan using sbtest6_pkey on sbtest6  (cost=0.43..6.33 rows=95 width=4)
	  Index Cond: ((id >= 4034761) AND (id <= 4034861))

table 7 : explain SELECT id FROM sbtest7 WHERE id BETWEEN 4034761 AND 4034861
	Index Only Scan using sbtest7_pkey on sbtest7  (cost=0.43..6.42 rows=99 width=4)
	  Index Cond: ((id >= 4034761) AND (id <= 4034861))

table 8 : explain SELECT id FROM sbtest8 WHERE id BETWEEN 4034761 AND 4034861
	Index Only Scan using sbtest8_pkey on sbtest8  (cost=0.43..6.61 rows=109 width=4)
	  Index Cond: ((id >= 4034761) AND (id <= 4034861))

explain: for range-covered :: explain SELECT id FROM sbtest%d WHERE id BETWEEN 4034761 AND 4034861
for range-covered
table 1 : explain SELECT id FROM sbtest1 WHERE id BETWEEN 9715415 AND 9715515
	Index Only Scan using sbtest1_pkey on sbtest1  (cost=0.43..6.19 rows=88 width=4)
	  Index Cond: ((id >= 9715415) AND (id <= 9715515))

table 2 : explain SELECT id FROM sbtest2 WHERE id BETWEEN 9715415 AND 9715515
	Index Only Scan using sbtest2_pkey on sbtest2  (cost=0.43..6.45 rows=101 width=4)
	  Index Cond: ((id >= 9715415) AND (id <= 9715515))

table 3 : explain SELECT id FROM sbtest3 WHERE id BETWEEN 9715415 AND 9715515
	Index Only Scan using sbtest3_pkey on sbtest3  (cost=0.43..6.53 rows=105 width=4)
	  Index Cond: ((id >= 9715415) AND (id <= 9715515))

table 4 : explain SELECT id FROM sbtest4 WHERE id BETWEEN 9715415 AND 9715515
	Index Only Scan using sbtest4_pkey on sbtest4  (cost=0.43..6.45 rows=101 width=4)
	  Index Cond: ((id >= 9715415) AND (id <= 9715515))

table 5 : explain SELECT id FROM sbtest5 WHERE id BETWEEN 9715415 AND 9715515
	Index Only Scan using sbtest5_pkey on sbtest5  (cost=0.43..6.47 rows=102 width=4)
	  Index Cond: ((id >= 9715415) AND (id <= 9715515))

table 6 : explain SELECT id FROM sbtest6 WHERE id BETWEEN 9715415 AND 9715515
	Index Only Scan using sbtest6_pkey on sbtest6  (cost=0.43..6.35 rows=96 width=4)
	  Index Cond: ((id >= 9715415) AND (id <= 9715515))

table 7 : explain SELECT id FROM sbtest7 WHERE id BETWEEN 9715415 AND 9715515
	Index Only Scan using sbtest7_pkey on sbtest7  (cost=0.43..6.67 rows=112 width=4)
	  Index Cond: ((id >= 9715415) AND (id <= 9715515))

table 8 : explain SELECT id FROM sbtest8 WHERE id BETWEEN 9715415 AND 9715515
	Index Only Scan using sbtest8_pkey on sbtest8  (cost=0.43..6.33 rows=95 width=4)
	  Index Cond: ((id >= 9715415) AND (id <= 9715515))

explain: for range-covered :: explain SELECT id FROM sbtest%d WHERE id BETWEEN 9715415 AND 9715515
for range-covered
table 1 : explain SELECT id FROM sbtest1 WHERE id BETWEEN 7463953 AND 7464053
	Index Only Scan using sbtest1_pkey on sbtest1  (cost=0.43..6.43 rows=100 width=4)
	  Index Cond: ((id >= 7463953) AND (id <= 7464053))

table 2 : explain SELECT id FROM sbtest2 WHERE id BETWEEN 7463953 AND 7464053
	Index Only Scan using sbtest2_pkey on sbtest2  (cost=0.43..6.53 rows=105 width=4)
	  Index Cond: ((id >= 7463953) AND (id <= 7464053))

table 3 : explain SELECT id FROM sbtest3 WHERE id BETWEEN 7463953 AND 7464053
	Index Only Scan using sbtest3_pkey on sbtest3  (cost=0.43..6.25 rows=91 width=4)
	  Index Cond: ((id >= 7463953) AND (id <= 7464053))

table 4 : explain SELECT id FROM sbtest4 WHERE id BETWEEN 7463953 AND 7464053
	Index Only Scan using sbtest4_pkey on sbtest4  (cost=0.43..6.51 rows=104 width=4)
	  Index Cond: ((id >= 7463953) AND (id <= 7464053))

table 5 : explain SELECT id FROM sbtest5 WHERE id BETWEEN 7463953 AND 7464053
	Index Only Scan using sbtest5_pkey on sbtest5  (cost=0.43..6.25 rows=91 width=4)
	  Index Cond: ((id >= 7463953) AND (id <= 7464053))

table 6 : explain SELECT id FROM sbtest6 WHERE id BETWEEN 7463953 AND 7464053
	Index Only Scan using sbtest6_pkey on sbtest6  (cost=0.43..6.42 rows=99 width=4)
	  Index Cond: ((id >= 7463953) AND (id <= 7464053))

table 7 : explain SELECT id FROM sbtest7 WHERE id BETWEEN 7463953 AND 7464053
	Index Only Scan using sbtest7_pkey on sbtest7  (cost=0.43..6.87 rows=122 width=4)
	  Index Cond: ((id >= 7463953) AND (id <= 7464053))

table 8 : explain SELECT id FROM sbtest8 WHERE id BETWEEN 7463953 AND 7464053
	Index Only Scan using sbtest8_pkey on sbtest8  (cost=0.43..6.53 rows=105 width=4)
	  Index Cond: ((id >= 7463953) AND (id <= 7464053))

explain: for range-covered :: explain SELECT id FROM sbtest%d WHERE id BETWEEN 7463953 AND 7464053
for range-covered
table 1 : explain SELECT id FROM sbtest1 WHERE id BETWEEN 9403920 AND 9404020
	Index Only Scan using sbtest1_pkey on sbtest1  (cost=0.43..6.59 rows=108 width=4)
	  Index Cond: ((id >= 9403920) AND (id <= 9404020))

table 2 : explain SELECT id FROM sbtest2 WHERE id BETWEEN 9403920 AND 9404020
	Index Only Scan using sbtest2_pkey on sbtest2  (cost=0.43..6.33 rows=95 width=4)
	  Index Cond: ((id >= 9403920) AND (id <= 9404020))

table 3 : explain SELECT id FROM sbtest3 WHERE id BETWEEN 9403920 AND 9404020
	Index Only Scan using sbtest3_pkey on sbtest3  (cost=0.43..6.69 rows=113 width=4)
	  Index Cond: ((id >= 9403920) AND (id <= 9404020))

table 4 : explain SELECT id FROM sbtest4 WHERE id BETWEEN 9403920 AND 9404020
	Index Only Scan using sbtest4_pkey on sbtest4  (cost=0.43..6.47 rows=102 width=4)
	  Index Cond: ((id >= 9403920) AND (id <= 9404020))

table 5 : explain SELECT id FROM sbtest5 WHERE id BETWEEN 9403920 AND 9404020
	Index Only Scan using sbtest5_pkey on sbtest5  (cost=0.43..6.40 rows=98 width=4)
	  Index Cond: ((id >= 9403920) AND (id <= 9404020))

table 6 : explain SELECT id FROM sbtest6 WHERE id BETWEEN 9403920 AND 9404020
	Index Only Scan using sbtest6_pkey on sbtest6  (cost=0.43..6.29 rows=93 width=4)
	  Index Cond: ((id >= 9403920) AND (id <= 9404020))

table 7 : explain SELECT id FROM sbtest7 WHERE id BETWEEN 9403920 AND 9404020
	Index Only Scan using sbtest7_pkey on sbtest7  (cost=0.43..6.51 rows=104 width=4)
	  Index Cond: ((id >= 9403920) AND (id <= 9404020))

table 8 : explain SELECT id FROM sbtest8 WHERE id BETWEEN 9403920 AND 9404020
	Index Only Scan using sbtest8_pkey on sbtest8  (cost=0.43..6.29 rows=93 width=4)
	  Index Cond: ((id >= 9403920) AND (id <= 9404020))

explain: for range-covered :: explain SELECT id FROM sbtest%d WHERE id BETWEEN 9403920 AND 9404020
for range-covered
table 1 : explain SELECT id FROM sbtest1 WHERE id BETWEEN 5257836 AND 5257936
	Index Only Scan using sbtest1_pkey on sbtest1  (cost=0.43..6.40 rows=98 width=4)
	  Index Cond: ((id >= 5257836) AND (id <= 5257936))

table 2 : explain SELECT id FROM sbtest2 WHERE id BETWEEN 5257836 AND 5257936
	Index Only Scan using sbtest2_pkey on sbtest2  (cost=0.43..6.56 rows=106 width=4)
	  Index Cond: ((id >= 5257836) AND (id <= 5257936))

table 3 : explain SELECT id FROM sbtest3 WHERE id BETWEEN 5257836 AND 5257936
	Index Only Scan using sbtest3_pkey on sbtest3  (cost=0.43..6.69 rows=113 width=4)
	  Index Cond: ((id >= 5257836) AND (id <= 5257936))

table 4 : explain SELECT id FROM sbtest4 WHERE id BETWEEN 5257836 AND 5257936
	Index Only Scan using sbtest4_pkey on sbtest4  (cost=0.43..6.33 rows=95 width=4)
	  Index Cond: ((id >= 5257836) AND (id <= 5257936))

table 5 : explain SELECT id FROM sbtest5 WHERE id BETWEEN 5257836 AND 5257936
	Index Only Scan using sbtest5_pkey on sbtest5  (cost=0.43..6.66 rows=111 width=4)
	  Index Cond: ((id >= 5257836) AND (id <= 5257936))

table 6 : explain SELECT id FROM sbtest6 WHERE id BETWEEN 5257836 AND 5257936
	Index Only Scan using sbtest6_pkey on sbtest6  (cost=0.43..6.42 rows=99 width=4)
	  Index Cond: ((id >= 5257836) AND (id <= 5257936))

table 7 : explain SELECT id FROM sbtest7 WHERE id BETWEEN 5257836 AND 5257936
	Index Only Scan using sbtest7_pkey on sbtest7  (cost=0.43..6.51 rows=104 width=4)
	  Index Cond: ((id >= 5257836) AND (id <= 5257936))

table 8 : explain SELECT id FROM sbtest8 WHERE id BETWEEN 5257836 AND 5257936
	Index Only Scan using sbtest8_pkey on sbtest8  (cost=0.43..6.43 rows=100 width=4)
	  Index Cond: ((id >= 5257836) AND (id <= 5257936))

explain: for range-covered :: explain SELECT id FROM sbtest%d WHERE id BETWEEN 5257836 AND 5257936
for range-covered
table 1 : explain SELECT id FROM sbtest1 WHERE id BETWEEN 4034761 AND 4034861
	Index Only Scan using sbtest1_pkey on sbtest1  (cost=0.43..6.47 rows=102 width=4)
	  Index Cond: ((id >= 4034761) AND (id <= 4034861))

table 2 : explain SELECT id FROM sbtest2 WHERE id BETWEEN 4034761 AND 4034861
	Index Only Scan using sbtest2_pkey on sbtest2  (cost=0.43..6.43 rows=100 width=4)
	  Index Cond: ((id >= 4034761) AND (id <= 4034861))

table 3 : explain SELECT id FROM sbtest3 WHERE id BETWEEN 4034761 AND 4034861
	Index Only Scan using sbtest3_pkey on sbtest3  (cost=0.43..6.37 rows=97 width=4)
	  Index Cond: ((id >= 4034761) AND (id <= 4034861))

table 4 : explain SELECT id FROM sbtest4 WHERE id BETWEEN 4034761 AND 4034861
	Index Only Scan using sbtest4_pkey on sbtest4  (cost=0.43..6.45 rows=101 width=4)
	  Index Cond: ((id >= 4034761) AND (id <= 4034861))

table 5 : explain SELECT id FROM sbtest5 WHERE id BETWEEN 4034761 AND 4034861
	Index Only Scan using sbtest5_pkey on sbtest5  (cost=0.43..6.37 rows=97 width=4)
	  Index Cond: ((id >= 4034761) AND (id <= 4034861))

table 6 : explain SELECT id FROM sbtest6 WHERE id BETWEEN 4034761 AND 4034861
	Index Only Scan using sbtest6_pkey on sbtest6  (cost=0.43..6.33 rows=95 width=4)
	  Index Cond: ((id >= 4034761) AND (id <= 4034861))

table 7 : explain SELECT id FROM sbtest7 WHERE id BETWEEN 4034761 AND 4034861
	Index Only Scan using sbtest7_pkey on sbtest7  (cost=0.43..6.42 rows=99 width=4)
	  Index Cond: ((id >= 4034761) AND (id <= 4034861))

table 8 : explain SELECT id FROM sbtest8 WHERE id BETWEEN 4034761 AND 4034861
	Index Only Scan using sbtest8_pkey on sbtest8  (cost=0.43..6.61 rows=109 width=4)
	  Index Cond: ((id >= 4034761) AND (id <= 4034861))

explain: for range-covered :: explain SELECT id FROM sbtest%d WHERE id BETWEEN 4034761 AND 4034861
for range-covered
table 1 : explain SELECT id FROM sbtest1 WHERE id BETWEEN 7463953 AND 7464053
	Index Only Scan using sbtest1_pkey on sbtest1  (cost=0.43..6.43 rows=100 width=4)
	  Index Cond: ((id >= 7463953) AND (id <= 7464053))

table 2 : explain SELECT id FROM sbtest2 WHERE id BETWEEN 7463953 AND 7464053
	Index Only Scan using sbtest2_pkey on sbtest2  (cost=0.43..6.53 rows=105 width=4)
	  Index Cond: ((id >= 7463953) AND (id <= 7464053))

table 3 : explain SELECT id FROM sbtest3 WHERE id BETWEEN 7463953 AND 7464053
	Index Only Scan using sbtest3_pkey on sbtest3  (cost=0.43..6.25 rows=91 width=4)
	  Index Cond: ((id >= 7463953) AND (id <= 7464053))

table 4 : explain SELECT id FROM sbtest4 WHERE id BETWEEN 7463953 AND 7464053
	Index Only Scan using sbtest4_pkey on sbtest4  (cost=0.43..6.51 rows=104 width=4)
	  Index Cond: ((id >= 7463953) AND (id <= 7464053))

table 5 : explain SELECT id FROM sbtest5 WHERE id BETWEEN 7463953 AND 7464053
	Index Only Scan using sbtest5_pkey on sbtest5  (cost=0.43..6.25 rows=91 width=4)
	  Index Cond: ((id >= 7463953) AND (id <= 7464053))

table 6 : explain SELECT id FROM sbtest6 WHERE id BETWEEN 7463953 AND 7464053
	Index Only Scan using sbtest6_pkey on sbtest6  (cost=0.43..6.42 rows=99 width=4)
	  Index Cond: ((id >= 7463953) AND (id <= 7464053))

table 7 : explain SELECT id FROM sbtest7 WHERE id BETWEEN 7463953 AND 7464053
	Index Only Scan using sbtest7_pkey on sbtest7  (cost=0.43..6.87 rows=122 width=4)
	  Index Cond: ((id >= 7463953) AND (id <= 7464053))

table 8 : explain SELECT id FROM sbtest8 WHERE id BETWEEN 7463953 AND 7464053
	Index Only Scan using sbtest8_pkey on sbtest8  (cost=0.43..6.53 rows=105 width=4)
	  Index Cond: ((id >= 7463953) AND (id <= 7464053))

for range-covered
table 1 : explain SELECT id FROM sbtest1 WHERE id BETWEEN 9715415 AND 9715515
	Index Only Scan using sbtest1_pkey on sbtest1  (cost=0.43..6.19 rows=88 width=4)
	  Index Cond: ((id >= 9715415) AND (id <= 9715515))

table 2 : explain SELECT id FROM sbtest2 WHERE id BETWEEN 9715415 AND 9715515
	Index Only Scan using sbtest2_pkey on sbtest2  (cost=0.43..6.45 rows=101 width=4)
	  Index Cond: ((id >= 9715415) AND (id <= 9715515))

table 3 : explain SELECT id FROM sbtest3 WHERE id BETWEEN 9715415 AND 9715515
	Index Only Scan using sbtest3_pkey on sbtest3  (cost=0.43..6.53 rows=105 width=4)
	  Index Cond: ((id >= 9715415) AND (id <= 9715515))

table 4 : explain SELECT id FROM sbtest4 WHERE id BETWEEN 9715415 AND 9715515
	Index Only Scan using sbtest4_pkey on sbtest4  (cost=0.43..6.45 rows=101 width=4)
	  Index Cond: ((id >= 9715415) AND (id <= 9715515))

table 5 : explain SELECT id FROM sbtest5 WHERE id BETWEEN 9715415 AND 9715515
	Index Only Scan using sbtest5_pkey on sbtest5  (cost=0.43..6.47 rows=102 width=4)
	  Index Cond: ((id >= 9715415) AND (id <= 9715515))

table 6 : explain SELECT id FROM sbtest6 WHERE id BETWEEN 9715415 AND 9715515
	Index Only Scan using sbtest6_pkey on sbtest6  (cost=0.43..6.35 rows=96 width=4)
	  Index Cond: ((id >= 9715415) AND (id <= 9715515))

table 7 : explain SELECT id FROM sbtest7 WHERE id BETWEEN 9715415 AND 9715515
	Index Only Scan using sbtest7_pkey on sbtest7  (cost=0.43..6.67 rows=112 width=4)
	  Index Cond: ((id >= 9715415) AND (id <= 9715515))

table 8 : explain SELECT id FROM sbtest8 WHERE id BETWEEN 9715415 AND 9715515
	Index Only Scan using sbtest8_pkey on sbtest8  (cost=0.43..6.33 rows=95 width=4)
	  Index Cond: ((id >= 9715415) AND (id <= 9715515))

explain: for range-covered :: explain SELECT id FROM sbtest%d WHERE id BETWEEN 7463953 AND 7464053
explain: for range-covered :: explain SELECT id FROM sbtest%d WHERE id BETWEEN 9715415 AND 9715515
explain: for range-covered :: explain SELECT id FROM sbtest%d WHERE id BETWEEN 5585089 AND 5585189
for range-covered
table 1 : explain SELECT id FROM sbtest1 WHERE id BETWEEN 9403920 AND 9404020
	Index Only Scan using sbtest1_pkey on sbtest1  (cost=0.43..6.59 rows=108 width=4)
	  Index Cond: ((id >= 9403920) AND (id <= 9404020))

table 2 : explain SELECT id FROM sbtest2 WHERE id BETWEEN 9403920 AND 9404020
	Index Only Scan using sbtest2_pkey on sbtest2  (cost=0.43..6.33 rows=95 width=4)
	  Index Cond: ((id >= 9403920) AND (id <= 9404020))

table 3 : explain SELECT id FROM sbtest3 WHERE id BETWEEN 9403920 AND 9404020
	Index Only Scan using sbtest3_pkey on sbtest3  (cost=0.43..6.69 rows=113 width=4)
	  Index Cond: ((id >= 9403920) AND (id <= 9404020))

table 4 : explain SELECT id FROM sbtest4 WHERE id BETWEEN 9403920 AND 9404020
	Index Only Scan using sbtest4_pkey on sbtest4  (cost=0.43..6.47 rows=102 width=4)
	  Index Cond: ((id >= 9403920) AND (id <= 9404020))

table 5 : explain SELECT id FROM sbtest5 WHERE id BETWEEN 9403920 AND 9404020
	Index Only Scan using sbtest5_pkey on sbtest5  (cost=0.43..6.40 rows=98 width=4)
	  Index Cond: ((id >= 9403920) AND (id <= 9404020))

table 6 : explain SELECT id FROM sbtest6 WHERE id BETWEEN 9403920 AND 9404020
	Index Only Scan using sbtest6_pkey on sbtest6  (cost=0.43..6.29 rows=93 width=4)
	  Index Cond: ((id >= 9403920) AND (id <= 9404020))

table 7 : explain SELECT id FROM sbtest7 WHERE id BETWEEN 9403920 AND 9404020
	Index Only Scan using sbtest7_pkey on sbtest7  (cost=0.43..6.51 rows=104 width=4)
	  Index Cond: ((id >= 9403920) AND (id <= 9404020))

table 8 : explain SELECT id FROM sbtest8 WHERE id BETWEEN 9403920 AND 9404020
	Index Only Scan using sbtest8_pkey on sbtest8  (cost=0.43..6.29 rows=93 width=4)
	  Index Cond: ((id >= 9403920) AND (id <= 9404020))

explain: for range-covered :: explain SELECT id FROM sbtest%d WHERE id BETWEEN 9403920 AND 9404020
for range-covered
table 1 : explain SELECT id FROM sbtest1 WHERE id BETWEEN 5257836 AND 5257936
	Index Only Scan using sbtest1_pkey on sbtest1  (cost=0.43..6.40 rows=98 width=4)
	  Index Cond: ((id >= 5257836) AND (id <= 5257936))

table 2 : explain SELECT id FROM sbtest2 WHERE id BETWEEN 5257836 AND 5257936
	Index Only Scan using sbtest2_pkey on sbtest2  (cost=0.43..6.56 rows=106 width=4)
	  Index Cond: ((id >= 5257836) AND (id <= 5257936))

table 3 : explain SELECT id FROM sbtest3 WHERE id BETWEEN 5257836 AND 5257936
	Index Only Scan using sbtest3_pkey on sbtest3  (cost=0.43..6.69 rows=113 width=4)
	  Index Cond: ((id >= 5257836) AND (id <= 5257936))

table 4 : explain SELECT id FROM sbtest4 WHERE id BETWEEN 5257836 AND 5257936
	Index Only Scan using sbtest4_pkey on sbtest4  (cost=0.43..6.33 rows=95 width=4)
	  Index Cond: ((id >= 5257836) AND (id <= 5257936))

table 5 : explain SELECT id FROM sbtest5 WHERE id BETWEEN 5257836 AND 5257936
	Index Only Scan using sbtest5_pkey on sbtest5  (cost=0.43..6.66 rows=111 width=4)
	  Index Cond: ((id >= 5257836) AND (id <= 5257936))

table 6 : explain SELECT id FROM sbtest6 WHERE id BETWEEN 5257836 AND 5257936
	Index Only Scan using sbtest6_pkey on sbtest6  (cost=0.43..6.42 rows=99 width=4)
	  Index Cond: ((id >= 5257836) AND (id <= 5257936))

table 7 : explain SELECT id FROM sbtest7 WHERE id BETWEEN 5257836 AND 5257936
	Index Only Scan using sbtest7_pkey on sbtest7  (cost=0.43..6.51 rows=104 width=4)
	  Index Cond: ((id >= 5257836) AND (id <= 5257936))

table 8 : explain SELECT id FROM sbtest8 WHERE id BETWEEN 5257836 AND 5257936
	Index Only Scan using sbtest8_pkey on sbtest8  (cost=0.43..6.43 rows=100 width=4)
	  Index Cond: ((id >= 5257836) AND (id <= 5257936))

explain: for range-covered :: explain SELECT id FROM sbtest%d WHERE id BETWEEN 5257836 AND 5257936
for range-covered
table 1 : explain SELECT id FROM sbtest1 WHERE id BETWEEN 4034761 AND 4034861
	Index Only Scan using sbtest1_pkey on sbtest1  (cost=0.43..6.47 rows=102 width=4)
	  Index Cond: ((id >= 4034761) AND (id <= 4034861))

table 2 : explain SELECT id FROM sbtest2 WHERE id BETWEEN 4034761 AND 4034861
	Index Only Scan using sbtest2_pkey on sbtest2  (cost=0.43..6.43 rows=100 width=4)
	  Index Cond: ((id >= 4034761) AND (id <= 4034861))

table 3 : explain SELECT id FROM sbtest3 WHERE id BETWEEN 4034761 AND 4034861
	Index Only Scan using sbtest3_pkey on sbtest3  (cost=0.43..6.37 rows=97 width=4)
	  Index Cond: ((id >= 4034761) AND (id <= 4034861))

table 4 : explain SELECT id FROM sbtest4 WHERE id BETWEEN 4034761 AND 4034861
	Index Only Scan using sbtest4_pkey on sbtest4  (cost=0.43..6.45 rows=101 width=4)
	  Index Cond: ((id >= 4034761) AND (id <= 4034861))

table 5 : explain SELECT id FROM sbtest5 WHERE id BETWEEN 4034761 AND 4034861
	Index Only Scan using sbtest5_pkey on sbtest5  (cost=0.43..6.37 rows=97 width=4)
	  Index Cond: ((id >= 4034761) AND (id <= 4034861))

table 6 : explain SELECT id FROM sbtest6 WHERE id BETWEEN 4034761 AND 4034861
	Index Only Scan using sbtest6_pkey on sbtest6  (cost=0.43..6.33 rows=95 width=4)
	  Index Cond: ((id >= 4034761) AND (id <= 4034861))

table 7 : explain SELECT id FROM sbtest7 WHERE id BETWEEN 4034761 AND 4034861
	Index Only Scan using sbtest7_pkey on sbtest7  (cost=0.43..6.42 rows=99 width=4)
	  Index Cond: ((id >= 4034761) AND (id <= 4034861))

table 8 : explain SELECT id FROM sbtest8 WHERE id BETWEEN 4034761 AND 4034861
	Index Only Scan using sbtest8_pkey on sbtest8  (cost=0.43..6.61 rows=109 width=4)
	  Index Cond: ((id >= 4034761) AND (id <= 4034861))

explain: for range-covered :: explain SELECT id FROM sbtest%d WHERE id BETWEEN 4034761 AND 4034861
for range-covered
table 1 : explain SELECT id FROM sbtest1 WHERE id BETWEEN 7463953 AND 7464053
	Index Only Scan using sbtest1_pkey on sbtest1  (cost=0.43..6.43 rows=100 width=4)
	  Index Cond: ((id >= 7463953) AND (id <= 7464053))

table 2 : explain SELECT id FROM sbtest2 WHERE id BETWEEN 7463953 AND 7464053
	Index Only Scan using sbtest2_pkey on sbtest2  (cost=0.43..6.53 rows=105 width=4)
	  Index Cond: ((id >= 7463953) AND (id <= 7464053))

table 3 : explain SELECT id FROM sbtest3 WHERE id BETWEEN 7463953 AND 7464053
	Index Only Scan using sbtest3_pkey on sbtest3  (cost=0.43..6.25 rows=91 width=4)
	  Index Cond: ((id >= 7463953) AND (id <= 7464053))

table 4 : explain SELECT id FROM sbtest4 WHERE id BETWEEN 7463953 AND 7464053
	Index Only Scan using sbtest4_pkey on sbtest4  (cost=0.43..6.51 rows=104 width=4)
	  Index Cond: ((id >= 7463953) AND (id <= 7464053))

table 5 : explain SELECT id FROM sbtest5 WHERE id BETWEEN 7463953 AND 7464053
	Index Only Scan using sbtest5_pkey on sbtest5  (cost=0.43..6.25 rows=91 width=4)
	  Index Cond: ((id >= 7463953) AND (id <= 7464053))

table 6 : explain SELECT id FROM sbtest6 WHERE id BETWEEN 7463953 AND 7464053
	Index Only Scan using sbtest6_pkey on sbtest6  (cost=0.43..6.42 rows=99 width=4)
	  Index Cond: ((id >= 7463953) AND (id <= 7464053))

table 7 : explain SELECT id FROM sbtest7 WHERE id BETWEEN 7463953 AND 7464053
	Index Only Scan using sbtest7_pkey on sbtest7  (cost=0.43..6.87 rows=122 width=4)
	  Index Cond: ((id >= 7463953) AND (id <= 7464053))

table 8 : explain SELECT id FROM sbtest8 WHERE id BETWEEN 7463953 AND 7464053
	Index Only Scan using sbtest8_pkey on sbtest8  (cost=0.43..6.53 rows=105 width=4)
	  Index Cond: ((id >= 7463953) AND (id <= 7464053))

for range-covered
table 1 : explain SELECT id FROM sbtest1 WHERE id BETWEEN 9715415 AND 9715515
	Index Only Scan using sbtest1_pkey on sbtest1  (cost=0.43..6.19 rows=88 width=4)
	  Index Cond: ((id >= 9715415) AND (id <= 9715515))

table 2 : explain SELECT id FROM sbtest2 WHERE id BETWEEN 9715415 AND 9715515
	Index Only Scan using sbtest2_pkey on sbtest2  (cost=0.43..6.45 rows=101 width=4)
	  Index Cond: ((id >= 9715415) AND (id <= 9715515))

table 3 : explain SELECT id FROM sbtest3 WHERE id BETWEEN 9715415 AND 9715515
	Index Only Scan using sbtest3_pkey on sbtest3  (cost=0.43..6.53 rows=105 width=4)
	  Index Cond: ((id >= 9715415) AND (id <= 9715515))

table 4 : explain SELECT id FROM sbtest4 WHERE id BETWEEN 9715415 AND 9715515
	Index Only Scan using sbtest4_pkey on sbtest4  (cost=0.43..6.45 rows=101 width=4)
	  Index Cond: ((id >= 9715415) AND (id <= 9715515))

table 5 : explain SELECT id FROM sbtest5 WHERE id BETWEEN 9715415 AND 9715515
	Index Only Scan using sbtest5_pkey on sbtest5  (cost=0.43..6.47 rows=102 width=4)
	  Index Cond: ((id >= 9715415) AND (id <= 9715515))

table 6 : explain SELECT id FROM sbtest6 WHERE id BETWEEN 9715415 AND 9715515
	Index Only Scan using sbtest6_pkey on sbtest6  (cost=0.43..6.35 rows=96 width=4)
	  Index Cond: ((id >= 9715415) AND (id <= 9715515))

table 7 : explain SELECT id FROM sbtest7 WHERE id BETWEEN 9715415 AND 9715515
	Index Only Scan using sbtest7_pkey on sbtest7  (cost=0.43..6.67 rows=112 width=4)
	  Index Cond: ((id >= 9715415) AND (id <= 9715515))

table 8 : explain SELECT id FROM sbtest8 WHERE id BETWEEN 9715415 AND 9715515
	Index Only Scan using sbtest8_pkey on sbtest8  (cost=0.43..6.33 rows=95 width=4)
	  Index Cond: ((id >= 9715415) AND (id <= 9715515))

explain: for range-covered :: explain SELECT id FROM sbtest%d WHERE id BETWEEN 7463953 AND 7464053
explain: for range-covered :: explain SELECT id FROM sbtest%d WHERE id BETWEEN 9715415 AND 9715515
for range-covered
table 1 : explain SELECT id FROM sbtest1 WHERE id BETWEEN 9403920 AND 9404020
	Index Only Scan using sbtest1_pkey on sbtest1  (cost=0.43..6.59 rows=108 width=4)
	  Index Cond: ((id >= 9403920) AND (id <= 9404020))

table 2 : explain SELECT id FROM sbtest2 WHERE id BETWEEN 9403920 AND 9404020
	Index Only Scan using sbtest2_pkey on sbtest2  (cost=0.43..6.33 rows=95 width=4)
	  Index Cond: ((id >= 9403920) AND (id <= 9404020))

table 3 : explain SELECT id FROM sbtest3 WHERE id BETWEEN 9403920 AND 9404020
	Index Only Scan using sbtest3_pkey on sbtest3  (cost=0.43..6.69 rows=113 width=4)
	  Index Cond: ((id >= 9403920) AND (id <= 9404020))

table 4 : explain SELECT id FROM sbtest4 WHERE id BETWEEN 9403920 AND 9404020
	Index Only Scan using sbtest4_pkey on sbtest4  (cost=0.43..6.47 rows=102 width=4)
	  Index Cond: ((id >= 9403920) AND (id <= 9404020))

table 5 : explain SELECT id FROM sbtest5 WHERE id BETWEEN 9403920 AND 9404020
	Index Only Scan using sbtest5_pkey on sbtest5  (cost=0.43..6.40 rows=98 width=4)
	  Index Cond: ((id >= 9403920) AND (id <= 9404020))

table 6 : explain SELECT id FROM sbtest6 WHERE id BETWEEN 9403920 AND 9404020
	Index Only Scan using sbtest6_pkey on sbtest6  (cost=0.43..6.29 rows=93 width=4)
	  Index Cond: ((id >= 9403920) AND (id <= 9404020))

table 7 : explain SELECT id FROM sbtest7 WHERE id BETWEEN 9403920 AND 9404020
	Index Only Scan using sbtest7_pkey on sbtest7  (cost=0.43..6.51 rows=104 width=4)
	  Index Cond: ((id >= 9403920) AND (id <= 9404020))

table 8 : explain SELECT id FROM sbtest8 WHERE id BETWEEN 9403920 AND 9404020
	Index Only Scan using sbtest8_pkey on sbtest8  (cost=0.43..6.29 rows=93 width=4)
	  Index Cond: ((id >= 9403920) AND (id <= 9404020))

explain: for range-covered :: explain SELECT id FROM sbtest%d WHERE id BETWEEN 9403920 AND 9404020
for range-covered
table 1 : explain SELECT id FROM sbtest1 WHERE id BETWEEN 5257836 AND 5257936
	Index Only Scan using sbtest1_pkey on sbtest1  (cost=0.43..6.40 rows=98 width=4)
	  Index Cond: ((id >= 5257836) AND (id <= 5257936))

table 2 : explain SELECT id FROM sbtest2 WHERE id BETWEEN 5257836 AND 5257936
	Index Only Scan using sbtest2_pkey on sbtest2  (cost=0.43..6.56 rows=106 width=4)
	  Index Cond: ((id >= 5257836) AND (id <= 5257936))

table 3 : explain SELECT id FROM sbtest3 WHERE id BETWEEN 5257836 AND 5257936
	Index Only Scan using sbtest3_pkey on sbtest3  (cost=0.43..6.69 rows=113 width=4)
	  Index Cond: ((id >= 5257836) AND (id <= 5257936))

table 4 : explain SELECT id FROM sbtest4 WHERE id BETWEEN 5257836 AND 5257936
	Index Only Scan using sbtest4_pkey on sbtest4  (cost=0.43..6.33 rows=95 width=4)
	  Index Cond: ((id >= 5257836) AND (id <= 5257936))

table 5 : explain SELECT id FROM sbtest5 WHERE id BETWEEN 5257836 AND 5257936
	Index Only Scan using sbtest5_pkey on sbtest5  (cost=0.43..6.66 rows=111 width=4)
	  Index Cond: ((id >= 5257836) AND (id <= 5257936))

table 6 : explain SELECT id FROM sbtest6 WHERE id BETWEEN 5257836 AND 5257936
	Index Only Scan using sbtest6_pkey on sbtest6  (cost=0.43..6.42 rows=99 width=4)
	  Index Cond: ((id >= 5257836) AND (id <= 5257936))

table 7 : explain SELECT id FROM sbtest7 WHERE id BETWEEN 5257836 AND 5257936
	Index Only Scan using sbtest7_pkey on sbtest7  (cost=0.43..6.51 rows=104 width=4)
	  Index Cond: ((id >= 5257836) AND (id <= 5257936))

table 8 : explain SELECT id FROM sbtest8 WHERE id BETWEEN 5257836 AND 5257936
	Index Only Scan using sbtest8_pkey on sbtest8  (cost=0.43..6.43 rows=100 width=4)
	  Index Cond: ((id >= 5257836) AND (id <= 5257936))

for range-covered
table 1 : explain SELECT id FROM sbtest1 WHERE id BETWEEN 4034761 AND 4034861
	Index Only Scan using sbtest1_pkey on sbtest1  (cost=0.43..6.47 rows=102 width=4)
	  Index Cond: ((id >= 4034761) AND (id <= 4034861))

table 2 : explain SELECT id FROM sbtest2 WHERE id BETWEEN 4034761 AND 4034861
	Index Only Scan using sbtest2_pkey on sbtest2  (cost=0.43..6.43 rows=100 width=4)
	  Index Cond: ((id >= 4034761) AND (id <= 4034861))

table 3 : explain SELECT id FROM sbtest3 WHERE id BETWEEN 4034761 AND 4034861
	Index Only Scan using sbtest3_pkey on sbtest3  (cost=0.43..6.37 rows=97 width=4)
	  Index Cond: ((id >= 4034761) AND (id <= 4034861))

table 4 : explain SELECT id FROM sbtest4 WHERE id BETWEEN 4034761 AND 4034861
	Index Only Scan using sbtest4_pkey on sbtest4  (cost=0.43..6.45 rows=101 width=4)
	  Index Cond: ((id >= 4034761) AND (id <= 4034861))

table 5 : explain SELECT id FROM sbtest5 WHERE id BETWEEN 4034761 AND 4034861
	Index Only Scan using sbtest5_pkey on sbtest5  (cost=0.43..6.37 rows=97 width=4)
	  Index Cond: ((id >= 4034761) AND (id <= 4034861))

table 6 : explain SELECT id FROM sbtest6 WHERE id BETWEEN 4034761 AND 4034861
	Index Only Scan using sbtest6_pkey on sbtest6  (cost=0.43..6.33 rows=95 width=4)
	  Index Cond: ((id >= 4034761) AND (id <= 4034861))

table 7 : explain SELECT id FROM sbtest7 WHERE id BETWEEN 4034761 AND 4034861
	Index Only Scan using sbtest7_pkey on sbtest7  (cost=0.43..6.42 rows=99 width=4)
	  Index Cond: ((id >= 4034761) AND (id <= 4034861))

table 8 : explain SELECT id FROM sbtest8 WHERE id BETWEEN 4034761 AND 4034861
	Index Only Scan using sbtest8_pkey on sbtest8  (cost=0.43..6.61 rows=109 width=4)
	  Index Cond: ((id >= 4034761) AND (id <= 4034861))

explain: for range-covered :: explain SELECT id FROM sbtest%d WHERE id BETWEEN 4034761 AND 4034861
for range-covered
table 1 : explain SELECT id FROM sbtest1 WHERE id BETWEEN 7463953 AND 7464053
	Index Only Scan using sbtest1_pkey on sbtest1  (cost=0.43..6.43 rows=100 width=4)
	  Index Cond: ((id >= 7463953) AND (id <= 7464053))

table 2 : explain SELECT id FROM sbtest2 WHERE id BETWEEN 7463953 AND 7464053
	Index Only Scan using sbtest2_pkey on sbtest2  (cost=0.43..6.53 rows=105 width=4)
	  Index Cond: ((id >= 7463953) AND (id <= 7464053))

table 3 : explain SELECT id FROM sbtest3 WHERE id BETWEEN 7463953 AND 7464053
	Index Only Scan using sbtest3_pkey on sbtest3  (cost=0.43..6.25 rows=91 width=4)
	  Index Cond: ((id >= 7463953) AND (id <= 7464053))

table 4 : explain SELECT id FROM sbtest4 WHERE id BETWEEN 7463953 AND 7464053
	Index Only Scan using sbtest4_pkey on sbtest4  (cost=0.43..6.51 rows=104 width=4)
	  Index Cond: ((id >= 7463953) AND (id <= 7464053))

table 5 : explain SELECT id FROM sbtest5 WHERE id BETWEEN 7463953 AND 7464053
	Index Only Scan using sbtest5_pkey on sbtest5  (cost=0.43..6.25 rows=91 width=4)
	  Index Cond: ((id >= 7463953) AND (id <= 7464053))

table 6 : explain SELECT id FROM sbtest6 WHERE id BETWEEN 7463953 AND 7464053
	Index Only Scan using sbtest6_pkey on sbtest6  (cost=0.43..6.42 rows=99 width=4)
	  Index Cond: ((id >= 7463953) AND (id <= 7464053))

table 7 : explain SELECT id FROM sbtest7 WHERE id BETWEEN 7463953 AND 7464053
	Index Only Scan using sbtest7_pkey on sbtest7  (cost=0.43..6.87 rows=122 width=4)
	  Index Cond: ((id >= 7463953) AND (id <= 7464053))

table 8 : explain SELECT id FROM sbtest8 WHERE id BETWEEN 7463953 AND 7464053
	Index Only Scan using sbtest8_pkey on sbtest8  (cost=0.43..6.53 rows=105 width=4)
	  Index Cond: ((id >= 7463953) AND (id <= 7464053))

explain: for range-covered :: explain SELECT id FROM sbtest%d WHERE id BETWEEN 7463953 AND 7464053
for range-covered
table 1 : explain SELECT id FROM sbtest1 WHERE id BETWEEN 9715415 AND 9715515
	Index Only Scan using sbtest1_pkey on sbtest1  (cost=0.43..6.19 rows=88 width=4)
	  Index Cond: ((id >= 9715415) AND (id <= 9715515))

table 2 : explain SELECT id FROM sbtest2 WHERE id BETWEEN 9715415 AND 9715515
	Index Only Scan using sbtest2_pkey on sbtest2  (cost=0.43..6.45 rows=101 width=4)
	  Index Cond: ((id >= 9715415) AND (id <= 9715515))

table 3 : explain SELECT id FROM sbtest3 WHERE id BETWEEN 9715415 AND 9715515
	Index Only Scan using sbtest3_pkey on sbtest3  (cost=0.43..6.53 rows=105 width=4)
	  Index Cond: ((id >= 9715415) AND (id <= 9715515))

table 4 : explain SELECT id FROM sbtest4 WHERE id BETWEEN 9715415 AND 9715515
	Index Only Scan using sbtest4_pkey on sbtest4  (cost=0.43..6.45 rows=101 width=4)
	  Index Cond: ((id >= 9715415) AND (id <= 9715515))

table 5 : explain SELECT id FROM sbtest5 WHERE id BETWEEN 9715415 AND 9715515
	Index Only Scan using sbtest5_pkey on sbtest5  (cost=0.43..6.47 rows=102 width=4)
	  Index Cond: ((id >= 9715415) AND (id <= 9715515))

table 6 : explain SELECT id FROM sbtest6 WHERE id BETWEEN 9715415 AND 9715515
	Index Only Scan using sbtest6_pkey on sbtest6  (cost=0.43..6.35 rows=96 width=4)
	  Index Cond: ((id >= 9715415) AND (id <= 9715515))

table 7 : explain SELECT id FROM sbtest7 WHERE id BETWEEN 9715415 AND 9715515
	Index Only Scan using sbtest7_pkey on sbtest7  (cost=0.43..6.67 rows=112 width=4)
	  Index Cond: ((id >= 9715415) AND (id <= 9715515))

table 8 : explain SELECT id FROM sbtest8 WHERE id BETWEEN 9715415 AND 9715515
	Index Only Scan using sbtest8_pkey on sbtest8  (cost=0.43..6.33 rows=95 width=4)
	  Index Cond: ((id >= 9715415) AND (id <= 9715515))

explain: for range-covered :: explain SELECT id FROM sbtest%d WHERE id BETWEEN 9715415 AND 9715515
for range-covered
table 1 : explain SELECT id FROM sbtest1 WHERE id BETWEEN 9403920 AND 9404020
	Index Only Scan using sbtest1_pkey on sbtest1  (cost=0.43..6.59 rows=108 width=4)
	  Index Cond: ((id >= 9403920) AND (id <= 9404020))

table 2 : explain SELECT id FROM sbtest2 WHERE id BETWEEN 9403920 AND 9404020
	Index Only Scan using sbtest2_pkey on sbtest2  (cost=0.43..6.33 rows=95 width=4)
	  Index Cond: ((id >= 9403920) AND (id <= 9404020))

table 3 : explain SELECT id FROM sbtest3 WHERE id BETWEEN 9403920 AND 9404020
	Index Only Scan using sbtest3_pkey on sbtest3  (cost=0.43..6.69 rows=113 width=4)
	  Index Cond: ((id >= 9403920) AND (id <= 9404020))

table 4 : explain SELECT id FROM sbtest4 WHERE id BETWEEN 9403920 AND 9404020
	Index Only Scan using sbtest4_pkey on sbtest4  (cost=0.43..6.47 rows=102 width=4)
	  Index Cond: ((id >= 9403920) AND (id <= 9404020))

table 5 : explain SELECT id FROM sbtest5 WHERE id BETWEEN 9403920 AND 9404020
	Index Only Scan using sbtest5_pkey on sbtest5  (cost=0.43..6.40 rows=98 width=4)
	  Index Cond: ((id >= 9403920) AND (id <= 9404020))

table 6 : explain SELECT id FROM sbtest6 WHERE id BETWEEN 9403920 AND 9404020
	Index Only Scan using sbtest6_pkey on sbtest6  (cost=0.43..6.29 rows=93 width=4)
	  Index Cond: ((id >= 9403920) AND (id <= 9404020))

table 7 : explain SELECT id FROM sbtest7 WHERE id BETWEEN 9403920 AND 9404020
	Index Only Scan using sbtest7_pkey on sbtest7  (cost=0.43..6.51 rows=104 width=4)
	  Index Cond: ((id >= 9403920) AND (id <= 9404020))

table 8 : explain SELECT id FROM sbtest8 WHERE id BETWEEN 9403920 AND 9404020
	Index Only Scan using sbtest8_pkey on sbtest8  (cost=0.43..6.29 rows=93 width=4)
	  Index Cond: ((id >= 9403920) AND (id <= 9404020))

explain: for range-covered :: explain SELECT id FROM sbtest%d WHERE id BETWEEN 9403920 AND 9404020
for range-covered
table 1 : explain SELECT id FROM sbtest1 WHERE id BETWEEN 4034761 AND 4034861
	Index Only Scan using sbtest1_pkey on sbtest1  (cost=0.43..6.47 rows=102 width=4)
	  Index Cond: ((id >= 4034761) AND (id <= 4034861))

table 2 : explain SELECT id FROM sbtest2 WHERE id BETWEEN 4034761 AND 4034861
	Index Only Scan using sbtest2_pkey on sbtest2  (cost=0.43..6.43 rows=100 width=4)
	  Index Cond: ((id >= 4034761) AND (id <= 4034861))

table 3 : explain SELECT id FROM sbtest3 WHERE id BETWEEN 4034761 AND 4034861
	Index Only Scan using sbtest3_pkey on sbtest3  (cost=0.43..6.37 rows=97 width=4)
	  Index Cond: ((id >= 4034761) AND (id <= 4034861))

table 4 : explain SELECT id FROM sbtest4 WHERE id BETWEEN 4034761 AND 4034861
	Index Only Scan using sbtest4_pkey on sbtest4  (cost=0.43..6.45 rows=101 width=4)
	  Index Cond: ((id >= 4034761) AND (id <= 4034861))

table 5 : explain SELECT id FROM sbtest5 WHERE id BETWEEN 4034761 AND 4034861
	Index Only Scan using sbtest5_pkey on sbtest5  (cost=0.43..6.37 rows=97 width=4)
	  Index Cond: ((id >= 4034761) AND (id <= 4034861))

table 6 : explain SELECT id FROM sbtest6 WHERE id BETWEEN 4034761 AND 4034861
	Index Only Scan using sbtest6_pkey on sbtest6  (cost=0.43..6.33 rows=95 width=4)
	  Index Cond: ((id >= 4034761) AND (id <= 4034861))

table 7 : explain SELECT id FROM sbtest7 WHERE id BETWEEN 4034761 AND 4034861
	Index Only Scan using sbtest7_pkey on sbtest7  (cost=0.43..6.42 rows=99 width=4)
	  Index Cond: ((id >= 4034761) AND (id <= 4034861))

table 8 : explain SELECT id FROM sbtest8 WHERE id BETWEEN 4034761 AND 4034861
	Index Only Scan using sbtest8_pkey on sbtest8  (cost=0.43..6.61 rows=109 width=4)
	  Index Cond: ((id >= 4034761) AND (id <= 4034861))

explain: for range-covered :: explain SELECT id FROM sbtest%d WHERE id BETWEEN 4034761 AND 4034861
for range-covered
table 1 : explain SELECT id FROM sbtest1 WHERE id BETWEEN 9715415 AND 9715515
	Index Only Scan using sbtest1_pkey on sbtest1  (cost=0.43..6.19 rows=88 width=4)
	  Index Cond: ((id >= 9715415) AND (id <= 9715515))

table 2 : explain SELECT id FROM sbtest2 WHERE id BETWEEN 9715415 AND 9715515
	Index Only Scan using sbtest2_pkey on sbtest2  (cost=0.43..6.45 rows=101 width=4)
	  Index Cond: ((id >= 9715415) AND (id <= 9715515))

table 3 : explain SELECT id FROM sbtest3 WHERE id BETWEEN 9715415 AND 9715515
	Index Only Scan using sbtest3_pkey on sbtest3  (cost=0.43..6.53 rows=105 width=4)
	  Index Cond: ((id >= 9715415) AND (id <= 9715515))

table 4 : explain SELECT id FROM sbtest4 WHERE id BETWEEN 9715415 AND 9715515
	Index Only Scan using sbtest4_pkey on sbtest4  (cost=0.43..6.45 rows=101 width=4)
	  Index Cond: ((id >= 9715415) AND (id <= 9715515))

table 5 : explain SELECT id FROM sbtest5 WHERE id BETWEEN 9715415 AND 9715515
	Index Only Scan using sbtest5_pkey on sbtest5  (cost=0.43..6.47 rows=102 width=4)
	  Index Cond: ((id >= 9715415) AND (id <= 9715515))

table 6 : explain SELECT id FROM sbtest6 WHERE id BETWEEN 9715415 AND 9715515
	Index Only Scan using sbtest6_pkey on sbtest6  (cost=0.43..6.35 rows=96 width=4)
	  Index Cond: ((id >= 9715415) AND (id <= 9715515))

table 7 : explain SELECT id FROM sbtest7 WHERE id BETWEEN 9715415 AND 9715515
	Index Only Scan using sbtest7_pkey on sbtest7  (cost=0.43..6.67 rows=112 width=4)
	  Index Cond: ((id >= 9715415) AND (id <= 9715515))

table 8 : explain SELECT id FROM sbtest8 WHERE id BETWEEN 9715415 AND 9715515
	Index Only Scan using sbtest8_pkey on sbtest8  (cost=0.43..6.33 rows=95 width=4)
	  Index Cond: ((id >= 9715415) AND (id <= 9715515))

explain: for range-covered :: explain SELECT id FROM sbtest%d WHERE id BETWEEN 9715415 AND 9715515
for range-covered
table 1 : explain SELECT id FROM sbtest1 WHERE id BETWEEN 5312817 AND 5312917
	Index Only Scan using sbtest1_pkey on sbtest1  (cost=0.43..6.40 rows=98 width=4)
	  Index Cond: ((id >= 5312817) AND (id <= 5312917))

table 2 : explain SELECT id FROM sbtest2 WHERE id BETWEEN 5312817 AND 5312917
	Index Only Scan using sbtest2_pkey on sbtest2  (cost=0.43..6.56 rows=106 width=4)
	  Index Cond: ((id >= 5312817) AND (id <= 5312917))

table 3 : explain SELECT id FROM sbtest3 WHERE id BETWEEN 5312817 AND 5312917
	Index Only Scan using sbtest3_pkey on sbtest3  (cost=0.43..6.69 rows=113 width=4)
	  Index Cond: ((id >= 5312817) AND (id <= 5312917))

table 4 : explain SELECT id FROM sbtest4 WHERE id BETWEEN 5312817 AND 5312917
	Index Only Scan using sbtest4_pkey on sbtest4  (cost=0.43..6.47 rows=102 width=4)
	  Index Cond: ((id >= 5312817) AND (id <= 5312917))

table 5 : explain SELECT id FROM sbtest5 WHERE id BETWEEN 5312817 AND 5312917
	Index Only Scan using sbtest5_pkey on sbtest5  (cost=0.43..6.51 rows=104 width=4)
	  Index Cond: ((id >= 5312817) AND (id <= 5312917))

table 6 : explain SELECT id FROM sbtest6 WHERE id BETWEEN 5312817 AND 5312917
	Index Only Scan using sbtest6_pkey on sbtest6  (cost=0.43..6.42 rows=99 width=4)
	  Index Cond: ((id >= 5312817) AND (id <= 5312917))

table 7 : explain SELECT id FROM sbtest7 WHERE id BETWEEN 5312817 AND 5312917
	Index Only Scan using sbtest7_pkey on sbtest7  (cost=0.43..6.51 rows=104 width=4)
	  Index Cond: ((id >= 5312817) AND (id <= 5312917))

table 8 : explain SELECT id FROM sbtest8 WHERE id BETWEEN 5312817 AND 5312917
	Index Only Scan using sbtest8_pkey on sbtest8  (cost=0.43..6.43 rows=100 width=4)
	  Index Cond: ((id >= 5312817) AND (id <= 5312917))

explain: for range-covered :: explain SELECT id FROM sbtest%d WHERE id BETWEEN 5312817 AND 5312917
for range-covered
table 1 : explain SELECT id FROM sbtest1 WHERE id BETWEEN 9403920 AND 9404020
	Index Only Scan using sbtest1_pkey on sbtest1  (cost=0.43..6.59 rows=108 width=4)
	  Index Cond: ((id >= 9403920) AND (id <= 9404020))

table 2 : explain SELECT id FROM sbtest2 WHERE id BETWEEN 9403920 AND 9404020
	Index Only Scan using sbtest2_pkey on sbtest2  (cost=0.43..6.33 rows=95 width=4)
	  Index Cond: ((id >= 9403920) AND (id <= 9404020))

table 3 : explain SELECT id FROM sbtest3 WHERE id BETWEEN 9403920 AND 9404020
	Index Only Scan using sbtest3_pkey on sbtest3  (cost=0.43..6.69 rows=113 width=4)
	  Index Cond: ((id >= 9403920) AND (id <= 9404020))

table 4 : explain SELECT id FROM sbtest4 WHERE id BETWEEN 9403920 AND 9404020
	Index Only Scan using sbtest4_pkey on sbtest4  (cost=0.43..6.47 rows=102 width=4)
	  Index Cond: ((id >= 9403920) AND (id <= 9404020))

table 5 : explain SELECT id FROM sbtest5 WHERE id BETWEEN 9403920 AND 9404020
	Index Only Scan using sbtest5_pkey on sbtest5  (cost=0.43..6.40 rows=98 width=4)
	  Index Cond: ((id >= 9403920) AND (id <= 9404020))

table 6 : explain SELECT id FROM sbtest6 WHERE id BETWEEN 9403920 AND 9404020
	Index Only Scan using sbtest6_pkey on sbtest6  (cost=0.43..6.29 rows=93 width=4)
	  Index Cond: ((id >= 9403920) AND (id <= 9404020))

table 7 : explain SELECT id FROM sbtest7 WHERE id BETWEEN 9403920 AND 9404020
	Index Only Scan using sbtest7_pkey on sbtest7  (cost=0.43..6.51 rows=104 width=4)
	  Index Cond: ((id >= 9403920) AND (id <= 9404020))

table 8 : explain SELECT id FROM sbtest8 WHERE id BETWEEN 9403920 AND 9404020
	Index Only Scan using sbtest8_pkey on sbtest8  (cost=0.43..6.29 rows=93 width=4)
	  Index Cond: ((id >= 9403920) AND (id <= 9404020))

explain: for range-covered :: explain SELECT id FROM sbtest%d WHERE id BETWEEN 9403920 AND 9404020
for range-covered
table 1 : explain SELECT id FROM sbtest1 WHERE id BETWEEN 9715415 AND 9715515
	Index Only Scan using sbtest1_pkey on sbtest1  (cost=0.43..6.19 rows=88 width=4)
	  Index Cond: ((id >= 9715415) AND (id <= 9715515))

table 2 : explain SELECT id FROM sbtest2 WHERE id BETWEEN 9715415 AND 9715515
	Index Only Scan using sbtest2_pkey on sbtest2  (cost=0.43..6.45 rows=101 width=4)
	  Index Cond: ((id >= 9715415) AND (id <= 9715515))

table 3 : explain SELECT id FROM sbtest3 WHERE id BETWEEN 9715415 AND 9715515
	Index Only Scan using sbtest3_pkey on sbtest3  (cost=0.43..6.53 rows=105 width=4)
	  Index Cond: ((id >= 9715415) AND (id <= 9715515))

table 4 : explain SELECT id FROM sbtest4 WHERE id BETWEEN 9715415 AND 9715515
	Index Only Scan using sbtest4_pkey on sbtest4  (cost=0.43..6.45 rows=101 width=4)
	  Index Cond: ((id >= 9715415) AND (id <= 9715515))

table 5 : explain SELECT id FROM sbtest5 WHERE id BETWEEN 9715415 AND 9715515
	Index Only Scan using sbtest5_pkey on sbtest5  (cost=0.43..6.47 rows=102 width=4)
	  Index Cond: ((id >= 9715415) AND (id <= 9715515))

table 6 : explain SELECT id FROM sbtest6 WHERE id BETWEEN 9715415 AND 9715515
	Index Only Scan using sbtest6_pkey on sbtest6  (cost=0.43..6.35 rows=96 width=4)
	  Index Cond: ((id >= 9715415) AND (id <= 9715515))

table 7 : explain SELECT id FROM sbtest7 WHERE id BETWEEN 9715415 AND 9715515
	Index Only Scan using sbtest7_pkey on sbtest7  (cost=0.43..6.67 rows=112 width=4)
	  Index Cond: ((id >= 9715415) AND (id <= 9715515))

table 8 : explain SELECT id FROM sbtest8 WHERE id BETWEEN 9715415 AND 9715515
	Index Only Scan using sbtest8_pkey on sbtest8  (cost=0.43..6.33 rows=95 width=4)
	  Index Cond: ((id >= 9715415) AND (id <= 9715515))

explain: for range-covered :: explain SELECT id FROM sbtest%d WHERE id BETWEEN 9715415 AND 9715515
for range-covered
table 1 : explain SELECT id FROM sbtest1 WHERE id BETWEEN 5312817 AND 5312917
	Index Only Scan using sbtest1_pkey on sbtest1  (cost=0.43..6.40 rows=98 width=4)
	  Index Cond: ((id >= 5312817) AND (id <= 5312917))

table 2 : explain SELECT id FROM sbtest2 WHERE id BETWEEN 5312817 AND 5312917
	Index Only Scan using sbtest2_pkey on sbtest2  (cost=0.43..6.56 rows=106 width=4)
	  Index Cond: ((id >= 5312817) AND (id <= 5312917))

table 3 : explain SELECT id FROM sbtest3 WHERE id BETWEEN 5312817 AND 5312917
	Index Only Scan using sbtest3_pkey on sbtest3  (cost=0.43..6.69 rows=113 width=4)
	  Index Cond: ((id >= 5312817) AND (id <= 5312917))

table 4 : explain SELECT id FROM sbtest4 WHERE id BETWEEN 5312817 AND 5312917
	Index Only Scan using sbtest4_pkey on sbtest4  (cost=0.43..6.47 rows=102 width=4)
	  Index Cond: ((id >= 5312817) AND (id <= 5312917))

table 5 : explain SELECT id FROM sbtest5 WHERE id BETWEEN 5312817 AND 5312917
	Index Only Scan using sbtest5_pkey on sbtest5  (cost=0.43..6.51 rows=104 width=4)
	  Index Cond: ((id >= 5312817) AND (id <= 5312917))

table 6 : explain SELECT id FROM sbtest6 WHERE id BETWEEN 5312817 AND 5312917
	Index Only Scan using sbtest6_pkey on sbtest6  (cost=0.43..6.42 rows=99 width=4)
	  Index Cond: ((id >= 5312817) AND (id <= 5312917))

table 7 : explain SELECT id FROM sbtest7 WHERE id BETWEEN 5312817 AND 5312917
	Index Only Scan using sbtest7_pkey on sbtest7  (cost=0.43..6.51 rows=104 width=4)
	  Index Cond: ((id >= 5312817) AND (id <= 5312917))

table 8 : explain SELECT id FROM sbtest8 WHERE id BETWEEN 5312817 AND 5312917
	Index Only Scan using sbtest8_pkey on sbtest8  (cost=0.43..6.43 rows=100 width=4)
	  Index Cond: ((id >= 5312817) AND (id <= 5312917))

explain: for range-covered :: explain SELECT id FROM sbtest%d WHERE id BETWEEN 5312817 AND 5312917
for range-covered
table 1 : explain SELECT id FROM sbtest1 WHERE id BETWEEN 9715415 AND 9715515
	Index Only Scan using sbtest1_pkey on sbtest1  (cost=0.43..6.19 rows=88 width=4)
	  Index Cond: ((id >= 9715415) AND (id <= 9715515))

table 2 : explain SELECT id FROM sbtest2 WHERE id BETWEEN 9715415 AND 9715515
	Index Only Scan using sbtest2_pkey on sbtest2  (cost=0.43..6.45 rows=101 width=4)
	  Index Cond: ((id >= 9715415) AND (id <= 9715515))

table 3 : explain SELECT id FROM sbtest3 WHERE id BETWEEN 9715415 AND 9715515
	Index Only Scan using sbtest3_pkey on sbtest3  (cost=0.43..6.53 rows=105 width=4)
	  Index Cond: ((id >= 9715415) AND (id <= 9715515))

table 4 : explain SELECT id FROM sbtest4 WHERE id BETWEEN 9715415 AND 9715515
	Index Only Scan using sbtest4_pkey on sbtest4  (cost=0.43..6.45 rows=101 width=4)
	  Index Cond: ((id >= 9715415) AND (id <= 9715515))

table 5 : explain SELECT id FROM sbtest5 WHERE id BETWEEN 9715415 AND 9715515
	Index Only Scan using sbtest5_pkey on sbtest5  (cost=0.43..6.47 rows=102 width=4)
	  Index Cond: ((id >= 9715415) AND (id <= 9715515))

table 6 : explain SELECT id FROM sbtest6 WHERE id BETWEEN 9715415 AND 9715515
	Index Only Scan using sbtest6_pkey on sbtest6  (cost=0.43..6.35 rows=96 width=4)
	  Index Cond: ((id >= 9715415) AND (id <= 9715515))

table 7 : explain SELECT id FROM sbtest7 WHERE id BETWEEN 9715415 AND 9715515
	Index Only Scan using sbtest7_pkey on sbtest7  (cost=0.43..6.67 rows=112 width=4)
	  Index Cond: ((id >= 9715415) AND (id <= 9715515))

table 8 : explain SELECT id FROM sbtest8 WHERE id BETWEEN 9715415 AND 9715515
	Index Only Scan using sbtest8_pkey on sbtest8  (cost=0.43..6.33 rows=95 width=4)
	  Index Cond: ((id >= 9715415) AND (id <= 9715515))

explain: for range-covered :: explain SELECT id FROM sbtest%d WHERE id BETWEEN 9715415 AND 9715515
for range-covered
table 1 : explain SELECT id FROM sbtest1 WHERE id BETWEEN 5312817 AND 5312917
	Index Only Scan using sbtest1_pkey on sbtest1  (cost=0.43..6.40 rows=98 width=4)
	  Index Cond: ((id >= 5312817) AND (id <= 5312917))

table 2 : explain SELECT id FROM sbtest2 WHERE id BETWEEN 5312817 AND 5312917
	Index Only Scan using sbtest2_pkey on sbtest2  (cost=0.43..6.56 rows=106 width=4)
	  Index Cond: ((id >= 5312817) AND (id <= 5312917))

table 3 : explain SELECT id FROM sbtest3 WHERE id BETWEEN 5312817 AND 5312917
	Index Only Scan using sbtest3_pkey on sbtest3  (cost=0.43..6.69 rows=113 width=4)
	  Index Cond: ((id >= 5312817) AND (id <= 5312917))

table 4 : explain SELECT id FROM sbtest4 WHERE id BETWEEN 5312817 AND 5312917
	Index Only Scan using sbtest4_pkey on sbtest4  (cost=0.43..6.47 rows=102 width=4)
	  Index Cond: ((id >= 5312817) AND (id <= 5312917))

table 5 : explain SELECT id FROM sbtest5 WHERE id BETWEEN 5312817 AND 5312917
	Index Only Scan using sbtest5_pkey on sbtest5  (cost=0.43..6.51 rows=104 width=4)
	  Index Cond: ((id >= 5312817) AND (id <= 5312917))

table 6 : explain SELECT id FROM sbtest6 WHERE id BETWEEN 5312817 AND 5312917
	Index Only Scan using sbtest6_pkey on sbtest6  (cost=0.43..6.42 rows=99 width=4)
	  Index Cond: ((id >= 5312817) AND (id <= 5312917))

table 7 : explain SELECT id FROM sbtest7 WHERE id BETWEEN 5312817 AND 5312917
	Index Only Scan using sbtest7_pkey on sbtest7  (cost=0.43..6.51 rows=104 width=4)
	  Index Cond: ((id >= 5312817) AND (id <= 5312917))

table 8 : explain SELECT id FROM sbtest8 WHERE id BETWEEN 5312817 AND 5312917
	Index Only Scan using sbtest8_pkey on sbtest8  (cost=0.43..6.43 rows=100 width=4)
	  Index Cond: ((id >= 5312817) AND (id <= 5312917))

explain: for range-covered :: explain SELECT id FROM sbtest%d WHERE id BETWEEN 5312817 AND 5312917
for range-covered
table 1 : explain SELECT id FROM sbtest1 WHERE id BETWEEN 9715415 AND 9715515
	Index Only Scan using sbtest1_pkey on sbtest1  (cost=0.43..6.19 rows=88 width=4)
	  Index Cond: ((id >= 9715415) AND (id <= 9715515))

table 2 : explain SELECT id FROM sbtest2 WHERE id BETWEEN 9715415 AND 9715515
	Index Only Scan using sbtest2_pkey on sbtest2  (cost=0.43..6.45 rows=101 width=4)
	  Index Cond: ((id >= 9715415) AND (id <= 9715515))

table 3 : explain SELECT id FROM sbtest3 WHERE id BETWEEN 9715415 AND 9715515
	Index Only Scan using sbtest3_pkey on sbtest3  (cost=0.43..6.53 rows=105 width=4)
	  Index Cond: ((id >= 9715415) AND (id <= 9715515))

table 4 : explain SELECT id FROM sbtest4 WHERE id BETWEEN 9715415 AND 9715515
	Index Only Scan using sbtest4_pkey on sbtest4  (cost=0.43..6.45 rows=101 width=4)
	  Index Cond: ((id >= 9715415) AND (id <= 9715515))

table 5 : explain SELECT id FROM sbtest5 WHERE id BETWEEN 9715415 AND 9715515
	Index Only Scan using sbtest5_pkey on sbtest5  (cost=0.43..6.47 rows=102 width=4)
	  Index Cond: ((id >= 9715415) AND (id <= 9715515))

table 6 : explain SELECT id FROM sbtest6 WHERE id BETWEEN 9715415 AND 9715515
	Index Only Scan using sbtest6_pkey on sbtest6  (cost=0.43..6.35 rows=96 width=4)
	  Index Cond: ((id >= 9715415) AND (id <= 9715515))

table 7 : explain SELECT id FROM sbtest7 WHERE id BETWEEN 9715415 AND 9715515
	Index Only Scan using sbtest7_pkey on sbtest7  (cost=0.43..6.67 rows=112 width=4)
	  Index Cond: ((id >= 9715415) AND (id <= 9715515))

table 8 : explain SELECT id FROM sbtest8 WHERE id BETWEEN 9715415 AND 9715515
	Index Only Scan using sbtest8_pkey on sbtest8  (cost=0.43..6.33 rows=95 width=4)
	  Index Cond: ((id >= 9715415) AND (id <= 9715515))

for range-covered
table 1 : explain SELECT id FROM sbtest1 WHERE id BETWEEN 5312817 AND 5312917
	Index Only Scan using sbtest1_pkey on sbtest1  (cost=0.43..6.40 rows=98 width=4)
	  Index Cond: ((id >= 5312817) AND (id <= 5312917))

table 2 : explain SELECT id FROM sbtest2 WHERE id BETWEEN 5312817 AND 5312917
	Index Only Scan using sbtest2_pkey on sbtest2  (cost=0.43..6.56 rows=106 width=4)
	  Index Cond: ((id >= 5312817) AND (id <= 5312917))

table 3 : explain SELECT id FROM sbtest3 WHERE id BETWEEN 5312817 AND 5312917
	Index Only Scan using sbtest3_pkey on sbtest3  (cost=0.43..6.69 rows=113 width=4)
	  Index Cond: ((id >= 5312817) AND (id <= 5312917))

table 4 : explain SELECT id FROM sbtest4 WHERE id BETWEEN 5312817 AND 5312917
	Index Only Scan using sbtest4_pkey on sbtest4  (cost=0.43..6.47 rows=102 width=4)
	  Index Cond: ((id >= 5312817) AND (id <= 5312917))

table 5 : explain SELECT id FROM sbtest5 WHERE id BETWEEN 5312817 AND 5312917
	Index Only Scan using sbtest5_pkey on sbtest5  (cost=0.43..6.51 rows=104 width=4)
	  Index Cond: ((id >= 5312817) AND (id <= 5312917))

table 6 : explain SELECT id FROM sbtest6 WHERE id BETWEEN 5312817 AND 5312917
	Index Only Scan using sbtest6_pkey on sbtest6  (cost=0.43..6.42 rows=99 width=4)
	  Index Cond: ((id >= 5312817) AND (id <= 5312917))

table 7 : explain SELECT id FROM sbtest7 WHERE id BETWEEN 5312817 AND 5312917
	Index Only Scan using sbtest7_pkey on sbtest7  (cost=0.43..6.51 rows=104 width=4)
	  Index Cond: ((id >= 5312817) AND (id <= 5312917))

table 8 : explain SELECT id FROM sbtest8 WHERE id BETWEEN 5312817 AND 5312917
	Index Only Scan using sbtest8_pkey on sbtest8  (cost=0.43..6.43 rows=100 width=4)
	  Index Cond: ((id >= 5312817) AND (id <= 5312917))

explain: for range-covered :: explain SELECT id FROM sbtest%d WHERE id BETWEEN 5312817 AND 5312917
for range-covered
table 1 : explain SELECT id FROM sbtest1 WHERE id BETWEEN 4034761 AND 4034861
	Index Only Scan using sbtest1_pkey on sbtest1  (cost=0.43..6.47 rows=102 width=4)
	  Index Cond: ((id >= 4034761) AND (id <= 4034861))

table 2 : explain SELECT id FROM sbtest2 WHERE id BETWEEN 4034761 AND 4034861
	Index Only Scan using sbtest2_pkey on sbtest2  (cost=0.43..6.43 rows=100 width=4)
	  Index Cond: ((id >= 4034761) AND (id <= 4034861))

table 3 : explain SELECT id FROM sbtest3 WHERE id BETWEEN 4034761 AND 4034861
	Index Only Scan using sbtest3_pkey on sbtest3  (cost=0.43..6.37 rows=97 width=4)
	  Index Cond: ((id >= 4034761) AND (id <= 4034861))

table 4 : explain SELECT id FROM sbtest4 WHERE id BETWEEN 4034761 AND 4034861
	Index Only Scan using sbtest4_pkey on sbtest4  (cost=0.43..6.45 rows=101 width=4)
	  Index Cond: ((id >= 4034761) AND (id <= 4034861))

table 5 : explain SELECT id FROM sbtest5 WHERE id BETWEEN 4034761 AND 4034861
	Index Only Scan using sbtest5_pkey on sbtest5  (cost=0.43..6.37 rows=97 width=4)
	  Index Cond: ((id >= 4034761) AND (id <= 4034861))

table 6 : explain SELECT id FROM sbtest6 WHERE id BETWEEN 4034761 AND 4034861
	Index Only Scan using sbtest6_pkey on sbtest6  (cost=0.43..6.33 rows=95 width=4)
	  Index Cond: ((id >= 4034761) AND (id <= 4034861))

table 7 : explain SELECT id FROM sbtest7 WHERE id BETWEEN 4034761 AND 4034861
	Index Only Scan using sbtest7_pkey on sbtest7  (cost=0.43..6.42 rows=99 width=4)
	  Index Cond: ((id >= 4034761) AND (id <= 4034861))

table 8 : explain SELECT id FROM sbtest8 WHERE id BETWEEN 4034761 AND 4034861
	Index Only Scan using sbtest8_pkey on sbtest8  (cost=0.43..6.61 rows=109 width=4)
	  Index Cond: ((id >= 4034761) AND (id <= 4034861))

for range-covered
table 1 : explain SELECT id FROM sbtest1 WHERE id BETWEEN 5312817 AND 5312917
	Index Only Scan using sbtest1_pkey on sbtest1  (cost=0.43..6.40 rows=98 width=4)
	  Index Cond: ((id >= 5312817) AND (id <= 5312917))

table 2 : explain SELECT id FROM sbtest2 WHERE id BETWEEN 5312817 AND 5312917
	Index Only Scan using sbtest2_pkey on sbtest2  (cost=0.43..6.56 rows=106 width=4)
	  Index Cond: ((id >= 5312817) AND (id <= 5312917))

table 3 : explain SELECT id FROM sbtest3 WHERE id BETWEEN 5312817 AND 5312917
	Index Only Scan using sbtest3_pkey on sbtest3  (cost=0.43..6.69 rows=113 width=4)
	  Index Cond: ((id >= 5312817) AND (id <= 5312917))

table 4 : explain SELECT id FROM sbtest4 WHERE id BETWEEN 5312817 AND 5312917
	Index Only Scan using sbtest4_pkey on sbtest4  (cost=0.43..6.47 rows=102 width=4)
	  Index Cond: ((id >= 5312817) AND (id <= 5312917))

table 5 : explain SELECT id FROM sbtest5 WHERE id BETWEEN 5312817 AND 5312917
	Index Only Scan using sbtest5_pkey on sbtest5  (cost=0.43..6.51 rows=104 width=4)
	  Index Cond: ((id >= 5312817) AND (id <= 5312917))

table 6 : explain SELECT id FROM sbtest6 WHERE id BETWEEN 5312817 AND 5312917
	Index Only Scan using sbtest6_pkey on sbtest6  (cost=0.43..6.42 rows=99 width=4)
	  Index Cond: ((id >= 5312817) AND (id <= 5312917))

table 7 : explain SELECT id FROM sbtest7 WHERE id BETWEEN 5312817 AND 5312917
	Index Only Scan using sbtest7_pkey on sbtest7  (cost=0.43..6.51 rows=104 width=4)
	  Index Cond: ((id >= 5312817) AND (id <= 5312917))

table 8 : explain SELECT id FROM sbtest8 WHERE id BETWEEN 5312817 AND 5312917
	Index Only Scan using sbtest8_pkey on sbtest8  (cost=0.43..6.43 rows=100 width=4)
	  Index Cond: ((id >= 5312817) AND (id <= 5312917))

explain: for range-covered :: explain SELECT id FROM sbtest%d WHERE id BETWEEN 5312817 AND 5312917
for range-covered
table 1 : explain SELECT id FROM sbtest1 WHERE id BETWEEN 5585089 AND 5585189
	Index Only Scan using sbtest1_pkey on sbtest1  (cost=0.43..6.56 rows=106 width=4)
	  Index Cond: ((id >= 5585089) AND (id <= 5585189))

table 2 : explain SELECT id FROM sbtest2 WHERE id BETWEEN 5585089 AND 5585189
	Index Only Scan using sbtest2_pkey on sbtest2  (cost=0.43..6.42 rows=99 width=4)
	  Index Cond: ((id >= 5585089) AND (id <= 5585189))

table 3 : explain SELECT id FROM sbtest3 WHERE id BETWEEN 5585089 AND 5585189
	Index Only Scan using sbtest3_pkey on sbtest3  (cost=0.43..6.35 rows=96 width=4)
	  Index Cond: ((id >= 5585089) AND (id <= 5585189))

table 4 : explain SELECT id FROM sbtest4 WHERE id BETWEEN 5585089 AND 5585189
	Index Only Scan using sbtest4_pkey on sbtest4  (cost=0.43..6.25 rows=91 width=4)
	  Index Cond: ((id >= 5585089) AND (id <= 5585189))

table 5 : explain SELECT id FROM sbtest5 WHERE id BETWEEN 5585089 AND 5585189
	Index Only Scan using sbtest5_pkey on sbtest5  (cost=0.43..6.45 rows=101 width=4)
	  Index Cond: ((id >= 5585089) AND (id <= 5585189))

table 6 : explain SELECT id FROM sbtest6 WHERE id BETWEEN 5585089 AND 5585189
	Index Only Scan using sbtest6_pkey on sbtest6  (cost=0.43..6.58 rows=107 width=4)
	  Index Cond: ((id >= 5585089) AND (id <= 5585189))

table 7 : explain SELECT id FROM sbtest7 WHERE id BETWEEN 5585089 AND 5585189
	Index Only Scan using sbtest7_pkey on sbtest7  (cost=0.43..6.51 rows=104 width=4)
	  Index Cond: ((id >= 5585089) AND (id <= 5585189))

table 8 : explain SELECT id FROM sbtest8 WHERE id BETWEEN 5585089 AND 5585189
	Index Only Scan using sbtest8_pkey on sbtest8  (cost=0.43..6.43 rows=100 width=4)
	  Index Cond: ((id >= 5585089) AND (id <= 5585189))

explain: for range-covered :: explain SELECT id FROM sbtest%d WHERE id BETWEEN 5585089 AND 5585189
for range-covered
table 1 : explain SELECT id FROM sbtest1 WHERE id BETWEEN 9403920 AND 9404020
	Index Only Scan using sbtest1_pkey on sbtest1  (cost=0.43..6.59 rows=108 width=4)
	  Index Cond: ((id >= 9403920) AND (id <= 9404020))

table 2 : explain SELECT id FROM sbtest2 WHERE id BETWEEN 9403920 AND 9404020
	Index Only Scan using sbtest2_pkey on sbtest2  (cost=0.43..6.33 rows=95 width=4)
	  Index Cond: ((id >= 9403920) AND (id <= 9404020))

table 3 : explain SELECT id FROM sbtest3 WHERE id BETWEEN 9403920 AND 9404020
	Index Only Scan using sbtest3_pkey on sbtest3  (cost=0.43..6.69 rows=113 width=4)
	  Index Cond: ((id >= 9403920) AND (id <= 9404020))

table 4 : explain SELECT id FROM sbtest4 WHERE id BETWEEN 9403920 AND 9404020
	Index Only Scan using sbtest4_pkey on sbtest4  (cost=0.43..6.47 rows=102 width=4)
	  Index Cond: ((id >= 9403920) AND (id <= 9404020))

table 5 : explain SELECT id FROM sbtest5 WHERE id BETWEEN 9403920 AND 9404020
	Index Only Scan using sbtest5_pkey on sbtest5  (cost=0.43..6.40 rows=98 width=4)
	  Index Cond: ((id >= 9403920) AND (id <= 9404020))

table 6 : explain SELECT id FROM sbtest6 WHERE id BETWEEN 9403920 AND 9404020
	Index Only Scan using sbtest6_pkey on sbtest6  (cost=0.43..6.29 rows=93 width=4)
	  Index Cond: ((id >= 9403920) AND (id <= 9404020))

table 7 : explain SELECT id FROM sbtest7 WHERE id BETWEEN 9403920 AND 9404020
	Index Only Scan using sbtest7_pkey on sbtest7  (cost=0.43..6.51 rows=104 width=4)
	  Index Cond: ((id >= 9403920) AND (id <= 9404020))

table 8 : explain SELECT id FROM sbtest8 WHERE id BETWEEN 9403920 AND 9404020
	Index Only Scan using sbtest8_pkey on sbtest8  (cost=0.43..6.29 rows=93 width=4)
	  Index Cond: ((id >= 9403920) AND (id <= 9404020))

for range-covered
table 1 : explain SELECT id FROM sbtest1 WHERE id BETWEEN 5312817 AND 5312917
	Index Only Scan using sbtest1_pkey on sbtest1  (cost=0.43..6.40 rows=98 width=4)
	  Index Cond: ((id >= 5312817) AND (id <= 5312917))

table 2 : explain SELECT id FROM sbtest2 WHERE id BETWEEN 5312817 AND 5312917
	Index Only Scan using sbtest2_pkey on sbtest2  (cost=0.43..6.56 rows=106 width=4)
	  Index Cond: ((id >= 5312817) AND (id <= 5312917))

table 3 : explain SELECT id FROM sbtest3 WHERE id BETWEEN 5312817 AND 5312917
	Index Only Scan using sbtest3_pkey on sbtest3  (cost=0.43..6.69 rows=113 width=4)
	  Index Cond: ((id >= 5312817) AND (id <= 5312917))

table 4 : explain SELECT id FROM sbtest4 WHERE id BETWEEN 5312817 AND 5312917
	Index Only Scan using sbtest4_pkey on sbtest4  (cost=0.43..6.47 rows=102 width=4)
	  Index Cond: ((id >= 5312817) AND (id <= 5312917))

table 5 : explain SELECT id FROM sbtest5 WHERE id BETWEEN 5312817 AND 5312917
	Index Only Scan using sbtest5_pkey on sbtest5  (cost=0.43..6.51 rows=104 width=4)
	  Index Cond: ((id >= 5312817) AND (id <= 5312917))

table 6 : explain SELECT id FROM sbtest6 WHERE id BETWEEN 5312817 AND 5312917
	Index Only Scan using sbtest6_pkey on sbtest6  (cost=0.43..6.42 rows=99 width=4)
	  Index Cond: ((id >= 5312817) AND (id <= 5312917))

table 7 : explain SELECT id FROM sbtest7 WHERE id BETWEEN 5312817 AND 5312917
	Index Only Scan using sbtest7_pkey on sbtest7  (cost=0.43..6.51 rows=104 width=4)
	  Index Cond: ((id >= 5312817) AND (id <= 5312917))

table 8 : explain SELECT id FROM sbtest8 WHERE id BETWEEN 5312817 AND 5312917
	Index Only Scan using sbtest8_pkey on sbtest8  (cost=0.43..6.43 rows=100 width=4)
	  Index Cond: ((id >= 5312817) AND (id <= 5312917))

explain: for range-covered :: explain SELECT id FROM sbtest%d WHERE id BETWEEN 5312817 AND 5312917
for range-covered
table 1 : explain SELECT id FROM sbtest1 WHERE id BETWEEN 5585089 AND 5585189
	Index Only Scan using sbtest1_pkey on sbtest1  (cost=0.43..6.56 rows=106 width=4)
	  Index Cond: ((id >= 5585089) AND (id <= 5585189))

table 2 : explain SELECT id FROM sbtest2 WHERE id BETWEEN 5585089 AND 5585189
	Index Only Scan using sbtest2_pkey on sbtest2  (cost=0.43..6.42 rows=99 width=4)
	  Index Cond: ((id >= 5585089) AND (id <= 5585189))

table 3 : explain SELECT id FROM sbtest3 WHERE id BETWEEN 5585089 AND 5585189
	Index Only Scan using sbtest3_pkey on sbtest3  (cost=0.43..6.35 rows=96 width=4)
	  Index Cond: ((id >= 5585089) AND (id <= 5585189))

table 4 : explain SELECT id FROM sbtest4 WHERE id BETWEEN 5585089 AND 5585189
	Index Only Scan using sbtest4_pkey on sbtest4  (cost=0.43..6.25 rows=91 width=4)
	  Index Cond: ((id >= 5585089) AND (id <= 5585189))

table 5 : explain SELECT id FROM sbtest5 WHERE id BETWEEN 5585089 AND 5585189
	Index Only Scan using sbtest5_pkey on sbtest5  (cost=0.43..6.45 rows=101 width=4)
	  Index Cond: ((id >= 5585089) AND (id <= 5585189))

table 6 : explain SELECT id FROM sbtest6 WHERE id BETWEEN 5585089 AND 5585189
	Index Only Scan using sbtest6_pkey on sbtest6  (cost=0.43..6.58 rows=107 width=4)
	  Index Cond: ((id >= 5585089) AND (id <= 5585189))

table 7 : explain SELECT id FROM sbtest7 WHERE id BETWEEN 5585089 AND 5585189
	Index Only Scan using sbtest7_pkey on sbtest7  (cost=0.43..6.51 rows=104 width=4)
	  Index Cond: ((id >= 5585089) AND (id <= 5585189))

table 8 : explain SELECT id FROM sbtest8 WHERE id BETWEEN 5585089 AND 5585189
	Index Only Scan using sbtest8_pkey on sbtest8  (cost=0.43..6.43 rows=100 width=4)
	  Index Cond: ((id >= 5585089) AND (id <= 5585189))

explain: for range-covered :: explain SELECT id FROM sbtest%d WHERE id BETWEEN 5585089 AND 5585189
explain: for range-covered :: explain SELECT id FROM sbtest%d WHERE id BETWEEN 2238953 AND 2239053
for range-covered
table 1 : explain SELECT id FROM sbtest1 WHERE id BETWEEN 5312817 AND 5312917
	Index Only Scan using sbtest1_pkey on sbtest1  (cost=0.43..6.40 rows=98 width=4)
	  Index Cond: ((id >= 5312817) AND (id <= 5312917))

table 2 : explain SELECT id FROM sbtest2 WHERE id BETWEEN 5312817 AND 5312917
	Index Only Scan using sbtest2_pkey on sbtest2  (cost=0.43..6.56 rows=106 width=4)
	  Index Cond: ((id >= 5312817) AND (id <= 5312917))

table 3 : explain SELECT id FROM sbtest3 WHERE id BETWEEN 5312817 AND 5312917
	Index Only Scan using sbtest3_pkey on sbtest3  (cost=0.43..6.69 rows=113 width=4)
	  Index Cond: ((id >= 5312817) AND (id <= 5312917))

table 4 : explain SELECT id FROM sbtest4 WHERE id BETWEEN 5312817 AND 5312917
	Index Only Scan using sbtest4_pkey on sbtest4  (cost=0.43..6.47 rows=102 width=4)
	  Index Cond: ((id >= 5312817) AND (id <= 5312917))

table 5 : explain SELECT id FROM sbtest5 WHERE id BETWEEN 5312817 AND 5312917
	Index Only Scan using sbtest5_pkey on sbtest5  (cost=0.43..6.51 rows=104 width=4)
	  Index Cond: ((id >= 5312817) AND (id <= 5312917))

table 6 : explain SELECT id FROM sbtest6 WHERE id BETWEEN 5312817 AND 5312917
	Index Only Scan using sbtest6_pkey on sbtest6  (cost=0.43..6.42 rows=99 width=4)
	  Index Cond: ((id >= 5312817) AND (id <= 5312917))

table 7 : explain SELECT id FROM sbtest7 WHERE id BETWEEN 5312817 AND 5312917
	Index Only Scan using sbtest7_pkey on sbtest7  (cost=0.43..6.51 rows=104 width=4)
	  Index Cond: ((id >= 5312817) AND (id <= 5312917))

table 8 : explain SELECT id FROM sbtest8 WHERE id BETWEEN 5312817 AND 5312917
	Index Only Scan using sbtest8_pkey on sbtest8  (cost=0.43..6.43 rows=100 width=4)
	  Index Cond: ((id >= 5312817) AND (id <= 5312917))

explain: for range-covered :: explain SELECT id FROM sbtest%d WHERE id BETWEEN 5312817 AND 5312917
for range-covered
table 1 : explain SELECT id FROM sbtest1 WHERE id BETWEEN 7463953 AND 7464053
	Index Only Scan using sbtest1_pkey on sbtest1  (cost=0.43..6.43 rows=100 width=4)
	  Index Cond: ((id >= 7463953) AND (id <= 7464053))

table 2 : explain SELECT id FROM sbtest2 WHERE id BETWEEN 7463953 AND 7464053
	Index Only Scan using sbtest2_pkey on sbtest2  (cost=0.43..6.53 rows=105 width=4)
	  Index Cond: ((id >= 7463953) AND (id <= 7464053))

table 3 : explain SELECT id FROM sbtest3 WHERE id BETWEEN 7463953 AND 7464053
	Index Only Scan using sbtest3_pkey on sbtest3  (cost=0.43..6.25 rows=91 width=4)
	  Index Cond: ((id >= 7463953) AND (id <= 7464053))

table 4 : explain SELECT id FROM sbtest4 WHERE id BETWEEN 7463953 AND 7464053
	Index Only Scan using sbtest4_pkey on sbtest4  (cost=0.43..6.51 rows=104 width=4)
	  Index Cond: ((id >= 7463953) AND (id <= 7464053))

table 5 : explain SELECT id FROM sbtest5 WHERE id BETWEEN 7463953 AND 7464053
	Index Only Scan using sbtest5_pkey on sbtest5  (cost=0.43..6.25 rows=91 width=4)
	  Index Cond: ((id >= 7463953) AND (id <= 7464053))

table 6 : explain SELECT id FROM sbtest6 WHERE id BETWEEN 7463953 AND 7464053
	Index Only Scan using sbtest6_pkey on sbtest6  (cost=0.43..6.42 rows=99 width=4)
	  Index Cond: ((id >= 7463953) AND (id <= 7464053))

table 7 : explain SELECT id FROM sbtest7 WHERE id BETWEEN 7463953 AND 7464053
	Index Only Scan using sbtest7_pkey on sbtest7  (cost=0.43..6.87 rows=122 width=4)
	  Index Cond: ((id >= 7463953) AND (id <= 7464053))

table 8 : explain SELECT id FROM sbtest8 WHERE id BETWEEN 7463953 AND 7464053
	Index Only Scan using sbtest8_pkey on sbtest8  (cost=0.43..6.53 rows=105 width=4)
	  Index Cond: ((id >= 7463953) AND (id <= 7464053))

for range-covered
table 1 : explain SELECT id FROM sbtest1 WHERE id BETWEEN 5585089 AND 5585189
	Index Only Scan using sbtest1_pkey on sbtest1  (cost=0.43..6.56 rows=106 width=4)
	  Index Cond: ((id >= 5585089) AND (id <= 5585189))

table 2 : explain SELECT id FROM sbtest2 WHERE id BETWEEN 5585089 AND 5585189
	Index Only Scan using sbtest2_pkey on sbtest2  (cost=0.43..6.42 rows=99 width=4)
	  Index Cond: ((id >= 5585089) AND (id <= 5585189))

table 3 : explain SELECT id FROM sbtest3 WHERE id BETWEEN 5585089 AND 5585189
	Index Only Scan using sbtest3_pkey on sbtest3  (cost=0.43..6.35 rows=96 width=4)
	  Index Cond: ((id >= 5585089) AND (id <= 5585189))

table 4 : explain SELECT id FROM sbtest4 WHERE id BETWEEN 5585089 AND 5585189
	Index Only Scan using sbtest4_pkey on sbtest4  (cost=0.43..6.25 rows=91 width=4)
	  Index Cond: ((id >= 5585089) AND (id <= 5585189))

table 5 : explain SELECT id FROM sbtest5 WHERE id BETWEEN 5585089 AND 5585189
	Index Only Scan using sbtest5_pkey on sbtest5  (cost=0.43..6.45 rows=101 width=4)
	  Index Cond: ((id >= 5585089) AND (id <= 5585189))

table 6 : explain SELECT id FROM sbtest6 WHERE id BETWEEN 5585089 AND 5585189
	Index Only Scan using sbtest6_pkey on sbtest6  (cost=0.43..6.58 rows=107 width=4)
	  Index Cond: ((id >= 5585089) AND (id <= 5585189))

table 7 : explain SELECT id FROM sbtest7 WHERE id BETWEEN 5585089 AND 5585189
	Index Only Scan using sbtest7_pkey on sbtest7  (cost=0.43..6.51 rows=104 width=4)
	  Index Cond: ((id >= 5585089) AND (id <= 5585189))

table 8 : explain SELECT id FROM sbtest8 WHERE id BETWEEN 5585089 AND 5585189
	Index Only Scan using sbtest8_pkey on sbtest8  (cost=0.43..6.43 rows=100 width=4)
	  Index Cond: ((id >= 5585089) AND (id <= 5585189))

explain: for range-covered :: explain SELECT id FROM sbtest%d WHERE id BETWEEN 5585089 AND 5585189
for range-covered
table 1 : explain SELECT id FROM sbtest1 WHERE id BETWEEN 5585089 AND 5585189
	Index Only Scan using sbtest1_pkey on sbtest1  (cost=0.43..6.56 rows=106 width=4)
	  Index Cond: ((id >= 5585089) AND (id <= 5585189))

table 2 : explain SELECT id FROM sbtest2 WHERE id BETWEEN 5585089 AND 5585189
	Index Only Scan using sbtest2_pkey on sbtest2  (cost=0.43..6.42 rows=99 width=4)
	  Index Cond: ((id >= 5585089) AND (id <= 5585189))

table 3 : explain SELECT id FROM sbtest3 WHERE id BETWEEN 5585089 AND 5585189
	Index Only Scan using sbtest3_pkey on sbtest3  (cost=0.43..6.35 rows=96 width=4)
	  Index Cond: ((id >= 5585089) AND (id <= 5585189))

table 4 : explain SELECT id FROM sbtest4 WHERE id BETWEEN 5585089 AND 5585189
	Index Only Scan using sbtest4_pkey on sbtest4  (cost=0.43..6.25 rows=91 width=4)
	  Index Cond: ((id >= 5585089) AND (id <= 5585189))

table 5 : explain SELECT id FROM sbtest5 WHERE id BETWEEN 5585089 AND 5585189
	Index Only Scan using sbtest5_pkey on sbtest5  (cost=0.43..6.45 rows=101 width=4)
	  Index Cond: ((id >= 5585089) AND (id <= 5585189))

table 6 : explain SELECT id FROM sbtest6 WHERE id BETWEEN 5585089 AND 5585189
	Index Only Scan using sbtest6_pkey on sbtest6  (cost=0.43..6.58 rows=107 width=4)
	  Index Cond: ((id >= 5585089) AND (id <= 5585189))

table 7 : explain SELECT id FROM sbtest7 WHERE id BETWEEN 5585089 AND 5585189
	Index Only Scan using sbtest7_pkey on sbtest7  (cost=0.43..6.51 rows=104 width=4)
	  Index Cond: ((id >= 5585089) AND (id <= 5585189))

table 8 : explain SELECT id FROM sbtest8 WHERE id BETWEEN 5585089 AND 5585189
	Index Only Scan using sbtest8_pkey on sbtest8  (cost=0.43..6.43 rows=100 width=4)
	  Index Cond: ((id >= 5585089) AND (id <= 5585189))

explain: for range-covered :: explain SELECT id FROM sbtest%d WHERE id BETWEEN 5585089 AND 5585189
for range-covered
table 1 : explain SELECT id FROM sbtest1 WHERE id BETWEEN 5585089 AND 5585189
	Index Only Scan using sbtest1_pkey on sbtest1  (cost=0.43..6.56 rows=106 width=4)
	  Index Cond: ((id >= 5585089) AND (id <= 5585189))

table 2 : explain SELECT id FROM sbtest2 WHERE id BETWEEN 5585089 AND 5585189
	Index Only Scan using sbtest2_pkey on sbtest2  (cost=0.43..6.42 rows=99 width=4)
	  Index Cond: ((id >= 5585089) AND (id <= 5585189))

table 3 : explain SELECT id FROM sbtest3 WHERE id BETWEEN 5585089 AND 5585189
	Index Only Scan using sbtest3_pkey on sbtest3  (cost=0.43..6.35 rows=96 width=4)
	  Index Cond: ((id >= 5585089) AND (id <= 5585189))

table 4 : explain SELECT id FROM sbtest4 WHERE id BETWEEN 5585089 AND 5585189
	Index Only Scan using sbtest4_pkey on sbtest4  (cost=0.43..6.25 rows=91 width=4)
	  Index Cond: ((id >= 5585089) AND (id <= 5585189))

table 5 : explain SELECT id FROM sbtest5 WHERE id BETWEEN 5585089 AND 5585189
	Index Only Scan using sbtest5_pkey on sbtest5  (cost=0.43..6.45 rows=101 width=4)
	  Index Cond: ((id >= 5585089) AND (id <= 5585189))

table 6 : explain SELECT id FROM sbtest6 WHERE id BETWEEN 5585089 AND 5585189
	Index Only Scan using sbtest6_pkey on sbtest6  (cost=0.43..6.58 rows=107 width=4)
	  Index Cond: ((id >= 5585089) AND (id <= 5585189))

table 7 : explain SELECT id FROM sbtest7 WHERE id BETWEEN 5585089 AND 5585189
	Index Only Scan using sbtest7_pkey on sbtest7  (cost=0.43..6.51 rows=104 width=4)
	  Index Cond: ((id >= 5585089) AND (id <= 5585189))

table 8 : explain SELECT id FROM sbtest8 WHERE id BETWEEN 5585089 AND 5585189
	Index Only Scan using sbtest8_pkey on sbtest8  (cost=0.43..6.43 rows=100 width=4)
	  Index Cond: ((id >= 5585089) AND (id <= 5585189))

explain: for range-covered :: explain SELECT id FROM sbtest%d WHERE id BETWEEN 5585089 AND 5585189
explain: for range-covered :: explain SELECT id FROM sbtest%d WHERE id BETWEEN 4540229 AND 4540329
explain: for range-covered :: explain SELECT id FROM sbtest%d WHERE id BETWEEN 7354344 AND 7354444
for range-covered
table 1 : explain SELECT id FROM sbtest1 WHERE id BETWEEN 5312817 AND 5312917
	Index Only Scan using sbtest1_pkey on sbtest1  (cost=0.43..6.40 rows=98 width=4)
	  Index Cond: ((id >= 5312817) AND (id <= 5312917))

table 2 : explain SELECT id FROM sbtest2 WHERE id BETWEEN 5312817 AND 5312917
	Index Only Scan using sbtest2_pkey on sbtest2  (cost=0.43..6.56 rows=106 width=4)
	  Index Cond: ((id >= 5312817) AND (id <= 5312917))

table 3 : explain SELECT id FROM sbtest3 WHERE id BETWEEN 5312817 AND 5312917
	Index Only Scan using sbtest3_pkey on sbtest3  (cost=0.43..6.69 rows=113 width=4)
	  Index Cond: ((id >= 5312817) AND (id <= 5312917))

table 4 : explain SELECT id FROM sbtest4 WHERE id BETWEEN 5312817 AND 5312917
	Index Only Scan using sbtest4_pkey on sbtest4  (cost=0.43..6.47 rows=102 width=4)
	  Index Cond: ((id >= 5312817) AND (id <= 5312917))

table 5 : explain SELECT id FROM sbtest5 WHERE id BETWEEN 5312817 AND 5312917
	Index Only Scan using sbtest5_pkey on sbtest5  (cost=0.43..6.51 rows=104 width=4)
	  Index Cond: ((id >= 5312817) AND (id <= 5312917))

table 6 : explain SELECT id FROM sbtest6 WHERE id BETWEEN 5312817 AND 5312917
	Index Only Scan using sbtest6_pkey on sbtest6  (cost=0.43..6.42 rows=99 width=4)
	  Index Cond: ((id >= 5312817) AND (id <= 5312917))

table 7 : explain SELECT id FROM sbtest7 WHERE id BETWEEN 5312817 AND 5312917
	Index Only Scan using sbtest7_pkey on sbtest7  (cost=0.43..6.51 rows=104 width=4)
	  Index Cond: ((id >= 5312817) AND (id <= 5312917))

table 8 : explain SELECT id FROM sbtest8 WHERE id BETWEEN 5312817 AND 5312917
	Index Only Scan using sbtest8_pkey on sbtest8  (cost=0.43..6.43 rows=100 width=4)
	  Index Cond: ((id >= 5312817) AND (id <= 5312917))

for range-covered
table 1 : explain SELECT id FROM sbtest1 WHERE id BETWEEN 2238953 AND 2239053
	Index Only Scan using sbtest1_pkey on sbtest1  (cost=0.43..6.45 rows=101 width=4)
	  Index Cond: ((id >= 2238953) AND (id <= 2239053))

table 2 : explain SELECT id FROM sbtest2 WHERE id BETWEEN 2238953 AND 2239053
	Index Only Scan using sbtest2_pkey on sbtest2  (cost=0.43..6.40 rows=98 width=4)
	  Index Cond: ((id >= 2238953) AND (id <= 2239053))

table 3 : explain SELECT id FROM sbtest3 WHERE id BETWEEN 2238953 AND 2239053
	Index Only Scan using sbtest3_pkey on sbtest3  (cost=0.43..6.40 rows=98 width=4)
	  Index Cond: ((id >= 2238953) AND (id <= 2239053))

table 4 : explain SELECT id FROM sbtest4 WHERE id BETWEEN 2238953 AND 2239053
	Index Only Scan using sbtest4_pkey on sbtest4  (cost=0.43..6.27 rows=92 width=4)
	  Index Cond: ((id >= 2238953) AND (id <= 2239053))

table 5 : explain SELECT id FROM sbtest5 WHERE id BETWEEN 2238953 AND 2239053
	Index Only Scan using sbtest5_pkey on sbtest5  (cost=0.43..6.59 rows=108 width=4)
	  Index Cond: ((id >= 2238953) AND (id <= 2239053))

table 6 : explain SELECT id FROM sbtest6 WHERE id BETWEEN 2238953 AND 2239053
	Index Only Scan using sbtest6_pkey on sbtest6  (cost=0.43..6.47 rows=102 width=4)
	  Index Cond: ((id >= 2238953) AND (id <= 2239053))

table 7 : explain SELECT id FROM sbtest7 WHERE id BETWEEN 2238953 AND 2239053
	Index Only Scan using sbtest7_pkey on sbtest7  (cost=0.43..6.56 rows=106 width=4)
	  Index Cond: ((id >= 2238953) AND (id <= 2239053))

table 8 : explain SELECT id FROM sbtest8 WHERE id BETWEEN 2238953 AND 2239053
	Index Only Scan using sbtest8_pkey on sbtest8  (cost=0.43..6.43 rows=100 width=4)
	  Index Cond: ((id >= 2238953) AND (id <= 2239053))

explain: for range-covered :: explain SELECT id FROM sbtest%d WHERE id BETWEEN 2238953 AND 2239053
for range-covered
table 1 : explain SELECT id FROM sbtest1 WHERE id BETWEEN 5585089 AND 5585189
	Index Only Scan using sbtest1_pkey on sbtest1  (cost=0.43..6.56 rows=106 width=4)
	  Index Cond: ((id >= 5585089) AND (id <= 5585189))

table 2 : explain SELECT id FROM sbtest2 WHERE id BETWEEN 5585089 AND 5585189
	Index Only Scan using sbtest2_pkey on sbtest2  (cost=0.43..6.42 rows=99 width=4)
	  Index Cond: ((id >= 5585089) AND (id <= 5585189))

table 3 : explain SELECT id FROM sbtest3 WHERE id BETWEEN 5585089 AND 5585189
	Index Only Scan using sbtest3_pkey on sbtest3  (cost=0.43..6.35 rows=96 width=4)
	  Index Cond: ((id >= 5585089) AND (id <= 5585189))

table 4 : explain SELECT id FROM sbtest4 WHERE id BETWEEN 5585089 AND 5585189
	Index Only Scan using sbtest4_pkey on sbtest4  (cost=0.43..6.25 rows=91 width=4)
	  Index Cond: ((id >= 5585089) AND (id <= 5585189))

table 5 : explain SELECT id FROM sbtest5 WHERE id BETWEEN 5585089 AND 5585189
	Index Only Scan using sbtest5_pkey on sbtest5  (cost=0.43..6.45 rows=101 width=4)
	  Index Cond: ((id >= 5585089) AND (id <= 5585189))

table 6 : explain SELECT id FROM sbtest6 WHERE id BETWEEN 5585089 AND 5585189
	Index Only Scan using sbtest6_pkey on sbtest6  (cost=0.43..6.58 rows=107 width=4)
	  Index Cond: ((id >= 5585089) AND (id <= 5585189))

table 7 : explain SELECT id FROM sbtest7 WHERE id BETWEEN 5585089 AND 5585189
	Index Only Scan using sbtest7_pkey on sbtest7  (cost=0.43..6.51 rows=104 width=4)
	  Index Cond: ((id >= 5585089) AND (id <= 5585189))

table 8 : explain SELECT id FROM sbtest8 WHERE id BETWEEN 5585089 AND 5585189
	Index Only Scan using sbtest8_pkey on sbtest8  (cost=0.43..6.43 rows=100 width=4)
	  Index Cond: ((id >= 5585089) AND (id <= 5585189))

explain: for range-covered :: explain SELECT id FROM sbtest%d WHERE id BETWEEN 5585089 AND 5585189
for range-covered
table 1 : explain SELECT id FROM sbtest1 WHERE id BETWEEN 2238953 AND 2239053
	Index Only Scan using sbtest1_pkey on sbtest1  (cost=0.43..6.45 rows=101 width=4)
	  Index Cond: ((id >= 2238953) AND (id <= 2239053))

table 2 : explain SELECT id FROM sbtest2 WHERE id BETWEEN 2238953 AND 2239053
	Index Only Scan using sbtest2_pkey on sbtest2  (cost=0.43..6.40 rows=98 width=4)
	  Index Cond: ((id >= 2238953) AND (id <= 2239053))

table 3 : explain SELECT id FROM sbtest3 WHERE id BETWEEN 2238953 AND 2239053
	Index Only Scan using sbtest3_pkey on sbtest3  (cost=0.43..6.40 rows=98 width=4)
	  Index Cond: ((id >= 2238953) AND (id <= 2239053))

table 4 : explain SELECT id FROM sbtest4 WHERE id BETWEEN 2238953 AND 2239053
	Index Only Scan using sbtest4_pkey on sbtest4  (cost=0.43..6.27 rows=92 width=4)
	  Index Cond: ((id >= 2238953) AND (id <= 2239053))

table 5 : explain SELECT id FROM sbtest5 WHERE id BETWEEN 2238953 AND 2239053
	Index Only Scan using sbtest5_pkey on sbtest5  (cost=0.43..6.59 rows=108 width=4)
	  Index Cond: ((id >= 2238953) AND (id <= 2239053))

table 6 : explain SELECT id FROM sbtest6 WHERE id BETWEEN 2238953 AND 2239053
	Index Only Scan using sbtest6_pkey on sbtest6  (cost=0.43..6.47 rows=102 width=4)
	  Index Cond: ((id >= 2238953) AND (id <= 2239053))

table 7 : explain SELECT id FROM sbtest7 WHERE id BETWEEN 2238953 AND 2239053
	Index Only Scan using sbtest7_pkey on sbtest7  (cost=0.43..6.56 rows=106 width=4)
	  Index Cond: ((id >= 2238953) AND (id <= 2239053))

table 8 : explain SELECT id FROM sbtest8 WHERE id BETWEEN 2238953 AND 2239053
	Index Only Scan using sbtest8_pkey on sbtest8  (cost=0.43..6.43 rows=100 width=4)
	  Index Cond: ((id >= 2238953) AND (id <= 2239053))

explain: for range-covered :: explain SELECT id FROM sbtest%d WHERE id BETWEEN 2238953 AND 2239053
explain: for range-covered :: explain SELECT id FROM sbtest%d WHERE id BETWEEN 4237676 AND 4237776
for range-covered
table 1 : explain SELECT id FROM sbtest1 WHERE id BETWEEN 5585089 AND 5585189
	Index Only Scan using sbtest1_pkey on sbtest1  (cost=0.43..6.56 rows=106 width=4)
	  Index Cond: ((id >= 5585089) AND (id <= 5585189))

table 2 : explain SELECT id FROM sbtest2 WHERE id BETWEEN 5585089 AND 5585189
	Index Only Scan using sbtest2_pkey on sbtest2  (cost=0.43..6.42 rows=99 width=4)
	  Index Cond: ((id >= 5585089) AND (id <= 5585189))

table 3 : explain SELECT id FROM sbtest3 WHERE id BETWEEN 5585089 AND 5585189
	Index Only Scan using sbtest3_pkey on sbtest3  (cost=0.43..6.35 rows=96 width=4)
	  Index Cond: ((id >= 5585089) AND (id <= 5585189))

table 4 : explain SELECT id FROM sbtest4 WHERE id BETWEEN 5585089 AND 5585189
	Index Only Scan using sbtest4_pkey on sbtest4  (cost=0.43..6.25 rows=91 width=4)
	  Index Cond: ((id >= 5585089) AND (id <= 5585189))

table 5 : explain SELECT id FROM sbtest5 WHERE id BETWEEN 5585089 AND 5585189
	Index Only Scan using sbtest5_pkey on sbtest5  (cost=0.43..6.45 rows=101 width=4)
	  Index Cond: ((id >= 5585089) AND (id <= 5585189))

table 6 : explain SELECT id FROM sbtest6 WHERE id BETWEEN 5585089 AND 5585189
	Index Only Scan using sbtest6_pkey on sbtest6  (cost=0.43..6.58 rows=107 width=4)
	  Index Cond: ((id >= 5585089) AND (id <= 5585189))

table 7 : explain SELECT id FROM sbtest7 WHERE id BETWEEN 5585089 AND 5585189
	Index Only Scan using sbtest7_pkey on sbtest7  (cost=0.43..6.51 rows=104 width=4)
	  Index Cond: ((id >= 5585089) AND (id <= 5585189))

table 8 : explain SELECT id FROM sbtest8 WHERE id BETWEEN 5585089 AND 5585189
	Index Only Scan using sbtest8_pkey on sbtest8  (cost=0.43..6.43 rows=100 width=4)
	  Index Cond: ((id >= 5585089) AND (id <= 5585189))

explain: for range-covered :: explain SELECT id FROM sbtest%d WHERE id BETWEEN 5585089 AND 5585189
for range-covered
table 1 : explain SELECT id FROM sbtest1 WHERE id BETWEEN 2238953 AND 2239053
	Index Only Scan using sbtest1_pkey on sbtest1  (cost=0.43..6.45 rows=101 width=4)
	  Index Cond: ((id >= 2238953) AND (id <= 2239053))

table 2 : explain SELECT id FROM sbtest2 WHERE id BETWEEN 2238953 AND 2239053
	Index Only Scan using sbtest2_pkey on sbtest2  (cost=0.43..6.40 rows=98 width=4)
	  Index Cond: ((id >= 2238953) AND (id <= 2239053))

table 3 : explain SELECT id FROM sbtest3 WHERE id BETWEEN 2238953 AND 2239053
	Index Only Scan using sbtest3_pkey on sbtest3  (cost=0.43..6.40 rows=98 width=4)
	  Index Cond: ((id >= 2238953) AND (id <= 2239053))

table 4 : explain SELECT id FROM sbtest4 WHERE id BETWEEN 2238953 AND 2239053
	Index Only Scan using sbtest4_pkey on sbtest4  (cost=0.43..6.27 rows=92 width=4)
	  Index Cond: ((id >= 2238953) AND (id <= 2239053))

table 5 : explain SELECT id FROM sbtest5 WHERE id BETWEEN 2238953 AND 2239053
	Index Only Scan using sbtest5_pkey on sbtest5  (cost=0.43..6.59 rows=108 width=4)
	  Index Cond: ((id >= 2238953) AND (id <= 2239053))

table 6 : explain SELECT id FROM sbtest6 WHERE id BETWEEN 2238953 AND 2239053
	Index Only Scan using sbtest6_pkey on sbtest6  (cost=0.43..6.47 rows=102 width=4)
	  Index Cond: ((id >= 2238953) AND (id <= 2239053))

table 7 : explain SELECT id FROM sbtest7 WHERE id BETWEEN 2238953 AND 2239053
	Index Only Scan using sbtest7_pkey on sbtest7  (cost=0.43..6.56 rows=106 width=4)
	  Index Cond: ((id >= 2238953) AND (id <= 2239053))

table 8 : explain SELECT id FROM sbtest8 WHERE id BETWEEN 2238953 AND 2239053
	Index Only Scan using sbtest8_pkey on sbtest8  (cost=0.43..6.43 rows=100 width=4)
	  Index Cond: ((id >= 2238953) AND (id <= 2239053))

explain: for range-covered :: explain SELECT id FROM sbtest%d WHERE id BETWEEN 2238953 AND 2239053
explain: for range-covered :: explain SELECT id FROM sbtest%d WHERE id BETWEEN 3843224 AND 3843324
for range-covered
table 1 : explain SELECT id FROM sbtest1 WHERE id BETWEEN 2238953 AND 2239053
	Index Only Scan using sbtest1_pkey on sbtest1  (cost=0.43..6.45 rows=101 width=4)
	  Index Cond: ((id >= 2238953) AND (id <= 2239053))

table 2 : explain SELECT id FROM sbtest2 WHERE id BETWEEN 2238953 AND 2239053
	Index Only Scan using sbtest2_pkey on sbtest2  (cost=0.43..6.40 rows=98 width=4)
	  Index Cond: ((id >= 2238953) AND (id <= 2239053))

table 3 : explain SELECT id FROM sbtest3 WHERE id BETWEEN 2238953 AND 2239053
	Index Only Scan using sbtest3_pkey on sbtest3  (cost=0.43..6.40 rows=98 width=4)
	  Index Cond: ((id >= 2238953) AND (id <= 2239053))

table 4 : explain SELECT id FROM sbtest4 WHERE id BETWEEN 2238953 AND 2239053
	Index Only Scan using sbtest4_pkey on sbtest4  (cost=0.43..6.27 rows=92 width=4)
	  Index Cond: ((id >= 2238953) AND (id <= 2239053))

table 5 : explain SELECT id FROM sbtest5 WHERE id BETWEEN 2238953 AND 2239053
	Index Only Scan using sbtest5_pkey on sbtest5  (cost=0.43..6.59 rows=108 width=4)
	  Index Cond: ((id >= 2238953) AND (id <= 2239053))

table 6 : explain SELECT id FROM sbtest6 WHERE id BETWEEN 2238953 AND 2239053
	Index Only Scan using sbtest6_pkey on sbtest6  (cost=0.43..6.47 rows=102 width=4)
	  Index Cond: ((id >= 2238953) AND (id <= 2239053))

table 7 : explain SELECT id FROM sbtest7 WHERE id BETWEEN 2238953 AND 2239053
	Index Only Scan using sbtest7_pkey on sbtest7  (cost=0.43..6.56 rows=106 width=4)
	  Index Cond: ((id >= 2238953) AND (id <= 2239053))

table 8 : explain SELECT id FROM sbtest8 WHERE id BETWEEN 2238953 AND 2239053
	Index Only Scan using sbtest8_pkey on sbtest8  (cost=0.43..6.43 rows=100 width=4)
	  Index Cond: ((id >= 2238953) AND (id <= 2239053))

explain: for range-covered :: explain SELECT id FROM sbtest%d WHERE id BETWEEN 2238953 AND 2239053
for range-covered
table 1 : explain SELECT id FROM sbtest1 WHERE id BETWEEN 4540229 AND 4540329
	Index Only Scan using sbtest1_pkey on sbtest1  (cost=0.43..6.45 rows=101 width=4)
	  Index Cond: ((id >= 4540229) AND (id <= 4540329))

table 2 : explain SELECT id FROM sbtest2 WHERE id BETWEEN 4540229 AND 4540329
	Index Only Scan using sbtest2_pkey on sbtest2  (cost=0.43..6.25 rows=91 width=4)
	  Index Cond: ((id >= 4540229) AND (id <= 4540329))

table 3 : explain SELECT id FROM sbtest3 WHERE id BETWEEN 4540229 AND 4540329
	Index Only Scan using sbtest3_pkey on sbtest3  (cost=0.43..6.53 rows=105 width=4)
	  Index Cond: ((id >= 4540229) AND (id <= 4540329))

table 4 : explain SELECT id FROM sbtest4 WHERE id BETWEEN 4540229 AND 4540329
	Index Only Scan using sbtest4_pkey on sbtest4  (cost=0.43..6.40 rows=98 width=4)
	  Index Cond: ((id >= 4540229) AND (id <= 4540329))

table 5 : explain SELECT id FROM sbtest5 WHERE id BETWEEN 4540229 AND 4540329
	Index Only Scan using sbtest5_pkey on sbtest5  (cost=0.43..6.53 rows=105 width=4)
	  Index Cond: ((id >= 4540229) AND (id <= 4540329))

table 6 : explain SELECT id FROM sbtest6 WHERE id BETWEEN 4540229 AND 4540329
	Index Only Scan using sbtest6_pkey on sbtest6  (cost=0.43..6.51 rows=104 width=4)
	  Index Cond: ((id >= 4540229) AND (id <= 4540329))

table 7 : explain SELECT id FROM sbtest7 WHERE id BETWEEN 4540229 AND 4540329
	Index Only Scan using sbtest7_pkey on sbtest7  (cost=0.43..6.33 rows=95 width=4)
	  Index Cond: ((id >= 4540229) AND (id <= 4540329))

table 8 : explain SELECT id FROM sbtest8 WHERE id BETWEEN 4540229 AND 4540329
	Index Only Scan using sbtest8_pkey on sbtest8  (cost=0.43..6.40 rows=98 width=4)
	  Index Cond: ((id >= 4540229) AND (id <= 4540329))

explain: for range-covered :: explain SELECT id FROM sbtest%d WHERE id BETWEEN 4540229 AND 4540329
explain: for range-covered :: explain SELECT id FROM sbtest%d WHERE id BETWEEN 5360015 AND 5360115
explain: for range-covered :: explain SELECT id FROM sbtest%d WHERE id BETWEEN 8202207 AND 8202307
for range-covered
table 1 : explain SELECT id FROM sbtest1 WHERE id BETWEEN 2238953 AND 2239053
	Index Only Scan using sbtest1_pkey on sbtest1  (cost=0.43..6.45 rows=101 width=4)
	  Index Cond: ((id >= 2238953) AND (id <= 2239053))

table 2 : explain SELECT id FROM sbtest2 WHERE id BETWEEN 2238953 AND 2239053
	Index Only Scan using sbtest2_pkey on sbtest2  (cost=0.43..6.40 rows=98 width=4)
	  Index Cond: ((id >= 2238953) AND (id <= 2239053))

table 3 : explain SELECT id FROM sbtest3 WHERE id BETWEEN 2238953 AND 2239053
	Index Only Scan using sbtest3_pkey on sbtest3  (cost=0.43..6.40 rows=98 width=4)
	  Index Cond: ((id >= 2238953) AND (id <= 2239053))

table 4 : explain SELECT id FROM sbtest4 WHERE id BETWEEN 2238953 AND 2239053
	Index Only Scan using sbtest4_pkey on sbtest4  (cost=0.43..6.27 rows=92 width=4)
	  Index Cond: ((id >= 2238953) AND (id <= 2239053))

table 5 : explain SELECT id FROM sbtest5 WHERE id BETWEEN 2238953 AND 2239053
	Index Only Scan using sbtest5_pkey on sbtest5  (cost=0.43..6.59 rows=108 width=4)
	  Index Cond: ((id >= 2238953) AND (id <= 2239053))

table 6 : explain SELECT id FROM sbtest6 WHERE id BETWEEN 2238953 AND 2239053
	Index Only Scan using sbtest6_pkey on sbtest6  (cost=0.43..6.47 rows=102 width=4)
	  Index Cond: ((id >= 2238953) AND (id <= 2239053))

table 7 : explain SELECT id FROM sbtest7 WHERE id BETWEEN 2238953 AND 2239053
	Index Only Scan using sbtest7_pkey on sbtest7  (cost=0.43..6.56 rows=106 width=4)
	  Index Cond: ((id >= 2238953) AND (id <= 2239053))

table 8 : explain SELECT id FROM sbtest8 WHERE id BETWEEN 2238953 AND 2239053
	Index Only Scan using sbtest8_pkey on sbtest8  (cost=0.43..6.43 rows=100 width=4)
	  Index Cond: ((id >= 2238953) AND (id <= 2239053))

explain: for range-covered :: explain SELECT id FROM sbtest%d WHERE id BETWEEN 2238953 AND 2239053
for range-covered
table 1 : explain SELECT id FROM sbtest1 WHERE id BETWEEN 4540229 AND 4540329
	Index Only Scan using sbtest1_pkey on sbtest1  (cost=0.43..6.45 rows=101 width=4)
	  Index Cond: ((id >= 4540229) AND (id <= 4540329))

table 2 : explain SELECT id FROM sbtest2 WHERE id BETWEEN 4540229 AND 4540329
	Index Only Scan using sbtest2_pkey on sbtest2  (cost=0.43..6.25 rows=91 width=4)
	  Index Cond: ((id >= 4540229) AND (id <= 4540329))

table 3 : explain SELECT id FROM sbtest3 WHERE id BETWEEN 4540229 AND 4540329
	Index Only Scan using sbtest3_pkey on sbtest3  (cost=0.43..6.53 rows=105 width=4)
	  Index Cond: ((id >= 4540229) AND (id <= 4540329))

table 4 : explain SELECT id FROM sbtest4 WHERE id BETWEEN 4540229 AND 4540329
	Index Only Scan using sbtest4_pkey on sbtest4  (cost=0.43..6.40 rows=98 width=4)
	  Index Cond: ((id >= 4540229) AND (id <= 4540329))

table 5 : explain SELECT id FROM sbtest5 WHERE id BETWEEN 4540229 AND 4540329
	Index Only Scan using sbtest5_pkey on sbtest5  (cost=0.43..6.53 rows=105 width=4)
	  Index Cond: ((id >= 4540229) AND (id <= 4540329))

table 6 : explain SELECT id FROM sbtest6 WHERE id BETWEEN 4540229 AND 4540329
	Index Only Scan using sbtest6_pkey on sbtest6  (cost=0.43..6.51 rows=104 width=4)
	  Index Cond: ((id >= 4540229) AND (id <= 4540329))

table 7 : explain SELECT id FROM sbtest7 WHERE id BETWEEN 4540229 AND 4540329
	Index Only Scan using sbtest7_pkey on sbtest7  (cost=0.43..6.33 rows=95 width=4)
	  Index Cond: ((id >= 4540229) AND (id <= 4540329))

table 8 : explain SELECT id FROM sbtest8 WHERE id BETWEEN 4540229 AND 4540329
	Index Only Scan using sbtest8_pkey on sbtest8  (cost=0.43..6.40 rows=98 width=4)
	  Index Cond: ((id >= 4540229) AND (id <= 4540329))

explain: for range-covered :: explain SELECT id FROM sbtest%d WHERE id BETWEEN 4540229 AND 4540329
for range-covered
table 1 : explain SELECT id FROM sbtest1 WHERE id BETWEEN 2238953 AND 2239053
	Index Only Scan using sbtest1_pkey on sbtest1  (cost=0.43..6.45 rows=101 width=4)
	  Index Cond: ((id >= 2238953) AND (id <= 2239053))

table 2 : explain SELECT id FROM sbtest2 WHERE id BETWEEN 2238953 AND 2239053
	Index Only Scan using sbtest2_pkey on sbtest2  (cost=0.43..6.40 rows=98 width=4)
	  Index Cond: ((id >= 2238953) AND (id <= 2239053))

table 3 : explain SELECT id FROM sbtest3 WHERE id BETWEEN 2238953 AND 2239053
	Index Only Scan using sbtest3_pkey on sbtest3  (cost=0.43..6.40 rows=98 width=4)
	  Index Cond: ((id >= 2238953) AND (id <= 2239053))

table 4 : explain SELECT id FROM sbtest4 WHERE id BETWEEN 2238953 AND 2239053
	Index Only Scan using sbtest4_pkey on sbtest4  (cost=0.43..6.27 rows=92 width=4)
	  Index Cond: ((id >= 2238953) AND (id <= 2239053))

table 5 : explain SELECT id FROM sbtest5 WHERE id BETWEEN 2238953 AND 2239053
	Index Only Scan using sbtest5_pkey on sbtest5  (cost=0.43..6.59 rows=108 width=4)
	  Index Cond: ((id >= 2238953) AND (id <= 2239053))

table 6 : explain SELECT id FROM sbtest6 WHERE id BETWEEN 2238953 AND 2239053
	Index Only Scan using sbtest6_pkey on sbtest6  (cost=0.43..6.47 rows=102 width=4)
	  Index Cond: ((id >= 2238953) AND (id <= 2239053))

table 7 : explain SELECT id FROM sbtest7 WHERE id BETWEEN 2238953 AND 2239053
	Index Only Scan using sbtest7_pkey on sbtest7  (cost=0.43..6.56 rows=106 width=4)
	  Index Cond: ((id >= 2238953) AND (id <= 2239053))

table 8 : explain SELECT id FROM sbtest8 WHERE id BETWEEN 2238953 AND 2239053
	Index Only Scan using sbtest8_pkey on sbtest8  (cost=0.43..6.43 rows=100 width=4)
	  Index Cond: ((id >= 2238953) AND (id <= 2239053))

explain: for range-covered :: explain SELECT id FROM sbtest%d WHERE id BETWEEN 2238953 AND 2239053
for range-covered
table 1 : explain SELECT id FROM sbtest1 WHERE id BETWEEN 2238953 AND 2239053
	Index Only Scan using sbtest1_pkey on sbtest1  (cost=0.43..6.45 rows=101 width=4)
	  Index Cond: ((id >= 2238953) AND (id <= 2239053))

table 2 : explain SELECT id FROM sbtest2 WHERE id BETWEEN 2238953 AND 2239053
	Index Only Scan using sbtest2_pkey on sbtest2  (cost=0.43..6.40 rows=98 width=4)
	  Index Cond: ((id >= 2238953) AND (id <= 2239053))

table 3 : explain SELECT id FROM sbtest3 WHERE id BETWEEN 2238953 AND 2239053
	Index Only Scan using sbtest3_pkey on sbtest3  (cost=0.43..6.40 rows=98 width=4)
	  Index Cond: ((id >= 2238953) AND (id <= 2239053))

table 4 : explain SELECT id FROM sbtest4 WHERE id BETWEEN 2238953 AND 2239053
	Index Only Scan using sbtest4_pkey on sbtest4  (cost=0.43..6.27 rows=92 width=4)
	  Index Cond: ((id >= 2238953) AND (id <= 2239053))

table 5 : explain SELECT id FROM sbtest5 WHERE id BETWEEN 2238953 AND 2239053
	Index Only Scan using sbtest5_pkey on sbtest5  (cost=0.43..6.59 rows=108 width=4)
	  Index Cond: ((id >= 2238953) AND (id <= 2239053))

table 6 : explain SELECT id FROM sbtest6 WHERE id BETWEEN 2238953 AND 2239053
	Index Only Scan using sbtest6_pkey on sbtest6  (cost=0.43..6.47 rows=102 width=4)
	  Index Cond: ((id >= 2238953) AND (id <= 2239053))

table 7 : explain SELECT id FROM sbtest7 WHERE id BETWEEN 2238953 AND 2239053
	Index Only Scan using sbtest7_pkey on sbtest7  (cost=0.43..6.56 rows=106 width=4)
	  Index Cond: ((id >= 2238953) AND (id <= 2239053))

table 8 : explain SELECT id FROM sbtest8 WHERE id BETWEEN 2238953 AND 2239053
	Index Only Scan using sbtest8_pkey on sbtest8  (cost=0.43..6.43 rows=100 width=4)
	  Index Cond: ((id >= 2238953) AND (id <= 2239053))

explain: for range-covered :: explain SELECT id FROM sbtest%d WHERE id BETWEEN 2238953 AND 2239053
for range-covered
table 1 : explain SELECT id FROM sbtest1 WHERE id BETWEEN 4540229 AND 4540329
	Index Only Scan using sbtest1_pkey on sbtest1  (cost=0.43..6.45 rows=101 width=4)
	  Index Cond: ((id >= 4540229) AND (id <= 4540329))

table 2 : explain SELECT id FROM sbtest2 WHERE id BETWEEN 4540229 AND 4540329
	Index Only Scan using sbtest2_pkey on sbtest2  (cost=0.43..6.25 rows=91 width=4)
	  Index Cond: ((id >= 4540229) AND (id <= 4540329))

table 3 : explain SELECT id FROM sbtest3 WHERE id BETWEEN 4540229 AND 4540329
	Index Only Scan using sbtest3_pkey on sbtest3  (cost=0.43..6.53 rows=105 width=4)
	  Index Cond: ((id >= 4540229) AND (id <= 4540329))

table 4 : explain SELECT id FROM sbtest4 WHERE id BETWEEN 4540229 AND 4540329
	Index Only Scan using sbtest4_pkey on sbtest4  (cost=0.43..6.40 rows=98 width=4)
	  Index Cond: ((id >= 4540229) AND (id <= 4540329))

table 5 : explain SELECT id FROM sbtest5 WHERE id BETWEEN 4540229 AND 4540329
	Index Only Scan using sbtest5_pkey on sbtest5  (cost=0.43..6.53 rows=105 width=4)
	  Index Cond: ((id >= 4540229) AND (id <= 4540329))

table 6 : explain SELECT id FROM sbtest6 WHERE id BETWEEN 4540229 AND 4540329
	Index Only Scan using sbtest6_pkey on sbtest6  (cost=0.43..6.51 rows=104 width=4)
	  Index Cond: ((id >= 4540229) AND (id <= 4540329))

table 7 : explain SELECT id FROM sbtest7 WHERE id BETWEEN 4540229 AND 4540329
	Index Only Scan using sbtest7_pkey on sbtest7  (cost=0.43..6.33 rows=95 width=4)
	  Index Cond: ((id >= 4540229) AND (id <= 4540329))

table 8 : explain SELECT id FROM sbtest8 WHERE id BETWEEN 4540229 AND 4540329
	Index Only Scan using sbtest8_pkey on sbtest8  (cost=0.43..6.40 rows=98 width=4)
	  Index Cond: ((id >= 4540229) AND (id <= 4540329))

explain: for range-covered :: explain SELECT id FROM sbtest%d WHERE id BETWEEN 4540229 AND 4540329
for range-covered
table 1 : explain SELECT id FROM sbtest1 WHERE id BETWEEN 3843224 AND 3843324
	Index Only Scan using sbtest1_pkey on sbtest1  (cost=0.43..6.47 rows=102 width=4)
	  Index Cond: ((id >= 3843224) AND (id <= 3843324))

table 2 : explain SELECT id FROM sbtest2 WHERE id BETWEEN 3843224 AND 3843324
	Index Only Scan using sbtest2_pkey on sbtest2  (cost=0.43..6.50 rows=103 width=4)
	  Index Cond: ((id >= 3843224) AND (id <= 3843324))

table 3 : explain SELECT id FROM sbtest3 WHERE id BETWEEN 3843224 AND 3843324
	Index Only Scan using sbtest3_pkey on sbtest3  (cost=0.43..6.33 rows=95 width=4)
	  Index Cond: ((id >= 3843224) AND (id <= 3843324))

table 4 : explain SELECT id FROM sbtest4 WHERE id BETWEEN 3843224 AND 3843324
	Index Only Scan using sbtest4_pkey on sbtest4  (cost=0.43..6.33 rows=95 width=4)
	  Index Cond: ((id >= 3843224) AND (id <= 3843324))

table 5 : explain SELECT id FROM sbtest5 WHERE id BETWEEN 3843224 AND 3843324
	Index Only Scan using sbtest5_pkey on sbtest5  (cost=0.43..6.50 rows=103 width=4)
	  Index Cond: ((id >= 3843224) AND (id <= 3843324))

table 6 : explain SELECT id FROM sbtest6 WHERE id BETWEEN 3843224 AND 3843324
	Index Only Scan using sbtest6_pkey on sbtest6  (cost=0.43..6.27 rows=92 width=4)
	  Index Cond: ((id >= 3843224) AND (id <= 3843324))

table 7 : explain SELECT id FROM sbtest7 WHERE id BETWEEN 3843224 AND 3843324
	Index Only Scan using sbtest7_pkey on sbtest7  (cost=0.43..6.21 rows=89 width=4)
	  Index Cond: ((id >= 3843224) AND (id <= 3843324))

table 8 : explain SELECT id FROM sbtest8 WHERE id BETWEEN 3843224 AND 3843324
	Index Only Scan using sbtest8_pkey on sbtest8  (cost=0.43..6.37 rows=97 width=4)
	  Index Cond: ((id >= 3843224) AND (id <= 3843324))

explain: for range-covered :: explain SELECT id FROM sbtest%d WHERE id BETWEEN 3843224 AND 3843324
for range-covered
table 1 : explain SELECT id FROM sbtest1 WHERE id BETWEEN 7354344 AND 7354444
	Index Only Scan using sbtest1_pkey on sbtest1  (cost=0.43..6.53 rows=105 width=4)
	  Index Cond: ((id >= 7354344) AND (id <= 7354444))

table 2 : explain SELECT id FROM sbtest2 WHERE id BETWEEN 7354344 AND 7354444
	Index Only Scan using sbtest2_pkey on sbtest2  (cost=0.43..6.35 rows=96 width=4)
	  Index Cond: ((id >= 7354344) AND (id <= 7354444))

table 3 : explain SELECT id FROM sbtest3 WHERE id BETWEEN 7354344 AND 7354444
	Index Only Scan using sbtest3_pkey on sbtest3  (cost=0.43..6.47 rows=102 width=4)
	  Index Cond: ((id >= 7354344) AND (id <= 7354444))

table 4 : explain SELECT id FROM sbtest4 WHERE id BETWEEN 7354344 AND 7354444
	Index Only Scan using sbtest4_pkey on sbtest4  (cost=0.43..6.37 rows=97 width=4)
	  Index Cond: ((id >= 7354344) AND (id <= 7354444))

table 5 : explain SELECT id FROM sbtest5 WHERE id BETWEEN 7354344 AND 7354444
	Index Only Scan using sbtest5_pkey on sbtest5  (cost=0.43..6.29 rows=93 width=4)
	  Index Cond: ((id >= 7354344) AND (id <= 7354444))

table 6 : explain SELECT id FROM sbtest6 WHERE id BETWEEN 7354344 AND 7354444
	Index Only Scan using sbtest6_pkey on sbtest6  (cost=0.43..6.33 rows=95 width=4)
	  Index Cond: ((id >= 7354344) AND (id <= 7354444))

table 7 : explain SELECT id FROM sbtest7 WHERE id BETWEEN 7354344 AND 7354444
	Index Only Scan using sbtest7_pkey on sbtest7  (cost=0.43..6.50 rows=103 width=4)
	  Index Cond: ((id >= 7354344) AND (id <= 7354444))

table 8 : explain SELECT id FROM sbtest8 WHERE id BETWEEN 7354344 AND 7354444
	Index Only Scan using sbtest8_pkey on sbtest8  (cost=0.43..6.43 rows=100 width=4)
	  Index Cond: ((id >= 7354344) AND (id <= 7354444))

explain: for range-covered :: explain SELECT id FROM sbtest%d WHERE id BETWEEN 7354344 AND 7354444
for range-covered
table 1 : explain SELECT id FROM sbtest1 WHERE id BETWEEN 3843224 AND 3843324
	Index Only Scan using sbtest1_pkey on sbtest1  (cost=0.43..6.47 rows=102 width=4)
	  Index Cond: ((id >= 3843224) AND (id <= 3843324))

table 2 : explain SELECT id FROM sbtest2 WHERE id BETWEEN 3843224 AND 3843324
	Index Only Scan using sbtest2_pkey on sbtest2  (cost=0.43..6.50 rows=103 width=4)
	  Index Cond: ((id >= 3843224) AND (id <= 3843324))

table 3 : explain SELECT id FROM sbtest3 WHERE id BETWEEN 3843224 AND 3843324
	Index Only Scan using sbtest3_pkey on sbtest3  (cost=0.43..6.33 rows=95 width=4)
	  Index Cond: ((id >= 3843224) AND (id <= 3843324))

table 4 : explain SELECT id FROM sbtest4 WHERE id BETWEEN 3843224 AND 3843324
	Index Only Scan using sbtest4_pkey on sbtest4  (cost=0.43..6.33 rows=95 width=4)
	  Index Cond: ((id >= 3843224) AND (id <= 3843324))

table 5 : explain SELECT id FROM sbtest5 WHERE id BETWEEN 3843224 AND 3843324
	Index Only Scan using sbtest5_pkey on sbtest5  (cost=0.43..6.50 rows=103 width=4)
	  Index Cond: ((id >= 3843224) AND (id <= 3843324))

table 6 : explain SELECT id FROM sbtest6 WHERE id BETWEEN 3843224 AND 3843324
	Index Only Scan using sbtest6_pkey on sbtest6  (cost=0.43..6.27 rows=92 width=4)
	  Index Cond: ((id >= 3843224) AND (id <= 3843324))

table 7 : explain SELECT id FROM sbtest7 WHERE id BETWEEN 3843224 AND 3843324
	Index Only Scan using sbtest7_pkey on sbtest7  (cost=0.43..6.21 rows=89 width=4)
	  Index Cond: ((id >= 3843224) AND (id <= 3843324))

table 8 : explain SELECT id FROM sbtest8 WHERE id BETWEEN 3843224 AND 3843324
	Index Only Scan using sbtest8_pkey on sbtest8  (cost=0.43..6.37 rows=97 width=4)
	  Index Cond: ((id >= 3843224) AND (id <= 3843324))

explain: for range-covered :: explain SELECT id FROM sbtest%d WHERE id BETWEEN 3843224 AND 3843324
explain: for range-covered :: explain SELECT id FROM sbtest%d WHERE id BETWEEN 3280485 AND 3280585
for range-covered
table 1 : explain SELECT id FROM sbtest1 WHERE id BETWEEN 7354344 AND 7354444
	Index Only Scan using sbtest1_pkey on sbtest1  (cost=0.43..6.53 rows=105 width=4)
	  Index Cond: ((id >= 7354344) AND (id <= 7354444))

table 2 : explain SELECT id FROM sbtest2 WHERE id BETWEEN 7354344 AND 7354444
	Index Only Scan using sbtest2_pkey on sbtest2  (cost=0.43..6.35 rows=96 width=4)
	  Index Cond: ((id >= 7354344) AND (id <= 7354444))

table 3 : explain SELECT id FROM sbtest3 WHERE id BETWEEN 7354344 AND 7354444
	Index Only Scan using sbtest3_pkey on sbtest3  (cost=0.43..6.47 rows=102 width=4)
	  Index Cond: ((id >= 7354344) AND (id <= 7354444))

table 4 : explain SELECT id FROM sbtest4 WHERE id BETWEEN 7354344 AND 7354444
	Index Only Scan using sbtest4_pkey on sbtest4  (cost=0.43..6.37 rows=97 width=4)
	  Index Cond: ((id >= 7354344) AND (id <= 7354444))

table 5 : explain SELECT id FROM sbtest5 WHERE id BETWEEN 7354344 AND 7354444
	Index Only Scan using sbtest5_pkey on sbtest5  (cost=0.43..6.29 rows=93 width=4)
	  Index Cond: ((id >= 7354344) AND (id <= 7354444))

table 6 : explain SELECT id FROM sbtest6 WHERE id BETWEEN 7354344 AND 7354444
	Index Only Scan using sbtest6_pkey on sbtest6  (cost=0.43..6.33 rows=95 width=4)
	  Index Cond: ((id >= 7354344) AND (id <= 7354444))

table 7 : explain SELECT id FROM sbtest7 WHERE id BETWEEN 7354344 AND 7354444
	Index Only Scan using sbtest7_pkey on sbtest7  (cost=0.43..6.50 rows=103 width=4)
	  Index Cond: ((id >= 7354344) AND (id <= 7354444))

table 8 : explain SELECT id FROM sbtest8 WHERE id BETWEEN 7354344 AND 7354444
	Index Only Scan using sbtest8_pkey on sbtest8  (cost=0.43..6.43 rows=100 width=4)
	  Index Cond: ((id >= 7354344) AND (id <= 7354444))

explain: for range-covered :: explain SELECT id FROM sbtest%d WHERE id BETWEEN 7354344 AND 7354444
for range-covered
table 1 : explain SELECT id FROM sbtest1 WHERE id BETWEEN 3843224 AND 3843324
	Index Only Scan using sbtest1_pkey on sbtest1  (cost=0.43..6.47 rows=102 width=4)
	  Index Cond: ((id >= 3843224) AND (id <= 3843324))

table 2 : explain SELECT id FROM sbtest2 WHERE id BETWEEN 3843224 AND 3843324
	Index Only Scan using sbtest2_pkey on sbtest2  (cost=0.43..6.50 rows=103 width=4)
	  Index Cond: ((id >= 3843224) AND (id <= 3843324))

table 3 : explain SELECT id FROM sbtest3 WHERE id BETWEEN 3843224 AND 3843324
	Index Only Scan using sbtest3_pkey on sbtest3  (cost=0.43..6.33 rows=95 width=4)
	  Index Cond: ((id >= 3843224) AND (id <= 3843324))

table 4 : explain SELECT id FROM sbtest4 WHERE id BETWEEN 3843224 AND 3843324
	Index Only Scan using sbtest4_pkey on sbtest4  (cost=0.43..6.33 rows=95 width=4)
	  Index Cond: ((id >= 3843224) AND (id <= 3843324))

table 5 : explain SELECT id FROM sbtest5 WHERE id BETWEEN 3843224 AND 3843324
	Index Only Scan using sbtest5_pkey on sbtest5  (cost=0.43..6.50 rows=103 width=4)
	  Index Cond: ((id >= 3843224) AND (id <= 3843324))

table 6 : explain SELECT id FROM sbtest6 WHERE id BETWEEN 3843224 AND 3843324
	Index Only Scan using sbtest6_pkey on sbtest6  (cost=0.43..6.27 rows=92 width=4)
	  Index Cond: ((id >= 3843224) AND (id <= 3843324))

table 7 : explain SELECT id FROM sbtest7 WHERE id BETWEEN 3843224 AND 3843324
	Index Only Scan using sbtest7_pkey on sbtest7  (cost=0.43..6.21 rows=89 width=4)
	  Index Cond: ((id >= 3843224) AND (id <= 3843324))

table 8 : explain SELECT id FROM sbtest8 WHERE id BETWEEN 3843224 AND 3843324
	Index Only Scan using sbtest8_pkey on sbtest8  (cost=0.43..6.37 rows=97 width=4)
	  Index Cond: ((id >= 3843224) AND (id <= 3843324))

explain: for range-covered :: explain SELECT id FROM sbtest%d WHERE id BETWEEN 3843224 AND 3843324
for range-covered
table 1 : explain SELECT id FROM sbtest1 WHERE id BETWEEN 4237676 AND 4237776
	Index Only Scan using sbtest1_pkey on sbtest1  (cost=0.43..6.35 rows=96 width=4)
	  Index Cond: ((id >= 4237676) AND (id <= 4237776))

table 2 : explain SELECT id FROM sbtest2 WHERE id BETWEEN 4237676 AND 4237776
	Index Only Scan using sbtest2_pkey on sbtest2  (cost=0.43..6.45 rows=101 width=4)
	  Index Cond: ((id >= 4237676) AND (id <= 4237776))

table 3 : explain SELECT id FROM sbtest3 WHERE id BETWEEN 4237676 AND 4237776
	Index Only Scan using sbtest3_pkey on sbtest3  (cost=0.43..6.37 rows=97 width=4)
	  Index Cond: ((id >= 4237676) AND (id <= 4237776))

table 4 : explain SELECT id FROM sbtest4 WHERE id BETWEEN 4237676 AND 4237776
	Index Only Scan using sbtest4_pkey on sbtest4  (cost=0.43..6.51 rows=104 width=4)
	  Index Cond: ((id >= 4237676) AND (id <= 4237776))

table 5 : explain SELECT id FROM sbtest5 WHERE id BETWEEN 4237676 AND 4237776
	Index Only Scan using sbtest5_pkey on sbtest5  (cost=0.43..6.43 rows=100 width=4)
	  Index Cond: ((id >= 4237676) AND (id <= 4237776))

table 6 : explain SELECT id FROM sbtest6 WHERE id BETWEEN 4237676 AND 4237776
	Index Only Scan using sbtest6_pkey on sbtest6  (cost=0.43..6.59 rows=108 width=4)
	  Index Cond: ((id >= 4237676) AND (id <= 4237776))

table 7 : explain SELECT id FROM sbtest7 WHERE id BETWEEN 4237676 AND 4237776
	Index Only Scan using sbtest7_pkey on sbtest7  (cost=0.43..6.51 rows=104 width=4)
	  Index Cond: ((id >= 4237676) AND (id <= 4237776))

table 8 : explain SELECT id FROM sbtest8 WHERE id BETWEEN 4237676 AND 4237776
	Index Only Scan using sbtest8_pkey on sbtest8  (cost=0.43..6.63 rows=110 width=4)
	  Index Cond: ((id >= 4237676) AND (id <= 4237776))

for range-covered
table 1 : explain SELECT id FROM sbtest1 WHERE id BETWEEN 5360015 AND 5360115
	Index Only Scan using sbtest1_pkey on sbtest1  (cost=0.43..6.43 rows=100 width=4)
	  Index Cond: ((id >= 5360015) AND (id <= 5360115))

table 2 : explain SELECT id FROM sbtest2 WHERE id BETWEEN 5360015 AND 5360115
	Index Only Scan using sbtest2_pkey on sbtest2  (cost=0.43..6.61 rows=109 width=4)
	  Index Cond: ((id >= 5360015) AND (id <= 5360115))

table 3 : explain SELECT id FROM sbtest3 WHERE id BETWEEN 5360015 AND 5360115
	Index Only Scan using sbtest3_pkey on sbtest3  (cost=0.43..6.53 rows=105 width=4)
	  Index Cond: ((id >= 5360015) AND (id <= 5360115))

table 4 : explain SELECT id FROM sbtest4 WHERE id BETWEEN 5360015 AND 5360115
	Index Only Scan using sbtest4_pkey on sbtest4  (cost=0.43..6.47 rows=102 width=4)
	  Index Cond: ((id >= 5360015) AND (id <= 5360115))

table 5 : explain SELECT id FROM sbtest5 WHERE id BETWEEN 5360015 AND 5360115
	Index Only Scan using sbtest5_pkey on sbtest5  (cost=0.43..6.51 rows=104 width=4)
	  Index Cond: ((id >= 5360015) AND (id <= 5360115))

table 6 : explain SELECT id FROM sbtest6 WHERE id BETWEEN 5360015 AND 5360115
	Index Only Scan using sbtest6_pkey on sbtest6  (cost=0.43..6.45 rows=101 width=4)
	  Index Cond: ((id >= 5360015) AND (id <= 5360115))

table 7 : explain SELECT id FROM sbtest7 WHERE id BETWEEN 5360015 AND 5360115
	Index Only Scan using sbtest7_pkey on sbtest7  (cost=0.43..6.53 rows=105 width=4)
	  Index Cond: ((id >= 5360015) AND (id <= 5360115))

table 8 : explain SELECT id FROM sbtest8 WHERE id BETWEEN 5360015 AND 5360115
	Index Only Scan using sbtest8_pkey on sbtest8  (cost=0.43..6.43 rows=100 width=4)
	  Index Cond: ((id >= 5360015) AND (id <= 5360115))

explain: for range-covered :: explain SELECT id FROM sbtest%d WHERE id BETWEEN 4237676 AND 4237776
explain: for range-covered :: explain SELECT id FROM sbtest%d WHERE id BETWEEN 4628260 AND 4628360
explain: for range-covered :: explain SELECT id FROM sbtest%d WHERE id BETWEEN 5360015 AND 5360115
for range-covered
table 1 : explain SELECT id FROM sbtest1 WHERE id BETWEEN 8202207 AND 8202307
	Index Only Scan using sbtest1_pkey on sbtest1  (cost=0.43..6.40 rows=98 width=4)
	  Index Cond: ((id >= 8202207) AND (id <= 8202307))

table 2 : explain SELECT id FROM sbtest2 WHERE id BETWEEN 8202207 AND 8202307
	Index Only Scan using sbtest2_pkey on sbtest2  (cost=0.43..6.19 rows=88 width=4)
	  Index Cond: ((id >= 8202207) AND (id <= 8202307))

table 3 : explain SELECT id FROM sbtest3 WHERE id BETWEEN 8202207 AND 8202307
	Index Only Scan using sbtest3_pkey on sbtest3  (cost=0.43..6.35 rows=96 width=4)
	  Index Cond: ((id >= 8202207) AND (id <= 8202307))

table 4 : explain SELECT id FROM sbtest4 WHERE id BETWEEN 8202207 AND 8202307
	Index Only Scan using sbtest4_pkey on sbtest4  (cost=0.43..6.33 rows=95 width=4)
	  Index Cond: ((id >= 8202207) AND (id <= 8202307))

table 5 : explain SELECT id FROM sbtest5 WHERE id BETWEEN 8202207 AND 8202307
	Index Only Scan using sbtest5_pkey on sbtest5  (cost=0.43..6.35 rows=96 width=4)
	  Index Cond: ((id >= 8202207) AND (id <= 8202307))

table 6 : explain SELECT id FROM sbtest6 WHERE id BETWEEN 8202207 AND 8202307
	Index Only Scan using sbtest6_pkey on sbtest6  (cost=0.43..6.40 rows=98 width=4)
	  Index Cond: ((id >= 8202207) AND (id <= 8202307))

table 7 : explain SELECT id FROM sbtest7 WHERE id BETWEEN 8202207 AND 8202307
	Index Only Scan using sbtest7_pkey on sbtest7  (cost=0.43..6.59 rows=108 width=4)
	  Index Cond: ((id >= 8202207) AND (id <= 8202307))

table 8 : explain SELECT id FROM sbtest8 WHERE id BETWEEN 8202207 AND 8202307
	Index Only Scan using sbtest8_pkey on sbtest8  (cost=0.43..6.40 rows=98 width=4)
	  Index Cond: ((id >= 8202207) AND (id <= 8202307))

for range-covered
table 1 : explain SELECT id FROM sbtest1 WHERE id BETWEEN 4540229 AND 4540329
	Index Only Scan using sbtest1_pkey on sbtest1  (cost=0.43..6.45 rows=101 width=4)
	  Index Cond: ((id >= 4540229) AND (id <= 4540329))

table 2 : explain SELECT id FROM sbtest2 WHERE id BETWEEN 4540229 AND 4540329
	Index Only Scan using sbtest2_pkey on sbtest2  (cost=0.43..6.25 rows=91 width=4)
	  Index Cond: ((id >= 4540229) AND (id <= 4540329))

table 3 : explain SELECT id FROM sbtest3 WHERE id BETWEEN 4540229 AND 4540329
	Index Only Scan using sbtest3_pkey on sbtest3  (cost=0.43..6.53 rows=105 width=4)
	  Index Cond: ((id >= 4540229) AND (id <= 4540329))

table 4 : explain SELECT id FROM sbtest4 WHERE id BETWEEN 4540229 AND 4540329
	Index Only Scan using sbtest4_pkey on sbtest4  (cost=0.43..6.40 rows=98 width=4)
	  Index Cond: ((id >= 4540229) AND (id <= 4540329))

table 5 : explain SELECT id FROM sbtest5 WHERE id BETWEEN 4540229 AND 4540329
	Index Only Scan using sbtest5_pkey on sbtest5  (cost=0.43..6.53 rows=105 width=4)
	  Index Cond: ((id >= 4540229) AND (id <= 4540329))

table 6 : explain SELECT id FROM sbtest6 WHERE id BETWEEN 4540229 AND 4540329
	Index Only Scan using sbtest6_pkey on sbtest6  (cost=0.43..6.51 rows=104 width=4)
	  Index Cond: ((id >= 4540229) AND (id <= 4540329))

table 7 : explain SELECT id FROM sbtest7 WHERE id BETWEEN 4540229 AND 4540329
	Index Only Scan using sbtest7_pkey on sbtest7  (cost=0.43..6.33 rows=95 width=4)
	  Index Cond: ((id >= 4540229) AND (id <= 4540329))

table 8 : explain SELECT id FROM sbtest8 WHERE id BETWEEN 4540229 AND 4540329
	Index Only Scan using sbtest8_pkey on sbtest8  (cost=0.43..6.40 rows=98 width=4)
	  Index Cond: ((id >= 4540229) AND (id <= 4540329))

explain: for range-covered :: explain SELECT id FROM sbtest%d WHERE id BETWEEN 8202207 AND 8202307
explain: for range-covered :: explain SELECT id FROM sbtest%d WHERE id BETWEEN 4540229 AND 4540329
for range-covered
table 1 : explain SELECT id FROM sbtest1 WHERE id BETWEEN 2238953 AND 2239053
	Index Only Scan using sbtest1_pkey on sbtest1  (cost=0.43..6.45 rows=101 width=4)
	  Index Cond: ((id >= 2238953) AND (id <= 2239053))

table 2 : explain SELECT id FROM sbtest2 WHERE id BETWEEN 2238953 AND 2239053
	Index Only Scan using sbtest2_pkey on sbtest2  (cost=0.43..6.40 rows=98 width=4)
	  Index Cond: ((id >= 2238953) AND (id <= 2239053))

table 3 : explain SELECT id FROM sbtest3 WHERE id BETWEEN 2238953 AND 2239053
	Index Only Scan using sbtest3_pkey on sbtest3  (cost=0.43..6.40 rows=98 width=4)
	  Index Cond: ((id >= 2238953) AND (id <= 2239053))

table 4 : explain SELECT id FROM sbtest4 WHERE id BETWEEN 2238953 AND 2239053
	Index Only Scan using sbtest4_pkey on sbtest4  (cost=0.43..6.27 rows=92 width=4)
	  Index Cond: ((id >= 2238953) AND (id <= 2239053))

table 5 : explain SELECT id FROM sbtest5 WHERE id BETWEEN 2238953 AND 2239053
	Index Only Scan using sbtest5_pkey on sbtest5  (cost=0.43..6.59 rows=108 width=4)
	  Index Cond: ((id >= 2238953) AND (id <= 2239053))

table 6 : explain SELECT id FROM sbtest6 WHERE id BETWEEN 2238953 AND 2239053
	Index Only Scan using sbtest6_pkey on sbtest6  (cost=0.43..6.47 rows=102 width=4)
	  Index Cond: ((id >= 2238953) AND (id <= 2239053))

table 7 : explain SELECT id FROM sbtest7 WHERE id BETWEEN 2238953 AND 2239053
	Index Only Scan using sbtest7_pkey on sbtest7  (cost=0.43..6.56 rows=106 width=4)
	  Index Cond: ((id >= 2238953) AND (id <= 2239053))

table 8 : explain SELECT id FROM sbtest8 WHERE id BETWEEN 2238953 AND 2239053
	Index Only Scan using sbtest8_pkey on sbtest8  (cost=0.43..6.43 rows=100 width=4)
	  Index Cond: ((id >= 2238953) AND (id <= 2239053))

for range-covered
table 1 : explain SELECT id FROM sbtest1 WHERE id BETWEEN 3843224 AND 3843324
	Index Only Scan using sbtest1_pkey on sbtest1  (cost=0.43..6.47 rows=102 width=4)
	  Index Cond: ((id >= 3843224) AND (id <= 3843324))

table 2 : explain SELECT id FROM sbtest2 WHERE id BETWEEN 3843224 AND 3843324
	Index Only Scan using sbtest2_pkey on sbtest2  (cost=0.43..6.50 rows=103 width=4)
	  Index Cond: ((id >= 3843224) AND (id <= 3843324))

table 3 : explain SELECT id FROM sbtest3 WHERE id BETWEEN 3843224 AND 3843324
	Index Only Scan using sbtest3_pkey on sbtest3  (cost=0.43..6.33 rows=95 width=4)
	  Index Cond: ((id >= 3843224) AND (id <= 3843324))

table 4 : explain SELECT id FROM sbtest4 WHERE id BETWEEN 3843224 AND 3843324
	Index Only Scan using sbtest4_pkey on sbtest4  (cost=0.43..6.33 rows=95 width=4)
	  Index Cond: ((id >= 3843224) AND (id <= 3843324))

table 5 : explain SELECT id FROM sbtest5 WHERE id BETWEEN 3843224 AND 3843324
	Index Only Scan using sbtest5_pkey on sbtest5  (cost=0.43..6.50 rows=103 width=4)
	  Index Cond: ((id >= 3843224) AND (id <= 3843324))

table 6 : explain SELECT id FROM sbtest6 WHERE id BETWEEN 3843224 AND 3843324
	Index Only Scan using sbtest6_pkey on sbtest6  (cost=0.43..6.27 rows=92 width=4)
	  Index Cond: ((id >= 3843224) AND (id <= 3843324))

table 7 : explain SELECT id FROM sbtest7 WHERE id BETWEEN 3843224 AND 3843324
	Index Only Scan using sbtest7_pkey on sbtest7  (cost=0.43..6.21 rows=89 width=4)
	  Index Cond: ((id >= 3843224) AND (id <= 3843324))

table 8 : explain SELECT id FROM sbtest8 WHERE id BETWEEN 3843224 AND 3843324
	Index Only Scan using sbtest8_pkey on sbtest8  (cost=0.43..6.37 rows=97 width=4)
	  Index Cond: ((id >= 3843224) AND (id <= 3843324))

explain: for range-covered :: explain SELECT id FROM sbtest%d WHERE id BETWEEN 3843224 AND 3843324
for range-covered
table 1 : explain SELECT id FROM sbtest1 WHERE id BETWEEN 7354344 AND 7354444
	Index Only Scan using sbtest1_pkey on sbtest1  (cost=0.43..6.53 rows=105 width=4)
	  Index Cond: ((id >= 7354344) AND (id <= 7354444))

table 2 : explain SELECT id FROM sbtest2 WHERE id BETWEEN 7354344 AND 7354444
	Index Only Scan using sbtest2_pkey on sbtest2  (cost=0.43..6.35 rows=96 width=4)
	  Index Cond: ((id >= 7354344) AND (id <= 7354444))

table 3 : explain SELECT id FROM sbtest3 WHERE id BETWEEN 7354344 AND 7354444
	Index Only Scan using sbtest3_pkey on sbtest3  (cost=0.43..6.47 rows=102 width=4)
	  Index Cond: ((id >= 7354344) AND (id <= 7354444))

table 4 : explain SELECT id FROM sbtest4 WHERE id BETWEEN 7354344 AND 7354444
	Index Only Scan using sbtest4_pkey on sbtest4  (cost=0.43..6.37 rows=97 width=4)
	  Index Cond: ((id >= 7354344) AND (id <= 7354444))

table 5 : explain SELECT id FROM sbtest5 WHERE id BETWEEN 7354344 AND 7354444
	Index Only Scan using sbtest5_pkey on sbtest5  (cost=0.43..6.29 rows=93 width=4)
	  Index Cond: ((id >= 7354344) AND (id <= 7354444))

table 6 : explain SELECT id FROM sbtest6 WHERE id BETWEEN 7354344 AND 7354444
	Index Only Scan using sbtest6_pkey on sbtest6  (cost=0.43..6.33 rows=95 width=4)
	  Index Cond: ((id >= 7354344) AND (id <= 7354444))

table 7 : explain SELECT id FROM sbtest7 WHERE id BETWEEN 7354344 AND 7354444
	Index Only Scan using sbtest7_pkey on sbtest7  (cost=0.43..6.50 rows=103 width=4)
	  Index Cond: ((id >= 7354344) AND (id <= 7354444))

table 8 : explain SELECT id FROM sbtest8 WHERE id BETWEEN 7354344 AND 7354444
	Index Only Scan using sbtest8_pkey on sbtest8  (cost=0.43..6.43 rows=100 width=4)
	  Index Cond: ((id >= 7354344) AND (id <= 7354444))

explain: for range-covered :: explain SELECT id FROM sbtest%d WHERE id BETWEEN 7354344 AND 7354444
for range-covered
table 1 : explain SELECT id FROM sbtest1 WHERE id BETWEEN 5360015 AND 5360115
	Index Only Scan using sbtest1_pkey on sbtest1  (cost=0.43..6.43 rows=100 width=4)
	  Index Cond: ((id >= 5360015) AND (id <= 5360115))

table 2 : explain SELECT id FROM sbtest2 WHERE id BETWEEN 5360015 AND 5360115
	Index Only Scan using sbtest2_pkey on sbtest2  (cost=0.43..6.61 rows=109 width=4)
	  Index Cond: ((id >= 5360015) AND (id <= 5360115))

table 3 : explain SELECT id FROM sbtest3 WHERE id BETWEEN 5360015 AND 5360115
	Index Only Scan using sbtest3_pkey on sbtest3  (cost=0.43..6.53 rows=105 width=4)
	  Index Cond: ((id >= 5360015) AND (id <= 5360115))

table 4 : explain SELECT id FROM sbtest4 WHERE id BETWEEN 5360015 AND 5360115
	Index Only Scan using sbtest4_pkey on sbtest4  (cost=0.43..6.47 rows=102 width=4)
	  Index Cond: ((id >= 5360015) AND (id <= 5360115))

table 5 : explain SELECT id FROM sbtest5 WHERE id BETWEEN 5360015 AND 5360115
	Index Only Scan using sbtest5_pkey on sbtest5  (cost=0.43..6.51 rows=104 width=4)
	  Index Cond: ((id >= 5360015) AND (id <= 5360115))

table 6 : explain SELECT id FROM sbtest6 WHERE id BETWEEN 5360015 AND 5360115
	Index Only Scan using sbtest6_pkey on sbtest6  (cost=0.43..6.45 rows=101 width=4)
	  Index Cond: ((id >= 5360015) AND (id <= 5360115))

table 7 : explain SELECT id FROM sbtest7 WHERE id BETWEEN 5360015 AND 5360115
	Index Only Scan using sbtest7_pkey on sbtest7  (cost=0.43..6.53 rows=105 width=4)
	  Index Cond: ((id >= 5360015) AND (id <= 5360115))

table 8 : explain SELECT id FROM sbtest8 WHERE id BETWEEN 5360015 AND 5360115
	Index Only Scan using sbtest8_pkey on sbtest8  (cost=0.43..6.43 rows=100 width=4)
	  Index Cond: ((id >= 5360015) AND (id <= 5360115))

explain: for range-covered :: explain SELECT id FROM sbtest%d WHERE id BETWEEN 4721515 AND 4721615
explain: for range-covered :: explain SELECT id FROM sbtest%d WHERE id BETWEEN 5360015 AND 5360115
for range-covered
table 1 : explain SELECT id FROM sbtest1 WHERE id BETWEEN 4237676 AND 4237776
	Index Only Scan using sbtest1_pkey on sbtest1  (cost=0.43..6.35 rows=96 width=4)
	  Index Cond: ((id >= 4237676) AND (id <= 4237776))

table 2 : explain SELECT id FROM sbtest2 WHERE id BETWEEN 4237676 AND 4237776
	Index Only Scan using sbtest2_pkey on sbtest2  (cost=0.43..6.45 rows=101 width=4)
	  Index Cond: ((id >= 4237676) AND (id <= 4237776))

table 3 : explain SELECT id FROM sbtest3 WHERE id BETWEEN 4237676 AND 4237776
	Index Only Scan using sbtest3_pkey on sbtest3  (cost=0.43..6.37 rows=97 width=4)
	  Index Cond: ((id >= 4237676) AND (id <= 4237776))

table 4 : explain SELECT id FROM sbtest4 WHERE id BETWEEN 4237676 AND 4237776
	Index Only Scan using sbtest4_pkey on sbtest4  (cost=0.43..6.51 rows=104 width=4)
	  Index Cond: ((id >= 4237676) AND (id <= 4237776))

table 5 : explain SELECT id FROM sbtest5 WHERE id BETWEEN 4237676 AND 4237776
	Index Only Scan using sbtest5_pkey on sbtest5  (cost=0.43..6.43 rows=100 width=4)
	  Index Cond: ((id >= 4237676) AND (id <= 4237776))

table 6 : explain SELECT id FROM sbtest6 WHERE id BETWEEN 4237676 AND 4237776
	Index Only Scan using sbtest6_pkey on sbtest6  (cost=0.43..6.59 rows=108 width=4)
	  Index Cond: ((id >= 4237676) AND (id <= 4237776))

table 7 : explain SELECT id FROM sbtest7 WHERE id BETWEEN 4237676 AND 4237776
	Index Only Scan using sbtest7_pkey on sbtest7  (cost=0.43..6.51 rows=104 width=4)
	  Index Cond: ((id >= 4237676) AND (id <= 4237776))

table 8 : explain SELECT id FROM sbtest8 WHERE id BETWEEN 4237676 AND 4237776
	Index Only Scan using sbtest8_pkey on sbtest8  (cost=0.43..6.63 rows=110 width=4)
	  Index Cond: ((id >= 4237676) AND (id <= 4237776))

explain: for range-covered :: explain SELECT id FROM sbtest%d WHERE id BETWEEN 4237676 AND 4237776
for range-covered
table 1 : explain SELECT id FROM sbtest1 WHERE id BETWEEN 3843224 AND 3843324
	Index Only Scan using sbtest1_pkey on sbtest1  (cost=0.43..6.47 rows=102 width=4)
	  Index Cond: ((id >= 3843224) AND (id <= 3843324))

table 2 : explain SELECT id FROM sbtest2 WHERE id BETWEEN 3843224 AND 3843324
	Index Only Scan using sbtest2_pkey on sbtest2  (cost=0.43..6.50 rows=103 width=4)
	  Index Cond: ((id >= 3843224) AND (id <= 3843324))

table 3 : explain SELECT id FROM sbtest3 WHERE id BETWEEN 3843224 AND 3843324
	Index Only Scan using sbtest3_pkey on sbtest3  (cost=0.43..6.33 rows=95 width=4)
	  Index Cond: ((id >= 3843224) AND (id <= 3843324))

table 4 : explain SELECT id FROM sbtest4 WHERE id BETWEEN 3843224 AND 3843324
	Index Only Scan using sbtest4_pkey on sbtest4  (cost=0.43..6.33 rows=95 width=4)
	  Index Cond: ((id >= 3843224) AND (id <= 3843324))

table 5 : explain SELECT id FROM sbtest5 WHERE id BETWEEN 3843224 AND 3843324
	Index Only Scan using sbtest5_pkey on sbtest5  (cost=0.43..6.50 rows=103 width=4)
	  Index Cond: ((id >= 3843224) AND (id <= 3843324))

table 6 : explain SELECT id FROM sbtest6 WHERE id BETWEEN 3843224 AND 3843324
	Index Only Scan using sbtest6_pkey on sbtest6  (cost=0.43..6.27 rows=92 width=4)
	  Index Cond: ((id >= 3843224) AND (id <= 3843324))

table 7 : explain SELECT id FROM sbtest7 WHERE id BETWEEN 3843224 AND 3843324
	Index Only Scan using sbtest7_pkey on sbtest7  (cost=0.43..6.21 rows=89 width=4)
	  Index Cond: ((id >= 3843224) AND (id <= 3843324))

table 8 : explain SELECT id FROM sbtest8 WHERE id BETWEEN 3843224 AND 3843324
	Index Only Scan using sbtest8_pkey on sbtest8  (cost=0.43..6.37 rows=97 width=4)
	  Index Cond: ((id >= 3843224) AND (id <= 3843324))

explain: for range-covered :: explain SELECT id FROM sbtest%d WHERE id BETWEEN 3843224 AND 3843324
explain: for range-covered :: explain SELECT id FROM sbtest%d WHERE id BETWEEN 3770053 AND 3770153
for range-covered
table 1 : explain SELECT id FROM sbtest1 WHERE id BETWEEN 4540229 AND 4540329
	Index Only Scan using sbtest1_pkey on sbtest1  (cost=0.43..6.45 rows=101 width=4)
	  Index Cond: ((id >= 4540229) AND (id <= 4540329))

table 2 : explain SELECT id FROM sbtest2 WHERE id BETWEEN 4540229 AND 4540329
	Index Only Scan using sbtest2_pkey on sbtest2  (cost=0.43..6.25 rows=91 width=4)
	  Index Cond: ((id >= 4540229) AND (id <= 4540329))

table 3 : explain SELECT id FROM sbtest3 WHERE id BETWEEN 4540229 AND 4540329
	Index Only Scan using sbtest3_pkey on sbtest3  (cost=0.43..6.53 rows=105 width=4)
	  Index Cond: ((id >= 4540229) AND (id <= 4540329))

table 4 : explain SELECT id FROM sbtest4 WHERE id BETWEEN 4540229 AND 4540329
	Index Only Scan using sbtest4_pkey on sbtest4  (cost=0.43..6.40 rows=98 width=4)
	  Index Cond: ((id >= 4540229) AND (id <= 4540329))

table 5 : explain SELECT id FROM sbtest5 WHERE id BETWEEN 4540229 AND 4540329
	Index Only Scan using sbtest5_pkey on sbtest5  (cost=0.43..6.53 rows=105 width=4)
	  Index Cond: ((id >= 4540229) AND (id <= 4540329))

table 6 : explain SELECT id FROM sbtest6 WHERE id BETWEEN 4540229 AND 4540329
	Index Only Scan using sbtest6_pkey on sbtest6  (cost=0.43..6.51 rows=104 width=4)
	  Index Cond: ((id >= 4540229) AND (id <= 4540329))

table 7 : explain SELECT id FROM sbtest7 WHERE id BETWEEN 4540229 AND 4540329
	Index Only Scan using sbtest7_pkey on sbtest7  (cost=0.43..6.33 rows=95 width=4)
	  Index Cond: ((id >= 4540229) AND (id <= 4540329))

table 8 : explain SELECT id FROM sbtest8 WHERE id BETWEEN 4540229 AND 4540329
	Index Only Scan using sbtest8_pkey on sbtest8  (cost=0.43..6.40 rows=98 width=4)
	  Index Cond: ((id >= 4540229) AND (id <= 4540329))

for range-covered
table 1 : explain SELECT id FROM sbtest1 WHERE id BETWEEN 4237676 AND 4237776
	Index Only Scan using sbtest1_pkey on sbtest1  (cost=0.43..6.35 rows=96 width=4)
	  Index Cond: ((id >= 4237676) AND (id <= 4237776))

table 2 : explain SELECT id FROM sbtest2 WHERE id BETWEEN 4237676 AND 4237776
	Index Only Scan using sbtest2_pkey on sbtest2  (cost=0.43..6.45 rows=101 width=4)
	  Index Cond: ((id >= 4237676) AND (id <= 4237776))

table 3 : explain SELECT id FROM sbtest3 WHERE id BETWEEN 4237676 AND 4237776
	Index Only Scan using sbtest3_pkey on sbtest3  (cost=0.43..6.37 rows=97 width=4)
	  Index Cond: ((id >= 4237676) AND (id <= 4237776))

table 4 : explain SELECT id FROM sbtest4 WHERE id BETWEEN 4237676 AND 4237776
	Index Only Scan using sbtest4_pkey on sbtest4  (cost=0.43..6.51 rows=104 width=4)
	  Index Cond: ((id >= 4237676) AND (id <= 4237776))

table 5 : explain SELECT id FROM sbtest5 WHERE id BETWEEN 4237676 AND 4237776
	Index Only Scan using sbtest5_pkey on sbtest5  (cost=0.43..6.43 rows=100 width=4)
	  Index Cond: ((id >= 4237676) AND (id <= 4237776))

table 6 : explain SELECT id FROM sbtest6 WHERE id BETWEEN 4237676 AND 4237776
	Index Only Scan using sbtest6_pkey on sbtest6  (cost=0.43..6.59 rows=108 width=4)
	  Index Cond: ((id >= 4237676) AND (id <= 4237776))

table 7 : explain SELECT id FROM sbtest7 WHERE id BETWEEN 4237676 AND 4237776
	Index Only Scan using sbtest7_pkey on sbtest7  (cost=0.43..6.51 rows=104 width=4)
	  Index Cond: ((id >= 4237676) AND (id <= 4237776))

table 8 : explain SELECT id FROM sbtest8 WHERE id BETWEEN 4237676 AND 4237776
	Index Only Scan using sbtest8_pkey on sbtest8  (cost=0.43..6.63 rows=110 width=4)
	  Index Cond: ((id >= 4237676) AND (id <= 4237776))

explain: for range-covered :: explain SELECT id FROM sbtest%d WHERE id BETWEEN 4237676 AND 4237776
explain: for range-covered :: explain SELECT id FROM sbtest%d WHERE id BETWEEN 4540229 AND 4540329explain: for range-covered :: explain SELECT id FROM sbtest%d WHERE id BETWEEN 4306131 AND 4306231

for range-covered
table 1 : explain SELECT id FROM sbtest1 WHERE id BETWEEN 7354344 AND 7354444
	Index Only Scan using sbtest1_pkey on sbtest1  (cost=0.43..6.53 rows=105 width=4)
	  Index Cond: ((id >= 7354344) AND (id <= 7354444))

table 2 : explain SELECT id FROM sbtest2 WHERE id BETWEEN 7354344 AND 7354444
	Index Only Scan using sbtest2_pkey on sbtest2  (cost=0.43..6.35 rows=96 width=4)
	  Index Cond: ((id >= 7354344) AND (id <= 7354444))

table 3 : explain SELECT id FROM sbtest3 WHERE id BETWEEN 7354344 AND 7354444
	Index Only Scan using sbtest3_pkey on sbtest3  (cost=0.43..6.47 rows=102 width=4)
	  Index Cond: ((id >= 7354344) AND (id <= 7354444))

table 4 : explain SELECT id FROM sbtest4 WHERE id BETWEEN 7354344 AND 7354444
	Index Only Scan using sbtest4_pkey on sbtest4  (cost=0.43..6.37 rows=97 width=4)
	  Index Cond: ((id >= 7354344) AND (id <= 7354444))

table 5 : explain SELECT id FROM sbtest5 WHERE id BETWEEN 7354344 AND 7354444
	Index Only Scan using sbtest5_pkey on sbtest5  (cost=0.43..6.29 rows=93 width=4)
	  Index Cond: ((id >= 7354344) AND (id <= 7354444))

table 6 : explain SELECT id FROM sbtest6 WHERE id BETWEEN 7354344 AND 7354444
	Index Only Scan using sbtest6_pkey on sbtest6  (cost=0.43..6.33 rows=95 width=4)
	  Index Cond: ((id >= 7354344) AND (id <= 7354444))

table 7 : explain SELECT id FROM sbtest7 WHERE id BETWEEN 7354344 AND 7354444
	Index Only Scan using sbtest7_pkey on sbtest7  (cost=0.43..6.50 rows=103 width=4)
	  Index Cond: ((id >= 7354344) AND (id <= 7354444))

table 8 : explain SELECT id FROM sbtest8 WHERE id BETWEEN 7354344 AND 7354444
	Index Only Scan using sbtest8_pkey on sbtest8  (cost=0.43..6.43 rows=100 width=4)
	  Index Cond: ((id >= 7354344) AND (id <= 7354444))

explain: for range-covered :: explain SELECT id FROM sbtest%d WHERE id BETWEEN 2517927 AND 2518027
explain: for range-covered :: explain SELECT id FROM sbtest%d WHERE id BETWEEN 7354344 AND 7354444
for range-covered
table 1 : explain SELECT id FROM sbtest1 WHERE id BETWEEN 3843224 AND 3843324
	Index Only Scan using sbtest1_pkey on sbtest1  (cost=0.43..6.47 rows=102 width=4)
	  Index Cond: ((id >= 3843224) AND (id <= 3843324))

table 2 : explain SELECT id FROM sbtest2 WHERE id BETWEEN 3843224 AND 3843324
	Index Only Scan using sbtest2_pkey on sbtest2  (cost=0.43..6.50 rows=103 width=4)
	  Index Cond: ((id >= 3843224) AND (id <= 3843324))

table 3 : explain SELECT id FROM sbtest3 WHERE id BETWEEN 3843224 AND 3843324
	Index Only Scan using sbtest3_pkey on sbtest3  (cost=0.43..6.33 rows=95 width=4)
	  Index Cond: ((id >= 3843224) AND (id <= 3843324))

table 4 : explain SELECT id FROM sbtest4 WHERE id BETWEEN 3843224 AND 3843324
	Index Only Scan using sbtest4_pkey on sbtest4  (cost=0.43..6.33 rows=95 width=4)
	  Index Cond: ((id >= 3843224) AND (id <= 3843324))

table 5 : explain SELECT id FROM sbtest5 WHERE id BETWEEN 3843224 AND 3843324
	Index Only Scan using sbtest5_pkey on sbtest5  (cost=0.43..6.50 rows=103 width=4)
	  Index Cond: ((id >= 3843224) AND (id <= 3843324))

table 6 : explain SELECT id FROM sbtest6 WHERE id BETWEEN 3843224 AND 3843324
	Index Only Scan using sbtest6_pkey on sbtest6  (cost=0.43..6.27 rows=92 width=4)
	  Index Cond: ((id >= 3843224) AND (id <= 3843324))

table 7 : explain SELECT id FROM sbtest7 WHERE id BETWEEN 3843224 AND 3843324
	Index Only Scan using sbtest7_pkey on sbtest7  (cost=0.43..6.21 rows=89 width=4)
	  Index Cond: ((id >= 3843224) AND (id <= 3843324))

table 8 : explain SELECT id FROM sbtest8 WHERE id BETWEEN 3843224 AND 3843324
	Index Only Scan using sbtest8_pkey on sbtest8  (cost=0.43..6.37 rows=97 width=4)
	  Index Cond: ((id >= 3843224) AND (id <= 3843324))

for range-covered
table 1 : explain SELECT id FROM sbtest1 WHERE id BETWEEN 5360015 AND 5360115
	Index Only Scan using sbtest1_pkey on sbtest1  (cost=0.43..6.43 rows=100 width=4)
	  Index Cond: ((id >= 5360015) AND (id <= 5360115))

table 2 : explain SELECT id FROM sbtest2 WHERE id BETWEEN 5360015 AND 5360115
	Index Only Scan using sbtest2_pkey on sbtest2  (cost=0.43..6.61 rows=109 width=4)
	  Index Cond: ((id >= 5360015) AND (id <= 5360115))

table 3 : explain SELECT id FROM sbtest3 WHERE id BETWEEN 5360015 AND 5360115
	Index Only Scan using sbtest3_pkey on sbtest3  (cost=0.43..6.53 rows=105 width=4)
	  Index Cond: ((id >= 5360015) AND (id <= 5360115))

table 4 : explain SELECT id FROM sbtest4 WHERE id BETWEEN 5360015 AND 5360115
	Index Only Scan using sbtest4_pkey on sbtest4  (cost=0.43..6.47 rows=102 width=4)
	  Index Cond: ((id >= 5360015) AND (id <= 5360115))

table 5 : explain SELECT id FROM sbtest5 WHERE id BETWEEN 5360015 AND 5360115
	Index Only Scan using sbtest5_pkey on sbtest5  (cost=0.43..6.51 rows=104 width=4)
	  Index Cond: ((id >= 5360015) AND (id <= 5360115))

table 6 : explain SELECT id FROM sbtest6 WHERE id BETWEEN 5360015 AND 5360115
	Index Only Scan using sbtest6_pkey on sbtest6  (cost=0.43..6.45 rows=101 width=4)
	  Index Cond: ((id >= 5360015) AND (id <= 5360115))

table 7 : explain SELECT id FROM sbtest7 WHERE id BETWEEN 5360015 AND 5360115
	Index Only Scan using sbtest7_pkey on sbtest7  (cost=0.43..6.53 rows=105 width=4)
	  Index Cond: ((id >= 5360015) AND (id <= 5360115))

table 8 : explain SELECT id FROM sbtest8 WHERE id BETWEEN 5360015 AND 5360115
	Index Only Scan using sbtest8_pkey on sbtest8  (cost=0.43..6.43 rows=100 width=4)
	  Index Cond: ((id >= 5360015) AND (id <= 5360115))

explain: for range-covered :: explain SELECT id FROM sbtest%d WHERE id BETWEEN 5360015 AND 5360115
explain: for range-covered :: explain SELECT id FROM sbtest%d WHERE id BETWEEN 3843224 AND 3843324
for range-covered
table 1 : explain SELECT id FROM sbtest1 WHERE id BETWEEN 4237676 AND 4237776
	Index Only Scan using sbtest1_pkey on sbtest1  (cost=0.43..6.35 rows=96 width=4)
	  Index Cond: ((id >= 4237676) AND (id <= 4237776))

table 2 : explain SELECT id FROM sbtest2 WHERE id BETWEEN 4237676 AND 4237776
	Index Only Scan using sbtest2_pkey on sbtest2  (cost=0.43..6.45 rows=101 width=4)
	  Index Cond: ((id >= 4237676) AND (id <= 4237776))

table 3 : explain SELECT id FROM sbtest3 WHERE id BETWEEN 4237676 AND 4237776
	Index Only Scan using sbtest3_pkey on sbtest3  (cost=0.43..6.37 rows=97 width=4)
	  Index Cond: ((id >= 4237676) AND (id <= 4237776))

table 4 : explain SELECT id FROM sbtest4 WHERE id BETWEEN 4237676 AND 4237776
	Index Only Scan using sbtest4_pkey on sbtest4  (cost=0.43..6.51 rows=104 width=4)
	  Index Cond: ((id >= 4237676) AND (id <= 4237776))

table 5 : explain SELECT id FROM sbtest5 WHERE id BETWEEN 4237676 AND 4237776
	Index Only Scan using sbtest5_pkey on sbtest5  (cost=0.43..6.43 rows=100 width=4)
	  Index Cond: ((id >= 4237676) AND (id <= 4237776))

table 6 : explain SELECT id FROM sbtest6 WHERE id BETWEEN 4237676 AND 4237776
	Index Only Scan using sbtest6_pkey on sbtest6  (cost=0.43..6.59 rows=108 width=4)
	  Index Cond: ((id >= 4237676) AND (id <= 4237776))

table 7 : explain SELECT id FROM sbtest7 WHERE id BETWEEN 4237676 AND 4237776
	Index Only Scan using sbtest7_pkey on sbtest7  (cost=0.43..6.51 rows=104 width=4)
	  Index Cond: ((id >= 4237676) AND (id <= 4237776))

table 8 : explain SELECT id FROM sbtest8 WHERE id BETWEEN 4237676 AND 4237776
	Index Only Scan using sbtest8_pkey on sbtest8  (cost=0.43..6.63 rows=110 width=4)
	  Index Cond: ((id >= 4237676) AND (id <= 4237776))

explain: for range-covered :: explain SELECT id FROM sbtest%d WHERE id BETWEEN 4237676 AND 4237776
for range-covered
table 1 : explain SELECT id FROM sbtest1 WHERE id BETWEEN 7354344 AND 7354444
	Index Only Scan using sbtest1_pkey on sbtest1  (cost=0.43..6.53 rows=105 width=4)
	  Index Cond: ((id >= 7354344) AND (id <= 7354444))

table 2 : explain SELECT id FROM sbtest2 WHERE id BETWEEN 7354344 AND 7354444
	Index Only Scan using sbtest2_pkey on sbtest2  (cost=0.43..6.35 rows=96 width=4)
	  Index Cond: ((id >= 7354344) AND (id <= 7354444))

table 3 : explain SELECT id FROM sbtest3 WHERE id BETWEEN 7354344 AND 7354444
	Index Only Scan using sbtest3_pkey on sbtest3  (cost=0.43..6.47 rows=102 width=4)
	  Index Cond: ((id >= 7354344) AND (id <= 7354444))

table 4 : explain SELECT id FROM sbtest4 WHERE id BETWEEN 7354344 AND 7354444
	Index Only Scan using sbtest4_pkey on sbtest4  (cost=0.43..6.37 rows=97 width=4)
	  Index Cond: ((id >= 7354344) AND (id <= 7354444))

table 5 : explain SELECT id FROM sbtest5 WHERE id BETWEEN 7354344 AND 7354444
	Index Only Scan using sbtest5_pkey on sbtest5  (cost=0.43..6.29 rows=93 width=4)
	  Index Cond: ((id >= 7354344) AND (id <= 7354444))

table 6 : explain SELECT id FROM sbtest6 WHERE id BETWEEN 7354344 AND 7354444
	Index Only Scan using sbtest6_pkey on sbtest6  (cost=0.43..6.33 rows=95 width=4)
	  Index Cond: ((id >= 7354344) AND (id <= 7354444))

table 7 : explain SELECT id FROM sbtest7 WHERE id BETWEEN 7354344 AND 7354444
	Index Only Scan using sbtest7_pkey on sbtest7  (cost=0.43..6.50 rows=103 width=4)
	  Index Cond: ((id >= 7354344) AND (id <= 7354444))

table 8 : explain SELECT id FROM sbtest8 WHERE id BETWEEN 7354344 AND 7354444
	Index Only Scan using sbtest8_pkey on sbtest8  (cost=0.43..6.43 rows=100 width=4)
	  Index Cond: ((id >= 7354344) AND (id <= 7354444))

explain: for range-covered :: explain SELECT id FROM sbtest%d WHERE id BETWEEN 7354344 AND 7354444
for range-covered
table 1 : explain SELECT id FROM sbtest1 WHERE id BETWEEN 5360015 AND 5360115
	Index Only Scan using sbtest1_pkey on sbtest1  (cost=0.43..6.43 rows=100 width=4)
	  Index Cond: ((id >= 5360015) AND (id <= 5360115))

table 2 : explain SELECT id FROM sbtest2 WHERE id BETWEEN 5360015 AND 5360115
	Index Only Scan using sbtest2_pkey on sbtest2  (cost=0.43..6.61 rows=109 width=4)
	  Index Cond: ((id >= 5360015) AND (id <= 5360115))

table 3 : explain SELECT id FROM sbtest3 WHERE id BETWEEN 5360015 AND 5360115
	Index Only Scan using sbtest3_pkey on sbtest3  (cost=0.43..6.53 rows=105 width=4)
	  Index Cond: ((id >= 5360015) AND (id <= 5360115))

table 4 : explain SELECT id FROM sbtest4 WHERE id BETWEEN 5360015 AND 5360115
	Index Only Scan using sbtest4_pkey on sbtest4  (cost=0.43..6.47 rows=102 width=4)
	  Index Cond: ((id >= 5360015) AND (id <= 5360115))

table 5 : explain SELECT id FROM sbtest5 WHERE id BETWEEN 5360015 AND 5360115
	Index Only Scan using sbtest5_pkey on sbtest5  (cost=0.43..6.51 rows=104 width=4)
	  Index Cond: ((id >= 5360015) AND (id <= 5360115))

table 6 : explain SELECT id FROM sbtest6 WHERE id BETWEEN 5360015 AND 5360115
	Index Only Scan using sbtest6_pkey on sbtest6  (cost=0.43..6.45 rows=101 width=4)
	  Index Cond: ((id >= 5360015) AND (id <= 5360115))

table 7 : explain SELECT id FROM sbtest7 WHERE id BETWEEN 5360015 AND 5360115
	Index Only Scan using sbtest7_pkey on sbtest7  (cost=0.43..6.53 rows=105 width=4)
	  Index Cond: ((id >= 5360015) AND (id <= 5360115))

table 8 : explain SELECT id FROM sbtest8 WHERE id BETWEEN 5360015 AND 5360115
	Index Only Scan using sbtest8_pkey on sbtest8  (cost=0.43..6.43 rows=100 width=4)
	  Index Cond: ((id >= 5360015) AND (id <= 5360115))

for range-covered
table 1 : explain SELECT id FROM sbtest1 WHERE id BETWEEN 3843224 AND 3843324
	Index Only Scan using sbtest1_pkey on sbtest1  (cost=0.43..6.47 rows=102 width=4)
	  Index Cond: ((id >= 3843224) AND (id <= 3843324))

table 2 : explain SELECT id FROM sbtest2 WHERE id BETWEEN 3843224 AND 3843324
	Index Only Scan using sbtest2_pkey on sbtest2  (cost=0.43..6.50 rows=103 width=4)
	  Index Cond: ((id >= 3843224) AND (id <= 3843324))

table 3 : explain SELECT id FROM sbtest3 WHERE id BETWEEN 3843224 AND 3843324
	Index Only Scan using sbtest3_pkey on sbtest3  (cost=0.43..6.33 rows=95 width=4)
	  Index Cond: ((id >= 3843224) AND (id <= 3843324))

table 4 : explain SELECT id FROM sbtest4 WHERE id BETWEEN 3843224 AND 3843324
	Index Only Scan using sbtest4_pkey on sbtest4  (cost=0.43..6.33 rows=95 width=4)
	  Index Cond: ((id >= 3843224) AND (id <= 3843324))

table 5 : explain SELECT id FROM sbtest5 WHERE id BETWEEN 3843224 AND 3843324
	Index Only Scan using sbtest5_pkey on sbtest5  (cost=0.43..6.50 rows=103 width=4)
	  Index Cond: ((id >= 3843224) AND (id <= 3843324))

table 6 : explain SELECT id FROM sbtest6 WHERE id BETWEEN 3843224 AND 3843324
	Index Only Scan using sbtest6_pkey on sbtest6  (cost=0.43..6.27 rows=92 width=4)
	  Index Cond: ((id >= 3843224) AND (id <= 3843324))

table 7 : explain SELECT id FROM sbtest7 WHERE id BETWEEN 3843224 AND 3843324
	Index Only Scan using sbtest7_pkey on sbtest7  (cost=0.43..6.21 rows=89 width=4)
	  Index Cond: ((id >= 3843224) AND (id <= 3843324))

table 8 : explain SELECT id FROM sbtest8 WHERE id BETWEEN 3843224 AND 3843324
	Index Only Scan using sbtest8_pkey on sbtest8  (cost=0.43..6.37 rows=97 width=4)
	  Index Cond: ((id >= 3843224) AND (id <= 3843324))

explain: for range-covered :: explain SELECT id FROM sbtest%d WHERE id BETWEEN 5360015 AND 5360115
explain: for range-covered :: explain SELECT id FROM sbtest%d WHERE id BETWEEN 3843224 AND 3843324
for range-covered
table 1 : explain SELECT id FROM sbtest1 WHERE id BETWEEN 3280485 AND 3280585
	Index Only Scan using sbtest1_pkey on sbtest1  (cost=0.43..6.61 rows=109 width=4)
	  Index Cond: ((id >= 3280485) AND (id <= 3280585))

table 2 : explain SELECT id FROM sbtest2 WHERE id BETWEEN 3280485 AND 3280585
	Index Only Scan using sbtest2_pkey on sbtest2  (cost=0.43..6.53 rows=105 width=4)
	  Index Cond: ((id >= 3280485) AND (id <= 3280585))

table 3 : explain SELECT id FROM sbtest3 WHERE id BETWEEN 3280485 AND 3280585
	Index Only Scan using sbtest3_pkey on sbtest3  (cost=0.43..6.63 rows=110 width=4)
	  Index Cond: ((id >= 3280485) AND (id <= 3280585))

table 4 : explain SELECT id FROM sbtest4 WHERE id BETWEEN 3280485 AND 3280585
	Index Only Scan using sbtest4_pkey on sbtest4  (cost=0.43..6.42 rows=99 width=4)
	  Index Cond: ((id >= 3280485) AND (id <= 3280585))

table 5 : explain SELECT id FROM sbtest5 WHERE id BETWEEN 3280485 AND 3280585
	Index Only Scan using sbtest5_pkey on sbtest5  (cost=0.43..6.72 rows=114 width=4)
	  Index Cond: ((id >= 3280485) AND (id <= 3280585))

table 6 : explain SELECT id FROM sbtest6 WHERE id BETWEEN 3280485 AND 3280585
	Index Only Scan using sbtest6_pkey on sbtest6  (cost=0.43..6.37 rows=97 width=4)
	  Index Cond: ((id >= 3280485) AND (id <= 3280585))

table 7 : explain SELECT id FROM sbtest7 WHERE id BETWEEN 3280485 AND 3280585
	Index Only Scan using sbtest7_pkey on sbtest7  (cost=0.43..6.29 rows=93 width=4)
	  Index Cond: ((id >= 3280485) AND (id <= 3280585))

table 8 : explain SELECT id FROM sbtest8 WHERE id BETWEEN 3280485 AND 3280585
	Index Only Scan using sbtest8_pkey on sbtest8  (cost=0.43..6.45 rows=101 width=4)
	  Index Cond: ((id >= 3280485) AND (id <= 3280585))

explain: for range-covered :: explain SELECT id FROM sbtest%d WHERE id BETWEEN 3280485 AND 3280585
for range-covered
table 1 : explain SELECT id FROM sbtest1 WHERE id BETWEEN 4237676 AND 4237776
	Index Only Scan using sbtest1_pkey on sbtest1  (cost=0.43..6.35 rows=96 width=4)
	  Index Cond: ((id >= 4237676) AND (id <= 4237776))

table 2 : explain SELECT id FROM sbtest2 WHERE id BETWEEN 4237676 AND 4237776
	Index Only Scan using sbtest2_pkey on sbtest2  (cost=0.43..6.45 rows=101 width=4)
	  Index Cond: ((id >= 4237676) AND (id <= 4237776))

table 3 : explain SELECT id FROM sbtest3 WHERE id BETWEEN 4237676 AND 4237776
	Index Only Scan using sbtest3_pkey on sbtest3  (cost=0.43..6.37 rows=97 width=4)
	  Index Cond: ((id >= 4237676) AND (id <= 4237776))

table 4 : explain SELECT id FROM sbtest4 WHERE id BETWEEN 4237676 AND 4237776
	Index Only Scan using sbtest4_pkey on sbtest4  (cost=0.43..6.51 rows=104 width=4)
	  Index Cond: ((id >= 4237676) AND (id <= 4237776))

table 5 : explain SELECT id FROM sbtest5 WHERE id BETWEEN 4237676 AND 4237776
	Index Only Scan using sbtest5_pkey on sbtest5  (cost=0.43..6.43 rows=100 width=4)
	  Index Cond: ((id >= 4237676) AND (id <= 4237776))

table 6 : explain SELECT id FROM sbtest6 WHERE id BETWEEN 4237676 AND 4237776
	Index Only Scan using sbtest6_pkey on sbtest6  (cost=0.43..6.59 rows=108 width=4)
	  Index Cond: ((id >= 4237676) AND (id <= 4237776))

table 7 : explain SELECT id FROM sbtest7 WHERE id BETWEEN 4237676 AND 4237776
	Index Only Scan using sbtest7_pkey on sbtest7  (cost=0.43..6.51 rows=104 width=4)
	  Index Cond: ((id >= 4237676) AND (id <= 4237776))

table 8 : explain SELECT id FROM sbtest8 WHERE id BETWEEN 4237676 AND 4237776
	Index Only Scan using sbtest8_pkey on sbtest8  (cost=0.43..6.63 rows=110 width=4)
	  Index Cond: ((id >= 4237676) AND (id <= 4237776))

explain: for range-covered :: explain SELECT id FROM sbtest%d WHERE id BETWEEN 4237676 AND 4237776
for range-covered
table 1 : explain SELECT id FROM sbtest1 WHERE id BETWEEN 8202207 AND 8202307
	Index Only Scan using sbtest1_pkey on sbtest1  (cost=0.43..6.40 rows=98 width=4)
	  Index Cond: ((id >= 8202207) AND (id <= 8202307))

table 2 : explain SELECT id FROM sbtest2 WHERE id BETWEEN 8202207 AND 8202307
	Index Only Scan using sbtest2_pkey on sbtest2  (cost=0.43..6.19 rows=88 width=4)
	  Index Cond: ((id >= 8202207) AND (id <= 8202307))

table 3 : explain SELECT id FROM sbtest3 WHERE id BETWEEN 8202207 AND 8202307
	Index Only Scan using sbtest3_pkey on sbtest3  (cost=0.43..6.35 rows=96 width=4)
	  Index Cond: ((id >= 8202207) AND (id <= 8202307))

table 4 : explain SELECT id FROM sbtest4 WHERE id BETWEEN 8202207 AND 8202307
	Index Only Scan using sbtest4_pkey on sbtest4  (cost=0.43..6.33 rows=95 width=4)
	  Index Cond: ((id >= 8202207) AND (id <= 8202307))

table 5 : explain SELECT id FROM sbtest5 WHERE id BETWEEN 8202207 AND 8202307
	Index Only Scan using sbtest5_pkey on sbtest5  (cost=0.43..6.35 rows=96 width=4)
	  Index Cond: ((id >= 8202207) AND (id <= 8202307))

table 6 : explain SELECT id FROM sbtest6 WHERE id BETWEEN 8202207 AND 8202307
	Index Only Scan using sbtest6_pkey on sbtest6  (cost=0.43..6.40 rows=98 width=4)
	  Index Cond: ((id >= 8202207) AND (id <= 8202307))

table 7 : explain SELECT id FROM sbtest7 WHERE id BETWEEN 8202207 AND 8202307
	Index Only Scan using sbtest7_pkey on sbtest7  (cost=0.43..6.59 rows=108 width=4)
	  Index Cond: ((id >= 8202207) AND (id <= 8202307))

table 8 : explain SELECT id FROM sbtest8 WHERE id BETWEEN 8202207 AND 8202307
	Index Only Scan using sbtest8_pkey on sbtest8  (cost=0.43..6.40 rows=98 width=4)
	  Index Cond: ((id >= 8202207) AND (id <= 8202307))

explain: for range-covered :: explain SELECT id FROM sbtest%d WHERE id BETWEEN 8202207 AND 8202307
for range-covered
table 1 : explain SELECT id FROM sbtest1 WHERE id BETWEEN 7354344 AND 7354444
	Index Only Scan using sbtest1_pkey on sbtest1  (cost=0.43..6.53 rows=105 width=4)
	  Index Cond: ((id >= 7354344) AND (id <= 7354444))

table 2 : explain SELECT id FROM sbtest2 WHERE id BETWEEN 7354344 AND 7354444
	Index Only Scan using sbtest2_pkey on sbtest2  (cost=0.43..6.35 rows=96 width=4)
	  Index Cond: ((id >= 7354344) AND (id <= 7354444))

table 3 : explain SELECT id FROM sbtest3 WHERE id BETWEEN 7354344 AND 7354444
	Index Only Scan using sbtest3_pkey on sbtest3  (cost=0.43..6.47 rows=102 width=4)
	  Index Cond: ((id >= 7354344) AND (id <= 7354444))

table 4 : explain SELECT id FROM sbtest4 WHERE id BETWEEN 7354344 AND 7354444
	Index Only Scan using sbtest4_pkey on sbtest4  (cost=0.43..6.37 rows=97 width=4)
	  Index Cond: ((id >= 7354344) AND (id <= 7354444))

table 5 : explain SELECT id FROM sbtest5 WHERE id BETWEEN 7354344 AND 7354444
	Index Only Scan using sbtest5_pkey on sbtest5  (cost=0.43..6.29 rows=93 width=4)
	  Index Cond: ((id >= 7354344) AND (id <= 7354444))

table 6 : explain SELECT id FROM sbtest6 WHERE id BETWEEN 7354344 AND 7354444
	Index Only Scan using sbtest6_pkey on sbtest6  (cost=0.43..6.33 rows=95 width=4)
	  Index Cond: ((id >= 7354344) AND (id <= 7354444))

table 7 : explain SELECT id FROM sbtest7 WHERE id BETWEEN 7354344 AND 7354444
	Index Only Scan using sbtest7_pkey on sbtest7  (cost=0.43..6.50 rows=103 width=4)
	  Index Cond: ((id >= 7354344) AND (id <= 7354444))

table 8 : explain SELECT id FROM sbtest8 WHERE id BETWEEN 7354344 AND 7354444
	Index Only Scan using sbtest8_pkey on sbtest8  (cost=0.43..6.43 rows=100 width=4)
	  Index Cond: ((id >= 7354344) AND (id <= 7354444))

explain: for range-covered :: explain SELECT id FROM sbtest%d WHERE id BETWEEN 3891084 AND 3891184
explain: for range-covered :: explain SELECT id FROM sbtest%d WHERE id BETWEEN 7354344 AND 7354444
for range-covered
table 1 : explain SELECT id FROM sbtest1 WHERE id BETWEEN 5360015 AND 5360115
	Index Only Scan using sbtest1_pkey on sbtest1  (cost=0.43..6.43 rows=100 width=4)
	  Index Cond: ((id >= 5360015) AND (id <= 5360115))

table 2 : explain SELECT id FROM sbtest2 WHERE id BETWEEN 5360015 AND 5360115
	Index Only Scan using sbtest2_pkey on sbtest2  (cost=0.43..6.61 rows=109 width=4)
	  Index Cond: ((id >= 5360015) AND (id <= 5360115))

table 3 : explain SELECT id FROM sbtest3 WHERE id BETWEEN 5360015 AND 5360115
	Index Only Scan using sbtest3_pkey on sbtest3  (cost=0.43..6.53 rows=105 width=4)
	  Index Cond: ((id >= 5360015) AND (id <= 5360115))

table 4 : explain SELECT id FROM sbtest4 WHERE id BETWEEN 5360015 AND 5360115
	Index Only Scan using sbtest4_pkey on sbtest4  (cost=0.43..6.47 rows=102 width=4)
	  Index Cond: ((id >= 5360015) AND (id <= 5360115))

table 5 : explain SELECT id FROM sbtest5 WHERE id BETWEEN 5360015 AND 5360115
	Index Only Scan using sbtest5_pkey on sbtest5  (cost=0.43..6.51 rows=104 width=4)
	  Index Cond: ((id >= 5360015) AND (id <= 5360115))

table 6 : explain SELECT id FROM sbtest6 WHERE id BETWEEN 5360015 AND 5360115
	Index Only Scan using sbtest6_pkey on sbtest6  (cost=0.43..6.45 rows=101 width=4)
	  Index Cond: ((id >= 5360015) AND (id <= 5360115))

table 7 : explain SELECT id FROM sbtest7 WHERE id BETWEEN 5360015 AND 5360115
	Index Only Scan using sbtest7_pkey on sbtest7  (cost=0.43..6.53 rows=105 width=4)
	  Index Cond: ((id >= 5360015) AND (id <= 5360115))

table 8 : explain SELECT id FROM sbtest8 WHERE id BETWEEN 5360015 AND 5360115
	Index Only Scan using sbtest8_pkey on sbtest8  (cost=0.43..6.43 rows=100 width=4)
	  Index Cond: ((id >= 5360015) AND (id <= 5360115))

explain: for range-covered :: explain SELECT id FROM sbtest%d WHERE id BETWEEN 5360015 AND 5360115
for range-covered
table 1 : explain SELECT id FROM sbtest1 WHERE id BETWEEN 4628260 AND 4628360
	Index Only Scan using sbtest1_pkey on sbtest1  (cost=0.43..6.45 rows=101 width=4)
	  Index Cond: ((id >= 4628260) AND (id <= 4628360))

table 2 : explain SELECT id FROM sbtest2 WHERE id BETWEEN 4628260 AND 4628360
	Index Only Scan using sbtest2_pkey on sbtest2  (cost=0.43..6.66 rows=111 width=4)
	  Index Cond: ((id >= 4628260) AND (id <= 4628360))

table 3 : explain SELECT id FROM sbtest3 WHERE id BETWEEN 4628260 AND 4628360
	Index Only Scan using sbtest3_pkey on sbtest3  (cost=0.43..6.45 rows=101 width=4)
	  Index Cond: ((id >= 4628260) AND (id <= 4628360))

table 4 : explain SELECT id FROM sbtest4 WHERE id BETWEEN 4628260 AND 4628360
	Index Only Scan using sbtest4_pkey on sbtest4  (cost=0.43..6.37 rows=97 width=4)
	  Index Cond: ((id >= 4628260) AND (id <= 4628360))

table 5 : explain SELECT id FROM sbtest5 WHERE id BETWEEN 4628260 AND 4628360
	Index Only Scan using sbtest5_pkey on sbtest5  (cost=0.43..6.75 rows=116 width=4)
	  Index Cond: ((id >= 4628260) AND (id <= 4628360))

table 6 : explain SELECT id FROM sbtest6 WHERE id BETWEEN 4628260 AND 4628360
	Index Only Scan using sbtest6_pkey on sbtest6  (cost=0.43..6.45 rows=101 width=4)
	  Index Cond: ((id >= 4628260) AND (id <= 4628360))

table 7 : explain SELECT id FROM sbtest7 WHERE id BETWEEN 4628260 AND 4628360
	Index Only Scan using sbtest7_pkey on sbtest7  (cost=0.43..6.37 rows=97 width=4)
	  Index Cond: ((id >= 4628260) AND (id <= 4628360))

table 8 : explain SELECT id FROM sbtest8 WHERE id BETWEEN 4628260 AND 4628360
	Index Only Scan using sbtest8_pkey on sbtest8  (cost=0.43..6.45 rows=101 width=4)
	  Index Cond: ((id >= 4628260) AND (id <= 4628360))

for range-covered
table 1 : explain SELECT id FROM sbtest1 WHERE id BETWEEN 3280485 AND 3280585
	Index Only Scan using sbtest1_pkey on sbtest1  (cost=0.43..6.61 rows=109 width=4)
	  Index Cond: ((id >= 3280485) AND (id <= 3280585))

table 2 : explain SELECT id FROM sbtest2 WHERE id BETWEEN 3280485 AND 3280585
	Index Only Scan using sbtest2_pkey on sbtest2  (cost=0.43..6.53 rows=105 width=4)
	  Index Cond: ((id >= 3280485) AND (id <= 3280585))

table 3 : explain SELECT id FROM sbtest3 WHERE id BETWEEN 3280485 AND 3280585
	Index Only Scan using sbtest3_pkey on sbtest3  (cost=0.43..6.63 rows=110 width=4)
	  Index Cond: ((id >= 3280485) AND (id <= 3280585))

table 4 : explain SELECT id FROM sbtest4 WHERE id BETWEEN 3280485 AND 3280585
	Index Only Scan using sbtest4_pkey on sbtest4  (cost=0.43..6.42 rows=99 width=4)
	  Index Cond: ((id >= 3280485) AND (id <= 3280585))

table 5 : explain SELECT id FROM sbtest5 WHERE id BETWEEN 3280485 AND 3280585
	Index Only Scan using sbtest5_pkey on sbtest5  (cost=0.43..6.72 rows=114 width=4)
	  Index Cond: ((id >= 3280485) AND (id <= 3280585))

table 6 : explain SELECT id FROM sbtest6 WHERE id BETWEEN 3280485 AND 3280585
	Index Only Scan using sbtest6_pkey on sbtest6  (cost=0.43..6.37 rows=97 width=4)
	  Index Cond: ((id >= 3280485) AND (id <= 3280585))

table 7 : explain SELECT id FROM sbtest7 WHERE id BETWEEN 3280485 AND 3280585
	Index Only Scan using sbtest7_pkey on sbtest7  (cost=0.43..6.29 rows=93 width=4)
	  Index Cond: ((id >= 3280485) AND (id <= 3280585))

table 8 : explain SELECT id FROM sbtest8 WHERE id BETWEEN 3280485 AND 3280585
	Index Only Scan using sbtest8_pkey on sbtest8  (cost=0.43..6.45 rows=101 width=4)
	  Index Cond: ((id >= 3280485) AND (id <= 3280585))

explain: for range-covered :: explain SELECT id FROM sbtest%d WHERE id BETWEEN 4628260 AND 4628360
for range-covered
table 1 : explain SELECT id FROM sbtest1 WHERE id BETWEEN 3843224 AND 3843324
	Index Only Scan using sbtest1_pkey on sbtest1  (cost=0.43..6.47 rows=102 width=4)
	  Index Cond: ((id >= 3843224) AND (id <= 3843324))

table 2 : explain SELECT id FROM sbtest2 WHERE id BETWEEN 3843224 AND 3843324
	Index Only Scan using sbtest2_pkey on sbtest2  (cost=0.43..6.50 rows=103 width=4)
	  Index Cond: ((id >= 3843224) AND (id <= 3843324))

table 3 : explain SELECT id FROM sbtest3 WHERE id BETWEEN 3843224 AND 3843324
	Index Only Scan using sbtest3_pkey on sbtest3  (cost=0.43..6.33 rows=95 width=4)
	  Index Cond: ((id >= 3843224) AND (id <= 3843324))

table 4 : explain SELECT id FROM sbtest4 WHERE id BETWEEN 3843224 AND 3843324
	Index Only Scan using sbtest4_pkey on sbtest4  (cost=0.43..6.33 rows=95 width=4)
	  Index Cond: ((id >= 3843224) AND (id <= 3843324))

table 5 : explain SELECT id FROM sbtest5 WHERE id BETWEEN 3843224 AND 3843324
	Index Only Scan using sbtest5_pkey on sbtest5  (cost=0.43..6.50 rows=103 width=4)
	  Index Cond: ((id >= 3843224) AND (id <= 3843324))

table 6 : explain SELECT id FROM sbtest6 WHERE id BETWEEN 3843224 AND 3843324
	Index Only Scan using sbtest6_pkey on sbtest6  (cost=0.43..6.27 rows=92 width=4)
	  Index Cond: ((id >= 3843224) AND (id <= 3843324))

table 7 : explain SELECT id FROM sbtest7 WHERE id BETWEEN 3843224 AND 3843324
	Index Only Scan using sbtest7_pkey on sbtest7  (cost=0.43..6.21 rows=89 width=4)
	  Index Cond: ((id >= 3843224) AND (id <= 3843324))

table 8 : explain SELECT id FROM sbtest8 WHERE id BETWEEN 3843224 AND 3843324
	Index Only Scan using sbtest8_pkey on sbtest8  (cost=0.43..6.37 rows=97 width=4)
	  Index Cond: ((id >= 3843224) AND (id <= 3843324))

explain: for range-covered :: explain SELECT id FROM sbtest%d WHERE id BETWEEN 3280485 AND 3280585
for range-covered
table 1 : explain SELECT id FROM sbtest1 WHERE id BETWEEN 4237676 AND 4237776
	Index Only Scan using sbtest1_pkey on sbtest1  (cost=0.43..6.35 rows=96 width=4)
	  Index Cond: ((id >= 4237676) AND (id <= 4237776))

table 2 : explain SELECT id FROM sbtest2 WHERE id BETWEEN 4237676 AND 4237776
	Index Only Scan using sbtest2_pkey on sbtest2  (cost=0.43..6.45 rows=101 width=4)
	  Index Cond: ((id >= 4237676) AND (id <= 4237776))

table 3 : explain SELECT id FROM sbtest3 WHERE id BETWEEN 4237676 AND 4237776
	Index Only Scan using sbtest3_pkey on sbtest3  (cost=0.43..6.37 rows=97 width=4)
	  Index Cond: ((id >= 4237676) AND (id <= 4237776))

table 4 : explain SELECT id FROM sbtest4 WHERE id BETWEEN 4237676 AND 4237776
	Index Only Scan using sbtest4_pkey on sbtest4  (cost=0.43..6.51 rows=104 width=4)
	  Index Cond: ((id >= 4237676) AND (id <= 4237776))

table 5 : explain SELECT id FROM sbtest5 WHERE id BETWEEN 4237676 AND 4237776
	Index Only Scan using sbtest5_pkey on sbtest5  (cost=0.43..6.43 rows=100 width=4)
	  Index Cond: ((id >= 4237676) AND (id <= 4237776))

table 6 : explain SELECT id FROM sbtest6 WHERE id BETWEEN 4237676 AND 4237776
	Index Only Scan using sbtest6_pkey on sbtest6  (cost=0.43..6.59 rows=108 width=4)
	  Index Cond: ((id >= 4237676) AND (id <= 4237776))

table 7 : explain SELECT id FROM sbtest7 WHERE id BETWEEN 4237676 AND 4237776
	Index Only Scan using sbtest7_pkey on sbtest7  (cost=0.43..6.51 rows=104 width=4)
	  Index Cond: ((id >= 4237676) AND (id <= 4237776))

table 8 : explain SELECT id FROM sbtest8 WHERE id BETWEEN 4237676 AND 4237776
	Index Only Scan using sbtest8_pkey on sbtest8  (cost=0.43..6.63 rows=110 width=4)
	  Index Cond: ((id >= 4237676) AND (id <= 4237776))

explain: for range-covered :: explain SELECT id FROM sbtest%d WHERE id BETWEEN 4237676 AND 4237776
for range-covered
table 1 : explain SELECT id FROM sbtest1 WHERE id BETWEEN 8202207 AND 8202307
	Index Only Scan using sbtest1_pkey on sbtest1  (cost=0.43..6.40 rows=98 width=4)
	  Index Cond: ((id >= 8202207) AND (id <= 8202307))

table 2 : explain SELECT id FROM sbtest2 WHERE id BETWEEN 8202207 AND 8202307
	Index Only Scan using sbtest2_pkey on sbtest2  (cost=0.43..6.19 rows=88 width=4)
	  Index Cond: ((id >= 8202207) AND (id <= 8202307))

table 3 : explain SELECT id FROM sbtest3 WHERE id BETWEEN 8202207 AND 8202307
	Index Only Scan using sbtest3_pkey on sbtest3  (cost=0.43..6.35 rows=96 width=4)
	  Index Cond: ((id >= 8202207) AND (id <= 8202307))

table 4 : explain SELECT id FROM sbtest4 WHERE id BETWEEN 8202207 AND 8202307
	Index Only Scan using sbtest4_pkey on sbtest4  (cost=0.43..6.33 rows=95 width=4)
	  Index Cond: ((id >= 8202207) AND (id <= 8202307))

table 5 : explain SELECT id FROM sbtest5 WHERE id BETWEEN 8202207 AND 8202307
	Index Only Scan using sbtest5_pkey on sbtest5  (cost=0.43..6.35 rows=96 width=4)
	  Index Cond: ((id >= 8202207) AND (id <= 8202307))

table 6 : explain SELECT id FROM sbtest6 WHERE id BETWEEN 8202207 AND 8202307
	Index Only Scan using sbtest6_pkey on sbtest6  (cost=0.43..6.40 rows=98 width=4)
	  Index Cond: ((id >= 8202207) AND (id <= 8202307))

table 7 : explain SELECT id FROM sbtest7 WHERE id BETWEEN 8202207 AND 8202307
	Index Only Scan using sbtest7_pkey on sbtest7  (cost=0.43..6.59 rows=108 width=4)
	  Index Cond: ((id >= 8202207) AND (id <= 8202307))

table 8 : explain SELECT id FROM sbtest8 WHERE id BETWEEN 8202207 AND 8202307
	Index Only Scan using sbtest8_pkey on sbtest8  (cost=0.43..6.40 rows=98 width=4)
	  Index Cond: ((id >= 8202207) AND (id <= 8202307))

for range-covered
table 1 : explain SELECT id FROM sbtest1 WHERE id BETWEEN 7354344 AND 7354444
	Index Only Scan using sbtest1_pkey on sbtest1  (cost=0.43..6.53 rows=105 width=4)
	  Index Cond: ((id >= 7354344) AND (id <= 7354444))

table 2 : explain SELECT id FROM sbtest2 WHERE id BETWEEN 7354344 AND 7354444
	Index Only Scan using sbtest2_pkey on sbtest2  (cost=0.43..6.35 rows=96 width=4)
	  Index Cond: ((id >= 7354344) AND (id <= 7354444))

table 3 : explain SELECT id FROM sbtest3 WHERE id BETWEEN 7354344 AND 7354444
	Index Only Scan using sbtest3_pkey on sbtest3  (cost=0.43..6.47 rows=102 width=4)
	  Index Cond: ((id >= 7354344) AND (id <= 7354444))

table 4 : explain SELECT id FROM sbtest4 WHERE id BETWEEN 7354344 AND 7354444
	Index Only Scan using sbtest4_pkey on sbtest4  (cost=0.43..6.37 rows=97 width=4)
	  Index Cond: ((id >= 7354344) AND (id <= 7354444))

table 5 : explain SELECT id FROM sbtest5 WHERE id BETWEEN 7354344 AND 7354444
	Index Only Scan using sbtest5_pkey on sbtest5  (cost=0.43..6.29 rows=93 width=4)
	  Index Cond: ((id >= 7354344) AND (id <= 7354444))

table 6 : explain SELECT id FROM sbtest6 WHERE id BETWEEN 7354344 AND 7354444
	Index Only Scan using sbtest6_pkey on sbtest6  (cost=0.43..6.33 rows=95 width=4)
	  Index Cond: ((id >= 7354344) AND (id <= 7354444))

table 7 : explain SELECT id FROM sbtest7 WHERE id BETWEEN 7354344 AND 7354444
	Index Only Scan using sbtest7_pkey on sbtest7  (cost=0.43..6.50 rows=103 width=4)
	  Index Cond: ((id >= 7354344) AND (id <= 7354444))

table 8 : explain SELECT id FROM sbtest8 WHERE id BETWEEN 7354344 AND 7354444
	Index Only Scan using sbtest8_pkey on sbtest8  (cost=0.43..6.43 rows=100 width=4)
	  Index Cond: ((id >= 7354344) AND (id <= 7354444))

explain: for range-covered :: explain SELECT id FROM sbtest%d WHERE id BETWEEN 8202207 AND 8202307
explain: for range-covered :: explain SELECT id FROM sbtest%d WHERE id BETWEEN 7354344 AND 7354444
for range-covered
table 1 : explain SELECT id FROM sbtest1 WHERE id BETWEEN 4721515 AND 4721615
	Index Only Scan using sbtest1_pkey on sbtest1  (cost=0.43..6.45 rows=101 width=4)
	  Index Cond: ((id >= 4721515) AND (id <= 4721615))

table 2 : explain SELECT id FROM sbtest2 WHERE id BETWEEN 4721515 AND 4721615
	Index Only Scan using sbtest2_pkey on sbtest2  (cost=0.43..6.29 rows=93 width=4)
	  Index Cond: ((id >= 4721515) AND (id <= 4721615))

table 3 : explain SELECT id FROM sbtest3 WHERE id BETWEEN 4721515 AND 4721615
	Index Only Scan using sbtest3_pkey on sbtest3  (cost=0.43..6.47 rows=102 width=4)
	  Index Cond: ((id >= 4721515) AND (id <= 4721615))

table 4 : explain SELECT id FROM sbtest4 WHERE id BETWEEN 4721515 AND 4721615
	Index Only Scan using sbtest4_pkey on sbtest4  (cost=0.43..6.24 rows=90 width=4)
	  Index Cond: ((id >= 4721515) AND (id <= 4721615))

table 5 : explain SELECT id FROM sbtest5 WHERE id BETWEEN 4721515 AND 4721615
	Index Only Scan using sbtest5_pkey on sbtest5  (cost=0.43..6.37 rows=97 width=4)
	  Index Cond: ((id >= 4721515) AND (id <= 4721615))

table 6 : explain SELECT id FROM sbtest6 WHERE id BETWEEN 4721515 AND 4721615
	Index Only Scan using sbtest6_pkey on sbtest6  (cost=0.43..6.35 rows=96 width=4)
	  Index Cond: ((id >= 4721515) AND (id <= 4721615))

table 7 : explain SELECT id FROM sbtest7 WHERE id BETWEEN 4721515 AND 4721615
	Index Only Scan using sbtest7_pkey on sbtest7  (cost=0.43..6.37 rows=97 width=4)
	  Index Cond: ((id >= 4721515) AND (id <= 4721615))

table 8 : explain SELECT id FROM sbtest8 WHERE id BETWEEN 4721515 AND 4721615
	Index Only Scan using sbtest8_pkey on sbtest8  (cost=0.43..6.50 rows=103 width=4)
	  Index Cond: ((id >= 4721515) AND (id <= 4721615))

for range-covered
table 1 : explain SELECT id FROM sbtest1 WHERE id BETWEEN 2517927 AND 2518027
	Index Only Scan using sbtest1_pkey on sbtest1  (cost=0.43..6.40 rows=98 width=4)
	  Index Cond: ((id >= 2517927) AND (id <= 2518027))

table 2 : explain SELECT id FROM sbtest2 WHERE id BETWEEN 2517927 AND 2518027
	Index Only Scan using sbtest2_pkey on sbtest2  (cost=0.43..6.45 rows=101 width=4)
	  Index Cond: ((id >= 2517927) AND (id <= 2518027))

table 3 : explain SELECT id FROM sbtest3 WHERE id BETWEEN 2517927 AND 2518027
	Index Only Scan using sbtest3_pkey on sbtest3  (cost=0.43..6.42 rows=99 width=4)
	  Index Cond: ((id >= 2517927) AND (id <= 2518027))

table 4 : explain SELECT id FROM sbtest4 WHERE id BETWEEN 2517927 AND 2518027
	Index Only Scan using sbtest4_pkey on sbtest4  (cost=0.43..6.63 rows=110 width=4)
	  Index Cond: ((id >= 2517927) AND (id <= 2518027))

table 5 : explain SELECT id FROM sbtest5 WHERE id BETWEEN 2517927 AND 2518027
	Index Only Scan using sbtest5_pkey on sbtest5  (cost=0.43..6.29 rows=93 width=4)
	  Index Cond: ((id >= 2517927) AND (id <= 2518027))

table 6 : explain SELECT id FROM sbtest6 WHERE id BETWEEN 2517927 AND 2518027
	Index Only Scan using sbtest6_pkey on sbtest6  (cost=0.43..6.50 rows=103 width=4)
	  Index Cond: ((id >= 2517927) AND (id <= 2518027))

table 7 : explain SELECT id FROM sbtest7 WHERE id BETWEEN 2517927 AND 2518027
	Index Only Scan using sbtest7_pkey on sbtest7  (cost=0.43..6.40 rows=98 width=4)
	  Index Cond: ((id >= 2517927) AND (id <= 2518027))

table 8 : explain SELECT id FROM sbtest8 WHERE id BETWEEN 2517927 AND 2518027
	Index Only Scan using sbtest8_pkey on sbtest8  (cost=0.43..6.45 rows=101 width=4)
	  Index Cond: ((id >= 2517927) AND (id <= 2518027))

explain: for range-covered :: explain SELECT id FROM sbtest%d WHERE id BETWEEN 4721515 AND 4721615
for range-covered
table 1 : explain SELECT id FROM sbtest1 WHERE id BETWEEN 5360015 AND 5360115
	Index Only Scan using sbtest1_pkey on sbtest1  (cost=0.43..6.43 rows=100 width=4)
	  Index Cond: ((id >= 5360015) AND (id <= 5360115))

table 2 : explain SELECT id FROM sbtest2 WHERE id BETWEEN 5360015 AND 5360115
	Index Only Scan using sbtest2_pkey on sbtest2  (cost=0.43..6.61 rows=109 width=4)
	  Index Cond: ((id >= 5360015) AND (id <= 5360115))

table 3 : explain SELECT id FROM sbtest3 WHERE id BETWEEN 5360015 AND 5360115
	Index Only Scan using sbtest3_pkey on sbtest3  (cost=0.43..6.53 rows=105 width=4)
	  Index Cond: ((id >= 5360015) AND (id <= 5360115))

table 4 : explain SELECT id FROM sbtest4 WHERE id BETWEEN 5360015 AND 5360115
	Index Only Scan using sbtest4_pkey on sbtest4  (cost=0.43..6.47 rows=102 width=4)
	  Index Cond: ((id >= 5360015) AND (id <= 5360115))

table 5 : explain SELECT id FROM sbtest5 WHERE id BETWEEN 5360015 AND 5360115
	Index Only Scan using sbtest5_pkey on sbtest5  (cost=0.43..6.51 rows=104 width=4)
	  Index Cond: ((id >= 5360015) AND (id <= 5360115))

table 6 : explain SELECT id FROM sbtest6 WHERE id BETWEEN 5360015 AND 5360115
	Index Only Scan using sbtest6_pkey on sbtest6  (cost=0.43..6.45 rows=101 width=4)
	  Index Cond: ((id >= 5360015) AND (id <= 5360115))

table 7 : explain SELECT id FROM sbtest7 WHERE id BETWEEN 5360015 AND 5360115
	Index Only Scan using sbtest7_pkey on sbtest7  (cost=0.43..6.53 rows=105 width=4)
	  Index Cond: ((id >= 5360015) AND (id <= 5360115))

table 8 : explain SELECT id FROM sbtest8 WHERE id BETWEEN 5360015 AND 5360115
	Index Only Scan using sbtest8_pkey on sbtest8  (cost=0.43..6.43 rows=100 width=4)
	  Index Cond: ((id >= 5360015) AND (id <= 5360115))

explain: for range-covered :: explain SELECT id FROM sbtest%d WHERE id BETWEEN 2517927 AND 2518027
explain: for range-covered :: explain SELECT id FROM sbtest%d WHERE id BETWEEN 5360015 AND 5360115
for range-covered
table 1 : explain SELECT id FROM sbtest1 WHERE id BETWEEN 4306131 AND 4306231
	Index Only Scan using sbtest1_pkey on sbtest1  (cost=0.43..6.35 rows=96 width=4)
	  Index Cond: ((id >= 4306131) AND (id <= 4306231))

table 2 : explain SELECT id FROM sbtest2 WHERE id BETWEEN 4306131 AND 4306231
	Index Only Scan using sbtest2_pkey on sbtest2  (cost=0.43..6.32 rows=94 width=4)
	  Index Cond: ((id >= 4306131) AND (id <= 4306231))

table 3 : explain SELECT id FROM sbtest3 WHERE id BETWEEN 4306131 AND 4306231
	Index Only Scan using sbtest3_pkey on sbtest3  (cost=0.43..6.43 rows=100 width=4)
	  Index Cond: ((id >= 4306131) AND (id <= 4306231))

table 4 : explain SELECT id FROM sbtest4 WHERE id BETWEEN 4306131 AND 4306231
	Index Only Scan using sbtest4_pkey on sbtest4  (cost=0.43..6.61 rows=109 width=4)
	  Index Cond: ((id >= 4306131) AND (id <= 4306231))

table 5 : explain SELECT id FROM sbtest5 WHERE id BETWEEN 4306131 AND 4306231
	Index Only Scan using sbtest5_pkey on sbtest5  (cost=0.43..6.40 rows=98 width=4)
	  Index Cond: ((id >= 4306131) AND (id <= 4306231))

table 6 : explain SELECT id FROM sbtest6 WHERE id BETWEEN 4306131 AND 4306231
	Index Only Scan using sbtest6_pkey on sbtest6  (cost=0.43..6.59 rows=108 width=4)
	  Index Cond: ((id >= 4306131) AND (id <= 4306231))

table 7 : explain SELECT id FROM sbtest7 WHERE id BETWEEN 4306131 AND 4306231
	Index Only Scan using sbtest7_pkey on sbtest7  (cost=0.43..6.33 rows=95 width=4)
	  Index Cond: ((id >= 4306131) AND (id <= 4306231))

table 8 : explain SELECT id FROM sbtest8 WHERE id BETWEEN 4306131 AND 4306231
	Index Only Scan using sbtest8_pkey on sbtest8  (cost=0.43..6.40 rows=98 width=4)
	  Index Cond: ((id >= 4306131) AND (id <= 4306231))
for range-covered
table 1 : explain SELECT id FROM sbtest1 WHERE id BETWEEN 3280485 AND 3280585
	Index Only Scan using sbtest1_pkey on sbtest1  (cost=0.43..6.61 rows=109 width=4)
	  Index Cond: ((id >= 3280485) AND (id <= 3280585))

table 2 : explain SELECT id FROM sbtest2 WHERE id BETWEEN 3280485 AND 3280585
	Index Only Scan using sbtest2_pkey on sbtest2  (cost=0.43..6.53 rows=105 width=4)
	  Index Cond: ((id >= 3280485) AND (id <= 3280585))

table 3 : explain SELECT id FROM sbtest3 WHERE id BETWEEN 3280485 AND 3280585
	Index Only Scan using sbtest3_pkey on sbtest3  (cost=0.43..6.63 rows=110 width=4)
	  Index Cond: ((id >= 3280485) AND (id <= 3280585))

table 4 : explain SELECT id FROM sbtest4 WHERE id BETWEEN 3280485 AND 3280585
	Index Only Scan using sbtest4_pkey on sbtest4  (cost=0.43..6.42 rows=99 width=4)
	  Index Cond: ((id >= 3280485) AND (id <= 3280585))

table 5 : explain SELECT id FROM sbtest5 WHERE id BETWEEN 3280485 AND 3280585
	Index Only Scan using sbtest5_pkey on sbtest5  (cost=0.43..6.72 rows=114 width=4)
	  Index Cond: ((id >= 3280485) AND (id <= 3280585))

table 6 : explain SELECT id FROM sbtest6 WHERE id BETWEEN 3280485 AND 3280585
	Index Only Scan using sbtest6_pkey on sbtest6  (cost=0.43..6.37 rows=97 width=4)
	  Index Cond: ((id >= 3280485) AND (id <= 3280585))

table 7 : explain SELECT id FROM sbtest7 WHERE id BETWEEN 3280485 AND 3280585
	Index Only Scan using sbtest7_pkey on sbtest7  (cost=0.43..6.29 rows=93 width=4)
	  Index Cond: ((id >= 3280485) AND (id <= 3280585))

table 8 : explain SELECT id FROM sbtest8 WHERE id BETWEEN 3280485 AND 3280585
	Index Only Scan using sbtest8_pkey on sbtest8  (cost=0.43..6.45 rows=101 width=4)
	  Index Cond: ((id >= 3280485) AND (id <= 3280585))


for range-covered
table 1 : explain SELECT id FROM sbtest1 WHERE id BETWEEN 4237676 AND 4237776
	Index Only Scan using sbtest1_pkey on sbtest1  (cost=0.43..6.35 rows=96 width=4)
	  Index Cond: ((id >= 4237676) AND (id <= 4237776))

table 2 : explain SELECT id FROM sbtest2 WHERE id BETWEEN 4237676 AND 4237776
	Index Only Scan using sbtest2_pkey on sbtest2  (cost=0.43..6.45 rows=101 width=4)
	  Index Cond: ((id >= 4237676) AND (id <= 4237776))

table 3 : explain SELECT id FROM sbtest3 WHERE id BETWEEN 4237676 AND 4237776
	Index Only Scan using sbtest3_pkey on sbtest3  (cost=0.43..6.37 rows=97 width=4)
	  Index Cond: ((id >= 4237676) AND (id <= 4237776))

table 4 : explain SELECT id FROM sbtest4 WHERE id BETWEEN 4237676 AND 4237776
	Index Only Scan using sbtest4_pkey on sbtest4  (cost=0.43..6.51 rows=104 width=4)
	  Index Cond: ((id >= 4237676) AND (id <= 4237776))

table 5 : explain SELECT id FROM sbtest5 WHERE id BETWEEN 4237676 AND 4237776
	Index Only Scan using sbtest5_pkey on sbtest5  (cost=0.43..6.43 rows=100 width=4)
	  Index Cond: ((id >= 4237676) AND (id <= 4237776))

table 6 : explain SELECT id FROM sbtest6 WHERE id BETWEEN 4237676 AND 4237776
	Index Only Scan using sbtest6_pkey on sbtest6  (cost=0.43..6.59 rows=108 width=4)
	  Index Cond: ((id >= 4237676) AND (id <= 4237776))

table 7 : explain SELECT id FROM sbtest7 WHERE id BETWEEN 4237676 AND 4237776
	Index Only Scan using sbtest7_pkey on sbtest7  (cost=0.43..6.51 rows=104 width=4)
	  Index Cond: ((id >= 4237676) AND (id <= 4237776))

table 8 : explain SELECT id FROM sbtest8 WHERE id BETWEEN 4237676 AND 4237776
	Index Only Scan using sbtest8_pkey on sbtest8  (cost=0.43..6.63 rows=110 width=4)
	  Index Cond: ((id >= 4237676) AND (id <= 4237776))

explain: for range-covered :: explain SELECT id FROM sbtest%d WHERE id BETWEEN 3280485 AND 3280585
for range-covered
table 1 : explain SELECT id FROM sbtest1 WHERE id BETWEEN 8202207 AND 8202307
	Index Only Scan using sbtest1_pkey on sbtest1  (cost=0.43..6.40 rows=98 width=4)
	  Index Cond: ((id >= 8202207) AND (id <= 8202307))

table 2 : explain SELECT id FROM sbtest2 WHERE id BETWEEN 8202207 AND 8202307
	Index Only Scan using sbtest2_pkey on sbtest2  (cost=0.43..6.19 rows=88 width=4)
	  Index Cond: ((id >= 8202207) AND (id <= 8202307))

table 3 : explain SELECT id FROM sbtest3 WHERE id BETWEEN 8202207 AND 8202307
	Index Only Scan using sbtest3_pkey on sbtest3  (cost=0.43..6.35 rows=96 width=4)
	  Index Cond: ((id >= 8202207) AND (id <= 8202307))

table 4 : explain SELECT id FROM sbtest4 WHERE id BETWEEN 8202207 AND 8202307
	Index Only Scan using sbtest4_pkey on sbtest4  (cost=0.43..6.33 rows=95 width=4)
	  Index Cond: ((id >= 8202207) AND (id <= 8202307))

table 5 : explain SELECT id FROM sbtest5 WHERE id BETWEEN 8202207 AND 8202307
	Index Only Scan using sbtest5_pkey on sbtest5  (cost=0.43..6.35 rows=96 width=4)
	  Index Cond: ((id >= 8202207) AND (id <= 8202307))

table 6 : explain SELECT id FROM sbtest6 WHERE id BETWEEN 8202207 AND 8202307
	Index Only Scan using sbtest6_pkey on sbtest6  (cost=0.43..6.40 rows=98 width=4)
	  Index Cond: ((id >= 8202207) AND (id <= 8202307))

table 7 : explain SELECT id FROM sbtest7 WHERE id BETWEEN 8202207 AND 8202307
	Index Only Scan using sbtest7_pkey on sbtest7  (cost=0.43..6.59 rows=108 width=4)
	  Index Cond: ((id >= 8202207) AND (id <= 8202307))

table 8 : explain SELECT id FROM sbtest8 WHERE id BETWEEN 8202207 AND 8202307
	Index Only Scan using sbtest8_pkey on sbtest8  (cost=0.43..6.40 rows=98 width=4)
	  Index Cond: ((id >= 8202207) AND (id <= 8202307))

for range-covered
table 1 : explain SELECT id FROM sbtest1 WHERE id BETWEEN 7354344 AND 7354444
	Index Only Scan using sbtest1_pkey on sbtest1  (cost=0.43..6.53 rows=105 width=4)
	  Index Cond: ((id >= 7354344) AND (id <= 7354444))

table 2 : explain SELECT id FROM sbtest2 WHERE id BETWEEN 7354344 AND 7354444
	Index Only Scan using sbtest2_pkey on sbtest2  (cost=0.43..6.35 rows=96 width=4)
	  Index Cond: ((id >= 7354344) AND (id <= 7354444))

table 3 : explain SELECT id FROM sbtest3 WHERE id BETWEEN 7354344 AND 7354444
	Index Only Scan using sbtest3_pkey on sbtest3  (cost=0.43..6.47 rows=102 width=4)
	  Index Cond: ((id >= 7354344) AND (id <= 7354444))

table 4 : explain SELECT id FROM sbtest4 WHERE id BETWEEN 7354344 AND 7354444
	Index Only Scan using sbtest4_pkey on sbtest4  (cost=0.43..6.37 rows=97 width=4)
	  Index Cond: ((id >= 7354344) AND (id <= 7354444))

table 5 : explain SELECT id FROM sbtest5 WHERE id BETWEEN 7354344 AND 7354444
	Index Only Scan using sbtest5_pkey on sbtest5  (cost=0.43..6.29 rows=93 width=4)
	  Index Cond: ((id >= 7354344) AND (id <= 7354444))

table 6 : explain SELECT id FROM sbtest6 WHERE id BETWEEN 7354344 AND 7354444
	Index Only Scan using sbtest6_pkey on sbtest6  (cost=0.43..6.33 rows=95 width=4)
	  Index Cond: ((id >= 7354344) AND (id <= 7354444))

table 7 : explain SELECT id FROM sbtest7 WHERE id BETWEEN 7354344 AND 7354444
	Index Only Scan using sbtest7_pkey on sbtest7  (cost=0.43..6.50 rows=103 width=4)
	  Index Cond: ((id >= 7354344) AND (id <= 7354444))

table 8 : explain SELECT id FROM sbtest8 WHERE id BETWEEN 7354344 AND 7354444
	Index Only Scan using sbtest8_pkey on sbtest8  (cost=0.43..6.43 rows=100 width=4)
	  Index Cond: ((id >= 7354344) AND (id <= 7354444))

explain: for range-covered :: explain SELECT id FROM sbtest%d WHERE id BETWEEN 4306131 AND 4306231
explain: for range-covered :: explain SELECT id FROM sbtest%d WHERE id BETWEEN 8202207 AND 8202307
for range-covered
table 1 : explain SELECT id FROM sbtest1 WHERE id BETWEEN 4721515 AND 4721615
	Index Only Scan using sbtest1_pkey on sbtest1  (cost=0.43..6.45 rows=101 width=4)
	  Index Cond: ((id >= 4721515) AND (id <= 4721615))

table 2 : explain SELECT id FROM sbtest2 WHERE id BETWEEN 4721515 AND 4721615
	Index Only Scan using sbtest2_pkey on sbtest2  (cost=0.43..6.29 rows=93 width=4)
	  Index Cond: ((id >= 4721515) AND (id <= 4721615))

table 3 : explain SELECT id FROM sbtest3 WHERE id BETWEEN 4721515 AND 4721615
	Index Only Scan using sbtest3_pkey on sbtest3  (cost=0.43..6.47 rows=102 width=4)
	  Index Cond: ((id >= 4721515) AND (id <= 4721615))

table 4 : explain SELECT id FROM sbtest4 WHERE id BETWEEN 4721515 AND 4721615
	Index Only Scan using sbtest4_pkey on sbtest4  (cost=0.43..6.24 rows=90 width=4)
	  Index Cond: ((id >= 4721515) AND (id <= 4721615))

table 5 : explain SELECT id FROM sbtest5 WHERE id BETWEEN 4721515 AND 4721615
	Index Only Scan using sbtest5_pkey on sbtest5  (cost=0.43..6.37 rows=97 width=4)
	  Index Cond: ((id >= 4721515) AND (id <= 4721615))

table 6 : explain SELECT id FROM sbtest6 WHERE id BETWEEN 4721515 AND 4721615
	Index Only Scan using sbtest6_pkey on sbtest6  (cost=0.43..6.35 rows=96 width=4)
	  Index Cond: ((id >= 4721515) AND (id <= 4721615))

table 7 : explain SELECT id FROM sbtest7 WHERE id BETWEEN 4721515 AND 4721615
	Index Only Scan using sbtest7_pkey on sbtest7  (cost=0.43..6.37 rows=97 width=4)
	  Index Cond: ((id >= 4721515) AND (id <= 4721615))

table 8 : explain SELECT id FROM sbtest8 WHERE id BETWEEN 4721515 AND 4721615
	Index Only Scan using sbtest8_pkey on sbtest8  (cost=0.43..6.50 rows=103 width=4)
	  Index Cond: ((id >= 4721515) AND (id <= 4721615))

explain: for range-covered :: explain SELECT id FROM sbtest%d WHERE id BETWEEN 4721515 AND 4721615
for range-covered
table 1 : explain SELECT id FROM sbtest1 WHERE id BETWEEN 5360015 AND 5360115
	Index Only Scan using sbtest1_pkey on sbtest1  (cost=0.43..6.43 rows=100 width=4)
	  Index Cond: ((id >= 5360015) AND (id <= 5360115))

table 2 : explain SELECT id FROM sbtest2 WHERE id BETWEEN 5360015 AND 5360115
	Index Only Scan using sbtest2_pkey on sbtest2  (cost=0.43..6.61 rows=109 width=4)
	  Index Cond: ((id >= 5360015) AND (id <= 5360115))

table 3 : explain SELECT id FROM sbtest3 WHERE id BETWEEN 5360015 AND 5360115
	Index Only Scan using sbtest3_pkey on sbtest3  (cost=0.43..6.53 rows=105 width=4)
	  Index Cond: ((id >= 5360015) AND (id <= 5360115))

table 4 : explain SELECT id FROM sbtest4 WHERE id BETWEEN 5360015 AND 5360115
	Index Only Scan using sbtest4_pkey on sbtest4  (cost=0.43..6.47 rows=102 width=4)
	  Index Cond: ((id >= 5360015) AND (id <= 5360115))

table 5 : explain SELECT id FROM sbtest5 WHERE id BETWEEN 5360015 AND 5360115
	Index Only Scan using sbtest5_pkey on sbtest5  (cost=0.43..6.51 rows=104 width=4)
	  Index Cond: ((id >= 5360015) AND (id <= 5360115))

table 6 : explain SELECT id FROM sbtest6 WHERE id BETWEEN 5360015 AND 5360115
	Index Only Scan using sbtest6_pkey on sbtest6  (cost=0.43..6.45 rows=101 width=4)
	  Index Cond: ((id >= 5360015) AND (id <= 5360115))

table 7 : explain SELECT id FROM sbtest7 WHERE id BETWEEN 5360015 AND 5360115
	Index Only Scan using sbtest7_pkey on sbtest7  (cost=0.43..6.53 rows=105 width=4)
	  Index Cond: ((id >= 5360015) AND (id <= 5360115))

table 8 : explain SELECT id FROM sbtest8 WHERE id BETWEEN 5360015 AND 5360115
	Index Only Scan using sbtest8_pkey on sbtest8  (cost=0.43..6.43 rows=100 width=4)
	  Index Cond: ((id >= 5360015) AND (id <= 5360115))

for range-covered
table 1 : explain SELECT id FROM sbtest1 WHERE id BETWEEN 2517927 AND 2518027
	Index Only Scan using sbtest1_pkey on sbtest1  (cost=0.43..6.40 rows=98 width=4)
	  Index Cond: ((id >= 2517927) AND (id <= 2518027))

table 2 : explain SELECT id FROM sbtest2 WHERE id BETWEEN 2517927 AND 2518027
	Index Only Scan using sbtest2_pkey on sbtest2  (cost=0.43..6.45 rows=101 width=4)
	  Index Cond: ((id >= 2517927) AND (id <= 2518027))

table 3 : explain SELECT id FROM sbtest3 WHERE id BETWEEN 2517927 AND 2518027
	Index Only Scan using sbtest3_pkey on sbtest3  (cost=0.43..6.42 rows=99 width=4)
	  Index Cond: ((id >= 2517927) AND (id <= 2518027))

table 4 : explain SELECT id FROM sbtest4 WHERE id BETWEEN 2517927 AND 2518027
	Index Only Scan using sbtest4_pkey on sbtest4  (cost=0.43..6.63 rows=110 width=4)
	  Index Cond: ((id >= 2517927) AND (id <= 2518027))

table 5 : explain SELECT id FROM sbtest5 WHERE id BETWEEN 2517927 AND 2518027
	Index Only Scan using sbtest5_pkey on sbtest5  (cost=0.43..6.29 rows=93 width=4)
	  Index Cond: ((id >= 2517927) AND (id <= 2518027))

table 6 : explain SELECT id FROM sbtest6 WHERE id BETWEEN 2517927 AND 2518027
	Index Only Scan using sbtest6_pkey on sbtest6  (cost=0.43..6.50 rows=103 width=4)
	  Index Cond: ((id >= 2517927) AND (id <= 2518027))

table 7 : explain SELECT id FROM sbtest7 WHERE id BETWEEN 2517927 AND 2518027
	Index Only Scan using sbtest7_pkey on sbtest7  (cost=0.43..6.40 rows=98 width=4)
	  Index Cond: ((id >= 2517927) AND (id <= 2518027))

table 8 : explain SELECT id FROM sbtest8 WHERE id BETWEEN 2517927 AND 2518027
	Index Only Scan using sbtest8_pkey on sbtest8  (cost=0.43..6.45 rows=101 width=4)
	  Index Cond: ((id >= 2517927) AND (id <= 2518027))

explain: for range-covered :: explain SELECT id FROM sbtest%d WHERE id BETWEEN 5360015 AND 5360115
explain: for range-covered :: explain SELECT id FROM sbtest%d WHERE id BETWEEN 2517927 AND 2518027
for range-covered
table 1 : explain SELECT id FROM sbtest1 WHERE id BETWEEN 4540229 AND 4540329
	Index Only Scan using sbtest1_pkey on sbtest1  (cost=0.43..6.45 rows=101 width=4)
	  Index Cond: ((id >= 4540229) AND (id <= 4540329))

table 2 : explain SELECT id FROM sbtest2 WHERE id BETWEEN 4540229 AND 4540329
	Index Only Scan using sbtest2_pkey on sbtest2  (cost=0.43..6.25 rows=91 width=4)
	  Index Cond: ((id >= 4540229) AND (id <= 4540329))

table 3 : explain SELECT id FROM sbtest3 WHERE id BETWEEN 4540229 AND 4540329
	Index Only Scan using sbtest3_pkey on sbtest3  (cost=0.43..6.53 rows=105 width=4)
	  Index Cond: ((id >= 4540229) AND (id <= 4540329))

table 4 : explain SELECT id FROM sbtest4 WHERE id BETWEEN 4540229 AND 4540329
	Index Only Scan using sbtest4_pkey on sbtest4  (cost=0.43..6.40 rows=98 width=4)
	  Index Cond: ((id >= 4540229) AND (id <= 4540329))

table 5 : explain SELECT id FROM sbtest5 WHERE id BETWEEN 4540229 AND 4540329
	Index Only Scan using sbtest5_pkey on sbtest5  (cost=0.43..6.53 rows=105 width=4)
	  Index Cond: ((id >= 4540229) AND (id <= 4540329))

table 6 : explain SELECT id FROM sbtest6 WHERE id BETWEEN 4540229 AND 4540329
	Index Only Scan using sbtest6_pkey on sbtest6  (cost=0.43..6.51 rows=104 width=4)
	  Index Cond: ((id >= 4540229) AND (id <= 4540329))

table 7 : explain SELECT id FROM sbtest7 WHERE id BETWEEN 4540229 AND 4540329
	Index Only Scan using sbtest7_pkey on sbtest7  (cost=0.43..6.33 rows=95 width=4)
	  Index Cond: ((id >= 4540229) AND (id <= 4540329))

table 8 : explain SELECT id FROM sbtest8 WHERE id BETWEEN 4540229 AND 4540329
	Index Only Scan using sbtest8_pkey on sbtest8  (cost=0.43..6.40 rows=98 width=4)
	  Index Cond: ((id >= 4540229) AND (id <= 4540329))

for range-covered
table 1 : explain SELECT id FROM sbtest1 WHERE id BETWEEN 3280485 AND 3280585
	Index Only Scan using sbtest1_pkey on sbtest1  (cost=0.43..6.61 rows=109 width=4)
	  Index Cond: ((id >= 3280485) AND (id <= 3280585))

table 2 : explain SELECT id FROM sbtest2 WHERE id BETWEEN 3280485 AND 3280585
	Index Only Scan using sbtest2_pkey on sbtest2  (cost=0.43..6.53 rows=105 width=4)
	  Index Cond: ((id >= 3280485) AND (id <= 3280585))

table 3 : explain SELECT id FROM sbtest3 WHERE id BETWEEN 3280485 AND 3280585
	Index Only Scan using sbtest3_pkey on sbtest3  (cost=0.43..6.63 rows=110 width=4)
	  Index Cond: ((id >= 3280485) AND (id <= 3280585))

table 4 : explain SELECT id FROM sbtest4 WHERE id BETWEEN 3280485 AND 3280585
	Index Only Scan using sbtest4_pkey on sbtest4  (cost=0.43..6.42 rows=99 width=4)
	  Index Cond: ((id >= 3280485) AND (id <= 3280585))

table 5 : explain SELECT id FROM sbtest5 WHERE id BETWEEN 3280485 AND 3280585
	Index Only Scan using sbtest5_pkey on sbtest5  (cost=0.43..6.72 rows=114 width=4)
	  Index Cond: ((id >= 3280485) AND (id <= 3280585))

table 6 : explain SELECT id FROM sbtest6 WHERE id BETWEEN 3280485 AND 3280585
	Index Only Scan using sbtest6_pkey on sbtest6  (cost=0.43..6.37 rows=97 width=4)
	  Index Cond: ((id >= 3280485) AND (id <= 3280585))

table 7 : explain SELECT id FROM sbtest7 WHERE id BETWEEN 3280485 AND 3280585
	Index Only Scan using sbtest7_pkey on sbtest7  (cost=0.43..6.29 rows=93 width=4)
	  Index Cond: ((id >= 3280485) AND (id <= 3280585))

table 8 : explain SELECT id FROM sbtest8 WHERE id BETWEEN 3280485 AND 3280585
	Index Only Scan using sbtest8_pkey on sbtest8  (cost=0.43..6.45 rows=101 width=4)
	  Index Cond: ((id >= 3280485) AND (id <= 3280585))

explain: for range-covered :: explain SELECT id FROM sbtest%d WHERE id BETWEEN 3280485 AND 3280585
for range-covered
table 1 : explain SELECT id FROM sbtest1 WHERE id BETWEEN 8202207 AND 8202307
	Index Only Scan using sbtest1_pkey on sbtest1  (cost=0.43..6.40 rows=98 width=4)
	  Index Cond: ((id >= 8202207) AND (id <= 8202307))

table 2 : explain SELECT id FROM sbtest2 WHERE id BETWEEN 8202207 AND 8202307
	Index Only Scan using sbtest2_pkey on sbtest2  (cost=0.43..6.19 rows=88 width=4)
	  Index Cond: ((id >= 8202207) AND (id <= 8202307))

table 3 : explain SELECT id FROM sbtest3 WHERE id BETWEEN 8202207 AND 8202307
	Index Only Scan using sbtest3_pkey on sbtest3  (cost=0.43..6.35 rows=96 width=4)
	  Index Cond: ((id >= 8202207) AND (id <= 8202307))

table 4 : explain SELECT id FROM sbtest4 WHERE id BETWEEN 8202207 AND 8202307
	Index Only Scan using sbtest4_pkey on sbtest4  (cost=0.43..6.33 rows=95 width=4)
	  Index Cond: ((id >= 8202207) AND (id <= 8202307))

table 5 : explain SELECT id FROM sbtest5 WHERE id BETWEEN 8202207 AND 8202307
	Index Only Scan using sbtest5_pkey on sbtest5  (cost=0.43..6.35 rows=96 width=4)
	  Index Cond: ((id >= 8202207) AND (id <= 8202307))

table 6 : explain SELECT id FROM sbtest6 WHERE id BETWEEN 8202207 AND 8202307
	Index Only Scan using sbtest6_pkey on sbtest6  (cost=0.43..6.40 rows=98 width=4)
	  Index Cond: ((id >= 8202207) AND (id <= 8202307))

table 7 : explain SELECT id FROM sbtest7 WHERE id BETWEEN 8202207 AND 8202307
	Index Only Scan using sbtest7_pkey on sbtest7  (cost=0.43..6.59 rows=108 width=4)
	  Index Cond: ((id >= 8202207) AND (id <= 8202307))

table 8 : explain SELECT id FROM sbtest8 WHERE id BETWEEN 8202207 AND 8202307
	Index Only Scan using sbtest8_pkey on sbtest8  (cost=0.43..6.40 rows=98 width=4)
	  Index Cond: ((id >= 8202207) AND (id <= 8202307))

explain: for range-covered :: explain SELECT id FROM sbtest%d WHERE id BETWEEN 4540229 AND 4540329
explain: for range-covered :: explain SELECT id FROM sbtest%d WHERE id BETWEEN 8202207 AND 8202307
for range-covered
table 1 : explain SELECT id FROM sbtest1 WHERE id BETWEEN 4721515 AND 4721615
	Index Only Scan using sbtest1_pkey on sbtest1  (cost=0.43..6.45 rows=101 width=4)
	  Index Cond: ((id >= 4721515) AND (id <= 4721615))

table 2 : explain SELECT id FROM sbtest2 WHERE id BETWEEN 4721515 AND 4721615
	Index Only Scan using sbtest2_pkey on sbtest2  (cost=0.43..6.29 rows=93 width=4)
	  Index Cond: ((id >= 4721515) AND (id <= 4721615))

table 3 : explain SELECT id FROM sbtest3 WHERE id BETWEEN 4721515 AND 4721615
	Index Only Scan using sbtest3_pkey on sbtest3  (cost=0.43..6.47 rows=102 width=4)
	  Index Cond: ((id >= 4721515) AND (id <= 4721615))

table 4 : explain SELECT id FROM sbtest4 WHERE id BETWEEN 4721515 AND 4721615
	Index Only Scan using sbtest4_pkey on sbtest4  (cost=0.43..6.24 rows=90 width=4)
	  Index Cond: ((id >= 4721515) AND (id <= 4721615))

table 5 : explain SELECT id FROM sbtest5 WHERE id BETWEEN 4721515 AND 4721615
	Index Only Scan using sbtest5_pkey on sbtest5  (cost=0.43..6.37 rows=97 width=4)
	  Index Cond: ((id >= 4721515) AND (id <= 4721615))

table 6 : explain SELECT id FROM sbtest6 WHERE id BETWEEN 4721515 AND 4721615
	Index Only Scan using sbtest6_pkey on sbtest6  (cost=0.43..6.35 rows=96 width=4)
	  Index Cond: ((id >= 4721515) AND (id <= 4721615))

table 7 : explain SELECT id FROM sbtest7 WHERE id BETWEEN 4721515 AND 4721615
	Index Only Scan using sbtest7_pkey on sbtest7  (cost=0.43..6.37 rows=97 width=4)
	  Index Cond: ((id >= 4721515) AND (id <= 4721615))

table 8 : explain SELECT id FROM sbtest8 WHERE id BETWEEN 4721515 AND 4721615
	Index Only Scan using sbtest8_pkey on sbtest8  (cost=0.43..6.50 rows=103 width=4)
	  Index Cond: ((id >= 4721515) AND (id <= 4721615))

for range-covered
table 1 : explain SELECT id FROM sbtest1 WHERE id BETWEEN 3891084 AND 3891184
	Index Only Scan using sbtest1_pkey on sbtest1  (cost=0.43..6.47 rows=102 width=4)
	  Index Cond: ((id >= 3891084) AND (id <= 3891184))

table 2 : explain SELECT id FROM sbtest2 WHERE id BETWEEN 3891084 AND 3891184
	Index Only Scan using sbtest2_pkey on sbtest2  (cost=0.43..6.50 rows=103 width=4)
	  Index Cond: ((id >= 3891084) AND (id <= 3891184))

table 3 : explain SELECT id FROM sbtest3 WHERE id BETWEEN 3891084 AND 3891184
	Index Only Scan using sbtest3_pkey on sbtest3  (cost=0.43..6.43 rows=100 width=4)
	  Index Cond: ((id >= 3891084) AND (id <= 3891184))

table 4 : explain SELECT id FROM sbtest4 WHERE id BETWEEN 3891084 AND 3891184
	Index Only Scan using sbtest4_pkey on sbtest4  (cost=0.43..6.67 rows=112 width=4)
	  Index Cond: ((id >= 3891084) AND (id <= 3891184))

table 5 : explain SELECT id FROM sbtest5 WHERE id BETWEEN 3891084 AND 3891184
	Index Only Scan using sbtest5_pkey on sbtest5  (cost=0.43..6.35 rows=96 width=4)
	  Index Cond: ((id >= 3891084) AND (id <= 3891184))

table 6 : explain SELECT id FROM sbtest6 WHERE id BETWEEN 3891084 AND 3891184
	Index Only Scan using sbtest6_pkey on sbtest6  (cost=0.43..6.27 rows=92 width=4)
	  Index Cond: ((id >= 3891084) AND (id <= 3891184))

table 7 : explain SELECT id FROM sbtest7 WHERE id BETWEEN 3891084 AND 3891184
	Index Only Scan using sbtest7_pkey on sbtest7  (cost=0.43..6.21 rows=89 width=4)
	  Index Cond: ((id >= 3891084) AND (id <= 3891184))

table 8 : explain SELECT id FROM sbtest8 WHERE id BETWEEN 3891084 AND 3891184
	Index Only Scan using sbtest8_pkey on sbtest8  (cost=0.43..6.42 rows=99 width=4)
	  Index Cond: ((id >= 3891084) AND (id <= 3891184))

explain: for range-covered :: explain SELECT id FROM sbtest%d WHERE id BETWEEN 4721515 AND 4721615
explain: for range-covered :: explain SELECT id FROM sbtest%d WHERE id BETWEEN 3891084 AND 3891184
for range-covered
table 1 : explain SELECT id FROM sbtest1 WHERE id BETWEEN 2517927 AND 2518027
	Index Only Scan using sbtest1_pkey on sbtest1  (cost=0.43..6.40 rows=98 width=4)
	  Index Cond: ((id >= 2517927) AND (id <= 2518027))

table 2 : explain SELECT id FROM sbtest2 WHERE id BETWEEN 2517927 AND 2518027
	Index Only Scan using sbtest2_pkey on sbtest2  (cost=0.43..6.45 rows=101 width=4)
	  Index Cond: ((id >= 2517927) AND (id <= 2518027))

table 3 : explain SELECT id FROM sbtest3 WHERE id BETWEEN 2517927 AND 2518027
	Index Only Scan using sbtest3_pkey on sbtest3  (cost=0.43..6.42 rows=99 width=4)
	  Index Cond: ((id >= 2517927) AND (id <= 2518027))

table 4 : explain SELECT id FROM sbtest4 WHERE id BETWEEN 2517927 AND 2518027
	Index Only Scan using sbtest4_pkey on sbtest4  (cost=0.43..6.63 rows=110 width=4)
	  Index Cond: ((id >= 2517927) AND (id <= 2518027))

table 5 : explain SELECT id FROM sbtest5 WHERE id BETWEEN 2517927 AND 2518027
	Index Only Scan using sbtest5_pkey on sbtest5  (cost=0.43..6.29 rows=93 width=4)
	  Index Cond: ((id >= 2517927) AND (id <= 2518027))

table 6 : explain SELECT id FROM sbtest6 WHERE id BETWEEN 2517927 AND 2518027
	Index Only Scan using sbtest6_pkey on sbtest6  (cost=0.43..6.50 rows=103 width=4)
	  Index Cond: ((id >= 2517927) AND (id <= 2518027))

table 7 : explain SELECT id FROM sbtest7 WHERE id BETWEEN 2517927 AND 2518027
	Index Only Scan using sbtest7_pkey on sbtest7  (cost=0.43..6.40 rows=98 width=4)
	  Index Cond: ((id >= 2517927) AND (id <= 2518027))

table 8 : explain SELECT id FROM sbtest8 WHERE id BETWEEN 2517927 AND 2518027
	Index Only Scan using sbtest8_pkey on sbtest8  (cost=0.43..6.45 rows=101 width=4)
	  Index Cond: ((id >= 2517927) AND (id <= 2518027))

explain: for range-covered :: explain SELECT id FROM sbtest%d WHERE id BETWEEN 4237676 AND 4237776
explain: for range-covered :: explain SELECT id FROM sbtest%d WHERE id BETWEEN 2517927 AND 2518027for range-covered
table 1 : explain SELECT id FROM sbtest1 WHERE id BETWEEN 5360015 AND 5360115
	Index Only Scan using sbtest1_pkey on sbtest1  (cost=0.43..6.43 rows=100 width=4)
	  Index Cond: ((id >= 5360015) AND (id <= 5360115))

table 2 : explain SELECT id FROM sbtest2 WHERE id BETWEEN 5360015 AND 5360115
	Index Only Scan using sbtest2_pkey on sbtest2  (cost=0.43..6.61 rows=109 width=4)
	  Index Cond: ((id >= 5360015) AND (id <= 5360115))

table 3 : explain SELECT id FROM sbtest3 WHERE id BETWEEN 5360015 AND 5360115
	Index Only Scan using sbtest3_pkey on sbtest3  (cost=0.43..6.53 rows=105 width=4)
	  Index Cond: ((id >= 5360015) AND (id <= 5360115))

table 4 : explain SELECT id FROM sbtest4 WHERE id BETWEEN 5360015 AND 5360115
	Index Only Scan using sbtest4_pkey on sbtest4  (cost=0.43..6.47 rows=102 width=4)
	  Index Cond: ((id >= 5360015) AND (id <= 5360115))

table 5 : explain SELECT id FROM sbtest5 WHERE id BETWEEN 5360015 AND 5360115
	Index Only Scan using sbtest5_pkey on sbtest5  (cost=0.43..6.51 rows=104 width=4)
	  Index Cond: ((id >= 5360015) AND (id <= 5360115))

table 6 : explain SELECT id FROM sbtest6 WHERE id BETWEEN 5360015 AND 5360115
	Index Only Scan using sbtest6_pkey on sbtest6  (cost=0.43..6.45 rows=101 width=4)
	  Index Cond: ((id >= 5360015) AND (id <= 5360115))

table 7 : explain SELECT id FROM sbtest7 WHERE id BETWEEN 5360015 AND 5360115
	Index Only Scan using sbtest7_pkey on sbtest7  (cost=0.43..6.53 rows=105 width=4)
	  Index Cond: ((id >= 5360015) AND (id <= 5360115))

table 8 : explain SELECT id FROM sbtest8 WHERE id BETWEEN 5360015 AND 5360115
	Index Only Scan using sbtest8_pkey on sbtest8  (cost=0.43..6.43 rows=100 width=4)
	  Index Cond: ((id >= 5360015) AND (id <= 5360115))


explain: for range-covered :: explain SELECT id FROM sbtest%d WHERE id BETWEEN 6106679 AND 6106779
explain: for range-covered :: explain SELECT id FROM sbtest%d WHERE id BETWEEN 3963328 AND 3963428
for range-covered
table 1 : explain SELECT id FROM sbtest1 WHERE id BETWEEN 8202207 AND 8202307
	Index Only Scan using sbtest1_pkey on sbtest1  (cost=0.43..6.40 rows=98 width=4)
	  Index Cond: ((id >= 8202207) AND (id <= 8202307))

table 2 : explain SELECT id FROM sbtest2 WHERE id BETWEEN 8202207 AND 8202307
	Index Only Scan using sbtest2_pkey on sbtest2  (cost=0.43..6.19 rows=88 width=4)
	  Index Cond: ((id >= 8202207) AND (id <= 8202307))

table 3 : explain SELECT id FROM sbtest3 WHERE id BETWEEN 8202207 AND 8202307
	Index Only Scan using sbtest3_pkey on sbtest3  (cost=0.43..6.35 rows=96 width=4)
	  Index Cond: ((id >= 8202207) AND (id <= 8202307))

table 4 : explain SELECT id FROM sbtest4 WHERE id BETWEEN 8202207 AND 8202307
	Index Only Scan using sbtest4_pkey on sbtest4  (cost=0.43..6.33 rows=95 width=4)
	  Index Cond: ((id >= 8202207) AND (id <= 8202307))

table 5 : explain SELECT id FROM sbtest5 WHERE id BETWEEN 8202207 AND 8202307
	Index Only Scan using sbtest5_pkey on sbtest5  (cost=0.43..6.35 rows=96 width=4)
	  Index Cond: ((id >= 8202207) AND (id <= 8202307))

table 6 : explain SELECT id FROM sbtest6 WHERE id BETWEEN 8202207 AND 8202307
	Index Only Scan using sbtest6_pkey on sbtest6  (cost=0.43..6.40 rows=98 width=4)
	  Index Cond: ((id >= 8202207) AND (id <= 8202307))

table 7 : explain SELECT id FROM sbtest7 WHERE id BETWEEN 8202207 AND 8202307
	Index Only Scan using sbtest7_pkey on sbtest7  (cost=0.43..6.59 rows=108 width=4)
	  Index Cond: ((id >= 8202207) AND (id <= 8202307))

table 8 : explain SELECT id FROM sbtest8 WHERE id BETWEEN 8202207 AND 8202307
	Index Only Scan using sbtest8_pkey on sbtest8  (cost=0.43..6.40 rows=98 width=4)
	  Index Cond: ((id >= 8202207) AND (id <= 8202307))

explain: for range-covered :: explain SELECT id FROM sbtest%d WHERE id BETWEEN 8202207 AND 8202307
for range-covered
table 1 : explain SELECT id FROM sbtest1 WHERE id BETWEEN 4721515 AND 4721615
	Index Only Scan using sbtest1_pkey on sbtest1  (cost=0.43..6.45 rows=101 width=4)
	  Index Cond: ((id >= 4721515) AND (id <= 4721615))

table 2 : explain SELECT id FROM sbtest2 WHERE id BETWEEN 4721515 AND 4721615
	Index Only Scan using sbtest2_pkey on sbtest2  (cost=0.43..6.29 rows=93 width=4)
	  Index Cond: ((id >= 4721515) AND (id <= 4721615))

table 3 : explain SELECT id FROM sbtest3 WHERE id BETWEEN 4721515 AND 4721615
	Index Only Scan using sbtest3_pkey on sbtest3  (cost=0.43..6.47 rows=102 width=4)
	  Index Cond: ((id >= 4721515) AND (id <= 4721615))

table 4 : explain SELECT id FROM sbtest4 WHERE id BETWEEN 4721515 AND 4721615
	Index Only Scan using sbtest4_pkey on sbtest4  (cost=0.43..6.24 rows=90 width=4)
	  Index Cond: ((id >= 4721515) AND (id <= 4721615))

table 5 : explain SELECT id FROM sbtest5 WHERE id BETWEEN 4721515 AND 4721615
	Index Only Scan using sbtest5_pkey on sbtest5  (cost=0.43..6.37 rows=97 width=4)
	  Index Cond: ((id >= 4721515) AND (id <= 4721615))

table 6 : explain SELECT id FROM sbtest6 WHERE id BETWEEN 4721515 AND 4721615
	Index Only Scan using sbtest6_pkey on sbtest6  (cost=0.43..6.35 rows=96 width=4)
	  Index Cond: ((id >= 4721515) AND (id <= 4721615))

table 7 : explain SELECT id FROM sbtest7 WHERE id BETWEEN 4721515 AND 4721615
	Index Only Scan using sbtest7_pkey on sbtest7  (cost=0.43..6.37 rows=97 width=4)
	  Index Cond: ((id >= 4721515) AND (id <= 4721615))

table 8 : explain SELECT id FROM sbtest8 WHERE id BETWEEN 4721515 AND 4721615
	Index Only Scan using sbtest8_pkey on sbtest8  (cost=0.43..6.50 rows=103 width=4)
	  Index Cond: ((id >= 4721515) AND (id <= 4721615))

for range-covered
table 1 : explain SELECT id FROM sbtest1 WHERE id BETWEEN 4306131 AND 4306231
	Index Only Scan using sbtest1_pkey on sbtest1  (cost=0.43..6.35 rows=96 width=4)
	  Index Cond: ((id >= 4306131) AND (id <= 4306231))

table 2 : explain SELECT id FROM sbtest2 WHERE id BETWEEN 4306131 AND 4306231
	Index Only Scan using sbtest2_pkey on sbtest2  (cost=0.43..6.32 rows=94 width=4)
	  Index Cond: ((id >= 4306131) AND (id <= 4306231))

table 3 : explain SELECT id FROM sbtest3 WHERE id BETWEEN 4306131 AND 4306231
	Index Only Scan using sbtest3_pkey on sbtest3  (cost=0.43..6.43 rows=100 width=4)
	  Index Cond: ((id >= 4306131) AND (id <= 4306231))

table 4 : explain SELECT id FROM sbtest4 WHERE id BETWEEN 4306131 AND 4306231
	Index Only Scan using sbtest4_pkey on sbtest4  (cost=0.43..6.61 rows=109 width=4)
	  Index Cond: ((id >= 4306131) AND (id <= 4306231))

table 5 : explain SELECT id FROM sbtest5 WHERE id BETWEEN 4306131 AND 4306231
	Index Only Scan using sbtest5_pkey on sbtest5  (cost=0.43..6.40 rows=98 width=4)
	  Index Cond: ((id >= 4306131) AND (id <= 4306231))

table 6 : explain SELECT id FROM sbtest6 WHERE id BETWEEN 4306131 AND 4306231
	Index Only Scan using sbtest6_pkey on sbtest6  (cost=0.43..6.59 rows=108 width=4)
	  Index Cond: ((id >= 4306131) AND (id <= 4306231))

table 7 : explain SELECT id FROM sbtest7 WHERE id BETWEEN 4306131 AND 4306231
	Index Only Scan using sbtest7_pkey on sbtest7  (cost=0.43..6.33 rows=95 width=4)
	  Index Cond: ((id >= 4306131) AND (id <= 4306231))

table 8 : explain SELECT id FROM sbtest8 WHERE id BETWEEN 4306131 AND 4306231
	Index Only Scan using sbtest8_pkey on sbtest8  (cost=0.43..6.40 rows=98 width=4)
	  Index Cond: ((id >= 4306131) AND (id <= 4306231))

explain: for range-covered :: explain SELECT id FROM sbtest%d WHERE id BETWEEN 4721515 AND 4721615
for range-covered
table 1 : explain SELECT id FROM sbtest1 WHERE id BETWEEN 3891084 AND 3891184
	Index Only Scan using sbtest1_pkey on sbtest1  (cost=0.43..6.47 rows=102 width=4)
	  Index Cond: ((id >= 3891084) AND (id <= 3891184))

table 2 : explain SELECT id FROM sbtest2 WHERE id BETWEEN 3891084 AND 3891184
	Index Only Scan using sbtest2_pkey on sbtest2  (cost=0.43..6.50 rows=103 width=4)
	  Index Cond: ((id >= 3891084) AND (id <= 3891184))

table 3 : explain SELECT id FROM sbtest3 WHERE id BETWEEN 3891084 AND 3891184
	Index Only Scan using sbtest3_pkey on sbtest3  (cost=0.43..6.43 rows=100 width=4)
	  Index Cond: ((id >= 3891084) AND (id <= 3891184))

table 4 : explain SELECT id FROM sbtest4 WHERE id BETWEEN 3891084 AND 3891184
	Index Only Scan using sbtest4_pkey on sbtest4  (cost=0.43..6.67 rows=112 width=4)
	  Index Cond: ((id >= 3891084) AND (id <= 3891184))

table 5 : explain SELECT id FROM sbtest5 WHERE id BETWEEN 3891084 AND 3891184
	Index Only Scan using sbtest5_pkey on sbtest5  (cost=0.43..6.35 rows=96 width=4)
	  Index Cond: ((id >= 3891084) AND (id <= 3891184))

table 6 : explain SELECT id FROM sbtest6 WHERE id BETWEEN 3891084 AND 3891184
	Index Only Scan using sbtest6_pkey on sbtest6  (cost=0.43..6.27 rows=92 width=4)
	  Index Cond: ((id >= 3891084) AND (id <= 3891184))

table 7 : explain SELECT id FROM sbtest7 WHERE id BETWEEN 3891084 AND 3891184
	Index Only Scan using sbtest7_pkey on sbtest7  (cost=0.43..6.21 rows=89 width=4)
	  Index Cond: ((id >= 3891084) AND (id <= 3891184))

table 8 : explain SELECT id FROM sbtest8 WHERE id BETWEEN 3891084 AND 3891184
	Index Only Scan using sbtest8_pkey on sbtest8  (cost=0.43..6.42 rows=99 width=4)
	  Index Cond: ((id >= 3891084) AND (id <= 3891184))

for range-covered
table 1 : explain SELECT id FROM sbtest1 WHERE id BETWEEN 2517927 AND 2518027
	Index Only Scan using sbtest1_pkey on sbtest1  (cost=0.43..6.40 rows=98 width=4)
	  Index Cond: ((id >= 2517927) AND (id <= 2518027))

table 2 : explain SELECT id FROM sbtest2 WHERE id BETWEEN 2517927 AND 2518027
	Index Only Scan using sbtest2_pkey on sbtest2  (cost=0.43..6.45 rows=101 width=4)
	  Index Cond: ((id >= 2517927) AND (id <= 2518027))

table 3 : explain SELECT id FROM sbtest3 WHERE id BETWEEN 2517927 AND 2518027
	Index Only Scan using sbtest3_pkey on sbtest3  (cost=0.43..6.42 rows=99 width=4)
	  Index Cond: ((id >= 2517927) AND (id <= 2518027))

table 4 : explain SELECT id FROM sbtest4 WHERE id BETWEEN 2517927 AND 2518027
	Index Only Scan using sbtest4_pkey on sbtest4  (cost=0.43..6.63 rows=110 width=4)
	  Index Cond: ((id >= 2517927) AND (id <= 2518027))

table 5 : explain SELECT id FROM sbtest5 WHERE id BETWEEN 2517927 AND 2518027
	Index Only Scan using sbtest5_pkey on sbtest5  (cost=0.43..6.29 rows=93 width=4)
	  Index Cond: ((id >= 2517927) AND (id <= 2518027))

table 6 : explain SELECT id FROM sbtest6 WHERE id BETWEEN 2517927 AND 2518027
	Index Only Scan using sbtest6_pkey on sbtest6  (cost=0.43..6.50 rows=103 width=4)
	  Index Cond: ((id >= 2517927) AND (id <= 2518027))

table 7 : explain SELECT id FROM sbtest7 WHERE id BETWEEN 2517927 AND 2518027
	Index Only Scan using sbtest7_pkey on sbtest7  (cost=0.43..6.40 rows=98 width=4)
	  Index Cond: ((id >= 2517927) AND (id <= 2518027))

table 8 : explain SELECT id FROM sbtest8 WHERE id BETWEEN 2517927 AND 2518027
	Index Only Scan using sbtest8_pkey on sbtest8  (cost=0.43..6.45 rows=101 width=4)
	  Index Cond: ((id >= 2517927) AND (id <= 2518027))

explain: for range-covered :: explain SELECT id FROM sbtest%d WHERE id BETWEEN 3891084 AND 3891184
explain: for range-covered :: explain SELECT id FROM sbtest%d WHERE id BETWEEN 4306131 AND 4306231
explain: for range-covered :: explain SELECT id FROM sbtest%d WHERE id BETWEEN 2517927 AND 2518027
for range-covered
table 1 : explain SELECT id FROM sbtest1 WHERE id BETWEEN 3280485 AND 3280585
	Index Only Scan using sbtest1_pkey on sbtest1  (cost=0.43..6.61 rows=109 width=4)
	  Index Cond: ((id >= 3280485) AND (id <= 3280585))

table 2 : explain SELECT id FROM sbtest2 WHERE id BETWEEN 3280485 AND 3280585
	Index Only Scan using sbtest2_pkey on sbtest2  (cost=0.43..6.53 rows=105 width=4)
	  Index Cond: ((id >= 3280485) AND (id <= 3280585))

table 3 : explain SELECT id FROM sbtest3 WHERE id BETWEEN 3280485 AND 3280585
	Index Only Scan using sbtest3_pkey on sbtest3  (cost=0.43..6.63 rows=110 width=4)
	  Index Cond: ((id >= 3280485) AND (id <= 3280585))

table 4 : explain SELECT id FROM sbtest4 WHERE id BETWEEN 3280485 AND 3280585
	Index Only Scan using sbtest4_pkey on sbtest4  (cost=0.43..6.42 rows=99 width=4)
	  Index Cond: ((id >= 3280485) AND (id <= 3280585))

table 5 : explain SELECT id FROM sbtest5 WHERE id BETWEEN 3280485 AND 3280585
	Index Only Scan using sbtest5_pkey on sbtest5  (cost=0.43..6.72 rows=114 width=4)
	  Index Cond: ((id >= 3280485) AND (id <= 3280585))

table 6 : explain SELECT id FROM sbtest6 WHERE id BETWEEN 3280485 AND 3280585
	Index Only Scan using sbtest6_pkey on sbtest6  (cost=0.43..6.37 rows=97 width=4)
	  Index Cond: ((id >= 3280485) AND (id <= 3280585))

table 7 : explain SELECT id FROM sbtest7 WHERE id BETWEEN 3280485 AND 3280585
	Index Only Scan using sbtest7_pkey on sbtest7  (cost=0.43..6.29 rows=93 width=4)
	  Index Cond: ((id >= 3280485) AND (id <= 3280585))

table 8 : explain SELECT id FROM sbtest8 WHERE id BETWEEN 3280485 AND 3280585
	Index Only Scan using sbtest8_pkey on sbtest8  (cost=0.43..6.45 rows=101 width=4)
	  Index Cond: ((id >= 3280485) AND (id <= 3280585))

explain: for range-covered :: explain SELECT id FROM sbtest%d WHERE id BETWEEN 3280485 AND 3280585
for range-covered
table 1 : explain SELECT id FROM sbtest1 WHERE id BETWEEN 4540229 AND 4540329
	Index Only Scan using sbtest1_pkey on sbtest1  (cost=0.43..6.45 rows=101 width=4)
	  Index Cond: ((id >= 4540229) AND (id <= 4540329))

table 2 : explain SELECT id FROM sbtest2 WHERE id BETWEEN 4540229 AND 4540329
	Index Only Scan using sbtest2_pkey on sbtest2  (cost=0.43..6.25 rows=91 width=4)
	  Index Cond: ((id >= 4540229) AND (id <= 4540329))

table 3 : explain SELECT id FROM sbtest3 WHERE id BETWEEN 4540229 AND 4540329
	Index Only Scan using sbtest3_pkey on sbtest3  (cost=0.43..6.53 rows=105 width=4)
	  Index Cond: ((id >= 4540229) AND (id <= 4540329))

table 4 : explain SELECT id FROM sbtest4 WHERE id BETWEEN 4540229 AND 4540329
	Index Only Scan using sbtest4_pkey on sbtest4  (cost=0.43..6.40 rows=98 width=4)
	  Index Cond: ((id >= 4540229) AND (id <= 4540329))

table 5 : explain SELECT id FROM sbtest5 WHERE id BETWEEN 4540229 AND 4540329
	Index Only Scan using sbtest5_pkey on sbtest5  (cost=0.43..6.53 rows=105 width=4)
	  Index Cond: ((id >= 4540229) AND (id <= 4540329))

table 6 : explain SELECT id FROM sbtest6 WHERE id BETWEEN 4540229 AND 4540329
	Index Only Scan using sbtest6_pkey on sbtest6  (cost=0.43..6.51 rows=104 width=4)
	  Index Cond: ((id >= 4540229) AND (id <= 4540329))

table 7 : explain SELECT id FROM sbtest7 WHERE id BETWEEN 4540229 AND 4540329
	Index Only Scan using sbtest7_pkey on sbtest7  (cost=0.43..6.33 rows=95 width=4)
	  Index Cond: ((id >= 4540229) AND (id <= 4540329))

table 8 : explain SELECT id FROM sbtest8 WHERE id BETWEEN 4540229 AND 4540329
	Index Only Scan using sbtest8_pkey on sbtest8  (cost=0.43..6.40 rows=98 width=4)
	  Index Cond: ((id >= 4540229) AND (id <= 4540329))

for range-covered
table 1 : explain SELECT id FROM sbtest1 WHERE id BETWEEN 8202207 AND 8202307
	Index Only Scan using sbtest1_pkey on sbtest1  (cost=0.43..6.40 rows=98 width=4)
	  Index Cond: ((id >= 8202207) AND (id <= 8202307))

table 2 : explain SELECT id FROM sbtest2 WHERE id BETWEEN 8202207 AND 8202307
	Index Only Scan using sbtest2_pkey on sbtest2  (cost=0.43..6.19 rows=88 width=4)
	  Index Cond: ((id >= 8202207) AND (id <= 8202307))

table 3 : explain SELECT id FROM sbtest3 WHERE id BETWEEN 8202207 AND 8202307
	Index Only Scan using sbtest3_pkey on sbtest3  (cost=0.43..6.35 rows=96 width=4)
	  Index Cond: ((id >= 8202207) AND (id <= 8202307))

table 4 : explain SELECT id FROM sbtest4 WHERE id BETWEEN 8202207 AND 8202307
	Index Only Scan using sbtest4_pkey on sbtest4  (cost=0.43..6.33 rows=95 width=4)
	  Index Cond: ((id >= 8202207) AND (id <= 8202307))

table 5 : explain SELECT id FROM sbtest5 WHERE id BETWEEN 8202207 AND 8202307
	Index Only Scan using sbtest5_pkey on sbtest5  (cost=0.43..6.35 rows=96 width=4)
	  Index Cond: ((id >= 8202207) AND (id <= 8202307))

table 6 : explain SELECT id FROM sbtest6 WHERE id BETWEEN 8202207 AND 8202307
	Index Only Scan using sbtest6_pkey on sbtest6  (cost=0.43..6.40 rows=98 width=4)
	  Index Cond: ((id >= 8202207) AND (id <= 8202307))

table 7 : explain SELECT id FROM sbtest7 WHERE id BETWEEN 8202207 AND 8202307
	Index Only Scan using sbtest7_pkey on sbtest7  (cost=0.43..6.59 rows=108 width=4)
	  Index Cond: ((id >= 8202207) AND (id <= 8202307))

table 8 : explain SELECT id FROM sbtest8 WHERE id BETWEEN 8202207 AND 8202307
	Index Only Scan using sbtest8_pkey on sbtest8  (cost=0.43..6.40 rows=98 width=4)
	  Index Cond: ((id >= 8202207) AND (id <= 8202307))

for range-covered
table 1 : explain SELECT id FROM sbtest1 WHERE id BETWEEN 4721515 AND 4721615
	Index Only Scan using sbtest1_pkey on sbtest1  (cost=0.43..6.45 rows=101 width=4)
	  Index Cond: ((id >= 4721515) AND (id <= 4721615))

table 2 : explain SELECT id FROM sbtest2 WHERE id BETWEEN 4721515 AND 4721615
	Index Only Scan using sbtest2_pkey on sbtest2  (cost=0.43..6.29 rows=93 width=4)
	  Index Cond: ((id >= 4721515) AND (id <= 4721615))

table 3 : explain SELECT id FROM sbtest3 WHERE id BETWEEN 4721515 AND 4721615
	Index Only Scan using sbtest3_pkey on sbtest3  (cost=0.43..6.47 rows=102 width=4)
	  Index Cond: ((id >= 4721515) AND (id <= 4721615))

table 4 : explain SELECT id FROM sbtest4 WHERE id BETWEEN 4721515 AND 4721615
	Index Only Scan using sbtest4_pkey on sbtest4  (cost=0.43..6.24 rows=90 width=4)
	  Index Cond: ((id >= 4721515) AND (id <= 4721615))

table 5 : explain SELECT id FROM sbtest5 WHERE id BETWEEN 4721515 AND 4721615
	Index Only Scan using sbtest5_pkey on sbtest5  (cost=0.43..6.37 rows=97 width=4)
	  Index Cond: ((id >= 4721515) AND (id <= 4721615))

table 6 : explain SELECT id FROM sbtest6 WHERE id BETWEEN 4721515 AND 4721615
	Index Only Scan using sbtest6_pkey on sbtest6  (cost=0.43..6.35 rows=96 width=4)
	  Index Cond: ((id >= 4721515) AND (id <= 4721615))

table 7 : explain SELECT id FROM sbtest7 WHERE id BETWEEN 4721515 AND 4721615
	Index Only Scan using sbtest7_pkey on sbtest7  (cost=0.43..6.37 rows=97 width=4)
	  Index Cond: ((id >= 4721515) AND (id <= 4721615))

table 8 : explain SELECT id FROM sbtest8 WHERE id BETWEEN 4721515 AND 4721615
	Index Only Scan using sbtest8_pkey on sbtest8  (cost=0.43..6.50 rows=103 width=4)
	  Index Cond: ((id >= 4721515) AND (id <= 4721615))

explain: for range-covered :: explain SELECT id FROM sbtest%d WHERE id BETWEEN 4540229 AND 4540329
explain: for range-covered :: explain SELECT id FROM sbtest%d WHERE id BETWEEN 8202207 AND 8202307
explain: for range-covered :: explain SELECT id FROM sbtest%d WHERE id BETWEEN 4721515 AND 4721615
for range-covered
table 1 : explain SELECT id FROM sbtest1 WHERE id BETWEEN 3891084 AND 3891184
	Index Only Scan using sbtest1_pkey on sbtest1  (cost=0.43..6.47 rows=102 width=4)
	  Index Cond: ((id >= 3891084) AND (id <= 3891184))

table 2 : explain SELECT id FROM sbtest2 WHERE id BETWEEN 3891084 AND 3891184
	Index Only Scan using sbtest2_pkey on sbtest2  (cost=0.43..6.50 rows=103 width=4)
	  Index Cond: ((id >= 3891084) AND (id <= 3891184))

table 3 : explain SELECT id FROM sbtest3 WHERE id BETWEEN 3891084 AND 3891184
	Index Only Scan using sbtest3_pkey on sbtest3  (cost=0.43..6.43 rows=100 width=4)
	  Index Cond: ((id >= 3891084) AND (id <= 3891184))

table 4 : explain SELECT id FROM sbtest4 WHERE id BETWEEN 3891084 AND 3891184
	Index Only Scan using sbtest4_pkey on sbtest4  (cost=0.43..6.67 rows=112 width=4)
	  Index Cond: ((id >= 3891084) AND (id <= 3891184))

table 5 : explain SELECT id FROM sbtest5 WHERE id BETWEEN 3891084 AND 3891184
	Index Only Scan using sbtest5_pkey on sbtest5  (cost=0.43..6.35 rows=96 width=4)
	  Index Cond: ((id >= 3891084) AND (id <= 3891184))

table 6 : explain SELECT id FROM sbtest6 WHERE id BETWEEN 3891084 AND 3891184
	Index Only Scan using sbtest6_pkey on sbtest6  (cost=0.43..6.27 rows=92 width=4)
	  Index Cond: ((id >= 3891084) AND (id <= 3891184))

table 7 : explain SELECT id FROM sbtest7 WHERE id BETWEEN 3891084 AND 3891184
	Index Only Scan using sbtest7_pkey on sbtest7  (cost=0.43..6.21 rows=89 width=4)
	  Index Cond: ((id >= 3891084) AND (id <= 3891184))

table 8 : explain SELECT id FROM sbtest8 WHERE id BETWEEN 3891084 AND 3891184
	Index Only Scan using sbtest8_pkey on sbtest8  (cost=0.43..6.42 rows=99 width=4)
	  Index Cond: ((id >= 3891084) AND (id <= 3891184))

for range-covered
table 1 : explain SELECT id FROM sbtest1 WHERE id BETWEEN 2517927 AND 2518027
	Index Only Scan using sbtest1_pkey on sbtest1  (cost=0.43..6.40 rows=98 width=4)
	  Index Cond: ((id >= 2517927) AND (id <= 2518027))

table 2 : explain SELECT id FROM sbtest2 WHERE id BETWEEN 2517927 AND 2518027
	Index Only Scan using sbtest2_pkey on sbtest2  (cost=0.43..6.45 rows=101 width=4)
	  Index Cond: ((id >= 2517927) AND (id <= 2518027))

table 3 : explain SELECT id FROM sbtest3 WHERE id BETWEEN 2517927 AND 2518027
	Index Only Scan using sbtest3_pkey on sbtest3  (cost=0.43..6.42 rows=99 width=4)
	  Index Cond: ((id >= 2517927) AND (id <= 2518027))

table 4 : explain SELECT id FROM sbtest4 WHERE id BETWEEN 2517927 AND 2518027
	Index Only Scan using sbtest4_pkey on sbtest4  (cost=0.43..6.63 rows=110 width=4)
	  Index Cond: ((id >= 2517927) AND (id <= 2518027))

table 5 : explain SELECT id FROM sbtest5 WHERE id BETWEEN 2517927 AND 2518027
	Index Only Scan using sbtest5_pkey on sbtest5  (cost=0.43..6.29 rows=93 width=4)
	  Index Cond: ((id >= 2517927) AND (id <= 2518027))

table 6 : explain SELECT id FROM sbtest6 WHERE id BETWEEN 2517927 AND 2518027
	Index Only Scan using sbtest6_pkey on sbtest6  (cost=0.43..6.50 rows=103 width=4)
	  Index Cond: ((id >= 2517927) AND (id <= 2518027))

table 7 : explain SELECT id FROM sbtest7 WHERE id BETWEEN 2517927 AND 2518027
	Index Only Scan using sbtest7_pkey on sbtest7  (cost=0.43..6.40 rows=98 width=4)
	  Index Cond: ((id >= 2517927) AND (id <= 2518027))

table 8 : explain SELECT id FROM sbtest8 WHERE id BETWEEN 2517927 AND 2518027
	Index Only Scan using sbtest8_pkey on sbtest8  (cost=0.43..6.45 rows=101 width=4)
	  Index Cond: ((id >= 2517927) AND (id <= 2518027))

for range-covered
table 1 : explain SELECT id FROM sbtest1 WHERE id BETWEEN 4237676 AND 4237776
	Index Only Scan using sbtest1_pkey on sbtest1  (cost=0.43..6.35 rows=96 width=4)
	  Index Cond: ((id >= 4237676) AND (id <= 4237776))

table 2 : explain SELECT id FROM sbtest2 WHERE id BETWEEN 4237676 AND 4237776
	Index Only Scan using sbtest2_pkey on sbtest2  (cost=0.43..6.45 rows=101 width=4)
	  Index Cond: ((id >= 4237676) AND (id <= 4237776))

table 3 : explain SELECT id FROM sbtest3 WHERE id BETWEEN 4237676 AND 4237776
	Index Only Scan using sbtest3_pkey on sbtest3  (cost=0.43..6.37 rows=97 width=4)
	  Index Cond: ((id >= 4237676) AND (id <= 4237776))

table 4 : explain SELECT id FROM sbtest4 WHERE id BETWEEN 4237676 AND 4237776
	Index Only Scan using sbtest4_pkey on sbtest4  (cost=0.43..6.51 rows=104 width=4)
	  Index Cond: ((id >= 4237676) AND (id <= 4237776))

table 5 : explain SELECT id FROM sbtest5 WHERE id BETWEEN 4237676 AND 4237776
	Index Only Scan using sbtest5_pkey on sbtest5  (cost=0.43..6.43 rows=100 width=4)
	  Index Cond: ((id >= 4237676) AND (id <= 4237776))

table 6 : explain SELECT id FROM sbtest6 WHERE id BETWEEN 4237676 AND 4237776
	Index Only Scan using sbtest6_pkey on sbtest6  (cost=0.43..6.59 rows=108 width=4)
	  Index Cond: ((id >= 4237676) AND (id <= 4237776))

table 7 : explain SELECT id FROM sbtest7 WHERE id BETWEEN 4237676 AND 4237776
	Index Only Scan using sbtest7_pkey on sbtest7  (cost=0.43..6.51 rows=104 width=4)
	  Index Cond: ((id >= 4237676) AND (id <= 4237776))

table 8 : explain SELECT id FROM sbtest8 WHERE id BETWEEN 4237676 AND 4237776
	Index Only Scan using sbtest8_pkey on sbtest8  (cost=0.43..6.63 rows=110 width=4)
	  Index Cond: ((id >= 4237676) AND (id <= 4237776))

explain: for range-covered :: explain SELECT id FROM sbtest%d WHERE id BETWEEN 3891084 AND 3891184
for range-covered
table 1 : explain SELECT id FROM sbtest1 WHERE id BETWEEN 5585089 AND 5585189
	Index Only Scan using sbtest1_pkey on sbtest1  (cost=0.43..6.56 rows=106 width=4)
	  Index Cond: ((id >= 5585089) AND (id <= 5585189))

table 2 : explain SELECT id FROM sbtest2 WHERE id BETWEEN 5585089 AND 5585189
	Index Only Scan using sbtest2_pkey on sbtest2  (cost=0.43..6.42 rows=99 width=4)
	  Index Cond: ((id >= 5585089) AND (id <= 5585189))

table 3 : explain SELECT id FROM sbtest3 WHERE id BETWEEN 5585089 AND 5585189
	Index Only Scan using sbtest3_pkey on sbtest3  (cost=0.43..6.35 rows=96 width=4)
	  Index Cond: ((id >= 5585089) AND (id <= 5585189))

table 4 : explain SELECT id FROM sbtest4 WHERE id BETWEEN 5585089 AND 5585189
	Index Only Scan using sbtest4_pkey on sbtest4  (cost=0.43..6.25 rows=91 width=4)
	  Index Cond: ((id >= 5585089) AND (id <= 5585189))

table 5 : explain SELECT id FROM sbtest5 WHERE id BETWEEN 5585089 AND 5585189
	Index Only Scan using sbtest5_pkey on sbtest5  (cost=0.43..6.45 rows=101 width=4)
	  Index Cond: ((id >= 5585089) AND (id <= 5585189))

table 6 : explain SELECT id FROM sbtest6 WHERE id BETWEEN 5585089 AND 5585189
	Index Only Scan using sbtest6_pkey on sbtest6  (cost=0.43..6.58 rows=107 width=4)
	  Index Cond: ((id >= 5585089) AND (id <= 5585189))

table 7 : explain SELECT id FROM sbtest7 WHERE id BETWEEN 5585089 AND 5585189
	Index Only Scan using sbtest7_pkey on sbtest7  (cost=0.43..6.51 rows=104 width=4)
	  Index Cond: ((id >= 5585089) AND (id <= 5585189))

table 8 : explain SELECT id FROM sbtest8 WHERE id BETWEEN 5585089 AND 5585189
	Index Only Scan using sbtest8_pkey on sbtest8  (cost=0.43..6.43 rows=100 width=4)
	  Index Cond: ((id >= 5585089) AND (id <= 5585189))

explain: for range-covered :: explain SELECT id FROM sbtest%d WHERE id BETWEEN 2517927 AND 2518027
for range-covered
table 1 : explain SELECT id FROM sbtest1 WHERE id BETWEEN 4628260 AND 4628360
	Index Only Scan using sbtest1_pkey on sbtest1  (cost=0.43..6.45 rows=101 width=4)
	  Index Cond: ((id >= 4628260) AND (id <= 4628360))

table 2 : explain SELECT id FROM sbtest2 WHERE id BETWEEN 4628260 AND 4628360
	Index Only Scan using sbtest2_pkey on sbtest2  (cost=0.43..6.66 rows=111 width=4)
	  Index Cond: ((id >= 4628260) AND (id <= 4628360))

table 3 : explain SELECT id FROM sbtest3 WHERE id BETWEEN 4628260 AND 4628360
	Index Only Scan using sbtest3_pkey on sbtest3  (cost=0.43..6.45 rows=101 width=4)
	  Index Cond: ((id >= 4628260) AND (id <= 4628360))

table 4 : explain SELECT id FROM sbtest4 WHERE id BETWEEN 4628260 AND 4628360
	Index Only Scan using sbtest4_pkey on sbtest4  (cost=0.43..6.37 rows=97 width=4)
	  Index Cond: ((id >= 4628260) AND (id <= 4628360))

table 5 : explain SELECT id FROM sbtest5 WHERE id BETWEEN 4628260 AND 4628360
	Index Only Scan using sbtest5_pkey on sbtest5  (cost=0.43..6.75 rows=116 width=4)
	  Index Cond: ((id >= 4628260) AND (id <= 4628360))

table 6 : explain SELECT id FROM sbtest6 WHERE id BETWEEN 4628260 AND 4628360
	Index Only Scan using sbtest6_pkey on sbtest6  (cost=0.43..6.45 rows=101 width=4)
	  Index Cond: ((id >= 4628260) AND (id <= 4628360))

table 7 : explain SELECT id FROM sbtest7 WHERE id BETWEEN 4628260 AND 4628360
	Index Only Scan using sbtest7_pkey on sbtest7  (cost=0.43..6.37 rows=97 width=4)
	  Index Cond: ((id >= 4628260) AND (id <= 4628360))

table 8 : explain SELECT id FROM sbtest8 WHERE id BETWEEN 4628260 AND 4628360
	Index Only Scan using sbtest8_pkey on sbtest8  (cost=0.43..6.45 rows=101 width=4)
	  Index Cond: ((id >= 4628260) AND (id <= 4628360))

explain: for range-covered :: explain SELECT id FROM sbtest%d WHERE id BETWEEN 4628260 AND 4628360
for range-covered
table 1 : explain SELECT id FROM sbtest1 WHERE id BETWEEN 4721515 AND 4721615
	Index Only Scan using sbtest1_pkey on sbtest1  (cost=0.43..6.45 rows=101 width=4)
	  Index Cond: ((id >= 4721515) AND (id <= 4721615))

table 2 : explain SELECT id FROM sbtest2 WHERE id BETWEEN 4721515 AND 4721615
	Index Only Scan using sbtest2_pkey on sbtest2  (cost=0.43..6.29 rows=93 width=4)
	  Index Cond: ((id >= 4721515) AND (id <= 4721615))

table 3 : explain SELECT id FROM sbtest3 WHERE id BETWEEN 4721515 AND 4721615
	Index Only Scan using sbtest3_pkey on sbtest3  (cost=0.43..6.47 rows=102 width=4)
	  Index Cond: ((id >= 4721515) AND (id <= 4721615))

table 4 : explain SELECT id FROM sbtest4 WHERE id BETWEEN 4721515 AND 4721615
	Index Only Scan using sbtest4_pkey on sbtest4  (cost=0.43..6.24 rows=90 width=4)
	  Index Cond: ((id >= 4721515) AND (id <= 4721615))

table 5 : explain SELECT id FROM sbtest5 WHERE id BETWEEN 4721515 AND 4721615
	Index Only Scan using sbtest5_pkey on sbtest5  (cost=0.43..6.37 rows=97 width=4)
	  Index Cond: ((id >= 4721515) AND (id <= 4721615))

table 6 : explain SELECT id FROM sbtest6 WHERE id BETWEEN 4721515 AND 4721615
	Index Only Scan using sbtest6_pkey on sbtest6  (cost=0.43..6.35 rows=96 width=4)
	  Index Cond: ((id >= 4721515) AND (id <= 4721615))

table 7 : explain SELECT id FROM sbtest7 WHERE id BETWEEN 4721515 AND 4721615
	Index Only Scan using sbtest7_pkey on sbtest7  (cost=0.43..6.37 rows=97 width=4)
	  Index Cond: ((id >= 4721515) AND (id <= 4721615))

table 8 : explain SELECT id FROM sbtest8 WHERE id BETWEEN 4721515 AND 4721615
	Index Only Scan using sbtest8_pkey on sbtest8  (cost=0.43..6.50 rows=103 width=4)
	  Index Cond: ((id >= 4721515) AND (id <= 4721615))

for range-covered
table 1 : explain SELECT id FROM sbtest1 WHERE id BETWEEN 8202207 AND 8202307
	Index Only Scan using sbtest1_pkey on sbtest1  (cost=0.43..6.40 rows=98 width=4)
	  Index Cond: ((id >= 8202207) AND (id <= 8202307))

table 2 : explain SELECT id FROM sbtest2 WHERE id BETWEEN 8202207 AND 8202307
	Index Only Scan using sbtest2_pkey on sbtest2  (cost=0.43..6.19 rows=88 width=4)
	  Index Cond: ((id >= 8202207) AND (id <= 8202307))

table 3 : explain SELECT id FROM sbtest3 WHERE id BETWEEN 8202207 AND 8202307
	Index Only Scan using sbtest3_pkey on sbtest3  (cost=0.43..6.35 rows=96 width=4)
	  Index Cond: ((id >= 8202207) AND (id <= 8202307))

table 4 : explain SELECT id FROM sbtest4 WHERE id BETWEEN 8202207 AND 8202307
	Index Only Scan using sbtest4_pkey on sbtest4  (cost=0.43..6.33 rows=95 width=4)
	  Index Cond: ((id >= 8202207) AND (id <= 8202307))

table 5 : explain SELECT id FROM sbtest5 WHERE id BETWEEN 8202207 AND 8202307
	Index Only Scan using sbtest5_pkey on sbtest5  (cost=0.43..6.35 rows=96 width=4)
	  Index Cond: ((id >= 8202207) AND (id <= 8202307))

table 6 : explain SELECT id FROM sbtest6 WHERE id BETWEEN 8202207 AND 8202307
	Index Only Scan using sbtest6_pkey on sbtest6  (cost=0.43..6.40 rows=98 width=4)
	  Index Cond: ((id >= 8202207) AND (id <= 8202307))

table 7 : explain SELECT id FROM sbtest7 WHERE id BETWEEN 8202207 AND 8202307
	Index Only Scan using sbtest7_pkey on sbtest7  (cost=0.43..6.59 rows=108 width=4)
	  Index Cond: ((id >= 8202207) AND (id <= 8202307))

table 8 : explain SELECT id FROM sbtest8 WHERE id BETWEEN 8202207 AND 8202307
	Index Only Scan using sbtest8_pkey on sbtest8  (cost=0.43..6.40 rows=98 width=4)
	  Index Cond: ((id >= 8202207) AND (id <= 8202307))

explain: for range-covered :: explain SELECT id FROM sbtest%d WHERE id BETWEEN 4721515 AND 4721615
explain: for range-covered :: explain SELECT id FROM sbtest%d WHERE id BETWEEN 5926633 AND 5926733
for range-covered
table 1 : explain SELECT id FROM sbtest1 WHERE id BETWEEN 3891084 AND 3891184
	Index Only Scan using sbtest1_pkey on sbtest1  (cost=0.43..6.47 rows=102 width=4)
	  Index Cond: ((id >= 3891084) AND (id <= 3891184))

table 2 : explain SELECT id FROM sbtest2 WHERE id BETWEEN 3891084 AND 3891184
	Index Only Scan using sbtest2_pkey on sbtest2  (cost=0.43..6.50 rows=103 width=4)
	  Index Cond: ((id >= 3891084) AND (id <= 3891184))

table 3 : explain SELECT id FROM sbtest3 WHERE id BETWEEN 3891084 AND 3891184
	Index Only Scan using sbtest3_pkey on sbtest3  (cost=0.43..6.43 rows=100 width=4)
	  Index Cond: ((id >= 3891084) AND (id <= 3891184))

table 4 : explain SELECT id FROM sbtest4 WHERE id BETWEEN 3891084 AND 3891184
	Index Only Scan using sbtest4_pkey on sbtest4  (cost=0.43..6.67 rows=112 width=4)
	  Index Cond: ((id >= 3891084) AND (id <= 3891184))

table 5 : explain SELECT id FROM sbtest5 WHERE id BETWEEN 3891084 AND 3891184
	Index Only Scan using sbtest5_pkey on sbtest5  (cost=0.43..6.35 rows=96 width=4)
	  Index Cond: ((id >= 3891084) AND (id <= 3891184))

table 6 : explain SELECT id FROM sbtest6 WHERE id BETWEEN 3891084 AND 3891184
	Index Only Scan using sbtest6_pkey on sbtest6  (cost=0.43..6.27 rows=92 width=4)
	  Index Cond: ((id >= 3891084) AND (id <= 3891184))

table 7 : explain SELECT id FROM sbtest7 WHERE id BETWEEN 3891084 AND 3891184
	Index Only Scan using sbtest7_pkey on sbtest7  (cost=0.43..6.21 rows=89 width=4)
	  Index Cond: ((id >= 3891084) AND (id <= 3891184))

table 8 : explain SELECT id FROM sbtest8 WHERE id BETWEEN 3891084 AND 3891184
	Index Only Scan using sbtest8_pkey on sbtest8  (cost=0.43..6.42 rows=99 width=4)
	  Index Cond: ((id >= 3891084) AND (id <= 3891184))

for range-covered
table 1 : explain SELECT id FROM sbtest1 WHERE id BETWEEN 4306131 AND 4306231
	Index Only Scan using sbtest1_pkey on sbtest1  (cost=0.43..6.35 rows=96 width=4)
	  Index Cond: ((id >= 4306131) AND (id <= 4306231))

table 2 : explain SELECT id FROM sbtest2 WHERE id BETWEEN 4306131 AND 4306231
	Index Only Scan using sbtest2_pkey on sbtest2  (cost=0.43..6.32 rows=94 width=4)
	  Index Cond: ((id >= 4306131) AND (id <= 4306231))

table 3 : explain SELECT id FROM sbtest3 WHERE id BETWEEN 4306131 AND 4306231
	Index Only Scan using sbtest3_pkey on sbtest3  (cost=0.43..6.43 rows=100 width=4)
	  Index Cond: ((id >= 4306131) AND (id <= 4306231))

table 4 : explain SELECT id FROM sbtest4 WHERE id BETWEEN 4306131 AND 4306231
	Index Only Scan using sbtest4_pkey on sbtest4  (cost=0.43..6.61 rows=109 width=4)
	  Index Cond: ((id >= 4306131) AND (id <= 4306231))

table 5 : explain SELECT id FROM sbtest5 WHERE id BETWEEN 4306131 AND 4306231
	Index Only Scan using sbtest5_pkey on sbtest5  (cost=0.43..6.40 rows=98 width=4)
	  Index Cond: ((id >= 4306131) AND (id <= 4306231))

table 6 : explain SELECT id FROM sbtest6 WHERE id BETWEEN 4306131 AND 4306231
	Index Only Scan using sbtest6_pkey on sbtest6  (cost=0.43..6.59 rows=108 width=4)
	  Index Cond: ((id >= 4306131) AND (id <= 4306231))

table 7 : explain SELECT id FROM sbtest7 WHERE id BETWEEN 4306131 AND 4306231
	Index Only Scan using sbtest7_pkey on sbtest7  (cost=0.43..6.33 rows=95 width=4)
	  Index Cond: ((id >= 4306131) AND (id <= 4306231))

table 8 : explain SELECT id FROM sbtest8 WHERE id BETWEEN 4306131 AND 4306231
	Index Only Scan using sbtest8_pkey on sbtest8  (cost=0.43..6.40 rows=98 width=4)
	  Index Cond: ((id >= 4306131) AND (id <= 4306231))

explain: for range-covered :: explain SELECT id FROM sbtest%d WHERE id BETWEEN 3891084 AND 3891184
for range-covered
table 1 : explain SELECT id FROM sbtest1 WHERE id BETWEEN 2517927 AND 2518027
	Index Only Scan using sbtest1_pkey on sbtest1  (cost=0.43..6.40 rows=98 width=4)
	  Index Cond: ((id >= 2517927) AND (id <= 2518027))

table 2 : explain SELECT id FROM sbtest2 WHERE id BETWEEN 2517927 AND 2518027
	Index Only Scan using sbtest2_pkey on sbtest2  (cost=0.43..6.45 rows=101 width=4)
	  Index Cond: ((id >= 2517927) AND (id <= 2518027))

table 3 : explain SELECT id FROM sbtest3 WHERE id BETWEEN 2517927 AND 2518027
	Index Only Scan using sbtest3_pkey on sbtest3  (cost=0.43..6.42 rows=99 width=4)
	  Index Cond: ((id >= 2517927) AND (id <= 2518027))

table 4 : explain SELECT id FROM sbtest4 WHERE id BETWEEN 2517927 AND 2518027
	Index Only Scan using sbtest4_pkey on sbtest4  (cost=0.43..6.63 rows=110 width=4)
	  Index Cond: ((id >= 2517927) AND (id <= 2518027))

table 5 : explain SELECT id FROM sbtest5 WHERE id BETWEEN 2517927 AND 2518027
	Index Only Scan using sbtest5_pkey on sbtest5  (cost=0.43..6.29 rows=93 width=4)
	  Index Cond: ((id >= 2517927) AND (id <= 2518027))

table 6 : explain SELECT id FROM sbtest6 WHERE id BETWEEN 2517927 AND 2518027
	Index Only Scan using sbtest6_pkey on sbtest6  (cost=0.43..6.50 rows=103 width=4)
	  Index Cond: ((id >= 2517927) AND (id <= 2518027))

table 7 : explain SELECT id FROM sbtest7 WHERE id BETWEEN 2517927 AND 2518027
	Index Only Scan using sbtest7_pkey on sbtest7  (cost=0.43..6.40 rows=98 width=4)
	  Index Cond: ((id >= 2517927) AND (id <= 2518027))

table 8 : explain SELECT id FROM sbtest8 WHERE id BETWEEN 2517927 AND 2518027
	Index Only Scan using sbtest8_pkey on sbtest8  (cost=0.43..6.45 rows=101 width=4)
	  Index Cond: ((id >= 2517927) AND (id <= 2518027))

for range-covered
table 1 : explain SELECT id FROM sbtest1 WHERE id BETWEEN 4628260 AND 4628360
	Index Only Scan using sbtest1_pkey on sbtest1  (cost=0.43..6.45 rows=101 width=4)
	  Index Cond: ((id >= 4628260) AND (id <= 4628360))

table 2 : explain SELECT id FROM sbtest2 WHERE id BETWEEN 4628260 AND 4628360
	Index Only Scan using sbtest2_pkey on sbtest2  (cost=0.43..6.66 rows=111 width=4)
	  Index Cond: ((id >= 4628260) AND (id <= 4628360))

table 3 : explain SELECT id FROM sbtest3 WHERE id BETWEEN 4628260 AND 4628360
	Index Only Scan using sbtest3_pkey on sbtest3  (cost=0.43..6.45 rows=101 width=4)
	  Index Cond: ((id >= 4628260) AND (id <= 4628360))

table 4 : explain SELECT id FROM sbtest4 WHERE id BETWEEN 4628260 AND 4628360
	Index Only Scan using sbtest4_pkey on sbtest4  (cost=0.43..6.37 rows=97 width=4)
	  Index Cond: ((id >= 4628260) AND (id <= 4628360))

table 5 : explain SELECT id FROM sbtest5 WHERE id BETWEEN 4628260 AND 4628360
	Index Only Scan using sbtest5_pkey on sbtest5  (cost=0.43..6.75 rows=116 width=4)
	  Index Cond: ((id >= 4628260) AND (id <= 4628360))

table 6 : explain SELECT id FROM sbtest6 WHERE id BETWEEN 4628260 AND 4628360
	Index Only Scan using sbtest6_pkey on sbtest6  (cost=0.43..6.45 rows=101 width=4)
	  Index Cond: ((id >= 4628260) AND (id <= 4628360))

table 7 : explain SELECT id FROM sbtest7 WHERE id BETWEEN 4628260 AND 4628360
	Index Only Scan using sbtest7_pkey on sbtest7  (cost=0.43..6.37 rows=97 width=4)
	  Index Cond: ((id >= 4628260) AND (id <= 4628360))

table 8 : explain SELECT id FROM sbtest8 WHERE id BETWEEN 4628260 AND 4628360
	Index Only Scan using sbtest8_pkey on sbtest8  (cost=0.43..6.45 rows=101 width=4)
	  Index Cond: ((id >= 4628260) AND (id <= 4628360))

for range-covered
table 1 : explain SELECT id FROM sbtest1 WHERE id BETWEEN 3280485 AND 3280585
	Index Only Scan using sbtest1_pkey on sbtest1  (cost=0.43..6.61 rows=109 width=4)
	  Index Cond: ((id >= 3280485) AND (id <= 3280585))

table 2 : explain SELECT id FROM sbtest2 WHERE id BETWEEN 3280485 AND 3280585
	Index Only Scan using sbtest2_pkey on sbtest2  (cost=0.43..6.53 rows=105 width=4)
	  Index Cond: ((id >= 3280485) AND (id <= 3280585))

table 3 : explain SELECT id FROM sbtest3 WHERE id BETWEEN 3280485 AND 3280585
	Index Only Scan using sbtest3_pkey on sbtest3  (cost=0.43..6.63 rows=110 width=4)
	  Index Cond: ((id >= 3280485) AND (id <= 3280585))

table 4 : explain SELECT id FROM sbtest4 WHERE id BETWEEN 3280485 AND 3280585
	Index Only Scan using sbtest4_pkey on sbtest4  (cost=0.43..6.42 rows=99 width=4)
	  Index Cond: ((id >= 3280485) AND (id <= 3280585))

table 5 : explain SELECT id FROM sbtest5 WHERE id BETWEEN 3280485 AND 3280585
	Index Only Scan using sbtest5_pkey on sbtest5  (cost=0.43..6.72 rows=114 width=4)
	  Index Cond: ((id >= 3280485) AND (id <= 3280585))

table 6 : explain SELECT id FROM sbtest6 WHERE id BETWEEN 3280485 AND 3280585
	Index Only Scan using sbtest6_pkey on sbtest6  (cost=0.43..6.37 rows=97 width=4)
	  Index Cond: ((id >= 3280485) AND (id <= 3280585))

table 7 : explain SELECT id FROM sbtest7 WHERE id BETWEEN 3280485 AND 3280585
	Index Only Scan using sbtest7_pkey on sbtest7  (cost=0.43..6.29 rows=93 width=4)
	  Index Cond: ((id >= 3280485) AND (id <= 3280585))

table 8 : explain SELECT id FROM sbtest8 WHERE id BETWEEN 3280485 AND 3280585
	Index Only Scan using sbtest8_pkey on sbtest8  (cost=0.43..6.45 rows=101 width=4)
	  Index Cond: ((id >= 3280485) AND (id <= 3280585))

explain: for range-covered :: explain SELECT id FROM sbtest%d WHERE id BETWEEN 2517927 AND 2518027
explain: for range-covered :: explain SELECT id FROM sbtest%d WHERE id BETWEEN 4628260 AND 4628360
explain: for range-covered :: explain SELECT id FROM sbtest%d WHERE id BETWEEN 4306131 AND 4306231
explain: for range-covered :: explain SELECT id FROM sbtest%d WHERE id BETWEEN 3280485 AND 3280585
for range-covered
table 1 : explain SELECT id FROM sbtest1 WHERE id BETWEEN 3963328 AND 3963428
	Index Only Scan using sbtest1_pkey on sbtest1  (cost=0.43..6.42 rows=99 width=4)
	  Index Cond: ((id >= 3963328) AND (id <= 3963428))

table 2 : explain SELECT id FROM sbtest2 WHERE id BETWEEN 3963328 AND 3963428
	Index Only Scan using sbtest2_pkey on sbtest2  (cost=0.43..6.50 rows=103 width=4)
	  Index Cond: ((id >= 3963328) AND (id <= 3963428))

table 3 : explain SELECT id FROM sbtest3 WHERE id BETWEEN 3963328 AND 3963428
	Index Only Scan using sbtest3_pkey on sbtest3  (cost=0.43..6.37 rows=97 width=4)
	  Index Cond: ((id >= 3963328) AND (id <= 3963428))

table 4 : explain SELECT id FROM sbtest4 WHERE id BETWEEN 3963328 AND 3963428
	Index Only Scan using sbtest4_pkey on sbtest4  (cost=0.43..6.67 rows=112 width=4)
	  Index Cond: ((id >= 3963328) AND (id <= 3963428))

table 5 : explain SELECT id FROM sbtest5 WHERE id BETWEEN 3963328 AND 3963428
	Index Only Scan using sbtest5_pkey on sbtest5  (cost=0.43..6.35 rows=96 width=4)
	  Index Cond: ((id >= 3963328) AND (id <= 3963428))

table 6 : explain SELECT id FROM sbtest6 WHERE id BETWEEN 3963328 AND 3963428
	Index Only Scan using sbtest6_pkey on sbtest6  (cost=0.43..6.63 rows=110 width=4)
	  Index Cond: ((id >= 3963328) AND (id <= 3963428))

table 7 : explain SELECT id FROM sbtest7 WHERE id BETWEEN 3963328 AND 3963428
	Index Only Scan using sbtest7_pkey on sbtest7  (cost=0.43..6.50 rows=103 width=4)
	  Index Cond: ((id >= 3963328) AND (id <= 3963428))

table 8 : explain SELECT id FROM sbtest8 WHERE id BETWEEN 3963328 AND 3963428
	Index Only Scan using sbtest8_pkey on sbtest8  (cost=0.43..6.42 rows=99 width=4)
	  Index Cond: ((id >= 3963328) AND (id <= 3963428))

for range-covered
table 1 : explain SELECT id FROM sbtest1 WHERE id BETWEEN 3770053 AND 3770153
	Index Only Scan using sbtest1_pkey on sbtest1  (cost=0.43..6.42 rows=99 width=4)
	  Index Cond: ((id >= 3770053) AND (id <= 3770153))

table 2 : explain SELECT id FROM sbtest2 WHERE id BETWEEN 3770053 AND 3770153
	Index Only Scan using sbtest2_pkey on sbtest2  (cost=0.43..6.63 rows=110 width=4)
	  Index Cond: ((id >= 3770053) AND (id <= 3770153))

table 3 : explain SELECT id FROM sbtest3 WHERE id BETWEEN 3770053 AND 3770153
	Index Only Scan using sbtest3_pkey on sbtest3  (cost=0.43..6.33 rows=95 width=4)
	  Index Cond: ((id >= 3770053) AND (id <= 3770153))

table 4 : explain SELECT id FROM sbtest4 WHERE id BETWEEN 3770053 AND 3770153
	Index Only Scan using sbtest4_pkey on sbtest4  (cost=0.43..6.45 rows=101 width=4)
	  Index Cond: ((id >= 3770053) AND (id <= 3770153))

table 5 : explain SELECT id FROM sbtest5 WHERE id BETWEEN 3770053 AND 3770153
	Index Only Scan using sbtest5_pkey on sbtest5  (cost=0.43..6.56 rows=106 width=4)
	  Index Cond: ((id >= 3770053) AND (id <= 3770153))

table 6 : explain SELECT id FROM sbtest6 WHERE id BETWEEN 3770053 AND 3770153
	Index Only Scan using sbtest6_pkey on sbtest6  (cost=0.43..6.35 rows=96 width=4)
	  Index Cond: ((id >= 3770053) AND (id <= 3770153))

table 7 : explain SELECT id FROM sbtest7 WHERE id BETWEEN 3770053 AND 3770153
	Index Only Scan using sbtest7_pkey on sbtest7  (cost=0.43..6.37 rows=97 width=4)
	  Index Cond: ((id >= 3770053) AND (id <= 3770153))

table 8 : explain SELECT id FROM sbtest8 WHERE id BETWEEN 3770053 AND 3770153
	Index Only Scan using sbtest8_pkey on sbtest8  (cost=0.43..6.37 rows=97 width=4)
	  Index Cond: ((id >= 3770053) AND (id <= 3770153))

for range-covered
table 1 : explain SELECT id FROM sbtest1 WHERE id BETWEEN 6106679 AND 6106779
	Index Only Scan using sbtest1_pkey on sbtest1  (cost=0.43..6.32 rows=94 width=4)
	  Index Cond: ((id >= 6106679) AND (id <= 6106779))

table 2 : explain SELECT id FROM sbtest2 WHERE id BETWEEN 6106679 AND 6106779
	Index Only Scan using sbtest2_pkey on sbtest2  (cost=0.43..6.50 rows=103 width=4)
	  Index Cond: ((id >= 6106679) AND (id <= 6106779))

table 3 : explain SELECT id FROM sbtest3 WHERE id BETWEEN 6106679 AND 6106779
	Index Only Scan using sbtest3_pkey on sbtest3  (cost=0.43..6.35 rows=96 width=4)
	  Index Cond: ((id >= 6106679) AND (id <= 6106779))

table 4 : explain SELECT id FROM sbtest4 WHERE id BETWEEN 6106679 AND 6106779
	Index Only Scan using sbtest4_pkey on sbtest4  (cost=0.43..6.53 rows=105 width=4)
	  Index Cond: ((id >= 6106679) AND (id <= 6106779))

table 5 : explain SELECT id FROM sbtest5 WHERE id BETWEEN 6106679 AND 6106779
	Index Only Scan using sbtest5_pkey on sbtest5  (cost=0.43..6.53 rows=105 width=4)
	  Index Cond: ((id >= 6106679) AND (id <= 6106779))

table 6 : explain SELECT id FROM sbtest6 WHERE id BETWEEN 6106679 AND 6106779
	Index Only Scan using sbtest6_pkey on sbtest6  (cost=0.43..6.43 rows=100 width=4)
	  Index Cond: ((id >= 6106679) AND (id <= 6106779))

table 7 : explain SELECT id FROM sbtest7 WHERE id BETWEEN 6106679 AND 6106779
	Index Only Scan using sbtest7_pkey on sbtest7  (cost=0.43..6.47 rows=102 width=4)
	  Index Cond: ((id >= 6106679) AND (id <= 6106779))

table 8 : explain SELECT id FROM sbtest8 WHERE id BETWEEN 6106679 AND 6106779
	Index Only Scan using sbtest8_pkey on sbtest8  (cost=0.43..6.59 rows=108 width=4)
	  Index Cond: ((id >= 6106679) AND (id <= 6106779))

explain: for range-covered :: explain SELECT id FROM sbtest%d WHERE id BETWEEN 3963328 AND 3963428
for range-covered
table 1 : explain SELECT id FROM sbtest1 WHERE id BETWEEN 4540229 AND 4540329
	Index Only Scan using sbtest1_pkey on sbtest1  (cost=0.43..6.45 rows=101 width=4)
	  Index Cond: ((id >= 4540229) AND (id <= 4540329))

table 2 : explain SELECT id FROM sbtest2 WHERE id BETWEEN 4540229 AND 4540329
	Index Only Scan using sbtest2_pkey on sbtest2  (cost=0.43..6.25 rows=91 width=4)
	  Index Cond: ((id >= 4540229) AND (id <= 4540329))

table 3 : explain SELECT id FROM sbtest3 WHERE id BETWEEN 4540229 AND 4540329
	Index Only Scan using sbtest3_pkey on sbtest3  (cost=0.43..6.53 rows=105 width=4)
	  Index Cond: ((id >= 4540229) AND (id <= 4540329))

table 4 : explain SELECT id FROM sbtest4 WHERE id BETWEEN 4540229 AND 4540329
	Index Only Scan using sbtest4_pkey on sbtest4  (cost=0.43..6.40 rows=98 width=4)
	  Index Cond: ((id >= 4540229) AND (id <= 4540329))

table 5 : explain SELECT id FROM sbtest5 WHERE id BETWEEN 4540229 AND 4540329
	Index Only Scan using sbtest5_pkey on sbtest5  (cost=0.43..6.53 rows=105 width=4)
	  Index Cond: ((id >= 4540229) AND (id <= 4540329))

table 6 : explain SELECT id FROM sbtest6 WHERE id BETWEEN 4540229 AND 4540329
	Index Only Scan using sbtest6_pkey on sbtest6  (cost=0.43..6.51 rows=104 width=4)
	  Index Cond: ((id >= 4540229) AND (id <= 4540329))

table 7 : explain SELECT id FROM sbtest7 WHERE id BETWEEN 4540229 AND 4540329
	Index Only Scan using sbtest7_pkey on sbtest7  (cost=0.43..6.33 rows=95 width=4)
	  Index Cond: ((id >= 4540229) AND (id <= 4540329))

table 8 : explain SELECT id FROM sbtest8 WHERE id BETWEEN 4540229 AND 4540329
	Index Only Scan using sbtest8_pkey on sbtest8  (cost=0.43..6.40 rows=98 width=4)
	  Index Cond: ((id >= 4540229) AND (id <= 4540329))

for range-covered
table 1 : explain SELECT id FROM sbtest1 WHERE id BETWEEN 4721515 AND 4721615
	Index Only Scan using sbtest1_pkey on sbtest1  (cost=0.43..6.45 rows=101 width=4)
	  Index Cond: ((id >= 4721515) AND (id <= 4721615))

table 2 : explain SELECT id FROM sbtest2 WHERE id BETWEEN 4721515 AND 4721615
	Index Only Scan using sbtest2_pkey on sbtest2  (cost=0.43..6.29 rows=93 width=4)
	  Index Cond: ((id >= 4721515) AND (id <= 4721615))

table 3 : explain SELECT id FROM sbtest3 WHERE id BETWEEN 4721515 AND 4721615
	Index Only Scan using sbtest3_pkey on sbtest3  (cost=0.43..6.47 rows=102 width=4)
	  Index Cond: ((id >= 4721515) AND (id <= 4721615))

table 4 : explain SELECT id FROM sbtest4 WHERE id BETWEEN 4721515 AND 4721615
	Index Only Scan using sbtest4_pkey on sbtest4  (cost=0.43..6.24 rows=90 width=4)
	  Index Cond: ((id >= 4721515) AND (id <= 4721615))

table 5 : explain SELECT id FROM sbtest5 WHERE id BETWEEN 4721515 AND 4721615
	Index Only Scan using sbtest5_pkey on sbtest5  (cost=0.43..6.37 rows=97 width=4)
	  Index Cond: ((id >= 4721515) AND (id <= 4721615))

table 6 : explain SELECT id FROM sbtest6 WHERE id BETWEEN 4721515 AND 4721615
	Index Only Scan using sbtest6_pkey on sbtest6  (cost=0.43..6.35 rows=96 width=4)
	  Index Cond: ((id >= 4721515) AND (id <= 4721615))

table 7 : explain SELECT id FROM sbtest7 WHERE id BETWEEN 4721515 AND 4721615
	Index Only Scan using sbtest7_pkey on sbtest7  (cost=0.43..6.37 rows=97 width=4)
	  Index Cond: ((id >= 4721515) AND (id <= 4721615))

table 8 : explain SELECT id FROM sbtest8 WHERE id BETWEEN 4721515 AND 4721615
	Index Only Scan using sbtest8_pkey on sbtest8  (cost=0.43..6.50 rows=103 width=4)
	  Index Cond: ((id >= 4721515) AND (id <= 4721615))

explain: for range-covered :: explain SELECT id FROM sbtest%d WHERE id BETWEEN 3770053 AND 3770153
for range-covered
table 1 : explain SELECT id FROM sbtest1 WHERE id BETWEEN 3891084 AND 3891184
	Index Only Scan using sbtest1_pkey on sbtest1  (cost=0.43..6.47 rows=102 width=4)
	  Index Cond: ((id >= 3891084) AND (id <= 3891184))

table 2 : explain SELECT id FROM sbtest2 WHERE id BETWEEN 3891084 AND 3891184
	Index Only Scan using sbtest2_pkey on sbtest2  (cost=0.43..6.50 rows=103 width=4)
	  Index Cond: ((id >= 3891084) AND (id <= 3891184))

table 3 : explain SELECT id FROM sbtest3 WHERE id BETWEEN 3891084 AND 3891184
	Index Only Scan using sbtest3_pkey on sbtest3  (cost=0.43..6.43 rows=100 width=4)
	  Index Cond: ((id >= 3891084) AND (id <= 3891184))

table 4 : explain SELECT id FROM sbtest4 WHERE id BETWEEN 3891084 AND 3891184
	Index Only Scan using sbtest4_pkey on sbtest4  (cost=0.43..6.67 rows=112 width=4)
	  Index Cond: ((id >= 3891084) AND (id <= 3891184))

table 5 : explain SELECT id FROM sbtest5 WHERE id BETWEEN 3891084 AND 3891184
	Index Only Scan using sbtest5_pkey on sbtest5  (cost=0.43..6.35 rows=96 width=4)
	  Index Cond: ((id >= 3891084) AND (id <= 3891184))

table 6 : explain SELECT id FROM sbtest6 WHERE id BETWEEN 3891084 AND 3891184
	Index Only Scan using sbtest6_pkey on sbtest6  (cost=0.43..6.27 rows=92 width=4)
	  Index Cond: ((id >= 3891084) AND (id <= 3891184))

table 7 : explain SELECT id FROM sbtest7 WHERE id BETWEEN 3891084 AND 3891184
	Index Only Scan using sbtest7_pkey on sbtest7  (cost=0.43..6.21 rows=89 width=4)
	  Index Cond: ((id >= 3891084) AND (id <= 3891184))

table 8 : explain SELECT id FROM sbtest8 WHERE id BETWEEN 3891084 AND 3891184
	Index Only Scan using sbtest8_pkey on sbtest8  (cost=0.43..6.42 rows=99 width=4)
	  Index Cond: ((id >= 3891084) AND (id <= 3891184))

explain: for range-covered :: explain SELECT id FROM sbtest%d WHERE id BETWEEN 4721515 AND 4721615
explain: for range-covered :: explain SELECT id FROM sbtest%d WHERE id BETWEEN 3891084 AND 3891184
for range-covered
table 1 : explain SELECT id FROM sbtest1 WHERE id BETWEEN 2517927 AND 2518027
	Index Only Scan using sbtest1_pkey on sbtest1  (cost=0.43..6.40 rows=98 width=4)
	  Index Cond: ((id >= 2517927) AND (id <= 2518027))

table 2 : explain SELECT id FROM sbtest2 WHERE id BETWEEN 2517927 AND 2518027
	Index Only Scan using sbtest2_pkey on sbtest2  (cost=0.43..6.45 rows=101 width=4)
	  Index Cond: ((id >= 2517927) AND (id <= 2518027))

table 3 : explain SELECT id FROM sbtest3 WHERE id BETWEEN 2517927 AND 2518027
	Index Only Scan using sbtest3_pkey on sbtest3  (cost=0.43..6.42 rows=99 width=4)
	  Index Cond: ((id >= 2517927) AND (id <= 2518027))

table 4 : explain SELECT id FROM sbtest4 WHERE id BETWEEN 2517927 AND 2518027
	Index Only Scan using sbtest4_pkey on sbtest4  (cost=0.43..6.63 rows=110 width=4)
	  Index Cond: ((id >= 2517927) AND (id <= 2518027))

table 5 : explain SELECT id FROM sbtest5 WHERE id BETWEEN 2517927 AND 2518027
	Index Only Scan using sbtest5_pkey on sbtest5  (cost=0.43..6.29 rows=93 width=4)
	  Index Cond: ((id >= 2517927) AND (id <= 2518027))

table 6 : explain SELECT id FROM sbtest6 WHERE id BETWEEN 2517927 AND 2518027
	Index Only Scan using sbtest6_pkey on sbtest6  (cost=0.43..6.50 rows=103 width=4)
	  Index Cond: ((id >= 2517927) AND (id <= 2518027))

table 7 : explain SELECT id FROM sbtest7 WHERE id BETWEEN 2517927 AND 2518027
	Index Only Scan using sbtest7_pkey on sbtest7  (cost=0.43..6.40 rows=98 width=4)
	  Index Cond: ((id >= 2517927) AND (id <= 2518027))

table 8 : explain SELECT id FROM sbtest8 WHERE id BETWEEN 2517927 AND 2518027
	Index Only Scan using sbtest8_pkey on sbtest8  (cost=0.43..6.45 rows=101 width=4)
	  Index Cond: ((id >= 2517927) AND (id <= 2518027))

for range-covered
table 1 : explain SELECT id FROM sbtest1 WHERE id BETWEEN 4628260 AND 4628360
	Index Only Scan using sbtest1_pkey on sbtest1  (cost=0.43..6.45 rows=101 width=4)
	  Index Cond: ((id >= 4628260) AND (id <= 4628360))

table 2 : explain SELECT id FROM sbtest2 WHERE id BETWEEN 4628260 AND 4628360
	Index Only Scan using sbtest2_pkey on sbtest2  (cost=0.43..6.66 rows=111 width=4)
	  Index Cond: ((id >= 4628260) AND (id <= 4628360))

table 3 : explain SELECT id FROM sbtest3 WHERE id BETWEEN 4628260 AND 4628360
	Index Only Scan using sbtest3_pkey on sbtest3  (cost=0.43..6.45 rows=101 width=4)
	  Index Cond: ((id >= 4628260) AND (id <= 4628360))

table 4 : explain SELECT id FROM sbtest4 WHERE id BETWEEN 4628260 AND 4628360
	Index Only Scan using sbtest4_pkey on sbtest4  (cost=0.43..6.37 rows=97 width=4)
	  Index Cond: ((id >= 4628260) AND (id <= 4628360))

table 5 : explain SELECT id FROM sbtest5 WHERE id BETWEEN 4628260 AND 4628360
	Index Only Scan using sbtest5_pkey on sbtest5  (cost=0.43..6.75 rows=116 width=4)
	  Index Cond: ((id >= 4628260) AND (id <= 4628360))

table 6 : explain SELECT id FROM sbtest6 WHERE id BETWEEN 4628260 AND 4628360
	Index Only Scan using sbtest6_pkey on sbtest6  (cost=0.43..6.45 rows=101 width=4)
	  Index Cond: ((id >= 4628260) AND (id <= 4628360))

table 7 : explain SELECT id FROM sbtest7 WHERE id BETWEEN 4628260 AND 4628360
	Index Only Scan using sbtest7_pkey on sbtest7  (cost=0.43..6.37 rows=97 width=4)
	  Index Cond: ((id >= 4628260) AND (id <= 4628360))

table 8 : explain SELECT id FROM sbtest8 WHERE id BETWEEN 4628260 AND 4628360
	Index Only Scan using sbtest8_pkey on sbtest8  (cost=0.43..6.45 rows=101 width=4)
	  Index Cond: ((id >= 4628260) AND (id <= 4628360))

explain: for range-covered :: explain SELECT id FROM sbtest%d WHERE id BETWEEN 2517927 AND 2518027
explain: for range-covered :: explain SELECT id FROM sbtest%d WHERE id BETWEEN 4628260 AND 4628360
for range-covered
table 1 : explain SELECT id FROM sbtest1 WHERE id BETWEEN 3280485 AND 3280585
	Index Only Scan using sbtest1_pkey on sbtest1  (cost=0.43..6.61 rows=109 width=4)
	  Index Cond: ((id >= 3280485) AND (id <= 3280585))

table 2 : explain SELECT id FROM sbtest2 WHERE id BETWEEN 3280485 AND 3280585
	Index Only Scan using sbtest2_pkey on sbtest2  (cost=0.43..6.53 rows=105 width=4)
	  Index Cond: ((id >= 3280485) AND (id <= 3280585))

table 3 : explain SELECT id FROM sbtest3 WHERE id BETWEEN 3280485 AND 3280585
	Index Only Scan using sbtest3_pkey on sbtest3  (cost=0.43..6.63 rows=110 width=4)
	  Index Cond: ((id >= 3280485) AND (id <= 3280585))

table 4 : explain SELECT id FROM sbtest4 WHERE id BETWEEN 3280485 AND 3280585
	Index Only Scan using sbtest4_pkey on sbtest4  (cost=0.43..6.42 rows=99 width=4)
	  Index Cond: ((id >= 3280485) AND (id <= 3280585))

table 5 : explain SELECT id FROM sbtest5 WHERE id BETWEEN 3280485 AND 3280585
	Index Only Scan using sbtest5_pkey on sbtest5  (cost=0.43..6.72 rows=114 width=4)
	  Index Cond: ((id >= 3280485) AND (id <= 3280585))

table 6 : explain SELECT id FROM sbtest6 WHERE id BETWEEN 3280485 AND 3280585
	Index Only Scan using sbtest6_pkey on sbtest6  (cost=0.43..6.37 rows=97 width=4)
	  Index Cond: ((id >= 3280485) AND (id <= 3280585))

table 7 : explain SELECT id FROM sbtest7 WHERE id BETWEEN 3280485 AND 3280585
	Index Only Scan using sbtest7_pkey on sbtest7  (cost=0.43..6.29 rows=93 width=4)
	  Index Cond: ((id >= 3280485) AND (id <= 3280585))

table 8 : explain SELECT id FROM sbtest8 WHERE id BETWEEN 3280485 AND 3280585
	Index Only Scan using sbtest8_pkey on sbtest8  (cost=0.43..6.45 rows=101 width=4)
	  Index Cond: ((id >= 3280485) AND (id <= 3280585))

explain: for range-covered :: explain SELECT id FROM sbtest%d WHERE id BETWEEN 3280485 AND 3280585
explain: for range-covered :: explain SELECT id FROM sbtest%d WHERE id BETWEEN 6106679 AND 6106779
for range-covered
table 1 : explain SELECT id FROM sbtest1 WHERE id BETWEEN 3963328 AND 3963428
	Index Only Scan using sbtest1_pkey on sbtest1  (cost=0.43..6.42 rows=99 width=4)
	  Index Cond: ((id >= 3963328) AND (id <= 3963428))

table 2 : explain SELECT id FROM sbtest2 WHERE id BETWEEN 3963328 AND 3963428
	Index Only Scan using sbtest2_pkey on sbtest2  (cost=0.43..6.50 rows=103 width=4)
	  Index Cond: ((id >= 3963328) AND (id <= 3963428))

table 3 : explain SELECT id FROM sbtest3 WHERE id BETWEEN 3963328 AND 3963428
	Index Only Scan using sbtest3_pkey on sbtest3  (cost=0.43..6.37 rows=97 width=4)
	  Index Cond: ((id >= 3963328) AND (id <= 3963428))

table 4 : explain SELECT id FROM sbtest4 WHERE id BETWEEN 3963328 AND 3963428
	Index Only Scan using sbtest4_pkey on sbtest4  (cost=0.43..6.67 rows=112 width=4)
	  Index Cond: ((id >= 3963328) AND (id <= 3963428))

table 5 : explain SELECT id FROM sbtest5 WHERE id BETWEEN 3963328 AND 3963428
	Index Only Scan using sbtest5_pkey on sbtest5  (cost=0.43..6.35 rows=96 width=4)
	  Index Cond: ((id >= 3963328) AND (id <= 3963428))

table 6 : explain SELECT id FROM sbtest6 WHERE id BETWEEN 3963328 AND 3963428
	Index Only Scan using sbtest6_pkey on sbtest6  (cost=0.43..6.63 rows=110 width=4)
	  Index Cond: ((id >= 3963328) AND (id <= 3963428))

table 7 : explain SELECT id FROM sbtest7 WHERE id BETWEEN 3963328 AND 3963428
	Index Only Scan using sbtest7_pkey on sbtest7  (cost=0.43..6.50 rows=103 width=4)
	  Index Cond: ((id >= 3963328) AND (id <= 3963428))

table 8 : explain SELECT id FROM sbtest8 WHERE id BETWEEN 3963328 AND 3963428
	Index Only Scan using sbtest8_pkey on sbtest8  (cost=0.43..6.42 rows=99 width=4)
	  Index Cond: ((id >= 3963328) AND (id <= 3963428))

for range-covered
table 1 : explain SELECT id FROM sbtest1 WHERE id BETWEEN 4306131 AND 4306231
	Index Only Scan using sbtest1_pkey on sbtest1  (cost=0.43..6.35 rows=96 width=4)
	  Index Cond: ((id >= 4306131) AND (id <= 4306231))

table 2 : explain SELECT id FROM sbtest2 WHERE id BETWEEN 4306131 AND 4306231
	Index Only Scan using sbtest2_pkey on sbtest2  (cost=0.43..6.32 rows=94 width=4)
	  Index Cond: ((id >= 4306131) AND (id <= 4306231))

table 3 : explain SELECT id FROM sbtest3 WHERE id BETWEEN 4306131 AND 4306231
	Index Only Scan using sbtest3_pkey on sbtest3  (cost=0.43..6.43 rows=100 width=4)
	  Index Cond: ((id >= 4306131) AND (id <= 4306231))

table 4 : explain SELECT id FROM sbtest4 WHERE id BETWEEN 4306131 AND 4306231
	Index Only Scan using sbtest4_pkey on sbtest4  (cost=0.43..6.61 rows=109 width=4)
	  Index Cond: ((id >= 4306131) AND (id <= 4306231))

table 5 : explain SELECT id FROM sbtest5 WHERE id BETWEEN 4306131 AND 4306231
	Index Only Scan using sbtest5_pkey on sbtest5  (cost=0.43..6.40 rows=98 width=4)
	  Index Cond: ((id >= 4306131) AND (id <= 4306231))

table 6 : explain SELECT id FROM sbtest6 WHERE id BETWEEN 4306131 AND 4306231
	Index Only Scan using sbtest6_pkey on sbtest6  (cost=0.43..6.59 rows=108 width=4)
	  Index Cond: ((id >= 4306131) AND (id <= 4306231))

table 7 : explain SELECT id FROM sbtest7 WHERE id BETWEEN 4306131 AND 4306231
	Index Only Scan using sbtest7_pkey on sbtest7  (cost=0.43..6.33 rows=95 width=4)
	  Index Cond: ((id >= 4306131) AND (id <= 4306231))

table 8 : explain SELECT id FROM sbtest8 WHERE id BETWEEN 4306131 AND 4306231
	Index Only Scan using sbtest8_pkey on sbtest8  (cost=0.43..6.40 rows=98 width=4)
	  Index Cond: ((id >= 4306131) AND (id <= 4306231))

explain: for range-covered :: explain SELECT id FROM sbtest%d WHERE id BETWEEN 3963328 AND 3963428
explain: for range-covered :: explain SELECT id FROM sbtest%d WHERE id BETWEEN 4306131 AND 4306231
for range-covered
table 1 : explain SELECT id FROM sbtest1 WHERE id BETWEEN 3891084 AND 3891184
	Index Only Scan using sbtest1_pkey on sbtest1  (cost=0.43..6.47 rows=102 width=4)
	  Index Cond: ((id >= 3891084) AND (id <= 3891184))

table 2 : explain SELECT id FROM sbtest2 WHERE id BETWEEN 3891084 AND 3891184
	Index Only Scan using sbtest2_pkey on sbtest2  (cost=0.43..6.50 rows=103 width=4)
	  Index Cond: ((id >= 3891084) AND (id <= 3891184))

table 3 : explain SELECT id FROM sbtest3 WHERE id BETWEEN 3891084 AND 3891184
	Index Only Scan using sbtest3_pkey on sbtest3  (cost=0.43..6.43 rows=100 width=4)
	  Index Cond: ((id >= 3891084) AND (id <= 3891184))

table 4 : explain SELECT id FROM sbtest4 WHERE id BETWEEN 3891084 AND 3891184
	Index Only Scan using sbtest4_pkey on sbtest4  (cost=0.43..6.67 rows=112 width=4)
	  Index Cond: ((id >= 3891084) AND (id <= 3891184))

table 5 : explain SELECT id FROM sbtest5 WHERE id BETWEEN 3891084 AND 3891184
	Index Only Scan using sbtest5_pkey on sbtest5  (cost=0.43..6.35 rows=96 width=4)
	  Index Cond: ((id >= 3891084) AND (id <= 3891184))

table 6 : explain SELECT id FROM sbtest6 WHERE id BETWEEN 3891084 AND 3891184
	Index Only Scan using sbtest6_pkey on sbtest6  (cost=0.43..6.27 rows=92 width=4)
	  Index Cond: ((id >= 3891084) AND (id <= 3891184))

table 7 : explain SELECT id FROM sbtest7 WHERE id BETWEEN 3891084 AND 3891184
	Index Only Scan using sbtest7_pkey on sbtest7  (cost=0.43..6.21 rows=89 width=4)
	  Index Cond: ((id >= 3891084) AND (id <= 3891184))

table 8 : explain SELECT id FROM sbtest8 WHERE id BETWEEN 3891084 AND 3891184
	Index Only Scan using sbtest8_pkey on sbtest8  (cost=0.43..6.42 rows=99 width=4)
	  Index Cond: ((id >= 3891084) AND (id <= 3891184))

for range-covered
table 1 : explain SELECT id FROM sbtest1 WHERE id BETWEEN 4721515 AND 4721615
	Index Only Scan using sbtest1_pkey on sbtest1  (cost=0.43..6.45 rows=101 width=4)
	  Index Cond: ((id >= 4721515) AND (id <= 4721615))

table 2 : explain SELECT id FROM sbtest2 WHERE id BETWEEN 4721515 AND 4721615
	Index Only Scan using sbtest2_pkey on sbtest2  (cost=0.43..6.29 rows=93 width=4)
	  Index Cond: ((id >= 4721515) AND (id <= 4721615))

table 3 : explain SELECT id FROM sbtest3 WHERE id BETWEEN 4721515 AND 4721615
	Index Only Scan using sbtest3_pkey on sbtest3  (cost=0.43..6.47 rows=102 width=4)
	  Index Cond: ((id >= 4721515) AND (id <= 4721615))

table 4 : explain SELECT id FROM sbtest4 WHERE id BETWEEN 4721515 AND 4721615
	Index Only Scan using sbtest4_pkey on sbtest4  (cost=0.43..6.24 rows=90 width=4)
	  Index Cond: ((id >= 4721515) AND (id <= 4721615))

table 5 : explain SELECT id FROM sbtest5 WHERE id BETWEEN 4721515 AND 4721615
	Index Only Scan using sbtest5_pkey on sbtest5  (cost=0.43..6.37 rows=97 width=4)
	  Index Cond: ((id >= 4721515) AND (id <= 4721615))

table 6 : explain SELECT id FROM sbtest6 WHERE id BETWEEN 4721515 AND 4721615
	Index Only Scan using sbtest6_pkey on sbtest6  (cost=0.43..6.35 rows=96 width=4)
	  Index Cond: ((id >= 4721515) AND (id <= 4721615))

table 7 : explain SELECT id FROM sbtest7 WHERE id BETWEEN 4721515 AND 4721615
	Index Only Scan using sbtest7_pkey on sbtest7  (cost=0.43..6.37 rows=97 width=4)
	  Index Cond: ((id >= 4721515) AND (id <= 4721615))

table 8 : explain SELECT id FROM sbtest8 WHERE id BETWEEN 4721515 AND 4721615
	Index Only Scan using sbtest8_pkey on sbtest8  (cost=0.43..6.50 rows=103 width=4)
	  Index Cond: ((id >= 4721515) AND (id <= 4721615))

for range-covered
table 1 : explain SELECT id FROM sbtest1 WHERE id BETWEEN 4628260 AND 4628360
	Index Only Scan using sbtest1_pkey on sbtest1  (cost=0.43..6.45 rows=101 width=4)
	  Index Cond: ((id >= 4628260) AND (id <= 4628360))

table 2 : explain SELECT id FROM sbtest2 WHERE id BETWEEN 4628260 AND 4628360
	Index Only Scan using sbtest2_pkey on sbtest2  (cost=0.43..6.66 rows=111 width=4)
	  Index Cond: ((id >= 4628260) AND (id <= 4628360))

table 3 : explain SELECT id FROM sbtest3 WHERE id BETWEEN 4628260 AND 4628360
	Index Only Scan using sbtest3_pkey on sbtest3  (cost=0.43..6.45 rows=101 width=4)
	  Index Cond: ((id >= 4628260) AND (id <= 4628360))

table 4 : explain SELECT id FROM sbtest4 WHERE id BETWEEN 4628260 AND 4628360
	Index Only Scan using sbtest4_pkey on sbtest4  (cost=0.43..6.37 rows=97 width=4)
	  Index Cond: ((id >= 4628260) AND (id <= 4628360))

table 5 : explain SELECT id FROM sbtest5 WHERE id BETWEEN 4628260 AND 4628360
	Index Only Scan using sbtest5_pkey on sbtest5  (cost=0.43..6.75 rows=116 width=4)
	  Index Cond: ((id >= 4628260) AND (id <= 4628360))

table 6 : explain SELECT id FROM sbtest6 WHERE id BETWEEN 4628260 AND 4628360
	Index Only Scan using sbtest6_pkey on sbtest6  (cost=0.43..6.45 rows=101 width=4)
	  Index Cond: ((id >= 4628260) AND (id <= 4628360))

table 7 : explain SELECT id FROM sbtest7 WHERE id BETWEEN 4628260 AND 4628360
	Index Only Scan using sbtest7_pkey on sbtest7  (cost=0.43..6.37 rows=97 width=4)
	  Index Cond: ((id >= 4628260) AND (id <= 4628360))

table 8 : explain SELECT id FROM sbtest8 WHERE id BETWEEN 4628260 AND 4628360
	Index Only Scan using sbtest8_pkey on sbtest8  (cost=0.43..6.45 rows=101 width=4)
	  Index Cond: ((id >= 4628260) AND (id <= 4628360))

explain: for range-covered :: explain SELECT id FROM sbtest%d WHERE id BETWEEN 3891084 AND 3891184
for range-covered
table 1 : explain SELECT id FROM sbtest1 WHERE id BETWEEN 3770053 AND 3770153
	Index Only Scan using sbtest1_pkey on sbtest1  (cost=0.43..6.42 rows=99 width=4)
	  Index Cond: ((id >= 3770053) AND (id <= 3770153))

table 2 : explain SELECT id FROM sbtest2 WHERE id BETWEEN 3770053 AND 3770153
	Index Only Scan using sbtest2_pkey on sbtest2  (cost=0.43..6.63 rows=110 width=4)
	  Index Cond: ((id >= 3770053) AND (id <= 3770153))

table 3 : explain SELECT id FROM sbtest3 WHERE id BETWEEN 3770053 AND 3770153
	Index Only Scan using sbtest3_pkey on sbtest3  (cost=0.43..6.33 rows=95 width=4)
	  Index Cond: ((id >= 3770053) AND (id <= 3770153))

table 4 : explain SELECT id FROM sbtest4 WHERE id BETWEEN 3770053 AND 3770153
	Index Only Scan using sbtest4_pkey on sbtest4  (cost=0.43..6.45 rows=101 width=4)
	  Index Cond: ((id >= 3770053) AND (id <= 3770153))

table 5 : explain SELECT id FROM sbtest5 WHERE id BETWEEN 3770053 AND 3770153
	Index Only Scan using sbtest5_pkey on sbtest5  (cost=0.43..6.56 rows=106 width=4)
	  Index Cond: ((id >= 3770053) AND (id <= 3770153))

table 6 : explain SELECT id FROM sbtest6 WHERE id BETWEEN 3770053 AND 3770153
	Index Only Scan using sbtest6_pkey on sbtest6  (cost=0.43..6.35 rows=96 width=4)
	  Index Cond: ((id >= 3770053) AND (id <= 3770153))

table 7 : explain SELECT id FROM sbtest7 WHERE id BETWEEN 3770053 AND 3770153
	Index Only Scan using sbtest7_pkey on sbtest7  (cost=0.43..6.37 rows=97 width=4)
	  Index Cond: ((id >= 3770053) AND (id <= 3770153))

table 8 : explain SELECT id FROM sbtest8 WHERE id BETWEEN 3770053 AND 3770153
	Index Only Scan using sbtest8_pkey on sbtest8  (cost=0.43..6.37 rows=97 width=4)
	  Index Cond: ((id >= 3770053) AND (id <= 3770153))

for range-covered
table 1 : explain SELECT id FROM sbtest1 WHERE id BETWEEN 2517927 AND 2518027
	Index Only Scan using sbtest1_pkey on sbtest1  (cost=0.43..6.40 rows=98 width=4)
	  Index Cond: ((id >= 2517927) AND (id <= 2518027))

table 2 : explain SELECT id FROM sbtest2 WHERE id BETWEEN 2517927 AND 2518027
	Index Only Scan using sbtest2_pkey on sbtest2  (cost=0.43..6.45 rows=101 width=4)
	  Index Cond: ((id >= 2517927) AND (id <= 2518027))

table 3 : explain SELECT id FROM sbtest3 WHERE id BETWEEN 2517927 AND 2518027
	Index Only Scan using sbtest3_pkey on sbtest3  (cost=0.43..6.42 rows=99 width=4)
	  Index Cond: ((id >= 2517927) AND (id <= 2518027))

table 4 : explain SELECT id FROM sbtest4 WHERE id BETWEEN 2517927 AND 2518027
	Index Only Scan using sbtest4_pkey on sbtest4  (cost=0.43..6.63 rows=110 width=4)
	  Index Cond: ((id >= 2517927) AND (id <= 2518027))

table 5 : explain SELECT id FROM sbtest5 WHERE id BETWEEN 2517927 AND 2518027
	Index Only Scan using sbtest5_pkey on sbtest5  (cost=0.43..6.29 rows=93 width=4)
	  Index Cond: ((id >= 2517927) AND (id <= 2518027))

table 6 : explain SELECT id FROM sbtest6 WHERE id BETWEEN 2517927 AND 2518027
	Index Only Scan using sbtest6_pkey on sbtest6  (cost=0.43..6.50 rows=103 width=4)
	  Index Cond: ((id >= 2517927) AND (id <= 2518027))

table 7 : explain SELECT id FROM sbtest7 WHERE id BETWEEN 2517927 AND 2518027
	Index Only Scan using sbtest7_pkey on sbtest7  (cost=0.43..6.40 rows=98 width=4)
	  Index Cond: ((id >= 2517927) AND (id <= 2518027))

table 8 : explain SELECT id FROM sbtest8 WHERE id BETWEEN 2517927 AND 2518027
	Index Only Scan using sbtest8_pkey on sbtest8  (cost=0.43..6.45 rows=101 width=4)
	  Index Cond: ((id >= 2517927) AND (id <= 2518027))

explain: for range-covered :: explain SELECT id FROM sbtest%d WHERE id BETWEEN 4628260 AND 4628360
for range-covered
table 1 : explain SELECT id FROM sbtest1 WHERE id BETWEEN 3280485 AND 3280585
	Index Only Scan using sbtest1_pkey on sbtest1  (cost=0.43..6.61 rows=109 width=4)
	  Index Cond: ((id >= 3280485) AND (id <= 3280585))

table 2 : explain SELECT id FROM sbtest2 WHERE id BETWEEN 3280485 AND 3280585
	Index Only Scan using sbtest2_pkey on sbtest2  (cost=0.43..6.53 rows=105 width=4)
	  Index Cond: ((id >= 3280485) AND (id <= 3280585))

table 3 : explain SELECT id FROM sbtest3 WHERE id BETWEEN 3280485 AND 3280585
	Index Only Scan using sbtest3_pkey on sbtest3  (cost=0.43..6.63 rows=110 width=4)
	  Index Cond: ((id >= 3280485) AND (id <= 3280585))

table 4 : explain SELECT id FROM sbtest4 WHERE id BETWEEN 3280485 AND 3280585
	Index Only Scan using sbtest4_pkey on sbtest4  (cost=0.43..6.42 rows=99 width=4)
	  Index Cond: ((id >= 3280485) AND (id <= 3280585))

table 5 : explain SELECT id FROM sbtest5 WHERE id BETWEEN 3280485 AND 3280585
	Index Only Scan using sbtest5_pkey on sbtest5  (cost=0.43..6.72 rows=114 width=4)
	  Index Cond: ((id >= 3280485) AND (id <= 3280585))

table 6 : explain SELECT id FROM sbtest6 WHERE id BETWEEN 3280485 AND 3280585
	Index Only Scan using sbtest6_pkey on sbtest6  (cost=0.43..6.37 rows=97 width=4)
	  Index Cond: ((id >= 3280485) AND (id <= 3280585))

table 7 : explain SELECT id FROM sbtest7 WHERE id BETWEEN 3280485 AND 3280585
	Index Only Scan using sbtest7_pkey on sbtest7  (cost=0.43..6.29 rows=93 width=4)
	  Index Cond: ((id >= 3280485) AND (id <= 3280585))

table 8 : explain SELECT id FROM sbtest8 WHERE id BETWEEN 3280485 AND 3280585
	Index Only Scan using sbtest8_pkey on sbtest8  (cost=0.43..6.45 rows=101 width=4)
	  Index Cond: ((id >= 3280485) AND (id <= 3280585))

explain: for range-covered :: explain SELECT id FROM sbtest%d WHERE id BETWEEN 3770053 AND 3770153
for range-covered
table 1 : explain SELECT id FROM sbtest1 WHERE id BETWEEN 4306131 AND 4306231
	Index Only Scan using sbtest1_pkey on sbtest1  (cost=0.43..6.35 rows=96 width=4)
	  Index Cond: ((id >= 4306131) AND (id <= 4306231))

table 2 : explain SELECT id FROM sbtest2 WHERE id BETWEEN 4306131 AND 4306231
	Index Only Scan using sbtest2_pkey on sbtest2  (cost=0.43..6.32 rows=94 width=4)
	  Index Cond: ((id >= 4306131) AND (id <= 4306231))

table 3 : explain SELECT id FROM sbtest3 WHERE id BETWEEN 4306131 AND 4306231
	Index Only Scan using sbtest3_pkey on sbtest3  (cost=0.43..6.43 rows=100 width=4)
	  Index Cond: ((id >= 4306131) AND (id <= 4306231))

table 4 : explain SELECT id FROM sbtest4 WHERE id BETWEEN 4306131 AND 4306231
	Index Only Scan using sbtest4_pkey on sbtest4  (cost=0.43..6.61 rows=109 width=4)
	  Index Cond: ((id >= 4306131) AND (id <= 4306231))

table 5 : explain SELECT id FROM sbtest5 WHERE id BETWEEN 4306131 AND 4306231
	Index Only Scan using sbtest5_pkey on sbtest5  (cost=0.43..6.40 rows=98 width=4)
	  Index Cond: ((id >= 4306131) AND (id <= 4306231))

table 6 : explain SELECT id FROM sbtest6 WHERE id BETWEEN 4306131 AND 4306231
	Index Only Scan using sbtest6_pkey on sbtest6  (cost=0.43..6.59 rows=108 width=4)
	  Index Cond: ((id >= 4306131) AND (id <= 4306231))

table 7 : explain SELECT id FROM sbtest7 WHERE id BETWEEN 4306131 AND 4306231
	Index Only Scan using sbtest7_pkey on sbtest7  (cost=0.43..6.33 rows=95 width=4)
	  Index Cond: ((id >= 4306131) AND (id <= 4306231))

table 8 : explain SELECT id FROM sbtest8 WHERE id BETWEEN 4306131 AND 4306231
	Index Only Scan using sbtest8_pkey on sbtest8  (cost=0.43..6.40 rows=98 width=4)
	  Index Cond: ((id >= 4306131) AND (id <= 4306231))

for range-covered
table 1 : explain SELECT id FROM sbtest1 WHERE id BETWEEN 3963328 AND 3963428
	Index Only Scan using sbtest1_pkey on sbtest1  (cost=0.43..6.42 rows=99 width=4)
	  Index Cond: ((id >= 3963328) AND (id <= 3963428))

table 2 : explain SELECT id FROM sbtest2 WHERE id BETWEEN 3963328 AND 3963428
	Index Only Scan using sbtest2_pkey on sbtest2  (cost=0.43..6.50 rows=103 width=4)
	  Index Cond: ((id >= 3963328) AND (id <= 3963428))

table 3 : explain SELECT id FROM sbtest3 WHERE id BETWEEN 3963328 AND 3963428
	Index Only Scan using sbtest3_pkey on sbtest3  (cost=0.43..6.37 rows=97 width=4)
	  Index Cond: ((id >= 3963328) AND (id <= 3963428))

table 4 : explain SELECT id FROM sbtest4 WHERE id BETWEEN 3963328 AND 3963428
	Index Only Scan using sbtest4_pkey on sbtest4  (cost=0.43..6.67 rows=112 width=4)
	  Index Cond: ((id >= 3963328) AND (id <= 3963428))

table 5 : explain SELECT id FROM sbtest5 WHERE id BETWEEN 3963328 AND 3963428
	Index Only Scan using sbtest5_pkey on sbtest5  (cost=0.43..6.35 rows=96 width=4)
	  Index Cond: ((id >= 3963328) AND (id <= 3963428))

table 6 : explain SELECT id FROM sbtest6 WHERE id BETWEEN 3963328 AND 3963428
	Index Only Scan using sbtest6_pkey on sbtest6  (cost=0.43..6.63 rows=110 width=4)
	  Index Cond: ((id >= 3963328) AND (id <= 3963428))

table 7 : explain SELECT id FROM sbtest7 WHERE id BETWEEN 3963328 AND 3963428
	Index Only Scan using sbtest7_pkey on sbtest7  (cost=0.43..6.50 rows=103 width=4)
	  Index Cond: ((id >= 3963328) AND (id <= 3963428))

table 8 : explain SELECT id FROM sbtest8 WHERE id BETWEEN 3963328 AND 3963428
	Index Only Scan using sbtest8_pkey on sbtest8  (cost=0.43..6.42 rows=99 width=4)
	  Index Cond: ((id >= 3963328) AND (id <= 3963428))

explain: for range-covered :: explain SELECT id FROM sbtest%d WHERE id BETWEEN 4306131 AND 4306231
explain: for range-covered :: explain SELECT id FROM sbtest%d WHERE id BETWEEN 3963328 AND 3963428
for range-covered
table 1 : explain SELECT id FROM sbtest1 WHERE id BETWEEN 3891084 AND 3891184
	Index Only Scan using sbtest1_pkey on sbtest1  (cost=0.43..6.47 rows=102 width=4)
	  Index Cond: ((id >= 3891084) AND (id <= 3891184))

table 2 : explain SELECT id FROM sbtest2 WHERE id BETWEEN 3891084 AND 3891184
	Index Only Scan using sbtest2_pkey on sbtest2  (cost=0.43..6.50 rows=103 width=4)
	  Index Cond: ((id >= 3891084) AND (id <= 3891184))

table 3 : explain SELECT id FROM sbtest3 WHERE id BETWEEN 3891084 AND 3891184
	Index Only Scan using sbtest3_pkey on sbtest3  (cost=0.43..6.43 rows=100 width=4)
	  Index Cond: ((id >= 3891084) AND (id <= 3891184))

table 4 : explain SELECT id FROM sbtest4 WHERE id BETWEEN 3891084 AND 3891184
	Index Only Scan using sbtest4_pkey on sbtest4  (cost=0.43..6.67 rows=112 width=4)
	  Index Cond: ((id >= 3891084) AND (id <= 3891184))

table 5 : explain SELECT id FROM sbtest5 WHERE id BETWEEN 3891084 AND 3891184
	Index Only Scan using sbtest5_pkey on sbtest5  (cost=0.43..6.35 rows=96 width=4)
	  Index Cond: ((id >= 3891084) AND (id <= 3891184))

table 6 : explain SELECT id FROM sbtest6 WHERE id BETWEEN 3891084 AND 3891184
	Index Only Scan using sbtest6_pkey on sbtest6  (cost=0.43..6.27 rows=92 width=4)
	  Index Cond: ((id >= 3891084) AND (id <= 3891184))

table 7 : explain SELECT id FROM sbtest7 WHERE id BETWEEN 3891084 AND 3891184
	Index Only Scan using sbtest7_pkey on sbtest7  (cost=0.43..6.21 rows=89 width=4)
	  Index Cond: ((id >= 3891084) AND (id <= 3891184))

table 8 : explain SELECT id FROM sbtest8 WHERE id BETWEEN 3891084 AND 3891184
	Index Only Scan using sbtest8_pkey on sbtest8  (cost=0.43..6.42 rows=99 width=4)
	  Index Cond: ((id >= 3891084) AND (id <= 3891184))

explain: for range-covered :: explain SELECT id FROM sbtest%d WHERE id BETWEEN 3891084 AND 3891184
for range-covered
table 1 : explain SELECT id FROM sbtest1 WHERE id BETWEEN 4628260 AND 4628360
	Index Only Scan using sbtest1_pkey on sbtest1  (cost=0.43..6.45 rows=101 width=4)
	  Index Cond: ((id >= 4628260) AND (id <= 4628360))

table 2 : explain SELECT id FROM sbtest2 WHERE id BETWEEN 4628260 AND 4628360
	Index Only Scan using sbtest2_pkey on sbtest2  (cost=0.43..6.66 rows=111 width=4)
	  Index Cond: ((id >= 4628260) AND (id <= 4628360))

table 3 : explain SELECT id FROM sbtest3 WHERE id BETWEEN 4628260 AND 4628360
	Index Only Scan using sbtest3_pkey on sbtest3  (cost=0.43..6.45 rows=101 width=4)
	  Index Cond: ((id >= 4628260) AND (id <= 4628360))

table 4 : explain SELECT id FROM sbtest4 WHERE id BETWEEN 4628260 AND 4628360
	Index Only Scan using sbtest4_pkey on sbtest4  (cost=0.43..6.37 rows=97 width=4)
	  Index Cond: ((id >= 4628260) AND (id <= 4628360))

table 5 : explain SELECT id FROM sbtest5 WHERE id BETWEEN 4628260 AND 4628360
	Index Only Scan using sbtest5_pkey on sbtest5  (cost=0.43..6.75 rows=116 width=4)
	  Index Cond: ((id >= 4628260) AND (id <= 4628360))

table 6 : explain SELECT id FROM sbtest6 WHERE id BETWEEN 4628260 AND 4628360
	Index Only Scan using sbtest6_pkey on sbtest6  (cost=0.43..6.45 rows=101 width=4)
	  Index Cond: ((id >= 4628260) AND (id <= 4628360))

table 7 : explain SELECT id FROM sbtest7 WHERE id BETWEEN 4628260 AND 4628360
	Index Only Scan using sbtest7_pkey on sbtest7  (cost=0.43..6.37 rows=97 width=4)
	  Index Cond: ((id >= 4628260) AND (id <= 4628360))

table 8 : explain SELECT id FROM sbtest8 WHERE id BETWEEN 4628260 AND 4628360
	Index Only Scan using sbtest8_pkey on sbtest8  (cost=0.43..6.45 rows=101 width=4)
	  Index Cond: ((id >= 4628260) AND (id <= 4628360))

explain: for range-covered :: explain SELECT id FROM sbtest%d WHERE id BETWEEN 4628260 AND 4628360
for range-covered
table 1 : explain SELECT id FROM sbtest1 WHERE id BETWEEN 6106679 AND 6106779
	Index Only Scan using sbtest1_pkey on sbtest1  (cost=0.43..6.32 rows=94 width=4)
	  Index Cond: ((id >= 6106679) AND (id <= 6106779))

table 2 : explain SELECT id FROM sbtest2 WHERE id BETWEEN 6106679 AND 6106779
	Index Only Scan using sbtest2_pkey on sbtest2  (cost=0.43..6.50 rows=103 width=4)
	  Index Cond: ((id >= 6106679) AND (id <= 6106779))

table 3 : explain SELECT id FROM sbtest3 WHERE id BETWEEN 6106679 AND 6106779
	Index Only Scan using sbtest3_pkey on sbtest3  (cost=0.43..6.35 rows=96 width=4)
	  Index Cond: ((id >= 6106679) AND (id <= 6106779))

table 4 : explain SELECT id FROM sbtest4 WHERE id BETWEEN 6106679 AND 6106779
	Index Only Scan using sbtest4_pkey on sbtest4  (cost=0.43..6.53 rows=105 width=4)
	  Index Cond: ((id >= 6106679) AND (id <= 6106779))

table 5 : explain SELECT id FROM sbtest5 WHERE id BETWEEN 6106679 AND 6106779
	Index Only Scan using sbtest5_pkey on sbtest5  (cost=0.43..6.53 rows=105 width=4)
	  Index Cond: ((id >= 6106679) AND (id <= 6106779))

table 6 : explain SELECT id FROM sbtest6 WHERE id BETWEEN 6106679 AND 6106779
	Index Only Scan using sbtest6_pkey on sbtest6  (cost=0.43..6.43 rows=100 width=4)
	  Index Cond: ((id >= 6106679) AND (id <= 6106779))

table 7 : explain SELECT id FROM sbtest7 WHERE id BETWEEN 6106679 AND 6106779
	Index Only Scan using sbtest7_pkey on sbtest7  (cost=0.43..6.47 rows=102 width=4)
	  Index Cond: ((id >= 6106679) AND (id <= 6106779))

table 8 : explain SELECT id FROM sbtest8 WHERE id BETWEEN 6106679 AND 6106779
	Index Only Scan using sbtest8_pkey on sbtest8  (cost=0.43..6.59 rows=108 width=4)
	  Index Cond: ((id >= 6106679) AND (id <= 6106779))

for range-covered
table 1 : explain SELECT id FROM sbtest1 WHERE id BETWEEN 4306131 AND 4306231
	Index Only Scan using sbtest1_pkey on sbtest1  (cost=0.43..6.35 rows=96 width=4)
	  Index Cond: ((id >= 4306131) AND (id <= 4306231))

table 2 : explain SELECT id FROM sbtest2 WHERE id BETWEEN 4306131 AND 4306231
	Index Only Scan using sbtest2_pkey on sbtest2  (cost=0.43..6.32 rows=94 width=4)
	  Index Cond: ((id >= 4306131) AND (id <= 4306231))

table 3 : explain SELECT id FROM sbtest3 WHERE id BETWEEN 4306131 AND 4306231
	Index Only Scan using sbtest3_pkey on sbtest3  (cost=0.43..6.43 rows=100 width=4)
	  Index Cond: ((id >= 4306131) AND (id <= 4306231))

table 4 : explain SELECT id FROM sbtest4 WHERE id BETWEEN 4306131 AND 4306231
	Index Only Scan using sbtest4_pkey on sbtest4  (cost=0.43..6.61 rows=109 width=4)
	  Index Cond: ((id >= 4306131) AND (id <= 4306231))

table 5 : explain SELECT id FROM sbtest5 WHERE id BETWEEN 4306131 AND 4306231
	Index Only Scan using sbtest5_pkey on sbtest5  (cost=0.43..6.40 rows=98 width=4)
	  Index Cond: ((id >= 4306131) AND (id <= 4306231))

table 6 : explain SELECT id FROM sbtest6 WHERE id BETWEEN 4306131 AND 4306231
	Index Only Scan using sbtest6_pkey on sbtest6  (cost=0.43..6.59 rows=108 width=4)
	  Index Cond: ((id >= 4306131) AND (id <= 4306231))

table 7 : explain SELECT id FROM sbtest7 WHERE id BETWEEN 4306131 AND 4306231
	Index Only Scan using sbtest7_pkey on sbtest7  (cost=0.43..6.33 rows=95 width=4)
	  Index Cond: ((id >= 4306131) AND (id <= 4306231))

table 8 : explain SELECT id FROM sbtest8 WHERE id BETWEEN 4306131 AND 4306231
	Index Only Scan using sbtest8_pkey on sbtest8  (cost=0.43..6.40 rows=98 width=4)
	  Index Cond: ((id >= 4306131) AND (id <= 4306231))

explain: for range-covered :: explain SELECT id FROM sbtest%d WHERE id BETWEEN 6106679 AND 6106779
explain: for range-covered :: explain SELECT id FROM sbtest%d WHERE id BETWEEN 4306131 AND 4306231
for range-covered
table 1 : explain SELECT id FROM sbtest1 WHERE id BETWEEN 3891084 AND 3891184
	Index Only Scan using sbtest1_pkey on sbtest1  (cost=0.43..6.47 rows=102 width=4)
	  Index Cond: ((id >= 3891084) AND (id <= 3891184))

table 2 : explain SELECT id FROM sbtest2 WHERE id BETWEEN 3891084 AND 3891184
	Index Only Scan using sbtest2_pkey on sbtest2  (cost=0.43..6.50 rows=103 width=4)
	  Index Cond: ((id >= 3891084) AND (id <= 3891184))

table 3 : explain SELECT id FROM sbtest3 WHERE id BETWEEN 3891084 AND 3891184
	Index Only Scan using sbtest3_pkey on sbtest3  (cost=0.43..6.43 rows=100 width=4)
	  Index Cond: ((id >= 3891084) AND (id <= 3891184))

table 4 : explain SELECT id FROM sbtest4 WHERE id BETWEEN 3891084 AND 3891184
	Index Only Scan using sbtest4_pkey on sbtest4  (cost=0.43..6.67 rows=112 width=4)
	  Index Cond: ((id >= 3891084) AND (id <= 3891184))

table 5 : explain SELECT id FROM sbtest5 WHERE id BETWEEN 3891084 AND 3891184
	Index Only Scan using sbtest5_pkey on sbtest5  (cost=0.43..6.35 rows=96 width=4)
	  Index Cond: ((id >= 3891084) AND (id <= 3891184))

table 6 : explain SELECT id FROM sbtest6 WHERE id BETWEEN 3891084 AND 3891184
	Index Only Scan using sbtest6_pkey on sbtest6  (cost=0.43..6.27 rows=92 width=4)
	  Index Cond: ((id >= 3891084) AND (id <= 3891184))

table 7 : explain SELECT id FROM sbtest7 WHERE id BETWEEN 3891084 AND 3891184
	Index Only Scan using sbtest7_pkey on sbtest7  (cost=0.43..6.21 rows=89 width=4)
	  Index Cond: ((id >= 3891084) AND (id <= 3891184))

table 8 : explain SELECT id FROM sbtest8 WHERE id BETWEEN 3891084 AND 3891184
	Index Only Scan using sbtest8_pkey on sbtest8  (cost=0.43..6.42 rows=99 width=4)
	  Index Cond: ((id >= 3891084) AND (id <= 3891184))

for range-covered
table 1 : explain SELECT id FROM sbtest1 WHERE id BETWEEN 4628260 AND 4628360
	Index Only Scan using sbtest1_pkey on sbtest1  (cost=0.43..6.45 rows=101 width=4)
	  Index Cond: ((id >= 4628260) AND (id <= 4628360))

table 2 : explain SELECT id FROM sbtest2 WHERE id BETWEEN 4628260 AND 4628360
	Index Only Scan using sbtest2_pkey on sbtest2  (cost=0.43..6.66 rows=111 width=4)
	  Index Cond: ((id >= 4628260) AND (id <= 4628360))

table 3 : explain SELECT id FROM sbtest3 WHERE id BETWEEN 4628260 AND 4628360
	Index Only Scan using sbtest3_pkey on sbtest3  (cost=0.43..6.45 rows=101 width=4)
	  Index Cond: ((id >= 4628260) AND (id <= 4628360))

table 4 : explain SELECT id FROM sbtest4 WHERE id BETWEEN 4628260 AND 4628360
	Index Only Scan using sbtest4_pkey on sbtest4  (cost=0.43..6.37 rows=97 width=4)
	  Index Cond: ((id >= 4628260) AND (id <= 4628360))

table 5 : explain SELECT id FROM sbtest5 WHERE id BETWEEN 4628260 AND 4628360
	Index Only Scan using sbtest5_pkey on sbtest5  (cost=0.43..6.75 rows=116 width=4)
	  Index Cond: ((id >= 4628260) AND (id <= 4628360))

table 6 : explain SELECT id FROM sbtest6 WHERE id BETWEEN 4628260 AND 4628360
	Index Only Scan using sbtest6_pkey on sbtest6  (cost=0.43..6.45 rows=101 width=4)
	  Index Cond: ((id >= 4628260) AND (id <= 4628360))

table 7 : explain SELECT id FROM sbtest7 WHERE id BETWEEN 4628260 AND 4628360
	Index Only Scan using sbtest7_pkey on sbtest7  (cost=0.43..6.37 rows=97 width=4)
	  Index Cond: ((id >= 4628260) AND (id <= 4628360))

table 8 : explain SELECT id FROM sbtest8 WHERE id BETWEEN 4628260 AND 4628360
	Index Only Scan using sbtest8_pkey on sbtest8  (cost=0.43..6.45 rows=101 width=4)
	  Index Cond: ((id >= 4628260) AND (id <= 4628360))

for range-covered
table 1 : explain SELECT id FROM sbtest1 WHERE id BETWEEN 3770053 AND 3770153
	Index Only Scan using sbtest1_pkey on sbtest1  (cost=0.43..6.42 rows=99 width=4)
	  Index Cond: ((id >= 3770053) AND (id <= 3770153))

table 2 : explain SELECT id FROM sbtest2 WHERE id BETWEEN 3770053 AND 3770153
	Index Only Scan using sbtest2_pkey on sbtest2  (cost=0.43..6.63 rows=110 width=4)
	  Index Cond: ((id >= 3770053) AND (id <= 3770153))

table 3 : explain SELECT id FROM sbtest3 WHERE id BETWEEN 3770053 AND 3770153
	Index Only Scan using sbtest3_pkey on sbtest3  (cost=0.43..6.33 rows=95 width=4)
	  Index Cond: ((id >= 3770053) AND (id <= 3770153))

table 4 : explain SELECT id FROM sbtest4 WHERE id BETWEEN 3770053 AND 3770153
	Index Only Scan using sbtest4_pkey on sbtest4  (cost=0.43..6.45 rows=101 width=4)
	  Index Cond: ((id >= 3770053) AND (id <= 3770153))

table 5 : explain SELECT id FROM sbtest5 WHERE id BETWEEN 3770053 AND 3770153
	Index Only Scan using sbtest5_pkey on sbtest5  (cost=0.43..6.56 rows=106 width=4)
	  Index Cond: ((id >= 3770053) AND (id <= 3770153))

table 6 : explain SELECT id FROM sbtest6 WHERE id BETWEEN 3770053 AND 3770153
	Index Only Scan using sbtest6_pkey on sbtest6  (cost=0.43..6.35 rows=96 width=4)
	  Index Cond: ((id >= 3770053) AND (id <= 3770153))

table 7 : explain SELECT id FROM sbtest7 WHERE id BETWEEN 3770053 AND 3770153
	Index Only Scan using sbtest7_pkey on sbtest7  (cost=0.43..6.37 rows=97 width=4)
	  Index Cond: ((id >= 3770053) AND (id <= 3770153))

table 8 : explain SELECT id FROM sbtest8 WHERE id BETWEEN 3770053 AND 3770153
	Index Only Scan using sbtest8_pkey on sbtest8  (cost=0.43..6.37 rows=97 width=4)
	  Index Cond: ((id >= 3770053) AND (id <= 3770153))

explain: for range-covered :: explain SELECT id FROM sbtest%d WHERE id BETWEEN 4628260 AND 4628360
explain: for range-covered :: explain SELECT id FROM sbtest%d WHERE id BETWEEN 3770053 AND 3770153
for range-covered
table 1 : explain SELECT id FROM sbtest1 WHERE id BETWEEN 3963328 AND 3963428
	Index Only Scan using sbtest1_pkey on sbtest1  (cost=0.43..6.42 rows=99 width=4)
	  Index Cond: ((id >= 3963328) AND (id <= 3963428))

table 2 : explain SELECT id FROM sbtest2 WHERE id BETWEEN 3963328 AND 3963428
	Index Only Scan using sbtest2_pkey on sbtest2  (cost=0.43..6.50 rows=103 width=4)
	  Index Cond: ((id >= 3963328) AND (id <= 3963428))

table 3 : explain SELECT id FROM sbtest3 WHERE id BETWEEN 3963328 AND 3963428
	Index Only Scan using sbtest3_pkey on sbtest3  (cost=0.43..6.37 rows=97 width=4)
	  Index Cond: ((id >= 3963328) AND (id <= 3963428))

table 4 : explain SELECT id FROM sbtest4 WHERE id BETWEEN 3963328 AND 3963428
	Index Only Scan using sbtest4_pkey on sbtest4  (cost=0.43..6.67 rows=112 width=4)
	  Index Cond: ((id >= 3963328) AND (id <= 3963428))

table 5 : explain SELECT id FROM sbtest5 WHERE id BETWEEN 3963328 AND 3963428
	Index Only Scan using sbtest5_pkey on sbtest5  (cost=0.43..6.35 rows=96 width=4)
	  Index Cond: ((id >= 3963328) AND (id <= 3963428))

table 6 : explain SELECT id FROM sbtest6 WHERE id BETWEEN 3963328 AND 3963428
	Index Only Scan using sbtest6_pkey on sbtest6  (cost=0.43..6.63 rows=110 width=4)
	  Index Cond: ((id >= 3963328) AND (id <= 3963428))

table 7 : explain SELECT id FROM sbtest7 WHERE id BETWEEN 3963328 AND 3963428
	Index Only Scan using sbtest7_pkey on sbtest7  (cost=0.43..6.50 rows=103 width=4)
	  Index Cond: ((id >= 3963328) AND (id <= 3963428))

table 8 : explain SELECT id FROM sbtest8 WHERE id BETWEEN 3963328 AND 3963428
	Index Only Scan using sbtest8_pkey on sbtest8  (cost=0.43..6.42 rows=99 width=4)
	  Index Cond: ((id >= 3963328) AND (id <= 3963428))

explain: for range-covered :: explain SELECT id FROM sbtest%d WHERE id BETWEEN 3963328 AND 3963428
explain: for range-covered :: explain SELECT id FROM sbtest%d WHERE id BETWEEN 8647263 AND 8647363
for range-covered
table 1 : explain SELECT id FROM sbtest1 WHERE id BETWEEN 6106679 AND 6106779
	Index Only Scan using sbtest1_pkey on sbtest1  (cost=0.43..6.32 rows=94 width=4)
	  Index Cond: ((id >= 6106679) AND (id <= 6106779))

table 2 : explain SELECT id FROM sbtest2 WHERE id BETWEEN 6106679 AND 6106779
	Index Only Scan using sbtest2_pkey on sbtest2  (cost=0.43..6.50 rows=103 width=4)
	  Index Cond: ((id >= 6106679) AND (id <= 6106779))

table 3 : explain SELECT id FROM sbtest3 WHERE id BETWEEN 6106679 AND 6106779
	Index Only Scan using sbtest3_pkey on sbtest3  (cost=0.43..6.35 rows=96 width=4)
	  Index Cond: ((id >= 6106679) AND (id <= 6106779))

table 4 : explain SELECT id FROM sbtest4 WHERE id BETWEEN 6106679 AND 6106779
	Index Only Scan using sbtest4_pkey on sbtest4  (cost=0.43..6.53 rows=105 width=4)
	  Index Cond: ((id >= 6106679) AND (id <= 6106779))

table 5 : explain SELECT id FROM sbtest5 WHERE id BETWEEN 6106679 AND 6106779
	Index Only Scan using sbtest5_pkey on sbtest5  (cost=0.43..6.53 rows=105 width=4)
	  Index Cond: ((id >= 6106679) AND (id <= 6106779))

table 6 : explain SELECT id FROM sbtest6 WHERE id BETWEEN 6106679 AND 6106779
	Index Only Scan using sbtest6_pkey on sbtest6  (cost=0.43..6.43 rows=100 width=4)
	  Index Cond: ((id >= 6106679) AND (id <= 6106779))

table 7 : explain SELECT id FROM sbtest7 WHERE id BETWEEN 6106679 AND 6106779
	Index Only Scan using sbtest7_pkey on sbtest7  (cost=0.43..6.47 rows=102 width=4)
	  Index Cond: ((id >= 6106679) AND (id <= 6106779))

table 8 : explain SELECT id FROM sbtest8 WHERE id BETWEEN 6106679 AND 6106779
	Index Only Scan using sbtest8_pkey on sbtest8  (cost=0.43..6.59 rows=108 width=4)
	  Index Cond: ((id >= 6106679) AND (id <= 6106779))

explain: for range-covered :: explain SELECT id FROM sbtest%d WHERE id BETWEEN 6106679 AND 6106779
for range-covered
table 1 : explain SELECT id FROM sbtest1 WHERE id BETWEEN 3770053 AND 3770153
	Index Only Scan using sbtest1_pkey on sbtest1  (cost=0.43..6.42 rows=99 width=4)
	  Index Cond: ((id >= 3770053) AND (id <= 3770153))

table 2 : explain SELECT id FROM sbtest2 WHERE id BETWEEN 3770053 AND 3770153
	Index Only Scan using sbtest2_pkey on sbtest2  (cost=0.43..6.63 rows=110 width=4)
	  Index Cond: ((id >= 3770053) AND (id <= 3770153))

table 3 : explain SELECT id FROM sbtest3 WHERE id BETWEEN 3770053 AND 3770153
	Index Only Scan using sbtest3_pkey on sbtest3  (cost=0.43..6.33 rows=95 width=4)
	  Index Cond: ((id >= 3770053) AND (id <= 3770153))

table 4 : explain SELECT id FROM sbtest4 WHERE id BETWEEN 3770053 AND 3770153
	Index Only Scan using sbtest4_pkey on sbtest4  (cost=0.43..6.45 rows=101 width=4)
	  Index Cond: ((id >= 3770053) AND (id <= 3770153))

table 5 : explain SELECT id FROM sbtest5 WHERE id BETWEEN 3770053 AND 3770153
	Index Only Scan using sbtest5_pkey on sbtest5  (cost=0.43..6.56 rows=106 width=4)
	  Index Cond: ((id >= 3770053) AND (id <= 3770153))

table 6 : explain SELECT id FROM sbtest6 WHERE id BETWEEN 3770053 AND 3770153
	Index Only Scan using sbtest6_pkey on sbtest6  (cost=0.43..6.35 rows=96 width=4)
	  Index Cond: ((id >= 3770053) AND (id <= 3770153))

table 7 : explain SELECT id FROM sbtest7 WHERE id BETWEEN 3770053 AND 3770153
	Index Only Scan using sbtest7_pkey on sbtest7  (cost=0.43..6.37 rows=97 width=4)
	  Index Cond: ((id >= 3770053) AND (id <= 3770153))

table 8 : explain SELECT id FROM sbtest8 WHERE id BETWEEN 3770053 AND 3770153
	Index Only Scan using sbtest8_pkey on sbtest8  (cost=0.43..6.37 rows=97 width=4)
	  Index Cond: ((id >= 3770053) AND (id <= 3770153))

for range-covered
table 1 : explain SELECT id FROM sbtest1 WHERE id BETWEEN 4628260 AND 4628360
	Index Only Scan using sbtest1_pkey on sbtest1  (cost=0.43..6.45 rows=101 width=4)
	  Index Cond: ((id >= 4628260) AND (id <= 4628360))

table 2 : explain SELECT id FROM sbtest2 WHERE id BETWEEN 4628260 AND 4628360
	Index Only Scan using sbtest2_pkey on sbtest2  (cost=0.43..6.66 rows=111 width=4)
	  Index Cond: ((id >= 4628260) AND (id <= 4628360))

table 3 : explain SELECT id FROM sbtest3 WHERE id BETWEEN 4628260 AND 4628360
	Index Only Scan using sbtest3_pkey on sbtest3  (cost=0.43..6.45 rows=101 width=4)
	  Index Cond: ((id >= 4628260) AND (id <= 4628360))

table 4 : explain SELECT id FROM sbtest4 WHERE id BETWEEN 4628260 AND 4628360
	Index Only Scan using sbtest4_pkey on sbtest4  (cost=0.43..6.37 rows=97 width=4)
	  Index Cond: ((id >= 4628260) AND (id <= 4628360))

table 5 : explain SELECT id FROM sbtest5 WHERE id BETWEEN 4628260 AND 4628360
	Index Only Scan using sbtest5_pkey on sbtest5  (cost=0.43..6.75 rows=116 width=4)
	  Index Cond: ((id >= 4628260) AND (id <= 4628360))

table 6 : explain SELECT id FROM sbtest6 WHERE id BETWEEN 4628260 AND 4628360
	Index Only Scan using sbtest6_pkey on sbtest6  (cost=0.43..6.45 rows=101 width=4)
	  Index Cond: ((id >= 4628260) AND (id <= 4628360))

table 7 : explain SELECT id FROM sbtest7 WHERE id BETWEEN 4628260 AND 4628360
	Index Only Scan using sbtest7_pkey on sbtest7  (cost=0.43..6.37 rows=97 width=4)
	  Index Cond: ((id >= 4628260) AND (id <= 4628360))

table 8 : explain SELECT id FROM sbtest8 WHERE id BETWEEN 4628260 AND 4628360
	Index Only Scan using sbtest8_pkey on sbtest8  (cost=0.43..6.45 rows=101 width=4)
	  Index Cond: ((id >= 4628260) AND (id <= 4628360))

explain: for range-covered :: explain SELECT id FROM sbtest%d WHERE id BETWEEN 3770053 AND 3770153
for range-covered
table 1 : explain SELECT id FROM sbtest1 WHERE id BETWEEN 3963328 AND 3963428
	Index Only Scan using sbtest1_pkey on sbtest1  (cost=0.43..6.42 rows=99 width=4)
	  Index Cond: ((id >= 3963328) AND (id <= 3963428))

table 2 : explain SELECT id FROM sbtest2 WHERE id BETWEEN 3963328 AND 3963428
	Index Only Scan using sbtest2_pkey on sbtest2  (cost=0.43..6.50 rows=103 width=4)
	  Index Cond: ((id >= 3963328) AND (id <= 3963428))

table 3 : explain SELECT id FROM sbtest3 WHERE id BETWEEN 3963328 AND 3963428
	Index Only Scan using sbtest3_pkey on sbtest3  (cost=0.43..6.37 rows=97 width=4)
	  Index Cond: ((id >= 3963328) AND (id <= 3963428))

table 4 : explain SELECT id FROM sbtest4 WHERE id BETWEEN 3963328 AND 3963428
	Index Only Scan using sbtest4_pkey on sbtest4  (cost=0.43..6.67 rows=112 width=4)
	  Index Cond: ((id >= 3963328) AND (id <= 3963428))

table 5 : explain SELECT id FROM sbtest5 WHERE id BETWEEN 3963328 AND 3963428
	Index Only Scan using sbtest5_pkey on sbtest5  (cost=0.43..6.35 rows=96 width=4)
	  Index Cond: ((id >= 3963328) AND (id <= 3963428))

table 6 : explain SELECT id FROM sbtest6 WHERE id BETWEEN 3963328 AND 3963428
	Index Only Scan using sbtest6_pkey on sbtest6  (cost=0.43..6.63 rows=110 width=4)
	  Index Cond: ((id >= 3963328) AND (id <= 3963428))

table 7 : explain SELECT id FROM sbtest7 WHERE id BETWEEN 3963328 AND 3963428
	Index Only Scan using sbtest7_pkey on sbtest7  (cost=0.43..6.50 rows=103 width=4)
	  Index Cond: ((id >= 3963328) AND (id <= 3963428))

table 8 : explain SELECT id FROM sbtest8 WHERE id BETWEEN 3963328 AND 3963428
	Index Only Scan using sbtest8_pkey on sbtest8  (cost=0.43..6.42 rows=99 width=4)
	  Index Cond: ((id >= 3963328) AND (id <= 3963428))

explain: for range-covered :: explain SELECT id FROM sbtest%d WHERE id BETWEEN 3963328 AND 3963428
explain: for range-covered :: explain SELECT id FROM sbtest%d WHERE id BETWEEN 5394879 AND 5394979
for range-covered
table 1 : explain SELECT id FROM sbtest1 WHERE id BETWEEN 6106679 AND 6106779
	Index Only Scan using sbtest1_pkey on sbtest1  (cost=0.43..6.32 rows=94 width=4)
	  Index Cond: ((id >= 6106679) AND (id <= 6106779))

table 2 : explain SELECT id FROM sbtest2 WHERE id BETWEEN 6106679 AND 6106779
	Index Only Scan using sbtest2_pkey on sbtest2  (cost=0.43..6.50 rows=103 width=4)
	  Index Cond: ((id >= 6106679) AND (id <= 6106779))

table 3 : explain SELECT id FROM sbtest3 WHERE id BETWEEN 6106679 AND 6106779
	Index Only Scan using sbtest3_pkey on sbtest3  (cost=0.43..6.35 rows=96 width=4)
	  Index Cond: ((id >= 6106679) AND (id <= 6106779))

table 4 : explain SELECT id FROM sbtest4 WHERE id BETWEEN 6106679 AND 6106779
	Index Only Scan using sbtest4_pkey on sbtest4  (cost=0.43..6.53 rows=105 width=4)
	  Index Cond: ((id >= 6106679) AND (id <= 6106779))

table 5 : explain SELECT id FROM sbtest5 WHERE id BETWEEN 6106679 AND 6106779
	Index Only Scan using sbtest5_pkey on sbtest5  (cost=0.43..6.53 rows=105 width=4)
	  Index Cond: ((id >= 6106679) AND (id <= 6106779))

table 6 : explain SELECT id FROM sbtest6 WHERE id BETWEEN 6106679 AND 6106779
	Index Only Scan using sbtest6_pkey on sbtest6  (cost=0.43..6.43 rows=100 width=4)
	  Index Cond: ((id >= 6106679) AND (id <= 6106779))

table 7 : explain SELECT id FROM sbtest7 WHERE id BETWEEN 6106679 AND 6106779
	Index Only Scan using sbtest7_pkey on sbtest7  (cost=0.43..6.47 rows=102 width=4)
	  Index Cond: ((id >= 6106679) AND (id <= 6106779))

table 8 : explain SELECT id FROM sbtest8 WHERE id BETWEEN 6106679 AND 6106779
	Index Only Scan using sbtest8_pkey on sbtest8  (cost=0.43..6.59 rows=108 width=4)
	  Index Cond: ((id >= 6106679) AND (id <= 6106779))

for range-covered
table 1 : explain SELECT id FROM sbtest1 WHERE id BETWEEN 3770053 AND 3770153
	Index Only Scan using sbtest1_pkey on sbtest1  (cost=0.43..6.42 rows=99 width=4)
	  Index Cond: ((id >= 3770053) AND (id <= 3770153))

table 2 : explain SELECT id FROM sbtest2 WHERE id BETWEEN 3770053 AND 3770153
	Index Only Scan using sbtest2_pkey on sbtest2  (cost=0.43..6.63 rows=110 width=4)
	  Index Cond: ((id >= 3770053) AND (id <= 3770153))

table 3 : explain SELECT id FROM sbtest3 WHERE id BETWEEN 3770053 AND 3770153
	Index Only Scan using sbtest3_pkey on sbtest3  (cost=0.43..6.33 rows=95 width=4)
	  Index Cond: ((id >= 3770053) AND (id <= 3770153))

table 4 : explain SELECT id FROM sbtest4 WHERE id BETWEEN 3770053 AND 3770153
	Index Only Scan using sbtest4_pkey on sbtest4  (cost=0.43..6.45 rows=101 width=4)
	  Index Cond: ((id >= 3770053) AND (id <= 3770153))

table 5 : explain SELECT id FROM sbtest5 WHERE id BETWEEN 3770053 AND 3770153
	Index Only Scan using sbtest5_pkey on sbtest5  (cost=0.43..6.56 rows=106 width=4)
	  Index Cond: ((id >= 3770053) AND (id <= 3770153))

table 6 : explain SELECT id FROM sbtest6 WHERE id BETWEEN 3770053 AND 3770153
	Index Only Scan using sbtest6_pkey on sbtest6  (cost=0.43..6.35 rows=96 width=4)
	  Index Cond: ((id >= 3770053) AND (id <= 3770153))

table 7 : explain SELECT id FROM sbtest7 WHERE id BETWEEN 3770053 AND 3770153
	Index Only Scan using sbtest7_pkey on sbtest7  (cost=0.43..6.37 rows=97 width=4)
	  Index Cond: ((id >= 3770053) AND (id <= 3770153))

table 8 : explain SELECT id FROM sbtest8 WHERE id BETWEEN 3770053 AND 3770153
	Index Only Scan using sbtest8_pkey on sbtest8  (cost=0.43..6.37 rows=97 width=4)
	  Index Cond: ((id >= 3770053) AND (id <= 3770153))

explain: for range-covered :: explain SELECT id FROM sbtest%d WHERE id BETWEEN 6106679 AND 6106779
explain: for range-covered :: explain SELECT id FROM sbtest%d WHERE id BETWEEN 3770053 AND 3770153
for range-covered
table 1 : explain SELECT id FROM sbtest1 WHERE id BETWEEN 3963328 AND 3963428
	Index Only Scan using sbtest1_pkey on sbtest1  (cost=0.43..6.42 rows=99 width=4)
	  Index Cond: ((id >= 3963328) AND (id <= 3963428))

table 2 : explain SELECT id FROM sbtest2 WHERE id BETWEEN 3963328 AND 3963428
	Index Only Scan using sbtest2_pkey on sbtest2  (cost=0.43..6.50 rows=103 width=4)
	  Index Cond: ((id >= 3963328) AND (id <= 3963428))

table 3 : explain SELECT id FROM sbtest3 WHERE id BETWEEN 3963328 AND 3963428
	Index Only Scan using sbtest3_pkey on sbtest3  (cost=0.43..6.37 rows=97 width=4)
	  Index Cond: ((id >= 3963328) AND (id <= 3963428))

table 4 : explain SELECT id FROM sbtest4 WHERE id BETWEEN 3963328 AND 3963428
	Index Only Scan using sbtest4_pkey on sbtest4  (cost=0.43..6.67 rows=112 width=4)
	  Index Cond: ((id >= 3963328) AND (id <= 3963428))

table 5 : explain SELECT id FROM sbtest5 WHERE id BETWEEN 3963328 AND 3963428
	Index Only Scan using sbtest5_pkey on sbtest5  (cost=0.43..6.35 rows=96 width=4)
	  Index Cond: ((id >= 3963328) AND (id <= 3963428))

table 6 : explain SELECT id FROM sbtest6 WHERE id BETWEEN 3963328 AND 3963428
	Index Only Scan using sbtest6_pkey on sbtest6  (cost=0.43..6.63 rows=110 width=4)
	  Index Cond: ((id >= 3963328) AND (id <= 3963428))

table 7 : explain SELECT id FROM sbtest7 WHERE id BETWEEN 3963328 AND 3963428
	Index Only Scan using sbtest7_pkey on sbtest7  (cost=0.43..6.50 rows=103 width=4)
	  Index Cond: ((id >= 3963328) AND (id <= 3963428))

table 8 : explain SELECT id FROM sbtest8 WHERE id BETWEEN 3963328 AND 3963428
	Index Only Scan using sbtest8_pkey on sbtest8  (cost=0.43..6.42 rows=99 width=4)
	  Index Cond: ((id >= 3963328) AND (id <= 3963428))

explain: for range-covered :: explain SELECT id FROM sbtest%d WHERE id BETWEEN 3963328 AND 3963428
explain: for range-covered :: explain SELECT id FROM sbtest%d WHERE id BETWEEN 4002435 AND 4002535
for range-covered
table 1 : explain SELECT id FROM sbtest1 WHERE id BETWEEN 6106679 AND 6106779
	Index Only Scan using sbtest1_pkey on sbtest1  (cost=0.43..6.32 rows=94 width=4)
	  Index Cond: ((id >= 6106679) AND (id <= 6106779))

table 2 : explain SELECT id FROM sbtest2 WHERE id BETWEEN 6106679 AND 6106779
	Index Only Scan using sbtest2_pkey on sbtest2  (cost=0.43..6.50 rows=103 width=4)
	  Index Cond: ((id >= 6106679) AND (id <= 6106779))

table 3 : explain SELECT id FROM sbtest3 WHERE id BETWEEN 6106679 AND 6106779
	Index Only Scan using sbtest3_pkey on sbtest3  (cost=0.43..6.35 rows=96 width=4)
	  Index Cond: ((id >= 6106679) AND (id <= 6106779))

table 4 : explain SELECT id FROM sbtest4 WHERE id BETWEEN 6106679 AND 6106779
	Index Only Scan using sbtest4_pkey on sbtest4  (cost=0.43..6.53 rows=105 width=4)
	  Index Cond: ((id >= 6106679) AND (id <= 6106779))

table 5 : explain SELECT id FROM sbtest5 WHERE id BETWEEN 6106679 AND 6106779
	Index Only Scan using sbtest5_pkey on sbtest5  (cost=0.43..6.53 rows=105 width=4)
	  Index Cond: ((id >= 6106679) AND (id <= 6106779))

table 6 : explain SELECT id FROM sbtest6 WHERE id BETWEEN 6106679 AND 6106779
	Index Only Scan using sbtest6_pkey on sbtest6  (cost=0.43..6.43 rows=100 width=4)
	  Index Cond: ((id >= 6106679) AND (id <= 6106779))

table 7 : explain SELECT id FROM sbtest7 WHERE id BETWEEN 6106679 AND 6106779
	Index Only Scan using sbtest7_pkey on sbtest7  (cost=0.43..6.47 rows=102 width=4)
	  Index Cond: ((id >= 6106679) AND (id <= 6106779))

table 8 : explain SELECT id FROM sbtest8 WHERE id BETWEEN 6106679 AND 6106779
	Index Only Scan using sbtest8_pkey on sbtest8  (cost=0.43..6.59 rows=108 width=4)
	  Index Cond: ((id >= 6106679) AND (id <= 6106779))

for range-covered
table 1 : explain SELECT id FROM sbtest1 WHERE id BETWEEN 3770053 AND 3770153
	Index Only Scan using sbtest1_pkey on sbtest1  (cost=0.43..6.42 rows=99 width=4)
	  Index Cond: ((id >= 3770053) AND (id <= 3770153))

table 2 : explain SELECT id FROM sbtest2 WHERE id BETWEEN 3770053 AND 3770153
	Index Only Scan using sbtest2_pkey on sbtest2  (cost=0.43..6.63 rows=110 width=4)
	  Index Cond: ((id >= 3770053) AND (id <= 3770153))

table 3 : explain SELECT id FROM sbtest3 WHERE id BETWEEN 3770053 AND 3770153
	Index Only Scan using sbtest3_pkey on sbtest3  (cost=0.43..6.33 rows=95 width=4)
	  Index Cond: ((id >= 3770053) AND (id <= 3770153))

table 4 : explain SELECT id FROM sbtest4 WHERE id BETWEEN 3770053 AND 3770153
	Index Only Scan using sbtest4_pkey on sbtest4  (cost=0.43..6.45 rows=101 width=4)
	  Index Cond: ((id >= 3770053) AND (id <= 3770153))

table 5 : explain SELECT id FROM sbtest5 WHERE id BETWEEN 3770053 AND 3770153
	Index Only Scan using sbtest5_pkey on sbtest5  (cost=0.43..6.56 rows=106 width=4)
	  Index Cond: ((id >= 3770053) AND (id <= 3770153))

table 6 : explain SELECT id FROM sbtest6 WHERE id BETWEEN 3770053 AND 3770153
	Index Only Scan using sbtest6_pkey on sbtest6  (cost=0.43..6.35 rows=96 width=4)
	  Index Cond: ((id >= 3770053) AND (id <= 3770153))

table 7 : explain SELECT id FROM sbtest7 WHERE id BETWEEN 3770053 AND 3770153
	Index Only Scan using sbtest7_pkey on sbtest7  (cost=0.43..6.37 rows=97 width=4)
	  Index Cond: ((id >= 3770053) AND (id <= 3770153))

table 8 : explain SELECT id FROM sbtest8 WHERE id BETWEEN 3770053 AND 3770153
	Index Only Scan using sbtest8_pkey on sbtest8  (cost=0.43..6.37 rows=97 width=4)
	  Index Cond: ((id >= 3770053) AND (id <= 3770153))

explain: for range-covered :: explain SELECT id FROM sbtest%d WHERE id BETWEEN 6106679 AND 6106779
explain: for range-covered :: explain SELECT id FROM sbtest%d WHERE id BETWEEN 3770053 AND 3770153
for range-covered
table 1 : explain SELECT id FROM sbtest1 WHERE id BETWEEN 3963328 AND 3963428
	Index Only Scan using sbtest1_pkey on sbtest1  (cost=0.43..6.42 rows=99 width=4)
	  Index Cond: ((id >= 3963328) AND (id <= 3963428))

table 2 : explain SELECT id FROM sbtest2 WHERE id BETWEEN 3963328 AND 3963428
	Index Only Scan using sbtest2_pkey on sbtest2  (cost=0.43..6.50 rows=103 width=4)
	  Index Cond: ((id >= 3963328) AND (id <= 3963428))

table 3 : explain SELECT id FROM sbtest3 WHERE id BETWEEN 3963328 AND 3963428
	Index Only Scan using sbtest3_pkey on sbtest3  (cost=0.43..6.37 rows=97 width=4)
	  Index Cond: ((id >= 3963328) AND (id <= 3963428))

table 4 : explain SELECT id FROM sbtest4 WHERE id BETWEEN 3963328 AND 3963428
	Index Only Scan using sbtest4_pkey on sbtest4  (cost=0.43..6.67 rows=112 width=4)
	  Index Cond: ((id >= 3963328) AND (id <= 3963428))

table 5 : explain SELECT id FROM sbtest5 WHERE id BETWEEN 3963328 AND 3963428
	Index Only Scan using sbtest5_pkey on sbtest5  (cost=0.43..6.35 rows=96 width=4)
	  Index Cond: ((id >= 3963328) AND (id <= 3963428))

table 6 : explain SELECT id FROM sbtest6 WHERE id BETWEEN 3963328 AND 3963428
	Index Only Scan using sbtest6_pkey on sbtest6  (cost=0.43..6.63 rows=110 width=4)
	  Index Cond: ((id >= 3963328) AND (id <= 3963428))

table 7 : explain SELECT id FROM sbtest7 WHERE id BETWEEN 3963328 AND 3963428
	Index Only Scan using sbtest7_pkey on sbtest7  (cost=0.43..6.50 rows=103 width=4)
	  Index Cond: ((id >= 3963328) AND (id <= 3963428))

table 8 : explain SELECT id FROM sbtest8 WHERE id BETWEEN 3963328 AND 3963428
	Index Only Scan using sbtest8_pkey on sbtest8  (cost=0.43..6.42 rows=99 width=4)
	  Index Cond: ((id >= 3963328) AND (id <= 3963428))

explain: for range-covered :: explain SELECT id FROM sbtest%d WHERE id BETWEEN 3963328 AND 3963428
for range-covered
table 1 : explain SELECT id FROM sbtest1 WHERE id BETWEEN 3770053 AND 3770153
	Index Only Scan using sbtest1_pkey on sbtest1  (cost=0.43..6.42 rows=99 width=4)
	  Index Cond: ((id >= 3770053) AND (id <= 3770153))

table 2 : explain SELECT id FROM sbtest2 WHERE id BETWEEN 3770053 AND 3770153
	Index Only Scan using sbtest2_pkey on sbtest2  (cost=0.43..6.63 rows=110 width=4)
	  Index Cond: ((id >= 3770053) AND (id <= 3770153))

table 3 : explain SELECT id FROM sbtest3 WHERE id BETWEEN 3770053 AND 3770153
	Index Only Scan using sbtest3_pkey on sbtest3  (cost=0.43..6.33 rows=95 width=4)
	  Index Cond: ((id >= 3770053) AND (id <= 3770153))

table 4 : explain SELECT id FROM sbtest4 WHERE id BETWEEN 3770053 AND 3770153
	Index Only Scan using sbtest4_pkey on sbtest4  (cost=0.43..6.45 rows=101 width=4)
	  Index Cond: ((id >= 3770053) AND (id <= 3770153))

table 5 : explain SELECT id FROM sbtest5 WHERE id BETWEEN 3770053 AND 3770153
	Index Only Scan using sbtest5_pkey on sbtest5  (cost=0.43..6.56 rows=106 width=4)
	  Index Cond: ((id >= 3770053) AND (id <= 3770153))

table 6 : explain SELECT id FROM sbtest6 WHERE id BETWEEN 3770053 AND 3770153
	Index Only Scan using sbtest6_pkey on sbtest6  (cost=0.43..6.35 rows=96 width=4)
	  Index Cond: ((id >= 3770053) AND (id <= 3770153))

table 7 : explain SELECT id FROM sbtest7 WHERE id BETWEEN 3770053 AND 3770153
	Index Only Scan using sbtest7_pkey on sbtest7  (cost=0.43..6.37 rows=97 width=4)
	  Index Cond: ((id >= 3770053) AND (id <= 3770153))

table 8 : explain SELECT id FROM sbtest8 WHERE id BETWEEN 3770053 AND 3770153
	Index Only Scan using sbtest8_pkey on sbtest8  (cost=0.43..6.37 rows=97 width=4)
	  Index Cond: ((id >= 3770053) AND (id <= 3770153))

explain: for range-covered :: explain SELECT id FROM sbtest%d WHERE id BETWEEN 7640145 AND 7640245
explain: for range-covered :: explain SELECT id FROM sbtest%d WHERE id BETWEEN 3770053 AND 3770153
for range-covered
table 1 : explain SELECT id FROM sbtest1 WHERE id BETWEEN 6106679 AND 6106779
	Index Only Scan using sbtest1_pkey on sbtest1  (cost=0.43..6.32 rows=94 width=4)
	  Index Cond: ((id >= 6106679) AND (id <= 6106779))

table 2 : explain SELECT id FROM sbtest2 WHERE id BETWEEN 6106679 AND 6106779
	Index Only Scan using sbtest2_pkey on sbtest2  (cost=0.43..6.50 rows=103 width=4)
	  Index Cond: ((id >= 6106679) AND (id <= 6106779))

table 3 : explain SELECT id FROM sbtest3 WHERE id BETWEEN 6106679 AND 6106779
	Index Only Scan using sbtest3_pkey on sbtest3  (cost=0.43..6.35 rows=96 width=4)
	  Index Cond: ((id >= 6106679) AND (id <= 6106779))

table 4 : explain SELECT id FROM sbtest4 WHERE id BETWEEN 6106679 AND 6106779
	Index Only Scan using sbtest4_pkey on sbtest4  (cost=0.43..6.53 rows=105 width=4)
	  Index Cond: ((id >= 6106679) AND (id <= 6106779))

table 5 : explain SELECT id FROM sbtest5 WHERE id BETWEEN 6106679 AND 6106779
	Index Only Scan using sbtest5_pkey on sbtest5  (cost=0.43..6.53 rows=105 width=4)
	  Index Cond: ((id >= 6106679) AND (id <= 6106779))

table 6 : explain SELECT id FROM sbtest6 WHERE id BETWEEN 6106679 AND 6106779
	Index Only Scan using sbtest6_pkey on sbtest6  (cost=0.43..6.43 rows=100 width=4)
	  Index Cond: ((id >= 6106679) AND (id <= 6106779))

table 7 : explain SELECT id FROM sbtest7 WHERE id BETWEEN 6106679 AND 6106779
	Index Only Scan using sbtest7_pkey on sbtest7  (cost=0.43..6.47 rows=102 width=4)
	  Index Cond: ((id >= 6106679) AND (id <= 6106779))

table 8 : explain SELECT id FROM sbtest8 WHERE id BETWEEN 6106679 AND 6106779
	Index Only Scan using sbtest8_pkey on sbtest8  (cost=0.43..6.59 rows=108 width=4)
	  Index Cond: ((id >= 6106679) AND (id <= 6106779))

for range-covered
table 1 : explain SELECT id FROM sbtest1 WHERE id BETWEEN 3963328 AND 3963428
	Index Only Scan using sbtest1_pkey on sbtest1  (cost=0.43..6.42 rows=99 width=4)
	  Index Cond: ((id >= 3963328) AND (id <= 3963428))

table 2 : explain SELECT id FROM sbtest2 WHERE id BETWEEN 3963328 AND 3963428
	Index Only Scan using sbtest2_pkey on sbtest2  (cost=0.43..6.50 rows=103 width=4)
	  Index Cond: ((id >= 3963328) AND (id <= 3963428))

table 3 : explain SELECT id FROM sbtest3 WHERE id BETWEEN 3963328 AND 3963428
	Index Only Scan using sbtest3_pkey on sbtest3  (cost=0.43..6.37 rows=97 width=4)
	  Index Cond: ((id >= 3963328) AND (id <= 3963428))

table 4 : explain SELECT id FROM sbtest4 WHERE id BETWEEN 3963328 AND 3963428
	Index Only Scan using sbtest4_pkey on sbtest4  (cost=0.43..6.67 rows=112 width=4)
	  Index Cond: ((id >= 3963328) AND (id <= 3963428))

table 5 : explain SELECT id FROM sbtest5 WHERE id BETWEEN 3963328 AND 3963428
	Index Only Scan using sbtest5_pkey on sbtest5  (cost=0.43..6.35 rows=96 width=4)
	  Index Cond: ((id >= 3963328) AND (id <= 3963428))

table 6 : explain SELECT id FROM sbtest6 WHERE id BETWEEN 3963328 AND 3963428
	Index Only Scan using sbtest6_pkey on sbtest6  (cost=0.43..6.63 rows=110 width=4)
	  Index Cond: ((id >= 3963328) AND (id <= 3963428))

table 7 : explain SELECT id FROM sbtest7 WHERE id BETWEEN 3963328 AND 3963428
	Index Only Scan using sbtest7_pkey on sbtest7  (cost=0.43..6.50 rows=103 width=4)
	  Index Cond: ((id >= 3963328) AND (id <= 3963428))

table 8 : explain SELECT id FROM sbtest8 WHERE id BETWEEN 3963328 AND 3963428
	Index Only Scan using sbtest8_pkey on sbtest8  (cost=0.43..6.42 rows=99 width=4)
	  Index Cond: ((id >= 3963328) AND (id <= 3963428))

explain: for range-covered :: explain SELECT id FROM sbtest%d WHERE id BETWEEN 6106679 AND 6106779
for range-covered
table 1 : explain SELECT id FROM sbtest1 WHERE id BETWEEN 5394879 AND 5394979
	Index Only Scan using sbtest1_pkey on sbtest1  (cost=0.43..6.43 rows=100 width=4)
	  Index Cond: ((id >= 5394879) AND (id <= 5394979))

table 2 : explain SELECT id FROM sbtest2 WHERE id BETWEEN 5394879 AND 5394979
	Index Only Scan using sbtest2_pkey on sbtest2  (cost=0.43..6.61 rows=109 width=4)
	  Index Cond: ((id >= 5394879) AND (id <= 5394979))

table 3 : explain SELECT id FROM sbtest3 WHERE id BETWEEN 5394879 AND 5394979
	Index Only Scan using sbtest3_pkey on sbtest3  (cost=0.43..6.53 rows=105 width=4)
	  Index Cond: ((id >= 5394879) AND (id <= 5394979))

table 4 : explain SELECT id FROM sbtest4 WHERE id BETWEEN 5394879 AND 5394979
	Index Only Scan using sbtest4_pkey on sbtest4  (cost=0.43..6.47 rows=102 width=4)
	  Index Cond: ((id >= 5394879) AND (id <= 5394979))

table 5 : explain SELECT id FROM sbtest5 WHERE id BETWEEN 5394879 AND 5394979
	Index Only Scan using sbtest5_pkey on sbtest5  (cost=0.43..6.51 rows=104 width=4)
	  Index Cond: ((id >= 5394879) AND (id <= 5394979))

table 6 : explain SELECT id FROM sbtest6 WHERE id BETWEEN 5394879 AND 5394979
	Index Only Scan using sbtest6_pkey on sbtest6  (cost=0.43..6.45 rows=101 width=4)
	  Index Cond: ((id >= 5394879) AND (id <= 5394979))

table 7 : explain SELECT id FROM sbtest7 WHERE id BETWEEN 5394879 AND 5394979
	Index Only Scan using sbtest7_pkey on sbtest7  (cost=0.43..6.53 rows=105 width=4)
	  Index Cond: ((id >= 5394879) AND (id <= 5394979))

table 8 : explain SELECT id FROM sbtest8 WHERE id BETWEEN 5394879 AND 5394979
	Index Only Scan using sbtest8_pkey on sbtest8  (cost=0.43..6.32 rows=94 width=4)
	  Index Cond: ((id >= 5394879) AND (id <= 5394979))

explain: for range-covered :: explain SELECT id FROM sbtest%d WHERE id BETWEEN 5394879 AND 5394979
explain: for range-covered :: explain SELECT id FROM sbtest%d WHERE id BETWEEN 1378318 AND 1378418
for range-covered
table 1 : explain SELECT id FROM sbtest1 WHERE id BETWEEN 5926633 AND 5926733
	Index Only Scan using sbtest1_pkey on sbtest1  (cost=0.43..6.33 rows=95 width=4)
	  Index Cond: ((id >= 5926633) AND (id <= 5926733))

table 2 : explain SELECT id FROM sbtest2 WHERE id BETWEEN 5926633 AND 5926733
	Index Only Scan using sbtest2_pkey on sbtest2  (cost=0.43..6.51 rows=104 width=4)
	  Index Cond: ((id >= 5926633) AND (id <= 5926733))

table 3 : explain SELECT id FROM sbtest3 WHERE id BETWEEN 5926633 AND 5926733
	Index Only Scan using sbtest3_pkey on sbtest3  (cost=0.43..6.40 rows=98 width=4)
	  Index Cond: ((id >= 5926633) AND (id <= 5926733))

table 4 : explain SELECT id FROM sbtest4 WHERE id BETWEEN 5926633 AND 5926733
	Index Only Scan using sbtest4_pkey on sbtest4  (cost=0.43..6.45 rows=101 width=4)
	  Index Cond: ((id >= 5926633) AND (id <= 5926733))

table 5 : explain SELECT id FROM sbtest5 WHERE id BETWEEN 5926633 AND 5926733
	Index Only Scan using sbtest5_pkey on sbtest5  (cost=0.43..6.35 rows=96 width=4)
	  Index Cond: ((id >= 5926633) AND (id <= 5926733))

table 6 : explain SELECT id FROM sbtest6 WHERE id BETWEEN 5926633 AND 5926733
	Index Only Scan using sbtest6_pkey on sbtest6  (cost=0.43..6.24 rows=90 width=4)
	  Index Cond: ((id >= 5926633) AND (id <= 5926733))

table 7 : explain SELECT id FROM sbtest7 WHERE id BETWEEN 5926633 AND 5926733
	Index Only Scan using sbtest7_pkey on sbtest7  (cost=0.43..6.53 rows=105 width=4)
	  Index Cond: ((id >= 5926633) AND (id <= 5926733))

table 8 : explain SELECT id FROM sbtest8 WHERE id BETWEEN 5926633 AND 5926733
	Index Only Scan using sbtest8_pkey on sbtest8  (cost=0.43..6.50 rows=103 width=4)
	  Index Cond: ((id >= 5926633) AND (id <= 5926733))

for range-covered
table 1 : explain SELECT id FROM sbtest1 WHERE id BETWEEN 6106679 AND 6106779
	Index Only Scan using sbtest1_pkey on sbtest1  (cost=0.43..6.32 rows=94 width=4)
	  Index Cond: ((id >= 6106679) AND (id <= 6106779))

table 2 : explain SELECT id FROM sbtest2 WHERE id BETWEEN 6106679 AND 6106779
	Index Only Scan using sbtest2_pkey on sbtest2  (cost=0.43..6.50 rows=103 width=4)
	  Index Cond: ((id >= 6106679) AND (id <= 6106779))

table 3 : explain SELECT id FROM sbtest3 WHERE id BETWEEN 6106679 AND 6106779
	Index Only Scan using sbtest3_pkey on sbtest3  (cost=0.43..6.35 rows=96 width=4)
	  Index Cond: ((id >= 6106679) AND (id <= 6106779))

table 4 : explain SELECT id FROM sbtest4 WHERE id BETWEEN 6106679 AND 6106779
	Index Only Scan using sbtest4_pkey on sbtest4  (cost=0.43..6.53 rows=105 width=4)
	  Index Cond: ((id >= 6106679) AND (id <= 6106779))

table 5 : explain SELECT id FROM sbtest5 WHERE id BETWEEN 6106679 AND 6106779
	Index Only Scan using sbtest5_pkey on sbtest5  (cost=0.43..6.53 rows=105 width=4)
	  Index Cond: ((id >= 6106679) AND (id <= 6106779))

table 6 : explain SELECT id FROM sbtest6 WHERE id BETWEEN 6106679 AND 6106779
	Index Only Scan using sbtest6_pkey on sbtest6  (cost=0.43..6.43 rows=100 width=4)
	  Index Cond: ((id >= 6106679) AND (id <= 6106779))

table 7 : explain SELECT id FROM sbtest7 WHERE id BETWEEN 6106679 AND 6106779
	Index Only Scan using sbtest7_pkey on sbtest7  (cost=0.43..6.47 rows=102 width=4)
	  Index Cond: ((id >= 6106679) AND (id <= 6106779))

table 8 : explain SELECT id FROM sbtest8 WHERE id BETWEEN 6106679 AND 6106779
	Index Only Scan using sbtest8_pkey on sbtest8  (cost=0.43..6.59 rows=108 width=4)
	  Index Cond: ((id >= 6106679) AND (id <= 6106779))

explain: for range-covered :: explain SELECT id FROM sbtest%d WHERE id BETWEEN 5926633 AND 5926733
explain: for range-covered :: explain SELECT id FROM sbtest%d WHERE id BETWEEN 6106679 AND 6106779
for range-covered
table 1 : explain SELECT id FROM sbtest1 WHERE id BETWEEN 3770053 AND 3770153
	Index Only Scan using sbtest1_pkey on sbtest1  (cost=0.43..6.42 rows=99 width=4)
	  Index Cond: ((id >= 3770053) AND (id <= 3770153))

table 2 : explain SELECT id FROM sbtest2 WHERE id BETWEEN 3770053 AND 3770153
	Index Only Scan using sbtest2_pkey on sbtest2  (cost=0.43..6.63 rows=110 width=4)
	  Index Cond: ((id >= 3770053) AND (id <= 3770153))

table 3 : explain SELECT id FROM sbtest3 WHERE id BETWEEN 3770053 AND 3770153
	Index Only Scan using sbtest3_pkey on sbtest3  (cost=0.43..6.33 rows=95 width=4)
	  Index Cond: ((id >= 3770053) AND (id <= 3770153))

table 4 : explain SELECT id FROM sbtest4 WHERE id BETWEEN 3770053 AND 3770153
	Index Only Scan using sbtest4_pkey on sbtest4  (cost=0.43..6.45 rows=101 width=4)
	  Index Cond: ((id >= 3770053) AND (id <= 3770153))

table 5 : explain SELECT id FROM sbtest5 WHERE id BETWEEN 3770053 AND 3770153
	Index Only Scan using sbtest5_pkey on sbtest5  (cost=0.43..6.56 rows=106 width=4)
	  Index Cond: ((id >= 3770053) AND (id <= 3770153))

table 6 : explain SELECT id FROM sbtest6 WHERE id BETWEEN 3770053 AND 3770153
	Index Only Scan using sbtest6_pkey on sbtest6  (cost=0.43..6.35 rows=96 width=4)
	  Index Cond: ((id >= 3770053) AND (id <= 3770153))

table 7 : explain SELECT id FROM sbtest7 WHERE id BETWEEN 3770053 AND 3770153
	Index Only Scan using sbtest7_pkey on sbtest7  (cost=0.43..6.37 rows=97 width=4)
	  Index Cond: ((id >= 3770053) AND (id <= 3770153))

table 8 : explain SELECT id FROM sbtest8 WHERE id BETWEEN 3770053 AND 3770153
	Index Only Scan using sbtest8_pkey on sbtest8  (cost=0.43..6.37 rows=97 width=4)
	  Index Cond: ((id >= 3770053) AND (id <= 3770153))

for range-covered
table 1 : explain SELECT id FROM sbtest1 WHERE id BETWEEN 5394879 AND 5394979
	Index Only Scan using sbtest1_pkey on sbtest1  (cost=0.43..6.43 rows=100 width=4)
	  Index Cond: ((id >= 5394879) AND (id <= 5394979))

table 2 : explain SELECT id FROM sbtest2 WHERE id BETWEEN 5394879 AND 5394979
	Index Only Scan using sbtest2_pkey on sbtest2  (cost=0.43..6.61 rows=109 width=4)
	  Index Cond: ((id >= 5394879) AND (id <= 5394979))

table 3 : explain SELECT id FROM sbtest3 WHERE id BETWEEN 5394879 AND 5394979
	Index Only Scan using sbtest3_pkey on sbtest3  (cost=0.43..6.53 rows=105 width=4)
	  Index Cond: ((id >= 5394879) AND (id <= 5394979))

table 4 : explain SELECT id FROM sbtest4 WHERE id BETWEEN 5394879 AND 5394979
	Index Only Scan using sbtest4_pkey on sbtest4  (cost=0.43..6.47 rows=102 width=4)
	  Index Cond: ((id >= 5394879) AND (id <= 5394979))

table 5 : explain SELECT id FROM sbtest5 WHERE id BETWEEN 5394879 AND 5394979
	Index Only Scan using sbtest5_pkey on sbtest5  (cost=0.43..6.51 rows=104 width=4)
	  Index Cond: ((id >= 5394879) AND (id <= 5394979))

table 6 : explain SELECT id FROM sbtest6 WHERE id BETWEEN 5394879 AND 5394979
	Index Only Scan using sbtest6_pkey on sbtest6  (cost=0.43..6.45 rows=101 width=4)
	  Index Cond: ((id >= 5394879) AND (id <= 5394979))

table 7 : explain SELECT id FROM sbtest7 WHERE id BETWEEN 5394879 AND 5394979
	Index Only Scan using sbtest7_pkey on sbtest7  (cost=0.43..6.53 rows=105 width=4)
	  Index Cond: ((id >= 5394879) AND (id <= 5394979))

table 8 : explain SELECT id FROM sbtest8 WHERE id BETWEEN 5394879 AND 5394979
	Index Only Scan using sbtest8_pkey on sbtest8  (cost=0.43..6.32 rows=94 width=4)
	  Index Cond: ((id >= 5394879) AND (id <= 5394979))

explain: for range-covered :: explain SELECT id FROM sbtest%d WHERE id BETWEEN 5394879 AND 5394979
for range-covered
table 1 : explain SELECT id FROM sbtest1 WHERE id BETWEEN 4306131 AND 4306231
	Index Only Scan using sbtest1_pkey on sbtest1  (cost=0.43..6.35 rows=96 width=4)
	  Index Cond: ((id >= 4306131) AND (id <= 4306231))

table 2 : explain SELECT id FROM sbtest2 WHERE id BETWEEN 4306131 AND 4306231
	Index Only Scan using sbtest2_pkey on sbtest2  (cost=0.43..6.32 rows=94 width=4)
	  Index Cond: ((id >= 4306131) AND (id <= 4306231))

table 3 : explain SELECT id FROM sbtest3 WHERE id BETWEEN 4306131 AND 4306231
	Index Only Scan using sbtest3_pkey on sbtest3  (cost=0.43..6.43 rows=100 width=4)
	  Index Cond: ((id >= 4306131) AND (id <= 4306231))

table 4 : explain SELECT id FROM sbtest4 WHERE id BETWEEN 4306131 AND 4306231
	Index Only Scan using sbtest4_pkey on sbtest4  (cost=0.43..6.61 rows=109 width=4)
	  Index Cond: ((id >= 4306131) AND (id <= 4306231))

table 5 : explain SELECT id FROM sbtest5 WHERE id BETWEEN 4306131 AND 4306231
	Index Only Scan using sbtest5_pkey on sbtest5  (cost=0.43..6.40 rows=98 width=4)
	  Index Cond: ((id >= 4306131) AND (id <= 4306231))

table 6 : explain SELECT id FROM sbtest6 WHERE id BETWEEN 4306131 AND 4306231
	Index Only Scan using sbtest6_pkey on sbtest6  (cost=0.43..6.59 rows=108 width=4)
	  Index Cond: ((id >= 4306131) AND (id <= 4306231))

table 7 : explain SELECT id FROM sbtest7 WHERE id BETWEEN 4306131 AND 4306231
	Index Only Scan using sbtest7_pkey on sbtest7  (cost=0.43..6.33 rows=95 width=4)
	  Index Cond: ((id >= 4306131) AND (id <= 4306231))

table 8 : explain SELECT id FROM sbtest8 WHERE id BETWEEN 4306131 AND 4306231
	Index Only Scan using sbtest8_pkey on sbtest8  (cost=0.43..6.40 rows=98 width=4)
	  Index Cond: ((id >= 4306131) AND (id <= 4306231))

explain: for range-covered :: explain SELECT id FROM sbtest%d WHERE id BETWEEN 4306131 AND 4306231
for range-covered
table 1 : explain SELECT id FROM sbtest1 WHERE id BETWEEN 5926633 AND 5926733
	Index Only Scan using sbtest1_pkey on sbtest1  (cost=0.43..6.33 rows=95 width=4)
	  Index Cond: ((id >= 5926633) AND (id <= 5926733))

table 2 : explain SELECT id FROM sbtest2 WHERE id BETWEEN 5926633 AND 5926733
	Index Only Scan using sbtest2_pkey on sbtest2  (cost=0.43..6.51 rows=104 width=4)
	  Index Cond: ((id >= 5926633) AND (id <= 5926733))

table 3 : explain SELECT id FROM sbtest3 WHERE id BETWEEN 5926633 AND 5926733
	Index Only Scan using sbtest3_pkey on sbtest3  (cost=0.43..6.40 rows=98 width=4)
	  Index Cond: ((id >= 5926633) AND (id <= 5926733))

table 4 : explain SELECT id FROM sbtest4 WHERE id BETWEEN 5926633 AND 5926733
	Index Only Scan using sbtest4_pkey on sbtest4  (cost=0.43..6.45 rows=101 width=4)
	  Index Cond: ((id >= 5926633) AND (id <= 5926733))

table 5 : explain SELECT id FROM sbtest5 WHERE id BETWEEN 5926633 AND 5926733
	Index Only Scan using sbtest5_pkey on sbtest5  (cost=0.43..6.35 rows=96 width=4)
	  Index Cond: ((id >= 5926633) AND (id <= 5926733))

table 6 : explain SELECT id FROM sbtest6 WHERE id BETWEEN 5926633 AND 5926733
	Index Only Scan using sbtest6_pkey on sbtest6  (cost=0.43..6.24 rows=90 width=4)
	  Index Cond: ((id >= 5926633) AND (id <= 5926733))

table 7 : explain SELECT id FROM sbtest7 WHERE id BETWEEN 5926633 AND 5926733
	Index Only Scan using sbtest7_pkey on sbtest7  (cost=0.43..6.53 rows=105 width=4)
	  Index Cond: ((id >= 5926633) AND (id <= 5926733))

table 8 : explain SELECT id FROM sbtest8 WHERE id BETWEEN 5926633 AND 5926733
	Index Only Scan using sbtest8_pkey on sbtest8  (cost=0.43..6.50 rows=103 width=4)
	  Index Cond: ((id >= 5926633) AND (id <= 5926733))

explain: for range-covered :: explain SELECT id FROM sbtest%d WHERE id BETWEEN 5926633 AND 5926733
for range-covered
table 1 : explain SELECT id FROM sbtest1 WHERE id BETWEEN 5394879 AND 5394979
	Index Only Scan using sbtest1_pkey on sbtest1  (cost=0.43..6.43 rows=100 width=4)
	  Index Cond: ((id >= 5394879) AND (id <= 5394979))

table 2 : explain SELECT id FROM sbtest2 WHERE id BETWEEN 5394879 AND 5394979
	Index Only Scan using sbtest2_pkey on sbtest2  (cost=0.43..6.61 rows=109 width=4)
	  Index Cond: ((id >= 5394879) AND (id <= 5394979))

table 3 : explain SELECT id FROM sbtest3 WHERE id BETWEEN 5394879 AND 5394979
	Index Only Scan using sbtest3_pkey on sbtest3  (cost=0.43..6.53 rows=105 width=4)
	  Index Cond: ((id >= 5394879) AND (id <= 5394979))

table 4 : explain SELECT id FROM sbtest4 WHERE id BETWEEN 5394879 AND 5394979
	Index Only Scan using sbtest4_pkey on sbtest4  (cost=0.43..6.47 rows=102 width=4)
	  Index Cond: ((id >= 5394879) AND (id <= 5394979))

table 5 : explain SELECT id FROM sbtest5 WHERE id BETWEEN 5394879 AND 5394979
	Index Only Scan using sbtest5_pkey on sbtest5  (cost=0.43..6.51 rows=104 width=4)
	  Index Cond: ((id >= 5394879) AND (id <= 5394979))

table 6 : explain SELECT id FROM sbtest6 WHERE id BETWEEN 5394879 AND 5394979
	Index Only Scan using sbtest6_pkey on sbtest6  (cost=0.43..6.45 rows=101 width=4)
	  Index Cond: ((id >= 5394879) AND (id <= 5394979))

table 7 : explain SELECT id FROM sbtest7 WHERE id BETWEEN 5394879 AND 5394979
	Index Only Scan using sbtest7_pkey on sbtest7  (cost=0.43..6.53 rows=105 width=4)
	  Index Cond: ((id >= 5394879) AND (id <= 5394979))

table 8 : explain SELECT id FROM sbtest8 WHERE id BETWEEN 5394879 AND 5394979
	Index Only Scan using sbtest8_pkey on sbtest8  (cost=0.43..6.32 rows=94 width=4)
	  Index Cond: ((id >= 5394879) AND (id <= 5394979))

explain: for range-covered :: explain SELECT id FROM sbtest%d WHERE id BETWEEN 5394879 AND 5394979
for range-covered
table 1 : explain SELECT id FROM sbtest1 WHERE id BETWEEN 8647263 AND 8647363
	Index Only Scan using sbtest1_pkey on sbtest1  (cost=0.43..6.42 rows=99 width=4)
	  Index Cond: ((id >= 8647263) AND (id <= 8647363))

table 2 : explain SELECT id FROM sbtest2 WHERE id BETWEEN 8647263 AND 8647363
	Index Only Scan using sbtest2_pkey on sbtest2  (cost=0.43..6.45 rows=101 width=4)
	  Index Cond: ((id >= 8647263) AND (id <= 8647363))

table 3 : explain SELECT id FROM sbtest3 WHERE id BETWEEN 8647263 AND 8647363
	Index Only Scan using sbtest3_pkey on sbtest3  (cost=0.43..6.32 rows=94 width=4)
	  Index Cond: ((id >= 8647263) AND (id <= 8647363))

table 4 : explain SELECT id FROM sbtest4 WHERE id BETWEEN 8647263 AND 8647363
	Index Only Scan using sbtest4_pkey on sbtest4  (cost=0.43..6.43 rows=100 width=4)
	  Index Cond: ((id >= 8647263) AND (id <= 8647363))

table 5 : explain SELECT id FROM sbtest5 WHERE id BETWEEN 8647263 AND 8647363
	Index Only Scan using sbtest5_pkey on sbtest5  (cost=0.43..6.51 rows=104 width=4)
	  Index Cond: ((id >= 8647263) AND (id <= 8647363))

table 6 : explain SELECT id FROM sbtest6 WHERE id BETWEEN 8647263 AND 8647363
	Index Only Scan using sbtest6_pkey on sbtest6  (cost=0.43..6.29 rows=93 width=4)
	  Index Cond: ((id >= 8647263) AND (id <= 8647363))

table 7 : explain SELECT id FROM sbtest7 WHERE id BETWEEN 8647263 AND 8647363
	Index Only Scan using sbtest7_pkey on sbtest7  (cost=0.43..6.50 rows=103 width=4)
	  Index Cond: ((id >= 8647263) AND (id <= 8647363))

table 8 : explain SELECT id FROM sbtest8 WHERE id BETWEEN 8647263 AND 8647363
	Index Only Scan using sbtest8_pkey on sbtest8  (cost=0.43..6.51 rows=104 width=4)
	  Index Cond: ((id >= 8647263) AND (id <= 8647363))

for range-covered
table 1 : explain SELECT id FROM sbtest1 WHERE id BETWEEN 4002435 AND 4002535
	Index Only Scan using sbtest1_pkey on sbtest1  (cost=0.43..6.42 rows=99 width=4)
	  Index Cond: ((id >= 4002435) AND (id <= 4002535))

table 2 : explain SELECT id FROM sbtest2 WHERE id BETWEEN 4002435 AND 4002535
	Index Only Scan using sbtest2_pkey on sbtest2  (cost=0.43..6.50 rows=103 width=4)
	  Index Cond: ((id >= 4002435) AND (id <= 4002535))

table 3 : explain SELECT id FROM sbtest3 WHERE id BETWEEN 4002435 AND 4002535
	Index Only Scan using sbtest3_pkey on sbtest3  (cost=0.43..6.37 rows=97 width=4)
	  Index Cond: ((id >= 4002435) AND (id <= 4002535))

table 4 : explain SELECT id FROM sbtest4 WHERE id BETWEEN 4002435 AND 4002535
	Index Only Scan using sbtest4_pkey on sbtest4  (cost=0.43..6.45 rows=101 width=4)
	  Index Cond: ((id >= 4002435) AND (id <= 4002535))

table 5 : explain SELECT id FROM sbtest5 WHERE id BETWEEN 4002435 AND 4002535
	Index Only Scan using sbtest5_pkey on sbtest5  (cost=0.43..6.37 rows=97 width=4)
	  Index Cond: ((id >= 4002435) AND (id <= 4002535))

table 6 : explain SELECT id FROM sbtest6 WHERE id BETWEEN 4002435 AND 4002535
	Index Only Scan using sbtest6_pkey on sbtest6  (cost=0.43..6.63 rows=110 width=4)
	  Index Cond: ((id >= 4002435) AND (id <= 4002535))

table 7 : explain SELECT id FROM sbtest7 WHERE id BETWEEN 4002435 AND 4002535
	Index Only Scan using sbtest7_pkey on sbtest7  (cost=0.43..6.42 rows=99 width=4)
	  Index Cond: ((id >= 4002435) AND (id <= 4002535))

table 8 : explain SELECT id FROM sbtest8 WHERE id BETWEEN 4002435 AND 4002535
	Index Only Scan using sbtest8_pkey on sbtest8  (cost=0.43..6.61 rows=109 width=4)
	  Index Cond: ((id >= 4002435) AND (id <= 4002535))

explain: for range-covered :: explain SELECT id FROM sbtest%d WHERE id BETWEEN 8647263 AND 8647363
explain: for range-covered :: explain SELECT id FROM sbtest%d WHERE id BETWEEN 4002435 AND 4002535
for range-covered
table 1 : explain SELECT id FROM sbtest1 WHERE id BETWEEN 5926633 AND 5926733
	Index Only Scan using sbtest1_pkey on sbtest1  (cost=0.43..6.33 rows=95 width=4)
	  Index Cond: ((id >= 5926633) AND (id <= 5926733))

table 2 : explain SELECT id FROM sbtest2 WHERE id BETWEEN 5926633 AND 5926733
	Index Only Scan using sbtest2_pkey on sbtest2  (cost=0.43..6.51 rows=104 width=4)
	  Index Cond: ((id >= 5926633) AND (id <= 5926733))

table 3 : explain SELECT id FROM sbtest3 WHERE id BETWEEN 5926633 AND 5926733
	Index Only Scan using sbtest3_pkey on sbtest3  (cost=0.43..6.40 rows=98 width=4)
	  Index Cond: ((id >= 5926633) AND (id <= 5926733))

table 4 : explain SELECT id FROM sbtest4 WHERE id BETWEEN 5926633 AND 5926733
	Index Only Scan using sbtest4_pkey on sbtest4  (cost=0.43..6.45 rows=101 width=4)
	  Index Cond: ((id >= 5926633) AND (id <= 5926733))

table 5 : explain SELECT id FROM sbtest5 WHERE id BETWEEN 5926633 AND 5926733
	Index Only Scan using sbtest5_pkey on sbtest5  (cost=0.43..6.35 rows=96 width=4)
	  Index Cond: ((id >= 5926633) AND (id <= 5926733))

table 6 : explain SELECT id FROM sbtest6 WHERE id BETWEEN 5926633 AND 5926733
	Index Only Scan using sbtest6_pkey on sbtest6  (cost=0.43..6.24 rows=90 width=4)
	  Index Cond: ((id >= 5926633) AND (id <= 5926733))

table 7 : explain SELECT id FROM sbtest7 WHERE id BETWEEN 5926633 AND 5926733
	Index Only Scan using sbtest7_pkey on sbtest7  (cost=0.43..6.53 rows=105 width=4)
	  Index Cond: ((id >= 5926633) AND (id <= 5926733))

table 8 : explain SELECT id FROM sbtest8 WHERE id BETWEEN 5926633 AND 5926733
	Index Only Scan using sbtest8_pkey on sbtest8  (cost=0.43..6.50 rows=103 width=4)
	  Index Cond: ((id >= 5926633) AND (id <= 5926733))

explain: for range-covered :: explain SELECT id FROM sbtest%d WHERE id BETWEEN 5926633 AND 5926733
for range-covered
table 1 : explain SELECT id FROM sbtest1 WHERE id BETWEEN 6106679 AND 6106779
	Index Only Scan using sbtest1_pkey on sbtest1  (cost=0.43..6.32 rows=94 width=4)
	  Index Cond: ((id >= 6106679) AND (id <= 6106779))

table 2 : explain SELECT id FROM sbtest2 WHERE id BETWEEN 6106679 AND 6106779
	Index Only Scan using sbtest2_pkey on sbtest2  (cost=0.43..6.50 rows=103 width=4)
	  Index Cond: ((id >= 6106679) AND (id <= 6106779))

table 3 : explain SELECT id FROM sbtest3 WHERE id BETWEEN 6106679 AND 6106779
	Index Only Scan using sbtest3_pkey on sbtest3  (cost=0.43..6.35 rows=96 width=4)
	  Index Cond: ((id >= 6106679) AND (id <= 6106779))

table 4 : explain SELECT id FROM sbtest4 WHERE id BETWEEN 6106679 AND 6106779
	Index Only Scan using sbtest4_pkey on sbtest4  (cost=0.43..6.53 rows=105 width=4)
	  Index Cond: ((id >= 6106679) AND (id <= 6106779))

table 5 : explain SELECT id FROM sbtest5 WHERE id BETWEEN 6106679 AND 6106779
	Index Only Scan using sbtest5_pkey on sbtest5  (cost=0.43..6.53 rows=105 width=4)
	  Index Cond: ((id >= 6106679) AND (id <= 6106779))

table 6 : explain SELECT id FROM sbtest6 WHERE id BETWEEN 6106679 AND 6106779
	Index Only Scan using sbtest6_pkey on sbtest6  (cost=0.43..6.43 rows=100 width=4)
	  Index Cond: ((id >= 6106679) AND (id <= 6106779))

table 7 : explain SELECT id FROM sbtest7 WHERE id BETWEEN 6106679 AND 6106779
	Index Only Scan using sbtest7_pkey on sbtest7  (cost=0.43..6.47 rows=102 width=4)
	  Index Cond: ((id >= 6106679) AND (id <= 6106779))

table 8 : explain SELECT id FROM sbtest8 WHERE id BETWEEN 6106679 AND 6106779
	Index Only Scan using sbtest8_pkey on sbtest8  (cost=0.43..6.59 rows=108 width=4)
	  Index Cond: ((id >= 6106679) AND (id <= 6106779))

for range-covered
table 1 : explain SELECT id FROM sbtest1 WHERE id BETWEEN 5394879 AND 5394979
	Index Only Scan using sbtest1_pkey on sbtest1  (cost=0.43..6.43 rows=100 width=4)
	  Index Cond: ((id >= 5394879) AND (id <= 5394979))

table 2 : explain SELECT id FROM sbtest2 WHERE id BETWEEN 5394879 AND 5394979
	Index Only Scan using sbtest2_pkey on sbtest2  (cost=0.43..6.61 rows=109 width=4)
	  Index Cond: ((id >= 5394879) AND (id <= 5394979))

table 3 : explain SELECT id FROM sbtest3 WHERE id BETWEEN 5394879 AND 5394979
	Index Only Scan using sbtest3_pkey on sbtest3  (cost=0.43..6.53 rows=105 width=4)
	  Index Cond: ((id >= 5394879) AND (id <= 5394979))

table 4 : explain SELECT id FROM sbtest4 WHERE id BETWEEN 5394879 AND 5394979
	Index Only Scan using sbtest4_pkey on sbtest4  (cost=0.43..6.47 rows=102 width=4)
	  Index Cond: ((id >= 5394879) AND (id <= 5394979))

table 5 : explain SELECT id FROM sbtest5 WHERE id BETWEEN 5394879 AND 5394979
	Index Only Scan using sbtest5_pkey on sbtest5  (cost=0.43..6.51 rows=104 width=4)
	  Index Cond: ((id >= 5394879) AND (id <= 5394979))

table 6 : explain SELECT id FROM sbtest6 WHERE id BETWEEN 5394879 AND 5394979
	Index Only Scan using sbtest6_pkey on sbtest6  (cost=0.43..6.45 rows=101 width=4)
	  Index Cond: ((id >= 5394879) AND (id <= 5394979))

table 7 : explain SELECT id FROM sbtest7 WHERE id BETWEEN 5394879 AND 5394979
	Index Only Scan using sbtest7_pkey on sbtest7  (cost=0.43..6.53 rows=105 width=4)
	  Index Cond: ((id >= 5394879) AND (id <= 5394979))

table 8 : explain SELECT id FROM sbtest8 WHERE id BETWEEN 5394879 AND 5394979
	Index Only Scan using sbtest8_pkey on sbtest8  (cost=0.43..6.32 rows=94 width=4)
	  Index Cond: ((id >= 5394879) AND (id <= 5394979))

explain: for range-covered :: explain SELECT id FROM sbtest%d WHERE id BETWEEN 5394879 AND 5394979
for range-covered
table 1 : explain SELECT id FROM sbtest1 WHERE id BETWEEN 7640145 AND 7640245
	Index Only Scan using sbtest1_pkey on sbtest1  (cost=0.43..6.32 rows=94 width=4)
	  Index Cond: ((id >= 7640145) AND (id <= 7640245))

table 2 : explain SELECT id FROM sbtest2 WHERE id BETWEEN 7640145 AND 7640245
	Index Only Scan using sbtest2_pkey on sbtest2  (cost=0.43..6.45 rows=101 width=4)
	  Index Cond: ((id >= 7640145) AND (id <= 7640245))

table 3 : explain SELECT id FROM sbtest3 WHERE id BETWEEN 7640145 AND 7640245
	Index Only Scan using sbtest3_pkey on sbtest3  (cost=0.43..6.33 rows=95 width=4)
	  Index Cond: ((id >= 7640145) AND (id <= 7640245))

table 4 : explain SELECT id FROM sbtest4 WHERE id BETWEEN 7640145 AND 7640245
	Index Only Scan using sbtest4_pkey on sbtest4  (cost=0.43..6.42 rows=99 width=4)
	  Index Cond: ((id >= 7640145) AND (id <= 7640245))

table 5 : explain SELECT id FROM sbtest5 WHERE id BETWEEN 7640145 AND 7640245
	Index Only Scan using sbtest5_pkey on sbtest5  (cost=0.43..6.35 rows=96 width=4)
	  Index Cond: ((id >= 7640145) AND (id <= 7640245))

table 6 : explain SELECT id FROM sbtest6 WHERE id BETWEEN 7640145 AND 7640245
	Index Only Scan using sbtest6_pkey on sbtest6  (cost=0.43..6.40 rows=98 width=4)
	  Index Cond: ((id >= 7640145) AND (id <= 7640245))

table 7 : explain SELECT id FROM sbtest7 WHERE id BETWEEN 7640145 AND 7640245
	Index Only Scan using sbtest7_pkey on sbtest7  (cost=0.43..6.35 rows=96 width=4)
	  Index Cond: ((id >= 7640145) AND (id <= 7640245))

table 8 : explain SELECT id FROM sbtest8 WHERE id BETWEEN 7640145 AND 7640245
	Index Only Scan using sbtest8_pkey on sbtest8  (cost=0.43..6.42 rows=99 width=4)
	  Index Cond: ((id >= 7640145) AND (id <= 7640245))

explain: for range-covered :: explain SELECT id FROM sbtest%d WHERE id BETWEEN 7640145 AND 7640245
for range-covered
table 1 : explain SELECT id FROM sbtest1 WHERE id BETWEEN 8647263 AND 8647363
	Index Only Scan using sbtest1_pkey on sbtest1  (cost=0.43..6.42 rows=99 width=4)
	  Index Cond: ((id >= 8647263) AND (id <= 8647363))

table 2 : explain SELECT id FROM sbtest2 WHERE id BETWEEN 8647263 AND 8647363
	Index Only Scan using sbtest2_pkey on sbtest2  (cost=0.43..6.45 rows=101 width=4)
	  Index Cond: ((id >= 8647263) AND (id <= 8647363))

table 3 : explain SELECT id FROM sbtest3 WHERE id BETWEEN 8647263 AND 8647363
	Index Only Scan using sbtest3_pkey on sbtest3  (cost=0.43..6.32 rows=94 width=4)
	  Index Cond: ((id >= 8647263) AND (id <= 8647363))

table 4 : explain SELECT id FROM sbtest4 WHERE id BETWEEN 8647263 AND 8647363
	Index Only Scan using sbtest4_pkey on sbtest4  (cost=0.43..6.43 rows=100 width=4)
	  Index Cond: ((id >= 8647263) AND (id <= 8647363))

table 5 : explain SELECT id FROM sbtest5 WHERE id BETWEEN 8647263 AND 8647363
	Index Only Scan using sbtest5_pkey on sbtest5  (cost=0.43..6.51 rows=104 width=4)
	  Index Cond: ((id >= 8647263) AND (id <= 8647363))

table 6 : explain SELECT id FROM sbtest6 WHERE id BETWEEN 8647263 AND 8647363
	Index Only Scan using sbtest6_pkey on sbtest6  (cost=0.43..6.29 rows=93 width=4)
	  Index Cond: ((id >= 8647263) AND (id <= 8647363))

table 7 : explain SELECT id FROM sbtest7 WHERE id BETWEEN 8647263 AND 8647363
	Index Only Scan using sbtest7_pkey on sbtest7  (cost=0.43..6.50 rows=103 width=4)
	  Index Cond: ((id >= 8647263) AND (id <= 8647363))

table 8 : explain SELECT id FROM sbtest8 WHERE id BETWEEN 8647263 AND 8647363
	Index Only Scan using sbtest8_pkey on sbtest8  (cost=0.43..6.51 rows=104 width=4)
	  Index Cond: ((id >= 8647263) AND (id <= 8647363))

for range-covered
table 1 : explain SELECT id FROM sbtest1 WHERE id BETWEEN 4306131 AND 4306231
	Index Only Scan using sbtest1_pkey on sbtest1  (cost=0.43..6.35 rows=96 width=4)
	  Index Cond: ((id >= 4306131) AND (id <= 4306231))

table 2 : explain SELECT id FROM sbtest2 WHERE id BETWEEN 4306131 AND 4306231
	Index Only Scan using sbtest2_pkey on sbtest2  (cost=0.43..6.32 rows=94 width=4)
	  Index Cond: ((id >= 4306131) AND (id <= 4306231))

table 3 : explain SELECT id FROM sbtest3 WHERE id BETWEEN 4306131 AND 4306231
	Index Only Scan using sbtest3_pkey on sbtest3  (cost=0.43..6.43 rows=100 width=4)
	  Index Cond: ((id >= 4306131) AND (id <= 4306231))

table 4 : explain SELECT id FROM sbtest4 WHERE id BETWEEN 4306131 AND 4306231
	Index Only Scan using sbtest4_pkey on sbtest4  (cost=0.43..6.61 rows=109 width=4)
	  Index Cond: ((id >= 4306131) AND (id <= 4306231))

table 5 : explain SELECT id FROM sbtest5 WHERE id BETWEEN 4306131 AND 4306231
	Index Only Scan using sbtest5_pkey on sbtest5  (cost=0.43..6.40 rows=98 width=4)
	  Index Cond: ((id >= 4306131) AND (id <= 4306231))

table 6 : explain SELECT id FROM sbtest6 WHERE id BETWEEN 4306131 AND 4306231
	Index Only Scan using sbtest6_pkey on sbtest6  (cost=0.43..6.59 rows=108 width=4)
	  Index Cond: ((id >= 4306131) AND (id <= 4306231))

table 7 : explain SELECT id FROM sbtest7 WHERE id BETWEEN 4306131 AND 4306231
	Index Only Scan using sbtest7_pkey on sbtest7  (cost=0.43..6.33 rows=95 width=4)
	  Index Cond: ((id >= 4306131) AND (id <= 4306231))

table 8 : explain SELECT id FROM sbtest8 WHERE id BETWEEN 4306131 AND 4306231
	Index Only Scan using sbtest8_pkey on sbtest8  (cost=0.43..6.40 rows=98 width=4)
	  Index Cond: ((id >= 4306131) AND (id <= 4306231))

for range-covered
table 1 : explain SELECT id FROM sbtest1 WHERE id BETWEEN 1378318 AND 1378418
	Index Only Scan using sbtest1_pkey on sbtest1  (cost=0.43..6.45 rows=101 width=4)
	  Index Cond: ((id >= 1378318) AND (id <= 1378418))

table 2 : explain SELECT id FROM sbtest2 WHERE id BETWEEN 1378318 AND 1378418
	Index Only Scan using sbtest2_pkey on sbtest2  (cost=0.43..6.24 rows=90 width=4)
	  Index Cond: ((id >= 1378318) AND (id <= 1378418))

table 3 : explain SELECT id FROM sbtest3 WHERE id BETWEEN 1378318 AND 1378418
	Index Only Scan using sbtest3_pkey on sbtest3  (cost=0.43..6.47 rows=102 width=4)
	  Index Cond: ((id >= 1378318) AND (id <= 1378418))

table 4 : explain SELECT id FROM sbtest4 WHERE id BETWEEN 1378318 AND 1378418
	Index Only Scan using sbtest4_pkey on sbtest4  (cost=0.43..6.40 rows=98 width=4)
	  Index Cond: ((id >= 1378318) AND (id <= 1378418))

table 5 : explain SELECT id FROM sbtest5 WHERE id BETWEEN 1378318 AND 1378418
	Index Only Scan using sbtest5_pkey on sbtest5  (cost=0.43..6.24 rows=90 width=4)
	  Index Cond: ((id >= 1378318) AND (id <= 1378418))

table 6 : explain SELECT id FROM sbtest6 WHERE id BETWEEN 1378318 AND 1378418
	Index Only Scan using sbtest6_pkey on sbtest6  (cost=0.43..6.33 rows=95 width=4)
	  Index Cond: ((id >= 1378318) AND (id <= 1378418))

table 7 : explain SELECT id FROM sbtest7 WHERE id BETWEEN 1378318 AND 1378418
	Index Only Scan using sbtest7_pkey on sbtest7  (cost=0.43..6.37 rows=97 width=4)
	  Index Cond: ((id >= 1378318) AND (id <= 1378418))

table 8 : explain SELECT id FROM sbtest8 WHERE id BETWEEN 1378318 AND 1378418
	Index Only Scan using sbtest8_pkey on sbtest8  (cost=0.43..6.42 rows=99 width=4)
	  Index Cond: ((id >= 1378318) AND (id <= 1378418))

explain: for range-covered :: explain SELECT id FROM sbtest%d WHERE id BETWEEN 8647263 AND 8647363
for range-covered
table 1 : explain SELECT id FROM sbtest1 WHERE id BETWEEN 5926633 AND 5926733
	Index Only Scan using sbtest1_pkey on sbtest1  (cost=0.43..6.33 rows=95 width=4)
	  Index Cond: ((id >= 5926633) AND (id <= 5926733))

table 2 : explain SELECT id FROM sbtest2 WHERE id BETWEEN 5926633 AND 5926733
	Index Only Scan using sbtest2_pkey on sbtest2  (cost=0.43..6.51 rows=104 width=4)
	  Index Cond: ((id >= 5926633) AND (id <= 5926733))

table 3 : explain SELECT id FROM sbtest3 WHERE id BETWEEN 5926633 AND 5926733
	Index Only Scan using sbtest3_pkey on sbtest3  (cost=0.43..6.40 rows=98 width=4)
	  Index Cond: ((id >= 5926633) AND (id <= 5926733))

table 4 : explain SELECT id FROM sbtest4 WHERE id BETWEEN 5926633 AND 5926733
	Index Only Scan using sbtest4_pkey on sbtest4  (cost=0.43..6.45 rows=101 width=4)
	  Index Cond: ((id >= 5926633) AND (id <= 5926733))

table 5 : explain SELECT id FROM sbtest5 WHERE id BETWEEN 5926633 AND 5926733
	Index Only Scan using sbtest5_pkey on sbtest5  (cost=0.43..6.35 rows=96 width=4)
	  Index Cond: ((id >= 5926633) AND (id <= 5926733))

table 6 : explain SELECT id FROM sbtest6 WHERE id BETWEEN 5926633 AND 5926733
	Index Only Scan using sbtest6_pkey on sbtest6  (cost=0.43..6.24 rows=90 width=4)
	  Index Cond: ((id >= 5926633) AND (id <= 5926733))

table 7 : explain SELECT id FROM sbtest7 WHERE id BETWEEN 5926633 AND 5926733
	Index Only Scan using sbtest7_pkey on sbtest7  (cost=0.43..6.53 rows=105 width=4)
	  Index Cond: ((id >= 5926633) AND (id <= 5926733))

table 8 : explain SELECT id FROM sbtest8 WHERE id BETWEEN 5926633 AND 5926733
	Index Only Scan using sbtest8_pkey on sbtest8  (cost=0.43..6.50 rows=103 width=4)
	  Index Cond: ((id >= 5926633) AND (id <= 5926733))

explain: for range-covered :: explain SELECT id FROM sbtest%d WHERE id BETWEEN 1378318 AND 1378418
explain: for range-covered :: explain SELECT id FROM sbtest%d WHERE id BETWEEN 5926633 AND 5926733
for range-covered
table 1 : explain SELECT id FROM sbtest1 WHERE id BETWEEN 4002435 AND 4002535
	Index Only Scan using sbtest1_pkey on sbtest1  (cost=0.43..6.42 rows=99 width=4)
	  Index Cond: ((id >= 4002435) AND (id <= 4002535))

table 2 : explain SELECT id FROM sbtest2 WHERE id BETWEEN 4002435 AND 4002535
	Index Only Scan using sbtest2_pkey on sbtest2  (cost=0.43..6.50 rows=103 width=4)
	  Index Cond: ((id >= 4002435) AND (id <= 4002535))

table 3 : explain SELECT id FROM sbtest3 WHERE id BETWEEN 4002435 AND 4002535
	Index Only Scan using sbtest3_pkey on sbtest3  (cost=0.43..6.37 rows=97 width=4)
	  Index Cond: ((id >= 4002435) AND (id <= 4002535))

table 4 : explain SELECT id FROM sbtest4 WHERE id BETWEEN 4002435 AND 4002535
	Index Only Scan using sbtest4_pkey on sbtest4  (cost=0.43..6.45 rows=101 width=4)
	  Index Cond: ((id >= 4002435) AND (id <= 4002535))

table 5 : explain SELECT id FROM sbtest5 WHERE id BETWEEN 4002435 AND 4002535
	Index Only Scan using sbtest5_pkey on sbtest5  (cost=0.43..6.37 rows=97 width=4)
	  Index Cond: ((id >= 4002435) AND (id <= 4002535))

table 6 : explain SELECT id FROM sbtest6 WHERE id BETWEEN 4002435 AND 4002535
	Index Only Scan using sbtest6_pkey on sbtest6  (cost=0.43..6.63 rows=110 width=4)
	  Index Cond: ((id >= 4002435) AND (id <= 4002535))

table 7 : explain SELECT id FROM sbtest7 WHERE id BETWEEN 4002435 AND 4002535
	Index Only Scan using sbtest7_pkey on sbtest7  (cost=0.43..6.42 rows=99 width=4)
	  Index Cond: ((id >= 4002435) AND (id <= 4002535))

table 8 : explain SELECT id FROM sbtest8 WHERE id BETWEEN 4002435 AND 4002535
	Index Only Scan using sbtest8_pkey on sbtest8  (cost=0.43..6.61 rows=109 width=4)
	  Index Cond: ((id >= 4002435) AND (id <= 4002535))

for range-covered
table 1 : explain SELECT id FROM sbtest1 WHERE id BETWEEN 5394879 AND 5394979
	Index Only Scan using sbtest1_pkey on sbtest1  (cost=0.43..6.43 rows=100 width=4)
	  Index Cond: ((id >= 5394879) AND (id <= 5394979))

table 2 : explain SELECT id FROM sbtest2 WHERE id BETWEEN 5394879 AND 5394979
	Index Only Scan using sbtest2_pkey on sbtest2  (cost=0.43..6.61 rows=109 width=4)
	  Index Cond: ((id >= 5394879) AND (id <= 5394979))

table 3 : explain SELECT id FROM sbtest3 WHERE id BETWEEN 5394879 AND 5394979
	Index Only Scan using sbtest3_pkey on sbtest3  (cost=0.43..6.53 rows=105 width=4)
	  Index Cond: ((id >= 5394879) AND (id <= 5394979))

table 4 : explain SELECT id FROM sbtest4 WHERE id BETWEEN 5394879 AND 5394979
	Index Only Scan using sbtest4_pkey on sbtest4  (cost=0.43..6.47 rows=102 width=4)
	  Index Cond: ((id >= 5394879) AND (id <= 5394979))

table 5 : explain SELECT id FROM sbtest5 WHERE id BETWEEN 5394879 AND 5394979
	Index Only Scan using sbtest5_pkey on sbtest5  (cost=0.43..6.51 rows=104 width=4)
	  Index Cond: ((id >= 5394879) AND (id <= 5394979))

table 6 : explain SELECT id FROM sbtest6 WHERE id BETWEEN 5394879 AND 5394979
	Index Only Scan using sbtest6_pkey on sbtest6  (cost=0.43..6.45 rows=101 width=4)
	  Index Cond: ((id >= 5394879) AND (id <= 5394979))

table 7 : explain SELECT id FROM sbtest7 WHERE id BETWEEN 5394879 AND 5394979
	Index Only Scan using sbtest7_pkey on sbtest7  (cost=0.43..6.53 rows=105 width=4)
	  Index Cond: ((id >= 5394879) AND (id <= 5394979))

table 8 : explain SELECT id FROM sbtest8 WHERE id BETWEEN 5394879 AND 5394979
	Index Only Scan using sbtest8_pkey on sbtest8  (cost=0.43..6.32 rows=94 width=4)
	  Index Cond: ((id >= 5394879) AND (id <= 5394979))

explain: for range-covered :: explain SELECT id FROM sbtest%d WHERE id BETWEEN 5394879 AND 5394979
explain: for range-covered :: explain SELECT id FROM sbtest%d WHERE id BETWEEN 4002435 AND 4002535
for range-covered
table 1 : explain SELECT id FROM sbtest1 WHERE id BETWEEN 7640145 AND 7640245
	Index Only Scan using sbtest1_pkey on sbtest1  (cost=0.43..6.32 rows=94 width=4)
	  Index Cond: ((id >= 7640145) AND (id <= 7640245))

table 2 : explain SELECT id FROM sbtest2 WHERE id BETWEEN 7640145 AND 7640245
	Index Only Scan using sbtest2_pkey on sbtest2  (cost=0.43..6.45 rows=101 width=4)
	  Index Cond: ((id >= 7640145) AND (id <= 7640245))

table 3 : explain SELECT id FROM sbtest3 WHERE id BETWEEN 7640145 AND 7640245
	Index Only Scan using sbtest3_pkey on sbtest3  (cost=0.43..6.33 rows=95 width=4)
	  Index Cond: ((id >= 7640145) AND (id <= 7640245))

table 4 : explain SELECT id FROM sbtest4 WHERE id BETWEEN 7640145 AND 7640245
	Index Only Scan using sbtest4_pkey on sbtest4  (cost=0.43..6.42 rows=99 width=4)
	  Index Cond: ((id >= 7640145) AND (id <= 7640245))

table 5 : explain SELECT id FROM sbtest5 WHERE id BETWEEN 7640145 AND 7640245
	Index Only Scan using sbtest5_pkey on sbtest5  (cost=0.43..6.35 rows=96 width=4)
	  Index Cond: ((id >= 7640145) AND (id <= 7640245))

table 6 : explain SELECT id FROM sbtest6 WHERE id BETWEEN 7640145 AND 7640245
	Index Only Scan using sbtest6_pkey on sbtest6  (cost=0.43..6.40 rows=98 width=4)
	  Index Cond: ((id >= 7640145) AND (id <= 7640245))

table 7 : explain SELECT id FROM sbtest7 WHERE id BETWEEN 7640145 AND 7640245
	Index Only Scan using sbtest7_pkey on sbtest7  (cost=0.43..6.35 rows=96 width=4)
	  Index Cond: ((id >= 7640145) AND (id <= 7640245))

table 8 : explain SELECT id FROM sbtest8 WHERE id BETWEEN 7640145 AND 7640245
	Index Only Scan using sbtest8_pkey on sbtest8  (cost=0.43..6.42 rows=99 width=4)
	  Index Cond: ((id >= 7640145) AND (id <= 7640245))

explain: for range-covered :: explain SELECT id FROM sbtest%d WHERE id BETWEEN 7640145 AND 7640245
for range-covered
table 1 : explain SELECT id FROM sbtest1 WHERE id BETWEEN 8647263 AND 8647363
	Index Only Scan using sbtest1_pkey on sbtest1  (cost=0.43..6.42 rows=99 width=4)
	  Index Cond: ((id >= 8647263) AND (id <= 8647363))

table 2 : explain SELECT id FROM sbtest2 WHERE id BETWEEN 8647263 AND 8647363
	Index Only Scan using sbtest2_pkey on sbtest2  (cost=0.43..6.45 rows=101 width=4)
	  Index Cond: ((id >= 8647263) AND (id <= 8647363))

table 3 : explain SELECT id FROM sbtest3 WHERE id BETWEEN 8647263 AND 8647363
	Index Only Scan using sbtest3_pkey on sbtest3  (cost=0.43..6.32 rows=94 width=4)
	  Index Cond: ((id >= 8647263) AND (id <= 8647363))

table 4 : explain SELECT id FROM sbtest4 WHERE id BETWEEN 8647263 AND 8647363
	Index Only Scan using sbtest4_pkey on sbtest4  (cost=0.43..6.43 rows=100 width=4)
	  Index Cond: ((id >= 8647263) AND (id <= 8647363))

table 5 : explain SELECT id FROM sbtest5 WHERE id BETWEEN 8647263 AND 8647363
	Index Only Scan using sbtest5_pkey on sbtest5  (cost=0.43..6.51 rows=104 width=4)
	  Index Cond: ((id >= 8647263) AND (id <= 8647363))

table 6 : explain SELECT id FROM sbtest6 WHERE id BETWEEN 8647263 AND 8647363
	Index Only Scan using sbtest6_pkey on sbtest6  (cost=0.43..6.29 rows=93 width=4)
	  Index Cond: ((id >= 8647263) AND (id <= 8647363))

table 7 : explain SELECT id FROM sbtest7 WHERE id BETWEEN 8647263 AND 8647363
	Index Only Scan using sbtest7_pkey on sbtest7  (cost=0.43..6.50 rows=103 width=4)
	  Index Cond: ((id >= 8647263) AND (id <= 8647363))

table 8 : explain SELECT id FROM sbtest8 WHERE id BETWEEN 8647263 AND 8647363
	Index Only Scan using sbtest8_pkey on sbtest8  (cost=0.43..6.51 rows=104 width=4)
	  Index Cond: ((id >= 8647263) AND (id <= 8647363))

explain: for range-covered :: explain SELECT id FROM sbtest%d WHERE id BETWEEN 8647263 AND 8647363
explain: for range-covered :: explain SELECT id FROM sbtest%d WHERE id BETWEEN 9405699 AND 9405799
for range-covered
table 1 : explain SELECT id FROM sbtest1 WHERE id BETWEEN 1378318 AND 1378418
	Index Only Scan using sbtest1_pkey on sbtest1  (cost=0.43..6.45 rows=101 width=4)
	  Index Cond: ((id >= 1378318) AND (id <= 1378418))

table 2 : explain SELECT id FROM sbtest2 WHERE id BETWEEN 1378318 AND 1378418
	Index Only Scan using sbtest2_pkey on sbtest2  (cost=0.43..6.24 rows=90 width=4)
	  Index Cond: ((id >= 1378318) AND (id <= 1378418))

table 3 : explain SELECT id FROM sbtest3 WHERE id BETWEEN 1378318 AND 1378418
	Index Only Scan using sbtest3_pkey on sbtest3  (cost=0.43..6.47 rows=102 width=4)
	  Index Cond: ((id >= 1378318) AND (id <= 1378418))

table 4 : explain SELECT id FROM sbtest4 WHERE id BETWEEN 1378318 AND 1378418
	Index Only Scan using sbtest4_pkey on sbtest4  (cost=0.43..6.40 rows=98 width=4)
	  Index Cond: ((id >= 1378318) AND (id <= 1378418))

table 5 : explain SELECT id FROM sbtest5 WHERE id BETWEEN 1378318 AND 1378418
	Index Only Scan using sbtest5_pkey on sbtest5  (cost=0.43..6.24 rows=90 width=4)
	  Index Cond: ((id >= 1378318) AND (id <= 1378418))

table 6 : explain SELECT id FROM sbtest6 WHERE id BETWEEN 1378318 AND 1378418
	Index Only Scan using sbtest6_pkey on sbtest6  (cost=0.43..6.33 rows=95 width=4)
	  Index Cond: ((id >= 1378318) AND (id <= 1378418))

table 7 : explain SELECT id FROM sbtest7 WHERE id BETWEEN 1378318 AND 1378418
	Index Only Scan using sbtest7_pkey on sbtest7  (cost=0.43..6.37 rows=97 width=4)
	  Index Cond: ((id >= 1378318) AND (id <= 1378418))

table 8 : explain SELECT id FROM sbtest8 WHERE id BETWEEN 1378318 AND 1378418
	Index Only Scan using sbtest8_pkey on sbtest8  (cost=0.43..6.42 rows=99 width=4)
	  Index Cond: ((id >= 1378318) AND (id <= 1378418))

for range-covered
table 1 : explain SELECT id FROM sbtest1 WHERE id BETWEEN 5926633 AND 5926733
	Index Only Scan using sbtest1_pkey on sbtest1  (cost=0.43..6.33 rows=95 width=4)
	  Index Cond: ((id >= 5926633) AND (id <= 5926733))

table 2 : explain SELECT id FROM sbtest2 WHERE id BETWEEN 5926633 AND 5926733
	Index Only Scan using sbtest2_pkey on sbtest2  (cost=0.43..6.51 rows=104 width=4)
	  Index Cond: ((id >= 5926633) AND (id <= 5926733))

table 3 : explain SELECT id FROM sbtest3 WHERE id BETWEEN 5926633 AND 5926733
	Index Only Scan using sbtest3_pkey on sbtest3  (cost=0.43..6.40 rows=98 width=4)
	  Index Cond: ((id >= 5926633) AND (id <= 5926733))

table 4 : explain SELECT id FROM sbtest4 WHERE id BETWEEN 5926633 AND 5926733
	Index Only Scan using sbtest4_pkey on sbtest4  (cost=0.43..6.45 rows=101 width=4)
	  Index Cond: ((id >= 5926633) AND (id <= 5926733))

table 5 : explain SELECT id FROM sbtest5 WHERE id BETWEEN 5926633 AND 5926733
	Index Only Scan using sbtest5_pkey on sbtest5  (cost=0.43..6.35 rows=96 width=4)
	  Index Cond: ((id >= 5926633) AND (id <= 5926733))

table 6 : explain SELECT id FROM sbtest6 WHERE id BETWEEN 5926633 AND 5926733
	Index Only Scan using sbtest6_pkey on sbtest6  (cost=0.43..6.24 rows=90 width=4)
	  Index Cond: ((id >= 5926633) AND (id <= 5926733))

table 7 : explain SELECT id FROM sbtest7 WHERE id BETWEEN 5926633 AND 5926733
	Index Only Scan using sbtest7_pkey on sbtest7  (cost=0.43..6.53 rows=105 width=4)
	  Index Cond: ((id >= 5926633) AND (id <= 5926733))

table 8 : explain SELECT id FROM sbtest8 WHERE id BETWEEN 5926633 AND 5926733
	Index Only Scan using sbtest8_pkey on sbtest8  (cost=0.43..6.50 rows=103 width=4)
	  Index Cond: ((id >= 5926633) AND (id <= 5926733))

explain: for range-covered :: explain SELECT id FROM sbtest%d WHERE id BETWEEN 5926633 AND 5926733
explain: for range-covered :: explain SELECT id FROM sbtest%d WHERE id BETWEEN 1378318 AND 1378418
for range-covered
table 1 : explain SELECT id FROM sbtest1 WHERE id BETWEEN 5394879 AND 5394979
	Index Only Scan using sbtest1_pkey on sbtest1  (cost=0.43..6.43 rows=100 width=4)
	  Index Cond: ((id >= 5394879) AND (id <= 5394979))

table 2 : explain SELECT id FROM sbtest2 WHERE id BETWEEN 5394879 AND 5394979
	Index Only Scan using sbtest2_pkey on sbtest2  (cost=0.43..6.61 rows=109 width=4)
	  Index Cond: ((id >= 5394879) AND (id <= 5394979))

table 3 : explain SELECT id FROM sbtest3 WHERE id BETWEEN 5394879 AND 5394979
	Index Only Scan using sbtest3_pkey on sbtest3  (cost=0.43..6.53 rows=105 width=4)
	  Index Cond: ((id >= 5394879) AND (id <= 5394979))

table 4 : explain SELECT id FROM sbtest4 WHERE id BETWEEN 5394879 AND 5394979
	Index Only Scan using sbtest4_pkey on sbtest4  (cost=0.43..6.47 rows=102 width=4)
	  Index Cond: ((id >= 5394879) AND (id <= 5394979))

table 5 : explain SELECT id FROM sbtest5 WHERE id BETWEEN 5394879 AND 5394979
	Index Only Scan using sbtest5_pkey on sbtest5  (cost=0.43..6.51 rows=104 width=4)
	  Index Cond: ((id >= 5394879) AND (id <= 5394979))

table 6 : explain SELECT id FROM sbtest6 WHERE id BETWEEN 5394879 AND 5394979
	Index Only Scan using sbtest6_pkey on sbtest6  (cost=0.43..6.45 rows=101 width=4)
	  Index Cond: ((id >= 5394879) AND (id <= 5394979))

table 7 : explain SELECT id FROM sbtest7 WHERE id BETWEEN 5394879 AND 5394979
	Index Only Scan using sbtest7_pkey on sbtest7  (cost=0.43..6.53 rows=105 width=4)
	  Index Cond: ((id >= 5394879) AND (id <= 5394979))

table 8 : explain SELECT id FROM sbtest8 WHERE id BETWEEN 5394879 AND 5394979
	Index Only Scan using sbtest8_pkey on sbtest8  (cost=0.43..6.32 rows=94 width=4)
	  Index Cond: ((id >= 5394879) AND (id <= 5394979))

explain: for range-covered :: explain SELECT id FROM sbtest%d WHERE id BETWEEN 5394879 AND 5394979
for range-covered
table 1 : explain SELECT id FROM sbtest1 WHERE id BETWEEN 4002435 AND 4002535
	Index Only Scan using sbtest1_pkey on sbtest1  (cost=0.43..6.42 rows=99 width=4)
	  Index Cond: ((id >= 4002435) AND (id <= 4002535))

table 2 : explain SELECT id FROM sbtest2 WHERE id BETWEEN 4002435 AND 4002535
	Index Only Scan using sbtest2_pkey on sbtest2  (cost=0.43..6.50 rows=103 width=4)
	  Index Cond: ((id >= 4002435) AND (id <= 4002535))

table 3 : explain SELECT id FROM sbtest3 WHERE id BETWEEN 4002435 AND 4002535
	Index Only Scan using sbtest3_pkey on sbtest3  (cost=0.43..6.37 rows=97 width=4)
	  Index Cond: ((id >= 4002435) AND (id <= 4002535))

table 4 : explain SELECT id FROM sbtest4 WHERE id BETWEEN 4002435 AND 4002535
	Index Only Scan using sbtest4_pkey on sbtest4  (cost=0.43..6.45 rows=101 width=4)
	  Index Cond: ((id >= 4002435) AND (id <= 4002535))

table 5 : explain SELECT id FROM sbtest5 WHERE id BETWEEN 4002435 AND 4002535
	Index Only Scan using sbtest5_pkey on sbtest5  (cost=0.43..6.37 rows=97 width=4)
	  Index Cond: ((id >= 4002435) AND (id <= 4002535))

table 6 : explain SELECT id FROM sbtest6 WHERE id BETWEEN 4002435 AND 4002535
	Index Only Scan using sbtest6_pkey on sbtest6  (cost=0.43..6.63 rows=110 width=4)
	  Index Cond: ((id >= 4002435) AND (id <= 4002535))

table 7 : explain SELECT id FROM sbtest7 WHERE id BETWEEN 4002435 AND 4002535
	Index Only Scan using sbtest7_pkey on sbtest7  (cost=0.43..6.42 rows=99 width=4)
	  Index Cond: ((id >= 4002435) AND (id <= 4002535))

table 8 : explain SELECT id FROM sbtest8 WHERE id BETWEEN 4002435 AND 4002535
	Index Only Scan using sbtest8_pkey on sbtest8  (cost=0.43..6.61 rows=109 width=4)
	  Index Cond: ((id >= 4002435) AND (id <= 4002535))

explain: for range-covered :: explain SELECT id FROM sbtest%d WHERE id BETWEEN 4002435 AND 4002535
for range-covered
table 1 : explain SELECT id FROM sbtest1 WHERE id BETWEEN 7640145 AND 7640245
	Index Only Scan using sbtest1_pkey on sbtest1  (cost=0.43..6.32 rows=94 width=4)
	  Index Cond: ((id >= 7640145) AND (id <= 7640245))

table 2 : explain SELECT id FROM sbtest2 WHERE id BETWEEN 7640145 AND 7640245
	Index Only Scan using sbtest2_pkey on sbtest2  (cost=0.43..6.45 rows=101 width=4)
	  Index Cond: ((id >= 7640145) AND (id <= 7640245))

table 3 : explain SELECT id FROM sbtest3 WHERE id BETWEEN 7640145 AND 7640245
	Index Only Scan using sbtest3_pkey on sbtest3  (cost=0.43..6.33 rows=95 width=4)
	  Index Cond: ((id >= 7640145) AND (id <= 7640245))

table 4 : explain SELECT id FROM sbtest4 WHERE id BETWEEN 7640145 AND 7640245
	Index Only Scan using sbtest4_pkey on sbtest4  (cost=0.43..6.42 rows=99 width=4)
	  Index Cond: ((id >= 7640145) AND (id <= 7640245))

table 5 : explain SELECT id FROM sbtest5 WHERE id BETWEEN 7640145 AND 7640245
	Index Only Scan using sbtest5_pkey on sbtest5  (cost=0.43..6.35 rows=96 width=4)
	  Index Cond: ((id >= 7640145) AND (id <= 7640245))

table 6 : explain SELECT id FROM sbtest6 WHERE id BETWEEN 7640145 AND 7640245
	Index Only Scan using sbtest6_pkey on sbtest6  (cost=0.43..6.40 rows=98 width=4)
	  Index Cond: ((id >= 7640145) AND (id <= 7640245))

table 7 : explain SELECT id FROM sbtest7 WHERE id BETWEEN 7640145 AND 7640245
	Index Only Scan using sbtest7_pkey on sbtest7  (cost=0.43..6.35 rows=96 width=4)
	  Index Cond: ((id >= 7640145) AND (id <= 7640245))

table 8 : explain SELECT id FROM sbtest8 WHERE id BETWEEN 7640145 AND 7640245
	Index Only Scan using sbtest8_pkey on sbtest8  (cost=0.43..6.42 rows=99 width=4)
	  Index Cond: ((id >= 7640145) AND (id <= 7640245))

explain: for range-covered :: explain SELECT id FROM sbtest%d WHERE id BETWEEN 7640145 AND 7640245
for range-covered
table 1 : explain SELECT id FROM sbtest1 WHERE id BETWEEN 8647263 AND 8647363
	Index Only Scan using sbtest1_pkey on sbtest1  (cost=0.43..6.42 rows=99 width=4)
	  Index Cond: ((id >= 8647263) AND (id <= 8647363))

table 2 : explain SELECT id FROM sbtest2 WHERE id BETWEEN 8647263 AND 8647363
	Index Only Scan using sbtest2_pkey on sbtest2  (cost=0.43..6.45 rows=101 width=4)
	  Index Cond: ((id >= 8647263) AND (id <= 8647363))

table 3 : explain SELECT id FROM sbtest3 WHERE id BETWEEN 8647263 AND 8647363
	Index Only Scan using sbtest3_pkey on sbtest3  (cost=0.43..6.32 rows=94 width=4)
	  Index Cond: ((id >= 8647263) AND (id <= 8647363))

table 4 : explain SELECT id FROM sbtest4 WHERE id BETWEEN 8647263 AND 8647363
	Index Only Scan using sbtest4_pkey on sbtest4  (cost=0.43..6.43 rows=100 width=4)
	  Index Cond: ((id >= 8647263) AND (id <= 8647363))

table 5 : explain SELECT id FROM sbtest5 WHERE id BETWEEN 8647263 AND 8647363
	Index Only Scan using sbtest5_pkey on sbtest5  (cost=0.43..6.51 rows=104 width=4)
	  Index Cond: ((id >= 8647263) AND (id <= 8647363))

table 6 : explain SELECT id FROM sbtest6 WHERE id BETWEEN 8647263 AND 8647363
	Index Only Scan using sbtest6_pkey on sbtest6  (cost=0.43..6.29 rows=93 width=4)
	  Index Cond: ((id >= 8647263) AND (id <= 8647363))

table 7 : explain SELECT id FROM sbtest7 WHERE id BETWEEN 8647263 AND 8647363
	Index Only Scan using sbtest7_pkey on sbtest7  (cost=0.43..6.50 rows=103 width=4)
	  Index Cond: ((id >= 8647263) AND (id <= 8647363))

table 8 : explain SELECT id FROM sbtest8 WHERE id BETWEEN 8647263 AND 8647363
	Index Only Scan using sbtest8_pkey on sbtest8  (cost=0.43..6.51 rows=104 width=4)
	  Index Cond: ((id >= 8647263) AND (id <= 8647363))

explain: for range-covered :: explain SELECT id FROM sbtest%d WHERE id BETWEEN 8647263 AND 8647363
for range-covered
table 1 : explain SELECT id FROM sbtest1 WHERE id BETWEEN 5926633 AND 5926733
	Index Only Scan using sbtest1_pkey on sbtest1  (cost=0.43..6.33 rows=95 width=4)
	  Index Cond: ((id >= 5926633) AND (id <= 5926733))

table 2 : explain SELECT id FROM sbtest2 WHERE id BETWEEN 5926633 AND 5926733
	Index Only Scan using sbtest2_pkey on sbtest2  (cost=0.43..6.51 rows=104 width=4)
	  Index Cond: ((id >= 5926633) AND (id <= 5926733))

table 3 : explain SELECT id FROM sbtest3 WHERE id BETWEEN 5926633 AND 5926733
	Index Only Scan using sbtest3_pkey on sbtest3  (cost=0.43..6.40 rows=98 width=4)
	  Index Cond: ((id >= 5926633) AND (id <= 5926733))

table 4 : explain SELECT id FROM sbtest4 WHERE id BETWEEN 5926633 AND 5926733
	Index Only Scan using sbtest4_pkey on sbtest4  (cost=0.43..6.45 rows=101 width=4)
	  Index Cond: ((id >= 5926633) AND (id <= 5926733))

table 5 : explain SELECT id FROM sbtest5 WHERE id BETWEEN 5926633 AND 5926733
	Index Only Scan using sbtest5_pkey on sbtest5  (cost=0.43..6.35 rows=96 width=4)
	  Index Cond: ((id >= 5926633) AND (id <= 5926733))

table 6 : explain SELECT id FROM sbtest6 WHERE id BETWEEN 5926633 AND 5926733
	Index Only Scan using sbtest6_pkey on sbtest6  (cost=0.43..6.24 rows=90 width=4)
	  Index Cond: ((id >= 5926633) AND (id <= 5926733))

table 7 : explain SELECT id FROM sbtest7 WHERE id BETWEEN 5926633 AND 5926733
	Index Only Scan using sbtest7_pkey on sbtest7  (cost=0.43..6.53 rows=105 width=4)
	  Index Cond: ((id >= 5926633) AND (id <= 5926733))

table 8 : explain SELECT id FROM sbtest8 WHERE id BETWEEN 5926633 AND 5926733
	Index Only Scan using sbtest8_pkey on sbtest8  (cost=0.43..6.50 rows=103 width=4)
	  Index Cond: ((id >= 5926633) AND (id <= 5926733))

explain: for range-covered :: explain SELECT id FROM sbtest%d WHERE id BETWEEN 5926633 AND 5926733
for range-covered
table 1 : explain SELECT id FROM sbtest1 WHERE id BETWEEN 5394879 AND 5394979
	Index Only Scan using sbtest1_pkey on sbtest1  (cost=0.43..6.43 rows=100 width=4)
	  Index Cond: ((id >= 5394879) AND (id <= 5394979))

table 2 : explain SELECT id FROM sbtest2 WHERE id BETWEEN 5394879 AND 5394979
	Index Only Scan using sbtest2_pkey on sbtest2  (cost=0.43..6.61 rows=109 width=4)
	  Index Cond: ((id >= 5394879) AND (id <= 5394979))

table 3 : explain SELECT id FROM sbtest3 WHERE id BETWEEN 5394879 AND 5394979
	Index Only Scan using sbtest3_pkey on sbtest3  (cost=0.43..6.53 rows=105 width=4)
	  Index Cond: ((id >= 5394879) AND (id <= 5394979))

table 4 : explain SELECT id FROM sbtest4 WHERE id BETWEEN 5394879 AND 5394979
	Index Only Scan using sbtest4_pkey on sbtest4  (cost=0.43..6.47 rows=102 width=4)
	  Index Cond: ((id >= 5394879) AND (id <= 5394979))

table 5 : explain SELECT id FROM sbtest5 WHERE id BETWEEN 5394879 AND 5394979
	Index Only Scan using sbtest5_pkey on sbtest5  (cost=0.43..6.51 rows=104 width=4)
	  Index Cond: ((id >= 5394879) AND (id <= 5394979))

table 6 : explain SELECT id FROM sbtest6 WHERE id BETWEEN 5394879 AND 5394979
	Index Only Scan using sbtest6_pkey on sbtest6  (cost=0.43..6.45 rows=101 width=4)
	  Index Cond: ((id >= 5394879) AND (id <= 5394979))

table 7 : explain SELECT id FROM sbtest7 WHERE id BETWEEN 5394879 AND 5394979
	Index Only Scan using sbtest7_pkey on sbtest7  (cost=0.43..6.53 rows=105 width=4)
	  Index Cond: ((id >= 5394879) AND (id <= 5394979))

table 8 : explain SELECT id FROM sbtest8 WHERE id BETWEEN 5394879 AND 5394979
	Index Only Scan using sbtest8_pkey on sbtest8  (cost=0.43..6.32 rows=94 width=4)
	  Index Cond: ((id >= 5394879) AND (id <= 5394979))

for range-covered
table 1 : explain SELECT id FROM sbtest1 WHERE id BETWEEN 4002435 AND 4002535
	Index Only Scan using sbtest1_pkey on sbtest1  (cost=0.43..6.42 rows=99 width=4)
	  Index Cond: ((id >= 4002435) AND (id <= 4002535))

table 2 : explain SELECT id FROM sbtest2 WHERE id BETWEEN 4002435 AND 4002535
	Index Only Scan using sbtest2_pkey on sbtest2  (cost=0.43..6.50 rows=103 width=4)
	  Index Cond: ((id >= 4002435) AND (id <= 4002535))

table 3 : explain SELECT id FROM sbtest3 WHERE id BETWEEN 4002435 AND 4002535
	Index Only Scan using sbtest3_pkey on sbtest3  (cost=0.43..6.37 rows=97 width=4)
	  Index Cond: ((id >= 4002435) AND (id <= 4002535))

table 4 : explain SELECT id FROM sbtest4 WHERE id BETWEEN 4002435 AND 4002535
	Index Only Scan using sbtest4_pkey on sbtest4  (cost=0.43..6.45 rows=101 width=4)
	  Index Cond: ((id >= 4002435) AND (id <= 4002535))

table 5 : explain SELECT id FROM sbtest5 WHERE id BETWEEN 4002435 AND 4002535
	Index Only Scan using sbtest5_pkey on sbtest5  (cost=0.43..6.37 rows=97 width=4)
	  Index Cond: ((id >= 4002435) AND (id <= 4002535))

table 6 : explain SELECT id FROM sbtest6 WHERE id BETWEEN 4002435 AND 4002535
	Index Only Scan using sbtest6_pkey on sbtest6  (cost=0.43..6.63 rows=110 width=4)
	  Index Cond: ((id >= 4002435) AND (id <= 4002535))

table 7 : explain SELECT id FROM sbtest7 WHERE id BETWEEN 4002435 AND 4002535
	Index Only Scan using sbtest7_pkey on sbtest7  (cost=0.43..6.42 rows=99 width=4)
	  Index Cond: ((id >= 4002435) AND (id <= 4002535))

table 8 : explain SELECT id FROM sbtest8 WHERE id BETWEEN 4002435 AND 4002535
	Index Only Scan using sbtest8_pkey on sbtest8  (cost=0.43..6.61 rows=109 width=4)
	  Index Cond: ((id >= 4002435) AND (id <= 4002535))

explain: for range-covered :: explain SELECT id FROM sbtest%d WHERE id BETWEEN 5394879 AND 5394979
explain: for range-covered :: explain SELECT id FROM sbtest%d WHERE id BETWEEN 4002435 AND 4002535
for range-covered
table 1 : explain SELECT id FROM sbtest1 WHERE id BETWEEN 7640145 AND 7640245
	Index Only Scan using sbtest1_pkey on sbtest1  (cost=0.43..6.32 rows=94 width=4)
	  Index Cond: ((id >= 7640145) AND (id <= 7640245))

table 2 : explain SELECT id FROM sbtest2 WHERE id BETWEEN 7640145 AND 7640245
	Index Only Scan using sbtest2_pkey on sbtest2  (cost=0.43..6.45 rows=101 width=4)
	  Index Cond: ((id >= 7640145) AND (id <= 7640245))

table 3 : explain SELECT id FROM sbtest3 WHERE id BETWEEN 7640145 AND 7640245
	Index Only Scan using sbtest3_pkey on sbtest3  (cost=0.43..6.33 rows=95 width=4)
	  Index Cond: ((id >= 7640145) AND (id <= 7640245))

table 4 : explain SELECT id FROM sbtest4 WHERE id BETWEEN 7640145 AND 7640245
	Index Only Scan using sbtest4_pkey on sbtest4  (cost=0.43..6.42 rows=99 width=4)
	  Index Cond: ((id >= 7640145) AND (id <= 7640245))

table 5 : explain SELECT id FROM sbtest5 WHERE id BETWEEN 7640145 AND 7640245
	Index Only Scan using sbtest5_pkey on sbtest5  (cost=0.43..6.35 rows=96 width=4)
	  Index Cond: ((id >= 7640145) AND (id <= 7640245))

table 6 : explain SELECT id FROM sbtest6 WHERE id BETWEEN 7640145 AND 7640245
	Index Only Scan using sbtest6_pkey on sbtest6  (cost=0.43..6.40 rows=98 width=4)
	  Index Cond: ((id >= 7640145) AND (id <= 7640245))

table 7 : explain SELECT id FROM sbtest7 WHERE id BETWEEN 7640145 AND 7640245
	Index Only Scan using sbtest7_pkey on sbtest7  (cost=0.43..6.35 rows=96 width=4)
	  Index Cond: ((id >= 7640145) AND (id <= 7640245))

table 8 : explain SELECT id FROM sbtest8 WHERE id BETWEEN 7640145 AND 7640245
	Index Only Scan using sbtest8_pkey on sbtest8  (cost=0.43..6.42 rows=99 width=4)
	  Index Cond: ((id >= 7640145) AND (id <= 7640245))

for range-covered
table 1 : explain SELECT id FROM sbtest1 WHERE id BETWEEN 1378318 AND 1378418
	Index Only Scan using sbtest1_pkey on sbtest1  (cost=0.43..6.45 rows=101 width=4)
	  Index Cond: ((id >= 1378318) AND (id <= 1378418))

table 2 : explain SELECT id FROM sbtest2 WHERE id BETWEEN 1378318 AND 1378418
	Index Only Scan using sbtest2_pkey on sbtest2  (cost=0.43..6.24 rows=90 width=4)
	  Index Cond: ((id >= 1378318) AND (id <= 1378418))

table 3 : explain SELECT id FROM sbtest3 WHERE id BETWEEN 1378318 AND 1378418
	Index Only Scan using sbtest3_pkey on sbtest3  (cost=0.43..6.47 rows=102 width=4)
	  Index Cond: ((id >= 1378318) AND (id <= 1378418))

table 4 : explain SELECT id FROM sbtest4 WHERE id BETWEEN 1378318 AND 1378418
	Index Only Scan using sbtest4_pkey on sbtest4  (cost=0.43..6.40 rows=98 width=4)
	  Index Cond: ((id >= 1378318) AND (id <= 1378418))

table 5 : explain SELECT id FROM sbtest5 WHERE id BETWEEN 1378318 AND 1378418
	Index Only Scan using sbtest5_pkey on sbtest5  (cost=0.43..6.24 rows=90 width=4)
	  Index Cond: ((id >= 1378318) AND (id <= 1378418))

table 6 : explain SELECT id FROM sbtest6 WHERE id BETWEEN 1378318 AND 1378418
	Index Only Scan using sbtest6_pkey on sbtest6  (cost=0.43..6.33 rows=95 width=4)
	  Index Cond: ((id >= 1378318) AND (id <= 1378418))

table 7 : explain SELECT id FROM sbtest7 WHERE id BETWEEN 1378318 AND 1378418
	Index Only Scan using sbtest7_pkey on sbtest7  (cost=0.43..6.37 rows=97 width=4)
	  Index Cond: ((id >= 1378318) AND (id <= 1378418))

table 8 : explain SELECT id FROM sbtest8 WHERE id BETWEEN 1378318 AND 1378418
	Index Only Scan using sbtest8_pkey on sbtest8  (cost=0.43..6.42 rows=99 width=4)
	  Index Cond: ((id >= 1378318) AND (id <= 1378418))

explain: for range-covered :: explain SELECT id FROM sbtest%d WHERE id BETWEEN 2721637 AND 2721737
explain: for range-covered :: explain SELECT id FROM sbtest%d WHERE id BETWEEN 7640145 AND 7640245
for range-covered
table 1 : explain SELECT id FROM sbtest1 WHERE id BETWEEN 8647263 AND 8647363
	Index Only Scan using sbtest1_pkey on sbtest1  (cost=0.43..6.42 rows=99 width=4)
	  Index Cond: ((id >= 8647263) AND (id <= 8647363))

table 2 : explain SELECT id FROM sbtest2 WHERE id BETWEEN 8647263 AND 8647363
	Index Only Scan using sbtest2_pkey on sbtest2  (cost=0.43..6.45 rows=101 width=4)
	  Index Cond: ((id >= 8647263) AND (id <= 8647363))

table 3 : explain SELECT id FROM sbtest3 WHERE id BETWEEN 8647263 AND 8647363
	Index Only Scan using sbtest3_pkey on sbtest3  (cost=0.43..6.32 rows=94 width=4)
	  Index Cond: ((id >= 8647263) AND (id <= 8647363))

table 4 : explain SELECT id FROM sbtest4 WHERE id BETWEEN 8647263 AND 8647363
	Index Only Scan using sbtest4_pkey on sbtest4  (cost=0.43..6.43 rows=100 width=4)
	  Index Cond: ((id >= 8647263) AND (id <= 8647363))

table 5 : explain SELECT id FROM sbtest5 WHERE id BETWEEN 8647263 AND 8647363
	Index Only Scan using sbtest5_pkey on sbtest5  (cost=0.43..6.51 rows=104 width=4)
	  Index Cond: ((id >= 8647263) AND (id <= 8647363))

table 6 : explain SELECT id FROM sbtest6 WHERE id BETWEEN 8647263 AND 8647363
	Index Only Scan using sbtest6_pkey on sbtest6  (cost=0.43..6.29 rows=93 width=4)
	  Index Cond: ((id >= 8647263) AND (id <= 8647363))

table 7 : explain SELECT id FROM sbtest7 WHERE id BETWEEN 8647263 AND 8647363
	Index Only Scan using sbtest7_pkey on sbtest7  (cost=0.43..6.50 rows=103 width=4)
	  Index Cond: ((id >= 8647263) AND (id <= 8647363))

table 8 : explain SELECT id FROM sbtest8 WHERE id BETWEEN 8647263 AND 8647363
	Index Only Scan using sbtest8_pkey on sbtest8  (cost=0.43..6.51 rows=104 width=4)
	  Index Cond: ((id >= 8647263) AND (id <= 8647363))

explain: for range-covered :: explain SELECT id FROM sbtest%d WHERE id BETWEEN 1378318 AND 1378418
explain: for range-covered :: explain SELECT id FROM sbtest%d WHERE id BETWEEN 8647263 AND 8647363
for range-covered
table 1 : explain SELECT id FROM sbtest1 WHERE id BETWEEN 5926633 AND 5926733
	Index Only Scan using sbtest1_pkey on sbtest1  (cost=0.43..6.33 rows=95 width=4)
	  Index Cond: ((id >= 5926633) AND (id <= 5926733))

table 2 : explain SELECT id FROM sbtest2 WHERE id BETWEEN 5926633 AND 5926733
	Index Only Scan using sbtest2_pkey on sbtest2  (cost=0.43..6.51 rows=104 width=4)
	  Index Cond: ((id >= 5926633) AND (id <= 5926733))

table 3 : explain SELECT id FROM sbtest3 WHERE id BETWEEN 5926633 AND 5926733
	Index Only Scan using sbtest3_pkey on sbtest3  (cost=0.43..6.40 rows=98 width=4)
	  Index Cond: ((id >= 5926633) AND (id <= 5926733))

table 4 : explain SELECT id FROM sbtest4 WHERE id BETWEEN 5926633 AND 5926733
	Index Only Scan using sbtest4_pkey on sbtest4  (cost=0.43..6.45 rows=101 width=4)
	  Index Cond: ((id >= 5926633) AND (id <= 5926733))

table 5 : explain SELECT id FROM sbtest5 WHERE id BETWEEN 5926633 AND 5926733
	Index Only Scan using sbtest5_pkey on sbtest5  (cost=0.43..6.35 rows=96 width=4)
	  Index Cond: ((id >= 5926633) AND (id <= 5926733))

table 6 : explain SELECT id FROM sbtest6 WHERE id BETWEEN 5926633 AND 5926733
	Index Only Scan using sbtest6_pkey on sbtest6  (cost=0.43..6.24 rows=90 width=4)
	  Index Cond: ((id >= 5926633) AND (id <= 5926733))

table 7 : explain SELECT id FROM sbtest7 WHERE id BETWEEN 5926633 AND 5926733
	Index Only Scan using sbtest7_pkey on sbtest7  (cost=0.43..6.53 rows=105 width=4)
	  Index Cond: ((id >= 5926633) AND (id <= 5926733))

table 8 : explain SELECT id FROM sbtest8 WHERE id BETWEEN 5926633 AND 5926733
	Index Only Scan using sbtest8_pkey on sbtest8  (cost=0.43..6.50 rows=103 width=4)
	  Index Cond: ((id >= 5926633) AND (id <= 5926733))

explain: for range-covered :: explain SELECT id FROM sbtest%d WHERE id BETWEEN 5926633 AND 5926733
for range-covered
table 1 : explain SELECT id FROM sbtest1 WHERE id BETWEEN 5394879 AND 5394979
	Index Only Scan using sbtest1_pkey on sbtest1  (cost=0.43..6.43 rows=100 width=4)
	  Index Cond: ((id >= 5394879) AND (id <= 5394979))

table 2 : explain SELECT id FROM sbtest2 WHERE id BETWEEN 5394879 AND 5394979
	Index Only Scan using sbtest2_pkey on sbtest2  (cost=0.43..6.61 rows=109 width=4)
	  Index Cond: ((id >= 5394879) AND (id <= 5394979))

table 3 : explain SELECT id FROM sbtest3 WHERE id BETWEEN 5394879 AND 5394979
	Index Only Scan using sbtest3_pkey on sbtest3  (cost=0.43..6.53 rows=105 width=4)
	  Index Cond: ((id >= 5394879) AND (id <= 5394979))

table 4 : explain SELECT id FROM sbtest4 WHERE id BETWEEN 5394879 AND 5394979
	Index Only Scan using sbtest4_pkey on sbtest4  (cost=0.43..6.47 rows=102 width=4)
	  Index Cond: ((id >= 5394879) AND (id <= 5394979))

table 5 : explain SELECT id FROM sbtest5 WHERE id BETWEEN 5394879 AND 5394979
	Index Only Scan using sbtest5_pkey on sbtest5  (cost=0.43..6.51 rows=104 width=4)
	  Index Cond: ((id >= 5394879) AND (id <= 5394979))

table 6 : explain SELECT id FROM sbtest6 WHERE id BETWEEN 5394879 AND 5394979
	Index Only Scan using sbtest6_pkey on sbtest6  (cost=0.43..6.45 rows=101 width=4)
	  Index Cond: ((id >= 5394879) AND (id <= 5394979))

table 7 : explain SELECT id FROM sbtest7 WHERE id BETWEEN 5394879 AND 5394979
	Index Only Scan using sbtest7_pkey on sbtest7  (cost=0.43..6.53 rows=105 width=4)
	  Index Cond: ((id >= 5394879) AND (id <= 5394979))

table 8 : explain SELECT id FROM sbtest8 WHERE id BETWEEN 5394879 AND 5394979
	Index Only Scan using sbtest8_pkey on sbtest8  (cost=0.43..6.32 rows=94 width=4)
	  Index Cond: ((id >= 5394879) AND (id <= 5394979))

for range-covered
table 1 : explain SELECT id FROM sbtest1 WHERE id BETWEEN 4002435 AND 4002535
	Index Only Scan using sbtest1_pkey on sbtest1  (cost=0.43..6.42 rows=99 width=4)
	  Index Cond: ((id >= 4002435) AND (id <= 4002535))

table 2 : explain SELECT id FROM sbtest2 WHERE id BETWEEN 4002435 AND 4002535
	Index Only Scan using sbtest2_pkey on sbtest2  (cost=0.43..6.50 rows=103 width=4)
	  Index Cond: ((id >= 4002435) AND (id <= 4002535))

table 3 : explain SELECT id FROM sbtest3 WHERE id BETWEEN 4002435 AND 4002535
	Index Only Scan using sbtest3_pkey on sbtest3  (cost=0.43..6.37 rows=97 width=4)
	  Index Cond: ((id >= 4002435) AND (id <= 4002535))

table 4 : explain SELECT id FROM sbtest4 WHERE id BETWEEN 4002435 AND 4002535
	Index Only Scan using sbtest4_pkey on sbtest4  (cost=0.43..6.45 rows=101 width=4)
	  Index Cond: ((id >= 4002435) AND (id <= 4002535))

table 5 : explain SELECT id FROM sbtest5 WHERE id BETWEEN 4002435 AND 4002535
	Index Only Scan using sbtest5_pkey on sbtest5  (cost=0.43..6.37 rows=97 width=4)
	  Index Cond: ((id >= 4002435) AND (id <= 4002535))

table 6 : explain SELECT id FROM sbtest6 WHERE id BETWEEN 4002435 AND 4002535
	Index Only Scan using sbtest6_pkey on sbtest6  (cost=0.43..6.63 rows=110 width=4)
	  Index Cond: ((id >= 4002435) AND (id <= 4002535))

table 7 : explain SELECT id FROM sbtest7 WHERE id BETWEEN 4002435 AND 4002535
	Index Only Scan using sbtest7_pkey on sbtest7  (cost=0.43..6.42 rows=99 width=4)
	  Index Cond: ((id >= 4002435) AND (id <= 4002535))

table 8 : explain SELECT id FROM sbtest8 WHERE id BETWEEN 4002435 AND 4002535
	Index Only Scan using sbtest8_pkey on sbtest8  (cost=0.43..6.61 rows=109 width=4)
	  Index Cond: ((id >= 4002435) AND (id <= 4002535))

explain: for range-covered :: explain SELECT id FROM sbtest%d WHERE id BETWEEN 4002435 AND 4002535
for range-covered
table 1 : explain SELECT id FROM sbtest1 WHERE id BETWEEN 7640145 AND 7640245
	Index Only Scan using sbtest1_pkey on sbtest1  (cost=0.43..6.32 rows=94 width=4)
	  Index Cond: ((id >= 7640145) AND (id <= 7640245))

table 2 : explain SELECT id FROM sbtest2 WHERE id BETWEEN 7640145 AND 7640245
	Index Only Scan using sbtest2_pkey on sbtest2  (cost=0.43..6.45 rows=101 width=4)
	  Index Cond: ((id >= 7640145) AND (id <= 7640245))

table 3 : explain SELECT id FROM sbtest3 WHERE id BETWEEN 7640145 AND 7640245
	Index Only Scan using sbtest3_pkey on sbtest3  (cost=0.43..6.33 rows=95 width=4)
	  Index Cond: ((id >= 7640145) AND (id <= 7640245))

table 4 : explain SELECT id FROM sbtest4 WHERE id BETWEEN 7640145 AND 7640245
	Index Only Scan using sbtest4_pkey on sbtest4  (cost=0.43..6.42 rows=99 width=4)
	  Index Cond: ((id >= 7640145) AND (id <= 7640245))

table 5 : explain SELECT id FROM sbtest5 WHERE id BETWEEN 7640145 AND 7640245
	Index Only Scan using sbtest5_pkey on sbtest5  (cost=0.43..6.35 rows=96 width=4)
	  Index Cond: ((id >= 7640145) AND (id <= 7640245))

table 6 : explain SELECT id FROM sbtest6 WHERE id BETWEEN 7640145 AND 7640245
	Index Only Scan using sbtest6_pkey on sbtest6  (cost=0.43..6.40 rows=98 width=4)
	  Index Cond: ((id >= 7640145) AND (id <= 7640245))

table 7 : explain SELECT id FROM sbtest7 WHERE id BETWEEN 7640145 AND 7640245
	Index Only Scan using sbtest7_pkey on sbtest7  (cost=0.43..6.35 rows=96 width=4)
	  Index Cond: ((id >= 7640145) AND (id <= 7640245))

table 8 : explain SELECT id FROM sbtest8 WHERE id BETWEEN 7640145 AND 7640245
	Index Only Scan using sbtest8_pkey on sbtest8  (cost=0.43..6.42 rows=99 width=4)
	  Index Cond: ((id >= 7640145) AND (id <= 7640245))

explain: for range-covered :: explain SELECT id FROM sbtest%d WHERE id BETWEEN 7640145 AND 7640245
for range-covered
table 1 : explain SELECT id FROM sbtest1 WHERE id BETWEEN 8647263 AND 8647363
	Index Only Scan using sbtest1_pkey on sbtest1  (cost=0.43..6.42 rows=99 width=4)
	  Index Cond: ((id >= 8647263) AND (id <= 8647363))

table 2 : explain SELECT id FROM sbtest2 WHERE id BETWEEN 8647263 AND 8647363
	Index Only Scan using sbtest2_pkey on sbtest2  (cost=0.43..6.45 rows=101 width=4)
	  Index Cond: ((id >= 8647263) AND (id <= 8647363))

table 3 : explain SELECT id FROM sbtest3 WHERE id BETWEEN 8647263 AND 8647363
	Index Only Scan using sbtest3_pkey on sbtest3  (cost=0.43..6.32 rows=94 width=4)
	  Index Cond: ((id >= 8647263) AND (id <= 8647363))

table 4 : explain SELECT id FROM sbtest4 WHERE id BETWEEN 8647263 AND 8647363
	Index Only Scan using sbtest4_pkey on sbtest4  (cost=0.43..6.43 rows=100 width=4)
	  Index Cond: ((id >= 8647263) AND (id <= 8647363))

table 5 : explain SELECT id FROM sbtest5 WHERE id BETWEEN 8647263 AND 8647363
	Index Only Scan using sbtest5_pkey on sbtest5  (cost=0.43..6.51 rows=104 width=4)
	  Index Cond: ((id >= 8647263) AND (id <= 8647363))

table 6 : explain SELECT id FROM sbtest6 WHERE id BETWEEN 8647263 AND 8647363
	Index Only Scan using sbtest6_pkey on sbtest6  (cost=0.43..6.29 rows=93 width=4)
	  Index Cond: ((id >= 8647263) AND (id <= 8647363))

table 7 : explain SELECT id FROM sbtest7 WHERE id BETWEEN 8647263 AND 8647363
	Index Only Scan using sbtest7_pkey on sbtest7  (cost=0.43..6.50 rows=103 width=4)
	  Index Cond: ((id >= 8647263) AND (id <= 8647363))

table 8 : explain SELECT id FROM sbtest8 WHERE id BETWEEN 8647263 AND 8647363
	Index Only Scan using sbtest8_pkey on sbtest8  (cost=0.43..6.51 rows=104 width=4)
	  Index Cond: ((id >= 8647263) AND (id <= 8647363))

explain: for range-covered :: explain SELECT id FROM sbtest%d WHERE id BETWEEN 8647263 AND 8647363
for range-covered
table 1 : explain SELECT id FROM sbtest1 WHERE id BETWEEN 5926633 AND 5926733
	Index Only Scan using sbtest1_pkey on sbtest1  (cost=0.43..6.33 rows=95 width=4)
	  Index Cond: ((id >= 5926633) AND (id <= 5926733))

table 2 : explain SELECT id FROM sbtest2 WHERE id BETWEEN 5926633 AND 5926733
	Index Only Scan using sbtest2_pkey on sbtest2  (cost=0.43..6.51 rows=104 width=4)
	  Index Cond: ((id >= 5926633) AND (id <= 5926733))

table 3 : explain SELECT id FROM sbtest3 WHERE id BETWEEN 5926633 AND 5926733
	Index Only Scan using sbtest3_pkey on sbtest3  (cost=0.43..6.40 rows=98 width=4)
	  Index Cond: ((id >= 5926633) AND (id <= 5926733))

table 4 : explain SELECT id FROM sbtest4 WHERE id BETWEEN 5926633 AND 5926733
	Index Only Scan using sbtest4_pkey on sbtest4  (cost=0.43..6.45 rows=101 width=4)
	  Index Cond: ((id >= 5926633) AND (id <= 5926733))

table 5 : explain SELECT id FROM sbtest5 WHERE id BETWEEN 5926633 AND 5926733
	Index Only Scan using sbtest5_pkey on sbtest5  (cost=0.43..6.35 rows=96 width=4)
	  Index Cond: ((id >= 5926633) AND (id <= 5926733))

table 6 : explain SELECT id FROM sbtest6 WHERE id BETWEEN 5926633 AND 5926733
	Index Only Scan using sbtest6_pkey on sbtest6  (cost=0.43..6.24 rows=90 width=4)
	  Index Cond: ((id >= 5926633) AND (id <= 5926733))

table 7 : explain SELECT id FROM sbtest7 WHERE id BETWEEN 5926633 AND 5926733
	Index Only Scan using sbtest7_pkey on sbtest7  (cost=0.43..6.53 rows=105 width=4)
	  Index Cond: ((id >= 5926633) AND (id <= 5926733))

table 8 : explain SELECT id FROM sbtest8 WHERE id BETWEEN 5926633 AND 5926733
	Index Only Scan using sbtest8_pkey on sbtest8  (cost=0.43..6.50 rows=103 width=4)
	  Index Cond: ((id >= 5926633) AND (id <= 5926733))

for range-covered
table 1 : explain SELECT id FROM sbtest1 WHERE id BETWEEN 9405699 AND 9405799
	Index Only Scan using sbtest1_pkey on sbtest1  (cost=0.43..6.59 rows=108 width=4)
	  Index Cond: ((id >= 9405699) AND (id <= 9405799))

table 2 : explain SELECT id FROM sbtest2 WHERE id BETWEEN 9405699 AND 9405799
	Index Only Scan using sbtest2_pkey on sbtest2  (cost=0.43..6.33 rows=95 width=4)
	  Index Cond: ((id >= 9405699) AND (id <= 9405799))

table 3 : explain SELECT id FROM sbtest3 WHERE id BETWEEN 9405699 AND 9405799
	Index Only Scan using sbtest3_pkey on sbtest3  (cost=0.43..6.69 rows=113 width=4)
	  Index Cond: ((id >= 9405699) AND (id <= 9405799))

table 4 : explain SELECT id FROM sbtest4 WHERE id BETWEEN 9405699 AND 9405799
	Index Only Scan using sbtest4_pkey on sbtest4  (cost=0.43..6.47 rows=102 width=4)
	  Index Cond: ((id >= 9405699) AND (id <= 9405799))

table 5 : explain SELECT id FROM sbtest5 WHERE id BETWEEN 9405699 AND 9405799
	Index Only Scan using sbtest5_pkey on sbtest5  (cost=0.43..6.40 rows=98 width=4)
	  Index Cond: ((id >= 9405699) AND (id <= 9405799))

table 6 : explain SELECT id FROM sbtest6 WHERE id BETWEEN 9405699 AND 9405799
	Index Only Scan using sbtest6_pkey on sbtest6  (cost=0.43..6.29 rows=93 width=4)
	  Index Cond: ((id >= 9405699) AND (id <= 9405799))

table 7 : explain SELECT id FROM sbtest7 WHERE id BETWEEN 9405699 AND 9405799
	Index Only Scan using sbtest7_pkey on sbtest7  (cost=0.43..6.51 rows=104 width=4)
	  Index Cond: ((id >= 9405699) AND (id <= 9405799))

table 8 : explain SELECT id FROM sbtest8 WHERE id BETWEEN 9405699 AND 9405799
	Index Only Scan using sbtest8_pkey on sbtest8  (cost=0.43..6.29 rows=93 width=4)
	  Index Cond: ((id >= 9405699) AND (id <= 9405799))

explain: for range-covered :: explain SELECT id FROM sbtest%d WHERE id BETWEEN 9405699 AND 9405799
for range-covered
table 1 : explain SELECT id FROM sbtest1 WHERE id BETWEEN 1378318 AND 1378418
	Index Only Scan using sbtest1_pkey on sbtest1  (cost=0.43..6.45 rows=101 width=4)
	  Index Cond: ((id >= 1378318) AND (id <= 1378418))

table 2 : explain SELECT id FROM sbtest2 WHERE id BETWEEN 1378318 AND 1378418
	Index Only Scan using sbtest2_pkey on sbtest2  (cost=0.43..6.24 rows=90 width=4)
	  Index Cond: ((id >= 1378318) AND (id <= 1378418))

table 3 : explain SELECT id FROM sbtest3 WHERE id BETWEEN 1378318 AND 1378418
	Index Only Scan using sbtest3_pkey on sbtest3  (cost=0.43..6.47 rows=102 width=4)
	  Index Cond: ((id >= 1378318) AND (id <= 1378418))

table 4 : explain SELECT id FROM sbtest4 WHERE id BETWEEN 1378318 AND 1378418
	Index Only Scan using sbtest4_pkey on sbtest4  (cost=0.43..6.40 rows=98 width=4)
	  Index Cond: ((id >= 1378318) AND (id <= 1378418))

table 5 : explain SELECT id FROM sbtest5 WHERE id BETWEEN 1378318 AND 1378418
	Index Only Scan using sbtest5_pkey on sbtest5  (cost=0.43..6.24 rows=90 width=4)
	  Index Cond: ((id >= 1378318) AND (id <= 1378418))

table 6 : explain SELECT id FROM sbtest6 WHERE id BETWEEN 1378318 AND 1378418
	Index Only Scan using sbtest6_pkey on sbtest6  (cost=0.43..6.33 rows=95 width=4)
	  Index Cond: ((id >= 1378318) AND (id <= 1378418))

table 7 : explain SELECT id FROM sbtest7 WHERE id BETWEEN 1378318 AND 1378418
	Index Only Scan using sbtest7_pkey on sbtest7  (cost=0.43..6.37 rows=97 width=4)
	  Index Cond: ((id >= 1378318) AND (id <= 1378418))

table 8 : explain SELECT id FROM sbtest8 WHERE id BETWEEN 1378318 AND 1378418
	Index Only Scan using sbtest8_pkey on sbtest8  (cost=0.43..6.42 rows=99 width=4)
	  Index Cond: ((id >= 1378318) AND (id <= 1378418))

for range-covered
table 1 : explain SELECT id FROM sbtest1 WHERE id BETWEEN 4002435 AND 4002535
	Index Only Scan using sbtest1_pkey on sbtest1  (cost=0.43..6.42 rows=99 width=4)
	  Index Cond: ((id >= 4002435) AND (id <= 4002535))

table 2 : explain SELECT id FROM sbtest2 WHERE id BETWEEN 4002435 AND 4002535
	Index Only Scan using sbtest2_pkey on sbtest2  (cost=0.43..6.50 rows=103 width=4)
	  Index Cond: ((id >= 4002435) AND (id <= 4002535))

table 3 : explain SELECT id FROM sbtest3 WHERE id BETWEEN 4002435 AND 4002535
	Index Only Scan using sbtest3_pkey on sbtest3  (cost=0.43..6.37 rows=97 width=4)
	  Index Cond: ((id >= 4002435) AND (id <= 4002535))

table 4 : explain SELECT id FROM sbtest4 WHERE id BETWEEN 4002435 AND 4002535
	Index Only Scan using sbtest4_pkey on sbtest4  (cost=0.43..6.45 rows=101 width=4)
	  Index Cond: ((id >= 4002435) AND (id <= 4002535))

table 5 : explain SELECT id FROM sbtest5 WHERE id BETWEEN 4002435 AND 4002535
	Index Only Scan using sbtest5_pkey on sbtest5  (cost=0.43..6.37 rows=97 width=4)
	  Index Cond: ((id >= 4002435) AND (id <= 4002535))

table 6 : explain SELECT id FROM sbtest6 WHERE id BETWEEN 4002435 AND 4002535
	Index Only Scan using sbtest6_pkey on sbtest6  (cost=0.43..6.63 rows=110 width=4)
	  Index Cond: ((id >= 4002435) AND (id <= 4002535))

table 7 : explain SELECT id FROM sbtest7 WHERE id BETWEEN 4002435 AND 4002535
	Index Only Scan using sbtest7_pkey on sbtest7  (cost=0.43..6.42 rows=99 width=4)
	  Index Cond: ((id >= 4002435) AND (id <= 4002535))

table 8 : explain SELECT id FROM sbtest8 WHERE id BETWEEN 4002435 AND 4002535
	Index Only Scan using sbtest8_pkey on sbtest8  (cost=0.43..6.61 rows=109 width=4)
	  Index Cond: ((id >= 4002435) AND (id <= 4002535))

explain: for range-covered :: explain SELECT id FROM sbtest%d WHERE id BETWEEN 1378318 AND 1378418
explain: for range-covered :: explain SELECT id FROM sbtest%d WHERE id BETWEEN 4002435 AND 4002535
for range-covered
table 1 : explain SELECT id FROM sbtest1 WHERE id BETWEEN 7640145 AND 7640245
	Index Only Scan using sbtest1_pkey on sbtest1  (cost=0.43..6.32 rows=94 width=4)
	  Index Cond: ((id >= 7640145) AND (id <= 7640245))

table 2 : explain SELECT id FROM sbtest2 WHERE id BETWEEN 7640145 AND 7640245
	Index Only Scan using sbtest2_pkey on sbtest2  (cost=0.43..6.45 rows=101 width=4)
	  Index Cond: ((id >= 7640145) AND (id <= 7640245))

table 3 : explain SELECT id FROM sbtest3 WHERE id BETWEEN 7640145 AND 7640245
	Index Only Scan using sbtest3_pkey on sbtest3  (cost=0.43..6.33 rows=95 width=4)
	  Index Cond: ((id >= 7640145) AND (id <= 7640245))

table 4 : explain SELECT id FROM sbtest4 WHERE id BETWEEN 7640145 AND 7640245
	Index Only Scan using sbtest4_pkey on sbtest4  (cost=0.43..6.42 rows=99 width=4)
	  Index Cond: ((id >= 7640145) AND (id <= 7640245))

table 5 : explain SELECT id FROM sbtest5 WHERE id BETWEEN 7640145 AND 7640245
	Index Only Scan using sbtest5_pkey on sbtest5  (cost=0.43..6.35 rows=96 width=4)
	  Index Cond: ((id >= 7640145) AND (id <= 7640245))

table 6 : explain SELECT id FROM sbtest6 WHERE id BETWEEN 7640145 AND 7640245
	Index Only Scan using sbtest6_pkey on sbtest6  (cost=0.43..6.40 rows=98 width=4)
	  Index Cond: ((id >= 7640145) AND (id <= 7640245))

table 7 : explain SELECT id FROM sbtest7 WHERE id BETWEEN 7640145 AND 7640245
	Index Only Scan using sbtest7_pkey on sbtest7  (cost=0.43..6.35 rows=96 width=4)
	  Index Cond: ((id >= 7640145) AND (id <= 7640245))

table 8 : explain SELECT id FROM sbtest8 WHERE id BETWEEN 7640145 AND 7640245
	Index Only Scan using sbtest8_pkey on sbtest8  (cost=0.43..6.42 rows=99 width=4)
	  Index Cond: ((id >= 7640145) AND (id <= 7640245))

explain: for range-covered :: explain SELECT id FROM sbtest%d WHERE id BETWEEN 7640145 AND 7640245
for range-covered
table 1 : explain SELECT id FROM sbtest1 WHERE id BETWEEN 8647263 AND 8647363
	Index Only Scan using sbtest1_pkey on sbtest1  (cost=0.43..6.42 rows=99 width=4)
	  Index Cond: ((id >= 8647263) AND (id <= 8647363))

table 2 : explain SELECT id FROM sbtest2 WHERE id BETWEEN 8647263 AND 8647363
	Index Only Scan using sbtest2_pkey on sbtest2  (cost=0.43..6.45 rows=101 width=4)
	  Index Cond: ((id >= 8647263) AND (id <= 8647363))

table 3 : explain SELECT id FROM sbtest3 WHERE id BETWEEN 8647263 AND 8647363
	Index Only Scan using sbtest3_pkey on sbtest3  (cost=0.43..6.32 rows=94 width=4)
	  Index Cond: ((id >= 8647263) AND (id <= 8647363))

table 4 : explain SELECT id FROM sbtest4 WHERE id BETWEEN 8647263 AND 8647363
	Index Only Scan using sbtest4_pkey on sbtest4  (cost=0.43..6.43 rows=100 width=4)
	  Index Cond: ((id >= 8647263) AND (id <= 8647363))

table 5 : explain SELECT id FROM sbtest5 WHERE id BETWEEN 8647263 AND 8647363
	Index Only Scan using sbtest5_pkey on sbtest5  (cost=0.43..6.51 rows=104 width=4)
	  Index Cond: ((id >= 8647263) AND (id <= 8647363))

table 6 : explain SELECT id FROM sbtest6 WHERE id BETWEEN 8647263 AND 8647363
	Index Only Scan using sbtest6_pkey on sbtest6  (cost=0.43..6.29 rows=93 width=4)
	  Index Cond: ((id >= 8647263) AND (id <= 8647363))

table 7 : explain SELECT id FROM sbtest7 WHERE id BETWEEN 8647263 AND 8647363
	Index Only Scan using sbtest7_pkey on sbtest7  (cost=0.43..6.50 rows=103 width=4)
	  Index Cond: ((id >= 8647263) AND (id <= 8647363))

table 8 : explain SELECT id FROM sbtest8 WHERE id BETWEEN 8647263 AND 8647363
	Index Only Scan using sbtest8_pkey on sbtest8  (cost=0.43..6.51 rows=104 width=4)
	  Index Cond: ((id >= 8647263) AND (id <= 8647363))

explain: for range-covered :: explain SELECT id FROM sbtest%d WHERE id BETWEEN 8647263 AND 8647363
for range-covered
table 1 : explain SELECT id FROM sbtest1 WHERE id BETWEEN 9405699 AND 9405799
	Index Only Scan using sbtest1_pkey on sbtest1  (cost=0.43..6.59 rows=108 width=4)
	  Index Cond: ((id >= 9405699) AND (id <= 9405799))

table 2 : explain SELECT id FROM sbtest2 WHERE id BETWEEN 9405699 AND 9405799
	Index Only Scan using sbtest2_pkey on sbtest2  (cost=0.43..6.33 rows=95 width=4)
	  Index Cond: ((id >= 9405699) AND (id <= 9405799))

table 3 : explain SELECT id FROM sbtest3 WHERE id BETWEEN 9405699 AND 9405799
	Index Only Scan using sbtest3_pkey on sbtest3  (cost=0.43..6.69 rows=113 width=4)
	  Index Cond: ((id >= 9405699) AND (id <= 9405799))

table 4 : explain SELECT id FROM sbtest4 WHERE id BETWEEN 9405699 AND 9405799
	Index Only Scan using sbtest4_pkey on sbtest4  (cost=0.43..6.47 rows=102 width=4)
	  Index Cond: ((id >= 9405699) AND (id <= 9405799))

table 5 : explain SELECT id FROM sbtest5 WHERE id BETWEEN 9405699 AND 9405799
	Index Only Scan using sbtest5_pkey on sbtest5  (cost=0.43..6.40 rows=98 width=4)
	  Index Cond: ((id >= 9405699) AND (id <= 9405799))

table 6 : explain SELECT id FROM sbtest6 WHERE id BETWEEN 9405699 AND 9405799
	Index Only Scan using sbtest6_pkey on sbtest6  (cost=0.43..6.29 rows=93 width=4)
	  Index Cond: ((id >= 9405699) AND (id <= 9405799))

table 7 : explain SELECT id FROM sbtest7 WHERE id BETWEEN 9405699 AND 9405799
	Index Only Scan using sbtest7_pkey on sbtest7  (cost=0.43..6.51 rows=104 width=4)
	  Index Cond: ((id >= 9405699) AND (id <= 9405799))

table 8 : explain SELECT id FROM sbtest8 WHERE id BETWEEN 9405699 AND 9405799
	Index Only Scan using sbtest8_pkey on sbtest8  (cost=0.43..6.29 rows=93 width=4)
	  Index Cond: ((id >= 9405699) AND (id <= 9405799))

explain: for range-covered :: explain SELECT id FROM sbtest%d WHERE id BETWEEN 9405699 AND 9405799
for range-covered
table 1 : explain SELECT id FROM sbtest1 WHERE id BETWEEN 1378318 AND 1378418
	Index Only Scan using sbtest1_pkey on sbtest1  (cost=0.43..6.45 rows=101 width=4)
	  Index Cond: ((id >= 1378318) AND (id <= 1378418))

table 2 : explain SELECT id FROM sbtest2 WHERE id BETWEEN 1378318 AND 1378418
	Index Only Scan using sbtest2_pkey on sbtest2  (cost=0.43..6.24 rows=90 width=4)
	  Index Cond: ((id >= 1378318) AND (id <= 1378418))

table 3 : explain SELECT id FROM sbtest3 WHERE id BETWEEN 1378318 AND 1378418
	Index Only Scan using sbtest3_pkey on sbtest3  (cost=0.43..6.47 rows=102 width=4)
	  Index Cond: ((id >= 1378318) AND (id <= 1378418))

table 4 : explain SELECT id FROM sbtest4 WHERE id BETWEEN 1378318 AND 1378418
	Index Only Scan using sbtest4_pkey on sbtest4  (cost=0.43..6.40 rows=98 width=4)
	  Index Cond: ((id >= 1378318) AND (id <= 1378418))

table 5 : explain SELECT id FROM sbtest5 WHERE id BETWEEN 1378318 AND 1378418
	Index Only Scan using sbtest5_pkey on sbtest5  (cost=0.43..6.24 rows=90 width=4)
	  Index Cond: ((id >= 1378318) AND (id <= 1378418))

table 6 : explain SELECT id FROM sbtest6 WHERE id BETWEEN 1378318 AND 1378418
	Index Only Scan using sbtest6_pkey on sbtest6  (cost=0.43..6.33 rows=95 width=4)
	  Index Cond: ((id >= 1378318) AND (id <= 1378418))

table 7 : explain SELECT id FROM sbtest7 WHERE id BETWEEN 1378318 AND 1378418
	Index Only Scan using sbtest7_pkey on sbtest7  (cost=0.43..6.37 rows=97 width=4)
	  Index Cond: ((id >= 1378318) AND (id <= 1378418))

table 8 : explain SELECT id FROM sbtest8 WHERE id BETWEEN 1378318 AND 1378418
	Index Only Scan using sbtest8_pkey on sbtest8  (cost=0.43..6.42 rows=99 width=4)
	  Index Cond: ((id >= 1378318) AND (id <= 1378418))

for range-covered
table 1 : explain SELECT id FROM sbtest1 WHERE id BETWEEN 4002435 AND 4002535
	Index Only Scan using sbtest1_pkey on sbtest1  (cost=0.43..6.42 rows=99 width=4)
	  Index Cond: ((id >= 4002435) AND (id <= 4002535))

table 2 : explain SELECT id FROM sbtest2 WHERE id BETWEEN 4002435 AND 4002535
	Index Only Scan using sbtest2_pkey on sbtest2  (cost=0.43..6.50 rows=103 width=4)
	  Index Cond: ((id >= 4002435) AND (id <= 4002535))

table 3 : explain SELECT id FROM sbtest3 WHERE id BETWEEN 4002435 AND 4002535
	Index Only Scan using sbtest3_pkey on sbtest3  (cost=0.43..6.37 rows=97 width=4)
	  Index Cond: ((id >= 4002435) AND (id <= 4002535))

table 4 : explain SELECT id FROM sbtest4 WHERE id BETWEEN 4002435 AND 4002535
	Index Only Scan using sbtest4_pkey on sbtest4  (cost=0.43..6.45 rows=101 width=4)
	  Index Cond: ((id >= 4002435) AND (id <= 4002535))

table 5 : explain SELECT id FROM sbtest5 WHERE id BETWEEN 4002435 AND 4002535
	Index Only Scan using sbtest5_pkey on sbtest5  (cost=0.43..6.37 rows=97 width=4)
	  Index Cond: ((id >= 4002435) AND (id <= 4002535))

table 6 : explain SELECT id FROM sbtest6 WHERE id BETWEEN 4002435 AND 4002535
	Index Only Scan using sbtest6_pkey on sbtest6  (cost=0.43..6.63 rows=110 width=4)
	  Index Cond: ((id >= 4002435) AND (id <= 4002535))

table 7 : explain SELECT id FROM sbtest7 WHERE id BETWEEN 4002435 AND 4002535
	Index Only Scan using sbtest7_pkey on sbtest7  (cost=0.43..6.42 rows=99 width=4)
	  Index Cond: ((id >= 4002435) AND (id <= 4002535))

table 8 : explain SELECT id FROM sbtest8 WHERE id BETWEEN 4002435 AND 4002535
	Index Only Scan using sbtest8_pkey on sbtest8  (cost=0.43..6.61 rows=109 width=4)
	  Index Cond: ((id >= 4002435) AND (id <= 4002535))

explain: for range-covered :: explain SELECT id FROM sbtest%d WHERE id BETWEEN 1378318 AND 1378418
for range-covered
table 1 : explain SELECT id FROM sbtest1 WHERE id BETWEEN 7640145 AND 7640245
	Index Only Scan using sbtest1_pkey on sbtest1  (cost=0.43..6.32 rows=94 width=4)
	  Index Cond: ((id >= 7640145) AND (id <= 7640245))

table 2 : explain SELECT id FROM sbtest2 WHERE id BETWEEN 7640145 AND 7640245
	Index Only Scan using sbtest2_pkey on sbtest2  (cost=0.43..6.45 rows=101 width=4)
	  Index Cond: ((id >= 7640145) AND (id <= 7640245))

table 3 : explain SELECT id FROM sbtest3 WHERE id BETWEEN 7640145 AND 7640245
	Index Only Scan using sbtest3_pkey on sbtest3  (cost=0.43..6.33 rows=95 width=4)
	  Index Cond: ((id >= 7640145) AND (id <= 7640245))

table 4 : explain SELECT id FROM sbtest4 WHERE id BETWEEN 7640145 AND 7640245
	Index Only Scan using sbtest4_pkey on sbtest4  (cost=0.43..6.42 rows=99 width=4)
	  Index Cond: ((id >= 7640145) AND (id <= 7640245))

table 5 : explain SELECT id FROM sbtest5 WHERE id BETWEEN 7640145 AND 7640245
	Index Only Scan using sbtest5_pkey on sbtest5  (cost=0.43..6.35 rows=96 width=4)
	  Index Cond: ((id >= 7640145) AND (id <= 7640245))

table 6 : explain SELECT id FROM sbtest6 WHERE id BETWEEN 7640145 AND 7640245
	Index Only Scan using sbtest6_pkey on sbtest6  (cost=0.43..6.40 rows=98 width=4)
	  Index Cond: ((id >= 7640145) AND (id <= 7640245))

table 7 : explain SELECT id FROM sbtest7 WHERE id BETWEEN 7640145 AND 7640245
	Index Only Scan using sbtest7_pkey on sbtest7  (cost=0.43..6.35 rows=96 width=4)
	  Index Cond: ((id >= 7640145) AND (id <= 7640245))

table 8 : explain SELECT id FROM sbtest8 WHERE id BETWEEN 7640145 AND 7640245
	Index Only Scan using sbtest8_pkey on sbtest8  (cost=0.43..6.42 rows=99 width=4)
	  Index Cond: ((id >= 7640145) AND (id <= 7640245))
explain: for range-covered :: explain SELECT id FROM sbtest%d WHERE id BETWEEN 4002435 AND 4002535

explain: for range-covered :: explain SELECT id FROM sbtest%d WHERE id BETWEEN 7640145 AND 7640245
for range-covered
table 1 : explain SELECT id FROM sbtest1 WHERE id BETWEEN 8647263 AND 8647363
	Index Only Scan using sbtest1_pkey on sbtest1  (cost=0.43..6.42 rows=99 width=4)
	  Index Cond: ((id >= 8647263) AND (id <= 8647363))

table 2 : explain SELECT id FROM sbtest2 WHERE id BETWEEN 8647263 AND 8647363
	Index Only Scan using sbtest2_pkey on sbtest2  (cost=0.43..6.45 rows=101 width=4)
	  Index Cond: ((id >= 8647263) AND (id <= 8647363))

table 3 : explain SELECT id FROM sbtest3 WHERE id BETWEEN 8647263 AND 8647363
	Index Only Scan using sbtest3_pkey on sbtest3  (cost=0.43..6.32 rows=94 width=4)
	  Index Cond: ((id >= 8647263) AND (id <= 8647363))

table 4 : explain SELECT id FROM sbtest4 WHERE id BETWEEN 8647263 AND 8647363
	Index Only Scan using sbtest4_pkey on sbtest4  (cost=0.43..6.43 rows=100 width=4)
	  Index Cond: ((id >= 8647263) AND (id <= 8647363))

table 5 : explain SELECT id FROM sbtest5 WHERE id BETWEEN 8647263 AND 8647363
	Index Only Scan using sbtest5_pkey on sbtest5  (cost=0.43..6.51 rows=104 width=4)
	  Index Cond: ((id >= 8647263) AND (id <= 8647363))

table 6 : explain SELECT id FROM sbtest6 WHERE id BETWEEN 8647263 AND 8647363
	Index Only Scan using sbtest6_pkey on sbtest6  (cost=0.43..6.29 rows=93 width=4)
	  Index Cond: ((id >= 8647263) AND (id <= 8647363))

table 7 : explain SELECT id FROM sbtest7 WHERE id BETWEEN 8647263 AND 8647363
	Index Only Scan using sbtest7_pkey on sbtest7  (cost=0.43..6.50 rows=103 width=4)
	  Index Cond: ((id >= 8647263) AND (id <= 8647363))

table 8 : explain SELECT id FROM sbtest8 WHERE id BETWEEN 8647263 AND 8647363
	Index Only Scan using sbtest8_pkey on sbtest8  (cost=0.43..6.51 rows=104 width=4)
	  Index Cond: ((id >= 8647263) AND (id <= 8647363))

for range-covered
table 1 : explain SELECT id FROM sbtest1 WHERE id BETWEEN 2721637 AND 2721737
	Index Only Scan using sbtest1_pkey on sbtest1  (cost=0.43..6.47 rows=102 width=4)
	  Index Cond: ((id >= 2721637) AND (id <= 2721737))

table 2 : explain SELECT id FROM sbtest2 WHERE id BETWEEN 2721637 AND 2721737
	Index Only Scan using sbtest2_pkey on sbtest2  (cost=0.43..6.35 rows=96 width=4)
	  Index Cond: ((id >= 2721637) AND (id <= 2721737))

table 3 : explain SELECT id FROM sbtest3 WHERE id BETWEEN 2721637 AND 2721737
	Index Only Scan using sbtest3_pkey on sbtest3  (cost=0.43..6.40 rows=98 width=4)
	  Index Cond: ((id >= 2721637) AND (id <= 2721737))

table 4 : explain SELECT id FROM sbtest4 WHERE id BETWEEN 2721637 AND 2721737
	Index Only Scan using sbtest4_pkey on sbtest4  (cost=0.43..6.45 rows=101 width=4)
	  Index Cond: ((id >= 2721637) AND (id <= 2721737))

table 5 : explain SELECT id FROM sbtest5 WHERE id BETWEEN 2721637 AND 2721737
	Index Only Scan using sbtest5_pkey on sbtest5  (cost=0.43..6.42 rows=99 width=4)
	  Index Cond: ((id >= 2721637) AND (id <= 2721737))

table 6 : explain SELECT id FROM sbtest6 WHERE id BETWEEN 2721637 AND 2721737
	Index Only Scan using sbtest6_pkey on sbtest6  (cost=0.43..6.43 rows=100 width=4)
	  Index Cond: ((id >= 2721637) AND (id <= 2721737))

table 7 : explain SELECT id FROM sbtest7 WHERE id BETWEEN 2721637 AND 2721737
	Index Only Scan using sbtest7_pkey on sbtest7  (cost=0.43..6.53 rows=105 width=4)
	  Index Cond: ((id >= 2721637) AND (id <= 2721737))

table 8 : explain SELECT id FROM sbtest8 WHERE id BETWEEN 2721637 AND 2721737
	Index Only Scan using sbtest8_pkey on sbtest8  (cost=0.43..6.50 rows=103 width=4)
	  Index Cond: ((id >= 2721637) AND (id <= 2721737))

explain: for range-covered :: explain SELECT id FROM sbtest%d WHERE id BETWEEN 2721637 AND 2721737
for range-covered
table 1 : explain SELECT id FROM sbtest1 WHERE id BETWEEN 9405699 AND 9405799
	Index Only Scan using sbtest1_pkey on sbtest1  (cost=0.43..6.59 rows=108 width=4)
	  Index Cond: ((id >= 9405699) AND (id <= 9405799))

table 2 : explain SELECT id FROM sbtest2 WHERE id BETWEEN 9405699 AND 9405799
	Index Only Scan using sbtest2_pkey on sbtest2  (cost=0.43..6.33 rows=95 width=4)
	  Index Cond: ((id >= 9405699) AND (id <= 9405799))

table 3 : explain SELECT id FROM sbtest3 WHERE id BETWEEN 9405699 AND 9405799
	Index Only Scan using sbtest3_pkey on sbtest3  (cost=0.43..6.69 rows=113 width=4)
	  Index Cond: ((id >= 9405699) AND (id <= 9405799))

table 4 : explain SELECT id FROM sbtest4 WHERE id BETWEEN 9405699 AND 9405799
	Index Only Scan using sbtest4_pkey on sbtest4  (cost=0.43..6.47 rows=102 width=4)
	  Index Cond: ((id >= 9405699) AND (id <= 9405799))

table 5 : explain SELECT id FROM sbtest5 WHERE id BETWEEN 9405699 AND 9405799
	Index Only Scan using sbtest5_pkey on sbtest5  (cost=0.43..6.40 rows=98 width=4)
	  Index Cond: ((id >= 9405699) AND (id <= 9405799))

table 6 : explain SELECT id FROM sbtest6 WHERE id BETWEEN 9405699 AND 9405799
	Index Only Scan using sbtest6_pkey on sbtest6  (cost=0.43..6.29 rows=93 width=4)
	  Index Cond: ((id >= 9405699) AND (id <= 9405799))

table 7 : explain SELECT id FROM sbtest7 WHERE id BETWEEN 9405699 AND 9405799
	Index Only Scan using sbtest7_pkey on sbtest7  (cost=0.43..6.51 rows=104 width=4)
	  Index Cond: ((id >= 9405699) AND (id <= 9405799))

table 8 : explain SELECT id FROM sbtest8 WHERE id BETWEEN 9405699 AND 9405799
	Index Only Scan using sbtest8_pkey on sbtest8  (cost=0.43..6.29 rows=93 width=4)
	  Index Cond: ((id >= 9405699) AND (id <= 9405799))

explain: for range-covered :: explain SELECT id FROM sbtest%d WHERE id BETWEEN 9405699 AND 9405799
for range-covered
table 1 : explain SELECT id FROM sbtest1 WHERE id BETWEEN 1378318 AND 1378418
	Index Only Scan using sbtest1_pkey on sbtest1  (cost=0.43..6.45 rows=101 width=4)
	  Index Cond: ((id >= 1378318) AND (id <= 1378418))

table 2 : explain SELECT id FROM sbtest2 WHERE id BETWEEN 1378318 AND 1378418
	Index Only Scan using sbtest2_pkey on sbtest2  (cost=0.43..6.24 rows=90 width=4)
	  Index Cond: ((id >= 1378318) AND (id <= 1378418))

table 3 : explain SELECT id FROM sbtest3 WHERE id BETWEEN 1378318 AND 1378418
	Index Only Scan using sbtest3_pkey on sbtest3  (cost=0.43..6.47 rows=102 width=4)
	  Index Cond: ((id >= 1378318) AND (id <= 1378418))

table 4 : explain SELECT id FROM sbtest4 WHERE id BETWEEN 1378318 AND 1378418
	Index Only Scan using sbtest4_pkey on sbtest4  (cost=0.43..6.40 rows=98 width=4)
	  Index Cond: ((id >= 1378318) AND (id <= 1378418))

table 5 : explain SELECT id FROM sbtest5 WHERE id BETWEEN 1378318 AND 1378418
	Index Only Scan using sbtest5_pkey on sbtest5  (cost=0.43..6.24 rows=90 width=4)
	  Index Cond: ((id >= 1378318) AND (id <= 1378418))

table 6 : explain SELECT id FROM sbtest6 WHERE id BETWEEN 1378318 AND 1378418
	Index Only Scan using sbtest6_pkey on sbtest6  (cost=0.43..6.33 rows=95 width=4)
	  Index Cond: ((id >= 1378318) AND (id <= 1378418))

table 7 : explain SELECT id FROM sbtest7 WHERE id BETWEEN 1378318 AND 1378418
	Index Only Scan using sbtest7_pkey on sbtest7  (cost=0.43..6.37 rows=97 width=4)
	  Index Cond: ((id >= 1378318) AND (id <= 1378418))

table 8 : explain SELECT id FROM sbtest8 WHERE id BETWEEN 1378318 AND 1378418
	Index Only Scan using sbtest8_pkey on sbtest8  (cost=0.43..6.42 rows=99 width=4)
	  Index Cond: ((id >= 1378318) AND (id <= 1378418))

for range-covered
table 1 : explain SELECT id FROM sbtest1 WHERE id BETWEEN 4002435 AND 4002535
	Index Only Scan using sbtest1_pkey on sbtest1  (cost=0.43..6.42 rows=99 width=4)
	  Index Cond: ((id >= 4002435) AND (id <= 4002535))

table 2 : explain SELECT id FROM sbtest2 WHERE id BETWEEN 4002435 AND 4002535
	Index Only Scan using sbtest2_pkey on sbtest2  (cost=0.43..6.50 rows=103 width=4)
	  Index Cond: ((id >= 4002435) AND (id <= 4002535))

table 3 : explain SELECT id FROM sbtest3 WHERE id BETWEEN 4002435 AND 4002535
	Index Only Scan using sbtest3_pkey on sbtest3  (cost=0.43..6.37 rows=97 width=4)
	  Index Cond: ((id >= 4002435) AND (id <= 4002535))

table 4 : explain SELECT id FROM sbtest4 WHERE id BETWEEN 4002435 AND 4002535
	Index Only Scan using sbtest4_pkey on sbtest4  (cost=0.43..6.45 rows=101 width=4)
	  Index Cond: ((id >= 4002435) AND (id <= 4002535))

table 5 : explain SELECT id FROM sbtest5 WHERE id BETWEEN 4002435 AND 4002535
	Index Only Scan using sbtest5_pkey on sbtest5  (cost=0.43..6.37 rows=97 width=4)
	  Index Cond: ((id >= 4002435) AND (id <= 4002535))

table 6 : explain SELECT id FROM sbtest6 WHERE id BETWEEN 4002435 AND 4002535
	Index Only Scan using sbtest6_pkey on sbtest6  (cost=0.43..6.63 rows=110 width=4)
	  Index Cond: ((id >= 4002435) AND (id <= 4002535))

table 7 : explain SELECT id FROM sbtest7 WHERE id BETWEEN 4002435 AND 4002535
	Index Only Scan using sbtest7_pkey on sbtest7  (cost=0.43..6.42 rows=99 width=4)
	  Index Cond: ((id >= 4002435) AND (id <= 4002535))

table 8 : explain SELECT id FROM sbtest8 WHERE id BETWEEN 4002435 AND 4002535
	Index Only Scan using sbtest8_pkey on sbtest8  (cost=0.43..6.61 rows=109 width=4)
	  Index Cond: ((id >= 4002435) AND (id <= 4002535))

explain: for range-covered :: explain SELECT id FROM sbtest%d WHERE id BETWEEN 1378318 AND 1378418
for range-covered
table 1 : explain SELECT id FROM sbtest1 WHERE id BETWEEN 7640145 AND 7640245
	Index Only Scan using sbtest1_pkey on sbtest1  (cost=0.43..6.32 rows=94 width=4)
	  Index Cond: ((id >= 7640145) AND (id <= 7640245))

table 2 : explain SELECT id FROM sbtest2 WHERE id BETWEEN 7640145 AND 7640245
	Index Only Scan using sbtest2_pkey on sbtest2  (cost=0.43..6.45 rows=101 width=4)
	  Index Cond: ((id >= 7640145) AND (id <= 7640245))

table 3 : explain SELECT id FROM sbtest3 WHERE id BETWEEN 7640145 AND 7640245
	Index Only Scan using sbtest3_pkey on sbtest3  (cost=0.43..6.33 rows=95 width=4)
	  Index Cond: ((id >= 7640145) AND (id <= 7640245))

table 4 : explain SELECT id FROM sbtest4 WHERE id BETWEEN 7640145 AND 7640245
	Index Only Scan using sbtest4_pkey on sbtest4  (cost=0.43..6.42 rows=99 width=4)
	  Index Cond: ((id >= 7640145) AND (id <= 7640245))

table 5 : explain SELECT id FROM sbtest5 WHERE id BETWEEN 7640145 AND 7640245
	Index Only Scan using sbtest5_pkey on sbtest5  (cost=0.43..6.35 rows=96 width=4)
	  Index Cond: ((id >= 7640145) AND (id <= 7640245))

table 6 : explain SELECT id FROM sbtest6 WHERE id BETWEEN 7640145 AND 7640245
	Index Only Scan using sbtest6_pkey on sbtest6  (cost=0.43..6.40 rows=98 width=4)
	  Index Cond: ((id >= 7640145) AND (id <= 7640245))

table 7 : explain SELECT id FROM sbtest7 WHERE id BETWEEN 7640145 AND 7640245
	Index Only Scan using sbtest7_pkey on sbtest7  (cost=0.43..6.35 rows=96 width=4)
	  Index Cond: ((id >= 7640145) AND (id <= 7640245))

table 8 : explain SELECT id FROM sbtest8 WHERE id BETWEEN 7640145 AND 7640245
	Index Only Scan using sbtest8_pkey on sbtest8  (cost=0.43..6.42 rows=99 width=4)
	  Index Cond: ((id >= 7640145) AND (id <= 7640245))

for range-covered
table 1 : explain SELECT id FROM sbtest1 WHERE id BETWEEN 2721637 AND 2721737
	Index Only Scan using sbtest1_pkey on sbtest1  (cost=0.43..6.47 rows=102 width=4)
	  Index Cond: ((id >= 2721637) AND (id <= 2721737))

table 2 : explain SELECT id FROM sbtest2 WHERE id BETWEEN 2721637 AND 2721737
	Index Only Scan using sbtest2_pkey on sbtest2  (cost=0.43..6.35 rows=96 width=4)
	  Index Cond: ((id >= 2721637) AND (id <= 2721737))

table 3 : explain SELECT id FROM sbtest3 WHERE id BETWEEN 2721637 AND 2721737
	Index Only Scan using sbtest3_pkey on sbtest3  (cost=0.43..6.40 rows=98 width=4)
	  Index Cond: ((id >= 2721637) AND (id <= 2721737))

table 4 : explain SELECT id FROM sbtest4 WHERE id BETWEEN 2721637 AND 2721737
	Index Only Scan using sbtest4_pkey on sbtest4  (cost=0.43..6.45 rows=101 width=4)
	  Index Cond: ((id >= 2721637) AND (id <= 2721737))

table 5 : explain SELECT id FROM sbtest5 WHERE id BETWEEN 2721637 AND 2721737
	Index Only Scan using sbtest5_pkey on sbtest5  (cost=0.43..6.42 rows=99 width=4)
	  Index Cond: ((id >= 2721637) AND (id <= 2721737))

table 6 : explain SELECT id FROM sbtest6 WHERE id BETWEEN 2721637 AND 2721737
	Index Only Scan using sbtest6_pkey on sbtest6  (cost=0.43..6.43 rows=100 width=4)
	  Index Cond: ((id >= 2721637) AND (id <= 2721737))

table 7 : explain SELECT id FROM sbtest7 WHERE id BETWEEN 2721637 AND 2721737
	Index Only Scan using sbtest7_pkey on sbtest7  (cost=0.43..6.53 rows=105 width=4)
	  Index Cond: ((id >= 2721637) AND (id <= 2721737))

table 8 : explain SELECT id FROM sbtest8 WHERE id BETWEEN 2721637 AND 2721737
	Index Only Scan using sbtest8_pkey on sbtest8  (cost=0.43..6.50 rows=103 width=4)
	  Index Cond: ((id >= 2721637) AND (id <= 2721737))

explain: for range-covered :: explain SELECT id FROM sbtest%d WHERE id BETWEEN 2721637 AND 2721737
for range-covered
table 1 : explain SELECT id FROM sbtest1 WHERE id BETWEEN 9405699 AND 9405799
	Index Only Scan using sbtest1_pkey on sbtest1  (cost=0.43..6.59 rows=108 width=4)
	  Index Cond: ((id >= 9405699) AND (id <= 9405799))

table 2 : explain SELECT id FROM sbtest2 WHERE id BETWEEN 9405699 AND 9405799
	Index Only Scan using sbtest2_pkey on sbtest2  (cost=0.43..6.33 rows=95 width=4)
	  Index Cond: ((id >= 9405699) AND (id <= 9405799))

table 3 : explain SELECT id FROM sbtest3 WHERE id BETWEEN 9405699 AND 9405799
	Index Only Scan using sbtest3_pkey on sbtest3  (cost=0.43..6.69 rows=113 width=4)
	  Index Cond: ((id >= 9405699) AND (id <= 9405799))

table 4 : explain SELECT id FROM sbtest4 WHERE id BETWEEN 9405699 AND 9405799
	Index Only Scan using sbtest4_pkey on sbtest4  (cost=0.43..6.47 rows=102 width=4)
	  Index Cond: ((id >= 9405699) AND (id <= 9405799))

table 5 : explain SELECT id FROM sbtest5 WHERE id BETWEEN 9405699 AND 9405799
	Index Only Scan using sbtest5_pkey on sbtest5  (cost=0.43..6.40 rows=98 width=4)
	  Index Cond: ((id >= 9405699) AND (id <= 9405799))

table 6 : explain SELECT id FROM sbtest6 WHERE id BETWEEN 9405699 AND 9405799
	Index Only Scan using sbtest6_pkey on sbtest6  (cost=0.43..6.29 rows=93 width=4)
	  Index Cond: ((id >= 9405699) AND (id <= 9405799))

table 7 : explain SELECT id FROM sbtest7 WHERE id BETWEEN 9405699 AND 9405799
	Index Only Scan using sbtest7_pkey on sbtest7  (cost=0.43..6.51 rows=104 width=4)
	  Index Cond: ((id >= 9405699) AND (id <= 9405799))

table 8 : explain SELECT id FROM sbtest8 WHERE id BETWEEN 9405699 AND 9405799
	Index Only Scan using sbtest8_pkey on sbtest8  (cost=0.43..6.29 rows=93 width=4)
	  Index Cond: ((id >= 9405699) AND (id <= 9405799))

explain: for range-covered :: explain SELECT id FROM sbtest%d WHERE id BETWEEN 9405699 AND 9405799
for range-covered
table 1 : explain SELECT id FROM sbtest1 WHERE id BETWEEN 1378318 AND 1378418
	Index Only Scan using sbtest1_pkey on sbtest1  (cost=0.43..6.45 rows=101 width=4)
	  Index Cond: ((id >= 1378318) AND (id <= 1378418))

table 2 : explain SELECT id FROM sbtest2 WHERE id BETWEEN 1378318 AND 1378418
	Index Only Scan using sbtest2_pkey on sbtest2  (cost=0.43..6.24 rows=90 width=4)
	  Index Cond: ((id >= 1378318) AND (id <= 1378418))

table 3 : explain SELECT id FROM sbtest3 WHERE id BETWEEN 1378318 AND 1378418
	Index Only Scan using sbtest3_pkey on sbtest3  (cost=0.43..6.47 rows=102 width=4)
	  Index Cond: ((id >= 1378318) AND (id <= 1378418))

table 4 : explain SELECT id FROM sbtest4 WHERE id BETWEEN 1378318 AND 1378418
	Index Only Scan using sbtest4_pkey on sbtest4  (cost=0.43..6.40 rows=98 width=4)
	  Index Cond: ((id >= 1378318) AND (id <= 1378418))

table 5 : explain SELECT id FROM sbtest5 WHERE id BETWEEN 1378318 AND 1378418
	Index Only Scan using sbtest5_pkey on sbtest5  (cost=0.43..6.24 rows=90 width=4)
	  Index Cond: ((id >= 1378318) AND (id <= 1378418))

table 6 : explain SELECT id FROM sbtest6 WHERE id BETWEEN 1378318 AND 1378418
	Index Only Scan using sbtest6_pkey on sbtest6  (cost=0.43..6.33 rows=95 width=4)
	  Index Cond: ((id >= 1378318) AND (id <= 1378418))

table 7 : explain SELECT id FROM sbtest7 WHERE id BETWEEN 1378318 AND 1378418
	Index Only Scan using sbtest7_pkey on sbtest7  (cost=0.43..6.37 rows=97 width=4)
	  Index Cond: ((id >= 1378318) AND (id <= 1378418))

table 8 : explain SELECT id FROM sbtest8 WHERE id BETWEEN 1378318 AND 1378418
	Index Only Scan using sbtest8_pkey on sbtest8  (cost=0.43..6.42 rows=99 width=4)
	  Index Cond: ((id >= 1378318) AND (id <= 1378418))

explain: for range-covered :: explain SELECT id FROM sbtest%d WHERE id BETWEEN 1378318 AND 1378418
explain: for range-covered :: explain SELECT id FROM sbtest%d WHERE id BETWEEN 3943718 AND 3943818
for range-covered
table 1 : explain SELECT id FROM sbtest1 WHERE id BETWEEN 2721637 AND 2721737
	Index Only Scan using sbtest1_pkey on sbtest1  (cost=0.43..6.47 rows=102 width=4)
	  Index Cond: ((id >= 2721637) AND (id <= 2721737))

table 2 : explain SELECT id FROM sbtest2 WHERE id BETWEEN 2721637 AND 2721737
	Index Only Scan using sbtest2_pkey on sbtest2  (cost=0.43..6.35 rows=96 width=4)
	  Index Cond: ((id >= 2721637) AND (id <= 2721737))

table 3 : explain SELECT id FROM sbtest3 WHERE id BETWEEN 2721637 AND 2721737
	Index Only Scan using sbtest3_pkey on sbtest3  (cost=0.43..6.40 rows=98 width=4)
	  Index Cond: ((id >= 2721637) AND (id <= 2721737))

table 4 : explain SELECT id FROM sbtest4 WHERE id BETWEEN 2721637 AND 2721737
	Index Only Scan using sbtest4_pkey on sbtest4  (cost=0.43..6.45 rows=101 width=4)
	  Index Cond: ((id >= 2721637) AND (id <= 2721737))

table 5 : explain SELECT id FROM sbtest5 WHERE id BETWEEN 2721637 AND 2721737
	Index Only Scan using sbtest5_pkey on sbtest5  (cost=0.43..6.42 rows=99 width=4)
	  Index Cond: ((id >= 2721637) AND (id <= 2721737))

table 6 : explain SELECT id FROM sbtest6 WHERE id BETWEEN 2721637 AND 2721737
	Index Only Scan using sbtest6_pkey on sbtest6  (cost=0.43..6.43 rows=100 width=4)
	  Index Cond: ((id >= 2721637) AND (id <= 2721737))

table 7 : explain SELECT id FROM sbtest7 WHERE id BETWEEN 2721637 AND 2721737
	Index Only Scan using sbtest7_pkey on sbtest7  (cost=0.43..6.53 rows=105 width=4)
	  Index Cond: ((id >= 2721637) AND (id <= 2721737))

table 8 : explain SELECT id FROM sbtest8 WHERE id BETWEEN 2721637 AND 2721737
	Index Only Scan using sbtest8_pkey on sbtest8  (cost=0.43..6.50 rows=103 width=4)
	  Index Cond: ((id >= 2721637) AND (id <= 2721737))

explain: for range-covered :: explain SELECT id FROM sbtest%d WHERE id BETWEEN 2721637 AND 2721737
for range-covered
table 1 : explain SELECT id FROM sbtest1 WHERE id BETWEEN 9405699 AND 9405799
	Index Only Scan using sbtest1_pkey on sbtest1  (cost=0.43..6.59 rows=108 width=4)
	  Index Cond: ((id >= 9405699) AND (id <= 9405799))

table 2 : explain SELECT id FROM sbtest2 WHERE id BETWEEN 9405699 AND 9405799
	Index Only Scan using sbtest2_pkey on sbtest2  (cost=0.43..6.33 rows=95 width=4)
	  Index Cond: ((id >= 9405699) AND (id <= 9405799))

table 3 : explain SELECT id FROM sbtest3 WHERE id BETWEEN 9405699 AND 9405799
	Index Only Scan using sbtest3_pkey on sbtest3  (cost=0.43..6.69 rows=113 width=4)
	  Index Cond: ((id >= 9405699) AND (id <= 9405799))

table 4 : explain SELECT id FROM sbtest4 WHERE id BETWEEN 9405699 AND 9405799
	Index Only Scan using sbtest4_pkey on sbtest4  (cost=0.43..6.47 rows=102 width=4)
	  Index Cond: ((id >= 9405699) AND (id <= 9405799))

table 5 : explain SELECT id FROM sbtest5 WHERE id BETWEEN 9405699 AND 9405799
	Index Only Scan using sbtest5_pkey on sbtest5  (cost=0.43..6.40 rows=98 width=4)
	  Index Cond: ((id >= 9405699) AND (id <= 9405799))

table 6 : explain SELECT id FROM sbtest6 WHERE id BETWEEN 9405699 AND 9405799
	Index Only Scan using sbtest6_pkey on sbtest6  (cost=0.43..6.29 rows=93 width=4)
	  Index Cond: ((id >= 9405699) AND (id <= 9405799))

table 7 : explain SELECT id FROM sbtest7 WHERE id BETWEEN 9405699 AND 9405799
	Index Only Scan using sbtest7_pkey on sbtest7  (cost=0.43..6.51 rows=104 width=4)
	  Index Cond: ((id >= 9405699) AND (id <= 9405799))

table 8 : explain SELECT id FROM sbtest8 WHERE id BETWEEN 9405699 AND 9405799
	Index Only Scan using sbtest8_pkey on sbtest8  (cost=0.43..6.29 rows=93 width=4)
	  Index Cond: ((id >= 9405699) AND (id <= 9405799))

explain: for range-covered :: explain SELECT id FROM sbtest%d WHERE id BETWEEN 9405699 AND 9405799
for range-covered
table 1 : explain SELECT id FROM sbtest1 WHERE id BETWEEN 1378318 AND 1378418
	Index Only Scan using sbtest1_pkey on sbtest1  (cost=0.43..6.45 rows=101 width=4)
	  Index Cond: ((id >= 1378318) AND (id <= 1378418))

table 2 : explain SELECT id FROM sbtest2 WHERE id BETWEEN 1378318 AND 1378418
	Index Only Scan using sbtest2_pkey on sbtest2  (cost=0.43..6.24 rows=90 width=4)
	  Index Cond: ((id >= 1378318) AND (id <= 1378418))

table 3 : explain SELECT id FROM sbtest3 WHERE id BETWEEN 1378318 AND 1378418
	Index Only Scan using sbtest3_pkey on sbtest3  (cost=0.43..6.47 rows=102 width=4)
	  Index Cond: ((id >= 1378318) AND (id <= 1378418))

table 4 : explain SELECT id FROM sbtest4 WHERE id BETWEEN 1378318 AND 1378418
	Index Only Scan using sbtest4_pkey on sbtest4  (cost=0.43..6.40 rows=98 width=4)
	  Index Cond: ((id >= 1378318) AND (id <= 1378418))

table 5 : explain SELECT id FROM sbtest5 WHERE id BETWEEN 1378318 AND 1378418
	Index Only Scan using sbtest5_pkey on sbtest5  (cost=0.43..6.24 rows=90 width=4)
	  Index Cond: ((id >= 1378318) AND (id <= 1378418))

table 6 : explain SELECT id FROM sbtest6 WHERE id BETWEEN 1378318 AND 1378418
	Index Only Scan using sbtest6_pkey on sbtest6  (cost=0.43..6.33 rows=95 width=4)
	  Index Cond: ((id >= 1378318) AND (id <= 1378418))

table 7 : explain SELECT id FROM sbtest7 WHERE id BETWEEN 1378318 AND 1378418
	Index Only Scan using sbtest7_pkey on sbtest7  (cost=0.43..6.37 rows=97 width=4)
	  Index Cond: ((id >= 1378318) AND (id <= 1378418))

table 8 : explain SELECT id FROM sbtest8 WHERE id BETWEEN 1378318 AND 1378418
	Index Only Scan using sbtest8_pkey on sbtest8  (cost=0.43..6.42 rows=99 width=4)
	  Index Cond: ((id >= 1378318) AND (id <= 1378418))

explain: for range-covered :: explain SELECT id FROM sbtest%d WHERE id BETWEEN 7760115 AND 7760215
for range-covered
table 1 : explain SELECT id FROM sbtest1 WHERE id BETWEEN 2721637 AND 2721737
	Index Only Scan using sbtest1_pkey on sbtest1  (cost=0.43..6.47 rows=102 width=4)
	  Index Cond: ((id >= 2721637) AND (id <= 2721737))

table 2 : explain SELECT id FROM sbtest2 WHERE id BETWEEN 2721637 AND 2721737
	Index Only Scan using sbtest2_pkey on sbtest2  (cost=0.43..6.35 rows=96 width=4)
	  Index Cond: ((id >= 2721637) AND (id <= 2721737))

table 3 : explain SELECT id FROM sbtest3 WHERE id BETWEEN 2721637 AND 2721737
	Index Only Scan using sbtest3_pkey on sbtest3  (cost=0.43..6.40 rows=98 width=4)
	  Index Cond: ((id >= 2721637) AND (id <= 2721737))

table 4 : explain SELECT id FROM sbtest4 WHERE id BETWEEN 2721637 AND 2721737
	Index Only Scan using sbtest4_pkey on sbtest4  (cost=0.43..6.45 rows=101 width=4)
	  Index Cond: ((id >= 2721637) AND (id <= 2721737))

table 5 : explain SELECT id FROM sbtest5 WHERE id BETWEEN 2721637 AND 2721737
	Index Only Scan using sbtest5_pkey on sbtest5  (cost=0.43..6.42 rows=99 width=4)
	  Index Cond: ((id >= 2721637) AND (id <= 2721737))

table 6 : explain SELECT id FROM sbtest6 WHERE id BETWEEN 2721637 AND 2721737
	Index Only Scan using sbtest6_pkey on sbtest6  (cost=0.43..6.43 rows=100 width=4)
	  Index Cond: ((id >= 2721637) AND (id <= 2721737))

table 7 : explain SELECT id FROM sbtest7 WHERE id BETWEEN 2721637 AND 2721737
	Index Only Scan using sbtest7_pkey on sbtest7  (cost=0.43..6.53 rows=105 width=4)
	  Index Cond: ((id >= 2721637) AND (id <= 2721737))

table 8 : explain SELECT id FROM sbtest8 WHERE id BETWEEN 2721637 AND 2721737
	Index Only Scan using sbtest8_pkey on sbtest8  (cost=0.43..6.50 rows=103 width=4)
	  Index Cond: ((id >= 2721637) AND (id <= 2721737))

explain: for range-covered :: explain SELECT id FROM sbtest%d WHERE id BETWEEN 2721637 AND 2721737
for range-covered
table 1 : explain SELECT id FROM sbtest1 WHERE id BETWEEN 9405699 AND 9405799
	Index Only Scan using sbtest1_pkey on sbtest1  (cost=0.43..6.59 rows=108 width=4)
	  Index Cond: ((id >= 9405699) AND (id <= 9405799))

table 2 : explain SELECT id FROM sbtest2 WHERE id BETWEEN 9405699 AND 9405799
	Index Only Scan using sbtest2_pkey on sbtest2  (cost=0.43..6.33 rows=95 width=4)
	  Index Cond: ((id >= 9405699) AND (id <= 9405799))

table 3 : explain SELECT id FROM sbtest3 WHERE id BETWEEN 9405699 AND 9405799
	Index Only Scan using sbtest3_pkey on sbtest3  (cost=0.43..6.69 rows=113 width=4)
	  Index Cond: ((id >= 9405699) AND (id <= 9405799))

table 4 : explain SELECT id FROM sbtest4 WHERE id BETWEEN 9405699 AND 9405799
	Index Only Scan using sbtest4_pkey on sbtest4  (cost=0.43..6.47 rows=102 width=4)
	  Index Cond: ((id >= 9405699) AND (id <= 9405799))

table 5 : explain SELECT id FROM sbtest5 WHERE id BETWEEN 9405699 AND 9405799
	Index Only Scan using sbtest5_pkey on sbtest5  (cost=0.43..6.40 rows=98 width=4)
	  Index Cond: ((id >= 9405699) AND (id <= 9405799))

table 6 : explain SELECT id FROM sbtest6 WHERE id BETWEEN 9405699 AND 9405799
	Index Only Scan using sbtest6_pkey on sbtest6  (cost=0.43..6.29 rows=93 width=4)
	  Index Cond: ((id >= 9405699) AND (id <= 9405799))

table 7 : explain SELECT id FROM sbtest7 WHERE id BETWEEN 9405699 AND 9405799
	Index Only Scan using sbtest7_pkey on sbtest7  (cost=0.43..6.51 rows=104 width=4)
	  Index Cond: ((id >= 9405699) AND (id <= 9405799))

table 8 : explain SELECT id FROM sbtest8 WHERE id BETWEEN 9405699 AND 9405799
	Index Only Scan using sbtest8_pkey on sbtest8  (cost=0.43..6.29 rows=93 width=4)
	  Index Cond: ((id >= 9405699) AND (id <= 9405799))

explain: for range-covered :: explain SELECT id FROM sbtest%d WHERE id BETWEEN 9405699 AND 9405799
for range-covered
table 1 : explain SELECT id FROM sbtest1 WHERE id BETWEEN 2721637 AND 2721737
	Index Only Scan using sbtest1_pkey on sbtest1  (cost=0.43..6.47 rows=102 width=4)
	  Index Cond: ((id >= 2721637) AND (id <= 2721737))

table 2 : explain SELECT id FROM sbtest2 WHERE id BETWEEN 2721637 AND 2721737
	Index Only Scan using sbtest2_pkey on sbtest2  (cost=0.43..6.35 rows=96 width=4)
	  Index Cond: ((id >= 2721637) AND (id <= 2721737))

table 3 : explain SELECT id FROM sbtest3 WHERE id BETWEEN 2721637 AND 2721737
	Index Only Scan using sbtest3_pkey on sbtest3  (cost=0.43..6.40 rows=98 width=4)
	  Index Cond: ((id >= 2721637) AND (id <= 2721737))

table 4 : explain SELECT id FROM sbtest4 WHERE id BETWEEN 2721637 AND 2721737
	Index Only Scan using sbtest4_pkey on sbtest4  (cost=0.43..6.45 rows=101 width=4)
	  Index Cond: ((id >= 2721637) AND (id <= 2721737))

table 5 : explain SELECT id FROM sbtest5 WHERE id BETWEEN 2721637 AND 2721737
	Index Only Scan using sbtest5_pkey on sbtest5  (cost=0.43..6.42 rows=99 width=4)
	  Index Cond: ((id >= 2721637) AND (id <= 2721737))

table 6 : explain SELECT id FROM sbtest6 WHERE id BETWEEN 2721637 AND 2721737
	Index Only Scan using sbtest6_pkey on sbtest6  (cost=0.43..6.43 rows=100 width=4)
	  Index Cond: ((id >= 2721637) AND (id <= 2721737))

table 7 : explain SELECT id FROM sbtest7 WHERE id BETWEEN 2721637 AND 2721737
	Index Only Scan using sbtest7_pkey on sbtest7  (cost=0.43..6.53 rows=105 width=4)
	  Index Cond: ((id >= 2721637) AND (id <= 2721737))

table 8 : explain SELECT id FROM sbtest8 WHERE id BETWEEN 2721637 AND 2721737
	Index Only Scan using sbtest8_pkey on sbtest8  (cost=0.43..6.50 rows=103 width=4)
	  Index Cond: ((id >= 2721637) AND (id <= 2721737))

explain: for range-covered :: explain SELECT id FROM sbtest%d WHERE id BETWEEN 2721637 AND 2721737
for range-covered
table 1 : explain SELECT id FROM sbtest1 WHERE id BETWEEN 9405699 AND 9405799
	Index Only Scan using sbtest1_pkey on sbtest1  (cost=0.43..6.59 rows=108 width=4)
	  Index Cond: ((id >= 9405699) AND (id <= 9405799))

table 2 : explain SELECT id FROM sbtest2 WHERE id BETWEEN 9405699 AND 9405799
	Index Only Scan using sbtest2_pkey on sbtest2  (cost=0.43..6.33 rows=95 width=4)
	  Index Cond: ((id >= 9405699) AND (id <= 9405799))

table 3 : explain SELECT id FROM sbtest3 WHERE id BETWEEN 9405699 AND 9405799
	Index Only Scan using sbtest3_pkey on sbtest3  (cost=0.43..6.69 rows=113 width=4)
	  Index Cond: ((id >= 9405699) AND (id <= 9405799))

table 4 : explain SELECT id FROM sbtest4 WHERE id BETWEEN 9405699 AND 9405799
	Index Only Scan using sbtest4_pkey on sbtest4  (cost=0.43..6.47 rows=102 width=4)
	  Index Cond: ((id >= 9405699) AND (id <= 9405799))

table 5 : explain SELECT id FROM sbtest5 WHERE id BETWEEN 9405699 AND 9405799
	Index Only Scan using sbtest5_pkey on sbtest5  (cost=0.43..6.40 rows=98 width=4)
	  Index Cond: ((id >= 9405699) AND (id <= 9405799))

table 6 : explain SELECT id FROM sbtest6 WHERE id BETWEEN 9405699 AND 9405799
	Index Only Scan using sbtest6_pkey on sbtest6  (cost=0.43..6.29 rows=93 width=4)
	  Index Cond: ((id >= 9405699) AND (id <= 9405799))

table 7 : explain SELECT id FROM sbtest7 WHERE id BETWEEN 9405699 AND 9405799
	Index Only Scan using sbtest7_pkey on sbtest7  (cost=0.43..6.51 rows=104 width=4)
	  Index Cond: ((id >= 9405699) AND (id <= 9405799))

table 8 : explain SELECT id FROM sbtest8 WHERE id BETWEEN 9405699 AND 9405799
	Index Only Scan using sbtest8_pkey on sbtest8  (cost=0.43..6.29 rows=93 width=4)
	  Index Cond: ((id >= 9405699) AND (id <= 9405799))

explain: for range-covered :: explain SELECT id FROM sbtest%d WHERE id BETWEEN 9405699 AND 9405799
for range-covered
table 1 : explain SELECT id FROM sbtest1 WHERE id BETWEEN 2721637 AND 2721737
	Index Only Scan using sbtest1_pkey on sbtest1  (cost=0.43..6.47 rows=102 width=4)
	  Index Cond: ((id >= 2721637) AND (id <= 2721737))

table 2 : explain SELECT id FROM sbtest2 WHERE id BETWEEN 2721637 AND 2721737
	Index Only Scan using sbtest2_pkey on sbtest2  (cost=0.43..6.35 rows=96 width=4)
	  Index Cond: ((id >= 2721637) AND (id <= 2721737))

table 3 : explain SELECT id FROM sbtest3 WHERE id BETWEEN 2721637 AND 2721737
	Index Only Scan using sbtest3_pkey on sbtest3  (cost=0.43..6.40 rows=98 width=4)
	  Index Cond: ((id >= 2721637) AND (id <= 2721737))

table 4 : explain SELECT id FROM sbtest4 WHERE id BETWEEN 2721637 AND 2721737
	Index Only Scan using sbtest4_pkey on sbtest4  (cost=0.43..6.45 rows=101 width=4)
	  Index Cond: ((id >= 2721637) AND (id <= 2721737))

table 5 : explain SELECT id FROM sbtest5 WHERE id BETWEEN 2721637 AND 2721737
	Index Only Scan using sbtest5_pkey on sbtest5  (cost=0.43..6.42 rows=99 width=4)
	  Index Cond: ((id >= 2721637) AND (id <= 2721737))

table 6 : explain SELECT id FROM sbtest6 WHERE id BETWEEN 2721637 AND 2721737
	Index Only Scan using sbtest6_pkey on sbtest6  (cost=0.43..6.43 rows=100 width=4)
	  Index Cond: ((id >= 2721637) AND (id <= 2721737))

table 7 : explain SELECT id FROM sbtest7 WHERE id BETWEEN 2721637 AND 2721737
	Index Only Scan using sbtest7_pkey on sbtest7  (cost=0.43..6.53 rows=105 width=4)
	  Index Cond: ((id >= 2721637) AND (id <= 2721737))

table 8 : explain SELECT id FROM sbtest8 WHERE id BETWEEN 2721637 AND 2721737
	Index Only Scan using sbtest8_pkey on sbtest8  (cost=0.43..6.50 rows=103 width=4)
	  Index Cond: ((id >= 2721637) AND (id <= 2721737))

for range-covered
table 1 : explain SELECT id FROM sbtest1 WHERE id BETWEEN 9405699 AND 9405799
	Index Only Scan using sbtest1_pkey on sbtest1  (cost=0.43..6.59 rows=108 width=4)
	  Index Cond: ((id >= 9405699) AND (id <= 9405799))

table 2 : explain SELECT id FROM sbtest2 WHERE id BETWEEN 9405699 AND 9405799
	Index Only Scan using sbtest2_pkey on sbtest2  (cost=0.43..6.33 rows=95 width=4)
	  Index Cond: ((id >= 9405699) AND (id <= 9405799))

table 3 : explain SELECT id FROM sbtest3 WHERE id BETWEEN 9405699 AND 9405799
	Index Only Scan using sbtest3_pkey on sbtest3  (cost=0.43..6.69 rows=113 width=4)
	  Index Cond: ((id >= 9405699) AND (id <= 9405799))

table 4 : explain SELECT id FROM sbtest4 WHERE id BETWEEN 9405699 AND 9405799
	Index Only Scan using sbtest4_pkey on sbtest4  (cost=0.43..6.47 rows=102 width=4)
	  Index Cond: ((id >= 9405699) AND (id <= 9405799))

table 5 : explain SELECT id FROM sbtest5 WHERE id BETWEEN 9405699 AND 9405799
	Index Only Scan using sbtest5_pkey on sbtest5  (cost=0.43..6.40 rows=98 width=4)
	  Index Cond: ((id >= 9405699) AND (id <= 9405799))

table 6 : explain SELECT id FROM sbtest6 WHERE id BETWEEN 9405699 AND 9405799
	Index Only Scan using sbtest6_pkey on sbtest6  (cost=0.43..6.29 rows=93 width=4)
	  Index Cond: ((id >= 9405699) AND (id <= 9405799))

table 7 : explain SELECT id FROM sbtest7 WHERE id BETWEEN 9405699 AND 9405799
	Index Only Scan using sbtest7_pkey on sbtest7  (cost=0.43..6.51 rows=104 width=4)
	  Index Cond: ((id >= 9405699) AND (id <= 9405799))

table 8 : explain SELECT id FROM sbtest8 WHERE id BETWEEN 9405699 AND 9405799
	Index Only Scan using sbtest8_pkey on sbtest8  (cost=0.43..6.29 rows=93 width=4)
	  Index Cond: ((id >= 9405699) AND (id <= 9405799))

explain: for range-covered :: explain SELECT id FROM sbtest%d WHERE id BETWEEN 2721637 AND 2721737
for range-covered
table 1 : explain SELECT id FROM sbtest1 WHERE id BETWEEN 2721637 AND 2721737
	Index Only Scan using sbtest1_pkey on sbtest1  (cost=0.43..6.47 rows=102 width=4)
	  Index Cond: ((id >= 2721637) AND (id <= 2721737))

table 2 : explain SELECT id FROM sbtest2 WHERE id BETWEEN 2721637 AND 2721737
	Index Only Scan using sbtest2_pkey on sbtest2  (cost=0.43..6.35 rows=96 width=4)
	  Index Cond: ((id >= 2721637) AND (id <= 2721737))

table 3 : explain SELECT id FROM sbtest3 WHERE id BETWEEN 2721637 AND 2721737
	Index Only Scan using sbtest3_pkey on sbtest3  (cost=0.43..6.40 rows=98 width=4)
	  Index Cond: ((id >= 2721637) AND (id <= 2721737))

table 4 : explain SELECT id FROM sbtest4 WHERE id BETWEEN 2721637 AND 2721737
	Index Only Scan using sbtest4_pkey on sbtest4  (cost=0.43..6.45 rows=101 width=4)
	  Index Cond: ((id >= 2721637) AND (id <= 2721737))

table 5 : explain SELECT id FROM sbtest5 WHERE id BETWEEN 2721637 AND 2721737
	Index Only Scan using sbtest5_pkey on sbtest5  (cost=0.43..6.42 rows=99 width=4)
	  Index Cond: ((id >= 2721637) AND (id <= 2721737))

table 6 : explain SELECT id FROM sbtest6 WHERE id BETWEEN 2721637 AND 2721737
	Index Only Scan using sbtest6_pkey on sbtest6  (cost=0.43..6.43 rows=100 width=4)
	  Index Cond: ((id >= 2721637) AND (id <= 2721737))

table 7 : explain SELECT id FROM sbtest7 WHERE id BETWEEN 2721637 AND 2721737
	Index Only Scan using sbtest7_pkey on sbtest7  (cost=0.43..6.53 rows=105 width=4)
	  Index Cond: ((id >= 2721637) AND (id <= 2721737))

table 8 : explain SELECT id FROM sbtest8 WHERE id BETWEEN 2721637 AND 2721737
	Index Only Scan using sbtest8_pkey on sbtest8  (cost=0.43..6.50 rows=103 width=4)
	  Index Cond: ((id >= 2721637) AND (id <= 2721737))

for range-covered
table 1 : explain SELECT id FROM sbtest1 WHERE id BETWEEN 7760115 AND 7760215
	Index Only Scan using sbtest1_pkey on sbtest1  (cost=0.43..6.27 rows=92 width=4)
	  Index Cond: ((id >= 7760115) AND (id <= 7760215))

table 2 : explain SELECT id FROM sbtest2 WHERE id BETWEEN 7760115 AND 7760215
	Index Only Scan using sbtest2_pkey on sbtest2  (cost=0.43..6.50 rows=103 width=4)
	  Index Cond: ((id >= 7760115) AND (id <= 7760215))

table 3 : explain SELECT id FROM sbtest3 WHERE id BETWEEN 7760115 AND 7760215
	Index Only Scan using sbtest3_pkey on sbtest3  (cost=0.43..6.27 rows=92 width=4)
	  Index Cond: ((id >= 7760115) AND (id <= 7760215))

table 4 : explain SELECT id FROM sbtest4 WHERE id BETWEEN 7760115 AND 7760215
	Index Only Scan using sbtest4_pkey on sbtest4  (cost=0.43..6.53 rows=105 width=4)
	  Index Cond: ((id >= 7760115) AND (id <= 7760215))

table 5 : explain SELECT id FROM sbtest5 WHERE id BETWEEN 7760115 AND 7760215
	Index Only Scan using sbtest5_pkey on sbtest5  (cost=0.43..6.67 rows=112 width=4)
	  Index Cond: ((id >= 7760115) AND (id <= 7760215))

table 6 : explain SELECT id FROM sbtest6 WHERE id BETWEEN 7760115 AND 7760215
	Index Only Scan using sbtest6_pkey on sbtest6  (cost=0.43..6.58 rows=107 width=4)
	  Index Cond: ((id >= 7760115) AND (id <= 7760215))

table 7 : explain SELECT id FROM sbtest7 WHERE id BETWEEN 7760115 AND 7760215
	Index Only Scan using sbtest7_pkey on sbtest7  (cost=0.43..6.43 rows=100 width=4)
	  Index Cond: ((id >= 7760115) AND (id <= 7760215))

table 8 : explain SELECT id FROM sbtest8 WHERE id BETWEEN 7760115 AND 7760215
	Index Only Scan using sbtest8_pkey on sbtest8  (cost=0.43..6.37 rows=97 width=4)
	  Index Cond: ((id >= 7760115) AND (id <= 7760215))

explain: for range-covered :: explain SELECT id FROM sbtest%d WHERE id BETWEEN 2721637 AND 2721737
explain: for range-covered :: explain SELECT id FROM sbtest%d WHERE id BETWEEN 5537565 AND 5537665
explain: for range-covered :: explain SELECT id FROM sbtest%d WHERE id BETWEEN 7760115 AND 7760215
explain: for range-covered :: explain SELECT id FROM sbtest%d WHERE id BETWEEN 7419983 AND 7420083
for range-covered
table 1 : explain SELECT id FROM sbtest1 WHERE id BETWEEN 2721637 AND 2721737
	Index Only Scan using sbtest1_pkey on sbtest1  (cost=0.43..6.47 rows=102 width=4)
	  Index Cond: ((id >= 2721637) AND (id <= 2721737))

table 2 : explain SELECT id FROM sbtest2 WHERE id BETWEEN 2721637 AND 2721737
	Index Only Scan using sbtest2_pkey on sbtest2  (cost=0.43..6.35 rows=96 width=4)
	  Index Cond: ((id >= 2721637) AND (id <= 2721737))

table 3 : explain SELECT id FROM sbtest3 WHERE id BETWEEN 2721637 AND 2721737
	Index Only Scan using sbtest3_pkey on sbtest3  (cost=0.43..6.40 rows=98 width=4)
	  Index Cond: ((id >= 2721637) AND (id <= 2721737))

table 4 : explain SELECT id FROM sbtest4 WHERE id BETWEEN 2721637 AND 2721737
	Index Only Scan using sbtest4_pkey on sbtest4  (cost=0.43..6.45 rows=101 width=4)
	  Index Cond: ((id >= 2721637) AND (id <= 2721737))

table 5 : explain SELECT id FROM sbtest5 WHERE id BETWEEN 2721637 AND 2721737
	Index Only Scan using sbtest5_pkey on sbtest5  (cost=0.43..6.42 rows=99 width=4)
	  Index Cond: ((id >= 2721637) AND (id <= 2721737))

table 6 : explain SELECT id FROM sbtest6 WHERE id BETWEEN 2721637 AND 2721737
	Index Only Scan using sbtest6_pkey on sbtest6  (cost=0.43..6.43 rows=100 width=4)
	  Index Cond: ((id >= 2721637) AND (id <= 2721737))

table 7 : explain SELECT id FROM sbtest7 WHERE id BETWEEN 2721637 AND 2721737
	Index Only Scan using sbtest7_pkey on sbtest7  (cost=0.43..6.53 rows=105 width=4)
	  Index Cond: ((id >= 2721637) AND (id <= 2721737))

table 8 : explain SELECT id FROM sbtest8 WHERE id BETWEEN 2721637 AND 2721737
	Index Only Scan using sbtest8_pkey on sbtest8  (cost=0.43..6.50 rows=103 width=4)
	  Index Cond: ((id >= 2721637) AND (id <= 2721737))

for range-covered
table 1 : explain SELECT id FROM sbtest1 WHERE id BETWEEN 7760115 AND 7760215
	Index Only Scan using sbtest1_pkey on sbtest1  (cost=0.43..6.27 rows=92 width=4)
	  Index Cond: ((id >= 7760115) AND (id <= 7760215))

table 2 : explain SELECT id FROM sbtest2 WHERE id BETWEEN 7760115 AND 7760215
	Index Only Scan using sbtest2_pkey on sbtest2  (cost=0.43..6.50 rows=103 width=4)
	  Index Cond: ((id >= 7760115) AND (id <= 7760215))

table 3 : explain SELECT id FROM sbtest3 WHERE id BETWEEN 7760115 AND 7760215
	Index Only Scan using sbtest3_pkey on sbtest3  (cost=0.43..6.27 rows=92 width=4)
	  Index Cond: ((id >= 7760115) AND (id <= 7760215))

table 4 : explain SELECT id FROM sbtest4 WHERE id BETWEEN 7760115 AND 7760215
	Index Only Scan using sbtest4_pkey on sbtest4  (cost=0.43..6.53 rows=105 width=4)
	  Index Cond: ((id >= 7760115) AND (id <= 7760215))

table 5 : explain SELECT id FROM sbtest5 WHERE id BETWEEN 7760115 AND 7760215
	Index Only Scan using sbtest5_pkey on sbtest5  (cost=0.43..6.67 rows=112 width=4)
	  Index Cond: ((id >= 7760115) AND (id <= 7760215))

table 6 : explain SELECT id FROM sbtest6 WHERE id BETWEEN 7760115 AND 7760215
	Index Only Scan using sbtest6_pkey on sbtest6  (cost=0.43..6.58 rows=107 width=4)
	  Index Cond: ((id >= 7760115) AND (id <= 7760215))

table 7 : explain SELECT id FROM sbtest7 WHERE id BETWEEN 7760115 AND 7760215
	Index Only Scan using sbtest7_pkey on sbtest7  (cost=0.43..6.43 rows=100 width=4)
	  Index Cond: ((id >= 7760115) AND (id <= 7760215))

table 8 : explain SELECT id FROM sbtest8 WHERE id BETWEEN 7760115 AND 7760215
	Index Only Scan using sbtest8_pkey on sbtest8  (cost=0.43..6.37 rows=97 width=4)
	  Index Cond: ((id >= 7760115) AND (id <= 7760215))

explain: for range-covered :: explain SELECT id FROM sbtest%d WHERE id BETWEEN 7760115 AND 7760215
for range-covered
table 1 : explain SELECT id FROM sbtest1 WHERE id BETWEEN 7760115 AND 7760215
	Index Only Scan using sbtest1_pkey on sbtest1  (cost=0.43..6.27 rows=92 width=4)
	  Index Cond: ((id >= 7760115) AND (id <= 7760215))

table 2 : explain SELECT id FROM sbtest2 WHERE id BETWEEN 7760115 AND 7760215
	Index Only Scan using sbtest2_pkey on sbtest2  (cost=0.43..6.50 rows=103 width=4)
	  Index Cond: ((id >= 7760115) AND (id <= 7760215))

table 3 : explain SELECT id FROM sbtest3 WHERE id BETWEEN 7760115 AND 7760215
	Index Only Scan using sbtest3_pkey on sbtest3  (cost=0.43..6.27 rows=92 width=4)
	  Index Cond: ((id >= 7760115) AND (id <= 7760215))

table 4 : explain SELECT id FROM sbtest4 WHERE id BETWEEN 7760115 AND 7760215
	Index Only Scan using sbtest4_pkey on sbtest4  (cost=0.43..6.53 rows=105 width=4)
	  Index Cond: ((id >= 7760115) AND (id <= 7760215))

table 5 : explain SELECT id FROM sbtest5 WHERE id BETWEEN 7760115 AND 7760215
	Index Only Scan using sbtest5_pkey on sbtest5  (cost=0.43..6.67 rows=112 width=4)
	  Index Cond: ((id >= 7760115) AND (id <= 7760215))

table 6 : explain SELECT id FROM sbtest6 WHERE id BETWEEN 7760115 AND 7760215
	Index Only Scan using sbtest6_pkey on sbtest6  (cost=0.43..6.58 rows=107 width=4)
	  Index Cond: ((id >= 7760115) AND (id <= 7760215))

table 7 : explain SELECT id FROM sbtest7 WHERE id BETWEEN 7760115 AND 7760215
	Index Only Scan using sbtest7_pkey on sbtest7  (cost=0.43..6.43 rows=100 width=4)
	  Index Cond: ((id >= 7760115) AND (id <= 7760215))

table 8 : explain SELECT id FROM sbtest8 WHERE id BETWEEN 7760115 AND 7760215
	Index Only Scan using sbtest8_pkey on sbtest8  (cost=0.43..6.37 rows=97 width=4)
	  Index Cond: ((id >= 7760115) AND (id <= 7760215))

explain: for range-covered :: explain SELECT id FROM sbtest%d WHERE id BETWEEN 7760115 AND 7760215
explain: for range-covered :: explain SELECT id FROM sbtest%d WHERE id BETWEEN 4904485 AND 4904585
for range-covered
table 1 : explain SELECT id FROM sbtest1 WHERE id BETWEEN 7760115 AND 7760215
	Index Only Scan using sbtest1_pkey on sbtest1  (cost=0.43..6.27 rows=92 width=4)
	  Index Cond: ((id >= 7760115) AND (id <= 7760215))

table 2 : explain SELECT id FROM sbtest2 WHERE id BETWEEN 7760115 AND 7760215
	Index Only Scan using sbtest2_pkey on sbtest2  (cost=0.43..6.50 rows=103 width=4)
	  Index Cond: ((id >= 7760115) AND (id <= 7760215))

table 3 : explain SELECT id FROM sbtest3 WHERE id BETWEEN 7760115 AND 7760215
	Index Only Scan using sbtest3_pkey on sbtest3  (cost=0.43..6.27 rows=92 width=4)
	  Index Cond: ((id >= 7760115) AND (id <= 7760215))

table 4 : explain SELECT id FROM sbtest4 WHERE id BETWEEN 7760115 AND 7760215
	Index Only Scan using sbtest4_pkey on sbtest4  (cost=0.43..6.53 rows=105 width=4)
	  Index Cond: ((id >= 7760115) AND (id <= 7760215))

table 5 : explain SELECT id FROM sbtest5 WHERE id BETWEEN 7760115 AND 7760215
	Index Only Scan using sbtest5_pkey on sbtest5  (cost=0.43..6.67 rows=112 width=4)
	  Index Cond: ((id >= 7760115) AND (id <= 7760215))

table 6 : explain SELECT id FROM sbtest6 WHERE id BETWEEN 7760115 AND 7760215
	Index Only Scan using sbtest6_pkey on sbtest6  (cost=0.43..6.58 rows=107 width=4)
	  Index Cond: ((id >= 7760115) AND (id <= 7760215))

table 7 : explain SELECT id FROM sbtest7 WHERE id BETWEEN 7760115 AND 7760215
	Index Only Scan using sbtest7_pkey on sbtest7  (cost=0.43..6.43 rows=100 width=4)
	  Index Cond: ((id >= 7760115) AND (id <= 7760215))

table 8 : explain SELECT id FROM sbtest8 WHERE id BETWEEN 7760115 AND 7760215
	Index Only Scan using sbtest8_pkey on sbtest8  (cost=0.43..6.37 rows=97 width=4)
	  Index Cond: ((id >= 7760115) AND (id <= 7760215))

explain: for range-covered :: explain SELECT id FROM sbtest%d WHERE id BETWEEN 7760115 AND 7760215
for range-covered
table 1 : explain SELECT id FROM sbtest1 WHERE id BETWEEN 3943718 AND 3943818
	Index Only Scan using sbtest1_pkey on sbtest1  (cost=0.43..6.42 rows=99 width=4)
	  Index Cond: ((id >= 3943718) AND (id <= 3943818))

table 2 : explain SELECT id FROM sbtest2 WHERE id BETWEEN 3943718 AND 3943818
	Index Only Scan using sbtest2_pkey on sbtest2  (cost=0.43..6.50 rows=103 width=4)
	  Index Cond: ((id >= 3943718) AND (id <= 3943818))

table 3 : explain SELECT id FROM sbtest3 WHERE id BETWEEN 3943718 AND 3943818
	Index Only Scan using sbtest3_pkey on sbtest3  (cost=0.43..6.43 rows=100 width=4)
	  Index Cond: ((id >= 3943718) AND (id <= 3943818))

table 4 : explain SELECT id FROM sbtest4 WHERE id BETWEEN 3943718 AND 3943818
	Index Only Scan using sbtest4_pkey on sbtest4  (cost=0.43..6.67 rows=112 width=4)
	  Index Cond: ((id >= 3943718) AND (id <= 3943818))

table 5 : explain SELECT id FROM sbtest5 WHERE id BETWEEN 3943718 AND 3943818
	Index Only Scan using sbtest5_pkey on sbtest5  (cost=0.43..6.35 rows=96 width=4)
	  Index Cond: ((id >= 3943718) AND (id <= 3943818))

table 6 : explain SELECT id FROM sbtest6 WHERE id BETWEEN 3943718 AND 3943818
	Index Only Scan using sbtest6_pkey on sbtest6  (cost=0.43..6.63 rows=110 width=4)
	  Index Cond: ((id >= 3943718) AND (id <= 3943818))

table 7 : explain SELECT id FROM sbtest7 WHERE id BETWEEN 3943718 AND 3943818
	Index Only Scan using sbtest7_pkey on sbtest7  (cost=0.43..6.50 rows=103 width=4)
	  Index Cond: ((id >= 3943718) AND (id <= 3943818))

table 8 : explain SELECT id FROM sbtest8 WHERE id BETWEEN 3943718 AND 3943818
	Index Only Scan using sbtest8_pkey on sbtest8  (cost=0.43..6.42 rows=99 width=4)
	  Index Cond: ((id >= 3943718) AND (id <= 3943818))

for range-covered
table 1 : explain SELECT id FROM sbtest1 WHERE id BETWEEN 5537565 AND 5537665
	Index Only Scan using sbtest1_pkey on sbtest1  (cost=0.43..6.27 rows=92 width=4)
	  Index Cond: ((id >= 5537565) AND (id <= 5537665))

table 2 : explain SELECT id FROM sbtest2 WHERE id BETWEEN 5537565 AND 5537665
	Index Only Scan using sbtest2_pkey on sbtest2  (cost=0.43..6.42 rows=99 width=4)
	  Index Cond: ((id >= 5537565) AND (id <= 5537665))

table 3 : explain SELECT id FROM sbtest3 WHERE id BETWEEN 5537565 AND 5537665
	Index Only Scan using sbtest3_pkey on sbtest3  (cost=0.43..6.35 rows=96 width=4)
	  Index Cond: ((id >= 5537565) AND (id <= 5537665))

table 4 : explain SELECT id FROM sbtest4 WHERE id BETWEEN 5537565 AND 5537665
	Index Only Scan using sbtest4_pkey on sbtest4  (cost=0.43..6.25 rows=91 width=4)
	  Index Cond: ((id >= 5537565) AND (id <= 5537665))

table 5 : explain SELECT id FROM sbtest5 WHERE id BETWEEN 5537565 AND 5537665
	Index Only Scan using sbtest5_pkey on sbtest5  (cost=0.43..6.45 rows=101 width=4)
	  Index Cond: ((id >= 5537565) AND (id <= 5537665))

table 6 : explain SELECT id FROM sbtest6 WHERE id BETWEEN 5537565 AND 5537665
	Index Only Scan using sbtest6_pkey on sbtest6  (cost=0.43..6.58 rows=107 width=4)
	  Index Cond: ((id >= 5537565) AND (id <= 5537665))

table 7 : explain SELECT id FROM sbtest7 WHERE id BETWEEN 5537565 AND 5537665
	Index Only Scan using sbtest7_pkey on sbtest7  (cost=0.43..6.51 rows=104 width=4)
	  Index Cond: ((id >= 5537565) AND (id <= 5537665))

table 8 : explain SELECT id FROM sbtest8 WHERE id BETWEEN 5537565 AND 5537665
	Index Only Scan using sbtest8_pkey on sbtest8  (cost=0.43..6.40 rows=98 width=4)
	  Index Cond: ((id >= 5537565) AND (id <= 5537665))

explain: for range-covered :: explain SELECT id FROM sbtest%d WHERE id BETWEEN 3943718 AND 3943818
explain: for range-covered :: explain SELECT id FROM sbtest%d WHERE id BETWEEN 5537565 AND 5537665
for range-covered
table 1 : explain SELECT id FROM sbtest1 WHERE id BETWEEN 7760115 AND 7760215
	Index Only Scan using sbtest1_pkey on sbtest1  (cost=0.43..6.27 rows=92 width=4)
	  Index Cond: ((id >= 7760115) AND (id <= 7760215))

table 2 : explain SELECT id FROM sbtest2 WHERE id BETWEEN 7760115 AND 7760215
	Index Only Scan using sbtest2_pkey on sbtest2  (cost=0.43..6.50 rows=103 width=4)
	  Index Cond: ((id >= 7760115) AND (id <= 7760215))

table 3 : explain SELECT id FROM sbtest3 WHERE id BETWEEN 7760115 AND 7760215
	Index Only Scan using sbtest3_pkey on sbtest3  (cost=0.43..6.27 rows=92 width=4)
	  Index Cond: ((id >= 7760115) AND (id <= 7760215))

table 4 : explain SELECT id FROM sbtest4 WHERE id BETWEEN 7760115 AND 7760215
	Index Only Scan using sbtest4_pkey on sbtest4  (cost=0.43..6.53 rows=105 width=4)
	  Index Cond: ((id >= 7760115) AND (id <= 7760215))

table 5 : explain SELECT id FROM sbtest5 WHERE id BETWEEN 7760115 AND 7760215
	Index Only Scan using sbtest5_pkey on sbtest5  (cost=0.43..6.67 rows=112 width=4)
	  Index Cond: ((id >= 7760115) AND (id <= 7760215))

table 6 : explain SELECT id FROM sbtest6 WHERE id BETWEEN 7760115 AND 7760215
	Index Only Scan using sbtest6_pkey on sbtest6  (cost=0.43..6.58 rows=107 width=4)
	  Index Cond: ((id >= 7760115) AND (id <= 7760215))

table 7 : explain SELECT id FROM sbtest7 WHERE id BETWEEN 7760115 AND 7760215
	Index Only Scan using sbtest7_pkey on sbtest7  (cost=0.43..6.43 rows=100 width=4)
	  Index Cond: ((id >= 7760115) AND (id <= 7760215))

table 8 : explain SELECT id FROM sbtest8 WHERE id BETWEEN 7760115 AND 7760215
	Index Only Scan using sbtest8_pkey on sbtest8  (cost=0.43..6.37 rows=97 width=4)
	  Index Cond: ((id >= 7760115) AND (id <= 7760215))

for range-covered
table 1 : explain SELECT id FROM sbtest1 WHERE id BETWEEN 7419983 AND 7420083
	Index Only Scan using sbtest1_pkey on sbtest1  (cost=0.43..6.43 rows=100 width=4)
	  Index Cond: ((id >= 7419983) AND (id <= 7420083))

table 2 : explain SELECT id FROM sbtest2 WHERE id BETWEEN 7419983 AND 7420083
	Index Only Scan using sbtest2_pkey on sbtest2  (cost=0.43..6.53 rows=105 width=4)
	  Index Cond: ((id >= 7419983) AND (id <= 7420083))

table 3 : explain SELECT id FROM sbtest3 WHERE id BETWEEN 7419983 AND 7420083
	Index Only Scan using sbtest3_pkey on sbtest3  (cost=0.43..6.47 rows=102 width=4)
	  Index Cond: ((id >= 7419983) AND (id <= 7420083))

table 4 : explain SELECT id FROM sbtest4 WHERE id BETWEEN 7419983 AND 7420083
	Index Only Scan using sbtest4_pkey on sbtest4  (cost=0.43..6.51 rows=104 width=4)
	  Index Cond: ((id >= 7419983) AND (id <= 7420083))

table 5 : explain SELECT id FROM sbtest5 WHERE id BETWEEN 7419983 AND 7420083
	Index Only Scan using sbtest5_pkey on sbtest5  (cost=0.43..6.25 rows=91 width=4)
	  Index Cond: ((id >= 7419983) AND (id <= 7420083))

table 6 : explain SELECT id FROM sbtest6 WHERE id BETWEEN 7419983 AND 7420083
	Index Only Scan using sbtest6_pkey on sbtest6  (cost=0.43..6.42 rows=99 width=4)
	  Index Cond: ((id >= 7419983) AND (id <= 7420083))

table 7 : explain SELECT id FROM sbtest7 WHERE id BETWEEN 7419983 AND 7420083
	Index Only Scan using sbtest7_pkey on sbtest7  (cost=0.43..6.87 rows=122 width=4)
	  Index Cond: ((id >= 7419983) AND (id <= 7420083))

table 8 : explain SELECT id FROM sbtest8 WHERE id BETWEEN 7419983 AND 7420083
	Index Only Scan using sbtest8_pkey on sbtest8  (cost=0.43..6.43 rows=100 width=4)
	  Index Cond: ((id >= 7419983) AND (id <= 7420083))

explain: for range-covered :: explain SELECT id FROM sbtest%d WHERE id BETWEEN 7760115 AND 7760215
explain: for range-covered :: explain SELECT id FROM sbtest%d WHERE id BETWEEN 7419983 AND 7420083
for range-covered
table 1 : explain SELECT id FROM sbtest1 WHERE id BETWEEN 3943718 AND 3943818
	Index Only Scan using sbtest1_pkey on sbtest1  (cost=0.43..6.42 rows=99 width=4)
	  Index Cond: ((id >= 3943718) AND (id <= 3943818))

table 2 : explain SELECT id FROM sbtest2 WHERE id BETWEEN 3943718 AND 3943818
	Index Only Scan using sbtest2_pkey on sbtest2  (cost=0.43..6.50 rows=103 width=4)
	  Index Cond: ((id >= 3943718) AND (id <= 3943818))

table 3 : explain SELECT id FROM sbtest3 WHERE id BETWEEN 3943718 AND 3943818
	Index Only Scan using sbtest3_pkey on sbtest3  (cost=0.43..6.43 rows=100 width=4)
	  Index Cond: ((id >= 3943718) AND (id <= 3943818))

table 4 : explain SELECT id FROM sbtest4 WHERE id BETWEEN 3943718 AND 3943818
	Index Only Scan using sbtest4_pkey on sbtest4  (cost=0.43..6.67 rows=112 width=4)
	  Index Cond: ((id >= 3943718) AND (id <= 3943818))

table 5 : explain SELECT id FROM sbtest5 WHERE id BETWEEN 3943718 AND 3943818
	Index Only Scan using sbtest5_pkey on sbtest5  (cost=0.43..6.35 rows=96 width=4)
	  Index Cond: ((id >= 3943718) AND (id <= 3943818))

table 6 : explain SELECT id FROM sbtest6 WHERE id BETWEEN 3943718 AND 3943818
	Index Only Scan using sbtest6_pkey on sbtest6  (cost=0.43..6.63 rows=110 width=4)
	  Index Cond: ((id >= 3943718) AND (id <= 3943818))

table 7 : explain SELECT id FROM sbtest7 WHERE id BETWEEN 3943718 AND 3943818
	Index Only Scan using sbtest7_pkey on sbtest7  (cost=0.43..6.50 rows=103 width=4)
	  Index Cond: ((id >= 3943718) AND (id <= 3943818))

table 8 : explain SELECT id FROM sbtest8 WHERE id BETWEEN 3943718 AND 3943818
	Index Only Scan using sbtest8_pkey on sbtest8  (cost=0.43..6.42 rows=99 width=4)
	  Index Cond: ((id >= 3943718) AND (id <= 3943818))

for range-covered
table 1 : explain SELECT id FROM sbtest1 WHERE id BETWEEN 5537565 AND 5537665
	Index Only Scan using sbtest1_pkey on sbtest1  (cost=0.43..6.27 rows=92 width=4)
	  Index Cond: ((id >= 5537565) AND (id <= 5537665))

table 2 : explain SELECT id FROM sbtest2 WHERE id BETWEEN 5537565 AND 5537665
	Index Only Scan using sbtest2_pkey on sbtest2  (cost=0.43..6.42 rows=99 width=4)
	  Index Cond: ((id >= 5537565) AND (id <= 5537665))

table 3 : explain SELECT id FROM sbtest3 WHERE id BETWEEN 5537565 AND 5537665
	Index Only Scan using sbtest3_pkey on sbtest3  (cost=0.43..6.35 rows=96 width=4)
	  Index Cond: ((id >= 5537565) AND (id <= 5537665))

table 4 : explain SELECT id FROM sbtest4 WHERE id BETWEEN 5537565 AND 5537665
	Index Only Scan using sbtest4_pkey on sbtest4  (cost=0.43..6.25 rows=91 width=4)
	  Index Cond: ((id >= 5537565) AND (id <= 5537665))

table 5 : explain SELECT id FROM sbtest5 WHERE id BETWEEN 5537565 AND 5537665
	Index Only Scan using sbtest5_pkey on sbtest5  (cost=0.43..6.45 rows=101 width=4)
	  Index Cond: ((id >= 5537565) AND (id <= 5537665))

table 6 : explain SELECT id FROM sbtest6 WHERE id BETWEEN 5537565 AND 5537665
	Index Only Scan using sbtest6_pkey on sbtest6  (cost=0.43..6.58 rows=107 width=4)
	  Index Cond: ((id >= 5537565) AND (id <= 5537665))

table 7 : explain SELECT id FROM sbtest7 WHERE id BETWEEN 5537565 AND 5537665
	Index Only Scan using sbtest7_pkey on sbtest7  (cost=0.43..6.51 rows=104 width=4)
	  Index Cond: ((id >= 5537565) AND (id <= 5537665))

table 8 : explain SELECT id FROM sbtest8 WHERE id BETWEEN 5537565 AND 5537665
	Index Only Scan using sbtest8_pkey on sbtest8  (cost=0.43..6.40 rows=98 width=4)
	  Index Cond: ((id >= 5537565) AND (id <= 5537665))

explain: for range-covered :: explain SELECT id FROM sbtest%d WHERE id BETWEEN 3943718 AND 3943818
explain: for range-covered :: explain SELECT id FROM sbtest%d WHERE id BETWEEN 5537565 AND 5537665
for range-covered
table 1 : explain SELECT id FROM sbtest1 WHERE id BETWEEN 7760115 AND 7760215
	Index Only Scan using sbtest1_pkey on sbtest1  (cost=0.43..6.27 rows=92 width=4)
	  Index Cond: ((id >= 7760115) AND (id <= 7760215))

table 2 : explain SELECT id FROM sbtest2 WHERE id BETWEEN 7760115 AND 7760215
	Index Only Scan using sbtest2_pkey on sbtest2  (cost=0.43..6.50 rows=103 width=4)
	  Index Cond: ((id >= 7760115) AND (id <= 7760215))

table 3 : explain SELECT id FROM sbtest3 WHERE id BETWEEN 7760115 AND 7760215
	Index Only Scan using sbtest3_pkey on sbtest3  (cost=0.43..6.27 rows=92 width=4)
	  Index Cond: ((id >= 7760115) AND (id <= 7760215))

table 4 : explain SELECT id FROM sbtest4 WHERE id BETWEEN 7760115 AND 7760215
	Index Only Scan using sbtest4_pkey on sbtest4  (cost=0.43..6.53 rows=105 width=4)
	  Index Cond: ((id >= 7760115) AND (id <= 7760215))

table 5 : explain SELECT id FROM sbtest5 WHERE id BETWEEN 7760115 AND 7760215
	Index Only Scan using sbtest5_pkey on sbtest5  (cost=0.43..6.67 rows=112 width=4)
	  Index Cond: ((id >= 7760115) AND (id <= 7760215))

table 6 : explain SELECT id FROM sbtest6 WHERE id BETWEEN 7760115 AND 7760215
	Index Only Scan using sbtest6_pkey on sbtest6  (cost=0.43..6.58 rows=107 width=4)
	  Index Cond: ((id >= 7760115) AND (id <= 7760215))

table 7 : explain SELECT id FROM sbtest7 WHERE id BETWEEN 7760115 AND 7760215
	Index Only Scan using sbtest7_pkey on sbtest7  (cost=0.43..6.43 rows=100 width=4)
	  Index Cond: ((id >= 7760115) AND (id <= 7760215))

table 8 : explain SELECT id FROM sbtest8 WHERE id BETWEEN 7760115 AND 7760215
	Index Only Scan using sbtest8_pkey on sbtest8  (cost=0.43..6.37 rows=97 width=4)
	  Index Cond: ((id >= 7760115) AND (id <= 7760215))

explain: for range-covered :: explain SELECT id FROM sbtest%d WHERE id BETWEEN 7760115 AND 7760215
for range-covered
table 1 : explain SELECT id FROM sbtest1 WHERE id BETWEEN 7419983 AND 7420083
	Index Only Scan using sbtest1_pkey on sbtest1  (cost=0.43..6.43 rows=100 width=4)
	  Index Cond: ((id >= 7419983) AND (id <= 7420083))

table 2 : explain SELECT id FROM sbtest2 WHERE id BETWEEN 7419983 AND 7420083
	Index Only Scan using sbtest2_pkey on sbtest2  (cost=0.43..6.53 rows=105 width=4)
	  Index Cond: ((id >= 7419983) AND (id <= 7420083))

table 3 : explain SELECT id FROM sbtest3 WHERE id BETWEEN 7419983 AND 7420083
	Index Only Scan using sbtest3_pkey on sbtest3  (cost=0.43..6.47 rows=102 width=4)
	  Index Cond: ((id >= 7419983) AND (id <= 7420083))

table 4 : explain SELECT id FROM sbtest4 WHERE id BETWEEN 7419983 AND 7420083
	Index Only Scan using sbtest4_pkey on sbtest4  (cost=0.43..6.51 rows=104 width=4)
	  Index Cond: ((id >= 7419983) AND (id <= 7420083))

table 5 : explain SELECT id FROM sbtest5 WHERE id BETWEEN 7419983 AND 7420083
	Index Only Scan using sbtest5_pkey on sbtest5  (cost=0.43..6.25 rows=91 width=4)
	  Index Cond: ((id >= 7419983) AND (id <= 7420083))

table 6 : explain SELECT id FROM sbtest6 WHERE id BETWEEN 7419983 AND 7420083
	Index Only Scan using sbtest6_pkey on sbtest6  (cost=0.43..6.42 rows=99 width=4)
	  Index Cond: ((id >= 7419983) AND (id <= 7420083))

table 7 : explain SELECT id FROM sbtest7 WHERE id BETWEEN 7419983 AND 7420083
	Index Only Scan using sbtest7_pkey on sbtest7  (cost=0.43..6.87 rows=122 width=4)
	  Index Cond: ((id >= 7419983) AND (id <= 7420083))

table 8 : explain SELECT id FROM sbtest8 WHERE id BETWEEN 7419983 AND 7420083
	Index Only Scan using sbtest8_pkey on sbtest8  (cost=0.43..6.43 rows=100 width=4)
	  Index Cond: ((id >= 7419983) AND (id <= 7420083))

explain: for range-covered :: explain SELECT id FROM sbtest%d WHERE id BETWEEN 7419983 AND 7420083
for range-covered
table 1 : explain SELECT id FROM sbtest1 WHERE id BETWEEN 3943718 AND 3943818
	Index Only Scan using sbtest1_pkey on sbtest1  (cost=0.43..6.42 rows=99 width=4)
	  Index Cond: ((id >= 3943718) AND (id <= 3943818))

table 2 : explain SELECT id FROM sbtest2 WHERE id BETWEEN 3943718 AND 3943818
	Index Only Scan using sbtest2_pkey on sbtest2  (cost=0.43..6.50 rows=103 width=4)
	  Index Cond: ((id >= 3943718) AND (id <= 3943818))

table 3 : explain SELECT id FROM sbtest3 WHERE id BETWEEN 3943718 AND 3943818
	Index Only Scan using sbtest3_pkey on sbtest3  (cost=0.43..6.43 rows=100 width=4)
	  Index Cond: ((id >= 3943718) AND (id <= 3943818))

table 4 : explain SELECT id FROM sbtest4 WHERE id BETWEEN 3943718 AND 3943818
	Index Only Scan using sbtest4_pkey on sbtest4  (cost=0.43..6.67 rows=112 width=4)
	  Index Cond: ((id >= 3943718) AND (id <= 3943818))

table 5 : explain SELECT id FROM sbtest5 WHERE id BETWEEN 3943718 AND 3943818
	Index Only Scan using sbtest5_pkey on sbtest5  (cost=0.43..6.35 rows=96 width=4)
	  Index Cond: ((id >= 3943718) AND (id <= 3943818))

table 6 : explain SELECT id FROM sbtest6 WHERE id BETWEEN 3943718 AND 3943818
	Index Only Scan using sbtest6_pkey on sbtest6  (cost=0.43..6.63 rows=110 width=4)
	  Index Cond: ((id >= 3943718) AND (id <= 3943818))

table 7 : explain SELECT id FROM sbtest7 WHERE id BETWEEN 3943718 AND 3943818
	Index Only Scan using sbtest7_pkey on sbtest7  (cost=0.43..6.50 rows=103 width=4)
	  Index Cond: ((id >= 3943718) AND (id <= 3943818))

table 8 : explain SELECT id FROM sbtest8 WHERE id BETWEEN 3943718 AND 3943818
	Index Only Scan using sbtest8_pkey on sbtest8  (cost=0.43..6.42 rows=99 width=4)
	  Index Cond: ((id >= 3943718) AND (id <= 3943818))

for range-covered
table 1 : explain SELECT id FROM sbtest1 WHERE id BETWEEN 5537565 AND 5537665
	Index Only Scan using sbtest1_pkey on sbtest1  (cost=0.43..6.27 rows=92 width=4)
	  Index Cond: ((id >= 5537565) AND (id <= 5537665))

table 2 : explain SELECT id FROM sbtest2 WHERE id BETWEEN 5537565 AND 5537665
	Index Only Scan using sbtest2_pkey on sbtest2  (cost=0.43..6.42 rows=99 width=4)
	  Index Cond: ((id >= 5537565) AND (id <= 5537665))

table 3 : explain SELECT id FROM sbtest3 WHERE id BETWEEN 5537565 AND 5537665
	Index Only Scan using sbtest3_pkey on sbtest3  (cost=0.43..6.35 rows=96 width=4)
	  Index Cond: ((id >= 5537565) AND (id <= 5537665))

table 4 : explain SELECT id FROM sbtest4 WHERE id BETWEEN 5537565 AND 5537665
	Index Only Scan using sbtest4_pkey on sbtest4  (cost=0.43..6.25 rows=91 width=4)
	  Index Cond: ((id >= 5537565) AND (id <= 5537665))

table 5 : explain SELECT id FROM sbtest5 WHERE id BETWEEN 5537565 AND 5537665
	Index Only Scan using sbtest5_pkey on sbtest5  (cost=0.43..6.45 rows=101 width=4)
	  Index Cond: ((id >= 5537565) AND (id <= 5537665))

table 6 : explain SELECT id FROM sbtest6 WHERE id BETWEEN 5537565 AND 5537665
	Index Only Scan using sbtest6_pkey on sbtest6  (cost=0.43..6.58 rows=107 width=4)
	  Index Cond: ((id >= 5537565) AND (id <= 5537665))

table 7 : explain SELECT id FROM sbtest7 WHERE id BETWEEN 5537565 AND 5537665
	Index Only Scan using sbtest7_pkey on sbtest7  (cost=0.43..6.51 rows=104 width=4)
	  Index Cond: ((id >= 5537565) AND (id <= 5537665))

table 8 : explain SELECT id FROM sbtest8 WHERE id BETWEEN 5537565 AND 5537665
	Index Only Scan using sbtest8_pkey on sbtest8  (cost=0.43..6.40 rows=98 width=4)
	  Index Cond: ((id >= 5537565) AND (id <= 5537665))

explain: for range-covered :: explain SELECT id FROM sbtest%d WHERE id BETWEEN 3943718 AND 3943818
explain: for range-covered :: explain SELECT id FROM sbtest%d WHERE id BETWEEN 5537565 AND 5537665
for range-covered
table 1 : explain SELECT id FROM sbtest1 WHERE id BETWEEN 4904485 AND 4904585
	Index Only Scan using sbtest1_pkey on sbtest1  (cost=0.43..6.47 rows=102 width=4)
	  Index Cond: ((id >= 4904485) AND (id <= 4904585))

table 2 : explain SELECT id FROM sbtest2 WHERE id BETWEEN 4904485 AND 4904585
	Index Only Scan using sbtest2_pkey on sbtest2  (cost=0.43..6.50 rows=103 width=4)
	  Index Cond: ((id >= 4904485) AND (id <= 4904585))

table 3 : explain SELECT id FROM sbtest3 WHERE id BETWEEN 4904485 AND 4904585
	Index Only Scan using sbtest3_pkey on sbtest3  (cost=0.43..6.51 rows=104 width=4)
	  Index Cond: ((id >= 4904485) AND (id <= 4904585))

table 4 : explain SELECT id FROM sbtest4 WHERE id BETWEEN 4904485 AND 4904585
	Index Only Scan using sbtest4_pkey on sbtest4  (cost=0.43..6.51 rows=104 width=4)
	  Index Cond: ((id >= 4904485) AND (id <= 4904585))

table 5 : explain SELECT id FROM sbtest5 WHERE id BETWEEN 4904485 AND 4904585
	Index Only Scan using sbtest5_pkey on sbtest5  (cost=0.43..6.17 rows=87 width=4)
	  Index Cond: ((id >= 4904485) AND (id <= 4904585))

table 6 : explain SELECT id FROM sbtest6 WHERE id BETWEEN 4904485 AND 4904585
	Index Only Scan using sbtest6_pkey on sbtest6  (cost=0.43..6.27 rows=92 width=4)
	  Index Cond: ((id >= 4904485) AND (id <= 4904585))

table 7 : explain SELECT id FROM sbtest7 WHERE id BETWEEN 4904485 AND 4904585
	Index Only Scan using sbtest7_pkey on sbtest7  (cost=0.43..6.43 rows=100 width=4)
	  Index Cond: ((id >= 4904485) AND (id <= 4904585))

table 8 : explain SELECT id FROM sbtest8 WHERE id BETWEEN 4904485 AND 4904585
	Index Only Scan using sbtest8_pkey on sbtest8  (cost=0.43..6.43 rows=100 width=4)
	  Index Cond: ((id >= 4904485) AND (id <= 4904585))

for range-covered
table 1 : explain SELECT id FROM sbtest1 WHERE id BETWEEN 7760115 AND 7760215
	Index Only Scan using sbtest1_pkey on sbtest1  (cost=0.43..6.27 rows=92 width=4)
	  Index Cond: ((id >= 7760115) AND (id <= 7760215))

table 2 : explain SELECT id FROM sbtest2 WHERE id BETWEEN 7760115 AND 7760215
	Index Only Scan using sbtest2_pkey on sbtest2  (cost=0.43..6.50 rows=103 width=4)
	  Index Cond: ((id >= 7760115) AND (id <= 7760215))

table 3 : explain SELECT id FROM sbtest3 WHERE id BETWEEN 7760115 AND 7760215
	Index Only Scan using sbtest3_pkey on sbtest3  (cost=0.43..6.27 rows=92 width=4)
	  Index Cond: ((id >= 7760115) AND (id <= 7760215))

table 4 : explain SELECT id FROM sbtest4 WHERE id BETWEEN 7760115 AND 7760215
	Index Only Scan using sbtest4_pkey on sbtest4  (cost=0.43..6.53 rows=105 width=4)
	  Index Cond: ((id >= 7760115) AND (id <= 7760215))

table 5 : explain SELECT id FROM sbtest5 WHERE id BETWEEN 7760115 AND 7760215
	Index Only Scan using sbtest5_pkey on sbtest5  (cost=0.43..6.67 rows=112 width=4)
	  Index Cond: ((id >= 7760115) AND (id <= 7760215))

table 6 : explain SELECT id FROM sbtest6 WHERE id BETWEEN 7760115 AND 7760215
	Index Only Scan using sbtest6_pkey on sbtest6  (cost=0.43..6.58 rows=107 width=4)
	  Index Cond: ((id >= 7760115) AND (id <= 7760215))

table 7 : explain SELECT id FROM sbtest7 WHERE id BETWEEN 7760115 AND 7760215
	Index Only Scan using sbtest7_pkey on sbtest7  (cost=0.43..6.43 rows=100 width=4)
	  Index Cond: ((id >= 7760115) AND (id <= 7760215))

table 8 : explain SELECT id FROM sbtest8 WHERE id BETWEEN 7760115 AND 7760215
	Index Only Scan using sbtest8_pkey on sbtest8  (cost=0.43..6.37 rows=97 width=4)
	  Index Cond: ((id >= 7760115) AND (id <= 7760215))

explain: for range-covered :: explain SELECT id FROM sbtest%d WHERE id BETWEEN 4904485 AND 4904585
explain: for range-covered :: explain SELECT id FROM sbtest%d WHERE id BETWEEN 7760115 AND 7760215
for range-covered
table 1 : explain SELECT id FROM sbtest1 WHERE id BETWEEN 7419983 AND 7420083
	Index Only Scan using sbtest1_pkey on sbtest1  (cost=0.43..6.43 rows=100 width=4)
	  Index Cond: ((id >= 7419983) AND (id <= 7420083))

table 2 : explain SELECT id FROM sbtest2 WHERE id BETWEEN 7419983 AND 7420083
	Index Only Scan using sbtest2_pkey on sbtest2  (cost=0.43..6.53 rows=105 width=4)
	  Index Cond: ((id >= 7419983) AND (id <= 7420083))

table 3 : explain SELECT id FROM sbtest3 WHERE id BETWEEN 7419983 AND 7420083
	Index Only Scan using sbtest3_pkey on sbtest3  (cost=0.43..6.47 rows=102 width=4)
	  Index Cond: ((id >= 7419983) AND (id <= 7420083))

table 4 : explain SELECT id FROM sbtest4 WHERE id BETWEEN 7419983 AND 7420083
	Index Only Scan using sbtest4_pkey on sbtest4  (cost=0.43..6.51 rows=104 width=4)
	  Index Cond: ((id >= 7419983) AND (id <= 7420083))

table 5 : explain SELECT id FROM sbtest5 WHERE id BETWEEN 7419983 AND 7420083
	Index Only Scan using sbtest5_pkey on sbtest5  (cost=0.43..6.25 rows=91 width=4)
	  Index Cond: ((id >= 7419983) AND (id <= 7420083))

table 6 : explain SELECT id FROM sbtest6 WHERE id BETWEEN 7419983 AND 7420083
	Index Only Scan using sbtest6_pkey on sbtest6  (cost=0.43..6.42 rows=99 width=4)
	  Index Cond: ((id >= 7419983) AND (id <= 7420083))

table 7 : explain SELECT id FROM sbtest7 WHERE id BETWEEN 7419983 AND 7420083
	Index Only Scan using sbtest7_pkey on sbtest7  (cost=0.43..6.87 rows=122 width=4)
	  Index Cond: ((id >= 7419983) AND (id <= 7420083))

table 8 : explain SELECT id FROM sbtest8 WHERE id BETWEEN 7419983 AND 7420083
	Index Only Scan using sbtest8_pkey on sbtest8  (cost=0.43..6.43 rows=100 width=4)
	  Index Cond: ((id >= 7419983) AND (id <= 7420083))

explain: for range-covered :: explain SELECT id FROM sbtest%d WHERE id BETWEEN 7419983 AND 7420083
for range-covered
table 1 : explain SELECT id FROM sbtest1 WHERE id BETWEEN 3943718 AND 3943818
	Index Only Scan using sbtest1_pkey on sbtest1  (cost=0.43..6.42 rows=99 width=4)
	  Index Cond: ((id >= 3943718) AND (id <= 3943818))

table 2 : explain SELECT id FROM sbtest2 WHERE id BETWEEN 3943718 AND 3943818
	Index Only Scan using sbtest2_pkey on sbtest2  (cost=0.43..6.50 rows=103 width=4)
	  Index Cond: ((id >= 3943718) AND (id <= 3943818))

table 3 : explain SELECT id FROM sbtest3 WHERE id BETWEEN 3943718 AND 3943818
	Index Only Scan using sbtest3_pkey on sbtest3  (cost=0.43..6.43 rows=100 width=4)
	  Index Cond: ((id >= 3943718) AND (id <= 3943818))

table 4 : explain SELECT id FROM sbtest4 WHERE id BETWEEN 3943718 AND 3943818
	Index Only Scan using sbtest4_pkey on sbtest4  (cost=0.43..6.67 rows=112 width=4)
	  Index Cond: ((id >= 3943718) AND (id <= 3943818))

table 5 : explain SELECT id FROM sbtest5 WHERE id BETWEEN 3943718 AND 3943818
	Index Only Scan using sbtest5_pkey on sbtest5  (cost=0.43..6.35 rows=96 width=4)
	  Index Cond: ((id >= 3943718) AND (id <= 3943818))

table 6 : explain SELECT id FROM sbtest6 WHERE id BETWEEN 3943718 AND 3943818
	Index Only Scan using sbtest6_pkey on sbtest6  (cost=0.43..6.63 rows=110 width=4)
	  Index Cond: ((id >= 3943718) AND (id <= 3943818))

table 7 : explain SELECT id FROM sbtest7 WHERE id BETWEEN 3943718 AND 3943818
	Index Only Scan using sbtest7_pkey on sbtest7  (cost=0.43..6.50 rows=103 width=4)
	  Index Cond: ((id >= 3943718) AND (id <= 3943818))

table 8 : explain SELECT id FROM sbtest8 WHERE id BETWEEN 3943718 AND 3943818
	Index Only Scan using sbtest8_pkey on sbtest8  (cost=0.43..6.42 rows=99 width=4)
	  Index Cond: ((id >= 3943718) AND (id <= 3943818))

for range-covered
table 1 : explain SELECT id FROM sbtest1 WHERE id BETWEEN 5537565 AND 5537665
	Index Only Scan using sbtest1_pkey on sbtest1  (cost=0.43..6.27 rows=92 width=4)
	  Index Cond: ((id >= 5537565) AND (id <= 5537665))

table 2 : explain SELECT id FROM sbtest2 WHERE id BETWEEN 5537565 AND 5537665
	Index Only Scan using sbtest2_pkey on sbtest2  (cost=0.43..6.42 rows=99 width=4)
	  Index Cond: ((id >= 5537565) AND (id <= 5537665))

table 3 : explain SELECT id FROM sbtest3 WHERE id BETWEEN 5537565 AND 5537665
	Index Only Scan using sbtest3_pkey on sbtest3  (cost=0.43..6.35 rows=96 width=4)
	  Index Cond: ((id >= 5537565) AND (id <= 5537665))

table 4 : explain SELECT id FROM sbtest4 WHERE id BETWEEN 5537565 AND 5537665
	Index Only Scan using sbtest4_pkey on sbtest4  (cost=0.43..6.25 rows=91 width=4)
	  Index Cond: ((id >= 5537565) AND (id <= 5537665))

table 5 : explain SELECT id FROM sbtest5 WHERE id BETWEEN 5537565 AND 5537665
	Index Only Scan using sbtest5_pkey on sbtest5  (cost=0.43..6.45 rows=101 width=4)
	  Index Cond: ((id >= 5537565) AND (id <= 5537665))

table 6 : explain SELECT id FROM sbtest6 WHERE id BETWEEN 5537565 AND 5537665
	Index Only Scan using sbtest6_pkey on sbtest6  (cost=0.43..6.58 rows=107 width=4)
	  Index Cond: ((id >= 5537565) AND (id <= 5537665))

table 7 : explain SELECT id FROM sbtest7 WHERE id BETWEEN 5537565 AND 5537665
	Index Only Scan using sbtest7_pkey on sbtest7  (cost=0.43..6.51 rows=104 width=4)
	  Index Cond: ((id >= 5537565) AND (id <= 5537665))

table 8 : explain SELECT id FROM sbtest8 WHERE id BETWEEN 5537565 AND 5537665
	Index Only Scan using sbtest8_pkey on sbtest8  (cost=0.43..6.40 rows=98 width=4)
	  Index Cond: ((id >= 5537565) AND (id <= 5537665))

explain: for range-covered :: explain SELECT id FROM sbtest%d WHERE id BETWEEN 3943718 AND 3943818
explain: for range-covered :: explain SELECT id FROM sbtest%d WHERE id BETWEEN 5537565 AND 5537665
for range-covered
table 1 : explain SELECT id FROM sbtest1 WHERE id BETWEEN 7760115 AND 7760215
	Index Only Scan using sbtest1_pkey on sbtest1  (cost=0.43..6.27 rows=92 width=4)
	  Index Cond: ((id >= 7760115) AND (id <= 7760215))

table 2 : explain SELECT id FROM sbtest2 WHERE id BETWEEN 7760115 AND 7760215
	Index Only Scan using sbtest2_pkey on sbtest2  (cost=0.43..6.50 rows=103 width=4)
	  Index Cond: ((id >= 7760115) AND (id <= 7760215))

table 3 : explain SELECT id FROM sbtest3 WHERE id BETWEEN 7760115 AND 7760215
	Index Only Scan using sbtest3_pkey on sbtest3  (cost=0.43..6.27 rows=92 width=4)
	  Index Cond: ((id >= 7760115) AND (id <= 7760215))

table 4 : explain SELECT id FROM sbtest4 WHERE id BETWEEN 7760115 AND 7760215
	Index Only Scan using sbtest4_pkey on sbtest4  (cost=0.43..6.53 rows=105 width=4)
	  Index Cond: ((id >= 7760115) AND (id <= 7760215))

table 5 : explain SELECT id FROM sbtest5 WHERE id BETWEEN 7760115 AND 7760215
	Index Only Scan using sbtest5_pkey on sbtest5  (cost=0.43..6.67 rows=112 width=4)
	  Index Cond: ((id >= 7760115) AND (id <= 7760215))

table 6 : explain SELECT id FROM sbtest6 WHERE id BETWEEN 7760115 AND 7760215
	Index Only Scan using sbtest6_pkey on sbtest6  (cost=0.43..6.58 rows=107 width=4)
	  Index Cond: ((id >= 7760115) AND (id <= 7760215))

table 7 : explain SELECT id FROM sbtest7 WHERE id BETWEEN 7760115 AND 7760215
	Index Only Scan using sbtest7_pkey on sbtest7  (cost=0.43..6.43 rows=100 width=4)
	  Index Cond: ((id >= 7760115) AND (id <= 7760215))

table 8 : explain SELECT id FROM sbtest8 WHERE id BETWEEN 7760115 AND 7760215
	Index Only Scan using sbtest8_pkey on sbtest8  (cost=0.43..6.37 rows=97 width=4)
	  Index Cond: ((id >= 7760115) AND (id <= 7760215))

for range-covered
table 1 : explain SELECT id FROM sbtest1 WHERE id BETWEEN 4904485 AND 4904585
	Index Only Scan using sbtest1_pkey on sbtest1  (cost=0.43..6.47 rows=102 width=4)
	  Index Cond: ((id >= 4904485) AND (id <= 4904585))

table 2 : explain SELECT id FROM sbtest2 WHERE id BETWEEN 4904485 AND 4904585
	Index Only Scan using sbtest2_pkey on sbtest2  (cost=0.43..6.50 rows=103 width=4)
	  Index Cond: ((id >= 4904485) AND (id <= 4904585))

table 3 : explain SELECT id FROM sbtest3 WHERE id BETWEEN 4904485 AND 4904585
	Index Only Scan using sbtest3_pkey on sbtest3  (cost=0.43..6.51 rows=104 width=4)
	  Index Cond: ((id >= 4904485) AND (id <= 4904585))

table 4 : explain SELECT id FROM sbtest4 WHERE id BETWEEN 4904485 AND 4904585
	Index Only Scan using sbtest4_pkey on sbtest4  (cost=0.43..6.51 rows=104 width=4)
	  Index Cond: ((id >= 4904485) AND (id <= 4904585))

table 5 : explain SELECT id FROM sbtest5 WHERE id BETWEEN 4904485 AND 4904585
	Index Only Scan using sbtest5_pkey on sbtest5  (cost=0.43..6.17 rows=87 width=4)
	  Index Cond: ((id >= 4904485) AND (id <= 4904585))

table 6 : explain SELECT id FROM sbtest6 WHERE id BETWEEN 4904485 AND 4904585
	Index Only Scan using sbtest6_pkey on sbtest6  (cost=0.43..6.27 rows=92 width=4)
	  Index Cond: ((id >= 4904485) AND (id <= 4904585))

table 7 : explain SELECT id FROM sbtest7 WHERE id BETWEEN 4904485 AND 4904585
	Index Only Scan using sbtest7_pkey on sbtest7  (cost=0.43..6.43 rows=100 width=4)
	  Index Cond: ((id >= 4904485) AND (id <= 4904585))

table 8 : explain SELECT id FROM sbtest8 WHERE id BETWEEN 4904485 AND 4904585
	Index Only Scan using sbtest8_pkey on sbtest8  (cost=0.43..6.43 rows=100 width=4)
	  Index Cond: ((id >= 4904485) AND (id <= 4904585))

explain: for range-covered :: explain SELECT id FROM sbtest%d WHERE id BETWEEN 4904485 AND 4904585for range-covered
table 1 : explain SELECT id FROM sbtest1 WHERE id BETWEEN 7419983 AND 7420083
	Index Only Scan using sbtest1_pkey on sbtest1  (cost=0.43..6.43 rows=100 width=4)
	  Index Cond: ((id >= 7419983) AND (id <= 7420083))

table 2 : explain SELECT id FROM sbtest2 WHERE id BETWEEN 7419983 AND 7420083
	Index Only Scan using sbtest2_pkey on sbtest2  (cost=0.43..6.53 rows=105 width=4)
	  Index Cond: ((id >= 7419983) AND (id <= 7420083))

table 3 : explain SELECT id FROM sbtest3 WHERE id BETWEEN 7419983 AND 7420083
	Index Only Scan using sbtest3_pkey on sbtest3  (cost=0.43..6.47 rows=102 width=4)
	  Index Cond: ((id >= 7419983) AND (id <= 7420083))

table 4 : explain SELECT id FROM sbtest4 WHERE id BETWEEN 7419983 AND 7420083
	Index Only Scan using sbtest4_pkey on sbtest4  (cost=0.43..6.51 rows=104 width=4)
	  Index Cond: ((id >= 7419983) AND (id <= 7420083))

table 5 : explain SELECT id FROM sbtest5 WHERE id BETWEEN 7419983 AND 7420083
	Index Only Scan using sbtest5_pkey on sbtest5  (cost=0.43..6.25 rows=91 width=4)
	  Index Cond: ((id >= 7419983) AND (id <= 7420083))

table 6 : explain SELECT id FROM sbtest6 WHERE id BETWEEN 7419983 AND 7420083
	Index Only Scan using sbtest6_pkey on sbtest6  (cost=0.43..6.42 rows=99 width=4)
	  Index Cond: ((id >= 7419983) AND (id <= 7420083))

table 7 : explain SELECT id FROM sbtest7 WHERE id BETWEEN 7419983 AND 7420083
	Index Only Scan using sbtest7_pkey on sbtest7  (cost=0.43..6.87 rows=122 width=4)
	  Index Cond: ((id >= 7419983) AND (id <= 7420083))

table 8 : explain SELECT id FROM sbtest8 WHERE id BETWEEN 7419983 AND 7420083
	Index Only Scan using sbtest8_pkey on sbtest8  (cost=0.43..6.43 rows=100 width=4)
	  Index Cond: ((id >= 7419983) AND (id <= 7420083))


explain: for range-covered :: explain SELECT id FROM sbtest%d WHERE id BETWEEN 7419983 AND 7420083
for range-covered
table 1 : explain SELECT id FROM sbtest1 WHERE id BETWEEN 3943718 AND 3943818
	Index Only Scan using sbtest1_pkey on sbtest1  (cost=0.43..6.42 rows=99 width=4)
	  Index Cond: ((id >= 3943718) AND (id <= 3943818))

table 2 : explain SELECT id FROM sbtest2 WHERE id BETWEEN 3943718 AND 3943818
	Index Only Scan using sbtest2_pkey on sbtest2  (cost=0.43..6.50 rows=103 width=4)
	  Index Cond: ((id >= 3943718) AND (id <= 3943818))

table 3 : explain SELECT id FROM sbtest3 WHERE id BETWEEN 3943718 AND 3943818
	Index Only Scan using sbtest3_pkey on sbtest3  (cost=0.43..6.43 rows=100 width=4)
	  Index Cond: ((id >= 3943718) AND (id <= 3943818))

table 4 : explain SELECT id FROM sbtest4 WHERE id BETWEEN 3943718 AND 3943818
	Index Only Scan using sbtest4_pkey on sbtest4  (cost=0.43..6.67 rows=112 width=4)
	  Index Cond: ((id >= 3943718) AND (id <= 3943818))

table 5 : explain SELECT id FROM sbtest5 WHERE id BETWEEN 3943718 AND 3943818
	Index Only Scan using sbtest5_pkey on sbtest5  (cost=0.43..6.35 rows=96 width=4)
	  Index Cond: ((id >= 3943718) AND (id <= 3943818))

table 6 : explain SELECT id FROM sbtest6 WHERE id BETWEEN 3943718 AND 3943818
	Index Only Scan using sbtest6_pkey on sbtest6  (cost=0.43..6.63 rows=110 width=4)
	  Index Cond: ((id >= 3943718) AND (id <= 3943818))

table 7 : explain SELECT id FROM sbtest7 WHERE id BETWEEN 3943718 AND 3943818
	Index Only Scan using sbtest7_pkey on sbtest7  (cost=0.43..6.50 rows=103 width=4)
	  Index Cond: ((id >= 3943718) AND (id <= 3943818))

table 8 : explain SELECT id FROM sbtest8 WHERE id BETWEEN 3943718 AND 3943818
	Index Only Scan using sbtest8_pkey on sbtest8  (cost=0.43..6.42 rows=99 width=4)
	  Index Cond: ((id >= 3943718) AND (id <= 3943818))

for range-covered
table 1 : explain SELECT id FROM sbtest1 WHERE id BETWEEN 5537565 AND 5537665
	Index Only Scan using sbtest1_pkey on sbtest1  (cost=0.43..6.27 rows=92 width=4)
	  Index Cond: ((id >= 5537565) AND (id <= 5537665))

table 2 : explain SELECT id FROM sbtest2 WHERE id BETWEEN 5537565 AND 5537665
	Index Only Scan using sbtest2_pkey on sbtest2  (cost=0.43..6.42 rows=99 width=4)
	  Index Cond: ((id >= 5537565) AND (id <= 5537665))

table 3 : explain SELECT id FROM sbtest3 WHERE id BETWEEN 5537565 AND 5537665
	Index Only Scan using sbtest3_pkey on sbtest3  (cost=0.43..6.35 rows=96 width=4)
	  Index Cond: ((id >= 5537565) AND (id <= 5537665))

table 4 : explain SELECT id FROM sbtest4 WHERE id BETWEEN 5537565 AND 5537665
	Index Only Scan using sbtest4_pkey on sbtest4  (cost=0.43..6.25 rows=91 width=4)
	  Index Cond: ((id >= 5537565) AND (id <= 5537665))

table 5 : explain SELECT id FROM sbtest5 WHERE id BETWEEN 5537565 AND 5537665
	Index Only Scan using sbtest5_pkey on sbtest5  (cost=0.43..6.45 rows=101 width=4)
	  Index Cond: ((id >= 5537565) AND (id <= 5537665))

table 6 : explain SELECT id FROM sbtest6 WHERE id BETWEEN 5537565 AND 5537665
	Index Only Scan using sbtest6_pkey on sbtest6  (cost=0.43..6.58 rows=107 width=4)
	  Index Cond: ((id >= 5537565) AND (id <= 5537665))

table 7 : explain SELECT id FROM sbtest7 WHERE id BETWEEN 5537565 AND 5537665
	Index Only Scan using sbtest7_pkey on sbtest7  (cost=0.43..6.51 rows=104 width=4)
	  Index Cond: ((id >= 5537565) AND (id <= 5537665))

table 8 : explain SELECT id FROM sbtest8 WHERE id BETWEEN 5537565 AND 5537665
	Index Only Scan using sbtest8_pkey on sbtest8  (cost=0.43..6.40 rows=98 width=4)
	  Index Cond: ((id >= 5537565) AND (id <= 5537665))

explain: for range-covered :: explain SELECT id FROM sbtest%d WHERE id BETWEEN 3943718 AND 3943818
explain: for range-covered :: explain SELECT id FROM sbtest%d WHERE id BETWEEN 5537565 AND 5537665
for range-covered
table 1 : explain SELECT id FROM sbtest1 WHERE id BETWEEN 4904485 AND 4904585
	Index Only Scan using sbtest1_pkey on sbtest1  (cost=0.43..6.47 rows=102 width=4)
	  Index Cond: ((id >= 4904485) AND (id <= 4904585))

table 2 : explain SELECT id FROM sbtest2 WHERE id BETWEEN 4904485 AND 4904585
	Index Only Scan using sbtest2_pkey on sbtest2  (cost=0.43..6.50 rows=103 width=4)
	  Index Cond: ((id >= 4904485) AND (id <= 4904585))

table 3 : explain SELECT id FROM sbtest3 WHERE id BETWEEN 4904485 AND 4904585
	Index Only Scan using sbtest3_pkey on sbtest3  (cost=0.43..6.51 rows=104 width=4)
	  Index Cond: ((id >= 4904485) AND (id <= 4904585))

table 4 : explain SELECT id FROM sbtest4 WHERE id BETWEEN 4904485 AND 4904585
	Index Only Scan using sbtest4_pkey on sbtest4  (cost=0.43..6.51 rows=104 width=4)
	  Index Cond: ((id >= 4904485) AND (id <= 4904585))

table 5 : explain SELECT id FROM sbtest5 WHERE id BETWEEN 4904485 AND 4904585
	Index Only Scan using sbtest5_pkey on sbtest5  (cost=0.43..6.17 rows=87 width=4)
	  Index Cond: ((id >= 4904485) AND (id <= 4904585))

table 6 : explain SELECT id FROM sbtest6 WHERE id BETWEEN 4904485 AND 4904585
	Index Only Scan using sbtest6_pkey on sbtest6  (cost=0.43..6.27 rows=92 width=4)
	  Index Cond: ((id >= 4904485) AND (id <= 4904585))

table 7 : explain SELECT id FROM sbtest7 WHERE id BETWEEN 4904485 AND 4904585
	Index Only Scan using sbtest7_pkey on sbtest7  (cost=0.43..6.43 rows=100 width=4)
	  Index Cond: ((id >= 4904485) AND (id <= 4904585))

table 8 : explain SELECT id FROM sbtest8 WHERE id BETWEEN 4904485 AND 4904585
	Index Only Scan using sbtest8_pkey on sbtest8  (cost=0.43..6.43 rows=100 width=4)
	  Index Cond: ((id >= 4904485) AND (id <= 4904585))

for range-covered
table 1 : explain SELECT id FROM sbtest1 WHERE id BETWEEN 7419983 AND 7420083
	Index Only Scan using sbtest1_pkey on sbtest1  (cost=0.43..6.43 rows=100 width=4)
	  Index Cond: ((id >= 7419983) AND (id <= 7420083))

table 2 : explain SELECT id FROM sbtest2 WHERE id BETWEEN 7419983 AND 7420083
	Index Only Scan using sbtest2_pkey on sbtest2  (cost=0.43..6.53 rows=105 width=4)
	  Index Cond: ((id >= 7419983) AND (id <= 7420083))

table 3 : explain SELECT id FROM sbtest3 WHERE id BETWEEN 7419983 AND 7420083
	Index Only Scan using sbtest3_pkey on sbtest3  (cost=0.43..6.47 rows=102 width=4)
	  Index Cond: ((id >= 7419983) AND (id <= 7420083))

table 4 : explain SELECT id FROM sbtest4 WHERE id BETWEEN 7419983 AND 7420083
	Index Only Scan using sbtest4_pkey on sbtest4  (cost=0.43..6.51 rows=104 width=4)
	  Index Cond: ((id >= 7419983) AND (id <= 7420083))

table 5 : explain SELECT id FROM sbtest5 WHERE id BETWEEN 7419983 AND 7420083
	Index Only Scan using sbtest5_pkey on sbtest5  (cost=0.43..6.25 rows=91 width=4)
	  Index Cond: ((id >= 7419983) AND (id <= 7420083))

table 6 : explain SELECT id FROM sbtest6 WHERE id BETWEEN 7419983 AND 7420083
	Index Only Scan using sbtest6_pkey on sbtest6  (cost=0.43..6.42 rows=99 width=4)
	  Index Cond: ((id >= 7419983) AND (id <= 7420083))

table 7 : explain SELECT id FROM sbtest7 WHERE id BETWEEN 7419983 AND 7420083
	Index Only Scan using sbtest7_pkey on sbtest7  (cost=0.43..6.87 rows=122 width=4)
	  Index Cond: ((id >= 7419983) AND (id <= 7420083))

table 8 : explain SELECT id FROM sbtest8 WHERE id BETWEEN 7419983 AND 7420083
	Index Only Scan using sbtest8_pkey on sbtest8  (cost=0.43..6.43 rows=100 width=4)
	  Index Cond: ((id >= 7419983) AND (id <= 7420083))

explain: for range-covered :: explain SELECT id FROM sbtest%d WHERE id BETWEEN 4904485 AND 4904585
explain: for range-covered :: explain SELECT id FROM sbtest%d WHERE id BETWEEN 7419983 AND 7420083
for range-covered
table 1 : explain SELECT id FROM sbtest1 WHERE id BETWEEN 3943718 AND 3943818
	Index Only Scan using sbtest1_pkey on sbtest1  (cost=0.43..6.42 rows=99 width=4)
	  Index Cond: ((id >= 3943718) AND (id <= 3943818))

table 2 : explain SELECT id FROM sbtest2 WHERE id BETWEEN 3943718 AND 3943818
	Index Only Scan using sbtest2_pkey on sbtest2  (cost=0.43..6.50 rows=103 width=4)
	  Index Cond: ((id >= 3943718) AND (id <= 3943818))

table 3 : explain SELECT id FROM sbtest3 WHERE id BETWEEN 3943718 AND 3943818
	Index Only Scan using sbtest3_pkey on sbtest3  (cost=0.43..6.43 rows=100 width=4)
	  Index Cond: ((id >= 3943718) AND (id <= 3943818))

table 4 : explain SELECT id FROM sbtest4 WHERE id BETWEEN 3943718 AND 3943818
	Index Only Scan using sbtest4_pkey on sbtest4  (cost=0.43..6.67 rows=112 width=4)
	  Index Cond: ((id >= 3943718) AND (id <= 3943818))

table 5 : explain SELECT id FROM sbtest5 WHERE id BETWEEN 3943718 AND 3943818
	Index Only Scan using sbtest5_pkey on sbtest5  (cost=0.43..6.35 rows=96 width=4)
	  Index Cond: ((id >= 3943718) AND (id <= 3943818))

table 6 : explain SELECT id FROM sbtest6 WHERE id BETWEEN 3943718 AND 3943818
	Index Only Scan using sbtest6_pkey on sbtest6  (cost=0.43..6.63 rows=110 width=4)
	  Index Cond: ((id >= 3943718) AND (id <= 3943818))

table 7 : explain SELECT id FROM sbtest7 WHERE id BETWEEN 3943718 AND 3943818
	Index Only Scan using sbtest7_pkey on sbtest7  (cost=0.43..6.50 rows=103 width=4)
	  Index Cond: ((id >= 3943718) AND (id <= 3943818))

table 8 : explain SELECT id FROM sbtest8 WHERE id BETWEEN 3943718 AND 3943818
	Index Only Scan using sbtest8_pkey on sbtest8  (cost=0.43..6.42 rows=99 width=4)
	  Index Cond: ((id >= 3943718) AND (id <= 3943818))

for range-covered
table 1 : explain SELECT id FROM sbtest1 WHERE id BETWEEN 5537565 AND 5537665
	Index Only Scan using sbtest1_pkey on sbtest1  (cost=0.43..6.27 rows=92 width=4)
	  Index Cond: ((id >= 5537565) AND (id <= 5537665))

table 2 : explain SELECT id FROM sbtest2 WHERE id BETWEEN 5537565 AND 5537665
	Index Only Scan using sbtest2_pkey on sbtest2  (cost=0.43..6.42 rows=99 width=4)
	  Index Cond: ((id >= 5537565) AND (id <= 5537665))

table 3 : explain SELECT id FROM sbtest3 WHERE id BETWEEN 5537565 AND 5537665
	Index Only Scan using sbtest3_pkey on sbtest3  (cost=0.43..6.35 rows=96 width=4)
	  Index Cond: ((id >= 5537565) AND (id <= 5537665))

table 4 : explain SELECT id FROM sbtest4 WHERE id BETWEEN 5537565 AND 5537665
	Index Only Scan using sbtest4_pkey on sbtest4  (cost=0.43..6.25 rows=91 width=4)
	  Index Cond: ((id >= 5537565) AND (id <= 5537665))

table 5 : explain SELECT id FROM sbtest5 WHERE id BETWEEN 5537565 AND 5537665
	Index Only Scan using sbtest5_pkey on sbtest5  (cost=0.43..6.45 rows=101 width=4)
	  Index Cond: ((id >= 5537565) AND (id <= 5537665))

table 6 : explain SELECT id FROM sbtest6 WHERE id BETWEEN 5537565 AND 5537665
	Index Only Scan using sbtest6_pkey on sbtest6  (cost=0.43..6.58 rows=107 width=4)
	  Index Cond: ((id >= 5537565) AND (id <= 5537665))

table 7 : explain SELECT id FROM sbtest7 WHERE id BETWEEN 5537565 AND 5537665
	Index Only Scan using sbtest7_pkey on sbtest7  (cost=0.43..6.51 rows=104 width=4)
	  Index Cond: ((id >= 5537565) AND (id <= 5537665))

table 8 : explain SELECT id FROM sbtest8 WHERE id BETWEEN 5537565 AND 5537665
	Index Only Scan using sbtest8_pkey on sbtest8  (cost=0.43..6.40 rows=98 width=4)
	  Index Cond: ((id >= 5537565) AND (id <= 5537665))

explain: for range-covered :: explain SELECT id FROM sbtest%d WHERE id BETWEEN 3943718 AND 3943818
explain: for range-covered :: explain SELECT id FROM sbtest%d WHERE id BETWEEN 5537565 AND 5537665
for range-covered
table 1 : explain SELECT id FROM sbtest1 WHERE id BETWEEN 4904485 AND 4904585
	Index Only Scan using sbtest1_pkey on sbtest1  (cost=0.43..6.47 rows=102 width=4)
	  Index Cond: ((id >= 4904485) AND (id <= 4904585))

table 2 : explain SELECT id FROM sbtest2 WHERE id BETWEEN 4904485 AND 4904585
	Index Only Scan using sbtest2_pkey on sbtest2  (cost=0.43..6.50 rows=103 width=4)
	  Index Cond: ((id >= 4904485) AND (id <= 4904585))

table 3 : explain SELECT id FROM sbtest3 WHERE id BETWEEN 4904485 AND 4904585
	Index Only Scan using sbtest3_pkey on sbtest3  (cost=0.43..6.51 rows=104 width=4)
	  Index Cond: ((id >= 4904485) AND (id <= 4904585))

table 4 : explain SELECT id FROM sbtest4 WHERE id BETWEEN 4904485 AND 4904585
	Index Only Scan using sbtest4_pkey on sbtest4  (cost=0.43..6.51 rows=104 width=4)
	  Index Cond: ((id >= 4904485) AND (id <= 4904585))

table 5 : explain SELECT id FROM sbtest5 WHERE id BETWEEN 4904485 AND 4904585
	Index Only Scan using sbtest5_pkey on sbtest5  (cost=0.43..6.17 rows=87 width=4)
	  Index Cond: ((id >= 4904485) AND (id <= 4904585))

table 6 : explain SELECT id FROM sbtest6 WHERE id BETWEEN 4904485 AND 4904585
	Index Only Scan using sbtest6_pkey on sbtest6  (cost=0.43..6.27 rows=92 width=4)
	  Index Cond: ((id >= 4904485) AND (id <= 4904585))

table 7 : explain SELECT id FROM sbtest7 WHERE id BETWEEN 4904485 AND 4904585
	Index Only Scan using sbtest7_pkey on sbtest7  (cost=0.43..6.43 rows=100 width=4)
	  Index Cond: ((id >= 4904485) AND (id <= 4904585))

table 8 : explain SELECT id FROM sbtest8 WHERE id BETWEEN 4904485 AND 4904585
	Index Only Scan using sbtest8_pkey on sbtest8  (cost=0.43..6.43 rows=100 width=4)
	  Index Cond: ((id >= 4904485) AND (id <= 4904585))

explain: for range-covered :: explain SELECT id FROM sbtest%d WHERE id BETWEEN 4904485 AND 4904585
for range-covered
table 1 : explain SELECT id FROM sbtest1 WHERE id BETWEEN 7419983 AND 7420083
	Index Only Scan using sbtest1_pkey on sbtest1  (cost=0.43..6.43 rows=100 width=4)
	  Index Cond: ((id >= 7419983) AND (id <= 7420083))

table 2 : explain SELECT id FROM sbtest2 WHERE id BETWEEN 7419983 AND 7420083
	Index Only Scan using sbtest2_pkey on sbtest2  (cost=0.43..6.53 rows=105 width=4)
	  Index Cond: ((id >= 7419983) AND (id <= 7420083))

table 3 : explain SELECT id FROM sbtest3 WHERE id BETWEEN 7419983 AND 7420083
	Index Only Scan using sbtest3_pkey on sbtest3  (cost=0.43..6.47 rows=102 width=4)
	  Index Cond: ((id >= 7419983) AND (id <= 7420083))

table 4 : explain SELECT id FROM sbtest4 WHERE id BETWEEN 7419983 AND 7420083
	Index Only Scan using sbtest4_pkey on sbtest4  (cost=0.43..6.51 rows=104 width=4)
	  Index Cond: ((id >= 7419983) AND (id <= 7420083))

table 5 : explain SELECT id FROM sbtest5 WHERE id BETWEEN 7419983 AND 7420083
	Index Only Scan using sbtest5_pkey on sbtest5  (cost=0.43..6.25 rows=91 width=4)
	  Index Cond: ((id >= 7419983) AND (id <= 7420083))

table 6 : explain SELECT id FROM sbtest6 WHERE id BETWEEN 7419983 AND 7420083
	Index Only Scan using sbtest6_pkey on sbtest6  (cost=0.43..6.42 rows=99 width=4)
	  Index Cond: ((id >= 7419983) AND (id <= 7420083))

table 7 : explain SELECT id FROM sbtest7 WHERE id BETWEEN 7419983 AND 7420083
	Index Only Scan using sbtest7_pkey on sbtest7  (cost=0.43..6.87 rows=122 width=4)
	  Index Cond: ((id >= 7419983) AND (id <= 7420083))

table 8 : explain SELECT id FROM sbtest8 WHERE id BETWEEN 7419983 AND 7420083
	Index Only Scan using sbtest8_pkey on sbtest8  (cost=0.43..6.43 rows=100 width=4)
	  Index Cond: ((id >= 7419983) AND (id <= 7420083))

explain: for range-covered :: explain SELECT id FROM sbtest%d WHERE id BETWEEN 7419983 AND 7420083
for range-covered
table 1 : explain SELECT id FROM sbtest1 WHERE id BETWEEN 3943718 AND 3943818
	Index Only Scan using sbtest1_pkey on sbtest1  (cost=0.43..6.42 rows=99 width=4)
	  Index Cond: ((id >= 3943718) AND (id <= 3943818))

table 2 : explain SELECT id FROM sbtest2 WHERE id BETWEEN 3943718 AND 3943818
	Index Only Scan using sbtest2_pkey on sbtest2  (cost=0.43..6.50 rows=103 width=4)
	  Index Cond: ((id >= 3943718) AND (id <= 3943818))

table 3 : explain SELECT id FROM sbtest3 WHERE id BETWEEN 3943718 AND 3943818
	Index Only Scan using sbtest3_pkey on sbtest3  (cost=0.43..6.43 rows=100 width=4)
	  Index Cond: ((id >= 3943718) AND (id <= 3943818))

table 4 : explain SELECT id FROM sbtest4 WHERE id BETWEEN 3943718 AND 3943818
	Index Only Scan using sbtest4_pkey on sbtest4  (cost=0.43..6.67 rows=112 width=4)
	  Index Cond: ((id >= 3943718) AND (id <= 3943818))

table 5 : explain SELECT id FROM sbtest5 WHERE id BETWEEN 3943718 AND 3943818
	Index Only Scan using sbtest5_pkey on sbtest5  (cost=0.43..6.35 rows=96 width=4)
	  Index Cond: ((id >= 3943718) AND (id <= 3943818))

table 6 : explain SELECT id FROM sbtest6 WHERE id BETWEEN 3943718 AND 3943818
	Index Only Scan using sbtest6_pkey on sbtest6  (cost=0.43..6.63 rows=110 width=4)
	  Index Cond: ((id >= 3943718) AND (id <= 3943818))

table 7 : explain SELECT id FROM sbtest7 WHERE id BETWEEN 3943718 AND 3943818
	Index Only Scan using sbtest7_pkey on sbtest7  (cost=0.43..6.50 rows=103 width=4)
	  Index Cond: ((id >= 3943718) AND (id <= 3943818))

table 8 : explain SELECT id FROM sbtest8 WHERE id BETWEEN 3943718 AND 3943818
	Index Only Scan using sbtest8_pkey on sbtest8  (cost=0.43..6.42 rows=99 width=4)
	  Index Cond: ((id >= 3943718) AND (id <= 3943818))

for range-covered
table 1 : explain SELECT id FROM sbtest1 WHERE id BETWEEN 5537565 AND 5537665
	Index Only Scan using sbtest1_pkey on sbtest1  (cost=0.43..6.27 rows=92 width=4)
	  Index Cond: ((id >= 5537565) AND (id <= 5537665))

table 2 : explain SELECT id FROM sbtest2 WHERE id BETWEEN 5537565 AND 5537665
	Index Only Scan using sbtest2_pkey on sbtest2  (cost=0.43..6.42 rows=99 width=4)
	  Index Cond: ((id >= 5537565) AND (id <= 5537665))

table 3 : explain SELECT id FROM sbtest3 WHERE id BETWEEN 5537565 AND 5537665
	Index Only Scan using sbtest3_pkey on sbtest3  (cost=0.43..6.35 rows=96 width=4)
	  Index Cond: ((id >= 5537565) AND (id <= 5537665))

table 4 : explain SELECT id FROM sbtest4 WHERE id BETWEEN 5537565 AND 5537665
	Index Only Scan using sbtest4_pkey on sbtest4  (cost=0.43..6.25 rows=91 width=4)
	  Index Cond: ((id >= 5537565) AND (id <= 5537665))

table 5 : explain SELECT id FROM sbtest5 WHERE id BETWEEN 5537565 AND 5537665
	Index Only Scan using sbtest5_pkey on sbtest5  (cost=0.43..6.45 rows=101 width=4)
	  Index Cond: ((id >= 5537565) AND (id <= 5537665))

table 6 : explain SELECT id FROM sbtest6 WHERE id BETWEEN 5537565 AND 5537665
	Index Only Scan using sbtest6_pkey on sbtest6  (cost=0.43..6.58 rows=107 width=4)
	  Index Cond: ((id >= 5537565) AND (id <= 5537665))

table 7 : explain SELECT id FROM sbtest7 WHERE id BETWEEN 5537565 AND 5537665
	Index Only Scan using sbtest7_pkey on sbtest7  (cost=0.43..6.51 rows=104 width=4)
	  Index Cond: ((id >= 5537565) AND (id <= 5537665))

table 8 : explain SELECT id FROM sbtest8 WHERE id BETWEEN 5537565 AND 5537665
	Index Only Scan using sbtest8_pkey on sbtest8  (cost=0.43..6.40 rows=98 width=4)
	  Index Cond: ((id >= 5537565) AND (id <= 5537665))

explain: for range-covered :: explain SELECT id FROM sbtest%d WHERE id BETWEEN 3943718 AND 3943818
explain: for range-covered :: explain SELECT id FROM sbtest%d WHERE id BETWEEN 5537565 AND 5537665
for range-covered
table 1 : explain SELECT id FROM sbtest1 WHERE id BETWEEN 4904485 AND 4904585
	Index Only Scan using sbtest1_pkey on sbtest1  (cost=0.43..6.47 rows=102 width=4)
	  Index Cond: ((id >= 4904485) AND (id <= 4904585))

table 2 : explain SELECT id FROM sbtest2 WHERE id BETWEEN 4904485 AND 4904585
	Index Only Scan using sbtest2_pkey on sbtest2  (cost=0.43..6.50 rows=103 width=4)
	  Index Cond: ((id >= 4904485) AND (id <= 4904585))

table 3 : explain SELECT id FROM sbtest3 WHERE id BETWEEN 4904485 AND 4904585
	Index Only Scan using sbtest3_pkey on sbtest3  (cost=0.43..6.51 rows=104 width=4)
	  Index Cond: ((id >= 4904485) AND (id <= 4904585))

table 4 : explain SELECT id FROM sbtest4 WHERE id BETWEEN 4904485 AND 4904585
	Index Only Scan using sbtest4_pkey on sbtest4  (cost=0.43..6.51 rows=104 width=4)
	  Index Cond: ((id >= 4904485) AND (id <= 4904585))

table 5 : explain SELECT id FROM sbtest5 WHERE id BETWEEN 4904485 AND 4904585
	Index Only Scan using sbtest5_pkey on sbtest5  (cost=0.43..6.17 rows=87 width=4)
	  Index Cond: ((id >= 4904485) AND (id <= 4904585))

table 6 : explain SELECT id FROM sbtest6 WHERE id BETWEEN 4904485 AND 4904585
	Index Only Scan using sbtest6_pkey on sbtest6  (cost=0.43..6.27 rows=92 width=4)
	  Index Cond: ((id >= 4904485) AND (id <= 4904585))

table 7 : explain SELECT id FROM sbtest7 WHERE id BETWEEN 4904485 AND 4904585
	Index Only Scan using sbtest7_pkey on sbtest7  (cost=0.43..6.43 rows=100 width=4)
	  Index Cond: ((id >= 4904485) AND (id <= 4904585))

table 8 : explain SELECT id FROM sbtest8 WHERE id BETWEEN 4904485 AND 4904585
	Index Only Scan using sbtest8_pkey on sbtest8  (cost=0.43..6.43 rows=100 width=4)
	  Index Cond: ((id >= 4904485) AND (id <= 4904585))

explain: for range-covered :: explain SELECT id FROM sbtest%d WHERE id BETWEEN 4904485 AND 4904585
for range-covered
table 1 : explain SELECT id FROM sbtest1 WHERE id BETWEEN 7419983 AND 7420083
	Index Only Scan using sbtest1_pkey on sbtest1  (cost=0.43..6.43 rows=100 width=4)
	  Index Cond: ((id >= 7419983) AND (id <= 7420083))

table 2 : explain SELECT id FROM sbtest2 WHERE id BETWEEN 7419983 AND 7420083
	Index Only Scan using sbtest2_pkey on sbtest2  (cost=0.43..6.53 rows=105 width=4)
	  Index Cond: ((id >= 7419983) AND (id <= 7420083))

table 3 : explain SELECT id FROM sbtest3 WHERE id BETWEEN 7419983 AND 7420083
	Index Only Scan using sbtest3_pkey on sbtest3  (cost=0.43..6.47 rows=102 width=4)
	  Index Cond: ((id >= 7419983) AND (id <= 7420083))

table 4 : explain SELECT id FROM sbtest4 WHERE id BETWEEN 7419983 AND 7420083
	Index Only Scan using sbtest4_pkey on sbtest4  (cost=0.43..6.51 rows=104 width=4)
	  Index Cond: ((id >= 7419983) AND (id <= 7420083))

table 5 : explain SELECT id FROM sbtest5 WHERE id BETWEEN 7419983 AND 7420083
	Index Only Scan using sbtest5_pkey on sbtest5  (cost=0.43..6.25 rows=91 width=4)
	  Index Cond: ((id >= 7419983) AND (id <= 7420083))

table 6 : explain SELECT id FROM sbtest6 WHERE id BETWEEN 7419983 AND 7420083
	Index Only Scan using sbtest6_pkey on sbtest6  (cost=0.43..6.42 rows=99 width=4)
	  Index Cond: ((id >= 7419983) AND (id <= 7420083))

table 7 : explain SELECT id FROM sbtest7 WHERE id BETWEEN 7419983 AND 7420083
	Index Only Scan using sbtest7_pkey on sbtest7  (cost=0.43..6.87 rows=122 width=4)
	  Index Cond: ((id >= 7419983) AND (id <= 7420083))

table 8 : explain SELECT id FROM sbtest8 WHERE id BETWEEN 7419983 AND 7420083
	Index Only Scan using sbtest8_pkey on sbtest8  (cost=0.43..6.43 rows=100 width=4)
	  Index Cond: ((id >= 7419983) AND (id <= 7420083))

explain: for range-covered :: explain SELECT id FROM sbtest%d WHERE id BETWEEN 7419983 AND 7420083
for range-covered
table 1 : explain SELECT id FROM sbtest1 WHERE id BETWEEN 3943718 AND 3943818
	Index Only Scan using sbtest1_pkey on sbtest1  (cost=0.43..6.42 rows=99 width=4)
	  Index Cond: ((id >= 3943718) AND (id <= 3943818))

table 2 : explain SELECT id FROM sbtest2 WHERE id BETWEEN 3943718 AND 3943818
	Index Only Scan using sbtest2_pkey on sbtest2  (cost=0.43..6.50 rows=103 width=4)
	  Index Cond: ((id >= 3943718) AND (id <= 3943818))

table 3 : explain SELECT id FROM sbtest3 WHERE id BETWEEN 3943718 AND 3943818
	Index Only Scan using sbtest3_pkey on sbtest3  (cost=0.43..6.43 rows=100 width=4)
	  Index Cond: ((id >= 3943718) AND (id <= 3943818))

table 4 : explain SELECT id FROM sbtest4 WHERE id BETWEEN 3943718 AND 3943818
	Index Only Scan using sbtest4_pkey on sbtest4  (cost=0.43..6.67 rows=112 width=4)
	  Index Cond: ((id >= 3943718) AND (id <= 3943818))

table 5 : explain SELECT id FROM sbtest5 WHERE id BETWEEN 3943718 AND 3943818
	Index Only Scan using sbtest5_pkey on sbtest5  (cost=0.43..6.35 rows=96 width=4)
	  Index Cond: ((id >= 3943718) AND (id <= 3943818))

table 6 : explain SELECT id FROM sbtest6 WHERE id BETWEEN 3943718 AND 3943818
	Index Only Scan using sbtest6_pkey on sbtest6  (cost=0.43..6.63 rows=110 width=4)
	  Index Cond: ((id >= 3943718) AND (id <= 3943818))

table 7 : explain SELECT id FROM sbtest7 WHERE id BETWEEN 3943718 AND 3943818
	Index Only Scan using sbtest7_pkey on sbtest7  (cost=0.43..6.50 rows=103 width=4)
	  Index Cond: ((id >= 3943718) AND (id <= 3943818))

table 8 : explain SELECT id FROM sbtest8 WHERE id BETWEEN 3943718 AND 3943818
	Index Only Scan using sbtest8_pkey on sbtest8  (cost=0.43..6.42 rows=99 width=4)
	  Index Cond: ((id >= 3943718) AND (id <= 3943818))

for range-covered
table 1 : explain SELECT id FROM sbtest1 WHERE id BETWEEN 5537565 AND 5537665
	Index Only Scan using sbtest1_pkey on sbtest1  (cost=0.43..6.27 rows=92 width=4)
	  Index Cond: ((id >= 5537565) AND (id <= 5537665))

table 2 : explain SELECT id FROM sbtest2 WHERE id BETWEEN 5537565 AND 5537665
	Index Only Scan using sbtest2_pkey on sbtest2  (cost=0.43..6.42 rows=99 width=4)
	  Index Cond: ((id >= 5537565) AND (id <= 5537665))

table 3 : explain SELECT id FROM sbtest3 WHERE id BETWEEN 5537565 AND 5537665
	Index Only Scan using sbtest3_pkey on sbtest3  (cost=0.43..6.35 rows=96 width=4)
	  Index Cond: ((id >= 5537565) AND (id <= 5537665))

table 4 : explain SELECT id FROM sbtest4 WHERE id BETWEEN 5537565 AND 5537665
	Index Only Scan using sbtest4_pkey on sbtest4  (cost=0.43..6.25 rows=91 width=4)
	  Index Cond: ((id >= 5537565) AND (id <= 5537665))

table 5 : explain SELECT id FROM sbtest5 WHERE id BETWEEN 5537565 AND 5537665
	Index Only Scan using sbtest5_pkey on sbtest5  (cost=0.43..6.45 rows=101 width=4)
	  Index Cond: ((id >= 5537565) AND (id <= 5537665))

table 6 : explain SELECT id FROM sbtest6 WHERE id BETWEEN 5537565 AND 5537665
	Index Only Scan using sbtest6_pkey on sbtest6  (cost=0.43..6.58 rows=107 width=4)
	  Index Cond: ((id >= 5537565) AND (id <= 5537665))

table 7 : explain SELECT id FROM sbtest7 WHERE id BETWEEN 5537565 AND 5537665
	Index Only Scan using sbtest7_pkey on sbtest7  (cost=0.43..6.51 rows=104 width=4)
	  Index Cond: ((id >= 5537565) AND (id <= 5537665))

table 8 : explain SELECT id FROM sbtest8 WHERE id BETWEEN 5537565 AND 5537665
	Index Only Scan using sbtest8_pkey on sbtest8  (cost=0.43..6.40 rows=98 width=4)
	  Index Cond: ((id >= 5537565) AND (id <= 5537665))

for range-covered
table 1 : explain SELECT id FROM sbtest1 WHERE id BETWEEN 4904485 AND 4904585
	Index Only Scan using sbtest1_pkey on sbtest1  (cost=0.43..6.47 rows=102 width=4)
	  Index Cond: ((id >= 4904485) AND (id <= 4904585))

table 2 : explain SELECT id FROM sbtest2 WHERE id BETWEEN 4904485 AND 4904585
	Index Only Scan using sbtest2_pkey on sbtest2  (cost=0.43..6.50 rows=103 width=4)
	  Index Cond: ((id >= 4904485) AND (id <= 4904585))

table 3 : explain SELECT id FROM sbtest3 WHERE id BETWEEN 4904485 AND 4904585
	Index Only Scan using sbtest3_pkey on sbtest3  (cost=0.43..6.51 rows=104 width=4)
	  Index Cond: ((id >= 4904485) AND (id <= 4904585))

table 4 : explain SELECT id FROM sbtest4 WHERE id BETWEEN 4904485 AND 4904585
	Index Only Scan using sbtest4_pkey on sbtest4  (cost=0.43..6.51 rows=104 width=4)
	  Index Cond: ((id >= 4904485) AND (id <= 4904585))

table 5 : explain SELECT id FROM sbtest5 WHERE id BETWEEN 4904485 AND 4904585
	Index Only Scan using sbtest5_pkey on sbtest5  (cost=0.43..6.17 rows=87 width=4)
	  Index Cond: ((id >= 4904485) AND (id <= 4904585))

table 6 : explain SELECT id FROM sbtest6 WHERE id BETWEEN 4904485 AND 4904585
	Index Only Scan using sbtest6_pkey on sbtest6  (cost=0.43..6.27 rows=92 width=4)
	  Index Cond: ((id >= 4904485) AND (id <= 4904585))

table 7 : explain SELECT id FROM sbtest7 WHERE id BETWEEN 4904485 AND 4904585
	Index Only Scan using sbtest7_pkey on sbtest7  (cost=0.43..6.43 rows=100 width=4)
	  Index Cond: ((id >= 4904485) AND (id <= 4904585))

table 8 : explain SELECT id FROM sbtest8 WHERE id BETWEEN 4904485 AND 4904585
	Index Only Scan using sbtest8_pkey on sbtest8  (cost=0.43..6.43 rows=100 width=4)
	  Index Cond: ((id >= 4904485) AND (id <= 4904585))

explain: for range-covered :: explain SELECT id FROM sbtest%d WHERE id BETWEEN 4904485 AND 4904585
for range-covered
table 1 : explain SELECT id FROM sbtest1 WHERE id BETWEEN 7419983 AND 7420083
	Index Only Scan using sbtest1_pkey on sbtest1  (cost=0.43..6.43 rows=100 width=4)
	  Index Cond: ((id >= 7419983) AND (id <= 7420083))

table 2 : explain SELECT id FROM sbtest2 WHERE id BETWEEN 7419983 AND 7420083
	Index Only Scan using sbtest2_pkey on sbtest2  (cost=0.43..6.53 rows=105 width=4)
	  Index Cond: ((id >= 7419983) AND (id <= 7420083))

table 3 : explain SELECT id FROM sbtest3 WHERE id BETWEEN 7419983 AND 7420083
	Index Only Scan using sbtest3_pkey on sbtest3  (cost=0.43..6.47 rows=102 width=4)
	  Index Cond: ((id >= 7419983) AND (id <= 7420083))

table 4 : explain SELECT id FROM sbtest4 WHERE id BETWEEN 7419983 AND 7420083
	Index Only Scan using sbtest4_pkey on sbtest4  (cost=0.43..6.51 rows=104 width=4)
	  Index Cond: ((id >= 7419983) AND (id <= 7420083))

table 5 : explain SELECT id FROM sbtest5 WHERE id BETWEEN 7419983 AND 7420083
	Index Only Scan using sbtest5_pkey on sbtest5  (cost=0.43..6.25 rows=91 width=4)
	  Index Cond: ((id >= 7419983) AND (id <= 7420083))

table 6 : explain SELECT id FROM sbtest6 WHERE id BETWEEN 7419983 AND 7420083
	Index Only Scan using sbtest6_pkey on sbtest6  (cost=0.43..6.42 rows=99 width=4)
	  Index Cond: ((id >= 7419983) AND (id <= 7420083))

table 7 : explain SELECT id FROM sbtest7 WHERE id BETWEEN 7419983 AND 7420083
	Index Only Scan using sbtest7_pkey on sbtest7  (cost=0.43..6.87 rows=122 width=4)
	  Index Cond: ((id >= 7419983) AND (id <= 7420083))

table 8 : explain SELECT id FROM sbtest8 WHERE id BETWEEN 7419983 AND 7420083
	Index Only Scan using sbtest8_pkey on sbtest8  (cost=0.43..6.43 rows=100 width=4)
	  Index Cond: ((id >= 7419983) AND (id <= 7420083))

for range-covered
table 1 : explain SELECT id FROM sbtest1 WHERE id BETWEEN 4904485 AND 4904585
	Index Only Scan using sbtest1_pkey on sbtest1  (cost=0.43..6.47 rows=102 width=4)
	  Index Cond: ((id >= 4904485) AND (id <= 4904585))

table 2 : explain SELECT id FROM sbtest2 WHERE id BETWEEN 4904485 AND 4904585
	Index Only Scan using sbtest2_pkey on sbtest2  (cost=0.43..6.50 rows=103 width=4)
	  Index Cond: ((id >= 4904485) AND (id <= 4904585))

table 3 : explain SELECT id FROM sbtest3 WHERE id BETWEEN 4904485 AND 4904585
	Index Only Scan using sbtest3_pkey on sbtest3  (cost=0.43..6.51 rows=104 width=4)
	  Index Cond: ((id >= 4904485) AND (id <= 4904585))

table 4 : explain SELECT id FROM sbtest4 WHERE id BETWEEN 4904485 AND 4904585
	Index Only Scan using sbtest4_pkey on sbtest4  (cost=0.43..6.51 rows=104 width=4)
	  Index Cond: ((id >= 4904485) AND (id <= 4904585))

table 5 : explain SELECT id FROM sbtest5 WHERE id BETWEEN 4904485 AND 4904585
	Index Only Scan using sbtest5_pkey on sbtest5  (cost=0.43..6.17 rows=87 width=4)
	  Index Cond: ((id >= 4904485) AND (id <= 4904585))

table 6 : explain SELECT id FROM sbtest6 WHERE id BETWEEN 4904485 AND 4904585
	Index Only Scan using sbtest6_pkey on sbtest6  (cost=0.43..6.27 rows=92 width=4)
	  Index Cond: ((id >= 4904485) AND (id <= 4904585))

table 7 : explain SELECT id FROM sbtest7 WHERE id BETWEEN 4904485 AND 4904585
	Index Only Scan using sbtest7_pkey on sbtest7  (cost=0.43..6.43 rows=100 width=4)
	  Index Cond: ((id >= 4904485) AND (id <= 4904585))

table 8 : explain SELECT id FROM sbtest8 WHERE id BETWEEN 4904485 AND 4904585
	Index Only Scan using sbtest8_pkey on sbtest8  (cost=0.43..6.43 rows=100 width=4)
	  Index Cond: ((id >= 4904485) AND (id <= 4904585))

explain: for range-covered :: explain SELECT id FROM sbtest%d WHERE id BETWEEN 4904485 AND 4904585
for range-covered
table 1 : explain SELECT id FROM sbtest1 WHERE id BETWEEN 4904485 AND 4904585
	Index Only Scan using sbtest1_pkey on sbtest1  (cost=0.43..6.47 rows=102 width=4)
	  Index Cond: ((id >= 4904485) AND (id <= 4904585))

table 2 : explain SELECT id FROM sbtest2 WHERE id BETWEEN 4904485 AND 4904585
	Index Only Scan using sbtest2_pkey on sbtest2  (cost=0.43..6.50 rows=103 width=4)
	  Index Cond: ((id >= 4904485) AND (id <= 4904585))

table 3 : explain SELECT id FROM sbtest3 WHERE id BETWEEN 4904485 AND 4904585
	Index Only Scan using sbtest3_pkey on sbtest3  (cost=0.43..6.51 rows=104 width=4)
	  Index Cond: ((id >= 4904485) AND (id <= 4904585))

table 4 : explain SELECT id FROM sbtest4 WHERE id BETWEEN 4904485 AND 4904585
	Index Only Scan using sbtest4_pkey on sbtest4  (cost=0.43..6.51 rows=104 width=4)
	  Index Cond: ((id >= 4904485) AND (id <= 4904585))

table 5 : explain SELECT id FROM sbtest5 WHERE id BETWEEN 4904485 AND 4904585
	Index Only Scan using sbtest5_pkey on sbtest5  (cost=0.43..6.17 rows=87 width=4)
	  Index Cond: ((id >= 4904485) AND (id <= 4904585))

table 6 : explain SELECT id FROM sbtest6 WHERE id BETWEEN 4904485 AND 4904585
	Index Only Scan using sbtest6_pkey on sbtest6  (cost=0.43..6.27 rows=92 width=4)
	  Index Cond: ((id >= 4904485) AND (id <= 4904585))

table 7 : explain SELECT id FROM sbtest7 WHERE id BETWEEN 4904485 AND 4904585
	Index Only Scan using sbtest7_pkey on sbtest7  (cost=0.43..6.43 rows=100 width=4)
	  Index Cond: ((id >= 4904485) AND (id <= 4904585))

table 8 : explain SELECT id FROM sbtest8 WHERE id BETWEEN 4904485 AND 4904585
	Index Only Scan using sbtest8_pkey on sbtest8  (cost=0.43..6.43 rows=100 width=4)
	  Index Cond: ((id >= 4904485) AND (id <= 4904585))

Threads started!

Warming up for 5 seconds...

SQL statistics:
    queries performed:
        read:                            249023091
        write:                           0
        other:                           0
        total:                           249023091
    transactions:                        249023091 (395271.13 per sec.)
    queries:                             249023091 (395271.13 per sec.)
    ignored errors:                      0      (0.00 per sec.)
    reconnects:                          0      (0.00 per sec.)

Throughput:
    events/s (eps):                      395271.1314
    time elapsed:                        630.0059s
    total number of events:              249023091

Latency (ms):
         min:                                    0.07
         avg:                                    0.10
         max:                                   24.11
         95th percentile:                        0.11
         sum:                             25117956.28

Threads fairness:
    events (avg/stddev):           6225571.6250/31148.87
    execution time (avg/stddev):   627.9489/0.11

