LUA_PATH=/home/mdcallag/git/mytools/bench/sysbench.lua/lua/?.lua /home/mdcallag/git/mytools/bench/sysbench.lua/lua/sysbench --db-driver=pgsql --range-size=1000 --table-size=10000000 --tables=8 --threads=40 --events=0 --warmup-time=5 --time=630 --pgsql_conn_id=true /home/mdcallag/git/mytools/bench/sysbench.lua/lua/oltp_read_only.lua run --pgsql-user=root --pgsql-password=pw --pgsql-host=127.0.0.1 --pgsql-db=ib --rand-type=uniform --simple-ranges=0 --sum-ranges=0 --order-ranges=1 --distinct-ranges=0
48 CPUs
sysbench 1.1.0-9072687 (using bundled LuaJIT 2.1.0-beta3)

Running the test with following options:
Number of threads: 40
Warmup time: 5s
Initializing random number generator from current time


Initializing worker threads...

explain: for point_selects :: explain SELECT c FROM sbtest%u WHERE id=%u
for point_selects
table 1 : explain SELECT c FROM sbtest1 WHERE id=239460
	Index Scan using sbtest1_pkey on sbtest1  (cost=0.43..8.45 rows=1 width=121)
	  Index Cond: (id = 239460)

table 2 : explain SELECT c FROM sbtest2 WHERE id=7000270
	Index Scan using sbtest2_pkey on sbtest2  (cost=0.43..8.45 rows=1 width=121)
	  Index Cond: (id = 7000270)

table 3 : explain SELECT c FROM sbtest3 WHERE id=2810599
	Index Scan using sbtest3_pkey on sbtest3  (cost=0.43..8.45 rows=1 width=121)
	  Index Cond: (id = 2810599)

table 4 : explain SELECT c FROM sbtest4 WHERE id=705014
	Index Scan using sbtest4_pkey on sbtest4  (cost=0.43..8.45 rows=1 width=121)
	  Index Cond: (id = 705014)

table 5 : explain SELECT c FROM sbtest5 WHERE id=9634380
	Index Scan using sbtest5_pkey on sbtest5  (cost=0.43..8.45 rows=1 width=121)
	  Index Cond: (id = 9634380)

table 6 : explain SELECT c FROM sbtest6 WHERE id=3164154
	Index Scan using sbtest6_pkey on sbtest6  (cost=0.43..8.45 rows=1 width=121)
	  Index Cond: (id = 3164154)

table 7 : explain SELECT c FROM sbtest7 WHERE id=5202031
	Index Scan using sbtest7_pkey on sbtest7  (cost=0.43..8.45 rows=1 width=121)
	  Index Cond: (id = 5202031)

table 8 : explain SELECT c FROM sbtest8 WHERE id=2578976
	Index Scan using sbtest8_pkey on sbtest8  (cost=0.43..8.45 rows=1 width=121)
	  Index Cond: (id = 2578976)

explain: for point_selects :: explain SELECT c FROM sbtest%u WHERE id=%u
explain: for point_selects :: explain SELECT c FROM sbtest%u WHERE id=%u
explain: for point_selects :: explain SELECT c FROM sbtest%u WHERE id=%u
explain: for point_selects :: explain SELECT c FROM sbtest%u WHERE id=%u
explain: for point_selects :: explain SELECT c FROM sbtest%u WHERE id=%u
for: simple_ranges
table 1 : explain SELECT c FROM sbtest1 WHERE id BETWEEN 8458084 AND 8459083
	Bitmap Heap Scan on sbtest1  (cost=22.95..3958.53 rows=1026 width=121)
	  Recheck Cond: ((id >= 8458084) AND (id <= 8459083))
	  ->  Bitmap Index Scan on sbtest1_pkey  (cost=0.00..22.69 rows=1026 width=0)
	        Index Cond: ((id >= 8458084) AND (id <= 8459083))

table 2 : explain SELECT c FROM sbtest2 WHERE id BETWEEN 7011692 AND 7012691
	Bitmap Heap Scan on sbtest2  (cost=22.53..3805.08 rows=985 width=121)
	  Recheck Cond: ((id >= 7011692) AND (id <= 7012691))
	  ->  Bitmap Index Scan on sbtest2_pkey  (cost=0.00..22.29 rows=985 width=0)
	        Index Cond: ((id >= 7011692) AND (id <= 7012691))

table 3 : explain SELECT c FROM sbtest3 WHERE id BETWEEN 5663455 AND 5664454
	Bitmap Heap Scan on sbtest3  (cost=23.07..4002.78 rows=1038 width=121)
	  Recheck Cond: ((id >= 5663455) AND (id <= 5664454))
	  ->  Bitmap Index Scan on sbtest3_pkey  (cost=0.00..22.82 rows=1038 width=0)
	        Index Cond: ((id >= 5663455) AND (id <= 5664454))

table 4 : explain SELECT c FROM sbtest4 WHERE id BETWEEN 9917510 AND 9918509
	Bitmap Heap Scan on sbtest4  (cost=22.04..3623.14 rows=937 width=121)
	  Recheck Cond: ((id >= 9917510) AND (id <= 9918509))
	  ->  Bitmap Index Scan on sbtest4_pkey  (cost=0.00..21.80 rows=937 width=0)
	        Index Cond: ((id >= 9917510) AND (id <= 9918509))

table 5 : explain SELECT c FROM sbtest5 WHERE id BETWEEN 2822741 AND 2823740
	Bitmap Heap Scan on sbtest5  (cost=22.34..3733.45 rows=966 width=121)
	  Recheck Cond: ((id >= 2822741) AND (id <= 2823740))
	  ->  Bitmap Index Scan on sbtest5_pkey  (cost=0.00..22.09 rows=966 width=0)
	        Index Cond: ((id >= 2822741) AND (id <= 2823740))

table 6 : explain SELECT c FROM sbtest6 WHERE id BETWEEN 3658118 AND 3659117
	Bitmap Heap Scan on sbtest6  (cost=23.19..4045.22 rows=1049 width=121)
	  Recheck Cond: ((id >= 3658118) AND (id <= 3659117))
	  ->  Bitmap Index Scan on sbtest6_pkey  (cost=0.00..22.93 rows=1049 width=0)
	        Index Cond: ((id >= 3658118) AND (id <= 3659117))

table 7 : explain SELECT c FROM sbtest7 WHERE id BETWEEN 8071203 AND 8072202
	Bitmap Heap Scan on sbtest7  (cost=22.55..3811.85 rows=987 width=121)
	  Recheck Cond: ((id >= 8071203) AND (id <= 8072202))
	  ->  Bitmap Index Scan on sbtest7_pkey  (cost=0.00..22.30 rows=987 width=0)
	        Index Cond: ((id >= 8071203) AND (id <= 8072202))

table 8 : explain SELECT c FROM sbtest8 WHERE id BETWEEN 6114231 AND 6115230
	Bitmap Heap Scan on sbtest8  (cost=23.41..4128.18 rows=1071 width=121)
	  Recheck Cond: ((id >= 6114231) AND (id <= 6115230))
	  ->  Bitmap Index Scan on sbtest8_pkey  (cost=0.00..23.14 rows=1071 width=0)
	        Index Cond: ((id >= 6114231) AND (id <= 6115230))

explain: for point_selects :: explain SELECT c FROM sbtest%u WHERE id=%u
for point_selects
table 1 : explain SELECT c FROM sbtest1 WHERE id=6895382
	Index Scan using sbtest1_pkey on sbtest1  (cost=0.43..8.45 rows=1 width=121)
	  Index Cond: (id = 6895382)

table 2 : explain SELECT c FROM sbtest2 WHERE id=1064890
	Index Scan using sbtest2_pkey on sbtest2  (cost=0.43..8.45 rows=1 width=121)
	  Index Cond: (id = 1064890)

table 3 : explain SELECT c FROM sbtest3 WHERE id=8595769
	Index Scan using sbtest3_pkey on sbtest3  (cost=0.43..8.45 rows=1 width=121)
	  Index Cond: (id = 8595769)

table 4 : explain SELECT c FROM sbtest4 WHERE id=2520334
	Index Scan using sbtest4_pkey on sbtest4  (cost=0.43..8.45 rows=1 width=121)
	  Index Cond: (id = 2520334)

table 5 : explain SELECT c FROM sbtest5 WHERE id=6016509
	Index Scan using sbtest5_pkey on sbtest5  (cost=0.43..8.45 rows=1 width=121)
	  Index Cond: (id = 6016509)

table 6 : explain SELECT c FROM sbtest6 WHERE id=2770024
	Index Scan using sbtest6_pkey on sbtest6  (cost=0.43..8.45 rows=1 width=121)
	  Index Cond: (id = 2770024)

table 7 : explain SELECT c FROM sbtest7 WHERE id=3749235
	Index Scan using sbtest7_pkey on sbtest7  (cost=0.43..8.45 rows=1 width=121)
	  Index Cond: (id = 3749235)

table 8 : explain SELECT c FROM sbtest8 WHERE id=2285887
	Index Scan using sbtest8_pkey on sbtest8  (cost=0.43..8.45 rows=1 width=121)
	  Index Cond: (id = 2285887)

for point_selects
table 1 : explain SELECT c FROM sbtest1 WHERE id=7291112
	Index Scan using sbtest1_pkey on sbtest1  (cost=0.43..8.45 rows=1 width=121)
	  Index Cond: (id = 7291112)

table 2 : explain SELECT c FROM sbtest2 WHERE id=2891132
	Index Scan using sbtest2_pkey on sbtest2  (cost=0.43..8.45 rows=1 width=121)
	  Index Cond: (id = 2891132)

table 3 : explain SELECT c FROM sbtest3 WHERE id=8027270
	Index Scan using sbtest3_pkey on sbtest3  (cost=0.43..8.45 rows=1 width=121)
	  Index Cond: (id = 8027270)

table 4 : explain SELECT c FROM sbtest4 WHERE id=882427
	Index Scan using sbtest4_pkey on sbtest4  (cost=0.43..8.45 rows=1 width=121)
	  Index Cond: (id = 882427)

table 5 : explain SELECT c FROM sbtest5 WHERE id=3248573
	Index Scan using sbtest5_pkey on sbtest5  (cost=0.43..8.45 rows=1 width=121)
	  Index Cond: (id = 3248573)

table 6 : explain SELECT c FROM sbtest6 WHERE id=433980
	Index Scan using sbtest6_pkey on sbtest6  (cost=0.43..8.45 rows=1 width=121)
	  Index Cond: (id = 433980)

table 7 : explain SELECT c FROM sbtest7 WHERE id=8669494
	Index Scan using sbtest7_pkey on sbtest7  (cost=0.43..8.45 rows=1 width=121)
	  Index Cond: (id = 8669494)

table 8 : explain SELECT c FROM sbtest8 WHERE id=2132791
	Index Scan using sbtest8_pkey on sbtest8  (cost=0.43..8.45 rows=1 width=121)
	  Index Cond: (id = 2132791)
for point_selects
table 1 : explain SELECT c FROM sbtest1 WHERE id=9122905
	Index Scan using sbtest1_pkey on sbtest1  (cost=0.43..8.45 rows=1 width=121)
	  Index Cond: (id = 9122905)

table 2 : explain SELECT c FROM sbtest2 WHERE id=5091890
	Index Scan using sbtest2_pkey on sbtest2  (cost=0.43..8.45 rows=1 width=121)
	  Index Cond: (id = 5091890)

table 3 : explain SELECT c FROM sbtest3 WHERE id=7287616
	Index Scan using sbtest3_pkey on sbtest3  (cost=0.43..8.45 rows=1 width=121)
	  Index Cond: (id = 7287616)

table 4 : explain SELECT c FROM sbtest4 WHERE id=7146471
	Index Scan using sbtest4_pkey on sbtest4  (cost=0.43..8.45 rows=1 width=121)
	  Index Cond: (id = 7146471)

table 5 : explain SELECT c FROM sbtest5 WHERE id=9630253
	Index Scan using sbtest5_pkey on sbtest5  (cost=0.43..8.45 rows=1 width=121)
	  Index Cond: (id = 9630253)

table 6 : explain SELECT c FROM sbtest6 WHERE id=3256668
	Index Scan using sbtest6_pkey on sbtest6  (cost=0.43..8.45 rows=1 width=121)
	  Index Cond: (id = 3256668)

table 7 : explain SELECT c FROM sbtest7 WHERE id=1392629
	Index Scan using sbtest7_pkey on sbtest7  (cost=0.43..8.45 rows=1 width=121)
	  Index Cond: (id = 1392629)

table 8 : explain SELECT c FROM sbtest8 WHERE id=8693611
	Index Scan using sbtest8_pkey on sbtest8  (cost=0.43..8.45 rows=1 width=121)
	  Index Cond: (id = 8693611)


for point_selects
table 1 : explain SELECT c FROM sbtest1 WHERE id=7392449
	Index Scan using sbtest1_pkey on sbtest1  (cost=0.43..8.45 rows=1 width=121)
	  Index Cond: (id = 7392449)

table 2 : explain SELECT c FROM sbtest2 WHERE id=1141121
	Index Scan using sbtest2_pkey on sbtest2  (cost=0.43..8.45 rows=1 width=121)
	  Index Cond: (id = 1141121)

table 3 : explain SELECT c FROM sbtest3 WHERE id=4330383
	Index Scan using sbtest3_pkey on sbtest3  (cost=0.43..8.45 rows=1 width=121)
	  Index Cond: (id = 4330383)

table 4 : explain SELECT c FROM sbtest4 WHERE id=4130336
	Index Scan using sbtest4_pkey on sbtest4  (cost=0.43..8.45 rows=1 width=121)
	  Index Cond: (id = 4130336)

table 5 : explain SELECT c FROM sbtest5 WHERE id=7452726
	Index Scan using sbtest5_pkey on sbtest5  (cost=0.43..8.45 rows=1 width=121)
	  Index Cond: (id = 7452726)

table 6 : explain SELECT c FROM sbtest6 WHERE id=4203855
	Index Scan using sbtest6_pkey on sbtest6  (cost=0.43..8.45 rows=1 width=121)
	  Index Cond: (id = 4203855)

table 7 : explain SELECT c FROM sbtest7 WHERE id=9643118
	Index Scan using sbtest7_pkey on sbtest7  (cost=0.43..8.45 rows=1 width=121)
	  Index Cond: (id = 9643118)

table 8 : explain SELECT c FROM sbtest8 WHERE id=5750461
	Index Scan using sbtest8_pkey on sbtest8  (cost=0.43..8.45 rows=1 width=121)
	  Index Cond: (id = 5750461)

for: simple_ranges
table 1 : explain SELECT c FROM sbtest1 WHERE id BETWEEN 8017964 AND 8018963
	Bitmap Heap Scan on sbtest1  (cost=22.03..3619.41 rows=936 width=121)
	  Recheck Cond: ((id >= 8017964) AND (id <= 8018963))
	  ->  Bitmap Index Scan on sbtest1_pkey  (cost=0.00..21.79 rows=936 width=0)
	        Index Cond: ((id >= 8017964) AND (id <= 8018963))

table 2 : explain SELECT c FROM sbtest2 WHERE id BETWEEN 9387955 AND 9388954
	Bitmap Heap Scan on sbtest2  (cost=22.11..3650.45 rows=944 width=121)
	  Recheck Cond: ((id >= 9387955) AND (id <= 9388954))
	  ->  Bitmap Index Scan on sbtest2_pkey  (cost=0.00..21.87 rows=944 width=0)
	        Index Cond: ((id >= 9387955) AND (id <= 9388954))

table 3 : explain SELECT c FROM sbtest3 WHERE id BETWEEN 5827012 AND 5828011
	Bitmap Heap Scan on sbtest3  (cost=22.31..3720.47 rows=963 width=121)
	  Recheck Cond: ((id >= 5827012) AND (id <= 5828011))
	  ->  Bitmap Index Scan on sbtest3_pkey  (cost=0.00..22.07 rows=963 width=0)
	        Index Cond: ((id >= 5827012) AND (id <= 5828011))

table 4 : explain SELECT c FROM sbtest4 WHERE id BETWEEN 9940615 AND 9941614
	Bitmap Heap Scan on sbtest4  (cost=22.04..3623.14 rows=937 width=121)
	  Recheck Cond: ((id >= 9940615) AND (id <= 9941614))
	  ->  Bitmap Index Scan on sbtest4_pkey  (cost=0.00..21.80 rows=937 width=0)
	        Index Cond: ((id >= 9940615) AND (id <= 9941614))

table 5 : explain SELECT c FROM sbtest5 WHERE id BETWEEN 357593 AND 358592
	Bitmap Heap Scan on sbtest5  (cost=22.48..3786.24 rows=980 width=121)
	  Recheck Cond: ((id >= 357593) AND (id <= 358592))
	  ->  Bitmap Index Scan on sbtest5_pkey  (cost=0.00..22.23 rows=980 width=0)
	        Index Cond: ((id >= 357593) AND (id <= 358592))

table 6 : explain SELECT c FROM sbtest6 WHERE id BETWEEN 1518192 AND 1519191
	Bitmap Heap Scan on sbtest6  (cost=22.47..3781.74 rows=979 width=121)
	  Recheck Cond: ((id >= 1518192) AND (id <= 1519191))
	  ->  Bitmap Index Scan on sbtest6_pkey  (cost=0.00..22.22 rows=979 width=0)
	        Index Cond: ((id >= 1518192) AND (id <= 1519191))

table 7 : explain SELECT c FROM sbtest7 WHERE id BETWEEN 6413354 AND 6414353
	Bitmap Heap Scan on sbtest7  (cost=28.00..4342.05 rows=1128 width=121)
	  Recheck Cond: ((id >= 6413354) AND (id <= 6414353))
	  ->  Bitmap Index Scan on sbtest7_pkey  (cost=0.00..27.71 rows=1128 width=0)
	        Index Cond: ((id >= 6413354) AND (id <= 6414353))

table 8 : explain SELECT c FROM sbtest8 WHERE id BETWEEN 5069871 AND 5070870
	Bitmap Heap Scan on sbtest8  (cost=22.46..3778.22 rows=978 width=121)
	  Recheck Cond: ((id >= 5069871) AND (id <= 5070870))
	  ->  Bitmap Index Scan on sbtest8_pkey  (cost=0.00..22.21 rows=978 width=0)
	        Index Cond: ((id >= 5069871) AND (id <= 5070870))

for point_selects
table 1 : explain SELECT c FROM sbtest1 WHERE id=9866811
	Index Scan using sbtest1_pkey on sbtest1  (cost=0.43..8.45 rows=1 width=121)
	  Index Cond: (id = 9866811)

table 2 : explain SELECT c FROM sbtest2 WHERE id=748507
	Index Scan using sbtest2_pkey on sbtest2  (cost=0.43..8.45 rows=1 width=121)
	  Index Cond: (id = 748507)

table 3 : explain SELECT c FROM sbtest3 WHERE id=6542241
	Index Scan using sbtest3_pkey on sbtest3  (cost=0.43..8.45 rows=1 width=121)
	  Index Cond: (id = 6542241)

table 4 : explain SELECT c FROM sbtest4 WHERE id=3668500
	Index Scan using sbtest4_pkey on sbtest4  (cost=0.43..8.45 rows=1 width=121)
	  Index Cond: (id = 3668500)

table 5 : explain SELECT c FROM sbtest5 WHERE id=2477114
	Index Scan using sbtest5_pkey on sbtest5  (cost=0.43..8.45 rows=1 width=121)
	  Index Cond: (id = 2477114)

table 6 : explain SELECT c FROM sbtest6 WHERE id=9575396
	Index Scan using sbtest6_pkey on sbtest6  (cost=0.43..8.45 rows=1 width=121)
	  Index Cond: (id = 9575396)

table 7 : explain SELECT c FROM sbtest7 WHERE id=2979552
	Index Scan using sbtest7_pkey on sbtest7  (cost=0.43..8.45 rows=1 width=121)
	  Index Cond: (id = 2979552)

table 8 : explain SELECT c FROM sbtest8 WHERE id=9200592
	Index Scan using sbtest8_pkey on sbtest8  (cost=0.43..8.45 rows=1 width=121)
	  Index Cond: (id = 9200592)

explain: for point_selects :: explain SELECT c FROM sbtest%u WHERE id=%u
explain: for point_selects :: explain SELECT c FROM sbtest%u WHERE id=%u
for: simple_ranges
table 1 : explain SELECT c FROM sbtest1 WHERE id BETWEEN 8962437 AND 8963436
	Bitmap Heap Scan on sbtest1  (cost=22.47..3781.57 rows=979 width=121)
	  Recheck Cond: ((id >= 8962437) AND (id <= 8963436))
	  ->  Bitmap Index Scan on sbtest1_pkey  (cost=0.00..22.22 rows=979 width=0)
	        Index Cond: ((id >= 8962437) AND (id <= 8963436))

table 2 : explain SELECT c FROM sbtest2 WHERE id BETWEEN 8440034 AND 8441033
	Bitmap Heap Scan on sbtest2  (cost=22.49..3790.01 rows=981 width=121)
	  Recheck Cond: ((id >= 8440034) AND (id <= 8441033))
	  ->  Bitmap Index Scan on sbtest2_pkey  (cost=0.00..22.25 rows=981 width=0)
	        Index Cond: ((id >= 8440034) AND (id <= 8441033))

table 3 : explain SELECT c FROM sbtest3 WHERE id BETWEEN 8217438 AND 8218437
	Bitmap Heap Scan on sbtest3  (cost=22.13..3656.38 rows=946 width=121)
	  Recheck Cond: ((id >= 8217438) AND (id <= 8218437))
	  ->  Bitmap Index Scan on sbtest3_pkey  (cost=0.00..21.89 rows=946 width=0)
	        Index Cond: ((id >= 8217438) AND (id <= 8218437))

table 4 : explain SELECT c FROM sbtest4 WHERE id BETWEEN 7285866 AND 7286865
	Bitmap Heap Scan on sbtest4  (cost=22.27..3709.90 rows=960 width=121)
	  Recheck Cond: ((id >= 7285866) AND (id <= 7286865))
	  ->  Bitmap Index Scan on sbtest4_pkey  (cost=0.00..22.04 rows=960 width=0)
	        Index Cond: ((id >= 7285866) AND (id <= 7286865))

table 5 : explain SELECT c FROM sbtest5 WHERE id BETWEEN 2315395 AND 2316394
	Bitmap Heap Scan on sbtest5  (cost=22.41..3759.85 rows=973 width=121)
	  Recheck Cond: ((id >= 2315395) AND (id <= 2316394))
	  ->  Bitmap Index Scan on sbtest5_pkey  (cost=0.00..22.16 rows=973 width=0)
	        Index Cond: ((id >= 2315395) AND (id <= 2316394))

table 6 : explain SELECT c FROM sbtest6 WHERE id BETWEEN 448411 AND 449410
	Bitmap Heap Scan on sbtest6  (cost=21.74..3513.84 rows=908 width=121)
	  Recheck Cond: ((id >= 448411) AND (id <= 449410))
	  ->  Bitmap Index Scan on sbtest6_pkey  (cost=0.00..21.51 rows=908 width=0)
	        Index Cond: ((id >= 448411) AND (id <= 449410))

table 7 : explain SELECT c FROM sbtest7 WHERE id BETWEEN 3714965 AND 3715964
	Bitmap Heap Scan on sbtest7  (cost=22.30..3717.62 rows=962 width=121)
	  Recheck Cond: ((id >= 3714965) AND (id <= 3715964))
	  ->  Bitmap Index Scan on sbtest7_pkey  (cost=0.00..22.05 rows=962 width=0)
	        Index Cond: ((id >= 3714965) AND (id <= 3715964))

table 8 : explain SELECT c FROM sbtest8 WHERE id BETWEEN 7725569 AND 7726568
	Bitmap Heap Scan on sbtest8  (cost=22.45..3774.45 rows=977 width=121)
	  Recheck Cond: ((id >= 7725569) AND (id <= 7726568))
	  ->  Bitmap Index Scan on sbtest8_pkey  (cost=0.00..22.20 rows=977 width=0)
	        Index Cond: ((id >= 7725569) AND (id <= 7726568))

for point_selects
table 1 : explain SELECT c FROM sbtest1 WHERE id=6125263
	Index Scan using sbtest1_pkey on sbtest1  (cost=0.43..8.45 rows=1 width=121)
	  Index Cond: (id = 6125263)

table 2 : explain SELECT c FROM sbtest2 WHERE id=5091906
	Index Scan using sbtest2_pkey on sbtest2  (cost=0.43..8.45 rows=1 width=121)
	  Index Cond: (id = 5091906)

table 3 : explain SELECT c FROM sbtest3 WHERE id=9597826
	Index Scan using sbtest3_pkey on sbtest3  (cost=0.43..8.45 rows=1 width=121)
	  Index Cond: (id = 9597826)

table 4 : explain SELECT c FROM sbtest4 WHERE id=7176506
	Index Scan using sbtest4_pkey on sbtest4  (cost=0.43..8.45 rows=1 width=121)
	  Index Cond: (id = 7176506)

table 5 : explain SELECT c FROM sbtest5 WHERE id=8348905
	Index Scan using sbtest5_pkey on sbtest5  (cost=0.43..8.45 rows=1 width=121)
	  Index Cond: (id = 8348905)

table 6 : explain SELECT c FROM sbtest6 WHERE id=422887
	Index Scan using sbtest6_pkey on sbtest6  (cost=0.43..8.45 rows=1 width=121)
	  Index Cond: (id = 422887)

table 7 : explain SELECT c FROM sbtest7 WHERE id=6330921
	Index Scan using sbtest7_pkey on sbtest7  (cost=0.43..8.45 rows=1 width=121)
	  Index Cond: (id = 6330921)

table 8 : explain SELECT c FROM sbtest8 WHERE id=3905612
	Index Scan using sbtest8_pkey on sbtest8  (cost=0.43..8.45 rows=1 width=121)
	  Index Cond: (id = 3905612)

for: simple_ranges
table 1 : explain SELECT c FROM sbtest1 WHERE id BETWEEN 2732680 AND 2733679
	Bitmap Heap Scan on sbtest1  (cost=22.80..3902.08 rows=1011 width=121)
	  Recheck Cond: ((id >= 2732680) AND (id <= 2733679))
	  ->  Bitmap Index Scan on sbtest1_pkey  (cost=0.00..22.54 rows=1011 width=0)
	        Index Cond: ((id >= 2732680) AND (id <= 2733679))

table 2 : explain SELECT c FROM sbtest2 WHERE id BETWEEN 5240867 AND 5241866
	Bitmap Heap Scan on sbtest2  (cost=23.19..4046.02 rows=1049 width=121)
	  Recheck Cond: ((id >= 5240867) AND (id <= 5241866))
	  ->  Bitmap Index Scan on sbtest2_pkey  (cost=0.00..22.93 rows=1049 width=0)
	        Index Cond: ((id >= 5240867) AND (id <= 5241866))

table 3 : explain SELECT c FROM sbtest3 WHERE id BETWEEN 5974450 AND 5975449
	Bitmap Heap Scan on sbtest3  (cost=22.38..3746.85 rows=970 width=121)
	  Recheck Cond: ((id >= 5974450) AND (id <= 5975449))
	  ->  Bitmap Index Scan on sbtest3_pkey  (cost=0.00..22.14 rows=970 width=0)
	        Index Cond: ((id >= 5974450) AND (id <= 5975449))

table 4 : explain SELECT c FROM sbtest4 WHERE id BETWEEN 6412326 AND 6413325
	Bitmap Heap Scan on sbtest4  (cost=23.13..4022.42 rows=1043 width=121)
	  Recheck Cond: ((id >= 6412326) AND (id <= 6413325))
	  ->  Bitmap Index Scan on sbtest4_pkey  (cost=0.00..22.86 rows=1043 width=0)
	        Index Cond: ((id >= 6412326) AND (id <= 6413325))

table 5 : explain SELECT c FROM sbtest5 WHERE id BETWEEN 8834985 AND 8835984
	Bitmap Heap Scan on sbtest5  (cost=22.09..3642.90 rows=942 width=121)
	  Recheck Cond: ((id >= 8834985) AND (id <= 8835984))
	  ->  Bitmap Index Scan on sbtest5_pkey  (cost=0.00..21.86 rows=942 width=0)
	        Index Cond: ((id >= 8834985) AND (id <= 8835984))

table 6 : explain SELECT c FROM sbtest6 WHERE id BETWEEN 1728559 AND 1729558
	Bitmap Heap Scan on sbtest6  (cost=23.11..4015.14 rows=1041 width=121)
	  Recheck Cond: ((id >= 1728559) AND (id <= 1729558))
	  ->  Bitmap Index Scan on sbtest6_pkey  (cost=0.00..22.84 rows=1041 width=0)
	        Index Cond: ((id >= 1728559) AND (id <= 1729558))

table 7 : explain SELECT c FROM sbtest7 WHERE id BETWEEN 168320 AND 169319
	Bitmap Heap Scan on sbtest7  (cost=21.96..3593.12 rows=929 width=121)
	  Recheck Cond: ((id >= 168320) AND (id <= 169319))
	  ->  Bitmap Index Scan on sbtest7_pkey  (cost=0.00..21.72 rows=929 width=0)
	        Index Cond: ((id >= 168320) AND (id <= 169319))

table 8 : explain SELECT c FROM sbtest8 WHERE id BETWEEN 7572379 AND 7573378
	Bitmap Heap Scan on sbtest8  (cost=22.14..3661.32 rows=947 width=121)
	  Recheck Cond: ((id >= 7572379) AND (id <= 7573378))
	  ->  Bitmap Index Scan on sbtest8_pkey  (cost=0.00..21.90 rows=947 width=0)
	        Index Cond: ((id >= 7572379) AND (id <= 7573378))

for: simple_ranges
table 1 : explain SELECT c FROM sbtest1 WHERE id BETWEEN 7248595 AND 7249594
	Bitmap Heap Scan on sbtest1  (cost=22.55..3811.71 rows=987 width=121)
	  Recheck Cond: ((id >= 7248595) AND (id <= 7249594))
	  ->  Bitmap Index Scan on sbtest1_pkey  (cost=0.00..22.30 rows=987 width=0)
	        Index Cond: ((id >= 7248595) AND (id <= 7249594))

table 2 : explain SELECT c FROM sbtest2 WHERE id BETWEEN 5008942 AND 5009941
	Bitmap Heap Scan on sbtest2  (cost=22.39..3752.31 rows=971 width=121)
	  Recheck Cond: ((id >= 5008942) AND (id <= 5009941))
	  ->  Bitmap Index Scan on sbtest2_pkey  (cost=0.00..22.14 rows=971 width=0)
	        Index Cond: ((id >= 5008942) AND (id <= 5009941))

table 3 : explain SELECT c FROM sbtest3 WHERE id BETWEEN 687635 AND 688634
	Bitmap Heap Scan on sbtest3  (cost=22.24..3697.85 rows=957 width=121)
	  Recheck Cond: ((id >= 687635) AND (id <= 688634))
	  ->  Bitmap Index Scan on sbtest3_pkey  (cost=0.00..22.00 rows=957 width=0)
	        Index Cond: ((id >= 687635) AND (id <= 688634))

table 4 : explain SELECT c FROM sbtest4 WHERE id BETWEEN 2933774 AND 2934773
	Bitmap Heap Scan on sbtest4  (cost=22.10..3645.78 rows=943 width=121)
	  Recheck Cond: ((id >= 2933774) AND (id <= 2934773))
	  ->  Bitmap Index Scan on sbtest4_pkey  (cost=0.00..21.86 rows=943 width=0)
	        Index Cond: ((id >= 2933774) AND (id <= 2934773))

table 5 : explain SELECT c FROM sbtest5 WHERE id BETWEEN 9984842 AND 9985841
	Bitmap Heap Scan on sbtest5  (cost=27.49..4162.78 rows=1079 width=121)
	  Recheck Cond: ((id >= 9984842) AND (id <= 9985841))
	  ->  Bitmap Index Scan on sbtest5_pkey  (cost=0.00..27.22 rows=1079 width=0)
	        Index Cond: ((id >= 9984842) AND (id <= 9985841))

table 6 : explain SELECT c FROM sbtest6 WHERE id BETWEEN 3111586 AND 3112585
	Bitmap Heap Scan on sbtest6  (cost=22.60..3830.72 rows=992 width=121)
	  Recheck Cond: ((id >= 3111586) AND (id <= 3112585))
	  ->  Bitmap Index Scan on sbtest6_pkey  (cost=0.00..22.36 rows=992 width=0)
	        Index Cond: ((id >= 3111586) AND (id <= 3112585))

table 7 : explain SELECT c FROM sbtest7 WHERE id BETWEEN 2254004 AND 2255003
	Bitmap Heap Scan on sbtest7  (cost=23.20..4048.93 rows=1050 width=121)
	  Recheck Cond: ((id >= 2254004) AND (id <= 2255003))
	  ->  Bitmap Index Scan on sbtest7_pkey  (cost=0.00..22.93 rows=1050 width=0)
	        Index Cond: ((id >= 2254004) AND (id <= 2255003))

table 8 : explain SELECT c FROM sbtest8 WHERE id BETWEEN 1966213 AND 1967212
	Bitmap Heap Scan on sbtest8  (cost=22.97..3966.51 rows=1028 width=121)
	  Recheck Cond: ((id >= 1966213) AND (id <= 1967212))
	  ->  Bitmap Index Scan on sbtest8_pkey  (cost=0.00..22.71 rows=1028 width=0)
	        Index Cond: ((id >= 1966213) AND (id <= 1967212))

explain: for point_selects :: explain SELECT c FROM sbtest%u WHERE id=%u
explain: for point_selects :: explain SELECT c FROM sbtest%u WHERE id=%u
for: simple_ranges
table 1 : explain SELECT c FROM sbtest1 WHERE id BETWEEN 6973353 AND 6974352
	Bitmap Heap Scan on sbtest1  (cost=22.85..3920.90 rows=1016 width=121)
	  Recheck Cond: ((id >= 6973353) AND (id <= 6974352))
	  ->  Bitmap Index Scan on sbtest1_pkey  (cost=0.00..22.59 rows=1016 width=0)
	        Index Cond: ((id >= 6973353) AND (id <= 6974352))

table 2 : explain SELECT c FROM sbtest2 WHERE id BETWEEN 7338738 AND 7339737
	Bitmap Heap Scan on sbtest2  (cost=22.22..3691.96 rows=955 width=121)
	  Recheck Cond: ((id >= 7338738) AND (id <= 7339737))
	  ->  Bitmap Index Scan on sbtest2_pkey  (cost=0.00..21.98 rows=955 width=0)
	        Index Cond: ((id >= 7338738) AND (id <= 7339737))

table 3 : explain SELECT c FROM sbtest3 WHERE id BETWEEN 7825753 AND 7826752
	Bitmap Heap Scan on sbtest3  (cost=22.72..3871.13 rows=1003 width=121)
	  Recheck Cond: ((id >= 7825753) AND (id <= 7826752))
	  ->  Bitmap Index Scan on sbtest3_pkey  (cost=0.00..22.46 rows=1003 width=0)
	        Index Cond: ((id >= 7825753) AND (id <= 7826752))

table 4 : explain SELECT c FROM sbtest4 WHERE id BETWEEN 3317618 AND 3318617
	Bitmap Heap Scan on sbtest4  (cost=22.48..3785.29 rows=980 width=121)
	  Recheck Cond: ((id >= 3317618) AND (id <= 3318617))
	  ->  Bitmap Index Scan on sbtest4_pkey  (cost=0.00..22.23 rows=980 width=0)
	        Index Cond: ((id >= 3317618) AND (id <= 3318617))

table 5 : explain SELECT c FROM sbtest5 WHERE id BETWEEN 8843785 AND 8844784
	Bitmap Heap Scan on sbtest5  (cost=22.09..3642.90 rows=942 width=121)
	  Recheck Cond: ((id >= 8843785) AND (id <= 8844784))
	  ->  Bitmap Index Scan on sbtest5_pkey  (cost=0.00..21.86 rows=942 width=0)
	        Index Cond: ((id >= 8843785) AND (id <= 8844784))

table 6 : explain SELECT c FROM sbtest6 WHERE id BETWEEN 4487489 AND 4488488
	Bitmap Heap Scan on sbtest6  (cost=22.72..3872.15 rows=1003 width=121)
	  Recheck Cond: ((id >= 4487489) AND (id <= 4488488))
	  ->  Bitmap Index Scan on sbtest6_pkey  (cost=0.00..22.46 rows=1003 width=0)
	        Index Cond: ((id >= 4487489) AND (id <= 4488488))

table 7 : explain SELECT c FROM sbtest7 WHERE id BETWEEN 68410 AND 69409
	Bitmap Heap Scan on sbtest7  (cost=23.45..4142.88 rows=1075 width=121)
	  Recheck Cond: ((id >= 68410) AND (id <= 69409))
	  ->  Bitmap Index Scan on sbtest7_pkey  (cost=0.00..23.18 rows=1075 width=0)
	        Index Cond: ((id >= 68410) AND (id <= 69409))

table 8 : explain SELECT c FROM sbtest8 WHERE id BETWEEN 5397964 AND 5398963
	Bitmap Heap Scan on sbtest8  (cost=21.97..3597.15 rows=930 width=121)
	  Recheck Cond: ((id >= 5397964) AND (id <= 5398963))
	  ->  Bitmap Index Scan on sbtest8_pkey  (cost=0.00..21.73 rows=930 width=0)
	        Index Cond: ((id >= 5397964) AND (id <= 5398963))

for: simple_ranges
table 1 : explain SELECT c FROM sbtest1 WHERE id BETWEEN 4886048 AND 4887047
	Bitmap Heap Scan on sbtest1  (cost=22.76..3887.03 rows=1007 width=121)
	  Recheck Cond: ((id >= 4886048) AND (id <= 4887047))
	  ->  Bitmap Index Scan on sbtest1_pkey  (cost=0.00..22.50 rows=1007 width=0)
	        Index Cond: ((id >= 4886048) AND (id <= 4887047))

table 2 : explain SELECT c FROM sbtest2 WHERE id BETWEEN 980488 AND 981487
	Bitmap Heap Scan on sbtest2  (cost=23.08..4008.41 rows=1039 width=121)
	  Recheck Cond: ((id >= 980488) AND (id <= 981487))
	  ->  Bitmap Index Scan on sbtest2_pkey  (cost=0.00..22.82 rows=1039 width=0)
	        Index Cond: ((id >= 980488) AND (id <= 981487))

table 3 : explain SELECT c FROM sbtest3 WHERE id BETWEEN 2307352 AND 2308351
	Bitmap Heap Scan on sbtest3  (cost=21.88..3562.05 rows=921 width=121)
	  Recheck Cond: ((id >= 2307352) AND (id <= 2308351))
	  ->  Bitmap Index Scan on sbtest3_pkey  (cost=0.00..21.64 rows=921 width=0)
	        Index Cond: ((id >= 2307352) AND (id <= 2308351))

table 4 : explain SELECT c FROM sbtest4 WHERE id BETWEEN 3162129 AND 3163128
	Bitmap Heap Scan on sbtest4  (cost=23.22..4056.25 rows=1052 width=121)
	  Recheck Cond: ((id >= 3162129) AND (id <= 3163128))
	  ->  Bitmap Index Scan on sbtest4_pkey  (cost=0.00..22.95 rows=1052 width=0)
	        Index Cond: ((id >= 3162129) AND (id <= 3163128))

table 5 : explain SELECT c FROM sbtest5 WHERE id BETWEEN 9679015 AND 9680014
	Bitmap Heap Scan on sbtest5  (cost=26.82..3914.56 rows=1013 width=121)
	  Recheck Cond: ((id >= 9679015) AND (id <= 9680014))
	  ->  Bitmap Index Scan on sbtest5_pkey  (cost=0.00..26.57 rows=1013 width=0)
	        Index Cond: ((id >= 9679015) AND (id <= 9680014))

table 6 : explain SELECT c FROM sbtest6 WHERE id BETWEEN 4563721 AND 4564720
	Bitmap Heap Scan on sbtest6  (cost=22.94..3954.95 rows=1025 width=121)
	  Recheck Cond: ((id >= 4563721) AND (id <= 4564720))
	  ->  Bitmap Index Scan on sbtest6_pkey  (cost=0.00..22.68 rows=1025 width=0)
	        Index Cond: ((id >= 4563721) AND (id <= 4564720))

table 7 : explain SELECT c FROM sbtest7 WHERE id BETWEEN 6403172 AND 6404171
	Bitmap Heap Scan on sbtest7  (cost=28.00..4342.05 rows=1128 width=121)
	  Recheck Cond: ((id >= 6403172) AND (id <= 6404171))
	  ->  Bitmap Index Scan on sbtest7_pkey  (cost=0.00..27.71 rows=1128 width=0)
	        Index Cond: ((id >= 6403172) AND (id <= 6404171))

table 8 : explain SELECT c FROM sbtest8 WHERE id BETWEEN 9838765 AND 9839764
	Bitmap Heap Scan on sbtest8  (cost=22.44..3770.68 rows=976 width=121)
	  Recheck Cond: ((id >= 9838765) AND (id <= 9839764))
	  ->  Bitmap Index Scan on sbtest8_pkey  (cost=0.00..22.19 rows=976 width=0)
	        Index Cond: ((id >= 9838765) AND (id <= 9839764))

explain: for point_selects :: explain SELECT c FROM sbtest%u WHERE id=%u
for point_selects
table 1 : explain SELECT c FROM sbtest1 WHERE id=3946804
	Index Scan using sbtest1_pkey on sbtest1  (cost=0.43..8.45 rows=1 width=121)
	  Index Cond: (id = 3946804)

table 2 : explain SELECT c FROM sbtest2 WHERE id=3384746
	Index Scan using sbtest2_pkey on sbtest2  (cost=0.43..8.45 rows=1 width=121)
	  Index Cond: (id = 3384746)

table 3 : explain SELECT c FROM sbtest3 WHERE id=2699395
	Index Scan using sbtest3_pkey on sbtest3  (cost=0.43..8.45 rows=1 width=121)
	  Index Cond: (id = 2699395)

table 4 : explain SELECT c FROM sbtest4 WHERE id=3317619
	Index Scan using sbtest4_pkey on sbtest4  (cost=0.43..8.45 rows=1 width=121)
	  Index Cond: (id = 3317619)

table 5 : explain SELECT c FROM sbtest5 WHERE id=7489896
	Index Scan using sbtest5_pkey on sbtest5  (cost=0.43..8.45 rows=1 width=121)
	  Index Cond: (id = 7489896)

table 6 : explain SELECT c FROM sbtest6 WHERE id=4697016
	Index Scan using sbtest6_pkey on sbtest6  (cost=0.43..8.45 rows=1 width=121)
	  Index Cond: (id = 4697016)

table 7 : explain SELECT c FROM sbtest7 WHERE id=1053933
	Index Scan using sbtest7_pkey on sbtest7  (cost=0.43..8.45 rows=1 width=121)
	  Index Cond: (id = 1053933)

table 8 : explain SELECT c FROM sbtest8 WHERE id=5931207
	Index Scan using sbtest8_pkey on sbtest8  (cost=0.43..8.45 rows=1 width=121)
	  Index Cond: (id = 5931207)

explain: for point_selects :: explain SELECT c FROM sbtest%u WHERE id=%u
explain: for point_selects :: explain SELECT c FROM sbtest%u WHERE id=%u
for: sum_ranges
table 1 : explain SELECT SUM(k) FROM sbtest1 WHERE id BETWEEN 5746448 AND 5747447
	Aggregate  (cost=3689.71..3689.72 rows=1 width=8)
	  ->  Bitmap Heap Scan on sbtest1  (cost=22.21..3687.32 rows=954 width=4)
	        Recheck Cond: ((id >= 5746448) AND (id <= 5747447))
	        ->  Bitmap Index Scan on sbtest1_pkey  (cost=0.00..21.97 rows=954 width=0)
	              Index Cond: ((id >= 5746448) AND (id <= 5747447))

table 2 : explain SELECT SUM(k) FROM sbtest2 WHERE id BETWEEN 2026775 AND 2027774
	Aggregate  (cost=3720.77..3720.78 rows=1 width=8)
	  ->  Bitmap Heap Scan on sbtest2  (cost=22.30..3718.37 rows=962 width=4)
	        Recheck Cond: ((id >= 2026775) AND (id <= 2027774))
	        ->  Bitmap Index Scan on sbtest2_pkey  (cost=0.00..22.05 rows=962 width=0)
	              Index Cond: ((id >= 2026775) AND (id <= 2027774))

table 3 : explain SELECT SUM(k) FROM sbtest3 WHERE id BETWEEN 9674780 AND 9675779
	Aggregate  (cost=3945.17..3945.18 rows=1 width=8)
	  ->  Bitmap Heap Scan on sbtest3  (cost=22.91..3942.62 rows=1022 width=4)
	        Recheck Cond: ((id >= 9674780) AND (id <= 9675779))
	        ->  Bitmap Index Scan on sbtest3_pkey  (cost=0.00..22.65 rows=1022 width=0)
	              Index Cond: ((id >= 9674780) AND (id <= 9675779))

table 4 : explain SELECT SUM(k) FROM sbtest4 WHERE id BETWEEN 7139564 AND 7140563
	Aggregate  (cost=4092.73..4092.74 rows=1 width=8)
	  ->  Bitmap Heap Scan on sbtest4  (cost=23.31..4090.07 rows=1061 width=4)
	        Recheck Cond: ((id >= 7139564) AND (id <= 7140563))
	        ->  Bitmap Index Scan on sbtest4_pkey  (cost=0.00..23.04 rows=1061 width=0)
	              Index Cond: ((id >= 7139564) AND (id <= 7140563))

table 5 : explain SELECT SUM(k) FROM sbtest5 WHERE id BETWEEN 1389569 AND 1390568
	Aggregate  (cost=3448.67..3448.68 rows=1 width=8)
	  ->  Bitmap Heap Scan on sbtest5  (cost=21.56..3446.45 rows=890 width=4)
	        Recheck Cond: ((id >= 1389569) AND (id <= 1390568))
	        ->  Bitmap Index Scan on sbtest5_pkey  (cost=0.00..21.33 rows=890 width=0)
	              Index Cond: ((id >= 1389569) AND (id <= 1390568))

table 6 : explain SELECT SUM(k) FROM sbtest6 WHERE id BETWEEN 1562037 AND 1563036
	Aggregate  (cost=3787.96..3787.97 rows=1 width=8)
	  ->  Bitmap Heap Scan on sbtest6  (cost=22.48..3785.51 rows=980 width=4)
	        Recheck Cond: ((id >= 1562037) AND (id <= 1563036))
	        ->  Bitmap Index Scan on sbtest6_pkey  (cost=0.00..22.23 rows=980 width=0)
	              Index Cond: ((id >= 1562037) AND (id <= 1563036))

table 7 : explain SELECT SUM(k) FROM sbtest7 WHERE id BETWEEN 5062183 AND 5063182
	Aggregate  (cost=3976.30..3976.31 rows=1 width=8)
	  ->  Bitmap Heap Scan on sbtest7  (cost=22.99..3973.72 rows=1030 width=4)
	        Recheck Cond: ((id >= 5062183) AND (id <= 5063182))
	        ->  Bitmap Index Scan on sbtest7_pkey  (cost=0.00..22.73 rows=1030 width=0)
	              Index Cond: ((id >= 5062183) AND (id <= 5063182))

table 8 : explain SELECT SUM(k) FROM sbtest8 WHERE id BETWEEN 1735545 AND 1736544
	Aggregate  (cost=4397.75..4397.76 rows=1 width=8)
	  ->  Bitmap Heap Scan on sbtest8  (cost=28.14..4394.89 rows=1142 width=4)
	        Recheck Cond: ((id >= 1735545) AND (id <= 1736544))
	        ->  Bitmap Index Scan on sbtest8_pkey  (cost=0.00..27.86 rows=1142 width=0)
	              Index Cond: ((id >= 1735545) AND (id <= 1736544))

for point_selects
table 1 : explain SELECT c FROM sbtest1 WHERE id=3358651
	Index Scan using sbtest1_pkey on sbtest1  (cost=0.43..8.45 rows=1 width=121)
	  Index Cond: (id = 3358651)

table 2 : explain SELECT c FROM sbtest2 WHERE id=433990
	Index Scan using sbtest2_pkey on sbtest2  (cost=0.43..8.45 rows=1 width=121)
	  Index Cond: (id = 433990)

table 3 : explain SELECT c FROM sbtest3 WHERE id=6638097
	Index Scan using sbtest3_pkey on sbtest3  (cost=0.43..8.45 rows=1 width=121)
	  Index Cond: (id = 6638097)

table 4 : explain SELECT c FROM sbtest4 WHERE id=4122143
	Index Scan using sbtest4_pkey on sbtest4  (cost=0.43..8.45 rows=1 width=121)
	  Index Cond: (id = 4122143)

table 5 : explain SELECT c FROM sbtest5 WHERE id=920738
	Index Scan using sbtest5_pkey on sbtest5  (cost=0.43..8.45 rows=1 width=121)
	  Index Cond: (id = 920738)

table 6 : explain SELECT c FROM sbtest6 WHERE id=3860916
	Index Scan using sbtest6_pkey on sbtest6  (cost=0.43..8.45 rows=1 width=121)
	  Index Cond: (id = 3860916)

table 7 : explain SELECT c FROM sbtest7 WHERE id=980918
	Index Scan using sbtest7_pkey on sbtest7  (cost=0.43..8.45 rows=1 width=121)
	  Index Cond: (id = 980918)

table 8 : explain SELECT c FROM sbtest8 WHERE id=7421226
	Index Scan using sbtest8_pkey on sbtest8  (cost=0.43..8.45 rows=1 width=121)
	  Index Cond: (id = 7421226)

for: sum_ranges
table 1 : explain SELECT SUM(k) FROM sbtest1 WHERE id BETWEEN 2406846 AND 2407845
	Aggregate  (cost=3825.49..3825.50 rows=1 width=8)
	  ->  Bitmap Heap Scan on sbtest1  (cost=22.58..3823.01 rows=990 width=4)
	        Recheck Cond: ((id >= 2406846) AND (id <= 2407845))
	        ->  Bitmap Index Scan on sbtest1_pkey  (cost=0.00..22.33 rows=990 width=0)
	              Index Cond: ((id >= 2406846) AND (id <= 2407845))

table 2 : explain SELECT SUM(k) FROM sbtest2 WHERE id BETWEEN 7129265 AND 7130264
	Aggregate  (cost=3864.10..3864.11 rows=1 width=8)
	  ->  Bitmap Heap Scan on sbtest2  (cost=22.68..3861.60 rows=1000 width=4)
	        Recheck Cond: ((id >= 7129265) AND (id <= 7130264))
	        ->  Bitmap Index Scan on sbtest2_pkey  (cost=0.00..22.43 rows=1000 width=0)
	              Index Cond: ((id >= 7129265) AND (id <= 7130264))

table 3 : explain SELECT SUM(k) FROM sbtest3 WHERE id BETWEEN 908905 AND 909904
	Aggregate  (cost=3734.19..3734.20 rows=1 width=8)
	  ->  Bitmap Heap Scan on sbtest3  (cost=22.34..3731.78 rows=966 width=4)
	        Recheck Cond: ((id >= 908905) AND (id <= 909904))
	        ->  Bitmap Index Scan on sbtest3_pkey  (cost=0.00..22.09 rows=966 width=0)
	              Index Cond: ((id >= 908905) AND (id <= 909904))

table 4 : explain SELECT SUM(k) FROM sbtest4 WHERE id BETWEEN 7812879 AND 7813878
	Aggregate  (cost=4288.36..4288.37 rows=1 width=8)
	  ->  Bitmap Heap Scan on sbtest4  (cost=27.84..4285.57 rows=1113 width=4)
	        Recheck Cond: ((id >= 7812879) AND (id <= 7813878))
	        ->  Bitmap Index Scan on sbtest4_pkey  (cost=0.00..27.57 rows=1113 width=0)
	              Index Cond: ((id >= 7812879) AND (id <= 7813878))

table 5 : explain SELECT SUM(k) FROM sbtest5 WHERE id BETWEEN 9005286 AND 9006285
	Aggregate  (cost=3875.64..3875.65 rows=1 width=8)
	  ->  Bitmap Heap Scan on sbtest5  (cost=26.71..3873.13 rows=1002 width=4)
	        Recheck Cond: ((id >= 9005286) AND (id <= 9006285))
	        ->  Bitmap Index Scan on sbtest5_pkey  (cost=0.00..26.45 rows=1002 width=0)
	              Index Cond: ((id >= 9005286) AND (id <= 9006285))

table 6 : explain SELECT SUM(k) FROM sbtest6 WHERE id BETWEEN 8269073 AND 8270072
	Aggregate  (cost=4164.64..4164.65 rows=1 width=8)
	  ->  Bitmap Heap Scan on sbtest6  (cost=27.49..4161.94 rows=1079 width=4)
	        Recheck Cond: ((id >= 8269073) AND (id <= 8270072))
	        ->  Bitmap Index Scan on sbtest6_pkey  (cost=0.00..27.22 rows=1079 width=0)
	              Index Cond: ((id >= 8269073) AND (id <= 8270072))

table 7 : explain SELECT SUM(k) FROM sbtest7 WHERE id BETWEEN 961037 AND 962036
	Aggregate  (cost=4119.25..4119.26 rows=1 width=8)
	  ->  Bitmap Heap Scan on sbtest7  (cost=23.38..4116.58 rows=1068 width=4)
	        Recheck Cond: ((id >= 961037) AND (id <= 962036))
	        ->  Bitmap Index Scan on sbtest7_pkey  (cost=0.00..23.11 rows=1068 width=0)
	              Index Cond: ((id >= 961037) AND (id <= 962036))

table 8 : explain SELECT SUM(k) FROM sbtest8 WHERE id BETWEEN 3717494 AND 3718493
	Aggregate  (cost=3761.80..3761.81 rows=1 width=8)
	  ->  Bitmap Heap Scan on sbtest8  (cost=22.41..3759.37 rows=973 width=4)
	        Recheck Cond: ((id >= 3717494) AND (id <= 3718493))
	        ->  Bitmap Index Scan on sbtest8_pkey  (cost=0.00..22.16 rows=973 width=0)
	              Index Cond: ((id >= 3717494) AND (id <= 3718493))

for: simple_ranges
table 1 : explain SELECT c FROM sbtest1 WHERE id BETWEEN 2731832 AND 2732831
	Bitmap Heap Scan on sbtest1  (cost=22.80..3902.08 rows=1011 width=121)
	  Recheck Cond: ((id >= 2731832) AND (id <= 2732831))
	  ->  Bitmap Index Scan on sbtest1_pkey  (cost=0.00..22.54 rows=1011 width=0)
	        Index Cond: ((id >= 2731832) AND (id <= 2732831))

table 2 : explain SELECT c FROM sbtest2 WHERE id BETWEEN 5546214 AND 5547213
	Bitmap Heap Scan on sbtest2  (cost=22.46..3778.70 rows=978 width=121)
	  Recheck Cond: ((id >= 5546214) AND (id <= 5547213))
	  ->  Bitmap Index Scan on sbtest2_pkey  (cost=0.00..22.21 rows=978 width=0)
	        Index Cond: ((id >= 5546214) AND (id <= 5547213))

table 3 : explain SELECT c FROM sbtest3 WHERE id BETWEEN 4946119 AND 4947118
	Bitmap Heap Scan on sbtest3  (cost=23.02..3983.98 rows=1033 width=121)
	  Recheck Cond: ((id >= 4946119) AND (id <= 4947118))
	  ->  Bitmap Index Scan on sbtest3_pkey  (cost=0.00..22.76 rows=1033 width=0)
	        Index Cond: ((id >= 4946119) AND (id <= 4947118))

table 4 : explain SELECT c FROM sbtest4 WHERE id BETWEEN 1687122 AND 1688121
	Bitmap Heap Scan on sbtest4  (cost=28.10..4379.32 rows=1138 width=121)
	  Recheck Cond: ((id >= 1687122) AND (id <= 1688121))
	  ->  Bitmap Index Scan on sbtest4_pkey  (cost=0.00..27.82 rows=1138 width=0)
	        Index Cond: ((id >= 1687122) AND (id <= 1688121))

table 5 : explain SELECT c FROM sbtest5 WHERE id BETWEEN 2337780 AND 2338779
	Bitmap Heap Scan on sbtest5  (cost=22.41..3759.85 rows=973 width=121)
	  Recheck Cond: ((id >= 2337780) AND (id <= 2338779))
	  ->  Bitmap Index Scan on sbtest5_pkey  (cost=0.00..22.16 rows=973 width=0)
	        Index Cond: ((id >= 2337780) AND (id <= 2338779))

table 6 : explain SELECT c FROM sbtest6 WHERE id BETWEEN 6959270 AND 6960269
	Bitmap Heap Scan on sbtest6  (cost=23.31..4090.32 rows=1061 width=121)
	  Recheck Cond: ((id >= 6959270) AND (id <= 6960269))
	  ->  Bitmap Index Scan on sbtest6_pkey  (cost=0.00..23.04 rows=1061 width=0)
	        Index Cond: ((id >= 6959270) AND (id <= 6960269))

table 7 : explain SELECT c FROM sbtest7 WHERE id BETWEEN 2517854 AND 2518853
	Bitmap Heap Scan on sbtest7  (cost=22.35..3736.47 rows=967 width=121)
	  Recheck Cond: ((id >= 2517854) AND (id <= 2518853))
	  ->  Bitmap Index Scan on sbtest7_pkey  (cost=0.00..22.11 rows=967 width=0)
	        Index Cond: ((id >= 2517854) AND (id <= 2518853))

table 8 : explain SELECT c FROM sbtest8 WHERE id BETWEEN 2786095 AND 2787094
	Bitmap Heap Scan on sbtest8  (cost=22.68..3861.10 rows=1000 width=121)
	  Recheck Cond: ((id >= 2786095) AND (id <= 2787094))
	  ->  Bitmap Index Scan on sbtest8_pkey  (cost=0.00..22.43 rows=1000 width=0)
	        Index Cond: ((id >= 2786095) AND (id <= 2787094))

for: sum_ranges
table 1 : explain SELECT SUM(k) FROM sbtest1 WHERE id BETWEEN 1030622 AND 1031621
	Aggregate  (cost=4096.54..4096.55 rows=1 width=8)
	  ->  Bitmap Heap Scan on sbtest1  (cost=23.32..4093.88 rows=1062 width=4)
	        Recheck Cond: ((id >= 1030622) AND (id <= 1031621))
	        ->  Bitmap Index Scan on sbtest1_pkey  (cost=0.00..23.05 rows=1062 width=0)
	              Index Cond: ((id >= 1030622) AND (id <= 1031621))

table 2 : explain SELECT SUM(k) FROM sbtest2 WHERE id BETWEEN 7921006 AND 7922005
	Aggregate  (cost=3769.83..3769.84 rows=1 width=8)
	  ->  Bitmap Heap Scan on sbtest2  (cost=22.43..3767.39 rows=975 width=4)
	        Recheck Cond: ((id >= 7921006) AND (id <= 7922005))
	        ->  Bitmap Index Scan on sbtest2_pkey  (cost=0.00..22.18 rows=975 width=0)
	              Index Cond: ((id >= 7921006) AND (id <= 7922005))

table 3 : explain SELECT SUM(k) FROM sbtest3 WHERE id BETWEEN 7606197 AND 7607196
	Aggregate  (cost=3643.64..3643.65 rows=1 width=8)
	  ->  Bitmap Heap Scan on sbtest3  (cost=22.09..3641.29 rows=942 width=4)
	        Recheck Cond: ((id >= 7606197) AND (id <= 7607196))
	        ->  Bitmap Index Scan on sbtest3_pkey  (cost=0.00..21.86 rows=942 width=0)
	              Index Cond: ((id >= 7606197) AND (id <= 7607196))

table 4 : explain SELECT SUM(k) FROM sbtest4 WHERE id BETWEEN 8516132 AND 8517131
	Aggregate  (cost=3768.89..3768.90 rows=1 width=8)
	  ->  Bitmap Heap Scan on sbtest4  (cost=22.43..3766.45 rows=975 width=4)
	        Recheck Cond: ((id >= 8516132) AND (id <= 8517131))
	        ->  Bitmap Index Scan on sbtest4_pkey  (cost=0.00..22.18 rows=975 width=0)
	              Index Cond: ((id >= 8516132) AND (id <= 8517131))

table 5 : explain SELECT SUM(k) FROM sbtest5 WHERE id BETWEEN 2172435 AND 2173434
	Aggregate  (cost=4312.03..4312.04 rows=1 width=8)
	  ->  Bitmap Heap Scan on sbtest5  (cost=27.90..4309.23 rows=1119 width=4)
	        Recheck Cond: ((id >= 2172435) AND (id <= 2173434))
	        ->  Bitmap Index Scan on sbtest5_pkey  (cost=0.00..27.62 rows=1119 width=0)
	              Index Cond: ((id >= 2172435) AND (id <= 2173434))

table 6 : explain SELECT SUM(k) FROM sbtest6 WHERE id BETWEEN 3488783 AND 3489782
	Aggregate  (cost=3901.03..3901.04 rows=1 width=8)
	  ->  Bitmap Heap Scan on sbtest6  (cost=22.79..3898.50 rows=1010 width=4)
	        Recheck Cond: ((id >= 3488783) AND (id <= 3489782))
	        ->  Bitmap Index Scan on sbtest6_pkey  (cost=0.00..22.54 rows=1010 width=0)
	              Index Cond: ((id >= 3488783) AND (id <= 3489782))

table 7 : explain SELECT SUM(k) FROM sbtest7 WHERE id BETWEEN 4360890 AND 4361889
	Aggregate  (cost=3625.66..3625.67 rows=1 width=8)
	  ->  Bitmap Heap Scan on sbtest7  (cost=22.04..3623.31 rows=937 width=4)
	        Recheck Cond: ((id >= 4360890) AND (id <= 4361889))
	        ->  Bitmap Index Scan on sbtest7_pkey  (cost=0.00..21.80 rows=937 width=0)
	              Index Cond: ((id >= 4360890) AND (id <= 4361889))

table 8 : explain SELECT SUM(k) FROM sbtest8 WHERE id BETWEEN 1039680 AND 1040679
	Aggregate  (cost=3920.12..3920.13 rows=1 width=8)
	  ->  Bitmap Heap Scan on sbtest8  (cost=22.84..3917.58 rows=1015 width=4)
	        Recheck Cond: ((id >= 1039680) AND (id <= 1040679))
	        ->  Bitmap Index Scan on sbtest8_pkey  (cost=0.00..22.58 rows=1015 width=0)
	              Index Cond: ((id >= 1039680) AND (id <= 1040679))

for point_selects
table 1 : explain SELECT c FROM sbtest1 WHERE id=6672059
	Index Scan using sbtest1_pkey on sbtest1  (cost=0.43..8.45 rows=1 width=121)
	  Index Cond: (id = 6672059)

table 2 : explain SELECT c FROM sbtest2 WHERE id=1984462
	Index Scan using sbtest2_pkey on sbtest2  (cost=0.43..8.45 rows=1 width=121)
	  Index Cond: (id = 1984462)

table 3 : explain SELECT c FROM sbtest3 WHERE id=7487076
	Index Scan using sbtest3_pkey on sbtest3  (cost=0.43..8.45 rows=1 width=121)
	  Index Cond: (id = 7487076)

table 4 : explain SELECT c FROM sbtest4 WHERE id=2170990
	Index Scan using sbtest4_pkey on sbtest4  (cost=0.43..8.45 rows=1 width=121)
	  Index Cond: (id = 2170990)

table 5 : explain SELECT c FROM sbtest5 WHERE id=1873189
	Index Scan using sbtest5_pkey on sbtest5  (cost=0.43..8.45 rows=1 width=121)
	  Index Cond: (id = 1873189)

table 6 : explain SELECT c FROM sbtest6 WHERE id=2175906
	Index Scan using sbtest6_pkey on sbtest6  (cost=0.43..8.45 rows=1 width=121)
	  Index Cond: (id = 2175906)

table 7 : explain SELECT c FROM sbtest7 WHERE id=3570585
	Index Scan using sbtest7_pkey on sbtest7  (cost=0.43..8.45 rows=1 width=121)
	  Index Cond: (id = 3570585)

table 8 : explain SELECT c FROM sbtest8 WHERE id=9420676
	Index Scan using sbtest8_pkey on sbtest8  (cost=0.43..8.45 rows=1 width=121)
	  Index Cond: (id = 9420676)

for: simple_ranges
table 1 : explain SELECT c FROM sbtest1 WHERE id BETWEEN 9510942 AND 9511941
	Bitmap Heap Scan on sbtest1  (cost=22.90..3939.72 rows=1021 width=121)
	  Recheck Cond: ((id >= 9510942) AND (id <= 9511941))
	  ->  Bitmap Index Scan on sbtest1_pkey  (cost=0.00..22.64 rows=1021 width=0)
	        Index Cond: ((id >= 9510942) AND (id <= 9511941))

table 2 : explain SELECT c FROM sbtest2 WHERE id BETWEEN 2657559 AND 2658558
	Bitmap Heap Scan on sbtest2  (cost=22.77..3891.73 rows=1008 width=121)
	  Recheck Cond: ((id >= 2657559) AND (id <= 2658558))
	  ->  Bitmap Index Scan on sbtest2_pkey  (cost=0.00..22.51 rows=1008 width=0)
	        Index Cond: ((id >= 2657559) AND (id <= 2658558))

table 3 : explain SELECT c FROM sbtest3 WHERE id BETWEEN 7540933 AND 7541932
	Bitmap Heap Scan on sbtest3  (cost=21.63..3471.42 rows=897 width=121)
	  Recheck Cond: ((id >= 7540933) AND (id <= 7541932))
	  ->  Bitmap Index Scan on sbtest3_pkey  (cost=0.00..21.40 rows=897 width=0)
	        Index Cond: ((id >= 7540933) AND (id <= 7541932))

table 4 : explain SELECT c FROM sbtest4 WHERE id BETWEEN 3161526 AND 3162525
	Bitmap Heap Scan on sbtest4  (cost=23.22..4056.25 rows=1052 width=121)
	  Recheck Cond: ((id >= 3161526) AND (id <= 3162525))
	  ->  Bitmap Index Scan on sbtest4_pkey  (cost=0.00..22.95 rows=1052 width=0)
	        Index Cond: ((id >= 3161526) AND (id <= 3162525))

table 5 : explain SELECT c FROM sbtest5 WHERE id BETWEEN 3401798 AND 3402797
	Bitmap Heap Scan on sbtest5  (cost=26.67..3861.83 rows=999 width=121)
	  Recheck Cond: ((id >= 3401798) AND (id <= 3402797))
	  ->  Bitmap Index Scan on sbtest5_pkey  (cost=0.00..26.43 rows=999 width=0)
	        Index Cond: ((id >= 3401798) AND (id <= 3402797))

table 6 : explain SELECT c FROM sbtest6 WHERE id BETWEEN 1014955 AND 1015954
	Bitmap Heap Scan on sbtest6  (cost=22.83..3913.56 rows=1014 width=121)
	  Recheck Cond: ((id >= 1014955) AND (id <= 1015954))
	  ->  Bitmap Index Scan on sbtest6_pkey  (cost=0.00..22.57 rows=1014 width=0)
	        Index Cond: ((id >= 1014955) AND (id <= 1015954))

table 7 : explain SELECT c FROM sbtest7 WHERE id BETWEEN 5909741 AND 5910740
	Bitmap Heap Scan on sbtest7  (cost=23.07..4003.81 rows=1038 width=121)
	  Recheck Cond: ((id >= 5909741) AND (id <= 5910740))
	  ->  Bitmap Index Scan on sbtest7_pkey  (cost=0.00..22.82 rows=1038 width=0)
	        Index Cond: ((id >= 5909741) AND (id <= 5910740))

table 8 : explain SELECT c FROM sbtest8 WHERE id BETWEEN 1727633 AND 1728632
	Bitmap Heap Scan on sbtest8  (cost=28.14..4394.89 rows=1142 width=121)
	  Recheck Cond: ((id >= 1727633) AND (id <= 1728632))
	  ->  Bitmap Index Scan on sbtest8_pkey  (cost=0.00..27.86 rows=1142 width=0)
	        Index Cond: ((id >= 1727633) AND (id <= 1728632))

for point_selects
table 1 : explain SELECT c FROM sbtest1 WHERE id=9021841
	Index Scan using sbtest1_pkey on sbtest1  (cost=0.43..8.45 rows=1 width=121)
	  Index Cond: (id = 9021841)

table 2 : explain SELECT c FROM sbtest2 WHERE id=2918485
	Index Scan using sbtest2_pkey on sbtest2  (cost=0.43..8.45 rows=1 width=121)
	  Index Cond: (id = 2918485)

table 3 : explain SELECT c FROM sbtest3 WHERE id=4619291
	Index Scan using sbtest3_pkey on sbtest3  (cost=0.43..8.45 rows=1 width=121)
	  Index Cond: (id = 4619291)

table 4 : explain SELECT c FROM sbtest4 WHERE id=531984
	Index Scan using sbtest4_pkey on sbtest4  (cost=0.43..8.45 rows=1 width=121)
	  Index Cond: (id = 531984)

table 5 : explain SELECT c FROM sbtest5 WHERE id=4908610
	Index Scan using sbtest5_pkey on sbtest5  (cost=0.43..8.45 rows=1 width=121)
	  Index Cond: (id = 4908610)

table 6 : explain SELECT c FROM sbtest6 WHERE id=2253777
	Index Scan using sbtest6_pkey on sbtest6  (cost=0.43..8.45 rows=1 width=121)
	  Index Cond: (id = 2253777)

table 7 : explain SELECT c FROM sbtest7 WHERE id=100984
	Index Scan using sbtest7_pkey on sbtest7  (cost=0.43..8.45 rows=1 width=121)
	  Index Cond: (id = 100984)

table 8 : explain SELECT c FROM sbtest8 WHERE id=4305729
	Index Scan using sbtest8_pkey on sbtest8  (cost=0.43..8.45 rows=1 width=121)
	  Index Cond: (id = 4305729)

for: sum_ranges
table 1 : explain SELECT SUM(k) FROM sbtest1 WHERE id BETWEEN 8410114 AND 8411113
	Aggregate  (cost=3961.10..3961.11 rows=1 width=8)
	  ->  Bitmap Heap Scan on sbtest1  (cost=22.95..3958.53 rows=1026 width=4)
	        Recheck Cond: ((id >= 8410114) AND (id <= 8411113))
	        ->  Bitmap Index Scan on sbtest1_pkey  (cost=0.00..22.69 rows=1026 width=0)
	              Index Cond: ((id >= 8410114) AND (id <= 8411113))

table 2 : explain SELECT SUM(k) FROM sbtest2 WHERE id BETWEEN 1881651 AND 1882650
	Aggregate  (cost=4052.41..4052.42 rows=1 width=8)
	  ->  Bitmap Heap Scan on sbtest2  (cost=23.20..4049.78 rows=1050 width=4)
	        Recheck Cond: ((id >= 1881651) AND (id <= 1882650))
	        ->  Bitmap Index Scan on sbtest2_pkey  (cost=0.00..22.93 rows=1050 width=0)
	              Index Cond: ((id >= 1881651) AND (id <= 1882650))

table 3 : explain SELECT SUM(k) FROM sbtest3 WHERE id BETWEEN 5285062 AND 5286061
	Aggregate  (cost=4313.69..4313.70 rows=1 width=8)
	  ->  Bitmap Heap Scan on sbtest3  (cost=27.92..4310.89 rows=1120 width=4)
	        Recheck Cond: ((id >= 5285062) AND (id <= 5286061))
	        ->  Bitmap Index Scan on sbtest3_pkey  (cost=0.00..27.64 rows=1120 width=0)
	              Index Cond: ((id >= 5285062) AND (id <= 5286061))

table 4 : explain SELECT SUM(k) FROM sbtest4 WHERE id BETWEEN 5082248 AND 5083247
	Aggregate  (cost=3930.93..3930.94 rows=1 width=8)
	  ->  Bitmap Heap Scan on sbtest4  (cost=22.87..3928.38 rows=1018 width=4)
	        Recheck Cond: ((id >= 5082248) AND (id <= 5083247))
	        ->  Bitmap Index Scan on sbtest4_pkey  (cost=0.00..22.61 rows=1018 width=0)
	              Index Cond: ((id >= 5082248) AND (id <= 5083247))

table 5 : explain SELECT SUM(k) FROM sbtest5 WHERE id BETWEEN 11824 AND 12823
	Aggregate  (cost=3860.56..3860.57 rows=1 width=8)
	  ->  Bitmap Heap Scan on sbtest5  (cost=26.66..3858.06 rows=998 width=4)
	        Recheck Cond: ((id >= 11824) AND (id <= 12823))
	        ->  Bitmap Index Scan on sbtest5_pkey  (cost=0.00..26.41 rows=998 width=0)
	              Index Cond: ((id >= 11824) AND (id <= 12823))

table 6 : explain SELECT SUM(k) FROM sbtest6 WHERE id BETWEEN 1782316 AND 1783315
	Aggregate  (cost=4017.74..4017.75 rows=1 width=8)
	  ->  Bitmap Heap Scan on sbtest6  (cost=23.11..4015.14 rows=1041 width=4)
	        Recheck Cond: ((id >= 1782316) AND (id <= 1783315))
	        ->  Bitmap Index Scan on sbtest6_pkey  (cost=0.00..22.84 rows=1041 width=0)
	              Index Cond: ((id >= 1782316) AND (id <= 1783315))

table 7 : explain SELECT SUM(k) FROM sbtest7 WHERE id BETWEEN 7300623 AND 7301622
	Aggregate  (cost=3542.54..3542.55 rows=1 width=8)
	  ->  Bitmap Heap Scan on sbtest7  (cost=21.81..3540.25 rows=915 width=4)
	        Recheck Cond: ((id >= 7300623) AND (id <= 7301622))
	        ->  Bitmap Index Scan on sbtest7_pkey  (cost=0.00..21.58 rows=915 width=0)
	              Index Cond: ((id >= 7300623) AND (id <= 7301622))

table 8 : explain SELECT SUM(k) FROM sbtest8 WHERE id BETWEEN 6518242 AND 6519241
	Aggregate  (cost=3886.21..3886.22 rows=1 width=8)
	  ->  Bitmap Heap Scan on sbtest8  (cost=22.75..3883.70 rows=1006 width=4)
	        Recheck Cond: ((id >= 6518242) AND (id <= 6519241))
	        ->  Bitmap Index Scan on sbtest8_pkey  (cost=0.00..22.50 rows=1006 width=0)
	              Index Cond: ((id >= 6518242) AND (id <= 6519241))

explain: for point_selects :: explain SELECT c FROM sbtest%u WHERE id=%u
for: simple_ranges
table 1 : explain SELECT c FROM sbtest1 WHERE id BETWEEN 9266016 AND 9267015
	Bitmap Heap Scan on sbtest1  (cost=22.98..3969.82 rows=1029 width=121)
	  Recheck Cond: ((id >= 9266016) AND (id <= 9267015))
	  ->  Bitmap Index Scan on sbtest1_pkey  (cost=0.00..22.72 rows=1029 width=0)
	        Index Cond: ((id >= 9266016) AND (id <= 9267015))

table 2 : explain SELECT c FROM sbtest2 WHERE id BETWEEN 8372425 AND 8373424
	Bitmap Heap Scan on sbtest2  (cost=23.24..4064.82 rows=1054 width=121)
	  Recheck Cond: ((id >= 8372425) AND (id <= 8373424))
	  ->  Bitmap Index Scan on sbtest2_pkey  (cost=0.00..22.97 rows=1054 width=0)
	        Index Cond: ((id >= 8372425) AND (id <= 8373424))

table 3 : explain SELECT c FROM sbtest3 WHERE id BETWEEN 5223683 AND 5224682
	Bitmap Heap Scan on sbtest3  (cost=27.74..4247.14 rows=1103 width=121)
	  Recheck Cond: ((id >= 5223683) AND (id <= 5224682))
	  ->  Bitmap Index Scan on sbtest3_pkey  (cost=0.00..27.46 rows=1103 width=0)
	        Index Cond: ((id >= 5223683) AND (id <= 5224682))

table 4 : explain SELECT c FROM sbtest4 WHERE id BETWEEN 2846120 AND 2847119
	Bitmap Heap Scan on sbtest4  (cost=22.16..3668.42 rows=949 width=121)
	  Recheck Cond: ((id >= 2846120) AND (id <= 2847119))
	  ->  Bitmap Index Scan on sbtest4_pkey  (cost=0.00..21.93 rows=949 width=0)
	        Index Cond: ((id >= 2846120) AND (id <= 2847119))

table 5 : explain SELECT c FROM sbtest5 WHERE id BETWEEN 8828232 AND 8829231
	Bitmap Heap Scan on sbtest5  (cost=22.09..3642.90 rows=942 width=121)
	  Recheck Cond: ((id >= 8828232) AND (id <= 8829231))
	  ->  Bitmap Index Scan on sbtest5_pkey  (cost=0.00..21.86 rows=942 width=0)
	        Index Cond: ((id >= 8828232) AND (id <= 8829231))

table 6 : explain SELECT c FROM sbtest6 WHERE id BETWEEN 299977 AND 300976
	Bitmap Heap Scan on sbtest6  (cost=22.21..3687.49 rows=954 width=121)
	  Recheck Cond: ((id >= 299977) AND (id <= 300976))
	  ->  Bitmap Index Scan on sbtest6_pkey  (cost=0.00..21.97 rows=954 width=0)
	        Index Cond: ((id >= 299977) AND (id <= 300976))

table 7 : explain SELECT c FROM sbtest7 WHERE id BETWEEN 8414357 AND 8415356
	Bitmap Heap Scan on sbtest7  (cost=22.13..3657.27 rows=946 width=121)
	  Recheck Cond: ((id >= 8414357) AND (id <= 8415356))
	  ->  Bitmap Index Scan on sbtest7_pkey  (cost=0.00..21.89 rows=946 width=0)
	        Index Cond: ((id >= 8414357) AND (id <= 8415356))

table 8 : explain SELECT c FROM sbtest8 WHERE id BETWEEN 3605468 AND 3606467
	Bitmap Heap Scan on sbtest8  (cost=23.03..3989.08 rows=1034 width=121)
	  Recheck Cond: ((id >= 3605468) AND (id <= 3606467))
	  ->  Bitmap Index Scan on sbtest8_pkey  (cost=0.00..22.77 rows=1034 width=0)
	        Index Cond: ((id >= 3605468) AND (id <= 3606467))

for point_selects
table 1 : explain SELECT c FROM sbtest1 WHERE id=3279407
	Index Scan using sbtest1_pkey on sbtest1  (cost=0.43..8.45 rows=1 width=121)
	  Index Cond: (id = 3279407)

table 2 : explain SELECT c FROM sbtest2 WHERE id=3938420
	Index Scan using sbtest2_pkey on sbtest2  (cost=0.43..8.45 rows=1 width=121)
	  Index Cond: (id = 3938420)

table 3 : explain SELECT c FROM sbtest3 WHERE id=7162967
	Index Scan using sbtest3_pkey on sbtest3  (cost=0.43..8.45 rows=1 width=121)
	  Index Cond: (id = 7162967)

table 4 : explain SELECT c FROM sbtest4 WHERE id=4944417
	Index Scan using sbtest4_pkey on sbtest4  (cost=0.43..8.45 rows=1 width=121)
	  Index Cond: (id = 4944417)

table 5 : explain SELECT c FROM sbtest5 WHERE id=6955981
	Index Scan using sbtest5_pkey on sbtest5  (cost=0.43..8.45 rows=1 width=121)
	  Index Cond: (id = 6955981)

table 6 : explain SELECT c FROM sbtest6 WHERE id=786487
	Index Scan using sbtest6_pkey on sbtest6  (cost=0.43..8.45 rows=1 width=121)
	  Index Cond: (id = 786487)

table 7 : explain SELECT c FROM sbtest7 WHERE id=6202238
	Index Scan using sbtest7_pkey on sbtest7  (cost=0.43..8.45 rows=1 width=121)
	  Index Cond: (id = 6202238)

table 8 : explain SELECT c FROM sbtest8 WHERE id=1714381
	Index Scan using sbtest8_pkey on sbtest8  (cost=0.43..8.45 rows=1 width=121)
	  Index Cond: (id = 1714381)

for point_selects
table 1 : explain SELECT c FROM sbtest1 WHERE id=7375374
	Index Scan using sbtest1_pkey on sbtest1  (cost=0.43..8.45 rows=1 width=121)
	  Index Cond: (id = 7375374)

table 2 : explain SELECT c FROM sbtest2 WHERE id=8834361
	Index Scan using sbtest2_pkey on sbtest2  (cost=0.43..8.45 rows=1 width=121)
	  Index Cond: (id = 8834361)

table 3 : explain SELECT c FROM sbtest3 WHERE id=4222221
	Index Scan using sbtest3_pkey on sbtest3  (cost=0.43..8.45 rows=1 width=121)
	  Index Cond: (id = 4222221)

table 4 : explain SELECT c FROM sbtest4 WHERE id=6135239
	Index Scan using sbtest4_pkey on sbtest4  (cost=0.43..8.45 rows=1 width=121)
	  Index Cond: (id = 6135239)

table 5 : explain SELECT c FROM sbtest5 WHERE id=502853
	Index Scan using sbtest5_pkey on sbtest5  (cost=0.43..8.45 rows=1 width=121)
	  Index Cond: (id = 502853)

table 6 : explain SELECT c FROM sbtest6 WHERE id=7582028
	Index Scan using sbtest6_pkey on sbtest6  (cost=0.43..8.45 rows=1 width=121)
	  Index Cond: (id = 7582028)

table 7 : explain SELECT c FROM sbtest7 WHERE id=8911966
	Index Scan using sbtest7_pkey on sbtest7  (cost=0.43..8.45 rows=1 width=121)
	  Index Cond: (id = 8911966)

table 8 : explain SELECT c FROM sbtest8 WHERE id=2900856
	Index Scan using sbtest8_pkey on sbtest8  (cost=0.43..8.45 rows=1 width=121)
	  Index Cond: (id = 2900856)

for point_selects
table 1 : explain SELECT c FROM sbtest1 WHERE id=9831902
	Index Scan using sbtest1_pkey on sbtest1  (cost=0.43..8.45 rows=1 width=121)
	  Index Cond: (id = 9831902)

table 2 : explain SELECT c FROM sbtest2 WHERE id=2950858
	Index Scan using sbtest2_pkey on sbtest2  (cost=0.43..8.45 rows=1 width=121)
	  Index Cond: (id = 2950858)

table 3 : explain SELECT c FROM sbtest3 WHERE id=7732189
	Index Scan using sbtest3_pkey on sbtest3  (cost=0.43..8.45 rows=1 width=121)
	  Index Cond: (id = 7732189)

table 4 : explain SELECT c FROM sbtest4 WHERE id=3055402
	Index Scan using sbtest4_pkey on sbtest4  (cost=0.43..8.45 rows=1 width=121)
	  Index Cond: (id = 3055402)

table 5 : explain SELECT c FROM sbtest5 WHERE id=8099135
	Index Scan using sbtest5_pkey on sbtest5  (cost=0.43..8.45 rows=1 width=121)
	  Index Cond: (id = 8099135)

table 6 : explain SELECT c FROM sbtest6 WHERE id=9995323
	Index Scan using sbtest6_pkey on sbtest6  (cost=0.43..8.45 rows=1 width=121)
	  Index Cond: (id = 9995323)

table 7 : explain SELECT c FROM sbtest7 WHERE id=9546245
	Index Scan using sbtest7_pkey on sbtest7  (cost=0.43..8.45 rows=1 width=121)
	  Index Cond: (id = 9546245)

table 8 : explain SELECT c FROM sbtest8 WHERE id=9244517
	Index Scan using sbtest8_pkey on sbtest8  (cost=0.43..8.45 rows=1 width=121)
	  Index Cond: (id = 9244517)

for: simple_ranges
table 1 : explain SELECT c FROM sbtest1 WHERE id BETWEEN 4143044 AND 4144043
	Bitmap Heap Scan on sbtest1  (cost=22.97..3966.05 rows=1028 width=121)
	  Recheck Cond: ((id >= 4143044) AND (id <= 4144043))
	  ->  Bitmap Index Scan on sbtest1_pkey  (cost=0.00..22.71 rows=1028 width=0)
	        Index Cond: ((id >= 4143044) AND (id <= 4144043))

table 2 : explain SELECT c FROM sbtest2 WHERE id BETWEEN 5354513 AND 5355512
	Bitmap Heap Scan on sbtest2  (cost=27.55..4181.57 rows=1084 width=121)
	  Recheck Cond: ((id >= 5354513) AND (id <= 5355512))
	  ->  Bitmap Index Scan on sbtest2_pkey  (cost=0.00..27.27 rows=1084 width=0)
	        Index Cond: ((id >= 5354513) AND (id <= 5355512))

table 3 : explain SELECT c FROM sbtest3 WHERE id BETWEEN 7591348 AND 7592347
	Bitmap Heap Scan on sbtest3  (cost=22.09..3641.29 rows=942 width=121)
	  Recheck Cond: ((id >= 7591348) AND (id <= 7592347))
	  ->  Bitmap Index Scan on sbtest3_pkey  (cost=0.00..21.86 rows=942 width=0)
	        Index Cond: ((id >= 7591348) AND (id <= 7592347))

table 4 : explain SELECT c FROM sbtest4 WHERE id BETWEEN 4885700 AND 4886699
	Bitmap Heap Scan on sbtest4  (cost=23.00..3977.29 rows=1031 width=121)
	  Recheck Cond: ((id >= 4885700) AND (id <= 4886699))
	  ->  Bitmap Index Scan on sbtest4_pkey  (cost=0.00..22.75 rows=1031 width=0)
	        Index Cond: ((id >= 4885700) AND (id <= 4886699))

table 5 : explain SELECT c FROM sbtest5 WHERE id BETWEEN 6365837 AND 6366836
	Bitmap Heap Scan on sbtest5  (cost=22.40..3756.08 rows=972 width=121)
	  Recheck Cond: ((id >= 6365837) AND (id <= 6366836))
	  ->  Bitmap Index Scan on sbtest5_pkey  (cost=0.00..22.15 rows=972 width=0)
	        Index Cond: ((id >= 6365837) AND (id <= 6366836))

table 6 : explain SELECT c FROM sbtest6 WHERE id BETWEEN 8137316 AND 8138315
	Bitmap Heap Scan on sbtest6  (cost=22.38..3747.82 rows=970 width=121)
	  Recheck Cond: ((id >= 8137316) AND (id <= 8138315))
	  ->  Bitmap Index Scan on sbtest6_pkey  (cost=0.00..22.14 rows=970 width=0)
	        Index Cond: ((id >= 8137316) AND (id <= 8138315))

table 7 : explain SELECT c FROM sbtest7 WHERE id BETWEEN 2210354 AND 2211353
	Bitmap Heap Scan on sbtest7  (cost=23.20..4048.93 rows=1050 width=121)
	  Recheck Cond: ((id >= 2210354) AND (id <= 2211353))
	  ->  Bitmap Index Scan on sbtest7_pkey  (cost=0.00..22.93 rows=1050 width=0)
	        Index Cond: ((id >= 2210354) AND (id <= 2211353))

table 8 : explain SELECT c FROM sbtest8 WHERE id BETWEEN 4119768 AND 4120767
	Bitmap Heap Scan on sbtest8  (cost=22.30..3717.90 rows=962 width=121)
	  Recheck Cond: ((id >= 4119768) AND (id <= 4120767))
	  ->  Bitmap Index Scan on sbtest8_pkey  (cost=0.00..22.05 rows=962 width=0)
	        Index Cond: ((id >= 4119768) AND (id <= 4120767))

explain: for point_selects :: explain SELECT c FROM sbtest%u WHERE id=%u
for: order_ranges
table 1 : explain SELECT c FROM sbtest1 WHERE id BETWEEN 6488343 AND 6489342 ORDER BY c
	Sort  (cost=4566.48..4569.41 rows=1172 width=121)
	  Sort Key: c
	  ->  Bitmap Heap Scan on sbtest1  (cost=28.45..4506.74 rows=1172 width=121)
	        Recheck Cond: ((id >= 6488343) AND (id <= 6489342))
	        ->  Bitmap Index Scan on sbtest1_pkey  (cost=0.00..28.15 rows=1172 width=0)
	              Index Cond: ((id >= 6488343) AND (id <= 6489342))

table 2 : explain SELECT c FROM sbtest2 WHERE id BETWEEN 5369529 AND 5370528 ORDER BY c
	Sort  (cost=4236.21..4238.92 rows=1084 width=121)
	  Sort Key: c
	  ->  Bitmap Heap Scan on sbtest2  (cost=27.55..4181.57 rows=1084 width=121)
	        Recheck Cond: ((id >= 5369529) AND (id <= 5370528))
	        ->  Bitmap Index Scan on sbtest2_pkey  (cost=0.00..27.27 rows=1084 width=0)
	              Index Cond: ((id >= 5369529) AND (id <= 5370528))

table 3 : explain SELECT c FROM sbtest3 WHERE id BETWEEN 1418482 AND 1419481 ORDER BY c
	Sort  (cost=3951.69..3954.22 rows=1011 width=121)
	  Sort Key: c
	  ->  Bitmap Heap Scan on sbtest3  (cost=22.80..3901.23 rows=1011 width=121)
	        Recheck Cond: ((id >= 1418482) AND (id <= 1419481))
	        ->  Bitmap Index Scan on sbtest3_pkey  (cost=0.00..22.54 rows=1011 width=0)
	              Index Cond: ((id >= 1418482) AND (id <= 1419481))

table 4 : explain SELECT c FROM sbtest4 WHERE id BETWEEN 2590078 AND 2591077 ORDER BY c
	Sort  (cost=4135.77..4138.41 rows=1059 width=121)
	  Sort Key: c
	  ->  Bitmap Heap Scan on sbtest4  (cost=23.29..4082.56 rows=1059 width=121)
	        Recheck Cond: ((id >= 2590078) AND (id <= 2591077))
	        ->  Bitmap Index Scan on sbtest4_pkey  (cost=0.00..23.02 rows=1059 width=0)
	              Index Cond: ((id >= 2590078) AND (id <= 2591077))

table 5 : explain SELECT c FROM sbtest5 WHERE id BETWEEN 9998819 AND 9999818 ORDER BY c
	Sort  (cost=4217.14..4219.84 rows=1079 width=121)
	  Sort Key: c
	  ->  Bitmap Heap Scan on sbtest5  (cost=27.49..4162.78 rows=1079 width=121)
	        Recheck Cond: ((id >= 9998819) AND (id <= 9999818))
	        ->  Bitmap Index Scan on sbtest5_pkey  (cost=0.00..27.22 rows=1079 width=0)
	              Index Cond: ((id >= 9998819) AND (id <= 9999818))

table 6 : explain SELECT c FROM sbtest6 WHERE id BETWEEN 7007634 AND 7008633 ORDER BY c
	Sort  (cost=4143.64..4146.29 rows=1061 width=121)
	  Sort Key: c
	  ->  Bitmap Heap Scan on sbtest6  (cost=23.31..4090.32 rows=1061 width=121)
	        Recheck Cond: ((id >= 7007634) AND (id <= 7008633))
	        ->  Bitmap Index Scan on sbtest6_pkey  (cost=0.00..23.04 rows=1061 width=0)
	              Index Cond: ((id >= 7007634) AND (id <= 7008633))

table 7 : explain SELECT c FROM sbtest7 WHERE id BETWEEN 434133 AND 435132 ORDER BY c
	Sort  (cost=3925.93..3928.44 rows=1004 width=121)
	  Sort Key: c
	  ->  Bitmap Heap Scan on sbtest7  (cost=22.73..3875.87 rows=1004 width=121)
	        Recheck Cond: ((id >= 434133) AND (id <= 435132))
	        ->  Bitmap Index Scan on sbtest7_pkey  (cost=0.00..22.47 rows=1004 width=0)
	              Index Cond: ((id >= 434133) AND (id <= 435132))

table 8 : explain SELECT c FROM sbtest8 WHERE id BETWEEN 2435426 AND 2436425 ORDER BY c
	Sort  (cost=4532.80..4535.71 rows=1163 width=121)
	  Sort Key: c
	  ->  Bitmap Heap Scan on sbtest8  (cost=28.36..4473.58 rows=1163 width=121)
	        Recheck Cond: ((id >= 2435426) AND (id <= 2436425))
	        ->  Bitmap Index Scan on sbtest8_pkey  (cost=0.00..28.07 rows=1163 width=0)
	              Index Cond: ((id >= 2435426) AND (id <= 2436425))

for: simple_ranges
table 1 : explain SELECT c FROM sbtest1 WHERE id BETWEEN 4964841 AND 4965840
	Bitmap Heap Scan on sbtest1  (cost=22.59..3826.78 rows=991 width=121)
	  Recheck Cond: ((id >= 4964841) AND (id <= 4965840))
	  ->  Bitmap Index Scan on sbtest1_pkey  (cost=0.00..22.34 rows=991 width=0)
	        Index Cond: ((id >= 4964841) AND (id <= 4965840))

table 2 : explain SELECT c FROM sbtest2 WHERE id BETWEEN 1436821 AND 1437820
	Bitmap Heap Scan on sbtest2  (cost=27.56..4185.32 rows=1085 width=121)
	  Recheck Cond: ((id >= 1436821) AND (id <= 1437820))
	  ->  Bitmap Index Scan on sbtest2_pkey  (cost=0.00..27.29 rows=1085 width=0)
	        Index Cond: ((id >= 1436821) AND (id <= 1437820))

table 3 : explain SELECT c FROM sbtest3 WHERE id BETWEEN 9925582 AND 9926581
	Bitmap Heap Scan on sbtest3  (cost=22.33..3728.01 rows=965 width=121)
	  Recheck Cond: ((id >= 9925582) AND (id <= 9926581))
	  ->  Bitmap Index Scan on sbtest3_pkey  (cost=0.00..22.08 rows=965 width=0)
	        Index Cond: ((id >= 9925582) AND (id <= 9926581))

table 4 : explain SELECT c FROM sbtest4 WHERE id BETWEEN 4704812 AND 4705811
	Bitmap Heap Scan on sbtest4  (cost=21.54..3438.07 rows=888 width=121)
	  Recheck Cond: ((id >= 4704812) AND (id <= 4705811))
	  ->  Bitmap Index Scan on sbtest4_pkey  (cost=0.00..21.32 rows=888 width=0)
	        Index Cond: ((id >= 4704812) AND (id <= 4705811))

table 5 : explain SELECT c FROM sbtest5 WHERE id BETWEEN 8163883 AND 8164882
	Bitmap Heap Scan on sbtest5  (cost=26.73..3880.66 rows=1004 width=121)
	  Recheck Cond: ((id >= 8163883) AND (id <= 8164882))
	  ->  Bitmap Index Scan on sbtest5_pkey  (cost=0.00..26.47 rows=1004 width=0)
	        Index Cond: ((id >= 8163883) AND (id <= 8164882))

table 6 : explain SELECT c FROM sbtest6 WHERE id BETWEEN 6782170 AND 6783169
	Bitmap Heap Scan on sbtest6  (cost=28.17..4405.83 rows=1145 width=121)
	  Recheck Cond: ((id >= 6782170) AND (id <= 6783169))
	  ->  Bitmap Index Scan on sbtest6_pkey  (cost=0.00..27.89 rows=1145 width=0)
	        Index Cond: ((id >= 6782170) AND (id <= 6783169))

table 7 : explain SELECT c FROM sbtest7 WHERE id BETWEEN 3536570 AND 3537569
	Bitmap Heap Scan on sbtest7  (cost=22.93..3951.15 rows=1024 width=121)
	  Recheck Cond: ((id >= 3536570) AND (id <= 3537569))
	  ->  Bitmap Index Scan on sbtest7_pkey  (cost=0.00..22.68 rows=1024 width=0)
	        Index Cond: ((id >= 3536570) AND (id <= 3537569))

table 8 : explain SELECT c FROM sbtest8 WHERE id BETWEEN 4554325 AND 4555324
	Bitmap Heap Scan on sbtest8  (cost=22.36..3740.52 rows=968 width=121)
	  Recheck Cond: ((id >= 4554325) AND (id <= 4555324))
	  ->  Bitmap Index Scan on sbtest8_pkey  (cost=0.00..22.11 rows=968 width=0)
	        Index Cond: ((id >= 4554325) AND (id <= 4555324))

for: simple_ranges
table 1 : explain SELECT c FROM sbtest1 WHERE id BETWEEN 8177371 AND 8178370
	Bitmap Heap Scan on sbtest1  (cost=22.34..3732.57 rows=966 width=121)
	  Recheck Cond: ((id >= 8177371) AND (id <= 8178370))
	  ->  Bitmap Index Scan on sbtest1_pkey  (cost=0.00..22.09 rows=966 width=0)
	        Index Cond: ((id >= 8177371) AND (id <= 8178370))

table 2 : explain SELECT c FROM sbtest2 WHERE id BETWEEN 6472501 AND 6473500
	Bitmap Heap Scan on sbtest2  (cost=23.06..4000.89 rows=1037 width=121)
	  Recheck Cond: ((id >= 6472501) AND (id <= 6473500))
	  ->  Bitmap Index Scan on sbtest2_pkey  (cost=0.00..22.80 rows=1037 width=0)
	        Index Cond: ((id >= 6472501) AND (id <= 6473500))

table 3 : explain SELECT c FROM sbtest3 WHERE id BETWEEN 8055657 AND 8056656
	Bitmap Heap Scan on sbtest3  (cost=22.63..3841.01 rows=995 width=121)
	  Recheck Cond: ((id >= 8055657) AND (id <= 8056656))
	  ->  Bitmap Index Scan on sbtest3_pkey  (cost=0.00..22.39 rows=995 width=0)
	        Index Cond: ((id >= 8055657) AND (id <= 8056656))

table 4 : explain SELECT c FROM sbtest4 WHERE id BETWEEN 5732877 AND 5733876
	Bitmap Heap Scan on sbtest4  (cost=22.73..3875.68 rows=1004 width=121)
	  Recheck Cond: ((id >= 5732877) AND (id <= 5733876))
	  ->  Bitmap Index Scan on sbtest4_pkey  (cost=0.00..22.47 rows=1004 width=0)
	        Index Cond: ((id >= 5732877) AND (id <= 5733876))

table 5 : explain SELECT c FROM sbtest5 WHERE id BETWEEN 8350518 AND 8351517
	Bitmap Heap Scan on sbtest5  (cost=22.08..3639.13 rows=941 width=121)
	  Recheck Cond: ((id >= 8350518) AND (id <= 8351517))
	  ->  Bitmap Index Scan on sbtest5_pkey  (cost=0.00..21.84 rows=941 width=0)
	        Index Cond: ((id >= 8350518) AND (id <= 8351517))

table 6 : explain SELECT c FROM sbtest6 WHERE id BETWEEN 5975361 AND 5976360
	Bitmap Heap Scan on sbtest6  (cost=21.57..3449.60 rows=891 width=121)
	  Recheck Cond: ((id >= 5975361) AND (id <= 5976360))
	  ->  Bitmap Index Scan on sbtest6_pkey  (cost=0.00..21.34 rows=891 width=0)
	        Index Cond: ((id >= 5975361) AND (id <= 5976360))

table 7 : explain SELECT c FROM sbtest7 WHERE id BETWEEN 3951606 AND 3952605
	Bitmap Heap Scan on sbtest7  (cost=22.89..3936.10 rows=1020 width=121)
	  Recheck Cond: ((id >= 3951606) AND (id <= 3952605))
	  ->  Bitmap Index Scan on sbtest7_pkey  (cost=0.00..22.64 rows=1020 width=0)
	        Index Cond: ((id >= 3951606) AND (id <= 3952605))

table 8 : explain SELECT c FROM sbtest8 WHERE id BETWEEN 2007635 AND 2008634
	Bitmap Heap Scan on sbtest8  (cost=23.35..4105.63 rows=1065 width=121)
	  Recheck Cond: ((id >= 2007635) AND (id <= 2008634))
	  ->  Bitmap Index Scan on sbtest8_pkey  (cost=0.00..23.08 rows=1065 width=0)
	        Index Cond: ((id >= 2007635) AND (id <= 2008634))

explain: for point_selects :: explain SELECT c FROM sbtest%u WHERE id=%u
for: order_ranges
table 1 : explain SELECT c FROM sbtest1 WHERE id BETWEEN 2659068 AND 2660067 ORDER BY c
	Sort  (cost=3768.98..3771.39 rows=963 width=121)
	  Sort Key: c
	  ->  Bitmap Heap Scan on sbtest1  (cost=22.31..3721.26 rows=963 width=121)
	        Recheck Cond: ((id >= 2659068) AND (id <= 2660067))
	        ->  Bitmap Index Scan on sbtest1_pkey  (cost=0.00..22.07 rows=963 width=0)
	              Index Cond: ((id >= 2659068) AND (id <= 2660067))

table 2 : explain SELECT c FROM sbtest2 WHERE id BETWEEN 6417237 AND 6418236 ORDER BY c
	Sort  (cost=4052.83..4055.42 rows=1037 width=121)
	  Sort Key: c
	  ->  Bitmap Heap Scan on sbtest2  (cost=23.06..4000.89 rows=1037 width=121)
	        Recheck Cond: ((id >= 6417237) AND (id <= 6418236))
	        ->  Bitmap Index Scan on sbtest2_pkey  (cost=0.00..22.80 rows=1037 width=0)
	              Index Cond: ((id >= 6417237) AND (id <= 6418236))

table 3 : explain SELECT c FROM sbtest3 WHERE id BETWEEN 6494158 AND 6495157 ORDER BY c
	Sort  (cost=4333.35..4336.13 rows=1111 width=121)
	  Sort Key: c
	  ->  Bitmap Heap Scan on sbtest3  (cost=27.82..4277.15 rows=1111 width=121)
	        Recheck Cond: ((id >= 6494158) AND (id <= 6495157))
	        ->  Bitmap Index Scan on sbtest3_pkey  (cost=0.00..27.54 rows=1111 width=0)
	              Index Cond: ((id >= 6494158) AND (id <= 6495157))

table 4 : explain SELECT c FROM sbtest4 WHERE id BETWEEN 3990793 AND 3991792 ORDER BY c
	Sort  (cost=3925.74..3928.25 rows=1004 width=121)
	  Sort Key: c
	  ->  Bitmap Heap Scan on sbtest4  (cost=22.73..3875.68 rows=1004 width=121)
	        Recheck Cond: ((id >= 3990793) AND (id <= 3991792))
	        ->  Bitmap Index Scan on sbtest4_pkey  (cost=0.00..22.47 rows=1004 width=0)
	              Index Cond: ((id >= 3990793) AND (id <= 3991792))

table 5 : explain SELECT c FROM sbtest5 WHERE id BETWEEN 5277787 AND 5278786 ORDER BY c
	Sort  (cost=4297.22..4299.97 rows=1100 width=121)
	  Sort Key: c
	  ->  Bitmap Heap Scan on sbtest5  (cost=27.71..4241.65 rows=1100 width=121)
	        Recheck Cond: ((id >= 5277787) AND (id <= 5278786))
	        ->  Bitmap Index Scan on sbtest5_pkey  (cost=0.00..27.43 rows=1100 width=0)
	              Index Cond: ((id >= 5277787) AND (id <= 5278786))

table 6 : explain SELECT c FROM sbtest6 WHERE id BETWEEN 1524016 AND 1525015 ORDER BY c
	Sort  (cost=3830.37..3832.82 rows=979 width=121)
	  Sort Key: c
	  ->  Bitmap Heap Scan on sbtest6  (cost=22.47..3781.74 rows=979 width=121)
	        Recheck Cond: ((id >= 1524016) AND (id <= 1525015))
	        ->  Bitmap Index Scan on sbtest6_pkey  (cost=0.00..22.22 rows=979 width=0)
	              Index Cond: ((id >= 1524016) AND (id <= 1525015))

table 7 : explain SELECT c FROM sbtest7 WHERE id BETWEEN 235072 AND 236071 ORDER BY c
	Sort  (cost=4101.62..4104.25 rows=1050 width=121)
	  Sort Key: c
	  ->  Bitmap Heap Scan on sbtest7  (cost=23.20..4048.93 rows=1050 width=121)
	        Recheck Cond: ((id >= 235072) AND (id <= 236071))
	        ->  Bitmap Index Scan on sbtest7_pkey  (cost=0.00..22.93 rows=1050 width=0)
	              Index Cond: ((id >= 235072) AND (id <= 236071))

table 8 : explain SELECT c FROM sbtest8 WHERE id BETWEEN 527528 AND 528527 ORDER BY c
	Sort  (cost=3899.46..3901.96 rows=997 width=121)
	  Sort Key: c
	  ->  Bitmap Heap Scan on sbtest8  (cost=22.65..3849.81 rows=997 width=121)
	        Recheck Cond: ((id >= 527528) AND (id <= 528527))
	        ->  Bitmap Index Scan on sbtest8_pkey  (cost=0.00..22.40 rows=997 width=0)
	              Index Cond: ((id >= 527528) AND (id <= 528527))

for: simple_ranges
table 1 : explain SELECT c FROM sbtest1 WHERE id BETWEEN 752092 AND 753091
	Bitmap Heap Scan on sbtest1  (cost=22.85..3920.90 rows=1016 width=121)
	  Recheck Cond: ((id >= 752092) AND (id <= 753091))
	  ->  Bitmap Index Scan on sbtest1_pkey  (cost=0.00..22.59 rows=1016 width=0)
	        Index Cond: ((id >= 752092) AND (id <= 753091))

table 2 : explain SELECT c FROM sbtest2 WHERE id BETWEEN 5671247 AND 5672246
	Bitmap Heap Scan on sbtest2  (cost=22.62..3839.00 rows=994 width=121)
	  Recheck Cond: ((id >= 5671247) AND (id <= 5672246))
	  ->  Bitmap Index Scan on sbtest2_pkey  (cost=0.00..22.37 rows=994 width=0)
	        Index Cond: ((id >= 5671247) AND (id <= 5672246))

table 3 : explain SELECT c FROM sbtest3 WHERE id BETWEEN 7660423 AND 7661422
	Bitmap Heap Scan on sbtest3  (cost=22.09..3641.29 rows=942 width=121)
	  Recheck Cond: ((id >= 7660423) AND (id <= 7661422))
	  ->  Bitmap Index Scan on sbtest3_pkey  (cost=0.00..21.86 rows=942 width=0)
	        Index Cond: ((id >= 7660423) AND (id <= 7661422))

table 4 : explain SELECT c FROM sbtest4 WHERE id BETWEEN 8038889 AND 8039888
	Bitmap Heap Scan on sbtest4  (cost=23.11..4014.90 rows=1041 width=121)
	  Recheck Cond: ((id >= 8038889) AND (id <= 8039888))
	  ->  Bitmap Index Scan on sbtest4_pkey  (cost=0.00..22.84 rows=1041 width=0)
	        Index Cond: ((id >= 8038889) AND (id <= 8039888))

table 5 : explain SELECT c FROM sbtest5 WHERE id BETWEEN 7765240 AND 7766239
	Bitmap Heap Scan on sbtest5  (cost=27.78..4264.20 rows=1107 width=121)
	  Recheck Cond: ((id >= 7765240) AND (id <= 7766239))
	  ->  Bitmap Index Scan on sbtest5_pkey  (cost=0.00..27.50 rows=1107 width=0)
	        Index Cond: ((id >= 7765240) AND (id <= 7766239))

table 6 : explain SELECT c FROM sbtest6 WHERE id BETWEEN 607585 AND 608584
	Bitmap Heap Scan on sbtest6  (cost=22.17..3672.40 rows=950 width=121)
	  Recheck Cond: ((id >= 607585) AND (id <= 608584))
	  ->  Bitmap Index Scan on sbtest6_pkey  (cost=0.00..21.93 rows=950 width=0)
	        Index Cond: ((id >= 607585) AND (id <= 608584))

table 7 : explain SELECT c FROM sbtest7 WHERE id BETWEEN 8886944 AND 8887943
	Bitmap Heap Scan on sbtest7  (cost=22.70..3864.58 rows=1001 width=121)
	  Recheck Cond: ((id >= 8886944) AND (id <= 8887943))
	  ->  Bitmap Index Scan on sbtest7_pkey  (cost=0.00..22.44 rows=1001 width=0)
	        Index Cond: ((id >= 8886944) AND (id <= 8887943))

table 8 : explain SELECT c FROM sbtest8 WHERE id BETWEEN 1482984 AND 1483983
	Bitmap Heap Scan on sbtest8  (cost=22.49..3789.52 rows=981 width=121)
	  Recheck Cond: ((id >= 1482984) AND (id <= 1483983))
	  ->  Bitmap Index Scan on sbtest8_pkey  (cost=0.00..22.25 rows=981 width=0)
	        Index Cond: ((id >= 1482984) AND (id <= 1483983))

for: sum_ranges
table 1 : explain SELECT SUM(k) FROM sbtest1 WHERE id BETWEEN 5375721 AND 5376720
	Aggregate  (cost=3814.18..3814.19 rows=1 width=8)
	  ->  Bitmap Heap Scan on sbtest1  (cost=22.55..3811.71 rows=987 width=4)
	        Recheck Cond: ((id >= 5375721) AND (id <= 5376720))
	        ->  Bitmap Index Scan on sbtest1_pkey  (cost=0.00..22.30 rows=987 width=0)
	              Index Cond: ((id >= 5375721) AND (id <= 5376720))

table 2 : explain SELECT SUM(k) FROM sbtest2 WHERE id BETWEEN 8608186 AND 8609185
	Aggregate  (cost=3845.25..3845.26 rows=1 width=8)
	  ->  Bitmap Heap Scan on sbtest2  (cost=22.63..3842.77 rows=995 width=4)
	        Recheck Cond: ((id >= 8608186) AND (id <= 8609185))
	        ->  Bitmap Index Scan on sbtest2_pkey  (cost=0.00..22.39 rows=995 width=0)
	              Index Cond: ((id >= 8608186) AND (id <= 8609185))

table 3 : explain SELECT SUM(k) FROM sbtest3 WHERE id BETWEEN 7896005 AND 7897004
	Aggregate  (cost=4118.17..4118.18 rows=1 width=8)
	  ->  Bitmap Heap Scan on sbtest3  (cost=23.38..4115.50 rows=1068 width=4)
	        Recheck Cond: ((id >= 7896005) AND (id <= 7897004))
	        ->  Bitmap Index Scan on sbtest3_pkey  (cost=0.00..23.11 rows=1068 width=0)
	              Index Cond: ((id >= 7896005) AND (id <= 7897004))

table 4 : explain SELECT SUM(k) FROM sbtest4 WHERE id BETWEEN 676555 AND 677554
	Aggregate  (cost=4167.90..4167.91 rows=1 width=8)
	  ->  Bitmap Heap Scan on sbtest4  (cost=23.52..4165.20 rows=1081 width=4)
	        Recheck Cond: ((id >= 676555) AND (id <= 677554))
	        ->  Bitmap Index Scan on sbtest4_pkey  (cost=0.00..23.25 rows=1081 width=0)
	              Index Cond: ((id >= 676555) AND (id <= 677554))

table 5 : explain SELECT SUM(k) FROM sbtest5 WHERE id BETWEEN 4825063 AND 4826062
	Aggregate  (cost=4173.00..4173.01 rows=1 width=8)
	  ->  Bitmap Heap Scan on sbtest5  (cost=27.52..4170.30 rows=1081 width=4)
	        Recheck Cond: ((id >= 4825063) AND (id <= 4826062))
	        ->  Bitmap Index Scan on sbtest5_pkey  (cost=0.00..27.25 rows=1081 width=0)
	              Index Cond: ((id >= 4825063) AND (id <= 4826062))

table 6 : explain SELECT SUM(k) FROM sbtest6 WHERE id BETWEEN 1631998 AND 1632997
	Aggregate  (cost=3787.96..3787.97 rows=1 width=8)
	  ->  Bitmap Heap Scan on sbtest6  (cost=22.48..3785.51 rows=980 width=4)
	        Recheck Cond: ((id >= 1631998) AND (id <= 1632997))
	        ->  Bitmap Index Scan on sbtest6_pkey  (cost=0.00..22.23 rows=980 width=0)
	              Index Cond: ((id >= 1631998) AND (id <= 1632997))

table 7 : explain SELECT SUM(k) FROM sbtest7 WHERE id BETWEEN 5381383 AND 5382382
	Aggregate  (cost=4025.22..4025.23 rows=1 width=8)
	  ->  Bitmap Heap Scan on sbtest7  (cost=23.13..4022.62 rows=1043 width=4)
	        Recheck Cond: ((id >= 5381383) AND (id <= 5382382))
	        ->  Bitmap Index Scan on sbtest7_pkey  (cost=0.00..22.86 rows=1043 width=0)
	              Index Cond: ((id >= 5381383) AND (id <= 5382382))

table 8 : explain SELECT SUM(k) FROM sbtest8 WHERE id BETWEEN 2901046 AND 2902045
	Aggregate  (cost=3791.98..3791.99 rows=1 width=8)
	  ->  Bitmap Heap Scan on sbtest8  (cost=22.49..3789.52 rows=981 width=4)
	        Recheck Cond: ((id >= 2901046) AND (id <= 2902045))
	        ->  Bitmap Index Scan on sbtest8_pkey  (cost=0.00..22.25 rows=981 width=0)
	              Index Cond: ((id >= 2901046) AND (id <= 2902045))

for: order_ranges
table 1 : explain SELECT c FROM sbtest1 WHERE id BETWEEN 5128806 AND 5129805 ORDER BY c
	Sort  (cost=3849.32..3851.78 rows=984 width=121)
	  Sort Key: c
	  ->  Bitmap Heap Scan on sbtest1  (cost=22.52..3800.41 rows=984 width=121)
	        Recheck Cond: ((id >= 5128806) AND (id <= 5129805))
	        ->  Bitmap Index Scan on sbtest1_pkey  (cost=0.00..22.27 rows=984 width=0)
	              Index Cond: ((id >= 5128806) AND (id <= 5129805))

table 2 : explain SELECT c FROM sbtest2 WHERE id BETWEEN 9528029 AND 9529028 ORDER BY c
	Sort  (cost=3888.48..3890.97 rows=994 width=121)
	  Sort Key: c
	  ->  Bitmap Heap Scan on sbtest2  (cost=22.62..3839.00 rows=994 width=121)
	        Recheck Cond: ((id >= 9528029) AND (id <= 9529028))
	        ->  Bitmap Index Scan on sbtest2_pkey  (cost=0.00..22.37 rows=994 width=0)
	              Index Cond: ((id >= 9528029) AND (id <= 9529028))

table 3 : explain SELECT c FROM sbtest3 WHERE id BETWEEN 46197 AND 47196 ORDER BY c
	Sort  (cost=3932.59..3935.10 rows=1006 width=121)
	  Sort Key: c
	  ->  Bitmap Heap Scan on sbtest3  (cost=22.75..3882.42 rows=1006 width=121)
	        Recheck Cond: ((id >= 46197) AND (id <= 47196))
	        ->  Bitmap Index Scan on sbtest3_pkey  (cost=0.00..22.50 rows=1006 width=0)
	              Index Cond: ((id >= 46197) AND (id <= 47196))

table 4 : explain SELECT c FROM sbtest4 WHERE id BETWEEN 6760342 AND 6761341 ORDER BY c
	Sort  (cost=3719.18..3721.55 rows=950 width=121)
	  Sort Key: c
	  ->  Bitmap Heap Scan on sbtest4  (cost=22.17..3672.19 rows=950 width=121)
	        Recheck Cond: ((id >= 6760342) AND (id <= 6761341))
	        ->  Bitmap Index Scan on sbtest4_pkey  (cost=0.00..21.93 rows=950 width=0)
	              Index Cond: ((id >= 6760342) AND (id <= 6761341))

table 5 : explain SELECT c FROM sbtest5 WHERE id BETWEEN 6450124 AND 6451123 ORDER BY c
	Sort  (cost=3984.24..3986.78 rows=1018 width=121)
	  Sort Key: c
	  ->  Bitmap Heap Scan on sbtest5  (cost=26.87..3933.38 rows=1018 width=121)
	        Recheck Cond: ((id >= 6450124) AND (id <= 6451123))
	        ->  Bitmap Index Scan on sbtest5_pkey  (cost=0.00..26.61 rows=1018 width=0)
	              Index Cond: ((id >= 6450124) AND (id <= 6451123))

table 6 : explain SELECT c FROM sbtest6 WHERE id BETWEEN 3511478 AND 3512477 ORDER BY c
	Sort  (cost=3948.90..3951.43 rows=1010 width=121)
	  Sort Key: c
	  ->  Bitmap Heap Scan on sbtest6  (cost=22.79..3898.50 rows=1010 width=121)
	        Recheck Cond: ((id >= 3511478) AND (id <= 3512477))
	        ->  Bitmap Index Scan on sbtest6_pkey  (cost=0.00..22.54 rows=1010 width=0)
	              Index Cond: ((id >= 3511478) AND (id <= 3512477))

table 7 : explain SELECT c FROM sbtest7 WHERE id BETWEEN 2265903 AND 2266902 ORDER BY c
	Sort  (cost=4101.62..4104.25 rows=1050 width=121)
	  Sort Key: c
	  ->  Bitmap Heap Scan on sbtest7  (cost=23.20..4048.93 rows=1050 width=121)
	        Recheck Cond: ((id >= 2265903) AND (id <= 2266902))
	        ->  Bitmap Index Scan on sbtest7_pkey  (cost=0.00..22.93 rows=1050 width=0)
	              Index Cond: ((id >= 2265903) AND (id <= 2266902))

table 8 : explain SELECT c FROM sbtest8 WHERE id BETWEEN 2088867 AND 2089866 ORDER BY c
	Sort  (cost=3734.94..3737.32 rows=954 width=121)
	  Sort Key: c
	  ->  Bitmap Heap Scan on sbtest8  (cost=22.21..3687.72 rows=954 width=121)
	        Recheck Cond: ((id >= 2088867) AND (id <= 2089866))
	        ->  Bitmap Index Scan on sbtest8_pkey  (cost=0.00..21.97 rows=954 width=0)
	              Index Cond: ((id >= 2088867) AND (id <= 2089866))

for: sum_ranges
table 1 : explain SELECT SUM(k) FROM sbtest1 WHERE id BETWEEN 8314820 AND 8315819
	Aggregate  (cost=3870.71..3870.72 rows=1 width=8)
	  ->  Bitmap Heap Scan on sbtest1  (cost=22.71..3868.20 rows=1002 width=4)
	        Recheck Cond: ((id >= 8314820) AND (id <= 8315819))
	        ->  Bitmap Index Scan on sbtest1_pkey  (cost=0.00..22.45 rows=1002 width=0)
	              Index Cond: ((id >= 8314820) AND (id <= 8315819))

table 2 : explain SELECT SUM(k) FROM sbtest2 WHERE id BETWEEN 9384449 AND 9385448
	Aggregate  (cost=3652.81..3652.82 rows=1 width=8)
	  ->  Bitmap Heap Scan on sbtest2  (cost=22.11..3650.45 rows=944 width=4)
	        Recheck Cond: ((id >= 9384449) AND (id <= 9385448))
	        ->  Bitmap Index Scan on sbtest2_pkey  (cost=0.00..21.87 rows=944 width=0)
	              Index Cond: ((id >= 9384449) AND (id <= 9385448))

table 3 : explain SELECT SUM(k) FROM sbtest3 WHERE id BETWEEN 2095792 AND 2096791
	Aggregate  (cost=3647.42..3647.43 rows=1 width=8)
	  ->  Bitmap Heap Scan on sbtest3  (cost=22.10..3645.06 rows=943 width=4)
	        Recheck Cond: ((id >= 2095792) AND (id <= 2096791))
	        ->  Bitmap Index Scan on sbtest3_pkey  (cost=0.00..21.86 rows=943 width=0)
	              Index Cond: ((id >= 2095792) AND (id <= 2096791))

table 4 : explain SELECT SUM(k) FROM sbtest4 WHERE id BETWEEN 7554218 AND 7555217
	Aggregate  (cost=4002.45..4002.46 rows=1 width=8)
	  ->  Bitmap Heap Scan on sbtest4  (cost=23.06..3999.86 rows=1037 width=4)
	        Recheck Cond: ((id >= 7554218) AND (id <= 7555217))
	        ->  Bitmap Index Scan on sbtest4_pkey  (cost=0.00..22.80 rows=1037 width=0)
	              Index Cond: ((id >= 7554218) AND (id <= 7555217))

table 5 : explain SELECT SUM(k) FROM sbtest5 WHERE id BETWEEN 867784 AND 868783
	Aggregate  (cost=3841.48..3841.49 rows=1 width=8)
	  ->  Bitmap Heap Scan on sbtest5  (cost=22.62..3838.99 rows=994 width=4)
	        Recheck Cond: ((id >= 867784) AND (id <= 868783))
	        ->  Bitmap Index Scan on sbtest5_pkey  (cost=0.00..22.37 rows=994 width=0)
	              Index Cond: ((id >= 867784) AND (id <= 868783))

table 6 : explain SELECT SUM(k) FROM sbtest6 WHERE id BETWEEN 8505158 AND 8506157
	Aggregate  (cost=3542.57..3542.58 rows=1 width=8)
	  ->  Bitmap Heap Scan on sbtest6  (cost=21.81..3540.29 rows=915 width=4)
	        Recheck Cond: ((id >= 8505158) AND (id <= 8506157))
	        ->  Bitmap Index Scan on sbtest6_pkey  (cost=0.00..21.58 rows=915 width=0)
	              Index Cond: ((id >= 8505158) AND (id <= 8506157))

table 7 : explain SELECT SUM(k) FROM sbtest7 WHERE id BETWEEN 5156424 AND 5157423
	Aggregate  (cost=3904.75..3904.76 rows=1 width=8)
	  ->  Bitmap Heap Scan on sbtest7  (cost=22.80..3902.23 rows=1011 width=4)
	        Recheck Cond: ((id >= 5156424) AND (id <= 5157423))
	        ->  Bitmap Index Scan on sbtest7_pkey  (cost=0.00..22.54 rows=1011 width=0)
	              Index Cond: ((id >= 5156424) AND (id <= 5157423))

table 8 : explain SELECT SUM(k) FROM sbtest8 WHERE id BETWEEN 6372921 AND 6373920
	Aggregate  (cost=4051.87..4051.88 rows=1 width=8)
	  ->  Bitmap Heap Scan on sbtest8  (cost=23.20..4049.25 rows=1050 width=4)
	        Recheck Cond: ((id >= 6372921) AND (id <= 6373920))
	        ->  Bitmap Index Scan on sbtest8_pkey  (cost=0.00..22.93 rows=1050 width=0)
	              Index Cond: ((id >= 6372921) AND (id <= 6373920))

for: distinct_ranges
table 1 : explain SELECT DISTINCT c FROM sbtest1 WHERE id BETWEEN 6719217 AND 6720216 ORDER BY c
	Unique  (cost=3876.09..3881.05 rows=991 width=121)
	  ->  Sort  (cost=3876.09..3878.57 rows=991 width=121)
	        Sort Key: c
	        ->  Bitmap Heap Scan on sbtest1  (cost=22.59..3826.78 rows=991 width=121)
	              Recheck Cond: ((id >= 6719217) AND (id <= 6720216))
	              ->  Bitmap Index Scan on sbtest1_pkey  (cost=0.00..22.34 rows=991 width=0)
	                    Index Cond: ((id >= 6719217) AND (id <= 6720216))

table 2 : explain SELECT DISTINCT c FROM sbtest2 WHERE id BETWEEN 1121885 AND 1122884 ORDER BY c
	Unique  (cost=3861.71..3866.64 rows=987 width=121)
	  ->  Sort  (cost=3861.71..3864.18 rows=987 width=121)
	        Sort Key: c
	        ->  Bitmap Heap Scan on sbtest2  (cost=22.55..3812.62 rows=987 width=121)
	              Recheck Cond: ((id >= 1121885) AND (id <= 1122884))
	              ->  Bitmap Index Scan on sbtest2_pkey  (cost=0.00..22.30 rows=987 width=0)
	                    Index Cond: ((id >= 1121885) AND (id <= 1122884))

table 3 : explain SELECT DISTINCT c FROM sbtest3 WHERE id BETWEEN 3641746 AND 3642745 ORDER BY c
	Unique  (cost=3875.27..3880.22 rows=991 width=121)
	  ->  Sort  (cost=3875.27..3877.75 rows=991 width=121)
	        Sort Key: c
	        ->  Bitmap Heap Scan on sbtest3  (cost=22.59..3825.95 rows=991 width=121)
	              Recheck Cond: ((id >= 3641746) AND (id <= 3642745))
	              ->  Bitmap Index Scan on sbtest3_pkey  (cost=0.00..22.34 rows=991 width=0)
	                    Index Cond: ((id >= 3641746) AND (id <= 3642745))

table 4 : explain SELECT DISTINCT c FROM sbtest4 WHERE id BETWEEN 2727857 AND 2728856 ORDER BY c
	Unique  (cost=3906.63..3911.63 rows=999 width=121)
	  ->  Sort  (cost=3906.63..3909.13 rows=999 width=121)
	        Sort Key: c
	        ->  Bitmap Heap Scan on sbtest4  (cost=22.67..3856.86 rows=999 width=121)
	              Recheck Cond: ((id >= 2727857) AND (id <= 2728856))
	              ->  Bitmap Index Scan on sbtest4_pkey  (cost=0.00..22.43 rows=999 width=0)
	                    Index Cond: ((id >= 2727857) AND (id <= 2728856))

table 5 : explain SELECT DISTINCT c FROM sbtest5 WHERE id BETWEEN 6514203 AND 6515202 ORDER BY c
	Unique  (cost=4400.18..4405.82 rows=1128 width=121)
	  ->  Sort  (cost=4400.18..4403.00 rows=1128 width=121)
	        Sort Key: c
	        ->  Bitmap Heap Scan on sbtest5  (cost=28.00..4342.99 rows=1128 width=121)
	              Recheck Cond: ((id >= 6514203) AND (id <= 6515202))
	              ->  Bitmap Index Scan on sbtest5_pkey  (cost=0.00..27.71 rows=1128 width=0)
	                    Index Cond: ((id >= 6514203) AND (id <= 6515202))

table 6 : explain SELECT DISTINCT c FROM sbtest6 WHERE id BETWEEN 1543594 AND 1544593 ORDER BY c
	Unique  (cost=3834.20..3839.10 rows=980 width=121)
	  ->  Sort  (cost=3834.20..3836.65 rows=980 width=121)
	        Sort Key: c
	        ->  Bitmap Heap Scan on sbtest6  (cost=22.48..3785.51 rows=980 width=121)
	              Recheck Cond: ((id >= 1543594) AND (id <= 1544593))
	              ->  Bitmap Index Scan on sbtest6_pkey  (cost=0.00..22.23 rows=980 width=0)
	                    Index Cond: ((id >= 1543594) AND (id <= 1544593))

table 7 : explain SELECT DISTINCT c FROM sbtest7 WHERE id BETWEEN 9248585 AND 9249584 ORDER BY c
	Unique  (cost=3692.54..3697.26 rows=943 width=121)
	  ->  Sort  (cost=3692.54..3694.90 rows=943 width=121)
	        Sort Key: c
	        ->  Bitmap Heap Scan on sbtest7  (cost=22.10..3645.95 rows=943 width=121)
	              Recheck Cond: ((id >= 9248585) AND (id <= 9249584))
	              ->  Bitmap Index Scan on sbtest7_pkey  (cost=0.00..21.86 rows=943 width=0)
	                    Index Cond: ((id >= 9248585) AND (id <= 9249584))

table 8 : explain SELECT DISTINCT c FROM sbtest8 WHERE id BETWEEN 1079113 AND 1080112 ORDER BY c
	Unique  (cost=3968.27..3973.34 rows=1015 width=121)
	  ->  Sort  (cost=3968.27..3970.80 rows=1015 width=121)
	        Sort Key: c
	        ->  Bitmap Heap Scan on sbtest8  (cost=22.84..3917.58 rows=1015 width=121)
	              Recheck Cond: ((id >= 1079113) AND (id <= 1080112))
	              ->  Bitmap Index Scan on sbtest8_pkey  (cost=0.00..22.58 rows=1015 width=0)
	                    Index Cond: ((id >= 1079113) AND (id <= 1080112))

for: distinct_ranges
table 1 : explain SELECT DISTINCT c FROM sbtest1 WHERE id BETWEEN 8579494 AND 8580493 ORDER BY c
	Unique  (cost=3707.73..3712.47 rows=947 width=121)
	  ->  Sort  (cost=3707.73..3710.10 rows=947 width=121)
	        Sort Key: c
	        ->  Bitmap Heap Scan on sbtest1  (cost=22.14..3660.92 rows=947 width=121)
	              Recheck Cond: ((id >= 8579494) AND (id <= 8580493))
	              ->  Bitmap Index Scan on sbtest1_pkey  (cost=0.00..21.90 rows=947 width=0)
	                    Index Cond: ((id >= 8579494) AND (id <= 8580493))

table 2 : explain SELECT DISTINCT c FROM sbtest2 WHERE id BETWEEN 5408573 AND 5409572 ORDER BY c
	Unique  (cost=4236.21..4241.63 rows=1084 width=121)
	  ->  Sort  (cost=4236.21..4238.92 rows=1084 width=121)
	        Sort Key: c
	        ->  Bitmap Heap Scan on sbtest2  (cost=27.55..4181.57 rows=1084 width=121)
	              Recheck Cond: ((id >= 5408573) AND (id <= 5409572))
	              ->  Bitmap Index Scan on sbtest2_pkey  (cost=0.00..27.27 rows=1084 width=0)
	                    Index Cond: ((id >= 5408573) AND (id <= 5409572))

table 3 : explain SELECT DISTINCT c FROM sbtest3 WHERE id BETWEEN 2535280 AND 2536279 ORDER BY c
	Unique  (cost=3817.92..3822.80 rows=976 width=121)
	  ->  Sort  (cost=3817.92..3820.36 rows=976 width=121)
	        Sort Key: c
	        ->  Bitmap Heap Scan on sbtest3  (cost=22.44..3769.46 rows=976 width=121)
	              Recheck Cond: ((id >= 2535280) AND (id <= 2536279))
	              ->  Bitmap Index Scan on sbtest3_pkey  (cost=0.00..22.19 rows=976 width=0)
	                    Index Cond: ((id >= 2535280) AND (id <= 2536279))

table 4 : explain SELECT DISTINCT c FROM sbtest4 WHERE id BETWEEN 2623914 AND 2624913 ORDER BY c
	Unique  (cost=4135.77..4141.06 rows=1059 width=121)
	  ->  Sort  (cost=4135.77..4138.41 rows=1059 width=121)
	        Sort Key: c
	        ->  Bitmap Heap Scan on sbtest4  (cost=23.29..4082.56 rows=1059 width=121)
	              Recheck Cond: ((id >= 2623914) AND (id <= 2624913))
	              ->  Bitmap Index Scan on sbtest4_pkey  (cost=0.00..23.02 rows=1059 width=0)
	                    Index Cond: ((id >= 2623914) AND (id <= 2624913))

table 5 : explain SELECT DISTINCT c FROM sbtest5 WHERE id BETWEEN 9999473 AND 10000472 ORDER BY c
	Unique  (cost=2250.87..2253.71 rows=569 width=121)
	  ->  Sort  (cost=2250.87..2252.29 rows=569 width=121)
	        Sort Key: c
	        ->  Bitmap Heap Scan on sbtest5  (cost=14.27..2224.83 rows=569 width=121)
	              Recheck Cond: ((id >= 9999473) AND (id <= 10000472))
	              ->  Bitmap Index Scan on sbtest5_pkey  (cost=0.00..14.13 rows=569 width=0)
	                    Index Cond: ((id >= 9999473) AND (id <= 10000472))

table 6 : explain SELECT DISTINCT c FROM sbtest6 WHERE id BETWEEN 6908727 AND 6909726 ORDER BY c
	Unique  (cost=3704.07..3708.80 rows=946 width=121)
	  ->  Sort  (cost=3704.07..3706.43 rows=946 width=121)
	        Sort Key: c
	        ->  Bitmap Heap Scan on sbtest6  (cost=22.13..3657.31 rows=946 width=121)
	              Recheck Cond: ((id >= 6908727) AND (id <= 6909726))
	              ->  Bitmap Index Scan on sbtest6_pkey  (cost=0.00..21.89 rows=946 width=0)
	                    Index Cond: ((id >= 6908727) AND (id <= 6909726))

table 7 : explain SELECT DISTINCT c FROM sbtest7 WHERE id BETWEEN 2741185 AND 2742184 ORDER BY c
	Unique  (cost=4052.00..4057.18 rows=1037 width=121)
	  ->  Sort  (cost=4052.00..4054.59 rows=1037 width=121)
	        Sort Key: c
	        ->  Bitmap Heap Scan on sbtest7  (cost=23.06..4000.05 rows=1037 width=121)
	              Recheck Cond: ((id >= 2741185) AND (id <= 2742184))
	              ->  Bitmap Index Scan on sbtest7_pkey  (cost=0.00..22.80 rows=1037 width=0)
	                    Index Cond: ((id >= 2741185) AND (id <= 2742184))

table 8 : explain SELECT DISTINCT c FROM sbtest8 WHERE id BETWEEN 3141391 AND 3142390 ORDER BY c
	Unique  (cost=4048.49..4053.67 rows=1036 width=121)
	  ->  Sort  (cost=4048.49..4051.08 rows=1036 width=121)
	        Sort Key: c
	        ->  Bitmap Heap Scan on sbtest8  (cost=23.05..3996.60 rows=1036 width=121)
	              Recheck Cond: ((id >= 3141391) AND (id <= 3142390))
	              ->  Bitmap Index Scan on sbtest8_pkey  (cost=0.00..22.79 rows=1036 width=0)
	                    Index Cond: ((id >= 3141391) AND (id <= 3142390))

for point_selects
table 1 : explain SELECT c FROM sbtest1 WHERE id=4869325
	Index Scan using sbtest1_pkey on sbtest1  (cost=0.43..8.45 rows=1 width=121)
	  Index Cond: (id = 4869325)

table 2 : explain SELECT c FROM sbtest2 WHERE id=7285514
	Index Scan using sbtest2_pkey on sbtest2  (cost=0.43..8.45 rows=1 width=121)
	  Index Cond: (id = 7285514)

table 3 : explain SELECT c FROM sbtest3 WHERE id=6167381
	Index Scan using sbtest3_pkey on sbtest3  (cost=0.43..8.45 rows=1 width=121)
	  Index Cond: (id = 6167381)

table 4 : explain SELECT c FROM sbtest4 WHERE id=2293543
	Index Scan using sbtest4_pkey on sbtest4  (cost=0.43..8.45 rows=1 width=121)
	  Index Cond: (id = 2293543)

table 5 : explain SELECT c FROM sbtest5 WHERE id=5012690
	Index Scan using sbtest5_pkey on sbtest5  (cost=0.43..8.45 rows=1 width=121)
	  Index Cond: (id = 5012690)

table 6 : explain SELECT c FROM sbtest6 WHERE id=4084575
	Index Scan using sbtest6_pkey on sbtest6  (cost=0.43..8.45 rows=1 width=121)
	  Index Cond: (id = 4084575)

table 7 : explain SELECT c FROM sbtest7 WHERE id=4543359
	Index Scan using sbtest7_pkey on sbtest7  (cost=0.43..8.45 rows=1 width=121)
	  Index Cond: (id = 4543359)

table 8 : explain SELECT c FROM sbtest8 WHERE id=5199499
	Index Scan using sbtest8_pkey on sbtest8  (cost=0.43..8.45 rows=1 width=121)
	  Index Cond: (id = 5199499)

explain: for point_selects :: explain SELECT c FROM sbtest%u WHERE id=%u
for: order_ranges
table 1 : explain SELECT c FROM sbtest1 WHERE id BETWEEN 9704917 AND 9705916 ORDER BY c
	Sort  (cost=3393.32..3395.48 rows=865 width=121)
	  Sort Key: c
	  ->  Bitmap Heap Scan on sbtest1  (cost=21.30..3351.12 rows=865 width=121)
	        Recheck Cond: ((id >= 9704917) AND (id <= 9705916))
	        ->  Bitmap Index Scan on sbtest1_pkey  (cost=0.00..21.08 rows=865 width=0)
	              Index Cond: ((id >= 9704917) AND (id <= 9705916))

table 2 : explain SELECT c FROM sbtest2 WHERE id BETWEEN 5217785 AND 5218784 ORDER BY c
	Sort  (cost=3424.79..3426.97 rows=873 width=121)
	  Sort Key: c
	  ->  Bitmap Heap Scan on sbtest2  (cost=21.38..3382.14 rows=873 width=121)
	        Recheck Cond: ((id >= 5217785) AND (id <= 5218784))
	        ->  Bitmap Index Scan on sbtest2_pkey  (cost=0.00..21.16 rows=873 width=0)
	              Index Cond: ((id >= 5217785) AND (id <= 5218784))

table 3 : explain SELECT c FROM sbtest3 WHERE id BETWEEN 5201237 AND 5202236 ORDER BY c
	Sort  (cost=4302.88..4305.64 rows=1103 width=121)
	  Sort Key: c
	  ->  Bitmap Heap Scan on sbtest3  (cost=27.74..4247.14 rows=1103 width=121)
	        Recheck Cond: ((id >= 5201237) AND (id <= 5202236))
	        ->  Bitmap Index Scan on sbtest3_pkey  (cost=0.00..27.46 rows=1103 width=0)
	              Index Cond: ((id >= 5201237) AND (id <= 5202236))

table 4 : explain SELECT c FROM sbtest4 WHERE id BETWEEN 4988952 AND 4989951 ORDER BY c
	Sort  (cost=3895.16..3897.65 rows=996 width=121)
	  Sort Key: c
	  ->  Bitmap Heap Scan on sbtest4  (cost=22.64..3845.56 rows=996 width=121)
	        Recheck Cond: ((id >= 4988952) AND (id <= 4989951))
	        ->  Bitmap Index Scan on sbtest4_pkey  (cost=0.00..22.39 rows=996 width=0)
	              Index Cond: ((id >= 4988952) AND (id <= 4989951))

table 5 : explain SELECT c FROM sbtest5 WHERE id BETWEEN 260567 AND 261566 ORDER BY c
	Sort  (cost=3455.50..3457.70 rows=881 width=121)
	  Sort Key: c
	  ->  Bitmap Heap Scan on sbtest5  (cost=21.47..3412.41 rows=881 width=121)
	        Recheck Cond: ((id >= 260567) AND (id <= 261566))
	        ->  Bitmap Index Scan on sbtest5_pkey  (cost=0.00..21.25 rows=881 width=0)
	              Index Cond: ((id >= 260567) AND (id <= 261566))

table 6 : explain SELECT c FROM sbtest6 WHERE id BETWEEN 3321789 AND 3322788 ORDER BY c
	Sort  (cost=3750.01..3752.41 rows=958 width=121)
	  Sort Key: c
	  ->  Bitmap Heap Scan on sbtest6  (cost=22.25..3702.57 rows=958 width=121)
	        Recheck Cond: ((id >= 3321789) AND (id <= 3322788))
	        ->  Bitmap Index Scan on sbtest6_pkey  (cost=0.00..22.01 rows=958 width=0)
	              Index Cond: ((id >= 3321789) AND (id <= 3322788))

table 7 : explain SELECT c FROM sbtest7 WHERE id BETWEEN 7338201 AND 7339200 ORDER BY c
	Sort  (cost=3967.97..3970.50 rows=1015 width=121)
	  Sort Key: c
	  ->  Bitmap Heap Scan on sbtest7  (cost=22.84..3917.28 rows=1015 width=121)
	        Recheck Cond: ((id >= 7338201) AND (id <= 7339200))
	        ->  Bitmap Index Scan on sbtest7_pkey  (cost=0.00..22.58 rows=1015 width=0)
	              Index Cond: ((id >= 7338201) AND (id <= 7339200))

table 8 : explain SELECT c FROM sbtest8 WHERE id BETWEEN 2772926 AND 2773925 ORDER BY c
	Sort  (cost=3910.93..3913.43 rows=1000 width=121)
	  Sort Key: c
	  ->  Bitmap Heap Scan on sbtest8  (cost=22.68..3861.10 rows=1000 width=121)
	        Recheck Cond: ((id >= 2772926) AND (id <= 2773925))
	        ->  Bitmap Index Scan on sbtest8_pkey  (cost=0.00..22.43 rows=1000 width=0)
	              Index Cond: ((id >= 2772926) AND (id <= 2773925))

for: sum_ranges
table 1 : explain SELECT SUM(k) FROM sbtest1 WHERE id BETWEEN 5925126 AND 5926125
	Aggregate  (cost=3644.41..3644.42 rows=1 width=8)
	  ->  Bitmap Heap Scan on sbtest1  (cost=22.09..3642.05 rows=942 width=4)
	        Recheck Cond: ((id >= 5925126) AND (id <= 5926125))
	        ->  Bitmap Index Scan on sbtest1_pkey  (cost=0.00..21.86 rows=942 width=0)
	              Index Cond: ((id >= 5925126) AND (id <= 5926125))

table 2 : explain SELECT SUM(k) FROM sbtest2 WHERE id BETWEEN 1864575 AND 1865574
	Aggregate  (cost=4052.41..4052.42 rows=1 width=8)
	  ->  Bitmap Heap Scan on sbtest2  (cost=23.20..4049.78 rows=1050 width=4)
	        Recheck Cond: ((id >= 1864575) AND (id <= 1865574))
	        ->  Bitmap Index Scan on sbtest2_pkey  (cost=0.00..22.93 rows=1050 width=0)
	              Index Cond: ((id >= 1864575) AND (id <= 1865574))

table 3 : explain SELECT SUM(k) FROM sbtest3 WHERE id BETWEEN 32031 AND 33030
	Aggregate  (cost=3884.93..3884.94 rows=1 width=8)
	  ->  Bitmap Heap Scan on sbtest3  (cost=22.75..3882.42 rows=1006 width=4)
	        Recheck Cond: ((id >= 32031) AND (id <= 33030))
	        ->  Bitmap Index Scan on sbtest3_pkey  (cost=0.00..22.50 rows=1006 width=0)
	              Index Cond: ((id >= 32031) AND (id <= 33030))

table 4 : explain SELECT SUM(k) FROM sbtest4 WHERE id BETWEEN 4571768 AND 4572767
	Aggregate  (cost=3719.85..3719.86 rows=1 width=8)
	  ->  Bitmap Heap Scan on sbtest4  (cost=22.30..3717.44 rows=962 width=4)
	        Recheck Cond: ((id >= 4571768) AND (id <= 4572767))
	        ->  Bitmap Index Scan on sbtest4_pkey  (cost=0.00..22.05 rows=962 width=0)
	              Index Cond: ((id >= 4571768) AND (id <= 4572767))

table 5 : explain SELECT SUM(k) FROM sbtest5 WHERE id BETWEEN 2705439 AND 2706438
	Aggregate  (cost=3788.69..3788.70 rows=1 width=8)
	  ->  Bitmap Heap Scan on sbtest5  (cost=22.48..3786.24 rows=980 width=4)
	        Recheck Cond: ((id >= 2705439) AND (id <= 2706438))
	        ->  Bitmap Index Scan on sbtest5_pkey  (cost=0.00..22.23 rows=980 width=0)
	              Index Cond: ((id >= 2705439) AND (id <= 2706438))

table 6 : explain SELECT SUM(k) FROM sbtest6 WHERE id BETWEEN 3175406 AND 3176405
	Aggregate  (cost=3746.47..3746.48 rows=1 width=8)
	  ->  Bitmap Heap Scan on sbtest6  (cost=22.37..3744.05 rows=969 width=4)
	        Recheck Cond: ((id >= 3175406) AND (id <= 3176405))
	        ->  Bitmap Index Scan on sbtest6_pkey  (cost=0.00..22.12 rows=969 width=0)
	              Index Cond: ((id >= 3175406) AND (id <= 3176405))

table 7 : explain SELECT SUM(k) FROM sbtest7 WHERE id BETWEEN 691289 AND 692288
	Aggregate  (cost=3791.69..3791.70 rows=1 width=8)
	  ->  Bitmap Heap Scan on sbtest7  (cost=22.49..3789.24 rows=981 width=4)
	        Recheck Cond: ((id >= 691289) AND (id <= 692288))
	        ->  Bitmap Index Scan on sbtest7_pkey  (cost=0.00..22.25 rows=981 width=0)
	              Index Cond: ((id >= 691289) AND (id <= 692288))

table 8 : explain SELECT SUM(k) FROM sbtest8 WHERE id BETWEEN 7709972 AND 7710971
	Aggregate  (cost=3776.89..3776.90 rows=1 width=8)
	  ->  Bitmap Heap Scan on sbtest8  (cost=22.45..3774.45 rows=977 width=4)
	        Recheck Cond: ((id >= 7709972) AND (id <= 7710971))
	        ->  Bitmap Index Scan on sbtest8_pkey  (cost=0.00..22.20 rows=977 width=0)
	              Index Cond: ((id >= 7709972) AND (id <= 7710971))

for: sum_ranges
table 1 : explain SELECT SUM(k) FROM sbtest1 WHERE id BETWEEN 5981278 AND 5982277
	Aggregate  (cost=3644.41..3644.42 rows=1 width=8)
	  ->  Bitmap Heap Scan on sbtest1  (cost=22.09..3642.05 rows=942 width=4)
	        Recheck Cond: ((id >= 5981278) AND (id <= 5982277))
	        ->  Bitmap Index Scan on sbtest1_pkey  (cost=0.00..21.86 rows=942 width=0)
	              Index Cond: ((id >= 5981278) AND (id <= 5982277))

table 2 : explain SELECT SUM(k) FROM sbtest2 WHERE id BETWEEN 4520931 AND 4521930
	Aggregate  (cost=3497.85..3497.86 rows=1 width=8)
	  ->  Bitmap Heap Scan on sbtest2  (cost=21.69..3495.60 rows=903 width=4)
	        Recheck Cond: ((id >= 4520931) AND (id <= 4521930))
	        ->  Bitmap Index Scan on sbtest2_pkey  (cost=0.00..21.46 rows=903 width=0)
	              Index Cond: ((id >= 4520931) AND (id <= 4521930))

table 3 : explain SELECT SUM(k) FROM sbtest3 WHERE id BETWEEN 706732 AND 707731
	Aggregate  (cost=4167.02..4167.03 rows=1 width=8)
	  ->  Bitmap Heap Scan on sbtest3  (cost=23.52..4164.31 rows=1081 width=4)
	        Recheck Cond: ((id >= 706732) AND (id <= 707731))
	        ->  Bitmap Index Scan on sbtest3_pkey  (cost=0.00..23.25 rows=1081 width=0)
	              Index Cond: ((id >= 706732) AND (id <= 707731))

table 4 : explain SELECT SUM(k) FROM sbtest4 WHERE id BETWEEN 6535676 AND 6536675
	Aggregate  (cost=4254.57..4254.58 rows=1 width=8)
	  ->  Bitmap Heap Scan on sbtest4  (cost=27.75..4251.81 rows=1104 width=4)
	        Recheck Cond: ((id >= 6535676) AND (id <= 6536675))
	        ->  Bitmap Index Scan on sbtest4_pkey  (cost=0.00..27.47 rows=1104 width=0)
	              Index Cond: ((id >= 6535676) AND (id <= 6536675))

table 5 : explain SELECT SUM(k) FROM sbtest5 WHERE id BETWEEN 5074906 AND 5075905
	Aggregate  (cost=3875.64..3875.65 rows=1 width=8)
	  ->  Bitmap Heap Scan on sbtest5  (cost=26.71..3873.13 rows=1002 width=4)
	        Recheck Cond: ((id >= 5074906) AND (id <= 5075905))
	        ->  Bitmap Index Scan on sbtest5_pkey  (cost=0.00..26.45 rows=1002 width=0)
	              Index Cond: ((id >= 5074906) AND (id <= 5075905))

table 6 : explain SELECT SUM(k) FROM sbtest6 WHERE id BETWEEN 9865630 AND 9866629
	Aggregate  (cost=3806.81..3806.82 rows=1 width=8)
	  ->  Bitmap Heap Scan on sbtest6  (cost=22.53..3804.35 rows=985 width=4)
	        Recheck Cond: ((id >= 9865630) AND (id <= 9866629))
	        ->  Bitmap Index Scan on sbtest6_pkey  (cost=0.00..22.29 rows=985 width=0)
	              Index Cond: ((id >= 9865630) AND (id <= 9866629))

table 7 : explain SELECT SUM(k) FROM sbtest7 WHERE id BETWEEN 6867500 AND 6868499
	Aggregate  (cost=3723.80..3723.81 rows=1 width=8)
	  ->  Bitmap Heap Scan on sbtest7  (cost=22.31..3721.39 rows=963 width=4)
	        Recheck Cond: ((id >= 6867500) AND (id <= 6868499))
	        ->  Bitmap Index Scan on sbtest7_pkey  (cost=0.00..22.07 rows=963 width=0)
	              Index Cond: ((id >= 6867500) AND (id <= 6868499))

table 8 : explain SELECT SUM(k) FROM sbtest8 WHERE id BETWEEN 4577541 AND 4578540
	Aggregate  (cost=3859.84..3859.85 rows=1 width=8)
	  ->  Bitmap Heap Scan on sbtest8  (cost=22.67..3857.34 rows=999 width=4)
	        Recheck Cond: ((id >= 4577541) AND (id <= 4578540))
	        ->  Bitmap Index Scan on sbtest8_pkey  (cost=0.00..22.43 rows=999 width=0)
	              Index Cond: ((id >= 4577541) AND (id <= 4578540))

for: distinct_ranges
table 1 : explain SELECT DISTINCT c FROM sbtest1 WHERE id BETWEEN 5926182 AND 5927181 ORDER BY c
	Unique  (cost=3688.59..3693.30 rows=942 width=121)
	  ->  Sort  (cost=3688.59..3690.94 rows=942 width=121)
	        Sort Key: c
	        ->  Bitmap Heap Scan on sbtest1  (cost=22.09..3642.05 rows=942 width=121)
	              Recheck Cond: ((id >= 5926182) AND (id <= 5927181))
	              ->  Bitmap Index Scan on sbtest1_pkey  (cost=0.00..21.86 rows=942 width=0)
	                    Index Cond: ((id >= 5926182) AND (id <= 5927181))

table 2 : explain SELECT DISTINCT c FROM sbtest2 WHERE id BETWEEN 1435527 AND 1436526 ORDER BY c
	Unique  (cost=4240.03..4245.45 rows=1085 width=121)
	  ->  Sort  (cost=4240.03..4242.74 rows=1085 width=121)
	        Sort Key: c
	        ->  Bitmap Heap Scan on sbtest2  (cost=27.56..4185.32 rows=1085 width=121)
	              Recheck Cond: ((id >= 1435527) AND (id <= 1436526))
	              ->  Bitmap Index Scan on sbtest2_pkey  (cost=0.00..27.29 rows=1085 width=0)
	                    Index Cond: ((id >= 1435527) AND (id <= 1436526))

table 3 : explain SELECT DISTINCT c FROM sbtest3 WHERE id BETWEEN 5326874 AND 5327873 ORDER BY c
	Unique  (cost=4367.62..4373.22 rows=1120 width=121)
	  ->  Sort  (cost=4367.62..4370.42 rows=1120 width=121)
	        Sort Key: c
	        ->  Bitmap Heap Scan on sbtest3  (cost=27.92..4310.89 rows=1120 width=121)
	              Recheck Cond: ((id >= 5326874) AND (id <= 5327873))
	              ->  Bitmap Index Scan on sbtest3_pkey  (cost=0.00..27.64 rows=1120 width=0)
	                    Index Cond: ((id >= 5326874) AND (id <= 5327873))

table 4 : explain SELECT DISTINCT c FROM sbtest4 WHERE id BETWEEN 8553866 AND 8554865 ORDER BY c
	Unique  (cost=3814.85..3819.73 rows=975 width=121)
	  ->  Sort  (cost=3814.85..3817.29 rows=975 width=121)
	        Sort Key: c
	        ->  Bitmap Heap Scan on sbtest4  (cost=22.43..3766.45 rows=975 width=121)
	              Recheck Cond: ((id >= 8553866) AND (id <= 8554865))
	              ->  Bitmap Index Scan on sbtest4_pkey  (cost=0.00..22.18 rows=975 width=0)
	                    Index Cond: ((id >= 8553866) AND (id <= 8554865))

table 5 : explain SELECT DISTINCT c FROM sbtest5 WHERE id BETWEEN 2065112 AND 2066111 ORDER BY c
	Unique  (cost=4102.65..4107.90 rows=1049 width=121)
	  ->  Sort  (cost=4102.65..4105.28 rows=1049 width=121)
	        Sort Key: c
	        ->  Bitmap Heap Scan on sbtest5  (cost=27.19..4050.02 rows=1049 width=121)
	              Recheck Cond: ((id >= 2065112) AND (id <= 2066111))
	              ->  Bitmap Index Scan on sbtest5_pkey  (cost=0.00..26.93 rows=1049 width=0)
	                    Index Cond: ((id >= 2065112) AND (id <= 2066111))

table 6 : explain SELECT DISTINCT c FROM sbtest6 WHERE id BETWEEN 247940 AND 248939 ORDER BY c
	Unique  (cost=3734.70..3739.47 rows=954 width=121)
	  ->  Sort  (cost=3734.70..3737.09 rows=954 width=121)
	        Sort Key: c
	        ->  Bitmap Heap Scan on sbtest6  (cost=22.21..3687.49 rows=954 width=121)
	              Recheck Cond: ((id >= 247940) AND (id <= 248939))
	              ->  Bitmap Index Scan on sbtest6_pkey  (cost=0.00..21.97 rows=954 width=0)
	                    Index Cond: ((id >= 247940) AND (id <= 248939))

table 7 : explain SELECT DISTINCT c FROM sbtest7 WHERE id BETWEEN 3098174 AND 3099173 ORDER BY c
	Unique  (cost=4082.54..4087.76 rows=1045 width=121)
	  ->  Sort  (cost=4082.54..4085.15 rows=1045 width=121)
	        Sort Key: c
	        ->  Bitmap Heap Scan on sbtest7  (cost=23.15..4030.14 rows=1045 width=121)
	              Recheck Cond: ((id >= 3098174) AND (id <= 3099173))
	              ->  Bitmap Index Scan on sbtest7_pkey  (cost=0.00..22.89 rows=1045 width=0)
	                    Index Cond: ((id >= 3098174) AND (id <= 3099173))

table 8 : explain SELECT DISTINCT c FROM sbtest8 WHERE id BETWEEN 8457238 AND 8458237 ORDER BY c
	Unique  (cost=3612.35..3616.96 rows=922 width=121)
	  ->  Sort  (cost=3612.35..3614.65 rows=922 width=121)
	        Sort Key: c
	        ->  Bitmap Heap Scan on sbtest8  (cost=21.89..3566.95 rows=922 width=121)
	              Recheck Cond: ((id >= 8457238) AND (id <= 8458237))
	              ->  Bitmap Index Scan on sbtest8_pkey  (cost=0.00..21.65 rows=922 width=0)
	                    Index Cond: ((id >= 8457238) AND (id <= 8458237))

for point_selects
table 1 : explain SELECT c FROM sbtest1 WHERE id=4027246
	Index Scan using sbtest1_pkey on sbtest1  (cost=0.43..8.45 rows=1 width=121)
	  Index Cond: (id = 4027246)

table 2 : explain SELECT c FROM sbtest2 WHERE id=4193213
	Index Scan using sbtest2_pkey on sbtest2  (cost=0.43..8.45 rows=1 width=121)
	  Index Cond: (id = 4193213)

table 3 : explain SELECT c FROM sbtest3 WHERE id=4198283
	Index Scan using sbtest3_pkey on sbtest3  (cost=0.43..8.45 rows=1 width=121)
	  Index Cond: (id = 4198283)

table 4 : explain SELECT c FROM sbtest4 WHERE id=2462642
	Index Scan using sbtest4_pkey on sbtest4  (cost=0.43..8.45 rows=1 width=121)
	  Index Cond: (id = 2462642)

table 5 : explain SELECT c FROM sbtest5 WHERE id=7294319
	Index Scan using sbtest5_pkey on sbtest5  (cost=0.43..8.45 rows=1 width=121)
	  Index Cond: (id = 7294319)

table 6 : explain SELECT c FROM sbtest6 WHERE id=7703440
	Index Scan using sbtest6_pkey on sbtest6  (cost=0.43..8.45 rows=1 width=121)
	  Index Cond: (id = 7703440)

table 7 : explain SELECT c FROM sbtest7 WHERE id=7330004
	Index Scan using sbtest7_pkey on sbtest7  (cost=0.43..8.45 rows=1 width=121)
	  Index Cond: (id = 7330004)

table 8 : explain SELECT c FROM sbtest8 WHERE id=5154076
	Index Scan using sbtest8_pkey on sbtest8  (cost=0.43..8.45 rows=1 width=121)
	  Index Cond: (id = 5154076)

for point_selects
table 1 : explain SELECT c FROM sbtest1 WHERE id=9608903
	Index Scan using sbtest1_pkey on sbtest1  (cost=0.43..8.45 rows=1 width=121)
	  Index Cond: (id = 9608903)

table 2 : explain SELECT c FROM sbtest2 WHERE id=2485210
	Index Scan using sbtest2_pkey on sbtest2  (cost=0.43..8.45 rows=1 width=121)
	  Index Cond: (id = 2485210)

table 3 : explain SELECT c FROM sbtest3 WHERE id=8231247
	Index Scan using sbtest3_pkey on sbtest3  (cost=0.43..8.45 rows=1 width=121)
	  Index Cond: (id = 8231247)

table 4 : explain SELECT c FROM sbtest4 WHERE id=4063258
	Index Scan using sbtest4_pkey on sbtest4  (cost=0.43..8.45 rows=1 width=121)
	  Index Cond: (id = 4063258)

table 5 : explain SELECT c FROM sbtest5 WHERE id=170728
	Index Scan using sbtest5_pkey on sbtest5  (cost=0.43..8.45 rows=1 width=121)
	  Index Cond: (id = 170728)

table 6 : explain SELECT c FROM sbtest6 WHERE id=7596578
	Index Scan using sbtest6_pkey on sbtest6  (cost=0.43..8.45 rows=1 width=121)
	  Index Cond: (id = 7596578)

table 7 : explain SELECT c FROM sbtest7 WHERE id=2590735
	Index Scan using sbtest7_pkey on sbtest7  (cost=0.43..8.45 rows=1 width=121)
	  Index Cond: (id = 2590735)

table 8 : explain SELECT c FROM sbtest8 WHERE id=800681
	Index Scan using sbtest8_pkey on sbtest8  (cost=0.43..8.45 rows=1 width=121)
	  Index Cond: (id = 800681)

for: simple_ranges
table 1 : explain SELECT c FROM sbtest1 WHERE id BETWEEN 1965391 AND 1966390
	Bitmap Heap Scan on sbtest1  (cost=22.99..3973.58 rows=1030 width=121)
	  Recheck Cond: ((id >= 1965391) AND (id <= 1966390))
	  ->  Bitmap Index Scan on sbtest1_pkey  (cost=0.00..22.73 rows=1030 width=0)
	        Index Cond: ((id >= 1965391) AND (id <= 1966390))

table 2 : explain SELECT c FROM sbtest2 WHERE id BETWEEN 9844601 AND 9845600
	Bitmap Heap Scan on sbtest2  (cost=22.31..3722.14 rows=963 width=121)
	  Recheck Cond: ((id >= 9844601) AND (id <= 9845600))
	  ->  Bitmap Index Scan on sbtest2_pkey  (cost=0.00..22.07 rows=963 width=0)
	        Index Cond: ((id >= 9844601) AND (id <= 9845600))

table 3 : explain SELECT c FROM sbtest3 WHERE id BETWEEN 5194474 AND 5195473
	Bitmap Heap Scan on sbtest3  (cost=27.74..4247.14 rows=1103 width=121)
	  Recheck Cond: ((id >= 5194474) AND (id <= 5195473))
	  ->  Bitmap Index Scan on sbtest3_pkey  (cost=0.00..27.46 rows=1103 width=0)
	        Index Cond: ((id >= 5194474) AND (id <= 5195473))

table 4 : explain SELECT c FROM sbtest4 WHERE id BETWEEN 5112931 AND 5113930
	Bitmap Heap Scan on sbtest4  (cost=28.17..4405.55 rows=1145 width=121)
	  Recheck Cond: ((id >= 5112931) AND (id <= 5113930))
	  ->  Bitmap Index Scan on sbtest4_pkey  (cost=0.00..27.89 rows=1145 width=0)
	        Index Cond: ((id >= 5112931) AND (id <= 5113930))

table 5 : explain SELECT c FROM sbtest5 WHERE id BETWEEN 3839765 AND 3840764
	Bitmap Heap Scan on sbtest5  (cost=26.86..3929.62 rows=1017 width=121)
	  Recheck Cond: ((id >= 3839765) AND (id <= 3840764))
	  ->  Bitmap Index Scan on sbtest5_pkey  (cost=0.00..26.61 rows=1017 width=0)
	        Index Cond: ((id >= 3839765) AND (id <= 3840764))

table 6 : explain SELECT c FROM sbtest6 WHERE id BETWEEN 2533978 AND 2534977
	Bitmap Heap Scan on sbtest6  (cost=22.82..3909.79 rows=1013 width=121)
	  Recheck Cond: ((id >= 2533978) AND (id <= 2534977))
	  ->  Bitmap Index Scan on sbtest6_pkey  (cost=0.00..22.57 rows=1013 width=0)
	        Index Cond: ((id >= 2533978) AND (id <= 2534977))

table 7 : explain SELECT c FROM sbtest7 WHERE id BETWEEN 5742746 AND 5743745
	Bitmap Heap Scan on sbtest7  (cost=23.11..4015.10 rows=1041 width=121)
	  Recheck Cond: ((id >= 5742746) AND (id <= 5743745))
	  ->  Bitmap Index Scan on sbtest7_pkey  (cost=0.00..22.84 rows=1041 width=0)
	        Index Cond: ((id >= 5742746) AND (id <= 5743745))

table 8 : explain SELECT c FROM sbtest8 WHERE id BETWEEN 3990250 AND 3991249
	Bitmap Heap Scan on sbtest8  (cost=27.55..4181.01 rows=1084 width=121)
	  Recheck Cond: ((id >= 3990250) AND (id <= 3991249))
	  ->  Bitmap Index Scan on sbtest8_pkey  (cost=0.00..27.27 rows=1084 width=0)
	        Index Cond: ((id >= 3990250) AND (id <= 3991249))

for: sum_ranges
table 1 : explain SELECT SUM(k) FROM sbtest1 WHERE id BETWEEN 284578 AND 285577
	Aggregate  (cost=4235.85..4235.86 rows=1 width=8)
	  ->  Bitmap Heap Scan on sbtest1  (cost=27.70..4233.10 rows=1099 width=4)
	        Recheck Cond: ((id >= 284578) AND (id <= 285577))
	        ->  Bitmap Index Scan on sbtest1_pkey  (cost=0.00..27.43 rows=1099 width=0)
	              Index Cond: ((id >= 284578) AND (id <= 285577))

table 2 : explain SELECT SUM(k) FROM sbtest2 WHERE id BETWEEN 8763253 AND 8764252
	Aggregate  (cost=4124.12..4124.13 rows=1 width=8)
	  ->  Bitmap Heap Scan on sbtest2  (cost=27.38..4121.45 rows=1068 width=4)
	        Recheck Cond: ((id >= 8763253) AND (id <= 8764252))
	        ->  Bitmap Index Scan on sbtest2_pkey  (cost=0.00..27.11 rows=1068 width=0)
	              Index Cond: ((id >= 8763253) AND (id <= 8764252))

table 3 : explain SELECT SUM(k) FROM sbtest3 WHERE id BETWEEN 7259191 AND 7260190
	Aggregate  (cost=3963.99..3964.00 rows=1 width=8)
	  ->  Bitmap Heap Scan on sbtest3  (cost=22.96..3961.42 rows=1027 width=4)
	        Recheck Cond: ((id >= 7259191) AND (id <= 7260190))
	        ->  Bitmap Index Scan on sbtest3_pkey  (cost=0.00..22.70 rows=1027 width=0)
	              Index Cond: ((id >= 7259191) AND (id <= 7260190))

table 4 : explain SELECT SUM(k) FROM sbtest4 WHERE id BETWEEN 8785615 AND 8786614
	Aggregate  (cost=3542.38..3542.39 rows=1 width=8)
	  ->  Bitmap Heap Scan on sbtest4  (cost=21.81..3540.09 rows=915 width=4)
	        Recheck Cond: ((id >= 8785615) AND (id <= 8786614))
	        ->  Bitmap Index Scan on sbtest4_pkey  (cost=0.00..21.58 rows=915 width=0)
	              Index Cond: ((id >= 8785615) AND (id <= 8786614))

table 5 : explain SELECT SUM(k) FROM sbtest5 WHERE id BETWEEN 361520 AND 362519
	Aggregate  (cost=3788.69..3788.70 rows=1 width=8)
	  ->  Bitmap Heap Scan on sbtest5  (cost=22.48..3786.24 rows=980 width=4)
	        Recheck Cond: ((id >= 361520) AND (id <= 362519))
	        ->  Bitmap Index Scan on sbtest5_pkey  (cost=0.00..22.23 rows=980 width=0)
	              Index Cond: ((id >= 361520) AND (id <= 362519))

table 6 : explain SELECT SUM(k) FROM sbtest6 WHERE id BETWEEN 9598249 AND 9599248
	Aggregate  (cost=4040.31..4040.32 rows=1 width=8)
	  ->  Bitmap Heap Scan on sbtest6  (cost=23.17..4037.70 rows=1047 width=4)
	        Recheck Cond: ((id >= 9598249) AND (id <= 9599248))
	        ->  Bitmap Index Scan on sbtest6_pkey  (cost=0.00..22.90 rows=1047 width=0)
	              Index Cond: ((id >= 9598249) AND (id <= 9599248))

table 7 : explain SELECT SUM(k) FROM sbtest7 WHERE id BETWEEN 9414369 AND 9415368
	Aggregate  (cost=3983.83..3983.84 rows=1 width=8)
	  ->  Bitmap Heap Scan on sbtest7  (cost=23.01..3981.25 rows=1032 width=4)
	        Recheck Cond: ((id >= 9414369) AND (id <= 9415368))
	        ->  Bitmap Index Scan on sbtest7_pkey  (cost=0.00..22.75 rows=1032 width=0)
	              Index Cond: ((id >= 9414369) AND (id <= 9415368))

table 8 : explain SELECT SUM(k) FROM sbtest8 WHERE id BETWEEN 2868353 AND 2869352
	Aggregate  (cost=3863.60..3863.61 rows=1 width=8)
	  ->  Bitmap Heap Scan on sbtest8  (cost=22.68..3861.10 rows=1000 width=4)
	        Recheck Cond: ((id >= 2868353) AND (id <= 2869352))
	        ->  Bitmap Index Scan on sbtest8_pkey  (cost=0.00..22.43 rows=1000 width=0)
	              Index Cond: ((id >= 2868353) AND (id <= 2869352))

explain: for point_selects :: explain SELECT c FROM sbtest%u WHERE id=%u
for: simple_ranges
table 1 : explain SELECT c FROM sbtest1 WHERE id BETWEEN 2840832 AND 2841831
	Bitmap Heap Scan on sbtest1  (cost=22.74..3879.50 rows=1005 width=121)
	  Recheck Cond: ((id >= 2840832) AND (id <= 2841831))
	  ->  Bitmap Index Scan on sbtest1_pkey  (cost=0.00..22.48 rows=1005 width=0)
	        Index Cond: ((id >= 2840832) AND (id <= 2841831))

table 2 : explain SELECT c FROM sbtest2 WHERE id BETWEEN 3607187 AND 3608186
	Bitmap Heap Scan on sbtest2  (cost=22.81..3906.79 rows=1012 width=121)
	  Recheck Cond: ((id >= 3607187) AND (id <= 3608186))
	  ->  Bitmap Index Scan on sbtest2_pkey  (cost=0.00..22.55 rows=1012 width=0)
	        Index Cond: ((id >= 3607187) AND (id <= 3608186))

table 3 : explain SELECT c FROM sbtest3 WHERE id BETWEEN 6419521 AND 6420520
	Bitmap Heap Scan on sbtest3  (cost=22.39..3750.62 rows=971 width=121)
	  Recheck Cond: ((id >= 6419521) AND (id <= 6420520))
	  ->  Bitmap Index Scan on sbtest3_pkey  (cost=0.00..22.14 rows=971 width=0)
	        Index Cond: ((id >= 6419521) AND (id <= 6420520))

table 4 : explain SELECT c FROM sbtest4 WHERE id BETWEEN 9834887 AND 9835886
	Bitmap Heap Scan on sbtest4  (cost=22.52..3800.36 rows=984 width=121)
	  Recheck Cond: ((id >= 9834887) AND (id <= 9835886))
	  ->  Bitmap Index Scan on sbtest4_pkey  (cost=0.00..22.27 rows=984 width=0)
	        Index Cond: ((id >= 9834887) AND (id <= 9835886))

table 5 : explain SELECT c FROM sbtest5 WHERE id BETWEEN 5493444 AND 5494443
	Bitmap Heap Scan on sbtest5  (cost=26.68..3865.60 rows=1000 width=121)
	  Recheck Cond: ((id >= 5493444) AND (id <= 5494443))
	  ->  Bitmap Index Scan on sbtest5_pkey  (cost=0.00..26.43 rows=1000 width=0)
	        Index Cond: ((id >= 5493444) AND (id <= 5494443))

table 6 : explain SELECT c FROM sbtest6 WHERE id BETWEEN 639275 AND 640274
	Bitmap Heap Scan on sbtest6  (cost=22.50..3793.05 rows=982 width=121)
	  Recheck Cond: ((id >= 639275) AND (id <= 640274))
	  ->  Bitmap Index Scan on sbtest6_pkey  (cost=0.00..22.25 rows=982 width=0)
	        Index Cond: ((id >= 639275) AND (id <= 640274))

table 7 : explain SELECT c FROM sbtest7 WHERE id BETWEEN 2729336 AND 2730335
	Bitmap Heap Scan on sbtest7  (cost=23.06..4000.05 rows=1037 width=121)
	  Recheck Cond: ((id >= 2729336) AND (id <= 2730335))
	  ->  Bitmap Index Scan on sbtest7_pkey  (cost=0.00..22.80 rows=1037 width=0)
	        Index Cond: ((id >= 2729336) AND (id <= 2730335))

table 8 : explain SELECT c FROM sbtest8 WHERE id BETWEEN 3120222 AND 3121221
	Bitmap Heap Scan on sbtest8  (cost=23.05..3996.60 rows=1036 width=121)
	  Recheck Cond: ((id >= 3120222) AND (id <= 3121221))
	  ->  Bitmap Index Scan on sbtest8_pkey  (cost=0.00..22.79 rows=1036 width=0)
	        Index Cond: ((id >= 3120222) AND (id <= 3121221))

explain: for point_selects :: explain SELECT c FROM sbtest%u WHERE id=%u
for: sum_ranges
table 1 : explain SELECT SUM(k) FROM sbtest1 WHERE id BETWEEN 5357857 AND 5358856
	Aggregate  (cost=3814.18..3814.19 rows=1 width=8)
	  ->  Bitmap Heap Scan on sbtest1  (cost=22.55..3811.71 rows=987 width=4)
	        Recheck Cond: ((id >= 5357857) AND (id <= 5358856))
	        ->  Bitmap Index Scan on sbtest1_pkey  (cost=0.00..22.30 rows=987 width=0)
	              Index Cond: ((id >= 5357857) AND (id <= 5358856))

table 2 : explain SELECT SUM(k) FROM sbtest2 WHERE id BETWEEN 2882229 AND 2883228
	Aggregate  (cost=3528.11..3528.12 rows=1 width=8)
	  ->  Bitmap Heap Scan on sbtest2  (cost=21.77..3525.83 rows=911 width=4)
	        Recheck Cond: ((id >= 2882229) AND (id <= 2883228))
	        ->  Bitmap Index Scan on sbtest2_pkey  (cost=0.00..21.54 rows=911 width=0)
	              Index Cond: ((id >= 2882229) AND (id <= 2883228))

table 3 : explain SELECT SUM(k) FROM sbtest3 WHERE id BETWEEN 5036891 AND 5037890
	Aggregate  (cost=4031.71..4031.72 rows=1 width=8)
	  ->  Bitmap Heap Scan on sbtest3  (cost=23.15..4029.09 rows=1045 width=4)
	        Recheck Cond: ((id >= 5036891) AND (id <= 5037890))
	        ->  Bitmap Index Scan on sbtest3_pkey  (cost=0.00..22.89 rows=1045 width=0)
	              Index Cond: ((id >= 5036891) AND (id <= 5037890))

table 4 : explain SELECT SUM(k) FROM sbtest4 WHERE id BETWEEN 8092842 AND 8093841
	Aggregate  (cost=4318.38..4318.39 rows=1 width=8)
	  ->  Bitmap Heap Scan on sbtest4  (cost=27.93..4315.58 rows=1121 width=4)
	        Recheck Cond: ((id >= 8092842) AND (id <= 8093841))
	        ->  Bitmap Index Scan on sbtest4_pkey  (cost=0.00..27.64 rows=1121 width=0)
	              Index Cond: ((id >= 8092842) AND (id <= 8093841))

table 5 : explain SELECT SUM(k) FROM sbtest5 WHERE id BETWEEN 5793851 AND 5794850
	Aggregate  (cost=3826.40..3826.41 rows=1 width=8)
	  ->  Bitmap Heap Scan on sbtest5  (cost=22.58..3823.92 rows=990 width=4)
	        Recheck Cond: ((id >= 5793851) AND (id <= 5794850))
	        ->  Bitmap Index Scan on sbtest5_pkey  (cost=0.00..22.33 rows=990 width=0)
	              Index Cond: ((id >= 5793851) AND (id <= 5794850))

table 6 : explain SELECT SUM(k) FROM sbtest6 WHERE id BETWEEN 2078740 AND 2079739
	Aggregate  (cost=3671.00..3671.01 rows=1 width=8)
	  ->  Bitmap Heap Scan on sbtest6  (cost=22.16..3668.63 rows=949 width=4)
	        Recheck Cond: ((id >= 2078740) AND (id <= 2079739))
	        ->  Bitmap Index Scan on sbtest6_pkey  (cost=0.00..21.93 rows=949 width=0)
	              Index Cond: ((id >= 2078740) AND (id <= 2079739))

table 7 : explain SELECT SUM(k) FROM sbtest7 WHERE id BETWEEN 2920652 AND 2921651
	Aggregate  (cost=3968.77..3968.78 rows=1 width=8)
	  ->  Bitmap Heap Scan on sbtest7  (cost=22.97..3966.20 rows=1028 width=4)
	        Recheck Cond: ((id >= 2920652) AND (id <= 2921651))
	        ->  Bitmap Index Scan on sbtest7_pkey  (cost=0.00..22.71 rows=1028 width=0)
	              Index Cond: ((id >= 2920652) AND (id <= 2921651))

table 8 : explain SELECT SUM(k) FROM sbtest8 WHERE id BETWEEN 9139153 AND 9140152
	Aggregate  (cost=3705.21..3705.22 rows=1 width=8)
	  ->  Bitmap Heap Scan on sbtest8  (cost=22.25..3702.81 rows=958 width=4)
	        Recheck Cond: ((id >= 9139153) AND (id <= 9140152))
	        ->  Bitmap Index Scan on sbtest8_pkey  (cost=0.00..22.01 rows=958 width=0)
	              Index Cond: ((id >= 9139153) AND (id <= 9140152))

for: distinct_ranges
table 1 : explain SELECT DISTINCT c FROM sbtest1 WHERE id BETWEEN 749887 AND 750886 ORDER BY c
	Unique  (cost=3971.65..3976.73 rows=1016 width=121)
	  ->  Sort  (cost=3971.65..3974.19 rows=1016 width=121)
	        Sort Key: c
	        ->  Bitmap Heap Scan on sbtest1  (cost=22.85..3920.90 rows=1016 width=121)
	              Recheck Cond: ((id >= 749887) AND (id <= 750886))
	              ->  Bitmap Index Scan on sbtest1_pkey  (cost=0.00..22.59 rows=1016 width=0)
	                    Index Cond: ((id >= 749887) AND (id <= 750886))

table 2 : explain SELECT DISTINCT c FROM sbtest2 WHERE id BETWEEN 6192646 AND 6193645 ORDER BY c
	Unique  (cost=4003.17..4008.29 rows=1024 width=121)
	  ->  Sort  (cost=4003.17..4005.73 rows=1024 width=121)
	        Sort Key: c
	        ->  Bitmap Heap Scan on sbtest2  (cost=22.93..3951.97 rows=1024 width=121)
	              Recheck Cond: ((id >= 6192646) AND (id <= 6193645))
	              ->  Bitmap Index Scan on sbtest2_pkey  (cost=0.00..22.68 rows=1024 width=0)
	                    Index Cond: ((id >= 6192646) AND (id <= 6193645))

table 3 : explain SELECT DISTINCT c FROM sbtest3 WHERE id BETWEEN 4842007 AND 4843006 ORDER BY c
	Unique  (cost=3944.05..3949.10 rows=1009 width=121)
	  ->  Sort  (cost=3944.05..3946.57 rows=1009 width=121)
	        Sort Key: c
	        ->  Bitmap Heap Scan on sbtest3  (cost=22.78..3893.71 rows=1009 width=121)
	              Recheck Cond: ((id >= 4842007) AND (id <= 4843006))
	              ->  Bitmap Index Scan on sbtest3_pkey  (cost=0.00..22.52 rows=1009 width=0)
	                    Index Cond: ((id >= 4842007) AND (id <= 4843006))

table 4 : explain SELECT DISTINCT c FROM sbtest4 WHERE id BETWEEN 952445 AND 953444 ORDER BY c
	Unique  (cost=3864.58..3869.52 rows=988 width=121)
	  ->  Sort  (cost=3864.58..3867.05 rows=988 width=121)
	        Sort Key: c
	        ->  Bitmap Heap Scan on sbtest4  (cost=22.56..3815.43 rows=988 width=121)
	              Recheck Cond: ((id >= 952445) AND (id <= 953444))
	              ->  Bitmap Index Scan on sbtest4_pkey  (cost=0.00..22.32 rows=988 width=0)
	                    Index Cond: ((id >= 952445) AND (id <= 953444))

table 5 : explain SELECT DISTINCT c FROM sbtest5 WHERE id BETWEEN 1932687 AND 1933686 ORDER BY c
	Unique  (cost=4133.19..4138.48 rows=1057 width=121)
	  ->  Sort  (cost=4133.19..4135.84 rows=1057 width=121)
	        Sort Key: c
	        ->  Bitmap Heap Scan on sbtest5  (cost=27.27..4080.10 rows=1057 width=121)
	              Recheck Cond: ((id >= 1932687) AND (id <= 1933686))
	              ->  Bitmap Index Scan on sbtest5_pkey  (cost=0.00..27.00 rows=1057 width=0)
	                    Index Cond: ((id >= 1932687) AND (id <= 1933686))

table 6 : explain SELECT DISTINCT c FROM sbtest6 WHERE id BETWEEN 5074373 AND 5075372 ORDER BY c
	Unique  (cost=4063.49..4068.69 rows=1040 width=121)
	  ->  Sort  (cost=4063.49..4066.09 rows=1040 width=121)
	        Sort Key: c
	        ->  Bitmap Heap Scan on sbtest6  (cost=23.09..4011.38 rows=1040 width=121)
	              Recheck Cond: ((id >= 5074373) AND (id <= 5075372))
	              ->  Bitmap Index Scan on sbtest6_pkey  (cost=0.00..22.83 rows=1040 width=0)
	                    Index Cond: ((id >= 5074373) AND (id <= 5075372))

table 7 : explain SELECT DISTINCT c FROM sbtest7 WHERE id BETWEEN 2617730 AND 2618729 ORDER BY c
	Unique  (cost=3792.08..3796.92 rows=969 width=121)
	  ->  Sort  (cost=3792.08..3794.50 rows=969 width=121)
	        Sort Key: c
	        ->  Bitmap Heap Scan on sbtest7  (cost=22.37..3744.01 rows=969 width=121)
	              Recheck Cond: ((id >= 2617730) AND (id <= 2618729))
	              ->  Bitmap Index Scan on sbtest7_pkey  (cost=0.00..22.12 rows=969 width=0)
	                    Index Cond: ((id >= 2617730) AND (id <= 2618729))

table 8 : explain SELECT DISTINCT c FROM sbtest8 WHERE id BETWEEN 7643643 AND 7644642 ORDER BY c
	Unique  (cost=3822.97..3827.85 rows=977 width=121)
	  ->  Sort  (cost=3822.97..3825.41 rows=977 width=121)
	        Sort Key: c
	        ->  Bitmap Heap Scan on sbtest8  (cost=22.45..3774.45 rows=977 width=121)
	              Recheck Cond: ((id >= 7643643) AND (id <= 7644642))
	              ->  Bitmap Index Scan on sbtest8_pkey  (cost=0.00..22.20 rows=977 width=0)
	                    Index Cond: ((id >= 7643643) AND (id <= 7644642))

for: sum_ranges
table 1 : explain SELECT SUM(k) FROM sbtest1 WHERE id BETWEEN 9002950 AND 9003949
	Aggregate  (cost=4085.26..4085.27 rows=1 width=8)
	  ->  Bitmap Heap Scan on sbtest1  (cost=23.29..4082.61 rows=1059 width=4)
	        Recheck Cond: ((id >= 9002950) AND (id <= 9003949))
	        ->  Bitmap Index Scan on sbtest1_pkey  (cost=0.00..23.02 rows=1059 width=0)
	              Index Cond: ((id >= 9002950) AND (id <= 9003949))

table 2 : explain SELECT SUM(k) FROM sbtest2 WHERE id BETWEEN 439946 AND 440945
	Aggregate  (cost=3916.86..3916.87 rows=1 width=8)
	  ->  Bitmap Heap Scan on sbtest2  (cost=22.83..3914.32 rows=1014 width=4)
	        Recheck Cond: ((id >= 439946) AND (id <= 440945))
	        ->  Bitmap Index Scan on sbtest2_pkey  (cost=0.00..22.57 rows=1014 width=0)
	              Index Cond: ((id >= 439946) AND (id <= 440945))

table 3 : explain SELECT SUM(k) FROM sbtest3 WHERE id BETWEEN 6787770 AND 6788769
	Aggregate  (cost=3594.57..3594.58 rows=1 width=8)
	  ->  Bitmap Heap Scan on sbtest3  (cost=21.96..3592.24 rows=929 width=4)
	        Recheck Cond: ((id >= 6787770) AND (id <= 6788769))
	        ->  Bitmap Index Scan on sbtest3_pkey  (cost=0.00..21.72 rows=929 width=0)
	              Index Cond: ((id >= 6787770) AND (id <= 6788769))

table 4 : explain SELECT SUM(k) FROM sbtest4 WHERE id BETWEEN 3564052 AND 3565051
	Aggregate  (cost=4220.74..4220.75 rows=1 width=8)
	  ->  Bitmap Heap Scan on sbtest4  (cost=27.65..4218.01 rows=1094 width=4)
	        Recheck Cond: ((id >= 3564052) AND (id <= 3565051))
	        ->  Bitmap Index Scan on sbtest4_pkey  (cost=0.00..27.37 rows=1094 width=0)
	              Index Cond: ((id >= 3564052) AND (id <= 3565051))

table 5 : explain SELECT SUM(k) FROM sbtest5 WHERE id BETWEEN 226710 AND 227709
	Aggregate  (cost=3414.61..3414.62 rows=1 width=8)
	  ->  Bitmap Heap Scan on sbtest5  (cost=21.47..3412.41 rows=881 width=4)
	        Recheck Cond: ((id >= 226710) AND (id <= 227709))
	        ->  Bitmap Index Scan on sbtest5_pkey  (cost=0.00..21.25 rows=881 width=0)
	              Index Cond: ((id >= 226710) AND (id <= 227709))

table 6 : explain SELECT SUM(k) FROM sbtest6 WHERE id BETWEEN 4023245 AND 4024244
	Aggregate  (cost=3625.69..3625.70 rows=1 width=8)
	  ->  Bitmap Heap Scan on sbtest6  (cost=22.04..3623.35 rows=937 width=4)
	        Recheck Cond: ((id >= 4023245) AND (id <= 4024244))
	        ->  Bitmap Index Scan on sbtest6_pkey  (cost=0.00..21.80 rows=937 width=0)
	              Index Cond: ((id >= 4023245) AND (id <= 4024244))

table 7 : explain SELECT SUM(k) FROM sbtest7 WHERE id BETWEEN 3532185 AND 3533184
	Aggregate  (cost=3953.71..3953.72 rows=1 width=8)
	  ->  Bitmap Heap Scan on sbtest7  (cost=22.93..3951.15 rows=1024 width=4)
	        Recheck Cond: ((id >= 3532185) AND (id <= 3533184))
	        ->  Bitmap Index Scan on sbtest7_pkey  (cost=0.00..22.68 rows=1024 width=0)
	              Index Cond: ((id >= 3532185) AND (id <= 3533184))

table 8 : explain SELECT SUM(k) FROM sbtest8 WHERE id BETWEEN 7905661 AND 7906660
	Aggregate  (cost=3542.80..3542.81 rows=1 width=8)
	  ->  Bitmap Heap Scan on sbtest8  (cost=21.81..3540.51 rows=915 width=4)
	        Recheck Cond: ((id >= 7905661) AND (id <= 7906660))
	        ->  Bitmap Index Scan on sbtest8_pkey  (cost=0.00..21.58 rows=915 width=0)
	              Index Cond: ((id >= 7905661) AND (id <= 7906660))

for: sum_ranges
table 1 : explain SELECT SUM(k) FROM sbtest1 WHERE id BETWEEN 2854899 AND 2855898
	Aggregate  (cost=3882.01..3882.02 rows=1 width=8)
	  ->  Bitmap Heap Scan on sbtest1  (cost=22.74..3879.50 rows=1005 width=4)
	        Recheck Cond: ((id >= 2854899) AND (id <= 2855898))
	        ->  Bitmap Index Scan on sbtest1_pkey  (cost=0.00..22.48 rows=1005 width=0)
	              Index Cond: ((id >= 2854899) AND (id <= 2855898))

table 2 : explain SELECT SUM(k) FROM sbtest2 WHERE id BETWEEN 2145468 AND 2146467
	Aggregate  (cost=3954.53..3954.54 rows=1 width=8)
	  ->  Bitmap Heap Scan on sbtest2  (cost=22.93..3951.97 rows=1024 width=4)
	        Recheck Cond: ((id >= 2145468) AND (id <= 2146467))
	        ->  Bitmap Index Scan on sbtest2_pkey  (cost=0.00..22.68 rows=1024 width=0)
	              Index Cond: ((id >= 2145468) AND (id <= 2146467))

table 3 : explain SELECT SUM(k) FROM sbtest3 WHERE id BETWEEN 1579631 AND 1580630
	Aggregate  (cost=3918.82..3918.83 rows=1 width=8)
	  ->  Bitmap Heap Scan on sbtest3  (cost=22.84..3916.28 rows=1015 width=4)
	        Recheck Cond: ((id >= 1579631) AND (id <= 1580630))
	        ->  Bitmap Index Scan on sbtest3_pkey  (cost=0.00..22.58 rows=1015 width=0)
	              Index Cond: ((id >= 1579631) AND (id <= 1580630))

table 4 : explain SELECT SUM(k) FROM sbtest4 WHERE id BETWEEN 8203956 AND 8204955
	Aggregate  (cost=3648.14..3648.15 rows=1 width=8)
	  ->  Bitmap Heap Scan on sbtest4  (cost=22.10..3645.78 rows=943 width=4)
	        Recheck Cond: ((id >= 8203956) AND (id <= 8204955))
	        ->  Bitmap Index Scan on sbtest4_pkey  (cost=0.00..21.86 rows=943 width=0)
	              Index Cond: ((id >= 8203956) AND (id <= 8204955))

table 5 : explain SELECT SUM(k) FROM sbtest5 WHERE id BETWEEN 2010362 AND 2011361
	Aggregate  (cost=4052.64..4052.65 rows=1 width=8)
	  ->  Bitmap Heap Scan on sbtest5  (cost=27.19..4050.02 rows=1049 width=4)
	        Recheck Cond: ((id >= 2010362) AND (id <= 2011361))
	        ->  Bitmap Index Scan on sbtest5_pkey  (cost=0.00..26.93 rows=1049 width=0)
	              Index Cond: ((id >= 2010362) AND (id <= 2011361))

table 6 : explain SELECT SUM(k) FROM sbtest6 WHERE id BETWEEN 8942332 AND 8943331
	Aggregate  (cost=3659.67..3659.68 rows=1 width=8)
	  ->  Bitmap Heap Scan on sbtest6  (cost=22.13..3657.31 rows=946 width=4)
	        Recheck Cond: ((id >= 8942332) AND (id <= 8943331))
	        ->  Bitmap Index Scan on sbtest6_pkey  (cost=0.00..21.89 rows=946 width=0)
	              Index Cond: ((id >= 8942332) AND (id <= 8943331))

table 7 : explain SELECT SUM(k) FROM sbtest7 WHERE id BETWEEN 4476148 AND 4477147
	Aggregate  (cost=3576.55..3576.56 rows=1 width=8)
	  ->  Bitmap Heap Scan on sbtest7  (cost=21.91..3574.24 rows=924 width=4)
	        Recheck Cond: ((id >= 4476148) AND (id <= 4477147))
	        ->  Bitmap Index Scan on sbtest7_pkey  (cost=0.00..21.68 rows=924 width=0)
	              Index Cond: ((id >= 4476148) AND (id <= 4477147))

table 8 : explain SELECT SUM(k) FROM sbtest8 WHERE id BETWEEN 6459283 AND 6460282
	Aggregate  (cost=4051.87..4051.88 rows=1 width=8)
	  ->  Bitmap Heap Scan on sbtest8  (cost=23.20..4049.25 rows=1050 width=4)
	        Recheck Cond: ((id >= 6459283) AND (id <= 6460282))
	        ->  Bitmap Index Scan on sbtest8_pkey  (cost=0.00..22.93 rows=1050 width=0)
	              Index Cond: ((id >= 6459283) AND (id <= 6460282))

for: simple_ranges
table 1 : explain SELECT c FROM sbtest1 WHERE id BETWEEN 3293951 AND 3294950
	Bitmap Heap Scan on sbtest1  (cost=23.47..4150.23 rows=1077 width=121)
	  Recheck Cond: ((id >= 3293951) AND (id <= 3294950))
	  ->  Bitmap Index Scan on sbtest1_pkey  (cost=0.00..23.20 rows=1077 width=0)
	        Index Cond: ((id >= 3293951) AND (id <= 3294950))

table 2 : explain SELECT c FROM sbtest2 WHERE id BETWEEN 4299719 AND 4300718
	Bitmap Heap Scan on sbtest2  (cost=22.73..3876.67 rows=1004 width=121)
	  Recheck Cond: ((id >= 4299719) AND (id <= 4300718))
	  ->  Bitmap Index Scan on sbtest2_pkey  (cost=0.00..22.47 rows=1004 width=0)
	        Index Cond: ((id >= 4299719) AND (id <= 4300718))

table 3 : explain SELECT c FROM sbtest3 WHERE id BETWEEN 5301010 AND 5302009
	Bitmap Heap Scan on sbtest3  (cost=27.92..4310.89 rows=1120 width=121)
	  Recheck Cond: ((id >= 5301010) AND (id <= 5302009))
	  ->  Bitmap Index Scan on sbtest3_pkey  (cost=0.00..27.64 rows=1120 width=0)
	        Index Cond: ((id >= 5301010) AND (id <= 5302009))

table 4 : explain SELECT c FROM sbtest4 WHERE id BETWEEN 2582816 AND 2583815
	Bitmap Heap Scan on sbtest4  (cost=23.29..4082.56 rows=1059 width=121)
	  Recheck Cond: ((id >= 2582816) AND (id <= 2583815))
	  ->  Bitmap Index Scan on sbtest4_pkey  (cost=0.00..23.02 rows=1059 width=0)
	        Index Cond: ((id >= 2582816) AND (id <= 2583815))

table 5 : explain SELECT c FROM sbtest5 WHERE id BETWEEN 9499890 AND 9500889
	Bitmap Heap Scan on sbtest5  (cost=22.60..3831.46 rows=992 width=121)
	  Recheck Cond: ((id >= 9499890) AND (id <= 9500889))
	  ->  Bitmap Index Scan on sbtest5_pkey  (cost=0.00..22.36 rows=992 width=0)
	        Index Cond: ((id >= 9499890) AND (id <= 9500889))

table 6 : explain SELECT c FROM sbtest6 WHERE id BETWEEN 5264340 AND 5265339
	Bitmap Heap Scan on sbtest6  (cost=22.45..3774.20 rows=977 width=121)
	  Recheck Cond: ((id >= 5264340) AND (id <= 5265339))
	  ->  Bitmap Index Scan on sbtest6_pkey  (cost=0.00..22.20 rows=977 width=0)
	        Index Cond: ((id >= 5264340) AND (id <= 5265339))

table 7 : explain SELECT c FROM sbtest7 WHERE id BETWEEN 5407041 AND 5408040
	Bitmap Heap Scan on sbtest7  (cost=23.13..4022.62 rows=1043 width=121)
	  Recheck Cond: ((id >= 5407041) AND (id <= 5408040))
	  ->  Bitmap Index Scan on sbtest7_pkey  (cost=0.00..22.86 rows=1043 width=0)
	        Index Cond: ((id >= 5407041) AND (id <= 5408040))

table 8 : explain SELECT c FROM sbtest8 WHERE id BETWEEN 2368215 AND 2369214
	Bitmap Heap Scan on sbtest8  (cost=22.95..3958.98 rows=1026 width=121)
	  Recheck Cond: ((id >= 2368215) AND (id <= 2369214))
	  ->  Bitmap Index Scan on sbtest8_pkey  (cost=0.00..22.69 rows=1026 width=0)
	        Index Cond: ((id >= 2368215) AND (id <= 2369214))

for: order_ranges
table 1 : explain SELECT c FROM sbtest1 WHERE id BETWEEN 8783759 AND 8784758 ORDER BY c
	Sort  (cost=4074.76..4077.36 rows=1043 width=121)
	  Sort Key: c
	  ->  Bitmap Heap Scan on sbtest1  (cost=23.13..4022.47 rows=1043 width=121)
	        Recheck Cond: ((id >= 8783759) AND (id <= 8784758))
	        ->  Bitmap Index Scan on sbtest1_pkey  (cost=0.00..22.86 rows=1043 width=0)
	              Index Cond: ((id >= 8783759) AND (id <= 8784758))

table 2 : explain SELECT c FROM sbtest2 WHERE id BETWEEN 5946285 AND 5947284 ORDER BY c
	Sort  (cost=4010.81..4013.38 rows=1026 width=121)
	  Sort Key: c
	  ->  Bitmap Heap Scan on sbtest2  (cost=22.95..3959.50 rows=1026 width=121)
	        Recheck Cond: ((id >= 5946285) AND (id <= 5947284))
	        ->  Bitmap Index Scan on sbtest2_pkey  (cost=0.00..22.69 rows=1026 width=0)
	              Index Cond: ((id >= 5946285) AND (id <= 5947284))

table 3 : explain SELECT c FROM sbtest3 WHERE id BETWEEN 8935640 AND 8936639 ORDER BY c
	Sort  (cost=3775.84..3778.26 rows=965 width=121)
	  Sort Key: c
	  ->  Bitmap Heap Scan on sbtest3  (cost=22.33..3728.01 rows=965 width=121)
	        Recheck Cond: ((id >= 8935640) AND (id <= 8936639))
	        ->  Bitmap Index Scan on sbtest3_pkey  (cost=0.00..22.08 rows=965 width=0)
	              Index Cond: ((id >= 8935640) AND (id <= 8936639))

table 4 : explain SELECT c FROM sbtest4 WHERE id BETWEEN 872243 AND 873242 ORDER BY c
	Sort  (cost=3772.77..3775.18 rows=964 width=121)
	  Sort Key: c
	  ->  Bitmap Heap Scan on sbtest4  (cost=22.32..3724.99 rows=964 width=121)
	        Recheck Cond: ((id >= 872243) AND (id <= 873242))
	        ->  Bitmap Index Scan on sbtest4_pkey  (cost=0.00..22.07 rows=964 width=0)
	              Index Cond: ((id >= 872243) AND (id <= 873242))

table 5 : explain SELECT c FROM sbtest5 WHERE id BETWEEN 437438 AND 438437 ORDER BY c
	Sort  (cost=3781.34..3783.76 rows=966 width=121)
	  Sort Key: c
	  ->  Bitmap Heap Scan on sbtest5  (cost=22.34..3733.45 rows=966 width=121)
	        Recheck Cond: ((id >= 437438) AND (id <= 438437))
	        ->  Bitmap Index Scan on sbtest5_pkey  (cost=0.00..22.09 rows=966 width=0)
	              Index Cond: ((id >= 437438) AND (id <= 438437))

table 6 : explain SELECT c FROM sbtest6 WHERE id BETWEEN 2998799 AND 2999798 ORDER BY c
	Sort  (cost=3700.24..3702.60 rows=945 width=121)
	  Sort Key: c
	  ->  Bitmap Heap Scan on sbtest6  (cost=22.12..3653.54 rows=945 width=121)
	        Recheck Cond: ((id >= 2998799) AND (id <= 2999798))
	        ->  Bitmap Index Scan on sbtest6_pkey  (cost=0.00..21.89 rows=945 width=0)
	              Index Cond: ((id >= 2998799) AND (id <= 2999798))

table 7 : explain SELECT c FROM sbtest7 WHERE id BETWEEN 277641 AND 278640 ORDER BY c
	Sort  (cost=4101.62..4104.25 rows=1050 width=121)
	  Sort Key: c
	  ->  Bitmap Heap Scan on sbtest7  (cost=23.20..4048.93 rows=1050 width=121)
	        Recheck Cond: ((id >= 277641) AND (id <= 278640))
	        ->  Bitmap Index Scan on sbtest7_pkey  (cost=0.00..22.93 rows=1050 width=0)
	              Index Cond: ((id >= 277641) AND (id <= 278640))

table 8 : explain SELECT c FROM sbtest8 WHERE id BETWEEN 2971724 AND 2972723 ORDER BY c
	Sort  (cost=4311.97..4314.74 rows=1105 width=121)
	  Sort Key: c
	  ->  Bitmap Heap Scan on sbtest8  (cost=27.76..4256.12 rows=1105 width=121)
	        Recheck Cond: ((id >= 2971724) AND (id <= 2972723))
	        ->  Bitmap Index Scan on sbtest8_pkey  (cost=0.00..27.48 rows=1105 width=0)
	              Index Cond: ((id >= 2971724) AND (id <= 2972723))

for point_selects
table 1 : explain SELECT c FROM sbtest1 WHERE id=9021630
	Index Scan using sbtest1_pkey on sbtest1  (cost=0.43..8.45 rows=1 width=121)
	  Index Cond: (id = 9021630)

table 2 : explain SELECT c FROM sbtest2 WHERE id=8898115
	Index Scan using sbtest2_pkey on sbtest2  (cost=0.43..8.45 rows=1 width=121)
	  Index Cond: (id = 8898115)

table 3 : explain SELECT c FROM sbtest3 WHERE id=681440
	Index Scan using sbtest3_pkey on sbtest3  (cost=0.43..8.45 rows=1 width=121)
	  Index Cond: (id = 681440)

table 4 : explain SELECT c FROM sbtest4 WHERE id=4219889
	Index Scan using sbtest4_pkey on sbtest4  (cost=0.43..8.45 rows=1 width=121)
	  Index Cond: (id = 4219889)

table 5 : explain SELECT c FROM sbtest5 WHERE id=3866176
	Index Scan using sbtest5_pkey on sbtest5  (cost=0.43..8.45 rows=1 width=121)
	  Index Cond: (id = 3866176)

table 6 : explain SELECT c FROM sbtest6 WHERE id=6001680
	Index Scan using sbtest6_pkey on sbtest6  (cost=0.43..8.45 rows=1 width=121)
	  Index Cond: (id = 6001680)

table 7 : explain SELECT c FROM sbtest7 WHERE id=4765467
	Index Scan using sbtest7_pkey on sbtest7  (cost=0.43..8.45 rows=1 width=121)
	  Index Cond: (id = 4765467)

table 8 : explain SELECT c FROM sbtest8 WHERE id=6615261
	Index Scan using sbtest8_pkey on sbtest8  (cost=0.43..8.45 rows=1 width=121)
	  Index Cond: (id = 6615261)

for: sum_ranges
table 1 : explain SELECT SUM(k) FROM sbtest1 WHERE id BETWEEN 4844428 AND 4845427
	Aggregate  (cost=3889.54..3889.55 rows=1 width=8)
	  ->  Bitmap Heap Scan on sbtest1  (cost=22.76..3887.03 rows=1007 width=4)
	        Recheck Cond: ((id >= 4844428) AND (id <= 4845427))
	        ->  Bitmap Index Scan on sbtest1_pkey  (cost=0.00..22.50 rows=1007 width=0)
	              Index Cond: ((id >= 4844428) AND (id <= 4845427))

table 2 : explain SELECT SUM(k) FROM sbtest2 WHERE id BETWEEN 2965765 AND 2966764
	Aggregate  (cost=3675.47..3675.48 rows=1 width=8)
	  ->  Bitmap Heap Scan on sbtest2  (cost=22.17..3673.09 rows=950 width=4)
	        Recheck Cond: ((id >= 2965765) AND (id <= 2966764))
	        ->  Bitmap Index Scan on sbtest2_pkey  (cost=0.00..21.93 rows=950 width=0)
	              Index Cond: ((id >= 2965765) AND (id <= 2966764))

table 3 : explain SELECT SUM(k) FROM sbtest3 WHERE id BETWEEN 8036284 AND 8037283
	Aggregate  (cost=3843.50..3843.51 rows=1 width=8)
	  ->  Bitmap Heap Scan on sbtest3  (cost=22.63..3841.01 rows=995 width=4)
	        Recheck Cond: ((id >= 8036284) AND (id <= 8037283))
	        ->  Bitmap Index Scan on sbtest3_pkey  (cost=0.00..22.39 rows=995 width=0)
	              Index Cond: ((id >= 8036284) AND (id <= 8037283))

table 4 : explain SELECT SUM(k) FROM sbtest4 WHERE id BETWEEN 3161413 AND 3162412
	Aggregate  (cost=4058.88..4058.89 rows=1 width=8)
	  ->  Bitmap Heap Scan on sbtest4  (cost=23.22..4056.25 rows=1052 width=4)
	        Recheck Cond: ((id >= 3161413) AND (id <= 3162412))
	        ->  Bitmap Index Scan on sbtest4_pkey  (cost=0.00..22.95 rows=1052 width=0)
	              Index Cond: ((id >= 3161413) AND (id <= 3162412))

table 5 : explain SELECT SUM(k) FROM sbtest5 WHERE id BETWEEN 741901 AND 742900
	Aggregate  (cost=4060.17..4060.18 rows=1 width=8)
	  ->  Bitmap Heap Scan on sbtest5  (cost=27.21..4057.54 rows=1051 width=4)
	        Recheck Cond: ((id >= 741901) AND (id <= 742900))
	        ->  Bitmap Index Scan on sbtest5_pkey  (cost=0.00..26.94 rows=1051 width=0)
	              Index Cond: ((id >= 741901) AND (id <= 742900))

table 6 : explain SELECT SUM(k) FROM sbtest6 WHERE id BETWEEN 1556473 AND 1557472
	Aggregate  (cost=3787.96..3787.97 rows=1 width=8)
	  ->  Bitmap Heap Scan on sbtest6  (cost=22.48..3785.51 rows=980 width=4)
	        Recheck Cond: ((id >= 1556473) AND (id <= 1557472))
	        ->  Bitmap Index Scan on sbtest6_pkey  (cost=0.00..22.23 rows=980 width=0)
	              Index Cond: ((id >= 1556473) AND (id <= 1557472))

table 7 : explain SELECT SUM(k) FROM sbtest7 WHERE id BETWEEN 651699 AND 652698
	Aggregate  (cost=3791.69..3791.70 rows=1 width=8)
	  ->  Bitmap Heap Scan on sbtest7  (cost=22.49..3789.24 rows=981 width=4)
	        Recheck Cond: ((id >= 651699) AND (id <= 652698))
	        ->  Bitmap Index Scan on sbtest7_pkey  (cost=0.00..22.25 rows=981 width=0)
	              Index Cond: ((id >= 651699) AND (id <= 652698))

table 8 : explain SELECT SUM(k) FROM sbtest8 WHERE id BETWEEN 4065703 AND 4066702
	Aggregate  (cost=3720.30..3720.31 rows=1 width=8)
	  ->  Bitmap Heap Scan on sbtest8  (cost=22.30..3717.90 rows=962 width=4)
	        Recheck Cond: ((id >= 4065703) AND (id <= 4066702))
	        ->  Bitmap Index Scan on sbtest8_pkey  (cost=0.00..22.05 rows=962 width=0)
	              Index Cond: ((id >= 4065703) AND (id <= 4066702))

for: order_ranges
table 1 : explain SELECT c FROM sbtest1 WHERE id BETWEEN 4074370 AND 4075369 ORDER BY c
	Sort  (cost=3937.26..3939.77 rows=1007 width=121)
	  Sort Key: c
	  ->  Bitmap Heap Scan on sbtest1  (cost=22.76..3887.03 rows=1007 width=121)
	        Recheck Cond: ((id >= 4074370) AND (id <= 4075369))
	        ->  Bitmap Index Scan on sbtest1_pkey  (cost=0.00..22.50 rows=1007 width=0)
	              Index Cond: ((id >= 4074370) AND (id <= 4075369))

table 2 : explain SELECT c FROM sbtest2 WHERE id BETWEEN 7280584 AND 7281583 ORDER BY c
	Sort  (cost=3854.06..3856.52 rows=985 width=121)
	  Sort Key: c
	  ->  Bitmap Heap Scan on sbtest2  (cost=22.53..3805.08 rows=985 width=121)
	        Recheck Cond: ((id >= 7280584) AND (id <= 7281583))
	        ->  Bitmap Index Scan on sbtest2_pkey  (cost=0.00..22.29 rows=985 width=0)
	              Index Cond: ((id >= 7280584) AND (id <= 7281583))

table 3 : explain SELECT c FROM sbtest3 WHERE id BETWEEN 7145849 AND 7146848 ORDER BY c
	Sort  (cost=3913.49..3915.99 rows=1001 width=121)
	  Sort Key: c
	  ->  Bitmap Heap Scan on sbtest3  (cost=22.70..3863.60 rows=1001 width=121)
	        Recheck Cond: ((id >= 7145849) AND (id <= 7146848))
	        ->  Bitmap Index Scan on sbtest3_pkey  (cost=0.00..22.44 rows=1001 width=0)
	              Index Cond: ((id >= 7145849) AND (id <= 7146848))

table 4 : explain SELECT c FROM sbtest4 WHERE id BETWEEN 2055841 AND 2056840 ORDER BY c
	Sort  (cost=3788.07..3790.49 rows=968 width=121)
	  Sort Key: c
	  ->  Bitmap Heap Scan on sbtest4  (cost=22.36..3740.06 rows=968 width=121)
	        Recheck Cond: ((id >= 2055841) AND (id <= 2056840))
	        ->  Bitmap Index Scan on sbtest4_pkey  (cost=0.00..22.11 rows=968 width=0)
	              Index Cond: ((id >= 2055841) AND (id <= 2056840))

table 5 : explain SELECT c FROM sbtest5 WHERE id BETWEEN 6337735 AND 6338734 ORDER BY c
	Sort  (cost=3804.31..3806.74 rows=972 width=121)
	  Sort Key: c
	  ->  Bitmap Heap Scan on sbtest5  (cost=22.40..3756.08 rows=972 width=121)
	        Recheck Cond: ((id >= 6337735) AND (id <= 6338734))
	        ->  Bitmap Index Scan on sbtest5_pkey  (cost=0.00..22.15 rows=972 width=0)
	              Index Cond: ((id >= 6337735) AND (id <= 6338734))

table 6 : explain SELECT c FROM sbtest6 WHERE id BETWEEN 1469616 AND 1470615 ORDER BY c
	Sort  (cost=3830.37..3832.82 rows=979 width=121)
	  Sort Key: c
	  ->  Bitmap Heap Scan on sbtest6  (cost=22.47..3781.74 rows=979 width=121)
	        Recheck Cond: ((id >= 1469616) AND (id <= 1470615))
	        ->  Bitmap Index Scan on sbtest6_pkey  (cost=0.00..22.22 rows=979 width=0)
	              Index Cond: ((id >= 1469616) AND (id <= 1470615))

table 7 : explain SELECT c FROM sbtest7 WHERE id BETWEEN 9067943 AND 9068942 ORDER BY c
	Sort  (cost=4002.35..4004.91 rows=1024 width=121)
	  Sort Key: c
	  ->  Bitmap Heap Scan on sbtest7  (cost=22.93..3951.15 rows=1024 width=121)
	        Recheck Cond: ((id >= 9067943) AND (id <= 9068942))
	        ->  Bitmap Index Scan on sbtest7_pkey  (cost=0.00..22.68 rows=1024 width=0)
	              Index Cond: ((id >= 9067943) AND (id <= 9068942))

table 8 : explain SELECT c FROM sbtest8 WHERE id BETWEEN 4120318 AND 4121317 ORDER BY c
	Sort  (cost=3765.56..3767.97 rows=962 width=121)
	  Sort Key: c
	  ->  Bitmap Heap Scan on sbtest8  (cost=22.30..3717.90 rows=962 width=121)
	        Recheck Cond: ((id >= 4120318) AND (id <= 4121317))
	        ->  Bitmap Index Scan on sbtest8_pkey  (cost=0.00..22.05 rows=962 width=0)
	              Index Cond: ((id >= 4120318) AND (id <= 4121317))

for: distinct_ranges
table 1 : explain SELECT DISTINCT c FROM sbtest1 WHERE id BETWEEN 2135829 AND 2136828 ORDER BY c
	Unique  (cost=3673.27..3677.96 rows=938 width=121)
	  ->  Sort  (cost=3673.27..3675.61 rows=938 width=121)
	        Sort Key: c
	        ->  Bitmap Heap Scan on sbtest1  (cost=22.05..3626.96 rows=938 width=121)
	              Recheck Cond: ((id >= 2135829) AND (id <= 2136828))
	              ->  Bitmap Index Scan on sbtest1_pkey  (cost=0.00..21.82 rows=938 width=0)
	                    Index Cond: ((id >= 2135829) AND (id <= 2136828))

table 2 : explain SELECT DISTINCT c FROM sbtest2 WHERE id BETWEEN 9490793 AND 9491792 ORDER BY c
	Unique  (cost=3888.48..3893.45 rows=994 width=121)
	  ->  Sort  (cost=3888.48..3890.97 rows=994 width=121)
	        Sort Key: c
	        ->  Bitmap Heap Scan on sbtest2  (cost=22.62..3839.00 rows=994 width=121)
	              Recheck Cond: ((id >= 9490793) AND (id <= 9491792))
	              ->  Bitmap Index Scan on sbtest2_pkey  (cost=0.00..22.37 rows=994 width=0)
	                    Index Cond: ((id >= 9490793) AND (id <= 9491792))

table 3 : explain SELECT DISTINCT c FROM sbtest3 WHERE id BETWEEN 2897631 AND 2898630 ORDER BY c
	Unique  (cost=3580.57..3585.14 rows=914 width=121)
	  ->  Sort  (cost=3580.57..3582.86 rows=914 width=121)
	        Sort Key: c
	        ->  Bitmap Heap Scan on sbtest3  (cost=21.80..3535.62 rows=914 width=121)
	              Recheck Cond: ((id >= 2897631) AND (id <= 2898630))
	              ->  Bitmap Index Scan on sbtest3_pkey  (cost=0.00..21.57 rows=914 width=0)
	                    Index Cond: ((id >= 2897631) AND (id <= 2898630))

table 4 : explain SELECT DISTINCT c FROM sbtest4 WHERE id BETWEEN 9737829 AND 9738828 ORDER BY c
	Unique  (cost=3895.16..3900.14 rows=996 width=121)
	  ->  Sort  (cost=3895.16..3897.65 rows=996 width=121)
	        Sort Key: c
	        ->  Bitmap Heap Scan on sbtest4  (cost=22.64..3845.56 rows=996 width=121)
	              Recheck Cond: ((id >= 9737829) AND (id <= 9738828))
	              ->  Bitmap Index Scan on sbtest4_pkey  (cost=0.00..22.39 rows=996 width=0)
	                    Index Cond: ((id >= 9737829) AND (id <= 9738828))

table 5 : explain SELECT DISTINCT c FROM sbtest5 WHERE id BETWEEN 9447850 AND 9448849 ORDER BY c
	Unique  (cost=3880.83..3885.79 rows=992 width=121)
	  ->  Sort  (cost=3880.83..3883.31 rows=992 width=121)
	        Sort Key: c
	        ->  Bitmap Heap Scan on sbtest5  (cost=22.60..3831.46 rows=992 width=121)
	              Recheck Cond: ((id >= 9447850) AND (id <= 9448849))
	              ->  Bitmap Index Scan on sbtest5_pkey  (cost=0.00..22.36 rows=992 width=0)
	                    Index Cond: ((id >= 9447850) AND (id <= 9448849))

table 6 : explain SELECT DISTINCT c FROM sbtest6 WHERE id BETWEEN 867514 AND 868513 ORDER BY c
	Unique  (cost=3577.63..3582.19 rows=913 width=121)
	  ->  Sort  (cost=3577.63..3579.91 rows=913 width=121)
	        Sort Key: c
	        ->  Bitmap Heap Scan on sbtest6  (cost=21.79..3532.73 rows=913 width=121)
	              Recheck Cond: ((id >= 867514) AND (id <= 868513))
	              ->  Bitmap Index Scan on sbtest6_pkey  (cost=0.00..21.57 rows=913 width=0)
	                    Index Cond: ((id >= 867514) AND (id <= 868513))

table 7 : explain SELECT DISTINCT c FROM sbtest7 WHERE id BETWEEN 2315688 AND 2316687 ORDER BY c
	Unique  (cost=4048.18..4053.36 rows=1036 width=121)
	  ->  Sort  (cost=4048.18..4050.77 rows=1036 width=121)
	        Sort Key: c
	        ->  Bitmap Heap Scan on sbtest7  (cost=23.05..3996.29 rows=1036 width=121)
	              Recheck Cond: ((id >= 2315688) AND (id <= 2316687))
	              ->  Bitmap Index Scan on sbtest7_pkey  (cost=0.00..22.79 rows=1036 width=0)
	                    Index Cond: ((id >= 2315688) AND (id <= 2316687))

table 8 : explain SELECT DISTINCT c FROM sbtest8 WHERE id BETWEEN 2218669 AND 2219668 ORDER BY c
	Unique  (cost=3887.99..3892.96 rows=994 width=121)
	  ->  Sort  (cost=3887.99..3890.48 rows=994 width=121)
	        Sort Key: c
	        ->  Bitmap Heap Scan on sbtest8  (cost=22.62..3838.51 rows=994 width=121)
	              Recheck Cond: ((id >= 2218669) AND (id <= 2219668))
	              ->  Bitmap Index Scan on sbtest8_pkey  (cost=0.00..22.37 rows=994 width=0)
	                    Index Cond: ((id >= 2218669) AND (id <= 2219668))

for: order_ranges
table 1 : explain SELECT c FROM sbtest1 WHERE id BETWEEN 7433824 AND 7434823 ORDER BY c
	Sort  (cost=3891.39..3893.87 rows=995 width=121)
	  Sort Key: c
	  ->  Bitmap Heap Scan on sbtest1  (cost=22.63..3841.84 rows=995 width=121)
	        Recheck Cond: ((id >= 7433824) AND (id <= 7434823))
	        ->  Bitmap Index Scan on sbtest1_pkey  (cost=0.00..22.39 rows=995 width=0)
	              Index Cond: ((id >= 7433824) AND (id <= 7434823))

table 2 : explain SELECT c FROM sbtest2 WHERE id BETWEEN 1055964 AND 1056963 ORDER BY c
	Sort  (cost=3796.66..3799.08 rows=970 width=121)
	  Sort Key: c
	  ->  Bitmap Heap Scan on sbtest2  (cost=22.38..3748.54 rows=970 width=121)
	        Recheck Cond: ((id >= 1055964) AND (id <= 1056963))
	        ->  Bitmap Index Scan on sbtest2_pkey  (cost=0.00..22.14 rows=970 width=0)
	              Index Cond: ((id >= 1055964) AND (id <= 1056963))

table 3 : explain SELECT c FROM sbtest3 WHERE id BETWEEN 4676574 AND 4677573 ORDER BY c
	Sort  (cost=3940.23..3942.75 rows=1008 width=121)
	  Sort Key: c
	  ->  Bitmap Heap Scan on sbtest3  (cost=22.77..3889.94 rows=1008 width=121)
	        Recheck Cond: ((id >= 4676574) AND (id <= 4677573))
	        ->  Bitmap Index Scan on sbtest3_pkey  (cost=0.00..22.51 rows=1008 width=0)
	              Index Cond: ((id >= 4676574) AND (id <= 4677573))

table 4 : explain SELECT c FROM sbtest4 WHERE id BETWEEN 3686012 AND 3687011 ORDER BY c
	Sort  (cost=3910.45..3912.95 rows=1000 width=121)
	  Sort Key: c
	  ->  Bitmap Heap Scan on sbtest4  (cost=22.68..3860.62 rows=1000 width=121)
	        Recheck Cond: ((id >= 3686012) AND (id <= 3687011))
	        ->  Bitmap Index Scan on sbtest4_pkey  (cost=0.00..22.43 rows=1000 width=0)
	              Index Cond: ((id >= 3686012) AND (id <= 3687011))

table 5 : explain SELECT c FROM sbtest5 WHERE id BETWEEN 820218 AND 821217 ORDER BY c
	Sort  (cost=3888.48..3890.97 rows=994 width=121)
	  Sort Key: c
	  ->  Bitmap Heap Scan on sbtest5  (cost=22.62..3838.99 rows=994 width=121)
	        Recheck Cond: ((id >= 820218) AND (id <= 821217))
	        ->  Bitmap Index Scan on sbtest5_pkey  (cost=0.00..22.37 rows=994 width=0)
	              Index Cond: ((id >= 820218) AND (id <= 821217))

table 6 : explain SELECT c FROM sbtest6 WHERE id BETWEEN 3141324 AND 3142323 ORDER BY c
	Sort  (cost=3792.11..3794.54 rows=969 width=121)
	  Sort Key: c
	  ->  Bitmap Heap Scan on sbtest6  (cost=22.37..3744.05 rows=969 width=121)
	        Recheck Cond: ((id >= 3141324) AND (id <= 3142323))
	        ->  Bitmap Index Scan on sbtest6_pkey  (cost=0.00..22.12 rows=969 width=0)
	              Index Cond: ((id >= 3141324) AND (id <= 3142323))

table 7 : explain SELECT c FROM sbtest7 WHERE id BETWEEN 1880175 AND 1881174 ORDER BY c
	Sort  (cost=3941.22..3943.74 rows=1008 width=121)
	  Sort Key: c
	  ->  Bitmap Heap Scan on sbtest7  (cost=22.77..3890.93 rows=1008 width=121)
	        Recheck Cond: ((id >= 1880175) AND (id <= 1881174))
	        ->  Bitmap Index Scan on sbtest7_pkey  (cost=0.00..22.51 rows=1008 width=0)
	              Index Cond: ((id >= 1880175) AND (id <= 1881174))

table 8 : explain SELECT c FROM sbtest8 WHERE id BETWEEN 1188579 AND 1189578 ORDER BY c
	Sort  (cost=3620.02..3622.33 rows=924 width=121)
	  Sort Key: c
	  ->  Bitmap Heap Scan on sbtest8  (cost=21.91..3574.50 rows=924 width=121)
	        Recheck Cond: ((id >= 1188579) AND (id <= 1189578))
	        ->  Bitmap Index Scan on sbtest8_pkey  (cost=0.00..21.68 rows=924 width=0)
	              Index Cond: ((id >= 1188579) AND (id <= 1189578))

for: sum_ranges
table 1 : explain SELECT SUM(k) FROM sbtest1 WHERE id BETWEEN 5326691 AND 5327690
	Aggregate  (cost=3768.93..3768.94 rows=1 width=8)
	  ->  Bitmap Heap Scan on sbtest1  (cost=22.43..3766.49 rows=975 width=4)
	        Recheck Cond: ((id >= 5326691) AND (id <= 5327690))
	        ->  Bitmap Index Scan on sbtest1_pkey  (cost=0.00..22.18 rows=975 width=0)
	              Index Cond: ((id >= 5326691) AND (id <= 5327690))

table 2 : explain SELECT SUM(k) FROM sbtest2 WHERE id BETWEEN 383730 AND 384729
	Aggregate  (cost=3550.79..3550.80 rows=1 width=8)
	  ->  Bitmap Heap Scan on sbtest2  (cost=21.83..3548.50 rows=917 width=4)
	        Recheck Cond: ((id >= 383730) AND (id <= 384729))
	        ->  Bitmap Index Scan on sbtest2_pkey  (cost=0.00..21.61 rows=917 width=0)
	              Index Cond: ((id >= 383730) AND (id <= 384729))

table 3 : explain SELECT SUM(k) FROM sbtest3 WHERE id BETWEEN 2213937 AND 2214936
	Aggregate  (cost=3753.05..3753.06 rows=1 width=8)
	  ->  Bitmap Heap Scan on sbtest3  (cost=22.39..3750.62 rows=971 width=4)
	        Recheck Cond: ((id >= 2213937) AND (id <= 2214936))
	        ->  Bitmap Index Scan on sbtest3_pkey  (cost=0.00..22.14 rows=971 width=0)
	              Index Cond: ((id >= 2213937) AND (id <= 2214936))

table 4 : explain SELECT SUM(k) FROM sbtest4 WHERE id BETWEEN 1988690 AND 1989689
	Aggregate  (cost=3742.48..3742.49 rows=1 width=8)
	  ->  Bitmap Heap Scan on sbtest4  (cost=22.36..3740.06 rows=968 width=4)
	        Recheck Cond: ((id >= 1988690) AND (id <= 1989689))
	        ->  Bitmap Index Scan on sbtest4_pkey  (cost=0.00..22.11 rows=968 width=0)
	              Index Cond: ((id >= 1988690) AND (id <= 1989689))

table 5 : explain SELECT SUM(k) FROM sbtest5 WHERE id BETWEEN 6666267 AND 6667266
	Aggregate  (cost=4071.46..4071.47 rows=1 width=8)
	  ->  Bitmap Heap Scan on sbtest5  (cost=27.24..4068.82 rows=1054 width=4)
	        Recheck Cond: ((id >= 6666267) AND (id <= 6667266))
	        ->  Bitmap Index Scan on sbtest5_pkey  (cost=0.00..26.97 rows=1054 width=0)
	              Index Cond: ((id >= 6666267) AND (id <= 6667266))

table 6 : explain SELECT SUM(k) FROM sbtest6 WHERE id BETWEEN 2653531 AND 2654530
	Aggregate  (cost=4528.63..4528.64 rows=1 width=8)
	  ->  Bitmap Heap Scan on sbtest6  (cost=28.50..4525.69 rows=1177 width=4)
	        Recheck Cond: ((id >= 2653531) AND (id <= 2654530))
	        ->  Bitmap Index Scan on sbtest6_pkey  (cost=0.00..28.20 rows=1177 width=0)
	              Index Cond: ((id >= 2653531) AND (id <= 2654530))

table 7 : explain SELECT SUM(k) FROM sbtest7 WHERE id BETWEEN 7247319 AND 7248318
	Aggregate  (cost=3497.18..3497.19 rows=1 width=8)
	  ->  Bitmap Heap Scan on sbtest7  (cost=21.69..3494.92 rows=903 width=4)
	        Recheck Cond: ((id >= 7247319) AND (id <= 7248318))
	        ->  Bitmap Index Scan on sbtest7_pkey  (cost=0.00..21.46 rows=903 width=0)
	              Index Cond: ((id >= 7247319) AND (id <= 7248318))

table 8 : explain SELECT SUM(k) FROM sbtest8 WHERE id BETWEEN 9391323 AND 9392322
	Aggregate  (cost=3573.03..3573.04 rows=1 width=8)
	  ->  Bitmap Heap Scan on sbtest8  (cost=21.90..3570.72 rows=923 width=4)
	        Recheck Cond: ((id >= 9391323) AND (id <= 9392322))
	        ->  Bitmap Index Scan on sbtest8_pkey  (cost=0.00..21.66 rows=923 width=0)
	              Index Cond: ((id >= 9391323) AND (id <= 9392322))

for: order_ranges
table 1 : explain SELECT c FROM sbtest1 WHERE id BETWEEN 612099 AND 613098 ORDER BY c
	Sort  (cost=4051.85..4054.44 rows=1037 width=121)
	  Sort Key: c
	  ->  Bitmap Heap Scan on sbtest1  (cost=23.06..3999.91 rows=1037 width=121)
	        Recheck Cond: ((id >= 612099) AND (id <= 613098))
	        ->  Bitmap Index Scan on sbtest1_pkey  (cost=0.00..22.80 rows=1037 width=0)
	              Index Cond: ((id >= 612099) AND (id <= 613098))

table 2 : explain SELECT c FROM sbtest2 WHERE id BETWEEN 7647710 AND 7648709 ORDER BY c
	Sort  (cost=3896.13..3898.62 rows=996 width=121)
	  Sort Key: c
	  ->  Bitmap Heap Scan on sbtest2  (cost=22.64..3846.53 rows=996 width=121)
	        Recheck Cond: ((id >= 7647710) AND (id <= 7648709))
	        ->  Bitmap Index Scan on sbtest2_pkey  (cost=0.00..22.39 rows=996 width=0)
	              Index Cond: ((id >= 7647710) AND (id <= 7648709))

table 3 : explain SELECT c FROM sbtest3 WHERE id BETWEEN 816348 AND 817347 ORDER BY c
	Sort  (cost=4089.13..4091.75 rows=1047 width=121)
	  Sort Key: c
	  ->  Bitmap Heap Scan on sbtest3  (cost=23.17..4036.61 rows=1047 width=121)
	        Recheck Cond: ((id >= 816348) AND (id <= 817347))
	        ->  Bitmap Index Scan on sbtest3_pkey  (cost=0.00..22.90 rows=1047 width=0)
	              Index Cond: ((id >= 816348) AND (id <= 817347))

table 4 : explain SELECT c FROM sbtest4 WHERE id BETWEEN 6336864 AND 6337863 ORDER BY c
	Sort  (cost=3761.28..3763.69 rows=961 width=121)
	  Sort Key: c
	  ->  Bitmap Heap Scan on sbtest4  (cost=22.29..3713.67 rows=961 width=121)
	        Recheck Cond: ((id >= 6336864) AND (id <= 6337863))
	        ->  Bitmap Index Scan on sbtest4_pkey  (cost=0.00..22.04 rows=961 width=0)
	              Index Cond: ((id >= 6336864) AND (id <= 6337863))

table 5 : explain SELECT c FROM sbtest5 WHERE id BETWEEN 3151622 AND 3152621 ORDER BY c
	Sort  (cost=3819.62..3822.06 rows=976 width=121)
	  Sort Key: c
	  ->  Bitmap Heap Scan on sbtest5  (cost=22.44..3771.16 rows=976 width=121)
	        Recheck Cond: ((id >= 3151622) AND (id <= 3152621))
	        ->  Bitmap Index Scan on sbtest5_pkey  (cost=0.00..22.19 rows=976 width=0)
	              Index Cond: ((id >= 3151622) AND (id <= 3152621))

table 6 : explain SELECT c FROM sbtest6 WHERE id BETWEEN 4722343 AND 4723342 ORDER BY c
	Sort  (cost=3715.56..3717.93 rows=949 width=121)
	  Sort Key: c
	  ->  Bitmap Heap Scan on sbtest6  (cost=22.16..3668.63 rows=949 width=121)
	        Recheck Cond: ((id >= 4722343) AND (id <= 4723342))
	        ->  Bitmap Index Scan on sbtest6_pkey  (cost=0.00..21.93 rows=949 width=0)
	              Index Cond: ((id >= 4722343) AND (id <= 4723342))

table 7 : explain SELECT c FROM sbtest7 WHERE id BETWEEN 7415619 AND 7416618 ORDER BY c
	Sort  (cost=4695.88..4698.90 rows=1206 width=121)
	  Sort Key: c
	  ->  Bitmap Heap Scan on sbtest7  (cost=28.80..4634.16 rows=1206 width=121)
	        Recheck Cond: ((id >= 7415619) AND (id <= 7416618))
	        ->  Bitmap Index Scan on sbtest7_pkey  (cost=0.00..28.50 rows=1206 width=0)
	              Index Cond: ((id >= 7415619) AND (id <= 7416618))

table 8 : explain SELECT c FROM sbtest8 WHERE id BETWEEN 2281327 AND 2282326 ORDER BY c
	Sort  (cost=3887.99..3890.48 rows=994 width=121)
	  Sort Key: c
	  ->  Bitmap Heap Scan on sbtest8  (cost=22.62..3838.51 rows=994 width=121)
	        Recheck Cond: ((id >= 2281327) AND (id <= 2282326))
	        ->  Bitmap Index Scan on sbtest8_pkey  (cost=0.00..22.37 rows=994 width=0)
	              Index Cond: ((id >= 2281327) AND (id <= 2282326))

for: order_ranges
table 1 : explain SELECT c FROM sbtest1 WHERE id BETWEEN 2474928 AND 2475927 ORDER BY c
	Sort  (cost=3872.27..3874.74 rows=990 width=121)
	  Sort Key: c
	  ->  Bitmap Heap Scan on sbtest1  (cost=22.58..3823.01 rows=990 width=121)
	        Recheck Cond: ((id >= 2474928) AND (id <= 2475927))
	        ->  Bitmap Index Scan on sbtest1_pkey  (cost=0.00..22.33 rows=990 width=0)
	              Index Cond: ((id >= 2474928) AND (id <= 2475927))

table 2 : explain SELECT c FROM sbtest2 WHERE id BETWEEN 2933123 AND 2934122 ORDER BY c
	Sort  (cost=3720.08..3722.46 rows=950 width=121)
	  Sort Key: c
	  ->  Bitmap Heap Scan on sbtest2  (cost=22.17..3673.09 rows=950 width=121)
	        Recheck Cond: ((id >= 2933123) AND (id <= 2934122))
	        ->  Bitmap Index Scan on sbtest2_pkey  (cost=0.00..21.93 rows=950 width=0)
	              Index Cond: ((id >= 2933123) AND (id <= 2934122))

table 3 : explain SELECT c FROM sbtest3 WHERE id BETWEEN 540748 AND 541747 ORDER BY c
	Sort  (cost=3871.45..3873.92 rows=990 width=121)
	  Sort Key: c
	  ->  Bitmap Heap Scan on sbtest3  (cost=22.58..3822.19 rows=990 width=121)
	        Recheck Cond: ((id >= 540748) AND (id <= 541747))
	        ->  Bitmap Index Scan on sbtest3_pkey  (cost=0.00..22.33 rows=990 width=0)
	              Index Cond: ((id >= 540748) AND (id <= 541747))

table 4 : explain SELECT c FROM sbtest4 WHERE id BETWEEN 1157087 AND 1158086 ORDER BY c
	Sort  (cost=4292.36..4295.11 rows=1100 width=121)
	  Sort Key: c
	  ->  Bitmap Heap Scan on sbtest4  (cost=27.71..4236.80 rows=1100 width=121)
	        Recheck Cond: ((id >= 1157087) AND (id <= 1158086))
	        ->  Bitmap Index Scan on sbtest4_pkey  (cost=0.00..27.43 rows=1100 width=0)
	              Index Cond: ((id >= 1157087) AND (id <= 1158086))

table 5 : explain SELECT c FROM sbtest5 WHERE id BETWEEN 6910229 AND 6911228 ORDER BY c
	Sort  (cost=3762.20..3764.60 rows=961 width=121)
	  Sort Key: c
	  ->  Bitmap Heap Scan on sbtest5  (cost=22.29..3714.59 rows=961 width=121)
	        Recheck Cond: ((id >= 6910229) AND (id <= 6911228))
	        ->  Bitmap Index Scan on sbtest5_pkey  (cost=0.00..22.04 rows=961 width=0)
	              Index Cond: ((id >= 6910229) AND (id <= 6911228))

table 6 : explain SELECT c FROM sbtest6 WHERE id BETWEEN 5983969 AND 5984968 ORDER BY c
	Sort  (cost=3493.25..3495.48 rows=891 width=121)
	  Sort Key: c
	  ->  Bitmap Heap Scan on sbtest6  (cost=21.57..3449.60 rows=891 width=121)
	        Recheck Cond: ((id >= 5983969) AND (id <= 5984968))
	        ->  Bitmap Index Scan on sbtest6_pkey  (cost=0.00..21.34 rows=891 width=0)
	              Index Cond: ((id >= 5983969) AND (id <= 5984968))

table 7 : explain SELECT c FROM sbtest7 WHERE id BETWEEN 1321634 AND 1322633 ORDER BY c
	Sort  (cost=3738.49..3740.88 rows=955 width=121)
	  Sort Key: c
	  ->  Bitmap Heap Scan on sbtest7  (cost=22.22..3691.22 rows=955 width=121)
	        Recheck Cond: ((id >= 1321634) AND (id <= 1322633))
	        ->  Bitmap Index Scan on sbtest7_pkey  (cost=0.00..21.98 rows=955 width=0)
	              Index Cond: ((id >= 1321634) AND (id <= 1322633))

table 8 : explain SELECT c FROM sbtest8 WHERE id BETWEEN 114221 AND 115220 ORDER BY c
	Sort  (cost=3952.98..3955.51 rows=1011 width=121)
	  Sort Key: c
	  ->  Bitmap Heap Scan on sbtest8  (cost=22.80..3902.52 rows=1011 width=121)
	        Recheck Cond: ((id >= 114221) AND (id <= 115220))
	        ->  Bitmap Index Scan on sbtest8_pkey  (cost=0.00..22.54 rows=1011 width=0)
	              Index Cond: ((id >= 114221) AND (id <= 115220))

for: simple_ranges
table 1 : explain SELECT c FROM sbtest1 WHERE id BETWEEN 5928504 AND 5929503
	Bitmap Heap Scan on sbtest1  (cost=22.09..3642.05 rows=942 width=121)
	  Recheck Cond: ((id >= 5928504) AND (id <= 5929503))
	  ->  Bitmap Index Scan on sbtest1_pkey  (cost=0.00..21.86 rows=942 width=0)
	        Index Cond: ((id >= 5928504) AND (id <= 5929503))

table 2 : explain SELECT c FROM sbtest2 WHERE id BETWEEN 4955875 AND 4956874
	Bitmap Heap Scan on sbtest2  (cost=22.39..3752.31 rows=971 width=121)
	  Recheck Cond: ((id >= 4955875) AND (id <= 4956874))
	  ->  Bitmap Index Scan on sbtest2_pkey  (cost=0.00..22.14 rows=971 width=0)
	        Index Cond: ((id >= 4955875) AND (id <= 4956874))

table 3 : explain SELECT c FROM sbtest3 WHERE id BETWEEN 9032376 AND 9033375
	Bitmap Heap Scan on sbtest3  (cost=22.15..3663.92 rows=948 width=121)
	  Recheck Cond: ((id >= 9032376) AND (id <= 9033375))
	  ->  Bitmap Index Scan on sbtest3_pkey  (cost=0.00..21.91 rows=948 width=0)
	        Index Cond: ((id >= 9032376) AND (id <= 9033375))

table 4 : explain SELECT c FROM sbtest4 WHERE id BETWEEN 8314079 AND 8315078
	Bitmap Heap Scan on sbtest4  (cost=23.21..4052.49 rows=1051 width=121)
	  Recheck Cond: ((id >= 8314079) AND (id <= 8315078))
	  ->  Bitmap Index Scan on sbtest4_pkey  (cost=0.00..22.94 rows=1051 width=0)
	        Index Cond: ((id >= 8314079) AND (id <= 8315078))

table 5 : explain SELECT c FROM sbtest5 WHERE id BETWEEN 2267826 AND 2268825
	Bitmap Heap Scan on sbtest5  (cost=27.38..4121.45 rows=1068 width=121)
	  Recheck Cond: ((id >= 2267826) AND (id <= 2268825))
	  ->  Bitmap Index Scan on sbtest5_pkey  (cost=0.00..27.11 rows=1068 width=0)
	        Index Cond: ((id >= 2267826) AND (id <= 2268825))

table 6 : explain SELECT c FROM sbtest6 WHERE id BETWEEN 1739894 AND 1740893
	Bitmap Heap Scan on sbtest6  (cost=23.11..4015.14 rows=1041 width=121)
	  Recheck Cond: ((id >= 1739894) AND (id <= 1740893))
	  ->  Bitmap Index Scan on sbtest6_pkey  (cost=0.00..22.84 rows=1041 width=0)
	        Index Cond: ((id >= 1739894) AND (id <= 1740893))

table 7 : explain SELECT c FROM sbtest7 WHERE id BETWEEN 419828 AND 420827
	Bitmap Heap Scan on sbtest7  (cost=22.73..3875.87 rows=1004 width=121)
	  Recheck Cond: ((id >= 419828) AND (id <= 420827))
	  ->  Bitmap Index Scan on sbtest7_pkey  (cost=0.00..22.47 rows=1004 width=0)
	        Index Cond: ((id >= 419828) AND (id <= 420827))

table 8 : explain SELECT c FROM sbtest8 WHERE id BETWEEN 8517439 AND 8518438
	Bitmap Heap Scan on sbtest8  (cost=21.89..3566.95 rows=922 width=121)
	  Recheck Cond: ((id >= 8517439) AND (id <= 8518438))
	  ->  Bitmap Index Scan on sbtest8_pkey  (cost=0.00..21.65 rows=922 width=0)
	        Index Cond: ((id >= 8517439) AND (id <= 8518438))

for: order_ranges
table 1 : explain SELECT c FROM sbtest1 WHERE id BETWEEN 5640982 AND 5641981 ORDER BY c
	Sort  (cost=4444.75..4447.60 rows=1140 width=121)
	  Sort Key: c
	  ->  Bitmap Heap Scan on sbtest1  (cost=28.12..4386.87 rows=1140 width=121)
	        Recheck Cond: ((id >= 5640982) AND (id <= 5641981))
	        ->  Bitmap Index Scan on sbtest1_pkey  (cost=0.00..27.83 rows=1140 width=0)
	              Index Cond: ((id >= 5640982) AND (id <= 5641981))

table 2 : explain SELECT c FROM sbtest2 WHERE id BETWEEN 7971400 AND 7972399 ORDER BY c
	Sort  (cost=3815.79..3818.23 rows=975 width=121)
	  Sort Key: c
	  ->  Bitmap Heap Scan on sbtest2  (cost=22.43..3767.39 rows=975 width=121)
	        Recheck Cond: ((id >= 7971400) AND (id <= 7972399))
	        ->  Bitmap Index Scan on sbtest2_pkey  (cost=0.00..22.18 rows=975 width=0)
	              Index Cond: ((id >= 7971400) AND (id <= 7972399))

table 3 : explain SELECT c FROM sbtest3 WHERE id BETWEEN 9202730 AND 9203729 ORDER BY c
	Sort  (cost=4020.43..4023.00 rows=1029 width=121)
	  Sort Key: c
	  ->  Bitmap Heap Scan on sbtest3  (cost=22.98..3968.94 rows=1029 width=121)
	        Recheck Cond: ((id >= 9202730) AND (id <= 9203729))
	        ->  Bitmap Index Scan on sbtest3_pkey  (cost=0.00..22.72 rows=1029 width=0)
	              Index Cond: ((id >= 9202730) AND (id <= 9203729))

table 4 : explain SELECT c FROM sbtest4 WHERE id BETWEEN 2203764 AND 2204763 ORDER BY c
	Sort  (cost=3565.93..3568.20 rows=910 width=121)
	  Sort Key: c
	  ->  Bitmap Heap Scan on sbtest4  (cost=21.76..3521.20 rows=910 width=121)
	        Recheck Cond: ((id >= 2203764) AND (id <= 2204763))
	        ->  Bitmap Index Scan on sbtest4_pkey  (cost=0.00..21.54 rows=910 width=0)
	              Index Cond: ((id >= 2203764) AND (id <= 2204763))

table 5 : explain SELECT c FROM sbtest5 WHERE id BETWEEN 3217210 AND 3218209 ORDER BY c
	Sort  (cost=4415.41..4418.24 rows=1132 width=121)
	  Sort Key: c
	  ->  Bitmap Heap Scan on sbtest5  (cost=28.04..4358.00 rows=1132 width=121)
	        Recheck Cond: ((id >= 3217210) AND (id <= 3218209))
	        ->  Bitmap Index Scan on sbtest5_pkey  (cost=0.00..27.75 rows=1132 width=0)
	              Index Cond: ((id >= 3217210) AND (id <= 3218209))

table 6 : explain SELECT c FROM sbtest6 WHERE id BETWEEN 9399066 AND 9400065 ORDER BY c
	Sort  (cost=3615.96..3618.26 rows=923 width=121)
	  Sort Key: c
	  ->  Bitmap Heap Scan on sbtest6  (cost=21.90..3570.50 rows=923 width=121)
	        Recheck Cond: ((id >= 9399066) AND (id <= 9400065))
	        ->  Bitmap Index Scan on sbtest6_pkey  (cost=0.00..21.66 rows=923 width=0)
	              Index Cond: ((id >= 9399066) AND (id <= 9400065))

table 7 : explain SELECT c FROM sbtest7 WHERE id BETWEEN 5579239 AND 5580238 ORDER BY c
	Sort  (cost=4021.45..4024.02 rows=1029 width=121)
	  Sort Key: c
	  ->  Bitmap Heap Scan on sbtest7  (cost=22.98..3969.96 rows=1029 width=121)
	        Recheck Cond: ((id >= 5579239) AND (id <= 5580238))
	        ->  Bitmap Index Scan on sbtest7_pkey  (cost=0.00..22.72 rows=1029 width=0)
	              Index Cond: ((id >= 5579239) AND (id <= 5580238))

table 8 : explain SELECT c FROM sbtest8 WHERE id BETWEEN 6621826 AND 6622825 ORDER BY c
	Sort  (cost=4025.57..4028.15 rows=1030 width=121)
	  Sort Key: c
	  ->  Bitmap Heap Scan on sbtest8  (cost=22.99..3974.03 rows=1030 width=121)
	        Recheck Cond: ((id >= 6621826) AND (id <= 6622825))
	        ->  Bitmap Index Scan on sbtest8_pkey  (cost=0.00..22.73 rows=1030 width=0)
	              Index Cond: ((id >= 6621826) AND (id <= 6622825))

for point_selects
table 1 : explain SELECT c FROM sbtest1 WHERE id=2631190
	Index Scan using sbtest1_pkey on sbtest1  (cost=0.43..8.45 rows=1 width=121)
	  Index Cond: (id = 2631190)

table 2 : explain SELECT c FROM sbtest2 WHERE id=1674390
	Index Scan using sbtest2_pkey on sbtest2  (cost=0.43..8.45 rows=1 width=121)
	  Index Cond: (id = 1674390)

table 3 : explain SELECT c FROM sbtest3 WHERE id=8741790
	Index Scan using sbtest3_pkey on sbtest3  (cost=0.43..8.45 rows=1 width=121)
	  Index Cond: (id = 8741790)

table 4 : explain SELECT c FROM sbtest4 WHERE id=7181440
	Index Scan using sbtest4_pkey on sbtest4  (cost=0.43..8.45 rows=1 width=121)
	  Index Cond: (id = 7181440)

table 5 : explain SELECT c FROM sbtest5 WHERE id=5213810
	Index Scan using sbtest5_pkey on sbtest5  (cost=0.43..8.45 rows=1 width=121)
	  Index Cond: (id = 5213810)

table 6 : explain SELECT c FROM sbtest6 WHERE id=4369657
	Index Scan using sbtest6_pkey on sbtest6  (cost=0.43..8.45 rows=1 width=121)
	  Index Cond: (id = 4369657)

table 7 : explain SELECT c FROM sbtest7 WHERE id=9081417
	Index Scan using sbtest7_pkey on sbtest7  (cost=0.43..8.45 rows=1 width=121)
	  Index Cond: (id = 9081417)

table 8 : explain SELECT c FROM sbtest8 WHERE id=7054631
	Index Scan using sbtest8_pkey on sbtest8  (cost=0.43..8.45 rows=1 width=121)
	  Index Cond: (id = 7054631)

explain: for point_selects :: explain SELECT c FROM sbtest%u WHERE id=%u
explain: for point_selects :: explain SELECT c FROM sbtest%u WHERE id=%u
for point_selects
table 1 : explain SELECT c FROM sbtest1 WHERE id=18883
	Index Scan using sbtest1_pkey on sbtest1  (cost=0.43..8.45 rows=1 width=121)
	  Index Cond: (id = 18883)

table 2 : explain SELECT c FROM sbtest2 WHERE id=146255
	Index Scan using sbtest2_pkey on sbtest2  (cost=0.43..8.45 rows=1 width=121)
	  Index Cond: (id = 146255)

table 3 : explain SELECT c FROM sbtest3 WHERE id=7852248
	Index Scan using sbtest3_pkey on sbtest3  (cost=0.43..8.45 rows=1 width=121)
	  Index Cond: (id = 7852248)

table 4 : explain SELECT c FROM sbtest4 WHERE id=1158603
	Index Scan using sbtest4_pkey on sbtest4  (cost=0.43..8.45 rows=1 width=121)
	  Index Cond: (id = 1158603)

table 5 : explain SELECT c FROM sbtest5 WHERE id=1524432
	Index Scan using sbtest5_pkey on sbtest5  (cost=0.43..8.45 rows=1 width=121)
	  Index Cond: (id = 1524432)

table 6 : explain SELECT c FROM sbtest6 WHERE id=5051020
	Index Scan using sbtest6_pkey on sbtest6  (cost=0.43..8.45 rows=1 width=121)
	  Index Cond: (id = 5051020)

table 7 : explain SELECT c FROM sbtest7 WHERE id=8440938
	Index Scan using sbtest7_pkey on sbtest7  (cost=0.43..8.45 rows=1 width=121)
	  Index Cond: (id = 8440938)

table 8 : explain SELECT c FROM sbtest8 WHERE id=4133542
	Index Scan using sbtest8_pkey on sbtest8  (cost=0.43..8.45 rows=1 width=121)
	  Index Cond: (id = 4133542)

explain: for point_selects :: explain SELECT c FROM sbtest%u WHERE id=%u
explain: for point_selects :: explain SELECT c FROM sbtest%u WHERE id=%u
explain: for point_selects :: explain SELECT c FROM sbtest%u WHERE id=%u
for: distinct_ranges
table 1 : explain SELECT DISTINCT c FROM sbtest1 WHERE id BETWEEN 1968308 AND 1969307 ORDER BY c
	Unique  (cost=4025.12..4030.27 rows=1030 width=121)
	  ->  Sort  (cost=4025.12..4027.70 rows=1030 width=121)
	        Sort Key: c
	        ->  Bitmap Heap Scan on sbtest1  (cost=22.99..3973.58 rows=1030 width=121)
	              Recheck Cond: ((id >= 1968308) AND (id <= 1969307))
	              ->  Bitmap Index Scan on sbtest1_pkey  (cost=0.00..22.73 rows=1030 width=0)
	                    Index Cond: ((id >= 1968308) AND (id <= 1969307))

table 2 : explain SELECT DISTINCT c FROM sbtest2 WHERE id BETWEEN 6547938 AND 6548937 ORDER BY c
	Unique  (cost=4056.65..4061.84 rows=1038 width=121)
	  ->  Sort  (cost=4056.65..4059.25 rows=1038 width=121)
	        Sort Key: c
	        ->  Bitmap Heap Scan on sbtest2  (cost=23.07..4004.65 rows=1038 width=121)
	              Recheck Cond: ((id >= 6547938) AND (id <= 6548937))
	              ->  Bitmap Index Scan on sbtest2_pkey  (cost=0.00..22.82 rows=1038 width=0)
	                    Index Cond: ((id >= 6547938) AND (id <= 6548937))

table 3 : explain SELECT DISTINCT c FROM sbtest3 WHERE id BETWEEN 8052403 AND 8053402 ORDER BY c
	Unique  (cost=3890.56..3895.53 rows=995 width=121)
	  ->  Sort  (cost=3890.56..3893.04 rows=995 width=121)
	        Sort Key: c
	        ->  Bitmap Heap Scan on sbtest3  (cost=22.63..3841.01 rows=995 width=121)
	              Recheck Cond: ((id >= 8052403) AND (id <= 8053402))
	              ->  Bitmap Index Scan on sbtest3_pkey  (cost=0.00..22.39 rows=995 width=0)
	                    Index Cond: ((id >= 8052403) AND (id <= 8053402))

table 4 : explain SELECT DISTINCT c FROM sbtest4 WHERE id BETWEEN 2115242 AND 2116241 ORDER BY c
	Unique  (cost=3944.85..3949.90 rows=1009 width=121)
	  ->  Sort  (cost=3944.85..3947.37 rows=1009 width=121)
	        Sort Key: c
	        ->  Bitmap Heap Scan on sbtest4  (cost=22.78..3894.51 rows=1009 width=121)
	              Recheck Cond: ((id >= 2115242) AND (id <= 2116241))
	              ->  Bitmap Index Scan on sbtest4_pkey  (cost=0.00..22.52 rows=1009 width=0)
	                    Index Cond: ((id >= 2115242) AND (id <= 2116241))

table 5 : explain SELECT DISTINCT c FROM sbtest5 WHERE id BETWEEN 8992731 AND 8993730 ORDER BY c
	Unique  (cost=3923.07..3928.08 rows=1002 width=121)
	  ->  Sort  (cost=3923.07..3925.58 rows=1002 width=121)
	        Sort Key: c
	        ->  Bitmap Heap Scan on sbtest5  (cost=26.71..3873.13 rows=1002 width=121)
	              Recheck Cond: ((id >= 8992731) AND (id <= 8993730))
	              ->  Bitmap Index Scan on sbtest5_pkey  (cost=0.00..26.45 rows=1002 width=0)
	                    Index Cond: ((id >= 8992731) AND (id <= 8993730))

table 6 : explain SELECT DISTINCT c FROM sbtest6 WHERE id BETWEEN 5212737 AND 5213736 ORDER BY c
	Unique  (cost=3891.56..3896.54 rows=995 width=121)
	  ->  Sort  (cost=3891.56..3894.05 rows=995 width=121)
	        Sort Key: c
	        ->  Bitmap Heap Scan on sbtest6  (cost=22.63..3842.02 rows=995 width=121)
	              Recheck Cond: ((id >= 5212737) AND (id <= 5213736))
	              ->  Bitmap Index Scan on sbtest6_pkey  (cost=0.00..22.39 rows=995 width=0)
	                    Index Cond: ((id >= 5212737) AND (id <= 5213736))

table 7 : explain SELECT DISTINCT c FROM sbtest7 WHERE id BETWEEN 6523338 AND 6524337 ORDER BY c
	Unique  (cost=4162.68..4168.01 rows=1066 width=121)
	  ->  Sort  (cost=4162.68..4165.34 rows=1066 width=121)
	        Sort Key: c
	        ->  Bitmap Heap Scan on sbtest7  (cost=23.36..4109.07 rows=1066 width=121)
	              Recheck Cond: ((id >= 6523338) AND (id <= 6524337))
	              ->  Bitmap Index Scan on sbtest7_pkey  (cost=0.00..23.09 rows=1066 width=0)
	                    Index Cond: ((id >= 6523338) AND (id <= 6524337))

table 8 : explain SELECT DISTINCT c FROM sbtest8 WHERE id BETWEEN 533976 AND 534975 ORDER BY c
	Unique  (cost=3899.46..3904.45 rows=997 width=121)
	  ->  Sort  (cost=3899.46..3901.96 rows=997 width=121)
	        Sort Key: c
	        ->  Bitmap Heap Scan on sbtest8  (cost=22.65..3849.81 rows=997 width=121)
	              Recheck Cond: ((id >= 533976) AND (id <= 534975))
	              ->  Bitmap Index Scan on sbtest8_pkey  (cost=0.00..22.40 rows=997 width=0)
	                    Index Cond: ((id >= 533976) AND (id <= 534975))

for: order_ranges
table 1 : explain SELECT c FROM sbtest1 WHERE id BETWEEN 8774478 AND 8775477 ORDER BY c
	Sort  (cost=4074.76..4077.36 rows=1043 width=121)
	  Sort Key: c
	  ->  Bitmap Heap Scan on sbtest1  (cost=23.13..4022.47 rows=1043 width=121)
	        Recheck Cond: ((id >= 8774478) AND (id <= 8775477))
	        ->  Bitmap Index Scan on sbtest1_pkey  (cost=0.00..22.86 rows=1043 width=0)
	              Index Cond: ((id >= 8774478) AND (id <= 8775477))

table 2 : explain SELECT c FROM sbtest2 WHERE id BETWEEN 6201555 AND 6202554 ORDER BY c
	Sort  (cost=3884.66..3887.14 rows=993 width=121)
	  Sort Key: c
	  ->  Bitmap Heap Scan on sbtest2  (cost=22.61..3835.23 rows=993 width=121)
	        Recheck Cond: ((id >= 6201555) AND (id <= 6202554))
	        ->  Bitmap Index Scan on sbtest2_pkey  (cost=0.00..22.36 rows=993 width=0)
	              Index Cond: ((id >= 6201555) AND (id <= 6202554))

table 3 : explain SELECT c FROM sbtest3 WHERE id BETWEEN 7909814 AND 7910813 ORDER BY c
	Sort  (cost=4169.23..4171.90 rows=1068 width=121)
	  Sort Key: c
	  ->  Bitmap Heap Scan on sbtest3  (cost=23.38..4115.50 rows=1068 width=121)
	        Recheck Cond: ((id >= 7909814) AND (id <= 7910813))
	        ->  Bitmap Index Scan on sbtest3_pkey  (cost=0.00..23.11 rows=1068 width=0)
	              Index Cond: ((id >= 7909814) AND (id <= 7910813))

table 4 : explain SELECT c FROM sbtest4 WHERE id BETWEEN 2857559 AND 2858558 ORDER BY c
	Sort  (cost=3715.35..3717.72 rows=949 width=121)
	  Sort Key: c
	  ->  Bitmap Heap Scan on sbtest4  (cost=22.16..3668.42 rows=949 width=121)
	        Recheck Cond: ((id >= 2857559) AND (id <= 2858558))
	        ->  Bitmap Index Scan on sbtest4_pkey  (cost=0.00..21.93 rows=949 width=0)
	              Index Cond: ((id >= 2857559) AND (id <= 2858558))

table 5 : explain SELECT c FROM sbtest5 WHERE id BETWEEN 9809080 AND 9810079 ORDER BY c
	Sort  (cost=4217.14..4219.84 rows=1079 width=121)
	  Sort Key: c
	  ->  Bitmap Heap Scan on sbtest5  (cost=27.49..4162.78 rows=1079 width=121)
	        Recheck Cond: ((id >= 9809080) AND (id <= 9810079))
	        ->  Bitmap Index Scan on sbtest5_pkey  (cost=0.00..27.22 rows=1079 width=0)
	              Index Cond: ((id >= 9809080) AND (id <= 9810079))

table 6 : explain SELECT c FROM sbtest6 WHERE id BETWEEN 9536379 AND 9537378 ORDER BY c
	Sort  (cost=4090.22..4092.83 rows=1047 width=121)
	  Sort Key: c
	  ->  Bitmap Heap Scan on sbtest6  (cost=23.17..4037.70 rows=1047 width=121)
	        Recheck Cond: ((id >= 9536379) AND (id <= 9537378))
	        ->  Bitmap Index Scan on sbtest6_pkey  (cost=0.00..22.90 rows=1047 width=0)
	              Index Cond: ((id >= 9536379) AND (id <= 9537378))

table 7 : explain SELECT c FROM sbtest7 WHERE id BETWEEN 2941118 AND 2942117 ORDER BY c
	Sort  (cost=4017.63..4020.20 rows=1028 width=121)
	  Sort Key: c
	  ->  Bitmap Heap Scan on sbtest7  (cost=22.97..3966.20 rows=1028 width=121)
	        Recheck Cond: ((id >= 2941118) AND (id <= 2942117))
	        ->  Bitmap Index Scan on sbtest7_pkey  (cost=0.00..22.71 rows=1028 width=0)
	              Index Cond: ((id >= 2941118) AND (id <= 2942117))

table 8 : explain SELECT c FROM sbtest8 WHERE id BETWEEN 6742105 AND 6743104 ORDER BY c
	Sort  (cost=3995.01..3997.57 rows=1022 width=121)
	  Sort Key: c
	  ->  Bitmap Heap Scan on sbtest8  (cost=22.91..3943.93 rows=1022 width=121)
	        Recheck Cond: ((id >= 6742105) AND (id <= 6743104))
	        ->  Bitmap Index Scan on sbtest8_pkey  (cost=0.00..22.65 rows=1022 width=0)
	              Index Cond: ((id >= 6742105) AND (id <= 6743104))

explain: for point_selects :: explain SELECT c FROM sbtest%u WHERE id=%u
explain: for point_selects :: explain SELECT c FROM sbtest%u WHERE id=%u
for: distinct_ranges
table 1 : explain SELECT DISTINCT c FROM sbtest1 WHERE id BETWEEN 9601423 AND 9602422 ORDER BY c
	Unique  (cost=4143.45..4148.75 rows=1061 width=121)
	  ->  Sort  (cost=4143.45..4146.10 rows=1061 width=121)
	        Sort Key: c
	        ->  Bitmap Heap Scan on sbtest1  (cost=23.31..4090.13 rows=1061 width=121)
	              Recheck Cond: ((id >= 9601423) AND (id <= 9602422))
	              ->  Bitmap Index Scan on sbtest1_pkey  (cost=0.00..23.04 rows=1061 width=0)
	                    Index Cond: ((id >= 9601423) AND (id <= 9602422))

table 2 : explain SELECT DISTINCT c FROM sbtest2 WHERE id BETWEEN 2320819 AND 2321818 ORDER BY c
	Unique  (cost=4171.36..4176.70 rows=1067 width=121)
	  ->  Sort  (cost=4171.36..4174.03 rows=1067 width=121)
	        Sort Key: c
	        ->  Bitmap Heap Scan on sbtest2  (cost=27.37..4117.69 rows=1067 width=121)
	              Recheck Cond: ((id >= 2320819) AND (id <= 2321818))
	              ->  Bitmap Index Scan on sbtest2_pkey  (cost=0.00..27.11 rows=1067 width=0)
	                    Index Cond: ((id >= 2320819) AND (id <= 2321818))

table 3 : explain SELECT DISTINCT c FROM sbtest3 WHERE id BETWEEN 8756686 AND 8757685 ORDER BY c
	Unique  (cost=3978.43..3983.52 rows=1018 width=121)
	  ->  Sort  (cost=3978.43..3980.97 rows=1018 width=121)
	        Sort Key: c
	        ->  Bitmap Heap Scan on sbtest3  (cost=22.87..3927.57 rows=1018 width=121)
	              Recheck Cond: ((id >= 8756686) AND (id <= 8757685))
	              ->  Bitmap Index Scan on sbtest3_pkey  (cost=0.00..22.61 rows=1018 width=0)
	                    Index Cond: ((id >= 8756686) AND (id <= 8757685))

table 4 : explain SELECT DISTINCT c FROM sbtest4 WHERE id BETWEEN 5302464 AND 5303463 ORDER BY c
	Unique  (cost=3929.56..3934.59 rows=1005 width=121)
	  ->  Sort  (cost=3929.56..3932.08 rows=1005 width=121)
	        Sort Key: c
	        ->  Bitmap Heap Scan on sbtest4  (cost=22.74..3879.45 rows=1005 width=121)
	              Recheck Cond: ((id >= 5302464) AND (id <= 5303463))
	              ->  Bitmap Index Scan on sbtest4_pkey  (cost=0.00..22.48 rows=1005 width=0)
	                    Index Cond: ((id >= 5302464) AND (id <= 5303463))

table 5 : explain SELECT DISTINCT c FROM sbtest5 WHERE id BETWEEN 6264405 AND 6265404 ORDER BY c
	Unique  (cost=3670.28..3674.96 rows=937 width=121)
	  ->  Sort  (cost=3670.28..3672.62 rows=937 width=121)
	        Sort Key: c
	        ->  Bitmap Heap Scan on sbtest5  (cost=22.04..3624.03 rows=937 width=121)
	              Recheck Cond: ((id >= 6264405) AND (id <= 6265404))
	              ->  Bitmap Index Scan on sbtest5_pkey  (cost=0.00..21.80 rows=937 width=0)
	                    Index Cond: ((id >= 6264405) AND (id <= 6265404))

table 6 : explain SELECT DISTINCT c FROM sbtest6 WHERE id BETWEEN 4138804 AND 4139803 ORDER BY c
	Unique  (cost=3830.37..3835.27 rows=979 width=121)
	  ->  Sort  (cost=3830.37..3832.82 rows=979 width=121)
	        Sort Key: c
	        ->  Bitmap Heap Scan on sbtest6  (cost=22.47..3781.74 rows=979 width=121)
	              Recheck Cond: ((id >= 4138804) AND (id <= 4139803))
	              ->  Bitmap Index Scan on sbtest6_pkey  (cost=0.00..22.22 rows=979 width=0)
	                    Index Cond: ((id >= 4138804) AND (id <= 4139803))

table 7 : explain SELECT DISTINCT c FROM sbtest7 WHERE id BETWEEN 3019617 AND 3020616 ORDER BY c
	Unique  (cost=4048.18..4053.36 rows=1036 width=121)
	  ->  Sort  (cost=4048.18..4050.77 rows=1036 width=121)
	        Sort Key: c
	        ->  Bitmap Heap Scan on sbtest7  (cost=23.05..3996.29 rows=1036 width=121)
	              Recheck Cond: ((id >= 3019617) AND (id <= 3020616))
	              ->  Bitmap Index Scan on sbtest7_pkey  (cost=0.00..22.79 rows=1036 width=0)
	                    Index Cond: ((id >= 3019617) AND (id <= 3020616))

table 8 : explain SELECT DISTINCT c FROM sbtest8 WHERE id BETWEEN 9701978 AND 9702977 ORDER BY c
	Unique  (cost=3692.81..3697.53 rows=943 width=121)
	  ->  Sort  (cost=3692.81..3695.17 rows=943 width=121)
	        Sort Key: c
	        ->  Bitmap Heap Scan on sbtest8  (cost=22.10..3646.22 rows=943 width=121)
	              Recheck Cond: ((id >= 9701978) AND (id <= 9702977))
	              ->  Bitmap Index Scan on sbtest8_pkey  (cost=0.00..21.86 rows=943 width=0)
	                    Index Cond: ((id >= 9701978) AND (id <= 9702977))

explain: for point_selects :: explain SELECT c FROM sbtest%u WHERE id=%u
for: distinct_ranges
table 1 : explain SELECT DISTINCT c FROM sbtest1 WHERE id BETWEEN 583027 AND 584026 ORDER BY c
	Unique  (cost=3749.85..3754.64 rows=958 width=121)
	  ->  Sort  (cost=3749.85..3752.24 rows=958 width=121)
	        Sort Key: c
	        ->  Bitmap Heap Scan on sbtest1  (cost=22.25..3702.41 rows=958 width=121)
	              Recheck Cond: ((id >= 583027) AND (id <= 584026))
	              ->  Bitmap Index Scan on sbtest1_pkey  (cost=0.00..22.01 rows=958 width=0)
	                    Index Cond: ((id >= 583027) AND (id <= 584026))

table 2 : explain SELECT DISTINCT c FROM sbtest2 WHERE id BETWEEN 8295877 AND 8296876 ORDER BY c
	Unique  (cost=3428.63..3433.00 rows=874 width=121)
	  ->  Sort  (cost=3428.63..3430.81 rows=874 width=121)
	        Sort Key: c
	        ->  Bitmap Heap Scan on sbtest2  (cost=21.39..3385.93 rows=874 width=121)
	              Recheck Cond: ((id >= 8295877) AND (id <= 8296876))
	              ->  Bitmap Index Scan on sbtest2_pkey  (cost=0.00..21.18 rows=874 width=0)
	                    Index Cond: ((id >= 8295877) AND (id <= 8296876))

table 3 : explain SELECT DISTINCT c FROM sbtest3 WHERE id BETWEEN 6404580 AND 6405579 ORDER BY c
	Unique  (cost=3798.80..3803.65 rows=971 width=121)
	  ->  Sort  (cost=3798.80..3801.22 rows=971 width=121)
	        Sort Key: c
	        ->  Bitmap Heap Scan on sbtest3  (cost=22.39..3750.62 rows=971 width=121)
	              Recheck Cond: ((id >= 6404580) AND (id <= 6405579))
	              ->  Bitmap Index Scan on sbtest3_pkey  (cost=0.00..22.14 rows=971 width=0)
	                    Index Cond: ((id >= 6404580) AND (id <= 6405579))

table 4 : explain SELECT DISTINCT c FROM sbtest4 WHERE id BETWEEN 1179022 AND 1180021 ORDER BY c
	Unique  (cost=4292.36..4297.86 rows=1100 width=121)
	  ->  Sort  (cost=4292.36..4295.11 rows=1100 width=121)
	        Sort Key: c
	        ->  Bitmap Heap Scan on sbtest4  (cost=27.71..4236.80 rows=1100 width=121)
	              Recheck Cond: ((id >= 1179022) AND (id <= 1180021))
	              ->  Bitmap Index Scan on sbtest4_pkey  (cost=0.00..27.43 rows=1100 width=0)
	                    Index Cond: ((id >= 1179022) AND (id <= 1180021))

table 5 : explain SELECT DISTINCT c FROM sbtest5 WHERE id BETWEEN 9061712 AND 9062711 ORDER BY c
	Unique  (cost=3513.07..3517.55 rows=896 width=121)
	  ->  Sort  (cost=3513.07..3515.31 rows=896 width=121)
	        Sort Key: c
	        ->  Bitmap Heap Scan on sbtest5  (cost=21.62..3469.13 rows=896 width=121)
	              Recheck Cond: ((id >= 9061712) AND (id <= 9062711))
	              ->  Bitmap Index Scan on sbtest5_pkey  (cost=0.00..21.39 rows=896 width=0)
	                    Index Cond: ((id >= 9061712) AND (id <= 9062711))

table 6 : explain SELECT DISTINCT c FROM sbtest6 WHERE id BETWEEN 1910857 AND 1911856 ORDER BY c
	Unique  (cost=4078.76..4083.98 rows=1044 width=121)
	  ->  Sort  (cost=4078.76..4081.37 rows=1044 width=121)
	        Sort Key: c
	        ->  Bitmap Heap Scan on sbtest6  (cost=23.14..4026.42 rows=1044 width=121)
	              Recheck Cond: ((id >= 1910857) AND (id <= 1911856))
	              ->  Bitmap Index Scan on sbtest6_pkey  (cost=0.00..22.87 rows=1044 width=0)
	                    Index Cond: ((id >= 1910857) AND (id <= 1911856))

table 7 : explain SELECT DISTINCT c FROM sbtest7 WHERE id BETWEEN 767615 AND 768614 ORDER BY c
	Unique  (cost=3684.88..3689.59 rows=941 width=121)
	  ->  Sort  (cost=3684.88..3687.24 rows=941 width=121)
	        Sort Key: c
	        ->  Bitmap Heap Scan on sbtest7  (cost=22.08..3638.41 rows=941 width=121)
	              Recheck Cond: ((id >= 767615) AND (id <= 768614))
	              ->  Bitmap Index Scan on sbtest7_pkey  (cost=0.00..21.84 rows=941 width=0)
	                    Index Cond: ((id >= 767615) AND (id <= 768614))

table 8 : explain SELECT DISTINCT c FROM sbtest8 WHERE id BETWEEN 781708 AND 782707 ORDER BY c
	Unique  (cost=4059.94..4065.14 rows=1039 width=121)
	  ->  Sort  (cost=4059.94..4062.54 rows=1039 width=121)
	        Sort Key: c
	        ->  Bitmap Heap Scan on sbtest8  (cost=23.08..4007.89 rows=1039 width=121)
	              Recheck Cond: ((id >= 781708) AND (id <= 782707))
	              ->  Bitmap Index Scan on sbtest8_pkey  (cost=0.00..22.82 rows=1039 width=0)
	                    Index Cond: ((id >= 781708) AND (id <= 782707))

explain: for point_selects :: explain SELECT c FROM sbtest%u WHERE id=%u
for point_selects
table 1 : explain SELECT c FROM sbtest1 WHERE id=7635375
	Index Scan using sbtest1_pkey on sbtest1  (cost=0.43..8.45 rows=1 width=121)
	  Index Cond: (id = 7635375)

table 2 : explain SELECT c FROM sbtest2 WHERE id=9350132
	Index Scan using sbtest2_pkey on sbtest2  (cost=0.43..8.45 rows=1 width=121)
	  Index Cond: (id = 9350132)

table 3 : explain SELECT c FROM sbtest3 WHERE id=227840
	Index Scan using sbtest3_pkey on sbtest3  (cost=0.43..8.45 rows=1 width=121)
	  Index Cond: (id = 227840)

table 4 : explain SELECT c FROM sbtest4 WHERE id=9538564
	Index Scan using sbtest4_pkey on sbtest4  (cost=0.43..8.45 rows=1 width=121)
	  Index Cond: (id = 9538564)

table 5 : explain SELECT c FROM sbtest5 WHERE id=2696206
	Index Scan using sbtest5_pkey on sbtest5  (cost=0.43..8.45 rows=1 width=121)
	  Index Cond: (id = 2696206)

table 6 : explain SELECT c FROM sbtest6 WHERE id=9145673
	Index Scan using sbtest6_pkey on sbtest6  (cost=0.43..8.45 rows=1 width=121)
	  Index Cond: (id = 9145673)

table 7 : explain SELECT c FROM sbtest7 WHERE id=3420137
	Index Scan using sbtest7_pkey on sbtest7  (cost=0.43..8.45 rows=1 width=121)
	  Index Cond: (id = 3420137)

table 8 : explain SELECT c FROM sbtest8 WHERE id=6990783
	Index Scan using sbtest8_pkey on sbtest8  (cost=0.43..8.45 rows=1 width=121)
	  Index Cond: (id = 6990783)

for point_selects
table 1 : explain SELECT c FROM sbtest1 WHERE id=6254434
	Index Scan using sbtest1_pkey on sbtest1  (cost=0.43..8.45 rows=1 width=121)
	  Index Cond: (id = 6254434)

table 2 : explain SELECT c FROM sbtest2 WHERE id=428476
	Index Scan using sbtest2_pkey on sbtest2  (cost=0.43..8.45 rows=1 width=121)
	  Index Cond: (id = 428476)

table 3 : explain SELECT c FROM sbtest3 WHERE id=873539
	Index Scan using sbtest3_pkey on sbtest3  (cost=0.43..8.45 rows=1 width=121)
	  Index Cond: (id = 873539)

table 4 : explain SELECT c FROM sbtest4 WHERE id=1538373
	Index Scan using sbtest4_pkey on sbtest4  (cost=0.43..8.45 rows=1 width=121)
	  Index Cond: (id = 1538373)

table 5 : explain SELECT c FROM sbtest5 WHERE id=8166801
	Index Scan using sbtest5_pkey on sbtest5  (cost=0.43..8.45 rows=1 width=121)
	  Index Cond: (id = 8166801)

table 6 : explain SELECT c FROM sbtest6 WHERE id=3965672
	Index Scan using sbtest6_pkey on sbtest6  (cost=0.43..8.45 rows=1 width=121)
	  Index Cond: (id = 3965672)

table 7 : explain SELECT c FROM sbtest7 WHERE id=832093
	Index Scan using sbtest7_pkey on sbtest7  (cost=0.43..8.45 rows=1 width=121)
	  Index Cond: (id = 832093)

table 8 : explain SELECT c FROM sbtest8 WHERE id=5431048
	Index Scan using sbtest8_pkey on sbtest8  (cost=0.43..8.45 rows=1 width=121)
	  Index Cond: (id = 5431048)

for: simple_ranges
table 1 : explain SELECT c FROM sbtest1 WHERE id BETWEEN 5582848 AND 5583847
	Bitmap Heap Scan on sbtest1  (cost=23.25..4067.58 rows=1055 width=121)
	  Recheck Cond: ((id >= 5582848) AND (id <= 5583847))
	  ->  Bitmap Index Scan on sbtest1_pkey  (cost=0.00..22.98 rows=1055 width=0)
	        Index Cond: ((id >= 5582848) AND (id <= 5583847))

table 2 : explain SELECT c FROM sbtest2 WHERE id BETWEEN 2590584 AND 2591583
	Bitmap Heap Scan on sbtest2  (cost=22.67..3857.83 rows=999 width=121)
	  Recheck Cond: ((id >= 2590584) AND (id <= 2591583))
	  ->  Bitmap Index Scan on sbtest2_pkey  (cost=0.00..22.43 rows=999 width=0)
	        Index Cond: ((id >= 2590584) AND (id <= 2591583))

table 3 : explain SELECT c FROM sbtest3 WHERE id BETWEEN 308037 AND 309036
	Bitmap Heap Scan on sbtest3  (cost=27.72..4239.64 rows=1101 width=121)
	  Recheck Cond: ((id >= 308037) AND (id <= 309036))
	  ->  Bitmap Index Scan on sbtest3_pkey  (cost=0.00..27.44 rows=1101 width=0)
	        Index Cond: ((id >= 308037) AND (id <= 309036))

table 4 : explain SELECT c FROM sbtest4 WHERE id BETWEEN 8323470 AND 8324469
	Bitmap Heap Scan on sbtest4  (cost=23.21..4052.49 rows=1051 width=121)
	  Recheck Cond: ((id >= 8323470) AND (id <= 8324469))
	  ->  Bitmap Index Scan on sbtest4_pkey  (cost=0.00..22.94 rows=1051 width=0)
	        Index Cond: ((id >= 8323470) AND (id <= 8324469))

table 5 : explain SELECT c FROM sbtest5 WHERE id BETWEEN 448710 AND 449709
	Bitmap Heap Scan on sbtest5  (cost=22.34..3733.45 rows=966 width=121)
	  Recheck Cond: ((id >= 448710) AND (id <= 449709))
	  ->  Bitmap Index Scan on sbtest5_pkey  (cost=0.00..22.09 rows=966 width=0)
	        Index Cond: ((id >= 448710) AND (id <= 449709))

table 6 : explain SELECT c FROM sbtest6 WHERE id BETWEEN 2494950 AND 2495949
	Bitmap Heap Scan on sbtest6  (cost=22.93..3951.19 rows=1024 width=121)
	  Recheck Cond: ((id >= 2494950) AND (id <= 2495949))
	  ->  Bitmap Index Scan on sbtest6_pkey  (cost=0.00..22.68 rows=1024 width=0)
	        Index Cond: ((id >= 2494950) AND (id <= 2495949))

table 7 : explain SELECT c FROM sbtest7 WHERE id BETWEEN 8724104 AND 8725103
	Bitmap Heap Scan on sbtest7  (cost=21.85..3555.36 rows=919 width=121)
	  Recheck Cond: ((id >= 8724104) AND (id <= 8725103))
	  ->  Bitmap Index Scan on sbtest7_pkey  (cost=0.00..21.62 rows=919 width=0)
	        Index Cond: ((id >= 8724104) AND (id <= 8725103))

table 8 : explain SELECT c FROM sbtest8 WHERE id BETWEEN 6027869 AND 6028868
	Bitmap Heap Scan on sbtest8  (cost=22.78..3894.99 rows=1009 width=121)
	  Recheck Cond: ((id >= 6027869) AND (id <= 6028868))
	  ->  Bitmap Index Scan on sbtest8_pkey  (cost=0.00..22.52 rows=1009 width=0)
	        Index Cond: ((id >= 6027869) AND (id <= 6028868))

for: distinct_ranges
table 1 : explain SELECT DISTINCT c FROM sbtest1 WHERE id BETWEEN 7221522 AND 7222521 ORDER BY c
	Unique  (cost=3860.80..3865.73 rows=987 width=121)
	  ->  Sort  (cost=3860.80..3863.27 rows=987 width=121)
	        Sort Key: c
	        ->  Bitmap Heap Scan on sbtest1  (cost=22.55..3811.71 rows=987 width=121)
	              Recheck Cond: ((id >= 7221522) AND (id <= 7222521))
	              ->  Bitmap Index Scan on sbtest1_pkey  (cost=0.00..22.30 rows=987 width=0)
	                    Index Cond: ((id >= 7221522) AND (id <= 7222521))

table 2 : explain SELECT DISTINCT c FROM sbtest2 WHERE id BETWEEN 4798824 AND 4799823 ORDER BY c
	Unique  (cost=3601.29..3605.88 rows=919 width=121)
	  ->  Sort  (cost=3601.29..3603.59 rows=919 width=121)
	        Sort Key: c
	        ->  Bitmap Heap Scan on sbtest2  (cost=21.85..3556.05 rows=919 width=121)
	              Recheck Cond: ((id >= 4798824) AND (id <= 4799823))
	              ->  Bitmap Index Scan on sbtest2_pkey  (cost=0.00..21.62 rows=919 width=0)
	                    Index Cond: ((id >= 4798824) AND (id <= 4799823))

table 3 : explain SELECT DISTINCT c FROM sbtest3 WHERE id BETWEEN 8576862 AND 8577861 ORDER BY c
	Unique  (cost=3645.70..3650.36 rows=931 width=121)
	  ->  Sort  (cost=3645.70..3648.03 rows=931 width=121)
	        Sort Key: c
	        ->  Bitmap Heap Scan on sbtest3  (cost=21.98..3599.79 rows=931 width=121)
	              Recheck Cond: ((id >= 8576862) AND (id <= 8577861))
	              ->  Bitmap Index Scan on sbtest3_pkey  (cost=0.00..21.75 rows=931 width=0)
	                    Index Cond: ((id >= 8576862) AND (id <= 8577861))

table 4 : explain SELECT DISTINCT c FROM sbtest4 WHERE id BETWEEN 301391 AND 302390 ORDER BY c
	Unique  (cost=3680.88..3685.58 rows=940 width=121)
	  ->  Sort  (cost=3680.88..3683.23 rows=940 width=121)
	        Sort Key: c
	        ->  Bitmap Heap Scan on sbtest4  (cost=22.07..3634.46 rows=940 width=121)
	              Recheck Cond: ((id >= 301391) AND (id <= 302390))
	              ->  Bitmap Index Scan on sbtest4_pkey  (cost=0.00..21.83 rows=940 width=0)
	                    Index Cond: ((id >= 301391) AND (id <= 302390))

table 5 : explain SELECT DISTINCT c FROM sbtest5 WHERE id BETWEEN 1579485 AND 1580484 ORDER BY c
	Unique  (cost=3631.95..3636.59 rows=927 width=121)
	  ->  Sort  (cost=3631.95..3634.27 rows=927 width=121)
	        Sort Key: c
	        ->  Bitmap Heap Scan on sbtest5  (cost=21.94..3586.27 rows=927 width=121)
	              Recheck Cond: ((id >= 1579485) AND (id <= 1580484))
	              ->  Bitmap Index Scan on sbtest5_pkey  (cost=0.00..21.70 rows=927 width=0)
	                    Index Cond: ((id >= 1579485) AND (id <= 1580484))

table 6 : explain SELECT DISTINCT c FROM sbtest6 WHERE id BETWEEN 6305389 AND 6306388 ORDER BY c
	Unique  (cost=3838.02..3842.93 rows=981 width=121)
	  ->  Sort  (cost=3838.02..3840.48 rows=981 width=121)
	        Sort Key: c
	        ->  Bitmap Heap Scan on sbtest6  (cost=22.49..3789.28 rows=981 width=121)
	              Recheck Cond: ((id >= 6305389) AND (id <= 6306388))
	              ->  Bitmap Index Scan on sbtest6_pkey  (cost=0.00..22.25 rows=981 width=0)
	                    Index Cond: ((id >= 6305389) AND (id <= 6306388))

table 7 : explain SELECT DISTINCT c FROM sbtest7 WHERE id BETWEEN 3779279 AND 3780278 ORDER BY c
	Unique  (cost=3765.29..3770.10 rows=962 width=121)
	  ->  Sort  (cost=3765.29..3767.69 rows=962 width=121)
	        Sort Key: c
	        ->  Bitmap Heap Scan on sbtest7  (cost=22.30..3717.62 rows=962 width=121)
	              Recheck Cond: ((id >= 3779279) AND (id <= 3780278))
	              ->  Bitmap Index Scan on sbtest7_pkey  (cost=0.00..22.05 rows=962 width=0)
	                    Index Cond: ((id >= 3779279) AND (id <= 3780278))

table 8 : explain SELECT DISTINCT c FROM sbtest8 WHERE id BETWEEN 3121562 AND 3122561 ORDER BY c
	Unique  (cost=4048.49..4053.67 rows=1036 width=121)
	  ->  Sort  (cost=4048.49..4051.08 rows=1036 width=121)
	        Sort Key: c
	        ->  Bitmap Heap Scan on sbtest8  (cost=23.05..3996.60 rows=1036 width=121)
	              Recheck Cond: ((id >= 3121562) AND (id <= 3122561))
	              ->  Bitmap Index Scan on sbtest8_pkey  (cost=0.00..22.79 rows=1036 width=0)
	                    Index Cond: ((id >= 3121562) AND (id <= 3122561))

for: simple_ranges
table 1 : explain SELECT c FROM sbtest1 WHERE id BETWEEN 6063040 AND 6064039
	Bitmap Heap Scan on sbtest1  (cost=21.96..3592.99 rows=929 width=121)
	  Recheck Cond: ((id >= 6063040) AND (id <= 6064039))
	  ->  Bitmap Index Scan on sbtest1_pkey  (cost=0.00..21.72 rows=929 width=0)
	        Index Cond: ((id >= 6063040) AND (id <= 6064039))

table 2 : explain SELECT c FROM sbtest2 WHERE id BETWEEN 3709548 AND 3710547
	Bitmap Heap Scan on sbtest2  (cost=27.35..4110.18 rows=1065 width=121)
	  Recheck Cond: ((id >= 3709548) AND (id <= 3710547))
	  ->  Bitmap Index Scan on sbtest2_pkey  (cost=0.00..27.08 rows=1065 width=0)
	        Index Cond: ((id >= 3709548) AND (id <= 3710547))

table 3 : explain SELECT c FROM sbtest3 WHERE id BETWEEN 6556670 AND 6557669
	Bitmap Heap Scan on sbtest3  (cost=22.77..3889.94 rows=1008 width=121)
	  Recheck Cond: ((id >= 6556670) AND (id <= 6557669))
	  ->  Bitmap Index Scan on sbtest3_pkey  (cost=0.00..22.51 rows=1008 width=0)
	        Index Cond: ((id >= 6556670) AND (id <= 6557669))

table 4 : explain SELECT c FROM sbtest4 WHERE id BETWEEN 3287110 AND 3288109
	Bitmap Heap Scan on sbtest4  (cost=22.48..3785.29 rows=980 width=121)
	  Recheck Cond: ((id >= 3287110) AND (id <= 3288109))
	  ->  Bitmap Index Scan on sbtest4_pkey  (cost=0.00..22.23 rows=980 width=0)
	        Index Cond: ((id >= 3287110) AND (id <= 3288109))

table 5 : explain SELECT c FROM sbtest5 WHERE id BETWEEN 462084 AND 463083
	Bitmap Heap Scan on sbtest5  (cost=22.34..3733.45 rows=966 width=121)
	  Recheck Cond: ((id >= 462084) AND (id <= 463083))
	  ->  Bitmap Index Scan on sbtest5_pkey  (cost=0.00..22.09 rows=966 width=0)
	        Index Cond: ((id >= 462084) AND (id <= 463083))

table 6 : explain SELECT c FROM sbtest6 WHERE id BETWEEN 1170330 AND 1171329
	Bitmap Heap Scan on sbtest6  (cost=21.91..3574.27 rows=924 width=121)
	  Recheck Cond: ((id >= 1170330) AND (id <= 1171329))
	  ->  Bitmap Index Scan on sbtest6_pkey  (cost=0.00..21.68 rows=924 width=0)
	        Index Cond: ((id >= 1170330) AND (id <= 1171329))

table 7 : explain SELECT c FROM sbtest7 WHERE id BETWEEN 6897800 AND 6898799
	Bitmap Heap Scan on sbtest7  (cost=22.31..3721.39 rows=963 width=121)
	  Recheck Cond: ((id >= 6897800) AND (id <= 6898799))
	  ->  Bitmap Index Scan on sbtest7_pkey  (cost=0.00..22.07 rows=963 width=0)
	        Index Cond: ((id >= 6897800) AND (id <= 6898799))

table 8 : explain SELECT c FROM sbtest8 WHERE id BETWEEN 2247397 AND 2248396
	Bitmap Heap Scan on sbtest8  (cost=22.62..3838.51 rows=994 width=121)
	  Recheck Cond: ((id >= 2247397) AND (id <= 2248396))
	  ->  Bitmap Index Scan on sbtest8_pkey  (cost=0.00..22.37 rows=994 width=0)
	        Index Cond: ((id >= 2247397) AND (id <= 2248396))

for: simple_ranges
table 1 : explain SELECT c FROM sbtest1 WHERE id BETWEEN 8268498 AND 8269497
	Bitmap Heap Scan on sbtest1  (cost=27.79..4266.87 rows=1108 width=121)
	  Recheck Cond: ((id >= 8268498) AND (id <= 8269497))
	  ->  Bitmap Index Scan on sbtest1_pkey  (cost=0.00..27.51 rows=1108 width=0)
	        Index Cond: ((id >= 8268498) AND (id <= 8269497))

table 2 : explain SELECT c FROM sbtest2 WHERE id BETWEEN 5691575 AND 5692574
	Bitmap Heap Scan on sbtest2  (cost=22.62..3839.00 rows=994 width=121)
	  Recheck Cond: ((id >= 5691575) AND (id <= 5692574))
	  ->  Bitmap Index Scan on sbtest2_pkey  (cost=0.00..22.37 rows=994 width=0)
	        Index Cond: ((id >= 5691575) AND (id <= 5692574))

table 3 : explain SELECT c FROM sbtest3 WHERE id BETWEEN 5661828 AND 5662827
	Bitmap Heap Scan on sbtest3  (cost=23.07..4002.78 rows=1038 width=121)
	  Recheck Cond: ((id >= 5661828) AND (id <= 5662827))
	  ->  Bitmap Index Scan on sbtest3_pkey  (cost=0.00..22.82 rows=1038 width=0)
	        Index Cond: ((id >= 5661828) AND (id <= 5662827))

table 4 : explain SELECT c FROM sbtest4 WHERE id BETWEEN 3695477 AND 3696476
	Bitmap Heap Scan on sbtest4  (cost=22.68..3860.62 rows=1000 width=121)
	  Recheck Cond: ((id >= 3695477) AND (id <= 3696476))
	  ->  Bitmap Index Scan on sbtest4_pkey  (cost=0.00..22.43 rows=1000 width=0)
	        Index Cond: ((id >= 3695477) AND (id <= 3696476))

table 5 : explain SELECT c FROM sbtest5 WHERE id BETWEEN 4378332 AND 4379331
	Bitmap Heap Scan on sbtest5  (cost=22.42..3763.62 rows=974 width=121)
	  Recheck Cond: ((id >= 4378332) AND (id <= 4379331))
	  ->  Bitmap Index Scan on sbtest5_pkey  (cost=0.00..22.18 rows=974 width=0)
	        Index Cond: ((id >= 4378332) AND (id <= 4379331))

table 6 : explain SELECT c FROM sbtest6 WHERE id BETWEEN 2770942 AND 2771941
	Bitmap Heap Scan on sbtest6  (cost=22.54..3808.12 rows=986 width=121)
	  Recheck Cond: ((id >= 2770942) AND (id <= 2771941))
	  ->  Bitmap Index Scan on sbtest6_pkey  (cost=0.00..22.29 rows=986 width=0)
	        Index Cond: ((id >= 2770942) AND (id <= 2771941))

table 7 : explain SELECT c FROM sbtest7 WHERE id BETWEEN 6906141 AND 6907140
	Bitmap Heap Scan on sbtest7  (cost=22.31..3721.39 rows=963 width=121)
	  Recheck Cond: ((id >= 6906141) AND (id <= 6907140))
	  ->  Bitmap Index Scan on sbtest7_pkey  (cost=0.00..22.07 rows=963 width=0)
	        Index Cond: ((id >= 6906141) AND (id <= 6907140))

table 8 : explain SELECT c FROM sbtest8 WHERE id BETWEEN 1662143 AND 1663142
	Bitmap Heap Scan on sbtest8  (cost=21.88..3563.17 rows=921 width=121)
	  Recheck Cond: ((id >= 1662143) AND (id <= 1663142))
	  ->  Bitmap Index Scan on sbtest8_pkey  (cost=0.00..21.64 rows=921 width=0)
	        Index Cond: ((id >= 1662143) AND (id <= 1663142))

for: distinct_ranges
table 1 : explain SELECT DISTINCT c FROM sbtest1 WHERE id BETWEEN 5677349 AND 5678348 ORDER BY c
	Unique  (cost=4444.75..4450.45 rows=1140 width=121)
	  ->  Sort  (cost=4444.75..4447.60 rows=1140 width=121)
	        Sort Key: c
	        ->  Bitmap Heap Scan on sbtest1  (cost=28.12..4386.87 rows=1140 width=121)
	              Recheck Cond: ((id >= 5677349) AND (id <= 5678348))
	              ->  Bitmap Index Scan on sbtest1_pkey  (cost=0.00..27.83 rows=1140 width=0)
	                    Index Cond: ((id >= 5677349) AND (id <= 5678348))

table 2 : explain SELECT DISTINCT c FROM sbtest2 WHERE id BETWEEN 2522036 AND 2523035 ORDER BY c
	Unique  (cost=3907.61..3912.60 rows=999 width=121)
	  ->  Sort  (cost=3907.61..3910.10 rows=999 width=121)
	        Sort Key: c
	        ->  Bitmap Heap Scan on sbtest2  (cost=22.67..3857.83 rows=999 width=121)
	              Recheck Cond: ((id >= 2522036) AND (id <= 2523035))
	              ->  Bitmap Index Scan on sbtest2_pkey  (cost=0.00..22.43 rows=999 width=0)
	                    Index Cond: ((id >= 2522036) AND (id <= 2523035))

table 3 : explain SELECT DISTINCT c FROM sbtest3 WHERE id BETWEEN 6134028 AND 6135027 ORDER BY c
	Unique  (cost=3703.13..3707.86 rows=946 width=121)
	  ->  Sort  (cost=3703.13..3705.50 rows=946 width=121)
	        Sort Key: c
	        ->  Bitmap Heap Scan on sbtest3  (cost=22.13..3656.38 rows=946 width=121)
	              Recheck Cond: ((id >= 6134028) AND (id <= 6135027))
	              ->  Bitmap Index Scan on sbtest3_pkey  (cost=0.00..21.89 rows=946 width=0)
	                    Index Cond: ((id >= 6134028) AND (id <= 6135027))

table 4 : explain SELECT DISTINCT c FROM sbtest4 WHERE id BETWEEN 2094590 AND 2095589 ORDER BY c
	Unique  (cost=3944.85..3949.90 rows=1009 width=121)
	  ->  Sort  (cost=3944.85..3947.37 rows=1009 width=121)
	        Sort Key: c
	        ->  Bitmap Heap Scan on sbtest4  (cost=22.78..3894.51 rows=1009 width=121)
	              Recheck Cond: ((id >= 2094590) AND (id <= 2095589))
	              ->  Bitmap Index Scan on sbtest4_pkey  (cost=0.00..22.52 rows=1009 width=0)
	                    Index Cond: ((id >= 2094590) AND (id <= 2095589))

table 5 : explain SELECT DISTINCT c FROM sbtest5 WHERE id BETWEEN 6418046 AND 6419045 ORDER BY c
	Unique  (cost=3984.24..3989.33 rows=1018 width=121)
	  ->  Sort  (cost=3984.24..3986.78 rows=1018 width=121)
	        Sort Key: c
	        ->  Bitmap Heap Scan on sbtest5  (cost=26.87..3933.38 rows=1018 width=121)
	              Recheck Cond: ((id >= 6418046) AND (id <= 6419045))
	              ->  Bitmap Index Scan on sbtest5_pkey  (cost=0.00..26.61 rows=1018 width=0)
	                    Index Cond: ((id >= 6418046) AND (id <= 6419045))

table 6 : explain SELECT DISTINCT c FROM sbtest6 WHERE id BETWEEN 2428727 AND 2429726 ORDER BY c
	Unique  (cost=4002.39..4007.51 rows=1024 width=121)
	  ->  Sort  (cost=4002.39..4004.95 rows=1024 width=121)
	        Sort Key: c
	        ->  Bitmap Heap Scan on sbtest6  (cost=22.93..3951.19 rows=1024 width=121)
	              Recheck Cond: ((id >= 2428727) AND (id <= 2429726))
	              ->  Bitmap Index Scan on sbtest6_pkey  (cost=0.00..22.68 rows=1024 width=0)
	                    Index Cond: ((id >= 2428727) AND (id <= 2429726))

table 7 : explain SELECT DISTINCT c FROM sbtest7 WHERE id BETWEEN 2283283 AND 2284282 ORDER BY c
	Unique  (cost=4048.18..4053.36 rows=1036 width=121)
	  ->  Sort  (cost=4048.18..4050.77 rows=1036 width=121)
	        Sort Key: c
	        ->  Bitmap Heap Scan on sbtest7  (cost=23.05..3996.29 rows=1036 width=121)
	              Recheck Cond: ((id >= 2283283) AND (id <= 2284282))
	              ->  Bitmap Index Scan on sbtest7_pkey  (cost=0.00..22.79 rows=1036 width=0)
	                    Index Cond: ((id >= 2283283) AND (id <= 2284282))

table 8 : explain SELECT DISTINCT c FROM sbtest8 WHERE id BETWEEN 2168101 AND 2169100 ORDER BY c
	Unique  (cost=3734.94..3739.71 rows=954 width=121)
	  ->  Sort  (cost=3734.94..3737.32 rows=954 width=121)
	        Sort Key: c
	        ->  Bitmap Heap Scan on sbtest8  (cost=22.21..3687.72 rows=954 width=121)
	              Recheck Cond: ((id >= 2168101) AND (id <= 2169100))
	              ->  Bitmap Index Scan on sbtest8_pkey  (cost=0.00..21.97 rows=954 width=0)
	                    Index Cond: ((id >= 2168101) AND (id <= 2169100))
for: sum_ranges
table 1 : explain SELECT SUM(k) FROM sbtest1 WHERE id BETWEEN 4678398 AND 4679397
	Aggregate  (cost=3859.40..3859.41 rows=1 width=8)
	  ->  Bitmap Heap Scan on sbtest1  (cost=22.67..3856.91 rows=999 width=4)
	        Recheck Cond: ((id >= 4678398) AND (id <= 4679397))
	        ->  Bitmap Index Scan on sbtest1_pkey  (cost=0.00..22.43 rows=999 width=0)
	              Index Cond: ((id >= 4678398) AND (id <= 4679397))

table 2 : explain SELECT SUM(k) FROM sbtest2 WHERE id BETWEEN 4640541 AND 4641540
	Aggregate  (cost=4229.37..4229.38 rows=1 width=8)
	  ->  Bitmap Heap Scan on sbtest2  (cost=27.67..4226.63 rows=1096 width=4)
	        Recheck Cond: ((id >= 4640541) AND (id <= 4641540))
	        ->  Bitmap Index Scan on sbtest2_pkey  (cost=0.00..27.39 rows=1096 width=0)
	              Index Cond: ((id >= 4640541) AND (id <= 4641540))

table 3 : explain SELECT SUM(k) FROM sbtest3 WHERE id BETWEEN 9275826 AND 9276825
	Aggregate  (cost=3971.52..3971.53 rows=1 width=8)
	  ->  Bitmap Heap Scan on sbtest3  (cost=22.98..3968.94 rows=1029 width=4)
	        Recheck Cond: ((id >= 9275826) AND (id <= 9276825))
	        ->  Bitmap Index Scan on sbtest3_pkey  (cost=0.00..22.72 rows=1029 width=0)
	              Index Cond: ((id >= 9275826) AND (id <= 9276825))

table 4 : explain SELECT SUM(k) FROM sbtest4 WHERE id BETWEEN 6352803 AND 6353802
	Aggregate  (cost=3716.08..3716.09 rows=1 width=8)
	  ->  Bitmap Heap Scan on sbtest4  (cost=22.29..3713.67 rows=961 width=4)
	        Recheck Cond: ((id >= 6352803) AND (id <= 6353802))
	        ->  Bitmap Index Scan on sbtest4_pkey  (cost=0.00..22.04 rows=961 width=0)
	              Index Cond: ((id >= 6352803) AND (id <= 6353802))

table 5 : explain SELECT SUM(k) FROM sbtest5 WHERE id BETWEEN 4773183 AND 4774182
	Aggregate  (cost=3701.90..3701.91 rows=1 width=8)
	  ->  Bitmap Heap Scan on sbtest5  (cost=22.24..3699.50 rows=957 width=4)
	        Recheck Cond: ((id >= 4773183) AND (id <= 4774182))
	        ->  Bitmap Index Scan on sbtest5_pkey  (cost=0.00..22.00 rows=957 width=0)
	              Index Cond: ((id >= 4773183) AND (id <= 4774182))

table 6 : explain SELECT SUM(k) FROM sbtest6 WHERE id BETWEEN 5727188 AND 5728187
	Aggregate  (cost=4108.01..4108.02 rows=1 width=8)
	  ->  Bitmap Heap Scan on sbtest6  (cost=23.35..4105.35 rows=1065 width=4)
	        Recheck Cond: ((id >= 5727188) AND (id <= 5728187))
	        ->  Bitmap Index Scan on sbtest6_pkey  (cost=0.00..23.08 rows=1065 width=0)
	              Index Cond: ((id >= 5727188) AND (id <= 5728187))

table 7 : explain SELECT SUM(k) FROM sbtest7 WHERE id BETWEEN 825781 AND 826780
	Aggregate  (cost=4036.51..4036.52 rows=1 width=8)
	  ->  Bitmap Heap Scan on sbtest7  (cost=23.16..4033.90 rows=1046 width=4)
	        Recheck Cond: ((id >= 825781) AND (id <= 826780))
	        ->  Bitmap Index Scan on sbtest7_pkey  (cost=0.00..22.89 rows=1046 width=0)
	              Index Cond: ((id >= 825781) AND (id <= 826780))

table 8 : explain SELECT SUM(k) FROM sbtest8 WHERE id BETWEEN 1096989 AND 1097988
	Aggregate  (cost=4161.17..4161.18 rows=1 width=8)
	  ->  Bitmap Heap Scan on sbtest8  (cost=27.48..4158.47 rows=1078 width=4)
	        Recheck Cond: ((id >= 1096989) AND (id <= 1097988))
	        ->  Bitmap Index Scan on sbtest8_pkey  (cost=0.00..27.21 rows=1078 width=0)
	              Index Cond: ((id >= 1096989) AND (id <= 1097988))

for point_selects
table 1 : explain SELECT c FROM sbtest1 WHERE id=7679767
	Index Scan using sbtest1_pkey on sbtest1  (cost=0.43..8.45 rows=1 width=121)
	  Index Cond: (id = 7679767)

table 2 : explain SELECT c FROM sbtest2 WHERE id=263043
	Index Scan using sbtest2_pkey on sbtest2  (cost=0.43..8.45 rows=1 width=121)
	  Index Cond: (id = 263043)

table 3 : explain SELECT c FROM sbtest3 WHERE id=1126444
	Index Scan using sbtest3_pkey on sbtest3  (cost=0.43..8.45 rows=1 width=121)
	  Index Cond: (id = 1126444)

table 4 : explain SELECT c FROM sbtest4 WHERE id=4716820
	Index Scan using sbtest4_pkey on sbtest4  (cost=0.43..8.45 rows=1 width=121)
	  Index Cond: (id = 4716820)

table 5 : explain SELECT c FROM sbtest5 WHERE id=246039
	Index Scan using sbtest5_pkey on sbtest5  (cost=0.43..8.45 rows=1 width=121)
	  Index Cond: (id = 246039)

table 6 : explain SELECT c FROM sbtest6 WHERE id=5747829
	Index Scan using sbtest6_pkey on sbtest6  (cost=0.43..8.45 rows=1 width=121)
	  Index Cond: (id = 5747829)

table 7 : explain SELECT c FROM sbtest7 WHERE id=7689324
	Index Scan using sbtest7_pkey on sbtest7  (cost=0.43..8.45 rows=1 width=121)
	  Index Cond: (id = 7689324)

table 8 : explain SELECT c FROM sbtest8 WHERE id=1332624
	Index Scan using sbtest8_pkey on sbtest8  (cost=0.43..8.45 rows=1 width=121)
	  Index Cond: (id = 1332624)

for: distinct_ranges
table 1 : explain SELECT DISTINCT c FROM sbtest1 WHERE id BETWEEN 2310151 AND 2311150 ORDER BY c
	Unique  (cost=4250.22..4255.67 rows=1089 width=121)
	  ->  Sort  (cost=4250.22..4252.95 rows=1089 width=121)
	        Sort Key: c
	        ->  Bitmap Heap Scan on sbtest1  (cost=23.60..4195.29 rows=1089 width=121)
	              Recheck Cond: ((id >= 2310151) AND (id <= 2311150))
	              ->  Bitmap Index Scan on sbtest1_pkey  (cost=0.00..23.32 rows=1089 width=0)
	                    Index Cond: ((id >= 2310151) AND (id <= 2311150))

table 2 : explain SELECT DISTINCT c FROM sbtest2 WHERE id BETWEEN 8435450 AND 8436449 ORDER BY c
	Unique  (cost=3838.75..3843.66 rows=981 width=121)
	  ->  Sort  (cost=3838.75..3841.21 rows=981 width=121)
	        Sort Key: c
	        ->  Bitmap Heap Scan on sbtest2  (cost=22.49..3790.01 rows=981 width=121)
	              Recheck Cond: ((id >= 8435450) AND (id <= 8436449))
	              ->  Bitmap Index Scan on sbtest2_pkey  (cost=0.00..22.25 rows=981 width=0)
	                    Index Cond: ((id >= 8435450) AND (id <= 8436449))

table 3 : explain SELECT DISTINCT c FROM sbtest3 WHERE id BETWEEN 3792751 AND 3793750 ORDER BY c
	Unique  (cost=3680.16..3684.86 rows=940 width=121)
	  ->  Sort  (cost=3680.16..3682.51 rows=940 width=121)
	        Sort Key: c
	        ->  Bitmap Heap Scan on sbtest3  (cost=22.07..3633.74 rows=940 width=121)
	              Recheck Cond: ((id >= 3792751) AND (id <= 3793750))
	              ->  Bitmap Index Scan on sbtest3_pkey  (cost=0.00..21.83 rows=940 width=0)
	                    Index Cond: ((id >= 3792751) AND (id <= 3793750))

table 4 : explain SELECT DISTINCT c FROM sbtest4 WHERE id BETWEEN 8126723 AND 8127722 ORDER BY c
	Unique  (cost=4372.36..4377.97 rows=1121 width=121)
	  ->  Sort  (cost=4372.36..4375.16 rows=1121 width=121)
	        Sort Key: c
	        ->  Bitmap Heap Scan on sbtest4  (cost=27.93..4315.58 rows=1121 width=121)
	              Recheck Cond: ((id >= 8126723) AND (id <= 8127722))
	              ->  Bitmap Index Scan on sbtest4_pkey  (cost=0.00..27.64 rows=1121 width=0)
	                    Index Cond: ((id >= 8126723) AND (id <= 8127722))

table 5 : explain SELECT DISTINCT c FROM sbtest5 WHERE id BETWEEN 5200025 AND 5201024 ORDER BY c
	Unique  (cost=3723.91..3728.66 rows=951 width=121)
	  ->  Sort  (cost=3723.91..3726.29 rows=951 width=121)
	        Sort Key: c
	        ->  Bitmap Heap Scan on sbtest5  (cost=22.18..3676.87 rows=951 width=121)
	              Recheck Cond: ((id >= 5200025) AND (id <= 5201024))
	              ->  Bitmap Index Scan on sbtest5_pkey  (cost=0.00..21.94 rows=951 width=0)
	                    Index Cond: ((id >= 5200025) AND (id <= 5201024))

table 6 : explain SELECT DISTINCT c FROM sbtest6 WHERE id BETWEEN 3725253 AND 3726252 ORDER BY c
	Unique  (cost=3734.70..3739.47 rows=954 width=121)
	  ->  Sort  (cost=3734.70..3737.09 rows=954 width=121)
	        Sort Key: c
	        ->  Bitmap Heap Scan on sbtest6  (cost=22.21..3687.49 rows=954 width=121)
	              Recheck Cond: ((id >= 3725253) AND (id <= 3726252))
	              ->  Bitmap Index Scan on sbtest6_pkey  (cost=0.00..21.97 rows=954 width=0)
	                    Index Cond: ((id >= 3725253) AND (id <= 3726252))

table 7 : explain SELECT DISTINCT c FROM sbtest7 WHERE id BETWEEN 1064786 AND 1065785 ORDER BY c
	Unique  (cost=3960.33..3965.39 rows=1013 width=121)
	  ->  Sort  (cost=3960.33..3962.86 rows=1013 width=121)
	        Sort Key: c
	        ->  Bitmap Heap Scan on sbtest7  (cost=22.82..3909.75 rows=1013 width=121)
	              Recheck Cond: ((id >= 1064786) AND (id <= 1065785))
	              ->  Bitmap Index Scan on sbtest7_pkey  (cost=0.00..22.57 rows=1013 width=0)
	                    Index Cond: ((id >= 1064786) AND (id <= 1065785))

table 8 : explain SELECT DISTINCT c FROM sbtest8 WHERE id BETWEEN 2790479 AND 2791478 ORDER BY c
	Unique  (cost=3910.93..3915.93 rows=1000 width=121)
	  ->  Sort  (cost=3910.93..3913.43 rows=1000 width=121)
	        Sort Key: c
	        ->  Bitmap Heap Scan on sbtest8  (cost=22.68..3861.10 rows=1000 width=121)
	              Recheck Cond: ((id >= 2790479) AND (id <= 2791478))
	              ->  Bitmap Index Scan on sbtest8_pkey  (cost=0.00..22.43 rows=1000 width=0)
	                    Index Cond: ((id >= 2790479) AND (id <= 2791478))


for: sum_ranges
table 1 : explain SELECT SUM(k) FROM sbtest1 WHERE id BETWEEN 2688477 AND 2689476
	Aggregate  (cost=3723.67..3723.68 rows=1 width=8)
	  ->  Bitmap Heap Scan on sbtest1  (cost=22.31..3721.26 rows=963 width=4)
	        Recheck Cond: ((id >= 2688477) AND (id <= 2689476))
	        ->  Bitmap Index Scan on sbtest1_pkey  (cost=0.00..22.07 rows=963 width=0)
	              Index Cond: ((id >= 2688477) AND (id <= 2689476))

table 2 : explain SELECT SUM(k) FROM sbtest2 WHERE id BETWEEN 9225618 AND 9226617
	Aggregate  (cost=4063.70..4063.71 rows=1 width=8)
	  ->  Bitmap Heap Scan on sbtest2  (cost=23.23..4061.06 rows=1053 width=4)
	        Recheck Cond: ((id >= 9225618) AND (id <= 9226617))
	        ->  Bitmap Index Scan on sbtest2_pkey  (cost=0.00..22.96 rows=1053 width=0)
	              Index Cond: ((id >= 9225618) AND (id <= 9226617))

table 3 : explain SELECT SUM(k) FROM sbtest3 WHERE id BETWEEN 4975466 AND 4976465
	Aggregate  (cost=4031.71..4031.72 rows=1 width=8)
	  ->  Bitmap Heap Scan on sbtest3  (cost=23.15..4029.09 rows=1045 width=4)
	        Recheck Cond: ((id >= 4975466) AND (id <= 4976465))
	        ->  Bitmap Index Scan on sbtest3_pkey  (cost=0.00..22.89 rows=1045 width=0)
	              Index Cond: ((id >= 4975466) AND (id <= 4976465))

table 4 : explain SELECT SUM(k) FROM sbtest4 WHERE id BETWEEN 3284381 AND 3285380
	Aggregate  (cost=3787.74..3787.75 rows=1 width=8)
	  ->  Bitmap Heap Scan on sbtest4  (cost=22.48..3785.29 rows=980 width=4)
	        Recheck Cond: ((id >= 3284381) AND (id <= 3285380))
	        ->  Bitmap Index Scan on sbtest4_pkey  (cost=0.00..22.23 rows=980 width=0)
	              Index Cond: ((id >= 3284381) AND (id <= 3285380))

table 5 : explain SELECT SUM(k) FROM sbtest5 WHERE id BETWEEN 8327379 AND 8328378
	Aggregate  (cost=3641.48..3641.49 rows=1 width=8)
	  ->  Bitmap Heap Scan on sbtest5  (cost=22.08..3639.13 rows=941 width=4)
	        Recheck Cond: ((id >= 8327379) AND (id <= 8328378))
	        ->  Bitmap Index Scan on sbtest5_pkey  (cost=0.00..21.84 rows=941 width=0)
	              Index Cond: ((id >= 8327379) AND (id <= 8328378))

table 6 : explain SELECT SUM(k) FROM sbtest6 WHERE id BETWEEN 5849793 AND 5850792
	Aggregate  (cost=4036.55..4036.56 rows=1 width=8)
	  ->  Bitmap Heap Scan on sbtest6  (cost=23.16..4033.94 rows=1046 width=4)
	        Recheck Cond: ((id >= 5849793) AND (id <= 5850792))
	        ->  Bitmap Index Scan on sbtest6_pkey  (cost=0.00..22.89 rows=1046 width=0)
	              Index Cond: ((id >= 5849793) AND (id <= 5850792))

table 7 : explain SELECT SUM(k) FROM sbtest7 WHERE id BETWEEN 3006330 AND 3007329
	Aggregate  (cost=3998.88..3998.89 rows=1 width=8)
	  ->  Bitmap Heap Scan on sbtest7  (cost=23.05..3996.29 rows=1036 width=4)
	        Recheck Cond: ((id >= 3006330) AND (id <= 3007329))
	        ->  Bitmap Index Scan on sbtest7_pkey  (cost=0.00..22.79 rows=1036 width=0)
	              Index Cond: ((id >= 3006330) AND (id <= 3007329))

table 8 : explain SELECT SUM(k) FROM sbtest8 WHERE id BETWEEN 257171 AND 258170
	Aggregate  (cost=3995.43..3995.44 rows=1 width=8)
	  ->  Bitmap Heap Scan on sbtest8  (cost=23.04..3992.84 rows=1035 width=4)
	        Recheck Cond: ((id >= 257171) AND (id <= 258170))
	        ->  Bitmap Index Scan on sbtest8_pkey  (cost=0.00..22.79 rows=1035 width=0)
	              Index Cond: ((id >= 257171) AND (id <= 258170))

for point_selects
table 1 : explain SELECT c FROM sbtest1 WHERE id=393306
	Index Scan using sbtest1_pkey on sbtest1  (cost=0.43..8.45 rows=1 width=121)
	  Index Cond: (id = 393306)

table 2 : explain SELECT c FROM sbtest2 WHERE id=4195523
	Index Scan using sbtest2_pkey on sbtest2  (cost=0.43..8.45 rows=1 width=121)
	  Index Cond: (id = 4195523)

table 3 : explain SELECT c FROM sbtest3 WHERE id=9663888
	Index Scan using sbtest3_pkey on sbtest3  (cost=0.43..8.45 rows=1 width=121)
	  Index Cond: (id = 9663888)

table 4 : explain SELECT c FROM sbtest4 WHERE id=1575314
	Index Scan using sbtest4_pkey on sbtest4  (cost=0.43..8.45 rows=1 width=121)
	  Index Cond: (id = 1575314)

table 5 : explain SELECT c FROM sbtest5 WHERE id=3603156
	Index Scan using sbtest5_pkey on sbtest5  (cost=0.43..8.45 rows=1 width=121)
	  Index Cond: (id = 3603156)

table 6 : explain SELECT c FROM sbtest6 WHERE id=2806774
	Index Scan using sbtest6_pkey on sbtest6  (cost=0.43..8.45 rows=1 width=121)
	  Index Cond: (id = 2806774)

table 7 : explain SELECT c FROM sbtest7 WHERE id=8034660
	Index Scan using sbtest7_pkey on sbtest7  (cost=0.43..8.45 rows=1 width=121)
	  Index Cond: (id = 8034660)

table 8 : explain SELECT c FROM sbtest8 WHERE id=2641386
	Index Scan using sbtest8_pkey on sbtest8  (cost=0.43..8.45 rows=1 width=121)
	  Index Cond: (id = 2641386)

for point_selects
table 1 : explain SELECT c FROM sbtest1 WHERE id=9439258
	Index Scan using sbtest1_pkey on sbtest1  (cost=0.43..8.45 rows=1 width=121)
	  Index Cond: (id = 9439258)

table 2 : explain SELECT c FROM sbtest2 WHERE id=5533198
	Index Scan using sbtest2_pkey on sbtest2  (cost=0.43..8.45 rows=1 width=121)
	  Index Cond: (id = 5533198)

table 3 : explain SELECT c FROM sbtest3 WHERE id=5630421
	Index Scan using sbtest3_pkey on sbtest3  (cost=0.43..8.45 rows=1 width=121)
	  Index Cond: (id = 5630421)

table 4 : explain SELECT c FROM sbtest4 WHERE id=891271
	Index Scan using sbtest4_pkey on sbtest4  (cost=0.43..8.45 rows=1 width=121)
	  Index Cond: (id = 891271)

table 5 : explain SELECT c FROM sbtest5 WHERE id=4681666
	Index Scan using sbtest5_pkey on sbtest5  (cost=0.43..8.45 rows=1 width=121)
	  Index Cond: (id = 4681666)

table 6 : explain SELECT c FROM sbtest6 WHERE id=1096421
	Index Scan using sbtest6_pkey on sbtest6  (cost=0.43..8.45 rows=1 width=121)
	  Index Cond: (id = 1096421)

table 7 : explain SELECT c FROM sbtest7 WHERE id=4181491
	Index Scan using sbtest7_pkey on sbtest7  (cost=0.43..8.45 rows=1 width=121)
	  Index Cond: (id = 4181491)

table 8 : explain SELECT c FROM sbtest8 WHERE id=4729787
	Index Scan using sbtest8_pkey on sbtest8  (cost=0.43..8.45 rows=1 width=121)
	  Index Cond: (id = 4729787)

for: simple_ranges
table 1 : explain SELECT c FROM sbtest1 WHERE id BETWEEN 9866535 AND 9867534
	Bitmap Heap Scan on sbtest1  (cost=22.99..3973.58 rows=1030 width=121)
	  Recheck Cond: ((id >= 9866535) AND (id <= 9867534))
	  ->  Bitmap Index Scan on sbtest1_pkey  (cost=0.00..22.73 rows=1030 width=0)
	        Index Cond: ((id >= 9866535) AND (id <= 9867534))

table 2 : explain SELECT c FROM sbtest2 WHERE id BETWEEN 7328800 AND 7329799
	Bitmap Heap Scan on sbtest2  (cost=22.22..3691.96 rows=955 width=121)
	  Recheck Cond: ((id >= 7328800) AND (id <= 7329799))
	  ->  Bitmap Index Scan on sbtest2_pkey  (cost=0.00..21.98 rows=955 width=0)
	        Index Cond: ((id >= 7328800) AND (id <= 7329799))

table 3 : explain SELECT c FROM sbtest3 WHERE id BETWEEN 9067676 AND 9068675
	Bitmap Heap Scan on sbtest3  (cost=22.15..3663.92 rows=948 width=121)
	  Recheck Cond: ((id >= 9067676) AND (id <= 9068675))
	  ->  Bitmap Index Scan on sbtest3_pkey  (cost=0.00..21.91 rows=948 width=0)
	        Index Cond: ((id >= 9067676) AND (id <= 9068675))

table 4 : explain SELECT c FROM sbtest4 WHERE id BETWEEN 2651467 AND 2652466
	Bitmap Heap Scan on sbtest4  (cost=23.29..4082.56 rows=1059 width=121)
	  Recheck Cond: ((id >= 2651467) AND (id <= 2652466))
	  ->  Bitmap Index Scan on sbtest4_pkey  (cost=0.00..23.02 rows=1059 width=0)
	        Index Cond: ((id >= 2651467) AND (id <= 2652466))

table 5 : explain SELECT c FROM sbtest5 WHERE id BETWEEN 8698364 AND 8699363
	Bitmap Heap Scan on sbtest5  (cost=21.77..3525.83 rows=911 width=121)
	  Recheck Cond: ((id >= 8698364) AND (id <= 8699363))
	  ->  Bitmap Index Scan on sbtest5_pkey  (cost=0.00..21.54 rows=911 width=0)
	        Index Cond: ((id >= 8698364) AND (id <= 8699363))

table 6 : explain SELECT c FROM sbtest6 WHERE id BETWEEN 4611930 AND 4612929
	Bitmap Heap Scan on sbtest6  (cost=22.94..3954.95 rows=1025 width=121)
	  Recheck Cond: ((id >= 4611930) AND (id <= 4612929))
	  ->  Bitmap Index Scan on sbtest6_pkey  (cost=0.00..22.68 rows=1025 width=0)
	        Index Cond: ((id >= 4611930) AND (id <= 4612929))

table 7 : explain SELECT c FROM sbtest7 WHERE id BETWEEN 5872059 AND 5873058
	Bitmap Heap Scan on sbtest7  (cost=23.07..4003.81 rows=1038 width=121)
	  Recheck Cond: ((id >= 5872059) AND (id <= 5873058))
	  ->  Bitmap Index Scan on sbtest7_pkey  (cost=0.00..22.82 rows=1038 width=0)
	        Index Cond: ((id >= 5872059) AND (id <= 5873058))

table 8 : explain SELECT c FROM sbtest8 WHERE id BETWEEN 2245339 AND 2246338
	Bitmap Heap Scan on sbtest8  (cost=22.62..3838.51 rows=994 width=121)
	  Recheck Cond: ((id >= 2245339) AND (id <= 2246338))
	  ->  Bitmap Index Scan on sbtest8_pkey  (cost=0.00..22.37 rows=994 width=0)
	        Index Cond: ((id >= 2245339) AND (id <= 2246338))

for: order_ranges
table 1 : explain SELECT c FROM sbtest1 WHERE id BETWEEN 5311882 AND 5312881 ORDER BY c
	Sort  (cost=3814.90..3817.34 rows=975 width=121)
	  Sort Key: c
	  ->  Bitmap Heap Scan on sbtest1  (cost=22.43..3766.49 rows=975 width=121)
	        Recheck Cond: ((id >= 5311882) AND (id <= 5312881))
	        ->  Bitmap Index Scan on sbtest1_pkey  (cost=0.00..22.18 rows=975 width=0)
	              Index Cond: ((id >= 5311882) AND (id <= 5312881))

table 2 : explain SELECT c FROM sbtest2 WHERE id BETWEEN 3083326 AND 3084325 ORDER BY c
	Sort  (cost=3877.01..3879.49 rows=991 width=121)
	  Sort Key: c
	  ->  Bitmap Heap Scan on sbtest2  (cost=22.59..3827.69 rows=991 width=121)
	        Recheck Cond: ((id >= 3083326) AND (id <= 3084325))
	        ->  Bitmap Index Scan on sbtest2_pkey  (cost=0.00..22.34 rows=991 width=0)
	              Index Cond: ((id >= 3083326) AND (id <= 3084325))

table 3 : explain SELECT c FROM sbtest3 WHERE id BETWEEN 9329218 AND 9330217 ORDER BY c
	Sort  (cost=3457.88..3460.08 rows=882 width=121)
	  Sort Key: c
	  ->  Bitmap Heap Scan on sbtest3  (cost=21.48..3414.73 rows=882 width=121)
	        Recheck Cond: ((id >= 9329218) AND (id <= 9330217))
	        ->  Bitmap Index Scan on sbtest3_pkey  (cost=0.00..21.25 rows=882 width=0)
	              Index Cond: ((id >= 9329218) AND (id <= 9330217))

table 4 : explain SELECT c FROM sbtest4 WHERE id BETWEEN 6227991 AND 6228990 ORDER BY c
	Sort  (cost=3986.88..3989.43 rows=1020 width=121)
	  Sort Key: c
	  ->  Bitmap Heap Scan on sbtest4  (cost=22.89..3935.91 rows=1020 width=121)
	        Recheck Cond: ((id >= 6227991) AND (id <= 6228990))
	        ->  Bitmap Index Scan on sbtest4_pkey  (cost=0.00..22.64 rows=1020 width=0)
	              Index Cond: ((id >= 6227991) AND (id <= 6228990))

table 5 : explain SELECT c FROM sbtest5 WHERE id BETWEEN 2994244 AND 2995243 ORDER BY c
	Sort  (cost=3716.25..3718.62 rows=949 width=121)
	  Sort Key: c
	  ->  Bitmap Heap Scan on sbtest5  (cost=22.16..3669.32 rows=949 width=121)
	        Recheck Cond: ((id >= 2994244) AND (id <= 2995243))
	        ->  Bitmap Index Scan on sbtest5_pkey  (cost=0.00..21.93 rows=949 width=0)
	              Index Cond: ((id >= 2994244) AND (id <= 2995243))

table 6 : explain SELECT c FROM sbtest6 WHERE id BETWEEN 2535099 AND 2536098 ORDER BY c
	Sort  (cost=3960.36..3962.90 rows=1013 width=121)
	  Sort Key: c
	  ->  Bitmap Heap Scan on sbtest6  (cost=22.82..3909.79 rows=1013 width=121)
	        Recheck Cond: ((id >= 2535099) AND (id <= 2536098))
	        ->  Bitmap Index Scan on sbtest6_pkey  (cost=0.00..22.57 rows=1013 width=0)
	              Index Cond: ((id >= 2535099) AND (id <= 2536098))

table 7 : explain SELECT c FROM sbtest7 WHERE id BETWEEN 3663849 AND 3664848 ORDER BY c
	Sort  (cost=3834.16..3836.61 rows=980 width=121)
	  Sort Key: c
	  ->  Bitmap Heap Scan on sbtest7  (cost=22.48..3785.47 rows=980 width=121)
	        Recheck Cond: ((id >= 3663849) AND (id <= 3664848))
	        ->  Bitmap Index Scan on sbtest7_pkey  (cost=0.00..22.23 rows=980 width=0)
	              Index Cond: ((id >= 3663849) AND (id <= 3664848))

table 8 : explain SELECT c FROM sbtest8 WHERE id BETWEEN 1568742 AND 1569741 ORDER BY c
	Sort  (cost=3796.18..3798.61 rows=970 width=121)
	  Sort Key: c
	  ->  Bitmap Heap Scan on sbtest8  (cost=22.38..3748.06 rows=970 width=121)
	        Recheck Cond: ((id >= 1568742) AND (id <= 1569741))
	        ->  Bitmap Index Scan on sbtest8_pkey  (cost=0.00..22.14 rows=970 width=0)
	              Index Cond: ((id >= 1568742) AND (id <= 1569741))

for point_selects
table 1 : explain SELECT c FROM sbtest1 WHERE id=1085433
	Index Scan using sbtest1_pkey on sbtest1  (cost=0.43..8.45 rows=1 width=121)
	  Index Cond: (id = 1085433)

table 2 : explain SELECT c FROM sbtest2 WHERE id=8894695
	Index Scan using sbtest2_pkey on sbtest2  (cost=0.43..8.45 rows=1 width=121)
	  Index Cond: (id = 8894695)

table 3 : explain SELECT c FROM sbtest3 WHERE id=7549845
	Index Scan using sbtest3_pkey on sbtest3  (cost=0.43..8.45 rows=1 width=121)
	  Index Cond: (id = 7549845)

table 4 : explain SELECT c FROM sbtest4 WHERE id=3276367
	Index Scan using sbtest4_pkey on sbtest4  (cost=0.43..8.45 rows=1 width=121)
	  Index Cond: (id = 3276367)

table 5 : explain SELECT c FROM sbtest5 WHERE id=7267921
	Index Scan using sbtest5_pkey on sbtest5  (cost=0.43..8.45 rows=1 width=121)
	  Index Cond: (id = 7267921)

table 6 : explain SELECT c FROM sbtest6 WHERE id=9856512
	Index Scan using sbtest6_pkey on sbtest6  (cost=0.43..8.45 rows=1 width=121)
	  Index Cond: (id = 9856512)

table 7 : explain SELECT c FROM sbtest7 WHERE id=9751185
	Index Scan using sbtest7_pkey on sbtest7  (cost=0.43..8.45 rows=1 width=121)
	  Index Cond: (id = 9751185)

table 8 : explain SELECT c FROM sbtest8 WHERE id=7312528
	Index Scan using sbtest8_pkey on sbtest8  (cost=0.43..8.45 rows=1 width=121)
	  Index Cond: (id = 7312528)

for point_selects
table 1 : explain SELECT c FROM sbtest1 WHERE id=1767211
	Index Scan using sbtest1_pkey on sbtest1  (cost=0.43..8.45 rows=1 width=121)
	  Index Cond: (id = 1767211)

table 2 : explain SELECT c FROM sbtest2 WHERE id=2964186
	Index Scan using sbtest2_pkey on sbtest2  (cost=0.43..8.45 rows=1 width=121)
	  Index Cond: (id = 2964186)

table 3 : explain SELECT c FROM sbtest3 WHERE id=6869659
	Index Scan using sbtest3_pkey on sbtest3  (cost=0.43..8.45 rows=1 width=121)
	  Index Cond: (id = 6869659)

table 4 : explain SELECT c FROM sbtest4 WHERE id=6079443
	Index Scan using sbtest4_pkey on sbtest4  (cost=0.43..8.45 rows=1 width=121)
	  Index Cond: (id = 6079443)

table 5 : explain SELECT c FROM sbtest5 WHERE id=1710863
	Index Scan using sbtest5_pkey on sbtest5  (cost=0.43..8.45 rows=1 width=121)
	  Index Cond: (id = 1710863)

table 6 : explain SELECT c FROM sbtest6 WHERE id=3605776
	Index Scan using sbtest6_pkey on sbtest6  (cost=0.43..8.45 rows=1 width=121)
	  Index Cond: (id = 3605776)

table 7 : explain SELECT c FROM sbtest7 WHERE id=6040337
	Index Scan using sbtest7_pkey on sbtest7  (cost=0.43..8.45 rows=1 width=121)
	  Index Cond: (id = 6040337)

table 8 : explain SELECT c FROM sbtest8 WHERE id=3873797
	Index Scan using sbtest8_pkey on sbtest8  (cost=0.43..8.45 rows=1 width=121)
	  Index Cond: (id = 3873797)

for: simple_ranges
table 1 : explain SELECT c FROM sbtest1 WHERE id BETWEEN 2768173 AND 2769172
	Bitmap Heap Scan on sbtest1  (cost=22.80..3902.08 rows=1011 width=121)
	  Recheck Cond: ((id >= 2768173) AND (id <= 2769172))
	  ->  Bitmap Index Scan on sbtest1_pkey  (cost=0.00..22.54 rows=1011 width=0)
	        Index Cond: ((id >= 2768173) AND (id <= 2769172))

table 2 : explain SELECT c FROM sbtest2 WHERE id BETWEEN 1697838 AND 1698837
	Bitmap Heap Scan on sbtest2  (cost=22.43..3767.39 rows=975 width=121)
	  Recheck Cond: ((id >= 1697838) AND (id <= 1698837))
	  ->  Bitmap Index Scan on sbtest2_pkey  (cost=0.00..22.18 rows=975 width=0)
	        Index Cond: ((id >= 1697838) AND (id <= 1698837))

table 3 : explain SELECT c FROM sbtest3 WHERE id BETWEEN 6002939 AND 6003938
	Bitmap Heap Scan on sbtest3  (cost=22.38..3746.85 rows=970 width=121)
	  Recheck Cond: ((id >= 6002939) AND (id <= 6003938))
	  ->  Bitmap Index Scan on sbtest3_pkey  (cost=0.00..22.14 rows=970 width=0)
	        Index Cond: ((id >= 6002939) AND (id <= 6003938))

table 4 : explain SELECT c FROM sbtest4 WHERE id BETWEEN 2501427 AND 2502426
	Bitmap Heap Scan on sbtest4  (cost=23.63..4206.50 rows=1092 width=121)
	  Recheck Cond: ((id >= 2501427) AND (id <= 2502426))
	  ->  Bitmap Index Scan on sbtest4_pkey  (cost=0.00..23.36 rows=1092 width=0)
	        Index Cond: ((id >= 2501427) AND (id <= 2502426))

table 5 : explain SELECT c FROM sbtest5 WHERE id BETWEEN 1203472 AND 1204471
	Bitmap Heap Scan on sbtest5  (cost=26.71..3873.13 rows=1002 width=121)
	  Recheck Cond: ((id >= 1203472) AND (id <= 1204471))
	  ->  Bitmap Index Scan on sbtest5_pkey  (cost=0.00..26.45 rows=1002 width=0)
	        Index Cond: ((id >= 1203472) AND (id <= 1204471))

table 6 : explain SELECT c FROM sbtest6 WHERE id BETWEEN 4761901 AND 4762900
	Bitmap Heap Scan on sbtest6  (cost=22.16..3668.63 rows=949 width=121)
	  Recheck Cond: ((id >= 4761901) AND (id <= 4762900))
	  ->  Bitmap Index Scan on sbtest6_pkey  (cost=0.00..21.93 rows=949 width=0)
	        Index Cond: ((id >= 4761901) AND (id <= 4762900))

table 7 : explain SELECT c FROM sbtest7 WHERE id BETWEEN 5558978 AND 5559977
	Bitmap Heap Scan on sbtest7  (cost=22.98..3969.96 rows=1029 width=121)
	  Recheck Cond: ((id >= 5558978) AND (id <= 5559977))
	  ->  Bitmap Index Scan on sbtest7_pkey  (cost=0.00..22.72 rows=1029 width=0)
	        Index Cond: ((id >= 5558978) AND (id <= 5559977))

table 8 : explain SELECT c FROM sbtest8 WHERE id BETWEEN 4307512 AND 4308511
	Bitmap Heap Scan on sbtest8  (cost=22.42..3763.14 rows=974 width=121)
	  Recheck Cond: ((id >= 4307512) AND (id <= 4308511))
	  ->  Bitmap Index Scan on sbtest8_pkey  (cost=0.00..22.18 rows=974 width=0)
	        Index Cond: ((id >= 4307512) AND (id <= 4308511))

for: simple_ranges
table 1 : explain SELECT c FROM sbtest1 WHERE id BETWEEN 7737072 AND 7738071
	Bitmap Heap Scan on sbtest1  (cost=21.79..3532.58 rows=913 width=121)
	  Recheck Cond: ((id >= 7737072) AND (id <= 7738071))
	  ->  Bitmap Index Scan on sbtest1_pkey  (cost=0.00..21.57 rows=913 width=0)
	        Index Cond: ((id >= 7737072) AND (id <= 7738071))

table 2 : explain SELECT c FROM sbtest2 WHERE id BETWEEN 2420162 AND 2421161
	Bitmap Heap Scan on sbtest2  (cost=22.40..3756.08 rows=972 width=121)
	  Recheck Cond: ((id >= 2420162) AND (id <= 2421161))
	  ->  Bitmap Index Scan on sbtest2_pkey  (cost=0.00..22.15 rows=972 width=0)
	        Index Cond: ((id >= 2420162) AND (id <= 2421161))

table 3 : explain SELECT c FROM sbtest3 WHERE id BETWEEN 3219748 AND 3220747
	Bitmap Heap Scan on sbtest3  (cost=23.29..4081.70 rows=1059 width=121)
	  Recheck Cond: ((id >= 3219748) AND (id <= 3220747))
	  ->  Bitmap Index Scan on sbtest3_pkey  (cost=0.00..23.02 rows=1059 width=0)
	        Index Cond: ((id >= 3219748) AND (id <= 3220747))

table 4 : explain SELECT c FROM sbtest4 WHERE id BETWEEN 2107896 AND 2108895
	Bitmap Heap Scan on sbtest4  (cost=22.78..3894.51 rows=1009 width=121)
	  Recheck Cond: ((id >= 2107896) AND (id <= 2108895))
	  ->  Bitmap Index Scan on sbtest4_pkey  (cost=0.00..22.52 rows=1009 width=0)
	        Index Cond: ((id >= 2107896) AND (id <= 2108895))

table 5 : explain SELECT c FROM sbtest5 WHERE id BETWEEN 5918969 AND 5919968
	Bitmap Heap Scan on sbtest5  (cost=22.22..3691.96 rows=955 width=121)
	  Recheck Cond: ((id >= 5918969) AND (id <= 5919968))
	  ->  Bitmap Index Scan on sbtest5_pkey  (cost=0.00..21.98 rows=955 width=0)
	        Index Cond: ((id >= 5918969) AND (id <= 5919968))

table 6 : explain SELECT c FROM sbtest6 WHERE id BETWEEN 150588 AND 151587
	Bitmap Heap Scan on sbtest6  (cost=23.17..4037.70 rows=1047 width=121)
	  Recheck Cond: ((id >= 150588) AND (id <= 151587))
	  ->  Bitmap Index Scan on sbtest6_pkey  (cost=0.00..22.90 rows=1047 width=0)
	        Index Cond: ((id >= 150588) AND (id <= 151587))

table 7 : explain SELECT c FROM sbtest7 WHERE id BETWEEN 4958183 AND 4959182
	Bitmap Heap Scan on sbtest7  (cost=21.75..3517.59 rows=909 width=121)
	  Recheck Cond: ((id >= 4958183) AND (id <= 4959182))
	  ->  Bitmap Index Scan on sbtest7_pkey  (cost=0.00..21.52 rows=909 width=0)
	        Index Cond: ((id >= 4958183) AND (id <= 4959182))

table 8 : explain SELECT c FROM sbtest8 WHERE id BETWEEN 2068976 AND 2069975
	Bitmap Heap Scan on sbtest8  (cost=23.35..4105.63 rows=1065 width=121)
	  Recheck Cond: ((id >= 2068976) AND (id <= 2069975))
	  ->  Bitmap Index Scan on sbtest8_pkey  (cost=0.00..23.08 rows=1065 width=0)
	        Index Cond: ((id >= 2068976) AND (id <= 2069975))

for: simple_ranges
table 1 : explain SELECT c FROM sbtest1 WHERE id BETWEEN 4179614 AND 4180613
	Bitmap Heap Scan on sbtest1  (cost=22.97..3966.05 rows=1028 width=121)
	  Recheck Cond: ((id >= 4179614) AND (id <= 4180613))
	  ->  Bitmap Index Scan on sbtest1_pkey  (cost=0.00..22.71 rows=1028 width=0)
	        Index Cond: ((id >= 4179614) AND (id <= 4180613))

table 2 : explain SELECT c FROM sbtest2 WHERE id BETWEEN 1925069 AND 1926068
	Bitmap Heap Scan on sbtest2  (cost=22.83..3914.32 rows=1014 width=121)
	  Recheck Cond: ((id >= 1925069) AND (id <= 1926068))
	  ->  Bitmap Index Scan on sbtest2_pkey  (cost=0.00..22.57 rows=1014 width=0)
	        Index Cond: ((id >= 1925069) AND (id <= 1926068))

table 3 : explain SELECT c FROM sbtest3 WHERE id BETWEEN 6916319 AND 6917318
	Bitmap Heap Scan on sbtest3  (cost=22.31..3720.47 rows=963 width=121)
	  Recheck Cond: ((id >= 6916319) AND (id <= 6917318))
	  ->  Bitmap Index Scan on sbtest3_pkey  (cost=0.00..22.07 rows=963 width=0)
	        Index Cond: ((id >= 6916319) AND (id <= 6917318))

table 4 : explain SELECT c FROM sbtest4 WHERE id BETWEEN 6784279 AND 6785278
	Bitmap Heap Scan on sbtest4  (cost=22.72..3871.92 rows=1003 width=121)
	  Recheck Cond: ((id >= 6784279) AND (id <= 6785278))
	  ->  Bitmap Index Scan on sbtest4_pkey  (cost=0.00..22.46 rows=1003 width=0)
	        Index Cond: ((id >= 6784279) AND (id <= 6785278))

table 5 : explain SELECT c FROM sbtest5 WHERE id BETWEEN 8117050 AND 8118049
	Bitmap Heap Scan on sbtest5  (cost=26.73..3880.66 rows=1004 width=121)
	  Recheck Cond: ((id >= 8117050) AND (id <= 8118049))
	  ->  Bitmap Index Scan on sbtest5_pkey  (cost=0.00..26.47 rows=1004 width=0)
	        Index Cond: ((id >= 8117050) AND (id <= 8118049))

table 6 : explain SELECT c FROM sbtest6 WHERE id BETWEEN 8908501 AND 8909500
	Bitmap Heap Scan on sbtest6  (cost=22.21..3687.49 rows=954 width=121)
	  Recheck Cond: ((id >= 8908501) AND (id <= 8909500))
	  ->  Bitmap Index Scan on sbtest6_pkey  (cost=0.00..21.97 rows=954 width=0)
	        Index Cond: ((id >= 8908501) AND (id <= 8909500))

table 7 : explain SELECT c FROM sbtest7 WHERE id BETWEEN 3819550 AND 3820549
	Bitmap Heap Scan on sbtest7  (cost=21.45..3407.97 rows=880 width=121)
	  Recheck Cond: ((id >= 3819550) AND (id <= 3820549))
	  ->  Bitmap Index Scan on sbtest7_pkey  (cost=0.00..21.23 rows=880 width=0)
	        Index Cond: ((id >= 3819550) AND (id <= 3820549))

table 8 : explain SELECT c FROM sbtest8 WHERE id BETWEEN 8137537 AND 8138536
	Bitmap Heap Scan on sbtest8  (cost=23.30..4086.84 rows=1060 width=121)
	  Recheck Cond: ((id >= 8137537) AND (id <= 8138536))
	  ->  Bitmap Index Scan on sbtest8_pkey  (cost=0.00..23.04 rows=1060 width=0)
	        Index Cond: ((id >= 8137537) AND (id <= 8138536))

explain: for point_selects :: explain SELECT c FROM sbtest%u WHERE id=%u
for point_selects
table 1 : explain SELECT c FROM sbtest1 WHERE id=7014297
	Index Scan using sbtest1_pkey on sbtest1  (cost=0.43..8.45 rows=1 width=121)
	  Index Cond: (id = 7014297)

table 2 : explain SELECT c FROM sbtest2 WHERE id=4435349
	Index Scan using sbtest2_pkey on sbtest2  (cost=0.43..8.45 rows=1 width=121)
	  Index Cond: (id = 4435349)

table 3 : explain SELECT c FROM sbtest3 WHERE id=26719
	Index Scan using sbtest3_pkey on sbtest3  (cost=0.43..8.45 rows=1 width=121)
	  Index Cond: (id = 26719)

table 4 : explain SELECT c FROM sbtest4 WHERE id=3880315
	Index Scan using sbtest4_pkey on sbtest4  (cost=0.43..8.45 rows=1 width=121)
	  Index Cond: (id = 3880315)

table 5 : explain SELECT c FROM sbtest5 WHERE id=4375227
	Index Scan using sbtest5_pkey on sbtest5  (cost=0.43..8.45 rows=1 width=121)
	  Index Cond: (id = 4375227)

table 6 : explain SELECT c FROM sbtest6 WHERE id=4465952
	Index Scan using sbtest6_pkey on sbtest6  (cost=0.43..8.45 rows=1 width=121)
	  Index Cond: (id = 4465952)

table 7 : explain SELECT c FROM sbtest7 WHERE id=4899941
	Index Scan using sbtest7_pkey on sbtest7  (cost=0.43..8.45 rows=1 width=121)
	  Index Cond: (id = 4899941)

table 8 : explain SELECT c FROM sbtest8 WHERE id=3301631
	Index Scan using sbtest8_pkey on sbtest8  (cost=0.43..8.45 rows=1 width=121)
	  Index Cond: (id = 3301631)

for: distinct_ranges
table 1 : explain SELECT DISTINCT c FROM sbtest1 WHERE id BETWEEN 8255960 AND 8256959 ORDER BY c
	Unique  (cost=4322.90..4328.44 rows=1108 width=121)
	  ->  Sort  (cost=4322.90..4325.67 rows=1108 width=121)
	        Sort Key: c
	        ->  Bitmap Heap Scan on sbtest1  (cost=27.79..4266.87 rows=1108 width=121)
	              Recheck Cond: ((id >= 8255960) AND (id <= 8256959))
	              ->  Bitmap Index Scan on sbtest1_pkey  (cost=0.00..27.51 rows=1108 width=0)
	                    Index Cond: ((id >= 8255960) AND (id <= 8256959))

table 2 : explain SELECT DISTINCT c FROM sbtest2 WHERE id BETWEEN 1940649 AND 1941648 ORDER BY c
	Unique  (cost=3964.95..3970.02 rows=1014 width=121)
	  ->  Sort  (cost=3964.95..3967.49 rows=1014 width=121)
	        Sort Key: c
	        ->  Bitmap Heap Scan on sbtest2  (cost=22.83..3914.32 rows=1014 width=121)
	              Recheck Cond: ((id >= 1940649) AND (id <= 1941648))
	              ->  Bitmap Index Scan on sbtest2_pkey  (cost=0.00..22.57 rows=1014 width=0)
	                    Index Cond: ((id >= 1940649) AND (id <= 1941648))

table 3 : explain SELECT DISTINCT c FROM sbtest3 WHERE id BETWEEN 2291197 AND 2292196 ORDER BY c
	Unique  (cost=3607.39..3612.00 rows=921 width=121)
	  ->  Sort  (cost=3607.39..3609.70 rows=921 width=121)
	        Sort Key: c
	        ->  Bitmap Heap Scan on sbtest3  (cost=21.88..3562.05 rows=921 width=121)
	              Recheck Cond: ((id >= 2291197) AND (id <= 2292196))
	              ->  Bitmap Index Scan on sbtest3_pkey  (cost=0.00..21.64 rows=921 width=0)
	                    Index Cond: ((id >= 2291197) AND (id <= 2292196))

table 4 : explain SELECT DISTINCT c FROM sbtest4 WHERE id BETWEEN 4396891 AND 4397890 ORDER BY c
	Unique  (cost=3788.07..3792.91 rows=968 width=121)
	  ->  Sort  (cost=3788.07..3790.49 rows=968 width=121)
	        Sort Key: c
	        ->  Bitmap Heap Scan on sbtest4  (cost=22.36..3740.06 rows=968 width=121)
	              Recheck Cond: ((id >= 4396891) AND (id <= 4397890))
	              ->  Bitmap Index Scan on sbtest4_pkey  (cost=0.00..22.11 rows=968 width=0)
	                    Index Cond: ((id >= 4396891) AND (id <= 4397890))

table 5 : explain SELECT DISTINCT c FROM sbtest5 WHERE id BETWEEN 7848537 AND 7849536 ORDER BY c
	Unique  (cost=4133.19..4138.48 rows=1057 width=121)
	  ->  Sort  (cost=4133.19..4135.84 rows=1057 width=121)
	        Sort Key: c
	        ->  Bitmap Heap Scan on sbtest5  (cost=27.27..4080.10 rows=1057 width=121)
	              Recheck Cond: ((id >= 7848537) AND (id <= 7849536))
	              ->  Bitmap Index Scan on sbtest5_pkey  (cost=0.00..27.00 rows=1057 width=0)
	                    Index Cond: ((id >= 7848537) AND (id <= 7849536))

table 6 : explain SELECT DISTINCT c FROM sbtest6 WHERE id BETWEEN 9365124 AND 9366123 ORDER BY c
	Unique  (cost=3615.96..3620.57 rows=923 width=121)
	  ->  Sort  (cost=3615.96..3618.26 rows=923 width=121)
	        Sort Key: c
	        ->  Bitmap Heap Scan on sbtest6  (cost=21.90..3570.50 rows=923 width=121)
	              Recheck Cond: ((id >= 9365124) AND (id <= 9366123))
	              ->  Bitmap Index Scan on sbtest6_pkey  (cost=0.00..21.66 rows=923 width=0)
	                    Index Cond: ((id >= 9365124) AND (id <= 9366123))

table 7 : explain SELECT DISTINCT c FROM sbtest7 WHERE id BETWEEN 2840064 AND 2841063 ORDER BY c
	Unique  (cost=3864.76..3869.70 rows=988 width=121)
	  ->  Sort  (cost=3864.76..3867.23 rows=988 width=121)
	        Sort Key: c
	        ->  Bitmap Heap Scan on sbtest7  (cost=22.56..3815.61 rows=988 width=121)
	              Recheck Cond: ((id >= 2840064) AND (id <= 2841063))
	              ->  Bitmap Index Scan on sbtest7_pkey  (cost=0.00..22.32 rows=988 width=0)
	                    Index Cond: ((id >= 2840064) AND (id <= 2841063))

table 8 : explain SELECT DISTINCT c FROM sbtest8 WHERE id BETWEEN 9329174 AND 9330173 ORDER BY c
	Unique  (cost=3826.79..3831.68 rows=978 width=121)
	  ->  Sort  (cost=3826.79..3829.24 rows=978 width=121)
	        Sort Key: c
	        ->  Bitmap Heap Scan on sbtest8  (cost=22.46..3778.22 rows=978 width=121)
	              Recheck Cond: ((id >= 9329174) AND (id <= 9330173))
	              ->  Bitmap Index Scan on sbtest8_pkey  (cost=0.00..22.21 rows=978 width=0)
	                    Index Cond: ((id >= 9329174) AND (id <= 9330173))

explain: for point_selects :: explain SELECT c FROM sbtest%u WHERE id=%u
for: order_ranges
table 1 : explain SELECT c FROM sbtest1 WHERE id BETWEEN 5053187 AND 5054186 ORDER BY c
	Sort  (cost=3849.32..3851.78 rows=984 width=121)
	  Sort Key: c
	  ->  Bitmap Heap Scan on sbtest1  (cost=22.52..3800.41 rows=984 width=121)
	        Recheck Cond: ((id >= 5053187) AND (id <= 5054186))
	        ->  Bitmap Index Scan on sbtest1_pkey  (cost=0.00..22.27 rows=984 width=0)
	              Index Cond: ((id >= 5053187) AND (id <= 5054186))

table 2 : explain SELECT c FROM sbtest2 WHERE id BETWEEN 8623193 AND 8624192 ORDER BY c
	Sort  (cost=3892.31..3894.80 rows=995 width=121)
	  Sort Key: c
	  ->  Bitmap Heap Scan on sbtest2  (cost=22.63..3842.77 rows=995 width=121)
	        Recheck Cond: ((id >= 8623193) AND (id <= 8624192))
	        ->  Bitmap Index Scan on sbtest2_pkey  (cost=0.00..22.39 rows=995 width=0)
	              Index Cond: ((id >= 8623193) AND (id <= 8624192))

table 3 : explain SELECT c FROM sbtest3 WHERE id BETWEEN 7170483 AND 7171482 ORDER BY c
	Sort  (cost=3760.54..3762.94 rows=961 width=121)
	  Sort Key: c
	  ->  Bitmap Heap Scan on sbtest3  (cost=22.29..3712.93 rows=961 width=121)
	        Recheck Cond: ((id >= 7170483) AND (id <= 7171482))
	        ->  Bitmap Index Scan on sbtest3_pkey  (cost=0.00..22.04 rows=961 width=0)
	              Index Cond: ((id >= 7170483) AND (id <= 7171482))

table 4 : explain SELECT c FROM sbtest4 WHERE id BETWEEN 1091933 AND 1092932 ORDER BY c
	Sort  (cost=4292.36..4295.11 rows=1100 width=121)
	  Sort Key: c
	  ->  Bitmap Heap Scan on sbtest4  (cost=27.71..4236.80 rows=1100 width=121)
	        Recheck Cond: ((id >= 1091933) AND (id <= 1092932))
	        ->  Bitmap Index Scan on sbtest4_pkey  (cost=0.00..27.43 rows=1100 width=0)
	              Index Cond: ((id >= 1091933) AND (id <= 1092932))

table 5 : explain SELECT c FROM sbtest5 WHERE id BETWEEN 3406108 AND 3407107 ORDER BY c
	Sort  (cost=3911.60..3914.10 rows=999 width=121)
	  Sort Key: c
	  ->  Bitmap Heap Scan on sbtest5  (cost=26.67..3861.83 rows=999 width=121)
	        Recheck Cond: ((id >= 3406108) AND (id <= 3407107))
	        ->  Bitmap Index Scan on sbtest5_pkey  (cost=0.00..26.43 rows=999 width=0)
	              Index Cond: ((id >= 3406108) AND (id <= 3407107))

table 6 : explain SELECT c FROM sbtest6 WHERE id BETWEEN 7573896 AND 7574895 ORDER BY c
	Sort  (cost=4124.56..4127.20 rows=1056 width=121)
	  Sort Key: c
	  ->  Bitmap Heap Scan on sbtest6  (cost=23.26..4071.53 rows=1056 width=121)
	        Recheck Cond: ((id >= 7573896) AND (id <= 7574895))
	        ->  Bitmap Index Scan on sbtest6_pkey  (cost=0.00..23.00 rows=1056 width=0)
	              Index Cond: ((id >= 7573896) AND (id <= 7574895))

table 7 : explain SELECT c FROM sbtest7 WHERE id BETWEEN 3519874 AND 3520873 ORDER BY c
	Sort  (cost=4002.35..4004.91 rows=1024 width=121)
	  Sort Key: c
	  ->  Bitmap Heap Scan on sbtest7  (cost=22.93..3951.15 rows=1024 width=121)
	        Recheck Cond: ((id >= 3519874) AND (id <= 3520873))
	        ->  Bitmap Index Scan on sbtest7_pkey  (cost=0.00..22.68 rows=1024 width=0)
	              Index Cond: ((id >= 3519874) AND (id <= 3520873))

table 8 : explain SELECT c FROM sbtest8 WHERE id BETWEEN 7323749 AND 7324748 ORDER BY c
	Sort  (cost=4517.58..4520.48 rows=1159 width=121)
	  Sort Key: c
	  ->  Bitmap Heap Scan on sbtest8  (cost=28.31..4458.60 rows=1159 width=121)
	        Recheck Cond: ((id >= 7323749) AND (id <= 7324748))
	        ->  Bitmap Index Scan on sbtest8_pkey  (cost=0.00..28.02 rows=1159 width=0)
	              Index Cond: ((id >= 7323749) AND (id <= 7324748))

for: sum_ranges
table 1 : explain SELECT SUM(k) FROM sbtest1 WHERE id BETWEEN 1634202 AND 1635201
	Aggregate  (cost=3844.33..3844.34 rows=1 width=8)
	  ->  Bitmap Heap Scan on sbtest1  (cost=22.63..3841.84 rows=995 width=4)
	        Recheck Cond: ((id >= 1634202) AND (id <= 1635201))
	        ->  Bitmap Index Scan on sbtest1_pkey  (cost=0.00..22.39 rows=995 width=0)
	              Index Cond: ((id >= 1634202) AND (id <= 1635201))

table 2 : explain SELECT SUM(k) FROM sbtest2 WHERE id BETWEEN 689110 AND 690109
	Aggregate  (cost=3758.51..3758.52 rows=1 width=8)
	  ->  Bitmap Heap Scan on sbtest2  (cost=22.40..3756.08 rows=972 width=4)
	        Recheck Cond: ((id >= 689110) AND (id <= 690109))
	        ->  Bitmap Index Scan on sbtest2_pkey  (cost=0.00..22.15 rows=972 width=0)
	              Index Cond: ((id >= 689110) AND (id <= 690109))

table 3 : explain SELECT SUM(k) FROM sbtest3 WHERE id BETWEEN 7108826 AND 7109825
	Aggregate  (cost=3866.10..3866.11 rows=1 width=8)
	  ->  Bitmap Heap Scan on sbtest3  (cost=22.70..3863.60 rows=1001 width=4)
	        Recheck Cond: ((id >= 7108826) AND (id <= 7109825))
	        ->  Bitmap Index Scan on sbtest3_pkey  (cost=0.00..22.44 rows=1001 width=0)
	              Index Cond: ((id >= 7108826) AND (id <= 7109825))

table 4 : explain SELECT SUM(k) FROM sbtest4 WHERE id BETWEEN 5621301 AND 5622300
	Aggregate  (cost=3829.21..3829.22 rows=1 width=8)
	  ->  Bitmap Heap Scan on sbtest4  (cost=22.59..3826.73 rows=991 width=4)
	        Recheck Cond: ((id >= 5621301) AND (id <= 5622300))
	        ->  Bitmap Index Scan on sbtest4_pkey  (cost=0.00..22.34 rows=991 width=0)
	              Index Cond: ((id >= 5621301) AND (id <= 5622300))

table 5 : explain SELECT SUM(k) FROM sbtest5 WHERE id BETWEEN 1295791 AND 1296790
	Aggregate  (cost=4078.98..4078.99 rows=1 width=8)
	  ->  Bitmap Heap Scan on sbtest5  (cost=27.26..4076.34 rows=1056 width=4)
	        Recheck Cond: ((id >= 1295791) AND (id <= 1296790))
	        ->  Bitmap Index Scan on sbtest5_pkey  (cost=0.00..27.00 rows=1056 width=0)
	              Index Cond: ((id >= 1295791) AND (id <= 1296790))

table 6 : explain SELECT SUM(k) FROM sbtest6 WHERE id BETWEEN 9182796 AND 9183795
	Aggregate  (cost=4085.45..4085.46 rows=1 width=8)
	  ->  Bitmap Heap Scan on sbtest6  (cost=23.29..4082.80 rows=1059 width=4)
	        Recheck Cond: ((id >= 9182796) AND (id <= 9183795))
	        ->  Bitmap Index Scan on sbtest6_pkey  (cost=0.00..23.02 rows=1059 width=0)
	              Index Cond: ((id >= 9182796) AND (id <= 9183795))

table 7 : explain SELECT SUM(k) FROM sbtest7 WHERE id BETWEEN 8243990 AND 8244989
	Aggregate  (cost=4138.05..4138.06 rows=1 width=8)
	  ->  Bitmap Heap Scan on sbtest7  (cost=23.43..4135.36 rows=1073 width=4)
	        Recheck Cond: ((id >= 8243990) AND (id <= 8244989))
	        ->  Bitmap Index Scan on sbtest7_pkey  (cost=0.00..23.16 rows=1073 width=0)
	              Index Cond: ((id >= 8243990) AND (id <= 8244989))

table 8 : explain SELECT SUM(k) FROM sbtest8 WHERE id BETWEEN 6423426 AND 6424425
	Aggregate  (cost=4051.87..4051.88 rows=1 width=8)
	  ->  Bitmap Heap Scan on sbtest8  (cost=23.20..4049.25 rows=1050 width=4)
	        Recheck Cond: ((id >= 6423426) AND (id <= 6424425))
	        ->  Bitmap Index Scan on sbtest8_pkey  (cost=0.00..22.93 rows=1050 width=0)
	              Index Cond: ((id >= 6423426) AND (id <= 6424425))

for: simple_ranges
table 1 : explain SELECT c FROM sbtest1 WHERE id BETWEEN 6596437 AND 6597436
	Bitmap Heap Scan on sbtest1  (cost=23.05..3996.15 rows=1036 width=121)
	  Recheck Cond: ((id >= 6596437) AND (id <= 6597436))
	  ->  Bitmap Index Scan on sbtest1_pkey  (cost=0.00..22.79 rows=1036 width=0)
	        Index Cond: ((id >= 6596437) AND (id <= 6597436))

table 2 : explain SELECT c FROM sbtest2 WHERE id BETWEEN 4375414 AND 4376413
	Bitmap Heap Scan on sbtest2  (cost=21.96..3593.82 rows=929 width=121)
	  Recheck Cond: ((id >= 4375414) AND (id <= 4376413))
	  ->  Bitmap Index Scan on sbtest2_pkey  (cost=0.00..21.72 rows=929 width=0)
	        Index Cond: ((id >= 4375414) AND (id <= 4376413))

table 3 : explain SELECT c FROM sbtest3 WHERE id BETWEEN 9172347 AND 9173346
	Bitmap Heap Scan on sbtest3  (cost=21.55..3441.19 rows=889 width=121)
	  Recheck Cond: ((id >= 9172347) AND (id <= 9173346))
	  ->  Bitmap Index Scan on sbtest3_pkey  (cost=0.00..21.32 rows=889 width=0)
	        Index Cond: ((id >= 9172347) AND (id <= 9173346))

table 4 : explain SELECT c FROM sbtest4 WHERE id BETWEEN 6076089 AND 6077088
	Bitmap Heap Scan on sbtest4  (cost=27.74..4248.05 rows=1103 width=121)
	  Recheck Cond: ((id >= 6076089) AND (id <= 6077088))
	  ->  Bitmap Index Scan on sbtest4_pkey  (cost=0.00..27.46 rows=1103 width=0)
	        Index Cond: ((id >= 6076089) AND (id <= 6077088))

table 5 : explain SELECT c FROM sbtest5 WHERE id BETWEEN 8489299 AND 8490298
	Bitmap Heap Scan on sbtest5  (cost=28.28..4447.97 rows=1156 width=121)
	  Recheck Cond: ((id >= 8489299) AND (id <= 8490298))
	  ->  Bitmap Index Scan on sbtest5_pkey  (cost=0.00..28.00 rows=1156 width=0)
	        Index Cond: ((id >= 8489299) AND (id <= 8490298))

table 6 : explain SELECT c FROM sbtest6 WHERE id BETWEEN 4848311 AND 4849310
	Bitmap Heap Scan on sbtest6  (cost=21.77..3525.18 rows=911 width=121)
	  Recheck Cond: ((id >= 4848311) AND (id <= 4849310))
	  ->  Bitmap Index Scan on sbtest6_pkey  (cost=0.00..21.54 rows=911 width=0)
	        Index Cond: ((id >= 4848311) AND (id <= 4849310))

table 7 : explain SELECT c FROM sbtest7 WHERE id BETWEEN 1387756 AND 1388755
	Bitmap Heap Scan on sbtest7  (cost=22.22..3691.22 rows=955 width=121)
	  Recheck Cond: ((id >= 1387756) AND (id <= 1388755))
	  ->  Bitmap Index Scan on sbtest7_pkey  (cost=0.00..21.98 rows=955 width=0)
	        Index Cond: ((id >= 1387756) AND (id <= 1388755))

table 8 : explain SELECT c FROM sbtest8 WHERE id BETWEEN 3263208 AND 3264207
	Bitmap Heap Scan on sbtest8  (cost=22.65..3849.81 rows=997 width=121)
	  Recheck Cond: ((id >= 3263208) AND (id <= 3264207))
	  ->  Bitmap Index Scan on sbtest8_pkey  (cost=0.00..22.40 rows=997 width=0)
	        Index Cond: ((id >= 3263208) AND (id <= 3264207))

for: order_ranges
table 1 : explain SELECT c FROM sbtest1 WHERE id BETWEEN 3788351 AND 3789350 ORDER BY c
	Sort  (cost=3853.15..3855.61 rows=985 width=121)
	  Sort Key: c
	  ->  Bitmap Heap Scan on sbtest1  (cost=22.53..3804.18 rows=985 width=121)
	        Recheck Cond: ((id >= 3788351) AND (id <= 3789350))
	        ->  Bitmap Index Scan on sbtest1_pkey  (cost=0.00..22.29 rows=985 width=0)
	              Index Cond: ((id >= 3788351) AND (id <= 3789350))

table 2 : explain SELECT c FROM sbtest2 WHERE id BETWEEN 8609479 AND 8610478 ORDER BY c
	Sort  (cost=3892.31..3894.80 rows=995 width=121)
	  Sort Key: c
	  ->  Bitmap Heap Scan on sbtest2  (cost=22.63..3842.77 rows=995 width=121)
	        Recheck Cond: ((id >= 8609479) AND (id <= 8610478))
	        ->  Bitmap Index Scan on sbtest2_pkey  (cost=0.00..22.39 rows=995 width=0)
	              Index Cond: ((id >= 8609479) AND (id <= 8610478))

table 3 : explain SELECT c FROM sbtest3 WHERE id BETWEEN 8285070 AND 8286069 ORDER BY c
	Sort  (cost=4112.02..4114.65 rows=1053 width=121)
	  Sort Key: c
	  ->  Bitmap Heap Scan on sbtest3  (cost=23.23..4059.16 rows=1053 width=121)
	        Recheck Cond: ((id >= 8285070) AND (id <= 8286069))
	        ->  Bitmap Index Scan on sbtest3_pkey  (cost=0.00..22.96 rows=1053 width=0)
	              Index Cond: ((id >= 8285070) AND (id <= 8286069))

table 4 : explain SELECT c FROM sbtest4 WHERE id BETWEEN 8144859 AND 8145858 ORDER BY c
	Sort  (cost=4372.36..4375.16 rows=1121 width=121)
	  Sort Key: c
	  ->  Bitmap Heap Scan on sbtest4  (cost=27.93..4315.58 rows=1121 width=121)
	        Recheck Cond: ((id >= 8144859) AND (id <= 8145858))
	        ->  Bitmap Index Scan on sbtest4_pkey  (cost=0.00..27.64 rows=1121 width=0)
	              Index Cond: ((id >= 8144859) AND (id <= 8145858))

table 5 : explain SELECT c FROM sbtest5 WHERE id BETWEEN 7151926 AND 7152925 ORDER BY c
	Sort  (cost=3417.11..3419.28 rows=871 width=121)
	  Sort Key: c
	  ->  Bitmap Heap Scan on sbtest5  (cost=21.36..3374.57 rows=871 width=121)
	        Recheck Cond: ((id >= 7151926) AND (id <= 7152925))
	        ->  Bitmap Index Scan on sbtest5_pkey  (cost=0.00..21.14 rows=871 width=0)
	              Index Cond: ((id >= 7151926) AND (id <= 7152925))

table 6 : explain SELECT c FROM sbtest6 WHERE id BETWEEN 6489752 AND 6490751 ORDER BY c
	Sort  (cost=3983.29..3985.84 rows=1019 width=121)
	  Sort Key: c
	  ->  Bitmap Heap Scan on sbtest6  (cost=22.88..3932.38 rows=1019 width=121)
	        Recheck Cond: ((id >= 6489752) AND (id <= 6490751))
	        ->  Bitmap Index Scan on sbtest6_pkey  (cost=0.00..22.62 rows=1019 width=0)
	              Index Cond: ((id >= 6489752) AND (id <= 6490751))

table 7 : explain SELECT c FROM sbtest7 WHERE id BETWEEN 7682242 AND 7683241 ORDER BY c
	Sort  (cost=3715.52..3717.89 rows=949 width=121)
	  Sort Key: c
	  ->  Bitmap Heap Scan on sbtest7  (cost=22.16..3668.59 rows=949 width=121)
	        Recheck Cond: ((id >= 7682242) AND (id <= 7683241))
	        ->  Bitmap Index Scan on sbtest7_pkey  (cost=0.00..21.93 rows=949 width=0)
	              Index Cond: ((id >= 7682242) AND (id <= 7683241))

table 8 : explain SELECT c FROM sbtest8 WHERE id BETWEEN 6978073 AND 6979072 ORDER BY c
	Sort  (cost=4079.03..4081.64 rows=1044 width=121)
	  Sort Key: c
	  ->  Bitmap Heap Scan on sbtest8  (cost=23.14..4026.69 rows=1044 width=121)
	        Recheck Cond: ((id >= 6978073) AND (id <= 6979072))
	        ->  Bitmap Index Scan on sbtest8_pkey  (cost=0.00..22.87 rows=1044 width=0)
	              Index Cond: ((id >= 6978073) AND (id <= 6979072))

for: sum_ranges
table 1 : explain SELECT SUM(k) FROM sbtest1 WHERE id BETWEEN 2422428 AND 2423427
	Aggregate  (cost=3825.49..3825.50 rows=1 width=8)
	  ->  Bitmap Heap Scan on sbtest1  (cost=22.58..3823.01 rows=990 width=4)
	        Recheck Cond: ((id >= 2422428) AND (id <= 2423427))
	        ->  Bitmap Index Scan on sbtest1_pkey  (cost=0.00..22.33 rows=990 width=0)
	              Index Cond: ((id >= 2422428) AND (id <= 2423427))

table 2 : explain SELECT SUM(k) FROM sbtest2 WHERE id BETWEEN 5335668 AND 5336667
	Aggregate  (cost=4184.28..4184.29 rows=1 width=8)
	  ->  Bitmap Heap Scan on sbtest2  (cost=27.55..4181.57 rows=1084 width=4)
	        Recheck Cond: ((id >= 5335668) AND (id <= 5336667))
	        ->  Bitmap Index Scan on sbtest2_pkey  (cost=0.00..27.27 rows=1084 width=0)
	              Index Cond: ((id >= 5335668) AND (id <= 5336667))

table 3 : explain SELECT SUM(k) FROM sbtest3 WHERE id BETWEEN 2424209 AND 2425208
	Aggregate  (cost=3639.87..3639.88 rows=1 width=8)
	  ->  Bitmap Heap Scan on sbtest3  (cost=22.08..3637.52 rows=941 width=4)
	        Recheck Cond: ((id >= 2424209) AND (id <= 2425208))
	        ->  Bitmap Index Scan on sbtest3_pkey  (cost=0.00..21.84 rows=941 width=0)
	              Index Cond: ((id >= 2424209) AND (id <= 2425208))

table 4 : explain SELECT SUM(k) FROM sbtest4 WHERE id BETWEEN 9248206 AND 9249205
	Aggregate  (cost=3481.89..3481.90 rows=1 width=8)
	  ->  Bitmap Heap Scan on sbtest4  (cost=21.65..3479.64 rows=899 width=4)
	        Recheck Cond: ((id >= 9248206) AND (id <= 9249205))
	        ->  Bitmap Index Scan on sbtest4_pkey  (cost=0.00..21.43 rows=899 width=0)
	              Index Cond: ((id >= 9248206) AND (id <= 9249205))

table 5 : explain SELECT SUM(k) FROM sbtest5 WHERE id BETWEEN 2149052 AND 2150051
	Aggregate  (cost=4312.03..4312.04 rows=1 width=8)
	  ->  Bitmap Heap Scan on sbtest5  (cost=27.90..4309.23 rows=1119 width=4)
	        Recheck Cond: ((id >= 2149052) AND (id <= 2150051))
	        ->  Bitmap Index Scan on sbtest5_pkey  (cost=0.00..27.62 rows=1119 width=0)
	              Index Cond: ((id >= 2149052) AND (id <= 2150051))

table 6 : explain SELECT SUM(k) FROM sbtest6 WHERE id BETWEEN 4099645 AND 4100644
	Aggregate  (cost=3625.69..3625.70 rows=1 width=8)
	  ->  Bitmap Heap Scan on sbtest6  (cost=22.04..3623.35 rows=937 width=4)
	        Recheck Cond: ((id >= 4099645) AND (id <= 4100644))
	        ->  Bitmap Index Scan on sbtest6_pkey  (cost=0.00..21.80 rows=937 width=0)
	              Index Cond: ((id >= 4099645) AND (id <= 4100644))

table 7 : explain SELECT SUM(k) FROM sbtest7 WHERE id BETWEEN 6784689 AND 6785688
	Aggregate  (cost=3976.30..3976.31 rows=1 width=8)
	  ->  Bitmap Heap Scan on sbtest7  (cost=22.99..3973.72 rows=1030 width=4)
	        Recheck Cond: ((id >= 6784689) AND (id <= 6785688))
	        ->  Bitmap Index Scan on sbtest7_pkey  (cost=0.00..22.73 rows=1030 width=0)
	              Index Cond: ((id >= 6784689) AND (id <= 6785688))

table 8 : explain SELECT SUM(k) FROM sbtest8 WHERE id BETWEEN 2412261 AND 2413260
	Aggregate  (cost=4476.49..4476.50 rows=1 width=8)
	  ->  Bitmap Heap Scan on sbtest8  (cost=28.36..4473.58 rows=1163 width=4)
	        Recheck Cond: ((id >= 2412261) AND (id <= 2413260))
	        ->  Bitmap Index Scan on sbtest8_pkey  (cost=0.00..28.07 rows=1163 width=0)
	              Index Cond: ((id >= 2412261) AND (id <= 2413260))

for: sum_ranges
table 1 : explain SELECT SUM(k) FROM sbtest1 WHERE id BETWEEN 231841 AND 232840
	Aggregate  (cost=4235.85..4235.86 rows=1 width=8)
	  ->  Bitmap Heap Scan on sbtest1  (cost=27.70..4233.10 rows=1099 width=4)
	        Recheck Cond: ((id >= 231841) AND (id <= 232840))
	        ->  Bitmap Index Scan on sbtest1_pkey  (cost=0.00..27.43 rows=1099 width=0)
	              Index Cond: ((id >= 231841) AND (id <= 232840))

table 2 : explain SELECT SUM(k) FROM sbtest2 WHERE id BETWEEN 7889446 AND 7890445
	Aggregate  (cost=3769.83..3769.84 rows=1 width=8)
	  ->  Bitmap Heap Scan on sbtest2  (cost=22.43..3767.39 rows=975 width=4)
	        Recheck Cond: ((id >= 7889446) AND (id <= 7890445))
	        ->  Bitmap Index Scan on sbtest2_pkey  (cost=0.00..22.18 rows=975 width=0)
	              Index Cond: ((id >= 7889446) AND (id <= 7890445))

table 3 : explain SELECT SUM(k) FROM sbtest3 WHERE id BETWEEN 3319872 AND 3320871
	Aggregate  (cost=4197.06..4197.07 rows=1 width=8)
	  ->  Bitmap Heap Scan on sbtest3  (cost=23.60..4194.34 rows=1089 width=4)
	        Recheck Cond: ((id >= 3319872) AND (id <= 3320871))
	        ->  Bitmap Index Scan on sbtest3_pkey  (cost=0.00..23.32 rows=1089 width=0)
	              Index Cond: ((id >= 3319872) AND (id <= 3320871))

table 4 : explain SELECT SUM(k) FROM sbtest4 WHERE id BETWEEN 8033594 AND 8034593
	Aggregate  (cost=4017.50..4017.51 rows=1 width=8)
	  ->  Bitmap Heap Scan on sbtest4  (cost=23.11..4014.90 rows=1041 width=4)
	        Recheck Cond: ((id >= 8033594) AND (id <= 8034593))
	        ->  Bitmap Index Scan on sbtest4_pkey  (cost=0.00..22.84 rows=1041 width=0)
	              Index Cond: ((id >= 8033594) AND (id <= 8034593))

table 5 : explain SELECT SUM(k) FROM sbtest5 WHERE id BETWEEN 3185299 AND 3186298
	Aggregate  (cost=3773.60..3773.61 rows=1 width=8)
	  ->  Bitmap Heap Scan on sbtest5  (cost=22.44..3771.16 rows=976 width=4)
	        Recheck Cond: ((id >= 3185299) AND (id <= 3186298))
	        ->  Bitmap Index Scan on sbtest5_pkey  (cost=0.00..22.19 rows=976 width=0)
	              Index Cond: ((id >= 3185299) AND (id <= 3186298))

table 6 : explain SELECT SUM(k) FROM sbtest6 WHERE id BETWEEN 5615660 AND 5616659
	Aggregate  (cost=4089.21..4089.22 rows=1 width=8)
	  ->  Bitmap Heap Scan on sbtest6  (cost=23.30..4086.56 rows=1060 width=4)
	        Recheck Cond: ((id >= 5615660) AND (id <= 5616659))
	        ->  Bitmap Index Scan on sbtest6_pkey  (cost=0.00..23.04 rows=1060 width=0)
	              Index Cond: ((id >= 5615660) AND (id <= 5616659))

table 7 : explain SELECT SUM(k) FROM sbtest7 WHERE id BETWEEN 2251254 AND 2252253
	Aggregate  (cost=4051.56..4051.57 rows=1 width=8)
	  ->  Bitmap Heap Scan on sbtest7  (cost=23.20..4048.93 rows=1050 width=4)
	        Recheck Cond: ((id >= 2251254) AND (id <= 2252253))
	        ->  Bitmap Index Scan on sbtest7_pkey  (cost=0.00..22.93 rows=1050 width=0)
	              Index Cond: ((id >= 2251254) AND (id <= 2252253))

table 8 : explain SELECT SUM(k) FROM sbtest8 WHERE id BETWEEN 5365117 AND 5366116
	Aggregate  (cost=3844.76..3844.77 rows=1 width=8)
	  ->  Bitmap Heap Scan on sbtest8  (cost=22.63..3842.27 rows=995 width=4)
	        Recheck Cond: ((id >= 5365117) AND (id <= 5366116))
	        ->  Bitmap Index Scan on sbtest8_pkey  (cost=0.00..22.39 rows=995 width=0)
	              Index Cond: ((id >= 5365117) AND (id <= 5366116))

for: simple_ranges
table 1 : explain SELECT c FROM sbtest1 WHERE id BETWEEN 3335225 AND 3336224
	Bitmap Heap Scan on sbtest1  (cost=22.84..3917.14 rows=1015 width=121)
	  Recheck Cond: ((id >= 3335225) AND (id <= 3336224))
	  ->  Bitmap Index Scan on sbtest1_pkey  (cost=0.00..22.58 rows=1015 width=0)
	        Index Cond: ((id >= 3335225) AND (id <= 3336224))

table 2 : explain SELECT c FROM sbtest2 WHERE id BETWEEN 552720 AND 553719
	Bitmap Heap Scan on sbtest2  (cost=22.90..3940.68 rows=1021 width=121)
	  Recheck Cond: ((id >= 552720) AND (id <= 553719))
	  ->  Bitmap Index Scan on sbtest2_pkey  (cost=0.00..22.64 rows=1021 width=0)
	        Index Cond: ((id >= 552720) AND (id <= 553719))

table 3 : explain SELECT c FROM sbtest3 WHERE id BETWEEN 8509880 AND 8510879
	Bitmap Heap Scan on sbtest3  (cost=23.36..4107.99 rows=1066 width=121)
	  Recheck Cond: ((id >= 8509880) AND (id <= 8510879))
	  ->  Bitmap Index Scan on sbtest3_pkey  (cost=0.00..23.09 rows=1066 width=0)
	        Index Cond: ((id >= 8509880) AND (id <= 8510879))

table 4 : explain SELECT c FROM sbtest4 WHERE id BETWEEN 6740553 AND 6741552
	Bitmap Heap Scan on sbtest4  (cost=22.17..3672.19 rows=950 width=121)
	  Recheck Cond: ((id >= 6740553) AND (id <= 6741552))
	  ->  Bitmap Index Scan on sbtest4_pkey  (cost=0.00..21.93 rows=950 width=0)
	        Index Cond: ((id >= 6740553) AND (id <= 6741552))

table 5 : explain SELECT c FROM sbtest5 WHERE id BETWEEN 7699907 AND 7700906
	Bitmap Heap Scan on sbtest5  (cost=22.18..3676.87 rows=951 width=121)
	  Recheck Cond: ((id >= 7699907) AND (id <= 7700906))
	  ->  Bitmap Index Scan on sbtest5_pkey  (cost=0.00..21.94 rows=951 width=0)
	        Index Cond: ((id >= 7699907) AND (id <= 7700906))

table 6 : explain SELECT c FROM sbtest6 WHERE id BETWEEN 2788302 AND 2789301
	Bitmap Heap Scan on sbtest6  (cost=22.54..3808.12 rows=986 width=121)
	  Recheck Cond: ((id >= 2788302) AND (id <= 2789301))
	  ->  Bitmap Index Scan on sbtest6_pkey  (cost=0.00..22.29 rows=986 width=0)
	        Index Cond: ((id >= 2788302) AND (id <= 2789301))

table 7 : explain SELECT c FROM sbtest7 WHERE id BETWEEN 6555846 AND 6556845
	Bitmap Heap Scan on sbtest7  (cost=23.36..4109.07 rows=1066 width=121)
	  Recheck Cond: ((id >= 6555846) AND (id <= 6556845))
	  ->  Bitmap Index Scan on sbtest7_pkey  (cost=0.00..23.09 rows=1066 width=0)
	        Index Cond: ((id >= 6555846) AND (id <= 6556845))

table 8 : explain SELECT c FROM sbtest8 WHERE id BETWEEN 6771960 AND 6772959
	Bitmap Heap Scan on sbtest8  (cost=23.19..4045.49 rows=1049 width=121)
	  Recheck Cond: ((id >= 6771960) AND (id <= 6772959))
	  ->  Bitmap Index Scan on sbtest8_pkey  (cost=0.00..22.93 rows=1049 width=0)
	        Index Cond: ((id >= 6771960) AND (id <= 6772959))

explain: for point_selects :: explain SELECT c FROM sbtest%u WHERE id=%u
for: order_ranges
table 1 : explain SELECT c FROM sbtest1 WHERE id BETWEEN 2760360 AND 2761359 ORDER BY c
	Sort  (cost=3952.54..3955.07 rows=1011 width=121)
	  Sort Key: c
	  ->  Bitmap Heap Scan on sbtest1  (cost=22.80..3902.08 rows=1011 width=121)
	        Recheck Cond: ((id >= 2760360) AND (id <= 2761359))
	        ->  Bitmap Index Scan on sbtest1_pkey  (cost=0.00..22.54 rows=1011 width=0)
	              Index Cond: ((id >= 2760360) AND (id <= 2761359))

table 2 : explain SELECT c FROM sbtest2 WHERE id BETWEEN 5490673 AND 5491672 ORDER BY c
	Sort  (cost=3685.60..3687.96 rows=941 width=121)
	  Sort Key: c
	  ->  Bitmap Heap Scan on sbtest2  (cost=22.08..3639.13 rows=941 width=121)
	        Recheck Cond: ((id >= 5490673) AND (id <= 5491672))
	        ->  Bitmap Index Scan on sbtest2_pkey  (cost=0.00..21.84 rows=941 width=0)
	              Index Cond: ((id >= 5490673) AND (id <= 5491672))

table 3 : explain SELECT c FROM sbtest3 WHERE id BETWEEN 6929260 AND 6930259 ORDER BY c
	Sort  (cost=3768.19..3770.60 rows=963 width=121)
	  Sort Key: c
	  ->  Bitmap Heap Scan on sbtest3  (cost=22.31..3720.47 rows=963 width=121)
	        Recheck Cond: ((id >= 6929260) AND (id <= 6930259))
	        ->  Bitmap Index Scan on sbtest3_pkey  (cost=0.00..22.07 rows=963 width=0)
	              Index Cond: ((id >= 6929260) AND (id <= 6930259))

table 4 : explain SELECT c FROM sbtest4 WHERE id BETWEEN 2486210 AND 2487209 ORDER BY c
	Sort  (cost=4261.61..4264.34 rows=1092 width=121)
	  Sort Key: c
	  ->  Bitmap Heap Scan on sbtest4  (cost=23.63..4206.50 rows=1092 width=121)
	        Recheck Cond: ((id >= 2486210) AND (id <= 2487209))
	        ->  Bitmap Index Scan on sbtest4_pkey  (cost=0.00..23.36 rows=1092 width=0)
	              Index Cond: ((id >= 2486210) AND (id <= 2487209))

table 5 : explain SELECT c FROM sbtest5 WHERE id BETWEEN 823137 AND 824136 ORDER BY c
	Sort  (cost=3888.48..3890.97 rows=994 width=121)
	  Sort Key: c
	  ->  Bitmap Heap Scan on sbtest5  (cost=22.62..3838.99 rows=994 width=121)
	        Recheck Cond: ((id >= 823137) AND (id <= 824136))
	        ->  Bitmap Index Scan on sbtest5_pkey  (cost=0.00..22.37 rows=994 width=0)
	              Index Cond: ((id >= 823137) AND (id <= 824136))

table 6 : explain SELECT c FROM sbtest6 WHERE id BETWEEN 4673749 AND 4674748 ORDER BY c
	Sort  (cost=3918.32..3920.83 rows=1002 width=121)
	  Sort Key: c
	  ->  Bitmap Heap Scan on sbtest6  (cost=22.71..3868.38 rows=1002 width=121)
	        Recheck Cond: ((id >= 4673749) AND (id <= 4674748))
	        ->  Bitmap Index Scan on sbtest6_pkey  (cost=0.00..22.45 rows=1002 width=0)
	              Index Cond: ((id >= 4673749) AND (id <= 4674748))

table 7 : explain SELECT c FROM sbtest7 WHERE id BETWEEN 2246483 AND 2247482 ORDER BY c
	Sort  (cost=4101.62..4104.25 rows=1050 width=121)
	  Sort Key: c
	  ->  Bitmap Heap Scan on sbtest7  (cost=23.20..4048.93 rows=1050 width=121)
	        Recheck Cond: ((id >= 2246483) AND (id <= 2247482))
	        ->  Bitmap Index Scan on sbtest7_pkey  (cost=0.00..22.93 rows=1050 width=0)
	              Index Cond: ((id >= 2246483) AND (id <= 2247482))

table 8 : explain SELECT c FROM sbtest8 WHERE id BETWEEN 5563703 AND 5564702 ORDER BY c
	Sort  (cost=3811.49..3813.92 rows=974 width=121)
	  Sort Key: c
	  ->  Bitmap Heap Scan on sbtest8  (cost=22.42..3763.14 rows=974 width=121)
	        Recheck Cond: ((id >= 5563703) AND (id <= 5564702))
	        ->  Bitmap Index Scan on sbtest8_pkey  (cost=0.00..22.18 rows=974 width=0)
	              Index Cond: ((id >= 5563703) AND (id <= 5564702))

for point_selects
table 1 : explain SELECT c FROM sbtest1 WHERE id=4303149
	Index Scan using sbtest1_pkey on sbtest1  (cost=0.43..8.45 rows=1 width=121)
	  Index Cond: (id = 4303149)

table 2 : explain SELECT c FROM sbtest2 WHERE id=3880871
	Index Scan using sbtest2_pkey on sbtest2  (cost=0.43..8.45 rows=1 width=121)
	  Index Cond: (id = 3880871)

table 3 : explain SELECT c FROM sbtest3 WHERE id=5111590
	Index Scan using sbtest3_pkey on sbtest3  (cost=0.43..8.45 rows=1 width=121)
	  Index Cond: (id = 5111590)

table 4 : explain SELECT c FROM sbtest4 WHERE id=8933805
	Index Scan using sbtest4_pkey on sbtest4  (cost=0.43..8.45 rows=1 width=121)
	  Index Cond: (id = 8933805)

table 5 : explain SELECT c FROM sbtest5 WHERE id=1505104
	Index Scan using sbtest5_pkey on sbtest5  (cost=0.43..8.45 rows=1 width=121)
	  Index Cond: (id = 1505104)

table 6 : explain SELECT c FROM sbtest6 WHERE id=9356260
	Index Scan using sbtest6_pkey on sbtest6  (cost=0.43..8.45 rows=1 width=121)
	  Index Cond: (id = 9356260)

table 7 : explain SELECT c FROM sbtest7 WHERE id=5807818
	Index Scan using sbtest7_pkey on sbtest7  (cost=0.43..8.45 rows=1 width=121)
	  Index Cond: (id = 5807818)

table 8 : explain SELECT c FROM sbtest8 WHERE id=159157
	Index Scan using sbtest8_pkey on sbtest8  (cost=0.43..8.45 rows=1 width=121)
	  Index Cond: (id = 159157)

for: sum_ranges
table 1 : explain SELECT SUM(k) FROM sbtest1 WHERE id BETWEEN 5897668 AND 5898667
	Aggregate  (cost=4325.94..4325.95 rows=1 width=8)
	  ->  Bitmap Heap Scan on sbtest1  (cost=27.95..4323.14 rows=1123 width=4)
	        Recheck Cond: ((id >= 5897668) AND (id <= 5898667))
	        ->  Bitmap Index Scan on sbtest1_pkey  (cost=0.00..27.66 rows=1123 width=0)
	              Index Cond: ((id >= 5897668) AND (id <= 5898667))

table 2 : explain SELECT SUM(k) FROM sbtest2 WHERE id BETWEEN 5503149 AND 5504148
	Aggregate  (cost=3641.48..3641.49 rows=1 width=8)
	  ->  Bitmap Heap Scan on sbtest2  (cost=22.08..3639.13 rows=941 width=4)
	        Recheck Cond: ((id >= 5503149) AND (id <= 5504148))
	        ->  Bitmap Index Scan on sbtest2_pkey  (cost=0.00..21.84 rows=941 width=0)
	              Index Cond: ((id >= 5503149) AND (id <= 5504148))

table 3 : explain SELECT SUM(k) FROM sbtest3 WHERE id BETWEEN 571897 AND 572896
	Aggregate  (cost=3824.66..3824.67 rows=1 width=8)
	  ->  Bitmap Heap Scan on sbtest3  (cost=22.58..3822.19 rows=990 width=4)
	        Recheck Cond: ((id >= 571897) AND (id <= 572896))
	        ->  Bitmap Index Scan on sbtest3_pkey  (cost=0.00..22.33 rows=990 width=0)
	              Index Cond: ((id >= 571897) AND (id <= 572896))

table 4 : explain SELECT SUM(k) FROM sbtest4 WHERE id BETWEEN 8367759 AND 8368758
	Aggregate  (cost=3874.43..3874.44 rows=1 width=8)
	  ->  Bitmap Heap Scan on sbtest4  (cost=22.72..3871.92 rows=1003 width=4)
	        Recheck Cond: ((id >= 8367759) AND (id <= 8368758))
	        ->  Bitmap Index Scan on sbtest4_pkey  (cost=0.00..22.46 rows=1003 width=0)
	              Index Cond: ((id >= 8367759) AND (id <= 8368758))

table 5 : explain SELECT SUM(k) FROM sbtest5 WHERE id BETWEEN 4484289 AND 4485288
	Aggregate  (cost=3505.42..3505.43 rows=1 width=8)
	  ->  Bitmap Heap Scan on sbtest5  (cost=21.71..3503.15 rows=905 width=4)
	        Recheck Cond: ((id >= 4484289) AND (id <= 4485288))
	        ->  Bitmap Index Scan on sbtest5_pkey  (cost=0.00..21.48 rows=905 width=0)
	              Index Cond: ((id >= 4484289) AND (id <= 4485288))

table 6 : explain SELECT SUM(k) FROM sbtest6 WHERE id BETWEEN 7570467 AND 7571466
	Aggregate  (cost=4074.17..4074.18 rows=1 width=8)
	  ->  Bitmap Heap Scan on sbtest6  (cost=23.26..4071.53 rows=1056 width=4)
	        Recheck Cond: ((id >= 7570467) AND (id <= 7571466))
	        ->  Bitmap Index Scan on sbtest6_pkey  (cost=0.00..23.00 rows=1056 width=0)
	              Index Cond: ((id >= 7570467) AND (id <= 7571466))

table 7 : explain SELECT SUM(k) FROM sbtest7 WHERE id BETWEEN 8480877 AND 8481876
	Aggregate  (cost=3659.64..3659.65 rows=1 width=8)
	  ->  Bitmap Heap Scan on sbtest7  (cost=22.13..3657.27 rows=946 width=4)
	        Recheck Cond: ((id >= 8480877) AND (id <= 8481876))
	        ->  Bitmap Index Scan on sbtest7_pkey  (cost=0.00..21.89 rows=946 width=0)
	              Index Cond: ((id >= 8480877) AND (id <= 8481876))

table 8 : explain SELECT SUM(k) FROM sbtest8 WHERE id BETWEEN 8098186 AND 8099185
	Aggregate  (cost=4089.49..4089.50 rows=1 width=8)
	  ->  Bitmap Heap Scan on sbtest8  (cost=23.30..4086.84 rows=1060 width=4)
	        Recheck Cond: ((id >= 8098186) AND (id <= 8099185))
	        ->  Bitmap Index Scan on sbtest8_pkey  (cost=0.00..23.04 rows=1060 width=0)
	              Index Cond: ((id >= 8098186) AND (id <= 8099185))

explain: for point_selects :: explain SELECT c FROM sbtest%u WHERE id=%u
for: order_ranges
table 1 : explain SELECT c FROM sbtest1 WHERE id BETWEEN 7187072 AND 7188071 ORDER BY c
	Sort  (cost=3784.29..3786.71 rows=967 width=121)
	  Sort Key: c
	  ->  Bitmap Heap Scan on sbtest1  (cost=22.35..3736.34 rows=967 width=121)
	        Recheck Cond: ((id >= 7187072) AND (id <= 7188071))
	        ->  Bitmap Index Scan on sbtest1_pkey  (cost=0.00..22.11 rows=967 width=0)
	              Index Cond: ((id >= 7187072) AND (id <= 7188071))

table 2 : explain SELECT c FROM sbtest2 WHERE id BETWEEN 9336628 AND 9337627 ORDER BY c
	Sort  (cost=4232.40..4235.11 rows=1083 width=121)
	  Sort Key: c
	  ->  Bitmap Heap Scan on sbtest2  (cost=27.54..4177.81 rows=1083 width=121)
	        Recheck Cond: ((id >= 9336628) AND (id <= 9337627))
	        ->  Bitmap Index Scan on sbtest2_pkey  (cost=0.00..27.26 rows=1083 width=0)
	              Index Cond: ((id >= 9336628) AND (id <= 9337627))

table 3 : explain SELECT c FROM sbtest3 WHERE id BETWEEN 6244642 AND 6245641 ORDER BY c
	Sort  (cost=4050.97..4053.56 rows=1037 width=121)
	  Sort Key: c
	  ->  Bitmap Heap Scan on sbtest3  (cost=23.06..3999.02 rows=1037 width=121)
	        Recheck Cond: ((id >= 6244642) AND (id <= 6245641))
	        ->  Bitmap Index Scan on sbtest3_pkey  (cost=0.00..22.80 rows=1037 width=0)
	              Index Cond: ((id >= 6244642) AND (id <= 6245641))

table 4 : explain SELECT c FROM sbtest4 WHERE id BETWEEN 9533149 AND 9534148 ORDER BY c
	Sort  (cost=3944.85..3947.37 rows=1009 width=121)
	  Sort Key: c
	  ->  Bitmap Heap Scan on sbtest4  (cost=22.78..3894.51 rows=1009 width=121)
	        Recheck Cond: ((id >= 9533149) AND (id <= 9534148))
	        ->  Bitmap Index Scan on sbtest4_pkey  (cost=0.00..22.52 rows=1009 width=0)
	              Index Cond: ((id >= 9533149) AND (id <= 9534148))

table 5 : explain SELECT c FROM sbtest5 WHERE id BETWEEN 7152381 AND 7153380 ORDER BY c
	Sort  (cost=3417.11..3419.28 rows=871 width=121)
	  Sort Key: c
	  ->  Bitmap Heap Scan on sbtest5  (cost=21.36..3374.57 rows=871 width=121)
	        Recheck Cond: ((id >= 7152381) AND (id <= 7153380))
	        ->  Bitmap Index Scan on sbtest5_pkey  (cost=0.00..21.14 rows=871 width=0)
	              Index Cond: ((id >= 7152381) AND (id <= 7153380))

table 6 : explain SELECT c FROM sbtest6 WHERE id BETWEEN 8382278 AND 8383277 ORDER BY c
	Sort  (cost=4032.95..4035.53 rows=1032 width=121)
	  Sort Key: c
	  ->  Bitmap Heap Scan on sbtest6  (cost=23.01..3981.29 rows=1032 width=121)
	        Recheck Cond: ((id >= 8382278) AND (id <= 8383277))
	        ->  Bitmap Index Scan on sbtest6_pkey  (cost=0.00..22.75 rows=1032 width=0)
	              Index Cond: ((id >= 8382278) AND (id <= 8383277))

table 7 : explain SELECT c FROM sbtest7 WHERE id BETWEEN 4684620 AND 4685619 ORDER BY c
	Sort  (cost=3753.80..3756.20 rows=959 width=121)
	  Sort Key: c
	  ->  Bitmap Heap Scan on sbtest7  (cost=22.26..3706.31 rows=959 width=121)
	        Recheck Cond: ((id >= 4684620) AND (id <= 4685619))
	        ->  Bitmap Index Scan on sbtest7_pkey  (cost=0.00..22.02 rows=959 width=0)
	              Index Cond: ((id >= 4684620) AND (id <= 4685619))

table 8 : explain SELECT c FROM sbtest8 WHERE id BETWEEN 3487894 AND 3488893 ORDER BY c
	Sort  (cost=4029.39..4031.97 rows=1031 width=121)
	  Sort Key: c
	  ->  Bitmap Heap Scan on sbtest8  (cost=23.00..3977.79 rows=1031 width=121)
	        Recheck Cond: ((id >= 3487894) AND (id <= 3488893))
	        ->  Bitmap Index Scan on sbtest8_pkey  (cost=0.00..22.75 rows=1031 width=0)
	              Index Cond: ((id >= 3487894) AND (id <= 3488893))

for: sum_ranges
table 1 : explain SELECT SUM(k) FROM sbtest1 WHERE id BETWEEN 9453970 AND 9454969
	Aggregate  (cost=4134.13..4134.14 rows=1 width=8)
	  ->  Bitmap Heap Scan on sbtest1  (cost=23.42..4131.45 rows=1072 width=4)
	        Recheck Cond: ((id >= 9453970) AND (id <= 9454969))
	        ->  Bitmap Index Scan on sbtest1_pkey  (cost=0.00..23.15 rows=1072 width=0)
	              Index Cond: ((id >= 9453970) AND (id <= 9454969))

table 2 : explain SELECT SUM(k) FROM sbtest2 WHERE id BETWEEN 7861416 AND 7862415
	Aggregate  (cost=4026.07..4026.08 rows=1 width=8)
	  ->  Bitmap Heap Scan on sbtest2  (cost=23.13..4023.46 rows=1043 width=4)
	        Recheck Cond: ((id >= 7861416) AND (id <= 7862415))
	        ->  Bitmap Index Scan on sbtest2_pkey  (cost=0.00..22.86 rows=1043 width=0)
	              Index Cond: ((id >= 7861416) AND (id <= 7862415))

table 3 : explain SELECT SUM(k) FROM sbtest3 WHERE id BETWEEN 6079470 AND 6080469
	Aggregate  (cost=3692.70..3692.71 rows=1 width=8)
	  ->  Bitmap Heap Scan on sbtest3  (cost=22.22..3690.31 rows=955 width=4)
	        Recheck Cond: ((id >= 6079470) AND (id <= 6080469))
	        ->  Bitmap Index Scan on sbtest3_pkey  (cost=0.00..21.98 rows=955 width=0)
	              Index Cond: ((id >= 6079470) AND (id <= 6080469))

table 4 : explain SELECT SUM(k) FROM sbtest4 WHERE id BETWEEN 519832 AND 520831
	Aggregate  (cost=3844.28..3844.29 rows=1 width=8)
	  ->  Bitmap Heap Scan on sbtest4  (cost=22.63..3841.80 rows=995 width=4)
	        Recheck Cond: ((id >= 519832) AND (id <= 520831))
	        ->  Bitmap Index Scan on sbtest4_pkey  (cost=0.00..22.39 rows=995 width=0)
	              Index Cond: ((id >= 519832) AND (id <= 520831))

table 5 : explain SELECT SUM(k) FROM sbtest5 WHERE id BETWEEN 7810107 AND 7811106
	Aggregate  (cost=4082.74..4082.75 rows=1 width=8)
	  ->  Bitmap Heap Scan on sbtest5  (cost=27.27..4080.10 rows=1057 width=4)
	        Recheck Cond: ((id >= 7810107) AND (id <= 7811106))
	        ->  Bitmap Index Scan on sbtest5_pkey  (cost=0.00..27.00 rows=1057 width=0)
	              Index Cond: ((id >= 7810107) AND (id <= 7811106))

table 6 : explain SELECT SUM(k) FROM sbtest6 WHERE id BETWEEN 121840 AND 122839
	Aggregate  (cost=4040.31..4040.32 rows=1 width=8)
	  ->  Bitmap Heap Scan on sbtest6  (cost=23.17..4037.70 rows=1047 width=4)
	        Recheck Cond: ((id >= 121840) AND (id <= 122839))
	        ->  Bitmap Index Scan on sbtest6_pkey  (cost=0.00..22.90 rows=1047 width=0)
	              Index Cond: ((id >= 121840) AND (id <= 122839))

table 7 : explain SELECT SUM(k) FROM sbtest7 WHERE id BETWEEN 6528619 AND 6529618
	Aggregate  (cost=4111.73..4111.74 rows=1 width=8)
	  ->  Bitmap Heap Scan on sbtest7  (cost=23.36..4109.07 rows=1066 width=4)
	        Recheck Cond: ((id >= 6528619) AND (id <= 6529618))
	        ->  Bitmap Index Scan on sbtest7_pkey  (cost=0.00..23.09 rows=1066 width=0)
	              Index Cond: ((id >= 6528619) AND (id <= 6529618))

table 8 : explain SELECT SUM(k) FROM sbtest8 WHERE id BETWEEN 2015390 AND 2016389
	Aggregate  (cost=4108.29..4108.30 rows=1 width=8)
	  ->  Bitmap Heap Scan on sbtest8  (cost=23.35..4105.63 rows=1065 width=4)
	        Recheck Cond: ((id >= 2015390) AND (id <= 2016389))
	        ->  Bitmap Index Scan on sbtest8_pkey  (cost=0.00..23.08 rows=1065 width=0)
	              Index Cond: ((id >= 2015390) AND (id <= 2016389))

for: sum_ranges
table 1 : explain SELECT SUM(k) FROM sbtest1 WHERE id BETWEEN 6010771 AND 6011770
	Aggregate  (cost=3644.41..3644.42 rows=1 width=8)
	  ->  Bitmap Heap Scan on sbtest1  (cost=22.09..3642.05 rows=942 width=4)
	        Recheck Cond: ((id >= 6010771) AND (id <= 6011770))
	        ->  Bitmap Index Scan on sbtest1_pkey  (cost=0.00..21.86 rows=942 width=0)
	              Index Cond: ((id >= 6010771) AND (id <= 6011770))

table 2 : explain SELECT SUM(k) FROM sbtest2 WHERE id BETWEEN 8851291 AND 8852290
	Aggregate  (cost=3988.42..3988.43 rows=1 width=8)
	  ->  Bitmap Heap Scan on sbtest2  (cost=23.02..3985.84 rows=1033 width=4)
	        Recheck Cond: ((id >= 8851291) AND (id <= 8852290))
	        ->  Bitmap Index Scan on sbtest2_pkey  (cost=0.00..22.76 rows=1033 width=0)
	              Index Cond: ((id >= 8851291) AND (id <= 8852290))

table 3 : explain SELECT SUM(k) FROM sbtest3 WHERE id BETWEEN 1107963 AND 1108962
	Aggregate  (cost=3918.82..3918.83 rows=1 width=8)
	  ->  Bitmap Heap Scan on sbtest3  (cost=22.84..3916.28 rows=1015 width=4)
	        Recheck Cond: ((id >= 1107963) AND (id <= 1108962))
	        ->  Bitmap Index Scan on sbtest3_pkey  (cost=0.00..22.58 rows=1015 width=0)
	              Index Cond: ((id >= 1107963) AND (id <= 1108962))

table 4 : explain SELECT SUM(k) FROM sbtest4 WHERE id BETWEEN 9759437 AND 9760436
	Aggregate  (cost=3848.05..3848.06 rows=1 width=8)
	  ->  Bitmap Heap Scan on sbtest4  (cost=22.64..3845.56 rows=996 width=4)
	        Recheck Cond: ((id >= 9759437) AND (id <= 9760436))
	        ->  Bitmap Index Scan on sbtest4_pkey  (cost=0.00..22.39 rows=996 width=0)
	              Index Cond: ((id >= 9759437) AND (id <= 9760436))

table 5 : explain SELECT SUM(k) FROM sbtest5 WHERE id BETWEEN 3410778 AND 3411777
	Aggregate  (cost=3864.33..3864.34 rows=1 width=8)
	  ->  Bitmap Heap Scan on sbtest5  (cost=26.67..3861.83 rows=999 width=4)
	        Recheck Cond: ((id >= 3410778) AND (id <= 3411777))
	        ->  Bitmap Index Scan on sbtest5_pkey  (cost=0.00..26.43 rows=999 width=0)
	              Index Cond: ((id >= 3410778) AND (id <= 3411777))

table 6 : explain SELECT SUM(k) FROM sbtest6 WHERE id BETWEEN 8134947 AND 8135946
	Aggregate  (cost=3750.24..3750.25 rows=1 width=8)
	  ->  Bitmap Heap Scan on sbtest6  (cost=22.38..3747.82 rows=970 width=4)
	        Recheck Cond: ((id >= 8134947) AND (id <= 8135946))
	        ->  Bitmap Index Scan on sbtest6_pkey  (cost=0.00..22.14 rows=970 width=0)
	              Index Cond: ((id >= 8134947) AND (id <= 8135946))

table 7 : explain SELECT SUM(k) FROM sbtest7 WHERE id BETWEEN 3379909 AND 3380908
	Aggregate  (cost=3557.66..3557.67 rows=1 width=8)
	  ->  Bitmap Heap Scan on sbtest7  (cost=21.85..3555.36 rows=919 width=4)
	        Recheck Cond: ((id >= 3379909) AND (id <= 3380908))
	        ->  Bitmap Index Scan on sbtest7_pkey  (cost=0.00..21.62 rows=919 width=0)
	              Index Cond: ((id >= 3379909) AND (id <= 3380908))

table 8 : explain SELECT SUM(k) FROM sbtest8 WHERE id BETWEEN 185672 AND 186671
	Aggregate  (cost=3905.05..3905.06 rows=1 width=8)
	  ->  Bitmap Heap Scan on sbtest8  (cost=22.80..3902.52 rows=1011 width=4)
	        Recheck Cond: ((id >= 185672) AND (id <= 186671))
	        ->  Bitmap Index Scan on sbtest8_pkey  (cost=0.00..22.54 rows=1011 width=0)
	              Index Cond: ((id >= 185672) AND (id <= 186671))

for: distinct_ranges
table 1 : explain SELECT DISTINCT c FROM sbtest1 WHERE id BETWEEN 8777129 AND 8778128 ORDER BY c
	Unique  (cost=4074.76..4079.97 rows=1043 width=121)
	  ->  Sort  (cost=4074.76..4077.36 rows=1043 width=121)
	        Sort Key: c
	        ->  Bitmap Heap Scan on sbtest1  (cost=23.13..4022.47 rows=1043 width=121)
	              Recheck Cond: ((id >= 8777129) AND (id <= 8778128))
	              ->  Bitmap Index Scan on sbtest1_pkey  (cost=0.00..22.86 rows=1043 width=0)
	                    Index Cond: ((id >= 8777129) AND (id <= 8778128))

table 2 : explain SELECT DISTINCT c FROM sbtest2 WHERE id BETWEEN 8140869 AND 8141868 ORDER BY c
	Unique  (cost=4102.47..4107.72 rows=1050 width=121)
	  ->  Sort  (cost=4102.47..4105.10 rows=1050 width=121)
	        Sort Key: c
	        ->  Bitmap Heap Scan on sbtest2  (cost=23.20..4049.78 rows=1050 width=121)
	              Recheck Cond: ((id >= 8140869) AND (id <= 8141868))
	              ->  Bitmap Index Scan on sbtest2_pkey  (cost=0.00..22.93 rows=1050 width=0)
	                    Index Cond: ((id >= 8140869) AND (id <= 8141868))

table 3 : explain SELECT DISTINCT c FROM sbtest3 WHERE id BETWEEN 8708627 AND 8709626 ORDER BY c
	Unique  (cost=3978.43..3983.52 rows=1018 width=121)
	  ->  Sort  (cost=3978.43..3980.97 rows=1018 width=121)
	        Sort Key: c
	        ->  Bitmap Heap Scan on sbtest3  (cost=22.87..3927.57 rows=1018 width=121)
	              Recheck Cond: ((id >= 8708627) AND (id <= 8709626))
	              ->  Bitmap Index Scan on sbtest3_pkey  (cost=0.00..22.61 rows=1018 width=0)
	                    Index Cond: ((id >= 8708627) AND (id <= 8709626))

table 4 : explain SELECT DISTINCT c FROM sbtest4 WHERE id BETWEEN 870140 AND 871139 ORDER BY c
	Unique  (cost=3772.77..3777.59 rows=964 width=121)
	  ->  Sort  (cost=3772.77..3775.18 rows=964 width=121)
	        Sort Key: c
	        ->  Bitmap Heap Scan on sbtest4  (cost=22.32..3724.99 rows=964 width=121)
	              Recheck Cond: ((id >= 870140) AND (id <= 871139))
	              ->  Bitmap Index Scan on sbtest4_pkey  (cost=0.00..22.07 rows=964 width=0)
	                    Index Cond: ((id >= 870140) AND (id <= 871139))

table 5 : explain SELECT DISTINCT c FROM sbtest5 WHERE id BETWEEN 7436028 AND 7437027 ORDER BY c
	Unique  (cost=3524.58..3529.07 rows=899 width=121)
	  ->  Sort  (cost=3524.58..3526.83 rows=899 width=121)
	        Sort Key: c
	        ->  Bitmap Heap Scan on sbtest5  (cost=21.65..3480.47 rows=899 width=121)
	              Recheck Cond: ((id >= 7436028) AND (id <= 7437027))
	              ->  Bitmap Index Scan on sbtest5_pkey  (cost=0.00..21.43 rows=899 width=0)
	                    Index Cond: ((id >= 7436028) AND (id <= 7437027))

table 6 : explain SELECT DISTINCT c FROM sbtest6 WHERE id BETWEEN 4522806 AND 4523805 ORDER BY c
	Unique  (cost=4006.21..4011.34 rows=1025 width=121)
	  ->  Sort  (cost=4006.21..4008.77 rows=1025 width=121)
	        Sort Key: c
	        ->  Bitmap Heap Scan on sbtest6  (cost=22.94..3954.95 rows=1025 width=121)
	              Recheck Cond: ((id >= 4522806) AND (id <= 4523805))
	              ->  Bitmap Index Scan on sbtest6_pkey  (cost=0.00..22.68 rows=1025 width=0)
	                    Index Cond: ((id >= 4522806) AND (id <= 4523805))

table 7 : explain SELECT DISTINCT c FROM sbtest7 WHERE id BETWEEN 7156026 AND 7157025 ORDER BY c
	Unique  (cost=4319.25..4324.79 rows=1107 width=121)
	  ->  Sort  (cost=4319.25..4322.02 rows=1107 width=121)
	        Sort Key: c
	        ->  Bitmap Heap Scan on sbtest7  (cost=27.78..4263.28 rows=1107 width=121)
	              Recheck Cond: ((id >= 7156026) AND (id <= 7157025))
	              ->  Bitmap Index Scan on sbtest7_pkey  (cost=0.00..27.50 rows=1107 width=0)
	                    Index Cond: ((id >= 7156026) AND (id <= 7157025))

table 8 : explain SELECT DISTINCT c FROM sbtest8 WHERE id BETWEEN 2131213 AND 2132212 ORDER BY c
	Unique  (cost=3734.94..3739.71 rows=954 width=121)
	  ->  Sort  (cost=3734.94..3737.32 rows=954 width=121)
	        Sort Key: c
	        ->  Bitmap Heap Scan on sbtest8  (cost=22.21..3687.72 rows=954 width=121)
	              Recheck Cond: ((id >= 2131213) AND (id <= 2132212))
	              ->  Bitmap Index Scan on sbtest8_pkey  (cost=0.00..21.97 rows=954 width=0)
	                    Index Cond: ((id >= 2131213) AND (id <= 2132212))

for: sum_ranges
table 1 : explain SELECT SUM(k) FROM sbtest1 WHERE id BETWEEN 6961119 AND 6962118
	Aggregate  (cost=3923.44..3923.45 rows=1 width=8)
	  ->  Bitmap Heap Scan on sbtest1  (cost=22.85..3920.90 rows=1016 width=4)
	        Recheck Cond: ((id >= 6961119) AND (id <= 6962118))
	        ->  Bitmap Index Scan on sbtest1_pkey  (cost=0.00..22.59 rows=1016 width=0)
	              Index Cond: ((id >= 6961119) AND (id <= 6962118))

table 2 : explain SELECT SUM(k) FROM sbtest2 WHERE id BETWEEN 6470226 AND 6471225
	Aggregate  (cost=4003.48..4003.49 rows=1 width=8)
	  ->  Bitmap Heap Scan on sbtest2  (cost=23.06..4000.89 rows=1037 width=4)
	        Recheck Cond: ((id >= 6470226) AND (id <= 6471225))
	        ->  Bitmap Index Scan on sbtest2_pkey  (cost=0.00..22.80 rows=1037 width=0)
	              Index Cond: ((id >= 6470226) AND (id <= 6471225))

table 3 : explain SELECT SUM(k) FROM sbtest3 WHERE id BETWEEN 6422156 AND 6423155
	Aggregate  (cost=3753.05..3753.06 rows=1 width=8)
	  ->  Bitmap Heap Scan on sbtest3  (cost=22.39..3750.62 rows=971 width=4)
	        Recheck Cond: ((id >= 6422156) AND (id <= 6423155))
	        ->  Bitmap Index Scan on sbtest3_pkey  (cost=0.00..22.14 rows=971 width=0)
	              Index Cond: ((id >= 6422156) AND (id <= 6423155))

table 4 : explain SELECT SUM(k) FROM sbtest4 WHERE id BETWEEN 1030026 AND 1031025
	Aggregate  (cost=3961.05..3961.06 rows=1 width=8)
	  ->  Bitmap Heap Scan on sbtest4  (cost=22.95..3958.48 rows=1026 width=4)
	        Recheck Cond: ((id >= 1030026) AND (id <= 1031025))
	        ->  Bitmap Index Scan on sbtest4_pkey  (cost=0.00..22.69 rows=1026 width=0)
	              Index Cond: ((id >= 1030026) AND (id <= 1031025))

table 5 : explain SELECT SUM(k) FROM sbtest5 WHERE id BETWEEN 5461825 AND 5462824
	Aggregate  (cost=3988.65..3988.66 rows=1 width=8)
	  ->  Bitmap Heap Scan on sbtest5  (cost=27.01..3986.07 rows=1032 width=4)
	        Recheck Cond: ((id >= 5461825) AND (id <= 5462824))
	        ->  Bitmap Index Scan on sbtest5_pkey  (cost=0.00..26.75 rows=1032 width=0)
	              Index Cond: ((id >= 5461825) AND (id <= 5462824))

table 6 : explain SELECT SUM(k) FROM sbtest6 WHERE id BETWEEN 3859873 AND 3860872
	Aggregate  (cost=3519.89..3519.90 rows=1 width=8)
	  ->  Bitmap Heap Scan on sbtest6  (cost=21.75..3517.62 rows=909 width=4)
	        Recheck Cond: ((id >= 3859873) AND (id <= 3860872))
	        ->  Bitmap Index Scan on sbtest6_pkey  (cost=0.00..21.52 rows=909 width=0)
	              Index Cond: ((id >= 3859873) AND (id <= 3860872))

table 7 : explain SELECT SUM(k) FROM sbtest7 WHERE id BETWEEN 2505576 AND 2506575
	Aggregate  (cost=3738.89..3738.90 rows=1 width=8)
	  ->  Bitmap Heap Scan on sbtest7  (cost=22.35..3736.47 rows=967 width=4)
	        Recheck Cond: ((id >= 2505576) AND (id <= 2506575))
	        ->  Bitmap Index Scan on sbtest7_pkey  (cost=0.00..22.11 rows=967 width=0)
	              Index Cond: ((id >= 2505576) AND (id <= 2506575))

table 8 : explain SELECT SUM(k) FROM sbtest8 WHERE id BETWEEN 4607666 AND 4608665
	Aggregate  (cost=3859.84..3859.85 rows=1 width=8)
	  ->  Bitmap Heap Scan on sbtest8  (cost=22.67..3857.34 rows=999 width=4)
	        Recheck Cond: ((id >= 4607666) AND (id <= 4608665))
	        ->  Bitmap Index Scan on sbtest8_pkey  (cost=0.00..22.43 rows=999 width=0)
	              Index Cond: ((id >= 4607666) AND (id <= 4608665))

explain: for point_selects :: explain SELECT c FROM sbtest%u WHERE id=%u
for: distinct_ranges
table 1 : explain SELECT DISTINCT c FROM sbtest1 WHERE id BETWEEN 8575247 AND 8576246 ORDER BY c
	Unique  (cost=3707.73..3712.47 rows=947 width=121)
	  ->  Sort  (cost=3707.73..3710.10 rows=947 width=121)
	        Sort Key: c
	        ->  Bitmap Heap Scan on sbtest1  (cost=22.14..3660.92 rows=947 width=121)
	              Recheck Cond: ((id >= 8575247) AND (id <= 8576246))
	              ->  Bitmap Index Scan on sbtest1_pkey  (cost=0.00..21.90 rows=947 width=0)
	                    Index Cond: ((id >= 8575247) AND (id <= 8576246))

table 2 : explain SELECT DISTINCT c FROM sbtest2 WHERE id BETWEEN 6337935 AND 6338934 ORDER BY c
	Unique  (cost=3842.58..3847.49 rows=982 width=121)
	  ->  Sort  (cost=3842.58..3845.03 rows=982 width=121)
	        Sort Key: c
	        ->  Bitmap Heap Scan on sbtest2  (cost=22.50..3793.78 rows=982 width=121)
	              Recheck Cond: ((id >= 6337935) AND (id <= 6338934))
	              ->  Bitmap Index Scan on sbtest2_pkey  (cost=0.00..22.25 rows=982 width=0)
	                    Index Cond: ((id >= 6337935) AND (id <= 6338934))

table 3 : explain SELECT DISTINCT c FROM sbtest3 WHERE id BETWEEN 5931997 AND 5932996 ORDER BY c
	Unique  (cost=3794.97..3799.82 rows=970 width=121)
	  ->  Sort  (cost=3794.97..3797.40 rows=970 width=121)
	        Sort Key: c
	        ->  Bitmap Heap Scan on sbtest3  (cost=22.38..3746.85 rows=970 width=121)
	              Recheck Cond: ((id >= 5931997) AND (id <= 5932996))
	              ->  Bitmap Index Scan on sbtest3_pkey  (cost=0.00..22.14 rows=970 width=0)
	                    Index Cond: ((id >= 5931997) AND (id <= 5932996))

table 4 : explain SELECT DISTINCT c FROM sbtest4 WHERE id BETWEEN 5057294 AND 5058293 ORDER BY c
	Unique  (cost=3895.16..3900.14 rows=996 width=121)
	  ->  Sort  (cost=3895.16..3897.65 rows=996 width=121)
	        Sort Key: c
	        ->  Bitmap Heap Scan on sbtest4  (cost=22.64..3845.56 rows=996 width=121)
	              Recheck Cond: ((id >= 5057294) AND (id <= 5058293))
	              ->  Bitmap Index Scan on sbtest4_pkey  (cost=0.00..22.39 rows=996 width=0)
	                    Index Cond: ((id >= 5057294) AND (id <= 5058293))

table 5 : explain SELECT DISTINCT c FROM sbtest5 WHERE id BETWEEN 1568502 AND 1569501 ORDER BY c
	Unique  (cost=3631.95..3636.59 rows=927 width=121)
	  ->  Sort  (cost=3631.95..3634.27 rows=927 width=121)
	        Sort Key: c
	        ->  Bitmap Heap Scan on sbtest5  (cost=21.94..3586.27 rows=927 width=121)
	              Recheck Cond: ((id >= 1568502) AND (id <= 1569501))
	              ->  Bitmap Index Scan on sbtest5_pkey  (cost=0.00..21.70 rows=927 width=0)
	                    Index Cond: ((id >= 1568502) AND (id <= 1569501))

table 6 : explain SELECT DISTINCT c FROM sbtest6 WHERE id BETWEEN 3444927 AND 3445926 ORDER BY c
	Unique  (cost=3948.90..3953.95 rows=1010 width=121)
	  ->  Sort  (cost=3948.90..3951.43 rows=1010 width=121)
	        Sort Key: c
	        ->  Bitmap Heap Scan on sbtest6  (cost=22.79..3898.50 rows=1010 width=121)
	              Recheck Cond: ((id >= 3444927) AND (id <= 3445926))
	              ->  Bitmap Index Scan on sbtest6_pkey  (cost=0.00..22.54 rows=1010 width=0)
	                    Index Cond: ((id >= 3444927) AND (id <= 3445926))

table 7 : explain SELECT DISTINCT c FROM sbtest7 WHERE id BETWEEN 6230787 AND 6231786 ORDER BY c
	Unique  (cost=3807.38..3812.25 rows=973 width=121)
	  ->  Sort  (cost=3807.38..3809.81 rows=973 width=121)
	        Sort Key: c
	        ->  Bitmap Heap Scan on sbtest7  (cost=22.41..3759.09 rows=973 width=121)
	              Recheck Cond: ((id >= 6230787) AND (id <= 6231786))
	              ->  Bitmap Index Scan on sbtest7_pkey  (cost=0.00..22.16 rows=973 width=0)
	                    Index Cond: ((id >= 6230787) AND (id <= 6231786))

table 8 : explain SELECT DISTINCT c FROM sbtest8 WHERE id BETWEEN 451834 AND 452833 ORDER BY c
	Unique  (cost=3669.83..3674.51 rows=937 width=121)
	  ->  Sort  (cost=3669.83..3672.17 rows=937 width=121)
	        Sort Key: c
	        ->  Bitmap Heap Scan on sbtest8  (cost=22.04..3623.58 rows=937 width=121)
	              Recheck Cond: ((id >= 451834) AND (id <= 452833))
	              ->  Bitmap Index Scan on sbtest8_pkey  (cost=0.00..21.80 rows=937 width=0)
	                    Index Cond: ((id >= 451834) AND (id <= 452833))

for: simple_ranges
table 1 : explain SELECT c FROM sbtest1 WHERE id BETWEEN 1997506 AND 1998505
	Bitmap Heap Scan on sbtest1  (cost=22.99..3973.58 rows=1030 width=121)
	  Recheck Cond: ((id >= 1997506) AND (id <= 1998505))
	  ->  Bitmap Index Scan on sbtest1_pkey  (cost=0.00..22.73 rows=1030 width=0)
	        Index Cond: ((id >= 1997506) AND (id <= 1998505))

table 2 : explain SELECT c FROM sbtest2 WHERE id BETWEEN 4032912 AND 4033911
	Bitmap Heap Scan on sbtest2  (cost=22.55..3812.62 rows=987 width=121)
	  Recheck Cond: ((id >= 4032912) AND (id <= 4033911))
	  ->  Bitmap Index Scan on sbtest2_pkey  (cost=0.00..22.30 rows=987 width=0)
	        Index Cond: ((id >= 4032912) AND (id <= 4033911))

table 3 : explain SELECT c FROM sbtest3 WHERE id BETWEEN 734641 AND 735640
	Bitmap Heap Scan on sbtest3  (cost=23.52..4164.31 rows=1081 width=121)
	  Recheck Cond: ((id >= 734641) AND (id <= 735640))
	  ->  Bitmap Index Scan on sbtest3_pkey  (cost=0.00..23.25 rows=1081 width=0)
	        Index Cond: ((id >= 734641) AND (id <= 735640))

table 4 : explain SELECT c FROM sbtest4 WHERE id BETWEEN 5345689 AND 5346688
	Bitmap Heap Scan on sbtest4  (cost=22.74..3879.45 rows=1005 width=121)
	  Recheck Cond: ((id >= 5345689) AND (id <= 5346688))
	  ->  Bitmap Index Scan on sbtest4_pkey  (cost=0.00..22.48 rows=1005 width=0)
	        Index Cond: ((id >= 5345689) AND (id <= 5346688))

table 5 : explain SELECT c FROM sbtest5 WHERE id BETWEEN 2807593 AND 2808592
	Bitmap Heap Scan on sbtest5  (cost=22.34..3733.45 rows=966 width=121)
	  Recheck Cond: ((id >= 2807593) AND (id <= 2808592))
	  ->  Bitmap Index Scan on sbtest5_pkey  (cost=0.00..22.09 rows=966 width=0)
	        Index Cond: ((id >= 2807593) AND (id <= 2808592))

table 6 : explain SELECT c FROM sbtest6 WHERE id BETWEEN 3481713 AND 3482712
	Bitmap Heap Scan on sbtest6  (cost=22.79..3898.50 rows=1010 width=121)
	  Recheck Cond: ((id >= 3481713) AND (id <= 3482712))
	  ->  Bitmap Index Scan on sbtest6_pkey  (cost=0.00..22.54 rows=1010 width=0)
	        Index Cond: ((id >= 3481713) AND (id <= 3482712))

table 7 : explain SELECT c FROM sbtest7 WHERE id BETWEEN 9490388 AND 9491387
	Bitmap Heap Scan on sbtest7  (cost=21.98..3600.67 rows=931 width=121)
	  Recheck Cond: ((id >= 9490388) AND (id <= 9491387))
	  ->  Bitmap Index Scan on sbtest7_pkey  (cost=0.00..21.75 rows=931 width=0)
	        Index Cond: ((id >= 9490388) AND (id <= 9491387))

table 8 : explain SELECT c FROM sbtest8 WHERE id BETWEEN 4458449 AND 4459448
	Bitmap Heap Scan on sbtest8  (cost=21.66..3483.83 rows=900 width=121)
	  Recheck Cond: ((id >= 4458449) AND (id <= 4459448))
	  ->  Bitmap Index Scan on sbtest8_pkey  (cost=0.00..21.43 rows=900 width=0)
	        Index Cond: ((id >= 4458449) AND (id <= 4459448))

for: sum_ranges
table 1 : explain SELECT SUM(k) FROM sbtest1 WHERE id BETWEEN 8043784 AND 8044783
	Aggregate  (cost=3621.75..3621.76 rows=1 width=8)
	  ->  Bitmap Heap Scan on sbtest1  (cost=22.03..3619.41 rows=936 width=4)
	        Recheck Cond: ((id >= 8043784) AND (id <= 8044783))
	        ->  Bitmap Index Scan on sbtest1_pkey  (cost=0.00..21.79 rows=936 width=0)
	              Index Cond: ((id >= 8043784) AND (id <= 8044783))

table 2 : explain SELECT SUM(k) FROM sbtest2 WHERE id BETWEEN 1846765 AND 1847764
	Aggregate  (cost=4052.41..4052.42 rows=1 width=8)
	  ->  Bitmap Heap Scan on sbtest2  (cost=23.20..4049.78 rows=1050 width=4)
	        Recheck Cond: ((id >= 1846765) AND (id <= 1847764))
	        ->  Bitmap Index Scan on sbtest2_pkey  (cost=0.00..22.93 rows=1050 width=0)
	              Index Cond: ((id >= 1846765) AND (id <= 1847764))

table 3 : explain SELECT SUM(k) FROM sbtest3 WHERE id BETWEEN 2489576 AND 2490575
	Aggregate  (cost=3771.90..3771.91 rows=1 width=8)
	  ->  Bitmap Heap Scan on sbtest3  (cost=22.44..3769.46 rows=976 width=4)
	        Recheck Cond: ((id >= 2489576) AND (id <= 2490575))
	        ->  Bitmap Index Scan on sbtest3_pkey  (cost=0.00..22.19 rows=976 width=0)
	              Index Cond: ((id >= 2489576) AND (id <= 2490575))

table 4 : explain SELECT SUM(k) FROM sbtest4 WHERE id BETWEEN 5325961 AND 5326960
	Aggregate  (cost=3881.96..3881.97 rows=1 width=8)
	  ->  Bitmap Heap Scan on sbtest4  (cost=22.74..3879.45 rows=1005 width=4)
	        Recheck Cond: ((id >= 5325961) AND (id <= 5326960))
	        ->  Bitmap Index Scan on sbtest4_pkey  (cost=0.00..22.48 rows=1005 width=0)
	              Index Cond: ((id >= 5325961) AND (id <= 5326960))

table 5 : explain SELECT SUM(k) FROM sbtest5 WHERE id BETWEEN 7045463 AND 7046462
	Aggregate  (cost=3871.87..3871.88 rows=1 width=8)
	  ->  Bitmap Heap Scan on sbtest5  (cost=26.70..3869.37 rows=1001 width=4)
	        Recheck Cond: ((id >= 7045463) AND (id <= 7046462))
	        ->  Bitmap Index Scan on sbtest5_pkey  (cost=0.00..26.44 rows=1001 width=0)
	              Index Cond: ((id >= 7045463) AND (id <= 7046462))

table 6 : explain SELECT SUM(k) FROM sbtest6 WHERE id BETWEEN 1894410 AND 1895409
	Aggregate  (cost=4029.03..4029.04 rows=1 width=8)
	  ->  Bitmap Heap Scan on sbtest6  (cost=23.14..4026.42 rows=1044 width=4)
	        Recheck Cond: ((id >= 1894410) AND (id <= 1895409))
	        ->  Bitmap Index Scan on sbtest6_pkey  (cost=0.00..22.87 rows=1044 width=0)
	              Index Cond: ((id >= 1894410) AND (id <= 1895409))

table 7 : explain SELECT SUM(k) FROM sbtest7 WHERE id BETWEEN 685661 AND 686660
	Aggregate  (cost=3791.69..3791.70 rows=1 width=8)
	  ->  Bitmap Heap Scan on sbtest7  (cost=22.49..3789.24 rows=981 width=4)
	        Recheck Cond: ((id >= 685661) AND (id <= 686660))
	        ->  Bitmap Index Scan on sbtest7_pkey  (cost=0.00..22.25 rows=981 width=0)
	              Index Cond: ((id >= 685661) AND (id <= 686660))

table 8 : explain SELECT SUM(k) FROM sbtest8 WHERE id BETWEEN 155824 AND 156823
	Aggregate  (cost=3905.05..3905.06 rows=1 width=8)
	  ->  Bitmap Heap Scan on sbtest8  (cost=22.80..3902.52 rows=1011 width=4)
	        Recheck Cond: ((id >= 155824) AND (id <= 156823))
	        ->  Bitmap Index Scan on sbtest8_pkey  (cost=0.00..22.54 rows=1011 width=0)
	              Index Cond: ((id >= 155824) AND (id <= 156823))

for: sum_ranges
table 1 : explain SELECT SUM(k) FROM sbtest1 WHERE id BETWEEN 5885207 AND 5886206
	Aggregate  (cost=4325.94..4325.95 rows=1 width=8)
	  ->  Bitmap Heap Scan on sbtest1  (cost=27.95..4323.14 rows=1123 width=4)
	        Recheck Cond: ((id >= 5885207) AND (id <= 5886206))
	        ->  Bitmap Index Scan on sbtest1_pkey  (cost=0.00..27.66 rows=1123 width=0)
	              Index Cond: ((id >= 5885207) AND (id <= 5886206))

table 2 : explain SELECT SUM(k) FROM sbtest2 WHERE id BETWEEN 5490737 AND 5491736
	Aggregate  (cost=3641.48..3641.49 rows=1 width=8)
	  ->  Bitmap Heap Scan on sbtest2  (cost=22.08..3639.13 rows=941 width=4)
	        Recheck Cond: ((id >= 5490737) AND (id <= 5491736))
	        ->  Bitmap Index Scan on sbtest2_pkey  (cost=0.00..21.84 rows=941 width=0)
	              Index Cond: ((id >= 5490737) AND (id <= 5491736))

table 3 : explain SELECT SUM(k) FROM sbtest3 WHERE id BETWEEN 7444061 AND 7445060
	Aggregate  (cost=3896.23..3896.24 rows=1 width=8)
	  ->  Bitmap Heap Scan on sbtest3  (cost=22.78..3893.71 rows=1009 width=4)
	        Recheck Cond: ((id >= 7444061) AND (id <= 7445060))
	        ->  Bitmap Index Scan on sbtest3_pkey  (cost=0.00..22.52 rows=1009 width=0)
	              Index Cond: ((id >= 7444061) AND (id <= 7445060))

table 4 : explain SELECT SUM(k) FROM sbtest4 WHERE id BETWEEN 7201969 AND 7202968
	Aggregate  (cost=3829.21..3829.22 rows=1 width=8)
	  ->  Bitmap Heap Scan on sbtest4  (cost=22.59..3826.73 rows=991 width=4)
	        Recheck Cond: ((id >= 7201969) AND (id <= 7202968))
	        ->  Bitmap Index Scan on sbtest4_pkey  (cost=0.00..22.34 rows=991 width=0)
	              Index Cond: ((id >= 7201969) AND (id <= 7202968))

table 5 : explain SELECT SUM(k) FROM sbtest5 WHERE id BETWEEN 7661238 AND 7662237
	Aggregate  (cost=3679.24..3679.25 rows=1 width=8)
	  ->  Bitmap Heap Scan on sbtest5  (cost=22.18..3676.87 rows=951 width=4)
	        Recheck Cond: ((id >= 7661238) AND (id <= 7662237))
	        ->  Bitmap Index Scan on sbtest5_pkey  (cost=0.00..21.94 rows=951 width=0)
	              Index Cond: ((id >= 7661238) AND (id <= 7662237))

table 6 : explain SELECT SUM(k) FROM sbtest6 WHERE id BETWEEN 5940830 AND 5941829
	Aggregate  (cost=3451.83..3451.84 rows=1 width=8)
	  ->  Bitmap Heap Scan on sbtest6  (cost=21.57..3449.60 rows=891 width=4)
	        Recheck Cond: ((id >= 5940830) AND (id <= 5941829))
	        ->  Bitmap Index Scan on sbtest6_pkey  (cost=0.00..21.34 rows=891 width=0)
	              Index Cond: ((id >= 5940830) AND (id <= 5941829))

table 7 : explain SELECT SUM(k) FROM sbtest7 WHERE id BETWEEN 981729 AND 982728
	Aggregate  (cost=4119.25..4119.26 rows=1 width=8)
	  ->  Bitmap Heap Scan on sbtest7  (cost=23.38..4116.58 rows=1068 width=4)
	        Recheck Cond: ((id >= 981729) AND (id <= 982728))
	        ->  Bitmap Index Scan on sbtest7_pkey  (cost=0.00..23.11 rows=1068 width=0)
	              Index Cond: ((id >= 981729) AND (id <= 982728))

table 8 : explain SELECT SUM(k) FROM sbtest8 WHERE id BETWEEN 903597 AND 904596
	Aggregate  (cost=4221.29..4221.30 rows=1 width=8)
	  ->  Bitmap Heap Scan on sbtest8  (cost=27.65..4218.56 rows=1094 width=4)
	        Recheck Cond: ((id >= 903597) AND (id <= 904596))
	        ->  Bitmap Index Scan on sbtest8_pkey  (cost=0.00..27.37 rows=1094 width=0)
	              Index Cond: ((id >= 903597) AND (id <= 904596))

for: order_ranges
table 1 : explain SELECT c FROM sbtest1 WHERE id BETWEEN 9905137 AND 9906136 ORDER BY c
	Sort  (cost=3776.64..3779.05 rows=965 width=121)
	  Sort Key: c
	  ->  Bitmap Heap Scan on sbtest1  (cost=22.33..3728.80 rows=965 width=121)
	        Recheck Cond: ((id >= 9905137) AND (id <= 9906136))
	        ->  Bitmap Index Scan on sbtest1_pkey  (cost=0.00..22.08 rows=965 width=0)
	              Index Cond: ((id >= 9905137) AND (id <= 9906136))

table 2 : explain SELECT c FROM sbtest2 WHERE id BETWEEN 9253234 AND 9254233 ORDER BY c
	Sort  (cost=4113.93..4116.56 rows=1053 width=121)
	  Sort Key: c
	  ->  Bitmap Heap Scan on sbtest2  (cost=23.23..4061.06 rows=1053 width=121)
	        Recheck Cond: ((id >= 9253234) AND (id <= 9254233))
	        ->  Bitmap Index Scan on sbtest2_pkey  (cost=0.00..22.96 rows=1053 width=0)
	              Index Cond: ((id >= 9253234) AND (id <= 9254233))

table 3 : explain SELECT c FROM sbtest3 WHERE id BETWEEN 822817 AND 823816 ORDER BY c
	Sort  (cost=4089.13..4091.75 rows=1047 width=121)
	  Sort Key: c
	  ->  Bitmap Heap Scan on sbtest3  (cost=23.17..4036.61 rows=1047 width=121)
	        Recheck Cond: ((id >= 822817) AND (id <= 823816))
	        ->  Bitmap Index Scan on sbtest3_pkey  (cost=0.00..22.90 rows=1047 width=0)
	              Index Cond: ((id >= 822817) AND (id <= 823816))

table 4 : explain SELECT c FROM sbtest4 WHERE id BETWEEN 2775582 AND 2776581 ORDER BY c
	Sort  (cost=3715.35..3717.72 rows=949 width=121)
	  Sort Key: c
	  ->  Bitmap Heap Scan on sbtest4  (cost=22.16..3668.42 rows=949 width=121)
	        Recheck Cond: ((id >= 2775582) AND (id <= 2776581))
	        ->  Bitmap Index Scan on sbtest4_pkey  (cost=0.00..21.93 rows=949 width=0)
	              Index Cond: ((id >= 2775582) AND (id <= 2776581))

table 5 : explain SELECT c FROM sbtest5 WHERE id BETWEEN 2801709 AND 2802708 ORDER BY c
	Sort  (cost=3781.34..3783.76 rows=966 width=121)
	  Sort Key: c
	  ->  Bitmap Heap Scan on sbtest5  (cost=22.34..3733.45 rows=966 width=121)
	        Recheck Cond: ((id >= 2801709) AND (id <= 2802708))
	        ->  Bitmap Index Scan on sbtest5_pkey  (cost=0.00..22.09 rows=966 width=0)
	              Index Cond: ((id >= 2801709) AND (id <= 2802708))

table 6 : explain SELECT c FROM sbtest6 WHERE id BETWEEN 687313 AND 688312 ORDER BY c
	Sort  (cost=3841.85..3844.30 rows=982 width=121)
	  Sort Key: c
	  ->  Bitmap Heap Scan on sbtest6  (cost=22.50..3793.05 rows=982 width=121)
	        Recheck Cond: ((id >= 687313) AND (id <= 688312))
	        ->  Bitmap Index Scan on sbtest6_pkey  (cost=0.00..22.25 rows=982 width=0)
	              Index Cond: ((id >= 687313) AND (id <= 688312))

table 7 : explain SELECT c FROM sbtest7 WHERE id BETWEEN 4665879 AND 4666878 ORDER BY c
	Sort  (cost=3753.80..3756.20 rows=959 width=121)
	  Sort Key: c
	  ->  Bitmap Heap Scan on sbtest7  (cost=22.26..3706.31 rows=959 width=121)
	        Recheck Cond: ((id >= 4665879) AND (id <= 4666878))
	        ->  Bitmap Index Scan on sbtest7_pkey  (cost=0.00..22.02 rows=959 width=0)
	              Index Cond: ((id >= 4665879) AND (id <= 4666878))

table 8 : explain SELECT c FROM sbtest8 WHERE id BETWEEN 6128414 AND 6129413 ORDER BY c
	Sort  (cost=4182.07..4184.75 rows=1071 width=121)
	  Sort Key: c
	  ->  Bitmap Heap Scan on sbtest8  (cost=23.41..4128.18 rows=1071 width=121)
	        Recheck Cond: ((id >= 6128414) AND (id <= 6129413))
	        ->  Bitmap Index Scan on sbtest8_pkey  (cost=0.00..23.14 rows=1071 width=0)
	              Index Cond: ((id >= 6128414) AND (id <= 6129413))

for point_selects
table 1 : explain SELECT c FROM sbtest1 WHERE id=7137045
	Index Scan using sbtest1_pkey on sbtest1  (cost=0.43..8.45 rows=1 width=121)
	  Index Cond: (id = 7137045)

table 2 : explain SELECT c FROM sbtest2 WHERE id=6356362
	Index Scan using sbtest2_pkey on sbtest2  (cost=0.43..8.45 rows=1 width=121)
	  Index Cond: (id = 6356362)

table 3 : explain SELECT c FROM sbtest3 WHERE id=8795097
	Index Scan using sbtest3_pkey on sbtest3  (cost=0.43..8.45 rows=1 width=121)
	  Index Cond: (id = 8795097)

table 4 : explain SELECT c FROM sbtest4 WHERE id=8187167
	Index Scan using sbtest4_pkey on sbtest4  (cost=0.43..8.45 rows=1 width=121)
	  Index Cond: (id = 8187167)

table 5 : explain SELECT c FROM sbtest5 WHERE id=7363718
	Index Scan using sbtest5_pkey on sbtest5  (cost=0.43..8.45 rows=1 width=121)
	  Index Cond: (id = 7363718)

table 6 : explain SELECT c FROM sbtest6 WHERE id=4799980
	Index Scan using sbtest6_pkey on sbtest6  (cost=0.43..8.45 rows=1 width=121)
	  Index Cond: (id = 4799980)

table 7 : explain SELECT c FROM sbtest7 WHERE id=784067
	Index Scan using sbtest7_pkey on sbtest7  (cost=0.43..8.45 rows=1 width=121)
	  Index Cond: (id = 784067)

table 8 : explain SELECT c FROM sbtest8 WHERE id=3060770
	Index Scan using sbtest8_pkey on sbtest8  (cost=0.43..8.45 rows=1 width=121)
	  Index Cond: (id = 3060770)

explain: for point_selects :: explain SELECT c FROM sbtest%u WHERE id=%u
for: sum_ranges
table 1 : explain SELECT SUM(k) FROM sbtest1 WHERE id BETWEEN 2140753 AND 2141752
	Aggregate  (cost=3629.31..3629.32 rows=1 width=8)
	  ->  Bitmap Heap Scan on sbtest1  (cost=22.05..3626.96 rows=938 width=4)
	        Recheck Cond: ((id >= 2140753) AND (id <= 2141752))
	        ->  Bitmap Index Scan on sbtest1_pkey  (cost=0.00..21.82 rows=938 width=0)
	              Index Cond: ((id >= 2140753) AND (id <= 2141752))

table 2 : explain SELECT SUM(k) FROM sbtest2 WHERE id BETWEEN 712440 AND 713439
	Aggregate  (cost=3758.51..3758.52 rows=1 width=8)
	  ->  Bitmap Heap Scan on sbtest2  (cost=22.40..3756.08 rows=972 width=4)
	        Recheck Cond: ((id >= 712440) AND (id <= 713439))
	        ->  Bitmap Index Scan on sbtest2_pkey  (cost=0.00..22.15 rows=972 width=0)
	              Index Cond: ((id >= 712440) AND (id <= 713439))

table 3 : explain SELECT SUM(k) FROM sbtest3 WHERE id BETWEEN 6729277 AND 6730276
	Aggregate  (cost=3613.44..3613.45 rows=1 width=8)
	  ->  Bitmap Heap Scan on sbtest3  (cost=22.01..3611.11 rows=934 width=4)
	        Recheck Cond: ((id >= 6729277) AND (id <= 6730276))
	        ->  Bitmap Index Scan on sbtest3_pkey  (cost=0.00..21.77 rows=934 width=0)
	              Index Cond: ((id >= 6729277) AND (id <= 6730276))

table 4 : explain SELECT SUM(k) FROM sbtest4 WHERE id BETWEEN 1683255 AND 1684254
	Aggregate  (cost=4382.16..4382.17 rows=1 width=8)
	  ->  Bitmap Heap Scan on sbtest4  (cost=28.10..4379.32 rows=1138 width=4)
	        Recheck Cond: ((id >= 1683255) AND (id <= 1684254))
	        ->  Bitmap Index Scan on sbtest4_pkey  (cost=0.00..27.82 rows=1138 width=0)
	              Index Cond: ((id >= 1683255) AND (id <= 1684254))

table 5 : explain SELECT SUM(k) FROM sbtest5 WHERE id BETWEEN 4870217 AND 4871216
	Aggregate  (cost=4173.00..4173.01 rows=1 width=8)
	  ->  Bitmap Heap Scan on sbtest5  (cost=27.52..4170.30 rows=1081 width=4)
	        Recheck Cond: ((id >= 4870217) AND (id <= 4871216))
	        ->  Bitmap Index Scan on sbtest5_pkey  (cost=0.00..27.25 rows=1081 width=0)
	              Index Cond: ((id >= 4870217) AND (id <= 4871216))

table 6 : explain SELECT SUM(k) FROM sbtest6 WHERE id BETWEEN 2540517 AND 2541516
	Aggregate  (cost=3912.33..3912.34 rows=1 width=8)
	  ->  Bitmap Heap Scan on sbtest6  (cost=22.82..3909.79 rows=1013 width=4)
	        Recheck Cond: ((id >= 2540517) AND (id <= 2541516))
	        ->  Bitmap Index Scan on sbtest6_pkey  (cost=0.00..22.57 rows=1013 width=0)
	              Index Cond: ((id >= 2540517) AND (id <= 2541516))

table 7 : explain SELECT SUM(k) FROM sbtest7 WHERE id BETWEEN 8697697 AND 8698696
	Aggregate  (cost=3949.95..3949.96 rows=1 width=8)
	  ->  Bitmap Heap Scan on sbtest7  (cost=22.92..3947.39 rows=1023 width=4)
	        Recheck Cond: ((id >= 8697697) AND (id <= 8698696))
	        ->  Bitmap Index Scan on sbtest7_pkey  (cost=0.00..22.66 rows=1023 width=0)
	              Index Cond: ((id >= 8697697) AND (id <= 8698696))

table 8 : explain SELECT SUM(k) FROM sbtest8 WHERE id BETWEEN 9534967 AND 9535966
	Aggregate  (cost=3961.55..3961.56 rows=1 width=8)
	  ->  Bitmap Heap Scan on sbtest8  (cost=22.95..3958.98 rows=1026 width=4)
	        Recheck Cond: ((id >= 9534967) AND (id <= 9535966))
	        ->  Bitmap Index Scan on sbtest8_pkey  (cost=0.00..22.69 rows=1026 width=0)
	              Index Cond: ((id >= 9534967) AND (id <= 9535966))

for: simple_ranges
table 1 : explain SELECT c FROM sbtest1 WHERE id BETWEEN 561021 AND 562020
	Bitmap Heap Scan on sbtest1  (cost=22.25..3702.41 rows=958 width=121)
	  Recheck Cond: ((id >= 561021) AND (id <= 562020))
	  ->  Bitmap Index Scan on sbtest1_pkey  (cost=0.00..22.01 rows=958 width=0)
	        Index Cond: ((id >= 561021) AND (id <= 562020))

table 2 : explain SELECT c FROM sbtest2 WHERE id BETWEEN 4845284 AND 4846283
	Bitmap Heap Scan on sbtest2  (cost=22.86..3925.62 rows=1017 width=121)
	  Recheck Cond: ((id >= 4845284) AND (id <= 4846283))
	  ->  Bitmap Index Scan on sbtest2_pkey  (cost=0.00..22.61 rows=1017 width=0)
	        Index Cond: ((id >= 4845284) AND (id <= 4846283))

table 3 : explain SELECT c FROM sbtest3 WHERE id BETWEEN 6239193 AND 6240192
	Bitmap Heap Scan on sbtest3  (cost=23.06..3999.02 rows=1037 width=121)
	  Recheck Cond: ((id >= 6239193) AND (id <= 6240192))
	  ->  Bitmap Index Scan on sbtest3_pkey  (cost=0.00..22.80 rows=1037 width=0)
	        Index Cond: ((id >= 6239193) AND (id <= 6240192))

table 4 : explain SELECT c FROM sbtest4 WHERE id BETWEEN 8544515 AND 8545514
	Bitmap Heap Scan on sbtest4  (cost=22.43..3766.45 rows=975 width=121)
	  Recheck Cond: ((id >= 8544515) AND (id <= 8545514))
	  ->  Bitmap Index Scan on sbtest4_pkey  (cost=0.00..22.18 rows=975 width=0)
	        Index Cond: ((id >= 8544515) AND (id <= 8545514))

table 5 : explain SELECT c FROM sbtest5 WHERE id BETWEEN 9600369 AND 9601368
	Bitmap Heap Scan on sbtest5  (cost=26.86..3929.62 rows=1017 width=121)
	  Recheck Cond: ((id >= 9600369) AND (id <= 9601368))
	  ->  Bitmap Index Scan on sbtest5_pkey  (cost=0.00..26.61 rows=1017 width=0)
	        Index Cond: ((id >= 9600369) AND (id <= 9601368))

table 6 : explain SELECT c FROM sbtest6 WHERE id BETWEEN 8588934 AND 8589933
	Bitmap Heap Scan on sbtest6  (cost=23.05..3996.33 rows=1036 width=121)
	  Recheck Cond: ((id >= 8588934) AND (id <= 8589933))
	  ->  Bitmap Index Scan on sbtest6_pkey  (cost=0.00..22.79 rows=1036 width=0)
	        Index Cond: ((id >= 8588934) AND (id <= 8589933))

table 7 : explain SELECT c FROM sbtest7 WHERE id BETWEEN 3634846 AND 3635845
	Bitmap Heap Scan on sbtest7  (cost=22.48..3785.47 rows=980 width=121)
	  Recheck Cond: ((id >= 3634846) AND (id <= 3635845))
	  ->  Bitmap Index Scan on sbtest7_pkey  (cost=0.00..22.23 rows=980 width=0)
	        Index Cond: ((id >= 3634846) AND (id <= 3635845))

table 8 : explain SELECT c FROM sbtest8 WHERE id BETWEEN 3809308 AND 3810307
	Bitmap Heap Scan on sbtest8  (cost=22.26..3706.58 rows=959 width=121)
	  Recheck Cond: ((id >= 3809308) AND (id <= 3810307))
	  ->  Bitmap Index Scan on sbtest8_pkey  (cost=0.00..22.02 rows=959 width=0)
	        Index Cond: ((id >= 3809308) AND (id <= 3810307))

for: distinct_ranges
table 1 : explain SELECT DISTINCT c FROM sbtest1 WHERE id BETWEEN 7420255 AND 7421254 ORDER BY c
	Unique  (cost=3891.39..3896.36 rows=995 width=121)
	  ->  Sort  (cost=3891.39..3893.87 rows=995 width=121)
	        Sort Key: c
	        ->  Bitmap Heap Scan on sbtest1  (cost=22.63..3841.84 rows=995 width=121)
	              Recheck Cond: ((id >= 7420255) AND (id <= 7421254))
	              ->  Bitmap Index Scan on sbtest1_pkey  (cost=0.00..22.39 rows=995 width=0)
	                    Index Cond: ((id >= 7420255) AND (id <= 7421254))

table 2 : explain SELECT DISTINCT c FROM sbtest2 WHERE id BETWEEN 9082303 AND 9083302 ORDER BY c
	Unique  (cost=3792.83..3797.67 rows=969 width=121)
	  ->  Sort  (cost=3792.83..3795.25 rows=969 width=121)
	        Sort Key: c
	        ->  Bitmap Heap Scan on sbtest2  (cost=22.37..3744.77 rows=969 width=121)
	              Recheck Cond: ((id >= 9082303) AND (id <= 9083302))
	              ->  Bitmap Index Scan on sbtest2_pkey  (cost=0.00..22.12 rows=969 width=0)
	                    Index Cond: ((id >= 9082303) AND (id <= 9083302))

table 3 : explain SELECT DISTINCT c FROM sbtest3 WHERE id BETWEEN 2167065 AND 2168064 ORDER BY c
	Unique  (cost=3798.80..3803.65 rows=971 width=121)
	  ->  Sort  (cost=3798.80..3801.22 rows=971 width=121)
	        Sort Key: c
	        ->  Bitmap Heap Scan on sbtest3  (cost=22.39..3750.62 rows=971 width=121)
	              Recheck Cond: ((id >= 2167065) AND (id <= 2168064))
	              ->  Bitmap Index Scan on sbtest3_pkey  (cost=0.00..22.14 rows=971 width=0)
	                    Index Cond: ((id >= 2167065) AND (id <= 2168064))

table 4 : explain SELECT DISTINCT c FROM sbtest4 WHERE id BETWEEN 3895589 AND 3896588 ORDER BY c
	Unique  (cost=4311.42..4316.94 rows=1105 width=121)
	  ->  Sort  (cost=4311.42..4314.18 rows=1105 width=121)
	        Sort Key: c
	        ->  Bitmap Heap Scan on sbtest4  (cost=27.76..4255.56 rows=1105 width=121)
	              Recheck Cond: ((id >= 3895589) AND (id <= 3896588))
	              ->  Bitmap Index Scan on sbtest4_pkey  (cost=0.00..27.48 rows=1105 width=0)
	                    Index Cond: ((id >= 3895589) AND (id <= 3896588))

table 5 : explain SELECT DISTINCT c FROM sbtest5 WHERE id BETWEEN 9763773 AND 9764772 ORDER BY c
	Unique  (cost=4217.14..4222.53 rows=1079 width=121)
	  ->  Sort  (cost=4217.14..4219.84 rows=1079 width=121)
	        Sort Key: c
	        ->  Bitmap Heap Scan on sbtest5  (cost=27.49..4162.78 rows=1079 width=121)
	              Recheck Cond: ((id >= 9763773) AND (id <= 9764772))
	              ->  Bitmap Index Scan on sbtest5_pkey  (cost=0.00..27.22 rows=1079 width=0)
	                    Index Cond: ((id >= 9763773) AND (id <= 9764772))

table 6 : explain SELECT DISTINCT c FROM sbtest6 WHERE id BETWEEN 3468661 AND 3469660 ORDER BY c
	Unique  (cost=3948.90..3953.95 rows=1010 width=121)
	  ->  Sort  (cost=3948.90..3951.43 rows=1010 width=121)
	        Sort Key: c
	        ->  Bitmap Heap Scan on sbtest6  (cost=22.79..3898.50 rows=1010 width=121)
	              Recheck Cond: ((id >= 3468661) AND (id <= 3469660))
	              ->  Bitmap Index Scan on sbtest6_pkey  (cost=0.00..22.54 rows=1010 width=0)
	                    Index Cond: ((id >= 3468661) AND (id <= 3469660))

table 7 : explain SELECT DISTINCT c FROM sbtest7 WHERE id BETWEEN 5225290 AND 5226289 ORDER BY c
	Unique  (cost=3952.68..3957.74 rows=1011 width=121)
	  ->  Sort  (cost=3952.68..3955.21 rows=1011 width=121)
	        Sort Key: c
	        ->  Bitmap Heap Scan on sbtest7  (cost=22.80..3902.23 rows=1011 width=121)
	              Recheck Cond: ((id >= 5225290) AND (id <= 5226289))
	              ->  Bitmap Index Scan on sbtest7_pkey  (cost=0.00..22.54 rows=1011 width=0)
	                    Index Cond: ((id >= 5225290) AND (id <= 5226289))

table 8 : explain SELECT DISTINCT c FROM sbtest8 WHERE id BETWEEN 8903557 AND 8904556 ORDER BY c
	Unique  (cost=3416.70..3421.06 rows=871 width=121)
	  ->  Sort  (cost=3416.70..3418.88 rows=871 width=121)
	        Sort Key: c
	        ->  Bitmap Heap Scan on sbtest8  (cost=21.36..3374.17 rows=871 width=121)
	              Recheck Cond: ((id >= 8903557) AND (id <= 8904556))
	              ->  Bitmap Index Scan on sbtest8_pkey  (cost=0.00..21.14 rows=871 width=0)
	                    Index Cond: ((id >= 8903557) AND (id <= 8904556))

for: distinct_ranges
table 1 : explain SELECT DISTINCT c FROM sbtest1 WHERE id BETWEEN 7536623 AND 7537622 ORDER BY c
	Unique  (cost=3910.50..3915.50 rows=1000 width=121)
	  ->  Sort  (cost=3910.50..3913.00 rows=1000 width=121)
	        Sort Key: c
	        ->  Bitmap Heap Scan on sbtest1  (cost=22.68..3860.67 rows=1000 width=121)
	              Recheck Cond: ((id >= 7536623) AND (id <= 7537622))
	              ->  Bitmap Index Scan on sbtest1_pkey  (cost=0.00..22.43 rows=1000 width=0)
	                    Index Cond: ((id >= 7536623) AND (id <= 7537622))

table 2 : explain SELECT DISTINCT c FROM sbtest2 WHERE id BETWEEN 8850338 AND 8851337 ORDER BY c
	Unique  (cost=4037.55..4042.72 rows=1033 width=121)
	  ->  Sort  (cost=4037.55..4040.14 rows=1033 width=121)
	        Sort Key: c
	        ->  Bitmap Heap Scan on sbtest2  (cost=23.02..3985.84 rows=1033 width=121)
	              Recheck Cond: ((id >= 8850338) AND (id <= 8851337))
	              ->  Bitmap Index Scan on sbtest2_pkey  (cost=0.00..22.76 rows=1033 width=0)
	                    Index Cond: ((id >= 8850338) AND (id <= 8851337))

table 3 : explain SELECT DISTINCT c FROM sbtest3 WHERE id BETWEEN 6872194 AND 6873193 ORDER BY c
	Unique  (cost=3768.19..3773.01 rows=963 width=121)
	  ->  Sort  (cost=3768.19..3770.60 rows=963 width=121)
	        Sort Key: c
	        ->  Bitmap Heap Scan on sbtest3  (cost=22.31..3720.47 rows=963 width=121)
	              Recheck Cond: ((id >= 6872194) AND (id <= 6873193))
	              ->  Bitmap Index Scan on sbtest3_pkey  (cost=0.00..22.07 rows=963 width=0)
	                    Index Cond: ((id >= 6872194) AND (id <= 6873193))

table 4 : explain SELECT DISTINCT c FROM sbtest4 WHERE id BETWEEN 2754538 AND 2755537 ORDER BY c
	Unique  (cost=3715.35..3720.09 rows=949 width=121)
	  ->  Sort  (cost=3715.35..3717.72 rows=949 width=121)
	        Sort Key: c
	        ->  Bitmap Heap Scan on sbtest4  (cost=22.16..3668.42 rows=949 width=121)
	              Recheck Cond: ((id >= 2754538) AND (id <= 2755537))
	              ->  Bitmap Index Scan on sbtest4_pkey  (cost=0.00..21.93 rows=949 width=0)
	                    Index Cond: ((id >= 2754538) AND (id <= 2755537))

table 5 : explain SELECT DISTINCT c FROM sbtest5 WHERE id BETWEEN 7887192 AND 7888191 ORDER BY c
	Unique  (cost=4133.19..4138.48 rows=1057 width=121)
	  ->  Sort  (cost=4133.19..4135.84 rows=1057 width=121)
	        Sort Key: c
	        ->  Bitmap Heap Scan on sbtest5  (cost=27.27..4080.10 rows=1057 width=121)
	              Recheck Cond: ((id >= 7887192) AND (id <= 7888191))
	              ->  Bitmap Index Scan on sbtest5_pkey  (cost=0.00..27.00 rows=1057 width=0)
	                    Index Cond: ((id >= 7887192) AND (id <= 7888191))

table 6 : explain SELECT DISTINCT c FROM sbtest6 WHERE id BETWEEN 4490605 AND 4491604 ORDER BY c
	Unique  (cost=3922.15..3927.16 rows=1003 width=121)
	  ->  Sort  (cost=3922.15..3924.65 rows=1003 width=121)
	        Sort Key: c
	        ->  Bitmap Heap Scan on sbtest6  (cost=22.72..3872.15 rows=1003 width=121)
	              Recheck Cond: ((id >= 4490605) AND (id <= 4491604))
	              ->  Bitmap Index Scan on sbtest6_pkey  (cost=0.00..22.46 rows=1003 width=0)
	                    Index Cond: ((id >= 4490605) AND (id <= 4491604))

table 7 : explain SELECT DISTINCT c FROM sbtest7 WHERE id BETWEEN 4377409 AND 4378408 ORDER BY c
	Unique  (cost=3669.56..3674.25 rows=937 width=121)
	  ->  Sort  (cost=3669.56..3671.91 rows=937 width=121)
	        Sort Key: c
	        ->  Bitmap Heap Scan on sbtest7  (cost=22.04..3623.31 rows=937 width=121)
	              Recheck Cond: ((id >= 4377409) AND (id <= 4378408))
	              ->  Bitmap Index Scan on sbtest7_pkey  (cost=0.00..21.80 rows=937 width=0)
	                    Index Cond: ((id >= 4377409) AND (id <= 4378408))

table 8 : explain SELECT DISTINCT c FROM sbtest8 WHERE id BETWEEN 821553 AND 822552 ORDER BY c
	Unique  (cost=3937.69..3942.73 rows=1007 width=121)
	  ->  Sort  (cost=3937.69..3940.21 rows=1007 width=121)
	        Sort Key: c
	        ->  Bitmap Heap Scan on sbtest8  (cost=22.76..3887.46 rows=1007 width=121)
	              Recheck Cond: ((id >= 821553) AND (id <= 822552))
	              ->  Bitmap Index Scan on sbtest8_pkey  (cost=0.00..22.50 rows=1007 width=0)
	                    Index Cond: ((id >= 821553) AND (id <= 822552))

for: simple_ranges
table 1 : explain SELECT c FROM sbtest1 WHERE id BETWEEN 5468699 AND 5469698
	Bitmap Heap Scan on sbtest1  (cost=21.72..3506.13 rows=906 width=121)
	  Recheck Cond: ((id >= 5468699) AND (id <= 5469698))
	  ->  Bitmap Index Scan on sbtest1_pkey  (cost=0.00..21.50 rows=906 width=0)
	        Index Cond: ((id >= 5468699) AND (id <= 5469698))

table 2 : explain SELECT c FROM sbtest2 WHERE id BETWEEN 7764951 AND 7765950
	Bitmap Heap Scan on sbtest2  (cost=22.92..3948.20 rows=1023 width=121)
	  Recheck Cond: ((id >= 7764951) AND (id <= 7765950))
	  ->  Bitmap Index Scan on sbtest2_pkey  (cost=0.00..22.66 rows=1023 width=0)
	        Index Cond: ((id >= 7764951) AND (id <= 7765950))

table 3 : explain SELECT c FROM sbtest3 WHERE id BETWEEN 2017859 AND 2018858
	Bitmap Heap Scan on sbtest3  (cost=27.83..4280.90 rows=1112 width=121)
	  Recheck Cond: ((id >= 2017859) AND (id <= 2018858))
	  ->  Bitmap Index Scan on sbtest3_pkey  (cost=0.00..27.55 rows=1112 width=0)
	        Index Cond: ((id >= 2017859) AND (id <= 2018858))

table 4 : explain SELECT c FROM sbtest4 WHERE id BETWEEN 9629584 AND 9630583
	Bitmap Heap Scan on sbtest4  (cost=22.14..3660.87 rows=947 width=121)
	  Recheck Cond: ((id >= 9629584) AND (id <= 9630583))
	  ->  Bitmap Index Scan on sbtest4_pkey  (cost=0.00..21.90 rows=947 width=0)
	        Index Cond: ((id >= 9629584) AND (id <= 9630583))

table 5 : explain SELECT c FROM sbtest5 WHERE id BETWEEN 8387322 AND 8388321
	Bitmap Heap Scan on sbtest5  (cost=22.08..3639.13 rows=941 width=121)
	  Recheck Cond: ((id >= 8387322) AND (id <= 8388321))
	  ->  Bitmap Index Scan on sbtest5_pkey  (cost=0.00..21.84 rows=941 width=0)
	        Index Cond: ((id >= 8387322) AND (id <= 8388321))

table 6 : explain SELECT c FROM sbtest6 WHERE id BETWEEN 5936150 AND 5937149
	Bitmap Heap Scan on sbtest6  (cost=21.57..3449.60 rows=891 width=121)
	  Recheck Cond: ((id >= 5936150) AND (id <= 5937149))
	  ->  Bitmap Index Scan on sbtest6_pkey  (cost=0.00..21.34 rows=891 width=0)
	        Index Cond: ((id >= 5936150) AND (id <= 5937149))

table 7 : explain SELECT c FROM sbtest7 WHERE id BETWEEN 848716 AND 849715
	Bitmap Heap Scan on sbtest7  (cost=23.16..4033.90 rows=1046 width=121)
	  Recheck Cond: ((id >= 848716) AND (id <= 849715))
	  ->  Bitmap Index Scan on sbtest7_pkey  (cost=0.00..22.89 rows=1046 width=0)
	        Index Cond: ((id >= 848716) AND (id <= 849715))

table 8 : explain SELECT c FROM sbtest8 WHERE id BETWEEN 5686891 AND 5687890
	Bitmap Heap Scan on sbtest8  (cost=22.71..3868.64 rows=1002 width=121)
	  Recheck Cond: ((id >= 5686891) AND (id <= 5687890))
	  ->  Bitmap Index Scan on sbtest8_pkey  (cost=0.00..22.45 rows=1002 width=0)
	        Index Cond: ((id >= 5686891) AND (id <= 5687890))

for point_selects
table 1 : explain SELECT c FROM sbtest1 WHERE id=1220273
	Index Scan using sbtest1_pkey on sbtest1  (cost=0.43..8.45 rows=1 width=121)
	  Index Cond: (id = 1220273)

table 2 : explain SELECT c FROM sbtest2 WHERE id=3786543
	Index Scan using sbtest2_pkey on sbtest2  (cost=0.43..8.45 rows=1 width=121)
	  Index Cond: (id = 3786543)

table 3 : explain SELECT c FROM sbtest3 WHERE id=8601040
	Index Scan using sbtest3_pkey on sbtest3  (cost=0.43..8.45 rows=1 width=121)
	  Index Cond: (id = 8601040)

table 4 : explain SELECT c FROM sbtest4 WHERE id=1304890
	Index Scan using sbtest4_pkey on sbtest4  (cost=0.43..8.45 rows=1 width=121)
	  Index Cond: (id = 1304890)

table 5 : explain SELECT c FROM sbtest5 WHERE id=7276930
	Index Scan using sbtest5_pkey on sbtest5  (cost=0.43..8.45 rows=1 width=121)
	  Index Cond: (id = 7276930)

table 6 : explain SELECT c FROM sbtest6 WHERE id=2290238
	Index Scan using sbtest6_pkey on sbtest6  (cost=0.43..8.45 rows=1 width=121)
	  Index Cond: (id = 2290238)

table 7 : explain SELECT c FROM sbtest7 WHERE id=2858298
	Index Scan using sbtest7_pkey on sbtest7  (cost=0.43..8.45 rows=1 width=121)
	  Index Cond: (id = 2858298)

table 8 : explain SELECT c FROM sbtest8 WHERE id=8145990
	Index Scan using sbtest8_pkey on sbtest8  (cost=0.43..8.45 rows=1 width=121)
	  Index Cond: (id = 8145990)

for point_selects
table 1 : explain SELECT c FROM sbtest1 WHERE id=8547377
	Index Scan using sbtest1_pkey on sbtest1  (cost=0.43..8.45 rows=1 width=121)
	  Index Cond: (id = 8547377)

table 2 : explain SELECT c FROM sbtest2 WHERE id=7444978
	Index Scan using sbtest2_pkey on sbtest2  (cost=0.43..8.45 rows=1 width=121)
	  Index Cond: (id = 7444978)

table 3 : explain SELECT c FROM sbtest3 WHERE id=2941821
	Index Scan using sbtest3_pkey on sbtest3  (cost=0.43..8.45 rows=1 width=121)
	  Index Cond: (id = 2941821)

table 4 : explain SELECT c FROM sbtest4 WHERE id=3717515
	Index Scan using sbtest4_pkey on sbtest4  (cost=0.43..8.45 rows=1 width=121)
	  Index Cond: (id = 3717515)

table 5 : explain SELECT c FROM sbtest5 WHERE id=2869073
	Index Scan using sbtest5_pkey on sbtest5  (cost=0.43..8.45 rows=1 width=121)
	  Index Cond: (id = 2869073)

table 6 : explain SELECT c FROM sbtest6 WHERE id=3447651
	Index Scan using sbtest6_pkey on sbtest6  (cost=0.43..8.45 rows=1 width=121)
	  Index Cond: (id = 3447651)

table 7 : explain SELECT c FROM sbtest7 WHERE id=9014016
	Index Scan using sbtest7_pkey on sbtest7  (cost=0.43..8.45 rows=1 width=121)
	  Index Cond: (id = 9014016)

table 8 : explain SELECT c FROM sbtest8 WHERE id=8191627
	Index Scan using sbtest8_pkey on sbtest8  (cost=0.43..8.45 rows=1 width=121)
	  Index Cond: (id = 8191627)

for point_selects
table 1 : explain SELECT c FROM sbtest1 WHERE id=5642448
	Index Scan using sbtest1_pkey on sbtest1  (cost=0.43..8.45 rows=1 width=121)
	  Index Cond: (id = 5642448)

table 2 : explain SELECT c FROM sbtest2 WHERE id=1659329
	Index Scan using sbtest2_pkey on sbtest2  (cost=0.43..8.45 rows=1 width=121)
	  Index Cond: (id = 1659329)

table 3 : explain SELECT c FROM sbtest3 WHERE id=3907557
	Index Scan using sbtest3_pkey on sbtest3  (cost=0.43..8.45 rows=1 width=121)
	  Index Cond: (id = 3907557)

table 4 : explain SELECT c FROM sbtest4 WHERE id=3560757
	Index Scan using sbtest4_pkey on sbtest4  (cost=0.43..8.45 rows=1 width=121)
	  Index Cond: (id = 3560757)

table 5 : explain SELECT c FROM sbtest5 WHERE id=4116474
	Index Scan using sbtest5_pkey on sbtest5  (cost=0.43..8.45 rows=1 width=121)
	  Index Cond: (id = 4116474)

table 6 : explain SELECT c FROM sbtest6 WHERE id=6206500
	Index Scan using sbtest6_pkey on sbtest6  (cost=0.43..8.45 rows=1 width=121)
	  Index Cond: (id = 6206500)

table 7 : explain SELECT c FROM sbtest7 WHERE id=4066268
	Index Scan using sbtest7_pkey on sbtest7  (cost=0.43..8.45 rows=1 width=121)
	  Index Cond: (id = 4066268)

table 8 : explain SELECT c FROM sbtest8 WHERE id=7086068
	Index Scan using sbtest8_pkey on sbtest8  (cost=0.43..8.45 rows=1 width=121)
	  Index Cond: (id = 7086068)

for: sum_ranges
table 1 : explain SELECT SUM(k) FROM sbtest1 WHERE id BETWEEN 707671 AND 708670
	Aggregate  (cost=3923.44..3923.45 rows=1 width=8)
	  ->  Bitmap Heap Scan on sbtest1  (cost=22.85..3920.90 rows=1016 width=4)
	        Recheck Cond: ((id >= 707671) AND (id <= 708670))
	        ->  Bitmap Index Scan on sbtest1_pkey  (cost=0.00..22.59 rows=1016 width=0)
	              Index Cond: ((id >= 707671) AND (id <= 708670))

table 2 : explain SELECT SUM(k) FROM sbtest2 WHERE id BETWEEN 3703606 AND 3704605
	Aggregate  (cost=4112.84..4112.85 rows=1 width=8)
	  ->  Bitmap Heap Scan on sbtest2  (cost=27.35..4110.18 rows=1065 width=4)
	        Recheck Cond: ((id >= 3703606) AND (id <= 3704605))
	        ->  Bitmap Index Scan on sbtest2_pkey  (cost=0.00..27.08 rows=1065 width=0)
	              Index Cond: ((id >= 3703606) AND (id <= 3704605))

table 3 : explain SELECT SUM(k) FROM sbtest3 WHERE id BETWEEN 6158438 AND 6159437
	Aggregate  (cost=3658.74..3658.75 rows=1 width=8)
	  ->  Bitmap Heap Scan on sbtest3  (cost=22.13..3656.38 rows=946 width=4)
	        Recheck Cond: ((id >= 6158438) AND (id <= 6159437))
	        ->  Bitmap Index Scan on sbtest3_pkey  (cost=0.00..21.89 rows=946 width=0)
	              Index Cond: ((id >= 6158438) AND (id <= 6159437))

table 4 : explain SELECT SUM(k) FROM sbtest4 WHERE id BETWEEN 1797711 AND 1798710
	Aggregate  (cost=3795.28..3795.29 rows=1 width=8)
	  ->  Bitmap Heap Scan on sbtest4  (cost=22.50..3792.83 rows=982 width=4)
	        Recheck Cond: ((id >= 1797711) AND (id <= 1798710))
	        ->  Bitmap Index Scan on sbtest4_pkey  (cost=0.00..22.25 rows=982 width=0)
	              Index Cond: ((id >= 1797711) AND (id <= 1798710))

table 5 : explain SELECT SUM(k) FROM sbtest5 WHERE id BETWEEN 7037510 AND 7038509
	Aggregate  (cost=3871.87..3871.88 rows=1 width=8)
	  ->  Bitmap Heap Scan on sbtest5  (cost=26.70..3869.37 rows=1001 width=4)
	        Recheck Cond: ((id >= 7037510) AND (id <= 7038509))
	        ->  Bitmap Index Scan on sbtest5_pkey  (cost=0.00..26.44 rows=1001 width=0)
	              Index Cond: ((id >= 7037510) AND (id <= 7038509))

table 6 : explain SELECT SUM(k) FROM sbtest6 WHERE id BETWEEN 5328197 AND 5329196
	Aggregate  (cost=3855.81..3855.82 rows=1 width=8)
	  ->  Bitmap Heap Scan on sbtest6  (cost=22.66..3853.32 rows=998 width=4)
	        Recheck Cond: ((id >= 5328197) AND (id <= 5329196))
	        ->  Bitmap Index Scan on sbtest6_pkey  (cost=0.00..22.41 rows=998 width=0)
	              Index Cond: ((id >= 5328197) AND (id <= 5329196))

table 7 : explain SELECT SUM(k) FROM sbtest7 WHERE id BETWEEN 5784063 AND 5785062
	Aggregate  (cost=4017.70..4017.71 rows=1 width=8)
	  ->  Bitmap Heap Scan on sbtest7  (cost=23.11..4015.10 rows=1041 width=4)
	        Recheck Cond: ((id >= 5784063) AND (id <= 5785062))
	        ->  Bitmap Index Scan on sbtest7_pkey  (cost=0.00..22.84 rows=1041 width=0)
	              Index Cond: ((id >= 5784063) AND (id <= 5785062))

table 8 : explain SELECT SUM(k) FROM sbtest8 WHERE id BETWEEN 9224844 AND 9225843
	Aggregate  (cost=3852.30..3852.31 rows=1 width=8)
	  ->  Bitmap Heap Scan on sbtest8  (cost=22.65..3849.81 rows=997 width=4)
	        Recheck Cond: ((id >= 9224844) AND (id <= 9225843))
	        ->  Bitmap Index Scan on sbtest8_pkey  (cost=0.00..22.40 rows=997 width=0)
	              Index Cond: ((id >= 9224844) AND (id <= 9225843))

for: order_ranges
table 1 : explain SELECT c FROM sbtest1 WHERE id BETWEEN 2471596 AND 2472595 ORDER BY c
	Sort  (cost=3872.27..3874.74 rows=990 width=121)
	  Sort Key: c
	  ->  Bitmap Heap Scan on sbtest1  (cost=22.58..3823.01 rows=990 width=121)
	        Recheck Cond: ((id >= 2471596) AND (id <= 2472595))
	        ->  Bitmap Index Scan on sbtest1_pkey  (cost=0.00..22.33 rows=990 width=0)
	              Index Cond: ((id >= 2471596) AND (id <= 2472595))

table 2 : explain SELECT c FROM sbtest2 WHERE id BETWEEN 7051510 AND 7052509 ORDER BY c
	Sort  (cost=3854.06..3856.52 rows=985 width=121)
	  Sort Key: c
	  ->  Bitmap Heap Scan on sbtest2  (cost=22.53..3805.08 rows=985 width=121)
	        Recheck Cond: ((id >= 7051510) AND (id <= 7052509))
	        ->  Bitmap Index Scan on sbtest2_pkey  (cost=0.00..22.29 rows=985 width=0)
	              Index Cond: ((id >= 7051510) AND (id <= 7052509))

table 3 : explain SELECT c FROM sbtest3 WHERE id BETWEEN 5515521 AND 5516520 ORDER BY c
	Sort  (cost=4637.62..4640.60 rows=1191 width=121)
	  Sort Key: c
	  ->  Bitmap Heap Scan on sbtest3  (cost=28.64..4576.77 rows=1191 width=121)
	        Recheck Cond: ((id >= 5515521) AND (id <= 5516520))
	        ->  Bitmap Index Scan on sbtest3_pkey  (cost=0.00..28.34 rows=1191 width=0)
	              Index Cond: ((id >= 5515521) AND (id <= 5516520))

table 4 : explain SELECT c FROM sbtest4 WHERE id BETWEEN 8785308 AND 8786307 ORDER BY c
	Sort  (cost=3585.10..3587.38 rows=915 width=121)
	  Sort Key: c
	  ->  Bitmap Heap Scan on sbtest4  (cost=21.81..3540.09 rows=915 width=121)
	        Recheck Cond: ((id >= 8785308) AND (id <= 8786307))
	        ->  Bitmap Index Scan on sbtest4_pkey  (cost=0.00..21.58 rows=915 width=0)
	              Index Cond: ((id >= 8785308) AND (id <= 8786307))

table 5 : explain SELECT c FROM sbtest5 WHERE id BETWEEN 6686001 AND 6687000 ORDER BY c
	Sort  (cost=3754.54..3756.94 rows=959 width=121)
	  Sort Key: c
	  ->  Bitmap Heap Scan on sbtest5  (cost=22.26..3707.05 rows=959 width=121)
	        Recheck Cond: ((id >= 6686001) AND (id <= 6687000))
	        ->  Bitmap Index Scan on sbtest5_pkey  (cost=0.00..22.02 rows=959 width=0)
	              Index Cond: ((id >= 6686001) AND (id <= 6687000))

table 6 : explain SELECT c FROM sbtest6 WHERE id BETWEEN 4355810 AND 4356809 ORDER BY c
	Sort  (cost=3815.07..3817.51 rows=975 width=121)
	  Sort Key: c
	  ->  Bitmap Heap Scan on sbtest6  (cost=22.43..3766.67 rows=975 width=121)
	        Recheck Cond: ((id >= 4355810) AND (id <= 4356809))
	        ->  Bitmap Index Scan on sbtest6_pkey  (cost=0.00..22.18 rows=975 width=0)
	              Index Cond: ((id >= 4355810) AND (id <= 4356809))

table 7 : explain SELECT c FROM sbtest7 WHERE id BETWEEN 7942021 AND 7943020 ORDER BY c
	Sort  (cost=3458.69..3460.89 rows=882 width=121)
	  Sort Key: c
	  ->  Bitmap Heap Scan on sbtest7  (cost=21.48..3415.54 rows=882 width=121)
	        Recheck Cond: ((id >= 7942021) AND (id <= 7943020))
	        ->  Bitmap Index Scan on sbtest7_pkey  (cost=0.00..21.25 rows=882 width=0)
	              Index Cond: ((id >= 7942021) AND (id <= 7943020))

table 8 : explain SELECT c FROM sbtest8 WHERE id BETWEEN 3272193 AND 3273192 ORDER BY c
	Sort  (cost=3899.46..3901.96 rows=997 width=121)
	  Sort Key: c
	  ->  Bitmap Heap Scan on sbtest8  (cost=22.65..3849.81 rows=997 width=121)
	        Recheck Cond: ((id >= 3272193) AND (id <= 3273192))
	        ->  Bitmap Index Scan on sbtest8_pkey  (cost=0.00..22.40 rows=997 width=0)
	              Index Cond: ((id >= 3272193) AND (id <= 3273192))

for: order_ranges
table 1 : explain SELECT c FROM sbtest1 WHERE id BETWEEN 1435498 AND 1436497 ORDER BY c
	Sort  (cost=3887.56..3890.05 rows=994 width=121)
	  Sort Key: c
	  ->  Bitmap Heap Scan on sbtest1  (cost=22.62..3838.08 rows=994 width=121)
	        Recheck Cond: ((id >= 1435498) AND (id <= 1436497))
	        ->  Bitmap Index Scan on sbtest1_pkey  (cost=0.00..22.37 rows=994 width=0)
	              Index Cond: ((id >= 1435498) AND (id <= 1436497))

table 2 : explain SELECT c FROM sbtest2 WHERE id BETWEEN 7552654 AND 7553653 ORDER BY c
	Sort  (cost=3999.35..4001.91 rows=1023 width=121)
	  Sort Key: c
	  ->  Bitmap Heap Scan on sbtest2  (cost=22.92..3948.20 rows=1023 width=121)
	        Recheck Cond: ((id >= 7552654) AND (id <= 7553653))
	        ->  Bitmap Index Scan on sbtest2_pkey  (cost=0.00..22.66 rows=1023 width=0)
	              Index Cond: ((id >= 7552654) AND (id <= 7553653))

table 3 : explain SELECT c FROM sbtest3 WHERE id BETWEEN 5876110 AND 5877109 ORDER BY c
	Sort  (cost=3768.19..3770.60 rows=963 width=121)
	  Sort Key: c
	  ->  Bitmap Heap Scan on sbtest3  (cost=22.31..3720.47 rows=963 width=121)
	        Recheck Cond: ((id >= 5876110) AND (id <= 5877109))
	        ->  Bitmap Index Scan on sbtest3_pkey  (cost=0.00..22.07 rows=963 width=0)
	              Index Cond: ((id >= 5876110) AND (id <= 5877109))

table 4 : explain SELECT c FROM sbtest4 WHERE id BETWEEN 1995499 AND 1996498 ORDER BY c
	Sort  (cost=3788.07..3790.49 rows=968 width=121)
	  Sort Key: c
	  ->  Bitmap Heap Scan on sbtest4  (cost=22.36..3740.06 rows=968 width=121)
	        Recheck Cond: ((id >= 1995499) AND (id <= 1996498))
	        ->  Bitmap Index Scan on sbtest4_pkey  (cost=0.00..22.11 rows=968 width=0)
	              Index Cond: ((id >= 1995499) AND (id <= 1996498))

table 5 : explain SELECT c FROM sbtest5 WHERE id BETWEEN 5989955 AND 5990954 ORDER BY c
	Sort  (cost=3834.92..3837.37 rows=980 width=121)
	  Sort Key: c
	  ->  Bitmap Heap Scan on sbtest5  (cost=22.48..3786.24 rows=980 width=121)
	        Recheck Cond: ((id >= 5989955) AND (id <= 5990954))
	        ->  Bitmap Index Scan on sbtest5_pkey  (cost=0.00..22.23 rows=980 width=0)
	              Index Cond: ((id >= 5989955) AND (id <= 5990954))

table 6 : explain SELECT c FROM sbtest6 WHERE id BETWEEN 3014225 AND 3015224 ORDER BY c
	Sort  (cost=3700.24..3702.60 rows=945 width=121)
	  Sort Key: c
	  ->  Bitmap Heap Scan on sbtest6  (cost=22.12..3653.54 rows=945 width=121)
	        Recheck Cond: ((id >= 3014225) AND (id <= 3015224))
	        ->  Bitmap Index Scan on sbtest6_pkey  (cost=0.00..21.89 rows=945 width=0)
	              Index Cond: ((id >= 3014225) AND (id <= 3015224))

table 7 : explain SELECT c FROM sbtest7 WHERE id BETWEEN 6742482 AND 6743481 ORDER BY c
	Sort  (cost=4025.27..4027.84 rows=1030 width=121)
	  Sort Key: c
	  ->  Bitmap Heap Scan on sbtest7  (cost=22.99..3973.72 rows=1030 width=121)
	        Recheck Cond: ((id >= 6742482) AND (id <= 6743481))
	        ->  Bitmap Index Scan on sbtest7_pkey  (cost=0.00..22.73 rows=1030 width=0)
	              Index Cond: ((id >= 6742482) AND (id <= 6743481))

table 8 : explain SELECT c FROM sbtest8 WHERE id BETWEEN 7808206 AND 7809205 ORDER BY c
	Sort  (cost=3777.05..3779.46 rows=965 width=121)
	  Sort Key: c
	  ->  Bitmap Heap Scan on sbtest8  (cost=22.33..3729.21 rows=965 width=121)
	        Recheck Cond: ((id >= 7808206) AND (id <= 7809205))
	        ->  Bitmap Index Scan on sbtest8_pkey  (cost=0.00..22.08 rows=965 width=0)
	              Index Cond: ((id >= 7808206) AND (id <= 7809205))

for: distinct_ranges
table 1 : explain SELECT DISTINCT c FROM sbtest1 WHERE id BETWEEN 2231715 AND 2232714 ORDER BY c
	Unique  (cost=3899.03..3904.02 rows=997 width=121)
	  ->  Sort  (cost=3899.03..3901.53 rows=997 width=121)
	        Sort Key: c
	        ->  Bitmap Heap Scan on sbtest1  (cost=22.65..3849.37 rows=997 width=121)
	              Recheck Cond: ((id >= 2231715) AND (id <= 2232714))
	              ->  Bitmap Index Scan on sbtest1_pkey  (cost=0.00..22.40 rows=997 width=0)
	                    Index Cond: ((id >= 2231715) AND (id <= 2232714))

table 2 : explain SELECT DISTINCT c FROM sbtest2 WHERE id BETWEEN 8298615 AND 8299614 ORDER BY c
	Unique  (cost=3727.74..3732.50 rows=952 width=121)
	  ->  Sort  (cost=3727.74..3730.12 rows=952 width=121)
	        Sort Key: c
	        ->  Bitmap Heap Scan on sbtest2  (cost=22.19..3680.64 rows=952 width=121)
	              Recheck Cond: ((id >= 8298615) AND (id <= 8299614))
	              ->  Bitmap Index Scan on sbtest2_pkey  (cost=0.00..21.95 rows=952 width=0)
	                    Index Cond: ((id >= 8298615) AND (id <= 8299614))

table 3 : explain SELECT DISTINCT c FROM sbtest3 WHERE id BETWEEN 6086268 AND 6087267 ORDER BY c
	Unique  (cost=3737.58..3742.36 rows=955 width=121)
	  ->  Sort  (cost=3737.58..3739.97 rows=955 width=121)
	        Sort Key: c
	        ->  Bitmap Heap Scan on sbtest3  (cost=22.22..3690.31 rows=955 width=121)
	              Recheck Cond: ((id >= 6086268) AND (id <= 6087267))
	              ->  Bitmap Index Scan on sbtest3_pkey  (cost=0.00..21.98 rows=955 width=0)
	                    Index Cond: ((id >= 6086268) AND (id <= 6087267))

table 4 : explain SELECT DISTINCT c FROM sbtest4 WHERE id BETWEEN 9735812 AND 9736811 ORDER BY c
	Unique  (cost=3895.16..3900.14 rows=996 width=121)
	  ->  Sort  (cost=3895.16..3897.65 rows=996 width=121)
	        Sort Key: c
	        ->  Bitmap Heap Scan on sbtest4  (cost=22.64..3845.56 rows=996 width=121)
	              Recheck Cond: ((id >= 9735812) AND (id <= 9736811))
	              ->  Bitmap Index Scan on sbtest4_pkey  (cost=0.00..22.39 rows=996 width=0)
	                    Index Cond: ((id >= 9735812) AND (id <= 9736811))

table 5 : explain SELECT DISTINCT c FROM sbtest5 WHERE id BETWEEN 6675432 AND 6676431 ORDER BY c
	Unique  (cost=3754.54..3759.34 rows=959 width=121)
	  ->  Sort  (cost=3754.54..3756.94 rows=959 width=121)
	        Sort Key: c
	        ->  Bitmap Heap Scan on sbtest5  (cost=22.26..3707.05 rows=959 width=121)
	              Recheck Cond: ((id >= 6675432) AND (id <= 6676431))
	              ->  Bitmap Index Scan on sbtest5_pkey  (cost=0.00..22.02 rows=959 width=0)
	                    Index Cond: ((id >= 6675432) AND (id <= 6676431))

table 6 : explain SELECT DISTINCT c FROM sbtest6 WHERE id BETWEEN 1182619 AND 1183618 ORDER BY c
	Unique  (cost=3619.79..3624.41 rows=924 width=121)
	  ->  Sort  (cost=3619.79..3622.10 rows=924 width=121)
	        Sort Key: c
	        ->  Bitmap Heap Scan on sbtest6  (cost=21.91..3574.27 rows=924 width=121)
	              Recheck Cond: ((id >= 1182619) AND (id <= 1183618))
	              ->  Bitmap Index Scan on sbtest6_pkey  (cost=0.00..21.68 rows=924 width=0)
	                    Index Cond: ((id >= 1182619) AND (id <= 1183618))

table 7 : explain SELECT DISTINCT c FROM sbtest7 WHERE id BETWEEN 7943949 AND 7944948 ORDER BY c
	Unique  (cost=3458.69..3463.10 rows=882 width=121)
	  ->  Sort  (cost=3458.69..3460.89 rows=882 width=121)
	        Sort Key: c
	        ->  Bitmap Heap Scan on sbtest7  (cost=21.48..3415.54 rows=882 width=121)
	              Recheck Cond: ((id >= 7943949) AND (id <= 7944948))
	              ->  Bitmap Index Scan on sbtest7_pkey  (cost=0.00..21.25 rows=882 width=0)
	                    Index Cond: ((id >= 7943949) AND (id <= 7944948))

table 8 : explain SELECT DISTINCT c FROM sbtest8 WHERE id BETWEEN 8886189 AND 8887188 ORDER BY c
	Unique  (cost=3416.70..3421.06 rows=871 width=121)
	  ->  Sort  (cost=3416.70..3418.88 rows=871 width=121)
	        Sort Key: c
	        ->  Bitmap Heap Scan on sbtest8  (cost=21.36..3374.17 rows=871 width=121)
	              Recheck Cond: ((id >= 8886189) AND (id <= 8887188))
	              ->  Bitmap Index Scan on sbtest8_pkey  (cost=0.00..21.14 rows=871 width=0)
	                    Index Cond: ((id >= 8886189) AND (id <= 8887188))

for: order_ranges
table 1 : explain SELECT c FROM sbtest1 WHERE id BETWEEN 897509 AND 898508 ORDER BY c
	Sort  (cost=4166.34..4169.00 rows=1067 width=121)
	  Sort Key: c
	  ->  Bitmap Heap Scan on sbtest1  (cost=23.37..4112.67 rows=1067 width=121)
	        Recheck Cond: ((id >= 897509) AND (id <= 898508))
	        ->  Bitmap Index Scan on sbtest1_pkey  (cost=0.00..23.11 rows=1067 width=0)
	              Index Cond: ((id >= 897509) AND (id <= 898508))

table 2 : explain SELECT c FROM sbtest2 WHERE id BETWEEN 310375 AND 311374 ORDER BY c
	Sort  (cost=3593.62..3595.91 rows=917 width=121)
	  Sort Key: c
	  ->  Bitmap Heap Scan on sbtest2  (cost=21.83..3548.50 rows=917 width=121)
	        Recheck Cond: ((id >= 310375) AND (id <= 311374))
	        ->  Bitmap Index Scan on sbtest2_pkey  (cost=0.00..21.61 rows=917 width=0)
	              Index Cond: ((id >= 310375) AND (id <= 311374))

table 3 : explain SELECT c FROM sbtest3 WHERE id BETWEEN 5386927 AND 5387926 ORDER BY c
	Sort  (cost=4054.78..4057.38 rows=1038 width=121)
	  Sort Key: c
	  ->  Bitmap Heap Scan on sbtest3  (cost=23.07..4002.78 rows=1038 width=121)
	        Recheck Cond: ((id >= 5386927) AND (id <= 5387926))
	        ->  Bitmap Index Scan on sbtest3_pkey  (cost=0.00..22.82 rows=1038 width=0)
	              Index Cond: ((id >= 5386927) AND (id <= 5387926))

table 4 : explain SELECT c FROM sbtest4 WHERE id BETWEEN 1814766 AND 1815765 ORDER BY c
	Sort  (cost=3841.63..3844.08 rows=982 width=121)
	  Sort Key: c
	  ->  Bitmap Heap Scan on sbtest4  (cost=22.50..3792.83 rows=982 width=121)
	        Recheck Cond: ((id >= 1814766) AND (id <= 1815765))
	        ->  Bitmap Index Scan on sbtest4_pkey  (cost=0.00..22.25 rows=982 width=0)
	              Index Cond: ((id >= 1814766) AND (id <= 1815765))

table 5 : explain SELECT c FROM sbtest5 WHERE id BETWEEN 1632479 AND 1633478 ORDER BY c
	Sort  (cost=4098.83..4101.45 rows=1048 width=121)
	  Sort Key: c
	  ->  Bitmap Heap Scan on sbtest5  (cost=27.18..4046.26 rows=1048 width=121)
	        Recheck Cond: ((id >= 1632479) AND (id <= 1633478))
	        ->  Bitmap Index Scan on sbtest5_pkey  (cost=0.00..26.91 rows=1048 width=0)
	              Index Cond: ((id >= 1632479) AND (id <= 1633478))

table 6 : explain SELECT c FROM sbtest6 WHERE id BETWEEN 6394362 AND 6395361 ORDER BY c
	Sort  (cost=3983.29..3985.84 rows=1019 width=121)
	  Sort Key: c
	  ->  Bitmap Heap Scan on sbtest6  (cost=22.88..3932.38 rows=1019 width=121)
	        Recheck Cond: ((id >= 6394362) AND (id <= 6395361))
	        ->  Bitmap Index Scan on sbtest6_pkey  (cost=0.00..22.62 rows=1019 width=0)
	              Index Cond: ((id >= 6394362) AND (id <= 6395361))

table 7 : explain SELECT c FROM sbtest7 WHERE id BETWEEN 4775041 AND 4776040 ORDER BY c
	Sort  (cost=3818.86..3821.30 rows=976 width=121)
	  Sort Key: c
	  ->  Bitmap Heap Scan on sbtest7  (cost=22.44..3770.40 rows=976 width=121)
	        Recheck Cond: ((id >= 4775041) AND (id <= 4776040))
	        ->  Bitmap Index Scan on sbtest7_pkey  (cost=0.00..22.19 rows=976 width=0)
	              Index Cond: ((id >= 4775041) AND (id <= 4776040))

table 8 : explain SELECT c FROM sbtest8 WHERE id BETWEEN 8980486 AND 8981485 ORDER BY c
	Sort  (cost=3960.62..3963.16 rows=1013 width=121)
	  Sort Key: c
	  ->  Bitmap Heap Scan on sbtest8  (cost=22.82..3910.05 rows=1013 width=121)
	        Recheck Cond: ((id >= 8980486) AND (id <= 8981485))
	        ->  Bitmap Index Scan on sbtest8_pkey  (cost=0.00..22.57 rows=1013 width=0)
	              Index Cond: ((id >= 8980486) AND (id <= 8981485))

for: order_ranges
table 1 : explain SELECT c FROM sbtest1 WHERE id BETWEEN 78728 AND 79727 ORDER BY c
	Sort  (cost=3631.13..3633.44 rows=927 width=121)
	  Sort Key: c
	  ->  Bitmap Heap Scan on sbtest1  (cost=21.94..3585.44 rows=927 width=121)
	        Recheck Cond: ((id >= 78728) AND (id <= 79727))
	        ->  Bitmap Index Scan on sbtest1_pkey  (cost=0.00..21.70 rows=927 width=0)
	              Index Cond: ((id >= 78728) AND (id <= 79727))

table 2 : explain SELECT c FROM sbtest2 WHERE id BETWEEN 4686360 AND 4687359 ORDER BY c
	Sort  (cost=4281.97..4284.71 rows=1096 width=121)
	  Sort Key: c
	  ->  Bitmap Heap Scan on sbtest2  (cost=27.67..4226.63 rows=1096 width=121)
	        Recheck Cond: ((id >= 4686360) AND (id <= 4687359))
	        ->  Bitmap Index Scan on sbtest2_pkey  (cost=0.00..27.39 rows=1096 width=0)
	              Index Cond: ((id >= 4686360) AND (id <= 4687359))

table 3 : explain SELECT c FROM sbtest3 WHERE id BETWEEN 1373992 AND 1374991 ORDER BY c
	Sort  (cost=3951.69..3954.22 rows=1011 width=121)
	  Sort Key: c
	  ->  Bitmap Heap Scan on sbtest3  (cost=22.80..3901.23 rows=1011 width=121)
	        Recheck Cond: ((id >= 1373992) AND (id <= 1374991))
	        ->  Bitmap Index Scan on sbtest3_pkey  (cost=0.00..22.54 rows=1011 width=0)
	              Index Cond: ((id >= 1373992) AND (id <= 1374991))

table 4 : explain SELECT c FROM sbtest4 WHERE id BETWEEN 5494940 AND 5495939 ORDER BY c
	Sort  (cost=3527.58..3529.83 rows=900 width=121)
	  Sort Key: c
	  ->  Bitmap Heap Scan on sbtest4  (cost=21.66..3483.42 rows=900 width=121)
	        Recheck Cond: ((id >= 5494940) AND (id <= 5495939))
	        ->  Bitmap Index Scan on sbtest4_pkey  (cost=0.00..21.43 rows=900 width=0)
	              Index Cond: ((id >= 5494940) AND (id <= 5495939))

table 5 : explain SELECT c FROM sbtest5 WHERE id BETWEEN 402513 AND 403512 ORDER BY c
	Sort  (cost=3834.92..3837.37 rows=980 width=121)
	  Sort Key: c
	  ->  Bitmap Heap Scan on sbtest5  (cost=22.48..3786.24 rows=980 width=121)
	        Recheck Cond: ((id >= 402513) AND (id <= 403512))
	        ->  Bitmap Index Scan on sbtest5_pkey  (cost=0.00..22.23 rows=980 width=0)
	              Index Cond: ((id >= 402513) AND (id <= 403512))

table 6 : explain SELECT c FROM sbtest6 WHERE id BETWEEN 3842965 AND 3843964 ORDER BY c
	Sort  (cost=3562.29..3564.56 rows=909 width=121)
	  Sort Key: c
	  ->  Bitmap Heap Scan on sbtest6  (cost=21.75..3517.62 rows=909 width=121)
	        Recheck Cond: ((id >= 3842965) AND (id <= 3843964))
	        ->  Bitmap Index Scan on sbtest6_pkey  (cost=0.00..21.52 rows=909 width=0)
	              Index Cond: ((id >= 3842965) AND (id <= 3843964))

table 7 : explain SELECT c FROM sbtest7 WHERE id BETWEEN 5255511 AND 5256510 ORDER BY c
	Sort  (cost=4040.54..4043.13 rows=1034 width=121)
	  Sort Key: c
	  ->  Bitmap Heap Scan on sbtest7  (cost=23.03..3988.77 rows=1034 width=121)
	        Recheck Cond: ((id >= 5255511) AND (id <= 5256510))
	        ->  Bitmap Index Scan on sbtest7_pkey  (cost=0.00..22.77 rows=1034 width=0)
	              Index Cond: ((id >= 5255511) AND (id <= 5256510))

table 8 : explain SELECT c FROM sbtest8 WHERE id BETWEEN 656413 AND 657412 ORDER BY c
	Sort  (cost=3800.01..3802.44 rows=971 width=121)
	  Sort Key: c
	  ->  Bitmap Heap Scan on sbtest8  (cost=22.39..3751.83 rows=971 width=121)
	        Recheck Cond: ((id >= 656413) AND (id <= 657412))
	        ->  Bitmap Index Scan on sbtest8_pkey  (cost=0.00..22.14 rows=971 width=0)
	              Index Cond: ((id >= 656413) AND (id <= 657412))

for: order_ranges
table 1 : explain SELECT c FROM sbtest1 WHERE id BETWEEN 9234860 AND 9235859 ORDER BY c
	Sort  (cost=4021.30..4023.87 rows=1029 width=121)
	  Sort Key: c
	  ->  Bitmap Heap Scan on sbtest1  (cost=22.98..3969.82 rows=1029 width=121)
	        Recheck Cond: ((id >= 9234860) AND (id <= 9235859))
	        ->  Bitmap Index Scan on sbtest1_pkey  (cost=0.00..22.72 rows=1029 width=0)
	              Index Cond: ((id >= 9234860) AND (id <= 9235859))

table 2 : explain SELECT c FROM sbtest2 WHERE id BETWEEN 5321811 AND 5322810 ORDER BY c
	Sort  (cost=4098.66..4101.28 rows=1049 width=121)
	  Sort Key: c
	  ->  Bitmap Heap Scan on sbtest2  (cost=23.19..4046.02 rows=1049 width=121)
	        Recheck Cond: ((id >= 5321811) AND (id <= 5322810))
	        ->  Bitmap Index Scan on sbtest2_pkey  (cost=0.00..22.93 rows=1049 width=0)
	              Index Cond: ((id >= 5321811) AND (id <= 5322810))

table 3 : explain SELECT c FROM sbtest3 WHERE id BETWEEN 1193047 AND 1194046 ORDER BY c
	Sort  (cost=3970.79..3973.33 rows=1016 width=121)
	  Sort Key: c
	  ->  Bitmap Heap Scan on sbtest3  (cost=22.85..3920.05 rows=1016 width=121)
	        Recheck Cond: ((id >= 1193047) AND (id <= 1194046))
	        ->  Bitmap Index Scan on sbtest3_pkey  (cost=0.00..22.59 rows=1016 width=0)
	              Index Cond: ((id >= 1193047) AND (id <= 1194046))

table 4 : explain SELECT c FROM sbtest4 WHERE id BETWEEN 9516929 AND 9517928 ORDER BY c
	Sort  (cost=3944.85..3947.37 rows=1009 width=121)
	  Sort Key: c
	  ->  Bitmap Heap Scan on sbtest4  (cost=22.78..3894.51 rows=1009 width=121)
	        Recheck Cond: ((id >= 9516929) AND (id <= 9517928))
	        ->  Bitmap Index Scan on sbtest4_pkey  (cost=0.00..22.52 rows=1009 width=0)
	              Index Cond: ((id >= 9516929) AND (id <= 9517928))

table 5 : explain SELECT c FROM sbtest5 WHERE id BETWEEN 4356319 AND 4357318 ORDER BY c
	Sort  (cost=3811.96..3814.40 rows=974 width=121)
	  Sort Key: c
	  ->  Bitmap Heap Scan on sbtest5  (cost=22.42..3763.62 rows=974 width=121)
	        Recheck Cond: ((id >= 4356319) AND (id <= 4357318))
	        ->  Bitmap Index Scan on sbtest5_pkey  (cost=0.00..22.18 rows=974 width=0)
	              Index Cond: ((id >= 4356319) AND (id <= 4357318))

table 6 : explain SELECT c FROM sbtest6 WHERE id BETWEEN 8846710 AND 8847709 ORDER BY c
	Sort  (cost=3734.70..3737.09 rows=954 width=121)
	  Sort Key: c
	  ->  Bitmap Heap Scan on sbtest6  (cost=22.21..3687.49 rows=954 width=121)
	        Recheck Cond: ((id >= 8846710) AND (id <= 8847709))
	        ->  Bitmap Index Scan on sbtest6_pkey  (cost=0.00..21.97 rows=954 width=0)
	              Index Cond: ((id >= 8846710) AND (id <= 8847709))

table 7 : explain SELECT c FROM sbtest7 WHERE id BETWEEN 1402976 AND 1403975 ORDER BY c
	Sort  (cost=3765.29..3767.69 rows=962 width=121)
	  Sort Key: c
	  ->  Bitmap Heap Scan on sbtest7  (cost=22.30..3717.62 rows=962 width=121)
	        Recheck Cond: ((id >= 1402976) AND (id <= 1403975))
	        ->  Bitmap Index Scan on sbtest7_pkey  (cost=0.00..22.05 rows=962 width=0)
	              Index Cond: ((id >= 1402976) AND (id <= 1403975))

table 8 : explain SELECT c FROM sbtest8 WHERE id BETWEEN 8052385 AND 8053384 ORDER BY c
	Sort  (cost=3995.01..3997.57 rows=1022 width=121)
	  Sort Key: c
	  ->  Bitmap Heap Scan on sbtest8  (cost=22.91..3943.93 rows=1022 width=121)
	        Recheck Cond: ((id >= 8052385) AND (id <= 8053384))
	        ->  Bitmap Index Scan on sbtest8_pkey  (cost=0.00..22.65 rows=1022 width=0)
	              Index Cond: ((id >= 8052385) AND (id <= 8053384))

for point_selects
table 1 : explain SELECT c FROM sbtest1 WHERE id=2713534
	Index Scan using sbtest1_pkey on sbtest1  (cost=0.43..8.45 rows=1 width=121)
	  Index Cond: (id = 2713534)

table 2 : explain SELECT c FROM sbtest2 WHERE id=5621329
	Index Scan using sbtest2_pkey on sbtest2  (cost=0.43..8.45 rows=1 width=121)
	  Index Cond: (id = 5621329)

table 3 : explain SELECT c FROM sbtest3 WHERE id=8145229
	Index Scan using sbtest3_pkey on sbtest3  (cost=0.43..8.45 rows=1 width=121)
	  Index Cond: (id = 8145229)

table 4 : explain SELECT c FROM sbtest4 WHERE id=2043459
	Index Scan using sbtest4_pkey on sbtest4  (cost=0.43..8.45 rows=1 width=121)
	  Index Cond: (id = 2043459)

table 5 : explain SELECT c FROM sbtest5 WHERE id=9202505
	Index Scan using sbtest5_pkey on sbtest5  (cost=0.43..8.45 rows=1 width=121)
	  Index Cond: (id = 9202505)

table 6 : explain SELECT c FROM sbtest6 WHERE id=4762845
	Index Scan using sbtest6_pkey on sbtest6  (cost=0.43..8.45 rows=1 width=121)
	  Index Cond: (id = 4762845)

table 7 : explain SELECT c FROM sbtest7 WHERE id=661752
	Index Scan using sbtest7_pkey on sbtest7  (cost=0.43..8.45 rows=1 width=121)
	  Index Cond: (id = 661752)

table 8 : explain SELECT c FROM sbtest8 WHERE id=698458
	Index Scan using sbtest8_pkey on sbtest8  (cost=0.43..8.45 rows=1 width=121)
	  Index Cond: (id = 698458)

for: simple_ranges
table 1 : explain SELECT c FROM sbtest1 WHERE id BETWEEN 2071860 AND 2072859
	Bitmap Heap Scan on sbtest1  (cost=22.37..3743.88 rows=969 width=121)
	  Recheck Cond: ((id >= 2071860) AND (id <= 2072859))
	  ->  Bitmap Index Scan on sbtest1_pkey  (cost=0.00..22.12 rows=969 width=0)
	        Index Cond: ((id >= 2071860) AND (id <= 2072859))

table 2 : explain SELECT c FROM sbtest2 WHERE id BETWEEN 1078912 AND 1079911
	Bitmap Heap Scan on sbtest2  (cost=22.38..3748.54 rows=970 width=121)
	  Recheck Cond: ((id >= 1078912) AND (id <= 1079911))
	  ->  Bitmap Index Scan on sbtest2_pkey  (cost=0.00..22.14 rows=970 width=0)
	        Index Cond: ((id >= 1078912) AND (id <= 1079911))

table 3 : explain SELECT c FROM sbtest3 WHERE id BETWEEN 5769747 AND 5770746
	Bitmap Heap Scan on sbtest3  (cost=22.58..3822.19 rows=990 width=121)
	  Recheck Cond: ((id >= 5769747) AND (id <= 5770746))
	  ->  Bitmap Index Scan on sbtest3_pkey  (cost=0.00..22.33 rows=990 width=0)
	        Index Cond: ((id >= 5769747) AND (id <= 5770746))

table 4 : explain SELECT c FROM sbtest4 WHERE id BETWEEN 1671863 AND 1672862
	Bitmap Heap Scan on sbtest4  (cost=28.10..4379.32 rows=1138 width=121)
	  Recheck Cond: ((id >= 1671863) AND (id <= 1672862))
	  ->  Bitmap Index Scan on sbtest4_pkey  (cost=0.00..27.82 rows=1138 width=0)
	        Index Cond: ((id >= 1671863) AND (id <= 1672862))

table 5 : explain SELECT c FROM sbtest5 WHERE id BETWEEN 8247573 AND 8248572
	Bitmap Heap Scan on sbtest5  (cost=22.19..3680.64 rows=952 width=121)
	  Recheck Cond: ((id >= 8247573) AND (id <= 8248572))
	  ->  Bitmap Index Scan on sbtest5_pkey  (cost=0.00..21.95 rows=952 width=0)
	        Index Cond: ((id >= 8247573) AND (id <= 8248572))

table 6 : explain SELECT c FROM sbtest6 WHERE id BETWEEN 2686517 AND 2687516
	Bitmap Heap Scan on sbtest6  (cost=28.50..4525.69 rows=1177 width=121)
	  Recheck Cond: ((id >= 2686517) AND (id <= 2687516))
	  ->  Bitmap Index Scan on sbtest6_pkey  (cost=0.00..28.20 rows=1177 width=0)
	        Index Cond: ((id >= 2686517) AND (id <= 2687516))

table 7 : explain SELECT c FROM sbtest7 WHERE id BETWEEN 3854187 AND 3855186
	Bitmap Heap Scan on sbtest7  (cost=21.45..3407.97 rows=880 width=121)
	  Recheck Cond: ((id >= 3854187) AND (id <= 3855186))
	  ->  Bitmap Index Scan on sbtest7_pkey  (cost=0.00..21.23 rows=880 width=0)
	        Index Cond: ((id >= 3854187) AND (id <= 3855186))

table 8 : explain SELECT c FROM sbtest8 WHERE id BETWEEN 9048985 AND 9049984
	Bitmap Heap Scan on sbtest8  (cost=22.82..3910.05 rows=1013 width=121)
	  Recheck Cond: ((id >= 9048985) AND (id <= 9049984))
	  ->  Bitmap Index Scan on sbtest8_pkey  (cost=0.00..22.57 rows=1013 width=0)
	        Index Cond: ((id >= 9048985) AND (id <= 9049984))

for: simple_ranges
table 1 : explain SELECT c FROM sbtest1 WHERE id BETWEEN 7991085 AND 7992084
	Bitmap Heap Scan on sbtest1  (cost=22.84..3917.14 rows=1015 width=121)
	  Recheck Cond: ((id >= 7991085) AND (id <= 7992084))
	  ->  Bitmap Index Scan on sbtest1_pkey  (cost=0.00..22.58 rows=1015 width=0)
	        Index Cond: ((id >= 7991085) AND (id <= 7992084))

table 2 : explain SELECT c FROM sbtest2 WHERE id BETWEEN 5518625 AND 5519624
	Bitmap Heap Scan on sbtest2  (cost=22.08..3639.13 rows=941 width=121)
	  Recheck Cond: ((id >= 5518625) AND (id <= 5519624))
	  ->  Bitmap Index Scan on sbtest2_pkey  (cost=0.00..21.84 rows=941 width=0)
	        Index Cond: ((id >= 5518625) AND (id <= 5519624))

table 3 : explain SELECT c FROM sbtest3 WHERE id BETWEEN 6074519 AND 6075518
	Bitmap Heap Scan on sbtest3  (cost=22.22..3690.31 rows=955 width=121)
	  Recheck Cond: ((id >= 6074519) AND (id <= 6075518))
	  ->  Bitmap Index Scan on sbtest3_pkey  (cost=0.00..21.98 rows=955 width=0)
	        Index Cond: ((id >= 6074519) AND (id <= 6075518))

table 4 : explain SELECT c FROM sbtest4 WHERE id BETWEEN 5987423 AND 5988422
	Bitmap Heap Scan on sbtest4  (cost=22.71..3868.15 rows=1002 width=121)
	  Recheck Cond: ((id >= 5987423) AND (id <= 5988422))
	  ->  Bitmap Index Scan on sbtest4_pkey  (cost=0.00..22.45 rows=1002 width=0)
	        Index Cond: ((id >= 5987423) AND (id <= 5988422))

table 5 : explain SELECT c FROM sbtest5 WHERE id BETWEEN 636398 AND 637397
	Bitmap Heap Scan on sbtest5  (cost=26.84..3922.09 rows=1015 width=121)
	  Recheck Cond: ((id >= 636398) AND (id <= 637397))
	  ->  Bitmap Index Scan on sbtest5_pkey  (cost=0.00..26.58 rows=1015 width=0)
	        Index Cond: ((id >= 636398) AND (id <= 637397))

table 6 : explain SELECT c FROM sbtest6 WHERE id BETWEEN 4710442 AND 4711441
	Bitmap Heap Scan on sbtest6  (cost=22.71..3868.38 rows=1002 width=121)
	  Recheck Cond: ((id >= 4710442) AND (id <= 4711441))
	  ->  Bitmap Index Scan on sbtest6_pkey  (cost=0.00..22.45 rows=1002 width=0)
	        Index Cond: ((id >= 4710442) AND (id <= 4711441))

table 7 : explain SELECT c FROM sbtest7 WHERE id BETWEEN 8332752 AND 8333751
	Bitmap Heap Scan on sbtest7  (cost=22.27..3710.08 rows=960 width=121)
	  Recheck Cond: ((id >= 8332752) AND (id <= 8333751))
	  ->  Bitmap Index Scan on sbtest7_pkey  (cost=0.00..22.04 rows=960 width=0)
	        Index Cond: ((id >= 8332752) AND (id <= 8333751))

table 8 : explain SELECT c FROM sbtest8 WHERE id BETWEEN 9492046 AND 9493045
	Bitmap Heap Scan on sbtest8  (cost=22.95..3958.98 rows=1026 width=121)
	  Recheck Cond: ((id >= 9492046) AND (id <= 9493045))
	  ->  Bitmap Index Scan on sbtest8_pkey  (cost=0.00..22.69 rows=1026 width=0)
	        Index Cond: ((id >= 9492046) AND (id <= 9493045))

for: order_ranges
table 1 : explain SELECT c FROM sbtest1 WHERE id BETWEEN 5963579 AND 5964578 ORDER BY c
	Sort  (cost=3688.59..3690.94 rows=942 width=121)
	  Sort Key: c
	  ->  Bitmap Heap Scan on sbtest1  (cost=22.09..3642.05 rows=942 width=121)
	        Recheck Cond: ((id >= 5963579) AND (id <= 5964578))
	        ->  Bitmap Index Scan on sbtest1_pkey  (cost=0.00..21.86 rows=942 width=0)
	              Index Cond: ((id >= 5963579) AND (id <= 5964578))

table 2 : explain SELECT c FROM sbtest2 WHERE id BETWEEN 9093287 AND 9094286 ORDER BY c
	Sort  (cost=4041.37..4043.96 rows=1034 width=121)
	  Sort Key: c
	  ->  Bitmap Heap Scan on sbtest2  (cost=23.03..3989.60 rows=1034 width=121)
	        Recheck Cond: ((id >= 9093287) AND (id <= 9094286))
	        ->  Bitmap Index Scan on sbtest2_pkey  (cost=0.00..22.77 rows=1034 width=0)
	              Index Cond: ((id >= 9093287) AND (id <= 9094286))

table 3 : explain SELECT c FROM sbtest3 WHERE id BETWEEN 2283241 AND 2284240 ORDER BY c
	Sort  (cost=3607.39..3609.70 rows=921 width=121)
	  Sort Key: c
	  ->  Bitmap Heap Scan on sbtest3  (cost=21.88..3562.05 rows=921 width=121)
	        Recheck Cond: ((id >= 2283241) AND (id <= 2284240))
	        ->  Bitmap Index Scan on sbtest3_pkey  (cost=0.00..21.64 rows=921 width=0)
	              Index Cond: ((id >= 2283241) AND (id <= 2284240))

table 4 : explain SELECT c FROM sbtest4 WHERE id BETWEEN 8113434 AND 8114433 ORDER BY c
	Sort  (cost=4372.36..4375.16 rows=1121 width=121)
	  Sort Key: c
	  ->  Bitmap Heap Scan on sbtest4  (cost=27.93..4315.58 rows=1121 width=121)
	        Recheck Cond: ((id >= 8113434) AND (id <= 8114433))
	        ->  Bitmap Index Scan on sbtest4_pkey  (cost=0.00..27.64 rows=1121 width=0)
	              Index Cond: ((id >= 8113434) AND (id <= 8114433))

table 5 : explain SELECT c FROM sbtest5 WHERE id BETWEEN 7713232 AND 7714231 ORDER BY c
	Sort  (cost=4320.17..4322.94 rows=1107 width=121)
	  Sort Key: c
	  ->  Bitmap Heap Scan on sbtest5  (cost=27.78..4264.20 rows=1107 width=121)
	        Recheck Cond: ((id >= 7713232) AND (id <= 7714231))
	        ->  Bitmap Index Scan on sbtest5_pkey  (cost=0.00..27.50 rows=1107 width=0)
	              Index Cond: ((id >= 7713232) AND (id <= 7714231))

table 6 : explain SELECT c FROM sbtest6 WHERE id BETWEEN 3785780 AND 3786779 ORDER BY c
	Sort  (cost=3734.70..3737.09 rows=954 width=121)
	  Sort Key: c
	  ->  Bitmap Heap Scan on sbtest6  (cost=22.21..3687.49 rows=954 width=121)
	        Recheck Cond: ((id >= 3785780) AND (id <= 3786779))
	        ->  Bitmap Index Scan on sbtest6_pkey  (cost=0.00..21.97 rows=954 width=0)
	              Index Cond: ((id >= 3785780) AND (id <= 3786779))

table 7 : explain SELECT c FROM sbtest7 WHERE id BETWEEN 9024511 AND 9025510 ORDER BY c
	Sort  (cost=4002.35..4004.91 rows=1024 width=121)
	  Sort Key: c
	  ->  Bitmap Heap Scan on sbtest7  (cost=22.93..3951.15 rows=1024 width=121)
	        Recheck Cond: ((id >= 9024511) AND (id <= 9025510))
	        ->  Bitmap Index Scan on sbtest7_pkey  (cost=0.00..22.68 rows=1024 width=0)
	              Index Cond: ((id >= 9024511) AND (id <= 9025510))

table 8 : explain SELECT c FROM sbtest8 WHERE id BETWEEN 7682192 AND 7683191 ORDER BY c
	Sort  (cost=3822.97..3825.41 rows=977 width=121)
	  Sort Key: c
	  ->  Bitmap Heap Scan on sbtest8  (cost=22.45..3774.45 rows=977 width=121)
	        Recheck Cond: ((id >= 7682192) AND (id <= 7683191))
	        ->  Bitmap Index Scan on sbtest8_pkey  (cost=0.00..22.20 rows=977 width=0)
	              Index Cond: ((id >= 7682192) AND (id <= 7683191))

for: simple_ranges
table 1 : explain SELECT c FROM sbtest1 WHERE id BETWEEN 2229929 AND 2230928
	Bitmap Heap Scan on sbtest1  (cost=22.65..3849.37 rows=997 width=121)
	  Recheck Cond: ((id >= 2229929) AND (id <= 2230928))
	  ->  Bitmap Index Scan on sbtest1_pkey  (cost=0.00..22.40 rows=997 width=0)
	        Index Cond: ((id >= 2229929) AND (id <= 2230928))

table 2 : explain SELECT c FROM sbtest2 WHERE id BETWEEN 7913457 AND 7914456
	Bitmap Heap Scan on sbtest2  (cost=22.43..3767.39 rows=975 width=121)
	  Recheck Cond: ((id >= 7913457) AND (id <= 7914456))
	  ->  Bitmap Index Scan on sbtest2_pkey  (cost=0.00..22.18 rows=975 width=0)
	        Index Cond: ((id >= 7913457) AND (id <= 7914456))

table 3 : explain SELECT c FROM sbtest3 WHERE id BETWEEN 2157316 AND 2158315
	Bitmap Heap Scan on sbtest3  (cost=22.39..3750.62 rows=971 width=121)
	  Recheck Cond: ((id >= 2157316) AND (id <= 2158315))
	  ->  Bitmap Index Scan on sbtest3_pkey  (cost=0.00..22.14 rows=971 width=0)
	        Index Cond: ((id >= 2157316) AND (id <= 2158315))

table 4 : explain SELECT c FROM sbtest4 WHERE id BETWEEN 276626 AND 277625
	Bitmap Heap Scan on sbtest4  (cost=23.18..4041.21 rows=1048 width=121)
	  Recheck Cond: ((id >= 276626) AND (id <= 277625))
	  ->  Bitmap Index Scan on sbtest4_pkey  (cost=0.00..22.91 rows=1048 width=0)
	        Index Cond: ((id >= 276626) AND (id <= 277625))

table 5 : explain SELECT c FROM sbtest5 WHERE id BETWEEN 5010232 AND 5011231
	Bitmap Heap Scan on sbtest5  (cost=26.71..3873.13 rows=1002 width=121)
	  Recheck Cond: ((id >= 5010232) AND (id <= 5011231))
	  ->  Bitmap Index Scan on sbtest5_pkey  (cost=0.00..26.45 rows=1002 width=0)
	        Index Cond: ((id >= 5010232) AND (id <= 5011231))

table 6 : explain SELECT c FROM sbtest6 WHERE id BETWEEN 6617043 AND 6618042
	Bitmap Heap Scan on sbtest6  (cost=23.06..4000.09 rows=1037 width=121)
	  Recheck Cond: ((id >= 6617043) AND (id <= 6618042))
	  ->  Bitmap Index Scan on sbtest6_pkey  (cost=0.00..22.80 rows=1037 width=0)
	        Index Cond: ((id >= 6617043) AND (id <= 6618042))

table 7 : explain SELECT c FROM sbtest7 WHERE id BETWEEN 3541583 AND 3542582
	Bitmap Heap Scan on sbtest7  (cost=22.93..3951.15 rows=1024 width=121)
	  Recheck Cond: ((id >= 3541583) AND (id <= 3542582))
	  ->  Bitmap Index Scan on sbtest7_pkey  (cost=0.00..22.68 rows=1024 width=0)
	        Index Cond: ((id >= 3541583) AND (id <= 3542582))

table 8 : explain SELECT c FROM sbtest8 WHERE id BETWEEN 7934565 AND 7935564
	Bitmap Heap Scan on sbtest8  (cost=21.81..3540.51 rows=915 width=121)
	  Recheck Cond: ((id >= 7934565) AND (id <= 7935564))
	  ->  Bitmap Index Scan on sbtest8_pkey  (cost=0.00..21.58 rows=915 width=0)
	        Index Cond: ((id >= 7934565) AND (id <= 7935564))

for: order_ranges
table 1 : explain SELECT c FROM sbtest1 WHERE id BETWEEN 2841191 AND 2842190 ORDER BY c
	Sort  (cost=3929.61..3932.12 rows=1005 width=121)
	  Sort Key: c
	  ->  Bitmap Heap Scan on sbtest1  (cost=22.74..3879.50 rows=1005 width=121)
	        Recheck Cond: ((id >= 2841191) AND (id <= 2842190))
	        ->  Bitmap Index Scan on sbtest1_pkey  (cost=0.00..22.48 rows=1005 width=0)
	              Index Cond: ((id >= 2841191) AND (id <= 2842190))

table 2 : explain SELECT c FROM sbtest2 WHERE id BETWEEN 3917538 AND 3918537 ORDER BY c
	Sort  (cost=4006.99..4009.55 rows=1025 width=121)
	  Sort Key: c
	  ->  Bitmap Heap Scan on sbtest2  (cost=22.94..3955.73 rows=1025 width=121)
	        Recheck Cond: ((id >= 3917538) AND (id <= 3918537))
	        ->  Bitmap Index Scan on sbtest2_pkey  (cost=0.00..22.68 rows=1025 width=0)
	              Index Cond: ((id >= 3917538) AND (id <= 3918537))

table 3 : explain SELECT c FROM sbtest3 WHERE id BETWEEN 4003631 AND 4004630 ORDER BY c
	Sort  (cost=3752.89..3755.29 rows=959 width=121)
	  Sort Key: c
	  ->  Bitmap Heap Scan on sbtest3  (cost=22.26..3705.39 rows=959 width=121)
	        Recheck Cond: ((id >= 4003631) AND (id <= 4004630))
	        ->  Bitmap Index Scan on sbtest3_pkey  (cost=0.00..22.02 rows=959 width=0)
	              Index Cond: ((id >= 4003631) AND (id <= 4004630))

table 4 : explain SELECT c FROM sbtest4 WHERE id BETWEEN 5452840 AND 5453839 ORDER BY c
	Sort  (cost=3948.67..3951.20 rows=1010 width=121)
	  Sort Key: c
	  ->  Bitmap Heap Scan on sbtest4  (cost=22.79..3898.27 rows=1010 width=121)
	        Recheck Cond: ((id >= 5452840) AND (id <= 5453839))
	        ->  Bitmap Index Scan on sbtest4_pkey  (cost=0.00..22.54 rows=1010 width=0)
	              Index Cond: ((id >= 5452840) AND (id <= 5453839))

table 5 : explain SELECT c FROM sbtest5 WHERE id BETWEEN 17685 AND 18684 ORDER BY c
	Sort  (cost=3907.78..3910.27 rows=998 width=121)
	  Sort Key: c
	  ->  Bitmap Heap Scan on sbtest5  (cost=26.66..3858.06 rows=998 width=121)
	        Recheck Cond: ((id >= 17685) AND (id <= 18684))
	        ->  Bitmap Index Scan on sbtest5_pkey  (cost=0.00..26.41 rows=998 width=0)
	              Index Cond: ((id >= 17685) AND (id <= 18684))

table 6 : explain SELECT c FROM sbtest6 WHERE id BETWEEN 3282546 AND 3283545 ORDER BY c
	Sort  (cost=3750.01..3752.41 rows=958 width=121)
	  Sort Key: c
	  ->  Bitmap Heap Scan on sbtest6  (cost=22.25..3702.57 rows=958 width=121)
	        Recheck Cond: ((id >= 3282546) AND (id <= 3283545))
	        ->  Bitmap Index Scan on sbtest6_pkey  (cost=0.00..22.01 rows=958 width=0)
	              Index Cond: ((id >= 3282546) AND (id <= 3283545))

table 7 : explain SELECT c FROM sbtest7 WHERE id BETWEEN 8939569 AND 8940568 ORDER BY c
	Sort  (cost=4444.92..4447.77 rows=1140 width=121)
	  Sort Key: c
	  ->  Bitmap Heap Scan on sbtest7  (cost=28.12..4387.04 rows=1140 width=121)
	        Recheck Cond: ((id >= 8939569) AND (id <= 8940568))
	        ->  Bitmap Index Scan on sbtest7_pkey  (cost=0.00..27.83 rows=1140 width=0)
	              Index Cond: ((id >= 8939569) AND (id <= 8940568))

table 8 : explain SELECT c FROM sbtest8 WHERE id BETWEEN 2094706 AND 2095705 ORDER BY c
	Sort  (cost=3734.94..3737.32 rows=954 width=121)
	  Sort Key: c
	  ->  Bitmap Heap Scan on sbtest8  (cost=22.21..3687.72 rows=954 width=121)
	        Recheck Cond: ((id >= 2094706) AND (id <= 2095705))
	        ->  Bitmap Index Scan on sbtest8_pkey  (cost=0.00..21.97 rows=954 width=0)
	              Index Cond: ((id >= 2094706) AND (id <= 2095705))

for point_selects
table 1 : explain SELECT c FROM sbtest1 WHERE id=2606610
	Index Scan using sbtest1_pkey on sbtest1  (cost=0.43..8.45 rows=1 width=121)
	  Index Cond: (id = 2606610)

table 2 : explain SELECT c FROM sbtest2 WHERE id=3968962
	Index Scan using sbtest2_pkey on sbtest2  (cost=0.43..8.45 rows=1 width=121)
	  Index Cond: (id = 3968962)

table 3 : explain SELECT c FROM sbtest3 WHERE id=2361662
	Index Scan using sbtest3_pkey on sbtest3  (cost=0.43..8.45 rows=1 width=121)
	  Index Cond: (id = 2361662)

table 4 : explain SELECT c FROM sbtest4 WHERE id=3172908
	Index Scan using sbtest4_pkey on sbtest4  (cost=0.43..8.45 rows=1 width=121)
	  Index Cond: (id = 3172908)

table 5 : explain SELECT c FROM sbtest5 WHERE id=9554878
	Index Scan using sbtest5_pkey on sbtest5  (cost=0.43..8.45 rows=1 width=121)
	  Index Cond: (id = 9554878)

table 6 : explain SELECT c FROM sbtest6 WHERE id=1668520
	Index Scan using sbtest6_pkey on sbtest6  (cost=0.43..8.45 rows=1 width=121)
	  Index Cond: (id = 1668520)

table 7 : explain SELECT c FROM sbtest7 WHERE id=855730
	Index Scan using sbtest7_pkey on sbtest7  (cost=0.43..8.45 rows=1 width=121)
	  Index Cond: (id = 855730)

table 8 : explain SELECT c FROM sbtest8 WHERE id=3193479
	Index Scan using sbtest8_pkey on sbtest8  (cost=0.43..8.45 rows=1 width=121)
	  Index Cond: (id = 3193479)

for: sum_ranges
table 1 : explain SELECT SUM(k) FROM sbtest1 WHERE id BETWEEN 30627 AND 31626
	Aggregate  (cost=3587.76..3587.77 rows=1 width=8)
	  ->  Bitmap Heap Scan on sbtest1  (cost=21.94..3585.44 rows=927 width=4)
	        Recheck Cond: ((id >= 30627) AND (id <= 31626))
	        ->  Bitmap Index Scan on sbtest1_pkey  (cost=0.00..21.70 rows=927 width=0)
	              Index Cond: ((id >= 30627) AND (id <= 31626))

table 2 : explain SELECT SUM(k) FROM sbtest2 WHERE id BETWEEN 3023576 AND 3024575
	Aggregate  (cost=3675.47..3675.48 rows=1 width=8)
	  ->  Bitmap Heap Scan on sbtest2  (cost=22.17..3673.09 rows=950 width=4)
	        Recheck Cond: ((id >= 3023576) AND (id <= 3024575))
	        ->  Bitmap Index Scan on sbtest2_pkey  (cost=0.00..21.93 rows=950 width=0)
	              Index Cond: ((id >= 3023576) AND (id <= 3024575))

table 3 : explain SELECT SUM(k) FROM sbtest3 WHERE id BETWEEN 6813974 AND 6814973
	Aggregate  (cost=3594.57..3594.58 rows=1 width=8)
	  ->  Bitmap Heap Scan on sbtest3  (cost=21.96..3592.24 rows=929 width=4)
	        Recheck Cond: ((id >= 6813974) AND (id <= 6814973))
	        ->  Bitmap Index Scan on sbtest3_pkey  (cost=0.00..21.72 rows=929 width=0)
	              Index Cond: ((id >= 6813974) AND (id <= 6814973))

table 4 : explain SELECT SUM(k) FROM sbtest4 WHERE id BETWEEN 6078032 AND 6079031
	Aggregate  (cost=4250.81..4250.82 rows=1 width=8)
	  ->  Bitmap Heap Scan on sbtest4  (cost=27.74..4248.05 rows=1103 width=4)
	        Recheck Cond: ((id >= 6078032) AND (id <= 6079031))
	        ->  Bitmap Index Scan on sbtest4_pkey  (cost=0.00..27.46 rows=1103 width=0)
	              Index Cond: ((id >= 6078032) AND (id <= 6079031))

table 5 : explain SELECT SUM(k) FROM sbtest5 WHERE id BETWEEN 7595532 AND 7596531
	Aggregate  (cost=4075.22..4075.23 rows=1 width=8)
	  ->  Bitmap Heap Scan on sbtest5  (cost=27.25..4072.58 rows=1055 width=4)
	        Recheck Cond: ((id >= 7595532) AND (id <= 7596531))
	        ->  Bitmap Index Scan on sbtest5_pkey  (cost=0.00..26.98 rows=1055 width=0)
	              Index Cond: ((id >= 7595532) AND (id <= 7596531))

table 6 : explain SELECT SUM(k) FROM sbtest6 WHERE id BETWEEN 738473 AND 739472
	Aggregate  (cost=4002.69..4002.70 rows=1 width=8)
	  ->  Bitmap Heap Scan on sbtest6  (cost=23.06..4000.09 rows=1037 width=4)
	        Recheck Cond: ((id >= 738473) AND (id <= 739472))
	        ->  Bitmap Index Scan on sbtest6_pkey  (cost=0.00..22.80 rows=1037 width=0)
	              Index Cond: ((id >= 738473) AND (id <= 739472))

table 7 : explain SELECT SUM(k) FROM sbtest7 WHERE id BETWEEN 7509757 AND 7510756
	Aggregate  (cost=3848.24..3848.25 rows=1 width=8)
	  ->  Bitmap Heap Scan on sbtest7  (cost=22.64..3845.75 rows=996 width=4)
	        Recheck Cond: ((id >= 7509757) AND (id <= 7510756))
	        ->  Bitmap Index Scan on sbtest7_pkey  (cost=0.00..22.39 rows=996 width=0)
	              Index Cond: ((id >= 7509757) AND (id <= 7510756))

table 8 : explain SELECT SUM(k) FROM sbtest8 WHERE id BETWEEN 8489220 AND 8490219
	Aggregate  (cost=3569.25..3569.26 rows=1 width=8)
	  ->  Bitmap Heap Scan on sbtest8  (cost=21.89..3566.95 rows=922 width=4)
	        Recheck Cond: ((id >= 8489220) AND (id <= 8490219))
	        ->  Bitmap Index Scan on sbtest8_pkey  (cost=0.00..21.65 rows=922 width=0)
	              Index Cond: ((id >= 8489220) AND (id <= 8490219))

for: distinct_ranges
table 1 : explain SELECT DISTINCT c FROM sbtest1 WHERE id BETWEEN 6113241 AND 6114240 ORDER BY c
	Unique  (cost=3638.79..3643.43 rows=929 width=121)
	  ->  Sort  (cost=3638.79..3641.11 rows=929 width=121)
	        Sort Key: c
	        ->  Bitmap Heap Scan on sbtest1  (cost=21.96..3592.99 rows=929 width=121)
	              Recheck Cond: ((id >= 6113241) AND (id <= 6114240))
	              ->  Bitmap Index Scan on sbtest1_pkey  (cost=0.00..21.72 rows=929 width=0)
	                    Index Cond: ((id >= 6113241) AND (id <= 6114240))

table 2 : explain SELECT DISTINCT c FROM sbtest2 WHERE id BETWEEN 8728345 AND 8729344 ORDER BY c
	Unique  (cost=4175.18..4180.52 rows=1068 width=121)
	  ->  Sort  (cost=4175.18..4177.85 rows=1068 width=121)
	        Sort Key: c
	        ->  Bitmap Heap Scan on sbtest2  (cost=27.38..4121.45 rows=1068 width=121)
	              Recheck Cond: ((id >= 8728345) AND (id <= 8729344))
	              ->  Bitmap Index Scan on sbtest2_pkey  (cost=0.00..27.11 rows=1068 width=0)
	                    Index Cond: ((id >= 8728345) AND (id <= 8729344))

table 3 : explain SELECT DISTINCT c FROM sbtest3 WHERE id BETWEEN 4443211 AND 4444210 ORDER BY c
	Unique  (cost=3477.06..3481.49 rows=887 width=121)
	  ->  Sort  (cost=3477.06..3479.28 rows=887 width=121)
	        Sort Key: c
	        ->  Bitmap Heap Scan on sbtest3  (cost=21.53..3433.63 rows=887 width=121)
	              Recheck Cond: ((id >= 4443211) AND (id <= 4444210))
	              ->  Bitmap Index Scan on sbtest3_pkey  (cost=0.00..21.30 rows=887 width=0)
	                    Index Cond: ((id >= 4443211) AND (id <= 4444210))

table 4 : explain SELECT DISTINCT c FROM sbtest4 WHERE id BETWEEN 1539735 AND 1540734 ORDER BY c
	Unique  (cost=3879.87..3884.83 rows=992 width=121)
	  ->  Sort  (cost=3879.87..3882.35 rows=992 width=121)
	        Sort Key: c
	        ->  Bitmap Heap Scan on sbtest4  (cost=22.60..3830.50 rows=992 width=121)
	              Recheck Cond: ((id >= 1539735) AND (id <= 1540734))
	              ->  Bitmap Index Scan on sbtest4_pkey  (cost=0.00..22.36 rows=992 width=0)
	                    Index Cond: ((id >= 1539735) AND (id <= 1540734))

table 5 : explain SELECT DISTINCT c FROM sbtest5 WHERE id BETWEEN 7115012 AND 7116011 ORDER BY c
	Unique  (cost=3417.11..3421.46 rows=871 width=121)
	  ->  Sort  (cost=3417.11..3419.28 rows=871 width=121)
	        Sort Key: c
	        ->  Bitmap Heap Scan on sbtest5  (cost=21.36..3374.57 rows=871 width=121)
	              Recheck Cond: ((id >= 7115012) AND (id <= 7116011))
	              ->  Bitmap Index Scan on sbtest5_pkey  (cost=0.00..21.14 rows=871 width=0)
	                    Index Cond: ((id >= 7115012) AND (id <= 7116011))

table 6 : explain SELECT DISTINCT c FROM sbtest6 WHERE id BETWEEN 6468880 AND 6469879 ORDER BY c
	Unique  (cost=3983.29..3988.38 rows=1019 width=121)
	  ->  Sort  (cost=3983.29..3985.84 rows=1019 width=121)
	        Sort Key: c
	        ->  Bitmap Heap Scan on sbtest6  (cost=22.88..3932.38 rows=1019 width=121)
	              Recheck Cond: ((id >= 6468880) AND (id <= 6469879))
	              ->  Bitmap Index Scan on sbtest6_pkey  (cost=0.00..22.62 rows=1019 width=0)
	                    Index Cond: ((id >= 6468880) AND (id <= 6469879))

table 7 : explain SELECT DISTINCT c FROM sbtest7 WHERE id BETWEEN 4772427 AND 4773426 ORDER BY c
	Unique  (cost=3818.86..3823.74 rows=976 width=121)
	  ->  Sort  (cost=3818.86..3821.30 rows=976 width=121)
	        Sort Key: c
	        ->  Bitmap Heap Scan on sbtest7  (cost=22.44..3770.40 rows=976 width=121)
	              Recheck Cond: ((id >= 4772427) AND (id <= 4773426))
	              ->  Bitmap Index Scan on sbtest7_pkey  (cost=0.00..22.19 rows=976 width=0)
	                    Index Cond: ((id >= 4772427) AND (id <= 4773426))

table 8 : explain SELECT DISTINCT c FROM sbtest8 WHERE id BETWEEN 3159599 AND 3160598 ORDER BY c
	Unique  (cost=3865.05..3869.99 rows=988 width=121)
	  ->  Sort  (cost=3865.05..3867.52 rows=988 width=121)
	        Sort Key: c
	        ->  Bitmap Heap Scan on sbtest8  (cost=22.56..3815.90 rows=988 width=121)
	              Recheck Cond: ((id >= 3159599) AND (id <= 3160598))
	              ->  Bitmap Index Scan on sbtest8_pkey  (cost=0.00..22.32 rows=988 width=0)
	                    Index Cond: ((id >= 3159599) AND (id <= 3160598))

for: order_ranges
table 1 : explain SELECT c FROM sbtest1 WHERE id BETWEEN 9694025 AND 9695024 ORDER BY c
	Sort  (cost=3393.32..3395.48 rows=865 width=121)
	  Sort Key: c
	  ->  Bitmap Heap Scan on sbtest1  (cost=21.30..3351.12 rows=865 width=121)
	        Recheck Cond: ((id >= 9694025) AND (id <= 9695024))
	        ->  Bitmap Index Scan on sbtest1_pkey  (cost=0.00..21.08 rows=865 width=0)
	              Index Cond: ((id >= 9694025) AND (id <= 9695024))

table 2 : explain SELECT c FROM sbtest2 WHERE id BETWEEN 6065180 AND 6066179 ORDER BY c
	Sort  (cost=4331.61..4334.38 rows=1110 width=121)
	  Sort Key: c
	  ->  Bitmap Heap Scan on sbtest2  (cost=27.81..4275.46 rows=1110 width=121)
	        Recheck Cond: ((id >= 6065180) AND (id <= 6066179))
	        ->  Bitmap Index Scan on sbtest2_pkey  (cost=0.00..27.54 rows=1110 width=0)
	              Index Cond: ((id >= 6065180) AND (id <= 6066179))

table 3 : explain SELECT c FROM sbtest3 WHERE id BETWEEN 7736814 AND 7737813 ORDER BY c
	Sort  (cost=3553.75..3556.01 rows=907 width=121)
	  Sort Key: c
	  ->  Bitmap Heap Scan on sbtest3  (cost=21.73..3509.19 rows=907 width=121)
	        Recheck Cond: ((id >= 7736814) AND (id <= 7737813))
	        ->  Bitmap Index Scan on sbtest3_pkey  (cost=0.00..21.50 rows=907 width=0)
	              Index Cond: ((id >= 7736814) AND (id <= 7737813))

table 4 : explain SELECT c FROM sbtest4 WHERE id BETWEEN 9903892 AND 9904891 ORDER BY c
	Sort  (cost=3669.39..3671.74 rows=937 width=121)
	  Sort Key: c
	  ->  Bitmap Heap Scan on sbtest4  (cost=22.04..3623.14 rows=937 width=121)
	        Recheck Cond: ((id >= 9903892) AND (id <= 9904891))
	        ->  Bitmap Index Scan on sbtest4_pkey  (cost=0.00..21.80 rows=937 width=0)
	              Index Cond: ((id >= 9903892) AND (id <= 9904891))

table 5 : explain SELECT c FROM sbtest5 WHERE id BETWEEN 4976744 AND 4977743 ORDER BY c
	Sort  (cost=3367.17..3369.32 rows=858 width=121)
	  Sort Key: c
	  ->  Bitmap Heap Scan on sbtest5  (cost=21.23..3325.37 rows=858 width=121)
	        Recheck Cond: ((id >= 4976744) AND (id <= 4977743))
	        ->  Bitmap Index Scan on sbtest5_pkey  (cost=0.00..21.01 rows=858 width=0)
	              Index Cond: ((id >= 4976744) AND (id <= 4977743))

table 6 : explain SELECT c FROM sbtest6 WHERE id BETWEEN 3878985 AND 3879984 ORDER BY c
	Sort  (cost=3562.29..3564.56 rows=909 width=121)
	  Sort Key: c
	  ->  Bitmap Heap Scan on sbtest6  (cost=21.75..3517.62 rows=909 width=121)
	        Recheck Cond: ((id >= 3878985) AND (id <= 3879984))
	        ->  Bitmap Index Scan on sbtest6_pkey  (cost=0.00..21.52 rows=909 width=0)
	              Index Cond: ((id >= 3878985) AND (id <= 3879984))

table 7 : explain SELECT c FROM sbtest7 WHERE id BETWEEN 9784001 AND 9785000 ORDER BY c
	Sort  (cost=4338.30..4341.08 rows=1112 width=121)
	  Sort Key: c
	  ->  Bitmap Heap Scan on sbtest7  (cost=27.83..4282.04 rows=1112 width=121)
	        Recheck Cond: ((id >= 9784001) AND (id <= 9785000))
	        ->  Bitmap Index Scan on sbtest7_pkey  (cost=0.00..27.55 rows=1112 width=0)
	              Index Cond: ((id >= 9784001) AND (id <= 9785000))

table 8 : explain SELECT c FROM sbtest8 WHERE id BETWEEN 90486 AND 91485 ORDER BY c
	Sort  (cost=3995.01..3997.57 rows=1022 width=121)
	  Sort Key: c
	  ->  Bitmap Heap Scan on sbtest8  (cost=22.91..3943.93 rows=1022 width=121)
	        Recheck Cond: ((id >= 90486) AND (id <= 91485))
	        ->  Bitmap Index Scan on sbtest8_pkey  (cost=0.00..22.65 rows=1022 width=0)
	              Index Cond: ((id >= 90486) AND (id <= 91485))

for: order_ranges
table 1 : explain SELECT c FROM sbtest1 WHERE id BETWEEN 6981401 AND 6982400 ORDER BY c
	Sort  (cost=3971.65..3974.19 rows=1016 width=121)
	  Sort Key: c
	  ->  Bitmap Heap Scan on sbtest1  (cost=22.85..3920.90 rows=1016 width=121)
	        Recheck Cond: ((id >= 6981401) AND (id <= 6982400))
	        ->  Bitmap Index Scan on sbtest1_pkey  (cost=0.00..22.59 rows=1016 width=0)
	              Index Cond: ((id >= 6981401) AND (id <= 6982400))

table 2 : explain SELECT c FROM sbtest2 WHERE id BETWEEN 6209025 AND 6210024 ORDER BY c
	Sort  (cost=3857.88..3860.35 rows=986 width=121)
	  Sort Key: c
	  ->  Bitmap Heap Scan on sbtest2  (cost=22.54..3808.85 rows=986 width=121)
	        Recheck Cond: ((id >= 6209025) AND (id <= 6210024))
	        ->  Bitmap Index Scan on sbtest2_pkey  (cost=0.00..22.29 rows=986 width=0)
	              Index Cond: ((id >= 6209025) AND (id <= 6210024))

table 3 : explain SELECT c FROM sbtest3 WHERE id BETWEEN 9232059 AND 9233058 ORDER BY c
	Sort  (cost=4020.43..4023.00 rows=1029 width=121)
	  Sort Key: c
	  ->  Bitmap Heap Scan on sbtest3  (cost=22.98..3968.94 rows=1029 width=121)
	        Recheck Cond: ((id >= 9232059) AND (id <= 9233058))
	        ->  Bitmap Index Scan on sbtest3_pkey  (cost=0.00..22.72 rows=1029 width=0)
	              Index Cond: ((id >= 9232059) AND (id <= 9233058))

table 4 : explain SELECT c FROM sbtest4 WHERE id BETWEEN 4024652 AND 4025651 ORDER BY c
	Sort  (cost=3925.74..3928.25 rows=1004 width=121)
	  Sort Key: c
	  ->  Bitmap Heap Scan on sbtest4  (cost=22.73..3875.68 rows=1004 width=121)
	        Recheck Cond: ((id >= 4024652) AND (id <= 4025651))
	        ->  Bitmap Index Scan on sbtest4_pkey  (cost=0.00..22.47 rows=1004 width=0)
	              Index Cond: ((id >= 4024652) AND (id <= 4025651))

table 5 : explain SELECT c FROM sbtest5 WHERE id BETWEEN 4805054 AND 4806053 ORDER BY c
	Sort  (cost=4224.77..4227.47 rows=1081 width=121)
	  Sort Key: c
	  ->  Bitmap Heap Scan on sbtest5  (cost=27.52..4170.30 rows=1081 width=121)
	        Recheck Cond: ((id >= 4805054) AND (id <= 4806053))
	        ->  Bitmap Index Scan on sbtest5_pkey  (cost=0.00..27.25 rows=1081 width=0)
	              Index Cond: ((id >= 4805054) AND (id <= 4806053))

table 6 : explain SELECT c FROM sbtest6 WHERE id BETWEEN 461439 AND 462438 ORDER BY c
	Sort  (cost=3558.46..3560.73 rows=908 width=121)
	  Sort Key: c
	  ->  Bitmap Heap Scan on sbtest6  (cost=21.74..3513.84 rows=908 width=121)
	        Recheck Cond: ((id >= 461439) AND (id <= 462438))
	        ->  Bitmap Index Scan on sbtest6_pkey  (cost=0.00..21.51 rows=908 width=0)
	              Index Cond: ((id >= 461439) AND (id <= 462438))

table 7 : explain SELECT c FROM sbtest7 WHERE id BETWEEN 553232 AND 554231 ORDER BY c
	Sort  (cost=4528.63..4531.53 rows=1162 width=121)
	  Sort Key: c
	  ->  Bitmap Heap Scan on sbtest7  (cost=28.35..4469.47 rows=1162 width=121)
	        Recheck Cond: ((id >= 553232) AND (id <= 554231))
	        ->  Bitmap Index Scan on sbtest7_pkey  (cost=0.00..28.05 rows=1162 width=0)
	              Index Cond: ((id >= 553232) AND (id <= 554231))

table 8 : explain SELECT c FROM sbtest8 WHERE id BETWEEN 3456315 AND 3457314 ORDER BY c
	Sort  (cost=3731.11..3733.49 rows=953 width=121)
	  Sort Key: c
	  ->  Bitmap Heap Scan on sbtest8  (cost=22.20..3683.95 rows=953 width=121)
	        Recheck Cond: ((id >= 3456315) AND (id <= 3457314))
	        ->  Bitmap Index Scan on sbtest8_pkey  (cost=0.00..21.96 rows=953 width=0)
	              Index Cond: ((id >= 3456315) AND (id <= 3457314))

for: order_ranges
table 1 : explain SELECT c FROM sbtest1 WHERE id BETWEEN 5222302 AND 5223301 ORDER BY c
	Sort  (cost=3879.92..3882.40 rows=992 width=121)
	  Sort Key: c
	  ->  Bitmap Heap Scan on sbtest1  (cost=22.60..3830.54 rows=992 width=121)
	        Recheck Cond: ((id >= 5222302) AND (id <= 5223301))
	        ->  Bitmap Index Scan on sbtest1_pkey  (cost=0.00..22.36 rows=992 width=0)
	              Index Cond: ((id >= 5222302) AND (id <= 5223301))

table 2 : explain SELECT c FROM sbtest2 WHERE id BETWEEN 7238242 AND 7239241 ORDER BY c
	Sort  (cost=3854.06..3856.52 rows=985 width=121)
	  Sort Key: c
	  ->  Bitmap Heap Scan on sbtest2  (cost=22.53..3805.08 rows=985 width=121)
	        Recheck Cond: ((id >= 7238242) AND (id <= 7239241))
	        ->  Bitmap Index Scan on sbtest2_pkey  (cost=0.00..22.29 rows=985 width=0)
	              Index Cond: ((id >= 7238242) AND (id <= 7239241))

table 3 : explain SELECT c FROM sbtest3 WHERE id BETWEEN 3752778 AND 3753777 ORDER BY c
	Sort  (cost=3680.16..3682.51 rows=940 width=121)
	  Sort Key: c
	  ->  Bitmap Heap Scan on sbtest3  (cost=22.07..3633.74 rows=940 width=121)
	        Recheck Cond: ((id >= 3752778) AND (id <= 3753777))
	        ->  Bitmap Index Scan on sbtest3_pkey  (cost=0.00..21.83 rows=940 width=0)
	              Index Cond: ((id >= 3752778) AND (id <= 3753777))

table 4 : explain SELECT c FROM sbtest4 WHERE id BETWEEN 8752781 AND 8753780 ORDER BY c
	Sort  (cost=4025.07..4027.65 rows=1030 width=121)
	  Sort Key: c
	  ->  Bitmap Heap Scan on sbtest4  (cost=22.99..3973.53 rows=1030 width=121)
	        Recheck Cond: ((id >= 8752781) AND (id <= 8753780))
	        ->  Bitmap Index Scan on sbtest4_pkey  (cost=0.00..22.73 rows=1030 width=0)
	              Index Cond: ((id >= 8752781) AND (id <= 8753780))

table 5 : explain SELECT c FROM sbtest5 WHERE id BETWEEN 1209070 AND 1210069 ORDER BY c
	Sort  (cost=4129.38..4132.02 rows=1056 width=121)
	  Sort Key: c
	  ->  Bitmap Heap Scan on sbtest5  (cost=27.26..4076.34 rows=1056 width=121)
	        Recheck Cond: ((id >= 1209070) AND (id <= 1210069))
	        ->  Bitmap Index Scan on sbtest5_pkey  (cost=0.00..27.00 rows=1056 width=0)
	              Index Cond: ((id >= 1209070) AND (id <= 1210069))

table 6 : explain SELECT c FROM sbtest6 WHERE id BETWEEN 5184058 AND 5185057 ORDER BY c
	Sort  (cost=3891.56..3894.05 rows=995 width=121)
	  Sort Key: c
	  ->  Bitmap Heap Scan on sbtest6  (cost=22.63..3842.02 rows=995 width=121)
	        Recheck Cond: ((id >= 5184058) AND (id <= 5185057))
	        ->  Bitmap Index Scan on sbtest6_pkey  (cost=0.00..22.39 rows=995 width=0)
	              Index Cond: ((id >= 5184058) AND (id <= 5185057))

table 7 : explain SELECT c FROM sbtest7 WHERE id BETWEEN 3676607 AND 3677606 ORDER BY c
	Sort  (cost=3834.16..3836.61 rows=980 width=121)
	  Sort Key: c
	  ->  Bitmap Heap Scan on sbtest7  (cost=22.48..3785.47 rows=980 width=121)
	        Recheck Cond: ((id >= 3676607) AND (id <= 3677606))
	        ->  Bitmap Index Scan on sbtest7_pkey  (cost=0.00..22.23 rows=980 width=0)
	              Index Cond: ((id >= 3676607) AND (id <= 3677606))

table 8 : explain SELECT c FROM sbtest8 WHERE id BETWEEN 2294653 AND 2295652 ORDER BY c
	Sort  (cost=4010.29..4012.86 rows=1026 width=121)
	  Sort Key: c
	  ->  Bitmap Heap Scan on sbtest8  (cost=22.95..3958.98 rows=1026 width=121)
	        Recheck Cond: ((id >= 2294653) AND (id <= 2295652))
	        ->  Bitmap Index Scan on sbtest8_pkey  (cost=0.00..22.69 rows=1026 width=0)
	              Index Cond: ((id >= 2294653) AND (id <= 2295652))

for: distinct_ranges
table 1 : explain SELECT DISTINCT c FROM sbtest1 WHERE id BETWEEN 1718570 AND 1719569 ORDER BY c
	Unique  (cost=3519.96..3524.45 rows=898 width=121)
	  ->  Sort  (cost=3519.96..3522.20 rows=898 width=121)
	        Sort Key: c
	        ->  Bitmap Heap Scan on sbtest1  (cost=21.64..3475.91 rows=898 width=121)
	              Recheck Cond: ((id >= 1718570) AND (id <= 1719569))
	              ->  Bitmap Index Scan on sbtest1_pkey  (cost=0.00..21.41 rows=898 width=0)
	                    Index Cond: ((id >= 1718570) AND (id <= 1719569))

table 2 : explain SELECT DISTINCT c FROM sbtest2 WHERE id BETWEEN 6491397 AND 6492396 ORDER BY c
	Unique  (cost=4052.83..4058.02 rows=1037 width=121)
	  ->  Sort  (cost=4052.83..4055.42 rows=1037 width=121)
	        Sort Key: c
	        ->  Bitmap Heap Scan on sbtest2  (cost=23.06..4000.89 rows=1037 width=121)
	              Recheck Cond: ((id >= 6491397) AND (id <= 6492396))
	              ->  Bitmap Index Scan on sbtest2_pkey  (cost=0.00..22.80 rows=1037 width=0)
	                    Index Cond: ((id >= 6491397) AND (id <= 6492396))

table 3 : explain SELECT DISTINCT c FROM sbtest3 WHERE id BETWEEN 2822453 AND 2823452 ORDER BY c
	Unique  (cost=3852.33..3857.26 rows=985 width=121)
	  ->  Sort  (cost=3852.33..3854.79 rows=985 width=121)
	        Sort Key: c
	        ->  Bitmap Heap Scan on sbtest3  (cost=22.53..3803.36 rows=985 width=121)
	              Recheck Cond: ((id >= 2822453) AND (id <= 2823452))
	              ->  Bitmap Index Scan on sbtest3_pkey  (cost=0.00..22.29 rows=985 width=0)
	                    Index Cond: ((id >= 2822453) AND (id <= 2823452))

table 4 : explain SELECT DISTINCT c FROM sbtest4 WHERE id BETWEEN 7737125 AND 7738124 ORDER BY c
	Unique  (cost=4055.62..4060.81 rows=1038 width=121)
	  ->  Sort  (cost=4055.62..4058.21 rows=1038 width=121)
	        Sort Key: c
	        ->  Bitmap Heap Scan on sbtest4  (cost=23.07..4003.62 rows=1038 width=121)
	              Recheck Cond: ((id >= 7737125) AND (id <= 7738124))
	              ->  Bitmap Index Scan on sbtest4_pkey  (cost=0.00..22.82 rows=1038 width=0)
	                    Index Cond: ((id >= 7737125) AND (id <= 7738124))

table 5 : explain SELECT DISTINCT c FROM sbtest5 WHERE id BETWEEN 1275329 AND 1276328 ORDER BY c
	Unique  (cost=4129.38..4134.66 rows=1056 width=121)
	  ->  Sort  (cost=4129.38..4132.02 rows=1056 width=121)
	        Sort Key: c
	        ->  Bitmap Heap Scan on sbtest5  (cost=27.26..4076.34 rows=1056 width=121)
	              Recheck Cond: ((id >= 1275329) AND (id <= 1276328))
	              ->  Bitmap Index Scan on sbtest5_pkey  (cost=0.00..27.00 rows=1056 width=0)
	                    Index Cond: ((id >= 1275329) AND (id <= 1276328))

table 6 : explain SELECT DISTINCT c FROM sbtest6 WHERE id BETWEEN 5221941 AND 5222940 ORDER BY c
	Unique  (cost=3822.72..3827.61 rows=977 width=121)
	  ->  Sort  (cost=3822.72..3825.16 rows=977 width=121)
	        Sort Key: c
	        ->  Bitmap Heap Scan on sbtest6  (cost=22.45..3774.20 rows=977 width=121)
	              Recheck Cond: ((id >= 5221941) AND (id <= 5222940))
	              ->  Bitmap Index Scan on sbtest6_pkey  (cost=0.00..22.20 rows=977 width=0)
	                    Index Cond: ((id >= 5221941) AND (id <= 5222940))

table 7 : explain SELECT DISTINCT c FROM sbtest7 WHERE id BETWEEN 3423947 AND 3424946 ORDER BY c
	Unique  (cost=4304.01..4309.53 rows=1103 width=121)
	  ->  Sort  (cost=4304.01..4306.77 rows=1103 width=121)
	        Sort Key: c
	        ->  Bitmap Heap Scan on sbtest7  (cost=27.74..4248.27 rows=1103 width=121)
	              Recheck Cond: ((id >= 3423947) AND (id <= 3424946))
	              ->  Bitmap Index Scan on sbtest7_pkey  (cost=0.00..27.46 rows=1103 width=0)
	                    Index Cond: ((id >= 3423947) AND (id <= 3424946))

table 8 : explain SELECT DISTINCT c FROM sbtest8 WHERE id BETWEEN 1462886 AND 1463885 ORDER BY c
	Unique  (cost=3838.27..3843.18 rows=981 width=121)
	  ->  Sort  (cost=3838.27..3840.72 rows=981 width=121)
	        Sort Key: c
	        ->  Bitmap Heap Scan on sbtest8  (cost=22.49..3789.52 rows=981 width=121)
	              Recheck Cond: ((id >= 1462886) AND (id <= 1463885))
	              ->  Bitmap Index Scan on sbtest8_pkey  (cost=0.00..22.25 rows=981 width=0)
	                    Index Cond: ((id >= 1462886) AND (id <= 1463885))

for: sum_ranges
table 1 : explain SELECT SUM(k) FROM sbtest1 WHERE id BETWEEN 4161068 AND 4162067
	Aggregate  (cost=3968.62..3968.63 rows=1 width=8)
	  ->  Bitmap Heap Scan on sbtest1  (cost=22.97..3966.05 rows=1028 width=4)
	        Recheck Cond: ((id >= 4161068) AND (id <= 4162067))
	        ->  Bitmap Index Scan on sbtest1_pkey  (cost=0.00..22.71 rows=1028 width=0)
	              Index Cond: ((id >= 4161068) AND (id <= 4162067))

table 2 : explain SELECT SUM(k) FROM sbtest2 WHERE id BETWEEN 6506880 AND 6507879
	Aggregate  (cost=4007.24..4007.25 rows=1 width=8)
	  ->  Bitmap Heap Scan on sbtest2  (cost=23.07..4004.65 rows=1038 width=4)
	        Recheck Cond: ((id >= 6506880) AND (id <= 6507879))
	        ->  Bitmap Index Scan on sbtest2_pkey  (cost=0.00..22.82 rows=1038 width=0)
	              Index Cond: ((id >= 6506880) AND (id <= 6507879))

table 3 : explain SELECT SUM(k) FROM sbtest3 WHERE id BETWEEN 4469752 AND 4470751
	Aggregate  (cost=3435.85..3435.86 rows=1 width=8)
	  ->  Bitmap Heap Scan on sbtest3  (cost=21.53..3433.63 rows=887 width=4)
	        Recheck Cond: ((id >= 4469752) AND (id <= 4470751))
	        ->  Bitmap Index Scan on sbtest3_pkey  (cost=0.00..21.30 rows=887 width=0)
	              Index Cond: ((id >= 4469752) AND (id <= 4470751))

table 4 : explain SELECT SUM(k) FROM sbtest4 WHERE id BETWEEN 3563140 AND 3564139
	Aggregate  (cost=4220.74..4220.75 rows=1 width=8)
	  ->  Bitmap Heap Scan on sbtest4  (cost=27.65..4218.01 rows=1094 width=4)
	        Recheck Cond: ((id >= 3563140) AND (id <= 3564139))
	        ->  Bitmap Index Scan on sbtest4_pkey  (cost=0.00..27.37 rows=1094 width=0)
	              Index Cond: ((id >= 3563140) AND (id <= 3564139))

table 5 : explain SELECT SUM(k) FROM sbtest5 WHERE id BETWEEN 7532280 AND 7533279
	Aggregate  (cost=4075.22..4075.23 rows=1 width=8)
	  ->  Bitmap Heap Scan on sbtest5  (cost=27.25..4072.58 rows=1055 width=4)
	        Recheck Cond: ((id >= 7532280) AND (id <= 7533279))
	        ->  Bitmap Index Scan on sbtest5_pkey  (cost=0.00..26.98 rows=1055 width=0)
	              Index Cond: ((id >= 7532280) AND (id <= 7533279))

table 6 : explain SELECT SUM(k) FROM sbtest6 WHERE id BETWEEN 5735651 AND 5736650
	Aggregate  (cost=4108.01..4108.02 rows=1 width=8)
	  ->  Bitmap Heap Scan on sbtest6  (cost=23.35..4105.35 rows=1065 width=4)
	        Recheck Cond: ((id >= 5735651) AND (id <= 5736650))
	        ->  Bitmap Index Scan on sbtest6_pkey  (cost=0.00..23.08 rows=1065 width=0)
	              Index Cond: ((id >= 5735651) AND (id <= 5736650))

table 7 : explain SELECT SUM(k) FROM sbtest7 WHERE id BETWEEN 2132216 AND 2133215
	Aggregate  (cost=4123.01..4123.02 rows=1 width=8)
	  ->  Bitmap Heap Scan on sbtest7  (cost=23.39..4120.34 rows=1069 width=4)
	        Recheck Cond: ((id >= 2132216) AND (id <= 2133215))
	        ->  Bitmap Index Scan on sbtest7_pkey  (cost=0.00..23.12 rows=1069 width=0)
	              Index Cond: ((id >= 2132216) AND (id <= 2133215))

table 8 : explain SELECT SUM(k) FROM sbtest8 WHERE id BETWEEN 8214128 AND 8215127
	Aggregate  (cost=3739.17..3739.18 rows=1 width=8)
	  ->  Bitmap Heap Scan on sbtest8  (cost=22.35..3736.75 rows=967 width=4)
	        Recheck Cond: ((id >= 8214128) AND (id <= 8215127))
	        ->  Bitmap Index Scan on sbtest8_pkey  (cost=0.00..22.11 rows=967 width=0)
	              Index Cond: ((id >= 8214128) AND (id <= 8215127))

for: simple_ranges
table 1 : explain SELECT c FROM sbtest1 WHERE id BETWEEN 5518502 AND 5519501
	Bitmap Heap Scan on sbtest1  (cost=21.72..3506.13 rows=906 width=121)
	  Recheck Cond: ((id >= 5518502) AND (id <= 5519501))
	  ->  Bitmap Index Scan on sbtest1_pkey  (cost=0.00..21.50 rows=906 width=0)
	        Index Cond: ((id >= 5518502) AND (id <= 5519501))

table 2 : explain SELECT c FROM sbtest2 WHERE id BETWEEN 7236798 AND 7237797
	Bitmap Heap Scan on sbtest2  (cost=22.53..3805.08 rows=985 width=121)
	  Recheck Cond: ((id >= 7236798) AND (id <= 7237797))
	  ->  Bitmap Index Scan on sbtest2_pkey  (cost=0.00..22.29 rows=985 width=0)
	        Index Cond: ((id >= 7236798) AND (id <= 7237797))

table 3 : explain SELECT c FROM sbtest3 WHERE id BETWEEN 3812936 AND 3813935
	Bitmap Heap Scan on sbtest3  (cost=22.07..3633.74 rows=940 width=121)
	  Recheck Cond: ((id >= 3812936) AND (id <= 3813935))
	  ->  Bitmap Index Scan on sbtest3_pkey  (cost=0.00..21.83 rows=940 width=0)
	        Index Cond: ((id >= 3812936) AND (id <= 3813935))

table 4 : explain SELECT c FROM sbtest4 WHERE id BETWEEN 7504951 AND 7505950
	Bitmap Heap Scan on sbtest4  (cost=23.06..3999.86 rows=1037 width=121)
	  Recheck Cond: ((id >= 7504951) AND (id <= 7505950))
	  ->  Bitmap Index Scan on sbtest4_pkey  (cost=0.00..22.80 rows=1037 width=0)
	        Index Cond: ((id >= 7504951) AND (id <= 7505950))

table 5 : explain SELECT c FROM sbtest5 WHERE id BETWEEN 2430098 AND 2431097
	Bitmap Heap Scan on sbtest5  (cost=26.75..3888.20 rows=1006 width=121)
	  Recheck Cond: ((id >= 2430098) AND (id <= 2431097))
	  ->  Bitmap Index Scan on sbtest5_pkey  (cost=0.00..26.50 rows=1006 width=0)
	        Index Cond: ((id >= 2430098) AND (id <= 2431097))

table 6 : explain SELECT c FROM sbtest6 WHERE id BETWEEN 9562753 AND 9563752
	Bitmap Heap Scan on sbtest6  (cost=23.17..4037.70 rows=1047 width=121)
	  Recheck Cond: ((id >= 9562753) AND (id <= 9563752))
	  ->  Bitmap Index Scan on sbtest6_pkey  (cost=0.00..22.90 rows=1047 width=0)
	        Index Cond: ((id >= 9562753) AND (id <= 9563752))

table 7 : explain SELECT c FROM sbtest7 WHERE id BETWEEN 1135299 AND 1136298
	Bitmap Heap Scan on sbtest7  (cost=23.02..3985.01 rows=1033 width=121)
	  Recheck Cond: ((id >= 1135299) AND (id <= 1136298))
	  ->  Bitmap Index Scan on sbtest7_pkey  (cost=0.00..22.76 rows=1033 width=0)
	        Index Cond: ((id >= 1135299) AND (id <= 1136298))

table 8 : explain SELECT c FROM sbtest8 WHERE id BETWEEN 5928530 AND 5929529
	Bitmap Heap Scan on sbtest8  (cost=22.88..3932.64 rows=1019 width=121)
	  Recheck Cond: ((id >= 5928530) AND (id <= 5929529))
	  ->  Bitmap Index Scan on sbtest8_pkey  (cost=0.00..22.62 rows=1019 width=0)
	        Index Cond: ((id >= 5928530) AND (id <= 5929529))

for: sum_ranges
table 1 : explain SELECT SUM(k) FROM sbtest1 WHERE id BETWEEN 8153690 AND 8154689
	Aggregate  (cost=3734.99..3735.00 rows=1 width=8)
	  ->  Bitmap Heap Scan on sbtest1  (cost=22.34..3732.57 rows=966 width=4)
	        Recheck Cond: ((id >= 8153690) AND (id <= 8154689))
	        ->  Bitmap Index Scan on sbtest1_pkey  (cost=0.00..22.09 rows=966 width=0)
	              Index Cond: ((id >= 8153690) AND (id <= 8154689))

table 2 : explain SELECT SUM(k) FROM sbtest2 WHERE id BETWEEN 2095077 AND 2096076
	Aggregate  (cost=3720.77..3720.78 rows=1 width=8)
	  ->  Bitmap Heap Scan on sbtest2  (cost=22.30..3718.37 rows=962 width=4)
	        Recheck Cond: ((id >= 2095077) AND (id <= 2096076))
	        ->  Bitmap Index Scan on sbtest2_pkey  (cost=0.00..22.05 rows=962 width=0)
	              Index Cond: ((id >= 2095077) AND (id <= 2096076))

table 3 : explain SELECT SUM(k) FROM sbtest3 WHERE id BETWEEN 7486430 AND 7487429
	Aggregate  (cost=3473.66..3473.67 rows=1 width=8)
	  ->  Bitmap Heap Scan on sbtest3  (cost=21.63..3471.42 rows=897 width=4)
	        Recheck Cond: ((id >= 7486430) AND (id <= 7487429))
	        ->  Bitmap Index Scan on sbtest3_pkey  (cost=0.00..21.40 rows=897 width=0)
	              Index Cond: ((id >= 7486430) AND (id <= 7487429))

table 4 : explain SELECT SUM(k) FROM sbtest4 WHERE id BETWEEN 1960957 AND 1961956
	Aggregate  (cost=3742.48..3742.49 rows=1 width=8)
	  ->  Bitmap Heap Scan on sbtest4  (cost=22.36..3740.06 rows=968 width=4)
	        Recheck Cond: ((id >= 1960957) AND (id <= 1961956))
	        ->  Bitmap Index Scan on sbtest4_pkey  (cost=0.00..22.11 rows=968 width=0)
	              Index Cond: ((id >= 1960957) AND (id <= 1961956))

table 5 : explain SELECT SUM(k) FROM sbtest5 WHERE id BETWEEN 8516853 AND 8517852
	Aggregate  (cost=3868.10..3868.11 rows=1 width=8)
	  ->  Bitmap Heap Scan on sbtest5  (cost=26.68..3865.60 rows=1000 width=4)
	        Recheck Cond: ((id >= 8516853) AND (id <= 8517852))
	        ->  Bitmap Index Scan on sbtest5_pkey  (cost=0.00..26.43 rows=1000 width=0)
	              Index Cond: ((id >= 8516853) AND (id <= 8517852))

table 6 : explain SELECT SUM(k) FROM sbtest6 WHERE id BETWEEN 6183662 AND 6184661
	Aggregate  (cost=3451.83..3451.84 rows=1 width=8)
	  ->  Bitmap Heap Scan on sbtest6  (cost=21.57..3449.60 rows=891 width=4)
	        Recheck Cond: ((id >= 6183662) AND (id <= 6184661))
	        ->  Bitmap Index Scan on sbtest6_pkey  (cost=0.00..21.34 rows=891 width=0)
	              Index Cond: ((id >= 6183662) AND (id <= 6184661))

table 7 : explain SELECT SUM(k) FROM sbtest7 WHERE id BETWEEN 1258867 AND 1259866
	Aggregate  (cost=3572.77..3572.78 rows=1 width=8)
	  ->  Bitmap Heap Scan on sbtest7  (cost=21.90..3570.46 rows=923 width=4)
	        Recheck Cond: ((id >= 1258867) AND (id <= 1259866))
	        ->  Bitmap Index Scan on sbtest7_pkey  (cost=0.00..21.66 rows=923 width=0)
	              Index Cond: ((id >= 1258867) AND (id <= 1259866))

table 8 : explain SELECT SUM(k) FROM sbtest8 WHERE id BETWEEN 8115555 AND 8116554
	Aggregate  (cost=4089.49..4089.50 rows=1 width=8)
	  ->  Bitmap Heap Scan on sbtest8  (cost=23.30..4086.84 rows=1060 width=4)
	        Recheck Cond: ((id >= 8115555) AND (id <= 8116554))
	        ->  Bitmap Index Scan on sbtest8_pkey  (cost=0.00..23.04 rows=1060 width=0)
	              Index Cond: ((id >= 8115555) AND (id <= 8116554))

for: distinct_ranges
table 1 : explain SELECT DISTINCT c FROM sbtest1 WHERE id BETWEEN 7600943 AND 7601942 ORDER BY c
	Unique  (cost=3646.45..3651.11 rows=931 width=121)
	  ->  Sort  (cost=3646.45..3648.78 rows=931 width=121)
	        Sort Key: c
	        ->  Bitmap Heap Scan on sbtest1  (cost=21.98..3600.54 rows=931 width=121)
	              Recheck Cond: ((id >= 7600943) AND (id <= 7601942))
	              ->  Bitmap Index Scan on sbtest1_pkey  (cost=0.00..21.75 rows=931 width=0)
	                    Index Cond: ((id >= 7600943) AND (id <= 7601942))

table 2 : explain SELECT DISTINCT c FROM sbtest2 WHERE id BETWEEN 2278034 AND 2279033 ORDER BY c
	Unique  (cost=3785.17..3790.01 rows=967 width=121)
	  ->  Sort  (cost=3785.17..3787.59 rows=967 width=121)
	        Sort Key: c
	        ->  Bitmap Heap Scan on sbtest2  (cost=22.35..3737.22 rows=967 width=121)
	              Recheck Cond: ((id >= 2278034) AND (id <= 2279033))
	              ->  Bitmap Index Scan on sbtest2_pkey  (cost=0.00..22.11 rows=967 width=0)
	                    Index Cond: ((id >= 2278034) AND (id <= 2279033))

table 3 : explain SELECT DISTINCT c FROM sbtest3 WHERE id BETWEEN 5377248 AND 5378247 ORDER BY c
	Unique  (cost=4054.78..4059.97 rows=1038 width=121)
	  ->  Sort  (cost=4054.78..4057.38 rows=1038 width=121)
	        Sort Key: c
	        ->  Bitmap Heap Scan on sbtest3  (cost=23.07..4002.78 rows=1038 width=121)
	              Recheck Cond: ((id >= 5377248) AND (id <= 5378247))
	              ->  Bitmap Index Scan on sbtest3_pkey  (cost=0.00..22.82 rows=1038 width=0)
	                    Index Cond: ((id >= 5377248) AND (id <= 5378247))

table 4 : explain SELECT DISTINCT c FROM sbtest4 WHERE id BETWEEN 2510176 AND 2511175 ORDER BY c
	Unique  (cost=4261.61..4267.07 rows=1092 width=121)
	  ->  Sort  (cost=4261.61..4264.34 rows=1092 width=121)
	        Sort Key: c
	        ->  Bitmap Heap Scan on sbtest4  (cost=23.63..4206.50 rows=1092 width=121)
	              Recheck Cond: ((id >= 2510176) AND (id <= 2511175))
	              ->  Bitmap Index Scan on sbtest4_pkey  (cost=0.00..23.36 rows=1092 width=0)
	                    Index Cond: ((id >= 2510176) AND (id <= 2511175))

table 5 : explain SELECT DISTINCT c FROM sbtest5 WHERE id BETWEEN 895186 AND 896185 ORDER BY c
	Unique  (cost=3888.48..3893.45 rows=994 width=121)
	  ->  Sort  (cost=3888.48..3890.97 rows=994 width=121)
	        Sort Key: c
	        ->  Bitmap Heap Scan on sbtest5  (cost=22.62..3838.99 rows=994 width=121)
	              Recheck Cond: ((id >= 895186) AND (id <= 896185))
	              ->  Bitmap Index Scan on sbtest5_pkey  (cost=0.00..22.37 rows=994 width=0)
	                    Index Cond: ((id >= 895186) AND (id <= 896185))

table 6 : explain SELECT DISTINCT c FROM sbtest6 WHERE id BETWEEN 7699866 AND 7700865 ORDER BY c
	Unique  (cost=3811.24..3816.11 rows=974 width=121)
	  ->  Sort  (cost=3811.24..3813.68 rows=974 width=121)
	        Sort Key: c
	        ->  Bitmap Heap Scan on sbtest6  (cost=22.42..3762.90 rows=974 width=121)
	              Recheck Cond: ((id >= 7699866) AND (id <= 7700865))
	              ->  Bitmap Index Scan on sbtest6_pkey  (cost=0.00..22.18 rows=974 width=0)
	                    Index Cond: ((id >= 7699866) AND (id <= 7700865))

table 7 : explain SELECT DISTINCT c FROM sbtest7 WHERE id BETWEEN 6560997 AND 6561996 ORDER BY c
	Unique  (cost=4162.68..4168.01 rows=1066 width=121)
	  ->  Sort  (cost=4162.68..4165.34 rows=1066 width=121)
	        Sort Key: c
	        ->  Bitmap Heap Scan on sbtest7  (cost=23.36..4109.07 rows=1066 width=121)
	              Recheck Cond: ((id >= 6560997) AND (id <= 6561996))
	              ->  Bitmap Index Scan on sbtest7_pkey  (cost=0.00..23.09 rows=1066 width=0)
	                    Index Cond: ((id >= 6560997) AND (id <= 6561996))

table 8 : explain SELECT DISTINCT c FROM sbtest8 WHERE id BETWEEN 7534690 AND 7535689 ORDER BY c
	Unique  (cost=3708.13..3712.87 rows=947 width=121)
	  ->  Sort  (cost=3708.13..3710.50 rows=947 width=121)
	        Sort Key: c
	        ->  Bitmap Heap Scan on sbtest8  (cost=22.14..3661.32 rows=947 width=121)
	              Recheck Cond: ((id >= 7534690) AND (id <= 7535689))
	              ->  Bitmap Index Scan on sbtest8_pkey  (cost=0.00..21.90 rows=947 width=0)
	                    Index Cond: ((id >= 7534690) AND (id <= 7535689))

for: simple_ranges
table 1 : explain SELECT c FROM sbtest1 WHERE id BETWEEN 1335799 AND 1336798
	Bitmap Heap Scan on sbtest1  (cost=22.66..3853.14 rows=998 width=121)
	  Recheck Cond: ((id >= 1335799) AND (id <= 1336798))
	  ->  Bitmap Index Scan on sbtest1_pkey  (cost=0.00..22.41 rows=998 width=0)
	        Index Cond: ((id >= 1335799) AND (id <= 1336798))

table 2 : explain SELECT c FROM sbtest2 WHERE id BETWEEN 991117 AND 992116
	Bitmap Heap Scan on sbtest2  (cost=23.08..4008.41 rows=1039 width=121)
	  Recheck Cond: ((id >= 991117) AND (id <= 992116))
	  ->  Bitmap Index Scan on sbtest2_pkey  (cost=0.00..22.82 rows=1039 width=0)
	        Index Cond: ((id >= 991117) AND (id <= 992116))

table 3 : explain SELECT c FROM sbtest3 WHERE id BETWEEN 6612535 AND 6613534
	Bitmap Heap Scan on sbtest3  (cost=22.77..3889.94 rows=1008 width=121)
	  Recheck Cond: ((id >= 6612535) AND (id <= 6613534))
	  ->  Bitmap Index Scan on sbtest3_pkey  (cost=0.00..22.51 rows=1008 width=0)
	        Index Cond: ((id >= 6612535) AND (id <= 6613534))

table 4 : explain SELECT c FROM sbtest4 WHERE id BETWEEN 9484034 AND 9485033
	Bitmap Heap Scan on sbtest4  (cost=22.79..3898.27 rows=1010 width=121)
	  Recheck Cond: ((id >= 9484034) AND (id <= 9485033))
	  ->  Bitmap Index Scan on sbtest4_pkey  (cost=0.00..22.54 rows=1010 width=0)
	        Index Cond: ((id >= 9484034) AND (id <= 9485033))

table 5 : explain SELECT c FROM sbtest5 WHERE id BETWEEN 7761866 AND 7762865
	Bitmap Heap Scan on sbtest5  (cost=27.78..4264.20 rows=1107 width=121)
	  Recheck Cond: ((id >= 7761866) AND (id <= 7762865))
	  ->  Bitmap Index Scan on sbtest5_pkey  (cost=0.00..27.50 rows=1107 width=0)
	        Index Cond: ((id >= 7761866) AND (id <= 7762865))

table 6 : explain SELECT c FROM sbtest6 WHERE id BETWEEN 3650454 AND 3651453
	Bitmap Heap Scan on sbtest6  (cost=23.19..4045.22 rows=1049 width=121)
	  Recheck Cond: ((id >= 3650454) AND (id <= 3651453))
	  ->  Bitmap Index Scan on sbtest6_pkey  (cost=0.00..22.93 rows=1049 width=0)
	        Index Cond: ((id >= 3650454) AND (id <= 3651453))

table 7 : explain SELECT c FROM sbtest7 WHERE id BETWEEN 4682438 AND 4683437
	Bitmap Heap Scan on sbtest7  (cost=22.26..3706.31 rows=959 width=121)
	  Recheck Cond: ((id >= 4682438) AND (id <= 4683437))
	  ->  Bitmap Index Scan on sbtest7_pkey  (cost=0.00..22.02 rows=959 width=0)
	        Index Cond: ((id >= 4682438) AND (id <= 4683437))

table 8 : explain SELECT c FROM sbtest8 WHERE id BETWEEN 8679689 AND 8680688
	Bitmap Heap Scan on sbtest8  (cost=22.50..3793.29 rows=982 width=121)
	  Recheck Cond: ((id >= 8679689) AND (id <= 8680688))
	  ->  Bitmap Index Scan on sbtest8_pkey  (cost=0.00..22.25 rows=982 width=0)
	        Index Cond: ((id >= 8679689) AND (id <= 8680688))

for: distinct_ranges
table 1 : explain SELECT DISTINCT c FROM sbtest1 WHERE id BETWEEN 5069619 AND 5070618 ORDER BY c
	Unique  (cost=3849.32..3854.24 rows=984 width=121)
	  ->  Sort  (cost=3849.32..3851.78 rows=984 width=121)
	        Sort Key: c
	        ->  Bitmap Heap Scan on sbtest1  (cost=22.52..3800.41 rows=984 width=121)
	              Recheck Cond: ((id >= 5069619) AND (id <= 5070618))
	              ->  Bitmap Index Scan on sbtest1_pkey  (cost=0.00..22.27 rows=984 width=0)
	                    Index Cond: ((id >= 5069619) AND (id <= 5070618))

table 2 : explain SELECT DISTINCT c FROM sbtest2 WHERE id BETWEEN 6520826 AND 6521825 ORDER BY c
	Unique  (cost=4056.65..4061.84 rows=1038 width=121)
	  ->  Sort  (cost=4056.65..4059.25 rows=1038 width=121)
	        Sort Key: c
	        ->  Bitmap Heap Scan on sbtest2  (cost=23.07..4004.65 rows=1038 width=121)
	              Recheck Cond: ((id >= 6520826) AND (id <= 6521825))
	              ->  Bitmap Index Scan on sbtest2_pkey  (cost=0.00..22.82 rows=1038 width=0)
	                    Index Cond: ((id >= 6520826) AND (id <= 6521825))

table 3 : explain SELECT DISTINCT c FROM sbtest3 WHERE id BETWEEN 2456605 AND 2457604 ORDER BY c
	Unique  (cost=3683.99..3688.70 rows=941 width=121)
	  ->  Sort  (cost=3683.99..3686.35 rows=941 width=121)
	        Sort Key: c
	        ->  Bitmap Heap Scan on sbtest3  (cost=22.08..3637.52 rows=941 width=121)
	              Recheck Cond: ((id >= 2456605) AND (id <= 2457604))
	              ->  Bitmap Index Scan on sbtest3_pkey  (cost=0.00..21.84 rows=941 width=0)
	                    Index Cond: ((id >= 2456605) AND (id <= 2457604))

table 4 : explain SELECT DISTINCT c FROM sbtest4 WHERE id BETWEEN 5730222 AND 5731221 ORDER BY c
	Unique  (cost=3925.74..3930.76 rows=1004 width=121)
	  ->  Sort  (cost=3925.74..3928.25 rows=1004 width=121)
	        Sort Key: c
	        ->  Bitmap Heap Scan on sbtest4  (cost=22.73..3875.68 rows=1004 width=121)
	              Recheck Cond: ((id >= 5730222) AND (id <= 5731221))
	              ->  Bitmap Index Scan on sbtest4_pkey  (cost=0.00..22.47 rows=1004 width=0)
	                    Index Cond: ((id >= 5730222) AND (id <= 5731221))

table 5 : explain SELECT DISTINCT c FROM sbtest5 WHERE id BETWEEN 8588843 AND 8589842 ORDER BY c
	Unique  (cost=3915.43..3920.43 rows=1000 width=121)
	  ->  Sort  (cost=3915.43..3917.93 rows=1000 width=121)
	        Sort Key: c
	        ->  Bitmap Heap Scan on sbtest5  (cost=26.68..3865.60 rows=1000 width=121)
	              Recheck Cond: ((id >= 8588843) AND (id <= 8589842))
	              ->  Bitmap Index Scan on sbtest5_pkey  (cost=0.00..26.43 rows=1000 width=0)
	                    Index Cond: ((id >= 8588843) AND (id <= 8589842))

table 6 : explain SELECT DISTINCT c FROM sbtest6 WHERE id BETWEEN 1690160 AND 1691159 ORDER BY c
	Unique  (cost=4315.49..4321.02 rows=1106 width=121)
	  ->  Sort  (cost=4315.49..4318.25 rows=1106 width=121)
	        Sort Key: c
	        ->  Bitmap Heap Scan on sbtest6  (cost=27.77..4259.57 rows=1106 width=121)
	              Recheck Cond: ((id >= 1690160) AND (id <= 1691159))
	              ->  Bitmap Index Scan on sbtest6_pkey  (cost=0.00..27.50 rows=1106 width=0)
	                    Index Cond: ((id >= 1690160) AND (id <= 1691159))

table 7 : explain SELECT DISTINCT c FROM sbtest7 WHERE id BETWEEN 5445441 AND 5446440 ORDER BY c
	Unique  (cost=3543.08..3547.60 rows=904 width=121)
	  ->  Sort  (cost=3543.08..3545.34 rows=904 width=121)
	        Sort Key: c
	        ->  Bitmap Heap Scan on sbtest7  (cost=21.70..3498.70 rows=904 width=121)
	              Recheck Cond: ((id >= 5445441) AND (id <= 5446440))
	              ->  Bitmap Index Scan on sbtest7_pkey  (cost=0.00..21.47 rows=904 width=0)
	                    Index Cond: ((id >= 5445441) AND (id <= 5446440))

table 8 : explain SELECT DISTINCT c FROM sbtest8 WHERE id BETWEEN 3811444 AND 3812443 ORDER BY c
	Unique  (cost=3754.08..3758.88 rows=959 width=121)
	  ->  Sort  (cost=3754.08..3756.48 rows=959 width=121)
	        Sort Key: c
	        ->  Bitmap Heap Scan on sbtest8  (cost=22.26..3706.58 rows=959 width=121)
	              Recheck Cond: ((id >= 3811444) AND (id <= 3812443))
	              ->  Bitmap Index Scan on sbtest8_pkey  (cost=0.00..22.02 rows=959 width=0)
	                    Index Cond: ((id >= 3811444) AND (id <= 3812443))

for: sum_ranges
table 1 : explain SELECT SUM(k) FROM sbtest1 WHERE id BETWEEN 309388 AND 310387
	Aggregate  (cost=3583.98..3583.99 rows=1 width=8)
	  ->  Bitmap Heap Scan on sbtest1  (cost=21.93..3581.67 rows=926 width=4)
	        Recheck Cond: ((id >= 309388) AND (id <= 310387))
	        ->  Bitmap Index Scan on sbtest1_pkey  (cost=0.00..21.69 rows=926 width=0)
	              Index Cond: ((id >= 309388) AND (id <= 310387))

table 2 : explain SELECT SUM(k) FROM sbtest2 WHERE id BETWEEN 4710639 AND 4711638
	Aggregate  (cost=3558.35..3558.36 rows=1 width=8)
	  ->  Bitmap Heap Scan on sbtest2  (cost=21.85..3556.05 rows=919 width=4)
	        Recheck Cond: ((id >= 4710639) AND (id <= 4711638))
	        ->  Bitmap Index Scan on sbtest2_pkey  (cost=0.00..21.62 rows=919 width=0)
	              Index Cond: ((id >= 4710639) AND (id <= 4711638))

table 3 : explain SELECT SUM(k) FROM sbtest3 WHERE id BETWEEN 8327589 AND 8328588
	Aggregate  (cost=4061.79..4061.80 rows=1 width=8)
	  ->  Bitmap Heap Scan on sbtest3  (cost=23.23..4059.16 rows=1053 width=4)
	        Recheck Cond: ((id >= 8327589) AND (id <= 8328588))
	        ->  Bitmap Index Scan on sbtest3_pkey  (cost=0.00..22.96 rows=1053 width=0)
	              Index Cond: ((id >= 8327589) AND (id <= 8328588))

table 4 : explain SELECT SUM(k) FROM sbtest4 WHERE id BETWEEN 9196946 AND 9197945
	Aggregate  (cost=3481.89..3481.90 rows=1 width=8)
	  ->  Bitmap Heap Scan on sbtest4  (cost=21.65..3479.64 rows=899 width=4)
	        Recheck Cond: ((id >= 9196946) AND (id <= 9197945))
	        ->  Bitmap Index Scan on sbtest4_pkey  (cost=0.00..21.43 rows=899 width=0)
	              Index Cond: ((id >= 9196946) AND (id <= 9197945))

table 5 : explain SELECT SUM(k) FROM sbtest5 WHERE id BETWEEN 4113376 AND 4114375
	Aggregate  (cost=3917.09..3917.10 rows=1 width=8)
	  ->  Bitmap Heap Scan on sbtest5  (cost=26.82..3914.56 rows=1013 width=4)
	        Recheck Cond: ((id >= 4113376) AND (id <= 4114375))
	        ->  Bitmap Index Scan on sbtest5_pkey  (cost=0.00..26.57 rows=1013 width=0)
	              Index Cond: ((id >= 4113376) AND (id <= 4114375))

table 6 : explain SELECT SUM(k) FROM sbtest6 WHERE id BETWEEN 9871059 AND 9872058
	Aggregate  (cost=3806.81..3806.82 rows=1 width=8)
	  ->  Bitmap Heap Scan on sbtest6  (cost=22.53..3804.35 rows=985 width=4)
	        Recheck Cond: ((id >= 9871059) AND (id <= 9872058))
	        ->  Bitmap Index Scan on sbtest6_pkey  (cost=0.00..22.29 rows=985 width=0)
	              Index Cond: ((id >= 9871059) AND (id <= 9872058))

table 7 : explain SELECT SUM(k) FROM sbtest7 WHERE id BETWEEN 9255524 AND 9256523
	Aggregate  (cost=3648.31..3648.32 rows=1 width=8)
	  ->  Bitmap Heap Scan on sbtest7  (cost=22.10..3645.95 rows=943 width=4)
	        Recheck Cond: ((id >= 9255524) AND (id <= 9256523))
	        ->  Bitmap Index Scan on sbtest7_pkey  (cost=0.00..21.86 rows=943 width=0)
	              Index Cond: ((id >= 9255524) AND (id <= 9256523))

table 8 : explain SELECT SUM(k) FROM sbtest8 WHERE id BETWEEN 51403 AND 52402
	Aggregate  (cost=3946.48..3946.49 rows=1 width=8)
	  ->  Bitmap Heap Scan on sbtest8  (cost=22.91..3943.93 rows=1022 width=4)
	        Recheck Cond: ((id >= 51403) AND (id <= 52402))
	        ->  Bitmap Index Scan on sbtest8_pkey  (cost=0.00..22.65 rows=1022 width=0)
	              Index Cond: ((id >= 51403) AND (id <= 52402))

for: distinct_ranges
table 1 : explain SELECT DISTINCT c FROM sbtest1 WHERE id BETWEEN 6181858 AND 6182857 ORDER BY c
	Unique  (cost=3856.97..3861.90 rows=986 width=121)
	  ->  Sort  (cost=3856.97..3859.44 rows=986 width=121)
	        Sort Key: c
	        ->  Bitmap Heap Scan on sbtest1  (cost=22.54..3807.94 rows=986 width=121)
	              Recheck Cond: ((id >= 6181858) AND (id <= 6182857))
	              ->  Bitmap Index Scan on sbtest1_pkey  (cost=0.00..22.29 rows=986 width=0)
	                    Index Cond: ((id >= 6181858) AND (id <= 6182857))

table 2 : explain SELECT DISTINCT c FROM sbtest2 WHERE id BETWEEN 6142229 AND 6143228 ORDER BY c
	Unique  (cost=4003.17..4008.29 rows=1024 width=121)
	  ->  Sort  (cost=4003.17..4005.73 rows=1024 width=121)
	        Sort Key: c
	        ->  Bitmap Heap Scan on sbtest2  (cost=22.93..3951.97 rows=1024 width=121)
	              Recheck Cond: ((id >= 6142229) AND (id <= 6143228))
	              ->  Bitmap Index Scan on sbtest2_pkey  (cost=0.00..22.68 rows=1024 width=0)
	                    Index Cond: ((id >= 6142229) AND (id <= 6143228))

table 3 : explain SELECT DISTINCT c FROM sbtest3 WHERE id BETWEEN 6780333 AND 6781332 ORDER BY c
	Unique  (cost=3638.04..3642.69 rows=929 width=121)
	  ->  Sort  (cost=3638.04..3640.36 rows=929 width=121)
	        Sort Key: c
	        ->  Bitmap Heap Scan on sbtest3  (cost=21.96..3592.24 rows=929 width=121)
	              Recheck Cond: ((id >= 6780333) AND (id <= 6781332))
	              ->  Bitmap Index Scan on sbtest3_pkey  (cost=0.00..21.72 rows=929 width=0)
	                    Index Cond: ((id >= 6780333) AND (id <= 6781332))

table 4 : explain SELECT DISTINCT c FROM sbtest4 WHERE id BETWEEN 7102106 AND 7103105 ORDER BY c
	Unique  (cost=4143.40..4148.70 rows=1061 width=121)
	  ->  Sort  (cost=4143.40..4146.05 rows=1061 width=121)
	        Sort Key: c
	        ->  Bitmap Heap Scan on sbtest4  (cost=23.31..4090.07 rows=1061 width=121)
	              Recheck Cond: ((id >= 7102106) AND (id <= 7103105))
	              ->  Bitmap Index Scan on sbtest4_pkey  (cost=0.00..23.04 rows=1061 width=0)
	                    Index Cond: ((id >= 7102106) AND (id <= 7103105))

table 5 : explain SELECT DISTINCT c FROM sbtest5 WHERE id BETWEEN 754037 AND 755036 ORDER BY c
	Unique  (cost=4110.29..4115.54 rows=1051 width=121)
	  ->  Sort  (cost=4110.29..4112.92 rows=1051 width=121)
	        Sort Key: c
	        ->  Bitmap Heap Scan on sbtest5  (cost=27.21..4057.54 rows=1051 width=121)
	              Recheck Cond: ((id >= 754037) AND (id <= 755036))
	              ->  Bitmap Index Scan on sbtest5_pkey  (cost=0.00..26.94 rows=1051 width=0)
	                    Index Cond: ((id >= 754037) AND (id <= 755036))

table 6 : explain SELECT DISTINCT c FROM sbtest6 WHERE id BETWEEN 4882873 AND 4883872 ORDER BY c
	Unique  (cost=3569.96..3574.51 rows=911 width=121)
	  ->  Sort  (cost=3569.96..3572.24 rows=911 width=121)
	        Sort Key: c
	        ->  Bitmap Heap Scan on sbtest6  (cost=21.77..3525.18 rows=911 width=121)
	              Recheck Cond: ((id >= 4882873) AND (id <= 4883872))
	              ->  Bitmap Index Scan on sbtest6_pkey  (cost=0.00..21.54 rows=911 width=0)
	                    Index Cond: ((id >= 4882873) AND (id <= 4883872))

table 7 : explain SELECT DISTINCT c FROM sbtest7 WHERE id BETWEEN 5768421 AND 5769420 ORDER BY c
	Unique  (cost=4067.27..4072.47 rows=1041 width=121)
	  ->  Sort  (cost=4067.27..4069.87 rows=1041 width=121)
	        Sort Key: c
	        ->  Bitmap Heap Scan on sbtest7  (cost=23.11..4015.10 rows=1041 width=121)
	              Recheck Cond: ((id >= 5768421) AND (id <= 5769420))
	              ->  Bitmap Index Scan on sbtest7_pkey  (cost=0.00..22.84 rows=1041 width=0)
	                    Index Cond: ((id >= 5768421) AND (id <= 5769420))

table 8 : explain SELECT DISTINCT c FROM sbtest8 WHERE id BETWEEN 5900431 AND 5901430 ORDER BY c
	Unique  (cost=3983.55..3988.65 rows=1019 width=121)
	  ->  Sort  (cost=3983.55..3986.10 rows=1019 width=121)
	        Sort Key: c
	        ->  Bitmap Heap Scan on sbtest8  (cost=22.88..3932.64 rows=1019 width=121)
	              Recheck Cond: ((id >= 5900431) AND (id <= 5901430))
	              ->  Bitmap Index Scan on sbtest8_pkey  (cost=0.00..22.62 rows=1019 width=0)
	                    Index Cond: ((id >= 5900431) AND (id <= 5901430))

for: order_ranges
table 1 : explain SELECT c FROM sbtest1 WHERE id BETWEEN 3407508 AND 3408507 ORDER BY c
	Sort  (cost=3565.97..3568.25 rows=910 width=121)
	  Sort Key: c
	  ->  Bitmap Heap Scan on sbtest1  (cost=21.76..3521.24 rows=910 width=121)
	        Recheck Cond: ((id >= 3407508) AND (id <= 3408507))
	        ->  Bitmap Index Scan on sbtest1_pkey  (cost=0.00..21.54 rows=910 width=0)
	              Index Cond: ((id >= 3407508) AND (id <= 3408507))

table 2 : explain SELECT c FROM sbtest2 WHERE id BETWEEN 3731123 AND 3732122 ORDER BY c
	Sort  (cost=4262.91..4265.63 rows=1091 width=121)
	  Sort Key: c
	  ->  Bitmap Heap Scan on sbtest2  (cost=27.62..4207.86 rows=1091 width=121)
	        Recheck Cond: ((id >= 3731123) AND (id <= 3732122))
	        ->  Bitmap Index Scan on sbtest2_pkey  (cost=0.00..27.34 rows=1091 width=0)
	              Index Cond: ((id >= 3731123) AND (id <= 3732122))

table 3 : explain SELECT c FROM sbtest3 WHERE id BETWEEN 8688208 AND 8689207 ORDER BY c
	Sort  (cost=3978.43..3980.97 rows=1018 width=121)
	  Sort Key: c
	  ->  Bitmap Heap Scan on sbtest3  (cost=22.87..3927.57 rows=1018 width=121)
	        Recheck Cond: ((id >= 8688208) AND (id <= 8689207))
	        ->  Bitmap Index Scan on sbtest3_pkey  (cost=0.00..22.61 rows=1018 width=0)
	              Index Cond: ((id >= 8688208) AND (id <= 8689207))

table 4 : explain SELECT c FROM sbtest4 WHERE id BETWEEN 4067549 AND 4068548 ORDER BY c
	Sort  (cost=3925.74..3928.25 rows=1004 width=121)
	  Sort Key: c
	  ->  Bitmap Heap Scan on sbtest4  (cost=22.73..3875.68 rows=1004 width=121)
	        Recheck Cond: ((id >= 4067549) AND (id <= 4068548))
	        ->  Bitmap Index Scan on sbtest4_pkey  (cost=0.00..22.47 rows=1004 width=0)
	              Index Cond: ((id >= 4067549) AND (id <= 4068548))

table 5 : explain SELECT c FROM sbtest5 WHERE id BETWEEN 3805868 AND 3806867 ORDER BY c
	Sort  (cost=3980.42..3982.96 rows=1017 width=121)
	  Sort Key: c
	  ->  Bitmap Heap Scan on sbtest5  (cost=26.86..3929.62 rows=1017 width=121)
	        Recheck Cond: ((id >= 3805868) AND (id <= 3806867))
	        ->  Bitmap Index Scan on sbtest5_pkey  (cost=0.00..26.61 rows=1017 width=0)
	              Index Cond: ((id >= 3805868) AND (id <= 3806867))

table 6 : explain SELECT c FROM sbtest6 WHERE id BETWEEN 2265111 AND 2266110 ORDER BY c
	Sort  (cost=3937.44..3939.95 rows=1007 width=121)
	  Sort Key: c
	  ->  Bitmap Heap Scan on sbtest6  (cost=22.76..3887.21 rows=1007 width=121)
	        Recheck Cond: ((id >= 2265111) AND (id <= 2266110))
	        ->  Bitmap Index Scan on sbtest6_pkey  (cost=0.00..22.50 rows=1007 width=0)
	              Index Cond: ((id >= 2265111) AND (id <= 2266110))

table 7 : explain SELECT c FROM sbtest7 WHERE id BETWEEN 96337 AND 97336 ORDER BY c
	Sort  (cost=3638.91..3641.24 rows=929 width=121)
	  Sort Key: c
	  ->  Bitmap Heap Scan on sbtest7  (cost=21.96..3593.12 rows=929 width=121)
	        Recheck Cond: ((id >= 96337) AND (id <= 97336))
	        ->  Bitmap Index Scan on sbtest7_pkey  (cost=0.00..21.72 rows=929 width=0)
	              Index Cond: ((id >= 96337) AND (id <= 97336))

table 8 : explain SELECT c FROM sbtest8 WHERE id BETWEEN 9455970 AND 9456969 ORDER BY c
	Sort  (cost=3616.18..3618.49 rows=923 width=121)
	  Sort Key: c
	  ->  Bitmap Heap Scan on sbtest8  (cost=21.90..3570.72 rows=923 width=121)
	        Recheck Cond: ((id >= 9455970) AND (id <= 9456969))
	        ->  Bitmap Index Scan on sbtest8_pkey  (cost=0.00..21.66 rows=923 width=0)
	              Index Cond: ((id >= 9455970) AND (id <= 9456969))

explain: for point_selects :: explain SELECT c FROM sbtest%u WHERE id=%u
for: distinct_ranges
table 1 : explain SELECT DISTINCT c FROM sbtest1 WHERE id BETWEEN 3031007 AND 3032006 ORDER BY c
	Unique  (cost=3960.18..3965.25 rows=1013 width=121)
	  ->  Sort  (cost=3960.18..3962.72 rows=1013 width=121)
	        Sort Key: c
	        ->  Bitmap Heap Scan on sbtest1  (cost=22.82..3909.61 rows=1013 width=121)
	              Recheck Cond: ((id >= 3031007) AND (id <= 3032006))
	              ->  Bitmap Index Scan on sbtest1_pkey  (cost=0.00..22.57 rows=1013 width=0)
	                    Index Cond: ((id >= 3031007) AND (id <= 3032006))

table 2 : explain SELECT DISTINCT c FROM sbtest2 WHERE id BETWEEN 2606051 AND 2607050 ORDER BY c
	Unique  (cost=3919.08..3924.09 rows=1002 width=121)
	  ->  Sort  (cost=3919.08..3921.58 rows=1002 width=121)
	        Sort Key: c
	        ->  Bitmap Heap Scan on sbtest2  (cost=22.71..3869.13 rows=1002 width=121)
	              Recheck Cond: ((id >= 2606051) AND (id <= 2607050))
	              ->  Bitmap Index Scan on sbtest2_pkey  (cost=0.00..22.45 rows=1002 width=0)
	                    Index Cond: ((id >= 2606051) AND (id <= 2607050))

table 3 : explain SELECT DISTINCT c FROM sbtest3 WHERE id BETWEEN 8104716 AND 8105715 ORDER BY c
	Unique  (cost=4043.33..4048.51 rows=1035 width=121)
	  ->  Sort  (cost=4043.33..4045.92 rows=1035 width=121)
	        Sort Key: c
	        ->  Bitmap Heap Scan on sbtest3  (cost=23.04..3991.50 rows=1035 width=121)
	              Recheck Cond: ((id >= 8104716) AND (id <= 8105715))
	              ->  Bitmap Index Scan on sbtest3_pkey  (cost=0.00..22.79 rows=1035 width=0)
	                    Index Cond: ((id >= 8104716) AND (id <= 8105715))

table 4 : explain SELECT DISTINCT c FROM sbtest4 WHERE id BETWEEN 9431257 AND 9432256 ORDER BY c
	Unique  (cost=3948.67..3953.72 rows=1010 width=121)
	  ->  Sort  (cost=3948.67..3951.20 rows=1010 width=121)
	        Sort Key: c
	        ->  Bitmap Heap Scan on sbtest4  (cost=22.79..3898.27 rows=1010 width=121)
	              Recheck Cond: ((id >= 9431257) AND (id <= 9432256))
	              ->  Bitmap Index Scan on sbtest4_pkey  (cost=0.00..22.54 rows=1010 width=0)
	                    Index Cond: ((id >= 9431257) AND (id <= 9432256))

table 5 : explain SELECT DISTINCT c FROM sbtest5 WHERE id BETWEEN 4756261 AND 4757260 ORDER BY c
	Unique  (cost=3746.89..3751.67 rows=957 width=121)
	  ->  Sort  (cost=3746.89..3749.28 rows=957 width=121)
	        Sort Key: c
	        ->  Bitmap Heap Scan on sbtest5  (cost=22.24..3699.50 rows=957 width=121)
	              Recheck Cond: ((id >= 4756261) AND (id <= 4757260))
	              ->  Bitmap Index Scan on sbtest5_pkey  (cost=0.00..22.00 rows=957 width=0)
	                    Index Cond: ((id >= 4756261) AND (id <= 4757260))

table 6 : explain SELECT DISTINCT c FROM sbtest6 WHERE id BETWEEN 5477964 AND 5478963 ORDER BY c
	Unique  (cost=3661.94..3666.61 rows=935 width=121)
	  ->  Sort  (cost=3661.94..3664.27 rows=935 width=121)
	        Sort Key: c
	        ->  Bitmap Heap Scan on sbtest6  (cost=22.02..3615.80 rows=935 width=121)
	              Recheck Cond: ((id >= 5477964) AND (id <= 5478963))
	              ->  Bitmap Index Scan on sbtest6_pkey  (cost=0.00..21.79 rows=935 width=0)
	                    Index Cond: ((id >= 5477964) AND (id <= 5478963))

table 7 : explain SELECT DISTINCT c FROM sbtest7 WHERE id BETWEEN 4627963 AND 4628962 ORDER BY c
	Unique  (cost=3753.80..3758.60 rows=959 width=121)
	  ->  Sort  (cost=3753.80..3756.20 rows=959 width=121)
	        Sort Key: c
	        ->  Bitmap Heap Scan on sbtest7  (cost=22.26..3706.31 rows=959 width=121)
	              Recheck Cond: ((id >= 4627963) AND (id <= 4628962))
	              ->  Bitmap Index Scan on sbtest7_pkey  (cost=0.00..22.02 rows=959 width=0)
	                    Index Cond: ((id >= 4627963) AND (id <= 4628962))

table 8 : explain SELECT DISTINCT c FROM sbtest8 WHERE id BETWEEN 9864335 AND 9865334 ORDER BY c
	Unique  (cost=3819.14..3824.02 rows=976 width=121)
	  ->  Sort  (cost=3819.14..3821.58 rows=976 width=121)
	        Sort Key: c
	        ->  Bitmap Heap Scan on sbtest8  (cost=22.44..3770.68 rows=976 width=121)
	              Recheck Cond: ((id >= 9864335) AND (id <= 9865334))
	              ->  Bitmap Index Scan on sbtest8_pkey  (cost=0.00..22.19 rows=976 width=0)
	                    Index Cond: ((id >= 9864335) AND (id <= 9865334))

for: distinct_ranges
table 1 : explain SELECT DISTINCT c FROM sbtest1 WHERE id BETWEEN 2016666 AND 2017665 ORDER BY c
	Unique  (cost=3791.94..3796.79 rows=969 width=121)
	  ->  Sort  (cost=3791.94..3794.37 rows=969 width=121)
	        Sort Key: c
	        ->  Bitmap Heap Scan on sbtest1  (cost=22.37..3743.88 rows=969 width=121)
	              Recheck Cond: ((id >= 2016666) AND (id <= 2017665))
	              ->  Bitmap Index Scan on sbtest1_pkey  (cost=0.00..22.12 rows=969 width=0)
	                    Index Cond: ((id >= 2016666) AND (id <= 2017665))

table 2 : explain SELECT DISTINCT c FROM sbtest2 WHERE id BETWEEN 644963 AND 645962 ORDER BY c
	Unique  (cost=3804.31..3809.17 rows=972 width=121)
	  ->  Sort  (cost=3804.31..3806.74 rows=972 width=121)
	        Sort Key: c
	        ->  Bitmap Heap Scan on sbtest2  (cost=22.40..3756.08 rows=972 width=121)
	              Recheck Cond: ((id >= 644963) AND (id <= 645962))
	              ->  Bitmap Index Scan on sbtest2_pkey  (cost=0.00..22.15 rows=972 width=0)
	                    Index Cond: ((id >= 644963) AND (id <= 645962))

table 3 : explain SELECT DISTINCT c FROM sbtest3 WHERE id BETWEEN 613931 AND 614930 ORDER BY c
	Unique  (cost=3745.24..3750.02 rows=957 width=121)
	  ->  Sort  (cost=3745.24..3747.63 rows=957 width=121)
	        Sort Key: c
	        ->  Bitmap Heap Scan on sbtest3  (cost=22.24..3697.85 rows=957 width=121)
	              Recheck Cond: ((id >= 613931) AND (id <= 614930))
	              ->  Bitmap Index Scan on sbtest3_pkey  (cost=0.00..22.00 rows=957 width=0)
	                    Index Cond: ((id >= 613931) AND (id <= 614930))

table 4 : explain SELECT DISTINCT c FROM sbtest4 WHERE id BETWEEN 1116962 AND 1117961 ORDER BY c
	Unique  (cost=4292.36..4297.86 rows=1100 width=121)
	  ->  Sort  (cost=4292.36..4295.11 rows=1100 width=121)
	        Sort Key: c
	        ->  Bitmap Heap Scan on sbtest4  (cost=27.71..4236.80 rows=1100 width=121)
	              Recheck Cond: ((id >= 1116962) AND (id <= 1117961))
	              ->  Bitmap Index Scan on sbtest4_pkey  (cost=0.00..27.43 rows=1100 width=0)
	                    Index Cond: ((id >= 1116962) AND (id <= 1117961))

table 5 : explain SELECT DISTINCT c FROM sbtest5 WHERE id BETWEEN 1663878 AND 1664877 ORDER BY c
	Unique  (cost=4098.83..4104.07 rows=1048 width=121)
	  ->  Sort  (cost=4098.83..4101.45 rows=1048 width=121)
	        Sort Key: c
	        ->  Bitmap Heap Scan on sbtest5  (cost=27.18..4046.26 rows=1048 width=121)
	              Recheck Cond: ((id >= 1663878) AND (id <= 1664877))
	              ->  Bitmap Index Scan on sbtest5_pkey  (cost=0.00..26.91 rows=1048 width=0)
	                    Index Cond: ((id >= 1663878) AND (id <= 1664877))

table 6 : explain SELECT DISTINCT c FROM sbtest6 WHERE id BETWEEN 4249829 AND 4250828 ORDER BY c
	Unique  (cost=4185.79..4191.15 rows=1071 width=121)
	  ->  Sort  (cost=4185.79..4188.47 rows=1071 width=121)
	        Sort Key: c
	        ->  Bitmap Heap Scan on sbtest6  (cost=27.41..4131.89 rows=1071 width=121)
	              Recheck Cond: ((id >= 4249829) AND (id <= 4250828))
	              ->  Bitmap Index Scan on sbtest6_pkey  (cost=0.00..27.14 rows=1071 width=0)
	                    Index Cond: ((id >= 4249829) AND (id <= 4250828))

table 7 : explain SELECT DISTINCT c FROM sbtest7 WHERE id BETWEEN 2662949 AND 2663948 ORDER BY c
	Unique  (cost=3792.08..3796.92 rows=969 width=121)
	  ->  Sort  (cost=3792.08..3794.50 rows=969 width=121)
	        Sort Key: c
	        ->  Bitmap Heap Scan on sbtest7  (cost=22.37..3744.01 rows=969 width=121)
	              Recheck Cond: ((id >= 2662949) AND (id <= 2663948))
	              ->  Bitmap Index Scan on sbtest7_pkey  (cost=0.00..22.12 rows=969 width=0)
	                    Index Cond: ((id >= 2662949) AND (id <= 2663948))

table 8 : explain SELECT DISTINCT c FROM sbtest8 WHERE id BETWEEN 3158362 AND 3159361 ORDER BY c
	Unique  (cost=3887.99..3892.96 rows=994 width=121)
	  ->  Sort  (cost=3887.99..3890.48 rows=994 width=121)
	        Sort Key: c
	        ->  Bitmap Heap Scan on sbtest8  (cost=22.62..3838.51 rows=994 width=121)
	              Recheck Cond: ((id >= 3158362) AND (id <= 3159361))
	              ->  Bitmap Index Scan on sbtest8_pkey  (cost=0.00..22.37 rows=994 width=0)
	                    Index Cond: ((id >= 3158362) AND (id <= 3159361))

for: distinct_ranges
table 1 : explain SELECT DISTINCT c FROM sbtest1 WHERE id BETWEEN 7337027 AND 7338026 ORDER BY c
	Unique  (cost=4067.12..4072.33 rows=1041 width=121)
	  ->  Sort  (cost=4067.12..4069.72 rows=1041 width=121)
	        Sort Key: c
	        ->  Bitmap Heap Scan on sbtest1  (cost=23.11..4014.95 rows=1041 width=121)
	              Recheck Cond: ((id >= 7337027) AND (id <= 7338026))
	              ->  Bitmap Index Scan on sbtest1_pkey  (cost=0.00..22.84 rows=1041 width=0)
	                    Index Cond: ((id >= 7337027) AND (id <= 7338026))

table 2 : explain SELECT DISTINCT c FROM sbtest2 WHERE id BETWEEN 4716266 AND 4717265 ORDER BY c
	Unique  (cost=3601.29..3605.88 rows=919 width=121)
	  ->  Sort  (cost=3601.29..3603.59 rows=919 width=121)
	        Sort Key: c
	        ->  Bitmap Heap Scan on sbtest2  (cost=21.85..3556.05 rows=919 width=121)
	              Recheck Cond: ((id >= 4716266) AND (id <= 4717265))
	              ->  Bitmap Index Scan on sbtest2_pkey  (cost=0.00..21.62 rows=919 width=0)
	                    Index Cond: ((id >= 4716266) AND (id <= 4717265))

table 3 : explain SELECT DISTINCT c FROM sbtest3 WHERE id BETWEEN 3636595 AND 3637594 ORDER BY c
	Unique  (cost=3875.27..3880.22 rows=991 width=121)
	  ->  Sort  (cost=3875.27..3877.75 rows=991 width=121)
	        Sort Key: c
	        ->  Bitmap Heap Scan on sbtest3  (cost=22.59..3825.95 rows=991 width=121)
	              Recheck Cond: ((id >= 3636595) AND (id <= 3637594))
	              ->  Bitmap Index Scan on sbtest3_pkey  (cost=0.00..22.34 rows=991 width=0)
	                    Index Cond: ((id >= 3636595) AND (id <= 3637594))

table 4 : explain SELECT DISTINCT c FROM sbtest4 WHERE id BETWEEN 5880020 AND 5881019 ORDER BY c
	Unique  (cost=3312.62..3316.84 rows=844 width=121)
	  ->  Sort  (cost=3312.62..3314.73 rows=844 width=121)
	        Sort Key: c
	        ->  Bitmap Heap Scan on sbtest4  (cost=21.09..3271.60 rows=844 width=121)
	              Recheck Cond: ((id >= 5880020) AND (id <= 5881019))
	              ->  Bitmap Index Scan on sbtest4_pkey  (cost=0.00..20.87 rows=844 width=0)
	                    Index Cond: ((id >= 5880020) AND (id <= 5881019))

table 5 : explain SELECT DISTINCT c FROM sbtest5 WHERE id BETWEEN 8399911 AND 8400910 ORDER BY c
	Unique  (cost=3685.60..3690.31 rows=941 width=121)
	  ->  Sort  (cost=3685.60..3687.95 rows=941 width=121)
	        Sort Key: c
	        ->  Bitmap Heap Scan on sbtest5  (cost=22.08..3639.13 rows=941 width=121)
	              Recheck Cond: ((id >= 8399911) AND (id <= 8400910))
	              ->  Bitmap Index Scan on sbtest5_pkey  (cost=0.00..21.84 rows=941 width=0)
	                    Index Cond: ((id >= 8399911) AND (id <= 8400910))

table 6 : explain SELECT DISTINCT c FROM sbtest6 WHERE id BETWEEN 393892 AND 394891 ORDER BY c
	Unique  (cost=4242.99..4248.42 rows=1086 width=121)
	  ->  Sort  (cost=4242.99..4245.71 rows=1086 width=121)
	        Sort Key: c
	        ->  Bitmap Heap Scan on sbtest6  (cost=27.57..4188.23 rows=1086 width=121)
	              Recheck Cond: ((id >= 393892) AND (id <= 394891))
	              ->  Bitmap Index Scan on sbtest6_pkey  (cost=0.00..27.29 rows=1086 width=0)
	                    Index Cond: ((id >= 393892) AND (id <= 394891))

table 7 : explain SELECT DISTINCT c FROM sbtest7 WHERE id BETWEEN 3572988 AND 3573987 ORDER BY c
	Unique  (cost=4002.35..4007.47 rows=1024 width=121)
	  ->  Sort  (cost=4002.35..4004.91 rows=1024 width=121)
	        Sort Key: c
	        ->  Bitmap Heap Scan on sbtest7  (cost=22.93..3951.15 rows=1024 width=121)
	              Recheck Cond: ((id >= 3572988) AND (id <= 3573987))
	              ->  Bitmap Index Scan on sbtest7_pkey  (cost=0.00..22.68 rows=1024 width=0)
	                    Index Cond: ((id >= 3572988) AND (id <= 3573987))

table 8 : explain SELECT DISTINCT c FROM sbtest8 WHERE id BETWEEN 865386 AND 866385 ORDER BY c
	Unique  (cost=3937.69..3942.73 rows=1007 width=121)
	  ->  Sort  (cost=3937.69..3940.21 rows=1007 width=121)
	        Sort Key: c
	        ->  Bitmap Heap Scan on sbtest8  (cost=22.76..3887.46 rows=1007 width=121)
	              Recheck Cond: ((id >= 865386) AND (id <= 866385))
	              ->  Bitmap Index Scan on sbtest8_pkey  (cost=0.00..22.50 rows=1007 width=0)
	                    Index Cond: ((id >= 865386) AND (id <= 866385))

for: distinct_ranges
table 1 : explain SELECT DISTINCT c FROM sbtest1 WHERE id BETWEEN 432403 AND 433402 ORDER BY c
	Unique  (cost=4090.02..4095.26 rows=1047 width=121)
	  ->  Sort  (cost=4090.02..4092.64 rows=1047 width=121)
	        Sort Key: c
	        ->  Bitmap Heap Scan on sbtest1  (cost=23.17..4037.51 rows=1047 width=121)
	              Recheck Cond: ((id >= 432403) AND (id <= 433402))
	              ->  Bitmap Index Scan on sbtest1_pkey  (cost=0.00..22.90 rows=1047 width=0)
	                    Index Cond: ((id >= 432403) AND (id <= 433402))

table 2 : explain SELECT DISTINCT c FROM sbtest2 WHERE id BETWEEN 7359099 AND 7360098 ORDER BY c
	Unique  (cost=3739.23..3744.00 rows=955 width=121)
	  ->  Sort  (cost=3739.23..3741.62 rows=955 width=121)
	        Sort Key: c
	        ->  Bitmap Heap Scan on sbtest2  (cost=22.22..3691.96 rows=955 width=121)
	              Recheck Cond: ((id >= 7359099) AND (id <= 7360098))
	              ->  Bitmap Index Scan on sbtest2_pkey  (cost=0.00..21.98 rows=955 width=0)
	                    Index Cond: ((id >= 7359099) AND (id <= 7360098))

table 3 : explain SELECT DISTINCT c FROM sbtest3 WHERE id BETWEEN 7487923 AND 7488922 ORDER BY c
	Unique  (cost=3515.41..3519.89 rows=897 width=121)
	  ->  Sort  (cost=3515.41..3517.65 rows=897 width=121)
	        Sort Key: c
	        ->  Bitmap Heap Scan on sbtest3  (cost=21.63..3471.42 rows=897 width=121)
	              Recheck Cond: ((id >= 7487923) AND (id <= 7488922))
	              ->  Bitmap Index Scan on sbtest3_pkey  (cost=0.00..21.40 rows=897 width=0)
	                    Index Cond: ((id >= 7487923) AND (id <= 7488922))

table 4 : explain SELECT DISTINCT c FROM sbtest4 WHERE id BETWEEN 9386348 AND 9387347 ORDER BY c
	Unique  (cost=3979.24..3984.33 rows=1018 width=121)
	  ->  Sort  (cost=3979.24..3981.78 rows=1018 width=121)
	        Sort Key: c
	        ->  Bitmap Heap Scan on sbtest4  (cost=22.87..3928.38 rows=1018 width=121)
	              Recheck Cond: ((id >= 9386348) AND (id <= 9387347))
	              ->  Bitmap Index Scan on sbtest4_pkey  (cost=0.00..22.61 rows=1018 width=0)
	                    Index Cond: ((id >= 9386348) AND (id <= 9387347))

table 5 : explain SELECT DISTINCT c FROM sbtest5 WHERE id BETWEEN 5203730 AND 5204729 ORDER BY c
	Unique  (cost=3723.91..3728.66 rows=951 width=121)
	  ->  Sort  (cost=3723.91..3726.29 rows=951 width=121)
	        Sort Key: c
	        ->  Bitmap Heap Scan on sbtest5  (cost=22.18..3676.87 rows=951 width=121)
	              Recheck Cond: ((id >= 5203730) AND (id <= 5204729))
	              ->  Bitmap Index Scan on sbtest5_pkey  (cost=0.00..21.94 rows=951 width=0)
	                    Index Cond: ((id >= 5203730) AND (id <= 5204729))

table 6 : explain SELECT DISTINCT c FROM sbtest6 WHERE id BETWEEN 2517016 AND 2518015 ORDER BY c
	Unique  (cost=4002.39..4007.51 rows=1024 width=121)
	  ->  Sort  (cost=4002.39..4004.95 rows=1024 width=121)
	        Sort Key: c
	        ->  Bitmap Heap Scan on sbtest6  (cost=22.93..3951.19 rows=1024 width=121)
	              Recheck Cond: ((id >= 2517016) AND (id <= 2518015))
	              ->  Bitmap Index Scan on sbtest6_pkey  (cost=0.00..22.68 rows=1024 width=0)
	                    Index Cond: ((id >= 2517016) AND (id <= 2518015))

table 7 : explain SELECT DISTINCT c FROM sbtest7 WHERE id BETWEEN 7652547 AND 7653546 ORDER BY c
	Unique  (cost=3715.52..3720.27 rows=949 width=121)
	  ->  Sort  (cost=3715.52..3717.89 rows=949 width=121)
	        Sort Key: c
	        ->  Bitmap Heap Scan on sbtest7  (cost=22.16..3668.59 rows=949 width=121)
	              Recheck Cond: ((id >= 7652547) AND (id <= 7653546))
	              ->  Bitmap Index Scan on sbtest7_pkey  (cost=0.00..21.93 rows=949 width=0)
	                    Index Cond: ((id >= 7652547) AND (id <= 7653546))

table 8 : explain SELECT DISTINCT c FROM sbtest8 WHERE id BETWEEN 8202217 AND 8203216 ORDER BY c
	Unique  (cost=3784.70..3789.54 rows=967 width=121)
	  ->  Sort  (cost=3784.70..3787.12 rows=967 width=121)
	        Sort Key: c
	        ->  Bitmap Heap Scan on sbtest8  (cost=22.35..3736.75 rows=967 width=121)
	              Recheck Cond: ((id >= 8202217) AND (id <= 8203216))
	              ->  Bitmap Index Scan on sbtest8_pkey  (cost=0.00..22.11 rows=967 width=0)
	                    Index Cond: ((id >= 8202217) AND (id <= 8203216))
for: order_ranges
table 1 : explain SELECT c FROM sbtest1 WHERE id BETWEEN 6415816 AND 6416815 ORDER BY c
	Sort  (cost=4566.48..4569.41 rows=1172 width=121)
	  Sort Key: c
	  ->  Bitmap Heap Scan on sbtest1  (cost=28.45..4506.74 rows=1172 width=121)
	        Recheck Cond: ((id >= 6415816) AND (id <= 6416815))
	        ->  Bitmap Index Scan on sbtest1_pkey  (cost=0.00..28.15 rows=1172 width=0)
	              Index Cond: ((id >= 6415816) AND (id <= 6416815))

table 2 : explain SELECT c FROM sbtest2 WHERE id BETWEEN 5298244 AND 5299243 ORDER BY c
	Sort  (cost=4098.66..4101.28 rows=1049 width=121)
	  Sort Key: c
	  ->  Bitmap Heap Scan on sbtest2  (cost=23.19..4046.02 rows=1049 width=121)
	        Recheck Cond: ((id >= 5298244) AND (id <= 5299243))
	        ->  Bitmap Index Scan on sbtest2_pkey  (cost=0.00..22.93 rows=1049 width=0)
	              Index Cond: ((id >= 5298244) AND (id <= 5299243))

table 3 : explain SELECT c FROM sbtest3 WHERE id BETWEEN 8650456 AND 8651455 ORDER BY c
	Sort  (cost=3645.70..3648.03 rows=931 width=121)
	  Sort Key: c
	  ->  Bitmap Heap Scan on sbtest3  (cost=21.98..3599.79 rows=931 width=121)
	        Recheck Cond: ((id >= 8650456) AND (id <= 8651455))
	        ->  Bitmap Index Scan on sbtest3_pkey  (cost=0.00..21.75 rows=931 width=0)
	              Index Cond: ((id >= 8650456) AND (id <= 8651455))

table 4 : explain SELECT c FROM sbtest4 WHERE id BETWEEN 3121866 AND 3122865 ORDER BY c
	Sort  (cost=4109.06..4111.69 rows=1052 width=121)
	  Sort Key: c
	  ->  Bitmap Heap Scan on sbtest4  (cost=23.22..4056.25 rows=1052 width=121)
	        Recheck Cond: ((id >= 3121866) AND (id <= 3122865))
	        ->  Bitmap Index Scan on sbtest4_pkey  (cost=0.00..22.95 rows=1052 width=0)
	              Index Cond: ((id >= 3121866) AND (id <= 3122865))

table 5 : explain SELECT c FROM sbtest5 WHERE id BETWEEN 7323219 AND 7324218 ORDER BY c
	Sort  (cost=3616.62..3618.93 rows=923 width=121)
	  Sort Key: c
	  ->  Bitmap Heap Scan on sbtest5  (cost=21.90..3571.16 rows=923 width=121)
	        Recheck Cond: ((id >= 7323219) AND (id <= 7324218))
	        ->  Bitmap Index Scan on sbtest5_pkey  (cost=0.00..21.66 rows=923 width=0)
	              Index Cond: ((id >= 7323219) AND (id <= 7324218))

table 6 : explain SELECT c FROM sbtest6 WHERE id BETWEEN 4018359 AND 4019358 ORDER BY c
	Sort  (cost=3669.60..3671.94 rows=937 width=121)
	  Sort Key: c
	  ->  Bitmap Heap Scan on sbtest6  (cost=22.04..3623.35 rows=937 width=121)
	        Recheck Cond: ((id >= 4018359) AND (id <= 4019358))
	        ->  Bitmap Index Scan on sbtest6_pkey  (cost=0.00..21.80 rows=937 width=0)
	              Index Cond: ((id >= 4018359) AND (id <= 4019358))

table 7 : explain SELECT c FROM sbtest7 WHERE id BETWEEN 7227410 AND 7228409 ORDER BY c
	Sort  (cost=3539.25..3541.51 rows=903 width=121)
	  Sort Key: c
	  ->  Bitmap Heap Scan on sbtest7  (cost=21.69..3494.92 rows=903 width=121)
	        Recheck Cond: ((id >= 7227410) AND (id <= 7228409))
	        ->  Bitmap Index Scan on sbtest7_pkey  (cost=0.00..21.46 rows=903 width=0)
	              Index Cond: ((id >= 7227410) AND (id <= 7228409))

table 8 : explain SELECT c FROM sbtest8 WHERE id BETWEEN 4146346 AND 4147345 ORDER BY c
	Sort  (cost=3765.56..3767.97 rows=962 width=121)
	  Sort Key: c
	  ->  Bitmap Heap Scan on sbtest8  (cost=22.30..3717.90 rows=962 width=121)
	        Recheck Cond: ((id >= 4146346) AND (id <= 4147345))
	        ->  Bitmap Index Scan on sbtest8_pkey  (cost=0.00..22.05 rows=962 width=0)
	              Index Cond: ((id >= 4146346) AND (id <= 4147345))

for: sum_ranges
table 1 : explain SELECT SUM(k) FROM sbtest1 WHERE id BETWEEN 4293132 AND 4294131
	Aggregate  (cost=3659.51..3659.52 rows=1 width=8)
	  ->  Bitmap Heap Scan on sbtest1  (cost=22.13..3657.15 rows=946 width=4)
	        Recheck Cond: ((id >= 4293132) AND (id <= 4294131))
	        ->  Bitmap Index Scan on sbtest1_pkey  (cost=0.00..21.89 rows=946 width=0)
	              Index Cond: ((id >= 4293132) AND (id <= 4294131))

table 2 : explain SELECT SUM(k) FROM sbtest2 WHERE id BETWEEN 5757805 AND 5758804
	Aggregate  (cost=3969.59..3969.60 rows=1 width=8)
	  ->  Bitmap Heap Scan on sbtest2  (cost=22.97..3967.02 rows=1028 width=4)
	        Recheck Cond: ((id >= 5757805) AND (id <= 5758804))
	        ->  Bitmap Index Scan on sbtest2_pkey  (cost=0.00..22.71 rows=1028 width=0)
	              Index Cond: ((id >= 5757805) AND (id <= 5758804))

table 3 : explain SELECT SUM(k) FROM sbtest3 WHERE id BETWEEN 8097316 AND 8098315
	Aggregate  (cost=3994.09..3994.10 rows=1 width=8)
	  ->  Bitmap Heap Scan on sbtest3  (cost=23.04..3991.50 rows=1035 width=4)
	        Recheck Cond: ((id >= 8097316) AND (id <= 8098315))
	        ->  Bitmap Index Scan on sbtest3_pkey  (cost=0.00..22.79 rows=1035 width=0)
	              Index Cond: ((id >= 8097316) AND (id <= 8098315))

table 4 : explain SELECT SUM(k) FROM sbtest4 WHERE id BETWEEN 7620706 AND 7621705
	Aggregate  (cost=3780.20..3780.21 rows=1 width=8)
	  ->  Bitmap Heap Scan on sbtest4  (cost=22.46..3777.75 rows=978 width=4)
	        Recheck Cond: ((id >= 7620706) AND (id <= 7621705))
	        ->  Bitmap Index Scan on sbtest4_pkey  (cost=0.00..22.21 rows=978 width=0)
	              Index Cond: ((id >= 7620706) AND (id <= 7621705))

table 5 : explain SELECT SUM(k) FROM sbtest5 WHERE id BETWEEN 7030299 AND 7031298
	Aggregate  (cost=3871.87..3871.88 rows=1 width=8)
	  ->  Bitmap Heap Scan on sbtest5  (cost=26.70..3869.37 rows=1001 width=4)
	        Recheck Cond: ((id >= 7030299) AND (id <= 7031298))
	        ->  Bitmap Index Scan on sbtest5_pkey  (cost=0.00..26.44 rows=1001 width=0)
	              Index Cond: ((id >= 7030299) AND (id <= 7031298))

table 6 : explain SELECT SUM(k) FROM sbtest6 WHERE id BETWEEN 60822 AND 61821
	Aggregate  (cost=3731.38..3731.39 rows=1 width=8)
	  ->  Bitmap Heap Scan on sbtest6  (cost=22.33..3728.97 rows=965 width=4)
	        Recheck Cond: ((id >= 60822) AND (id <= 61821))
	        ->  Bitmap Index Scan on sbtest6_pkey  (cost=0.00..22.08 rows=965 width=0)
	              Index Cond: ((id >= 60822) AND (id <= 61821))

table 7 : explain SELECT SUM(k) FROM sbtest7 WHERE id BETWEEN 9386992 AND 9387991
	Aggregate  (cost=4040.27..4040.28 rows=1 width=8)
	  ->  Bitmap Heap Scan on sbtest7  (cost=23.17..4037.66 rows=1047 width=4)
	        Recheck Cond: ((id >= 9386992) AND (id <= 9387991))
	        ->  Bitmap Index Scan on sbtest7_pkey  (cost=0.00..22.90 rows=1047 width=0)
	              Index Cond: ((id >= 9386992) AND (id <= 9387991))

table 8 : explain SELECT SUM(k) FROM sbtest8 WHERE id BETWEEN 5701949 AND 5702948
	Aggregate  (cost=3871.14..3871.15 rows=1 width=8)
	  ->  Bitmap Heap Scan on sbtest8  (cost=22.71..3868.64 rows=1002 width=4)
	        Recheck Cond: ((id >= 5701949) AND (id <= 5702948))
	        ->  Bitmap Index Scan on sbtest8_pkey  (cost=0.00..22.45 rows=1002 width=0)
	              Index Cond: ((id >= 5701949) AND (id <= 5702948))


for: distinct_ranges
table 1 : explain SELECT DISTINCT c FROM sbtest1 WHERE id BETWEEN 446723 AND 447722 ORDER BY c
	Unique  (cost=4090.02..4095.26 rows=1047 width=121)
	  ->  Sort  (cost=4090.02..4092.64 rows=1047 width=121)
	        Sort Key: c
	        ->  Bitmap Heap Scan on sbtest1  (cost=23.17..4037.51 rows=1047 width=121)
	              Recheck Cond: ((id >= 446723) AND (id <= 447722))
	              ->  Bitmap Index Scan on sbtest1_pkey  (cost=0.00..22.90 rows=1047 width=0)
	                    Index Cond: ((id >= 446723) AND (id <= 447722))

table 2 : explain SELECT DISTINCT c FROM sbtest2 WHERE id BETWEEN 34694 AND 35693 ORDER BY c
	Unique  (cost=3884.66..3889.62 rows=993 width=121)
	  ->  Sort  (cost=3884.66..3887.14 rows=993 width=121)
	        Sort Key: c
	        ->  Bitmap Heap Scan on sbtest2  (cost=22.61..3835.23 rows=993 width=121)
	              Recheck Cond: ((id >= 34694) AND (id <= 35693))
	              ->  Bitmap Index Scan on sbtest2_pkey  (cost=0.00..22.36 rows=993 width=0)
	                    Index Cond: ((id >= 34694) AND (id <= 35693))

table 3 : explain SELECT DISTINCT c FROM sbtest3 WHERE id BETWEEN 4247226 AND 4248225 ORDER BY c
	Unique  (cost=3741.41..3746.19 rows=956 width=121)
	  ->  Sort  (cost=3741.41..3743.80 rows=956 width=121)
	        Sort Key: c
	        ->  Bitmap Heap Scan on sbtest3  (cost=22.23..3694.08 rows=956 width=121)
	              Recheck Cond: ((id >= 4247226) AND (id <= 4248225))
	              ->  Bitmap Index Scan on sbtest3_pkey  (cost=0.00..22.00 rows=956 width=0)
	                    Index Cond: ((id >= 4247226) AND (id <= 4248225))

table 4 : explain SELECT DISTINCT c FROM sbtest4 WHERE id BETWEEN 6313532 AND 6314531 ORDER BY c
	Unique  (cost=3761.28..3766.09 rows=961 width=121)
	  ->  Sort  (cost=3761.28..3763.69 rows=961 width=121)
	        Sort Key: c
	        ->  Bitmap Heap Scan on sbtest4  (cost=22.29..3713.67 rows=961 width=121)
	              Recheck Cond: ((id >= 6313532) AND (id <= 6314531))
	              ->  Bitmap Index Scan on sbtest4_pkey  (cost=0.00..22.04 rows=961 width=0)
	                    Index Cond: ((id >= 6313532) AND (id <= 6314531))

table 5 : explain SELECT DISTINCT c FROM sbtest5 WHERE id BETWEEN 2497597 AND 2498596 ORDER BY c
	Unique  (cost=3585.95..3590.52 rows=915 width=121)
	  ->  Sort  (cost=3585.95..3588.24 rows=915 width=121)
	        Sort Key: c
	        ->  Bitmap Heap Scan on sbtest5  (cost=21.81..3540.94 rows=915 width=121)
	              Recheck Cond: ((id >= 2497597) AND (id <= 2498596))
	              ->  Bitmap Index Scan on sbtest5_pkey  (cost=0.00..21.58 rows=915 width=0)
	                    Index Cond: ((id >= 2497597) AND (id <= 2498596))

table 6 : explain SELECT DISTINCT c FROM sbtest6 WHERE id BETWEEN 1201569 AND 1202568 ORDER BY c
	Unique  (cost=3619.79..3624.41 rows=924 width=121)
	  ->  Sort  (cost=3619.79..3622.10 rows=924 width=121)
	        Sort Key: c
	        ->  Bitmap Heap Scan on sbtest6  (cost=21.91..3574.27 rows=924 width=121)
	              Recheck Cond: ((id >= 1201569) AND (id <= 1202568))
	              ->  Bitmap Index Scan on sbtest6_pkey  (cost=0.00..21.68 rows=924 width=0)
	                    Index Cond: ((id >= 1201569) AND (id <= 1202568))

table 7 : explain SELECT DISTINCT c FROM sbtest7 WHERE id BETWEEN 2734477 AND 2735476 ORDER BY c
	Unique  (cost=4052.00..4057.18 rows=1037 width=121)
	  ->  Sort  (cost=4052.00..4054.59 rows=1037 width=121)
	        Sort Key: c
	        ->  Bitmap Heap Scan on sbtest7  (cost=23.06..4000.05 rows=1037 width=121)
	              Recheck Cond: ((id >= 2734477) AND (id <= 2735476))
	              ->  Bitmap Index Scan on sbtest7_pkey  (cost=0.00..22.80 rows=1037 width=0)
	                    Index Cond: ((id >= 2734477) AND (id <= 2735476))

table 8 : explain SELECT DISTINCT c FROM sbtest8 WHERE id BETWEEN 8680315 AND 8681314 ORDER BY c
	Unique  (cost=3842.10..3847.01 rows=982 width=121)
	  ->  Sort  (cost=3842.10..3844.55 rows=982 width=121)
	        Sort Key: c
	        ->  Bitmap Heap Scan on sbtest8  (cost=22.50..3793.29 rows=982 width=121)
	              Recheck Cond: ((id >= 8680315) AND (id <= 8681314))
	              ->  Bitmap Index Scan on sbtest8_pkey  (cost=0.00..22.25 rows=982 width=0)
	                    Index Cond: ((id >= 8680315) AND (id <= 8681314))

for: order_ranges
table 1 : explain SELECT c FROM sbtest1 WHERE id BETWEEN 854148 AND 855147 ORDER BY c
	Sort  (cost=4044.21..4046.80 rows=1035 width=121)
	  Sort Key: c
	  ->  Bitmap Heap Scan on sbtest1  (cost=23.04..3992.38 rows=1035 width=121)
	        Recheck Cond: ((id >= 854148) AND (id <= 855147))
	        ->  Bitmap Index Scan on sbtest1_pkey  (cost=0.00..22.79 rows=1035 width=0)
	              Index Cond: ((id >= 854148) AND (id <= 855147))

table 2 : explain SELECT c FROM sbtest2 WHERE id BETWEEN 6106910 AND 6107909 ORDER BY c
	Sort  (cost=4003.17..4005.73 rows=1024 width=121)
	  Sort Key: c
	  ->  Bitmap Heap Scan on sbtest2  (cost=22.93..3951.97 rows=1024 width=121)
	        Recheck Cond: ((id >= 6106910) AND (id <= 6107909))
	        ->  Bitmap Index Scan on sbtest2_pkey  (cost=0.00..22.68 rows=1024 width=0)
	              Index Cond: ((id >= 6106910) AND (id <= 6107909))

table 3 : explain SELECT c FROM sbtest3 WHERE id BETWEEN 2125016 AND 2126015 ORDER BY c
	Sort  (cost=3691.65..3694.01 rows=943 width=121)
	  Sort Key: c
	  ->  Bitmap Heap Scan on sbtest3  (cost=22.10..3645.06 rows=943 width=121)
	        Recheck Cond: ((id >= 2125016) AND (id <= 2126015))
	        ->  Bitmap Index Scan on sbtest3_pkey  (cost=0.00..21.86 rows=943 width=0)
	              Index Cond: ((id >= 2125016) AND (id <= 2126015))

table 4 : explain SELECT c FROM sbtest4 WHERE id BETWEEN 2561577 AND 2562576 ORDER BY c
	Sort  (cost=4135.77..4138.41 rows=1059 width=121)
	  Sort Key: c
	  ->  Bitmap Heap Scan on sbtest4  (cost=23.29..4082.56 rows=1059 width=121)
	        Recheck Cond: ((id >= 2561577) AND (id <= 2562576))
	        ->  Bitmap Index Scan on sbtest4_pkey  (cost=0.00..23.02 rows=1059 width=0)
	              Index Cond: ((id >= 2561577) AND (id <= 2562576))

table 5 : explain SELECT c FROM sbtest5 WHERE id BETWEEN 9842494 AND 9843493 ORDER BY c
	Sort  (cost=4083.56..4086.17 rows=1044 width=121)
	  Sort Key: c
	  ->  Bitmap Heap Scan on sbtest5  (cost=27.14..4031.22 rows=1044 width=121)
	        Recheck Cond: ((id >= 9842494) AND (id <= 9843493))
	        ->  Bitmap Index Scan on sbtest5_pkey  (cost=0.00..26.87 rows=1044 width=0)
	              Index Cond: ((id >= 9842494) AND (id <= 9843493))

table 6 : explain SELECT c FROM sbtest6 WHERE id BETWEEN 9895008 AND 9896007 ORDER BY c
	Sort  (cost=3853.32..3855.79 rows=985 width=121)
	  Sort Key: c
	  ->  Bitmap Heap Scan on sbtest6  (cost=22.53..3804.35 rows=985 width=121)
	        Recheck Cond: ((id >= 9895008) AND (id <= 9896007))
	        ->  Bitmap Index Scan on sbtest6_pkey  (cost=0.00..22.29 rows=985 width=0)
	              Index Cond: ((id >= 9895008) AND (id <= 9896007))

table 7 : explain SELECT c FROM sbtest7 WHERE id BETWEEN 9678127 AND 9679126 ORDER BY c
	Sort  (cost=3627.42..3629.73 rows=926 width=121)
	  Sort Key: c
	  ->  Bitmap Heap Scan on sbtest7  (cost=21.93..3581.79 rows=926 width=121)
	        Recheck Cond: ((id >= 9678127) AND (id <= 9679126))
	        ->  Bitmap Index Scan on sbtest7_pkey  (cost=0.00..21.69 rows=926 width=0)
	              Index Cond: ((id >= 9678127) AND (id <= 9679126))

table 8 : explain SELECT c FROM sbtest8 WHERE id BETWEEN 9181110 AND 9182109 ORDER BY c
	Sort  (cost=3899.46..3901.96 rows=997 width=121)
	  Sort Key: c
	  ->  Bitmap Heap Scan on sbtest8  (cost=22.65..3849.81 rows=997 width=121)
	        Recheck Cond: ((id >= 9181110) AND (id <= 9182109))
	        ->  Bitmap Index Scan on sbtest8_pkey  (cost=0.00..22.40 rows=997 width=0)
	              Index Cond: ((id >= 9181110) AND (id <= 9182109))

for: order_ranges
table 1 : explain SELECT c FROM sbtest1 WHERE id BETWEEN 2521491 AND 2522490 ORDER BY c
	Sort  (cost=3807.25..3809.68 rows=973 width=121)
	  Sort Key: c
	  ->  Bitmap Heap Scan on sbtest1  (cost=22.41..3758.96 rows=973 width=121)
	        Recheck Cond: ((id >= 2521491) AND (id <= 2522490))
	        ->  Bitmap Index Scan on sbtest1_pkey  (cost=0.00..22.16 rows=973 width=0)
	              Index Cond: ((id >= 2521491) AND (id <= 2522490))

table 2 : explain SELECT c FROM sbtest2 WHERE id BETWEEN 2821600 AND 2822599 ORDER BY c
	Sort  (cost=3570.61..3572.89 rows=911 width=121)
	  Sort Key: c
	  ->  Bitmap Heap Scan on sbtest2  (cost=21.77..3525.83 rows=911 width=121)
	        Recheck Cond: ((id >= 2821600) AND (id <= 2822599))
	        ->  Bitmap Index Scan on sbtest2_pkey  (cost=0.00..21.54 rows=911 width=0)
	              Index Cond: ((id >= 2821600) AND (id <= 2822599))

table 3 : explain SELECT c FROM sbtest3 WHERE id BETWEEN 6652198 AND 6653197 ORDER BY c
	Sort  (cost=3657.19..3659.52 rows=934 width=121)
	  Sort Key: c
	  ->  Bitmap Heap Scan on sbtest3  (cost=22.01..3611.11 rows=934 width=121)
	        Recheck Cond: ((id >= 6652198) AND (id <= 6653197))
	        ->  Bitmap Index Scan on sbtest3_pkey  (cost=0.00..21.77 rows=934 width=0)
	              Index Cond: ((id >= 6652198) AND (id <= 6653197))

table 4 : explain SELECT c FROM sbtest4 WHERE id BETWEEN 1159987 AND 1160986 ORDER BY c
	Sort  (cost=4292.36..4295.11 rows=1100 width=121)
	  Sort Key: c
	  ->  Bitmap Heap Scan on sbtest4  (cost=27.71..4236.80 rows=1100 width=121)
	        Recheck Cond: ((id >= 1159987) AND (id <= 1160986))
	        ->  Bitmap Index Scan on sbtest4_pkey  (cost=0.00..27.43 rows=1100 width=0)
	              Index Cond: ((id >= 1159987) AND (id <= 1160986))

table 5 : explain SELECT c FROM sbtest5 WHERE id BETWEEN 6481745 AND 6482744 ORDER BY c
	Sort  (cost=3984.24..3986.78 rows=1018 width=121)
	  Sort Key: c
	  ->  Bitmap Heap Scan on sbtest5  (cost=26.87..3933.38 rows=1018 width=121)
	        Recheck Cond: ((id >= 6481745) AND (id <= 6482744))
	        ->  Bitmap Index Scan on sbtest5_pkey  (cost=0.00..26.61 rows=1018 width=0)
	              Index Cond: ((id >= 6481745) AND (id <= 6482744))

table 6 : explain SELECT c FROM sbtest6 WHERE id BETWEEN 50936 AND 51935 ORDER BY c
	Sort  (cost=3776.81..3779.22 rows=965 width=121)
	  Sort Key: c
	  ->  Bitmap Heap Scan on sbtest6  (cost=22.33..3728.97 rows=965 width=121)
	        Recheck Cond: ((id >= 50936) AND (id <= 51935))
	        ->  Bitmap Index Scan on sbtest6_pkey  (cost=0.00..22.08 rows=965 width=0)
	              Index Cond: ((id >= 50936) AND (id <= 51935))

table 7 : explain SELECT c FROM sbtest7 WHERE id BETWEEN 6179015 AND 6180014 ORDER BY c
	Sort  (cost=3765.29..3767.69 rows=962 width=121)
	  Sort Key: c
	  ->  Bitmap Heap Scan on sbtest7  (cost=22.30..3717.62 rows=962 width=121)
	        Recheck Cond: ((id >= 6179015) AND (id <= 6180014))
	        ->  Bitmap Index Scan on sbtest7_pkey  (cost=0.00..22.05 rows=962 width=0)
	              Index Cond: ((id >= 6179015) AND (id <= 6180014))

table 8 : explain SELECT c FROM sbtest8 WHERE id BETWEEN 1893762 AND 1894761 ORDER BY c
	Sort  (cost=3807.66..3810.10 rows=973 width=121)
	  Sort Key: c
	  ->  Bitmap Heap Scan on sbtest8  (cost=22.41..3759.37 rows=973 width=121)
	        Recheck Cond: ((id >= 1893762) AND (id <= 1894761))
	        ->  Bitmap Index Scan on sbtest8_pkey  (cost=0.00..22.16 rows=973 width=0)
	              Index Cond: ((id >= 1893762) AND (id <= 1894761))

for: distinct_ranges
table 1 : explain SELECT DISTINCT c FROM sbtest1 WHERE id BETWEEN 7959806 AND 7960805 ORDER BY c
	Unique  (cost=3967.82..3972.90 rows=1015 width=121)
	  ->  Sort  (cost=3967.82..3970.36 rows=1015 width=121)
	        Sort Key: c
	        ->  Bitmap Heap Scan on sbtest1  (cost=22.84..3917.14 rows=1015 width=121)
	              Recheck Cond: ((id >= 7959806) AND (id <= 7960805))
	              ->  Bitmap Index Scan on sbtest1_pkey  (cost=0.00..22.58 rows=1015 width=0)
	                    Index Cond: ((id >= 7959806) AND (id <= 7960805))

table 2 : explain SELECT DISTINCT c FROM sbtest2 WHERE id BETWEEN 5924343 AND 5925342 ORDER BY c
	Unique  (cost=4010.81..4015.94 rows=1026 width=121)
	  ->  Sort  (cost=4010.81..4013.38 rows=1026 width=121)
	        Sort Key: c
	        ->  Bitmap Heap Scan on sbtest2  (cost=22.95..3959.50 rows=1026 width=121)
	              Recheck Cond: ((id >= 5924343) AND (id <= 5925342))
	              ->  Bitmap Index Scan on sbtest2_pkey  (cost=0.00..22.69 rows=1026 width=0)
	                    Index Cond: ((id >= 5924343) AND (id <= 5925342))

table 3 : explain SELECT DISTINCT c FROM sbtest3 WHERE id BETWEEN 6200 AND 7199 ORDER BY c
	Unique  (cost=3932.59..3937.62 rows=1006 width=121)
	  ->  Sort  (cost=3932.59..3935.10 rows=1006 width=121)
	        Sort Key: c
	        ->  Bitmap Heap Scan on sbtest3  (cost=22.75..3882.42 rows=1006 width=121)
	              Recheck Cond: ((id >= 6200) AND (id <= 7199))
	              ->  Bitmap Index Scan on sbtest3_pkey  (cost=0.00..22.50 rows=1006 width=0)
	                    Index Cond: ((id >= 6200) AND (id <= 7199))

table 4 : explain SELECT DISTINCT c FROM sbtest4 WHERE id BETWEEN 9024003 AND 9025002 ORDER BY c
	Unique  (cost=3879.87..3884.83 rows=992 width=121)
	  ->  Sort  (cost=3879.87..3882.35 rows=992 width=121)
	        Sort Key: c
	        ->  Bitmap Heap Scan on sbtest4  (cost=22.60..3830.50 rows=992 width=121)
	              Recheck Cond: ((id >= 9024003) AND (id <= 9025002))
	              ->  Bitmap Index Scan on sbtest4_pkey  (cost=0.00..22.36 rows=992 width=0)
	                    Index Cond: ((id >= 9024003) AND (id <= 9025002))

table 5 : explain SELECT DISTINCT c FROM sbtest5 WHERE id BETWEEN 8504452 AND 8505451 ORDER BY c
	Unique  (cost=3915.43..3920.43 rows=1000 width=121)
	  ->  Sort  (cost=3915.43..3917.93 rows=1000 width=121)
	        Sort Key: c
	        ->  Bitmap Heap Scan on sbtest5  (cost=26.68..3865.60 rows=1000 width=121)
	              Recheck Cond: ((id >= 8504452) AND (id <= 8505451))
	              ->  Bitmap Index Scan on sbtest5_pkey  (cost=0.00..26.43 rows=1000 width=0)
	                    Index Cond: ((id >= 8504452) AND (id <= 8505451))

table 6 : explain SELECT DISTINCT c FROM sbtest6 WHERE id BETWEEN 4881936 AND 4882935 ORDER BY c
	Unique  (cost=3569.96..3574.51 rows=911 width=121)
	  ->  Sort  (cost=3569.96..3572.24 rows=911 width=121)
	        Sort Key: c
	        ->  Bitmap Heap Scan on sbtest6  (cost=21.77..3525.18 rows=911 width=121)
	              Recheck Cond: ((id >= 4881936) AND (id <= 4882935))
	              ->  Bitmap Index Scan on sbtest6_pkey  (cost=0.00..21.54 rows=911 width=0)
	                    Index Cond: ((id >= 4881936) AND (id <= 4882935))

table 7 : explain SELECT DISTINCT c FROM sbtest7 WHERE id BETWEEN 2230991 AND 2231990 ORDER BY c
	Unique  (cost=4101.62..4106.87 rows=1050 width=121)
	  ->  Sort  (cost=4101.62..4104.25 rows=1050 width=121)
	        Sort Key: c
	        ->  Bitmap Heap Scan on sbtest7  (cost=23.20..4048.93 rows=1050 width=121)
	              Recheck Cond: ((id >= 2230991) AND (id <= 2231990))
	              ->  Bitmap Index Scan on sbtest7_pkey  (cost=0.00..22.93 rows=1050 width=0)
	                    Index Cond: ((id >= 2230991) AND (id <= 2231990))

table 8 : explain SELECT DISTINCT c FROM sbtest8 WHERE id BETWEEN 4959390 AND 4960389 ORDER BY c
	Unique  (cost=3868.87..3873.82 rows=989 width=121)
	  ->  Sort  (cost=3868.87..3871.34 rows=989 width=121)
	        Sort Key: c
	        ->  Bitmap Heap Scan on sbtest8  (cost=22.57..3819.67 rows=989 width=121)
	              Recheck Cond: ((id >= 4959390) AND (id <= 4960389))
	              ->  Bitmap Index Scan on sbtest8_pkey  (cost=0.00..22.32 rows=989 width=0)
	                    Index Cond: ((id >= 4959390) AND (id <= 4960389))

for: sum_ranges
table 1 : explain SELECT SUM(k) FROM sbtest1 WHERE id BETWEEN 2786118 AND 2787117
	Aggregate  (cost=3904.61..3904.62 rows=1 width=8)
	  ->  Bitmap Heap Scan on sbtest1  (cost=22.80..3902.08 rows=1011 width=4)
	        Recheck Cond: ((id >= 2786118) AND (id <= 2787117))
	        ->  Bitmap Index Scan on sbtest1_pkey  (cost=0.00..22.54 rows=1011 width=0)
	              Index Cond: ((id >= 2786118) AND (id <= 2787117))

table 2 : explain SELECT SUM(k) FROM sbtest2 WHERE id BETWEEN 935935 AND 936934
	Aggregate  (cost=4011.01..4011.02 rows=1 width=8)
	  ->  Bitmap Heap Scan on sbtest2  (cost=23.08..4008.41 rows=1039 width=4)
	        Recheck Cond: ((id >= 935935) AND (id <= 936934))
	        ->  Bitmap Index Scan on sbtest2_pkey  (cost=0.00..22.82 rows=1039 width=0)
	              Index Cond: ((id >= 935935) AND (id <= 936934))

table 3 : explain SELECT SUM(k) FROM sbtest3 WHERE id BETWEEN 8328552 AND 8329551
	Aggregate  (cost=4061.79..4061.80 rows=1 width=8)
	  ->  Bitmap Heap Scan on sbtest3  (cost=23.23..4059.16 rows=1053 width=4)
	        Recheck Cond: ((id >= 8328552) AND (id <= 8329551))
	        ->  Bitmap Index Scan on sbtest3_pkey  (cost=0.00..22.96 rows=1053 width=0)
	              Index Cond: ((id >= 8328552) AND (id <= 8329551))

table 4 : explain SELECT SUM(k) FROM sbtest4 WHERE id BETWEEN 6578613 AND 6579612
	Aggregate  (cost=4254.57..4254.58 rows=1 width=8)
	  ->  Bitmap Heap Scan on sbtest4  (cost=27.75..4251.81 rows=1104 width=4)
	        Recheck Cond: ((id >= 6578613) AND (id <= 6579612))
	        ->  Bitmap Index Scan on sbtest4_pkey  (cost=0.00..27.47 rows=1104 width=0)
	              Index Cond: ((id >= 6578613) AND (id <= 6579612))

table 5 : explain SELECT SUM(k) FROM sbtest5 WHERE id BETWEEN 779135 AND 780134
	Aggregate  (cost=4060.17..4060.18 rows=1 width=8)
	  ->  Bitmap Heap Scan on sbtest5  (cost=27.21..4057.54 rows=1051 width=4)
	        Recheck Cond: ((id >= 779135) AND (id <= 780134))
	        ->  Bitmap Index Scan on sbtest5_pkey  (cost=0.00..26.94 rows=1051 width=0)
	              Index Cond: ((id >= 779135) AND (id <= 780134))

table 6 : explain SELECT SUM(k) FROM sbtest6 WHERE id BETWEEN 2754194 AND 2755193
	Aggregate  (cost=3810.58..3810.59 rows=1 width=8)
	  ->  Bitmap Heap Scan on sbtest6  (cost=22.54..3808.12 rows=986 width=4)
	        Recheck Cond: ((id >= 2754194) AND (id <= 2755193))
	        ->  Bitmap Index Scan on sbtest6_pkey  (cost=0.00..22.29 rows=986 width=0)
	              Index Cond: ((id >= 2754194) AND (id <= 2755193))

table 7 : explain SELECT SUM(k) FROM sbtest7 WHERE id BETWEEN 3559095 AND 3560094
	Aggregate  (cost=3953.71..3953.72 rows=1 width=8)
	  ->  Bitmap Heap Scan on sbtest7  (cost=22.93..3951.15 rows=1024 width=4)
	        Recheck Cond: ((id >= 3559095) AND (id <= 3560094))
	        ->  Bitmap Index Scan on sbtest7_pkey  (cost=0.00..22.68 rows=1024 width=0)
	              Index Cond: ((id >= 3559095) AND (id <= 3560094))

table 8 : explain SELECT SUM(k) FROM sbtest8 WHERE id BETWEEN 4119118 AND 4120117
	Aggregate  (cost=3720.30..3720.31 rows=1 width=8)
	  ->  Bitmap Heap Scan on sbtest8  (cost=22.30..3717.90 rows=962 width=4)
	        Recheck Cond: ((id >= 4119118) AND (id <= 4120117))
	        ->  Bitmap Index Scan on sbtest8_pkey  (cost=0.00..22.05 rows=962 width=0)
	              Index Cond: ((id >= 4119118) AND (id <= 4120117))

explain: for point_selects :: explain SELECT c FROM sbtest%u WHERE id=%u
for: sum_ranges
table 1 : explain SELECT SUM(k) FROM sbtest1 WHERE id BETWEEN 4337525 AND 4338524
	Aggregate  (cost=3689.71..3689.72 rows=1 width=8)
	  ->  Bitmap Heap Scan on sbtest1  (cost=22.21..3687.32 rows=954 width=4)
	        Recheck Cond: ((id >= 4337525) AND (id <= 4338524))
	        ->  Bitmap Index Scan on sbtest1_pkey  (cost=0.00..21.97 rows=954 width=0)
	              Index Cond: ((id >= 4337525) AND (id <= 4338524))

table 2 : explain SELECT SUM(k) FROM sbtest2 WHERE id BETWEEN 9836210 AND 9837209
	Aggregate  (cost=3724.55..3724.56 rows=1 width=8)
	  ->  Bitmap Heap Scan on sbtest2  (cost=22.31..3722.14 rows=963 width=4)
	        Recheck Cond: ((id >= 9836210) AND (id <= 9837209))
	        ->  Bitmap Index Scan on sbtest2_pkey  (cost=0.00..22.07 rows=963 width=0)
	              Index Cond: ((id >= 9836210) AND (id <= 9837209))

table 3 : explain SELECT SUM(k) FROM sbtest3 WHERE id BETWEEN 5969724 AND 5970723
	Aggregate  (cost=3749.27..3749.28 rows=1 width=8)
	  ->  Bitmap Heap Scan on sbtest3  (cost=22.38..3746.85 rows=970 width=4)
	        Recheck Cond: ((id >= 5969724) AND (id <= 5970723))
	        ->  Bitmap Index Scan on sbtest3_pkey  (cost=0.00..22.14 rows=970 width=0)
	              Index Cond: ((id >= 5969724) AND (id <= 5970723))

table 4 : explain SELECT SUM(k) FROM sbtest4 WHERE id BETWEEN 2457753 AND 2458752
	Aggregate  (cost=3848.05..3848.06 rows=1 width=8)
	  ->  Bitmap Heap Scan on sbtest4  (cost=22.64..3845.56 rows=996 width=4)
	        Recheck Cond: ((id >= 2457753) AND (id <= 2458752))
	        ->  Bitmap Index Scan on sbtest4_pkey  (cost=0.00..22.39 rows=996 width=0)
	              Index Cond: ((id >= 2457753) AND (id <= 2458752))

table 5 : explain SELECT SUM(k) FROM sbtest5 WHERE id BETWEEN 2757991 AND 2758990
	Aggregate  (cost=3788.69..3788.70 rows=1 width=8)
	  ->  Bitmap Heap Scan on sbtest5  (cost=22.48..3786.24 rows=980 width=4)
	        Recheck Cond: ((id >= 2757991) AND (id <= 2758990))
	        ->  Bitmap Index Scan on sbtest5_pkey  (cost=0.00..22.23 rows=980 width=0)
	              Index Cond: ((id >= 2757991) AND (id <= 2758990))

table 6 : explain SELECT SUM(k) FROM sbtest6 WHERE id BETWEEN 4886095 AND 4887094
	Aggregate  (cost=3527.45..3527.46 rows=1 width=8)
	  ->  Bitmap Heap Scan on sbtest6  (cost=21.77..3525.18 rows=911 width=4)
	        Recheck Cond: ((id >= 4886095) AND (id <= 4887094))
	        ->  Bitmap Index Scan on sbtest6_pkey  (cost=0.00..21.54 rows=911 width=0)
	              Index Cond: ((id >= 4886095) AND (id <= 4887094))

table 7 : explain SELECT SUM(k) FROM sbtest7 WHERE id BETWEEN 2266961 AND 2267960
	Aggregate  (cost=4051.56..4051.57 rows=1 width=8)
	  ->  Bitmap Heap Scan on sbtest7  (cost=23.20..4048.93 rows=1050 width=4)
	        Recheck Cond: ((id >= 2266961) AND (id <= 2267960))
	        ->  Bitmap Index Scan on sbtest7_pkey  (cost=0.00..22.93 rows=1050 width=0)
	              Index Cond: ((id >= 2266961) AND (id <= 2267960))

table 8 : explain SELECT SUM(k) FROM sbtest8 WHERE id BETWEEN 9700449 AND 9701448
	Aggregate  (cost=3648.58..3648.59 rows=1 width=8)
	  ->  Bitmap Heap Scan on sbtest8  (cost=22.10..3646.22 rows=943 width=4)
	        Recheck Cond: ((id >= 9700449) AND (id <= 9701448))
	        ->  Bitmap Index Scan on sbtest8_pkey  (cost=0.00..21.86 rows=943 width=0)
	              Index Cond: ((id >= 9700449) AND (id <= 9701448))

for: sum_ranges
table 1 : explain SELECT SUM(k) FROM sbtest1 WHERE id BETWEEN 9584955 AND 9585954
	Aggregate  (cost=3942.27..3942.28 rows=1 width=8)
	  ->  Bitmap Heap Scan on sbtest1  (cost=22.90..3939.72 rows=1021 width=4)
	        Recheck Cond: ((id >= 9584955) AND (id <= 9585954))
	        ->  Bitmap Index Scan on sbtest1_pkey  (cost=0.00..22.64 rows=1021 width=0)
	              Index Cond: ((id >= 9584955) AND (id <= 9585954))

table 2 : explain SELECT SUM(k) FROM sbtest2 WHERE id BETWEEN 1266074 AND 1267073
	Aggregate  (cost=3977.12..3977.13 rows=1 width=8)
	  ->  Bitmap Heap Scan on sbtest2  (cost=22.99..3974.55 rows=1030 width=4)
	        Recheck Cond: ((id >= 1266074) AND (id <= 1267073))
	        ->  Bitmap Index Scan on sbtest2_pkey  (cost=0.00..22.73 rows=1030 width=0)
	              Index Cond: ((id >= 1266074) AND (id <= 1267073))

table 3 : explain SELECT SUM(k) FROM sbtest3 WHERE id BETWEEN 4610550 AND 4611549
	Aggregate  (cost=3851.03..3851.04 rows=1 width=8)
	  ->  Bitmap Heap Scan on sbtest3  (cost=22.65..3848.54 rows=997 width=4)
	        Recheck Cond: ((id >= 4610550) AND (id <= 4611549))
	        ->  Bitmap Index Scan on sbtest3_pkey  (cost=0.00..22.40 rows=997 width=0)
	              Index Cond: ((id >= 4610550) AND (id <= 4611549))

table 4 : explain SELECT SUM(k) FROM sbtest4 WHERE id BETWEEN 8089540 AND 8090539
	Aggregate  (cost=4318.38..4318.39 rows=1 width=8)
	  ->  Bitmap Heap Scan on sbtest4  (cost=27.93..4315.58 rows=1121 width=4)
	        Recheck Cond: ((id >= 8089540) AND (id <= 8090539))
	        ->  Bitmap Index Scan on sbtest4_pkey  (cost=0.00..27.64 rows=1121 width=0)
	              Index Cond: ((id >= 8089540) AND (id <= 8090539))

table 5 : explain SELECT SUM(k) FROM sbtest5 WHERE id BETWEEN 265178 AND 266177
	Aggregate  (cost=3414.61..3414.62 rows=1 width=8)
	  ->  Bitmap Heap Scan on sbtest5  (cost=21.47..3412.41 rows=881 width=4)
	        Recheck Cond: ((id >= 265178) AND (id <= 266177))
	        ->  Bitmap Index Scan on sbtest5_pkey  (cost=0.00..21.25 rows=881 width=0)
	              Index Cond: ((id >= 265178) AND (id <= 266177))

table 6 : explain SELECT SUM(k) FROM sbtest6 WHERE id BETWEEN 118790 AND 119789
	Aggregate  (cost=4040.31..4040.32 rows=1 width=8)
	  ->  Bitmap Heap Scan on sbtest6  (cost=23.17..4037.70 rows=1047 width=4)
	        Recheck Cond: ((id >= 118790) AND (id <= 119789))
	        ->  Bitmap Index Scan on sbtest6_pkey  (cost=0.00..22.90 rows=1047 width=0)
	              Index Cond: ((id >= 118790) AND (id <= 119789))

table 7 : explain SELECT SUM(k) FROM sbtest7 WHERE id BETWEEN 4240806 AND 4241805
	Aggregate  (cost=3972.53..3972.54 rows=1 width=8)
	  ->  Bitmap Heap Scan on sbtest7  (cost=22.98..3969.96 rows=1029 width=4)
	        Recheck Cond: ((id >= 4240806) AND (id <= 4241805))
	        ->  Bitmap Index Scan on sbtest7_pkey  (cost=0.00..22.72 rows=1029 width=0)
	              Index Cond: ((id >= 4240806) AND (id <= 4241805))

table 8 : explain SELECT SUM(k) FROM sbtest8 WHERE id BETWEEN 777722 AND 778721
	Aggregate  (cost=4010.48..4010.49 rows=1 width=8)
	  ->  Bitmap Heap Scan on sbtest8  (cost=23.08..4007.89 rows=1039 width=4)
	        Recheck Cond: ((id >= 777722) AND (id <= 778721))
	        ->  Bitmap Index Scan on sbtest8_pkey  (cost=0.00..22.82 rows=1039 width=0)
	              Index Cond: ((id >= 777722) AND (id <= 778721))

for point_selects
table 1 : explain SELECT c FROM sbtest1 WHERE id=1231369
	Index Scan using sbtest1_pkey on sbtest1  (cost=0.43..8.45 rows=1 width=121)
	  Index Cond: (id = 1231369)

table 2 : explain SELECT c FROM sbtest2 WHERE id=1232868
	Index Scan using sbtest2_pkey on sbtest2  (cost=0.43..8.45 rows=1 width=121)
	  Index Cond: (id = 1232868)

table 3 : explain SELECT c FROM sbtest3 WHERE id=6528411
	Index Scan using sbtest3_pkey on sbtest3  (cost=0.43..8.45 rows=1 width=121)
	  Index Cond: (id = 6528411)

table 4 : explain SELECT c FROM sbtest4 WHERE id=2605495
	Index Scan using sbtest4_pkey on sbtest4  (cost=0.43..8.45 rows=1 width=121)
	  Index Cond: (id = 2605495)

table 5 : explain SELECT c FROM sbtest5 WHERE id=8949741
	Index Scan using sbtest5_pkey on sbtest5  (cost=0.43..8.45 rows=1 width=121)
	  Index Cond: (id = 8949741)

table 6 : explain SELECT c FROM sbtest6 WHERE id=3372495
	Index Scan using sbtest6_pkey on sbtest6  (cost=0.43..8.45 rows=1 width=121)
	  Index Cond: (id = 3372495)

table 7 : explain SELECT c FROM sbtest7 WHERE id=7944499
	Index Scan using sbtest7_pkey on sbtest7  (cost=0.43..8.45 rows=1 width=121)
	  Index Cond: (id = 7944499)

table 8 : explain SELECT c FROM sbtest8 WHERE id=7775821
	Index Scan using sbtest8_pkey on sbtest8  (cost=0.43..8.45 rows=1 width=121)
	  Index Cond: (id = 7775821)

for: distinct_ranges
table 1 : explain SELECT DISTINCT c FROM sbtest1 WHERE id BETWEEN 6127569 AND 6128568 ORDER BY c
	Unique  (cost=3638.79..3643.43 rows=929 width=121)
	  ->  Sort  (cost=3638.79..3641.11 rows=929 width=121)
	        Sort Key: c
	        ->  Bitmap Heap Scan on sbtest1  (cost=21.96..3592.99 rows=929 width=121)
	              Recheck Cond: ((id >= 6127569) AND (id <= 6128568))
	              ->  Bitmap Index Scan on sbtest1_pkey  (cost=0.00..21.72 rows=929 width=0)
	                    Index Cond: ((id >= 6127569) AND (id <= 6128568))

table 2 : explain SELECT DISTINCT c FROM sbtest2 WHERE id BETWEEN 8707555 AND 8708554 ORDER BY c
	Unique  (cost=4175.18..4180.52 rows=1068 width=121)
	  ->  Sort  (cost=4175.18..4177.85 rows=1068 width=121)
	        Sort Key: c
	        ->  Bitmap Heap Scan on sbtest2  (cost=27.38..4121.45 rows=1068 width=121)
	              Recheck Cond: ((id >= 8707555) AND (id <= 8708554))
	              ->  Bitmap Index Scan on sbtest2_pkey  (cost=0.00..27.11 rows=1068 width=0)
	                    Index Cond: ((id >= 8707555) AND (id <= 8708554))

table 3 : explain SELECT DISTINCT c FROM sbtest3 WHERE id BETWEEN 2115583 AND 2116582 ORDER BY c
	Unique  (cost=3691.65..3696.36 rows=943 width=121)
	  ->  Sort  (cost=3691.65..3694.01 rows=943 width=121)
	        Sort Key: c
	        ->  Bitmap Heap Scan on sbtest3  (cost=22.10..3645.06 rows=943 width=121)
	              Recheck Cond: ((id >= 2115583) AND (id <= 2116582))
	              ->  Bitmap Index Scan on sbtest3_pkey  (cost=0.00..21.86 rows=943 width=0)
	                    Index Cond: ((id >= 2115583) AND (id <= 2116582))

table 4 : explain SELECT DISTINCT c FROM sbtest4 WHERE id BETWEEN 6232101 AND 6233100 ORDER BY c
	Unique  (cost=3986.88..3991.98 rows=1020 width=121)
	  ->  Sort  (cost=3986.88..3989.43 rows=1020 width=121)
	        Sort Key: c
	        ->  Bitmap Heap Scan on sbtest4  (cost=22.89..3935.91 rows=1020 width=121)
	              Recheck Cond: ((id >= 6232101) AND (id <= 6233100))
	              ->  Bitmap Index Scan on sbtest4_pkey  (cost=0.00..22.64 rows=1020 width=0)
	                    Index Cond: ((id >= 6232101) AND (id <= 6233100))

table 5 : explain SELECT DISTINCT c FROM sbtest5 WHERE id BETWEEN 5175573 AND 5176572 ORDER BY c
	Unique  (cost=3723.91..3728.66 rows=951 width=121)
	  ->  Sort  (cost=3723.91..3726.29 rows=951 width=121)
	        Sort Key: c
	        ->  Bitmap Heap Scan on sbtest5  (cost=22.18..3676.87 rows=951 width=121)
	              Recheck Cond: ((id >= 5175573) AND (id <= 5176572))
	              ->  Bitmap Index Scan on sbtest5_pkey  (cost=0.00..21.94 rows=951 width=0)
	                    Index Cond: ((id >= 5175573) AND (id <= 5176572))

table 6 : explain SELECT DISTINCT c FROM sbtest6 WHERE id BETWEEN 9869246 AND 9870245 ORDER BY c
	Unique  (cost=3853.32..3858.25 rows=985 width=121)
	  ->  Sort  (cost=3853.32..3855.79 rows=985 width=121)
	        Sort Key: c
	        ->  Bitmap Heap Scan on sbtest6  (cost=22.53..3804.35 rows=985 width=121)
	              Recheck Cond: ((id >= 9869246) AND (id <= 9870245))
	              ->  Bitmap Index Scan on sbtest6_pkey  (cost=0.00..22.29 rows=985 width=0)
	                    Index Cond: ((id >= 9869246) AND (id <= 9870245))

table 7 : explain SELECT DISTINCT c FROM sbtest7 WHERE id BETWEEN 7814476 AND 7815475 ORDER BY c
	Unique  (cost=3654.24..3658.90 rows=933 width=121)
	  ->  Sort  (cost=3654.24..3656.57 rows=933 width=121)
	        Sort Key: c
	        ->  Bitmap Heap Scan on sbtest7  (cost=22.00..3608.22 rows=933 width=121)
	              Recheck Cond: ((id >= 7814476) AND (id <= 7815475))
	              ->  Bitmap Index Scan on sbtest7_pkey  (cost=0.00..21.76 rows=933 width=0)
	                    Index Cond: ((id >= 7814476) AND (id <= 7815475))

table 8 : explain SELECT DISTINCT c FROM sbtest8 WHERE id BETWEEN 6117762 AND 6118761 ORDER BY c
	Unique  (cost=4182.07..4187.43 rows=1071 width=121)
	  ->  Sort  (cost=4182.07..4184.75 rows=1071 width=121)
	        Sort Key: c
	        ->  Bitmap Heap Scan on sbtest8  (cost=23.41..4128.18 rows=1071 width=121)
	              Recheck Cond: ((id >= 6117762) AND (id <= 6118761))
	              ->  Bitmap Index Scan on sbtest8_pkey  (cost=0.00..23.14 rows=1071 width=0)
	                    Index Cond: ((id >= 6117762) AND (id <= 6118761))

for: order_ranges
table 1 : explain SELECT c FROM sbtest1 WHERE id BETWEEN 6371018 AND 6372017 ORDER BY c
	Sort  (cost=4395.26..4398.08 rows=1127 width=121)
	  Sort Key: c
	  ->  Bitmap Heap Scan on sbtest1  (cost=27.99..4338.14 rows=1127 width=121)
	        Recheck Cond: ((id >= 6371018) AND (id <= 6372017))
	        ->  Bitmap Index Scan on sbtest1_pkey  (cost=0.00..27.70 rows=1127 width=0)
	              Index Cond: ((id >= 6371018) AND (id <= 6372017))

table 2 : explain SELECT c FROM sbtest2 WHERE id BETWEEN 1438834 AND 1439833 ORDER BY c
	Sort  (cost=4240.03..4242.74 rows=1085 width=121)
	  Sort Key: c
	  ->  Bitmap Heap Scan on sbtest2  (cost=27.56..4185.32 rows=1085 width=121)
	        Recheck Cond: ((id >= 1438834) AND (id <= 1439833))
	        ->  Bitmap Index Scan on sbtest2_pkey  (cost=0.00..27.29 rows=1085 width=0)
	              Index Cond: ((id >= 1438834) AND (id <= 1439833))

table 3 : explain SELECT c FROM sbtest3 WHERE id BETWEEN 804289 AND 805288 ORDER BY c
	Sort  (cost=4089.13..4091.75 rows=1047 width=121)
	  Sort Key: c
	  ->  Bitmap Heap Scan on sbtest3  (cost=23.17..4036.61 rows=1047 width=121)
	        Recheck Cond: ((id >= 804289) AND (id <= 805288))
	        ->  Bitmap Index Scan on sbtest3_pkey  (cost=0.00..22.90 rows=1047 width=0)
	              Index Cond: ((id >= 804289) AND (id <= 805288))

table 4 : explain SELECT c FROM sbtest4 WHERE id BETWEEN 8703371 AND 8704370 ORDER BY c
	Sort  (cost=4025.07..4027.65 rows=1030 width=121)
	  Sort Key: c
	  ->  Bitmap Heap Scan on sbtest4  (cost=22.99..3973.53 rows=1030 width=121)
	        Recheck Cond: ((id >= 8703371) AND (id <= 8704370))
	        ->  Bitmap Index Scan on sbtest4_pkey  (cost=0.00..22.73 rows=1030 width=0)
	              Index Cond: ((id >= 8703371) AND (id <= 8704370))

table 5 : explain SELECT c FROM sbtest5 WHERE id BETWEEN 4771141 AND 4772140 ORDER BY c
	Sort  (cost=3746.89..3749.28 rows=957 width=121)
	  Sort Key: c
	  ->  Bitmap Heap Scan on sbtest5  (cost=22.24..3699.50 rows=957 width=121)
	        Recheck Cond: ((id >= 4771141) AND (id <= 4772140))
	        ->  Bitmap Index Scan on sbtest5_pkey  (cost=0.00..22.00 rows=957 width=0)
	              Index Cond: ((id >= 4771141) AND (id <= 4772140))

table 6 : explain SELECT c FROM sbtest6 WHERE id BETWEEN 4157062 AND 4158061 ORDER BY c
	Sort  (cost=3830.37..3832.82 rows=979 width=121)
	  Sort Key: c
	  ->  Bitmap Heap Scan on sbtest6  (cost=22.47..3781.74 rows=979 width=121)
	        Recheck Cond: ((id >= 4157062) AND (id <= 4158061))
	        ->  Bitmap Index Scan on sbtest6_pkey  (cost=0.00..22.22 rows=979 width=0)
	              Index Cond: ((id >= 4157062) AND (id <= 4158061))

table 7 : explain SELECT c FROM sbtest7 WHERE id BETWEEN 6295386 AND 6296385 ORDER BY c
	Sort  (cost=3807.38..3809.81 rows=973 width=121)
	  Sort Key: c
	  ->  Bitmap Heap Scan on sbtest7  (cost=22.41..3759.09 rows=973 width=121)
	        Recheck Cond: ((id >= 6295386) AND (id <= 6296385))
	        ->  Bitmap Index Scan on sbtest7_pkey  (cost=0.00..22.16 rows=973 width=0)
	              Index Cond: ((id >= 6295386) AND (id <= 6296385))

table 8 : explain SELECT c FROM sbtest8 WHERE id BETWEEN 6074086 AND 6075085 ORDER BY c
	Sort  (cost=3945.34..3947.86 rows=1009 width=121)
	  Sort Key: c
	  ->  Bitmap Heap Scan on sbtest8  (cost=22.78..3894.99 rows=1009 width=121)
	        Recheck Cond: ((id >= 6074086) AND (id <= 6075085))
	        ->  Bitmap Index Scan on sbtest8_pkey  (cost=0.00..22.52 rows=1009 width=0)
	              Index Cond: ((id >= 6074086) AND (id <= 6075085))

for: distinct_ranges
table 1 : explain SELECT DISTINCT c FROM sbtest1 WHERE id BETWEEN 7659644 AND 7660643 ORDER BY c
	Unique  (cost=3646.45..3651.11 rows=931 width=121)
	  ->  Sort  (cost=3646.45..3648.78 rows=931 width=121)
	        Sort Key: c
	        ->  Bitmap Heap Scan on sbtest1  (cost=21.98..3600.54 rows=931 width=121)
	              Recheck Cond: ((id >= 7659644) AND (id <= 7660643))
	              ->  Bitmap Index Scan on sbtest1_pkey  (cost=0.00..21.75 rows=931 width=0)
	                    Index Cond: ((id >= 7659644) AND (id <= 7660643))

table 2 : explain SELECT DISTINCT c FROM sbtest2 WHERE id BETWEEN 1332375 AND 1333374 ORDER BY c
	Unique  (cost=3490.05..3494.50 rows=890 width=121)
	  ->  Sort  (cost=3490.05..3492.27 rows=890 width=121)
	        Sort Key: c
	        ->  Bitmap Heap Scan on sbtest2  (cost=21.56..3446.45 rows=890 width=121)
	              Recheck Cond: ((id >= 1332375) AND (id <= 1333374))
	              ->  Bitmap Index Scan on sbtest2_pkey  (cost=0.00..21.33 rows=890 width=0)
	                    Index Cond: ((id >= 1332375) AND (id <= 1333374))

table 3 : explain SELECT DISTINCT c FROM sbtest3 WHERE id BETWEEN 2491383 AND 2492382 ORDER BY c
	Unique  (cost=3817.92..3822.80 rows=976 width=121)
	  ->  Sort  (cost=3817.92..3820.36 rows=976 width=121)
	        Sort Key: c
	        ->  Bitmap Heap Scan on sbtest3  (cost=22.44..3769.46 rows=976 width=121)
	              Recheck Cond: ((id >= 2491383) AND (id <= 2492382))
	              ->  Bitmap Index Scan on sbtest3_pkey  (cost=0.00..22.19 rows=976 width=0)
	                    Index Cond: ((id >= 2491383) AND (id <= 2492382))

table 4 : explain SELECT DISTINCT c FROM sbtest4 WHERE id BETWEEN 6291064 AND 6292063 ORDER BY c
	Unique  (cost=3761.28..3766.09 rows=961 width=121)
	  ->  Sort  (cost=3761.28..3763.69 rows=961 width=121)
	        Sort Key: c
	        ->  Bitmap Heap Scan on sbtest4  (cost=22.29..3713.67 rows=961 width=121)
	              Recheck Cond: ((id >= 6291064) AND (id <= 6292063))
	              ->  Bitmap Index Scan on sbtest4_pkey  (cost=0.00..22.04 rows=961 width=0)
	                    Index Cond: ((id >= 6291064) AND (id <= 6292063))

table 5 : explain SELECT DISTINCT c FROM sbtest5 WHERE id BETWEEN 1992279 AND 1993278 ORDER BY c
	Unique  (cost=4133.19..4138.48 rows=1057 width=121)
	  ->  Sort  (cost=4133.19..4135.84 rows=1057 width=121)
	        Sort Key: c
	        ->  Bitmap Heap Scan on sbtest5  (cost=27.27..4080.10 rows=1057 width=121)
	              Recheck Cond: ((id >= 1992279) AND (id <= 1993278))
	              ->  Bitmap Index Scan on sbtest5_pkey  (cost=0.00..27.00 rows=1057 width=0)
	                    Index Cond: ((id >= 1992279) AND (id <= 1993278))

table 6 : explain SELECT DISTINCT c FROM sbtest6 WHERE id BETWEEN 9364459 AND 9365458 ORDER BY c
	Unique  (cost=3615.96..3620.57 rows=923 width=121)
	  ->  Sort  (cost=3615.96..3618.26 rows=923 width=121)
	        Sort Key: c
	        ->  Bitmap Heap Scan on sbtest6  (cost=21.90..3570.50 rows=923 width=121)
	              Recheck Cond: ((id >= 9364459) AND (id <= 9365458))
	              ->  Bitmap Index Scan on sbtest6_pkey  (cost=0.00..21.66 rows=923 width=0)
	                    Index Cond: ((id >= 9364459) AND (id <= 9365458))

table 7 : explain SELECT DISTINCT c FROM sbtest7 WHERE id BETWEEN 3745104 AND 3746103 ORDER BY c
	Unique  (cost=3765.29..3770.10 rows=962 width=121)
	  ->  Sort  (cost=3765.29..3767.69 rows=962 width=121)
	        Sort Key: c
	        ->  Bitmap Heap Scan on sbtest7  (cost=22.30..3717.62 rows=962 width=121)
	              Recheck Cond: ((id >= 3745104) AND (id <= 3746103))
	              ->  Bitmap Index Scan on sbtest7_pkey  (cost=0.00..22.05 rows=962 width=0)
	                    Index Cond: ((id >= 3745104) AND (id <= 3746103))

table 8 : explain SELECT DISTINCT c FROM sbtest8 WHERE id BETWEEN 9758972 AND 9759971 ORDER BY c
	Unique  (cost=3692.81..3697.53 rows=943 width=121)
	  ->  Sort  (cost=3692.81..3695.17 rows=943 width=121)
	        Sort Key: c
	        ->  Bitmap Heap Scan on sbtest8  (cost=22.10..3646.22 rows=943 width=121)
	              Recheck Cond: ((id >= 9758972) AND (id <= 9759971))
	              ->  Bitmap Index Scan on sbtest8_pkey  (cost=0.00..21.86 rows=943 width=0)
	                    Index Cond: ((id >= 9758972) AND (id <= 9759971))

for: order_ranges
table 1 : explain SELECT c FROM sbtest1 WHERE id BETWEEN 2480907 AND 2481906 ORDER BY c
	Sort  (cost=3872.27..3874.74 rows=990 width=121)
	  Sort Key: c
	  ->  Bitmap Heap Scan on sbtest1  (cost=22.58..3823.01 rows=990 width=121)
	        Recheck Cond: ((id >= 2480907) AND (id <= 2481906))
	        ->  Bitmap Index Scan on sbtest1_pkey  (cost=0.00..22.33 rows=990 width=0)
	              Index Cond: ((id >= 2480907) AND (id <= 2481906))

table 2 : explain SELECT c FROM sbtest2 WHERE id BETWEEN 5646813 AND 5647812 ORDER BY c
	Sort  (cost=3888.48..3890.97 rows=994 width=121)
	  Sort Key: c
	  ->  Bitmap Heap Scan on sbtest2  (cost=22.62..3839.00 rows=994 width=121)
	        Recheck Cond: ((id >= 5646813) AND (id <= 5647812))
	        ->  Bitmap Index Scan on sbtest2_pkey  (cost=0.00..22.37 rows=994 width=0)
	              Index Cond: ((id >= 5646813) AND (id <= 5647812))

table 3 : explain SELECT c FROM sbtest3 WHERE id BETWEEN 4251553 AND 4252552 ORDER BY c
	Sort  (cost=3741.41..3743.80 rows=956 width=121)
	  Sort Key: c
	  ->  Bitmap Heap Scan on sbtest3  (cost=22.23..3694.08 rows=956 width=121)
	        Recheck Cond: ((id >= 4251553) AND (id <= 4252552))
	        ->  Bitmap Index Scan on sbtest3_pkey  (cost=0.00..22.00 rows=956 width=0)
	              Index Cond: ((id >= 4251553) AND (id <= 4252552))

table 4 : explain SELECT c FROM sbtest4 WHERE id BETWEEN 8121948 AND 8122947 ORDER BY c
	Sort  (cost=4372.36..4375.16 rows=1121 width=121)
	  Sort Key: c
	  ->  Bitmap Heap Scan on sbtest4  (cost=27.93..4315.58 rows=1121 width=121)
	        Recheck Cond: ((id >= 8121948) AND (id <= 8122947))
	        ->  Bitmap Index Scan on sbtest4_pkey  (cost=0.00..27.64 rows=1121 width=0)
	              Index Cond: ((id >= 8121948) AND (id <= 8122947))

table 5 : explain SELECT c FROM sbtest5 WHERE id BETWEEN 631014 AND 632013 ORDER BY c
	Sort  (cost=3972.77..3975.31 rows=1015 width=121)
	  Sort Key: c
	  ->  Bitmap Heap Scan on sbtest5  (cost=26.84..3922.09 rows=1015 width=121)
	        Recheck Cond: ((id >= 631014) AND (id <= 632013))
	        ->  Bitmap Index Scan on sbtest5_pkey  (cost=0.00..26.58 rows=1015 width=0)
	              Index Cond: ((id >= 631014) AND (id <= 632013))

table 6 : explain SELECT c FROM sbtest6 WHERE id BETWEEN 5820902 AND 5821901 ORDER BY c
	Sort  (cost=4086.40..4089.01 rows=1046 width=121)
	  Sort Key: c
	  ->  Bitmap Heap Scan on sbtest6  (cost=23.16..4033.94 rows=1046 width=121)
	        Recheck Cond: ((id >= 5820902) AND (id <= 5821901))
	        ->  Bitmap Index Scan on sbtest6_pkey  (cost=0.00..22.89 rows=1046 width=0)
	              Index Cond: ((id >= 5820902) AND (id <= 5821901))

table 7 : explain SELECT c FROM sbtest7 WHERE id BETWEEN 9020650 AND 9021649 ORDER BY c
	Sort  (cost=4002.35..4004.91 rows=1024 width=121)
	  Sort Key: c
	  ->  Bitmap Heap Scan on sbtest7  (cost=22.93..3951.15 rows=1024 width=121)
	        Recheck Cond: ((id >= 9020650) AND (id <= 9021649))
	        ->  Bitmap Index Scan on sbtest7_pkey  (cost=0.00..22.68 rows=1024 width=0)
	              Index Cond: ((id >= 9020650) AND (id <= 9021649))

table 8 : explain SELECT c FROM sbtest8 WHERE id BETWEEN 3210324 AND 3211323 ORDER BY c
	Sort  (cost=3865.05..3867.52 rows=988 width=121)
	  Sort Key: c
	  ->  Bitmap Heap Scan on sbtest8  (cost=22.56..3815.90 rows=988 width=121)
	        Recheck Cond: ((id >= 3210324) AND (id <= 3211323))
	        ->  Bitmap Index Scan on sbtest8_pkey  (cost=0.00..22.32 rows=988 width=0)
	              Index Cond: ((id >= 3210324) AND (id <= 3211323))

for: simple_ranges
table 1 : explain SELECT c FROM sbtest1 WHERE id BETWEEN 5723093 AND 5724092
	Bitmap Heap Scan on sbtest1  (cost=28.12..4386.87 rows=1140 width=121)
	  Recheck Cond: ((id >= 5723093) AND (id <= 5724092))
	  ->  Bitmap Index Scan on sbtest1_pkey  (cost=0.00..27.83 rows=1140 width=0)
	        Index Cond: ((id >= 5723093) AND (id <= 5724092))

table 2 : explain SELECT c FROM sbtest2 WHERE id BETWEEN 2618804 AND 2619803
	Bitmap Heap Scan on sbtest2  (cost=22.77..3891.73 rows=1008 width=121)
	  Recheck Cond: ((id >= 2618804) AND (id <= 2619803))
	  ->  Bitmap Index Scan on sbtest2_pkey  (cost=0.00..22.51 rows=1008 width=0)
	        Index Cond: ((id >= 2618804) AND (id <= 2619803))

table 3 : explain SELECT c FROM sbtest3 WHERE id BETWEEN 869816 AND 870815
	Bitmap Heap Scan on sbtest3  (cost=23.17..4036.61 rows=1047 width=121)
	  Recheck Cond: ((id >= 869816) AND (id <= 870815))
	  ->  Bitmap Index Scan on sbtest3_pkey  (cost=0.00..22.90 rows=1047 width=0)
	        Index Cond: ((id >= 869816) AND (id <= 870815))

table 4 : explain SELECT c FROM sbtest4 WHERE id BETWEEN 2513336 AND 2514335
	Bitmap Heap Scan on sbtest4  (cost=23.63..4206.50 rows=1092 width=121)
	  Recheck Cond: ((id >= 2513336) AND (id <= 2514335))
	  ->  Bitmap Index Scan on sbtest4_pkey  (cost=0.00..23.36 rows=1092 width=0)
	        Index Cond: ((id >= 2513336) AND (id <= 2514335))

table 5 : explain SELECT c FROM sbtest5 WHERE id BETWEEN 4369365 AND 4370364
	Bitmap Heap Scan on sbtest5  (cost=22.42..3763.62 rows=974 width=121)
	  Recheck Cond: ((id >= 4369365) AND (id <= 4370364))
	  ->  Bitmap Index Scan on sbtest5_pkey  (cost=0.00..22.18 rows=974 width=0)
	        Index Cond: ((id >= 4369365) AND (id <= 4370364))

table 6 : explain SELECT c FROM sbtest6 WHERE id BETWEEN 4717881 AND 4718880
	Bitmap Heap Scan on sbtest6  (cost=22.51..3796.81 rows=983 width=121)
	  Recheck Cond: ((id >= 4717881) AND (id <= 4718880))
	  ->  Bitmap Index Scan on sbtest6_pkey  (cost=0.00..22.26 rows=983 width=0)
	        Index Cond: ((id >= 4717881) AND (id <= 4718880))

table 7 : explain SELECT c FROM sbtest7 WHERE id BETWEEN 1088911 AND 1089910
	Bitmap Heap Scan on sbtest7  (cost=23.02..3985.01 rows=1033 width=121)
	  Recheck Cond: ((id >= 1088911) AND (id <= 1089910))
	  ->  Bitmap Index Scan on sbtest7_pkey  (cost=0.00..22.76 rows=1033 width=0)
	        Index Cond: ((id >= 1088911) AND (id <= 1089910))

table 8 : explain SELECT c FROM sbtest8 WHERE id BETWEEN 1457978 AND 1458977
	Bitmap Heap Scan on sbtest8  (cost=22.49..3789.52 rows=981 width=121)
	  Recheck Cond: ((id >= 1457978) AND (id <= 1458977))
	  ->  Bitmap Index Scan on sbtest8_pkey  (cost=0.00..22.25 rows=981 width=0)
	        Index Cond: ((id >= 1457978) AND (id <= 1458977))

for: order_ranges
table 1 : explain SELECT c FROM sbtest1 WHERE id BETWEEN 4476783 AND 4477782 ORDER BY c
	Sort  (cost=3795.77..3798.19 rows=970 width=121)
	  Sort Key: c
	  ->  Bitmap Heap Scan on sbtest1  (cost=22.38..3747.65 rows=970 width=121)
	        Recheck Cond: ((id >= 4476783) AND (id <= 4477782))
	        ->  Bitmap Index Scan on sbtest1_pkey  (cost=0.00..22.14 rows=970 width=0)
	              Index Cond: ((id >= 4476783) AND (id <= 4477782))

table 2 : explain SELECT c FROM sbtest2 WHERE id BETWEEN 522781 AND 523780 ORDER BY c
	Sort  (cost=3991.71..3994.26 rows=1021 width=121)
	  Sort Key: c
	  ->  Bitmap Heap Scan on sbtest2  (cost=22.90..3940.68 rows=1021 width=121)
	        Recheck Cond: ((id >= 522781) AND (id <= 523780))
	        ->  Bitmap Index Scan on sbtest2_pkey  (cost=0.00..22.64 rows=1021 width=0)
	              Index Cond: ((id >= 522781) AND (id <= 523780))

table 3 : explain SELECT c FROM sbtest3 WHERE id BETWEEN 4895217 AND 4896216 ORDER BY c
	Sort  (cost=4035.70..4038.28 rows=1033 width=121)
	  Sort Key: c
	  ->  Bitmap Heap Scan on sbtest3  (cost=23.02..3983.98 rows=1033 width=121)
	        Recheck Cond: ((id >= 4895217) AND (id <= 4896216))
	        ->  Bitmap Index Scan on sbtest3_pkey  (cost=0.00..22.76 rows=1033 width=0)
	              Index Cond: ((id >= 4895217) AND (id <= 4896216))

table 4 : explain SELECT c FROM sbtest4 WHERE id BETWEEN 2035823 AND 2036822 ORDER BY c
	Sort  (cost=3788.07..3790.49 rows=968 width=121)
	  Sort Key: c
	  ->  Bitmap Heap Scan on sbtest4  (cost=22.36..3740.06 rows=968 width=121)
	        Recheck Cond: ((id >= 2035823) AND (id <= 2036822))
	        ->  Bitmap Index Scan on sbtest4_pkey  (cost=0.00..22.11 rows=968 width=0)
	              Index Cond: ((id >= 2035823) AND (id <= 2036822))

table 5 : explain SELECT c FROM sbtest5 WHERE id BETWEEN 5076887 AND 5077886 ORDER BY c
	Sort  (cost=3923.07..3925.58 rows=1002 width=121)
	  Sort Key: c
	  ->  Bitmap Heap Scan on sbtest5  (cost=26.71..3873.13 rows=1002 width=121)
	        Recheck Cond: ((id >= 5076887) AND (id <= 5077886))
	        ->  Bitmap Index Scan on sbtest5_pkey  (cost=0.00..26.45 rows=1002 width=0)
	              Index Cond: ((id >= 5076887) AND (id <= 5077886))

table 6 : explain SELECT c FROM sbtest6 WHERE id BETWEEN 5867571 AND 5868570 ORDER BY c
	Sort  (cost=4086.40..4089.01 rows=1046 width=121)
	  Sort Key: c
	  ->  Bitmap Heap Scan on sbtest6  (cost=23.16..4033.94 rows=1046 width=121)
	        Recheck Cond: ((id >= 5867571) AND (id <= 5868570))
	        ->  Bitmap Index Scan on sbtest6_pkey  (cost=0.00..22.89 rows=1046 width=0)
	              Index Cond: ((id >= 5867571) AND (id <= 5868570))

table 7 : explain SELECT c FROM sbtest7 WHERE id BETWEEN 3864494 AND 3865493 ORDER BY c
	Sort  (cost=3451.01..3453.21 rows=880 width=121)
	  Sort Key: c
	  ->  Bitmap Heap Scan on sbtest7  (cost=21.45..3407.97 rows=880 width=121)
	        Recheck Cond: ((id >= 3864494) AND (id <= 3865493))
	        ->  Bitmap Index Scan on sbtest7_pkey  (cost=0.00..21.23 rows=880 width=0)
	              Index Cond: ((id >= 3864494) AND (id <= 3865493))

table 8 : explain SELECT c FROM sbtest8 WHERE id BETWEEN 290663 AND 291662 ORDER BY c
	Sort  (cost=4044.67..4047.26 rows=1035 width=121)
	  Sort Key: c
	  ->  Bitmap Heap Scan on sbtest8  (cost=23.04..3992.84 rows=1035 width=121)
	        Recheck Cond: ((id >= 290663) AND (id <= 291662))
	        ->  Bitmap Index Scan on sbtest8_pkey  (cost=0.00..22.79 rows=1035 width=0)
	              Index Cond: ((id >= 290663) AND (id <= 291662))

explain: for point_selects :: explain SELECT c FROM sbtest%u WHERE id=%u
for: distinct_ranges
table 1 : explain SELECT DISTINCT c FROM sbtest1 WHERE id BETWEEN 3009861 AND 3010860 ORDER BY c
	Unique  (cost=3960.18..3965.25 rows=1013 width=121)
	  ->  Sort  (cost=3960.18..3962.72 rows=1013 width=121)
	        Sort Key: c
	        ->  Bitmap Heap Scan on sbtest1  (cost=22.82..3909.61 rows=1013 width=121)
	              Recheck Cond: ((id >= 3009861) AND (id <= 3010860))
	              ->  Bitmap Index Scan on sbtest1_pkey  (cost=0.00..22.57 rows=1013 width=0)
	                    Index Cond: ((id >= 3009861) AND (id <= 3010860))

table 2 : explain SELECT DISTINCT c FROM sbtest2 WHERE id BETWEEN 4436545 AND 4437544 ORDER BY c
	Unique  (cost=4251.47..4256.91 rows=1088 width=121)
	  ->  Sort  (cost=4251.47..4254.19 rows=1088 width=121)
	        Sort Key: c
	        ->  Bitmap Heap Scan on sbtest2  (cost=27.59..4196.59 rows=1088 width=121)
	              Recheck Cond: ((id >= 4436545) AND (id <= 4437544))
	              ->  Bitmap Index Scan on sbtest2_pkey  (cost=0.00..27.32 rows=1088 width=0)
	                    Index Cond: ((id >= 4436545) AND (id <= 4437544))

table 3 : explain SELECT DISTINCT c FROM sbtest3 WHERE id BETWEEN 4327818 AND 4328817 ORDER BY c
	Unique  (cost=3875.27..3880.22 rows=991 width=121)
	  ->  Sort  (cost=3875.27..3877.75 rows=991 width=121)
	        Sort Key: c
	        ->  Bitmap Heap Scan on sbtest3  (cost=22.59..3825.95 rows=991 width=121)
	              Recheck Cond: ((id >= 4327818) AND (id <= 4328817))
	              ->  Bitmap Index Scan on sbtest3_pkey  (cost=0.00..22.34 rows=991 width=0)
	                    Index Cond: ((id >= 4327818) AND (id <= 4328817))

table 4 : explain SELECT DISTINCT c FROM sbtest4 WHERE id BETWEEN 7514658 AND 7515657 ORDER BY c
	Unique  (cost=4051.80..4056.98 rows=1037 width=121)
	  ->  Sort  (cost=4051.80..4054.39 rows=1037 width=121)
	        Sort Key: c
	        ->  Bitmap Heap Scan on sbtest4  (cost=23.06..3999.86 rows=1037 width=121)
	              Recheck Cond: ((id >= 7514658) AND (id <= 7515657))
	              ->  Bitmap Index Scan on sbtest4_pkey  (cost=0.00..22.80 rows=1037 width=0)
	                    Index Cond: ((id >= 7514658) AND (id <= 7515657))

table 5 : explain SELECT DISTINCT c FROM sbtest5 WHERE id BETWEEN 2446631 AND 2447630 ORDER BY c
	Unique  (cost=3938.37..3943.40 rows=1006 width=121)
	  ->  Sort  (cost=3938.37..3940.88 rows=1006 width=121)
	        Sort Key: c
	        ->  Bitmap Heap Scan on sbtest5  (cost=26.75..3888.20 rows=1006 width=121)
	              Recheck Cond: ((id >= 2446631) AND (id <= 2447630))
	              ->  Bitmap Index Scan on sbtest5_pkey  (cost=0.00..26.50 rows=1006 width=0)
	                    Index Cond: ((id >= 2446631) AND (id <= 2447630))

table 6 : explain SELECT DISTINCT c FROM sbtest6 WHERE id BETWEEN 9578522 AND 9579521 ORDER BY c
	Unique  (cost=4090.22..4095.45 rows=1047 width=121)
	  ->  Sort  (cost=4090.22..4092.83 rows=1047 width=121)
	        Sort Key: c
	        ->  Bitmap Heap Scan on sbtest6  (cost=23.17..4037.70 rows=1047 width=121)
	              Recheck Cond: ((id >= 9578522) AND (id <= 9579521))
	              ->  Bitmap Index Scan on sbtest6_pkey  (cost=0.00..22.90 rows=1047 width=0)
	                    Index Cond: ((id >= 9578522) AND (id <= 9579521))

table 7 : explain SELECT DISTINCT c FROM sbtest7 WHERE id BETWEEN 6642150 AND 6643149 ORDER BY c
	Unique  (cost=4193.19..4198.56 rows=1074 width=121)
	  ->  Sort  (cost=4193.19..4195.87 rows=1074 width=121)
	        Sort Key: c
	        ->  Bitmap Heap Scan on sbtest7  (cost=23.44..4139.12 rows=1074 width=121)
	              Recheck Cond: ((id >= 6642150) AND (id <= 6643149))
	              ->  Bitmap Index Scan on sbtest7_pkey  (cost=0.00..23.18 rows=1074 width=0)
	                    Index Cond: ((id >= 6642150) AND (id <= 6643149))

table 8 : explain SELECT DISTINCT c FROM sbtest8 WHERE id BETWEEN 9354116 AND 9355115 ORDER BY c
	Unique  (cost=3826.79..3831.68 rows=978 width=121)
	  ->  Sort  (cost=3826.79..3829.24 rows=978 width=121)
	        Sort Key: c
	        ->  Bitmap Heap Scan on sbtest8  (cost=22.46..3778.22 rows=978 width=121)
	              Recheck Cond: ((id >= 9354116) AND (id <= 9355115))
	              ->  Bitmap Index Scan on sbtest8_pkey  (cost=0.00..22.21 rows=978 width=0)
	                    Index Cond: ((id >= 9354116) AND (id <= 9355115))

for point_selects
table 1 : explain SELECT c FROM sbtest1 WHERE id=5315166
	Index Scan using sbtest1_pkey on sbtest1  (cost=0.43..8.45 rows=1 width=121)
	  Index Cond: (id = 5315166)

table 2 : explain SELECT c FROM sbtest2 WHERE id=1514806
	Index Scan using sbtest2_pkey on sbtest2  (cost=0.43..8.45 rows=1 width=121)
	  Index Cond: (id = 1514806)

table 3 : explain SELECT c FROM sbtest3 WHERE id=2853944
	Index Scan using sbtest3_pkey on sbtest3  (cost=0.43..8.45 rows=1 width=121)
	  Index Cond: (id = 2853944)

table 4 : explain SELECT c FROM sbtest4 WHERE id=9239266
	Index Scan using sbtest4_pkey on sbtest4  (cost=0.43..8.45 rows=1 width=121)
	  Index Cond: (id = 9239266)

table 5 : explain SELECT c FROM sbtest5 WHERE id=3227554
	Index Scan using sbtest5_pkey on sbtest5  (cost=0.43..8.45 rows=1 width=121)
	  Index Cond: (id = 3227554)

table 6 : explain SELECT c FROM sbtest6 WHERE id=2321650
	Index Scan using sbtest6_pkey on sbtest6  (cost=0.43..8.45 rows=1 width=121)
	  Index Cond: (id = 2321650)

table 7 : explain SELECT c FROM sbtest7 WHERE id=7994560
	Index Scan using sbtest7_pkey on sbtest7  (cost=0.43..8.45 rows=1 width=121)
	  Index Cond: (id = 7994560)

table 8 : explain SELECT c FROM sbtest8 WHERE id=3826465
	Index Scan using sbtest8_pkey on sbtest8  (cost=0.43..8.45 rows=1 width=121)
	  Index Cond: (id = 3826465)

explain: for point_selects :: explain SELECT c FROM sbtest%u WHERE id=%u
explain: for point_selects :: explain SELECT c FROM sbtest%u WHERE id=%u
for: distinct_ranges
table 1 : explain SELECT DISTINCT c FROM sbtest1 WHERE id BETWEEN 5963241 AND 5964240 ORDER BY c
	Unique  (cost=3688.59..3693.30 rows=942 width=121)
	  ->  Sort  (cost=3688.59..3690.94 rows=942 width=121)
	        Sort Key: c
	        ->  Bitmap Heap Scan on sbtest1  (cost=22.09..3642.05 rows=942 width=121)
	              Recheck Cond: ((id >= 5963241) AND (id <= 5964240))
	              ->  Bitmap Index Scan on sbtest1_pkey  (cost=0.00..21.86 rows=942 width=0)
	                    Index Cond: ((id >= 5963241) AND (id <= 5964240))

table 2 : explain SELECT DISTINCT c FROM sbtest2 WHERE id BETWEEN 6624853 AND 6625852 ORDER BY c
	Unique  (cost=3991.71..3996.81 rows=1021 width=121)
	  ->  Sort  (cost=3991.71..3994.26 rows=1021 width=121)
	        Sort Key: c
	        ->  Bitmap Heap Scan on sbtest2  (cost=22.90..3940.68 rows=1021 width=121)
	              Recheck Cond: ((id >= 6624853) AND (id <= 6625852))
	              ->  Bitmap Index Scan on sbtest2_pkey  (cost=0.00..22.64 rows=1021 width=0)
	                    Index Cond: ((id >= 6624853) AND (id <= 6625852))

table 3 : explain SELECT DISTINCT c FROM sbtest3 WHERE id BETWEEN 6328142 AND 6329141 ORDER BY c
	Unique  (cost=4050.97..4056.15 rows=1037 width=121)
	  ->  Sort  (cost=4050.97..4053.56 rows=1037 width=121)
	        Sort Key: c
	        ->  Bitmap Heap Scan on sbtest3  (cost=23.06..3999.02 rows=1037 width=121)
	              Recheck Cond: ((id >= 6328142) AND (id <= 6329141))
	              ->  Bitmap Index Scan on sbtest3_pkey  (cost=0.00..22.80 rows=1037 width=0)
	                    Index Cond: ((id >= 6328142) AND (id <= 6329141))

table 4 : explain SELECT DISTINCT c FROM sbtest4 WHERE id BETWEEN 179855 AND 180854 ORDER BY c
	Unique  (cost=4440.89..4446.58 rows=1139 width=121)
	  ->  Sort  (cost=4440.89..4443.74 rows=1139 width=121)
	        Sort Key: c
	        ->  Bitmap Heap Scan on sbtest4  (cost=28.11..4383.06 rows=1139 width=121)
	              Recheck Cond: ((id >= 179855) AND (id <= 180854))
	              ->  Bitmap Index Scan on sbtest4_pkey  (cost=0.00..27.82 rows=1139 width=0)
	                    Index Cond: ((id >= 179855) AND (id <= 180854))

table 5 : explain SELECT DISTINCT c FROM sbtest5 WHERE id BETWEEN 1308631 AND 1309630 ORDER BY c
	Unique  (cost=3490.05..3494.50 rows=890 width=121)
	  ->  Sort  (cost=3490.05..3492.27 rows=890 width=121)
	        Sort Key: c
	        ->  Bitmap Heap Scan on sbtest5  (cost=21.56..3446.45 rows=890 width=121)
	              Recheck Cond: ((id >= 1308631) AND (id <= 1309630))
	              ->  Bitmap Index Scan on sbtest5_pkey  (cost=0.00..21.33 rows=890 width=0)
	                    Index Cond: ((id >= 1308631) AND (id <= 1309630))

table 6 : explain SELECT DISTINCT c FROM sbtest6 WHERE id BETWEEN 4036212 AND 4037211 ORDER BY c
	Unique  (cost=3669.60..3674.28 rows=937 width=121)
	  ->  Sort  (cost=3669.60..3671.94 rows=937 width=121)
	        Sort Key: c
	        ->  Bitmap Heap Scan on sbtest6  (cost=22.04..3623.35 rows=937 width=121)
	              Recheck Cond: ((id >= 4036212) AND (id <= 4037211))
	              ->  Bitmap Index Scan on sbtest6_pkey  (cost=0.00..21.80 rows=937 width=0)
	                    Index Cond: ((id >= 4036212) AND (id <= 4037211))

table 7 : explain SELECT DISTINCT c FROM sbtest7 WHERE id BETWEEN 448708 AND 449707 ORDER BY c
	Unique  (cost=3925.93..3930.95 rows=1004 width=121)
	  ->  Sort  (cost=3925.93..3928.44 rows=1004 width=121)
	        Sort Key: c
	        ->  Bitmap Heap Scan on sbtest7  (cost=22.73..3875.87 rows=1004 width=121)
	              Recheck Cond: ((id >= 448708) AND (id <= 449707))
	              ->  Bitmap Index Scan on sbtest7_pkey  (cost=0.00..22.47 rows=1004 width=0)
	                    Index Cond: ((id >= 448708) AND (id <= 449707))

table 8 : explain SELECT DISTINCT c FROM sbtest8 WHERE id BETWEEN 6302350 AND 6303349 ORDER BY c
	Unique  (cost=4136.29..4141.58 rows=1059 width=121)
	  ->  Sort  (cost=4136.29..4138.94 rows=1059 width=121)
	        Sort Key: c
	        ->  Bitmap Heap Scan on sbtest8  (cost=23.29..4083.08 rows=1059 width=121)
	              Recheck Cond: ((id >= 6302350) AND (id <= 6303349))
	              ->  Bitmap Index Scan on sbtest8_pkey  (cost=0.00..23.02 rows=1059 width=0)
	                    Index Cond: ((id >= 6302350) AND (id <= 6303349))

for: distinct_ranges
table 1 : explain SELECT DISTINCT c FROM sbtest1 WHERE id BETWEEN 4916113 AND 4917112 ORDER BY c
	Unique  (cost=3937.26..3942.29 rows=1007 width=121)
	  ->  Sort  (cost=3937.26..3939.77 rows=1007 width=121)
	        Sort Key: c
	        ->  Bitmap Heap Scan on sbtest1  (cost=22.76..3887.03 rows=1007 width=121)
	              Recheck Cond: ((id >= 4916113) AND (id <= 4917112))
	              ->  Bitmap Index Scan on sbtest1_pkey  (cost=0.00..22.50 rows=1007 width=0)
	                    Index Cond: ((id >= 4916113) AND (id <= 4917112))

table 2 : explain SELECT DISTINCT c FROM sbtest2 WHERE id BETWEEN 2127920 AND 2128919 ORDER BY c
	Unique  (cost=4003.17..4008.29 rows=1024 width=121)
	  ->  Sort  (cost=4003.17..4005.73 rows=1024 width=121)
	        Sort Key: c
	        ->  Bitmap Heap Scan on sbtest2  (cost=22.93..3951.97 rows=1024 width=121)
	              Recheck Cond: ((id >= 2127920) AND (id <= 2128919))
	              ->  Bitmap Index Scan on sbtest2_pkey  (cost=0.00..22.68 rows=1024 width=0)
	                    Index Cond: ((id >= 2127920) AND (id <= 2128919))

table 3 : explain SELECT DISTINCT c FROM sbtest3 WHERE id BETWEEN 3361664 AND 3362663 ORDER BY c
	Unique  (cost=3951.69..3956.75 rows=1011 width=121)
	  ->  Sort  (cost=3951.69..3954.22 rows=1011 width=121)
	        Sort Key: c
	        ->  Bitmap Heap Scan on sbtest3  (cost=22.80..3901.23 rows=1011 width=121)
	              Recheck Cond: ((id >= 3361664) AND (id <= 3362663))
	              ->  Bitmap Index Scan on sbtest3_pkey  (cost=0.00..22.54 rows=1011 width=0)
	                    Index Cond: ((id >= 3361664) AND (id <= 3362663))

table 4 : explain SELECT DISTINCT c FROM sbtest4 WHERE id BETWEEN 6541561 AND 6542560 ORDER BY c
	Unique  (cost=4307.61..4313.13 rows=1104 width=121)
	  ->  Sort  (cost=4307.61..4310.37 rows=1104 width=121)
	        Sort Key: c
	        ->  Bitmap Heap Scan on sbtest4  (cost=27.75..4251.81 rows=1104 width=121)
	              Recheck Cond: ((id >= 6541561) AND (id <= 6542560))
	              ->  Bitmap Index Scan on sbtest4_pkey  (cost=0.00..27.47 rows=1104 width=0)
	                    Index Cond: ((id >= 6541561) AND (id <= 6542560))

table 5 : explain SELECT DISTINCT c FROM sbtest5 WHERE id BETWEEN 2010178 AND 2011177 ORDER BY c
	Unique  (cost=4102.65..4107.90 rows=1049 width=121)
	  ->  Sort  (cost=4102.65..4105.28 rows=1049 width=121)
	        Sort Key: c
	        ->  Bitmap Heap Scan on sbtest5  (cost=27.19..4050.02 rows=1049 width=121)
	              Recheck Cond: ((id >= 2010178) AND (id <= 2011177))
	              ->  Bitmap Index Scan on sbtest5_pkey  (cost=0.00..26.93 rows=1049 width=0)
	                    Index Cond: ((id >= 2010178) AND (id <= 2011177))

table 6 : explain SELECT DISTINCT c FROM sbtest6 WHERE id BETWEEN 8103463 AND 8104462 ORDER BY c
	Unique  (cost=3631.29..3635.92 rows=927 width=121)
	  ->  Sort  (cost=3631.29..3633.60 rows=927 width=121)
	        Sort Key: c
	        ->  Bitmap Heap Scan on sbtest6  (cost=21.94..3585.60 rows=927 width=121)
	              Recheck Cond: ((id >= 8103463) AND (id <= 8104462))
	              ->  Bitmap Index Scan on sbtest6_pkey  (cost=0.00..21.70 rows=927 width=0)
	                    Index Cond: ((id >= 8103463) AND (id <= 8104462))

table 7 : explain SELECT DISTINCT c FROM sbtest7 WHERE id BETWEEN 6000520 AND 6001519 ORDER BY c
	Unique  (cost=3895.35..3900.33 rows=996 width=121)
	  ->  Sort  (cost=3895.35..3897.84 rows=996 width=121)
	        Sort Key: c
	        ->  Bitmap Heap Scan on sbtest7  (cost=22.64..3845.75 rows=996 width=121)
	              Recheck Cond: ((id >= 6000520) AND (id <= 6001519))
	              ->  Bitmap Index Scan on sbtest7_pkey  (cost=0.00..22.39 rows=996 width=0)
	                    Index Cond: ((id >= 6000520) AND (id <= 6001519))

table 8 : explain SELECT DISTINCT c FROM sbtest8 WHERE id BETWEEN 6126815 AND 6127814 ORDER BY c
	Unique  (cost=4182.07..4187.43 rows=1071 width=121)
	  ->  Sort  (cost=4182.07..4184.75 rows=1071 width=121)
	        Sort Key: c
	        ->  Bitmap Heap Scan on sbtest8  (cost=23.41..4128.18 rows=1071 width=121)
	              Recheck Cond: ((id >= 6126815) AND (id <= 6127814))
	              ->  Bitmap Index Scan on sbtest8_pkey  (cost=0.00..23.14 rows=1071 width=0)
	                    Index Cond: ((id >= 6126815) AND (id <= 6127814))

for: sum_ranges
table 1 : explain SELECT SUM(k) FROM sbtest1 WHERE id BETWEEN 1290361 AND 1291360
	Aggregate  (cost=3855.64..3855.65 rows=1 width=8)
	  ->  Bitmap Heap Scan on sbtest1  (cost=22.66..3853.14 rows=998 width=4)
	        Recheck Cond: ((id >= 1290361) AND (id <= 1291360))
	        ->  Bitmap Index Scan on sbtest1_pkey  (cost=0.00..22.41 rows=998 width=0)
	              Index Cond: ((id >= 1290361) AND (id <= 1291360))

table 2 : explain SELECT SUM(k) FROM sbtest2 WHERE id BETWEEN 7212751 AND 7213750
	Aggregate  (cost=3807.55..3807.56 rows=1 width=8)
	  ->  Bitmap Heap Scan on sbtest2  (cost=22.53..3805.08 rows=985 width=4)
	        Recheck Cond: ((id >= 7212751) AND (id <= 7213750))
	        ->  Bitmap Index Scan on sbtest2_pkey  (cost=0.00..22.29 rows=985 width=0)
	              Index Cond: ((id >= 7212751) AND (id <= 7213750))

table 3 : explain SELECT SUM(k) FROM sbtest3 WHERE id BETWEEN 4425949 AND 4426948
	Aggregate  (cost=3435.85..3435.86 rows=1 width=8)
	  ->  Bitmap Heap Scan on sbtest3  (cost=21.53..3433.63 rows=887 width=4)
	        Recheck Cond: ((id >= 4425949) AND (id <= 4426948))
	        ->  Bitmap Index Scan on sbtest3_pkey  (cost=0.00..21.30 rows=887 width=0)
	              Index Cond: ((id >= 4425949) AND (id <= 4426948))

table 4 : explain SELECT SUM(k) FROM sbtest4 WHERE id BETWEEN 557010 AND 558009
	Aggregate  (cost=3844.28..3844.29 rows=1 width=8)
	  ->  Bitmap Heap Scan on sbtest4  (cost=22.63..3841.80 rows=995 width=4)
	        Recheck Cond: ((id >= 557010) AND (id <= 558009))
	        ->  Bitmap Index Scan on sbtest4_pkey  (cost=0.00..22.39 rows=995 width=0)
	              Index Cond: ((id >= 557010) AND (id <= 558009))

table 5 : explain SELECT SUM(k) FROM sbtest5 WHERE id BETWEEN 7241416 AND 7242415
	Aggregate  (cost=3856.79..3856.80 rows=1 width=8)
	  ->  Bitmap Heap Scan on sbtest5  (cost=26.65..3854.30 rows=997 width=4)
	        Recheck Cond: ((id >= 7241416) AND (id <= 7242415))
	        ->  Bitmap Index Scan on sbtest5_pkey  (cost=0.00..26.40 rows=997 width=0)
	              Index Cond: ((id >= 7241416) AND (id <= 7242415))

table 6 : explain SELECT SUM(k) FROM sbtest6 WHERE id BETWEEN 5628014 AND 5629013
	Aggregate  (cost=3946.22..3946.23 rows=1 width=8)
	  ->  Bitmap Heap Scan on sbtest6  (cost=22.91..3943.66 rows=1022 width=4)
	        Recheck Cond: ((id >= 5628014) AND (id <= 5629013))
	        ->  Bitmap Index Scan on sbtest6_pkey  (cost=0.00..22.65 rows=1022 width=0)
	              Index Cond: ((id >= 5628014) AND (id <= 5629013))

table 7 : explain SELECT SUM(k) FROM sbtest7 WHERE id BETWEEN 1444356 AND 1445355
	Aggregate  (cost=3720.03..3720.04 rows=1 width=8)
	  ->  Bitmap Heap Scan on sbtest7  (cost=22.30..3717.62 rows=962 width=4)
	        Recheck Cond: ((id >= 1444356) AND (id <= 1445355))
	        ->  Bitmap Index Scan on sbtest7_pkey  (cost=0.00..22.05 rows=962 width=0)
	              Index Cond: ((id >= 1444356) AND (id <= 1445355))

table 8 : explain SELECT SUM(k) FROM sbtest8 WHERE id BETWEEN 5485790 AND 5486789
	Aggregate  (cost=3765.58..3765.59 rows=1 width=8)
	  ->  Bitmap Heap Scan on sbtest8  (cost=22.42..3763.14 rows=974 width=4)
	        Recheck Cond: ((id >= 5485790) AND (id <= 5486789))
	        ->  Bitmap Index Scan on sbtest8_pkey  (cost=0.00..22.18 rows=974 width=0)
	              Index Cond: ((id >= 5485790) AND (id <= 5486789))

for: order_ranges
table 1 : explain SELECT c FROM sbtest1 WHERE id BETWEEN 1523345 AND 1524344 ORDER BY c
	Sort  (cost=3891.39..3893.87 rows=995 width=121)
	  Sort Key: c
	  ->  Bitmap Heap Scan on sbtest1  (cost=22.63..3841.84 rows=995 width=121)
	        Recheck Cond: ((id >= 1523345) AND (id <= 1524344))
	        ->  Bitmap Index Scan on sbtest1_pkey  (cost=0.00..22.39 rows=995 width=0)
	              Index Cond: ((id >= 1523345) AND (id <= 1524344))

table 2 : explain SELECT c FROM sbtest2 WHERE id BETWEEN 7022490 AND 7023489 ORDER BY c
	Sort  (cost=3854.06..3856.52 rows=985 width=121)
	  Sort Key: c
	  ->  Bitmap Heap Scan on sbtest2  (cost=22.53..3805.08 rows=985 width=121)
	        Recheck Cond: ((id >= 7022490) AND (id <= 7023489))
	        ->  Bitmap Index Scan on sbtest2_pkey  (cost=0.00..22.29 rows=985 width=0)
	              Index Cond: ((id >= 7022490) AND (id <= 7023489))

table 3 : explain SELECT c FROM sbtest3 WHERE id BETWEEN 4783353 AND 4784352 ORDER BY c
	Sort  (cost=3944.05..3946.57 rows=1009 width=121)
	  Sort Key: c
	  ->  Bitmap Heap Scan on sbtest3  (cost=22.78..3893.71 rows=1009 width=121)
	        Recheck Cond: ((id >= 4783353) AND (id <= 4784352))
	        ->  Bitmap Index Scan on sbtest3_pkey  (cost=0.00..22.52 rows=1009 width=0)
	              Index Cond: ((id >= 4783353) AND (id <= 4784352))

table 4 : explain SELECT c FROM sbtest4 WHERE id BETWEEN 4185786 AND 4186785 ORDER BY c
	Sort  (cost=4021.25..4023.83 rows=1029 width=121)
	  Sort Key: c
	  ->  Bitmap Heap Scan on sbtest4  (cost=22.98..3969.77 rows=1029 width=121)
	        Recheck Cond: ((id >= 4185786) AND (id <= 4186785))
	        ->  Bitmap Index Scan on sbtest4_pkey  (cost=0.00..22.72 rows=1029 width=0)
	              Index Cond: ((id >= 4185786) AND (id <= 4186785))

table 5 : explain SELECT c FROM sbtest5 WHERE id BETWEEN 1149548 AND 1150547 ORDER BY c
	Sort  (cost=3915.43..3917.93 rows=1000 width=121)
	  Sort Key: c
	  ->  Bitmap Heap Scan on sbtest5  (cost=26.68..3865.60 rows=1000 width=121)
	        Recheck Cond: ((id >= 1149548) AND (id <= 1150547))
	        ->  Bitmap Index Scan on sbtest5_pkey  (cost=0.00..26.43 rows=1000 width=0)
	              Index Cond: ((id >= 1149548) AND (id <= 1150547))

table 6 : explain SELECT c FROM sbtest6 WHERE id BETWEEN 9516792 AND 9517791 ORDER BY c
	Sort  (cost=4090.22..4092.83 rows=1047 width=121)
	  Sort Key: c
	  ->  Bitmap Heap Scan on sbtest6  (cost=23.17..4037.70 rows=1047 width=121)
	        Recheck Cond: ((id >= 9516792) AND (id <= 9517791))
	        ->  Bitmap Index Scan on sbtest6_pkey  (cost=0.00..22.90 rows=1047 width=0)
	              Index Cond: ((id >= 9516792) AND (id <= 9517791))

table 7 : explain SELECT c FROM sbtest7 WHERE id BETWEEN 2588845 AND 2589844 ORDER BY c
	Sort  (cost=3792.08..3794.50 rows=969 width=121)
	  Sort Key: c
	  ->  Bitmap Heap Scan on sbtest7  (cost=22.37..3744.01 rows=969 width=121)
	        Recheck Cond: ((id >= 2588845) AND (id <= 2589844))
	        ->  Bitmap Index Scan on sbtest7_pkey  (cost=0.00..22.12 rows=969 width=0)
	              Index Cond: ((id >= 2588845) AND (id <= 2589844))

table 8 : explain SELECT c FROM sbtest8 WHERE id BETWEEN 3535951 AND 3536950 ORDER BY c
	Sort  (cost=4029.39..4031.97 rows=1031 width=121)
	  Sort Key: c
	  ->  Bitmap Heap Scan on sbtest8  (cost=23.00..3977.79 rows=1031 width=121)
	        Recheck Cond: ((id >= 3535951) AND (id <= 3536950))
	        ->  Bitmap Index Scan on sbtest8_pkey  (cost=0.00..22.75 rows=1031 width=0)
	              Index Cond: ((id >= 3535951) AND (id <= 3536950))

for: simple_ranges
table 1 : explain SELECT c FROM sbtest1 WHERE id BETWEEN 2656157 AND 2657156
	Bitmap Heap Scan on sbtest1  (cost=22.31..3721.26 rows=963 width=121)
	  Recheck Cond: ((id >= 2656157) AND (id <= 2657156))
	  ->  Bitmap Index Scan on sbtest1_pkey  (cost=0.00..22.07 rows=963 width=0)
	        Index Cond: ((id >= 2656157) AND (id <= 2657156))

table 2 : explain SELECT c FROM sbtest2 WHERE id BETWEEN 4798638 AND 4799637
	Bitmap Heap Scan on sbtest2  (cost=21.85..3556.05 rows=919 width=121)
	  Recheck Cond: ((id >= 4798638) AND (id <= 4799637))
	  ->  Bitmap Index Scan on sbtest2_pkey  (cost=0.00..21.62 rows=919 width=0)
	        Index Cond: ((id >= 4798638) AND (id <= 4799637))

table 3 : explain SELECT c FROM sbtest3 WHERE id BETWEEN 81993 AND 82992
	Bitmap Heap Scan on sbtest3  (cost=22.75..3882.42 rows=1006 width=121)
	  Recheck Cond: ((id >= 81993) AND (id <= 82992))
	  ->  Bitmap Index Scan on sbtest3_pkey  (cost=0.00..22.50 rows=1006 width=0)
	        Index Cond: ((id >= 81993) AND (id <= 82992))

table 4 : explain SELECT c FROM sbtest4 WHERE id BETWEEN 762310 AND 763309
	Bitmap Heap Scan on sbtest4  (cost=27.67..4221.78 rows=1096 width=121)
	  Recheck Cond: ((id >= 762310) AND (id <= 763309))
	  ->  Bitmap Index Scan on sbtest4_pkey  (cost=0.00..27.39 rows=1096 width=0)
	        Index Cond: ((id >= 762310) AND (id <= 763309))

table 5 : explain SELECT c FROM sbtest5 WHERE id BETWEEN 2966980 AND 2967979
	Bitmap Heap Scan on sbtest5  (cost=22.16..3669.32 rows=949 width=121)
	  Recheck Cond: ((id >= 2966980) AND (id <= 2967979))
	  ->  Bitmap Index Scan on sbtest5_pkey  (cost=0.00..21.93 rows=949 width=0)
	        Index Cond: ((id >= 2966980) AND (id <= 2967979))

table 6 : explain SELECT c FROM sbtest6 WHERE id BETWEEN 4380169 AND 4381168
	Bitmap Heap Scan on sbtest6  (cost=22.43..3766.67 rows=975 width=121)
	  Recheck Cond: ((id >= 4380169) AND (id <= 4381168))
	  ->  Bitmap Index Scan on sbtest6_pkey  (cost=0.00..22.18 rows=975 width=0)
	        Index Cond: ((id >= 4380169) AND (id <= 4381168))

table 7 : explain SELECT c FROM sbtest7 WHERE id BETWEEN 4581443 AND 4582442
	Bitmap Heap Scan on sbtest7  (cost=22.04..3623.31 rows=937 width=121)
	  Recheck Cond: ((id >= 4581443) AND (id <= 4582442))
	  ->  Bitmap Index Scan on sbtest7_pkey  (cost=0.00..21.80 rows=937 width=0)
	        Index Cond: ((id >= 4581443) AND (id <= 4582442))

table 8 : explain SELECT c FROM sbtest8 WHERE id BETWEEN 5576818 AND 5577817
	Bitmap Heap Scan on sbtest8  (cost=22.42..3763.14 rows=974 width=121)
	  Recheck Cond: ((id >= 5576818) AND (id <= 5577817))
	  ->  Bitmap Index Scan on sbtest8_pkey  (cost=0.00..22.18 rows=974 width=0)
	        Index Cond: ((id >= 5576818) AND (id <= 5577817))

for: order_ranges
table 1 : explain SELECT c FROM sbtest1 WHERE id BETWEEN 6928040 AND 6929039 ORDER BY c
	Sort  (cost=3971.65..3974.19 rows=1016 width=121)
	  Sort Key: c
	  ->  Bitmap Heap Scan on sbtest1  (cost=22.85..3920.90 rows=1016 width=121)
	        Recheck Cond: ((id >= 6928040) AND (id <= 6929039))
	        ->  Bitmap Index Scan on sbtest1_pkey  (cost=0.00..22.59 rows=1016 width=0)
	              Index Cond: ((id >= 6928040) AND (id <= 6929039))

table 2 : explain SELECT c FROM sbtest2 WHERE id BETWEEN 2128913 AND 2129912 ORDER BY c
	Sort  (cost=4003.17..4005.73 rows=1024 width=121)
	  Sort Key: c
	  ->  Bitmap Heap Scan on sbtest2  (cost=22.93..3951.97 rows=1024 width=121)
	        Recheck Cond: ((id >= 2128913) AND (id <= 2129912))
	        ->  Bitmap Index Scan on sbtest2_pkey  (cost=0.00..22.68 rows=1024 width=0)
	              Index Cond: ((id >= 2128913) AND (id <= 2129912))

table 3 : explain SELECT c FROM sbtest3 WHERE id BETWEEN 7547263 AND 7548262 ORDER BY c
	Sort  (cost=3515.41..3517.65 rows=897 width=121)
	  Sort Key: c
	  ->  Bitmap Heap Scan on sbtest3  (cost=21.63..3471.42 rows=897 width=121)
	        Recheck Cond: ((id >= 7547263) AND (id <= 7548262))
	        ->  Bitmap Index Scan on sbtest3_pkey  (cost=0.00..21.40 rows=897 width=0)
	              Index Cond: ((id >= 7547263) AND (id <= 7548262))

table 4 : explain SELECT c FROM sbtest4 WHERE id BETWEEN 1563401 AND 1564400 ORDER BY c
	Sort  (cost=3879.87..3882.35 rows=992 width=121)
	  Sort Key: c
	  ->  Bitmap Heap Scan on sbtest4  (cost=22.60..3830.50 rows=992 width=121)
	        Recheck Cond: ((id >= 1563401) AND (id <= 1564400))
	        ->  Bitmap Index Scan on sbtest4_pkey  (cost=0.00..22.36 rows=992 width=0)
	              Index Cond: ((id >= 1563401) AND (id <= 1564400))

table 5 : explain SELECT c FROM sbtest5 WHERE id BETWEEN 2762805 AND 2763804 ORDER BY c
	Sort  (cost=3834.92..3837.37 rows=980 width=121)
	  Sort Key: c
	  ->  Bitmap Heap Scan on sbtest5  (cost=22.48..3786.24 rows=980 width=121)
	        Recheck Cond: ((id >= 2762805) AND (id <= 2763804))
	        ->  Bitmap Index Scan on sbtest5_pkey  (cost=0.00..22.23 rows=980 width=0)
	              Index Cond: ((id >= 2762805) AND (id <= 2763804))

table 6 : explain SELECT c FROM sbtest6 WHERE id BETWEEN 6059396 AND 6060395 ORDER BY c
	Sort  (cost=3891.56..3894.05 rows=995 width=121)
	  Sort Key: c
	  ->  Bitmap Heap Scan on sbtest6  (cost=22.63..3842.02 rows=995 width=121)
	        Recheck Cond: ((id >= 6059396) AND (id <= 6060395))
	        ->  Bitmap Index Scan on sbtest6_pkey  (cost=0.00..22.39 rows=995 width=0)
	              Index Cond: ((id >= 6059396) AND (id <= 6060395))

table 7 : explain SELECT c FROM sbtest7 WHERE id BETWEEN 1237000 AND 1237999 ORDER BY c
	Sort  (cost=3615.92..3618.23 rows=923 width=121)
	  Sort Key: c
	  ->  Bitmap Heap Scan on sbtest7  (cost=21.90..3570.46 rows=923 width=121)
	        Recheck Cond: ((id >= 1237000) AND (id <= 1237999))
	        ->  Bitmap Index Scan on sbtest7_pkey  (cost=0.00..21.66 rows=923 width=0)
	              Index Cond: ((id >= 1237000) AND (id <= 1237999))

table 8 : explain SELECT c FROM sbtest8 WHERE id BETWEEN 3235077 AND 3236076 ORDER BY c
	Sort  (cost=3865.05..3867.52 rows=988 width=121)
	  Sort Key: c
	  ->  Bitmap Heap Scan on sbtest8  (cost=22.56..3815.90 rows=988 width=121)
	        Recheck Cond: ((id >= 3235077) AND (id <= 3236076))
	        ->  Bitmap Index Scan on sbtest8_pkey  (cost=0.00..22.32 rows=988 width=0)
	              Index Cond: ((id >= 3235077) AND (id <= 3236076))

for point_selects
table 1 : explain SELECT c FROM sbtest1 WHERE id=3376192
	Index Scan using sbtest1_pkey on sbtest1  (cost=0.43..8.45 rows=1 width=121)
	  Index Cond: (id = 3376192)

table 2 : explain SELECT c FROM sbtest2 WHERE id=3147622
	Index Scan using sbtest2_pkey on sbtest2  (cost=0.43..8.45 rows=1 width=121)
	  Index Cond: (id = 3147622)

table 3 : explain SELECT c FROM sbtest3 WHERE id=539077
	Index Scan using sbtest3_pkey on sbtest3  (cost=0.43..8.45 rows=1 width=121)
	  Index Cond: (id = 539077)

table 4 : explain SELECT c FROM sbtest4 WHERE id=9133455
	Index Scan using sbtest4_pkey on sbtest4  (cost=0.43..8.45 rows=1 width=121)
	  Index Cond: (id = 9133455)

table 5 : explain SELECT c FROM sbtest5 WHERE id=3988951
	Index Scan using sbtest5_pkey on sbtest5  (cost=0.43..8.45 rows=1 width=121)
	  Index Cond: (id = 3988951)

table 6 : explain SELECT c FROM sbtest6 WHERE id=7708452
	Index Scan using sbtest6_pkey on sbtest6  (cost=0.43..8.45 rows=1 width=121)
	  Index Cond: (id = 7708452)

table 7 : explain SELECT c FROM sbtest7 WHERE id=5333175
	Index Scan using sbtest7_pkey on sbtest7  (cost=0.43..8.45 rows=1 width=121)
	  Index Cond: (id = 5333175)

table 8 : explain SELECT c FROM sbtest8 WHERE id=1526443
	Index Scan using sbtest8_pkey on sbtest8  (cost=0.43..8.45 rows=1 width=121)
	  Index Cond: (id = 1526443)

for point_selects
table 1 : explain SELECT c FROM sbtest1 WHERE id=6869771
	Index Scan using sbtest1_pkey on sbtest1  (cost=0.43..8.45 rows=1 width=121)
	  Index Cond: (id = 6869771)

table 2 : explain SELECT c FROM sbtest2 WHERE id=3452435
	Index Scan using sbtest2_pkey on sbtest2  (cost=0.43..8.45 rows=1 width=121)
	  Index Cond: (id = 3452435)

table 3 : explain SELECT c FROM sbtest3 WHERE id=3591895
	Index Scan using sbtest3_pkey on sbtest3  (cost=0.43..8.45 rows=1 width=121)
	  Index Cond: (id = 3591895)

table 4 : explain SELECT c FROM sbtest4 WHERE id=9357582
	Index Scan using sbtest4_pkey on sbtest4  (cost=0.43..8.45 rows=1 width=121)
	  Index Cond: (id = 9357582)

table 5 : explain SELECT c FROM sbtest5 WHERE id=9828372
	Index Scan using sbtest5_pkey on sbtest5  (cost=0.43..8.45 rows=1 width=121)
	  Index Cond: (id = 9828372)

table 6 : explain SELECT c FROM sbtest6 WHERE id=4438241
	Index Scan using sbtest6_pkey on sbtest6  (cost=0.43..8.45 rows=1 width=121)
	  Index Cond: (id = 4438241)

table 7 : explain SELECT c FROM sbtest7 WHERE id=4576973
	Index Scan using sbtest7_pkey on sbtest7  (cost=0.43..8.45 rows=1 width=121)
	  Index Cond: (id = 4576973)

table 8 : explain SELECT c FROM sbtest8 WHERE id=7930252
	Index Scan using sbtest8_pkey on sbtest8  (cost=0.43..8.45 rows=1 width=121)
	  Index Cond: (id = 7930252)

for: sum_ranges
table 1 : explain SELECT SUM(k) FROM sbtest1 WHERE id BETWEEN 4076722 AND 4077721
	Aggregate  (cost=3889.54..3889.55 rows=1 width=8)
	  ->  Bitmap Heap Scan on sbtest1  (cost=22.76..3887.03 rows=1007 width=4)
	        Recheck Cond: ((id >= 4076722) AND (id <= 4077721))
	        ->  Bitmap Index Scan on sbtest1_pkey  (cost=0.00..22.50 rows=1007 width=0)
	              Index Cond: ((id >= 4076722) AND (id <= 4077721))

table 2 : explain SELECT SUM(k) FROM sbtest2 WHERE id BETWEEN 7172218 AND 7173217
	Aggregate  (cost=3864.10..3864.11 rows=1 width=8)
	  ->  Bitmap Heap Scan on sbtest2  (cost=22.68..3861.60 rows=1000 width=4)
	        Recheck Cond: ((id >= 7172218) AND (id <= 7173217))
	        ->  Bitmap Index Scan on sbtest2_pkey  (cost=0.00..22.43 rows=1000 width=0)
	              Index Cond: ((id >= 7172218) AND (id <= 7173217))

table 3 : explain SELECT SUM(k) FROM sbtest3 WHERE id BETWEEN 9030274 AND 9031273
	Aggregate  (cost=3666.29..3666.30 rows=1 width=8)
	  ->  Bitmap Heap Scan on sbtest3  (cost=22.15..3663.92 rows=948 width=4)
	        Recheck Cond: ((id >= 9030274) AND (id <= 9031273))
	        ->  Bitmap Index Scan on sbtest3_pkey  (cost=0.00..21.91 rows=948 width=0)
	              Index Cond: ((id >= 9030274) AND (id <= 9031273))

table 4 : explain SELECT SUM(k) FROM sbtest4 WHERE id BETWEEN 4292068 AND 4293067
	Aggregate  (cost=4175.42..4175.43 rows=1 width=8)
	  ->  Bitmap Heap Scan on sbtest4  (cost=23.54..4172.71 rows=1083 width=4)
	        Recheck Cond: ((id >= 4292068) AND (id <= 4293067))
	        ->  Bitmap Index Scan on sbtest4_pkey  (cost=0.00..23.26 rows=1083 width=0)
	              Index Cond: ((id >= 4292068) AND (id <= 4293067))

table 5 : explain SELECT SUM(k) FROM sbtest5 WHERE id BETWEEN 4240233 AND 4241232
	Aggregate  (cost=3811.31..3811.32 rows=1 width=8)
	  ->  Bitmap Heap Scan on sbtest5  (cost=22.54..3808.85 rows=986 width=4)
	        Recheck Cond: ((id >= 4240233) AND (id <= 4241232))
	        ->  Bitmap Index Scan on sbtest5_pkey  (cost=0.00..22.29 rows=986 width=0)
	              Index Cond: ((id >= 4240233) AND (id <= 4241232))

table 6 : explain SELECT SUM(k) FROM sbtest6 WHERE id BETWEEN 698363 AND 699362
	Aggregate  (cost=3795.50..3795.51 rows=1 width=8)
	  ->  Bitmap Heap Scan on sbtest6  (cost=22.50..3793.05 rows=982 width=4)
	        Recheck Cond: ((id >= 698363) AND (id <= 699362))
	        ->  Bitmap Index Scan on sbtest6_pkey  (cost=0.00..22.25 rows=982 width=0)
	              Index Cond: ((id >= 698363) AND (id <= 699362))

table 7 : explain SELECT SUM(k) FROM sbtest7 WHERE id BETWEEN 9146021 AND 9147020
	Aggregate  (cost=4089.17..4089.18 rows=1 width=8)
	  ->  Bitmap Heap Scan on sbtest7  (cost=23.30..4086.52 rows=1060 width=4)
	        Recheck Cond: ((id >= 9146021) AND (id <= 9147020))
	        ->  Bitmap Index Scan on sbtest7_pkey  (cost=0.00..23.04 rows=1060 width=0)
	              Index Cond: ((id >= 9146021) AND (id <= 9147020))

table 8 : explain SELECT SUM(k) FROM sbtest8 WHERE id BETWEEN 4640838 AND 4641837
	Aggregate  (cost=3859.84..3859.85 rows=1 width=8)
	  ->  Bitmap Heap Scan on sbtest8  (cost=22.67..3857.34 rows=999 width=4)
	        Recheck Cond: ((id >= 4640838) AND (id <= 4641837))
	        ->  Bitmap Index Scan on sbtest8_pkey  (cost=0.00..22.43 rows=999 width=0)
	              Index Cond: ((id >= 4640838) AND (id <= 4641837))

for: distinct_ranges
table 1 : explain SELECT DISTINCT c FROM sbtest1 WHERE id BETWEEN 9327425 AND 9328424 ORDER BY c
	Unique  (cost=3677.10..3681.79 rows=939 width=121)
	  ->  Sort  (cost=3677.10..3679.44 rows=939 width=121)
	        Sort Key: c
	        ->  Bitmap Heap Scan on sbtest1  (cost=22.06..3630.73 rows=939 width=121)
	              Recheck Cond: ((id >= 9327425) AND (id <= 9328424))
	              ->  Bitmap Index Scan on sbtest1_pkey  (cost=0.00..21.82 rows=939 width=0)
	                    Index Cond: ((id >= 9327425) AND (id <= 9328424))

table 2 : explain SELECT DISTINCT c FROM sbtest2 WHERE id BETWEEN 9008326 AND 9009325 ORDER BY c
	Unique  (cost=3792.83..3797.67 rows=969 width=121)
	  ->  Sort  (cost=3792.83..3795.25 rows=969 width=121)
	        Sort Key: c
	        ->  Bitmap Heap Scan on sbtest2  (cost=22.37..3744.77 rows=969 width=121)
	              Recheck Cond: ((id >= 9008326) AND (id <= 9009325))
	              ->  Bitmap Index Scan on sbtest2_pkey  (cost=0.00..22.12 rows=969 width=0)
	                    Index Cond: ((id >= 9008326) AND (id <= 9009325))

table 3 : explain SELECT DISTINCT c FROM sbtest3 WHERE id BETWEEN 7574052 AND 7575051 ORDER BY c
	Unique  (cost=3687.82..3692.53 rows=942 width=121)
	  ->  Sort  (cost=3687.82..3690.18 rows=942 width=121)
	        Sort Key: c
	        ->  Bitmap Heap Scan on sbtest3  (cost=22.09..3641.29 rows=942 width=121)
	              Recheck Cond: ((id >= 7574052) AND (id <= 7575051))
	              ->  Bitmap Index Scan on sbtest3_pkey  (cost=0.00..21.86 rows=942 width=0)
	                    Index Cond: ((id >= 7574052) AND (id <= 7575051))

table 4 : explain SELECT DISTINCT c FROM sbtest4 WHERE id BETWEEN 5180405 AND 5181404 ORDER BY c
	Unique  (cost=3692.37..3697.09 rows=943 width=121)
	  ->  Sort  (cost=3692.37..3694.73 rows=943 width=121)
	        Sort Key: c
	        ->  Bitmap Heap Scan on sbtest4  (cost=22.10..3645.78 rows=943 width=121)
	              Recheck Cond: ((id >= 5180405) AND (id <= 5181404))
	              ->  Bitmap Index Scan on sbtest4_pkey  (cost=0.00..21.86 rows=943 width=0)
	                    Index Cond: ((id >= 5180405) AND (id <= 5181404))

table 5 : explain SELECT DISTINCT c FROM sbtest5 WHERE id BETWEEN 5533692 AND 5534691 ORDER BY c
	Unique  (cost=3915.43..3920.43 rows=1000 width=121)
	  ->  Sort  (cost=3915.43..3917.93 rows=1000 width=121)
	        Sort Key: c
	        ->  Bitmap Heap Scan on sbtest5  (cost=26.68..3865.60 rows=1000 width=121)
	              Recheck Cond: ((id >= 5533692) AND (id <= 5534691))
	              ->  Bitmap Index Scan on sbtest5_pkey  (cost=0.00..26.43 rows=1000 width=0)
	                    Index Cond: ((id >= 5533692) AND (id <= 5534691))

table 6 : explain SELECT DISTINCT c FROM sbtest6 WHERE id BETWEEN 6023797 AND 6024796 ORDER BY c
	Unique  (cost=3891.56..3896.54 rows=995 width=121)
	  ->  Sort  (cost=3891.56..3894.05 rows=995 width=121)
	        Sort Key: c
	        ->  Bitmap Heap Scan on sbtest6  (cost=22.63..3842.02 rows=995 width=121)
	              Recheck Cond: ((id >= 6023797) AND (id <= 6024796))
	              ->  Bitmap Index Scan on sbtest6_pkey  (cost=0.00..22.39 rows=995 width=0)
	                    Index Cond: ((id >= 6023797) AND (id <= 6024796))

table 7 : explain SELECT DISTINCT c FROM sbtest7 WHERE id BETWEEN 9995640 AND 9996639 ORDER BY c
	Unique  (cost=3948.86..3953.91 rows=1010 width=121)
	  ->  Sort  (cost=3948.86..3951.39 rows=1010 width=121)
	        Sort Key: c
	        ->  Bitmap Heap Scan on sbtest7  (cost=22.79..3898.46 rows=1010 width=121)
	              Recheck Cond: ((id >= 9995640) AND (id <= 9996639))
	              ->  Bitmap Index Scan on sbtest7_pkey  (cost=0.00..22.54 rows=1010 width=0)
	                    Index Cond: ((id >= 9995640) AND (id <= 9996639))

table 8 : explain SELECT DISTINCT c FROM sbtest8 WHERE id BETWEEN 2137327 AND 2138326 ORDER BY c
	Unique  (cost=3734.94..3739.71 rows=954 width=121)
	  ->  Sort  (cost=3734.94..3737.32 rows=954 width=121)
	        Sort Key: c
	        ->  Bitmap Heap Scan on sbtest8  (cost=22.21..3687.72 rows=954 width=121)
	              Recheck Cond: ((id >= 2137327) AND (id <= 2138326))
	              ->  Bitmap Index Scan on sbtest8_pkey  (cost=0.00..21.97 rows=954 width=0)
	                    Index Cond: ((id >= 2137327) AND (id <= 2138326))

for: distinct_ranges
table 1 : explain SELECT DISTINCT c FROM sbtest1 WHERE id BETWEEN 7487087 AND 7488086 ORDER BY c
	Unique  (cost=3910.50..3915.50 rows=1000 width=121)
	  ->  Sort  (cost=3910.50..3913.00 rows=1000 width=121)
	        Sort Key: c
	        ->  Bitmap Heap Scan on sbtest1  (cost=22.68..3860.67 rows=1000 width=121)
	              Recheck Cond: ((id >= 7487087) AND (id <= 7488086))
	              ->  Bitmap Index Scan on sbtest1_pkey  (cost=0.00..22.43 rows=1000 width=0)
	                    Index Cond: ((id >= 7487087) AND (id <= 7488086))

table 2 : explain SELECT DISTINCT c FROM sbtest2 WHERE id BETWEEN 886142 AND 887141 ORDER BY c
	Unique  (cost=3991.71..3996.81 rows=1021 width=121)
	  ->  Sort  (cost=3991.71..3994.26 rows=1021 width=121)
	        Sort Key: c
	        ->  Bitmap Heap Scan on sbtest2  (cost=22.90..3940.68 rows=1021 width=121)
	              Recheck Cond: ((id >= 886142) AND (id <= 887141))
	              ->  Bitmap Index Scan on sbtest2_pkey  (cost=0.00..22.64 rows=1021 width=0)
	                    Index Cond: ((id >= 886142) AND (id <= 887141))

table 3 : explain SELECT DISTINCT c FROM sbtest3 WHERE id BETWEEN 9708323 AND 9709322 ORDER BY c
	Unique  (cost=4047.15..4052.33 rows=1036 width=121)
	  ->  Sort  (cost=4047.15..4049.74 rows=1036 width=121)
	        Sort Key: c
	        ->  Bitmap Heap Scan on sbtest3  (cost=23.05..3995.26 rows=1036 width=121)
	              Recheck Cond: ((id >= 9708323) AND (id <= 9709322))
	              ->  Bitmap Index Scan on sbtest3_pkey  (cost=0.00..22.79 rows=1036 width=0)
	                    Index Cond: ((id >= 9708323) AND (id <= 9709322))

table 4 : explain SELECT DISTINCT c FROM sbtest4 WHERE id BETWEEN 8876062 AND 8877061 ORDER BY c
	Unique  (cost=3573.60..3578.16 rows=912 width=121)
	  ->  Sort  (cost=3573.60..3575.88 rows=912 width=121)
	        Sort Key: c
	        ->  Bitmap Heap Scan on sbtest4  (cost=21.78..3528.76 rows=912 width=121)
	              Recheck Cond: ((id >= 8876062) AND (id <= 8877061))
	              ->  Bitmap Index Scan on sbtest4_pkey  (cost=0.00..21.55 rows=912 width=0)
	                    Index Cond: ((id >= 8876062) AND (id <= 8877061))

table 5 : explain SELECT DISTINCT c FROM sbtest5 WHERE id BETWEEN 1650848 AND 1651847 ORDER BY c
	Unique  (cost=4098.83..4104.07 rows=1048 width=121)
	  ->  Sort  (cost=4098.83..4101.45 rows=1048 width=121)
	        Sort Key: c
	        ->  Bitmap Heap Scan on sbtest5  (cost=27.18..4046.26 rows=1048 width=121)
	              Recheck Cond: ((id >= 1650848) AND (id <= 1651847))
	              ->  Bitmap Index Scan on sbtest5_pkey  (cost=0.00..26.91 rows=1048 width=0)
	                    Index Cond: ((id >= 1650848) AND (id <= 1651847))

table 6 : explain SELECT DISTINCT c FROM sbtest6 WHERE id BETWEEN 3222181 AND 3223180 ORDER BY c
	Unique  (cost=3792.11..3796.96 rows=969 width=121)
	  ->  Sort  (cost=3792.11..3794.54 rows=969 width=121)
	        Sort Key: c
	        ->  Bitmap Heap Scan on sbtest6  (cost=22.37..3744.05 rows=969 width=121)
	              Recheck Cond: ((id >= 3222181) AND (id <= 3223180))
	              ->  Bitmap Index Scan on sbtest6_pkey  (cost=0.00..22.12 rows=969 width=0)
	                    Index Cond: ((id >= 3222181) AND (id <= 3223180))

table 7 : explain SELECT DISTINCT c FROM sbtest7 WHERE id BETWEEN 6589417 AND 6590416 ORDER BY c
	Unique  (cost=4162.68..4168.01 rows=1066 width=121)
	  ->  Sort  (cost=4162.68..4165.34 rows=1066 width=121)
	        Sort Key: c
	        ->  Bitmap Heap Scan on sbtest7  (cost=23.36..4109.07 rows=1066 width=121)
	              Recheck Cond: ((id >= 6589417) AND (id <= 6590416))
	              ->  Bitmap Index Scan on sbtest7_pkey  (cost=0.00..23.09 rows=1066 width=0)
	                    Index Cond: ((id >= 6589417) AND (id <= 6590416))

table 8 : explain SELECT DISTINCT c FROM sbtest8 WHERE id BETWEEN 8360223 AND 8361222 ORDER BY c
	Unique  (cost=4040.85..4046.02 rows=1034 width=121)
	  ->  Sort  (cost=4040.85..4043.44 rows=1034 width=121)
	        Sort Key: c
	        ->  Bitmap Heap Scan on sbtest8  (cost=23.03..3989.08 rows=1034 width=121)
	              Recheck Cond: ((id >= 8360223) AND (id <= 8361222))
	              ->  Bitmap Index Scan on sbtest8_pkey  (cost=0.00..22.77 rows=1034 width=0)
	                    Index Cond: ((id >= 8360223) AND (id <= 8361222))

for: simple_ranges
table 1 : explain SELECT c FROM sbtest1 WHERE id BETWEEN 8630527 AND 8631526
	Bitmap Heap Scan on sbtest1  (cost=22.51..3796.64 rows=983 width=121)
	  Recheck Cond: ((id >= 8630527) AND (id <= 8631526))
	  ->  Bitmap Index Scan on sbtest1_pkey  (cost=0.00..22.26 rows=983 width=0)
	        Index Cond: ((id >= 8630527) AND (id <= 8631526))

table 2 : explain SELECT c FROM sbtest2 WHERE id BETWEEN 6142134 AND 6143133
	Bitmap Heap Scan on sbtest2  (cost=22.93..3951.97 rows=1024 width=121)
	  Recheck Cond: ((id >= 6142134) AND (id <= 6143133))
	  ->  Bitmap Index Scan on sbtest2_pkey  (cost=0.00..22.68 rows=1024 width=0)
	        Index Cond: ((id >= 6142134) AND (id <= 6143133))

table 3 : explain SELECT c FROM sbtest3 WHERE id BETWEEN 9284121 AND 9285120
	Bitmap Heap Scan on sbtest3  (cost=22.98..3968.94 rows=1029 width=121)
	  Recheck Cond: ((id >= 9284121) AND (id <= 9285120))
	  ->  Bitmap Index Scan on sbtest3_pkey  (cost=0.00..22.72 rows=1029 width=0)
	        Index Cond: ((id >= 9284121) AND (id <= 9285120))

table 4 : explain SELECT c FROM sbtest4 WHERE id BETWEEN 7181579 AND 7182578
	Bitmap Heap Scan on sbtest4  (cost=22.59..3826.73 rows=991 width=121)
	  Recheck Cond: ((id >= 7181579) AND (id <= 7182578))
	  ->  Bitmap Index Scan on sbtest4_pkey  (cost=0.00..22.34 rows=991 width=0)
	        Index Cond: ((id >= 7181579) AND (id <= 7182578))

table 5 : explain SELECT c FROM sbtest5 WHERE id BETWEEN 7370351 AND 7371350
	Bitmap Heap Scan on sbtest5  (cost=21.90..3571.16 rows=923 width=121)
	  Recheck Cond: ((id >= 7370351) AND (id <= 7371350))
	  ->  Bitmap Index Scan on sbtest5_pkey  (cost=0.00..21.66 rows=923 width=0)
	        Index Cond: ((id >= 7370351) AND (id <= 7371350))

table 6 : explain SELECT c FROM sbtest6 WHERE id BETWEEN 8198635 AND 8199634
	Bitmap Heap Scan on sbtest6  (cost=22.38..3747.82 rows=970 width=121)
	  Recheck Cond: ((id >= 8198635) AND (id <= 8199634))
	  ->  Bitmap Index Scan on sbtest6_pkey  (cost=0.00..22.14 rows=970 width=0)
	        Index Cond: ((id >= 8198635) AND (id <= 8199634))

table 7 : explain SELECT c FROM sbtest7 WHERE id BETWEEN 5879368 AND 5880367
	Bitmap Heap Scan on sbtest7  (cost=23.07..4003.81 rows=1038 width=121)
	  Recheck Cond: ((id >= 5879368) AND (id <= 5880367))
	  ->  Bitmap Index Scan on sbtest7_pkey  (cost=0.00..22.82 rows=1038 width=0)
	        Index Cond: ((id >= 5879368) AND (id <= 5880367))

table 8 : explain SELECT c FROM sbtest8 WHERE id BETWEEN 7098834 AND 7099833
	Bitmap Heap Scan on sbtest8  (cost=22.07..3634.90 rows=940 width=121)
	  Recheck Cond: ((id >= 7098834) AND (id <= 7099833))
	  ->  Bitmap Index Scan on sbtest8_pkey  (cost=0.00..21.83 rows=940 width=0)
	        Index Cond: ((id >= 7098834) AND (id <= 7099833))

for: simple_ranges
table 1 : explain SELECT c FROM sbtest1 WHERE id BETWEEN 8824473 AND 8825472
	Bitmap Heap Scan on sbtest1  (cost=22.85..3920.90 rows=1016 width=121)
	  Recheck Cond: ((id >= 8824473) AND (id <= 8825472))
	  ->  Bitmap Index Scan on sbtest1_pkey  (cost=0.00..22.59 rows=1016 width=0)
	        Index Cond: ((id >= 8824473) AND (id <= 8825472))

table 2 : explain SELECT c FROM sbtest2 WHERE id BETWEEN 56093 AND 57092
	Bitmap Heap Scan on sbtest2  (cost=22.61..3835.23 rows=993 width=121)
	  Recheck Cond: ((id >= 56093) AND (id <= 57092))
	  ->  Bitmap Index Scan on sbtest2_pkey  (cost=0.00..22.36 rows=993 width=0)
	        Index Cond: ((id >= 56093) AND (id <= 57092))

table 3 : explain SELECT c FROM sbtest3 WHERE id BETWEEN 2141069 AND 2142068
	Bitmap Heap Scan on sbtest3  (cost=22.10..3645.06 rows=943 width=121)
	  Recheck Cond: ((id >= 2141069) AND (id <= 2142068))
	  ->  Bitmap Index Scan on sbtest3_pkey  (cost=0.00..21.86 rows=943 width=0)
	        Index Cond: ((id >= 2141069) AND (id <= 2142068))

table 4 : explain SELECT c FROM sbtest4 WHERE id BETWEEN 9446851 AND 9447850
	Bitmap Heap Scan on sbtest4  (cost=22.79..3898.27 rows=1010 width=121)
	  Recheck Cond: ((id >= 9446851) AND (id <= 9447850))
	  ->  Bitmap Index Scan on sbtest4_pkey  (cost=0.00..22.54 rows=1010 width=0)
	        Index Cond: ((id >= 9446851) AND (id <= 9447850))

table 5 : explain SELECT c FROM sbtest5 WHERE id BETWEEN 1438402 AND 1439401
	Bitmap Heap Scan on sbtest5  (cost=22.22..3691.96 rows=955 width=121)
	  Recheck Cond: ((id >= 1438402) AND (id <= 1439401))
	  ->  Bitmap Index Scan on sbtest5_pkey  (cost=0.00..21.98 rows=955 width=0)
	        Index Cond: ((id >= 1438402) AND (id <= 1439401))

table 6 : explain SELECT c FROM sbtest6 WHERE id BETWEEN 7300248 AND 7301247
	Bitmap Heap Scan on sbtest6  (cost=27.68..4229.53 rows=1097 width=121)
	  Recheck Cond: ((id >= 7300248) AND (id <= 7301247))
	  ->  Bitmap Index Scan on sbtest6_pkey  (cost=0.00..27.40 rows=1097 width=0)
	        Index Cond: ((id >= 7300248) AND (id <= 7301247))

table 7 : explain SELECT c FROM sbtest7 WHERE id BETWEEN 2202215 AND 2203214
	Bitmap Heap Scan on sbtest7  (cost=23.20..4048.93 rows=1050 width=121)
	  Recheck Cond: ((id >= 2202215) AND (id <= 2203214))
	  ->  Bitmap Index Scan on sbtest7_pkey  (cost=0.00..22.93 rows=1050 width=0)
	        Index Cond: ((id >= 2202215) AND (id <= 2203214))

table 8 : explain SELECT c FROM sbtest8 WHERE id BETWEEN 355471 AND 356470
	Bitmap Heap Scan on sbtest8  (cost=22.40..3755.60 rows=972 width=121)
	  Recheck Cond: ((id >= 355471) AND (id <= 356470))
	  ->  Bitmap Index Scan on sbtest8_pkey  (cost=0.00..22.15 rows=972 width=0)
	        Index Cond: ((id >= 355471) AND (id <= 356470))

for: order_ranges
table 1 : explain SELECT c FROM sbtest1 WHERE id BETWEEN 4963616 AND 4964615 ORDER BY c
	Sort  (cost=3876.09..3878.57 rows=991 width=121)
	  Sort Key: c
	  ->  Bitmap Heap Scan on sbtest1  (cost=22.59..3826.78 rows=991 width=121)
	        Recheck Cond: ((id >= 4963616) AND (id <= 4964615))
	        ->  Bitmap Index Scan on sbtest1_pkey  (cost=0.00..22.34 rows=991 width=0)
	              Index Cond: ((id >= 4963616) AND (id <= 4964615))

table 2 : explain SELECT c FROM sbtest2 WHERE id BETWEEN 6997266 AND 6998265 ORDER BY c
	Sort  (cost=3854.06..3856.52 rows=985 width=121)
	  Sort Key: c
	  ->  Bitmap Heap Scan on sbtest2  (cost=22.53..3805.08 rows=985 width=121)
	        Recheck Cond: ((id >= 6997266) AND (id <= 6998265))
	        ->  Bitmap Index Scan on sbtest2_pkey  (cost=0.00..22.29 rows=985 width=0)
	              Index Cond: ((id >= 6997266) AND (id <= 6998265))

table 3 : explain SELECT c FROM sbtest3 WHERE id BETWEEN 5801287 AND 5802286 ORDER BY c
	Sort  (cost=3871.45..3873.92 rows=990 width=121)
	  Sort Key: c
	  ->  Bitmap Heap Scan on sbtest3  (cost=22.58..3822.19 rows=990 width=121)
	        Recheck Cond: ((id >= 5801287) AND (id <= 5802286))
	        ->  Bitmap Index Scan on sbtest3_pkey  (cost=0.00..22.33 rows=990 width=0)
	              Index Cond: ((id >= 5801287) AND (id <= 5802286))

table 4 : explain SELECT c FROM sbtest4 WHERE id BETWEEN 1857018 AND 1858017 ORDER BY c
	Sort  (cost=3952.49..3955.02 rows=1011 width=121)
	  Sort Key: c
	  ->  Bitmap Heap Scan on sbtest4  (cost=22.80..3902.04 rows=1011 width=121)
	        Recheck Cond: ((id >= 1857018) AND (id <= 1858017))
	        ->  Bitmap Index Scan on sbtest4_pkey  (cost=0.00..22.54 rows=1011 width=0)
	              Index Cond: ((id >= 1857018) AND (id <= 1858017))

table 5 : explain SELECT c FROM sbtest5 WHERE id BETWEEN 4343175 AND 4344174 ORDER BY c
	Sort  (cost=3811.96..3814.40 rows=974 width=121)
	  Sort Key: c
	  ->  Bitmap Heap Scan on sbtest5  (cost=22.42..3763.62 rows=974 width=121)
	        Recheck Cond: ((id >= 4343175) AND (id <= 4344174))
	        ->  Bitmap Index Scan on sbtest5_pkey  (cost=0.00..22.18 rows=974 width=0)
	              Index Cond: ((id >= 4343175) AND (id <= 4344174))

table 6 : explain SELECT c FROM sbtest6 WHERE id BETWEEN 1328133 AND 1329132 ORDER BY c
	Sort  (cost=3684.92..3687.27 rows=941 width=121)
	  Sort Key: c
	  ->  Bitmap Heap Scan on sbtest6  (cost=22.08..3638.44 rows=941 width=121)
	        Recheck Cond: ((id >= 1328133) AND (id <= 1329132))
	        ->  Bitmap Index Scan on sbtest6_pkey  (cost=0.00..21.84 rows=941 width=0)
	              Index Cond: ((id >= 1328133) AND (id <= 1329132))

table 7 : explain SELECT c FROM sbtest7 WHERE id BETWEEN 2134623 AND 2135622 ORDER BY c
	Sort  (cost=4174.12..4176.79 rows=1069 width=121)
	  Sort Key: c
	  ->  Bitmap Heap Scan on sbtest7  (cost=23.39..4120.34 rows=1069 width=121)
	        Recheck Cond: ((id >= 2134623) AND (id <= 2135622))
	        ->  Bitmap Index Scan on sbtest7_pkey  (cost=0.00..23.12 rows=1069 width=0)
	              Index Cond: ((id >= 2134623) AND (id <= 2135622))

table 8 : explain SELECT c FROM sbtest8 WHERE id BETWEEN 5348145 AND 5349144 ORDER BY c
	Sort  (cost=3891.82..3894.30 rows=995 width=121)
	  Sort Key: c
	  ->  Bitmap Heap Scan on sbtest8  (cost=22.63..3842.27 rows=995 width=121)
	        Recheck Cond: ((id >= 5348145) AND (id <= 5349144))
	        ->  Bitmap Index Scan on sbtest8_pkey  (cost=0.00..22.39 rows=995 width=0)
	              Index Cond: ((id >= 5348145) AND (id <= 5349144))

for point_selects
table 1 : explain SELECT c FROM sbtest1 WHERE id=2958548
	Index Scan using sbtest1_pkey on sbtest1  (cost=0.43..8.45 rows=1 width=121)
	  Index Cond: (id = 2958548)

table 2 : explain SELECT c FROM sbtest2 WHERE id=5564545
	Index Scan using sbtest2_pkey on sbtest2  (cost=0.43..8.45 rows=1 width=121)
	  Index Cond: (id = 5564545)

table 3 : explain SELECT c FROM sbtest3 WHERE id=3755160
	Index Scan using sbtest3_pkey on sbtest3  (cost=0.43..8.45 rows=1 width=121)
	  Index Cond: (id = 3755160)

table 4 : explain SELECT c FROM sbtest4 WHERE id=1507009
	Index Scan using sbtest4_pkey on sbtest4  (cost=0.43..8.45 rows=1 width=121)
	  Index Cond: (id = 1507009)

table 5 : explain SELECT c FROM sbtest5 WHERE id=8438979
	Index Scan using sbtest5_pkey on sbtest5  (cost=0.43..8.45 rows=1 width=121)
	  Index Cond: (id = 8438979)

table 6 : explain SELECT c FROM sbtest6 WHERE id=848558
	Index Scan using sbtest6_pkey on sbtest6  (cost=0.43..8.45 rows=1 width=121)
	  Index Cond: (id = 848558)

table 7 : explain SELECT c FROM sbtest7 WHERE id=7459917
	Index Scan using sbtest7_pkey on sbtest7  (cost=0.43..8.45 rows=1 width=121)
	  Index Cond: (id = 7459917)

table 8 : explain SELECT c FROM sbtest8 WHERE id=8947641
	Index Scan using sbtest8_pkey on sbtest8  (cost=0.43..8.45 rows=1 width=121)
	  Index Cond: (id = 8947641)

for: sum_ranges
table 1 : explain SELECT SUM(k) FROM sbtest1 WHERE id BETWEEN 7812190 AND 7813189
	Aggregate  (cost=4122.86..4122.87 rows=1 width=8)
	  ->  Bitmap Heap Scan on sbtest1  (cost=23.39..4120.18 rows=1069 width=4)
	        Recheck Cond: ((id >= 7812190) AND (id <= 7813189))
	        ->  Bitmap Index Scan on sbtest1_pkey  (cost=0.00..23.12 rows=1069 width=0)
	              Index Cond: ((id >= 7812190) AND (id <= 7813189))

table 2 : explain SELECT SUM(k) FROM sbtest2 WHERE id BETWEEN 1989732 AND 1990731
	Aggregate  (cost=3916.86..3916.87 rows=1 width=8)
	  ->  Bitmap Heap Scan on sbtest2  (cost=22.83..3914.32 rows=1014 width=4)
	        Recheck Cond: ((id >= 1989732) AND (id <= 1990731))
	        ->  Bitmap Index Scan on sbtest2_pkey  (cost=0.00..22.57 rows=1014 width=0)
	              Index Cond: ((id >= 1989732) AND (id <= 1990731))

table 3 : explain SELECT SUM(k) FROM sbtest3 WHERE id BETWEEN 8237938 AND 8238937
	Aggregate  (cost=3658.74..3658.75 rows=1 width=8)
	  ->  Bitmap Heap Scan on sbtest3  (cost=22.13..3656.38 rows=946 width=4)
	        Recheck Cond: ((id >= 8237938) AND (id <= 8238937))
	        ->  Bitmap Index Scan on sbtest3_pkey  (cost=0.00..21.89 rows=946 width=0)
	              Index Cond: ((id >= 8237938) AND (id <= 8238937))

table 4 : explain SELECT SUM(k) FROM sbtest4 WHERE id BETWEEN 3110819 AND 3111818
	Aggregate  (cost=4058.88..4058.89 rows=1 width=8)
	  ->  Bitmap Heap Scan on sbtest4  (cost=23.22..4056.25 rows=1052 width=4)
	        Recheck Cond: ((id >= 3110819) AND (id <= 3111818))
	        ->  Bitmap Index Scan on sbtest4_pkey  (cost=0.00..22.95 rows=1052 width=0)
	              Index Cond: ((id >= 3110819) AND (id <= 3111818))

table 5 : explain SELECT SUM(k) FROM sbtest5 WHERE id BETWEEN 1937793 AND 1938792
	Aggregate  (cost=4082.74..4082.75 rows=1 width=8)
	  ->  Bitmap Heap Scan on sbtest5  (cost=27.27..4080.10 rows=1057 width=4)
	        Recheck Cond: ((id >= 1937793) AND (id <= 1938792))
	        ->  Bitmap Index Scan on sbtest5_pkey  (cost=0.00..27.00 rows=1057 width=0)
	              Index Cond: ((id >= 1937793) AND (id <= 1938792))

table 6 : explain SELECT SUM(k) FROM sbtest6 WHERE id BETWEEN 7128197 AND 7129196
	Aggregate  (cost=3953.75..3953.76 rows=1 width=8)
	  ->  Bitmap Heap Scan on sbtest6  (cost=22.93..3951.19 rows=1024 width=4)
	        Recheck Cond: ((id >= 7128197) AND (id <= 7129196))
	        ->  Bitmap Index Scan on sbtest6_pkey  (cost=0.00..22.68 rows=1024 width=0)
	              Index Cond: ((id >= 7128197) AND (id <= 7129196))

table 7 : explain SELECT SUM(k) FROM sbtest7 WHERE id BETWEEN 9379830 AND 9380829
	Aggregate  (cost=4040.27..4040.28 rows=1 width=8)
	  ->  Bitmap Heap Scan on sbtest7  (cost=23.17..4037.66 rows=1047 width=4)
	        Recheck Cond: ((id >= 9379830) AND (id <= 9380829))
	        ->  Bitmap Index Scan on sbtest7_pkey  (cost=0.00..22.90 rows=1047 width=0)
	              Index Cond: ((id >= 9379830) AND (id <= 9380829))

table 8 : explain SELECT SUM(k) FROM sbtest8 WHERE id BETWEEN 1453869 AND 1454868
	Aggregate  (cost=3791.98..3791.99 rows=1 width=8)
	  ->  Bitmap Heap Scan on sbtest8  (cost=22.49..3789.52 rows=981 width=4)
	        Recheck Cond: ((id >= 1453869) AND (id <= 1454868))
	        ->  Bitmap Index Scan on sbtest8_pkey  (cost=0.00..22.25 rows=981 width=0)
	              Index Cond: ((id >= 1453869) AND (id <= 1454868))

for: sum_ranges
table 1 : explain SELECT SUM(k) FROM sbtest1 WHERE id BETWEEN 4950557 AND 4951556
	Aggregate  (cost=3829.25..3829.26 rows=1 width=8)
	  ->  Bitmap Heap Scan on sbtest1  (cost=22.59..3826.78 rows=991 width=4)
	        Recheck Cond: ((id >= 4950557) AND (id <= 4951556))
	        ->  Bitmap Index Scan on sbtest1_pkey  (cost=0.00..22.34 rows=991 width=0)
	              Index Cond: ((id >= 4950557) AND (id <= 4951556))

table 2 : explain SELECT SUM(k) FROM sbtest2 WHERE id BETWEEN 370247 AND 371246
	Aggregate  (cost=3550.79..3550.80 rows=1 width=8)
	  ->  Bitmap Heap Scan on sbtest2  (cost=21.83..3548.50 rows=917 width=4)
	        Recheck Cond: ((id >= 370247) AND (id <= 371246))
	        ->  Bitmap Index Scan on sbtest2_pkey  (cost=0.00..21.61 rows=917 width=0)
	              Index Cond: ((id >= 370247) AND (id <= 371246))

table 3 : explain SELECT SUM(k) FROM sbtest3 WHERE id BETWEEN 9503894 AND 9504893
	Aggregate  (cost=3519.01..3519.02 rows=1 width=8)
	  ->  Bitmap Heap Scan on sbtest3  (cost=21.75..3516.74 rows=909 width=4)
	        Recheck Cond: ((id >= 9503894) AND (id <= 9504893))
	        ->  Bitmap Index Scan on sbtest3_pkey  (cost=0.00..21.52 rows=909 width=0)
	              Index Cond: ((id >= 9503894) AND (id <= 9504893))

table 4 : explain SELECT SUM(k) FROM sbtest4 WHERE id BETWEEN 3127611 AND 3128610
	Aggregate  (cost=4058.88..4058.89 rows=1 width=8)
	  ->  Bitmap Heap Scan on sbtest4  (cost=23.22..4056.25 rows=1052 width=4)
	        Recheck Cond: ((id >= 3127611) AND (id <= 3128610))
	        ->  Bitmap Index Scan on sbtest4_pkey  (cost=0.00..22.95 rows=1052 width=0)
	              Index Cond: ((id >= 3127611) AND (id <= 3128610))

table 5 : explain SELECT SUM(k) FROM sbtest5 WHERE id BETWEEN 6399476 AND 6400475
	Aggregate  (cost=3935.93..3935.94 rows=1 width=8)
	  ->  Bitmap Heap Scan on sbtest5  (cost=26.87..3933.38 rows=1018 width=4)
	        Recheck Cond: ((id >= 6399476) AND (id <= 6400475))
	        ->  Bitmap Index Scan on sbtest5_pkey  (cost=0.00..26.61 rows=1018 width=0)
	              Index Cond: ((id >= 6399476) AND (id <= 6400475))

table 6 : explain SELECT SUM(k) FROM sbtest6 WHERE id BETWEEN 8456833 AND 8457832
	Aggregate  (cost=3542.57..3542.58 rows=1 width=8)
	  ->  Bitmap Heap Scan on sbtest6  (cost=21.81..3540.29 rows=915 width=4)
	        Recheck Cond: ((id >= 8456833) AND (id <= 8457832))
	        ->  Bitmap Index Scan on sbtest6_pkey  (cost=0.00..21.58 rows=915 width=0)
	              Index Cond: ((id >= 8456833) AND (id <= 8457832))

table 7 : explain SELECT SUM(k) FROM sbtest7 WHERE id BETWEEN 6320580 AND 6321579
	Aggregate  (cost=3761.52..3761.53 rows=1 width=8)
	  ->  Bitmap Heap Scan on sbtest7  (cost=22.41..3759.09 rows=973 width=4)
	        Recheck Cond: ((id >= 6320580) AND (id <= 6321579))
	        ->  Bitmap Index Scan on sbtest7_pkey  (cost=0.00..22.16 rows=973 width=0)
	              Index Cond: ((id >= 6320580) AND (id <= 6321579))

table 8 : explain SELECT SUM(k) FROM sbtest8 WHERE id BETWEEN 3181256 AND 3182255
	Aggregate  (cost=3818.37..3818.38 rows=1 width=8)
	  ->  Bitmap Heap Scan on sbtest8  (cost=22.56..3815.90 rows=988 width=4)
	        Recheck Cond: ((id >= 3181256) AND (id <= 3182255))
	        ->  Bitmap Index Scan on sbtest8_pkey  (cost=0.00..22.32 rows=988 width=0)
	              Index Cond: ((id >= 3181256) AND (id <= 3182255))

for: distinct_ranges
table 1 : explain SELECT DISTINCT c FROM sbtest1 WHERE id BETWEEN 1473413 AND 1474412 ORDER BY c
	Unique  (cost=3887.56..3892.53 rows=994 width=121)
	  ->  Sort  (cost=3887.56..3890.05 rows=994 width=121)
	        Sort Key: c
	        ->  Bitmap Heap Scan on sbtest1  (cost=22.62..3838.08 rows=994 width=121)
	              Recheck Cond: ((id >= 1473413) AND (id <= 1474412))
	              ->  Bitmap Index Scan on sbtest1_pkey  (cost=0.00..22.37 rows=994 width=0)
	                    Index Cond: ((id >= 1473413) AND (id <= 1474412))

table 2 : explain SELECT DISTINCT c FROM sbtest2 WHERE id BETWEEN 6403614 AND 6404613 ORDER BY c
	Unique  (cost=3842.58..3847.49 rows=982 width=121)
	  ->  Sort  (cost=3842.58..3845.03 rows=982 width=121)
	        Sort Key: c
	        ->  Bitmap Heap Scan on sbtest2  (cost=22.50..3793.78 rows=982 width=121)
	              Recheck Cond: ((id >= 6403614) AND (id <= 6404613))
	              ->  Bitmap Index Scan on sbtest2_pkey  (cost=0.00..22.25 rows=982 width=0)
	                    Index Cond: ((id >= 6403614) AND (id <= 6404613))

table 3 : explain SELECT DISTINCT c FROM sbtest3 WHERE id BETWEEN 2462488 AND 2463487 ORDER BY c
	Unique  (cost=3683.99..3688.70 rows=941 width=121)
	  ->  Sort  (cost=3683.99..3686.35 rows=941 width=121)
	        Sort Key: c
	        ->  Bitmap Heap Scan on sbtest3  (cost=22.08..3637.52 rows=941 width=121)
	              Recheck Cond: ((id >= 2462488) AND (id <= 2463487))
	              ->  Bitmap Index Scan on sbtest3_pkey  (cost=0.00..21.84 rows=941 width=0)
	                    Index Cond: ((id >= 2462488) AND (id <= 2463487))

table 4 : explain SELECT DISTINCT c FROM sbtest4 WHERE id BETWEEN 3911306 AND 3912305 ORDER BY c
	Unique  (cost=4311.42..4316.94 rows=1105 width=121)
	  ->  Sort  (cost=4311.42..4314.18 rows=1105 width=121)
	        Sort Key: c
	        ->  Bitmap Heap Scan on sbtest4  (cost=27.76..4255.56 rows=1105 width=121)
	              Recheck Cond: ((id >= 3911306) AND (id <= 3912305))
	              ->  Bitmap Index Scan on sbtest4_pkey  (cost=0.00..27.48 rows=1105 width=0)
	                    Index Cond: ((id >= 3911306) AND (id <= 3912305))

table 5 : explain SELECT DISTINCT c FROM sbtest5 WHERE id BETWEEN 1542116 AND 1543115 ORDER BY c
	Unique  (cost=3631.95..3636.59 rows=927 width=121)
	  ->  Sort  (cost=3631.95..3634.27 rows=927 width=121)
	        Sort Key: c
	        ->  Bitmap Heap Scan on sbtest5  (cost=21.94..3586.27 rows=927 width=121)
	              Recheck Cond: ((id >= 1542116) AND (id <= 1543115))
	              ->  Bitmap Index Scan on sbtest5_pkey  (cost=0.00..21.70 rows=927 width=0)
	                    Index Cond: ((id >= 1542116) AND (id <= 1543115))

table 6 : explain SELECT DISTINCT c FROM sbtest6 WHERE id BETWEEN 7106343 AND 7107342 ORDER BY c
	Unique  (cost=3646.61..3651.27 rows=931 width=121)
	  ->  Sort  (cost=3646.61..3648.94 rows=931 width=121)
	        Sort Key: c
	        ->  Bitmap Heap Scan on sbtest6  (cost=21.98..3600.70 rows=931 width=121)
	              Recheck Cond: ((id >= 7106343) AND (id <= 7107342))
	              ->  Bitmap Index Scan on sbtest6_pkey  (cost=0.00..21.75 rows=931 width=0)
	                    Index Cond: ((id >= 7106343) AND (id <= 7107342))

table 7 : explain SELECT DISTINCT c FROM sbtest7 WHERE id BETWEEN 3104084 AND 3105083 ORDER BY c
	Unique  (cost=4082.54..4087.76 rows=1045 width=121)
	  ->  Sort  (cost=4082.54..4085.15 rows=1045 width=121)
	        Sort Key: c
	        ->  Bitmap Heap Scan on sbtest7  (cost=23.15..4030.14 rows=1045 width=121)
	              Recheck Cond: ((id >= 3104084) AND (id <= 3105083))
	              ->  Bitmap Index Scan on sbtest7_pkey  (cost=0.00..22.89 rows=1045 width=0)
	                    Index Cond: ((id >= 3104084) AND (id <= 3105083))

table 8 : explain SELECT DISTINCT c FROM sbtest8 WHERE id BETWEEN 1491920 AND 1492919 ORDER BY c
	Unique  (cost=3838.27..3843.18 rows=981 width=121)
	  ->  Sort  (cost=3838.27..3840.72 rows=981 width=121)
	        Sort Key: c
	        ->  Bitmap Heap Scan on sbtest8  (cost=22.49..3789.52 rows=981 width=121)
	              Recheck Cond: ((id >= 1491920) AND (id <= 1492919))
	              ->  Bitmap Index Scan on sbtest8_pkey  (cost=0.00..22.25 rows=981 width=0)
	                    Index Cond: ((id >= 1491920) AND (id <= 1492919))

for: simple_ranges
table 1 : explain SELECT c FROM sbtest1 WHERE id BETWEEN 8464119 AND 8465118
	Bitmap Heap Scan on sbtest1  (cost=22.95..3958.53 rows=1026 width=121)
	  Recheck Cond: ((id >= 8464119) AND (id <= 8465118))
	  ->  Bitmap Index Scan on sbtest1_pkey  (cost=0.00..22.69 rows=1026 width=0)
	        Index Cond: ((id >= 8464119) AND (id <= 8465118))

table 2 : explain SELECT c FROM sbtest2 WHERE id BETWEEN 8817886 AND 8818885
	Bitmap Heap Scan on sbtest2  (cost=23.02..3985.84 rows=1033 width=121)
	  Recheck Cond: ((id >= 8817886) AND (id <= 8818885))
	  ->  Bitmap Index Scan on sbtest2_pkey  (cost=0.00..22.76 rows=1033 width=0)
	        Index Cond: ((id >= 8817886) AND (id <= 8818885))

table 3 : explain SELECT c FROM sbtest3 WHERE id BETWEEN 9334006 AND 9335005
	Bitmap Heap Scan on sbtest3  (cost=21.48..3414.73 rows=882 width=121)
	  Recheck Cond: ((id >= 9334006) AND (id <= 9335005))
	  ->  Bitmap Index Scan on sbtest3_pkey  (cost=0.00..21.25 rows=882 width=0)
	        Index Cond: ((id >= 9334006) AND (id <= 9335005))

table 4 : explain SELECT c FROM sbtest4 WHERE id BETWEEN 6397872 AND 6398871
	Bitmap Heap Scan on sbtest4  (cost=23.13..4022.42 rows=1043 width=121)
	  Recheck Cond: ((id >= 6397872) AND (id <= 6398871))
	  ->  Bitmap Index Scan on sbtest4_pkey  (cost=0.00..22.86 rows=1043 width=0)
	        Index Cond: ((id >= 6397872) AND (id <= 6398871))

table 5 : explain SELECT c FROM sbtest5 WHERE id BETWEEN 6914839 AND 6915838
	Bitmap Heap Scan on sbtest5  (cost=22.29..3714.59 rows=961 width=121)
	  Recheck Cond: ((id >= 6914839) AND (id <= 6915838))
	  ->  Bitmap Index Scan on sbtest5_pkey  (cost=0.00..22.04 rows=961 width=0)
	        Index Cond: ((id >= 6914839) AND (id <= 6915838))

table 6 : explain SELECT c FROM sbtest6 WHERE id BETWEEN 9344084 AND 9345083
	Bitmap Heap Scan on sbtest6  (cost=21.90..3570.50 rows=923 width=121)
	  Recheck Cond: ((id >= 9344084) AND (id <= 9345083))
	  ->  Bitmap Index Scan on sbtest6_pkey  (cost=0.00..21.66 rows=923 width=0)
	        Index Cond: ((id >= 9344084) AND (id <= 9345083))

table 7 : explain SELECT c FROM sbtest7 WHERE id BETWEEN 4665467 AND 4666466
	Bitmap Heap Scan on sbtest7  (cost=22.26..3706.31 rows=959 width=121)
	  Recheck Cond: ((id >= 4665467) AND (id <= 4666466))
	  ->  Bitmap Index Scan on sbtest7_pkey  (cost=0.00..22.02 rows=959 width=0)
	        Index Cond: ((id >= 4665467) AND (id <= 4666466))

table 8 : explain SELECT c FROM sbtest8 WHERE id BETWEEN 7187470 AND 7188469
	Bitmap Heap Scan on sbtest8  (cost=22.85..3921.35 rows=1016 width=121)
	  Recheck Cond: ((id >= 7187470) AND (id <= 7188469))
	  ->  Bitmap Index Scan on sbtest8_pkey  (cost=0.00..22.59 rows=1016 width=0)
	        Index Cond: ((id >= 7187470) AND (id <= 7188469))

for: distinct_ranges
table 1 : explain SELECT DISTINCT c FROM sbtest1 WHERE id BETWEEN 2601117 AND 2602116 ORDER BY c
	Unique  (cost=3807.25..3812.11 rows=973 width=121)
	  ->  Sort  (cost=3807.25..3809.68 rows=973 width=121)
	        Sort Key: c
	        ->  Bitmap Heap Scan on sbtest1  (cost=22.41..3758.96 rows=973 width=121)
	              Recheck Cond: ((id >= 2601117) AND (id <= 2602116))
	              ->  Bitmap Index Scan on sbtest1_pkey  (cost=0.00..22.16 rows=973 width=0)
	                    Index Cond: ((id >= 2601117) AND (id <= 2602116))

table 2 : explain SELECT DISTINCT c FROM sbtest2 WHERE id BETWEEN 7077607 AND 7078606 ORDER BY c
	Unique  (cost=3854.06..3858.98 rows=985 width=121)
	  ->  Sort  (cost=3854.06..3856.52 rows=985 width=121)
	        Sort Key: c
	        ->  Bitmap Heap Scan on sbtest2  (cost=22.53..3805.08 rows=985 width=121)
	              Recheck Cond: ((id >= 7077607) AND (id <= 7078606))
	              ->  Bitmap Index Scan on sbtest2_pkey  (cost=0.00..22.29 rows=985 width=0)
	                    Index Cond: ((id >= 7077607) AND (id <= 7078606))

table 3 : explain SELECT DISTINCT c FROM sbtest3 WHERE id BETWEEN 3099265 AND 3100264 ORDER BY c
	Unique  (cost=3829.39..3834.29 rows=979 width=121)
	  ->  Sort  (cost=3829.39..3831.84 rows=979 width=121)
	        Sort Key: c
	        ->  Bitmap Heap Scan on sbtest3  (cost=22.47..3780.76 rows=979 width=121)
	              Recheck Cond: ((id >= 3099265) AND (id <= 3100264))
	              ->  Bitmap Index Scan on sbtest3_pkey  (cost=0.00..22.22 rows=979 width=0)
	                    Index Cond: ((id >= 3099265) AND (id <= 3100264))

table 4 : explain SELECT DISTINCT c FROM sbtest4 WHERE id BETWEEN 5638542 AND 5639541 ORDER BY c
	Unique  (cost=3876.05..3881.00 rows=991 width=121)
	  ->  Sort  (cost=3876.05..3878.52 rows=991 width=121)
	        Sort Key: c
	        ->  Bitmap Heap Scan on sbtest4  (cost=22.59..3826.73 rows=991 width=121)
	              Recheck Cond: ((id >= 5638542) AND (id <= 5639541))
	              ->  Bitmap Index Scan on sbtest4_pkey  (cost=0.00..22.34 rows=991 width=0)
	                    Index Cond: ((id >= 5638542) AND (id <= 5639541))

table 5 : explain SELECT DISTINCT c FROM sbtest5 WHERE id BETWEEN 7846808 AND 7847807 ORDER BY c
	Unique  (cost=4133.19..4138.48 rows=1057 width=121)
	  ->  Sort  (cost=4133.19..4135.84 rows=1057 width=121)
	        Sort Key: c
	        ->  Bitmap Heap Scan on sbtest5  (cost=27.27..4080.10 rows=1057 width=121)
	              Recheck Cond: ((id >= 7846808) AND (id <= 7847807))
	              ->  Bitmap Index Scan on sbtest5_pkey  (cost=0.00..27.00 rows=1057 width=0)
	                    Index Cond: ((id >= 7846808) AND (id <= 7847807))

table 6 : explain SELECT DISTINCT c FROM sbtest6 WHERE id BETWEEN 4968315 AND 4969314 ORDER BY c
	Unique  (cost=4521.07..4526.87 rows=1160 width=121)
	  ->  Sort  (cost=4521.07..4523.97 rows=1160 width=121)
	        Sort Key: c
	        ->  Bitmap Heap Scan on sbtest6  (cost=28.32..4462.03 rows=1160 width=121)
	              Recheck Cond: ((id >= 4968315) AND (id <= 4969314))
	              ->  Bitmap Index Scan on sbtest6_pkey  (cost=0.00..28.04 rows=1160 width=0)
	                    Index Cond: ((id >= 4968315) AND (id <= 4969314))

table 7 : explain SELECT DISTINCT c FROM sbtest7 WHERE id BETWEEN 1675585 AND 1676584 ORDER BY c
	Unique  (cost=4227.70..4233.11 rows=1082 width=121)
	  ->  Sort  (cost=4227.70..4230.40 rows=1082 width=121)
	        Sort Key: c
	        ->  Bitmap Heap Scan on sbtest7  (cost=27.53..4173.17 rows=1082 width=121)
	              Recheck Cond: ((id >= 1675585) AND (id <= 1676584))
	              ->  Bitmap Index Scan on sbtest7_pkey  (cost=0.00..27.25 rows=1082 width=0)
	                    Index Cond: ((id >= 1675585) AND (id <= 1676584))

table 8 : explain SELECT DISTINCT c FROM sbtest8 WHERE id BETWEEN 3489993 AND 3490992 ORDER BY c
	Unique  (cost=4029.39..4034.55 rows=1031 width=121)
	  ->  Sort  (cost=4029.39..4031.97 rows=1031 width=121)
	        Sort Key: c
	        ->  Bitmap Heap Scan on sbtest8  (cost=23.00..3977.79 rows=1031 width=121)
	              Recheck Cond: ((id >= 3489993) AND (id <= 3490992))
	              ->  Bitmap Index Scan on sbtest8_pkey  (cost=0.00..22.75 rows=1031 width=0)
	                    Index Cond: ((id >= 3489993) AND (id <= 3490992))

for: order_ranges
table 1 : explain SELECT c FROM sbtest1 WHERE id BETWEEN 1665544 AND 1666543 ORDER BY c
	Sort  (cost=3891.39..3893.87 rows=995 width=121)
	  Sort Key: c
	  ->  Bitmap Heap Scan on sbtest1  (cost=22.63..3841.84 rows=995 width=121)
	        Recheck Cond: ((id >= 1665544) AND (id <= 1666543))
	        ->  Bitmap Index Scan on sbtest1_pkey  (cost=0.00..22.39 rows=995 width=0)
	              Index Cond: ((id >= 1665544) AND (id <= 1666543))

table 2 : explain SELECT c FROM sbtest2 WHERE id BETWEEN 820073 AND 821072 ORDER BY c
	Sort  (cost=3991.71..3994.26 rows=1021 width=121)
	  Sort Key: c
	  ->  Bitmap Heap Scan on sbtest2  (cost=22.90..3940.68 rows=1021 width=121)
	        Recheck Cond: ((id >= 820073) AND (id <= 821072))
	        ->  Bitmap Index Scan on sbtest2_pkey  (cost=0.00..22.64 rows=1021 width=0)
	              Index Cond: ((id >= 820073) AND (id <= 821072))

table 3 : explain SELECT c FROM sbtest3 WHERE id BETWEEN 9122079 AND 9123078 ORDER BY c
	Sort  (cost=3484.73..3486.95 rows=889 width=121)
	  Sort Key: c
	  ->  Bitmap Heap Scan on sbtest3  (cost=21.55..3441.19 rows=889 width=121)
	        Recheck Cond: ((id >= 9122079) AND (id <= 9123078))
	        ->  Bitmap Index Scan on sbtest3_pkey  (cost=0.00..21.32 rows=889 width=0)
	              Index Cond: ((id >= 9122079) AND (id <= 9123078))

table 4 : explain SELECT c FROM sbtest4 WHERE id BETWEEN 4617291 AND 4618290 ORDER BY c
	Sort  (cost=3765.11..3767.52 rows=962 width=121)
	  Sort Key: c
	  ->  Bitmap Heap Scan on sbtest4  (cost=22.30..3717.44 rows=962 width=121)
	        Recheck Cond: ((id >= 4617291) AND (id <= 4618290))
	        ->  Bitmap Index Scan on sbtest4_pkey  (cost=0.00..22.05 rows=962 width=0)
	              Index Cond: ((id >= 4617291) AND (id <= 4618290))

table 5 : explain SELECT c FROM sbtest5 WHERE id BETWEEN 9408743 AND 9409742 ORDER BY c
	Sort  (cost=3796.65..3799.08 rows=970 width=121)
	  Sort Key: c
	  ->  Bitmap Heap Scan on sbtest5  (cost=22.38..3748.53 rows=970 width=121)
	        Recheck Cond: ((id >= 9408743) AND (id <= 9409742))
	        ->  Bitmap Index Scan on sbtest5_pkey  (cost=0.00..22.14 rows=970 width=0)
	              Index Cond: ((id >= 9408743) AND (id <= 9409742))

table 6 : explain SELECT c FROM sbtest6 WHERE id BETWEEN 3927333 AND 3928332 ORDER BY c
	Sort  (cost=4246.80..4249.52 rows=1087 width=121)
	  Sort Key: c
	  ->  Bitmap Heap Scan on sbtest6  (cost=27.58..4191.98 rows=1087 width=121)
	        Recheck Cond: ((id >= 3927333) AND (id <= 3928332))
	        ->  Bitmap Index Scan on sbtest6_pkey  (cost=0.00..27.30 rows=1087 width=0)
	              Index Cond: ((id >= 3927333) AND (id <= 3928332))

table 7 : explain SELECT c FROM sbtest7 WHERE id BETWEEN 3982020 AND 3983019 ORDER BY c
	Sort  (cost=3987.07..3989.62 rows=1020 width=121)
	  Sort Key: c
	  ->  Bitmap Heap Scan on sbtest7  (cost=22.89..3936.10 rows=1020 width=121)
	        Recheck Cond: ((id >= 3982020) AND (id <= 3983019))
	        ->  Bitmap Index Scan on sbtest7_pkey  (cost=0.00..22.64 rows=1020 width=0)
	              Index Cond: ((id >= 3982020) AND (id <= 3983019))

table 8 : explain SELECT c FROM sbtest8 WHERE id BETWEEN 7165258 AND 7166257 ORDER BY c
	Sort  (cost=3972.09..3974.63 rows=1016 width=121)
	  Sort Key: c
	  ->  Bitmap Heap Scan on sbtest8  (cost=22.85..3921.35 rows=1016 width=121)
	        Recheck Cond: ((id >= 7165258) AND (id <= 7166257))
	        ->  Bitmap Index Scan on sbtest8_pkey  (cost=0.00..22.59 rows=1016 width=0)
	              Index Cond: ((id >= 7165258) AND (id <= 7166257))

for: order_ranges
table 1 : explain SELECT c FROM sbtest1 WHERE id BETWEEN 9229075 AND 9230074 ORDER BY c
	Sort  (cost=4021.30..4023.87 rows=1029 width=121)
	  Sort Key: c
	  ->  Bitmap Heap Scan on sbtest1  (cost=22.98..3969.82 rows=1029 width=121)
	        Recheck Cond: ((id >= 9229075) AND (id <= 9230074))
	        ->  Bitmap Index Scan on sbtest1_pkey  (cost=0.00..22.72 rows=1029 width=0)
	              Index Cond: ((id >= 9229075) AND (id <= 9230074))

table 2 : explain SELECT c FROM sbtest2 WHERE id BETWEEN 3174762 AND 3175761 ORDER BY c
	Sort  (cost=3945.84..3948.36 rows=1009 width=121)
	  Sort Key: c
	  ->  Bitmap Heap Scan on sbtest2  (cost=22.78..3895.50 rows=1009 width=121)
	        Recheck Cond: ((id >= 3174762) AND (id <= 3175761))
	        ->  Bitmap Index Scan on sbtest2_pkey  (cost=0.00..22.52 rows=1009 width=0)
	              Index Cond: ((id >= 3174762) AND (id <= 3175761))

table 3 : explain SELECT c FROM sbtest3 WHERE id BETWEEN 9989970 AND 9990969 ORDER BY c
	Sort  (cost=3775.84..3778.26 rows=965 width=121)
	  Sort Key: c
	  ->  Bitmap Heap Scan on sbtest3  (cost=22.33..3728.01 rows=965 width=121)
	        Recheck Cond: ((id >= 9989970) AND (id <= 9990969))
	        ->  Bitmap Index Scan on sbtest3_pkey  (cost=0.00..22.08 rows=965 width=0)
	              Index Cond: ((id >= 9989970) AND (id <= 9990969))

table 4 : explain SELECT c FROM sbtest4 WHERE id BETWEEN 5786489 AND 5787488 ORDER BY c
	Sort  (cost=3914.28..3916.78 rows=1001 width=121)
	  Sort Key: c
	  ->  Bitmap Heap Scan on sbtest4  (cost=22.70..3864.39 rows=1001 width=121)
	        Recheck Cond: ((id >= 5786489) AND (id <= 5787488))
	        ->  Bitmap Index Scan on sbtest4_pkey  (cost=0.00..22.44 rows=1001 width=0)
	              Index Cond: ((id >= 5786489) AND (id <= 5787488))

table 5 : explain SELECT c FROM sbtest5 WHERE id BETWEEN 2574286 AND 2575285 ORDER BY c
	Sort  (cost=3585.95..3588.24 rows=915 width=121)
	  Sort Key: c
	  ->  Bitmap Heap Scan on sbtest5  (cost=21.81..3540.94 rows=915 width=121)
	        Recheck Cond: ((id >= 2574286) AND (id <= 2575285))
	        ->  Bitmap Index Scan on sbtest5_pkey  (cost=0.00..21.58 rows=915 width=0)
	              Index Cond: ((id >= 2574286) AND (id <= 2575285))

table 6 : explain SELECT c FROM sbtest6 WHERE id BETWEEN 7652457 AND 7653456 ORDER BY c
	Sort  (cost=3811.24..3813.68 rows=974 width=121)
	  Sort Key: c
	  ->  Bitmap Heap Scan on sbtest6  (cost=22.42..3762.90 rows=974 width=121)
	        Recheck Cond: ((id >= 7652457) AND (id <= 7653456))
	        ->  Bitmap Index Scan on sbtest6_pkey  (cost=0.00..22.18 rows=974 width=0)
	              Index Cond: ((id >= 7652457) AND (id <= 7653456))

table 7 : explain SELECT c FROM sbtest7 WHERE id BETWEEN 447108 AND 448107 ORDER BY c
	Sort  (cost=3925.93..3928.44 rows=1004 width=121)
	  Sort Key: c
	  ->  Bitmap Heap Scan on sbtest7  (cost=22.73..3875.87 rows=1004 width=121)
	        Recheck Cond: ((id >= 447108) AND (id <= 448107))
	        ->  Bitmap Index Scan on sbtest7_pkey  (cost=0.00..22.47 rows=1004 width=0)
	              Index Cond: ((id >= 447108) AND (id <= 448107))

table 8 : explain SELECT c FROM sbtest8 WHERE id BETWEEN 507589 AND 508588 ORDER BY c
	Sort  (cost=3899.46..3901.96 rows=997 width=121)
	  Sort Key: c
	  ->  Bitmap Heap Scan on sbtest8  (cost=22.65..3849.81 rows=997 width=121)
	        Recheck Cond: ((id >= 507589) AND (id <= 508588))
	        ->  Bitmap Index Scan on sbtest8_pkey  (cost=0.00..22.40 rows=997 width=0)
	              Index Cond: ((id >= 507589) AND (id <= 508588))

for: sum_ranges
table 1 : explain SELECT SUM(k) FROM sbtest1 WHERE id BETWEEN 2652449 AND 2653448
	Aggregate  (cost=3723.67..3723.68 rows=1 width=8)
	  ->  Bitmap Heap Scan on sbtest1  (cost=22.31..3721.26 rows=963 width=4)
	        Recheck Cond: ((id >= 2652449) AND (id <= 2653448))
	        ->  Bitmap Index Scan on sbtest1_pkey  (cost=0.00..22.07 rows=963 width=0)
	              Index Cond: ((id >= 2652449) AND (id <= 2653448))

table 2 : explain SELECT SUM(k) FROM sbtest2 WHERE id BETWEEN 8996777 AND 8997776
	Aggregate  (cost=3747.19..3747.20 rows=1 width=8)
	  ->  Bitmap Heap Scan on sbtest2  (cost=22.37..3744.77 rows=969 width=4)
	        Recheck Cond: ((id >= 8996777) AND (id <= 8997776))
	        ->  Bitmap Index Scan on sbtest2_pkey  (cost=0.00..22.12 rows=969 width=0)
	              Index Cond: ((id >= 8996777) AND (id <= 8997776))

table 3 : explain SELECT SUM(k) FROM sbtest3 WHERE id BETWEEN 4603361 AND 4604360
	Aggregate  (cost=3851.03..3851.04 rows=1 width=8)
	  ->  Bitmap Heap Scan on sbtest3  (cost=22.65..3848.54 rows=997 width=4)
	        Recheck Cond: ((id >= 4603361) AND (id <= 4604360))
	        ->  Bitmap Index Scan on sbtest3_pkey  (cost=0.00..22.40 rows=997 width=0)
	              Index Cond: ((id >= 4603361) AND (id <= 4604360))

table 4 : explain SELECT SUM(k) FROM sbtest4 WHERE id BETWEEN 7897064 AND 7898063
	Aggregate  (cost=3716.08..3716.09 rows=1 width=8)
	  ->  Bitmap Heap Scan on sbtest4  (cost=22.29..3713.67 rows=961 width=4)
	        Recheck Cond: ((id >= 7897064) AND (id <= 7898063))
	        ->  Bitmap Index Scan on sbtest4_pkey  (cost=0.00..22.04 rows=961 width=0)
	              Index Cond: ((id >= 7897064) AND (id <= 7898063))

table 5 : explain SELECT SUM(k) FROM sbtest5 WHERE id BETWEEN 2764561 AND 2765560
	Aggregate  (cost=3788.69..3788.70 rows=1 width=8)
	  ->  Bitmap Heap Scan on sbtest5  (cost=22.48..3786.24 rows=980 width=4)
	        Recheck Cond: ((id >= 2764561) AND (id <= 2765560))
	        ->  Bitmap Index Scan on sbtest5_pkey  (cost=0.00..22.23 rows=980 width=0)
	              Index Cond: ((id >= 2764561) AND (id <= 2765560))

table 6 : explain SELECT SUM(k) FROM sbtest6 WHERE id BETWEEN 8093624 AND 8094623
	Aggregate  (cost=3587.92..3587.93 rows=1 width=8)
	  ->  Bitmap Heap Scan on sbtest6  (cost=21.94..3585.60 rows=927 width=4)
	        Recheck Cond: ((id >= 8093624) AND (id <= 8094623))
	        ->  Bitmap Index Scan on sbtest6_pkey  (cost=0.00..21.70 rows=927 width=0)
	              Index Cond: ((id >= 8093624) AND (id <= 8094623))

table 7 : explain SELECT SUM(k) FROM sbtest7 WHERE id BETWEEN 9857895 AND 9858894
	Aggregate  (cost=3516.08..3516.09 rows=1 width=8)
	  ->  Bitmap Heap Scan on sbtest7  (cost=21.74..3513.81 rows=908 width=4)
	        Recheck Cond: ((id >= 9857895) AND (id <= 9858894))
	        ->  Bitmap Index Scan on sbtest7_pkey  (cost=0.00..21.51 rows=908 width=0)
	              Index Cond: ((id >= 9857895) AND (id <= 9858894))

table 8 : explain SELECT SUM(k) FROM sbtest8 WHERE id BETWEEN 9101323 AND 9102322
	Aggregate  (cost=3705.21..3705.22 rows=1 width=8)
	  ->  Bitmap Heap Scan on sbtest8  (cost=22.25..3702.81 rows=958 width=4)
	        Recheck Cond: ((id >= 9101323) AND (id <= 9102322))
	        ->  Bitmap Index Scan on sbtest8_pkey  (cost=0.00..22.01 rows=958 width=0)
	              Index Cond: ((id >= 9101323) AND (id <= 9102322))

for: distinct_ranges
table 1 : explain SELECT DISTINCT c FROM sbtest1 WHERE id BETWEEN 75631 AND 76630 ORDER BY c
	Unique  (cost=3631.13..3635.76 rows=927 width=121)
	  ->  Sort  (cost=3631.13..3633.44 rows=927 width=121)
	        Sort Key: c
	        ->  Bitmap Heap Scan on sbtest1  (cost=21.94..3585.44 rows=927 width=121)
	              Recheck Cond: ((id >= 75631) AND (id <= 76630))
	              ->  Bitmap Index Scan on sbtest1_pkey  (cost=0.00..21.70 rows=927 width=0)
	                    Index Cond: ((id >= 75631) AND (id <= 76630))

table 2 : explain SELECT DISTINCT c FROM sbtest2 WHERE id BETWEEN 303369 AND 304368 ORDER BY c
	Unique  (cost=3624.29..3628.91 rows=925 width=121)
	  ->  Sort  (cost=3624.29..3626.60 rows=925 width=121)
	        Sort Key: c
	        ->  Bitmap Heap Scan on sbtest2  (cost=21.92..3578.72 rows=925 width=121)
	              Recheck Cond: ((id >= 303369) AND (id <= 304368))
	              ->  Bitmap Index Scan on sbtest2_pkey  (cost=0.00..21.68 rows=925 width=0)
	                    Index Cond: ((id >= 303369) AND (id <= 304368))

table 3 : explain SELECT DISTINCT c FROM sbtest3 WHERE id BETWEEN 4546173 AND 4547172 ORDER BY c
	Unique  (cost=4054.78..4059.97 rows=1038 width=121)
	  ->  Sort  (cost=4054.78..4057.38 rows=1038 width=121)
	        Sort Key: c
	        ->  Bitmap Heap Scan on sbtest3  (cost=23.07..4002.78 rows=1038 width=121)
	              Recheck Cond: ((id >= 4546173) AND (id <= 4547172))
	              ->  Bitmap Index Scan on sbtest3_pkey  (cost=0.00..22.82 rows=1038 width=0)
	                    Index Cond: ((id >= 4546173) AND (id <= 4547172))

table 4 : explain SELECT DISTINCT c FROM sbtest4 WHERE id BETWEEN 6531810 AND 6532809 ORDER BY c
	Unique  (cost=4307.61..4313.13 rows=1104 width=121)
	  ->  Sort  (cost=4307.61..4310.37 rows=1104 width=121)
	        Sort Key: c
	        ->  Bitmap Heap Scan on sbtest4  (cost=27.75..4251.81 rows=1104 width=121)
	              Recheck Cond: ((id >= 6531810) AND (id <= 6532809))
	              ->  Bitmap Index Scan on sbtest4_pkey  (cost=0.00..27.47 rows=1104 width=0)
	                    Index Cond: ((id >= 6531810) AND (id <= 6532809))

table 5 : explain SELECT DISTINCT c FROM sbtest5 WHERE id BETWEEN 4148679 AND 4149678 ORDER BY c
	Unique  (cost=3965.13..3970.19 rows=1013 width=121)
	  ->  Sort  (cost=3965.13..3967.66 rows=1013 width=121)
	        Sort Key: c
	        ->  Bitmap Heap Scan on sbtest5  (cost=26.82..3914.56 rows=1013 width=121)
	              Recheck Cond: ((id >= 4148679) AND (id <= 4149678))
	              ->  Bitmap Index Scan on sbtest5_pkey  (cost=0.00..26.57 rows=1013 width=0)
	                    Index Cond: ((id >= 4148679) AND (id <= 4149678))

table 6 : explain SELECT DISTINCT c FROM sbtest6 WHERE id BETWEEN 4229909 AND 4230908 ORDER BY c
	Unique  (cost=4185.79..4191.15 rows=1071 width=121)
	  ->  Sort  (cost=4185.79..4188.47 rows=1071 width=121)
	        Sort Key: c
	        ->  Bitmap Heap Scan on sbtest6  (cost=27.41..4131.89 rows=1071 width=121)
	              Recheck Cond: ((id >= 4229909) AND (id <= 4230908))
	              ->  Bitmap Index Scan on sbtest6_pkey  (cost=0.00..27.14 rows=1071 width=0)
	                    Index Cond: ((id >= 4229909) AND (id <= 4230908))

table 7 : explain SELECT DISTINCT c FROM sbtest7 WHERE id BETWEEN 5958949 AND 5959948 ORDER BY c
	Unique  (cost=3895.35..3900.33 rows=996 width=121)
	  ->  Sort  (cost=3895.35..3897.84 rows=996 width=121)
	        Sort Key: c
	        ->  Bitmap Heap Scan on sbtest7  (cost=22.64..3845.75 rows=996 width=121)
	              Recheck Cond: ((id >= 5958949) AND (id <= 5959948))
	              ->  Bitmap Index Scan on sbtest7_pkey  (cost=0.00..22.39 rows=996 width=0)
	                    Index Cond: ((id >= 5958949) AND (id <= 5959948))

table 8 : explain SELECT DISTINCT c FROM sbtest8 WHERE id BETWEEN 2022482 AND 2023481 ORDER BY c
	Unique  (cost=4159.18..4164.51 rows=1065 width=121)
	  ->  Sort  (cost=4159.18..4161.85 rows=1065 width=121)
	        Sort Key: c
	        ->  Bitmap Heap Scan on sbtest8  (cost=23.35..4105.63 rows=1065 width=121)
	              Recheck Cond: ((id >= 2022482) AND (id <= 2023481))
	              ->  Bitmap Index Scan on sbtest8_pkey  (cost=0.00..23.08 rows=1065 width=0)
	                    Index Cond: ((id >= 2022482) AND (id <= 2023481))

for: distinct_ranges
table 1 : explain SELECT DISTINCT c FROM sbtest1 WHERE id BETWEEN 1614035 AND 1615034 ORDER BY c
	Unique  (cost=3891.39..3896.36 rows=995 width=121)
	  ->  Sort  (cost=3891.39..3893.87 rows=995 width=121)
	        Sort Key: c
	        ->  Bitmap Heap Scan on sbtest1  (cost=22.63..3841.84 rows=995 width=121)
	              Recheck Cond: ((id >= 1614035) AND (id <= 1615034))
	              ->  Bitmap Index Scan on sbtest1_pkey  (cost=0.00..22.39 rows=995 width=0)
	                    Index Cond: ((id >= 1614035) AND (id <= 1615034))

table 2 : explain SELECT DISTINCT c FROM sbtest2 WHERE id BETWEEN 9087922 AND 9088921 ORDER BY c
	Unique  (cost=3842.58..3847.49 rows=982 width=121)
	  ->  Sort  (cost=3842.58..3845.03 rows=982 width=121)
	        Sort Key: c
	        ->  Bitmap Heap Scan on sbtest2  (cost=22.50..3793.78 rows=982 width=121)
	              Recheck Cond: ((id >= 9087922) AND (id <= 9088921))
	              ->  Bitmap Index Scan on sbtest2_pkey  (cost=0.00..22.25 rows=982 width=0)
	                    Index Cond: ((id >= 9087922) AND (id <= 9088921))

table 3 : explain SELECT DISTINCT c FROM sbtest3 WHERE id BETWEEN 3303577 AND 3304576 ORDER BY c
	Unique  (cost=4249.27..4254.72 rows=1089 width=121)
	  ->  Sort  (cost=4249.27..4252.00 rows=1089 width=121)
	        Sort Key: c
	        ->  Bitmap Heap Scan on sbtest3  (cost=23.60..4194.34 rows=1089 width=121)
	              Recheck Cond: ((id >= 3303577) AND (id <= 3304576))
	              ->  Bitmap Index Scan on sbtest3_pkey  (cost=0.00..23.32 rows=1089 width=0)
	                    Index Cond: ((id >= 3303577) AND (id <= 3304576))

table 4 : explain SELECT DISTINCT c FROM sbtest4 WHERE id BETWEEN 7400608 AND 7401607 ORDER BY c
	Unique  (cost=4040.35..4045.52 rows=1034 width=121)
	  ->  Sort  (cost=4040.35..4042.93 rows=1034 width=121)
	        Sort Key: c
	        ->  Bitmap Heap Scan on sbtest4  (cost=23.03..3988.57 rows=1034 width=121)
	              Recheck Cond: ((id >= 7400608) AND (id <= 7401607))
	              ->  Bitmap Index Scan on sbtest4_pkey  (cost=0.00..22.77 rows=1034 width=0)
	                    Index Cond: ((id >= 7400608) AND (id <= 7401607))

table 5 : explain SELECT DISTINCT c FROM sbtest5 WHERE id BETWEEN 3806470 AND 3807469 ORDER BY c
	Unique  (cost=3980.42..3985.50 rows=1017 width=121)
	  ->  Sort  (cost=3980.42..3982.96 rows=1017 width=121)
	        Sort Key: c
	        ->  Bitmap Heap Scan on sbtest5  (cost=26.86..3929.62 rows=1017 width=121)
	              Recheck Cond: ((id >= 3806470) AND (id <= 3807469))
	              ->  Bitmap Index Scan on sbtest5_pkey  (cost=0.00..26.61 rows=1017 width=0)
	                    Index Cond: ((id >= 3806470) AND (id <= 3807469))

table 6 : explain SELECT DISTINCT c FROM sbtest6 WHERE id BETWEEN 6024201 AND 6025200 ORDER BY c
	Unique  (cost=3891.56..3896.54 rows=995 width=121)
	  ->  Sort  (cost=3891.56..3894.05 rows=995 width=121)
	        Sort Key: c
	        ->  Bitmap Heap Scan on sbtest6  (cost=22.63..3842.02 rows=995 width=121)
	              Recheck Cond: ((id >= 6024201) AND (id <= 6025200))
	              ->  Bitmap Index Scan on sbtest6_pkey  (cost=0.00..22.39 rows=995 width=0)
	                    Index Cond: ((id >= 6024201) AND (id <= 6025200))

table 7 : explain SELECT DISTINCT c FROM sbtest7 WHERE id BETWEEN 6308775 AND 6309774 ORDER BY c
	Unique  (cost=3807.38..3812.25 rows=973 width=121)
	  ->  Sort  (cost=3807.38..3809.81 rows=973 width=121)
	        Sort Key: c
	        ->  Bitmap Heap Scan on sbtest7  (cost=22.41..3759.09 rows=973 width=121)
	              Recheck Cond: ((id >= 6308775) AND (id <= 6309774))
	              ->  Bitmap Index Scan on sbtest7_pkey  (cost=0.00..22.16 rows=973 width=0)
	                    Index Cond: ((id >= 6308775) AND (id <= 6309774))

table 8 : explain SELECT DISTINCT c FROM sbtest8 WHERE id BETWEEN 5654479 AND 5655478 ORDER BY c
	Unique  (cost=3861.22..3866.16 rows=987 width=121)
	  ->  Sort  (cost=3861.22..3863.69 rows=987 width=121)
	        Sort Key: c
	        ->  Bitmap Heap Scan on sbtest8  (cost=22.55..3812.13 rows=987 width=121)
	              Recheck Cond: ((id >= 5654479) AND (id <= 5655478))
	              ->  Bitmap Index Scan on sbtest8_pkey  (cost=0.00..22.30 rows=987 width=0)
	                    Index Cond: ((id >= 5654479) AND (id <= 5655478))

for: order_ranges
table 1 : explain SELECT c FROM sbtest1 WHERE id BETWEEN 4097351 AND 4098350 ORDER BY c
	Sort  (cost=3937.26..3939.77 rows=1007 width=121)
	  Sort Key: c
	  ->  Bitmap Heap Scan on sbtest1  (cost=22.76..3887.03 rows=1007 width=121)
	        Recheck Cond: ((id >= 4097351) AND (id <= 4098350))
	        ->  Bitmap Index Scan on sbtest1_pkey  (cost=0.00..22.50 rows=1007 width=0)
	              Index Cond: ((id >= 4097351) AND (id <= 4098350))

table 2 : explain SELECT c FROM sbtest2 WHERE id BETWEEN 8780240 AND 8781239 ORDER BY c
	Sort  (cost=4175.18..4177.85 rows=1068 width=121)
	  Sort Key: c
	  ->  Bitmap Heap Scan on sbtest2  (cost=27.38..4121.45 rows=1068 width=121)
	        Recheck Cond: ((id >= 8780240) AND (id <= 8781239))
	        ->  Bitmap Index Scan on sbtest2_pkey  (cost=0.00..27.11 rows=1068 width=0)
	              Index Cond: ((id >= 8780240) AND (id <= 8781239))

table 3 : explain SELECT c FROM sbtest3 WHERE id BETWEEN 7736119 AND 7737118 ORDER BY c
	Sort  (cost=3553.75..3556.01 rows=907 width=121)
	  Sort Key: c
	  ->  Bitmap Heap Scan on sbtest3  (cost=21.73..3509.19 rows=907 width=121)
	        Recheck Cond: ((id >= 7736119) AND (id <= 7737118))
	        ->  Bitmap Index Scan on sbtest3_pkey  (cost=0.00..21.50 rows=907 width=0)
	              Index Cond: ((id >= 7736119) AND (id <= 7737118))

table 4 : explain SELECT c FROM sbtest4 WHERE id BETWEEN 3198557 AND 3199556 ORDER BY c
	Sort  (cost=3397.12..3399.28 rows=866 width=121)
	  Sort Key: c
	  ->  Bitmap Heap Scan on sbtest4  (cost=21.31..3354.87 rows=866 width=121)
	        Recheck Cond: ((id >= 3198557) AND (id <= 3199556))
	        ->  Bitmap Index Scan on sbtest4_pkey  (cost=0.00..21.09 rows=866 width=0)
	              Index Cond: ((id >= 3198557) AND (id <= 3199556))

table 5 : explain SELECT c FROM sbtest5 WHERE id BETWEEN 5811465 AND 5812464 ORDER BY c
	Sort  (cost=3873.18..3875.66 rows=990 width=121)
	  Sort Key: c
	  ->  Bitmap Heap Scan on sbtest5  (cost=22.58..3823.92 rows=990 width=121)
	        Recheck Cond: ((id >= 5811465) AND (id <= 5812464))
	        ->  Bitmap Index Scan on sbtest5_pkey  (cost=0.00..22.33 rows=990 width=0)
	              Index Cond: ((id >= 5811465) AND (id <= 5812464))

table 6 : explain SELECT c FROM sbtest6 WHERE id BETWEEN 7524563 AND 7525562 ORDER BY c
	Sort  (cost=4124.56..4127.20 rows=1056 width=121)
	  Sort Key: c
	  ->  Bitmap Heap Scan on sbtest6  (cost=23.26..4071.53 rows=1056 width=121)
	        Recheck Cond: ((id >= 7524563) AND (id <= 7525562))
	        ->  Bitmap Index Scan on sbtest6_pkey  (cost=0.00..23.00 rows=1056 width=0)
	              Index Cond: ((id >= 7524563) AND (id <= 7525562))

table 7 : explain SELECT c FROM sbtest7 WHERE id BETWEEN 2751696 AND 2752695 ORDER BY c
	Sort  (cost=4052.00..4054.59 rows=1037 width=121)
	  Sort Key: c
	  ->  Bitmap Heap Scan on sbtest7  (cost=23.06..4000.05 rows=1037 width=121)
	        Recheck Cond: ((id >= 2751696) AND (id <= 2752695))
	        ->  Bitmap Index Scan on sbtest7_pkey  (cost=0.00..22.80 rows=1037 width=0)
	              Index Cond: ((id >= 2751696) AND (id <= 2752695))

table 8 : explain SELECT c FROM sbtest8 WHERE id BETWEEN 6279317 AND 6280316 ORDER BY c
	Sort  (cost=4136.29..4138.94 rows=1059 width=121)
	  Sort Key: c
	  ->  Bitmap Heap Scan on sbtest8  (cost=23.29..4083.08 rows=1059 width=121)
	        Recheck Cond: ((id >= 6279317) AND (id <= 6280316))
	        ->  Bitmap Index Scan on sbtest8_pkey  (cost=0.00..23.02 rows=1059 width=0)
	              Index Cond: ((id >= 6279317) AND (id <= 6280316))

for: distinct_ranges
table 1 : explain SELECT DISTINCT c FROM sbtest1 WHERE id BETWEEN 6006459 AND 6007458 ORDER BY c
	Unique  (cost=3688.59..3693.30 rows=942 width=121)
	  ->  Sort  (cost=3688.59..3690.94 rows=942 width=121)
	        Sort Key: c
	        ->  Bitmap Heap Scan on sbtest1  (cost=22.09..3642.05 rows=942 width=121)
	              Recheck Cond: ((id >= 6006459) AND (id <= 6007458))
	              ->  Bitmap Index Scan on sbtest1_pkey  (cost=0.00..21.86 rows=942 width=0)
	                    Index Cond: ((id >= 6006459) AND (id <= 6007458))

table 2 : explain SELECT DISTINCT c FROM sbtest2 WHERE id BETWEEN 299774 AND 300773 ORDER BY c
	Unique  (cost=3624.29..3628.91 rows=925 width=121)
	  ->  Sort  (cost=3624.29..3626.60 rows=925 width=121)
	        Sort Key: c
	        ->  Bitmap Heap Scan on sbtest2  (cost=21.92..3578.72 rows=925 width=121)
	              Recheck Cond: ((id >= 299774) AND (id <= 300773))
	              ->  Bitmap Index Scan on sbtest2_pkey  (cost=0.00..21.68 rows=925 width=0)
	                    Index Cond: ((id >= 299774) AND (id <= 300773))

table 3 : explain SELECT DISTINCT c FROM sbtest3 WHERE id BETWEEN 7472187 AND 7473186 ORDER BY c
	Unique  (cost=3515.41..3519.89 rows=897 width=121)
	  ->  Sort  (cost=3515.41..3517.65 rows=897 width=121)
	        Sort Key: c
	        ->  Bitmap Heap Scan on sbtest3  (cost=21.63..3471.42 rows=897 width=121)
	              Recheck Cond: ((id >= 7472187) AND (id <= 7473186))
	              ->  Bitmap Index Scan on sbtest3_pkey  (cost=0.00..21.40 rows=897 width=0)
	                    Index Cond: ((id >= 7472187) AND (id <= 7473186))

table 4 : explain SELECT DISTINCT c FROM sbtest4 WHERE id BETWEEN 874540 AND 875539 ORDER BY c
	Unique  (cost=3772.77..3777.59 rows=964 width=121)
	  ->  Sort  (cost=3772.77..3775.18 rows=964 width=121)
	        Sort Key: c
	        ->  Bitmap Heap Scan on sbtest4  (cost=22.32..3724.99 rows=964 width=121)
	              Recheck Cond: ((id >= 874540) AND (id <= 875539))
	              ->  Bitmap Index Scan on sbtest4_pkey  (cost=0.00..22.07 rows=964 width=0)
	                    Index Cond: ((id >= 874540) AND (id <= 875539))

table 5 : explain SELECT DISTINCT c FROM sbtest5 WHERE id BETWEEN 8133405 AND 8134404 ORDER BY c
	Unique  (cost=3930.72..3935.74 rows=1004 width=121)
	  ->  Sort  (cost=3930.72..3933.23 rows=1004 width=121)
	        Sort Key: c
	        ->  Bitmap Heap Scan on sbtest5  (cost=26.73..3880.66 rows=1004 width=121)
	              Recheck Cond: ((id >= 8133405) AND (id <= 8134404))
	              ->  Bitmap Index Scan on sbtest5_pkey  (cost=0.00..26.47 rows=1004 width=0)
	                    Index Cond: ((id >= 8133405) AND (id <= 8134404))

table 6 : explain SELECT DISTINCT c FROM sbtest6 WHERE id BETWEEN 3477471 AND 3478470 ORDER BY c
	Unique  (cost=3948.90..3953.95 rows=1010 width=121)
	  ->  Sort  (cost=3948.90..3951.43 rows=1010 width=121)
	        Sort Key: c
	        ->  Bitmap Heap Scan on sbtest6  (cost=22.79..3898.50 rows=1010 width=121)
	              Recheck Cond: ((id >= 3477471) AND (id <= 3478470))
	              ->  Bitmap Index Scan on sbtest6_pkey  (cost=0.00..22.54 rows=1010 width=0)
	                    Index Cond: ((id >= 3477471) AND (id <= 3478470))

table 7 : explain SELECT DISTINCT c FROM sbtest7 WHERE id BETWEEN 2413130 AND 2414129 ORDER BY c
	Unique  (cost=3447.17..3451.57 rows=879 width=121)
	  ->  Sort  (cost=3447.17..3449.37 rows=879 width=121)
	        Sort Key: c
	        ->  Bitmap Heap Scan on sbtest7  (cost=21.44..3404.19 rows=879 width=121)
	              Recheck Cond: ((id >= 2413130) AND (id <= 2414129))
	              ->  Bitmap Index Scan on sbtest7_pkey  (cost=0.00..21.22 rows=879 width=0)
	                    Index Cond: ((id >= 2413130) AND (id <= 2414129))

table 8 : explain SELECT DISTINCT c FROM sbtest8 WHERE id BETWEEN 7389520 AND 7390519 ORDER BY c
	Unique  (cost=3861.22..3866.16 rows=987 width=121)
	  ->  Sort  (cost=3861.22..3863.69 rows=987 width=121)
	        Sort Key: c
	        ->  Bitmap Heap Scan on sbtest8  (cost=22.55..3812.13 rows=987 width=121)
	              Recheck Cond: ((id >= 7389520) AND (id <= 7390519))
	              ->  Bitmap Index Scan on sbtest8_pkey  (cost=0.00..22.30 rows=987 width=0)
	                    Index Cond: ((id >= 7389520) AND (id <= 7390519))

Threads started!

Warming up for 5 seconds...

SQL statistics:
    queries performed:
        read:                            90942268
        write:                           0
        other:                           16534980
        total:                           107477248
    transactions:                        8267510 (13122.89 per sec.)
    queries:                             107477248 (170596.92 per sec.)
    ignored errors:                      0      (0.00 per sec.)
    reconnects:                          0      (0.00 per sec.)

Throughput:
    events/s (eps):                      13122.8865
    time elapsed:                        630.0072s
    total number of events:              8267510

Latency (ms):
         min:                                    0.52
         avg:                                    3.05
         max:                                   15.42
         95th percentile:                        3.19
         sum:                             25190770.65

Threads fairness:
    events (avg/stddev):           206687.4500/848.90
    execution time (avg/stddev):   629.7693/0.00

